core   0: 0x00001000 (0x00000297) auipc   t0, 0x0
core   0: 3 0x00001000 (0x00000297) x 5 0x00001000
core   0: 0x00001004 (0x02028593) addi    a1, t0, 32
core   0: 3 0x00001004 (0x02028593) x11 0x00001020
core   0: 0x00001008 (0xf1402573) csrr    a0, mhartid
core   0: 3 0x00001008 (0xf1402573) x10 0x00000000
core   0: 0x0000100c (0x0182a283) lw      t0, 24(t0)
core   0: 3 0x0000100c (0x0182a283) x 5 0x80000000 mem 0x00001018
core   0: 0x00001010 (0x00028067) jr      t0
core   0: 3 0x00001010 (0x00028067)
core   0: 0x80000000 (0xf14022f3) csrr    t0, mhartid
core   0: 3 0x80000000 (0xf14022f3) x 5 0x00000000
core   0: 0x80000004 (0x00000313) li      t1, 0
core   0: 3 0x80000004 (0x00000313) x 6 0x00000000
core   0: 0x80000008 (0x00628263) beq     t0, t1, pc + 4
core   0: 3 0x80000008 (0x00628263)
core   0: 0x8000000c (0x00000617) auipc   a2, 0x0
core   0: 3 0x8000000c (0x00000617) x12 0x8000000c
core   0: 0x80000010 (0x00c60613) addi    a2, a2, 12
core   0: 3 0x80000010 (0x00c60613) x12 0x80000018
core   0: 0x80000014 (0x00060067) jr      a2
core   0: 3 0x80000014 (0x00060067)
core   0: 0x80000018 (0x40000fb7) lui     t6, 0x40000
core   0: 3 0x80000018 (0x40000fb7) x31 0x40000000
core   0: 0x8000001c (0x100f8f93) addi    t6, t6, 256
core   0: 3 0x8000001c (0x100f8f93) x31 0x40000100
core   0: 0x80000020 (0x301f9073) csrw    misa, t6
core   0: 3 0x80000020 (0x301f9073) c769_misa 0x40140100
core   0: 0x80000024 (0x00016a97) auipc   s5, 0x16
core   0: 3 0x80000024 (0x00016a97) x21 0x80016024
core   0: 0x80000028 (0xcc0a8a93) addi    s5, s5, -832
core   0: 3 0x80000028 (0xcc0a8a93) x21 0x80015ce4
core   0: 0x8000002c (0x0000cf97) auipc   t6, 0xc
core   0: 3 0x8000002c (0x0000cf97) x31 0x8000c02c
core   0: 0x80000030 (0xcf4f8f93) addi    t6, t6, -780
core   0: 3 0x80000030 (0xcf4f8f93) x31 0x8000bd20
core   0: 0x80000034 (0x001fef93) ori     t6, t6, 1
core   0: 3 0x80000034 (0x001fef93) x31 0x8000bd21
core   0: 0x80000038 (0x305f9073) csrw    mtvec, t6
core   0: 3 0x80000038 (0x305f9073) c773_mtvec 0x8000bd21
core   0: 0x8000003c (0x00000f97) auipc   t6, 0x0
core   0: 3 0x8000003c (0x00000f97) x31 0x8000003c
core   0: 0x80000040 (0x028f8f93) addi    t6, t6, 40
core   0: 3 0x80000040 (0x028f8f93) x31 0x80000064
core   0: 0x80000044 (0x341f9073) csrw    mepc, t6
core   0: 3 0x80000044 (0x341f9073) c833_mepc 0x80000064
core   0: 0x80000048 (0x00000013) nop
core   0: 3 0x80000048 (0x00000013)
core   0: 0x8000004c (0x00002fb7) lui     t6, 0x2
core   0: 3 0x8000004c (0x00002fb7) x31 0x00002000
core   0: 0x80000050 (0x800f8f93) addi    t6, t6, -2048
core   0: 3 0x80000050 (0x800f8f93) x31 0x00001800
core   0: 0x80000054 (0x300f9073) csrw    mstatus, t6
core   0: 3 0x80000054 (0x300f9073) c768_mstatus 0x00001800
core   0: 0x80000058 (0x00000f93) li      t6, 0
core   0: 3 0x80000058 (0x00000f93) x31 0x00000000
core   0: 0x8000005c (0x304f9073) csrw    mie, t6
core   0: 3 0x8000005c (0x304f9073) c772_mie 0x00000000
core   0: 0x80000060 (0x30200073) mret
core   0: 3 0x80000060 (0x30200073) c768_mstatus 0x00000080
core   0: >>>>  init
core   0: 0x80000064 (0x00300013) li      zero, 3
core   0: 3 0x80000064 (0x00300013)
core   0: 0x80000068 (0x00700093) li      ra, 7
core   0: 3 0x80000068 (0x00700093) x 1 0x00000007
core   0: 0x8000006c (0x80000137) lui     sp, 0x80000
core   0: 3 0x8000006c (0x80000137) x 2 0x80000000
core   0: 0x80000070 (0x00e00193) li      gp, 14
core   0: 3 0x80000070 (0x00e00193) x 3 0x0000000e
core   0: 0x80000074 (0x00000213) li      tp, 0
core   0: 3 0x80000074 (0x00000213) x 4 0x00000000
core   0: 0x80000078 (0x800002b7) lui     t0, 0x80000
core   0: 3 0x80000078 (0x800002b7) x 5 0x80000000
core   0: 0x8000007c (0x00e00313) li      t1, 14
core   0: 3 0x8000007c (0x00e00313) x 6 0x0000000e
core   0: 0x80000080 (0x800003b7) lui     t2, 0x80000
core   0: 3 0x80000080 (0x800003b7) x 7 0x80000000
core   0: 0x80000084 (0x80000437) lui     s0, 0x80000
core   0: 3 0x80000084 (0x80000437) x 8 0x80000000
core   0: 0x80000088 (0x800004b7) lui     s1, 0x80000
core   0: 3 0x80000088 (0x800004b7) x 9 0x80000000
core   0: 0x8000008c (0x00000513) li      a0, 0
core   0: 3 0x8000008c (0x00000513) x10 0x00000000
core   0: 0x80000090 (0x800005b7) lui     a1, 0x80000
core   0: 3 0x80000090 (0x800005b7) x11 0x80000000
core   0: 0x80000094 (0xef027637) lui     a2, 0xef027
core   0: 3 0x80000094 (0xef027637) x12 0xef027000
core   0: 0x80000098 (0xaee60613) addi    a2, a2, -1298
core   0: 3 0x80000098 (0xaee60613) x12 0xef026aee
core   0: 0x8000009c (0x00000693) li      a3, 0
core   0: 3 0x8000009c (0x00000693) x13 0x00000000
core   0: 0x800000a0 (0xe5804737) lui     a4, 0xe5804
core   0: 3 0x800000a0 (0xe5804737) x14 0xe5804000
core   0: 0x800000a4 (0x2db70713) addi    a4, a4, 731
core   0: 3 0x800000a4 (0x2db70713) x14 0xe58042db
core   0: 0x800000a8 (0x800007b7) lui     a5, 0x80000
core   0: 3 0x800000a8 (0x800007b7) x15 0x80000000
core   0: 0x800000ac (0x00300813) li      a6, 3
core   0: 3 0x800000ac (0x00300813) x16 0x00000003
core   0: 0x800000b0 (0xe7e238b7) lui     a7, 0xe7e23
core   0: 3 0x800000b0 (0xe7e238b7) x17 0xe7e23000
core   0: 0x800000b4 (0xedf88893) addi    a7, a7, -289
core   0: 3 0x800000b4 (0xedf88893) x17 0xe7e22edf
core   0: 0x800000b8 (0x80000937) lui     s2, 0x80000
core   0: 3 0x800000b8 (0x80000937) x18 0x80000000
core   0: 0x800000bc (0x00000993) li      s3, 0
core   0: 3 0x800000bc (0x00000993) x19 0x00000000
core   0: 0x800000c0 (0x80000b37) lui     s6, 0x80000
core   0: 3 0x800000c0 (0x80000b37) x22 0x80000000
core   0: 0x800000c4 (0xd1eebbb7) lui     s7, 0xd1eeb
core   0: 3 0x800000c4 (0xd1eebbb7) x23 0xd1eeb000
core   0: 0x800000c8 (0xab3b8b93) addi    s7, s7, -1357
core   0: 3 0x800000c8 (0xab3b8b93) x23 0xd1eeaab3
core   0: 0x800000cc (0xfc9c9c37) lui     s8, 0xfc9c9
core   0: 3 0x800000cc (0xfc9c9c37) x24 0xfc9c9000
core   0: 0x800000d0 (0x4d9c0c13) addi    s8, s8, 1241
core   0: 3 0x800000d0 (0x4d9c0c13) x24 0xfc9c94d9
core   0: 0x800000d4 (0x80000cb7) lui     s9, 0x80000
core   0: 3 0x800000d4 (0x80000cb7) x25 0x80000000
core   0: 0x800000d8 (0x80000d37) lui     s10, 0x80000
core   0: 3 0x800000d8 (0x80000d37) x26 0x80000000
core   0: 0x800000dc (0x00d00d93) li      s11, 13
core   0: 3 0x800000dc (0x00d00d93) x27 0x0000000d
core   0: 0x800000e0 (0x00000e13) li      t3, 0
core   0: 3 0x800000e0 (0x00000e13) x28 0x00000000
core   0: 0x800000e4 (0x00000e93) li      t4, 0
core   0: 3 0x800000e4 (0x00000e93) x29 0x00000000
core   0: 0x800000e8 (0xf4129f37) lui     t5, 0xf4129
core   0: 3 0x800000e8 (0xf4129f37) x30 0xf4129000
core   0: 0x800000ec (0xc28f0f13) addi    t5, t5, -984
core   0: 3 0x800000ec (0xc28f0f13) x30 0xf4128c28
core   0: 0x800000f0 (0x0f795fb7) lui     t6, 0xf795
core   0: 3 0x800000f0 (0x0f795fb7) x31 0x0f795000
core   0: 0x800000f4 (0x31ef8f93) addi    t6, t6, 798
core   0: 3 0x800000f4 (0x31ef8f93) x31 0x0f79531e
core   0: 0x800000f8 (0x00012a17) auipc   s4, 0x12
core   0: 3 0x800000f8 (0x00012a17) x20 0x800120f8
core   0: 0x800000fc (0xd6ca0a13) addi    s4, s4, -660
core   0: 3 0x800000fc (0xd6ca0a13) x20 0x80011e64
core   0: 0x80000100 (0x1db97737) lui     a4, 0x1db97
core   0: 3 0x80000100 (0x1db97737) x14 0x1db97000
core   0: 0x80000104 (0xedb70713) addi    a4, a4, -293
core   0: 3 0x80000104 (0xedb70713) x14 0x1db96edb
core   0: 0x80000108 (0xa8c8a3b7) lui     t2, 0xa8c8a
core   0: 3 0x80000108 (0xa8c8a3b7) x 7 0xa8c8a000
core   0: 0x8000010c (0x3f938393) addi    t2, t2, 1017
core   0: 3 0x8000010c (0x3f938393) x 7 0xa8c8a3f9
core   0: 0x80000110 (0x00000813) li      a6, 0
core   0: 3 0x80000110 (0x00000813) x16 0x00000000
core   0: 0x80000114 (0x80000937) lui     s2, 0x80000
core   0: 3 0x80000114 (0x80000937) x18 0x80000000
core   0: 0x80000118 (0xfff00313) li      t1, -1
core   0: 3 0x80000118 (0xfff00313) x 6 0xffffffff
core   0: 0x8000011c (0x00000593) li      a1, 0
core   0: 3 0x8000011c (0x00000593) x11 0x00000000
core   0: 0x80000120 (0x80000c37) lui     s8, 0x80000
core   0: 3 0x80000120 (0x80000c37) x24 0x80000000
core   0: 0x80000124 (0xfff00b13) li      s6, -1
core   0: 3 0x80000124 (0xfff00b13) x22 0xffffffff
core   0: 0x80000128 (0x00000993) li      s3, 0
core   0: 3 0x80000128 (0x00000993) x19 0x00000000
core   0: 0x8000012c (0x00000793) li      a5, 0
core   0: 3 0x8000012c (0x00000793) x15 0x00000000
core   0: 0x80000130 (0x8fdb6c37) lui     s8, 0x8fdb6
core   0: 3 0x80000130 (0x8fdb6c37) x24 0x8fdb6000
core   0: 0x80000134 (0x884c7797) auipc   a5, 0x884c7
core   0: 3 0x80000134 (0x884c7797) x15 0x084c7134
core   0: 0x80000138 (0xb1278c13) addi    s8, a5, -1262
core   0: 3 0x80000138 (0xb1278c13) x24 0x084c6c46
core   0: 0x8000013c (0x00485737) lui     a4, 0x485
core   0: 3 0x8000013c (0x00485737) x14 0x00485000
core   0: 0x80000140 (0x01898c33) add     s8, s3, s8
core   0: 3 0x80000140 (0x01898c33) x24 0x084c6c46
core   0: 0x80000144 (0x00000013) nop
core   0: 3 0x80000144 (0x00000013)
core   0: 0x80000148 (0xcd580b13) addi    s6, a6, -811
core   0: 3 0x80000148 (0xcd580b13) x22 0xfffffcd5
core   0: 0x8000014c (0x60d1b717) auipc   a4, 0x60d1b
core   0: 3 0x8000014c (0x60d1b717) x14 0xe0d1b14c
core   0: 0x80000150 (0xd0a78c13) addi    s8, a5, -758
core   0: 3 0x80000150 (0xd0a78c13) x24 0x084c6e3e
core   0: 0x80000154 (0x40778733) sub     a4, a5, t2
core   0: 3 0x80000154 (0x40778733) x14 0x5f83cd3b
core   0: 0x80000158 (0x00670833) add     a6, a4, t1
core   0: 3 0x80000158 (0x00670833) x16 0x5f83cd3a
core   0: 0x8000015c (0x83990713) addi    a4, s2, -1991
core   0: 3 0x8000015c (0x83990713) x14 0x7ffff839
core   0: 0x80000160 (0x0fe10b37) lui     s6, 0xfe10
core   0: 3 0x80000160 (0x0fe10b37) x22 0x0fe10000
core   0: 0x80000164 (0x00000013) nop
core   0: 3 0x80000164 (0x00000013)
core   0: 0x80000168 (0x41678c33) sub     s8, a5, s6
core   0: 3 0x80000168 (0x41678c33) x24 0xf86b7134
core   0: 0x8000016c (0x9bac49b7) lui     s3, 0x9bac4
core   0: 3 0x8000016c (0x9bac49b7) x19 0x9bac4000
core   0: 0x80000170 (0xc493b7b7) lui     a5, 0xc493b
core   0: 3 0x80000170 (0xc493b7b7) x15 0xc493b000
core   0: 0x80000174 (0xc4b11917) auipc   s2, 0xc4b11
core   0: 3 0x80000174 (0xc4b11917) x18 0x44b11174
core   0: 0x80000178 (0x0d6ad817) auipc   a6, 0xd6ad
core   0: 3 0x80000178 (0x0d6ad817) x16 0x8d6ad178
core   0: 0x8000017c (0x007c0833) add     a6, s8, t2
core   0: 3 0x8000017c (0x007c0833) x16 0xa134152d
core   0: 0x80000180 (0x57680713) addi    a4, a6, 1398
core   0: 3 0x80000180 (0x57680713) x14 0xa1341aa3
core   0: 0x80000184 (0xa8562317) auipc   t1, 0xa8562
core   0: 3 0x80000184 (0xa8562317) x 6 0x28562184
core   0: 0x80000188 (0x74c38793) addi    a5, t2, 1868
core   0: 3 0x80000188 (0x74c38793) x15 0xa8c8ab45
core   0: 0x8000018c (0xfff00693) li      a3, -1
core   0: 3 0x8000018c (0xfff00693) x13 0xffffffff
core   0: 0x80000190 (0x00000813) li      a6, 0
core   0: 3 0x80000190 (0x00000813) x16 0x00000000
core   0: 0x80000194 (0xc090aeb7) lui     t4, 0xc090a
core   0: 3 0x80000194 (0xc090aeb7) x29 0xc090a000
core   0: 0x80000198 (0x8dbe8e93) addi    t4, t4, -1829
core   0: 3 0x80000198 (0x8dbe8e93) x29 0xc09098db
core   0: 0x8000019c (0xfff00293) li      t0, -1
core   0: 3 0x8000019c (0xfff00293) x 5 0xffffffff
core   0: 0x800001a0 (0x00000093) li      ra, 0
core   0: 3 0x800001a0 (0x00000093) x 1 0x00000000
core   0: 0x800001a4 (0xfff00d13) li      s10, -1
core   0: 3 0x800001a4 (0xfff00d13) x26 0xffffffff
core   0: 0x800001a8 (0xfff00913) li      s2, -1
core   0: 3 0x800001a8 (0xfff00913) x18 0xffffffff
core   0: 0x800001ac (0xfff00713) li      a4, -1
core   0: 3 0x800001ac (0xfff00713) x14 0xffffffff
core   0: 0x800001b0 (0xfff00f13) li      t5, -1
core   0: 3 0x800001b0 (0xfff00f13) x30 0xffffffff
core   0: 0x800001b4 (0x00000593) li      a1, 0
core   0: 3 0x800001b4 (0x00000593) x11 0x00000000
core   0: 0x800001b8 (0x88a08693) addi    a3, ra, -1910
core   0: 3 0x800001b8 (0x88a08693) x13 0xfffff88a
core   0: 0x800001bc (0xf9690e93) addi    t4, s2, -106
core   0: 3 0x800001bc (0xf9690e93) x29 0xffffff95
core   0: 0x800001c0 (0xa445d817) auipc   a6, 0xa445d
core   0: 3 0x800001c0 (0xa445d817) x16 0x2445d1c0
core   0: 0x800001c4 (0x00108833) add     a6, ra, ra
core   0: 3 0x800001c4 (0x00108833) x16 0x00000000
core   0: 0x800001c8 (0x00e90d33) add     s10, s2, a4
core   0: 3 0x800001c8 (0x00e90d33) x26 0xfffffffe
core   0: 0x800001cc (0x41e900b3) sub     ra, s2, t5
core   0: 3 0x800001cc (0x41e900b3) x 1 0x00000000
core   0: 0x800001d0 (0xddc70713) addi    a4, a4, -548
core   0: 3 0x800001d0 (0xddc70713) x14 0xfffffddb
core   0: 0x800001d4 (0x005805b3) add     a1, a6, t0
core   0: 3 0x800001d4 (0x005805b3) x11 0xffffffff
core   0: 0x800001d8 (0xf9fa10b7) lui     ra, 0xf9fa1
core   0: 3 0x800001d8 (0xf9fa10b7) x 1 0xf9fa1000
core   0: 0x800001dc (0x147d52b7) lui     t0, 0x147d5
core   0: 3 0x800001dc (0x147d52b7) x 5 0x147d5000
core   0: 0x800001e0 (0x00570833) add     a6, a4, t0
core   0: 3 0x800001e0 (0x00570833) x16 0x147d4ddb
core   0: 0x800001e4 (0x401706b3) sub     a3, a4, ra
core   0: 3 0x800001e4 (0x401706b3) x13 0x0605eddb
core   0: 0x800001e8 (0x00000013) nop
core   0: 3 0x800001e8 (0x00000013)
core   0: 0x800001ec (0x00000013) nop
core   0: 3 0x800001ec (0x00000013)
core   0: 0x800001f0 (0xbfe02297) auipc   t0, 0xbfe02
core   0: 3 0x800001f0 (0xbfe02297) x 5 0x3fe021f0
core   0: 0x800001f4 (0x41a58d33) sub     s10, a1, s10
core   0: 3 0x800001f4 (0x41a58d33) x26 0x00000001
core   0: 0x800001f8 (0x00000013) nop
core   0: 3 0x800001f8 (0x00000013)
core   0: 0x800001fc (0x41a70733) sub     a4, a4, s10
core   0: 3 0x800001fc (0x41a70733) x14 0xfffffdda
core   0: 0x80000200 (0x41e586b3) sub     a3, a1, t5
core   0: 3 0x80000200 (0x41e586b3) x13 0x00000000
core   0: 0x80000204 (0x00000013) nop
core   0: 3 0x80000204 (0x00000013)
core   0: 0x80000208 (0xc58a70b7) lui     ra, 0xc58a7
core   0: 3 0x80000208 (0xc58a70b7) x 1 0xc58a7000
core   0: 0x8000020c (0x5998ff37) lui     t5, 0x5998f
core   0: 3 0x8000020c (0x5998ff37) x30 0x5998f000
core   0: 0x80000210 (0xa0f48c37) lui     s8, 0xa0f48
core   0: 3 0x80000210 (0xa0f48c37) x24 0xa0f48000
core   0: 0x80000214 (0x509c0c13) addi    s8, s8, 1289
core   0: 3 0x80000214 (0x509c0c13) x24 0xa0f48509
core   0: 0x80000218 (0x00000693) li      a3, 0
core   0: 3 0x80000218 (0x00000693) x13 0x00000000
core   0: 0x8000021c (0x00000113) li      sp, 0
core   0: 3 0x8000021c (0x00000113) x 2 0x00000000
core   0: 0x80000220 (0xfff00193) li      gp, -1
core   0: 3 0x80000220 (0xfff00193) x 3 0xffffffff
core   0: 0x80000224 (0x3d63c0b7) lui     ra, 0x3d63c
core   0: 3 0x80000224 (0x3d63c0b7) x 1 0x3d63c000
core   0: 0x80000228 (0x4e208093) addi    ra, ra, 1250
core   0: 3 0x80000228 (0x4e208093) x 1 0x3d63c4e2
core   0: 0x8000022c (0x80000237) lui     tp, 0x80000
core   0: 3 0x8000022c (0x80000237) x 4 0x80000000
core   0: 0x80000230 (0xfff00d13) li      s10, -1
core   0: 3 0x80000230 (0xfff00d13) x26 0xffffffff
core   0: 0x80000234 (0x80000e37) lui     t3, 0x80000
core   0: 3 0x80000234 (0x80000e37) x28 0x80000000
core   0: 0x80000238 (0x00000f93) li      t6, 0
core   0: 3 0x80000238 (0x00000f93) x31 0x00000000
core   0: 0x8000023c (0xfff00393) li      t2, -1
core   0: 3 0x8000023c (0xfff00393) x 7 0xffffffff
core   0: 0x80000240 (0x00000013) nop
core   0: 3 0x80000240 (0x00000013)
core   0: 0x80000244 (0x41838d33) sub     s10, t2, s8
core   0: 3 0x80000244 (0x41838d33) x26 0x5f0b7af6
core   0: 0x80000248 (0xa8a62fb7) lui     t6, 0xa8a62
core   0: 3 0x80000248 (0xa8a62fb7) x31 0xa8a62000
core   0: 0x8000024c (0xb771e097) auipc   ra, 0xb771e
core   0: 3 0x8000024c (0xb771e097) x 1 0x3771e24c
core   0: 0x80000250 (0xc82d0d13) addi    s10, s10, -894
core   0: 3 0x80000250 (0xc82d0d13) x26 0x5f0b7778
core   0: 0x80000254 (0xf6025137) lui     sp, 0xf6025
core   0: 3 0x80000254 (0xf6025137) x 2 0xf6025000
core   0: 0x80000258 (0x00000013) nop
core   0: 3 0x80000258 (0x00000013)
core   0: 0x8000025c (0xc27da097) auipc   ra, 0xc27da
core   0: 3 0x8000025c (0xc27da097) x 1 0x427da25c
core   0: 0x80000260 (0x00000013) nop
core   0: 3 0x80000260 (0x00000013)
core   0: 0x80000264 (0x64178117) auipc   sp, 0x64178
core   0: 3 0x80000264 (0x64178117) x 2 0xe4178264
core   0: 0x80000268 (0x01a38c33) add     s8, t2, s10
core   0: 3 0x80000268 (0x01a38c33) x24 0x5f0b7777
core   0: 0x8000026c (0xb16e0213) addi    tp, t3, -1258
core   0: 3 0x8000026c (0xb16e0213) x 4 0x7ffffb16
core   0: 0x80000270 (0x00000013) nop
core   0: 3 0x80000270 (0x00000013)
core   0: 0x80000274 (0x41fd0d33) sub     s10, s10, t6
core   0: 3 0x80000274 (0x41fd0d33) x26 0xb6655778
core   0: 0x80000278 (0x41cd0fb3) sub     t6, s10, t3
core   0: 3 0x80000278 (0x41cd0fb3) x31 0x36655778
core   0: 0x8000027c (0x00000013) nop
core   0: 3 0x8000027c (0x00000013)
core   0: 0x80000280 (0x00000013) nop
core   0: 3 0x80000280 (0x00000013)
core   0: 0x80000284 (0x402e0e33) sub     t3, t3, sp
core   0: 3 0x80000284 (0x402e0e33) x28 0x9be87d9c
core   0: 0x80000288 (0x00000013) nop
core   0: 3 0x80000288 (0x00000013)
core   0: 0x8000028c (0x41a08d33) sub     s10, ra, s10
core   0: 3 0x8000028c (0x41a08d33) x26 0x8c184ae4
core   0: 0x80000290 (0x407f8fb3) sub     t6, t6, t2
core   0: 3 0x80000290 (0x407f8fb3) x31 0x36655779
core   0: 0x80000294 (0x404f83b3) sub     t2, t6, tp
core   0: 3 0x80000294 (0x404f83b3) x 7 0xb6655c63
core   0: 0x80000298 (0xe8b480b7) lui     ra, 0xe8b48
core   0: 3 0x80000298 (0xe8b480b7) x 1 0xe8b48000
core   0: 0x8000029c (0x49bd4697) auipc   a3, 0x49bd4
core   0: 3 0x8000029c (0x49bd4697) x13 0xc9bd429c
core   0: 0x800002a0 (0x00000013) nop
core   0: 3 0x800002a0 (0x00000013)
core   0: 0x800002a4 (0x00000313) li      t1, 0
core   0: 3 0x800002a4 (0x00000313) x 6 0x00000000
core   0: 0x800002a8 (0x00000393) li      t2, 0
core   0: 3 0x800002a8 (0x00000393) x 7 0x00000000
core   0: 0x800002ac (0x80000db7) lui     s11, 0x80000
core   0: 3 0x800002ac (0x80000db7) x27 0x80000000
core   0: 0x800002b0 (0x00000813) li      a6, 0
core   0: 3 0x800002b0 (0x00000813) x16 0x00000000
core   0: 0x800002b4 (0x282c34b7) lui     s1, 0x282c3
core   0: 3 0x800002b4 (0x282c34b7) x 9 0x282c3000
core   0: 0x800002b8 (0xd0648493) addi    s1, s1, -762
core   0: 3 0x800002b8 (0xd0648493) x 9 0x282c2d06
core   0: 0x800002bc (0xfff00513) li      a0, -1
core   0: 3 0x800002bc (0xfff00513) x10 0xffffffff
core   0: 0x800002c0 (0xfff00293) li      t0, -1
core   0: 3 0x800002c0 (0xfff00293) x 5 0xffffffff
core   0: 0x800002c4 (0xfff00593) li      a1, -1
core   0: 3 0x800002c4 (0xfff00593) x11 0xffffffff
core   0: 0x800002c8 (0x80000c37) lui     s8, 0x80000
core   0: 3 0x800002c8 (0x80000c37) x24 0x80000000
core   0: 0x800002cc (0xfff00913) li      s2, -1
core   0: 3 0x800002cc (0xfff00913) x18 0xffffffff
core   0: 0x800002d0 (0x00000013) nop
core   0: 3 0x800002d0 (0x00000013)
core   0: 0x800002d4 (0x007c03b3) add     t2, s8, t2
core   0: 3 0x800002d4 (0x007c03b3) x 7 0x80000000
core   0: 0x800002d8 (0x40958c33) sub     s8, a1, s1
core   0: 3 0x800002d8 (0x40958c33) x24 0xd7d3d2f9
core   0: 0x800002dc (0x40528933) sub     s2, t0, t0
core   0: 3 0x800002dc (0x40528933) x18 0x00000000
core   0: 0x800002e0 (0x00000013) nop
core   0: 3 0x800002e0 (0x00000013)
core   0: 0x800002e4 (0x40a58933) sub     s2, a1, a0
core   0: 3 0x800002e4 (0x40a58933) x18 0x00000000
core   0: 0x800002e8 (0xfced8513) addi    a0, s11, -50
core   0: 3 0x800002e8 (0xfced8513) x10 0x7fffffce
core   0: 0x800002ec (0x2fef9497) auipc   s1, 0x2fef9
core   0: 3 0x800002ec (0x2fef9497) x 9 0xafef92ec
core   0: 0x800002f0 (0x405c0933) sub     s2, s8, t0
core   0: 3 0x800002f0 (0x405c0933) x18 0xd7d3d2fa
core   0: 0x800002f4 (0x585cfd97) auipc   s11, 0x585cf
core   0: 3 0x800002f4 (0x585cfd97) x27 0xd85cf2f4
core   0: 0x800002f8 (0xe4ff5d97) auipc   s11, 0xe4ff5
core   0: 3 0x800002f8 (0xe4ff5d97) x27 0x64ff52f8
core   0: 0x800002fc (0xe6bc2497) auipc   s1, 0xe6bc2
core   0: 3 0x800002fc (0xe6bc2497) x 9 0x66bc22fc
core   0: 0x80000300 (0x41850533) sub     a0, a0, s8
core   0: 3 0x80000300 (0x41850533) x10 0xa82c2cd5
core   0: 0x80000304 (0x00000013) nop
core   0: 3 0x80000304 (0x00000013)
core   0: 0x80000308 (0x407802b3) sub     t0, a6, t2
core   0: 3 0x80000308 (0x407802b3) x 5 0x80000000
core   0: 0x8000030c (0x010483b3) add     t2, s1, a6
core   0: 3 0x8000030c (0x010483b3) x 7 0x66bc22fc
core   0: 0x80000310 (0x412d8c33) sub     s8, s11, s2
core   0: 3 0x80000310 (0x412d8c33) x24 0x8d2b7ffe
core   0: 0x80000314 (0x007c0c33) add     s8, s8, t2
core   0: 3 0x80000314 (0x007c0c33) x24 0xf3e7a2fa
core   0: 0x80000318 (0xf0730393) addi    t2, t1, -249
core   0: 3 0x80000318 (0xf0730393) x 7 0xffffff07
core   0: 0x8000031c (0x00000013) nop
core   0: 3 0x8000031c (0x00000013)
core   0: 0x80000320 (0xd78cbdb7) lui     s11, 0xd78cb
core   0: 3 0x80000320 (0xd78cbdb7) x27 0xd78cb000
core   0: 0x80000324 (0xcd212537) lui     a0, 0xcd212
core   0: 3 0x80000324 (0xcd212537) x10 0xcd212000
core   0: 0x80000328 (0x00000013) nop
core   0: 3 0x80000328 (0x00000013)
core   0: 0x8000032c (0x6dac0813) addi    a6, s8, 1754
core   0: 3 0x8000032c (0x6dac0813) x16 0xf3e7a9d4
core   0: 0x80000330 (0x00000013) nop
core   0: 3 0x80000330 (0x00000013)
core   0: 0x80000334 (0x00000013) nop
core   0: 3 0x80000334 (0x00000013)
core   0: 0x80000338 (0x75680d93) addi    s11, a6, 1878
core   0: 3 0x80000338 (0x75680d93) x27 0xf3e7b12a
core   0: 0x8000033c (0xb8980593) addi    a1, a6, -1143
core   0: 3 0x8000033c (0xb8980593) x11 0xf3e7a55d
core   0: 0x80000340 (0x40bc0833) sub     a6, s8, a1
core   0: 3 0x80000340 (0x40bc0833) x16 0xfffffd9d
core   0: 0x80000344 (0x01028333) add     t1, t0, a6
core   0: 3 0x80000344 (0x01028333) x 6 0x7ffffd9d
core   0: 0x80000348 (0x00000293) li      t0, 0
core   0: 3 0x80000348 (0x00000293) x 5 0x00000000
core   0: 0x8000034c (0xfff00793) li      a5, -1
core   0: 3 0x8000034c (0xfff00793) x15 0xffffffff
core   0: 0x80000350 (0xfff00593) li      a1, -1
core   0: 3 0x80000350 (0xfff00593) x11 0xffffffff
core   0: 0x80000354 (0x00000b13) li      s6, 0
core   0: 3 0x80000354 (0x00000b13) x22 0x00000000
core   0: 0x80000358 (0xd757e9b7) lui     s3, 0xd757e
core   0: 3 0x80000358 (0xd757e9b7) x19 0xd757e000
core   0: 0x8000035c (0x53c98993) addi    s3, s3, 1340
core   0: 3 0x8000035c (0x53c98993) x19 0xd757e53c
core   0: 0x80000360 (0x80000db7) lui     s11, 0x80000
core   0: 3 0x80000360 (0x80000db7) x27 0x80000000
core   0: 0x80000364 (0xfff00313) li      t1, -1
core   0: 3 0x80000364 (0xfff00313) x 6 0xffffffff
core   0: 0x80000368 (0x80000cb7) lui     s9, 0x80000
core   0: 3 0x80000368 (0x80000cb7) x25 0x80000000
core   0: 0x8000036c (0xfff00713) li      a4, -1
core   0: 3 0x8000036c (0xfff00713) x14 0xffffffff
core   0: 0x80000370 (0x5417b937) lui     s2, 0x5417b
core   0: 3 0x80000370 (0x5417b937) x18 0x5417b000
core   0: 0x80000374 (0xe0490913) addi    s2, s2, -508
core   0: 3 0x80000374 (0xe0490913) x18 0x5417ae04
core   0: 0x80000378 (0x00000013) nop
core   0: 3 0x80000378 (0x00000013)
core   0: 0x8000037c (0x4975a937) lui     s2, 0x4975a
core   0: 3 0x8000037c (0x4975a937) x18 0x4975a000
core   0: 0x80000380 (0x00000013) nop
core   0: 3 0x80000380 (0x00000013)
core   0: 0x80000384 (0x40bc8933) sub     s2, s9, a1
core   0: 3 0x80000384 (0x40bc8933) x18 0x80000001
core   0: 0x80000388 (0x4fea4997) auipc   s3, 0x4fea4
core   0: 3 0x80000388 (0x4fea4997) x19 0xcfea4388
core   0: 0x8000038c (0xb5e30293) addi    t0, t1, -1186
core   0: 3 0x8000038c (0xb5e30293) x 5 0xfffffb5d
core   0: 0x80000390 (0x006702b3) add     t0, a4, t1
core   0: 3 0x80000390 (0x006702b3) x 5 0xfffffffe
core   0: 0x80000394 (0x00000013) nop
core   0: 3 0x80000394 (0x00000013)
core   0: 0x80000398 (0xfc7a1917) auipc   s2, 0xfc7a1
core   0: 3 0x80000398 (0xfc7a1917) x18 0x7c7a1398
core   0: 0x8000039c (0x8dbca297) auipc   t0, 0x8dbca
core   0: 3 0x8000039c (0x8dbca297) x 5 0x0dbca39c
core   0: 0x800003a0 (0x005987b3) add     a5, s3, t0
core   0: 3 0x800003a0 (0x005987b3) x15 0xdda6e724
core   0: 0x800003a4 (0x4dc6d597) auipc   a1, 0x4dc6d
core   0: 3 0x800003a4 (0x4dc6d597) x11 0xcdc6d3a4
core   0: 0x800003a8 (0x90478c93) addi    s9, a5, -1788
core   0: 3 0x800003a8 (0x90478c93) x25 0xdda6e028
core   0: 0x800003ac (0x3af78cb7) lui     s9, 0x3af78
core   0: 3 0x800003ac (0x3af78cb7) x25 0x3af78000
core   0: 0x800003b0 (0x00000013) nop
core   0: 3 0x800003b0 (0x00000013)
core   0: 0x800003b4 (0x5f81a737) lui     a4, 0x5f81a
core   0: 3 0x800003b4 (0x5f81a737) x14 0x5f81a000
core   0: 0x800003b8 (0xfb5e5b37) lui     s6, 0xfb5e5
core   0: 3 0x800003b8 (0xfb5e5b37) x22 0xfb5e5000
core   0: 0x800003bc (0x51930993) addi    s3, t1, 1305
core   0: 3 0x800003bc (0x51930993) x19 0x00000518
core   0: 0x800003c0 (0xbec70593) addi    a1, a4, -1044
core   0: 3 0x800003c0 (0xbec70593) x11 0x5f819bec
core   0: 0x800003c4 (0x012b0cb3) add     s9, s6, s2
core   0: 3 0x800003c4 (0x012b0cb3) x25 0x77d86398
core   0: 0x800003c8 (0x00000013) nop
core   0: 3 0x800003c8 (0x00000013)
core   0: 0x800003cc (0xee940db7) lui     s11, 0xee940
core   0: 3 0x800003cc (0xee940db7) x27 0xee940000
core   0: 0x800003d0 (0x40e702b3) sub     t0, a4, a4
core   0: 3 0x800003d0 (0x40e702b3) x 5 0x00000000
core   0: 0x800003d4 (0x00000e13) li      t3, 0
core   0: 3 0x800003d4 (0x00000e13) x28 0x00000000
core   0: 0x800003d8 (0x164893b7) lui     t2, 0x16489
core   0: 3 0x800003d8 (0x164893b7) x 7 0x16489000
core   0: 0x800003dc (0xb6d38393) addi    t2, t2, -1171
core   0: 3 0x800003dc (0xb6d38393) x 7 0x16488b6d
core   0: 0x800003e0 (0x00000113) li      sp, 0
core   0: 3 0x800003e0 (0x00000113) x 2 0x00000000
core   0: 0x800003e4 (0x00000d93) li      s11, 0
core   0: 3 0x800003e4 (0x00000d93) x27 0x00000000
core   0: 0x800003e8 (0x00000093) li      ra, 0
core   0: 3 0x800003e8 (0x00000093) x 1 0x00000000
core   0: 0x800003ec (0x00000993) li      s3, 0
core   0: 3 0x800003ec (0x00000993) x19 0x00000000
core   0: 0x800003f0 (0x800006b7) lui     a3, 0x80000
core   0: 3 0x800003f0 (0x800006b7) x13 0x80000000
core   0: 0x800003f4 (0x0b4098b7) lui     a7, 0xb409
core   0: 3 0x800003f4 (0x0b4098b7) x17 0x0b409000
core   0: 0x800003f8 (0xf5988893) addi    a7, a7, -167
core   0: 3 0x800003f8 (0xf5988893) x17 0x0b408f59
core   0: 0x800003fc (0xfff00213) li      tp, -1
core   0: 3 0x800003fc (0xfff00213) x 4 0xffffffff
core   0: 0x80000400 (0x00000813) li      a6, 0
core   0: 3 0x80000400 (0x00000813) x16 0x00000000
core   0: 0x80000404 (0x00000013) nop
core   0: 3 0x80000404 (0x00000013)
core   0: 0x80000408 (0x00000013) nop
core   0: 3 0x80000408 (0x00000013)
core   0: 0x8000040c (0x5e068213) addi    tp, a3, 1504
core   0: 3 0x8000040c (0x5e068213) x 4 0x800005e0
core   0: 0x80000410 (0x93498213) addi    tp, s3, -1740
core   0: 3 0x80000410 (0x93498213) x 4 0xfffff934
core   0: 0x80000414 (0x035c33b7) lui     t2, 0x35c3
core   0: 3 0x80000414 (0x035c33b7) x 7 0x035c3000
core   0: 0x80000418 (0x011386b3) add     a3, t2, a7
core   0: 3 0x80000418 (0x011386b3) x13 0x0e9cbf59
core   0: 0x8000041c (0xc554e097) auipc   ra, 0xc554e
core   0: 3 0x8000041c (0xc554e097) x 1 0x4554e41c
core   0: 0x80000420 (0x3da19817) auipc   a6, 0x3da19
core   0: 3 0x80000420 (0x3da19817) x16 0xbda19420
core   0: 0x80000424 (0x8ef88213) addi    tp, a7, -1809
core   0: 3 0x80000424 (0x8ef88213) x 4 0x0b408848
core   0: 0x80000428 (0x00000013) nop
core   0: 3 0x80000428 (0x00000013)
core   0: 0x8000042c (0x01cd80b3) add     ra, s11, t3
core   0: 3 0x8000042c (0x01cd80b3) x 1 0x00000000
core   0: 0x80000430 (0x00d103b3) add     t2, sp, a3
core   0: 3 0x80000430 (0x00d103b3) x 7 0x0e9cbf59
core   0: 0x80000434 (0x407e0133) sub     sp, t3, t2
core   0: 3 0x80000434 (0x407e0133) x 2 0xf16340a7
core   0: 0x80000438 (0x08cf7217) auipc   tp, 0x8cf7
core   0: 3 0x80000438 (0x08cf7217) x 4 0x88cf7438
core   0: 0x8000043c (0x06afe137) lui     sp, 0x6afe
core   0: 3 0x8000043c (0x06afe137) x 2 0x06afe000
core   0: 0x80000440 (0xb9f2ce37) lui     t3, 0xb9f2c
core   0: 3 0x80000440 (0xb9f2ce37) x28 0xb9f2c000
core   0: 0x80000444 (0x41080233) sub     tp, a6, a6
core   0: 3 0x80000444 (0x41080233) x 4 0x00000000
core   0: 0x80000448 (0x79e22117) auipc   sp, 0x79e22
core   0: 3 0x80000448 (0x79e22117) x 2 0xf9e22448
core   0: 0x8000044c (0x23338113) addi    sp, t2, 563
core   0: 3 0x8000044c (0x23338113) x 2 0x0e9cc18c
core   0: 0x80000450 (0x401889b3) sub     s3, a7, ra
core   0: 3 0x80000450 (0x401889b3) x19 0x0b408f59
core   0: 0x80000454 (0xe8867117) auipc   sp, 0xe8867
core   0: 3 0x80000454 (0xe8867117) x 2 0x68867454
core   0: 0x80000458 (0x00000013) nop
core   0: 3 0x80000458 (0x00000013)
core   0: 0x8000045c (0xe32d33b7) lui     t2, 0xe32d3
core   0: 3 0x8000045c (0xe32d33b7) x 7 0xe32d3000
core   0: 0x80000460 (0x90d38d93) addi    s11, t2, -1779
core   0: 3 0x80000460 (0x90d38d93) x27 0xe32d290d
core   0: 0x80000464 (0x00000013) nop
core   0: 3 0x80000464 (0x00000013)
core   0: 0x80000468 (0x00000693) li      a3, 0
core   0: 3 0x80000468 (0x00000693) x13 0x00000000
core   0: 0x8000046c (0x80000c37) lui     s8, 0x80000
core   0: 3 0x8000046c (0x80000c37) x24 0x80000000
core   0: 0x80000470 (0xc912e437) lui     s0, 0xc912e
core   0: 3 0x80000470 (0xc912e437) x 8 0xc912e000
core   0: 0x80000474 (0x23940413) addi    s0, s0, 569
core   0: 3 0x80000474 (0x23940413) x 8 0xc912e239
core   0: 0x80000478 (0x80000237) lui     tp, 0x80000
core   0: 3 0x80000478 (0x80000237) x 4 0x80000000
core   0: 0x8000047c (0xfff00513) li      a0, -1
core   0: 3 0x8000047c (0xfff00513) x10 0xffffffff
core   0: 0x80000480 (0xfff00793) li      a5, -1
core   0: 3 0x80000480 (0xfff00793) x15 0xffffffff
core   0: 0x80000484 (0xfff00e13) li      t3, -1
core   0: 3 0x80000484 (0xfff00e13) x28 0xffffffff
core   0: 0x80000488 (0x80000bb7) lui     s7, 0x80000
core   0: 3 0x80000488 (0x80000bb7) x23 0x80000000
core   0: 0x8000048c (0x24afcdb7) lui     s11, 0x24afc
core   0: 3 0x8000048c (0x24afcdb7) x27 0x24afc000
core   0: 0x80000490 (0xc81d8d93) addi    s11, s11, -895
core   0: 3 0x80000490 (0xc81d8d93) x27 0x24afbc81
core   0: 0x80000494 (0x00000913) li      s2, 0
core   0: 3 0x80000494 (0x00000913) x18 0x00000000
core   0: 0x80000498 (0xf880adb7) lui     s11, 0xf880a
core   0: 3 0x80000498 (0xf880adb7) x27 0xf880a000
core   0: 0x8000049c (0x3be90213) addi    tp, s2, 958
core   0: 3 0x8000049c (0x3be90213) x 4 0x000003be
core   0: 0x800004a0 (0x00a68533) add     a0, a3, a0
core   0: 3 0x800004a0 (0x00a68533) x10 0xffffffff
core   0: 0x800004a4 (0x00000013) nop
core   0: 3 0x800004a4 (0x00000013)
core   0: 0x800004a8 (0x01720c33) add     s8, tp, s7
core   0: 3 0x800004a8 (0x01720c33) x24 0x800003be
core   0: 0x800004ac (0xbac53437) lui     s0, 0xbac53
core   0: 3 0x800004ac (0xbac53437) x 8 0xbac53000
core   0: 0x800004b0 (0xb6568913) addi    s2, a3, -1179
core   0: 3 0x800004b0 (0xb6568913) x18 0xfffffb65
core   0: 0x800004b4 (0x00000013) nop
core   0: 3 0x800004b4 (0x00000013)
core   0: 0x800004b8 (0x46e40e13) addi    t3, s0, 1134
core   0: 3 0x800004b8 (0x46e40e13) x28 0xbac5346e
core   0: 0x800004bc (0xe89e67b7) lui     a5, 0xe89e6
core   0: 3 0x800004bc (0xe89e67b7) x15 0xe89e6000
core   0: 0x800004c0 (0x2e520d93) addi    s11, tp, 741
core   0: 3 0x800004c0 (0x2e520d93) x27 0x000006a3
core   0: 0x800004c4 (0x3106b217) auipc   tp, 0x3106b
core   0: 3 0x800004c4 (0x3106b217) x 4 0xb106b4c4
core   0: 0x800004c8 (0x853e1937) lui     s2, 0x853e1
core   0: 3 0x800004c8 (0x853e1937) x18 0x853e1000
core   0: 0x800004cc (0x3a250db7) lui     s11, 0x3a250
core   0: 3 0x800004cc (0x3a250db7) x27 0x3a250000
core   0: 0x800004d0 (0x37525217) auipc   tp, 0x37525
core   0: 3 0x800004d0 (0x37525217) x 4 0xb75254d0
core   0: 0x800004d4 (0x00000793) li      a5, 0
core   0: 3 0x800004d4 (0x00000793) x15 0x00000000
core   0: 0x800004d8 (0x00000d13) li      s10, 0
core   0: 3 0x800004d8 (0x00000d13) x26 0x00000000
core   0: 0x800004dc (0xfff00b93) li      s7, -1
core   0: 3 0x800004dc (0xfff00b93) x23 0xffffffff
core   0: 0x800004e0 (0x00000193) li      gp, 0
core   0: 3 0x800004e0 (0x00000193) x 3 0x00000000
core   0: 0x800004e4 (0x6ac815b7) lui     a1, 0x6ac81
core   0: 3 0x800004e4 (0x6ac815b7) x11 0x6ac81000
core   0: 0x800004e8 (0x5e158593) addi    a1, a1, 1505
core   0: 3 0x800004e8 (0x5e158593) x11 0x6ac815e1
core   0: 0x800004ec (0x00000413) li      s0, 0
core   0: 3 0x800004ec (0x00000413) x 8 0x00000000
core   0: 0x800004f0 (0x00000493) li      s1, 0
core   0: 3 0x800004f0 (0x00000493) x 9 0x00000000
core   0: 0x800004f4 (0x11dcb2b7) lui     t0, 0x11dcb
core   0: 3 0x800004f4 (0x11dcb2b7) x 5 0x11dcb000
core   0: 0x800004f8 (0xc4f28293) addi    t0, t0, -945
core   0: 3 0x800004f8 (0xc4f28293) x 5 0x11dcac4f
core   0: 0x800004fc (0x800000b7) lui     ra, 0x80000
core   0: 3 0x800004fc (0x800000b7) x 1 0x80000000
core   0: 0x80000500 (0x2c804137) lui     sp, 0x2c804
core   0: 3 0x80000500 (0x2c804137) x 2 0x2c804000
core   0: 0x80000504 (0x95d10113) addi    sp, sp, -1699
core   0: 3 0x80000504 (0x95d10113) x 2 0x2c80395d
core   0: 0x80000508 (0x40310593) addi    a1, sp, 1027
core   0: 3 0x80000508 (0x40310593) x11 0x2c803d60
core   0: 0x8000050c (0xfb8312b7) lui     t0, 0xfb831
core   0: 3 0x8000050c (0xfb8312b7) x 5 0xfb831000
core   0: 0x80000510 (0x403b8d33) sub     s10, s7, gp
core   0: 3 0x80000510 (0x403b8d33) x26 0xffffffff
core   0: 0x80000514 (0x00000013) nop
core   0: 3 0x80000514 (0x00000013)
core   0: 0x80000518 (0x00140bb3) add     s7, s0, ra
core   0: 3 0x80000518 (0x00140bb3) x23 0x80000000
core   0: 0x8000051c (0x1c878413) addi    s0, a5, 456
core   0: 3 0x8000051c (0x1c878413) x 8 0x000001c8
core   0: 0x80000520 (0x408d05b3) sub     a1, s10, s0
core   0: 3 0x80000520 (0x408d05b3) x11 0xfffffe37
core   0: 0x80000524 (0xc548eb97) auipc   s7, 0xc548e
core   0: 3 0x80000524 (0xc548eb97) x23 0x4548e524
core   0: 0x80000528 (0x00000013) nop
core   0: 3 0x80000528 (0x00000013)
core   0: 0x8000052c (0x5ac48113) addi    sp, s1, 1452
core   0: 3 0x8000052c (0x5ac48113) x 2 0x000005ac
core   0: 0x80000530 (0x00000013) nop
core   0: 3 0x80000530 (0x00000013)
core   0: 0x80000534 (0x28c40413) addi    s0, s0, 652
core   0: 3 0x80000534 (0x28c40413) x 8 0x00000454
core   0: 0x80000538 (0x756e5437) lui     s0, 0x756e5
core   0: 3 0x80000538 (0x756e5437) x 8 0x756e5000
core   0: 0x8000053c (0x40f407b3) sub     a5, s0, a5
core   0: 3 0x8000053c (0x40f407b3) x15 0x756e5000
core   0: 0x80000540 (0x181507b7) lui     a5, 0x18150
core   0: 3 0x80000540 (0x181507b7) x15 0x18150000
core   0: 0x80000544 (0x1c464bb7) lui     s7, 0x1c464
core   0: 3 0x80000544 (0x1c464bb7) x23 0x1c464000
core   0: 0x80000548 (0x00000013) nop
core   0: 3 0x80000548 (0x00000013)
core   0: 0x8000054c (0x01718bb3) add     s7, gp, s7
core   0: 3 0x8000054c (0x01718bb3) x23 0x1c464000
core   0: 0x80000550 (0x5b0d0793) addi    a5, s10, 1456
core   0: 3 0x80000550 (0x5b0d0793) x15 0x000005af
core   0: 0x80000554 (0x40210bb3) sub     s7, sp, sp
core   0: 3 0x80000554 (0x40210bb3) x23 0x00000000
core   0: 0x80000558 (0xca214437) lui     s0, 0xca214
core   0: 3 0x80000558 (0xca214437) x 8 0xca214000
core   0: 0x8000055c (0x08c45d17) auipc   s10, 0x8c45
core   0: 3 0x8000055c (0x08c45d17) x26 0x88c4555c
core   0: 0x80000560 (0xea3b8597) auipc   a1, 0xea3b8
core   0: 3 0x80000560 (0xea3b8597) x11 0x6a3b8560
core   0: 0x80000564 (0x41a28bb3) sub     s7, t0, s10
core   0: 3 0x80000564 (0x41a28bb3) x23 0x72bebaa4
core   0: 0x80000568 (0x001b8bb3) add     s7, s7, ra
core   0: 3 0x80000568 (0x001b8bb3) x23 0xf2bebaa4
core   0: 0x8000056c (0xe4918193) addi    gp, gp, -439
core   0: 3 0x8000056c (0xe4918193) x 3 0xfffffe49
core   0: 0x80000570 (0x8fbcf2b7) lui     t0, 0x8fbcf
core   0: 3 0x80000570 (0x8fbcf2b7) x 5 0x8fbcf000
core   0: 0x80000574 (0x008287b3) add     a5, t0, s0
core   0: 3 0x80000574 (0x008287b3) x15 0x59de3000
core   0: 0x80000578 (0x8a5b8193) addi    gp, s7, -1883
core   0: 3 0x80000578 (0x8a5b8193) x 3 0xf2beb349
core   0: 0x8000057c (0x41778d33) sub     s10, a5, s7
core   0: 3 0x8000057c (0x41778d33) x26 0x671f755c
core   0: 0x80000580 (0x800005b7) lui     a1, 0x80000
core   0: 3 0x80000580 (0x800005b7) x11 0x80000000
core   0: 0x80000584 (0x00000f13) li      t5, 0
core   0: 3 0x80000584 (0x00000f13) x30 0x00000000
core   0: 0x80000588 (0xfff00493) li      s1, -1
core   0: 3 0x80000588 (0xfff00493) x 9 0xffffffff
core   0: 0x8000058c (0x80000537) lui     a0, 0x80000
core   0: 3 0x8000058c (0x80000537) x10 0x80000000
core   0: 0x80000590 (0x00000193) li      gp, 0
core   0: 3 0x80000590 (0x00000193) x 3 0x00000000
core   0: 0x80000594 (0x7212e7b7) lui     a5, 0x7212e
core   0: 3 0x80000594 (0x7212e7b7) x15 0x7212e000
core   0: 0x80000598 (0x09578793) addi    a5, a5, 149
core   0: 3 0x80000598 (0x09578793) x15 0x7212e095
core   0: 0x8000059c (0xaf90f937) lui     s2, 0xaf90f
core   0: 3 0x8000059c (0xaf90f937) x18 0xaf90f000
core   0: 0x800005a0 (0x4a190913) addi    s2, s2, 1185
core   0: 3 0x800005a0 (0x4a190913) x18 0xaf90f4a1
core   0: 0x800005a4 (0x80000cb7) lui     s9, 0x80000
core   0: 3 0x800005a4 (0x80000cb7) x25 0x80000000
core   0: 0x800005a8 (0x80000fb7) lui     t6, 0x80000
core   0: 3 0x800005a8 (0x80000fb7) x31 0x80000000
core   0: 0x800005ac (0x0455ee37) lui     t3, 0x455e
core   0: 3 0x800005ac (0x0455ee37) x28 0x0455e000
core   0: 0x800005b0 (0x5fee0e13) addi    t3, t3, 1534
core   0: 3 0x800005b0 (0x5fee0e13) x28 0x0455e5fe
core   0: 0x800005b4 (0xa5e90913) addi    s2, s2, -1442
core   0: 3 0x800005b4 (0xa5e90913) x18 0xaf90eeff
core   0: 0x800005b8 (0xee4f8193) addi    gp, t6, -284
core   0: 3 0x800005b8 (0xee4f8193) x 3 0x7ffffee4
core   0: 0x800005bc (0x00ff0e33) add     t3, t5, a5
core   0: 3 0x800005bc (0x00ff0e33) x28 0x7212e095
core   0: 0x800005c0 (0x4c050513) addi    a0, a0, 1216
core   0: 3 0x800005c0 (0x4c050513) x10 0x800004c0
core   0: 0x800005c4 (0xa23ebe17) auipc   t3, 0xa23eb
core   0: 3 0x800005c4 (0xa23ebe17) x28 0x223eb5c4
core   0: 0x800005c8 (0x41fe04b3) sub     s1, t3, t6
core   0: 3 0x800005c8 (0x41fe04b3) x 9 0xa23eb5c4
core   0: 0x800005cc (0x3e4b3797) auipc   a5, 0x3e4b3
core   0: 3 0x800005cc (0x3e4b3797) x15 0xbe4b35cc
core   0: 0x800005d0 (0x01ce0533) add     a0, t3, t3
core   0: 3 0x800005d0 (0x01ce0533) x10 0x447d6b88
core   0: 0x800005d4 (0xf99e0f13) addi    t5, t3, -103
core   0: 3 0x800005d4 (0xf99e0f13) x30 0x223eb55d
core   0: 0x800005d8 (0xf7ef4937) lui     s2, 0xf7ef4
core   0: 3 0x800005d8 (0xf7ef4937) x18 0xf7ef4000
core   0: 0x800005dc (0x95483f97) auipc   t6, 0x95483
core   0: 3 0x800005dc (0x95483f97) x31 0x154835dc
core   0: 0x800005e0 (0x01290933) add     s2, s2, s2
core   0: 3 0x800005e0 (0x01290933) x18 0xefde8000
core   0: 0x800005e4 (0x41f90e33) sub     t3, s2, t6
core   0: 3 0x800005e4 (0x41f90e33) x28 0xda964a24
core   0: 0x800005e8 (0x40a584b3) sub     s1, a1, a0
core   0: 3 0x800005e8 (0x40a584b3) x 9 0x3b829478
core   0: 0x800005ec (0xd254ecb7) lui     s9, 0xd254e
core   0: 3 0x800005ec (0xd254ecb7) x25 0xd254e000
core   0: 0x800005f0 (0x047edfb7) lui     t6, 0x47ed
core   0: 3 0x800005f0 (0x047edfb7) x31 0x047ed000
core   0: 0x800005f4 (0x4ab78c93) addi    s9, a5, 1195
core   0: 3 0x800005f4 (0x4ab78c93) x25 0xbe4b3a77
core   0: 0x800005f8 (0x01e90933) add     s2, s2, t5
core   0: 3 0x800005f8 (0x01e90933) x18 0x121d355d
core   0: 0x800005fc (0x00a781b3) add     gp, a5, a0
core   0: 3 0x800005fc (0x00a781b3) x 3 0x02c8a154
core   0: 0x80000600 (0x00b787b3) add     a5, a5, a1
core   0: 3 0x80000600 (0x00b787b3) x15 0x3e4b35cc
core   0: 0x80000604 (0x998a6197) auipc   gp, 0x998a6
core   0: 3 0x80000604 (0x998a6197) x 3 0x198a6604
core   0: 0x80000608 (0x003187b3) add     a5, gp, gp
core   0: 3 0x80000608 (0x003187b3) x15 0x3314cc08
core   0: 0x8000060c (0xd044e597) auipc   a1, 0xd044e
core   0: 3 0x8000060c (0xd044e597) x11 0x5044e60c
core   0: 0x80000610 (0x28f78513) addi    a0, a5, 655
core   0: 3 0x80000610 (0x28f78513) x10 0x3314ce97
core   0: 0x80000614 (0xc8729c97) auipc   s9, 0xc8729
core   0: 3 0x80000614 (0xc8729c97) x25 0x48729614
core   0: 0x80000618 (0x41918933) sub     s2, gp, s9
core   0: 3 0x80000618 (0x41918933) x18 0xd117cff0
core   0: 0x8000061c (0x800003b7) lui     t2, 0x80000
core   0: 3 0x8000061c (0x800003b7) x 7 0x80000000
core   0: 0x80000620 (0x036bb0b7) lui     ra, 0x36bb
core   0: 3 0x80000620 (0x036bb0b7) x 1 0x036bb000
core   0: 0x80000624 (0x63608093) addi    ra, ra, 1590
core   0: 3 0x80000624 (0x63608093) x 1 0x036bb636
core   0: 0x80000628 (0x80000d37) lui     s10, 0x80000
core   0: 3 0x80000628 (0x80000d37) x26 0x80000000
core   0: 0x8000062c (0xfff00513) li      a0, -1
core   0: 3 0x8000062c (0xfff00513) x10 0xffffffff
core   0: 0x80000630 (0x00000993) li      s3, 0
core   0: 3 0x80000630 (0x00000993) x19 0x00000000
core   0: 0x80000634 (0x00000793) li      a5, 0
core   0: 3 0x80000634 (0x00000793) x15 0x00000000
core   0: 0x80000638 (0xd6062f37) lui     t5, 0xd6062
core   0: 3 0x80000638 (0xd6062f37) x30 0xd6062000
core   0: 0x8000063c (0x174f0f13) addi    t5, t5, 372
core   0: 3 0x8000063c (0x174f0f13) x30 0xd6062174
core   0: 0x80000640 (0x800002b7) lui     t0, 0x80000
core   0: 3 0x80000640 (0x800002b7) x 5 0x80000000
core   0: 0x80000644 (0x800001b7) lui     gp, 0x80000
core   0: 3 0x80000644 (0x800001b7) x 3 0x80000000
core   0: 0x80000648 (0x3911ffb7) lui     t6, 0x3911f
core   0: 3 0x80000648 (0x3911ffb7) x31 0x3911f000
core   0: 0x8000064c (0x283f8f93) addi    t6, t6, 643
core   0: 3 0x8000064c (0x283f8f93) x31 0x3911f283
core   0: 0x80000650 (0x71964097) auipc   ra, 0x71964
core   0: 3 0x80000650 (0x71964097) x 1 0xf1964650
core   0: 0x80000654 (0x4a9f8093) addi    ra, t6, 1193
core   0: 3 0x80000654 (0x4a9f8093) x 1 0x3911f72c
core   0: 0x80000658 (0xf4308f13) addi    t5, ra, -189
core   0: 3 0x80000658 (0xf4308f13) x30 0x3911f66f
core   0: 0x8000065c (0x40108fb3) sub     t6, ra, ra
core   0: 3 0x8000065c (0x40108fb3) x31 0x00000000
core   0: 0x80000660 (0x403789b3) sub     s3, a5, gp
core   0: 3 0x80000660 (0x403789b3) x19 0x80000000
core   0: 0x80000664 (0x00000013) nop
core   0: 3 0x80000664 (0x00000013)
core   0: 0x80000668 (0x41ef07b3) sub     a5, t5, t5
core   0: 3 0x80000668 (0x41ef07b3) x15 0x00000000
core   0: 0x8000066c (0x8a91e197) auipc   gp, 0x8a91e
core   0: 3 0x8000066c (0x8a91e197) x 3 0x0a91e66c
core   0: 0x80000670 (0x00000013) nop
core   0: 3 0x80000670 (0x00000013)
core   0: 0x80000674 (0x00578fb3) add     t6, a5, t0
core   0: 3 0x80000674 (0x00578fb3) x31 0x80000000
core   0: 0x80000678 (0xf4750993) addi    s3, a0, -185
core   0: 3 0x80000678 (0xf4750993) x19 0xffffff46
core   0: 0x8000067c (0x40f98533) sub     a0, s3, a5
core   0: 3 0x8000067c (0x40f98533) x10 0xffffff46
core   0: 0x80000680 (0x01a51997) auipc   s3, 0x1a51
core   0: 3 0x80000680 (0x01a51997) x19 0x81a51680
core   0: 0x80000684 (0x3987b997) auipc   s3, 0x3987b
core   0: 3 0x80000684 (0x3987b997) x19 0xb987b684
core   0: 0x80000688 (0x413f02b3) sub     t0, t5, s3
core   0: 3 0x80000688 (0x413f02b3) x 5 0x7f8a3feb
core   0: 0x8000068c (0x6fa11537) lui     a0, 0x6fa11
core   0: 3 0x8000068c (0x6fa11537) x10 0x6fa11000
core   0: 0x80000690 (0x2c8ef0b7) lui     ra, 0x2c8ef
core   0: 3 0x80000690 (0x2c8ef0b7) x 1 0x2c8ef000
core   0: 0x80000694 (0x0eb5a1b7) lui     gp, 0xeb5a
core   0: 3 0x80000694 (0x0eb5a1b7) x 3 0x0eb5a000
core   0: 0x80000698 (0xbf528093) addi    ra, t0, -1035
core   0: 3 0x80000698 (0xbf528093) x 1 0x7f8a3be0
core   0: 0x8000069c (0x003509b3) add     s3, a0, gp
core   0: 3 0x8000069c (0x003509b3) x19 0x7e56b000
core   0: 0x800006a0 (0x00000013) nop
core   0: 3 0x800006a0 (0x00000013)
core   0: 0x800006a4 (0xbacc7d37) lui     s10, 0xbacc7
core   0: 3 0x800006a4 (0xbacc7d37) x26 0xbacc7000
core   0: 0x800006a8 (0x208ab0b7) lui     ra, 0x208ab
core   0: 3 0x800006a8 (0x208ab0b7) x 1 0x208ab000
core   0: 0x800006ac (0x00000013) nop
core   0: 3 0x800006ac (0x00000013)
core   0: 0x800006b0 (0x2cff0f93) addi    t6, t5, 719
core   0: 3 0x800006b0 (0x2cff0f93) x31 0x3911f93e
core   0: 0x800006b4 (0x001503b3) add     t2, a0, ra
core   0: 3 0x800006b4 (0x001503b3) x 7 0x902bc000
core   0: 0x800006b8 (0x00000013) nop
core   0: 3 0x800006b8 (0x00000013)
core   0: 0x800006bc (0x5b718f13) addi    t5, gp, 1463
core   0: 3 0x800006bc (0x5b718f13) x30 0x0eb5a5b7
core   0: 0x800006c0 (0x80000eb7) lui     t4, 0x80000
core   0: 3 0x800006c0 (0x80000eb7) x29 0x80000000
core   0: 0x800006c4 (0x00000813) li      a6, 0
core   0: 3 0x800006c4 (0x00000813) x16 0x00000000
core   0: 0x800006c8 (0x00000713) li      a4, 0
core   0: 3 0x800006c8 (0x00000713) x14 0x00000000
core   0: 0x800006cc (0x88addc37) lui     s8, 0x88add
core   0: 3 0x800006cc (0x88addc37) x24 0x88add000
core   0: 0x800006d0 (0x0e3c0c13) addi    s8, s8, 227
core   0: 3 0x800006d0 (0x0e3c0c13) x24 0x88add0e3
core   0: 0x800006d4 (0xfff00113) li      sp, -1
core   0: 3 0x800006d4 (0xfff00113) x 2 0xffffffff
core   0: 0x800006d8 (0xfff00d13) li      s10, -1
core   0: 3 0x800006d8 (0xfff00d13) x26 0xffffffff
core   0: 0x800006dc (0xfff00413) li      s0, -1
core   0: 3 0x800006dc (0xfff00413) x 8 0xffffffff
core   0: 0x800006e0 (0x800000b7) lui     ra, 0x80000
core   0: 3 0x800006e0 (0x800000b7) x 1 0x80000000
core   0: 0x800006e4 (0x00000d93) li      s11, 0
core   0: 3 0x800006e4 (0x00000d93) x27 0x00000000
core   0: 0x800006e8 (0x80000e37) lui     t3, 0x80000
core   0: 3 0x800006e8 (0x80000e37) x28 0x80000000
core   0: 0x800006ec (0x00000013) nop
core   0: 3 0x800006ec (0x00000013)
core   0: 0x800006f0 (0x2d7e8413) addi    s0, t4, 727
core   0: 3 0x800006f0 (0x2d7e8413) x 8 0x800002d7
core   0: 0x800006f4 (0x67a68137) lui     sp, 0x67a68
core   0: 3 0x800006f4 (0x67a68137) x 2 0x67a68000
core   0: 0x800006f8 (0xffbb00b7) lui     ra, 0xffbb0
core   0: 3 0x800006f8 (0xffbb00b7) x 1 0xffbb0000
core   0: 0x800006fc (0x01d08433) add     s0, ra, t4
core   0: 3 0x800006fc (0x01d08433) x 8 0x7fbb0000
core   0: 0x80000700 (0xb70090b7) lui     ra, 0xb7009
core   0: 3 0x80000700 (0xb70090b7) x 1 0xb7009000
core   0: 0x80000704 (0x6053bdb7) lui     s11, 0x6053b
core   0: 3 0x80000704 (0x6053bdb7) x27 0x6053b000
core   0: 0x80000708 (0xcfbd0e13) addi    t3, s10, -773
core   0: 3 0x80000708 (0xcfbd0e13) x28 0xfffffcfa
core   0: 0x8000070c (0x010c0e33) add     t3, s8, a6
core   0: 3 0x8000070c (0x010c0e33) x28 0x88add0e3
core   0: 0x80000710 (0xb2a10113) addi    sp, sp, -1238
core   0: 3 0x80000710 (0xb2a10113) x 2 0x67a67b2a
core   0: 0x80000714 (0xc5f80e13) addi    t3, a6, -929
core   0: 3 0x80000714 (0xc5f80e13) x28 0xfffffc5f
core   0: 0x80000718 (0x410e8e33) sub     t3, t4, a6
core   0: 3 0x80000718 (0x410e8e33) x28 0x80000000
core   0: 0x8000071c (0x72408c13) addi    s8, ra, 1828
core   0: 3 0x8000071c (0x72408c13) x24 0xb7009724
core   0: 0x80000720 (0xcb1ea0b7) lui     ra, 0xcb1ea
core   0: 3 0x80000720 (0xcb1ea0b7) x 1 0xcb1ea000
core   0: 0x80000724 (0x41a10733) sub     a4, sp, s10
core   0: 3 0x80000724 (0x41a10733) x14 0x67a67b2b
core   0: 0x80000728 (0x39873eb7) lui     t4, 0x39873
core   0: 3 0x80000728 (0x39873eb7) x29 0x39873000
core   0: 0x8000072c (0x01070d33) add     s10, a4, a6
core   0: 3 0x8000072c (0x01070d33) x26 0x67a67b2b
core   0: 0x80000730 (0x001080b3) add     ra, ra, ra
core   0: 3 0x80000730 (0x001080b3) x 1 0x963d4000
core   0: 0x80000734 (0x00000013) nop
core   0: 3 0x80000734 (0x00000013)
core   0: 0x80000738 (0x036e0d37) lui     s10, 0x36e0
core   0: 3 0x80000738 (0x036e0d37) x26 0x036e0000
core   0: 0x8000073c (0x01de80b3) add     ra, t4, t4
core   0: 3 0x8000073c (0x01de80b3) x 1 0x730e6000
core   0: 0x80000740 (0x4a104e17) auipc   t3, 0x4a104
core   0: 3 0x80000740 (0x4a104e17) x28 0xca104740
core   0: 0x80000744 (0x01a40133) add     sp, s0, s10
core   0: 3 0x80000744 (0x01a40133) x 2 0x83290000
core   0: 0x80000748 (0x41d080b3) sub     ra, ra, t4
core   0: 3 0x80000748 (0x41d080b3) x 1 0x39873000
core   0: 0x8000074c (0x00000013) nop
core   0: 3 0x8000074c (0x00000013)
core   0: 0x80000750 (0xedae8e13) addi    t3, t4, -294
core   0: 3 0x80000750 (0xedae8e13) x28 0x39872eda
core   0: 0x80000754 (0x8da7fe37) lui     t3, 0x8da7f
core   0: 3 0x80000754 (0x8da7fe37) x28 0x8da7f000
core   0: 0x80000758 (0xf09e0e13) addi    t3, t3, -247
core   0: 3 0x80000758 (0xf09e0e13) x28 0x8da7ef09
core   0: 0x8000075c (0x800001b7) lui     gp, 0x80000
core   0: 3 0x8000075c (0x800001b7) x 3 0x80000000
core   0: 0x80000760 (0x4cb69137) lui     sp, 0x4cb69
core   0: 3 0x80000760 (0x4cb69137) x 2 0x4cb69000
core   0: 0x80000764 (0x6c810113) addi    sp, sp, 1736
core   0: 3 0x80000764 (0x6c810113) x 2 0x4cb696c8
core   0: 0x80000768 (0x800000b7) lui     ra, 0x80000
core   0: 3 0x80000768 (0x800000b7) x 1 0x80000000
core   0: 0x8000076c (0xfff00513) li      a0, -1
core   0: 3 0x8000076c (0xfff00513) x10 0xffffffff
core   0: 0x80000770 (0xa5fbf437) lui     s0, 0xa5fbf
core   0: 3 0x80000770 (0xa5fbf437) x 8 0xa5fbf000
core   0: 0x80000774 (0x0bc40413) addi    s0, s0, 188
core   0: 3 0x80000774 (0x0bc40413) x 8 0xa5fbf0bc
core   0: 0x80000778 (0x00000213) li      tp, 0
core   0: 3 0x80000778 (0x00000213) x 4 0x00000000
core   0: 0x8000077c (0xfff00b93) li      s7, -1
core   0: 3 0x8000077c (0xfff00b93) x23 0xffffffff
core   0: 0x80000780 (0xfff00313) li      t1, -1
core   0: 3 0x80000780 (0xfff00313) x 6 0xffffffff
core   0: 0x80000784 (0x80000937) lui     s2, 0x80000
core   0: 3 0x80000784 (0x80000937) x18 0x80000000
core   0: 0x80000788 (0x00000013) nop
core   0: 3 0x80000788 (0x00000013)
core   0: 0x8000078c (0x00000013) nop
core   0: 3 0x8000078c (0x00000013)
core   0: 0x80000790 (0x41218333) sub     t1, gp, s2
core   0: 3 0x80000790 (0x41218333) x 6 0x00000000
core   0: 0x80000794 (0x00000013) nop
core   0: 3 0x80000794 (0x00000013)
core   0: 0x80000798 (0x00a90133) add     sp, s2, a0
core   0: 3 0x80000798 (0x00a90133) x 2 0x7fffffff
core   0: 0x8000079c (0x00000013) nop
core   0: 3 0x8000079c (0x00000013)
core   0: 0x800007a0 (0xf04941b7) lui     gp, 0xf0494
core   0: 3 0x800007a0 (0xf04941b7) x 3 0xf0494000
core   0: 0x800007a4 (0x00000013) nop
core   0: 3 0x800007a4 (0x00000013)
core   0: 0x800007a8 (0xa88dd197) auipc   gp, 0xa88dd
core   0: 3 0x800007a8 (0xa88dd197) x 3 0x288dd7a8
core   0: 0x800007ac (0x09d3e517) auipc   a0, 0x9d3e
core   0: 3 0x800007ac (0x09d3e517) x10 0x89d3e7ac
core   0: 0x800007b0 (0x412b80b3) sub     ra, s7, s2
core   0: 3 0x800007b0 (0x412b80b3) x 1 0x7fffffff
core   0: 0x800007b4 (0x00000013) nop
core   0: 3 0x800007b4 (0x00000013)
core   0: 0x800007b8 (0x00000013) nop
core   0: 3 0x800007b8 (0x00000013)
core   0: 0x800007bc (0x00000013) nop
core   0: 3 0x800007bc (0x00000013)
core   0: 0x800007c0 (0x00000013) nop
core   0: 3 0x800007c0 (0x00000013)
core   0: 0x800007c4 (0x12508113) addi    sp, ra, 293
core   0: 3 0x800007c4 (0x12508113) x 2 0x80000124
core   0: 0x800007c8 (0x98ce0213) addi    tp, t3, -1652
core   0: 3 0x800007c8 (0x98ce0213) x 4 0x8da7e895
core   0: 0x800007cc (0x417b8933) sub     s2, s7, s7
core   0: 3 0x800007cc (0x417b8933) x18 0x00000000
core   0: 0x800007d0 (0x00440333) add     t1, s0, tp
core   0: 3 0x800007d0 (0x00440333) x 6 0x33a3d951
core   0: 0x800007d4 (0x41240533) sub     a0, s0, s2
core   0: 3 0x800007d4 (0x41240533) x10 0xa5fbf0bc
core   0: 0x800007d8 (0xe2f79117) auipc   sp, 0xe2f79
core   0: 3 0x800007d8 (0xe2f79117) x 2 0x62f797d8
core   0: 0x800007dc (0xa1730093) addi    ra, t1, -1513
core   0: 3 0x800007dc (0xa1730093) x 1 0x33a3d368
core   0: 0x800007e0 (0x4e8e0e13) addi    t3, t3, 1256
core   0: 3 0x800007e0 (0x4e8e0e13) x28 0x8da7f3f1
core   0: 0x800007e4 (0x5de13097) auipc   ra, 0x5de13
core   0: 3 0x800007e4 (0x5de13097) x 1 0xdde137e4
core   0: 0x800007e8 (0x40a90bb3) sub     s7, s2, a0
core   0: 3 0x800007e8 (0x40a90bb3) x23 0x5a040f44
core   0: 0x800007ec (0x00000f93) li      t6, 0
core   0: 3 0x800007ec (0x00000f93) x31 0x00000000
core   0: 0x800007f0 (0x800003b7) lui     t2, 0x80000
core   0: 3 0x800007f0 (0x800003b7) x 7 0x80000000
core   0: 0x800007f4 (0x14d0b337) lui     t1, 0x14d0b
core   0: 3 0x800007f4 (0x14d0b337) x 6 0x14d0b000
core   0: 0x800007f8 (0xfc530313) addi    t1, t1, -59
core   0: 3 0x800007f8 (0xfc530313) x 6 0x14d0afc5
core   0: 0x800007fc (0x8baea9b7) lui     s3, 0x8baea
core   0: 3 0x800007fc (0x8baea9b7) x19 0x8baea000
core   0: 0x80000800 (0xcd598993) addi    s3, s3, -811
core   0: 3 0x80000800 (0xcd598993) x19 0x8bae9cd5
core   0: 0x80000804 (0x8ad2b937) lui     s2, 0x8ad2b
core   0: 3 0x80000804 (0x8ad2b937) x18 0x8ad2b000
core   0: 0x80000808 (0xcb990913) addi    s2, s2, -839
core   0: 3 0x80000808 (0xcb990913) x18 0x8ad2acb9
core   0: 0x8000080c (0xfff00b13) li      s6, -1
core   0: 3 0x8000080c (0xfff00b13) x22 0xffffffff
core   0: 0x80000810 (0xade00bb7) lui     s7, 0xade00
core   0: 3 0x80000810 (0xade00bb7) x23 0xade00000
core   0: 0x80000814 (0x434b8b93) addi    s7, s7, 1076
core   0: 3 0x80000814 (0x434b8b93) x23 0xade00434
core   0: 0x80000818 (0x00000193) li      gp, 0
core   0: 3 0x80000818 (0x00000193) x 3 0x00000000
core   0: 0x8000081c (0x00000f13) li      t5, 0
core   0: 3 0x8000081c (0x00000f13) x30 0x00000000
core   0: 0x80000820 (0x800007b7) lui     a5, 0x80000
core   0: 3 0x80000820 (0x800007b7) x15 0x80000000
core   0: 0x80000824 (0x01690fb3) add     t6, s2, s6
core   0: 3 0x80000824 (0x01690fb3) x31 0x8ad2acb8
core   0: 0x80000828 (0x00000013) nop
core   0: 3 0x80000828 (0x00000013)
core   0: 0x8000082c (0x00000013) nop
core   0: 3 0x8000082c (0x00000013)
core   0: 0x80000830 (0x00000013) nop
core   0: 3 0x80000830 (0x00000013)
core   0: 0x80000834 (0x00000013) nop
core   0: 3 0x80000834 (0x00000013)
core   0: 0x80000838 (0xd6118337) lui     t1, 0xd6118
core   0: 3 0x80000838 (0xd6118337) x 6 0xd6118000
core   0: 0x8000083c (0x41238333) sub     t1, t2, s2
core   0: 3 0x8000083c (0x41238333) x 6 0xf52d5347
core   0: 0x80000840 (0x012987b3) add     a5, s3, s2
core   0: 3 0x80000840 (0x012987b3) x15 0x1681498e
core   0: 0x80000844 (0x00000013) nop
core   0: 3 0x80000844 (0x00000013)
core   0: 0x80000848 (0x00000013) nop
core   0: 3 0x80000848 (0x00000013)
core   0: 0x8000084c (0x051f0f13) addi    t5, t5, 81
core   0: 3 0x8000084c (0x051f0f13) x30 0x00000051
core   0: 0x80000850 (0x00000013) nop
core   0: 3 0x80000850 (0x00000013)
core   0: 0x80000854 (0x00000013) nop
core   0: 3 0x80000854 (0x00000013)
core   0: 0x80000858 (0x484117b7) lui     a5, 0x48411
core   0: 3 0x80000858 (0x484117b7) x15 0x48411000
core   0: 0x8000085c (0x01638f33) add     t5, t2, s6
core   0: 3 0x8000085c (0x01638f33) x30 0x7fffffff
core   0: 0x80000860 (0x0a218f93) addi    t6, gp, 162
core   0: 3 0x80000860 (0x0a218f93) x31 0x000000a2
core   0: 0x80000864 (0x41f18333) sub     t1, gp, t6
core   0: 3 0x80000864 (0x41f18333) x 6 0xffffff5e
core   0: 0x80000868 (0x9d2b2337) lui     t1, 0x9d2b2
core   0: 3 0x80000868 (0x9d2b2337) x 6 0x9d2b2000
core   0: 0x8000086c (0xe22f0193) addi    gp, t5, -478
core   0: 3 0x8000086c (0xe22f0193) x 3 0x7ffffe21
core   0: 0x80000870 (0x54f38993) addi    s3, t2, 1359
core   0: 3 0x80000870 (0x54f38993) x19 0x8000054f
core   0: 0x80000874 (0xe11e1197) auipc   gp, 0xe11e1
core   0: 3 0x80000874 (0xe11e1197) x 3 0x611e1874
core   0: 0x80000878 (0x012f0fb3) add     t6, t5, s2
core   0: 3 0x80000878 (0x012f0fb3) x31 0x0ad2acb8
core   0: 0x8000087c (0x00000013) nop
core   0: 3 0x8000087c (0x00000013)
core   0: 0x80000880 (0x5c090f13) addi    t5, s2, 1472
core   0: 3 0x80000880 (0x5c090f13) x30 0x8ad2b279
core   0: 0x80000884 (0x00000013) nop
core   0: 3 0x80000884 (0x00000013)
core   0: 0x80000888 (0x42fb2197) auipc   gp, 0x42fb2
core   0: 3 0x80000888 (0x42fb2197) x 3 0xc2fb2888
core   0: 0x8000088c (0xedd913b7) lui     t2, 0xedd91
core   0: 3 0x8000088c (0xedd913b7) x 7 0xedd91000
core   0: 0x80000890 (0x3fb38393) addi    t2, t2, 1019
core   0: 3 0x80000890 (0x3fb38393) x 7 0xedd913fb
core   0: 0x80000894 (0x00000113) li      sp, 0
core   0: 3 0x80000894 (0x00000113) x 2 0x00000000
core   0: 0x80000898 (0xb48679b7) lui     s3, 0xb4867
core   0: 3 0x80000898 (0xb48679b7) x19 0xb4867000
core   0: 0x8000089c (0x33998993) addi    s3, s3, 825
core   0: 3 0x8000089c (0x33998993) x19 0xb4867339
core   0: 0x800008a0 (0xfff00093) li      ra, -1
core   0: 3 0x800008a0 (0xfff00093) x 1 0xffffffff
core   0: 0x800008a4 (0x00000c93) li      s9, 0
core   0: 3 0x800008a4 (0x00000c93) x25 0x00000000
core   0: 0x800008a8 (0x80000d37) lui     s10, 0x80000
core   0: 3 0x800008a8 (0x80000d37) x26 0x80000000
core   0: 0x800008ac (0x00000f13) li      t5, 0
core   0: 3 0x800008ac (0x00000f13) x30 0x00000000
core   0: 0x800008b0 (0x00000893) li      a7, 0
core   0: 3 0x800008b0 (0x00000893) x17 0x00000000
core   0: 0x800008b4 (0xfff00813) li      a6, -1
core   0: 3 0x800008b4 (0xfff00813) x16 0xffffffff
core   0: 0x800008b8 (0x00000e93) li      t4, 0
core   0: 3 0x800008b8 (0x00000e93) x29 0x00000000
core   0: 0x800008bc (0x411383b3) sub     t2, t2, a7
core   0: 3 0x800008bc (0x411383b3) x 7 0xedd913fb
core   0: 0x800008c0 (0x010e8d33) add     s10, t4, a6
core   0: 3 0x800008c0 (0x010e8d33) x26 0xffffffff
core   0: 0x800008c4 (0x0a7af837) lui     a6, 0xa7af
core   0: 3 0x800008c4 (0x0a7af837) x16 0x0a7af000
core   0: 0x800008c8 (0xc92e3837) lui     a6, 0xc92e3
core   0: 3 0x800008c8 (0xc92e3837) x16 0xc92e3000
core   0: 0x800008cc (0x1e397e97) auipc   t4, 0x1e397
core   0: 3 0x800008cc (0x1e397e97) x29 0x9e3978cc
core   0: 0x800008d0 (0x6165c397) auipc   t2, 0x6165c
core   0: 3 0x800008d0 (0x6165c397) x 7 0xe165c8d0
core   0: 0x800008d4 (0x40298d33) sub     s10, s3, sp
core   0: 3 0x800008d4 (0x40298d33) x26 0xb4867339
core   0: 0x800008d8 (0x00000013) nop
core   0: 3 0x800008d8 (0x00000013)
core   0: 0x800008dc (0x00000013) nop
core   0: 3 0x800008dc (0x00000013)
core   0: 0x800008e0 (0xc8166897) auipc   a7, 0xc8166
core   0: 3 0x800008e0 (0xc8166897) x17 0x481668e0
core   0: 0x800008e4 (0x41938133) sub     sp, t2, s9
core   0: 3 0x800008e4 (0x41938133) x 2 0xe165c8d0
core   0: 0x800008e8 (0x41138eb3) sub     t4, t2, a7
core   0: 3 0x800008e8 (0x41138eb3) x29 0x994f5ff0
core   0: 0x800008ec (0xedead097) auipc   ra, 0xedead
core   0: 3 0x800008ec (0xedead097) x 1 0x6dead8ec
core   0: 0x800008f0 (0x61f38393) addi    t2, t2, 1567
core   0: 3 0x800008f0 (0x61f38393) x 7 0xe165ceef
core   0: 0x800008f4 (0xf3dc8e93) addi    t4, s9, -195
core   0: 3 0x800008f4 (0xf3dc8e93) x29 0xffffff3d
core   0: 0x800008f8 (0x34c84097) auipc   ra, 0x34c84
core   0: 3 0x800008f8 (0x34c84097) x 1 0xb4c848f8
core   0: 0x800008fc (0x01dc8833) add     a6, s9, t4
core   0: 3 0x800008fc (0x01dc8833) x16 0xffffff3d
core   0: 0x80000900 (0x1b5c8c93) addi    s9, s9, 437
core   0: 3 0x80000900 (0x1b5c8c93) x25 0x000001b5
core   0: 0x80000904 (0x01080833) add     a6, a6, a6
core   0: 3 0x80000904 (0x01080833) x16 0xfffffe7a
core   0: 0x80000908 (0x00000013) nop
core   0: 3 0x80000908 (0x00000013)
core   0: 0x8000090c (0x01ae8d33) add     s10, t4, s10
core   0: 3 0x8000090c (0x01ae8d33) x26 0xb4867276
core   0: 0x80000910 (0x00000b13) li      s6, 0
core   0: 3 0x80000910 (0x00000b13) x22 0x00000000
core   0: 0x80000914 (0xfff00893) li      a7, -1
core   0: 3 0x80000914 (0xfff00893) x17 0xffffffff
core   0: 0x80000918 (0x80000337) lui     t1, 0x80000
core   0: 3 0x80000918 (0x80000337) x 6 0x80000000
core   0: 0x8000091c (0x00000f13) li      t5, 0
core   0: 3 0x8000091c (0x00000f13) x30 0x00000000
core   0: 0x80000920 (0x00000713) li      a4, 0
core   0: 3 0x80000920 (0x00000713) x14 0x00000000
core   0: 0x80000924 (0x00000093) li      ra, 0
core   0: 3 0x80000924 (0x00000093) x 1 0x00000000
core   0: 0x80000928 (0xfff00413) li      s0, -1
core   0: 3 0x80000928 (0xfff00413) x 8 0xffffffff
core   0: 0x8000092c (0x00000213) li      tp, 0
core   0: 3 0x8000092c (0x00000213) x 4 0x00000000
core   0: 0x80000930 (0xfff00b93) li      s7, -1
core   0: 3 0x80000930 (0xfff00b93) x23 0xffffffff
core   0: 0x80000934 (0x00000d93) li      s11, 0
core   0: 3 0x80000934 (0x00000d93) x27 0x00000000
core   0: 0x80000938 (0x35dd8897) auipc   a7, 0x35dd8
core   0: 3 0x80000938 (0x35dd8897) x17 0xb5dd8938
core   0: 0x8000093c (0x406f0bb3) sub     s7, t5, t1
core   0: 3 0x8000093c (0x406f0bb3) x23 0x80000000
core   0: 0x80000940 (0x411880b3) sub     ra, a7, a7
core   0: 3 0x80000940 (0x411880b3) x 1 0x00000000
core   0: 0x80000944 (0x408b0433) sub     s0, s6, s0
core   0: 3 0x80000944 (0x408b0433) x 8 0x00000001
core   0: 0x80000948 (0x9d75cb17) auipc   s6, 0x9d75c
core   0: 3 0x80000948 (0x9d75cb17) x22 0x1d75c948
core   0: 0x8000094c (0xe1540b13) addi    s6, s0, -491
core   0: 3 0x8000094c (0xe1540b13) x22 0xfffffe16
core   0: 0x80000950 (0xa26f0d93) addi    s11, t5, -1498
core   0: 3 0x80000950 (0xa26f0d93) x27 0xfffffa26
core   0: 0x80000954 (0x00000013) nop
core   0: 3 0x80000954 (0x00000013)
core   0: 0x80000958 (0x00640db3) add     s11, s0, t1
core   0: 3 0x80000958 (0x00640db3) x27 0x80000001
core   0: 0x8000095c (0x00000013) nop
core   0: 3 0x8000095c (0x00000013)
core   0: 0x80000960 (0x293fdf37) lui     t5, 0x293fd
core   0: 3 0x80000960 (0x293fdf37) x30 0x293fd000
core   0: 0x80000964 (0x25f2a897) auipc   a7, 0x25f2a
core   0: 3 0x80000964 (0x25f2a897) x17 0xa5f2a964
core   0: 0x80000968 (0xc2870893) addi    a7, a4, -984
core   0: 3 0x80000968 (0xc2870893) x17 0xfffffc28
core   0: 0x8000096c (0x00000013) nop
core   0: 3 0x8000096c (0x00000013)
core   0: 0x80000970 (0x01b88f33) add     t5, a7, s11
core   0: 3 0x80000970 (0x01b88f33) x30 0x7ffffc29
core   0: 0x80000974 (0x67898437) lui     s0, 0x67898
core   0: 3 0x80000974 (0x67898437) x 8 0x67898000
core   0: 0x80000978 (0x93722bb7) lui     s7, 0x93722
core   0: 3 0x80000978 (0x93722bb7) x23 0x93722000
core   0: 0x8000097c (0x9a757db7) lui     s11, 0x9a757
core   0: 3 0x8000097c (0x9a757db7) x27 0x9a757000
core   0: 0x80000980 (0xe6bb8b93) addi    s7, s7, -405
core   0: 3 0x80000980 (0xe6bb8b93) x23 0x93721e6b
core   0: 0x80000984 (0xe75f20b7) lui     ra, 0xe75f2
core   0: 3 0x80000984 (0xe75f20b7) x 1 0xe75f2000
core   0: 0x80000988 (0x7fdd8213) addi    tp, s11, 2045
core   0: 3 0x80000988 (0x7fdd8213) x 4 0x9a7577fd
core   0: 0x8000098c (0x01ef0bb3) add     s7, t5, t5
core   0: 3 0x8000098c (0x01ef0bb3) x23 0xfffff852
core   0: 0x80000990 (0x01b70b33) add     s6, a4, s11
core   0: 3 0x80000990 (0x01b70b33) x22 0x9a757000
core   0: 0x80000994 (0x939c4f17) auipc   t5, 0x939c4
core   0: 3 0x80000994 (0x939c4f17) x30 0x139c4994
core   0: 0x80000998 (0xc0dc2417) auipc   s0, 0xc0dc2
core   0: 3 0x80000998 (0xc0dc2417) x 8 0x40dc2998
core   0: 0x8000099c (0xfa79acb7) lui     s9, 0xfa79a
core   0: 3 0x8000099c (0xfa79acb7) x25 0xfa79a000
core   0: 0x800009a0 (0x3bdc8c93) addi    s9, s9, 957
core   0: 3 0x800009a0 (0x3bdc8c93) x25 0xfa79a3bd
core   0: 0x800009a4 (0xb5db08b7) lui     a7, 0xb5db0
core   0: 3 0x800009a4 (0xb5db08b7) x17 0xb5db0000
core   0: 0x800009a8 (0xcd788893) addi    a7, a7, -809
core   0: 3 0x800009a8 (0xcd788893) x17 0xb5dafcd7
core   0: 0x800009ac (0xfff00b13) li      s6, -1
core   0: 3 0x800009ac (0xfff00b13) x22 0xffffffff
core   0: 0x800009b0 (0xfff00793) li      a5, -1
core   0: 3 0x800009b0 (0xfff00793) x15 0xffffffff
core   0: 0x800009b4 (0x00000113) li      sp, 0
core   0: 3 0x800009b4 (0x00000113) x 2 0x00000000
core   0: 0x800009b8 (0x80000e37) lui     t3, 0x80000
core   0: 3 0x800009b8 (0x80000e37) x28 0x80000000
core   0: 0x800009bc (0x00000293) li      t0, 0
core   0: 3 0x800009bc (0x00000293) x 5 0x00000000
core   0: 0x800009c0 (0x80000db7) lui     s11, 0x80000
core   0: 3 0x800009c0 (0x80000db7) x27 0x80000000
core   0: 0x800009c4 (0xd183a237) lui     tp, 0xd183a
core   0: 3 0x800009c4 (0xd183a237) x 4 0xd183a000
core   0: 0x800009c8 (0x12120213) addi    tp, tp, 289
core   0: 3 0x800009c8 (0x12120213) x 4 0xd183a121
core   0: 0x800009cc (0x800004b7) lui     s1, 0x80000
core   0: 3 0x800009cc (0x800004b7) x 9 0x80000000
core   0: 0x800009d0 (0xa8373c97) auipc   s9, 0xa8373
core   0: 3 0x800009d0 (0xa8373c97) x25 0x283739d0
core   0: 0x800009d4 (0x55988213) addi    tp, a7, 1369
core   0: 3 0x800009d4 (0x55988213) x 4 0xb5db0230
core   0: 0x800009d8 (0x40910233) sub     tp, sp, s1
core   0: 3 0x800009d8 (0x40910233) x 4 0x80000000
core   0: 0x800009dc (0x002284b3) add     s1, t0, sp
core   0: 3 0x800009dc (0x002284b3) x 9 0x00000000
core   0: 0x800009e0 (0x005108b3) add     a7, sp, t0
core   0: 3 0x800009e0 (0x005108b3) x17 0x00000000
core   0: 0x800009e4 (0x1f8362b7) lui     t0, 0x1f836
core   0: 3 0x800009e4 (0x1f8362b7) x 5 0x1f836000
core   0: 0x800009e8 (0x59f948b7) lui     a7, 0x59f94
core   0: 3 0x800009e8 (0x59f948b7) x17 0x59f94000
core   0: 0x800009ec (0x011287b3) add     a5, t0, a7
core   0: 3 0x800009ec (0x011287b3) x15 0x797ca000
core   0: 0x800009f0 (0x00000013) nop
core   0: 3 0x800009f0 (0x00000013)
core   0: 0x800009f4 (0x00000013) nop
core   0: 3 0x800009f4 (0x00000013)
core   0: 0x800009f8 (0x14c78893) addi    a7, a5, 332
core   0: 3 0x800009f8 (0x14c78893) x17 0x797ca14c
core   0: 0x800009fc (0x01b28e33) add     t3, t0, s11
core   0: 3 0x800009fc (0x01b28e33) x28 0x9f836000
core   0: 0x80000a00 (0x00a28217) auipc   tp, 0xa28
core   0: 3 0x80000a00 (0x00a28217) x 4 0x80a28a00
core   0: 0x80000a04 (0x00000013) nop
core   0: 3 0x80000a04 (0x00000013)
core   0: 0x80000a08 (0xab9c8c93) addi    s9, s9, -1351
core   0: 3 0x80000a08 (0xab9c8c93) x25 0x28373489
core   0: 0x80000a0c (0x01420113) addi    sp, tp, 20
core   0: 3 0x80000a0c (0x01420113) x 2 0x80a28a14
core   0: 0x80000a10 (0x23308897) auipc   a7, 0x23308
core   0: 3 0x80000a10 (0x23308897) x17 0xa3308a10
core   0: 0x80000a14 (0x40f10233) sub     tp, sp, a5
core   0: 3 0x80000a14 (0x40f10233) x 4 0x0725ea14
core   0: 0x80000a18 (0x00000013) nop
core   0: 3 0x80000a18 (0x00000013)
core   0: 0x80000a1c (0x0e85ee17) auipc   t3, 0xe85e
core   0: 3 0x80000a1c (0x0e85ee17) x28 0x8e85ea1c
core   0: 0x80000a20 (0x404207b3) sub     a5, tp, tp
core   0: 3 0x80000a20 (0x404207b3) x15 0x00000000
core   0: 0x80000a24 (0xef78be37) lui     t3, 0xef78b
core   0: 3 0x80000a24 (0xef78be37) x28 0xef78b000
core   0: 0x80000a28 (0x00000013) nop
core   0: 3 0x80000a28 (0x00000013)
core   0: 0x80000a2c (0x00000013) nop
core   0: 3 0x80000a2c (0x00000013)
core   0: 0x80000a30 (0x00000013) nop
core   0: 3 0x80000a30 (0x00000013)
core   0: 0x80000a34 (0xfff00113) li      sp, -1
core   0: 3 0x80000a34 (0xfff00113) x 2 0xffffffff
core   0: 0x80000a38 (0xfff00293) li      t0, -1
core   0: 3 0x80000a38 (0xfff00293) x 5 0xffffffff
core   0: 0x80000a3c (0x98126337) lui     t1, 0x98126
core   0: 3 0x80000a3c (0x98126337) x 6 0x98126000
core   0: 0x80000a40 (0x48430313) addi    t1, t1, 1156
core   0: 3 0x80000a40 (0x48430313) x 6 0x98126484
core   0: 0x80000a44 (0x00000793) li      a5, 0
core   0: 3 0x80000a44 (0x00000793) x15 0x00000000
core   0: 0x80000a48 (0x5414dfb7) lui     t6, 0x5414d
core   0: 3 0x80000a48 (0x5414dfb7) x31 0x5414d000
core   0: 0x80000a4c (0x4a9f8f93) addi    t6, t6, 1193
core   0: 3 0x80000a4c (0x4a9f8f93) x31 0x5414d4a9
core   0: 0x80000a50 (0x00000c13) li      s8, 0
core   0: 3 0x80000a50 (0x00000c13) x24 0x00000000
core   0: 0x80000a54 (0xfff00193) li      gp, -1
core   0: 3 0x80000a54 (0xfff00193) x 3 0xffffffff
core   0: 0x80000a58 (0xfff00913) li      s2, -1
core   0: 3 0x80000a58 (0xfff00913) x18 0xffffffff
core   0: 0x80000a5c (0x800009b7) lui     s3, 0x80000
core   0: 3 0x80000a5c (0x800009b7) x19 0x80000000
core   0: 0x80000a60 (0x00000f13) li      t5, 0
core   0: 3 0x80000a60 (0x00000f13) x30 0x00000000
core   0: 0x80000a64 (0x40f98933) sub     s2, s3, a5
core   0: 3 0x80000a64 (0x40f98933) x18 0x80000000
core   0: 0x80000a68 (0x3ce23c37) lui     s8, 0x3ce23
core   0: 3 0x80000a68 (0x3ce23c37) x24 0x3ce23000
core   0: 0x80000a6c (0x00000013) nop
core   0: 3 0x80000a6c (0x00000013)
core   0: 0x80000a70 (0xae467297) auipc   t0, 0xae467
core   0: 3 0x80000a70 (0xae467297) x 5 0x2e467a70
core   0: 0x80000a74 (0x403989b3) sub     s3, s3, gp
core   0: 3 0x80000a74 (0x403989b3) x19 0x80000001
core   0: 0x80000a78 (0xe9418193) addi    gp, gp, -364
core   0: 3 0x80000a78 (0xe9418193) x 3 0xfffffe93
core   0: 0x80000a7c (0x00000013) nop
core   0: 3 0x80000a7c (0x00000013)
core   0: 0x80000a80 (0x00000013) nop
core   0: 3 0x80000a80 (0x00000013)
core   0: 0x80000a84 (0x002f02b3) add     t0, t5, sp
core   0: 3 0x80000a84 (0x002f02b3) x 5 0xffffffff
core   0: 0x80000a88 (0x9d06dfb7) lui     t6, 0x9d06d
core   0: 3 0x80000a88 (0x9d06dfb7) x31 0x9d06d000
core   0: 0x80000a8c (0xcac23337) lui     t1, 0xcac23
core   0: 3 0x80000a8c (0xcac23337) x 6 0xcac23000
core   0: 0x80000a90 (0x402f09b3) sub     s3, t5, sp
core   0: 3 0x80000a90 (0x402f09b3) x19 0x00000001
core   0: 0x80000a94 (0x41ff0c33) sub     s8, t5, t6
core   0: 3 0x80000a94 (0x41ff0c33) x24 0x62f93000
core   0: 0x80000a98 (0x41ef02b3) sub     t0, t5, t5
core   0: 3 0x80000a98 (0x41ef02b3) x 5 0x00000000
core   0: 0x80000a9c (0x412c07b3) sub     a5, s8, s2
core   0: 3 0x80000a9c (0x412c07b3) x15 0xe2f93000
core   0: 0x80000aa0 (0x005f82b3) add     t0, t6, t0
core   0: 3 0x80000aa0 (0x005f82b3) x 5 0x9d06d000
core   0: 0x80000aa4 (0x00000013) nop
core   0: 3 0x80000aa4 (0x00000013)
core   0: 0x80000aa8 (0x7a09d7b7) lui     a5, 0x7a09d
core   0: 3 0x80000aa8 (0x7a09d7b7) x15 0x7a09d000
core   0: 0x80000aac (0x4b978793) addi    a5, a5, 1209
core   0: 3 0x80000aac (0x4b978793) x15 0x7a09d4b9
core   0: 0x80000ab0 (0xb8187337) lui     t1, 0xb8187
core   0: 3 0x80000ab0 (0xb8187337) x 6 0xb8187000
core   0: 0x80000ab4 (0xc9630313) addi    t1, t1, -874
core   0: 3 0x80000ab4 (0xc9630313) x 6 0xb8186c96
core   0: 0x80000ab8 (0x00000f93) li      t6, 0
core   0: 3 0x80000ab8 (0x00000f93) x31 0x00000000
core   0: 0x80000abc (0xb58ecc37) lui     s8, 0xb58ec
core   0: 3 0x80000abc (0xb58ecc37) x24 0xb58ec000
core   0: 0x80000ac0 (0x362c0c13) addi    s8, s8, 866
core   0: 3 0x80000ac0 (0x362c0c13) x24 0xb58ec362
core   0: 0x80000ac4 (0x80000437) lui     s0, 0x80000
core   0: 3 0x80000ac4 (0x80000437) x 8 0x80000000
core   0: 0x80000ac8 (0x80000d37) lui     s10, 0x80000
core   0: 3 0x80000ac8 (0x80000d37) x26 0x80000000
core   0: 0x80000acc (0x00000393) li      t2, 0
core   0: 3 0x80000acc (0x00000393) x 7 0x00000000
core   0: 0x80000ad0 (0xe260c937) lui     s2, 0xe260c
core   0: 3 0x80000ad0 (0xe260c937) x18 0xe260c000
core   0: 0x80000ad4 (0xeaa90913) addi    s2, s2, -342
core   0: 3 0x80000ad4 (0xeaa90913) x18 0xe260beaa
core   0: 0x80000ad8 (0x80000237) lui     tp, 0x80000
core   0: 3 0x80000ad8 (0x80000237) x 4 0x80000000
core   0: 0x80000adc (0x800002b7) lui     t0, 0x80000
core   0: 3 0x80000adc (0x800002b7) x 5 0x80000000
core   0: 0x80000ae0 (0xd4ef2437) lui     s0, 0xd4ef2
core   0: 3 0x80000ae0 (0xd4ef2437) x 8 0xd4ef2000
core   0: 0x80000ae4 (0x3bbf8fb7) lui     t6, 0x3bbf8
core   0: 3 0x80000ae4 (0x3bbf8fb7) x31 0x3bbf8000
core   0: 0x80000ae8 (0xea24dc37) lui     s8, 0xea24d
core   0: 3 0x80000ae8 (0xea24dc37) x24 0xea24d000
core   0: 0x80000aec (0x00000013) nop
core   0: 3 0x80000aec (0x00000013)
core   0: 0x80000af0 (0x40f90c33) sub     s8, s2, a5
core   0: 3 0x80000af0 (0x40f90c33) x24 0x6856e9f1
core   0: 0x80000af4 (0x563867b7) lui     a5, 0x56386
core   0: 3 0x80000af4 (0x563867b7) x15 0x56386000
core   0: 0x80000af8 (0x00000013) nop
core   0: 3 0x80000af8 (0x00000013)
core   0: 0x80000afc (0x77fd0413) addi    s0, s10, 1919
core   0: 3 0x80000afc (0x77fd0413) x 8 0x8000077f
core   0: 0x80000b00 (0x23585f97) auipc   t6, 0x23585
core   0: 3 0x80000b00 (0x23585f97) x31 0xa3585b00
core   0: 0x80000b04 (0x17ad0213) addi    tp, s10, 378
core   0: 3 0x80000b04 (0x17ad0213) x 4 0x8000017a
core   0: 0x80000b08 (0xa4e312b7) lui     t0, 0xa4e31
core   0: 3 0x80000b08 (0xa4e312b7) x 5 0xa4e31000
core   0: 0x80000b0c (0x00000013) nop
core   0: 3 0x80000b0c (0x00000013)
core   0: 0x80000b10 (0x41432797) auipc   a5, 0x41432
core   0: 3 0x80000b10 (0x41432797) x15 0xc1432b10
core   0: 0x80000b14 (0x00000013) nop
core   0: 3 0x80000b14 (0x00000013)
core   0: 0x80000b18 (0x00840333) add     t1, s0, s0
core   0: 3 0x80000b18 (0x00840333) x 6 0x00000efe
core   0: 0x80000b1c (0x00000013) nop
core   0: 3 0x80000b1c (0x00000013)
core   0: 0x80000b20 (0x8a690313) addi    t1, s2, -1882
core   0: 3 0x80000b20 (0x8a690313) x 6 0xe260b750
core   0: 0x80000b24 (0xa1710c17) auipc   s8, 0xa1710
core   0: 3 0x80000b24 (0xa1710c17) x24 0x21710b24
core   0: 0x80000b28 (0xfddb6437) lui     s0, 0xfddb6
core   0: 3 0x80000b28 (0xfddb6437) x 8 0xfddb6000
core   0: 0x80000b2c (0x404c0933) sub     s2, s8, tp
core   0: 3 0x80000b2c (0x404c0933) x18 0xa17109aa
core   0: 0x80000b30 (0x40f787b3) sub     a5, a5, a5
core   0: 3 0x80000b30 (0x40f787b3) x15 0x00000000
core   0: 0x80000b34 (0x32d38c13) addi    s8, t2, 813
core   0: 3 0x80000b34 (0x32d38c13) x24 0x0000032d
core   0: 0x80000b38 (0x01a38933) add     s2, t2, s10
core   0: 3 0x80000b38 (0x01a38933) x18 0x80000000
core   0: 0x80000b3c (0x00000e93) li      t4, 0
core   0: 3 0x80000b3c (0x00000e93) x29 0x00000000
core   0: 0x80000b40 (0x00000d13) li      s10, 0
core   0: 3 0x80000b40 (0x00000d13) x26 0x00000000
core   0: 0x80000b44 (0x00000c13) li      s8, 0
core   0: 3 0x80000b44 (0x00000c13) x24 0x00000000
core   0: 0x80000b48 (0xfff00493) li      s1, -1
core   0: 3 0x80000b48 (0xfff00493) x 9 0xffffffff
core   0: 0x80000b4c (0xfff00113) li      sp, -1
core   0: 3 0x80000b4c (0xfff00113) x 2 0xffffffff
core   0: 0x80000b50 (0x00000213) li      tp, 0
core   0: 3 0x80000b50 (0x00000213) x 4 0x00000000
core   0: 0x80000b54 (0x80000937) lui     s2, 0x80000
core   0: 3 0x80000b54 (0x80000937) x18 0x80000000
core   0: 0x80000b58 (0x00000b93) li      s7, 0
core   0: 3 0x80000b58 (0x00000b93) x23 0x00000000
core   0: 0x80000b5c (0x00000593) li      a1, 0
core   0: 3 0x80000b5c (0x00000593) x11 0x00000000
core   0: 0x80000b60 (0x9c914f37) lui     t5, 0x9c914
core   0: 3 0x80000b60 (0x9c914f37) x30 0x9c914000
core   0: 0x80000b64 (0x5fbf0f13) addi    t5, t5, 1531
core   0: 3 0x80000b64 (0x5fbf0f13) x30 0x9c9145fb
core   0: 0x80000b68 (0x83ebff17) auipc   t5, 0x83ebf
core   0: 3 0x80000b68 (0x83ebff17) x30 0x03ebfb68
core   0: 0x80000b6c (0x017b8bb3) add     s7, s7, s7
core   0: 3 0x80000b6c (0x017b8bb3) x23 0x00000000
core   0: 0x80000b70 (0xcb6a0e97) auipc   t4, 0xcb6a0
core   0: 3 0x80000b70 (0xcb6a0e97) x29 0x4b6a0b70
core   0: 0x80000b74 (0xc04b7eb7) lui     t4, 0xc04b7
core   0: 3 0x80000b74 (0xc04b7eb7) x29 0xc04b7000
core   0: 0x80000b78 (0x01848bb3) add     s7, s1, s8
core   0: 3 0x80000b78 (0x01848bb3) x23 0xffffffff
core   0: 0x80000b7c (0x41248bb3) sub     s7, s1, s2
core   0: 3 0x80000b7c (0x41248bb3) x23 0x7fffffff
core   0: 0x80000b80 (0x5a980b97) auipc   s7, 0x5a980
core   0: 3 0x80000b80 (0x5a980b97) x23 0xda980b80
core   0: 0x80000b84 (0x404204b3) sub     s1, tp, tp
core   0: 3 0x80000b84 (0x404204b3) x 9 0x00000000
core   0: 0x80000b88 (0x1f3d7b97) auipc   s7, 0x1f3d7
core   0: 3 0x80000b88 (0x1f3d7b97) x23 0x9f3d7b88
core   0: 0x80000b8c (0x01720233) add     tp, tp, s7
core   0: 3 0x80000b8c (0x01720233) x 4 0x9f3d7b88
core   0: 0x80000b90 (0x00000013) nop
core   0: 3 0x80000b90 (0x00000013)
core   0: 0x80000b94 (0x3f0b3d17) auipc   s10, 0x3f0b3
core   0: 3 0x80000b94 (0x3f0b3d17) x26 0xbf0b3b94
core   0: 0x80000b98 (0x123dc597) auipc   a1, 0x123dc
core   0: 3 0x80000b98 (0x123dc597) x11 0x923dcb98
core   0: 0x80000b9c (0x02c2a237) lui     tp, 0x2c2a
core   0: 3 0x80000b9c (0x02c2a237) x 4 0x02c2a000
core   0: 0x80000ba0 (0x402b8d33) sub     s10, s7, sp
core   0: 3 0x80000ba0 (0x402b8d33) x26 0x9f3d7b89
core   0: 0x80000ba4 (0x402205b3) sub     a1, tp, sp
core   0: 3 0x80000ba4 (0x402205b3) x11 0x02c2a001
core   0: 0x80000ba8 (0x041bceb7) lui     t4, 0x41bc
core   0: 3 0x80000ba8 (0x041bceb7) x29 0x041bc000
core   0: 0x80000bac (0x00000013) nop
core   0: 3 0x80000bac (0x00000013)
core   0: 0x80000bb0 (0x01275893) srli    a7, a4, 18
core   0: 3 0x80000bb0 (0x01275893) x17 0x00000000
core   0: 0x80000bb4 (0x676c8817) auipc   a6, 0x676c8
core   0: 3 0x80000bb4 (0x676c8817) x16 0xe76c8bb4
core   0: 0x80000bb8 (0x00000013) nop
core   0: 3 0x80000bb8 (0x00000013)
core   0: 0x80000bbc (0x01a39833) sll     a6, t2, s10
core   0: 3 0x80000bbc (0x01a39833) x16 0x00000000
core   0: 0x80000bc0 (0x01a7ce33) xor     t3, a5, s10
core   0: 3 0x80000bc0 (0x01a7ce33) x28 0x9f3d7b89
core   0: 0x80000bc4 (0x00ad6033) or      zero, s10, a0
core   0: 3 0x80000bc4 (0x00ad6033)
core   0: 0x80000bc8 (0x01cecbb3) xor     s7, t4, t3
core   0: 3 0x80000bc8 (0x01cecbb3) x23 0x9b26bb89
core   0: 0x80000bcc (0x9b61a793) slti    a5, gp, -1610
core   0: 3 0x80000bcc (0x9b61a793) x15 0x00000000
core   0: 0x80000bd0 (0x00d8d213) srli    tp, a7, 13
core   0: 3 0x80000bd0 (0x00d8d213) x 4 0x00000000
core   0: 0x80000bd4 (0x624cf513) andi    a0, s9, 1572
core   0: 3 0x80000bd4 (0x624cf513) x10 0x00000400
core   0: 0x80000bd8 (0x7ebc6f13) ori     t5, s8, 2027
core   0: 3 0x80000bd8 (0x7ebc6f13) x30 0x000007eb
core   0: 0x80000bdc (0x00000013) nop
core   0: 3 0x80000bdc (0x00000013)
core   0: 0x80000be0 (0x2ce68213) addi    tp, a3, 718
core   0: 3 0x80000be0 (0x2ce68213) x 4 0x000002ce
core   0: 0x80000be4 (0xf6cc3993) sltiu   s3, s8, -148
core   0: 3 0x80000be4 (0xf6cc3993) x19 0x00000001
core   0: 0x80000be8 (0xb5af8b93) addi    s7, t6, -1190
core   0: 3 0x80000be8 (0xb5af8b93) x23 0xa358565a
core   0: 0x80000bec (0x012f4b33) xor     s6, t5, s2
core   0: 3 0x80000bec (0x012f4b33) x22 0x800007eb
core   0: 0x80000bf0 (0x0141b5b3) sltu    a1, gp, s4
core   0: 3 0x80000bf0 (0x0141b5b3) x11 0x00000000
core   0: 0x80000bf4 (0xc3a65117) auipc   sp, 0xc3a65
core   0: 3 0x80000bf4 (0xc3a65117) x 2 0x43a65bf4
core   0: 0x80000bf8 (0x01e76933) or      s2, a4, t5
core   0: 3 0x80000bf8 (0x01e76933) x18 0x000007eb
core   0: 0x80000bfc (0x006f0d33) add     s10, t5, t1
core   0: 3 0x80000bfc (0x006f0d33) x26 0xe260bf3b
core   0: 0x80000c00 (0x5da07513) andi    a0, zero, 1498
core   0: 3 0x80000c00 (0x5da07513) x10 0x00000000
core   0: 0x80000c04 (0xc6a02993) slti    s3, zero, -918
core   0: 3 0x80000c04 (0xc6a02993) x19 0x00000000
core   0: 0x80000c08 (0x0ab1a693) slti    a3, gp, 171
core   0: 3 0x80000c08 (0x0ab1a693) x13 0x00000001
core   0: 0x80000c0c (0x4074d193) srai    gp, s1, 7
core   0: 3 0x80000c0c (0x4074d193) x 3 0x00000000
core   0: 0x80000c10 (0x40bd5fb3) sra     t6, s10, a1
core   0: 3 0x80000c10 (0x40bd5fb3) x31 0xe260bf3b
core   0: 0x80000c14 (0x00d71033) sll     zero, a4, a3
core   0: 3 0x80000c14 (0x00d71033)
core   0: 0x80000c18 (0x012aebb3) or      s7, s5, s2
core   0: 3 0x80000c18 (0x012aebb3) x23 0x80015fef
core   0: 0x80000c1c (0x0165adb3) slt     s11, a1, s6
core   0: 3 0x80000c1c (0x0165adb3) x27 0x00000000
core   0: 0x80000c20 (0x00070d33) add     s10, a4, zero
core   0: 3 0x80000c20 (0x00070d33) x26 0x00000000
core   0: 0x80000c24 (0x4105d233) sra     tp, a1, a6
core   0: 3 0x80000c24 (0x4105d233) x 4 0x00000000
core   0: 0x80000c28 (0xb817cc93) xori    s9, a5, -1151
core   0: 3 0x80000c28 (0xb817cc93) x25 0xfffffb81
core   0: 0x80000c2c (0x01af98b3) sll     a7, t6, s10
core   0: 3 0x80000c2c (0x01af98b3) x17 0xe260bf3b
core   0: 0x80000c30 (0x01cc9333) sll     t1, s9, t3
core   0: 3 0x80000c30 (0x01cc9333) x 6 0xfff70200
core   0: 0x80000c34 (0x413156b3) sra     a3, sp, s3
core   0: 3 0x80000c34 (0x413156b3) x13 0x43a65bf4
core   0: 0x80000c38 (0x86530293) addi    t0, t1, -1947
core   0: 3 0x80000c38 (0x86530293) x 5 0xfff6fa65
core   0: 0x80000c3c (0xfb15a793) slti    a5, a1, -79
core   0: 3 0x80000c3c (0xfb15a793) x15 0x00000000
core   0: 0x80000c40 (0x013d9093) slli    ra, s11, 19
core   0: 3 0x80000c40 (0x013d9093) x 1 0x00000000
core   0: 0x80000c44 (0x408686b3) sub     a3, a3, s0
core   0: 3 0x80000c44 (0x408686b3) x13 0x45cafbf4
core   0: 0x80000c48 (0x007f6833) or      a6, t5, t2
core   0: 3 0x80000c48 (0x007f6833) x16 0x000007eb
core   0: 0x80000c4c (0x00a316b3) sll     a3, t1, a0
core   0: 3 0x80000c4c (0x00a316b3) x13 0xfff70200
core   0: 0x80000c50 (0x00382033) slt     zero, a6, gp
core   0: 3 0x80000c50 (0x00382033)
core   0: 0x80000c54 (0x00336c33) or      s8, t1, gp
core   0: 3 0x80000c54 (0x00336c33) x24 0xfff70200
core   0: 0x80000c58 (0x31b6f013) andi    zero, a3, 795
core   0: 3 0x80000c58 (0x31b6f013)
core   0: 0x80000c5c (0x4128d493) srai    s1, a7, 18
core   0: 3 0x80000c5c (0x4128d493) x 9 0xfffff898
core   0: 0x80000c60 (0x32d43117) auipc   sp, 0x32d43
core   0: 3 0x80000c60 (0x32d43117) x 2 0xb2d43c60
core   0: 0x80000c64 (0x0011ec33) or      s8, gp, ra
core   0: 3 0x80000c64 (0x0011ec33) x24 0x00000000
core   0: 0x80000c68 (0x002a70b3) and     ra, s4, sp
core   0: 3 0x80000c68 (0x002a70b3) x 1 0x80001c60
core   0: 0x80000c6c (0x406c5d13) srai    s10, s8, 6
core   0: 3 0x80000c6c (0x406c5d13) x26 0x00000000
core   0: 0x80000c70 (0x000580b3) add     ra, a1, zero
core   0: 3 0x80000c70 (0x000580b3) x 1 0x00000000
core   0: 0x80000c74 (0x00000013) nop
core   0: 3 0x80000c74 (0x00000013)
core   0: 0x80000c78 (0x614b0213) addi    tp, s6, 1556
core   0: 3 0x80000c78 (0x614b0213) x 4 0x80000dff
core   0: 0x80000c7c (0x01f74c33) xor     s8, a4, t6
core   0: 3 0x80000c7c (0x01f74c33) x24 0xe260bf3b
core   0: 0x80000c80 (0x015d6133) or      sp, s10, s5
core   0: 3 0x80000c80 (0x015d6133) x 2 0x80015ce4
core   0: 0x80000c84 (0x9c5f4e93) xori    t4, t5, -1595
core   0: 3 0x80000c84 (0x9c5f4e93) x29 0xfffffe2e
core   0: 0x80000c88 (0x8a463717) auipc   a4, 0x8a463
core   0: 3 0x80000c88 (0x8a463717) x14 0x0a463c88
core   0: 0x80000c8c (0x40b6d233) sra     tp, a3, a1
core   0: 3 0x80000c8c (0x40b6d233) x 4 0xfff70200
core   0: 0x80000c90 (0xb510b213) sltiu   tp, ra, -1199
core   0: 3 0x80000c90 (0xb510b213) x 4 0x00000001
core   0: 0x80000c94 (0x01e332b3) sltu    t0, t1, t5
core   0: 3 0x80000c94 (0x01e332b3) x 5 0x00000000
core   0: 0x80000c98 (0xb3c4cc97) auipc   s9, 0xb3c4c
core   0: 3 0x80000c98 (0xb3c4cc97) x25 0x33c4cc98
core   0: 0x80000c9c (0x41de5433) sra     s0, t3, t4
core   0: 3 0x80000c9c (0x41de5433) x 8 0xfffe7cf5
core   0: 0x80000ca0 (0x0124dd93) srli    s11, s1, 18
core   0: 3 0x80000ca0 (0x0124dd93) x27 0x00003fff
core   0: 0x80000ca4 (0x001e5e93) srli    t4, t3, 1
core   0: 3 0x80000ca4 (0x001e5e93) x29 0x4f9ebdc4
core   0: 0x80000ca8 (0xba15be93) sltiu   t4, a1, -1119
core   0: 3 0x80000ca8 (0xba15be93) x29 0x00000001
core   0: 0x80000cac (0xe07bac93) slti    s9, s7, -505
core   0: 3 0x80000cac (0xe07bac93) x25 0x00000001
core   0: 0x80000cb0 (0x2b9cec93) ori     s9, s9, 697
core   0: 3 0x80000cb0 (0x2b9cec93) x25 0x000002b9
core   0: 0x80000cb4 (0x00aa8733) add     a4, s5, a0
core   0: 3 0x80000cb4 (0x00aa8733) x14 0x80015ce4
core   0: 0x80000cb8 (0x019b8eb3) add     t4, s7, s9
core   0: 3 0x80000cb8 (0x019b8eb3) x29 0x800162a8
core   0: 0x80000cbc (0x401b8e33) sub     t3, s7, ra
core   0: 3 0x80000cbc (0x401b8e33) x28 0x80015fef
core   0: 0x80000cc0 (0xd73fc413) xori    s0, t6, -653
core   0: 3 0x80000cc0 (0xd73fc413) x 8 0x1d9f4248
core   0: 0x80000cc4 (0x244e2f93) slti    t6, t3, 580
core   0: 3 0x80000cc4 (0x244e2f93) x31 0x00000001
core   0: 0x80000cc8 (0x41bc0c33) sub     s8, s8, s11
core   0: 3 0x80000cc8 (0x41bc0c33) x24 0xe2607f3c
core   0: 0x80000ccc (0x6e1d3e93) sltiu   t4, s10, 1761
core   0: 3 0x80000ccc (0x6e1d3e93) x29 0x00000001
core   0: 0x80000cd0 (0x00000013) nop
core   0: 3 0x80000cd0 (0x00000013)
core   0: 0x80000cd4 (0x00543233) sltu    tp, s0, t0
core   0: 3 0x80000cd4 (0x00543233) x 4 0x00000000
core   0: 0x80000cd8 (0x012a3d33) sltu    s10, s4, s2
core   0: 3 0x80000cd8 (0x012a3d33) x26 0x00000000
core   0: 0x80000cdc (0x00ab9333) sll     t1, s7, a0
core   0: 3 0x80000cdc (0x00ab9333) x 6 0x80015fef
core   0: 0x80000ce0 (0x7680ce93) xori    t4, ra, 1896
core   0: 3 0x80000ce0 (0x7680ce93) x29 0x00000768
core   0: 0x80000ce4 (0x01d073b3) and     t2, zero, t4
core   0: 3 0x80000ce4 (0x01d073b3) x 7 0x00000000
core   0: 0x80000ce8 (0xa18f1917) auipc   s2, 0xa18f1
core   0: 3 0x80000ce8 (0xa18f1917) x18 0x218f1ce8
core   0: 0x80000cec (0x627bf393) andi    t2, s7, 1575
core   0: 3 0x80000cec (0x627bf393) x 7 0x00000627
core   0: 0x80000cf0 (0x01e54533) xor     a0, a0, t5
core   0: 3 0x80000cf0 (0x01e54533) x10 0x000007eb
core   0: 0x80000cf4 (0x00000013) nop
core   0: 3 0x80000cf4 (0x00000013)
core   0: 0x80000cf8 (0x1357f893) andi    a7, a5, 309
core   0: 3 0x80000cf8 (0x1357f893) x17 0x00000000
core   0: 0x80000cfc (0xb5c32313) slti    t1, t1, -1188
core   0: 3 0x80000cfc (0xb5c32313) x 6 0x00000001
core   0: 0x80000d00 (0x7d2a8013) addi    zero, s5, 2002
core   0: 3 0x80000d00 (0x7d2a8013)
core   0: 0x80000d04 (0xedec3737) lui     a4, 0xedec3
core   0: 3 0x80000d04 (0xedec3737) x14 0xedec3000
core   0: 0x80000d08 (0x588d6493) ori     s1, s10, 1416
core   0: 3 0x80000d08 (0x588d6493) x 9 0x00000588
core   0: 0x80000d0c (0x41e24c93) xori    s9, tp, 1054
core   0: 3 0x80000d0c (0x41e24c93) x25 0x0000041e
core   0: 0x80000d10 (0x016ea0b3) slt     ra, t4, s6
core   0: 3 0x80000d10 (0x016ea0b3) x 1 0x00000000
core   0: 0x80000d14 (0x00a1acb3) slt     s9, gp, a0
core   0: 3 0x80000d14 (0x00a1acb3) x25 0x00000001
core   0: 0x80000d18 (0xdf824013) xori    zero, tp, -520
core   0: 3 0x80000d18 (0xdf824013)
core   0: 0x80000d1c (0x590b8893) addi    a7, s7, 1424
core   0: 3 0x80000d1c (0x590b8893) x17 0x8001657f
core   0: 0x80000d20 (0x00c93233) sltu    tp, s2, a2
core   0: 3 0x80000d20 (0x00c93233) x 4 0x00000001
core   0: 0x80000d24 (0x408cdbb3) sra     s7, s9, s0
core   0: 3 0x80000d24 (0x408cdbb3) x23 0x00000000
core   0: 0x80000d28 (0x00000013) nop
core   0: 3 0x80000d28 (0x00000013)
core   0: 0x80000d2c (0x01435093) srli    ra, t1, 20
core   0: 3 0x80000d2c (0x01435093) x 1 0x00000000
core   0: 0x80000d30 (0x4025dc93) srai    s9, a1, 2
core   0: 3 0x80000d30 (0x4025dc93) x25 0x00000000
core   0: 0x80000d34 (0x41c3d9b3) sra     s3, t2, t3
core   0: 3 0x80000d34 (0x41c3d9b3) x19 0x00000000
core   0: 0x80000d38 (0x8a18e997) auipc   s3, 0x8a18e
core   0: 3 0x80000d38 (0x8a18e997) x19 0x0a18ed38
core   0: 0x80000d3c (0x008864b3) or      s1, a6, s0
core   0: 3 0x80000d3c (0x008864b3) x 9 0x1d9f47eb
core   0: 0x80000d40 (0x00000013) nop
core   0: 3 0x80000d40 (0x00000013)
core   0: 0x80000d44 (0x421f2413) slti    s0, t5, 1057
core   0: 3 0x80000d44 (0x421f2413) x 8 0x00000000
core   0: 0x80000d48 (0x014e1c93) slli    s9, t3, 20
core   0: 3 0x80000d48 (0x014e1c93) x25 0xfef00000
core   0: 0x80000d4c (0x00d63533) sltu    a0, a2, a3
core   0: 3 0x80000d4c (0x00d63533) x10 0x00000001
core   0: 0x80000d50 (0x41df8cb3) sub     s9, t6, t4
core   0: 3 0x80000d50 (0x41df8cb3) x25 0xfffff899
core   0: 0x80000d54 (0x5692f293) andi    t0, t0, 1385
core   0: 3 0x80000d54 (0x5692f293) x 5 0x00000000
core   0: 0x80000d58 (0x005675b3) and     a1, a2, t0
core   0: 3 0x80000d58 (0x005675b3) x11 0x00000000
core   0: 0x80000d5c (0x41045233) sra     tp, s0, a6
core   0: 3 0x80000d5c (0x41045233) x 4 0x00000000
core   0: 0x80000d60 (0x4102de13) srai    t3, t0, 16
core   0: 3 0x80000d60 (0x4102de13) x28 0x00000000
core   0: 0x80000d64 (0x7b1f3f93) sltiu   t6, t5, 1969
core   0: 3 0x80000d64 (0x7b1f3f93) x31 0x00000000
core   0: 0x80000d68 (0x41f1d113) srai    sp, gp, 31
core   0: 3 0x80000d68 (0x41f1d113) x 2 0x00000000
core   0: 0x80000d6c (0x01086833) or      a6, a6, a6
core   0: 3 0x80000d6c (0x01086833) x16 0x000007eb
core   0: 0x80000d70 (0x41d25393) srai    t2, tp, 29
core   0: 3 0x80000d70 (0x41d25393) x 7 0x00000000
core   0: 0x80000d74 (0x584bc693) xori    a3, s7, 1412
core   0: 3 0x80000d74 (0x584bc693) x13 0x00000584
core   0: 0x80000d78 (0x01e33f33) sltu    t5, t1, t5
core   0: 3 0x80000d78 (0x01e33f33) x30 0x00000001
core   0: 0x80000d7c (0xf188c913) xori    s2, a7, -232
core   0: 3 0x80000d7c (0xf188c913) x18 0x7ffe9a67
core   0: 0x80000d80 (0x00449133) sll     sp, s1, tp
core   0: 3 0x80000d80 (0x00449133) x 2 0x1d9f47eb
core   0: 0x80000d84 (0x3cac2213) slti    tp, s8, 970
core   0: 3 0x80000d84 (0x3cac2213) x 4 0x00000001
core   0: 0x80000d88 (0x00c05333) srl     t1, zero, a2
core   0: 3 0x80000d88 (0x00c05333) x 6 0x00000000
core   0: 0x80000d8c (0x41805c93) srai    s9, zero, 24
core   0: 3 0x80000d8c (0x41805c93) x25 0x00000000
core   0: 0x80000d90 (0x01082c33) slt     s8, a6, a6
core   0: 3 0x80000d90 (0x01082c33) x24 0x00000000
core   0: 0x80000d94 (0x017fd233) srl     tp, t6, s7
core   0: 3 0x80000d94 (0x017fd233) x 4 0x00000000
core   0: 0x80000d98 (0x012b48b3) xor     a7, s6, s2
core   0: 3 0x80000d98 (0x012b48b3) x17 0xfffe9d8c
core   0: 0x80000d9c (0x00a91433) sll     s0, s2, a0
core   0: 3 0x80000d9c (0x00a91433) x 8 0xfffd34ce
core   0: 0x80000da0 (0x00047d33) and     s10, s0, zero
core   0: 3 0x80000da0 (0x00047d33) x26 0x00000000
core   0: 0x80000da4 (0xd51aa993) slti    s3, s5, -687
core   0: 3 0x80000da4 (0xd51aa993) x19 0x00000001
core   0: 0x80000da8 (0x00bf5eb3) srl     t4, t5, a1
core   0: 3 0x80000da8 (0x00bf5eb3) x29 0x00000001
core   0: 0x80000dac (0x4de17213) andi    tp, sp, 1246
core   0: 3 0x80000dac (0x4de17213) x 4 0x000004ca
core   0: 0x80000db0 (0x01799c93) slli    s9, s3, 23
core   0: 3 0x80000db0 (0x01799c93) x25 0x00800000
core   0: 0x80000db4 (0x3c9c66b7) lui     a3, 0x3c9c6
core   0: 3 0x80000db4 (0x3c9c66b7) x13 0x3c9c6000
core   0: 0x80000db8 (0x01a16033) or      zero, sp, s10
core   0: 3 0x80000db8 (0x01a16033)
core   0: 0x80000dbc (0x01933b33) sltu    s6, t1, s9
core   0: 3 0x80000dbc (0x01933b33) x22 0x00000001
core   0: 0x80000dc0 (0xbfb48993) addi    s3, s1, -1029
core   0: 3 0x80000dc0 (0xbfb48993) x19 0x1d9f43e6
core   0: 0x80000dc4 (0x01fe4b33) xor     s6, t3, t6
core   0: 3 0x80000dc4 (0x01fe4b33) x22 0x00000000
core   0: 0x80000dc8 (0x00d7a033) slt     zero, a5, a3
core   0: 3 0x80000dc8 (0x00d7a033)
core   0: 0x80000dcc (0x00721e33) sll     t3, tp, t2
core   0: 3 0x80000dcc (0x00721e33) x28 0x000004ca
core   0: 0x80000dd0 (0x01b2fe33) and     t3, t0, s11
core   0: 3 0x80000dd0 (0x01b2fe33) x28 0x00000000
core   0: 0x80000dd4 (0x00000013) nop
core   0: 3 0x80000dd4 (0x00000013)
core   0: 0x80000dd8 (0x009c73b3) and     t2, s8, s1
core   0: 3 0x80000dd8 (0x009c73b3) x 7 0x00000000
core   0: 0x80000ddc (0x40e4d733) sra     a4, s1, a4
core   0: 3 0x80000ddc (0x40e4d733) x14 0x1d9f47eb
core   0: 0x80000de0 (0x2b652c93) slti    s9, a0, 694
core   0: 3 0x80000de0 (0x2b652c93) x25 0x00000001
core   0: 0x80000de4 (0x8cc5e513) ori     a0, a1, -1844
core   0: 3 0x80000de4 (0x8cc5e513) x10 0xfffff8cc
core   0: 0x80000de8 (0x009c2b33) slt     s6, s8, s1
core   0: 3 0x80000de8 (0x009c2b33) x22 0x00000001
core   0: 0x80000dec (0x01fc9033) sll     zero, s9, t6
core   0: 3 0x80000dec (0x01fc9033)
core   0: 0x80000df0 (0x00dfe233) or      tp, t6, a3
core   0: 3 0x80000df0 (0x00dfe233) x 4 0x3c9c6000
core   0: 0x80000df4 (0x0175a733) slt     a4, a1, s7
core   0: 3 0x80000df4 (0x0175a733) x14 0x00000000
core   0: 0x80000df8 (0x083ef693) andi    a3, t4, 131
core   0: 3 0x80000df8 (0x083ef693) x13 0x00000001
core   0: 0x80000dfc (0x41ced9b3) sra     s3, t4, t3
core   0: 3 0x80000dfc (0x41ced9b3) x19 0x00000001
core   0: 0x80000e00 (0x01e0f533) and     a0, ra, t5
core   0: 3 0x80000e00 (0x01e0f533) x10 0x00000000
core   0: 0x80000e04 (0x00a98433) add     s0, s3, a0
core   0: 3 0x80000e04 (0x00a98433) x 8 0x00000001
core   0: 0x80000e08 (0xb84f3c93) sltiu   s9, t5, -1148
core   0: 3 0x80000e08 (0xb84f3c93) x25 0x00000001
core   0: 0x80000e0c (0xbaf02b13) slti    s6, zero, -1105
core   0: 3 0x80000e0c (0xbaf02b13) x22 0x00000000
core   0: 0x80000e10 (0x0199e733) or      a4, s3, s9
core   0: 3 0x80000e10 (0x0199e733) x14 0x00000001
core   0: 0x80000e14 (0x01f66bb3) or      s7, a2, t6
core   0: 3 0x80000e14 (0x01f66bb3) x23 0xef026aee
core   0: 0x80000e18 (0x000c0733) add     a4, s8, zero
core   0: 3 0x80000e18 (0x000c0733) x14 0x00000000
core   0: 0x80000e1c (0x01b5e7b3) or      a5, a1, s11
core   0: 3 0x80000e1c (0x01b5e7b3) x15 0x00003fff
core   0: 0x80000e20 (0x010ef7b3) and     a5, t4, a6
core   0: 3 0x80000e20 (0x010ef7b3) x15 0x00000001
core   0: 0x80000e24 (0xa9b1cd13) xori    s10, gp, -1381
core   0: 3 0x80000e24 (0xa9b1cd13) x26 0xfffffa9b
core   0: 0x80000e28 (0xf2de3d17) auipc   s10, 0xf2de3
core   0: 3 0x80000e28 (0xf2de3d17) x26 0x72de3e28
core   0: 0x80000e2c (0x001dbf33) sltu    t5, s11, ra
core   0: 3 0x80000e2c (0x001dbf33) x30 0x00000000
core   0: 0x80000e30 (0x0194fb33) and     s6, s1, s9
core   0: 3 0x80000e30 (0x0194fb33) x22 0x00000001
core   0: 0x80000e34 (0x00311593) slli    a1, sp, 3
core   0: 3 0x80000e34 (0x00311593) x11 0xecfa3f58
core   0: 0x80000e38 (0x01a59333) sll     t1, a1, s10
core   0: 3 0x80000e38 (0x01a59333) x 6 0xfa3f5800
core   0: 0x80000e3c (0x41a15b93) srai    s7, sp, 26
core   0: 3 0x80000e3c (0x41a15b93) x23 0x00000007
core   0: 0x80000e40 (0x65daef93) ori     t6, s5, 1629
core   0: 3 0x80000e40 (0x65daef93) x31 0x80015efd
core   0: 0x80000e44 (0x00181e93) slli    t4, a6, 1
core   0: 3 0x80000e44 (0x00181e93) x29 0x00000fd6
core   0: 0x80000e48 (0x008674b3) and     s1, a2, s0
core   0: 3 0x80000e48 (0x008674b3) x 9 0x00000000
core   0: 0x80000e4c (0x003a1cb3) sll     s9, s4, gp
core   0: 3 0x80000e4c (0x003a1cb3) x25 0x80011e64
core   0: 0x80000e50 (0x00b3f6b3) and     a3, t2, a1
core   0: 3 0x80000e50 (0x00b3f6b3) x13 0x00000000
core   0: 0x80000e54 (0x01301193) slli    gp, zero, 19
core   0: 3 0x80000e54 (0x01301193) x 3 0x00000000
core   0: 0x80000e58 (0x416adf13) srai    t5, s5, 22
core   0: 3 0x80000e58 (0x416adf13) x30 0xfffffe00
core   0: 0x80000e5c (0x00ad9c93) slli    s9, s11, 10
core   0: 3 0x80000e5c (0x00ad9c93) x25 0x00fffc00
core   0: 0x80000e60 (0x01701c93) slli    s9, zero, 23
core   0: 3 0x80000e60 (0x01701c93) x25 0x00000000
core   0: 0x80000e64 (0x01658833) add     a6, a1, s6
core   0: 3 0x80000e64 (0x01658833) x16 0xecfa3f59
core   0: 0x80000e68 (0x82b33c17) auipc   s8, 0x82b33
core   0: 3 0x80000e68 (0x82b33c17) x24 0x02b33e68
core   0: 0x80000e6c (0x01d85bb3) srl     s7, a6, t4
core   0: 3 0x80000e6c (0x01d85bb3) x23 0x000003b3
core   0: 0x80000e70 (0x01774fb3) xor     t6, a4, s7
core   0: 3 0x80000e70 (0x01774fb3) x31 0x000003b3
core   0: 0x80000e74 (0x0044af33) slt     t5, s1, tp
core   0: 3 0x80000e74 (0x0044af33) x30 0x00000001
core   0: 0x80000e78 (0x412e5293) srai    t0, t3, 18
core   0: 3 0x80000e78 (0x412e5293) x 5 0x00000000
core   0: 0x80000e7c (0x018834b3) sltu    s1, a6, s8
core   0: 3 0x80000e7c (0x018834b3) x 9 0x00000000
core   0: 0x80000e80 (0x01715c93) srli    s9, sp, 23
core   0: 3 0x80000e80 (0x01715c93) x25 0x0000003b
core   0: 0x80000e84 (0x01e98f33) add     t5, s3, t5
core   0: 3 0x80000e84 (0x01e98f33) x30 0x00000002
core   0: 0x80000e88 (0x00ecf8b3) and     a7, s9, a4
core   0: 3 0x80000e88 (0x00ecf8b3) x17 0x00000000
core   0: 0x80000e8c (0x00dcc2b3) xor     t0, s9, a3
core   0: 3 0x80000e8c (0x00dcc2b3) x 5 0x0000003b
core   0: 0x80000e90 (0x0195ce33) xor     t3, a1, s9
core   0: 3 0x80000e90 (0x0195ce33) x28 0xecfa3f63
core   0: 0x80000e94 (0xf7e03013) sltiu   zero, zero, -130
core   0: 3 0x80000e94 (0xf7e03013)
core   0: 0x80000e98 (0x60e23493) sltiu   s1, tp, 1550
core   0: 3 0x80000e98 (0x60e23493) x 9 0x00000000
core   0: 0x80000e9c (0x01d90533) add     a0, s2, t4
core   0: 3 0x80000e9c (0x01d90533) x10 0x7ffeaa3d
core   0: 0x80000ea0 (0x0085ae33) slt     t3, a1, s0
core   0: 3 0x80000ea0 (0x0085ae33) x28 0x00000001
core   0: 0x80000ea4 (0x009f9d13) slli    s10, t6, 9
core   0: 3 0x80000ea4 (0x009f9d13) x26 0x00076600
core   0: 0x80000ea8 (0x016f9e33) sll     t3, t6, s6
core   0: 3 0x80000ea8 (0x016f9e33) x28 0x00000766
core   0: 0x80000eac (0x4e8efc13) andi    s8, t4, 1256
core   0: 3 0x80000eac (0x4e8efc13) x24 0x000004c0
core   0: 0x80000eb0 (0x40e68233) sub     tp, a3, a4
core   0: 3 0x80000eb0 (0x40e68233) x 4 0x00000000
core   0: 0x80000eb4 (0x00eb5993) srli    s3, s6, 14
core   0: 3 0x80000eb4 (0x00eb5993) x19 0x00000000
core   0: 0x80000eb8 (0x9c7b0db7) lui     s11, 0x9c7b0
core   0: 3 0x80000eb8 (0x9c7b0db7) x27 0x9c7b0000
core   0: 0x80000ebc (0x1c8aaf13) slti    t5, s5, 456
core   0: 3 0x80000ebc (0x1c8aaf13) x30 0x00000001
core   0: 0x80000ec0 (0x013b7fb3) and     t6, s6, s3
core   0: 3 0x80000ec0 (0x013b7fb3) x31 0x00000000
core   0: 0x80000ec4 (0x464e7013) andi    zero, t3, 1124
core   0: 3 0x80000ec4 (0x464e7013)
core   0: 0x80000ec8 (0xb6ca4693) xori    a3, s4, -1172
core   0: 3 0x80000ec8 (0xb6ca4693) x13 0x7ffee508
core   0: 0x80000ecc (0xc2ba4193) xori    gp, s4, -981
core   0: 3 0x80000ecc (0xc2ba4193) x 3 0x7ffee24f
core   0: 0x80000ed0 (0x402e5bb3) sra     s7, t3, sp
core   0: 3 0x80000ed0 (0x402e5bb3) x23 0x00000000
core   0: 0x80000ed4 (0x013cbd33) sltu    s10, s9, s3
core   0: 3 0x80000ed4 (0x013cbd33) x26 0x00000000
core   0: 0x80000ed8 (0xa32c8b93) addi    s7, s9, -1486
core   0: 3 0x80000ed8 (0xa32c8b93) x23 0xfffffa6d
core   0: 0x80000edc (0x01f6cd33) xor     s10, a3, t6
core   0: 3 0x80000edc (0x01f6cd33) x26 0x7ffee508
core   0: 0x80000ee0 (0x9f00c213) xori    tp, ra, -1552
core   0: 3 0x80000ee0 (0x9f00c213) x 4 0xfffff9f0
core   0: 0x80000ee4 (0x1df6e293) ori     t0, a3, 479
core   0: 3 0x80000ee4 (0x1df6e293) x 5 0x7ffee5df
core   0: 0x80000ee8 (0x93096213) ori     tp, s2, -1744
core   0: 3 0x80000ee8 (0x93096213) x 4 0xfffffb77
core   0: 0x80000eec (0x065e4213) xori    tp, t3, 101
core   0: 3 0x80000eec (0x065e4213) x 4 0x00000703
core   0: 0x80000ef0 (0x013d6433) or      s0, s10, s3
core   0: 3 0x80000ef0 (0x013d6433) x 8 0x7ffee508
core   0: 0x80000ef4 (0x5bccbe93) sltiu   t4, s9, 1468
core   0: 3 0x80000ef4 (0x5bccbe93) x29 0x00000001
core   0: 0x80000ef8 (0x1905ee13) ori     t3, a1, 400
core   0: 3 0x80000ef8 (0x1905ee13) x28 0xecfa3fd8
core   0: 0x80000efc (0x419a0db3) sub     s11, s4, s9
core   0: 3 0x80000efc (0x419a0db3) x27 0x80011e29
core   0: 0x80000f00 (0x009b28b3) slt     a7, s6, s1
core   0: 3 0x80000f00 (0x009b28b3) x17 0x00000000
core   0: 0x80000f04 (0x73907e13) andi    t3, zero, 1849
core   0: 3 0x80000f04 (0x73907e13) x28 0x00000000
core   0: 0x80000f08 (0x011e96b3) sll     a3, t4, a7
core   0: 3 0x80000f08 (0x011e96b3) x13 0x00000001
core   0: 0x80000f0c (0x00000013) nop
core   0: 3 0x80000f0c (0x00000013)
core   0: 0x80000f10 (0x417288b3) sub     a7, t0, s7
core   0: 3 0x80000f10 (0x417288b3) x17 0x7ffeeb72
core   0: 0x80000f14 (0x00000013) nop
core   0: 3 0x80000f14 (0x00000013)
core   0: 0x80000f18 (0x0d8cf213) andi    tp, s9, 216
core   0: 3 0x80000f18 (0x0d8cf213) x 4 0x00000018
core   0: 0x80000f1c (0x0110ed33) or      s10, ra, a7
core   0: 3 0x80000f1c (0x0110ed33) x26 0x7ffeeb72
core   0: 0x80000f20 (0x01f34833) xor     a6, t1, t6
core   0: 3 0x80000f20 (0x01f34833) x16 0xfa3f5800
core   0: 0x80000f24 (0xfeb1ff13) andi    t5, gp, -21
core   0: 3 0x80000f24 (0xfeb1ff13) x30 0x7ffee24b
core   0: 0x80000f28 (0xfa744b93) xori    s7, s0, -89
core   0: 3 0x80000f28 (0xfa744b93) x23 0x80011aaf
core   0: 0x80000f2c (0xe07f3493) sltiu   s1, t5, -505
core   0: 3 0x80000f2c (0xe07f3493) x 9 0x00000001
core   0: 0x80000f30 (0x003a9333) sll     t1, s5, gp
core   0: 3 0x80000f30 (0x003a9333) x 6 0xae720000
core   0: 0x80000f34 (0x01dc5493) srli    s1, s8, 29
core   0: 3 0x80000f34 (0x01dc5493) x 9 0x00000000
core   0: 0x80000f38 (0x6ab3f193) andi    gp, t2, 1707
core   0: 3 0x80000f38 (0x6ab3f193) x 3 0x00000000
core   0: 0x80000f3c (0x014a88b3) add     a7, s5, s4
core   0: 3 0x80000f3c (0x014a88b3) x17 0x00027b48
core   0: 0x80000f40 (0xeb237593) andi    a1, t1, -334
core   0: 3 0x80000f40 (0xeb237593) x11 0xae720000
core   0: 0x80000f44 (0x00b8c0b3) xor     ra, a7, a1
core   0: 3 0x80000f44 (0x00b8c0b3) x 1 0xae707b48
core   0: 0x80000f48 (0x41f98db3) sub     s11, s3, t6
core   0: 3 0x80000f48 (0x41f98db3) x27 0x00000000
core   0: 0x80000f4c (0x016fb3b3) sltu    t2, t6, s6
core   0: 3 0x80000f4c (0x016fb3b3) x 7 0x00000001
core   0: 0x80000f50 (0x41c7dd13) srai    s10, a5, 28
core   0: 3 0x80000f50 (0x41c7dd13) x26 0x00000000
core   0: 0x80000f54 (0xa2773693) sltiu   a3, a4, -1497
core   0: 3 0x80000f54 (0xa2773693) x13 0x00000001
core   0: 0x80000f58 (0x67c6a513) slti    a0, a3, 1660
core   0: 3 0x80000f58 (0x67c6a513) x10 0x00000001
core   0: 0x80000f5c (0x00fc4d33) xor     s10, s8, a5
core   0: 3 0x80000f5c (0x00fc4d33) x26 0x000004c1
core   0: 0x80000f60 (0x417ad793) srai    a5, s5, 23
core   0: 3 0x80000f60 (0x417ad793) x15 0xffffff00
core   0: 0x80000f64 (0x01105433) srl     s0, zero, a7
core   0: 3 0x80000f64 (0x01105433) x 8 0x00000000
core   0: 0x80000f68 (0x8c95a713) slti    a4, a1, -1847
core   0: 3 0x80000f68 (0x8c95a713) x14 0x00000001
core   0: 0x80000f6c (0x414b5d33) sra     s10, s6, s4
core   0: 3 0x80000f6c (0x414b5d33) x26 0x00000000
core   0: 0x80000f70 (0xf4a6eb93) ori     s7, a3, -182
core   0: 3 0x80000f70 (0xf4a6eb93) x23 0xffffff4b
core   0: 0x80000f74 (0x4146d933) sra     s2, a3, s4
core   0: 3 0x80000f74 (0x4146d933) x18 0x00000000
core   0: 0x80000f78 (0xde99c913) xori    s2, s3, -535
core   0: 3 0x80000f78 (0xde99c913) x18 0xfffffde9
core   0: 0x80000f7c (0x00ed1033) sll     zero, s10, a4
core   0: 3 0x80000f7c (0x00ed1033)
core   0: 0x80000f80 (0x6fb60113) addi    sp, a2, 1787
core   0: 3 0x80000f80 (0x6fb60113) x 2 0xef0271e9
core   0: 0x80000f84 (0x40655913) srai    s2, a0, 6
core   0: 3 0x80000f84 (0x40655913) x18 0x00000000
core   0: 0x80000f88 (0x40df04b3) sub     s1, t5, a3
core   0: 3 0x80000f88 (0x40df04b3) x 9 0x7ffee24a
core   0: 0x80000f8c (0x01dbd993) srli    s3, s7, 29
core   0: 3 0x80000f8c (0x01dbd993) x19 0x00000007
core   0: 0x80000f90 (0x00d0abb3) slt     s7, ra, a3
core   0: 3 0x80000f90 (0x00d0abb3) x23 0x00000001
core   0: 0x80000f94 (0x00881e33) sll     t3, a6, s0
core   0: 3 0x80000f94 (0x00881e33) x28 0xfa3f5800
core   0: 0x80000f98 (0x00e0b8b3) sltu    a7, ra, a4
core   0: 3 0x80000f98 (0x00e0b8b3) x17 0x00000000
core   0: 0x80000f9c (0x40a45133) sra     sp, s0, a0
core   0: 3 0x80000f9c (0x40a45133) x 2 0x00000000
core   0: 0x80000fa0 (0x005596b3) sll     a3, a1, t0
core   0: 3 0x80000fa0 (0x005596b3) x13 0x00000000
core   0: 0x80000fa4 (0x555d6b93) ori     s7, s10, 1365
core   0: 3 0x80000fa4 (0x555d6b93) x23 0x00000555
core   0: 0x80000fa8 (0x40505c93) srai    s9, zero, 5
core   0: 3 0x80000fa8 (0x40505c93) x25 0x00000000
core   0: 0x80000fac (0x016f12b3) sll     t0, t5, s6
core   0: 3 0x80000fac (0x016f12b3) x 5 0xfffdc496
core   0: 0x80000fb0 (0x00fc4733) xor     a4, s8, a5
core   0: 3 0x80000fb0 (0x00fc4733) x14 0xfffffbc0
core   0: 0x80000fb4 (0xd7e8e293) ori     t0, a7, -642
core   0: 3 0x80000fb4 (0xd7e8e293) x 5 0xfffffd7e
core   0: 0x80000fb8 (0x532fa113) slti    sp, t6, 1330
core   0: 3 0x80000fb8 (0x532fa113) x 2 0x00000001
core   0: 0x80000fbc (0x009121b3) slt     gp, sp, s1
core   0: 3 0x80000fbc (0x009121b3) x 3 0x00000001
core   0: 0x80000fc0 (0x00365d13) srli    s10, a2, 3
core   0: 3 0x80000fc0 (0x00365d13) x26 0x1de04d5d
core   0: 0x80000fc4 (0x9dd8ff93) andi    t6, a7, -1571
core   0: 3 0x80000fc4 (0x9dd8ff93) x31 0x00000000
core   0: 0x80000fc8 (0x008b7eb3) and     t4, s6, s0
core   0: 3 0x80000fc8 (0x008b7eb3) x29 0x00000000
core   0: 0x80000fcc (0xee4d2513) slti    a0, s10, -284
core   0: 3 0x80000fcc (0xee4d2513) x10 0x00000000
core   0: 0x80000fd0 (0xe586b093) sltiu   ra, a3, -424
core   0: 3 0x80000fd0 (0xe586b093) x 1 0x00000001
core   0: 0x80000fd4 (0x01c66f33) or      t5, a2, t3
core   0: 3 0x80000fd4 (0x01c66f33) x30 0xff3f7aee
core   0: 0x80000fd8 (0x01b6b7b3) sltu    a5, a3, s11
core   0: 3 0x80000fd8 (0x01b6b7b3) x15 0x00000000
core   0: 0x80000fdc (0x7f620e13) addi    t3, tp, 2038
core   0: 3 0x80000fdc (0x7f620e13) x28 0x0000080e
core   0: 0x80000fe0 (0x0a29ad13) slti    s10, s3, 162
core   0: 3 0x80000fe0 (0x0a29ad13) x26 0x00000001
core   0: 0x80000fe4 (0x00abb8b3) sltu    a7, s7, a0
core   0: 3 0x80000fe4 (0x00abb8b3) x17 0x00000000
core   0: 0x80000fe8 (0x002f4833) xor     a6, t5, sp
core   0: 3 0x80000fe8 (0x002f4833) x16 0xff3f7aef
core   0: 0x80000fec (0xcb792813) slti    a6, s2, -841
core   0: 3 0x80000fec (0xcb792813) x16 0x00000000
core   0: 0x80000ff0 (0x7fd63993) sltiu   s3, a2, 2045
core   0: 3 0x80000ff0 (0x7fd63993) x19 0x00000000
core   0: 0x80000ff4 (0x00550eb3) add     t4, a0, t0
core   0: 3 0x80000ff4 (0x00550eb3) x29 0xfffffd7e
core   0: 0x80000ff8 (0x0180d3b3) srl     t2, ra, s8
core   0: 3 0x80000ff8 (0x0180d3b3) x 7 0x00000001
core   0: 0x80000ffc (0x003e5b13) srli    s6, t3, 3
core   0: 3 0x80000ffc (0x003e5b13) x22 0x00000101
core   0: 0x80001000 (0x35264293) xori    t0, a2, 850
core   0: 3 0x80001000 (0x35264293) x 5 0xef0269bc
core   0: 0x80001004 (0x01c016b3) sll     a3, zero, t3
core   0: 3 0x80001004 (0x01c016b3) x13 0x00000000
core   0: 0x80001008 (0x00000013) nop
core   0: 3 0x80001008 (0x00000013)
core   0: 0x8000100c (0x008c9f13) slli    t5, s9, 8
core   0: 3 0x8000100c (0x008c9f13) x30 0x00000000
core   0: 0x80001010 (0x00000013) nop
core   0: 3 0x80001010 (0x00000013)
core   0: 0x80001014 (0x3119bd93) sltiu   s11, s3, 785
core   0: 3 0x80001014 (0x3119bd93) x27 0x00000001
core   0: 0x80001018 (0x3b878f17) auipc   t5, 0x3b878
core   0: 3 0x80001018 (0x3b878f17) x30 0xbb879018
core   0: 0x8000101c (0x011e6f33) or      t5, t3, a7
core   0: 3 0x8000101c (0x011e6f33) x30 0x0000080e
core   0: 0x80001020 (0x41c45513) srai    a0, s0, 28
core   0: 3 0x80001020 (0x41c45513) x10 0x00000000
core   0: 0x80001024 (0x487e3f93) sltiu   t6, t3, 1159
core   0: 3 0x80001024 (0x487e3f93) x31 0x00000000
core   0: 0x80001028 (0x41c950b3) sra     ra, s2, t3
core   0: 3 0x80001028 (0x41c950b3) x 1 0x00000000
core   0: 0x8000102c (0x41d400b3) sub     ra, s0, t4
core   0: 3 0x8000102c (0x41d400b3) x 1 0x00000282
core   0: 0x80001030 (0x017d2833) slt     a6, s10, s7
core   0: 3 0x80001030 (0x017d2833) x16 0x00000001
core   0: 0x80001034 (0x00000013) nop
core   0: 3 0x80001034 (0x00000013)
core   0: 0x80001038 (0x1ced4297) auipc   t0, 0x1ced4
core   0: 3 0x80001038 (0x1ced4297) x 5 0x9ced5038
core   0: 0x8000103c (0x006db233) sltu    tp, s11, t1
core   0: 3 0x8000103c (0x006db233) x 4 0x00000001
core   0: 0x80001040 (0x002f2733) slt     a4, t5, sp
core   0: 3 0x80001040 (0x002f2733) x14 0x00000000
core   0: 0x80001044 (0x00b955b3) srl     a1, s2, a1
core   0: 3 0x80001044 (0x00b955b3) x11 0x00000000
core   0: 0x80001048 (0x0024d4b3) srl     s1, s1, sp
core   0: 3 0x80001048 (0x0024d4b3) x 9 0x3fff7125
core   0: 0x8000104c (0x00000013) nop
core   0: 3 0x8000104c (0x00000013)
core   0: 0x80001050 (0x90ee0f17) auipc   t5, 0x90ee0
core   0: 3 0x80001050 (0x90ee0f17) x30 0x10ee1050
core   0: 0x80001054 (0x40365193) srai    gp, a2, 3
core   0: 3 0x80001054 (0x40365193) x 3 0xfde04d5d
core   0: 0x80001058 (0x01fbbdb3) sltu    s11, s7, t6
core   0: 3 0x80001058 (0x01fbbdb3) x27 0x00000000
core   0: 0x8000105c (0x418c0cb3) sub     s9, s8, s8
core   0: 3 0x8000105c (0x418c0cb3) x25 0x00000000
core   0: 0x80001060 (0x01b288b3) add     a7, t0, s11
core   0: 3 0x80001060 (0x01b288b3) x17 0x9ced5038
core   0: 0x80001064 (0xcb0b7913) andi    s2, s6, -848
core   0: 3 0x80001064 (0xcb0b7913) x18 0x00000000
core   0: 0x80001068 (0x015c6e33) or      t3, s8, s5
core   0: 3 0x80001068 (0x015c6e33) x28 0x80015ce4
core   0: 0x8000106c (0x4072d933) sra     s2, t0, t2
core   0: 3 0x8000106c (0x4072d933) x18 0xce76a81c
core   0: 0x80001070 (0x00561f93) slli    t6, a2, 5
core   0: 3 0x80001070 (0x00561f93) x31 0xe04d5dc0
core   0: 0x80001074 (0x0177a333) slt     t1, a5, s7
core   0: 3 0x80001074 (0x0177a333) x 6 0x00000001
core   0: 0x80001078 (0x01d77bb3) and     s7, a4, t4
core   0: 3 0x80001078 (0x01d77bb3) x23 0x00000000
core   0: 0x8000107c (0x01d21513) slli    a0, tp, 29
core   0: 3 0x8000107c (0x01d21513) x10 0x20000000
core   0: 0x80001080 (0x01d9e6b3) or      a3, s3, t4
core   0: 3 0x80001080 (0x01d9e6b3) x13 0xfffffd7e
core   0: 0x80001084 (0x411f86b3) sub     a3, t6, a7
core   0: 3 0x80001084 (0x411f86b3) x13 0x43600d88
core   0: 0x80001088 (0xb667fc17) auipc   s8, 0xb667f
core   0: 3 0x80001088 (0xb667fc17) x24 0x36680088
core   0: 0x8000108c (0x01449593) slli    a1, s1, 20
core   0: 3 0x8000108c (0x01449593) x11 0x12500000
core   0: 0x80001090 (0x012aa0b3) slt     ra, s5, s2
core   0: 3 0x80001090 (0x012aa0b3) x 1 0x00000001
core   0: 0x80001094 (0x01881933) sll     s2, a6, s8
core   0: 3 0x80001094 (0x01881933) x18 0x00000100
core   0: 0x80001098 (0x0180bc33) sltu    s8, ra, s8
core   0: 3 0x80001098 (0x0180bc33) x24 0x00000001
core   0: 0x8000109c (0x89dabd37) lui     s10, 0x89dab
core   0: 3 0x8000109c (0x89dabd37) x26 0x89dab000
core   0: 0x800010a0 (0xf663a313) slti    t1, t2, -154
core   0: 3 0x800010a0 (0xf663a313) x 6 0x00000000
core   0: 0x800010a4 (0x01f25733) srl     a4, tp, t6
core   0: 3 0x800010a4 (0x01f25733) x14 0x00000001
core   0: 0x800010a8 (0x00e85813) srli    a6, a6, 14
core   0: 3 0x800010a8 (0x00e85813) x16 0x00000000
core   0: 0x800010ac (0x40d45e33) sra     t3, s0, a3
core   0: 3 0x800010ac (0x40d45e33) x28 0x00000000
core   0: 0x800010b0 (0x5f118c93) addi    s9, gp, 1521
core   0: 3 0x800010b0 (0x5f118c93) x25 0xfde0534e
core   0: 0x800010b4 (0x41038b33) sub     s6, t2, a6
core   0: 3 0x800010b4 (0x41038b33) x22 0x00000001
core   0: 0x800010b8 (0x019ce333) or      t1, s9, s9
core   0: 3 0x800010b8 (0x019ce333) x 6 0xfde0534e
core   0: 0x800010bc (0x862eb713) sltiu   a4, t4, -1950
core   0: 3 0x800010bc (0x862eb713) x14 0x00000000
core   0: 0x800010c0 (0x28199997) auipc   s3, 0x28199
core   0: 3 0x800010c0 (0x28199997) x19 0xa819a0c0
core   0: 0x800010c4 (0x40ae0033) sub     zero, t3, a0
core   0: 3 0x800010c4 (0x40ae0033)
core   0: 0x800010c8 (0x00000013) nop
core   0: 3 0x800010c8 (0x00000013)
core   0: 0x800010cc (0xb1788897) auipc   a7, 0xb1788
core   0: 3 0x800010cc (0xb1788897) x17 0x317890cc
core   0: 0x800010d0 (0x51f0c093) xori    ra, ra, 1311
core   0: 3 0x800010d0 (0x51f0c093) x 1 0x0000051e
core   0: 0x800010d4 (0x007fdb13) srli    s6, t6, 7
core   0: 3 0x800010d4 (0x007fdb13) x22 0x01c09abb
core   0: 0x800010d8 (0x013e0bb3) add     s7, t3, s3
core   0: 3 0x800010d8 (0x013e0bb3) x23 0xa819a0c0
core   0: 0x800010dc (0x014361b3) or      gp, t1, s4
core   0: 3 0x800010dc (0x014361b3) x 3 0xfde15f6e
core   0: 0x800010e0 (0x82bdab17) auipc   s6, 0x82bda
core   0: 3 0x800010e0 (0x82bdab17) x22 0x02bdb0e0
core   0: 0x800010e4 (0x174ec093) xori    ra, t4, 372
core   0: 3 0x800010e4 (0x174ec093) x 1 0xfffffc0a
core   0: 0x800010e8 (0x01ba1eb3) sll     t4, s4, s11
core   0: 3 0x800010e8 (0x01ba1eb3) x29 0x80011e64
core   0: 0x800010ec (0x009974b3) and     s1, s2, s1
core   0: 3 0x800010ec (0x009974b3) x 9 0x00000100
core   0: 0x800010f0 (0x1deac337) lui     t1, 0x1deac
core   0: 3 0x800010f0 (0x1deac337) x 6 0x1deac000
core   0: 0x800010f4 (0xa21363b7) lui     t2, 0xa2136
core   0: 3 0x800010f4 (0xa21363b7) x 7 0xa2136000
core   0: 0x800010f8 (0x0072c3b3) xor     t2, t0, t2
core   0: 3 0x800010f8 (0x0072c3b3) x 7 0x3efe3038
core   0: 0x800010fc (0x00ed00b3) add     ra, s10, a4
core   0: 3 0x800010fc (0x00ed00b3) x 1 0x89dab000
core   0: 0x80001100 (0x40a5d4b3) sra     s1, a1, a0
core   0: 3 0x80001100 (0x40a5d4b3) x 9 0x12500000
core   0: 0x80001104 (0x01cd35b3) sltu    a1, s10, t3
core   0: 3 0x80001104 (0x01cd35b3) x11 0x00000000
core   0: 0x80001108 (0x402bd713) srai    a4, s7, 2
core   0: 3 0x80001108 (0x402bd713) x14 0xea066830
core   0: 0x8000110c (0x417d8d33) sub     s10, s11, s7
core   0: 3 0x8000110c (0x417d8d33) x26 0x57e65f40
core   0: 0x80001110 (0x40c859b3) sra     s3, a6, a2
core   0: 3 0x80001110 (0x40c859b3) x19 0x00000000
core   0: 0x80001114 (0x00089d33) sll     s10, a7, zero
core   0: 3 0x80001114 (0x00089d33) x26 0x317890cc
core   0: 0x80001118 (0xe2cfbe17) auipc   t3, 0xe2cfb
core   0: 3 0x80001118 (0xe2cfbe17) x28 0x62cfc118
core   0: 0x8000111c (0x001a9d13) slli    s10, s5, 1
core   0: 3 0x8000111c (0x001a9d13) x26 0x0002b9c8
core   0: 0x80001120 (0x2ffddcb7) lui     s9, 0x2ffdd
core   0: 3 0x80001120 (0x2ffddcb7) x25 0x2ffdd000
core   0: 0x80001124 (0x41e8d1b3) sra     gp, a7, t5
core   0: 3 0x80001124 (0x41e8d1b3) x 3 0x00003178
core   0: 0x80001128 (0x00cd8f33) add     t5, s11, a2
core   0: 3 0x80001128 (0x00cd8f33) x30 0xef026aee
core   0: 0x8000112c (0x8d4becb7) lui     s9, 0x8d4be
core   0: 3 0x8000112c (0x8d4becb7) x25 0x8d4be000
core   0: 0x80001130 (0xbc824213) xori    tp, tp, -1080
core   0: 3 0x80001130 (0xbc824213) x 4 0xfffffbc9
core   0: 0x80001134 (0x0caa8793) addi    a5, s5, 202
core   0: 3 0x80001134 (0x0caa8793) x15 0x80015dae
core   0: 0x80001138 (0x00000013) nop
core   0: 3 0x80001138 (0x00000013)
core   0: 0x8000113c (0x000a6fb3) or      t6, s4, zero
core   0: 3 0x8000113c (0x000a6fb3) x31 0x80011e64
core   0: 0x80001140 (0x06ca8513) addi    a0, s5, 108
core   0: 3 0x80001140 (0x06ca8513) x10 0x80015d50
core   0: 0x80001144 (0x0106c133) xor     sp, a3, a6
core   0: 3 0x80001144 (0x0106c133) x 2 0x43600d88
core   0: 0x80001148 (0x094a3813) sltiu   a6, s4, 148
core   0: 3 0x80001148 (0x094a3813) x16 0x00000000
core   0: 0x8000114c (0x5a6d4093) xori    ra, s10, 1446
core   0: 3 0x8000114c (0x5a6d4093) x 1 0x0002bc6e
core   0: 0x80001150 (0x41805f93) srai    t6, zero, 24
core   0: 3 0x80001150 (0x41805f93) x31 0x00000000
core   0: 0x80001154 (0x408656b3) sra     a3, a2, s0
core   0: 3 0x80001154 (0x408656b3) x13 0xef026aee
core   0: 0x80001158 (0xa7278193) addi    gp, a5, -1422
core   0: 3 0x80001158 (0xa7278193) x 3 0x80015820
core   0: 0x8000115c (0x01521033) sll     zero, tp, s5
core   0: 3 0x8000115c (0x01521033)
core   0: 0x80001160 (0xb0944f93) xori    t6, s0, -1271
core   0: 3 0x80001160 (0xb0944f93) x31 0xfffffb09
core   0: 0x80001164 (0x0115b5b3) sltu    a1, a1, a7
core   0: 3 0x80001164 (0x0115b5b3) x11 0x00000001
core   0: 0x80001168 (0x006b2bb3) slt     s7, s6, t1
core   0: 3 0x80001168 (0x006b2bb3) x23 0x00000001
core   0: 0x8000116c (0xf3d58517) auipc   a0, 0xf3d58
core   0: 3 0x8000116c (0xf3d58517) x10 0x73d5916c
core   0: 0x80001170 (0x00faffb3) and     t6, s5, a5
core   0: 3 0x80001170 (0x00faffb3) x31 0x80015ca4
core   0: 0x80001174 (0x01b51733) sll     a4, a0, s11
core   0: 3 0x80001174 (0x01b51733) x14 0x73d5916c
core   0: 0x80001178 (0x41335213) srai    tp, t1, 19
core   0: 3 0x80001178 (0x41335213) x 4 0x000003bd
core   0: 0x8000117c (0x36533e17) auipc   t3, 0x36533
core   0: 3 0x8000117c (0x36533e17) x28 0xb653417c
core   0: 0x80001180 (0x00000013) nop
core   0: 3 0x80001180 (0x00000013)
core   0: 0x80001184 (0x43233593) sltiu   a1, t1, 1074
core   0: 3 0x80001184 (0x43233593) x11 0x00000000
core   0: 0x80001188 (0x41b1df33) sra     t5, gp, s11
core   0: 3 0x80001188 (0x41b1df33) x30 0x80015820
core   0: 0x8000118c (0x0008b1b3) sltu    gp, a7, zero
core   0: 3 0x8000118c (0x0008b1b3) x 3 0x00000000
core   0: 0x80001190 (0xaf992b93) slti    s7, s2, -1287
core   0: 3 0x80001190 (0xaf992b93) x23 0x00000000
core   0: 0x80001194 (0x00000013) nop
core   0: 3 0x80001194 (0x00000013)
core   0: 0x80001198 (0x76394d13) xori    s10, s2, 1891
core   0: 3 0x80001198 (0x76394d13) x26 0x00000663
core   0: 0x8000119c (0x001452b3) srl     t0, s0, ra
core   0: 3 0x8000119c (0x001452b3) x 5 0x00000000
core   0: 0x800011a0 (0x00021993) slli    s3, tp, 0
core   0: 3 0x800011a0 (0x00021993) x19 0x000003bd
core   0: 0x800011a4 (0xb87d57b7) lui     a5, 0xb87d5
core   0: 3 0x800011a4 (0xb87d57b7) x15 0xb87d5000
core   0: 0x800011a8 (0xaec73713) sltiu   a4, a4, -1300
core   0: 3 0x800011a8 (0xaec73713) x14 0x00000001
core   0: 0x800011ac (0x019afbb3) and     s7, s5, s9
core   0: 3 0x800011ac (0x019afbb3) x23 0x80014000
core   0: 0x800011b0 (0x00f0fbb3) and     s7, ra, a5
core   0: 3 0x800011b0 (0x00f0fbb3) x23 0x00001000
core   0: 0x800011b4 (0x00665d93) srli    s11, a2, 6
core   0: 3 0x800011b4 (0x00665d93) x27 0x03bc09ab
core   0: 0x800011b8 (0x01f253b3) srl     t2, tp, t6
core   0: 3 0x800011b8 (0x01f253b3) x 7 0x0000003b
core   0: 0x800011bc (0x01bf9d33) sll     s10, t6, s11
core   0: 3 0x800011bc (0x01bf9d33) x26 0x0ae52000
core   0: 0x800011c0 (0xd76e8d93) addi    s11, t4, -650
core   0: 3 0x800011c0 (0xd76e8d93) x27 0x80011bda
core   0: 0x800011c4 (0xc3446c13) ori     s8, s0, -972
core   0: 3 0x800011c4 (0xc3446c13) x24 0xfffffc34
core   0: 0x800011c8 (0xeb986913) ori     s2, a6, -327
core   0: 3 0x800011c8 (0xeb986913) x18 0xfffffeb9
core   0: 0x800011cc (0xbaa46817) auipc   a6, 0xbaa46
core   0: 3 0x800011cc (0xbaa46817) x16 0x3aa471cc
core   0: 0x800011d0 (0x2a022313) slti    t1, tp, 672
core   0: 3 0x800011d0 (0x2a022313) x 6 0x00000000
core   0: 0x800011d4 (0x60ad3c93) sltiu   s9, s10, 1546
core   0: 3 0x800011d4 (0x60ad3c93) x25 0x00000000
core   0: 0x800011d8 (0x07140d93) addi    s11, s0, 113
core   0: 3 0x800011d8 (0x07140d93) x27 0x00000071
core   0: 0x800011dc (0x015cb233) sltu    tp, s9, s5
core   0: 3 0x800011dc (0x015cb233) x 4 0x00000001
core   0: 0x800011e0 (0x005c42b3) xor     t0, s8, t0
core   0: 3 0x800011e0 (0x005c42b3) x 5 0xfffffc34
core   0: 0x800011e4 (0x00cfa033) slt     zero, t6, a2
core   0: 3 0x800011e4 (0x00cfa033)
core   0: 0x800011e8 (0x012bee33) or      t3, s7, s2
core   0: 3 0x800011e8 (0x012bee33) x28 0xfffffeb9
core   0: 0x800011ec (0x0105bc33) sltu    s8, a1, a6
core   0: 3 0x800011ec (0x0105bc33) x24 0x00000001
core   0: 0x800011f0 (0x21d17913) andi    s2, sp, 541
core   0: 3 0x800011f0 (0x21d17913) x18 0x00000008
core   0: 0x800011f4 (0x00195593) srli    a1, s2, 1
core   0: 3 0x800011f4 (0x00195593) x11 0x00000004
core   0: 0x800011f8 (0x8a289337) lui     t1, 0x8a289
core   0: 3 0x800011f8 (0x8a289337) x 6 0x8a289000
core   0: 0x800011fc (0xe14b4d93) xori    s11, s6, -492
core   0: 3 0x800011fc (0xe14b4d93) x27 0xfd424ef4
core   0: 0x80001200 (0x01679733) sll     a4, a5, s6
core   0: 3 0x80001200 (0x01679733) x14 0xb87d5000
core   0: 0x80001204 (0x00606cb3) or      s9, zero, t1
core   0: 3 0x80001204 (0x00606cb3) x25 0x8a289000
core   0: 0x80001208 (0x00000013) nop
core   0: 3 0x80001208 (0x00000013)
core   0: 0x8000120c (0x00c27eb3) and     t4, tp, a2
core   0: 3 0x8000120c (0x00c27eb3) x29 0x00000000
core   0: 0x80001210 (0x73e5c313) xori    t1, a1, 1854
core   0: 3 0x80001210 (0x73e5c313) x 6 0x0000073a
core   0: 0x80001214 (0x00000013) nop
core   0: 3 0x80001214 (0x00000013)
core   0: 0x80001218 (0x007b58b3) srl     a7, s6, t2
core   0: 3 0x80001218 (0x007b58b3) x17 0x00000000
core   0: 0x8000121c (0x376b0913) addi    s2, s6, 886
core   0: 3 0x8000121c (0x376b0913) x18 0x02bdb456
core   0: 0x80001220 (0x00d953b3) srl     t2, s2, a3
core   0: 3 0x80001220 (0x00d953b3) x 7 0x00000af6
core   0: 0x80001224 (0x00324593) xori    a1, tp, 3
core   0: 3 0x80001224 (0x00324593) x11 0x00000002
core   0: 0x80001228 (0x0034f433) and     s0, s1, gp
core   0: 3 0x80001228 (0x0034f433) x 8 0x00000000
core   0: 0x8000122c (0x00000013) nop
core   0: 3 0x8000122c (0x00000013)
core   0: 0x80001230 (0x5c111bb7) lui     s7, 0x5c111
core   0: 3 0x80001230 (0x5c111bb7) x23 0x5c111000
core   0: 0x80001234 (0xe44f0893) addi    a7, t5, -444
core   0: 3 0x80001234 (0xe44f0893) x17 0x80015664
core   0: 0x80001238 (0x415ad8b3) sra     a7, s5, s5
core   0: 3 0x80001238 (0x415ad8b3) x17 0xf80015ce
core   0: 0x8000123c (0x00000013) nop
core   0: 3 0x8000123c (0x00000013)
core   0: 0x80001240 (0x00f0cf33) xor     t5, ra, a5
core   0: 3 0x80001240 (0x00f0cf33) x30 0xb87fec6e
core   0: 0x80001244 (0x40e5d593) srai    a1, a1, 14
core   0: 3 0x80001244 (0x40e5d593) x11 0x00000000
core   0: 0x80001248 (0x4096d0b3) sra     ra, a3, s1
core   0: 3 0x80001248 (0x4096d0b3) x 1 0xef026aee
core   0: 0x8000124c (0x001ce033) or      zero, s9, ra
core   0: 3 0x8000124c (0x001ce033)
core   0: 0x80001250 (0x01db27b3) slt     a5, s6, t4
core   0: 3 0x80001250 (0x01db27b3) x15 0x00000000
core   0: 0x80001254 (0xfe31eb13) ori     s6, gp, -29
core   0: 3 0x80001254 (0xfe31eb13) x22 0xffffffe3
core   0: 0x80001258 (0x40300db3) sub     s11, zero, gp
core   0: 3 0x80001258 (0x40300db3) x27 0x00000000
core   0: 0x8000125c (0x00750933) add     s2, a0, t2
core   0: 3 0x8000125c (0x00750933) x18 0x73d59c62
core   0: 0x80001260 (0x002b3233) sltu    tp, s6, sp
core   0: 3 0x80001260 (0x002b3233) x 4 0x00000000
core   0: 0x80001264 (0x40bb52b3) sra     t0, s6, a1
core   0: 3 0x80001264 (0x40bb52b3) x 5 0xffffffe3
core   0: 0x80001268 (0x009f5113) srli    sp, t5, 9
core   0: 3 0x80001268 (0x009f5113) x 2 0x005c3ff6
core   0: 0x8000126c (0x00a300b3) add     ra, t1, a0
core   0: 3 0x8000126c (0x00a300b3) x 1 0x73d598a6
core   0: 0x80001270 (0xfe03f693) andi    a3, t2, -32
core   0: 3 0x80001270 (0xfe03f693) x13 0x00000ae0
core   0: 0x80001274 (0x013c7d33) and     s10, s8, s3
core   0: 3 0x80001274 (0x013c7d33) x26 0x00000001
core   0: 0x80001278 (0x007d8133) add     sp, s11, t2
core   0: 3 0x80001278 (0x007d8133) x 2 0x00000af6
core   0: 0x8000127c (0x2dd14813) xori    a6, sp, 733
core   0: 3 0x8000127c (0x2dd14813) x16 0x0000082b
core   0: 0x80001280 (0xb927ae13) slti    t3, a5, -1134
core   0: 3 0x80001280 (0xb927ae13) x28 0x00000000
core   0: 0x80001284 (0x2e498893) addi    a7, s3, 740
core   0: 3 0x80001284 (0x2e498893) x17 0x000006a1
core   0: 0x80001288 (0x005cff33) and     t5, s9, t0
core   0: 3 0x80001288 (0x005cff33) x30 0x8a289000
core   0: 0x8000128c (0x413cd133) sra     sp, s9, s3
core   0: 3 0x8000128c (0x413cd133) x 2 0xfffffffc
core   0: 0x80001290 (0x00000013) nop
core   0: 3 0x80001290 (0x00000013)
core   0: 0x80001294 (0x33672093) slti    ra, a4, 822
core   0: 3 0x80001294 (0x33672093) x 1 0x00000001
core   0: 0x80001298 (0x7cef37b7) lui     a5, 0x7cef3
core   0: 3 0x80001298 (0x7cef37b7) x15 0x7cef3000
core   0: 0x8000129c (0x4031d133) sra     sp, gp, gp
core   0: 3 0x8000129c (0x4031d133) x 2 0x00000000
core   0: 0x800012a0 (0x7ddc4413) xori    s0, s8, 2013
core   0: 3 0x800012a0 (0x7ddc4413) x 8 0x000007dc
core   0: 0x800012a4 (0x002a9e13) slli    t3, s5, 2
core   0: 3 0x800012a4 (0x002a9e13) x28 0x00057390
core   0: 0x800012a8 (0x00df17b3) sll     a5, t5, a3
core   0: 3 0x800012a8 (0x00df17b3) x15 0x8a289000
core   0: 0x800012ac (0x00030833) add     a6, t1, zero
core   0: 3 0x800012ac (0x00030833) x16 0x0000073a
core   0: 0x800012b0 (0x0121d093) srli    ra, gp, 18
core   0: 3 0x800012b0 (0x0121d093) x 1 0x00000000
core   0: 0x800012b4 (0xf57b8913) addi    s2, s7, -169
core   0: 3 0x800012b4 (0xf57b8913) x18 0x5c110f57
core   0: 0x800012b8 (0x00ea9db3) sll     s11, s5, a4
core   0: 3 0x800012b8 (0x00ea9db3) x27 0x80015ce4
core   0: 0x800012bc (0xa4b73893) sltiu   a7, a4, -1461
core   0: 3 0x800012bc (0xa4b73893) x17 0x00000001
core   0: 0x800012c0 (0x01ac77b3) and     a5, s8, s10
core   0: 3 0x800012c0 (0x01ac77b3) x15 0x00000001
core   0: 0x800012c4 (0x00c78cb3) add     s9, a5, a2
core   0: 3 0x800012c4 (0x00c78cb3) x25 0xef026aef
core   0: 0x800012c8 (0x2f93cf13) xori    t5, t2, 761
core   0: 3 0x800012c8 (0x2f93cf13) x30 0x0000080f
core   0: 0x800012cc (0x012675b3) and     a1, a2, s2
core   0: 3 0x800012cc (0x012675b3) x11 0x4c000a46
core   0: 0x800012d0 (0x01eab933) sltu    s2, s5, t5
core   0: 3 0x800012d0 (0x01eab933) x18 0x00000000
core   0: 0x800012d4 (0x710f2813) slti    a6, t5, 1808
core   0: 3 0x800012d4 (0x710f2813) x16 0x00000000
core   0: 0x800012d8 (0x0182dbb3) srl     s7, t0, s8
core   0: 3 0x800012d8 (0x0182dbb3) x23 0x7ffffff1
core   0: 0x800012dc (0x41fedb13) srai    s6, t4, 31
core   0: 3 0x800012dc (0x41fedb13) x22 0x00000000
core   0: 0x800012e0 (0x01629933) sll     s2, t0, s6
core   0: 3 0x800012e0 (0x01629933) x18 0xffffffe3
core   0: 0x800012e4 (0x400486b3) sub     a3, s1, zero
core   0: 3 0x800012e4 (0x400486b3) x13 0x12500000
core   0: 0x800012e8 (0x01a9b2b3) sltu    t0, s3, s10
core   0: 3 0x800012e8 (0x01a9b2b3) x 5 0x00000000
core   0: 0x800012ec (0x016345b3) xor     a1, t1, s6
core   0: 3 0x800012ec (0x016345b3) x11 0x0000073a
core   0: 0x800012f0 (0x00000013) nop
core   0: 3 0x800012f0 (0x00000013)
core   0: 0x800012f4 (0x00669913) slli    s2, a3, 6
core   0: 3 0x800012f4 (0x00669913) x18 0x94000000
core   0: 0x800012f8 (0x0087fbb3) and     s7, a5, s0
core   0: 3 0x800012f8 (0x0087fbb3) x23 0x00000000
core   0: 0x800012fc (0x012e8333) add     t1, t4, s2
core   0: 3 0x800012fc (0x012e8333) x 6 0x94000000
core   0: 0x80001300 (0x6afe2b17) auipc   s6, 0x6afe2
core   0: 3 0x80001300 (0x6afe2b17) x22 0xeafe3300
core   0: 0x80001304 (0x019cab33) slt     s6, s9, s9
core   0: 3 0x80001304 (0x019cab33) x22 0x00000000
core   0: 0x80001308 (0xc99c5c37) lui     s8, 0xc99c5
core   0: 3 0x80001308 (0xc99c5c37) x24 0xc99c5000
core   0: 0x8000130c (0x00000013) nop
core   0: 3 0x8000130c (0x00000013)
core   0: 0x80001310 (0x4080d233) sra     tp, ra, s0
core   0: 3 0x80001310 (0x4080d233) x 4 0x00000000
core   0: 0x80001314 (0x26a92293) slti    t0, s2, 618
core   0: 3 0x80001314 (0x26a92293) x 5 0x00000001
core   0: 0x80001318 (0x12c61cb7) lui     s9, 0x12c61
core   0: 3 0x80001318 (0x12c61cb7) x25 0x12c61000
core   0: 0x8000131c (0x25a96313) ori     t1, s2, 602
core   0: 3 0x8000131c (0x25a96313) x 6 0x9400025a
core   0: 0x80001320 (0x12104513) xori    a0, zero, 289
core   0: 3 0x80001320 (0x12104513) x10 0x00000121
core   0: 0x80001324 (0x12f68c93) addi    s9, a3, 303
core   0: 3 0x80001324 (0x12f68c93) x25 0x1250012f
core   0: 0x80001328 (0x00776e33) or      t3, a4, t2
core   0: 3 0x80001328 (0x00776e33) x28 0xb87d5af6
core   0: 0x8000132c (0x41c35c93) srai    s9, t1, 28
core   0: 3 0x8000132c (0x41c35c93) x25 0xfffffff9
core   0: 0x80001330 (0x0085de93) srli    t4, a1, 8
core   0: 3 0x80001330 (0x0085de93) x29 0x00000007
core   0: 0x80001334 (0x01e11013) slli    zero, sp, 30
core   0: 3 0x80001334 (0x01e11013)
core   0: 0x80001338 (0xae700d13) li      s10, -1305
core   0: 3 0x80001338 (0xae700d13) x26 0xfffffae7
core   0: 0x8000133c (0x38c83f13) sltiu   t5, a6, 908
core   0: 3 0x8000133c (0x38c83f13) x30 0x00000001
core   0: 0x80001340 (0xc9e8f6b7) lui     a3, 0xc9e8f
core   0: 3 0x80001340 (0xc9e8f6b7) x13 0xc9e8f000
core   0: 0x80001344 (0x009fdf93) srli    t6, t6, 9
core   0: 3 0x80001344 (0x009fdf93) x31 0x004000ae
core   0: 0x80001348 (0xab24ff13) andi    t5, s1, -1358
core   0: 3 0x80001348 (0xab24ff13) x30 0x12500000
core   0: 0x8000134c (0x463b1b17) auipc   s6, 0x463b1
core   0: 3 0x8000134c (0x463b1b17) x22 0xc63b234c
core   0: 0x80001350 (0x0146a533) slt     a0, a3, s4
core   0: 3 0x80001350 (0x0146a533) x10 0x00000000
core   0: 0x80001354 (0x1631f337) lui     t1, 0x1631f
core   0: 3 0x80001354 (0x1631f337) x 6 0x1631f000
core   0: 0x80001358 (0xc6cbe293) ori     t0, s7, -916
core   0: 3 0x80001358 (0xc6cbe293) x 5 0xfffffc6c
core   0: 0x8000135c (0x887ef093) andi    ra, t4, -1913
core   0: 3 0x8000135c (0x887ef093) x 1 0x00000007
core   0: 0x80001360 (0x01da7f33) and     t5, s4, t4
core   0: 3 0x80001360 (0x01da7f33) x30 0x00000004
core   0: 0x80001364 (0x40945f93) srai    t6, s0, 9
core   0: 3 0x80001364 (0x40945f93) x31 0x00000003
core   0: 0x80001368 (0x41d70533) sub     a0, a4, t4
core   0: 3 0x80001368 (0x41d70533) x10 0xb87d4ff9
core   0: 0x8000136c (0x413b5433) sra     s0, s6, s3
core   0: 3 0x8000136c (0x413b5433) x 8 0xfffffffe
core   0: 0x80001370 (0x0160ae33) slt     t3, ra, s6
core   0: 3 0x80001370 (0x0160ae33) x28 0x00000000
core   0: 0x80001374 (0xef7a4293) xori    t0, s4, -265
core   0: 3 0x80001374 (0xef7a4293) x 5 0x7ffee093
core   0: 0x80001378 (0x00000013) nop
core   0: 3 0x80001378 (0x00000013)
core   0: 0x8000137c (0xc3d7b213) sltiu   tp, a5, -963
core   0: 3 0x8000137c (0xc3d7b213) x 4 0x00000001
core   0: 0x80001380 (0x63c7e193) ori     gp, a5, 1596
core   0: 3 0x80001380 (0x63c7e193) x 3 0x0000063d
core   0: 0x80001384 (0x20362f13) slti    t5, a2, 515
core   0: 3 0x80001384 (0x20362f13) x30 0x00000001
core   0: 0x80001388 (0x4e205817) auipc   a6, 0x4e205
core   0: 3 0x80001388 (0x4e205817) x16 0xce206388
core   0: 0x8000138c (0x53102f93) slti    t6, zero, 1329
core   0: 3 0x8000138c (0x53102f93) x31 0x00000001
core   0: 0x80001390 (0x55c8c913) xori    s2, a7, 1372
core   0: 3 0x80001390 (0x55c8c913) x18 0x0000055d
core   0: 0x80001394 (0x73fd8c37) lui     s8, 0x73fd8
core   0: 3 0x80001394 (0x73fd8c37) x24 0x73fd8000
core   0: 0x80001398 (0x4169db33) sra     s6, s3, s6
core   0: 3 0x80001398 (0x4169db33) x22 0x00000000
core   0: 0x8000139c (0x00000013) nop
core   0: 3 0x8000139c (0x00000013)
core   0: 0x800013a0 (0x00111233) sll     tp, sp, ra
core   0: 3 0x800013a0 (0x00111233) x 4 0x00000000
core   0: 0x800013a4 (0x692d4db7) lui     s11, 0x692d4
core   0: 3 0x800013a4 (0x692d4db7) x27 0x692d4000
core   0: 0x800013a8 (0x4084d413) srai    s0, s1, 8
core   0: 3 0x800013a8 (0x4084d413) x 8 0x00125000
core   0: 0x800013ac (0x409f05b3) sub     a1, t5, s1
core   0: 3 0x800013ac (0x409f05b3) x11 0xedb00001
core   0: 0x800013b0 (0x002f1f93) slli    t6, t5, 2
core   0: 3 0x800013b0 (0x002f1f93) x31 0x00000004
core   0: 0x800013b4 (0x2dc94f97) auipc   t6, 0x2dc94
core   0: 3 0x800013b4 (0x2dc94f97) x31 0xadc953b4
core   0: 0x800013b8 (0xb1d112b7) lui     t0, 0xb1d11
core   0: 3 0x800013b8 (0xb1d112b7) x 5 0xb1d11000
core   0: 0x800013bc (0x00ec2eb3) slt     t4, s8, a4
core   0: 3 0x800013bc (0x00ec2eb3) x29 0x00000000
core   0: 0x800013c0 (0x80d23d13) sltiu   s10, tp, -2035
core   0: 3 0x800013c0 (0x80d23d13) x26 0x00000001
core   0: 0x800013c4 (0xa05e2793) slti    a5, t3, -1531
core   0: 3 0x800013c4 (0xa05e2793) x15 0x00000000
core   0: 0x800013c8 (0x010cc233) xor     tp, s9, a6
core   0: 3 0x800013c8 (0x010cc233) x 4 0x31df9c71
core   0: 0x800013cc (0x67e54e17) auipc   t3, 0x67e54
core   0: 3 0x800013cc (0x67e54e17) x28 0xe7e553cc
core   0: 0x800013d0 (0x0178db93) srli    s7, a7, 23
core   0: 3 0x800013d0 (0x0178db93) x23 0x00000000
core   0: 0x800013d4 (0x89e40e93) addi    t4, s0, -1890
core   0: 3 0x800013d4 (0x89e40e93) x29 0x0012489e
core   0: 0x800013d8 (0x411fdc13) srai    s8, t6, 17
core   0: 3 0x800013d8 (0x411fdc13) x24 0xffffd6e4
core   0: 0x800013dc (0x019727b3) slt     a5, a4, s9
core   0: 3 0x800013dc (0x019727b3) x15 0x00000001
core   0: 0x800013e0 (0x00ed7433) and     s0, s10, a4
core   0: 3 0x800013e0 (0x00ed7433) x 8 0x00000000
core   0: 0x800013e4 (0x1f2dd037) lui     zero, 0x1f2dd
core   0: 3 0x800013e4 (0x1f2dd037)
core   0: 0x800013e8 (0x410c5f13) srai    t5, s8, 16
core   0: 3 0x800013e8 (0x410c5f13) x30 0xffffffff
core   0: 0x800013ec (0x00fcbc33) sltu    s8, s9, a5
core   0: 3 0x800013ec (0x00fcbc33) x24 0x00000000
core   0: 0x800013f0 (0x402cd5b3) sra     a1, s9, sp
core   0: 3 0x800013f0 (0x402cd5b3) x11 0xfffffff9
core   0: 0x800013f4 (0x01c6d8b3) srl     a7, a3, t3
core   0: 3 0x800013f4 (0x01c6d8b3) x17 0x000c9e8f
core   0: 0x800013f8 (0xd885a413) slti    s0, a1, -632
core   0: 3 0x800013f8 (0xd885a413) x 8 0x00000000
core   0: 0x800013fc (0x407102b3) sub     t0, sp, t2
core   0: 3 0x800013fc (0x407102b3) x 5 0xfffff50a
core   0: 0x80001400 (0x0ec9ef13) ori     t5, s3, 236
core   0: 3 0x80001400 (0x0ec9ef13) x30 0x000003fd
core   0: 0x80001404 (0x0147ed33) or      s10, a5, s4
core   0: 3 0x80001404 (0x0147ed33) x26 0x80011e65
core   0: 0x80001408 (0xebc2e793) ori     a5, t0, -324
core   0: 3 0x80001408 (0xebc2e793) x15 0xffffffbe
core   0: 0x8000140c (0x00ca9733) sll     a4, s5, a2
core   0: 3 0x8000140c (0x00ca9733) x14 0x57390000
core   0: 0x80001410 (0x01b27e33) and     t3, tp, s11
core   0: 3 0x80001410 (0x01b27e33) x28 0x210d0000
core   0: 0x80001414 (0x007740b3) xor     ra, a4, t2
core   0: 3 0x80001414 (0x007740b3) x 1 0x57390af6
core   0: 0x80001418 (0xe862f993) andi    s3, t0, -378
core   0: 3 0x80001418 (0xe862f993) x19 0xfffff402
core   0: 0x8000141c (0x410e5693) srai    a3, t3, 16
core   0: 3 0x8000141c (0x410e5693) x13 0x0000210d
core   0: 0x80001420 (0x005b26b3) slt     a3, s6, t0
core   0: 3 0x80001420 (0x005b26b3) x13 0x00000000
core   0: 0x80001424 (0x00ed1f13) slli    t5, s10, 14
core   0: 3 0x80001424 (0x00ed1f13) x30 0x47994000
core   0: 0x80001428 (0x411a8d33) sub     s10, s5, a7
core   0: 3 0x80001428 (0x411a8d33) x26 0x7ff4be55
core   0: 0x8000142c (0x35f62113) slti    sp, a2, 863
core   0: 3 0x8000142c (0x35f62113) x 2 0x00000001
core   0: 0x80001430 (0xb5cae813) ori     a6, s5, -1188
core   0: 3 0x80001430 (0xb5cae813) x16 0xfffffffc
core   0: 0x80001434 (0x41210bb3) sub     s7, sp, s2
core   0: 3 0x80001434 (0x41210bb3) x23 0xfffffaa4
core   0: 0x80001438 (0xa12d8693) addi    a3, s11, -1518
core   0: 3 0x80001438 (0xa12d8693) x13 0x692d3a12
core   0: 0x8000143c (0x018ddb93) srli    s7, s11, 24
core   0: 3 0x8000143c (0x018ddb93) x23 0x00000069
core   0: 0x80001440 (0x00ff8433) add     s0, t6, a5
core   0: 3 0x80001440 (0x00ff8433) x 8 0xadc95372
core   0: 0x80001444 (0xd11ab213) sltiu   tp, s5, -751
core   0: 3 0x80001444 (0xd11ab213) x 4 0x00000001
core   0: 0x80001448 (0x406457b3) sra     a5, s0, t1
core   0: 3 0x80001448 (0x406457b3) x15 0xadc95372
core   0: 0x8000144c (0x416d8cb3) sub     s9, s11, s6
core   0: 3 0x8000144c (0x416d8cb3) x25 0x692d4000
core   0: 0x80001450 (0x010f5393) srli    t2, t5, 16
core   0: 3 0x80001450 (0x010f5393) x 7 0x00004799
core   0: 0x80001454 (0x01481b93) slli    s7, a6, 20
core   0: 3 0x80001454 (0x01481b93) x23 0xffc00000
core   0: 0x80001458 (0x00056033) or      zero, a0, zero
core   0: 3 0x80001458 (0x00056033)
core   0: 0x8000145c (0x00f2abb3) slt     s7, t0, a5
core   0: 3 0x8000145c (0x00f2abb3) x23 0x00000000
core   0: 0x80001460 (0x01ca2e33) slt     t3, s4, t3
core   0: 3 0x80001460 (0x01ca2e33) x28 0x00000001
core   0: 0x80001464 (0x41855c93) srai    s9, a0, 24
core   0: 3 0x80001464 (0x41855c93) x25 0xffffffb8
core   0: 0x80001468 (0xec086697) auipc   a3, 0xec086
core   0: 3 0x80001468 (0xec086697) x13 0x6c087468
core   0: 0x8000146c (0x013d9e33) sll     t3, s11, s3
core   0: 3 0x8000146c (0x013d9e33) x28 0xa4b50000
core   0: 0x80001470 (0x015579b3) and     s3, a0, s5
core   0: 3 0x80001470 (0x015579b3) x19 0x80014ce0
core   0: 0x80001474 (0x0136f133) and     sp, a3, s3
core   0: 3 0x80001474 (0x0136f133) x 2 0x00004460
core   0: 0x80001478 (0xee53b713) sltiu   a4, t2, -283
core   0: 3 0x80001478 (0xee53b713) x14 0x00000001
core   0: 0x8000147c (0xca980bb7) lui     s7, 0xca980
core   0: 3 0x8000147c (0xca980bb7) x23 0xca980000
core   0: 0x80001480 (0x40658733) sub     a4, a1, t1
core   0: 3 0x80001480 (0x40658733) x14 0xe9ce0ff9
core   0: 0x80001484 (0x008ef433) and     s0, t4, s0
core   0: 3 0x80001484 (0x008ef433) x 8 0x00004012
core   0: 0x80001488 (0x000fbe33) sltu    t3, t6, zero
core   0: 3 0x80001488 (0x000fbe33) x28 0x00000000
core   0: 0x8000148c (0x401c0db3) sub     s11, s8, ra
core   0: 3 0x8000148c (0x401c0db3) x27 0xa8c6f50a
core   0: 0x80001490 (0x00618cb3) add     s9, gp, t1
core   0: 3 0x80001490 (0x00618cb3) x25 0x1631f63d
core   0: 0x80001494 (0x019427b3) slt     a5, s0, s9
core   0: 3 0x80001494 (0x019427b3) x15 0x00000001
core   0: 0x80001498 (0x406082b3) sub     t0, ra, t1
core   0: 3 0x80001498 (0x406082b3) x 5 0x41071af6
core   0: 0x8000149c (0x0043fb33) and     s6, t2, tp
core   0: 3 0x8000149c (0x0043fb33) x22 0x00000001
core   0: 0x800014a0 (0x006b5893) srli    a7, s6, 6
core   0: 3 0x800014a0 (0x006b5893) x17 0x00000000
core   0: 0x800014a4 (0x009d7f33) and     t5, s10, s1
core   0: 3 0x800014a4 (0x009d7f33) x30 0x12500000
core   0: 0x800014a8 (0x839c3793) sltiu   a5, s8, -1991
core   0: 3 0x800014a8 (0x839c3793) x15 0x00000001
core   0: 0x800014ac (0x010b9b93) slli    s7, s7, 16
core   0: 3 0x800014ac (0x010b9b93) x23 0x00000000
core   0: 0x800014b0 (0x407ad6b3) sra     a3, s5, t2
core   0: 3 0x800014b0 (0x407ad6b3) x13 0xffffffc0
core   0: 0x800014b4 (0x00000013) nop
core   0: 3 0x800014b4 (0x00000013)
core   0: 0x800014b8 (0x01ba1993) slli    s3, s4, 27
core   0: 3 0x800014b8 (0x01ba1993) x19 0x20000000
core   0: 0x800014bc (0x008bb233) sltu    tp, s7, s0
core   0: 3 0x800014bc (0x008bb233) x 4 0x00000001
core   0: 0x800014c0 (0x0081e733) or      a4, gp, s0
core   0: 3 0x800014c0 (0x0081e733) x14 0x0000463f
core   0: 0x800014c4 (0xb4b0f913) andi    s2, ra, -1205
core   0: 3 0x800014c4 (0xb4b0f913) x18 0x57390a42
core   0: 0x800014c8 (0x00a21593) slli    a1, tp, 10
core   0: 3 0x800014c8 (0x00a21593) x11 0x00000400
core   0: 0x800014cc (0x006f8733) add     a4, t6, t1
core   0: 3 0x800014cc (0x006f8733) x14 0xc3fb43b4
core   0: 0x800014d0 (0x00d3a1b3) slt     gp, t2, a3
core   0: 3 0x800014d0 (0x00d3a1b3) x 3 0x00000000
core   0: 0x800014d4 (0x0116c2b3) xor     t0, a3, a7
core   0: 3 0x800014d4 (0x0116c2b3) x 5 0xffffffc0
core   0: 0x800014d8 (0x00f62533) slt     a0, a2, a5
core   0: 3 0x800014d8 (0x00f62533) x10 0x00000001
core   0: 0x800014dc (0xb31e2393) slti    t2, t3, -1231
core   0: 3 0x800014dc (0xb31e2393) x 7 0x00000000
core   0: 0x800014e0 (0x01d58533) add     a0, a1, t4
core   0: 3 0x800014e0 (0x01d58533) x10 0x00124c9e
core   0: 0x800014e4 (0xfe6add37) lui     s10, 0xfe6ad
core   0: 3 0x800014e4 (0xfe6add37) x26 0xfe6ad000
core   0: 0x800014e8 (0x01c49233) sll     tp, s1, t3
core   0: 3 0x800014e8 (0x01c49233) x 4 0x12500000
core   0: 0x800014ec (0x6e24cb13) xori    s6, s1, 1762
core   0: 3 0x800014ec (0x6e24cb13) x22 0x125006e2
core   0: 0x800014f0 (0x0120e4b3) or      s1, ra, s2
core   0: 3 0x800014f0 (0x0120e4b3) x 9 0x57390af6
core   0: 0x800014f4 (0xc9a91317) auipc   t1, 0xc9a91
core   0: 3 0x800014f4 (0xc9a91317) x 6 0x49a924f4
core   0: 0x800014f8 (0x00f9f5b3) and     a1, s3, a5
core   0: 3 0x800014f8 (0x00f9f5b3) x11 0x00000000
core   0: 0x800014fc (0x004390b3) sll     ra, t2, tp
core   0: 3 0x800014fc (0x004390b3) x 1 0x00000000
core   0: 0x80001500 (0x01700cb3) add     s9, zero, s7
core   0: 3 0x80001500 (0x01700cb3) x25 0x00000000
core   0: 0x80001504 (0x00161833) sll     a6, a2, ra
core   0: 3 0x80001504 (0x00161833) x16 0xef026aee
core   0: 0x80001508 (0x401800b3) sub     ra, a6, ra
core   0: 3 0x80001508 (0x401800b3) x 1 0xef026aee
core   0: 0x8000150c (0x00f1ec33) or      s8, gp, a5
core   0: 3 0x8000150c (0x00f1ec33) x24 0x00000001
core   0: 0x80001510 (0x00d60333) add     t1, a2, a3
core   0: 3 0x80001510 (0x00d60333) x 6 0xef026aae
core   0: 0x80001514 (0x00000013) nop
core   0: 3 0x80001514 (0x00000013)
core   0: 0x80001518 (0x01e615b3) sll     a1, a2, t5
core   0: 3 0x80001518 (0x01e615b3) x11 0xef026aee
core   0: 0x8000151c (0x0132d593) srli    a1, t0, 19
core   0: 3 0x8000151c (0x0132d593) x11 0x00001fff
core   0: 0x80001520 (0x005a88b3) add     a7, s5, t0
core   0: 3 0x80001520 (0x005a88b3) x17 0x80015ca4
core   0: 0x80001524 (0x41a402b3) sub     t0, s0, s10
core   0: 3 0x80001524 (0x41a402b3) x 5 0x01957012
core   0: 0x80001528 (0x016dbeb3) sltu    t4, s11, s6
core   0: 3 0x80001528 (0x016dbeb3) x29 0x00000000
core   0: 0x8000152c (0x00715733) srl     a4, sp, t2
core   0: 3 0x8000152c (0x00715733) x14 0x00004460
core   0: 0x80001530 (0xf9e78793) addi    a5, a5, -98
core   0: 3 0x80001530 (0xf9e78793) x15 0xffffff9f
core   0: 0x80001534 (0x01f2e233) or      tp, t0, t6
core   0: 3 0x80001534 (0x01f2e233) x 4 0xaddd73b6
core   0: 0x80001538 (0x83d26c13) ori     s8, tp, -1987
core   0: 3 0x80001538 (0x83d26c13) x24 0xfffffbbf
core   0: 0x8000153c (0x007f5c13) srli    s8, t5, 7
core   0: 3 0x8000153c (0x007f5c13) x24 0x0024a000
core   0: 0x80001540 (0x01ffb2b3) sltu    t0, t6, t6
core   0: 3 0x80001540 (0x01ffb2b3) x 5 0x00000000
core   0: 0x80001544 (0xbbc5a713) slti    a4, a1, -1092
core   0: 3 0x80001544 (0xbbc5a713) x14 0x00000000
core   0: 0x80001548 (0x01c3b7b3) sltu    a5, t2, t3
core   0: 3 0x80001548 (0x01c3b7b3) x15 0x00000000
core   0: 0x8000154c (0x1ee83e13) sltiu   t3, a6, 494
core   0: 3 0x8000154c (0x1ee83e13) x28 0x00000000
core   0: 0x80001550 (0x00559b13) slli    s6, a1, 5
core   0: 3 0x80001550 (0x00559b13) x22 0x0003ffe0
core   0: 0x80001554 (0x01438433) add     s0, t2, s4
core   0: 3 0x80001554 (0x01438433) x 8 0x80011e64
core   0: 0x80001558 (0x66917c13) andi    s8, sp, 1641
core   0: 3 0x80001558 (0x66917c13) x24 0x00000460
core   0: 0x8000155c (0x40555313) srai    t1, a0, 5
core   0: 3 0x8000155c (0x40555313) x 6 0x00009264
core   0: 0x80001560 (0x40b6d313) srai    t1, a3, 11
core   0: 3 0x80001560 (0x40b6d313) x 6 0xffffffff
core   0: 0x80001564 (0x407c80b3) sub     ra, s9, t2
core   0: 3 0x80001564 (0x407c80b3) x 1 0x00000000
core   0: 0x80001568 (0x416a8233) sub     tp, s5, s6
core   0: 3 0x80001568 (0x416a8233) x 4 0x7ffd5d04
core   0: 0x8000156c (0x8df68c13) addi    s8, a3, -1825
core   0: 3 0x8000156c (0x8df68c13) x24 0xfffff89f
core   0: 0x80001570 (0x01c791b3) sll     gp, a5, t3
core   0: 3 0x80001570 (0x01c791b3) x 3 0x00000000
core   0: 0x80001574 (0x011dc133) xor     sp, s11, a7
core   0: 3 0x80001574 (0x011dc133) x 2 0x28c7a9ae
core   0: 0x80001578 (0x011e69b3) or      s3, t3, a7
core   0: 3 0x80001578 (0x011e69b3) x19 0x80015ca4
core   0: 0x8000157c (0x41620b33) sub     s6, tp, s6
core   0: 3 0x8000157c (0x41620b33) x22 0x7ff95d24
core   0: 0x80001580 (0x019b7eb3) and     t4, s6, s9
core   0: 3 0x80001580 (0x019b7eb3) x29 0x00000000
core   0: 0x80001584 (0x410fcf93) xori    t6, t6, 1040
core   0: 3 0x80001584 (0x410fcf93) x31 0xadc957a4
core   0: 0x80001588 (0x00000013) nop
core   0: 3 0x80001588 (0x00000013)
core   0: 0x8000158c (0x003ec833) xor     a6, t4, gp
core   0: 3 0x8000158c (0x003ec833) x16 0x00000000
core   0: 0x80001590 (0x007095b3) sll     a1, ra, t2
core   0: 3 0x80001590 (0x007095b3) x11 0x00000000
core   0: 0x80001594 (0x00000013) nop
core   0: 3 0x80001594 (0x00000013)
core   0: 0x80001598 (0x21616913) ori     s2, sp, 534
core   0: 3 0x80001598 (0x21616913) x18 0x28c7abbe
core   0: 0x8000159c (0x0eeb6e93) ori     t4, s6, 238
core   0: 3 0x8000159c (0x0eeb6e93) x29 0x7ff95dee
core   0: 0x800015a0 (0x00158db3) add     s11, a1, ra
core   0: 3 0x800015a0 (0x00158db3) x27 0x00000000
core   0: 0x800015a4 (0x013920b3) slt     ra, s2, s3
core   0: 3 0x800015a4 (0x013920b3) x 1 0x00000000
core   0: 0x800015a8 (0x4171d4b3) sra     s1, gp, s7
core   0: 3 0x800015a8 (0x4171d4b3) x 9 0x00000000
core   0: 0x800015ac (0x0007ac33) slt     s8, a5, zero
core   0: 3 0x800015ac (0x0007ac33) x24 0x00000000
core   0: 0x800015b0 (0x00ca94b3) sll     s1, s5, a2
core   0: 3 0x800015b0 (0x00ca94b3) x 9 0x57390000
core   0: 0x800015b4 (0x97b7d737) lui     a4, 0x97b7d
core   0: 3 0x800015b4 (0x97b7d737) x14 0x97b7d000
core   0: 0x800015b8 (0x00000013) nop
core   0: 3 0x800015b8 (0x00000013)
core   0: 0x800015bc (0x00ae8433) add     s0, t4, a0
core   0: 3 0x800015bc (0x00ae8433) x 8 0x800baa8c
core   0: 0x800015c0 (0x41ca5133) sra     sp, s4, t3
core   0: 3 0x800015c0 (0x41ca5133) x 2 0x80011e64
core   0: 0x800015c4 (0x116c0993) addi    s3, s8, 278
core   0: 3 0x800015c4 (0x116c0993) x19 0x00000116
core   0: 0x800015c8 (0x66a2e917) auipc   s2, 0x66a2e
core   0: 3 0x800015c8 (0x66a2e917) x18 0xe6a2f5c8
core   0: 0x800015cc (0x42dd9697) auipc   a3, 0x42dd9
core   0: 3 0x800015cc (0x42dd9697) x13 0xc2dda5cc
core   0: 0x800015d0 (0x40dcdf13) srai    t5, s9, 13
core   0: 3 0x800015d0 (0x40dcdf13) x30 0x00000000
core   0: 0x800015d4 (0x01b3e4b3) or      s1, t2, s11
core   0: 3 0x800015d4 (0x01b3e4b3) x 9 0x00000000
core   0: 0x800015d8 (0x965f8113) addi    sp, t6, -1691
core   0: 3 0x800015d8 (0x965f8113) x 2 0xadc95109
core   0: 0x800015dc (0x011f1233) sll     tp, t5, a7
core   0: 3 0x800015dc (0x011f1233) x 4 0x00000000
core   0: 0x800015e0 (0x00000013) nop
core   0: 3 0x800015e0 (0x00000013)
core   0: 0x800015e4 (0x00329193) slli    gp, t0, 3
core   0: 3 0x800015e4 (0x00329193) x 3 0x00000000
core   0: 0x800015e8 (0x9be3b913) sltiu   s2, t2, -1602
core   0: 3 0x800015e8 (0x9be3b913) x18 0x00000001
core   0: 0x800015ec (0x41345393) srai    t2, s0, 19
core   0: 3 0x800015ec (0x41345393) x 7 0xfffff001
core   0: 0x800015f0 (0x8abcbb93) sltiu   s7, s9, -1877
core   0: 3 0x800015f0 (0x8abcbb93) x23 0x00000001
core   0: 0x800015f4 (0x00cab933) sltu    s2, s5, a2
core   0: 3 0x800015f4 (0x00cab933) x18 0x00000001
core   0: 0x800015f8 (0x0113f1b3) and     gp, t2, a7
core   0: 3 0x800015f8 (0x0113f1b3) x 3 0x80015000
core   0: 0x800015fc (0x401104b3) sub     s1, sp, ra
core   0: 3 0x800015fc (0x401104b3) x 9 0xadc95109
core   0: 0x80001600 (0x01375193) srli    gp, a4, 19
core   0: 3 0x80001600 (0x01375193) x 3 0x000012f6
core   0: 0x80001604 (0x228fb313) sltiu   t1, t6, 552
core   0: 3 0x80001604 (0x228fb313) x 6 0x00000000
core   0: 0x80001608 (0xd6687393) andi    t2, a6, -666
core   0: 3 0x80001608 (0xd6687393) x 7 0x00000000
core   0: 0x8000160c (0x0049df33) srl     t5, s3, tp
core   0: 3 0x8000160c (0x0049df33) x30 0x00000116
core   0: 0x80001610 (0x012458b3) srl     a7, s0, s2
core   0: 3 0x80001610 (0x012458b3) x17 0x4005d546
core   0: 0x80001614 (0x00bf0db3) add     s11, t5, a1
core   0: 3 0x80001614 (0x00bf0db3) x27 0x00000116
core   0: 0x80001618 (0xb30c2717) auipc   a4, 0xb30c2
core   0: 3 0x80001618 (0xb30c2717) x14 0x330c3618
core   0: 0x8000161c (0x14beb297) auipc   t0, 0x14beb
core   0: 3 0x8000161c (0x14beb297) x 5 0x94bec61c
core   0: 0x80001620 (0x41b75493) srai    s1, a4, 27
core   0: 3 0x80001620 (0x41b75493) x 9 0x00000006
core   0: 0x80001624 (0xde50e113) ori     sp, ra, -539
core   0: 3 0x80001624 (0xde50e113) x 2 0xfffffde5
core   0: 0x80001628 (0x62fabc93) sltiu   s9, s5, 1583
core   0: 3 0x80001628 (0x62fabc93) x25 0x00000000
core   0: 0x8000162c (0xd8e28f97) auipc   t6, 0xd8e28
core   0: 3 0x8000162c (0xd8e28f97) x31 0x58e2962c
core   0: 0x80001630 (0xfcb2ec13) ori     s8, t0, -53
core   0: 3 0x80001630 (0xfcb2ec13) x24 0xffffffdf
core   0: 0x80001634 (0x417a04b3) sub     s1, s4, s7
core   0: 3 0x80001634 (0x417a04b3) x 9 0x80011e63
core   0: 0x80001638 (0x40f4d593) srai    a1, s1, 15
core   0: 3 0x80001638 (0x40f4d593) x11 0xffff0002
core   0: 0x8000163c (0x01404233) xor     tp, zero, s4
core   0: 3 0x8000163c (0x01404233) x 4 0x80011e64
core   0: 0x80001640 (0x003768b3) or      a7, a4, gp
core   0: 3 0x80001640 (0x003768b3) x17 0x330c36fe
core   0: 0x80001644 (0x01b04c33) xor     s8, zero, s11
core   0: 3 0x80001644 (0x01b04c33) x24 0x00000116
core   0: 0x80001648 (0x00000013) nop
core   0: 3 0x80001648 (0x00000013)
core   0: 0x8000164c (0x00f45433) srl     s0, s0, a5
core   0: 3 0x8000164c (0x00f45433) x 8 0x800baa8c
core   0: 0x80001650 (0x41ead1b3) sra     gp, s5, t5
core   0: 3 0x80001650 (0x41ead1b3) x 3 0xfffffe00
core   0: 0x80001654 (0x0145fb33) and     s6, a1, s4
core   0: 3 0x80001654 (0x0145fb33) x22 0x80010000
core   0: 0x80001658 (0x00e8a6b3) slt     a3, a7, a4
core   0: 3 0x80001658 (0x00e8a6b3) x13 0x00000000
core   0: 0x8000165c (0x016b7b33) and     s6, s6, s6
core   0: 3 0x8000165c (0x016b7b33) x22 0x80010000
core   0: 0x80001660 (0x01086133) or      sp, a6, a6
core   0: 3 0x80001660 (0x01086133) x 2 0x00000000
core   0: 0x80001664 (0x01521bb3) sll     s7, tp, s5
core   0: 3 0x80001664 (0x01521bb3) x23 0x0011e640
core   0: 0x80001668 (0xcc2f6493) ori     s1, t5, -830
core   0: 3 0x80001668 (0xcc2f6493) x 9 0xfffffdd6
core   0: 0x8000166c (0x0118ed33) or      s10, a7, a7
core   0: 3 0x8000166c (0x0118ed33) x26 0x330c36fe
core   0: 0x80001670 (0xda3e7813) andi    a6, t3, -605
core   0: 3 0x80001670 (0xda3e7813) x16 0x00000000
core   0: 0x80001674 (0x01ce53b3) srl     t2, t3, t3
core   0: 3 0x80001674 (0x01ce53b3) x 7 0x00000000
core   0: 0x80001678 (0x4195d293) srai    t0, a1, 25
core   0: 3 0x80001678 (0x4195d293) x 5 0xffffffff
core   0: 0x8000167c (0x6f1cb593) sltiu   a1, s9, 1777
core   0: 3 0x8000167c (0x6f1cb593) x11 0x00000001
core   0: 0x80001680 (0x00626c33) or      s8, tp, t1
core   0: 3 0x80001680 (0x00626c33) x24 0x80011e64
core   0: 0x80001684 (0xded79537) lui     a0, 0xded79
core   0: 3 0x80001684 (0xded79537) x10 0xded79000
core   0: 0x80001688 (0xd301ee93) ori     t4, gp, -720
core   0: 3 0x80001688 (0xd301ee93) x29 0xffffff30
core   0: 0x8000168c (0x00c0f233) and     tp, ra, a2
core   0: 3 0x8000168c (0x00c0f233) x 4 0x00000000
core   0: 0x80001690 (0x1d21eb93) ori     s7, gp, 466
core   0: 3 0x80001690 (0x1d21eb93) x23 0xffffffd2
core   0: 0x80001694 (0x41990cb3) sub     s9, s2, s9
core   0: 3 0x80001694 (0x41990cb3) x25 0x00000001
core   0: 0x80001698 (0x00fdddb3) srl     s11, s11, a5
core   0: 3 0x80001698 (0x00fdddb3) x27 0x00000116
core   0: 0x8000169c (0x52970fb7) lui     t6, 0x52970
core   0: 3 0x8000169c (0x52970fb7) x31 0x52970000
core   0: 0x800016a0 (0x40635693) srai    a3, t1, 6
core   0: 3 0x800016a0 (0x40635693) x13 0x00000000
core   0: 0x800016a4 (0x01b92db3) slt     s11, s2, s11
core   0: 3 0x800016a4 (0x01b92db3) x27 0x00000001
core   0: 0x800016a8 (0x7965a413) slti    s0, a1, 1942
core   0: 3 0x800016a8 (0x7965a413) x 8 0x00000001
core   0: 0x800016ac (0xbdb02b93) slti    s7, zero, -1061
core   0: 3 0x800016ac (0xbdb02b93) x23 0x00000000
core   0: 0x800016b0 (0x005e42b3) xor     t0, t3, t0
core   0: 3 0x800016b0 (0x005e42b3) x 5 0xffffffff
core   0: 0x800016b4 (0x007c4133) xor     sp, s8, t2
core   0: 3 0x800016b4 (0x007c4133) x 2 0x80011e64
core   0: 0x800016b8 (0x00814e33) xor     t3, sp, s0
core   0: 3 0x800016b8 (0x00814e33) x28 0x80011e65
core   0: 0x800016bc (0x0e538f13) addi    t5, t2, 229
core   0: 3 0x800016bc (0x0e538f13) x30 0x000000e5
core   0: 0x800016c0 (0xc700bc13) sltiu   s8, ra, -912
core   0: 3 0x800016c0 (0xc700bc13) x24 0x00000001
core   0: 0x800016c4 (0x1c67d537) lui     a0, 0x1c67d
core   0: 3 0x800016c4 (0x1c67d537) x10 0x1c67d000
core   0: 0x800016c8 (0x005a95b3) sll     a1, s5, t0
core   0: 3 0x800016c8 (0x005a95b3) x11 0x00000000
core   0: 0x800016cc (0x01ffa8b3) slt     a7, t6, t6
core   0: 3 0x800016cc (0x01ffa8b3) x17 0x00000000
core   0: 0x800016d0 (0xaf44b913) sltiu   s2, s1, -1292
core   0: 3 0x800016d0 (0xaf44b913) x18 0x00000000
core   0: 0x800016d4 (0x01e3dbb3) srl     s7, t2, t5
core   0: 3 0x800016d4 (0x01e3dbb3) x23 0x00000000
core   0: 0x800016d8 (0x01d36f33) or      t5, t1, t4
core   0: 3 0x800016d8 (0x01d36f33) x30 0xffffff30
core   0: 0x800016dc (0x887bbb93) sltiu   s7, s7, -1913
core   0: 3 0x800016dc (0x887bbb93) x23 0x00000001
core   0: 0x800016e0 (0x01a083b3) add     t2, ra, s10
core   0: 3 0x800016e0 (0x01a083b3) x 7 0x330c36fe
core   0: 0x800016e4 (0x4b91ab13) slti    s6, gp, 1209
core   0: 3 0x800016e4 (0x4b91ab13) x22 0x00000001
core   0: 0x800016e8 (0x00ffe733) or      a4, t6, a5
core   0: 3 0x800016e8 (0x00ffe733) x14 0x52970000
core   0: 0x800016ec (0x00617733) and     a4, sp, t1
core   0: 3 0x800016ec (0x00617733) x14 0x00000000
core   0: 0x800016f0 (0x40e3d713) srai    a4, t2, 14
core   0: 3 0x800016f0 (0x40e3d713) x14 0x0000cc30
core   0: 0x800016f4 (0x00538eb3) add     t4, t2, t0
core   0: 3 0x800016f4 (0x00538eb3) x29 0x330c36fd
core   0: 0x800016f8 (0x00c94c33) xor     s8, s2, a2
core   0: 3 0x800016f8 (0x00c94c33) x24 0xef026aee
core   0: 0x800016fc (0xb6a323b7) lui     t2, 0xb6a32
core   0: 3 0x800016fc (0xb6a323b7) x 7 0xb6a32000
core   0: 0x80001700 (0x00000013) nop
core   0: 3 0x80001700 (0x00000013)
core   0: 0x80001704 (0x1ed6c337) lui     t1, 0x1ed6c
core   0: 3 0x80001704 (0x1ed6c337) x 6 0x1ed6c000
core   0: 0x80001708 (0x00000013) nop
core   0: 3 0x80001708 (0x00000013)
core   0: 0x8000170c (0x019d9e33) sll     t3, s11, s9
core   0: 3 0x8000170c (0x019d9e33) x28 0x00000002
core   0: 0x80001710 (0x8cc3af13) slti    t5, t2, -1844
core   0: 3 0x80001710 (0x8cc3af13) x30 0x00000001
core   0: 0x80001714 (0xa8f77437) lui     s0, 0xa8f77
core   0: 3 0x80001714 (0xa8f77437) x 8 0xa8f77000
core   0: 0x80001718 (0xb71a4d13) xori    s10, s4, -1167
core   0: 3 0x80001718 (0xb71a4d13) x26 0x7ffee515
core   0: 0x8000171c (0x009941b3) xor     gp, s2, s1
core   0: 3 0x8000171c (0x009941b3) x 3 0xfffffdd6
core   0: 0x80001720 (0x01354fb3) xor     t6, a0, s3
core   0: 3 0x80001720 (0x01354fb3) x31 0x1c67d116
core   0: 0x80001724 (0x00bc2733) slt     a4, s8, a1
core   0: 3 0x80001724 (0x00bc2733) x14 0x00000001
core   0: 0x80001728 (0x01054433) xor     s0, a0, a6
core   0: 3 0x80001728 (0x01054433) x 8 0x1c67d000
core   0: 0x8000172c (0xaabe5697) auipc   a3, 0xaabe5
core   0: 3 0x8000172c (0xaabe5697) x13 0x2abe672c
core   0: 0x80001730 (0x4151d533) sra     a0, gp, s5
core   0: 3 0x80001730 (0x4151d533) x10 0xffffffdd
core   0: 0x80001734 (0x41115db3) sra     s11, sp, a7
core   0: 3 0x80001734 (0x41115db3) x27 0x80011e64
core   0: 0x80001738 (0xad807d93) andi    s11, zero, -1320
core   0: 3 0x80001738 (0xad807d93) x27 0x00000000
core   0: 0x8000173c (0x00000013) nop
core   0: 3 0x8000173c (0x00000013)
core   0: 0x80001740 (0x408fd913) srai    s2, t6, 8
core   0: 3 0x80001740 (0x408fd913) x18 0x001c67d1
core   0: 0x80001744 (0x005c91b3) sll     gp, s9, t0
core   0: 3 0x80001744 (0x005c91b3) x 3 0x80000000
core   0: 0x80001748 (0x01c854b3) srl     s1, a6, t3
core   0: 3 0x80001748 (0x01c854b3) x 9 0x00000000
core   0: 0x8000174c (0x01dbe9b3) or      s3, s7, t4
core   0: 3 0x8000174c (0x01dbe9b3) x19 0x330c36fd
core   0: 0x80001750 (0x31fb3b13) sltiu   s6, s6, 799
core   0: 3 0x80001750 (0x31fb3b13) x22 0x00000001
core   0: 0x80001754 (0x0153dd33) srl     s10, t2, s5
core   0: 3 0x80001754 (0x0153dd33) x26 0x0b6a3200
core   0: 0x80001758 (0x01496e33) or      t3, s2, s4
core   0: 3 0x80001758 (0x01496e33) x28 0x801d7ff5
core   0: 0x8000175c (0x01440033) add     zero, s0, s4
core   0: 3 0x8000175c (0x01440033)
core   0: 0x80001760 (0x00ccbc33) sltu    s8, s9, a2
core   0: 3 0x80001760 (0x00ccbc33) x24 0x00000001
core   0: 0x80001764 (0x2c63b493) sltiu   s1, t2, 710
core   0: 3 0x80001764 (0x2c63b493) x 9 0x00000000
core   0: 0x80001768 (0x00d21713) slli    a4, tp, 13
core   0: 3 0x80001768 (0x00d21713) x14 0x00000000
core   0: 0x8000176c (0x008130b3) sltu    ra, sp, s0
core   0: 3 0x8000176c (0x008130b3) x 1 0x00000000
core   0: 0x80001770 (0x01ff6c33) or      s8, t5, t6
core   0: 3 0x80001770 (0x01ff6c33) x24 0x1c67d117
core   0: 0x80001774 (0xd1e7b013) sltiu   zero, a5, -738
core   0: 3 0x80001774 (0xd1e7b013)
core   0: 0x80001778 (0x6bb5fd93) andi    s11, a1, 1723
core   0: 3 0x80001778 (0x6bb5fd93) x27 0x00000000
core   0: 0x8000177c (0x00f6f933) and     s2, a3, a5
core   0: 3 0x8000177c (0x00f6f933) x18 0x00000000
core   0: 0x80001780 (0x0099d3b3) srl     t2, s3, s1
core   0: 3 0x80001780 (0x0099d3b3) x 7 0x330c36fd
core   0: 0x80001784 (0x00396bb3) or      s7, s2, gp
core   0: 3 0x80001784 (0x00396bb3) x23 0x80000000
core   0: 0x80001788 (0xe8e3e293) ori     t0, t2, -370
core   0: 3 0x80001788 (0xe8e3e293) x 5 0xfffffeff
core   0: 0x8000178c (0x013063b3) or      t2, zero, s3
core   0: 3 0x8000178c (0x013063b3) x 7 0x330c36fd
core   0: 0x80001790 (0x00000013) nop
core   0: 3 0x80001790 (0x00000013)
core   0: 0x80001794 (0x400f5b13) srai    s6, t5, 0
core   0: 3 0x80001794 (0x400f5b13) x22 0x00000001
core   0: 0x80001798 (0x44890d93) addi    s11, s2, 1096
core   0: 3 0x80001798 (0x44890d93) x27 0x00000448
core   0: 0x8000179c (0x01032b33) slt     s6, t1, a6
core   0: 3 0x8000179c (0x01032b33) x22 0x00000000
core   0: 0x800017a0 (0x00e04b33) xor     s6, zero, a4
core   0: 3 0x800017a0 (0x00e04b33) x22 0x00000000
core   0: 0x800017a4 (0x1e707813) andi    a6, zero, 487
core   0: 3 0x800017a4 (0x1e707813) x16 0x00000000
core   0: 0x800017a8 (0x0a93b213) sltiu   tp, t2, 169
core   0: 3 0x800017a8 (0x0a93b213) x 4 0x00000000
core   0: 0x800017ac (0x01b35393) srli    t2, t1, 27
core   0: 3 0x800017ac (0x01b35393) x 7 0x00000003
core   0: 0x800017b0 (0xa2bba093) slti    ra, s7, -1493
core   0: 3 0x800017b0 (0xa2bba093) x 1 0x00000001
core   0: 0x800017b4 (0xbb96e013) ori     zero, a3, -1095
core   0: 3 0x800017b4 (0xbb96e013)
core   0: 0x800017b8 (0x41d15133) sra     sp, sp, t4
core   0: 3 0x800017b8 (0x41d15133) x 2 0xfffffffc
core   0: 0x800017bc (0x01087233) and     tp, a6, a6
core   0: 3 0x800017bc (0x01087233) x 4 0x00000000
core   0: 0x800017c0 (0x005a38b3) sltu    a7, s4, t0
core   0: 3 0x800017c0 (0x005a38b3) x17 0x00000001
core   0: 0x800017c4 (0x01870233) add     tp, a4, s8
core   0: 3 0x800017c4 (0x01870233) x 4 0x1c67d117
core   0: 0x800017c8 (0x00507e33) and     t3, zero, t0
core   0: 3 0x800017c8 (0x00507e33) x28 0x00000000
core   0: 0x800017cc (0x00cfa5b3) slt     a1, t6, a2
core   0: 3 0x800017cc (0x00cfa5b3) x11 0x00000000
core   0: 0x800017d0 (0x9bd38c13) addi    s8, t2, -1603
core   0: 3 0x800017d0 (0x9bd38c13) x24 0xfffff9c0
core   0: 0x800017d4 (0x00000013) nop
core   0: 3 0x800017d4 (0x00000013)
core   0: 0x800017d8 (0xc334c8b7) lui     a7, 0xc334c
core   0: 3 0x800017d8 (0xc334c8b7) x17 0xc334c000
core   0: 0x800017dc (0x1249f893) andi    a7, s3, 292
core   0: 3 0x800017dc (0x1249f893) x17 0x00000024
core   0: 0x800017e0 (0x0185df33) srl     t5, a1, s8
core   0: 3 0x800017e0 (0x0185df33) x30 0x00000000
core   0: 0x800017e4 (0xfd8fb213) sltiu   tp, t6, -40
core   0: 3 0x800017e4 (0xfd8fb213) x 4 0x00000001
core   0: 0x800017e8 (0x006c9b93) slli    s7, s9, 6
core   0: 3 0x800017e8 (0x006c9b93) x23 0x00000040
core   0: 0x800017ec (0x08d57b93) andi    s7, a0, 141
core   0: 3 0x800017ec (0x08d57b93) x23 0x0000008d
core   0: 0x800017f0 (0x001e78b3) and     a7, t3, ra
core   0: 3 0x800017f0 (0x001e78b3) x17 0x00000000
core   0: 0x800017f4 (0x00a6e833) or      a6, a3, a0
core   0: 3 0x800017f4 (0x00a6e833) x16 0xfffffffd
core   0: 0x800017f8 (0x0065d893) srli    a7, a1, 6
core   0: 3 0x800017f8 (0x0065d893) x17 0x00000000
core   0: 0x800017fc (0x0055d533) srl     a0, a1, t0
core   0: 3 0x800017fc (0x0055d533) x10 0x00000000
core   0: 0x80001800 (0x4ec5e593) ori     a1, a1, 1260
core   0: 3 0x80001800 (0x4ec5e593) x11 0x000004ec
core   0: 0x80001804 (0x01c448b3) xor     a7, s0, t3
core   0: 3 0x80001804 (0x01c448b3) x17 0x1c67d000
core   0: 0x80001808 (0x10620193) addi    gp, tp, 262
core   0: 3 0x80001808 (0x10620193) x 3 0x00000107
core   0: 0x8000180c (0x012f3533) sltu    a0, t5, s2
core   0: 3 0x8000180c (0x012f3533) x10 0x00000000
core   0: 0x80001810 (0x01a478b3) and     a7, s0, s10
core   0: 3 0x80001810 (0x01a478b3) x17 0x08621000
core   0: 0x80001814 (0x01476733) or      a4, a4, s4
core   0: 3 0x80001814 (0x01476733) x14 0x80011e64
core   0: 0x80001818 (0x006fb5b3) sltu    a1, t6, t1
core   0: 3 0x80001818 (0x006fb5b3) x11 0x00000001
core   0: 0x8000181c (0x0d18c693) xori    a3, a7, 209
core   0: 3 0x8000181c (0x0d18c693) x13 0x086210d1
core   0: 0x80001820 (0xf83df793) andi    a5, s11, -125
core   0: 3 0x80001820 (0xf83df793) x15 0x00000400
core   0: 0x80001824 (0x01f261b3) or      gp, tp, t6
core   0: 3 0x80001824 (0x01f261b3) x 3 0x1c67d117
core   0: 0x80001828 (0x1d23c293) xori    t0, t2, 466
core   0: 3 0x80001828 (0x1d23c293) x 5 0x000001d1
core   0: 0x8000182c (0xf84b2e93) slti    t4, s6, -124
core   0: 3 0x8000182c (0xf84b2e93) x29 0x00000000
core   0: 0x80001830 (0x002a1293) slli    t0, s4, 2
core   0: 3 0x80001830 (0x002a1293) x 5 0x00047990
core   0: 0x80001834 (0x018bde33) srl     t3, s7, s8
core   0: 3 0x80001834 (0x018bde33) x28 0x0000008d
core   0: 0x80001838 (0xc2d8a913) slti    s2, a7, -979
core   0: 3 0x80001838 (0xc2d8a913) x18 0x00000000
core   0: 0x8000183c (0x011ac933) xor     s2, s5, a7
core   0: 3 0x8000183c (0x011ac933) x18 0x88634ce4
core   0: 0x80001840 (0x40015bb3) sra     s7, sp, zero
core   0: 3 0x80001840 (0x40015bb3) x23 0xfffffffc
core   0: 0x80001844 (0x91556713) ori     a4, a0, -1771
core   0: 3 0x80001844 (0x91556713) x14 0xfffff915
core   0: 0x80001848 (0x4429fe37) lui     t3, 0x4429f
core   0: 3 0x80001848 (0x4429fe37) x28 0x4429f000
core   0: 0x8000184c (0x397f4213) xori    tp, t5, 919
core   0: 3 0x8000184c (0x397f4213) x 4 0x00000397
core   0: 0x80001850 (0x018ca733) slt     a4, s9, s8
core   0: 3 0x80001850 (0x018ca733) x14 0x00000000
core   0: 0x80001854 (0x40468fb3) sub     t6, a3, tp
core   0: 3 0x80001854 (0x40468fb3) x31 0x08620d3a
core   0: 0x80001858 (0x0148de33) srl     t3, a7, s4
core   0: 3 0x80001858 (0x0148de33) x28 0x00862100
core   0: 0x8000185c (0x01f3df93) srli    t6, t2, 31
core   0: 3 0x8000185c (0x01f3df93) x31 0x00000000
core   0: 0x80001860 (0x005ec8b3) xor     a7, t4, t0
core   0: 3 0x80001860 (0x005ec8b3) x17 0x00047990
core   0: 0x80001864 (0x00fadbb3) srl     s7, s5, a5
core   0: 3 0x80001864 (0x00fadbb3) x23 0x80015ce4
core   0: 0x80001868 (0x01f12733) slt     a4, sp, t6
core   0: 3 0x80001868 (0x01f12733) x14 0x00000001
core   0: 0x8000186c (0x00000013) nop
core   0: 3 0x8000186c (0x00000013)
core   0: 0x80001870 (0x00000013) nop
core   0: 3 0x80001870 (0x00000013)
core   0: 0x80001874 (0x0054d0b3) srl     ra, s1, t0
core   0: 3 0x80001874 (0x0054d0b3) x 1 0x00000000
core   0: 0x80001878 (0x01693f33) sltu    t5, s2, s6
core   0: 3 0x80001878 (0x01693f33) x30 0x00000000
core   0: 0x8000187c (0x00705c93) srli    s9, zero, 7
core   0: 3 0x8000187c (0x00705c93) x25 0x00000000
core   0: 0x80001880 (0x00aaec33) or      s8, s5, a0
core   0: 3 0x80001880 (0x00aaec33) x24 0x80015ce4
core   0: 0x80001884 (0x00000013) nop
core   0: 3 0x80001884 (0x00000013)
core   0: 0x80001888 (0x8ebdcf93) xori    t6, s11, -1813
core   0: 3 0x80001888 (0x8ebdcf93) x31 0xfffffca3
core   0: 0x8000188c (0x930b51b7) lui     gp, 0x930b5
core   0: 3 0x8000188c (0x930b51b7) x 3 0x930b5000
core   0: 0x80001890 (0x01201f33) sll     t5, zero, s2
core   0: 3 0x80001890 (0x01201f33) x30 0x00000000
core   0: 0x80001894 (0x01370bb3) add     s7, a4, s3
core   0: 3 0x80001894 (0x01370bb3) x23 0x330c36fe
core   0: 0x80001898 (0x01d59433) sll     s0, a1, t4
core   0: 3 0x80001898 (0x01d59433) x 8 0x00000001
core   0: 0x8000189c (0xedcea2b7) lui     t0, 0xedcea
core   0: 3 0x8000189c (0xedcea2b7) x 5 0xedcea000
core   0: 0x800018a0 (0xdf866893) ori     a7, a2, -520
core   0: 3 0x800018a0 (0xdf866893) x17 0xfffffffe
core   0: 0x800018a4 (0x012277b3) and     a5, tp, s2
core   0: 3 0x800018a4 (0x012277b3) x15 0x00000084
core   0: 0x800018a8 (0x00000013) nop
core   0: 3 0x800018a8 (0x00000013)
core   0: 0x800018ac (0x0152cd33) xor     s10, t0, s5
core   0: 3 0x800018ac (0x0152cd33) x26 0x6dcffce4
core   0: 0x800018b0 (0x409d5e13) srai    t3, s10, 9
core   0: 3 0x800018b0 (0x409d5e13) x28 0x0036e7fe
core   0: 0x800018b4 (0x28dee293) ori     t0, t4, 653
core   0: 3 0x800018b4 (0x28dee293) x 5 0x0000028d
core   0: 0x800018b8 (0xe075e693) ori     a3, a1, -505
core   0: 3 0x800018b8 (0xe075e693) x13 0xfffffe07
core   0: 0x800018bc (0xbdf6c2b7) lui     t0, 0xbdf6c
core   0: 3 0x800018bc (0xbdf6c2b7) x 5 0xbdf6c000
core   0: 0x800018c0 (0x016746b3) xor     a3, a4, s6
core   0: 3 0x800018c0 (0x016746b3) x13 0x00000001
core   0: 0x800018c4 (0x00000013) nop
core   0: 3 0x800018c4 (0x00000013)
core   0: 0x800018c8 (0x41185d33) sra     s10, a6, a7
core   0: 3 0x800018c8 (0x41185d33) x26 0xffffffff
core   0: 0x800018cc (0x001fe3b3) or      t2, t6, ra
core   0: 3 0x800018cc (0x001fe3b3) x 7 0xfffffca3
core   0: 0x800018d0 (0x3cb58813) addi    a6, a1, 971
core   0: 3 0x800018d0 (0x3cb58813) x16 0x000003cc
core   0: 0x800018d4 (0x14a43e93) sltiu   t4, s0, 330
core   0: 3 0x800018d4 (0x14a43e93) x29 0x00000001
core   0: 0x800018d8 (0x6884a513) slti    a0, s1, 1672
core   0: 3 0x800018d8 (0x6884a513) x10 0x00000001
core   0: 0x800018dc (0x414ddd93) srai    s11, s11, 20
core   0: 3 0x800018dc (0x414ddd93) x27 0x00000000
core   0: 0x800018e0 (0x3d796013) ori     zero, s2, 983
core   0: 3 0x800018e0 (0x3d796013)
core   0: 0x800018e4 (0x017f1493) slli    s1, t5, 23
core   0: 3 0x800018e4 (0x017f1493) x 9 0x00000000
core   0: 0x800018e8 (0x00084433) xor     s0, a6, zero
core   0: 3 0x800018e8 (0x00084433) x 8 0x000003cc
core   0: 0x800018ec (0xe0634493) xori    s1, t1, -506
core   0: 3 0x800018ec (0xe0634493) x 9 0xe1293e06
core   0: 0x800018f0 (0x014320b3) slt     ra, t1, s4
core   0: 3 0x800018f0 (0x014320b3) x 1 0x00000000
core   0: 0x800018f4 (0xa1aa7e93) andi    t4, s4, -1510
core   0: 3 0x800018f4 (0xa1aa7e93) x29 0x80011a00
core   0: 0x800018f8 (0xac4ae797) auipc   a5, 0xac4ae
core   0: 3 0x800018f8 (0xac4ae797) x15 0x2c4af8f8
core   0: 0x800018fc (0x41ec4913) xori    s2, s8, 1054
core   0: 3 0x800018fc (0x41ec4913) x18 0x800158fa
core   0: 0x80001900 (0x01adfeb3) and     t4, s11, s10
core   0: 3 0x80001900 (0x01adfeb3) x29 0x00000000
core   0: 0x80001904 (0x015330b3) sltu    ra, t1, s5
core   0: 3 0x80001904 (0x015330b3) x 1 0x00000001
core   0: 0x80001908 (0x01051c33) sll     s8, a0, a6
core   0: 3 0x80001908 (0x01051c33) x24 0x00001000
core   0: 0x8000190c (0x31802213) slti    tp, zero, 792
core   0: 3 0x8000190c (0x31802213) x 4 0x00000001
core   0: 0x80001910 (0x90068f13) addi    t5, a3, -1792
core   0: 3 0x80001910 (0x90068f13) x30 0xfffff901
core   0: 0x80001914 (0x4196d413) srai    s0, a3, 25
core   0: 3 0x80001914 (0x4196d413) x 8 0x00000000
core   0: 0x80001918 (0x1116d3b7) lui     t2, 0x1116d
core   0: 3 0x80001918 (0x1116d3b7) x 7 0x1116d000
core   0: 0x8000191c (0x017ad813) srli    a6, s5, 23
core   0: 3 0x8000191c (0x017ad813) x16 0x00000100
core   0: 0x80001920 (0x41f2d133) sra     sp, t0, t6
core   0: 3 0x80001920 (0x41f2d133) x 2 0xf7bed800
core   0: 0x80001924 (0x402b5e93) srai    t4, s6, 2
core   0: 3 0x80001924 (0x402b5e93) x29 0x00000000
core   0: 0x80001928 (0x003e0533) add     a0, t3, gp
core   0: 3 0x80001928 (0x003e0533) x10 0x934237fe
core   0: 0x8000192c (0xb4c0c517) auipc   a0, 0xb4c0c
core   0: 3 0x8000192c (0xb4c0c517) x10 0x34c0d92c
core   0: 0x80001930 (0x41980e93) addi    t4, a6, 1049
core   0: 3 0x80001930 (0x41980e93) x29 0x00000519
core   0: 0x80001934 (0x0bb00413) li      s0, 187
core   0: 3 0x80001934 (0x0bb00413) x 8 0x000000bb
core   0: 0x80001938 (0x017f2433) slt     s0, t5, s7
core   0: 3 0x80001938 (0x017f2433) x 8 0x00000001
core   0: 0x8000193c (0xe97b8797) auipc   a5, 0xe97b8
core   0: 3 0x8000193c (0xe97b8797) x15 0x697b993c
core   0: 0x80001940 (0x002e5f33) srl     t5, t3, sp
core   0: 3 0x80001940 (0x002e5f33) x30 0x0036e7fe
core   0: 0x80001944 (0x00f4d7b3) srl     a5, s1, a5
core   0: 3 0x80001944 (0x00f4d7b3) x15 0x0000000e
core   0: 0x80001948 (0x78ea6113) ori     sp, s4, 1934
core   0: 3 0x80001948 (0x78ea6113) x 2 0x80011fee
core   0: 0x8000194c (0x41d687b3) sub     a5, a3, t4
core   0: 3 0x8000194c (0x41d687b3) x15 0xfffffae8
core   0: 0x80001950 (0x01721413) slli    s0, tp, 23
core   0: 3 0x80001950 (0x01721413) x 8 0x00800000
core   0: 0x80001954 (0x00eb1cb3) sll     s9, s6, a4
core   0: 3 0x80001954 (0x00eb1cb3) x25 0x00000000
core   0: 0x80001958 (0x01809d93) slli    s11, ra, 24
core   0: 3 0x80001958 (0x01809d93) x27 0x01000000
core   0: 0x8000195c (0x6e984893) xori    a7, a6, 1769
core   0: 3 0x8000195c (0x6e984893) x17 0x000007e9
core   0: 0x80001960 (0x50bff713) andi    a4, t6, 1291
core   0: 3 0x80001960 (0x50bff713) x14 0x00000403
core   0: 0x80001964 (0xfff00b13) li      s6, -1
core   0: 3 0x80001964 (0xfff00b13) x22 0xffffffff
core   0: 0x80001968 (0x00000713) li      a4, 0
core   0: 3 0x80001968 (0x00000713) x14 0x00000000
core   0: 0x8000196c (0x71f9e5b7) lui     a1, 0x71f9e
core   0: 3 0x8000196c (0x71f9e5b7) x11 0x71f9e000
core   0: 0x80001970 (0x29858593) addi    a1, a1, 664
core   0: 3 0x80001970 (0x29858593) x11 0x71f9e298
core   0: 0x80001974 (0x00000813) li      a6, 0
core   0: 3 0x80001974 (0x00000813) x16 0x00000000
core   0: 0x80001978 (0x06a1b537) lui     a0, 0x6a1b
core   0: 3 0x80001978 (0x06a1b537) x10 0x06a1b000
core   0: 0x8000197c (0xf5950513) addi    a0, a0, -167
core   0: 3 0x8000197c (0xf5950513) x10 0x06a1af59
core   0: 0x80001980 (0xfff00f13) li      t5, -1
core   0: 3 0x80001980 (0xfff00f13) x30 0xffffffff
core   0: 0x80001984 (0xfff00913) li      s2, -1
core   0: 3 0x80001984 (0xfff00913) x18 0xffffffff
core   0: 0x80001988 (0x5fa76cb7) lui     s9, 0x5fa76
core   0: 3 0x80001988 (0x5fa76cb7) x25 0x5fa76000
core   0: 0x8000198c (0xad8c8c93) addi    s9, s9, -1320
core   0: 3 0x8000198c (0xad8c8c93) x25 0x5fa75ad8
core   0: 0x80001990 (0xfff00c13) li      s8, -1
core   0: 3 0x80001990 (0xfff00c13) x24 0xffffffff
core   0: 0x80001994 (0x800000b7) lui     ra, 0x80000
core   0: 3 0x80001994 (0x800000b7) x 1 0x80000000
core   0: 0x80001998 (0x00000013) nop
core   0: 3 0x80001998 (0x00000013)
core   0: 0x8000199c (0x00000013) nop
core   0: 3 0x8000199c (0x00000013)
core   0: 0x800019a0 (0x41eb0733) sub     a4, s6, t5
core   0: 3 0x800019a0 (0x41eb0733) x14 0x00000000
core   0: 0x800019a4 (0x010f00b3) add     ra, t5, a6
core   0: 3 0x800019a4 (0x010f00b3) x 1 0xffffffff
core   0: 0x800019a8 (0xc5d9b517) auipc   a0, 0xc5d9b
core   0: 3 0x800019a8 (0xc5d9b517) x10 0x45d9c9a8
core   0: 0x800019ac (0x00000013) nop
core   0: 3 0x800019ac (0x00000013)
core   0: 0x800019b0 (0xbe4d4f17) auipc   t5, 0xbe4d4
core   0: 3 0x800019b0 (0xbe4d4f17) x30 0x3e4d59b0
core   0: 0x800019b4 (0x40ec0f33) sub     t5, s8, a4
core   0: 3 0x800019b4 (0x40ec0f33) x30 0xffffffff
core   0: 0x800019b8 (0x00000013) nop
core   0: 3 0x800019b8 (0x00000013)
core   0: 0x800019bc (0x9f6f0b17) auipc   s6, 0x9f6f0
core   0: 3 0x800019bc (0x9f6f0b17) x22 0x1f6f19bc
core   0: 0x800019c0 (0x83a4ac97) auipc   s9, 0x83a4a
core   0: 3 0x800019c0 (0x83a4ac97) x25 0x03a4b9c0
core   0: 0x800019c4 (0xcf180713) addi    a4, a6, -783
core   0: 3 0x800019c4 (0xcf180713) x14 0xfffffcf1
core   0: 0x800019c8 (0x40170933) sub     s2, a4, ra
core   0: 3 0x800019c8 (0x40170933) x18 0xfffffcf2
core   0: 0x800019cc (0x40e800b3) sub     ra, a6, a4
core   0: 3 0x800019cc (0x40e800b3) x 1 0x0000030f
core   0: 0x800019d0 (0x40e900b3) sub     ra, s2, a4
core   0: 3 0x800019d0 (0x40e900b3) x 1 0x00000001
core   0: 0x800019d4 (0x439ae0b7) lui     ra, 0x439ae
core   0: 3 0x800019d4 (0x439ae0b7) x 1 0x439ae000
core   0: 0x800019d8 (0x00e80933) add     s2, a6, a4
core   0: 3 0x800019d8 (0x00e80933) x18 0xfffffcf1
core   0: 0x800019dc (0x00000013) nop
core   0: 3 0x800019dc (0x00000013)
core   0: 0x800019e0 (0x26e45317) auipc   t1, 0x26e45
core   0: 3 0x800019e0 (0x26e45317) x 6 0xa6e469e0
core   0: 0x800019e4 (0x4185d293) srai    t0, a1, 24
core   0: 3 0x800019e4 (0x4185d293) x 5 0x00000071
core   0: 0x800019e8 (0x014f8833) add     a6, t6, s4
core   0: 3 0x800019e8 (0x014f8833) x16 0x80011b07
core   0: 0x800019ec (0x4c6c3d93) sltiu   s11, s8, 1222
core   0: 3 0x800019ec (0x4c6c3d93) x27 0x00000000
core   0: 0x800019f0 (0x4f34c797) auipc   a5, 0x4f34c
core   0: 3 0x800019f0 (0x4f34c797) x15 0xcf34d9f0
core   0: 0x800019f4 (0x01e15cb3) srl     s9, sp, t5
core   0: 3 0x800019f4 (0x01e15cb3) x25 0x00000001
core   0: 0x800019f8 (0x00000013) nop
core   0: 3 0x800019f8 (0x00000013)
core   0: 0x800019fc (0xe23bae93) slti    t4, s7, -477
core   0: 3 0x800019fc (0xe23bae93) x29 0x00000000
core   0: 0x80001a00 (0x00973d33) sltu    s10, a4, s1
core   0: 3 0x80001a00 (0x00973d33) x26 0x00000000
core   0: 0x80001a04 (0xb5cd3497) auipc   s1, 0xb5cd3
core   0: 3 0x80001a04 (0xb5cd3497) x 9 0x35cd4a04
core   0: 0x80001a08 (0x00e82233) slt     tp, a6, a4
core   0: 3 0x80001a08 (0x00e82233) x 4 0x00000001
core   0: 0x80001a0c (0x00f9f813) andi    a6, s3, 15
core   0: 3 0x80001a0c (0x00f9f813) x16 0x0000000d
core   0: 0x80001a10 (0x00201d33) sll     s10, zero, sp
core   0: 3 0x80001a10 (0x00201d33) x26 0x00000000
core   0: 0x80001a14 (0x008f5433) srl     s0, t5, s0
core   0: 3 0x80001a14 (0x008f5433) x 8 0xffffffff
core   0: 0x80001a18 (0x00eba033) slt     zero, s7, a4
core   0: 3 0x80001a18 (0x00eba033)
core   0: 0x80001a1c (0xa6952713) slti    a4, a0, -1431
core   0: 3 0x80001a1c (0xa6952713) x14 0x00000000
core   0: 0x80001a20 (0x000773b3) and     t2, a4, zero
core   0: 3 0x80001a20 (0x000773b3) x 7 0x00000000
core   0: 0x80001a24 (0x724ecd13) xori    s10, t4, 1828
core   0: 3 0x80001a24 (0x724ecd13) x26 0x00000724
core   0: 0x80001a28 (0x7e6de6b7) lui     a3, 0x7e6de
core   0: 3 0x80001a28 (0x7e6de6b7) x13 0x7e6de000
core   0: 0x80001a2c (0x9a668693) addi    a3, a3, -1626
core   0: 3 0x80001a2c (0x9a668693) x13 0x7e6dd9a6
core   0: 0x80001a30 (0x0af7f7b7) lui     a5, 0xaf7f
core   0: 3 0x80001a30 (0x0af7f7b7) x15 0x0af7f000
core   0: 0x80001a34 (0xd1278793) addi    a5, a5, -750
core   0: 3 0x80001a34 (0xd1278793) x15 0x0af7ed12
core   0: 0x80001a38 (0x00000993) li      s3, 0
core   0: 3 0x80001a38 (0x00000993) x19 0x00000000
core   0: 0x80001a3c (0xfff00e93) li      t4, -1
core   0: 3 0x80001a3c (0xfff00e93) x29 0xffffffff
core   0: 0x80001a40 (0x80000137) lui     sp, 0x80000
core   0: 3 0x80001a40 (0x80000137) x 2 0x80000000
core   0: 0x80001a44 (0x80000d37) lui     s10, 0x80000
core   0: 3 0x80001a44 (0x80000d37) x26 0x80000000
core   0: 0x80001a48 (0xfff00e13) li      t3, -1
core   0: 3 0x80001a48 (0xfff00e13) x28 0xffffffff
core   0: 0x80001a4c (0x80000237) lui     tp, 0x80000
core   0: 3 0x80001a4c (0x80000237) x 4 0x80000000
core   0: 0x80001a50 (0xfff00913) li      s2, -1
core   0: 3 0x80001a50 (0xfff00913) x18 0xffffffff
core   0: 0x80001a54 (0x00000c93) li      s9, 0
core   0: 3 0x80001a54 (0x00000c93) x25 0x00000000
core   0: 0x80001a58 (0x00000013) nop
core   0: 3 0x80001a58 (0x00000013)
core   0: 0x80001a5c (0x67a6e137) lui     sp, 0x67a6e
core   0: 3 0x80001a5c (0x67a6e137) x 2 0x67a6e000
core   0: 0x80001a60 (0x0f420e13) addi    t3, tp, 244
core   0: 3 0x80001a60 (0x0f420e13) x28 0x800000f4
core   0: 0x80001a64 (0x00de89b3) add     s3, t4, a3
core   0: 3 0x80001a64 (0x00de89b3) x19 0x7e6dd9a5
core   0: 0x80001a68 (0xb3478d17) auipc   s10, 0xb3478
core   0: 3 0x80001a68 (0xb3478d17) x26 0x33479a68
core   0: 0x80001a6c (0x41ad0133) sub     sp, s10, s10
core   0: 3 0x80001a6c (0x41ad0133) x 2 0x00000000
core   0: 0x80001a70 (0xe07ff137) lui     sp, 0xe07ff
core   0: 3 0x80001a70 (0xe07ff137) x 2 0xe07ff000
core   0: 0x80001a74 (0x00000013) nop
core   0: 3 0x80001a74 (0x00000013)
core   0: 0x80001a78 (0x295619b7) lui     s3, 0x29561
core   0: 3 0x80001a78 (0x295619b7) x19 0x29561000
core   0: 0x80001a7c (0x9b5d6997) auipc   s3, 0x9b5d6
core   0: 3 0x80001a7c (0x9b5d6997) x19 0x1b5d7a7c
core   0: 0x80001a80 (0x413c8133) sub     sp, s9, s3
core   0: 3 0x80001a80 (0x413c8133) x 2 0xe4a28584
core   0: 0x80001a84 (0x41de0d33) sub     s10, t3, t4
core   0: 3 0x80001a84 (0x41de0d33) x26 0x800000f5
core   0: 0x80001a88 (0x40fc87b3) sub     a5, s9, a5
core   0: 3 0x80001a88 (0x40fc87b3) x15 0xf50812ee
core   0: 0x80001a8c (0x41c207b3) sub     a5, tp, t3
core   0: 3 0x80001a8c (0x41c207b3) x15 0xffffff0c
core   0: 0x80001a90 (0x1c48d7b7) lui     a5, 0x1c48d
core   0: 3 0x80001a90 (0x1c48d7b7) x15 0x1c48d000
core   0: 0x80001a94 (0x00000013) nop
core   0: 3 0x80001a94 (0x00000013)
core   0: 0x80001a98 (0x404e0933) sub     s2, t3, tp
core   0: 3 0x80001a98 (0x404e0933) x18 0x000000f4
core   0: 0x80001a9c (0x7a2496b7) lui     a3, 0x7a249
core   0: 3 0x80001a9c (0x7a2496b7) x13 0x7a249000
core   0: 0x80001aa0 (0xf0d1be97) auipc   t4, 0xf0d1b
core   0: 3 0x80001aa0 (0xf0d1be97) x29 0x70d1caa0
core   0: 0x80001aa4 (0xadbaf9b7) lui     s3, 0xadbaf
core   0: 3 0x80001aa4 (0xadbaf9b7) x19 0xadbaf000
core   0: 0x80001aa8 (0xa0116c97) auipc   s9, 0xa0116
core   0: 3 0x80001aa8 (0xa0116c97) x25 0x20117aa8
core   0: 0x80001aac (0xcd407c97) auipc   s9, 0xcd407
core   0: 3 0x80001aac (0xcd407c97) x25 0x4d408aac
core   0: 0x80001ab0 (0xd7320c93) addi    s9, tp, -653
core   0: 3 0x80001ab0 (0xd7320c93) x25 0x7ffffd73
core   0: 0x80001ab4 (0xa5210113) addi    sp, sp, -1454
core   0: 3 0x80001ab4 (0xa5210113) x 2 0xe4a27fd6
core   0: 0x80001ab8 (0x495f5137) lui     sp, 0x495f5
core   0: 3 0x80001ab8 (0x495f5137) x 2 0x495f5000
core   0: 0x80001abc (0x40220133) sub     sp, tp, sp
core   0: 3 0x80001abc (0x40220133) x 2 0x36a0b000
core   0: 0x80001ac0 (0x183c7913) andi    s2, s8, 387
core   0: 3 0x80001ac0 (0x183c7913) x18 0x00000183
core   0: 0x80001ac4 (0xb63a3913) sltiu   s2, s4, -1181
core   0: 3 0x80001ac4 (0xb63a3913) x18 0x00000001
core   0: 0x80001ac8 (0x013fdc13) srli    s8, t6, 19
core   0: 3 0x80001ac8 (0x013fdc13) x24 0x00001fff
core   0: 0x80001acc (0x00cca233) slt     tp, s9, a2
core   0: 3 0x80001acc (0x00cca233) x 4 0x00000000
core   0: 0x80001ad0 (0x56829537) lui     a0, 0x56829
core   0: 3 0x80001ad0 (0x56829537) x10 0x56829000
core   0: 0x80001ad4 (0x00d3f433) and     s0, t2, a3
core   0: 3 0x80001ad4 (0x00d3f433) x 8 0x00000000
core   0: 0x80001ad8 (0x01445c13) srli    s8, s0, 20
core   0: 3 0x80001ad8 (0x01445c13) x24 0x00000000
core   0: 0x80001adc (0x15bd9697) auipc   a3, 0x15bd9
core   0: 3 0x80001adc (0x15bd9697) x13 0x95bdaadc
core   0: 0x80001ae0 (0xad9a7693) andi    a3, s4, -1319
core   0: 3 0x80001ae0 (0xad9a7693) x13 0x80011a40
core   0: 0x80001ae4 (0x00a80bb3) add     s7, a6, a0
core   0: 3 0x80001ae4 (0x00a80bb3) x23 0x5682900d
core   0: 0x80001ae8 (0x007252b3) srl     t0, tp, t2
core   0: 3 0x80001ae8 (0x007252b3) x 5 0x00000000
core   0: 0x80001aec (0x01f95093) srli    ra, s2, 31
core   0: 3 0x80001aec (0x01f95093) x 1 0x00000000
core   0: 0x80001af0 (0x841d0713) addi    a4, s10, -1983
core   0: 3 0x80001af0 (0x841d0713) x14 0x7ffff936
core   0: 0x80001af4 (0x003b9d33) sll     s10, s7, gp
core   0: 3 0x80001af4 (0x003b9d33) x26 0x5682900d
core   0: 0x80001af8 (0x8e16b893) sltiu   a7, a3, -1823
core   0: 3 0x80001af8 (0x8e16b893) x17 0x00000001
core   0: 0x80001afc (0x8336e693) ori     a3, a3, -1997
core   0: 3 0x80001afc (0x8336e693) x13 0xfffffa73
core   0: 0x80001b00 (0x00441913) slli    s2, s0, 4
core   0: 3 0x80001b00 (0x00441913) x18 0x00000000
core   0: 0x80001b04 (0x4168d4b3) sra     s1, a7, s6
core   0: 3 0x80001b04 (0x4168d4b3) x 9 0x00000000
core   0: 0x80001b08 (0x01c2ceb3) xor     t4, t0, t3
core   0: 3 0x80001b08 (0x01c2ceb3) x29 0x800000f4
core   0: 0x80001b0c (0x10804693) xori    a3, zero, 264
core   0: 3 0x80001b0c (0x10804693) x13 0x00000108
core   0: 0x80001b10 (0x015b02b3) add     t0, s6, s5
core   0: 3 0x80001b10 (0x015b02b3) x 5 0x9f7076a0
core   0: 0x80001b14 (0x392e2217) auipc   tp, 0x392e2
core   0: 3 0x80001b14 (0x392e2217) x 4 0xb92e3b14
core   0: 0x80001b18 (0x344f2293) slti    t0, t5, 836
core   0: 3 0x80001b18 (0x344f2293) x 5 0x00000001
core   0: 0x80001b1c (0xa9b9ee13) ori     t3, s3, -1381
core   0: 3 0x80001b1c (0xa9b9ee13) x28 0xfffffa9b
core   0: 0x80001b20 (0x26d96913) ori     s2, s2, 621
core   0: 3 0x80001b20 (0x26d96913) x18 0x0000026d
core   0: 0x80001b24 (0x00000013) nop
core   0: 3 0x80001b24 (0x00000013)
core   0: 0x80001b28 (0x7e19cf93) xori    t6, s3, 2017
core   0: 3 0x80001b28 (0x7e19cf93) x31 0xadbaf7e1
core   0: 0x80001b2c (0x00921933) sll     s2, tp, s1
core   0: 3 0x80001b2c (0x00921933) x18 0xb92e3b14
core   0: 0x80001b30 (0x01f89f33) sll     t5, a7, t6
core   0: 3 0x80001b30 (0x01f89f33) x30 0x00000002
core   0: 0x80001b34 (0x4ca18113) addi    sp, gp, 1226
core   0: 3 0x80001b34 (0x4ca18113) x 2 0x930b54ca
core   0: 0x80001b38 (0x01de77b3) and     a5, t3, t4
core   0: 3 0x80001b38 (0x01de77b3) x15 0x80000090
core   0: 0x80001b3c (0x01633f33) sltu    t5, t1, s6
core   0: 3 0x80001b3c (0x01633f33) x30 0x00000000
core   0: 0x80001b40 (0x00795f93) srli    t6, s2, 7
core   0: 3 0x80001b40 (0x00795f93) x31 0x01725c76
core   0: 0x80001b44 (0xaebb4513) xori    a0, s6, -1301
core   0: 3 0x80001b44 (0xaebb4513) x10 0xe090e357
core   0: 0x80001b48 (0x01578733) add     a4, a5, s5
core   0: 3 0x80001b48 (0x01578733) x14 0x00015d74
core   0: 0x80001b4c (0x00f8b0b3) sltu    ra, a7, a5
core   0: 3 0x80001b4c (0x00f8b0b3) x 1 0x00000001
core   0: 0x80001b50 (0x00485733) srl     a4, a6, tp
core   0: 3 0x80001b50 (0x00485733) x14 0x00000000
core   0: 0x80001b54 (0x1a654493) xori    s1, a0, 422
core   0: 3 0x80001b54 (0x1a654493) x 9 0xe090e2f1
core   0: 0x80001b58 (0x24052693) slti    a3, a0, 576
core   0: 3 0x80001b58 (0x24052693) x13 0x00000001
core   0: 0x80001b5c (0xf167a413) slti    s0, a5, -234
core   0: 3 0x80001b5c (0xf167a413) x 8 0x00000001
core   0: 0x80001b60 (0x418ad493) srai    s1, s5, 24
core   0: 3 0x80001b60 (0x418ad493) x 9 0xffffff80
core   0: 0x80001b64 (0xfa6cce13) xori    t3, s9, -90
core   0: 3 0x80001b64 (0xfa6cce13) x28 0x800002d5
core   0: 0x80001b68 (0x702d4b13) xori    s6, s10, 1794
core   0: 3 0x80001b68 (0x702d4b13) x22 0x5682970f
core   0: 0x80001b6c (0x004267b3) or      a5, tp, tp
core   0: 3 0x80001b6c (0x004267b3) x15 0xb92e3b14
core   0: 0x80001b70 (0x1d0e6813) ori     a6, t3, 464
core   0: 3 0x80001b70 (0x1d0e6813) x16 0x800003d5
core   0: 0x80001b74 (0x01f31933) sll     s2, t1, t6
core   0: 3 0x80001b74 (0x01f31933) x18 0x78000000
core   0: 0x80001b78 (0x41f5ddb3) sra     s11, a1, t6
core   0: 3 0x80001b78 (0x41f5ddb3) x27 0x000001c7
core   0: 0x80001b7c (0xf3add437) lui     s0, 0xf3add
core   0: 3 0x80001b7c (0xf3add437) x 8 0xf3add000
core   0: 0x80001b80 (0x006ae9b3) or      s3, s5, t1
core   0: 3 0x80001b80 (0x006ae9b3) x19 0xa6e57de4
core   0: 0x80001b84 (0xea9b4f13) xori    t5, s6, -343
core   0: 3 0x80001b84 (0xea9b4f13) x30 0xa97d69a6
core   0: 0x80001b88 (0x01b51333) sll     t1, a0, s11
core   0: 3 0x80001b88 (0x01b51333) x 6 0x4871ab80
core   0: 0x80001b8c (0xe9ed0393) addi    t2, s10, -354
core   0: 3 0x80001b8c (0xe9ed0393) x 7 0x56828eab
core   0: 0x80001b90 (0x00000013) nop
core   0: 3 0x80001b90 (0x00000013)
core   0: 0x80001b94 (0x6c376813) ori     a6, a4, 1731
core   0: 3 0x80001b94 (0x6c376813) x16 0x000006c3
core   0: 0x80001b98 (0x002b18b3) sll     a7, s6, sp
core   0: 3 0x80001b98 (0x002b18b3) x17 0x0a5c3c00
core   0: 0x80001b9c (0xd6734e93) xori    t4, t1, -665
core   0: 3 0x80001b9c (0xd6734e93) x29 0xb78e56e7
core   0: 0x80001ba0 (0x01193eb3) sltu    t4, s2, a7
core   0: 3 0x80001ba0 (0x01193eb3) x29 0x00000000
core   0: 0x80001ba4 (0x007ea1b3) slt     gp, t4, t2
core   0: 3 0x80001ba4 (0x007ea1b3) x 3 0x00000001
core   0: 0x80001ba8 (0x666d2893) slti    a7, s10, 1638
core   0: 3 0x80001ba8 (0x666d2893) x17 0x00000000
core   0: 0x80001bac (0x00243233) sltu    tp, s0, sp
core   0: 3 0x80001bac (0x00243233) x 4 0x00000000
core   0: 0x80001bb0 (0x01099bb3) sll     s7, s3, a6
core   0: 3 0x80001bb0 (0x01099bb3) x23 0x372bef20
core   0: 0x80001bb4 (0xb4dc1497) auipc   s1, 0xb4dc1
core   0: 3 0x80001bb4 (0xb4dc1497) x 9 0x34dc2bb4
core   0: 0x80001bb8 (0x1b342993) slti    s3, s0, 435
core   0: 3 0x80001bb8 (0x1b342993) x19 0x00000001
core   0: 0x80001bbc (0x00000013) nop
core   0: 3 0x80001bbc (0x00000013)
core   0: 0x80001bc0 (0x41540233) sub     tp, s0, s5
core   0: 3 0x80001bc0 (0x41540233) x 4 0x73ac731c
core   0: 0x80001bc4 (0x40bdd3b3) sra     t2, s11, a1
core   0: 3 0x80001bc4 (0x40bdd3b3) x 7 0x00000000
core   0: 0x80001bc8 (0x00e95013) srli    zero, s2, 14
core   0: 3 0x80001bc8 (0x00e95013)
core   0: 0x80001bcc (0x0068d8b3) srl     a7, a7, t1
core   0: 3 0x80001bcc (0x0068d8b3) x17 0x00000000
core   0: 0x80001bd0 (0x00a32e33) slt     t3, t1, a0
core   0: 3 0x80001bd0 (0x00a32e33) x28 0x00000000
core   0: 0x80001bd4 (0xfe202313) slti    t1, zero, -30
core   0: 3 0x80001bd4 (0xfe202313) x 6 0x00000000
core   0: 0x80001bd8 (0xc7980493) addi    s1, a6, -903
core   0: 3 0x80001bd8 (0xc7980493) x 9 0x0000033c
core   0: 0x80001bdc (0x41b06993) ori     s3, zero, 1051
core   0: 3 0x80001bdc (0x41b06993) x19 0x0000041b
core   0: 0x80001be0 (0x2ef74593) xori    a1, a4, 751
core   0: 3 0x80001be0 (0x2ef74593) x11 0x000002ef
core   0: 0x80001be4 (0x91c72b13) slti    s6, a4, -1764
core   0: 3 0x80001be4 (0x91c72b13) x22 0x00000000
core   0: 0x80001be8 (0x0077d2b3) srl     t0, a5, t2
core   0: 3 0x80001be8 (0x0077d2b3) x 5 0xb92e3b14
core   0: 0x80001bec (0x074d0313) addi    t1, s10, 116
core   0: 3 0x80001bec (0x074d0313) x 6 0x56829081
core   0: 0x80001bf0 (0x00000013) nop
core   0: 3 0x80001bf0 (0x00000013)
core   0: 0x80001bf4 (0x4158d933) sra     s2, a7, s5
core   0: 3 0x80001bf4 (0x4158d933) x18 0x00000000
core   0: 0x80001bf8 (0x01906233) or      tp, zero, s9
core   0: 3 0x80001bf8 (0x01906233) x 4 0x7ffffd73
core   0: 0x80001bfc (0x00361b33) sll     s6, a2, gp
core   0: 3 0x80001bfc (0x00361b33) x22 0xde04d5dc
core   0: 0x80001c00 (0xe14c6117) auipc   sp, 0xe14c6
core   0: 3 0x80001c00 (0xe14c6117) x 2 0x614c7c00
core   0: 0x80001c04 (0x43960f17) auipc   t5, 0x43960
core   0: 3 0x80001c04 (0x43960f17) x30 0xc3961c04
core   0: 0x80001c08 (0x00181133) sll     sp, a6, ra
core   0: 3 0x80001c08 (0x00181133) x 2 0x00000d86
core   0: 0x80001c0c (0xbdc67713) andi    a4, a2, -1060
core   0: 3 0x80001c0c (0xbdc67713) x14 0xef026acc
core   0: 0x80001c10 (0x28bd7493) andi    s1, s10, 651
core   0: 3 0x80001c10 (0x28bd7493) x 9 0x00000009
core   0: 0x80001c14 (0x40a0d2b3) sra     t0, ra, a0
core   0: 3 0x80001c14 (0x40a0d2b3) x 5 0x00000000
core   0: 0x80001c18 (0x0113fb33) and     s6, t2, a7
core   0: 3 0x80001c18 (0x0113fb33) x22 0x00000000
core   0: 0x80001c1c (0x006f1733) sll     a4, t5, t1
core   0: 3 0x80001c1c (0x006f1733) x14 0x872c3808
core   0: 0x80001c20 (0x00d52733) slt     a4, a0, a3
core   0: 3 0x80001c20 (0x00d52733) x14 0x00000001
core   0: 0x80001c24 (0x008d9c93) slli    s9, s11, 8
core   0: 3 0x80001c24 (0x008d9c93) x25 0x0001c700
core   0: 0x80001c28 (0x00443b33) sltu    s6, s0, tp
core   0: 3 0x80001c28 (0x00443b33) x22 0x00000000
core   0: 0x80001c2c (0x6db1b493) sltiu   s1, gp, 1755
core   0: 3 0x80001c2c (0x6db1b493) x 9 0x00000001
core   0: 0x80001c30 (0x4c054213) xori    tp, a0, 1216
core   0: 3 0x80001c30 (0x4c054213) x 4 0xe090e797
core   0: 0x80001c34 (0x4b3d3e13) sltiu   t3, s10, 1203
core   0: 3 0x80001c34 (0x4b3d3e13) x28 0x00000000
core   0: 0x80001c38 (0x962f8913) addi    s2, t6, -1694
core   0: 3 0x80001c38 (0x962f8913) x18 0x017255d8
core   0: 0x80001c3c (0x008ec0b3) xor     ra, t4, s0
core   0: 3 0x80001c3c (0x008ec0b3) x 1 0xf3add000
core   0: 0x80001c40 (0x00831393) slli    t2, t1, 8
core   0: 3 0x80001c40 (0x00831393) x 7 0x82908100
core   0: 0x80001c44 (0x00000013) nop
core   0: 3 0x80001c44 (0x00000013)
core   0: 0x80001c48 (0xf45da593) slti    a1, s11, -187
core   0: 3 0x80001c48 (0xf45da593) x11 0x00000000
core   0: 0x80001c4c (0x008d79b3) and     s3, s10, s0
core   0: 3 0x80001c4c (0x008d79b3) x19 0x52809000
core   0: 0x80001c50 (0xde6c2093) slti    ra, s8, -538
core   0: 3 0x80001c50 (0xde6c2093) x 1 0x00000000
core   0: 0x80001c54 (0x5a853b93) sltiu   s7, a0, 1448
core   0: 3 0x80001c54 (0x5a853b93) x23 0x00000000
core   0: 0x80001c58 (0x41bddb93) srai    s7, s11, 27
core   0: 3 0x80001c58 (0x41bddb93) x23 0x00000000
core   0: 0x80001c5c (0x005b83b3) add     t2, s7, t0
core   0: 3 0x80001c5c (0x005b83b3) x 7 0x00000000
core   0: 0x80001c60 (0x013a43b3) xor     t2, s4, s3
core   0: 3 0x80001c60 (0x013a43b3) x 7 0xd2818e64
core   0: 0x80001c64 (0x6d63a893) slti    a7, t2, 1750
core   0: 3 0x80001c64 (0x6d63a893) x17 0x00000001
core   0: 0x80001c68 (0x01d6e8b3) or      a7, a3, t4
core   0: 3 0x80001c68 (0x01d6e8b3) x17 0x00000001
core   0: 0x80001c6c (0xee267e13) andi    t3, a2, -286
core   0: 3 0x80001c6c (0xee267e13) x28 0xef026ae2
core   0: 0x80001c70 (0x00000013) nop
core   0: 3 0x80001c70 (0x00000013)
core   0: 0x80001c74 (0x00000013) nop
core   0: 3 0x80001c74 (0x00000013)
core   0: 0x80001c78 (0xd95df693) andi    a3, s11, -619
core   0: 3 0x80001c78 (0xd95df693) x13 0x00000185
core   0: 0x80001c7c (0x007777b3) and     a5, a4, t2
core   0: 3 0x80001c7c (0x007777b3) x15 0x00000000
core   0: 0x80001c80 (0x80000937) lui     s2, 0x80000
core   0: 3 0x80001c80 (0x80000937) x18 0x80000000
core   0: 0x80001c84 (0x80000137) lui     sp, 0x80000
core   0: 3 0x80001c84 (0x80000137) x 2 0x80000000
core   0: 0x80001c88 (0x800005b7) lui     a1, 0x80000
core   0: 3 0x80001c88 (0x800005b7) x11 0x80000000
core   0: 0x80001c8c (0xfff00d13) li      s10, -1
core   0: 3 0x80001c8c (0xfff00d13) x26 0xffffffff
core   0: 0x80001c90 (0xfff00093) li      ra, -1
core   0: 3 0x80001c90 (0xfff00093) x 1 0xffffffff
core   0: 0x80001c94 (0xbe9bfc37) lui     s8, 0xbe9bf
core   0: 3 0x80001c94 (0xbe9bfc37) x24 0xbe9bf000
core   0: 0x80001c98 (0xe36c0c13) addi    s8, s8, -458
core   0: 3 0x80001c98 (0xe36c0c13) x24 0xbe9bee36
core   0: 0x80001c9c (0x26d99db7) lui     s11, 0x26d99
core   0: 3 0x80001c9c (0x26d99db7) x27 0x26d99000
core   0: 0x80001ca0 (0xeb7d8d93) addi    s11, s11, -329
core   0: 3 0x80001ca0 (0xeb7d8d93) x27 0x26d98eb7
core   0: 0x80001ca4 (0x800002b7) lui     t0, 0x80000
core   0: 3 0x80001ca4 (0x800002b7) x 5 0x80000000
core   0: 0x80001ca8 (0xa9730237) lui     tp, 0xa9730
core   0: 3 0x80001ca8 (0xa9730237) x 4 0xa9730000
core   0: 0x80001cac (0x7b920213) addi    tp, tp, 1977
core   0: 3 0x80001cac (0x7b920213) x 4 0xa97307b9
core   0: 0x80001cb0 (0x00000b13) li      s6, 0
core   0: 3 0x80001cb0 (0x00000b13) x22 0x00000000
core   0: 0x80001cb4 (0x00000013) nop
core   0: 3 0x80001cb4 (0x00000013)
core   0: 0x80001cb8 (0x00408b33) add     s6, ra, tp
core   0: 3 0x80001cb8 (0x00408b33) x22 0xa97307b8
core   0: 0x80001cbc (0x2dad1597) auipc   a1, 0x2dad1
core   0: 3 0x80001cbc (0x2dad1597) x11 0xadad2cbc
core   0: 0x80001cc0 (0x51cd8293) addi    t0, s11, 1308
core   0: 3 0x80001cc0 (0x51cd8293) x 5 0x26d993d3
core   0: 0x80001cc4 (0x140d6d97) auipc   s11, 0x140d6
core   0: 3 0x80001cc4 (0x140d6d97) x27 0x940d7cc4
core   0: 0x80001cc8 (0xa20c0b13) addi    s6, s8, -1504
core   0: 3 0x80001cc8 (0xa20c0b13) x22 0xbe9be856
core   0: 0x80001ccc (0xa9ba2117) auipc   sp, 0xa9ba2
core   0: 3 0x80001ccc (0xa9ba2117) x 2 0x29ba3ccc
core   0: 0x80001cd0 (0x3daccb17) auipc   s6, 0x3dacc
core   0: 3 0x80001cd0 (0x3daccb17) x22 0xbdacdcd0
core   0: 0x80001cd4 (0x51b22d17) auipc   s10, 0x51b22
core   0: 3 0x80001cd4 (0x51b22d17) x26 0xd1b23cd4
core   0: 0x80001cd8 (0x4eeab0b7) lui     ra, 0x4eeab
core   0: 3 0x80001cd8 (0x4eeab0b7) x 1 0x4eeab000
core   0: 0x80001cdc (0xbf1ae5b7) lui     a1, 0xbf1ae
core   0: 3 0x80001cdc (0xbf1ae5b7) x11 0xbf1ae000
core   0: 0x80001ce0 (0x6f4df297) auipc   t0, 0x6f4df
core   0: 3 0x80001ce0 (0x6f4df297) x 5 0xef4e0ce0
core   0: 0x80001ce4 (0x5dd135b7) lui     a1, 0x5dd13
core   0: 3 0x80001ce4 (0x5dd135b7) x11 0x5dd13000
core   0: 0x80001ce8 (0x00000013) nop
core   0: 3 0x80001ce8 (0x00000013)
core   0: 0x80001cec (0x36eacd17) auipc   s10, 0x36eac
core   0: 3 0x80001cec (0x36eacd17) x26 0xb6eadcec
core   0: 0x80001cf0 (0x40b282b3) sub     t0, t0, a1
core   0: 3 0x80001cf0 (0x40b282b3) x 5 0x917cdce0
core   0: 0x80001cf4 (0x79cff117) auipc   sp, 0x79cff
core   0: 3 0x80001cf4 (0x79cff117) x 2 0xf9d00cf4
core   0: 0x80001cf8 (0x00000013) nop
core   0: 3 0x80001cf8 (0x00000013)
core   0: 0x80001cfc (0x402b0c33) sub     s8, s6, sp
core   0: 3 0x80001cfc (0x402b0c33) x24 0xc3dccfdc
core   0: 0x80001d00 (0x72eaf117) auipc   sp, 0x72eaf
core   0: 3 0x80001d00 (0x72eaf117) x 2 0xf2eb0d00
core   0: 0x80001d04 (0x7f008093) addi    ra, ra, 2032
core   0: 3 0x80001d04 (0x7f008093) x 1 0x4eeab7f0
core   0: 0x80001d08 (0x139b0293) addi    t0, s6, 313
core   0: 3 0x80001d08 (0x139b0293) x 5 0xbdacde09
core   0: 0x80001d0c (0x41810b33) sub     s6, sp, s8
core   0: 3 0x80001d0c (0x41810b33) x22 0x2f0e3d24
core   0: 0x80001d10 (0x00000013) nop
core   0: 3 0x80001d10 (0x00000013)
core   0: 0x80001d14 (0x482fbb37) lui     s6, 0x482fb
core   0: 3 0x80001d14 (0x482fbb37) x22 0x482fb000
core   0: 0x80001d18 (0x00bb0b33) add     s6, s6, a1
core   0: 3 0x80001d18 (0x00bb0b33) x22 0xa600e000
core   0: 0x80001d1c (0x00129313) slli    t1, t0, 1
core   0: 3 0x80001d1c (0x00129313) x 6 0x7b59bc12
core   0: 0x80001d20 (0xd2873693) sltiu   a3, a4, -728
core   0: 3 0x80001d20 (0xd2873693) x13 0x00000001
core   0: 0x80001d24 (0xc3bac2b7) lui     t0, 0xc3bac
core   0: 3 0x80001d24 (0xc3bac2b7) x 5 0xc3bac000
core   0: 0x80001d28 (0xc4a2b9b7) lui     s3, 0xc4a2b
core   0: 3 0x80001d28 (0xc4a2b9b7) x19 0xc4a2b000
core   0: 0x80001d2c (0x64191317) auipc   t1, 0x64191
core   0: 3 0x80001d2c (0x64191317) x 6 0xe4192d2c
core   0: 0x80001d30 (0x014521b3) slt     gp, a0, s4
core   0: 3 0x80001d30 (0x014521b3) x 3 0x00000000
core   0: 0x80001d34 (0x00fcabb3) slt     s7, s9, a5
core   0: 3 0x80001d34 (0x00fcabb3) x23 0x00000000
core   0: 0x80001d38 (0x177c4093) xori    ra, s8, 375
core   0: 3 0x80001d38 (0x177c4093) x 1 0xc3dcceab
core   0: 0x80001d3c (0x33ab8b93) addi    s7, s7, 826
core   0: 3 0x80001d3c (0x33ab8b93) x23 0x0000033a
core   0: 0x80001d40 (0x00000013) nop
core   0: 3 0x80001d40 (0x00000013)
core   0: 0x80001d44 (0x3dfc7b13) andi    s6, s8, 991
core   0: 3 0x80001d44 (0x3dfc7b13) x22 0x000003dc
core   0: 0x80001d48 (0x01f7cfb3) xor     t6, a5, t6
core   0: 3 0x80001d48 (0x01f7cfb3) x31 0x01725c76
core   0: 0x80001d4c (0x00cc5b93) srli    s7, s8, 12
core   0: 3 0x80001d4c (0x00cc5b93) x23 0x000c3dcc
core   0: 0x80001d50 (0x01f742b3) xor     t0, a4, t6
core   0: 3 0x80001d50 (0x01f742b3) x 5 0x01725c77
core   0: 0x80001d54 (0x011cf6b3) and     a3, s9, a7
core   0: 3 0x80001d54 (0x011cf6b3) x13 0x00000000
core   0: 0x80001d58 (0x01c87833) and     a6, a6, t3
core   0: 3 0x80001d58 (0x01c87833) x16 0x000002c2
core   0: 0x80001d5c (0x00000013) nop
core   0: 3 0x80001d5c (0x00000013)
core   0: 0x80001d60 (0x006db433) sltu    s0, s11, t1
core   0: 3 0x80001d60 (0x006db433) x 8 0x00000001
core   0: 0x80001d64 (0x00e304b3) add     s1, t1, a4
core   0: 3 0x80001d64 (0x00e304b3) x 9 0xe4192d2d
core   0: 0x80001d68 (0x01731593) slli    a1, t1, 23
core   0: 3 0x80001d68 (0x01731593) x11 0x96000000
core   0: 0x80001d6c (0x00c45293) srli    t0, s0, 12
core   0: 3 0x80001d6c (0x00c45293) x 5 0x00000000
core   0: 0x80001d70 (0x007b9b33) sll     s6, s7, t2
core   0: 3 0x80001d70 (0x007b9b33) x22 0x00c3dcc0
core   0: 0x80001d74 (0x41df8b33) sub     s6, t6, t4
core   0: 3 0x80001d74 (0x41df8b33) x22 0x01725c76
core   0: 0x80001d78 (0x36a21b17) auipc   s6, 0x36a21
core   0: 3 0x80001d78 (0x36a21b17) x22 0xb6a22d78
core   0: 0x80001d7c (0x00d513b3) sll     t2, a0, a3
core   0: 3 0x80001d7c (0x00d513b3) x 7 0xe090e357
core   0: 0x80001d80 (0xe100f393) andi    t2, ra, -496
core   0: 3 0x80001d80 (0xe100f393) x 7 0xc3dcce00
core   0: 0x80001d84 (0x1e579b37) lui     s6, 0x1e579
core   0: 3 0x80001d84 (0x1e579b37) x22 0x1e579000
core   0: 0x80001d88 (0xe833af13) slti    t5, t2, -381
core   0: 3 0x80001d88 (0xe833af13) x30 0x00000001
core   0: 0x80001d8c (0x41abd233) sra     tp, s7, s10
core   0: 3 0x80001d8c (0x41abd233) x 4 0x000000c3
core   0: 0x80001d90 (0x00b9f733) and     a4, s3, a1
core   0: 3 0x80001d90 (0x00b9f733) x14 0x84000000
core   0: 0x80001d94 (0xf0c82793) slti    a5, a6, -244
core   0: 3 0x80001d94 (0xf0c82793) x15 0x00000000
core   0: 0x80001d98 (0x2534fb13) andi    s6, s1, 595
core   0: 3 0x80001d98 (0x2534fb13) x22 0x00000001
core   0: 0x80001d9c (0x40b08c33) sub     s8, ra, a1
core   0: 3 0x80001d9c (0x40b08c33) x24 0x2ddcceab
core   0: 0x80001da0 (0x01960433) add     s0, a2, s9
core   0: 3 0x80001da0 (0x01960433) x 8 0xef0431ee
core   0: 0x80001da4 (0x40025093) srai    ra, tp, 0
core   0: 3 0x80001da4 (0x40025093) x 1 0x000000c3
core   0: 0x80001da8 (0x008d5fb3) srl     t6, s10, s0
core   0: 3 0x80001da8 (0x008d5fb3) x31 0x0002dbab
core   0: 0x80001dac (0x01a3f7b3) and     a5, t2, s10
core   0: 3 0x80001dac (0x01a3f7b3) x15 0x82c8cc00
core   0: 0x80001db0 (0x09d79297) auipc   t0, 0x9d79
core   0: 3 0x80001db0 (0x09d79297) x 5 0x89d7adb0
core   0: 0x80001db4 (0x01af9b93) slli    s7, t6, 26
core   0: 3 0x80001db4 (0x01af9b93) x23 0xac000000
core   0: 0x80001db8 (0x41bfdf13) srai    t5, t6, 27
core   0: 3 0x80001db8 (0x41bfdf13) x30 0x00000000
core   0: 0x80001dbc (0x40c7d293) srai    t0, a5, 12
core   0: 3 0x80001dbc (0x40c7d293) x 5 0xfff82c8c
core   0: 0x80001dc0 (0xbf4c8913) addi    s2, s9, -1036
core   0: 3 0x80001dc0 (0xbf4c8913) x18 0x0001c2f4
core   0: 0x80001dc4 (0x013bbb33) sltu    s6, s7, s3
core   0: 3 0x80001dc4 (0x013bbb33) x22 0x00000001
core   0: 0x80001dc8 (0xb26de113) ori     sp, s11, -1242
core   0: 3 0x80001dc8 (0xb26de113) x 2 0xffffffe6
core   0: 0x80001dcc (0x999af793) andi    a5, s5, -1639
core   0: 3 0x80001dcc (0x999af793) x15 0x80015880
core   0: 0x80001dd0 (0x011192b3) sll     t0, gp, a7
core   0: 3 0x80001dd0 (0x011192b3) x 5 0x00000000
core   0: 0x80001dd4 (0x01d31133) sll     sp, t1, t4
core   0: 3 0x80001dd4 (0x01d31133) x 2 0xe4192d2c
core   0: 0x80001dd8 (0x00a26bb3) or      s7, tp, a0
core   0: 3 0x80001dd8 (0x00a26bb3) x23 0xe090e3d7
core   0: 0x80001ddc (0x00ac2033) slt     zero, s8, a0
core   0: 3 0x80001ddc (0x00ac2033)
core   0: 0x80001de0 (0x00a53f33) sltu    t5, a0, a0
core   0: 3 0x80001de0 (0x00a53f33) x30 0x00000000
core   0: 0x80001de4 (0x0168f2b3) and     t0, a7, s6
core   0: 3 0x80001de4 (0x0168f2b3) x 5 0x00000001
core   0: 0x80001de8 (0x00ddbdb3) sltu    s11, s11, a3
core   0: 3 0x80001de8 (0x00ddbdb3) x27 0x00000000
core   0: 0x80001dec (0x01358c33) add     s8, a1, s3
core   0: 3 0x80001dec (0x01358c33) x24 0x5aa2b000
core   0: 0x80001df0 (0xe885e237) lui     tp, 0xe885e
core   0: 3 0x80001df0 (0xe885e237) x 4 0xe885e000
core   0: 0x80001df4 (0x01c90033) add     zero, s2, t3
core   0: 3 0x80001df4 (0x01c90033)
core   0: 0x80001df8 (0x00000013) nop
core   0: 3 0x80001df8 (0x00000013)
core   0: 0x80001dfc (0x34520f93) addi    t6, tp, 837
core   0: 3 0x80001dfc (0x34520f93) x31 0xe885e345
core   0: 0x80001e00 (0x01e34133) xor     sp, t1, t5
core   0: 3 0x80001e00 (0x01e34133) x 2 0xe4192d2c
core   0: 0x80001e04 (0x00000013) nop
core   0: 3 0x80001e04 (0x00000013)
core   0: 0x80001e08 (0x01a9ceb3) xor     t4, s3, s10
core   0: 3 0x80001e08 (0x01a9ceb3) x29 0x72486cec
core   0: 0x80001e0c (0x01fa8eb3) add     t4, s5, t6
core   0: 3 0x80001e0c (0x01fa8eb3) x29 0x68874029
core   0: 0x80001e10 (0x00000013) nop
core   0: 3 0x80001e10 (0x00000013)
core   0: 0x80001e14 (0x01d5dd13) srli    s10, a1, 29
core   0: 3 0x80001e14 (0x01d5dd13) x26 0x00000004
core   0: 0x80001e18 (0x001c7533) and     a0, s8, ra
core   0: 3 0x80001e18 (0x001c7533) x10 0x00000000
core   0: 0x80001e1c (0x00446db3) or      s11, s0, tp
core   0: 3 0x80001e1c (0x00446db3) x27 0xef85f1ee
core   0: 0x80001e20 (0x01009693) slli    a3, ra, 16
core   0: 3 0x80001e20 (0x01009693) x13 0x00c30000
core   0: 0x80001e24 (0x41825bb3) sra     s7, tp, s8
core   0: 3 0x80001e24 (0x41825bb3) x23 0xe885e000
core   0: 0x80001e28 (0x94c60d17) auipc   s10, 0x94c60
core   0: 3 0x80001e28 (0x94c60d17) x26 0x14c61e28
core   0: 0x80001e2c (0x01172f33) slt     t5, a4, a7
core   0: 3 0x80001e2c (0x01172f33) x30 0x00000001
core   0: 0x80001e30 (0x01210733) add     a4, sp, s2
core   0: 3 0x80001e30 (0x01210733) x14 0xe41af020
core   0: 0x80001e34 (0xa198a193) slti    gp, a7, -1511
core   0: 3 0x80001e34 (0xa198a193) x 3 0x00000000
core   0: 0x80001e38 (0x00ba08b3) add     a7, s4, a1
core   0: 3 0x80001e38 (0x00ba08b3) x17 0x16011e64
core   0: 0x80001e3c (0x003b2bb3) slt     s7, s6, gp
core   0: 3 0x80001e3c (0x003b2bb3) x23 0x00000000
core   0: 0x80001e40 (0x013528b3) slt     a7, a0, s3
core   0: 3 0x80001e40 (0x013528b3) x17 0x00000000
core   0: 0x80001e44 (0x22307813) andi    a6, zero, 547
core   0: 3 0x80001e44 (0x22307813) x16 0x00000000
core   0: 0x80001e48 (0x1ecbf997) auipc   s3, 0x1ecbf
core   0: 3 0x80001e48 (0x1ecbf997) x19 0x9ecc0e48
core   0: 0x80001e4c (0xa56e8b13) addi    s6, t4, -1450
core   0: 3 0x80001e4c (0xa56e8b13) x22 0x68873a7f
core   0: 0x80001e50 (0x41e0dcb3) sra     s9, ra, t5
core   0: 3 0x80001e50 (0x41e0dcb3) x25 0x00000061
core   0: 0x80001e54 (0x92e9c497) auipc   s1, 0x92e9c
core   0: 3 0x80001e54 (0x92e9c497) x 9 0x12e9de54
core   0: 0x80001e58 (0x5e628813) addi    a6, t0, 1510
core   0: 3 0x80001e58 (0x5e628813) x16 0x000005e7
core   0: 0x80001e5c (0xdf313e13) sltiu   t3, sp, -525
core   0: 3 0x80001e5c (0xdf313e13) x28 0x00000001
core   0: 0x80001e60 (0x00446433) or      s0, s0, tp
core   0: 3 0x80001e60 (0x00446433) x 8 0xef85f1ee
core   0: 0x80001e64 (0x01217033) and     zero, sp, s2
core   0: 3 0x80001e64 (0x01217033)
core   0: 0x80001e68 (0xcb7c2013) slti    zero, s8, -841
core   0: 3 0x80001e68 (0xcb7c2013)
core   0: 0x80001e6c (0x00c006b3) add     a3, zero, a2
core   0: 3 0x80001e6c (0x00c006b3) x13 0xef026aee
core   0: 0x80001e70 (0xabf53193) sltiu   gp, a0, -1345
core   0: 3 0x80001e70 (0xabf53193) x 3 0x00000001
core   0: 0x80001e74 (0x01c25293) srli    t0, tp, 28
core   0: 3 0x80001e74 (0x01c25293) x 5 0x0000000e
core   0: 0x80001e78 (0x00000013) nop
core   0: 3 0x80001e78 (0x00000013)
core   0: 0x80001e7c (0xde5fb193) sltiu   gp, t6, -539
core   0: 3 0x80001e7c (0xde5fb193) x 3 0x00000001
core   0: 0x80001e80 (0x00346b33) or      s6, s0, gp
core   0: 3 0x80001e80 (0x00346b33) x22 0xef85f1ef
core   0: 0x80001e84 (0x01d544b3) xor     s1, a0, t4
core   0: 3 0x80001e84 (0x01d544b3) x 9 0x68874029
core   0: 0x80001e88 (0x41a90f33) sub     t5, s2, s10
core   0: 3 0x80001e88 (0x41a90f33) x30 0xeb3ba4cc
core   0: 0x80001e8c (0x00c91413) slli    s0, s2, 12
core   0: 3 0x80001e8c (0x00c91413) x 8 0x1c2f4000
core   0: 0x80001e90 (0x01e2c933) xor     s2, t0, t5
core   0: 3 0x80001e90 (0x01e2c933) x18 0xeb3ba4c2
core   0: 0x80001e94 (0x980ab313) sltiu   t1, s5, -1664
core   0: 3 0x80001e94 (0x980ab313) x 6 0x00000001
core   0: 0x80001e98 (0x006fdb93) srli    s7, t6, 6
core   0: 3 0x80001e98 (0x006fdb93) x23 0x03a2178d
core   0: 0x80001e9c (0xd6785017) auipc   zero, 0xd6785
core   0: 3 0x80001e9c (0xd6785017)
core   0: 0x80001ea0 (0xa6c6c493) xori    s1, a3, -1428
core   0: 3 0x80001ea0 (0xa6c6c493) x 9 0x10fd9082
core   0: 0x80001ea4 (0x51af0337) lui     t1, 0x51af0
core   0: 3 0x80001ea4 (0x51af0337) x 6 0x51af0000
core   0: 0x80001ea8 (0x262b4d13) xori    s10, s6, 610
core   0: 3 0x80001ea8 (0x262b4d13) x26 0xef85f38d
core   0: 0x80001eac (0x40045fb3) sra     t6, s0, zero
core   0: 3 0x80001eac (0x40045fb3) x31 0x1c2f4000
core   0: 0x80001eb0 (0x4010dc13) srai    s8, ra, 1
core   0: 3 0x80001eb0 (0x4010dc13) x24 0x00000061
core   0: 0x80001eb4 (0x00fc8733) add     a4, s9, a5
core   0: 3 0x80001eb4 (0x00fc8733) x14 0x800158e1
core   0: 0x80001eb8 (0xe94b8d93) addi    s11, s7, -364
core   0: 3 0x80001eb8 (0xe94b8d93) x27 0x03a21621
core   0: 0x80001ebc (0x6b130893) addi    a7, t1, 1713
core   0: 3 0x80001ebc (0x6b130893) x17 0x51af06b1
core   0: 0x80001ec0 (0xbdd72413) slti    s0, a4, -1059
core   0: 3 0x80001ec0 (0xbdd72413) x 8 0x00000001
core   0: 0x80001ec4 (0x01973f33) sltu    t5, a4, s9
core   0: 3 0x80001ec4 (0x01973f33) x30 0x00000000
core   0: 0x80001ec8 (0x00bcdb93) srli    s7, s9, 11
core   0: 3 0x80001ec8 (0x00bcdb93) x23 0x00000000
core   0: 0x80001ecc (0x5a9de713) ori     a4, s11, 1449
core   0: 3 0x80001ecc (0x5a9de713) x14 0x03a217a9
core   0: 0x80001ed0 (0x412483b3) sub     t2, s1, s2
core   0: 3 0x80001ed0 (0x412483b3) x 7 0x25c1ebc0
core   0: 0x80001ed4 (0x410f5513) srai    a0, t5, 16
core   0: 3 0x80001ed4 (0x410f5513) x10 0x00000000
core   0: 0x80001ed8 (0x401d5e13) srai    t3, s10, 1
core   0: 3 0x80001ed8 (0x401d5e13) x28 0xf7c2f9c6
core   0: 0x80001edc (0xbb3aa1b7) lui     gp, 0xbb3aa
core   0: 3 0x80001edc (0xbb3aa1b7) x 3 0xbb3aa000
core   0: 0x80001ee0 (0xe38e0413) addi    s0, t3, -456
core   0: 3 0x80001ee0 (0xe38e0413) x 8 0xf7c2f7fe
core   0: 0x80001ee4 (0xa46f0493) addi    s1, t5, -1466
core   0: 3 0x80001ee4 (0xa46f0493) x 9 0xfffffa46
core   0: 0x80001ee8 (0x00826733) or      a4, tp, s0
core   0: 3 0x80001ee8 (0x00826733) x14 0xffc7f7fe
core   0: 0x80001eec (0x4065d393) srai    t2, a1, 6
core   0: 3 0x80001eec (0x4065d393) x 7 0xfe580000
core   0: 0x80001ef0 (0x01ffeeb3) or      t4, t6, t6
core   0: 3 0x80001ef0 (0x01ffeeb3) x29 0x1c2f4000
core   0: 0x80001ef4 (0x0117af33) slt     t5, a5, a7
core   0: 3 0x80001ef4 (0x0117af33) x30 0x00000001
core   0: 0x80001ef8 (0x002e9213) slli    tp, t4, 2
core   0: 3 0x80001ef8 (0x002e9213) x 4 0x70bd0000
core   0: 0x80001efc (0x000ca0b3) slt     ra, s9, zero
core   0: 3 0x80001efc (0x000ca0b3) x 1 0x00000000
core   0: 0x80001f00 (0x81263113) sltiu   sp, a2, -2030
core   0: 3 0x80001f00 (0x81263113) x 2 0x00000001
core   0: 0x80001f04 (0x00000013) nop
core   0: 3 0x80001f04 (0x00000013)
core   0: 0x80001f08 (0x0046e533) or      a0, a3, tp
core   0: 3 0x80001f08 (0x0046e533) x10 0xffbf6aee
core   0: 0x80001f0c (0x016b5333) srl     t1, s6, s6
core   0: 3 0x80001f0c (0x016b5333) x 6 0x0001df0b
core   0: 0x80001f10 (0x01a1a0b3) slt     ra, gp, s10
core   0: 3 0x80001f10 (0x01a1a0b3) x 1 0x00000001
core   0: 0x80001f14 (0x00dacf33) xor     t5, s5, a3
core   0: 3 0x80001f14 (0x00dacf33) x30 0x6f03360a
core   0: 0x80001f18 (0x4091df13) srai    t5, gp, 9
core   0: 3 0x80001f18 (0x4091df13) x30 0xffdd9d50
core   0: 0x80001f1c (0x4060dc13) srai    s8, ra, 6
core   0: 3 0x80001f1c (0x4060dc13) x24 0x00000000
core   0: 0x80001f20 (0x6f293213) sltiu   tp, s2, 1778
core   0: 3 0x80001f20 (0x6f293213) x 4 0x00000000
core   0: 0x80001f24 (0x009d5793) srli    a5, s10, 9
core   0: 3 0x80001f24 (0x009d5793) x15 0x0077c2f9
core   0: 0x80001f28 (0x01937033) and     zero, t1, s9
core   0: 3 0x80001f28 (0x01937033)
core   0: 0x80001f2c (0x00a1bcb3) sltu    s9, gp, a0
core   0: 3 0x80001f2c (0x00a1bcb3) x25 0x00000001
core   0: 0x80001f30 (0x40660133) sub     sp, a2, t1
core   0: 3 0x80001f30 (0x40660133) x 2 0xef008be3
core   0: 0x80001f34 (0x015ed533) srl     a0, t4, s5
core   0: 3 0x80001f34 (0x015ed533) x10 0x01c2f400
core   0: 0x80001f38 (0x00319393) slli    t2, gp, 3
core   0: 3 0x80001f38 (0x00319393) x 7 0xd9d50000
core   0: 0x80001f3c (0x017e17b3) sll     a5, t3, s7
core   0: 3 0x80001f3c (0x017e17b3) x15 0xf7c2f9c6
core   0: 0x80001f40 (0x00351433) sll     s0, a0, gp
core   0: 3 0x80001f40 (0x00351433) x 8 0x01c2f400
core   0: 0x80001f44 (0x1a2ce213) ori     tp, s9, 418
core   0: 3 0x80001f44 (0x1a2ce213) x 4 0x000001a3
core   0: 0x80001f48 (0x2a784413) xori    s0, a6, 679
core   0: 3 0x80001f48 (0x2a784413) x 8 0x00000740
core   0: 0x80001f4c (0x01fbe833) or      a6, s7, t6
core   0: 3 0x80001f4c (0x01fbe833) x16 0x1c2f4000
core   0: 0x80001f50 (0x41d25b93) srai    s7, tp, 29
core   0: 3 0x80001f50 (0x41d25b93) x23 0x00000000
core   0: 0x80001f54 (0x008a3533) sltu    a0, s4, s0
core   0: 3 0x80001f54 (0x008a3533) x10 0x00000000
core   0: 0x80001f58 (0x41ea5913) srai    s2, s4, 30
core   0: 3 0x80001f58 (0x41ea5913) x18 0xfffffffe
core   0: 0x80001f5c (0x416b08b3) sub     a7, s6, s6
core   0: 3 0x80001f5c (0x416b08b3) x17 0x00000000
core   0: 0x80001f60 (0x15bcbd93) sltiu   s11, s9, 347
core   0: 3 0x80001f60 (0x15bcbd93) x27 0x00000001
core   0: 0x80001f64 (0x407c01b3) sub     gp, s8, t2
core   0: 3 0x80001f64 (0x407c01b3) x 3 0x262b0000
core   0: 0x80001f68 (0x3fa1a693) slti    a3, gp, 1018
core   0: 3 0x80001f68 (0x3fa1a693) x13 0x00000000
core   0: 0x80001f6c (0xf863ce17) auipc   t3, 0xf863c
core   0: 3 0x80001f6c (0xf863ce17) x28 0x7863df6c
core   0: 0x80001f70 (0x01a0f533) and     a0, ra, s10
core   0: 3 0x80001f70 (0x01a0f533) x10 0x00000001
core   0: 0x80001f74 (0x01c9e7b3) or      a5, s3, t3
core   0: 3 0x80001f74 (0x01c9e7b3) x15 0xfeefdf6c
core   0: 0x80001f78 (0x00309313) slli    t1, ra, 3
core   0: 3 0x80001f78 (0x00309313) x 6 0x00000008
core   0: 0x80001f7c (0x01622eb3) slt     t4, tp, s6
core   0: 3 0x80001f7c (0x01622eb3) x29 0x00000000
core   0: 0x80001f80 (0x0aa9e993) ori     s3, s3, 170
core   0: 3 0x80001f80 (0x0aa9e993) x19 0x9ecc0eea
core   0: 0x80001f84 (0x62a0efb7) lui     t6, 0x62a0e
core   0: 3 0x80001f84 (0x62a0efb7) x31 0x62a0e000
core   0: 0x80001f88 (0x010b7fb3) and     t6, s6, a6
core   0: 3 0x80001f88 (0x010b7fb3) x31 0x0c054000
core   0: 0x80001f8c (0x00f09db3) sll     s11, ra, a5
core   0: 3 0x80001f8c (0x00f09db3) x27 0x00001000
core   0: 0x80001f90 (0x00b106b3) add     a3, sp, a1
core   0: 3 0x80001f90 (0x00b106b3) x13 0x85008be3
core   0: 0x80001f94 (0xb676ec13) ori     s8, a3, -1177
core   0: 3 0x80001f94 (0xb676ec13) x24 0xfffffbe7
core   0: 0x80001f98 (0x005d5233) srl     tp, s10, t0
core   0: 3 0x80001f98 (0x005d5233) x 4 0x0003be17
core   0: 0x80001f9c (0xcf150493) addi    s1, a0, -783
core   0: 3 0x80001f9c (0xcf150493) x 9 0xfffffcf2
core   0: 0x80001fa0 (0xf6eb4e93) xori    t4, s6, -146
core   0: 3 0x80001fa0 (0xf6eb4e93) x29 0x107a0e81
core   0: 0x80001fa4 (0x41575133) sra     sp, a4, s5
core   0: 3 0x80001fa4 (0x41575133) x 2 0xfffc7f7f
core   0: 0x80001fa8 (0xb06bb993) sltiu   s3, s7, -1274
core   0: 3 0x80001fa8 (0xb06bb993) x19 0x00000001
core   0: 0x80001fac (0x01f55c93) srli    s9, a0, 31
core   0: 3 0x80001fac (0x01f55c93) x25 0x00000000
core   0: 0x80001fb0 (0x0125e133) or      sp, a1, s2
core   0: 3 0x80001fb0 (0x0125e133) x 2 0xfffffffe
core   0: 0x80001fb4 (0x011570b3) and     ra, a0, a7
core   0: 3 0x80001fb4 (0x011570b3) x 1 0x00000000
core   0: 0x80001fb8 (0x01d740b3) xor     ra, a4, t4
core   0: 3 0x80001fb8 (0x01d740b3) x 1 0xefbdf97f
core   0: 0x80001fbc (0x1be1e713) ori     a4, gp, 446
core   0: 3 0x80001fbc (0x1be1e713) x14 0x262b01be
core   0: 0x80001fc0 (0xa7cc3417) auipc   s0, 0xa7cc3
core   0: 3 0x80001fc0 (0xa7cc3417) x 8 0x27cc4fc0
core   0: 0x80001fc4 (0x00c33e33) sltu    t3, t1, a2
core   0: 3 0x80001fc4 (0x00c33e33) x28 0x00000001
core   0: 0x80001fc8 (0x00442b33) slt     s6, s0, tp
core   0: 3 0x80001fc8 (0x00442b33) x22 0x00000000
core   0: 0x80001fcc (0x004906b3) add     a3, s2, tp
core   0: 3 0x80001fcc (0x004906b3) x13 0x0003be15
core   0: 0x80001fd0 (0x6abaa993) slti    s3, s5, 1707
core   0: 3 0x80001fd0 (0x6abaa993) x19 0x00000001
core   0: 0x80001fd4 (0x01a79cb3) sll     s9, a5, s10
core   0: 3 0x80001fd4 (0x01a79cb3) x25 0xfbed8000
core   0: 0x80001fd8 (0x013889b3) add     s3, a7, s3
core   0: 3 0x80001fd8 (0x013889b3) x19 0x00000001
core   0: 0x80001fdc (0x40dedd33) sra     s10, t4, a3
core   0: 3 0x80001fdc (0x40dedd33) x26 0x00000083
core   0: 0x80001fe0 (0x01e73433) sltu    s0, a4, t5
core   0: 3 0x80001fe0 (0x01e73433) x 8 0x00000001
core   0: 0x80001fe4 (0x01955f33) srl     t5, a0, s9
core   0: 3 0x80001fe4 (0x01955f33) x30 0x00000001
core   0: 0x80001fe8 (0x005355b3) srl     a1, t1, t0
core   0: 3 0x80001fe8 (0x005355b3) x11 0x00000000
core   0: 0x80001fec (0x42d86413) ori     s0, a6, 1069
core   0: 3 0x80001fec (0x42d86413) x 8 0x1c2f442d
core   0: 0x80001ff0 (0x009c9c93) slli    s9, s9, 9
core   0: 3 0x80001ff0 (0x009c9c93) x25 0xdb000000
core   0: 0x80001ff4 (0x9b7bcb93) xori    s7, s7, -1609
core   0: 3 0x80001ff4 (0x9b7bcb93) x23 0xfffff9b7
core   0: 0x80001ff8 (0x18716513) ori     a0, sp, 391
core   0: 3 0x80001ff8 (0x18716513) x10 0xffffffff
core   0: 0x80001ffc (0x00efb7b3) sltu    a5, t6, a4
core   0: 3 0x80001ffc (0x00efb7b3) x15 0x00000001
core   0: 0x80002000 (0x017e7933) and     s2, t3, s7
core   0: 3 0x80002000 (0x017e7933) x18 0x00000001
core   0: 0x80002004 (0x01f6b3b3) sltu    t2, a3, t6
core   0: 3 0x80002004 (0x01f6b3b3) x 7 0x00000001
core   0: 0x80002008 (0x346efeb7) lui     t4, 0x346ef
core   0: 3 0x80002008 (0x346efeb7) x29 0x346ef000
core   0: 0x8000200c (0x018f8db3) add     s11, t6, s8
core   0: 3 0x8000200c (0x018f8db3) x27 0x0c053be7
core   0: 0x80002010 (0x018d5d13) srli    s10, s10, 24
core   0: 3 0x80002010 (0x018d5d13) x26 0x00000000
core   0: 0x80002014 (0x7692c793) xori    a5, t0, 1897
core   0: 3 0x80002014 (0x7692c793) x15 0x00000767
core   0: 0x80002018 (0x01630833) add     a6, t1, s6
core   0: 3 0x80002018 (0x01630833) x16 0x00000008
core   0: 0x8000201c (0x0159ac33) slt     s8, s3, s5
core   0: 3 0x8000201c (0x0159ac33) x24 0x00000000
core   0: 0x80002020 (0x01f99b33) sll     s6, s3, t6
core   0: 3 0x80002020 (0x01f99b33) x22 0x00000001
core   0: 0x80002024 (0xef8e4837) lui     a6, 0xef8e4
core   0: 3 0x80002024 (0xef8e4837) x16 0xef8e4000
core   0: 0x80002028 (0xbb980813) addi    a6, a6, -1095
core   0: 3 0x80002028 (0xbb980813) x16 0xef8e3bb9
core   0: 0x8000202c (0xfff00b13) li      s6, -1
core   0: 3 0x8000202c (0xfff00b13) x22 0xffffffff
core   0: 0x80002030 (0x00000c93) li      s9, 0
core   0: 3 0x80002030 (0x00000c93) x25 0x00000000
core   0: 0x80002034 (0xe2914bb7) lui     s7, 0xe2914
core   0: 3 0x80002034 (0xe2914bb7) x23 0xe2914000
core   0: 0x80002038 (0x037b8b93) addi    s7, s7, 55
core   0: 3 0x80002038 (0x037b8b93) x23 0xe2914037
core   0: 0x8000203c (0x1b15e2b7) lui     t0, 0x1b15e
core   0: 3 0x8000203c (0x1b15e2b7) x 5 0x1b15e000
core   0: 0x80002040 (0x74c28293) addi    t0, t0, 1868
core   0: 3 0x80002040 (0x74c28293) x 5 0x1b15e74c
core   0: 0x80002044 (0x00000093) li      ra, 0
core   0: 3 0x80002044 (0x00000093) x 1 0x00000000
core   0: 0x80002048 (0x80000e37) lui     t3, 0x80000
core   0: 3 0x80002048 (0x80000e37) x28 0x80000000
core   0: 0x8000204c (0xbb6de1b7) lui     gp, 0xbb6de
core   0: 3 0x8000204c (0xbb6de1b7) x 3 0xbb6de000
core   0: 0x80002050 (0x18018193) addi    gp, gp, 384
core   0: 3 0x80002050 (0x18018193) x 3 0xbb6de180
core   0: 0x80002054 (0x80000937) lui     s2, 0x80000
core   0: 3 0x80002054 (0x80000937) x18 0x80000000
core   0: 0x80002058 (0x80000137) lui     sp, 0x80000
core   0: 3 0x80002058 (0x80000137) x 2 0x80000000
core   0: 0x8000205c (0x00000013) nop
core   0: 3 0x8000205c (0x00000013)
core   0: 0x80002060 (0x2fd28293) addi    t0, t0, 765
core   0: 3 0x80002060 (0x2fd28293) x 5 0x1b15ea49
core   0: 0x80002064 (0xe1498137) lui     sp, 0xe1498
core   0: 3 0x80002064 (0xe1498137) x 2 0xe1498000
core   0: 0x80002068 (0x7dd28113) addi    sp, t0, 2013
core   0: 3 0x80002068 (0x7dd28113) x 2 0x1b15f226
core   0: 0x8000206c (0x62663bb7) lui     s7, 0x62663
core   0: 3 0x8000206c (0x62663bb7) x23 0x62663000
core   0: 0x80002070 (0x91816b17) auipc   s6, 0x91816
core   0: 3 0x80002070 (0x91816b17) x22 0x11818070
core   0: 0x80002074 (0x00000013) nop
core   0: 3 0x80002074 (0x00000013)
core   0: 0x80002078 (0xe70a0917) auipc   s2, 0xe70a0
core   0: 3 0x80002078 (0xe70a0917) x18 0x670a2078
core   0: 0x8000207c (0x00000013) nop
core   0: 3 0x8000207c (0x00000013)
core   0: 0x80002080 (0x476c8e13) addi    t3, s9, 1142
core   0: 3 0x80002080 (0x476c8e13) x28 0x00000476
core   0: 0x80002084 (0xed490c97) auipc   s9, 0xed490
core   0: 3 0x80002084 (0xed490c97) x25 0x6d492084
core   0: 0x80002088 (0x5b79d097) auipc   ra, 0x5b79d
core   0: 3 0x80002088 (0x5b79d097) x 1 0xdb79f088
core   0: 0x8000208c (0x6a7e0113) addi    sp, t3, 1703
core   0: 3 0x8000208c (0x6a7e0113) x 2 0x00000b1d
core   0: 0x80002090 (0x419c82b3) sub     t0, s9, s9
core   0: 3 0x80002090 (0x419c82b3) x 5 0x00000000
core   0: 0x80002094 (0x41008bb3) sub     s7, ra, a6
core   0: 3 0x80002094 (0x41008bb3) x23 0xebebb4cf
core   0: 0x80002098 (0x41080cb3) sub     s9, a6, a6
core   0: 3 0x80002098 (0x41080cb3) x25 0x00000000
core   0: 0x8000209c (0x00966733) or      a4, a2, s1
core   0: 3 0x8000209c (0x00966733) x14 0xfffffefe
core   0: 0x800020a0 (0x2488fd93) andi    s11, a7, 584
core   0: 3 0x800020a0 (0x2488fd93) x27 0x00000000
core   0: 0x800020a4 (0x010e1e13) slli    t3, t3, 16
core   0: 3 0x800020a4 (0x010e1e13) x28 0x04760000
core   0: 0x800020a8 (0x40f4d833) sra     a6, s1, a5
core   0: 3 0x800020a8 (0x40f4d833) x16 0xfffffff9
core   0: 0x800020ac (0x41bcd913) srai    s2, s9, 27
core   0: 3 0x800020ac (0x41bcd913) x18 0x00000000
core   0: 0x800020b0 (0x00e62bb3) slt     s7, a2, a4
core   0: 3 0x800020b0 (0x00e62bb3) x23 0x00000001
core   0: 0x800020b4 (0x4097de33) sra     t3, a5, s1
core   0: 3 0x800020b4 (0x4097de33) x28 0x00000000
core   0: 0x800020b8 (0x003f1033) sll     zero, t5, gp
core   0: 3 0x800020b8 (0x003f1033)
core   0: 0x800020bc (0x00ba39b3) sltu    s3, s4, a1
core   0: 3 0x800020bc (0x00ba39b3) x19 0x00000000
core   0: 0x800020c0 (0xc7e5b093) sltiu   ra, a1, -898
core   0: 3 0x800020c0 (0xc7e5b093) x 1 0x00000001
core   0: 0x800020c4 (0x2c278213) addi    tp, a5, 706
core   0: 3 0x800020c4 (0x2c278213) x 4 0x00000a29
core   0: 0x800020c8 (0x401cdd13) srai    s10, s9, 1
core   0: 3 0x800020c8 (0x401cdd13) x26 0x00000000
core   0: 0x800020cc (0x013570b3) and     ra, a0, s3
core   0: 3 0x800020cc (0x013570b3) x 1 0x00000000
core   0: 0x800020d0 (0x405a6993) ori     s3, s4, 1029
core   0: 3 0x800020d0 (0x405a6993) x19 0x80011e65
core   0: 0x800020d4 (0xd1d92513) slti    a0, s2, -739
core   0: 3 0x800020d4 (0xd1d92513) x10 0x00000000
core   0: 0x800020d8 (0x00ef8bb3) add     s7, t6, a4
core   0: 3 0x800020d8 (0x00ef8bb3) x23 0x0c053efe
core   0: 0x800020dc (0xe1c34013) xori    zero, t1, -484
core   0: 3 0x800020dc (0xe1c34013)
core   0: 0x800020e0 (0x0018b3b3) sltu    t2, a7, ra
core   0: 3 0x800020e0 (0x0018b3b3) x 7 0x00000000
core   0: 0x800020e4 (0x000a9813) slli    a6, s5, 0
core   0: 3 0x800020e4 (0x000a9813) x16 0x80015ce4
core   0: 0x800020e8 (0x406e0733) sub     a4, t3, t1
core   0: 3 0x800020e8 (0x406e0733) x14 0xfffffff8
core   0: 0x800020ec (0x011c6733) or      a4, s8, a7
core   0: 3 0x800020ec (0x011c6733) x14 0x00000000
core   0: 0x800020f0 (0xdd669b37) lui     s6, 0xdd669
core   0: 3 0x800020f0 (0xdd669b37) x22 0xdd669000
core   0: 0x800020f4 (0x40d9d7b3) sra     a5, s3, a3
core   0: 3 0x800020f4 (0x40d9d7b3) x15 0xfffffc00
core   0: 0x800020f8 (0x261f6d13) ori     s10, t5, 609
core   0: 3 0x800020f8 (0x261f6d13) x26 0x00000261
core   0: 0x800020fc (0xe912ab13) slti    s6, t0, -367
core   0: 3 0x800020fc (0xe912ab13) x22 0x00000000
core   0: 0x80002100 (0x8f99ebb7) lui     s7, 0x8f99e
core   0: 3 0x80002100 (0x8f99ebb7) x23 0x8f99e000
core   0: 0x80002104 (0xffa3e313) ori     t1, t2, -6
core   0: 3 0x80002104 (0xffa3e313) x 6 0xfffffffa
core   0: 0x80002108 (0xb29bd017) auipc   zero, 0xb29bd
core   0: 3 0x80002108 (0xb29bd017)
core   0: 0x8000210c (0xa9f5d037) lui     zero, 0xa9f5d
core   0: 3 0x8000210c (0xa9f5d037)
core   0: 0x80002110 (0xa8764213) xori    tp, a2, -1401
core   0: 3 0x80002110 (0xa8764213) x 4 0x10fd9069
core   0: 0x80002114 (0x01932833) slt     a6, t1, s9
core   0: 3 0x80002114 (0x01932833) x16 0x00000001
core   0: 0x80002118 (0x009da5b3) slt     a1, s11, s1
core   0: 3 0x80002118 (0x009da5b3) x11 0x00000000
core   0: 0x8000211c (0x758dd937) lui     s2, 0x758dd
core   0: 3 0x8000211c (0x758dd937) x18 0x758dd000
core   0: 0x80002120 (0x007138b3) sltu    a7, sp, t2
core   0: 3 0x80002120 (0x007138b3) x17 0x00000000
core   0: 0x80002124 (0x01ebdf93) srli    t6, s7, 30
core   0: 3 0x80002124 (0x01ebdf93) x31 0x00000002
core   0: 0x80002128 (0x2b348893) addi    a7, s1, 691
core   0: 3 0x80002128 (0x2b348893) x17 0xffffffa5
core   0: 0x8000212c (0x402784b3) sub     s1, a5, sp
core   0: 3 0x8000212c (0x402784b3) x 9 0xfffff0e3
core   0: 0x80002130 (0x00000013) nop
core   0: 3 0x80002130 (0x00000013)
core   0: 0x80002134 (0xcfa10193) addi    gp, sp, -774
core   0: 3 0x80002134 (0xcfa10193) x 3 0x00000817
core   0: 0x80002138 (0x001cc233) xor     tp, s9, ra
core   0: 3 0x80002138 (0x001cc233) x 4 0x00000000
core   0: 0x8000213c (0x00ddb033) sltu    zero, s11, a3
core   0: 3 0x8000213c (0x00ddb033)
core   0: 0x80002140 (0x00000013) nop
core   0: 3 0x80002140 (0x00000013)
core   0: 0x80002144 (0x001c4033) xor     zero, s8, ra
core   0: 3 0x80002144 (0x001c4033)
core   0: 0x80002148 (0x00ed2933) slt     s2, s10, a4
core   0: 3 0x80002148 (0x00ed2933) x18 0x00000000
core   0: 0x8000214c (0x00bfe133) or      sp, t6, a1
core   0: 3 0x8000214c (0x00bfe133) x 2 0x00000002
core   0: 0x80002150 (0x409cd413) srai    s0, s9, 9
core   0: 3 0x80002150 (0x409cd413) x 8 0x00000000
core   0: 0x80002154 (0xf2152793) slti    a5, a0, -223
core   0: 3 0x80002154 (0xf2152793) x15 0x00000000
core   0: 0x80002158 (0x01d64233) xor     tp, a2, t4
core   0: 3 0x80002158 (0x01d64233) x 4 0xdb6c9aee
core   0: 0x8000215c (0x00a6e833) or      a6, a3, a0
core   0: 3 0x8000215c (0x00a6e833) x16 0x0003be15
core   0: 0x80002160 (0x00529bb3) sll     s7, t0, t0
core   0: 3 0x80002160 (0x00529bb3) x23 0x00000000
core   0: 0x80002164 (0x002f0bb3) add     s7, t5, sp
core   0: 3 0x80002164 (0x002f0bb3) x23 0x00000003
core   0: 0x80002168 (0x40f283b3) sub     t2, t0, a5
core   0: 3 0x80002168 (0x40f283b3) x 7 0x00000000
core   0: 0x8000216c (0xb9a8b413) sltiu   s0, a7, -1126
core   0: 3 0x8000216c (0xb9a8b413) x 8 0x00000000
core   0: 0x80002170 (0xe8027113) andi    sp, tp, -384
core   0: 3 0x80002170 (0xe8027113) x 2 0xdb6c9a80
core   0: 0x80002174 (0x00fd72b3) and     t0, s10, a5
core   0: 3 0x80002174 (0x00fd72b3) x 5 0x00000000
core   0: 0x80002178 (0xe7736293) ori     t0, t1, -393
core   0: 3 0x80002178 (0xe7736293) x 5 0xffffffff
core   0: 0x8000217c (0x007abe33) sltu    t3, s5, t2
core   0: 3 0x8000217c (0x007abe33) x28 0x00000000
core   0: 0x80002180 (0x00000013) nop
core   0: 3 0x80002180 (0x00000013)
core   0: 0x80002184 (0x00000013) nop
core   0: 3 0x80002184 (0x00000013)
core   0: 0x80002188 (0x0176df33) srl     t5, a3, s7
core   0: 3 0x80002188 (0x0176df33) x30 0x000077c2
core   0: 0x8000218c (0xb9c88013) addi    zero, a7, -1124
core   0: 3 0x8000218c (0xb9c88013)
core   0: 0x80002190 (0x41ead713) srai    a4, s5, 30
core   0: 3 0x80002190 (0x41ead713) x14 0xfffffffe
core   0: 0x80002194 (0x0090a333) slt     t1, ra, s1
core   0: 3 0x80002194 (0x0090a333) x 6 0x00000000
core   0: 0x80002198 (0x004e91b3) sll     gp, t4, tp
core   0: 3 0x80002198 (0x004e91b3) x 3 0xbc000000
core   0: 0x8000219c (0xf456bd93) sltiu   s11, a3, -187
core   0: 3 0x8000219c (0xf456bd93) x27 0x00000001
core   0: 0x800021a0 (0x0c36fd93) andi    s11, a3, 195
core   0: 3 0x800021a0 (0x0c36fd93) x27 0x00000001
core   0: 0x800021a4 (0x01a619b3) sll     s3, a2, s10
core   0: 3 0x800021a4 (0x01a619b3) x19 0xde04d5dc
core   0: 0x800021a8 (0xe3d96113) ori     sp, s2, -451
core   0: 3 0x800021a8 (0xe3d96113) x 2 0xfffffe3d
core   0: 0x800021ac (0x00848833) add     a6, s1, s0
core   0: 3 0x800021ac (0x00848833) x16 0xfffff0e3
core   0: 0x800021b0 (0x00000013) nop
core   0: 3 0x800021b0 (0x00000013)
core   0: 0x800021b4 (0xba2f45b7) lui     a1, 0xba2f4
core   0: 3 0x800021b4 (0xba2f45b7) x11 0xba2f4000
core   0: 0x800021b8 (0x412b8db3) sub     s11, s7, s2
core   0: 3 0x800021b8 (0x412b8db3) x27 0x00000003
core   0: 0x800021bc (0x00f21113) slli    sp, tp, 15
core   0: 3 0x800021bc (0x00f21113) x 2 0x4d770000
core   0: 0x800021c0 (0x40300fb3) sub     t6, zero, gp
core   0: 3 0x800021c0 (0x40300fb3) x31 0x44000000
core   0: 0x800021c4 (0x00618733) add     a4, gp, t1
core   0: 3 0x800021c4 (0x00618733) x14 0xbc000000
core   0: 0x800021c8 (0x8c70b913) sltiu   s2, ra, -1849
core   0: 3 0x800021c8 (0x8c70b913) x18 0x00000001
core   0: 0x800021cc (0x00e062b3) or      t0, zero, a4
core   0: 3 0x800021cc (0x00e062b3) x 5 0xbc000000
core   0: 0x800021d0 (0x4119d393) srai    t2, s3, 17
core   0: 3 0x800021d0 (0x4119d393) x 7 0xffffef02
core   0: 0x800021d4 (0x6f3a7f17) auipc   t5, 0x6f3a7
core   0: 3 0x800021d4 (0x6f3a7f17) x30 0xef3a91d4
core   0: 0x800021d8 (0x41995533) sra     a0, s2, s9
core   0: 3 0x800021d8 (0x41995533) x10 0x00000001
core   0: 0x800021dc (0x01e02333) slt     t1, zero, t5
core   0: 3 0x800021dc (0x01e02333) x 6 0x00000000
core   0: 0x800021e0 (0x1a0b3413) sltiu   s0, s6, 416
core   0: 3 0x800021e0 (0x1a0b3413) x 8 0x00000001
core   0: 0x800021e4 (0xb7b7d0b7) lui     ra, 0xb7b7d
core   0: 3 0x800021e4 (0xb7b7d0b7) x 1 0xb7b7d000
core   0: 0x800021e8 (0x402c5c33) sra     s8, s8, sp
core   0: 3 0x800021e8 (0x402c5c33) x24 0x00000000
core   0: 0x800021ec (0x00671c93) slli    s9, a4, 6
core   0: 3 0x800021ec (0x00671c93) x25 0x00000000
core   0: 0x800021f0 (0x62937813) andi    a6, t1, 1577
core   0: 3 0x800021f0 (0x62937813) x16 0x00000000
core   0: 0x800021f4 (0x5db5c513) xori    a0, a1, 1499
core   0: 3 0x800021f4 (0x5db5c513) x10 0xba2f45db
core   0: 0x800021f8 (0x00736d33) or      s10, t1, t2
core   0: 3 0x800021f8 (0x00736d33) x26 0xffffef02
core   0: 0x800021fc (0x0150e833) or      a6, ra, s5
core   0: 3 0x800021fc (0x0150e833) x16 0xb7b7dce4
core   0: 0x80002200 (0x41795313) srai    t1, s2, 23
core   0: 3 0x80002200 (0x41795313) x 6 0x00000000
core   0: 0x80002204 (0x01b491b3) sll     gp, s1, s11
core   0: 3 0x80002204 (0x01b491b3) x 3 0xffff8718
core   0: 0x80002208 (0x015484b3) add     s1, s1, s5
core   0: 3 0x80002208 (0x015484b3) x 9 0x80014dc7
core   0: 0x8000220c (0x41b7db93) srai    s7, a5, 27
core   0: 3 0x8000220c (0x41b7db93) x23 0x00000000
core   0: 0x80002210 (0x0eeed297) auipc   t0, 0xeeed
core   0: 3 0x80002210 (0x0eeed297) x 5 0x8eeef210
core   0: 0x80002214 (0x01bc9593) slli    a1, s9, 27
core   0: 3 0x80002214 (0x01bc9593) x11 0x00000000
core   0: 0x80002218 (0x00e0abb3) slt     s7, ra, a4
core   0: 3 0x80002218 (0x00e0abb3) x23 0x00000001
core   0: 0x8000221c (0x39d20d93) addi    s11, tp, 925
core   0: 3 0x8000221c (0x39d20d93) x27 0xdb6c9e8b
core   0: 0x80002220 (0x40c28933) sub     s2, t0, a2
core   0: 3 0x80002220 (0x40c28933) x18 0x9fec8722
core   0: 0x80002224 (0x10972893) slti    a7, a4, 265
core   0: 3 0x80002224 (0x10972893) x17 0x00000001
core   0: 0x80002228 (0x86fff413) andi    s0, t6, -1937
core   0: 3 0x80002228 (0x86fff413) x 8 0x44000000
core   0: 0x8000222c (0x0127fbb3) and     s7, a5, s2
core   0: 3 0x8000222c (0x0127fbb3) x23 0x00000000
core   0: 0x80002230 (0x01ce9bb3) sll     s7, t4, t3
core   0: 3 0x80002230 (0x01ce9bb3) x23 0x346ef000
core   0: 0x80002234 (0x00f21033) sll     zero, tp, a5
core   0: 3 0x80002234 (0x00f21033)
core   0: 0x80002238 (0x4d038e13) addi    t3, t2, 1232
core   0: 3 0x80002238 (0x4d038e13) x28 0xfffff3d2
core   0: 0x8000223c (0x70c14e13) xori    t3, sp, 1804
core   0: 3 0x8000223c (0x70c14e13) x28 0x4d77070c
core   0: 0x80002240 (0x4c46b593) sltiu   a1, a3, 1220
core   0: 3 0x80002240 (0x4c46b593) x11 0x00000000
core   0: 0x80002244 (0x019ca7b3) slt     a5, s9, s9
core   0: 3 0x80002244 (0x019ca7b3) x15 0x00000000
core   0: 0x80002248 (0x418059b3) sra     s3, zero, s8
core   0: 3 0x80002248 (0x418059b3) x19 0x00000000
core   0: 0x8000224c (0x41575533) sra     a0, a4, s5
core   0: 3 0x8000224c (0x41575533) x10 0xfbc00000
core   0: 0x80002250 (0x41f38533) sub     a0, t2, t6
core   0: 3 0x80002250 (0x41f38533) x10 0xbbffef02
core   0: 0x80002254 (0x010afb33) and     s6, s5, a6
core   0: 3 0x80002254 (0x010afb33) x22 0x80015ce4
core   0: 0x80002258 (0xfce1dcb7) lui     s9, 0xfce1d
core   0: 3 0x80002258 (0xfce1dcb7) x25 0xfce1d000
core   0: 0x8000225c (0xf4f958b7) lui     a7, 0xf4f95
core   0: 3 0x8000225c (0xf4f958b7) x17 0xf4f95000
core   0: 0x80002260 (0x00929333) sll     t1, t0, s1
core   0: 3 0x80002260 (0x00929333) x 6 0x77790800
core   0: 0x80002264 (0x72282013) slti    zero, a6, 1826
core   0: 3 0x80002264 (0x72282013)
core   0: 0x80002268 (0x987b0697) auipc   a3, 0x987b0
core   0: 3 0x80002268 (0x987b0697) x13 0x187b2268
core   0: 0x8000226c (0x6cb40f93) addi    t6, s0, 1739
core   0: 3 0x8000226c (0x6cb40f93) x31 0x440006cb
core   0: 0x80002270 (0x84800b93) li      s7, -1976
core   0: 3 0x80002270 (0x84800b93) x23 0xfffff848
core   0: 0x80002274 (0x41168733) sub     a4, a3, a7
core   0: 3 0x80002274 (0x41168733) x14 0x2381d268
core   0: 0x80002278 (0x6d2cc0b7) lui     ra, 0x6d2cc
core   0: 3 0x80002278 (0x6d2cc0b7) x 1 0x6d2cc000
core   0: 0x8000227c (0xcc71fdb7) lui     s11, 0xcc71f
core   0: 3 0x8000227c (0xcc71fdb7) x27 0xcc71f000
core   0: 0x80002280 (0x5903c393) xori    t2, t2, 1424
core   0: 3 0x80002280 (0x5903c393) x 7 0xffffea92
core   0: 0x80002284 (0x55f16f93) ori     t6, sp, 1375
core   0: 3 0x80002284 (0x55f16f93) x31 0x4d77055f
core   0: 0x80002288 (0x007958b3) srl     a7, s2, t2
core   0: 3 0x80002288 (0x007958b3) x17 0x000027fb
core   0: 0x8000228c (0xe2a3f313) andi    t1, t2, -470
core   0: 3 0x8000228c (0xe2a3f313) x 6 0xffffea02
core   0: 0x80002290 (0x3bf5c9b7) lui     s3, 0x3bf5c
core   0: 3 0x80002290 (0x3bf5c9b7) x19 0x3bf5c000
core   0: 0x80002294 (0x8b6c4e13) xori    t3, s8, -1866
core   0: 3 0x80002294 (0x8b6c4e13) x28 0xfffff8b6
core   0: 0x80002298 (0x415bd193) srai    gp, s7, 21
core   0: 3 0x80002298 (0x415bd193) x 3 0xffffffff
core   0: 0x8000229c (0x85613f13) sltiu   t5, sp, -1962
core   0: 3 0x8000229c (0x85613f13) x30 0x00000001
core   0: 0x800022a0 (0x4876cbb7) lui     s7, 0x4876c
core   0: 3 0x800022a0 (0x4876cbb7) x23 0x4876c000
core   0: 0x800022a4 (0x00198e33) add     t3, s3, ra
core   0: 3 0x800022a4 (0x00198e33) x28 0xa9228000
core   0: 0x800022a8 (0x419a5233) sra     tp, s4, s9
core   0: 3 0x800022a8 (0x419a5233) x 4 0x80011e64
core   0: 0x800022ac (0x000c4c33) xor     s8, s8, zero
core   0: 3 0x800022ac (0x000c4c33) x24 0x00000000
core   0: 0x800022b0 (0x02f2bf93) sltiu   t6, t0, 47
core   0: 3 0x800022b0 (0x02f2bf93) x31 0x00000000
core   0: 0x800022b4 (0x01321593) slli    a1, tp, 19
core   0: 3 0x800022b4 (0x01321593) x11 0xf3200000
core   0: 0x800022b8 (0xa67bc713) xori    a4, s7, -1433
core   0: 3 0x800022b8 (0xa67bc713) x14 0xb7893a67
core   0: 0x800022bc (0x008e6b33) or      s6, t3, s0
core   0: 3 0x800022bc (0x008e6b33) x22 0xed228000
core   0: 0x800022c0 (0xe02361b7) lui     gp, 0xe0236
core   0: 3 0x800022c0 (0xe02361b7) x 3 0xe0236000
core   0: 0x800022c4 (0xb223f913) andi    s2, t2, -1246
core   0: 3 0x800022c4 (0xb223f913) x18 0xffffea02
core   0: 0x800022c8 (0x0022fdb3) and     s11, t0, sp
core   0: 3 0x800022c8 (0x0022fdb3) x27 0x0c660000
core   0: 0x800022cc (0x00000013) nop
core   0: 3 0x800022cc (0x00000013)
core   0: 0x800022d0 (0x01406433) or      s0, zero, s4
core   0: 3 0x800022d0 (0x01406433) x 8 0x80011e64
core   0: 0x800022d4 (0x405d5e93) srai    t4, s10, 5
core   0: 3 0x800022d4 (0x405d5e93) x29 0xffffff78
core   0: 0x800022d8 (0x0176bf33) sltu    t5, a3, s7
core   0: 3 0x800022d8 (0x0176bf33) x30 0x00000001
core   0: 0x800022dc (0x003e95b3) sll     a1, t4, gp
core   0: 3 0x800022dc (0x003e95b3) x11 0xffffff78
core   0: 0x800022e0 (0x00479513) slli    a0, a5, 4
core   0: 3 0x800022e0 (0x00479513) x10 0x00000000
core   0: 0x800022e4 (0x3933b513) sltiu   a0, t2, 915
core   0: 3 0x800022e4 (0x3933b513) x10 0x00000000
core   0: 0x800022e8 (0x00385233) srl     tp, a6, gp
core   0: 3 0x800022e8 (0x00385233) x 4 0xb7b7dce4
core   0: 0x800022ec (0x018f81b3) add     gp, t6, s8
core   0: 3 0x800022ec (0x018f81b3) x 3 0x00000000
core   0: 0x800022f0 (0x01b69733) sll     a4, a3, s11
core   0: 3 0x800022f0 (0x01b69733) x14 0x187b2268
core   0: 0x800022f4 (0x8a2517b7) lui     a5, 0x8a251
core   0: 3 0x800022f4 (0x8a2517b7) x15 0x8a251000
core   0: 0x800022f8 (0x47d23d93) sltiu   s11, tp, 1149
core   0: 3 0x800022f8 (0x47d23d93) x27 0x00000000
core   0: 0x800022fc (0x0198d3b3) srl     t2, a7, s9
core   0: 3 0x800022fc (0x0198d3b3) x 7 0x000027fb
core   0: 0x80002300 (0x005bd293) srli    t0, s7, 5
core   0: 3 0x80002300 (0x005bd293) x 5 0x0243b600
core   0: 0x80002304 (0x40455db3) sra     s11, a0, tp
core   0: 3 0x80002304 (0x40455db3) x27 0x00000000
core   0: 0x80002308 (0x418009b3) sub     s3, zero, s8
core   0: 3 0x80002308 (0x418009b3) x19 0x00000000
core   0: 0x8000230c (0xabce3813) sltiu   a6, t3, -1348
core   0: 3 0x8000230c (0xabce3813) x16 0x00000001
core   0: 0x80002310 (0xc79ce993) ori     s3, s9, -903
core   0: 3 0x80002310 (0xc79ce993) x19 0xfffffc79
core   0: 0x80002314 (0x01d801b3) add     gp, a6, t4
core   0: 3 0x80002314 (0x01d801b3) x 3 0xffffff79
core   0: 0x80002318 (0x6c6f4093) xori    ra, t5, 1734
core   0: 3 0x80002318 (0x6c6f4093) x 1 0x000006c7
core   0: 0x8000231c (0xd1fc8513) addi    a0, s9, -737
core   0: 3 0x8000231c (0xd1fc8513) x10 0xfce1cd1f
core   0: 0x80002320 (0x0127fbb3) and     s7, a5, s2
core   0: 3 0x80002320 (0x0127fbb3) x23 0x8a250000
core   0: 0x80002324 (0x00367bb3) and     s7, a2, gp
core   0: 3 0x80002324 (0x00367bb3) x23 0xef026a68
core   0: 0x80002328 (0x00a75fb3) srl     t6, a4, a0
core   0: 3 0x80002328 (0x00a75fb3) x31 0x00000000
core   0: 0x8000232c (0x724d6813) ori     a6, s10, 1828
core   0: 3 0x8000232c (0x724d6813) x16 0xffffef26
core   0: 0x80002330 (0x41810f33) sub     t5, sp, s8
core   0: 3 0x80002330 (0x41810f33) x30 0x4d770000
core   0: 0x80002334 (0x000eb1b3) sltu    gp, t4, zero
core   0: 3 0x80002334 (0x000eb1b3) x 3 0x00000000
core   0: 0x80002338 (0x18ef6f13) ori     t5, t5, 398
core   0: 3 0x80002338 (0x18ef6f13) x30 0x4d77018e
core   0: 0x8000233c (0x40b15313) srai    t1, sp, 11
core   0: 3 0x8000233c (0x40b15313) x 6 0x0009aee0
core   0: 0x80002340 (0xd0a42413) slti    s0, s0, -758
core   0: 3 0x80002340 (0xd0a42413) x 8 0x00000001
core   0: 0x80002344 (0x41a35833) sra     a6, t1, s10
core   0: 3 0x80002344 (0x41a35833) x16 0x00026bb8
core   0: 0x80002348 (0x01289513) slli    a0, a7, 18
core   0: 3 0x80002348 (0x01289513) x10 0x9fec0000
core   0: 0x8000234c (0x855e6d13) ori     s10, t3, -1963
core   0: 3 0x8000234c (0x855e6d13) x26 0xfffff855
core   0: 0x80002350 (0x3576f097) auipc   ra, 0x3576f
core   0: 3 0x80002350 (0x3576f097) x 1 0xb5771350
core   0: 0x80002354 (0x94edc893) xori    a7, s11, -1714
core   0: 3 0x80002354 (0x94edc893) x17 0xfffff94e
core   0: 0x80002358 (0x00a6d133) srl     sp, a3, a0
core   0: 3 0x80002358 (0x00a6d133) x 2 0x187b2268
core   0: 0x8000235c (0x00c1f533) and     a0, gp, a2
core   0: 3 0x8000235c (0x00c1f533) x10 0x00000000
core   0: 0x80002360 (0x40830fb3) sub     t6, t1, s0
core   0: 3 0x80002360 (0x40830fb3) x31 0x0009aedf
core   0: 0x80002364 (0x00432db3) slt     s11, t1, tp
core   0: 3 0x80002364 (0x00432db3) x27 0x00000000
core   0: 0x80002368 (0xb9484213) xori    tp, a6, -1132
core   0: 3 0x80002368 (0xb9484213) x 4 0xfffd902c
core   0: 0x8000236c (0x4101d193) srai    gp, gp, 16
core   0: 3 0x8000236c (0x4101d193) x 3 0x00000000
core   0: 0x80002370 (0x991eef13) ori     t5, t4, -1647
core   0: 3 0x80002370 (0x991eef13) x30 0xfffffff9
core   0: 0x80002374 (0x01af78b3) and     a7, t5, s10
core   0: 3 0x80002374 (0x01af78b3) x17 0xfffff851
core   0: 0x80002378 (0x40478133) sub     sp, a5, tp
core   0: 3 0x80002378 (0x40478133) x 2 0x8a277fd4
core   0: 0x8000237c (0x2bd0c593) xori    a1, ra, 701
core   0: 3 0x8000237c (0x2bd0c593) x11 0xb57711ed
core   0: 0x80002380 (0x000a97b3) sll     a5, s5, zero
core   0: 3 0x80002380 (0x000a97b3) x15 0x80015ce4
core   0: 0x80002384 (0x00000013) nop
core   0: 3 0x80002384 (0x00000013)
core   0: 0x80002388 (0x01536cb3) or      s9, t1, s5
core   0: 3 0x80002388 (0x01536cb3) x25 0x8009fee4
core   0: 0x8000238c (0xd3c6e513) ori     a0, a3, -708
core   0: 3 0x8000238c (0xd3c6e513) x10 0xffffff7c
core   0: 0x80002390 (0x00e773b3) and     t2, a4, a4
core   0: 3 0x80002390 (0x00e773b3) x 7 0x187b2268
core   0: 0x80002394 (0x5c8bb813) sltiu   a6, s7, 1480
core   0: 3 0x80002394 (0x5c8bb813) x16 0x00000000
core   0: 0x80002398 (0x01a4a533) slt     a0, s1, s10
core   0: 3 0x80002398 (0x01a4a533) x10 0x00000001
core   0: 0x8000239c (0x012ab6b3) sltu    a3, s5, s2
core   0: 3 0x8000239c (0x012ab6b3) x13 0x00000001
core   0: 0x800023a0 (0x018c7533) and     a0, s8, s8
core   0: 3 0x800023a0 (0x018c7533) x10 0x00000000
core   0: 0x800023a4 (0x00000013) nop
core   0: 3 0x800023a4 (0x00000013)
core   0: 0x800023a8 (0x400d8e33) sub     t3, s11, zero
core   0: 3 0x800023a8 (0x400d8e33) x28 0x00000000
core   0: 0x800023ac (0x408f58b3) sra     a7, t5, s0
core   0: 3 0x800023ac (0x408f58b3) x17 0xfffffffc
core   0: 0x800023b0 (0x2b2a2c93) slti    s9, s4, 690
core   0: 3 0x800023b0 (0x2b2a2c93) x25 0x00000001
core   0: 0x800023b4 (0x002a2333) slt     t1, s4, sp
core   0: 3 0x800023b4 (0x002a2333) x 6 0x00000001
core   0: 0x800023b8 (0x00000013) nop
core   0: 3 0x800023b8 (0x00000013)
core   0: 0x800023bc (0xa735b593) sltiu   a1, a1, -1421
core   0: 3 0x800023bc (0xa735b593) x11 0x00000001
core   0: 0x800023c0 (0x007b5413) srli    s0, s6, 7
core   0: 3 0x800023c0 (0x007b5413) x 8 0x01da4500
core   0: 0x800023c4 (0x59466513) ori     a0, a2, 1428
core   0: 3 0x800023c4 (0x59466513) x10 0xef026ffe
core   0: 0x800023c8 (0x01cc28b3) slt     a7, s8, t3
core   0: 3 0x800023c8 (0x01cc28b3) x17 0x00000000
core   0: 0x800023cc (0x40ab85b3) sub     a1, s7, a0
core   0: 3 0x800023cc (0x40ab85b3) x11 0xfffffa6a
core   0: 0x800023d0 (0x6f3e90b7) lui     ra, 0x6f3e9
core   0: 3 0x800023d0 (0x6f3e90b7) x 1 0x6f3e9000
core   0: 0x800023d4 (0x01f63eb3) sltu    t4, a2, t6
core   0: 3 0x800023d4 (0x01f63eb3) x29 0x00000000
core   0: 0x800023d8 (0xcce5b213) sltiu   tp, a1, -818
core   0: 3 0x800023d8 (0xcce5b213) x 4 0x00000001
core   0: 0x800023dc (0x674ace13) xori    t3, s5, 1652
core   0: 3 0x800023dc (0x674ace13) x28 0x80015a90
core   0: 0x800023e0 (0x00000013) nop
core   0: 3 0x800023e0 (0x00000013)
core   0: 0x800023e4 (0x01f397b3) sll     a5, t2, t6
core   0: 3 0x800023e4 (0x01f397b3) x15 0x00000000
core   0: 0x800023e8 (0x01f99833) sll     a6, s3, t6
core   0: 3 0x800023e8 (0x01f99833) x16 0x80000000
core   0: 0x800023ec (0x411d0233) sub     tp, s10, a7
core   0: 3 0x800023ec (0x411d0233) x 4 0xfffff855
core   0: 0x800023f0 (0x31f24413) xori    s0, tp, 799
core   0: 3 0x800023f0 (0x31f24413) x 8 0xfffffb4a
core   0: 0x800023f4 (0xd20af013) andi    zero, s5, -736
core   0: 3 0x800023f4 (0xd20af013)
core   0: 0x800023f8 (0x00000013) nop
core   0: 3 0x800023f8 (0x00000013)
core   0: 0x800023fc (0x40c65d93) srai    s11, a2, 12
core   0: 3 0x800023fc (0x40c65d93) x27 0xfffef026
core   0: 0x80002400 (0x11e4b193) sltiu   gp, s1, 286
core   0: 3 0x80002400 (0x11e4b193) x 3 0x00000000
core   0: 0x80002404 (0x412ad713) srai    a4, s5, 18
core   0: 3 0x80002404 (0x412ad713) x14 0xffffe000
core   0: 0x80002408 (0x41e15693) srai    a3, sp, 30
core   0: 3 0x80002408 (0x41e15693) x13 0xfffffffe
core   0: 0x8000240c (0x403cdbb3) sra     s7, s9, gp
core   0: 3 0x8000240c (0x403cdbb3) x23 0x00000001
core   0: 0x80002410 (0x0193d893) srli    a7, t2, 25
core   0: 3 0x80002410 (0x0193d893) x17 0x0000000c
core   0: 0x80002414 (0x00c8cdb3) xor     s11, a7, a2
core   0: 3 0x80002414 (0x00c8cdb3) x27 0xef026ae2
core   0: 0x80002418 (0x001ac1b3) xor     gp, s5, ra
core   0: 3 0x80002418 (0x001ac1b3) x 3 0xef3fcce4
core   0: 0x8000241c (0x01e2f4b3) and     s1, t0, t5
core   0: 3 0x8000241c (0x01e2f4b3) x 9 0x0243b600
core   0: 0x80002420 (0x01fd9f13) slli    t5, s11, 31
core   0: 3 0x80002420 (0x01fd9f13) x30 0x00000000
core   0: 0x80002424 (0xee473413) sltiu   s0, a4, -284
core   0: 3 0x80002424 (0xee473413) x 8 0x00000001
core   0: 0x80002428 (0x014e1433) sll     s0, t3, s4
core   0: 3 0x80002428 (0x014e1433) x 8 0x0015a900
core   0: 0x8000242c (0xec587893) andi    a7, a6, -315
core   0: 3 0x8000242c (0xec587893) x17 0x80000000
core   0: 0x80002430 (0x41e0d4b3) sra     s1, ra, t5
core   0: 3 0x80002430 (0x41e0d4b3) x 9 0x6f3e9000
core   0: 0x80002434 (0x012ee9b3) or      s3, t4, s2
core   0: 3 0x80002434 (0x012ee9b3) x19 0xffffea02
core   0: 0x80002438 (0x408987b3) sub     a5, s3, s0
core   0: 3 0x80002438 (0x408987b3) x15 0xffea4102
core   0: 0x8000243c (0x01a3eeb3) or      t4, t2, s10
core   0: 3 0x8000243c (0x01a3eeb3) x29 0xfffffa7d
core   0: 0x80002440 (0x01e91013) slli    zero, s2, 30
core   0: 3 0x80002440 (0x01e91013)
core   0: 0x80002444 (0x5765fb93) andi    s7, a1, 1398
core   0: 3 0x80002444 (0x5765fb93) x23 0x00000062
core   0: 0x80002448 (0x40d95b33) sra     s6, s2, a3
core   0: 3 0x80002448 (0x40d95b33) x22 0xffffffff
core   0: 0x8000244c (0x00b8edb3) or      s11, a7, a1
core   0: 3 0x8000244c (0x00b8edb3) x27 0xfffffa6a
core   0: 0x80002450 (0x004e0e33) add     t3, t3, tp
core   0: 3 0x80002450 (0x004e0e33) x28 0x800152e5
core   0: 0x80002454 (0x018c8033) add     zero, s9, s8
core   0: 3 0x80002454 (0x018c8033)
core   0: 0x80002458 (0xa1f87293) andi    t0, a6, -1505
core   0: 3 0x80002458 (0xa1f87293) x 5 0x80000000
core   0: 0x8000245c (0x01112933) slt     s2, sp, a7
core   0: 3 0x8000245c (0x01112933) x18 0x00000000
core   0: 0x80002460 (0x00b39bb3) sll     s7, t2, a1
core   0: 3 0x80002460 (0x00b39bb3) x23 0xec89a000
core   0: 0x80002464 (0x01db8eb3) add     t4, s7, t4
core   0: 3 0x80002464 (0x01db8eb3) x29 0xec899a7d
core   0: 0x80002468 (0x98eeaf13) slti    t5, t4, -1650
core   0: 3 0x80002468 (0x98eeaf13) x30 0x00000001
core   0: 0x8000246c (0x00703e33) snez    t3, t2
core   0: 3 0x8000246c (0x00703e33) x28 0x00000001
core   0: 0x80002470 (0x41535993) srai    s3, t1, 21
core   0: 3 0x80002470 (0x41535993) x19 0x00000000
core   0: 0x80002474 (0x011c0833) add     a6, s8, a7
core   0: 3 0x80002474 (0x011c0833) x16 0x80000000
core   0: 0x80002478 (0xf2d6cbb7) lui     s7, 0xf2d6c
core   0: 3 0x80002478 (0xf2d6cbb7) x23 0xf2d6c000
core   0: 0x8000247c (0x1c8b8b93) addi    s7, s7, 456
core   0: 3 0x8000247c (0x1c8b8b93) x23 0xf2d6c1c8
core   0: 0x80002480 (0x050aeb37) lui     s6, 0x50ae
core   0: 3 0x80002480 (0x050aeb37) x22 0x050ae000
core   0: 0x80002484 (0xd59b0b13) addi    s6, s6, -679
core   0: 3 0x80002484 (0xd59b0b13) x22 0x050add59
core   0: 0x80002488 (0x68e6d137) lui     sp, 0x68e6d
core   0: 3 0x80002488 (0x68e6d137) x 2 0x68e6d000
core   0: 0x8000248c (0xb1d10113) addi    sp, sp, -1251
core   0: 3 0x8000248c (0xb1d10113) x 2 0x68e6cb1d
core   0: 0x80002490 (0x80000fb7) lui     t6, 0x80000
core   0: 3 0x80002490 (0x80000fb7) x31 0x80000000
core   0: 0x80002494 (0x2a1089b7) lui     s3, 0x2a108
core   0: 3 0x80002494 (0x2a1089b7) x19 0x2a108000
core   0: 0x80002498 (0x42698993) addi    s3, s3, 1062
core   0: 3 0x80002498 (0x42698993) x19 0x2a108426
core   0: 0x8000249c (0xfff00d93) li      s11, -1
core   0: 3 0x8000249c (0xfff00d93) x27 0xffffffff
core   0: 0x800024a0 (0x00000e93) li      t4, 0
core   0: 3 0x800024a0 (0x00000e93) x29 0x00000000
core   0: 0x800024a4 (0x80000937) lui     s2, 0x80000
core   0: 3 0x800024a4 (0x80000937) x18 0x80000000
core   0: 0x800024a8 (0x80000737) lui     a4, 0x80000
core   0: 3 0x800024a8 (0x80000737) x14 0x80000000
core   0: 0x800024ac (0xfff00213) li      tp, -1
core   0: 3 0x800024ac (0xfff00213) x 4 0xffffffff
core   0: 0x800024b0 (0x404709b3) sub     s3, a4, tp
core   0: 3 0x800024b0 (0x404709b3) x19 0x80000001
core   0: 0x800024b4 (0xc6310213) addi    tp, sp, -925
core   0: 3 0x800024b4 (0xc6310213) x 4 0x68e6c780
core   0: 0x800024b8 (0x4c892d97) auipc   s11, 0x4c892
core   0: 3 0x800024b8 (0x4c892d97) x27 0xcc8944b8
core   0: 0x800024bc (0x00000013) nop
core   0: 3 0x800024bc (0x00000013)
core   0: 0x800024c0 (0x00000013) nop
core   0: 3 0x800024c0 (0x00000013)
core   0: 0x800024c4 (0x01220933) add     s2, tp, s2
core   0: 3 0x800024c4 (0x01220933) x18 0xe8e6c780
core   0: 0x800024c8 (0xfc5e8993) addi    s3, t4, -59
core   0: 3 0x800024c8 (0xfc5e8993) x19 0xffffffc5
core   0: 0x800024cc (0xc1c45137) lui     sp, 0xc1c45
core   0: 3 0x800024cc (0xc1c45137) x 2 0xc1c45000
core   0: 0x800024d0 (0x40ed8133) sub     sp, s11, a4
core   0: 3 0x800024d0 (0x40ed8133) x 2 0x4c8944b8
core   0: 0x800024d4 (0x00000013) nop
core   0: 3 0x800024d4 (0x00000013)
core   0: 0x800024d8 (0xe27a5bb7) lui     s7, 0xe27a5
core   0: 3 0x800024d8 (0xe27a5bb7) x23 0xe27a5000
core   0: 0x800024dc (0x41770233) sub     tp, a4, s7
core   0: 3 0x800024dc (0x41770233) x 4 0x9d85b000
core   0: 0x800024e0 (0xa21069b7) lui     s3, 0xa2106
core   0: 3 0x800024e0 (0xa21069b7) x19 0xa2106000
core   0: 0x800024e4 (0xcbe14d97) auipc   s11, 0xcbe14
core   0: 3 0x800024e4 (0xcbe14d97) x27 0x4be164e4
core   0: 0x800024e8 (0x00000013) nop
core   0: 3 0x800024e8 (0x00000013)
core   0: 0x800024ec (0x2efe7d93) andi    s11, t3, 751
core   0: 3 0x800024ec (0x2efe7d93) x27 0x00000001
core   0: 0x800024f0 (0x41145913) srai    s2, s0, 17
core   0: 3 0x800024f0 (0x41145913) x18 0x0000000a
core   0: 0x800024f4 (0x01a1fbb3) and     s7, gp, s10
core   0: 3 0x800024f4 (0x01a1fbb3) x23 0xef3fc844
core   0: 0x800024f8 (0x6f0b2813) slti    a6, s6, 1776
core   0: 3 0x800024f8 (0x6f0b2813) x16 0x00000000
core   0: 0x800024fc (0x40755e33) sra     t3, a0, t2
core   0: 3 0x800024fc (0x40755e33) x28 0xffef026f
core   0: 0x80002500 (0x0055d9b3) srl     s3, a1, t0
core   0: 3 0x80002500 (0x0055d9b3) x19 0xfffffa6a
core   0: 0x80002504 (0xe7a36317) auipc   t1, 0xe7a36
core   0: 3 0x80002504 (0xe7a36317) x 6 0x67a38504
core   0: 0x80002508 (0x015b2bb3) slt     s7, s6, s5
core   0: 3 0x80002508 (0x015b2bb3) x23 0x00000000
core   0: 0x8000250c (0x00fdd333) srl     t1, s11, a5
core   0: 3 0x8000250c (0x00fdd333) x 6 0x00000000
core   0: 0x80002510 (0x00331e93) slli    t4, t1, 3
core   0: 3 0x80002510 (0x00331e93) x29 0x00000000
core   0: 0x80002514 (0x00751e33) sll     t3, a0, t2
core   0: 3 0x80002514 (0x00751e33) x28 0x026ffe00
core   0: 0x80002518 (0xa7edb193) sltiu   gp, s11, -1410
core   0: 3 0x80002518 (0xa7edb193) x 3 0x00000001
core   0: 0x8000251c (0x41a50b33) sub     s6, a0, s10
core   0: 3 0x8000251c (0x41a50b33) x22 0xef0277a9
core   0: 0x80002520 (0x00d4d8b3) srl     a7, s1, a3
core   0: 3 0x80002520 (0x00d4d8b3) x17 0x00000001
core   0: 0x80002524 (0x013d5993) srli    s3, s10, 19
core   0: 3 0x80002524 (0x013d5993) x19 0x00001fff
core   0: 0x80002528 (0xc09458b7) lui     a7, 0xc0945
core   0: 3 0x80002528 (0xc09458b7) x17 0xc0945000
core   0: 0x8000252c (0x00d71f33) sll     t5, a4, a3
core   0: 3 0x8000252c (0x00d71f33) x30 0x00000000
core   0: 0x80002530 (0x005d35b3) sltu    a1, s10, t0
core   0: 3 0x80002530 (0x005d35b3) x11 0x00000000
core   0: 0x80002534 (0x4003d4b3) sra     s1, t2, zero
core   0: 3 0x80002534 (0x4003d4b3) x 9 0x187b2268
core   0: 0x80002538 (0x20b84b13) xori    s6, a6, 523
core   0: 3 0x80002538 (0x20b84b13) x22 0x0000020b
core   0: 0x8000253c (0x00bbd2b3) srl     t0, s7, a1
core   0: 3 0x8000253c (0x00bbd2b3) x 5 0x00000000
core   0: 0x80002540 (0xfb373193) sltiu   gp, a4, -77
core   0: 3 0x80002540 (0xfb373193) x 3 0x00000001
core   0: 0x80002544 (0x2d8e1497) auipc   s1, 0x2d8e1
core   0: 3 0x80002544 (0x2d8e1497) x 9 0xad8e3544
core   0: 0x80002548 (0x00000013) nop
core   0: 3 0x80002548 (0x00000013)
core   0: 0x8000254c (0x416ad193) srai    gp, s5, 22
core   0: 3 0x8000254c (0x416ad193) x 3 0xfffffe00
core   0: 0x80002550 (0x9f4530b7) lui     ra, 0x9f453
core   0: 3 0x80002550 (0x9f4530b7) x 1 0x9f453000
core   0: 0x80002554 (0x406ae817) auipc   a6, 0x406ae
core   0: 3 0x80002554 (0x406ae817) x16 0xc06b0554
core   0: 0x80002558 (0x407a5433) sra     s0, s4, t2
core   0: 3 0x80002558 (0x407a5433) x 8 0xff80011e
core   0: 0x8000255c (0x8a3c7f13) andi    t5, s8, -1885
core   0: 3 0x8000255c (0x8a3c7f13) x30 0x00000000
core   0: 0x80002560 (0x4ef68393) addi    t2, a3, 1263
core   0: 3 0x80002560 (0x4ef68393) x 7 0x000004ed
core   0: 0x80002564 (0x40f10fb3) sub     t6, sp, a5
core   0: 3 0x80002564 (0x40f10fb3) x31 0x4c9f03b6
core   0: 0x80002568 (0x20424193) xori    gp, tp, 516
core   0: 3 0x80002568 (0x20424193) x 3 0x9d85b204
core   0: 0x8000256c (0x01289893) slli    a7, a7, 18
core   0: 3 0x8000256c (0x01289893) x17 0x40000000
core   0: 0x80002570 (0x41aad6b3) sra     a3, s5, s10
core   0: 3 0x80002570 (0x41aad6b3) x13 0xfffffc00
core   0: 0x80002574 (0x014fab33) slt     s6, t6, s4
core   0: 3 0x80002574 (0x014fab33) x22 0x00000000
core   0: 0x80002578 (0x01d4f033) and     zero, s1, t4
core   0: 3 0x80002578 (0x01d4f033)
core   0: 0x8000257c (0x00000013) nop
core   0: 3 0x8000257c (0x00000013)
core   0: 0x80002580 (0x7227c913) xori    s2, a5, 1826
core   0: 3 0x80002580 (0x7227c913) x18 0xffea4620
core   0: 0x80002584 (0x777a0eb7) lui     t4, 0x777a0
core   0: 3 0x80002584 (0x777a0eb7) x29 0x777a0000
core   0: 0x80002588 (0x012518b3) sll     a7, a0, s2
core   0: 3 0x80002588 (0x012518b3) x17 0xef026ffe
core   0: 0x8000258c (0x0118ee33) or      t3, a7, a7
core   0: 3 0x8000258c (0x0118ee33) x28 0xef026ffe
core   0: 0x80002590 (0x279ea893) slti    a7, t4, 633
core   0: 3 0x80002590 (0x279ea893) x17 0x00000000
core   0: 0x80002594 (0x01fbbd33) sltu    s10, s7, t6
core   0: 3 0x80002594 (0x01fbbd33) x26 0x00000001
core   0: 0x80002598 (0x00cad013) srli    zero, s5, 12
core   0: 3 0x80002598 (0x00cad013)
core   0: 0x8000259c (0x77daf693) andi    a3, s5, 1917
core   0: 3 0x8000259c (0x77daf693) x13 0x00000464
core   0: 0x800025a0 (0x008a8e33) add     t3, s5, s0
core   0: 3 0x800025a0 (0x008a8e33) x28 0x7f815e02
core   0: 0x800025a4 (0x010ca3b3) slt     t2, s9, a6
core   0: 3 0x800025a4 (0x010ca3b3) x 7 0x00000000
core   0: 0x800025a8 (0x01361bb3) sll     s7, a2, s3
core   0: 3 0x800025a8 (0x01361bb3) x23 0x00000000
core   0: 0x800025ac (0x324cee13) ori     t3, s9, 804
core   0: 3 0x800025ac (0x324cee13) x28 0x00000325
core   0: 0x800025b0 (0xed4dcf97) auipc   t6, 0xed4dc
core   0: 3 0x800025b0 (0xed4dcf97) x31 0x6d4de5b0
core   0: 0x800025b4 (0x00ece9b3) or      s3, s9, a4
core   0: 3 0x800025b4 (0x00ece9b3) x19 0x80000001
core   0: 0x800025b8 (0x019de6b3) or      a3, s11, s9
core   0: 3 0x800025b8 (0x019de6b3) x13 0x00000001
core   0: 0x800025bc (0xc2cdf493) andi    s1, s11, -980
core   0: 3 0x800025bc (0xc2cdf493) x 9 0x00000000
core   0: 0x800025c0 (0x00b29833) sll     a6, t0, a1
core   0: 3 0x800025c0 (0x00b29833) x16 0x00000000
core   0: 0x800025c4 (0x40965733) sra     a4, a2, s1
core   0: 3 0x800025c4 (0x40965733) x14 0xef026aee
core   0: 0x800025c8 (0x4e17cb37) lui     s6, 0x4e17c
core   0: 3 0x800025c8 (0x4e17cb37) x22 0x4e17c000
core   0: 0x800025cc (0xaea46993) ori     s3, s0, -1302
core   0: 3 0x800025cc (0xaea46993) x19 0xfffffbfe
core   0: 0x800025d0 (0x010c1433) sll     s0, s8, a6
core   0: 3 0x800025d0 (0x010c1433) x 8 0x00000000
core   0: 0x800025d4 (0x00d29213) slli    tp, t0, 13
core   0: 3 0x800025d4 (0x00d29213) x 4 0x00000000
core   0: 0x800025d8 (0x992da213) slti    tp, s11, -1646
core   0: 3 0x800025d8 (0x992da213) x 4 0x00000000
core   0: 0x800025dc (0xe3e5fe93) andi    t4, a1, -450
core   0: 3 0x800025dc (0xe3e5fe93) x29 0x00000000
core   0: 0x800025e0 (0xeec87893) andi    a7, a6, -276
core   0: 3 0x800025e0 (0xeec87893) x17 0x00000000
core   0: 0x800025e4 (0x000656b3) srl     a3, a2, zero
core   0: 3 0x800025e4 (0x000656b3) x13 0xef026aee
core   0: 0x800025e8 (0x5cdfc893) xori    a7, t6, 1485
core   0: 3 0x800025e8 (0x5cdfc893) x17 0x6d4de07d
core   0: 0x800025ec (0x006d3933) sltu    s2, s10, t1
core   0: 3 0x800025ec (0x006d3933) x18 0x00000000
core   0: 0x800025f0 (0xd2aebe93) sltiu   t4, t4, -726
core   0: 3 0x800025f0 (0xd2aebe93) x29 0x00000001
core   0: 0x800025f4 (0x0087edb3) or      s11, a5, s0
core   0: 3 0x800025f4 (0x0087edb3) x27 0xffea4102
core   0: 0x800025f8 (0x006e9e13) slli    t3, t4, 6
core   0: 3 0x800025f8 (0x006e9e13) x28 0x00000040
core   0: 0x800025fc (0xd7f1be93) sltiu   t4, gp, -641
core   0: 3 0x800025fc (0xd7f1be93) x29 0x00000001
core   0: 0x80002600 (0x01f85f33) srl     t5, a6, t6
core   0: 3 0x80002600 (0x01f85f33) x30 0x00000000
core   0: 0x80002604 (0x41aed233) sra     tp, t4, s10
core   0: 3 0x80002604 (0x41aed233) x 4 0x00000000
core   0: 0x80002608 (0x547e70b7) lui     ra, 0x547e7
core   0: 3 0x80002608 (0x547e70b7) x 1 0x547e7000
core   0: 0x8000260c (0xfe0a0c13) addi    s8, s4, -32
core   0: 3 0x8000260c (0xfe0a0c13) x24 0x80011e44
core   0: 0x80002610 (0x9a1f7393) andi    t2, t5, -1631
core   0: 3 0x80002610 (0x9a1f7393) x 7 0x00000000
core   0: 0x80002614 (0x4116d993) srai    s3, a3, 17
core   0: 3 0x80002614 (0x4116d993) x19 0xfffff781
core   0: 0x80002618 (0x00bd61b3) or      gp, s10, a1
core   0: 3 0x80002618 (0x00bd61b3) x 3 0x00000001
core   0: 0x8000261c (0x4007d793) srai    a5, a5, 0
core   0: 3 0x8000261c (0x4007d793) x15 0xffea4102
core   0: 0x80002620 (0xcc0acd97) auipc   s11, 0xcc0ac
core   0: 3 0x80002620 (0xcc0acd97) x27 0x4c0ae620
core   0: 0x80002624 (0x01f872b3) and     t0, a6, t6
core   0: 3 0x80002624 (0x01f872b3) x 5 0x00000000
core   0: 0x80002628 (0x0008d293) srli    t0, a7, 0
core   0: 3 0x80002628 (0x0008d293) x 5 0x6d4de07d
core   0: 0x8000262c (0x006d9eb3) sll     t4, s11, t1
core   0: 3 0x8000262c (0x006d9eb3) x29 0x4c0ae620
core   0: 0x80002630 (0x4086d533) sra     a0, a3, s0
core   0: 3 0x80002630 (0x4086d533) x10 0xef026aee
core   0: 0x80002634 (0x00159e13) slli    t3, a1, 1
core   0: 3 0x80002634 (0x00159e13) x28 0x00000000
core   0: 0x80002638 (0x9716f313) andi    t1, a3, -1679
core   0: 3 0x80002638 (0x9716f313) x 6 0xef026860
core   0: 0x8000263c (0x4005de13) srai    t3, a1, 0
core   0: 3 0x8000263c (0x4005de13) x28 0x00000000
core   0: 0x80002640 (0xf425e413) ori     s0, a1, -190
core   0: 3 0x80002640 (0xf425e413) x 8 0xffffff42
core   0: 0x80002644 (0x01cdd533) srl     a0, s11, t3
core   0: 3 0x80002644 (0x01cdd533) x10 0x4c0ae620
core   0: 0x80002648 (0x001c1233) sll     tp, s8, ra
core   0: 3 0x80002648 (0x001c1233) x 4 0x80011e44
core   0: 0x8000264c (0x419302b3) sub     t0, t1, s9
core   0: 3 0x8000264c (0x419302b3) x 5 0xef02685f
core   0: 0x80002650 (0x019595b3) sll     a1, a1, s9
core   0: 3 0x80002650 (0x019595b3) x11 0x00000000
core   0: 0x80002654 (0x006398b3) sll     a7, t2, t1
core   0: 3 0x80002654 (0x006398b3) x17 0x00000000
core   0: 0x80002658 (0x01d75e93) srli    t4, a4, 29
core   0: 3 0x80002658 (0x01d75e93) x29 0x00000007
core   0: 0x8000265c (0x00085393) srli    t2, a6, 0
core   0: 3 0x8000265c (0x00085393) x 7 0x00000000
core   0: 0x80002660 (0x00aa1933) sll     s2, s4, a0
core   0: 3 0x80002660 (0x00aa1933) x18 0x80011e64
core   0: 0x80002664 (0x00c0d713) srli    a4, ra, 12
core   0: 3 0x80002664 (0x00c0d713) x14 0x000547e7
core   0: 0x80002668 (0x01deef33) or      t5, t4, t4
core   0: 3 0x80002668 (0x01deef33) x30 0x00000007
core   0: 0x8000266c (0x011d0733) add     a4, s10, a7
core   0: 3 0x8000266c (0x011d0733) x14 0x00000001
core   0: 0x80002670 (0x003cb1b3) sltu    gp, s9, gp
core   0: 3 0x80002670 (0x003cb1b3) x 3 0x00000000
core   0: 0x80002674 (0x2f21d817) auipc   a6, 0x2f21d
core   0: 3 0x80002674 (0x2f21d817) x16 0xaf21f674
core   0: 0x80002678 (0x00b035b3) snez    a1, a1
core   0: 3 0x80002678 (0x00b035b3) x11 0x00000000
core   0: 0x8000267c (0x5f8a2213) slti    tp, s4, 1528
core   0: 3 0x8000267c (0x5f8a2213) x 4 0x00000001
core   0: 0x80002680 (0x0f68b793) sltiu   a5, a7, 246
core   0: 3 0x80002680 (0x0f68b793) x15 0x00000001
core   0: 0x80002684 (0x00da89b3) add     s3, s5, a3
core   0: 3 0x80002684 (0x00da89b3) x19 0x6f03c7d2
core   0: 0x80002688 (0x0111fe33) and     t3, gp, a7
core   0: 3 0x80002688 (0x0111fe33) x28 0x00000000
core   0: 0x8000268c (0x41bf5d13) srai    s10, t5, 27
core   0: 3 0x8000268c (0x41bf5d13) x26 0x00000000
core   0: 0x80002690 (0xb4147213) andi    tp, s0, -1215
core   0: 3 0x80002690 (0xb4147213) x 4 0xfffffb40
core   0: 0x80002694 (0xa1b8e937) lui     s2, 0xa1b8e
core   0: 3 0x80002694 (0xa1b8e937) x18 0xa1b8e000
core   0: 0x80002698 (0x43a0b793) sltiu   a5, ra, 1082
core   0: 3 0x80002698 (0x43a0b793) x15 0x00000000
core   0: 0x8000269c (0x9cfa0d93) addi    s11, s4, -1585
core   0: 3 0x8000269c (0x9cfa0d93) x27 0x80011833
core   0: 0x800026a0 (0x00405893) srli    a7, zero, 4
core   0: 3 0x800026a0 (0x00405893) x17 0x00000000
core   0: 0x800026a4 (0x0132fc33) and     s8, t0, s3
core   0: 3 0x800026a4 (0x0132fc33) x24 0x6f024052
core   0: 0x800026a8 (0xbe944d13) xori    s10, s0, -1047
core   0: 3 0x800026a8 (0xbe944d13) x26 0x000004ab
core   0: 0x800026ac (0xe56dc313) xori    t1, s11, -426
core   0: 3 0x800026ac (0xe56dc313) x 6 0x7ffee665
core   0: 0x800026b0 (0x00000013) nop
core   0: 3 0x800026b0 (0x00000013)
core   0: 0x800026b4 (0x00345b13) srli    s6, s0, 3
core   0: 3 0x800026b4 (0x00345b13) x22 0x1fffffe8
core   0: 0x800026b8 (0x01dc31b3) sltu    gp, s8, t4
core   0: 3 0x800026b8 (0x01dc31b3) x 3 0x00000000
core   0: 0x800026bc (0x017248b3) xor     a7, tp, s7
core   0: 3 0x800026bc (0x017248b3) x17 0xfffffb40
core   0: 0x800026c0 (0x41d85e93) srai    t4, a6, 29
core   0: 3 0x800026c0 (0x41d85e93) x29 0xfffffffd
core   0: 0x800026c4 (0x01112833) slt     a6, sp, a7
core   0: 3 0x800026c4 (0x01112833) x16 0x00000000
core   0: 0x800026c8 (0x01d82533) slt     a0, a6, t4
core   0: 3 0x800026c8 (0x01d82533) x10 0x00000000
core   0: 0x800026cc (0x01747533) and     a0, s0, s7
core   0: 3 0x800026cc (0x01747533) x10 0x00000000
core   0: 0x800026d0 (0x007efc33) and     s8, t4, t2
core   0: 3 0x800026d0 (0x007efc33) x24 0x00000000
core   0: 0x800026d4 (0x4c52f793) andi    a5, t0, 1221
core   0: 3 0x800026d4 (0x4c52f793) x15 0x00000045
core   0: 0x800026d8 (0x40d40733) sub     a4, s0, a3
core   0: 3 0x800026d8 (0x40d40733) x14 0x10fd9454
core   0: 0x800026dc (0x01061033) sll     zero, a2, a6
core   0: 3 0x800026dc (0x01061033)
core   0: 0x800026e0 (0x00000013) nop
core   0: 3 0x800026e0 (0x00000013)
core   0: 0x800026e4 (0x0155d093) srli    ra, a1, 21
core   0: 3 0x800026e4 (0x0155d093) x 1 0x00000000
core   0: 0x800026e8 (0x002f8d93) addi    s11, t6, 2
core   0: 3 0x800026e8 (0x002f8d93) x27 0x6d4de5b2
core   0: 0x800026ec (0x007187b3) add     a5, gp, t2
core   0: 3 0x800026ec (0x007187b3) x15 0x00000000
core   0: 0x800026f0 (0x923fa713) slti    a4, t6, -1757
core   0: 3 0x800026f0 (0x923fa713) x14 0x00000000
core   0: 0x800026f4 (0x405bdd93) srai    s11, s7, 5
core   0: 3 0x800026f4 (0x405bdd93) x27 0x00000000
core   0: 0x800026f8 (0x007414b3) sll     s1, s0, t2
core   0: 3 0x800026f8 (0x007414b3) x 9 0xffffff42
core   0: 0x800026fc (0x982dcc13) xori    s8, s11, -1662
core   0: 3 0x800026fc (0x982dcc13) x24 0xfffff982
core   0: 0x80002700 (0x416bd193) srai    gp, s7, 22
core   0: 3 0x80002700 (0x416bd193) x 3 0x00000000
core   0: 0x80002704 (0x00b4cd33) xor     s10, s1, a1
core   0: 3 0x80002704 (0x00b4cd33) x26 0xffffff42
core   0: 0x80002708 (0x094f0393) addi    t2, t5, 148
core   0: 3 0x80002708 (0x094f0393) x 7 0x0000009b
core   0: 0x8000270c (0xaceb7b93) andi    s7, s6, -1330
core   0: 3 0x8000270c (0xaceb7b93) x23 0x1ffffac8
core   0: 0x80002710 (0x2b940337) lui     t1, 0x2b940
core   0: 3 0x80002710 (0x2b940337) x 6 0x2b940000
core   0: 0x80002714 (0x011518b3) sll     a7, a0, a7
core   0: 3 0x80002714 (0x011518b3) x17 0x00000000
core   0: 0x80002718 (0x40f65713) srai    a4, a2, 15
core   0: 3 0x80002718 (0x40f65713) x14 0xffffde04
core   0: 0x8000271c (0x009f5293) srli    t0, t5, 9
core   0: 3 0x8000271c (0x009f5293) x 5 0x00000000
core   0: 0x80002720 (0x405158b3) sra     a7, sp, t0
core   0: 3 0x80002720 (0x405158b3) x17 0x4c8944b8
core   0: 0x80002724 (0x41acd2b3) sra     t0, s9, s10
core   0: 3 0x80002724 (0x41acd2b3) x 5 0x00000000
core   0: 0x80002728 (0x403e5113) srai    sp, t3, 3
core   0: 3 0x80002728 (0x403e5113) x 2 0x00000000
core   0: 0x8000272c (0x60e13213) sltiu   tp, sp, 1550
core   0: 3 0x8000272c (0x60e13213) x 4 0x00000001
core   0: 0x80002730 (0x85067c93) andi    s9, a2, -1968
core   0: 3 0x80002730 (0x85067c93) x25 0xef026840
core   0: 0x80002734 (0x3abb8993) addi    s3, s7, 939
core   0: 3 0x80002734 (0x3abb8993) x19 0x1ffffe73
core   0: 0x80002738 (0x6212e313) ori     t1, t0, 1569
core   0: 3 0x80002738 (0x6212e313) x 6 0x00000621
core   0: 0x8000273c (0x40e9d693) srai    a3, s3, 14
core   0: 3 0x8000273c (0x40e9d693) x13 0x00007fff
core   0: 0x80002740 (0x97edaeb7) lui     t4, 0x97eda
core   0: 3 0x80002740 (0x97edaeb7) x29 0x97eda000
core   0: 0x80002744 (0x01d0ae33) slt     t3, ra, t4
core   0: 3 0x80002744 (0x01d0ae33) x28 0x00000000
core   0: 0x80002748 (0x0161a5b3) slt     a1, gp, s6
core   0: 3 0x80002748 (0x0161a5b3) x11 0x00000001
core   0: 0x8000274c (0x73e14593) xori    a1, sp, 1854
core   0: 3 0x8000274c (0x73e14593) x11 0x0000073e
core   0: 0x80002750 (0x0064ed33) or      s10, s1, t1
core   0: 3 0x80002750 (0x0064ed33) x26 0xffffff63
core   0: 0x80002754 (0x01790cb3) add     s9, s2, s7
core   0: 3 0x80002754 (0x01790cb3) x25 0xc1b8dac8
core   0: 0x80002758 (0x41f8d333) sra     t1, a7, t6
core   0: 3 0x80002758 (0x41f8d333) x 6 0x00004c89
core   0: 0x8000275c (0x00478d33) add     s10, a5, tp
core   0: 3 0x8000275c (0x00478d33) x26 0x00000001
core   0: 0x80002760 (0xc64ef893) andi    a7, t4, -924
core   0: 3 0x80002760 (0xc64ef893) x17 0x97eda000
core   0: 0x80002764 (0x410907b3) sub     a5, s2, a6
core   0: 3 0x80002764 (0x410907b3) x15 0xa1b8e000
core   0: 0x80002768 (0x3ba27093) andi    ra, tp, 954
core   0: 3 0x80002768 (0x3ba27093) x 1 0x00000000
core   0: 0x8000276c (0x00000013) nop
core   0: 3 0x8000276c (0x00000013)
core   0: 0x80002770 (0x41e88c33) sub     s8, a7, t5
core   0: 3 0x80002770 (0x41e88c33) x24 0x97ed9ff9
core   0: 0x80002774 (0x01299213) slli    tp, s3, 18
core   0: 3 0x80002774 (0x01299213) x 4 0xf9cc0000
core   0: 0x80002778 (0x004fd233) srl     tp, t6, tp
core   0: 3 0x80002778 (0x004fd233) x 4 0x6d4de5b0
core   0: 0x8000277c (0xbeed2693) slti    a3, s10, -1042
core   0: 3 0x8000277c (0xbeed2693) x13 0x00000000
core   0: 0x80002780 (0x00461f33) sll     t5, a2, tp
core   0: 3 0x80002780 (0x00461f33) x30 0x6aee0000
core   0: 0x80002784 (0xaebce113) ori     sp, s9, -1301
core   0: 3 0x80002784 (0xaebce113) x 2 0xfffffaeb
core   0: 0x80002788 (0xbad58313) addi    t1, a1, -1107
core   0: 3 0x80002788 (0xbad58313) x 6 0x000002eb
core   0: 0x8000278c (0x011a4233) xor     tp, s4, a7
core   0: 3 0x8000278c (0x011a4233) x 4 0x17ecbe64
core   0: 0x80002790 (0x01f5b333) sltu    t1, a1, t6
core   0: 3 0x80002790 (0x01f5b333) x 6 0x00000001
core   0: 0x80002794 (0x0fd90893) addi    a7, s2, 253
core   0: 3 0x80002794 (0x0fd90893) x17 0xa1b8e0fd
core   0: 0x80002798 (0x0008c333) xor     t1, a7, zero
core   0: 3 0x80002798 (0x0008c333) x 6 0xa1b8e0fd
core   0: 0x8000279c (0x3c58b713) sltiu   a4, a7, 965
core   0: 3 0x8000279c (0x3c58b713) x14 0x00000000
core   0: 0x800027a0 (0xdb13c493) xori    s1, t2, -591
core   0: 3 0x800027a0 (0xdb13c493) x 9 0xfffffd2a
core   0: 0x800027a4 (0x003c6bb3) or      s7, s8, gp
core   0: 3 0x800027a4 (0x003c6bb3) x23 0x97ed9ff9
core   0: 0x800027a8 (0x009ad813) srli    a6, s5, 9
core   0: 3 0x800027a8 (0x009ad813) x16 0x004000ae
core   0: 0x800027ac (0x1cc5ed93) ori     s11, a1, 460
core   0: 3 0x800027ac (0x1cc5ed93) x27 0x000007fe
core   0: 0x800027b0 (0xe2427393) andi    t2, tp, -476
core   0: 3 0x800027b0 (0xe2427393) x 7 0x17ecbe24
core   0: 0x800027b4 (0x6335bb93) sltiu   s7, a1, 1587
core   0: 3 0x800027b4 (0x6335bb93) x23 0x00000000
core   0: 0x800027b8 (0xe7134b13) xori    s6, t1, -399
core   0: 3 0x800027b8 (0xe7134b13) x22 0x5e471e8c
core   0: 0x800027bc (0xf0caf713) andi    a4, s5, -244
core   0: 3 0x800027bc (0xf0caf713) x14 0x80015c04
core   0: 0x800027c0 (0xe283f513) andi    a0, t2, -472
core   0: 3 0x800027c0 (0xe283f513) x10 0x17ecbe20
core   0: 0x800027c4 (0x5bdd0593) addi    a1, s10, 1469
core   0: 3 0x800027c4 (0x5bdd0593) x11 0x000005be
core   0: 0x800027c8 (0xdd682193) slti    gp, a6, -554
core   0: 3 0x800027c8 (0xdd682193) x 3 0x00000000
core   0: 0x800027cc (0x63bb7b93) andi    s7, s6, 1595
core   0: 3 0x800027cc (0x63bb7b93) x23 0x00000608
core   0: 0x800027d0 (0x00904c33) xor     s8, zero, s1
core   0: 3 0x800027d0 (0x00904c33) x24 0xfffffd2a
core   0: 0x800027d4 (0x4fade217) auipc   tp, 0x4fade
core   0: 3 0x800027d4 (0x4fade217) x 4 0xcfae07d4
core   0: 0x800027d8 (0x0515c897) auipc   a7, 0x515c
core   0: 3 0x800027d8 (0x0515c897) x17 0x8515e7d8
core   0: 0x800027dc (0xd2b50413) addi    s0, a0, -725
core   0: 3 0x800027dc (0xd2b50413) x 8 0x17ecbb4b
core   0: 0x800027e0 (0x006a66b3) or      a3, s4, t1
core   0: 3 0x800027e0 (0x006a66b3) x13 0xa1b9fefd
core   0: 0x800027e4 (0x818afb13) andi    s6, s5, -2024
core   0: 3 0x800027e4 (0x818afb13) x22 0x80015800
core   0: 0x800027e8 (0x6a697113) andi    sp, s2, 1702
core   0: 3 0x800027e8 (0x6a697113) x 2 0x00000000
core   0: 0x800027ec (0x0a04e813) ori     a6, s1, 160
core   0: 3 0x800027ec (0x0a04e813) x16 0xfffffdaa
core   0: 0x800027f0 (0x01718833) add     a6, gp, s7
core   0: 3 0x800027f0 (0x01718833) x16 0x00000608
core   0: 0x800027f4 (0x00000013) nop
core   0: 3 0x800027f4 (0x00000013)
core   0: 0x800027f8 (0x01ad5813) srli    a6, s10, 26
core   0: 3 0x800027f8 (0x01ad5813) x16 0x00000000
core   0: 0x800027fc (0x010ab1b3) sltu    gp, s5, a6
core   0: 3 0x800027fc (0x010ab1b3) x 3 0x00000000
core   0: 0x80002800 (0x4050db93) srai    s7, ra, 5
core   0: 3 0x80002800 (0x4050db93) x23 0x00000000
core   0: 0x80002804 (0x00000013) nop
core   0: 3 0x80002804 (0x00000013)
core   0: 0x80002808 (0x00bf8833) add     a6, t6, a1
core   0: 3 0x80002808 (0x00bf8833) x16 0x6d4deb6e
core   0: 0x8000280c (0xcba1a013) slti    zero, gp, -838
core   0: 3 0x8000280c (0xcba1a013)
core   0: 0x80002810 (0x41ed5f13) srai    t5, s10, 30
core   0: 3 0x80002810 (0x41ed5f13) x30 0x00000000
core   0: 0x80002814 (0x2fde4993) xori    s3, t3, 765
core   0: 3 0x80002814 (0x2fde4993) x19 0x000002fd
core   0: 0x80002818 (0x3633ef93) ori     t6, t2, 867
core   0: 3 0x80002818 (0x3633ef93) x31 0x17ecbf67
core   0: 0x8000281c (0x24dbfb13) andi    s6, s7, 589
core   0: 3 0x8000281c (0x24dbfb13) x22 0x00000000
core   0: 0x80002820 (0x40b453b3) sra     t2, s0, a1
core   0: 3 0x80002820 (0x40b453b3) x 7 0x00000000
core   0: 0x80002824 (0x009c9533) sll     a0, s9, s1
core   0: 3 0x80002824 (0x009c9533) x10 0xe36b2000
core   0: 0x80002828 (0x862e2b13) slti    s6, t3, -1950
core   0: 3 0x80002828 (0x862e2b13) x22 0x00000000
core   0: 0x8000282c (0x40b88bb3) sub     s7, a7, a1
core   0: 3 0x8000282c (0x40b88bb3) x23 0x8515e21a
core   0: 0x80002830 (0x00a2d993) srli    s3, t0, 10
core   0: 3 0x80002830 (0x00a2d993) x19 0x00000000
core   0: 0x80002834 (0x01db1993) slli    s3, s6, 29
core   0: 3 0x80002834 (0x01db1993) x19 0x00000000
core   0: 0x80002838 (0x01721913) slli    s2, tp, 23
core   0: 3 0x80002838 (0x01721913) x18 0xea000000
core   0: 0x8000283c (0x415757b3) sra     a5, a4, s5
core   0: 3 0x8000283c (0x415757b3) x15 0xf80015c0
core   0: 0x80002840 (0x009a0d33) add     s10, s4, s1
core   0: 3 0x80002840 (0x009a0d33) x26 0x80011b8e
core   0: 0x80002844 (0xc7ef5217) auipc   tp, 0xc7ef5
core   0: 3 0x80002844 (0xc7ef5217) x 4 0x47ef7844
core   0: 0x80002848 (0x0069ccb3) xor     s9, s3, t1
core   0: 3 0x80002848 (0x0069ccb3) x25 0xa1b8e0fd
core   0: 0x8000284c (0x01c66cb3) or      s9, a2, t3
core   0: 3 0x8000284c (0x01c66cb3) x25 0xef026aee
core   0: 0x80002850 (0xa0720113) addi    sp, tp, -1529
core   0: 3 0x80002850 (0xa0720113) x 2 0x47ef724b
core   0: 0x80002854 (0x41275433) sra     s0, a4, s2
core   0: 3 0x80002854 (0x41275433) x 8 0x80015c04
core   0: 0x80002858 (0x404cd6b3) sra     a3, s9, tp
core   0: 3 0x80002858 (0x404cd6b3) x13 0xfef026ae
core   0: 0x8000285c (0x6085e293) ori     t0, a1, 1544
core   0: 3 0x8000285c (0x6085e293) x 5 0x000007be
core   0: 0x80002860 (0x97c10e37) lui     t3, 0x97c10
core   0: 3 0x80002860 (0x97c10e37) x28 0x97c10000
core   0: 0x80002864 (0x00158133) add     sp, a1, ra
core   0: 3 0x80002864 (0x00158133) x 2 0x000005be
core   0: 0x80002868 (0x01a60bb3) add     s7, a2, s10
core   0: 3 0x80002868 (0x01a60bb3) x23 0x6f03867c
core   0: 0x8000286c (0xa8efbe93) sltiu   t4, t6, -1394
core   0: 3 0x8000286c (0xa8efbe93) x29 0x00000001
core   0: 0x80002870 (0x004a66b3) or      a3, s4, tp
core   0: 3 0x80002870 (0x004a66b3) x13 0xc7ef7e64
core   0: 0x80002874 (0x711e6313) ori     t1, t3, 1809
core   0: 3 0x80002874 (0x711e6313) x 6 0x97c10711
core   0: 0x80002878 (0x009c6833) or      a6, s8, s1
core   0: 3 0x80002878 (0x009c6833) x16 0xfffffd2a
core   0: 0x8000287c (0x01cf9393) slli    t2, t6, 28
core   0: 3 0x8000287c (0x01cf9393) x 7 0x70000000
core   0: 0x80002880 (0xee673e13) sltiu   t3, a4, -282
core   0: 3 0x80002880 (0xee673e13) x28 0x00000001
core   0: 0x80002884 (0x40940d33) sub     s10, s0, s1
core   0: 3 0x80002884 (0x40940d33) x26 0x80015eda
core   0: 0x80002888 (0x2ef54393) xori    t2, a0, 751
core   0: 3 0x80002888 (0x2ef54393) x 7 0xe36b22ef
core   0: 0x8000288c (0xb8d10e13) addi    t3, sp, -1139
core   0: 3 0x8000288c (0xb8d10e13) x28 0x0000014b
core   0: 0x80002890 (0x510f2cb7) lui     s9, 0x510f2
core   0: 3 0x80002890 (0x510f2cb7) x25 0x510f2000
core   0: 0x80002894 (0xbc610fb7) lui     t6, 0xbc610
core   0: 3 0x80002894 (0xbc610fb7) x31 0xbc610000
core   0: 0x80002898 (0x00000013) nop
core   0: 3 0x80002898 (0x00000013)
core   0: 0x8000289c (0xd3d38993) addi    s3, t2, -707
core   0: 3 0x8000289c (0xd3d38993) x19 0xe36b202c
core   0: 0x800028a0 (0xdf436893) ori     a7, t1, -524
core   0: 3 0x800028a0 (0xdf436893) x17 0xfffffff5
core   0: 0x800028a4 (0x6c944393) xori    t2, s0, 1737
core   0: 3 0x800028a4 (0x6c944393) x 7 0x80015acd
core   0: 0x800028a8 (0x9633ec93) ori     s9, t2, -1693
core   0: 3 0x800028a8 (0x9633ec93) x25 0xfffffbef
core   0: 0x800028ac (0x006eceb3) xor     t4, t4, t1
core   0: 3 0x800028ac (0x006eceb3) x29 0x97c10710
core   0: 0x800028b0 (0x00b42b33) slt     s6, s0, a1
core   0: 3 0x800028b0 (0x00b42b33) x22 0x00000001
core   0: 0x800028b4 (0x0025c6b3) xor     a3, a1, sp
core   0: 3 0x800028b4 (0x0025c6b3) x13 0x00000000
core   0: 0x800028b8 (0x008b01b3) add     gp, s6, s0
core   0: 3 0x800028b8 (0x008b01b3) x 3 0x80015c05
core   0: 0x800028bc (0x000208b3) add     a7, tp, zero
core   0: 3 0x800028bc (0x000208b3) x17 0x47ef7844
core   0: 0x800028c0 (0x7f207013) andi    zero, zero, 2034
core   0: 3 0x800028c0 (0x7f207013)
core   0: 0x800028c4 (0x6b8f0213) addi    tp, t5, 1720
core   0: 3 0x800028c4 (0x6b8f0213) x 4 0x000006b8
core   0: 0x800028c8 (0x00699833) sll     a6, s3, t1
core   0: 3 0x800028c8 (0x00699833) x16 0x40580000
core   0: 0x800028cc (0x01a50433) add     s0, a0, s10
core   0: 3 0x800028cc (0x01a50433) x 8 0x636c7eda
core   0: 0x800028d0 (0x837cf113) andi    sp, s9, -1993
core   0: 3 0x800028d0 (0x837cf113) x 2 0xfffff827
core   0: 0x800028d4 (0x01a8d593) srli    a1, a7, 26
core   0: 3 0x800028d4 (0x01a8d593) x11 0x00000011
core   0: 0x800028d8 (0x40bf5f33) sra     t5, t5, a1
core   0: 3 0x800028d8 (0x40bf5f33) x30 0x00000000
core   0: 0x800028dc (0x00e3a2b3) slt     t0, t2, a4
core   0: 3 0x800028dc (0x00e3a2b3) x 5 0x00000001
core   0: 0x800028e0 (0x01d59133) sll     sp, a1, t4
core   0: 3 0x800028e0 (0x01d59133) x 2 0x00110000
core   0: 0x800028e4 (0x57bbe113) ori     sp, s7, 1403
core   0: 3 0x800028e4 (0x57bbe113) x 2 0x6f03877f
core   0: 0x800028e8 (0x00283cb3) sltu    s9, a6, sp
core   0: 3 0x800028e8 (0x00283cb3) x25 0x00000001
core   0: 0x800028ec (0x01ca1913) slli    s2, s4, 28
core   0: 3 0x800028ec (0x01ca1913) x18 0x40000000
core   0: 0x800028f0 (0x00399813) slli    a6, s3, 3
core   0: 3 0x800028f0 (0x00399813) x16 0x1b590160
core   0: 0x800028f4 (0xc7876b13) ori     s6, a4, -904
core   0: 3 0x800028f4 (0xc7876b13) x22 0xfffffc7c
core   0: 0x800028f8 (0x01060bb3) add     s7, a2, a6
core   0: 3 0x800028f8 (0x01060bb3) x23 0x0a5b6c4e
core   0: 0x800028fc (0x00000013) nop
core   0: 3 0x800028fc (0x00000013)
core   0: 0x80002900 (0x001fd933) srl     s2, t6, ra
core   0: 3 0x80002900 (0x001fd933) x18 0xbc610000
core   0: 0x80002904 (0xd4f9be17) auipc   t3, 0xd4f9b
core   0: 3 0x80002904 (0xd4f9be17) x28 0x54f9d904
core   0: 0x80002908 (0xe806e837) lui     a6, 0xe806e
core   0: 3 0x80002908 (0xe806e837) x16 0xe806e000
core   0: 0x8000290c (0x11cf6493) ori     s1, t5, 284
core   0: 3 0x8000290c (0x11cf6493) x 9 0x0000011c
core   0: 0x80002910 (0x00aa9693) slli    a3, s5, 10
core   0: 3 0x80002910 (0x00aa9693) x13 0x05739000
core   0: 0x80002914 (0x406555b3) sra     a1, a0, t1
core   0: 3 0x80002914 (0x406555b3) x11 0xfffff1b5
core   0: 0x80002918 (0x01346c33) or      s8, s0, s3
core   0: 3 0x80002918 (0x01346c33) x24 0xe36f7efe
core   0: 0x8000291c (0x00bddc13) srli    s8, s11, 11
core   0: 3 0x8000291c (0x00bddc13) x24 0x00000000
core   0: 0x80002920 (0x00550533) add     a0, a0, t0
core   0: 3 0x80002920 (0x00550533) x10 0xe36b2001
core   0: 0x80002924 (0x4043db33) sra     s6, t2, tp
core   0: 3 0x80002924 (0x4043db33) x22 0xffffff80
core   0: 0x80002928 (0x105c4813) xori    a6, s8, 261
core   0: 3 0x80002928 (0x105c4813) x16 0x00000105
core   0: 0x8000292c (0x00356cb3) or      s9, a0, gp
core   0: 3 0x8000292c (0x00356cb3) x25 0xe36b7c05
core   0: 0x80002930 (0xc6c73013) sltiu   zero, a4, -916
core   0: 3 0x80002930 (0xc6c73013)
core   0: 0x80002934 (0xa64b8993) addi    s3, s7, -1436
core   0: 3 0x80002934 (0xa64b8993) x19 0x0a5b66b2
core   0: 0x80002938 (0x418fd5b3) sra     a1, t6, s8
core   0: 3 0x80002938 (0x418fd5b3) x11 0xbc610000
core   0: 0x8000293c (0x982c0193) addi    gp, s8, -1662
core   0: 3 0x8000293c (0x982c0193) x 3 0xfffff982
core   0: 0x80002940 (0x00a21eb3) sll     t4, tp, a0
core   0: 3 0x80002940 (0x00a21eb3) x29 0x00000d70
core   0: 0x80002944 (0x013c1793) slli    a5, s8, 19
core   0: 3 0x80002944 (0x013c1793) x15 0x00000000
core   0: 0x80002948 (0x40af5d93) srai    s11, t5, 10
core   0: 3 0x80002948 (0x40af5d93) x27 0x00000000
core   0: 0x8000294c (0x01c25b13) srli    s6, tp, 28
core   0: 3 0x8000294c (0x01c25b13) x22 0x00000000
core   0: 0x80002950 (0x413ddeb3) sra     t4, s11, s3
core   0: 3 0x80002950 (0x413ddeb3) x29 0x00000000
core   0: 0x80002954 (0x7de76e93) ori     t4, a4, 2014
core   0: 3 0x80002954 (0x7de76e93) x29 0x80015fde
core   0: 0x80002958 (0x01a81233) sll     tp, a6, s10
core   0: 3 0x80002958 (0x01a81233) x 4 0x14000000
core   0: 0x8000295c (0x00ca95b3) sll     a1, s5, a2
core   0: 3 0x8000295c (0x00ca95b3) x11 0x57390000
core   0: 0x80002960 (0x94700e13) li      t3, -1721
core   0: 3 0x80002960 (0x94700e13) x28 0xfffff947
core   0: 0x80002964 (0x41998933) sub     s2, s3, s9
core   0: 3 0x80002964 (0x41998933) x18 0x26efeaad
core   0: 0x80002968 (0x01ea5b93) srli    s7, s4, 30
core   0: 3 0x80002968 (0x01ea5b93) x23 0x00000002
core   0: 0x8000296c (0xc86db293) sltiu   t0, s11, -890
core   0: 3 0x8000296c (0xc86db293) x 5 0x00000001
core   0: 0x80002970 (0x01a80933) add     s2, a6, s10
core   0: 3 0x80002970 (0x01a80933) x18 0x80015fdf
core   0: 0x80002974 (0x00000013) nop
core   0: 3 0x80002974 (0x00000013)
core   0: 0x80002978 (0x00000013) nop
core   0: 3 0x80002978 (0x00000013)
core   0: 0x8000297c (0x0145c3b3) xor     t2, a1, s4
core   0: 3 0x8000297c (0x0145c3b3) x 7 0xd7381e64
core   0: 0x80002980 (0x00000013) nop
core   0: 3 0x80002980 (0x00000013)
core   0: 0x80002984 (0x673b6513) ori     a0, s6, 1651
core   0: 3 0x80002984 (0x673b6513) x10 0x00000673
core   0: 0x80002988 (0x00000013) nop
core   0: 3 0x80002988 (0x00000013)
core   0: 0x8000298c (0x93d36413) ori     s0, t1, -1731
core   0: 3 0x8000298c (0x93d36413) x 8 0xffffff3d
core   0: 0x80002990 (0x017daeb3) slt     t4, s11, s7
core   0: 3 0x80002990 (0x017daeb3) x29 0x00000001
core   0: 0x80002994 (0x01ff2e33) slt     t3, t5, t6
core   0: 3 0x80002994 (0x01ff2e33) x28 0x00000000
core   0: 0x80002998 (0xd3b37e37) lui     t3, 0xd3b37
core   0: 3 0x80002998 (0xd3b37e37) x28 0xd3b37000
core   0: 0x8000299c (0x00bba033) slt     zero, s7, a1
core   0: 3 0x8000299c (0x00bba033)
core   0: 0x800029a0 (0x0187c9b3) xor     s3, a5, s8
core   0: 3 0x800029a0 (0x0187c9b3) x19 0x00000000
core   0: 0x800029a4 (0x00ee48b3) xor     a7, t3, a4
core   0: 3 0x800029a4 (0x00ee48b3) x17 0x53b22c04
core   0: 0x800029a8 (0x014a7133) and     sp, s4, s4
core   0: 3 0x800029a8 (0x014a7133) x 2 0x80011e64
core   0: 0x800029ac (0xfde24d93) xori    s11, tp, -34
core   0: 3 0x800029ac (0xfde24d93) x27 0xebffffde
core   0: 0x800029b0 (0x405dd293) srai    t0, s11, 5
core   0: 3 0x800029b0 (0x405dd293) x 5 0xff5ffffe
core   0: 0x800029b4 (0x00c92c33) slt     s8, s2, a2
core   0: 3 0x800029b4 (0x00c92c33) x24 0x00000001
core   0: 0x800029b8 (0x01ecd4b3) srl     s1, s9, t5
core   0: 3 0x800029b8 (0x01ecd4b3) x 9 0xe36b7c05
core   0: 0x800029bc (0xe649af13) slti    t5, s3, -412
core   0: 3 0x800029bc (0xe649af13) x30 0x00000000
core   0: 0x800029c0 (0xa4b84f93) xori    t6, a6, -1461
core   0: 3 0x800029c0 (0xa4b84f93) x31 0xfffffb4e
core   0: 0x800029c4 (0x9b391d17) auipc   s10, 0x9b391
core   0: 3 0x800029c4 (0x9b391d17) x26 0x1b3939c4
core   0: 0x800029c8 (0x005ab933) sltu    s2, s5, t0
core   0: 3 0x800029c8 (0x005ab933) x18 0x00000001
core   0: 0x800029cc (0x01cb9993) slli    s3, s7, 28
core   0: 3 0x800029cc (0x01cb9993) x19 0x20000000
core   0: 0x800029d0 (0x41345093) srai    ra, s0, 19
core   0: 3 0x800029d0 (0x41345093) x 1 0xffffffff
core   0: 0x800029d4 (0x006b47b3) xor     a5, s6, t1
core   0: 3 0x800029d4 (0x006b47b3) x15 0x97c10711
core   0: 0x800029d8 (0xf5fbf013) andi    zero, s7, -161
core   0: 3 0x800029d8 (0xf5fbf013)
core   0: 0x800029dc (0xc36d5837) lui     a6, 0xc36d5
core   0: 3 0x800029dc (0xc36d5837) x16 0xc36d5000
core   0: 0x800029e0 (0x00e80c33) add     s8, a6, a4
core   0: 3 0x800029e0 (0x00e80c33) x24 0x436eac04
core   0: 0x800029e4 (0x47ac0697) auipc   a3, 0x47ac0
core   0: 3 0x800029e4 (0x47ac0697) x13 0xc7ac29e4
core   0: 0x800029e8 (0x9496e413) ori     s0, a3, -1719
core   0: 3 0x800029e8 (0x9496e413) x 8 0xfffff9ed
core   0: 0x800029ec (0x0178f833) and     a6, a7, s7
core   0: 3 0x800029ec (0x0178f833) x16 0x00000000
core   0: 0x800029f0 (0xec13f793) andi    a5, t2, -319
core   0: 3 0x800029f0 (0xec13f793) x15 0xd7381e40
core   0: 0x800029f4 (0xc6b37993) andi    s3, t1, -917
core   0: 3 0x800029f4 (0xc6b37993) x19 0x97c10401
core   0: 0x800029f8 (0xf1cdc713) xori    a4, s11, -228
core   0: 3 0x800029f8 (0xf1cdc713) x14 0x140000c2
core   0: 0x800029fc (0xd3518b93) addi    s7, gp, -715
core   0: 3 0x800029fc (0xd3518b93) x23 0xfffff6b7
core   0: 0x80002a00 (0x019610b3) sll     ra, a2, s9
core   0: 3 0x80002a00 (0x019610b3) x 1 0xe04d5dc0
core   0: 0x80002a04 (0x1f2e4593) xori    a1, t3, 498
core   0: 3 0x80002a04 (0x1f2e4593) x11 0xd3b371f2
core   0: 0x80002a08 (0x0b7f6313) ori     t1, t5, 183
core   0: 3 0x80002a08 (0x0b7f6313) x 6 0x000000b7
core   0: 0x80002a0c (0x27db0e13) addi    t3, s6, 637
core   0: 3 0x80002a0c (0x27db0e13) x28 0x0000027d
core   0: 0x80002a10 (0x4bc6f513) andi    a0, a3, 1212
core   0: 3 0x80002a10 (0x4bc6f513) x10 0x000000a4
core   0: 0x80002a14 (0x01f43b33) sltu    s6, s0, t6
core   0: 3 0x80002a14 (0x01f43b33) x22 0x00000001
core   0: 0x80002a18 (0x00fbef33) or      t5, s7, a5
core   0: 3 0x80002a18 (0x00fbef33) x30 0xfffffef7
core   0: 0x80002a1c (0x015856b3) srl     a3, a6, s5
core   0: 3 0x80002a1c (0x015856b3) x13 0x00000000
core   0: 0x80002a20 (0x593d7e13) andi    t3, s10, 1427
core   0: 3 0x80002a20 (0x593d7e13) x28 0x00000180
core   0: 0x80002a24 (0x00d86bb3) or      s7, a6, a3
core   0: 3 0x80002a24 (0x00d86bb3) x23 0x00000000
core   0: 0x80002a28 (0x8870cc37) lui     s8, 0x8870c
core   0: 3 0x80002a28 (0x8870cc37) x24 0x8870c000
core   0: 0x80002a2c (0xd29c0813) addi    a6, s8, -727
core   0: 3 0x80002a2c (0xd29c0813) x16 0x8870bd29
core   0: 0x80002a30 (0xd99f0313) addi    t1, t5, -615
core   0: 3 0x80002a30 (0xd99f0313) x 6 0xfffffc90
core   0: 0x80002a34 (0x00a64fb3) xor     t6, a2, a0
core   0: 3 0x80002a34 (0x00a64fb3) x31 0xef026a4a
core   0: 0x80002a38 (0x41025fb3) sra     t6, tp, a6
core   0: 3 0x80002a38 (0x41025fb3) x31 0x000a0000
core   0: 0x80002a3c (0x01245533) srl     a0, s0, s2
core   0: 3 0x80002a3c (0x01245533) x10 0x7ffffcf6
core   0: 0x80002a40 (0x2aea8c13) addi    s8, s5, 686
core   0: 3 0x80002a40 (0x2aea8c13) x24 0x80015f92
core   0: 0x80002a44 (0x845c3737) lui     a4, 0x845c3
core   0: 3 0x80002a44 (0x845c3737) x14 0x845c3000
core   0: 0x80002a48 (0x41ba08b3) sub     a7, s4, s11
core   0: 3 0x80002a48 (0x41ba08b3) x17 0x94011e86
core   0: 0x80002a4c (0x000502b3) add     t0, a0, zero
core   0: 3 0x80002a4c (0x000502b3) x 5 0x7ffffcf6
core   0: 0x80002a50 (0x41afdb93) srai    s7, t6, 26
core   0: 3 0x80002a50 (0x41afdb93) x23 0x00000000
core   0: 0x80002a54 (0x0073d233) srl     tp, t2, t2
core   0: 3 0x80002a54 (0x0073d233) x 4 0x0d7381e6
core   0: 0x80002a58 (0x002220b3) slt     ra, tp, sp
core   0: 3 0x80002a58 (0x002220b3) x 1 0x00000000
core   0: 0x80002a5c (0x23550513) addi    a0, a0, 565
core   0: 3 0x80002a5c (0x23550513) x10 0x7fffff2b
core   0: 0x80002a60 (0x0152a7b3) slt     a5, t0, s5
core   0: 3 0x80002a60 (0x0152a7b3) x15 0x00000000
core   0: 0x80002a64 (0x9fae3993) sltiu   s3, t3, -1542
core   0: 3 0x80002a64 (0x9fae3993) x19 0x00000001
core   0: 0x80002a68 (0xb345ebb7) lui     s7, 0xb345e
core   0: 3 0x80002a68 (0xb345ebb7) x23 0xb345e000
core   0: 0x80002a6c (0x41148733) sub     a4, s1, a7
core   0: 3 0x80002a6c (0x41148733) x14 0x4f6a5d7f
core   0: 0x80002a70 (0x012e36b3) sltu    a3, t3, s2
core   0: 3 0x80002a70 (0x012e36b3) x13 0x00000000
core   0: 0x80002a74 (0xe312bf13) sltiu   t5, t0, -463
core   0: 3 0x80002a74 (0xe312bf13) x30 0x00000001
core   0: 0x80002a78 (0x47f8a537) lui     a0, 0x47f8a
core   0: 3 0x80002a78 (0x47f8a537) x10 0x47f8a000
core   0: 0x80002a7c (0x0059a9b3) slt     s3, s3, t0
core   0: 3 0x80002a7c (0x0059a9b3) x19 0x00000001
core   0: 0x80002a80 (0x00f518b3) sll     a7, a0, a5
core   0: 3 0x80002a80 (0x00f518b3) x17 0x47f8a000
core   0: 0x80002a84 (0x4042d7b3) sra     a5, t0, tp
core   0: 3 0x80002a84 (0x4042d7b3) x15 0x01fffff3
core   0: 0x80002a88 (0xfd6cce97) auipc   t4, 0xfd6cc
core   0: 3 0x80002a88 (0xfd6cce97) x29 0x7d6cea88
core   0: 0x80002a8c (0x0120e133) or      sp, ra, s2
core   0: 3 0x80002a8c (0x0120e133) x 2 0x00000001
core   0: 0x80002a90 (0x004a21b3) slt     gp, s4, tp
core   0: 3 0x80002a90 (0x004a21b3) x 3 0x00000001
core   0: 0x80002a94 (0x004226b3) slt     a3, tp, tp
core   0: 3 0x80002a94 (0x004226b3) x13 0x00000000
core   0: 0x80002a98 (0x00000013) nop
core   0: 3 0x80002a98 (0x00000013)
core   0: 0x80002a9c (0xf2ed4837) lui     a6, 0xf2ed4
core   0: 3 0x80002a9c (0xf2ed4837) x16 0xf2ed4000
core   0: 0x80002aa0 (0x01983b33) sltu    s6, a6, s9
core   0: 3 0x80002aa0 (0x01983b33) x22 0x00000000
core   0: 0x80002aa4 (0xb7f1d197) auipc   gp, 0xb7f1d
core   0: 3 0x80002aa4 (0xb7f1d197) x 3 0x37f1faa4
core   0: 0x80002aa8 (0x000bbd33) sltu    s10, s7, zero
core   0: 3 0x80002aa8 (0x000bbd33) x26 0x00000000
core   0: 0x80002aac (0x0160feb3) and     t4, ra, s6
core   0: 3 0x80002aac (0x0160feb3) x29 0x00000000
core   0: 0x80002ab0 (0x0175adb3) slt     s11, a1, s7
core   0: 3 0x80002ab0 (0x0175adb3) x27 0x00000000
core   0: 0x80002ab4 (0xb01ecc13) xori    s8, t4, -1279
core   0: 3 0x80002ab4 (0xb01ecc13) x24 0xfffffb01
core   0: 0x80002ab8 (0x46a10813) addi    a6, sp, 1130
core   0: 3 0x80002ab8 (0x46a10813) x16 0x0000046b
core   0: 0x80002abc (0x0edcb417) auipc   s0, 0xedcb
core   0: 3 0x80002abc (0x0edcb417) x 8 0x8edcdabc
core   0: 0x80002ac0 (0x00f2fb33) and     s6, t0, a5
core   0: 3 0x80002ac0 (0x00f2fb33) x22 0x01fffcf2
core   0: 0x80002ac4 (0x41ae8133) sub     sp, t4, s10
core   0: 3 0x80002ac4 (0x41ae8133) x 2 0x00000000
core   0: 0x80002ac8 (0x00edaf33) slt     t5, s11, a4
core   0: 3 0x80002ac8 (0x00edaf33) x30 0x00000001
core   0: 0x80002acc (0x416353b3) sra     t2, t1, s6
core   0: 3 0x80002acc (0x416353b3) x 7 0xffffffff
core   0: 0x80002ad0 (0x41c9d9b3) sra     s3, s3, t3
core   0: 3 0x80002ad0 (0x41c9d9b3) x19 0x00000001
core   0: 0x80002ad4 (0x23f7a513) slti    a0, a5, 575
core   0: 3 0x80002ad4 (0x23f7a513) x10 0x00000000
core   0: 0x80002ad8 (0xbb9b3393) sltiu   t2, s6, -1095
core   0: 3 0x80002ad8 (0xbb9b3393) x 7 0x00000001
core   0: 0x80002adc (0x9571f513) andi    a0, gp, -1705
core   0: 3 0x80002adc (0x9571f513) x10 0x37f1f804
core   0: 0x80002ae0 (0x006db0b3) sltu    ra, s11, t1
core   0: 3 0x80002ae0 (0x006db0b3) x 1 0x00000001
core   0: 0x80002ae4 (0x00d7b033) sltu    zero, a5, a3
core   0: 3 0x80002ae4 (0x00d7b033)
core   0: 0x80002ae8 (0x01c3c733) xor     a4, t2, t3
core   0: 3 0x80002ae8 (0x01c3c733) x14 0x00000181
core   0: 0x80002aec (0x01222033) slt     zero, tp, s2
core   0: 3 0x80002aec (0x01222033)
core   0: 0x80002af0 (0x01089433) sll     s0, a7, a6
core   0: 3 0x80002af0 (0x01089433) x 8 0xc5000000
core   0: 0x80002af4 (0x0fc74f13) xori    t5, a4, 252
core   0: 3 0x80002af4 (0x0fc74f13) x30 0x0000017d
core   0: 0x80002af8 (0xa7616913) ori     s2, sp, -1418
core   0: 3 0x80002af8 (0xa7616913) x18 0xfffffa76
core   0: 0x80002afc (0x01850233) add     tp, a0, s8
core   0: 3 0x80002afc (0x01850233) x 4 0x37f1f305
core   0: 0x80002b00 (0x00af0d33) add     s10, t5, a0
core   0: 3 0x80002b00 (0x00af0d33) x26 0x37f1f981
core   0: 0x80002b04 (0xe7165e97) auipc   t4, 0xe7165
core   0: 3 0x80002b04 (0xe7165e97) x29 0x67167b04
core   0: 0x80002b08 (0x72a6bb13) sltiu   s6, a3, 1834
core   0: 3 0x80002b08 (0x72a6bb13) x22 0x00000001
core   0: 0x80002b0c (0xd12b0f93) addi    t6, s6, -750
core   0: 3 0x80002b0c (0xd12b0f93) x31 0xfffffd13
core   0: 0x80002b10 (0x41738333) sub     t1, t2, s7
core   0: 3 0x80002b10 (0x41738333) x 6 0x4cba2001
core   0: 0x80002b14 (0x0d7176b7) lui     a3, 0xd717
core   0: 3 0x80002b14 (0x0d7176b7) x13 0x0d717000
core   0: 0x80002b18 (0x7f6f4013) xori    zero, t5, 2038
core   0: 3 0x80002b18 (0x7f6f4013)
core   0: 0x80002b1c (0x9f61f293) andi    t0, gp, -1546
core   0: 3 0x80002b1c (0x9f61f293) x 5 0x37f1f8a4
core   0: 0x80002b20 (0x41e58333) sub     t1, a1, t5
core   0: 3 0x80002b20 (0x41e58333) x 6 0xd3b37075
core   0: 0x80002b24 (0x01d07bb3) and     s7, zero, t4
core   0: 3 0x80002b24 (0x01d07bb3) x23 0x00000000
core   0: 0x80002b28 (0x0118ebb3) or      s7, a7, a7
core   0: 3 0x80002b28 (0x0118ebb3) x23 0x47f8a000
core   0: 0x80002b2c (0x000341b3) xor     gp, t1, zero
core   0: 3 0x80002b2c (0x000341b3) x 3 0xd3b37075
core   0: 0x80002b30 (0x3d664913) xori    s2, a2, 982
core   0: 3 0x80002b30 (0x3d664913) x18 0xef026938
core   0: 0x80002b34 (0x0b77b693) sltiu   a3, a5, 183
core   0: 3 0x80002b34 (0x0b77b693) x13 0x00000000
core   0: 0x80002b38 (0x7c022c93) slti    s9, tp, 1984
core   0: 3 0x80002b38 (0x7c022c93) x25 0x00000000
core   0: 0x80002b3c (0x01d92bb3) slt     s7, s2, t4
core   0: 3 0x80002b3c (0x01d92bb3) x23 0x00000001
core   0: 0x80002b40 (0x5609a913) slti    s2, s3, 1376
core   0: 3 0x80002b40 (0x5609a913) x18 0x00000001
core   0: 0x80002b44 (0x00d5d9b3) srl     s3, a1, a3
core   0: 3 0x80002b44 (0x00d5d9b3) x19 0xd3b371f2
core   0: 0x80002b48 (0x011a2733) slt     a4, s4, a7
core   0: 3 0x80002b48 (0x011a2733) x14 0x00000001
core   0: 0x80002b4c (0x1f558e93) addi    t4, a1, 501
core   0: 3 0x80002b4c (0x1f558e93) x29 0xd3b373e7
core   0: 0x80002b50 (0x9144e313) ori     t1, s1, -1772
core   0: 3 0x80002b50 (0x9144e313) x 6 0xfffffd15
core   0: 0x80002b54 (0xc5c58113) addi    sp, a1, -932
core   0: 3 0x80002b54 (0xc5c58113) x 2 0xd3b36e4e
core   0: 0x80002b58 (0x01d51fb3) sll     t6, a0, t4
core   0: 3 0x80002b58 (0x01d51fb3) x31 0xf8fc0200
core   0: 0x80002b5c (0x87718693) addi    a3, gp, -1929
core   0: 3 0x80002b5c (0x87718693) x13 0xd3b368ec
core   0: 0x80002b60 (0x0013e833) or      a6, t2, ra
core   0: 3 0x80002b60 (0x0013e833) x16 0x00000001
core   0: 0x80002b64 (0x018fe5b3) or      a1, t6, s8
core   0: 3 0x80002b64 (0x018fe5b3) x11 0xfffffb01
core   0: 0x80002b68 (0x41da87b3) sub     a5, s5, t4
core   0: 3 0x80002b68 (0x41da87b3) x15 0xac4de8fd
core   0: 0x80002b6c (0x00000013) nop
core   0: 3 0x80002b6c (0x00000013)
core   0: 0x80002b70 (0x2c64c193) xori    gp, s1, 710
core   0: 3 0x80002b70 (0x2c64c193) x 3 0xe36b7ec3
core   0: 0x80002b74 (0xb23ae693) ori     a3, s5, -1245
core   0: 3 0x80002b74 (0xb23ae693) x13 0xffffffe7
core   0: 0x80002b78 (0xd19b6b93) ori     s7, s6, -743
core   0: 3 0x80002b78 (0xd19b6b93) x23 0xfffffd19
core   0: 0x80002b7c (0x00000013) nop
core   0: 3 0x80002b7c (0x00000013)
core   0: 0x80002b80 (0x4d86f513) andi    a0, a3, 1240
core   0: 3 0x80002b80 (0x4d86f513) x10 0x000004c0
core   0: 0x80002b84 (0xe0266d97) auipc   s11, 0xe0266
core   0: 3 0x80002b84 (0xe0266d97) x27 0x60268b84
core   0: 0x80002b88 (0x4ef4ac93) slti    s9, s1, 1263
core   0: 3 0x80002b88 (0x4ef4ac93) x25 0x00000001
core   0: 0x80002b8c (0x011bf5b3) and     a1, s7, a7
core   0: 3 0x80002b8c (0x011bf5b3) x11 0x47f8a000
core   0: 0x80002b90 (0x00b3dd93) srli    s11, t2, 11
core   0: 3 0x80002b90 (0x00b3dd93) x27 0x00000000
core   0: 0x80002b94 (0xddf16293) ori     t0, sp, -545
core   0: 3 0x80002b94 (0xddf16293) x 5 0xffffffdf
core   0: 0x80002b98 (0xc0be4213) xori    tp, t3, -1013
core   0: 3 0x80002b98 (0xc0be4213) x 4 0xfffffd8b
core   0: 0x80002b9c (0x012bb2b3) sltu    t0, s7, s2
core   0: 3 0x80002b9c (0x012bb2b3) x 5 0x00000000
core   0: 0x80002ba0 (0xb9668793) addi    a5, a3, -1130
core   0: 3 0x80002ba0 (0xb9668793) x15 0xfffffb7d
core   0: 0x80002ba4 (0x00000013) nop
core   0: 3 0x80002ba4 (0x00000013)
core   0: 0x80002ba8 (0x60e5c317) auipc   t1, 0x60e5c
core   0: 3 0x80002ba8 (0x60e5c317) x 6 0xe0e5eba8
core   0: 0x80002bac (0x00000013) nop
core   0: 3 0x80002bac (0x00000013)
core   0: 0x80002bb0 (0xd4de7193) andi    gp, t3, -691
core   0: 3 0x80002bb0 (0xd4de7193) x 3 0x00000100
core   0: 0x80002bb4 (0x00000013) nop
core   0: 3 0x80002bb4 (0x00000013)
core   0: 0x80002bb8 (0x41675213) srai    tp, a4, 22
core   0: 3 0x80002bb8 (0x41675213) x 4 0x00000000
core   0: 0x80002bbc (0x00541b33) sll     s6, s0, t0
core   0: 3 0x80002bbc (0x00541b33) x22 0xc5000000
core   0: 0x80002bc0 (0x0ae036b7) lui     a3, 0xae03
core   0: 3 0x80002bc0 (0x0ae036b7) x13 0x0ae03000
core   0: 0x80002bc4 (0x3271f813) andi    a6, gp, 807
core   0: 3 0x80002bc4 (0x3271f813) x16 0x00000100
core   0: 0x80002bc8 (0x6c7f4413) xori    s0, t5, 1735
core   0: 3 0x80002bc8 (0x6c7f4413) x 8 0x000007ba
core   0: 0x80002bcc (0x00000013) nop
core   0: 3 0x80002bcc (0x00000013)
core   0: 0x80002bd0 (0x00b39eb3) sll     t4, t2, a1
core   0: 3 0x80002bd0 (0x00b39eb3) x29 0x00000001
core   0: 0x80002bd4 (0x6f2ef513) andi    a0, t4, 1778
core   0: 3 0x80002bd4 (0x6f2ef513) x10 0x00000000
core   0: 0x80002bd8 (0x00eba3b3) slt     t2, s7, a4
core   0: 3 0x80002bd8 (0x00eba3b3) x 7 0x00000001
core   0: 0x80002bdc (0x003431b3) sltu    gp, s0, gp
core   0: 3 0x80002bdc (0x003431b3) x 3 0x00000000
core   0: 0x80002be0 (0x4f533913) sltiu   s2, t1, 1269
core   0: 3 0x80002be0 (0x4f533913) x18 0x00000000
core   0: 0x80002be4 (0x402900b3) sub     ra, s2, sp
core   0: 3 0x80002be4 (0x402900b3) x 1 0x2c4c91b2
core   0: 0x80002be8 (0x017e9013) slli    zero, t4, 23
core   0: 3 0x80002be8 (0x017e9013)
core   0: 0x80002bec (0x01915493) srli    s1, sp, 25
core   0: 3 0x80002bec (0x01915493) x 9 0x00000069
core   0: 0x80002bf0 (0x016c5693) srli    a3, s8, 22
core   0: 3 0x80002bf0 (0x016c5693) x13 0x000003ff
core   0: 0x80002bf4 (0x41715e33) sra     t3, sp, s7
core   0: 3 0x80002bf4 (0x41715e33) x28 0xffffffe9
core   0: 0x80002bf8 (0x40a60b33) sub     s6, a2, a0
core   0: 3 0x80002bf8 (0x40a60b33) x22 0xef026aee
core   0: 0x80002bfc (0x01a809b3) add     s3, a6, s10
core   0: 3 0x80002bfc (0x01a809b3) x19 0x37f1fa81
core   0: 0x80002c00 (0x7c6c64b7) lui     s1, 0x7c6c6
core   0: 3 0x80002c00 (0x7c6c64b7) x 9 0x7c6c6000
core   0: 0x80002c04 (0x00000013) nop
core   0: 3 0x80002c04 (0x00000013)
core   0: 0x80002c08 (0x01f3ddb3) srl     s11, t2, t6
core   0: 3 0x80002c08 (0x01f3ddb3) x27 0x00000001
core   0: 0x80002c0c (0x931c0013) addi    zero, s8, -1743
core   0: 3 0x80002c0c (0x931c0013)
core   0: 0x80002c10 (0x3ff0c393) xori    t2, ra, 1023
core   0: 3 0x80002c10 (0x3ff0c393) x 7 0x2c4c924d
core   0: 0x80002c14 (0xdcf88c93) addi    s9, a7, -561
core   0: 3 0x80002c14 (0xdcf88c93) x25 0x47f89dcf
core   0: 0x80002c18 (0xb8e13413) sltiu   s0, sp, -1138
core   0: 3 0x80002c18 (0xb8e13413) x 8 0x00000001
core   0: 0x80002c1c (0xac44a393) slti    t2, s1, -1340
core   0: 3 0x80002c1c (0xac44a393) x 7 0x00000000
core   0: 0x80002c20 (0x010fdcb3) srl     s9, t6, a6
core   0: 3 0x80002c20 (0x010fdcb3) x25 0xf8fc0200
core   0: 0x80002c24 (0xd845b937) lui     s2, 0xd845b
core   0: 3 0x80002c24 (0xd845b937) x18 0xd845b000
core   0: 0x80002c28 (0x403585b3) sub     a1, a1, gp
core   0: 3 0x80002c28 (0x403585b3) x11 0x47f8a000
core   0: 0x80002c2c (0x113f3193) sltiu   gp, t5, 275
core   0: 3 0x80002c2c (0x113f3193) x 3 0x00000000
core   0: 0x80002c30 (0x008bd5b3) srl     a1, s7, s0
core   0: 3 0x80002c30 (0x008bd5b3) x11 0x7ffffe8c
core   0: 0x80002c34 (0x018148b3) xor     a7, sp, s8
core   0: 3 0x80002c34 (0x018148b3) x17 0x2c4c954f
core   0: 0x80002c38 (0x90b67f13) andi    t5, a2, -1781
core   0: 3 0x80002c38 (0x90b67f13) x30 0xef02680a
core   0: 0x80002c3c (0x00e8f033) and     zero, a7, a4
core   0: 3 0x80002c3c (0x00e8f033)
core   0: 0x80002c40 (0x92f3a393) slti    t2, t2, -1745
core   0: 3 0x80002c40 (0x92f3a393) x 7 0x00000000
core   0: 0x80002c44 (0xc8d26293) ori     t0, tp, -883
core   0: 3 0x80002c44 (0xc8d26293) x 5 0xfffffc8d
core   0: 0x80002c48 (0x91d3ceb7) lui     t4, 0x91d3c
core   0: 3 0x80002c48 (0x91d3ceb7) x29 0x91d3c000
core   0: 0x80002c4c (0x4024d3b3) sra     t2, s1, sp
core   0: 3 0x80002c4c (0x4024d3b3) x 7 0x0001f1b1
core   0: 0x80002c50 (0x00a81913) slli    s2, a6, 10
core   0: 3 0x80002c50 (0x00a81913) x18 0x00040000
core   0: 0x80002c54 (0xe6800c13) li      s8, -408
core   0: 3 0x80002c54 (0xe6800c13) x24 0xfffffe68
core   0: 0x80002c58 (0x40515c33) sra     s8, sp, t0
core   0: 3 0x80002c58 (0x40515c33) x24 0xfffe9d9b
core   0: 0x80002c5c (0x012bb233) sltu    tp, s7, s2
core   0: 3 0x80002c5c (0x012bb233) x 4 0x00000000
core   0: 0x80002c60 (0xcfac48b7) lui     a7, 0xcfac4
core   0: 3 0x80002c60 (0xcfac48b7) x17 0xcfac4000
core   0: 0x80002c64 (0x0169f9b3) and     s3, s3, s6
core   0: 3 0x80002c64 (0x0169f9b3) x19 0x27006a80
core   0: 0x80002c68 (0x267ead93) slti    s11, t4, 615
core   0: 3 0x80002c68 (0x267ead93) x27 0x00000001
core   0: 0x80002c6c (0x016b6d93) ori     s11, s6, 22
core   0: 3 0x80002c6c (0x016b6d93) x27 0xef026afe
core   0: 0x80002c70 (0x00719cb3) sll     s9, gp, t2
core   0: 3 0x80002c70 (0x00719cb3) x25 0x00000000
core   0: 0x80002c74 (0xac7c8237) lui     tp, 0xac7c8
core   0: 3 0x80002c74 (0xac7c8237) x 4 0xac7c8000
core   0: 0x80002c78 (0xfba5e413) ori     s0, a1, -70
core   0: 3 0x80002c78 (0xfba5e413) x 8 0xffffffbe
core   0: 0x80002c7c (0x0139b9b3) sltu    s3, s3, s3
core   0: 3 0x80002c7c (0x0139b9b3) x19 0x00000000
core   0: 0x80002c80 (0xc7bae513) ori     a0, s5, -901
core   0: 3 0x80002c80 (0xc7bae513) x10 0xfffffcff
core   0: 0x80002c84 (0x01d76033) or      zero, a4, t4
core   0: 3 0x80002c84 (0x01d76033)
core   0: 0x80002c88 (0x40c28833) sub     a6, t0, a2
core   0: 3 0x80002c88 (0x40c28833) x16 0x10fd919f
core   0: 0x80002c8c (0x410207b3) sub     a5, tp, a6
core   0: 3 0x80002c8c (0x410207b3) x15 0x9b7eee61
core   0: 0x80002c90 (0x97662f93) slti    t6, a2, -1674
core   0: 3 0x80002c90 (0x97662f93) x31 0x00000001
core   0: 0x80002c94 (0x013c5293) srli    t0, s8, 19
core   0: 3 0x80002c94 (0x013c5293) x 5 0x00001fff
core   0: 0x80002c98 (0x00000013) nop
core   0: 3 0x80002c98 (0x00000013)
core   0: 0x80002c9c (0x002cd9b3) srl     s3, s9, sp
core   0: 3 0x80002c9c (0x002cd9b3) x19 0x00000000
core   0: 0x80002ca0 (0x0115c333) xor     t1, a1, a7
core   0: 3 0x80002ca0 (0x0115c333) x 6 0xb053be8c
core   0: 0x80002ca4 (0x006fbd33) sltu    s10, t6, t1
core   0: 3 0x80002ca4 (0x006fbd33) x26 0x00000001
core   0: 0x80002ca8 (0x005ae8b3) or      a7, s5, t0
core   0: 3 0x80002ca8 (0x005ae8b3) x17 0x80015fff
core   0: 0x80002cac (0xaf9b2b93) slti    s7, s6, -1287
core   0: 3 0x80002cac (0xaf9b2b93) x23 0x00000001
core   0: 0x80002cb0 (0x00000013) nop
core   0: 3 0x80002cb0 (0x00000013)
core   0: 0x80002cb4 (0x2a01c217) auipc   tp, 0x2a01c
core   0: 3 0x80002cb4 (0x2a01c217) x 4 0xaa01ecb4
core   0: 0x80002cb8 (0xe8c68cb7) lui     s9, 0xe8c68
core   0: 3 0x80002cb8 (0xe8c68cb7) x25 0xe8c68000
core   0: 0x80002cbc (0x41fad0b3) sra     ra, s5, t6
core   0: 3 0x80002cbc (0x41fad0b3) x 1 0xc000ae72
core   0: 0x80002cc0 (0x01baabb3) slt     s7, s5, s11
core   0: 3 0x80002cc0 (0x01baabb3) x23 0x00000001
core   0: 0x80002cc4 (0xba286c13) ori     s8, a6, -1118
core   0: 3 0x80002cc4 (0xba286c13) x24 0xfffffbbf
core   0: 0x80002cc8 (0x001f9693) slli    a3, t6, 1
core   0: 3 0x80002cc8 (0x001f9693) x13 0x00000002
core   0: 0x80002ccc (0x005c5e13) srli    t3, s8, 5
core   0: 3 0x80002ccc (0x005c5e13) x28 0x07ffffdd
core   0: 0x80002cd0 (0x01410d33) add     s10, sp, s4
core   0: 3 0x80002cd0 (0x01410d33) x26 0x53b48cb2
core   0: 0x80002cd4 (0xff61ff37) lui     t5, 0xff61f
core   0: 3 0x80002cd4 (0xff61ff37) x30 0xff61f000
core   0: 0x80002cd8 (0x18416113) ori     sp, sp, 388
core   0: 3 0x80002cd8 (0x18416113) x 2 0xd3b36fce
core   0: 0x80002cdc (0x000f9213) slli    tp, t6, 0
core   0: 3 0x80002cdc (0x000f9213) x 4 0x00000001
core   0: 0x80002ce0 (0x41735113) srai    sp, t1, 23
core   0: 3 0x80002ce0 (0x41735113) x 2 0xffffff60
core   0: 0x80002ce4 (0x40880433) sub     s0, a6, s0
core   0: 3 0x80002ce4 (0x40880433) x 8 0x10fd91e1
core   0: 0x80002ce8 (0x01bc5133) srl     sp, s8, s11
core   0: 3 0x80002ce8 (0x01bc5133) x 2 0x00000003
core   0: 0x80002cec (0x0718fe93) andi    t4, a7, 113
core   0: 3 0x80002cec (0x0718fe93) x29 0x00000071
core   0: 0x80002cf0 (0x01dce733) or      a4, s9, t4
core   0: 3 0x80002cf0 (0x01dce733) x14 0xe8c68071
core   0: 0x80002cf4 (0x408dd713) srai    a4, s11, 8
core   0: 3 0x80002cf4 (0x408dd713) x14 0xffef026a
core   0: 0x80002cf8 (0x01c740b3) xor     ra, a4, t3
core   0: 3 0x80002cf8 (0x01c740b3) x 1 0xf810fdb7
core   0: 0x80002cfc (0x0022cd33) xor     s10, t0, sp
core   0: 3 0x80002cfc (0x0022cd33) x26 0x00001ffc
core   0: 0x80002d00 (0x82a47213) andi    tp, s0, -2006
core   0: 3 0x80002d00 (0x82a47213) x 4 0x10fd9020
core   0: 0x80002d04 (0x0192c833) xor     a6, t0, s9
core   0: 3 0x80002d04 (0x0192c833) x16 0xe8c69fff
core   0: 0x80002d08 (0x00000013) nop
core   0: 3 0x80002d08 (0x00000013)
core   0: 0x80002d0c (0x40ad5413) srai    s0, s10, 10
core   0: 3 0x80002d0c (0x40ad5413) x 8 0x00000007
core   0: 0x80002d10 (0x4557b193) sltiu   gp, a5, 1109
core   0: 3 0x80002d10 (0x4557b193) x 3 0x00000000
core   0: 0x80002d14 (0x00395733) srl     a4, s2, gp
core   0: 3 0x80002d14 (0x00395733) x14 0x00040000
core   0: 0x80002d18 (0x015b1533) sll     a0, s6, s5
core   0: 3 0x80002d18 (0x015b1533) x10 0xf026aee0
core   0: 0x80002d1c (0x0061ab33) slt     s6, gp, t1
core   0: 3 0x80002d1c (0x0061ab33) x22 0x00000000
core   0: 0x80002d20 (0x00b4ae33) slt     t3, s1, a1
core   0: 3 0x80002d20 (0x00b4ae33) x28 0x00000001
core   0: 0x80002d24 (0x01396e33) or      t3, s2, s3
core   0: 3 0x80002d24 (0x01396e33) x28 0x00040000
core   0: 0x80002d28 (0x00e54833) xor     a6, a0, a4
core   0: 3 0x80002d28 (0x00e54833) x16 0xf022aee0
core   0: 0x80002d2c (0x01866433) or      s0, a2, s8
core   0: 3 0x80002d2c (0x01866433) x 8 0xfffffbff
core   0: 0x80002d30 (0x0010ebb3) or      s7, ra, ra
core   0: 3 0x80002d30 (0x0010ebb3) x23 0xf810fdb7
core   0: 0x80002d34 (0xb3da6f93) ori     t6, s4, -1219
core   0: 3 0x80002d34 (0xb3da6f93) x31 0xffffff7d
core   0: 0x80002d38 (0x01852833) slt     a6, a0, s8
core   0: 3 0x80002d38 (0x01852833) x16 0x00000001
core   0: 0x80002d3c (0x3403c693) xori    a3, t2, 832
core   0: 3 0x80002d3c (0x3403c693) x13 0x0001f2f1
core   0: 0x80002d40 (0xd05b7f93) andi    t6, s6, -763
core   0: 3 0x80002d40 (0xd05b7f93) x31 0x00000000
core   0: 0x80002d44 (0x000f9913) slli    s2, t6, 0
core   0: 3 0x80002d44 (0x000f9913) x18 0x00000000
core   0: 0x80002d48 (0x00031933) sll     s2, t1, zero
core   0: 3 0x80002d48 (0x00031933) x18 0xb053be8c
core   0: 0x80002d4c (0x015215b3) sll     a1, tp, s5
core   0: 3 0x80002d4c (0x015215b3) x11 0x0fd90200
core   0: 0x80002d50 (0x00000013) nop
core   0: 3 0x80002d50 (0x00000013)
core   0: 0x80002d54 (0x41055c93) srai    s9, a0, 16
core   0: 3 0x80002d54 (0x41055c93) x25 0xfffff026
core   0: 0x80002d58 (0x73638293) addi    t0, t2, 1846
core   0: 3 0x80002d58 (0x73638293) x 5 0x0001f8e7
core   0: 0x80002d5c (0x01466c33) or      s8, a2, s4
core   0: 3 0x80002d5c (0x01466c33) x24 0xef037eee
core   0: 0x80002d60 (0x38552893) slti    a7, a0, 901
core   0: 3 0x80002d60 (0x38552893) x17 0x00000001
core   0: 0x80002d64 (0xa2d5ed13) ori     s10, a1, -1491
core   0: 3 0x80002d64 (0xa2d5ed13) x26 0xfffffa2d
core   0: 0x80002d68 (0x8ab6c017) auipc   zero, 0x8ab6c
core   0: 3 0x80002d68 (0x8ab6c017)
core   0: 0x80002d6c (0x005e3033) sltu    zero, t3, t0
core   0: 3 0x80002d6c (0x005e3033)
core   0: 0x80002d70 (0x00720d33) add     s10, tp, t2
core   0: 3 0x80002d70 (0x00720d33) x26 0x10ff81d1
core   0: 0x80002d74 (0x8bf68993) addi    s3, a3, -1857
core   0: 3 0x80002d74 (0x8bf68993) x19 0x0001ebb0
core   0: 0x80002d78 (0x004d8333) add     t1, s11, tp
core   0: 3 0x80002d78 (0x004d8333) x 6 0xfffffb1e
core   0: 0x80002d7c (0x468c6d13) ori     s10, s8, 1128
core   0: 3 0x80002d7c (0x468c6d13) x26 0xef037eee
core   0: 0x80002d80 (0x4f0d4517) auipc   a0, 0x4f0d4
core   0: 3 0x80002d80 (0x4f0d4517) x10 0xcf0d6d80
core   0: 0x80002d84 (0x8571b413) sltiu   s0, gp, -1961
core   0: 3 0x80002d84 (0x8571b413) x 8 0x00000001
core   0: 0x80002d88 (0x0282f713) andi    a4, t0, 40
core   0: 3 0x80002d88 (0x0282f713) x14 0x00000020
core   0: 0x80002d8c (0x627e0d17) auipc   s10, 0x627e0
core   0: 3 0x80002d8c (0x627e0d17) x26 0xe27e2d8c
core   0: 0x80002d90 (0xb232cc93) xori    s9, t0, -1245
core   0: 3 0x80002d90 (0xb232cc93) x25 0xfffe03c4
core   0: 0x80002d94 (0x41e7dfb3) sra     t6, a5, t5
core   0: 3 0x80002d94 (0x41e7dfb3) x31 0x9b7eee61
core   0: 0x80002d98 (0x00775433) srl     s0, a4, t2
core   0: 3 0x80002d98 (0x00775433) x 8 0x00000000
core   0: 0x80002d9c (0x004a9b13) slli    s6, s5, 4
core   0: 3 0x80002d9c (0x004a9b13) x22 0x0015ce40
core   0: 0x80002da0 (0x2cb6e917) auipc   s2, 0x2cb6e
core   0: 3 0x80002da0 (0x2cb6e917) x18 0xacb70da0
core   0: 0x80002da4 (0x40955813) srai    a6, a0, 9
core   0: 3 0x80002da4 (0x40955813) x16 0xffe786b6
core   0: 0x80002da8 (0x01e4f133) and     sp, s1, t5
core   0: 3 0x80002da8 (0x01e4f133) x 2 0x7c606000
core   0: 0x80002dac (0x012807b3) add     a5, a6, s2
core   0: 3 0x80002dac (0x012807b3) x15 0xac9e9456
core   0: 0x80002db0 (0x68a18293) addi    t0, gp, 1674
core   0: 3 0x80002db0 (0x68a18293) x 5 0x0000068a
core   0: 0x80002db4 (0x67862597) auipc   a1, 0x67862
core   0: 3 0x80002db4 (0x67862597) x11 0xe7864db4
core   0: 0x80002db8 (0x006a42b3) xor     t0, s4, t1
core   0: 3 0x80002db8 (0x006a42b3) x 5 0x7ffee57a
core   0: 0x80002dbc (0x80f30593) addi    a1, t1, -2033
core   0: 3 0x80002dbc (0x80f30593) x11 0xfffff32d
core   0: 0x80002dc0 (0x01d297b3) sll     a5, t0, t4
core   0: 3 0x80002dc0 (0x01d297b3) x15 0xcaf40000
core   0: 0x80002dc4 (0x0183f8b3) and     a7, t2, s8
core   0: 3 0x80002dc4 (0x0183f8b3) x17 0x000170a0
core   0: 0x80002dc8 (0x38210213) addi    tp, sp, 898
core   0: 3 0x80002dc8 (0x38210213) x 4 0x7c606382
core   0: 0x80002dcc (0x00647cb3) and     s9, s0, t1
core   0: 3 0x80002dcc (0x00647cb3) x25 0x00000000
core   0: 0x80002dd0 (0x3feb4f13) xori    t5, s6, 1022
core   0: 3 0x80002dd0 (0x3feb4f13) x30 0x0015cdbe
core   0: 0x80002dd4 (0xdac7ce93) xori    t4, a5, -596
core   0: 3 0x80002dd4 (0xdac7ce93) x29 0x350bfdac
core   0: 0x80002dd8 (0x017d0db3) add     s11, s10, s7
core   0: 3 0x80002dd8 (0x017d0db3) x27 0xda8f2b43
core   0: 0x80002ddc (0x40995f13) srai    t5, s2, 9
core   0: 3 0x80002ddc (0x40995f13) x30 0xffd65b86
core   0: 0x80002de0 (0x414bde33) sra     t3, s7, s4
core   0: 3 0x80002de0 (0x414bde33) x28 0xff810fdb
core   0: 0x80002de4 (0x00138433) add     s0, t2, ra
core   0: 3 0x80002de4 (0x00138433) x 8 0xf812ef68
core   0: 0x80002de8 (0x41b18e33) sub     t3, gp, s11
core   0: 3 0x80002de8 (0x41b18e33) x28 0x2570d4bd
core   0: 0x80002dec (0x072b2413) slti    s0, s6, 114
core   0: 3 0x80002dec (0x072b2413) x 8 0x00000000
core   0: 0x80002df0 (0x418e5233) sra     tp, t3, s8
core   0: 3 0x80002df0 (0x418e5233) x 4 0x000095c3
core   0: 0x80002df4 (0x40340133) sub     sp, s0, gp
core   0: 3 0x80002df4 (0x40340133) x 2 0x00000000
core   0: 0x80002df8 (0x01534db3) xor     s11, t1, s5
core   0: 3 0x80002df8 (0x01534db3) x27 0x7ffea7fa
core   0: 0x80002dfc (0x402a0233) sub     tp, s4, sp
core   0: 3 0x80002dfc (0x402a0233) x 4 0x80011e64
core   0: 0x80002e00 (0x58bf1917) auipc   s2, 0x58bf1
core   0: 3 0x80002e00 (0x58bf1917) x18 0xd8bf3e00
core   0: 0x80002e04 (0x7c2a4717) auipc   a4, 0x7c2a4
core   0: 3 0x80002e04 (0x7c2a4717) x14 0xfc2a6e04
core   0: 0x80002e08 (0x00000013) nop
core   0: 3 0x80002e08 (0x00000013)
core   0: 0x80002e0c (0x00c23933) sltu    s2, tp, a2
core   0: 3 0x80002e0c (0x00c23933) x18 0x00000001
core   0: 0x80002e10 (0x01539e93) slli    t4, t2, 21
core   0: 3 0x80002e10 (0x01539e93) x29 0x36200000
core   0: 0x80002e14 (0x033ecc13) xori    s8, t4, 51
core   0: 3 0x80002e14 (0x033ecc13) x24 0x36200033
core   0: 0x80002e18 (0x3052fc93) andi    s9, t0, 773
core   0: 3 0x80002e18 (0x3052fc93) x25 0x00000100
core   0: 0x80002e1c (0x00dc4533) xor     a0, s8, a3
core   0: 3 0x80002e1c (0x00dc4533) x10 0x3621f2c2
core   0: 0x80002e20 (0x00000013) nop
core   0: 3 0x80002e20 (0x00000013)
core   0: 0x80002e24 (0xff4a6493) ori     s1, s4, -12
core   0: 3 0x80002e24 (0xff4a6493) x 9 0xfffffff4
core   0: 0x80002e28 (0x407806b3) sub     a3, a6, t2
core   0: 3 0x80002e28 (0x407806b3) x13 0xffe59505
core   0: 0x80002e2c (0x0013b433) sltu    s0, t2, ra
core   0: 3 0x80002e2c (0x0013b433) x 8 0x00000001
core   0: 0x80002e30 (0x00000013) nop
core   0: 3 0x80002e30 (0x00000013)
core   0: 0x80002e34 (0x00017533) and     a0, sp, zero
core   0: 3 0x80002e34 (0x00017533) x10 0x00000000
core   0: 0x80002e38 (0x00e6f0b3) and     ra, a3, a4
core   0: 3 0x80002e38 (0x00e6f0b3) x 1 0xfc200404
core   0: 0x80002e3c (0x9341bf13) sltiu   t5, gp, -1740
core   0: 3 0x80002e3c (0x9341bf13) x30 0x00000001
core   0: 0x80002e40 (0x00a759b3) srl     s3, a4, a0
core   0: 3 0x80002e40 (0x00a759b3) x19 0xfc2a6e04
core   0: 0x80002e44 (0x015a7733) and     a4, s4, s5
core   0: 3 0x80002e44 (0x015a7733) x14 0x80011c64
core   0: 0x80002e48 (0x013a21b3) slt     gp, s4, s3
core   0: 3 0x80002e48 (0x013a21b3) x 3 0x00000001
core   0: 0x80002e4c (0x01bd39b3) sltu    s3, s10, s11
core   0: 3 0x80002e4c (0x01bd39b3) x19 0x00000000
core   0: 0x80002e50 (0x008aa1b3) slt     gp, s5, s0
core   0: 3 0x80002e50 (0x008aa1b3) x 3 0x00000001
core   0: 0x80002e54 (0x41a9d733) sra     a4, s3, s10
core   0: 3 0x80002e54 (0x41a9d733) x14 0x00000000
core   0: 0x80002e58 (0x01670d33) add     s10, a4, s6
core   0: 3 0x80002e58 (0x01670d33) x26 0x0015ce40
core   0: 0x80002e5c (0x00e39d93) slli    s11, t2, 14
core   0: 3 0x80002e5c (0x00e39d93) x27 0x7c6c4000
core   0: 0x80002e60 (0x00058eb3) add     t4, a1, zero
core   0: 3 0x80002e60 (0x00058eb3) x29 0xfffff32d
core   0: 0x80002e64 (0x00d30bb3) add     s7, t1, a3
core   0: 3 0x80002e64 (0x00d30bb3) x23 0xffe59023
core   0: 0x80002e68 (0x8dcbf513) andi    a0, s7, -1828
core   0: 3 0x80002e68 (0x8dcbf513) x10 0xffe59000
core   0: 0x80002e6c (0x003765b3) or      a1, a4, gp
core   0: 3 0x80002e6c (0x003765b3) x11 0x00000001
core   0: 0x80002e70 (0x46cb2b13) slti    s6, s6, 1132
core   0: 3 0x80002e70 (0x46cb2b13) x22 0x00000000
core   0: 0x80002e74 (0x01771913) slli    s2, a4, 23
core   0: 3 0x80002e74 (0x01771913) x18 0x00000000
core   0: 0x80002e78 (0xd374fc13) andi    s8, s1, -713
core   0: 3 0x80002e78 (0xd374fc13) x24 0xfffffd34
core   0: 0x80002e7c (0x41608b33) sub     s6, ra, s6
core   0: 3 0x80002e7c (0x41608b33) x22 0xfc200404
core   0: 0x80002e80 (0x008f9293) slli    t0, t6, 8
core   0: 3 0x80002e80 (0x008f9293) x 5 0x7eee6100
core   0: 0x80002e84 (0x01ab1893) slli    a7, s6, 26
core   0: 3 0x80002e84 (0x01ab1893) x17 0x10000000
core   0: 0x80002e88 (0x55297b37) lui     s6, 0x55297
core   0: 3 0x80002e88 (0x55297b37) x22 0x55297000
core   0: 0x80002e8c (0x0103c8b3) xor     a7, t2, a6
core   0: 3 0x80002e8c (0x0103c8b3) x17 0xffe67707
core   0: 0x80002e90 (0x9b537437) lui     s0, 0x9b537
core   0: 3 0x80002e90 (0x9b537437) x 8 0x9b537000
core   0: 0x80002e94 (0x00144f33) xor     t5, s0, ra
core   0: 3 0x80002e94 (0x00144f33) x30 0x67737404
core   0: 0x80002e98 (0x40aed333) sra     t1, t4, a0
core   0: 3 0x80002e98 (0x40aed333) x 6 0xfffff32d
core   0: 0x80002e9c (0x006f56b3) srl     a3, t5, t1
core   0: 3 0x80002e9c (0x006f56b3) x13 0x00033b9b
core   0: 0x80002ea0 (0x417c0033) sub     zero, s8, s7
core   0: 3 0x80002ea0 (0x417c0033)
core   0: 0x80002ea4 (0x00e29433) sll     s0, t0, a4
core   0: 3 0x80002ea4 (0x00e29433) x 8 0x7eee6100
core   0: 0x80002ea8 (0x013f2733) slt     a4, t5, s3
core   0: 3 0x80002ea8 (0x013f2733) x14 0x00000000
core   0: 0x80002eac (0x5b932713) slti    a4, t1, 1465
core   0: 3 0x80002eac (0x5b932713) x14 0x00000001
core   0: 0x80002eb0 (0x0150feb3) and     t4, ra, s5
core   0: 3 0x80002eb0 (0x0150feb3) x29 0x80000404
core   0: 0x80002eb4 (0xfd5f7f13) andi    t5, t5, -43
core   0: 3 0x80002eb4 (0xfd5f7f13) x30 0x67737404
core   0: 0x80002eb8 (0xc6df7e93) andi    t4, t5, -915
core   0: 3 0x80002eb8 (0xc6df7e93) x29 0x67737404
core   0: 0x80002ebc (0x00481213) slli    tp, a6, 4
core   0: 3 0x80002ebc (0x00481213) x 4 0xfe786b60
core   0: 0x80002ec0 (0x5c100813) li      a6, 1473
core   0: 3 0x80002ec0 (0x5c100813) x16 0x000005c1
core   0: 0x80002ec4 (0x00df89b3) add     s3, t6, a3
core   0: 3 0x80002ec4 (0x00df89b3) x19 0x9b8229fc
core   0: 0x80002ec8 (0xb1e93417) auipc   s0, 0xb1e93
core   0: 3 0x80002ec8 (0xb1e93417) x 8 0x31e95ec8
core   0: 0x80002ecc (0x00000013) nop
core   0: 3 0x80002ecc (0x00000013)
core   0: 0x80002ed0 (0xc05aa093) slti    ra, s5, -1019
core   0: 3 0x80002ed0 (0xc05aa093) x 1 0x00000001
core   0: 0x80002ed4 (0x0193a733) slt     a4, t2, s9
core   0: 3 0x80002ed4 (0x0193a733) x14 0x00000000
core   0: 0x80002ed8 (0x73447e93) andi    t4, s0, 1844
core   0: 3 0x80002ed8 (0x73447e93) x29 0x00000600
core   0: 0x80002edc (0x013cc093) xori    ra, s9, 19
core   0: 3 0x80002edc (0x013cc093) x 1 0x00000113
core   0: 0x80002ee0 (0x01e061b3) or      gp, zero, t5
core   0: 3 0x80002ee0 (0x01e061b3) x 3 0x67737404
core   0: 0x80002ee4 (0x01910733) add     a4, sp, s9
core   0: 3 0x80002ee4 (0x01910733) x14 0x00000100
core   0: 0x80002ee8 (0x00ad3233) sltu    tp, s10, a0
core   0: 3 0x80002ee8 (0x00ad3233) x 4 0x00000001
core   0: 0x80002eec (0x8521e993) ori     s3, gp, -1966
core   0: 3 0x80002eec (0x8521e993) x19 0xfffffc56
core   0: 0x80002ef0 (0xc7d40d97) auipc   s11, 0xc7d40
core   0: 3 0x80002ef0 (0xc7d40d97) x27 0x47d42ef0
core   0: 0x80002ef4 (0x39e9fe17) auipc   t3, 0x39e9f
core   0: 3 0x80002ef4 (0x39e9fe17) x28 0xb9ea1ef4
core   0: 0x80002ef8 (0xdb776e13) ori     t3, a4, -585
core   0: 3 0x80002ef8 (0xdb776e13) x28 0xfffffdb7
core   0: 0x80002efc (0x155b6293) ori     t0, s6, 341
core   0: 3 0x80002efc (0x155b6293) x 5 0x55297155
core   0: 0x80002f00 (0x01176bb3) or      s7, a4, a7
core   0: 3 0x80002f00 (0x01176bb3) x23 0xffe67707
core   0: 0x80002f04 (0x00000013) nop
core   0: 3 0x80002f04 (0x00000013)
core   0: 0x80002f08 (0x1b13c793) xori    a5, t2, 433
core   0: 3 0x80002f08 (0x1b13c793) x15 0x0001f000
core   0: 0x80002f0c (0x405b5213) srai    tp, s6, 5
core   0: 3 0x80002f0c (0x405b5213) x 4 0x02a94b80
core   0: 0x80002f10 (0x409e0f33) sub     t5, t3, s1
core   0: 3 0x80002f10 (0x409e0f33) x30 0xfffffdc3
core   0: 0x80002f14 (0x009b2fb3) slt     t6, s6, s1
core   0: 3 0x80002f14 (0x009b2fb3) x31 0x00000000
core   0: 0x80002f18 (0xcad8ae37) lui     t3, 0xcad8a
core   0: 3 0x80002f18 (0xcad8ae37) x28 0xcad8a000
core   0: 0x80002f1c (0x85923b13) sltiu   s6, tp, -1959
core   0: 3 0x80002f1c (0x85923b13) x22 0x00000001
core   0: 0x80002f20 (0x400d0e33) sub     t3, s10, zero
core   0: 3 0x80002f20 (0x400d0e33) x28 0x0015ce40
core   0: 0x80002f24 (0x71fd3913) sltiu   s2, s10, 1823
core   0: 3 0x80002f24 (0x71fd3913) x18 0x00000000
core   0: 0x80002f28 (0x00000013) nop
core   0: 3 0x80002f28 (0x00000013)
core   0: 0x80002f2c (0xa81ea093) slti    ra, t4, -1407
core   0: 3 0x80002f2c (0xa81ea093) x 1 0x00000000
core   0: 0x80002f30 (0x000c87b3) add     a5, s9, zero
core   0: 3 0x80002f30 (0x000c87b3) x15 0x00000100
core   0: 0x80002f34 (0x014b1d33) sll     s10, s6, s4
core   0: 3 0x80002f34 (0x014b1d33) x26 0x00000010
core   0: 0x80002f38 (0x00782133) slt     sp, a6, t2
core   0: 3 0x80002f38 (0x00782133) x 2 0x00000001
core   0: 0x80002f3c (0x005b1fb3) sll     t6, s6, t0
core   0: 3 0x80002f3c (0x005b1fb3) x31 0x00200000
core   0: 0x80002f40 (0x4119d793) srai    a5, s3, 17
core   0: 3 0x80002f40 (0x4119d793) x15 0xffffffff
core   0: 0x80002f44 (0x00443c33) sltu    s8, s0, tp
core   0: 3 0x80002f44 (0x00443c33) x24 0x00000000
core   0: 0x80002f48 (0x5e02f893) andi    a7, t0, 1504
core   0: 3 0x80002f48 (0x5e02f893) x17 0x00000140
core   0: 0x80002f4c (0x01775eb3) srl     t4, a4, s7
core   0: 3 0x80002f4c (0x01775eb3) x29 0x00000002
core   0: 0x80002f50 (0x009afcb3) and     s9, s5, s1
core   0: 3 0x80002f50 (0x009afcb3) x25 0x80015ce4
core   0: 0x80002f54 (0x4130de33) sra     t3, ra, s3
core   0: 3 0x80002f54 (0x4130de33) x28 0x00000000
core   0: 0x80002f58 (0x00ad5b93) srli    s7, s10, 10
core   0: 3 0x80002f58 (0x00ad5b93) x23 0x00000000
core   0: 0x80002f5c (0x9be7be93) sltiu   t4, a5, -1602
core   0: 3 0x80002f5c (0x9be7be93) x29 0x00000000
core   0: 0x80002f60 (0xca322b13) slti    s6, tp, -861
core   0: 3 0x80002f60 (0xca322b13) x22 0x00000000
core   0: 0x80002f64 (0x4bfec817) auipc   a6, 0x4bfec
core   0: 3 0x80002f64 (0x4bfec817) x16 0xcbfeef64
core   0: 0x80002f68 (0xe56aa437) lui     s0, 0xe56aa
core   0: 3 0x80002f68 (0xe56aa437) x 8 0xe56aa000
core   0: 0x80002f6c (0x003c4fb3) xor     t6, s8, gp
core   0: 3 0x80002f6c (0x003c4fb3) x31 0x67737404
core   0: 0x80002f70 (0x00000013) nop
core   0: 3 0x80002f70 (0x00000013)
core   0: 0x80002f74 (0x41985193) srai    gp, a6, 25
core   0: 3 0x80002f74 (0x41985193) x 3 0xffffffe5
core   0: 0x80002f78 (0x880d3b13) sltiu   s6, s10, -1920
core   0: 3 0x80002f78 (0x880d3b13) x22 0x00000001
core   0: 0x80002f7c (0x45b58b93) addi    s7, a1, 1115
core   0: 3 0x80002f7c (0x45b58b93) x23 0x0000045c
core   0: 0x80002f80 (0x00000013) nop
core   0: 3 0x80002f80 (0x00000013)
core   0: 0x80002f84 (0x014652b3) srl     t0, a2, s4
core   0: 3 0x80002f84 (0x014652b3) x 5 0x0ef026ae
core   0: 0x80002f88 (0x4ad4f537) lui     a0, 0x4ad4f
core   0: 3 0x80002f88 (0x4ad4f537) x10 0x4ad4f000
core   0: 0x80002f8c (0x9d99ee13) ori     t3, s3, -1575
core   0: 3 0x80002f8c (0x9d99ee13) x28 0xfffffddf
core   0: 0x80002f90 (0x007b6333) or      t1, s6, t2
core   0: 3 0x80002f90 (0x007b6333) x 6 0x0001f1b1
core   0: 0x80002f94 (0x00c57fb3) and     t6, a0, a2
core   0: 3 0x80002f94 (0x00c57fb3) x31 0x4a006000
core   0: 0x80002f98 (0x01ec2933) slt     s2, s8, t5
core   0: 3 0x80002f98 (0x01ec2933) x18 0x00000000
core   0: 0x80002f9c (0x418e5cb3) sra     s9, t3, s8
core   0: 3 0x80002f9c (0x418e5cb3) x25 0xfffffddf
core   0: 0x80002fa0 (0x418c5113) srai    sp, s8, 24
core   0: 3 0x80002fa0 (0x418c5113) x 2 0x00000000
core   0: 0x80002fa4 (0x01b79233) sll     tp, a5, s11
core   0: 3 0x80002fa4 (0x01b79233) x 4 0xffff0000
core   0: 0x80002fa8 (0xe9f1b337) lui     t1, 0xe9f1b
core   0: 3 0x80002fa8 (0xe9f1b337) x 6 0xe9f1b000
core   0: 0x80002fac (0x408d59b3) sra     s3, s10, s0
core   0: 3 0x80002fac (0x408d59b3) x19 0x00000010
core   0: 0x80002fb0 (0x01f258b3) srl     a7, tp, t6
core   0: 3 0x80002fb0 (0x01f258b3) x17 0xffff0000
core   0: 0x80002fb4 (0x004b5d93) srli    s11, s6, 4
core   0: 3 0x80002fb4 (0x004b5d93) x27 0x00000000
core   0: 0x80002fb8 (0x019500b3) add     ra, a0, s9
core   0: 3 0x80002fb8 (0x019500b3) x 1 0x4ad4eddf
core   0: 0x80002fbc (0x6f518913) addi    s2, gp, 1781
core   0: 3 0x80002fbc (0x6f518913) x18 0x000006da
core   0: 0x80002fc0 (0x8368e893) ori     a7, a7, -1994
core   0: 3 0x80002fc0 (0x8368e893) x17 0xfffff836
core   0: 0x80002fc4 (0xb4508f93) addi    t6, ra, -1211
core   0: 3 0x80002fc4 (0xb4508f93) x31 0x4ad4e924
core   0: 0x80002fc8 (0x60a60817) auipc   a6, 0x60a60
core   0: 3 0x80002fc8 (0x60a60817) x16 0xe0a62fc8
core   0: 0x80002fcc (0x25f97e93) andi    t4, s2, 607
core   0: 3 0x80002fcc (0x25f97e93) x29 0x0000025a
core   0: 0x80002fd0 (0x00df53b3) srl     t2, t5, a3
core   0: 3 0x80002fd0 (0x00df53b3) x 7 0x0000001f
core   0: 0x80002fd4 (0x01957eb3) and     t4, a0, s9
core   0: 3 0x80002fd4 (0x01957eb3) x29 0x4ad4f000
core   0: 0x80002fd8 (0x77e84837) lui     a6, 0x77e84
core   0: 3 0x80002fd8 (0x77e84837) x16 0x77e84000
core   0: 0x80002fdc (0x4013d233) sra     tp, t2, ra
core   0: 3 0x80002fdc (0x4013d233) x 4 0x00000000
core   0: 0x80002fe0 (0x9fe0f193) andi    gp, ra, -1538
core   0: 3 0x80002fe0 (0x9fe0f193) x 3 0x4ad4e9de
core   0: 0x80002fe4 (0xd2050d13) addi    s10, a0, -736
core   0: 3 0x80002fe4 (0xd2050d13) x26 0x4ad4ed20
core   0: 0x80002fe8 (0x00000013) nop
core   0: 3 0x80002fe8 (0x00000013)
core   0: 0x80002fec (0xd589f893) andi    a7, s3, -680
core   0: 3 0x80002fec (0xd589f893) x17 0x00000010
core   0: 0x80002ff0 (0xd7637093) andi    ra, t1, -650
core   0: 3 0x80002ff0 (0xd7637093) x 1 0xe9f1b000
core   0: 0x80002ff4 (0x00000013) nop
core   0: 3 0x80002ff4 (0x00000013)
core   0: 0x80002ff8 (0x40b0d8b3) sra     a7, ra, a1
core   0: 3 0x80002ff8 (0x40b0d8b3) x17 0xf4f8d800
core   0: 0x80002ffc (0xbfc42513) slti    a0, s0, -1028
core   0: 3 0x80002ffc (0xbfc42513) x10 0x00000001
core   0: 0x80003000 (0x00b59bb3) sll     s7, a1, a1
core   0: 3 0x80003000 (0x00b59bb3) x23 0x00000002
core   0: 0x80003004 (0x4147d513) srai    a0, a5, 20
core   0: 3 0x80003004 (0x4147d513) x10 0xffffffff
core   0: 0x80003008 (0x4617a993) slti    s3, a5, 1121
core   0: 3 0x80003008 (0x4617a993) x19 0x00000001
core   0: 0x8000300c (0x016e0033) add     zero, t3, s6
core   0: 3 0x8000300c (0x016e0033)
core   0: 0x80003010 (0xd5c28697) auipc   a3, 0xd5c28
core   0: 3 0x80003010 (0xd5c28697) x13 0x55c2b010
core   0: 0x80003014 (0xe7fecf93) xori    t6, t4, -385
core   0: 3 0x80003014 (0xe7fecf93) x31 0xb52b0e7f
core   0: 0x80003018 (0xd39e2393) slti    t2, t3, -711
core   0: 3 0x80003018 (0xd39e2393) x 7 0x00000000
core   0: 0x8000301c (0xe34e3213) sltiu   tp, t3, -460
core   0: 3 0x8000301c (0xe34e3213) x 4 0x00000001
core   0: 0x80003020 (0x0066d833) srl     a6, a3, t1
core   0: 3 0x80003020 (0x0066d833) x16 0x55c2b010
core   0: 0x80003024 (0x41e001b3) sub     gp, zero, t5
core   0: 3 0x80003024 (0x41e001b3) x 3 0x0000023d
core   0: 0x80003028 (0xc23f9b17) auipc   s6, 0xc23f9
core   0: 3 0x80003028 (0xc23f9b17) x22 0x423fc028
core   0: 0x8000302c (0x55b6c913) xori    s2, a3, 1371
core   0: 3 0x8000302c (0x55b6c913) x18 0x55c2b54b
core   0: 0x80003030 (0x49fa5217) auipc   tp, 0x49fa5
core   0: 3 0x80003030 (0x49fa5217) x 4 0xc9fa8030
core   0: 0x80003034 (0x00000013) nop
core   0: 3 0x80003034 (0x00000013)
core   0: 0x80003038 (0x01fb9c93) slli    s9, s7, 31
core   0: 3 0x80003038 (0x01fb9c93) x25 0x00000000
core   0: 0x8000303c (0xdc560b13) addi    s6, a2, -571
core   0: 3 0x8000303c (0xdc560b13) x22 0xef0268b3
core   0: 0x80003040 (0x78d9ae13) slti    t3, s3, 1933
core   0: 3 0x80003040 (0x78d9ae13) x28 0x00000001
core   0: 0x80003044 (0xe8dd0593) addi    a1, s10, -371
core   0: 3 0x80003044 (0xe8dd0593) x11 0x4ad4ebad
core   0: 0x80003048 (0x01b8d1b3) srl     gp, a7, s11
core   0: 3 0x80003048 (0x01b8d1b3) x 3 0xf4f8d800
core   0: 0x8000304c (0x406b5433) sra     s0, s6, t1
core   0: 3 0x8000304c (0x406b5433) x 8 0xef0268b3
core   0: 0x80003050 (0x00000013) nop
core   0: 3 0x80003050 (0x00000013)
core   0: 0x80003054 (0x001456b3) srl     a3, s0, ra
core   0: 3 0x80003054 (0x001456b3) x13 0xef0268b3
core   0: 0x80003058 (0x2debfc13) andi    s8, s7, 734
core   0: 3 0x80003058 (0x2debfc13) x24 0x00000002
core   0: 0x8000305c (0x416c5713) srai    a4, s8, 22
core   0: 3 0x8000305c (0x416c5713) x14 0x00000000
core   0: 0x80003060 (0x00000013) nop
core   0: 3 0x80003060 (0x00000013)
core   0: 0x80003064 (0x018a5993) srli    s3, s4, 24
core   0: 3 0x80003064 (0x018a5993) x19 0x00000080
core   0: 0x80003068 (0xb1140f13) addi    t5, s0, -1263
core   0: 3 0x80003068 (0xb1140f13) x30 0xef0263c4
core   0: 0x8000306c (0x01688bb3) add     s7, a7, s6
core   0: 3 0x8000306c (0x01688bb3) x23 0xe3fb40b3
core   0: 0x80003070 (0x40650033) sub     zero, a0, t1
core   0: 3 0x80003070 (0x40650033)
core   0: 0x80003074 (0x41b7dbb3) sra     s7, a5, s11
core   0: 3 0x80003074 (0x41b7dbb3) x23 0xffffffff
core   0: 0x80003078 (0xb2fbae17) auipc   t3, 0xb2fba
core   0: 3 0x80003078 (0xb2fbae17) x28 0x32fbd078
core   0: 0x8000307c (0x00def033) and     zero, t4, a3
core   0: 3 0x8000307c (0x00def033)
core   0: 0x80003080 (0x69698493) addi    s1, s3, 1686
core   0: 3 0x80003080 (0x69698493) x 9 0x00000716
core   0: 0x80003084 (0x00061833) sll     a6, a2, zero
core   0: 3 0x80003084 (0x00061833) x16 0xef026aee
core   0: 0x80003088 (0x410fd913) srai    s2, t6, 16
core   0: 3 0x80003088 (0x410fd913) x18 0xffffb52b
core   0: 0x8000308c (0x01c96833) or      a6, s2, t3
core   0: 3 0x8000308c (0x01c96833) x16 0xfffff57b
core   0: 0x80003090 (0x00000013) nop
core   0: 3 0x80003090 (0x00000013)
core   0: 0x80003094 (0x7229fd93) andi    s11, s3, 1826
core   0: 3 0x80003094 (0x7229fd93) x27 0x00000000
core   0: 0x80003098 (0x09020693) addi    a3, tp, 144
core   0: 3 0x80003098 (0x09020693) x13 0xc9fa80c0
core   0: 0x8000309c (0x01cf0b33) add     s6, t5, t3
core   0: 3 0x8000309c (0x01cf0b33) x22 0x21fe343c
core   0: 0x800030a0 (0x0047adb3) slt     s11, a5, tp
core   0: 3 0x800030a0 (0x0047adb3) x27 0x00000000
core   0: 0x800030a4 (0x00d8e9b3) or      s3, a7, a3
core   0: 3 0x800030a4 (0x00d8e9b3) x19 0xfdfad8c0
core   0: 0x800030a8 (0x01724f33) xor     t5, tp, s7
core   0: 3 0x800030a8 (0x01724f33) x30 0x36057fcf
core   0: 0x800030ac (0x004ecc33) xor     s8, t4, tp
core   0: 3 0x800030ac (0x004ecc33) x24 0x832e7030
core   0: 0x800030b0 (0x01c24933) xor     s2, tp, t3
core   0: 3 0x800030b0 (0x01c24933) x18 0xfb015048
core   0: 0x800030b4 (0x012f1433) sll     s0, t5, s2
core   0: 3 0x800030b4 (0x012f1433) x 8 0x057fcf00
core   0: 0x800030b8 (0x2e22be93) sltiu   t4, t0, 738
core   0: 3 0x800030b8 (0x2e22be93) x29 0x00000000
core   0: 0x800030bc (0x40560933) sub     s2, a2, t0
core   0: 3 0x800030bc (0x40560933) x18 0xe0124440
core   0: 0x800030c0 (0xa8ff6813) ori     a6, t5, -1393
core   0: 3 0x800030c0 (0xa8ff6813) x16 0xffffffcf
core   0: 0x800030c4 (0x787b0113) addi    sp, s6, 1927
core   0: 3 0x800030c4 (0x787b0113) x 2 0x21fe3bc3
core   0: 0x800030c8 (0x4c66e793) ori     a5, a3, 1222
core   0: 3 0x800030c8 (0x4c66e793) x15 0xc9fa84c6
core   0: 0x800030cc (0x48520e93) addi    t4, tp, 1157
core   0: 3 0x800030cc (0x48520e93) x29 0xc9fa84b5
core   0: 0x800030d0 (0x08d63d97) auipc   s11, 0x8d63
core   0: 3 0x800030d0 (0x08d63d97) x27 0x88d660d0
core   0: 0x800030d4 (0x01f016b3) sll     a3, zero, t6
core   0: 3 0x800030d4 (0x01f016b3) x13 0x00000000
core   0: 0x800030d8 (0x008997b3) sll     a5, s3, s0
core   0: 3 0x800030d8 (0x008997b3) x15 0xfdfad8c0
core   0: 0x800030dc (0x0055a033) slt     zero, a1, t0
core   0: 3 0x800030dc (0x0055a033)
core   0: 0x800030e0 (0x019328b3) slt     a7, t1, s9
core   0: 3 0x800030e0 (0x019328b3) x17 0x00000001
core   0: 0x800030e4 (0x003b1993) slli    s3, s6, 3
core   0: 3 0x800030e4 (0x003b1993) x19 0x0ff1a1e0
core   0: 0x800030e8 (0xf24df093) andi    ra, s11, -220
core   0: 3 0x800030e8 (0xf24df093) x 1 0x88d66000
core   0: 0x800030ec (0x49438193) addi    gp, t2, 1172
core   0: 3 0x800030ec (0x49438193) x 3 0x00000494
core   0: 0x800030f0 (0x01cc0d33) add     s10, s8, t3
core   0: 3 0x800030f0 (0x01cc0d33) x26 0xb62a40a8
core   0: 0x800030f4 (0x00000013) nop
core   0: 3 0x800030f4 (0x00000013)
core   0: 0x800030f8 (0x4064d833) sra     a6, s1, t1
core   0: 3 0x800030f8 (0x4064d833) x16 0x00000716
core   0: 0x800030fc (0x8bbb4d13) xori    s10, s6, -1861
core   0: 3 0x800030fc (0x8bbb4d13) x26 0xde01cc87
core   0: 0x80003100 (0x96b8e793) ori     a5, a7, -1685
core   0: 3 0x80003100 (0x96b8e793) x15 0xfffff96b
core   0: 0x80003104 (0x004c7433) and     s0, s8, tp
core   0: 3 0x80003104 (0x004c7433) x 8 0x812a0030
core   0: 0x80003108 (0xbfe05837) lui     a6, 0xbfe05
core   0: 3 0x80003108 (0xbfe05837) x16 0xbfe05000
core   0: 0x8000310c (0x49fbc213) xori    tp, s7, 1183
core   0: 3 0x8000310c (0x49fbc213) x 4 0xfffffb60
core   0: 0x80003110 (0x429c4393) xori    t2, s8, 1065
core   0: 3 0x80003110 (0x429c4393) x 7 0x832e7419
core   0: 0x80003114 (0x380e8c13) addi    s8, t4, 896
core   0: 3 0x80003114 (0x380e8c13) x24 0xc9fa8835
core   0: 0x80003118 (0xf8de7e93) andi    t4, t3, -115
core   0: 3 0x80003118 (0xf8de7e93) x29 0x32fbd008
core   0: 0x8000311c (0x01ede433) or      s0, s11, t5
core   0: 3 0x8000311c (0x01ede433) x 8 0xbed77fdf
core   0: 0x80003120 (0x0042e833) or      a6, t0, tp
core   0: 3 0x80003120 (0x0042e833) x16 0xffffffee
core   0: 0x80003124 (0x00b1bb33) sltu    s6, gp, a1
core   0: 3 0x80003124 (0x00b1bb33) x22 0x00000001
core   0: 0x80003128 (0x01285d33) srl     s10, a6, s2
core   0: 3 0x80003128 (0x01285d33) x26 0xffffffee
core   0: 0x8000312c (0x01a136b3) sltu    a3, sp, s10
core   0: 3 0x8000312c (0x01a136b3) x13 0x00000001
core   0: 0x80003130 (0xfca7f813) andi    a6, a5, -54
core   0: 3 0x80003130 (0xfca7f813) x16 0xfffff94a
core   0: 0x80003134 (0x40db5833) sra     a6, s6, a3
core   0: 3 0x80003134 (0x40db5833) x16 0x00000000
core   0: 0x80003138 (0xdc047e37) lui     t3, 0xdc047
core   0: 3 0x80003138 (0xdc047e37) x28 0xdc047000
core   0: 0x8000313c (0x00000013) nop
core   0: 3 0x8000313c (0x00000013)
core   0: 0x80003140 (0x00000013) nop
core   0: 3 0x80003140 (0x00000013)
core   0: 0x80003144 (0xe46c6b93) ori     s7, s8, -442
core   0: 3 0x80003144 (0xe46c6b93) x23 0xfffffe77
core   0: 0x80003148 (0x0029d333) srl     t1, s3, sp
core   0: 3 0x80003148 (0x0029d333) x 6 0x01fe343c
core   0: 0x8000314c (0x01f15eb3) srl     t4, sp, t6
core   0: 3 0x8000314c (0x01f15eb3) x29 0x00000000
core   0: 0x80003150 (0x00075db3) srl     s11, a4, zero
core   0: 3 0x80003150 (0x00075db3) x27 0x00000000
core   0: 0x80003154 (0x01999fb3) sll     t6, s3, s9
core   0: 3 0x80003154 (0x01999fb3) x31 0x0ff1a1e0
core   0: 0x80003158 (0xc0fd0893) addi    a7, s10, -1009
core   0: 3 0x80003158 (0xc0fd0893) x17 0xfffffbfd
core   0: 0x8000315c (0xd31cb717) auipc   a4, 0xd31cb
core   0: 3 0x8000315c (0xd31cb717) x14 0x531ce15c
core   0: 0x80003160 (0x003073b3) and     t2, zero, gp
core   0: 3 0x80003160 (0x003073b3) x 7 0x00000000
core   0: 0x80003164 (0x013b51b3) srl     gp, s6, s3
core   0: 3 0x80003164 (0x013b51b3) x 3 0x00000001
core   0: 0x80003168 (0x447bb913) sltiu   s2, s7, 1095
core   0: 3 0x80003168 (0x447bb913) x18 0x00000000
core   0: 0x8000316c (0x012b5f33) srl     t5, s6, s2
core   0: 3 0x8000316c (0x012b5f33) x30 0x00000001
core   0: 0x80003170 (0x920e0493) addi    s1, t3, -1760
core   0: 3 0x80003170 (0x920e0493) x 9 0xdc046920
core   0: 0x80003174 (0x5600bf13) sltiu   t5, ra, 1376
core   0: 3 0x80003174 (0x5600bf13) x30 0x00000000
core   0: 0x80003178 (0x002a1e13) slli    t3, s4, 2
core   0: 3 0x80003178 (0x002a1e13) x28 0x00047990
core   0: 0x8000317c (0x41895693) srai    a3, s2, 24
core   0: 3 0x8000317c (0x41895693) x13 0x00000000
core   0: 0x80003180 (0x00089b13) slli    s6, a7, 0
core   0: 3 0x80003180 (0x00089b13) x22 0xfffffbfd
core   0: 0x80003184 (0x9e070f13) addi    t5, a4, -1568
core   0: 3 0x80003184 (0x9e070f13) x30 0x531cdb3c
core   0: 0x80003188 (0x00205393) srli    t2, zero, 2
core   0: 3 0x80003188 (0x00205393) x 7 0x00000000
core   0: 0x8000318c (0x01816433) or      s0, sp, s8
core   0: 3 0x8000318c (0x01816433) x 8 0xe9febbf7
core   0: 0x80003190 (0x9502bd93) sltiu   s11, t0, -1712
core   0: 3 0x80003190 (0x9502bd93) x27 0x00000001
core   0: 0x80003194 (0x008c9c33) sll     s8, s9, s0
core   0: 3 0x80003194 (0x008c9c33) x24 0x00000000
core   0: 0x80003198 (0x01c68fb3) add     t6, a3, t3
core   0: 3 0x80003198 (0x01c68fb3) x31 0x00047990
core   0: 0x8000319c (0x01656cb3) or      s9, a0, s6
core   0: 3 0x8000319c (0x01656cb3) x25 0xffffffff
core   0: 0x800031a0 (0x8fda0393) addi    t2, s4, -1795
core   0: 3 0x800031a0 (0x8fda0393) x 7 0x80011761
core   0: 0x800031a4 (0x40d306b3) sub     a3, t1, a3
core   0: 3 0x800031a4 (0x40d306b3) x13 0x01fe343c
core   0: 0x800031a8 (0x00977cb3) and     s9, a4, s1
core   0: 3 0x800031a8 (0x00977cb3) x25 0x50046100
core   0: 0x800031ac (0x0016beb3) sltu    t4, a3, ra
core   0: 3 0x800031ac (0x0016beb3) x29 0x00000001
core   0: 0x800031b0 (0x008c1cb3) sll     s9, s8, s0
core   0: 3 0x800031b0 (0x008c1cb3) x25 0x00000000
core   0: 0x800031b4 (0x7899ee97) auipc   t4, 0x7899e
core   0: 3 0x800031b4 (0x7899ee97) x29 0xf89a11b4
core   0: 0x800031b8 (0x0187e433) or      s0, a5, s8
core   0: 3 0x800031b8 (0x0187e433) x 8 0xfffff96b
core   0: 0x800031bc (0x01939093) slli    ra, t2, 25
core   0: 3 0x800031bc (0x01939093) x 1 0xc2000000
core   0: 0x800031c0 (0x014620b3) slt     ra, a2, s4
core   0: 3 0x800031c0 (0x014620b3) x 1 0x00000000
core   0: 0x800031c4 (0x0b1bb213) sltiu   tp, s7, 177
core   0: 3 0x800031c4 (0x0b1bb213) x 4 0x00000000
core   0: 0x800031c8 (0x00ed1bb3) sll     s7, s10, a4
core   0: 3 0x800031c8 (0x00ed1bb3) x23 0xe0000000
core   0: 0x800031cc (0x009368b3) or      a7, t1, s1
core   0: 3 0x800031cc (0x009368b3) x17 0xddfe7d3c
core   0: 0x800031d0 (0x002fc833) xor     a6, t6, sp
core   0: 3 0x800031d0 (0x002fc833) x16 0x21fa4253
core   0: 0x800031d4 (0x016f74b3) and     s1, t5, s6
core   0: 3 0x800031d4 (0x016f74b3) x 9 0x531cdb3c
core   0: 0x800031d8 (0x0007e833) or      a6, a5, zero
core   0: 3 0x800031d8 (0x0007e833) x16 0xfffff96b
core   0: 0x800031dc (0x01461893) slli    a7, a2, 20
core   0: 3 0x800031dc (0x01461893) x17 0xaee00000
core   0: 0x800031e0 (0x404452b3) sra     t0, s0, tp
core   0: 3 0x800031e0 (0x404452b3) x 5 0xfffff96b
core   0: 0x800031e4 (0x004d4733) xor     a4, s10, tp
core   0: 3 0x800031e4 (0x004d4733) x14 0xffffffee
core   0: 0x800031e8 (0x01d34f33) xor     t5, t1, t4
core   0: 3 0x800031e8 (0x01d34f33) x30 0xf9642588
core   0: 0x800031ec (0x012fa533) slt     a0, t6, s2
core   0: 3 0x800031ec (0x012fa533) x10 0x00000000
core   0: 0x800031f0 (0x0097f9b3) and     s3, a5, s1
core   0: 3 0x800031f0 (0x0097f9b3) x19 0x531cd928
core   0: 0x800031f4 (0xdb304b13) xori    s6, zero, -589
core   0: 3 0x800031f4 (0xdb304b13) x22 0xfffffdb3
core   0: 0x800031f8 (0x001b3d33) sltu    s10, s6, ra
core   0: 3 0x800031f8 (0x001b3d33) x26 0x00000000
core   0: 0x800031fc (0x0035b8b3) sltu    a7, a1, gp
core   0: 3 0x800031fc (0x0035b8b3) x17 0x00000000
core   0: 0x80003200 (0x014168b3) or      a7, sp, s4
core   0: 3 0x80003200 (0x014168b3) x17 0xa1ff3fe7
core   0: 0x80003204 (0x7ec83413) sltiu   s0, a6, 2028
core   0: 3 0x80003204 (0x7ec83413) x 8 0x00000000
core   0: 0x80003208 (0x00000013) nop
core   0: 3 0x80003208 (0x00000013)
core   0: 0x8000320c (0x00403133) snez    sp, tp
core   0: 3 0x8000320c (0x00403133) x 2 0x00000000
core   0: 0x80003210 (0x0043f733) and     a4, t2, tp
core   0: 3 0x80003210 (0x0043f733) x14 0x00000000
core   0: 0x80003214 (0x01e75733) srl     a4, a4, t5
core   0: 3 0x80003214 (0x01e75733) x14 0x00000000
core   0: 0x80003218 (0x01ccdc13) srli    s8, s9, 28
core   0: 3 0x80003218 (0x01ccdc13) x24 0x00000000
core   0: 0x8000321c (0x01cd0eb3) add     t4, s10, t3
core   0: 3 0x8000321c (0x01cd0eb3) x29 0x00047990
core   0: 0x80003220 (0x011b21b3) slt     gp, s6, a7
core   0: 3 0x80003220 (0x011b21b3) x 3 0x00000000
core   0: 0x80003224 (0x000b67b3) or      a5, s6, zero
core   0: 3 0x80003224 (0x000b67b3) x15 0xfffffdb3
core   0: 0x80003228 (0x00aa9db3) sll     s11, s5, a0
core   0: 3 0x80003228 (0x00aa9db3) x27 0x80015ce4
core   0: 0x8000322c (0x012f4733) xor     a4, t5, s2
core   0: 3 0x8000322c (0x012f4733) x14 0xf9642588
core   0: 0x80003230 (0x176ef813) andi    a6, t4, 374
core   0: 3 0x80003230 (0x176ef813) x16 0x00000110
core   0: 0x80003234 (0x100e4d93) xori    s11, t3, 256
core   0: 3 0x80003234 (0x100e4d93) x27 0x00047890
core   0: 0x80003238 (0x8aea2e93) slti    t4, s4, -1874
core   0: 3 0x80003238 (0x8aea2e93) x29 0x00000001
core   0: 0x8000323c (0x414b5393) srai    t2, s6, 20
core   0: 3 0x8000323c (0x414b5393) x 7 0xffffffff
core   0: 0x80003240 (0x41795013) srai    zero, s2, 23
core   0: 3 0x80003240 (0x41795013)
core   0: 0x80003244 (0x01d12fb3) slt     t6, sp, t4
core   0: 3 0x80003244 (0x01d12fb3) x31 0x00000001
core   0: 0x80003248 (0x0104b5b3) sltu    a1, s1, a6
core   0: 3 0x80003248 (0x0104b5b3) x11 0x00000000
core   0: 0x8000324c (0x436ebe13) sltiu   t3, t4, 1078
core   0: 3 0x8000324c (0x436ebe13) x28 0x00000001
core   0: 0x80003250 (0x62fe6313) ori     t1, t3, 1583
core   0: 3 0x80003250 (0x62fe6313) x 6 0x0000062f
core   0: 0x80003254 (0x01e9c533) xor     a0, s3, t5
core   0: 3 0x80003254 (0x01e9c533) x10 0xaa78fca0
core   0: 0x80003258 (0x01eb1833) sll     a6, s6, t5
core   0: 3 0x80003258 (0x01eb1833) x16 0xfffdb300
core   0: 0x8000325c (0x639f2293) slti    t0, t5, 1593
core   0: 3 0x8000325c (0x639f2293) x 5 0x00000001
core   0: 0x80003260 (0xb7d67713) andi    a4, a2, -1155
core   0: 3 0x80003260 (0xb7d67713) x14 0xef026a6c
core   0: 0x80003264 (0x0175bcb3) sltu    s9, a1, s7
core   0: 3 0x80003264 (0x0175bcb3) x25 0x00000001
core   0: 0x80003268 (0x00000013) nop
core   0: 3 0x80003268 (0x00000013)
core   0: 0x8000326c (0x014a5893) srli    a7, s4, 20
core   0: 3 0x8000326c (0x014a5893) x17 0x00000800
core   0: 0x80003270 (0x7032ed93) ori     s11, t0, 1795
core   0: 3 0x80003270 (0x7032ed93) x27 0x00000703
core   0: 0x80003274 (0x40815993) srai    s3, sp, 8
core   0: 3 0x80003274 (0x40815993) x19 0x00000000
core   0: 0x80003278 (0x07467b93) andi    s7, a2, 116
core   0: 3 0x80003278 (0x07467b93) x23 0x00000064
core   0: 0x8000327c (0x452d0bb7) lui     s7, 0x452d0
core   0: 3 0x8000327c (0x452d0bb7) x23 0x452d0000
core   0: 0x80003280 (0x00000013) nop
core   0: 3 0x80003280 (0x00000013)
core   0: 0x80003284 (0x4154df93) srai    t6, s1, 21
core   0: 3 0x80003284 (0x4154df93) x31 0x00000298
core   0: 0x80003288 (0x00bc5533) srl     a0, s8, a1
core   0: 3 0x80003288 (0x00bc5533) x10 0x00000000
core   0: 0x8000328c (0x00197533) and     a0, s2, ra
core   0: 3 0x8000328c (0x00197533) x10 0x00000000
core   0: 0x80003290 (0x00e879b3) and     s3, a6, a4
core   0: 3 0x80003290 (0x00e879b3) x19 0xef002200
core   0: 0x80003294 (0x1666b113) sltiu   sp, a3, 358
core   0: 3 0x80003294 (0x1666b113) x 2 0x00000000
core   0: 0x80003298 (0x9b647813) andi    a6, s0, -1610
core   0: 3 0x80003298 (0x9b647813) x16 0x00000000
core   0: 0x8000329c (0x01a9bfb3) sltu    t6, s3, s10
core   0: 3 0x8000329c (0x01a9bfb3) x31 0x00000000
core   0: 0x800032a0 (0x00a44333) xor     t1, s0, a0
core   0: 3 0x800032a0 (0x00a44333) x 6 0x00000000
core   0: 0x800032a4 (0x00000013) nop
core   0: 3 0x800032a4 (0x00000013)
core   0: 0x800032a8 (0x00d51813) slli    a6, a0, 13
core   0: 3 0x800032a8 (0x00d51813) x16 0x00000000
core   0: 0x800032ac (0x00000013) nop
core   0: 3 0x800032ac (0x00000013)
core   0: 0x800032b0 (0x4168deb3) sra     t4, a7, s6
core   0: 3 0x800032b0 (0x4168deb3) x29 0x00000000
core   0: 0x800032b4 (0xf7b4e413) ori     s0, s1, -133
core   0: 3 0x800032b4 (0xf7b4e413) x 8 0xffffff7f
core   0: 0x800032b8 (0x97068f13) addi    t5, a3, -1680
core   0: 3 0x800032b8 (0x97068f13) x30 0x01fe2dac
core   0: 0x800032bc (0x416c8fb3) sub     t6, s9, s6
core   0: 3 0x800032bc (0x416c8fb3) x31 0x0000024e
core   0: 0x800032c0 (0x014422b3) slt     t0, s0, s4
core   0: 3 0x800032c0 (0x014422b3) x 5 0x00000000
core   0: 0x800032c4 (0x01d1d913) srli    s2, gp, 29
core   0: 3 0x800032c4 (0x01d1d913) x18 0x00000000
core   0: 0x800032c8 (0x0142c8b3) xor     a7, t0, s4
core   0: 3 0x800032c8 (0x0142c8b3) x17 0x80011e64
core   0: 0x800032cc (0x76838893) addi    a7, t2, 1896
core   0: 3 0x800032cc (0x76838893) x17 0x00000767
core   0: 0x800032d0 (0x85a6eb93) ori     s7, a3, -1958
core   0: 3 0x800032d0 (0x85a6eb93) x23 0xfffffc7e
core   0: 0x800032d4 (0xfeaabc97) auipc   s9, 0xfeaab
core   0: 3 0x800032d4 (0xfeaabc97) x25 0x7eaae2d4
core   0: 0x800032d8 (0x30f35737) lui     a4, 0x30f35
core   0: 3 0x800032d8 (0x30f35737) x14 0x30f35000
core   0: 0x800032dc (0x00d46bb3) or      s7, s0, a3
core   0: 3 0x800032dc (0x00d46bb3) x23 0xffffff7f
core   0: 0x800032e0 (0x43abb093) sltiu   ra, s7, 1082
core   0: 3 0x800032e0 (0x43abb093) x 1 0x00000000
core   0: 0x800032e4 (0x943cff93) andi    t6, s9, -1725
core   0: 3 0x800032e4 (0x943cff93) x31 0x7eaae040
core   0: 0x800032e8 (0x014ee233) or      tp, t4, s4
core   0: 3 0x800032e8 (0x014ee233) x 4 0x80011e64
core   0: 0x800032ec (0xa0598997) auipc   s3, 0xa0598
core   0: 3 0x800032ec (0xa0598997) x19 0x2059b2ec
core   0: 0x800032f0 (0x416604b3) sub     s1, a2, s6
core   0: 3 0x800032f0 (0x416604b3) x 9 0xef026d3b
core   0: 0x800032f4 (0x015349b3) xor     s3, t1, s5
core   0: 3 0x800032f4 (0x015349b3) x19 0x80015ce4
core   0: 0x800032f8 (0xa2e06993) ori     s3, zero, -1490
core   0: 3 0x800032f8 (0xa2e06993) x19 0xfffffa2e
core   0: 0x800032fc (0x001f2733) slt     a4, t5, ra
core   0: 3 0x800032fc (0x001f2733) x14 0x00000000
core   0: 0x80003300 (0x012f5b13) srli    s6, t5, 18
core   0: 3 0x80003300 (0x012f5b13) x22 0x0000007f
core   0: 0x80003304 (0x938b4113) xori    sp, s6, -1736
core   0: 3 0x80003304 (0x938b4113) x 2 0xfffff947
core   0: 0x80003308 (0x00e09213) slli    tp, ra, 14
core   0: 3 0x80003308 (0x00e09213) x 4 0x00000000
core   0: 0x8000330c (0x006b61b3) or      gp, s6, t1
core   0: 3 0x8000330c (0x006b61b3) x 3 0x0000007f
core   0: 0x80003310 (0x001a8cb3) add     s9, s5, ra
core   0: 3 0x80003310 (0x001a8cb3) x25 0x80015ce4
core   0: 0x80003314 (0x40e58bb3) sub     s7, a1, a4
core   0: 3 0x80003314 (0x40e58bb3) x23 0x00000000
core   0: 0x80003318 (0x017eb3b3) sltu    t2, t4, s7
core   0: 3 0x80003318 (0x017eb3b3) x 7 0x00000000
core   0: 0x8000331c (0x17f94d93) xori    s11, s2, 383
core   0: 3 0x8000331c (0x17f94d93) x27 0x0000017f
core   0: 0x80003320 (0x67e1a797) auipc   a5, 0x67e1a
core   0: 3 0x80003320 (0x67e1a797) x15 0xe7e1d320
core   0: 0x80003324 (0xcd4f2e13) slti    t3, t5, -812
core   0: 3 0x80003324 (0xcd4f2e13) x28 0x00000000
core   0: 0x80003328 (0x015d2eb3) slt     t4, s10, s5
core   0: 3 0x80003328 (0x015d2eb3) x29 0x00000000
core   0: 0x8000332c (0x40df5793) srai    a5, t5, 13
core   0: 3 0x8000332c (0x40df5793) x15 0x00000ff1
core   0: 0x80003330 (0x4f810813) addi    a6, sp, 1272
core   0: 3 0x80003330 (0x4f810813) x16 0xfffffe3f
core   0: 0x80003334 (0x40a08233) sub     tp, ra, a0
core   0: 3 0x80003334 (0x40a08233) x 4 0x00000000
core   0: 0x80003338 (0x01768433) add     s0, a3, s7
core   0: 3 0x80003338 (0x01768433) x 8 0x01fe343c
core   0: 0x8000333c (0x00000013) nop
core   0: 3 0x8000333c (0x00000013)
core   0: 0x80003340 (0x40ea5b33) sra     s6, s4, a4
core   0: 3 0x80003340 (0x40ea5b33) x22 0x80011e64
core   0: 0x80003344 (0x000b0bb3) add     s7, s6, zero
core   0: 3 0x80003344 (0x000b0bb3) x23 0x80011e64
core   0: 0x80003348 (0x1d57fb13) andi    s6, a5, 469
core   0: 3 0x80003348 (0x1d57fb13) x22 0x000001d1
core   0: 0x8000334c (0xf12b3c93) sltiu   s9, s6, -238
core   0: 3 0x8000334c (0xf12b3c93) x25 0x00000001
core   0: 0x80003350 (0x01b78eb3) add     t4, a5, s11
core   0: 3 0x80003350 (0x01b78eb3) x29 0x00001170
core   0: 0x80003354 (0xbbe92337) lui     t1, 0xbbe92
core   0: 3 0x80003354 (0xbbe92337) x 6 0xbbe92000
core   0: 0x80003358 (0xd8ec4993) xori    s3, s8, -626
core   0: 3 0x80003358 (0xd8ec4993) x19 0xfffffd8e
core   0: 0x8000335c (0x012961b3) or      gp, s2, s2
core   0: 3 0x8000335c (0x012961b3) x 3 0x00000000
core   0: 0x80003360 (0x00b3a5b3) slt     a1, t2, a1
core   0: 3 0x80003360 (0x00b3a5b3) x11 0x00000000
core   0: 0x80003364 (0x00000013) nop
core   0: 3 0x80003364 (0x00000013)
core   0: 0x80003368 (0x010dee33) or      t3, s11, a6
core   0: 3 0x80003368 (0x010dee33) x28 0xffffff7f
core   0: 0x8000336c (0xadcf3013) sltiu   zero, t5, -1316
core   0: 3 0x8000336c (0xadcf3013)
core   0: 0x80003370 (0x416906b3) sub     a3, s2, s6
core   0: 3 0x80003370 (0x416906b3) x13 0xfffffe2f
core   0: 0x80003374 (0x50523d13) sltiu   s10, tp, 1285
core   0: 3 0x80003374 (0x50523d13) x26 0x00000001
core   0: 0x80003378 (0x00834db3) xor     s11, t1, s0
core   0: 3 0x80003378 (0x00834db3) x27 0xba17143c
core   0: 0x8000337c (0x01c05833) srl     a6, zero, t3
core   0: 3 0x8000337c (0x01c05833) x16 0x00000000
core   0: 0x80003380 (0x00acf7b3) and     a5, s9, a0
core   0: 3 0x80003380 (0x00acf7b3) x15 0x00000000
core   0: 0x80003384 (0x008a86b3) add     a3, s5, s0
core   0: 3 0x80003384 (0x008a86b3) x13 0x81ff9120
core   0: 0x80003388 (0x11d4d2b7) lui     t0, 0x11d4d
core   0: 3 0x80003388 (0x11d4d2b7) x 5 0x11d4d000
core   0: 0x8000338c (0x00471593) slli    a1, a4, 4
core   0: 3 0x8000338c (0x00471593) x11 0x00000000
core   0: 0x80003390 (0x002c9833) sll     a6, s9, sp
core   0: 3 0x80003390 (0x002c9833) x16 0x00000080
core   0: 0x80003394 (0x4083df33) sra     t5, t2, s0
core   0: 3 0x80003394 (0x4083df33) x30 0x00000000
core   0: 0x80003398 (0xe7848893) addi    a7, s1, -392
core   0: 3 0x80003398 (0xe7848893) x17 0xef026bb3
core   0: 0x8000339c (0x02cb6793) ori     a5, s6, 44
core   0: 3 0x8000339c (0x02cb6793) x15 0x000001fd
core   0: 0x800033a0 (0x00127f33) and     t5, tp, ra
core   0: 3 0x800033a0 (0x00127f33) x30 0x00000000
core   0: 0x800033a4 (0xbf1ab713) sltiu   a4, s5, -1039
core   0: 3 0x800033a4 (0xbf1ab713) x14 0x00000001
core   0: 0x800033a8 (0x40310f33) sub     t5, sp, gp
core   0: 3 0x800033a8 (0x40310f33) x30 0xfffff947
core   0: 0x800033ac (0xbabf4d93) xori    s11, t5, -1109
core   0: 3 0x800033ac (0xbabf4d93) x27 0x000002ec
core   0: 0x800033b0 (0x51ddc2b7) lui     t0, 0x51ddc
core   0: 3 0x800033b0 (0x51ddc2b7) x 5 0x51ddc000
core   0: 0x800033b4 (0x00d7f6b3) and     a3, a5, a3
core   0: 3 0x800033b4 (0x00d7f6b3) x13 0x00000120
core   0: 0x800033b8 (0x0032d213) srli    tp, t0, 3
core   0: 3 0x800033b8 (0x0032d213) x 4 0x0a3bb800
core   0: 0x800033bc (0x4197d413) srai    s0, a5, 25
core   0: 3 0x800033bc (0x4197d413) x 8 0x00000000
core   0: 0x800033c0 (0x15796793) ori     a5, s2, 343
core   0: 3 0x800033c0 (0x15796793) x15 0x00000157
core   0: 0x800033c4 (0xedd73b13) sltiu   s6, a4, -291
core   0: 3 0x800033c4 (0xedd73b13) x22 0x00000001
core   0: 0x800033c8 (0x00b4cb33) xor     s6, s1, a1
core   0: 3 0x800033c8 (0x00b4cb33) x22 0xef026d3b
core   0: 0x800033cc (0x01da74b3) and     s1, s4, t4
core   0: 3 0x800033cc (0x01da74b3) x 9 0x00001060
core   0: 0x800033d0 (0x0111a433) slt     s0, gp, a7
core   0: 3 0x800033d0 (0x0111a433) x 8 0x00000000
core   0: 0x800033d4 (0x015f9093) slli    ra, t6, 21
core   0: 3 0x800033d4 (0x015f9093) x 1 0x08000000
core   0: 0x800033d8 (0x01b2a233) slt     tp, t0, s11
core   0: 3 0x800033d8 (0x01b2a233) x 4 0x00000000
core   0: 0x800033dc (0x00d89793) slli    a5, a7, 13
core   0: 3 0x800033dc (0x00d89793) x15 0x4d766000
core   0: 0x800033e0 (0x405e5413) srai    s0, t3, 5
core   0: 3 0x800033e0 (0x405e5413) x 8 0xfffffffb
core   0: 0x800033e4 (0x01d7c933) xor     s2, a5, t4
core   0: 3 0x800033e4 (0x01d7c933) x18 0x4d767170
core   0: 0x800033e8 (0x7c0f7e93) andi    t4, t5, 1984
core   0: 3 0x800033e8 (0x7c0f7e93) x29 0x00000140
core   0: 0x800033ec (0x0073dcb3) srl     s9, t2, t2
core   0: 3 0x800033ec (0x0073dcb3) x25 0x00000000
core   0: 0x800033f0 (0x01b094b3) sll     s1, ra, s11
core   0: 3 0x800033f0 (0x01b094b3) x 9 0x00000000
core   0: 0x800033f4 (0x01a26c33) or      s8, tp, s10
core   0: 3 0x800033f4 (0x01a26c33) x24 0x00000001
core   0: 0x800033f8 (0x01662333) slt     t1, a2, s6
core   0: 3 0x800033f8 (0x01662333) x 6 0x00000001
core   0: 0x800033fc (0x41865d13) srai    s10, a2, 24
core   0: 3 0x800033fc (0x41865d13) x26 0xffffffef
core   0: 0x80003400 (0xcf803d13) sltiu   s10, zero, -776
core   0: 3 0x80003400 (0xcf803d13) x26 0x00000001
core   0: 0x80003404 (0x00e24333) xor     t1, tp, a4
core   0: 3 0x80003404 (0x00e24333) x 6 0x00000001
core   0: 0x80003408 (0x7256b293) sltiu   t0, a3, 1829
core   0: 3 0x80003408 (0x7256b293) x 5 0x00000001
core   0: 0x8000340c (0x0023feb3) and     t4, t2, sp
core   0: 3 0x8000340c (0x0023feb3) x29 0x00000000
core   0: 0x80003410 (0x60c76113) ori     sp, a4, 1548
core   0: 3 0x80003410 (0x60c76113) x 2 0x0000060d
core   0: 0x80003414 (0x01410933) add     s2, sp, s4
core   0: 3 0x80003414 (0x01410933) x18 0x80012471
core   0: 0x80003418 (0x01925413) srli    s0, tp, 25
core   0: 3 0x80003418 (0x01925413) x 8 0x00000000
core   0: 0x8000341c (0x00000013) nop
core   0: 3 0x8000341c (0x00000013)
core   0: 0x80003420 (0x84d3bb97) auipc   s7, 0x84d3b
core   0: 3 0x80003420 (0x84d3bb97) x23 0x04d3e420
core   0: 0x80003424 (0x40495d13) srai    s10, s2, 4
core   0: 3 0x80003424 (0x40495d13) x26 0xf8001247
core   0: 0x80003428 (0x00969493) slli    s1, a3, 9
core   0: 3 0x80003428 (0x00969493) x 9 0x00024000
core   0: 0x8000342c (0x2281eb17) auipc   s6, 0x2281e
core   0: 3 0x8000342c (0x2281eb17) x22 0xa282142c
core   0: 0x80003430 (0x95954013) xori    zero, a0, -1703
core   0: 3 0x80003430 (0x95954013)
core   0: 0x80003434 (0x710ef193) andi    gp, t4, 1808
core   0: 3 0x80003434 (0x710ef193) x 3 0x00000000
core   0: 0x80003438 (0x878afe93) andi    t4, s5, -1928
core   0: 3 0x80003438 (0x878afe93) x29 0x80015860
core   0: 0x8000343c (0x647d3813) sltiu   a6, s10, 1607
core   0: 3 0x8000343c (0x647d3813) x16 0x00000000
core   0: 0x80003440 (0xac040593) addi    a1, s0, -1344
core   0: 3 0x80003440 (0xac040593) x11 0xfffffac0
core   0: 0x80003444 (0x00c0be33) sltu    t3, ra, a2
core   0: 3 0x80003444 (0x00c0be33) x28 0x00000001
core   0: 0x80003448 (0x00945293) srli    t0, s0, 9
core   0: 3 0x80003448 (0x00945293) x 5 0x00000000
core   0: 0x8000344c (0x00000013) nop
core   0: 3 0x8000344c (0x00000013)
core   0: 0x80003450 (0x0000a4b3) slt     s1, ra, zero
core   0: 3 0x80003450 (0x0000a4b3) x 9 0x00000000
core   0: 0x80003454 (0x008dd793) srli    a5, s11, 8
core   0: 3 0x80003454 (0x008dd793) x15 0x00000002
core   0: 0x80003458 (0x00595313) srli    t1, s2, 5
core   0: 3 0x80003458 (0x00595313) x 6 0x04000923
core   0: 0x8000345c (0x0099f2b3) and     t0, s3, s1
core   0: 3 0x8000345c (0x0099f2b3) x 5 0x00000000
core   0: 0x80003460 (0x01005d93) srli    s11, zero, 16
core   0: 3 0x80003460 (0x01005d93) x27 0x00000000
core   0: 0x80003464 (0x00000013) nop
core   0: 3 0x80003464 (0x00000013)
core   0: 0x80003468 (0x01ce4433) xor     s0, t3, t3
core   0: 3 0x80003468 (0x01ce4433) x 8 0x00000000
core   0: 0x8000346c (0x019d92b3) sll     t0, s11, s9
core   0: 3 0x8000346c (0x019d92b3) x 5 0x00000000
core   0: 0x80003470 (0x01a575b3) and     a1, a0, s10
core   0: 3 0x80003470 (0x01a575b3) x11 0x00000000
core   0: 0x80003474 (0x01847933) and     s2, s0, s8
core   0: 3 0x80003474 (0x01847933) x18 0x00000000
core   0: 0x80003478 (0x40778eb3) sub     t4, a5, t2
core   0: 3 0x80003478 (0x40778eb3) x29 0x00000002
core   0: 0x8000347c (0x2594c737) lui     a4, 0x2594c
core   0: 3 0x8000347c (0x2594c737) x14 0x2594c000
core   0: 0x80003480 (0xe2cd7217) auipc   tp, 0xe2cd7
core   0: 3 0x80003480 (0xe2cd7217) x 4 0x62cda480
core   0: 0x80003484 (0x00019093) slli    ra, gp, 0
core   0: 3 0x80003484 (0x00019093) x 1 0x00000000
core   0: 0x80003488 (0x01e5a333) slt     t1, a1, t5
core   0: 3 0x80003488 (0x01e5a333) x 6 0x00000000
core   0: 0x8000348c (0x414d5493) srai    s1, s10, 20
core   0: 3 0x8000348c (0x414d5493) x 9 0xffffff80
core   0: 0x80003490 (0x47bb8193) addi    gp, s7, 1147
core   0: 3 0x80003490 (0x47bb8193) x 3 0x04d3e89b
core   0: 0x80003494 (0x83fee937) lui     s2, 0x83fee
core   0: 3 0x80003494 (0x83fee937) x18 0x83fee000
core   0: 0x80003498 (0x002b66b3) or      a3, s6, sp
core   0: 3 0x80003498 (0x002b66b3) x13 0xa282162d
core   0: 0x8000349c (0xeb2b3893) sltiu   a7, s6, -334
core   0: 3 0x8000349c (0xeb2b3893) x17 0x00000001
core   0: 0x800034a0 (0x00e189b3) add     s3, gp, a4
core   0: 3 0x800034a0 (0x00e189b3) x19 0x2a68a89b
core   0: 0x800034a4 (0x4148d533) sra     a0, a7, s4
core   0: 3 0x800034a4 (0x4148d533) x10 0x00000000
core   0: 0x800034a8 (0x00d39d13) slli    s10, t2, 13
core   0: 3 0x800034a8 (0x00d39d13) x26 0x00000000
core   0: 0x800034ac (0x00c298b3) sll     a7, t0, a2
core   0: 3 0x800034ac (0x00c298b3) x17 0x00000000
core   0: 0x800034b0 (0x01f10433) add     s0, sp, t6
core   0: 3 0x800034b0 (0x01f10433) x 8 0x7eaae64d
core   0: 0x800034b4 (0x561cc113) xori    sp, s9, 1377
core   0: 3 0x800034b4 (0x561cc113) x 2 0x00000561
core   0: 0x800034b8 (0xa5127913) andi    s2, tp, -1455
core   0: 3 0x800034b8 (0xa5127913) x18 0x62cda000
core   0: 0x800034bc (0x01b9a433) slt     s0, s3, s11
core   0: 3 0x800034bc (0x01b9a433) x 8 0x00000000
core   0: 0x800034c0 (0x00e675b3) and     a1, a2, a4
core   0: 3 0x800034c0 (0x00e675b3) x11 0x25004000
core   0: 0x800034c4 (0x01f49113) slli    sp, s1, 31
core   0: 3 0x800034c4 (0x01f49113) x 2 0x00000000
core   0: 0x800034c8 (0x01c289b3) add     s3, t0, t3
core   0: 3 0x800034c8 (0x01c289b3) x19 0x00000001
core   0: 0x800034cc (0x400edf33) sra     t5, t4, zero
core   0: 3 0x800034cc (0x400edf33) x30 0x00000002
core   0: 0x800034d0 (0x016f8eb3) add     t4, t6, s6
core   0: 3 0x800034d0 (0x016f8eb3) x29 0x212cf46c
core   0: 0x800034d4 (0x015fa0b3) slt     ra, t6, s5
core   0: 3 0x800034d4 (0x015fa0b3) x 1 0x00000000
core   0: 0x800034d8 (0xa308c217) auipc   tp, 0xa308c
core   0: 3 0x800034d8 (0xa308c217) x 4 0x2308f4d8
core   0: 0x800034dc (0x00000013) nop
core   0: 3 0x800034dc (0x00000013)
core   0: 0x800034e0 (0x01de42b3) xor     t0, t3, t4
core   0: 3 0x800034e0 (0x01de42b3) x 5 0x212cf46d
core   0: 0x800034e4 (0x00000013) nop
core   0: 3 0x800034e4 (0x00000013)
core   0: 0x800034e8 (0x00a82233) slt     tp, a6, a0
core   0: 3 0x800034e8 (0x00a82233) x 4 0x00000000
core   0: 0x800034ec (0x01e79813) slli    a6, a5, 30
core   0: 3 0x800034ec (0x01e79813) x16 0x80000000
core   0: 0x800034f0 (0x01cd5893) srli    a7, s10, 28
core   0: 3 0x800034f0 (0x01cd5893) x17 0x00000000
core   0: 0x800034f4 (0x01ab11b3) sll     gp, s6, s10
core   0: 3 0x800034f4 (0x01ab11b3) x 3 0xa282142c
core   0: 0x800034f8 (0x3f066413) ori     s0, a2, 1008
core   0: 3 0x800034f8 (0x3f066413) x 8 0xef026bfe
core   0: 0x800034fc (0x00b9bc33) sltu    s8, s3, a1
core   0: 3 0x800034fc (0x00b9bc33) x24 0x00000001
core   0: 0x80003500 (0x00e45b93) srli    s7, s0, 14
core   0: 3 0x80003500 (0x00e45b93) x23 0x0003bc09
core   0: 0x80003504 (0xb32c3893) sltiu   a7, s8, -1230
core   0: 3 0x80003504 (0xb32c3893) x17 0x00000001
core   0: 0x80003508 (0x005ed893) srli    a7, t4, 5
core   0: 3 0x80003508 (0x005ed893) x17 0x010967a3
core   0: 0x8000350c (0x01c5f3b3) and     t2, a1, t3
core   0: 3 0x8000350c (0x01c5f3b3) x 7 0x00000000
core   0: 0x80003510 (0x40a85433) sra     s0, a6, a0
core   0: 3 0x80003510 (0x40a85433) x 8 0x80000000
core   0: 0x80003514 (0x0030db13) srli    s6, ra, 3
core   0: 3 0x80003514 (0x0030db13) x22 0x00000000
core   0: 0x80003518 (0xac22ac13) slti    s8, t0, -1342
core   0: 3 0x80003518 (0xac22ac13) x24 0x00000000
core   0: 0x8000351c (0x00ce0fb3) add     t6, t3, a2
core   0: 3 0x8000351c (0x00ce0fb3) x31 0xef026aef
core   0: 0x80003520 (0x00f6a533) slt     a0, a3, a5
core   0: 3 0x80003520 (0x00f6a533) x10 0x00000001
core   0: 0x80003524 (0x01475b33) srl     s6, a4, s4
core   0: 3 0x80003524 (0x01475b33) x22 0x02594c00
core   0: 0x80003528 (0x00404cb3) xor     s9, zero, tp
core   0: 3 0x80003528 (0x00404cb3) x25 0x00000000
core   0: 0x8000352c (0x009d5233) srl     tp, s10, s1
core   0: 3 0x8000352c (0x009d5233) x 4 0x00000000
core   0: 0x80003530 (0x575af493) andi    s1, s5, 1397
core   0: 3 0x80003530 (0x575af493) x 9 0x00000464
core   0: 0x80003534 (0x0f034e13) xori    t3, t1, 240
core   0: 3 0x80003534 (0x0f034e13) x28 0x000000f0
core   0: 0x80003538 (0x01fdf1b3) and     gp, s11, t6
core   0: 3 0x80003538 (0x01fdf1b3) x 3 0x00000000
core   0: 0x8000353c (0x016b1713) slli    a4, s6, 22
core   0: 3 0x8000353c (0x016b1713) x14 0x00000000
core   0: 0x80003540 (0x013b4e33) xor     t3, s6, s3
core   0: 3 0x80003540 (0x013b4e33) x28 0x02594c01
core   0: 0x80003544 (0x01285493) srli    s1, a6, 18
core   0: 3 0x80003544 (0x01285493) x 9 0x00002000
core   0: 0x80003548 (0xd6e3a113) slti    sp, t2, -658
core   0: 3 0x80003548 (0xd6e3a113) x 2 0x00000000
core   0: 0x8000354c (0x006d38b3) sltu    a7, s10, t1
core   0: 3 0x8000354c (0x006d38b3) x17 0x00000000
core   0: 0x80003550 (0xd7068f37) lui     t5, 0xd7068
core   0: 3 0x80003550 (0xd7068f37) x30 0xd7068000
core   0: 0x80003554 (0x00e79713) slli    a4, a5, 14
core   0: 3 0x80003554 (0x00e79713) x14 0x00008000
core   0: 0x80003558 (0x006bf8b3) and     a7, s7, t1
core   0: 3 0x80003558 (0x006bf8b3) x17 0x00000000
core   0: 0x8000355c (0xd282fd13) andi    s10, t0, -728
core   0: 3 0x8000355c (0xd282fd13) x26 0x212cf428
core   0: 0x80003560 (0x501b4097) auipc   ra, 0x501b4
core   0: 3 0x80003560 (0x501b4097) x 1 0xd01b7560
core   0: 0x80003564 (0x87ecc113) xori    sp, s9, -1922
core   0: 3 0x80003564 (0x87ecc113) x 2 0xfffff87e
core   0: 0x80003568 (0x69902f17) auipc   t5, 0x69902
core   0: 3 0x80003568 (0x69902f17) x30 0xe9905568
core   0: 0x8000356c (0x6e7fe2b7) lui     t0, 0x6e7fe
core   0: 3 0x8000356c (0x6e7fe2b7) x 5 0x6e7fe000
core   0: 0x80003570 (0x415490b7) lui     ra, 0x41549
core   0: 3 0x80003570 (0x415490b7) x 1 0x41549000
core   0: 0x80003574 (0x8b3fddb7) lui     s11, 0x8b3fd
core   0: 3 0x80003574 (0x8b3fddb7) x27 0x8b3fd000
core   0: 0x80003578 (0x00d42933) slt     s2, s0, a3
core   0: 3 0x80003578 (0x00d42933) x18 0x00000001
core   0: 0x8000357c (0x00cdbd33) sltu    s10, s11, a2
core   0: 3 0x8000357c (0x00cdbd33) x26 0x00000001
core   0: 0x80003580 (0x9c647593) andi    a1, s0, -1594
core   0: 3 0x80003580 (0x9c647593) x11 0x80000000
core   0: 0x80003584 (0x01d084b3) add     s1, ra, t4
core   0: 3 0x80003584 (0x01d084b3) x 9 0x6281846c
core   0: 0x80003588 (0x21ae2c97) auipc   s9, 0x21ae2
core   0: 3 0x80003588 (0x21ae2c97) x25 0xa1ae5588
core   0: 0x8000358c (0x39476513) ori     a0, a4, 916
core   0: 3 0x8000358c (0x39476513) x10 0x00008394
core   0: 0x80003590 (0x2fd1a893) slti    a7, gp, 765
core   0: 3 0x80003590 (0x2fd1a893) x17 0x00000001
core   0: 0x80003594 (0x00143c33) sltu    s8, s0, ra
core   0: 3 0x80003594 (0x00143c33) x24 0x00000000
core   0: 0x80003598 (0x00000013) nop
core   0: 3 0x80003598 (0x00000013)
core   0: 0x8000359c (0xf4143f93) sltiu   t6, s0, -191
core   0: 3 0x8000359c (0xf4143f93) x31 0x00000001
core   0: 0x800035a0 (0x01c9bcb3) sltu    s9, s3, t3
core   0: 3 0x800035a0 (0x01c9bcb3) x25 0x00000001
core   0: 0x800035a4 (0x402c5b93) srai    s7, s8, 2
core   0: 3 0x800035a4 (0x402c5b93) x23 0x00000000
core   0: 0x800035a8 (0xc8a74297) auipc   t0, 0xc8a74
core   0: 3 0x800035a8 (0xc8a74297) x 5 0x48a775a8
core   0: 0x800035ac (0x00fe1093) slli    ra, t3, 15
core   0: 3 0x800035ac (0x00fe1093) x 1 0xa6008000
core   0: 0x800035b0 (0x5aadcc13) xori    s8, s11, 1450
core   0: 3 0x800035b0 (0x5aadcc13) x24 0x8b3fd5aa
core   0: 0x800035b4 (0x0012d4b3) srl     s1, t0, ra
core   0: 3 0x800035b4 (0x0012d4b3) x 9 0x48a775a8
core   0: 0x800035b8 (0x8d44b313) sltiu   t1, s1, -1836
core   0: 3 0x800035b8 (0x8d44b313) x 6 0x00000001
core   0: 0x800035bc (0xfac44593) xori    a1, s0, -84
core   0: 3 0x800035bc (0xfac44593) x11 0x7fffffac
core   0: 0x800035c0 (0x01133bb3) sltu    s7, t1, a7
core   0: 3 0x800035c0 (0x01133bb3) x23 0x00000000
core   0: 0x800035c4 (0x00a6ab33) slt     s6, a3, a0
core   0: 3 0x800035c4 (0x00a6ab33) x22 0x00000001
core   0: 0x800035c8 (0x0150f0b3) and     ra, ra, s5
core   0: 3 0x800035c8 (0x0150f0b3) x 1 0x80000000
core   0: 0x800035cc (0xe901e413) ori     s0, gp, -368
core   0: 3 0x800035cc (0xe901e413) x 8 0xfffffe90
core   0: 0x800035d0 (0x45cd4b13) xori    s6, s10, 1116
core   0: 3 0x800035d0 (0x45cd4b13) x22 0x0000045d
core   0: 0x800035d4 (0x5a232713) slti    a4, t1, 1442
core   0: 3 0x800035d4 (0x5a232713) x14 0x00000001
core   0: 0x800035d8 (0x4027d213) srai    tp, a5, 2
core   0: 3 0x800035d8 (0x4027d213) x 4 0x00000000
core   0: 0x800035dc (0x01ecf4b3) and     s1, s9, t5
core   0: 3 0x800035dc (0x01ecf4b3) x 9 0x00000000
core   0: 0x800035e0 (0xc6f18513) addi    a0, gp, -913
core   0: 3 0x800035e0 (0xc6f18513) x10 0xfffffc6f
core   0: 0x800035e4 (0xa6b3c913) xori    s2, t2, -1429
core   0: 3 0x800035e4 (0xa6b3c913) x18 0xfffffa6b
core   0: 0x800035e8 (0x554ab393) sltiu   t2, s5, 1364
core   0: 3 0x800035e8 (0x554ab393) x 7 0x00000000
core   0: 0x800035ec (0x00632fb3) slt     t6, t1, t1
core   0: 3 0x800035ec (0x00632fb3) x31 0x00000000
core   0: 0x800035f0 (0xd54e2d37) lui     s10, 0xd54e2
core   0: 3 0x800035f0 (0xd54e2d37) x26 0xd54e2000
core   0: 0x800035f4 (0x41725433) sra     s0, tp, s7
core   0: 3 0x800035f4 (0x41725433) x 8 0x00000000
core   0: 0x800035f8 (0x01d21393) slli    t2, tp, 29
core   0: 3 0x800035f8 (0x01d21393) x 7 0x00000000
core   0: 0x800035fc (0x018cc733) xor     a4, s9, s8
core   0: 3 0x800035fc (0x018cc733) x14 0x8b3fd5ab
core   0: 0x80003600 (0x41808733) sub     a4, ra, s8
core   0: 3 0x80003600 (0x41808733) x14 0xf4c02a56
core   0: 0x80003604 (0x00000013) nop
core   0: 3 0x80003604 (0x00000013)
core   0: 0x80003608 (0x01fed3b3) srl     t2, t4, t6
core   0: 3 0x80003608 (0x01fed3b3) x 7 0x212cf46c
core   0: 0x8000360c (0x01659db3) sll     s11, a1, s6
core   0: 3 0x8000360c (0x01659db3) x27 0x80000000
core   0: 0x80003610 (0x01309d13) slli    s10, ra, 19
core   0: 3 0x80003610 (0x01309d13) x26 0x00000000
core   0: 0x80003614 (0x01b31e33) sll     t3, t1, s11
core   0: 3 0x80003614 (0x01b31e33) x28 0x00000001
core   0: 0x80003618 (0x00000013) nop
core   0: 3 0x80003618 (0x00000013)
core   0: 0x8000361c (0x001a51b3) srl     gp, s4, ra
core   0: 3 0x8000361c (0x001a51b3) x 3 0x80011e64
core   0: 0x80003620 (0x003ab933) sltu    s2, s5, gp
core   0: 3 0x80003620 (0x003ab933) x18 0x00000000
core   0: 0x80003624 (0x017a0b33) add     s6, s4, s7
core   0: 3 0x80003624 (0x017a0b33) x22 0x80011e64
core   0: 0x80003628 (0x0106b1b3) sltu    gp, a3, a6
core   0: 3 0x80003628 (0x0106b1b3) x 3 0x00000000
core   0: 0x8000362c (0x01ee8933) add     s2, t4, t5
core   0: 3 0x8000362c (0x01ee8933) x18 0x0abd49d4
core   0: 0x80003630 (0x0143b1b3) sltu    gp, t2, s4
core   0: 3 0x80003630 (0x0143b1b3) x 3 0x00000001
core   0: 0x80003634 (0x01e20fb3) add     t6, tp, t5
core   0: 3 0x80003634 (0x01e20fb3) x31 0xe9905568
core   0: 0x80003638 (0x0048a933) slt     s2, a7, tp
core   0: 3 0x80003638 (0x0048a933) x18 0x00000000
core   0: 0x8000363c (0x5a8c4093) xori    ra, s8, 1448
core   0: 3 0x8000363c (0x5a8c4093) x 1 0x8b3fd002
core   0: 0x80003640 (0x40415513) srai    a0, sp, 4
core   0: 3 0x80003640 (0x40415513) x10 0xffffff87
core   0: 0x80003644 (0x00c65213) srli    tp, a2, 12
core   0: 3 0x80003644 (0x00c65213) x 4 0x000ef026
core   0: 0x80003648 (0x57adbc37) lui     s8, 0x57adb
core   0: 3 0x80003648 (0x57adbc37) x24 0x57adb000
core   0: 0x8000364c (0x00e7bc33) sltu    s8, a5, a4
core   0: 3 0x8000364c (0x00e7bc33) x24 0x00000001
core   0: 0x80003650 (0xe90e0fb7) lui     t6, 0xe90e0
core   0: 3 0x80003650 (0xe90e0fb7) x31 0xe90e0000
core   0: 0x80003654 (0x004d7733) and     a4, s10, tp
core   0: 3 0x80003654 (0x004d7733) x14 0x00000000
core   0: 0x80003658 (0x8633f813) andi    a6, t2, -1949
core   0: 3 0x80003658 (0x8633f813) x16 0x212cf060
core   0: 0x8000365c (0xa461eb93) ori     s7, gp, -1466
core   0: 3 0x8000365c (0xa461eb93) x23 0xfffffa47
core   0: 0x80003660 (0x001ee2b3) or      t0, t4, ra
core   0: 3 0x80003660 (0x001ee2b3) x 5 0xab3ff46e
core   0: 0x80003664 (0x400ab993) sltiu   s3, s5, 1024
core   0: 3 0x80003664 (0x400ab993) x19 0x00000000
core   0: 0x80003668 (0x2f4f8393) addi    t2, t6, 756
core   0: 3 0x80003668 (0x2f4f8393) x 7 0xe90e02f4
core   0: 0x8000366c (0x00c65fb3) srl     t6, a2, a2
core   0: 3 0x8000366c (0x00c65fb3) x31 0x0003bc09
core   0: 0x80003670 (0x01188e33) add     t3, a7, a7
core   0: 3 0x80003670 (0x01188e33) x28 0x00000002
core   0: 0x80003674 (0x407d8833) sub     a6, s11, t2
core   0: 3 0x80003674 (0x407d8833) x16 0x96f1fd0c
core   0: 0x80003678 (0x000a7233) and     tp, s4, zero
core   0: 3 0x80003678 (0x000a7233) x 4 0x00000000
core   0: 0x8000367c (0x006ad933) srl     s2, s5, t1
core   0: 3 0x8000367c (0x006ad933) x18 0x4000ae72
core   0: 0x80003680 (0x008b6233) or      tp, s6, s0
core   0: 3 0x80003680 (0x008b6233) x 4 0x80011e64
core   0: 0x80003684 (0x7d7d3e93) sltiu   t4, s10, 2007
core   0: 3 0x80003684 (0x7d7d3e93) x29 0x00000001
core   0: 0x80003688 (0xaa4cc993) xori    s3, s9, -1372
core   0: 3 0x80003688 (0xaa4cc993) x19 0xfffffaa5
core   0: 0x8000368c (0xcb8a2b93) slti    s7, s4, -840
core   0: 3 0x8000368c (0xcb8a2b93) x23 0x00000001
core   0: 0x80003690 (0x00000013) nop
core   0: 3 0x80003690 (0x00000013)
core   0: 0x80003694 (0x65302513) slti    a0, zero, 1619
core   0: 3 0x80003694 (0x65302513) x10 0x00000001
core   0: 0x80003698 (0xc390dd97) auipc   s11, 0xc390d
core   0: 3 0x80003698 (0xc390dd97) x27 0x43910698
core   0: 0x8000369c (0x696f9017) auipc   zero, 0x696f9
core   0: 3 0x8000369c (0x696f9017)
core   0: 0x800036a0 (0x00e3cb33) xor     s6, t2, a4
core   0: 3 0x800036a0 (0x00e3cb33) x22 0xe90e02f4
core   0: 0x800036a4 (0x01e9eeb3) or      t4, s3, t5
core   0: 3 0x800036a4 (0x01e9eeb3) x29 0xffffffed
core   0: 0x800036a8 (0x006de433) or      s0, s11, t1
core   0: 3 0x800036a8 (0x006de433) x 8 0x43910699
core   0: 0x800036ac (0x45177813) andi    a6, a4, 1105
core   0: 3 0x800036ac (0x45177813) x16 0x00000000
core   0: 0x800036b0 (0xfe5239b7) lui     s3, 0xfe523
core   0: 3 0x800036b0 (0xfe5239b7) x19 0xfe523000
core   0: 0x800036b4 (0x00dfe1b3) or      gp, t6, a3
core   0: 3 0x800036b4 (0x00dfe1b3) x 3 0xa283be2d
core   0: 0x800036b8 (0x01c81d33) sll     s10, a6, t3
core   0: 3 0x800036b8 (0x01c81d33) x26 0x00000000
core   0: 0x800036bc (0x83b36293) ori     t0, t1, -1989
core   0: 3 0x800036bc (0x83b36293) x 5 0xfffff83b
core   0: 0x800036c0 (0x00000013) nop
core   0: 3 0x800036c0 (0x00000013)
core   0: 0x800036c4 (0x00f2e2b3) or      t0, t0, a5
core   0: 3 0x800036c4 (0x00f2e2b3) x 5 0xfffff83b
core   0: 0x800036c8 (0x12cae593) ori     a1, s5, 300
core   0: 3 0x800036c8 (0x12cae593) x11 0x80015dec
core   0: 0x800036cc (0x088af513) andi    a0, s5, 136
core   0: 3 0x800036cc (0x088af513) x10 0x00000080
core   0: 0x800036d0 (0x6ec64093) xori    ra, a2, 1772
core   0: 3 0x800036d0 (0x6ec64093) x 1 0xef026c02
core   0: 0x800036d4 (0x88f89317) auipc   t1, 0x88f89
core   0: 3 0x800036d4 (0x88f89317) x 6 0x08f8c6d4
core   0: 0x800036d8 (0x40af0133) sub     sp, t5, a0
core   0: 3 0x800036d8 (0x40af0133) x 2 0xe99054e8
core   0: 0x800036dc (0x00e538b3) sltu    a7, a0, a4
core   0: 3 0x800036dc (0x00e538b3) x17 0x00000000
core   0: 0x800036e0 (0x00000013) nop
core   0: 3 0x800036e0 (0x00000013)
core   0: 0x800036e4 (0x01fd1093) slli    ra, s10, 31
core   0: 3 0x800036e4 (0x01fd1093) x 1 0x00000000
core   0: 0x800036e8 (0x684e7e13) andi    t3, t3, 1668
core   0: 3 0x800036e8 (0x684e7e13) x28 0x00000000
core   0: 0x800036ec (0x1dabb413) sltiu   s0, s7, 474
core   0: 3 0x800036ec (0x1dabb413) x 8 0x00000001
core   0: 0x800036f0 (0x613ff013) andi    zero, t6, 1555
core   0: 3 0x800036f0 (0x613ff013)
core   0: 0x800036f4 (0x01c7b9b3) sltu    s3, a5, t3
core   0: 3 0x800036f4 (0x01c7b9b3) x19 0x00000000
core   0: 0x800036f8 (0x40395733) sra     a4, s2, gp
core   0: 3 0x800036f8 (0x40395733) x14 0x00020005
core   0: 0x800036fc (0x01269033) sll     zero, a3, s2
core   0: 3 0x800036fc (0x01269033)
core   0: 0x80003700 (0x407d02b3) sub     t0, s10, t2
core   0: 3 0x80003700 (0x407d02b3) x 5 0x16f1fd0c
core   0: 0x80003704 (0x009fff33) and     t5, t6, s1
core   0: 3 0x80003704 (0x009fff33) x30 0x00000000
core   0: 0x80003708 (0x0182ed33) or      s10, t0, s8
core   0: 3 0x80003708 (0x0182ed33) x26 0x16f1fd0d
core   0: 0x8000370c (0x0161b4b3) sltu    s1, gp, s6
core   0: 3 0x8000370c (0x0161b4b3) x 9 0x00000001
core   0: 0x80003710 (0x4aaf87b7) lui     a5, 0x4aaf8
core   0: 3 0x80003710 (0x4aaf87b7) x15 0x4aaf8000
core   0: 0x80003714 (0x002b98b3) sll     a7, s7, sp
core   0: 3 0x80003714 (0x002b98b3) x17 0x00000100
core   0: 0x80003718 (0x018bd193) srli    gp, s7, 24
core   0: 3 0x80003718 (0x018bd193) x 3 0x00000000
core   0: 0x8000371c (0x402a09b3) sub     s3, s4, sp
core   0: 3 0x8000371c (0x402a09b3) x19 0x9670c97c
core   0: 0x80003720 (0x40675193) srai    gp, a4, 6
core   0: 3 0x80003720 (0x40675193) x 3 0x00000800
core   0: 0x80003724 (0x26fbbb93) sltiu   s7, s7, 623
core   0: 3 0x80003724 (0x26fbbb93) x23 0x00000001
core   0: 0x80003728 (0xef936b13) ori     s6, t1, -263
core   0: 3 0x80003728 (0xef936b13) x22 0xfffffefd
core   0: 0x8000372c (0xd5125037) lui     zero, 0xd5125
core   0: 3 0x8000372c (0xd5125037)
core   0: 0x80003730 (0x41708d33) sub     s10, ra, s7
core   0: 3 0x80003730 (0x41708d33) x26 0xffffffff
core   0: 0x80003734 (0x010d99b3) sll     s3, s11, a6
core   0: 3 0x80003734 (0x010d99b3) x19 0x43910698
core   0: 0x80003738 (0x59a33493) sltiu   s1, t1, 1434
core   0: 3 0x80003738 (0x59a33493) x 9 0x00000000
core   0: 0x8000373c (0xbd0d3593) sltiu   a1, s10, -1072
core   0: 3 0x8000373c (0xbd0d3593) x11 0x00000000
core   0: 0x80003740 (0xbecbe6b7) lui     a3, 0xbecbe
core   0: 3 0x80003740 (0xbecbe6b7) x13 0xbecbe000
core   0: 0x80003744 (0x01051993) slli    s3, a0, 16
core   0: 3 0x80003744 (0x01051993) x19 0x00800000
core   0: 0x80003748 (0x00000013) nop
core   0: 3 0x80003748 (0x00000013)
core   0: 0x8000374c (0x009212b3) sll     t0, tp, s1
core   0: 3 0x8000374c (0x009212b3) x 5 0x80011e64
core   0: 0x80003750 (0x00000013) nop
core   0: 3 0x80003750 (0x00000013)
core   0: 0x80003754 (0x01d5fcb3) and     s9, a1, t4
core   0: 3 0x80003754 (0x01d5fcb3) x25 0x00000000
core   0: 0x80003758 (0x414dd8b3) sra     a7, s11, s4
core   0: 3 0x80003758 (0x414dd8b3) x17 0x04391069
core   0: 0x8000375c (0x0178e8b3) or      a7, a7, s7
core   0: 3 0x8000375c (0x0178e8b3) x17 0x04391069
core   0: 0x80003760 (0x4158d093) srai    ra, a7, 21
core   0: 3 0x80003760 (0x4158d093) x 1 0x00000021
core   0: 0x80003764 (0xd0fd6513) ori     a0, s10, -753
core   0: 3 0x80003764 (0xd0fd6513) x10 0xffffffff
core   0: 0x80003768 (0x1631a2b7) lui     t0, 0x1631a
core   0: 3 0x80003768 (0x1631a2b7) x 5 0x1631a000
core   0: 0x8000376c (0x41162493) slti    s1, a2, 1041
core   0: 3 0x8000376c (0x41162493) x 9 0x00000001
core   0: 0x80003770 (0x60880813) addi    a6, a6, 1544
core   0: 3 0x80003770 (0x60880813) x16 0x00000608
core   0: 0x80003774 (0x4000d733) sra     a4, ra, zero
core   0: 3 0x80003774 (0x4000d733) x14 0x00000021
core   0: 0x80003778 (0x00000c93) li      s9, 0
core   0: 3 0x80003778 (0x00000c93) x25 0x00000000
core   0: 0x8000377c (0x800000b7) lui     ra, 0x80000
core   0: 3 0x8000377c (0x800000b7) x 1 0x80000000
core   0: 0x80003780 (0xda352137) lui     sp, 0xda352
core   0: 3 0x80003780 (0xda352137) x 2 0xda352000
core   0: 0x80003784 (0xd2810113) addi    sp, sp, -728
core   0: 3 0x80003784 (0xd2810113) x 2 0xda351d28
core   0: 0x80003788 (0xfff00e13) li      t3, -1
core   0: 3 0x80003788 (0xfff00e13) x28 0xffffffff
core   0: 0x8000378c (0x8c322bb7) lui     s7, 0x8c322
core   0: 3 0x8000378c (0x8c322bb7) x23 0x8c322000
core   0: 0x80003790 (0xefeb8b93) addi    s7, s7, -258
core   0: 3 0x80003790 (0xefeb8b93) x23 0x8c321efe
core   0: 0x80003794 (0xfff00913) li      s2, -1
core   0: 3 0x80003794 (0xfff00913) x18 0xffffffff
core   0: 0x80003798 (0x8ce6d7b7) lui     a5, 0x8ce6d
core   0: 3 0x80003798 (0x8ce6d7b7) x15 0x8ce6d000
core   0: 0x8000379c (0x33378793) addi    a5, a5, 819
core   0: 3 0x8000379c (0x33378793) x15 0x8ce6d333
core   0: 0x800037a0 (0xfff00213) li      tp, -1
core   0: 3 0x800037a0 (0xfff00213) x 4 0xffffffff
core   0: 0x800037a4 (0x800008b7) lui     a7, 0x80000
core   0: 3 0x800037a4 (0x800008b7) x17 0x80000000
core   0: 0x800037a8 (0x800001b7) lui     gp, 0x80000
core   0: 3 0x800037a8 (0x800001b7) x 3 0x80000000
core   0: 0x800037ac (0x00000013) nop
core   0: 3 0x800037ac (0x00000013)
core   0: 0x800037b0 (0x642490b7) lui     ra, 0x64249
core   0: 3 0x800037b0 (0x642490b7) x 1 0x64249000
core   0: 0x800037b4 (0x54ebee37) lui     t3, 0x54ebe
core   0: 3 0x800037b4 (0x54ebee37) x28 0x54ebe000
core   0: 0x800037b8 (0x2e178b93) addi    s7, a5, 737
core   0: 3 0x800037b8 (0x2e178b93) x23 0x8ce6d614
core   0: 0x800037bc (0x41210133) sub     sp, sp, s2
core   0: 3 0x800037bc (0x41210133) x 2 0xda351d29
core   0: 0x800037c0 (0x00120e33) add     t3, tp, ra
core   0: 3 0x800037c0 (0x00120e33) x28 0x64248fff
core   0: 0x800037c4 (0x011e0e33) add     t3, t3, a7
core   0: 3 0x800037c4 (0x011e0e33) x28 0xe4248fff
core   0: 0x800037c8 (0x38888937) lui     s2, 0x38888
core   0: 3 0x800037c8 (0x38888937) x18 0x38888000
core   0: 0x800037cc (0xbb78dbb7) lui     s7, 0xbb78d
core   0: 3 0x800037cc (0xbb78dbb7) x23 0xbb78d000
core   0: 0x800037d0 (0x41cc87b3) sub     a5, s9, t3
core   0: 3 0x800037d0 (0x41cc87b3) x15 0x1bdb7001
core   0: 0x800037d4 (0x00308e33) add     t3, ra, gp
core   0: 3 0x800037d4 (0x00308e33) x28 0xe4249000
core   0: 0x800037d8 (0x401c8e33) sub     t3, s9, ra
core   0: 3 0x800037d8 (0x401c8e33) x28 0x9bdb7000
core   0: 0x800037dc (0x002e08b3) add     a7, t3, sp
core   0: 3 0x800037dc (0x002e08b3) x17 0x76108d29
core   0: 0x800037e0 (0x4de20793) addi    a5, tp, 1246
core   0: 3 0x800037e0 (0x4de20793) x15 0x000004dd
core   0: 0x800037e4 (0x00000013) nop
core   0: 3 0x800037e4 (0x00000013)
core   0: 0x800037e8 (0x00000013) nop
core   0: 3 0x800037e8 (0x00000013)
core   0: 0x800037ec (0x9110c513) xori    a0, ra, -1775
core   0: 3 0x800037ec (0x9110c513) x10 0x9bdb6911
core   0: 0x800037f0 (0x0176f8b3) and     a7, a3, s7
core   0: 3 0x800037f0 (0x0176f8b3) x17 0xba48c000
core   0: 0x800037f4 (0x00000013) nop
core   0: 3 0x800037f4 (0x00000013)
core   0: 0x800037f8 (0xe7938413) addi    s0, t2, -391
core   0: 3 0x800037f8 (0xe7938413) x 8 0xe90e016d
core   0: 0x800037fc (0x404a0c33) sub     s8, s4, tp
core   0: 3 0x800037fc (0x404a0c33) x24 0x80011e65
core   0: 0x80003800 (0x01dbf3b3) and     t2, s7, t4
core   0: 3 0x80003800 (0x01dbf3b3) x 7 0xbb78d000
core   0: 0x80003804 (0x41bad8b3) sra     a7, s5, s11
core   0: 3 0x80003804 (0x41bad8b3) x17 0xffffff80
core   0: 0x80003808 (0x40455d33) sra     s10, a0, tp
core   0: 3 0x80003808 (0x40455d33) x26 0xffffffff
core   0: 0x8000380c (0x00000013) nop
core   0: 3 0x8000380c (0x00000013)
core   0: 0x80003810 (0x01de63b3) or      t2, t3, t4
core   0: 3 0x80003810 (0x01de63b3) x 7 0xffffffed
core   0: 0x80003814 (0x00000013) nop
core   0: 3 0x80003814 (0x00000013)
core   0: 0x80003818 (0x012a1113) slli    sp, s4, 18
core   0: 3 0x80003818 (0x012a1113) x 2 0x79900000
core   0: 0x8000381c (0x403b0cb3) sub     s9, s6, gp
core   0: 3 0x8000381c (0x403b0cb3) x25 0x7ffffefd
core   0: 0x80003820 (0x9c8a3e37) lui     t3, 0x9c8a3
core   0: 3 0x80003820 (0x9c8a3e37) x28 0x9c8a3000
core   0: 0x80003824 (0x00dc1d13) slli    s10, s8, 13
core   0: 3 0x80003824 (0x00dc1d13) x26 0x23cca000
core   0: 0x80003828 (0x40f15793) srai    a5, sp, 15
core   0: 3 0x80003828 (0x40f15793) x15 0x0000f320
core   0: 0x8000382c (0xae1afc13) andi    s8, s5, -1311
core   0: 3 0x8000382c (0xae1afc13) x24 0x800158e0
core   0: 0x80003830 (0x0168deb3) srl     t4, a7, s6
core   0: 3 0x80003830 (0x0168deb3) x29 0x00000007
core   0: 0x80003834 (0x001d0233) add     tp, s10, ra
core   0: 3 0x80003834 (0x001d0233) x 4 0x87f13000
core   0: 0x80003838 (0x00000013) nop
core   0: 3 0x80003838 (0x00000013)
core   0: 0x8000383c (0x88c6d7b7) lui     a5, 0x88c6d
core   0: 3 0x8000383c (0x88c6d7b7) x15 0x88c6d000
core   0: 0x80003840 (0xe5d02c93) slti    s9, zero, -419
core   0: 3 0x80003840 (0xe5d02c93) x25 0x00000000
core   0: 0x80003844 (0x7b0f0193) addi    gp, t5, 1968
core   0: 3 0x80003844 (0x7b0f0193) x 3 0x000007b0
core   0: 0x80003848 (0x5a077f13) andi    t5, a4, 1440
core   0: 3 0x80003848 (0x5a077f13) x30 0x00000020
core   0: 0x8000384c (0x013a03b3) add     t2, s4, s3
core   0: 3 0x8000384c (0x013a03b3) x 7 0x80811e64
core   0: 0x80003850 (0x0027bd33) sltu    s10, a5, sp
core   0: 3 0x80003850 (0x0027bd33) x26 0x00000000
core   0: 0x80003854 (0x412b5e33) sra     t3, s6, s2
core   0: 3 0x80003854 (0x412b5e33) x28 0xfffffefd
core   0: 0x80003858 (0x000aceb3) xor     t4, s5, zero
core   0: 3 0x80003858 (0x000aceb3) x29 0x80015ce4
core   0: 0x8000385c (0x014c9293) slli    t0, s9, 20
core   0: 3 0x8000385c (0x014c9293) x 5 0x00000000
core   0: 0x80003860 (0x00000013) nop
core   0: 3 0x80003860 (0x00000013)
core   0: 0x80003864 (0x01f4c133) xor     sp, s1, t6
core   0: 3 0x80003864 (0x01f4c133) x 2 0x0003bc08
core   0: 0x80003868 (0x00bad9b3) srl     s3, s5, a1
core   0: 3 0x80003868 (0x00bad9b3) x19 0x80015ce4
core   0: 0x8000386c (0x01f41fb3) sll     t6, s0, t6
core   0: 3 0x8000386c (0x01f41fb3) x31 0x1c02da00
core   0: 0x80003870 (0x00461b13) slli    s6, a2, 4
core   0: 3 0x80003870 (0x00461b13) x22 0xf026aee0
core   0: 0x80003874 (0x00328cb3) add     s9, t0, gp
core   0: 3 0x80003874 (0x00328cb3) x25 0x000007b0
core   0: 0x80003878 (0x00000013) nop
core   0: 3 0x80003878 (0x00000013)
core   0: 0x8000387c (0x62f33b13) sltiu   s6, t1, 1583
core   0: 3 0x8000387c (0x62f33b13) x22 0x00000000
core   0: 0x80003880 (0x40f35eb3) sra     t4, t1, a5
core   0: 3 0x80003880 (0x40f35eb3) x29 0x08f8c6d4
core   0: 0x80003884 (0x4a0de7b7) lui     a5, 0x4a0de
core   0: 3 0x80003884 (0x4a0de7b7) x15 0x4a0de000
core   0: 0x80003888 (0x9eee4137) lui     sp, 0x9eee4
core   0: 3 0x80003888 (0x9eee4137) x 2 0x9eee4000
core   0: 0x8000388c (0x01379733) sll     a4, a5, s3
core   0: 3 0x8000388c (0x01379733) x14 0xa0de0000
core   0: 0x80003890 (0x30e2e313) ori     t1, t0, 782
core   0: 3 0x80003890 (0x30e2e313) x 6 0x0000030e
core   0: 0x80003894 (0x300e6213) ori     tp, t3, 768
core   0: 3 0x80003894 (0x300e6213) x 4 0xfffffffd
core   0: 0x80003898 (0x40d605b3) sub     a1, a2, a3
core   0: 3 0x80003898 (0x40d605b3) x11 0x30368aee
core   0: 0x8000389c (0x4092dd93) srai    s11, t0, 9
core   0: 3 0x8000389c (0x4092dd93) x27 0x00000000
core   0: 0x800038a0 (0x0013b133) sltu    sp, t2, ra
core   0: 3 0x800038a0 (0x0013b133) x 2 0x00000000
core   0: 0x800038a4 (0x00e0a9b3) slt     s3, ra, a4
core   0: 3 0x800038a4 (0x00e0a9b3) x19 0x00000000
core   0: 0x800038a8 (0x00000013) nop
core   0: 3 0x800038a8 (0x00000013)
core   0: 0x800038ac (0x018213b3) sll     t2, tp, s8
core   0: 3 0x800038ac (0x018213b3) x 7 0xfffffffd
core   0: 0x800038b0 (0x01c51b13) slli    s6, a0, 28
core   0: 3 0x800038b0 (0x01c51b13) x22 0x10000000
core   0: 0x800038b4 (0x53c77093) andi    ra, a4, 1340
core   0: 3 0x800038b4 (0x53c77093) x 1 0x00000000
core   0: 0x800038b8 (0x00a06533) or      a0, zero, a0
core   0: 3 0x800038b8 (0x00a06533) x10 0x9bdb6911
core   0: 0x800038bc (0x00720cb3) add     s9, tp, t2
core   0: 3 0x800038bc (0x00720cb3) x25 0xfffffffa
core   0: 0x800038c0 (0x0152a433) slt     s0, t0, s5
core   0: 3 0x800038c0 (0x0152a433) x 8 0x00000000
core   0: 0x800038c4 (0xa1890313) addi    t1, s2, -1512
core   0: 3 0x800038c4 (0xa1890313) x 6 0x38887a18
core   0: 0x800038c8 (0x410c5cb3) sra     s9, s8, a6
core   0: 3 0x800038c8 (0x410c5cb3) x25 0xff800158
core   0: 0x800038cc (0x00fcd913) srli    s2, s9, 15
core   0: 3 0x800038cc (0x00fcd913) x18 0x0001ff00
core   0: 0x800038d0 (0x43c03d93) sltiu   s11, zero, 1084
core   0: 3 0x800038d0 (0x43c03d93) x27 0x00000001
core   0: 0x800038d4 (0x004a2533) slt     a0, s4, tp
core   0: 3 0x800038d4 (0x004a2533) x10 0x00000001
core   0: 0x800038d8 (0x41620833) sub     a6, tp, s6
core   0: 3 0x800038d8 (0x41620833) x16 0xeffffffd
core   0: 0x800038dc (0x40055133) sra     sp, a0, zero
core   0: 3 0x800038dc (0x40055133) x 2 0x00000001
core   0: 0x800038e0 (0x002e4233) xor     tp, t3, sp
core   0: 3 0x800038e0 (0x002e4233) x 4 0xfffffefc
core   0: 0x800038e4 (0x40ebdc93) srai    s9, s7, 14
core   0: 3 0x800038e4 (0x40ebdc93) x25 0xfffeede3
core   0: 0x800038e8 (0x41255bb3) sra     s7, a0, s2
core   0: 3 0x800038e8 (0x41255bb3) x23 0x00000001
core   0: 0x800038ec (0x00000013) nop
core   0: 3 0x800038ec (0x00000013)
core   0: 0x800038f0 (0x4d6e47b7) lui     a5, 0x4d6e4
core   0: 3 0x800038f0 (0x4d6e47b7) x15 0x4d6e4000
core   0: 0x800038f4 (0xfa8ac213) xori    tp, s5, -88
core   0: 3 0x800038f4 (0xfa8ac213) x 4 0x7ffea34c
core   0: 0x800038f8 (0x01794c33) xor     s8, s2, s7
core   0: 3 0x800038f8 (0x01794c33) x24 0x0001ff01
core   0: 0x800038fc (0x00000013) nop
core   0: 3 0x800038fc (0x00000013)
core   0: 0x80003900 (0x40365f33) sra     t5, a2, gp
core   0: 3 0x80003900 (0x40365f33) x30 0xffffef02
core   0: 0x80003904 (0x00000013) nop
core   0: 3 0x80003904 (0x00000013)
core   0: 0x80003908 (0xa7b78f93) addi    t6, a5, -1413
core   0: 3 0x80003908 (0xa7b78f93) x31 0x4d6e3a7b
core   0: 0x8000390c (0x40615b13) srai    s6, sp, 6
core   0: 3 0x8000390c (0x40615b13) x22 0x00000000
core   0: 0x80003910 (0x004d8233) add     tp, s11, tp
core   0: 3 0x80003910 (0x004d8233) x 4 0x7ffea34d
core   0: 0x80003914 (0x013dde33) srl     t3, s11, s3
core   0: 3 0x80003914 (0x013dde33) x28 0x00000001
core   0: 0x80003918 (0x00fe6bb3) or      s7, t3, a5
core   0: 3 0x80003918 (0x00fe6bb3) x23 0x4d6e4001
core   0: 0x8000391c (0x4fb79197) auipc   gp, 0x4fb79
core   0: 3 0x8000391c (0x4fb79197) x 3 0xcfb7c91c
core   0: 0x80003920 (0x01e8aeb3) slt     t4, a7, t5
core   0: 3 0x80003920 (0x01e8aeb3) x29 0x00000000
core   0: 0x80003924 (0x964ba993) slti    s3, s7, -1692
core   0: 3 0x80003924 (0x964ba993) x19 0x00000000
core   0: 0x80003928 (0x00bef2b3) and     t0, t4, a1
core   0: 3 0x80003928 (0x00bef2b3) x 5 0x00000000
core   0: 0x8000392c (0x8cd912b7) lui     t0, 0x8cd91
core   0: 3 0x8000392c (0x8cd912b7) x 5 0x8cd91000
core   0: 0x80003930 (0x31640193) addi    gp, s0, 790
core   0: 3 0x80003930 (0x31640193) x 3 0x00000316
core   0: 0x80003934 (0x00000013) nop
core   0: 3 0x80003934 (0x00000013)
core   0: 0x80003938 (0x9f9c2493) slti    s1, s8, -1543
core   0: 3 0x80003938 (0x9f9c2493) x 9 0x00000000
core   0: 0x8000393c (0x00a55b13) srli    s6, a0, 10
core   0: 3 0x8000393c (0x00a55b13) x22 0x00000000
core   0: 0x80003940 (0xce5b8593) addi    a1, s7, -795
core   0: 3 0x80003940 (0xce5b8593) x11 0x4d6e3ce6
core   0: 0x80003944 (0x00b0e1b3) or      gp, ra, a1
core   0: 3 0x80003944 (0x00b0e1b3) x 3 0x4d6e3ce6
core   0: 0x80003948 (0x00272e33) slt     t3, a4, sp
core   0: 3 0x80003948 (0x00272e33) x28 0x00000001
core   0: 0x8000394c (0x32f62813) slti    a6, a2, 815
core   0: 3 0x8000394c (0x32f62813) x16 0x00000001
core   0: 0x80003950 (0x9a90e213) ori     tp, ra, -1623
core   0: 3 0x80003950 (0x9a90e213) x 4 0xfffff9a9
core   0: 0x80003954 (0x41f98933) sub     s2, s3, t6
core   0: 3 0x80003954 (0x41f98933) x18 0xb291c585
core   0: 0x80003958 (0xbbac5817) auipc   a6, 0xbbac5
core   0: 3 0x80003958 (0xbbac5817) x16 0x3bac8958
core   0: 0x8000395c (0xa035c113) xori    sp, a1, -1533
core   0: 3 0x8000395c (0xa035c113) x 2 0xb291c6e5
core   0: 0x80003960 (0x562c0c93) addi    s9, s8, 1378
core   0: 3 0x80003960 (0x562c0c93) x25 0x00020463
core   0: 0x80003964 (0x007e66b3) or      a3, t3, t2
core   0: 3 0x80003964 (0x007e66b3) x13 0xfffffffd
core   0: 0x80003968 (0x93188493) addi    s1, a7, -1743
core   0: 3 0x80003968 (0x93188493) x 9 0xfffff8b1
core   0: 0x8000396c (0x946e8093) addi    ra, t4, -1722
core   0: 3 0x8000396c (0x946e8093) x 1 0xfffff946
core   0: 0x80003970 (0x001b60b3) or      ra, s6, ra
core   0: 3 0x80003970 (0x001b60b3) x 1 0xfffff946
core   0: 0x80003974 (0x00825233) srl     tp, tp, s0
core   0: 3 0x80003974 (0x00825233) x 4 0xfffff9a9
core   0: 0x80003978 (0x6564ae37) lui     t3, 0x6564a
core   0: 3 0x80003978 (0x6564ae37) x28 0x6564a000
core   0: 0x8000397c (0x01088eb3) add     t4, a7, a6
core   0: 3 0x8000397c (0x01088eb3) x29 0x3bac88d8
core   0: 0x80003980 (0xb4ebc213) xori    tp, s7, -1202
core   0: 3 0x80003980 (0xb4ebc213) x 4 0xb291bb4f
core   0: 0x80003984 (0x3fbe3293) sltiu   t0, t3, 1019
core   0: 3 0x80003984 (0x3fbe3293) x 5 0x00000000
core   0: 0x80003988 (0xed734f93) xori    t6, t1, -297
core   0: 3 0x80003988 (0xed734f93) x31 0xc77784cf
core   0: 0x8000398c (0x4045ddb3) sra     s11, a1, tp
core   0: 3 0x8000398c (0x4045ddb3) x27 0x00009adc
core   0: 0x80003990 (0x001fec33) or      s8, t6, ra
core   0: 3 0x80003990 (0x001fec33) x24 0xfffffdcf
core   0: 0x80003994 (0x00000013) nop
core   0: 3 0x80003994 (0x00000013)
core   0: 0x80003998 (0x00844e33) xor     t3, s0, s0
core   0: 3 0x80003998 (0x00844e33) x28 0x00000000
core   0: 0x8000399c (0x012de3b3) or      t2, s11, s2
core   0: 3 0x8000399c (0x012de3b3) x 7 0xb291dfdd
core   0: 0x800039a0 (0xa9a4cdb7) lui     s11, 0xa9a4c
core   0: 3 0x800039a0 (0xa9a4cdb7) x27 0xa9a4c000
core   0: 0x800039a4 (0x9e64af93) slti    t6, s1, -1562
core   0: 3 0x800039a4 (0x9e64af93) x31 0x00000001
core   0: 0x800039a8 (0x01c5acb3) slt     s9, a1, t3
core   0: 3 0x800039a8 (0x01c5acb3) x25 0x00000000
core   0: 0x800039ac (0x01cf5813) srli    a6, t5, 28
core   0: 3 0x800039ac (0x01cf5813) x16 0x0000000f
core   0: 0x800039b0 (0x00e22133) slt     sp, tp, a4
core   0: 3 0x800039b0 (0x00e22133) x 2 0x00000000
core   0: 0x800039b4 (0xf0d87817) auipc   a6, 0xf0d87
core   0: 3 0x800039b4 (0xf0d87817) x16 0x70d8a9b4
core   0: 0x800039b8 (0x018576b3) and     a3, a0, s8
core   0: 3 0x800039b8 (0x018576b3) x13 0x00000001
core   0: 0x800039bc (0xbf02ec93) ori     s9, t0, -1040
core   0: 3 0x800039bc (0xbf02ec93) x25 0xfffffbf0
core   0: 0x800039c0 (0x4021d6b3) sra     a3, gp, sp
core   0: 3 0x800039c0 (0x4021d6b3) x13 0x4d6e3ce6
core   0: 0x800039c4 (0xec55b093) sltiu   ra, a1, -315
core   0: 3 0x800039c4 (0xec55b093) x 1 0x00000001
core   0: 0x800039c8 (0x00825d13) srli    s10, tp, 8
core   0: 3 0x800039c8 (0x00825d13) x26 0x00b291bb
core   0: 0x800039cc (0x00399733) sll     a4, s3, gp
core   0: 3 0x800039cc (0x00399733) x14 0x00000000
core   0: 0x800039d0 (0x93104213) xori    tp, zero, -1743
core   0: 3 0x800039d0 (0x93104213) x 4 0xfffff931
core   0: 0x800039d4 (0x406305b3) sub     a1, t1, t1
core   0: 3 0x800039d4 (0x406305b3) x11 0x00000000
core   0: 0x800039d8 (0x01833933) sltu    s2, t1, s8
core   0: 3 0x800039d8 (0x01833933) x18 0x00000001
core   0: 0x800039dc (0x00cfd933) srl     s2, t6, a2
core   0: 3 0x800039dc (0x00cfd933) x18 0x00000000
core   0: 0x800039e0 (0x00ddd293) srli    t0, s11, 13
core   0: 3 0x800039e0 (0x00ddd293) x 5 0x00054d26
core   0: 0x800039e4 (0x405456b3) sra     a3, s0, t0
core   0: 3 0x800039e4 (0x405456b3) x13 0x00000000
core   0: 0x800039e8 (0x01342433) slt     s0, s0, s3
core   0: 3 0x800039e8 (0x01342433) x 8 0x00000000
core   0: 0x800039ec (0x48dcfb13) andi    s6, s9, 1165
core   0: 3 0x800039ec (0x48dcfb13) x22 0x00000080
core   0: 0x800039f0 (0x00a01b13) slli    s6, zero, 10
core   0: 3 0x800039f0 (0x00a01b13) x22 0x00000000
core   0: 0x800039f4 (0x40f35433) sra     s0, t1, a5
core   0: 3 0x800039f4 (0x40f35433) x 8 0x38887a18
core   0: 0x800039f8 (0x485edb97) auipc   s7, 0x485ed
core   0: 3 0x800039f8 (0x485edb97) x23 0xc85f09f8
core   0: 0x800039fc (0x00f89093) slli    ra, a7, 15
core   0: 3 0x800039fc (0x00f89093) x 1 0xffc00000
core   0: 0x80003a00 (0x0181ed33) or      s10, gp, s8
core   0: 3 0x80003a00 (0x0181ed33) x26 0xfffffdef
core   0: 0x80003a04 (0x69e16913) ori     s2, sp, 1694
core   0: 3 0x80003a04 (0x69e16913) x18 0x0000069e
core   0: 0x80003a08 (0x00089013) slli    zero, a7, 0
core   0: 3 0x80003a08 (0x00089013)
core   0: 0x80003a0c (0x01b99313) slli    t1, s3, 27
core   0: 3 0x80003a0c (0x01b99313) x 6 0x00000000
core   0: 0x80003a10 (0x78c51c37) lui     s8, 0x78c51
core   0: 3 0x80003a10 (0x78c51c37) x24 0x78c51000
core   0: 0x80003a14 (0x40c7d913) srai    s2, a5, 12
core   0: 3 0x80003a14 (0x40c7d913) x18 0x0004d6e4
core   0: 0x80003a18 (0x7c9d8593) addi    a1, s11, 1993
core   0: 3 0x80003a18 (0x7c9d8593) x11 0xa9a4c7c9
core   0: 0x80003a1c (0x013fa033) slt     zero, t6, s3
core   0: 3 0x80003a1c (0x013fa033)
core   0: 0x80003a20 (0xdb870013) addi    zero, a4, -584
core   0: 3 0x80003a20 (0xdb870013)
core   0: 0x80003a24 (0x6365e913) ori     s2, a1, 1590
core   0: 3 0x80003a24 (0x6365e913) x18 0xa9a4c7ff
core   0: 0x80003a28 (0x01cc56b3) srl     a3, s8, t3
core   0: 3 0x80003a28 (0x01cc56b3) x13 0x78c51000
core   0: 0x80003a2c (0x0004e6b3) or      a3, s1, zero
core   0: 3 0x80003a2c (0x0004e6b3) x13 0xfffff8b1
core   0: 0x80003a30 (0x6b24b193) sltiu   gp, s1, 1714
core   0: 3 0x80003a30 (0x6b24b193) x 3 0x00000000
core   0: 0x80003a34 (0xe703db17) auipc   s6, 0xe703d
core   0: 3 0x80003a34 (0xe703db17) x22 0x67040a34
core   0: 0x80003a38 (0x01395433) srl     s0, s2, s3
core   0: 3 0x80003a38 (0x01395433) x 8 0xa9a4c7ff
core   0: 0x80003a3c (0x00dda7b3) slt     a5, s11, a3
core   0: 3 0x80003a3c (0x00dda7b3) x15 0x00000001
core   0: 0x80003a40 (0x79f476b7) lui     a3, 0x79f47
core   0: 3 0x80003a40 (0x79f476b7) x13 0x79f47000
core   0: 0x80003a44 (0x00a71433) sll     s0, a4, a0
core   0: 3 0x80003a44 (0x00a71433) x 8 0x00000000
core   0: 0x80003a48 (0x01d3a333) slt     t1, t2, t4
core   0: 3 0x80003a48 (0x01d3a333) x 6 0x00000001
core   0: 0x80003a4c (0x41d2d593) srai    a1, t0, 29
core   0: 3 0x80003a4c (0x41d2d593) x11 0x00000000
core   0: 0x80003a50 (0x01505bb3) srl     s7, zero, s5
core   0: 3 0x80003a50 (0x01505bb3) x23 0x00000000
core   0: 0x80003a54 (0x0093f733) and     a4, t2, s1
core   0: 3 0x80003a54 (0x0093f733) x14 0xb291d891
core   0: 0x80003a58 (0x326617b7) lui     a5, 0x32661
core   0: 3 0x80003a58 (0x326617b7) x15 0x32661000
core   0: 0x80003a5c (0x42f94b93) xori    s7, s2, 1071
core   0: 3 0x80003a5c (0x42f94b93) x23 0xa9a4c3d0
core   0: 0x80003a60 (0x0c32cf93) xori    t6, t0, 195
core   0: 3 0x80003a60 (0x0c32cf93) x31 0x00054de5
core   0: 0x80003a64 (0xf3742d13) slti    s10, s0, -201
core   0: 3 0x80003a64 (0xf3742d13) x26 0x00000000
core   0: 0x80003a68 (0x00a6f8b3) and     a7, a3, a0
core   0: 3 0x80003a68 (0x00a6f8b3) x17 0x00000000
core   0: 0x80003a6c (0x82ddee97) auipc   t4, 0x82dde
core   0: 3 0x80003a6c (0x82ddee97) x29 0x02de1a6c
core   0: 0x80003a70 (0x40400233) sub     tp, zero, tp
core   0: 3 0x80003a70 (0x40400233) x 4 0x000006cf
core   0: 0x80003a74 (0x5739cb13) xori    s6, s3, 1395
core   0: 3 0x80003a74 (0x5739cb13) x22 0x00000573
core   0: 0x80003a78 (0x74836d13) ori     s10, t1, 1864
core   0: 3 0x80003a78 (0x74836d13) x26 0x00000749
core   0: 0x80003a7c (0x003a18b3) sll     a7, s4, gp
core   0: 3 0x80003a7c (0x003a18b3) x17 0x80011e64
core   0: 0x80003a80 (0x0ee41c17) auipc   s8, 0xee41
core   0: 3 0x80003a80 (0x0ee41c17) x24 0x8ee44a80
core   0: 0x80003a84 (0x012aefb3) or      t6, s5, s2
core   0: 3 0x80003a84 (0x012aefb3) x31 0xa9a5dfff
core   0: 0x80003a88 (0x00c269b3) or      s3, tp, a2
core   0: 3 0x80003a88 (0x00c269b3) x19 0xef026eef
core   0: 0x80003a8c (0xa5c3ee93) ori     t4, t2, -1444
core   0: 3 0x80003a8c (0xa5c3ee93) x29 0xffffffdd
core   0: 0x80003a90 (0x47ba2013) slti    zero, s4, 1147
core   0: 3 0x80003a90 (0x47ba2013)
core   0: 0x80003a94 (0x0155e833) or      a6, a1, s5
core   0: 3 0x80003a94 (0x0155e833) x16 0x80015ce4
core   0: 0x80003a98 (0x010e1993) slli    s3, t3, 16
core   0: 3 0x80003a98 (0x010e1993) x19 0x00000000
core   0: 0x80003a9c (0x40218433) sub     s0, gp, sp
core   0: 3 0x80003a9c (0x40218433) x 8 0x00000000
core   0: 0x80003aa0 (0x0088afb3) slt     t6, a7, s0
core   0: 3 0x80003aa0 (0x0088afb3) x31 0x00000001
core   0: 0x80003aa4 (0x00ab87b3) add     a5, s7, a0
core   0: 3 0x80003aa4 (0x00ab87b3) x15 0xa9a4c3d1
core   0: 0x80003aa8 (0x530e6913) ori     s2, t3, 1328
core   0: 3 0x80003aa8 (0x530e6913) x18 0x00000530
core   0: 0x80003aac (0x01894233) xor     tp, s2, s8
core   0: 3 0x80003aac (0x01894233) x 4 0x8ee44fb0
core   0: 0x80003ab0 (0x40d75e93) srai    t4, a4, 13
core   0: 3 0x80003ab0 (0x40d75e93) x29 0xfffd948e
core   0: 0x80003ab4 (0xbd461717) auipc   a4, 0xbd461
core   0: 3 0x80003ab4 (0xbd461717) x14 0x3d464ab4
core   0: 0x80003ab8 (0x00000013) nop
core   0: 3 0x80003ab8 (0x00000013)
core   0: 0x80003abc (0xfbd4b997) auipc   s3, 0xfbd4b
core   0: 3 0x80003abc (0xfbd4b997) x19 0x7bd4eabc
core   0: 0x80003ac0 (0x00c2d813) srli    a6, t0, 12
core   0: 3 0x80003ac0 (0x00c2d813) x16 0x00000054
core   0: 0x80003ac4 (0x01bf3433) sltu    s0, t5, s11
core   0: 3 0x80003ac4 (0x01bf3433) x 8 0x00000000
core   0: 0x80003ac8 (0x4effb593) sltiu   a1, t6, 1263
core   0: 3 0x80003ac8 (0x4effb593) x11 0x00000001
core   0: 0x80003acc (0x40948933) sub     s2, s1, s1
core   0: 3 0x80003acc (0x40948933) x18 0x00000000
core   0: 0x80003ad0 (0x00569d33) sll     s10, a3, t0
core   0: 3 0x80003ad0 (0x00569d33) x26 0x7d1c0000
core   0: 0x80003ad4 (0x019bccb3) xor     s9, s7, s9
core   0: 3 0x80003ad4 (0x019bccb3) x25 0x565b3820
core   0: 0x80003ad8 (0x41fe0033) sub     zero, t3, t6
core   0: 3 0x80003ad8 (0x41fe0033)
core   0: 0x80003adc (0xa796af13) slti    t5, a3, -1415
core   0: 3 0x80003adc (0xa796af13) x30 0x00000000
core   0: 0x80003ae0 (0x01381593) slli    a1, a6, 19
core   0: 3 0x80003ae0 (0x01381593) x11 0x02a00000
core   0: 0x80003ae4 (0x63fc5137) lui     sp, 0x63fc5
core   0: 3 0x80003ae4 (0x63fc5137) x 2 0x63fc5000
core   0: 0x80003ae8 (0x3e970b13) addi    s6, a4, 1001
core   0: 3 0x80003ae8 (0x3e970b13) x22 0x3d464e9d
core   0: 0x80003aec (0x4b5afc93) andi    s9, s5, 1205
core   0: 3 0x80003aec (0x4b5afc93) x25 0x000004a4
core   0: 0x80003af0 (0x0199be33) sltu    t3, s3, s9
core   0: 3 0x80003af0 (0x0199be33) x28 0x00000000
core   0: 0x80003af4 (0x00e74bb3) xor     s7, a4, a4
core   0: 3 0x80003af4 (0x00e74bb3) x23 0x00000000
core   0: 0x80003af8 (0x71fcce13) xori    t3, s9, 1823
core   0: 3 0x80003af8 (0x71fcce13) x28 0x000003bb
core   0: 0x80003afc (0x00f91e13) slli    t3, s2, 15
core   0: 3 0x80003afc (0x00f91e13) x28 0x00000000
core   0: 0x80003b00 (0x7eb7cc93) xori    s9, a5, 2027
core   0: 3 0x80003b00 (0x7eb7cc93) x25 0xa9a4c43a
core   0: 0x80003b04 (0x00000013) nop
core   0: 3 0x80003b04 (0x00000013)
core   0: 0x80003b08 (0xa0ea2713) slti    a4, s4, -1522
core   0: 3 0x80003b08 (0xa0ea2713) x14 0x00000001
core   0: 0x80003b0c (0x00d6f2b3) and     t0, a3, a3
core   0: 3 0x80003b0c (0x00d6f2b3) x 5 0x79f47000
core   0: 0x80003b10 (0x00a45833) srl     a6, s0, a0
core   0: 3 0x80003b10 (0x00a45833) x16 0x00000000
core   0: 0x80003b14 (0x00000013) nop
core   0: 3 0x80003b14 (0x00000013)
core   0: 0x80003b18 (0x404fd013) srai    zero, t6, 4
core   0: 3 0x80003b18 (0x404fd013)
core   0: 0x80003b1c (0x00a06c33) or      s8, zero, a0
core   0: 3 0x80003b1c (0x00a06c33) x24 0x00000001
core   0: 0x80003b20 (0x00595493) srli    s1, s2, 5
core   0: 3 0x80003b20 (0x00595493) x 9 0x00000000
core   0: 0x80003b24 (0x0057d713) srli    a4, a5, 5
core   0: 3 0x80003b24 (0x0057d713) x14 0x054d261e
core   0: 0x80003b28 (0x003986b3) add     a3, s3, gp
core   0: 3 0x80003b28 (0x003986b3) x13 0x7bd4eabc
core   0: 0x80003b2c (0x41e50e33) sub     t3, a0, t5
core   0: 3 0x80003b2c (0x41e50e33) x28 0x00000001
core   0: 0x80003b30 (0x015b9833) sll     a6, s7, s5
core   0: 3 0x80003b30 (0x015b9833) x16 0x00000000
core   0: 0x80003b34 (0x01e993b3) sll     t2, s3, t5
core   0: 3 0x80003b34 (0x01e993b3) x 7 0x7bd4eabc
core   0: 0x80003b38 (0x00acf3b3) and     t2, s9, a0
core   0: 3 0x80003b38 (0x00acf3b3) x 7 0x00000000
core   0: 0x80003b3c (0xfcdf6f13) ori     t5, t5, -51
core   0: 3 0x80003b3c (0xfcdf6f13) x30 0xffffffcd
core   0: 0x80003b40 (0x00f51eb3) sll     t4, a0, a5
core   0: 3 0x80003b40 (0x00f51eb3) x29 0x00020000
core   0: 0x80003b44 (0x0107f8b3) and     a7, a5, a6
core   0: 3 0x80003b44 (0x0107f8b3) x17 0x00000000
core   0: 0x80003b48 (0x015653b3) srl     t2, a2, s5
core   0: 3 0x80003b48 (0x015653b3) x 7 0x0ef026ae
core   0: 0x80003b4c (0x0df7f593) andi    a1, a5, 223
core   0: 3 0x80003b4c (0x0df7f593) x11 0x000000d1
core   0: 0x80003b50 (0x01415913) srli    s2, sp, 20
core   0: 3 0x80003b50 (0x01415913) x18 0x0000063f
core   0: 0x80003b54 (0x2dedf913) andi    s2, s11, 734
core   0: 3 0x80003b54 (0x2dedf913) x18 0x00000000
core   0: 0x80003b58 (0x0065fbb3) and     s7, a1, t1
core   0: 3 0x80003b58 (0x0065fbb3) x23 0x00000001
core   0: 0x80003b5c (0x002f18b3) sll     a7, t5, sp
core   0: 3 0x80003b5c (0x002f18b3) x17 0xffffffcd
core   0: 0x80003b60 (0x019f9513) slli    a0, t6, 25
core   0: 3 0x80003b60 (0x019f9513) x10 0x02000000
core   0: 0x80003b64 (0x6a6ba213) slti    tp, s7, 1702
core   0: 3 0x80003b64 (0x6a6ba213) x 4 0x00000001
core   0: 0x80003b68 (0x40a10eb3) sub     t4, sp, a0
core   0: 3 0x80003b68 (0x40a10eb3) x29 0x61fc5000
core   0: 0x80003b6c (0x018dd713) srli    a4, s11, 24
core   0: 3 0x80003b6c (0x018dd713) x14 0x000000a9
core   0: 0x80003b70 (0x41b65c13) srai    s8, a2, 27
core   0: 3 0x80003b70 (0x41b65c13) x24 0xfffffffd
core   0: 0x80003b74 (0x0009dd13) srli    s10, s3, 0
core   0: 3 0x80003b74 (0x0009dd13) x26 0x7bd4eabc
core   0: 0x80003b78 (0x418e86b3) sub     a3, t4, s8
core   0: 3 0x80003b78 (0x418e86b3) x13 0x61fc5003
core   0: 0x80003b7c (0xda398913) addi    s2, s3, -605
core   0: 3 0x80003b7c (0xda398913) x18 0x7bd4e85f
core   0: 0x80003b80 (0x00e7ceb3) xor     t4, a5, a4
core   0: 3 0x80003b80 (0x00e7ceb3) x29 0xa9a4c378
core   0: 0x80003b84 (0x40975db3) sra     s11, a4, s1
core   0: 3 0x80003b84 (0x40975db3) x27 0x000000a9
core   0: 0x80003b88 (0x17ff00b7) lui     ra, 0x17ff0
core   0: 3 0x80003b88 (0x17ff00b7) x 1 0x17ff0000
core   0: 0x80003b8c (0x009f1333) sll     t1, t5, s1
core   0: 3 0x80003b8c (0x009f1333) x 6 0xffffffcd
core   0: 0x80003b90 (0x017d8733) add     a4, s11, s7
core   0: 3 0x80003b90 (0x017d8733) x14 0x000000aa
core   0: 0x80003b94 (0x4bcf2813) slti    a6, t5, 1212
core   0: 3 0x80003b94 (0x4bcf2813) x16 0x00000001
core   0: 0x80003b98 (0x012907b3) add     a5, s2, s2
core   0: 3 0x80003b98 (0x012907b3) x15 0xf7a9d0be
core   0: 0x80003b9c (0x409dde13) srai    t3, s11, 9
core   0: 3 0x80003b9c (0x409dde13) x28 0x00000000
core   0: 0x80003ba0 (0x00d8d2b3) srl     t0, a7, a3
core   0: 3 0x80003ba0 (0x00d8d2b3) x 5 0x1ffffff9
core   0: 0x80003ba4 (0x01e5e8b3) or      a7, a1, t5
core   0: 3 0x80003ba4 (0x01e5e8b3) x17 0xffffffdd
core   0: 0x80003ba8 (0x00000013) nop
core   0: 3 0x80003ba8 (0x00000013)
core   0: 0x80003bac (0x64382c13) slti    s8, a6, 1603
core   0: 3 0x80003bac (0x64382c13) x24 0x00000001
core   0: 0x80003bb0 (0x017f9693) slli    a3, t6, 23
core   0: 3 0x80003bb0 (0x017f9693) x13 0x00800000
core   0: 0x80003bb4 (0x6b2511b7) lui     gp, 0x6b251
core   0: 3 0x80003bb4 (0x6b2511b7) x 3 0x6b251000
core   0: 0x80003bb8 (0x01762533) slt     a0, a2, s7
core   0: 3 0x80003bb8 (0x01762533) x10 0x00000001
core   0: 0x80003bbc (0x594d2893) slti    a7, s10, 1428
core   0: 3 0x80003bbc (0x594d2893) x17 0x00000000
core   0: 0x80003bc0 (0x00c9adb3) slt     s11, s3, a2
core   0: 3 0x80003bc0 (0x00c9adb3) x27 0x00000000
core   0: 0x80003bc4 (0x010c1cb3) sll     s9, s8, a6
core   0: 3 0x80003bc4 (0x010c1cb3) x25 0x00000002
core   0: 0x80003bc8 (0x019c12b3) sll     t0, s8, s9
core   0: 3 0x80003bc8 (0x019c12b3) x 5 0x00000004
core   0: 0x80003bcc (0x01cbc3b3) xor     t2, s7, t3
core   0: 3 0x80003bcc (0x01cbc3b3) x 7 0x00000001
core   0: 0x80003bd0 (0x017e62b3) or      t0, t3, s7
core   0: 3 0x80003bd0 (0x017e62b3) x 5 0x00000001
core   0: 0x80003bd4 (0x419300b3) sub     ra, t1, s9
core   0: 3 0x80003bd4 (0x419300b3) x 1 0xffffffcb
core   0: 0x80003bd8 (0x00502433) slt     s0, zero, t0
core   0: 3 0x80003bd8 (0x00502433) x 8 0x00000001
core   0: 0x80003bdc (0xff05ef13) ori     t5, a1, -16
core   0: 3 0x80003bdc (0xff05ef13) x30 0xfffffff1
core   0: 0x80003be0 (0x01d10cb3) add     s9, sp, t4
core   0: 3 0x80003be0 (0x01d10cb3) x25 0x0da11378
core   0: 0x80003be4 (0x08220413) addi    s0, tp, 130
core   0: 3 0x80003be4 (0x08220413) x 8 0x00000083
core   0: 0x80003be8 (0x41de0233) sub     tp, t3, t4
core   0: 3 0x80003be8 (0x41de0233) x 4 0x565b3c88
core   0: 0x80003bec (0x00805b93) srli    s7, zero, 8
core   0: 3 0x80003bec (0x00805b93) x23 0x00000000
core   0: 0x80003bf0 (0x0073b2b3) sltu    t0, t2, t2
core   0: 3 0x80003bf0 (0x0073b2b3) x 5 0x00000000
core   0: 0x80003bf4 (0x01837e33) and     t3, t1, s8
core   0: 3 0x80003bf4 (0x01837e33) x28 0x00000001
core   0: 0x80003bf8 (0x2d61f997) auipc   s3, 0x2d61f
core   0: 3 0x80003bf8 (0x2d61f997) x19 0xad622bf8
core   0: 0x80003bfc (0x25f4f317) auipc   t1, 0x25f4f
core   0: 3 0x80003bfc (0x25f4f317) x 6 0xa5f52bfc
core   0: 0x80003c00 (0x01d26fb3) or      t6, tp, t4
core   0: 3 0x80003c00 (0x01d26fb3) x31 0xfffffff8
core   0: 0x80003c04 (0x018413b3) sll     t2, s0, s8
core   0: 3 0x80003c04 (0x018413b3) x 7 0x00000106
core   0: 0x80003c08 (0x0102deb3) srl     t4, t0, a6
core   0: 3 0x80003c08 (0x0102deb3) x29 0x00000000
core   0: 0x80003c0c (0x000cf4b3) and     s1, s9, zero
core   0: 3 0x80003c0c (0x000cf4b3) x 9 0x00000000
core   0: 0x80003c10 (0x35976e13) ori     t3, a4, 857
core   0: 3 0x80003c10 (0x35976e13) x28 0x000003fb
core   0: 0x80003c14 (0xa9d48793) addi    a5, s1, -1379
core   0: 3 0x80003c14 (0xa9d48793) x15 0xfffffa9d
core   0: 0x80003c18 (0x017a3e33) sltu    t3, s4, s7
core   0: 3 0x80003c18 (0x017a3e33) x28 0x00000000
core   0: 0x80003c1c (0x7474a013) slti    zero, s1, 1863
core   0: 3 0x80003c1c (0x7474a013)
core   0: 0x80003c20 (0x402453b3) sra     t2, s0, sp
core   0: 3 0x80003c20 (0x402453b3) x 7 0x00000083
core   0: 0x80003c24 (0x00db8fb3) add     t6, s7, a3
core   0: 3 0x80003c24 (0x00db8fb3) x31 0x00800000
core   0: 0x80003c28 (0x00025733) srl     a4, tp, zero
core   0: 3 0x80003c28 (0x00025733) x14 0x565b3c88
core   0: 0x80003c2c (0x0168c9b3) xor     s3, a7, s6
core   0: 3 0x80003c2c (0x0168c9b3) x19 0x3d464e9d
core   0: 0x80003c30 (0x00010733) add     a4, sp, zero
core   0: 3 0x80003c30 (0x00010733) x14 0x63fc5000
core   0: 0x80003c34 (0x0059d693) srli    a3, s3, 5
core   0: 3 0x80003c34 (0x0059d693) x13 0x01ea3274
core   0: 0x80003c38 (0xda0f4b93) xori    s7, t5, -608
core   0: 3 0x80003c38 (0xda0f4b93) x23 0x00000251
core   0: 0x80003c3c (0x88654913) xori    s2, a0, -1914
core   0: 3 0x80003c3c (0x88654913) x18 0xfffff887
core   0: 0x80003c40 (0x08e44d93) xori    s11, s0, 142
core   0: 3 0x80003c40 (0x08e44d93) x27 0x0000000d
core   0: 0x80003c44 (0x17a07113) andi    sp, zero, 378
core   0: 3 0x80003c44 (0x17a07113) x 2 0x00000000
core   0: 0x80003c48 (0x01609793) slli    a5, ra, 22
core   0: 3 0x80003c48 (0x01609793) x15 0xf2c00000
core   0: 0x80003c4c (0xdc198013) addi    zero, s3, -575
core   0: 3 0x80003c4c (0xdc198013)
core   0: 0x80003c50 (0x0011d493) srli    s1, gp, 1
core   0: 3 0x80003c50 (0x0011d493) x 9 0x35928800
core   0: 0x80003c54 (0x009c5bb3) srl     s7, s8, s1
core   0: 3 0x80003c54 (0x009c5bb3) x23 0x00000001
core   0: 0x80003c58 (0x0160c233) xor     tp, ra, s6
core   0: 3 0x80003c58 (0x0160c233) x 4 0xc2b9b156
core   0: 0x80003c5c (0x00d61233) sll     tp, a2, a3
core   0: 3 0x80003c5c (0x00d61233) x 4 0xaee00000
core   0: 0x80003c60 (0x00e08233) add     tp, ra, a4
core   0: 3 0x80003c60 (0x00e08233) x 4 0x63fc4fcb
core   0: 0x80003c64 (0xb80dd537) lui     a0, 0xb80dd
core   0: 3 0x80003c64 (0xb80dd537) x10 0xb80dd000
core   0: 0x80003c68 (0x01b1d933) srl     s2, gp, s11
core   0: 3 0x80003c68 (0x01b1d933) x18 0x00035928
core   0: 0x80003c6c (0x40bf0fb3) sub     t6, t5, a1
core   0: 3 0x80003c6c (0x40bf0fb3) x31 0xffffff20
core   0: 0x80003c70 (0x0f267397) auipc   t2, 0xf267
core   0: 3 0x80003c70 (0x0f267397) x 7 0x8f26ac70
core   0: 0x80003c74 (0x7be2b593) sltiu   a1, t0, 1982
core   0: 3 0x80003c74 (0x7be2b593) x11 0x00000001
core   0: 0x80003c78 (0xcd623713) sltiu   a4, tp, -810
core   0: 3 0x80003c78 (0xcd623713) x14 0x00000001
core   0: 0x80003c7c (0xbcef8f93) addi    t6, t6, -1074
core   0: 3 0x80003c7c (0xbcef8f93) x31 0xfffffaee
core   0: 0x80003c80 (0x44046493) ori     s1, s0, 1088
core   0: 3 0x80003c80 (0x44046493) x 9 0x000004c3
core   0: 0x80003c84 (0x963c4413) xori    s0, s8, -1693
core   0: 3 0x80003c84 (0x963c4413) x 8 0xfffff962
core   0: 0x80003c88 (0x41bf8d33) sub     s10, t6, s11
core   0: 3 0x80003c88 (0x41bf8d33) x26 0xfffffae1
core   0: 0x80003c8c (0xcf256313) ori     t1, a0, -782
core   0: 3 0x80003c8c (0xcf256313) x 6 0xfffffcf2
core   0: 0x80003c90 (0x0124a1b3) slt     gp, s1, s2
core   0: 3 0x80003c90 (0x0124a1b3) x 3 0x00000001
core   0: 0x80003c94 (0x4035d713) srai    a4, a1, 3
core   0: 3 0x80003c94 (0x4035d713) x14 0x00000000
core   0: 0x80003c98 (0x3deb2713) slti    a4, s6, 990
core   0: 3 0x80003c98 (0x3deb2713) x14 0x00000000
core   0: 0x80003c9c (0x003411b3) sll     gp, s0, gp
core   0: 3 0x80003c9c (0x003411b3) x 3 0xfffff2c4
core   0: 0x80003ca0 (0x87a19e37) lui     t3, 0x87a19
core   0: 3 0x80003ca0 (0x87a19e37) x28 0x87a19000
core   0: 0x80003ca4 (0x00000013) nop
core   0: 3 0x80003ca4 (0x00000013)
core   0: 0x80003ca8 (0x34100c93) li      s9, 833
core   0: 3 0x80003ca8 (0x34100c93) x25 0x00000341
core   0: 0x80003cac (0x01a65013) srli    zero, a2, 26
core   0: 3 0x80003cac (0x01a65013)
core   0: 0x80003cb0 (0x016fcc33) xor     s8, t6, s6
core   0: 3 0x80003cb0 (0x016fcc33) x24 0xc2b9b473
core   0: 0x80003cb4 (0xd0566d13) ori     s10, a2, -763
core   0: 3 0x80003cb4 (0xd0566d13) x26 0xffffffef
core   0: 0x80003cb8 (0x002a24b3) slt     s1, s4, sp
core   0: 3 0x80003cb8 (0x002a24b3) x 9 0x00000001
core   0: 0x80003cbc (0xd9b6a513) slti    a0, a3, -613
core   0: 3 0x80003cbc (0xd9b6a513) x10 0x00000000
core   0: 0x80003cc0 (0x00da55b3) srl     a1, s4, a3
core   0: 3 0x80003cc0 (0x00da55b3) x11 0x00000800
core   0: 0x80003cc4 (0x53cc2b13) slti    s6, s8, 1340
core   0: 3 0x80003cc4 (0x53cc2b13) x22 0x00000001
core   0: 0x80003cc8 (0x007e5c13) srli    s8, t3, 7
core   0: 3 0x80003cc8 (0x007e5c13) x24 0x010f4320
core   0: 0x80003ccc (0x019212b3) sll     t0, tp, s9
core   0: 3 0x80003ccc (0x019212b3) x 5 0xc7f89f96
core   0: 0x80003cd0 (0x41695713) srai    a4, s2, 22
core   0: 3 0x80003cd0 (0x41695713) x14 0x00000000
core   0: 0x80003cd4 (0x4023d0b3) sra     ra, t2, sp
core   0: 3 0x80003cd4 (0x4023d0b3) x 1 0x8f26ac70
core   0: 0x80003cd8 (0x000059b3) srl     s3, zero, zero
core   0: 3 0x80003cd8 (0x000059b3) x19 0x00000000
core   0: 0x80003cdc (0x004ec833) xor     a6, t4, tp
core   0: 3 0x80003cdc (0x004ec833) x16 0x63fc4fcb
core   0: 0x80003ce0 (0x0078e3b3) or      t2, a7, t2
core   0: 3 0x80003ce0 (0x0078e3b3) x 7 0x8f26ac70
core   0: 0x80003ce4 (0x40a704b3) sub     s1, a4, a0
core   0: 3 0x80003ce4 (0x40a704b3) x 9 0x00000000
core   0: 0x80003ce8 (0x017e2cb3) slt     s9, t3, s7
core   0: 3 0x80003ce8 (0x017e2cb3) x25 0x00000001
core   0: 0x80003cec (0x40065393) srai    t2, a2, 0
core   0: 3 0x80003cec (0x40065393) x 7 0xef026aee
core   0: 0x80003cf0 (0x76424113) xori    sp, tp, 1892
core   0: 3 0x80003cf0 (0x76424113) x 2 0x63fc48af
core   0: 0x80003cf4 (0x01fbd913) srli    s2, s7, 31
core   0: 3 0x80003cf4 (0x01fbd913) x18 0x00000000
core   0: 0x80003cf8 (0x41a90733) sub     a4, s2, s10
core   0: 3 0x80003cf8 (0x41a90733) x14 0x00000011
core   0: 0x80003cfc (0x40ee8233) sub     tp, t4, a4
core   0: 3 0x80003cfc (0x40ee8233) x 4 0xffffffef
core   0: 0x80003d00 (0x00bdd893) srli    a7, s11, 11
core   0: 3 0x80003d00 (0x00bdd893) x17 0x00000000
core   0: 0x80003d04 (0x00602b33) slt     s6, zero, t1
core   0: 3 0x80003d04 (0x00602b33) x22 0x00000000
core   0: 0x80003d08 (0x014297b3) sll     a5, t0, s4
core   0: 3 0x80003d08 (0x014297b3) x15 0x7f89f960
core   0: 0x80003d0c (0x4004d913) srai    s2, s1, 0
core   0: 3 0x80003d0c (0x4004d913) x18 0x00000000
core   0: 0x80003d10 (0x01d1f7b3) and     a5, gp, t4
core   0: 3 0x80003d10 (0x01d1f7b3) x15 0x00000000
core   0: 0x80003d14 (0x04a6a517) auipc   a0, 0x4a6a
core   0: 3 0x80003d14 (0x04a6a517) x10 0x84a6dd14
core   0: 0x80003d18 (0x698b6313) ori     t1, s6, 1688
core   0: 3 0x80003d18 (0x698b6313) x 6 0x00000698
core   0: 0x80003d1c (0x4195db13) srai    s6, a1, 25
core   0: 3 0x80003d1c (0x4195db13) x22 0x00000000
core   0: 0x80003d20 (0x01882833) slt     a6, a6, s8
core   0: 3 0x80003d20 (0x01882833) x16 0x00000000
core   0: 0x80003d24 (0x015e2233) slt     tp, t3, s5
core   0: 3 0x80003d24 (0x015e2233) x 4 0x00000000
core   0: 0x80003d28 (0x40205333) sra     t1, zero, sp
core   0: 3 0x80003d28 (0x40205333) x 6 0x00000000
core   0: 0x80003d2c (0x405f54b3) sra     s1, t5, t0
core   0: 3 0x80003d2c (0x405f54b3) x 9 0xffffffff
core   0: 0x80003d30 (0x00cec233) xor     tp, t4, a2
core   0: 3 0x80003d30 (0x00cec233) x 4 0xef026aee
core   0: 0x80003d34 (0x109e2913) slti    s2, t3, 265
core   0: 3 0x80003d34 (0x109e2913) x18 0x00000001
core   0: 0x80003d38 (0x01659b33) sll     s6, a1, s6
core   0: 3 0x80003d38 (0x01659b33) x22 0x00000800
core   0: 0x80003d3c (0x0195d313) srli    t1, a1, 25
core   0: 3 0x80003d3c (0x0195d313) x 6 0x00000000
core   0: 0x80003d40 (0x013444b3) xor     s1, s0, s3
core   0: 3 0x80003d40 (0x013444b3) x 9 0xfffff962
core   0: 0x80003d44 (0x000387b3) add     a5, t2, zero
core   0: 3 0x80003d44 (0x000387b3) x15 0xef026aee
core   0: 0x80003d48 (0x00000013) nop
core   0: 3 0x80003d48 (0x00000013)
core   0: 0x80003d4c (0x41375f93) srai    t6, a4, 19
core   0: 3 0x80003d4c (0x41375f93) x31 0x00000000
core   0: 0x80003d50 (0x013da9b3) slt     s3, s11, s3
core   0: 3 0x80003d50 (0x013da9b3) x19 0x00000000
core   0: 0x80003d54 (0xd5525937) lui     s2, 0xd5525
core   0: 3 0x80003d54 (0xd5525937) x18 0xd5525000
core   0: 0x80003d58 (0x01d147b3) xor     a5, sp, t4
core   0: 3 0x80003d58 (0x01d147b3) x15 0x63fc48af
core   0: 0x80003d5c (0x414a5e13) srai    t3, s4, 20
core   0: 3 0x80003d5c (0x414a5e13) x28 0xfffff800
core   0: 0x80003d60 (0x7c0eaf37) lui     t5, 0x7c0ea
core   0: 3 0x80003d60 (0x7c0eaf37) x30 0x7c0ea000
core   0: 0x80003d64 (0x41a606b3) sub     a3, a2, s10
core   0: 3 0x80003d64 (0x41a606b3) x13 0xef026aff
core   0: 0x80003d68 (0x40f90db3) sub     s11, s2, a5
core   0: 3 0x80003d68 (0x40f90db3) x27 0x71560751
core   0: 0x80003d6c (0x010b9833) sll     a6, s7, a6
core   0: 3 0x80003d6c (0x010b9833) x16 0x00000001
core   0: 0x80003d70 (0x43796093) ori     ra, s2, 1079
core   0: 3 0x80003d70 (0x43796093) x 1 0xd5525437
core   0: 0x80003d74 (0x007a31b3) sltu    gp, s4, t2
core   0: 3 0x80003d74 (0x007a31b3) x 3 0x00000001
core   0: 0x80003d78 (0x54158c93) addi    s9, a1, 1345
core   0: 3 0x80003d78 (0x54158c93) x25 0x00000d41
core   0: 0x80003d7c (0x015c38b3) sltu    a7, s8, s5
core   0: 3 0x80003d7c (0x015c38b3) x17 0x00000001
core   0: 0x80003d80 (0x01474033) xor     zero, a4, s4
core   0: 3 0x80003d80 (0x01474033)
core   0: 0x80003d84 (0xef6fee93) ori     t4, t6, -266
core   0: 3 0x80003d84 (0xef6fee93) x29 0xfffffef6
core   0: 0x80003d88 (0x408c51b3) sra     gp, s8, s0
core   0: 3 0x80003d88 (0x408c51b3) x 3 0x0043d0c8
core   0: 0x80003d8c (0x00fc8bb3) add     s7, s9, a5
core   0: 3 0x80003d8c (0x00fc8bb3) x23 0x63fc55f0
core   0: 0x80003d90 (0x00000013) nop
core   0: 3 0x80003d90 (0x00000013)
core   0: 0x80003d94 (0x10407493) andi    s1, zero, 260
core   0: 3 0x80003d94 (0x10407493) x 9 0x00000000
core   0: 0x80003d98 (0x0636a193) slti    gp, a3, 99
core   0: 3 0x80003d98 (0x0636a193) x 3 0x00000001
core   0: 0x80003d9c (0x88d82c13) slti    s8, a6, -1907
core   0: 3 0x80003d9c (0x88d82c13) x24 0x00000000
core   0: 0x80003da0 (0x002f9813) slli    a6, t6, 2
core   0: 3 0x80003da0 (0x002f9813) x16 0x00000000
core   0: 0x80003da4 (0x41ffd9b3) sra     s3, t6, t6
core   0: 3 0x80003da4 (0x41ffd9b3) x19 0x00000000
core   0: 0x80003da8 (0xd0a8e813) ori     a6, a7, -758
core   0: 3 0x80003da8 (0xd0a8e813) x16 0xfffffd0b
core   0: 0x80003dac (0xcc547393) andi    t2, s0, -827
core   0: 3 0x80003dac (0xcc547393) x 7 0xfffff840
core   0: 0x80003db0 (0x01229813) slli    a6, t0, 18
core   0: 3 0x80003db0 (0x01229813) x16 0x7e580000
core   0: 0x80003db4 (0x40550bb3) sub     s7, a0, t0
core   0: 3 0x80003db4 (0x40550bb3) x23 0xbcae3d7e
core   0: 0x80003db8 (0x00a69413) slli    s0, a3, 10
core   0: 3 0x80003db8 (0x00a69413) x 8 0x09abfc00
core   0: 0x80003dbc (0x00c05c93) srli    s9, zero, 12
core   0: 3 0x80003dbc (0x00c05c93) x25 0x00000000
core   0: 0x80003dc0 (0x00fea3b3) slt     t2, t4, a5
core   0: 3 0x80003dc0 (0x00fea3b3) x 7 0x00000001
core   0: 0x80003dc4 (0x010bdb13) srli    s6, s7, 16
core   0: 3 0x80003dc4 (0x010bdb13) x22 0x0000bcae
core   0: 0x80003dc8 (0x79ca4b93) xori    s7, s4, 1948
core   0: 3 0x80003dc8 (0x79ca4b93) x23 0x800119f8
core   0: 0x80003dcc (0x008a9493) slli    s1, s5, 8
core   0: 3 0x80003dcc (0x008a9493) x 9 0x015ce400
core   0: 0x80003dd0 (0x1f41a213) slti    tp, gp, 500
core   0: 3 0x80003dd0 (0x1f41a213) x 4 0x00000001
core   0: 0x80003dd4 (0x29f138b7) lui     a7, 0x29f13
core   0: 3 0x80003dd4 (0x29f138b7) x17 0x29f13000
core   0: 0x80003dd8 (0x00b17bb3) and     s7, sp, a1
core   0: 3 0x80003dd8 (0x00b17bb3) x23 0x00000800
core   0: 0x80003ddc (0x40dbd593) srai    a1, s7, 13
core   0: 3 0x80003ddc (0x40dbd593) x11 0x00000000
core   0: 0x80003de0 (0xb6d30e13) addi    t3, t1, -1171
core   0: 3 0x80003de0 (0xb6d30e13) x28 0xfffffb6d
core   0: 0x80003de4 (0x74998db7) lui     s11, 0x74998
core   0: 3 0x80003de4 (0x74998db7) x27 0x74998000
core   0: 0x80003de8 (0x41f6dd13) srai    s10, a3, 31
core   0: 3 0x80003de8 (0x41f6dd13) x26 0xffffffff
core   0: 0x80003dec (0x01ca78b3) and     a7, s4, t3
core   0: 3 0x80003dec (0x01ca78b3) x17 0x80011a64
core   0: 0x80003df0 (0x019fd513) srli    a0, t6, 25
core   0: 3 0x80003df0 (0x019fd513) x10 0x00000000
core   0: 0x80003df4 (0x01453d33) sltu    s10, a0, s4
core   0: 3 0x80003df4 (0x01453d33) x26 0x00000001
core   0: 0x80003df8 (0x01a50c33) add     s8, a0, s10
core   0: 3 0x80003df8 (0x01a50c33) x24 0x00000001
core   0: 0x80003dfc (0x00684bb3) xor     s7, a6, t1
core   0: 3 0x80003dfc (0x00684bb3) x23 0x7e580000
core   0: 0x80003e00 (0x00431d93) slli    s11, t1, 4
core   0: 3 0x80003e00 (0x00431d93) x27 0x00000000
core   0: 0x80003e04 (0x01619cb3) sll     s9, gp, s6
core   0: 3 0x80003e04 (0x01619cb3) x25 0x00004000
core   0: 0x80003e08 (0xee4df313) andi    t1, s11, -284
core   0: 3 0x80003e08 (0xee4df313) x 6 0x00000000
core   0: 0x80003e0c (0x00000013) nop
core   0: 3 0x80003e0c (0x00000013)
core   0: 0x80003e10 (0x016b6133) or      sp, s6, s6
core   0: 3 0x80003e10 (0x016b6133) x 2 0x0000bcae
core   0: 0x80003e14 (0xf184b893) sltiu   a7, s1, -232
core   0: 3 0x80003e14 (0xf184b893) x17 0x00000001
core   0: 0x80003e18 (0x00000013) nop
core   0: 3 0x80003e18 (0x00000013)
core   0: 0x80003e1c (0x41385733) sra     a4, a6, s3
core   0: 3 0x80003e1c (0x41385733) x14 0x7e580000
core   0: 0x80003e20 (0xc120ab93) slti    s7, ra, -1006
core   0: 3 0x80003e20 (0xc120ab93) x23 0x00000001
core   0: 0x80003e24 (0x018c0733) add     a4, s8, s8
core   0: 3 0x80003e24 (0x018c0733) x14 0x00000002
core   0: 0x80003e28 (0x002be233) or      tp, s7, sp
core   0: 3 0x80003e28 (0x002be233) x 4 0x0000bcaf
core   0: 0x80003e2c (0xc87b3393) sltiu   t2, s6, -889
core   0: 3 0x80003e2c (0xc87b3393) x 7 0x00000001
core   0: 0x80003e30 (0x00f2e1b3) or      gp, t0, a5
core   0: 3 0x80003e30 (0x00f2e1b3) x 3 0xe7fcdfbf
core   0: 0x80003e34 (0x00e65c93) srli    s9, a2, 14
core   0: 3 0x80003e34 (0x00e65c93) x25 0x0003bc09
core   0: 0x80003e38 (0x01595513) srli    a0, s2, 21
core   0: 3 0x80003e38 (0x01595513) x10 0x000006aa
core   0: 0x80003e3c (0x01925513) srli    a0, tp, 25
core   0: 3 0x80003e3c (0x01925513) x10 0x00000000
core   0: 0x80003e40 (0x00000013) nop
core   0: 3 0x80003e40 (0x00000013)
core   0: 0x80003e44 (0xf1b84393) xori    t2, a6, -229
core   0: 3 0x80003e44 (0xf1b84393) x 7 0x81a7ff1b
core   0: 0x80003e48 (0x00e90e33) add     t3, s2, a4
core   0: 3 0x80003e48 (0x00e90e33) x28 0xd5525002
core   0: 0x80003e4c (0x9b660f13) addi    t5, a2, -1610
core   0: 3 0x80003e4c (0x9b660f13) x30 0xef0264a4
core   0: 0x80003e50 (0x00da98b3) sll     a7, s5, a3
core   0: 3 0x80003e50 (0x00da98b3) x17 0x00000000
core   0: 0x80003e54 (0x01b14c93) xori    s9, sp, 27
core   0: 3 0x80003e54 (0x01b14c93) x25 0x0000bcb5
core   0: 0x80003e58 (0x01435e33) srl     t3, t1, s4
core   0: 3 0x80003e58 (0x01435e33) x28 0x00000000
core   0: 0x80003e5c (0xe7895c97) auipc   s9, 0xe7895
core   0: 3 0x80003e5c (0xe7895c97) x25 0x67898e5c
core   0: 0x80003e60 (0x014746b3) xor     a3, a4, s4
core   0: 3 0x80003e60 (0x014746b3) x13 0x80011e66
core   0: 0x80003e64 (0x00000013) nop
core   0: 3 0x80003e64 (0x00000013)
core   0: 0x80003e68 (0x6070c813) xori    a6, ra, 1543
core   0: 3 0x80003e68 (0x6070c813) x16 0xd5525230
core   0: 0x80003e6c (0x410308b3) sub     a7, t1, a6
core   0: 3 0x80003e6c (0x410308b3) x17 0x2aadadd0
core   0: 0x80003e70 (0x0045de13) srli    t3, a1, 4
core   0: 3 0x80003e70 (0x0045de13) x28 0x00000000
core   0: 0x80003e74 (0x01c31c33) sll     s8, t1, t3
core   0: 3 0x80003e74 (0x01c31c33) x24 0x00000000
core   0: 0x80003e78 (0xd3978b93) addi    s7, a5, -711
core   0: 3 0x80003e78 (0xd3978b93) x23 0x63fc45e8
core   0: 0x80003e7c (0xefcabd93) sltiu   s11, s5, -260
core   0: 3 0x80003e7c (0xefcabd93) x27 0x00000001
core   0: 0x80003e80 (0x6478eb97) auipc   s7, 0x6478e
core   0: 3 0x80003e80 (0x6478eb97) x23 0xe4791e80
core   0: 0x80003e84 (0x00845b13) srli    s6, s0, 8
core   0: 3 0x80003e84 (0x00845b13) x22 0x0009abfc
core   0: 0x80003e88 (0xffb9f917) auipc   s2, 0xffb9f
core   0: 3 0x80003e88 (0xffb9f917) x18 0x7fba2e88
core   0: 0x80003e8c (0xccfcb513) sltiu   a0, s9, -817
core   0: 3 0x80003e8c (0xccfcb513) x10 0x00000001
core   0: 0x80003e90 (0x4173dc93) srai    s9, t2, 23
core   0: 3 0x80003e90 (0x4173dc93) x25 0xffffff03
core   0: 0x80003e94 (0x1617d4b7) lui     s1, 0x1617d
core   0: 3 0x80003e94 (0x1617d4b7) x 9 0x1617d000
core   0: 0x80003e98 (0x00057833) and     a6, a0, zero
core   0: 3 0x80003e98 (0x00057833) x16 0x00000000
core   0: 0x80003e9c (0x0129dcb3) srl     s9, s3, s2
core   0: 3 0x80003e9c (0x0129dcb3) x25 0x00000000
core   0: 0x80003ea0 (0x00901713) slli    a4, zero, 9
core   0: 3 0x80003ea0 (0x00901713) x14 0x00000000
core   0: 0x80003ea4 (0x01e09fb3) sll     t6, ra, t5
core   0: 3 0x80003ea4 (0x01e09fb3) x31 0x55254370
core   0: 0x80003ea8 (0x41300733) sub     a4, zero, s3
core   0: 3 0x80003ea8 (0x41300733) x14 0x00000000
core   0: 0x80003eac (0xc78f7e93) andi    t4, t5, -904
core   0: 3 0x80003eac (0xc78f7e93) x29 0xef026420
core   0: 0x80003eb0 (0x2dd9e493) ori     s1, s3, 733
core   0: 3 0x80003eb0 (0x2dd9e493) x 9 0x000002dd
core   0: 0x80003eb4 (0x1a0b2093) slti    ra, s6, 416
core   0: 3 0x80003eb4 (0x1a0b2093) x 1 0x00000000
core   0: 0x80003eb8 (0xa8694d93) xori    s11, s2, -1402
core   0: 3 0x80003eb8 (0xa8694d93) x27 0x8045d40e
core   0: 0x80003ebc (0x0006eeb3) or      t4, a3, zero
core   0: 3 0x80003ebc (0x0006eeb3) x29 0x80011e66
core   0: 0x80003ec0 (0x0081bf33) sltu    t5, gp, s0
core   0: 3 0x80003ec0 (0x0081bf33) x30 0x00000000
core   0: 0x80003ec4 (0x01cf65b3) or      a1, t5, t3
core   0: 3 0x80003ec4 (0x01cf65b3) x11 0x00000000
core   0: 0x80003ec8 (0x40955b33) sra     s6, a0, s1
core   0: 3 0x80003ec8 (0x40955b33) x22 0x00000000
core   0: 0x80003ecc (0x409c5d33) sra     s10, s8, s1
core   0: 3 0x80003ecc (0x409c5d33) x26 0x00000000
core   0: 0x80003ed0 (0xae7cbfb7) lui     t6, 0xae7cb
core   0: 3 0x80003ed0 (0xae7cbfb7) x31 0xae7cb000
core   0: 0x80003ed4 (0xa1b87b13) andi    s6, a6, -1509
core   0: 3 0x80003ed4 (0xa1b87b13) x22 0x00000000
core   0: 0x80003ed8 (0x01f83fb3) sltu    t6, a6, t6
core   0: 3 0x80003ed8 (0x01f83fb3) x31 0x00000001
core   0: 0x80003edc (0x015488b3) add     a7, s1, s5
core   0: 3 0x80003edc (0x015488b3) x17 0x80015fc1
core   0: 0x80003ee0 (0x8b54f2b7) lui     t0, 0x8b54f
core   0: 3 0x80003ee0 (0x8b54f2b7) x 5 0x8b54f000
core   0: 0x80003ee4 (0x40cbd2b3) sra     t0, s7, a2
core   0: 3 0x80003ee4 (0x40cbd2b3) x 5 0xffff91e4
core   0: 0x80003ee8 (0x4124dc93) srai    s9, s1, 18
core   0: 3 0x80003ee8 (0x4124dc93) x25 0x00000000
core   0: 0x80003eec (0x3a7ba193) slti    gp, s7, 935
core   0: 3 0x80003eec (0x3a7ba193) x 3 0x00000001
core   0: 0x80003ef0 (0x401f0833) sub     a6, t5, ra
core   0: 3 0x80003ef0 (0x401f0833) x16 0x00000000
core   0: 0x80003ef4 (0x00000013) nop
core   0: 3 0x80003ef4 (0x00000013)
core   0: 0x80003ef8 (0x00000013) nop
core   0: 3 0x80003ef8 (0x00000013)
core   0: 0x80003efc (0x401e5313) srai    t1, t3, 1
core   0: 3 0x80003efc (0x401e5313) x 6 0x00000000
core   0: 0x80003f00 (0x55eb3213) sltiu   tp, s6, 1374
core   0: 3 0x80003f00 (0x55eb3213) x 4 0x00000001
core   0: 0x80003f04 (0x51993213) sltiu   tp, s2, 1305
core   0: 3 0x80003f04 (0x51993213) x 4 0x00000000
core   0: 0x80003f08 (0x41715b33) sra     s6, sp, s7
core   0: 3 0x80003f08 (0x41715b33) x22 0x0000bcae
core   0: 0x80003f0c (0x94f67d13) andi    s10, a2, -1713
core   0: 3 0x80003f0c (0x94f67d13) x26 0xef02684e
core   0: 0x80003f10 (0x33d898b7) lui     a7, 0x33d89
core   0: 3 0x80003f10 (0x33d898b7) x17 0x33d89000
core   0: 0x80003f14 (0x40b95733) sra     a4, s2, a1
core   0: 3 0x80003f14 (0x40b95733) x14 0x7fba2e88
core   0: 0x80003f18 (0x01e63c33) sltu    s8, a2, t5
core   0: 3 0x80003f18 (0x01e63c33) x24 0x00000000
core   0: 0x80003f1c (0x00000013) nop
core   0: 3 0x80003f1c (0x00000013)
core   0: 0x80003f20 (0x00000013) nop
core   0: 3 0x80003f20 (0x00000013)
core   0: 0x80003f24 (0x00000013) nop
core   0: 3 0x80003f24 (0x00000013)
core   0: 0x80003f28 (0x019025b3) slt     a1, zero, s9
core   0: 3 0x80003f28 (0x019025b3) x11 0x00000000
core   0: 0x80003f2c (0x004db433) sltu    s0, s11, tp
core   0: 3 0x80003f2c (0x004db433) x 8 0x00000000
core   0: 0x80003f30 (0x009db8b3) sltu    a7, s11, s1
core   0: 3 0x80003f30 (0x009db8b3) x17 0x00000000
core   0: 0x80003f34 (0x0155b9b3) sltu    s3, a1, s5
core   0: 3 0x80003f34 (0x0155b9b3) x19 0x00000001
core   0: 0x80003f38 (0x403f8eb3) sub     t4, t6, gp
core   0: 3 0x80003f38 (0x403f8eb3) x29 0x00000000
core   0: 0x80003f3c (0x408c5933) sra     s2, s8, s0
core   0: 3 0x80003f3c (0x408c5933) x18 0x00000000
core   0: 0x80003f40 (0x01cbeb33) or      s6, s7, t3
core   0: 3 0x80003f40 (0x01cbeb33) x22 0xe4791e80
core   0: 0x80003f44 (0x51068d13) addi    s10, a3, 1296
core   0: 3 0x80003f44 (0x51068d13) x26 0x80012376
core   0: 0x80003f48 (0x492577b7) lui     a5, 0x49257
core   0: 3 0x80003f48 (0x492577b7) x15 0x49257000
core   0: 0x80003f4c (0x009782b3) add     t0, a5, s1
core   0: 3 0x80003f4c (0x009782b3) x 5 0x492572dd
core   0: 0x80003f50 (0x9783a213) slti    tp, t2, -1672
core   0: 3 0x80003f50 (0x9783a213) x 4 0x00000001
core   0: 0x80003f54 (0x00378733) add     a4, a5, gp
core   0: 3 0x80003f54 (0x00378733) x14 0x49257001
core   0: 0x80003f58 (0xf795a817) auipc   a6, 0xf795a
core   0: 3 0x80003f58 (0xf795a817) x16 0x7795df58
core   0: 0x80003f5c (0x00202133) slt     sp, zero, sp
core   0: 3 0x80003f5c (0x00202133) x 2 0x00000001
core   0: 0x80003f60 (0x0dc96d93) ori     s11, s2, 220
core   0: 3 0x80003f60 (0x0dc96d93) x27 0x000000dc
core   0: 0x80003f64 (0x019b9cb3) sll     s9, s7, s9
core   0: 3 0x80003f64 (0x019b9cb3) x25 0xe4791e80
core   0: 0x80003f68 (0x00000013) nop
core   0: 3 0x80003f68 (0x00000013)
core   0: 0x80003f6c (0xd45ce913) ori     s2, s9, -699
core   0: 3 0x80003f6c (0xd45ce913) x18 0xffffffc5
core   0: 0x80003f70 (0x81157f13) andi    t5, a0, -2031
core   0: 3 0x80003f70 (0x81157f13) x30 0x00000001
core   0: 0x80003f74 (0x039ca713) slti    a4, s9, 57
core   0: 3 0x80003f74 (0x039ca713) x14 0x00000001
core   0: 0x80003f78 (0x017db233) sltu    tp, s11, s7
core   0: 3 0x80003f78 (0x017db233) x 4 0x00000001
core   0: 0x80003f7c (0x41b40e33) sub     t3, s0, s11
core   0: 3 0x80003f7c (0x41b40e33) x28 0xffffff24
core   0: 0x80003f80 (0x000869b3) or      s3, a6, zero
core   0: 3 0x80003f80 (0x000869b3) x19 0x7795df58
core   0: 0x80003f84 (0x22d914b7) lui     s1, 0x22d91
core   0: 3 0x80003f84 (0x22d914b7) x 9 0x22d91000
core   0: 0x80003f88 (0x407ed333) sra     t1, t4, t2
core   0: 3 0x80003f88 (0x407ed333) x 6 0x00000000
core   0: 0x80003f8c (0x6ed5a793) slti    a5, a1, 1773
core   0: 3 0x80003f8c (0x6ed5a793) x15 0x00000001
core   0: 0x80003f90 (0x401dd3b3) sra     t2, s11, ra
core   0: 3 0x80003f90 (0x401dd3b3) x 7 0x000000dc
core   0: 0x80003f94 (0x04d26113) ori     sp, tp, 77
core   0: 3 0x80003f94 (0x04d26113) x 2 0x0000004d
core   0: 0x80003f98 (0x010564b3) or      s1, a0, a6
core   0: 3 0x80003f98 (0x010564b3) x 9 0x7795df59
core   0: 0x80003f9c (0x0195b3b3) sltu    t2, a1, s9
core   0: 3 0x80003f9c (0x0195b3b3) x 7 0x00000001
core   0: 0x80003fa0 (0x01fd4433) xor     s0, s10, t6
core   0: 3 0x80003fa0 (0x01fd4433) x 8 0x80012377
core   0: 0x80003fa4 (0x8b2a55b7) lui     a1, 0x8b2a5
core   0: 3 0x80003fa4 (0x8b2a55b7) x11 0x8b2a5000
core   0: 0x80003fa8 (0xdd8abf93) sltiu   t6, s5, -552
core   0: 3 0x80003fa8 (0xdd8abf93) x31 0x00000001
core   0: 0x80003fac (0x01c42cb3) slt     s9, s0, t3
core   0: 3 0x80003fac (0x01c42cb3) x25 0x00000001
core   0: 0x80003fb0 (0x01137233) and     tp, t1, a7
core   0: 3 0x80003fb0 (0x01137233) x 4 0x00000000
core   0: 0x80003fb4 (0x2943ac97) auipc   s9, 0x2943a
core   0: 3 0x80003fb4 (0x2943ac97) x25 0xa943dfb4
core   0: 0x80003fb8 (0xf939c093) xori    ra, s3, -109
core   0: 3 0x80003fb8 (0xf939c093) x 1 0x886a20cb
core   0: 0x80003fbc (0x402fdb13) srai    s6, t6, 2
core   0: 3 0x80003fbc (0x402fdb13) x22 0x00000000
core   0: 0x80003fc0 (0x0185bc33) sltu    s8, a1, s8
core   0: 3 0x80003fc0 (0x0185bc33) x24 0x00000000
core   0: 0x80003fc4 (0xc9ef0e93) addi    t4, t5, -866
core   0: 3 0x80003fc4 (0xc9ef0e93) x29 0xfffffc9f
core   0: 0x80003fc8 (0xae8e7f13) andi    t5, t3, -1304
core   0: 3 0x80003fc8 (0xae8e7f13) x30 0xfffffa20
core   0: 0x80003fcc (0x670f0f93) addi    t6, t5, 1648
core   0: 3 0x80003fcc (0x670f0f93) x31 0x00000090
core   0: 0x80003fd0 (0x00000013) nop
core   0: 3 0x80003fd0 (0x00000013)
core   0: 0x80003fd4 (0x01a7dc13) srli    s8, a5, 26
core   0: 3 0x80003fd4 (0x01a7dc13) x24 0x00000000
core   0: 0x80003fd8 (0xfe012213) slti    tp, sp, -32
core   0: 3 0x80003fd8 (0xfe012213) x 4 0x00000000
core   0: 0x80003fdc (0x003f5333) srl     t1, t5, gp
core   0: 3 0x80003fdc (0x003f5333) x 6 0x7ffffd10
core   0: 0x80003fe0 (0x44ff8593) addi    a1, t6, 1103
core   0: 3 0x80003fe0 (0x44ff8593) x11 0x000004df
core   0: 0x80003fe4 (0x00000013) nop
core   0: 3 0x80003fe4 (0x00000013)
core   0: 0x80003fe8 (0x0171a1b3) slt     gp, gp, s7
core   0: 3 0x80003fe8 (0x0171a1b3) x 3 0x00000000
core   0: 0x80003fec (0x00d56c33) or      s8, a0, a3
core   0: 3 0x80003fec (0x00d56c33) x24 0x80011e67
core   0: 0x80003ff0 (0x43d5e393) ori     t2, a1, 1085
core   0: 3 0x80003ff0 (0x43d5e393) x 7 0x000004ff
core   0: 0x80003ff4 (0xcb7dfe93) andi    t4, s11, -841
core   0: 3 0x80003ff4 (0xcb7dfe93) x29 0x00000094
core   0: 0x80003ff8 (0x8c7f7d13) andi    s10, t5, -1849
core   0: 3 0x80003ff8 (0x8c7f7d13) x26 0xfffff800
core   0: 0x80003ffc (0x41420333) sub     t1, tp, s4
core   0: 3 0x80003ffc (0x41420333) x 6 0x7ffee19c
core   0: 0x80004000 (0x019e6fb3) or      t6, t3, s9
core   0: 3 0x80004000 (0x019e6fb3) x31 0xffffffb4
core   0: 0x80004004 (0x79d93e13) sltiu   t3, s2, 1949
core   0: 3 0x80004004 (0x79d93e13) x28 0x00000000
core   0: 0x80004008 (0xf7521197) auipc   gp, 0xf7521
core   0: 3 0x80004008 (0xf7521197) x 3 0x77525008
core   0: 0x8000400c (0x7fb2b913) sltiu   s2, t0, 2043
core   0: 3 0x8000400c (0x7fb2b913) x18 0x00000000
core   0: 0x80004010 (0x7bd43993) sltiu   s3, s0, 1981
core   0: 3 0x80004010 (0x7bd43993) x19 0x00000000
core   0: 0x80004014 (0x76d91b97) auipc   s7, 0x76d91
core   0: 3 0x80004014 (0x76d91b97) x23 0xf6d95014
core   0: 0x80004018 (0x011925b3) slt     a1, s2, a7
core   0: 3 0x80004018 (0x011925b3) x11 0x00000000
core   0: 0x8000401c (0x010292b3) sll     t0, t0, a6
core   0: 3 0x8000401c (0x010292b3) x 5 0xdd000000
core   0: 0x80004020 (0x01e15733) srl     a4, sp, t5
core   0: 3 0x80004020 (0x01e15733) x14 0x0000004d
core   0: 0x80004024 (0x3acae393) ori     t2, s5, 940
core   0: 3 0x80004024 (0x3acae393) x 7 0x80015fec
core   0: 0x80004028 (0x00000013) nop
core   0: 3 0x80004028 (0x00000013)
core   0: 0x8000402c (0x006ae033) or      zero, s5, t1
core   0: 3 0x8000402c (0x006ae033)
core   0: 0x80004030 (0xf891e793) ori     a5, gp, -119
core   0: 3 0x80004030 (0xf891e793) x15 0xffffff89
core   0: 0x80004034 (0x6417fd93) andi    s11, a5, 1601
core   0: 3 0x80004034 (0x6417fd93) x27 0x00000601
core   0: 0x80004038 (0x8a591417) auipc   s0, 0x8a591
core   0: 3 0x80004038 (0x8a591417) x 8 0x0a595038
core   0: 0x8000403c (0x00d69233) sll     tp, a3, a3
core   0: 3 0x8000403c (0x00d69233) x 4 0x00479980
core   0: 0x80004040 (0x009678b3) and     a7, a2, s1
core   0: 3 0x80004040 (0x009678b3) x17 0x67004a48
core   0: 0x80004044 (0x00b66bb3) or      s7, a2, a1
core   0: 3 0x80004044 (0x00b66bb3) x23 0xef026aee
core   0: 0x80004048 (0x40468d33) sub     s10, a3, tp
core   0: 3 0x80004048 (0x40468d33) x26 0x7fb984e6
core   0: 0x8000404c (0xcd8b8e37) lui     t3, 0xcd8b8
core   0: 3 0x8000404c (0xcd8b8e37) x28 0xcd8b8000
core   0: 0x80004050 (0x014c1513) slli    a0, s8, 20
core   0: 3 0x80004050 (0x014c1513) x10 0xe6700000
core   0: 0x80004054 (0x00729313) slli    t1, t0, 7
core   0: 3 0x80004054 (0x00729313) x 6 0x80000000
core   0: 0x80004058 (0x01e65e13) srli    t3, a2, 30
core   0: 3 0x80004058 (0x01e65e13) x28 0x00000003
core   0: 0x8000405c (0x33647813) andi    a6, s0, 822
core   0: 3 0x8000405c (0x33647813) x16 0x00000030
core   0: 0x80004060 (0x00c2ed33) or      s10, t0, a2
core   0: 3 0x80004060 (0x00c2ed33) x26 0xff026aee
core   0: 0x80004064 (0x00591e93) slli    t4, s2, 5
core   0: 3 0x80004064 (0x00591e93) x29 0x00000000
core   0: 0x80004068 (0x00a2de13) srli    t3, t0, 10
core   0: 3 0x80004068 (0x00a2de13) x28 0x00374000
core   0: 0x8000406c (0x6b288c93) addi    s9, a7, 1714
core   0: 3 0x8000406c (0x6b288c93) x25 0x670050fa
core   0: 0x80004070 (0x00463db3) sltu    s11, a2, tp
core   0: 3 0x80004070 (0x00463db3) x27 0x00000000
core   0: 0x80004074 (0x1282bfb7) lui     t6, 0x1282b
core   0: 3 0x80004074 (0x1282bfb7) x31 0x1282b000
core   0: 0x80004078 (0x40065813) srai    a6, a2, 0
core   0: 3 0x80004078 (0x40065813) x16 0xef026aee
core   0: 0x8000407c (0x01ea3933) sltu    s2, s4, t5
core   0: 3 0x8000407c (0x01ea3933) x18 0x00000001
core   0: 0x80004080 (0x018261b3) or      gp, tp, s8
core   0: 3 0x80004080 (0x018261b3) x 3 0x80479fe7
core   0: 0x80004084 (0x003d08b3) add     a7, s10, gp
core   0: 3 0x80004084 (0x003d08b3) x17 0x7f4a0ad5
core   0: 0x80004088 (0x1dd46437) lui     s0, 0x1dd46
core   0: 3 0x80004088 (0x1dd46437) x 8 0x1dd46000
core   0: 0x8000408c (0x0043d513) srli    a0, t2, 4
core   0: 3 0x8000408c (0x0043d513) x10 0x080015fe
core   0: 0x80004090 (0x6a982797) auipc   a5, 0x6a982
core   0: 3 0x80004090 (0x6a982797) x15 0xea986090
core   0: 0x80004094 (0x0043a133) slt     sp, t2, tp
core   0: 3 0x80004094 (0x0043a133) x 2 0x00000001
core   0: 0x80004098 (0x06ecef13) ori     t5, s9, 110
core   0: 3 0x80004098 (0x06ecef13) x30 0x670050fe
core   0: 0x8000409c (0x00954c33) xor     s8, a0, s1
core   0: 3 0x8000409c (0x00954c33) x24 0x7f95caa7
core   0: 0x800040a0 (0x417dd213) srai    tp, s11, 23
core   0: 3 0x800040a0 (0x417dd213) x 4 0x00000000
core   0: 0x800040a4 (0xc52f0d13) addi    s10, t5, -942
core   0: 3 0x800040a4 (0xc52f0d13) x26 0x67004d50
core   0: 0x800040a8 (0x00000013) nop
core   0: 3 0x800040a8 (0x00000013)
core   0: 0x800040ac (0x01073133) sltu    sp, a4, a6
core   0: 3 0x800040ac (0x01073133) x 2 0x00000001
core   0: 0x800040b0 (0x829c7f13) andi    t5, s8, -2007
core   0: 3 0x800040b0 (0x829c7f13) x30 0x7f95c821
core   0: 0x800040b4 (0x11c80293) addi    t0, a6, 284
core   0: 3 0x800040b4 (0x11c80293) x 5 0xef026c0a
core   0: 0x800040b8 (0x01a4a833) slt     a6, s1, s10
core   0: 3 0x800040b8 (0x01a4a833) x16 0x00000000
core   0: 0x800040bc (0x6ebcbb13) sltiu   s6, s9, 1771
core   0: 3 0x800040bc (0x6ebcbb13) x22 0x00000000
core   0: 0x800040c0 (0x0180deb3) srl     t4, ra, s8
core   0: 3 0x800040c0 (0x0180deb3) x29 0x0110d441
core   0: 0x800040c4 (0x010005b3) add     a1, zero, a6
core   0: 3 0x800040c4 (0x010005b3) x11 0x00000000
core   0: 0x800040c8 (0xfebfa013) slti    zero, t6, -21
core   0: 3 0x800040c8 (0xfebfa013)
core   0: 0x800040cc (0x01aca7b3) slt     a5, s9, s10
core   0: 3 0x800040cc (0x01aca7b3) x15 0x00000000
core   0: 0x800040d0 (0x982dbf17) auipc   t5, 0x982db
core   0: 3 0x800040d0 (0x982dbf17) x30 0x182df0d0
core   0: 0x800040d4 (0x00b01893) slli    a7, zero, 11
core   0: 3 0x800040d4 (0x00b01893) x17 0x00000000
core   0: 0x800040d8 (0x00a3dd13) srli    s10, t2, 10
core   0: 3 0x800040d8 (0x00a3dd13) x26 0x00200057
core   0: 0x800040dc (0xbc074d93) xori    s11, a4, -1088
core   0: 3 0x800040dc (0xbc074d93) x27 0xfffffb8d
core   0: 0x800040e0 (0x002ad733) srl     a4, s5, sp
core   0: 3 0x800040e0 (0x002ad733) x14 0x4000ae72
core   0: 0x800040e4 (0x00e55713) srli    a4, a0, 14
core   0: 3 0x800040e4 (0x00e55713) x14 0x00002000
core   0: 0x800040e8 (0x405ad193) srai    gp, s5, 5
core   0: 3 0x800040e8 (0x405ad193) x 3 0xfc000ae7
core   0: 0x800040ec (0x01f477b3) and     a5, s0, t6
core   0: 3 0x800040ec (0x01f477b3) x15 0x10802000
core   0: 0x800040f0 (0x019a32b3) sltu    t0, s4, s9
core   0: 3 0x800040f0 (0x019a32b3) x 5 0x00000000
core   0: 0x800040f4 (0x00232233) slt     tp, t1, sp
core   0: 3 0x800040f4 (0x00232233) x 4 0x00000001
core   0: 0x800040f8 (0x5c3af013) andi    zero, s5, 1475
core   0: 3 0x800040f8 (0x5c3af013)
core   0: 0x800040fc (0xc8050cb7) lui     s9, 0xc8050
core   0: 3 0x800040fc (0xc8050cb7) x25 0xc8050000
core   0: 0x80004100 (0x4ce57917) auipc   s2, 0x4ce57
core   0: 3 0x80004100 (0x4ce57917) x18 0xcce5b100
core   0: 0x80004104 (0x01bc46b3) xor     a3, s8, s11
core   0: 3 0x80004104 (0x01bc46b3) x13 0x806a312a
core   0: 0x80004108 (0x016dbf33) sltu    t5, s11, s6
core   0: 3 0x80004108 (0x016dbf33) x30 0x00000000
core   0: 0x8000410c (0x4061d1b3) sra     gp, gp, t1
core   0: 3 0x8000410c (0x4061d1b3) x 3 0xfc000ae7
core   0: 0x80004110 (0x875faf13) slti    t5, t6, -1931
core   0: 3 0x80004110 (0x875faf13) x30 0x00000000
core   0: 0x80004114 (0x0015a133) slt     sp, a1, ra
core   0: 3 0x80004114 (0x0015a133) x 2 0x00000000
core   0: 0x80004118 (0x0046d193) srli    gp, a3, 4
core   0: 3 0x80004118 (0x0046d193) x 3 0x0806a312
core   0: 0x8000411c (0x01711893) slli    a7, sp, 23
core   0: 3 0x8000411c (0x01711893) x17 0x00000000
core   0: 0x80004120 (0xfa533913) sltiu   s2, t1, -91
core   0: 3 0x80004120 (0xfa533913) x18 0x00000001
core   0: 0x80004124 (0x2e0aad93) slti    s11, s5, 736
core   0: 3 0x80004124 (0x2e0aad93) x27 0x00000001
core   0: 0x80004128 (0x41fb5913) srai    s2, s6, 31
core   0: 3 0x80004128 (0x41fb5913) x18 0x00000000
core   0: 0x8000412c (0x013e9333) sll     t1, t4, s3
core   0: 3 0x8000412c (0x013e9333) x 6 0x0110d441
core   0: 0x80004130 (0x01bdc0b3) xor     ra, s11, s11
core   0: 3 0x80004130 (0x01bdc0b3) x 1 0x00000000
core   0: 0x80004134 (0x37973993) sltiu   s3, a4, 889
core   0: 3 0x80004134 (0x37973993) x19 0x00000000
core   0: 0x80004138 (0x1ed2d937) lui     s2, 0x1ed2d
core   0: 3 0x80004138 (0x1ed2d937) x18 0x1ed2d000
core   0: 0x8000413c (0x01331e93) slli    t4, t1, 19
core   0: 3 0x8000413c (0x01331e93) x29 0xa2080000
core   0: 0x80004140 (0x00b8bcb3) sltu    s9, a7, a1
core   0: 3 0x80004140 (0x00b8bcb3) x25 0x00000000
core   0: 0x80004144 (0x00c183b3) add     t2, gp, a2
core   0: 3 0x80004144 (0x00c183b3) x 7 0xf7090e00
core   0: 0x80004148 (0x00a033b3) snez    t2, a0
core   0: 3 0x80004148 (0x00a033b3) x 7 0x00000001
core   0: 0x8000414c (0x01287033) and     zero, a6, s2
core   0: 3 0x8000414c (0x01287033)
core   0: 0x80004150 (0x43f00893) li      a7, 1087
core   0: 3 0x80004150 (0x43f00893) x17 0x0000043f
core   0: 0x80004154 (0x014adeb3) srl     t4, s5, s4
core   0: 3 0x80004154 (0x014adeb3) x29 0x080015ce
core   0: 0x80004158 (0x00819713) slli    a4, gp, 8
core   0: 3 0x80004158 (0x00819713) x14 0x06a31200
core   0: 0x8000415c (0x002b1c33) sll     s8, s6, sp
core   0: 3 0x8000415c (0x002b1c33) x24 0x00000000
core   0: 0x80004160 (0x00000013) nop
core   0: 3 0x80004160 (0x00000013)
core   0: 0x80004164 (0x00d88c33) add     s8, a7, a3
core   0: 3 0x80004164 (0x00d88c33) x24 0x806a3569
core   0: 0x80004168 (0x00b365b3) or      a1, t1, a1
core   0: 3 0x80004168 (0x00b365b3) x11 0x0110d441
core   0: 0x8000416c (0x00528d33) add     s10, t0, t0
core   0: 3 0x8000416c (0x00528d33) x26 0x00000000
core   0: 0x80004170 (0x419400b3) sub     ra, s0, s9
core   0: 3 0x80004170 (0x419400b3) x 1 0x1dd46000
core   0: 0x80004174 (0x00000013) nop
core   0: 3 0x80004174 (0x00000013)
core   0: 0x80004178 (0x643c8113) addi    sp, s9, 1603
core   0: 3 0x80004178 (0x643c8113) x 2 0x00000643
core   0: 0x8000417c (0x415ed4b3) sra     s1, t4, s5
core   0: 3 0x8000417c (0x415ed4b3) x 9 0x0080015c
core   0: 0x80004180 (0x01179013) slli    zero, a5, 17
core   0: 3 0x80004180 (0x01179013)
core   0: 0x80004184 (0x41908d33) sub     s10, ra, s9
core   0: 3 0x80004184 (0x41908d33) x26 0x1dd46000
core   0: 0x80004188 (0xf75ca697) auipc   a3, 0xf75ca
core   0: 3 0x80004188 (0xf75ca697) x13 0x775ce188
core   0: 0x8000418c (0x0124bfb3) sltu    t6, s1, s2
core   0: 3 0x8000418c (0x0124bfb3) x31 0x00000001
core   0: 0x80004190 (0x2335ec13) ori     s8, a1, 563
core   0: 3 0x80004190 (0x2335ec13) x24 0x0110d673
core   0: 0x80004194 (0x0de36bb7) lui     s7, 0xde36
core   0: 3 0x80004194 (0x0de36bb7) x23 0x0de36000
core   0: 0x80004198 (0x01382333) slt     t1, a6, s3
core   0: 3 0x80004198 (0x01382333) x 6 0x00000000
core   0: 0x8000419c (0x78fe6893) ori     a7, t3, 1935
core   0: 3 0x8000419c (0x78fe6893) x17 0x0037478f
core   0: 0x800041a0 (0x01dad4b3) srl     s1, s5, t4
core   0: 3 0x800041a0 (0x01dad4b3) x 9 0x00020005
core   0: 0x800041a4 (0x014ca8b3) slt     a7, s9, s4
core   0: 3 0x800041a4 (0x014ca8b3) x17 0x00000000
core   0: 0x800041a8 (0x00d9a533) slt     a0, s3, a3
core   0: 3 0x800041a8 (0x00d9a533) x10 0x00000001
core   0: 0x800041ac (0x40965993) srai    s3, a2, 9
core   0: 3 0x800041ac (0x40965993) x19 0xfff78135
core   0: 0x800041b0 (0x01c492b3) sll     t0, s1, t3
core   0: 3 0x800041b0 (0x01c492b3) x 5 0x00020005
core   0: 0x800041b4 (0x012d51b3) srl     gp, s10, s2
core   0: 3 0x800041b4 (0x012d51b3) x 3 0x1dd46000
core   0: 0x800041b8 (0x4039df13) srai    t5, s3, 3
core   0: 3 0x800041b8 (0x4039df13) x30 0xfffef026
core   0: 0x800041bc (0x00c9e233) or      tp, s3, a2
core   0: 3 0x800041bc (0x00c9e233) x 4 0xfff7ebff
core   0: 0x800041c0 (0x00a3fc33) and     s8, t2, a0
core   0: 3 0x800041c0 (0x00a3fc33) x24 0x00000001
core   0: 0x800041c4 (0x4f453693) sltiu   a3, a0, 1268
core   0: 3 0x800041c4 (0x4f453693) x13 0x00000001
core   0: 0x800041c8 (0xdf902293) slti    t0, zero, -519
core   0: 3 0x800041c8 (0xdf902293) x 5 0x00000000
core   0: 0x800041cc (0x01afb533) sltu    a0, t6, s10
core   0: 3 0x800041cc (0x01afb533) x10 0x00000001
core   0: 0x800041d0 (0xdd902517) auipc   a0, 0xdd902
core   0: 3 0x800041d0 (0xdd902517) x10 0x5d9061d0
core   0: 0x800041d4 (0x54af3113) sltiu   sp, t5, 1354
core   0: 3 0x800041d4 (0x54af3113) x 2 0x00000000
core   0: 0x800041d8 (0x6161e7b7) lui     a5, 0x6161e
core   0: 3 0x800041d8 (0x6161e7b7) x15 0x6161e000
core   0: 0x800041dc (0x00000013) nop
core   0: 3 0x800041dc (0x00000013)
core   0: 0x800041e0 (0x0012b3b3) sltu    t2, t0, ra
core   0: 3 0x800041e0 (0x0012b3b3) x 7 0x00000001
core   0: 0x800041e4 (0x00000013) nop
core   0: 3 0x800041e4 (0x00000013)
core   0: 0x800041e8 (0x4112d013) srai    zero, t0, 17
core   0: 3 0x800041e8 (0x4112d013)
core   0: 0x800041ec (0x1830bd93) sltiu   s11, ra, 387
core   0: 3 0x800041ec (0x1830bd93) x27 0x00000000
core   0: 0x800041f0 (0x0172a4b3) slt     s1, t0, s7
core   0: 3 0x800041f0 (0x0172a4b3) x 9 0x00000001
core   0: 0x800041f4 (0x00206fb3) or      t6, zero, sp
core   0: 3 0x800041f4 (0x00206fb3) x31 0x00000000
core   0: 0x800041f8 (0x00cb1e13) slli    t3, s6, 12
core   0: 3 0x800041f8 (0x00cb1e13) x28 0x00000000
core   0: 0x800041fc (0x00db2033) slt     zero, s6, a3
core   0: 3 0x800041fc (0x00db2033)
core   0: 0x80004200 (0x00585033) srl     zero, a6, t0
core   0: 3 0x80004200 (0x00585033)
core   0: 0x80004204 (0x26d76e93) ori     t4, a4, 621
core   0: 3 0x80004204 (0x26d76e93) x29 0x06a3126d
core   0: 0x80004208 (0x410c5293) srai    t0, s8, 16
core   0: 3 0x80004208 (0x410c5293) x 5 0x00000000
core   0: 0x8000420c (0x0fa2ce13) xori    t3, t0, 250
core   0: 3 0x8000420c (0x0fa2ce13) x28 0x000000fa
core   0: 0x80004210 (0x416bd493) srai    s1, s7, 22
core   0: 3 0x80004210 (0x416bd493) x 9 0x00000037
core   0: 0x80004214 (0x6c290713) addi    a4, s2, 1730
core   0: 3 0x80004214 (0x6c290713) x14 0x1ed2d6c2
core   0: 0x80004218 (0x01c9a0b3) slt     ra, s3, t3
core   0: 3 0x80004218 (0x01c9a0b3) x 1 0x00000001
core   0: 0x8000421c (0x011266b3) or      a3, tp, a7
core   0: 3 0x8000421c (0x011266b3) x13 0xfff7ebff
core   0: 0x80004220 (0x5c7b0d37) lui     s10, 0x5c7b0
core   0: 3 0x80004220 (0x5c7b0d37) x26 0x5c7b0000
core   0: 0x80004224 (0x01f49313) slli    t1, s1, 31
core   0: 3 0x80004224 (0x01f49313) x 6 0x80000000
core   0: 0x80004228 (0x41d8dd93) srai    s11, a7, 29
core   0: 3 0x80004228 (0x41d8dd93) x27 0x00000000
core   0: 0x8000422c (0x01c8f033) and     zero, a7, t3
core   0: 3 0x8000422c (0x01c8f033)
core   0: 0x80004230 (0x00f7bd33) sltu    s10, a5, a5
core   0: 3 0x80004230 (0x00f7bd33) x26 0x00000000
core   0: 0x80004234 (0x00925733) srl     a4, tp, s1
core   0: 3 0x80004234 (0x00925733) x14 0x000001ff
core   0: 0x80004238 (0xbc4ca713) slti    a4, s9, -1084
core   0: 3 0x80004238 (0xbc4ca713) x14 0x00000000
core   0: 0x8000423c (0x0146e2b3) or      t0, a3, s4
core   0: 3 0x8000423c (0x0146e2b3) x 5 0xfff7ffff
core   0: 0x80004240 (0x005d9033) sll     zero, s11, t0
core   0: 3 0x80004240 (0x005d9033)
core   0: 0x80004244 (0x20663493) sltiu   s1, a2, 518
core   0: 3 0x80004244 (0x20663493) x 9 0x00000000
core   0: 0x80004248 (0xbcc0c993) xori    s3, ra, -1076
core   0: 3 0x80004248 (0xbcc0c993) x19 0xfffffbcd
core   0: 0x8000424c (0xee578413) addi    s0, a5, -283
core   0: 3 0x8000424c (0xee578413) x 8 0x6161dee5
core   0: 0x80004250 (0x2978b997) auipc   s3, 0x2978b
core   0: 3 0x80004250 (0x2978b997) x19 0xa978f250
core   0: 0x80004254 (0x5357f213) andi    tp, a5, 1333
core   0: 3 0x80004254 (0x5357f213) x 4 0x00000000
core   0: 0x80004258 (0x9eca6b93) ori     s7, s4, -1556
core   0: 3 0x80004258 (0x9eca6b93) x23 0xffffffec
core   0: 0x8000425c (0x01bf4d33) xor     s10, t5, s11
core   0: 3 0x8000425c (0x01bf4d33) x26 0xfffef026
core   0: 0x80004260 (0x4166d013) srai    zero, a3, 22
core   0: 3 0x80004260 (0x4166d013)
core   0: 0x80004264 (0xd5567d97) auipc   s11, 0xd5567
core   0: 3 0x80004264 (0xd5567d97) x27 0x5556b264
core   0: 0x80004268 (0x11e5a693) slti    a3, a1, 286
core   0: 3 0x80004268 (0x11e5a693) x13 0x00000000
core   0: 0x8000426c (0x012ed993) srli    s3, t4, 18
core   0: 3 0x8000426c (0x012ed993) x19 0x000001a8
core   0: 0x80004270 (0x160a8793) addi    a5, s5, 352
core   0: 3 0x80004270 (0x160a8793) x15 0x80015e44
core   0: 0x80004274 (0x000cd433) srl     s0, s9, zero
core   0: 3 0x80004274 (0x000cd433) x 8 0x00000000
core   0: 0x80004278 (0x00519733) sll     a4, gp, t0
core   0: 3 0x80004278 (0x00519733) x14 0x00000000
core   0: 0x8000427c (0x012b3eb3) sltu    t4, s6, s2
core   0: 3 0x8000427c (0x012b3eb3) x29 0x00000001
core   0: 0x80004280 (0x01199093) slli    ra, s3, 17
core   0: 3 0x80004280 (0x01199093) x 1 0x03500000
core   0: 0x80004284 (0x01a49e13) slli    t3, s1, 26
core   0: 3 0x80004284 (0x01a49e13) x28 0x00000000
core   0: 0x80004288 (0x0033db33) srl     s6, t2, gp
core   0: 3 0x80004288 (0x0033db33) x22 0x00000001
core   0: 0x8000428c (0x3120be93) sltiu   t4, ra, 786
core   0: 3 0x8000428c (0x3120be93) x29 0x00000000
core   0: 0x80004290 (0xdc1e2593) slti    a1, t3, -575
core   0: 3 0x80004290 (0xdc1e2593) x11 0x00000000
core   0: 0x80004294 (0xc050e413) ori     s0, ra, -1019
core   0: 3 0x80004294 (0xc050e413) x 8 0xfffffc05
core   0: 0x80004298 (0x01ae5393) srli    t2, t3, 26
core   0: 3 0x80004298 (0x01ae5393) x 7 0x00000000
core   0: 0x8000429c (0x006e4033) xor     zero, t3, t1
core   0: 3 0x8000429c (0x006e4033)
core   0: 0x800042a0 (0x7cbec213) xori    tp, t4, 1995
core   0: 3 0x800042a0 (0x7cbec213) x 4 0x000007cb
core   0: 0x800042a4 (0x00d61933) sll     s2, a2, a3
core   0: 3 0x800042a4 (0x00d61933) x18 0xef026aee
core   0: 0x800042a8 (0x16165c37) lui     s8, 0x16165
core   0: 3 0x800042a8 (0x16165c37) x24 0x16165000
core   0: 0x800042ac (0xadea0e93) addi    t4, s4, -1314
core   0: 3 0x800042ac (0xadea0e93) x29 0x80011942
core   0: 0x800042b0 (0x0191f9b3) and     s3, gp, s9
core   0: 3 0x800042b0 (0x0191f9b3) x19 0x00000000
core   0: 0x800042b4 (0xec0af313) andi    t1, s5, -320
core   0: 3 0x800042b4 (0xec0af313) x 6 0x80015cc0
core   0: 0x800042b8 (0x00000013) nop
core   0: 3 0x800042b8 (0x00000013)
core   0: 0x800042bc (0x016a5213) srli    tp, s4, 22
core   0: 3 0x800042bc (0x016a5213) x 4 0x00000200
core   0: 0x800042c0 (0x059c4f93) xori    t6, s8, 89
core   0: 3 0x800042c0 (0x059c4f93) x31 0x16165059
core   0: 0x800042c4 (0xb6d17293) andi    t0, sp, -1171
core   0: 3 0x800042c4 (0xb6d17293) x 5 0x00000000
core   0: 0x800042c8 (0x4049dc33) sra     s8, s3, tp
core   0: 3 0x800042c8 (0x4049dc33) x24 0x00000000
core   0: 0x800042cc (0x011300b3) add     ra, t1, a7
core   0: 3 0x800042cc (0x011300b3) x 1 0x80015cc0
core   0: 0x800042d0 (0xf7de2313) slti    t1, t3, -131
core   0: 3 0x800042d0 (0xf7de2313) x 6 0x00000000
core   0: 0x800042d4 (0x7d384f93) xori    t6, a6, 2003
core   0: 3 0x800042d4 (0x7d384f93) x31 0x000007d3
core   0: 0x800042d8 (0x003279b3) and     s3, tp, gp
core   0: 3 0x800042d8 (0x003279b3) x19 0x00000000
core   0: 0x800042dc (0x0150c933) xor     s2, ra, s5
core   0: 3 0x800042dc (0x0150c933) x18 0x00000024
core   0: 0x800042e0 (0x8479be13) sltiu   t3, s3, -1977
core   0: 3 0x800042e0 (0x8479be13) x28 0x00000001
core   0: 0x800042e4 (0xc5358693) addi    a3, a1, -941
core   0: 3 0x800042e4 (0xc5358693) x13 0xfffffc53
core   0: 0x800042e8 (0x00875913) srli    s2, a4, 8
core   0: 3 0x800042e8 (0x00875913) x18 0x00000000
core   0: 0x800042ec (0xba8e3113) sltiu   sp, t3, -1112
core   0: 3 0x800042ec (0xba8e3113) x 2 0x00000001
core   0: 0x800042f0 (0x41f484b3) sub     s1, s1, t6
core   0: 3 0x800042f0 (0x41f484b3) x 9 0xfffff82d
core   0: 0x800042f4 (0x00555833) srl     a6, a0, t0
core   0: 3 0x800042f4 (0x00555833) x16 0x5d9061d0
core   0: 0x800042f8 (0x01229893) slli    a7, t0, 18
core   0: 3 0x800042f8 (0x01229893) x17 0x00000000
core   0: 0x800042fc (0x7a430f13) addi    t5, t1, 1956
core   0: 3 0x800042fc (0x7a430f13) x30 0x000007a4
core   0: 0x80004300 (0x9581c993) xori    s3, gp, -1704
core   0: 3 0x80004300 (0x9581c993) x19 0xe22b9958
core   0: 0x80004304 (0x0f386713) ori     a4, a6, 243
core   0: 3 0x80004304 (0x0f386713) x14 0x5d9061f3
core   0: 0x80004308 (0x39b70997) auipc   s3, 0x39b70
core   0: 3 0x80004308 (0x39b70997) x19 0xb9b74308
core   0: 0x8000430c (0x41b008b3) sub     a7, zero, s11
core   0: 3 0x8000430c (0x41b008b3) x17 0xaaa94d9c
core   0: 0x80004310 (0x40308333) sub     t1, ra, gp
core   0: 3 0x80004310 (0x40308333) x 6 0x622cfcc0
core   0: 0x80004314 (0x016da6b3) slt     a3, s11, s6
core   0: 3 0x80004314 (0x016da6b3) x13 0x00000000
core   0: 0x80004318 (0x1fbb7593) andi    a1, s6, 507
core   0: 3 0x80004318 (0x1fbb7593) x11 0x00000001
core   0: 0x8000431c (0x0187cdb3) xor     s11, a5, s8
core   0: 3 0x8000431c (0x0187cdb3) x27 0x80015e44
core   0: 0x80004320 (0x00e6acb3) slt     s9, a3, a4
core   0: 3 0x80004320 (0x00e6acb3) x25 0x00000001
core   0: 0x80004324 (0xeacbac93) slti    s9, s7, -340
core   0: 3 0x80004324 (0xeacbac93) x25 0x00000000
core   0: 0x80004328 (0xd72dc513) xori    a0, s11, -654
core   0: 3 0x80004328 (0xd72dc513) x10 0x7ffea336
core   0: 0x8000432c (0x00e49433) sll     s0, s1, a4
core   0: 3 0x8000432c (0x00e49433) x 8 0xc1680000
core   0: 0x80004330 (0x3e31ad13) slti    s10, gp, 995
core   0: 3 0x80004330 (0x3e31ad13) x26 0x00000000
core   0: 0x80004334 (0x018abb33) sltu    s6, s5, s8
core   0: 3 0x80004334 (0x018abb33) x22 0x00000000
core   0: 0x80004338 (0x41a25d13) srai    s10, tp, 26
core   0: 3 0x80004338 (0x41a25d13) x26 0x00000000
core   0: 0x8000433c (0x000890b3) sll     ra, a7, zero
core   0: 3 0x8000433c (0x000890b3) x 1 0xaaa94d9c
core   0: 0x80004340 (0x01591533) sll     a0, s2, s5
core   0: 3 0x80004340 (0x01591533) x10 0x00000000
core   0: 0x80004344 (0xbc690113) addi    sp, s2, -1082
core   0: 3 0x80004344 (0xbc690113) x 2 0xfffffbc6
core   0: 0x80004348 (0x00612133) slt     sp, sp, t1
core   0: 3 0x80004348 (0x00612133) x 2 0x00000001
core   0: 0x8000434c (0xa7508593) addi    a1, ra, -1419
core   0: 3 0x8000434c (0xa7508593) x11 0xaaa94811
core   0: 0x80004350 (0x00831d33) sll     s10, t1, s0
core   0: 3 0x80004350 (0x00831d33) x26 0x622cfcc0
core   0: 0x80004354 (0x007773b3) and     t2, a4, t2
core   0: 3 0x80004354 (0x007773b3) x 7 0x00000000
core   0: 0x80004358 (0x0121b433) sltu    s0, gp, s2
core   0: 3 0x80004358 (0x0121b433) x 8 0x00000000
core   0: 0x8000435c (0x01cd81b3) add     gp, s11, t3
core   0: 3 0x8000435c (0x01cd81b3) x 3 0x80015e45
core   0: 0x80004360 (0x408205b3) sub     a1, tp, s0
core   0: 3 0x80004360 (0x408205b3) x11 0x00000200
core   0: 0x80004364 (0x01c0c233) xor     tp, ra, t3
core   0: 3 0x80004364 (0x01c0c233) x 4 0xaaa94d9d
core   0: 0x80004368 (0x94da0913) addi    s2, s4, -1715
core   0: 3 0x80004368 (0x94da0913) x18 0x800117b1
core   0: 0x8000436c (0x415f88b3) sub     a7, t6, s5
core   0: 3 0x8000436c (0x415f88b3) x17 0x7ffeaaef
core   0: 0x80004370 (0x00000013) nop
core   0: 3 0x80004370 (0x00000013)
core   0: 0x80004374 (0xc8cabe13) sltiu   t3, s5, -884
core   0: 3 0x80004374 (0xc8cabe13) x28 0x00000001
core   0: 0x80004378 (0x34ad6513) ori     a0, s10, 842
core   0: 3 0x80004378 (0x34ad6513) x10 0x622cffca
core   0: 0x8000437c (0xeb16cf93) xori    t6, a3, -335
core   0: 3 0x8000437c (0xeb16cf93) x31 0xfffffeb1
core   0: 0x80004380 (0x8185ab13) slti    s6, a1, -2024
core   0: 3 0x80004380 (0x8185ab13) x22 0x00000000
core   0: 0x80004384 (0x40328d33) sub     s10, t0, gp
core   0: 3 0x80004384 (0x40328d33) x26 0x7ffea1bb
core   0: 0x80004388 (0x1751f817) auipc   a6, 0x1751f
core   0: 3 0x80004388 (0x1751f817) x16 0x97523388
core   0: 0x8000438c (0x390ff113) andi    sp, t6, 912
core   0: 3 0x8000438c (0x390ff113) x 2 0x00000290
core   0: 0x80004390 (0x0009c133) xor     sp, s3, zero
core   0: 3 0x80004390 (0x0009c133) x 2 0xb9b74308
core   0: 0x80004394 (0x007685b3) add     a1, a3, t2
core   0: 3 0x80004394 (0x007685b3) x11 0x00000000
core   0: 0x80004398 (0x00f215b3) sll     a1, tp, a5
core   0: 3 0x80004398 (0x00f215b3) x11 0xaa94d9d0
core   0: 0x8000439c (0x00c3e833) or      a6, t2, a2
core   0: 3 0x8000439c (0x00c3e833) x16 0xef026aee
core   0: 0x800043a0 (0xef534693) xori    a3, t1, -267
core   0: 3 0x800043a0 (0xef534693) x13 0x9dd30235
core   0: 0x800043a4 (0x41f4d993) srai    s3, s1, 31
core   0: 3 0x800043a4 (0x41f4d993) x19 0xffffffff
core   0: 0x800043a8 (0x00000013) nop
core   0: 3 0x800043a8 (0x00000013)
core   0: 0x800043ac (0x12eee693) ori     a3, t4, 302
core   0: 3 0x800043ac (0x12eee693) x13 0x8001196e
core   0: 0x800043b0 (0x00c73033) sltu    zero, a4, a2
core   0: 3 0x800043b0 (0x00c73033)
core   0: 0x800043b4 (0x41450cb3) sub     s9, a0, s4
core   0: 3 0x800043b4 (0x41450cb3) x25 0xe22be166
core   0: 0x800043b8 (0x0188de33) srl     t3, a7, s8
core   0: 3 0x800043b8 (0x0188de33) x28 0x7ffeaaef
core   0: 0x800043bc (0x02043e13) sltiu   t3, s0, 32
core   0: 3 0x800043bc (0x02043e13) x28 0x00000001
core   0: 0x800043c0 (0x01b45993) srli    s3, s0, 27
core   0: 3 0x800043c0 (0x01b45993) x19 0x00000000
core   0: 0x800043c4 (0x9e754b37) lui     s6, 0x9e754
core   0: 3 0x800043c4 (0x9e754b37) x22 0x9e754000
core   0: 0x800043c8 (0x6bc04213) xori    tp, zero, 1724
core   0: 3 0x800043c8 (0x6bc04213) x 4 0x000006bc
core   0: 0x800043cc (0x00ecb4b3) sltu    s1, s9, a4
core   0: 3 0x800043cc (0x00ecb4b3) x 9 0x00000000
core   0: 0x800043d0 (0x93f63f93) sltiu   t6, a2, -1729
core   0: 3 0x800043d0 (0x93f63f93) x31 0x00000001
core   0: 0x800043d4 (0x3d383e13) sltiu   t3, a6, 979
core   0: 3 0x800043d4 (0x3d383e13) x28 0x00000000
core   0: 0x800043d8 (0xfd10cc13) xori    s8, ra, -47
core   0: 3 0x800043d8 (0xfd10cc13) x24 0x5556b24d
core   0: 0x800043dc (0xe86eef13) ori     t5, t4, -378
core   0: 3 0x800043dc (0xe86eef13) x30 0xffffffc6
core   0: 0x800043e0 (0x81926113) ori     sp, tp, -2023
core   0: 3 0x800043e0 (0x81926113) x 2 0xfffffebd
core   0: 0x800043e4 (0xf053ad93) slti    s11, t2, -251
core   0: 3 0x800043e4 (0xf053ad93) x27 0x00000000
core   0: 0x800043e8 (0xad8c3193) sltiu   gp, s8, -1320
core   0: 3 0x800043e8 (0xad8c3193) x 3 0x00000001
core   0: 0x800043ec (0x00d758b3) srl     a7, a4, a3
core   0: 3 0x800043ec (0x00d758b3) x17 0x00017641
core   0: 0x800043f0 (0x01bd0f33) add     t5, s10, s11
core   0: 3 0x800043f0 (0x01bd0f33) x30 0x7ffea1bb
core   0: 0x800043f4 (0x017b1e33) sll     t3, s6, s7
core   0: 3 0x800043f4 (0x017b1e33) x28 0x54000000
core   0: 0x800043f8 (0x5a99e193) ori     gp, s3, 1449
core   0: 3 0x800043f8 (0x5a99e193) x 3 0x000005a9
core   0: 0x800043fc (0x01820733) add     a4, tp, s8
core   0: 3 0x800043fc (0x01820733) x14 0x5556b909
core   0: 0x80004400 (0x4f0f4f13) xori    t5, t5, 1264
core   0: 3 0x80004400 (0x4f0f4f13) x30 0x7ffea54b
core   0: 0x80004404 (0x1a88ce13) xori    t3, a7, 424
core   0: 3 0x80004404 (0x1a88ce13) x28 0x000177e9
core   0: 0x80004408 (0x0169b3b3) sltu    t2, s3, s6
core   0: 3 0x80004408 (0x0169b3b3) x 7 0x00000001
core   0: 0x8000440c (0x36dde7b7) lui     a5, 0x36dde
core   0: 3 0x8000440c (0x36dde7b7) x15 0x36dde000
core   0: 0x80004410 (0x408a8fb3) sub     t6, s5, s0
core   0: 3 0x80004410 (0x408a8fb3) x31 0x80015ce4
core   0: 0x80004414 (0x662f4f93) xori    t6, t5, 1634
core   0: 3 0x80004414 (0x662f4f93) x31 0x7ffea329
core   0: 0x80004418 (0x7f0a91b7) lui     gp, 0x7f0a9
core   0: 3 0x80004418 (0x7f0a91b7) x 3 0x7f0a9000
core   0: 0x8000441c (0x01c23eb3) sltu    t4, tp, t3
core   0: 3 0x8000441c (0x01c23eb3) x29 0x00000001
core   0: 0x80004420 (0x008d1b13) slli    s6, s10, 8
core   0: 3 0x80004420 (0x008d1b13) x22 0xfea1bb00
core   0: 0x80004424 (0x96ce7513) andi    a0, t3, -1684
core   0: 3 0x80004424 (0x96ce7513) x10 0x00017168
core   0: 0x80004428 (0x00000793) li      a5, 0
core   0: 3 0x80004428 (0x00000793) x15 0x00000000
core   0: 0x8000442c (0xfbb86837) lui     a6, 0xfbb86
core   0: 3 0x8000442c (0xfbb86837) x16 0xfbb86000
core   0: 0x80004430 (0x47680813) addi    a6, a6, 1142
core   0: 3 0x80004430 (0x47680813) x16 0xfbb86476
core   0: 0x80004434 (0x00000413) li      s0, 0
core   0: 3 0x80004434 (0x00000413) x 8 0x00000000
core   0: 0x80004438 (0xfff00313) li      t1, -1
core   0: 3 0x80004438 (0xfff00313) x 6 0xffffffff
core   0: 0x8000443c (0x800005b7) lui     a1, 0x80000
core   0: 3 0x8000443c (0x800005b7) x11 0x80000000
core   0: 0x80004440 (0x00000513) li      a0, 0
core   0: 3 0x80004440 (0x00000513) x10 0x00000000
core   0: 0x80004444 (0x00000393) li      t2, 0
core   0: 3 0x80004444 (0x00000393) x 7 0x00000000
core   0: 0x80004448 (0x800000b7) lui     ra, 0x80000
core   0: 3 0x80004448 (0x800000b7) x 1 0x80000000
core   0: 0x8000444c (0xfff00e93) li      t4, -1
core   0: 3 0x8000444c (0xfff00e93) x29 0xffffffff
core   0: 0x80004450 (0xfff00d93) li      s11, -1
core   0: 3 0x80004450 (0xfff00d93) x27 0xffffffff
core   0: 0x80004454 (0x001585b3) add     a1, a1, ra
core   0: 3 0x80004454 (0x001585b3) x11 0x00000000
core   0: 0x80004458 (0x1ba14eb7) lui     t4, 0x1ba14
core   0: 3 0x80004458 (0x1ba14eb7) x29 0x1ba14000
core   0: 0x8000445c (0xa18cd397) auipc   t2, 0xa18cd
core   0: 3 0x8000445c (0xa18cd397) x 7 0x218d145c
core   0: 0x80004460 (0x00000013) nop
core   0: 3 0x80004460 (0x00000013)
core   0: 0x80004464 (0x00000013) nop
core   0: 3 0x80004464 (0x00000013)
core   0: 0x80004468 (0x41040533) sub     a0, s0, a6
core   0: 3 0x80004468 (0x41040533) x10 0x04479b8a
core   0: 0x8000446c (0x01c78e93) addi    t4, a5, 28
core   0: 3 0x8000446c (0x01c78e93) x29 0x0000001c
core   0: 0x80004470 (0xb1350d93) addi    s11, a0, -1261
core   0: 3 0x80004470 (0xb1350d93) x27 0x0447969d
core   0: 0x80004474 (0x8bce8313) addi    t1, t4, -1860
core   0: 3 0x80004474 (0x8bce8313) x 6 0xfffff8d8
core   0: 0x80004478 (0x00730333) add     t1, t1, t2
core   0: 3 0x80004478 (0x00730333) x 6 0x218d0d34
core   0: 0x8000447c (0x406303b3) sub     t2, t1, t1
core   0: 3 0x8000447c (0x406303b3) x 7 0x00000000
core   0: 0x80004480 (0xcc7a7437) lui     s0, 0xcc7a7
core   0: 3 0x80004480 (0xcc7a7437) x 8 0xcc7a7000
core   0: 0x80004484 (0x00000013) nop
core   0: 3 0x80004484 (0x00000013)
core   0: 0x80004488 (0x41b307b3) sub     a5, t1, s11
core   0: 3 0x80004488 (0x41b307b3) x15 0x1d457697
core   0: 0x8000448c (0x40150eb3) sub     t4, a0, ra
core   0: 3 0x8000448c (0x40150eb3) x29 0x84479b8a
core   0: 0x80004490 (0x00f30433) add     s0, t1, a5
core   0: 3 0x80004490 (0x00f30433) x 8 0x3ed283cb
core   0: 0x80004494 (0x00730db3) add     s11, t1, t2
core   0: 3 0x80004494 (0x00730db3) x27 0x218d0d34
core   0: 0x80004498 (0x4b2e8513) addi    a0, t4, 1202
core   0: 3 0x80004498 (0x4b2e8513) x10 0x8447a03c
core   0: 0x8000449c (0x00000013) nop
core   0: 3 0x8000449c (0x00000013)
core   0: 0x800044a0 (0x00000013) nop
core   0: 3 0x800044a0 (0x00000013)
core   0: 0x800044a4 (0x9f012e97) auipc   t4, 0x9f012
core   0: 3 0x800044a4 (0x9f012e97) x29 0x1f0164a4
core   0: 0x800044a8 (0xc0f38d93) addi    s11, t2, -1009
core   0: 3 0x800044a8 (0xc0f38d93) x27 0xfffffc0f
core   0: 0x800044ac (0x900e8813) addi    a6, t4, -1792
core   0: 3 0x800044ac (0x900e8813) x16 0x1f015da4
core   0: 0x800044b0 (0x9146aeb7) lui     t4, 0x9146a
core   0: 3 0x800044b0 (0x9146aeb7) x29 0x9146a000
core   0: 0x800044b4 (0xa1fd7837) lui     a6, 0xa1fd7
core   0: 3 0x800044b4 (0xa1fd7837) x16 0xa1fd7000
core   0: 0x800044b8 (0x00000013) nop
core   0: 3 0x800044b8 (0x00000013)
core   0: 0x800044bc (0x00000013) nop
core   0: 3 0x800044bc (0x00000013)
core   0: 0x800044c0 (0x00b80eb3) add     t4, a6, a1
core   0: 3 0x800044c0 (0x00b80eb3) x29 0xa1fd7000
core   0: 0x800044c4 (0x3e509db7) lui     s11, 0x3e509
core   0: 3 0x800044c4 (0x3e509db7) x27 0x3e509000
core   0: 0x800044c8 (0x00000013) nop
core   0: 3 0x800044c8 (0x00000013)
core   0: 0x800044cc (0x400957b3) sra     a5, s2, zero
core   0: 3 0x800044cc (0x400957b3) x15 0x800117b1
core   0: 0x800044d0 (0x01660433) add     s0, a2, s6
core   0: 3 0x800044d0 (0x01660433) x 8 0xeda425ee
core   0: 0x800044d4 (0x7b654213) xori    tp, a0, 1974
core   0: 3 0x800044d4 (0x7b654213) x 4 0x8447a78a
core   0: 0x800044d8 (0x01445933) srl     s2, s0, s4
core   0: 3 0x800044d8 (0x01445933) x18 0x0eda425e
core   0: 0x800044dc (0x016a1bb3) sll     s7, s4, s6
core   0: 3 0x800044dc (0x016a1bb3) x23 0x80011e64
core   0: 0x800044e0 (0x9baf7793) andi    a5, t5, -1606
core   0: 3 0x800044e0 (0x9baf7793) x15 0x7ffea10a
core   0: 0x800044e4 (0x74b1d217) auipc   tp, 0x74b1d
core   0: 3 0x800044e4 (0x74b1d217) x 4 0xf4b214e4
core   0: 0x800044e8 (0x00567c33) and     s8, a2, t0
core   0: 3 0x800044e8 (0x00567c33) x24 0x00000000
core   0: 0x800044ec (0x00e4deb3) srl     t4, s1, a4
core   0: 3 0x800044ec (0x00e4deb3) x29 0x00000000
core   0: 0x800044f0 (0x00faf2b3) and     t0, s5, a5
core   0: 3 0x800044f0 (0x00faf2b3) x 5 0x00000000
core   0: 0x800044f4 (0x00b2cbb3) xor     s7, t0, a1
core   0: 3 0x800044f4 (0x00b2cbb3) x23 0x00000000
core   0: 0x800044f8 (0x0020c1b3) xor     gp, ra, sp
core   0: 3 0x800044f8 (0x0020c1b3) x 3 0x7ffffebd
core   0: 0x800044fc (0x001e5913) srli    s2, t3, 1
core   0: 3 0x800044fc (0x001e5913) x18 0x0000bbf4
core   0: 0x80004500 (0x00825693) srli    a3, tp, 8
core   0: 3 0x80004500 (0x00825693) x13 0x00f4b214
core   0: 0x80004504 (0x458415b7) lui     a1, 0x45841
core   0: 3 0x80004504 (0x458415b7) x11 0x45841000
core   0: 0x80004508 (0x00903333) snez    t1, s1
core   0: 3 0x80004508 (0x00903333) x 6 0x00000000
core   0: 0x8000450c (0x40755993) srai    s3, a0, 7
core   0: 3 0x8000450c (0x40755993) x19 0xff088f40
core   0: 0x80004510 (0x00000013) nop
core   0: 3 0x80004510 (0x00000013)
core   0: 0x80004514 (0xe71ef513) andi    a0, t4, -399
core   0: 3 0x80004514 (0xe71ef513) x10 0x00000000
core   0: 0x80004518 (0x018c7eb3) and     t4, s8, s8
core   0: 3 0x80004518 (0x018c7eb3) x29 0x00000000
core   0: 0x8000451c (0xb0bd4f93) xori    t6, s10, -1269
core   0: 3 0x8000451c (0xb0bd4f93) x31 0x80015ab0
core   0: 0x80004520 (0x01b253b3) srl     t2, tp, s11
core   0: 3 0x80004520 (0x01b253b3) x 7 0xf4b214e4
core   0: 0x80004524 (0x229b8993) addi    s3, s7, 553
core   0: 3 0x80004524 (0x229b8993) x19 0x00000229
core   0: 0x80004528 (0x013f9493) slli    s1, t6, 19
core   0: 3 0x80004528 (0x013f9493) x 9 0xd5800000
core   0: 0x8000452c (0x01749013) slli    zero, s1, 23
core   0: 3 0x8000452c (0x01749013)
core   0: 0x80004530 (0x01459493) slli    s1, a1, 20
core   0: 3 0x80004530 (0x01459493) x 9 0x00000000
core   0: 0x80004534 (0x5990fd93) andi    s11, ra, 1433
core   0: 3 0x80004534 (0x5990fd93) x27 0x00000000
core   0: 0x80004538 (0x019edf93) srli    t6, t4, 25
core   0: 3 0x80004538 (0x019edf93) x31 0x00000000
core   0: 0x8000453c (0x01661b13) slli    s6, a2, 22
core   0: 3 0x8000453c (0x01661b13) x22 0xbb800000
core   0: 0x80004540 (0x5e229db7) lui     s11, 0x5e229
core   0: 3 0x80004540 (0x5e229db7) x27 0x5e229000
core   0: 0x80004544 (0x2889d8b7) lui     a7, 0x2889d
core   0: 3 0x80004544 (0x2889d8b7) x17 0x2889d000
core   0: 0x80004548 (0x6304c893) xori    a7, s1, 1584
core   0: 3 0x80004548 (0x6304c893) x17 0x00000630
core   0: 0x8000454c (0x85aa1f17) auipc   t5, 0x85aa1
core   0: 3 0x8000454c (0x85aa1f17) x30 0x05aa554c
core   0: 0x80004550 (0xfff00713) li      a4, -1
core   0: 3 0x80004550 (0xfff00713) x14 0xffffffff
core   0: 0x80004554 (0xfff00913) li      s2, -1
core   0: 3 0x80004554 (0xfff00913) x18 0xffffffff
core   0: 0x80004558 (0x17ce2437) lui     s0, 0x17ce2
core   0: 3 0x80004558 (0x17ce2437) x 8 0x17ce2000
core   0: 0x8000455c (0x70b40413) addi    s0, s0, 1803
core   0: 3 0x8000455c (0x70b40413) x 8 0x17ce270b
core   0: 0x80004560 (0xfff00793) li      a5, -1
core   0: 3 0x80004560 (0xfff00793) x15 0xffffffff
core   0: 0x80004564 (0x6ef9ec37) lui     s8, 0x6ef9e
core   0: 3 0x80004564 (0x6ef9ec37) x24 0x6ef9e000
core   0: 0x80004568 (0x9f3c0c13) addi    s8, s8, -1549
core   0: 3 0x80004568 (0x9f3c0c13) x24 0x6ef9d9f3
core   0: 0x8000456c (0x800000b7) lui     ra, 0x80000
core   0: 3 0x8000456c (0x800000b7) x 1 0x80000000
core   0: 0x80004570 (0x604aa337) lui     t1, 0x604aa
core   0: 3 0x80004570 (0x604aa337) x 6 0x604aa000
core   0: 0x80004574 (0xe0a30313) addi    t1, t1, -502
core   0: 3 0x80004574 (0xe0a30313) x 6 0x604a9e0a
core   0: 0x80004578 (0xb87d79b7) lui     s3, 0xb87d7
core   0: 3 0x80004578 (0xb87d79b7) x19 0xb87d7000
core   0: 0x8000457c (0x87098993) addi    s3, s3, -1936
core   0: 3 0x8000457c (0x87098993) x19 0xb87d6870
core   0: 0x80004580 (0x00000f93) li      t6, 0
core   0: 3 0x80004580 (0x00000f93) x31 0x00000000
core   0: 0x80004584 (0xfff00893) li      a7, -1
core   0: 3 0x80004584 (0xfff00893) x17 0xffffffff
core   0: 0x80004588 (0x39798f93) addi    t6, s3, 919
core   0: 3 0x80004588 (0x39798f93) x31 0xb87d6c07
core   0: 0x8000458c (0x60f7c097) auipc   ra, 0x60f7c
core   0: 3 0x8000458c (0x60f7c097) x 1 0xe0f8058c
core   0: 0x80004590 (0xd3640c13) addi    s8, s0, -714
core   0: 3 0x80004590 (0xd3640c13) x24 0x17ce2441
core   0: 0x80004594 (0x00000013) nop
core   0: 3 0x80004594 (0x00000013)
core   0: 0x80004598 (0xb6640993) addi    s3, s0, -1178
core   0: 3 0x80004598 (0xb6640993) x19 0x17ce2271
core   0: 0x8000459c (0x76688313) addi    t1, a7, 1894
core   0: 3 0x8000459c (0x76688313) x 6 0x00000765
core   0: 0x800045a0 (0x00000013) nop
core   0: 3 0x800045a0 (0x00000013)
core   0: 0x800045a4 (0x40a08893) addi    a7, ra, 1034
core   0: 3 0x800045a4 (0x40a08893) x17 0xe0f80996
core   0: 0x800045a8 (0x00000013) nop
core   0: 3 0x800045a8 (0x00000013)
core   0: 0x800045ac (0x012f8933) add     s2, t6, s2
core   0: 3 0x800045ac (0x012f8933) x18 0xb87d6c06
core   0: 0x800045b0 (0xb1120fb7) lui     t6, 0xb1120
core   0: 3 0x800045b0 (0xb1120fb7) x31 0xb1120000
core   0: 0x800045b4 (0xf7c98993) addi    s3, s3, -132
core   0: 3 0x800045b4 (0xf7c98993) x19 0x17ce21ed
core   0: 0x800045b8 (0x006c08b3) add     a7, s8, t1
core   0: 3 0x800045b8 (0x006c08b3) x17 0x17ce2ba6
core   0: 0x800045bc (0x40f909b3) sub     s3, s2, a5
core   0: 3 0x800045bc (0x40f909b3) x19 0xb87d6c07
core   0: 0x800045c0 (0x406c0333) sub     t1, s8, t1
core   0: 3 0x800045c0 (0x406c0333) x 6 0x17ce1cdc
core   0: 0x800045c4 (0xf16c0793) addi    a5, s8, -234
core   0: 3 0x800045c4 (0xf16c0793) x15 0x17ce2357
core   0: 0x800045c8 (0x41308433) sub     s0, ra, s3
core   0: 3 0x800045c8 (0x41308433) x 8 0x287a9985
core   0: 0x800045cc (0x00000013) nop
core   0: 3 0x800045cc (0x00000013)
core   0: 0x800045d0 (0xa6160813) addi    a6, a2, -1439
core   0: 3 0x800045d0 (0xa6160813) x16 0xef02654f
core   0: 0x800045d4 (0x00556fb3) or      t6, a0, t0
core   0: 3 0x800045d4 (0x00556fb3) x31 0x00000000
core   0: 0x800045d8 (0x01681593) slli    a1, a6, 22
core   0: 3 0x800045d8 (0x01681593) x11 0x53c00000
core   0: 0x800045dc (0x00d33bb3) sltu    s7, t1, a3
core   0: 3 0x800045dc (0x00d33bb3) x23 0x00000000
core   0: 0x800045e0 (0x419ad913) srai    s2, s5, 25
core   0: 3 0x800045e0 (0x419ad913) x18 0xffffffc0
core   0: 0x800045e4 (0x01846733) or      a4, s0, s8
core   0: 3 0x800045e4 (0x01846733) x14 0x3ffebdc5
core   0: 0x800045e8 (0x00bf5bb3) srl     s7, t5, a1
core   0: 3 0x800045e8 (0x00bf5bb3) x23 0x05aa554c
core   0: 0x800045ec (0x4f7ebf13) sltiu   t5, t4, 1271
core   0: 3 0x800045ec (0x4f7ebf13) x30 0x00000001
core   0: 0x800045f0 (0x0055b9b3) sltu    s3, a1, t0
core   0: 3 0x800045f0 (0x0055b9b3) x19 0x00000000
core   0: 0x800045f4 (0xe6f21097) auipc   ra, 0xe6f21
core   0: 3 0x800045f4 (0xe6f21097) x 1 0x66f255f4
core   0: 0x800045f8 (0x68810393) addi    t2, sp, 1672
core   0: 3 0x800045f8 (0x68810393) x 7 0x00000545
core   0: 0x800045fc (0x82be8013) addi    zero, t4, -2005
core   0: 3 0x800045fc (0x82be8013)
core   0: 0x80004600 (0x01018533) add     a0, gp, a6
core   0: 3 0x80004600 (0x01018533) x10 0x6f02640c
core   0: 0x80004604 (0x003ef733) and     a4, t4, gp
core   0: 3 0x80004604 (0x003ef733) x14 0x00000000
core   0: 0x80004608 (0x01e8fb33) and     s6, a7, t5
core   0: 3 0x80004608 (0x01e8fb33) x22 0x00000000
core   0: 0x8000460c (0x01a41333) sll     t1, s0, s10
core   0: 3 0x8000460c (0x01a41333) x 6 0x28000000
core   0: 0x80004610 (0x013dd813) srli    a6, s11, 19
core   0: 3 0x80004610 (0x013dd813) x16 0x00000bc4
core   0: 0x80004614 (0x09cbefb7) lui     t6, 0x9cbe
core   0: 3 0x80004614 (0x09cbefb7) x31 0x09cbe000
core   0: 0x80004618 (0x41795233) sra     tp, s2, s7
core   0: 3 0x80004618 (0x41795233) x 4 0xffffffff
core   0: 0x8000461c (0x99a6e213) ori     tp, a3, -1638
core   0: 3 0x8000461c (0x99a6e213) x 4 0xfffffb9e
core   0: 0x80004620 (0xd929fb93) andi    s7, s3, -622
core   0: 3 0x80004620 (0xd929fb93) x23 0x00000000
core   0: 0x80004624 (0x73ed3793) sltiu   a5, s10, 1854
core   0: 3 0x80004624 (0x73ed3793) x15 0x00000000
core   0: 0x80004628 (0x01a7acb3) slt     s9, a5, s10
core   0: 3 0x80004628 (0x01a7acb3) x25 0x00000001
core   0: 0x8000462c (0x017d9233) sll     tp, s11, s7
core   0: 3 0x8000462c (0x017d9233) x 4 0x5e229000
core   0: 0x80004630 (0x40fc5313) srai    t1, s8, 15
core   0: 3 0x80004630 (0x40fc5313) x 6 0x00002f9c
core   0: 0x80004634 (0x75d5cc97) auipc   s9, 0x75d5c
core   0: 3 0x80004634 (0x75d5cc97) x25 0xf5d60634
core   0: 0x80004638 (0x004e37b3) sltu    a5, t3, tp
core   0: 3 0x80004638 (0x004e37b3) x15 0x00000001
core   0: 0x8000463c (0x00000013) nop
core   0: 3 0x8000463c (0x00000013)
core   0: 0x80004640 (0x87d9c793) xori    a5, s3, -1923
core   0: 3 0x80004640 (0x87d9c793) x15 0xfffff87d
core   0: 0x80004644 (0x6953ed13) ori     s10, t2, 1685
core   0: 3 0x80004644 (0x6953ed13) x26 0x000007d5
core   0: 0x80004648 (0x534e4f13) xori    t5, t3, 1332
core   0: 3 0x80004648 (0x534e4f13) x30 0x000172dd
core   0: 0x8000464c (0xa1e9ab13) slti    s6, s3, -1506
core   0: 3 0x8000464c (0xa1e9ab13) x22 0x00000000
core   0: 0x80004650 (0x00000013) nop
core   0: 3 0x80004650 (0x00000013)
core   0: 0x80004654 (0x00c597b3) sll     a5, a1, a2
core   0: 3 0x80004654 (0x00c597b3) x15 0x00000000
core   0: 0x80004658 (0xffcf7893) andi    a7, t5, -4
core   0: 3 0x80004658 (0xffcf7893) x17 0x000172dc
core   0: 0x8000465c (0x00000013) nop
core   0: 3 0x8000465c (0x00000013)
core   0: 0x80004660 (0x417c02b3) sub     t0, s8, s7
core   0: 3 0x80004660 (0x417c02b3) x 5 0x17ce2441
core   0: 0x80004664 (0x01fd3533) sltu    a0, s10, t6
core   0: 3 0x80004664 (0x01fd3533) x10 0x00000001
core   0: 0x80004668 (0xe1b3be13) sltiu   t3, t2, -485
core   0: 3 0x80004668 (0xe1b3be13) x28 0x00000001
core   0: 0x8000466c (0x7f9d4713) xori    a4, s10, 2041
core   0: 3 0x8000466c (0x7f9d4713) x14 0x0000002c
core   0: 0x80004670 (0x193b0e93) addi    t4, s6, 403
core   0: 3 0x80004670 (0x193b0e93) x29 0x00000193
core   0: 0x80004674 (0x00406133) or      sp, zero, tp
core   0: 3 0x80004674 (0x00406133) x 2 0x5e229000
core   0: 0x80004678 (0xb4b20f37) lui     t5, 0xb4b20
core   0: 3 0x80004678 (0xb4b20f37) x30 0xb4b20000
core   0: 0x8000467c (0xe722cd13) xori    s10, t0, -398
core   0: 3 0x8000467c (0xe722cd13) x26 0xe831da33
core   0: 0x80004680 (0x40f154b3) sra     s1, sp, a5
core   0: 3 0x80004680 (0x40f154b3) x 9 0x5e229000
core   0: 0x80004684 (0x00e82bb3) slt     s7, a6, a4
core   0: 3 0x80004684 (0x00e82bb3) x23 0x00000000
core   0: 0x80004688 (0xda744813) xori    a6, s0, -601
core   0: 3 0x80004688 (0xda744813) x16 0xd7856422
core   0: 0x8000468c (0xffc5cc93) xori    s9, a1, -4
core   0: 3 0x8000468c (0xffc5cc93) x25 0xac3ffffc
core   0: 0x80004690 (0x009466b3) or      a3, s0, s1
core   0: 3 0x80004690 (0x009466b3) x13 0x7e7a9985
core   0: 0x80004694 (0x41da5013) srai    zero, s4, 29
core   0: 3 0x80004694 (0x41da5013)
core   0: 0x80004698 (0x29fda593) slti    a1, s11, 671
core   0: 3 0x80004698 (0x29fda593) x11 0x00000000
core   0: 0x8000469c (0xa9667493) andi    s1, a2, -1386
core   0: 3 0x8000469c (0xa9667493) x 9 0xef026a86
core   0: 0x800046a0 (0x0198fc33) and     s8, a7, s9
core   0: 3 0x800046a0 (0x0198fc33) x24 0x000172dc
core   0: 0x800046a4 (0x7f224c97) auipc   s9, 0x7f224
core   0: 3 0x800046a4 (0x7f224c97) x25 0xff2286a4
core   0: 0x800046a8 (0x00000013) nop
core   0: 3 0x800046a8 (0x00000013)
core   0: 0x800046ac (0x017f59b3) srl     s3, t5, s7
core   0: 3 0x800046ac (0x017f59b3) x19 0xb4b20000
core   0: 0x800046b0 (0x41ab0833) sub     a6, s6, s10
core   0: 3 0x800046b0 (0x41ab0833) x16 0x17ce25cd
core   0: 0x800046b4 (0x00b86033) or      zero, a6, a1
core   0: 3 0x800046b4 (0x00b86033)
core   0: 0x800046b8 (0x89d0eb93) ori     s7, ra, -1891
core   0: 3 0x800046b8 (0x89d0eb93) x23 0xfffffdfd
core   0: 0x800046bc (0x417750b3) sra     ra, a4, s7
core   0: 3 0x800046bc (0x417750b3) x 1 0x00000000
core   0: 0x800046c0 (0xc20b4813) xori    a6, s6, -992
core   0: 3 0x800046c0 (0xc20b4813) x16 0xfffffc20
core   0: 0x800046c4 (0x05d17193) andi    gp, sp, 93
core   0: 3 0x800046c4 (0x05d17193) x 3 0x00000000
core   0: 0x800046c8 (0x01cba133) slt     sp, s7, t3
core   0: 3 0x800046c8 (0x01cba133) x 2 0x00000001
core   0: 0x800046cc (0x4023d2b3) sra     t0, t2, sp
core   0: 3 0x800046cc (0x4023d2b3) x 5 0x000002a2
core   0: 0x800046d0 (0x00e538b3) sltu    a7, a0, a4
core   0: 3 0x800046d0 (0x00e538b3) x17 0x00000001
core   0: 0x800046d4 (0x0116d693) srli    a3, a3, 17
core   0: 3 0x800046d4 (0x0116d693) x13 0x00003f3d
core   0: 0x800046d8 (0x00000013) nop
core   0: 3 0x800046d8 (0x00000013)
core   0: 0x800046dc (0x34dd8293) addi    t0, s11, 845
core   0: 3 0x800046dc (0x34dd8293) x 5 0x5e22934d
core   0: 0x800046e0 (0xd339b5b7) lui     a1, 0xd339b
core   0: 3 0x800046e0 (0xd339b5b7) x11 0xd339b000
core   0: 0x800046e4 (0x1a1de893) ori     a7, s11, 417
core   0: 3 0x800046e4 (0x1a1de893) x17 0x5e2291a1
core   0: 0x800046e8 (0x001f0413) addi    s0, t5, 1
core   0: 3 0x800046e8 (0x001f0413) x 8 0xb4b20001
core   0: 0x800046ec (0x01b35fb3) srl     t6, t1, s11
core   0: 3 0x800046ec (0x01b35fb3) x31 0x00002f9c
core   0: 0x800046f0 (0xd9f64393) xori    t2, a2, -609
core   0: 3 0x800046f0 (0xd9f64393) x 7 0x10fd9771
core   0: 0x800046f4 (0x00c6f433) and     s0, a3, a2
core   0: 3 0x800046f4 (0x00c6f433) x 8 0x00002a2c
core   0: 0x800046f8 (0x40dcdc33) sra     s8, s9, a3
core   0: 3 0x800046f8 (0x40dcdc33) x24 0xffffffff
core   0: 0x800046fc (0xf0732013) slti    zero, t1, -249
core   0: 3 0x800046fc (0xf0732013)
core   0: 0x80004700 (0x0081d193) srli    gp, gp, 8
core   0: 3 0x80004700 (0x0081d193) x 3 0x00000000
core   0: 0x80004704 (0x015e6233) or      tp, t3, s5
core   0: 3 0x80004704 (0x015e6233) x 4 0x80015ce5
core   0: 0x80004708 (0x0063b0b3) sltu    ra, t2, t1
core   0: 3 0x80004708 (0x0063b0b3) x 1 0x00000000
core   0: 0x8000470c (0x3a1e8e17) auipc   t3, 0x3a1e8
core   0: 3 0x8000470c (0x3a1e8e17) x28 0xba1ec70c
core   0: 0x80004710 (0x79cacb13) xori    s6, s5, 1948
core   0: 3 0x80004710 (0x79cacb13) x22 0x80015b78
core   0: 0x80004714 (0x016088b3) add     a7, ra, s6
core   0: 3 0x80004714 (0x016088b3) x17 0x80015b78
core   0: 0x80004718 (0x01286733) or      a4, a6, s2
core   0: 3 0x80004718 (0x01286733) x14 0xffffffe0
core   0: 0x8000471c (0x011202b3) add     t0, tp, a7
core   0: 3 0x8000471c (0x011202b3) x 5 0x0002b85d
core   0: 0x80004720 (0xc50f1737) lui     a4, 0xc50f1
core   0: 3 0x80004720 (0xc50f1737) x14 0xc50f1000
core   0: 0x80004724 (0x00f65293) srli    t0, a2, 15
core   0: 3 0x80004724 (0x00f65293) x 5 0x0001de04
core   0: 0x80004728 (0x01de9f13) slli    t5, t4, 29
core   0: 3 0x80004728 (0x01de9f13) x30 0x60000000
core   0: 0x8000472c (0x01a8fe33) and     t3, a7, s10
core   0: 3 0x8000472c (0x01a8fe33) x28 0x80015a30
core   0: 0x80004730 (0x012949b3) xor     s3, s2, s2
core   0: 3 0x80004730 (0x012949b3) x19 0x00000000
core   0: 0x80004734 (0x41aa5413) srai    s0, s4, 26
core   0: 3 0x80004734 (0x41aa5413) x 8 0xffffffe0
core   0: 0x80004738 (0x3ed04013) xori    zero, zero, 1005
core   0: 3 0x80004738 (0x3ed04013)
core   0: 0x8000473c (0xba3ba393) slti    t2, s7, -1117
core   0: 3 0x8000473c (0xba3ba393) x 7 0x00000000
core   0: 0x80004740 (0x01201c93) slli    s9, zero, 18
core   0: 3 0x80004740 (0x01201c93) x25 0x00000000
core   0: 0x80004744 (0x006200b3) add     ra, tp, t1
core   0: 3 0x80004744 (0x006200b3) x 1 0x80018c81
core   0: 0x80004748 (0x40ce00b3) sub     ra, t3, a2
core   0: 3 0x80004748 (0x40ce00b3) x 1 0x90feef42
core   0: 0x8000474c (0x54306313) ori     t1, zero, 1347
core   0: 3 0x8000474c (0x54306313) x 6 0x00000543
core   0: 0x80004750 (0x41d2d713) srai    a4, t0, 29
core   0: 3 0x80004750 (0x41d2d713) x14 0x00000000
core   0: 0x80004754 (0x3f33ce97) auipc   t4, 0x3f33c
core   0: 3 0x80004754 (0x3f33ce97) x29 0xbf340754
core   0: 0x80004758 (0xf6e73293) sltiu   t0, a4, -146
core   0: 3 0x80004758 (0xf6e73293) x 5 0x00000001
core   0: 0x8000475c (0x00f6fbb3) and     s7, a3, a5
core   0: 3 0x8000475c (0x00f6fbb3) x23 0x00000000
core   0: 0x80004760 (0x82f2e913) ori     s2, t0, -2001
core   0: 3 0x80004760 (0x82f2e913) x18 0xfffff82f
core   0: 0x80004764 (0x01b19813) slli    a6, gp, 27
core   0: 3 0x80004764 (0x01b19813) x16 0x00000000
core   0: 0x80004768 (0x01459f33) sll     t5, a1, s4
core   0: 3 0x80004768 (0x01459f33) x30 0x339b0000
core   0: 0x8000476c (0x017b73b3) and     t2, s6, s7
core   0: 3 0x8000476c (0x017b73b3) x 7 0x00000000
core   0: 0x80004770 (0x01c0c7b3) xor     a5, ra, t3
core   0: 3 0x80004770 (0x01c0c7b3) x15 0x10ffb572
core   0: 0x80004774 (0x01d4cdb3) xor     s11, s1, t4
core   0: 3 0x80004774 (0x01d4cdb3) x27 0x50366dd2
core   0: 0x80004778 (0x41825d33) sra     s10, tp, s8
core   0: 3 0x80004778 (0x41825d33) x26 0xffffffff
core   0: 0x8000477c (0x000075b3) and     a1, zero, zero
core   0: 3 0x8000477c (0x000075b3) x11 0x00000000
core   0: 0x80004780 (0x730a4337) lui     t1, 0x730a4
core   0: 3 0x80004780 (0x730a4337) x 6 0x730a4000
core   0: 0x80004784 (0x9ec37b13) andi    s6, t1, -1556
core   0: 3 0x80004784 (0x9ec37b13) x22 0x730a4000
core   0: 0x80004788 (0x014d03b3) add     t2, s10, s4
core   0: 3 0x80004788 (0x014d03b3) x 7 0x80011e63
core   0: 0x8000478c (0x0079bb33) sltu    s6, s3, t2
core   0: 3 0x8000478c (0x0079bb33) x22 0x00000001
core   0: 0x80004790 (0xba516413) ori     s0, sp, -1115
core   0: 3 0x80004790 (0xba516413) x 8 0xfffffba5
core   0: 0x80004794 (0x00e71eb3) sll     t4, a4, a4
core   0: 3 0x80004794 (0x00e71eb3) x29 0x00000000
core   0: 0x80004798 (0x39b1b293) sltiu   t0, gp, 923
core   0: 3 0x80004798 (0x39b1b293) x 5 0x00000001
core   0: 0x8000479c (0x21c1fe37) lui     t3, 0x21c1f
core   0: 3 0x8000479c (0x21c1fe37) x28 0x21c1f000
core   0: 0x800047a0 (0x00119113) slli    sp, gp, 1
core   0: 3 0x800047a0 (0x00119113) x 2 0x00000000
core   0: 0x800047a4 (0x4175d313) srai    t1, a1, 23
core   0: 3 0x800047a4 (0x4175d313) x 6 0x00000000
core   0: 0x800047a8 (0xe75f7293) andi    t0, t5, -395
core   0: 3 0x800047a8 (0xe75f7293) x 5 0x339b0000
core   0: 0x800047ac (0x7b9bec93) ori     s9, s7, 1977
core   0: 3 0x800047ac (0x7b9bec93) x25 0x000007b9
core   0: 0x800047b0 (0x009b1733) sll     a4, s6, s1
core   0: 3 0x800047b0 (0x009b1733) x14 0x00000040
core   0: 0x800047b4 (0x9c52b513) sltiu   a0, t0, -1595
core   0: 3 0x800047b4 (0x9c52b513) x10 0x00000001
core   0: 0x800047b8 (0x47352e13) slti    t3, a0, 1139
core   0: 3 0x800047b8 (0x47352e13) x28 0x00000001
core   0: 0x800047bc (0x01df5c33) srl     s8, t5, t4
core   0: 3 0x800047bc (0x01df5c33) x24 0x339b0000
core   0: 0x800047c0 (0x7648cb13) xori    s6, a7, 1892
core   0: 3 0x800047c0 (0x7648cb13) x22 0x80015c1c
core   0: 0x800047c4 (0x36f26cb7) lui     s9, 0x36f26
core   0: 3 0x800047c4 (0x36f26cb7) x25 0x36f26000
core   0: 0x800047c8 (0x00000013) nop
core   0: 3 0x800047c8 (0x00000013)
core   0: 0x800047cc (0x55b20493) addi    s1, tp, 1371
core   0: 3 0x800047cc (0x55b20493) x 9 0x80016240
core   0: 0x800047d0 (0x009a8bb3) add     s7, s5, s1
core   0: 3 0x800047d0 (0x009a8bb3) x23 0x0002bf24
core   0: 0x800047d4 (0x41cc0833) sub     a6, s8, t3
core   0: 3 0x800047d4 (0x41cc0833) x16 0x339affff
core   0: 0x800047d8 (0x3cabb793) sltiu   a5, s7, 970
core   0: 3 0x800047d8 (0x3cabb793) x15 0x00000000
core   0: 0x800047dc (0x013d6333) or      t1, s10, s3
core   0: 3 0x800047dc (0x013d6333) x 6 0xffffffff
core   0: 0x800047e0 (0x97f42b93) slti    s7, s0, -1665
core   0: 3 0x800047e0 (0x97f42b93) x23 0x00000000
core   0: 0x800047e4 (0x00000013) nop
core   0: 3 0x800047e4 (0x00000013)
core   0: 0x800047e8 (0x000f7333) and     t1, t5, zero
core   0: 3 0x800047e8 (0x000f7333) x 6 0x00000000
core   0: 0x800047ec (0x013357b3) srl     a5, t1, s3
core   0: 3 0x800047ec (0x013357b3) x15 0x00000000
core   0: 0x800047f0 (0x0171c0b3) xor     ra, gp, s7
core   0: 3 0x800047f0 (0x0171c0b3) x 1 0x00000000
core   0: 0x800047f4 (0xeb7c4193) xori    gp, s8, -329
core   0: 3 0x800047f4 (0xeb7c4193) x 3 0xcc64feb7
core   0: 0x800047f8 (0x132f4f13) xori    t5, t5, 306
core   0: 3 0x800047f8 (0x132f4f13) x30 0x339b0132
core   0: 0x800047fc (0x0175d833) srl     a6, a1, s7
core   0: 3 0x800047fc (0x0175d833) x16 0x00000000
core   0: 0x80004800 (0x1d3c41b7) lui     gp, 0x1d3c4
core   0: 3 0x80004800 (0x1d3c41b7) x 3 0x1d3c4000
core   0: 0x80004804 (0x00000013) nop
core   0: 3 0x80004804 (0x00000013)
core   0: 0x80004808 (0x0061feb3) and     t4, gp, t1
core   0: 3 0x80004808 (0x0061feb3) x29 0x00000000
core   0: 0x8000480c (0x00000013) nop
core   0: 3 0x8000480c (0x00000013)
core   0: 0x80004810 (0x3dca7d97) auipc   s11, 0x3dca7
core   0: 3 0x80004810 (0x3dca7d97) x27 0xbdcab810
core   0: 0x80004814 (0x93042913) slti    s2, s0, -1744
core   0: 3 0x80004814 (0x93042913) x18 0x00000000
core   0: 0x80004818 (0xb913be13) sltiu   t3, t2, -1135
core   0: 3 0x80004818 (0xb913be13) x28 0x00000001
core   0: 0x8000481c (0x00098333) add     t1, s3, zero
core   0: 3 0x8000481c (0x00098333) x 6 0x00000000
core   0: 0x80004820 (0xb2e00213) li      tp, -1234
core   0: 3 0x80004820 (0xb2e00213) x 4 0xfffffb2e
core   0: 0x80004824 (0x00100b33) add     s6, zero, ra
core   0: 3 0x80004824 (0x00100b33) x22 0x00000000
core   0: 0x80004828 (0xd1162793) slti    a5, a2, -751
core   0: 3 0x80004828 (0xd1162793) x15 0x00000001
core   0: 0x8000482c (0x003302b3) add     t0, t1, gp
core   0: 3 0x8000482c (0x003302b3) x 5 0x1d3c4000
core   0: 0x80004830 (0x01adf4b3) and     s1, s11, s10
core   0: 3 0x80004830 (0x01adf4b3) x 9 0xbdcab810
core   0: 0x80004834 (0x00000013) nop
core   0: 3 0x80004834 (0x00000013)
core   0: 0x80004838 (0x4cdde313) ori     t1, s11, 1229
core   0: 3 0x80004838 (0x4cdde313) x 6 0xbdcabcdd
core   0: 0x8000483c (0x016985b3) add     a1, s3, s6
core   0: 3 0x8000483c (0x016985b3) x11 0x00000000
core   0: 0x80004840 (0x0108ebb3) or      s7, a7, a6
core   0: 3 0x80004840 (0x0108ebb3) x23 0x80015b78
core   0: 0x80004844 (0x0162bf33) sltu    t5, t0, s6
core   0: 3 0x80004844 (0x0162bf33) x30 0x00000000
core   0: 0x80004848 (0x01d91413) slli    s0, s2, 29
core   0: 3 0x80004848 (0x01d91413) x 8 0x00000000
core   0: 0x8000484c (0xd284f013) andi    zero, s1, -728
core   0: 3 0x8000484c (0xd284f013)
core   0: 0x80004850 (0x66e46513) ori     a0, s0, 1646
core   0: 3 0x80004850 (0x66e46513) x10 0x0000066e
core   0: 0x80004854 (0x93666093) ori     ra, a2, -1738
core   0: 3 0x80004854 (0x93666093) x 1 0xfffffbfe
core   0: 0x80004858 (0x40bbd9b3) sra     s3, s7, a1
core   0: 3 0x80004858 (0x40bbd9b3) x19 0x80015b78
core   0: 0x8000485c (0x010ed793) srli    a5, t4, 16
core   0: 3 0x8000485c (0x010ed793) x15 0x00000000
core   0: 0x80004860 (0x680e2b13) slti    s6, t3, 1664
core   0: 3 0x80004860 (0x680e2b13) x22 0x00000001
core   0: 0x80004864 (0x01725133) srl     sp, tp, s7
core   0: 3 0x80004864 (0x01725133) x 2 0x000000ff
core   0: 0x80004868 (0xa6392e13) slti    t3, s2, -1437
core   0: 3 0x80004868 (0xa6392e13) x28 0x00000000
core   0: 0x8000486c (0xc7198213) addi    tp, s3, -911
core   0: 3 0x8000486c (0xc7198213) x 4 0x800157e9
core   0: 0x80004870 (0x00139c93) slli    s9, t2, 1
core   0: 3 0x80004870 (0x00139c93) x25 0x00023cc6
core   0: 0x80004874 (0x0111e0b3) or      ra, gp, a7
core   0: 3 0x80004874 (0x0111e0b3) x 1 0x9d3d5b78
core   0: 0x80004878 (0x2059bc13) sltiu   s8, s3, 517
core   0: 3 0x80004878 (0x2059bc13) x24 0x00000000
core   0: 0x8000487c (0x002a32b3) sltu    t0, s4, sp
core   0: 3 0x8000487c (0x002a32b3) x 5 0x00000000
core   0: 0x80004880 (0x4145d6b3) sra     a3, a1, s4
core   0: 3 0x80004880 (0x4145d6b3) x13 0x00000000
core   0: 0x80004884 (0x40ac0213) addi    tp, s8, 1034
core   0: 3 0x80004884 (0x40ac0213) x 4 0x0000040a
core   0: 0x80004888 (0x418b8eb3) sub     t4, s7, s8
core   0: 3 0x80004888 (0x418b8eb3) x29 0x80015b78
core   0: 0x8000488c (0x000780b3) add     ra, a5, zero
core   0: 3 0x8000488c (0x000780b3) x 1 0x00000000
core   0: 0x80004890 (0x01dd53b3) srl     t2, s10, t4
core   0: 3 0x80004890 (0x01dd53b3) x 7 0x000000ff
core   0: 0x80004894 (0x9ebc6993) ori     s3, s8, -1557
core   0: 3 0x80004894 (0x9ebc6993) x19 0xfffff9eb
core   0: 0x80004898 (0x08388c37) lui     s8, 0x8388
core   0: 3 0x80004898 (0x08388c37) x24 0x08388000
core   0: 0x8000489c (0x40746993) ori     s3, s0, 1031
core   0: 3 0x8000489c (0x40746993) x19 0x00000407
core   0: 0x800048a0 (0x41c8db33) sra     s6, a7, t3
core   0: 3 0x800048a0 (0x41c8db33) x22 0x80015b78
core   0: 0x800048a4 (0x26762c93) slti    s9, a2, 615
core   0: 3 0x800048a4 (0x26762c93) x25 0x00000001
core   0: 0x800048a8 (0x63abb313) sltiu   t1, s7, 1594
core   0: 3 0x800048a8 (0x63abb313) x 6 0x00000000
core   0: 0x800048ac (0x014175b3) and     a1, sp, s4
core   0: 3 0x800048ac (0x014175b3) x11 0x00000064
core   0: 0x800048b0 (0x008416b3) sll     a3, s0, s0
core   0: 3 0x800048b0 (0x008416b3) x13 0x00000000
core   0: 0x800048b4 (0x0039c233) xor     tp, s3, gp
core   0: 3 0x800048b4 (0x0039c233) x 4 0x1d3c4407
core   0: 0x800048b8 (0x01ae0e33) add     t3, t3, s10
core   0: 3 0x800048b8 (0x01ae0e33) x28 0xffffffff
core   0: 0x800048bc (0x0168b833) sltu    a6, a7, s6
core   0: 3 0x800048bc (0x0168b833) x16 0x00000000
core   0: 0x800048c0 (0x011dd393) srli    t2, s11, 17
core   0: 3 0x800048c0 (0x011dd393) x 7 0x00005ee5
core   0: 0x800048c4 (0x8b854f13) xori    t5, a0, -1864
core   0: 3 0x800048c4 (0x8b854f13) x30 0xfffffed6
core   0: 0x800048c8 (0xa3495097) auipc   ra, 0xa3495
core   0: 3 0x800048c8 (0xa3495097) x 1 0x234998c8
core   0: 0x800048cc (0x012bf733) and     a4, s7, s2
core   0: 3 0x800048cc (0x012bf733) x14 0x00000000
core   0: 0x800048d0 (0xac294993) xori    s3, s2, -1342
core   0: 3 0x800048d0 (0xac294993) x19 0xfffffac2
core   0: 0x800048d4 (0x3aab0d13) addi    s10, s6, 938
core   0: 3 0x800048d4 (0x3aab0d13) x26 0x80015f22
core   0: 0x800048d8 (0x0076e233) or      tp, a3, t2
core   0: 3 0x800048d8 (0x0076e233) x 4 0x00005ee5
core   0: 0x800048dc (0x00391133) sll     sp, s2, gp
core   0: 3 0x800048dc (0x00391133) x 2 0x00000000
core   0: 0x800048e0 (0x066dab13) slti    s6, s11, 102
core   0: 3 0x800048e0 (0x066dab13) x22 0x00000001
core   0: 0x800048e4 (0x40335713) srai    a4, t1, 3
core   0: 3 0x800048e4 (0x40335713) x14 0x00000000
core   0: 0x800048e8 (0x009827b3) slt     a5, a6, s1
core   0: 3 0x800048e8 (0x009827b3) x15 0x00000000
core   0: 0x800048ec (0x00c3df33) srl     t5, t2, a2
core   0: 3 0x800048ec (0x00c3df33) x30 0x00000001
core   0: 0x800048f0 (0x0015be33) sltu    t3, a1, ra
core   0: 3 0x800048f0 (0x0015be33) x28 0x00000001
core   0: 0x800048f4 (0x019f4833) xor     a6, t5, s9
core   0: 3 0x800048f4 (0x019f4833) x16 0x00000000
core   0: 0x800048f8 (0x41565993) srai    s3, a2, 21
core   0: 3 0x800048f8 (0x41565993) x19 0xffffff78
core   0: 0x800048fc (0x40540fb3) sub     t6, s0, t0
core   0: 3 0x800048fc (0x40540fb3) x31 0x00000000
core   0: 0x80004900 (0x41d98333) sub     t1, s3, t4
core   0: 3 0x80004900 (0x41d98333) x 6 0x7ffea400
core   0: 0x80004904 (0x2dd2b993) sltiu   s3, t0, 733
core   0: 3 0x80004904 (0x2dd2b993) x19 0x00000001
core   0: 0x80004908 (0x01be0933) add     s2, t3, s11
core   0: 3 0x80004908 (0x01be0933) x18 0xbdcab811
core   0: 0x8000490c (0x6b64f993) andi    s3, s1, 1718
core   0: 3 0x8000490c (0x6b64f993) x19 0x00000010
core   0: 0x80004910 (0x007aa033) slt     zero, s5, t2
core   0: 3 0x80004910 (0x007aa033)
core   0: 0x80004914 (0x0f816437) lui     s0, 0xf816
core   0: 3 0x80004914 (0x0f816437) x 8 0x0f816000
core   0: 0x80004918 (0x004b0f33) add     t5, s6, tp
core   0: 3 0x80004918 (0x004b0f33) x30 0x00005ee6
core   0: 0x8000491c (0x00000013) nop
core   0: 3 0x8000491c (0x00000013)
core   0: 0x80004920 (0x00effc33) and     s8, t6, a4
core   0: 3 0x80004920 (0x00effc33) x24 0x00000000
core   0: 0x80004924 (0x014bb233) sltu    tp, s7, s4
core   0: 3 0x80004924 (0x014bb233) x 4 0x00000000
core   0: 0x80004928 (0x00dc5f33) srl     t5, s8, a3
core   0: 3 0x80004928 (0x00dc5f33) x30 0x00000000
core   0: 0x8000492c (0x41df8bb3) sub     s7, t6, t4
core   0: 3 0x8000492c (0x41df8bb3) x23 0x7ffea488
core   0: 0x80004930 (0xd0464713) xori    a4, a2, -764
core   0: 3 0x80004930 (0xd0464713) x14 0x10fd97ea
core   0: 0x80004934 (0x404c5313) srai    t1, s8, 4
core   0: 3 0x80004934 (0x404c5313) x 6 0x00000000
core   0: 0x80004938 (0x018c5593) srli    a1, s8, 24
core   0: 3 0x80004938 (0x018c5593) x11 0x00000000
core   0: 0x8000493c (0x49c3bc17) auipc   s8, 0x49c3b
core   0: 3 0x8000493c (0x49c3bc17) x24 0xc9c3f93c
core   0: 0x80004940 (0x4c2a3013) sltiu   zero, s4, 1218
core   0: 3 0x80004940 (0x4c2a3013)
core   0: 0x80004944 (0x00000013) nop
core   0: 3 0x80004944 (0x00000013)
core   0: 0x80004948 (0xc3724293) xori    t0, tp, -969
core   0: 3 0x80004948 (0xc3724293) x 5 0xfffffc37
core   0: 0x8000494c (0x0154fd33) and     s10, s1, s5
core   0: 3 0x8000494c (0x0154fd33) x26 0x80001800
core   0: 0x80004950 (0x41e85833) sra     a6, a6, t5
core   0: 3 0x80004950 (0x41e85833) x16 0x00000000
core   0: 0x80004954 (0x40fe5b13) srai    s6, t3, 15
core   0: 3 0x80004954 (0x40fe5b13) x22 0x00000000
core   0: 0x80004958 (0x00486533) or      a0, a6, tp
core   0: 3 0x80004958 (0x00486533) x10 0x00000000
core   0: 0x8000495c (0x9ca04437) lui     s0, 0x9ca04
core   0: 3 0x8000495c (0x9ca04437) x 8 0x9ca04000
core   0: 0x80004960 (0x00000013) nop
core   0: 3 0x80004960 (0x00000013)
core   0: 0x80004964 (0x00b59693) slli    a3, a1, 11
core   0: 3 0x80004964 (0x00b59693) x13 0x00000000
core   0: 0x80004968 (0x00e279b3) and     s3, tp, a4
core   0: 3 0x80004968 (0x00e279b3) x19 0x00000000
core   0: 0x8000496c (0x6c43f493) andi    s1, t2, 1732
core   0: 3 0x8000496c (0x6c43f493) x 9 0x000006c4
core   0: 0x80004970 (0x53a70293) addi    t0, a4, 1338
core   0: 3 0x80004970 (0x53a70293) x 5 0x10fd9d24
core   0: 0x80004974 (0xf368b893) sltiu   a7, a7, -202
core   0: 3 0x80004974 (0xf368b893) x17 0x00000001
core   0: 0x80004978 (0x03038d93) addi    s11, t2, 48
core   0: 3 0x80004978 (0x03038d93) x27 0x00005f15
core   0: 0x8000497c (0x0138db13) srli    s6, a7, 19
core   0: 3 0x8000497c (0x0138db13) x22 0x00000000
core   0: 0x80004980 (0x00123b33) sltu    s6, tp, ra
core   0: 3 0x80004980 (0x00123b33) x22 0x00000001
core   0: 0x80004984 (0x011df5b3) and     a1, s11, a7
core   0: 3 0x80004984 (0x011df5b3) x11 0x00000001
core   0: 0x80004988 (0x005c53b3) srl     t2, s8, t0
core   0: 3 0x80004988 (0x005c53b3) x 7 0x0c9c3f93
core   0: 0x8000498c (0x3bdafe13) andi    t3, s5, 957
core   0: 3 0x8000498c (0x3bdafe13) x28 0x000000a4
core   0: 0x80004990 (0xec038e13) addi    t3, t2, -320
core   0: 3 0x80004990 (0xec038e13) x28 0x0c9c3e53
core   0: 0x80004994 (0x003952b3) srl     t0, s2, gp
core   0: 3 0x80004994 (0x003952b3) x 5 0xbdcab811
core   0: 0x80004998 (0x8f4b0d13) addi    s10, s6, -1804
core   0: 3 0x80004998 (0x8f4b0d13) x26 0xfffff8f5
core   0: 0x8000499c (0x40a400b3) sub     ra, s0, a0
core   0: 3 0x8000499c (0x40a400b3) x 1 0x9ca04000
core   0: 0x800049a0 (0xf22ff093) andi    ra, t6, -222
core   0: 3 0x800049a0 (0xf22ff093) x 1 0x00000000
core   0: 0x800049a4 (0x000a0233) add     tp, s4, zero
core   0: 3 0x800049a4 (0x000a0233) x 4 0x80011e64
core   0: 0x800049a8 (0x52df4837) lui     a6, 0x52df4
core   0: 3 0x800049a8 (0x52df4837) x16 0x52df4000
core   0: 0x800049ac (0x0006b4b3) sltu    s1, a3, zero
core   0: 3 0x800049ac (0x0006b4b3) x 9 0x00000000
core   0: 0x800049b0 (0x0080d413) srli    s0, ra, 8
core   0: 3 0x800049b0 (0x0080d413) x 8 0x00000000
core   0: 0x800049b4 (0x9bc96413) ori     s0, s2, -1604
core   0: 3 0x800049b4 (0x9bc96413) x 8 0xfffff9bd
core   0: 0x800049b8 (0xb40b7193) andi    gp, s6, -1216
core   0: 3 0x800049b8 (0xb40b7193) x 3 0x00000000
core   0: 0x800049bc (0x44298c13) addi    s8, s3, 1090
core   0: 3 0x800049bc (0x44298c13) x24 0x00000442
core   0: 0x800049c0 (0xf5234093) xori    ra, t1, -174
core   0: 3 0x800049c0 (0xf5234093) x 1 0xffffff52
core   0: 0x800049c4 (0x47476013) ori     zero, a4, 1140
core   0: 3 0x800049c4 (0x47476013)
core   0: 0x800049c8 (0x41905793) srai    a5, zero, 25
core   0: 3 0x800049c8 (0x41905793) x15 0x00000000
core   0: 0x800049cc (0x40015713) srai    a4, sp, 0
core   0: 3 0x800049cc (0x40015713) x14 0x00000000
core   0: 0x800049d0 (0x008fa7b3) slt     a5, t6, s0
core   0: 3 0x800049d0 (0x008fa7b3) x15 0x00000000
core   0: 0x800049d4 (0x014574b3) and     s1, a0, s4
core   0: 3 0x800049d4 (0x014574b3) x 9 0x00000000
core   0: 0x800049d8 (0x06b1cb93) xori    s7, gp, 107
core   0: 3 0x800049d8 (0x06b1cb93) x23 0x0000006b
core   0: 0x800049dc (0x016e8233) add     tp, t4, s6
core   0: 3 0x800049dc (0x016e8233) x 4 0x80015b79
core   0: 0x800049e0 (0x01b6db93) srli    s7, a3, 27
core   0: 3 0x800049e0 (0x01b6db93) x23 0x00000000
core   0: 0x800049e4 (0xc620fc93) andi    s9, ra, -926
core   0: 3 0x800049e4 (0xc620fc93) x25 0xfffffc42
core   0: 0x800049e8 (0x00ef52b3) srl     t0, t5, a4
core   0: 3 0x800049e8 (0x00ef52b3) x 5 0x00000000
core   0: 0x800049ec (0x00000013) nop
core   0: 3 0x800049ec (0x00000013)
core   0: 0x800049f0 (0x00b07233) and     tp, zero, a1
core   0: 3 0x800049f0 (0x00b07233) x 4 0x00000000
core   0: 0x800049f4 (0x01a19213) slli    tp, gp, 26
core   0: 3 0x800049f4 (0x01a19213) x 4 0x00000000
core   0: 0x800049f8 (0x66941997) auipc   s3, 0x66941
core   0: 3 0x800049f8 (0x66941997) x19 0xe69459f8
core   0: 0x800049fc (0x01b38cb3) add     s9, t2, s11
core   0: 3 0x800049fc (0x01b38cb3) x25 0x0c9c9ea8
core   0: 0x80004a00 (0xf53c2b13) slti    s6, s8, -173
core   0: 3 0x80004a00 (0xf53c2b13) x22 0x00000000
core   0: 0x80004a04 (0x00330db3) add     s11, t1, gp
core   0: 3 0x80004a04 (0x00330db3) x27 0x00000000
core   0: 0x80004a08 (0x2bef2c13) slti    s8, t5, 702
core   0: 3 0x80004a08 (0x2bef2c13) x24 0x00000001
core   0: 0x80004a0c (0x8effc897) auipc   a7, 0x8effc
core   0: 3 0x80004a0c (0x8effc897) x17 0x0f000a0c
core   0: 0x80004a10 (0x58d54e93) xori    t4, a0, 1421
core   0: 3 0x80004a10 (0x58d54e93) x29 0x0000058d
core   0: 0x80004a14 (0x342f8e13) addi    t3, t6, 834
core   0: 3 0x80004a14 (0x342f8e13) x28 0x00000342
core   0: 0x80004a18 (0x01d81413) slli    s0, a6, 29
core   0: 3 0x80004a18 (0x01d81413) x 8 0x00000000
core   0: 0x80004a1c (0xe9c24e93) xori    t4, tp, -356
core   0: 3 0x80004a1c (0xe9c24e93) x29 0xfffffe9c
core   0: 0x80004a20 (0x00f735b3) sltu    a1, a4, a5
core   0: 3 0x80004a20 (0x00f735b3) x11 0x00000000
core   0: 0x80004a24 (0x00000013) nop
core   0: 3 0x80004a24 (0x00000013)
core   0: 0x80004a28 (0xb619f593) andi    a1, s3, -1183
core   0: 3 0x80004a28 (0xb619f593) x11 0xe6945960
core   0: 0x80004a2c (0x01da9213) slli    tp, s5, 29
core   0: 3 0x80004a2c (0x01da9213) x 4 0x80000000
core   0: 0x80004a30 (0x41265bb3) sra     s7, a2, s2
core   0: 3 0x80004a30 (0x41265bb3) x23 0xfffff781
core   0: 0x80004a34 (0x01ea9833) sll     a6, s5, t5
core   0: 3 0x80004a34 (0x01ea9833) x16 0x80015ce4
core   0: 0x80004a38 (0x3c934b93) xori    s7, t1, 969
core   0: 3 0x80004a38 (0x3c934b93) x23 0x000003c9
core   0: 0x80004a3c (0x416bd533) sra     a0, s7, s6
core   0: 3 0x80004a3c (0x416bd533) x10 0x000003c9
core   0: 0x80004a40 (0xef9fbeb7) lui     t4, 0xef9fb
core   0: 3 0x80004a40 (0xef9fbeb7) x29 0xef9fb000
core   0: 0x80004a44 (0x011e39b3) sltu    s3, t3, a7
core   0: 3 0x80004a44 (0x011e39b3) x19 0x00000001
core   0: 0x80004a48 (0x00d85c33) srl     s8, a6, a3
core   0: 3 0x80004a48 (0x00d85c33) x24 0x80015ce4
core   0: 0x80004a4c (0xe7f9e013) ori     zero, s3, -385
core   0: 3 0x80004a4c (0xe7f9e013)
core   0: 0x80004a50 (0x006122b3) slt     t0, sp, t1
core   0: 3 0x80004a50 (0x006122b3) x 5 0x00000000
core   0: 0x80004a54 (0x00c1ab33) slt     s6, gp, a2
core   0: 3 0x80004a54 (0x00c1ab33) x22 0x00000000
core   0: 0x80004a58 (0x01a1d233) srl     tp, gp, s10
core   0: 3 0x80004a58 (0x01a1d233) x 4 0x00000000
core   0: 0x80004a5c (0x00215bb3) srl     s7, sp, sp
core   0: 3 0x80004a5c (0x00215bb3) x23 0x00000000
core   0: 0x80004a60 (0x01d61593) slli    a1, a2, 29
core   0: 3 0x80004a60 (0x01d61593) x11 0xc0000000
core   0: 0x80004a64 (0xce5dcb13) xori    s6, s11, -795
core   0: 3 0x80004a64 (0xce5dcb13) x22 0xfffffce5
core   0: 0x80004a68 (0x8a04b813) sltiu   a6, s1, -1888
core   0: 3 0x80004a68 (0x8a04b813) x16 0x00000001
core   0: 0x80004a6c (0x01d2c1b3) xor     gp, t0, t4
core   0: 3 0x80004a6c (0x01d2c1b3) x 3 0xef9fb000
core   0: 0x80004a70 (0x00000013) nop
core   0: 3 0x80004a70 (0x00000013)
core   0: 0x80004a74 (0x00ae78b3) and     a7, t3, a0
core   0: 3 0x80004a74 (0x00ae78b3) x17 0x00000340
core   0: 0x80004a78 (0x4f1cf593) andi    a1, s9, 1265
core   0: 3 0x80004a78 (0x4f1cf593) x11 0x000004a0
core   0: 0x80004a7c (0xe90d6513) ori     a0, s10, -368
core   0: 3 0x80004a7c (0xe90d6513) x10 0xfffffef5
core   0: 0x80004a80 (0x01f031b3) snez    gp, t6
core   0: 3 0x80004a80 (0x01f031b3) x 3 0x00000000
core   0: 0x80004a84 (0xa0482097) auipc   ra, 0xa0482
core   0: 3 0x80004a84 (0xa0482097) x 1 0x20486a84
core   0: 0x80004a88 (0x0190bb33) sltu    s6, ra, s9
core   0: 3 0x80004a88 (0x0190bb33) x22 0x00000000
core   0: 0x80004a8c (0x01c490b3) sll     ra, s1, t3
core   0: 3 0x80004a8c (0x01c490b3) x 1 0x00000000
core   0: 0x80004a90 (0x006e6533) or      a0, t3, t1
core   0: 3 0x80004a90 (0x006e6533) x10 0x00000342
core   0: 0x80004a94 (0x7f1e6e17) auipc   t3, 0x7f1e6
core   0: 3 0x80004a94 (0x7f1e6e17) x28 0xff1eaa94
core   0: 0x80004a98 (0x0147d913) srli    s2, a5, 20
core   0: 3 0x80004a98 (0x0147d913) x18 0x00000000
core   0: 0x80004a9c (0x00000013) nop
core   0: 3 0x80004a9c (0x00000013)
core   0: 0x80004aa0 (0x0199df33) srl     t5, s3, s9
core   0: 3 0x80004aa0 (0x0199df33) x30 0x00000000
core   0: 0x80004aa4 (0x00000013) nop
core   0: 3 0x80004aa4 (0x00000013)
core   0: 0x80004aa8 (0x01a8fd33) and     s10, a7, s10
core   0: 3 0x80004aa8 (0x01a8fd33) x26 0x00000040
core   0: 0x80004aac (0x41f25993) srai    s3, tp, 31
core   0: 3 0x80004aac (0x41f25993) x19 0x00000000
core   0: 0x80004ab0 (0xa8740d93) addi    s11, s0, -1401
core   0: 3 0x80004ab0 (0xa8740d93) x27 0xfffffa87
core   0: 0x80004ab4 (0x019eed33) or      s10, t4, s9
core   0: 3 0x80004ab4 (0x019eed33) x26 0xef9fbea8
core   0: 0x80004ab8 (0x3bc04813) xori    a6, zero, 956
core   0: 3 0x80004ab8 (0x3bc04813) x16 0x000003bc
core   0: 0x80004abc (0x404f5213) srai    tp, t5, 4
core   0: 3 0x80004abc (0x404f5213) x 4 0x00000000
core   0: 0x80004ac0 (0xcf700b37) lui     s6, 0xcf700
core   0: 3 0x80004ac0 (0xcf700b37) x22 0xcf700000
core   0: 0x80004ac4 (0x40a85bb3) sra     s7, a6, a0
core   0: 3 0x80004ac4 (0x40a85bb3) x23 0x000000ef
core   0: 0x80004ac8 (0x48cf0213) addi    tp, t5, 1164
core   0: 3 0x80004ac8 (0x48cf0213) x 4 0x0000048c
core   0: 0x80004acc (0x0160fd33) and     s10, ra, s6
core   0: 3 0x80004acc (0x0160fd33) x26 0x00000000
core   0: 0x80004ad0 (0x800aa193) slti    gp, s5, -2048
core   0: 3 0x80004ad0 (0x800aa193) x 3 0x00000001
core   0: 0x80004ad4 (0x1b14f813) andi    a6, s1, 433
core   0: 3 0x80004ad4 (0x1b14f813) x16 0x00000000
core   0: 0x80004ad8 (0x00000013) nop
core   0: 3 0x80004ad8 (0x00000013)
core   0: 0x80004adc (0x41a0de13) srai    t3, ra, 26
core   0: 3 0x80004adc (0x41a0de13) x28 0x00000000
core   0: 0x80004ae0 (0x41fcd333) sra     t1, s9, t6
core   0: 3 0x80004ae0 (0x41fcd333) x 6 0x0c9c9ea8
core   0: 0x80004ae4 (0x419ad833) sra     a6, s5, s9
core   0: 3 0x80004ae4 (0x419ad833) x16 0xff80015c
core   0: 0x80004ae8 (0x16377793) andi    a5, a4, 355
core   0: 3 0x80004ae8 (0x16377793) x15 0x00000000
core   0: 0x80004aec (0x0059bcb3) sltu    s9, s3, t0
core   0: 3 0x80004aec (0x0059bcb3) x25 0x00000000
core   0: 0x80004af0 (0x7800bb17) auipc   s6, 0x7800b
core   0: 3 0x80004af0 (0x7800bb17) x22 0xf800faf0
core   0: 0x80004af4 (0x40cb5413) srai    s0, s6, 12
core   0: 3 0x80004af4 (0x40cb5413) x 8 0xffff800f
core   0: 0x80004af8 (0x00000013) nop
core   0: 3 0x80004af8 (0x00000013)
core   0: 0x80004afc (0x01f7c433) xor     s0, a5, t6
core   0: 3 0x80004afc (0x01f7c433) x 8 0x00000000
core   0: 0x80004b00 (0xa80a0417) auipc   s0, 0xa80a0
core   0: 3 0x80004b00 (0xa80a0417) x 8 0x280a4b00
core   0: 0x80004b04 (0x410d08b3) sub     a7, s10, a6
core   0: 3 0x80004b04 (0x410d08b3) x17 0x007ffea4
core   0: 0x80004b08 (0x00bc4033) xor     zero, s8, a1
core   0: 3 0x80004b08 (0x00bc4033)
core   0: 0x80004b0c (0x019539b3) sltu    s3, a0, s9
core   0: 3 0x80004b0c (0x019539b3) x19 0x00000000
core   0: 0x80004b10 (0x302a87b7) lui     a5, 0x302a8
core   0: 3 0x80004b10 (0x302a87b7) x15 0x302a8000
core   0: 0x80004b14 (0x60dd8e93) addi    t4, s11, 1549
core   0: 3 0x80004b14 (0x60dd8e93) x29 0x00000094
core   0: 0x80004b18 (0x00b71b13) slli    s6, a4, 11
core   0: 3 0x80004b18 (0x00b71b13) x22 0x00000000
core   0: 0x80004b1c (0x014ebbb3) sltu    s7, t4, s4
core   0: 3 0x80004b1c (0x014ebbb3) x23 0x00000001
core   0: 0x80004b20 (0x35aea0b7) lui     ra, 0x35aea
core   0: 3 0x80004b20 (0x35aea0b7) x 1 0x35aea000
core   0: 0x80004b24 (0x00000013) nop
core   0: 3 0x80004b24 (0x00000013)
core   0: 0x80004b28 (0x00a70c33) add     s8, a4, a0
core   0: 3 0x80004b28 (0x00a70c33) x24 0x00000342
core   0: 0x80004b2c (0x01b2a6b3) slt     a3, t0, s11
core   0: 3 0x80004b2c (0x01b2a6b3) x13 0x00000000
core   0: 0x80004b30 (0xcefec193) xori    gp, t4, -785
core   0: 3 0x80004b30 (0xcefec193) x 3 0xfffffc7b
core   0: 0x80004b34 (0xb328e193) ori     gp, a7, -1230
core   0: 3 0x80004b34 (0xb328e193) x 3 0xffffffb6
core   0: 0x80004b38 (0xde756b93) ori     s7, a0, -537
core   0: 3 0x80004b38 (0xde756b93) x23 0xffffffe7
core   0: 0x80004b3c (0x7ea06213) ori     tp, zero, 2026
core   0: 3 0x80004b3c (0x7ea06213) x 4 0x000007ea
core   0: 0x80004b40 (0xb117f793) andi    a5, a5, -1263
core   0: 3 0x80004b40 (0xb117f793) x15 0x302a8000
core   0: 0x80004b44 (0x0042dbb3) srl     s7, t0, tp
core   0: 3 0x80004b44 (0x0042dbb3) x23 0x00000000
core   0: 0x80004b48 (0x4db7ae93) slti    t4, a5, 1243
core   0: 3 0x80004b48 (0x4db7ae93) x29 0x00000000
core   0: 0x80004b4c (0x80000837) lui     a6, 0x80000
core   0: 3 0x80004b4c (0x80000837) x16 0x80000000
core   0: 0x80004b50 (0x80000737) lui     a4, 0x80000
core   0: 3 0x80004b50 (0x80000737) x14 0x80000000
core   0: 0x80004b54 (0x80000fb7) lui     t6, 0x80000
core   0: 3 0x80004b54 (0x80000fb7) x31 0x80000000
core   0: 0x80004b58 (0xfff00d93) li      s11, -1
core   0: 3 0x80004b58 (0xfff00d93) x27 0xffffffff
core   0: 0x80004b5c (0x00000e93) li      t4, 0
core   0: 3 0x80004b5c (0x00000e93) x29 0x00000000
core   0: 0x80004b60 (0x00000593) li      a1, 0
core   0: 3 0x80004b60 (0x00000593) x11 0x00000000
core   0: 0x80004b64 (0x00000d13) li      s10, 0
core   0: 3 0x80004b64 (0x00000d13) x26 0x00000000
core   0: 0x80004b68 (0x7ae303b7) lui     t2, 0x7ae30
core   0: 3 0x80004b68 (0x7ae303b7) x 7 0x7ae30000
core   0: 0x80004b6c (0xc9238393) addi    t2, t2, -878
core   0: 3 0x80004b6c (0xc9238393) x 7 0x7ae2fc92
core   0: 0x80004b70 (0x9d21a0b7) lui     ra, 0x9d21a
core   0: 3 0x80004b70 (0x9d21a0b7) x 1 0x9d21a000
core   0: 0x80004b74 (0xc4e08093) addi    ra, ra, -946
core   0: 3 0x80004b74 (0xc4e08093) x 1 0x9d219c4e
core   0: 0x80004b78 (0x80000cb7) lui     s9, 0x80000
core   0: 3 0x80004b78 (0x80000cb7) x25 0x80000000
core   0: 0x80004b7c (0xcd027397) auipc   t2, 0xcd027
core   0: 3 0x80004b7c (0xcd027397) x 7 0x4d02bb7c
core   0: 0x80004b80 (0x00708d33) add     s10, ra, t2
core   0: 3 0x80004b80 (0x00708d33) x26 0xea2457ca
core   0: 0x80004b84 (0x00000013) nop
core   0: 3 0x80004b84 (0x00000013)
core   0: 0x80004b88 (0x401e8eb3) sub     t4, t4, ra
core   0: 3 0x80004b88 (0x401e8eb3) x29 0x62de63b2
core   0: 0x80004b8c (0x019c8733) add     a4, s9, s9
core   0: 3 0x80004b8c (0x019c8733) x14 0x00000000
core   0: 0x80004b90 (0x276e8393) addi    t2, t4, 630
core   0: 3 0x80004b90 (0x276e8393) x 7 0x62de6628
core   0: 0x80004b94 (0x41f080b3) sub     ra, ra, t6
core   0: 3 0x80004b94 (0x41f080b3) x 1 0x1d219c4e
core   0: 0x80004b98 (0x007385b3) add     a1, t2, t2
core   0: 3 0x80004b98 (0x007385b3) x11 0xc5bccc50
core   0: 0x80004b9c (0x40bd0cb3) sub     s9, s10, a1
core   0: 3 0x80004b9c (0x40bd0cb3) x25 0x24678b7a
core   0: 0x80004ba0 (0x40b80db3) sub     s11, a6, a1
core   0: 3 0x80004ba0 (0x40b80db3) x27 0xba4333b0
core   0: 0x80004ba4 (0x00780db3) add     s11, a6, t2
core   0: 3 0x80004ba4 (0x00780db3) x27 0xe2de6628
core   0: 0x80004ba8 (0x41af8733) sub     a4, t6, s10
core   0: 3 0x80004ba8 (0x41af8733) x14 0x95dba836
core   0: 0x80004bac (0x5b510cb7) lui     s9, 0x5b510
core   0: 3 0x80004bac (0x5b510cb7) x25 0x5b510000
core   0: 0x80004bb0 (0x00000013) nop
core   0: 3 0x80004bb0 (0x00000013)
core   0: 0x80004bb4 (0x01b08833) add     a6, ra, s11
core   0: 3 0x80004bb4 (0x01b08833) x16 0x00000276
core   0: 0x80004bb8 (0x019c8733) add     a4, s9, s9
core   0: 3 0x80004bb8 (0x019c8733) x14 0xb6a20000
core   0: 0x80004bbc (0x00000013) nop
core   0: 3 0x80004bbc (0x00000013)
core   0: 0x80004bc0 (0x506cf917) auipc   s2, 0x506cf
core   0: 3 0x80004bc0 (0x506cf917) x18 0xd06d3bc0
core   0: 0x80004bc4 (0x0085e133) or      sp, a1, s0
core   0: 3 0x80004bc4 (0x0085e133) x 2 0xedbecf50
core   0: 0x80004bc8 (0x00d213b3) sll     t2, tp, a3
core   0: 3 0x80004bc8 (0x00d213b3) x 7 0x000007ea
core   0: 0x80004bcc (0x40475233) sra     tp, a4, tp
core   0: 3 0x80004bcc (0x40475233) x 4 0xffeda880
core   0: 0x80004bd0 (0x00dd52b3) srl     t0, s10, a3
core   0: 3 0x80004bd0 (0x00dd52b3) x 5 0xea2457ca
core   0: 0x80004bd4 (0x0096afb3) slt     t6, a3, s1
core   0: 3 0x80004bd4 (0x0096afb3) x31 0x00000000
core   0: 0x80004bd8 (0x40cd0533) sub     a0, s10, a2
core   0: 3 0x80004bd8 (0x40cd0533) x10 0xfb21ecdc
core   0: 0x80004bdc (0x9f10a6b7) lui     a3, 0x9f10a
core   0: 3 0x80004bdc (0x9f10a6b7) x13 0x9f10a000
core   0: 0x80004be0 (0x00842333) slt     t1, s0, s0
core   0: 3 0x80004be0 (0x00842333) x 6 0x00000000
core   0: 0x80004be4 (0x01dcad33) slt     s10, s9, t4
core   0: 3 0x80004be4 (0x01dcad33) x26 0x00000001
core   0: 0x80004be8 (0x76295817) auipc   a6, 0x76295
core   0: 3 0x80004be8 (0x76295817) x16 0xf6299be8
core   0: 0x80004bec (0x41b95e13) srai    t3, s2, 27
core   0: 3 0x80004bec (0x41b95e13) x28 0xfffffffa
core   0: 0x80004bf0 (0xe139f893) andi    a7, s3, -493
core   0: 3 0x80004bf0 (0xe139f893) x17 0x00000000
core   0: 0x80004bf4 (0x010c9e33) sll     t3, s9, a6
core   0: 3 0x80004bf4 (0x010c9e33) x28 0x51000000
core   0: 0x80004bf8 (0x007e75b3) and     a1, t3, t2
core   0: 3 0x80004bf8 (0x007e75b3) x11 0x00000000
core   0: 0x80004bfc (0x41985333) sra     t1, a6, s9
core   0: 3 0x80004bfc (0x41985333) x 6 0xf6299be8
core   0: 0x80004c00 (0x01fcce33) xor     t3, s9, t6
core   0: 3 0x80004c00 (0x01fcce33) x28 0x5b510000
core   0: 0x80004c04 (0x01e7d833) srl     a6, a5, t5
core   0: 3 0x80004c04 (0x01e7d833) x16 0x302a8000
core   0: 0x80004c08 (0x002a1b33) sll     s6, s4, sp
core   0: 3 0x80004c08 (0x002a1b33) x22 0x1e640000
core   0: 0x80004c0c (0x416d5893) srai    a7, s10, 22
core   0: 3 0x80004c0c (0x416d5893) x17 0x00000000
core   0: 0x80004c10 (0x00000013) nop
core   0: 3 0x80004c10 (0x00000013)
core   0: 0x80004c14 (0x00000013) nop
core   0: 3 0x80004c14 (0x00000013)
core   0: 0x80004c18 (0x41f1dd93) srai    s11, gp, 31
core   0: 3 0x80004c18 (0x41f1dd93) x27 0xffffffff
core   0: 0x80004c1c (0x009cbc33) sltu    s8, s9, s1
core   0: 3 0x80004c1c (0x009cbc33) x24 0x00000000
core   0: 0x80004c20 (0x9a8aeb17) auipc   s6, 0x9a8ae
core   0: 3 0x80004c20 (0x9a8aeb17) x22 0x1a8b2c20
core   0: 0x80004c24 (0x00469b13) slli    s6, a3, 4
core   0: 3 0x80004c24 (0x00469b13) x22 0xf10a0000
core   0: 0x80004c28 (0x002c9993) slli    s3, s9, 2
core   0: 3 0x80004c28 (0x002c9993) x19 0x6d440000
core   0: 0x80004c2c (0x01718cb3) add     s9, gp, s7
core   0: 3 0x80004c2c (0x01718cb3) x25 0xffffffb6
core   0: 0x80004c30 (0x9a37a897) auipc   a7, 0x9a37a
core   0: 3 0x80004c30 (0x9a37a897) x17 0x1a37ec30
core   0: 0x80004c34 (0x40f8d693) srai    a3, a7, 15
core   0: 3 0x80004c34 (0x40f8d693) x13 0x0000346f
core   0: 0x80004c38 (0xe6c07417) auipc   s0, 0xe6c07
core   0: 3 0x80004c38 (0xe6c07417) x 8 0x66c0bc38
core   0: 0x80004c3c (0x41605293) srai    t0, zero, 22
core   0: 3 0x80004c3c (0x41605293) x 5 0x00000000
core   0: 0x80004c40 (0x27d46c17) auipc   s8, 0x27d46
core   0: 3 0x80004c40 (0x27d46c17) x24 0xa7d4ac40
core   0: 0x80004c44 (0x3d5e4913) xori    s2, t3, 981
core   0: 3 0x80004c44 (0x3d5e4913) x18 0x5b5103d5
core   0: 0x80004c48 (0x00000013) nop
core   0: 3 0x80004c48 (0x00000013)
core   0: 0x80004c4c (0x00000013) nop
core   0: 3 0x80004c4c (0x00000013)
core   0: 0x80004c50 (0xa0c47313) andi    t1, s0, -1524
core   0: 3 0x80004c50 (0xa0c47313) x 6 0x66c0b808
core   0: 0x80004c54 (0x00f67bb3) and     s7, a2, a5
core   0: 3 0x80004c54 (0x00f67bb3) x23 0x20020000
core   0: 0x80004c58 (0x00459333) sll     t1, a1, tp
core   0: 3 0x80004c58 (0x00459333) x 6 0x00000000
core   0: 0x80004c5c (0x613fbb17) auipc   s6, 0x613fb
core   0: 3 0x80004c5c (0x613fbb17) x22 0xe13ffc5c
core   0: 0x80004c60 (0x00000013) nop
core   0: 3 0x80004c60 (0x00000013)
core   0: 0x80004c64 (0x9c50c997) auipc   s3, 0x9c50c
core   0: 3 0x80004c64 (0x9c50c997) x19 0x1c510c64
core   0: 0x80004c68 (0x00d66f33) or      t5, a2, a3
core   0: 3 0x80004c68 (0x00d66f33) x30 0xef027eef
core   0: 0x80004c6c (0x41b089b3) sub     s3, ra, s11
core   0: 3 0x80004c6c (0x41b089b3) x19 0x1d219c4f
core   0: 0x80004c70 (0x4a63fe93) andi    t4, t2, 1190
core   0: 3 0x80004c70 (0x4a63fe93) x29 0x000004a2
core   0: 0x80004c74 (0x001a5e13) srli    t3, s4, 1
core   0: 3 0x80004c74 (0x001a5e13) x28 0x40008f32
core   0: 0x80004c78 (0x419089b3) sub     s3, ra, s9
core   0: 3 0x80004c78 (0x419089b3) x19 0x1d219c98
core   0: 0x80004c7c (0x01246f33) or      t5, s0, s2
core   0: 3 0x80004c7c (0x01246f33) x30 0x7fd1bffd
core   0: 0x80004c80 (0x00a6e3b3) or      t2, a3, a0
core   0: 3 0x80004c80 (0x00a6e3b3) x 7 0xfb21fcff
core   0: 0x80004c84 (0xc7d67137) lui     sp, 0xc7d67
core   0: 3 0x80004c84 (0xc7d67137) x 2 0xc7d67000
core   0: 0x80004c88 (0x803b4393) xori    t2, s6, -2045
core   0: 3 0x80004c88 (0x803b4393) x 7 0x1ec0045f
core   0: 0x80004c8c (0x01b71c93) slli    s9, a4, 27
core   0: 3 0x80004c8c (0x01b71c93) x25 0x00000000
core   0: 0x80004c90 (0x00b16fb3) or      t6, sp, a1
core   0: 3 0x80004c90 (0x00b16fb3) x31 0xc7d67000
core   0: 0x80004c94 (0xfeb7e037) lui     zero, 0xfeb7e
core   0: 3 0x80004c94 (0xfeb7e037)
core   0: 0x80004c98 (0xf234c113) xori    sp, s1, -221
core   0: 3 0x80004c98 (0xf234c113) x 2 0xffffff23
core   0: 0x80004c9c (0xbb06a493) slti    s1, a3, -1104
core   0: 3 0x80004c9c (0xbb06a493) x 9 0x00000000
core   0: 0x80004ca0 (0x008a1533) sll     a0, s4, s0
core   0: 3 0x80004ca0 (0x008a1533) x10 0x64000000
core   0: 0x80004ca4 (0xb47a4837) lui     a6, 0xb47a4
core   0: 3 0x80004ca4 (0xb47a4837) x16 0xb47a4000
core   0: 0x80004ca8 (0x019f8533) add     a0, t6, s9
core   0: 3 0x80004ca8 (0x019f8533) x10 0xc7d67000
core   0: 0x80004cac (0x385ff293) andi    t0, t6, 901
core   0: 3 0x80004cac (0x385ff293) x 5 0x00000000
core   0: 0x80004cb0 (0x2b3064b7) lui     s1, 0x2b306
core   0: 3 0x80004cb0 (0x2b3064b7) x 9 0x2b306000
core   0: 0x80004cb4 (0x67b26d93) ori     s11, tp, 1659
core   0: 3 0x80004cb4 (0x67b26d93) x27 0xffedaefb
core   0: 0x80004cb8 (0x400f5693) srai    a3, t5, 0
core   0: 3 0x80004cb8 (0x400f5693) x13 0x7fd1bffd
core   0: 0x80004cbc (0x41408eb3) sub     t4, ra, s4
core   0: 3 0x80004cbc (0x41408eb3) x29 0x9d207dea
core   0: 0x80004cc0 (0x009e2833) slt     a6, t3, s1
core   0: 3 0x80004cc0 (0x009e2833) x16 0x00000000
core   0: 0x80004cc4 (0x00bf5313) srli    t1, t5, 11
core   0: 3 0x80004cc4 (0x00bf5313) x 6 0x000ffa37
core   0: 0x80004cc8 (0x315e3813) sltiu   a6, t3, 789
core   0: 3 0x80004cc8 (0x315e3813) x16 0x00000000
core   0: 0x80004ccc (0x81b94b13) xori    s6, s2, -2021
core   0: 3 0x80004ccc (0x81b94b13) x22 0xa4aefbce
core   0: 0x80004cd0 (0xb6dca213) slti    tp, s9, -1171
core   0: 3 0x80004cd0 (0xb6dca213) x 4 0x00000000
core   0: 0x80004cd4 (0x017e7733) and     a4, t3, s7
core   0: 3 0x80004cd4 (0x017e7733) x14 0x00000000
core   0: 0x80004cd8 (0x0019f1b3) and     gp, s3, ra
core   0: 3 0x80004cd8 (0x0019f1b3) x 3 0x1d219c08
core   0: 0x80004cdc (0x0171b8b3) sltu    a7, gp, s7
core   0: 3 0x80004cdc (0x0171b8b3) x17 0x00000001
core   0: 0x80004ce0 (0x010035b3) snez    a1, a6
core   0: 3 0x80004ce0 (0x010035b3) x11 0x00000000
core   0: 0x80004ce4 (0x41330533) sub     a0, t1, s3
core   0: 3 0x80004ce4 (0x41330533) x10 0xe2ee5d9f
core   0: 0x80004ce8 (0x01d9eeb3) or      t4, s3, t4
core   0: 3 0x80004ce8 (0x01d9eeb3) x29 0x9d21fdfa
core   0: 0x80004cec (0x01204f33) xor     t5, zero, s2
core   0: 3 0x80004cec (0x01204f33) x30 0x5b5103d5
core   0: 0x80004cf0 (0x00c71393) slli    t2, a4, 12
core   0: 3 0x80004cf0 (0x00c71393) x 7 0x00000000
core   0: 0x80004cf4 (0x01d85033) srl     zero, a6, t4
core   0: 3 0x80004cf4 (0x01d85033)
core   0: 0x80004cf8 (0x9e4f4893) xori    a7, t5, -1564
core   0: 3 0x80004cf8 (0x9e4f4893) x17 0xa4aefa31
core   0: 0x80004cfc (0x018429b3) slt     s3, s0, s8
core   0: 3 0x80004cfc (0x018429b3) x19 0x00000000
core   0: 0x80004d00 (0x2315fb17) auipc   s6, 0x2315f
core   0: 3 0x80004d00 (0x2315fb17) x22 0xa3163d00
core   0: 0x80004d04 (0x0110c433) xor     s0, ra, a7
core   0: 3 0x80004d04 (0x0110c433) x 8 0xb98f667f
core   0: 0x80004d08 (0x00cb5b13) srli    s6, s6, 12
core   0: 3 0x80004d08 (0x00cb5b13) x22 0x000a3163
core   0: 0x80004d0c (0x42030493) addi    s1, t1, 1056
core   0: 3 0x80004d0c (0x42030493) x 9 0x000ffe57
core   0: 0x80004d10 (0x0024d513) srli    a0, s1, 2
core   0: 3 0x80004d10 (0x0024d513) x10 0x0003ff95
core   0: 0x80004d14 (0xa0e74913) xori    s2, a4, -1522
core   0: 3 0x80004d14 (0xa0e74913) x18 0xfffffa0e
core   0: 0x80004d18 (0x24654493) xori    s1, a0, 582
core   0: 3 0x80004d18 (0x24654493) x 9 0x0003fdd3
core   0: 0x80004d1c (0x01871113) slli    sp, a4, 24
core   0: 3 0x80004d1c (0x01871113) x 2 0x00000000
core   0: 0x80004d20 (0x00e12933) slt     s2, sp, a4
core   0: 3 0x80004d20 (0x00e12933) x18 0x00000000
core   0: 0x80004d24 (0x002f3533) sltu    a0, t5, sp
core   0: 3 0x80004d24 (0x002f3533) x10 0x00000000
core   0: 0x80004d28 (0x3c737c13) andi    s8, t1, 967
core   0: 3 0x80004d28 (0x3c737c13) x24 0x00000207
core   0: 0x80004d2c (0x404286b3) sub     a3, t0, tp
core   0: 3 0x80004d2c (0x404286b3) x13 0x00000000
core   0: 0x80004d30 (0xd92a8d93) addi    s11, s5, -622
core   0: 3 0x80004d30 (0xd92a8d93) x27 0x80015a76
core   0: 0x80004d34 (0x1f116193) ori     gp, sp, 497
core   0: 3 0x80004d34 (0x1f116193) x 3 0x000001f1
core   0: 0x80004d38 (0x01851c13) slli    s8, a0, 24
core   0: 3 0x80004d38 (0x01851c13) x24 0x00000000
core   0: 0x80004d3c (0x00ac3833) sltu    a6, s8, a0
core   0: 3 0x80004d3c (0x00ac3833) x16 0x00000000
core   0: 0x80004d40 (0x417bd233) sra     tp, s7, s7
core   0: 3 0x80004d40 (0x417bd233) x 4 0x20020000
core   0: 0x80004d44 (0x32b32b93) slti    s7, t1, 811
core   0: 3 0x80004d44 (0x32b32b93) x23 0x00000000
core   0: 0x80004d48 (0x401cdcb3) sra     s9, s9, ra
core   0: 3 0x80004d48 (0x401cdcb3) x25 0x00000000
core   0: 0x80004d4c (0x01d06bb3) or      s7, zero, t4
core   0: 3 0x80004d4c (0x01d06bb3) x23 0x9d21fdfa
core   0: 0x80004d50 (0x01118333) add     t1, gp, a7
core   0: 3 0x80004d50 (0x01118333) x 6 0xa4aefc22
core   0: 0x80004d54 (0x01e9f0b3) and     ra, s3, t5
core   0: 3 0x80004d54 (0x01e9f0b3) x 1 0x00000000
core   0: 0x80004d58 (0xa173ef97) auipc   t6, 0xa173e
core   0: 3 0x80004d58 (0xa173ef97) x31 0x21742d58
core   0: 0x80004d5c (0x010926b3) slt     a3, s2, a6
core   0: 3 0x80004d5c (0x010926b3) x13 0x00000000
core   0: 0x80004d60 (0x00f5ac33) slt     s8, a1, a5
core   0: 3 0x80004d60 (0x00f5ac33) x24 0x00000001
core   0: 0x80004d64 (0x01144233) xor     tp, s0, a7
core   0: 3 0x80004d64 (0x01144233) x 4 0x1d219c4e
core   0: 0x80004d68 (0x0115c733) xor     a4, a1, a7
core   0: 3 0x80004d68 (0x0115c733) x14 0xa4aefa31
core   0: 0x80004d6c (0xf233a013) slti    zero, t2, -221
core   0: 3 0x80004d6c (0xf233a013)
core   0: 0x80004d70 (0x40285e33) sra     t3, a6, sp
core   0: 3 0x80004d70 (0x40285e33) x28 0x00000000
core   0: 0x80004d74 (0x00ec1d93) slli    s11, s8, 14
core   0: 3 0x80004d74 (0x00ec1d93) x27 0x00004000
core   0: 0x80004d78 (0x9f5c2517) auipc   a0, 0x9f5c2
core   0: 3 0x80004d78 (0x9f5c2517) x10 0x1f5c6d78
core   0: 0x80004d7c (0x62ffc193) xori    gp, t6, 1583
core   0: 3 0x80004d7c (0x62ffc193) x 3 0x21742b77
core   0: 0x80004d80 (0x00000013) nop
core   0: 3 0x80004d80 (0x00000013)
core   0: 0x80004d84 (0x008a9693) slli    a3, s5, 8
core   0: 3 0x80004d84 (0x008a9693) x13 0x015ce400
core   0: 0x80004d88 (0x012b0cb3) add     s9, s6, s2
core   0: 3 0x80004d88 (0x012b0cb3) x25 0x000a3163
core   0: 0x80004d8c (0x0114e4b3) or      s1, s1, a7
core   0: 3 0x80004d8c (0x0114e4b3) x 9 0xa4affff3
core   0: 0x80004d90 (0x4001d393) srai    t2, gp, 0
core   0: 3 0x80004d90 (0x4001d393) x 7 0x21742b77
core   0: 0x80004d94 (0x057eb713) sltiu   a4, t4, 87
core   0: 3 0x80004d94 (0x057eb713) x14 0x00000000
core   0: 0x80004d98 (0x1f563f93) sltiu   t6, a2, 501
core   0: 3 0x80004d98 (0x1f563f93) x31 0x00000000
core   0: 0x80004d9c (0x4063d913) srai    s2, t2, 6
core   0: 3 0x80004d9c (0x4063d913) x18 0x0085d0ad
core   0: 0x80004da0 (0x75a53497) auipc   s1, 0x75a53
core   0: 3 0x80004da0 (0x75a53497) x 9 0xf5a57da0
core   0: 0x80004da4 (0x01834033) xor     zero, t1, s8
core   0: 3 0x80004da4 (0x01834033)
core   0: 0x80004da8 (0x74e2b513) sltiu   a0, t0, 1870
core   0: 3 0x80004da8 (0x74e2b513) x10 0x00000001
core   0: 0x80004dac (0xa0d80713) addi    a4, a6, -1523
core   0: 3 0x80004dac (0xa0d80713) x14 0xfffffa0d
core   0: 0x80004db0 (0x16e68793) addi    a5, a3, 366
core   0: 3 0x80004db0 (0x16e68793) x15 0x015ce56e
core   0: 0x80004db4 (0x418a02b3) sub     t0, s4, s8
core   0: 3 0x80004db4 (0x418a02b3) x 5 0x80011e63
core   0: 0x80004db8 (0x0df40713) addi    a4, s0, 223
core   0: 3 0x80004db8 (0x0df40713) x14 0xb98f675e
core   0: 0x80004dbc (0x010e8bb3) add     s7, t4, a6
core   0: 3 0x80004dbc (0x010e8bb3) x23 0x9d21fdfa
core   0: 0x80004dc0 (0x5cf1a513) slti    a0, gp, 1487
core   0: 3 0x80004dc0 (0x5cf1a513) x10 0x00000000
core   0: 0x80004dc4 (0x01f6d413) srli    s0, a3, 31
core   0: 3 0x80004dc4 (0x01f6d413) x 8 0x00000000
core   0: 0x80004dc8 (0x01be8233) add     tp, t4, s11
core   0: 3 0x80004dc8 (0x01be8233) x 4 0x9d223dfa
core   0: 0x80004dcc (0x013714b3) sll     s1, a4, s3
core   0: 3 0x80004dcc (0x013714b3) x 9 0xb98f675e
core   0: 0x80004dd0 (0x015f8eb3) add     t4, t6, s5
core   0: 3 0x80004dd0 (0x015f8eb3) x29 0x80015ce4
core   0: 0x80004dd4 (0xb74ac913) xori    s2, s5, -1164
core   0: 3 0x80004dd4 (0xb74ac913) x18 0x7ffea790
core   0: 0x80004dd8 (0xf4693193) sltiu   gp, s2, -186
core   0: 3 0x80004dd8 (0xf4693193) x 3 0x00000001
core   0: 0x80004ddc (0x01dfde93) srli    t4, t6, 29
core   0: 3 0x80004ddc (0x01dfde93) x29 0x00000000
core   0: 0x80004de0 (0xb1267c13) andi    s8, a2, -1262
core   0: 3 0x80004de0 (0xb1267c13) x24 0xef026a02
core   0: 0x80004de4 (0xaa6c0093) addi    ra, s8, -1370
core   0: 3 0x80004de4 (0xaa6c0093) x 1 0xef0264a8
core   0: 0x80004de8 (0x4088de93) srai    t4, a7, 8
core   0: 3 0x80004de8 (0x4088de93) x29 0xffa4aefa
core   0: 0x80004dec (0x16000db7) lui     s11, 0x16000
core   0: 3 0x80004dec (0x16000db7) x27 0x16000000
core   0: 0x80004df0 (0x0a0a3213) sltiu   tp, s4, 160
core   0: 3 0x80004df0 (0x0a0a3213) x 4 0x00000000
core   0: 0x80004df4 (0x01c057b3) srl     a5, zero, t3
core   0: 3 0x80004df4 (0x01c057b3) x15 0x00000000
core   0: 0x80004df8 (0x00246eb3) or      t4, s0, sp
core   0: 3 0x80004df8 (0x00246eb3) x29 0x00000000
core   0: 0x80004dfc (0x01edb533) sltu    a0, s11, t5
core   0: 3 0x80004dfc (0x01edb533) x10 0x00000001
core   0: 0x80004e00 (0xc5f04d13) xori    s10, zero, -929
core   0: 3 0x80004e00 (0xc5f04d13) x26 0xfffffc5f
core   0: 0x80004e04 (0x418305b3) sub     a1, t1, s8
core   0: 3 0x80004e04 (0x418305b3) x11 0xb5ac9220
core   0: 0x80004e08 (0x406d5693) srai    a3, s10, 6
core   0: 3 0x80004e08 (0x406d5693) x13 0xfffffff1
core   0: 0x80004e0c (0x40df54b3) sra     s1, t5, a3
core   0: 3 0x80004e0c (0x40df54b3) x 9 0x00002da8
core   0: 0x80004e10 (0x012b2233) slt     tp, s6, s2
core   0: 3 0x80004e10 (0x012b2233) x 4 0x00000001
core   0: 0x80004e14 (0x7b486713) ori     a4, a6, 1972
core   0: 3 0x80004e14 (0x7b486713) x14 0x000007b4
core   0: 0x80004e18 (0x7ef68493) addi    s1, a3, 2031
core   0: 3 0x80004e18 (0x7ef68493) x 9 0x000007e0
core   0: 0x80004e1c (0x00000013) nop
core   0: 3 0x80004e1c (0x00000013)
core   0: 0x80004e20 (0x012be3b3) or      t2, s7, s2
core   0: 3 0x80004e20 (0x012be3b3) x 7 0xfffffffa
core   0: 0x80004e24 (0x41905113) srai    sp, zero, 25
core   0: 3 0x80004e24 (0x41905113) x 2 0x00000000
core   0: 0x80004e28 (0x00ed4eb3) xor     t4, s10, a4
core   0: 3 0x80004e28 (0x00ed4eb3) x29 0xfffffbeb
core   0: 0x80004e2c (0x01915693) srli    a3, sp, 25
core   0: 3 0x80004e2c (0x01915693) x13 0x00000000
core   0: 0x80004e30 (0x01739393) slli    t2, t2, 23
core   0: 3 0x80004e30 (0x01739393) x 7 0xfd000000
core   0: 0x80004e34 (0x4f17a493) slti    s1, a5, 1265
core   0: 3 0x80004e34 (0x4f17a493) x 9 0x00000001
core   0: 0x80004e38 (0x01b312b3) sll     t0, t1, s11
core   0: 3 0x80004e38 (0x01b312b3) x 5 0xa4aefc22
core   0: 0x80004e3c (0x415d5593) srai    a1, s10, 21
core   0: 3 0x80004e3c (0x415d5593) x11 0xffffffff
core   0: 0x80004e40 (0x00051233) sll     tp, a0, zero
core   0: 3 0x80004e40 (0x00051233) x 4 0x00000001
core   0: 0x80004e44 (0xa6decf93) xori    t6, t4, -1427
core   0: 3 0x80004e44 (0xa6decf93) x31 0x00000186
core   0: 0x80004e48 (0x4119d513) srai    a0, s3, 17
core   0: 3 0x80004e48 (0x4119d513) x10 0x00000000
core   0: 0x80004e4c (0xd8f64d93) xori    s11, a2, -625
core   0: 3 0x80004e4c (0xd8f64d93) x27 0x10fd9761
core   0: 0x80004e50 (0x2ef50e93) addi    t4, a0, 751
core   0: 3 0x80004e50 (0x2ef50e93) x29 0x000002ef
core   0: 0x80004e54 (0x00544fb3) xor     t6, s0, t0
core   0: 3 0x80004e54 (0x00544fb3) x31 0xa4aefc22
core   0: 0x80004e58 (0x00000013) nop
core   0: 3 0x80004e58 (0x00000013)
core   0: 0x80004e5c (0x01fe1113) slli    sp, t3, 31
core   0: 3 0x80004e5c (0x01fe1113) x 2 0x00000000
core   0: 0x80004e60 (0x01711e13) slli    t3, sp, 23
core   0: 3 0x80004e60 (0x01711e13) x28 0x00000000
core   0: 0x80004e64 (0x40d6d693) srai    a3, a3, 13
core   0: 3 0x80004e64 (0x40d6d693) x13 0x00000000
core   0: 0x80004e68 (0x0139a833) slt     a6, s3, s3
core   0: 3 0x80004e68 (0x0139a833) x16 0x00000000
core   0: 0x80004e6c (0x1d72c013) xori    zero, t0, 471
core   0: 3 0x80004e6c (0x1d72c013)
core   0: 0x80004e70 (0xbe718b97) auipc   s7, 0xbe718
core   0: 3 0x80004e70 (0xbe718b97) x23 0x3e71ce70
core   0: 0x80004e74 (0x06923593) sltiu   a1, tp, 105
core   0: 3 0x80004e74 (0x06923593) x11 0x00000001
core   0: 0x80004e78 (0x002fd8b3) srl     a7, t6, sp
core   0: 3 0x80004e78 (0x002fd8b3) x17 0xa4aefc22
core   0: 0x80004e7c (0x012f3eb3) sltu    t4, t5, s2
core   0: 3 0x80004e7c (0x012f3eb3) x29 0x00000001
core   0: 0x80004e80 (0xe4702b13) slti    s6, zero, -441
core   0: 3 0x80004e80 (0xe4702b13) x22 0x00000000
core   0: 0x80004e84 (0x01803e33) snez    t3, s8
core   0: 3 0x80004e84 (0x01803e33) x28 0x00000001
core   0: 0x80004e88 (0x4657c597) auipc   a1, 0x4657c
core   0: 3 0x80004e88 (0x4657c597) x11 0xc6580e88
core   0: 0x80004e8c (0x0cf22913) slti    s2, tp, 207
core   0: 3 0x80004e8c (0x0cf22913) x18 0x00000001
core   0: 0x80004e90 (0x014da9b3) slt     s3, s11, s4
core   0: 3 0x80004e90 (0x014da9b3) x19 0x00000000
core   0: 0x80004e94 (0x01d81413) slli    s0, a6, 29
core   0: 3 0x80004e94 (0x01d81413) x 8 0x00000000
core   0: 0x80004e98 (0x00812eb3) slt     t4, sp, s0
core   0: 3 0x80004e98 (0x00812eb3) x29 0x00000000
core   0: 0x80004e9c (0x009f7033) and     zero, t5, s1
core   0: 3 0x80004e9c (0x009f7033)
core   0: 0x80004ea0 (0x007bddb3) srl     s11, s7, t2
core   0: 3 0x80004ea0 (0x007bddb3) x27 0x3e71ce70
core   0: 0x80004ea4 (0x01d15013) srli    zero, sp, 29
core   0: 3 0x80004ea4 (0x01d15013)
core   0: 0x80004ea8 (0x016079b3) and     s3, zero, s6
core   0: 3 0x80004ea8 (0x016079b3) x19 0x00000000
core   0: 0x80004eac (0x00000013) nop
core   0: 3 0x80004eac (0x00000013)
core   0: 0x80004eb0 (0x44502b13) slti    s6, zero, 1093
core   0: 3 0x80004eb0 (0x44502b13) x22 0x00000001
core   0: 0x80004eb4 (0x00ab7b33) and     s6, s6, a0
core   0: 3 0x80004eb4 (0x00ab7b33) x22 0x00000000
core   0: 0x80004eb8 (0x0025fb33) and     s6, a1, sp
core   0: 3 0x80004eb8 (0x0025fb33) x22 0x00000000
core   0: 0x80004ebc (0xeb6e2813) slti    a6, t3, -330
core   0: 3 0x80004ebc (0xeb6e2813) x16 0x00000000
core   0: 0x80004ec0 (0x004234b3) sltu    s1, tp, tp
core   0: 3 0x80004ec0 (0x004234b3) x 9 0x00000000
core   0: 0x80004ec4 (0x00c87cb3) and     s9, a6, a2
core   0: 3 0x80004ec4 (0x00c87cb3) x25 0x00000000
core   0: 0x80004ec8 (0xc999fd13) andi    s10, s3, -871
core   0: 3 0x80004ec8 (0xc999fd13) x26 0x00000000
core   0: 0x80004ecc (0xe3127f93) andi    t6, tp, -463
core   0: 3 0x80004ecc (0xe3127f93) x31 0x00000001
core   0: 0x80004ed0 (0x019f1833) sll     a6, t5, s9
core   0: 3 0x80004ed0 (0x019f1833) x16 0x5b5103d5
core   0: 0x80004ed4 (0x02e24e13) xori    t3, tp, 46
core   0: 3 0x80004ed4 (0x02e24e13) x28 0x0000002f
core   0: 0x80004ed8 (0x76088b93) addi    s7, a7, 1888
core   0: 3 0x80004ed8 (0x76088b93) x23 0xa4af0382
core   0: 0x80004edc (0x1b54e893) ori     a7, s1, 437
core   0: 3 0x80004edc (0x1b54e893) x17 0x000001b5
core   0: 0x80004ee0 (0x001b43b3) xor     t2, s6, ra
core   0: 3 0x80004ee0 (0x001b43b3) x 7 0xef0264a8
core   0: 0x80004ee4 (0xacbe8b13) addi    s6, t4, -1333
core   0: 3 0x80004ee4 (0xacbe8b13) x22 0xfffffacb
core   0: 0x80004ee8 (0x735f7bb7) lui     s7, 0x735f7
core   0: 3 0x80004ee8 (0x735f7bb7) x23 0x735f7000
core   0: 0x80004eec (0x00000013) nop
core   0: 3 0x80004eec (0x00000013)
core   0: 0x80004ef0 (0xf3a7b393) sltiu   t2, a5, -198
core   0: 3 0x80004ef0 (0xf3a7b393) x 7 0x00000001
core   0: 0x80004ef4 (0x00000013) nop
core   0: 3 0x80004ef4 (0x00000013)
core   0: 0x80004ef8 (0x0065edb3) or      s11, a1, t1
core   0: 3 0x80004ef8 (0x0065edb3) x27 0xe6fefeaa
core   0: 0x80004efc (0xcfc03c93) sltiu   s9, zero, -772
core   0: 3 0x80004efc (0xcfc03c93) x25 0x00000001
core   0: 0x80004f00 (0x0178b933) sltu    s2, a7, s7
core   0: 3 0x80004f00 (0x0178b933) x18 0x00000001
core   0: 0x80004f04 (0x0094b8b3) sltu    a7, s1, s1
core   0: 3 0x80004f04 (0x0094b8b3) x17 0x00000000
core   0: 0x80004f08 (0x01c9d6b3) srl     a3, s3, t3
core   0: 3 0x80004f08 (0x01c9d6b3) x13 0x00000000
core   0: 0x80004f0c (0xf6fc5e37) lui     t3, 0xf6fc5
core   0: 3 0x80004f0c (0xf6fc5e37) x28 0xf6fc5000
core   0: 0x80004f10 (0x001bd213) srli    tp, s7, 1
core   0: 3 0x80004f10 (0x001bd213) x 4 0x39afb800
core   0: 0x80004f14 (0x419b57b3) sra     a5, s6, s9
core   0: 3 0x80004f14 (0x419b57b3) x15 0xfffffd65
core   0: 0x80004f18 (0x01b98333) add     t1, s3, s11
core   0: 3 0x80004f18 (0x01b98333) x 6 0xe6fefeaa
core   0: 0x80004f1c (0x00cb8333) add     t1, s7, a2
core   0: 3 0x80004f1c (0x00cb8333) x 6 0x6261daee
core   0: 0x80004f20 (0x42598713) addi    a4, s3, 1061
core   0: 3 0x80004f20 (0x42598713) x14 0x00000425
core   0: 0x80004f24 (0x407a0bb3) sub     s7, s4, t2
core   0: 3 0x80004f24 (0x407a0bb3) x23 0x80011e63
core   0: 0x80004f28 (0x3f0ca437) lui     s0, 0x3f0ca
core   0: 3 0x80004f28 (0x3f0ca437) x 8 0x3f0ca000
core   0: 0x80004f2c (0x86f72393) slti    t2, a4, -1937
core   0: 3 0x80004f2c (0x86f72393) x 7 0x00000000
core   0: 0x80004f30 (0x95f30393) addi    t2, t1, -1697
core   0: 3 0x80004f30 (0x95f30393) x 7 0x6261d44d
core   0: 0x80004f34 (0x01a84933) xor     s2, a6, s10
core   0: 3 0x80004f34 (0x01a84933) x18 0x5b5103d5
core   0: 0x80004f38 (0x73e89b37) lui     s6, 0x73e89
core   0: 3 0x80004f38 (0x73e89b37) x22 0x73e89000
core   0: 0x80004f3c (0x005c31b3) sltu    gp, s8, t0
core   0: 3 0x80004f3c (0x005c31b3) x 3 0x00000000
core   0: 0x80004f40 (0xd63a1e37) lui     t3, 0xd63a1
core   0: 3 0x80004f40 (0xd63a1e37) x28 0xd63a1000
core   0: 0x80004f44 (0x00c4c3b3) xor     t2, s1, a2
core   0: 3 0x80004f44 (0x00c4c3b3) x 7 0xef026aee
core   0: 0x80004f48 (0x88f7b2b7) lui     t0, 0x88f7b
core   0: 3 0x80004f48 (0x88f7b2b7) x 5 0x88f7b000
core   0: 0x80004f4c (0x98eae013) ori     zero, s5, -1650
core   0: 3 0x80004f4c (0x98eae013)
core   0: 0x80004f50 (0x40485293) srai    t0, a6, 4
core   0: 3 0x80004f50 (0x40485293) x 5 0x05b5103d
core   0: 0x80004f54 (0x00000013) nop
core   0: 3 0x80004f54 (0x00000013)
core   0: 0x80004f58 (0x004f6f33) or      t5, t5, tp
core   0: 3 0x80004f58 (0x004f6f33) x30 0x7bffbbd5
core   0: 0x80004f5c (0x00000013) nop
core   0: 3 0x80004f5c (0x00000013)
core   0: 0x80004f60 (0x15243513) sltiu   a0, s0, 338
core   0: 3 0x80004f60 (0x15243513) x10 0x00000000
core   0: 0x80004f64 (0x00905313) srli    t1, zero, 9
core   0: 3 0x80004f64 (0x00905313) x 6 0x00000000
core   0: 0x80004f68 (0x00a06833) or      a6, zero, a0
core   0: 3 0x80004f68 (0x00a06833) x16 0x00000000
core   0: 0x80004f6c (0x00c2d2b3) srl     t0, t0, a2
core   0: 3 0x80004f6c (0x00c2d2b3) x 5 0x000016d4
core   0: 0x80004f70 (0x01cafbb3) and     s7, s5, t3
core   0: 3 0x80004f70 (0x01cafbb3) x23 0x80001000
core   0: 0x80004f74 (0x003f22b3) slt     t0, t5, gp
core   0: 3 0x80004f74 (0x003f22b3) x 5 0x00000000
core   0: 0x80004f78 (0x0097f4b3) and     s1, a5, s1
core   0: 3 0x80004f78 (0x0097f4b3) x 9 0x00000000
core   0: 0x80004f7c (0x411f8933) sub     s2, t6, a7
core   0: 3 0x80004f7c (0x411f8933) x18 0x00000001
core   0: 0x80004f80 (0x3bdf7093) andi    ra, t5, 957
core   0: 3 0x80004f80 (0x3bdf7093) x 1 0x00000395
core   0: 0x80004f84 (0x6121c513) xori    a0, gp, 1554
core   0: 3 0x80004f84 (0x6121c513) x10 0x00000612
core   0: 0x80004f88 (0x152d4393) xori    t2, s10, 338
core   0: 3 0x80004f88 (0x152d4393) x 7 0x00000152
core   0: 0x80004f8c (0xa96fb813) sltiu   a6, t6, -1386
core   0: 3 0x80004f8c (0xa96fb813) x16 0x00000001
core   0: 0x80004f90 (0x00000013) nop
core   0: 3 0x80004f90 (0x00000013)
core   0: 0x80004f94 (0xb64638b7) lui     a7, 0xb6463
core   0: 3 0x80004f94 (0xb64638b7) x17 0xb6463000
core   0: 0x80004f98 (0xa7acbc93) sltiu   s9, s9, -1414
core   0: 3 0x80004f98 (0xa7acbc93) x25 0x00000001
core   0: 0x80004f9c (0x01573113) sltiu   sp, a4, 21
core   0: 3 0x80004f9c (0x01573113) x 2 0x00000000
core   0: 0x80004fa0 (0x0f126f13) ori     t5, tp, 241
core   0: 3 0x80004fa0 (0x0f126f13) x30 0x39afb8f1
core   0: 0x80004fa4 (0x01a18533) add     a0, gp, s10
core   0: 3 0x80004fa4 (0x01a18533) x10 0x00000000
core   0: 0x80004fa8 (0x00000013) nop
core   0: 3 0x80004fa8 (0x00000013)
core   0: 0x80004fac (0x00000013) nop
core   0: 3 0x80004fac (0x00000013)
core   0: 0x80004fb0 (0x00d451b3) srl     gp, s0, a3
core   0: 3 0x80004fb0 (0x00d451b3) x 3 0x3f0ca000
core   0: 0x80004fb4 (0xf3d77fb7) lui     t6, 0xf3d77
core   0: 3 0x80004fb4 (0xf3d77fb7) x31 0xf3d77000
core   0: 0x80004fb8 (0x00b5d0b3) srl     ra, a1, a1
core   0: 3 0x80004fb8 (0x00b5d0b3) x 1 0x00c6580e
core   0: 0x80004fbc (0x00f91cb3) sll     s9, s2, a5
core   0: 3 0x80004fbc (0x00f91cb3) x25 0x00000020
core   0: 0x80004fc0 (0x40a7d193) srai    gp, a5, 10
core   0: 3 0x80004fc0 (0x40a7d193) x 3 0xffffffff
core   0: 0x80004fc4 (0x0011a6b3) slt     a3, gp, ra
core   0: 3 0x80004fc4 (0x0011a6b3) x13 0x00000001
core   0: 0x80004fc8 (0x01819293) slli    t0, gp, 24
core   0: 3 0x80004fc8 (0x01819293) x 5 0xff000000
core   0: 0x80004fcc (0x00000013) nop
core   0: 3 0x80004fcc (0x00000013)
core   0: 0x80004fd0 (0x00419393) slli    t2, gp, 4
core   0: 3 0x80004fd0 (0x00419393) x 7 0xfffffff0
core   0: 0x80004fd4 (0xa30c7413) andi    s0, s8, -1488
core   0: 3 0x80004fd4 (0xa30c7413) x 8 0xef026a00
core   0: 0x80004fd8 (0xa5a22d13) slti    s10, tp, -1446
core   0: 3 0x80004fd8 (0xa5a22d13) x26 0x00000000
core   0: 0x80004fdc (0x00ef8233) add     tp, t6, a4
core   0: 3 0x80004fdc (0x00ef8233) x 4 0xf3d77425
core   0: 0x80004fe0 (0x2a707b13) andi    s6, zero, 679
core   0: 3 0x80004fe0 (0x2a707b13) x22 0x00000000
core   0: 0x80004fe4 (0x01a1a2b3) slt     t0, gp, s10
core   0: 3 0x80004fe4 (0x01a1a2b3) x 5 0x00000001
core   0: 0x80004fe8 (0x01b13cb3) sltu    s9, sp, s11
core   0: 3 0x80004fe8 (0x01b13cb3) x25 0x00000001
core   0: 0x80004fec (0x02972d93) slti    s11, a4, 41
core   0: 3 0x80004fec (0x02972d93) x27 0x00000000
core   0: 0x80004ff0 (0x8c00e537) lui     a0, 0x8c00e
core   0: 3 0x80004ff0 (0x8c00e537) x10 0x8c00e000
core   0: 0x80004ff4 (0xab1a0d13) addi    s10, s4, -1359
core   0: 3 0x80004ff4 (0xab1a0d13) x26 0x80011915
core   0: 0x80004ff8 (0x00000013) nop
core   0: 3 0x80004ff8 (0x00000013)
core   0: 0x80004ffc (0x00523f33) sltu    t5, tp, t0
core   0: 3 0x80004ffc (0x00523f33) x30 0x00000000
core   0: 0x80005000 (0x6cd6bc13) sltiu   s8, a3, 1741
core   0: 3 0x80005000 (0x6cd6bc13) x24 0x00000001
core   0: 0x80005004 (0x6b9a8113) addi    sp, s5, 1721
core   0: 3 0x80005004 (0x6b9a8113) x 2 0x8001639d
core   0: 0x80005008 (0x40d3d293) srai    t0, t2, 13
core   0: 3 0x80005008 (0x40d3d293) x 5 0xffffffff
core   0: 0x8000500c (0x7519b493) sltiu   s1, s3, 1873
core   0: 3 0x8000500c (0x7519b493) x 9 0x00000001
core   0: 0x80005010 (0x40b7d213) srai    tp, a5, 11
core   0: 3 0x80005010 (0x40b7d213) x 4 0xffffffff
core   0: 0x80005014 (0x007eb733) sltu    a4, t4, t2
core   0: 3 0x80005014 (0x007eb733) x14 0x00000001
core   0: 0x80005018 (0x1e4f0593) addi    a1, t5, 484
core   0: 3 0x80005018 (0x1e4f0593) x11 0x000001e4
core   0: 0x8000501c (0x00000013) nop
core   0: 3 0x8000501c (0x00000013)
core   0: 0x80005020 (0x00b332b3) sltu    t0, t1, a1
core   0: 3 0x80005020 (0x00b332b3) x 5 0x00000001
core   0: 0x80005024 (0x00199913) slli    s2, s3, 1
core   0: 3 0x80005024 (0x00199913) x18 0x00000000
core   0: 0x80005028 (0x414fd233) sra     tp, t6, s4
core   0: 3 0x80005028 (0x414fd233) x 4 0xff3d7700
core   0: 0x8000502c (0x40155213) srai    tp, a0, 1
core   0: 3 0x8000502c (0x40155213) x 4 0xc6007000
core   0: 0x80005030 (0x04cfeb93) ori     s7, t6, 76
core   0: 3 0x80005030 (0x04cfeb93) x23 0xf3d7704c
core   0: 0x80005034 (0x01bae433) or      s0, s5, s11
core   0: 3 0x80005034 (0x01bae433) x 8 0x80015ce4
core   0: 0x80005038 (0xc0fe6f13) ori     t5, t3, -1009
core   0: 3 0x80005038 (0xc0fe6f13) x30 0xfffffc0f
core   0: 0x8000503c (0x016369b3) or      s3, t1, s6
core   0: 3 0x8000503c (0x016369b3) x19 0x00000000
core   0: 0x80005040 (0x000f6733) or      a4, t5, zero
core   0: 3 0x80005040 (0x000f6733) x14 0xfffffc0f
core   0: 0x80005044 (0x018468b3) or      a7, s0, s8
core   0: 3 0x80005044 (0x018468b3) x17 0x80015ce5
core   0: 0x80005048 (0x0042c4b3) xor     s1, t0, tp
core   0: 3 0x80005048 (0x0042c4b3) x 9 0xc6007001
core   0: 0x8000504c (0x01621eb3) sll     t4, tp, s6
core   0: 3 0x8000504c (0x01621eb3) x29 0xc6007000
core   0: 0x80005050 (0x00cd5d13) srli    s10, s10, 12
core   0: 3 0x80005050 (0x00cd5d13) x26 0x00080011
core   0: 0x80005054 (0x4126dd13) srai    s10, a3, 18
core   0: 3 0x80005054 (0x4126dd13) x26 0x00000000
core   0: 0x80005058 (0x0031acb3) slt     s9, gp, gp
core   0: 3 0x80005058 (0x0031acb3) x25 0x00000000
core   0: 0x8000505c (0x00689693) slli    a3, a7, 6
core   0: 3 0x8000505c (0x00689693) x13 0x00573940
core   0: 0x80005060 (0x00000013) nop
core   0: 3 0x80005060 (0x00000013)
core   0: 0x80005064 (0x00ef21b3) slt     gp, t5, a4
core   0: 3 0x80005064 (0x00ef21b3) x 3 0x00000000
core   0: 0x80005068 (0x007a5213) srli    tp, s4, 7
core   0: 3 0x80005068 (0x007a5213) x 4 0x0100023c
core   0: 0x8000506c (0x00421c13) slli    s8, tp, 4
core   0: 3 0x8000506c (0x00421c13) x24 0x100023c0
core   0: 0x80005070 (0x008509b3) add     s3, a0, s0
core   0: 3 0x80005070 (0x008509b3) x19 0x0c023ce4
core   0: 0x80005074 (0xa8b9e417) auipc   s0, 0xa8b9e
core   0: 3 0x80005074 (0xa8b9e417) x 8 0x28ba3074
core   0: 0x80005078 (0x8db24e93) xori    t4, tp, -1829
core   0: 3 0x80005078 (0x8db24e93) x29 0xfefffae7
core   0: 0x8000507c (0x019594b3) sll     s1, a1, s9
core   0: 3 0x8000507c (0x019594b3) x 9 0x000001e4
core   0: 0x80005080 (0x01e1e6b3) or      a3, gp, t5
core   0: 3 0x80005080 (0x01e1e6b3) x13 0xfffffc0f
core   0: 0x80005084 (0x0199ed33) or      s10, s3, s9
core   0: 3 0x80005084 (0x0199ed33) x26 0x0c023ce4
core   0: 0x80005088 (0x71b568b7) lui     a7, 0x71b56
core   0: 3 0x80005088 (0x71b568b7) x17 0x71b56000
core   0: 0x8000508c (0x41e15113) srai    sp, sp, 30
core   0: 3 0x8000508c (0x41e15113) x 2 0xfffffffe
core   0: 0x80005090 (0x007925b3) slt     a1, s2, t2
core   0: 3 0x80005090 (0x007925b3) x11 0x00000000
core   0: 0x80005094 (0x019e2733) slt     a4, t3, s9
core   0: 3 0x80005094 (0x019e2733) x14 0x00000001
core   0: 0x80005098 (0x23bd3093) sltiu   ra, s10, 571
core   0: 3 0x80005098 (0x23bd3093) x 1 0x00000000
core   0: 0x8000509c (0x8f6c3393) sltiu   t2, s8, -1802
core   0: 3 0x8000509c (0x8f6c3393) x 7 0x00000001
core   0: 0x800050a0 (0x41b4d193) srai    gp, s1, 27
core   0: 3 0x800050a0 (0x41b4d193) x 3 0x00000000
core   0: 0x800050a4 (0xdf7fc293) xori    t0, t6, -521
core   0: 3 0x800050a4 (0xdf7fc293) x 5 0x0c288df7
core   0: 0x800050a8 (0x62531817) auipc   a6, 0x62531
core   0: 3 0x800050a8 (0x62531817) x16 0xe25360a8
core   0: 0x800050ac (0x77aae693) ori     a3, s5, 1914
core   0: 3 0x800050ac (0x77aae693) x13 0x80015ffe
core   0: 0x800050b0 (0x00002333) slt     t1, zero, zero
core   0: 3 0x800050b0 (0x00002333) x 6 0x00000000
core   0: 0x800050b4 (0x00000013) nop
core   0: 3 0x800050b4 (0x00000013)
core   0: 0x800050b8 (0x40dcdeb3) sra     t4, s9, a3
core   0: 3 0x800050b8 (0x40dcdeb3) x29 0x00000000
core   0: 0x800050bc (0x00bd0833) add     a6, s10, a1
core   0: 3 0x800050bc (0x00bd0833) x16 0x0c023ce4
core   0: 0x800050c0 (0x9272e993) ori     s3, t0, -1753
core   0: 3 0x800050c0 (0x9272e993) x19 0xfffffdf7
core   0: 0x800050c4 (0x016d9693) slli    a3, s11, 22
core   0: 3 0x800050c4 (0x016d9693) x13 0x00000000
core   0: 0x800050c8 (0x6fecb493) sltiu   s1, s9, 1790
core   0: 3 0x800050c8 (0x6fecb493) x 9 0x00000001
core   0: 0x800050cc (0x017a3e33) sltu    t3, s4, s7
core   0: 3 0x800050cc (0x017a3e33) x28 0x00000001
core   0: 0x800050d0 (0x01d4f4b3) and     s1, s1, t4
core   0: 3 0x800050d0 (0x01d4f4b3) x 9 0x00000000
core   0: 0x800050d4 (0xfa43fd93) andi    s11, t2, -92
core   0: 3 0x800050d4 (0xfa43fd93) x27 0x00000000
core   0: 0x800050d8 (0x1fea0193) addi    gp, s4, 510
core   0: 3 0x800050d8 (0x1fea0193) x 3 0x80012062
core   0: 0x800050dc (0x01571913) slli    s2, a4, 21
core   0: 3 0x800050dc (0x01571913) x18 0x00200000
core   0: 0x800050e0 (0x00b2f733) and     a4, t0, a1
core   0: 3 0x800050e0 (0x00b2f733) x14 0x00000000
core   0: 0x800050e4 (0x019912b3) sll     t0, s2, s9
core   0: 3 0x800050e4 (0x019912b3) x 5 0x00200000
core   0: 0x800050e8 (0x41440c33) sub     s8, s0, s4
core   0: 3 0x800050e8 (0x41440c33) x24 0xa8b91210
core   0: 0x800050ec (0xf96f8113) addi    sp, t6, -106
core   0: 3 0x800050ec (0xf96f8113) x 2 0xf3d76f96
core   0: 0x800050f0 (0x0154d2b3) srl     t0, s1, s5
core   0: 3 0x800050f0 (0x0154d2b3) x 5 0x00000000
core   0: 0x800050f4 (0x0183c6b3) xor     a3, t2, s8
core   0: 3 0x800050f4 (0x0183c6b3) x13 0xa8b91211
core   0: 0x800050f8 (0x003e9793) slli    a5, t4, 3
core   0: 3 0x800050f8 (0x003e9793) x15 0x00000000
core   0: 0x800050fc (0x013dd4b3) srl     s1, s11, s3
core   0: 3 0x800050fc (0x013dd4b3) x 9 0x00000000
core   0: 0x80005100 (0x00000013) nop
core   0: 3 0x80005100 (0x00000013)
core   0: 0x80005104 (0xec874493) xori    s1, a4, -312
core   0: 3 0x80005104 (0xec874493) x 9 0xfffffec8
core   0: 0x80005108 (0xf593a497) auipc   s1, 0xf593a
core   0: 3 0x80005108 (0xf593a497) x 9 0x7593f108
core   0: 0x8000510c (0x00fe5033) srl     zero, t3, a5
core   0: 3 0x8000510c (0x00fe5033)
core   0: 0x80005110 (0x00000013) nop
core   0: 3 0x80005110 (0x00000013)
core   0: 0x80005114 (0x17d6a013) slti    zero, a3, 381
core   0: 3 0x80005114 (0x17d6a013)
core   0: 0x80005118 (0x0c996b93) ori     s7, s2, 201
core   0: 3 0x80005118 (0x0c996b93) x23 0x002000c9
core   0: 0x8000511c (0x81a5a2b7) lui     t0, 0x81a5a
core   0: 3 0x8000511c (0x81a5a2b7) x 5 0x81a5a000
core   0: 0x80005120 (0x41f10733) sub     a4, sp, t6
core   0: 3 0x80005120 (0x41f10733) x14 0xffffff96
core   0: 0x80005124 (0x97270593) addi    a1, a4, -1678
core   0: 3 0x80005124 (0x97270593) x11 0xfffff908
core   0: 0x80005128 (0x41835193) srai    gp, t1, 24
core   0: 3 0x80005128 (0x41835193) x 3 0x00000000
core   0: 0x8000512c (0x00509193) slli    gp, ra, 5
core   0: 3 0x8000512c (0x00509193) x 3 0x00000000
core   0: 0x80005130 (0x40c78e13) addi    t3, a5, 1036
core   0: 3 0x80005130 (0x40c78e13) x28 0x0000040c
core   0: 0x80005134 (0x01d20233) add     tp, tp, t4
core   0: 3 0x80005134 (0x01d20233) x 4 0x0100023c
core   0: 0x80005138 (0x0189d933) srl     s2, s3, s8
core   0: 3 0x80005138 (0x0189d933) x18 0x0000ffff
core   0: 0x8000513c (0x014203b3) add     t2, tp, s4
core   0: 3 0x8000513c (0x014203b3) x 7 0x810120a0
core   0: 0x80005140 (0x3fca1e97) auipc   t4, 0x3fca1
core   0: 3 0x80005140 (0x3fca1e97) x29 0xbfca6140
core   0: 0x80005144 (0x01ea98b3) sll     a7, s5, t5
core   0: 3 0x80005144 (0x01ea98b3) x17 0xae720000
core   0: 0x80005148 (0x01321513) slli    a0, tp, 19
core   0: 3 0x80005148 (0x01321513) x10 0x11e00000
core   0: 0x8000514c (0x40dad533) sra     a0, s5, a3
core   0: 3 0x8000514c (0x40dad533) x10 0xffffc000
core   0: 0x80005150 (0x40b85233) sra     tp, a6, a1
core   0: 3 0x80005150 (0x40b85233) x 4 0x000c023c
core   0: 0x80005154 (0x00e35213) srli    tp, t1, 14
core   0: 3 0x80005154 (0x00e35213) x 4 0x00000000
core   0: 0x80005158 (0x33e46093) ori     ra, s0, 830
core   0: 3 0x80005158 (0x33e46093) x 1 0x28ba337e
core   0: 0x8000515c (0x002bd213) srli    tp, s7, 2
core   0: 3 0x8000515c (0x002bd213) x 4 0x00080032
core   0: 0x80005160 (0x40ba8bb3) sub     s7, s5, a1
core   0: 3 0x80005160 (0x40ba8bb3) x23 0x800163dc
core   0: 0x80005164 (0x01a3fb33) and     s6, t2, s10
core   0: 3 0x80005164 (0x01a3fb33) x22 0x000020a0
core   0: 0x80005168 (0x001be3b3) or      t2, s7, ra
core   0: 3 0x80005168 (0x001be3b3) x 7 0xa8bb73fe
core   0: 0x8000516c (0x01fb1213) slli    tp, s6, 31
core   0: 3 0x8000516c (0x01fb1213) x 4 0x00000000
core   0: 0x80005170 (0x00000f93) li      t6, 0
core   0: 3 0x80005170 (0x00000f93) x31 0x00000000
core   0: 0x80005174 (0xbd04a737) lui     a4, 0xbd04a
core   0: 3 0x80005174 (0xbd04a737) x14 0xbd04a000
core   0: 0x80005178 (0x52270713) addi    a4, a4, 1314
core   0: 3 0x80005178 (0x52270713) x14 0xbd04a522
core   0: 0x8000517c (0xfff00093) li      ra, -1
core   0: 3 0x8000517c (0xfff00093) x 1 0xffffffff
core   0: 0x80005180 (0xfff00893) li      a7, -1
core   0: 3 0x80005180 (0xfff00893) x17 0xffffffff
core   0: 0x80005184 (0x00000513) li      a0, 0
core   0: 3 0x80005184 (0x00000513) x10 0x00000000
core   0: 0x80005188 (0x0f1da9b7) lui     s3, 0xf1da
core   0: 3 0x80005188 (0x0f1da9b7) x19 0x0f1da000
core   0: 0x8000518c (0x37a98993) addi    s3, s3, 890
core   0: 3 0x8000518c (0x37a98993) x19 0x0f1da37a
core   0: 0x80005190 (0xfff00f13) li      t5, -1
core   0: 3 0x80005190 (0xfff00f13) x30 0xffffffff
core   0: 0x80005194 (0x800003b7) lui     t2, 0x80000
core   0: 3 0x80005194 (0x800003b7) x 7 0x80000000
core   0: 0x80005198 (0x66adf437) lui     s0, 0x66adf
core   0: 3 0x80005198 (0x66adf437) x 8 0x66adf000
core   0: 0x8000519c (0x05640413) addi    s0, s0, 86
core   0: 3 0x8000519c (0x05640413) x 8 0x66adf056
core   0: 0x800051a0 (0x00000313) li      t1, 0
core   0: 3 0x800051a0 (0x00000313) x 6 0x00000000
core   0: 0x800051a4 (0x27a38513) addi    a0, t2, 634
core   0: 3 0x800051a4 (0x27a38513) x10 0x8000027a
core   0: 0x800051a8 (0xbdb08f13) addi    t5, ra, -1061
core   0: 3 0x800051a8 (0xbdb08f13) x30 0xfffffbda
core   0: 0x800051ac (0x00a08fb3) add     t6, ra, a0
core   0: 3 0x800051ac (0x00a08fb3) x31 0x80000279
core   0: 0x800051b0 (0xd6e08f93) addi    t6, ra, -658
core   0: 3 0x800051b0 (0xd6e08f93) x31 0xfffffd6d
core   0: 0x800051b4 (0xb63919b7) lui     s3, 0xb6391
core   0: 3 0x800051b4 (0xb63919b7) x19 0xb6391000
core   0: 0x800051b8 (0x013309b3) add     s3, t1, s3
core   0: 3 0x800051b8 (0x013309b3) x19 0xb6391000
core   0: 0x800051bc (0x6d908993) addi    s3, ra, 1753
core   0: 3 0x800051bc (0x6d908993) x19 0x000006d8
core   0: 0x800051c0 (0x007303b3) add     t2, t1, t2
core   0: 3 0x800051c0 (0x007303b3) x 7 0x80000000
core   0: 0x800051c4 (0x41e383b3) sub     t2, t2, t5
core   0: 3 0x800051c4 (0x41e383b3) x 7 0x80000426
core   0: 0x800051c8 (0x8e02d537) lui     a0, 0x8e02d
core   0: 3 0x800051c8 (0x8e02d537) x10 0x8e02d000
core   0: 0x800051cc (0x41ff0333) sub     t1, t5, t6
core   0: 3 0x800051cc (0x41ff0333) x 6 0xfffffe6d
core   0: 0x800051d0 (0x1eabdf37) lui     t5, 0x1eabd
core   0: 3 0x800051d0 (0x1eabdf37) x30 0x1eabd000
core   0: 0x800051d4 (0x00000013) nop
core   0: 3 0x800051d4 (0x00000013)
core   0: 0x800051d8 (0x1905b0b7) lui     ra, 0x1905b
core   0: 3 0x800051d8 (0x1905b0b7) x 1 0x1905b000
core   0: 0x800051dc (0x00640433) add     s0, s0, t1
core   0: 3 0x800051dc (0x00640433) x 8 0x66adeec3
core   0: 0x800051e0 (0x00000013) nop
core   0: 3 0x800051e0 (0x00000013)
core   0: 0x800051e4 (0xc24ff717) auipc   a4, 0xc24ff
core   0: 3 0x800051e4 (0xc24ff717) x14 0x425041e4
core   0: 0x800051e8 (0xca4fc437) lui     s0, 0xca4fc
core   0: 3 0x800051e8 (0xca4fc437) x 8 0xca4fc000
core   0: 0x800051ec (0x548ad097) auipc   ra, 0x548ad
core   0: 3 0x800051ec (0x548ad097) x 1 0xd48b21ec
core   0: 0x800051f0 (0x40840333) sub     t1, s0, s0
core   0: 3 0x800051f0 (0x40840333) x 6 0x00000000
core   0: 0x800051f4 (0x4173b0b7) lui     ra, 0x4173b
core   0: 3 0x800051f4 (0x4173b0b7) x 1 0x4173b000
core   0: 0x800051f8 (0x00000013) nop
core   0: 3 0x800051f8 (0x00000013)
core   0: 0x800051fc (0x1744f417) auipc   s0, 0x1744f
core   0: 3 0x800051fc (0x1744f417) x 8 0x974541fc
core   0: 0x80005200 (0x50c08893) addi    a7, ra, 1292
core   0: 3 0x80005200 (0x50c08893) x17 0x4173b50c
core   0: 0x80005204 (0x975f8893) addi    a7, t6, -1675
core   0: 3 0x80005204 (0x975f8893) x17 0xfffff6e2
core   0: 0x80005208 (0x01ff0433) add     s0, t5, t6
core   0: 3 0x80005208 (0x01ff0433) x 8 0x1eabcd6d
core   0: 0x8000520c (0x41f708b3) sub     a7, a4, t6
core   0: 3 0x8000520c (0x41f708b3) x17 0x42504477
core   0: 0x80005210 (0x2290c093) xori    ra, ra, 553
core   0: 3 0x80005210 (0x2290c093) x 1 0x4173b229
core   0: 0x80005214 (0x014cffb3) and     t6, s9, s4
core   0: 3 0x80005214 (0x014cffb3) x31 0x00000000
core   0: 0x80005218 (0x7c4e6e93) ori     t4, t3, 1988
core   0: 3 0x80005218 (0x7c4e6e93) x29 0x000007cc
core   0: 0x8000521c (0xda233c93) sltiu   s9, t1, -606
core   0: 3 0x8000521c (0xda233c93) x25 0x00000001
core   0: 0x80005220 (0xb8c2e693) ori     a3, t0, -1140
core   0: 3 0x80005220 (0xb8c2e693) x13 0xfffffb8c
core   0: 0x80005224 (0x76d18e93) addi    t4, gp, 1901
core   0: 3 0x80005224 (0x76d18e93) x29 0x0000076d
core   0: 0x80005228 (0x02e3a397) auipc   t2, 0x2e3a
core   0: 3 0x80005228 (0x02e3a397) x 7 0x82e3f228
core   0: 0x8000522c (0x00000013) nop
core   0: 3 0x8000522c (0x00000013)
core   0: 0x80005230 (0x004e2133) slt     sp, t3, tp
core   0: 3 0x80005230 (0x004e2133) x 2 0x00000000
core   0: 0x80005234 (0x01121d93) slli    s11, tp, 17
core   0: 3 0x80005234 (0x01121d93) x27 0x00000000
core   0: 0x80005238 (0x00e2c6b3) xor     a3, t0, a4
core   0: 3 0x80005238 (0x00e2c6b3) x13 0xc3f5e1e4
core   0: 0x8000523c (0x00e797b3) sll     a5, a5, a4
core   0: 3 0x8000523c (0x00e797b3) x15 0x00000000
core   0: 0x80005240 (0x40c1d793) srai    a5, gp, 12
core   0: 3 0x80005240 (0x40c1d793) x15 0x00000000
core   0: 0x80005244 (0x0138beb3) sltu    t4, a7, s3
core   0: 3 0x80005244 (0x0138beb3) x29 0x00000000
core   0: 0x80005248 (0x009698b3) sll     a7, a3, s1
core   0: 3 0x80005248 (0x009698b3) x17 0xf5e1e400
core   0: 0x8000524c (0x00646133) or      sp, s0, t1
core   0: 3 0x8000524c (0x00646133) x 2 0x1eabcd6d
core   0: 0x80005250 (0x403fd693) srai    a3, t6, 3
core   0: 3 0x80005250 (0x403fd693) x13 0x00000000
core   0: 0x80005254 (0x014bc6b3) xor     a3, s7, s4
core   0: 3 0x80005254 (0x014bc6b3) x13 0x00007db8
core   0: 0x80005258 (0x419055b3) sra     a1, zero, s9
core   0: 3 0x80005258 (0x419055b3) x11 0x00000000
core   0: 0x8000525c (0x003a0333) add     t1, s4, gp
core   0: 3 0x8000525c (0x003a0333) x 6 0x80011e64
core   0: 0x80005260 (0xec8bf793) andi    a5, s7, -312
core   0: 3 0x80005260 (0xec8bf793) x15 0x800162c8
core   0: 0x80005264 (0x00a7d4b3) srl     s1, a5, a0
core   0: 3 0x80005264 (0x00a7d4b3) x 9 0x800162c8
core   0: 0x80005268 (0x68ee7b37) lui     s6, 0x68ee7
core   0: 3 0x80005268 (0x68ee7b37) x22 0x68ee7000
core   0: 0x8000526c (0x0037a7b3) slt     a5, a5, gp
core   0: 3 0x8000526c (0x0037a7b3) x15 0x00000001
core   0: 0x80005270 (0x4c962813) slti    a6, a2, 1225
core   0: 3 0x80005270 (0x4c962813) x16 0x00000001
core   0: 0x80005274 (0x00ca2933) slt     s2, s4, a2
core   0: 3 0x80005274 (0x00ca2933) x18 0x00000001
core   0: 0x80005278 (0x00f6d513) srli    a0, a3, 15
core   0: 3 0x80005278 (0x00f6d513) x10 0x00000000
core   0: 0x8000527c (0x00026233) or      tp, tp, zero
core   0: 3 0x8000527c (0x00026233) x 4 0x00000000
core   0: 0x80005280 (0x01bc96b3) sll     a3, s9, s11
core   0: 3 0x80005280 (0x01bc96b3) x13 0x00000001
core   0: 0x80005284 (0x009c5513) srli    a0, s8, 9
core   0: 3 0x80005284 (0x009c5513) x10 0x00545c89
core   0: 0x80005288 (0x0154b7b3) sltu    a5, s1, s5
core   0: 3 0x80005288 (0x0154b7b3) x15 0x00000000
core   0: 0x8000528c (0x409ddb13) srai    s6, s11, 9
core   0: 3 0x8000528c (0x409ddb13) x22 0x00000000
core   0: 0x80005290 (0x01558db3) add     s11, a1, s5
core   0: 3 0x80005290 (0x01558db3) x27 0x80015ce4
core   0: 0x80005294 (0x01e8dcb3) srl     s9, a7, t5
core   0: 3 0x80005294 (0x01e8dcb3) x25 0xf5e1e400
core   0: 0x80005298 (0x01d4c2b3) xor     t0, s1, t4
core   0: 3 0x80005298 (0x01d4c2b3) x 5 0x800162c8
core   0: 0x8000529c (0x92e60e13) addi    t3, a2, -1746
core   0: 3 0x8000529c (0x92e60e13) x28 0xef02641c
core   0: 0x800052a0 (0x639b7993) andi    s3, s6, 1593
core   0: 3 0x800052a0 (0x639b7993) x19 0x00000000
core   0: 0x800052a4 (0x4096d333) sra     t1, a3, s1
core   0: 3 0x800052a4 (0x4096d333) x 6 0x00000000
core   0: 0x800052a8 (0x005dd293) srli    t0, s11, 5
core   0: 3 0x800052a8 (0x005dd293) x 5 0x04000ae7
core   0: 0x800052ac (0x4119d293) srai    t0, s3, 17
core   0: 3 0x800052ac (0x4119d293) x 5 0x00000000
core   0: 0x800052b0 (0x406e0f33) sub     t5, t3, t1
core   0: 3 0x800052b0 (0x406e0f33) x30 0xef02641c
core   0: 0x800052b4 (0x017b7133) and     sp, s6, s7
core   0: 3 0x800052b4 (0x017b7133) x 2 0x00000000
core   0: 0x800052b8 (0xb166f317) auipc   t1, 0xb166f
core   0: 3 0x800052b8 (0xb166f317) x 6 0x316742b8
core   0: 0x800052bc (0x00782833) slt     a6, a6, t2
core   0: 3 0x800052bc (0x00782833) x16 0x00000000
core   0: 0x800052c0 (0x7c49f513) andi    a0, s3, 1988
core   0: 3 0x800052c0 (0x7c49f513) x10 0x00000000
core   0: 0x800052c4 (0x002323b3) slt     t2, t1, sp
core   0: 3 0x800052c4 (0x002323b3) x 7 0x00000000
core   0: 0x800052c8 (0xf346b937) lui     s2, 0xf346b
core   0: 3 0x800052c8 (0xf346b937) x18 0xf346b000
core   0: 0x800052cc (0x14040f13) addi    t5, s0, 320
core   0: 3 0x800052cc (0x14040f13) x30 0x1eabcead
core   0: 0x800052d0 (0x011351b3) srl     gp, t1, a7
core   0: 3 0x800052d0 (0x011351b3) x 3 0x316742b8
core   0: 0x800052d4 (0xd5992e13) slti    t3, s2, -679
core   0: 3 0x800052d4 (0xd5992e13) x28 0x00000001
core   0: 0x800052d8 (0x00b8e233) or      tp, a7, a1
core   0: 3 0x800052d8 (0x00b8e233) x 4 0xf5e1e400
core   0: 0x800052dc (0xcd4f7813) andi    a6, t5, -812
core   0: 3 0x800052dc (0xcd4f7813) x16 0x1eabcc84
core   0: 0x800052e0 (0x8783cd93) xori    s11, t2, -1928
core   0: 3 0x800052e0 (0x8783cd93) x27 0xfffff878
core   0: 0x800052e4 (0x0048aeb3) slt     t4, a7, tp
core   0: 3 0x800052e4 (0x0048aeb3) x29 0x00000000
core   0: 0x800052e8 (0x6186f093) andi    ra, a3, 1560
core   0: 3 0x800052e8 (0x6186f093) x 1 0x00000000
core   0: 0x800052ec (0x00c2efb3) or      t6, t0, a2
core   0: 3 0x800052ec (0x00c2efb3) x31 0xef026aee
core   0: 0x800052f0 (0x00000013) nop
core   0: 3 0x800052f0 (0x00000013)
core   0: 0x800052f4 (0x01ab4433) xor     s0, s6, s10
core   0: 3 0x800052f4 (0x01ab4433) x 8 0x0c023ce4
core   0: 0x800052f8 (0x008e9133) sll     sp, t4, s0
core   0: 3 0x800052f8 (0x008e9133) x 2 0x00000000
core   0: 0x800052fc (0x01a76b33) or      s6, a4, s10
core   0: 3 0x800052fc (0x01a76b33) x22 0x4e527de4
core   0: 0x80005300 (0x01d61c33) sll     s8, a2, t4
core   0: 3 0x80005300 (0x01d61c33) x24 0xef026aee
core   0: 0x80005304 (0x017e0db3) add     s11, t3, s7
core   0: 3 0x80005304 (0x017e0db3) x27 0x800163dd
core   0: 0x80005308 (0x5a7b8437) lui     s0, 0x5a7b8
core   0: 3 0x80005308 (0x5a7b8437) x 8 0x5a7b8000
core   0: 0x8000530c (0x010f5013) srli    zero, t5, 16
core   0: 3 0x8000530c (0x010f5013)
core   0: 0x80005310 (0x413809b3) sub     s3, a6, s3
core   0: 3 0x80005310 (0x413809b3) x19 0x1eabcc84
core   0: 0x80005314 (0x019d2033) slt     zero, s10, s9
core   0: 3 0x80005314 (0x019d2033)
core   0: 0x80005318 (0x003cb3b3) sltu    t2, s9, gp
core   0: 3 0x80005318 (0x003cb3b3) x 7 0x00000000
core   0: 0x8000531c (0x1e988093) addi    ra, a7, 489
core   0: 3 0x8000531c (0x1e988093) x 1 0xf5e1e5e9
core   0: 0x80005320 (0x01400233) add     tp, zero, s4
core   0: 3 0x80005320 (0x01400233) x 4 0x80011e64
core   0: 0x80005324 (0x01c7bc33) sltu    s8, a5, t3
core   0: 3 0x80005324 (0x01c7bc33) x24 0x00000001
core   0: 0x80005328 (0xf1df4db7) lui     s11, 0xf1df4
core   0: 3 0x80005328 (0xf1df4db7) x27 0xf1df4000
core   0: 0x8000532c (0xcfd2a193) slti    gp, t0, -771
core   0: 3 0x8000532c (0xcfd2a193) x 3 0x00000000
core   0: 0x80005330 (0x00681813) slli    a6, a6, 6
core   0: 3 0x80005330 (0x00681813) x16 0xaaf32100
core   0: 0x80005334 (0x41ab5833) sra     a6, s6, s10
core   0: 3 0x80005334 (0x41ab5833) x16 0x04e527de
core   0: 0x80005338 (0x00f2fb33) and     s6, t0, a5
core   0: 3 0x80005338 (0x00f2fb33) x22 0x00000000
core   0: 0x8000533c (0x00792cb3) slt     s9, s2, t2
core   0: 3 0x8000533c (0x00792cb3) x25 0x00000001
core   0: 0x80005340 (0x00000713) li      a4, 0
core   0: 3 0x80005340 (0x00000713) x14 0x00000000
core   0: 0x80005344 (0x00000293) li      t0, 0
core   0: 3 0x80005344 (0x00000293) x 5 0x00000000
core   0: 0x80005348 (0x00000493) li      s1, 0
core   0: 3 0x80005348 (0x00000493) x 9 0x00000000
core   0: 0x8000534c (0x80000137) lui     sp, 0x80000
core   0: 3 0x8000534c (0x80000137) x 2 0x80000000
core   0: 0x80005350 (0xfff00393) li      t2, -1
core   0: 3 0x80005350 (0xfff00393) x 7 0xffffffff
core   0: 0x80005354 (0x00000593) li      a1, 0
core   0: 3 0x80005354 (0x00000593) x11 0x00000000
core   0: 0x80005358 (0x00000f93) li      t6, 0
core   0: 3 0x80005358 (0x00000f93) x31 0x00000000
core   0: 0x8000535c (0x00000b13) li      s6, 0
core   0: 3 0x8000535c (0x00000b13) x22 0x00000000
core   0: 0x80005360 (0x25bc2cb7) lui     s9, 0x25bc2
core   0: 3 0x80005360 (0x25bc2cb7) x25 0x25bc2000
core   0: 0x80005364 (0x703c8c93) addi    s9, s9, 1795
core   0: 3 0x80005364 (0x703c8c93) x25 0x25bc2703
core   0: 0x80005368 (0x80000e37) lui     t3, 0x80000
core   0: 3 0x80005368 (0x80000e37) x28 0x80000000
core   0: 0x8000536c (0x558e0b13) addi    s6, t3, 1368
core   0: 3 0x8000536c (0x558e0b13) x22 0x80000558
core   0: 0x80005370 (0xbbdc8e13) addi    t3, s9, -1091
core   0: 3 0x80005370 (0xbbdc8e13) x28 0x25bc22c0
core   0: 0x80005374 (0x402f82b3) sub     t0, t6, sp
core   0: 3 0x80005374 (0x402f82b3) x 5 0x80000000
core   0: 0x80005378 (0x94308e17) auipc   t3, 0x94308
core   0: 3 0x80005378 (0x94308e17) x28 0x1430d378
core   0: 0x8000537c (0x00000013) nop
core   0: 3 0x8000537c (0x00000013)
core   0: 0x80005380 (0x38632717) auipc   a4, 0x38632
core   0: 3 0x80005380 (0x38632717) x14 0xb8637380
core   0: 0x80005384 (0xc0633e17) auipc   t3, 0xc0633
core   0: 3 0x80005384 (0xc0633e17) x28 0x40638384
core   0: 0x80005388 (0x9ce1e117) auipc   sp, 0x9ce1e
core   0: 3 0x80005388 (0x9ce1e117) x 2 0x1ce23388
core   0: 0x8000538c (0x00000013) nop
core   0: 3 0x8000538c (0x00000013)
core   0: 0x80005390 (0x402483b3) sub     t2, s1, sp
core   0: 3 0x80005390 (0x402483b3) x 7 0xe31dcc78
core   0: 0x80005394 (0x00b38b33) add     s6, t2, a1
core   0: 3 0x80005394 (0x00b38b33) x22 0xe31dcc78
core   0: 0x80005398 (0x00000013) nop
core   0: 3 0x80005398 (0x00000013)
core   0: 0x8000539c (0xa4570b13) addi    s6, a4, -1467
core   0: 3 0x8000539c (0xa4570b13) x22 0xb8636dc5
core   0: 0x800053a0 (0x4c56b717) auipc   a4, 0x4c56b
core   0: 3 0x800053a0 (0x4c56b717) x14 0xcc5703a0
core   0: 0x800053a4 (0x86ee0113) addi    sp, t3, -1938
core   0: 3 0x800053a4 (0x86ee0113) x 2 0x40637bf2
core   0: 0x800053a8 (0xdaa66737) lui     a4, 0xdaa66
core   0: 3 0x800053a8 (0xdaa66737) x14 0xdaa66000
core   0: 0x800053ac (0x75969137) lui     sp, 0x75969
core   0: 3 0x800053ac (0x75969137) x 2 0x75969000
core   0: 0x800053b0 (0xfe428713) addi    a4, t0, -28
core   0: 3 0x800053b0 (0xfe428713) x14 0x7fffffe4
core   0: 0x800053b4 (0x3d2b0f93) addi    t6, s6, 978
core   0: 3 0x800053b4 (0x3d2b0f93) x31 0xb8637197
core   0: 0x800053b8 (0xb7ceee13) ori     t3, t4, -1156
core   0: 3 0x800053b8 (0xb7ceee13) x28 0xfffffb7c
core   0: 0x800053bc (0x36f7bb13) sltiu   s6, a5, 879
core   0: 3 0x800053bc (0x36f7bb13) x22 0x00000001
core   0: 0x800053c0 (0x007a4333) xor     t1, s4, t2
core   0: 3 0x800053c0 (0x007a4333) x 6 0x631cd21c
core   0: 0x800053c4 (0x01c347b3) xor     a5, t1, t3
core   0: 3 0x800053c4 (0x01c347b3) x15 0x9ce32960
core   0: 0x800053c8 (0x064ff093) andi    ra, t6, 100
core   0: 3 0x800053c8 (0x064ff093) x 1 0x00000004
core   0: 0x800053cc (0x00b9f2b3) and     t0, s3, a1
core   0: 3 0x800053cc (0x00b9f2b3) x 5 0x00000000
core   0: 0x800053d0 (0x006b8733) add     a4, s7, t1
core   0: 3 0x800053d0 (0x006b8733) x14 0xe31e35f8
core   0: 0x800053d4 (0x014af433) and     s0, s5, s4
core   0: 3 0x800053d4 (0x014af433) x 8 0x80011c64
core   0: 0x800053d8 (0x0131d833) srl     a6, gp, s3
core   0: 3 0x800053d8 (0x0131d833) x16 0x00000000
core   0: 0x800053dc (0x47e6cc93) xori    s9, a3, 1150
core   0: 3 0x800053dc (0x47e6cc93) x25 0x0000047f
core   0: 0x800053e0 (0x01cdb2b3) sltu    t0, s11, t3
core   0: 3 0x800053e0 (0x01cdb2b3) x 5 0x00000001
core   0: 0x800053e4 (0x41315513) srai    a0, sp, 19
core   0: 3 0x800053e4 (0x41315513) x10 0x00000eb2
core   0: 0x800053e8 (0x00000013) nop
core   0: 3 0x800053e8 (0x00000013)
core   0: 0x800053ec (0x01cc6d33) or      s10, s8, t3
core   0: 3 0x800053ec (0x01cc6d33) x26 0xfffffb7d
core   0: 0x800053f0 (0x00000013) nop
core   0: 3 0x800053f0 (0x00000013)
core   0: 0x800053f4 (0x84d6f213) andi    tp, a3, -1971
core   0: 3 0x800053f4 (0x84d6f213) x 4 0x00000001
core   0: 0x800053f8 (0x41348bb3) sub     s7, s1, s3
core   0: 3 0x800053f8 (0x41348bb3) x23 0xe154337c
core   0: 0x800053fc (0xd4490517) auipc   a0, 0xd4490
core   0: 3 0x800053fc (0xd4490517) x10 0x544953fc
core   0: 0x80005400 (0xe56b9797) auipc   a5, 0xe56b9
core   0: 3 0x80005400 (0xe56b9797) x15 0x656be400
core   0: 0x80005404 (0x6dc86313) ori     t1, a6, 1756
core   0: 3 0x80005404 (0x6dc86313) x 6 0x000006dc
core   0: 0x80005408 (0x00000013) nop
core   0: 3 0x80005408 (0x00000013)
core   0: 0x8000540c (0x862c7e37) lui     t3, 0x862c7
core   0: 3 0x8000540c (0x862c7e37) x28 0x862c7000
core   0: 0x80005410 (0x34b6b513) sltiu   a0, a3, 843
core   0: 3 0x80005410 (0x34b6b513) x10 0x00000001
core   0: 0x80005414 (0x01b05693) srli    a3, zero, 27
core   0: 3 0x80005414 (0x01b05693) x13 0x00000000
core   0: 0x80005418 (0x00f5a933) slt     s2, a1, a5
core   0: 3 0x80005418 (0x00f5a933) x18 0x00000001
core   0: 0x8000541c (0x52f42d13) slti    s10, s0, 1327
core   0: 3 0x8000541c (0x52f42d13) x26 0x00000001
core   0: 0x80005420 (0xdff44797) auipc   a5, 0xdff44
core   0: 3 0x80005420 (0xdff44797) x15 0x5ff49420
core   0: 0x80005424 (0x018b5533) srl     a0, s6, s8
core   0: 3 0x80005424 (0x018b5533) x10 0x00000000
core   0: 0x80005428 (0x77d22d93) slti    s11, tp, 1917
core   0: 3 0x80005428 (0x77d22d93) x27 0x00000001
core   0: 0x8000542c (0x40540233) sub     tp, s0, t0
core   0: 3 0x8000542c (0x40540233) x 4 0x80011c63
core   0: 0x80005430 (0x00fe0fb3) add     t6, t3, a5
core   0: 3 0x80005430 (0x00fe0fb3) x31 0xe6210420
core   0: 0x80005434 (0x41470b33) sub     s6, a4, s4
core   0: 3 0x80005434 (0x41470b33) x22 0x631d1794
core   0: 0x80005438 (0x00333433) sltu    s0, t1, gp
core   0: 3 0x80005438 (0x00333433) x 8 0x00000000
core   0: 0x8000543c (0x01906533) or      a0, zero, s9
core   0: 3 0x8000543c (0x01906533) x10 0x0000047f
core   0: 0x80005440 (0x007af1b3) and     gp, s5, t2
core   0: 3 0x80005440 (0x007af1b3) x 3 0x80014c60
core   0: 0x80005444 (0x01b0fc33) and     s8, ra, s11
core   0: 3 0x80005444 (0x01b0fc33) x24 0x00000000
core   0: 0x80005448 (0xd90f8b13) addi    s6, t6, -624
core   0: 3 0x80005448 (0xd90f8b13) x22 0xe62101b0
core   0: 0x8000544c (0xb06dae93) slti    t4, s11, -1274
core   0: 3 0x8000544c (0xb06dae93) x29 0x00000000
core   0: 0x80005450 (0x01786e33) or      t3, a6, s7
core   0: 3 0x80005450 (0x01786e33) x28 0xe154337c
core   0: 0x80005454 (0x01871c93) slli    s9, a4, 24
core   0: 3 0x80005454 (0x01871c93) x25 0xf8000000
core   0: 0x80005458 (0xa57c2c93) slti    s9, s8, -1449
core   0: 3 0x80005458 (0xa57c2c93) x25 0x00000000
core   0: 0x8000545c (0x006b9393) slli    t2, s7, 6
core   0: 3 0x8000545c (0x006b9393) x 7 0x550cdf00
core   0: 0x80005460 (0xaa3cac13) slti    s8, s9, -1373
core   0: 3 0x80005460 (0xaa3cac13) x24 0x00000000
core   0: 0x80005464 (0x00f4dbb3) srl     s7, s1, a5
core   0: 3 0x80005464 (0x00f4dbb3) x23 0x00000000
core   0: 0x80005468 (0x00000013) nop
core   0: 3 0x80005468 (0x00000013)
core   0: 0x8000546c (0x00c314b3) sll     s1, t1, a2
core   0: 3 0x8000546c (0x00c314b3) x 9 0x01b70000
core   0: 0x80005470 (0x01e84933) xor     s2, a6, t5
core   0: 3 0x80005470 (0x01e84933) x18 0x1eabcead
core   0: 0x80005474 (0x015b9913) slli    s2, s7, 21
core   0: 3 0x80005474 (0x015b9913) x18 0x00000000
core   0: 0x80005478 (0x014bf933) and     s2, s7, s4
core   0: 3 0x80005478 (0x014bf933) x18 0x00000000
core   0: 0x8000547c (0x018b84b3) add     s1, s7, s8
core   0: 3 0x8000547c (0x018b84b3) x 9 0x00000000
core   0: 0x80005480 (0x01322f33) slt     t5, tp, s3
core   0: 3 0x80005480 (0x01322f33) x30 0x00000001
core   0: 0x80005484 (0x10b37093) andi    ra, t1, 267
core   0: 3 0x80005484 (0x10b37093) x 1 0x00000008
core   0: 0x80005488 (0x405a5813) srai    a6, s4, 5
core   0: 3 0x80005488 (0x405a5813) x16 0xfc0008f3
core   0: 0x8000548c (0x00e69113) slli    sp, a3, 14
core   0: 3 0x8000548c (0x00e69113) x 2 0x00000000
core   0: 0x80005490 (0x1f2a4e17) auipc   t3, 0x1f2a4
core   0: 3 0x80005490 (0x1f2a4e17) x28 0x9f2a9490
core   0: 0x80005494 (0x01c41e13) slli    t3, s0, 28
core   0: 3 0x80005494 (0x01c41e13) x28 0x00000000
core   0: 0x80005498 (0x4f0b86b7) lui     a3, 0x4f0b8
core   0: 3 0x80005498 (0x4f0b86b7) x13 0x4f0b8000
core   0: 0x8000549c (0x013f7733) and     a4, t5, s3
core   0: 3 0x8000549c (0x013f7733) x14 0x00000000
core   0: 0x800054a0 (0x00000013) nop
core   0: 3 0x800054a0 (0x00000013)
core   0: 0x800054a4 (0x26304413) xori    s0, zero, 611
core   0: 3 0x800054a4 (0x26304413) x 8 0x00000263
core   0: 0x800054a8 (0x861a4813) xori    a6, s4, -1951
core   0: 3 0x800054a8 (0x861a4813) x16 0x7ffee605
core   0: 0x800054ac (0x412157b3) sra     a5, sp, s2
core   0: 3 0x800054ac (0x412157b3) x15 0x00000000
core   0: 0x800054b0 (0x00000013) nop
core   0: 3 0x800054b0 (0x00000013)
core   0: 0x800054b4 (0x00412bb3) slt     s7, sp, tp
core   0: 3 0x800054b4 (0x00412bb3) x23 0x00000000
core   0: 0x800054b8 (0x403b0433) sub     s0, s6, gp
core   0: 3 0x800054b8 (0x403b0433) x 8 0x661fb550
core   0: 0x800054bc (0xd10e0f93) addi    t6, t3, -752
core   0: 3 0x800054bc (0xd10e0f93) x31 0xfffffd10
core   0: 0x800054c0 (0x7d6c8813) addi    a6, s9, 2006
core   0: 3 0x800054c0 (0x7d6c8813) x16 0x000007d6
core   0: 0x800054c4 (0x4d2b3293) sltiu   t0, s6, 1234
core   0: 3 0x800054c4 (0x4d2b3293) x 5 0x00000000
core   0: 0x800054c8 (0x010cd033) srl     zero, s9, a6
core   0: 3 0x800054c8 (0x010cd033)
core   0: 0x800054cc (0x4fc8e013) ori     zero, a7, 1276
core   0: 3 0x800054cc (0x4fc8e013)
core   0: 0x800054d0 (0xaeda6f93) ori     t6, s4, -1299
core   0: 3 0x800054d0 (0xaeda6f93) x31 0xfffffeed
core   0: 0x800054d4 (0x150eb993) sltiu   s3, t4, 336
core   0: 3 0x800054d4 (0x150eb993) x19 0x00000001
core   0: 0x800054d8 (0x0059aeb3) slt     t4, s3, t0
core   0: 3 0x800054d8 (0x0059aeb3) x29 0x00000000
core   0: 0x800054dc (0x0029eb33) or      s6, s3, sp
core   0: 3 0x800054dc (0x0029eb33) x22 0x00000001
core   0: 0x800054e0 (0x93e5e593) ori     a1, a1, -1730
core   0: 3 0x800054e0 (0x93e5e593) x11 0xfffff93e
core   0: 0x800054e4 (0x01c9a733) slt     a4, s3, t3
core   0: 3 0x800054e4 (0x01c9a733) x14 0x00000000
core   0: 0x800054e8 (0x00dc43b3) xor     t2, s8, a3
core   0: 3 0x800054e8 (0x00dc43b3) x 7 0x4f0b8000
core   0: 0x800054ec (0x00cd5d93) srli    s11, s10, 12
core   0: 3 0x800054ec (0x00cd5d93) x27 0x00000000
core   0: 0x800054f0 (0x6aab9737) lui     a4, 0x6aab9
core   0: 3 0x800054f0 (0x6aab9737) x14 0x6aab9000
core   0: 0x800054f4 (0x408505b3) sub     a1, a0, s0
core   0: 3 0x800054f4 (0x408505b3) x11 0x99e04f2f
core   0: 0x800054f8 (0xf2f40497) auipc   s1, 0xf2f40
core   0: 3 0x800054f8 (0xf2f40497) x 9 0x72f454f8
core   0: 0x800054fc (0x01010833) add     a6, sp, a6
core   0: 3 0x800054fc (0x01010833) x16 0x000007d6
core   0: 0x80005500 (0x41d4d6b3) sra     a3, s1, t4
core   0: 3 0x80005500 (0x41d4d6b3) x13 0x72f454f8
core   0: 0x80005504 (0xb8ea3997) auipc   s3, 0xb8ea3
core   0: 3 0x80005504 (0xb8ea3997) x19 0x38ea8504
core   0: 0x80005508 (0x604da893) slti    a7, s11, 1540
core   0: 3 0x80005508 (0x604da893) x17 0x00000001
core   0: 0x8000550c (0x01b19033) sll     zero, gp, s11
core   0: 3 0x8000550c (0x01b19033)
core   0: 0x80005510 (0x01d54eb3) xor     t4, a0, t4
core   0: 3 0x80005510 (0x01d54eb3) x29 0x0000047f
core   0: 0x80005514 (0x01828c33) add     s8, t0, s8
core   0: 3 0x80005514 (0x01828c33) x24 0x00000000
core   0: 0x80005518 (0x0055e233) or      tp, a1, t0
core   0: 3 0x80005518 (0x0055e233) x 4 0x99e04f2f
core   0: 0x8000551c (0x40180333) sub     t1, a6, ra
core   0: 3 0x8000551c (0x40180333) x 6 0x000007ce
core   0: 0x80005520 (0xe77abf13) sltiu   t5, s5, -393
core   0: 3 0x80005520 (0xe77abf13) x30 0x00000001
core   0: 0x80005524 (0x019d2433) slt     s0, s10, s9
core   0: 3 0x80005524 (0x019d2433) x 8 0x00000000
core   0: 0x80005528 (0x4b26ccb7) lui     s9, 0x4b26c
core   0: 3 0x80005528 (0x4b26ccb7) x25 0x4b26c000
core   0: 0x8000552c (0xc1ec61b7) lui     gp, 0xc1ec6
core   0: 3 0x8000552c (0xc1ec61b7) x 3 0xc1ec6000
core   0: 0x80005530 (0x00000013) nop
core   0: 3 0x80005530 (0x00000013)
core   0: 0x80005534 (0x21abe593) ori     a1, s7, 538
core   0: 3 0x80005534 (0x21abe593) x11 0x0000021a
core   0: 0x80005538 (0xbd304d93) xori    s11, zero, -1069
core   0: 3 0x80005538 (0xbd304d93) x27 0xfffffbd3
core   0: 0x8000553c (0x00b97b33) and     s6, s2, a1
core   0: 3 0x8000553c (0x00b97b33) x22 0x00000000
core   0: 0x80005540 (0x00000013) nop
core   0: 3 0x80005540 (0x00000013)
core   0: 0x80005544 (0xeea04693) xori    a3, zero, -278
core   0: 3 0x80005544 (0xeea04693) x13 0xfffffeea
core   0: 0x80005548 (0xdf7fb293) sltiu   t0, t6, -521
core   0: 3 0x80005548 (0xdf7fb293) x 5 0x00000000
core   0: 0x8000554c (0x01845393) srli    t2, s0, 24
core   0: 3 0x8000554c (0x01845393) x 7 0x00000000
core   0: 0x80005550 (0x40928833) sub     a6, t0, s1
core   0: 3 0x80005550 (0x40928833) x16 0x8d0bab08
core   0: 0x80005554 (0xd6416193) ori     gp, sp, -668
core   0: 3 0x80005554 (0xd6416193) x 3 0xfffffd64
core   0: 0x80005558 (0x419fde93) srai    t4, t6, 25
core   0: 3 0x80005558 (0x419fde93) x29 0xffffffff
core   0: 0x8000555c (0x01052533) slt     a0, a0, a6
core   0: 3 0x8000555c (0x01052533) x10 0x00000000
core   0: 0x80005560 (0x012b82b3) add     t0, s7, s2
core   0: 3 0x80005560 (0x012b82b3) x 5 0x00000000
core   0: 0x80005564 (0x01d2bb33) sltu    s6, t0, t4
core   0: 3 0x80005564 (0x01d2bb33) x22 0x00000001
core   0: 0x80005568 (0x36376c93) ori     s9, a4, 867
core   0: 3 0x80005568 (0x36376c93) x25 0x6aab9363
core   0: 0x8000556c (0x13b43b37) lui     s6, 0x13b43
core   0: 3 0x8000556c (0x13b43b37) x22 0x13b43000
core   0: 0x80005570 (0x006b9113) slli    sp, s7, 6
core   0: 3 0x80005570 (0x006b9113) x 2 0x00000000
core   0: 0x80005574 (0x1da66813) ori     a6, a2, 474
core   0: 3 0x80005574 (0x1da66813) x16 0xef026bfe
core   0: 0x80005578 (0x006d5d33) srl     s10, s10, t1
core   0: 3 0x80005578 (0x006d5d33) x26 0x00000000
core   0: 0x8000557c (0x01ef99b3) sll     s3, t6, t5
core   0: 3 0x8000557c (0x01ef99b3) x19 0xfffffdda
core   0: 0x80005580 (0x017f4bb3) xor     s7, t5, s7
core   0: 3 0x80005580 (0x017f4bb3) x23 0x00000001
core   0: 0x80005584 (0x00425193) srli    gp, tp, 4
core   0: 3 0x80005584 (0x00425193) x 3 0x099e04f2
core   0: 0x80005588 (0x41875113) srai    sp, a4, 24
core   0: 3 0x80005588 (0x41875113) x 2 0x0000006a
core   0: 0x8000558c (0x410e5e13) srai    t3, t3, 16
core   0: 3 0x8000558c (0x410e5e13) x28 0x00000000
core   0: 0x80005590 (0x00a95013) srli    zero, s2, 10
core   0: 3 0x80005590 (0x00a95013)
core   0: 0x80005594 (0x012c2733) slt     a4, s8, s2
core   0: 3 0x80005594 (0x012c2733) x14 0x00000000
core   0: 0x80005598 (0x229ca393) slti    t2, s9, 553
core   0: 3 0x80005598 (0x229ca393) x 7 0x00000000
core   0: 0x8000559c (0x0062bb33) sltu    s6, t0, t1
core   0: 3 0x8000559c (0x0062bb33) x22 0x00000001
core   0: 0x800055a0 (0x00da5b33) srl     s6, s4, a3
core   0: 3 0x800055a0 (0x00da5b33) x22 0x00200047
core   0: 0x800055a4 (0x007b1493) slli    s1, s6, 7
core   0: 3 0x800055a4 (0x007b1493) x 9 0x10002380
core   0: 0x800055a8 (0xab1c4793) xori    a5, s8, -1359
core   0: 3 0x800055a8 (0xab1c4793) x15 0xfffffab1
core   0: 0x800055ac (0x002f5033) srl     zero, t5, sp
core   0: 3 0x800055ac (0x002f5033)
core   0: 0x800055b0 (0xaf193813) sltiu   a6, s2, -1295
core   0: 3 0x800055b0 (0xaf193813) x16 0x00000001
core   0: 0x800055b4 (0x5ff62413) slti    s0, a2, 1535
core   0: 3 0x800055b4 (0x5ff62413) x 8 0x00000001
core   0: 0x800055b8 (0xcad4a8b7) lui     a7, 0xcad4a
core   0: 3 0x800055b8 (0xcad4a8b7) x17 0xcad4a000
core   0: 0x800055bc (0x018693b3) sll     t2, a3, s8
core   0: 3 0x800055bc (0x018693b3) x 7 0xfffffeea
core   0: 0x800055c0 (0x405d08b3) sub     a7, s10, t0
core   0: 3 0x800055c0 (0x405d08b3) x17 0x00000000
core   0: 0x800055c4 (0xa4e6c713) xori    a4, a3, -1458
core   0: 3 0x800055c4 (0xa4e6c713) x14 0x000004a4
core   0: 0x800055c8 (0x40625e13) srai    t3, tp, 6
core   0: 3 0x800055c8 (0x40625e13) x28 0xfe67813c
core   0: 0x800055cc (0x6333e593) ori     a1, t2, 1587
core   0: 3 0x800055cc (0x6333e593) x11 0xfffffefb
core   0: 0x800055d0 (0x1f7e8393) addi    t2, t4, 503
core   0: 3 0x800055d0 (0x1f7e8393) x 7 0x000001f6
core   0: 0x800055d4 (0x016f6733) or      a4, t5, s6
core   0: 3 0x800055d4 (0x016f6733) x14 0x00200047
core   0: 0x800055d8 (0x41c85033) sra     zero, a6, t3
core   0: 3 0x800055d8 (0x41c85033)
core   0: 0x800055dc (0x4f5a4eb7) lui     t4, 0x4f5a4
core   0: 3 0x800055dc (0x4f5a4eb7) x29 0x4f5a4000
core   0: 0x800055e0 (0x7ff45c97) auipc   s9, 0x7ff45
core   0: 3 0x800055e0 (0x7ff45c97) x25 0xfff4a5e0
core   0: 0x800055e4 (0x85876d93) ori     s11, a4, -1960
core   0: 3 0x800055e4 (0x85876d93) x27 0xfffff85f
core   0: 0x800055e8 (0x01b093b3) sll     t2, ra, s11
core   0: 3 0x800055e8 (0x01b093b3) x 7 0x00000000
core   0: 0x800055ec (0x6d3c6393) ori     t2, s8, 1747
core   0: 3 0x800055ec (0x6d3c6393) x 7 0x000006d3
core   0: 0x800055f0 (0x36fce513) ori     a0, s9, 879
core   0: 3 0x800055f0 (0x36fce513) x10 0xfff4a7ef
core   0: 0x800055f4 (0xf2ac3b93) sltiu   s7, s8, -214
core   0: 3 0x800055f4 (0xf2ac3b93) x23 0x00000001
core   0: 0x800055f8 (0x01bcb533) sltu    a0, s9, s11
core   0: 3 0x800055f8 (0x01bcb533) x10 0x00000001
core   0: 0x800055fc (0x0e934313) xori    t1, t1, 233
core   0: 3 0x800055fc (0x0e934313) x 6 0x00000727
core   0: 0x80005600 (0x001a5913) srli    s2, s4, 1
core   0: 3 0x80005600 (0x001a5913) x18 0x40008f32
core   0: 0x80005604 (0x01060533) add     a0, a2, a6
core   0: 3 0x80005604 (0x01060533) x10 0xef026aef
core   0: 0x80005608 (0x019e06b3) add     a3, t3, s9
core   0: 3 0x80005608 (0x019e06b3) x13 0xfe5c271c
core   0: 0x8000560c (0x01704833) xor     a6, zero, s7
core   0: 3 0x8000560c (0x01704833) x16 0x00000001
core   0: 0x80005610 (0x66413793) sltiu   a5, sp, 1636
core   0: 3 0x80005610 (0x66413793) x15 0x00000001
core   0: 0x80005614 (0x7708eb93) ori     s7, a7, 1904
core   0: 3 0x80005614 (0x7708eb93) x23 0x00000770
core   0: 0x80005618 (0x01155433) srl     s0, a0, a7
core   0: 3 0x80005618 (0x01155433) x 8 0xef026aef
core   0: 0x8000561c (0x01d0d013) srli    zero, ra, 29
core   0: 3 0x8000561c (0x01d0d013)
core   0: 0x80005620 (0x41d65f93) srai    t6, a2, 29
core   0: 3 0x80005620 (0x41d65f93) x31 0xffffffff
core   0: 0x80005624 (0xd2460393) addi    t2, a2, -732
core   0: 3 0x80005624 (0xd2460393) x 7 0xef026812
core   0: 0x80005628 (0x0b58a6b7) lui     a3, 0xb58a
core   0: 3 0x80005628 (0x0b58a6b7) x13 0x0b58a000
core   0: 0x8000562c (0x01400e33) add     t3, zero, s4
core   0: 3 0x8000562c (0x01400e33) x28 0x80011e64
core   0: 0x80005630 (0x0134d993) srli    s3, s1, 19
core   0: 3 0x80005630 (0x0134d993) x19 0x00000200
core   0: 0x80005634 (0x1b40bb13) sltiu   s6, ra, 436
core   0: 3 0x80005634 (0x1b40bb13) x22 0x00000001
core   0: 0x80005638 (0x419e8fb3) sub     t6, t4, s9
core   0: 3 0x80005638 (0x419e8fb3) x31 0x4f659a20
core   0: 0x8000563c (0x00f8c433) xor     s0, a7, a5
core   0: 3 0x8000563c (0x00f8c433) x 8 0x00000001
core   0: 0x80005640 (0x013aa2b3) slt     t0, s5, s3
core   0: 3 0x80005640 (0x013aa2b3) x 5 0x00000001
core   0: 0x80005644 (0x0876b493) sltiu   s1, a3, 135
core   0: 3 0x80005644 (0x0876b493) x 9 0x00000000
core   0: 0x80005648 (0x00000013) nop
core   0: 3 0x80005648 (0x00000013)
core   0: 0x8000564c (0x9de03b13) sltiu   s6, zero, -1570
core   0: 3 0x8000564c (0x9de03b13) x22 0x00000001
core   0: 0x80005650 (0x01b72733) slt     a4, a4, s11
core   0: 3 0x80005650 (0x01b72733) x14 0x00000000
core   0: 0x80005654 (0x3e970193) addi    gp, a4, 1001
core   0: 3 0x80005654 (0x3e970193) x 3 0x000003e9
core   0: 0x80005658 (0x407ad533) sra     a0, s5, t2
core   0: 3 0x80005658 (0x407ad533) x10 0xffffe000
core   0: 0x8000565c (0x4192dd13) srai    s10, t0, 25
core   0: 3 0x8000565c (0x4192dd13) x26 0x00000000
core   0: 0x80005660 (0x402dd193) srai    gp, s11, 2
core   0: 3 0x80005660 (0x402dd193) x 3 0xfffffe17
core   0: 0x80005664 (0x00bb1f93) slli    t6, s6, 11
core   0: 3 0x80005664 (0x00bb1f93) x31 0x00000800
core   0: 0x80005668 (0xb8faae93) slti    t4, s5, -1137
core   0: 3 0x80005668 (0xb8faae93) x29 0x00000001
core   0: 0x8000566c (0x21296193) ori     gp, s2, 530
core   0: 3 0x8000566c (0x21296193) x 3 0x40008f32
core   0: 0x80005670 (0x01b1ffb3) and     t6, gp, s11
core   0: 3 0x80005670 (0x01b1ffb3) x31 0x40008812
core   0: 0x80005674 (0x943fa813) slti    a6, t6, -1725
core   0: 3 0x80005674 (0x943fa813) x16 0x00000000
core   0: 0x80005678 (0xb213cb37) lui     s6, 0xb213c
core   0: 3 0x80005678 (0xb213cb37) x22 0xb213c000
core   0: 0x8000567c (0x981b0b13) addi    s6, s6, -1663
core   0: 3 0x8000567c (0x981b0b13) x22 0xb213b981
core   0: 0x80005680 (0x3d90e537) lui     a0, 0x3d90e
core   0: 3 0x80005680 (0x3d90e537) x10 0x3d90e000
core   0: 0x80005684 (0x3c850513) addi    a0, a0, 968
core   0: 3 0x80005684 (0x3c850513) x10 0x3d90e3c8
core   0: 0x80005688 (0xfff00f93) li      t6, -1
core   0: 3 0x80005688 (0xfff00f93) x31 0xffffffff
core   0: 0x8000568c (0x00000793) li      a5, 0
core   0: 3 0x8000568c (0x00000793) x15 0x00000000
core   0: 0x80005690 (0xfff00193) li      gp, -1
core   0: 3 0x80005690 (0xfff00193) x 3 0xffffffff
core   0: 0x80005694 (0x917a58b7) lui     a7, 0x917a5
core   0: 3 0x80005694 (0x917a58b7) x17 0x917a5000
core   0: 0x80005698 (0x94788893) addi    a7, a7, -1721
core   0: 3 0x80005698 (0x94788893) x17 0x917a4947
core   0: 0x8000569c (0xb04b4437) lui     s0, 0xb04b4
core   0: 3 0x8000569c (0xb04b4437) x 8 0xb04b4000
core   0: 0x800056a0 (0x73540413) addi    s0, s0, 1845
core   0: 3 0x800056a0 (0x73540413) x 8 0xb04b4735
core   0: 0x800056a4 (0x7f281db7) lui     s11, 0x7f281
core   0: 3 0x800056a4 (0x7f281db7) x27 0x7f281000
core   0: 0x800056a8 (0x85fd8d93) addi    s11, s11, -1953
core   0: 3 0x800056a8 (0x85fd8d93) x27 0x7f28085f
core   0: 0x800056ac (0xfff00593) li      a1, -1
core   0: 3 0x800056ac (0xfff00593) x11 0xffffffff
core   0: 0x800056b0 (0x80000d37) lui     s10, 0x80000
core   0: 3 0x800056b0 (0x80000d37) x26 0x80000000
core   0: 0x800056b4 (0x41188fb3) sub     t6, a7, a7
core   0: 3 0x800056b4 (0x41188fb3) x31 0x00000000
core   0: 0x800056b8 (0x04ce0fb7) lui     t6, 0x4ce0
core   0: 3 0x800056b8 (0x04ce0fb7) x31 0x04ce0000
core   0: 0x800056bc (0x90d57d17) auipc   s10, 0x90d57
core   0: 3 0x800056bc (0x90d57d17) x26 0x10d5c6bc
core   0: 0x800056c0 (0x00000013) nop
core   0: 3 0x800056c0 (0x00000013)
core   0: 0x800056c4 (0x00000013) nop
core   0: 3 0x800056c4 (0x00000013)
core   0: 0x800056c8 (0xb201a8b7) lui     a7, 0xb201a
core   0: 3 0x800056c8 (0xb201a8b7) x17 0xb201a000
core   0: 0x800056cc (0x41a40533) sub     a0, s0, s10
core   0: 3 0x800056cc (0x41a40533) x10 0x9f758079
core   0: 0x800056d0 (0x01b888b3) add     a7, a7, s11
core   0: 3 0x800056d0 (0x01b888b3) x17 0x3129a85f
core   0: 0x800056d4 (0x5c177417) auipc   s0, 0x5c177
core   0: 3 0x800056d4 (0x5c177417) x 8 0xdc17c6d4
core   0: 0x800056d8 (0x00340533) add     a0, s0, gp
core   0: 3 0x800056d8 (0x00340533) x10 0xdc17c6d3
core   0: 0x800056dc (0x3efdb8b7) lui     a7, 0x3efdb
core   0: 3 0x800056dc (0x3efdb8b7) x17 0x3efdb000
core   0: 0x800056e0 (0x6a836417) auipc   s0, 0x6a836
core   0: 3 0x800056e0 (0x6a836417) x 8 0xea83b6e0
core   0: 0x800056e4 (0xce4568b7) lui     a7, 0xce456
core   0: 3 0x800056e4 (0xce4568b7) x17 0xce456000
core   0: 0x800056e8 (0x00000013) nop
core   0: 3 0x800056e8 (0x00000013)
core   0: 0x800056ec (0xf8a9b437) lui     s0, 0xf8a9b
core   0: 3 0x800056ec (0xf8a9b437) x 8 0xf8a9b000
core   0: 0x800056f0 (0x29426b37) lui     s6, 0x29426
core   0: 3 0x800056f0 (0x29426b37) x22 0x29426000
core   0: 0x800056f4 (0x003d81b3) add     gp, s11, gp
core   0: 3 0x800056f4 (0x003d81b3) x 3 0x7f28085e
core   0: 0x800056f8 (0xc91add37) lui     s10, 0xc91ad
core   0: 3 0x800056f8 (0xc91add37) x26 0xc91ad000
core   0: 0x800056fc (0x000b5e13) srli    t3, s6, 0
core   0: 3 0x800056fc (0x000b5e13) x28 0x29426000
core   0: 0x80005700 (0x00464bb3) xor     s7, a2, tp
core   0: 3 0x80005700 (0x00464bb3) x23 0x76e225c1
core   0: 0x80005704 (0xf5000113) li      sp, -176
core   0: 3 0x80005704 (0xf5000113) x 2 0xffffff50
core   0: 0x80005708 (0x5bd5a837) lui     a6, 0x5bd5a
core   0: 3 0x80005708 (0x5bd5a837) x16 0x5bd5a000
core   0: 0x8000570c (0x005abd33) sltu    s10, s5, t0
core   0: 3 0x8000570c (0x005abd33) x26 0x00000000
core   0: 0x80005710 (0x0069d493) srli    s1, s3, 6
core   0: 3 0x80005710 (0x0069d493) x 9 0x00000008
core   0: 0x80005714 (0x07a10113) addi    sp, sp, 122
core   0: 3 0x80005714 (0x07a10113) x 2 0xffffffca
core   0: 0x80005718 (0x00e49c93) slli    s9, s1, 14
core   0: 3 0x80005718 (0x00e49c93) x25 0x00020000
core   0: 0x8000571c (0xb5b77d93) andi    s11, a4, -1189
core   0: 3 0x8000571c (0xb5b77d93) x27 0x00000000
core   0: 0x80005720 (0x01ebd5b3) srl     a1, s7, t5
core   0: 3 0x80005720 (0x01ebd5b3) x11 0x3b7112e0
core   0: 0x80005724 (0x402b5313) srai    t1, s6, 2
core   0: 3 0x80005724 (0x402b5313) x 6 0x0a509800
core   0: 0x80005728 (0x018a1eb3) sll     t4, s4, s8
core   0: 3 0x80005728 (0x018a1eb3) x29 0x80011e64
core   0: 0x8000572c (0x7498a713) slti    a4, a7, 1865
core   0: 3 0x8000572c (0x7498a713) x14 0x00000001
core   0: 0x80005730 (0x0040de33) srl     t3, ra, tp
core   0: 3 0x80005730 (0x0040de33) x28 0x00000000
core   0: 0x80005734 (0xca6d7e93) andi    t4, s10, -858
core   0: 3 0x80005734 (0xca6d7e93) x29 0x00000000
core   0: 0x80005738 (0x00ab9393) slli    t2, s7, 10
core   0: 3 0x80005738 (0x00ab9393) x 7 0x88970400
core   0: 0x8000573c (0x01ce8533) add     a0, t4, t3
core   0: 3 0x8000573c (0x01ce8533) x10 0x00000000
core   0: 0x80005740 (0x01f976b3) and     a3, s2, t6
core   0: 3 0x80005740 (0x01f976b3) x13 0x00000000
core   0: 0x80005744 (0x8b873d13) sltiu   s10, a4, -1864
core   0: 3 0x80005744 (0x8b873d13) x26 0x00000001
core   0: 0x80005748 (0x013b6833) or      a6, s6, s3
core   0: 3 0x80005748 (0x013b6833) x16 0x29426200
core   0: 0x8000574c (0xb5e34993) xori    s3, t1, -1186
core   0: 3 0x8000574c (0xb5e34993) x19 0xf5af635e
core   0: 0x80005750 (0x002b9113) slli    sp, s7, 2
core   0: 3 0x80005750 (0x002b9113) x 2 0xdb889704
core   0: 0x80005754 (0x00f2d6b3) srl     a3, t0, a5
core   0: 3 0x80005754 (0x00f2d6b3) x13 0x00000001
core   0: 0x80005758 (0x003d1b33) sll     s6, s10, gp
core   0: 3 0x80005758 (0x003d1b33) x22 0x40000000
core   0: 0x8000575c (0x78e86797) auipc   a5, 0x78e86
core   0: 3 0x8000575c (0x78e86797) x15 0xf8e8b75c
core   0: 0x80005760 (0xc99f0c13) addi    s8, t5, -871
core   0: 3 0x80005760 (0xc99f0c13) x24 0xfffffc9a
core   0: 0x80005764 (0x1eb8f217) auipc   tp, 0x1eb8f
core   0: 3 0x80005764 (0x1eb8f217) x 4 0x9eb94764
core   0: 0x80005768 (0x00a55493) srli    s1, a0, 10
core   0: 3 0x80005768 (0x00a55493) x 9 0x00000000
core   0: 0x8000576c (0xab7e0093) addi    ra, t3, -1353
core   0: 3 0x8000576c (0xab7e0093) x 1 0xfffffab7
core   0: 0x80005770 (0x00727c33) and     s8, tp, t2
core   0: 3 0x80005770 (0x00727c33) x24 0x88910400
core   0: 0x80005774 (0x71f40d93) addi    s11, s0, 1823
core   0: 3 0x80005774 (0x71f40d93) x27 0xf8a9b71f
core   0: 0x80005778 (0x008d5913) srli    s2, s10, 8
core   0: 3 0x80005778 (0x008d5913) x18 0x00000000
core   0: 0x8000577c (0x41bd03b3) sub     t2, s10, s11
core   0: 3 0x8000577c (0x41bd03b3) x 7 0x075648e2
core   0: 0x80005780 (0x7a10fe13) andi    t3, ra, 1953
core   0: 3 0x80005780 (0x7a10fe13) x28 0x000002a1
core   0: 0x80005784 (0x0138a9b3) slt     s3, a7, s3
core   0: 3 0x80005784 (0x0138a9b3) x19 0x00000001
core   0: 0x80005788 (0x006cf5b3) and     a1, s9, t1
core   0: 3 0x80005788 (0x006cf5b3) x11 0x00000000
core   0: 0x8000578c (0x412cdb93) srai    s7, s9, 18
core   0: 3 0x8000578c (0x412cdb93) x23 0x00000000
core   0: 0x80005790 (0x00e6c233) xor     tp, a3, a4
core   0: 3 0x80005790 (0x00e6c233) x 4 0x00000000
core   0: 0x80005794 (0x0002db93) srli    s7, t0, 0
core   0: 3 0x80005794 (0x0002db93) x23 0x00000001
core   0: 0x80005798 (0x41a4d833) sra     a6, s1, s10
core   0: 3 0x80005798 (0x41a4d833) x16 0x00000000
core   0: 0x8000579c (0x00c497b3) sll     a5, s1, a2
core   0: 3 0x8000579c (0x00c497b3) x15 0x00000000
core   0: 0x800057a0 (0x2fc75c97) auipc   s9, 0x2fc75
core   0: 3 0x800057a0 (0x2fc75c97) x25 0xafc7a7a0
core   0: 0x800057a4 (0xde59bf97) auipc   t6, 0xde59b
core   0: 3 0x800057a4 (0xde59bf97) x31 0x5e5a07a4
core   0: 0x800057a8 (0x011107b3) add     a5, sp, a7
core   0: 3 0x800057a8 (0x011107b3) x15 0xa9cdf704
core   0: 0x800057ac (0x012fa733) slt     a4, t6, s2
core   0: 3 0x800057ac (0x012fa733) x14 0x00000000
core   0: 0x800057b0 (0x016e6eb3) or      t4, t3, s6
core   0: 3 0x800057b0 (0x016e6eb3) x29 0x400002a1
core   0: 0x800057b4 (0x00dc5e33) srl     t3, s8, a3
core   0: 3 0x800057b4 (0x00dc5e33) x28 0x44488200
core   0: 0x800057b8 (0x00000013) nop
core   0: 3 0x800057b8 (0x00000013)
core   0: 0x800057bc (0xf4205d97) auipc   s11, 0xf4205
core   0: 3 0x800057bc (0xf4205d97) x27 0x7420a7bc
core   0: 0x800057c0 (0xefa4a993) slti    s3, s1, -262
core   0: 3 0x800057c0 (0xefa4a993) x19 0x00000000
core   0: 0x800057c4 (0x41b403b3) sub     t2, s0, s11
core   0: 3 0x800057c4 (0x41b403b3) x 7 0x84890844
core   0: 0x800057c8 (0xb85a4413) xori    s0, s4, -1147
core   0: 3 0x800057c8 (0xb85a4413) x 8 0x7ffee5e1
core   0: 0x800057cc (0x01356f33) or      t5, a0, s3
core   0: 3 0x800057cc (0x01356f33) x30 0x00000000
core   0: 0x800057d0 (0x01248533) add     a0, s1, s2
core   0: 3 0x800057d0 (0x01248533) x10 0x00000000
core   0: 0x800057d4 (0x925c3193) sltiu   gp, s8, -1755
core   0: 3 0x800057d4 (0x925c3193) x 3 0x00000001
core   0: 0x800057d8 (0x00fb18b3) sll     a7, s6, a5
core   0: 3 0x800057d8 (0x00fb18b3) x17 0x00000000
core   0: 0x800057dc (0x000ffcb3) and     s9, t6, zero
core   0: 3 0x800057dc (0x000ffcb3) x25 0x00000000
core   0: 0x800057e0 (0xa6e87b13) andi    s6, a6, -1426
core   0: 3 0x800057e0 (0xa6e87b13) x22 0x00000000
core   0: 0x800057e4 (0x0ad0ce97) auipc   t4, 0xad0c
core   0: 3 0x800057e4 (0x0ad0ce97) x29 0x8ad117e4
core   0: 0x800057e8 (0x40d8d933) sra     s2, a7, a3
core   0: 3 0x800057e8 (0x40d8d933) x18 0x00000000
core   0: 0x800057ec (0x410ed993) srai    s3, t4, 16
core   0: 3 0x800057ec (0x410ed993) x19 0xffff8ad1
core   0: 0x800057f0 (0x00000013) nop
core   0: 3 0x800057f0 (0x00000013)
core   0: 0x800057f4 (0x58cd3fb7) lui     t6, 0x58cd3
core   0: 3 0x800057f4 (0x58cd3fb7) x31 0x58cd3000
core   0: 0x800057f8 (0x01043533) sltu    a0, s0, a6
core   0: 3 0x800057f8 (0x01043533) x10 0x00000000
core   0: 0x800057fc (0x0054fb33) and     s6, s1, t0
core   0: 3 0x800057fc (0x0054fb33) x22 0x00000000
core   0: 0x80005800 (0x001dfdb3) and     s11, s11, ra
core   0: 3 0x80005800 (0x001dfdb3) x27 0x7420a2b4
core   0: 0x80005804 (0x00398e33) add     t3, s3, gp
core   0: 3 0x80005804 (0x00398e33) x28 0xffff8ad2
core   0: 0x80005808 (0x4196d533) sra     a0, a3, s9
core   0: 3 0x80005808 (0x4196d533) x10 0x00000001
core   0: 0x8000580c (0xfa2bb793) sltiu   a5, s7, -94
core   0: 3 0x8000580c (0xfa2bb793) x15 0x00000001
core   0: 0x80005810 (0x01908433) add     s0, ra, s9
core   0: 3 0x80005810 (0x01908433) x 8 0xfffffab7
core   0: 0x80005814 (0x010ad733) srl     a4, s5, a6
core   0: 3 0x80005814 (0x010ad733) x14 0x80015ce4
core   0: 0x80005818 (0x00862d33) slt     s10, a2, s0
core   0: 3 0x80005818 (0x00862d33) x26 0x00000001
core   0: 0x8000581c (0x0048ad33) slt     s10, a7, tp
core   0: 3 0x8000581c (0x0048ad33) x26 0x00000000
core   0: 0x80005820 (0x418e5b93) srai    s7, t3, 24
core   0: 3 0x80005820 (0x418e5b93) x23 0xffffffff
core   0: 0x80005824 (0xca85b113) sltiu   sp, a1, -856
core   0: 3 0x80005824 (0xca85b113) x 2 0x00000001
core   0: 0x80005828 (0x0005fbb3) and     s7, a1, zero
core   0: 3 0x80005828 (0x0005fbb3) x23 0x00000000
core   0: 0x8000582c (0xbe5e2f93) slti    t6, t3, -1051
core   0: 3 0x8000582c (0xbe5e2f93) x31 0x00000001
core   0: 0x80005830 (0x00af9413) slli    s0, t6, 10
core   0: 3 0x80005830 (0x00af9413) x 8 0x00000400
core   0: 0x80005834 (0x4ee80693) addi    a3, a6, 1262
core   0: 3 0x80005834 (0x4ee80693) x13 0x000004ee
core   0: 0x80005838 (0xb5f0e413) ori     s0, ra, -1185
core   0: 3 0x80005838 (0xb5f0e413) x 8 0xfffffbff
core   0: 0x8000583c (0x00e23133) sltu    sp, tp, a4
core   0: 3 0x8000583c (0x00e23133) x 2 0x00000001
core   0: 0x80005840 (0x41a308b3) sub     a7, t1, s10
core   0: 3 0x80005840 (0x41a308b3) x17 0x0a509800
core   0: 0x80005844 (0x635b6b17) auipc   s6, 0x635b6
core   0: 3 0x80005844 (0x635b6b17) x22 0xe35bb844
core   0: 0x80005848 (0x01355993) srli    s3, a0, 19
core   0: 3 0x80005848 (0x01355993) x19 0x00000000
core   0: 0x8000584c (0x0b660513) addi    a0, a2, 182
core   0: 3 0x8000584c (0x0b660513) x10 0xef026ba4
core   0: 0x80005850 (0xc5be3f13) sltiu   t5, t3, -933
core   0: 3 0x80005850 (0xc5be3f13) x30 0x00000001
core   0: 0x80005854 (0x00439cb3) sll     s9, t2, tp
core   0: 3 0x80005854 (0x00439cb3) x25 0x84890844
core   0: 0x80005858 (0x198aa893) slti    a7, s5, 408
core   0: 3 0x80005858 (0x198aa893) x17 0x00000001
core   0: 0x8000585c (0x00cf9e33) sll     t3, t6, a2
core   0: 3 0x8000585c (0x00cf9e33) x28 0x00004000
core   0: 0x80005860 (0x0090d113) srli    sp, ra, 9
core   0: 3 0x80005860 (0x0090d113) x 2 0x007ffffd
core   0: 0x80005864 (0xa3be5517) auipc   a0, 0xa3be5
core   0: 3 0x80005864 (0xa3be5517) x10 0x23bea864
core   0: 0x80005868 (0x007c3833) sltu    a6, s8, t2
core   0: 3 0x80005868 (0x007c3833) x16 0x00000000
core   0: 0x8000586c (0xb155e413) ori     s0, a1, -1259
core   0: 3 0x8000586c (0xb155e413) x 8 0xfffffb15
core   0: 0x80005870 (0x01782f33) slt     t5, a6, s7
core   0: 3 0x80005870 (0x01782f33) x30 0x00000000
core   0: 0x80005874 (0x47d60213) addi    tp, a2, 1149
core   0: 3 0x80005874 (0x47d60213) x 4 0xef026f6b
core   0: 0x80005878 (0x4063dd13) srai    s10, t2, 6
core   0: 3 0x80005878 (0x4063dd13) x26 0xfe122421
core   0: 0x8000587c (0x404886b3) sub     a3, a7, tp
core   0: 3 0x8000587c (0x404886b3) x13 0x10fd9096
core   0: 0x80005880 (0x01b40233) add     tp, s0, s11
core   0: 3 0x80005880 (0x01b40233) x 4 0x74209dc9
core   0: 0x80005884 (0x014979b3) and     s3, s2, s4
core   0: 3 0x80005884 (0x014979b3) x19 0x00000000
core   0: 0x80005888 (0x00931033) sll     zero, t1, s1
core   0: 3 0x80005888 (0x00931033)
core   0: 0x8000588c (0x41f58c33) sub     s8, a1, t6
core   0: 3 0x8000588c (0x41f58c33) x24 0xffffffff
core   0: 0x80005890 (0x40640d33) sub     s10, s0, t1
core   0: 3 0x80005890 (0x40640d33) x26 0xf5af6315
core   0: 0x80005894 (0x00000013) nop
core   0: 3 0x80005894 (0x00000013)
core   0: 0x80005898 (0x01d53c33) sltu    s8, a0, t4
core   0: 3 0x80005898 (0x01d53c33) x24 0x00000001
core   0: 0x8000589c (0x414656b3) sra     a3, a2, s4
core   0: 3 0x8000589c (0x414656b3) x13 0xfef026ae
core   0: 0x800058a0 (0x00e64433) xor     s0, a2, a4
core   0: 3 0x800058a0 (0x00e64433) x 8 0x6f03360a
core   0: 0x800058a4 (0x00000013) nop
core   0: 3 0x800058a4 (0x00000013)
core   0: 0x800058a8 (0x000bc4b3) xor     s1, s7, zero
core   0: 3 0x800058a8 (0x000bc4b3) x 9 0x00000000
core   0: 0x800058ac (0x00dfd333) srl     t1, t6, a3
core   0: 3 0x800058ac (0x00dfd333) x 6 0x00000000
core   0: 0x800058b0 (0x01d8a4b3) slt     s1, a7, t4
core   0: 3 0x800058b0 (0x01d8a4b3) x 9 0x00000000
core   0: 0x800058b4 (0x159eaf13) slti    t5, t4, 345
core   0: 3 0x800058b4 (0x159eaf13) x30 0x00000001
core   0: 0x800058b8 (0x00000013) nop
core   0: 3 0x800058b8 (0x00000013)
core   0: 0x800058bc (0x00a3ce33) xor     t3, t2, a0
core   0: 3 0x800058bc (0x00a3ce33) x28 0xa737a020
core   0: 0x800058c0 (0x38ec6597) auipc   a1, 0x38ec6
core   0: 3 0x800058c0 (0x38ec6597) x11 0xb8ecb8c0
core   0: 0x800058c4 (0x009bd5b3) srl     a1, s7, s1
core   0: 3 0x800058c4 (0x009bd5b3) x11 0x00000000
core   0: 0x800058c8 (0x0042ddb3) srl     s11, t0, tp
core   0: 3 0x800058c8 (0x0042ddb3) x27 0x00000000
core   0: 0x800058cc (0x475d2713) slti    a4, s10, 1141
core   0: 3 0x800058cc (0x475d2713) x14 0x00000001
core   0: 0x800058d0 (0x00000013) nop
core   0: 3 0x800058d0 (0x00000013)
core   0: 0x800058d4 (0x009674b3) and     s1, a2, s1
core   0: 3 0x800058d4 (0x009674b3) x 9 0x00000000
core   0: 0x800058d8 (0x40335733) sra     a4, t1, gp
core   0: 3 0x800058d8 (0x40335733) x14 0x00000000
core   0: 0x800058dc (0x01f75f13) srli    t5, a4, 31
core   0: 3 0x800058dc (0x01f75f13) x30 0x00000000
core   0: 0x800058e0 (0xf7080e13) addi    t3, a6, -144
core   0: 3 0x800058e0 (0xf7080e13) x28 0xffffff70
core   0: 0x800058e4 (0x43cdae37) lui     t3, 0x43cda
core   0: 3 0x800058e4 (0x43cdae37) x28 0x43cda000
core   0: 0x800058e8 (0x407351b3) sra     gp, t1, t2
core   0: 3 0x800058e8 (0x407351b3) x 3 0x00000000
core   0: 0x800058ec (0x00d738b3) sltu    a7, a4, a3
core   0: 3 0x800058ec (0x00d738b3) x17 0x00000001
core   0: 0x800058f0 (0x41ee5213) srai    tp, t3, 30
core   0: 3 0x800058f0 (0x41ee5213) x 4 0x00000001
core   0: 0x800058f4 (0x1e70e813) ori     a6, ra, 487
core   0: 3 0x800058f4 (0x1e70e813) x16 0xfffffbf7
core   0: 0x800058f8 (0x00edafb3) slt     t6, s11, a4
core   0: 3 0x800058f8 (0x00edafb3) x31 0x00000000
core   0: 0x800058fc (0x0443c293) xori    t0, t2, 68
core   0: 3 0x800058fc (0x0443c293) x 5 0x84890800
core   0: 0x80005900 (0x404ede93) srai    t4, t4, 4
core   0: 3 0x80005900 (0x404ede93) x29 0xf8ad117e
core   0: 0x80005904 (0x012b56b3) srl     a3, s6, s2
core   0: 3 0x80005904 (0x012b56b3) x13 0xe35bb844
core   0: 0x80005908 (0x46fb5497) auipc   s1, 0x46fb5
core   0: 3 0x80005908 (0x46fb5497) x 9 0xc6fba908
core   0: 0x8000590c (0x00e376b3) and     a3, t1, a4
core   0: 3 0x8000590c (0x00e376b3) x13 0x00000000
core   0: 0x80005910 (0x418482b3) sub     t0, s1, s8
core   0: 3 0x80005910 (0x418482b3) x 5 0xc6fba907
core   0: 0x80005914 (0x439498b7) lui     a7, 0x43949
core   0: 3 0x80005914 (0x439498b7) x17 0x43949000
core   0: 0x80005918 (0x01a89d93) slli    s11, a7, 26
core   0: 3 0x80005918 (0x01a89d93) x27 0x00000000
core   0: 0x8000591c (0x810ef213) andi    tp, t4, -2032
core   0: 3 0x8000591c (0x810ef213) x 4 0xf8ad1010
core   0: 0x80005920 (0x00772eb3) slt     t4, a4, t2
core   0: 3 0x80005920 (0x00772eb3) x29 0x00000000
core   0: 0x80005924 (0x018ba833) slt     a6, s7, s8
core   0: 3 0x80005924 (0x018ba833) x16 0x00000001
core   0: 0x80005928 (0x1064a197) auipc   gp, 0x1064a
core   0: 3 0x80005928 (0x1064a197) x 3 0x9064f928
core   0: 0x8000592c (0x009c3033) sltu    zero, s8, s1
core   0: 3 0x8000592c (0x009c3033)
core   0: 0x80005930 (0x00a398b3) sll     a7, t2, a0
core   0: 3 0x80005930 (0x00a398b3) x17 0x48908440
core   0: 0x80005934 (0xfc8dc597) auipc   a1, 0xfc8dc
core   0: 3 0x80005934 (0xfc8dc597) x11 0x7c8e1934
core   0: 0x80005938 (0x017d01b3) add     gp, s10, s7
core   0: 3 0x80005938 (0x017d01b3) x 3 0xf5af6315
core   0: 0x8000593c (0x01afce33) xor     t3, t6, s10
core   0: 3 0x8000593c (0x01afce33) x28 0xf5af6315
core   0: 0x80005940 (0x40ba50b3) sra     ra, s4, a1
core   0: 3 0x80005940 (0x40ba50b3) x 1 0xfffff800
core   0: 0x80005944 (0x406651b3) sra     gp, a2, t1
core   0: 3 0x80005944 (0x406651b3) x 3 0xef026aee
core   0: 0x80005948 (0x00a5de93) srli    t4, a1, 10
core   0: 3 0x80005948 (0x00a5de93) x29 0x001f2386
core   0: 0x8000594c (0x40555bb3) sra     s7, a0, t0
core   0: 3 0x8000594c (0x40555bb3) x23 0x00477d50
core   0: 0x80005950 (0x01b3a9b3) slt     s3, t2, s11
core   0: 3 0x80005950 (0x01b3a9b3) x19 0x00000001
core   0: 0x80005954 (0x41755013) srai    zero, a0, 23
core   0: 3 0x80005954 (0x41755013)
core   0: 0x80005958 (0x0193b7b3) sltu    a5, t2, s9
core   0: 3 0x80005958 (0x0193b7b3) x15 0x00000000
core   0: 0x8000595c (0xe0ec8093) addi    ra, s9, -498
core   0: 3 0x8000595c (0xe0ec8093) x 1 0x84890652
core   0: 0x80005960 (0x014139b3) sltu    s3, sp, s4
core   0: 3 0x80005960 (0x014139b3) x19 0x00000001
core   0: 0x80005964 (0x00192f33) slt     t5, s2, ra
core   0: 3 0x80005964 (0x00192f33) x30 0x00000000
core   0: 0x80005968 (0xb56b2113) slti    sp, s6, -1194
core   0: 3 0x80005968 (0xb56b2113) x 2 0x00000001
core   0: 0x8000596c (0x01416233) or      tp, sp, s4
core   0: 3 0x8000596c (0x01416233) x 4 0x80011e65
core   0: 0x80005970 (0x01602833) slt     a6, zero, s6
core   0: 3 0x80005970 (0x01602833) x16 0x00000000
core   0: 0x80005974 (0x01229d93) slli    s11, t0, 18
core   0: 3 0x80005974 (0x01229d93) x27 0xa41c0000
core   0: 0x80005978 (0x0edd2e13) slti    t3, s10, 237
core   0: 3 0x80005978 (0x0edd2e13) x28 0x00000001
core   0: 0x8000597c (0x5b327b13) andi    s6, tp, 1459
core   0: 3 0x8000597c (0x5b327b13) x22 0x00000421
core   0: 0x80005980 (0x8e6d8297) auipc   t0, 0x8e6d8
core   0: 3 0x80005980 (0x8e6d8297) x 5 0x0e6dd980
core   0: 0x80005984 (0x00175db3) srl     s11, a4, ra
core   0: 3 0x80005984 (0x00175db3) x27 0x00000000
core   0: 0x80005988 (0x7897a413) slti    s0, a5, 1929
core   0: 3 0x80005988 (0x7897a413) x 8 0x00000001
core   0: 0x8000598c (0x01f57bb3) and     s7, a0, t6
core   0: 3 0x8000598c (0x01f57bb3) x23 0x00000000
core   0: 0x80005990 (0x861cc9b7) lui     s3, 0x861cc
core   0: 3 0x80005990 (0x861cc9b7) x19 0x861cc000
core   0: 0x80005994 (0x8c88ab97) auipc   s7, 0x8c88a
core   0: 3 0x80005994 (0x8c88ab97) x23 0x0c88f994
core   0: 0x80005998 (0x01d51213) slli    tp, a0, 29
core   0: 3 0x80005998 (0x01d51213) x 4 0x80000000
core   0: 0x8000599c (0xfbfbae13) slti    t3, s7, -65
core   0: 3 0x8000599c (0xfbfbae13) x28 0x00000000
core   0: 0x800059a0 (0x81398bb7) lui     s7, 0x81398
core   0: 3 0x800059a0 (0x81398bb7) x23 0x81398000
core   0: 0x800059a4 (0x00c10e33) add     t3, sp, a2
core   0: 3 0x800059a4 (0x00c10e33) x28 0xef026aef
core   0: 0x800059a8 (0xc415ce13) xori    t3, a1, -959
core   0: 3 0x800059a8 (0xc415ce13) x28 0x8371e575
core   0: 0x800059ac (0x01954233) xor     tp, a0, s9
core   0: 3 0x800059ac (0x01954233) x 4 0xa737a020
core   0: 0x800059b0 (0x8fd44b17) auipc   s6, 0x8fd44
core   0: 3 0x800059b0 (0x8fd44b17) x22 0x0fd499b0
core   0: 0x800059b4 (0xdbc7ed93) ori     s11, a5, -580
core   0: 3 0x800059b4 (0xdbc7ed93) x27 0xfffffdbc
core   0: 0x800059b8 (0x4a8f4093) xori    ra, t5, 1192
core   0: 3 0x800059b8 (0x4a8f4093) x 1 0x000004a8
core   0: 0x800059bc (0x0050e2b3) or      t0, ra, t0
core   0: 3 0x800059bc (0x0050e2b3) x 5 0x0e6ddda8
core   0: 0x800059c0 (0x4004dc93) srai    s9, s1, 0
core   0: 3 0x800059c0 (0x4004dc93) x25 0xc6fba908
core   0: 0x800059c4 (0xda333f93) sltiu   t6, t1, -605
core   0: 3 0x800059c4 (0xda333f93) x31 0x00000001
core   0: 0x800059c8 (0x41a55313) srai    t1, a0, 26
core   0: 3 0x800059c8 (0x41a55313) x 6 0x00000008
core   0: 0x800059cc (0x00aa7fb3) and     t6, s4, a0
core   0: 3 0x800059cc (0x00aa7fb3) x31 0x00000864
core   0: 0x800059d0 (0x8da6b013) sltiu   zero, a3, -1830
core   0: 3 0x800059d0 (0x8da6b013)
core   0: 0x800059d4 (0x010b2e33) slt     t3, s6, a6
core   0: 3 0x800059d4 (0x010b2e33) x28 0x00000000
core   0: 0x800059d8 (0x0049b2b3) sltu    t0, s3, tp
core   0: 3 0x800059d8 (0x0049b2b3) x 5 0x00000001
core   0: 0x800059dc (0x01255493) srli    s1, a0, 18
core   0: 3 0x800059dc (0x01255493) x 9 0x000008ef
core   0: 0x800059e0 (0x7f96b913) sltiu   s2, a3, 2041
core   0: 3 0x800059e0 (0x7f96b913) x18 0x00000001
core   0: 0x800059e4 (0x76e7ad93) slti    s11, a5, 1902
core   0: 3 0x800059e4 (0x76e7ad93) x27 0x00000001
core   0: 0x800059e8 (0x41e4d433) sra     s0, s1, t5
core   0: 3 0x800059e8 (0x41e4d433) x 8 0x000008ef
core   0: 0x800059ec (0x1d37ab93) slti    s7, a5, 467
core   0: 3 0x800059ec (0x1d37ab93) x23 0x00000001
core   0: 0x800059f0 (0x014c9db3) sll     s11, s9, s4
core   0: 3 0x800059f0 (0x014c9db3) x27 0x6fba9080
core   0: 0x800059f4 (0xe00f6593) ori     a1, t5, -512
core   0: 3 0x800059f4 (0xe00f6593) x11 0xfffffe00
core   0: 0x800059f8 (0x225f7197) auipc   gp, 0x225f7
core   0: 3 0x800059f8 (0x225f7197) x 3 0xa25fc9f8
core   0: 0x800059fc (0x001f5fb3) srl     t6, t5, ra
core   0: 3 0x800059fc (0x001f5fb3) x31 0x00000000
core   0: 0x80005a00 (0x357b3893) sltiu   a7, s6, 855
core   0: 3 0x80005a00 (0x357b3893) x17 0x00000000
core   0: 0x80005a04 (0x8f52f413) andi    s0, t0, -1803
core   0: 3 0x80005a04 (0x8f52f413) x 8 0x00000001
core   0: 0x80005a08 (0x010aa7b3) slt     a5, s5, a6
core   0: 3 0x80005a08 (0x010aa7b3) x15 0x00000001
core   0: 0x80005a0c (0xb78c8113) addi    sp, s9, -1160
core   0: 3 0x80005a0c (0xb78c8113) x 2 0xc6fba480
core   0: 0x80005a10 (0x4008de33) sra     t3, a7, zero
core   0: 3 0x80005a10 (0x4008de33) x28 0x00000000
core   0: 0x80005a14 (0x005c9013) slli    zero, s9, 5
core   0: 3 0x80005a14 (0x005c9013)
core   0: 0x80005a18 (0x417e0bb3) sub     s7, t3, s7
core   0: 3 0x80005a18 (0x417e0bb3) x23 0xffffffff
core   0: 0x80005a1c (0x493fe893) ori     a7, t6, 1171
core   0: 3 0x80005a1c (0x493fe893) x17 0x00000493
core   0: 0x80005a20 (0x00caefb3) or      t6, s5, a2
core   0: 3 0x80005a20 (0x00caefb3) x31 0xef037eee
core   0: 0x80005a24 (0x0e62d737) lui     a4, 0xe62d
core   0: 3 0x80005a24 (0x0e62d737) x14 0x0e62d000
core   0: 0x80005a28 (0x013cd793) srli    a5, s9, 19
core   0: 3 0x80005a28 (0x013cd793) x15 0x000018df
core   0: 0x80005a2c (0x002255b3) srl     a1, tp, sp
core   0: 3 0x80005a2c (0x002255b3) x11 0xa737a020
core   0: 0x80005a30 (0x00d52f33) slt     t5, a0, a3
core   0: 3 0x80005a30 (0x00d52f33) x30 0x00000000
core   0: 0x80005a34 (0x22344893) xori    a7, s0, 547
core   0: 3 0x80005a34 (0x22344893) x17 0x00000222
core   0: 0x80005a38 (0x01dcd213) srli    tp, s9, 29
core   0: 3 0x80005a38 (0x01dcd213) x 4 0x00000006
core   0: 0x80005a3c (0x415ed033) sra     zero, t4, s5
core   0: 3 0x80005a3c (0x415ed033)
core   0: 0x80005a40 (0x98eb3713) sltiu   a4, s6, -1650
core   0: 3 0x80005a40 (0x98eb3713) x14 0x00000001
core   0: 0x80005a44 (0xbf1c3f13) sltiu   t5, s8, -1039
core   0: 3 0x80005a44 (0xbf1c3f13) x30 0x00000001
core   0: 0x80005a48 (0x012821b3) slt     gp, a6, s2
core   0: 3 0x80005a48 (0x012821b3) x 3 0x00000001
core   0: 0x80005a4c (0x00000013) nop
core   0: 3 0x80005a4c (0x00000013)
core   0: 0x80005a50 (0xe654e213) ori     tp, s1, -411
core   0: 3 0x80005a50 (0xe654e213) x 4 0xfffffeef
core   0: 0x80005a54 (0x0179c7b3) xor     a5, s3, s7
core   0: 3 0x80005a54 (0x0179c7b3) x15 0x79e33fff
core   0: 0x80005a58 (0x00ab6c33) or      s8, s6, a0
core   0: 3 0x80005a58 (0x00ab6c33) x24 0x2ffeb9f4
core   0: 0x80005a5c (0x12618693) addi    a3, gp, 294
core   0: 3 0x80005a5c (0x12618693) x13 0x00000127
core   0: 0x80005a60 (0x005ecb33) xor     s6, t4, t0
core   0: 3 0x80005a60 (0x005ecb33) x22 0x001f2387
core   0: 0x80005a64 (0xa9f26f97) auipc   t6, 0xa9f26
core   0: 3 0x80005a64 (0xa9f26f97) x31 0x29f2ba64
core   0: 0x80005a68 (0x0152e833) or      a6, t0, s5
core   0: 3 0x80005a68 (0x0152e833) x16 0x80015ce5
core   0: 0x80005a6c (0x46da6b93) ori     s7, s4, 1133
core   0: 3 0x80005a6c (0x46da6b93) x23 0x80011e6d
core   0: 0x80005a70 (0x41738b33) sub     s6, t2, s7
core   0: 3 0x80005a70 (0x41738b33) x22 0x0487e9d7
core   0: 0x80005a74 (0x5c354b93) xori    s7, a0, 1475
core   0: 3 0x80005a74 (0x5c354b93) x23 0x23beada7
core   0: 0x80005a78 (0x00997e33) and     t3, s2, s1
core   0: 3 0x80005a78 (0x00997e33) x28 0x00000001
core   0: 0x80005a7c (0x01cadbb3) srl     s7, s5, t3
core   0: 3 0x80005a7c (0x01cadbb3) x23 0x4000ae72
core   0: 0x80005a80 (0xddd4cb13) xori    s6, s1, -547
core   0: 3 0x80005a80 (0xddd4cb13) x22 0xfffff532
core   0: 0x80005a84 (0x07676c93) ori     s9, a4, 118
core   0: 3 0x80005a84 (0x07676c93) x25 0x00000077
core   0: 0x80005a88 (0x015ad213) srli    tp, s5, 21
core   0: 3 0x80005a88 (0x015ad213) x 4 0x00000400
core   0: 0x80005a8c (0x010352b3) srl     t0, t1, a6
core   0: 3 0x80005a8c (0x010352b3) x 5 0x00000000
core   0: 0x80005a90 (0x003b1013) slli    zero, s6, 3
core   0: 3 0x80005a90 (0x003b1013)
core   0: 0x80005a94 (0xf14a8d37) lui     s10, 0xf14a8
core   0: 3 0x80005a94 (0xf14a8d37) x26 0xf14a8000
core   0: 0x80005a98 (0xf6638c13) addi    s8, t2, -154
core   0: 3 0x80005a98 (0xf6638c13) x24 0x848907aa
core   0: 0x80005a9c (0x01019d13) slli    s10, gp, 16
core   0: 3 0x80005a9c (0x01019d13) x26 0x00010000
core   0: 0x80005aa0 (0x014b9e13) slli    t3, s7, 20
core   0: 3 0x80005aa0 (0x014b9e13) x28 0xe7200000
core   0: 0x80005aa4 (0x40790533) sub     a0, s2, t2
core   0: 3 0x80005aa4 (0x40790533) x10 0x7b76f7bd
core   0: 0x80005aa8 (0x01dfd1b3) srl     gp, t6, t4
core   0: 3 0x80005aa8 (0x01dfd1b3) x 3 0x00a7cae9
core   0: 0x80005aac (0x6bcc2e13) slti    t3, s8, 1724
core   0: 3 0x80005aac (0x6bcc2e13) x28 0x00000001
core   0: 0x80005ab0 (0x00365db3) srl     s11, a2, gp
core   0: 3 0x80005ab0 (0x00365db3) x27 0x00778135
core   0: 0x80005ab4 (0x011734b3) sltu    s1, a4, a7
core   0: 3 0x80005ab4 (0x011734b3) x 9 0x00000001
core   0: 0x80005ab8 (0x00d29eb3) sll     t4, t0, a3
core   0: 3 0x80005ab8 (0x00d29eb3) x29 0x00000000
core   0: 0x80005abc (0xb4780093) addi    ra, a6, -1209
core   0: 3 0x80005abc (0xb4780093) x 1 0x8001582c
core   0: 0x80005ac0 (0x004562b3) or      t0, a0, tp
core   0: 3 0x80005ac0 (0x004562b3) x 5 0x7b76f7bd
core   0: 0x80005ac4 (0x01579933) sll     s2, a5, s5
core   0: 3 0x80005ac4 (0x01579933) x18 0x9e33fff0
core   0: 0x80005ac8 (0x009d8833) add     a6, s11, s1
core   0: 3 0x80005ac8 (0x009d8833) x16 0x00778136
core   0: 0x80005acc (0x03850213) addi    tp, a0, 56
core   0: 3 0x80005acc (0x03850213) x 4 0x7b76f7f5
core   0: 0x80005ad0 (0x01967fb3) and     t6, a2, s9
core   0: 3 0x80005ad0 (0x01967fb3) x31 0x00000066
core   0: 0x80005ad4 (0x9a1384b7) lui     s1, 0x9a138
core   0: 3 0x80005ad4 (0x9a1384b7) x 9 0x9a138000
core   0: 0x80005ad8 (0x41cf5b33) sra     s6, t5, t3
core   0: 3 0x80005ad8 (0x41cf5b33) x22 0x00000000
core   0: 0x80005adc (0x3613f013) andi    zero, t2, 865
core   0: 3 0x80005adc (0x3613f013)
core   0: 0x80005ae0 (0xc7d6e713) ori     a4, a3, -899
core   0: 3 0x80005ae0 (0xc7d6e713) x14 0xfffffd7f
core   0: 0x80005ae4 (0x1fc4f593) andi    a1, s1, 508
core   0: 3 0x80005ae4 (0x1fc4f593) x11 0x00000000
core   0: 0x80005ae8 (0xe1f38b13) addi    s6, t2, -481
core   0: 3 0x80005ae8 (0xe1f38b13) x22 0x84890663
core   0: 0x80005aec (0x0089fd33) and     s10, s3, s0
core   0: 3 0x80005aec (0x0089fd33) x26 0x00000000
core   0: 0x80005af0 (0x89e8c297) auipc   t0, 0x89e8c
core   0: 3 0x80005af0 (0x89e8c297) x 5 0x09e91af0
core   0: 0x80005af4 (0x01fbaeb3) slt     t4, s7, t6
core   0: 3 0x80005af4 (0x01fbaeb3) x29 0x00000000
core   0: 0x80005af8 (0xa09b7893) andi    a7, s6, -1527
core   0: 3 0x80005af8 (0xa09b7893) x17 0x84890201
core   0: 0x80005afc (0xd1130113) addi    sp, t1, -751
core   0: 3 0x80005afc (0xd1130113) x 2 0xfffffd19
core   0: 0x80005b00 (0x406bd333) sra     t1, s7, t1
core   0: 3 0x80005b00 (0x406bd333) x 6 0x004000ae
core   0: 0x80005b04 (0x5591c293) xori    t0, gp, 1369
core   0: 3 0x80005b04 (0x5591c293) x 5 0x00a7cfb0
core   0: 0x80005b08 (0x01a19893) slli    a7, gp, 26
core   0: 3 0x80005b08 (0x01a19893) x17 0xa4000000
core   0: 0x80005b0c (0x01125713) srli    a4, tp, 17
core   0: 3 0x80005b0c (0x01125713) x14 0x00003dbb
core   0: 0x80005b10 (0xc54c7d93) andi    s11, s8, -940
core   0: 3 0x80005b10 (0xc54c7d93) x27 0x84890400
core   0: 0x80005b14 (0x498d6793) ori     a5, s10, 1176
core   0: 3 0x80005b14 (0x498d6793) x15 0x00000498
core   0: 0x80005b18 (0x004f5233) srl     tp, t5, tp
core   0: 3 0x80005b18 (0x004f5233) x 4 0x00000000
core   0: 0x80005b1c (0x40f1d0b3) sra     ra, gp, a5
core   0: 3 0x80005b1c (0x40f1d0b3) x 1 0x00000000
core   0: 0x80005b20 (0xd2e2d597) auipc   a1, 0xd2e2d
core   0: 3 0x80005b20 (0xd2e2d597) x11 0x52e32b20
core   0: 0x80005b24 (0x2a372093) slti    ra, a4, 675
core   0: 3 0x80005b24 (0x2a372093) x 1 0x00000000
core   0: 0x80005b28 (0x0044dd13) srli    s10, s1, 4
core   0: 3 0x80005b28 (0x0044dd13) x26 0x09a13800
core   0: 0x80005b2c (0xccbf8293) addi    t0, t6, -821
core   0: 3 0x80005b2c (0xccbf8293) x 5 0xfffffd31
core   0: 0x80005b30 (0xa250af17) auipc   t5, 0xa250a
core   0: 3 0x80005b30 (0xa250af17) x30 0x2250fb30
core   0: 0x80005b34 (0x11a62513) slti    a0, a2, 282
core   0: 3 0x80005b34 (0x11a62513) x10 0x00000001
core   0: 0x80005b38 (0x01f1b833) sltu    a6, gp, t6
core   0: 3 0x80005b38 (0x01f1b833) x16 0x00000000
core   0: 0x80005b3c (0x0176a433) slt     s0, a3, s7
core   0: 3 0x80005b3c (0x0176a433) x 8 0x00000001
core   0: 0x80005b40 (0x00622fb3) slt     t6, tp, t1
core   0: 3 0x80005b40 (0x00622fb3) x31 0x00000001
core   0: 0x80005b44 (0x00c81eb3) sll     t4, a6, a2
core   0: 3 0x80005b44 (0x00c81eb3) x29 0x00000000
core   0: 0x80005b48 (0x8a74fb13) andi    s6, s1, -1881
core   0: 3 0x80005b48 (0x8a74fb13) x22 0x9a138000
core   0: 0x80005b4c (0x1c1a7417) auipc   s0, 0x1c1a7
core   0: 3 0x80005b4c (0x1c1a7417) x 8 0x9c1acb4c
core   0: 0x80005b50 (0x4017d2b3) sra     t0, a5, ra
core   0: 3 0x80005b50 (0x4017d2b3) x 5 0x00000498
core   0: 0x80005b54 (0x43a16b37) lui     s6, 0x43a16
core   0: 3 0x80005b54 (0x43a16b37) x22 0x43a16000
core   0: 0x80005b58 (0x007928b3) slt     a7, s2, t2
core   0: 3 0x80005b58 (0x007928b3) x17 0x00000000
core   0: 0x80005b5c (0x017f8bb3) add     s7, t6, s7
core   0: 3 0x80005b5c (0x017f8bb3) x23 0x4000ae73
core   0: 0x80005b60 (0x001b0933) add     s2, s6, ra
core   0: 3 0x80005b60 (0x001b0933) x18 0x43a16000
core   0: 0x80005b64 (0x0014c7b3) xor     a5, s1, ra
core   0: 3 0x80005b64 (0x0014c7b3) x15 0x9a138000
core   0: 0x80005b68 (0x0160e233) or      tp, ra, s6
core   0: 3 0x80005b68 (0x0160e233) x 4 0x43a16000
core   0: 0x80005b6c (0x6f6ee713) ori     a4, t4, 1782
core   0: 3 0x80005b6c (0x6f6ee713) x14 0x000006f6
core   0: 0x80005b70 (0x006bde13) srli    t3, s7, 6
core   0: 3 0x80005b70 (0x006bde13) x28 0x010002b9
core   0: 0x80005b74 (0x00a73333) sltu    t1, a4, a0
core   0: 3 0x80005b74 (0x00a73333) x 6 0x00000000
core   0: 0x80005b78 (0x407e5933) sra     s2, t3, t2
core   0: 3 0x80005b78 (0x407e5933) x18 0x0010002b
core   0: 0x80005b7c (0x40145313) srai    t1, s0, 1
core   0: 3 0x80005b7c (0x40145313) x 6 0xce0d65a6
core   0: 0x80005b80 (0x01145c13) srli    s8, s0, 17
core   0: 3 0x80005b80 (0x01145c13) x24 0x00004e0d
core   0: 0x80005b84 (0x006d1e33) sll     t3, s10, t1
core   0: 3 0x80005b84 (0x006d1e33) x28 0x684e0000
core   0: 0x80005b88 (0x01016033) or      zero, sp, a6
core   0: 3 0x80005b88 (0x01016033)
core   0: 0x80005b8c (0x00000013) nop
core   0: 3 0x80005b8c (0x00000013)
core   0: 0x80005b90 (0x01b408b3) add     a7, s0, s11
core   0: 3 0x80005b90 (0x01b408b3) x17 0x20a3cf4c
core   0: 0x80005b94 (0x00a83933) sltu    s2, a6, a0
core   0: 3 0x80005b94 (0x00a83933) x18 0x00000001
core   0: 0x80005b98 (0x67183893) sltiu   a7, a6, 1649
core   0: 3 0x80005b98 (0x67183893) x17 0x00000001
core   0: 0x80005b9c (0x00e4c2b3) xor     t0, s1, a4
core   0: 3 0x80005b9c (0x00e4c2b3) x 5 0x9a1386f6
core   0: 0x80005ba0 (0xb3c24713) xori    a4, tp, -1220
core   0: 3 0x80005ba0 (0xb3c24713) x14 0xbc5e9b3c
core   0: 0x80005ba4 (0x01f432b3) sltu    t0, s0, t6
core   0: 3 0x80005ba4 (0x01f432b3) x 5 0x00000000
core   0: 0x80005ba8 (0x40b90d33) sub     s10, s2, a1
core   0: 3 0x80005ba8 (0x40b90d33) x26 0xad1cd4e1
core   0: 0x80005bac (0xc4773193) sltiu   gp, a4, -953
core   0: 3 0x80005bac (0xc4773193) x 3 0x00000001
core   0: 0x80005bb0 (0x0dadb317) auipc   t1, 0xdadb
core   0: 3 0x80005bb0 (0x0dadb317) x 6 0x8dae0bb0
core   0: 0x80005bb4 (0x011e5793) srli    a5, t3, 17
core   0: 3 0x80005bb4 (0x011e5793) x15 0x00003427
core   0: 0x80005bb8 (0xa0e46113) ori     sp, s0, -1522
core   0: 3 0x80005bb8 (0xa0e46113) x 2 0xfffffb4e
core   0: 0x80005bbc (0x057a8793) addi    a5, s5, 87
core   0: 3 0x80005bbc (0x057a8793) x15 0x80015d3b
core   0: 0x80005bc0 (0x0132c233) xor     tp, t0, s3
core   0: 3 0x80005bc0 (0x0132c233) x 4 0x861cc000
core   0: 0x80005bc4 (0x8a3ac297) auipc   t0, 0x8a3ac
core   0: 3 0x80005bc4 (0x8a3ac297) x 5 0x0a3b1bc4
core   0: 0x80005bc8 (0x012cbb33) sltu    s6, s9, s2
core   0: 3 0x80005bc8 (0x012cbb33) x22 0x00000000
core   0: 0x80005bcc (0x013192b3) sll     t0, gp, s3
core   0: 3 0x80005bcc (0x013192b3) x 5 0x00000001
core   0: 0x80005bd0 (0x5a7c0e13) addi    t3, s8, 1447
core   0: 3 0x80005bd0 (0x5a7c0e13) x28 0x000053b4
core   0: 0x80005bd4 (0x6b87fb93) andi    s7, a5, 1720
core   0: 3 0x80005bd4 (0x6b87fb93) x23 0x00000438
core   0: 0x80005bd8 (0x002a76b3) and     a3, s4, sp
core   0: 3 0x80005bd8 (0x002a76b3) x13 0x80011a44
core   0: 0x80005bdc (0x1b628313) addi    t1, t0, 438
core   0: 3 0x80005bdc (0x1b628313) x 6 0x000001b7
core   0: 0x80005be0 (0xd79dc213) xori    tp, s11, -647
core   0: 3 0x80005be0 (0xd79dc213) x 4 0x7b76f979
core   0: 0x80005be4 (0x01ad52b3) srl     t0, s10, s10
core   0: 3 0x80005be4 (0x01ad52b3) x 5 0x568e6a70
core   0: 0x80005be8 (0x01a083b3) add     t2, ra, s10
core   0: 3 0x80005be8 (0x01a083b3) x 7 0xad1cd4e1
core   0: 0x80005bec (0x00bccfb3) xor     t6, s9, a1
core   0: 3 0x80005bec (0x00bccfb3) x31 0x52e32b57
core   0: 0x80005bf0 (0x01612533) slt     a0, sp, s6
core   0: 3 0x80005bf0 (0x01612533) x10 0x00000001
core   0: 0x80005bf4 (0x68193093) sltiu   ra, s2, 1665
core   0: 3 0x80005bf4 (0x68193093) x 1 0x00000001
core   0: 0x80005bf8 (0x017b9913) slli    s2, s7, 23
core   0: 3 0x80005bf8 (0x017b9913) x18 0x1c000000
core   0: 0x80005bfc (0x00000013) nop
core   0: 3 0x80005bfc (0x00000013)
core   0: 0x80005c00 (0x007a5793) srli    a5, s4, 7
core   0: 3 0x80005c00 (0x007a5793) x15 0x0100023c
core   0: 0x80005c04 (0x009f8733) add     a4, t6, s1
core   0: 3 0x80005c04 (0x009f8733) x14 0xecf6ab57
core   0: 0x80005c08 (0x010a8fb3) add     t6, s5, a6
core   0: 3 0x80005c08 (0x010a8fb3) x31 0x80015ce4
core   0: 0x80005c0c (0x4008d413) srai    s0, a7, 0
core   0: 3 0x80005c0c (0x4008d413) x 8 0x00000001
core   0: 0x80005c10 (0x00b495b3) sll     a1, s1, a1
core   0: 3 0x80005c10 (0x00b495b3) x11 0x9a138000
core   0: 0x80005c14 (0x0013bf33) sltu    t5, t2, ra
core   0: 3 0x80005c14 (0x0013bf33) x30 0x00000000
core   0: 0x80005c18 (0xce7a2c93) slti    s9, s4, -793
core   0: 3 0x80005c18 (0xce7a2c93) x25 0x00000001
core   0: 0x80005c1c (0xdd20ab93) slti    s7, ra, -558
core   0: 3 0x80005c1c (0xdd20ab93) x23 0x00000000
core   0: 0x80005c20 (0x41cb5133) sra     sp, s6, t3
core   0: 3 0x80005c20 (0x41cb5133) x 2 0x00000000
core   0: 0x80005c24 (0x40355e33) sra     t3, a0, gp
core   0: 3 0x80005c24 (0x40355e33) x28 0x00000000
core   0: 0x80005c28 (0x00209b93) slli    s7, ra, 2
core   0: 3 0x80005c28 (0x00209b93) x23 0x00000004
core   0: 0x80005c2c (0x00bdbb33) sltu    s6, s11, a1
core   0: 3 0x80005c2c (0x00bdbb33) x22 0x00000001
core   0: 0x80005c30 (0x41e5de93) srai    t4, a1, 30
core   0: 3 0x80005c30 (0x41e5de93) x29 0xfffffffe
core   0: 0x80005c34 (0x00b54933) xor     s2, a0, a1
core   0: 3 0x80005c34 (0x00b54933) x18 0x9a138001
core   0: 0x80005c38 (0x0100d1b3) srl     gp, ra, a6
core   0: 3 0x80005c38 (0x0100d1b3) x 3 0x00000001
core   0: 0x80005c3c (0x1ca4ae13) slti    t3, s1, 458
core   0: 3 0x80005c3c (0x1ca4ae13) x28 0x00000001
core   0: 0x80005c40 (0x43f14e13) xori    t3, sp, 1087
core   0: 3 0x80005c40 (0x43f14e13) x28 0x0000043f
core   0: 0x80005c44 (0x01e7ecb3) or      s9, a5, t5
core   0: 3 0x80005c44 (0x01e7ecb3) x25 0x0100023c
core   0: 0x80005c48 (0x00f2bd33) sltu    s10, t0, a5
core   0: 3 0x80005c48 (0x00f2bd33) x26 0x00000000
core   0: 0x80005c4c (0xcd85c013) xori    zero, a1, -808
core   0: 3 0x80005c4c (0xcd85c013)
core   0: 0x80005c50 (0xb81a2713) slti    a4, s4, -1151
core   0: 3 0x80005c50 (0xb81a2713) x14 0x00000001
core   0: 0x80005c54 (0x00d29713) slli    a4, t0, 13
core   0: 3 0x80005c54 (0x00d29713) x14 0xcd4e0000
core   0: 0x80005c58 (0x012d16b3) sll     a3, s10, s2
core   0: 3 0x80005c58 (0x012d16b3) x13 0x00000000
core   0: 0x80005c5c (0x00ea0233) add     tp, s4, a4
core   0: 3 0x80005c5c (0x00ea0233) x 4 0x4d4f1e64
core   0: 0x80005c60 (0x4113d913) srai    s2, t2, 17
core   0: 3 0x80005c60 (0x4113d913) x18 0xffffd68e
core   0: 0x80005c64 (0x005bef33) or      t5, s7, t0
core   0: 3 0x80005c64 (0x005bef33) x30 0x568e6a74
core   0: 0x80005c68 (0x00000013) nop
core   0: 3 0x80005c68 (0x00000013)
core   0: 0x80005c6c (0x00141d93) slli    s11, s0, 1
core   0: 3 0x80005c6c (0x00141d93) x27 0x00000002
core   0: 0x80005c70 (0x01caa8b3) slt     a7, s5, t3
core   0: 3 0x80005c70 (0x01caa8b3) x17 0x00000001
core   0: 0x80005c74 (0x00032bb3) slt     s7, t1, zero
core   0: 3 0x80005c74 (0x00032bb3) x23 0x00000000
core   0: 0x80005c78 (0x426afd17) auipc   s10, 0x426af
core   0: 3 0x80005c78 (0x426afd17) x26 0xc26b4c78
core   0: 0x80005c7c (0x41765bb3) sra     s7, a2, s7
core   0: 3 0x80005c7c (0x41765bb3) x23 0xef026aee
core   0: 0x80005c80 (0x00000013) nop
core   0: 3 0x80005c80 (0x00000013)
core   0: 0x80005c84 (0x0018cf33) xor     t5, a7, ra
core   0: 3 0x80005c84 (0x0018cf33) x30 0x00000000
core   0: 0x80005c88 (0x408184b3) sub     s1, gp, s0
core   0: 3 0x80005c88 (0x408184b3) x 9 0x00000000
core   0: 0x80005c8c (0x40e3d7b3) sra     a5, t2, a4
core   0: 3 0x80005c8c (0x40e3d7b3) x15 0xad1cd4e1
core   0: 0x80005c90 (0xcbdf3393) sltiu   t2, t5, -835
core   0: 3 0x80005c90 (0xcbdf3393) x 7 0x00000001
core   0: 0x80005c94 (0x01d8cfb3) xor     t6, a7, t4
core   0: 3 0x80005c94 (0x01d8cfb3) x31 0xffffffff
core   0: 0x80005c98 (0x003fb4b3) sltu    s1, t6, gp
core   0: 3 0x80005c98 (0x003fb4b3) x 9 0x00000000
core   0: 0x80005c9c (0x40af81b3) sub     gp, t6, a0
core   0: 3 0x80005c9c (0x40af81b3) x 3 0xfffffffe
core   0: 0x80005ca0 (0x21ff8413) addi    s0, t6, 543
core   0: 3 0x80005ca0 (0x21ff8413) x 8 0x0000021e
core   0: 0x80005ca4 (0x2872a813) slti    a6, t0, 647
core   0: 3 0x80005ca4 (0x2872a813) x16 0x00000000
core   0: 0x80005ca8 (0x011cbf33) sltu    t5, s9, a7
core   0: 3 0x80005ca8 (0x011cbf33) x30 0x00000000
core   0: 0x80005cac (0xee736b13) ori     s6, t1, -281
core   0: 3 0x80005cac (0xee736b13) x22 0xfffffff7
core   0: 0x80005cb0 (0x00a50fb3) add     t6, a0, a0
core   0: 3 0x80005cb0 (0x00a50fb3) x31 0x00000002
core   0: 0x80005cb4 (0x00176733) or      a4, a4, ra
core   0: 3 0x80005cb4 (0x00176733) x14 0xcd4e0001
core   0: 0x80005cb8 (0xb35dae13) slti    t3, s11, -1227
core   0: 3 0x80005cb8 (0xb35dae13) x28 0x00000000
core   0: 0x80005cbc (0x01ddd333) srl     t1, s11, t4
core   0: 3 0x80005cbc (0x01ddd333) x 6 0x00000000
core   0: 0x80005cc0 (0x01afd113) srli    sp, t6, 26
core   0: 3 0x80005cc0 (0x01afd113) x 2 0x00000000
core   0: 0x80005cc4 (0x00000013) nop
core   0: 3 0x80005cc4 (0x00000013)
core   0: 0x80005cc8 (0x14240c13) addi    s8, s0, 322
core   0: 3 0x80005cc8 (0x14240c13) x24 0x00000360
core   0: 0x80005ccc (0x99e32437) lui     s0, 0x99e32
core   0: 3 0x80005ccc (0x99e32437) x 8 0x99e32000
core   0: 0x80005cd0 (0x72d14913) xori    s2, sp, 1837
core   0: 3 0x80005cd0 (0x72d14913) x18 0x0000072d
core   0: 0x80005cd4 (0x419505b3) sub     a1, a0, s9
core   0: 3 0x80005cd4 (0x419505b3) x11 0xfefffdc5
core   0: 0x80005cd8 (0x01899793) slli    a5, s3, 24
core   0: 3 0x80005cd8 (0x01899793) x15 0x00000000
core   0: 0x80005cdc (0x00000013) nop
core   0: 3 0x80005cdc (0x00000013)
core   0: 0x80005ce0 (0x51777813) andi    a6, a4, 1303
core   0: 3 0x80005ce0 (0x51777813) x16 0x00000001
core   0: 0x80005ce4 (0xd31a7593) andi    a1, s4, -719
core   0: 3 0x80005ce4 (0xd31a7593) x11 0x80011c20
core   0: 0x80005ce8 (0x01f43f33) sltu    t5, s0, t6
core   0: 3 0x80005ce8 (0x01f43f33) x30 0x00000000
core   0: 0x80005cec (0x415bdb93) srai    s7, s7, 21
core   0: 3 0x80005cec (0x415bdb93) x23 0xffffff78
core   0: 0x80005cf0 (0x01aa5f93) srli    t6, s4, 26
core   0: 3 0x80005cf0 (0x01aa5f93) x31 0x00000020
core   0: 0x80005cf4 (0x00000013) nop
core   0: 3 0x80005cf4 (0x00000013)
core   0: 0x80005cf8 (0x00d70933) add     s2, a4, a3
core   0: 3 0x80005cf8 (0x00d70933) x18 0xcd4e0001
core   0: 0x80005cfc (0x0172ebb3) or      s7, t0, s7
core   0: 3 0x80005cfc (0x0172ebb3) x23 0xffffff78
core   0: 0x80005d00 (0x00237c33) and     s8, t1, sp
core   0: 3 0x80005d00 (0x00237c33) x24 0x00000000
core   0: 0x80005d04 (0x77cc4b93) xori    s7, s8, 1916
core   0: 3 0x80005d04 (0x77cc4b93) x23 0x0000077c
core   0: 0x80005d08 (0x189fe813) ori     a6, t6, 393
core   0: 3 0x80005d08 (0x189fe813) x16 0x000001a9
core   0: 0x80005d0c (0xd80b0893) addi    a7, s6, -640
core   0: 3 0x80005d0c (0xd80b0893) x17 0xfffffd77
core   0: 0x80005d10 (0x416adf13) srai    t5, s5, 22
core   0: 3 0x80005d10 (0x416adf13) x30 0xfffffe00
core   0: 0x80005d14 (0xf3c92513) slti    a0, s2, -196
core   0: 3 0x80005d14 (0xf3c92513) x10 0x00000001
core   0: 0x80005d18 (0x01a9efb3) or      t6, s3, s10
core   0: 3 0x80005d18 (0x01a9efb3) x31 0xc67fcc78
core   0: 0x80005d1c (0xc9ba0193) addi    gp, s4, -869
core   0: 3 0x80005d1c (0xc9ba0193) x 3 0x80011aff
core   0: 0x80005d20 (0x005260b3) or      ra, tp, t0
core   0: 3 0x80005d20 (0x005260b3) x 1 0x5fcf7e74
core   0: 0x80005d24 (0x0101f133) and     sp, gp, a6
core   0: 3 0x80005d24 (0x0101f133) x 2 0x000000a9
core   0: 0x80005d28 (0x003d82b3) add     t0, s11, gp
core   0: 3 0x80005d28 (0x003d82b3) x 5 0x80011b01
core   0: 0x80005d2c (0x18e8b3b7) lui     t2, 0x18e8b
core   0: 3 0x80005d2c (0x18e8b3b7) x 7 0x18e8b000
core   0: 0x80005d30 (0xd5adb993) sltiu   s3, s11, -678
core   0: 3 0x80005d30 (0xd5adb993) x19 0x00000001
core   0: 0x80005d34 (0xefbc8313) addi    t1, s9, -261
core   0: 3 0x80005d34 (0xefbc8313) x 6 0x01000137
core   0: 0x80005d38 (0xd553fe13) andi    t3, t2, -683
core   0: 3 0x80005d38 (0xd553fe13) x28 0x18e8b000
core   0: 0x80005d3c (0xe810a913) slti    s2, ra, -383
core   0: 3 0x80005d3c (0xe810a913) x18 0x00000000
core   0: 0x80005d40 (0xab693193) sltiu   gp, s2, -1354
core   0: 3 0x80005d40 (0xab693193) x 3 0x00000001
core   0: 0x80005d44 (0x00b19b33) sll     s6, gp, a1
core   0: 3 0x80005d44 (0x00b19b33) x22 0x00000001
core   0: 0x80005d48 (0x668f1e17) auipc   t3, 0x668f1
core   0: 3 0x80005d48 (0x668f1e17) x28 0xe68f6d48
core   0: 0x80005d4c (0xb75c3b13) sltiu   s6, s8, -1163
core   0: 3 0x80005d4c (0xb75c3b13) x22 0x00000001
core   0: 0x80005d50 (0x013c9d93) slli    s11, s9, 19
core   0: 3 0x80005d50 (0x013c9d93) x27 0x11e00000
core   0: 0x80005d54 (0x00546f33) or      t5, s0, t0
core   0: 3 0x80005d54 (0x00546f33) x30 0x99e33b01
core   0: 0x80005d58 (0x00c4e433) or      s0, s1, a2
core   0: 3 0x80005d58 (0x00c4e433) x 8 0xef026aee
core   0: 0x80005d5c (0x01dc9113) slli    sp, s9, 29
core   0: 3 0x80005d5c (0x01dc9113) x 2 0x80000000
core   0: 0x80005d60 (0x417d85b3) sub     a1, s11, s7
core   0: 3 0x80005d60 (0x417d85b3) x11 0x11dff884
core   0: 0x80005d64 (0x01d35d93) srli    s11, t1, 29
core   0: 3 0x80005d64 (0x01d35d93) x27 0x00000000
core   0: 0x80005d68 (0x018502b3) add     t0, a0, s8
core   0: 3 0x80005d68 (0x018502b3) x 5 0x00000001
core   0: 0x80005d6c (0x0019f333) and     t1, s3, ra
core   0: 3 0x80005d6c (0x0019f333) x 6 0x00000000
core   0: 0x80005d70 (0x01509193) slli    gp, ra, 21
core   0: 3 0x80005d70 (0x01509193) x 3 0xce800000
core   0: 0x80005d74 (0x01f9b7b3) sltu    a5, s3, t6
core   0: 3 0x80005d74 (0x01f9b7b3) x15 0x00000001
core   0: 0x80005d78 (0x018de733) or      a4, s11, s8
core   0: 3 0x80005d78 (0x018de733) x14 0x00000000
core   0: 0x80005d7c (0x40f9db93) srai    s7, s3, 15
core   0: 3 0x80005d7c (0x40f9db93) x23 0x00000000
core   0: 0x80005d80 (0xc9218013) addi    zero, gp, -878
core   0: 3 0x80005d80 (0xc9218013)
core   0: 0x80005d84 (0x0153a9b3) slt     s3, t2, s5
core   0: 3 0x80005d84 (0x0153a9b3) x19 0x00000000
core   0: 0x80005d88 (0x00496033) or      zero, s2, tp
core   0: 3 0x80005d88 (0x00496033)
core   0: 0x80005d8c (0x0041f8b3) and     a7, gp, tp
core   0: 3 0x80005d8c (0x0041f8b3) x17 0x4c000000
core   0: 0x80005d90 (0x53f86313) ori     t1, a6, 1343
core   0: 3 0x80005d90 (0x53f86313) x 6 0x000005bf
core   0: 0x80005d94 (0x00000013) nop
core   0: 3 0x80005d94 (0x00000013)
core   0: 0x80005d98 (0x01df39b3) sltu    s3, t5, t4
core   0: 3 0x80005d98 (0x01df39b3) x19 0x00000001
core   0: 0x80005d9c (0x0185c733) xor     a4, a1, s8
core   0: 3 0x80005d9c (0x0185c733) x14 0x11dff884
core   0: 0x80005da0 (0x7942ee93) ori     t4, t0, 1940
core   0: 3 0x80005da0 (0x7942ee93) x29 0x00000795
core   0: 0x80005da4 (0x5e963993) sltiu   s3, a2, 1513
core   0: 3 0x80005da4 (0x5e963993) x19 0x00000000
core   0: 0x80005da8 (0x4107d713) srai    a4, a5, 16
core   0: 3 0x80005da8 (0x4107d713) x14 0x00000000
core   0: 0x80005dac (0x00827f33) and     t5, tp, s0
core   0: 3 0x80005dac (0x00827f33) x30 0x4d020a64
core   0: 0x80005db0 (0x01b32bb3) slt     s7, t1, s11
core   0: 3 0x80005db0 (0x01b32bb3) x23 0x00000000
core   0: 0x80005db4 (0x01f36db3) or      s11, t1, t6
core   0: 3 0x80005db4 (0x01f36db3) x27 0xc67fcdff
core   0: 0x80005db8 (0x82e26213) ori     tp, tp, -2002
core   0: 3 0x80005db8 (0x82e26213) x 4 0xfffffe6e
core   0: 0x80005dbc (0x00441d93) slli    s11, s0, 4
core   0: 3 0x80005dbc (0x00441d93) x27 0xf026aee0
core   0: 0x80005dc0 (0x01c4e1b3) or      gp, s1, t3
core   0: 3 0x80005dc0 (0x01c4e1b3) x 3 0xe68f6d48
core   0: 0x80005dc4 (0x00000013) nop
core   0: 3 0x80005dc4 (0x00000013)
core   0: 0x80005dc8 (0x01bc9813) slli    a6, s9, 27
core   0: 3 0x80005dc8 (0x01bc9813) x16 0xe0000000
core   0: 0x80005dcc (0xa799b693) sltiu   a3, s3, -1415
core   0: 3 0x80005dcc (0xa799b693) x13 0x00000001
core   0: 0x80005dd0 (0x000d35b3) sltu    a1, s10, zero
core   0: 3 0x80005dd0 (0x000d35b3) x11 0x00000000
core   0: 0x80005dd4 (0x019adc93) srli    s9, s5, 25
core   0: 3 0x80005dd4 (0x019adc93) x25 0x00000040
core   0: 0x80005dd8 (0x01ebd733) srl     a4, s7, t5
core   0: 3 0x80005dd8 (0x01ebd733) x14 0x00000000
core   0: 0x80005ddc (0x010f55b3) srl     a1, t5, a6
core   0: 3 0x80005ddc (0x010f55b3) x11 0x4d020a64
core   0: 0x80005de0 (0x40e805b3) sub     a1, a6, a4
core   0: 3 0x80005de0 (0x40e805b3) x11 0xe0000000
core   0: 0x80005de4 (0xeb13b913) sltiu   s2, t2, -335
core   0: 3 0x80005de4 (0xeb13b913) x18 0x00000001
core   0: 0x80005de8 (0x6d3d6b97) auipc   s7, 0x6d3d6
core   0: 3 0x80005de8 (0x6d3d6b97) x23 0xed3dbde8
core   0: 0x80005dec (0x7f858593) addi    a1, a1, 2040
core   0: 3 0x80005dec (0x7f858593) x11 0xe00007f8
core   0: 0x80005df0 (0xc0c8c493) xori    s1, a7, -1012
core   0: 3 0x80005df0 (0xc0c8c493) x 9 0xb3fffc0c
core   0: 0x80005df4 (0x01a66933) or      s2, a2, s10
core   0: 3 0x80005df4 (0x01a66933) x18 0xef6b6efe
core   0: 0x80005df8 (0x00000013) nop
core   0: 3 0x80005df8 (0x00000013)
core   0: 0x80005dfc (0x00a49593) slli    a1, s1, 10
core   0: 3 0x80005dfc (0x00a49593) x11 0xfff03000
core   0: 0x80005e00 (0xcac93193) sltiu   gp, s2, -852
core   0: 3 0x80005e00 (0xcac93193) x 3 0x00000001
core   0: 0x80005e04 (0x00ef3033) sltu    zero, t5, a4
core   0: 3 0x80005e04 (0x00ef3033)
core   0: 0x80005e08 (0x0142b133) sltu    sp, t0, s4
core   0: 3 0x80005e08 (0x0142b133) x 2 0x00000001
core   0: 0x80005e0c (0x2bcf7593) andi    a1, t5, 700
core   0: 3 0x80005e0c (0x2bcf7593) x11 0x00000224
core   0: 0x80005e10 (0x9246cd93) xori    s11, a3, -1756
core   0: 3 0x80005e10 (0x9246cd93) x27 0xfffff925
core   0: 0x80005e14 (0xec4cc293) xori    t0, s9, -316
core   0: 3 0x80005e14 (0xec4cc293) x 5 0xfffffe84
core   0: 0x80005e18 (0x00185f93) srli    t6, a6, 1
core   0: 3 0x80005e18 (0x00185f93) x31 0x70000000
core   0: 0x80005e1c (0xadfbee13) ori     t3, s7, -1313
core   0: 3 0x80005e1c (0xadfbee13) x28 0xffffffff
core   0: 0x80005e20 (0x0075a1b3) slt     gp, a1, t2
core   0: 3 0x80005e20 (0x0075a1b3) x 3 0x00000001
core   0: 0x80005e24 (0x45e37b93) andi    s7, t1, 1118
core   0: 3 0x80005e24 (0x45e37b93) x23 0x0000041e
core   0: 0x80005e28 (0x423ec693) xori    a3, t4, 1059
core   0: 3 0x80005e28 (0x423ec693) x13 0x000003b6
core   0: 0x80005e2c (0x01c68833) add     a6, a3, t3
core   0: 3 0x80005e2c (0x01c68833) x16 0x000003b5
core   0: 0x80005e30 (0xa4beb193) sltiu   gp, t4, -1461
core   0: 3 0x80005e30 (0xa4beb193) x 3 0x00000001
core   0: 0x80005e34 (0x000d9e13) slli    t3, s11, 0
core   0: 3 0x80005e34 (0x000d9e13) x28 0xfffff925
core   0: 0x80005e38 (0x3cabb093) sltiu   ra, s7, 970
core   0: 3 0x80005e38 (0x3cabb093) x 1 0x00000000
core   0: 0x80005e3c (0x40040fb3) sub     t6, s0, zero
core   0: 3 0x80005e3c (0x40040fb3) x31 0xef026aee
core   0: 0x80005e40 (0xff186013) ori     zero, a6, -15
core   0: 3 0x80005e40 (0xff186013)
core   0: 0x80005e44 (0xcd4feb13) ori     s6, t6, -812
core   0: 3 0x80005e44 (0xcd4feb13) x22 0xfffffefe
core   0: 0x80005e48 (0x0054b833) sltu    a6, s1, t0
core   0: 3 0x80005e48 (0x0054b833) x16 0x00000001
core   0: 0x80005e4c (0x515bf813) andi    a6, s7, 1301
core   0: 3 0x80005e4c (0x515bf813) x16 0x00000414
core   0: 0x80005e50 (0x00560433) add     s0, a2, t0
core   0: 3 0x80005e50 (0x00560433) x 8 0xef026972
core   0: 0x80005e54 (0x00b01733) sll     a4, zero, a1
core   0: 3 0x80005e54 (0x00b01733) x14 0x00000000
core   0: 0x80005e58 (0x0078f933) and     s2, a7, t2
core   0: 3 0x80005e58 (0x0078f933) x18 0x08000000
core   0: 0x80005e5c (0x7514fe93) andi    t4, s1, 1873
core   0: 3 0x80005e5c (0x7514fe93) x29 0x00000400
core   0: 0x80005e60 (0x019ad693) srli    a3, s5, 25
core   0: 3 0x80005e60 (0x019ad693) x13 0x00000040
core   0: 0x80005e64 (0x0029ab33) slt     s6, s3, sp
core   0: 3 0x80005e64 (0x0029ab33) x22 0x00000001
core   0: 0x80005e68 (0x012a67b3) or      a5, s4, s2
core   0: 3 0x80005e68 (0x012a67b3) x15 0x88011e64
core   0: 0x80005e6c (0x69d4f293) andi    t0, s1, 1693
core   0: 3 0x80005e6c (0x69d4f293) x 5 0x0000040c
core   0: 0x80005e70 (0x00755113) srli    sp, a0, 7
core   0: 3 0x80005e70 (0x00755113) x 2 0x00000000
core   0: 0x80005e74 (0x9630cf37) lui     t5, 0x9630c
core   0: 3 0x80005e74 (0x9630cf37) x30 0x9630c000
core   0: 0x80005e78 (0x40d9df93) srai    t6, s3, 13
core   0: 3 0x80005e78 (0x40d9df93) x31 0x00000000
core   0: 0x80005e7c (0xb65d3993) sltiu   s3, s10, -1179
core   0: 3 0x80005e7c (0xb65d3993) x19 0x00000001
core   0: 0x80005e80 (0x015b2333) slt     t1, s6, s5
core   0: 3 0x80005e80 (0x015b2333) x 6 0x00000000
core   0: 0x80005e84 (0x01bc5eb3) srl     t4, s8, s11
core   0: 3 0x80005e84 (0x01bc5eb3) x29 0x00000000
core   0: 0x80005e88 (0xf9287393) andi    t2, a6, -110
core   0: 3 0x80005e88 (0xf9287393) x 7 0x00000410
core   0: 0x80005e8c (0x01f016b3) sll     a3, zero, t6
core   0: 3 0x80005e8c (0x01f016b3) x13 0x00000000
core   0: 0x80005e90 (0x40b387b3) sub     a5, t2, a1
core   0: 3 0x80005e90 (0x40b387b3) x15 0x000001ec
core   0: 0x80005e94 (0x41a95333) sra     t1, s2, s10
core   0: 3 0x80005e94 (0x41a95333) x 6 0x00000008
core   0: 0x80005e98 (0x756e3c93) sltiu   s9, t3, 1878
core   0: 3 0x80005e98 (0x756e3c93) x25 0x00000000
core   0: 0x80005e9c (0x00000013) nop
core   0: 3 0x80005e9c (0x00000013)
core   0: 0x80005ea0 (0x00f0d6b3) srl     a3, ra, a5
core   0: 3 0x80005ea0 (0x00f0d6b3) x13 0x00000000
core   0: 0x80005ea4 (0x00000013) nop
core   0: 3 0x80005ea4 (0x00000013)
core   0: 0x80005ea8 (0x00a91093) slli    ra, s2, 10
core   0: 3 0x80005ea8 (0x00a91093) x 1 0x00000000
core   0: 0x80005eac (0x0077fcb3) and     s9, a5, t2
core   0: 3 0x80005eac (0x0077fcb3) x25 0x00000000
core   0: 0x80005eb0 (0x01dd2e33) slt     t3, s10, t4
core   0: 3 0x80005eb0 (0x01dd2e33) x28 0x00000001
core   0: 0x80005eb4 (0x00aa0733) add     a4, s4, a0
core   0: 3 0x80005eb4 (0x00aa0733) x14 0x80011e65
core   0: 0x80005eb8 (0x00a40533) add     a0, s0, a0
core   0: 3 0x80005eb8 (0x00a40533) x10 0xef026973
core   0: 0x80005ebc (0x00ecf8b3) and     a7, s9, a4
core   0: 3 0x80005ebc (0x00ecf8b3) x17 0x00000000
core   0: 0x80005ec0 (0x9daa8593) addi    a1, s5, -1574
core   0: 3 0x80005ec0 (0x9daa8593) x11 0x800156be
core   0: 0x80005ec4 (0xfdce3013) sltiu   zero, t3, -36
core   0: 3 0x80005ec4 (0xfdce3013)
core   0: 0x80005ec8 (0x0018a533) slt     a0, a7, ra
core   0: 3 0x80005ec8 (0x0018a533) x10 0x00000000
core   0: 0x80005ecc (0x55cee993) ori     s3, t4, 1372
core   0: 3 0x80005ecc (0x55cee993) x19 0x0000055c
core   0: 0x80005ed0 (0xe1683013) sltiu   zero, a6, -490
core   0: 3 0x80005ed0 (0xe1683013)
core   0: 0x80005ed4 (0xe0d80813) addi    a6, a6, -499
core   0: 3 0x80005ed4 (0xe0d80813) x16 0x00000221
core   0: 0x80005ed8 (0xf5d46cb7) lui     s9, 0xf5d46
core   0: 3 0x80005ed8 (0xf5d46cb7) x25 0xf5d46000
core   0: 0x80005edc (0x40e85c93) srai    s9, a6, 14
core   0: 3 0x80005edc (0x40e85c93) x25 0x00000000
core   0: 0x80005ee0 (0x4b6d0813) addi    a6, s10, 1206
core   0: 3 0x80005ee0 (0x4b6d0813) x16 0xc26b512e
core   0: 0x80005ee4 (0xfee37093) andi    ra, t1, -18
core   0: 3 0x80005ee4 (0xfee37093) x 1 0x00000008
core   0: 0x80005ee8 (0xf57cc693) xori    a3, s9, -169
core   0: 3 0x80005ee8 (0xf57cc693) x13 0xffffff57
core   0: 0x80005eec (0x00ad4db3) xor     s11, s10, a0
core   0: 3 0x80005eec (0x00ad4db3) x27 0xc26b4c78
core   0: 0x80005ef0 (0x00143533) sltu    a0, s0, ra
core   0: 3 0x80005ef0 (0x00143533) x10 0x00000000
core   0: 0x80005ef4 (0x41e25893) srai    a7, tp, 30
core   0: 3 0x80005ef4 (0x41e25893) x17 0xffffffff
core   0: 0x80005ef8 (0x00e867b3) or      a5, a6, a4
core   0: 3 0x80005ef8 (0x00e867b3) x15 0xc26b5f6f
core   0: 0x80005efc (0x189f3f13) sltiu   t5, t5, 393
core   0: 3 0x80005efc (0x189f3f13) x30 0x00000000
core   0: 0x80005f00 (0x5627b597) auipc   a1, 0x5627b
core   0: 3 0x80005f00 (0x5627b597) x11 0xd6280f00
core   0: 0x80005f04 (0x00cb8c33) add     s8, s7, a2
core   0: 3 0x80005f04 (0x00cb8c33) x24 0xef026f0c
core   0: 0x80005f08 (0x415e8333) sub     t1, t4, s5
core   0: 3 0x80005f08 (0x415e8333) x 6 0x7ffea31c
core   0: 0x80005f0c (0x3be4eb97) auipc   s7, 0x3be4e
core   0: 3 0x80005f0c (0x3be4eb97) x23 0xbbe53f0c
core   0: 0x80005f10 (0xa62eed37) lui     s10, 0xa62ee
core   0: 3 0x80005f10 (0xa62eed37) x26 0xa62ee000
core   0: 0x80005f14 (0x00fc83b3) add     t2, s9, a5
core   0: 3 0x80005f14 (0x00fc83b3) x 7 0xc26b5f6f
core   0: 0x80005f18 (0x01f67233) and     tp, a2, t6
core   0: 3 0x80005f18 (0x01f67233) x 4 0x00000000
core   0: 0x80005f1c (0x016b38b3) sltu    a7, s6, s6
core   0: 3 0x80005f1c (0x016b38b3) x17 0x00000000
core   0: 0x80005f20 (0x3075cc93) xori    s9, a1, 775
core   0: 3 0x80005f20 (0x3075cc93) x25 0xd6280c07
core   0: 0x80005f24 (0x13d6f713) andi    a4, a3, 317
core   0: 3 0x80005f24 (0x13d6f713) x14 0x00000115
core   0: 0x80005f28 (0x414101b3) sub     gp, sp, s4
core   0: 3 0x80005f28 (0x414101b3) x 3 0x7ffee19c
core   0: 0x80005f2c (0x40475793) srai    a5, a4, 4
core   0: 3 0x80005f2c (0x40475793) x15 0x00000011
core   0: 0x80005f30 (0x41405b93) srai    s7, zero, 20
core   0: 3 0x80005f30 (0x41405b93) x23 0x00000000
core   0: 0x80005f34 (0x3daae3b7) lui     t2, 0x3daae
core   0: 3 0x80005f34 (0x3daae3b7) x 7 0x3daae000
core   0: 0x80005f38 (0xd7cd0eb7) lui     t4, 0xd7cd0
core   0: 3 0x80005f38 (0xd7cd0eb7) x29 0xd7cd0000
core   0: 0x80005f3c (0x41b8d813) srai    a6, a7, 27
core   0: 3 0x80005f3c (0x41b8d813) x16 0x00000000
core   0: 0x80005f40 (0x41d95733) sra     a4, s2, t4
core   0: 3 0x80005f40 (0x41d95733) x14 0x08000000
core   0: 0x80005f44 (0x00563db3) sltu    s11, a2, t0
core   0: 3 0x80005f44 (0x00563db3) x27 0x00000000
core   0: 0x80005f48 (0x7bdf2d13) slti    s10, t5, 1981
core   0: 3 0x80005f48 (0x7bdf2d13) x26 0x00000001
core   0: 0x80005f4c (0x014b3233) sltu    tp, s6, s4
core   0: 3 0x80005f4c (0x014b3233) x 4 0x00000001
core   0: 0x80005f50 (0x01255bb3) srl     s7, a0, s2
core   0: 3 0x80005f50 (0x01255bb3) x23 0x00000000
core   0: 0x80005f54 (0xc18c4413) xori    s0, s8, -1000
core   0: 3 0x80005f54 (0xc18c4413) x 8 0x10fd9314
core   0: 0x80005f58 (0x0195d213) srli    tp, a1, 25
core   0: 3 0x80005f58 (0x0195d213) x 4 0x0000006b
core   0: 0x80005f5c (0x00000013) nop
core   0: 3 0x80005f5c (0x00000013)
core   0: 0x80005f60 (0x0135d993) srli    s3, a1, 19
core   0: 3 0x80005f60 (0x0135d993) x19 0x00001ac5
core   0: 0x80005f64 (0x6e018d93) addi    s11, gp, 1760
core   0: 3 0x80005f64 (0x6e018d93) x27 0x7ffee87c
core   0: 0x80005f68 (0xc96c8393) addi    t2, s9, -874
core   0: 3 0x80005f68 (0xc96c8393) x 7 0xd628089d
core   0: 0x80005f6c (0x0192dc13) srli    s8, t0, 25
core   0: 3 0x80005f6c (0x0192dc13) x24 0x00000000
core   0: 0x80005f70 (0x00000013) nop
core   0: 3 0x80005f70 (0x00000013)
core   0: 0x80005f74 (0x142d2f13) slti    t5, s10, 322
core   0: 3 0x80005f74 (0x142d2f13) x30 0x00000001
core   0: 0x80005f78 (0x0160cf33) xor     t5, ra, s6
core   0: 3 0x80005f78 (0x0160cf33) x30 0x00000009
core   0: 0x80005f7c (0x01b760b3) or      ra, a4, s11
core   0: 3 0x80005f7c (0x01b760b3) x 1 0x7ffee87c
core   0: 0x80005f80 (0x00199d13) slli    s10, s3, 1
core   0: 3 0x80005f80 (0x00199d13) x26 0x0000358a
core   0: 0x80005f84 (0xf7cafc13) andi    s8, s5, -132
core   0: 3 0x80005f84 (0xf7cafc13) x24 0x80015c64
core   0: 0x80005f88 (0x00339433) sll     s0, t2, gp
core   0: 3 0x80005f88 (0x00339433) x 8 0xd0000000
core   0: 0x80005f8c (0x00e65bb3) srl     s7, a2, a4
core   0: 3 0x80005f8c (0x00e65bb3) x23 0xef026aee
core   0: 0x80005f90 (0x4073d1b3) sra     gp, t2, t2
core   0: 3 0x80005f90 (0x4073d1b3) x 3 0xfffffffe
core   0: 0x80005f94 (0x41ae0cb3) sub     s9, t3, s10
core   0: 3 0x80005f94 (0x41ae0cb3) x25 0xffffca77
core   0: 0x80005f98 (0x00000013) nop
core   0: 3 0x80005f98 (0x00000013)
core   0: 0x80005f9c (0x018275b3) and     a1, tp, s8
core   0: 3 0x80005f9c (0x018275b3) x11 0x00000060
core   0: 0x80005fa0 (0x017fe433) or      s0, t6, s7
core   0: 3 0x80005fa0 (0x017fe433) x 8 0xef026aee
core   0: 0x80005fa4 (0x007c9f13) slli    t5, s9, 7
core   0: 3 0x80005fa4 (0x007c9f13) x30 0xffe53b80
core   0: 0x80005fa8 (0x55834793) xori    a5, t1, 1368
core   0: 3 0x80005fa8 (0x55834793) x15 0x7ffea644
core   0: 0x80005fac (0x790da813) slti    a6, s11, 1936
core   0: 3 0x80005fac (0x790da813) x16 0x00000000
core   0: 0x80005fb0 (0x61f32e97) auipc   t4, 0x61f32
core   0: 3 0x80005fb0 (0x61f32e97) x29 0xe1f37fb0
core   0: 0x80005fb4 (0x01b23db3) sltu    s11, tp, s11
core   0: 3 0x80005fb4 (0x01b23db3) x27 0x00000001
core   0: 0x80005fb8 (0x00000013) nop
core   0: 3 0x80005fb8 (0x00000013)
core   0: 0x80005fbc (0x555614b7) lui     s1, 0x55561
core   0: 3 0x80005fbc (0x555614b7) x 9 0x55561000
core   0: 0x80005fc0 (0x2b9bc897) auipc   a7, 0x2b9bc
core   0: 3 0x80005fc0 (0x2b9bc897) x17 0xab9c1fc0
core   0: 0x80005fc4 (0x001c32b3) sltu    t0, s8, ra
core   0: 3 0x80005fc4 (0x001c32b3) x 5 0x00000000
core   0: 0x80005fc8 (0x01b9b9b3) sltu    s3, s3, s11
core   0: 3 0x80005fc8 (0x01b9b9b3) x19 0x00000000
core   0: 0x80005fcc (0x00ce9893) slli    a7, t4, 12
core   0: 3 0x80005fcc (0x00ce9893) x17 0x37fb0000
core   0: 0x80005fd0 (0x7ab9c993) xori    s3, s3, 1963
core   0: 3 0x80005fd0 (0x7ab9c993) x19 0x000007ab
core   0: 0x80005fd4 (0x00bf17b3) sll     a5, t5, a1
core   0: 3 0x80005fd4 (0x00bf17b3) x15 0xffe53b80
core   0: 0x80005fd8 (0x01862d33) slt     s10, a2, s8
core   0: 3 0x80005fd8 (0x01862d33) x26 0x00000000
core   0: 0x80005fdc (0x0774b593) sltiu   a1, s1, 119
core   0: 3 0x80005fdc (0x0774b593) x11 0x00000000
core   0: 0x80005fe0 (0x41c88933) sub     s2, a7, t3
core   0: 3 0x80005fe0 (0x41c88933) x18 0x37faffff
core   0: 0x80005fe4 (0x3efd68b7) lui     a7, 0x3efd6
core   0: 3 0x80005fe4 (0x3efd68b7) x17 0x3efd6000
core   0: 0x80005fe8 (0x00000013) nop
core   0: 3 0x80005fe8 (0x00000013)
core   0: 0x80005fec (0xab7e2213) slti    tp, t3, -1353
core   0: 3 0x80005fec (0xab7e2213) x 4 0x00000000
core   0: 0x80005ff0 (0x00cee033) or      zero, t4, a2
core   0: 3 0x80005ff0 (0x00cee033)
core   0: 0x80005ff4 (0x01461393) slli    t2, a2, 20
core   0: 3 0x80005ff4 (0x01461393) x 7 0xaee00000
core   0: 0x80005ff8 (0x402cdb33) sra     s6, s9, sp
core   0: 3 0x80005ff8 (0x402cdb33) x22 0xffffca77
core   0: 0x80005ffc (0x8183ae13) slti    t3, t2, -2024
core   0: 3 0x80005ffc (0x8183ae13) x28 0x00000001
core   0: 0x80006000 (0x01ccbf33) sltu    t5, s9, t3
core   0: 3 0x80006000 (0x01ccbf33) x30 0x00000000
core   0: 0x80006004 (0x8f708693) addi    a3, ra, -1801
core   0: 3 0x80006004 (0x8f708693) x13 0x7ffee173
core   0: 0x80006008 (0xe2c13c13) sltiu   s8, sp, -468
core   0: 3 0x80006008 (0xe2c13c13) x24 0x00000001
core   0: 0x8000600c (0xa4467593) andi    a1, a2, -1468
core   0: 3 0x8000600c (0xa4467593) x11 0xef026a44
core   0: 0x80006010 (0x014c25b3) slt     a1, s8, s4
core   0: 3 0x80006010 (0x014c25b3) x11 0x00000000
core   0: 0x80006014 (0xa4f85c17) auipc   s8, 0xa4f85
core   0: 3 0x80006014 (0xa4f85c17) x24 0x24f8b014
core   0: 0x80006018 (0x01030b33) add     s6, t1, a6
core   0: 3 0x80006018 (0x01030b33) x22 0x7ffea31c
core   0: 0x8000601c (0x0095ff33) and     t5, a1, s1
core   0: 3 0x8000601c (0x0095ff33) x30 0x00000000
core   0: 0x80006020 (0x005419b3) sll     s3, s0, t0
core   0: 3 0x80006020 (0x005419b3) x19 0xef026aee
core   0: 0x80006024 (0x27608193) addi    gp, ra, 630
core   0: 3 0x80006024 (0x27608193) x 3 0x7ffeeaf2
core   0: 0x80006028 (0xe6072d13) slti    s10, a4, -416
core   0: 3 0x80006028 (0xe6072d13) x26 0x00000000
core   0: 0x8000602c (0x9a0c3213) sltiu   tp, s8, -1632
core   0: 3 0x8000602c (0x9a0c3213) x 4 0x00000001
core   0: 0x80006030 (0xa25f8513) addi    a0, t6, -1499
core   0: 3 0x80006030 (0xa25f8513) x10 0xfffffa25
core   0: 0x80006034 (0x01d9f133) and     sp, s3, t4
core   0: 3 0x80006034 (0x01d9f133) x 2 0xe1026aa0
core   0: 0x80006038 (0x00a19b13) slli    s6, gp, 10
core   0: 3 0x80006038 (0x00a19b13) x22 0xfbabc800
core   0: 0x8000603c (0xf1632f13) slti    t5, t1, -234
core   0: 3 0x8000603c (0xf1632f13) x30 0x00000000
core   0: 0x80006040 (0x0199d013) srli    zero, s3, 25
core   0: 3 0x80006040 (0x0199d013)
core   0: 0x80006044 (0x0041d413) srli    s0, gp, 4
core   0: 3 0x80006044 (0x0041d413) x 8 0x07ffeeaf
core   0: 0x80006048 (0x009a40b3) xor     ra, s4, s1
core   0: 3 0x80006048 (0x009a40b3) x 1 0xd5570e64
core   0: 0x8000604c (0x00ab76b3) and     a3, s6, a0
core   0: 3 0x8000604c (0x00ab76b3) x13 0xfbabc800
core   0: 0x80006050 (0x00818933) add     s2, gp, s0
core   0: 3 0x80006050 (0x00818933) x18 0x87fed9a1
core   0: 0x80006054 (0x408c5393) srai    t2, s8, 8
core   0: 3 0x80006054 (0x408c5393) x 7 0x0024f8b0
core   0: 0x80006058 (0x00b7d7b3) srl     a5, a5, a1
core   0: 3 0x80006058 (0x00b7d7b3) x15 0xffe53b80
core   0: 0x8000605c (0x00000013) nop
core   0: 3 0x8000605c (0x00000013)
core   0: 0x80006060 (0x40a886b3) sub     a3, a7, a0
core   0: 3 0x80006060 (0x40a886b3) x13 0x3efd65db
core   0: 0x80006064 (0x41edd233) sra     tp, s11, t5
core   0: 3 0x80006064 (0x41edd233) x 4 0x00000001
core   0: 0x80006068 (0x003a5e93) srli    t4, s4, 3
core   0: 3 0x80006068 (0x003a5e93) x29 0x100023cc
core   0: 0x8000606c (0xd3cee5b7) lui     a1, 0xd3cee
core   0: 3 0x8000606c (0xd3cee5b7) x11 0xd3cee000
core   0: 0x80006070 (0x6513e313) ori     t1, t2, 1617
core   0: 3 0x80006070 (0x6513e313) x 6 0x0024fef1
core   0: 0x80006074 (0x89dad917) auipc   s2, 0x89dad
core   0: 3 0x80006074 (0x89dad917) x18 0x09db3074
core   0: 0x80006078 (0x03874813) xori    a6, a4, 56
core   0: 3 0x80006078 (0x03874813) x16 0x08000038
core   0: 0x8000607c (0x1201f997) auipc   s3, 0x1201f
core   0: 3 0x8000607c (0x1201f997) x19 0x9202507c
core   0: 0x80006080 (0x54c28313) addi    t1, t0, 1356
core   0: 3 0x80006080 (0x54c28313) x 6 0x0000054c
core   0: 0x80006084 (0x00d659b3) srl     s3, a2, a3
core   0: 3 0x80006084 (0x00d659b3) x19 0x0000001d
core   0: 0x80006088 (0x0039ad33) slt     s10, s3, gp
core   0: 3 0x80006088 (0x0039ad33) x26 0x00000001
core   0: 0x8000608c (0x00000013) nop
core   0: 3 0x8000608c (0x00000013)
core   0: 0x80006090 (0x1d486797) auipc   a5, 0x1d486
core   0: 3 0x80006090 (0x1d486797) x15 0x9d48c090
core   0: 0x80006094 (0x40ff0db3) sub     s11, t5, a5
core   0: 3 0x80006094 (0x40ff0db3) x27 0x62b73f70
core   0: 0x80006098 (0xf209ee97) auipc   t4, 0xf209e
core   0: 3 0x80006098 (0xf209ee97) x29 0x720a4098
core   0: 0x8000609c (0x404dd313) srai    t1, s11, 4
core   0: 3 0x8000609c (0x404dd313) x 6 0x062b73f7
core   0: 0x800060a0 (0x00d7ebb3) or      s7, a5, a3
core   0: 3 0x800060a0 (0x00d7ebb3) x23 0xbffde5db
core   0: 0x800060a4 (0x433bf217) auipc   tp, 0x433bf
core   0: 3 0x800060a4 (0x433bf217) x 4 0xc33c50a4
core   0: 0x800060a8 (0x01a806b3) add     a3, a6, s10
core   0: 3 0x800060a8 (0x01a806b3) x13 0x08000039
core   0: 0x800060ac (0x00486b33) or      s6, a6, tp
core   0: 3 0x800060ac (0x00486b33) x22 0xcb3c50bc
core   0: 0x800060b0 (0x6443a193) slti    gp, t2, 1604
core   0: 3 0x800060b0 (0x6443a193) x 3 0x00000000
core   0: 0x800060b4 (0x41add733) sra     a4, s11, s10
core   0: 3 0x800060b4 (0x41add733) x14 0x315b9fb8
core   0: 0x800060b8 (0xe7bf2e13) slti    t3, t5, -389
core   0: 3 0x800060b8 (0xe7bf2e13) x28 0x00000000
core   0: 0x800060bc (0x00de2c33) slt     s8, t3, a3
core   0: 3 0x800060bc (0x00de2c33) x24 0x00000001
core   0: 0x800060c0 (0x006973b3) and     t2, s2, t1
core   0: 3 0x800060c0 (0x006973b3) x 7 0x000b3074
core   0: 0x800060c4 (0x49cba413) slti    s0, s7, 1180
core   0: 3 0x800060c4 (0x49cba413) x 8 0x00000001
core   0: 0x800060c8 (0x0023eb33) or      s6, t2, sp
core   0: 3 0x800060c8 (0x0023eb33) x22 0xe10b7af4
core   0: 0x800060cc (0x24e7ad17) auipc   s10, 0x24e7a
core   0: 3 0x800060cc (0x24e7ad17) x26 0xa4e800cc
core   0: 0x800060d0 (0x00a26533) or      a0, tp, a0
core   0: 3 0x800060d0 (0x00a26533) x10 0xfffffaa5
core   0: 0x800060d4 (0x01d524b3) slt     s1, a0, t4
core   0: 3 0x800060d4 (0x01d524b3) x 9 0x00000001
core   0: 0x800060d8 (0x1eaffb13) andi    s6, t6, 490
core   0: 3 0x800060d8 (0x1eaffb13) x22 0x00000000
core   0: 0x800060dc (0xc8562793) slti    a5, a2, -891
core   0: 3 0x800060dc (0xc8562793) x15 0x00000001
core   0: 0x800060e0 (0xf9936293) ori     t0, t1, -103
core   0: 3 0x800060e0 (0xf9936293) x 5 0xffffffff
core   0: 0x800060e4 (0x00c11693) slli    a3, sp, 12
core   0: 3 0x800060e4 (0x00c11693) x13 0x26aa0000
core   0: 0x800060e8 (0x005e68b3) or      a7, t3, t0
core   0: 3 0x800060e8 (0x005e68b3) x17 0xffffffff
core   0: 0x800060ec (0x233f8293) addi    t0, t6, 563
core   0: 3 0x800060ec (0x233f8293) x 5 0x00000233
core   0: 0x800060f0 (0x8a123993) sltiu   s3, tp, -1887
core   0: 3 0x800060f0 (0x8a123993) x19 0x00000001
core   0: 0x800060f4 (0x00000013) nop
core   0: 3 0x800060f4 (0x00000013)
core   0: 0x800060f8 (0x01702833) slt     a6, zero, s7
core   0: 3 0x800060f8 (0x01702833) x16 0x00000000
core   0: 0x800060fc (0x01c4b033) sltu    zero, s1, t3
core   0: 3 0x800060fc (0x01c4b033)
core   0: 0x80006100 (0x01ab0433) add     s0, s6, s10
core   0: 3 0x80006100 (0x01ab0433) x 8 0xa4e800cc
core   0: 0x80006104 (0x011e9e33) sll     t3, t4, a7
core   0: 3 0x80006104 (0x011e9e33) x28 0x00000000
core   0: 0x80006108 (0x00dc77b3) and     a5, s8, a3
core   0: 3 0x80006108 (0x00dc77b3) x15 0x00000000
core   0: 0x8000610c (0x00000013) nop
core   0: 3 0x8000610c (0x00000013)
core   0: 0x80006110 (0x01766233) or      tp, a2, s7
core   0: 3 0x80006110 (0x01766233) x 4 0xffffefff
core   0: 0x80006114 (0x0092a6b3) slt     a3, t0, s1
core   0: 3 0x80006114 (0x0092a6b3) x13 0x00000000
core   0: 0x80006118 (0x401604b3) sub     s1, a2, ra
core   0: 3 0x80006118 (0x401604b3) x 9 0x19ab5c8a
core   0: 0x8000611c (0x01241013) slli    zero, s0, 18
core   0: 3 0x8000611c (0x01241013)
core   0: 0x80006120 (0x01a85213) srli    tp, a6, 26
core   0: 3 0x80006120 (0x01a85213) x 4 0x00000000
core   0: 0x80006124 (0x41ec5933) sra     s2, s8, t5
core   0: 3 0x80006124 (0x41ec5933) x18 0x00000001
core   0: 0x80006128 (0x005bd6b3) srl     a3, s7, t0
core   0: 3 0x80006128 (0x005bd6b3) x13 0x000017ff
core   0: 0x8000612c (0x41685b93) srai    s7, a6, 22
core   0: 3 0x8000612c (0x41685b93) x23 0x00000000
core   0: 0x80006130 (0x005bd533) srl     a0, s7, t0
core   0: 3 0x80006130 (0x005bd533) x10 0x00000000
core   0: 0x80006134 (0x00d27bb3) and     s7, tp, a3
core   0: 3 0x80006134 (0x00d27bb3) x23 0x00000000
core   0: 0x80006138 (0x0135a2b3) slt     t0, a1, s3
core   0: 3 0x80006138 (0x0135a2b3) x 5 0x00000001
core   0: 0x8000613c (0x40c30d33) sub     s10, t1, a2
core   0: 3 0x8000613c (0x40c30d33) x26 0x17290909
core   0: 0x80006140 (0x00fadb93) srli    s7, s5, 15
core   0: 3 0x80006140 (0x00fadb93) x23 0x00010002
core   0: 0x80006144 (0x41f55cb3) sra     s9, a0, t6
core   0: 3 0x80006144 (0x41f55cb3) x25 0x00000000
core   0: 0x80006148 (0x01081693) slli    a3, a6, 16
core   0: 3 0x80006148 (0x01081693) x13 0x00000000
core   0: 0x8000614c (0x01074433) xor     s0, a4, a6
core   0: 3 0x8000614c (0x01074433) x 8 0x315b9fb8
core   0: 0x80006150 (0x00c6f833) and     a6, a3, a2
core   0: 3 0x80006150 (0x00c6f833) x16 0x00000000
core   0: 0x80006154 (0x3628fb13) andi    s6, a7, 866
core   0: 3 0x80006154 (0x3628fb13) x22 0x00000362
core   0: 0x80006158 (0x00000013) nop
core   0: 3 0x80006158 (0x00000013)
core   0: 0x8000615c (0x5e1e0213) addi    tp, t3, 1505
core   0: 3 0x8000615c (0x5e1e0213) x 4 0x000005e1
core   0: 0x80006160 (0x00011d13) slli    s10, sp, 0
core   0: 3 0x80006160 (0x00011d13) x26 0xe1026aa0
core   0: 0x80006164 (0x01a95993) srli    s3, s2, 26
core   0: 3 0x80006164 (0x01a95993) x19 0x00000000
core   0: 0x80006168 (0x019698b3) sll     a7, a3, s9
core   0: 3 0x80006168 (0x019698b3) x17 0x00000000
core   0: 0x8000616c (0xb855c817) auipc   a6, 0xb855c
core   0: 3 0x8000616c (0xb855c817) x16 0x3856216c
core   0: 0x80006170 (0x4000d2b3) sra     t0, ra, zero
core   0: 3 0x80006170 (0x4000d2b3) x 5 0xd5570e64
core   0: 0x80006174 (0xe7bf29b7) lui     s3, 0xe7bf2
core   0: 3 0x80006174 (0xe7bf29b7) x19 0xe7bf2000
core   0: 0x80006178 (0xead64d93) xori    s11, a2, -339
core   0: 3 0x80006178 (0xead64d93) x27 0x10fd9443
core   0: 0x8000617c (0x401edf33) sra     t5, t4, ra
core   0: 3 0x8000617c (0x401edf33) x30 0x0720a409
core   0: 0x80006180 (0x410f88b3) sub     a7, t6, a6
core   0: 3 0x80006180 (0x410f88b3) x17 0xc7a9de94
core   0: 0x80006184 (0x410585b3) sub     a1, a1, a6
core   0: 3 0x80006184 (0x410585b3) x11 0x9b78be94
core   0: 0x80006188 (0xa4699d17) auipc   s10, 0xa4699
core   0: 3 0x80006188 (0xa4699d17) x26 0x2469f188
core   0: 0x8000618c (0xe8db7697) auipc   a3, 0xe8db7
core   0: 3 0x8000618c (0xe8db7697) x13 0x68dbd18c
core   0: 0x80006190 (0x2113bb93) sltiu   s7, t2, 529
core   0: 3 0x80006190 (0x2113bb93) x23 0x00000000
core   0: 0x80006194 (0x9da4eb17) auipc   s6, 0x9da4e
core   0: 3 0x80006194 (0x9da4eb17) x22 0x1da54194
core   0: 0x80006198 (0x61037893) andi    a7, t1, 1552
core   0: 3 0x80006198 (0x61037893) x17 0x00000210
core   0: 0x8000619c (0x0182aeb3) slt     t4, t0, s8
core   0: 3 0x8000619c (0x0182aeb3) x29 0x00000001
core   0: 0x800061a0 (0x862c2597) auipc   a1, 0x862c2
core   0: 3 0x800061a0 (0x862c2597) x11 0x062c81a0
core   0: 0x800061a4 (0x40acd933) sra     s2, s9, a0
core   0: 3 0x800061a4 (0x40acd933) x18 0x00000000
core   0: 0x800061a8 (0xed0c3193) sltiu   gp, s8, -304
core   0: 3 0x800061a8 (0xed0c3193) x 3 0x00000001
core   0: 0x800061ac (0x4143d6b3) sra     a3, t2, s4
core   0: 3 0x800061ac (0x4143d6b3) x13 0x0000b307
core   0: 0x800061b0 (0x00eef733) and     a4, t4, a4
core   0: 3 0x800061b0 (0x00eef733) x14 0x00000000
core   0: 0x800061b4 (0x0021b1b3) sltu    gp, gp, sp
core   0: 3 0x800061b4 (0x0021b1b3) x 3 0x00000001
core   0: 0x800061b8 (0x00daddb3) srl     s11, s5, a3
core   0: 3 0x800061b8 (0x00daddb3) x27 0x010002b9
core   0: 0x800061bc (0x006b3833) sltu    a6, s6, t1
core   0: 3 0x800061bc (0x006b3833) x16 0x00000000
core   0: 0x800061c0 (0xb0414d93) xori    s11, sp, -1276
core   0: 3 0x800061c0 (0xb0414d93) x27 0x1efd91a4
core   0: 0x800061c4 (0x536f0d93) addi    s11, t5, 1334
core   0: 3 0x800061c4 (0x536f0d93) x27 0x0720a93f
core   0: 0x800061c8 (0x68516b93) ori     s7, sp, 1669
core   0: 3 0x800061c8 (0x68516b93) x23 0xe1026ea5
core   0: 0x800061cc (0x0d457913) andi    s2, a0, 212
core   0: 3 0x800061cc (0x0d457913) x18 0x00000000
core   0: 0x800061d0 (0x00d69433) sll     s0, a3, a3
core   0: 3 0x800061d0 (0x00d69433) x 8 0x00598380
core   0: 0x800061d4 (0x002a2133) slt     sp, s4, sp
core   0: 3 0x800061d4 (0x002a2133) x 2 0x00000001
core   0: 0x800061d8 (0xf198e893) ori     a7, a7, -231
core   0: 3 0x800061d8 (0xf198e893) x17 0xffffff19
core   0: 0x800061dc (0x005432b3) sltu    t0, s0, t0
core   0: 3 0x800061dc (0x005432b3) x 5 0x00000001
core   0: 0x800061e0 (0x01d200b3) add     ra, tp, t4
core   0: 3 0x800061e0 (0x01d200b3) x 1 0x000005e2
core   0: 0x800061e4 (0x008262b3) or      t0, tp, s0
core   0: 3 0x800061e4 (0x008262b3) x 5 0x005987e1
core   0: 0x800061e8 (0x24dfcb93) xori    s7, t6, 589
core   0: 3 0x800061e8 (0x24dfcb93) x23 0x0000024d
core   0: 0x800061ec (0x00d9fd33) and     s10, s3, a3
core   0: 3 0x800061ec (0x00d9fd33) x26 0x00002000
core   0: 0x800061f0 (0x4100de33) sra     t3, ra, a6
core   0: 3 0x800061f0 (0x4100de33) x28 0x000005e2
core   0: 0x800061f4 (0x017d0eb3) add     t4, s10, s7
core   0: 3 0x800061f4 (0x017d0eb3) x29 0x0000224d
core   0: 0x800061f8 (0x7ba2c793) xori    a5, t0, 1978
core   0: 3 0x800061f8 (0x7ba2c793) x15 0x0059805b
core   0: 0x800061fc (0x01dc5e33) srl     t3, s8, t4
core   0: 3 0x800061fc (0x01dc5e33) x28 0x00000000
core   0: 0x80006200 (0x015a3933) sltu    s2, s4, s5
core   0: 3 0x80006200 (0x015a3933) x18 0x00000001
core   0: 0x80006204 (0x005b71b3) and     gp, s6, t0
core   0: 3 0x80006204 (0x005b71b3) x 3 0x00010180
core   0: 0x80006208 (0x41120833) sub     a6, tp, a7
core   0: 3 0x80006208 (0x41120833) x16 0x000006c8
core   0: 0x8000620c (0x96bb6b93) ori     s7, s6, -1685
core   0: 3 0x8000620c (0x96bb6b93) x23 0xfffff9ff
core   0: 0x80006210 (0x0087f533) and     a0, a5, s0
core   0: 3 0x80006210 (0x0087f533) x10 0x00598000
core   0: 0x80006214 (0x013cecb3) or      s9, s9, s3
core   0: 3 0x80006214 (0x013cecb3) x25 0xe7bf2000
core   0: 0x80006218 (0x0115d093) srli    ra, a1, 17
core   0: 3 0x80006218 (0x0115d093) x 1 0x00000316
core   0: 0x8000621c (0x0e540413) addi    s0, s0, 229
core   0: 3 0x8000621c (0x0e540413) x 8 0x00598465
core   0: 0x80006220 (0xc16c3397) auipc   t2, 0xc16c3
core   0: 3 0x80006220 (0xc16c3397) x 7 0x416c9220
core   0: 0x80006224 (0xbd0a3997) auipc   s3, 0xbd0a3
core   0: 3 0x80006224 (0xbd0a3997) x19 0x3d0a9224
core   0: 0x80006228 (0xe74ca193) slti    gp, s9, -396
core   0: 3 0x80006228 (0xe74ca193) x 3 0x00000001
core   0: 0x8000622c (0x013ee033) or      zero, t4, s3
core   0: 3 0x8000622c (0x013ee033)
core   0: 0x80006230 (0x40e4b713) sltiu   a4, s1, 1038
core   0: 3 0x80006230 (0x40e4b713) x14 0x00000000
core   0: 0x80006234 (0x99103997) auipc   s3, 0x99103
core   0: 3 0x80006234 (0x99103997) x19 0x19109234
core   0: 0x80006238 (0xd9ff4193) xori    gp, t5, -609
core   0: 3 0x80006238 (0xd9ff4193) x 3 0xf8df5996
core   0: 0x8000623c (0x4d67ee93) ori     t4, a5, 1238
core   0: 3 0x8000623c (0x4d67ee93) x29 0x005984df
core   0: 0x80006240 (0x0180dd93) srli    s11, ra, 24
core   0: 3 0x80006240 (0x0180dd93) x27 0x00000000
core   0: 0x80006244 (0x0036e433) or      s0, a3, gp
core   0: 3 0x80006244 (0x0036e433) x 8 0xf8dffb97
core   0: 0x80006248 (0x01b83db3) sltu    s11, a6, s11
core   0: 3 0x80006248 (0x01b83db3) x27 0x00000000
core   0: 0x8000624c (0x00095b13) srli    s6, s2, 0
core   0: 3 0x8000624c (0x00095b13) x22 0x00000001
core   0: 0x80006250 (0x0170f5b3) and     a1, ra, s7
core   0: 3 0x80006250 (0x0170f5b3) x11 0x00000116
core   0: 0x80006254 (0x3c4bb593) sltiu   a1, s7, 964
core   0: 3 0x80006254 (0x3c4bb593) x11 0x00000000
core   0: 0x80006258 (0x018c9c33) sll     s8, s9, s8
core   0: 3 0x80006258 (0x018c9c33) x24 0xcf7e4000
core   0: 0x8000625c (0x00000013) nop
core   0: 3 0x8000625c (0x00000013)
core   0: 0x80006260 (0x00621fb3) sll     t6, tp, t1
core   0: 3 0x80006260 (0x00621fb3) x31 0xf0800000
core   0: 0x80006264 (0x00eb98b3) sll     a7, s7, a4
core   0: 3 0x80006264 (0x00eb98b3) x17 0xfffff9ff
core   0: 0x80006268 (0x0015a9b3) slt     s3, a1, ra
core   0: 3 0x80006268 (0x0015a9b3) x19 0x00000001
core   0: 0x8000626c (0x2b8c2293) slti    t0, s8, 696
core   0: 3 0x8000626c (0x2b8c2293) x 5 0x00000001
core   0: 0x80006270 (0x4013d6b3) sra     a3, t2, ra
core   0: 3 0x80006270 (0x4013d6b3) x13 0x00000105
core   0: 0x80006274 (0x7cadae93) slti    t4, s11, 1994
core   0: 3 0x80006274 (0x7cadae93) x29 0x00000001
core   0: 0x80006278 (0x013d9033) sll     zero, s11, s3
core   0: 3 0x80006278 (0x013d9033)
core   0: 0x8000627c (0x01336e33) or      t3, t1, s3
core   0: 3 0x8000627c (0x01336e33) x28 0x062b73f7
core   0: 0x80006280 (0x413a0833) sub     a6, s4, s3
core   0: 3 0x80006280 (0x413a0833) x16 0x80011e63
core   0: 0x80006284 (0xc229b413) sltiu   s0, s3, -990
core   0: 3 0x80006284 (0xc229b413) x 8 0x00000001
core   0: 0x80006288 (0x00000013) nop
core   0: 3 0x80006288 (0x00000013)
core   0: 0x8000628c (0xff122213) slti    tp, tp, -15
core   0: 3 0x8000628c (0xff122213) x 4 0x00000000
core   0: 0x80006290 (0xa03a3213) sltiu   tp, s4, -1533
core   0: 3 0x80006290 (0xa03a3213) x 4 0x00000001
core   0: 0x80006294 (0x87da2413) slti    s0, s4, -1923
core   0: 3 0x80006294 (0x87da2413) x 8 0x00000001
core   0: 0x80006298 (0x00fe0833) add     a6, t3, a5
core   0: 3 0x80006298 (0x00fe0833) x16 0x0684f452
core   0: 0x8000629c (0x403b5e33) sra     t3, s6, gp
core   0: 3 0x8000629c (0x403b5e33) x28 0x00000000
core   0: 0x800062a0 (0x014a8233) add     tp, s5, s4
core   0: 3 0x800062a0 (0x014a8233) x 4 0x00027b48
core   0: 0x800062a4 (0x40d6dd33) sra     s10, a3, a3
core   0: 3 0x800062a4 (0x40d6dd33) x26 0x00000008
core   0: 0x800062a8 (0x00ec98b3) sll     a7, s9, a4
core   0: 3 0x800062a8 (0x00ec98b3) x17 0xe7bf2000
core   0: 0x800062ac (0x010e4533) xor     a0, t3, a6
core   0: 3 0x800062ac (0x010e4533) x10 0x0684f452
core   0: 0x800062b0 (0x00580e33) add     t3, a6, t0
core   0: 3 0x800062b0 (0x00580e33) x28 0x0684f453
core   0: 0x800062b4 (0x41008cb3) sub     s9, ra, a6
core   0: 3 0x800062b4 (0x41008cb3) x25 0xf97b0ec4
core   0: 0x800062b8 (0x0182b1b3) sltu    gp, t0, s8
core   0: 3 0x800062b8 (0x0182b1b3) x 3 0x00000001
core   0: 0x800062bc (0xcf12e7b7) lui     a5, 0xcf12e
core   0: 3 0x800062bc (0xcf12e7b7) x15 0xcf12e000
core   0: 0x800062c0 (0xb1af9e17) auipc   t3, 0xb1af9
core   0: 3 0x800062c0 (0xb1af9e17) x28 0x31aff2c0
core   0: 0x800062c4 (0x41b2d713) srai    a4, t0, 27
core   0: 3 0x800062c4 (0x41b2d713) x14 0x00000000
core   0: 0x800062c8 (0x01d5c033) xor     zero, a1, t4
core   0: 3 0x800062c8 (0x01d5c033)
core   0: 0x800062cc (0x5420f393) andi    t2, ra, 1346
core   0: 3 0x800062cc (0x5420f393) x 7 0x00000102
core   0: 0x800062d0 (0x4088d113) srai    sp, a7, 8
core   0: 3 0x800062d0 (0x4088d113) x 2 0xffe7bf20
core   0: 0x800062d4 (0x008216b3) sll     a3, tp, s0
core   0: 3 0x800062d4 (0x008216b3) x13 0x0004f690
core   0: 0x800062d8 (0x00127db3) and     s11, tp, ra
core   0: 3 0x800062d8 (0x00127db3) x27 0x00000300
core   0: 0x800062dc (0x01241033) sll     zero, s0, s2
core   0: 3 0x800062dc (0x01241033)
core   0: 0x800062e0 (0x41355333) sra     t1, a0, s3
core   0: 3 0x800062e0 (0x41355333) x 6 0x03427a29
core   0: 0x800062e4 (0x01601033) sll     zero, zero, s6
core   0: 3 0x800062e4 (0x01601033)
core   0: 0x800062e8 (0x0011bc33) sltu    s8, gp, ra
core   0: 3 0x800062e8 (0x0011bc33) x24 0x00000001
core   0: 0x800062ec (0x01345513) srli    a0, s0, 19
core   0: 3 0x800062ec (0x01345513) x10 0x00000000
core   0: 0x800062f0 (0x011383b3) add     t2, t2, a7
core   0: 3 0x800062f0 (0x011383b3) x 7 0xe7bf2102
core   0: 0x800062f4 (0x00c90333) add     t1, s2, a2
core   0: 3 0x800062f4 (0x00c90333) x 6 0xef026aef
core   0: 0x800062f8 (0x412f87b3) sub     a5, t6, s2
core   0: 3 0x800062f8 (0x412f87b3) x15 0xf07fffff
core   0: 0x800062fc (0x001251b3) srl     gp, tp, ra
core   0: 3 0x800062fc (0x001251b3) x 3 0x00000000
core   0: 0x80006300 (0x92a6f113) andi    sp, a3, -1750
core   0: 3 0x80006300 (0x92a6f113) x 2 0x0004f000
core   0: 0x80006304 (0x017eb4b3) sltu    s1, t4, s7
core   0: 3 0x80006304 (0x017eb4b3) x 9 0x00000001
core   0: 0x80006308 (0x005fa333) slt     t1, t6, t0
core   0: 3 0x80006308 (0x005fa333) x 6 0x00000001
core   0: 0x8000630c (0x01180433) add     s0, a6, a7
core   0: 3 0x8000630c (0x01180433) x 8 0xee441452
core   0: 0x80006310 (0x00a92cb3) slt     s9, s2, a0
core   0: 3 0x80006310 (0x00a92cb3) x25 0x00000000
core   0: 0x80006314 (0x11da3913) sltiu   s2, s4, 285
core   0: 3 0x80006314 (0x11da3913) x18 0x00000000
core   0: 0x80006318 (0x01ac9293) slli    t0, s9, 26
core   0: 3 0x80006318 (0x01ac9293) x 5 0x00000000
core   0: 0x8000631c (0x00588f33) add     t5, a7, t0
core   0: 3 0x8000631c (0x00588f33) x30 0xe7bf2000
core   0: 0x80006320 (0x019746b3) xor     a3, a4, s9
core   0: 3 0x80006320 (0x019746b3) x13 0x00000000
core   0: 0x80006324 (0x00000013) nop
core   0: 3 0x80006324 (0x00000013)
core   0: 0x80006328 (0x017dce33) xor     t3, s11, s7
core   0: 3 0x80006328 (0x017dce33) x28 0xfffffaff
core   0: 0x8000632c (0x0e746413) ori     s0, s0, 231
core   0: 3 0x8000632c (0x0e746413) x 8 0xee4414f7
core   0: 0x80006330 (0x4ced0713) addi    a4, s10, 1230
core   0: 3 0x80006330 (0x4ced0713) x14 0x000004d6
core   0: 0x80006334 (0x00899233) sll     tp, s3, s0
core   0: 3 0x80006334 (0x00899233) x 4 0x00800000
core   0: 0x80006338 (0xd6653597) auipc   a1, 0xd6653
core   0: 3 0x80006338 (0xd6653597) x11 0x56659338
core   0: 0x8000633c (0x1eaecb13) xori    s6, t4, 490
core   0: 3 0x8000633c (0x1eaecb13) x22 0x000001eb
core   0: 0x80006340 (0x41f68f33) sub     t5, a3, t6
core   0: 3 0x80006340 (0x41f68f33) x30 0x0f800000
core   0: 0x80006344 (0x00000013) nop
core   0: 3 0x80006344 (0x00000013)
core   0: 0x80006348 (0x5e46c513) xori    a0, a3, 1508
core   0: 3 0x80006348 (0x5e46c513) x10 0x000005e4
core   0: 0x8000634c (0x012e5393) srli    t2, t3, 18
core   0: 3 0x8000634c (0x012e5393) x 7 0x00003fff
core   0: 0x80006350 (0x01c4c7b3) xor     a5, s1, t3
core   0: 3 0x80006350 (0x01c4c7b3) x15 0xfffffafe
core   0: 0x80006354 (0x41ab5293) srai    t0, s6, 26
core   0: 3 0x80006354 (0x41ab5293) x 5 0x00000000
core   0: 0x80006358 (0x02602d13) slti    s10, zero, 38
core   0: 3 0x80006358 (0x02602d13) x26 0x00000001
core   0: 0x8000635c (0x41b75013) srai    zero, a4, 27
core   0: 3 0x8000635c (0x41b75013)
core   0: 0x80006360 (0x01b05233) srl     tp, zero, s11
core   0: 3 0x80006360 (0x01b05233) x 4 0x00000000
core   0: 0x80006364 (0x00000013) nop
core   0: 3 0x80006364 (0x00000013)
core   0: 0x80006368 (0x40acdb33) sra     s6, s9, a0
core   0: 3 0x80006368 (0x40acdb33) x22 0x00000000
core   0: 0x8000636c (0x24e42797) auipc   a5, 0x24e42
core   0: 3 0x8000636c (0x24e42797) x15 0xa4e4836c
core   0: 0x80006370 (0x00f5b5b3) sltu    a1, a1, a5
core   0: 3 0x80006370 (0x00f5b5b3) x11 0x00000001
core   0: 0x80006374 (0x01a5d793) srli    a5, a1, 26
core   0: 3 0x80006374 (0x01a5d793) x15 0x00000000
core   0: 0x80006378 (0x00e8c133) xor     sp, a7, a4
core   0: 3 0x80006378 (0x00e8c133) x 2 0xe7bf24d6
core   0: 0x8000637c (0x0a7fab13) slti    s6, t6, 167
core   0: 3 0x8000637c (0x0a7fab13) x22 0x00000001
core   0: 0x80006380 (0x41af3b17) auipc   s6, 0x41af3
core   0: 3 0x80006380 (0x41af3b17) x22 0xc1af9380
core   0: 0x80006384 (0x00000013) nop
core   0: 3 0x80006384 (0x00000013)
core   0: 0x80006388 (0x419f0e33) sub     t3, t5, s9
core   0: 3 0x80006388 (0x419f0e33) x28 0x0f800000
core   0: 0x8000638c (0x01196333) or      t1, s2, a7
core   0: 3 0x8000638c (0x01196333) x 6 0xe7bf2000
core   0: 0x80006390 (0x001eb933) sltu    s2, t4, ra
core   0: 3 0x80006390 (0x001eb933) x18 0x00000001
core   0: 0x80006394 (0x03c96213) ori     tp, s2, 60
core   0: 3 0x80006394 (0x03c96213) x 4 0x0000003d
core   0: 0x80006398 (0x00000013) nop
core   0: 3 0x80006398 (0x00000013)
core   0: 0x8000639c (0x00451693) slli    a3, a0, 4
core   0: 3 0x8000639c (0x00451693) x13 0x00005e40
core   0: 0x800063a0 (0x011d44b3) xor     s1, s10, a7
core   0: 3 0x800063a0 (0x011d44b3) x 9 0xe7bf2001
core   0: 0x800063a4 (0x00000013) nop
core   0: 3 0x800063a4 (0x00000013)
core   0: 0x800063a8 (0x014fde13) srli    t3, t6, 20
core   0: 3 0x800063a8 (0x014fde13) x28 0x00000f08
core   0: 0x800063ac (0x5acecb97) auipc   s7, 0x5acec
core   0: 3 0x800063ac (0x5acecb97) x23 0xdacf23ac
core   0: 0x800063b0 (0x56934813) xori    a6, t1, 1385
core   0: 3 0x800063b0 (0x56934813) x16 0xe7bf2569
core   0: 0x800063b4 (0x014cbf33) sltu    t5, s9, s4
core   0: 3 0x800063b4 (0x014cbf33) x30 0x00000001
core   0: 0x800063b8 (0x00000013) nop
core   0: 3 0x800063b8 (0x00000013)
core   0: 0x800063bc (0x0081cb33) xor     s6, gp, s0
core   0: 3 0x800063bc (0x0081cb33) x22 0xee4414f7
core   0: 0x800063c0 (0x00000013) nop
core   0: 3 0x800063c0 (0x00000013)
core   0: 0x800063c4 (0x866a6197) auipc   gp, 0x866a6
core   0: 3 0x800063c4 (0x866a6197) x 3 0x066ac3c4
core   0: 0x800063c8 (0x01d5f133) and     sp, a1, t4
core   0: 3 0x800063c8 (0x01d5f133) x 2 0x00000001
core   0: 0x800063cc (0x8801bf93) sltiu   t6, gp, -1920
core   0: 3 0x800063cc (0x8801bf93) x31 0x00000001
core   0: 0x800063d0 (0x00d0cbb3) xor     s7, ra, a3
core   0: 3 0x800063d0 (0x00d0cbb3) x23 0x00005d56
core   0: 0x800063d4 (0x001f08b3) add     a7, t5, ra
core   0: 3 0x800063d4 (0x001f08b3) x17 0x00000317
core   0: 0x800063d8 (0x01172fb3) slt     t6, a4, a7
core   0: 3 0x800063d8 (0x01172fb3) x31 0x00000000
core   0: 0x800063dc (0xd1853413) sltiu   s0, a0, -744
core   0: 3 0x800063dc (0xd1853413) x 8 0x00000001
core   0: 0x800063e0 (0x015e5f33) srl     t5, t3, s5
core   0: 3 0x800063e0 (0x015e5f33) x30 0x000000f0
core   0: 0x800063e4 (0xeb6cf113) andi    sp, s9, -330
core   0: 3 0x800063e4 (0xeb6cf113) x 2 0x00000000
core   0: 0x800063e8 (0x003923b3) slt     t2, s2, gp
core   0: 3 0x800063e8 (0x003923b3) x 7 0x00000001
core   0: 0x800063ec (0x011a5413) srli    s0, s4, 17
core   0: 3 0x800063ec (0x011a5413) x 8 0x00004000
core   0: 0x800063f0 (0x00b3fbb3) and     s7, t2, a1
core   0: 3 0x800063f0 (0x00b3fbb3) x23 0x00000001
core   0: 0x800063f4 (0x006579b3) and     s3, a0, t1
core   0: 3 0x800063f4 (0x006579b3) x19 0x00000000
core   0: 0x800063f8 (0x823c3213) sltiu   tp, s8, -2013
core   0: 3 0x800063f8 (0x823c3213) x 4 0x00000001
core   0: 0x800063fc (0xcbecf797) auipc   a5, 0xcbecf
core   0: 3 0x800063fc (0xcbecf797) x15 0x4bed53fc
core   0: 0x80006400 (0x27588193) addi    gp, a7, 629
core   0: 3 0x80006400 (0x27588193) x 3 0x0000058c
core   0: 0x80006404 (0xbd914bb7) lui     s7, 0xbd914
core   0: 3 0x80006404 (0xbd914bb7) x23 0xbd914000
core   0: 0x80006408 (0x01c11813) slli    a6, sp, 28
core   0: 3 0x80006408 (0x01c11813) x16 0x00000000
core   0: 0x8000640c (0x41945113) srai    sp, s0, 25
core   0: 3 0x8000640c (0x41945113) x 2 0x00000000
core   0: 0x80006410 (0xc8206f93) ori     t6, zero, -894
core   0: 3 0x80006410 (0xc8206f93) x31 0xfffffc82
core   0: 0x80006414 (0x07121317) auipc   t1, 0x7121
core   0: 3 0x80006414 (0x07121317) x 6 0x87127414
core   0: 0x80006418 (0x406ed193) srai    gp, t4, 6
core   0: 3 0x80006418 (0x406ed193) x 3 0x00000000
core   0: 0x8000641c (0xdcd6b717) auipc   a4, 0xdcd6b
core   0: 3 0x8000641c (0xdcd6b717) x14 0x5cd7141c
core   0: 0x80006420 (0x014669b3) or      s3, a2, s4
core   0: 3 0x80006420 (0x014669b3) x19 0xef037eee
core   0: 0x80006424 (0x2ee08013) addi    zero, ra, 750
core   0: 3 0x80006424 (0x2ee08013)
core   0: 0x80006428 (0xdfb46993) ori     s3, s0, -517
core   0: 3 0x80006428 (0xdfb46993) x19 0xfffffdfb
core   0: 0x8000642c (0x40435b33) sra     s6, t1, tp
core   0: 3 0x8000642c (0x40435b33) x22 0xc3893a0a
core   0: 0x80006430 (0xc2054393) xori    t2, a0, -992
core   0: 3 0x80006430 (0xc2054393) x 7 0xfffff9c4
core   0: 0x80006434 (0x012b7433) and     s0, s6, s2
core   0: 3 0x80006434 (0x012b7433) x 8 0x00000000
core   0: 0x80006438 (0xffd98313) addi    t1, s3, -3
core   0: 3 0x80006438 (0xffd98313) x 6 0xfffffdf8
core   0: 0x8000643c (0x414f0133) sub     sp, t5, s4
core   0: 3 0x8000643c (0x414f0133) x 2 0x7ffee28c
core   0: 0x80006440 (0x003241b3) xor     gp, tp, gp
core   0: 3 0x80006440 (0x003241b3) x 3 0x00000001
core   0: 0x80006444 (0x4d0238b7) lui     a7, 0x4d023
core   0: 3 0x80006444 (0x4d0238b7) x17 0x4d023000
core   0: 0x80006448 (0x6d104893) xori    a7, zero, 1745
core   0: 3 0x80006448 (0x6d104893) x17 0x000006d1
core   0: 0x8000644c (0x8501c813) xori    a6, gp, -1968
core   0: 3 0x8000644c (0x8501c813) x16 0xfffff851
core   0: 0x80006450 (0x00000013) nop
core   0: 3 0x80006450 (0x00000013)
core   0: 0x80006454 (0x416281b3) sub     gp, t0, s6
core   0: 3 0x80006454 (0x416281b3) x 3 0x3c76c5f6
core   0: 0x80006458 (0x008b5bb3) srl     s7, s6, s0
core   0: 3 0x80006458 (0x008b5bb3) x23 0xc3893a0a
core   0: 0x8000645c (0x0114db13) srli    s6, s1, 17
core   0: 3 0x8000645c (0x0114db13) x22 0x000073df
core   0: 0x80006460 (0x004d1013) slli    zero, s10, 4
core   0: 3 0x80006460 (0x004d1013)
core   0: 0x80006464 (0x01f2b9b3) sltu    s3, t0, t6
core   0: 3 0x80006464 (0x01f2b9b3) x19 0x00000001
core   0: 0x80006468 (0x0be83c93) sltiu   s9, a6, 190
core   0: 3 0x80006468 (0x0be83c93) x25 0x00000000
core   0: 0x8000646c (0x01aedd93) srli    s11, t4, 26
core   0: 3 0x8000646c (0x01aedd93) x27 0x00000000
core   0: 0x80006470 (0x0017c533) xor     a0, a5, ra
core   0: 3 0x80006470 (0x0017c533) x10 0x4bed50ea
core   0: 0x80006474 (0x29966393) ori     t2, a2, 665
core   0: 3 0x80006474 (0x29966393) x 7 0xef026aff
core   0: 0x80006478 (0x00605733) srl     a4, zero, t1
core   0: 3 0x80006478 (0x00605733) x14 0x00000000
core   0: 0x8000647c (0xbad833b7) lui     t2, 0xbad83
core   0: 3 0x8000647c (0xbad833b7) x 7 0xbad83000
core   0: 0x80006480 (0x53342e93) slti    t4, s0, 1331
core   0: 3 0x80006480 (0x53342e93) x29 0x00000001
core   0: 0x80006484 (0x5c9a2217) auipc   tp, 0x5c9a2
core   0: 3 0x80006484 (0x5c9a2217) x 4 0xdc9a8484
core   0: 0x80006488 (0x016be833) or      a6, s7, s6
core   0: 3 0x80006488 (0x016be833) x16 0xc3897bdf
core   0: 0x8000648c (0x01f34d33) xor     s10, t1, t6
core   0: 3 0x8000648c (0x01f34d33) x26 0x0000017a
core   0: 0x80006490 (0x6206f813) andi    a6, a3, 1568
core   0: 3 0x80006490 (0x6206f813) x16 0x00000600
core   0: 0x80006494 (0xa41bbc93) sltiu   s9, s7, -1471
core   0: 3 0x80006494 (0xa41bbc93) x25 0x00000001
core   0: 0x80006498 (0xe4010c93) addi    s9, sp, -448
core   0: 3 0x80006498 (0xe4010c93) x25 0x7ffee0cc
core   0: 0x8000649c (0x45432493) slti    s1, t1, 1108
core   0: 3 0x8000649c (0x45432493) x 9 0x00000001
core   0: 0x800064a0 (0x7f6dc413) xori    s0, s11, 2038
core   0: 3 0x800064a0 (0x7f6dc413) x 8 0x000007f6
core   0: 0x800064a4 (0x01fbd913) srli    s2, s7, 31
core   0: 3 0x800064a4 (0x01fbd913) x18 0x00000001
core   0: 0x800064a8 (0x23259db7) lui     s11, 0x23259
core   0: 3 0x800064a8 (0x23259db7) x27 0x23259000
core   0: 0x800064ac (0x00005313) srli    t1, zero, 0
core   0: 3 0x800064ac (0x00005313) x 6 0x00000000
core   0: 0x800064b0 (0x0094a4b3) slt     s1, s1, s1
core   0: 3 0x800064b0 (0x0094a4b3) x 9 0x00000000
core   0: 0x800064b4 (0xc4ca0293) addi    t0, s4, -948
core   0: 3 0x800064b4 (0xc4ca0293) x 5 0x80011ab0
core   0: 0x800064b8 (0x019b75b3) and     a1, s6, s9
core   0: 3 0x800064b8 (0x019b75b3) x11 0x000060cc
core   0: 0x800064bc (0xd043cb13) xori    s6, t2, -764
core   0: 3 0x800064bc (0xd043cb13) x22 0x4527cd04
core   0: 0x800064c0 (0x405ddc33) sra     s8, s11, t0
core   0: 3 0x800064c0 (0x405ddc33) x24 0x00002325
core   0: 0x800064c4 (0x40ca50b3) sra     ra, s4, a2
core   0: 3 0x800064c4 (0x40ca50b3) x 1 0xfffe0004
core   0: 0x800064c8 (0x00000013) nop
core   0: 3 0x800064c8 (0x00000013)
core   0: 0x800064cc (0x0bebc013) xori    zero, s7, 190
core   0: 3 0x800064cc (0x0bebc013)
core   0: 0x800064d0 (0xc2933293) sltiu   t0, t1, -983
core   0: 3 0x800064d0 (0xc2933293) x 5 0x00000001
core   0: 0x800064d4 (0x01681233) sll     tp, a6, s6
core   0: 3 0x800064d4 (0x01681233) x 4 0x00006000
core   0: 0x800064d8 (0x00cf81b3) add     gp, t6, a2
core   0: 3 0x800064d8 (0x00cf81b3) x 3 0xef026770
core   0: 0x800064dc (0x409c06b3) sub     a3, s8, s1
core   0: 3 0x800064dc (0x409c06b3) x13 0x00002325
core   0: 0x800064e0 (0x41685113) srai    sp, a6, 22
core   0: 3 0x800064e0 (0x41685113) x 2 0x00000000
core   0: 0x800064e4 (0x40970333) sub     t1, a4, s1
core   0: 3 0x800064e4 (0x40970333) x 6 0x00000000
core   0: 0x800064e8 (0xdc66be93) sltiu   t4, a3, -570
core   0: 3 0x800064e8 (0xdc66be93) x29 0x00000001
core   0: 0x800064ec (0x40f80f33) sub     t5, a6, a5
core   0: 3 0x800064ec (0x40f80f33) x30 0xb412b204
core   0: 0x800064f0 (0x8c2f8d93) addi    s11, t6, -1854
core   0: 3 0x800064f0 (0x8c2f8d93) x27 0xfffff544
core   0: 0x800064f4 (0x97a6e413) ori     s0, a3, -1670
core   0: 3 0x800064f4 (0x97a6e413) x 8 0xfffffb7f
core   0: 0x800064f8 (0x01b1e133) or      sp, gp, s11
core   0: 3 0x800064f8 (0x01b1e133) x 2 0xfffff774
core   0: 0x800064fc (0x0185f233) and     tp, a1, s8
core   0: 3 0x800064fc (0x0185f233) x 4 0x00002004
core   0: 0x80006500 (0x00cb48b3) xor     a7, s6, a2
core   0: 3 0x80006500 (0x00cb48b3) x17 0xaa25a7ea
core   0: 0x80006504 (0x00183433) sltu    s0, a6, ra
core   0: 3 0x80006504 (0x00183433) x 8 0x00000001
core   0: 0x80006508 (0x014f9733) sll     a4, t6, s4
core   0: 3 0x80006508 (0x014f9733) x14 0xffffc820
core   0: 0x8000650c (0xe20bf313) andi    t1, s7, -480
core   0: 3 0x8000650c (0xe20bf313) x 6 0xc3893a00
core   0: 0x80006510 (0x41ecd2b3) sra     t0, s9, t5
core   0: 3 0x80006510 (0x41ecd2b3) x 5 0x07ffee0c
core   0: 0x80006514 (0x00b7e8b3) or      a7, a5, a1
core   0: 3 0x80006514 (0x00b7e8b3) x17 0x4bed73fc
core   0: 0x80006518 (0x80486293) ori     t0, a6, -2044
core   0: 3 0x80006518 (0x80486293) x 5 0xfffffe04
core   0: 0x8000651c (0x40975413) srai    s0, a4, 9
core   0: 3 0x8000651c (0x40975413) x 8 0xffffffe4
core   0: 0x80006520 (0x01e2e2b3) or      t0, t0, t5
core   0: 3 0x80006520 (0x01e2e2b3) x 5 0xfffffe04
core   0: 0x80006524 (0xfebd9e17) auipc   t3, 0xfebd9
core   0: 3 0x80006524 (0xfebd9e17) x28 0x7ebdf524
core   0: 0x80006528 (0x00fd3db3) sltu    s11, s10, a5
core   0: 3 0x80006528 (0x00fd3db3) x27 0x00000001
core   0: 0x8000652c (0x000c3133) sltu    sp, s8, zero
core   0: 3 0x8000652c (0x000c3133) x 2 0x00000000
core   0: 0x80006530 (0x017e2eb3) slt     t4, t3, s7
core   0: 3 0x80006530 (0x017e2eb3) x29 0x00000000
core   0: 0x80006534 (0x4e556593) ori     a1, a0, 1253
core   0: 3 0x80006534 (0x4e556593) x11 0x4bed54ef
core   0: 0x80006538 (0xb6a54393) xori    t2, a0, -1174
core   0: 3 0x80006538 (0xb6a54393) x 7 0xb412ab80
core   0: 0x8000653c (0x002498b3) sll     a7, s1, sp
core   0: 3 0x8000653c (0x002498b3) x17 0x00000000
core   0: 0x80006540 (0x543d6693) ori     a3, s10, 1347
core   0: 3 0x80006540 (0x543d6693) x13 0x0000057b
core   0: 0x80006544 (0x40d38233) sub     tp, t2, a3
core   0: 3 0x80006544 (0x40d38233) x 4 0xb412a605
core   0: 0x80006548 (0x9ac38593) addi    a1, t2, -1620
core   0: 3 0x80006548 (0x9ac38593) x11 0xb412a52c
core   0: 0x8000654c (0x01e45833) srl     a6, s0, t5
core   0: 3 0x8000654c (0x01e45833) x16 0x0ffffffe
core   0: 0x80006550 (0x012e3733) sltu    a4, t3, s2
core   0: 3 0x80006550 (0x012e3733) x14 0x00000000
core   0: 0x80006554 (0xa1262493) slti    s1, a2, -1518
core   0: 3 0x80006554 (0xa1262493) x 9 0x00000001
core   0: 0x80006558 (0x0c33eb13) ori     s6, t2, 195
core   0: 3 0x80006558 (0x0c33eb13) x22 0xb412abc3
core   0: 0x8000655c (0x401bd893) srai    a7, s7, 1
core   0: 3 0x8000655c (0x401bd893) x17 0xe1c49d05
core   0: 0x80006560 (0x016c09b3) add     s3, s8, s6
core   0: 3 0x80006560 (0x016c09b3) x19 0xb412cee8
core   0: 0x80006564 (0x013cd993) srli    s3, s9, 19
core   0: 3 0x80006564 (0x013cd993) x19 0x00000fff
core   0: 0x80006568 (0x410853b3) sra     t2, a6, a6
core   0: 3 0x80006568 (0x410853b3) x 7 0x00000000
core   0: 0x8000656c (0x019a2233) slt     tp, s4, s9
core   0: 3 0x8000656c (0x019a2233) x 4 0x00000001
core   0: 0x80006570 (0x1a6b0893) addi    a7, s6, 422
core   0: 3 0x80006570 (0x1a6b0893) x17 0xb412ad69
core   0: 0x80006574 (0x007633b3) sltu    t2, a2, t2
core   0: 3 0x80006574 (0x007633b3) x 7 0x00000000
core   0: 0x80006578 (0x00000013) nop
core   0: 3 0x80006578 (0x00000013)
core   0: 0x8000657c (0x40c27e93) andi    t4, tp, 1036
core   0: 3 0x8000657c (0x40c27e93) x29 0x00000000
core   0: 0x80006580 (0xa99607b7) lui     a5, 0xa9960
core   0: 3 0x80006580 (0xa99607b7) x15 0xa9960000
core   0: 0x80006584 (0x01542233) slt     tp, s0, s5
core   0: 3 0x80006584 (0x01542233) x 4 0x00000000
core   0: 0x80006588 (0x85ed3513) sltiu   a0, s10, -1954
core   0: 3 0x80006588 (0x85ed3513) x10 0x00000001
core   0: 0x8000658c (0x01d59513) slli    a0, a1, 29
core   0: 3 0x8000658c (0x01d59513) x10 0x80000000
core   0: 0x80006590 (0x00319b93) slli    s7, gp, 3
core   0: 3 0x80006590 (0x00319b93) x23 0x78133b80
core   0: 0x80006594 (0x00617eb3) and     t4, sp, t1
core   0: 3 0x80006594 (0x00617eb3) x29 0x00000000
core   0: 0x80006598 (0x4190a397) auipc   t2, 0x4190a
core   0: 3 0x80006598 (0x4190a397) x 7 0xc1910598
core   0: 0x8000659c (0x00545b93) srli    s7, s0, 5
core   0: 3 0x8000659c (0x00545b93) x23 0x07ffffff
core   0: 0x800065a0 (0x00f6d233) srl     tp, a3, a5
core   0: 3 0x800065a0 (0x00f6d233) x 4 0x0000057b
core   0: 0x800065a4 (0xbf4cf093) andi    ra, s9, -1036
core   0: 3 0x800065a4 (0xbf4cf093) x 1 0x7ffee0c4
core   0: 0x800065a8 (0x00a9dfb3) srl     t6, s3, a0
core   0: 3 0x800065a8 (0x00a9dfb3) x31 0x00000fff
core   0: 0x800065ac (0x00000013) nop
core   0: 3 0x800065ac (0x00000013)
core   0: 0x800065b0 (0x394d2013) slti    zero, s10, 916
core   0: 3 0x800065b0 (0x394d2013)
core   0: 0x800065b4 (0xf4639697) auipc   a3, 0xf4639
core   0: 3 0x800065b4 (0xf4639697) x13 0x7463f5b4
core   0: 0x800065b8 (0x00000013) nop
core   0: 3 0x800065b8 (0x00000013)
core   0: 0x800065bc (0x01b59fb3) sll     t6, a1, s11
core   0: 3 0x800065bc (0x01b59fb3) x31 0x68254a58
core   0: 0x800065c0 (0xc768d697) auipc   a3, 0xc768d
core   0: 3 0x800065c0 (0xc768d697) x13 0x476935c0
core   0: 0x800065c4 (0xd6214413) xori    s0, sp, -670
core   0: 3 0x800065c4 (0xd6214413) x 8 0xfffffd62
core   0: 0x800065c8 (0x416156b3) sra     a3, sp, s6
core   0: 3 0x800065c8 (0x416156b3) x13 0x00000000
core   0: 0x800065cc (0x01fceb33) or      s6, s9, t6
core   0: 3 0x800065cc (0x01fceb33) x22 0x7fffeadc
core   0: 0x800065d0 (0x41c151b3) sra     gp, sp, t3
core   0: 3 0x800065d0 (0x41c151b3) x 3 0x00000000
core   0: 0x800065d4 (0x3d386e13) ori     t3, a6, 979
core   0: 3 0x800065d4 (0x3d386e13) x28 0x0fffffff
core   0: 0x800065d8 (0x00000013) nop
core   0: 3 0x800065d8 (0x00000013)
core   0: 0x800065dc (0x00911413) slli    s0, sp, 9
core   0: 3 0x800065dc (0x00911413) x 8 0x00000000
core   0: 0x800065e0 (0xc9eb6793) ori     a5, s6, -866
core   0: 3 0x800065e0 (0xc9eb6793) x15 0xfffffede
core   0: 0x800065e4 (0x01640d33) add     s10, s0, s6
core   0: 3 0x800065e4 (0x01640d33) x26 0x7fffeadc
core   0: 0x800065e8 (0x00389233) sll     tp, a7, gp
core   0: 3 0x800065e8 (0x00389233) x 4 0xb412ad69
core   0: 0x800065ec (0x267ac713) xori    a4, s5, 615
core   0: 3 0x800065ec (0x267ac713) x14 0x80015e83
core   0: 0x800065f0 (0x00235213) srli    tp, t1, 2
core   0: 3 0x800065f0 (0x00235213) x 4 0x30e24e80
core   0: 0x800065f4 (0x011271b3) and     gp, tp, a7
core   0: 3 0x800065f4 (0x011271b3) x 3 0x30020c00
core   0: 0x800065f8 (0x5532fc93) andi    s9, t0, 1363
core   0: 3 0x800065f8 (0x5532fc93) x25 0x00000400
core   0: 0x800065fc (0x01b40c33) add     s8, s0, s11
core   0: 3 0x800065fc (0x01b40c33) x24 0x00000001
core   0: 0x80006600 (0x017621b3) slt     gp, a2, s7
core   0: 3 0x80006600 (0x017621b3) x 3 0x00000001
core   0: 0x80006604 (0x019b5713) srli    a4, s6, 25
core   0: 3 0x80006604 (0x019b5713) x14 0x0000003f
core   0: 0x80006608 (0x01a669b3) or      s3, a2, s10
core   0: 3 0x80006608 (0x01a669b3) x19 0xffffeafe
core   0: 0x8000660c (0x0101edb3) or      s11, gp, a6
core   0: 3 0x8000660c (0x0101edb3) x27 0x0fffffff
core   0: 0x80006610 (0x7b8c2b93) slti    s7, s8, 1976
core   0: 3 0x80006610 (0x7b8c2b93) x23 0x00000001
core   0: 0x80006614 (0xecdf4593) xori    a1, t5, -307
core   0: 3 0x80006614 (0xecdf4593) x11 0x4bed4cc9
core   0: 0x80006618 (0x01b644b3) xor     s1, a2, s11
core   0: 3 0x80006618 (0x01b644b3) x 9 0xe0fd9511
core   0: 0x8000661c (0xfb76c013) xori    zero, a3, -73
core   0: 3 0x8000661c (0xfb76c013)
core   0: 0x80006620 (0x00e8edb3) or      s11, a7, a4
core   0: 3 0x80006620 (0x00e8edb3) x27 0xb412ad7f
core   0: 0x80006624 (0x00470fb3) add     t6, a4, tp
core   0: 3 0x80006624 (0x00470fb3) x31 0x30e24ebf
core   0: 0x80006628 (0x016e9033) sll     zero, t4, s6
core   0: 3 0x80006628 (0x016e9033)
core   0: 0x8000662c (0x0179e233) or      tp, s3, s7
core   0: 3 0x8000662c (0x0179e233) x 4 0xffffeaff
core   0: 0x80006630 (0x00c76133) or      sp, a4, a2
core   0: 3 0x80006630 (0x00c76133) x 2 0xef026aff
core   0: 0x80006634 (0x00000013) nop
core   0: 3 0x80006634 (0x00000013)
core   0: 0x80006638 (0x01c70833) add     a6, a4, t3
core   0: 3 0x80006638 (0x01c70833) x16 0x1000003e
core   0: 0x8000663c (0x01291cb3) sll     s9, s2, s2
core   0: 3 0x8000663c (0x01291cb3) x25 0x00000002
core   0: 0x80006640 (0x00165793) srli    a5, a2, 1
core   0: 3 0x80006640 (0x00165793) x15 0x77813577
core   0: 0x80006644 (0x090514b7) lui     s1, 0x9051
core   0: 3 0x80006644 (0x090514b7) x 9 0x09051000
core   0: 0x80006648 (0x3dc780b7) lui     ra, 0x3dc78
core   0: 3 0x80006648 (0x3dc780b7) x 1 0x3dc78000
core   0: 0x8000664c (0xe5830b93) addi    s7, t1, -424
core   0: 3 0x8000664c (0xe5830b93) x23 0xc3893858
core   0: 0x80006650 (0x3ff04513) xori    a0, zero, 1023
core   0: 3 0x80006650 (0x3ff04513) x10 0x000003ff
core   0: 0x80006654 (0x89c9bd93) sltiu   s11, s3, -1892
core   0: 3 0x80006654 (0x89c9bd93) x27 0x00000001
core   0: 0x80006658 (0x01469833) sll     a6, a3, s4
core   0: 3 0x80006658 (0x01469833) x16 0x00000000
core   0: 0x8000665c (0xc9f9e713) ori     a4, s3, -865
core   0: 3 0x8000665c (0xc9f9e713) x14 0xfffffeff
core   0: 0x80006660 (0xb2372e93) slti    t4, a4, -1245
core   0: 3 0x80006660 (0xb2372e93) x29 0x00000000
core   0: 0x80006664 (0x0048d493) srli    s1, a7, 4
core   0: 3 0x80006664 (0x0048d493) x 9 0x0b412ad6
core   0: 0x80006668 (0x00000013) nop
core   0: 3 0x80006668 (0x00000013)
core   0: 0x8000666c (0x0035e033) or      zero, a1, gp
core   0: 3 0x8000666c (0x0035e033)
core   0: 0x80006670 (0x015fe1b3) or      gp, t6, s5
core   0: 3 0x80006670 (0x015fe1b3) x 3 0xb0e35eff
core   0: 0x80006674 (0x2443be17) auipc   t3, 0x2443b
core   0: 3 0x80006674 (0x2443be17) x28 0xa4441674
core   0: 0x80006678 (0x01d15233) srl     tp, sp, t4
core   0: 3 0x80006678 (0x01d15233) x 4 0xef026aff
core   0: 0x8000667c (0x00f450b3) srl     ra, s0, a5
core   0: 3 0x8000667c (0x00f450b3) x 1 0x00000000
core   0: 0x80006680 (0x01469093) slli    ra, a3, 20
core   0: 3 0x80006680 (0x01469093) x 1 0x00000000
core   0: 0x80006684 (0x01784f33) xor     t5, a6, s7
core   0: 3 0x80006684 (0x01784f33) x30 0xc3893858
core   0: 0x80006688 (0x01a2a4b3) slt     s1, t0, s10
core   0: 3 0x80006688 (0x01a2a4b3) x 9 0x00000001
core   0: 0x8000668c (0x00f0e4b3) or      s1, ra, a5
core   0: 3 0x8000668c (0x00f0e4b3) x 9 0x77813577
core   0: 0x80006690 (0x0103de93) srli    t4, t2, 16
core   0: 3 0x80006690 (0x0103de93) x29 0x0000c191
core   0: 0x80006694 (0x40485413) srai    s0, a6, 4
core   0: 3 0x80006694 (0x40485413) x 8 0x00000000
core   0: 0x80006698 (0x028b3217) auipc   tp, 0x28b3
core   0: 3 0x80006698 (0x028b3217) x 4 0x828b9698
core   0: 0x8000669c (0x009a77b3) and     a5, s4, s1
core   0: 3 0x8000669c (0x009a77b3) x15 0x00011464
core   0: 0x800066a0 (0xbcc04093) xori    ra, zero, -1076
core   0: 3 0x800066a0 (0xbcc04093) x 1 0xfffffbcc
core   0: 0x800066a4 (0x01076db3) or      s11, a4, a6
core   0: 3 0x800066a4 (0x01076db3) x27 0xfffffeff
core   0: 0x800066a8 (0x4792bb93) sltiu   s7, t0, 1145
core   0: 3 0x800066a8 (0x4792bb93) x23 0x00000000
core   0: 0x800066ac (0x411c5e13) srai    t3, s8, 17
core   0: 3 0x800066ac (0x411c5e13) x28 0x00000000
core   0: 0x800066b0 (0x00000013) nop
core   0: 3 0x800066b0 (0x00000013)
core   0: 0x800066b4 (0x0059d6b3) srl     a3, s3, t0
core   0: 3 0x800066b4 (0x0059d6b3) x13 0x0ffffeaf
core   0: 0x800066b8 (0x01481933) sll     s2, a6, s4
core   0: 3 0x800066b8 (0x01481933) x18 0x00000000
core   0: 0x800066bc (0x00598db3) add     s11, s3, t0
core   0: 3 0x800066bc (0x00598db3) x27 0xffffe902
core   0: 0x800066c0 (0x00000013) nop
core   0: 3 0x800066c0 (0x00000013)
core   0: 0x800066c4 (0x5a903193) sltiu   gp, zero, 1449
core   0: 3 0x800066c4 (0x5a903193) x 3 0x00000001
core   0: 0x800066c8 (0x00989493) slli    s1, a7, 9
core   0: 3 0x800066c8 (0x00989493) x 9 0x255ad200
core   0: 0x800066cc (0x01c216b3) sll     a3, tp, t3
core   0: 3 0x800066cc (0x01c216b3) x13 0x828b9698
core   0: 0x800066d0 (0x001c1db3) sll     s11, s8, ra
core   0: 3 0x800066d0 (0x001c1db3) x27 0x00001000
core   0: 0x800066d4 (0x00117333) and     t1, sp, ra
core   0: 3 0x800066d4 (0x00117333) x 6 0xef026acc
core   0: 0x800066d8 (0x4132dc93) srai    s9, t0, 19
core   0: 3 0x800066d8 (0x4132dc93) x25 0xffffffff
core   0: 0x800066dc (0xd621df97) auipc   t6, 0xd621d
core   0: 3 0x800066dc (0xd621df97) x31 0x562236dc
core   0: 0x800066e0 (0x00221c93) slli    s9, tp, 2
core   0: 3 0x800066e0 (0x00221c93) x25 0x0a2e5a60
core   0: 0x800066e4 (0xe2de2337) lui     t1, 0xe2de2
core   0: 3 0x800066e4 (0xe2de2337) x 6 0xe2de2000
core   0: 0x800066e8 (0x090fbd93) sltiu   s11, t6, 144
core   0: 3 0x800066e8 (0x090fbd93) x27 0x00000000
core   0: 0x800066ec (0x40178fb3) sub     t6, a5, ra
core   0: 3 0x800066ec (0x40178fb3) x31 0x00011898
core   0: 0x800066f0 (0x40ff8533) sub     a0, t6, a5
core   0: 3 0x800066f0 (0x40ff8533) x10 0x00000434
core   0: 0x800066f4 (0x0d37b693) sltiu   a3, a5, 211
core   0: 3 0x800066f4 (0x0d37b693) x13 0x00000000
core   0: 0x800066f8 (0x018d18b3) sll     a7, s10, s8
core   0: 3 0x800066f8 (0x018d18b3) x17 0xffffd5b8
core   0: 0x800066fc (0x064fb293) sltiu   t0, t6, 100
core   0: 3 0x800066fc (0x064fb293) x 5 0x00000000
core   0: 0x80006700 (0x4026d213) srai    tp, a3, 2
core   0: 3 0x80006700 (0x4026d213) x 4 0x00000000
core   0: 0x80006704 (0x377c5c17) auipc   s8, 0x377c5
core   0: 3 0x80006704 (0x377c5c17) x24 0xb77cb704
core   0: 0x80006708 (0x01427db3) and     s11, tp, s4
core   0: 3 0x80006708 (0x01427db3) x27 0x00000000
core   0: 0x8000670c (0xd32f2293) slti    t0, t5, -718
core   0: 3 0x8000670c (0xd32f2293) x 5 0x00000001
core   0: 0x80006710 (0x41cd5eb3) sra     t4, s10, t3
core   0: 3 0x80006710 (0x41cd5eb3) x29 0x7fffeadc
core   0: 0x80006714 (0x01fd1693) slli    a3, s10, 31
core   0: 3 0x80006714 (0x01fd1693) x13 0x00000000
core   0: 0x80006718 (0xde0bfb17) auipc   s6, 0xde0bf
core   0: 3 0x80006718 (0xde0bfb17) x22 0x5e0c5718
core   0: 0x8000671c (0x41f05413) srai    s0, zero, 31
core   0: 3 0x8000671c (0x41f05413) x 8 0x00000000
core   0: 0x80006720 (0x9c76cf13) xori    t5, a3, -1593
core   0: 3 0x80006720 (0x9c76cf13) x30 0xfffff9c7
core   0: 0x80006724 (0x6212c313) xori    t1, t0, 1569
core   0: 3 0x80006724 (0x6212c313) x 6 0x00000620
core   0: 0x80006728 (0x40475213) srai    tp, a4, 4
core   0: 3 0x80006728 (0x40475213) x 4 0xffffffef
core   0: 0x8000672c (0x40d60233) sub     tp, a2, a3
core   0: 3 0x8000672c (0x40d60233) x 4 0xef026aee
core   0: 0x80006730 (0x017d9f93) slli    t6, s11, 23
core   0: 3 0x80006730 (0x017d9f93) x31 0x00000000
core   0: 0x80006734 (0xc01f8193) addi    gp, t6, -1023
core   0: 3 0x80006734 (0xc01f8193) x 3 0xfffffc01
core   0: 0x80006738 (0x01dc8533) add     a0, s9, t4
core   0: 3 0x80006738 (0x01dc8533) x10 0x8a2e453c
core   0: 0x8000673c (0xecbe3e13) sltiu   t3, t3, -309
core   0: 3 0x8000673c (0xecbe3e13) x28 0x00000001
core   0: 0x80006740 (0x6d94cb93) xori    s7, s1, 1753
core   0: 3 0x80006740 (0x6d94cb93) x23 0x255ad4d9
core   0: 0x80006744 (0x006761b3) or      gp, a4, t1
core   0: 3 0x80006744 (0x006761b3) x 3 0xfffffeff
core   0: 0x80006748 (0x000cdd33) srl     s10, s9, zero
core   0: 3 0x80006748 (0x000cdd33) x26 0x0a2e5a60
core   0: 0x8000674c (0x00089833) sll     a6, a7, zero
core   0: 3 0x8000674c (0x00089833) x16 0xffffd5b8
core   0: 0x80006750 (0x31f94413) xori    s0, s2, 799
core   0: 3 0x80006750 (0x31f94413) x 8 0x0000031f
core   0: 0x80006754 (0x01fbbb33) sltu    s6, s7, t6
core   0: 3 0x80006754 (0x01fbbb33) x22 0x00000000
core   0: 0x80006758 (0x5e8ec293) xori    t0, t4, 1512
core   0: 3 0x80006758 (0x5e8ec293) x 5 0x7fffef34
core   0: 0x8000675c (0x01d7fd33) and     s10, a5, t4
core   0: 3 0x8000675c (0x01d7fd33) x26 0x00010044
core   0: 0x80006760 (0xc7e5c393) xori    t2, a1, -898
core   0: 3 0x80006760 (0xc7e5c393) x 7 0xb412b0b7
core   0: 0x80006764 (0x41d35b13) srai    s6, t1, 29
core   0: 3 0x80006764 (0x41d35b13) x22 0x00000000
core   0: 0x80006768 (0xf341f213) andi    tp, gp, -204
core   0: 3 0x80006768 (0xf341f213) x 4 0xfffffe34
core   0: 0x8000676c (0x018237b3) sltu    a5, tp, s8
core   0: 3 0x8000676c (0x018237b3) x15 0x00000000
core   0: 0x80006770 (0x001b5f33) srl     t5, s6, ra
core   0: 3 0x80006770 (0x001b5f33) x30 0x00000000
core   0: 0x80006774 (0x01e74d33) xor     s10, a4, t5
core   0: 3 0x80006774 (0x01e74d33) x26 0xfffffeff
core   0: 0x80006778 (0x00000013) nop
core   0: 3 0x80006778 (0x00000013)
core   0: 0x8000677c (0x000436b3) sltu    a3, s0, zero
core   0: 3 0x8000677c (0x000436b3) x13 0x00000000
core   0: 0x80006780 (0x005c26b3) slt     a3, s8, t0
core   0: 3 0x80006780 (0x005c26b3) x13 0x00000001
core   0: 0x80006784 (0x00177133) and     sp, a4, ra
core   0: 3 0x80006784 (0x00177133) x 2 0xfffffacc
core   0: 0x80006788 (0x56773f93) sltiu   t6, a4, 1383
core   0: 3 0x80006788 (0x56773f93) x31 0x00000000
core   0: 0x8000678c (0x014cc433) xor     s0, s9, s4
core   0: 3 0x8000678c (0x014cc433) x 8 0x8a2f4404
core   0: 0x80006790 (0x00540433) add     s0, s0, t0
core   0: 3 0x80006790 (0x00540433) x 8 0x0a2f3338
core   0: 0x80006794 (0x01d300b3) add     ra, t1, t4
core   0: 3 0x80006794 (0x01d300b3) x 1 0x7ffff0fc
core   0: 0x80006798 (0x0073d8b3) srl     a7, t2, t2
core   0: 3 0x80006798 (0x0073d8b3) x17 0x00000168
core   0: 0x8000679c (0x0097a933) slt     s2, a5, s1
core   0: 3 0x8000679c (0x0097a933) x18 0x00000001
core   0: 0x800067a0 (0x404e5533) sra     a0, t3, tp
core   0: 3 0x800067a0 (0x404e5533) x10 0x00000000
core   0: 0x800067a4 (0x7ea1c393) xori    t2, gp, 2026
core   0: 3 0x800067a4 (0x7ea1c393) x 7 0xfffff915
core   0: 0x800067a8 (0x4199d6b3) sra     a3, s3, s9
core   0: 3 0x800067a8 (0x4199d6b3) x13 0xffffeafe
core   0: 0x800067ac (0x00efd093) srli    ra, t6, 14
core   0: 3 0x800067ac (0x00efd093) x 1 0x00000000
core   0: 0x800067b0 (0xa7132f13) slti    t5, t1, -1423
core   0: 3 0x800067b0 (0xa7132f13) x30 0x00000000
core   0: 0x800067b4 (0x00275bb3) srl     s7, a4, sp
core   0: 3 0x800067b4 (0x00275bb3) x23 0x000fffff
core   0: 0x800067b8 (0x0024bd33) sltu    s10, s1, sp
core   0: 3 0x800067b8 (0x0024bd33) x26 0x00000001
core   0: 0x800067bc (0x40425f13) srai    t5, tp, 4
core   0: 3 0x800067bc (0x40425f13) x30 0xffffffe3
core   0: 0x800067c0 (0x41b7d193) srai    gp, a5, 27
core   0: 3 0x800067c0 (0x41b7d193) x 3 0x00000000
core   0: 0x800067c4 (0x065aee13) ori     t3, s5, 101
core   0: 3 0x800067c4 (0x065aee13) x28 0x80015ce5
core   0: 0x800067c8 (0x008c68b3) or      a7, s8, s0
core   0: 3 0x800067c8 (0x008c68b3) x17 0xbf7fb73c
core   0: 0x800067cc (0xd6c2a517) auipc   a0, 0xd6c2a
core   0: 3 0x800067cc (0xd6c2a517) x10 0x56c307cc
core   0: 0x800067d0 (0x01e24733) xor     a4, tp, t5
core   0: 3 0x800067d0 (0x01e24733) x14 0x000001d7
core   0: 0x800067d4 (0x00000013) nop
core   0: 3 0x800067d4 (0x00000013)
core   0: 0x800067d8 (0x01fa1593) slli    a1, s4, 31
core   0: 3 0x800067d8 (0x01fa1593) x11 0x00000000
core   0: 0x800067dc (0x88f43513) sltiu   a0, s0, -1905
core   0: 3 0x800067dc (0x88f43513) x10 0x00000001
core   0: 0x800067e0 (0x00000013) nop
core   0: 3 0x800067e0 (0x00000013)
core   0: 0x800067e4 (0x01c484b3) add     s1, s1, t3
core   0: 3 0x800067e4 (0x01c484b3) x 9 0xa55c2ee5
core   0: 0x800067e8 (0x1b8db993) sltiu   s3, s11, 440
core   0: 3 0x800067e8 (0x1b8db993) x19 0x00000001
core   0: 0x800067ec (0x01211b13) slli    s6, sp, 18
core   0: 3 0x800067ec (0x01211b13) x22 0xeb300000
core   0: 0x800067f0 (0x316ea013) slti    zero, t4, 790
core   0: 3 0x800067f0 (0x316ea013)
core   0: 0x800067f4 (0x012fd033) srl     zero, t6, s2
core   0: 3 0x800067f4 (0x012fd033)
core   0: 0x800067f8 (0x9e94bf37) lui     t5, 0x9e94b
core   0: 3 0x800067f8 (0x9e94bf37) x30 0x9e94b000
core   0: 0x800067fc (0xc0076893) ori     a7, a4, -1024
core   0: 3 0x800067fc (0xc0076893) x17 0xfffffdd7
core   0: 0x80006800 (0x40025393) srai    t2, tp, 0
core   0: 3 0x80006800 (0x40025393) x 7 0xfffffe34
core   0: 0x80006804 (0x408151b3) sra     gp, sp, s0
core   0: 3 0x80006804 (0x408151b3) x 3 0xffffffff
core   0: 0x80006808 (0x00b49e13) slli    t3, s1, 11
core   0: 3 0x80006808 (0x00b49e13) x28 0xe1772800
core   0: 0x8000680c (0x0122df93) srli    t6, t0, 18
core   0: 3 0x8000680c (0x0122df93) x31 0x00001fff
core   0: 0x80006810 (0x012f3933) sltu    s2, t5, s2
core   0: 3 0x80006810 (0x012f3933) x18 0x00000000
core   0: 0x80006814 (0x018b9f93) slli    t6, s7, 24
core   0: 3 0x80006814 (0x018b9f93) x31 0xff000000
core   0: 0x80006818 (0x0022d913) srli    s2, t0, 2
core   0: 3 0x80006818 (0x0022d913) x18 0x1ffffbcd
core   0: 0x8000681c (0x01809d13) slli    s10, ra, 24
core   0: 3 0x8000681c (0x01809d13) x26 0x00000000
core   0: 0x80006820 (0x011bceb3) xor     t4, s7, a7
core   0: 3 0x80006820 (0x011bceb3) x29 0xfff00228
core   0: 0x80006824 (0x6d656597) auipc   a1, 0x6d656
core   0: 3 0x80006824 (0x6d656597) x11 0xed65c824
core   0: 0x80006828 (0x731b4693) xori    a3, s6, 1841
core   0: 3 0x80006828 (0x731b4693) x13 0xeb300731
core   0: 0x8000682c (0xe1a74c13) xori    s8, a4, -486
core   0: 3 0x8000682c (0xe1a74c13) x24 0xffffffcd
core   0: 0x80006830 (0x98184113) xori    sp, a6, -1663
core   0: 3 0x80006830 (0x98184113) x 2 0x00002c39
core   0: 0x80006834 (0x00676f33) or      t5, a4, t1
core   0: 3 0x80006834 (0x00676f33) x30 0x000007f7
core   0: 0x80006838 (0x343be193) ori     gp, s7, 835
core   0: 3 0x80006838 (0x343be193) x 3 0x000fffff
core   0: 0x8000683c (0xc066dd17) auipc   s10, 0xc066d
core   0: 3 0x8000683c (0xc066dd17) x26 0x4067383c
core   0: 0x80006840 (0x86b6d1b7) lui     gp, 0x86b6d
core   0: 3 0x80006840 (0x86b6d1b7) x 3 0x86b6d000
core   0: 0x80006844 (0x41ed87b3) sub     a5, s11, t5
core   0: 3 0x80006844 (0x41ed87b3) x15 0xfffff809
core   0: 0x80006848 (0x62173013) sltiu   zero, a4, 1569
core   0: 3 0x80006848 (0x62173013)
core   0: 0x8000684c (0x00000013) nop
core   0: 3 0x8000684c (0x00000013)
core   0: 0x80006850 (0x0073a4b3) slt     s1, t2, t2
core   0: 3 0x80006850 (0x0073a4b3) x 9 0x00000000
core   0: 0x80006854 (0x00141933) sll     s2, s0, ra
core   0: 3 0x80006854 (0x00141933) x18 0x0a2f3338
core   0: 0x80006858 (0x00000013) nop
core   0: 3 0x80006858 (0x00000013)
core   0: 0x8000685c (0x7ab4e893) ori     a7, s1, 1963
core   0: 3 0x8000685c (0x7ab4e893) x17 0x000007ab
core   0: 0x80006860 (0x00000013) nop
core   0: 3 0x80006860 (0x00000013)
core   0: 0x80006864 (0xb98eb413) sltiu   s0, t4, -1128
core   0: 3 0x80006864 (0xb98eb413) x 8 0x00000001
core   0: 0x80006868 (0x090ad217) auipc   tp, 0x90ad
core   0: 3 0x80006868 (0x090ad217) x 4 0x890b3868
core   0: 0x8000686c (0x00357cb3) and     s9, a0, gp
core   0: 3 0x8000686c (0x00357cb3) x25 0x00000000
core   0: 0x80006870 (0x00add493) srli    s1, s11, 10
core   0: 3 0x80006870 (0x00add493) x 9 0x00000000
core   0: 0x80006874 (0x00a67d33) and     s10, a2, a0
core   0: 3 0x80006874 (0x00a67d33) x26 0x00000000
core   0: 0x80006878 (0x00000013) nop
core   0: 3 0x80006878 (0x00000013)
core   0: 0x8000687c (0x01cac433) xor     s0, s5, t3
core   0: 3 0x8000687c (0x01cac433) x 8 0x617674e4
core   0: 0x80006880 (0x7c437f93) andi    t6, t1, 1988
core   0: 3 0x80006880 (0x7c437f93) x31 0x00000600
core   0: 0x80006884 (0x41ce5b13) srai    s6, t3, 28
core   0: 3 0x80006884 (0x41ce5b13) x22 0xfffffffe
core   0: 0x80006888 (0xd0aa1d97) auipc   s11, 0xd0aa1
core   0: 3 0x80006888 (0xd0aa1d97) x27 0x50aa7888
core   0: 0x8000688c (0x00000013) nop
core   0: 3 0x8000688c (0x00000013)
core   0: 0x80006890 (0x67fb6993) ori     s3, s6, 1663
core   0: 3 0x80006890 (0x67fb6993) x19 0xffffffff
core   0: 0x80006894 (0x01421293) slli    t0, tp, 20
core   0: 3 0x80006894 (0x01421293) x 5 0x86800000
core   0: 0x80006898 (0x41408fb3) sub     t6, ra, s4
core   0: 3 0x80006898 (0x41408fb3) x31 0x7ffee19c
core   0: 0x8000689c (0x407ed793) srai    a5, t4, 7
core   0: 3 0x8000689c (0x407ed793) x15 0xffffe004
core   0: 0x800068a0 (0x011e42b3) xor     t0, t3, a7
core   0: 3 0x800068a0 (0x011e42b3) x 5 0xe1772fab
core   0: 0x800068a4 (0x406c5113) srai    sp, s8, 6
core   0: 3 0x800068a4 (0x406c5113) x 2 0xffffffff
core   0: 0x800068a8 (0x01fc2c33) slt     s8, s8, t6
core   0: 3 0x800068a8 (0x01fc2c33) x24 0x00000001
core   0: 0x800068ac (0x00165eb3) srl     t4, a2, ra
core   0: 3 0x800068ac (0x00165eb3) x29 0xef026aee
core   0: 0x800068b0 (0x400d03b3) sub     t2, s10, zero
core   0: 3 0x800068b0 (0x400d03b3) x 7 0x00000000
core   0: 0x800068b4 (0x00685733) srl     a4, a6, t1
core   0: 3 0x800068b4 (0x00685733) x14 0xffffd5b8
core   0: 0x800068b8 (0x00dc1b13) slli    s6, s8, 13
core   0: 3 0x800068b8 (0x00dc1b13) x22 0x00002000
core   0: 0x800068bc (0xc0d0ed93) ori     s11, ra, -1011
core   0: 3 0x800068bc (0xc0d0ed93) x27 0xfffffc0d
core   0: 0x800068c0 (0xb839c337) lui     t1, 0xb839c
core   0: 3 0x800068c0 (0xb839c337) x 6 0xb839c000
core   0: 0x800068c4 (0x01eee233) or      tp, t4, t5
core   0: 3 0x800068c4 (0x01eee233) x 4 0xef026fff
core   0: 0x800068c8 (0x00551393) slli    t2, a0, 5
core   0: 3 0x800068c8 (0x00551393) x 7 0x00000020
core   0: 0x800068cc (0x41fc0eb3) sub     t4, s8, t6
core   0: 3 0x800068cc (0x41fc0eb3) x29 0x80011e65
core   0: 0x800068d0 (0x00aa7b33) and     s6, s4, a0
core   0: 3 0x800068d0 (0x00aa7b33) x22 0x00000000
core   0: 0x800068d4 (0x0019deb3) srl     t4, s3, ra
core   0: 3 0x800068d4 (0x0019deb3) x29 0xffffffff
core   0: 0x800068d8 (0x5e196893) ori     a7, s2, 1505
core   0: 3 0x800068d8 (0x5e196893) x17 0x0a2f37f9
core   0: 0x800068dc (0x00225213) srli    tp, tp, 2
core   0: 3 0x800068dc (0x00225213) x 4 0x3bc09bff
core   0: 0x800068e0 (0x0118a5b3) slt     a1, a7, a7
core   0: 3 0x800068e0 (0x0118a5b3) x11 0x00000000
core   0: 0x800068e4 (0x00a11693) slli    a3, sp, 10
core   0: 3 0x800068e4 (0x00a11693) x13 0xfffffc00
core   0: 0x800068e8 (0x8592f593) andi    a1, t0, -1959
core   0: 3 0x800068e8 (0x8592f593) x11 0xe1772809
core   0: 0x800068ec (0xe0fc2193) slti    gp, s8, -497
core   0: 3 0x800068ec (0xe0fc2193) x 3 0x00000000
core   0: 0x800068f0 (0x3e370313) addi    t1, a4, 995
core   0: 3 0x800068f0 (0x3e370313) x 6 0xffffd99b
core   0: 0x800068f4 (0x009ba533) slt     a0, s7, s1
core   0: 3 0x800068f4 (0x009ba533) x10 0x00000000
core   0: 0x800068f8 (0x4153d513) srai    a0, t2, 21
core   0: 3 0x800068f8 (0x4153d513) x10 0x00000000
core   0: 0x800068fc (0x0179c933) xor     s2, s3, s7
core   0: 3 0x800068fc (0x0179c933) x18 0xfff00000
core   0: 0x80006900 (0x00000013) nop
core   0: 3 0x80006900 (0x00000013)
core   0: 0x80006904 (0x402bd893) srai    a7, s7, 2
core   0: 3 0x80006904 (0x402bd893) x17 0x0003ffff
core   0: 0x80006908 (0x0104d993) srli    s3, s1, 16
core   0: 3 0x80006908 (0x0104d993) x19 0x00000000
core   0: 0x8000690c (0x41ec0133) sub     sp, s8, t5
core   0: 3 0x8000690c (0x41ec0133) x 2 0xfffff80a
core   0: 0x80006910 (0x34a40c13) addi    s8, s0, 842
core   0: 3 0x80006910 (0x34a40c13) x24 0x6176782e
core   0: 0x80006914 (0x41e55533) sra     a0, a0, t5
core   0: 3 0x80006914 (0x41e55533) x10 0x00000000
core   0: 0x80006918 (0xef460f13) addi    t5, a2, -268
core   0: 3 0x80006918 (0xef460f13) x30 0xef0269e2
core   0: 0x8000691c (0x41b95433) sra     s0, s2, s11
core   0: 3 0x8000691c (0x41b95433) x 8 0xffffff80
core   0: 0x80006920 (0x40d88fb3) sub     t6, a7, a3
core   0: 3 0x80006920 (0x40d88fb3) x31 0x000403ff
core   0: 0x80006924 (0x01135993) srli    s3, t1, 17
core   0: 3 0x80006924 (0x01135993) x19 0x00007fff
core   0: 0x80006928 (0x00835893) srli    a7, t1, 8
core   0: 3 0x80006928 (0x00835893) x17 0x00ffffd9
core   0: 0x8000692c (0x01c78033) add     zero, a5, t3
core   0: 3 0x8000692c (0x01c78033)
core   0: 0x80006930 (0xc847bd13) sltiu   s10, a5, -892
core   0: 3 0x80006930 (0xc847bd13) x26 0x00000001
core   0: 0x80006934 (0x1ad72513) slti    a0, a4, 429
core   0: 3 0x80006934 (0x1ad72513) x10 0x00000001
core   0: 0x80006938 (0x8a7db713) sltiu   a4, s11, -1881
core   0: 3 0x80006938 (0x8a7db713) x14 0x00000000
core   0: 0x8000693c (0x00ec8133) add     sp, s9, a4
core   0: 3 0x8000693c (0x00ec8133) x 2 0x00000000
core   0: 0x80006940 (0xaeba8393) addi    t2, s5, -1301
core   0: 3 0x80006940 (0xaeba8393) x 7 0x800157cf
core   0: 0x80006944 (0x01c8b533) sltu    a0, a7, t3
core   0: 3 0x80006944 (0x01c8b533) x10 0x00000001
core   0: 0x80006948 (0x03202c93) slti    s9, zero, 50
core   0: 3 0x80006948 (0x03202c93) x25 0x00000001
core   0: 0x8000694c (0x00181493) slli    s1, a6, 1
core   0: 3 0x8000694c (0x00181493) x 9 0xffffab70
core   0: 0x80006950 (0x00e88bb3) add     s7, a7, a4
core   0: 3 0x80006950 (0x00e88bb3) x23 0x00ffffd9
core   0: 0x80006954 (0x004a88b3) add     a7, s5, tp
core   0: 3 0x80006954 (0x004a88b3) x17 0xbbc1f8e3
core   0: 0x80006958 (0x46ff8917) auipc   s2, 0x46ff8
core   0: 3 0x80006958 (0x46ff8917) x18 0xc6ffe958
core   0: 0x8000695c (0xdffff093) andi    ra, t6, -513
core   0: 3 0x8000695c (0xdffff093) x 1 0x000401ff
core   0: 0x80006960 (0x00000013) nop
core   0: 3 0x80006960 (0x00000013)
core   0: 0x80006964 (0x00ab9413) slli    s0, s7, 10
core   0: 3 0x80006964 (0x00ab9413) x 8 0xffff6400
core   0: 0x80006968 (0x01141f13) slli    t5, s0, 17
core   0: 3 0x80006968 (0x01141f13) x30 0xc8000000
core   0: 0x8000696c (0x01c55133) srl     sp, a0, t3
core   0: 3 0x8000696c (0x01c55133) x 2 0x00000001
core   0: 0x80006970 (0x01e3d333) srl     t1, t2, t5
core   0: 3 0x80006970 (0x01e3d333) x 6 0x800157cf
core   0: 0x80006974 (0x41f4d713) srai    a4, s1, 31
core   0: 3 0x80006974 (0x41f4d713) x14 0xffffffff
core   0: 0x80006978 (0x00049193) slli    gp, s1, 0
core   0: 3 0x80006978 (0x00049193) x 3 0xffffab70
core   0: 0x8000697c (0x001c2533) slt     a0, s8, ra
core   0: 3 0x8000697c (0x001c2533) x10 0x00000000
core   0: 0x80006980 (0x0092e6b3) or      a3, t0, s1
core   0: 3 0x80006980 (0x0092e6b3) x13 0xffffaffb
core   0: 0x80006984 (0xccd843b7) lui     t2, 0xccd84
core   0: 3 0x80006984 (0xccd843b7) x 7 0xccd84000
core   0: 0x80006988 (0x010ae033) or      zero, s5, a6
core   0: 3 0x80006988 (0x010ae033)
core   0: 0x8000698c (0x001300b3) add     ra, t1, ra
core   0: 3 0x8000698c (0x001300b3) x 1 0x800559ce
core   0: 0x80006990 (0x01076033) or      zero, a4, a6
core   0: 3 0x80006990 (0x01076033)
core   0: 0x80006994 (0x014c1793) slli    a5, s8, 20
core   0: 3 0x80006994 (0x014c1793) x15 0x82e00000
core   0: 0x80006998 (0xf092dd17) auipc   s10, 0xf092d
core   0: 3 0x80006998 (0xf092dd17) x26 0x70933998
core   0: 0x8000699c (0x343ff893) andi    a7, t6, 835
core   0: 3 0x8000699c (0x343ff893) x17 0x00000343
core   0: 0x800069a0 (0x0028d993) srli    s3, a7, 2
core   0: 3 0x800069a0 (0x0028d993) x19 0x000000d0
core   0: 0x800069a4 (0x40c75913) srai    s2, a4, 12
core   0: 3 0x800069a4 (0x40c75913) x18 0xffffffff
core   0: 0x800069a8 (0x09844697) auipc   a3, 0x9844
core   0: 3 0x800069a8 (0x09844697) x13 0x8984a9a8
core   0: 0x800069ac (0x4004d5b3) sra     a1, s1, zero
core   0: 3 0x800069ac (0x4004d5b3) x11 0xffffab70
core   0: 0x800069b0 (0xfe432f13) slti    t5, t1, -28
core   0: 3 0x800069b0 (0xfe432f13) x30 0x00000001
core   0: 0x800069b4 (0xcdfabd13) sltiu   s10, s5, -801
core   0: 3 0x800069b4 (0xcdfabd13) x26 0x00000001
core   0: 0x800069b8 (0x005f27b3) slt     a5, t5, t0
core   0: 3 0x800069b8 (0x005f27b3) x15 0x00000000
core   0: 0x800069bc (0x01fb9033) sll     zero, s7, t6
core   0: 3 0x800069bc (0x01fb9033)
core   0: 0x800069c0 (0x00fcaf33) slt     t5, s9, a5
core   0: 3 0x800069c0 (0x00fcaf33) x30 0x00000000
core   0: 0x800069c4 (0x41fe5d93) srai    s11, t3, 31
core   0: 3 0x800069c4 (0x41fe5d93) x27 0xffffffff
core   0: 0x800069c8 (0x006b10b3) sll     ra, s6, t1
core   0: 3 0x800069c8 (0x006b10b3) x 1 0x00000000
core   0: 0x800069cc (0x00b1c033) xor     zero, gp, a1
core   0: 3 0x800069cc (0x00b1c033)
core   0: 0x800069d0 (0x0153d993) srli    s3, t2, 21
core   0: 3 0x800069d0 (0x0153d993) x19 0x00000666
core   0: 0x800069d4 (0x011d9433) sll     s0, s11, a7
core   0: 3 0x800069d4 (0x011d9433) x 8 0xfffffff8
core   0: 0x800069d8 (0x00a218b3) sll     a7, tp, a0
core   0: 3 0x800069d8 (0x00a218b3) x17 0x3bc09bff
core   0: 0x800069dc (0x00e529b3) slt     s3, a0, a4
core   0: 3 0x800069dc (0x00e529b3) x19 0x00000000
core   0: 0x800069e0 (0x0160fbb3) and     s7, ra, s6
core   0: 3 0x800069e0 (0x0160fbb3) x23 0x00000000
core   0: 0x800069e4 (0x004eb6b3) sltu    a3, t4, tp
core   0: 3 0x800069e4 (0x004eb6b3) x13 0x00000000
core   0: 0x800069e8 (0x00000013) nop
core   0: 3 0x800069e8 (0x00000013)
core   0: 0x800069ec (0xf5d8a3b7) lui     t2, 0xf5d8a
core   0: 3 0x800069ec (0xf5d8a3b7) x 7 0xf5d8a000
core   0: 0x800069f0 (0x79862c13) slti    s8, a2, 1944
core   0: 3 0x800069f0 (0x79862c13) x24 0x00000001
core   0: 0x800069f4 (0x3dd4a513) slti    a0, s1, 989
core   0: 3 0x800069f4 (0x3dd4a513) x10 0x00000001
core   0: 0x800069f8 (0x0029d433) srl     s0, s3, sp
core   0: 3 0x800069f8 (0x0029d433) x 8 0x00000000
core   0: 0x800069fc (0x40e6d813) srai    a6, a3, 14
core   0: 3 0x800069fc (0x40e6d813) x16 0x00000000
core   0: 0x80006a00 (0x12ed6f13) ori     t5, s10, 302
core   0: 3 0x80006a00 (0x12ed6f13) x30 0x0000012f
core   0: 0x80006a04 (0x0119bb33) sltu    s6, s3, a7
core   0: 3 0x80006a04 (0x0119bb33) x22 0x00000001
core   0: 0x80006a08 (0x004a90b3) sll     ra, s5, tp
core   0: 3 0x80006a08 (0x004a90b3) x 1 0x00000000
core   0: 0x80006a0c (0x0dcaf413) andi    s0, s5, 220
core   0: 3 0x80006a0c (0x0dcaf413) x 8 0x000000c4
core   0: 0x80006a10 (0x409a0933) sub     s2, s4, s1
core   0: 3 0x80006a10 (0x409a0933) x18 0x800172f4
core   0: 0x80006a14 (0x01af17b3) sll     a5, t5, s10
core   0: 3 0x80006a14 (0x01af17b3) x15 0x0000025e
core   0: 0x80006a18 (0x6e236e17) auipc   t3, 0x6e236
core   0: 3 0x80006a18 (0x6e236e17) x28 0xee23ca18
core   0: 0x80006a1c (0x95fa6f93) ori     t6, s4, -1697
core   0: 3 0x80006a1c (0x95fa6f93) x31 0xffffff7f
core   0: 0x80006a20 (0x001936b3) sltu    a3, s2, ra
core   0: 3 0x80006a20 (0x001936b3) x13 0x00000000
core   0: 0x80006a24 (0x0006b233) sltu    tp, a3, zero
core   0: 3 0x80006a24 (0x0006b233) x 4 0x00000000
core   0: 0x80006a28 (0x2dabbc13) sltiu   s8, s7, 730
core   0: 3 0x80006a28 (0x2dabbc13) x24 0x00000001
core   0: 0x80006a2c (0x00001213) slli    tp, zero, 0
core   0: 3 0x80006a2c (0x00001213) x 4 0x00000000
core   0: 0x80006a30 (0x04ae6037) lui     zero, 0x4ae6
core   0: 3 0x80006a30 (0x04ae6037)
core   0: 0x80006a34 (0x0005c9b3) xor     s3, a1, zero
core   0: 3 0x80006a34 (0x0005c9b3) x19 0xffffab70
core   0: 0x80006a38 (0x236d2e13) slti    t3, s10, 566
core   0: 3 0x80006a38 (0x236d2e13) x28 0x00000001
core   0: 0x80006a3c (0x00a6ebb3) or      s7, a3, a0
core   0: 3 0x80006a3c (0x00a6ebb3) x23 0x00000001
core   0: 0x80006a40 (0x409a0233) sub     tp, s4, s1
core   0: 3 0x80006a40 (0x409a0233) x 4 0x800172f4
core   0: 0x80006a44 (0x002d02b3) add     t0, s10, sp
core   0: 3 0x80006a44 (0x002d02b3) x 5 0x00000002
core   0: 0x80006a48 (0x01afdeb3) srl     t4, t6, s10
core   0: 3 0x80006a48 (0x01afdeb3) x29 0x7fffffbf
core   0: 0x80006a4c (0x012bd013) srli    zero, s7, 18
core   0: 3 0x80006a4c (0x012bd013)
core   0: 0x80006a50 (0x00000013) nop
core   0: 3 0x80006a50 (0x00000013)
core   0: 0x80006a54 (0xcf667bb7) lui     s7, 0xcf667
core   0: 3 0x80006a54 (0xcf667bb7) x23 0xcf667000
core   0: 0x80006a58 (0x0125de13) srli    t3, a1, 18
core   0: 3 0x80006a58 (0x0125de13) x28 0x00003fff
core   0: 0x80006a5c (0x41a106b3) sub     a3, sp, s10
core   0: 3 0x80006a5c (0x41a106b3) x13 0x00000000
core   0: 0x80006a60 (0x01bfa5b3) slt     a1, t6, s11
core   0: 3 0x80006a60 (0x01bfa5b3) x11 0x00000001
core   0: 0x80006a64 (0x01107e33) and     t3, zero, a7
core   0: 3 0x80006a64 (0x01107e33) x28 0x00000000
core   0: 0x80006a68 (0x01a1a4b3) slt     s1, gp, s10
core   0: 3 0x80006a68 (0x01a1a4b3) x 9 0x00000001
core   0: 0x80006a6c (0x00fa3db3) sltu    s11, s4, a5
core   0: 3 0x80006a6c (0x00fa3db3) x27 0x00000000
core   0: 0x80006a70 (0xf1ab0b13) addi    s6, s6, -230
core   0: 3 0x80006a70 (0xf1ab0b13) x22 0xffffff1b
core   0: 0x80006a74 (0x01557033) and     zero, a0, s5
core   0: 3 0x80006a74 (0x01557033)
core   0: 0x80006a78 (0x97046e13) ori     t3, s0, -1680
core   0: 3 0x80006a78 (0x97046e13) x28 0xfffff9f4
core   0: 0x80006a7c (0x010aab33) slt     s6, s5, a6
core   0: 3 0x80006a7c (0x010aab33) x22 0x00000001
core   0: 0x80006a80 (0x3af38893) addi    a7, t2, 943
core   0: 3 0x80006a80 (0x3af38893) x17 0xf5d8a3af
core   0: 0x80006a84 (0x010064b3) or      s1, zero, a6
core   0: 3 0x80006a84 (0x010064b3) x 9 0x00000000
core   0: 0x80006a88 (0x4083d433) sra     s0, t2, s0
core   0: 3 0x80006a88 (0x4083d433) x 8 0xff5d8a00
core   0: 0x80006a8c (0x00000013) nop
core   0: 3 0x80006a8c (0x00000013)
core   0: 0x80006a90 (0x01b96d33) or      s10, s2, s11
core   0: 3 0x80006a90 (0x01b96d33) x26 0x800172f4
core   0: 0x80006a94 (0x014112b3) sll     t0, sp, s4
core   0: 3 0x80006a94 (0x014112b3) x 5 0x00000010
core   0: 0x80006a98 (0x97173393) sltiu   t2, a4, -1679
core   0: 3 0x80006a98 (0x97173393) x 7 0x00000000
core   0: 0x80006a9c (0x0051c833) xor     a6, gp, t0
core   0: 3 0x80006a9c (0x0051c833) x16 0xffffab60
core   0: 0x80006aa0 (0x66a7c417) auipc   s0, 0x66a7c
core   0: 3 0x80006aa0 (0x66a7c417) x 8 0xe6a82aa0
core   0: 0x80006aa4 (0x41a05813) srai    a6, zero, 26
core   0: 3 0x80006aa4 (0x41a05813) x16 0x00000000
core   0: 0x80006aa8 (0x00000013) nop
core   0: 3 0x80006aa8 (0x00000013)
core   0: 0x80006aac (0x8dddee93) ori     t4, s11, -1827
core   0: 3 0x80006aac (0x8dddee93) x29 0xfffff8dd
core   0: 0x80006ab0 (0x01b19b13) slli    s6, gp, 27
core   0: 3 0x80006ab0 (0x01b19b13) x22 0x80000000
core   0: 0x80006ab4 (0xff41f393) andi    t2, gp, -12
core   0: 3 0x80006ab4 (0xff41f393) x 7 0xffffab70
core   0: 0x80006ab8 (0x4083d3b3) sra     t2, t2, s0
core   0: 3 0x80006ab8 (0x4083d3b3) x 7 0xffffab70
core   0: 0x80006abc (0x0184e4b3) or      s1, s1, s8
core   0: 3 0x80006abc (0x0184e4b3) x 9 0x00000001
core   0: 0x80006ac0 (0xa05f7e93) andi    t4, t5, -1531
core   0: 3 0x80006ac0 (0xa05f7e93) x29 0x00000005
core   0: 0x80006ac4 (0x92d78913) addi    s2, a5, -1747
core   0: 3 0x80006ac4 (0x92d78913) x18 0xfffffb8b
core   0: 0x80006ac8 (0x367a8bb7) lui     s7, 0x367a8
core   0: 3 0x80006ac8 (0x367a8bb7) x23 0x367a8000
core   0: 0x80006acc (0x691d7913) andi    s2, s10, 1681
core   0: 3 0x80006acc (0x691d7913) x18 0x00000290
core   0: 0x80006ad0 (0x1ceb3193) sltiu   gp, s6, 462
core   0: 3 0x80006ad0 (0x1ceb3193) x 3 0x00000000
core   0: 0x80006ad4 (0xb2e68f97) auipc   t6, 0xb2e68
core   0: 3 0x80006ad4 (0xb2e68f97) x31 0x32e6ead4
core   0: 0x80006ad8 (0x7079c793) xori    a5, s3, 1799
core   0: 3 0x80006ad8 (0x7079c793) x15 0xffffac77
core   0: 0x80006adc (0x01e456b3) srl     a3, s0, t5
core   0: 3 0x80006adc (0x01e456b3) x13 0x0001cd50
core   0: 0x80006ae0 (0xcdface13) xori    t3, s5, -801
core   0: 3 0x80006ae0 (0xcdface13) x28 0x7ffea03b
core   0: 0x80006ae4 (0x01699813) slli    a6, s3, 22
core   0: 3 0x80006ae4 (0x01699813) x16 0xdc000000
core   0: 0x80006ae8 (0xabbe6c93) ori     s9, t3, -1349
core   0: 3 0x80006ae8 (0xabbe6c93) x25 0xfffffabb
core   0: 0x80006aec (0x41560233) sub     tp, a2, s5
core   0: 3 0x80006aec (0x41560233) x 4 0x6f010e0a
core   0: 0x80006af0 (0x7a333913) sltiu   s2, t1, 1955
core   0: 3 0x80006af0 (0x7a333913) x18 0x00000000
core   0: 0x80006af4 (0xc9f8c913) xori    s2, a7, -865
core   0: 3 0x80006af4 (0xc9f8c913) x18 0x0a275f30
core   0: 0x80006af8 (0x01d15b93) srli    s7, sp, 29
core   0: 3 0x80006af8 (0x01d15b93) x23 0x00000000
core   0: 0x80006afc (0x40c48fb3) sub     t6, s1, a2
core   0: 3 0x80006afc (0x40c48fb3) x31 0x10fd9513
core   0: 0x80006b00 (0x40a18333) sub     t1, gp, a0
core   0: 3 0x80006b00 (0x40a18333) x 6 0xffffffff
core   0: 0x80006b04 (0x00000013) nop
core   0: 3 0x80006b04 (0x00000013)
core   0: 0x80006b08 (0x52bcd837) lui     a6, 0x52bcd
core   0: 3 0x80006b08 (0x52bcd837) x16 0x52bcd000
core   0: 0x80006b0c (0x008c97b3) sll     a5, s9, s0
core   0: 3 0x80006b0c (0x008c97b3) x15 0xfffffabb
core   0: 0x80006b10 (0x4051d293) srai    t0, gp, 5
core   0: 3 0x80006b10 (0x4051d293) x 5 0x00000000
core   0: 0x80006b14 (0x00ac2533) slt     a0, s8, a0
core   0: 3 0x80006b14 (0x00ac2533) x10 0x00000000
core   0: 0x80006b18 (0x0171a533) slt     a0, gp, s7
core   0: 3 0x80006b18 (0x0171a533) x10 0x00000000
core   0: 0x80006b1c (0x7d8ec993) xori    s3, t4, 2008
core   0: 3 0x80006b1c (0x7d8ec993) x19 0x000007dd
core   0: 0x80006b20 (0x01dda8b3) slt     a7, s11, t4
core   0: 3 0x80006b20 (0x01dda8b3) x17 0x00000001
core   0: 0x80006b24 (0x0196f833) and     a6, a3, s9
core   0: 3 0x80006b24 (0x0196f833) x16 0x0001c810
core   0: 0x80006b28 (0x01baa8b3) slt     a7, s5, s11
core   0: 3 0x80006b28 (0x01baa8b3) x17 0x00000001
core   0: 0x80006b2c (0x01bb5b33) srl     s6, s6, s11
core   0: 3 0x80006b2c (0x01bb5b33) x22 0x80000000
core   0: 0x80006b30 (0x00657db3) and     s11, a0, t1
core   0: 3 0x80006b30 (0x00657db3) x27 0x00000000
core   0: 0x80006b34 (0x40635c13) srai    s8, t1, 6
core   0: 3 0x80006b34 (0x40635c13) x24 0xffffffff
core   0: 0x80006b38 (0x34bf2713) slti    a4, t5, 843
core   0: 3 0x80006b38 (0x34bf2713) x14 0x00000001
core   0: 0x80006b3c (0xe071cd13) xori    s10, gp, -505
core   0: 3 0x80006b3c (0xe071cd13) x26 0xfffffe07
core   0: 0x80006b40 (0x00dd57b3) srl     a5, s10, a3
core   0: 3 0x80006b40 (0x00dd57b3) x15 0x0000ffff
core   0: 0x80006b44 (0x00cd7433) and     s0, s10, a2
core   0: 3 0x80006b44 (0x00cd7433) x 8 0xef026a06
core   0: 0x80006b48 (0x01061193) slli    gp, a2, 16
core   0: 3 0x80006b48 (0x01061193) x 3 0x6aee0000
core   0: 0x80006b4c (0x7e182893) slti    a7, a6, 2017
core   0: 3 0x80006b4c (0x7e182893) x17 0x00000000
core   0: 0x80006b50 (0x253dce13) xori    t3, s11, 595
core   0: 3 0x80006b50 (0x253dce13) x28 0x00000253
core   0: 0x80006b54 (0x00075733) srl     a4, a4, zero
core   0: 3 0x80006b54 (0x00075733) x14 0x00000001
core   0: 0x80006b58 (0x12916813) ori     a6, sp, 297
core   0: 3 0x80006b58 (0x12916813) x16 0x00000129
core   0: 0x80006b5c (0x00829c33) sll     s8, t0, s0
core   0: 3 0x80006b5c (0x00829c33) x24 0x00000000
core   0: 0x80006b60 (0x01635913) srli    s2, t1, 22
core   0: 3 0x80006b60 (0x01635913) x18 0x000003ff
core   0: 0x80006b64 (0x01ffd433) srl     s0, t6, t6
core   0: 3 0x80006b64 (0x01ffd433) x 8 0x0000021f
core   0: 0x80006b68 (0x002222b3) slt     t0, tp, sp
core   0: 3 0x80006b68 (0x002222b3) x 5 0x00000000
core   0: 0x80006b6c (0x00000013) nop
core   0: 3 0x80006b6c (0x00000013)
core   0: 0x80006b70 (0x4139dc13) srai    s8, s3, 19
core   0: 3 0x80006b70 (0x4139dc13) x24 0x00000000
core   0: 0x80006b74 (0xc174ae13) slti    t3, s1, -1001
core   0: 3 0x80006b74 (0xc174ae13) x28 0x00000000
core   0: 0x80006b78 (0x00000013) nop
core   0: 3 0x80006b78 (0x00000013)
core   0: 0x80006b7c (0x01014133) xor     sp, sp, a6
core   0: 3 0x80006b7c (0x01014133) x 2 0x00000128
core   0: 0x80006b80 (0x416f0933) sub     s2, t5, s6
core   0: 3 0x80006b80 (0x416f0933) x18 0x8000012f
core   0: 0x80006b84 (0xb458cf93) xori    t6, a7, -1211
core   0: 3 0x80006b84 (0xb458cf93) x31 0xfffffb45
core   0: 0x80006b88 (0x007263b3) or      t2, tp, t2
core   0: 3 0x80006b88 (0x007263b3) x 7 0xffffaf7a
core   0: 0x80006b8c (0x15ad7b93) andi    s7, s10, 346
core   0: 3 0x80006b8c (0x15ad7b93) x23 0x00000002
core   0: 0x80006b90 (0x8ad88893) addi    a7, a7, -1875
core   0: 3 0x80006b90 (0x8ad88893) x17 0xfffff8ad
core   0: 0x80006b94 (0x00399c93) slli    s9, s3, 3
core   0: 3 0x80006b94 (0x00399c93) x25 0x00003ee8
core   0: 0x80006b98 (0x2b593713) sltiu   a4, s2, 693
core   0: 3 0x80006b98 (0x2b593713) x14 0x00000000
core   0: 0x80006b9c (0x405fdb13) srai    s6, t6, 5
core   0: 3 0x80006b9c (0x405fdb13) x22 0xffffffda
core   0: 0x80006ba0 (0x41675813) srai    a6, a4, 22
core   0: 3 0x80006ba0 (0x41675813) x16 0x00000000
core   0: 0x80006ba4 (0x404f5bb3) sra     s7, t5, tp
core   0: 3 0x80006ba4 (0x404f5bb3) x23 0x00000000
core   0: 0x80006ba8 (0x004d87b3) add     a5, s11, tp
core   0: 3 0x80006ba8 (0x004d87b3) x15 0x6f010e0a
core   0: 0x80006bac (0x006c8d33) add     s10, s9, t1
core   0: 3 0x80006bac (0x006c8d33) x26 0x00003ee7
core   0: 0x80006bb0 (0x01481c13) slli    s8, a6, 20
core   0: 3 0x80006bb0 (0x01481c13) x24 0x00000000
core   0: 0x80006bb4 (0x2b14e593) ori     a1, s1, 689
core   0: 3 0x80006bb4 (0x2b14e593) x11 0x000002b1
core   0: 0x80006bb8 (0x006cdbb3) srl     s7, s9, t1
core   0: 3 0x80006bb8 (0x006cdbb3) x23 0x00000000
core   0: 0x80006bbc (0x01f5d693) srli    a3, a1, 31
core   0: 3 0x80006bbc (0x01f5d693) x13 0x00000000
core   0: 0x80006bc0 (0xac083293) sltiu   t0, a6, -1344
core   0: 3 0x80006bc0 (0xac083293) x 5 0x00000001
core   0: 0x80006bc4 (0x01c5e8b3) or      a7, a1, t3
core   0: 3 0x80006bc4 (0x01c5e8b3) x17 0x000002b1
core   0: 0x80006bc8 (0x4139d2b3) sra     t0, s3, s3
core   0: 3 0x80006bc8 (0x4139d2b3) x 5 0x00000000
core   0: 0x80006bcc (0xaae1b893) sltiu   a7, gp, -1362
core   0: 3 0x80006bcc (0xaae1b893) x17 0x00000001
core   0: 0x80006bd0 (0xa9c0af97) auipc   t6, 0xa9c0a
core   0: 3 0x80006bd0 (0xa9c0af97) x31 0x29c10bd0
core   0: 0x80006bd4 (0x00000013) nop
core   0: 3 0x80006bd4 (0x00000013)
core   0: 0x80006bd8 (0xcce4cc93) xori    s9, s1, -818
core   0: 3 0x80006bd8 (0xcce4cc93) x25 0xfffffccf
core   0: 0x80006bdc (0x00000013) nop
core   0: 3 0x80006bdc (0x00000013)
core   0: 0x80006be0 (0xe8bfc6b7) lui     a3, 0xe8bfc
core   0: 3 0x80006be0 (0xe8bfc6b7) x13 0xe8bfc000
core   0: 0x80006be4 (0xac9c4213) xori    tp, s8, -1335
core   0: 3 0x80006be4 (0xac9c4213) x 4 0xfffffac9
core   0: 0x80006be8 (0x0141cb33) xor     s6, gp, s4
core   0: 3 0x80006be8 (0x0141cb33) x22 0xeaef1e64
core   0: 0x80006bec (0x00e45e33) srl     t3, s0, a4
core   0: 3 0x80006bec (0x00e45e33) x28 0x0000021f
core   0: 0x80006bf0 (0x0004f733) and     a4, s1, zero
core   0: 3 0x80006bf0 (0x0004f733) x14 0x00000000
core   0: 0x80006bf4 (0x73e28793) addi    a5, t0, 1854
core   0: 3 0x80006bf4 (0x73e28793) x15 0x0000073e
core   0: 0x80006bf8 (0x00567b33) and     s6, a2, t0
core   0: 3 0x80006bf8 (0x00567b33) x22 0x00000000
core   0: 0x80006bfc (0x00071bb3) sll     s7, a4, zero
core   0: 3 0x80006bfc (0x00071bb3) x23 0x00000000
core   0: 0x80006c00 (0x00c73033) sltu    zero, a4, a2
core   0: 3 0x80006c00 (0x00c73033)
core   0: 0x80006c04 (0x1c406797) auipc   a5, 0x1c406
core   0: 3 0x80006c04 (0x1c406797) x15 0x9c40cc04
core   0: 0x80006c08 (0x76793197) auipc   gp, 0x76793
core   0: 3 0x80006c08 (0x76793197) x 3 0xf6799c08
core   0: 0x80006c0c (0x41d95813) srai    a6, s2, 29
core   0: 3 0x80006c0c (0x41d95813) x16 0xfffffffc
core   0: 0x80006c10 (0x5dc4a213) slti    tp, s1, 1500
core   0: 3 0x80006c10 (0x5dc4a213) x 4 0x00000001
core   0: 0x80006c14 (0x00000013) nop
core   0: 3 0x80006c14 (0x00000013)
core   0: 0x80006c18 (0x01bdc433) xor     s0, s11, s11
core   0: 3 0x80006c18 (0x01bdc433) x 8 0x00000000
core   0: 0x80006c1c (0x28468113) addi    sp, a3, 644
core   0: 3 0x80006c1c (0x28468113) x 2 0xe8bfc284
core   0: 0x80006c20 (0x00aba0b3) slt     ra, s7, a0
core   0: 3 0x80006c20 (0x00aba0b3) x 1 0x00000000
core   0: 0x80006c24 (0x409cd733) sra     a4, s9, s1
core   0: 3 0x80006c24 (0x409cd733) x14 0xfffffe67
core   0: 0x80006c28 (0x00b65f13) srli    t5, a2, 11
core   0: 3 0x80006c28 (0x00b65f13) x30 0x001de04d
core   0: 0x80006c2c (0x00978733) add     a4, a5, s1
core   0: 3 0x80006c2c (0x00978733) x14 0x9c40cc05
core   0: 0x80006c30 (0x4199d413) srai    s0, s3, 25
core   0: 3 0x80006c30 (0x4199d413) x 8 0x00000000
core   0: 0x80006c34 (0xd17cf213) andi    tp, s9, -745
core   0: 3 0x80006c34 (0xd17cf213) x 4 0xfffffc07
core   0: 0x80006c38 (0x00e5b4b3) sltu    s1, a1, a4
core   0: 3 0x80006c38 (0x00e5b4b3) x 9 0x00000001
core   0: 0x80006c3c (0x01a81113) slli    sp, a6, 26
core   0: 3 0x80006c3c (0x01a81113) x 2 0xf0000000
core   0: 0x80006c40 (0x01104d33) xor     s10, zero, a7
core   0: 3 0x80006c40 (0x01104d33) x26 0x00000001
core   0: 0x80006c44 (0x015becb3) or      s9, s7, s5
core   0: 3 0x80006c44 (0x015becb3) x25 0x80015ce4
core   0: 0x80006c48 (0x01d2bbb3) sltu    s7, t0, t4
core   0: 3 0x80006c48 (0x01d2bbb3) x23 0x00000001
core   0: 0x80006c4c (0x01361bb3) sll     s7, a2, s3
core   0: 3 0x80006c4c (0x01361bb3) x23 0xc0000000
core   0: 0x80006c50 (0x015d86b3) add     a3, s11, s5
core   0: 3 0x80006c50 (0x015d86b3) x13 0x80015ce4
core   0: 0x80006c54 (0xc4821bb7) lui     s7, 0xc4821
core   0: 3 0x80006c54 (0xc4821bb7) x23 0xc4821000
core   0: 0x80006c58 (0x01b70fb3) add     t6, a4, s11
core   0: 3 0x80006c58 (0x01b70fb3) x31 0x9c40cc05
core   0: 0x80006c5c (0xb7d77713) andi    a4, a4, -1155
core   0: 3 0x80006c5c (0xb7d77713) x14 0x9c40c805
core   0: 0x80006c60 (0xea72a413) slti    s0, t0, -345
core   0: 3 0x80006c60 (0xea72a413) x 8 0x00000000
core   0: 0x80006c64 (0x41145093) srai    ra, s0, 17
core   0: 3 0x80006c64 (0x41145093) x 1 0x00000000
core   0: 0x80006c68 (0x019fe8b3) or      a7, t6, s9
core   0: 3 0x80006c68 (0x019fe8b3) x17 0x9c41dce5
core   0: 0x80006c6c (0x40c7d393) srai    t2, a5, 12
core   0: 3 0x80006c6c (0x40c7d393) x 7 0xfff9c40c
core   0: 0x80006c70 (0x417e0eb3) sub     t4, t3, s7
core   0: 3 0x80006c70 (0x417e0eb3) x29 0x3b7df21f
core   0: 0x80006c74 (0x00601913) slli    s2, zero, 6
core   0: 3 0x80006c74 (0x00601913) x18 0x00000000
core   0: 0x80006c78 (0x1994a113) slti    sp, s1, 409
core   0: 3 0x80006c78 (0x1994a113) x 2 0x00000001
core   0: 0x80006c7c (0x4195d413) srai    s0, a1, 25
core   0: 3 0x80006c7c (0x4195d413) x 8 0x00000000
core   0: 0x80006c80 (0x0139eb33) or      s6, s3, s3
core   0: 3 0x80006c80 (0x0139eb33) x22 0x000007dd
core   0: 0x80006c84 (0x6113f713) andi    a4, t2, 1553
core   0: 3 0x80006c84 (0x6113f713) x14 0x00000400
core   0: 0x80006c88 (0x001aacb3) slt     s9, s5, ra
core   0: 3 0x80006c88 (0x001aacb3) x25 0x00000001
core   0: 0x80006c8c (0x527f0193) addi    gp, t5, 1319
core   0: 3 0x80006c8c (0x527f0193) x 3 0x001de574
core   0: 0x80006c90 (0x01151c93) slli    s9, a0, 17
core   0: 3 0x80006c90 (0x01151c93) x25 0x00000000
core   0: 0x80006c94 (0x01dbbe33) sltu    t3, s7, t4
core   0: 3 0x80006c94 (0x01dbbe33) x28 0x00000000
core   0: 0x80006c98 (0xd8d72513) slti    a0, a4, -627
core   0: 3 0x80006c98 (0xd8d72513) x10 0x00000000
core   0: 0x80006c9c (0x00000013) nop
core   0: 3 0x80006c9c (0x00000013)
core   0: 0x80006ca0 (0x4819b213) sltiu   tp, s3, 1153
core   0: 3 0x80006ca0 (0x4819b213) x 4 0x00000000
core   0: 0x80006ca4 (0x00000013) nop
core   0: 3 0x80006ca4 (0x00000013)
core   0: 0x80006ca8 (0x7beb7213) andi    tp, s6, 1982
core   0: 3 0x80006ca8 (0x7beb7213) x 4 0x0000079c
core   0: 0x80006cac (0xb973fd93) andi    s11, t2, -1129
core   0: 3 0x80006cac (0xb973fd93) x27 0xfff9c004
core   0: 0x80006cb0 (0x93d98413) addi    s0, s3, -1731
core   0: 3 0x80006cb0 (0x93d98413) x 8 0x0000011a
core   0: 0x80006cb4 (0x017e6433) or      s0, t3, s7
core   0: 3 0x80006cb4 (0x017e6433) x 8 0xc4821000
core   0: 0x80006cb8 (0x00727933) and     s2, tp, t2
core   0: 3 0x80006cb8 (0x00727933) x18 0x0000040c
core   0: 0x80006cbc (0x24a96f13) ori     t5, s2, 586
core   0: 3 0x80006cbc (0x24a96f13) x30 0x0000064e
core   0: 0x80006cc0 (0x015a62b3) or      t0, s4, s5
core   0: 3 0x80006cc0 (0x015a62b3) x 5 0x80015ee4
core   0: 0x80006cc4 (0x00d284b3) add     s1, t0, a3
core   0: 3 0x80006cc4 (0x00d284b3) x 9 0x0002bbc8
core   0: 0x80006cc8 (0x166fe513) ori     a0, t6, 358
core   0: 3 0x80006cc8 (0x166fe513) x10 0x9c40cd67
core   0: 0x80006ccc (0x00fa4133) xor     sp, s4, a5
core   0: 3 0x80006ccc (0x00fa4133) x 2 0x1c41d260
core   0: 0x80006cd0 (0x238b9c17) auipc   s8, 0x238b9
core   0: 3 0x80006cd0 (0x238b9c17) x24 0xa38bfcd0
core   0: 0x80006cd4 (0x01b19033) sll     zero, gp, s11
core   0: 3 0x80006cd4 (0x01b19033)
core   0: 0x80006cd8 (0x5c526193) ori     gp, tp, 1477
core   0: 3 0x80006cd8 (0x5c526193) x 3 0x000007dd
core   0: 0x80006cdc (0x00909533) sll     a0, ra, s1
core   0: 3 0x80006cdc (0x00909533) x10 0x00000000
core   0: 0x80006ce0 (0x5716ac93) slti    s9, a3, 1393
core   0: 3 0x80006ce0 (0x5716ac93) x25 0x00000001
core   0: 0x80006ce4 (0x01baeb33) or      s6, s5, s11
core   0: 3 0x80006ce4 (0x01baeb33) x22 0xfff9dce4
core   0: 0x80006ce8 (0xfd130493) addi    s1, t1, -47
core   0: 3 0x80006ce8 (0xfd130493) x 9 0xffffffd0
core   0: 0x80006cec (0x41445793) srai    a5, s0, 20
core   0: 3 0x80006cec (0x41445793) x15 0xfffffc48
core   0: 0x80006cf0 (0xe8aa7b93) andi    s7, s4, -374
core   0: 3 0x80006cf0 (0xe8aa7b93) x23 0x80011e00
core   0: 0x80006cf4 (0x40408eb3) sub     t4, ra, tp
core   0: 3 0x80006cf4 (0x40408eb3) x29 0xfffff864
core   0: 0x80006cf8 (0xc2420913) addi    s2, tp, -988
core   0: 3 0x80006cf8 (0xc2420913) x18 0x000003c0
core   0: 0x80006cfc (0xab388f13) addi    t5, a7, -1357
core   0: 3 0x80006cfc (0xab388f13) x30 0x9c41d798
core   0: 0x80006d00 (0x9f2ff513) andi    a0, t6, -1550
core   0: 3 0x80006d00 (0x9f2ff513) x10 0x9c40c800
core   0: 0x80006d04 (0xe86f7993) andi    s3, t5, -378
core   0: 3 0x80006d04 (0xe86f7993) x19 0x9c41d680
core   0: 0x80006d08 (0x003aff33) and     t5, s5, gp
core   0: 3 0x80006d08 (0x003aff33) x30 0x000004c4
core   0: 0x80006d0c (0x006c8fb3) add     t6, s9, t1
core   0: 3 0x80006d0c (0x006c8fb3) x31 0x00000000
core   0: 0x80006d10 (0x012ca6b3) slt     a3, s9, s2
core   0: 3 0x80006d10 (0x012ca6b3) x13 0x00000001
core   0: 0x80006d14 (0x9652cb93) xori    s7, t0, -1691
core   0: 3 0x80006d14 (0x9652cb93) x23 0x7ffea781
core   0: 0x80006d18 (0x40865893) srai    a7, a2, 8
core   0: 3 0x80006d18 (0x40865893) x17 0xffef026a
core   0: 0x80006d1c (0x01b435b3) sltu    a1, s0, s11
core   0: 3 0x80006d1c (0x01b435b3) x11 0x00000001
core   0: 0x80006d20 (0x010f5fb3) srl     t6, t5, a6
core   0: 3 0x80006d20 (0x010f5fb3) x31 0x00000000
core   0: 0x80006d24 (0x7926e213) ori     tp, a3, 1938
core   0: 3 0x80006d24 (0x7926e213) x 4 0x00000793
core   0: 0x80006d28 (0x00566e33) or      t3, a2, t0
core   0: 3 0x80006d28 (0x00566e33) x28 0xef037eee
core   0: 0x80006d2c (0x00d9dc93) srli    s9, s3, 13
core   0: 3 0x80006d2c (0x00d9dc93) x25 0x0004e20e
core   0: 0x80006d30 (0xac5d3513) sltiu   a0, s10, -1339
core   0: 3 0x80006d30 (0xac5d3513) x10 0x00000001
core   0: 0x80006d34 (0x6e414513) xori    a0, sp, 1764
core   0: 3 0x80006d34 (0x6e414513) x10 0x1c41d484
core   0: 0x80006d38 (0x002c16b3) sll     a3, s8, sp
core   0: 3 0x80006d38 (0x002c16b3) x13 0xa38bfcd0
core   0: 0x80006d3c (0xed72b913) sltiu   s2, t0, -297
core   0: 3 0x80006d3c (0xed72b913) x18 0x00000001
core   0: 0x80006d40 (0x40af5793) srai    a5, t5, 10
core   0: 3 0x80006d40 (0x40af5793) x15 0x00000001
core   0: 0x80006d44 (0x01d77fb3) and     t6, a4, t4
core   0: 3 0x80006d44 (0x01d77fb3) x31 0x00000000
core   0: 0x80006d48 (0xecd5c913) xori    s2, a1, -307
core   0: 3 0x80006d48 (0xecd5c913) x18 0xfffffecc
core   0: 0x80006d4c (0x98847d93) andi    s11, s0, -1656
core   0: 3 0x80006d4c (0x98847d93) x27 0xc4821000
core   0: 0x80006d50 (0x0150a6b3) slt     a3, ra, s5
core   0: 3 0x80006d50 (0x0150a6b3) x13 0x00000000
core   0: 0x80006d54 (0xc48e0913) addi    s2, t3, -952
core   0: 3 0x80006d54 (0xc48e0913) x18 0xef037b36
core   0: 0x80006d58 (0x00a8b9b3) sltu    s3, a7, a0
core   0: 3 0x80006d58 (0x00a8b9b3) x19 0x00000000
core   0: 0x80006d5c (0x01d1c7b3) xor     a5, gp, t4
core   0: 3 0x80006d5c (0x01d1c7b3) x15 0xffffffb9
core   0: 0x80006d60 (0x01bc5b93) srli    s7, s8, 27
core   0: 3 0x80006d60 (0x01bc5b93) x23 0x00000014
core   0: 0x80006d64 (0x00a45813) srli    a6, s0, 10
core   0: 3 0x80006d64 (0x00a45813) x16 0x00312084
core   0: 0x80006d68 (0x5385a193) slti    gp, a1, 1336
core   0: 3 0x80006d68 (0x5385a193) x 3 0x00000001
core   0: 0x80006d6c (0x007e49b3) xor     s3, t3, t2
core   0: 3 0x80006d6c (0x007e49b3) x19 0x10fabae2
core   0: 0x80006d70 (0x72774693) xori    a3, a4, 1831
core   0: 3 0x80006d70 (0x72774693) x13 0x00000327
core   0: 0x80006d74 (0x012665b3) or      a1, a2, s2
core   0: 3 0x80006d74 (0x012665b3) x11 0xef037bfe
core   0: 0x80006d78 (0xa6715017) auipc   zero, 0xa6715
core   0: 3 0x80006d78 (0xa6715017)
core   0: 0x80006d7c (0x2379c993) xori    s3, s3, 567
core   0: 3 0x80006d7c (0x2379c993) x19 0x10fab8d5
core   0: 0x80006d80 (0x4fa6fe93) andi    t4, a3, 1274
core   0: 3 0x80006d80 (0x4fa6fe93) x29 0x00000022
core   0: 0x80006d84 (0x00584b33) xor     s6, a6, t0
core   0: 3 0x80006d84 (0x00584b33) x22 0x80307e60
core   0: 0x80006d88 (0x016b5bb3) srl     s7, s6, s6
core   0: 3 0x80006d88 (0x016b5bb3) x23 0x80307e60
core   0: 0x80006d8c (0x0196de13) srli    t3, a3, 25
core   0: 3 0x80006d8c (0x0196de13) x28 0x00000000
core   0: 0x80006d90 (0xeacfbc13) sltiu   s8, t6, -340
core   0: 3 0x80006d90 (0xeacfbc13) x24 0x00000001
core   0: 0x80006d94 (0x001c9d13) slli    s10, s9, 1
core   0: 3 0x80006d94 (0x001c9d13) x26 0x0009c41c
core   0: 0x80006d98 (0x01009413) slli    s0, ra, 16
core   0: 3 0x80006d98 (0x01009413) x 8 0x00000000
core   0: 0x80006d9c (0x2e1106b7) lui     a3, 0x2e110
core   0: 3 0x80006d9c (0x2e1106b7) x13 0x2e110000
core   0: 0x80006da0 (0x01c467b3) or      a5, s0, t3
core   0: 3 0x80006da0 (0x01c467b3) x15 0x00000000
core   0: 0x80006da4 (0x0055e9b3) or      s3, a1, t0
core   0: 3 0x80006da4 (0x0055e9b3) x19 0xef037ffe
core   0: 0x80006da8 (0xa46a6713) ori     a4, s4, -1466
core   0: 3 0x80006da8 (0xa46a6713) x14 0xfffffe66
core   0: 0x80006dac (0x0187b9b3) sltu    s3, a5, s8
core   0: 3 0x80006dac (0x0187b9b3) x19 0x00000001
core   0: 0x80006db0 (0xfc3def93) ori     t6, s11, -61
core   0: 3 0x80006db0 (0xfc3def93) x31 0xffffffc3
core   0: 0x80006db4 (0x01e34e33) xor     t3, t1, t5
core   0: 3 0x80006db4 (0x01e34e33) x28 0xfffffb3b
core   0: 0x80006db8 (0x008ce8b3) or      a7, s9, s0
core   0: 3 0x80006db8 (0x008ce8b3) x17 0x0004e20e
core   0: 0x80006dbc (0x00000013) nop
core   0: 3 0x80006dbc (0x00000013)
core   0: 0x80006dc0 (0x415c5213) srai    tp, s8, 21
core   0: 3 0x80006dc0 (0x415c5213) x 4 0x00000000
core   0: 0x80006dc4 (0x00c416b3) sll     a3, s0, a2
core   0: 3 0x80006dc4 (0x00c416b3) x13 0x00000000
core   0: 0x80006dc8 (0x003c63b3) or      t2, s8, gp
core   0: 3 0x80006dc8 (0x003c63b3) x 7 0x00000001
core   0: 0x80006dcc (0x01695393) srli    t2, s2, 22
core   0: 3 0x80006dcc (0x01695393) x 7 0x000003bc
core   0: 0x80006dd0 (0x40ef84b3) sub     s1, t6, a4
core   0: 3 0x80006dd0 (0x40ef84b3) x 9 0x0000015d
core   0: 0x80006dd4 (0x07376e93) ori     t4, a4, 115
core   0: 3 0x80006dd4 (0x07376e93) x29 0xfffffe77
core   0: 0x80006dd8 (0x015420b3) slt     ra, s0, s5
core   0: 3 0x80006dd8 (0x015420b3) x 1 0x00000000
core   0: 0x80006ddc (0x000f15b3) sll     a1, t5, zero
core   0: 3 0x80006ddc (0x000f15b3) x11 0x000004c4
core   0: 0x80006de0 (0xf9aca693) slti    a3, s9, -102
core   0: 3 0x80006de0 (0xf9aca693) x13 0x00000000
core   0: 0x80006de4 (0x00000013) nop
core   0: 3 0x80006de4 (0x00000013)
core   0: 0x80006de8 (0x0119b933) sltu    s2, s3, a7
core   0: 3 0x80006de8 (0x0119b933) x18 0x00000001
core   0: 0x80006dec (0x9b1ec913) xori    s2, t4, -1615
core   0: 3 0x80006dec (0x9b1ec913) x18 0x000007c6
core   0: 0x80006df0 (0xc1128b13) addi    s6, t0, -1007
core   0: 3 0x80006df0 (0xc1128b13) x22 0x80015af5
core   0: 0x80006df4 (0xdef27d13) andi    s10, tp, -529
core   0: 3 0x80006df4 (0xdef27d13) x26 0x00000000
core   0: 0x80006df8 (0x00000013) nop
core   0: 3 0x80006df8 (0x00000013)
core   0: 0x80006dfc (0x00d0af33) slt     t5, ra, a3
core   0: 3 0x80006dfc (0x00d0af33) x30 0x00000000
core   0: 0x80006e00 (0x7340a313) slti    t1, ra, 1844
core   0: 3 0x80006e00 (0x7340a313) x 6 0x00000001
core   0: 0x80006e04 (0x419a04b3) sub     s1, s4, s9
core   0: 3 0x80006e04 (0x419a04b3) x 9 0x7ffc3c56
core   0: 0x80006e08 (0x00d023b3) slt     t2, zero, a3
core   0: 3 0x80006e08 (0x00d023b3) x 7 0x00000000
core   0: 0x80006e0c (0x00a2a033) slt     zero, t0, a0
core   0: 3 0x80006e0c (0x00a2a033)
core   0: 0x80006e10 (0x00000013) nop
core   0: 3 0x80006e10 (0x00000013)
core   0: 0x80006e14 (0x1d0fc693) xori    a3, t6, 464
core   0: 3 0x80006e14 (0x1d0fc693) x13 0xfffffe13
core   0: 0x80006e18 (0x9177be37) lui     t3, 0x9177b
core   0: 3 0x80006e18 (0x9177be37) x28 0x9177b000
core   0: 0x80006e1c (0x00e7dbb3) srl     s7, a5, a4
core   0: 3 0x80006e1c (0x00e7dbb3) x23 0x00000000
core   0: 0x80006e20 (0x86432e13) slti    t3, t1, -1948
core   0: 3 0x80006e20 (0x86432e13) x28 0x00000000
core   0: 0x80006e24 (0x00729993) slli    s3, t0, 7
core   0: 3 0x80006e24 (0x00729993) x19 0x00af7200
core   0: 0x80006e28 (0x41badbb3) sra     s7, s5, s11
core   0: 3 0x80006e28 (0x41badbb3) x23 0x80015ce4
core   0: 0x80006e2c (0x41b35213) srai    tp, t1, 27
core   0: 3 0x80006e2c (0x41b35213) x 4 0x00000000
core   0: 0x80006e30 (0xfa787917) auipc   s2, 0xfa787
core   0: 3 0x80006e30 (0xfa787917) x18 0x7a78de30
core   0: 0x80006e34 (0xe648bd13) sltiu   s10, a7, -412
core   0: 3 0x80006e34 (0xe648bd13) x26 0x00000001
core   0: 0x80006e38 (0x00b49e93) slli    t4, s1, 11
core   0: 3 0x80006e38 (0x00b49e93) x29 0xe1e2b000
core   0: 0x80006e3c (0x24882813) slti    a6, a6, 584
core   0: 3 0x80006e3c (0x24882813) x16 0x00000000
core   0: 0x80006e40 (0x410a5193) srai    gp, s4, 16
core   0: 3 0x80006e40 (0x410a5193) x 3 0xffff8001
core   0: 0x80006e44 (0x40dd5b93) srai    s7, s10, 13
core   0: 3 0x80006e44 (0x40dd5b93) x23 0x00000000
core   0: 0x80006e48 (0x00a21e93) slli    t4, tp, 10
core   0: 3 0x80006e48 (0x00a21e93) x29 0x00000000
core   0: 0x80006e4c (0x0057f933) and     s2, a5, t0
core   0: 3 0x80006e4c (0x0057f933) x18 0x00000000
core   0: 0x80006e50 (0x00000013) nop
core   0: 3 0x80006e50 (0x00000013)
core   0: 0x80006e54 (0x407b5513) srai    a0, s6, 7
core   0: 3 0x80006e54 (0x407b5513) x10 0xff0002b5
core   0: 0x80006e58 (0x5bc742b7) lui     t0, 0x5bc74
core   0: 3 0x80006e58 (0x5bc742b7) x 5 0x5bc74000
core   0: 0x80006e5c (0x5848f093) andi    ra, a7, 1412
core   0: 3 0x80006e5c (0x5848f093) x 1 0x00000004
core   0: 0x80006e60 (0x01155fb3) srl     t6, a0, a7
core   0: 3 0x80006e60 (0x01155fb3) x31 0x0003fc00
core   0: 0x80006e64 (0x1b2b83b7) lui     t2, 0x1b2b8
core   0: 3 0x80006e64 (0x1b2b83b7) x 7 0x1b2b8000
core   0: 0x80006e68 (0x6b568e13) addi    t3, a3, 1717
core   0: 3 0x80006e68 (0x6b568e13) x28 0x000004c8
core   0: 0x80006e6c (0x018f9293) slli    t0, t6, 24
core   0: 3 0x80006e6c (0x018f9293) x 5 0x00000000
core   0: 0x80006e70 (0x01a25413) srli    s0, tp, 26
core   0: 3 0x80006e70 (0x01a25413) x 8 0x00000000
core   0: 0x80006e74 (0x4056d433) sra     s0, a3, t0
core   0: 3 0x80006e74 (0x4056d433) x 8 0xfffffe13
core   0: 0x80006e78 (0xad77fe93) andi    t4, a5, -1321
core   0: 3 0x80006e78 (0xad77fe93) x29 0x00000000
core   0: 0x80006e7c (0x017f83b3) add     t2, t6, s7
core   0: 3 0x80006e7c (0x017f83b3) x 7 0x0003fc00
core   0: 0x80006e80 (0xd6620913) addi    s2, tp, -666
core   0: 3 0x80006e80 (0xd6620913) x18 0xfffffd66
core   0: 0x80006e84 (0x00999b93) slli    s7, s3, 9
core   0: 3 0x80006e84 (0x00999b93) x23 0x5ee40000
core   0: 0x80006e88 (0x01e46e33) or      t3, s0, t5
core   0: 3 0x80006e88 (0x01e46e33) x28 0xfffffe13
core   0: 0x80006e8c (0x01464233) xor     tp, a2, s4
core   0: 3 0x80006e8c (0x01464233) x 4 0x6f03748a
core   0: 0x80006e90 (0xceed3693) sltiu   a3, s10, -786
core   0: 3 0x80006e90 (0xceed3693) x13 0x00000001
core   0: 0x80006e94 (0x0009b3b3) sltu    t2, s3, zero
core   0: 3 0x80006e94 (0x0009b3b3) x 7 0x00000000
core   0: 0x80006e98 (0x00270933) add     s2, a4, sp
core   0: 3 0x80006e98 (0x00270933) x18 0x1c41d0c6
core   0: 0x80006e9c (0x00000013) nop
core   0: 3 0x80006e9c (0x00000013)
core   0: 0x80006ea0 (0x548e6f13) ori     t5, t3, 1352
core   0: 3 0x80006ea0 (0x548e6f13) x30 0xffffff5b
core   0: 0x80006ea4 (0x358c4917) auipc   s2, 0x358c4
core   0: 3 0x80006ea4 (0x358c4917) x18 0xb58caea4
core   0: 0x80006ea8 (0x012f82b3) add     t0, t6, s2
core   0: 3 0x80006ea8 (0x012f82b3) x 5 0xb590aaa4
core   0: 0x80006eac (0x0079c6b3) xor     a3, s3, t2
core   0: 3 0x80006eac (0x0079c6b3) x13 0x00af7200
core   0: 0x80006eb0 (0x0062e233) or      tp, t0, t1
core   0: 3 0x80006eb0 (0x0062e233) x 4 0xb590aaa5
core   0: 0x80006eb4 (0x7dc02993) slti    s3, zero, 2012
core   0: 3 0x80006eb4 (0x7dc02993) x19 0x00000001
core   0: 0x80006eb8 (0x212a4193) xori    gp, s4, 530
core   0: 3 0x80006eb8 (0x212a4193) x 3 0x80011c76
core   0: 0x80006ebc (0x19d9a713) slti    a4, s3, 413
core   0: 3 0x80006ebc (0x19d9a713) x14 0x00000001
core   0: 0x80006ec0 (0xaeca6093) ori     ra, s4, -1300
core   0: 3 0x80006ec0 (0xaeca6093) x 1 0xfffffeec
core   0: 0x80006ec4 (0x00000013) nop
core   0: 3 0x80006ec4 (0x00000013)
core   0: 0x80006ec8 (0x012a6233) or      tp, s4, s2
core   0: 3 0x80006ec8 (0x012a6233) x 4 0xb58dbee4
core   0: 0x80006ecc (0x00944733) xor     a4, s0, s1
core   0: 3 0x80006ecc (0x00944733) x14 0x8003c245
core   0: 0x80006ed0 (0x4170dd93) srai    s11, ra, 23
core   0: 3 0x80006ed0 (0x4170dd93) x27 0xffffffff
core   0: 0x80006ed4 (0x00047233) and     tp, s0, zero
core   0: 3 0x80006ed4 (0x00047233) x 4 0x00000000
core   0: 0x80006ed8 (0x00d50133) add     sp, a0, a3
core   0: 3 0x80006ed8 (0x00d50133) x 2 0xffaf74b5
core   0: 0x80006edc (0xb0ee8193) addi    gp, t4, -1266
core   0: 3 0x80006edc (0xb0ee8193) x 3 0xfffffb0e
core   0: 0x80006ee0 (0xcdc9fc13) andi    s8, s3, -804
core   0: 3 0x80006ee0 (0xcdc9fc13) x24 0x00000000
core   0: 0x80006ee4 (0x00000013) nop
core   0: 3 0x80006ee4 (0x00000013)
core   0: 0x80006ee8 (0x41e88233) sub     tp, a7, t5
core   0: 3 0x80006ee8 (0x41e88233) x 4 0x0004e2b3
core   0: 0x80006eec (0xe1a57113) andi    sp, a0, -486
core   0: 3 0x80006eec (0xe1a57113) x 2 0xff000210
core   0: 0x80006ef0 (0x41de02b3) sub     t0, t3, t4
core   0: 3 0x80006ef0 (0x41de02b3) x 5 0xfffffe13
core   0: 0x80006ef4 (0x00000013) nop
core   0: 3 0x80006ef4 (0x00000013)
core   0: 0x80006ef8 (0x00000013) nop
core   0: 3 0x80006ef8 (0x00000013)
core   0: 0x80006efc (0x78ce4393) xori    t2, t3, 1932
core   0: 3 0x80006efc (0x78ce4393) x 7 0xfffff99f
core   0: 0x80006f00 (0x9b36c113) xori    sp, a3, -1613
core   0: 3 0x80006f00 (0x9b36c113) x 2 0xff508bb3
core   0: 0x80006f04 (0x619fed93) ori     s11, t6, 1561
core   0: 3 0x80006f04 (0x619fed93) x27 0x0003fe19
core   0: 0x80006f08 (0x00a4fd33) and     s10, s1, a0
core   0: 3 0x80006f08 (0x00a4fd33) x26 0x7f000014
core   0: 0x80006f0c (0x01f72f33) slt     t5, a4, t6
core   0: 3 0x80006f0c (0x01f72f33) x30 0x00000001
core   0: 0x80006f10 (0x3e745897) auipc   a7, 0x3e745
core   0: 3 0x80006f10 (0x3e745897) x17 0xbe74bf10
core   0: 0x80006f14 (0x2db6f813) andi    a6, a3, 731
core   0: 3 0x80006f14 (0x2db6f813) x16 0x00000200
core   0: 0x80006f18 (0x013e1f33) sll     t5, t3, s3
core   0: 3 0x80006f18 (0x013e1f33) x30 0xfffffc26
core   0: 0x80006f1c (0x01ca8b33) add     s6, s5, t3
core   0: 3 0x80006f1c (0x01ca8b33) x22 0x80015af7
core   0: 0x80006f20 (0x58fc7113) andi    sp, s8, 1423
core   0: 3 0x80006f20 (0x58fc7113) x 2 0x00000000
core   0: 0x80006f24 (0x1f060117) auipc   sp, 0x1f060
core   0: 3 0x80006f24 (0x1f060117) x 2 0x9f066f24
core   0: 0x80006f28 (0xbe524993) xori    s3, tp, -1051
core   0: 3 0x80006f28 (0xbe524993) x19 0xfffb1956
core   0: 0x80006f2c (0x50450913) addi    s2, a0, 1284
core   0: 3 0x80006f2c (0x50450913) x18 0xff0007b9
core   0: 0x80006f30 (0x40be8e33) sub     t3, t4, a1
core   0: 3 0x80006f30 (0x40be8e33) x28 0xfffffb3c
core   0: 0x80006f34 (0x4b0c8713) addi    a4, s9, 1200
core   0: 3 0x80006f34 (0x4b0c8713) x14 0x0004e6be
core   0: 0x80006f38 (0x84c02e13) slti    t3, zero, -1972
core   0: 3 0x80006f38 (0x84c02e13) x28 0x00000000
core   0: 0x80006f3c (0x00615133) srl     sp, sp, t1
core   0: 3 0x80006f3c (0x00615133) x 2 0x4f833792
core   0: 0x80006f40 (0x00f75bb3) srl     s7, a4, a5
core   0: 3 0x80006f40 (0x00f75bb3) x23 0x0004e6be
core   0: 0x80006f44 (0x03d7f413) andi    s0, a5, 61
core   0: 3 0x80006f44 (0x03d7f413) x 8 0x00000000
core   0: 0x80006f48 (0x9a804797) auipc   a5, 0x9a804
core   0: 3 0x80006f48 (0x9a804797) x15 0x1a80af48
core   0: 0x80006f4c (0x79aa6513) ori     a0, s4, 1946
core   0: 3 0x80006f4c (0x79aa6513) x10 0x80011ffe
core   0: 0x80006f50 (0x00000013) nop
core   0: 3 0x80006f50 (0x00000013)
core   0: 0x80006f54 (0x018fa833) slt     a6, t6, s8
core   0: 3 0x80006f54 (0x018fa833) x16 0x00000000
core   0: 0x80006f58 (0x80000bb7) lui     s7, 0x80000
core   0: 3 0x80006f58 (0x80000bb7) x23 0x80000000
core   0: 0x80006f5c (0x848eb4b7) lui     s1, 0x848eb
core   0: 3 0x80006f5c (0x848eb4b7) x 9 0x848eb000
core   0: 0x80006f60 (0xe9d48493) addi    s1, s1, -355
core   0: 3 0x80006f60 (0xe9d48493) x 9 0x848eae9d
core   0: 0x80006f64 (0x00000113) li      sp, 0
core   0: 3 0x80006f64 (0x00000113) x 2 0x00000000
core   0: 0x80006f68 (0xfff00993) li      s3, -1
core   0: 3 0x80006f68 (0xfff00993) x19 0xffffffff
core   0: 0x80006f6c (0x00000f13) li      t5, 0
core   0: 3 0x80006f6c (0x00000f13) x30 0x00000000
core   0: 0x80006f70 (0x80000337) lui     t1, 0x80000
core   0: 3 0x80006f70 (0x80000337) x 6 0x80000000
core   0: 0x80006f74 (0x800006b7) lui     a3, 0x80000
core   0: 3 0x80006f74 (0x800006b7) x13 0x80000000
core   0: 0x80006f78 (0xfff00393) li      t2, -1
core   0: 3 0x80006f78 (0xfff00393) x 7 0xffffffff
core   0: 0x80006f7c (0x80000e37) lui     t3, 0x80000
core   0: 3 0x80006f7c (0x80000e37) x28 0x80000000
core   0: 0x80006f80 (0x65a1dc37) lui     s8, 0x65a1d
core   0: 3 0x80006f80 (0x65a1dc37) x24 0x65a1d000
core   0: 0x80006f84 (0x3fac0c13) addi    s8, s8, 1018
core   0: 3 0x80006f84 (0x3fac0c13) x24 0x65a1d3fa
core   0: 0x80006f88 (0x49934c37) lui     s8, 0x49934
core   0: 3 0x80006f88 (0x49934c37) x24 0x49934000
core   0: 0x80006f8c (0x417f09b3) sub     s3, t5, s7
core   0: 3 0x80006f8c (0x417f09b3) x19 0x80000000
core   0: 0x80006f90 (0x40748bb3) sub     s7, s1, t2
core   0: 3 0x80006f90 (0x40748bb3) x23 0x848eae9e
core   0: 0x80006f94 (0x40d483b3) sub     t2, s1, a3
core   0: 3 0x80006f94 (0x40d483b3) x 7 0x048eae9d
core   0: 0x80006f98 (0x2e168b93) addi    s7, a3, 737
core   0: 3 0x80006f98 (0x2e168b93) x23 0x800002e1
core   0: 0x80006f9c (0x40710133) sub     sp, sp, t2
core   0: 3 0x80006f9c (0x40710133) x 2 0xfb715163
core   0: 0x80006fa0 (0xbe268c13) addi    s8, a3, -1054
core   0: 3 0x80006fa0 (0xbe268c13) x24 0x7ffffbe2
core   0: 0x80006fa4 (0xca89d4b7) lui     s1, 0xca89d
core   0: 3 0x80006fa4 (0xca89d4b7) x 9 0xca89d000
core   0: 0x80006fa8 (0x00000013) nop
core   0: 3 0x80006fa8 (0x00000013)
core   0: 0x80006fac (0x779b8137) lui     sp, 0x779b8
core   0: 3 0x80006fac (0x779b8137) x 2 0x779b8000
core   0: 0x80006fb0 (0x00000013) nop
core   0: 3 0x80006fb0 (0x00000013)
core   0: 0x80006fb4 (0xc03b1e17) auipc   t3, 0xc03b1
core   0: 3 0x80006fb4 (0xc03b1e17) x28 0x403b7fb4
core   0: 0x80006fb8 (0x46030393) addi    t2, t1, 1120
core   0: 3 0x80006fb8 (0x46030393) x 7 0x80000460
core   0: 0x80006fbc (0x41848e33) sub     t3, s1, s8
core   0: 3 0x80006fbc (0x41848e33) x28 0x4a89d41e
core   0: 0x80006fc0 (0x00be8697) auipc   a3, 0xbe8
core   0: 3 0x80006fc0 (0x00be8697) x13 0x80beefc0
core   0: 0x80006fc4 (0x413c0e33) sub     t3, s8, s3
core   0: 3 0x80006fc4 (0x413c0e33) x28 0xfffffbe2
core   0: 0x80006fc8 (0xc40f7337) lui     t1, 0xc40f7
core   0: 3 0x80006fc8 (0xc40f7337) x 6 0xc40f7000
core   0: 0x80006fcc (0x4af38c13) addi    s8, t2, 1199
core   0: 3 0x80006fcc (0x4af38c13) x24 0x8000090f
core   0: 0x80006fd0 (0x00000013) nop
core   0: 3 0x80006fd0 (0x00000013)
core   0: 0x80006fd4 (0xcf379bb7) lui     s7, 0xcf379
core   0: 3 0x80006fd4 (0xcf379bb7) x23 0xcf379000
core   0: 0x80006fd8 (0xa6770117) auipc   sp, 0xa6770
core   0: 3 0x80006fd8 (0xa6770117) x 2 0x26776fd8
core   0: 0x80006fdc (0x829c1317) auipc   t1, 0x829c1
core   0: 3 0x80006fdc (0x829c1317) x 6 0x029c7fdc
core   0: 0x80006fe0 (0x00000013) nop
core   0: 3 0x80006fe0 (0x00000013)
core   0: 0x80006fe4 (0x01c98133) add     sp, s3, t3
core   0: 3 0x80006fe4 (0x01c98133) x 2 0x7ffffbe2
core   0: 0x80006fe8 (0xb6a4b4b7) lui     s1, 0xb6a4b
core   0: 3 0x80006fe8 (0xb6a4b4b7) x 9 0xb6a4b000
core   0: 0x80006fec (0x406389b3) sub     s3, t2, t1
core   0: 3 0x80006fec (0x406389b3) x19 0x7d638484
core   0: 0x80006ff0 (0x00000013) nop
core   0: 3 0x80006ff0 (0x00000013)
core   0: 0x80006ff4 (0x007984b3) add     s1, s3, t2
core   0: 3 0x80006ff4 (0x007984b3) x 9 0xfd6388e4
core   0: 0x80006ff8 (0x413e04b3) sub     s1, t3, s3
core   0: 3 0x80006ff8 (0x413e04b3) x 9 0x829c775e
core   0: 0x80006ffc (0x008fdb33) srl     s6, t6, s0
core   0: 3 0x80006ffc (0x008fdb33) x22 0x0003fc00
core   0: 0x80007000 (0x016fedb3) or      s11, t6, s6
core   0: 3 0x80007000 (0x016fedb3) x27 0x0003fc00
core   0: 0x80007004 (0x00b30933) add     s2, t1, a1
core   0: 3 0x80007004 (0x00b30933) x18 0x029c84a0
core   0: 0x80007008 (0x01152e33) slt     t3, a0, a7
core   0: 3 0x80007008 (0x01152e33) x28 0x00000001
core   0: 0x8000700c (0x23c24897) auipc   a7, 0x23c24
core   0: 3 0x8000700c (0x23c24897) x17 0xa3c2b00c
core   0: 0x80007010 (0x3432cb13) xori    s6, t0, 835
core   0: 3 0x80007010 (0x3432cb13) x22 0xfffffd50
core   0: 0x80007014 (0x3f978493) addi    s1, a5, 1017
core   0: 3 0x80007014 (0x3f978493) x 9 0x1a80b341
core   0: 0x80007018 (0x00000013) nop
core   0: 3 0x80007018 (0x00000013)
core   0: 0x8000701c (0x00bf3db3) sltu    s11, t5, a1
core   0: 3 0x8000701c (0x00bf3db3) x27 0x00000001
core   0: 0x80007020 (0xecf6fb93) andi    s7, a3, -305
core   0: 3 0x80007020 (0xecf6fb93) x23 0x80beeec0
core   0: 0x80007024 (0x0bca3693) sltiu   a3, s4, 188
core   0: 3 0x80007024 (0x0bca3693) x13 0x00000000
core   0: 0x80007028 (0xd8b22c93) slti    s9, tp, -629
core   0: 3 0x80007028 (0xd8b22c93) x25 0x00000000
core   0: 0x8000702c (0x000d8133) add     sp, s11, zero
core   0: 3 0x8000702c (0x000d8133) x 2 0x00000001
core   0: 0x80007030 (0x004c18b3) sll     a7, s8, tp
core   0: 3 0x80007030 (0x004c18b3) x17 0x48780000
core   0: 0x80007034 (0x014fc033) xor     zero, t6, s4
core   0: 3 0x80007034 (0x014fc033)
core   0: 0x80007038 (0x414c8233) sub     tp, s9, s4
core   0: 3 0x80007038 (0x414c8233) x 4 0x7ffee19c
core   0: 0x8000703c (0x70132b93) slti    s7, t1, 1793
core   0: 3 0x8000703c (0x70132b93) x23 0x00000000
core   0: 0x80007040 (0x40355813) srai    a6, a0, 3
core   0: 3 0x80007040 (0x40355813) x16 0xf00023ff
core   0: 0x80007044 (0x41a150b3) sra     ra, sp, s10
core   0: 3 0x80007044 (0x41a150b3) x 1 0x00000000
core   0: 0x80007048 (0xa034c993) xori    s3, s1, -1533
core   0: 3 0x80007048 (0xa034c993) x19 0xe57f4942
core   0: 0x8000704c (0x019b23b3) slt     t2, s6, s9
core   0: 3 0x8000704c (0x019b23b3) x 7 0x00000001
core   0: 0x80007050 (0x41735513) srai    a0, t1, 23
core   0: 3 0x80007050 (0x41735513) x10 0x00000005
core   0: 0x80007054 (0x163aa793) slti    a5, s5, 355
core   0: 3 0x80007054 (0x163aa793) x15 0x00000001
core   0: 0x80007058 (0x93f90b93) addi    s7, s2, -1729
core   0: 3 0x80007058 (0x93f90b93) x23 0x029c7ddf
core   0: 0x8000705c (0x41448533) sub     a0, s1, s4
core   0: 3 0x8000705c (0x41448533) x10 0x9a7f94dd
core   0: 0x80007060 (0x40a3d9b3) sra     s3, t2, a0
core   0: 3 0x80007060 (0x40a3d9b3) x19 0x00000000
core   0: 0x80007064 (0x7cd3fe13) andi    t3, t2, 1997
core   0: 3 0x80007064 (0x7cd3fe13) x28 0x00000001
core   0: 0x80007068 (0x01ffabb3) slt     s7, t6, t6
core   0: 3 0x80007068 (0x01ffabb3) x23 0x00000000
core   0: 0x8000706c (0x408689b3) sub     s3, a3, s0
core   0: 3 0x8000706c (0x408689b3) x19 0x00000000
core   0: 0x80007070 (0x01651333) sll     t1, a0, s6
core   0: 3 0x80007070 (0x01651333) x 6 0x94dd0000
core   0: 0x80007074 (0x007d03b3) add     t2, s10, t2
core   0: 3 0x80007074 (0x007d03b3) x 7 0x7f000015
core   0: 0x80007078 (0x006e0833) add     a6, t3, t1
core   0: 3 0x80007078 (0x006e0833) x16 0x94dd0001
core   0: 0x8000707c (0x5c64be13) sltiu   t3, s1, 1478
core   0: 3 0x8000707c (0x5c64be13) x28 0x00000000
core   0: 0x80007080 (0x4eafc317) auipc   t1, 0x4eafc
core   0: 3 0x80007080 (0x4eafc317) x 6 0xceb03080
core   0: 0x80007084 (0x64d57c17) auipc   s8, 0x64d57
core   0: 3 0x80007084 (0x64d57c17) x24 0xe4d5e084
core   0: 0x80007088 (0x01add0b3) srl     ra, s11, s10
core   0: 3 0x80007088 (0x01add0b3) x 1 0x00000000
core   0: 0x8000708c (0x004cf133) and     sp, s9, tp
core   0: 3 0x8000708c (0x004cf133) x 2 0x00000000
core   0: 0x80007090 (0x00da56b3) srl     a3, s4, a3
core   0: 3 0x80007090 (0x00da56b3) x13 0x80011e64
core   0: 0x80007094 (0xf3880d13) addi    s10, a6, -200
core   0: 3 0x80007094 (0xf3880d13) x26 0x94dcff39
core   0: 0x80007098 (0xf84e0e13) addi    t3, t3, -124
core   0: 3 0x80007098 (0xf84e0e13) x28 0xffffff84
core   0: 0x8000709c (0x00a5c733) xor     a4, a1, a0
core   0: 3 0x8000709c (0x00a5c733) x14 0x9a7f9019
core   0: 0x800070a0 (0x74bf6d93) ori     s11, t5, 1867
core   0: 3 0x800070a0 (0x74bf6d93) x27 0x0000074b
core   0: 0x800070a4 (0x00006c33) or      s8, zero, zero
core   0: 3 0x800070a4 (0x00006c33) x24 0x00000000
core   0: 0x800070a8 (0xa94e4293) xori    t0, t3, -1388
core   0: 3 0x800070a8 (0xa94e4293) x 5 0x00000510
core   0: 0x800070ac (0x00ab1fb3) sll     t6, s6, a0
core   0: 3 0x800070ac (0x00ab1fb3) x31 0x00000000
core   0: 0x800070b0 (0x011a4833) xor     a6, s4, a7
core   0: 3 0x800070b0 (0x011a4833) x16 0xc8791e64
core   0: 0x800070b4 (0x00699813) slli    a6, s3, 6
core   0: 3 0x800070b4 (0x00699813) x16 0x00000000
core   0: 0x800070b8 (0x1d2e2793) slti    a5, t3, 466
core   0: 3 0x800070b8 (0x1d2e2793) x15 0x00000001
core   0: 0x800070bc (0xcab6e217) auipc   tp, 0xcab6e
core   0: 3 0x800070bc (0xcab6e217) x 4 0x4ab750bc
core   0: 0x800070c0 (0x009d9913) slli    s2, s11, 9
core   0: 3 0x800070c0 (0x009d9913) x18 0x000e9600
core   0: 0x800070c4 (0x006a18b3) sll     a7, s4, t1
core   0: 3 0x800070c4 (0x006a18b3) x17 0x80011e64
core   0: 0x800070c8 (0x0035d6b3) srl     a3, a1, gp
core   0: 3 0x800070c8 (0x0035d6b3) x13 0x00000000
core   0: 0x800070cc (0x004680b3) add     ra, a3, tp
core   0: 3 0x800070cc (0x004680b3) x 1 0x4ab750bc
core   0: 0x800070d0 (0x392c0393) addi    t2, s8, 914
core   0: 3 0x800070d0 (0x392c0393) x 7 0x00000392
core   0: 0x800070d4 (0x41c0d013) srai    zero, ra, 28
core   0: 3 0x800070d4 (0x41c0d013)
core   0: 0x800070d8 (0x4e88fc13) andi    s8, a7, 1256
core   0: 3 0x800070d8 (0x4e88fc13) x24 0x00000460
core   0: 0x800070dc (0xa8612c13) slti    s8, sp, -1402
core   0: 3 0x800070dc (0xa8612c13) x24 0x00000000
core   0: 0x800070e0 (0x010e3bb3) sltu    s7, t3, a6
core   0: 3 0x800070e0 (0x010e3bb3) x23 0x00000000
core   0: 0x800070e4 (0x0196e033) or      zero, a3, s9
core   0: 3 0x800070e4 (0x0196e033)
core   0: 0x800070e8 (0x41795513) srai    a0, s2, 23
core   0: 3 0x800070e8 (0x41795513) x10 0x00000000
core   0: 0x800070ec (0x010b19b3) sll     s3, s6, a6
core   0: 3 0x800070ec (0x010b19b3) x19 0xfffffd50
core   0: 0x800070f0 (0x00381693) slli    a3, a6, 3
core   0: 3 0x800070f0 (0x00381693) x13 0x00000000
core   0: 0x800070f4 (0x7f49a793) slti    a5, s3, 2036
core   0: 3 0x800070f4 (0x7f49a793) x15 0x00000001
core   0: 0x800070f8 (0x2c822293) slti    t0, tp, 712
core   0: 3 0x800070f8 (0x2c822293) x 5 0x00000000
core   0: 0x800070fc (0x9a509e37) lui     t3, 0x9a509
core   0: 3 0x800070fc (0x9a509e37) x28 0x9a509000
core   0: 0x80007100 (0xce88b893) sltiu   a7, a7, -792
core   0: 3 0x80007100 (0xce88b893) x17 0x00000001
core   0: 0x80007104 (0x01596133) or      sp, s2, s5
core   0: 3 0x80007104 (0x01596133) x 2 0x800fdee4
core   0: 0x80007108 (0x01dce233) or      tp, s9, t4
core   0: 3 0x80007108 (0x01dce233) x 4 0x00000000
core   0: 0x8000710c (0xd4880293) addi    t0, a6, -696
core   0: 3 0x8000710c (0xd4880293) x 5 0xfffffd48
core   0: 0x80007110 (0x00000013) nop
core   0: 3 0x80007110 (0x00000013)
core   0: 0x80007114 (0x3c77a413) slti    s0, a5, 967
core   0: 3 0x80007114 (0x3c77a413) x 8 0x00000001
core   0: 0x80007118 (0x41165833) sra     a6, a2, a7
core   0: 3 0x80007118 (0x41165833) x16 0xf7813577
core   0: 0x8000711c (0x01490033) add     zero, s2, s4
core   0: 3 0x8000711c (0x01490033)
core   0: 0x80007120 (0x0005db93) srli    s7, a1, 0
core   0: 3 0x80007120 (0x0005db93) x23 0x000004c4
core   0: 0x80007124 (0xb45da213) slti    tp, s11, -1211
core   0: 3 0x80007124 (0xb45da213) x 4 0x00000000
core   0: 0x80007128 (0x011cb133) sltu    sp, s9, a7
core   0: 3 0x80007128 (0x011cb133) x 2 0x00000001
core   0: 0x8000712c (0xd454b413) sltiu   s0, s1, -699
core   0: 3 0x8000712c (0xd454b413) x 8 0x00000001
core   0: 0x80007130 (0x01da3f33) sltu    t5, s4, t4
core   0: 3 0x80007130 (0x01da3f33) x30 0x00000000
core   0: 0x80007134 (0x01b26233) or      tp, tp, s11
core   0: 3 0x80007134 (0x01b26233) x 4 0x0000074b
core   0: 0x80007138 (0x01226b33) or      s6, tp, s2
core   0: 3 0x80007138 (0x01226b33) x22 0x000e974b
core   0: 0x8000713c (0x71772913) slti    s2, a4, 1815
core   0: 3 0x8000713c (0x71772913) x18 0x00000001
core   0: 0x80007140 (0x9660f893) andi    a7, ra, -1690
core   0: 3 0x80007140 (0x9660f893) x17 0x4ab75024
core   0: 0x80007144 (0x00d53db3) sltu    s11, a0, a3
core   0: 3 0x80007144 (0x00d53db3) x27 0x00000000
core   0: 0x80007148 (0x69d90d13) addi    s10, s2, 1693
core   0: 3 0x80007148 (0x69d90d13) x26 0x0000069e
core   0: 0x8000714c (0x0013ffb3) and     t6, t2, ra
core   0: 3 0x8000714c (0x0013ffb3) x31 0x00000090
core   0: 0x80007150 (0x0139de13) srli    t3, s3, 19
core   0: 3 0x80007150 (0x0139de13) x28 0x00001fff
core   0: 0x80007154 (0x39698e13) addi    t3, s3, 918
core   0: 3 0x80007154 (0x39698e13) x28 0x000000e6
core   0: 0x80007158 (0x010f1e33) sll     t3, t5, a6
core   0: 3 0x80007158 (0x010f1e33) x28 0x00000000
core   0: 0x8000715c (0x00840733) add     a4, s0, s0
core   0: 3 0x8000715c (0x00840733) x14 0x00000002
core   0: 0x80007160 (0x00b995b3) sll     a1, s3, a1
core   0: 3 0x80007160 (0x00b995b3) x11 0xffffd500
core   0: 0x80007164 (0xe6dc0293) addi    t0, s8, -403
core   0: 3 0x80007164 (0xe6dc0293) x 5 0xfffffe6d
core   0: 0x80007168 (0xe4cc6597) auipc   a1, 0xe4cc6
core   0: 3 0x80007168 (0xe4cc6597) x11 0x64ccd168
core   0: 0x8000716c (0x00000013) nop
core   0: 3 0x8000716c (0x00000013)
core   0: 0x80007170 (0x00326833) or      a6, tp, gp
core   0: 3 0x80007170 (0x00326833) x16 0xffffff4f
core   0: 0x80007174 (0x40645eb3) sra     t4, s0, t1
core   0: 3 0x80007174 (0x40645eb3) x29 0x00000001
core   0: 0x80007178 (0x403fd413) srai    s0, t6, 3
core   0: 3 0x80007178 (0x403fd413) x 8 0x00000012
core   0: 0x8000717c (0x000fce33) xor     t3, t6, zero
core   0: 3 0x8000717c (0x000fce33) x28 0x00000090
core   0: 0x80007180 (0xbf20a137) lui     sp, 0xbf20a
core   0: 3 0x80007180 (0xbf20a137) x 2 0xbf20a000
core   0: 0x80007184 (0x01cbecb3) or      s9, s7, t3
core   0: 3 0x80007184 (0x01cbecb3) x25 0x000004d4
core   0: 0x80007188 (0x01bae033) or      zero, s5, s11
core   0: 3 0x80007188 (0x01bae033)
core   0: 0x8000718c (0x00ce0333) add     t1, t3, a2
core   0: 3 0x8000718c (0x00ce0333) x 6 0xef026b7e
core   0: 0x80007190 (0x2f672e93) slti    t4, a4, 758
core   0: 3 0x80007190 (0x2f672e93) x29 0x00000001
core   0: 0x80007194 (0x0099db93) srli    s7, s3, 9
core   0: 3 0x80007194 (0x0099db93) x23 0x007ffffe
core   0: 0x80007198 (0x4b550593) addi    a1, a0, 1205
core   0: 3 0x80007198 (0x4b550593) x11 0x000004b5
core   0: 0x8000719c (0x54cd3b13) sltiu   s6, s10, 1356
core   0: 3 0x8000719c (0x54cd3b13) x22 0x00000000
core   0: 0x800071a0 (0x40d15933) sra     s2, sp, a3
core   0: 3 0x800071a0 (0x40d15933) x18 0xbf20a000
core   0: 0x800071a4 (0x00a8aeb3) slt     t4, a7, a0
core   0: 3 0x800071a4 (0x00a8aeb3) x29 0x00000000
core   0: 0x800071a8 (0x19e0e813) ori     a6, ra, 414
core   0: 3 0x800071a8 (0x19e0e813) x16 0x4ab751be
core   0: 0x800071ac (0x0d616713) ori     a4, sp, 214
core   0: 3 0x800071ac (0x0d616713) x14 0xbf20a0d6
core   0: 0x800071b0 (0x01cc9c33) sll     s8, s9, t3
core   0: 3 0x800071b0 (0x01cc9c33) x24 0x04d40000
core   0: 0x800071b4 (0x008ffbb3) and     s7, t6, s0
core   0: 3 0x800071b4 (0x008ffbb3) x23 0x00000010
core   0: 0x800071b8 (0x01d5e7b3) or      a5, a1, t4
core   0: 3 0x800071b8 (0x01d5e7b3) x15 0x000004b5
core   0: 0x800071bc (0x00ff9cb3) sll     s9, t6, a5
core   0: 3 0x800071bc (0x00ff9cb3) x25 0x12000000
core   0: 0x800071c0 (0xd3a43713) sltiu   a4, s0, -710
core   0: 3 0x800071c0 (0xd3a43713) x14 0x00000001
core   0: 0x800071c4 (0xdfae7b93) andi    s7, t3, -518
core   0: 3 0x800071c4 (0xdfae7b93) x23 0x00000090
core   0: 0x800071c8 (0x00a52333) slt     t1, a0, a0
core   0: 3 0x800071c8 (0x00a52333) x 6 0x00000000
core   0: 0x800071cc (0xd55d0d93) addi    s11, s10, -683
core   0: 3 0x800071cc (0xd55d0d93) x27 0x000003f3
core   0: 0x800071d0 (0x01d50f33) add     t5, a0, t4
core   0: 3 0x800071d0 (0x01d50f33) x30 0x00000000
core   0: 0x800071d4 (0x00bde7b3) or      a5, s11, a1
core   0: 3 0x800071d4 (0x00bde7b3) x15 0x000007f7
core   0: 0x800071d8 (0xc7273b93) sltiu   s7, a4, -910
core   0: 3 0x800071d8 (0xc7273b93) x23 0x00000001
core   0: 0x800071dc (0x00eaf833) and     a6, s5, a4
core   0: 3 0x800071dc (0x00eaf833) x16 0x00000000
core   0: 0x800071e0 (0x41f1d713) srai    a4, gp, 31
core   0: 3 0x800071e0 (0x41f1d713) x14 0xffffffff
core   0: 0x800071e4 (0x9451ff13) andi    t5, gp, -1723
core   0: 3 0x800071e4 (0x9451ff13) x30 0xfffff904
core   0: 0x800071e8 (0x00b7b433) sltu    s0, a5, a1
core   0: 3 0x800071e8 (0x00b7b433) x 8 0x00000000
core   0: 0x800071ec (0x01fb9b13) slli    s6, s7, 31
core   0: 3 0x800071ec (0x01fb9b13) x22 0x80000000
core   0: 0x800071f0 (0x011ecb33) xor     s6, t4, a7
core   0: 3 0x800071f0 (0x011ecb33) x22 0x4ab75024
core   0: 0x800071f4 (0xb8acbf37) lui     t5, 0xb8acb
core   0: 3 0x800071f4 (0xb8acbf37) x30 0xb8acb000
core   0: 0x800071f8 (0xb852a693) slti    a3, t0, -1147
core   0: 3 0x800071f8 (0xb852a693) x13 0x00000000
core   0: 0x800071fc (0xdc27b793) sltiu   a5, a5, -574
core   0: 3 0x800071fc (0xdc27b793) x15 0x00000001
core   0: 0x80007200 (0x01e9e5b3) or      a1, s3, t5
core   0: 3 0x80007200 (0x01e9e5b3) x11 0xfffffd50
core   0: 0x80007204 (0x00eca4b3) slt     s1, s9, a4
core   0: 3 0x80007204 (0x00eca4b3) x 9 0x00000000
core   0: 0x80007208 (0x40b6d9b3) sra     s3, a3, a1
core   0: 3 0x80007208 (0x40b6d9b3) x19 0x00000000
core   0: 0x8000720c (0x016837b3) sltu    a5, a6, s6
core   0: 3 0x8000720c (0x016837b3) x15 0x00000001
core   0: 0x80007210 (0x01042e33) slt     t3, s0, a6
core   0: 3 0x80007210 (0x01042e33) x28 0x00000000
core   0: 0x80007214 (0xfda04d37) lui     s10, 0xfda04
core   0: 3 0x80007214 (0xfda04d37) x26 0xfda04000
core   0: 0x80007218 (0x017a3fb3) sltu    t6, s4, s7
core   0: 3 0x80007218 (0x017a3fb3) x31 0x00000000
core   0: 0x8000721c (0x01fa7033) and     zero, s4, t6
core   0: 3 0x8000721c (0x01fa7033)
core   0: 0x80007220 (0x00a19eb3) sll     t4, gp, a0
core   0: 3 0x80007220 (0x00a19eb3) x29 0xfffffb0e
core   0: 0x80007224 (0x019b6bb3) or      s7, s6, s9
core   0: 3 0x80007224 (0x019b6bb3) x23 0x5ab75024
core   0: 0x80007228 (0x009116b3) sll     a3, sp, s1
core   0: 3 0x80007228 (0x009116b3) x13 0xbf20a000
core   0: 0x8000722c (0x48ef6293) ori     t0, t5, 1166
core   0: 3 0x8000722c (0x48ef6293) x 5 0xb8acb48e
core   0: 0x80007230 (0x00000013) nop
core   0: 3 0x80007230 (0x00000013)
core   0: 0x80007234 (0xbd8023b7) lui     t2, 0xbd802
core   0: 3 0x80007234 (0xbd8023b7) x 7 0xbd802000
core   0: 0x80007238 (0x0ba4b713) sltiu   a4, s1, 186
core   0: 3 0x80007238 (0x0ba4b713) x14 0x00000001
core   0: 0x8000723c (0xe924ee93) ori     t4, s1, -366
core   0: 3 0x8000723c (0xe924ee93) x29 0xfffffe92
core   0: 0x80007240 (0x107a4c93) xori    s9, s4, 263
core   0: 3 0x80007240 (0x107a4c93) x25 0x80011f63
core   0: 0x80007244 (0x00ceb5b3) sltu    a1, t4, a2
core   0: 3 0x80007244 (0x00ceb5b3) x11 0x00000000
core   0: 0x80007248 (0x00000013) nop
core   0: 3 0x80007248 (0x00000013)
core   0: 0x8000724c (0x473b8d93) addi    s11, s7, 1139
core   0: 3 0x8000724c (0x473b8d93) x27 0x5ab75497
core   0: 0x80007250 (0x005ed433) srl     s0, t4, t0
core   0: 3 0x80007250 (0x005ed433) x 8 0x0003ffff
core   0: 0x80007254 (0x002da2b3) slt     t0, s11, sp
core   0: 3 0x80007254 (0x002da2b3) x 5 0x00000000
core   0: 0x80007258 (0xacd73593) sltiu   a1, a4, -1331
core   0: 3 0x80007258 (0xacd73593) x11 0x00000001
core   0: 0x8000725c (0x4070dc33) sra     s8, ra, t2
core   0: 3 0x8000725c (0x4070dc33) x24 0x4ab750bc
core   0: 0x80007260 (0xae752d93) slti    s11, a0, -1305
core   0: 3 0x80007260 (0xae752d93) x27 0x00000000
core   0: 0x80007264 (0x75aef213) andi    tp, t4, 1882
core   0: 3 0x80007264 (0x75aef213) x 4 0x00000612
core   0: 0x80007268 (0x01384433) xor     s0, a6, s3
core   0: 3 0x80007268 (0x01384433) x 8 0x00000000
core   0: 0x8000726c (0x41195db3) sra     s11, s2, a7
core   0: 3 0x8000726c (0x41195db3) x27 0xfbf20a00
core   0: 0x80007270 (0xfebd8013) addi    zero, s11, -21
core   0: 3 0x80007270 (0xfebd8013)
core   0: 0x80007274 (0x0050d7b3) srl     a5, ra, t0
core   0: 3 0x80007274 (0x0050d7b3) x15 0x4ab750bc
core   0: 0x80007278 (0x012ed193) srli    gp, t4, 18
core   0: 3 0x80007278 (0x012ed193) x 3 0x00003fff
core   0: 0x8000727c (0x407ad913) srai    s2, s5, 7
core   0: 3 0x8000727c (0x407ad913) x18 0xff0002b9
core   0: 0x80007280 (0xf0a60193) addi    gp, a2, -246
core   0: 3 0x80007280 (0xf0a60193) x 3 0xef0269f8
core   0: 0x80007284 (0x8ac14213) xori    tp, sp, -1876
core   0: 3 0x80007284 (0x8ac14213) x 4 0x40df58ac
core   0: 0x80007288 (0x00ee9f93) slli    t6, t4, 14
core   0: 3 0x80007288 (0x00ee9f93) x31 0xffa48000
core   0: 0x8000728c (0x00fd6d33) or      s10, s10, a5
core   0: 3 0x8000728c (0x00fd6d33) x26 0xffb750bc
core   0: 0x80007290 (0x007ba6b3) slt     a3, s7, t2
core   0: 3 0x80007290 (0x007ba6b3) x13 0x00000000
core   0: 0x80007294 (0x40468533) sub     a0, a3, tp
core   0: 3 0x80007294 (0x40468533) x10 0xbf20a754
core   0: 0x80007298 (0xbd487717) auipc   a4, 0xbd487
core   0: 3 0x80007298 (0xbd487717) x14 0x3d48e298
core   0: 0x8000729c (0x276f2f13) slti    t5, t5, 630
core   0: 3 0x8000729c (0x276f2f13) x30 0x00000001
core   0: 0x800072a0 (0x48780093) addi    ra, a6, 1159
core   0: 3 0x800072a0 (0x48780093) x 1 0x00000487
core   0: 0x800072a4 (0x2ba00293) li      t0, 698
core   0: 3 0x800072a4 (0x2ba00293) x 5 0x000002ba
core   0: 0x800072a8 (0x0170c3b3) xor     t2, ra, s7
core   0: 3 0x800072a8 (0x0170c3b3) x 7 0x5ab754a3
core   0: 0x800072ac (0x00618233) add     tp, gp, t1
core   0: 3 0x800072ac (0x00618233) x 4 0xef0269f8
core   0: 0x800072b0 (0x003f9093) slli    ra, t6, 3
core   0: 3 0x800072b0 (0x003f9093) x 1 0xfd240000
core   0: 0x800072b4 (0x019b67b3) or      a5, s6, s9
core   0: 3 0x800072b4 (0x019b67b3) x15 0xcab75f67
core   0: 0x800072b8 (0x013e70b3) and     ra, t3, s3
core   0: 3 0x800072b8 (0x013e70b3) x 1 0x00000000
core   0: 0x800072bc (0xb788b213) sltiu   tp, a7, -1160
core   0: 3 0x800072bc (0xb788b213) x 4 0x00000001
core   0: 0x800072c0 (0x01737533) and     a0, t1, s7
core   0: 3 0x800072c0 (0x01737533) x10 0x00000000
core   0: 0x800072c4 (0x00665433) srl     s0, a2, t1
core   0: 3 0x800072c4 (0x00665433) x 8 0xef026aee
core   0: 0x800072c8 (0x7c61ff13) andi    t5, gp, 1990
core   0: 3 0x800072c8 (0x7c61ff13) x30 0x000001c0
core   0: 0x800072cc (0xa8e6ff13) andi    t5, a3, -1394
core   0: 3 0x800072cc (0xa8e6ff13) x30 0x00000000
core   0: 0x800072d0 (0x44d4cd93) xori    s11, s1, 1101
core   0: 3 0x800072d0 (0x44d4cd93) x27 0x0000044d
core   0: 0x800072d4 (0x553cfd93) andi    s11, s9, 1363
core   0: 3 0x800072d4 (0x553cfd93) x27 0x00000543
core   0: 0x800072d8 (0x014792b3) sll     t0, a5, s4
core   0: 3 0x800072d8 (0x014792b3) x 5 0xab75f670
core   0: 0x800072dc (0xef685797) auipc   a5, 0xef685
core   0: 3 0x800072dc (0xef685797) x15 0x6f68c2dc
core   0: 0x800072e0 (0x40d6d993) srai    s3, a3, 13
core   0: 3 0x800072e0 (0x40d6d993) x19 0x00000000
core   0: 0x800072e4 (0x01b04933) xor     s2, zero, s11
core   0: 3 0x800072e4 (0x01b04933) x18 0x00000543
core   0: 0x800072e8 (0x00870033) add     zero, a4, s0
core   0: 3 0x800072e8 (0x00870033)
core   0: 0x800072ec (0x4091dd93) srai    s11, gp, 9
core   0: 3 0x800072ec (0x4091dd93) x27 0xfff78134
core   0: 0x800072f0 (0x01d09c93) slli    s9, ra, 29
core   0: 3 0x800072f0 (0x01d09c93) x25 0x00000000
core   0: 0x800072f4 (0xd561ac97) auipc   s9, 0xd561a
core   0: 3 0x800072f4 (0xd561ac97) x25 0x556212f4
core   0: 0x800072f8 (0x400d85b3) sub     a1, s11, zero
core   0: 3 0x800072f8 (0x400d85b3) x11 0xfff78134
core   0: 0x800072fc (0x01de5293) srli    t0, t3, 29
core   0: 3 0x800072fc (0x01de5293) x 5 0x00000000
core   0: 0x80007300 (0x0141edb3) or      s11, gp, s4
core   0: 3 0x80007300 (0x0141edb3) x27 0xef037ffc
core   0: 0x80007304 (0x016b8733) add     a4, s7, s6
core   0: 3 0x80007304 (0x016b8733) x14 0xa56ea048
core   0: 0x80007308 (0x00166fb3) or      t6, a2, ra
core   0: 3 0x80007308 (0x00166fb3) x31 0xef026aee
core   0: 0x8000730c (0x40ac55b3) sra     a1, s8, a0
core   0: 3 0x8000730c (0x40ac55b3) x11 0x4ab750bc
core   0: 0x80007310 (0x408209b3) sub     s3, tp, s0
core   0: 3 0x80007310 (0x408209b3) x19 0x10fd9513
core   0: 0x80007314 (0x00000013) nop
core   0: 3 0x80007314 (0x00000013)
core   0: 0x80007318 (0x4e42a713) slti    a4, t0, 1252
core   0: 3 0x80007318 (0x4e42a713) x14 0x00000001
core   0: 0x8000731c (0xe5b2f713) andi    a4, t0, -421
core   0: 3 0x8000731c (0xe5b2f713) x14 0x00000000
core   0: 0x80007320 (0x4197d933) sra     s2, a5, s9
core   0: 3 0x80007320 (0x4197d933) x18 0x000006f6
core   0: 0x80007324 (0x00b3f0b3) and     ra, t2, a1
core   0: 3 0x80007324 (0x00b3f0b3) x 1 0x4ab750a0
core   0: 0x80007328 (0xf3f7f093) andi    ra, a5, -193
core   0: 3 0x80007328 (0xf3f7f093) x 1 0x6f68c21c
core   0: 0x8000732c (0x008065b3) or      a1, zero, s0
core   0: 3 0x8000732c (0x008065b3) x11 0xef026aee
core   0: 0x80007330 (0x00687d33) and     s10, a6, t1
core   0: 3 0x80007330 (0x00687d33) x26 0x00000000
core   0: 0x80007334 (0x001b9f33) sll     t5, s7, ra
core   0: 3 0x80007334 (0x001b9f33) x30 0x40000000
core   0: 0x80007338 (0x01124433) xor     s0, tp, a7
core   0: 3 0x80007338 (0x01124433) x 8 0x4ab75025
core   0: 0x8000733c (0x401c5c33) sra     s8, s8, ra
core   0: 3 0x8000733c (0x401c5c33) x24 0x00000004
core   0: 0x80007340 (0x1d3a3793) sltiu   a5, s4, 467
core   0: 3 0x80007340 (0x1d3a3793) x15 0x00000000
core   0: 0x80007344 (0x01afd233) srl     tp, t6, s10
core   0: 3 0x80007344 (0x01afd233) x 4 0xef026aee
core   0: 0x80007348 (0x00000013) nop
core   0: 3 0x80007348 (0x00000013)
core   0: 0x8000734c (0x852ba893) slti    a7, s7, -1966
core   0: 3 0x8000734c (0x852ba893) x17 0x00000000
core   0: 0x80007350 (0x01c09513) slli    a0, ra, 28
core   0: 3 0x80007350 (0x01c09513) x10 0xc0000000
core   0: 0x80007354 (0x00000013) nop
core   0: 3 0x80007354 (0x00000013)
core   0: 0x80007358 (0x019e25b3) slt     a1, t3, s9
core   0: 3 0x80007358 (0x019e25b3) x11 0x00000001
core   0: 0x8000735c (0xffb78693) addi    a3, a5, -5
core   0: 3 0x8000735c (0xffb78693) x13 0xfffffffb
core   0: 0x80007360 (0x412f5bb3) sra     s7, t5, s2
core   0: 3 0x80007360 (0x412f5bb3) x23 0x00000100
core   0: 0x80007364 (0x001b1433) sll     s0, s6, ra
core   0: 3 0x80007364 (0x001b1433) x 8 0x40000000
core   0: 0x80007368 (0x409387b3) sub     a5, t2, s1
core   0: 3 0x80007368 (0x409387b3) x15 0x5ab754a3
core   0: 0x8000736c (0x00d86e33) or      t3, a6, a3
core   0: 3 0x8000736c (0x00d86e33) x28 0xfffffffb
core   0: 0x80007370 (0x5d7fb093) sltiu   ra, t6, 1495
core   0: 3 0x80007370 (0x5d7fb093) x 1 0x00000000
core   0: 0x80007374 (0x5126fc93) andi    s9, a3, 1298
core   0: 3 0x80007374 (0x5126fc93) x25 0x00000512
core   0: 0x80007378 (0x4079d5b3) sra     a1, s3, t2
core   0: 3 0x80007378 (0x4079d5b3) x11 0x021fb2a2
core   0: 0x8000737c (0x007ede93) srli    t4, t4, 7
core   0: 3 0x8000737c (0x007ede93) x29 0x01fffffd
core   0: 0x80007380 (0x1f8f0713) addi    a4, t5, 504
core   0: 3 0x80007380 (0x1f8f0713) x14 0x400001f8
core   0: 0x80007384 (0x0060d213) srli    tp, ra, 6
core   0: 3 0x80007384 (0x0060d213) x 4 0x00000000
core   0: 0x80007388 (0x00b7fe33) and     t3, a5, a1
core   0: 3 0x80007388 (0x00b7fe33) x28 0x021710a2
core   0: 0x8000738c (0x001af2b3) and     t0, s5, ra
core   0: 3 0x8000738c (0x001af2b3) x 5 0x00000000
core   0: 0x80007390 (0xae694593) xori    a1, s2, -1306
core   0: 3 0x80007390 (0xae694593) x11 0xfffffc10
core   0: 0x80007394 (0x01ee9433) sll     s0, t4, t5
core   0: 3 0x80007394 (0x01ee9433) x 8 0x01fffffd
core   0: 0x80007398 (0x61aca013) slti    zero, s9, 1562
core   0: 3 0x80007398 (0x61aca013)
core   0: 0x8000739c (0x12143593) sltiu   a1, s0, 289
core   0: 3 0x8000739c (0x12143593) x11 0x00000000
core   0: 0x800073a0 (0x01614233) xor     tp, sp, s6
core   0: 3 0x800073a0 (0x01614233) x 4 0xf597f024
core   0: 0x800073a4 (0x01dbd8b3) srl     a7, s7, t4
core   0: 3 0x800073a4 (0x01dbd8b3) x17 0x00000000
core   0: 0x800073a8 (0x00d448b3) xor     a7, s0, a3
core   0: 3 0x800073a8 (0x00d448b3) x17 0xfe000006
core   0: 0x800073ac (0x5f8bc213) xori    tp, s7, 1528
core   0: 3 0x800073ac (0x5f8bc213) x 4 0x000004f8
core   0: 0x800073b0 (0x003fe0b3) or      ra, t6, gp
core   0: 3 0x800073b0 (0x003fe0b3) x 1 0xef026bfe
core   0: 0x800073b4 (0x01026533) or      a0, tp, a6
core   0: 3 0x800073b4 (0x01026533) x10 0x000004f8
core   0: 0x800073b8 (0x1d127bb7) lui     s7, 0x1d127
core   0: 3 0x800073b8 (0x1d127bb7) x23 0x1d127000
core   0: 0x800073bc (0x57003097) auipc   ra, 0x57003
core   0: 3 0x800073bc (0x57003097) x 1 0xd700a3bc
core   0: 0x800073c0 (0x401054b3) sra     s1, zero, ra
core   0: 3 0x800073c0 (0x401054b3) x 9 0x00000000
core   0: 0x800073c4 (0xb607c593) xori    a1, a5, -1184
core   0: 3 0x800073c4 (0xb607c593) x11 0xa548afc3
core   0: 0x800073c8 (0x410d5433) sra     s0, s10, a6
core   0: 3 0x800073c8 (0x410d5433) x 8 0x00000000
core   0: 0x800073cc (0xfac55eb7) lui     t4, 0xfac55
core   0: 3 0x800073cc (0xfac55eb7) x29 0xfac55000
core   0: 0x800073d0 (0x49edcf93) xori    t6, s11, 1182
core   0: 3 0x800073d0 (0x49edcf93) x31 0xef037b62
core   0: 0x800073d4 (0x00b8a1b3) slt     gp, a7, a1
core   0: 3 0x800073d4 (0x00b8a1b3) x 3 0x00000000
core   0: 0x800073d8 (0x91cdbcb7) lui     s9, 0x91cdb
core   0: 3 0x800073d8 (0x91cdbcb7) x25 0x91cdb000
core   0: 0x800073dc (0xede62b13) slti    s6, a2, -290
core   0: 3 0x800073dc (0xede62b13) x22 0x00000001
core   0: 0x800073e0 (0xa013b717) auipc   a4, 0xa013b
core   0: 3 0x800073e0 (0xa013b717) x14 0x201423e0
core   0: 0x800073e4 (0x40b407b3) sub     a5, s0, a1
core   0: 3 0x800073e4 (0x40b407b3) x15 0x5ab7503d
core   0: 0x800073e8 (0x00910433) add     s0, sp, s1
core   0: 3 0x800073e8 (0x00910433) x 8 0xbf20a000
core   0: 0x800073ec (0x00cf8833) add     a6, t6, a2
core   0: 3 0x800073ec (0x00cf8833) x16 0xde05e650
core   0: 0x800073f0 (0x01dd5493) srli    s1, s10, 29
core   0: 3 0x800073f0 (0x01dd5493) x 9 0x00000000
core   0: 0x800073f4 (0x4073d1b3) sra     gp, t2, t2
core   0: 3 0x800073f4 (0x4073d1b3) x 3 0x0b56ea94
core   0: 0x800073f8 (0x4010d813) srai    a6, ra, 1
core   0: 3 0x800073f8 (0x4010d813) x16 0xeb8051de
core   0: 0x800073fc (0x018ccf33) xor     t5, s9, s8
core   0: 3 0x800073fc (0x018ccf33) x30 0x91cdb004
core   0: 0x80007400 (0x40cbd293) srai    t0, s7, 12
core   0: 3 0x80007400 (0x40cbd293) x 5 0x0001d127
core   0: 0x80007404 (0x00000013) nop
core   0: 3 0x80007404 (0x00000013)
core   0: 0x80007408 (0x6be8f217) auipc   tp, 0x6be8f
core   0: 3 0x80007408 (0x6be8f217) x 4 0xebe96408
core   0: 0x8000740c (0x41b950b3) sra     ra, s2, s11
core   0: 3 0x8000740c (0x41b950b3) x 1 0x00000000
core   0: 0x80007410 (0x9f387213) andi    tp, a6, -1549
core   0: 3 0x80007410 (0x9f387213) x 4 0xeb8051d2
core   0: 0x80007414 (0x01cdbfb3) sltu    t6, s11, t3
core   0: 3 0x80007414 (0x01cdbfb3) x31 0x00000000
core   0: 0x80007418 (0x00e97733) and     a4, s2, a4
core   0: 3 0x80007418 (0x00e97733) x14 0x000002e0
core   0: 0x8000741c (0x415d59b3) sra     s3, s10, s5
core   0: 3 0x8000741c (0x415d59b3) x19 0x00000000
core   0: 0x80007420 (0xdce81197) auipc   gp, 0xdce81
core   0: 3 0x80007420 (0xdce81197) x 3 0x5ce88420
core   0: 0x80007424 (0x009ea8b3) slt     a7, t4, s1
core   0: 3 0x80007424 (0x009ea8b3) x17 0x00000001
core   0: 0x80007428 (0x00a66533) or      a0, a2, a0
core   0: 3 0x80007428 (0x00a66533) x10 0xef026efe
core   0: 0x8000742c (0x01cc9e33) sll     t3, s9, t3
core   0: 3 0x8000742c (0x01cc9e33) x28 0x4736c000
core   0: 0x80007430 (0x016049b3) xor     s3, zero, s6
core   0: 3 0x80007430 (0x016049b3) x19 0x00000001
core   0: 0x80007434 (0x40d15693) srai    a3, sp, 13
core   0: 3 0x80007434 (0x40d15693) x13 0xfffdf905
core   0: 0x80007438 (0x0051ff33) and     t5, gp, t0
core   0: 3 0x80007438 (0x0051ff33) x30 0x00008020
core   0: 0x8000743c (0x007706b3) add     a3, a4, t2
core   0: 3 0x8000743c (0x007706b3) x13 0x5ab75783
core   0: 0x80007440 (0x00000013) nop
core   0: 3 0x80007440 (0x00000013)
core   0: 0x80007444 (0x1e3d3697) auipc   a3, 0x1e3d3
core   0: 3 0x80007444 (0x1e3d3697) x13 0x9e3da444
core   0: 0x80007448 (0x4dd16b13) ori     s6, sp, 1245
core   0: 3 0x80007448 (0x4dd16b13) x22 0xbf20a4dd
core   0: 0x8000744c (0x01dad293) srli    t0, s5, 29
core   0: 3 0x8000744c (0x01dad293) x 5 0x00000004
core   0: 0x80007450 (0x18fbe293) ori     t0, s7, 399
core   0: 3 0x80007450 (0x18fbe293) x 5 0x1d12718f
core   0: 0x80007454 (0x409ddc13) srai    s8, s11, 9
core   0: 3 0x80007454 (0x409ddc13) x24 0xfff781bf
core   0: 0x80007458 (0x41cb04b3) sub     s1, s6, t3
core   0: 3 0x80007458 (0x41cb04b3) x 9 0x77e9e4dd
core   0: 0x8000745c (0x00d4d413) srli    s0, s1, 13
core   0: 3 0x8000745c (0x00d4d413) x 8 0x0003bf4f
core   0: 0x80007460 (0x01fd5393) srli    t2, s10, 31
core   0: 3 0x80007460 (0x01fd5393) x 7 0x00000000
core   0: 0x80007464 (0x4083df33) sra     t5, t2, s0
core   0: 3 0x80007464 (0x4083df33) x30 0x00000000
core   0: 0x80007468 (0x418ad413) srai    s0, s5, 24
core   0: 3 0x80007468 (0x418ad413) x 8 0xffffff80
core   0: 0x8000746c (0xedf7af93) slti    t6, a5, -289
core   0: 3 0x8000746c (0xedf7af93) x31 0x00000000
core   0: 0x80007470 (0x00e0c4b3) xor     s1, ra, a4
core   0: 3 0x80007470 (0x00e0c4b3) x 9 0x000002e0
core   0: 0x80007474 (0x008f6833) or      a6, t5, s0
core   0: 3 0x80007474 (0x008f6833) x16 0xffffff80
core   0: 0x80007478 (0x00be0133) add     sp, t3, a1
core   0: 3 0x80007478 (0x00be0133) x 2 0xec7f6fc3
core   0: 0x8000747c (0x4124d033) sra     zero, s1, s2
core   0: 3 0x8000747c (0x4124d033)
core   0: 0x80007480 (0x24d3a513) slti    a0, t2, 589
core   0: 3 0x80007480 (0x24d3a513) x10 0x00000001
core   0: 0x80007484 (0x01c20db3) add     s11, tp, t3
core   0: 3 0x80007484 (0x01c20db3) x27 0x32b711d2
core   0: 0x80007488 (0x3f790213) addi    tp, s2, 1015
core   0: 3 0x80007488 (0x3f790213) x 4 0x00000aed
core   0: 0x8000748c (0x77610293) addi    t0, sp, 1910
core   0: 3 0x8000748c (0x77610293) x 5 0xec7f7739
core   0: 0x80007490 (0xf5674713) xori    a4, a4, -170
core   0: 3 0x80007490 (0xf5674713) x14 0xfffffdb6
core   0: 0x80007494 (0x007c8133) add     sp, s9, t2
core   0: 3 0x80007494 (0x007c8133) x 2 0x91cdb000
core   0: 0x80007498 (0x40b45f33) sra     t5, s0, a1
core   0: 3 0x80007498 (0x40b45f33) x30 0xfffffff0
core   0: 0x8000749c (0x22801737) lui     a4, 0x22801
core   0: 3 0x8000749c (0x22801737) x14 0x22801000
core   0: 0x800074a0 (0x402484b3) sub     s1, s1, sp
core   0: 3 0x800074a0 (0x402484b3) x 9 0x6e3252e0
core   0: 0x800074a4 (0x346bd7b7) lui     a5, 0x346bd
core   0: 3 0x800074a4 (0x346bd7b7) x15 0x346bd000
core   0: 0x800074a8 (0x01f75293) srli    t0, a4, 31
core   0: 3 0x800074a8 (0x01f75293) x 5 0x00000000
core   0: 0x800074ac (0x57703113) sltiu   sp, zero, 1399
core   0: 3 0x800074ac (0x57703113) x 2 0x00000001
core   0: 0x800074b0 (0x41af81b3) sub     gp, t6, s10
core   0: 3 0x800074b0 (0x41af81b3) x 3 0x00000000
core   0: 0x800074b4 (0x086c6037) lui     zero, 0x86c6
core   0: 3 0x800074b4 (0x086c6037)
core   0: 0x800074b8 (0x01069d13) slli    s10, a3, 16
core   0: 3 0x800074b8 (0x01069d13) x26 0xa4440000
core   0: 0x800074bc (0x001c5eb3) srl     t4, s8, ra
core   0: 3 0x800074bc (0x001c5eb3) x29 0xfff781bf
core   0: 0x800074c0 (0x41558e33) sub     t3, a1, s5
core   0: 3 0x800074c0 (0x41558e33) x28 0x254752df
core   0: 0x800074c4 (0xfef910b7) lui     ra, 0xfef91
core   0: 3 0x800074c4 (0xfef910b7) x 1 0xfef91000
core   0: 0x800074c8 (0xc6b383b7) lui     t2, 0xc6b38
core   0: 3 0x800074c8 (0xc6b383b7) x 7 0xc6b38000
core   0: 0x800074cc (0x013338b3) sltu    a7, t1, s3
core   0: 3 0x800074cc (0x013338b3) x17 0x00000001
core   0: 0x800074d0 (0x0011bc33) sltu    s8, gp, ra
core   0: 3 0x800074d0 (0x0011bc33) x24 0x00000001
core   0: 0x800074d4 (0x40c95133) sra     sp, s2, a2
core   0: 3 0x800074d4 (0x40c95133) x 2 0x00000000
core   0: 0x800074d8 (0x00dfe2b3) or      t0, t6, a3
core   0: 3 0x800074d8 (0x00dfe2b3) x 5 0x9e3da444
core   0: 0x800074dc (0x40860b33) sub     s6, a2, s0
core   0: 3 0x800074dc (0x40860b33) x22 0xef026b6e
core   0: 0x800074e0 (0x485dbd13) sltiu   s10, s11, 1157
core   0: 3 0x800074e0 (0x485dbd13) x26 0x00000000
core   0: 0x800074e4 (0x006d1333) sll     t1, s10, t1
core   0: 3 0x800074e4 (0x006d1333) x 6 0x00000000
core   0: 0x800074e8 (0xb7d6f193) andi    gp, a3, -1155
core   0: 3 0x800074e8 (0xb7d6f193) x 3 0x9e3da044
core   0: 0x800074ec (0x007cceb3) xor     t4, s9, t2
core   0: 3 0x800074ec (0x007cceb3) x29 0x577e3000
core   0: 0x800074f0 (0x00487033) and     zero, a6, tp
core   0: 3 0x800074f0 (0x00487033)
core   0: 0x800074f4 (0x01aa9513) slli    a0, s5, 26
core   0: 3 0x800074f4 (0x01aa9513) x10 0x90000000
core   0: 0x800074f8 (0x01843033) sltu    zero, s0, s8
core   0: 3 0x800074f8 (0x01843033)
core   0: 0x800074fc (0xeb8e4517) auipc   a0, 0xeb8e4
core   0: 3 0x800074fc (0xeb8e4517) x10 0x6b8eb4fc
core   0: 0x80007500 (0x000dee33) or      t3, s11, zero
core   0: 3 0x80007500 (0x000dee33) x28 0x32b711d2
core   0: 0x80007504 (0x00015413) srli    s0, sp, 0
core   0: 3 0x80007504 (0x00015413) x 8 0x00000000
core   0: 0x80007508 (0x0147e833) or      a6, a5, s4
core   0: 3 0x80007508 (0x0147e833) x16 0xb46bde64
core   0: 0x8000750c (0xc1bc4213) xori    tp, s8, -997
core   0: 3 0x8000750c (0xc1bc4213) x 4 0xfffffc1a
core   0: 0x80007510 (0xdcd6fc13) andi    s8, a3, -563
core   0: 3 0x80007510 (0xdcd6fc13) x24 0x9e3da444
core   0: 0x80007514 (0x0fd2a013) slti    zero, t0, 253
core   0: 3 0x80007514 (0x0fd2a013)
core   0: 0x80007518 (0xaf607893) andi    a7, zero, -1290
core   0: 3 0x80007518 (0xaf607893) x17 0x00000000
core   0: 0x8000751c (0xca397393) andi    t2, s2, -861
core   0: 3 0x8000751c (0xca397393) x 7 0x000004a2
core   0: 0x80007520 (0x01bc91b3) sll     gp, s9, s11
core   0: 3 0x80007520 (0x01bc91b3) x 3 0xc0000000
core   0: 0x80007524 (0x00b2ff33) and     t5, t0, a1
core   0: 3 0x80007524 (0x00b2ff33) x30 0x8408a440
core   0: 0x80007528 (0x018ad1b3) srl     gp, s5, s8
core   0: 3 0x80007528 (0x018ad1b3) x 3 0x080015ce
core   0: 0x8000752c (0x00000013) nop
core   0: 3 0x8000752c (0x00000013)
core   0: 0x80007530 (0x017d7db3) and     s11, s10, s7
core   0: 3 0x80007530 (0x017d7db3) x27 0x00000000
core   0: 0x80007534 (0x1ade4993) xori    s3, t3, 429
core   0: 3 0x80007534 (0x1ade4993) x19 0x32b7107f
core   0: 0x80007538 (0x011d06b3) add     a3, s10, a7
core   0: 3 0x80007538 (0x011d06b3) x13 0x00000000
core   0: 0x8000753c (0x01eb74b3) and     s1, s6, t5
core   0: 3 0x8000753c (0x01eb74b3) x 9 0x84002040
core   0: 0x80007540 (0x010f5893) srli    a7, t5, 16
core   0: 3 0x80007540 (0x010f5893) x17 0x00008408
core   0: 0x80007544 (0x00a56db3) or      s11, a0, a0
core   0: 3 0x80007544 (0x00a56db3) x27 0x6b8eb4fc
core   0: 0x80007548 (0x0079cbb3) xor     s7, s3, t2
core   0: 3 0x80007548 (0x0079cbb3) x23 0x32b714dd
core   0: 0x8000754c (0xdc0ced13) ori     s10, s9, -576
core   0: 3 0x8000754c (0xdc0ced13) x26 0xfffffdc0
core   0: 0x80007550 (0x011ea433) slt     s0, t4, a7
core   0: 3 0x80007550 (0x011ea433) x 8 0x00000000
core   0: 0x80007554 (0xfe9e3397) auipc   t2, 0xfe9e3
core   0: 3 0x80007554 (0xfe9e3397) x 7 0x7e9ea554
core   0: 0x80007558 (0xf6c10693) addi    a3, sp, -148
core   0: 3 0x80007558 (0xf6c10693) x13 0xffffff6c
core   0: 0x8000755c (0xa8a89b97) auipc   s7, 0xa8a89
core   0: 3 0x8000755c (0xa8a89b97) x23 0x28a9055c
core   0: 0x80007560 (0x00aa71b3) and     gp, s4, a0
core   0: 3 0x80007560 (0x00aa71b3) x 3 0x00001464
core   0: 0x80007564 (0x0115d193) srli    gp, a1, 17
core   0: 3 0x80007564 (0x0115d193) x 3 0x000052a4
core   0: 0x80007568 (0x9f39e313) ori     t1, s3, -1549
core   0: 3 0x80007568 (0x9f39e313) x 6 0xfffff9ff
core   0: 0x8000756c (0x010513b3) sll     t2, a0, a6
core   0: 3 0x8000756c (0x010513b3) x 7 0xb8eb4fc0
core   0: 0x80007570 (0x00549433) sll     s0, s1, t0
core   0: 3 0x80007570 (0x00549433) x 8 0x40020400
core   0: 0x80007574 (0xf5529c17) auipc   s8, 0xf5529
core   0: 3 0x80007574 (0xf5529c17) x24 0x75530574
core   0: 0x80007578 (0x41bfdc93) srai    s9, t6, 27
core   0: 3 0x80007578 (0x41bfdc93) x25 0x00000000
core   0: 0x8000757c (0x009894b3) sll     s1, a7, s1
core   0: 3 0x8000757c (0x009894b3) x 9 0x00008408
core   0: 0x80007580 (0x017d5c13) srli    s8, s10, 23
core   0: 3 0x80007580 (0x017d5c13) x24 0x000001ff
core   0: 0x80007584 (0x00ed8833) add     a6, s11, a4
core   0: 3 0x80007584 (0x00ed8833) x16 0x8e0ec4fc
core   0: 0x80007588 (0x002d9313) slli    t1, s11, 2
core   0: 3 0x80007588 (0x002d9313) x 6 0xae3ad3f0
core   0: 0x8000758c (0x0167df13) srli    t5, a5, 22
core   0: 3 0x8000758c (0x0167df13) x30 0x000000d1
core   0: 0x80007590 (0x09976213) ori     tp, a4, 153
core   0: 3 0x80007590 (0x09976213) x 4 0x22801099
core   0: 0x80007594 (0xe1a28d13) addi    s10, t0, -486
core   0: 3 0x80007594 (0xe1a28d13) x26 0x9e3da25e
core   0: 0x80007598 (0x2e1cfd93) andi    s11, s9, 737
core   0: 3 0x80007598 (0x2e1cfd93) x27 0x00000000
core   0: 0x8000759c (0x00242233) slt     tp, s0, sp
core   0: 3 0x8000759c (0x00242233) x 4 0x00000000
core   0: 0x800075a0 (0x007bbbb3) sltu    s7, s7, t2
core   0: 3 0x800075a0 (0x007bbbb3) x23 0x00000001
core   0: 0x800075a4 (0x40cd5593) srai    a1, s10, 12
core   0: 3 0x800075a4 (0x40cd5593) x11 0xfff9e3da
core   0: 0x800075a8 (0x00e0d293) srli    t0, ra, 14
core   0: 3 0x800075a8 (0x00e0d293) x 5 0x0003fbe4
core   0: 0x800075ac (0x01362533) slt     a0, a2, s3
core   0: 3 0x800075ac (0x01362533) x10 0x00000001
core   0: 0x800075b0 (0x0057d3b3) srl     t2, a5, t0
core   0: 3 0x800075b0 (0x0057d3b3) x 7 0x0346bd00
core   0: 0x800075b4 (0x00bdc8b3) xor     a7, s11, a1
core   0: 3 0x800075b4 (0x00bdc8b3) x17 0xfff9e3da
core   0: 0x800075b8 (0x01b5fcb3) and     s9, a1, s11
core   0: 3 0x800075b8 (0x01b5fcb3) x25 0x00000000
core   0: 0x800075bc (0x711eab93) slti    s7, t4, 1809
core   0: 3 0x800075bc (0x711eab93) x23 0x00000000
core   0: 0x800075c0 (0x40438cb3) sub     s9, t2, tp
core   0: 3 0x800075c0 (0x40438cb3) x25 0x0346bd00
core   0: 0x800075c4 (0x014d4d33) xor     s10, s10, s4
core   0: 3 0x800075c4 (0x014d4d33) x26 0x1e3cbc3a
core   0: 0x800075c8 (0x006b95b3) sll     a1, s7, t1
core   0: 3 0x800075c8 (0x006b95b3) x11 0x00000000
core   0: 0x800075cc (0x41b2dcb3) sra     s9, t0, s11
core   0: 3 0x800075cc (0x41b2dcb3) x25 0x0003fbe4
core   0: 0x800075d0 (0x41715793) srai    a5, sp, 23
core   0: 3 0x800075d0 (0x41715793) x15 0x00000000
core   0: 0x800075d4 (0x41ee56b3) sra     a3, t3, t5
core   0: 3 0x800075d4 (0x41ee56b3) x13 0x0000195b
core   0: 0x800075d8 (0x9f97a213) slti    tp, a5, -1543
core   0: 3 0x800075d8 (0x9f97a213) x 4 0x00000000
core   0: 0x800075dc (0x00309413) slli    s0, ra, 3
core   0: 3 0x800075dc (0x00309413) x 8 0xf7c88000
core   0: 0x800075e0 (0x22146213) ori     tp, s0, 545
core   0: 3 0x800075e0 (0x22146213) x 4 0xf7c88221
core   0: 0x800075e4 (0xfec12d93) slti    s11, sp, -20
core   0: 3 0x800075e4 (0xfec12d93) x27 0x00000000
core   0: 0x800075e8 (0x7eb9e593) ori     a1, s3, 2027
core   0: 3 0x800075e8 (0x7eb9e593) x11 0x32b717ff
core   0: 0x800075ec (0x002d8eb3) add     t4, s11, sp
core   0: 3 0x800075ec (0x002d8eb3) x29 0x00000000
core   0: 0x800075f0 (0x010f68b3) or      a7, t5, a6
core   0: 3 0x800075f0 (0x010f68b3) x17 0x8e0ec4fd
core   0: 0x800075f4 (0x05998c93) addi    s9, s3, 89
core   0: 3 0x800075f4 (0x05998c93) x25 0x32b710d8
core   0: 0x800075f8 (0x932c2e93) slti    t4, s8, -1742
core   0: 3 0x800075f8 (0x932c2e93) x29 0x00000000
core   0: 0x800075fc (0xa0e37e97) auipc   t4, 0xa0e37
core   0: 3 0x800075fc (0xa0e37e97) x29 0x20e3e5fc
core   0: 0x80007600 (0xe440af17) auipc   t5, 0xe440a
core   0: 3 0x80007600 (0xe440af17) x30 0x64411600
core   0: 0x80007604 (0x00f420b3) slt     ra, s0, a5
core   0: 3 0x80007604 (0x00f420b3) x 1 0x00000001
core   0: 0x80007608 (0x94806f93) ori     t6, zero, -1720
core   0: 3 0x80007608 (0x94806f93) x31 0xfffff948
core   0: 0x8000760c (0x009d4f33) xor     t5, s10, s1
core   0: 3 0x8000760c (0x009d4f33) x30 0x1e3c3832
core   0: 0x80007610 (0x00000013) nop
core   0: 3 0x80007610 (0x00000013)
core   0: 0x80007614 (0x01511133) sll     sp, sp, s5
core   0: 3 0x80007614 (0x01511133) x 2 0x00000000
core   0: 0x80007618 (0x7cdeae93) slti    t4, t4, 1997
core   0: 3 0x80007618 (0x7cdeae93) x29 0x00000000
core   0: 0x8000761c (0x01a0c533) xor     a0, ra, s10
core   0: 3 0x8000761c (0x01a0c533) x10 0x1e3cbc3b
core   0: 0x80007620 (0x1c7cb2b7) lui     t0, 0x1c7cb
core   0: 3 0x80007620 (0x1c7cb2b7) x 5 0x1c7cb000
core   0: 0x80007624 (0x015fa233) slt     tp, t6, s5
core   0: 3 0x80007624 (0x015fa233) x 4 0x00000000
core   0: 0x80007628 (0x01bfe5b3) or      a1, t6, s11
core   0: 3 0x80007628 (0x01bfe5b3) x11 0xfffff948
core   0: 0x8000762c (0x41d458b3) sra     a7, s0, t4
core   0: 3 0x8000762c (0x41d458b3) x17 0xf7c88000
core   0: 0x80007630 (0x3a836c17) auipc   s8, 0x3a836
core   0: 3 0x80007630 (0x3a836c17) x24 0xba83d630
core   0: 0x80007634 (0x018ec9b3) xor     s3, t4, s8
core   0: 3 0x80007634 (0x018ec9b3) x19 0xba83d630
core   0: 0x80007638 (0x04527213) andi    tp, tp, 69
core   0: 3 0x80007638 (0x04527213) x 4 0x00000000
core   0: 0x8000763c (0x40a78233) sub     tp, a5, a0
core   0: 3 0x8000763c (0x40a78233) x 4 0xe1c343c5
core   0: 0x80007640 (0x008fbf33) sltu    t5, t6, s0
core   0: 3 0x80007640 (0x008fbf33) x30 0x00000000
core   0: 0x80007644 (0xd2367513) andi    a0, a2, -733
core   0: 3 0x80007644 (0xd2367513) x10 0xef026822
core   0: 0x80007648 (0x3b146193) ori     gp, s0, 945
core   0: 3 0x80007648 (0x3b146193) x 3 0xf7c883b1
core   0: 0x8000764c (0x007f2d33) slt     s10, t5, t2
core   0: 3 0x8000764c (0x007f2d33) x26 0x00000001
core   0: 0x80007650 (0x3dede713) ori     a4, s11, 990
core   0: 3 0x80007650 (0x3dede713) x14 0x000003de
core   0: 0x80007654 (0x4629f593) andi    a1, s3, 1122
core   0: 3 0x80007654 (0x4629f593) x11 0x00000420
core   0: 0x80007658 (0x00ac8933) add     s2, s9, a0
core   0: 3 0x80007658 (0x00ac8933) x18 0x21b978fa
core   0: 0x8000765c (0xd51b2893) slti    a7, s6, -687
core   0: 3 0x8000765c (0xd51b2893) x17 0x00000001
core   0: 0x80007660 (0x15bdfb13) andi    s6, s11, 347
core   0: 3 0x80007660 (0x15bdfb13) x22 0x00000000
core   0: 0x80007664 (0x41fb0fb3) sub     t6, s6, t6
core   0: 3 0x80007664 (0x41fb0fb3) x31 0x000006b8
core   0: 0x80007668 (0x01f67533) and     a0, a2, t6
core   0: 3 0x80007668 (0x01f67533) x10 0x000002a8
core   0: 0x8000766c (0x01241013) slli    zero, s0, 18
core   0: 3 0x8000766c (0x01241013)
core   0: 0x80007670 (0x41c750b3) sra     ra, a4, t3
core   0: 3 0x80007670 (0x41c750b3) x 1 0x00000000
core   0: 0x80007674 (0x00b35893) srli    a7, t1, 11
core   0: 3 0x80007674 (0x00b35893) x17 0x0015c75a
core   0: 0x80007678 (0x6352c213) xori    tp, t0, 1589
core   0: 3 0x80007678 (0x6352c213) x 4 0x1c7cb635
core   0: 0x8000767c (0x01011c93) slli    s9, sp, 16
core   0: 3 0x8000767c (0x01011c93) x25 0x00000000
core   0: 0x80007680 (0x41f65f93) srai    t6, a2, 31
core   0: 3 0x80007680 (0x41f65f93) x31 0xffffffff
core   0: 0x80007684 (0x000d6933) or      s2, s10, zero
core   0: 3 0x80007684 (0x000d6933) x18 0x00000001
core   0: 0x80007688 (0xc052fc13) andi    s8, t0, -1019
core   0: 3 0x80007688 (0xc052fc13) x24 0x1c7cb000
core   0: 0x8000768c (0x012759b3) srl     s3, a4, s2
core   0: 3 0x8000768c (0x012759b3) x19 0x000001ef
core   0: 0x80007690 (0x005b3233) sltu    tp, s6, t0
core   0: 3 0x80007690 (0x005b3233) x 4 0x00000001
core   0: 0x80007694 (0x018f21b3) slt     gp, t5, s8
core   0: 3 0x80007694 (0x018f21b3) x 3 0x00000001
core   0: 0x80007698 (0xf111bc13) sltiu   s8, gp, -239
core   0: 3 0x80007698 (0xf111bc13) x24 0x00000001
core   0: 0x8000769c (0x00000013) nop
core   0: 3 0x8000769c (0x00000013)
core   0: 0x800076a0 (0x01005093) srli    ra, zero, 16
core   0: 3 0x800076a0 (0x01005093) x 1 0x00000000
core   0: 0x800076a4 (0x0191d693) srli    a3, gp, 25
core   0: 3 0x800076a4 (0x0191d693) x13 0x00000000
core   0: 0x800076a8 (0x00a04833) xor     a6, zero, a0
core   0: 3 0x800076a8 (0x00a04833) x16 0x000002a8
core   0: 0x800076ac (0x006e24b3) slt     s1, t3, t1
core   0: 3 0x800076ac (0x006e24b3) x 9 0x00000000
core   0: 0x800076b0 (0x0df2ec93) ori     s9, t0, 223
core   0: 3 0x800076b0 (0x0df2ec93) x25 0x1c7cb0df
core   0: 0x800076b4 (0x0164d913) srli    s2, s1, 22
core   0: 3 0x800076b4 (0x0164d913) x18 0x00000000
core   0: 0x800076b8 (0x01af1793) slli    a5, t5, 26
core   0: 3 0x800076b8 (0x01af1793) x15 0x00000000
core   0: 0x800076bc (0x141b0d13) addi    s10, s6, 321
core   0: 3 0x800076bc (0x141b0d13) x26 0x00000141
core   0: 0x800076c0 (0x01e5b8b3) sltu    a7, a1, t5
core   0: 3 0x800076c0 (0x01e5b8b3) x17 0x00000000
core   0: 0x800076c4 (0x001af433) and     s0, s5, ra
core   0: 3 0x800076c4 (0x001af433) x 8 0x00000000
core   0: 0x800076c8 (0x00db2433) slt     s0, s6, a3
core   0: 3 0x800076c8 (0x00db2433) x 8 0x00000000
core   0: 0x800076cc (0xe8f08693) addi    a3, ra, -369
core   0: 3 0x800076cc (0xe8f08693) x13 0xfffffe8f
core   0: 0x800076d0 (0x00e231b3) sltu    gp, tp, a4
core   0: 3 0x800076d0 (0x00e231b3) x 3 0x00000001
core   0: 0x800076d4 (0x40a5d513) srai    a0, a1, 10
core   0: 3 0x800076d4 (0x40a5d513) x10 0x00000001
core   0: 0x800076d8 (0xd661eb93) ori     s7, gp, -666
core   0: 3 0x800076d8 (0xd661eb93) x23 0xfffffd67
core   0: 0x800076dc (0x41385693) srai    a3, a6, 19
core   0: 3 0x800076dc (0x41385693) x13 0x00000000
core   0: 0x800076e0 (0x00825b93) srli    s7, tp, 8
core   0: 3 0x800076e0 (0x00825b93) x23 0x00000000
core   0: 0x800076e4 (0x007f9533) sll     a0, t6, t2
core   0: 3 0x800076e4 (0x007f9533) x10 0xffffffff
core   0: 0x800076e8 (0x40460833) sub     a6, a2, tp
core   0: 3 0x800076e8 (0x40460833) x16 0xef026aed
core   0: 0x800076ec (0x0025e333) or      t1, a1, sp
core   0: 3 0x800076ec (0x0025e333) x 6 0x00000420
core   0: 0x800076f0 (0x05010d13) addi    s10, sp, 80
core   0: 3 0x800076f0 (0x05010d13) x26 0x00000050
core   0: 0x800076f4 (0x015bf5b3) and     a1, s7, s5
core   0: 3 0x800076f4 (0x015bf5b3) x11 0x00000000
core   0: 0x800076f8 (0x78b33917) auipc   s2, 0x78b33
core   0: 3 0x800076f8 (0x78b33917) x18 0xf8b3a6f8
core   0: 0x800076fc (0x00fae433) or      s0, s5, a5
core   0: 3 0x800076fc (0x00fae433) x 8 0x80015ce4
core   0: 0x80007700 (0xa9b12137) lui     sp, 0xa9b12
core   0: 3 0x80007700 (0xa9b12137) x 2 0xa9b12000
core   0: 0x80007704 (0x00000013) nop
core   0: 3 0x80007704 (0x00000013)
core   0: 0x80007708 (0x000392b3) sll     t0, t2, zero
core   0: 3 0x80007708 (0x000392b3) x 5 0x0346bd00
core   0: 0x8000770c (0x03f7b313) sltiu   t1, a5, 63
core   0: 3 0x8000770c (0x03f7b313) x 6 0x00000001
core   0: 0x80007710 (0x0137a933) slt     s2, a5, s3
core   0: 3 0x80007710 (0x0137a933) x18 0x00000001
core   0: 0x80007714 (0x17574293) xori    t0, a4, 373
core   0: 3 0x80007714 (0x17574293) x 5 0x000002ab
core   0: 0x80007718 (0x00000013) nop
core   0: 3 0x80007718 (0x00000013)
core   0: 0x8000771c (0x007fab33) slt     s6, t6, t2
core   0: 3 0x8000771c (0x007fab33) x22 0x00000001
core   0: 0x80007720 (0x01c09f13) slli    t5, ra, 28
core   0: 3 0x80007720 (0x01c09f13) x30 0x00000000
core   0: 0x80007724 (0x41ef8933) sub     s2, t6, t5
core   0: 3 0x80007724 (0x41ef8933) x18 0xffffffff
core   0: 0x80007728 (0x00a340b3) xor     ra, t1, a0
core   0: 3 0x80007728 (0x00a340b3) x 1 0xfffffffe
core   0: 0x8000772c (0x9837c293) xori    t0, a5, -1661
core   0: 3 0x8000772c (0x9837c293) x 5 0xfffff983
core   0: 0x80007730 (0x004a0d33) add     s10, s4, tp
core   0: 3 0x80007730 (0x004a0d33) x26 0x80011e65
core   0: 0x80007734 (0x41de8f33) sub     t5, t4, t4
core   0: 3 0x80007734 (0x41de8f33) x30 0x00000000
core   0: 0x80007738 (0x66d41d17) auipc   s10, 0x66d41
core   0: 3 0x80007738 (0x66d41d17) x26 0xe6d48738
core   0: 0x8000773c (0x368c6793) ori     a5, s8, 872
core   0: 3 0x8000773c (0x368c6793) x15 0x00000369
core   0: 0x80007740 (0x41ed5cb3) sra     s9, s10, t5
core   0: 3 0x80007740 (0x41ed5cb3) x25 0xe6d48738
core   0: 0x80007744 (0x004424b3) slt     s1, s0, tp
core   0: 3 0x80007744 (0x004424b3) x 9 0x00000001
core   0: 0x80007748 (0x009f7e33) and     t3, t5, s1
core   0: 3 0x80007748 (0x009f7e33) x28 0x00000000
core   0: 0x8000774c (0x00ad1233) sll     tp, s10, a0
core   0: 3 0x8000774c (0x00ad1233) x 4 0x00000000
core   0: 0x80007750 (0x01ecdf93) srli    t6, s9, 30
core   0: 3 0x80007750 (0x01ecdf93) x31 0x00000003
core   0: 0x80007754 (0x40dc5393) srai    t2, s8, 13
core   0: 3 0x80007754 (0x40dc5393) x 7 0x00000000
core   0: 0x80007758 (0x92e53313) sltiu   t1, a0, -1746
core   0: 3 0x80007758 (0x92e53313) x 6 0x00000000
core   0: 0x8000775c (0x419ad213) srai    tp, s5, 25
core   0: 3 0x8000775c (0x419ad213) x 4 0xffffffc0
core   0: 0x80007760 (0x00000013) nop
core   0: 3 0x80007760 (0x00000013)
core   0: 0x80007764 (0x01309833) sll     a6, ra, s3
core   0: 3 0x80007764 (0x01309833) x16 0xffff0000
core   0: 0x80007768 (0xa9324037) lui     zero, 0xa9324
core   0: 3 0x80007768 (0xa9324037)
core   0: 0x8000776c (0x966f4c93) xori    s9, t5, -1690
core   0: 3 0x8000776c (0x966f4c93) x25 0xfffff966
core   0: 0x80007770 (0x013ac8b3) xor     a7, s5, s3
core   0: 3 0x80007770 (0x013ac8b3) x17 0x80015d0b
core   0: 0x80007774 (0x61abc237) lui     tp, 0x61abc
core   0: 3 0x80007774 (0x61abc237) x 4 0x61abc000
core   0: 0x80007778 (0x01fee933) or      s2, t4, t6
core   0: 3 0x80007778 (0x01fee933) x18 0x00000003
core   0: 0x8000777c (0x0022c433) xor     s0, t0, sp
core   0: 3 0x8000777c (0x0022c433) x 8 0x564ed983
core   0: 0x80007780 (0x01047733) and     a4, s0, a6
core   0: 3 0x80007780 (0x01047733) x14 0x564e0000
core   0: 0x80007784 (0x054ffb13) andi    s6, t6, 84
core   0: 3 0x80007784 (0x054ffb13) x22 0x00000000
core   0: 0x80007788 (0xed813413) sltiu   s0, sp, -296
core   0: 3 0x80007788 (0xed813413) x 8 0x00000001
core   0: 0x8000778c (0xebe6ac13) slti    s8, a3, -322
core   0: 3 0x8000778c (0xebe6ac13) x24 0x00000000
core   0: 0x80007790 (0x01957533) and     a0, a0, s9
core   0: 3 0x80007790 (0x01957533) x10 0xfffff966
core   0: 0x80007794 (0xef1cee13) ori     t3, s9, -271
core   0: 3 0x80007794 (0xef1cee13) x28 0xfffffff7
core   0: 0x80007798 (0xcbb74593) xori    a1, a4, -837
core   0: 3 0x80007798 (0xcbb74593) x11 0xa9b1fcbb
core   0: 0x8000779c (0x015708b3) add     a7, a4, s5
core   0: 3 0x8000779c (0x015708b3) x17 0xd64f5ce4
core   0: 0x800077a0 (0xa49b8c93) addi    s9, s7, -1463
core   0: 3 0x800077a0 (0xa49b8c93) x25 0xfffffa49
core   0: 0x800077a4 (0x014f58b3) srl     a7, t5, s4
core   0: 3 0x800077a4 (0x014f58b3) x17 0x00000000
core   0: 0x800077a8 (0x0061fc33) and     s8, gp, t1
core   0: 3 0x800077a8 (0x0061fc33) x24 0x00000000
core   0: 0x800077ac (0x007b3233) sltu    tp, s6, t2
core   0: 3 0x800077ac (0x007b3233) x 4 0x00000000
core   0: 0x800077b0 (0x01e31e33) sll     t3, t1, t5
core   0: 3 0x800077b0 (0x01e31e33) x28 0x00000000
core   0: 0x800077b4 (0x412ed213) srai    tp, t4, 18
core   0: 3 0x800077b4 (0x412ed213) x 4 0x00000000
core   0: 0x800077b8 (0x76c2a313) slti    t1, t0, 1900
core   0: 3 0x800077b8 (0x76c2a313) x 6 0x00000001
core   0: 0x800077bc (0x00e27d33) and     s10, tp, a4
core   0: 3 0x800077bc (0x00e27d33) x26 0x00000000
core   0: 0x800077c0 (0x00000013) nop
core   0: 3 0x800077c0 (0x00000013)
core   0: 0x800077c4 (0x00ff0cb3) add     s9, t5, a5
core   0: 3 0x800077c4 (0x00ff0cb3) x25 0x00000369
core   0: 0x800077c8 (0x00000013) nop
core   0: 3 0x800077c8 (0x00000013)
core   0: 0x800077cc (0xb1868313) addi    t1, a3, -1256
core   0: 3 0x800077cc (0xb1868313) x 6 0xfffffb18
core   0: 0x800077d0 (0x0a2aa897) auipc   a7, 0xa2aa
core   0: 3 0x800077d0 (0x0a2aa897) x17 0x8a2b17d0
core   0: 0x800077d4 (0x0026a333) slt     t1, a3, sp
core   0: 3 0x800077d4 (0x0026a333) x 6 0x00000000
core   0: 0x800077d8 (0x002ef533) and     a0, t4, sp
core   0: 3 0x800077d8 (0x002ef533) x10 0x00000000
core   0: 0x800077dc (0x41fe5d13) srai    s10, t3, 31
core   0: 3 0x800077dc (0x41fe5d13) x26 0x00000000
core   0: 0x800077e0 (0x5e1bce13) xori    t3, s7, 1505
core   0: 3 0x800077e0 (0x5e1bce13) x28 0x000005e1
core   0: 0x800077e4 (0x01d0e3b3) or      t2, ra, t4
core   0: 3 0x800077e4 (0x01d0e3b3) x 7 0xfffffffe
core   0: 0x800077e8 (0x018c9cb3) sll     s9, s9, s8
core   0: 3 0x800077e8 (0x018c9cb3) x25 0x00000369
core   0: 0x800077ec (0x01364433) xor     s0, a2, s3
core   0: 3 0x800077ec (0x01364433) x 8 0xef026b01
core   0: 0x800077f0 (0x0123f9b3) and     s3, t2, s2
core   0: 3 0x800077f0 (0x0123f9b3) x19 0x00000002
core   0: 0x800077f4 (0x24fde093) ori     ra, s11, 591
core   0: 3 0x800077f4 (0x24fde093) x 1 0x0000024f
core   0: 0x800077f8 (0x00efa533) slt     a0, t6, a4
core   0: 3 0x800077f8 (0x00efa533) x10 0x00000001
core   0: 0x800077fc (0x00f00933) add     s2, zero, a5
core   0: 3 0x800077fc (0x00f00933) x18 0x00000369
core   0: 0x80007800 (0x00c4f133) and     sp, s1, a2
core   0: 3 0x80007800 (0x00c4f133) x 2 0x00000000
core   0: 0x80007804 (0x407a5193) srai    gp, s4, 7
core   0: 3 0x80007804 (0x407a5193) x 3 0xff00023c
core   0: 0x80007808 (0x00b48cb3) add     s9, s1, a1
core   0: 3 0x80007808 (0x00b48cb3) x25 0xa9b1fcbc
core   0: 0x8000780c (0x011828b3) slt     a7, a6, a7
core   0: 3 0x8000780c (0x011828b3) x17 0x00000000
core   0: 0x80007810 (0xe7d6c397) auipc   t2, 0xe7d6c
core   0: 3 0x80007810 (0xe7d6c397) x 7 0x67d73810
core   0: 0x80007814 (0xebc04913) xori    s2, zero, -324
core   0: 3 0x80007814 (0xebc04913) x18 0xfffffebc
core   0: 0x80007818 (0x00e6eeb3) or      t4, a3, a4
core   0: 3 0x80007818 (0x00e6eeb3) x29 0x564e0000
core   0: 0x8000781c (0xa3576413) ori     s0, a4, -1483
core   0: 3 0x8000781c (0xa3576413) x 8 0xfffffa35
core   0: 0x80007820 (0x21b3b337) lui     t1, 0x21b3b
core   0: 3 0x80007820 (0x21b3b337) x 6 0x21b3b000
core   0: 0x80007824 (0xf5160d93) addi    s11, a2, -175
core   0: 3 0x80007824 (0xf5160d93) x27 0xef026a3f
core   0: 0x80007828 (0xfd1aa6b7) lui     a3, 0xfd1aa
core   0: 3 0x80007828 (0xfd1aa6b7) x13 0xfd1aa000
core   0: 0x8000782c (0x278b90b7) lui     ra, 0x278b9
core   0: 3 0x8000782c (0x278b90b7) x 1 0x278b9000
core   0: 0x80007830 (0x0048a533) slt     a0, a7, tp
core   0: 3 0x80007830 (0x0048a533) x10 0x00000000
core   0: 0x80007834 (0x00000013) nop
core   0: 3 0x80007834 (0x00000013)
core   0: 0x80007838 (0x01c8dd93) srli    s11, a7, 28
core   0: 3 0x80007838 (0x01c8dd93) x27 0x00000000
core   0: 0x8000783c (0x0089afb3) slt     t6, s3, s0
core   0: 3 0x8000783c (0x0089afb3) x31 0x00000000
core   0: 0x80007840 (0x7d8cae93) slti    t4, s9, 2008
core   0: 3 0x80007840 (0x7d8cae93) x29 0x00000001
core   0: 0x80007844 (0x80e870b7) lui     ra, 0x80e87
core   0: 3 0x80007844 (0x80e870b7) x 1 0x80e87000
core   0: 0x80007848 (0x01f58e33) add     t3, a1, t6
core   0: 3 0x80007848 (0x01f58e33) x28 0xa9b1fcbb
core   0: 0x8000784c (0x40a3db13) srai    s6, t2, 10
core   0: 3 0x8000784c (0x40a3db13) x22 0x0019f5ce
core   0: 0x80007850 (0x00000013) nop
core   0: 3 0x80007850 (0x00000013)
core   0: 0x80007854 (0x010acdb3) xor     s11, s5, a6
core   0: 3 0x80007854 (0x010acdb3) x27 0x7ffe5ce4
core   0: 0x80007858 (0x009139b3) sltu    s3, sp, s1
core   0: 3 0x80007858 (0x009139b3) x19 0x00000001
core   0: 0x8000785c (0x00918293) addi    t0, gp, 9
core   0: 3 0x8000785c (0x00918293) x 5 0xff000245
core   0: 0x80007860 (0x00315cb3) srl     s9, sp, gp
core   0: 3 0x80007860 (0x00315cb3) x25 0x00000000
core   0: 0x80007864 (0x41678533) sub     a0, a5, s6
core   0: 3 0x80007864 (0x41678533) x10 0xffe60d9b
core   0: 0x80007868 (0x3ee88c13) addi    s8, a7, 1006
core   0: 3 0x80007868 (0x3ee88c13) x24 0x000003ee
core   0: 0x8000786c (0x5ce76813) ori     a6, a4, 1486
core   0: 3 0x8000786c (0x5ce76813) x16 0x564e05ce
core   0: 0x80007870 (0x00325b93) srli    s7, tp, 3
core   0: 3 0x80007870 (0x00325b93) x23 0x00000000
core   0: 0x80007874 (0x00561eb3) sll     t4, a2, t0
core   0: 3 0x80007874 (0x00561eb3) x29 0xe04d5dc0
core   0: 0x80007878 (0x41138433) sub     s0, t2, a7
core   0: 3 0x80007878 (0x41138433) x 8 0x67d73810
core   0: 0x8000787c (0x00311d93) slli    s11, sp, 3
core   0: 3 0x8000787c (0x00311d93) x27 0x00000000
core   0: 0x80007880 (0x4b477593) andi    a1, a4, 1204
core   0: 3 0x80007880 (0x4b477593) x11 0x00000000
core   0: 0x80007884 (0x48570193) addi    gp, a4, 1157
core   0: 3 0x80007884 (0x48570193) x 3 0x564e0485
core   0: 0x80007888 (0x00801333) sll     t1, zero, s0
core   0: 3 0x80007888 (0x00801333) x 6 0x00000000
core   0: 0x8000788c (0x009378b3) and     a7, t1, s1
core   0: 3 0x8000788c (0x009378b3) x17 0x00000000
core   0: 0x80007890 (0x92c73c93) sltiu   s9, a4, -1748
core   0: 3 0x80007890 (0x92c73c93) x25 0x00000001
core   0: 0x80007894 (0x00c9e8b3) or      a7, s3, a2
core   0: 3 0x80007894 (0x00c9e8b3) x17 0xef026aef
core   0: 0x80007898 (0x00c41013) slli    zero, s0, 12
core   0: 3 0x80007898 (0x00c41013)
core   0: 0x8000789c (0x64063c13) sltiu   s8, a2, 1600
core   0: 3 0x8000789c (0x64063c13) x24 0x00000000
core   0: 0x800078a0 (0x3a008493) addi    s1, ra, 928
core   0: 3 0x800078a0 (0x3a008493) x 9 0x80e873a0
core   0: 0x800078a4 (0xc776fe97) auipc   t4, 0xc776f
core   0: 3 0x800078a4 (0xc776fe97) x29 0x477768a4
core   0: 0x800078a8 (0x974e2f13) slti    t5, t3, -1676
core   0: 3 0x800078a8 (0x974e2f13) x30 0x00000001
core   0: 0x800078ac (0x00847b33) and     s6, s0, s0
core   0: 3 0x800078ac (0x00847b33) x22 0x67d73810
core   0: 0x800078b0 (0x01389113) slli    sp, a7, 19
core   0: 3 0x800078b0 (0x01389113) x 2 0x57780000
core   0: 0x800078b4 (0x00000013) nop
core   0: 3 0x800078b4 (0x00000013)
core   0: 0x800078b8 (0x014a5cb3) srl     s9, s4, s4
core   0: 3 0x800078b8 (0x014a5cb3) x25 0x080011e6
core   0: 0x800078bc (0x85bb7913) andi    s2, s6, -1957
core   0: 3 0x800078bc (0x85bb7913) x18 0x67d73810
core   0: 0x800078c0 (0x7c193697) auipc   a3, 0x7c193
core   0: 3 0x800078c0 (0x7c193697) x13 0xfc19a8c0
core   0: 0x800078c4 (0x017e5813) srli    a6, t3, 23
core   0: 3 0x800078c4 (0x017e5813) x16 0x00000153
core   0: 0x800078c8 (0x00000013) nop
core   0: 3 0x800078c8 (0x00000013)
core   0: 0x800078cc (0x004cb5b3) sltu    a1, s9, tp
core   0: 3 0x800078cc (0x004cb5b3) x11 0x00000000
core   0: 0x800078d0 (0x00437533) and     a0, t1, tp
core   0: 3 0x800078d0 (0x00437533) x10 0x00000000
core   0: 0x800078d4 (0x41720c33) sub     s8, tp, s7
core   0: 3 0x800078d4 (0x41720c33) x24 0x00000000
core   0: 0x800078d8 (0x00571f93) slli    t6, a4, 5
core   0: 3 0x800078d8 (0x00571f93) x31 0xc9c00000
core   0: 0x800078dc (0x00835eb3) srl     t4, t1, s0
core   0: 3 0x800078dc (0x00835eb3) x29 0x00000000
core   0: 0x800078e0 (0x40565333) sra     t1, a2, t0
core   0: 3 0x800078e0 (0x40565333) x 6 0xff781357
core   0: 0x800078e4 (0xdc8a2c93) slti    s9, s4, -568
core   0: 3 0x800078e4 (0xdc8a2c93) x25 0x00000001
core   0: 0x800078e8 (0x40e40b33) sub     s6, s0, a4
core   0: 3 0x800078e8 (0x40e40b33) x22 0x11893810
core   0: 0x800078ec (0x00fbbe33) sltu    t3, s7, a5
core   0: 3 0x800078ec (0x00fbbe33) x28 0x00000001
core   0: 0x800078f0 (0x9ea7be13) sltiu   t3, a5, -1558
core   0: 3 0x800078f0 (0x9ea7be13) x28 0x00000001
core   0: 0x800078f4 (0x00b0e133) or      sp, ra, a1
core   0: 3 0x800078f4 (0x00b0e133) x 2 0x80e87000
core   0: 0x800078f8 (0x3b3b7f13) andi    t5, s6, 947
core   0: 3 0x800078f8 (0x3b3b7f13) x30 0x00000010
core   0: 0x800078fc (0x0083b2b3) sltu    t0, t2, s0
core   0: 3 0x800078fc (0x0083b2b3) x 5 0x00000000
core   0: 0x80007900 (0x720cad93) slti    s11, s9, 1824
core   0: 3 0x80007900 (0x720cad93) x27 0x00000001
core   0: 0x80007904 (0xa3807813) andi    a6, zero, -1480
core   0: 3 0x80007904 (0xa3807813) x16 0x00000000
core   0: 0x80007908 (0x46846437) lui     s0, 0x46846
core   0: 3 0x80007908 (0x46846437) x 8 0x46846000
core   0: 0x8000790c (0xfb407f93) andi    t6, zero, -76
core   0: 3 0x8000790c (0xfb407f93) x31 0x00000000
core   0: 0x80007910 (0x01b65793) srli    a5, a2, 27
core   0: 3 0x80007910 (0x01b65793) x15 0x0000001d
core   0: 0x80007914 (0x0a468813) addi    a6, a3, 164
core   0: 3 0x80007914 (0x0a468813) x16 0xfc19a964
core   0: 0x80007918 (0x41455c33) sra     s8, a0, s4
core   0: 3 0x80007918 (0x41455c33) x24 0x00000000
core   0: 0x8000791c (0xb215a593) slti    a1, a1, -1247
core   0: 3 0x8000791c (0xb215a593) x11 0x00000000
core   0: 0x80007920 (0x00263833) sltu    a6, a2, sp
core   0: 3 0x80007920 (0x00263833) x16 0x00000000
core   0: 0x80007924 (0x00fe0233) add     tp, t3, a5
core   0: 3 0x80007924 (0x00fe0233) x 4 0x0000001e
core   0: 0x80007928 (0xc5061497) auipc   s1, 0xc5061
core   0: 3 0x80007928 (0xc5061497) x 9 0x45068928
core   0: 0x8000792c (0x4161d393) srai    t2, gp, 22
core   0: 3 0x8000792c (0x4161d393) x 7 0x00000159
core   0: 0x80007930 (0x6a728093) addi    ra, t0, 1703
core   0: 3 0x80007930 (0x6a728093) x 1 0x000006a7
core   0: 0x80007934 (0xdc547837) lui     a6, 0xdc547
core   0: 3 0x80007934 (0xdc547837) x16 0xdc547000
core   0: 0x80007938 (0x014fdc93) srli    s9, t6, 20
core   0: 3 0x80007938 (0x014fdc93) x25 0x00000000
core   0: 0x8000793c (0x01d8b033) sltu    zero, a7, t4
core   0: 3 0x8000793c (0x01d8b033)
core   0: 0x80007940 (0x0fead017) auipc   zero, 0xfead
core   0: 3 0x80007940 (0x0fead017)
core   0: 0x80007944 (0x00de5893) srli    a7, t3, 13
core   0: 3 0x80007944 (0x00de5893) x17 0x00000000
core   0: 0x80007948 (0xf9dbee13) ori     t3, s7, -99
core   0: 3 0x80007948 (0xf9dbee13) x28 0xffffff9d
core   0: 0x8000794c (0x407d8533) sub     a0, s11, t2
core   0: 3 0x8000794c (0x407d8533) x10 0xfffffea8
core   0: 0x80007950 (0x78e52513) slti    a0, a0, 1934
core   0: 3 0x80007950 (0x78e52513) x10 0x00000001
core   0: 0x80007954 (0x01e15693) srli    a3, sp, 30
core   0: 3 0x80007954 (0x01e15693) x13 0x00000002
core   0: 0x80007958 (0xd062eb93) ori     s7, t0, -762
core   0: 3 0x80007958 (0xd062eb93) x23 0xfffffd06
core   0: 0x8000795c (0x0066c133) xor     sp, a3, t1
core   0: 3 0x8000795c (0x0066c133) x 2 0xff781355
core   0: 0x80007960 (0x414ddf13) srai    t5, s11, 20
core   0: 3 0x80007960 (0x414ddf13) x30 0x00000000
core   0: 0x80007964 (0x1292c593) xori    a1, t0, 297
core   0: 3 0x80007964 (0x1292c593) x11 0x00000129
core   0: 0x80007968 (0x017b5db3) srl     s11, s6, s7
core   0: 3 0x80007968 (0x017b5db3) x27 0x004624e0
core   0: 0x8000796c (0x00126eb3) or      t4, tp, ra
core   0: 3 0x8000796c (0x00126eb3) x29 0x000006bf
core   0: 0x80007970 (0xa0adcb13) xori    s6, s11, -1526
core   0: 3 0x80007970 (0xa0adcb13) x22 0xffb9deea
core   0: 0x80007974 (0x40b58bb3) sub     s7, a1, a1
core   0: 3 0x80007974 (0x40b58bb3) x23 0x00000000
core   0: 0x80007978 (0x002b5fb3) srl     t6, s6, sp
core   0: 3 0x80007978 (0x002b5fb3) x31 0x000007fd
core   0: 0x8000797c (0x448ce817) auipc   a6, 0x448ce
core   0: 3 0x8000797c (0x448ce817) x16 0xc48d597c
core   0: 0x80007980 (0x018d9413) slli    s0, s11, 24
core   0: 3 0x80007980 (0x018d9413) x 8 0xe0000000
core   0: 0x80007984 (0xb4ecf213) andi    tp, s9, -1202
core   0: 3 0x80007984 (0xb4ecf213) x 4 0x00000000
core   0: 0x80007988 (0x01434fb3) xor     t6, t1, s4
core   0: 3 0x80007988 (0x01434fb3) x31 0x7f790d33
core   0: 0x8000798c (0x4cb3e313) ori     t1, t2, 1227
core   0: 3 0x8000798c (0x4cb3e313) x 6 0x000005db
core   0: 0x80007990 (0x002da8b3) slt     a7, s11, sp
core   0: 3 0x80007990 (0x002da8b3) x17 0x00000000
core   0: 0x80007994 (0x41670b33) sub     s6, a4, s6
core   0: 3 0x80007994 (0x41670b33) x22 0x56942116
core   0: 0x80007998 (0xefb4d117) auipc   sp, 0xefb4d
core   0: 3 0x80007998 (0xefb4d117) x 2 0x6fb54998
core   0: 0x8000799c (0x7fbd2d93) slti    s11, s10, 2043
core   0: 3 0x8000799c (0x7fbd2d93) x27 0x00000001
core   0: 0x800079a0 (0x4188d493) srai    s1, a7, 24
core   0: 3 0x800079a0 (0x4188d493) x 9 0x00000000
core   0: 0x800079a4 (0x007fd413) srli    s0, t6, 7
core   0: 3 0x800079a4 (0x007fd413) x 8 0x00fef21a
core   0: 0x800079a8 (0x00295913) srli    s2, s2, 2
core   0: 3 0x800079a8 (0x00295913) x18 0x19f5ce04
core   0: 0x800079ac (0x005cb533) sltu    a0, s9, t0
core   0: 3 0x800079ac (0x005cb533) x10 0x00000000
core   0: 0x800079b0 (0x40ba5293) srai    t0, s4, 11
core   0: 3 0x800079b0 (0x40ba5293) x 5 0xfff00023
core   0: 0x800079b4 (0x00000013) nop
core   0: 3 0x800079b4 (0x00000013)
core   0: 0x800079b8 (0x262ea413) slti    s0, t4, 610
core   0: 3 0x800079b8 (0x262ea413) x 8 0x00000000
core   0: 0x800079bc (0xd2140c13) addi    s8, s0, -735
core   0: 3 0x800079bc (0xd2140c13) x24 0xfffffd21
core   0: 0x800079c0 (0xdf84d297) auipc   t0, 0xdf84d
core   0: 3 0x800079c0 (0xdf84d297) x 5 0x5f8549c0
core   0: 0x800079c4 (0x41dfdb93) srai    s7, t6, 29
core   0: 3 0x800079c4 (0x41dfdb93) x23 0x00000003
core   0: 0x800079c8 (0xd19d06b7) lui     a3, 0xd19d0
core   0: 3 0x800079c8 (0xd19d06b7) x13 0xd19d0000
core   0: 0x800079cc (0x019d4d33) xor     s10, s10, s9
core   0: 3 0x800079cc (0x019d4d33) x26 0x00000000
core   0: 0x800079d0 (0x1bda6993) ori     s3, s4, 445
core   0: 3 0x800079d0 (0x1bda6993) x19 0x80011ffd
core   0: 0x800079d4 (0x410452b3) sra     t0, s0, a6
core   0: 3 0x800079d4 (0x410452b3) x 5 0x00000000
core   0: 0x800079d8 (0x41950033) sub     zero, a0, s9
core   0: 3 0x800079d8 (0x41950033)
core   0: 0x800079dc (0x01379233) sll     tp, a5, s3
core   0: 3 0x800079dc (0x01379233) x 4 0xa0000000
core   0: 0x800079e0 (0x003b3733) sltu    a4, s6, gp
core   0: 3 0x800079e0 (0x003b3733) x14 0x00000000
core   0: 0x800079e4 (0x017b8733) add     a4, s7, s7
core   0: 3 0x800079e4 (0x017b8733) x14 0x00000006
core   0: 0x800079e8 (0x01786d33) or      s10, a6, s7
core   0: 3 0x800079e8 (0x01786d33) x26 0xc48d597f
core   0: 0x800079ec (0x409ddb13) srai    s6, s11, 9
core   0: 3 0x800079ec (0x409ddb13) x22 0x00000000
core   0: 0x800079f0 (0xa7e166b7) lui     a3, 0xa7e16
core   0: 3 0x800079f0 (0xa7e166b7) x13 0xa7e16000
core   0: 0x800079f4 (0x018da733) slt     a4, s11, s8
core   0: 3 0x800079f4 (0x018da733) x14 0x00000000
core   0: 0x800079f8 (0x01f08b33) add     s6, ra, t6
core   0: 3 0x800079f8 (0x01f08b33) x22 0x7f7913da
core   0: 0x800079fc (0x01b94eb3) xor     t4, s2, s11
core   0: 3 0x800079fc (0x01b94eb3) x29 0x19f5ce05
core   0: 0x80007a00 (0x011f9093) slli    ra, t6, 17
core   0: 3 0x80007a00 (0x011f9093) x 1 0x1a660000
core   0: 0x80007a04 (0xc87ca293) slti    t0, s9, -889
core   0: 3 0x80007a04 (0xc87ca293) x 5 0x00000000
core   0: 0x80007a08 (0x0112d533) srl     a0, t0, a7
core   0: 3 0x80007a08 (0x0112d533) x10 0x00000000
core   0: 0x80007a0c (0x00cc06b3) add     a3, s8, a2
core   0: 3 0x80007a0c (0x00cc06b3) x13 0xef02680f
core   0: 0x80007a10 (0x001b3bb3) sltu    s7, s6, ra
core   0: 3 0x80007a10 (0x001b3bb3) x23 0x00000000
core   0: 0x80007a14 (0x0133b3b3) sltu    t2, t2, s3
core   0: 3 0x80007a14 (0x0133b3b3) x 7 0x00000001
core   0: 0x80007a18 (0x58dd0393) addi    t2, s10, 1421
core   0: 3 0x80007a18 (0x58dd0393) x 7 0xc48d5f0c
core   0: 0x80007a1c (0x4db50093) addi    ra, a0, 1243
core   0: 3 0x80007a1c (0x4db50093) x 1 0x000004db
core   0: 0x80007a20 (0x00000013) nop
core   0: 3 0x80007a20 (0x00000013)
core   0: 0x80007a24 (0x0157b933) sltu    s2, a5, s5
core   0: 3 0x80007a24 (0x0157b933) x18 0x00000001
core   0: 0x80007a28 (0x00000013) nop
core   0: 3 0x80007a28 (0x00000013)
core   0: 0x80007a2c (0x417e0d33) sub     s10, t3, s7
core   0: 3 0x80007a2c (0x417e0d33) x26 0xffffff9d
core   0: 0x80007a30 (0x4004d013) srai    zero, s1, 0
core   0: 3 0x80007a30 (0x4004d013)
core   0: 0x80007a34 (0x01fb9f13) slli    t5, s7, 31
core   0: 3 0x80007a34 (0x01fb9f13) x30 0x00000000
core   0: 0x80007a38 (0x00590cb3) add     s9, s2, t0
core   0: 3 0x80007a38 (0x00590cb3) x25 0x00000001
core   0: 0x80007a3c (0x0095b8b3) sltu    a7, a1, s1
core   0: 3 0x80007a3c (0x0095b8b3) x17 0x00000000
core   0: 0x80007a40 (0x40815593) srai    a1, sp, 8
core   0: 3 0x80007a40 (0x40815593) x11 0x006fb549
core   0: 0x80007a44 (0x53d34793) xori    a5, t1, 1341
core   0: 3 0x80007a44 (0x53d34793) x15 0x000000e6
core   0: 0x80007a48 (0x01893533) sltu    a0, s2, s8
core   0: 3 0x80007a48 (0x01893533) x10 0x00000001
core   0: 0x80007a4c (0xbad5cd93) xori    s11, a1, -1107
core   0: 3 0x80007a4c (0xbad5cd93) x27 0xff904ee4
core   0: 0x80007a50 (0xdb0c7413) andi    s0, s8, -592
core   0: 3 0x80007a50 (0xdb0c7413) x 8 0xfffffd20
core   0: 0x80007a54 (0xf48ecd13) xori    s10, t4, -184
core   0: 3 0x80007a54 (0xf48ecd13) x26 0xe60a314d
core   0: 0x80007a58 (0x01588cb3) add     s9, a7, s5
core   0: 3 0x80007a58 (0x01588cb3) x25 0x80015ce4
core   0: 0x80007a5c (0x01e4ebb3) or      s7, s1, t5
core   0: 3 0x80007a5c (0x01e4ebb3) x23 0x00000000
core   0: 0x80007a60 (0x00000013) nop
core   0: 3 0x80007a60 (0x00000013)
core   0: 0x80007a64 (0xa74de897) auipc   a7, 0xa74de
core   0: 3 0x80007a64 (0xa74de897) x17 0x274e5a64
core   0: 0x80007a68 (0x00000013) nop
core   0: 3 0x80007a68 (0x00000013)
core   0: 0x80007a6c (0x0ba48413) addi    s0, s1, 186
core   0: 3 0x80007a6c (0x0ba48413) x 8 0x000000ba
core   0: 0x80007a70 (0x408f5133) sra     sp, t5, s0
core   0: 3 0x80007a70 (0x408f5133) x 2 0x00000000
core   0: 0x80007a74 (0x00f5ae33) slt     t3, a1, a5
core   0: 3 0x80007a74 (0x00f5ae33) x28 0x00000000
core   0: 0x80007a78 (0x00ba9333) sll     t1, s5, a1
core   0: 3 0x80007a78 (0x00ba9333) x 6 0x02b9c800
core   0: 0x80007a7c (0x009422b3) slt     t0, s0, s1
core   0: 3 0x80007a7c (0x009422b3) x 5 0x00000000
core   0: 0x80007a80 (0x009922b3) slt     t0, s2, s1
core   0: 3 0x80007a80 (0x009922b3) x 5 0x00000000
core   0: 0x80007a84 (0x014c5233) srl     tp, s8, s4
core   0: 3 0x80007a84 (0x014c5233) x 4 0x0fffffd2
core   0: 0x80007a88 (0xf5328b93) addi    s7, t0, -173
core   0: 3 0x80007a88 (0xf5328b93) x23 0xffffff53
core   0: 0x80007a8c (0x73c1f813) andi    a6, gp, 1852
core   0: 3 0x80007a8c (0x73c1f813) x16 0x00000404
core   0: 0x80007a90 (0x01df50b3) srl     ra, t5, t4
core   0: 3 0x80007a90 (0x01df50b3) x 1 0x00000000
core   0: 0x80007a94 (0xe6bee793) ori     a5, t4, -405
core   0: 3 0x80007a94 (0xe6bee793) x15 0xfffffe6f
core   0: 0x80007a98 (0xbc1b0893) addi    a7, s6, -1087
core   0: 3 0x80007a98 (0xbc1b0893) x17 0x7f790f9b
core   0: 0x80007a9c (0x6b403693) sltiu   a3, zero, 1716
core   0: 3 0x80007a9c (0x6b403693) x13 0x00000001
core   0: 0x80007aa0 (0x00000013) nop
core   0: 3 0x80007aa0 (0x00000013)
core   0: 0x80007aa4 (0x012d6233) or      tp, s10, s2
core   0: 3 0x80007aa4 (0x012d6233) x 4 0xe60a314d
core   0: 0x80007aa8 (0x00000013) nop
core   0: 3 0x80007aa8 (0x00000013)
core   0: 0x80007aac (0x01ba7433) and     s0, s4, s11
core   0: 3 0x80007aac (0x01ba7433) x 8 0x80000e64
core   0: 0x80007ab0 (0x0096d2b3) srl     t0, a3, s1
core   0: 3 0x80007ab0 (0x0096d2b3) x 5 0x00000001
core   0: 0x80007ab4 (0x012699b3) sll     s3, a3, s2
core   0: 3 0x80007ab4 (0x012699b3) x19 0x00000002
core   0: 0x80007ab8 (0x0163d4b3) srl     s1, t2, s6
core   0: 3 0x80007ab8 (0x0163d4b3) x 9 0x00000031
core   0: 0x80007abc (0x013e9db3) sll     s11, t4, s3
core   0: 3 0x80007abc (0x013e9db3) x27 0x67d73814
core   0: 0x80007ac0 (0x43c40493) addi    s1, s0, 1084
core   0: 3 0x80007ac0 (0x43c40493) x 9 0x800012a0
core   0: 0x80007ac4 (0x41f40033) sub     zero, s0, t6
core   0: 3 0x80007ac4 (0x41f40033)
core   0: 0x80007ac8 (0x00cfa0b3) slt     ra, t6, a2
core   0: 3 0x80007ac8 (0x00cfa0b3) x 1 0x00000000
core   0: 0x80007acc (0x00926eb3) or      t4, tp, s1
core   0: 3 0x80007acc (0x00926eb3) x29 0xe60a33ed
core   0: 0x80007ad0 (0xba50a893) slti    a7, ra, -1115
core   0: 3 0x80007ad0 (0xba50a893) x17 0x00000000
core   0: 0x80007ad4 (0x00000013) nop
core   0: 3 0x80007ad4 (0x00000013)
core   0: 0x80007ad8 (0x4093d233) sra     tp, t2, s1
core   0: 3 0x80007ad8 (0x4093d233) x 4 0xc48d5f0c
core   0: 0x80007adc (0xf8b66e13) ori     t3, a2, -117
core   0: 3 0x80007adc (0xf8b66e13) x28 0xffffffef
core   0: 0x80007ae0 (0x403a59b3) sra     s3, s4, gp
core   0: 3 0x80007ae0 (0x403a59b3) x19 0xfc0008f3
core   0: 0x80007ae4 (0x410e5233) sra     tp, t3, a6
core   0: 3 0x80007ae4 (0x410e5233) x 4 0xfffffffe
core   0: 0x80007ae8 (0x52d9d237) lui     tp, 0x52d9d
core   0: 3 0x80007ae8 (0x52d9d237) x 4 0x52d9d000
core   0: 0x80007aec (0x402650b3) sra     ra, a2, sp
core   0: 3 0x80007aec (0x402650b3) x 1 0xef026aee
core   0: 0x80007af0 (0x013301b3) add     gp, t1, s3
core   0: 3 0x80007af0 (0x013301b3) x 3 0xfeb9d0f3
core   0: 0x80007af4 (0x01c2ef33) or      t5, t0, t3
core   0: 3 0x80007af4 (0x01c2ef33) x30 0xffffffef
core   0: 0x80007af8 (0xaa93a493) slti    s1, t2, -1367
core   0: 3 0x80007af8 (0xaa93a493) x 9 0x00000001
core   0: 0x80007afc (0x90307e13) andi    t3, zero, -1789
core   0: 3 0x80007afc (0x90307e13) x28 0x00000000
core   0: 0x80007b00 (0x9fe52813) slti    a6, a0, -1538
core   0: 3 0x80007b00 (0x9fe52813) x16 0x00000000
core   0: 0x80007b04 (0x40b656b3) sra     a3, a2, a1
core   0: 3 0x80007b04 (0x40b656b3) x13 0xfff78135
core   0: 0x80007b08 (0xf2554d93) xori    s11, a0, -219
core   0: 3 0x80007b08 (0xf2554d93) x27 0xffffff24
core   0: 0x80007b0c (0x41860db3) sub     s11, a2, s8
core   0: 3 0x80007b0c (0x41860db3) x27 0xef026dcd
core   0: 0x80007b10 (0x31893393) sltiu   t2, s2, 792
core   0: 3 0x80007b10 (0x31893393) x 7 0x00000001
core   0: 0x80007b14 (0x00479113) slli    sp, a5, 4
core   0: 3 0x80007b14 (0x00479113) x 2 0xffffe6f0
core   0: 0x80007b18 (0x41cf0833) sub     a6, t5, t3
core   0: 3 0x80007b18 (0x41cf0833) x16 0xffffffef
core   0: 0x80007b1c (0x012c7133) and     sp, s8, s2
core   0: 3 0x80007b1c (0x012c7133) x 2 0x00000001
core   0: 0x80007b20 (0x405ed933) sra     s2, t4, t0
core   0: 3 0x80007b20 (0x405ed933) x18 0xf30519f6
core   0: 0x80007b24 (0x0103dfb3) srl     t6, t2, a6
core   0: 3 0x80007b24 (0x0103dfb3) x31 0x00000000
core   0: 0x80007b28 (0x00cad733) srl     a4, s5, a2
core   0: 3 0x80007b28 (0x00cad733) x14 0x00020005
core   0: 0x80007b2c (0x40588733) sub     a4, a7, t0
core   0: 3 0x80007b2c (0x40588733) x14 0xffffffff
core   0: 0x80007b30 (0x005c9e33) sll     t3, s9, t0
core   0: 3 0x80007b30 (0x005c9e33) x28 0x0002b9c8
core   0: 0x80007b34 (0xa252e313) ori     t1, t0, -1499
core   0: 3 0x80007b34 (0xa252e313) x 6 0xfffffa25
core   0: 0x80007b38 (0x01fd9413) slli    s0, s11, 31
core   0: 3 0x80007b38 (0x01fd9413) x 8 0x80000000
core   0: 0x80007b3c (0x016da433) slt     s0, s11, s6
core   0: 3 0x80007b3c (0x016da433) x 8 0x00000001
core   0: 0x80007b40 (0x41c6d4b3) sra     s1, a3, t3
core   0: 3 0x80007b40 (0x41c6d4b3) x 9 0xfffff781
core   0: 0x80007b44 (0x5768c013) xori    zero, a7, 1398
core   0: 3 0x80007b44 (0x5768c013)
core   0: 0x80007b48 (0x403e5f93) srai    t6, t3, 3
core   0: 3 0x80007b48 (0x403e5f93) x31 0x00005739
core   0: 0x80007b4c (0x3410e013) ori     zero, ra, 833
core   0: 3 0x80007b4c (0x3410e013)
core   0: 0x80007b50 (0x409181b3) sub     gp, gp, s1
core   0: 3 0x80007b50 (0x409181b3) x 3 0xfeb9d972
core   0: 0x80007b54 (0x9e9e8f93) addi    t6, t4, -1559
core   0: 3 0x80007b54 (0x9e9e8f93) x31 0xe60a2dd6
core   0: 0x80007b58 (0x04aba193) slti    gp, s7, 74
core   0: 3 0x80007b58 (0x04aba193) x 3 0x00000001
core   0: 0x80007b5c (0x001c3db3) sltu    s11, s8, ra
core   0: 3 0x80007b5c (0x001c3db3) x27 0x00000000
core   0: 0x80007b60 (0x164e6337) lui     t1, 0x164e6
core   0: 3 0x80007b60 (0x164e6337) x 6 0x164e6000
core   0: 0x80007b64 (0x9ab58013) addi    zero, a1, -1621
core   0: 3 0x80007b64 (0x9ab58013)
core   0: 0x80007b68 (0x01163733) sltu    a4, a2, a7
core   0: 3 0x80007b68 (0x01163733) x14 0x00000000
core   0: 0x80007b6c (0x00000013) nop
core   0: 3 0x80007b6c (0x00000013)
core   0: 0x80007b70 (0x00e2f6b3) and     a3, t0, a4
core   0: 3 0x80007b70 (0x00e2f6b3) x13 0x00000000
core   0: 0x80007b74 (0xaa4cbd13) sltiu   s10, s9, -1372
core   0: 3 0x80007b74 (0xaa4cbd13) x26 0x00000001
core   0: 0x80007b78 (0x00700433) add     s0, zero, t2
core   0: 3 0x80007b78 (0x00700433) x 8 0x00000001
core   0: 0x80007b7c (0x002f6eb3) or      t4, t5, sp
core   0: 3 0x80007b7c (0x002f6eb3) x29 0xffffffef
core   0: 0x80007b80 (0x016593b3) sll     t2, a1, s6
core   0: 3 0x80007b80 (0x016593b3) x 7 0x24000000
core   0: 0x80007b84 (0x40b35233) sra     tp, t1, a1
core   0: 3 0x80007b84 (0x40b35233) x 4 0x000b2730
core   0: 0x80007b88 (0x4d223993) sltiu   s3, tp, 1234
core   0: 3 0x80007b88 (0x4d223993) x19 0x00000000
core   0: 0x80007b8c (0x017b25b3) slt     a1, s6, s7
core   0: 3 0x80007b8c (0x017b25b3) x11 0x00000000
core   0: 0x80007b90 (0x49a22d93) slti    s11, tp, 1178
core   0: 3 0x80007b90 (0x49a22d93) x27 0x00000000
core   0: 0x80007b94 (0x0026ed33) or      s10, a3, sp
core   0: 3 0x80007b94 (0x0026ed33) x26 0x00000001
core   0: 0x80007b98 (0x00966e33) or      t3, a2, s1
core   0: 3 0x80007b98 (0x00966e33) x28 0xffffffef
core   0: 0x80007b9c (0x41c20cb3) sub     s9, tp, t3
core   0: 3 0x80007b9c (0x41c20cb3) x25 0x000b2741
core   0: 0x80007ba0 (0x4d01b837) lui     a6, 0x4d01b
core   0: 3 0x80007ba0 (0x4d01b837) x16 0x4d01b000
core   0: 0x80007ba4 (0x2a8eb797) auipc   a5, 0x2a8eb
core   0: 3 0x80007ba4 (0x2a8eb797) x15 0xaa8f2ba4
core   0: 0x80007ba8 (0x00003bb3) snez    s7, zero
core   0: 3 0x80007ba8 (0x00003bb3) x23 0x00000000
core   0: 0x80007bac (0x446d76b7) lui     a3, 0x446d7
core   0: 3 0x80007bac (0x446d76b7) x13 0x446d7000
core   0: 0x80007bb0 (0x01a24c33) xor     s8, tp, s10
core   0: 3 0x80007bb0 (0x01a24c33) x24 0x000b2731
core   0: 0x80007bb4 (0xe23a70b7) lui     ra, 0xe23a7
core   0: 3 0x80007bb4 (0xe23a70b7) x 1 0xe23a7000
core   0: 0x80007bb8 (0xd15b0c13) addi    s8, s6, -747
core   0: 3 0x80007bb8 (0xd15b0c13) x24 0x7f7910ef
core   0: 0x80007bbc (0x01c1fd33) and     s10, gp, t3
core   0: 3 0x80007bbc (0x01c1fd33) x26 0x00000001
core   0: 0x80007bc0 (0xa7193813) sltiu   a6, s2, -1423
core   0: 3 0x80007bc0 (0xa7193813) x16 0x00000001
core   0: 0x80007bc4 (0x00e6d993) srli    s3, a3, 14
core   0: 3 0x80007bc4 (0x00e6d993) x19 0x000111b5
core   0: 0x80007bc8 (0xa2a67137) lui     sp, 0xa2a67
core   0: 3 0x80007bc8 (0xa2a67137) x 2 0xa2a67000
core   0: 0x80007bcc (0x00a75bb3) srl     s7, a4, a0
core   0: 3 0x80007bcc (0x00a75bb3) x23 0x00000000
core   0: 0x80007bd0 (0x41c053b3) sra     t2, zero, t3
core   0: 3 0x80007bd0 (0x41c053b3) x 7 0x00000000
core   0: 0x80007bd4 (0xeb943d97) auipc   s11, 0xeb943
core   0: 3 0x80007bd4 (0xeb943d97) x27 0x6b94abd4
core   0: 0x80007bd8 (0x017f5c93) srli    s9, t5, 23
core   0: 3 0x80007bd8 (0x017f5c93) x25 0x000001ff
core   0: 0x80007bdc (0x015b35b3) sltu    a1, s6, s5
core   0: 3 0x80007bdc (0x015b35b3) x11 0x00000001
core   0: 0x80007be0 (0x01968b33) add     s6, a3, s9
core   0: 3 0x80007be0 (0x01968b33) x22 0x446d71ff
core   0: 0x80007be4 (0x4512b593) sltiu   a1, t0, 1105
core   0: 3 0x80007be4 (0x4512b593) x11 0x00000001
core   0: 0x80007be8 (0x000838b3) sltu    a7, a6, zero
core   0: 3 0x80007be8 (0x000838b3) x17 0x00000000
core   0: 0x80007bec (0x4f8e0013) addi    zero, t3, 1272
core   0: 3 0x80007bec (0x4f8e0013)
core   0: 0x80007bf0 (0xc8570c17) auipc   s8, 0xc8570
core   0: 3 0x80007bf0 (0xc8570c17) x24 0x48577bf0
core   0: 0x80007bf4 (0x5935f797) auipc   a5, 0x5935f
core   0: 3 0x80007bf4 (0x5935f797) x15 0xd9366bf4
core   0: 0x80007bf8 (0x3cb76c17) auipc   s8, 0x3cb76
core   0: 3 0x80007bf8 (0x3cb76c17) x24 0xbcb7dbf8
core   0: 0x80007bfc (0x0162c433) xor     s0, t0, s6
core   0: 3 0x80007bfc (0x0162c433) x 8 0x446d71fe
core   0: 0x80007c00 (0x009b0b33) add     s6, s6, s1
core   0: 3 0x80007c00 (0x009b0b33) x22 0x446d6980
core   0: 0x80007c04 (0x01bcd513) srli    a0, s9, 27
core   0: 3 0x80007c04 (0x01bcd513) x10 0x00000000
core   0: 0x80007c08 (0x3b172e97) auipc   t4, 0x3b172
core   0: 3 0x80007c08 (0x3b172e97) x29 0xbb179c08
core   0: 0x80007c0c (0x01c9ed33) or      s10, s3, t3
core   0: 3 0x80007c0c (0x01c9ed33) x26 0xffffffff
core   0: 0x80007c10 (0x4032d9b3) sra     s3, t0, gp
core   0: 3 0x80007c10 (0x4032d9b3) x19 0x00000000
core   0: 0x80007c14 (0x01095f13) srli    t5, s2, 16
core   0: 3 0x80007c14 (0x01095f13) x30 0x0000f305
core   0: 0x80007c18 (0x406f8b33) sub     s6, t6, t1
core   0: 3 0x80007c18 (0x406f8b33) x22 0xcfbbcdd6
core   0: 0x80007c1c (0x5e7d0713) addi    a4, s10, 1511
core   0: 3 0x80007c1c (0x5e7d0713) x14 0x000005e6
core   0: 0x80007c20 (0x00d39d33) sll     s10, t2, a3
core   0: 3 0x80007c20 (0x00d39d33) x26 0x00000000
core   0: 0x80007c24 (0x00879033) sll     zero, a5, s0
core   0: 3 0x80007c24 (0x00879033)
core   0: 0x80007c28 (0x0ff7c093) xori    ra, a5, 255
core   0: 3 0x80007c28 (0x0ff7c093) x 1 0xd9366b0b
core   0: 0x80007c2c (0x41a2d013) srai    zero, t0, 26
core   0: 3 0x80007c2c (0x41a2d013)
core   0: 0x80007c30 (0x5e320793) addi    a5, tp, 1507
core   0: 3 0x80007c30 (0x5e320793) x15 0x000b2d13
core   0: 0x80007c34 (0x00d5cbb3) xor     s7, a1, a3
core   0: 3 0x80007c34 (0x00d5cbb3) x23 0x446d7001
core   0: 0x80007c38 (0x5c6eff97) auipc   t6, 0x5c6ef
core   0: 3 0x80007c38 (0x5c6eff97) x31 0xdc6f6c38
core   0: 0x80007c3c (0x0072c5b3) xor     a1, t0, t2
core   0: 3 0x80007c3c (0x0072c5b3) x11 0x00000001
core   0: 0x80007c40 (0x456b7413) andi    s0, s6, 1110
core   0: 3 0x80007c40 (0x456b7413) x 8 0x00000456
core   0: 0x80007c44 (0xdfcb2693) slti    a3, s6, -516
core   0: 3 0x80007c44 (0xdfcb2693) x13 0x00000001
core   0: 0x80007c48 (0x00e99f33) sll     t5, s3, a4
core   0: 3 0x80007c48 (0x00e99f33) x30 0x00000000
core   0: 0x80007c4c (0xc8b38113) addi    sp, t2, -885
core   0: 3 0x80007c4c (0xc8b38113) x 2 0xfffffc8b
core   0: 0x80007c50 (0x91c08213) addi    tp, ra, -1764
core   0: 3 0x80007c50 (0x91c08213) x 4 0xd9366427
core   0: 0x80007c54 (0x008a88b3) add     a7, s5, s0
core   0: 3 0x80007c54 (0x008a88b3) x17 0x8001613a
core   0: 0x80007c58 (0x014b39b3) sltu    s3, s6, s4
core   0: 3 0x80007c58 (0x014b39b3) x19 0x00000000
core   0: 0x80007c5c (0x00ffc1b3) xor     gp, t6, a5
core   0: 3 0x80007c5c (0x00ffc1b3) x 3 0xdc64412b
core   0: 0x80007c60 (0x00e85033) srl     zero, a6, a4
core   0: 3 0x80007c60 (0x00e85033)
core   0: 0x80007c64 (0x40f9d313) srai    t1, s3, 15
core   0: 3 0x80007c64 (0x40f9d313) x 6 0x00000000
core   0: 0x80007c68 (0x9f4c2793) slti    a5, s8, -1548
core   0: 3 0x80007c68 (0x9f4c2793) x15 0x00000001
core   0: 0x80007c6c (0x40a3de93) srai    t4, t2, 10
core   0: 3 0x80007c6c (0x40a3de93) x29 0x00000000
core   0: 0x80007c70 (0xff04a313) slti    t1, s1, -16
core   0: 3 0x80007c70 (0xff04a313) x 6 0x00000001
core   0: 0x80007c74 (0x01f38cb3) add     s9, t2, t6
core   0: 3 0x80007c74 (0x01f38cb3) x25 0xdc6f6c38
core   0: 0x80007c78 (0x22d6f893) andi    a7, a3, 557
core   0: 3 0x80007c78 (0x22d6f893) x17 0x00000001
core   0: 0x80007c7c (0x401685b3) sub     a1, a3, ra
core   0: 3 0x80007c7c (0x401685b3) x11 0x26c994f6
core   0: 0x80007c80 (0x7841c697) auipc   a3, 0x7841c
core   0: 3 0x80007c80 (0x7841c697) x13 0xf8423c80
core   0: 0x80007c84 (0x00561493) slli    s1, a2, 5
core   0: 3 0x80007c84 (0x00561493) x 9 0xe04d5dc0
core   0: 0x80007c88 (0x4bbf6093) ori     ra, t5, 1211
core   0: 3 0x80007c88 (0x4bbf6093) x 1 0x000004bb
core   0: 0x80007c8c (0xc534e217) auipc   tp, 0xc534e
core   0: 3 0x80007c8c (0xc534e217) x 4 0x45355c8c
core   0: 0x80007c90 (0x00cbc4b3) xor     s1, s7, a2
core   0: 3 0x80007c90 (0x00cbc4b3) x 9 0xab6f1aef
core   0: 0x80007c94 (0x0147db33) srl     s6, a5, s4
core   0: 3 0x80007c94 (0x0147db33) x22 0x00000000
core   0: 0x80007c98 (0x00f2f533) and     a0, t0, a5
core   0: 3 0x80007c98 (0x00f2f533) x10 0x00000001
core   0: 0x80007c9c (0x08c32f93) slti    t6, t1, 140
core   0: 3 0x80007c9c (0x08c32f93) x31 0x00000001
core   0: 0x80007ca0 (0x01507433) and     s0, zero, s5
core   0: 3 0x80007ca0 (0x01507433) x 8 0x00000000
core   0: 0x80007ca4 (0x00ebf133) and     sp, s7, a4
core   0: 3 0x80007ca4 (0x00ebf133) x 2 0x00000000
core   0: 0x80007ca8 (0x01612533) slt     a0, sp, s6
core   0: 3 0x80007ca8 (0x01612533) x10 0x00000000
core   0: 0x80007cac (0x00ce51b3) srl     gp, t3, a2
core   0: 3 0x80007cac (0x00ce51b3) x 3 0x0003ffff
core   0: 0x80007cb0 (0x005c7433) and     s0, s8, t0
core   0: 3 0x80007cb0 (0x005c7433) x 8 0x00000000
core   0: 0x80007cb4 (0x402f02b3) sub     t0, t5, sp
core   0: 3 0x80007cb4 (0x402f02b3) x 5 0x00000000
core   0: 0x80007cb8 (0x00760033) add     zero, a2, t2
core   0: 3 0x80007cb8 (0x00760033)
core   0: 0x80007cbc (0x00b41f93) slli    t6, s0, 11
core   0: 3 0x80007cbc (0x00b41f93) x31 0x00000000
core   0: 0x80007cc0 (0x41e4d793) srai    a5, s1, 30
core   0: 3 0x80007cc0 (0x41e4d793) x15 0xfffffffe
core   0: 0x80007cc4 (0x65958b13) addi    s6, a1, 1625
core   0: 3 0x80007cc4 (0x65958b13) x22 0x26c99b4f
core   0: 0x80007cc8 (0x00b51e13) slli    t3, a0, 11
core   0: 3 0x80007cc8 (0x00b51e13) x28 0x00000000
core   0: 0x80007ccc (0x00b574b3) and     s1, a0, a1
core   0: 3 0x80007ccc (0x00b574b3) x 9 0x00000000
core   0: 0x80007cd0 (0x000a82b3) add     t0, s5, zero
core   0: 3 0x80007cd0 (0x000a82b3) x 5 0x80015ce4
core   0: 0x80007cd4 (0x00000013) nop
core   0: 3 0x80007cd4 (0x00000013)
core   0: 0x80007cd8 (0x00000013) nop
core   0: 3 0x80007cd8 (0x00000013)
core   0: 0x80007cdc (0xdbe6c797) auipc   a5, 0xdbe6c
core   0: 3 0x80007cdc (0xdbe6c797) x15 0x5be73cdc
core   0: 0x80007ce0 (0x311cff93) andi    t6, s9, 785
core   0: 3 0x80007ce0 (0x311cff93) x31 0x00000010
core   0: 0x80007ce4 (0xa22dc413) xori    s0, s11, -1502
core   0: 3 0x80007ce4 (0xa22dc413) x 8 0x946b51f6
core   0: 0x80007ce8 (0x98eb4593) xori    a1, s6, -1650
core   0: 3 0x80007ce8 (0x98eb4593) x11 0xd93662c1
core   0: 0x80007cec (0x74d745b7) lui     a1, 0x74d74
core   0: 3 0x80007cec (0x74d745b7) x11 0x74d74000
core   0: 0x80007cf0 (0x011cb433) sltu    s0, s9, a7
core   0: 3 0x80007cf0 (0x011cb433) x 8 0x00000000
core   0: 0x80007cf4 (0x00ccf0b3) and     ra, s9, a2
core   0: 3 0x80007cf4 (0x00ccf0b3) x 1 0xcc026828
core   0: 0x80007cf8 (0x01cfb9b3) sltu    s3, t6, t3
core   0: 3 0x80007cf8 (0x01cfb9b3) x19 0x00000000
core   0: 0x80007cfc (0x01190db3) add     s11, s2, a7
core   0: 3 0x80007cfc (0x01190db3) x27 0xf30519f7
core   0: 0x80007d00 (0x0051e833) or      a6, gp, t0
core   0: 3 0x80007d00 (0x0051e833) x16 0x8003ffff
core   0: 0x80007d04 (0x005d5eb3) srl     t4, s10, t0
core   0: 3 0x80007d04 (0x005d5eb3) x29 0x00000000
core   0: 0x80007d08 (0xb7066317) auipc   t1, 0xb7066
core   0: 3 0x80007d08 (0xb7066317) x 6 0x3706dd08
core   0: 0x80007d0c (0x83e43393) sltiu   t2, s0, -1986
core   0: 3 0x80007d0c (0x83e43393) x 7 0x00000001
core   0: 0x80007d10 (0x40f55233) sra     tp, a0, a5
core   0: 3 0x80007d10 (0x40f55233) x 4 0x00000000
core   0: 0x80007d14 (0x406e54b3) sra     s1, t3, t1
core   0: 3 0x80007d14 (0x406e54b3) x 9 0x00000000
core   0: 0x80007d18 (0x010c5f13) srli    t5, s8, 16
core   0: 3 0x80007d18 (0x010c5f13) x30 0x0000bcb7
core   0: 0x80007d1c (0x0198d1b3) srl     gp, a7, s9
core   0: 3 0x80007d1c (0x0198d1b3) x 3 0x00000000
core   0: 0x80007d20 (0x01db9313) slli    t1, s7, 29
core   0: 3 0x80007d20 (0x01db9313) x 6 0x20000000
core   0: 0x80007d24 (0x404e8433) sub     s0, t4, tp
core   0: 3 0x80007d24 (0x404e8433) x 8 0x00000000
core   0: 0x80007d28 (0x40a10233) sub     tp, sp, a0
core   0: 3 0x80007d28 (0x40a10233) x 4 0x00000000
core   0: 0x80007d2c (0x0176b433) sltu    s0, a3, s7
core   0: 3 0x80007d2c (0x0176b433) x 8 0x00000000
core   0: 0x80007d30 (0x31930493) addi    s1, t1, 793
core   0: 3 0x80007d30 (0x31930493) x 9 0x20000319
core   0: 0x80007d34 (0x006cf3b3) and     t2, s9, t1
core   0: 3 0x80007d34 (0x006cf3b3) x 7 0x00000000
core   0: 0x80007d38 (0x00f36cb3) or      s9, t1, a5
core   0: 3 0x80007d38 (0x00f36cb3) x25 0x7be73cdc
core   0: 0x80007d3c (0x00e86b33) or      s6, a6, a4
core   0: 3 0x80007d3c (0x00e86b33) x22 0x8003ffff
core   0: 0x80007d40 (0x0195b5b3) sltu    a1, a1, s9
core   0: 3 0x80007d40 (0x0195b5b3) x11 0x00000001
core   0: 0x80007d44 (0x0186e733) or      a4, a3, s8
core   0: 3 0x80007d44 (0x0186e733) x14 0xfcf7fff8
core   0: 0x80007d48 (0x41d9d013) srai    zero, s3, 29
core   0: 3 0x80007d48 (0x41d9d013)
core   0: 0x80007d4c (0x22826d93) ori     s11, tp, 552
core   0: 3 0x80007d4c (0x22826d93) x27 0x00000228
core   0: 0x80007d50 (0x460eb097) auipc   ra, 0x460eb
core   0: 3 0x80007d50 (0x460eb097) x 1 0xc60f2d50
core   0: 0x80007d54 (0x24eadb17) auipc   s6, 0x24ead
core   0: 3 0x80007d54 (0x24eadb17) x22 0xa4eb4d54
core   0: 0x80007d58 (0x019f7bb3) and     s7, t5, s9
core   0: 3 0x80007d58 (0x019f7bb3) x23 0x00003c94
core   0: 0x80007d5c (0xfe9ab413) sltiu   s0, s5, -23
core   0: 3 0x80007d5c (0xfe9ab413) x 8 0x00000001
core   0: 0x80007d60 (0x0118c733) xor     a4, a7, a7
core   0: 3 0x80007d60 (0x0118c733) x14 0x00000000
core   0: 0x80007d64 (0x0112c4b3) xor     s1, t0, a7
core   0: 3 0x80007d64 (0x0112c4b3) x 9 0x80015ce5
core   0: 0x80007d68 (0x40b35cb3) sra     s9, t1, a1
core   0: 3 0x80007d68 (0x40b35cb3) x25 0x10000000
core   0: 0x80007d6c (0x006bcf33) xor     t5, s7, t1
core   0: 3 0x80007d6c (0x006bcf33) x30 0x20003c94
core   0: 0x80007d70 (0x00000013) nop
core   0: 3 0x80007d70 (0x00000013)
core   0: 0x80007d74 (0x41a98333) sub     t1, s3, s10
core   0: 3 0x80007d74 (0x41a98333) x 6 0x00000000
core   0: 0x80007d78 (0x00368033) add     zero, a3, gp
core   0: 3 0x80007d78 (0x00368033)
core   0: 0x80007d7c (0x469ec093) xori    ra, t4, 1129
core   0: 3 0x80007d7c (0x469ec093) x 1 0x00000469
core   0: 0x80007d80 (0x01d5c4b3) xor     s1, a1, t4
core   0: 3 0x80007d80 (0x01d5c4b3) x 9 0x00000001
core   0: 0x80007d84 (0xc601b437) lui     s0, 0xc601b
core   0: 3 0x80007d84 (0xc601b437) x 8 0xc601b000
core   0: 0x80007d88 (0x00b4f3b3) and     t2, s1, a1
core   0: 3 0x80007d88 (0x00b4f3b3) x 7 0x00000001
core   0: 0x80007d8c (0x58148913) addi    s2, s1, 1409
core   0: 3 0x80007d8c (0x58148913) x18 0x00000582
core   0: 0x80007d90 (0x2d60d017) auipc   zero, 0x2d60d
core   0: 3 0x80007d90 (0x2d60d017)
core   0: 0x80007d94 (0x410edf93) srai    t6, t4, 16
core   0: 3 0x80007d94 (0x410edf93) x31 0x00000000
core   0: 0x80007d98 (0xd2fac713) xori    a4, s5, -721
core   0: 3 0x80007d98 (0xd2fac713) x14 0x7ffea1cb
core   0: 0x80007d9c (0x47462b13) slti    s6, a2, 1140
core   0: 3 0x80007d9c (0x47462b13) x22 0x00000001
core   0: 0x80007da0 (0x015e92b3) sll     t0, t4, s5
core   0: 3 0x80007da0 (0x015e92b3) x 5 0x00000000
core   0: 0x80007da4 (0x34e36493) ori     s1, t1, 846
core   0: 3 0x80007da4 (0x34e36493) x 9 0x0000034e
core   0: 0x80007da8 (0x01384833) xor     a6, a6, s3
core   0: 3 0x80007da8 (0x01384833) x16 0x8003ffff
core   0: 0x80007dac (0x41525793) srai    a5, tp, 21
core   0: 3 0x80007dac (0x41525793) x15 0x00000000
core   0: 0x80007db0 (0x417e80b3) sub     ra, t4, s7
core   0: 3 0x80007db0 (0x417e80b3) x 1 0xffffc36c
core   0: 0x80007db4 (0x01279113) slli    sp, a5, 18
core   0: 3 0x80007db4 (0x01279113) x 2 0x00000000
core   0: 0x80007db8 (0x01daaf33) slt     t5, s5, t4
core   0: 3 0x80007db8 (0x01daaf33) x30 0x00000001
core   0: 0x80007dbc (0x01f7d6b3) srl     a3, a5, t6
core   0: 3 0x80007dbc (0x01f7d6b3) x13 0x00000000
core   0: 0x80007dc0 (0x012f5493) srli    s1, t5, 18
core   0: 3 0x80007dc0 (0x012f5493) x 9 0x00000000
core   0: 0x80007dc4 (0x00b34933) xor     s2, t1, a1
core   0: 3 0x80007dc4 (0x00b34933) x18 0x00000001
core   0: 0x80007dc8 (0x01f20433) add     s0, tp, t6
core   0: 3 0x80007dc8 (0x01f20433) x 8 0x00000000
core   0: 0x80007dcc (0x00cf3b33) sltu    s6, t5, a2
core   0: 3 0x80007dcc (0x00cf3b33) x22 0x00000001
core   0: 0x80007dd0 (0xfaaf4293) xori    t0, t5, -86
core   0: 3 0x80007dd0 (0xfaaf4293) x 5 0xffffffab
core   0: 0x80007dd4 (0x00000013) nop
core   0: 3 0x80007dd4 (0x00000013)
core   0: 0x80007dd8 (0x0f5a3893) sltiu   a7, s4, 245
core   0: 3 0x80007dd8 (0x0f5a3893) x17 0x00000000
core   0: 0x80007ddc (0x00000013) nop
core   0: 3 0x80007ddc (0x00000013)
core   0: 0x80007de0 (0x000d6233) or      tp, s10, zero
core   0: 3 0x80007de0 (0x000d6233) x 4 0x00000000
core   0: 0x80007de4 (0x60cd1237) lui     tp, 0x60cd1
core   0: 3 0x80007de4 (0x60cd1237) x 4 0x60cd1000
core   0: 0x80007de8 (0x417d81b3) sub     gp, s11, s7
core   0: 3 0x80007de8 (0x417d81b3) x 3 0xffffc594
core   0: 0x80007dec (0x1e220213) addi    tp, tp, 482
core   0: 3 0x80007dec (0x1e220213) x 4 0x60cd11e2
core   0: 0x80007df0 (0x00a7b4b3) sltu    s1, a5, a0
core   0: 3 0x80007df0 (0x00a7b4b3) x 9 0x00000000
core   0: 0x80007df4 (0x4569a913) slti    s2, s3, 1110
core   0: 3 0x80007df4 (0x4569a913) x18 0x00000001
core   0: 0x80007df8 (0x0078ce33) xor     t3, a7, t2
core   0: 3 0x80007df8 (0x0078ce33) x28 0x00000001
core   0: 0x80007dfc (0x009654b3) srl     s1, a2, s1
core   0: 3 0x80007dfc (0x009654b3) x 9 0xef026aee
core   0: 0x80007e00 (0x00148b33) add     s6, s1, ra
core   0: 3 0x80007e00 (0x00148b33) x22 0xef022e5a
core   0: 0x80007e04 (0x00000013) nop
core   0: 3 0x80007e04 (0x00000013)
core   0: 0x80007e08 (0x01539fb3) sll     t6, t2, s5
core   0: 3 0x80007e08 (0x01539fb3) x31 0x00000010
core   0: 0x80007e0c (0x554a0213) addi    tp, s4, 1364
core   0: 3 0x80007e0c (0x554a0213) x 4 0x800123b8
core   0: 0x80007e10 (0x01daa1b3) slt     gp, s5, t4
core   0: 3 0x80007e10 (0x01daa1b3) x 3 0x00000001
core   0: 0x80007e14 (0xe2b8c513) xori    a0, a7, -469
core   0: 3 0x80007e14 (0xe2b8c513) x10 0xfffffe2b
core   0: 0x80007e18 (0x01ad47b3) xor     a5, s10, s10
core   0: 3 0x80007e18 (0x01ad47b3) x15 0x00000000
core   0: 0x80007e1c (0x4039d193) srai    gp, s3, 3
core   0: 3 0x80007e1c (0x4039d193) x 3 0x00000000
core   0: 0x80007e20 (0xc7dd0d93) addi    s11, s10, -899
core   0: 3 0x80007e20 (0xc7dd0d93) x27 0xfffffc7d
core   0: 0x80007e24 (0xf40a7713) andi    a4, s4, -192
core   0: 3 0x80007e24 (0xf40a7713) x14 0x80011e40
core   0: 0x80007e28 (0xf46fc693) xori    a3, t6, -186
core   0: 3 0x80007e28 (0xf46fc693) x13 0xffffff56
core   0: 0x80007e2c (0x00000013) nop
core   0: 3 0x80007e2c (0x00000013)
core   0: 0x80007e30 (0x3ed38f93) addi    t6, t2, 1005
core   0: 3 0x80007e30 (0x3ed38f93) x31 0x000003ee
core   0: 0x80007e34 (0x00ac1e93) slli    t4, s8, 10
core   0: 3 0x80007e34 (0x00ac1e93) x29 0xdf6fe000
core   0: 0x80007e38 (0x41e05b33) sra     s6, zero, t5
core   0: 3 0x80007e38 (0x41e05b33) x22 0x00000000
core   0: 0x80007e3c (0xa94a02b7) lui     t0, 0xa94a0
core   0: 3 0x80007e3c (0xa94a02b7) x 5 0xa94a0000
core   0: 0x80007e40 (0x00000013) nop
core   0: 3 0x80007e40 (0x00000013)
core   0: 0x80007e44 (0x406e0f33) sub     t5, t3, t1
core   0: 3 0x80007e44 (0x406e0f33) x30 0x00000001
core   0: 0x80007e48 (0x01bce233) or      tp, s9, s11
core   0: 3 0x80007e48 (0x01bce233) x 4 0xfffffc7d
core   0: 0x80007e4c (0xeff26b13) ori     s6, tp, -257
core   0: 3 0x80007e4c (0xeff26b13) x22 0xfffffeff
core   0: 0x80007e50 (0x017eb6b3) sltu    a3, t4, s7
core   0: 3 0x80007e50 (0x017eb6b3) x13 0x00000000
core   0: 0x80007e54 (0x00000013) nop
core   0: 3 0x80007e54 (0x00000013)
core   0: 0x80007e58 (0x002d2c33) slt     s8, s10, sp
core   0: 3 0x80007e58 (0x002d2c33) x24 0x00000000
core   0: 0x80007e5c (0xe3e2e1b7) lui     gp, 0xe3e2e
core   0: 3 0x80007e5c (0xe3e2e1b7) x 3 0xe3e2e000
core   0: 0x80007e60 (0x0168beb3) sltu    t4, a7, s6
core   0: 3 0x80007e60 (0x0168beb3) x29 0x00000001
core   0: 0x80007e64 (0x01c81913) slli    s2, a6, 28
core   0: 3 0x80007e64 (0x01c81913) x18 0xf0000000
core   0: 0x80007e68 (0x01ee3e33) sltu    t3, t3, t5
core   0: 3 0x80007e68 (0x01ee3e33) x28 0x00000000
core   0: 0x80007e6c (0xeae9e893) ori     a7, s3, -338
core   0: 3 0x80007e6c (0xeae9e893) x17 0xfffffeae
core   0: 0x80007e70 (0xfc623d93) sltiu   s11, tp, -58
core   0: 3 0x80007e70 (0xfc623d93) x27 0x00000001
core   0: 0x80007e74 (0x87b9e893) ori     a7, s3, -1925
core   0: 3 0x80007e74 (0x87b9e893) x17 0xfffff87b
core   0: 0x80007e78 (0x014a3133) sltu    sp, s4, s4
core   0: 3 0x80007e78 (0x014a3133) x 2 0x00000000
core   0: 0x80007e7c (0x4001df33) sra     t5, gp, zero
core   0: 3 0x80007e7c (0x4001df33) x30 0xe3e2e000
core   0: 0x80007e80 (0x9e75db17) auipc   s6, 0x9e75d
core   0: 3 0x80007e80 (0x9e75db17) x22 0x1e764e80
core   0: 0x80007e84 (0x00fde3b3) or      t2, s11, a5
core   0: 3 0x80007e84 (0x00fde3b3) x 7 0x00000001
core   0: 0x80007e88 (0x34ae7e97) auipc   t4, 0x34ae7
core   0: 3 0x80007e88 (0x34ae7e97) x29 0xb4aeee88
core   0: 0x80007e8c (0xc44b0793) addi    a5, s6, -956
core   0: 3 0x80007e8c (0xc44b0793) x15 0x1e764ac4
core   0: 0x80007e90 (0x010cd733) srl     a4, s9, a6
core   0: 3 0x80007e90 (0x010cd733) x14 0x00000000
core   0: 0x80007e94 (0x410ddbb3) sra     s7, s11, a6
core   0: 3 0x80007e94 (0x410ddbb3) x23 0x00000000
core   0: 0x80007e98 (0x00b229b3) slt     s3, tp, a1
core   0: 3 0x80007e98 (0x00b229b3) x19 0x00000001
core   0: 0x80007e9c (0x00dc5933) srl     s2, s8, a3
core   0: 3 0x80007e9c (0x00dc5933) x18 0x00000000
core   0: 0x80007ea0 (0xeb7a2917) auipc   s2, 0xeb7a2
core   0: 3 0x80007ea0 (0xeb7a2917) x18 0x6b7a9ea0
core   0: 0x80007ea4 (0x01369f33) sll     t5, a3, s3
core   0: 3 0x80007ea4 (0x01369f33) x30 0x00000000
core   0: 0x80007ea8 (0x4102d933) sra     s2, t0, a6
core   0: 3 0x80007ea8 (0x4102d933) x18 0xffffffff
core   0: 0x80007eac (0xcaf50897) auipc   a7, 0xcaf50
core   0: 3 0x80007eac (0xcaf50897) x17 0x4af57eac
core   0: 0x80007eb0 (0x38660293) addi    t0, a2, 902
core   0: 3 0x80007eb0 (0x38660293) x 5 0xef026e74
core   0: 0x80007eb4 (0x01fb27b3) slt     a5, s6, t6
core   0: 3 0x80007eb4 (0x01fb27b3) x15 0x00000000
core   0: 0x80007eb8 (0x018c01b3) add     gp, s8, s8
core   0: 3 0x80007eb8 (0x018c01b3) x 3 0x00000000
core   0: 0x80007ebc (0x41038833) sub     a6, t2, a6
core   0: 3 0x80007ebc (0x41038833) x16 0x7ffc0002
core   0: 0x80007ec0 (0x412485b3) sub     a1, s1, s2
core   0: 3 0x80007ec0 (0x412485b3) x11 0xef026aef
core   0: 0x80007ec4 (0x006a5193) srli    gp, s4, 6
core   0: 3 0x80007ec4 (0x006a5193) x 3 0x02000479
core   0: 0x80007ec8 (0x265bf013) andi    zero, s7, 613
core   0: 3 0x80007ec8 (0x265bf013)
core   0: 0x80007ecc (0x0160d413) srli    s0, ra, 22
core   0: 3 0x80007ecc (0x0160d413) x 8 0x000003ff
core   0: 0x80007ed0 (0x0051f5b3) and     a1, gp, t0
core   0: 3 0x80007ed0 (0x0051f5b3) x11 0x02000470
core   0: 0x80007ed4 (0x7ed47e93) andi    t4, s0, 2029
core   0: 3 0x80007ed4 (0x7ed47e93) x29 0x000003ed
core   0: 0x80007ed8 (0x005592b3) sll     t0, a1, t0
core   0: 3 0x80007ed8 (0x005592b3) x 5 0x47000000
core   0: 0x80007edc (0x00f35eb3) srl     t4, t1, a5
core   0: 3 0x80007edc (0x00f35eb3) x29 0x00000000
core   0: 0x80007ee0 (0x41265033) sra     zero, a2, s2
core   0: 3 0x80007ee0 (0x41265033)
core   0: 0x80007ee4 (0x019c7d33) and     s10, s8, s9
core   0: 3 0x80007ee4 (0x019c7d33) x26 0x00000000
core   0: 0x80007ee8 (0x017d2f33) slt     t5, s10, s7
core   0: 3 0x80007ee8 (0x017d2f33) x30 0x00000000
core   0: 0x80007eec (0xd3cf3193) sltiu   gp, t5, -708
core   0: 3 0x80007eec (0xd3cf3193) x 3 0x00000001
core   0: 0x80007ef0 (0x01e44733) xor     a4, s0, t5
core   0: 3 0x80007ef0 (0x01e44733) x14 0x000003ff
core   0: 0x80007ef4 (0x009e2eb3) slt     t4, t3, s1
core   0: 3 0x80007ef4 (0x009e2eb3) x29 0x00000000
core   0: 0x80007ef8 (0x01285593) srli    a1, a6, 18
core   0: 3 0x80007ef8 (0x01285593) x11 0x00001fff
core   0: 0x80007efc (0x01199813) slli    a6, s3, 17
core   0: 3 0x80007efc (0x01199813) x16 0x00020000
core   0: 0x80007f00 (0x009037b3) snez    a5, s1
core   0: 3 0x80007f00 (0x009037b3) x15 0x00000001
core   0: 0x80007f04 (0x002d8e33) add     t3, s11, sp
core   0: 3 0x80007f04 (0x002d8e33) x28 0x00000001
core   0: 0x80007f08 (0x004a9093) slli    ra, s5, 4
core   0: 3 0x80007f08 (0x004a9093) x 1 0x0015ce40
core   0: 0x80007f0c (0x00000cb3) add     s9, zero, zero
core   0: 3 0x80007f0c (0x00000cb3) x25 0x00000000
core   0: 0x80007f10 (0x01df38b3) sltu    a7, t5, t4
core   0: 3 0x80007f10 (0x01df38b3) x17 0x00000000
core   0: 0x80007f14 (0x01f6e033) or      zero, a3, t6
core   0: 3 0x80007f14 (0x01f6e033)
core   0: 0x80007f18 (0x0190cd33) xor     s10, ra, s9
core   0: 3 0x80007f18 (0x0190cd33) x26 0x0015ce40
core   0: 0x80007f1c (0x392f4293) xori    t0, t5, 914
core   0: 3 0x80007f1c (0x392f4293) x 5 0x00000392
core   0: 0x80007f20 (0x40810fb3) sub     t6, sp, s0
core   0: 3 0x80007f20 (0x40810fb3) x31 0xfffffc01
core   0: 0x80007f24 (0x25882313) slti    t1, a6, 600
core   0: 3 0x80007f24 (0x25882313) x 6 0x00000000
core   0: 0x80007f28 (0x4022d2b3) sra     t0, t0, sp
core   0: 3 0x80007f28 (0x4022d2b3) x 5 0x00000392
core   0: 0x80007f2c (0x1b9bbb93) sltiu   s7, s7, 441
core   0: 3 0x80007f2c (0x1b9bbb93) x23 0x00000001
core   0: 0x80007f30 (0x39a94293) xori    t0, s2, 922
core   0: 3 0x80007f30 (0x39a94293) x 5 0xfffffc65
core   0: 0x80007f34 (0xf96eb217) auipc   tp, 0xf96eb
core   0: 3 0x80007f34 (0xf96eb217) x 4 0x796f2f34
core   0: 0x80007f38 (0x010a6433) or      s0, s4, a6
core   0: 3 0x80007f38 (0x010a6433) x 8 0x80031e64
core   0: 0x80007f3c (0x41528933) sub     s2, t0, s5
core   0: 3 0x80007f3c (0x41528933) x18 0x7ffe9f81
core   0: 0x80007f40 (0x01c300b3) add     ra, t1, t3
core   0: 3 0x80007f40 (0x01c300b3) x 1 0x00000001
core   0: 0x80007f44 (0x001ebe33) sltu    t3, t4, ra
core   0: 3 0x80007f44 (0x001ebe33) x28 0x00000001
core   0: 0x80007f48 (0xe39a4813) xori    a6, s4, -455
core   0: 3 0x80007f48 (0xe39a4813) x16 0x7ffee05d
core   0: 0x80007f4c (0xc1644593) xori    a1, s0, -1002
core   0: 3 0x80007f4c (0xc1644593) x11 0x7ffce272
core   0: 0x80007f50 (0x00a2e2b3) or      t0, t0, a0
core   0: 3 0x80007f50 (0x00a2e2b3) x 5 0xfffffe6f
core   0: 0x80007f54 (0x41bdd093) srai    ra, s11, 27
core   0: 3 0x80007f54 (0x41bdd093) x 1 0x00000000
core   0: 0x80007f58 (0x0083f6b3) and     a3, t2, s0
core   0: 3 0x80007f58 (0x0083f6b3) x13 0x00000000
core   0: 0x80007f5c (0xecf23297) auipc   t0, 0xecf23
core   0: 3 0x80007f5c (0xecf23297) x 5 0x6cf2af5c
core   0: 0x80007f60 (0x00d81293) slli    t0, a6, 13
core   0: 3 0x80007f60 (0x00d81293) x 5 0xdc0ba000
core   0: 0x80007f64 (0xafe47b93) andi    s7, s0, -1282
core   0: 3 0x80007f64 (0xafe47b93) x23 0x80031a64
core   0: 0x80007f68 (0xabf9fd93) andi    s11, s3, -1345
core   0: 3 0x80007f68 (0xabf9fd93) x27 0x00000001
core   0: 0x80007f6c (0x0148b733) sltu    a4, a7, s4
core   0: 3 0x80007f6c (0x0148b733) x14 0x00000001
core   0: 0x80007f70 (0x01ea4233) xor     tp, s4, t5
core   0: 3 0x80007f70 (0x01ea4233) x 4 0x80011e64
core   0: 0x80007f74 (0x001adf33) srl     t5, s5, ra
core   0: 3 0x80007f74 (0x001adf33) x30 0x80015ce4
core   0: 0x80007f78 (0x41c357b3) sra     a5, t1, t3
core   0: 3 0x80007f78 (0x41c357b3) x15 0x00000000
core   0: 0x80007f7c (0x419b88b3) sub     a7, s7, s9
core   0: 3 0x80007f7c (0x419b88b3) x17 0x80031a64
core   0: 0x80007f80 (0x00a65d13) srli    s10, a2, 10
core   0: 3 0x80007f80 (0x00a65d13) x26 0x003bc09a
core   0: 0x80007f84 (0x2a82fc13) andi    s8, t0, 680
core   0: 3 0x80007f84 (0x2a82fc13) x24 0x00000000
core   0: 0x80007f88 (0xa89b2413) slti    s0, s6, -1399
core   0: 3 0x80007f88 (0xa89b2413) x 8 0x00000000
core   0: 0x80007f8c (0x01120f33) add     t5, tp, a7
core   0: 3 0x80007f8c (0x01120f33) x30 0x000438c8
core   0: 0x80007f90 (0xd20e5337) lui     t1, 0xd20e5
core   0: 3 0x80007f90 (0xd20e5337) x 6 0xd20e5000
core   0: 0x80007f94 (0xfc000fb7) lui     t6, 0xfc000
core   0: 3 0x80007f94 (0xfc000fb7) x31 0xfc000000
core   0: 0x80007f98 (0x00000013) nop
core   0: 3 0x80007f98 (0x00000013)
core   0: 0x80007f9c (0x53ff2f17) auipc   t5, 0x53ff2
core   0: 3 0x80007f9c (0x53ff2f17) x30 0xd3ff9f9c
core   0: 0x80007fa0 (0x01c82733) slt     a4, a6, t3
core   0: 3 0x80007fa0 (0x01c82733) x14 0x00000000
core   0: 0x80007fa4 (0x418e8eb3) sub     t4, t4, s8
core   0: 3 0x80007fa4 (0x418e8eb3) x29 0x00000000
core   0: 0x80007fa8 (0x27ed1997) auipc   s3, 0x27ed1
core   0: 3 0x80007fa8 (0x27ed1997) x19 0xa7ed8fa8
core   0: 0x80007fac (0x2c1a2893) slti    a7, s4, 705
core   0: 3 0x80007fac (0x2c1a2893) x17 0x00000001
core   0: 0x80007fb0 (0x00be3b33) sltu    s6, t3, a1
core   0: 3 0x80007fb0 (0x00be3b33) x22 0x00000001
core   0: 0x80007fb4 (0x40a1dd93) srai    s11, gp, 10
core   0: 3 0x80007fb4 (0x40a1dd93) x27 0x00000000
core   0: 0x80007fb8 (0x002b1013) slli    zero, s6, 2
core   0: 3 0x80007fb8 (0x002b1013)
core   0: 0x80007fbc (0x0143c5b3) xor     a1, t2, s4
core   0: 3 0x80007fbc (0x0143c5b3) x11 0x80011e65
core   0: 0x80007fc0 (0xdf0e3e93) sltiu   t4, t3, -528
core   0: 3 0x80007fc0 (0xdf0e3e93) x29 0x00000001
core   0: 0x80007fc4 (0xea199eb7) lui     t4, 0xea199
core   0: 3 0x80007fc4 (0xea199eb7) x29 0xea199000
core   0: 0x80007fc8 (0xe1aceb13) ori     s6, s9, -486
core   0: 3 0x80007fc8 (0xe1aceb13) x22 0xfffffe1a
core   0: 0x80007fcc (0x001d9293) slli    t0, s11, 1
core   0: 3 0x80007fcc (0x001d9293) x 5 0x00000000
core   0: 0x80007fd0 (0x790a3093) sltiu   ra, s4, 1936
core   0: 3 0x80007fd0 (0x790a3093) x 1 0x00000000
core   0: 0x80007fd4 (0x008c2333) slt     t1, s8, s0
core   0: 3 0x80007fd4 (0x008c2333) x 6 0x00000000
core   0: 0x80007fd8 (0x010f16b3) sll     a3, t5, a6
core   0: 3 0x80007fd8 (0x010f16b3) x13 0x80000000
core   0: 0x80007fdc (0x004845b3) xor     a1, a6, tp
core   0: 3 0x80007fdc (0x004845b3) x11 0xfffffe39
core   0: 0x80007fe0 (0x00000013) nop
core   0: 3 0x80007fe0 (0x00000013)
core   0: 0x80007fe4 (0x975cf093) andi    ra, s9, -1675
core   0: 3 0x80007fe4 (0x975cf093) x 1 0x00000000
core   0: 0x80007fe8 (0x86d72813) slti    a6, a4, -1939
core   0: 3 0x80007fe8 (0x86d72813) x16 0x00000000
core   0: 0x80007fec (0xb914a893) slti    a7, s1, -1135
core   0: 3 0x80007fec (0xb914a893) x17 0x00000001
core   0: 0x80007ff0 (0x41b05333) sra     t1, zero, s11
core   0: 3 0x80007ff0 (0x41b05333) x 6 0x00000000
core   0: 0x80007ff4 (0x4ac53417) auipc   s0, 0x4ac53
core   0: 3 0x80007ff4 (0x4ac53417) x 8 0xcac5aff4
core   0: 0x80007ff8 (0x40e381b3) sub     gp, t2, a4
core   0: 3 0x80007ff8 (0x40e381b3) x 3 0x00000001
core   0: 0x80007ffc (0x00d472b3) and     t0, s0, a3
core   0: 3 0x80007ffc (0x00d472b3) x 5 0x80000000
core   0: 0x80008000 (0x00000013) nop
core   0: 3 0x80008000 (0x00000013)
core   0: 0x80008004 (0x4044d793) srai    a5, s1, 4
core   0: 3 0x80008004 (0x4044d793) x15 0xfef026ae
core   0: 0x80008008 (0x01e65893) srli    a7, a2, 30
core   0: 3 0x80008008 (0x01e65893) x17 0x00000003
core   0: 0x8000800c (0x01d5b5b3) sltu    a1, a1, t4
core   0: 3 0x8000800c (0x01d5b5b3) x11 0x00000000
core   0: 0x80008010 (0x00000d93) li      s11, 0
core   0: 3 0x80008010 (0x00000d93) x27 0x00000000
core   0: 0x80008014 (0xfff00893) li      a7, -1
core   0: 3 0x80008014 (0xfff00893) x17 0xffffffff
core   0: 0x80008018 (0xfff00b93) li      s7, -1
core   0: 3 0x80008018 (0xfff00b93) x23 0xffffffff
core   0: 0x8000801c (0x80000337) lui     t1, 0x80000
core   0: 3 0x8000801c (0x80000337) x 6 0x80000000
core   0: 0x80008020 (0xfff00c13) li      s8, -1
core   0: 3 0x80008020 (0xfff00c13) x24 0xffffffff
core   0: 0x80008024 (0xfff00593) li      a1, -1
core   0: 3 0x80008024 (0xfff00593) x11 0xffffffff
core   0: 0x80008028 (0x124e7cb7) lui     s9, 0x124e7
core   0: 3 0x80008028 (0x124e7cb7) x25 0x124e7000
core   0: 0x8000802c (0xd59c8c93) addi    s9, s9, -679
core   0: 3 0x8000802c (0xd59c8c93) x25 0x124e6d59
core   0: 0x80008030 (0x4bd011b7) lui     gp, 0x4bd01
core   0: 3 0x80008030 (0x4bd011b7) x 3 0x4bd01000
core   0: 0x80008034 (0x5b618193) addi    gp, gp, 1462
core   0: 3 0x80008034 (0x5b618193) x 3 0x4bd015b6
core   0: 0x80008038 (0x00000e13) li      t3, 0
core   0: 3 0x80008038 (0x00000e13) x28 0x00000000
core   0: 0x8000803c (0xfff00093) li      ra, -1
core   0: 3 0x8000803c (0xfff00093) x 1 0xffffffff
core   0: 0x80008040 (0xf70a0337) lui     t1, 0xf70a0
core   0: 3 0x80008040 (0xf70a0337) x 6 0xf70a0000
core   0: 0x80008044 (0x9ba00db7) lui     s11, 0x9ba00
core   0: 3 0x80008044 (0x9ba00db7) x27 0x9ba00000
core   0: 0x80008048 (0x00000013) nop
core   0: 3 0x80008048 (0x00000013)
core   0: 0x8000804c (0x018c0c33) add     s8, s8, s8
core   0: 3 0x8000804c (0x018c0c33) x24 0xfffffffe
core   0: 0x80008050 (0xae310bb7) lui     s7, 0xae310
core   0: 3 0x80008050 (0xae310bb7) x23 0xae310000
core   0: 0x80008054 (0x019b85b3) add     a1, s7, s9
core   0: 3 0x80008054 (0x019b85b3) x11 0xc07f6d59
core   0: 0x80008058 (0x00000013) nop
core   0: 3 0x80008058 (0x00000013)
core   0: 0x8000805c (0x00000013) nop
core   0: 3 0x8000805c (0x00000013)
core   0: 0x80008060 (0x01988db3) add     s11, a7, s9
core   0: 3 0x80008060 (0x01988db3) x27 0x124e6d58
core   0: 0x80008064 (0x01858db3) add     s11, a1, s8
core   0: 3 0x80008064 (0x01858db3) x27 0xc07f6d57
core   0: 0x80008068 (0x85030e13) addi    t3, t1, -1968
core   0: 3 0x80008068 (0x85030e13) x28 0xf709f850
core   0: 0x8000806c (0x006885b3) add     a1, a7, t1
core   0: 3 0x8000806c (0x006885b3) x11 0xf709ffff
core   0: 0x80008070 (0x8218ee17) auipc   t3, 0x8218e
core   0: 3 0x80008070 (0x8218ee17) x28 0x02196070
core   0: 0x80008074 (0x13487d97) auipc   s11, 0x13487
core   0: 3 0x80008074 (0x13487d97) x27 0x9348f074
core   0: 0x80008078 (0x003e01b3) add     gp, t3, gp
core   0: 3 0x80008078 (0x003e01b3) x 3 0x4de97626
core   0: 0x8000807c (0x00000013) nop
core   0: 3 0x8000807c (0x00000013)
core   0: 0x80008080 (0x56fc5e17) auipc   t3, 0x56fc5
core   0: 3 0x80008080 (0x56fc5e17) x28 0xd6fcd080
core   0: 0x80008084 (0xa029cc37) lui     s8, 0xa029c
core   0: 3 0x80008084 (0xa029cc37) x24 0xa029c000
core   0: 0x80008088 (0x2ddb8d93) addi    s11, s7, 733
core   0: 3 0x80008088 (0x2ddb8d93) x27 0xae3102dd
core   0: 0x8000808c (0x011b8e33) add     t3, s7, a7
core   0: 3 0x8000808c (0x011b8e33) x28 0xae30ffff
core   0: 0x80008090 (0x00000013) nop
core   0: 3 0x80008090 (0x00000013)
core   0: 0x80008094 (0x001c0333) add     t1, s8, ra
core   0: 3 0x80008094 (0x001c0333) x 6 0xa029bfff
core   0: 0x80008098 (0x76492813) slti    a6, s2, 1892
core   0: 3 0x80008098 (0x76492813) x16 0x00000000
core   0: 0x8000809c (0x00c1d4b3) srl     s1, gp, a2
core   0: 3 0x8000809c (0x00c1d4b3) x 9 0x000137a5
core   0: 0x800080a0 (0x0011a9b3) slt     s3, gp, ra
core   0: 3 0x800080a0 (0x0011a9b3) x19 0x00000000
core   0: 0x800080a4 (0xb2e6be13) sltiu   t3, a3, -1234
core   0: 3 0x800080a4 (0xb2e6be13) x28 0x00000001
core   0: 0x800080a8 (0x90618e13) addi    t3, gp, -1786
core   0: 3 0x800080a8 (0x90618e13) x28 0x4de96f2c
core   0: 0x800080ac (0x01221b93) slli    s7, tp, 18
core   0: 3 0x800080ac (0x01221b93) x23 0x79900000
core   0: 0x800080b0 (0x93f6e813) ori     a6, a3, -1729
core   0: 3 0x800080b0 (0x93f6e813) x16 0xfffff93f
core   0: 0x800080b4 (0x0191b533) sltu    a0, gp, s9
core   0: 3 0x800080b4 (0x0191b533) x10 0x00000000
core   0: 0x800080b8 (0x78977293) andi    t0, a4, 1929
core   0: 3 0x800080b8 (0x78977293) x 5 0x00000000
core   0: 0x800080bc (0x001487b3) add     a5, s1, ra
core   0: 3 0x800080bc (0x001487b3) x15 0x000137a4
core   0: 0x800080c0 (0x006bcd33) xor     s10, s7, t1
core   0: 3 0x800080c0 (0x006bcd33) x26 0xd9b9bfff
core   0: 0x800080c4 (0x01fabe33) sltu    t3, s5, t6
core   0: 3 0x800080c4 (0x01fabe33) x28 0x00000001
core   0: 0x800080c8 (0xd72b4113) xori    sp, s6, -654
core   0: 3 0x800080c8 (0xd72b4113) x 2 0x00000368
core   0: 0x800080cc (0xe2222193) slti    gp, tp, -478
core   0: 3 0x800080cc (0xe2222193) x 3 0x00000001
core   0: 0x800080d0 (0x01cb67b3) or      a5, s6, t3
core   0: 3 0x800080d0 (0x01cb67b3) x15 0xfffffe1b
core   0: 0x800080d4 (0x409c57b3) sra     a5, s8, s1
core   0: 3 0x800080d4 (0x409c57b3) x15 0xfd014e00
core   0: 0x800080d8 (0x01f0f8b3) and     a7, ra, t6
core   0: 3 0x800080d8 (0x01f0f8b3) x17 0xfc000000
core   0: 0x800080dc (0x002e5d93) srli    s11, t3, 2
core   0: 3 0x800080dc (0x002e5d93) x27 0x00000000
core   0: 0x800080e0 (0xacea4993) xori    s3, s4, -1330
core   0: 3 0x800080e0 (0xacea4993) x19 0x7ffee4aa
core   0: 0x800080e4 (0x435c4897) auipc   a7, 0x435c4
core   0: 3 0x800080e4 (0x435c4897) x17 0xc35cc0e4
core   0: 0x800080e8 (0x710f4e13) xori    t3, t5, 1808
core   0: 3 0x800080e8 (0x710f4e13) x28 0xd3ff988c
core   0: 0x800080ec (0x00dc5b13) srli    s6, s8, 13
core   0: 3 0x800080ec (0x00dc5b13) x22 0x0005014e
core   0: 0x800080f0 (0x73594493) xori    s1, s2, 1845
core   0: 3 0x800080f0 (0x73594493) x 9 0x7ffe98b4
core   0: 0x800080f4 (0x2584fb93) andi    s7, s1, 600
core   0: 3 0x800080f4 (0x2584fb93) x23 0x00000010
core   0: 0x800080f8 (0x00000013) nop
core   0: 3 0x800080f8 (0x00000013)
core   0: 0x800080fc (0x00928b33) add     s6, t0, s1
core   0: 3 0x800080fc (0x00928b33) x22 0x7ffe98b4
core   0: 0x80008100 (0x00e75f13) srli    t5, a4, 14
core   0: 3 0x80008100 (0x00e75f13) x30 0x00000000
core   0: 0x80008104 (0x00a2a4b3) slt     s1, t0, a0
core   0: 3 0x80008104 (0x00a2a4b3) x 9 0x00000000
core   0: 0x80008108 (0x00920433) add     s0, tp, s1
core   0: 3 0x80008108 (0x00920433) x 8 0x80011e64
core   0: 0x8000810c (0x013f9bb3) sll     s7, t6, s3
core   0: 3 0x8000810c (0x013f9bb3) x23 0x00000000
core   0: 0x80008110 (0x98bba393) slti    t2, s7, -1653
core   0: 3 0x80008110 (0x98bba393) x 7 0x00000000
core   0: 0x80008114 (0x01615e17) auipc   t3, 0x1615
core   0: 3 0x80008114 (0x01615e17) x28 0x8161d114
core   0: 0x80008118 (0xfbab4e93) xori    t4, s6, -70
core   0: 3 0x80008118 (0xfbab4e93) x29 0x8001670e
core   0: 0x8000811c (0x00000013) nop
core   0: 3 0x8000811c (0x00000013)
core   0: 0x80008120 (0x87c1e893) ori     a7, gp, -1924
core   0: 3 0x80008120 (0x87c1e893) x17 0xfffff87d
core   0: 0x80008124 (0x001886b3) add     a3, a7, ra
core   0: 3 0x80008124 (0x001886b3) x13 0xfffff87c
core   0: 0x80008128 (0x1f666017) auipc   zero, 0x1f666
core   0: 3 0x80008128 (0x1f666017)
core   0: 0x8000812c (0x01530533) add     a0, t1, s5
core   0: 3 0x8000812c (0x01530533) x10 0x202b1ce3
core   0: 0x80008130 (0x00000013) nop
core   0: 3 0x80008130 (0x00000013)
core   0: 0x80008134 (0x01078533) add     a0, a5, a6
core   0: 3 0x80008134 (0x01078533) x10 0xfd01473f
core   0: 0x80008138 (0x406581b3) sub     gp, a1, t1
core   0: 3 0x80008138 (0x406581b3) x 3 0x56e04000
core   0: 0x8000813c (0x01e51093) slli    ra, a0, 30
core   0: 3 0x8000813c (0x01e51093) x 1 0xc0000000
core   0: 0x80008140 (0x01664233) xor     tp, a2, s6
core   0: 3 0x80008140 (0x01664233) x 4 0x90fcf25a
core   0: 0x80008144 (0xf6586093) ori     ra, a6, -155
core   0: 3 0x80008144 (0xf6586093) x 1 0xffffff7f
core   0: 0x80008148 (0x01f38333) add     t1, t2, t6
core   0: 3 0x80008148 (0x01f38333) x 6 0xfc000000
core   0: 0x8000814c (0x014e3f33) sltu    t5, t3, s4
core   0: 3 0x8000814c (0x014e3f33) x30 0x00000000
core   0: 0x80008150 (0x00087f33) and     t5, a6, zero
core   0: 3 0x80008150 (0x00087f33) x30 0x00000000
core   0: 0x80008154 (0x1f65f713) andi    a4, a1, 502
core   0: 3 0x80008154 (0x1f65f713) x14 0x000001f6
core   0: 0x80008158 (0xedee4597) auipc   a1, 0xedee4
core   0: 3 0x80008158 (0xedee4597) x11 0x6deec158
core   0: 0x8000815c (0x00115d33) srl     s10, sp, ra
core   0: 3 0x8000815c (0x00115d33) x26 0x00000000
core   0: 0x80008160 (0xa7fe8213) addi    tp, t4, -1409
core   0: 3 0x80008160 (0xa7fe8213) x 4 0x8001618d
core   0: 0x80008164 (0x01985233) srl     tp, a6, s9
core   0: 3 0x80008164 (0x01985233) x 4 0x0000007f
core   0: 0x80008168 (0x86d4f993) andi    s3, s1, -1939
core   0: 3 0x80008168 (0x86d4f993) x19 0x00000000
core   0: 0x8000816c (0x4135d713) srai    a4, a1, 19
core   0: 3 0x8000816c (0x4135d713) x14 0x00000dbd
core   0: 0x80008170 (0x009ebfb3) sltu    t6, t4, s1
core   0: 3 0x80008170 (0x009ebfb3) x31 0x00000000
core   0: 0x80008174 (0x9286b413) sltiu   s0, a3, -1752
core   0: 3 0x80008174 (0x9286b413) x 8 0x00000001
core   0: 0x80008178 (0x90954593) xori    a1, a0, -1783
core   0: 3 0x80008178 (0x90954593) x11 0x02febe36
core   0: 0x8000817c (0x002e5413) srli    s0, t3, 2
core   0: 3 0x8000817c (0x002e5413) x 8 0x20587445
core   0: 0x80008180 (0x01b5d713) srli    a4, a1, 27
core   0: 3 0x80008180 (0x01b5d713) x14 0x00000000
core   0: 0x80008184 (0x413a5513) srai    a0, s4, 19
core   0: 3 0x80008184 (0x413a5513) x10 0xfffff000
core   0: 0x80008188 (0x01649513) slli    a0, s1, 22
core   0: 3 0x80008188 (0x01649513) x10 0x00000000
core   0: 0x8000818c (0x6ae07213) andi    tp, zero, 1710
core   0: 3 0x8000818c (0x6ae07213) x 4 0x00000000
core   0: 0x80008190 (0x010a9e93) slli    t4, s5, 16
core   0: 3 0x80008190 (0x010a9e93) x29 0x5ce40000
core   0: 0x80008194 (0x10f3fe93) andi    t4, t2, 271
core   0: 3 0x80008194 (0x10f3fe93) x29 0x00000000
core   0: 0x80008198 (0xe0f3a093) slti    ra, t2, -497
core   0: 3 0x80008198 (0xe0f3a093) x 1 0x00000000
core   0: 0x8000819c (0x4060d7b3) sra     a5, ra, t1
core   0: 3 0x8000819c (0x4060d7b3) x15 0x00000000
core   0: 0x800081a0 (0x0185d1b3) srl     gp, a1, s8
core   0: 3 0x800081a0 (0x0185d1b3) x 3 0x02febe36
core   0: 0x800081a4 (0x00011733) sll     a4, sp, zero
core   0: 3 0x800081a4 (0x00011733) x14 0x00000368
core   0: 0x800081a8 (0xd248be93) sltiu   t4, a7, -732
core   0: 3 0x800081a8 (0xd248be93) x29 0x00000001
core   0: 0x800081ac (0x3672af93) slti    t6, t0, 871
core   0: 3 0x800081ac (0x3672af93) x31 0x00000001
core   0: 0x800081b0 (0x3551f293) andi    t0, gp, 853
core   0: 3 0x800081b0 (0x3551f293) x 5 0x00000214
core   0: 0x800081b4 (0x413e0133) sub     sp, t3, s3
core   0: 3 0x800081b4 (0x413e0133) x 2 0x8161d114
core   0: 0x800081b8 (0x4e9ded37) lui     s10, 0x4e9de
core   0: 3 0x800081b8 (0x4e9ded37) x26 0x4e9de000
core   0: 0x800081bc (0x01886c33) or      s8, a6, s8
core   0: 3 0x800081bc (0x01886c33) x24 0xfffff93f
core   0: 0x800081c0 (0x00000013) nop
core   0: 3 0x800081c0 (0x00000013)
core   0: 0x800081c4 (0x262d0413) addi    s0, s10, 610
core   0: 3 0x800081c4 (0x262d0413) x 8 0x4e9de262
core   0: 0x800081c8 (0x683ac893) xori    a7, s5, 1667
core   0: 3 0x800081c8 (0x683ac893) x17 0x80015a67
core   0: 0x800081cc (0xc57c4f13) xori    t5, s8, -937
core   0: 3 0x800081cc (0xc57c4f13) x30 0x00000568
core   0: 0x800081d0 (0x322978b7) lui     a7, 0x32297
core   0: 3 0x800081d0 (0x322978b7) x17 0x32297000
core   0: 0x800081d4 (0x013e8333) add     t1, t4, s3
core   0: 3 0x800081d4 (0x013e8333) x 6 0x00000001
core   0: 0x800081d8 (0x01db9e13) slli    t3, s7, 29
core   0: 3 0x800081d8 (0x01db9e13) x28 0x00000000
core   0: 0x800081dc (0x00aa39b3) sltu    s3, s4, a0
core   0: 3 0x800081dc (0x00aa39b3) x19 0x00000000
core   0: 0x800081e0 (0x0006dc93) srli    s9, a3, 0
core   0: 3 0x800081e0 (0x0006dc93) x25 0xfffff87c
core   0: 0x800081e4 (0x4062db33) sra     s6, t0, t1
core   0: 3 0x800081e4 (0x4062db33) x22 0x0000010a
core   0: 0x800081e8 (0x01549f93) slli    t6, s1, 21
core   0: 3 0x800081e8 (0x01549f93) x31 0x00000000
core   0: 0x800081ec (0x14735317) auipc   t1, 0x14735
core   0: 3 0x800081ec (0x14735317) x 6 0x9473d1ec
core   0: 0x800081f0 (0x006f7f33) and     t5, t5, t1
core   0: 3 0x800081f0 (0x006f7f33) x30 0x00000168
core   0: 0x800081f4 (0x000a5733) srl     a4, s4, zero
core   0: 3 0x800081f4 (0x000a5733) x14 0x80011e64
core   0: 0x800081f8 (0x00000013) nop
core   0: 3 0x800081f8 (0x00000013)
core   0: 0x800081fc (0x4169d093) srai    ra, s3, 22
core   0: 3 0x800081fc (0x4169d093) x 1 0x00000000
core   0: 0x80008200 (0x096ab313) sltiu   t1, s5, 150
core   0: 3 0x80008200 (0x096ab313) x 6 0x00000000
core   0: 0x80008204 (0x4162d713) srai    a4, t0, 22
core   0: 3 0x80008204 (0x4162d713) x14 0x00000000
core   0: 0x80008208 (0x013242b3) xor     t0, tp, s3
core   0: 3 0x80008208 (0x013242b3) x 5 0x00000000
core   0: 0x8000820c (0x01a690b3) sll     ra, a3, s10
core   0: 3 0x8000820c (0x01a690b3) x 1 0xfffff87c
core   0: 0x80008210 (0x0dc88f93) addi    t6, a7, 220
core   0: 3 0x80008210 (0x0dc88f93) x31 0x322970dc
core   0: 0x80008214 (0x9a4b7793) andi    a5, s6, -1628
core   0: 3 0x80008214 (0x9a4b7793) x15 0x00000100
core   0: 0x80008218 (0x00000013) nop
core   0: 3 0x80008218 (0x00000013)
core   0: 0x8000821c (0x00275e93) srli    t4, a4, 2
core   0: 3 0x8000821c (0x00275e93) x29 0x00000000
core   0: 0x80008220 (0x2f9b3517) auipc   a0, 0x2f9b3
core   0: 3 0x80008220 (0x2f9b3517) x10 0xaf9bb220
core   0: 0x80008224 (0x77f48c93) addi    s9, s1, 1919
core   0: 3 0x80008224 (0x77f48c93) x25 0x0000077f
core   0: 0x80008228 (0x006ae033) or      zero, s5, t1
core   0: 3 0x80008228 (0x006ae033)
core   0: 0x8000822c (0x596ac813) xori    a6, s5, 1430
core   0: 3 0x8000822c (0x596ac813) x16 0x80015972
core   0: 0x80008230 (0x01989413) slli    s0, a7, 25
core   0: 3 0x80008230 (0x01989413) x 8 0x00000000
core   0: 0x80008234 (0xc3c87b13) andi    s6, a6, -964
core   0: 3 0x80008234 (0xc3c87b13) x22 0x80015830
core   0: 0x80008238 (0x0061f833) and     a6, gp, t1
core   0: 3 0x80008238 (0x0061f833) x16 0x00000000
core   0: 0x8000823c (0x01731813) slli    a6, t1, 23
core   0: 3 0x8000823c (0x01731813) x16 0x00000000
core   0: 0x80008240 (0x003592b3) sll     t0, a1, gp
core   0: 3 0x80008240 (0x003592b3) x 5 0x8d800000
core   0: 0x80008244 (0x00000013) nop
core   0: 3 0x80008244 (0x00000013)
core   0: 0x80008248 (0x014859b3) srl     s3, a6, s4
core   0: 3 0x80008248 (0x014859b3) x19 0x00000000
core   0: 0x8000824c (0xccbfe837) lui     a6, 0xccbfe
core   0: 3 0x8000824c (0xccbfe837) x16 0xccbfe000
core   0: 0x80008250 (0x01cafd13) andi    s10, s5, 28
core   0: 3 0x80008250 (0x01cafd13) x26 0x00000004
core   0: 0x80008254 (0x015f8e33) add     t3, t6, s5
core   0: 3 0x80008254 (0x015f8e33) x28 0xb22acdc0
core   0: 0x80008258 (0x00000013) nop
core   0: 3 0x80008258 (0x00000013)
core   0: 0x8000825c (0x3f59be13) sltiu   t3, s3, 1013
core   0: 3 0x8000825c (0x3f59be13) x28 0x00000001
core   0: 0x80008260 (0x41dc5693) srai    a3, s8, 29
core   0: 3 0x80008260 (0x41dc5693) x13 0xffffffff
core   0: 0x80008264 (0x40ff8333) sub     t1, t6, a5
core   0: 3 0x80008264 (0x40ff8333) x 6 0x32296fdc
core   0: 0x80008268 (0x41c48bb3) sub     s7, s1, t3
core   0: 3 0x80008268 (0x41c48bb3) x23 0xffffffff
core   0: 0x8000826c (0x01b251b3) srl     gp, tp, s11
core   0: 3 0x8000826c (0x01b251b3) x 3 0x00000000
core   0: 0x80008270 (0x0112f333) and     t1, t0, a7
core   0: 3 0x80008270 (0x0112f333) x 6 0x00000000
core   0: 0x80008274 (0xe1dc4593) xori    a1, s8, -483
core   0: 3 0x80008274 (0xe1dc4593) x11 0x00000722
core   0: 0x80008278 (0x0a24f7b7) lui     a5, 0xa24f
core   0: 3 0x80008278 (0x0a24f7b7) x15 0x0a24f000
core   0: 0x8000827c (0x04d3a213) slti    tp, t2, 77
core   0: 3 0x8000827c (0x04d3a213) x 4 0x00000001
core   0: 0x80008280 (0x01f94e33) xor     t3, s2, t6
core   0: 3 0x80008280 (0x01f94e33) x28 0x4dd7ef5d
core   0: 0x80008284 (0x00475bb3) srl     s7, a4, tp
core   0: 3 0x80008284 (0x00475bb3) x23 0x00000000
core   0: 0x80008288 (0x410b5813) srai    a6, s6, 16
core   0: 3 0x80008288 (0x410b5813) x16 0xffff8001
core   0: 0x8000828c (0x00d86933) or      s2, a6, a3
core   0: 3 0x8000828c (0x00d86933) x18 0xffffffff
core   0: 0x80008290 (0x41d000b3) sub     ra, zero, t4
core   0: 3 0x80008290 (0x41d000b3) x 1 0x00000000
core   0: 0x80008294 (0x00e5a133) slt     sp, a1, a4
core   0: 3 0x80008294 (0x00e5a133) x 2 0x00000000
core   0: 0x80008298 (0x04d92493) slti    s1, s2, 77
core   0: 3 0x80008298 (0x04d92493) x 9 0x00000001
core   0: 0x8000829c (0x00d0e5b3) or      a1, ra, a3
core   0: 3 0x8000829c (0x00d0e5b3) x11 0xffffffff
core   0: 0x800082a0 (0x5bdeb293) sltiu   t0, t4, 1469
core   0: 3 0x800082a0 (0x5bdeb293) x 5 0x00000001
core   0: 0x800082a4 (0x0172d233) srl     tp, t0, s7
core   0: 3 0x800082a4 (0x0172d233) x 4 0x00000001
core   0: 0x800082a8 (0x017401b3) add     gp, s0, s7
core   0: 3 0x800082a8 (0x017401b3) x 3 0x00000000
core   0: 0x800082ac (0xaaaea413) slti    s0, t4, -1366
core   0: 3 0x800082ac (0xaaaea413) x 8 0x00000000
core   0: 0x800082b0 (0x015bac33) slt     s8, s7, s5
core   0: 3 0x800082b0 (0x015bac33) x24 0x00000000
core   0: 0x800082b4 (0x018d6bb3) or      s7, s10, s8
core   0: 3 0x800082b4 (0x018d6bb3) x23 0x00000004
core   0: 0x800082b8 (0x0160ebb3) or      s7, ra, s6
core   0: 3 0x800082b8 (0x0160ebb3) x23 0x80015830
core   0: 0x800082bc (0x410782b3) sub     t0, a5, a6
core   0: 3 0x800082bc (0x410782b3) x 5 0x0a256fff
core   0: 0x800082c0 (0x01c3d1b3) srl     gp, t2, t3
core   0: 3 0x800082c0 (0x01c3d1b3) x 3 0x00000000
core   0: 0x800082c4 (0x86d9bf13) sltiu   t5, s3, -1939
core   0: 3 0x800082c4 (0x86d9bf13) x30 0x00000001
core   0: 0x800082c8 (0x01e37333) and     t1, t1, t5
core   0: 3 0x800082c8 (0x01e37333) x 6 0x00000000
core   0: 0x800082cc (0xd3c959b7) lui     s3, 0xd3c95
core   0: 3 0x800082cc (0xd3c959b7) x19 0xd3c95000
core   0: 0x800082d0 (0x00c9bfb3) sltu    t6, s3, a2
core   0: 3 0x800082d0 (0x00c9bfb3) x31 0x00000001
core   0: 0x800082d4 (0xb83c0b13) addi    s6, s8, -1149
core   0: 3 0x800082d4 (0xb83c0b13) x22 0xfffffb83
core   0: 0x800082d8 (0x400bd913) srai    s2, s7, 0
core   0: 3 0x800082d8 (0x400bd913) x18 0x80015830
core   0: 0x800082dc (0xe48c8c37) lui     s8, 0xe48c8
core   0: 3 0x800082dc (0xe48c8c37) x24 0xe48c8000
core   0: 0x800082e0 (0x009ad893) srli    a7, s5, 9
core   0: 3 0x800082e0 (0x009ad893) x17 0x004000ae
core   0: 0x800082e4 (0x005a7133) and     sp, s4, t0
core   0: 3 0x800082e4 (0x005a7133) x 2 0x00010e64
core   0: 0x800082e8 (0x542be813) ori     a6, s7, 1346
core   0: 3 0x800082e8 (0x542be813) x16 0x80015d72
core   0: 0x800082ec (0xf0121e17) auipc   t3, 0xf0121
core   0: 3 0x800082ec (0xf0121e17) x28 0x701292ec
core   0: 0x800082f0 (0x00fad133) srl     sp, s5, a5
core   0: 3 0x800082f0 (0x00fad133) x 2 0x80015ce4
core   0: 0x800082f4 (0x00b49813) slli    a6, s1, 11
core   0: 3 0x800082f4 (0x00b49813) x16 0x00000800
core   0: 0x800082f8 (0x00c36033) or      zero, t1, a2
core   0: 3 0x800082f8 (0x00c36033)
core   0: 0x800082fc (0x9de7b493) sltiu   s1, a5, -1570
core   0: 3 0x800082fc (0x9de7b493) x 9 0x00000001
core   0: 0x80008300 (0x009c9d93) slli    s11, s9, 9
core   0: 3 0x80008300 (0x009c9d93) x27 0x000efe00
core   0: 0x80008304 (0x0147d033) srl     zero, a5, s4
core   0: 3 0x80008304 (0x0147d033)
core   0: 0x80008308 (0x018bbc33) sltu    s8, s7, s8
core   0: 3 0x80008308 (0x018bbc33) x24 0x00000001
core   0: 0x8000830c (0x01ecd4b3) srl     s1, s9, t5
core   0: 3 0x8000830c (0x01ecd4b3) x 9 0x000003bf
core   0: 0x80008310 (0x00000013) nop
core   0: 3 0x80008310 (0x00000013)
core   0: 0x80008314 (0x00da6d33) or      s10, s4, a3
core   0: 3 0x80008314 (0x00da6d33) x26 0xffffffff
core   0: 0x80008318 (0x73b14013) xori    zero, sp, 1851
core   0: 3 0x80008318 (0x73b14013)
core   0: 0x8000831c (0x01276833) or      a6, a4, s2
core   0: 3 0x8000831c (0x01276833) x16 0x80015830
core   0: 0x80008320 (0x96a6c113) xori    sp, a3, -1686
core   0: 3 0x80008320 (0x96a6c113) x 2 0x00000695
core   0: 0x80008324 (0x15573b13) sltiu   s6, a4, 341
core   0: 3 0x80008324 (0x15573b13) x22 0x00000001
core   0: 0x80008328 (0x00e09113) slli    sp, ra, 14
core   0: 3 0x80008328 (0x00e09113) x 2 0x00000000
core   0: 0x8000832c (0x012f9233) sll     tp, t6, s2
core   0: 3 0x8000832c (0x012f9233) x 4 0x00010000
core   0: 0x80008330 (0x0a1fbf13) sltiu   t5, t6, 161
core   0: 3 0x80008330 (0x0a1fbf13) x30 0x00000001
core   0: 0x80008334 (0x01d172b3) and     t0, sp, t4
core   0: 3 0x80008334 (0x01d172b3) x 5 0x00000000
core   0: 0x80008338 (0x01c347b3) xor     a5, t1, t3
core   0: 3 0x80008338 (0x01c347b3) x15 0x701292ec
core   0: 0x8000833c (0x01a05bb3) srl     s7, zero, s10
core   0: 3 0x8000833c (0x01a05bb3) x23 0x00000000
core   0: 0x80008340 (0x0030f533) and     a0, ra, gp
core   0: 3 0x80008340 (0x0030f533) x10 0x00000000
core   0: 0x80008344 (0x0d04f193) andi    gp, s1, 208
core   0: 3 0x80008344 (0x0d04f193) x 3 0x00000090
core   0: 0x80008348 (0x01c2a333) slt     t1, t0, t3
core   0: 3 0x80008348 (0x01c2a333) x 6 0x00000001
core   0: 0x8000834c (0xb57d0893) addi    a7, s10, -1193
core   0: 3 0x8000834c (0xb57d0893) x17 0xfffffb56
core   0: 0x80008350 (0x410ed9b3) sra     s3, t4, a6
core   0: 3 0x80008350 (0x410ed9b3) x19 0x00000000
core   0: 0x80008354 (0x33d3e793) ori     a5, t2, 829
core   0: 3 0x80008354 (0x33d3e793) x15 0x0000033d
core   0: 0x80008358 (0x0f5f0d13) addi    s10, t5, 245
core   0: 3 0x80008358 (0x0f5f0d13) x26 0x000000f6
core   0: 0x8000835c (0x617b6497) auipc   s1, 0x617b6
core   0: 3 0x8000835c (0x617b6497) x 9 0xe17be35c
core   0: 0x80008360 (0x00f588b3) add     a7, a1, a5
core   0: 3 0x80008360 (0x00f588b3) x17 0x0000033c
core   0: 0x80008364 (0x00ac92b3) sll     t0, s9, a0
core   0: 3 0x80008364 (0x00ac92b3) x 5 0x0000077f
core   0: 0x80008368 (0x26636413) ori     s0, t1, 614
core   0: 3 0x80008368 (0x26636413) x 8 0x00000267
core   0: 0x8000836c (0xa4206b93) ori     s7, zero, -1470
core   0: 3 0x8000836c (0xa4206b93) x23 0xfffffa42
core   0: 0x80008370 (0x00048933) add     s2, s1, zero
core   0: 3 0x80008370 (0x00048933) x18 0xe17be35c
core   0: 0x80008374 (0x01aa9993) slli    s3, s5, 26
core   0: 3 0x80008374 (0x01aa9993) x19 0x90000000
core   0: 0x80008378 (0x01026233) or      tp, tp, a6
core   0: 3 0x80008378 (0x01026233) x 4 0x80015830
core   0: 0x8000837c (0x016edc33) srl     s8, t4, s6
core   0: 3 0x8000837c (0x016edc33) x24 0x00000000
core   0: 0x80008380 (0x01ed3c33) sltu    s8, s10, t5
core   0: 3 0x80008380 (0x01ed3c33) x24 0x00000000
core   0: 0x80008384 (0x41ced133) sra     sp, t4, t3
core   0: 3 0x80008384 (0x41ced133) x 2 0x00000000
core   0: 0x80008388 (0x41f953b3) sra     t2, s2, t6
core   0: 3 0x80008388 (0x41f953b3) x 7 0xf0bdf1ae
core   0: 0x8000838c (0x7f35a593) slti    a1, a1, 2035
core   0: 3 0x8000838c (0x7f35a593) x11 0x00000001
core   0: 0x80008390 (0x0127c4b3) xor     s1, a5, s2
core   0: 3 0x80008390 (0x0127c4b3) x 9 0xe17be061
core   0: 0x80008394 (0x0042dc93) srli    s9, t0, 4
core   0: 3 0x80008394 (0x0042dc93) x25 0x00000077
core   0: 0x80008398 (0x00174cb3) xor     s9, a4, ra
core   0: 3 0x80008398 (0x00174cb3) x25 0x00000000
core   0: 0x8000839c (0x40b88033) sub     zero, a7, a1
core   0: 3 0x8000839c (0x40b88033)
core   0: 0x800083a0 (0x40c2dfb3) sra     t6, t0, a2
core   0: 3 0x800083a0 (0x40c2dfb3) x31 0x00000000
core   0: 0x800083a4 (0x00000013) nop
core   0: 3 0x800083a4 (0x00000013)
core   0: 0x800083a8 (0x7a883e17) auipc   t3, 0x7a883
core   0: 3 0x800083a8 (0x7a883e17) x28 0xfa88b3a8
core   0: 0x800083ac (0x010f1bb3) sll     s7, t5, a6
core   0: 3 0x800083ac (0x010f1bb3) x23 0x00010000
core   0: 0x800083b0 (0xa701a793) slti    a5, gp, -1424
core   0: 3 0x800083b0 (0xa701a793) x15 0x00000000
core   0: 0x800083b4 (0x013c1f93) slli    t6, s8, 19
core   0: 3 0x800083b4 (0x013c1f93) x31 0x00000000
core   0: 0x800083b8 (0x41d55e93) srai    t4, a0, 29
core   0: 3 0x800083b8 (0x41d55e93) x29 0x00000000
core   0: 0x800083bc (0x00000013) nop
core   0: 3 0x800083bc (0x00000013)
core   0: 0x800083c0 (0x96364713) xori    a4, a2, -1693
core   0: 3 0x800083c0 (0x96364713) x14 0x10fd938d
core   0: 0x800083c4 (0x0087cd93) xori    s11, a5, 8
core   0: 3 0x800083c4 (0x0087cd93) x27 0x00000008
core   0: 0x800083c8 (0x2fc42897) auipc   a7, 0x2fc42
core   0: 3 0x800083c8 (0x2fc42897) x17 0xafc4a3c8
core   0: 0x800083cc (0x00f3a9b3) slt     s3, t2, a5
core   0: 3 0x800083cc (0x00f3a9b3) x19 0x00000001
core   0: 0x800083d0 (0x410fdc33) sra     s8, t6, a6
core   0: 3 0x800083d0 (0x410fdc33) x24 0x00000000
core   0: 0x800083d4 (0xd9b73f37) lui     t5, 0xd9b73
core   0: 3 0x800083d4 (0xd9b73f37) x30 0xd9b73000
core   0: 0x800083d8 (0x413c03b3) sub     t2, s8, s3
core   0: 3 0x800083d8 (0x413c03b3) x 7 0xffffffff
core   0: 0x800083dc (0x40ec5313) srai    t1, s8, 14
core   0: 3 0x800083dc (0x40ec5313) x 6 0x00000000
core   0: 0x800083e0 (0x695ebe93) sltiu   t4, t4, 1685
core   0: 3 0x800083e0 (0x695ebe93) x29 0x00000001
core   0: 0x800083e4 (0x00000013) nop
core   0: 3 0x800083e4 (0x00000013)
core   0: 0x800083e8 (0x86088297) auipc   t0, 0x86088
core   0: 3 0x800083e8 (0x86088297) x 5 0x060903e8
core   0: 0x800083ec (0x01ddfe33) and     t3, s11, t4
core   0: 3 0x800083ec (0x01ddfe33) x28 0x00000000
core   0: 0x800083f0 (0xc9d21497) auipc   s1, 0xc9d21
core   0: 3 0x800083f0 (0xc9d21497) x 9 0x49d293f0
core   0: 0x800083f4 (0x014b56b3) srl     a3, s6, s4
core   0: 3 0x800083f4 (0x014b56b3) x13 0x00000000
core   0: 0x800083f8 (0x019338b3) sltu    a7, t1, s9
core   0: 3 0x800083f8 (0x019338b3) x17 0x00000000
core   0: 0x800083fc (0x41155693) srai    a3, a0, 17
core   0: 3 0x800083fc (0x41155693) x13 0x00000000
core   0: 0x80008400 (0x55ec8593) addi    a1, s9, 1374
core   0: 3 0x80008400 (0x55ec8593) x11 0x0000055e
core   0: 0x80008404 (0x00979bb3) sll     s7, a5, s1
core   0: 3 0x80008404 (0x00979bb3) x23 0x00000000
core   0: 0x80008408 (0x018ddb93) srli    s7, s11, 24
core   0: 3 0x80008408 (0x018ddb93) x23 0x00000000
core   0: 0x8000840c (0xe6447e93) andi    t4, s0, -412
core   0: 3 0x8000840c (0xe6447e93) x29 0x00000264
core   0: 0x80008410 (0x10ea2d93) slti    s11, s4, 270
core   0: 3 0x80008410 (0x10ea2d93) x27 0x00000001
core   0: 0x80008414 (0xdbf3e893) ori     a7, t2, -577
core   0: 3 0x80008414 (0xdbf3e893) x17 0xffffffff
core   0: 0x80008418 (0x01cff6b3) and     a3, t6, t3
core   0: 3 0x80008418 (0x01cff6b3) x13 0x00000000
core   0: 0x8000841c (0x00281333) sll     t1, a6, sp
core   0: 3 0x8000841c (0x00281333) x 6 0x80015830
core   0: 0x80008420 (0x6bd62413) slti    s0, a2, 1725
core   0: 3 0x80008420 (0x6bd62413) x 8 0x00000001
core   0: 0x80008424 (0x50fca717) auipc   a4, 0x50fca
core   0: 3 0x80008424 (0x50fca717) x14 0xd0fd2424
core   0: 0x80008428 (0x8c34a113) slti    sp, s1, -1853
core   0: 3 0x80008428 (0x8c34a113) x 2 0x00000000
core   0: 0x8000842c (0x62ea8013) addi    zero, s5, 1582
core   0: 3 0x8000842c (0x62ea8013)
core   0: 0x80008430 (0x734f3b13) sltiu   s6, t5, 1844
core   0: 3 0x80008430 (0x734f3b13) x22 0x00000000
core   0: 0x80008434 (0x0005a833) slt     a6, a1, zero
core   0: 3 0x80008434 (0x0005a833) x16 0x00000000
core   0: 0x80008438 (0x00000013) nop
core   0: 3 0x80008438 (0x00000013)
core   0: 0x8000843c (0x05db6d37) lui     s10, 0x5db6
core   0: 3 0x8000843c (0x05db6d37) x26 0x05db6000
core   0: 0x80008440 (0x01d9f033) and     zero, s3, t4
core   0: 3 0x80008440 (0x01d9f033)
core   0: 0x80008444 (0x009b7933) and     s2, s6, s1
core   0: 3 0x80008444 (0x009b7933) x18 0x00000000
core   0: 0x80008448 (0x00279713) slli    a4, a5, 2
core   0: 3 0x80008448 (0x00279713) x14 0x00000000
core   0: 0x8000844c (0x0071beb3) sltu    t4, gp, t2
core   0: 3 0x8000844c (0x0071beb3) x29 0x00000001
core   0: 0x80008450 (0x40da0733) sub     a4, s4, a3
core   0: 3 0x80008450 (0x40da0733) x14 0x80011e64
core   0: 0x80008454 (0x01ea56b3) srl     a3, s4, t5
core   0: 3 0x80008454 (0x01ea56b3) x13 0x80011e64
core   0: 0x80008458 (0x017af7b3) and     a5, s5, s7
core   0: 3 0x80008458 (0x017af7b3) x15 0x00000000
core   0: 0x8000845c (0x4026cb93) xori    s7, a3, 1026
core   0: 3 0x8000845c (0x4026cb93) x23 0x80011a66
core   0: 0x80008460 (0x003fdc93) srli    s9, t6, 3
core   0: 3 0x80008460 (0x003fdc93) x25 0x00000000
core   0: 0x80008464 (0x4975fe93) andi    t4, a1, 1175
core   0: 3 0x80008464 (0x4975fe93) x29 0x00000416
core   0: 0x80008468 (0x91f70f13) addi    t5, a4, -1761
core   0: 3 0x80008468 (0x91f70f13) x30 0x80011783
core   0: 0x8000846c (0x002a2833) slt     a6, s4, sp
core   0: 3 0x8000846c (0x002a2833) x16 0x00000001
core   0: 0x80008470 (0x72e23c13) sltiu   s8, tp, 1838
core   0: 3 0x80008470 (0x72e23c13) x24 0x00000000
core   0: 0x80008474 (0x6ca90797) auipc   a5, 0x6ca90
core   0: 3 0x80008474 (0x6ca90797) x15 0xeca98474
core   0: 0x80008478 (0x40a4d113) srai    sp, s1, 10
core   0: 3 0x80008478 (0x40a4d113) x 2 0x001274a4
core   0: 0x8000847c (0xdb675f17) auipc   t5, 0xdb675
core   0: 3 0x8000847c (0xdb675f17) x30 0x5b67d47c
core   0: 0x80008480 (0xf9cfa297) auipc   t0, 0xf9cfa
core   0: 3 0x80008480 (0xf9cfa297) x 5 0x79d02480
core   0: 0x80008484 (0x00995193) srli    gp, s2, 9
core   0: 3 0x80008484 (0x00995193) x 3 0x00000000
core   0: 0x80008488 (0xbfc7f493) andi    s1, a5, -1028
core   0: 3 0x80008488 (0xbfc7f493) x 9 0xeca98074
core   0: 0x8000848c (0x01d69133) sll     sp, a3, t4
core   0: 3 0x8000848c (0x01d69133) x 2 0x99000000
core   0: 0x80008490 (0x016f6033) or      zero, t5, s6
core   0: 3 0x80008490 (0x016f6033)
core   0: 0x80008494 (0x0000a7b3) slt     a5, ra, zero
core   0: 3 0x80008494 (0x0000a7b3) x15 0x00000000
core   0: 0x80008498 (0x019f6033) or      zero, t5, s9
core   0: 3 0x80008498 (0x019f6033)
core   0: 0x8000849c (0xdc79b393) sltiu   t2, s3, -569
core   0: 3 0x8000849c (0xdc79b393) x 7 0x00000001
core   0: 0x800084a0 (0x35ad08b7) lui     a7, 0x35ad0
core   0: 3 0x800084a0 (0x35ad08b7) x17 0x35ad0000
core   0: 0x800084a4 (0x01500f33) add     t5, zero, s5
core   0: 3 0x800084a4 (0x01500f33) x30 0x80015ce4
core   0: 0x800084a8 (0x8c61f413) andi    s0, gp, -1850
core   0: 3 0x800084a8 (0x8c61f413) x 8 0x00000000
core   0: 0x800084ac (0x01eae5b3) or      a1, s5, t5
core   0: 3 0x800084ac (0x01eae5b3) x11 0x80015ce4
core   0: 0x800084b0 (0x429dc913) xori    s2, s11, 1065
core   0: 3 0x800084b0 (0x429dc913) x18 0x00000428
core   0: 0x800084b4 (0x00131b33) sll     s6, t1, ra
core   0: 3 0x800084b4 (0x00131b33) x22 0x80015830
core   0: 0x800084b8 (0x41a25b33) sra     s6, tp, s10
core   0: 3 0x800084b8 (0x41a25b33) x22 0x80015830
core   0: 0x800084bc (0x543ce713) ori     a4, s9, 1347
core   0: 3 0x800084bc (0x543ce713) x14 0x00000543
core   0: 0x800084c0 (0x00a85233) srl     tp, a6, a0
core   0: 3 0x800084c0 (0x00a85233) x 4 0x00000001
core   0: 0x800084c4 (0x00379133) sll     sp, a5, gp
core   0: 3 0x800084c4 (0x00379133) x 2 0x00000000
core   0: 0x800084c8 (0x40eedd13) srai    s10, t4, 14
core   0: 3 0x800084c8 (0x40eedd13) x26 0x00000000
core   0: 0x800084cc (0x014d1133) sll     sp, s10, s4
core   0: 3 0x800084cc (0x014d1133) x 2 0x00000000
core   0: 0x800084d0 (0x59083897) auipc   a7, 0x59083
core   0: 3 0x800084d0 (0x59083897) x17 0xd908b4d0
core   0: 0x800084d4 (0x002f9c13) slli    s8, t6, 2
core   0: 3 0x800084d4 (0x002f9c13) x24 0x00000000
core   0: 0x800084d8 (0x408d5c33) sra     s8, s10, s0
core   0: 3 0x800084d8 (0x408d5c33) x24 0x00000000
core   0: 0x800084dc (0x004f89b3) add     s3, t6, tp
core   0: 3 0x800084dc (0x004f89b3) x19 0x00000001
core   0: 0x800084e0 (0x01bd4733) xor     a4, s10, s11
core   0: 3 0x800084e0 (0x01bd4733) x14 0x00000001
core   0: 0x800084e4 (0xb47dc813) xori    a6, s11, -1209
core   0: 3 0x800084e4 (0xb47dc813) x16 0xfffffb46
core   0: 0x800084e8 (0xee0ab293) sltiu   t0, s5, -288
core   0: 3 0x800084e8 (0xee0ab293) x 5 0x00000001
core   0: 0x800084ec (0x01e49113) slli    sp, s1, 30
core   0: 3 0x800084ec (0x01e49113) x 2 0x00000000
core   0: 0x800084f0 (0x00000013) nop
core   0: 3 0x800084f0 (0x00000013)
core   0: 0x800084f4 (0x00000013) nop
core   0: 3 0x800084f4 (0x00000013)
core   0: 0x800084f8 (0x0080c9b3) xor     s3, ra, s0
core   0: 3 0x800084f8 (0x0080c9b3) x19 0x00000000
core   0: 0x800084fc (0x015027b3) slt     a5, zero, s5
core   0: 3 0x800084fc (0x015027b3) x15 0x00000000
core   0: 0x80008500 (0x00a56533) or      a0, a0, a0
core   0: 3 0x80008500 (0x00a56533) x10 0x00000000
core   0: 0x80008504 (0x00fe4333) xor     t1, t3, a5
core   0: 3 0x80008504 (0x00fe4333) x 6 0x00000000
core   0: 0x80008508 (0x41f602b3) sub     t0, a2, t6
core   0: 3 0x80008508 (0x41f602b3) x 5 0xef026aee
core   0: 0x8000850c (0x6b28e293) ori     t0, a7, 1714
core   0: 3 0x8000850c (0x6b28e293) x 5 0xd908b6f2
core   0: 0x80008510 (0x00ae7833) and     a6, t3, a0
core   0: 3 0x80008510 (0x00ae7833) x16 0x00000000
core   0: 0x80008514 (0x41465793) srai    a5, a2, 20
core   0: 3 0x80008514 (0x41465793) x15 0xfffffef0
core   0: 0x80008518 (0x01239d93) slli    s11, t2, 18
core   0: 3 0x80008518 (0x01239d93) x27 0x00040000
core   0: 0x8000851c (0x28266993) ori     s3, a2, 642
core   0: 3 0x8000851c (0x28266993) x19 0xef026aee
core   0: 0x80008520 (0x5631c293) xori    t0, gp, 1379
core   0: 3 0x80008520 (0x5631c293) x 5 0x00000563
core   0: 0x80008524 (0x00d83fb3) sltu    t6, a6, a3
core   0: 3 0x80008524 (0x00d83fb3) x31 0x00000001
core   0: 0x80008528 (0x39a6e293) ori     t0, a3, 922
core   0: 3 0x80008528 (0x39a6e293) x 5 0x80011ffe
core   0: 0x8000852c (0x004d9f13) slli    t5, s11, 4
core   0: 3 0x8000852c (0x004d9f13) x30 0x00400000
core   0: 0x80008530 (0x00000013) nop
core   0: 3 0x80008530 (0x00000013)
core   0: 0x80008534 (0x000d64b3) or      s1, s10, zero
core   0: 3 0x80008534 (0x000d64b3) x 9 0x00000000
core   0: 0x80008538 (0x59dc4e13) xori    t3, s8, 1437
core   0: 3 0x80008538 (0x59dc4e13) x28 0x0000059d
core   0: 0x8000853c (0x0138a1b3) slt     gp, a7, s3
core   0: 3 0x8000853c (0x0138a1b3) x 3 0x00000001
core   0: 0x80008540 (0x01131cb3) sll     s9, t1, a7
core   0: 3 0x80008540 (0x01131cb3) x25 0x00000000
core   0: 0x80008544 (0x00914433) xor     s0, sp, s1
core   0: 3 0x80008544 (0x00914433) x 8 0x00000000
core   0: 0x80008548 (0x05d72b93) slti    s7, a4, 93
core   0: 3 0x80008548 (0x05d72b93) x23 0x00000001
core   0: 0x8000854c (0x9ddaf113) andi    sp, s5, -1571
core   0: 3 0x8000854c (0x9ddaf113) x 2 0x800158c4
core   0: 0x80008550 (0x01e62eb3) slt     t4, a2, t5
core   0: 3 0x80008550 (0x01e62eb3) x29 0x00000001
core   0: 0x80008554 (0x01a73733) sltu    a4, a4, s10
core   0: 3 0x80008554 (0x01a73733) x14 0x00000000
core   0: 0x80008558 (0x013a5c33) srl     s8, s4, s3
core   0: 3 0x80008558 (0x013a5c33) x24 0x00020004
core   0: 0x8000855c (0x883a8c97) auipc   s9, 0x883a8
core   0: 3 0x8000855c (0x883a8c97) x25 0x083b055c
core   0: 0x80008560 (0x5ade4d13) xori    s10, t3, 1453
core   0: 3 0x80008560 (0x5ade4d13) x26 0x00000030
core   0: 0x80008564 (0x01f8d413) srli    s0, a7, 31
core   0: 3 0x80008564 (0x01f8d413) x 8 0x00000001
core   0: 0x80008568 (0x00b9fe33) and     t3, s3, a1
core   0: 3 0x80008568 (0x00b9fe33) x28 0x800048e4
core   0: 0x8000856c (0x36fec997) auipc   s3, 0x36fec
core   0: 3 0x8000856c (0x36fec997) x19 0xb6ff456c
core   0: 0x80008570 (0x709d3f93) sltiu   t6, s10, 1801
core   0: 3 0x80008570 (0x709d3f93) x31 0x00000001
core   0: 0x80008574 (0x00b79233) sll     tp, a5, a1
core   0: 3 0x80008574 (0x00b79233) x 4 0xffffef00
core   0: 0x80008578 (0x406dd533) sra     a0, s11, t1
core   0: 3 0x80008578 (0x406dd533) x10 0x00040000
core   0: 0x8000857c (0x97a3c037) lui     zero, 0x97a3c
core   0: 3 0x8000857c (0x97a3c037)
core   0: 0x80008580 (0x5db83113) sltiu   sp, a6, 1499
core   0: 3 0x80008580 (0x5db83113) x 2 0x00000001
core   0: 0x80008584 (0x00dad6b3) srl     a3, s5, a3
core   0: 3 0x80008584 (0x00dad6b3) x13 0x080015ce
core   0: 0x80008588 (0x00a750b3) srl     ra, a4, a0
core   0: 3 0x80008588 (0x00a750b3) x 1 0x00000000
core   0: 0x8000858c (0x00abee33) or      t3, s7, a0
core   0: 3 0x8000858c (0x00abee33) x28 0x00040001
core   0: 0x80008590 (0xf8c08293) addi    t0, ra, -116
core   0: 3 0x80008590 (0xf8c08293) x 5 0xffffff8c
core   0: 0x80008594 (0x0118d2b3) srl     t0, a7, a7
core   0: 3 0x80008594 (0x0118d2b3) x 5 0x0000d908
core   0: 0x80008598 (0xa0378797) auipc   a5, 0xa0378
core   0: 3 0x80008598 (0xa0378797) x15 0x20380598
core   0: 0x8000859c (0x00779c33) sll     s8, a5, t2
core   0: 3 0x8000859c (0x00779c33) x24 0x40700b30
core   0: 0x800085a0 (0x01a2c433) xor     s0, t0, s10
core   0: 3 0x800085a0 (0x01a2c433) x 8 0x0000d938
core   0: 0x800085a4 (0x005a1b13) slli    s6, s4, 5
core   0: 3 0x800085a4 (0x005a1b13) x22 0x0023cc80
core   0: 0x800085a8 (0x41c6d493) srai    s1, a3, 28
core   0: 3 0x800085a8 (0x41c6d493) x 9 0x00000000
core   0: 0x800085ac (0x6b61d237) lui     tp, 0x6b61d
core   0: 3 0x800085ac (0x6b61d237) x 4 0x6b61d000
core   0: 0x800085b0 (0x00000413) li      s0, 0
core   0: 3 0x800085b0 (0x00000413) x 8 0x00000000
core   0: 0x800085b4 (0x80000fb7) lui     t6, 0x80000
core   0: 3 0x800085b4 (0x80000fb7) x31 0x80000000
core   0: 0x800085b8 (0x80000db7) lui     s11, 0x80000
core   0: 3 0x800085b8 (0x80000db7) x27 0x80000000
core   0: 0x800085bc (0xfff00c93) li      s9, -1
core   0: 3 0x800085bc (0xfff00c93) x25 0xffffffff
core   0: 0x800085c0 (0x800008b7) lui     a7, 0x80000
core   0: 3 0x800085c0 (0x800008b7) x17 0x80000000
core   0: 0x800085c4 (0xfff00b13) li      s6, -1
core   0: 3 0x800085c4 (0xfff00b13) x22 0xffffffff
core   0: 0x800085c8 (0xfff00113) li      sp, -1
core   0: 3 0x800085c8 (0xfff00113) x 2 0xffffffff
core   0: 0x800085cc (0x1b04b4b7) lui     s1, 0x1b04b
core   0: 3 0x800085cc (0x1b04b4b7) x 9 0x1b04b000
core   0: 0x800085d0 (0x49548493) addi    s1, s1, 1173
core   0: 3 0x800085d0 (0x49548493) x 9 0x1b04b495
core   0: 0x800085d4 (0xb0318837) lui     a6, 0xb0318
core   0: 3 0x800085d4 (0xb0318837) x16 0xb0318000
core   0: 0x800085d8 (0x05c80813) addi    a6, a6, 92
core   0: 3 0x800085d8 (0x05c80813) x16 0xb031805c
core   0: 0x800085dc (0x80000c37) lui     s8, 0x80000
core   0: 3 0x800085dc (0x80000c37) x24 0x80000000
core   0: 0x800085e0 (0x8efd7897) auipc   a7, 0x8efd7
core   0: 3 0x800085e0 (0x8efd7897) x17 0x0efdf5e0
core   0: 0x800085e4 (0x14242db7) lui     s11, 0x14242
core   0: 3 0x800085e4 (0x14242db7) x27 0x14242000
core   0: 0x800085e8 (0xb47e7b17) auipc   s6, 0xb47e7
core   0: 3 0x800085e8 (0xb47e7b17) x22 0x347ef5e8
core   0: 0x800085ec (0xc54a7137) lui     sp, 0xc54a7
core   0: 3 0x800085ec (0xc54a7137) x 2 0xc54a7000
core   0: 0x800085f0 (0x1a048813) addi    a6, s1, 416
core   0: 3 0x800085f0 (0x1a048813) x16 0x1b04b635
core   0: 0x800085f4 (0x00000013) nop
core   0: 3 0x800085f4 (0x00000013)
core   0: 0x800085f8 (0xc2248413) addi    s0, s1, -990
core   0: 3 0x800085f8 (0xc2248413) x 8 0x1b04b0b7
core   0: 0x800085fc (0xf11b0f93) addi    t6, s6, -239
core   0: 3 0x800085fc (0xf11b0f93) x31 0x347ef4f9
core   0: 0x80008600 (0x00000013) nop
core   0: 3 0x80008600 (0x00000013)
core   0: 0x80008604 (0x7736cdb7) lui     s11, 0x7736c
core   0: 3 0x80008604 (0x7736cdb7) x27 0x7736c000
core   0: 0x80008608 (0xe67b08b7) lui     a7, 0xe67b0
core   0: 3 0x80008608 (0xe67b08b7) x17 0xe67b0000
core   0: 0x8000860c (0xb216c897) auipc   a7, 0xb216c
core   0: 3 0x8000860c (0xb216c897) x17 0x3217460c
core   0: 0x80008610 (0x0c9b0b13) addi    s6, s6, 201
core   0: 3 0x80008610 (0x0c9b0b13) x22 0x347ef6b1
core   0: 0x80008614 (0x411c8133) sub     sp, s9, a7
core   0: 3 0x80008614 (0x411c8133) x 2 0xcde8b9f3
core   0: 0x80008618 (0x00000013) nop
core   0: 3 0x80008618 (0x00000013)
core   0: 0x8000861c (0x409f8b33) sub     s6, t6, s1
core   0: 3 0x8000861c (0x409f8b33) x22 0x197a4064
core   0: 0x80008620 (0x40288fb3) sub     t6, a7, sp
core   0: 3 0x80008620 (0x40288fb3) x31 0x642e8c19
core   0: 0x80008624 (0x41bf8fb3) sub     t6, t6, s11
core   0: 3 0x80008624 (0x41bf8fb3) x31 0xecf7cc19
core   0: 0x80008628 (0x00000013) nop
core   0: 3 0x80008628 (0x00000013)
core   0: 0x8000862c (0x3ca63897) auipc   a7, 0x3ca63
core   0: 3 0x8000862c (0x3ca63897) x17 0xbca6b62c
core   0: 0x80008630 (0x008484b3) add     s1, s1, s0
core   0: 3 0x80008630 (0x008484b3) x 9 0x3609654c
core   0: 0x80008634 (0x944ef137) lui     sp, 0x944ef
core   0: 3 0x80008634 (0x944ef137) x 2 0x944ef000
core   0: 0x80008638 (0x00f72b33) slt     s6, a4, a5
core   0: 3 0x80008638 (0x00f72b33) x22 0x00000001
core   0: 0x8000863c (0xbba32193) slti    gp, t1, -1094
core   0: 3 0x8000863c (0xbba32193) x 3 0x00000000
core   0: 0x80008640 (0x1e877513) andi    a0, a4, 488
core   0: 3 0x80008640 (0x1e877513) x10 0x00000000
core   0: 0x80008644 (0x401a5b93) srai    s7, s4, 1
core   0: 3 0x80008644 (0x401a5b93) x23 0xc0008f32
core   0: 0x80008648 (0x003c8fb3) add     t6, s9, gp
core   0: 3 0x80008648 (0x003c8fb3) x31 0xffffffff
core   0: 0x8000864c (0x00e9d933) srl     s2, s3, a4
core   0: 3 0x8000864c (0x00e9d933) x18 0xb6ff456c
core   0: 0x80008650 (0x0040cfb3) xor     t6, ra, tp
core   0: 3 0x80008650 (0x0040cfb3) x31 0x6b61d000
core   0: 0x80008654 (0x9d88c717) auipc   a4, 0x9d88c
core   0: 3 0x80008654 (0x9d88c717) x14 0x1d894654
core   0: 0x80008658 (0x415a5d33) sra     s10, s4, s5
core   0: 3 0x80008658 (0x415a5d33) x26 0xf80011e6
core   0: 0x8000865c (0x005c92b3) sll     t0, s9, t0
core   0: 3 0x8000865c (0x005c92b3) x 5 0xffffff00
core   0: 0x80008660 (0xc36f0693) addi    a3, t5, -970
core   0: 3 0x80008660 (0xc36f0693) x13 0x003ffc36
core   0: 0x80008664 (0x01aa7733) and     a4, s4, s10
core   0: 3 0x80008664 (0x01aa7733) x14 0x80001064
core   0: 0x80008668 (0x40ee8833) sub     a6, t4, a4
core   0: 3 0x80008668 (0x40ee8833) x16 0x7fffef9d
core   0: 0x8000866c (0x01a81293) slli    t0, a6, 26
core   0: 3 0x8000866c (0x01a81293) x 5 0x74000000
core   0: 0x80008670 (0x003348b3) xor     a7, t1, gp
core   0: 3 0x80008670 (0x003348b3) x17 0x00000000
core   0: 0x80008674 (0x01eeddb3) srl     s11, t4, t5
core   0: 3 0x80008674 (0x01eeddb3) x27 0x00000001
core   0: 0x80008678 (0xba553e13) sltiu   t3, a0, -1115
core   0: 3 0x80008678 (0xba553e13) x28 0x00000001
core   0: 0x8000867c (0x019ccf33) xor     t5, s9, s9
core   0: 3 0x8000867c (0x019ccf33) x30 0x00000000
core   0: 0x80008680 (0x019cdc33) srl     s8, s9, s9
core   0: 3 0x80008680 (0x019cdc33) x24 0x00000001
core   0: 0x80008684 (0x01955533) srl     a0, a0, s9
core   0: 3 0x80008684 (0x01955533) x10 0x00000000
core   0: 0x80008688 (0x0a347813) andi    a6, s0, 163
core   0: 3 0x80008688 (0x0a347813) x16 0x000000a3
core   0: 0x8000868c (0x61db58b7) lui     a7, 0x61db5
core   0: 3 0x8000868c (0x61db58b7) x17 0x61db5000
core   0: 0x80008690 (0x3e47ce93) xori    t4, a5, 996
core   0: 3 0x80008690 (0x3e47ce93) x29 0x2038067c
core   0: 0x80008694 (0x0074b033) sltu    zero, s1, t2
core   0: 3 0x80008694 (0x0074b033)
core   0: 0x80008698 (0x6605c093) xori    ra, a1, 1632
core   0: 3 0x80008698 (0x6605c093) x 1 0x80015a84
core   0: 0x8000869c (0x756c2993) slti    s3, s8, 1878
core   0: 3 0x8000869c (0x756c2993) x19 0x00000001
core   0: 0x800086a0 (0x00b6a5b3) slt     a1, a3, a1
core   0: 3 0x800086a0 (0x00b6a5b3) x11 0x00000000
core   0: 0x800086a4 (0x41d5d833) sra     a6, a1, t4
core   0: 3 0x800086a4 (0x41d5d833) x16 0x00000000
core   0: 0x800086a8 (0x00ae6833) or      a6, t3, a0
core   0: 3 0x800086a8 (0x00ae6833) x16 0x00000001
core   0: 0x800086ac (0xb557fb93) andi    s7, a5, -1195
core   0: 3 0x800086ac (0xb557fb93) x23 0x20380110
core   0: 0x800086b0 (0x000e8cb3) add     s9, t4, zero
core   0: 3 0x800086b0 (0x000e8cb3) x25 0x2038067c
core   0: 0x800086b4 (0xd5f77013) andi    zero, a4, -673
core   0: 3 0x800086b4 (0xd5f77013)
core   0: 0x800086b8 (0x41e6d413) srai    s0, a3, 30
core   0: 3 0x800086b8 (0x41e6d413) x 8 0x00000000
core   0: 0x800086bc (0xcbcd3513) sltiu   a0, s10, -836
core   0: 3 0x800086bc (0xcbcd3513) x10 0x00000001
core   0: 0x800086c0 (0x01b0c5b3) xor     a1, ra, s11
core   0: 3 0x800086c0 (0x01b0c5b3) x11 0x80015a85
core   0: 0x800086c4 (0x55e38193) addi    gp, t2, 1374
core   0: 3 0x800086c4 (0x55e38193) x 3 0x0000055f
core   0: 0x800086c8 (0x00000013) nop
core   0: 3 0x800086c8 (0x00000013)
core   0: 0x800086cc (0x004144b3) xor     s1, sp, tp
core   0: 3 0x800086cc (0x004144b3) x 9 0xff2f2000
core   0: 0x800086d0 (0xf33ffb37) lui     s6, 0xf33ff
core   0: 3 0x800086d0 (0xf33ffb37) x22 0xf33ff000
core   0: 0x800086d4 (0x011a40b3) xor     ra, s4, a7
core   0: 3 0x800086d4 (0x011a40b3) x 1 0xe1da4e64
core   0: 0x800086d8 (0x00a83133) sltu    sp, a6, a0
core   0: 3 0x800086d8 (0x00a83133) x 2 0x00000000
core   0: 0x800086dc (0x7fa30113) addi    sp, t1, 2042
core   0: 3 0x800086dc (0x7fa30113) x 2 0x000007fa
core   0: 0x800086e0 (0x0012b6b3) sltu    a3, t0, ra
core   0: 3 0x800086e0 (0x0012b6b3) x13 0x00000001
core   0: 0x800086e4 (0x01bc5cb3) srl     s9, s8, s11
core   0: 3 0x800086e4 (0x01bc5cb3) x25 0x00000000
core   0: 0x800086e8 (0x40d7d333) sra     t1, a5, a3
core   0: 3 0x800086e8 (0x40d7d333) x 6 0x101c02cc
core   0: 0x800086ec (0x40c2d1b3) sra     gp, t0, a2
core   0: 3 0x800086ec (0x40c2d1b3) x 3 0x0001d000
core   0: 0x800086f0 (0x002e7f33) and     t5, t3, sp
core   0: 3 0x800086f0 (0x002e7f33) x30 0x00000000
core   0: 0x800086f4 (0x01b8b5b3) sltu    a1, a7, s11
core   0: 3 0x800086f4 (0x01b8b5b3) x11 0x00000000
core   0: 0x800086f8 (0x01bc79b3) and     s3, s8, s11
core   0: 3 0x800086f8 (0x01bc79b3) x19 0x00000001
core   0: 0x800086fc (0x00f3b0b3) sltu    ra, t2, a5
core   0: 3 0x800086fc (0x00f3b0b3) x 1 0x00000001
core   0: 0x80008700 (0xc5e12813) slti    a6, sp, -930
core   0: 3 0x80008700 (0xc5e12813) x16 0x00000000
core   0: 0x80008704 (0x00e076b3) and     a3, zero, a4
core   0: 3 0x80008704 (0x00e076b3) x13 0x00000000
core   0: 0x80008708 (0x40888133) sub     sp, a7, s0
core   0: 3 0x80008708 (0x40888133) x 2 0x61db5000
core   0: 0x8000870c (0x01b5d513) srli    a0, a1, 27
core   0: 3 0x8000870c (0x01b5d513) x10 0x00000000
core   0: 0x80008710 (0x78cbe413) ori     s0, s7, 1932
core   0: 3 0x80008710 (0x78cbe413) x 8 0x2038079c
core   0: 0x80008714 (0xb196b997) auipc   s3, 0xb196b
core   0: 3 0x80008714 (0xb196b997) x19 0x31973714
core   0: 0x80008718 (0x4148d933) sra     s2, a7, s4
core   0: 3 0x80008718 (0x4148d933) x18 0x061db500
core   0: 0x8000871c (0xf5690693) addi    a3, s2, -170
core   0: 3 0x8000871c (0xf5690693) x13 0x061db456
core   0: 0x80008720 (0x21e50e93) addi    t4, a0, 542
core   0: 3 0x80008720 (0x21e50e93) x29 0x0000021e
core   0: 0x80008724 (0x316fd597) auipc   a1, 0x316fd
core   0: 3 0x80008724 (0x316fd597) x11 0xb1705724
core   0: 0x80008728 (0x01b421b3) slt     gp, s0, s11
core   0: 3 0x80008728 (0x01b421b3) x 3 0x00000000
core   0: 0x8000872c (0x011b9b13) slli    s6, s7, 17
core   0: 3 0x8000872c (0x011b9b13) x22 0x02200000
core   0: 0x80008730 (0x79576b37) lui     s6, 0x79576
core   0: 3 0x80008730 (0x79576b37) x22 0x79576000
core   0: 0x80008734 (0xffa1b037) lui     zero, 0xffa1b
core   0: 3 0x80008734 (0xffa1b037)
core   0: 0x80008738 (0x676e7013) andi    zero, t3, 1654
core   0: 3 0x80008738 (0x676e7013)
core   0: 0x8000873c (0x411f05b3) sub     a1, t5, a7
core   0: 3 0x8000873c (0x411f05b3) x11 0x9e24b000
core   0: 0x80008740 (0x01acec33) or      s8, s9, s10
core   0: 3 0x80008740 (0x01acec33) x24 0xf80011e6
core   0: 0x80008744 (0x41a8d7b3) sra     a5, a7, s10
core   0: 3 0x80008744 (0x41a8d7b3) x15 0x01876d40
core   0: 0x80008748 (0x035a3137) lui     sp, 0x35a3
core   0: 3 0x80008748 (0x035a3137) x 2 0x035a3000
core   0: 0x8000874c (0x00cfbeb3) sltu    t4, t6, a2
core   0: 3 0x8000874c (0x00cfbeb3) x29 0x00000001
core   0: 0x80008750 (0x401d87b3) sub     a5, s11, ra
core   0: 3 0x80008750 (0x401d87b3) x15 0x00000000
core   0: 0x80008754 (0x0131eeb3) or      t4, gp, s3
core   0: 3 0x80008754 (0x0131eeb3) x29 0x31973714
core   0: 0x80008758 (0x0192cdb3) xor     s11, t0, s9
core   0: 3 0x80008758 (0x0192cdb3) x27 0x74000000
core   0: 0x8000875c (0x00fe9233) sll     tp, t4, a5
core   0: 3 0x8000875c (0x00fe9233) x 4 0x31973714
core   0: 0x80008760 (0xdac84013) xori    zero, a6, -596
core   0: 3 0x80008760 (0xdac84013)
core   0: 0x80008764 (0x01c0c2b3) xor     t0, ra, t3
core   0: 3 0x80008764 (0x01c0c2b3) x 5 0x00000000
core   0: 0x80008768 (0x002dfb33) and     s6, s11, sp
core   0: 3 0x80008768 (0x002dfb33) x22 0x00000000
core   0: 0x8000876c (0xa2bbe293) ori     t0, s7, -1493
core   0: 3 0x8000876c (0xa2bbe293) x 5 0xfffffb3b
core   0: 0x80008770 (0x00811913) slli    s2, sp, 8
core   0: 3 0x80008770 (0x00811913) x18 0x5a300000
core   0: 0x80008774 (0x012152b3) srl     t0, sp, s2
core   0: 3 0x80008774 (0x012152b3) x 5 0x035a3000
core   0: 0x80008778 (0x01c5d333) srl     t1, a1, t3
core   0: 3 0x80008778 (0x01c5d333) x 6 0x4f125800
core   0: 0x8000877c (0x015935b3) sltu    a1, s2, s5
core   0: 3 0x8000877c (0x015935b3) x11 0x00000001
core   0: 0x80008780 (0x015803b3) add     t2, a6, s5
core   0: 3 0x80008780 (0x015803b3) x 7 0x80015ce4
core   0: 0x80008784 (0x47314813) xori    a6, sp, 1139
core   0: 3 0x80008784 (0x47314813) x16 0x035a3473
core   0: 0x80008788 (0xed23ac97) auipc   s9, 0xed23a
core   0: 3 0x80008788 (0xed23ac97) x25 0x6d242788
core   0: 0x8000878c (0x41205f93) srai    t6, zero, 18
core   0: 3 0x8000878c (0x41205f93) x31 0x00000000
core   0: 0x80008790 (0xcdaf0113) addi    sp, t5, -806
core   0: 3 0x80008790 (0xcdaf0113) x 2 0xfffffcda
core   0: 0x80008794 (0xbb1efd17) auipc   s10, 0xbb1ef
core   0: 3 0x80008794 (0xbb1efd17) x26 0x3b1f7794
core   0: 0x80008798 (0x00a4d693) srli    a3, s1, 10
core   0: 3 0x80008798 (0x00a4d693) x13 0x003fcbc8
core   0: 0x8000879c (0x011b9b93) slli    s7, s7, 17
core   0: 3 0x8000879c (0x011b9b93) x23 0x02200000
core   0: 0x800087a0 (0x018c78b3) and     a7, s8, s8
core   0: 3 0x800087a0 (0x018c78b3) x17 0xf80011e6
core   0: 0x800087a4 (0x9d0f2013) slti    zero, t5, -1584
core   0: 3 0x800087a4 (0x9d0f2013)
core   0: 0x800087a8 (0xed9bb317) auipc   t1, 0xed9bb
core   0: 3 0x800087a8 (0xed9bb317) x 6 0x6d9c37a8
core   0: 0x800087ac (0x40a15393) srai    t2, sp, 10
core   0: 3 0x800087ac (0x40a15393) x 7 0xffffffff
core   0: 0x800087b0 (0x018d58b3) srl     a7, s10, s8
core   0: 3 0x800087b0 (0x018d58b3) x17 0x00ec7dde
core   0: 0x800087b4 (0x7aa66813) ori     a6, a2, 1962
core   0: 3 0x800087b4 (0x7aa66813) x16 0xef026fee
core   0: 0x800087b8 (0x08adce13) xori    t3, s11, 138
core   0: 3 0x800087b8 (0x08adce13) x28 0x7400008a
core   0: 0x800087bc (0x453cc193) xori    gp, s9, 1107
core   0: 3 0x800087bc (0x453cc193) x 3 0x6d2423db
core   0: 0x800087c0 (0x008940b3) xor     ra, s2, s0
core   0: 3 0x800087c0 (0x008940b3) x 1 0x7a08079c
core   0: 0x800087c4 (0x00a0c833) xor     a6, ra, a0
core   0: 3 0x800087c4 (0x00a0c833) x16 0x7a08079c
core   0: 0x800087c8 (0xeccbf8b7) lui     a7, 0xeccbf
core   0: 3 0x800087c8 (0xeccbf8b7) x17 0xeccbf000
core   0: 0x800087cc (0x0011b333) sltu    t1, gp, ra
core   0: 3 0x800087cc (0x0011b333) x 6 0x00000001
core   0: 0x800087d0 (0x01391fb3) sll     t6, s2, s3
core   0: 3 0x800087d0 (0x01391fb3) x31 0x00000000
core   0: 0x800087d4 (0x01249433) sll     s0, s1, s2
core   0: 3 0x800087d4 (0x01249433) x 8 0xff2f2000
core   0: 0x800087d8 (0x011aeb33) or      s6, s5, a7
core   0: 3 0x800087d8 (0x011aeb33) x22 0xeccbfce4
core   0: 0x800087dc (0x0127e533) or      a0, a5, s2
core   0: 3 0x800087dc (0x0127e533) x10 0x5a300000
core   0: 0x800087e0 (0x011e13b3) sll     t2, t3, a7
core   0: 3 0x800087e0 (0x011e13b3) x 7 0x7400008a
core   0: 0x800087e4 (0x96cc0693) addi    a3, s8, -1684
core   0: 3 0x800087e4 (0x96cc0693) x13 0xf8000b52
core   0: 0x800087e8 (0x0058dd13) srli    s10, a7, 5
core   0: 3 0x800087e8 (0x0058dd13) x26 0x07665f80
core   0: 0x800087ec (0x104c2293) slti    t0, s8, 260
core   0: 3 0x800087ec (0x104c2293) x 5 0x00000001
core   0: 0x800087f0 (0x0065ae33) slt     t3, a1, t1
core   0: 3 0x800087f0 (0x0065ae33) x28 0x00000000
core   0: 0x800087f4 (0x40c70433) sub     s0, a4, a2
core   0: 3 0x800087f4 (0x40c70433) x 8 0x90fda576
core   0: 0x800087f8 (0x01c3ae33) slt     t3, t2, t3
core   0: 3 0x800087f8 (0x01c3ae33) x28 0x00000000
core   0: 0x800087fc (0x0071b0b3) sltu    ra, gp, t2
core   0: 3 0x800087fc (0x0071b0b3) x 1 0x00000001
core   0: 0x80008800 (0x00f65c33) srl     s8, a2, a5
core   0: 3 0x80008800 (0x00f65c33) x24 0xef026aee
core   0: 0x80008804 (0x3b7f3d97) auipc   s11, 0x3b7f3
core   0: 3 0x80008804 (0x3b7f3d97) x27 0xbb7fb804
core   0: 0x80008808 (0x00076333) or      t1, a4, zero
core   0: 3 0x80008808 (0x00076333) x 6 0x80001064
core   0: 0x8000880c (0xae7a6013) ori     zero, s4, -1305
core   0: 3 0x8000880c (0xae7a6013)
core   0: 0x80008810 (0x41dfdeb3) sra     t4, t6, t4
core   0: 3 0x80008810 (0x41dfdeb3) x29 0x00000000
core   0: 0x80008814 (0xe56fd417) auipc   s0, 0xe56fd
core   0: 3 0x80008814 (0xe56fd417) x 8 0x65705814
core   0: 0x80008818 (0x00000013) nop
core   0: 3 0x80008818 (0x00000013)
core   0: 0x8000881c (0x4f22ec93) ori     s9, t0, 1266
core   0: 3 0x8000881c (0x4f22ec93) x25 0x000004f3
core   0: 0x80008820 (0x1d046113) ori     sp, s0, 464
core   0: 3 0x80008820 (0x1d046113) x 2 0x657059d4
core   0: 0x80008824 (0x001cdc13) srli    s8, s9, 1
core   0: 3 0x80008824 (0x001cdc13) x24 0x00000279
core   0: 0x80008828 (0x000858b3) srl     a7, a6, zero
core   0: 3 0x80008828 (0x000858b3) x17 0x7a08079c
core   0: 0x8000882c (0x00f31213) slli    tp, t1, 15
core   0: 3 0x8000882c (0x00f31213) x 4 0x08320000
core   0: 0x80008830 (0x73b48213) addi    tp, s1, 1851
core   0: 3 0x80008830 (0x73b48213) x 4 0xff2f273b
core   0: 0x80008834 (0x00e3a3b3) slt     t2, t2, a4
core   0: 3 0x80008834 (0x00e3a3b3) x 7 0x00000000
core   0: 0x80008838 (0x406d5113) srai    sp, s10, 6
core   0: 3 0x80008838 (0x406d5113) x 2 0x001d997e
core   0: 0x8000883c (0x41135533) sra     a0, t1, a7
core   0: 3 0x8000883c (0x41135533) x10 0xfffffff8
core   0: 0x80008840 (0x41450833) sub     a6, a0, s4
core   0: 3 0x80008840 (0x41450833) x16 0x7ffee194
core   0: 0x80008844 (0x015f3fb3) sltu    t6, t5, s5
core   0: 3 0x80008844 (0x015f3fb3) x31 0x00000001
core   0: 0x80008848 (0xbf38e113) ori     sp, a7, -1037
core   0: 3 0x80008848 (0xbf38e113) x 2 0xffffffff
core   0: 0x8000884c (0x414e0d33) sub     s10, t3, s4
core   0: 3 0x8000884c (0x414e0d33) x26 0x7ffee19c
core   0: 0x80008850 (0xd1c64893) xori    a7, a2, -740
core   0: 3 0x80008850 (0xd1c64893) x17 0x10fd97f2
core   0: 0x80008854 (0x4121d433) sra     s0, gp, s2
core   0: 3 0x80008854 (0x4121d433) x 8 0x6d2423db
core   0: 0x80008858 (0x0184d6b3) srl     a3, s1, s8
core   0: 3 0x80008858 (0x0184d6b3) x13 0x0000007f
core   0: 0x8000885c (0x017293b3) sll     t2, t0, s7
core   0: 3 0x8000885c (0x017293b3) x 7 0x00000001
core   0: 0x80008860 (0x00791cb3) sll     s9, s2, t2
core   0: 3 0x80008860 (0x00791cb3) x25 0xb4600000
core   0: 0x80008864 (0x4091d0b3) sra     ra, gp, s1
core   0: 3 0x80008864 (0x4091d0b3) x 1 0x6d2423db
core   0: 0x80008868 (0x402ad113) srai    sp, s5, 2
core   0: 3 0x80008868 (0x402ad113) x 2 0xe0005739
core   0: 0x8000886c (0x008b6433) or      s0, s6, s0
core   0: 3 0x8000886c (0x008b6433) x 8 0xedefffff
core   0: 0x80008870 (0x011ef2b3) and     t0, t4, a7
core   0: 3 0x80008870 (0x011ef2b3) x 5 0x00000000
core   0: 0x80008874 (0xabc66793) ori     a5, a2, -1348
core   0: 3 0x80008874 (0xabc66793) x15 0xfffffafe
core   0: 0x80008878 (0x4134df93) srai    t6, s1, 19
core   0: 3 0x80008878 (0x4134df93) x31 0xffffffe5
core   0: 0x8000887c (0x41198433) sub     s0, s3, a7
core   0: 3 0x8000887c (0x41198433) x 8 0x20999f22
core   0: 0x80008880 (0x00d2d3b3) srl     t2, t0, a3
core   0: 3 0x80008880 (0x00d2d3b3) x 7 0x00000000
core   0: 0x80008884 (0xf3b00e93) li      t4, -197
core   0: 3 0x80008884 (0xf3b00e93) x29 0xffffff3b
core   0: 0x80008888 (0x00eb77b3) and     a5, s6, a4
core   0: 3 0x80008888 (0x00eb77b3) x15 0x80001064
core   0: 0x8000888c (0x01ec1133) sll     sp, s8, t5
core   0: 3 0x8000888c (0x01ec1133) x 2 0x00000279
core   0: 0x80008890 (0x01a34133) xor     sp, t1, s10
core   0: 3 0x80008890 (0x01a34133) x 2 0xfffef1f8
core   0: 0x80008894 (0x01765893) srli    a7, a2, 23
core   0: 3 0x80008894 (0x01765893) x17 0x000001de
core   0: 0x80008898 (0x0003a3b3) slt     t2, t2, zero
core   0: 3 0x80008898 (0x0003a3b3) x 7 0x00000000
core   0: 0x8000889c (0x01e57233) and     tp, a0, t5
core   0: 3 0x8000889c (0x01e57233) x 4 0x00000000
core   0: 0x800088a0 (0x0162feb3) and     t4, t0, s6
core   0: 3 0x800088a0 (0x0162feb3) x29 0x00000000
core   0: 0x800088a4 (0x0061d313) srli    t1, gp, 6
core   0: 3 0x800088a4 (0x0061d313) x 6 0x01b4908f
core   0: 0x800088a8 (0x93f7a513) slti    a0, a5, -1729
core   0: 3 0x800088a8 (0x93f7a513) x10 0x00000001
core   0: 0x800088ac (0x003769b3) or      s3, a4, gp
core   0: 3 0x800088ac (0x003769b3) x19 0xed2433ff
core   0: 0x800088b0 (0x1864e093) ori     ra, s1, 390
core   0: 3 0x800088b0 (0x1864e093) x 1 0xff2f2186
core   0: 0x800088b4 (0x01762d33) slt     s10, a2, s7
core   0: 3 0x800088b4 (0x01762d33) x26 0x00000001
core   0: 0x800088b8 (0x00c8e533) or      a0, a7, a2
core   0: 3 0x800088b8 (0x00c8e533) x10 0xef026bfe
core   0: 0x800088bc (0x40ad2c93) slti    s9, s10, 1034
core   0: 3 0x800088bc (0x40ad2c93) x25 0x00000001
core   0: 0x800088c0 (0x00222833) slt     a6, tp, sp
core   0: 3 0x800088c0 (0x00222833) x16 0x00000000
core   0: 0x800088c4 (0x00ab6cb3) or      s9, s6, a0
core   0: 3 0x800088c4 (0x00ab6cb3) x25 0xefcbfffe
core   0: 0x800088c8 (0x00856933) or      s2, a0, s0
core   0: 3 0x800088c8 (0x00856933) x18 0xef9bfffe
core   0: 0x800088cc (0x015c0fb3) add     t6, s8, s5
core   0: 3 0x800088cc (0x015c0fb3) x31 0x80015f5d
core   0: 0x800088d0 (0x0046b033) sltu    zero, a3, tp
core   0: 3 0x800088d0 (0x0046b033)
core   0: 0x800088d4 (0x53302f13) slti    t5, zero, 1331
core   0: 3 0x800088d4 (0x53302f13) x30 0x00000001
core   0: 0x800088d8 (0x01529f13) slli    t5, t0, 21
core   0: 3 0x800088d8 (0x01529f13) x30 0x00000000
core   0: 0x800088dc (0x01cd1293) slli    t0, s10, 28
core   0: 3 0x800088dc (0x01cd1293) x 5 0x10000000
core   0: 0x800088e0 (0x414e0533) sub     a0, t3, s4
core   0: 3 0x800088e0 (0x414e0533) x10 0x7ffee19c
core   0: 0x800088e4 (0x0073bb33) sltu    s6, t2, t2
core   0: 3 0x800088e4 (0x0073bb33) x22 0x00000000
core   0: 0x800088e8 (0xd2183d13) sltiu   s10, a6, -735
core   0: 3 0x800088e8 (0xd2183d13) x26 0x00000001
core   0: 0x800088ec (0x008092b3) sll     t0, ra, s0
core   0: 3 0x800088ec (0x008092b3) x 5 0xfcbc8618
core   0: 0x800088f0 (0x00000013) nop
core   0: 3 0x800088f0 (0x00000013)
core   0: 0x800088f4 (0x006b0e33) add     t3, s6, t1
core   0: 3 0x800088f4 (0x006b0e33) x28 0x01b4908f
core   0: 0x800088f8 (0x01641933) sll     s2, s0, s6
core   0: 3 0x800088f8 (0x01641933) x18 0x20999f22
core   0: 0x800088fc (0x01a55f33) srl     t5, a0, s10
core   0: 3 0x800088fc (0x01a55f33) x30 0x3fff70ce
core   0: 0x80008900 (0x404f8cb3) sub     s9, t6, tp
core   0: 3 0x80008900 (0x404f8cb3) x25 0x80015f5d
core   0: 0x80008904 (0x006c5133) srl     sp, s8, t1
core   0: 3 0x80008904 (0x006c5133) x 2 0x00000000
core   0: 0x80008908 (0x00115013) srli    zero, sp, 1
core   0: 3 0x80008908 (0x00115013)
core   0: 0x8000890c (0x01407eb3) and     t4, zero, s4
core   0: 3 0x8000890c (0x01407eb3) x29 0x00000000
core   0: 0x80008910 (0x41648793) addi    a5, s1, 1046
core   0: 3 0x80008910 (0x41648793) x15 0xff2f2416
core   0: 0x80008914 (0x00891293) slli    t0, s2, 8
core   0: 3 0x80008914 (0x00891293) x 5 0x999f2200
core   0: 0x80008918 (0x6e010817) auipc   a6, 0x6e010
core   0: 3 0x80008918 (0x6e010817) x16 0xee018918
core   0: 0x8000891c (0xadf53d93) sltiu   s11, a0, -1313
core   0: 3 0x8000891c (0xadf53d93) x27 0x00000001
core   0: 0x80008920 (0xac11c113) xori    sp, gp, -1343
core   0: 3 0x80008920 (0xac11c113) x 2 0x92dbd91a
core   0: 0x80008924 (0x09a7a593) slti    a1, a5, 154
core   0: 3 0x80008924 (0x09a7a593) x11 0x00000001
core   0: 0x80008928 (0xe028ce13) xori    t3, a7, -510
core   0: 3 0x80008928 (0xe028ce13) x28 0xffffffdc
core   0: 0x8000892c (0xc8258497) auipc   s1, 0xc8258
core   0: 3 0x8000892c (0xc8258497) x 9 0x4826092c
core   0: 0x80008930 (0x40868c33) sub     s8, a3, s0
core   0: 3 0x80008930 (0x40868c33) x24 0xdf66615d
core   0: 0x80008934 (0x012b9233) sll     tp, s7, s2
core   0: 3 0x80008934 (0x012b9233) x 4 0x08800000
core   0: 0x80008938 (0x0f370b13) addi    s6, a4, 243
core   0: 3 0x80008938 (0x0f370b13) x22 0x80001157
core   0: 0x8000893c (0x00311793) slli    a5, sp, 3
core   0: 3 0x8000893c (0x00311793) x15 0x96dec8d0
core   0: 0x80008940 (0x00bbe3b3) or      t2, s7, a1
core   0: 3 0x80008940 (0x00bbe3b3) x 7 0x02200001
core   0: 0x80008944 (0x01a9b033) sltu    zero, s3, s10
core   0: 3 0x80008944 (0x01a9b033)
core   0: 0x80008948 (0x010a2233) slt     tp, s4, a6
core   0: 3 0x80008948 (0x010a2233) x 4 0x00000001
core   0: 0x8000894c (0x40760833) sub     a6, a2, t2
core   0: 3 0x8000894c (0x40760833) x16 0xece26aed
core   0: 0x80008950 (0x7e10a213) slti    tp, ra, 2017
core   0: 3 0x80008950 (0x7e10a213) x 4 0x00000001
core   0: 0x80008954 (0x418088b3) sub     a7, ra, s8
core   0: 3 0x80008954 (0x418088b3) x17 0x1fc8c029
core   0: 0x80008958 (0x0086bcb3) sltu    s9, a3, s0
core   0: 3 0x80008958 (0x0086bcb3) x25 0x00000001
core   0: 0x8000895c (0x00e3ab33) slt     s6, t2, a4
core   0: 3 0x8000895c (0x00e3ab33) x22 0x00000000
core   0: 0x80008960 (0x5cf40b93) addi    s7, s0, 1487
core   0: 3 0x80008960 (0x5cf40b93) x23 0x2099a4f1
core   0: 0x80008964 (0x706e7417) auipc   s0, 0x706e7
core   0: 3 0x80008964 (0x706e7417) x 8 0xf06ef964
core   0: 0x80008968 (0xd144c713) xori    a4, s1, -748
core   0: 3 0x80008968 (0xd144c713) x14 0xb7d9f438
core   0: 0x8000896c (0x0022e1b3) or      gp, t0, sp
core   0: 3 0x8000896c (0x0022e1b3) x 3 0x9bdffb1a
core   0: 0x80008970 (0x015ae6b3) or      a3, s5, s5
core   0: 3 0x80008970 (0x015ae6b3) x13 0x80015ce4
core   0: 0x80008974 (0x8bf8bd93) sltiu   s11, a7, -1857
core   0: 3 0x80008974 (0x8bf8bd93) x27 0x00000001
core   0: 0x80008978 (0xece4b513) sltiu   a0, s1, -306
core   0: 3 0x80008978 (0xece4b513) x10 0x00000001
core   0: 0x8000897c (0x40bed913) srai    s2, t4, 11
core   0: 3 0x8000897c (0x40bed913) x18 0x00000000
core   0: 0x80008980 (0x001830b3) sltu    ra, a6, ra
core   0: 3 0x80008980 (0x001830b3) x 1 0x00000001
core   0: 0x80008984 (0x01b86cb3) or      s9, a6, s11
core   0: 3 0x80008984 (0x01b86cb3) x25 0xece26aed
core   0: 0x80008988 (0x012aee33) or      t3, s5, s2
core   0: 3 0x80008988 (0x012aee33) x28 0x80015ce4
core   0: 0x8000898c (0x40ba5713) srai    a4, s4, 11
core   0: 3 0x8000898c (0x40ba5713) x14 0xfff00023
core   0: 0x80008990 (0x41f0d793) srai    a5, ra, 31
core   0: 3 0x80008990 (0x41f0d793) x15 0x00000000
core   0: 0x80008994 (0x01f1d733) srl     a4, gp, t6
core   0: 3 0x80008994 (0x01f1d733) x14 0x00000004
core   0: 0x80008998 (0xe9a3fe13) andi    t3, t2, -358
core   0: 3 0x80008998 (0xe9a3fe13) x28 0x02200000
core   0: 0x8000899c (0x01f23733) sltu    a4, tp, t6
core   0: 3 0x8000899c (0x01f23733) x14 0x00000001
core   0: 0x800089a0 (0x004ec433) xor     s0, t4, tp
core   0: 3 0x800089a0 (0x004ec433) x 8 0x00000001
core   0: 0x800089a4 (0x01cbd5b3) srl     a1, s7, t3
core   0: 3 0x800089a4 (0x01cbd5b3) x11 0x2099a4f1
core   0: 0x800089a8 (0xdd99f113) andi    sp, s3, -551
core   0: 3 0x800089a8 (0xdd99f113) x 2 0xed2431d9
core   0: 0x800089ac (0x01fe6933) or      s2, t3, t6
core   0: 3 0x800089ac (0x01fe6933) x18 0x82215f5d
core   0: 0x800089b0 (0x00385293) srli    t0, a6, 3
core   0: 3 0x800089b0 (0x00385293) x 5 0x1d9c4d5d
core   0: 0x800089b4 (0x404e03b3) sub     t2, t3, tp
core   0: 3 0x800089b4 (0x404e03b3) x 7 0x021fffff
core   0: 0x800089b8 (0x40395b93) srai    s7, s2, 3
core   0: 3 0x800089b8 (0x40395b93) x23 0xf0442beb
core   0: 0x800089bc (0x00000013) nop
core   0: 3 0x800089bc (0x00000013)
core   0: 0x800089c0 (0x5fbae793) ori     a5, s5, 1531
core   0: 3 0x800089c0 (0x5fbae793) x15 0x80015dff
core   0: 0x800089c4 (0x01df9c13) slli    s8, t6, 29
core   0: 3 0x800089c4 (0x01df9c13) x24 0xa0000000
core   0: 0x800089c8 (0x00027233) and     tp, tp, zero
core   0: 3 0x800089c8 (0x00027233) x 4 0x00000000
core   0: 0x800089cc (0xa79b7013) andi    zero, s6, -1415
core   0: 3 0x800089cc (0xa79b7013)
core   0: 0x800089d0 (0x3f17b213) sltiu   tp, a5, 1009
core   0: 3 0x800089d0 (0x3f17b213) x 4 0x00000000
core   0: 0x800089d4 (0x9f9b3db7) lui     s11, 0x9f9b3
core   0: 3 0x800089d4 (0x9f9b3db7) x27 0x9f9b3000
core   0: 0x800089d8 (0x00000013) nop
core   0: 3 0x800089d8 (0x00000013)
core   0: 0x800089dc (0x00ba9d13) slli    s10, s5, 11
core   0: 3 0x800089dc (0x00ba9d13) x26 0x0ae72000
core   0: 0x800089e0 (0x00000013) nop
core   0: 3 0x800089e0 (0x00000013)
core   0: 0x800089e4 (0x019ce8b3) or      a7, s9, s9
core   0: 3 0x800089e4 (0x019ce8b3) x17 0xece26aed
core   0: 0x800089e8 (0x013edb33) srl     s6, t4, s3
core   0: 3 0x800089e8 (0x013edb33) x22 0x00000000
core   0: 0x800089ec (0x0a92bf97) auipc   t6, 0xa92b
core   0: 3 0x800089ec (0x0a92bf97) x31 0x8a9339ec
core   0: 0x800089f0 (0x014fce33) xor     t3, t6, s4
core   0: 3 0x800089f0 (0x014fce33) x28 0x0a922788
core   0: 0x800089f4 (0x01435093) srli    ra, t1, 20
core   0: 3 0x800089f4 (0x01435093) x 1 0x0000001b
core   0: 0x800089f8 (0x40e5d4b3) sra     s1, a1, a4
core   0: 3 0x800089f8 (0x40e5d4b3) x 9 0x104cd278
core   0: 0x800089fc (0x8af42f17) auipc   t5, 0x8af42
core   0: 3 0x800089fc (0x8af42f17) x30 0x0af4a9fc
core   0: 0x80008a00 (0x3534c193) xori    gp, s1, 851
core   0: 3 0x80008a00 (0x3534c193) x 3 0x104cd12b
core   0: 0x80008a04 (0x9e69a217) auipc   tp, 0x9e69a
core   0: 3 0x80008a04 (0x9e69a217) x 4 0x1e6a2a04
core   0: 0x80008a08 (0x33bb4113) xori    sp, s6, 827
core   0: 3 0x80008a08 (0x33bb4113) x 2 0x0000033b
core   0: 0x80008a0c (0x010393b3) sll     t2, t2, a6
core   0: 3 0x80008a0c (0x010393b3) x 7 0xffffe000
core   0: 0x80008a10 (0xeacdb713) sltiu   a4, s11, -340
core   0: 3 0x80008a10 (0xeacdb713) x14 0x00000001
core   0: 0x80008a14 (0xc7081097) auipc   ra, 0xc7081
core   0: 3 0x80008a14 (0xc7081097) x 1 0x47089a14
core   0: 0x80008a18 (0x406a06b3) sub     a3, s4, t1
core   0: 3 0x80008a18 (0x406a06b3) x13 0x7e4c8dd5
core   0: 0x80008a1c (0x9bbdb213) sltiu   tp, s11, -1605
core   0: 3 0x80008a1c (0x9bbdb213) x 4 0x00000001
core   0: 0x80008a20 (0xf0eb0893) addi    a7, s6, -242
core   0: 3 0x80008a20 (0xf0eb0893) x17 0xffffff0e
core   0: 0x80008a24 (0x8d70bd93) sltiu   s11, ra, -1833
core   0: 3 0x80008a24 (0x8d70bd93) x27 0x00000001
core   0: 0x80008a28 (0x940f6e93) ori     t4, t5, -1728
core   0: 3 0x80008a28 (0x940f6e93) x29 0xfffff9fc
core   0: 0x80008a2c (0x009b1193) slli    gp, s6, 9
core   0: 3 0x80008a2c (0x009b1193) x 3 0x00000000
core   0: 0x80008a30 (0xd211d037) lui     zero, 0xd211d
core   0: 3 0x80008a30 (0xd211d037)
core   0: 0x80008a34 (0xc0eef213) andi    tp, t4, -1010
core   0: 3 0x80008a34 (0xc0eef213) x 4 0xfffff80c
core   0: 0x80008a38 (0x00c38fb3) add     t6, t2, a2
core   0: 3 0x80008a38 (0x00c38fb3) x31 0xef024aee
core   0: 0x80008a3c (0x41868fb3) sub     t6, a3, s8
core   0: 3 0x80008a3c (0x41868fb3) x31 0xde4c8dd5
core   0: 0x80008a40 (0x4054dd93) srai    s11, s1, 5
core   0: 3 0x80008a40 (0x4054dd93) x27 0x00826693
core   0: 0x80008a44 (0x973e6693) ori     a3, t3, -1677
core   0: 3 0x80008a44 (0x973e6693) x13 0xfffffffb
core   0: 0x80008a48 (0xea64c093) xori    ra, s1, -346
core   0: 3 0x80008a48 (0xea64c093) x 1 0xefb32cde
core   0: 0x80008a4c (0x00000013) nop
core   0: 3 0x80008a4c (0x00000013)
core   0: 0x80008a50 (0x55ac3093) sltiu   ra, s8, 1370
core   0: 3 0x80008a50 (0x55ac3093) x 1 0x00000000
core   0: 0x80008a54 (0x01222e33) slt     t3, tp, s2
core   0: 3 0x80008a54 (0x01222e33) x28 0x00000000
core   0: 0x80008a58 (0x00c0b533) sltu    a0, ra, a2
core   0: 3 0x80008a58 (0x00c0b533) x10 0x00000001
core   0: 0x80008a5c (0x0077d833) srl     a6, a5, t2
core   0: 3 0x80008a5c (0x0077d833) x16 0x80015dff
core   0: 0x80008a60 (0x41be5193) srai    gp, t3, 27
core   0: 3 0x80008a60 (0x41be5193) x 3 0x00000000
core   0: 0x80008a64 (0x25b56e13) ori     t3, a0, 603
core   0: 3 0x80008a64 (0x25b56e13) x28 0x0000025b
core   0: 0x80008a68 (0x00af5393) srli    t2, t5, 10
core   0: 3 0x80008a68 (0x00af5393) x 7 0x0002bd2a
core   0: 0x80008a6c (0x33074893) xori    a7, a4, 816
core   0: 3 0x80008a6c (0x33074893) x17 0x00000331
core   0: 0x80008a70 (0x4a25bd37) lui     s10, 0x4a25b
core   0: 3 0x80008a70 (0x4a25bd37) x26 0x4a25b000
core   0: 0x80008a74 (0x009a1b33) sll     s6, s4, s1
core   0: 3 0x80008a74 (0x009a1b33) x22 0x64000000
core   0: 0x80008a78 (0x96616b13) ori     s6, sp, -1690
core   0: 3 0x80008a78 (0x96616b13) x22 0xfffffb7f
core   0: 0x80008a7c (0x5d3d0213) addi    tp, s10, 1491
core   0: 3 0x80008a7c (0x5d3d0213) x 4 0x4a25b5d3
core   0: 0x80008a80 (0x006ed913) srli    s2, t4, 6
core   0: 3 0x80008a80 (0x006ed913) x18 0x03ffffe7
core   0: 0x80008a84 (0x37af4413) xori    s0, t5, 890
core   0: 3 0x80008a84 (0x37af4413) x 8 0x0af4aa86
core   0: 0x80008a88 (0x00106fb3) or      t6, zero, ra
core   0: 3 0x80008a88 (0x00106fb3) x31 0x00000000
core   0: 0x80008a8c (0x003987b3) add     a5, s3, gp
core   0: 3 0x80008a8c (0x003987b3) x15 0xed2433ff
core   0: 0x80008a90 (0xd17cbd93) sltiu   s11, s9, -745
core   0: 3 0x80008a90 (0xd17cbd93) x27 0x00000001
core   0: 0x80008a94 (0xb9777893) andi    a7, a4, -1129
core   0: 3 0x80008a94 (0xb9777893) x17 0x00000001
core   0: 0x80008a98 (0xbb12b817) auipc   a6, 0xbb12b
core   0: 3 0x80008a98 (0xbb12b817) x16 0x3b133a98
core   0: 0x80008a9c (0x41915693) srai    a3, sp, 25
core   0: 3 0x80008a9c (0x41915693) x13 0x00000000
core   0: 0x80008aa0 (0x00ee1bb3) sll     s7, t3, a4
core   0: 3 0x80008aa0 (0x00ee1bb3) x23 0x000004b6
core   0: 0x80008aa4 (0x8eb40f93) addi    t6, s0, -1813
core   0: 3 0x80008aa4 (0x8eb40f93) x31 0x0af4a371
core   0: 0x80008aa8 (0xa2acb793) sltiu   a5, s9, -1494
core   0: 3 0x80008aa8 (0xa2acb793) x15 0x00000001
core   0: 0x80008aac (0x00079b13) slli    s6, a5, 0
core   0: 3 0x80008aac (0x00079b13) x22 0x00000001
core   0: 0x80008ab0 (0x00dc4433) xor     s0, s8, a3
core   0: 3 0x80008ab0 (0x00dc4433) x 8 0xa0000000
core   0: 0x80008ab4 (0x005471b3) and     gp, s0, t0
core   0: 3 0x80008ab4 (0x005471b3) x 3 0x00000000
core   0: 0x80008ab8 (0x001abc33) sltu    s8, s5, ra
core   0: 3 0x80008ab8 (0x001abc33) x24 0x00000000
core   0: 0x80008abc (0x41095e13) srai    t3, s2, 16
core   0: 3 0x80008abc (0x41095e13) x28 0x000003ff
core   0: 0x80008ac0 (0x01aae7b3) or      a5, s5, s10
core   0: 3 0x80008ac0 (0x01aae7b3) x15 0xca25fce4
core   0: 0x80008ac4 (0x6e0ea913) slti    s2, t4, 1760
core   0: 3 0x80008ac4 (0x6e0ea913) x18 0x00000001
core   0: 0x80008ac8 (0x01c5d213) srli    tp, a1, 28
core   0: 3 0x80008ac8 (0x01c5d213) x 4 0x00000002
core   0: 0x80008acc (0x01ae5193) srli    gp, t3, 26
core   0: 3 0x80008acc (0x01ae5193) x 3 0x00000000
core   0: 0x80008ad0 (0x01af24b3) slt     s1, t5, s10
core   0: 3 0x80008ad0 (0x01af24b3) x 9 0x00000001
core   0: 0x80008ad4 (0x00f4ebb3) or      s7, s1, a5
core   0: 3 0x80008ad4 (0x00f4ebb3) x23 0xca25fce5
core   0: 0x80008ad8 (0x00000013) nop
core   0: 3 0x80008ad8 (0x00000013)
core   0: 0x80008adc (0x01a198b3) sll     a7, gp, s10
core   0: 3 0x80008adc (0x01a198b3) x17 0x00000000
core   0: 0x80008ae0 (0x94face13) xori    t3, s5, -1713
core   0: 3 0x80008ae0 (0x94face13) x28 0x7ffea5ab
core   0: 0x80008ae4 (0x00b9de33) srl     t3, s3, a1
core   0: 3 0x80008ae4 (0x00b9de33) x28 0x00007692
core   0: 0x80008ae8 (0x993c4337) lui     t1, 0x993c4
core   0: 3 0x80008ae8 (0x993c4337) x 6 0x993c4000
core   0: 0x80008aec (0x414d5c33) sra     s8, s10, s4
core   0: 3 0x80008aec (0x414d5c33) x24 0x04a25b00
core   0: 0x80008af0 (0x4083d6b3) sra     a3, t2, s0
core   0: 3 0x80008af0 (0x4083d6b3) x13 0x0002bd2a
core   0: 0x80008af4 (0x00d609b3) add     s3, a2, a3
core   0: 3 0x80008af4 (0x00d609b3) x19 0xef052818
core   0: 0x80008af8 (0xc8b2e393) ori     t2, t0, -885
core   0: 3 0x80008af8 (0xc8b2e393) x 7 0xfffffddf
core   0: 0x80008afc (0x4681be93) sltiu   t4, gp, 1128
core   0: 3 0x80008afc (0x4681be93) x29 0x00000001
core   0: 0x80008b00 (0x009f1433) sll     s0, t5, s1
core   0: 3 0x80008b00 (0x009f1433) x 8 0x15e953f8
core   0: 0x80008b04 (0x00000013) nop
core   0: 3 0x80008b04 (0x00000013)
core   0: 0x80008b08 (0x40135d93) srai    s11, t1, 1
core   0: 3 0x80008b08 (0x40135d93) x27 0xcc9e2000
core   0: 0x80008b0c (0x002536b3) sltu    a3, a0, sp
core   0: 3 0x80008b0c (0x002536b3) x13 0x00000001
core   0: 0x80008b10 (0x008d0e33) add     t3, s10, s0
core   0: 3 0x80008b10 (0x008d0e33) x28 0x600f03f8
core   0: 0x80008b14 (0x01d65b13) srli    s6, a2, 29
core   0: 3 0x80008b14 (0x01d65b13) x22 0x00000007
core   0: 0x80008b18 (0x402a8eb3) sub     t4, s5, sp
core   0: 3 0x80008b18 (0x402a8eb3) x29 0x800159a9
core   0: 0x80008b1c (0x00219993) slli    s3, gp, 2
core   0: 3 0x80008b1c (0x00219993) x19 0x00000000
core   0: 0x80008b20 (0x01405693) srli    a3, zero, 20
core   0: 3 0x80008b20 (0x01405693) x13 0x00000000
core   0: 0x80008b24 (0x01f59333) sll     t1, a1, t6
core   0: 3 0x80008b24 (0x01f59333) x 6 0x49e20000
core   0: 0x80008b28 (0x0016a433) slt     s0, a3, ra
core   0: 3 0x80008b28 (0x0016a433) x 8 0x00000000
core   0: 0x80008b2c (0xe4542993) slti    s3, s0, -443
core   0: 3 0x80008b2c (0xe4542993) x19 0x00000000
core   0: 0x80008b30 (0x01c187b3) add     a5, gp, t3
core   0: 3 0x80008b30 (0x01c187b3) x15 0x600f03f8
core   0: 0x80008b34 (0x14613f13) sltiu   t5, sp, 326
core   0: 3 0x80008b34 (0x14613f13) x30 0x00000000
core   0: 0x80008b38 (0xb41a2093) slti    ra, s4, -1215
core   0: 3 0x80008b38 (0xb41a2093) x 1 0x00000001
core   0: 0x80008b3c (0x00bf1193) slli    gp, t5, 11
core   0: 3 0x80008b3c (0x00bf1193) x 3 0x00000000
core   0: 0x80008b40 (0x00b9a933) slt     s2, s3, a1
core   0: 3 0x80008b40 (0x00b9a933) x18 0x00000001
core   0: 0x80008b44 (0x00c51133) sll     sp, a0, a2
core   0: 3 0x80008b44 (0x00c51133) x 2 0x00004000
core   0: 0x80008b48 (0xe7fde393) ori     t2, s11, -385
core   0: 3 0x80008b48 (0xe7fde393) x 7 0xfffffe7f
core   0: 0x80008b4c (0xeda2af13) slti    t5, t0, -294
core   0: 3 0x80008b4c (0xeda2af13) x30 0x00000000
core   0: 0x80008b50 (0x013714b3) sll     s1, a4, s3
core   0: 3 0x80008b50 (0x013714b3) x 9 0x00000001
core   0: 0x80008b54 (0x009dc333) xor     t1, s11, s1
core   0: 3 0x80008b54 (0x009dc333) x 6 0xcc9e2001
core   0: 0x80008b58 (0x00f19593) slli    a1, gp, 15
core   0: 3 0x80008b58 (0x00f19593) x11 0x00000000
core   0: 0x80008b5c (0x7cf1ccb7) lui     s9, 0x7cf1c
core   0: 3 0x80008b5c (0x7cf1ccb7) x25 0x7cf1c000
core   0: 0x80008b60 (0x01ddb0b3) sltu    ra, s11, t4
core   0: 3 0x80008b60 (0x01ddb0b3) x 1 0x00000000
core   0: 0x80008b64 (0xd64b4713) xori    a4, s6, -668
core   0: 3 0x80008b64 (0xd64b4713) x14 0xfffffd63
core   0: 0x80008b68 (0x412d57b3) sra     a5, s10, s2
core   0: 3 0x80008b68 (0x412d57b3) x15 0x2512d800
core   0: 0x80008b6c (0x0096b1b3) sltu    gp, a3, s1
core   0: 3 0x80008b6c (0x0096b1b3) x 3 0x00000001
core   0: 0x80008b70 (0x010ee033) or      zero, t4, a6
core   0: 3 0x80008b70 (0x010ee033)
core   0: 0x80008b74 (0xb4d96f37) lui     t5, 0xb4d96
core   0: 3 0x80008b74 (0xb4d96f37) x30 0xb4d96000
core   0: 0x80008b78 (0x40ff5313) srai    t1, t5, 15
core   0: 3 0x80008b78 (0x40ff5313) x 6 0xffff69b2
core   0: 0x80008b7c (0x01bc6fb3) or      t6, s8, s11
core   0: 3 0x80008b7c (0x01bc6fb3) x31 0xccbe7b00
core   0: 0x80008b80 (0x00b78833) add     a6, a5, a1
core   0: 3 0x80008b80 (0x00b78833) x16 0x2512d800
core   0: 0x80008b84 (0x419d87b3) sub     a5, s11, s9
core   0: 3 0x80008b84 (0x419d87b3) x15 0x4fac6000
core   0: 0x80008b88 (0x01bc1893) slli    a7, s8, 27
core   0: 3 0x80008b88 (0x01bc1893) x17 0x00000000
core   0: 0x80008b8c (0x05a1b917) auipc   s2, 0x5a1b
core   0: 3 0x80008b8c (0x05a1b917) x18 0x85a23b8c
core   0: 0x80008b90 (0x41a9d513) srai    a0, s3, 26
core   0: 3 0x80008b90 (0x41a9d513) x10 0x00000000
core   0: 0x80008b94 (0x0158d513) srli    a0, a7, 21
core   0: 3 0x80008b94 (0x0158d513) x10 0x00000000
core   0: 0x80008b98 (0x000b3e33) sltu    t3, s6, zero
core   0: 3 0x80008b98 (0x000b3e33) x28 0x00000000
core   0: 0x80008b9c (0xa0ad4f13) xori    t5, s10, -1526
core   0: 3 0x80008b9c (0xa0ad4f13) x30 0xb5da4a0a
core   0: 0x80008ba0 (0x00000013) nop
core   0: 3 0x80008ba0 (0x00000013)
core   0: 0x80008ba4 (0x002a0333) add     t1, s4, sp
core   0: 3 0x80008ba4 (0x002a0333) x 6 0x80015e64
core   0: 0x80008ba8 (0x0ce33817) auipc   a6, 0xce33
core   0: 3 0x80008ba8 (0x0ce33817) x16 0x8ce3bba8
core   0: 0x80008bac (0x9d7f54b7) lui     s1, 0x9d7f5
core   0: 3 0x80008bac (0x9d7f54b7) x 9 0x9d7f5000
core   0: 0x80008bb0 (0x90018213) addi    tp, gp, -1792
core   0: 3 0x80008bb0 (0x90018213) x 4 0xfffff901
core   0: 0x80008bb4 (0x40ab5c33) sra     s8, s6, a0
core   0: 3 0x80008bb4 (0x40ab5c33) x24 0x00000007
core   0: 0x80008bb8 (0xfd940d97) auipc   s11, 0xfd940
core   0: 3 0x80008bb8 (0xfd940d97) x27 0x7d948bb8
core   0: 0x80008bbc (0x01292933) slt     s2, s2, s2
core   0: 3 0x80008bbc (0x01292933) x18 0x00000000
core   0: 0x80008bc0 (0x009f35b3) sltu    a1, t5, s1
core   0: 3 0x80008bc0 (0x009f35b3) x11 0x00000000
core   0: 0x80008bc4 (0x27013417) auipc   s0, 0x27013
core   0: 3 0x80008bc4 (0x27013417) x 8 0xa701bbc4
core   0: 0x80008bc8 (0x00eddf13) srli    t5, s11, 14
core   0: 3 0x80008bc8 (0x00eddf13) x30 0x0001f652
core   0: 0x80008bcc (0x1fb22093) slti    ra, tp, 507
core   0: 3 0x80008bcc (0x1fb22093) x 1 0x00000001
core   0: 0x80008bd0 (0xc3673193) sltiu   gp, a4, -970
core   0: 3 0x80008bd0 (0xc3673193) x 3 0x00000000
core   0: 0x80008bd4 (0x76c7c437) lui     s0, 0x76c7c
core   0: 3 0x80008bd4 (0x76c7c437) x 8 0x76c7c000
core   0: 0x80008bd8 (0x00911b33) sll     s6, sp, s1
core   0: 3 0x80008bd8 (0x00911b33) x22 0x00004000
core   0: 0x80008bdc (0x00dfecb3) or      s9, t6, a3
core   0: 3 0x80008bdc (0x00dfecb3) x25 0xccbe7b00
core   0: 0x80008be0 (0xd6757213) andi    tp, a0, -665
core   0: 3 0x80008be0 (0xd6757213) x 4 0x00000000
core   0: 0x80008be4 (0x793ae293) ori     t0, s5, 1939
core   0: 3 0x80008be4 (0x793ae293) x 5 0x80015ff7
core   0: 0x80008be8 (0x017353b3) srl     t2, t1, s7
core   0: 3 0x80008be8 (0x017353b3) x 7 0x04000af3
core   0: 0x80008bec (0x40440f33) sub     t5, s0, tp
core   0: 3 0x80008bec (0x40440f33) x30 0x76c7c000
core   0: 0x80008bf0 (0x01746c33) or      s8, s0, s7
core   0: 3 0x80008bf0 (0x01746c33) x24 0xfee7fce5
core   0: 0x80008bf4 (0x40405e33) sra     t3, zero, tp
core   0: 3 0x80008bf4 (0x40405e33) x28 0x00000000
core   0: 0x80008bf8 (0x01e08433) add     s0, ra, t5
core   0: 3 0x80008bf8 (0x01e08433) x 8 0x76c7c001
core   0: 0x80008bfc (0x005a1413) slli    s0, s4, 5
core   0: 3 0x80008bfc (0x005a1413) x 8 0x0023cc80
core   0: 0x80008c00 (0x00000013) nop
core   0: 3 0x80008c00 (0x00000013)
core   0: 0x80008c04 (0x0008d033) srl     zero, a7, zero
core   0: 3 0x80008c04 (0x0008d033)
core   0: 0x80008c08 (0xc9000493) li      s1, -880
core   0: 3 0x80008c08 (0xc9000493) x 9 0xfffffc90
core   0: 0x80008c0c (0x017201b3) add     gp, tp, s7
core   0: 3 0x80008c0c (0x017201b3) x 3 0xca25fce5
core   0: 0x80008c10 (0x00000013) nop
core   0: 3 0x80008c10 (0x00000013)
core   0: 0x80008c14 (0x012341b3) xor     gp, t1, s2
core   0: 3 0x80008c14 (0x012341b3) x 3 0x80015e64
core   0: 0x80008c18 (0x8caeff93) andi    t6, t4, -1846
core   0: 3 0x80008c18 (0x8caeff93) x31 0x80015888
core   0: 0x80008c1c (0x41950fb3) sub     t6, a0, s9
core   0: 3 0x80008c1c (0x41950fb3) x31 0x33418500
core   0: 0x80008c20 (0xc2330293) addi    t0, t1, -989
core   0: 3 0x80008c20 (0xc2330293) x 5 0x80015a87
core   0: 0x80008c24 (0xf8bbd897) auipc   a7, 0xf8bbd
core   0: 3 0x80008c24 (0xf8bbd897) x17 0x78bc5c24
core   0: 0x80008c28 (0x6436f313) andi    t1, a3, 1603
core   0: 3 0x80008c28 (0x6436f313) x 6 0x00000000
core   0: 0x80008c2c (0xc7610197) auipc   gp, 0xc7610
core   0: 3 0x80008c2c (0xc7610197) x 3 0x47618c2c
core   0: 0x80008c30 (0x41ba5013) srai    zero, s4, 27
core   0: 3 0x80008c30 (0x41ba5013)
core   0: 0x80008c34 (0x0161dd93) srli    s11, gp, 22
core   0: 3 0x80008c34 (0x0161dd93) x27 0x0000011d
core   0: 0x80008c38 (0x000fdd93) srli    s11, t6, 0
core   0: 3 0x80008c38 (0x000fdd93) x27 0x33418500
core   0: 0x80008c3c (0xa44ea293) slti    t0, t4, -1468
core   0: 3 0x80008c3c (0xa44ea293) x 5 0x00000001
core   0: 0x80008c40 (0x01251cb3) sll     s9, a0, s2
core   0: 3 0x80008c40 (0x01251cb3) x25 0x00000000
core   0: 0x80008c44 (0x00000013) nop
core   0: 3 0x80008c44 (0x00000013)
core   0: 0x80008c48 (0x524d3513) sltiu   a0, s10, 1316
core   0: 3 0x80008c48 (0x524d3513) x10 0x00000000
core   0: 0x80008c4c (0x00000013) nop
core   0: 3 0x80008c4c (0x00000013)
core   0: 0x80008c50 (0xdbbffd93) andi    s11, t6, -581
core   0: 3 0x80008c50 (0xdbbffd93) x27 0x33418500
core   0: 0x80008c54 (0x00896433) or      s0, s2, s0
core   0: 3 0x80008c54 (0x00896433) x 8 0x0023cc80
core   0: 0x80008c58 (0x41be8333) sub     t1, t4, s11
core   0: 3 0x80008c58 (0x41be8333) x 6 0x4cbfd4a9
core   0: 0x80008c5c (0x6a7f8f93) addi    t6, t6, 1703
core   0: 3 0x80008c5c (0x6a7f8f93) x31 0x33418ba7
core   0: 0x80008c60 (0x41270d33) sub     s10, a4, s2
core   0: 3 0x80008c60 (0x41270d33) x26 0xfffffd63
core   0: 0x80008c64 (0x40365cb3) sra     s9, a2, gp
core   0: 3 0x80008c64 (0x40365cb3) x25 0xfffef026
core   0: 0x80008c68 (0x74944d13) xori    s10, s0, 1865
core   0: 3 0x80008c68 (0x74944d13) x26 0x0023cbc9
core   0: 0x80008c6c (0x00380db3) add     s11, a6, gp
core   0: 3 0x80008c6c (0x00380db3) x27 0xd44547d4
core   0: 0x80008c70 (0x0037a9b3) slt     s3, a5, gp
core   0: 3 0x80008c70 (0x0037a9b3) x19 0x00000000
core   0: 0x80008c74 (0x014d2033) slt     zero, s10, s4
core   0: 3 0x80008c74 (0x014d2033)
core   0: 0x80008c78 (0x01449e13) slli    t3, s1, 20
core   0: 3 0x80008c78 (0x01449e13) x28 0xc9000000
core   0: 0x80008c7c (0x0151d0b3) srl     ra, gp, s5
core   0: 3 0x80008c7c (0x0151d0b3) x 1 0x047618c2
core   0: 0x80008c80 (0x1d09b093) sltiu   ra, s3, 464
core   0: 3 0x80008c80 (0x1d09b093) x 1 0x00000001
core   0: 0x80008c84 (0x017b7933) and     s2, s6, s7
core   0: 3 0x80008c84 (0x017b7933) x18 0x00004000
core   0: 0x80008c88 (0x0ab8c093) xori    ra, a7, 171
core   0: 3 0x80008c88 (0x0ab8c093) x 1 0x78bc5c8f
core   0: 0x80008c8c (0x01fc7233) and     tp, s8, t6
core   0: 3 0x80008c8c (0x01fc7233) x 4 0x324188a5
core   0: 0x80008c90 (0x7233c813) xori    a6, t2, 1827
core   0: 3 0x80008c90 (0x7233c813) x16 0x04000dd0
core   0: 0x80008c94 (0x01d6c2b3) xor     t0, a3, t4
core   0: 3 0x80008c94 (0x01d6c2b3) x 5 0x800159a9
core   0: 0x80008c98 (0x00185eb3) srl     t4, a6, ra
core   0: 3 0x80008c98 (0x00185eb3) x29 0x00000800
core   0: 0x80008c9c (0xa09f2137) lui     sp, 0xa09f2
core   0: 3 0x80008c9c (0xa09f2137) x 2 0xa09f2000
core   0: 0x80008ca0 (0xbbbcb213) sltiu   tp, s9, -1093
core   0: 3 0x80008ca0 (0xbbbcb213) x 4 0x00000001
core   0: 0x80008ca4 (0x7659be93) sltiu   t4, s3, 1893
core   0: 3 0x80008ca4 (0x7659be93) x29 0x00000001
core   0: 0x80008ca8 (0x09664513) xori    a0, a2, 150
core   0: 3 0x80008ca8 (0x09664513) x10 0xef026a78
core   0: 0x80008cac (0x017ba533) slt     a0, s7, s7
core   0: 3 0x80008cac (0x017ba533) x10 0x00000000
core   0: 0x80008cb0 (0xb1f52513) slti    a0, a0, -1249
core   0: 3 0x80008cb0 (0xb1f52513) x10 0x00000000
core   0: 0x80008cb4 (0x7f222593) slti    a1, tp, 2034
core   0: 3 0x80008cb4 (0x7f222593) x11 0x00000001
core   0: 0x80008cb8 (0x013e22b3) slt     t0, t3, s3
core   0: 3 0x80008cb8 (0x013e22b3) x 5 0x00000001
core   0: 0x80008cbc (0x00eeb233) sltu    tp, t4, a4
core   0: 3 0x80008cbc (0x00eeb233) x 4 0x00000001
core   0: 0x80008cc0 (0x00b16eb3) or      t4, sp, a1
core   0: 3 0x80008cc0 (0x00b16eb3) x29 0xa09f2001
core   0: 0x80008cc4 (0x003c5cb3) srl     s9, s8, gp
core   0: 3 0x80008cc4 (0x003c5cb3) x25 0x000fee7f
core   0: 0x80008cc8 (0x00933b33) sltu    s6, t1, s1
core   0: 3 0x80008cc8 (0x00933b33) x22 0x00000001
core   0: 0x80008ccc (0x4508a293) slti    t0, a7, 1104
core   0: 3 0x80008ccc (0x4508a293) x 5 0x00000000
core   0: 0x80008cd0 (0x00c5d233) srl     tp, a1, a2
core   0: 3 0x80008cd0 (0x00c5d233) x 4 0x00000000
core   0: 0x80008cd4 (0x007563b3) or      t2, a0, t2
core   0: 3 0x80008cd4 (0x007563b3) x 7 0x04000af3
core   0: 0x80008cd8 (0x85e42e37) lui     t3, 0x85e42
core   0: 3 0x80008cd8 (0x85e42e37) x28 0x85e42000
core   0: 0x80008cdc (0x69efac93) slti    s9, t6, 1694
core   0: 3 0x80008cdc (0x69efac93) x25 0x00000000
core   0: 0x80008ce0 (0xbc09e213) ori     tp, s3, -1088
core   0: 3 0x80008ce0 (0xbc09e213) x 4 0xfffffbc0
core   0: 0x80008ce4 (0x0194d993) srli    s3, s1, 25
core   0: 3 0x80008ce4 (0x0194d993) x19 0x0000007f
core   0: 0x80008ce8 (0x0016c833) xor     a6, a3, ra
core   0: 3 0x80008ce8 (0x0016c833) x16 0x78bc5c8f
core   0: 0x80008cec (0x41078733) sub     a4, a5, a6
core   0: 3 0x80008cec (0x41078733) x14 0xd6f00371
core   0: 0x80008cf0 (0x80a1e593) ori     a1, gp, -2038
core   0: 3 0x80008cf0 (0x80a1e593) x11 0xfffffc2e
core   0: 0x80008cf4 (0x01f2d793) srli    a5, t0, 31
core   0: 3 0x80008cf4 (0x01f2d793) x15 0x00000000
core   0: 0x80008cf8 (0x00154eb3) xor     t4, a0, ra
core   0: 3 0x80008cf8 (0x00154eb3) x29 0x78bc5c8f
core   0: 0x80008cfc (0x0164feb3) and     t4, s1, s6
core   0: 3 0x80008cfc (0x0164feb3) x29 0x00000000
core   0: 0x80008d00 (0x2393bd93) sltiu   s11, t2, 569
core   0: 3 0x80008d00 (0x2393bd93) x27 0x00000000
core   0: 0x80008d04 (0x01cc48b3) xor     a7, s8, t3
core   0: 3 0x80008d04 (0x01cc48b3) x17 0x7b03dce5
core   0: 0x80008d08 (0x5b61fc93) andi    s9, gp, 1462
core   0: 3 0x80008d08 (0x5b61fc93) x25 0x00000424
core   0: 0x80008d0c (0x65667b37) lui     s6, 0x65667
core   0: 3 0x80008d0c (0x65667b37) x22 0x65667000
core   0: 0x80008d10 (0x40b35233) sra     tp, t1, a1
core   0: 3 0x80008d10 (0x40b35233) x 4 0x000132ff
core   0: 0x80008d14 (0x6da28693) addi    a3, t0, 1754
core   0: 3 0x80008d14 (0x6da28693) x13 0x000006da
core   0: 0x80008d18 (0x00b01913) slli    s2, zero, 11
core   0: 3 0x80008d18 (0x00b01913) x18 0x00000000
core   0: 0x80008d1c (0x406c53b3) sra     t2, s8, t1
core   0: 3 0x80008d1c (0x406c53b3) x 7 0xffff73fe
core   0: 0x80008d20 (0x0017e733) or      a4, a5, ra
core   0: 3 0x80008d20 (0x0017e733) x14 0x78bc5c8f
core   0: 0x80008d24 (0x01b1ad33) slt     s10, gp, s11
core   0: 3 0x80008d24 (0x01b1ad33) x26 0x00000000
core   0: 0x80008d28 (0x01eef433) and     s0, t4, t5
core   0: 3 0x80008d28 (0x01eef433) x 8 0x00000000
core   0: 0x80008d2c (0xf6d83713) sltiu   a4, a6, -147
core   0: 3 0x80008d2c (0xf6d83713) x14 0x00000001
core   0: 0x80008d30 (0xad9a0993) addi    s3, s4, -1319
core   0: 3 0x80008d30 (0xad9a0993) x19 0x8001193d
core   0: 0x80008d34 (0x40b3d193) srai    gp, t2, 11
core   0: 3 0x80008d34 (0x40b3d193) x 3 0xffffffee
core   0: 0x80008d38 (0x001f5cb3) srl     s9, t5, ra
core   0: 3 0x80008d38 (0x001f5cb3) x25 0x0000ed8f
core   0: 0x80008d3c (0x00bf7fb3) and     t6, t5, a1
core   0: 3 0x80008d3c (0x00bf7fb3) x31 0x76c7c000
core   0: 0x80008d40 (0x00b5e333) or      t1, a1, a1
core   0: 3 0x80008d40 (0x00b5e333) x 6 0xfffffc2e
core   0: 0x80008d44 (0x49a62797) auipc   a5, 0x49a62
core   0: 3 0x80008d44 (0x49a62797) x15 0xc9a6ad44
core   0: 0x80008d48 (0x8343b313) sltiu   t1, t2, -1996
core   0: 3 0x80008d48 (0x8343b313) x 6 0x00000001
core   0: 0x80008d4c (0x3d390837) lui     a6, 0x3d390
core   0: 3 0x80008d4c (0x3d390837) x16 0x3d390000
core   0: 0x80008d50 (0xe6078497) auipc   s1, 0xe6078
core   0: 3 0x80008d50 (0xe6078497) x 9 0x66080d50
core   0: 0x80008d54 (0x005fef33) or      t5, t6, t0
core   0: 3 0x80008d54 (0x005fef33) x30 0x76c7c000
core   0: 0x80008d58 (0x00c74133) xor     sp, a4, a2
core   0: 3 0x80008d58 (0x00c74133) x 2 0xef026aef
core   0: 0x80008d5c (0x7860d217) auipc   tp, 0x7860d
core   0: 3 0x80008d5c (0x7860d217) x 4 0xf8615d5c
core   0: 0x80008d60 (0x01e74933) xor     s2, a4, t5
core   0: 3 0x80008d60 (0x01e74933) x18 0x76c7c001
core   0: 0x80008d64 (0x0fee6e93) ori     t4, t3, 254
core   0: 3 0x80008d64 (0x0fee6e93) x29 0x85e420fe
core   0: 0x80008d68 (0x00ef9433) sll     s0, t6, a4
core   0: 3 0x80008d68 (0x00ef9433) x 8 0xed8f8000
core   0: 0x80008d6c (0x01dadbb3) srl     s7, s5, t4
core   0: 3 0x80008d6c (0x01dadbb3) x23 0x00000002
core   0: 0x80008d70 (0x01534cb3) xor     s9, t1, s5
core   0: 3 0x80008d70 (0x01534cb3) x25 0x80015ce5
core   0: 0x80008d74 (0x41fa08b3) sub     a7, s4, t6
core   0: 3 0x80008d74 (0x41fa08b3) x17 0x09395e64
core   0: 0x80008d78 (0x0c2fe193) ori     gp, t6, 194
core   0: 3 0x80008d78 (0x0c2fe193) x 3 0x76c7c0c2
core   0: 0x80008d7c (0xce0b7e93) andi    t4, s6, -800
core   0: 3 0x80008d7c (0xce0b7e93) x29 0x65667000
core   0: 0x80008d80 (0x1536bc13) sltiu   s8, a3, 339
core   0: 3 0x80008d80 (0x1536bc13) x24 0x00000000
core   0: 0x80008d84 (0x013bc333) xor     t1, s7, s3
core   0: 3 0x80008d84 (0x013bc333) x 6 0x8001193f
core   0: 0x80008d88 (0x009998b3) sll     a7, s3, s1
core   0: 3 0x80008d88 (0x009998b3) x17 0x193d0000
core   0: 0x80008d8c (0x40b508b3) sub     a7, a0, a1
core   0: 3 0x80008d8c (0x40b508b3) x17 0x000003d2
core   0: 0x80008d90 (0x01b4f8b3) and     a7, s1, s11
core   0: 3 0x80008d90 (0x01b4f8b3) x17 0x00000000
core   0: 0x80008d94 (0x01dee033) or      zero, t4, t4
core   0: 3 0x80008d94 (0x01dee033)
core   0: 0x80008d98 (0x00bc84b3) add     s1, s9, a1
core   0: 3 0x80008d98 (0x00bc84b3) x 9 0x80015913
core   0: 0x80008d9c (0x410755b3) sra     a1, a4, a6
core   0: 3 0x80008d9c (0x410755b3) x11 0x00000001
core   0: 0x80008da0 (0x406ede93) srai    t4, t4, 6
core   0: 3 0x80008da0 (0x406ede93) x29 0x019599c0
core   0: 0x80008da4 (0x01ce9fb3) sll     t6, t4, t3
core   0: 3 0x80008da4 (0x01ce9fb3) x31 0x019599c0
core   0: 0x80008da8 (0x007a1b13) slli    s6, s4, 7
core   0: 3 0x80008da8 (0x007a1b13) x22 0x008f3200
core   0: 0x80008dac (0x417dd193) srai    gp, s11, 23
core   0: 3 0x80008dac (0x417dd193) x 3 0x00000000
core   0: 0x80008db0 (0x85d90593) addi    a1, s2, -1955
core   0: 3 0x80008db0 (0x85d90593) x11 0x76c7b85e
core   0: 0x80008db4 (0x00000013) nop
core   0: 3 0x80008db4 (0x00000013)
core   0: 0x80008db8 (0x7b489397) auipc   t2, 0x7b489
core   0: 3 0x80008db8 (0x7b489397) x 7 0xfb491db8
core   0: 0x80008dbc (0x01e25f13) srli    t5, tp, 30
core   0: 3 0x80008dbc (0x01e25f13) x30 0x00000003
core   0: 0x80008dc0 (0x41075533) sra     a0, a4, a6
core   0: 3 0x80008dc0 (0x41075533) x10 0x00000001
core   0: 0x80008dc4 (0x41d2df93) srai    t6, t0, 29
core   0: 3 0x80008dc4 (0x41d2df93) x31 0x00000000
core   0: 0x80008dc8 (0x01a54933) xor     s2, a0, s10
core   0: 3 0x80008dc8 (0x01a54933) x18 0x00000001
core   0: 0x80008dcc (0x00b76833) or      a6, a4, a1
core   0: 3 0x80008dcc (0x00b76833) x16 0x76c7b85f
core   0: 0x80008dd0 (0x40d4d793) srai    a5, s1, 13
core   0: 3 0x80008dd0 (0x40d4d793) x15 0xfffc000a
core   0: 0x80008dd4 (0xb696ef93) ori     t6, a3, -1175
core   0: 3 0x80008dd4 (0xb696ef93) x31 0xfffffffb
core   0: 0x80008dd8 (0x0ea5ce93) xori    t4, a1, 234
core   0: 3 0x80008dd8 (0x0ea5ce93) x29 0x76c7b8b4
core   0: 0x80008ddc (0x01495993) srli    s3, s2, 20
core   0: 3 0x80008ddc (0x01495993) x19 0x00000000
core   0: 0x80008de0 (0xb2c9bf13) sltiu   t5, s3, -1236
core   0: 3 0x80008de0 (0xb2c9bf13) x30 0x00000001
core   0: 0x80008de4 (0x4019db33) sra     s6, s3, ra
core   0: 3 0x80008de4 (0x4019db33) x22 0x00000000
core   0: 0x80008de8 (0x046bee97) auipc   t4, 0x46be
core   0: 3 0x80008de8 (0x046bee97) x29 0x846c6de8
core   0: 0x80008dec (0x405451b3) sra     gp, s0, t0
core   0: 3 0x80008dec (0x405451b3) x 3 0xed8f8000
core   0: 0x80008df0 (0x02b2a213) slti    tp, t0, 43
core   0: 3 0x80008df0 (0x02b2a213) x 4 0x00000001
core   0: 0x80008df4 (0x4012d413) srai    s0, t0, 1
core   0: 3 0x80008df4 (0x4012d413) x 8 0x00000000
core   0: 0x80008df8 (0x01b817b3) sll     a5, a6, s11
core   0: 3 0x80008df8 (0x01b817b3) x15 0x76c7b85f
core   0: 0x80008dfc (0xf7a6a093) slti    ra, a3, -134
core   0: 3 0x80008dfc (0xf7a6a093) x 1 0x00000000
core   0: 0x80008e00 (0x40965213) srai    tp, a2, 9
core   0: 3 0x80008e00 (0x40965213) x 4 0xfff78135
core   0: 0x80008e04 (0x01e6b3b3) sltu    t2, a3, t5
core   0: 3 0x80008e04 (0x01e6b3b3) x 7 0x00000000
core   0: 0x80008e08 (0x01609e33) sll     t3, ra, s6
core   0: 3 0x80008e08 (0x01609e33) x28 0x00000000
core   0: 0x80008e0c (0x01331233) sll     tp, t1, s3
core   0: 3 0x80008e0c (0x01331233) x 4 0x8001193f
core   0: 0x80008e10 (0x5512e713) ori     a4, t0, 1361
core   0: 3 0x80008e10 (0x5512e713) x14 0x00000551
core   0: 0x80008e14 (0x0160deb3) srl     t4, ra, s6
core   0: 3 0x80008e14 (0x0160deb3) x29 0x00000000
core   0: 0x80008e18 (0x1cca8593) addi    a1, s5, 460
core   0: 3 0x80008e18 (0x1cca8593) x11 0x80015eb0
core   0: 0x80008e1c (0x00d237b3) sltu    a5, tp, a3
core   0: 3 0x80008e1c (0x00d237b3) x15 0x00000000
core   0: 0x80008e20 (0x416e8133) sub     sp, t4, s6
core   0: 3 0x80008e20 (0x416e8133) x 2 0x00000000
core   0: 0x80008e24 (0x017a9233) sll     tp, s5, s7
core   0: 3 0x80008e24 (0x017a9233) x 4 0x00057390
core   0: 0x80008e28 (0x01675913) srli    s2, a4, 22
core   0: 3 0x80008e28 (0x01675913) x18 0x00000000
core   0: 0x80008e2c (0x411a8d33) sub     s10, s5, a7
core   0: 3 0x80008e2c (0x411a8d33) x26 0x80015ce4
core   0: 0x80008e30 (0x01d09813) slli    a6, ra, 29
core   0: 3 0x80008e30 (0x01d09813) x16 0x00000000
core   0: 0x80008e34 (0x0096eeb3) or      t4, a3, s1
core   0: 3 0x80008e34 (0x0096eeb3) x29 0x80015fdb
core   0: 0x80008e38 (0x001519b3) sll     s3, a0, ra
core   0: 3 0x80008e38 (0x001519b3) x19 0x00000001
core   0: 0x80008e3c (0xc0526813) ori     a6, tp, -1019
core   0: 3 0x80008e3c (0xc0526813) x16 0xffffff95
core   0: 0x80008e40 (0x01c55eb3) srl     t4, a0, t3
core   0: 3 0x80008e40 (0x01c55eb3) x29 0x00000001
core   0: 0x80008e44 (0x40545c13) srai    s8, s0, 5
core   0: 3 0x80008e44 (0x40545c13) x24 0x00000000
core   0: 0x80008e48 (0x001f1c13) slli    s8, t5, 1
core   0: 3 0x80008e48 (0x001f1c13) x24 0x00000002
core   0: 0x80008e4c (0x075cf193) andi    gp, s9, 117
core   0: 3 0x80008e4c (0x075cf193) x 3 0x00000065
core   0: 0x80008e50 (0x009de433) or      s0, s11, s1
core   0: 3 0x80008e50 (0x009de433) x 8 0x80015913
core   0: 0x80008e54 (0x0121d793) srli    a5, gp, 18
core   0: 3 0x80008e54 (0x0121d793) x15 0x00000000
core   0: 0x80008e58 (0xceb6ee13) ori     t3, a3, -789
core   0: 3 0x80008e58 (0xceb6ee13) x28 0xfffffefb
core   0: 0x80008e5c (0x0052f0b3) and     ra, t0, t0
core   0: 3 0x80008e5c (0x0052f0b3) x 1 0x00000000
core   0: 0x80008e60 (0xf9a2e213) ori     tp, t0, -102
core   0: 3 0x80008e60 (0xf9a2e213) x 4 0xffffff9a
core   0: 0x80008e64 (0xd847b437) lui     s0, 0xd847b
core   0: 3 0x80008e64 (0xd847b437) x 8 0xd847b000
core   0: 0x80008e68 (0x55bfb393) sltiu   t2, t6, 1371
core   0: 3 0x80008e68 (0x55bfb393) x 7 0x00000000
core   0: 0x80008e6c (0x004552b3) srl     t0, a0, tp
core   0: 3 0x80008e6c (0x004552b3) x 5 0x00000000
core   0: 0x80008e70 (0xec3c0413) addi    s0, s8, -317
core   0: 3 0x80008e70 (0xec3c0413) x 8 0xfffffec5
core   0: 0x80008e74 (0x00941213) slli    tp, s0, 9
core   0: 3 0x80008e74 (0x00941213) x 4 0xfffd8a00
core   0: 0x80008e78 (0x01599e13) slli    t3, s3, 21
core   0: 3 0x80008e78 (0x01599e13) x28 0x00200000
core   0: 0x80008e7c (0x6027ff93) andi    t6, a5, 1538
core   0: 3 0x80008e7c (0x6027ff93) x31 0x00000000
core   0: 0x80008e80 (0x0125ce33) xor     t3, a1, s2
core   0: 3 0x80008e80 (0x0125ce33) x28 0x80015eb0
core   0: 0x80008e84 (0x018d1113) slli    sp, s10, 24
core   0: 3 0x80008e84 (0x018d1113) x 2 0xe4000000
core   0: 0x80008e88 (0x18c7a0b7) lui     ra, 0x18c7a
core   0: 3 0x80008e88 (0x18c7a0b7) x 1 0x18c7a000
core   0: 0x80008e8c (0xb3bd2c13) slti    s8, s10, -1221
core   0: 3 0x80008e8c (0xb3bd2c13) x24 0x00000001
core   0: 0x80008e90 (0x01b713b3) sll     t2, a4, s11
core   0: 3 0x80008e90 (0x01b713b3) x 7 0x00000551
core   0: 0x80008e94 (0x01683e33) sltu    t3, a6, s6
core   0: 3 0x80008e94 (0x01683e33) x28 0x00000000
core   0: 0x80008e98 (0xc31a2393) slti    t2, s4, -975
core   0: 3 0x80008e98 (0xc31a2393) x 7 0x00000001
core   0: 0x80008e9c (0x040b3e13) sltiu   t3, s6, 64
core   0: 3 0x80008e9c (0x040b3e13) x28 0x00000001
core   0: 0x80008ea0 (0x00c97f33) and     t5, s2, a2
core   0: 3 0x80008ea0 (0x00c97f33) x30 0x00000000
core   0: 0x80008ea4 (0x2e122b97) auipc   s7, 0x2e122
core   0: 3 0x80008ea4 (0x2e122b97) x23 0xae12aea4
core   0: 0x80008ea8 (0x00516833) or      a6, sp, t0
core   0: 3 0x80008ea8 (0x00516833) x16 0xe4000000
core   0: 0x80008eac (0x8c69a293) slti    t0, s3, -1850
core   0: 3 0x80008eac (0x8c69a293) x 5 0x00000000
core   0: 0x80008eb0 (0x017052b3) srl     t0, zero, s7
core   0: 3 0x80008eb0 (0x017052b3) x 5 0x00000000
core   0: 0x80008eb4 (0x015d6033) or      zero, s10, s5
core   0: 3 0x80008eb4 (0x015d6033)
core   0: 0x80008eb8 (0x018ee833) or      a6, t4, s8
core   0: 3 0x80008eb8 (0x018ee833) x16 0x00000001
core   0: 0x80008ebc (0x010d4e33) xor     t3, s10, a6
core   0: 3 0x80008ebc (0x010d4e33) x28 0x80015ce5
core   0: 0x80008ec0 (0x412e8933) sub     s2, t4, s2
core   0: 3 0x80008ec0 (0x412e8933) x18 0x00000001
core   0: 0x80008ec4 (0xc7769937) lui     s2, 0xc7769
core   0: 3 0x80008ec4 (0xc7769937) x18 0xc7769000
core   0: 0x80008ec8 (0x010bbfb3) sltu    t6, s7, a6
core   0: 3 0x80008ec8 (0x010bbfb3) x31 0x00000000
core   0: 0x80008ecc (0x01dc2033) slt     zero, s8, t4
core   0: 3 0x80008ecc (0x01dc2033)
core   0: 0x80008ed0 (0x78b77d13) andi    s10, a4, 1931
core   0: 3 0x80008ed0 (0x78b77d13) x26 0x00000501
core   0: 0x80008ed4 (0x40f95833) sra     a6, s2, a5
core   0: 3 0x80008ed4 (0x40f95833) x16 0xc7769000
core   0: 0x80008ed8 (0x63778eb7) lui     t4, 0x63778
core   0: 3 0x80008ed8 (0x63778eb7) x29 0x63778000
core   0: 0x80008edc (0x018f5913) srli    s2, t5, 24
core   0: 3 0x80008edc (0x018f5913) x18 0x00000000
core   0: 0x80008ee0 (0x0a8e2893) slti    a7, t3, 168
core   0: 3 0x80008ee0 (0x0a8e2893) x17 0x00000001
core   0: 0x80008ee4 (0x006ce433) or      s0, s9, t1
core   0: 3 0x80008ee4 (0x006ce433) x 8 0x80015dff
core   0: 0x80008ee8 (0x72c28993) addi    s3, t0, 1836
core   0: 3 0x80008ee8 (0x72c28993) x19 0x0000072c
core   0: 0x80008eec (0x01fd4833) xor     a6, s10, t6
core   0: 3 0x80008eec (0x01fd4833) x16 0x00000501
core   0: 0x80008ef0 (0x994be517) auipc   a0, 0x994be
core   0: 3 0x80008ef0 (0x994be517) x10 0x194c6ef0
core   0: 0x80008ef4 (0x03638513) addi    a0, t2, 54
core   0: 3 0x80008ef4 (0x03638513) x10 0x00000037
core   0: 0x80008ef8 (0x0130d4b3) srl     s1, ra, s3
core   0: 3 0x80008ef8 (0x0130d4b3) x 9 0x00018c7a
core   0: 0x80008efc (0x0b5afd13) andi    s10, s5, 181
core   0: 3 0x80008efc (0x0b5afd13) x26 0x000000a4
core   0: 0x80008f00 (0x002bf5b3) and     a1, s7, sp
core   0: 3 0x80008f00 (0x002bf5b3) x11 0xa4000000
core   0: 0x80008f04 (0x00726eb3) or      t4, tp, t2
core   0: 3 0x80008f04 (0x00726eb3) x29 0xfffd8a01
core   0: 0x80008f08 (0x01ccccb3) xor     s9, s9, t3
core   0: 3 0x80008f08 (0x01ccccb3) x25 0x00000000
core   0: 0x80008f0c (0x7a620e93) addi    t4, tp, 1958
core   0: 3 0x80008f0c (0x7a620e93) x29 0xfffd91a6
core   0: 0x80008f10 (0x401452b3) sra     t0, s0, ra
core   0: 3 0x80008f10 (0x401452b3) x 5 0x80015dff
core   0: 0x80008f14 (0xf62d2213) slti    tp, s10, -158
core   0: 3 0x80008f14 (0xf62d2213) x 4 0x00000000
core   0: 0x80008f18 (0x17506e97) auipc   t4, 0x17506
core   0: 3 0x80008f18 (0x17506e97) x29 0x9750ef18
core   0: 0x80008f1c (0x015b1bb3) sll     s7, s6, s5
core   0: 3 0x80008f1c (0x015b1bb3) x23 0x00000000
core   0: 0x80008f20 (0x00840433) add     s0, s0, s0
core   0: 3 0x80008f20 (0x00840433) x 8 0x0002bbfe
core   0: 0x80008f24 (0x0044b3b3) sltu    t2, s1, tp
core   0: 3 0x80008f24 (0x0044b3b3) x 7 0x00000000
core   0: 0x80008f28 (0x01dea133) slt     sp, t4, t4
core   0: 3 0x80008f28 (0x01dea133) x 2 0x00000000
core   0: 0x80008f2c (0x003d3c33) sltu    s8, s10, gp
core   0: 3 0x80008f2c (0x003d3c33) x24 0x00000000
core   0: 0x80008f30 (0x00000013) nop
core   0: 3 0x80008f30 (0x00000013)
core   0: 0x80008f34 (0x00bf8433) add     s0, t6, a1
core   0: 3 0x80008f34 (0x00bf8433) x 8 0xa4000000
core   0: 0x80008f38 (0x00000013) nop
core   0: 3 0x80008f38 (0x00000013)
core   0: 0x80008f3c (0xef1c7693) andi    a3, s8, -271
core   0: 3 0x80008f3c (0xef1c7693) x13 0x00000000
core   0: 0x80008f40 (0xd2cd2993) slti    s3, s10, -724
core   0: 3 0x80008f40 (0xd2cd2993) x19 0x00000000
core   0: 0x80008f44 (0x00a33933) sltu    s2, t1, a0
core   0: 3 0x80008f44 (0x00a33933) x18 0x00000000
core   0: 0x80008f48 (0x409f5333) sra     t1, t5, s1
core   0: 3 0x80008f48 (0x409f5333) x 6 0x00000000
core   0: 0x80008f4c (0x0184a333) slt     t1, s1, s8
core   0: 3 0x80008f4c (0x0184a333) x 6 0x00000000
core   0: 0x80008f50 (0x9e8a0397) auipc   t2, 0x9e8a0
core   0: 3 0x80008f50 (0x9e8a0397) x 7 0x1e8a8f50
core   0: 0x80008f54 (0x01f2a4b3) slt     s1, t0, t6
core   0: 3 0x80008f54 (0x01f2a4b3) x 9 0x00000001
core   0: 0x80008f58 (0x00cd2fb3) slt     t6, s10, a2
core   0: 3 0x80008f58 (0x00cd2fb3) x31 0x00000000
core   0: 0x80008f5c (0x41725d13) srai    s10, tp, 23
core   0: 3 0x80008f5c (0x41725d13) x26 0x00000000
core   0: 0x80008f60 (0x9ad73993) sltiu   s3, a4, -1619
core   0: 3 0x80008f60 (0x9ad73993) x19 0x00000001
core   0: 0x80008f64 (0x087a7693) andi    a3, s4, 135
core   0: 3 0x80008f64 (0x087a7693) x13 0x00000004
core   0: 0x80008f68 (0x410502b3) sub     t0, a0, a6
core   0: 3 0x80008f68 (0x410502b3) x 5 0xfffffb36
core   0: 0x80008f6c (0xec9665b7) lui     a1, 0xec966
core   0: 3 0x80008f6c (0xec9665b7) x11 0xec966000
core   0: 0x80008f70 (0xbd3582b7) lui     t0, 0xbd358
core   0: 3 0x80008f70 (0xbd3582b7) x 5 0xbd358000
core   0: 0x80008f74 (0xfff00393) li      t2, -1
core   0: 3 0x80008f74 (0xfff00393) x 7 0xffffffff
core   0: 0x80008f78 (0x800007b7) lui     a5, 0x80000
core   0: 3 0x80008f78 (0x800007b7) x15 0x80000000
core   0: 0x80008f7c (0x800002b7) lui     t0, 0x80000
core   0: 3 0x80008f7c (0x800002b7) x 5 0x80000000
core   0: 0x80008f80 (0xfff00913) li      s2, -1
core   0: 3 0x80008f80 (0xfff00913) x18 0xffffffff
core   0: 0x80008f84 (0x00000313) li      t1, 0
core   0: 3 0x80008f84 (0x00000313) x 6 0x00000000
core   0: 0x80008f88 (0xfff00d93) li      s11, -1
core   0: 3 0x80008f88 (0xfff00d93) x27 0xffffffff
core   0: 0x80008f8c (0x76d73d37) lui     s10, 0x76d73
core   0: 3 0x80008f8c (0x76d73d37) x26 0x76d73000
core   0: 0x80008f90 (0xf90d0d13) addi    s10, s10, -112
core   0: 3 0x80008f90 (0xf90d0d13) x26 0x76d72f90
core   0: 0x80008f94 (0x800005b7) lui     a1, 0x80000
core   0: 3 0x80008f94 (0x800005b7) x11 0x80000000
core   0: 0x80008f98 (0x00000713) li      a4, 0
core   0: 3 0x80008f98 (0x00000713) x14 0x00000000
core   0: 0x80008f9c (0x00000493) li      s1, 0
core   0: 3 0x80008f9c (0x00000493) x 9 0x00000000
core   0: 0x80008fa0 (0x0c0dd497) auipc   s1, 0xc0dd
core   0: 3 0x80008fa0 (0x0c0dd497) x 9 0x8c0e5fa0
core   0: 0x80008fa4 (0x00fd8db3) add     s11, s11, a5
core   0: 3 0x80008fa4 (0x00fd8db3) x27 0x7fffffff
core   0: 0x80008fa8 (0x01bd0333) add     t1, s10, s11
core   0: 3 0x80008fa8 (0x01bd0333) x 6 0xf6d72f8f
core   0: 0x80008fac (0x009484b3) add     s1, s1, s1
core   0: 3 0x80008fac (0x009484b3) x 9 0x181cbf40
core   0: 0x80008fb0 (0x409902b3) sub     t0, s2, s1
core   0: 3 0x80008fb0 (0x409902b3) x 5 0xe7e340bf
core   0: 0x80008fb4 (0xa4148d13) addi    s10, s1, -1471
core   0: 3 0x80008fb4 (0xa4148d13) x26 0x181cb981
core   0: 0x80008fb8 (0xcd66f797) auipc   a5, 0xcd66f
core   0: 3 0x80008fb8 (0xcd66f797) x15 0x4d677fb8
core   0: 0x80008fbc (0xfa378393) addi    t2, a5, -93
core   0: 3 0x80008fbc (0xfa378393) x 7 0x4d677f5b
core   0: 0x80008fc0 (0x8632cd37) lui     s10, 0x8632c
core   0: 3 0x80008fc0 (0x8632cd37) x26 0x8632c000
core   0: 0x80008fc4 (0x25a17297) auipc   t0, 0x25a17
core   0: 3 0x80008fc4 (0x25a17297) x 5 0xa5a1ffc4
core   0: 0x80008fc8 (0x791ed317) auipc   t1, 0x791ed
core   0: 3 0x80008fc8 (0x791ed317) x 6 0xf91f5fc8
core   0: 0x80008fcc (0x00790db3) add     s11, s2, t2
core   0: 3 0x80008fcc (0x00790db3) x27 0x4d677f5a
core   0: 0x80008fd0 (0xcb4af717) auipc   a4, 0xcb4af
core   0: 3 0x80008fd0 (0xcb4af717) x14 0x4b4b7fd0
core   0: 0x80008fd4 (0x40b78333) sub     t1, a5, a1
core   0: 3 0x80008fd4 (0x40b78333) x 6 0xcd677fb8
core   0: 0x80008fd8 (0x60e3f7b7) lui     a5, 0x60e3f
core   0: 3 0x80008fd8 (0x60e3f7b7) x15 0x60e3f000
core   0: 0x80008fdc (0x00000013) nop
core   0: 3 0x80008fdc (0x00000013)
core   0: 0x80008fe0 (0x4228d317) auipc   t1, 0x4228d
core   0: 3 0x80008fe0 (0x4228d317) x 6 0xc2295fe0
core   0: 0x80008fe4 (0x00578933) add     s2, a5, t0
core   0: 3 0x80008fe4 (0x00578933) x18 0x0685efc4
core   0: 0x80008fe8 (0xe0608db7) lui     s11, 0xe0608
core   0: 3 0x80008fe8 (0xe0608db7) x27 0xe0608000
core   0: 0x80008fec (0x00000013) nop
core   0: 3 0x80008fec (0x00000013)
core   0: 0x80008ff0 (0x0072b0b3) sltu    ra, t0, t2
core   0: 3 0x80008ff0 (0x0072b0b3) x 1 0x00000000
core   0: 0x80008ff4 (0x42b8e293) ori     t0, a7, 1067
core   0: 3 0x80008ff4 (0x42b8e293) x 5 0x0000042b
core   0: 0x80008ff8 (0xafa30b13) addi    s6, t1, -1286
core   0: 3 0x80008ff8 (0xafa30b13) x22 0xc2295ada
core   0: 0x80008ffc (0x00080433) add     s0, a6, zero
core   0: 3 0x80008ffc (0x00080433) x 8 0x00000501
core   0: 0x80009000 (0x004c9833) sll     a6, s9, tp
core   0: 3 0x80009000 (0x004c9833) x16 0x00000000
core   0: 0x80009004 (0x01841033) sll     zero, s0, s8
core   0: 3 0x80009004 (0x01841033)
core   0: 0x80009008 (0x00d0cfb3) xor     t6, ra, a3
core   0: 3 0x80009008 (0x00d0cfb3) x31 0x00000004
core   0: 0x8000900c (0x40e25e13) srai    t3, tp, 14
core   0: 3 0x8000900c (0x40e25e13) x28 0x00000000
core   0: 0x80009010 (0x0f4dd597) auipc   a1, 0xf4dd
core   0: 3 0x80009010 (0x0f4dd597) x11 0x8f4e6010
core   0: 0x80009014 (0x087f6193) ori     gp, t5, 135
core   0: 3 0x80009014 (0x087f6193) x 3 0x00000087
core   0: 0x80009018 (0x41eddf33) sra     t5, s11, t5
core   0: 3 0x80009018 (0x41eddf33) x30 0xe0608000
core   0: 0x8000901c (0x00105233) srl     tp, zero, ra
core   0: 3 0x8000901c (0x00105233) x 4 0x00000000
core   0: 0x80009020 (0xaa284d13) xori    s10, a6, -1374
core   0: 3 0x80009020 (0xaa284d13) x26 0xfffffaa2
core   0: 0x80009024 (0x00154333) xor     t1, a0, ra
core   0: 3 0x80009024 (0x00154333) x 6 0x00000037
core   0: 0x80009028 (0x0086de33) srl     t3, a3, s0
core   0: 3 0x80009028 (0x0086de33) x28 0x00000002
core   0: 0x8000902c (0x155a3213) sltiu   tp, s4, 341
core   0: 3 0x8000902c (0x155a3213) x 4 0x00000000
core   0: 0x80009030 (0x40b953b3) sra     t2, s2, a1
core   0: 3 0x80009030 (0x40b953b3) x 7 0x00000685
core   0: 0x80009034 (0x004a53b3) srl     t2, s4, tp
core   0: 3 0x80009034 (0x004a53b3) x 7 0x80011e64
core   0: 0x80009038 (0x0142d893) srli    a7, t0, 20
core   0: 3 0x80009038 (0x0142d893) x17 0x00000000
core   0: 0x8000903c (0x7d1ba293) slti    t0, s7, 2001
core   0: 3 0x8000903c (0x7d1ba293) x 5 0x00000001
core   0: 0x80009040 (0x01d21e33) sll     t3, tp, t4
core   0: 3 0x80009040 (0x01d21e33) x28 0x00000000
core   0: 0x80009044 (0x00000013) nop
core   0: 3 0x80009044 (0x00000013)
core   0: 0x80009048 (0xf6f1c413) xori    s0, gp, -145
core   0: 3 0x80009048 (0xf6f1c413) x 8 0xffffffe8
core   0: 0x8000904c (0x96c06193) ori     gp, zero, -1684
core   0: 3 0x8000904c (0x96c06193) x 3 0xfffff96c
core   0: 0x80009050 (0x953b6393) ori     t2, s6, -1709
core   0: 3 0x80009050 (0x953b6393) x 7 0xfffffbdb
core   0: 0x80009054 (0x009538b3) sltu    a7, a0, s1
core   0: 3 0x80009054 (0x009538b3) x17 0x00000001
core   0: 0x80009058 (0x00000013) nop
core   0: 3 0x80009058 (0x00000013)
core   0: 0x8000905c (0xeb822493) slti    s1, tp, -328
core   0: 3 0x8000905c (0xeb822493) x 9 0x00000000
core   0: 0x80009060 (0x79fe3e13) sltiu   t3, t3, 1951
core   0: 3 0x80009060 (0x79fe3e13) x28 0x00000001
core   0: 0x80009064 (0x414f8f33) sub     t5, t6, s4
core   0: 3 0x80009064 (0x414f8f33) x30 0x7ffee1a0
core   0: 0x80009068 (0x84927e93) andi    t4, tp, -1975
core   0: 3 0x80009068 (0x84927e93) x29 0x00000000
core   0: 0x8000906c (0x019f4c33) xor     s8, t5, s9
core   0: 3 0x8000906c (0x019f4c33) x24 0x7ffee1a0
core   0: 0x80009070 (0x01491893) slli    a7, s2, 20
core   0: 3 0x80009070 (0x01491893) x17 0xfc400000
core   0: 0x80009074 (0x00000013) nop
core   0: 3 0x80009074 (0x00000013)
core   0: 0x80009078 (0xb6f40c13) addi    s8, s0, -1169
core   0: 3 0x80009078 (0xb6f40c13) x24 0xfffffb57
core   0: 0x8000907c (0x27b9c993) xori    s3, s3, 635
core   0: 3 0x8000907c (0x27b9c993) x19 0x0000027a
core   0: 0x80009080 (0x000da333) slt     t1, s11, zero
core   0: 3 0x80009080 (0x000da333) x 6 0x00000001
core   0: 0x80009084 (0x01d61f13) slli    t5, a2, 29
core   0: 3 0x80009084 (0x01d61f13) x30 0xc0000000
core   0: 0x80009088 (0x14a3e293) ori     t0, t2, 330
core   0: 3 0x80009088 (0x14a3e293) x 5 0xfffffbdb
core   0: 0x8000908c (0x0100e9b3) or      s3, ra, a6
core   0: 3 0x8000908c (0x0100e9b3) x19 0x00000000
core   0: 0x80009090 (0x403ddd13) srai    s10, s11, 3
core   0: 3 0x80009090 (0x403ddd13) x26 0xfc0c1000
core   0: 0x80009094 (0x010ba133) slt     sp, s7, a6
core   0: 3 0x80009094 (0x010ba133) x 2 0x00000000
core   0: 0x80009098 (0x40e78eb3) sub     t4, a5, a4
core   0: 3 0x80009098 (0x40e78eb3) x29 0x15987030
core   0: 0x8000909c (0x01285b13) srli    s6, a6, 18
core   0: 3 0x8000909c (0x01285b13) x22 0x00000000
core   0: 0x800090a0 (0xba08e893) ori     a7, a7, -1120
core   0: 3 0x800090a0 (0xba08e893) x17 0xfffffba0
core   0: 0x800090a4 (0xdad12e93) slti    t4, sp, -595
core   0: 3 0x800090a4 (0xdad12e93) x29 0x00000000
core   0: 0x800090a8 (0x01779733) sll     a4, a5, s7
core   0: 3 0x800090a8 (0x01779733) x14 0x60e3f000
core   0: 0x800090ac (0x87313097) auipc   ra, 0x87313
core   0: 3 0x800090ac (0x87313097) x 1 0x0731c0ac
core   0: 0x800090b0 (0x014affb3) and     t6, s5, s4
core   0: 3 0x800090b0 (0x014affb3) x31 0x80011c64
core   0: 0x800090b4 (0x401bd513) srai    a0, s7, 1
core   0: 3 0x800090b4 (0x401bd513) x10 0x00000000
core   0: 0x800090b8 (0x012c67b3) or      a5, s8, s2
core   0: 3 0x800090b8 (0x012c67b3) x15 0xffffffd7
core   0: 0x800090bc (0x2231b793) sltiu   a5, gp, 547
core   0: 3 0x800090bc (0x2231b793) x15 0x00000000
core   0: 0x800090c0 (0x407a85b3) sub     a1, s5, t2
core   0: 3 0x800090c0 (0x407a85b3) x11 0x80016109
core   0: 0x800090c4 (0x00fad493) srli    s1, s5, 15
core   0: 3 0x800090c4 (0x00fad493) x 9 0x00010002
core   0: 0x800090c8 (0x01e51eb3) sll     t4, a0, t5
core   0: 3 0x800090c8 (0x01e51eb3) x29 0x00000000
core   0: 0x800090cc (0x40d859b3) sra     s3, a6, a3
core   0: 3 0x800090cc (0x40d859b3) x19 0x00000000
core   0: 0x800090d0 (0x01495e33) srl     t3, s2, s4
core   0: 3 0x800090d0 (0x01495e33) x28 0x00685efc
core   0: 0x800090d4 (0x009b0333) add     t1, s6, s1
core   0: 3 0x800090d4 (0x009b0333) x 6 0x00010002
core   0: 0x800090d8 (0x1c313b93) sltiu   s7, sp, 451
core   0: 3 0x800090d8 (0x1c313b93) x23 0x00000001
core   0: 0x800090dc (0x019abeb3) sltu    t4, s5, s9
core   0: 3 0x800090dc (0x019abeb3) x29 0x00000000
core   0: 0x800090e0 (0x54684437) lui     s0, 0x54684
core   0: 3 0x800090e0 (0x54684437) x 8 0x54684000
core   0: 0x800090e4 (0x77032e93) slti    t4, t1, 1904
core   0: 3 0x800090e4 (0x77032e93) x29 0x00000000
core   0: 0x800090e8 (0xccefd797) auipc   a5, 0xccefd
core   0: 3 0x800090e8 (0xccefd797) x15 0x4cf060e8
core   0: 0x800090ec (0x00000013) nop
core   0: 3 0x800090ec (0x00000013)
core   0: 0x800090f0 (0x01159eb3) sll     t4, a1, a7
core   0: 3 0x800090f0 (0x01159eb3) x29 0x80016109
core   0: 0x800090f4 (0x5d9aef13) ori     t5, s5, 1497
core   0: 3 0x800090f4 (0x5d9aef13) x30 0x80015dfd
core   0: 0x800090f8 (0xfe13f893) andi    a7, t2, -31
core   0: 3 0x800090f8 (0xfe13f893) x17 0xfffffbc1
core   0: 0x800090fc (0x4138d133) sra     sp, a7, s3
core   0: 3 0x800090fc (0x4138d133) x 2 0xfffffbc1
core   0: 0x80009100 (0x30c6a913) slti    s2, a3, 780
core   0: 3 0x80009100 (0x30c6a913) x18 0x00000001
core   0: 0x80009104 (0x6266b017) auipc   zero, 0x6266b
core   0: 3 0x80009104 (0x6266b017)
core   0: 0x80009108 (0x01eddc33) srl     s8, s11, t5
core   0: 3 0x80009108 (0x01eddc33) x24 0x00000007
core   0: 0x8000910c (0xf4ee8b13) addi    s6, t4, -178
core   0: 3 0x8000910c (0xf4ee8b13) x22 0x80016057
core   0: 0x80009110 (0x078e7293) andi    t0, t3, 120
core   0: 3 0x80009110 (0x078e7293) x 5 0x00000078
core   0: 0x80009114 (0x012e0d33) add     s10, t3, s2
core   0: 3 0x80009114 (0x012e0d33) x26 0x00685efd
core   0: 0x80009118 (0x4f077393) andi    t2, a4, 1264
core   0: 3 0x80009118 (0x4f077393) x 7 0x00000000
core   0: 0x8000911c (0x017a8533) add     a0, s5, s7
core   0: 3 0x8000911c (0x017a8533) x10 0x80015ce5
core   0: 0x80009120 (0x41385013) srai    zero, a6, 19
core   0: 3 0x80009120 (0x41385013)
core   0: 0x80009124 (0x00f99f33) sll     t5, s3, a5
core   0: 3 0x80009124 (0x00f99f33) x30 0x00000000
core   0: 0x80009128 (0x01489013) slli    zero, a7, 20
core   0: 3 0x80009128 (0x01489013)
core   0: 0x8000912c (0x018f9993) slli    s3, t6, 24
core   0: 3 0x8000912c (0x018f9993) x19 0x64000000
core   0: 0x80009130 (0x00000013) nop
core   0: 3 0x80009130 (0x00000013)
core   0: 0x80009134 (0x8b664913) xori    s2, a2, -1866
core   0: 3 0x80009134 (0x8b664913) x18 0x10fd9258
core   0: 0x80009138 (0x00000013) nop
core   0: 3 0x80009138 (0x00000013)
core   0: 0x8000913c (0x2484c393) xori    t2, s1, 584
core   0: 3 0x8000913c (0x2484c393) x 7 0x0001024a
core   0: 0x80009140 (0x00000013) nop
core   0: 3 0x80009140 (0x00000013)
core   0: 0x80009144 (0x007701b3) add     gp, a4, t2
core   0: 3 0x80009144 (0x007701b3) x 3 0x60e4f24a
core   0: 0x80009148 (0xd395b737) lui     a4, 0xd395b
core   0: 3 0x80009148 (0xd395b737) x14 0xd395b000
core   0: 0x8000914c (0x00000013) nop
core   0: 3 0x8000914c (0x00000013)
core   0: 0x80009150 (0x45501c97) auipc   s9, 0x45501
core   0: 3 0x80009150 (0x45501c97) x25 0xc550a150
core   0: 0x80009154 (0xc96db193) sltiu   gp, s11, -874
core   0: 3 0x80009154 (0xc96db193) x 3 0x00000001
core   0: 0x80009158 (0xd50ff293) andi    t0, t6, -688
core   0: 3 0x80009158 (0xd50ff293) x 5 0x80011c40
core   0: 0x8000915c (0xa110cc13) xori    s8, ra, -1519
core   0: 3 0x8000915c (0xa110cc13) x24 0xf8ce3abd
core   0: 0x80009160 (0x27abc513) xori    a0, s7, 634
core   0: 3 0x80009160 (0x27abc513) x10 0x0000027b
core   0: 0x80009164 (0x6a5a3293) sltiu   t0, s4, 1701
core   0: 3 0x80009164 (0x6a5a3293) x 5 0x00000000
core   0: 0x80009168 (0x41f85213) srai    tp, a6, 31
core   0: 3 0x80009168 (0x41f85213) x 4 0x00000000
core   0: 0x8000916c (0x311fce13) xori    t3, t6, 785
core   0: 3 0x8000916c (0x311fce13) x28 0x80011f75
core   0: 0x80009170 (0xd1816f13) ori     t5, sp, -744
core   0: 3 0x80009170 (0xd1816f13) x30 0xffffffd9
core   0: 0x80009174 (0x35df1c97) auipc   s9, 0x35df1
core   0: 3 0x80009174 (0x35df1c97) x25 0xb5dfa174
core   0: 0x80009178 (0x01cf21b3) slt     gp, t5, t3
core   0: 3 0x80009178 (0x01cf21b3) x 3 0x00000000
core   0: 0x8000917c (0x0019ce33) xor     t3, s3, ra
core   0: 3 0x8000917c (0x0019ce33) x28 0x6331c0ac
core   0: 0x80009180 (0x00b4dcb3) srl     s9, s1, a1
core   0: 3 0x80009180 (0x00b4dcb3) x25 0x00000080
core   0: 0x80009184 (0x28663f13) sltiu   t5, a2, 646
core   0: 3 0x80009184 (0x28663f13) x30 0x00000000
core   0: 0x80009188 (0x1ca4ad13) slti    s10, s1, 458
core   0: 3 0x80009188 (0x1ca4ad13) x26 0x00000000
core   0: 0x8000918c (0x018a59b3) srl     s3, s4, s8
core   0: 3 0x8000918c (0x018a59b3) x19 0x00000004
core   0: 0x80009190 (0x01427e33) and     t3, tp, s4
core   0: 3 0x80009190 (0x01427e33) x28 0x00000000
core   0: 0x80009194 (0x402ddd33) sra     s10, s11, sp
core   0: 3 0x80009194 (0x402ddd33) x26 0xf0304000
core   0: 0x80009198 (0x017530b3) sltu    ra, a0, s7
core   0: 3 0x80009198 (0x017530b3) x 1 0x00000000
core   0: 0x8000919c (0x000eb433) sltu    s0, t4, zero
core   0: 3 0x8000919c (0x000eb433) x 8 0x00000000
core   0: 0x800091a0 (0x41235d13) srai    s10, t1, 18
core   0: 3 0x800091a0 (0x41235d13) x26 0x00000000
core   0: 0x800091a4 (0x01e80db3) add     s11, a6, t5
core   0: 3 0x800091a4 (0x01e80db3) x27 0x00000000
core   0: 0x800091a8 (0x015232b3) sltu    t0, tp, s5
core   0: 3 0x800091a8 (0x015232b3) x 5 0x00000001
core   0: 0x800091ac (0x12cd0113) addi    sp, s10, 300
core   0: 3 0x800091ac (0x12cd0113) x 2 0x0000012c
core   0: 0x800091b0 (0x01369713) slli    a4, a3, 19
core   0: 3 0x800091b0 (0x01369713) x14 0x00200000
core   0: 0x800091b4 (0x5d6ab293) sltiu   t0, s5, 1494
core   0: 3 0x800091b4 (0x5d6ab293) x 5 0x00000000
core   0: 0x800091b8 (0x0157ef33) or      t5, a5, s5
core   0: 3 0x800091b8 (0x0157ef33) x30 0xccf17cec
core   0: 0x800091bc (0xf6bb4693) xori    a3, s6, -149
core   0: 3 0x800091bc (0xf6bb4693) x13 0x7ffe9f3c
core   0: 0x800091c0 (0x0013d733) srl     a4, t2, ra
core   0: 3 0x800091c0 (0x0013d733) x14 0x0001024a
core   0: 0x800091c4 (0xd5d3b813) sltiu   a6, t2, -675
core   0: 3 0x800091c4 (0xd5d3b813) x16 0x00000001
core   0: 0x800091c8 (0x40b9dd93) srai    s11, s3, 11
core   0: 3 0x800091c8 (0x40b9dd93) x27 0x00000000
core   0: 0x800091cc (0x66a6f493) andi    s1, a3, 1642
core   0: 3 0x800091cc (0x66a6f493) x 9 0x00000628
core   0: 0x800091d0 (0xb90ae913) ori     s2, s5, -1136
core   0: 3 0x800091d0 (0xb90ae913) x18 0xfffffff4
core   0: 0x800091d4 (0xc06fe513) ori     a0, t6, -1018
core   0: 3 0x800091d4 (0xc06fe513) x10 0xfffffc66
core   0: 0x800091d8 (0xdfa42413) slti    s0, s0, -518
core   0: 3 0x800091d8 (0xdfa42413) x 8 0x00000000
core   0: 0x800091dc (0x00959293) slli    t0, a1, 9
core   0: 3 0x800091dc (0x00959293) x 5 0x02c21200
core   0: 0x800091e0 (0x00000013) nop
core   0: 3 0x800091e0 (0x00000013)
core   0: 0x800091e4 (0x010690b3) sll     ra, a3, a6
core   0: 3 0x800091e4 (0x010690b3) x 1 0xfffd3e78
core   0: 0x800091e8 (0x08f46db7) lui     s11, 0x8f46
core   0: 3 0x800091e8 (0x08f46db7) x27 0x08f46000
core   0: 0x800091ec (0x00000013) nop
core   0: 3 0x800091ec (0x00000013)
core   0: 0x800091f0 (0x077aa193) slti    gp, s5, 119
core   0: 3 0x800091f0 (0x077aa193) x 3 0x00000001
core   0: 0x800091f4 (0x40588433) sub     s0, a7, t0
core   0: 3 0x800091f4 (0x40588433) x 8 0xfd3de9c1
core   0: 0x800091f8 (0x01453533) sltu    a0, a0, s4
core   0: 3 0x800091f8 (0x01453533) x10 0x00000000
core   0: 0x800091fc (0xd811e893) ori     a7, gp, -639
core   0: 3 0x800091fc (0xd811e893) x17 0xfffffd81
core   0: 0x80009200 (0x00cf1813) slli    a6, t5, 12
core   0: 3 0x80009200 (0x00cf1813) x16 0x17cec000
core   0: 0x80009204 (0x004fd113) srli    sp, t6, 4
core   0: 3 0x80009204 (0x004fd113) x 2 0x080011c6
core   0: 0x80009208 (0x01d1d933) srl     s2, gp, t4
core   0: 3 0x80009208 (0x01d1d933) x18 0x00000000
core   0: 0x8000920c (0x00dd3bb3) sltu    s7, s10, a3
core   0: 3 0x8000920c (0x00dd3bb3) x23 0x00000001
core   0: 0x80009210 (0x01119433) sll     s0, gp, a7
core   0: 3 0x80009210 (0x01119433) x 8 0x00000002
core   0: 0x80009214 (0x00dc54b3) srl     s1, s8, a3
core   0: 3 0x80009214 (0x00dc54b3) x 9 0x0000000f
core   0: 0x80009218 (0x638ca113) slti    sp, s9, 1592
core   0: 3 0x80009218 (0x638ca113) x 2 0x00000001
core   0: 0x8000921c (0xf945ffb7) lui     t6, 0xf945f
core   0: 3 0x8000921c (0xf945ffb7) x31 0xf945f000
core   0: 0x80009220 (0x01e845b3) xor     a1, a6, t5
core   0: 3 0x80009220 (0x01e845b3) x11 0xdb3fbcec
core   0: 0x80009224 (0x7d708d93) addi    s11, ra, 2007
core   0: 3 0x80009224 (0x7d708d93) x27 0xfffd464f
core   0: 0x80009228 (0x00c0d913) srli    s2, ra, 12
core   0: 3 0x80009228 (0x00c0d913) x18 0x000fffd3
core   0: 0x8000922c (0x0100bd33) sltu    s10, ra, a6
core   0: 3 0x8000922c (0x0100bd33) x26 0x00000000
core   0: 0x80009230 (0x002dd2b3) srl     t0, s11, sp
core   0: 3 0x80009230 (0x002dd2b3) x 5 0x7ffea327
core   0: 0x80009234 (0xe4676393) ori     t2, a4, -442
core   0: 3 0x80009234 (0xe4676393) x 7 0xfffffe4e
core   0: 0x80009238 (0x00ba3b33) sltu    s6, s4, a1
core   0: 3 0x80009238 (0x00ba3b33) x22 0x00000001
core   0: 0x8000923c (0x018d9293) slli    t0, s11, 24
core   0: 3 0x8000923c (0x018d9293) x 5 0x4f000000
core   0: 0x80009240 (0x01f7bf33) sltu    t5, a5, t6
core   0: 3 0x80009240 (0x01f7bf33) x30 0x00000001
core   0: 0x80009244 (0x96d74337) lui     t1, 0x96d74
core   0: 3 0x80009244 (0x96d74337) x 6 0x96d74000
core   0: 0x80009248 (0x414c5d93) srai    s11, s8, 20
core   0: 3 0x80009248 (0x414c5d93) x27 0xffffff8c
core   0: 0x8000924c (0x00000013) nop
core   0: 3 0x8000924c (0x00000013)
core   0: 0x80009250 (0x012319b3) sll     s3, t1, s2
core   0: 3 0x80009250 (0x012319b3) x19 0x00000000
core   0: 0x80009254 (0x00000013) nop
core   0: 3 0x80009254 (0x00000013)
core   0: 0x80009258 (0xdf6cae93) slti    t4, s9, -522
core   0: 3 0x80009258 (0xdf6cae93) x29 0x00000000
core   0: 0x8000925c (0x8872f213) andi    tp, t0, -1913
core   0: 3 0x8000925c (0x8872f213) x 4 0x4f000000
core   0: 0x80009260 (0x01871893) slli    a7, a4, 24
core   0: 3 0x80009260 (0x01871893) x17 0x4a000000
core   0: 0x80009264 (0x41a55c13) srai    s8, a0, 26
core   0: 3 0x80009264 (0x41a55c13) x24 0x00000000
core   0: 0x80009268 (0xd4dea913) slti    s2, t4, -691
core   0: 3 0x80009268 (0xd4dea913) x18 0x00000000
core   0: 0x8000926c (0x01f75db3) srl     s11, a4, t6
core   0: 3 0x8000926c (0x01f75db3) x27 0x0001024a
core   0: 0x80009270 (0x26eff013) andi    zero, t6, 622
core   0: 3 0x80009270 (0x26eff013)
core   0: 0x80009274 (0x276f3f13) sltiu   t5, t5, 630
core   0: 3 0x80009274 (0x276f3f13) x30 0x00000001
core   0: 0x80009278 (0xc8e58913) addi    s2, a1, -882
core   0: 3 0x80009278 (0xc8e58913) x18 0xdb3fb97a
core   0: 0x8000927c (0x01771d13) slli    s10, a4, 23
core   0: 3 0x8000927c (0x01771d13) x26 0x25000000
core   0: 0x80009280 (0x004ac6b3) xor     a3, s5, tp
core   0: 3 0x80009280 (0x004ac6b3) x13 0xcf015ce4
core   0: 0x80009284 (0xb2b6eb13) ori     s6, a3, -1237
core   0: 3 0x80009284 (0xb2b6eb13) x22 0xffffffef
core   0: 0x80009288 (0x0000a1b3) slt     gp, ra, zero
core   0: 3 0x80009288 (0x0000a1b3) x 3 0x00000001
core   0: 0x8000928c (0x006893b3) sll     t2, a7, t1
core   0: 3 0x8000928c (0x006893b3) x 7 0x4a000000
core   0: 0x80009290 (0x005f1e33) sll     t3, t5, t0
core   0: 3 0x80009290 (0x005f1e33) x28 0x00000001
core   0: 0x80009294 (0x7c76a113) slti    sp, a3, 1991
core   0: 3 0x80009294 (0x7c76a113) x 2 0x00000001
core   0: 0x80009298 (0x01a997b3) sll     a5, s3, s10
core   0: 3 0x80009298 (0x01a997b3) x15 0x00000000
core   0: 0x8000929c (0x799d2913) slti    s2, s10, 1945
core   0: 3 0x8000929c (0x799d2913) x18 0x00000000
core   0: 0x800092a0 (0x01035b93) srli    s7, t1, 16
core   0: 3 0x800092a0 (0x01035b93) x23 0x000096d7
core   0: 0x800092a4 (0x01887b33) and     s6, a6, s8
core   0: 3 0x800092a4 (0x01887b33) x22 0x00000000
core   0: 0x800092a8 (0x01aa7733) and     a4, s4, s10
core   0: 3 0x800092a8 (0x01aa7733) x14 0x00000000
core   0: 0x800092ac (0xd9228813) addi    a6, t0, -622
core   0: 3 0x800092ac (0xd9228813) x16 0x4efffd92
core   0: 0x800092b0 (0x00a79833) sll     a6, a5, a0
core   0: 3 0x800092b0 (0x00a79833) x16 0x00000000
core   0: 0x800092b4 (0xa8076493) ori     s1, a4, -1408
core   0: 3 0x800092b4 (0xa8076493) x 9 0xfffffa80
core   0: 0x800092b8 (0x01b40e33) add     t3, s0, s11
core   0: 3 0x800092b8 (0x01b40e33) x28 0x0001024c
core   0: 0x800092bc (0xae020d13) addi    s10, tp, -1312
core   0: 3 0x800092bc (0xae020d13) x26 0x4efffae0
core   0: 0x800092c0 (0x01297c33) and     s8, s2, s2
core   0: 3 0x800092c0 (0x01297c33) x24 0x00000000
core   0: 0x800092c4 (0x0042af33) slt     t5, t0, tp
core   0: 3 0x800092c4 (0x0042af33) x30 0x00000000
core   0: 0x800092c8 (0x4b702c93) slti    s9, zero, 1207
core   0: 3 0x800092c8 (0x4b702c93) x25 0x00000001
core   0: 0x800092cc (0x8d9d6493) ori     s1, s10, -1831
core   0: 3 0x800092cc (0x8d9d6493) x 9 0xfffffaf9
core   0: 0x800092d0 (0x01c31833) sll     a6, t1, t3
core   0: 3 0x800092d0 (0x01c31833) x16 0x74000000
core   0: 0x800092d4 (0xc4d99bb7) lui     s7, 0xc4d99
core   0: 3 0x800092d4 (0xc4d99bb7) x23 0xc4d99000
core   0: 0x800092d8 (0x1419c293) xori    t0, s3, 321
core   0: 3 0x800092d8 (0x1419c293) x 5 0x00000141
core   0: 0x800092dc (0x00000013) nop
core   0: 3 0x800092dc (0x00000013)
core   0: 0x800092e0 (0x00d71793) slli    a5, a4, 13
core   0: 3 0x800092e0 (0x00d71793) x15 0x00000000
core   0: 0x800092e4 (0x4143df33) sra     t5, t2, s4
core   0: 3 0x800092e4 (0x4143df33) x30 0x04a00000
core   0: 0x800092e8 (0x00000013) nop
core   0: 3 0x800092e8 (0x00000013)
core   0: 0x800092ec (0x3cd1cc93) xori    s9, gp, 973
core   0: 3 0x800092ec (0x3cd1cc93) x25 0x000003cc
core   0: 0x800092f0 (0x00e69833) sll     a6, a3, a4
core   0: 3 0x800092f0 (0x00e69833) x16 0xcf015ce4
core   0: 0x800092f4 (0x001a7eb3) and     t4, s4, ra
core   0: 3 0x800092f4 (0x001a7eb3) x29 0x80011e60
core   0: 0x800092f8 (0x0144cd33) xor     s10, s1, s4
core   0: 3 0x800092f8 (0x0144cd33) x26 0x7ffee49d
core   0: 0x800092fc (0x3fd78c93) addi    s9, a5, 1021
core   0: 3 0x800092fc (0x3fd78c93) x25 0x000003fd
core   0: 0x80009300 (0x411e5833) sra     a6, t3, a7
core   0: 3 0x80009300 (0x411e5833) x16 0x0001024c
core   0: 0x80009304 (0x80000137) lui     sp, 0x80000
core   0: 3 0x80009304 (0x80000137) x 2 0x80000000
core   0: 0x80009308 (0x1ff4d6b7) lui     a3, 0x1ff4d
core   0: 3 0x80009308 (0x1ff4d6b7) x13 0x1ff4d000
core   0: 0x8000930c (0x7cd68693) addi    a3, a3, 1997
core   0: 3 0x8000930c (0x7cd68693) x13 0x1ff4d7cd
core   0: 0x80009310 (0xfff00993) li      s3, -1
core   0: 3 0x80009310 (0xfff00993) x19 0xffffffff
core   0: 0x80009314 (0x00000093) li      ra, 0
core   0: 3 0x80009314 (0x00000093) x 1 0x00000000
core   0: 0x80009318 (0x80000db7) lui     s11, 0x80000
core   0: 3 0x80009318 (0x80000db7) x27 0x80000000
core   0: 0x8000931c (0xfff00313) li      t1, -1
core   0: 3 0x8000931c (0xfff00313) x 6 0xffffffff
core   0: 0x80009320 (0xe697ce37) lui     t3, 0xe697c
core   0: 3 0x80009320 (0xe697ce37) x28 0xe697c000
core   0: 0x80009324 (0xb36e0e13) addi    t3, t3, -1226
core   0: 3 0x80009324 (0xb36e0e13) x28 0xe697bb36
core   0: 0x80009328 (0xb5b14237) lui     tp, 0xb5b14
core   0: 3 0x80009328 (0xb5b14237) x 4 0xb5b14000
core   0: 0x8000932c (0xf7a20213) addi    tp, tp, -134
core   0: 3 0x8000932c (0xf7a20213) x 4 0xb5b13f7a
core   0: 0x80009330 (0x00000513) li      a0, 0
core   0: 3 0x80009330 (0x00000513) x10 0x00000000
core   0: 0x80009334 (0xfff00f13) li      t5, -1
core   0: 3 0x80009334 (0xfff00f13) x30 0xffffffff
core   0: 0x80009338 (0x43f35e17) auipc   t3, 0x43f35
core   0: 3 0x80009338 (0x43f35e17) x28 0xc3f3e338
core   0: 0x8000933c (0x002f06b3) add     a3, t5, sp
core   0: 3 0x8000933c (0x002f06b3) x13 0x7fffffff
core   0: 0x80009340 (0x11eb69b7) lui     s3, 0x11eb6
core   0: 3 0x80009340 (0x11eb69b7) x19 0x11eb6000
core   0: 0x80009344 (0x00198db3) add     s11, s3, ra
core   0: 3 0x80009344 (0x00198db3) x27 0x11eb6000
core   0: 0x80009348 (0x64be0997) auipc   s3, 0x64be0
core   0: 3 0x80009348 (0x64be0997) x19 0xe4be9348
core   0: 0x8000934c (0x40a30233) sub     tp, t1, a0
core   0: 3 0x8000934c (0x40a30233) x 4 0xffffffff
core   0: 0x80009350 (0x40a50f33) sub     t5, a0, a0
core   0: 3 0x80009350 (0x40a50f33) x30 0x00000000
core   0: 0x80009354 (0x002f0233) add     tp, t5, sp
core   0: 3 0x80009354 (0x002f0233) x 4 0x80000000
core   0: 0x80009358 (0x013d80b3) add     ra, s11, s3
core   0: 3 0x80009358 (0x013d80b3) x 1 0xf6a9f348
core   0: 0x8000935c (0x00000013) nop
core   0: 3 0x8000935c (0x00000013)
core   0: 0x80009360 (0xe7616e37) lui     t3, 0xe7616
core   0: 3 0x80009360 (0xe7616e37) x28 0xe7616000
core   0: 0x80009364 (0x40130e33) sub     t3, t1, ra
core   0: 3 0x80009364 (0x40130e33) x28 0x09560cb7
core   0: 0x80009368 (0x896ec6b7) lui     a3, 0x896ec
core   0: 3 0x80009368 (0x896ec6b7) x13 0x896ec000
core   0: 0x8000936c (0x401986b3) sub     a3, s3, ra
core   0: 3 0x8000936c (0x401986b3) x13 0xee14a000
core   0: 0x80009370 (0x01e20533) add     a0, tp, t5
core   0: 3 0x80009370 (0x01e20533) x10 0x80000000
core   0: 0x80009374 (0xa4e8a337) lui     t1, 0xa4e8a
core   0: 3 0x80009374 (0xa4e8a337) x 6 0xa4e8a000
core   0: 0x80009378 (0x00000013) nop
core   0: 3 0x80009378 (0x00000013)
core   0: 0x8000937c (0x447d8513) addi    a0, s11, 1095
core   0: 3 0x8000937c (0x447d8513) x10 0x11eb6447
core   0: 0x80009380 (0x13db3097) auipc   ra, 0x13db3
core   0: 3 0x80009380 (0x13db3097) x 1 0x93dbc380
core   0: 0x80009384 (0x00000013) nop
core   0: 3 0x80009384 (0x00000013)
core   0: 0x80009388 (0xcf324117) auipc   sp, 0xcf324
core   0: 3 0x80009388 (0xcf324117) x 2 0x4f32d388
core   0: 0x8000938c (0x41c08db3) sub     s11, ra, t3
core   0: 3 0x8000938c (0x41c08db3) x27 0x8a85b6c9
core   0: 0x80009390 (0x98892913) slti    s2, s2, -1656
core   0: 3 0x80009390 (0x98892913) x18 0x00000000
core   0: 0x80009394 (0x01741393) slli    t2, s0, 23
core   0: 3 0x80009394 (0x01741393) x 7 0x01000000
core   0: 0x80009398 (0x00c9e833) or      a6, s3, a2
core   0: 3 0x80009398 (0x00c9e833) x16 0xefbefbee
core   0: 0x8000939c (0x01219293) slli    t0, gp, 18
core   0: 3 0x8000939c (0x01219293) x 5 0x00040000
core   0: 0x800093a0 (0x41438533) sub     a0, t2, s4
core   0: 3 0x800093a0 (0x41438533) x10 0x80fee19c
core   0: 0x800093a4 (0x7ee24e97) auipc   t4, 0x7ee24
core   0: 3 0x800093a4 (0x7ee24e97) x29 0xfee2d3a4
core   0: 0x800093a8 (0x1b76b213) sltiu   tp, a3, 439
core   0: 3 0x800093a8 (0x1b76b213) x 4 0x00000000
core   0: 0x800093ac (0x000d8933) add     s2, s11, zero
core   0: 3 0x800093ac (0x000d8933) x18 0x8a85b6c9
core   0: 0x800093b0 (0x13017397) auipc   t2, 0x13017
core   0: 3 0x800093b0 (0x13017397) x 7 0x930203b0
core   0: 0x800093b4 (0x01448333) add     t1, s1, s4
core   0: 3 0x800093b4 (0x01448333) x 6 0x8001195d
core   0: 0x800093b8 (0x7b317517) auipc   a0, 0x7b317
core   0: 3 0x800093b8 (0x7b317517) x10 0xfb3203b8
core   0: 0x800093bc (0x00970733) add     a4, a4, s1
core   0: 3 0x800093bc (0x00970733) x14 0xfffffaf9
core   0: 0x800093c0 (0x6475bc13) sltiu   s8, a1, 1607
core   0: 3 0x800093c0 (0x6475bc13) x24 0x00000000
core   0: 0x800093c4 (0x01b50833) add     a6, a0, s11
core   0: 3 0x800093c4 (0x01b50833) x16 0x85b7ba81
core   0: 0x800093c8 (0x41948933) sub     s2, s1, s9
core   0: 3 0x800093c8 (0x41948933) x18 0xfffff6fc
core   0: 0x800093cc (0x0138df33) srl     t5, a7, s3
core   0: 3 0x800093cc (0x0138df33) x30 0x004a0000
core   0: 0x800093d0 (0x55474213) xori    tp, a4, 1364
core   0: 3 0x800093d0 (0x55474213) x 4 0xffffffad
core   0: 0x800093d4 (0x014a1d13) slli    s10, s4, 20
core   0: 3 0x800093d4 (0x014a1d13) x26 0xe6400000
core   0: 0x800093d8 (0x01db3db3) sltu    s11, s6, t4
core   0: 3 0x800093d8 (0x01db3db3) x27 0x00000001
core   0: 0x800093dc (0x48608093) addi    ra, ra, 1158
core   0: 3 0x800093dc (0x48608093) x 1 0x93dbc806
core   0: 0x800093e0 (0xb71c8c97) auipc   s9, 0xb71c8
core   0: 3 0x800093e0 (0xb71c8c97) x25 0x371d13e0
core   0: 0x800093e4 (0x0ae3fe17) auipc   t3, 0xae3f
core   0: 3 0x800093e4 (0x0ae3fe17) x28 0x8ae483e4
core   0: 0x800093e8 (0x8f7c7393) andi    t2, s8, -1801
core   0: 3 0x800093e8 (0x8f7c7393) x 7 0x00000000
core   0: 0x800093ec (0x00000013) nop
core   0: 3 0x800093ec (0x00000013)
core   0: 0x800093f0 (0x01053e33) sltu    t3, a0, a6
core   0: 3 0x800093f0 (0x01053e33) x28 0x00000000
core   0: 0x800093f4 (0xace37313) andi    t1, t1, -1330
core   0: 3 0x800093f4 (0xace37313) x 6 0x8001184c
core   0: 0x800093f8 (0xe7017b13) andi    s6, sp, -400
core   0: 3 0x800093f8 (0xe7017b13) x22 0x4f32d200
core   0: 0x800093fc (0xf74d7113) andi    sp, s10, -140
core   0: 3 0x800093fc (0xf74d7113) x 2 0xe6400000
core   0: 0x80009400 (0x0da46213) ori     tp, s0, 218
core   0: 3 0x80009400 (0x0da46213) x 4 0x000000da
core   0: 0x80009404 (0x43468113) addi    sp, a3, 1076
core   0: 3 0x80009404 (0x43468113) x 2 0xee14a434
core   0: 0x80009408 (0x01d30b33) add     s6, t1, t4
core   0: 3 0x80009408 (0x01d30b33) x22 0x7ee3ebf0
core   0: 0x8000940c (0x40645733) sra     a4, s0, t1
core   0: 3 0x8000940c (0x40645733) x14 0x00000000
core   0: 0x80009410 (0x00000013) nop
core   0: 3 0x80009410 (0x00000013)
core   0: 0x80009414 (0x7fa3cf93) xori    t6, t2, 2042
core   0: 3 0x80009414 (0x7fa3cf93) x31 0x000007fa
core   0: 0x80009418 (0x136c8193) addi    gp, s9, 310
core   0: 3 0x80009418 (0x136c8193) x 3 0x371d1516
core   0: 0x8000941c (0x012bfcb3) and     s9, s7, s2
core   0: 3 0x8000941c (0x012bfcb3) x25 0xc4d99000
core   0: 0x80009420 (0x413e5493) srai    s1, t3, 19
core   0: 3 0x80009420 (0x413e5493) x 9 0x00000000
core   0: 0x80009424 (0x419f5813) srai    a6, t5, 25
core   0: 3 0x80009424 (0x419f5813) x16 0x00000000
core   0: 0x80009428 (0xf7cafb13) andi    s6, s5, -132
core   0: 3 0x80009428 (0xf7cafb13) x22 0x80015c64
core   0: 0x8000942c (0x004e9693) slli    a3, t4, 4
core   0: 3 0x8000942c (0x004e9693) x13 0xee2d3a40
core   0: 0x80009430 (0x00cb6533) or      a0, s6, a2
core   0: 3 0x80009430 (0x00cb6533) x10 0xef037eee
core   0: 0x80009434 (0x011e9b93) slli    s7, t4, 17
core   0: 3 0x80009434 (0x011e9b93) x23 0xa7480000
core   0: 0x80009438 (0x9a6d7413) andi    s0, s10, -1626
core   0: 3 0x80009438 (0x9a6d7413) x 8 0xe6400000
core   0: 0x8000943c (0x0155f8b3) and     a7, a1, s5
core   0: 3 0x8000943c (0x0155f8b3) x17 0x80011ce4
core   0: 0x80009440 (0x00efe7b3) or      a5, t6, a4
core   0: 3 0x80009440 (0x00efe7b3) x15 0x000007fa
core   0: 0x80009444 (0x41415093) srai    ra, sp, 20
core   0: 3 0x80009444 (0x41415093) x 1 0xfffffee1
core   0: 0x80009448 (0x00000013) nop
core   0: 3 0x80009448 (0x00000013)
core   0: 0x8000944c (0x415358b3) sra     a7, t1, s5
core   0: 3 0x8000944c (0x415358b3) x17 0xf8001184
core   0: 0x80009450 (0x010108b3) add     a7, sp, a6
core   0: 3 0x80009450 (0x010108b3) x17 0xee14a434
core   0: 0x80009454 (0x31d2f113) andi    sp, t0, 797
core   0: 3 0x80009454 (0x31d2f113) x 2 0x00000000
core   0: 0x80009458 (0x40f05cb3) sra     s9, zero, a5
core   0: 3 0x80009458 (0x40f05cb3) x25 0x00000000
core   0: 0x8000945c (0xd938c393) xori    t2, a7, -621
core   0: 3 0x8000945c (0xd938c393) x 7 0x11eb59a7
core   0: 0x80009460 (0x0d7a3713) sltiu   a4, s4, 215
core   0: 3 0x80009460 (0x0d7a3713) x14 0x00000000
core   0: 0x80009464 (0x386b2313) slti    t1, s6, 902
core   0: 3 0x80009464 (0x386b2313) x 6 0x00000001
core   0: 0x80009468 (0x7dd5b313) sltiu   t1, a1, 2013
core   0: 3 0x80009468 (0x7dd5b313) x 6 0x00000000
core   0: 0x8000946c (0x00000013) nop
core   0: 3 0x8000946c (0x00000013)
core   0: 0x80009470 (0x016072b3) and     t0, zero, s6
core   0: 3 0x80009470 (0x016072b3) x 5 0x00000000
core   0: 0x80009474 (0xd8ef4cb7) lui     s9, 0xd8ef4
core   0: 3 0x80009474 (0xd8ef4cb7) x25 0xd8ef4000
core   0: 0x80009478 (0x815ee713) ori     a4, t4, -2027
core   0: 3 0x80009478 (0x815ee713) x14 0xfffffbb5
core   0: 0x8000947c (0x6cae3093) sltiu   ra, t3, 1738
core   0: 3 0x8000947c (0x6cae3093) x 1 0x00000001
core   0: 0x80009480 (0x0191beb3) sltu    t4, gp, s9
core   0: 3 0x80009480 (0x0191beb3) x29 0x00000001
core   0: 0x80009484 (0x01acf2b3) and     t0, s9, s10
core   0: 3 0x80009484 (0x01acf2b3) x 5 0xc0400000
core   0: 0x80009488 (0x0025d7b3) srl     a5, a1, sp
core   0: 3 0x80009488 (0x0025d7b3) x15 0xdb3fbcec
core   0: 0x8000948c (0x00167e33) and     t3, a2, ra
core   0: 3 0x8000948c (0x00167e33) x28 0x00000000
core   0: 0x80009490 (0xfc163e13) sltiu   t3, a2, -63
core   0: 3 0x80009490 (0xfc163e13) x28 0x00000001
core   0: 0x80009494 (0x008ee233) or      tp, t4, s0
core   0: 3 0x80009494 (0x008ee233) x 4 0xe6400001
core   0: 0x80009498 (0x4a9c44b7) lui     s1, 0x4a9c4
core   0: 3 0x80009498 (0x4a9c44b7) x 9 0x4a9c4000
core   0: 0x8000949c (0x40caddb3) sra     s11, s5, a2
core   0: 3 0x8000949c (0x40caddb3) x27 0xfffe0005
core   0: 0x800094a0 (0x12284813) xori    a6, a6, 290
core   0: 3 0x800094a0 (0x12284813) x16 0x00000122
core   0: 0x800094a4 (0x32306093) ori     ra, zero, 803
core   0: 3 0x800094a4 (0x32306093) x 1 0x00000323
core   0: 0x800094a8 (0x41e05993) srai    s3, zero, 30
core   0: 3 0x800094a8 (0x41e05993) x19 0x00000000
core   0: 0x800094ac (0x01da19b3) sll     s3, s4, t4
core   0: 3 0x800094ac (0x01da19b3) x19 0x00023cc8
core   0: 0x800094b0 (0x74857513) andi    a0, a0, 1864
core   0: 3 0x800094b0 (0x74857513) x10 0x00000648
core   0: 0x800094b4 (0x40c75b13) srai    s6, a4, 12
core   0: 3 0x800094b4 (0x40c75b13) x22 0xffffffff
core   0: 0x800094b8 (0xd6c68e13) addi    t3, a3, -660
core   0: 3 0x800094b8 (0xd6c68e13) x28 0xee2d37ac
core   0: 0x800094bc (0x0d3a0b17) auipc   s6, 0xd3a0
core   0: 3 0x800094bc (0x0d3a0b17) x22 0x8d3a94bc
core   0: 0x800094c0 (0x71fffe93) andi    t4, t6, 1823
core   0: 3 0x800094c0 (0x71fffe93) x29 0x0000071a
core   0: 0x800094c4 (0x581a4e93) xori    t4, s4, 1409
core   0: 3 0x800094c4 (0x581a4e93) x29 0x80011be5
core   0: 0x800094c8 (0x0149d893) srli    a7, s3, 20
core   0: 3 0x800094c8 (0x0149d893) x17 0x00000000
core   0: 0x800094cc (0xc527e213) ori     tp, a5, -942
core   0: 3 0x800094cc (0xc527e213) x 4 0xfffffcfe
core   0: 0x800094d0 (0xca4736b7) lui     a3, 0xca473
core   0: 3 0x800094d0 (0xca4736b7) x13 0xca473000
core   0: 0x800094d4 (0x000fe4b3) or      s1, t6, zero
core   0: 3 0x800094d4 (0x000fe4b3) x 9 0x000007fa
core   0: 0x800094d8 (0xf1c3ac13) slti    s8, t2, -228
core   0: 3 0x800094d8 (0xf1c3ac13) x24 0x00000000
core   0: 0x800094dc (0x40c05d93) srai    s11, zero, 12
core   0: 3 0x800094dc (0x40c05d93) x27 0x00000000
core   0: 0x800094e0 (0x01c0cc33) xor     s8, ra, t3
core   0: 3 0x800094e0 (0x01c0cc33) x24 0xee2d348f
core   0: 0x800094e4 (0x018eddb3) srl     s11, t4, s8
core   0: 3 0x800094e4 (0x018eddb3) x27 0x00010002
core   0: 0x800094e8 (0x20fe3513) sltiu   a0, t3, 527
core   0: 3 0x800094e8 (0x20fe3513) x10 0x00000000
core   0: 0x800094ec (0x413edc93) srai    s9, t4, 19
core   0: 3 0x800094ec (0x413edc93) x25 0xfffff000
core   0: 0x800094f0 (0x00c5dd93) srli    s11, a1, 12
core   0: 3 0x800094f0 (0x00c5dd93) x27 0x000db3fb
core   0: 0x800094f4 (0x01231433) sll     s0, t1, s2
core   0: 3 0x800094f4 (0x01231433) x 8 0x00000000
core   0: 0x800094f8 (0x0045ceb3) xor     t4, a1, tp
core   0: 3 0x800094f8 (0x0045ceb3) x29 0x24c04012
core   0: 0x800094fc (0x01a6e0b3) or      ra, a3, s10
core   0: 3 0x800094fc (0x01a6e0b3) x 1 0xee473000
core   0: 0x80009500 (0x01b866b3) or      a3, a6, s11
core   0: 3 0x80009500 (0x01b866b3) x13 0x000db3fb
core   0: 0x80009504 (0x41b35e33) sra     t3, t1, s11
core   0: 3 0x80009504 (0x41b35e33) x28 0x00000000
core   0: 0x80009508 (0x2dd25fb7) lui     t6, 0x2dd25
core   0: 3 0x80009508 (0x2dd25fb7) x31 0x2dd25000
core   0: 0x8000950c (0x41cc8c33) sub     s8, s9, t3
core   0: 3 0x8000950c (0x41cc8c33) x24 0xfffff000
core   0: 0x80009510 (0x968a7313) andi    t1, s4, -1688
core   0: 3 0x80009510 (0x968a7313) x 6 0x80011860
core   0: 0x80009514 (0x0103d213) srli    tp, t2, 16
core   0: 3 0x80009514 (0x0103d213) x 4 0x000011eb
core   0: 0x80009518 (0x8b2a9e17) auipc   t3, 0x8b2a9
core   0: 3 0x80009518 (0x8b2a9e17) x28 0x0b2b2518
core   0: 0x8000951c (0x0044b833) sltu    a6, s1, tp
core   0: 3 0x8000951c (0x0044b833) x16 0x00000001
core   0: 0x80009520 (0x41e0d833) sra     a6, ra, t5
core   0: 3 0x80009520 (0x41e0d833) x16 0xee473000
core   0: 0x80009524 (0x001a00b3) add     ra, s4, ra
core   0: 3 0x80009524 (0x001a00b3) x 1 0x6e484e64
core   0: 0x80009528 (0x414e5713) srai    a4, t3, 20
core   0: 3 0x80009528 (0x414e5713) x14 0x000000b2
core   0: 0x8000952c (0x004690b3) sll     ra, a3, tp
core   0: 3 0x8000952c (0x004690b3) x 1 0x6d9fd800
core   0: 0x80009530 (0x01f470b3) and     ra, s0, t6
core   0: 3 0x80009530 (0x01f470b3) x 1 0x00000000
core   0: 0x80009534 (0x01889993) slli    s3, a7, 24
core   0: 3 0x80009534 (0x01889993) x19 0x00000000
core   0: 0x80009538 (0x00000013) nop
core   0: 3 0x80009538 (0x00000013)
core   0: 0x8000953c (0xeb048993) addi    s3, s1, -336
core   0: 3 0x8000953c (0xeb048993) x19 0x000006aa
core   0: 0x80009540 (0xc64f8b13) addi    s6, t6, -924
core   0: 3 0x80009540 (0xc64f8b13) x22 0x2dd24c64
core   0: 0x80009544 (0x00ac72b3) and     t0, s8, a0
core   0: 3 0x80009544 (0x00ac72b3) x 5 0x00000000
core   0: 0x80009548 (0x001d3eb3) sltu    t4, s10, ra
core   0: 3 0x80009548 (0x001d3eb3) x29 0x00000000
core   0: 0x8000954c (0x01050eb3) add     t4, a0, a6
core   0: 3 0x8000954c (0x01050eb3) x29 0xee473000
core   0: 0x80009550 (0xe6278e13) addi    t3, a5, -414
core   0: 3 0x80009550 (0xe6278e13) x28 0xdb3fbb4e
core   0: 0x80009554 (0x01ba4e33) xor     t3, s4, s11
core   0: 3 0x80009554 (0x01ba4e33) x28 0x800cad9f
core   0: 0x80009558 (0xc73bc413) xori    s0, s7, -909
core   0: 3 0x80009558 (0xc73bc413) x 8 0x58b7fc73
core   0: 0x8000955c (0xcd805f17) auipc   t5, 0xcd805
core   0: 3 0x8000955c (0xcd805f17) x30 0x4d80e55c
core   0: 0x80009560 (0x40fc81b3) sub     gp, s9, a5
core   0: 3 0x80009560 (0x40fc81b3) x 3 0x24c03314
core   0: 0x80009564 (0x00e89813) slli    a6, a7, 14
core   0: 3 0x80009564 (0x00e89813) x16 0x00000000
core   0: 0x80009568 (0x00d2d433) srl     s0, t0, a3
core   0: 3 0x80009568 (0x00d2d433) x 8 0x00000000
core   0: 0x8000956c (0xe81c0593) addi    a1, s8, -383
core   0: 3 0x8000956c (0xe81c0593) x11 0xffffee81
core   0: 0x80009570 (0x46f58cb7) lui     s9, 0x46f58
core   0: 3 0x80009570 (0x46f58cb7) x25 0x46f58000
core   0: 0x80009574 (0x4114cc93) xori    s9, s1, 1041
core   0: 3 0x80009574 (0x4114cc93) x25 0x000003eb
core   0: 0x80009578 (0x416c5233) sra     tp, s8, s6
core   0: 3 0x80009578 (0x416c5233) x 4 0xffffff00
core   0: 0x8000957c (0x22954793) xori    a5, a0, 553
core   0: 3 0x8000957c (0x22954793) x15 0x00000229
core   0: 0x80009580 (0x00b29b93) slli    s7, t0, 11
core   0: 3 0x80009580 (0x00b29b93) x23 0x00000000
core   0: 0x80009584 (0x01631213) slli    tp, t1, 22
core   0: 3 0x80009584 (0x01631213) x 4 0x18000000
core   0: 0x80009588 (0x40b60333) sub     t1, a2, a1
core   0: 3 0x80009588 (0x40b60333) x 6 0xef027c6d
core   0: 0x8000958c (0xfa3d4313) xori    t1, s10, -93
core   0: 3 0x8000958c (0xfa3d4313) x 6 0x19bfffa3
core   0: 0x80009590 (0x412f5413) srai    s0, t5, 18
core   0: 3 0x80009590 (0x412f5413) x 8 0x00001360
core   0: 0x80009594 (0x019895b3) sll     a1, a7, s9
core   0: 3 0x80009594 (0x019895b3) x11 0x00000000
core   0: 0x80009598 (0x01042db3) slt     s11, s0, a6
core   0: 3 0x80009598 (0x01042db3) x27 0x00000000
core   0: 0x8000959c (0x89ab8793) addi    a5, s7, -1894
core   0: 3 0x8000959c (0x89ab8793) x15 0xfffff89a
core   0: 0x800095a0 (0x00000013) nop
core   0: 3 0x800095a0 (0x00000013)
core   0: 0x800095a4 (0x0fa6f713) andi    a4, a3, 250
core   0: 3 0x800095a4 (0x0fa6f713) x14 0x000000fa
core   0: 0x800095a8 (0x41bd0133) sub     sp, s10, s11
core   0: 3 0x800095a8 (0x41bd0133) x 2 0xe6400000
core   0: 0x800095ac (0x40db0d33) sub     s10, s6, a3
core   0: 3 0x800095ac (0x40db0d33) x26 0x2dc49869
core   0: 0x800095b0 (0x00f8f833) and     a6, a7, a5
core   0: 3 0x800095b0 (0x00f8f833) x16 0x00000000
core   0: 0x800095b4 (0x00bb68b3) or      a7, s6, a1
core   0: 3 0x800095b4 (0x00bb68b3) x17 0x2dd24c64
core   0: 0x800095b8 (0x41e05233) sra     tp, zero, t5
core   0: 3 0x800095b8 (0x41e05233) x 4 0x00000000
core   0: 0x800095bc (0x1ddfe093) ori     ra, t6, 477
core   0: 3 0x800095bc (0x1ddfe093) x 1 0x2dd251dd
core   0: 0x800095c0 (0x0002b733) sltu    a4, t0, zero
core   0: 3 0x800095c0 (0x0002b733) x14 0x00000000
core   0: 0x800095c4 (0x000df533) and     a0, s11, zero
core   0: 3 0x800095c4 (0x000df533) x10 0x00000000
core   0: 0x800095c8 (0xab994b93) xori    s7, s2, -1351
core   0: 3 0x800095c8 (0xab994b93) x23 0x00000c45
core   0: 0x800095cc (0x40c48433) sub     s0, s1, a2
core   0: 3 0x800095cc (0x40c48433) x 8 0x10fd9d0c
core   0: 0x800095d0 (0x01090db3) add     s11, s2, a6
core   0: 3 0x800095d0 (0x01090db3) x27 0xfffff6fc
core   0: 0x800095d4 (0x1e352193) slti    gp, a0, 483
core   0: 3 0x800095d4 (0x1e352193) x 3 0x00000001
core   0: 0x800095d8 (0x00622c33) slt     s8, tp, t1
core   0: 3 0x800095d8 (0x00622c33) x24 0x00000001
core   0: 0x800095dc (0x4192de33) sra     t3, t0, s9
core   0: 3 0x800095dc (0x4192de33) x28 0x00000000
core   0: 0x800095e0 (0x00000013) nop
core   0: 3 0x800095e0 (0x00000013)
core   0: 0x800095e4 (0x404fdbb3) sra     s7, t6, tp
core   0: 3 0x800095e4 (0x404fdbb3) x23 0x2dd25000
core   0: 0x800095e8 (0xd28dd217) auipc   tp, 0xd28dd
core   0: 3 0x800095e8 (0xd28dd217) x 4 0x528e65e8
core   0: 0x800095ec (0x00000013) nop
core   0: 3 0x800095ec (0x00000013)
core   0: 0x800095f0 (0x007f7533) and     a0, t5, t2
core   0: 3 0x800095f0 (0x007f7533) x10 0x01804104
core   0: 0x800095f4 (0x41717e13) andi    t3, sp, 1047
core   0: 3 0x800095f4 (0x41717e13) x28 0x00000000
core   0: 0x800095f8 (0x018fffb3) and     t6, t6, s8
core   0: 3 0x800095f8 (0x018fffb3) x31 0x00000000
core   0: 0x800095fc (0x00faab33) slt     s6, s5, a5
core   0: 3 0x800095fc (0x00faab33) x22 0x00000001
core   0: 0x80009600 (0x40b65e33) sra     t3, a2, a1
core   0: 3 0x80009600 (0x40b65e33) x28 0xef026aee
core   0: 0x80009604 (0x00bcd233) srl     tp, s9, a1
core   0: 3 0x80009604 (0x00bcd233) x 4 0x000003eb
core   0: 0x80009608 (0x016022b3) slt     t0, zero, s6
core   0: 3 0x80009608 (0x016022b3) x 5 0x00000001
core   0: 0x8000960c (0x0178f3b3) and     t2, a7, s7
core   0: 3 0x8000960c (0x0178f3b3) x 7 0x2dd24000
core   0: 0x80009610 (0xf848b093) sltiu   ra, a7, -124
core   0: 3 0x80009610 (0xf848b093) x 1 0x00000001
core   0: 0x80009614 (0x00caee33) or      t3, s5, a2
core   0: 3 0x80009614 (0x00caee33) x28 0xef037eee
core   0: 0x80009618 (0x01fdd433) srl     s0, s11, t6
core   0: 3 0x80009618 (0x01fdd433) x 8 0xfffff6fc
core   0: 0x8000961c (0x0165c533) xor     a0, a1, s6
core   0: 3 0x8000961c (0x0165c533) x10 0x00000001
core   0: 0x80009620 (0x412ed233) sra     tp, t4, s2
core   0: 3 0x80009620 (0x412ed233) x 4 0xfffffffe
core   0: 0x80009624 (0x01e9c0b3) xor     ra, s3, t5
core   0: 3 0x80009624 (0x01e9c0b3) x 1 0x4d80e3f6
core   0: 0x80009628 (0x00f8e233) or      tp, a7, a5
core   0: 3 0x80009628 (0x00f8e233) x 4 0xfffffcfe
core   0: 0x8000962c (0x41d888b3) sub     a7, a7, t4
core   0: 3 0x8000962c (0x41d888b3) x17 0x3f8b1c64
core   0: 0x80009630 (0x40add333) sra     t1, s11, a0
core   0: 3 0x80009630 (0x40add333) x 6 0xfffffb7e
core   0: 0x80009634 (0x4623ae13) slti    t3, t2, 1122
core   0: 3 0x80009634 (0x4623ae13) x28 0x00000000
core   0: 0x80009638 (0x93922e13) slti    t3, tp, -1735
core   0: 3 0x80009638 (0x93922e13) x28 0x00000000
core   0: 0x8000963c (0x001136b3) sltu    a3, sp, ra
core   0: 3 0x8000963c (0x001136b3) x13 0x00000000
core   0: 0x80009640 (0x00000013) nop
core   0: 3 0x80009640 (0x00000013)
core   0: 0x80009644 (0xae260b13) addi    s6, a2, -1310
core   0: 3 0x80009644 (0xae260b13) x22 0xef0265d0
core   0: 0x80009648 (0x01000933) add     s2, zero, a6
core   0: 3 0x80009648 (0x01000933) x18 0x00000000
core   0: 0x8000964c (0x00be2733) slt     a4, t3, a1
core   0: 3 0x8000964c (0x00be2733) x14 0x00000000
core   0: 0x80009650 (0x2274e293) ori     t0, s1, 551
core   0: 3 0x80009650 (0x2274e293) x 5 0x000007ff
core   0: 0x80009654 (0x2465af13) slti    t5, a1, 582
core   0: 3 0x80009654 (0x2465af13) x30 0x00000001
core   0: 0x80009658 (0x40fa5593) srai    a1, s4, 15
core   0: 3 0x80009658 (0x40fa5593) x11 0xffff0002
core   0: 0x8000965c (0x01464b33) xor     s6, a2, s4
core   0: 3 0x8000965c (0x01464b33) x22 0x6f03748a
core   0: 0x80009660 (0x00a7b433) sltu    s0, a5, a0
core   0: 3 0x80009660 (0x00a7b433) x 8 0x00000000
core   0: 0x80009664 (0x4150d1b3) sra     gp, ra, s5
core   0: 3 0x80009664 (0x4150d1b3) x 3 0x04d80e3f
core   0: 0x80009668 (0x403b0833) sub     a6, s6, gp
core   0: 3 0x80009668 (0x403b0833) x16 0x6a2b664b
core   0: 0x8000966c (0x0113e5b3) or      a1, t2, a7
core   0: 3 0x8000966c (0x0113e5b3) x11 0x3fdb5c64
core   0: 0x80009670 (0x018f9d13) slli    s10, t6, 24
core   0: 3 0x80009670 (0x018f9d13) x26 0x00000000
core   0: 0x80009674 (0x0147d593) srli    a1, a5, 20
core   0: 3 0x80009674 (0x0147d593) x11 0x00000fff
core   0: 0x80009678 (0x3f62b113) sltiu   sp, t0, 1014
core   0: 3 0x80009678 (0x3f62b113) x 2 0x00000000
core   0: 0x8000967c (0xf3d17013) andi    zero, sp, -195
core   0: 3 0x8000967c (0xf3d17013)
core   0: 0x80009680 (0x1a5bbb13) sltiu   s6, s7, 421
core   0: 3 0x80009680 (0x1a5bbb13) x22 0x00000000
core   0: 0x80009684 (0xae2f2993) slti    s3, t5, -1310
core   0: 3 0x80009684 (0xae2f2993) x19 0x00000000
core   0: 0x80009688 (0x41445133) sra     sp, s0, s4
core   0: 3 0x80009688 (0x41445133) x 2 0x00000000
core   0: 0x8000968c (0x00bc0533) add     a0, s8, a1
core   0: 3 0x8000968c (0x00bc0533) x10 0x00001000
core   0: 0x80009690 (0x40d653b3) sra     t2, a2, a3
core   0: 3 0x80009690 (0x40d653b3) x 7 0xef026aee
core   0: 0x80009694 (0x0050fd33) and     s10, ra, t0
core   0: 3 0x80009694 (0x0050fd33) x26 0x000003f6
core   0: 0x80009698 (0x69b7ae93) slti    t4, a5, 1691
core   0: 3 0x80009698 (0x69b7ae93) x29 0x00000001
core   0: 0x8000969c (0x005fa3b3) slt     t2, t6, t0
core   0: 3 0x8000969c (0x005fa3b3) x 7 0x00000001
core   0: 0x800096a0 (0x0086df33) srl     t5, a3, s0
core   0: 3 0x800096a0 (0x0086df33) x30 0x00000000
core   0: 0x800096a4 (0x007a8bb3) add     s7, s5, t2
core   0: 3 0x800096a4 (0x007a8bb3) x23 0x80015ce5
core   0: 0x800096a8 (0x6d160293) addi    t0, a2, 1745
core   0: 3 0x800096a8 (0x6d160293) x 5 0xef0271bf
core   0: 0x800096ac (0x01bb4833) xor     a6, s6, s11
core   0: 3 0x800096ac (0x01bb4833) x16 0xfffff6fc
core   0: 0x800096b0 (0x1c653993) sltiu   s3, a0, 454
core   0: 3 0x800096b0 (0x1c653993) x19 0x00000000
core   0: 0x800096b4 (0xece8f993) andi    s3, a7, -306
core   0: 3 0x800096b4 (0xece8f993) x19 0x3f8b1c44
core   0: 0x800096b8 (0x003fc3b3) xor     t2, t6, gp
core   0: 3 0x800096b8 (0x003fc3b3) x 7 0x04d80e3f
core   0: 0x800096bc (0x019c7833) and     a6, s8, s9
core   0: 3 0x800096bc (0x019c7833) x16 0x00000001
core   0: 0x800096c0 (0xe5454c93) xori    s9, a0, -428
core   0: 3 0x800096c0 (0xe5454c93) x25 0xffffee54
core   0: 0x800096c4 (0x54808013) addi    zero, ra, 1352
core   0: 3 0x800096c4 (0x54808013)
core   0: 0x800096c8 (0x00000013) nop
core   0: 3 0x800096c8 (0x00000013)
core   0: 0x800096cc (0x8509e193) ori     gp, s3, -1968
core   0: 3 0x800096cc (0x8509e193) x 3 0xfffffc54
core   0: 0x800096d0 (0x234e7213) andi    tp, t3, 564
core   0: 3 0x800096d0 (0x234e7213) x 4 0x00000000
core   0: 0x800096d4 (0x01b20e33) add     t3, tp, s11
core   0: 3 0x800096d4 (0x01b20e33) x28 0xfffff6fc
core   0: 0x800096d8 (0x00187733) and     a4, a6, ra
core   0: 3 0x800096d8 (0x00187733) x14 0x00000000
core   0: 0x800096dc (0x0c0c0693) addi    a3, s8, 192
core   0: 3 0x800096dc (0x0c0c0693) x13 0x000000c1
core   0: 0x800096e0 (0x1939e193) ori     gp, s3, 403
core   0: 3 0x800096e0 (0x1939e193) x 3 0x3f8b1dd7
core   0: 0x800096e4 (0x00e529b3) slt     s3, a0, a4
core   0: 3 0x800096e4 (0x00e529b3) x19 0x00000000
core   0: 0x800096e8 (0x01346b33) or      s6, s0, s3
core   0: 3 0x800096e8 (0x01346b33) x22 0x00000000
core   0: 0x800096ec (0x22f52717) auipc   a4, 0x22f52
core   0: 3 0x800096ec (0x22f52717) x14 0xa2f5b6ec
core   0: 0x800096f0 (0x50914237) lui     tp, 0x50914
core   0: 3 0x800096f0 (0x50914237) x 4 0x50914000
core   0: 0x800096f4 (0x41aed4b3) sra     s1, t4, s10
core   0: 3 0x800096f4 (0x41aed4b3) x 9 0x00000000
core   0: 0x800096f8 (0x40e7d6b3) sra     a3, a5, a4
core   0: 3 0x800096f8 (0x40e7d6b3) x13 0xffffffff
core   0: 0x800096fc (0x14e43d13) sltiu   s10, s0, 334
core   0: 3 0x800096fc (0x14e43d13) x26 0x00000001
core   0: 0x80009700 (0x74eba113) slti    sp, s7, 1870
core   0: 3 0x80009700 (0x74eba113) x 2 0x00000001
core   0: 0x80009704 (0x016c1d93) slli    s11, s8, 22
core   0: 3 0x80009704 (0x016c1d93) x27 0x00400000
core   0: 0x80009708 (0xb86b4217) auipc   tp, 0xb86b4
core   0: 3 0x80009708 (0xb86b4217) x 4 0x386bd708
core   0: 0x8000970c (0x036d2db7) lui     s11, 0x36d2
core   0: 3 0x8000970c (0x036d2db7) x27 0x036d2000
core   0: 0x80009710 (0x002df1b3) and     gp, s11, sp
core   0: 3 0x80009710 (0x002df1b3) x 3 0x00000000
core   0: 0x80009714 (0x40d50733) sub     a4, a0, a3
core   0: 3 0x80009714 (0x40d50733) x14 0x00001001
core   0: 0x80009718 (0x0087d593) srli    a1, a5, 8
core   0: 3 0x80009718 (0x0087d593) x11 0x00fffff8
core   0: 0x8000971c (0x12f53413) sltiu   s0, a0, 303
core   0: 3 0x8000971c (0x12f53413) x 8 0x00000000
core   0: 0x80009720 (0x0091e8b3) or      a7, gp, s1
core   0: 3 0x80009720 (0x0091e8b3) x17 0x00000000
core   0: 0x80009724 (0x4006d593) srai    a1, a3, 0
core   0: 3 0x80009724 (0x4006d593) x11 0xffffffff
core   0: 0x80009728 (0x01e8c333) xor     t1, a7, t5
core   0: 3 0x80009728 (0x01e8c333) x 6 0x00000000
core   0: 0x8000972c (0x00504b33) xor     s6, zero, t0
core   0: 3 0x8000972c (0x00504b33) x22 0xef0271bf
core   0: 0x80009730 (0x00d75933) srl     s2, a4, a3
core   0: 3 0x80009730 (0x00d75933) x18 0x00000000
core   0: 0x80009734 (0x004297b3) sll     a5, t0, tp
core   0: 3 0x80009734 (0x004297b3) x15 0x0271bf00
core   0: 0x80009738 (0x3aa67097) auipc   ra, 0x3aa67
core   0: 3 0x80009738 (0x3aa67097) x 1 0xbaa70738
core   0: 0x8000973c (0x789fc893) xori    a7, t6, 1929
core   0: 3 0x8000973c (0x789fc893) x17 0x00000789
core   0: 0x80009740 (0x00a1feb3) and     t4, gp, a0
core   0: 3 0x80009740 (0x00a1feb3) x29 0x00000000
core   0: 0x80009744 (0x017a01b3) add     gp, s4, s7
core   0: 3 0x80009744 (0x017a01b3) x 3 0x00027b49
core   0: 0x80009748 (0x41fd5833) sra     a6, s10, t6
core   0: 3 0x80009748 (0x41fd5833) x16 0x00000001
core   0: 0x8000974c (0x00b03fb3) snez    t6, a1
core   0: 3 0x8000974c (0x00b03fb3) x31 0x00000001
core   0: 0x80009750 (0x1cff7f93) andi    t6, t5, 463
core   0: 3 0x80009750 (0x1cff7f93) x31 0x00000000
core   0: 0x80009754 (0x0f7e7593) andi    a1, t3, 247
core   0: 3 0x80009754 (0x0f7e7593) x11 0x000000f4
core   0: 0x80009758 (0x5fd00013) li      zero, 1533
core   0: 3 0x80009758 (0x5fd00013)
core   0: 0x8000975c (0x373f7993) andi    s3, t5, 883
core   0: 3 0x8000975c (0x373f7993) x19 0x00000000
core   0: 0x80009760 (0x00f6b5b3) sltu    a1, a3, a5
core   0: 3 0x80009760 (0x00f6b5b3) x11 0x00000000
core   0: 0x80009764 (0x00000013) nop
core   0: 3 0x80009764 (0x00000013)
core   0: 0x80009768 (0x41ca55b3) sra     a1, s4, t3
core   0: 3 0x80009768 (0x41ca55b3) x11 0xfffffff8
core   0: 0x8000976c (0x74cc4893) xori    a7, s8, 1868
core   0: 3 0x8000976c (0x74cc4893) x17 0x0000074d
core   0: 0x80009770 (0x002dacb3) slt     s9, s11, sp
core   0: 3 0x80009770 (0x002dacb3) x25 0x00000000
core   0: 0x80009774 (0x405f5833) sra     a6, t5, t0
core   0: 3 0x80009774 (0x405f5833) x16 0x00000000
core   0: 0x80009778 (0x8400f213) andi    tp, ra, -1984
core   0: 3 0x80009778 (0x8400f213) x 4 0xbaa70000
core   0: 0x8000977c (0x4145db13) srai    s6, a1, 20
core   0: 3 0x8000977c (0x4145db13) x22 0xffffffff
core   0: 0x80009780 (0x41195713) srai    a4, s2, 17
core   0: 3 0x80009780 (0x41195713) x14 0x00000000
core   0: 0x80009784 (0x9466e393) ori     t2, a3, -1722
core   0: 3 0x80009784 (0x9466e393) x 7 0xffffffff
core   0: 0x80009788 (0x412082b3) sub     t0, ra, s2
core   0: 3 0x80009788 (0x412082b3) x 5 0xbaa70738
core   0: 0x8000978c (0x01ad7c33) and     s8, s10, s10
core   0: 3 0x8000978c (0x01ad7c33) x24 0x00000001
core   0: 0x80009790 (0x01826bb3) or      s7, tp, s8
core   0: 3 0x80009790 (0x01826bb3) x23 0xbaa70001
core   0: 0x80009794 (0x00de1013) slli    zero, t3, 13
core   0: 3 0x80009794 (0x00de1013)
core   0: 0x80009798 (0x0114f833) and     a6, s1, a7
core   0: 3 0x80009798 (0x0114f833) x16 0x00000000
core   0: 0x8000979c (0x0006d413) srli    s0, a3, 0
core   0: 3 0x8000979c (0x0006d413) x 8 0xffffffff
core   0: 0x800097a0 (0x4024d913) srai    s2, s1, 2
core   0: 3 0x800097a0 (0x4024d913) x18 0x00000000
core   0: 0x800097a4 (0x00900133) add     sp, zero, s1
core   0: 3 0x800097a4 (0x00900133) x 2 0x00000000
core   0: 0x800097a8 (0xe3ad3e13) sltiu   t3, s10, -454
core   0: 3 0x800097a8 (0xe3ad3e13) x28 0x00000001
core   0: 0x800097ac (0x0024bf33) sltu    t5, s1, sp
core   0: 3 0x800097ac (0x0024bf33) x30 0x00000000
core   0: 0x800097b0 (0xf94fbf93) sltiu   t6, t6, -108
core   0: 3 0x800097b0 (0xf94fbf93) x31 0x00000001
core   0: 0x800097b4 (0x01041c93) slli    s9, s0, 16
core   0: 3 0x800097b4 (0x01041c93) x25 0xffff0000
core   0: 0x800097b8 (0x0b212e97) auipc   t4, 0xb212
core   0: 3 0x800097b8 (0x0b212e97) x29 0x8b21b7b8
core   0: 0x800097bc (0x015c94b3) sll     s1, s9, s5
core   0: 3 0x800097bc (0x015c94b3) x 9 0xfff00000
core   0: 0x800097c0 (0x001a5093) srli    ra, s4, 1
core   0: 3 0x800097c0 (0x001a5093) x 1 0x40008f32
core   0: 0x800097c4 (0x0198d0b3) srl     ra, a7, s9
core   0: 3 0x800097c4 (0x0198d0b3) x 1 0x0000074d
core   0: 0x800097c8 (0x40fe5233) sra     tp, t3, a5
core   0: 3 0x800097c8 (0x40fe5233) x 4 0x00000001
core   0: 0x800097cc (0xcf19a593) slti    a1, s3, -783
core   0: 3 0x800097cc (0xcf19a593) x11 0x00000000
core   0: 0x800097d0 (0xcd96a3b7) lui     t2, 0xcd96a
core   0: 3 0x800097d0 (0xcd96a3b7) x 7 0xcd96a000
core   0: 0x800097d4 (0xf4646113) ori     sp, s0, -186
core   0: 3 0x800097d4 (0xf4646113) x 2 0xffffffff
core   0: 0x800097d8 (0x01eee233) or      tp, t4, t5
core   0: 3 0x800097d8 (0x01eee233) x 4 0x8b21b7b8
core   0: 0x800097dc (0x2ff9ae93) slti    t4, s3, 767
core   0: 3 0x800097dc (0x2ff9ae93) x29 0x00000001
core   0: 0x800097e0 (0x01590133) add     sp, s2, s5
core   0: 3 0x800097e0 (0x01590133) x 2 0x80015ce4
core   0: 0x800097e4 (0xc9157693) andi    a3, a0, -879
core   0: 3 0x800097e4 (0xc9157693) x13 0x00001000
core   0: 0x800097e8 (0x01e2e7b3) or      a5, t0, t5
core   0: 3 0x800097e8 (0x01e2e7b3) x15 0xbaa70738
core   0: 0x800097ec (0xd05aa313) slti    t1, s5, -763
core   0: 3 0x800097ec (0xd05aa313) x 6 0x00000001
core   0: 0x800097f0 (0x5a7a0417) auipc   s0, 0x5a7a0
core   0: 3 0x800097f0 (0x5a7a0417) x 8 0xda7a97f0
core   0: 0x800097f4 (0x003e7eb3) and     t4, t3, gp
core   0: 3 0x800097f4 (0x003e7eb3) x29 0x00000001
core   0: 0x800097f8 (0x002fd893) srli    a7, t6, 2
core   0: 3 0x800097f8 (0x002fd893) x17 0x00000000
core   0: 0x800097fc (0x0038dd93) srli    s11, a7, 3
core   0: 3 0x800097fc (0x0038dd93) x27 0x00000000
core   0: 0x80009800 (0x011f1b93) slli    s7, t5, 17
core   0: 3 0x80009800 (0x011f1b93) x23 0x00000000
core   0: 0x80009804 (0x01f78db3) add     s11, a5, t6
core   0: 3 0x80009804 (0x01f78db3) x27 0xbaa70739
core   0: 0x80009808 (0x41f35833) sra     a6, t1, t6
core   0: 3 0x80009808 (0x41f35833) x16 0x00000000
core   0: 0x8000980c (0x9e11a513) slti    a0, gp, -1567
core   0: 3 0x8000980c (0x9e11a513) x10 0x00000000
core   0: 0x80009810 (0x00dcccb3) xor     s9, s9, a3
core   0: 3 0x80009810 (0x00dcccb3) x25 0xffff1000
core   0: 0x80009814 (0x0115aeb3) slt     t4, a1, a7
core   0: 3 0x80009814 (0x0115aeb3) x29 0x00000000
core   0: 0x80009818 (0x0f314313) xori    t1, sp, 243
core   0: 3 0x80009818 (0x0f314313) x 6 0x80015c17
core   0: 0x8000981c (0x013dac33) slt     s8, s11, s3
core   0: 3 0x8000981c (0x013dac33) x24 0x00000001
core   0: 0x80009820 (0x01735c33) srl     s8, t1, s7
core   0: 3 0x80009820 (0x01735c33) x24 0x80015c17
core   0: 0x80009824 (0xa10c4813) xori    a6, s8, -1520
core   0: 3 0x80009824 (0xa10c4813) x16 0x7ffea607
core   0: 0x80009828 (0x01953f33) sltu    t5, a0, s9
core   0: 3 0x80009828 (0x01953f33) x30 0x00000001
core   0: 0x8000982c (0x4083d333) sra     t1, t2, s0
core   0: 3 0x8000982c (0x4083d333) x 6 0xffffcd96
core   0: 0x80009830 (0x003e8c33) add     s8, t4, gp
core   0: 3 0x80009830 (0x003e8c33) x24 0x00027b49
core   0: 0x80009834 (0xb96b4593) xori    a1, s6, -1130
core   0: 3 0x80009834 (0xb96b4593) x11 0x00000469
core   0: 0x80009838 (0x41048f33) sub     t5, s1, a6
core   0: 3 0x80009838 (0x41048f33) x30 0x7ff159f9
core   0: 0x8000983c (0x016ecc33) xor     s8, t4, s6
core   0: 3 0x8000983c (0x016ecc33) x24 0xffffffff
core   0: 0x80009840 (0xb257cf13) xori    t5, a5, -1243
core   0: 3 0x80009840 (0xb257cf13) x30 0x4558fc1d
core   0: 0x80009844 (0x41f251b3) sra     gp, tp, t6
core   0: 3 0x80009844 (0x41f251b3) x 3 0xc590dbdc
core   0: 0x80009848 (0x42c5fe93) andi    t4, a1, 1068
core   0: 3 0x80009848 (0x42c5fe93) x29 0x00000428
core   0: 0x8000984c (0x301ff013) andi    zero, t6, 769
core   0: 3 0x8000984c (0x301ff013)
core   0: 0x80009850 (0x004bc2b3) xor     t0, s7, tp
core   0: 3 0x80009850 (0x004bc2b3) x 5 0x8b21b7b8
core   0: 0x80009854 (0xd658e213) ori     tp, a7, -667
core   0: 3 0x80009854 (0xd658e213) x 4 0xfffffd65
core   0: 0x80009858 (0x00000013) nop
core   0: 3 0x80009858 (0x00000013)
core   0: 0x8000985c (0x012ba233) slt     tp, s7, s2
core   0: 3 0x8000985c (0x012ba233) x 4 0x00000000
core   0: 0x80009860 (0x0a793793) sltiu   a5, s2, 167
core   0: 3 0x80009860 (0x0a793793) x15 0x00000001
core   0: 0x80009864 (0x01340bb3) add     s7, s0, s3
core   0: 3 0x80009864 (0x01340bb3) x23 0xda7a97f0
core   0: 0x80009868 (0x010039b3) snez    s3, a6
core   0: 3 0x80009868 (0x010039b3) x19 0x00000001
core   0: 0x8000986c (0x403d0333) sub     t1, s10, gp
core   0: 3 0x8000986c (0x403d0333) x 6 0x3a6f2425
core   0: 0x80009870 (0x00297733) and     a4, s2, sp
core   0: 3 0x80009870 (0x00297733) x14 0x00000000
core   0: 0x80009874 (0xb7baceb7) lui     t4, 0xb7bac
core   0: 3 0x80009874 (0xb7baceb7) x29 0xb7bac000
core   0: 0x80009878 (0x40188eb3) sub     t4, a7, ra
core   0: 3 0x80009878 (0x40188eb3) x29 0xfffff8b3
core   0: 0x8000987c (0x0173ffb3) and     t6, t2, s7
core   0: 3 0x8000987c (0x0173ffb3) x31 0xc8128000
core   0: 0x80009880 (0x00e9d393) srli    t2, s3, 14
core   0: 3 0x80009880 (0x00e9d393) x 7 0x00000000
core   0: 0x80009884 (0x4123dc33) sra     s8, t2, s2
core   0: 3 0x80009884 (0x4123dc33) x24 0x00000000
core   0: 0x80009888 (0x0069cb33) xor     s6, s3, t1
core   0: 3 0x80009888 (0x0069cb33) x22 0x3a6f2424
core   0: 0x8000988c (0x01fd27b3) slt     a5, s10, t6
core   0: 3 0x8000988c (0x01fd27b3) x15 0x00000000
core   0: 0x80009890 (0x2e9ca693) slti    a3, s9, 745
core   0: 3 0x80009890 (0x2e9ca693) x13 0x00000001
core   0: 0x80009894 (0x012ef9b3) and     s3, t4, s2
core   0: 3 0x80009894 (0x012ef9b3) x19 0x00000000
core   0: 0x80009898 (0x00880233) add     tp, a6, s0
core   0: 3 0x80009898 (0x00880233) x 4 0x5a793df7
core   0: 0x8000989c (0x00f24333) xor     t1, tp, a5
core   0: 3 0x8000989c (0x00f24333) x 6 0x5a793df7
core   0: 0x800098a0 (0xa0957c93) andi    s9, a0, -1527
core   0: 3 0x800098a0 (0xa0957c93) x25 0x00000000
core   0: 0x800098a4 (0x01d75313) srli    t1, a4, 29
core   0: 3 0x800098a4 (0x01d75313) x 6 0x00000000
core   0: 0x800098a8 (0xa2bb2793) slti    a5, s6, -1493
core   0: 3 0x800098a8 (0xa2bb2793) x15 0x00000000
core   0: 0x800098ac (0x00011833) sll     a6, sp, zero
core   0: 3 0x800098ac (0x00011833) x16 0x80015ce4
core   0: 0x800098b0 (0x415986b3) sub     a3, s3, s5
core   0: 3 0x800098b0 (0x415986b3) x13 0x7ffea31c
core   0: 0x800098b4 (0x01aa79b3) and     s3, s4, s10
core   0: 3 0x800098b4 (0x01aa79b3) x19 0x00000000
core   0: 0x800098b8 (0x00000013) nop
core   0: 3 0x800098b8 (0x00000013)
core   0: 0x800098bc (0x00d1c9b3) xor     s3, gp, a3
core   0: 3 0x800098bc (0x00d1c9b3) x19 0xba6e78c0
core   0: 0x800098c0 (0xcd7cff93) andi    t6, s9, -809
core   0: 3 0x800098c0 (0xcd7cff93) x31 0x00000000
core   0: 0x800098c4 (0x002e3c33) sltu    s8, t3, sp
core   0: 3 0x800098c4 (0x002e3c33) x24 0x00000001
core   0: 0x800098c8 (0xe0a42013) slti    zero, s0, -502
core   0: 3 0x800098c8 (0xe0a42013)
core   0: 0x800098cc (0x00000013) nop
core   0: 3 0x800098cc (0x00000013)
core   0: 0x800098d0 (0x00000013) nop
core   0: 3 0x800098d0 (0x00000013)
core   0: 0x800098d4 (0x41cedb13) srai    s6, t4, 28
core   0: 3 0x800098d4 (0x41cedb13) x22 0xffffffff
core   0: 0x800098d8 (0x9c9e2293) slti    t0, t3, -1591
core   0: 3 0x800098d8 (0x9c9e2293) x 5 0x00000000
core   0: 0x800098dc (0x01fd72b3) and     t0, s10, t6
core   0: 3 0x800098dc (0x01fd72b3) x 5 0x00000000
core   0: 0x800098e0 (0x41f65233) sra     tp, a2, t6
core   0: 3 0x800098e0 (0x41f65233) x 4 0xef026aee
core   0: 0x800098e4 (0x0e4ed797) auipc   a5, 0xe4ed
core   0: 3 0x800098e4 (0x0e4ed797) x15 0x8e4f68e4
core   0: 0x800098e8 (0x00000013) nop
core   0: 3 0x800098e8 (0x00000013)
core   0: 0x800098ec (0x000ab8b3) sltu    a7, s5, zero
core   0: 3 0x800098ec (0x000ab8b3) x17 0x00000000
core   0: 0x800098f0 (0xbb64e493) ori     s1, s1, -1098
core   0: 3 0x800098f0 (0xbb64e493) x 9 0xfffffbb6
core   0: 0x800098f4 (0x0a882013) slti    zero, a6, 168
core   0: 3 0x800098f4 (0x0a882013)
core   0: 0x800098f8 (0x01be3933) sltu    s2, t3, s11
core   0: 3 0x800098f8 (0x01be3933) x18 0x00000001
core   0: 0x800098fc (0x00d3c6b3) xor     a3, t2, a3
core   0: 3 0x800098fc (0x00d3c6b3) x13 0x7ffea31c
core   0: 0x80009900 (0x00e238b3) sltu    a7, tp, a4
core   0: 3 0x80009900 (0x00e238b3) x17 0x00000000
core   0: 0x80009904 (0x01ffefb3) or      t6, t6, t6
core   0: 3 0x80009904 (0x01ffefb3) x31 0x00000000
core   0: 0x80009908 (0x007398b3) sll     a7, t2, t2
core   0: 3 0x80009908 (0x007398b3) x17 0x00000000
core   0: 0x8000990c (0x41d65b13) srai    s6, a2, 29
core   0: 3 0x8000990c (0x41d65b13) x22 0xffffffff
core   0: 0x80009910 (0x014f4b33) xor     s6, t5, s4
core   0: 3 0x80009910 (0x014f4b33) x22 0xc559e279
core   0: 0x80009914 (0x00000013) nop
core   0: 3 0x80009914 (0x00000013)
core   0: 0x80009918 (0x00945d33) srl     s10, s0, s1
core   0: 3 0x80009918 (0x00945d33) x26 0x00000369
core   0: 0x8000991c (0x408257b3) sra     a5, tp, s0
core   0: 3 0x8000991c (0x408257b3) x15 0xffffef02
core   0: 0x80009920 (0xe102af93) slti    t6, t0, -496
core   0: 3 0x80009920 (0xe102af93) x31 0x00000000
core   0: 0x80009924 (0x01492b33) slt     s6, s2, s4
core   0: 3 0x80009924 (0x01492b33) x22 0x00000000
core   0: 0x80009928 (0x412250b3) sra     ra, tp, s2
core   0: 3 0x80009928 (0x412250b3) x 1 0xf7813577
core   0: 0x8000992c (0xca888213) addi    tp, a7, -856
core   0: 3 0x8000992c (0xca888213) x 4 0xfffffca8
core   0: 0x80009930 (0x00000013) nop
core   0: 3 0x80009930 (0x00000013)
core   0: 0x80009934 (0x5c5ade17) auipc   t3, 0x5c5ad
core   0: 3 0x80009934 (0x5c5ade17) x28 0xdc5b6934
core   0: 0x80009938 (0x006586b3) add     a3, a1, t1
core   0: 3 0x80009938 (0x006586b3) x13 0x00000469
core   0: 0x8000993c (0x4d0ea293) slti    t0, t4, 1232
core   0: 3 0x8000993c (0x4d0ea293) x 5 0x00000001
core   0: 0x80009940 (0x01b51013) slli    zero, a0, 27
core   0: 3 0x80009940 (0x01b51013)
core   0: 0x80009944 (0xca48b413) sltiu   s0, a7, -860
core   0: 3 0x80009944 (0xca48b413) x 8 0x00000001
core   0: 0x80009948 (0x5e996893) ori     a7, s2, 1513
core   0: 3 0x80009948 (0x5e996893) x17 0x000005e9
core   0: 0x8000994c (0xdf212593) slti    a1, sp, -526
core   0: 3 0x8000994c (0xdf212593) x11 0x00000001
core   0: 0x80009950 (0xff7fa913) slti    s2, t6, -9
core   0: 3 0x80009950 (0xff7fa913) x18 0x00000000
core   0: 0x80009954 (0x0095ecb3) or      s9, a1, s1
core   0: 3 0x80009954 (0x0095ecb3) x25 0xfffffbb7
core   0: 0x80009958 (0x402b06b3) sub     a3, s6, sp
core   0: 3 0x80009958 (0x402b06b3) x13 0x7ffea31c
core   0: 0x8000995c (0x00cf9713) slli    a4, t6, 12
core   0: 3 0x8000995c (0x00cf9713) x14 0x00000000
core   0: 0x80009960 (0xcb043793) sltiu   a5, s0, -848
core   0: 3 0x80009960 (0xcb043793) x15 0x00000001
core   0: 0x80009964 (0xad3a0c93) addi    s9, s4, -1325
core   0: 3 0x80009964 (0xad3a0c93) x25 0x80011937
core   0: 0x80009968 (0xd1a0a693) slti    a3, ra, -742
core   0: 3 0x80009968 (0xd1a0a693) x13 0x00000001
core   0: 0x8000996c (0xec13b493) sltiu   s1, t2, -319
core   0: 3 0x8000996c (0xec13b493) x 9 0x00000001
core   0: 0x80009970 (0x40bd5093) srai    ra, s10, 11
core   0: 3 0x80009970 (0x40bd5093) x 1 0x00000000
core   0: 0x80009974 (0x018e5033) srl     zero, t3, s8
core   0: 3 0x80009974 (0x018e5033)
core   0: 0x80009978 (0x01d02333) slt     t1, zero, t4
core   0: 3 0x80009978 (0x01d02333) x 6 0x00000000
core   0: 0x8000997c (0x6e891417) auipc   s0, 0x6e891
core   0: 3 0x8000997c (0x6e891417) x 8 0xee89a97c
core   0: 0x80009980 (0x003f7e33) and     t3, t5, gp
core   0: 3 0x80009980 (0x003f7e33) x28 0x4510d81c
core   0: 0x80009984 (0x198d4313) xori    t1, s10, 408
core   0: 3 0x80009984 (0x198d4313) x 6 0x000002f1
core   0: 0x80009988 (0x193b4717) auipc   a4, 0x193b4
core   0: 3 0x80009988 (0x193b4717) x14 0x993bd988
core   0: 0x8000998c (0x15f03393) sltiu   t2, zero, 351
core   0: 3 0x8000998c (0x15f03393) x 7 0x00000001
core   0: 0x80009990 (0x00a40733) add     a4, s0, a0
core   0: 3 0x80009990 (0x00a40733) x14 0xee89a97c
core   0: 0x80009994 (0x00f61793) slli    a5, a2, 15
core   0: 3 0x80009994 (0x00f61793) x15 0x35770000
core   0: 0x80009998 (0x00ca15b3) sll     a1, s4, a2
core   0: 3 0x80009998 (0x00ca15b3) x11 0x47990000
core   0: 0x8000999c (0x41798e33) sub     t3, s3, s7
core   0: 3 0x8000999c (0x41798e33) x28 0xdff3e0d0
core   0: 0x800099a0 (0x0b87a413) slti    s0, a5, 184
core   0: 3 0x800099a0 (0x0b87a413) x 8 0x00000000
core   0: 0x800099a4 (0x41808c33) sub     s8, ra, s8
core   0: 3 0x800099a4 (0x41808c33) x24 0xffffffff
core   0: 0x800099a8 (0xdddd2593) slti    a1, s10, -547
core   0: 3 0x800099a8 (0xdddd2593) x11 0x00000000
core   0: 0x800099ac (0x00f96233) or      tp, s2, a5
core   0: 3 0x800099ac (0x00f96233) x 4 0x35770000
core   0: 0x800099b0 (0x00add993) srli    s3, s11, 10
core   0: 3 0x800099b0 (0x00add993) x19 0x002ea9c1
core   0: 0x800099b4 (0xec52cc93) xori    s9, t0, -315
core   0: 3 0x800099b4 (0xec52cc93) x25 0xfffffec4
core   0: 0x800099b8 (0x7f899237) lui     tp, 0x7f899
core   0: 3 0x800099b8 (0x7f899237) x 4 0x7f899000
core   0: 0x800099bc (0x01a65db3) srl     s11, a2, s10
core   0: 3 0x800099bc (0x01a65db3) x27 0x00778135
core   0: 0x800099c0 (0x40488933) sub     s2, a7, tp
core   0: 3 0x800099c0 (0x40488933) x18 0x807675e9
core   0: 0x800099c4 (0x0059d3b3) srl     t2, s3, t0
core   0: 3 0x800099c4 (0x0059d3b3) x 7 0x001754e0
core   0: 0x800099c8 (0x01345c13) srli    s8, s0, 19
core   0: 3 0x800099c8 (0x01345c13) x24 0x00000000
core   0: 0x800099cc (0x8e7ca113) slti    sp, s9, -1817
core   0: 3 0x800099cc (0x8e7ca113) x 2 0x00000000
core   0: 0x800099d0 (0x0119d233) srl     tp, s3, a7
core   0: 3 0x800099d0 (0x0119d233) x 4 0x00001754
core   0: 0x800099d4 (0x484a0393) addi    t2, s4, 1156
core   0: 3 0x800099d4 (0x484a0393) x 7 0x800122e8
core   0: 0x800099d8 (0x5bd82593) slti    a1, a6, 1469
core   0: 3 0x800099d8 (0x5bd82593) x11 0x00000001
core   0: 0x800099dc (0x00b2d313) srli    t1, t0, 11
core   0: 3 0x800099dc (0x00b2d313) x 6 0x00000000
core   0: 0x800099e0 (0x0109de93) srli    t4, s3, 16
core   0: 3 0x800099e0 (0x0109de93) x29 0x0000002e
core   0: 0x800099e4 (0x386dbe13) sltiu   t3, s11, 902
core   0: 3 0x800099e4 (0x386dbe13) x28 0x00000000
core   0: 0x800099e8 (0x01ce9db3) sll     s11, t4, t3
core   0: 3 0x800099e8 (0x01ce9db3) x27 0x0000002e
core   0: 0x800099ec (0x5c4ff593) andi    a1, t6, 1476
core   0: 3 0x800099ec (0x5c4ff593) x11 0x00000000
core   0: 0x800099f0 (0x407d83b3) sub     t2, s11, t2
core   0: 3 0x800099f0 (0x407d83b3) x 7 0x7ffedd46
core   0: 0x800099f4 (0x018ce1b3) or      gp, s9, s8
core   0: 3 0x800099f4 (0x018ce1b3) x 3 0xfffffec4
core   0: 0x800099f8 (0x3bd74793) xori    a5, a4, 957
core   0: 3 0x800099f8 (0x3bd74793) x15 0xee89aac1
core   0: 0x800099fc (0x01074833) xor     a6, a4, a6
core   0: 3 0x800099fc (0x01074833) x16 0x6e88f598
core   0: 0x80009a00 (0x01e86133) or      sp, a6, t5
core   0: 3 0x80009a00 (0x01e86133) x 2 0x6fd8fd9d
core   0: 0x80009a04 (0x01d61f33) sll     t5, a2, t4
core   0: 3 0x80009a04 (0x01d61f33) x30 0x9abb8000
core   0: 0x80009a08 (0x9d334237) lui     tp, 0x9d334
core   0: 3 0x80009a08 (0x9d334237) x 4 0x9d334000
core   0: 0x80009a0c (0x00f681b3) add     gp, a3, a5
core   0: 3 0x80009a0c (0x00f681b3) x 3 0xee89aac2
core   0: 0x80009a10 (0xb757e413) ori     s0, a5, -1163
core   0: 3 0x80009a10 (0xb757e413) x 8 0xfffffbf5
core   0: 0x80009a14 (0x41e20c33) sub     s8, tp, t5
core   0: 3 0x80009a14 (0x41e20c33) x24 0x0277c000
core   0: 0x80009a18 (0x405950b3) sra     ra, s2, t0
core   0: 3 0x80009a18 (0x405950b3) x 1 0xc03b3af4
core   0: 0x80009a1c (0x7763bc93) sltiu   s9, t2, 1910
core   0: 3 0x80009a1c (0x7763bc93) x25 0x00000000
core   0: 0x80009a20 (0x00000013) nop
core   0: 3 0x80009a20 (0x00000013)
core   0: 0x80009a24 (0xa73a4013) xori    zero, s4, -1421
core   0: 3 0x80009a24 (0xa73a4013)
core   0: 0x80009a28 (0x008fd513) srli    a0, t6, 8
core   0: 3 0x80009a28 (0x008fd513) x10 0x00000000
core   0: 0x80009a2c (0x0162db13) srli    s6, t0, 22
core   0: 3 0x80009a2c (0x0162db13) x22 0x00000000
core   0: 0x80009a30 (0x008c44b3) xor     s1, s8, s0
core   0: 3 0x80009a30 (0x008c44b3) x 9 0xfd883bf5
core   0: 0x80009a34 (0x40b20833) sub     a6, tp, a1
core   0: 3 0x80009a34 (0x40b20833) x16 0x9d334000
core   0: 0x80009a38 (0x004d5db3) srl     s11, s10, tp
core   0: 3 0x80009a38 (0x004d5db3) x27 0x00000369
core   0: 0x80009a3c (0x4023dd13) srai    s10, t2, 2
core   0: 3 0x80009a3c (0x4023dd13) x26 0x1fffb751
core   0: 0x80009a40 (0x004cdd13) srli    s10, s9, 4
core   0: 3 0x80009a40 (0x004cdd13) x26 0x00000000
core   0: 0x80009a44 (0x00061bb3) sll     s7, a2, zero
core   0: 3 0x80009a44 (0x00061bb3) x23 0xef026aee
core   0: 0x80009a48 (0x00ed69b3) or      s3, s10, a4
core   0: 3 0x80009a48 (0x00ed69b3) x19 0xee89a97c
core   0: 0x80009a4c (0x00055213) srli    tp, a0, 0
core   0: 3 0x80009a4c (0x00055213) x 4 0x00000000
core   0: 0x80009a50 (0x0199f5b3) and     a1, s3, s9
core   0: 3 0x80009a50 (0x0199f5b3) x11 0x00000000
core   0: 0x80009a54 (0x005f2533) slt     a0, t5, t0
core   0: 3 0x80009a54 (0x005f2533) x10 0x00000001
core   0: 0x80009a58 (0xf7083c93) sltiu   s9, a6, -144
core   0: 3 0x80009a58 (0xf7083c93) x25 0x00000001
core   0: 0x80009a5c (0x001a9fb3) sll     t6, s5, ra
core   0: 3 0x80009a5c (0x001a9fb3) x31 0xce400000
core   0: 0x80009a60 (0x0155e933) or      s2, a1, s5
core   0: 3 0x80009a60 (0x0155e933) x18 0x80015ce4
core   0: 0x80009a64 (0xe0086713) ori     a4, a6, -512
core   0: 3 0x80009a64 (0xe0086713) x14 0xfffffe00
core   0: 0x80009a68 (0x38587413) andi    s0, a6, 901
core   0: 3 0x80009a68 (0x38587413) x 8 0x00000000
core   0: 0x80009a6c (0x006c2c33) slt     s8, s8, t1
core   0: 3 0x80009a6c (0x006c2c33) x24 0x00000000
core   0: 0x80009a70 (0x01a2de93) srli    t4, t0, 26
core   0: 3 0x80009a70 (0x01a2de93) x29 0x00000000
core   0: 0x80009a74 (0x38a27d13) andi    s10, tp, 906
core   0: 3 0x80009a74 (0x38a27d13) x26 0x00000000
core   0: 0x80009a78 (0x3a768993) addi    s3, a3, 935
core   0: 3 0x80009a78 (0x3a768993) x19 0x000003a8
core   0: 0x80009a7c (0x019e1d13) slli    s10, t3, 25
core   0: 3 0x80009a7c (0x019e1d13) x26 0x00000000
core   0: 0x80009a80 (0x41bb5d33) sra     s10, s6, s11
core   0: 3 0x80009a80 (0x41bb5d33) x26 0x00000000
core   0: 0x80009a84 (0x01e55193) srli    gp, a0, 30
core   0: 3 0x80009a84 (0x01e55193) x 3 0x00000000
core   0: 0x80009a88 (0x40a189b3) sub     s3, gp, a0
core   0: 3 0x80009a88 (0x40a189b3) x19 0xffffffff
core   0: 0x80009a8c (0x584a0293) addi    t0, s4, 1412
core   0: 3 0x80009a8c (0x584a0293) x 5 0x800123e8
core   0: 0x80009a90 (0xd5eb22b7) lui     t0, 0xd5eb2
core   0: 3 0x80009a90 (0xd5eb22b7) x 5 0xd5eb2000
core   0: 0x80009a94 (0x0096d833) srl     a6, a3, s1
core   0: 3 0x80009a94 (0x0096d833) x16 0x00000000
core   0: 0x80009a98 (0x00a61793) slli    a5, a2, 10
core   0: 3 0x80009a98 (0x00a61793) x15 0x09abb800
core   0: 0x80009a9c (0x586d2813) slti    a6, s10, 1414
core   0: 3 0x80009a9c (0x586d2813) x16 0x00000001
core   0: 0x80009aa0 (0x41358b33) sub     s6, a1, s3
core   0: 3 0x80009aa0 (0x41358b33) x22 0x00000001
core   0: 0x80009aa4 (0x006801b3) add     gp, a6, t1
core   0: 3 0x80009aa4 (0x006801b3) x 3 0x00000001
core   0: 0x80009aa8 (0x419cde33) sra     t3, s9, s9
core   0: 3 0x80009aa8 (0x419cde33) x28 0x00000000
core   0: 0x80009aac (0x009f5833) srl     a6, t5, s1
core   0: 3 0x80009aac (0x009f5833) x16 0x000004d5
core   0: 0x80009ab0 (0xd9f1a413) slti    s0, gp, -609
core   0: 3 0x80009ab0 (0xd9f1a413) x 8 0x00000000
core   0: 0x80009ab4 (0x001be9b3) or      s3, s7, ra
core   0: 3 0x80009ab4 (0x001be9b3) x19 0xef3b7afe
core   0: 0x80009ab8 (0x403f0733) sub     a4, t5, gp
core   0: 3 0x80009ab8 (0x403f0733) x14 0x9abb7fff
core   0: 0x80009abc (0x00bd1f33) sll     t5, s10, a1
core   0: 3 0x80009abc (0x00bd1f33) x30 0x00000000
core   0: 0x80009ac0 (0x011856b3) srl     a3, a6, a7
core   0: 3 0x80009ac0 (0x011856b3) x13 0x00000002
core   0: 0x80009ac4 (0x008b3d33) sltu    s10, s6, s0
core   0: 3 0x80009ac4 (0x008b3d33) x26 0x00000000
core   0: 0x80009ac8 (0x40658fb3) sub     t6, a1, t1
core   0: 3 0x80009ac8 (0x40658fb3) x31 0x00000000
core   0: 0x80009acc (0x00916333) or      t1, sp, s1
core   0: 3 0x80009acc (0x00916333) x 6 0xffd8fffd
core   0: 0x80009ad0 (0x01645e13) srli    t3, s0, 22
core   0: 3 0x80009ad0 (0x01645e13) x28 0x00000000
core   0: 0x80009ad4 (0x5b8cf293) andi    t0, s9, 1464
core   0: 3 0x80009ad4 (0x5b8cf293) x 5 0x00000000
core   0: 0x80009ad8 (0x40add533) sra     a0, s11, a0
core   0: 3 0x80009ad8 (0x40add533) x10 0x000001b4
core   0: 0x80009adc (0x40ce56b3) sra     a3, t3, a2
core   0: 3 0x80009adc (0x40ce56b3) x13 0x00000000
core   0: 0x80009ae0 (0x1551f493) andi    s1, gp, 341
core   0: 3 0x80009ae0 (0x1551f493) x 9 0x00000001
core   0: 0x80009ae4 (0x019af4b3) and     s1, s5, s9
core   0: 3 0x80009ae4 (0x019af4b3) x 9 0x00000000
core   0: 0x80009ae8 (0x62688893) addi    a7, a7, 1574
core   0: 3 0x80009ae8 (0x62688893) x17 0x00000c0f
core   0: 0x80009aec (0x54dc9e17) auipc   t3, 0x54dc9
core   0: 3 0x80009aec (0x54dc9e17) x28 0xd4dd2aec
core   0: 0x80009af0 (0x00015413) srli    s0, sp, 0
core   0: 3 0x80009af0 (0x00015413) x 8 0x6fd8fd9d
core   0: 0x80009af4 (0xb90ae813) ori     a6, s5, -1136
core   0: 3 0x80009af4 (0xb90ae813) x16 0xfffffff4
core   0: 0x80009af8 (0x01829c93) slli    s9, t0, 24
core   0: 3 0x80009af8 (0x01829c93) x25 0x00000000
core   0: 0x80009afc (0xbd89ae93) slti    t4, s3, -1064
core   0: 3 0x80009afc (0xbd89ae93) x29 0x00000001
core   0: 0x80009b00 (0x00d7b8b3) sltu    a7, a5, a3
core   0: 3 0x80009b00 (0x00d7b8b3) x17 0x00000000
core   0: 0x80009b04 (0xd491c713) xori    a4, gp, -695
core   0: 3 0x80009b04 (0xd491c713) x14 0xfffffd48
core   0: 0x80009b08 (0x01b9c733) xor     a4, s3, s11
core   0: 3 0x80009b08 (0x01b9c733) x14 0xef3b7997
core   0: 0x80009b0c (0x01842233) slt     tp, s0, s8
core   0: 3 0x80009b0c (0x01842233) x 4 0x00000000
core   0: 0x80009b10 (0x01561e93) slli    t4, a2, 21
core   0: 3 0x80009b10 (0x01561e93) x29 0x5dc00000
core   0: 0x80009b14 (0x00394233) xor     tp, s2, gp
core   0: 3 0x80009b14 (0x00394233) x 4 0x80015ce5
core   0: 0x80009b18 (0x4e05f713) andi    a4, a1, 1248
core   0: 3 0x80009b18 (0x4e05f713) x14 0x00000000
core   0: 0x80009b1c (0x2e3fcc93) xori    s9, t6, 739
core   0: 3 0x80009b1c (0x2e3fcc93) x25 0x000002e3
core   0: 0x80009b20 (0x01681f93) slli    t6, a6, 22
core   0: 3 0x80009b20 (0x01681f93) x31 0xfd000000
core   0: 0x80009b24 (0x011bed33) or      s10, s7, a7
core   0: 3 0x80009b24 (0x011bed33) x26 0xef026aee
core   0: 0x80009b28 (0xa937ce93) xori    t4, a5, -1389
core   0: 3 0x80009b28 (0xa937ce93) x29 0xf6544293
core   0: 0x80009b2c (0x003b9493) slli    s1, s7, 3
core   0: 3 0x80009b2c (0x003b9493) x 9 0x78135770
core   0: 0x80009b30 (0x001e5593) srli    a1, t3, 1
core   0: 3 0x80009b30 (0x001e5593) x11 0x6a6e9576
core   0: 0x80009b34 (0x017be8b3) or      a7, s7, s7
core   0: 3 0x80009b34 (0x017be8b3) x17 0xef026aee
core   0: 0x80009b38 (0x01098b33) add     s6, s3, a6
core   0: 3 0x80009b38 (0x01098b33) x22 0xef3b7af2
core   0: 0x80009b3c (0x6fa28393) addi    t2, t0, 1786
core   0: 3 0x80009b3c (0x6fa28393) x 7 0x000006fa
core   0: 0x80009b40 (0x00e581b3) add     gp, a1, a4
core   0: 3 0x80009b40 (0x00e581b3) x 3 0x6a6e9576
core   0: 0x80009b44 (0x00414cb3) xor     s9, sp, tp
core   0: 3 0x80009b44 (0x00414cb3) x25 0xefd9a178
core   0: 0x80009b48 (0x00000013) nop
core   0: 3 0x80009b48 (0x00000013)
core   0: 0x80009b4c (0x1798e313) ori     t1, a7, 377
core   0: 3 0x80009b4c (0x1798e313) x 6 0xef026bff
core   0: 0x80009b50 (0x409ed293) srai    t0, t4, 9
core   0: 3 0x80009b50 (0x409ed293) x 5 0xfffb2a21
core   0: 0x80009b54 (0xca21a013) slti    zero, gp, -862
core   0: 3 0x80009b54 (0xca21a013)
core   0: 0x80009b58 (0x015e1933) sll     s2, t3, s5
core   0: 3 0x80009b58 (0x015e1933) x18 0x4dd2aec0
core   0: 0x80009b5c (0x7840ebb7) lui     s7, 0x7840e
core   0: 3 0x80009b5c (0x7840ebb7) x23 0x7840e000
core   0: 0x80009b60 (0x01615833) srl     a6, sp, s6
core   0: 3 0x80009b60 (0x01615833) x16 0x00001bf6
core   0: 0x80009b64 (0x015c32b3) sltu    t0, s8, s5
core   0: 3 0x80009b64 (0x015c32b3) x 5 0x00000001
core   0: 0x80009b68 (0x013fd2b3) srl     t0, t6, s3
core   0: 3 0x80009b68 (0x013fd2b3) x 5 0x00000003
core   0: 0x80009b6c (0x00000013) nop
core   0: 3 0x80009b6c (0x00000013)
core   0: 0x80009b70 (0x67ab7213) andi    tp, s6, 1658
core   0: 3 0x80009b70 (0x67ab7213) x 4 0x00000272
core   0: 0x80009b74 (0x008e92b3) sll     t0, t4, s0
core   0: 3 0x80009b74 (0x008e92b3) x 5 0x60000000
core   0: 0x80009b78 (0x01bd5e93) srli    t4, s10, 27
core   0: 3 0x80009b78 (0x01bd5e93) x29 0x0000001d
core   0: 0x80009b7c (0x0059ac33) slt     s8, s3, t0
core   0: 3 0x80009b7c (0x0059ac33) x24 0x00000001
core   0: 0x80009b80 (0x0067a033) slt     zero, a5, t1
core   0: 3 0x80009b80 (0x0067a033)
core   0: 0x80009b84 (0x004cb3b3) sltu    t2, s9, tp
core   0: 3 0x80009b84 (0x004cb3b3) x 7 0x00000000
core   0: 0x80009b88 (0x01015113) srli    sp, sp, 16
core   0: 3 0x80009b88 (0x01015113) x 2 0x00006fd8
core   0: 0x80009b8c (0x78013913) sltiu   s2, sp, 1920
core   0: 3 0x80009b8c (0x78013913) x18 0x00000000
core   0: 0x80009b90 (0xf4d4a313) slti    t1, s1, -179
core   0: 3 0x80009b90 (0xf4d4a313) x 6 0x00000000
core   0: 0x80009b94 (0x266f7293) andi    t0, t5, 614
core   0: 3 0x80009b94 (0x266f7293) x 5 0x00000000
core   0: 0x80009b98 (0x8d4ebd13) sltiu   s10, t4, -1836
core   0: 3 0x80009b98 (0x8d4ebd13) x26 0x00000001
core   0: 0x80009b9c (0x00653233) sltu    tp, a0, t1
core   0: 3 0x80009b9c (0x00653233) x 4 0x00000000
core   0: 0x80009ba0 (0x0131d833) srl     a6, gp, s3
core   0: 3 0x80009ba0 (0x0131d833) x16 0x00000001
core   0: 0x80009ba4 (0x231d6293) ori     t0, s10, 561
core   0: 3 0x80009ba4 (0x231d6293) x 5 0x00000231
core   0: 0x80009ba8 (0x41b9d093) srai    ra, s3, 27
core   0: 3 0x80009ba8 (0x41b9d093) x 1 0xfffffffd
core   0: 0x80009bac (0x00000013) nop
core   0: 3 0x80009bac (0x00000013)
core   0: 0x80009bb0 (0x012d67b3) or      a5, s10, s2
core   0: 3 0x80009bb0 (0x012d67b3) x15 0x00000001
core   0: 0x80009bb4 (0x00000013) nop
core   0: 3 0x80009bb4 (0x00000013)
core   0: 0x80009bb8 (0x47146c93) ori     s9, s0, 1137
core   0: 3 0x80009bb8 (0x47146c93) x25 0x6fd8fdfd
core   0: 0x80009bbc (0xa0beb113) sltiu   sp, t4, -1525
core   0: 3 0x80009bbc (0xa0beb113) x 2 0x00000001
core   0: 0x80009bc0 (0x41dc8733) sub     a4, s9, t4
core   0: 3 0x80009bc0 (0x41dc8733) x14 0x6fd8fde0
core   0: 0x80009bc4 (0xc315d417) auipc   s0, 0xc315d
core   0: 3 0x80009bc4 (0xc315d417) x 8 0x43166bc4
core   0: 0x80009bc8 (0x00b286b3) add     a3, t0, a1
core   0: 3 0x80009bc8 (0x00b286b3) x13 0x6a6e97a7
core   0: 0x80009bcc (0x01742133) slt     sp, s0, s7
core   0: 3 0x80009bcc (0x01742133) x 2 0x00000001
core   0: 0x80009bd0 (0x01ad8b33) add     s6, s11, s10
core   0: 3 0x80009bd0 (0x01ad8b33) x22 0x0000036a
core   0: 0x80009bd4 (0x00863f33) sltu    t5, a2, s0
core   0: 3 0x80009bd4 (0x00863f33) x30 0x00000000
core   0: 0x80009bd8 (0x00f38233) add     tp, t2, a5
core   0: 3 0x80009bd8 (0x00f38233) x 4 0x00000001
core   0: 0x80009bdc (0x010d6933) or      s2, s10, a6
core   0: 3 0x80009bdc (0x010d6933) x18 0x00000001
core   0: 0x80009be0 (0x00000013) nop
core   0: 3 0x80009be0 (0x00000013)
core   0: 0x80009be4 (0xa72a19b7) lui     s3, 0xa72a1
core   0: 3 0x80009be4 (0xa72a19b7) x19 0xa72a1000
core   0: 0x80009be8 (0x00827cb3) and     s9, tp, s0
core   0: 3 0x80009be8 (0x00827cb3) x25 0x00000000
core   0: 0x80009bec (0x7459ed37) lui     s10, 0x7459e
core   0: 3 0x80009bec (0x7459ed37) x26 0x7459e000
core   0: 0x80009bf0 (0x00ee96b3) sll     a3, t4, a4
core   0: 3 0x80009bf0 (0x00ee96b3) x13 0x0000001d
core   0: 0x80009bf4 (0x13caacb7) lui     s9, 0x13caa
core   0: 3 0x80009bf4 (0x13caacb7) x25 0x13caa000
core   0: 0x80009bf8 (0x693e8e93) addi    t4, t4, 1683
core   0: 3 0x80009bf8 (0x693e8e93) x29 0x000006b0
core   0: 0x80009bfc (0x414d8b33) sub     s6, s11, s4
core   0: 3 0x80009bfc (0x414d8b33) x22 0x7ffee505
core   0: 0x80009c00 (0x01ec5bb3) srl     s7, s8, t5
core   0: 3 0x80009c00 (0x01ec5bb3) x23 0x00000001
core   0: 0x80009c04 (0x00000013) nop
core   0: 3 0x80009c04 (0x00000013)
core   0: 0x80009c08 (0x00065493) srli    s1, a2, 0
core   0: 3 0x80009c08 (0x00065493) x 9 0xef026aee
core   0: 0x80009c0c (0x00000013) nop
core   0: 3 0x80009c0c (0x00000013)
core   0: 0x80009c10 (0x62a38e37) lui     t3, 0x62a38
core   0: 3 0x80009c10 (0x62a38e37) x28 0x62a38000
core   0: 0x80009c14 (0x0052a233) slt     tp, t0, t0
core   0: 3 0x80009c14 (0x0052a233) x 4 0x00000000
core   0: 0x80009c18 (0x01fb9333) sll     t1, s7, t6
core   0: 3 0x80009c18 (0x01fb9333) x 6 0x00000001
core   0: 0x80009c1c (0x78a73813) sltiu   a6, a4, 1930
core   0: 3 0x80009c1c (0x78a73813) x16 0x00000000
core   0: 0x80009c20 (0x01cdefb3) or      t6, s11, t3
core   0: 3 0x80009c20 (0x01cdefb3) x31 0x62a38369
core   0: 0x80009c24 (0x41af87b3) sub     a5, t6, s10
core   0: 3 0x80009c24 (0x41af87b3) x15 0xee49a369
core   0: 0x80009c28 (0x01a466b3) or      a3, s0, s10
core   0: 3 0x80009c28 (0x01a466b3) x13 0x775febc4
core   0: 0x80009c2c (0x0162c433) xor     s0, t0, s6
core   0: 3 0x80009c2c (0x0162c433) x 8 0x7ffee734
core   0: 0x80009c30 (0x017802b3) add     t0, a6, s7
core   0: 3 0x80009c30 (0x017802b3) x 5 0x00000001
core   0: 0x80009c34 (0x01e14233) xor     tp, sp, t5
core   0: 3 0x80009c34 (0x01e14233) x 4 0x00000001
core   0: 0x80009c38 (0xc1b26e13) ori     t3, tp, -997
core   0: 3 0x80009c38 (0xc1b26e13) x28 0xfffffc1b
core   0: 0x80009c3c (0xa93b52b7) lui     t0, 0xa93b5
core   0: 3 0x80009c3c (0xa93b52b7) x 5 0xa93b5000
core   0: 0x80009c40 (0x00128133) add     sp, t0, ra
core   0: 3 0x80009c40 (0x00128133) x 2 0xa93b4ffd
core   0: 0x80009c44 (0x0186f133) and     sp, a3, s8
core   0: 3 0x80009c44 (0x0186f133) x 2 0x00000000
core   0: 0x80009c48 (0x019d1f33) sll     t5, s10, s9
core   0: 3 0x80009c48 (0x019d1f33) x30 0x7459e000
core   0: 0x80009c4c (0xa40b4e13) xori    t3, s6, -1472
core   0: 3 0x80009c4c (0xa40b4e13) x28 0x80011f45
core   0: 0x80009c50 (0x01375b93) srli    s7, a4, 19
core   0: 3 0x80009c50 (0x01375b93) x23 0x00000dfb
core   0: 0x80009c54 (0x0157f133) and     sp, a5, s5
core   0: 3 0x80009c54 (0x0157f133) x 2 0x80010060
core   0: 0x80009c58 (0x00000013) nop
core   0: 3 0x80009c58 (0x00000013)
core   0: 0x80009c5c (0x009d9133) sll     sp, s11, s1
core   0: 3 0x80009c5c (0x009d9133) x 2 0x00da4000
core   0: 0x80009c60 (0x00000013) nop
core   0: 3 0x80009c60 (0x00000013)
core   0: 0x80009c64 (0x018b9733) sll     a4, s7, s8
core   0: 3 0x80009c64 (0x018b9733) x14 0x00001bf6
core   0: 0x80009c68 (0x00be7cb3) and     s9, t3, a1
core   0: 3 0x80009c68 (0x00be7cb3) x25 0x00001544
core   0: 0x80009c6c (0xed928d93) addi    s11, t0, -295
core   0: 3 0x80009c6c (0xed928d93) x27 0xa93b4ed9
core   0: 0x80009c70 (0x01e1ceb3) xor     t4, gp, t5
core   0: 3 0x80009c70 (0x01e1ceb3) x29 0x1e377576
core   0: 0x80009c74 (0x097a2813) slti    a6, s4, 151
core   0: 3 0x80009c74 (0x097a2813) x16 0x00000001
core   0: 0x80009c78 (0x4999ae13) slti    t3, s3, 1177
core   0: 3 0x80009c78 (0x4999ae13) x28 0x00000001
core   0: 0x80009c7c (0xefab3393) sltiu   t2, s6, -262
core   0: 3 0x80009c7c (0xefab3393) x 7 0x00000001
core   0: 0x80009c80 (0x40a15b33) sra     s6, sp, a0
core   0: 3 0x80009c80 (0x40a15b33) x22 0x0000000d
core   0: 0x80009c84 (0x52172fb7) lui     t6, 0x52172
core   0: 3 0x80009c84 (0x52172fb7) x31 0x52172000
core   0: 0x80009c88 (0xcdfefc13) andi    s8, t4, -801
core   0: 3 0x80009c88 (0xcdfefc13) x24 0x1e377456
core   0: 0x80009c8c (0x01bd4533) xor     a0, s10, s11
core   0: 3 0x80009c8c (0x01bd4533) x10 0xdd62aed9
core   0: 0x80009c90 (0xea883717) auipc   a4, 0xea883
core   0: 3 0x80009c90 (0xea883717) x14 0x6a88cc90
core   0: 0x80009c94 (0x002a8333) add     t1, s5, sp
core   0: 3 0x80009c94 (0x002a8333) x 6 0x80db9ce4
core   0: 0x80009c98 (0xac4e8213) addi    tp, t4, -1340
core   0: 3 0x80009c98 (0xac4e8213) x 4 0x1e37703a
core   0: 0x80009c9c (0x00767333) and     t1, a2, t2
core   0: 3 0x80009c9c (0x00767333) x 6 0x00000000
core   0: 0x80009ca0 (0x41dd5233) sra     tp, s10, t4
core   0: 3 0x80009ca0 (0x41dd5233) x 4 0x000001d1
core   0: 0x80009ca4 (0xd49a8437) lui     s0, 0xd49a8
core   0: 3 0x80009ca4 (0xd49a8437) x 8 0xd49a8000
core   0: 0x80009ca8 (0xb6816e37) lui     t3, 0xb6816
core   0: 3 0x80009ca8 (0xb6816e37) x28 0xb6816000
core   0: 0x80009cac (0xc144c513) xori    a0, s1, -1004
core   0: 3 0x80009cac (0xc144c513) x10 0x10fd96fa
core   0: 0x80009cb0 (0x406b81b3) sub     gp, s7, t1
core   0: 3 0x80009cb0 (0x406b81b3) x 3 0x00000dfb
core   0: 0x80009cb4 (0x0034c7b3) xor     a5, s1, gp
core   0: 3 0x80009cb4 (0x0034c7b3) x15 0xef026715
core   0: 0x80009cb8 (0x40ac5213) srai    tp, s8, 10
core   0: 3 0x80009cb8 (0x40ac5213) x 4 0x00078ddd
core   0: 0x80009cbc (0x39460593) addi    a1, a2, 916
core   0: 3 0x80009cbc (0x39460593) x11 0xef026e82
core   0: 0x80009cc0 (0x00000013) nop
core   0: 3 0x80009cc0 (0x00000013)
core   0: 0x80009cc4 (0x00862bb3) slt     s7, a2, s0
core   0: 3 0x80009cc4 (0x00862bb3) x23 0x00000000
core   0: 0x80009cc8 (0x0118afb3) slt     t6, a7, a7
core   0: 3 0x80009cc8 (0x0118afb3) x31 0x00000000
core   0: 0x80009ccc (0x107fb013) sltiu   zero, t6, 263
core   0: 3 0x80009ccc (0x107fb013)
core   0: 0x80009cd0 (0x40a88733) sub     a4, a7, a0
core   0: 3 0x80009cd0 (0x40a88733) x14 0xde04d3f4
core   0: 0x80009cd4 (0x40a15d13) srai    s10, sp, 10
core   0: 3 0x80009cd4 (0x40a15d13) x26 0x00003690
core   0: 0x80009cd8 (0x01a10fb3) add     t6, sp, s10
core   0: 3 0x80009cd8 (0x01a10fb3) x31 0x00da7690
core   0: 0x80009cdc (0x65bc7f13) andi    t5, s8, 1627
core   0: 3 0x80009cdc (0x65bc7f13) x30 0x00000452
core   0: 0x80009ce0 (0xe9e1be13) sltiu   t3, gp, -354
core   0: 3 0x80009ce0 (0xe9e1be13) x28 0x00000001
core   0: 0x80009ce4 (0x00000013) nop
core   0: 3 0x80009ce4 (0x00000013)
core   0: 0x80009ce8 (0xf15c6f13) ori     t5, s8, -235
core   0: 3 0x80009ce8 (0xf15c6f13) x30 0xffffff57
core   0: 0x80009cec (0x2de86693) ori     a3, a6, 734
core   0: 3 0x80009cec (0x2de86693) x13 0x000002df
core   0: 0x80009cf0 (0x01eb0f33) add     t5, s6, t5
core   0: 3 0x80009cf0 (0x01eb0f33) x30 0xffffff64
core   0: 0x80009cf4 (0x4aca40b7) lui     ra, 0x4aca4
core   0: 3 0x80009cf4 (0x4aca40b7) x 1 0x4aca4000
core   0: 0x80009cf8 (0x00f68e33) add     t3, a3, a5
core   0: 3 0x80009cf8 (0x00f68e33) x28 0xef0269f4
core   0: 0x80009cfc (0x4698bd93) sltiu   s11, a7, 1129
core   0: 3 0x80009cfc (0x4698bd93) x27 0x00000000
core   0: 0x80009d00 (0xebace513) ori     a0, s9, -326
core   0: 3 0x80009d00 (0xebace513) x10 0xfffffffe
core   0: 0x80009d04 (0x00308533) add     a0, ra, gp
core   0: 3 0x80009d04 (0x00308533) x10 0x4aca4dfb
core   0: 0x80009d08 (0x00ef33b3) sltu    t2, t5, a4
core   0: 3 0x80009d08 (0x00ef33b3) x 7 0x00000000
core   0: 0x80009d0c (0x2ae1a393) slti    t2, gp, 686
core   0: 3 0x80009d0c (0x2ae1a393) x 7 0x00000000
core   0: 0x80009d10 (0x015200b3) add     ra, tp, s5
core   0: 3 0x80009d10 (0x015200b3) x 1 0x8008eac1
core   0: 0x80009d14 (0x41a609b3) sub     s3, a2, s10
core   0: 3 0x80009d14 (0x41a609b3) x19 0xef02345e
core   0: 0x80009d18 (0x416656b3) sra     a3, a2, s6
core   0: 3 0x80009d18 (0x416656b3) x13 0xffff7813
core   0: 0x80009d1c (0x41eb5413) srai    s0, s6, 30
core   0: 3 0x80009d1c (0x41eb5413) x 8 0x00000000
core   0: 0x80009d20 (0x00a5a533) slt     a0, a1, a0
core   0: 3 0x80009d20 (0x00a5a533) x10 0x00000001
core   0: 0x80009d24 (0x01c18933) add     s2, gp, t3
core   0: 3 0x80009d24 (0x01c18933) x18 0xef0277ef
core   0: 0x80009d28 (0xfb49ef97) auipc   t6, 0xfb49e
core   0: 3 0x80009d28 (0xfb49ef97) x31 0x7b4a7d28
core   0: 0x80009d2c (0x66215e17) auipc   t3, 0x66215
core   0: 3 0x80009d2c (0x66215e17) x28 0xe621ed2c
core   0: 0x80009d30 (0x3a467737) lui     a4, 0x3a467
core   0: 3 0x80009d30 (0x3a467737) x14 0x3a467000
core   0: 0x80009d34 (0x559de313) ori     t1, s11, 1369
core   0: 3 0x80009d34 (0x559de313) x 6 0x00000559
core   0: 0x80009d38 (0x01b12833) slt     a6, sp, s11
core   0: 3 0x80009d38 (0x01b12833) x16 0x00000000
core   0: 0x80009d3c (0x15e8de37) lui     t3, 0x15e8d
core   0: 3 0x80009d3c (0x15e8de37) x28 0x15e8d000
core   0: 0x80009d40 (0x4142dbb3) sra     s7, t0, s4
core   0: 3 0x80009d40 (0x4142dbb3) x23 0xfa93b500
core   0: 0x80009d44 (0x00000013) nop
core   0: 3 0x80009d44 (0x00000013)
core   0: 0x80009d48 (0x00000013) nop
core   0: 3 0x80009d48 (0x00000013)
core   0: 0x80009d4c (0x003663b3) or      t2, a2, gp
core   0: 3 0x80009d4c (0x003663b3) x 7 0xef026fff
core   0: 0x80009d50 (0x7067fe13) andi    t3, a5, 1798
core   0: 3 0x80009d50 (0x7067fe13) x28 0x00000704
core   0: 0x80009d54 (0x01c9a6b3) slt     a3, s3, t3
core   0: 3 0x80009d54 (0x01c9a6b3) x13 0x00000001
core   0: 0x80009d58 (0xb01a2b93) slti    s7, s4, -1279
core   0: 3 0x80009d58 (0xb01a2b93) x23 0x00000001
core   0: 0x80009d5c (0x38790d37) lui     s10, 0x38790
core   0: 3 0x80009d5c (0x38790d37) x26 0x38790000
core   0: 0x80009d60 (0x0182b1b3) sltu    gp, t0, s8
core   0: 3 0x80009d60 (0x0182b1b3) x 3 0x00000000
core   0: 0x80009d64 (0xcf44e093) ori     ra, s1, -780
core   0: 3 0x80009d64 (0xcf44e093) x 1 0xfffffefe
core   0: 0x80009d68 (0xc3cfcd13) xori    s10, t6, -964
core   0: 3 0x80009d68 (0xc3cfcd13) x26 0x84b58114
core   0: 0x80009d6c (0x3341a213) slti    tp, gp, 820
core   0: 3 0x80009d6c (0x3341a213) x 4 0x00000001
core   0: 0x80009d70 (0xd476ce93) xori    t4, a3, -697
core   0: 3 0x80009d70 (0xd476ce93) x29 0xfffffd46
core   0: 0x80009d74 (0x00146033) or      zero, s0, ra
core   0: 3 0x80009d74 (0x00146033)
core   0: 0x80009d78 (0xc6cf86b7) lui     a3, 0xc6cf8
core   0: 3 0x80009d78 (0xc6cf86b7) x13 0xc6cf8000
core   0: 0x80009d7c (0x00000013) nop
core   0: 3 0x80009d7c (0x00000013)
core   0: 0x80009d80 (0x4191dcb3) sra     s9, gp, s9
core   0: 3 0x80009d80 (0x4191dcb3) x25 0x00000000
core   0: 0x80009d84 (0x1bb6b093) sltiu   ra, a3, 443
core   0: 3 0x80009d84 (0x1bb6b093) x 1 0x00000000
core   0: 0x80009d88 (0x2606e213) ori     tp, a3, 608
core   0: 3 0x80009d88 (0x2606e213) x 4 0xc6cf8260
core   0: 0x80009d8c (0x0c76a893) slti    a7, a3, 199
core   0: 3 0x80009d8c (0x0c76a893) x17 0x00000001
core   0: 0x80009d90 (0x4d46fe13) andi    t3, a3, 1236
core   0: 3 0x80009d90 (0x4d46fe13) x28 0x00000000
core   0: 0x80009d94 (0x3a7f0f93) addi    t6, t5, 935
core   0: 3 0x80009d94 (0x3a7f0f93) x31 0x0000030b
core   0: 0x80009d98 (0x338c3813) sltiu   a6, s8, 824
core   0: 3 0x80009d98 (0x338c3813) x16 0x00000000
core   0: 0x80009d9c (0x01573f33) sltu    t5, a4, s5
core   0: 3 0x80009d9c (0x01573f33) x30 0x00000001
core   0: 0x80009da0 (0x01006333) or      t1, zero, a6
core   0: 3 0x80009da0 (0x01006333) x 6 0x00000000
core   0: 0x80009da4 (0xe8aaef93) ori     t6, s5, -374
core   0: 3 0x80009da4 (0xe8aaef93) x31 0xfffffeee
core   0: 0x80009da8 (0x4fcd0293) addi    t0, s10, 1276
core   0: 3 0x80009da8 (0x4fcd0293) x 5 0x84b58610
core   0: 0x80009dac (0x00781313) slli    t1, a6, 7
core   0: 3 0x80009dac (0x00781313) x 6 0x00000000
core   0: 0x80009db0 (0x5e2a8293) addi    t0, s5, 1506
core   0: 3 0x80009db0 (0x5e2a8293) x 5 0x800162c6
core   0: 0x80009db4 (0x01ed5713) srli    a4, s10, 30
core   0: 3 0x80009db4 (0x01ed5713) x14 0x00000002
core   0: 0x80009db8 (0x01751e13) slli    t3, a0, 23
core   0: 3 0x80009db8 (0x01751e13) x28 0x00800000
core   0: 0x80009dbc (0x2c9a0493) addi    s1, s4, 713
core   0: 3 0x80009dbc (0x2c9a0493) x 9 0x8001212d
core   0: 0x80009dc0 (0x92d28d93) addi    s11, t0, -1747
core   0: 3 0x80009dc0 (0x92d28d93) x27 0x80015bf3
core   0: 0x80009dc4 (0x40c45cb3) sra     s9, s0, a2
core   0: 3 0x80009dc4 (0x40c45cb3) x25 0x00000000
core   0: 0x80009dc8 (0x0b2fac13) slti    s8, t6, 178
core   0: 3 0x80009dc8 (0x0b2fac13) x24 0x00000001
core   0: 0x80009dcc (0x008045b3) xor     a1, zero, s0
core   0: 3 0x80009dcc (0x008045b3) x11 0x00000000
core   0: 0x80009dd0 (0x0184d313) srli    t1, s1, 24
core   0: 3 0x80009dd0 (0x0184d313) x 6 0x00000080
core   0: 0x80009dd4 (0x41c282b3) sub     t0, t0, t3
core   0: 3 0x80009dd4 (0x41c282b3) x 5 0x7f8162c6
core   0: 0x80009dd8 (0x016e33b3) sltu    t2, t3, s6
core   0: 3 0x80009dd8 (0x016e33b3) x 7 0x00000000
core   0: 0x80009ddc (0xf5262693) slti    a3, a2, -174
core   0: 3 0x80009ddc (0xf5262693) x13 0x00000001
core   0: 0x80009de0 (0x01547733) and     a4, s0, s5
core   0: 3 0x80009de0 (0x01547733) x14 0x00000000
core   0: 0x80009de4 (0x00d75db3) srl     s11, a4, a3
core   0: 3 0x80009de4 (0x00d75db3) x27 0x00000000
core   0: 0x80009de8 (0x5101b913) sltiu   s2, gp, 1296
core   0: 3 0x80009de8 (0x5101b913) x18 0x00000001
core   0: 0x80009dec (0x01329d13) slli    s10, t0, 19
core   0: 3 0x80009dec (0x01329d13) x26 0x16300000
core   0: 0x80009df0 (0x412558b3) sra     a7, a0, s2
core   0: 3 0x80009df0 (0x412558b3) x17 0x00000000
core   0: 0x80009df4 (0x01bf1493) slli    s1, t5, 27
core   0: 3 0x80009df4 (0x01bf1493) x 9 0x08000000
core   0: 0x80009df8 (0xc5277693) andi    a3, a4, -942
core   0: 3 0x80009df8 (0xc5277693) x13 0x00000000
core   0: 0x80009dfc (0x00491713) slli    a4, s2, 4
core   0: 3 0x80009dfc (0x00491713) x14 0x00000010
core   0: 0x80009e00 (0x011ed8b3) srl     a7, t4, a7
core   0: 3 0x80009e00 (0x011ed8b3) x17 0xfffffd46
core   0: 0x80009e04 (0x405a0133) sub     sp, s4, t0
core   0: 3 0x80009e04 (0x405a0133) x 2 0x007fbb9e
core   0: 0x80009e08 (0x2efe4693) xori    a3, t3, 751
core   0: 3 0x80009e08 (0x2efe4693) x13 0x008002ef
core   0: 0x80009e0c (0x016dd1b3) srl     gp, s11, s6
core   0: 3 0x80009e0c (0x016dd1b3) x 3 0x00000000
core   0: 0x80009e10 (0x46950093) addi    ra, a0, 1129
core   0: 3 0x80009e10 (0x46950093) x 1 0x0000046a
core   0: 0x80009e14 (0x970a6213) ori     tp, s4, -1680
core   0: 3 0x80009e14 (0x970a6213) x 4 0xffffff74
core   0: 0x80009e18 (0x41a45e13) srai    t3, s0, 26
core   0: 3 0x80009e18 (0x41a45e13) x28 0x00000000
core   0: 0x80009e1c (0xc72353b7) lui     t2, 0xc7235
core   0: 3 0x80009e1c (0xc72353b7) x 7 0xc7235000
core   0: 0x80009e20 (0x00698d33) add     s10, s3, t1
core   0: 3 0x80009e20 (0x00698d33) x26 0xef0234de
core   0: 0x80009e24 (0x40dc5713) srai    a4, s8, 13
core   0: 3 0x80009e24 (0x40dc5713) x14 0x00000000
core   0: 0x80009e28 (0x007f66b3) or      a3, t5, t2
core   0: 3 0x80009e28 (0x007f66b3) x13 0xc7235001
core   0: 0x80009e2c (0x103ab793) sltiu   a5, s5, 259
core   0: 3 0x80009e2c (0x103ab793) x15 0x00000000
core   0: 0x80009e30 (0x00d41413) slli    s0, s0, 13
core   0: 3 0x80009e30 (0x00d41413) x 8 0x00000000
core   0: 0x80009e34 (0x406c8d33) sub     s10, s9, t1
core   0: 3 0x80009e34 (0x406c8d33) x26 0xffffff80
core   0: 0x80009e38 (0xd4a06797) auipc   a5, 0xd4a06
core   0: 3 0x80009e38 (0xd4a06797) x15 0x54a0fe38
core   0: 0x80009e3c (0x010403b3) add     t2, s0, a6
core   0: 3 0x80009e3c (0x010403b3) x 7 0x00000000
core   0: 0x80009e40 (0xd191ad13) slti    s10, gp, -743
core   0: 3 0x80009e40 (0xd191ad13) x26 0x00000000
core   0: 0x80009e44 (0x006a4bb3) xor     s7, s4, t1
core   0: 3 0x80009e44 (0x006a4bb3) x23 0x80011ee4
core   0: 0x80009e48 (0x5a9a4017) auipc   zero, 0x5a9a4
core   0: 3 0x80009e48 (0x5a9a4017)
core   0: 0x80009e4c (0x01cb64b3) or      s1, s6, t3
core   0: 3 0x80009e4c (0x01cb64b3) x 9 0x0000000d
core   0: 0x80009e50 (0xab847f13) andi    t5, s0, -1352
core   0: 3 0x80009e50 (0xab847f13) x30 0x00000000
core   0: 0x80009e54 (0x41d4de93) srai    t4, s1, 29
core   0: 3 0x80009e54 (0x41d4de93) x29 0x00000000
core   0: 0x80009e58 (0x0090f933) and     s2, ra, s1
core   0: 3 0x80009e58 (0x0090f933) x18 0x00000008
core   0: 0x80009e5c (0x000babb3) slt     s7, s7, zero
core   0: 3 0x80009e5c (0x000babb3) x23 0x00000001
core   0: 0x80009e60 (0x48a7c437) lui     s0, 0x48a7c
core   0: 3 0x80009e60 (0x48a7c437) x 8 0x48a7c000
core   0: 0x80009e64 (0x012a83b3) add     t2, s5, s2
core   0: 3 0x80009e64 (0x012a83b3) x 7 0x80015cec
core   0: 0x80009e68 (0x00000013) nop
core   0: 3 0x80009e68 (0x00000013)
core   0: 0x80009e6c (0x01c3de13) srli    t3, t2, 28
core   0: 3 0x80009e6c (0x01c3de13) x28 0x00000008
core   0: 0x80009e70 (0xcb936393) ori     t2, t1, -839
core   0: 3 0x80009e70 (0xcb936393) x 7 0xfffffcb9
core   0: 0x80009e74 (0xc4b7c013) xori    zero, a5, -949
core   0: 3 0x80009e74 (0xc4b7c013)
core   0: 0x80009e78 (0xb283af13) slti    t5, t2, -1240
core   0: 3 0x80009e78 (0xb283af13) x30 0x00000000
core   0: 0x80009e7c (0x009ad413) srli    s0, s5, 9
core   0: 3 0x80009e7c (0x009ad413) x 8 0x004000ae
core   0: 0x80009e80 (0x00f4fbb3) and     s7, s1, a5
core   0: 3 0x80009e80 (0x00f4fbb3) x23 0x00000008
core   0: 0x80009e84 (0x40505693) srai    a3, zero, 5
core   0: 3 0x80009e84 (0x40505693) x13 0x00000000
core   0: 0x80009e88 (0x4066db93) srai    s7, a3, 6
core   0: 3 0x80009e88 (0x4066db93) x23 0x00000000
core   0: 0x80009e8c (0x00fab833) sltu    a6, s5, a5
core   0: 3 0x80009e8c (0x00fab833) x16 0x00000000
core   0: 0x80009e90 (0x8986c513) xori    a0, a3, -1896
core   0: 3 0x80009e90 (0x8986c513) x10 0xfffff898
core   0: 0x80009e94 (0x00d0bb33) sltu    s6, ra, a3
core   0: 3 0x80009e94 (0x00d0bb33) x22 0x00000000
core   0: 0x80009e98 (0x01ce8133) add     sp, t4, t3
core   0: 3 0x80009e98 (0x01ce8133) x 2 0x00000008
core   0: 0x80009e9c (0x0104a9b3) slt     s3, s1, a6
core   0: 3 0x80009e9c (0x0104a9b3) x19 0x00000000
core   0: 0x80009ea0 (0x406686b3) sub     a3, a3, t1
core   0: 3 0x80009ea0 (0x406686b3) x13 0xffffff80
core   0: 0x80009ea4 (0x40fe09b3) sub     s3, t3, a5
core   0: 3 0x80009ea4 (0x40fe09b3) x19 0xab5f01d0
core   0: 0x80009ea8 (0x00e54eb3) xor     t4, a0, a4
core   0: 3 0x80009ea8 (0x00e54eb3) x29 0xfffff898
core   0: 0x80009eac (0x4127d813) srai    a6, a5, 18
core   0: 3 0x80009eac (0x4127d813) x16 0x00001528
core   0: 0x80009eb0 (0x90e27c93) andi    s9, tp, -1778
core   0: 3 0x80009eb0 (0x90e27c93) x25 0xfffff904
core   0: 0x80009eb4 (0x01edadb3) slt     s11, s11, t5
core   0: 3 0x80009eb4 (0x01edadb3) x27 0x00000000
core   0: 0x80009eb8 (0x40725293) srai    t0, tp, 7
core   0: 3 0x80009eb8 (0x40725293) x 5 0xfffffffe
core   0: 0x80009ebc (0x017181b3) add     gp, gp, s7
core   0: 3 0x80009ebc (0x017181b3) x 3 0x00000000
core   0: 0x80009ec0 (0x9b9d2493) slti    s1, s10, -1607
core   0: 3 0x80009ec0 (0x9b9d2493) x 9 0x00000000
core   0: 0x80009ec4 (0x008b8133) add     sp, s7, s0
core   0: 3 0x80009ec4 (0x008b8133) x 2 0x004000ae
core   0: 0x80009ec8 (0x0174ce33) xor     t3, s1, s7
core   0: 3 0x80009ec8 (0x0174ce33) x28 0x00000000
core   0: 0x80009ecc (0xdc830193) addi    gp, t1, -568
core   0: 3 0x80009ecc (0xdc830193) x 3 0xfffffe48
core   0: 0x80009ed0 (0x1b6eb493) sltiu   s1, t4, 438
core   0: 3 0x80009ed0 (0x1b6eb493) x 9 0x00000000
core   0: 0x80009ed4 (0xe7866e97) auipc   t4, 0xe7866
core   0: 3 0x80009ed4 (0xe7866e97) x29 0x6786fed4
core   0: 0x80009ed8 (0x008fc8b3) xor     a7, t6, s0
core   0: 3 0x80009ed8 (0x008fc8b3) x17 0xffbffe40
core   0: 0x80009edc (0x61e1bc93) sltiu   s9, gp, 1566
core   0: 3 0x80009edc (0x61e1bc93) x25 0x00000000
core   0: 0x80009ee0 (0x013e9513) slli    a0, t4, 19
core   0: 3 0x80009ee0 (0x013e9513) x10 0xf6a00000
core   0: 0x80009ee4 (0xf4923793) sltiu   a5, tp, -183
core   0: 3 0x80009ee4 (0xf4923793) x15 0x00000000
core   0: 0x80009ee8 (0xbd2c0b93) addi    s7, s8, -1070
core   0: 3 0x80009ee8 (0xbd2c0b93) x23 0xfffffbd3
core   0: 0x80009eec (0x0028db13) srli    s6, a7, 2
core   0: 3 0x80009eec (0x0028db13) x22 0x3fefff90
core   0: 0x80009ef0 (0x01ee48b3) xor     a7, t3, t5
core   0: 3 0x80009ef0 (0x01ee48b3) x17 0x00000000
core   0: 0x80009ef4 (0x69a84e93) xori    t4, a6, 1690
core   0: 3 0x80009ef4 (0x69a84e93) x29 0x000013b2
core   0: 0x80009ef8 (0xe2e71917) auipc   s2, 0xe2e71
core   0: 3 0x80009ef8 (0xe2e71917) x18 0x62e7aef8
core   0: 0x80009efc (0x958b4013) xori    zero, s6, -1704
core   0: 3 0x80009efc (0x958b4013)
core   0: 0x80009f00 (0xfd537713) andi    a4, t1, -43
core   0: 3 0x80009f00 (0xfd537713) x14 0x00000080
core   0: 0x80009f04 (0x00000013) nop
core   0: 3 0x80009f04 (0x00000013)
core   0: 0x80009f08 (0x00eb2d33) slt     s10, s6, a4
core   0: 3 0x80009f08 (0x00eb2d33) x26 0x00000000
core   0: 0x80009f0c (0x0197e133) or      sp, a5, s9
core   0: 3 0x80009f0c (0x0197e133) x 2 0x00000000
core   0: 0x80009f10 (0x7cb1eb13) ori     s6, gp, 1995
core   0: 3 0x80009f10 (0x7cb1eb13) x22 0xffffffcb
core   0: 0x80009f14 (0x084c15b7) lui     a1, 0x84c1
core   0: 3 0x80009f14 (0x084c15b7) x11 0x084c1000
core   0: 0x80009f18 (0x00eff533) and     a0, t6, a4
core   0: 3 0x80009f18 (0x00eff533) x10 0x00000080
core   0: 0x80009f1c (0x51766cb7) lui     s9, 0x51766
core   0: 3 0x80009f1c (0x51766cb7) x25 0x51766000
core   0: 0x80009f20 (0x01881993) slli    s3, a6, 24
core   0: 3 0x80009f20 (0x01881993) x19 0x28000000
core   0: 0x80009f24 (0x01dfed33) or      s10, t6, t4
core   0: 3 0x80009f24 (0x01dfed33) x26 0xfffffffe
core   0: 0x80009f28 (0x41af5233) sra     tp, t5, s10
core   0: 3 0x80009f28 (0x41af5233) x 4 0x00000000
core   0: 0x80009f2c (0x00cd5493) srli    s1, s10, 12
core   0: 3 0x80009f2c (0x00cd5493) x 9 0x000fffff
core   0: 0x80009f30 (0xc21f7b13) andi    s6, t5, -991
core   0: 3 0x80009f30 (0xc21f7b13) x22 0x00000000
core   0: 0x80009f34 (0x41c95413) srai    s0, s2, 28
core   0: 3 0x80009f34 (0x41c95413) x 8 0x00000006
core   0: 0x80009f38 (0x00000013) nop
core   0: 3 0x80009f38 (0x00000013)
core   0: 0x80009f3c (0x00cfc033) xor     zero, t6, a2
core   0: 3 0x80009f3c (0x00cfc033)
core   0: 0x80009f40 (0xf01a2b13) slti    s6, s4, -255
core   0: 3 0x80009f40 (0xf01a2b13) x22 0x00000001
core   0: 0x80009f44 (0x562db313) sltiu   t1, s11, 1378
core   0: 3 0x80009f44 (0x562db313) x 6 0x00000001
core   0: 0x80009f48 (0x010b9793) slli    a5, s7, 16
core   0: 3 0x80009f48 (0x010b9793) x15 0xfbd30000
core   0: 0x80009f4c (0x01eb7b33) and     s6, s6, t5
core   0: 3 0x80009f4c (0x01eb7b33) x22 0x00000000
core   0: 0x80009f50 (0xac68e593) ori     a1, a7, -1338
core   0: 3 0x80009f50 (0xac68e593) x11 0xfffffac6
core   0: 0x80009f54 (0x01fb2033) slt     zero, s6, t6
core   0: 3 0x80009f54 (0x01fb2033)
core   0: 0x80009f58 (0x01cff4b3) and     s1, t6, t3
core   0: 3 0x80009f58 (0x01cff4b3) x 9 0x00000000
core   0: 0x80009f5c (0x00023333) sltu    t1, tp, zero
core   0: 3 0x80009f5c (0x00023333) x 6 0x00000000
core   0: 0x80009f60 (0x006cd833) srl     a6, s9, t1
core   0: 3 0x80009f60 (0x006cd833) x16 0x51766000
core   0: 0x80009f64 (0x7c37cb93) xori    s7, a5, 1987
core   0: 3 0x80009f64 (0x7c37cb93) x23 0xfbd307c3
core   0: 0x80009f68 (0x001c53b3) srl     t2, s8, ra
core   0: 3 0x80009f68 (0x001c53b3) x 7 0x00000000
core   0: 0x80009f6c (0x00209493) slli    s1, ra, 2
core   0: 3 0x80009f6c (0x00209493) x 9 0x000011a8
core   0: 0x80009f70 (0x011e4eb3) xor     t4, t3, a7
core   0: 3 0x80009f70 (0x011e4eb3) x29 0x00000000
core   0: 0x80009f74 (0x01d66333) or      t1, a2, t4
core   0: 3 0x80009f74 (0x01d66333) x 6 0xef026aee
core   0: 0x80009f78 (0x5ed87c13) andi    s8, a6, 1517
core   0: 3 0x80009f78 (0x5ed87c13) x24 0x00000000
core   0: 0x80009f7c (0x00094833) xor     a6, s2, zero
core   0: 3 0x80009f7c (0x00094833) x16 0x62e7aef8
core   0: 0x80009f80 (0xdc6e4813) xori    a6, t3, -570
core   0: 3 0x80009f80 (0xdc6e4813) x16 0xfffffdc6
core   0: 0x80009f84 (0xd61eec97) auipc   s9, 0xd61ee
core   0: 3 0x80009f84 (0xd61eec97) x25 0x561f7f84
core   0: 0x80009f88 (0x00f1b6b3) sltu    a3, gp, a5
core   0: 3 0x80009f88 (0x00f1b6b3) x13 0x00000000
core   0: 0x80009f8c (0xc24af213) andi    tp, s5, -988
core   0: 3 0x80009f8c (0xc24af213) x 4 0x80015c24
core   0: 0x80009f90 (0x40ab0733) sub     a4, s6, a0
core   0: 3 0x80009f90 (0x40ab0733) x14 0xffffff80
core   0: 0x80009f94 (0xae0fcb13) xori    s6, t6, -1312
core   0: 3 0x80009f94 (0xae0fcb13) x22 0x0000040e
core   0: 0x80009f98 (0x62b63393) sltiu   t2, a2, 1579
core   0: 3 0x80009f98 (0x62b63393) x 7 0x00000000
core   0: 0x80009f9c (0x01a0f033) and     zero, ra, s10
core   0: 3 0x80009f9c (0x01a0f033)
core   0: 0x80009fa0 (0x00f13d33) sltu    s10, sp, a5
core   0: 3 0x80009fa0 (0x00f13d33) x26 0x00000001
core   0: 0x80009fa4 (0x40268513) addi    a0, a3, 1026
core   0: 3 0x80009fa4 (0x40268513) x10 0x00000402
core   0: 0x80009fa8 (0x2f280f93) addi    t6, a6, 754
core   0: 3 0x80009fa8 (0x2f280f93) x31 0x000000b8
core   0: 0x80009fac (0x000d1b93) slli    s7, s10, 0
core   0: 3 0x80009fac (0x000d1b93) x23 0x00000001
core   0: 0x80009fb0 (0xf63ba937) lui     s2, 0xf63ba
core   0: 3 0x80009fb0 (0xf63ba937) x18 0xf63ba000
core   0: 0x80009fb4 (0x001e0533) add     a0, t3, ra
core   0: 3 0x80009fb4 (0x001e0533) x10 0x0000046a
core   0: 0x80009fb8 (0x00c23033) sltu    zero, tp, a2
core   0: 3 0x80009fb8 (0x00c23033)
core   0: 0x80009fbc (0x00cdf033) and     zero, s11, a2
core   0: 3 0x80009fbc (0x00cdf033)
core   0: 0x80009fc0 (0x41d18533) sub     a0, gp, t4
core   0: 3 0x80009fc0 (0x41d18533) x10 0xfffffe48
core   0: 0x80009fc4 (0x014e80b3) add     ra, t4, s4
core   0: 3 0x80009fc4 (0x014e80b3) x 1 0x80011e64
core   0: 0x80009fc8 (0x004b7233) and     tp, s6, tp
core   0: 3 0x80009fc8 (0x004b7233) x 4 0x00000404
core   0: 0x80009fcc (0xd3ebee13) ori     t3, s7, -706
core   0: 3 0x80009fcc (0xd3ebee13) x28 0xfffffd3f
core   0: 0x80009fd0 (0xc67e6b37) lui     s6, 0xc67e6
core   0: 3 0x80009fd0 (0xc67e6b37) x22 0xc67e6000
core   0: 0x80009fd4 (0x019f46b3) xor     a3, t5, s9
core   0: 3 0x80009fd4 (0x019f46b3) x13 0x561f7f84
core   0: 0x80009fd8 (0x007bff33) and     t5, s7, t2
core   0: 3 0x80009fd8 (0x007bff33) x30 0x00000000
core   0: 0x80009fdc (0x019493b3) sll     t2, s1, s9
core   0: 3 0x80009fdc (0x019493b3) x 7 0x00011a80
core   0: 0x80009fe0 (0x0002b133) sltu    sp, t0, zero
core   0: 3 0x80009fe0 (0x0002b133) x 2 0x00000000
core   0: 0x80009fe4 (0x2a643513) sltiu   a0, s0, 678
core   0: 3 0x80009fe4 (0x2a643513) x10 0x00000001
core   0: 0x80009fe8 (0x1f4eef93) ori     t6, t4, 500
core   0: 3 0x80009fe8 (0x1f4eef93) x31 0x000001f4
core   0: 0x80009fec (0x00c09693) slli    a3, ra, 12
core   0: 3 0x80009fec (0x00c09693) x13 0x11e64000
core   0: 0x80009ff0 (0x0150c8b3) xor     a7, ra, s5
core   0: 3 0x80009ff0 (0x0150c8b3) x17 0x00004280
core   0: 0x80009ff4 (0x01b944b3) xor     s1, s2, s11
core   0: 3 0x80009ff4 (0x01b944b3) x 9 0xf63ba000
core   0: 0x80009ff8 (0x41aa85b3) sub     a1, s5, s10
core   0: 3 0x80009ff8 (0x41aa85b3) x11 0x80015ce3
core   0: 0x80009ffc (0x008abe33) sltu    t3, s5, s0
core   0: 3 0x80009ffc (0x008abe33) x28 0x00000000
core   0: 0x8000a000 (0x41a08cb3) sub     s9, ra, s10
core   0: 3 0x8000a000 (0x41a08cb3) x25 0x80011e63
core   0: 0x8000a004 (0x0194de33) srl     t3, s1, s9
core   0: 3 0x8000a004 (0x0194de33) x28 0x1ec77400
core   0: 0x8000a008 (0x00786533) or      a0, a6, t2
core   0: 3 0x8000a008 (0x00786533) x10 0xffffffc6
core   0: 0x8000a00c (0x9c688893) addi    a7, a7, -1594
core   0: 3 0x8000a00c (0x9c688893) x17 0x00003c46
core   0: 0x8000a010 (0x00000013) nop
core   0: 3 0x8000a010 (0x00000013)
core   0: 0x8000a014 (0x413ed893) srai    a7, t4, 19
core   0: 3 0x8000a014 (0x413ed893) x17 0x00000000
core   0: 0x8000a018 (0x00fdbbb3) sltu    s7, s11, a5
core   0: 3 0x8000a018 (0x00fdbbb3) x23 0x00000001
core   0: 0x8000a01c (0x339a6993) ori     s3, s4, 825
core   0: 3 0x8000a01c (0x339a6993) x19 0x80011f7d
core   0: 0x8000a020 (0x018bdc93) srli    s9, s7, 24
core   0: 3 0x8000a020 (0x018bdc93) x25 0x00000000
core   0: 0x8000a024 (0x63c1a937) lui     s2, 0x63c1a
core   0: 3 0x8000a024 (0x63c1a937) x18 0x63c1a000
core   0: 0x8000a028 (0xfaa8a493) slti    s1, a7, -86
core   0: 3 0x8000a028 (0xfaa8a493) x 9 0x00000000
core   0: 0x8000a02c (0xf1008f13) addi    t5, ra, -240
core   0: 3 0x8000a02c (0xf1008f13) x30 0x80011d74
core   0: 0x8000a030 (0x01c132b3) sltu    t0, sp, t3
core   0: 3 0x8000a030 (0x01c132b3) x 5 0x00000001
core   0: 0x8000a034 (0x01cdbeb3) sltu    t4, s11, t3
core   0: 3 0x8000a034 (0x01cdbeb3) x29 0x00000001
core   0: 0x8000a038 (0x012ab6b3) sltu    a3, s5, s2
core   0: 3 0x8000a038 (0x012ab6b3) x13 0x00000000
core   0: 0x8000a03c (0x63e9f013) andi    zero, s3, 1598
core   0: 3 0x8000a03c (0x63e9f013)
core   0: 0x8000a040 (0x2b74f693) andi    a3, s1, 695
core   0: 3 0x8000a040 (0x2b74f693) x13 0x00000000
core   0: 0x8000a044 (0xe9030413) addi    s0, t1, -368
core   0: 3 0x8000a044 (0xe9030413) x 8 0xef02697e
core   0: 0x8000a048 (0x0164fbb3) and     s7, s1, s6
core   0: 3 0x8000a048 (0x0164fbb3) x23 0x00000000
core   0: 0x8000a04c (0x00409093) slli    ra, ra, 4
core   0: 3 0x8000a04c (0x00409093) x 1 0x0011e640
core   0: 0x8000a050 (0x01c57533) and     a0, a0, t3
core   0: 3 0x8000a050 (0x01c57533) x10 0x1ec77400
core   0: 0x8000a054 (0x01ddfd33) and     s10, s11, t4
core   0: 3 0x8000a054 (0x01ddfd33) x26 0x00000000
core   0: 0x8000a058 (0x006d1b13) slli    s6, s10, 6
core   0: 3 0x8000a058 (0x006d1b13) x22 0x00000000
core   0: 0x8000a05c (0x40aed8b3) sra     a7, t4, a0
core   0: 3 0x8000a05c (0x40aed8b3) x17 0x00000001
core   0: 0x8000a060 (0x006b5313) srli    t1, s6, 6
core   0: 3 0x8000a060 (0x006b5313) x 6 0x00000000
core   0: 0x8000a064 (0xd366f693) andi    a3, a3, -714
core   0: 3 0x8000a064 (0xd366f693) x13 0x00000000
core   0: 0x8000a068 (0x4198d113) srai    sp, a7, 25
core   0: 3 0x8000a068 (0x4198d113) x 2 0x00000000
core   0: 0x8000a06c (0xe77e10b7) lui     ra, 0xe77e1
core   0: 3 0x8000a06c (0xe77e10b7) x 1 0xe77e1000
core   0: 0x8000a070 (0x018244b3) xor     s1, tp, s8
core   0: 3 0x8000a070 (0x018244b3) x 9 0x00000404
core   0: 0x8000a074 (0x00000013) nop
core   0: 3 0x8000a074 (0x00000013)
core   0: 0x8000a078 (0x3589c113) xori    sp, s3, 856
core   0: 3 0x8000a078 (0x3589c113) x 2 0x80011c25
core   0: 0x8000a07c (0x015a50b3) srl     ra, s4, s5
core   0: 3 0x8000a07c (0x015a50b3) x 1 0x080011e6
core   0: 0x8000a080 (0x00dd7133) and     sp, s10, a3
core   0: 3 0x8000a080 (0x00dd7133) x 2 0x00000000
core   0: 0x8000a084 (0x00000013) nop
core   0: 3 0x8000a084 (0x00000013)
core   0: 0x8000a088 (0xc3903f13) sltiu   t5, zero, -967
core   0: 3 0x8000a088 (0xc3903f13) x30 0x00000001
core   0: 0x8000a08c (0x018d1c33) sll     s8, s10, s8
core   0: 3 0x8000a08c (0x018d1c33) x24 0x00000000
core   0: 0x8000a090 (0xac337893) andi    a7, t1, -1341
core   0: 3 0x8000a090 (0xac337893) x17 0x00000000
core   0: 0x8000a094 (0x008e5233) srl     tp, t3, s0
core   0: 3 0x8000a094 (0x008e5233) x 4 0x00000000
core   0: 0x8000a098 (0x01f2ac33) slt     s8, t0, t6
core   0: 3 0x8000a098 (0x01f2ac33) x24 0x00000001
core   0: 0x8000a09c (0x86234013) xori    zero, t1, -1950
core   0: 3 0x8000a09c (0x86234013)
core   0: 0x8000a0a0 (0xb0427b13) andi    s6, tp, -1276
core   0: 3 0x8000a0a0 (0xb0427b13) x22 0x00000000
core   0: 0x8000a0a4 (0x01696bb3) or      s7, s2, s6
core   0: 3 0x8000a0a4 (0x01696bb3) x23 0x63c1a000
core   0: 0x8000a0a8 (0x40dcd933) sra     s2, s9, a3
core   0: 3 0x8000a0a8 (0x40dcd933) x18 0x00000000
core   0: 0x8000a0ac (0x029ac393) xori    t2, s5, 41
core   0: 3 0x8000a0ac (0x029ac393) x 7 0x80015ccd
core   0: 0x8000a0b0 (0x00de20b3) slt     ra, t3, a3
core   0: 3 0x8000a0b0 (0x00de20b3) x 1 0x00000000
core   0: 0x8000a0b4 (0x00000013) nop
core   0: 3 0x8000a0b4 (0x00000013)
core   0: 0x8000a0b8 (0x01191793) slli    a5, s2, 17
core   0: 3 0x8000a0b8 (0x01191793) x15 0x00000000
core   0: 0x8000a0bc (0x41a103b3) sub     t2, sp, s10
core   0: 3 0x8000a0bc (0x41a103b3) x 7 0x00000000
core   0: 0x8000a0c0 (0x00000013) nop
core   0: 3 0x8000a0c0 (0x00000013)
core   0: 0x8000a0c4 (0x0188b5b3) sltu    a1, a7, s8
core   0: 3 0x8000a0c4 (0x0188b5b3) x11 0x00000001
core   0: 0x8000a0c8 (0x00265233) srl     tp, a2, sp
core   0: 3 0x8000a0c8 (0x00265233) x 4 0xef026aee
core   0: 0x8000a0cc (0x012afd33) and     s10, s5, s2
core   0: 3 0x8000a0cc (0x012afd33) x26 0x00000000
core   0: 0x8000a0d0 (0x413a8cb3) sub     s9, s5, s3
core   0: 3 0x8000a0d0 (0x413a8cb3) x25 0x00003d67
core   0: 0x8000a0d4 (0x5c738017) auipc   zero, 0x5c738
core   0: 3 0x8000a0d4 (0x5c738017)
core   0: 0x8000a0d8 (0xb8260413) addi    s0, a2, -1150
core   0: 3 0x8000a0d8 (0xb8260413) x 8 0xef026670
core   0: 0x8000a0dc (0x00e3fb33) and     s6, t2, a4
core   0: 3 0x8000a0dc (0x00e3fb33) x22 0x00000000
core   0: 0x8000a0e0 (0x01db9293) slli    t0, s7, 29
core   0: 3 0x8000a0e0 (0x01db9293) x 5 0x00000000
core   0: 0x8000a0e4 (0x0086d533) srl     a0, a3, s0
core   0: 3 0x8000a0e4 (0x0086d533) x10 0x00000000
core   0: 0x8000a0e8 (0x014d2933) slt     s2, s10, s4
core   0: 3 0x8000a0e8 (0x014d2933) x18 0x00000000
core   0: 0x8000a0ec (0x01283533) sltu    a0, a6, s2
core   0: 3 0x8000a0ec (0x01283533) x10 0x00000000
core   0: 0x8000a0f0 (0x00bd7833) and     a6, s10, a1
core   0: 3 0x8000a0f0 (0x00bd7833) x16 0x00000000
core   0: 0x8000a0f4 (0x00c9d713) srli    a4, s3, 12
core   0: 3 0x8000a0f4 (0x00c9d713) x14 0x00080011
core   0: 0x8000a0f8 (0x97f42d13) slti    s10, s0, -1665
core   0: 3 0x8000a0f8 (0x97f42d13) x26 0x00000001
core   0: 0x8000a0fc (0x01ac8bb3) add     s7, s9, s10
core   0: 3 0x8000a0fc (0x01ac8bb3) x23 0x00003d68
core   0: 0x8000a100 (0x0060a933) slt     s2, ra, t1
core   0: 3 0x8000a100 (0x0060a933) x18 0x00000000
core   0: 0x8000a104 (0x2d69a693) slti    a3, s3, 726
core   0: 3 0x8000a104 (0x2d69a693) x13 0x00000001
core   0: 0x8000a108 (0x00000013) nop
core   0: 3 0x8000a108 (0x00000013)
core   0: 0x8000a10c (0x01e764b3) or      s1, a4, t5
core   0: 3 0x8000a10c (0x01e764b3) x 9 0x00080011
core   0: 0x8000a110 (0x01d7d2b3) srl     t0, a5, t4
core   0: 3 0x8000a110 (0x01d7d2b3) x 5 0x00000000
core   0: 0x8000a114 (0x00000013) nop
core   0: 3 0x8000a114 (0x00000013)
core   0: 0x8000a118 (0x019adeb3) srl     t4, s5, s9
core   0: 3 0x8000a118 (0x019adeb3) x29 0x010002b9
core   0: 0x8000a11c (0x00000013) nop
core   0: 3 0x8000a11c (0x00000013)
core   0: 0x8000a120 (0x35322e93) slti    t4, tp, 851
core   0: 3 0x8000a120 (0x35322e93) x29 0x00000001
core   0: 0x8000a124 (0x00000013) nop
core   0: 3 0x8000a124 (0x00000013)
core   0: 0x8000a128 (0x41785493) srai    s1, a6, 23
core   0: 3 0x8000a128 (0x41785493) x 9 0x00000000
core   0: 0x8000a12c (0x00141d13) slli    s10, s0, 1
core   0: 3 0x8000a12c (0x00141d13) x26 0xde04cce0
core   0: 0x8000a130 (0x00000013) nop
core   0: 3 0x8000a130 (0x00000013)
core   0: 0x8000a134 (0x8ac98313) addi    t1, s3, -1876
core   0: 3 0x8000a134 (0x8ac98313) x 6 0x80011829
core   0: 0x8000a138 (0x0118f433) and     s0, a7, a7
core   0: 3 0x8000a138 (0x0118f433) x 8 0x00000000
core   0: 0x8000a13c (0x00e2eeb3) or      t4, t0, a4
core   0: 3 0x8000a13c (0x00e2eeb3) x29 0x00080011
core   0: 0x8000a140 (0x007f8db3) add     s11, t6, t2
core   0: 3 0x8000a140 (0x007f8db3) x27 0x000001f4
core   0: 0x8000a144 (0x5e82b6b7) lui     a3, 0x5e82b
core   0: 3 0x8000a144 (0x5e82b6b7) x13 0x5e82b000
core   0: 0x8000a148 (0x7ad74993) xori    s3, a4, 1965
core   0: 3 0x8000a148 (0x7ad74993) x19 0x000807bc
core   0: 0x8000a14c (0x404ad1b3) sra     gp, s5, tp
core   0: 3 0x8000a14c (0x404ad1b3) x 3 0xfffe0005
core   0: 0x8000a150 (0x0027ddb3) srl     s11, a5, sp
core   0: 3 0x8000a150 (0x0027ddb3) x27 0x00000000
core   0: 0x8000a154 (0x002af533) and     a0, s5, sp
core   0: 3 0x8000a154 (0x002af533) x10 0x00000000
core   0: 0x8000a158 (0x008606b3) add     a3, a2, s0
core   0: 3 0x8000a158 (0x008606b3) x13 0xef026aee
core   0: 0x8000a15c (0x0153d133) srl     sp, t2, s5
core   0: 3 0x8000a15c (0x0153d133) x 2 0x00000000
core   0: 0x8000a160 (0x01221913) slli    s2, tp, 18
core   0: 3 0x8000a160 (0x01221913) x18 0xabb80000
core   0: 0x8000a164 (0x01b1de33) srl     t3, gp, s11
core   0: 3 0x8000a164 (0x01b1de33) x28 0xfffe0005
core   0: 0x8000a168 (0xbac40db7) lui     s11, 0xbac40
core   0: 3 0x8000a168 (0xbac40db7) x27 0xbac40000
core   0: 0x8000a16c (0x16d72717) auipc   a4, 0x16d72
core   0: 3 0x8000a16c (0x16d72717) x14 0x96d7c16c
core   0: 0x8000a170 (0x015a1f13) slli    t5, s4, 21
core   0: 3 0x8000a170 (0x015a1f13) x30 0xcc800000
core   0: 0x8000a174 (0x5b01ad13) slti    s10, gp, 1456
core   0: 3 0x8000a174 (0x5b01ad13) x26 0x00000001
core   0: 0x8000a178 (0x4116d133) sra     sp, a3, a7
core   0: 3 0x8000a178 (0x4116d133) x 2 0xef026aee
core   0: 0x8000a17c (0x405a5593) srai    a1, s4, 5
core   0: 3 0x8000a17c (0x405a5593) x11 0xfc0008f3
core   0: 0x8000a180 (0xf895e893) ori     a7, a1, -119
core   0: 3 0x8000a180 (0xf895e893) x17 0xfffffffb
core   0: 0x8000a184 (0x41f083b3) sub     t2, ra, t6
core   0: 3 0x8000a184 (0x41f083b3) x 7 0xfffffe0c
core   0: 0x8000a188 (0x00571733) sll     a4, a4, t0
core   0: 3 0x8000a188 (0x00571733) x14 0x96d7c16c
core   0: 0x8000a18c (0x408c8133) sub     sp, s9, s0
core   0: 3 0x8000a18c (0x408c8133) x 2 0x00003d67
core   0: 0x8000a190 (0x00351f93) slli    t6, a0, 3
core   0: 3 0x8000a190 (0x00351f93) x31 0x00000000
core   0: 0x8000a194 (0x000969b3) or      s3, s2, zero
core   0: 3 0x8000a194 (0x000969b3) x19 0xabb80000
core   0: 0x8000a198 (0x0b383213) sltiu   tp, a6, 179
core   0: 3 0x8000a198 (0x0b383213) x 4 0x00000001
core   0: 0x8000a19c (0x0171a7b3) slt     a5, gp, s7
core   0: 3 0x8000a19c (0x0171a7b3) x15 0x00000001
core   0: 0x8000a1a0 (0x00000013) nop
core   0: 3 0x8000a1a0 (0x00000013)
core   0: 0x8000a1a4 (0x01e340b3) xor     ra, t1, t5
core   0: 3 0x8000a1a4 (0x01e340b3) x 1 0x4c811829
core   0: 0x8000a1a8 (0x327d2593) slti    a1, s10, 807
core   0: 3 0x8000a1a8 (0x327d2593) x11 0x00000001
core   0: 0x8000a1ac (0x7ab75437) lui     s0, 0x7ab75
core   0: 3 0x8000a1ac (0x7ab75437) x 8 0x7ab75000
core   0: 0x8000a1b0 (0x0184b0b3) sltu    ra, s1, s8
core   0: 3 0x8000a1b0 (0x0184b0b3) x 1 0x00000001
core   0: 0x8000a1b4 (0x000d7b33) and     s6, s10, zero
core   0: 3 0x8000a1b4 (0x000d7b33) x22 0x00000000
core   0: 0x8000a1b8 (0x002cd833) srl     a6, s9, sp
core   0: 3 0x8000a1b8 (0x002cd833) x16 0x0000007a
core   0: 0x8000a1bc (0x40eed3b3) sra     t2, t4, a4
core   0: 3 0x8000a1bc (0x40eed3b3) x 7 0x00000080
core   0: 0x8000a1c0 (0x00131993) slli    s3, t1, 1
core   0: 3 0x8000a1c0 (0x00131993) x19 0x00023052
core   0: 0x8000a1c4 (0x414d0533) sub     a0, s10, s4
core   0: 3 0x8000a1c4 (0x414d0533) x10 0x7ffee19d
core   0: 0x8000a1c8 (0x01e96333) or      t1, s2, t5
core   0: 3 0x8000a1c8 (0x01e96333) x 6 0xefb80000
core   0: 0x8000a1cc (0x010f1233) sll     tp, t5, a6
core   0: 3 0x8000a1cc (0x010f1233) x 4 0x00000000
core   0: 0x8000a1d0 (0xc59c5e37) lui     t3, 0xc59c5
core   0: 3 0x8000a1d0 (0xc59c5e37) x28 0xc59c5000
core   0: 0x8000a1d4 (0x001e4033) xor     zero, t3, ra
core   0: 3 0x8000a1d4 (0x001e4033)
core   0: 0x8000a1d8 (0x4011dbb3) sra     s7, gp, ra
core   0: 3 0x8000a1d8 (0x4011dbb3) x23 0xffff0002
core   0: 0x8000a1dc (0x65257b93) andi    s7, a0, 1618
core   0: 3 0x8000a1dc (0x65257b93) x23 0x00000010
core   0: 0x8000a1e0 (0x00e55893) srli    a7, a0, 14
core   0: 3 0x8000a1e0 (0x00e55893) x17 0x0001fffb
core   0: 0x8000a1e4 (0x0086ccb3) xor     s9, a3, s0
core   0: 3 0x8000a1e4 (0x0086ccb3) x25 0x95b53aee
core   0: 0x8000a1e8 (0x0dc9f137) lui     sp, 0xdc9f
core   0: 3 0x8000a1e8 (0x0dc9f137) x 2 0x0dc9f000
core   0: 0x8000a1ec (0xa677fe13) andi    t3, a5, -1433
core   0: 3 0x8000a1ec (0xa677fe13) x28 0x00000001
core   0: 0x8000a1f0 (0x00030fb3) add     t6, t1, zero
core   0: 3 0x8000a1f0 (0x00030fb3) x31 0xefb80000
core   0: 0x8000a1f4 (0x01173cb3) sltu    s9, a4, a7
core   0: 3 0x8000a1f4 (0x01173cb3) x25 0x00000000
core   0: 0x8000a1f8 (0x008721b3) slt     gp, a4, s0
core   0: 3 0x8000a1f8 (0x008721b3) x 3 0x00000001
core   0: 0x8000a1fc (0x00dda133) slt     sp, s11, a3
core   0: 3 0x8000a1fc (0x00dda133) x 2 0x00000001
core   0: 0x8000a200 (0x374db893) sltiu   a7, s11, 884
core   0: 3 0x8000a200 (0x374db893) x17 0x00000000
core   0: 0x8000a204 (0xaf17fd93) andi    s11, a5, -1295
core   0: 3 0x8000a204 (0xaf17fd93) x27 0x00000001
core   0: 0x8000a208 (0xf838c493) xori    s1, a7, -125
core   0: 3 0x8000a208 (0xf838c493) x 9 0xffffff83
core   0: 0x8000a20c (0x01db9eb3) sll     t4, s7, t4
core   0: 3 0x8000a20c (0x01db9eb3) x29 0x00200000
core   0: 0x8000a210 (0x41c28433) sub     s0, t0, t3
core   0: 3 0x8000a210 (0x41c28433) x 8 0xffffffff
core   0: 0x8000a214 (0x0165ecb3) or      s9, a1, s6
core   0: 3 0x8000a214 (0x0165ecb3) x25 0x00000001
core   0: 0x8000a218 (0x09ff6e93) ori     t4, t5, 159
core   0: 3 0x8000a218 (0x09ff6e93) x29 0xcc80009f
core   0: 0x8000a21c (0x4075d393) srai    t2, a1, 7
core   0: 3 0x8000a21c (0x4075d393) x 7 0x00000000
core   0: 0x8000a220 (0x41a0d333) sra     t1, ra, s10
core   0: 3 0x8000a220 (0x41a0d333) x 6 0x00000000
core   0: 0x8000a224 (0x7a563893) sltiu   a7, a2, 1957
core   0: 3 0x8000a224 (0x7a563893) x17 0x00000000
core   0: 0x8000a228 (0xbcf07913) andi    s2, zero, -1073
core   0: 3 0x8000a228 (0xbcf07913) x18 0x00000000
core   0: 0x8000a22c (0x01adb8b3) sltu    a7, s11, s10
core   0: 3 0x8000a22c (0x01adb8b3) x17 0x00000000
core   0: 0x8000a230 (0xb8906913) ori     s2, zero, -1143
core   0: 3 0x8000a230 (0xb8906913) x18 0xfffffb89
core   0: 0x8000a234 (0x6b058493) addi    s1, a1, 1712
core   0: 3 0x8000a234 (0x6b058493) x 9 0x000006b1
core   0: 0x8000a238 (0x0113de13) srli    t3, t2, 17
core   0: 3 0x8000a238 (0x0113de13) x28 0x00000000
core   0: 0x8000a23c (0x018d5013) srli    zero, s10, 24
core   0: 3 0x8000a23c (0x018d5013)
core   0: 0x8000a240 (0x402f5213) srai    tp, t5, 2
core   0: 3 0x8000a240 (0x402f5213) x 4 0xf3200000
core   0: 0x8000a244 (0x40778bb3) sub     s7, a5, t2
core   0: 3 0x8000a244 (0x40778bb3) x23 0x00000001
core   0: 0x8000a248 (0x015d1993) slli    s3, s10, 21
core   0: 3 0x8000a248 (0x015d1993) x19 0x00200000
core   0: 0x8000a24c (0x016c3233) sltu    tp, s8, s6
core   0: 3 0x8000a24c (0x016c3233) x 4 0x00000000
core   0: 0x8000a250 (0x44216693) ori     a3, sp, 1090
core   0: 3 0x8000a250 (0x44216693) x13 0x00000443
core   0: 0x8000a254 (0x0023f3b3) and     t2, t2, sp
core   0: 3 0x8000a254 (0x0023f3b3) x 7 0x00000000
core   0: 0x8000a258 (0x0ed8e213) ori     tp, a7, 237
core   0: 3 0x8000a258 (0x0ed8e213) x 4 0x000000ed
core   0: 0x8000a25c (0x413e5113) srai    sp, t3, 19
core   0: 3 0x8000a25c (0x413e5113) x 2 0x00000000
core   0: 0x8000a260 (0x004423b3) slt     t2, s0, tp
core   0: 3 0x8000a260 (0x004423b3) x 7 0x00000001
core   0: 0x8000a264 (0x402e5833) sra     a6, t3, sp
core   0: 3 0x8000a264 (0x402e5833) x16 0x00000000
core   0: 0x8000a268 (0x01486db3) or      s11, a6, s4
core   0: 3 0x8000a268 (0x01486db3) x27 0x80011e64
core   0: 0x8000a26c (0x970c19b7) lui     s3, 0x970c1
core   0: 3 0x8000a26c (0x970c19b7) x19 0x970c1000
core   0: 0x8000a270 (0x0047a1b3) slt     gp, a5, tp
core   0: 3 0x8000a270 (0x0047a1b3) x 3 0x00000001
core   0: 0x8000a274 (0x21740093) addi    ra, s0, 535
core   0: 3 0x8000a274 (0x21740093) x 1 0x00000216
core   0: 0x8000a278 (0x01125513) srli    a0, tp, 17
core   0: 3 0x8000a278 (0x01125513) x10 0x00000000
core   0: 0x8000a27c (0x2ccea813) slti    a6, t4, 716
core   0: 3 0x8000a27c (0x2ccea813) x16 0x00000001
core   0: 0x8000a280 (0x0109ae33) slt     t3, s3, a6
core   0: 3 0x8000a280 (0x0109ae33) x28 0x00000001
core   0: 0x8000a284 (0xd703f213) andi    tp, t2, -656
core   0: 3 0x8000a284 (0xd703f213) x 4 0x00000000
core   0: 0x8000a288 (0x01e0a033) slt     zero, ra, t5
core   0: 3 0x8000a288 (0x01e0a033)
core   0: 0x8000a28c (0x8701f037) lui     zero, 0x8701f
core   0: 3 0x8000a28c (0x8701f037)
core   0: 0x8000a290 (0x33152eb7) lui     t4, 0x33152
core   0: 3 0x8000a290 (0x33152eb7) x29 0x33152000
core   0: 0x8000a294 (0x4f36f013) andi    zero, a3, 1267
core   0: 3 0x8000a294 (0x4f36f013)
core   0: 0x8000a298 (0x01da7d33) and     s10, s4, t4
core   0: 3 0x8000a298 (0x01da7d33) x26 0x00010000
core   0: 0x8000a29c (0x006edf33) srl     t5, t4, t1
core   0: 3 0x8000a29c (0x006edf33) x30 0x33152000
core   0: 0x8000a2a0 (0xe3d38e13) addi    t3, t2, -451
core   0: 3 0x8000a2a0 (0xe3d38e13) x28 0xfffffe3e
core   0: 0x8000a2a4 (0x00449c93) slli    s9, s1, 4
core   0: 3 0x8000a2a4 (0x00449c93) x25 0x00006b10
core   0: 0x8000a2a8 (0xf0084113) xori    sp, a6, -256
core   0: 3 0x8000a2a8 (0xf0084113) x 2 0xffffff01
core   0: 0x8000a2ac (0x1b3cef93) ori     t6, s9, 435
core   0: 3 0x8000a2ac (0x1b3cef93) x31 0x00006bb3
core   0: 0x8000a2b0 (0xf3c3f993) andi    s3, t2, -196
core   0: 3 0x8000a2b0 (0xf3c3f993) x19 0x00000000
core   0: 0x8000a2b4 (0x0176cd33) xor     s10, a3, s7
core   0: 3 0x8000a2b4 (0x0176cd33) x26 0x00000442
core   0: 0x8000a2b8 (0x00d400b3) add     ra, s0, a3
core   0: 3 0x8000a2b8 (0x00d400b3) x 1 0x00000442
core   0: 0x8000a2bc (0xdcbbe493) ori     s1, s7, -565
core   0: 3 0x8000a2bc (0xdcbbe493) x 9 0xfffffdcb
core   0: 0x8000a2c0 (0x0124fd33) and     s10, s1, s2
core   0: 3 0x8000a2c0 (0x0124fd33) x26 0xfffff989
core   0: 0x8000a2c4 (0x01f955b3) srl     a1, s2, t6
core   0: 3 0x8000a2c4 (0x01f955b3) x11 0x00001fff
core   0: 0x8000a2c8 (0x0133bf33) sltu    t5, t2, s3
core   0: 3 0x8000a2c8 (0x0133bf33) x30 0x00000000
core   0: 0x8000a2cc (0x83a7e213) ori     tp, a5, -1990
core   0: 3 0x8000a2cc (0x83a7e213) x 4 0xfffff83b
core   0: 0x8000a2d0 (0x004f86b3) add     a3, t6, tp
core   0: 3 0x8000a2d0 (0x004f86b3) x13 0x000063ee
core   0: 0x8000a2d4 (0x01819c93) slli    s9, gp, 24
core   0: 3 0x8000a2d4 (0x01819c93) x25 0x01000000
core   0: 0x8000a2d8 (0x01212133) slt     sp, sp, s2
core   0: 3 0x8000a2d8 (0x01212133) x 2 0x00000000
core   0: 0x8000a2dc (0x66e77fb7) lui     t6, 0x66e77
core   0: 3 0x8000a2dc (0x66e77fb7) x31 0x66e77000
core   0: 0x8000a2e0 (0x01ecb833) sltu    a6, s9, t5
core   0: 3 0x8000a2e0 (0x01ecb833) x16 0x00000000
core   0: 0x8000a2e4 (0xe67da293) slti    t0, s11, -409
core   0: 3 0x8000a2e4 (0xe67da293) x 5 0x00000001
core   0: 0x8000a2e8 (0x412102b3) sub     t0, sp, s2
core   0: 3 0x8000a2e8 (0x412102b3) x 5 0x00000477
core   0: 0x8000a2ec (0x17166393) ori     t2, a2, 369
core   0: 3 0x8000a2ec (0x17166393) x 7 0xef026bff
core   0: 0x8000a2f0 (0xd55ae813) ori     a6, s5, -683
core   0: 3 0x8000a2f0 (0xd55ae813) x16 0xfffffdf5
core   0: 0x8000a2f4 (0xe9134713) xori    a4, t1, -367
core   0: 3 0x8000a2f4 (0xe9134713) x14 0xfffffe91
core   0: 0x8000a2f8 (0x01e11b13) slli    s6, sp, 30
core   0: 3 0x8000a2f8 (0x01e11b13) x22 0x00000000
core   0: 0x8000a2fc (0x00eb92b3) sll     t0, s7, a4
core   0: 3 0x8000a2fc (0x00eb92b3) x 5 0x00020000
core   0: 0x8000a300 (0x000b1eb3) sll     t4, s6, zero
core   0: 3 0x8000a300 (0x000b1eb3) x29 0x00000000
core   0: 0x8000a304 (0x00000013) nop
core   0: 3 0x8000a304 (0x00000013)
core   0: 0x8000a308 (0x0024fbb3) and     s7, s1, sp
core   0: 3 0x8000a308 (0x0024fbb3) x23 0x00000000
core   0: 0x8000a30c (0x008576b3) and     a3, a0, s0
core   0: 3 0x8000a30c (0x008576b3) x13 0x00000000
core   0: 0x8000a310 (0x9c26bb93) sltiu   s7, a3, -1598
core   0: 3 0x8000a310 (0x9c26bb93) x23 0x00000001
core   0: 0x8000a314 (0x013e42b3) xor     t0, t3, s3
core   0: 3 0x8000a314 (0x013e42b3) x 5 0xfffffe3e
core   0: 0x8000a318 (0xa458d8b7) lui     a7, 0xa458d
core   0: 3 0x8000a318 (0xa458d8b7) x17 0xa458d000
core   0: 0x8000a31c (0x01111533) sll     a0, sp, a7
core   0: 3 0x8000a31c (0x01111533) x10 0x00000000
core   0: 0x8000a320 (0x01753933) sltu    s2, a0, s7
core   0: 3 0x8000a320 (0x01753933) x18 0x00000001
core   0: 0x8000a324 (0x8972e493) ori     s1, t0, -1897
core   0: 3 0x8000a324 (0x8972e493) x 9 0xfffffebf
core   0: 0x8000a328 (0x14296793) ori     a5, s2, 322
core   0: 3 0x8000a328 (0x14296793) x15 0x00000143
core   0: 0x8000a32c (0x007aa6b3) slt     a3, s5, t2
core   0: 3 0x8000a32c (0x007aa6b3) x13 0x00000001
core   0: 0x8000a330 (0x8afb72b7) lui     t0, 0x8afb7
core   0: 3 0x8000a330 (0x8afb72b7) x 5 0x8afb7000
core   0: 0x8000a334 (0x00f4e0b3) or      ra, s1, a5
core   0: 3 0x8000a334 (0x00f4e0b3) x 1 0xffffffff
core   0: 0x8000a338 (0x44af8693) addi    a3, t6, 1098
core   0: 3 0x8000a338 (0x44af8693) x13 0x66e7744a
core   0: 0x8000a33c (0xb6e6c913) xori    s2, a3, -1170
core   0: 3 0x8000a33c (0xb6e6c913) x18 0x99188f24
core   0: 0x8000a340 (0x9a14a117) auipc   sp, 0x9a14a
core   0: 3 0x8000a340 (0x9a14a117) x 2 0x1a154340
core   0: 0x8000a344 (0x00888d33) add     s10, a7, s0
core   0: 3 0x8000a344 (0x00888d33) x26 0xa458cfff
core   0: 0x8000a348 (0x11184813) xori    a6, a6, 273
core   0: 3 0x8000a348 (0x11184813) x16 0xfffffce4
core   0: 0x8000a34c (0x4589cf13) xori    t5, s3, 1112
core   0: 3 0x8000a34c (0x4589cf13) x30 0x00000458
core   0: 0x8000a350 (0x00000013) nop
core   0: 3 0x8000a350 (0x00000013)
core   0: 0x8000a354 (0x416507b3) sub     a5, a0, s6
core   0: 3 0x8000a354 (0x416507b3) x15 0x00000000
core   0: 0x8000a358 (0x015d5193) srli    gp, s10, 21
core   0: 3 0x8000a358 (0x015d5193) x 3 0x00000522
core   0: 0x8000a35c (0x36fc3f13) sltiu   t5, s8, 879
core   0: 3 0x8000a35c (0x36fc3f13) x30 0x00000001
core   0: 0x8000a360 (0x8a190e93) addi    t4, s2, -1887
core   0: 3 0x8000a360 (0x8a190e93) x29 0x991887c5
core   0: 0x8000a364 (0x01927833) and     a6, tp, s9
core   0: 3 0x8000a364 (0x01927833) x16 0x01000000
core   0: 0x8000a368 (0x41f1d093) srai    ra, gp, 31
core   0: 3 0x8000a368 (0x41f1d093) x 1 0x00000000
core   0: 0x8000a36c (0x00b9de13) srli    t3, s3, 11
core   0: 3 0x8000a36c (0x00b9de13) x28 0x00000000
core   0: 0x8000a370 (0x01ad0b33) add     s6, s10, s10
core   0: 3 0x8000a370 (0x01ad0b33) x22 0x48b19ffe
core   0: 0x8000a374 (0x7c4dfd13) andi    s10, s11, 1988
core   0: 3 0x8000a374 (0x7c4dfd13) x26 0x00000644
core   0: 0x8000a378 (0x00141333) sll     t1, s0, ra
core   0: 3 0x8000a378 (0x00141333) x 6 0xffffffff
core   0: 0x8000a37c (0x01030db3) add     s11, t1, a6
core   0: 3 0x8000a37c (0x01030db3) x27 0x00ffffff
core   0: 0x8000a380 (0xaaf51eb7) lui     t4, 0xaaf51
core   0: 3 0x8000a380 (0xaaf51eb7) x29 0xaaf51000
core   0: 0x8000a384 (0x03bd8737) lui     a4, 0x3bd8
core   0: 3 0x8000a384 (0x03bd8737) x14 0x03bd8000
core   0: 0x8000a388 (0x0083df93) srli    t6, t2, 8
core   0: 3 0x8000a388 (0x0083df93) x31 0x00ef026b
core   0: 0x8000a38c (0x005edeb3) srl     t4, t4, t0
core   0: 3 0x8000a38c (0x005edeb3) x29 0xaaf51000
core   0: 0x8000a390 (0x00c12033) slt     zero, sp, a2
core   0: 3 0x8000a390 (0x00c12033)
core   0: 0x8000a394 (0x9aa803b7) lui     t2, 0x9aa80
core   0: 3 0x8000a394 (0x9aa803b7) x 7 0x9aa80000
core   0: 0x8000a398 (0x87caee13) ori     t3, s5, -1924
core   0: 3 0x8000a398 (0x87caee13) x28 0xfffffcfc
core   0: 0x8000a39c (0xa3f3f193) andi    gp, t2, -1473
core   0: 3 0x8000a39c (0xa3f3f193) x 3 0x9aa80000
core   0: 0x8000a3a0 (0x01dd76b3) and     a3, s10, t4
core   0: 3 0x8000a3a0 (0x01dd76b3) x13 0x00000000
core   0: 0x8000a3a4 (0xa52e8e13) addi    t3, t4, -1454
core   0: 3 0x8000a3a4 (0xa52e8e13) x28 0xaaf50a52
core   0: 0x8000a3a8 (0x00000013) nop
core   0: 3 0x8000a3a8 (0x00000013)
core   0: 0x8000a3ac (0xfd836513) ori     a0, t1, -40
core   0: 3 0x8000a3ac (0xfd836513) x10 0xffffffff
core   0: 0x8000a3b0 (0x0147f7b3) and     a5, a5, s4
core   0: 3 0x8000a3b0 (0x0147f7b3) x15 0x00000000
core   0: 0x8000a3b4 (0x985e4097) auipc   ra, 0x985e4
core   0: 3 0x8000a3b4 (0x985e4097) x 1 0x185ee3b4
core   0: 0x8000a3b8 (0x40d0df33) sra     t5, ra, a3
core   0: 3 0x8000a3b8 (0x40d0df33) x30 0x185ee3b4
core   0: 0x8000a3bc (0x06262e93) slti    t4, a2, 98
core   0: 3 0x8000a3bc (0x06262e93) x29 0x00000001
core   0: 0x8000a3c0 (0x8c751817) auipc   a6, 0x8c751
core   0: 3 0x8000a3c0 (0x8c751817) x16 0x0c75b3c0
core   0: 0x8000a3c4 (0x00e01113) slli    sp, zero, 14
core   0: 3 0x8000a3c4 (0x00e01113) x 2 0x00000000
core   0: 0x8000a3c8 (0x011b96b3) sll     a3, s7, a7
core   0: 3 0x8000a3c8 (0x011b96b3) x13 0x00000001
core   0: 0x8000a3cc (0xf1d0b113) sltiu   sp, ra, -227
core   0: 3 0x8000a3cc (0xf1d0b113) x 2 0x00000001
core   0: 0x8000a3d0 (0x407fd733) sra     a4, t6, t2
core   0: 3 0x8000a3d0 (0x407fd733) x14 0x00ef026b
core   0: 0x8000a3d4 (0xc5354e97) auipc   t4, 0xc5354
core   0: 3 0x8000a3d4 (0xc5354e97) x29 0x4535e3d4
core   0: 0x8000a3d8 (0x016d4b33) xor     s6, s10, s6
core   0: 3 0x8000a3d8 (0x016d4b33) x22 0x48b199ba
core   0: 0x8000a3dc (0x00e71733) sll     a4, a4, a4
core   0: 3 0x8000a3dc (0x00e71733) x14 0x78135800
core   0: 0x8000a3e0 (0x01369533) sll     a0, a3, s3
core   0: 3 0x8000a3e0 (0x01369533) x10 0x00000001
core   0: 0x8000a3e4 (0x0184a833) slt     a6, s1, s8
core   0: 3 0x8000a3e4 (0x0184a833) x16 0x00000001
core   0: 0x8000a3e8 (0x00b65013) srli    zero, a2, 11
core   0: 3 0x8000a3e8 (0x00b65013)
core   0: 0x8000a3ec (0x41f75293) srai    t0, a4, 31
core   0: 3 0x8000a3ec (0x41f75293) x 5 0x00000000
core   0: 0x8000a3f0 (0x9391c2b7) lui     t0, 0x9391c
core   0: 3 0x8000a3f0 (0x9391c2b7) x 5 0x9391c000
core   0: 0x8000a3f4 (0x4aacef93) ori     t6, s9, 1194
core   0: 3 0x8000a3f4 (0x4aacef93) x31 0x010004aa
core   0: 0x8000a3f8 (0x4159d393) srai    t2, s3, 21
core   0: 3 0x8000a3f8 (0x4159d393) x 7 0x00000000
core   0: 0x8000a3fc (0x15974b13) xori    s6, a4, 345
core   0: 3 0x8000a3fc (0x15974b13) x22 0x78135959
core   0: 0x8000a400 (0x00e15933) srl     s2, sp, a4
core   0: 3 0x8000a400 (0x00e15933) x18 0x00000001
core   0: 0x8000a404 (0x006e1813) slli    a6, t3, 6
core   0: 3 0x8000a404 (0x006e1813) x16 0xbd429480
core   0: 0x8000a408 (0x00f19213) slli    tp, gp, 15
core   0: 3 0x8000a408 (0x00f19213) x 4 0x00000000
core   0: 0x8000a40c (0x00000013) nop
core   0: 3 0x8000a40c (0x00000013)
core   0: 0x8000a410 (0x01a371b3) and     gp, t1, s10
core   0: 3 0x8000a410 (0x01a371b3) x 3 0x00000644
core   0: 0x8000a414 (0x01159e93) slli    t4, a1, 17
core   0: 3 0x8000a414 (0x01159e93) x29 0x3ffe0000
core   0: 0x8000a418 (0xca90be13) sltiu   t3, ra, -855
core   0: 3 0x8000a418 (0xca90be13) x28 0x00000001
core   0: 0x8000a41c (0x017257b3) srl     a5, tp, s7
core   0: 3 0x8000a41c (0x017257b3) x15 0x00000000
core   0: 0x8000a420 (0x41c88d33) sub     s10, a7, t3
core   0: 3 0x8000a420 (0x41c88d33) x26 0xa458cfff
core   0: 0x8000a424 (0x9b777113) andi    sp, a4, -1609
core   0: 3 0x8000a424 (0x9b777113) x 2 0x78135800
core   0: 0x8000a428 (0x008335b3) sltu    a1, t1, s0
core   0: 3 0x8000a428 (0x008335b3) x11 0x00000000
core   0: 0x8000a42c (0xfb948713) addi    a4, s1, -71
core   0: 3 0x8000a42c (0xfb948713) x14 0xfffffe78
core   0: 0x8000a430 (0x1e208c13) addi    s8, ra, 482
core   0: 3 0x8000a430 (0x1e208c13) x24 0x185ee596
core   0: 0x8000a434 (0x00873b33) sltu    s6, a4, s0
core   0: 3 0x8000a434 (0x00873b33) x22 0x00000001
core   0: 0x8000a438 (0x40db50b3) sra     ra, s6, a3
core   0: 3 0x8000a438 (0x40db50b3) x 1 0x00000000
core   0: 0x8000a43c (0x019b2e13) slti    t3, s6, 25
core   0: 3 0x8000a43c (0x019b2e13) x28 0x00000001
core   0: 0x8000a440 (0x52a0c513) xori    a0, ra, 1322
core   0: 3 0x8000a440 (0x52a0c513) x10 0x0000052a
core   0: 0x8000a444 (0x00000013) nop
core   0: 3 0x8000a444 (0x00000013)
core   0: 0x8000a448 (0x013c8b33) add     s6, s9, s3
core   0: 3 0x8000a448 (0x013c8b33) x22 0x01000000
core   0: 0x8000a44c (0x40645293) srai    t0, s0, 6
core   0: 3 0x8000a44c (0x40645293) x 5 0xffffffff
core   0: 0x8000a450 (0x4195d4b3) sra     s1, a1, s9
core   0: 3 0x8000a450 (0x4195d4b3) x 9 0x00000000
core   0: 0x8000a454 (0x41f5d493) srai    s1, a1, 31
core   0: 3 0x8000a454 (0x41f5d493) x 9 0x00000000
core   0: 0x8000a458 (0x00262233) slt     tp, a2, sp
core   0: 3 0x8000a458 (0x00262233) x 4 0x00000001
core   0: 0x8000a45c (0x962c3537) lui     a0, 0x962c3
core   0: 3 0x8000a45c (0x962c3537) x10 0x962c3000
core   0: 0x8000a460 (0xb450a313) slti    t1, ra, -1211
core   0: 3 0x8000a460 (0xb450a313) x 6 0x00000000
core   0: 0x8000a464 (0x417187b3) sub     a5, gp, s7
core   0: 3 0x8000a464 (0x417187b3) x15 0x00000643
core   0: 0x8000a468 (0x00f5e2b3) or      t0, a1, a5
core   0: 3 0x8000a468 (0x00f5e2b3) x 5 0x00000643
core   0: 0x8000a46c (0x301c27b7) lui     a5, 0x301c2
core   0: 3 0x8000a46c (0x301c27b7) x15 0x301c2000
core   0: 0x8000a470 (0x00ffd8b3) srl     a7, t6, a5
core   0: 3 0x8000a470 (0x00ffd8b3) x17 0x010004aa
core   0: 0x8000a474 (0x38a6b113) sltiu   sp, a3, 906
core   0: 3 0x8000a474 (0x38a6b113) x 2 0x00000001
core   0: 0x8000a478 (0x40558eb3) sub     t4, a1, t0
core   0: 3 0x8000a478 (0x40558eb3) x29 0xfffff9bd
core   0: 0x8000a47c (0x01dae433) or      s0, s5, t4
core   0: 3 0x8000a47c (0x01dae433) x 8 0xfffffdfd
core   0: 0x8000a480 (0x00a81013) slli    zero, a6, 10
core   0: 3 0x8000a480 (0x00a81013)
core   0: 0x8000a484 (0x40d00733) sub     a4, zero, a3
core   0: 3 0x8000a484 (0x40d00733) x14 0xffffffff
core   0: 0x8000a488 (0x40715733) sra     a4, sp, t2
core   0: 3 0x8000a488 (0x40715733) x14 0x00000001
core   0: 0x8000a48c (0x4f3d8413) addi    s0, s11, 1267
core   0: 3 0x8000a48c (0x4f3d8413) x 8 0x010004f2
core   0: 0x8000a490 (0x005694b3) sll     s1, a3, t0
core   0: 3 0x8000a490 (0x005694b3) x 9 0x00000008
core   0: 0x8000a494 (0x01854b33) xor     s6, a0, s8
core   0: 3 0x8000a494 (0x01854b33) x22 0x8e72d596
core   0: 0x8000a498 (0x97953b93) sltiu   s7, a0, -1671
core   0: 3 0x8000a498 (0x97953b93) x23 0x00000001
core   0: 0x8000a49c (0x00379433) sll     s0, a5, gp
core   0: 3 0x8000a49c (0x00379433) x 8 0x01c20000
core   0: 0x8000a4a0 (0x01489eb3) sll     t4, a7, s4
core   0: 3 0x8000a4a0 (0x01489eb3) x29 0x10004aa0
core   0: 0x8000a4a4 (0x419b5893) srai    a7, s6, 25
core   0: 3 0x8000a4a4 (0x419b5893) x17 0xffffffc7
core   0: 0x8000a4a8 (0x40810133) sub     sp, sp, s0
core   0: 3 0x8000a4a8 (0x40810133) x 2 0xfe3e0001
core   0: 0x8000a4ac (0x41095393) srai    t2, s2, 16
core   0: 3 0x8000a4ac (0x41095393) x 7 0x00000000
core   0: 0x8000a4b0 (0x00825c33) srl     s8, tp, s0
core   0: 3 0x8000a4b0 (0x00825c33) x24 0x00000001
core   0: 0x8000a4b4 (0x14d9f293) andi    t0, s3, 333
core   0: 3 0x8000a4b4 (0x14d9f293) x 5 0x00000000
core   0: 0x8000a4b8 (0x00ac38b3) sltu    a7, s8, a0
core   0: 3 0x8000a4b8 (0x00ac38b3) x17 0x00000001
core   0: 0x8000a4bc (0x01149c93) slli    s9, s1, 17
core   0: 3 0x8000a4bc (0x01149c93) x25 0x00100000
core   0: 0x8000a4c0 (0x0056b233) sltu    tp, a3, t0
core   0: 3 0x8000a4c0 (0x0056b233) x 4 0x00000000
core   0: 0x8000a4c4 (0xf5777413) andi    s0, a4, -169
core   0: 3 0x8000a4c4 (0xf5777413) x 8 0x00000001
core   0: 0x8000a4c8 (0x00e98d33) add     s10, s3, a4
core   0: 3 0x8000a4c8 (0x00e98d33) x26 0x00000001
core   0: 0x8000a4cc (0x5ec72417) auipc   s0, 0x5ec72
core   0: 3 0x8000a4cc (0x5ec72417) x 8 0xdec7c4cc
core   0: 0x8000a4d0 (0x99e23b13) sltiu   s6, tp, -1634
core   0: 3 0x8000a4d0 (0x99e23b13) x22 0x00000001
core   0: 0x8000a4d4 (0x61d60313) addi    t1, a2, 1565
core   0: 3 0x8000a4d4 (0x61d60313) x 6 0xef02710b
core   0: 0x8000a4d8 (0xd94fcf13) xori    t5, t6, -620
core   0: 3 0x8000a4d8 (0xd94fcf13) x30 0xfefff93e
core   0: 0x8000a4dc (0xf17e0537) lui     a0, 0xf17e0
core   0: 3 0x8000a4dc (0xf17e0537) x10 0xf17e0000
core   0: 0x8000a4e0 (0x866b3e93) sltiu   t4, s6, -1946
core   0: 3 0x8000a4e0 (0x866b3e93) x29 0x00000001
core   0: 0x8000a4e4 (0x0109db93) srli    s7, s3, 16
core   0: 3 0x8000a4e4 (0x0109db93) x23 0x00000000
core   0: 0x8000a4e8 (0xde237fb7) lui     t6, 0xde237
core   0: 3 0x8000a4e8 (0xde237fb7) x31 0xde237000
core   0: 0x8000a4ec (0x00495d33) srl     s10, s2, tp
core   0: 3 0x8000a4ec (0x00495d33) x26 0x00000001
core   0: 0x8000a4f0 (0x006b5393) srli    t2, s6, 6
core   0: 3 0x8000a4f0 (0x006b5393) x 7 0x00000000
core   0: 0x8000a4f4 (0x00f84333) xor     t1, a6, a5
core   0: 3 0x8000a4f4 (0x00f84333) x 6 0x8d5eb480
core   0: 0x8000a4f8 (0x01f13b33) sltu    s6, sp, t6
core   0: 3 0x8000a4f8 (0x01f13b33) x22 0x00000000
core   0: 0x8000a4fc (0x99f50d93) addi    s11, a0, -1633
core   0: 3 0x8000a4fc (0x99f50d93) x27 0xf17df99f
core   0: 0x8000a500 (0x010ed333) srl     t1, t4, a6
core   0: 3 0x8000a500 (0x010ed333) x 6 0x00000001
core   0: 0x8000a504 (0x72c1c593) xori    a1, gp, 1836
core   0: 3 0x8000a504 (0x72c1c593) x11 0x00000168
core   0: 0x8000a508 (0x01914cb3) xor     s9, sp, s9
core   0: 3 0x8000a508 (0x01914cb3) x25 0xfe2e0001
core   0: 0x8000a50c (0x013d2733) slt     a4, s10, s3
core   0: 3 0x8000a50c (0x013d2733) x14 0x00000000
core   0: 0x8000a510 (0x0657f537) lui     a0, 0x657f
core   0: 3 0x8000a510 (0x0657f537) x10 0x0657f000
core   0: 0x8000a514 (0x00315c33) srl     s8, sp, gp
core   0: 3 0x8000a514 (0x00315c33) x24 0x0fe3e000
core   0: 0x8000a518 (0x0066a933) slt     s2, a3, t1
core   0: 3 0x8000a518 (0x0066a933) x18 0x00000000
core   0: 0x8000a51c (0xf077cd13) xori    s10, a5, -249
core   0: 3 0x8000a51c (0xf077cd13) x26 0xcfe3df07
core   0: 0x8000a520 (0x00c42b33) slt     s6, s0, a2
core   0: 3 0x8000a520 (0x00c42b33) x22 0x00000001
core   0: 0x8000a524 (0x008af5b3) and     a1, s5, s0
core   0: 3 0x8000a524 (0x008af5b3) x11 0x800144c4
core   0: 0x8000a528 (0x41eb80b3) sub     ra, s7, t5
core   0: 3 0x8000a528 (0x41eb80b3) x 1 0x010006c2
core   0: 0x8000a52c (0x6aa04293) xori    t0, zero, 1706
core   0: 3 0x8000a52c (0x6aa04293) x 5 0x000006aa
core   0: 0x8000a530 (0x01e88033) add     zero, a7, t5
core   0: 3 0x8000a530 (0x01e88033)
core   0: 0x8000a534 (0x06a2c737) lui     a4, 0x6a2c
core   0: 3 0x8000a534 (0x06a2c737) x14 0x06a2c000
core   0: 0x8000a538 (0x683dbc13) sltiu   s8, s11, 1667
core   0: 3 0x8000a538 (0x683dbc13) x24 0x00000000
core   0: 0x8000a53c (0x415cde33) sra     t3, s9, s5
core   0: 3 0x8000a53c (0x415cde33) x28 0xffe2e000
core   0: 0x8000a540 (0x68923b13) sltiu   s6, tp, 1673
core   0: 3 0x8000a540 (0x68923b13) x22 0x00000001
core   0: 0x8000a544 (0x50d12693) slti    a3, sp, 1293
core   0: 3 0x8000a544 (0x50d12693) x13 0x00000001
core   0: 0x8000a548 (0xac8ec713) xori    a4, t4, -1336
core   0: 3 0x8000a548 (0xac8ec713) x14 0xfffffac9
core   0: 0x8000a54c (0x385a0f17) auipc   t5, 0x385a0
core   0: 3 0x8000a54c (0x385a0f17) x30 0xb85aa54c
core   0: 0x8000a550 (0x0124fe33) and     t3, s1, s2
core   0: 3 0x8000a550 (0x0124fe33) x28 0x00000000
core   0: 0x8000a554 (0x09b13513) sltiu   a0, sp, 155
core   0: 3 0x8000a554 (0x09b13513) x10 0x00000000
core   0: 0x8000a558 (0x01465d93) srli    s11, a2, 20
core   0: 3 0x8000a558 (0x01465d93) x27 0x00000ef0
core   0: 0x8000a55c (0x9027a293) slti    t0, a5, -1790
core   0: 3 0x8000a55c (0x9027a293) x 5 0x00000000
core   0: 0x8000a560 (0x0f598f13) addi    t5, s3, 245
core   0: 3 0x8000a560 (0x0f598f13) x30 0x000000f5
core   0: 0x8000a564 (0x01c9c133) xor     sp, s3, t3
core   0: 3 0x8000a564 (0x01c9c133) x 2 0x00000000
core   0: 0x8000a568 (0x606ea293) slti    t0, t4, 1542
core   0: 3 0x8000a568 (0x606ea293) x 5 0x00000001
core   0: 0x8000a56c (0x00c905b3) add     a1, s2, a2
core   0: 3 0x8000a56c (0x00c905b3) x11 0xef026aee
core   0: 0x8000a570 (0x0090fcb3) and     s9, ra, s1
core   0: 3 0x8000a570 (0x0090fcb3) x25 0x00000000
core   0: 0x8000a574 (0x017134b3) sltu    s1, sp, s7
core   0: 3 0x8000a574 (0x017134b3) x 9 0x00000000
core   0: 0x8000a578 (0x453e4693) xori    a3, t3, 1107
core   0: 3 0x8000a578 (0x453e4693) x13 0x00000453
core   0: 0x8000a57c (0x40f988b7) lui     a7, 0x40f98
core   0: 3 0x8000a57c (0x40f988b7) x17 0x40f98000
core   0: 0x8000a580 (0x3292c8b7) lui     a7, 0x3292c
core   0: 3 0x8000a580 (0x3292c8b7) x17 0x3292c000
core   0: 0x8000a584 (0x0182ad33) slt     s10, t0, s8
core   0: 3 0x8000a584 (0x0182ad33) x26 0x00000000
core   0: 0x8000a588 (0x01776433) or      s0, a4, s7
core   0: 3 0x8000a588 (0x01776433) x 8 0xfffffac9
core   0: 0x8000a58c (0xaf45ab13) slti    s6, a1, -1292
core   0: 3 0x8000a58c (0xaf45ab13) x22 0x00000001
core   0: 0x8000a590 (0xd7513e93) sltiu   t4, sp, -651
core   0: 3 0x8000a590 (0xd7513e93) x29 0x00000001
core   0: 0x8000a594 (0x019a49b3) xor     s3, s4, s9
core   0: 3 0x8000a594 (0x019a49b3) x19 0x80011e64
core   0: 0x8000a598 (0x01b1be33) sltu    t3, gp, s11
core   0: 3 0x8000a598 (0x01b1be33) x28 0x00000001
core   0: 0x8000a59c (0x54e58b13) addi    s6, a1, 1358
core   0: 3 0x8000a59c (0x54e58b13) x22 0xef02703c
core   0: 0x8000a5a0 (0x40050b33) sub     s6, a0, zero
core   0: 3 0x8000a5a0 (0x40050b33) x22 0x00000000
core   0: 0x8000a5a4 (0x41c859b3) sra     s3, a6, t3
core   0: 3 0x8000a5a4 (0x41c859b3) x19 0xdea14a40
core   0: 0x8000a5a8 (0x41055413) srai    s0, a0, 16
core   0: 3 0x8000a5a8 (0x41055413) x 8 0x00000000
core   0: 0x8000a5ac (0x0139cfb3) xor     t6, s3, s3
core   0: 3 0x8000a5ac (0x0139cfb3) x31 0x00000000
core   0: 0x8000a5b0 (0x01235bb3) srl     s7, t1, s2
core   0: 3 0x8000a5b0 (0x01235bb3) x23 0x00000001
core   0: 0x8000a5b4 (0x8e90c537) lui     a0, 0x8e90c
core   0: 3 0x8000a5b4 (0x8e90c537) x10 0x8e90c000
core   0: 0x8000a5b8 (0x018cc1b3) xor     gp, s9, s8
core   0: 3 0x8000a5b8 (0x018cc1b3) x 3 0x00000000
core   0: 0x8000a5bc (0x009af5b3) and     a1, s5, s1
core   0: 3 0x8000a5bc (0x009af5b3) x11 0x00000000
core   0: 0x8000a5c0 (0x01d5c233) xor     tp, a1, t4
core   0: 3 0x8000a5c0 (0x01d5c233) x 4 0x00000001
core   0: 0x8000a5c4 (0x00000013) nop
core   0: 3 0x8000a5c4 (0x00000013)
core   0: 0x8000a5c8 (0x1a6f4c13) xori    s8, t5, 422
core   0: 3 0x8000a5c8 (0x1a6f4c13) x24 0x00000153
core   0: 0x8000a5cc (0x40575b33) sra     s6, a4, t0
core   0: 3 0x8000a5cc (0x40575b33) x22 0xfffffd64
core   0: 0x8000a5d0 (0x4020d2b3) sra     t0, ra, sp
core   0: 3 0x8000a5d0 (0x4020d2b3) x 5 0x010006c2
core   0: 0x8000a5d4 (0x5ea66013) ori     zero, a2, 1514
core   0: 3 0x8000a5d4 (0x5ea66013)
core   0: 0x8000a5d8 (0x000f8c33) add     s8, t6, zero
core   0: 3 0x8000a5d8 (0x000f8c33) x24 0x00000000
core   0: 0x8000a5dc (0xa3bdc393) xori    t2, s11, -1477
core   0: 3 0x8000a5dc (0xa3bdc393) x 7 0xfffff4cb
core   0: 0x8000a5e0 (0x00fa5db3) srl     s11, s4, a5
core   0: 3 0x8000a5e0 (0x00fa5db3) x27 0x80011e64
core   0: 0x8000a5e4 (0x00eaa233) slt     tp, s5, a4
core   0: 3 0x8000a5e4 (0x00eaa233) x 4 0x00000001
core   0: 0x8000a5e8 (0x01355f33) srl     t5, a0, s3
core   0: 3 0x8000a5e8 (0x01355f33) x30 0x8e90c000
core   0: 0x8000a5ec (0x8a1f7493) andi    s1, t5, -1887
core   0: 3 0x8000a5ec (0x8a1f7493) x 9 0x8e90c000
core   0: 0x8000a5f0 (0x403355b3) sra     a1, t1, gp
core   0: 3 0x8000a5f0 (0x403355b3) x11 0x00000001
core   0: 0x8000a5f4 (0x002856b3) srl     a3, a6, sp
core   0: 3 0x8000a5f4 (0x002856b3) x13 0xbd429480
core   0: 0x8000a5f8 (0x017a1bb3) sll     s7, s4, s7
core   0: 3 0x8000a5f8 (0x017a1bb3) x23 0x00023cc8
core   0: 0x8000a5fc (0x00000013) nop
core   0: 3 0x8000a5fc (0x00000013)
core   0: 0x8000a600 (0x01001233) sll     tp, zero, a6
core   0: 3 0x8000a600 (0x01001233) x 4 0x00000000
core   0: 0x8000a604 (0xac700337) lui     t1, 0xac700
core   0: 3 0x8000a604 (0xac700337) x 6 0xac700000
core   0: 0x8000a608 (0x0198de13) srli    t3, a7, 25
core   0: 3 0x8000a608 (0x0198de13) x28 0x00000019
core   0: 0x8000a60c (0x017a0133) add     sp, s4, s7
core   0: 3 0x8000a60c (0x017a0133) x 2 0x80035b2c
core   0: 0x8000a610 (0x008d5833) srl     a6, s10, s0
core   0: 3 0x8000a610 (0x008d5833) x16 0x00000000
core   0: 0x8000a614 (0x01028893) addi    a7, t0, 16
core   0: 3 0x8000a614 (0x01028893) x17 0x010006d2
core   0: 0x8000a618 (0xff426713) ori     a4, tp, -12
core   0: 3 0x8000a618 (0xff426713) x14 0xfffffff4
core   0: 0x8000a61c (0xb76b51b7) lui     gp, 0xb76b5
core   0: 3 0x8000a61c (0xb76b51b7) x 3 0xb76b5000
core   0: 0x8000a620 (0x4b88beb7) lui     t4, 0x4b88b
core   0: 3 0x8000a620 (0x4b88beb7) x29 0x4b88b000
core   0: 0x8000a624 (0x41f28033) sub     zero, t0, t6
core   0: 3 0x8000a624 (0x41f28033)
core   0: 0x8000a628 (0x00000013) nop
core   0: 3 0x8000a628 (0x00000013)
core   0: 0x8000a62c (0x01258533) add     a0, a1, s2
core   0: 3 0x8000a62c (0x01258533) x10 0x00000001
core   0: 0x8000a630 (0x016a4b33) xor     s6, s4, s6
core   0: 3 0x8000a630 (0x016a4b33) x22 0x7ffee300
core   0: 0x8000a634 (0x54de2193) slti    gp, t3, 1357
core   0: 3 0x8000a634 (0x54de2193) x 3 0x00000001
core   0: 0x8000a638 (0x00dd9db3) sll     s11, s11, a3
core   0: 3 0x8000a638 (0x00dd9db3) x27 0x80011e64
core   0: 0x8000a63c (0x01759513) slli    a0, a1, 23
core   0: 3 0x8000a63c (0x01759513) x10 0x00800000
core   0: 0x8000a640 (0x4157dbb3) sra     s7, a5, s5
core   0: 3 0x8000a640 (0x4157dbb3) x23 0x0301c200
core   0: 0x8000a644 (0x41f35593) srai    a1, t1, 31
core   0: 3 0x8000a644 (0x41f35593) x11 0xffffffff
core   0: 0x8000a648 (0x12244993) xori    s3, s0, 290
core   0: 3 0x8000a648 (0x12244993) x19 0x00000122
core   0: 0x8000a64c (0x3797b213) sltiu   tp, a5, 889
core   0: 3 0x8000a64c (0x3797b213) x 4 0x00000000
core   0: 0x8000a650 (0x942d3213) sltiu   tp, s10, -1726
core   0: 3 0x8000a650 (0x942d3213) x 4 0x00000001
core   0: 0x8000a654 (0xeb457913) andi    s2, a0, -332
core   0: 3 0x8000a654 (0xeb457913) x18 0x00800000
core   0: 0x8000a658 (0x417c5133) sra     sp, s8, s7
core   0: 3 0x8000a658 (0x417c5133) x 2 0x00000000
core   0: 0x8000a65c (0x00766333) or      t1, a2, t2
core   0: 3 0x8000a65c (0x00766333) x 6 0xfffffeef
core   0: 0x8000a660 (0x743b3393) sltiu   t2, s6, 1859
core   0: 3 0x8000a660 (0x743b3393) x 7 0x00000000
core   0: 0x8000a664 (0xbcde7513) andi    a0, t3, -1075
core   0: 3 0x8000a664 (0xbcde7513) x10 0x00000009
core   0: 0x8000a668 (0x41dcd5b3) sra     a1, s9, t4
core   0: 3 0x8000a668 (0x41dcd5b3) x11 0x00000000
core   0: 0x8000a66c (0xfad16b93) ori     s7, sp, -83
core   0: 3 0x8000a66c (0xfad16b93) x23 0xffffffad
core   0: 0x8000a670 (0x7b638c93) addi    s9, t2, 1974
core   0: 3 0x8000a670 (0x7b638c93) x25 0x000007b6
core   0: 0x8000a674 (0x8c147f93) andi    t6, s0, -1855
core   0: 3 0x8000a674 (0x8c147f93) x31 0x00000000
core   0: 0x8000a678 (0x497c2293) slti    t0, s8, 1175
core   0: 3 0x8000a678 (0x497c2293) x 5 0x00000001
core   0: 0x8000a67c (0x01d008b3) add     a7, zero, t4
core   0: 3 0x8000a67c (0x01d008b3) x17 0x4b88b000
core   0: 0x8000a680 (0x03833b13) sltiu   s6, t1, 56
core   0: 3 0x8000a680 (0x03833b13) x22 0x00000000
core   0: 0x8000a684 (0x006c92b3) sll     t0, s9, t1
core   0: 3 0x8000a684 (0x006c92b3) x 5 0x03db0000
core   0: 0x8000a688 (0x009ae033) or      zero, s5, s1
core   0: 3 0x8000a688 (0x009ae033)
core   0: 0x8000a68c (0xea8e0393) addi    t2, t3, -344
core   0: 3 0x8000a68c (0xea8e0393) x 7 0xfffffec1
core   0: 0x8000a690 (0xe151bf13) sltiu   t5, gp, -491
core   0: 3 0x8000a690 (0xe151bf13) x30 0x00000001
core   0: 0x8000a694 (0x0008f833) and     a6, a7, zero
core   0: 3 0x8000a694 (0x0008f833) x16 0x00000000
core   0: 0x8000a698 (0x01881693) slli    a3, a6, 24
core   0: 3 0x8000a698 (0x01881693) x13 0x00000000
core   0: 0x8000a69c (0x013ef933) and     s2, t4, s3
core   0: 3 0x8000a69c (0x013ef933) x18 0x00000000
core   0: 0x8000a6a0 (0x9499c313) xori    t1, s3, -1719
core   0: 3 0x8000a6a0 (0x9499c313) x 6 0xfffff86b
core   0: 0x8000a6a4 (0x00576233) or      tp, a4, t0
core   0: 3 0x8000a6a4 (0x00576233) x 4 0xfffffff4
core   0: 0x8000a6a8 (0x004bc5b3) xor     a1, s7, tp
core   0: 3 0x8000a6a8 (0x004bc5b3) x11 0x00000059
core   0: 0x8000a6ac (0x00d86bb3) or      s7, a6, a3
core   0: 3 0x8000a6ac (0x00d86bb3) x23 0x00000000
core   0: 0x8000a6b0 (0x00c65593) srli    a1, a2, 12
core   0: 3 0x8000a6b0 (0x00c65593) x11 0x000ef026
core   0: 0x8000a6b4 (0x51a17d93) andi    s11, sp, 1306
core   0: 3 0x8000a6b4 (0x51a17d93) x27 0x00000000
core   0: 0x8000a6b8 (0x40b65eb3) sra     t4, a2, a1
core   0: 3 0x8000a6b8 (0x40b65eb3) x29 0xffbc09ab
core   0: 0x8000a6bc (0x01a5e333) or      t1, a1, s10
core   0: 3 0x8000a6bc (0x01a5e333) x 6 0x000ef026
core   0: 0x8000a6c0 (0xe3eeab17) auipc   s6, 0xe3eea
core   0: 3 0x8000a6c0 (0xe3eeab17) x22 0x63ef46c0
core   0: 0x8000a6c4 (0x4edabe13) sltiu   t3, s5, 1261
core   0: 3 0x8000a6c4 (0x4edabe13) x28 0x00000000
core   0: 0x8000a6c8 (0x418a5213) srai    tp, s4, 24
core   0: 3 0x8000a6c8 (0x418a5213) x 4 0xffffff80
core   0: 0x8000a6cc (0x00000013) nop
core   0: 3 0x8000a6cc (0x00000013)
core   0: 0x8000a6d0 (0x00bf34b3) sltu    s1, t5, a1
core   0: 3 0x8000a6d0 (0x00bf34b3) x 9 0x00000001
core   0: 0x8000a6d4 (0xc0592937) lui     s2, 0xc0592
core   0: 3 0x8000a6d4 (0xc0592937) x18 0xc0592000
core   0: 0x8000a6d8 (0x00af65b3) or      a1, t5, a0
core   0: 3 0x8000a6d8 (0x00af65b3) x11 0x00000009
core   0: 0x8000a6dc (0xf6ef6513) ori     a0, t5, -146
core   0: 3 0x8000a6dc (0xf6ef6513) x10 0xffffff6f
core   0: 0x8000a6e0 (0xe31dad93) slti    s11, s11, -463
core   0: 3 0x8000a6e0 (0xe31dad93) x27 0x00000000
core   0: 0x8000a6e4 (0x01ba5033) srl     zero, s4, s11
core   0: 3 0x8000a6e4 (0x01ba5033)
core   0: 0x8000a6e8 (0x58c1c313) xori    t1, gp, 1420
core   0: 3 0x8000a6e8 (0x58c1c313) x 6 0x0000058d
core   0: 0x8000a6ec (0x01559e93) slli    t4, a1, 21
core   0: 3 0x8000a6ec (0x01559e93) x29 0x01200000
core   0: 0x8000a6f0 (0x014a5313) srli    t1, s4, 20
core   0: 3 0x8000a6f0 (0x014a5313) x 6 0x00000800
core   0: 0x8000a6f4 (0x0018d6b3) srl     a3, a7, ra
core   0: 3 0x8000a6f4 (0x0018d6b3) x13 0x12e22c00
core   0: 0x8000a6f8 (0x65bd2e13) slti    t3, s10, 1627
core   0: 3 0x8000a6f8 (0x65bd2e13) x28 0x00000001
core   0: 0x8000a6fc (0x01a642b3) xor     t0, a2, s10
core   0: 3 0x8000a6fc (0x01a642b3) x 5 0xef026aee
core   0: 0x8000a700 (0x013ff233) and     tp, t6, s3
core   0: 3 0x8000a700 (0x013ff233) x 4 0x00000000
core   0: 0x8000a704 (0x006bd313) srli    t1, s7, 6
core   0: 3 0x8000a704 (0x006bd313) x 6 0x00000000
core   0: 0x8000a708 (0x00aad5b3) srl     a1, s5, a0
core   0: 3 0x8000a708 (0x00aad5b3) x11 0x00010002
core   0: 0x8000a70c (0x41df5693) srai    a3, t5, 29
core   0: 3 0x8000a70c (0x41df5693) x13 0x00000000
core   0: 0x8000a710 (0x413b5c93) srai    s9, s6, 19
core   0: 3 0x8000a710 (0x413b5c93) x25 0x00000c7d
core   0: 0x8000a714 (0x00000013) nop
core   0: 3 0x8000a714 (0x00000013)
core   0: 0x8000a718 (0x019a2e33) slt     t3, s4, s9
core   0: 3 0x8000a718 (0x019a2e33) x28 0x00000001
core   0: 0x8000a71c (0x0160dc33) srl     s8, ra, s6
core   0: 3 0x8000a71c (0x0160dc33) x24 0x010006c2
core   0: 0x8000a720 (0x40475e33) sra     t3, a4, tp
core   0: 3 0x8000a720 (0x40475e33) x28 0xfffffff4
core   0: 0x8000a724 (0xbe3ebf13) sltiu   t5, t4, -1053
core   0: 3 0x8000a724 (0xbe3ebf13) x30 0x00000001
core   0: 0x8000a728 (0xd49e0393) addi    t2, t3, -695
core   0: 3 0x8000a728 (0xd49e0393) x 7 0xfffffd3d
core   0: 0x8000a72c (0x011844b3) xor     s1, a6, a7
core   0: 3 0x8000a72c (0x011844b3) x 9 0x4b88b000
core   0: 0x8000a730 (0x451f1837) lui     a6, 0x451f1
core   0: 3 0x8000a730 (0x451f1837) x16 0x451f1000
core   0: 0x8000a734 (0x5e8751b7) lui     gp, 0x5e875
core   0: 3 0x8000a734 (0x5e8751b7) x 3 0x5e875000
core   0: 0x8000a738 (0x0bb72c13) slti    s8, a4, 187
core   0: 3 0x8000a738 (0x0bb72c13) x24 0x00000001
core   0: 0x8000a73c (0x00a29513) slli    a0, t0, 10
core   0: 3 0x8000a73c (0x00a29513) x10 0x09abb800
core   0: 0x8000a740 (0xd1005837) lui     a6, 0xd1005
core   0: 3 0x8000a740 (0xd1005837) x16 0xd1005000
core   0: 0x8000a744 (0x01361193) slli    gp, a2, 19
core   0: 3 0x8000a744 (0x01361193) x 3 0x57700000
core   0: 0x8000a748 (0x001b3833) sltu    a6, s6, ra
core   0: 3 0x8000a748 (0x001b3833) x16 0x00000000
core   0: 0x8000a74c (0x019a1293) slli    t0, s4, 25
core   0: 3 0x8000a74c (0x019a1293) x 5 0xc8000000
core   0: 0x8000a750 (0x4012db13) srai    s6, t0, 1
core   0: 3 0x8000a750 (0x4012db13) x22 0xe4000000
core   0: 0x8000a754 (0x00291e13) slli    t3, s2, 2
core   0: 3 0x8000a754 (0x00291e13) x28 0x01648000
core   0: 0x8000a758 (0x05ae2993) slti    s3, t3, 90
core   0: 3 0x8000a758 (0x05ae2993) x19 0x00000000
core   0: 0x8000a75c (0x009a1f93) slli    t6, s4, 9
core   0: 3 0x8000a75c (0x009a1f93) x31 0x023cc800
core   0: 0x8000a760 (0x00be9e93) slli    t4, t4, 11
core   0: 3 0x8000a760 (0x00be9e93) x29 0x00000000
core   0: 0x8000a764 (0x416f5733) sra     a4, t5, s6
core   0: 3 0x8000a764 (0x416f5733) x14 0x00000001
core   0: 0x8000a768 (0x00a1c133) xor     sp, gp, a0
core   0: 3 0x8000a768 (0x00a1c133) x 2 0x5edbb800
core   0: 0x8000a76c (0x01114d33) xor     s10, sp, a7
core   0: 3 0x8000a76c (0x01114d33) x26 0x15530800
core   0: 0x8000a770 (0x01d55593) srli    a1, a0, 29
core   0: 3 0x8000a770 (0x01d55593) x11 0x00000000
core   0: 0x8000a774 (0x013f0fb3) add     t6, t5, s3
core   0: 3 0x8000a774 (0x013f0fb3) x31 0x00000001
core   0: 0x8000a778 (0x41e50c33) sub     s8, a0, t5
core   0: 3 0x8000a778 (0x41e50c33) x24 0x09abb7ff
core   0: 0x8000a77c (0x407ed8b3) sra     a7, t4, t2
core   0: 3 0x8000a77c (0x407ed8b3) x17 0x00000000
core   0: 0x8000a780 (0x01de0233) add     tp, t3, t4
core   0: 3 0x8000a780 (0x01de0233) x 4 0x01648000
core   0: 0x8000a784 (0x015387b3) add     a5, t2, s5
core   0: 3 0x8000a784 (0x015387b3) x15 0x80015a21
core   0: 0x8000a788 (0x41c7db93) srai    s7, a5, 28
core   0: 3 0x8000a788 (0x41c7db93) x23 0xfffffff8
core   0: 0x8000a78c (0x40f101b3) sub     gp, sp, a5
core   0: 3 0x8000a78c (0x40f101b3) x 3 0xdeda5ddf
core   0: 0x8000a790 (0xf9c84693) xori    a3, a6, -100
core   0: 3 0x8000a790 (0xf9c84693) x13 0xffffff9c
core   0: 0x8000a794 (0x00000993) li      s3, 0
core   0: 3 0x8000a794 (0x00000993) x19 0x00000000
core   0: 0x8000a798 (0x7fdfbdb7) lui     s11, 0x7fdfb
core   0: 3 0x8000a798 (0x7fdfbdb7) x27 0x7fdfb000
core   0: 0x8000a79c (0x1d4d8d93) addi    s11, s11, 468
core   0: 3 0x8000a79c (0x1d4d8d93) x27 0x7fdfb1d4
core   0: 0x8000a7a0 (0xc63c3e37) lui     t3, 0xc63c3
core   0: 3 0x8000a7a0 (0xc63c3e37) x28 0xc63c3000
core   0: 0x8000a7a4 (0xaace0e13) addi    t3, t3, -1364
core   0: 3 0x8000a7a4 (0xaace0e13) x28 0xc63c2aac
core   0: 0x8000a7a8 (0x00000193) li      gp, 0
core   0: 3 0x8000a7a8 (0x00000193) x 3 0x00000000
core   0: 0x8000a7ac (0x00000e93) li      t4, 0
core   0: 3 0x8000a7ac (0x00000e93) x29 0x00000000
core   0: 0x8000a7b0 (0xfff00293) li      t0, -1
core   0: 3 0x8000a7b0 (0xfff00293) x 5 0xffffffff
core   0: 0x8000a7b4 (0x80000137) lui     sp, 0x80000
core   0: 3 0x8000a7b4 (0x80000137) x 2 0x80000000
core   0: 0x8000a7b8 (0x800005b7) lui     a1, 0x80000
core   0: 3 0x8000a7b8 (0x800005b7) x11 0x80000000
core   0: 0x8000a7bc (0xfff00213) li      tp, -1
core   0: 3 0x8000a7bc (0xfff00213) x 4 0xffffffff
core   0: 0x8000a7c0 (0xfff00813) li      a6, -1
core   0: 3 0x8000a7c0 (0xfff00813) x16 0xffffffff
core   0: 0x8000a7c4 (0x00000013) nop
core   0: 3 0x8000a7c4 (0x00000013)
core   0: 0x8000a7c8 (0x02558193) addi    gp, a1, 37
core   0: 3 0x8000a7c8 (0x02558193) x 3 0x80000025
core   0: 0x8000a7cc (0x00000013) nop
core   0: 3 0x8000a7cc (0x00000013)
core   0: 0x8000a7d0 (0x73b4b2b7) lui     t0, 0x73b4b
core   0: 3 0x8000a7d0 (0x73b4b2b7) x 5 0x73b4b000
core   0: 0x8000a7d4 (0x2d5272b7) lui     t0, 0x2d527
core   0: 3 0x8000a7d4 (0x2d5272b7) x 5 0x2d527000
core   0: 0x8000a7d8 (0x01d281b3) add     gp, t0, t4
core   0: 3 0x8000a7d8 (0x01d281b3) x 3 0x2d527000
core   0: 0x8000a7dc (0x01d28833) add     a6, t0, t4
core   0: 3 0x8000a7dc (0x01d28833) x16 0x2d527000
core   0: 0x8000a7e0 (0x40580db3) sub     s11, a6, t0
core   0: 3 0x8000a7e0 (0x40580db3) x27 0x00000000
core   0: 0x8000a7e4 (0x01c10e33) add     t3, sp, t3
core   0: 3 0x8000a7e4 (0x01c10e33) x28 0x463c2aac
core   0: 0x8000a7e8 (0x013e0db3) add     s11, t3, s3
core   0: 3 0x8000a7e8 (0x013e0db3) x27 0x463c2aac
core   0: 0x8000a7ec (0xaebfcd97) auipc   s11, 0xaebfc
core   0: 3 0x8000a7ec (0xaebfcd97) x27 0x2ec067ec
core   0: 0x8000a7f0 (0x40f3e197) auipc   gp, 0x40f3e
core   0: 3 0x8000a7f0 (0x40f3e197) x 3 0xc0f487f0
core   0: 0x8000a7f4 (0x30320113) addi    sp, tp, 771
core   0: 3 0x8000a7f4 (0x30320113) x 2 0x00000302
core   0: 0x8000a7f8 (0x410809b3) sub     s3, a6, a6
core   0: 3 0x8000a7f8 (0x410809b3) x19 0x00000000
core   0: 0x8000a7fc (0x00000013) nop
core   0: 3 0x8000a7fc (0x00000013)
core   0: 0x8000a800 (0x4b3d8113) addi    sp, s11, 1203
core   0: 3 0x8000a800 (0x4b3d8113) x 2 0x2ec06c9f
core   0: 0x8000a804 (0x23180d93) addi    s11, a6, 561
core   0: 3 0x8000a804 (0x23180d93) x27 0x2d527231
core   0: 0x8000a808 (0x00000013) nop
core   0: 3 0x8000a808 (0x00000013)
core   0: 0x8000a80c (0x40558133) sub     sp, a1, t0
core   0: 3 0x8000a80c (0x40558133) x 2 0x52ad9000
core   0: 0x8000a810 (0x2e0a4e97) auipc   t4, 0x2e0a4
core   0: 3 0x8000a810 (0x2e0a4e97) x29 0xae0ae810
core   0: 0x8000a814 (0x013e09b3) add     s3, t3, s3
core   0: 3 0x8000a814 (0x013e09b3) x19 0x463c2aac
core   0: 0x8000a818 (0xdb705d97) auipc   s11, 0xdb705
core   0: 3 0x8000a818 (0xdb705d97) x27 0x5b70f818
core   0: 0x8000a81c (0x89380e93) addi    t4, a6, -1901
core   0: 3 0x8000a81c (0x89380e93) x29 0x2d526893
core   0: 0x8000a820 (0xd1ee0313) addi    t1, t3, -738
core   0: 3 0x8000a820 (0xd1ee0313) x 6 0x463c27ca
core   0: 0x8000a824 (0xc7852513) slti    a0, a0, -904
core   0: 3 0x8000a824 (0xc7852513) x10 0x00000000
core   0: 0x8000a828 (0x00000013) nop
core   0: 3 0x8000a828 (0x00000013)
core   0: 0x8000a82c (0x00f0b6b3) sltu    a3, ra, a5
core   0: 3 0x8000a82c (0x00f0b6b3) x13 0x00000001
core   0: 0x8000a830 (0x00891733) sll     a4, s2, s0
core   0: 3 0x8000a830 (0x00891733) x14 0xc0592000
core   0: 0x8000a834 (0x325b2e17) auipc   t3, 0x325b2
core   0: 3 0x8000a834 (0x325b2e17) x28 0xb25bc834
core   0: 0x8000a838 (0x3e47b997) auipc   s3, 0x3e47b
core   0: 3 0x8000a838 (0x3e47b997) x19 0xbe485838
core   0: 0x8000a83c (0x00f66e13) ori     t3, a2, 15
core   0: 3 0x8000a83c (0x00f66e13) x28 0xef026aef
core   0: 0x8000a840 (0x6c262393) slti    t2, a2, 1730
core   0: 3 0x8000a840 (0x6c262393) x 7 0x00000001
core   0: 0x8000a844 (0x016a9b33) sll     s6, s5, s6
core   0: 3 0x8000a844 (0x016a9b33) x22 0x80015ce4
core   0: 0x8000a848 (0x01525333) srl     t1, tp, s5
core   0: 3 0x8000a848 (0x01525333) x 6 0x0fffffff
core   0: 0x8000a84c (0x014002b3) add     t0, zero, s4
core   0: 3 0x8000a84c (0x014002b3) x 5 0x80011e64
core   0: 0x8000a850 (0x7a7d7b13) andi    s6, s10, 1959
core   0: 3 0x8000a850 (0x7a7d7b13) x22 0x00000000
core   0: 0x8000a854 (0xf6d48893) addi    a7, s1, -147
core   0: 3 0x8000a854 (0xf6d48893) x17 0x4b88af6d
core   0: 0x8000a858 (0x001ffcb3) and     s9, t6, ra
core   0: 3 0x8000a858 (0x001ffcb3) x25 0x00000000
core   0: 0x8000a85c (0x00000013) nop
core   0: 3 0x8000a85c (0x00000013)
core   0: 0x8000a860 (0x002d03b3) add     t2, s10, sp
core   0: 3 0x8000a860 (0x002d03b3) x 7 0x68009800
core   0: 0x8000a864 (0xd6eabc13) sltiu   s8, s5, -658
core   0: 3 0x8000a864 (0xd6eabc13) x24 0x00000001
core   0: 0x8000a868 (0x01dd6233) or      tp, s10, t4
core   0: 3 0x8000a868 (0x01dd6233) x 4 0x3d536893
core   0: 0x8000a86c (0x8521deb7) lui     t4, 0x8521d
core   0: 3 0x8000a86c (0x8521deb7) x29 0x8521d000
core   0: 0x8000a870 (0x01709993) slli    s3, ra, 23
core   0: 3 0x8000a870 (0x01709993) x19 0x61000000
core   0: 0x8000a874 (0x00000113) li      sp, 0
core   0: 3 0x8000a874 (0x00000113) x 2 0x00000000
core   0: 0x8000a878 (0x00000213) li      tp, 0
core   0: 3 0x8000a878 (0x00000213) x 4 0x00000000
core   0: 0x8000a87c (0xfff00b13) li      s6, -1
core   0: 3 0x8000a87c (0xfff00b13) x22 0xffffffff
core   0: 0x8000a880 (0x800006b7) lui     a3, 0x80000
core   0: 3 0x8000a880 (0x800006b7) x13 0x80000000
core   0: 0x8000a884 (0xfff00e93) li      t4, -1
core   0: 3 0x8000a884 (0xfff00e93) x29 0xffffffff
core   0: 0x8000a888 (0x00000c13) li      s8, 0
core   0: 3 0x8000a888 (0x00000c13) x24 0x00000000
core   0: 0x8000a88c (0x00000093) li      ra, 0
core   0: 3 0x8000a88c (0x00000093) x 1 0x00000000
core   0: 0x8000a890 (0x00000993) li      s3, 0
core   0: 3 0x8000a890 (0x00000993) x19 0x00000000
core   0: 0x8000a894 (0x00000313) li      t1, 0
core   0: 3 0x8000a894 (0x00000313) x 6 0x00000000
core   0: 0x8000a898 (0xfff00b93) li      s7, -1
core   0: 3 0x8000a898 (0xfff00b93) x23 0xffffffff
core   0: 0x8000a89c (0x00000013) nop
core   0: 3 0x8000a89c (0x00000013)
core   0: 0x8000a8a0 (0x36908b13) addi    s6, ra, 873
core   0: 3 0x8000a8a0 (0x36908b13) x22 0x00000369
core   0: 0x8000a8a4 (0x998ea697) auipc   a3, 0x998ea
core   0: 3 0x8000a8a4 (0x998ea697) x13 0x198f48a4
core   0: 0x8000a8a8 (0x5afd9097) auipc   ra, 0x5afd9
core   0: 3 0x8000a8a8 (0x5afd9097) x 1 0xdafe38a8
core   0: 0x8000a8ac (0xfc6d1337) lui     t1, 0xfc6d1
core   0: 3 0x8000a8ac (0xfc6d1337) x 6 0xfc6d1000
core   0: 0x8000a8b0 (0x002b8b33) add     s6, s7, sp
core   0: 3 0x8000a8b0 (0x002b8b33) x22 0xffffffff
core   0: 0x8000a8b4 (0x02a77217) auipc   tp, 0x2a77
core   0: 3 0x8000a8b4 (0x02a77217) x 4 0x82a818b4
core   0: 0x8000a8b8 (0x41630233) sub     tp, t1, s6
core   0: 3 0x8000a8b8 (0x41630233) x 4 0xfc6d1001
core   0: 0x8000a8bc (0x40110133) sub     sp, sp, ra
core   0: 3 0x8000a8bc (0x40110133) x 2 0x2501c758
core   0: 0x8000a8c0 (0xc89b3237) lui     tp, 0xc89b3
core   0: 3 0x8000a8c0 (0xc89b3237) x 4 0xc89b3000
core   0: 0x8000a8c4 (0x40610eb3) sub     t4, sp, t1
core   0: 3 0x8000a8c4 (0x40610eb3) x29 0x2894b758
core   0: 0x8000a8c8 (0x406c0333) sub     t1, s8, t1
core   0: 3 0x8000a8c8 (0x406c0333) x 6 0x0392f000
core   0: 0x8000a8cc (0x57510c13) addi    s8, sp, 1397
core   0: 3 0x8000a8cc (0x57510c13) x24 0x2501cccd
core   0: 0x8000a8d0 (0x33520693) addi    a3, tp, 821
core   0: 3 0x8000a8d0 (0x33520693) x13 0xc89b3335
core   0: 0x8000a8d4 (0x8c11d317) auipc   t1, 0x8c11d
core   0: 3 0x8000a8d4 (0x8c11d317) x 6 0x0c1278d4
core   0: 0x8000a8d8 (0xf2551c37) lui     s8, 0xf2551
core   0: 3 0x8000a8d8 (0xf2551c37) x24 0xf2551000
core   0: 0x8000a8dc (0x00000013) nop
core   0: 3 0x8000a8dc (0x00000013)
core   0: 0x8000a8e0 (0x5948f217) auipc   tp, 0x5948f
core   0: 3 0x8000a8e0 (0x5948f217) x 4 0xd94998e0
core   0: 0x8000a8e4 (0x00000013) nop
core   0: 3 0x8000a8e4 (0x00000013)
core   0: 0x8000a8e8 (0x724ef997) auipc   s3, 0x724ef
core   0: 3 0x8000a8e8 (0x724ef997) x19 0xf24f98e8
core   0: 0x8000a8ec (0x787cde97) auipc   t4, 0x787cd
core   0: 3 0x8000a8ec (0x787cde97) x29 0xf87d78ec
core   0: 0x8000a8f0 (0x17f93117) auipc   sp, 0x17f93
core   0: 3 0x8000a8f0 (0x17f93117) x 2 0x97f9d8f0
core   0: 0x8000a8f4 (0x00000013) nop
core   0: 3 0x8000a8f4 (0x00000013)
core   0: 0x8000a8f8 (0x96043317) auipc   t1, 0x96043
core   0: 3 0x8000a8f8 (0x96043317) x 6 0x1604d8f8
core   0: 0x8000a8fc (0x017c0c33) add     s8, s8, s7
core   0: 3 0x8000a8fc (0x017c0c33) x24 0xf2550fff
core   0: 0x8000a900 (0x41768133) sub     sp, a3, s7
core   0: 3 0x8000a900 (0x41768133) x 2 0xc89b3336
core   0: 0x8000a904 (0x47368b93) addi    s7, a3, 1139
core   0: 3 0x8000a904 (0x47368b93) x23 0xc89b37a8
core   0: 0x8000a908 (0x013c0c33) add     s8, s8, s3
core   0: 3 0x8000a908 (0x013c0c33) x24 0xe4a4a8e7
core   0: 0x8000a90c (0x01ac2f33) slt     t5, s8, s10
core   0: 3 0x8000a90c (0x01ac2f33) x30 0x00000001
core   0: 0x8000a910 (0x9e84c493) xori    s1, s1, -1560
core   0: 3 0x8000a910 (0x9e84c493) x 9 0xb47749e8
core   0: 0x8000a914 (0x40d559b3) sra     s3, a0, a3
core   0: 3 0x8000a914 (0x40d559b3) x19 0x00000000
core   0: 0x8000a918 (0x00000013) nop
core   0: 3 0x8000a918 (0x00000013)
core   0: 0x8000a91c (0x40e4dd13) srai    s10, s1, 14
core   0: 3 0x8000a91c (0x40e4dd13) x26 0xfffed1dd
core   0: 0x8000a920 (0x15330313) addi    t1, t1, 339
core   0: 3 0x8000a920 (0x15330313) x 6 0x1604da4b
core   0: 0x8000a924 (0xacd46413) ori     s0, s0, -1331
core   0: 3 0x8000a924 (0xacd46413) x 8 0xfffffacd
core   0: 0x8000a928 (0x9a794213) xori    tp, s2, -1625
core   0: 3 0x8000a928 (0x9a794213) x 4 0x3fa6d9a7
core   0: 0x8000a92c (0x006762b3) or      t0, a4, t1
core   0: 3 0x8000a92c (0x006762b3) x 5 0xd65dfa4b
core   0: 0x8000a930 (0x1a753e93) sltiu   t4, a0, 423
core   0: 3 0x8000a930 (0x1a753e93) x29 0x00000001
core   0: 0x8000a934 (0xf6d2c097) auipc   ra, 0xf6d2c
core   0: 3 0x8000a934 (0xf6d2c097) x 1 0x76d36934
core   0: 0x8000a938 (0xb23ba037) lui     zero, 0xb23ba
core   0: 3 0x8000a938 (0xb23ba037)
core   0: 0x8000a93c (0x4ddaf313) andi    t1, s5, 1245
core   0: 3 0x8000a93c (0x4ddaf313) x 6 0x000004c4
core   0: 0x8000a940 (0x01c864b3) or      s1, a6, t3
core   0: 3 0x8000a940 (0x01c864b3) x 9 0xef527aef
core   0: 0x8000a944 (0x0085dfb3) srl     t6, a1, s0
core   0: 3 0x8000a944 (0x0085dfb3) x31 0x00040000
core   0: 0x8000a948 (0x41c9d313) srai    t1, s3, 28
core   0: 3 0x8000a948 (0x41c9d313) x 6 0x00000000
core   0: 0x8000a94c (0x000b9913) slli    s2, s7, 0
core   0: 3 0x8000a94c (0x000b9913) x18 0xc89b37a8
core   0: 0x8000a950 (0x011e77b3) and     a5, t3, a7
core   0: 3 0x8000a950 (0x011e77b3) x15 0x4b002a6d
core   0: 0x8000a954 (0x01491f93) slli    t6, s2, 20
core   0: 3 0x8000a954 (0x01491f93) x31 0x7a800000
core   0: 0x8000a958 (0x009e5bb3) srl     s7, t3, s1
core   0: 3 0x8000a958 (0x009e5bb3) x23 0x0001de04
core   0: 0x8000a95c (0x5e430013) addi    zero, t1, 1508
core   0: 3 0x8000a95c (0x5e430013)
core   0: 0x8000a960 (0x51313893) sltiu   a7, sp, 1299
core   0: 3 0x8000a960 (0x51313893) x17 0x00000000
core   0: 0x8000a964 (0x013c89b3) add     s3, s9, s3
core   0: 3 0x8000a964 (0x013c89b3) x19 0x00000000
core   0: 0x8000a968 (0x91cba593) slti    a1, s7, -1764
core   0: 3 0x8000a968 (0x91cba593) x11 0x00000000
core   0: 0x8000a96c (0x6eab3c93) sltiu   s9, s6, 1770
core   0: 3 0x8000a96c (0x6eab3c93) x25 0x00000000
core   0: 0x8000a970 (0x2d212593) slti    a1, sp, 722
core   0: 3 0x8000a970 (0x2d212593) x11 0x00000001
core   0: 0x8000a974 (0x0004e233) or      tp, s1, zero
core   0: 3 0x8000a974 (0x0004e233) x 4 0xef527aef
core   0: 0x8000a978 (0x5407f397) auipc   t2, 0x5407f
core   0: 3 0x8000a978 (0x5407f397) x 7 0xd4089978
core   0: 0x8000a97c (0x01afb733) sltu    a4, t6, s10
core   0: 3 0x8000a97c (0x01afb733) x14 0x00000001
core   0: 0x8000a980 (0x7a49a097) auipc   ra, 0x7a49a
core   0: 3 0x8000a980 (0x7a49a097) x 1 0xfa4a4980
core   0: 0x8000a984 (0x41905893) srai    a7, zero, 25
core   0: 3 0x8000a984 (0x41905893) x17 0x00000000
core   0: 0x8000a988 (0x00f31e33) sll     t3, t1, a5
core   0: 3 0x8000a988 (0x00f31e33) x28 0x00000000
core   0: 0x8000a98c (0x00000013) nop
core   0: 3 0x8000a98c (0x00000013)
core   0: 0x8000a990 (0x00a70eb3) add     t4, a4, a0
core   0: 3 0x8000a990 (0x00a70eb3) x29 0x00000001
core   0: 0x8000a994 (0x416201b3) sub     gp, tp, s6
core   0: 3 0x8000a994 (0x416201b3) x 3 0xef527af0
core   0: 0x8000a998 (0x41178033) sub     zero, a5, a7
core   0: 3 0x8000a998 (0x41178033)
core   0: 0x8000a99c (0xf61b2b97) auipc   s7, 0xf61b2
core   0: 3 0x8000a99c (0xf61b2b97) x23 0x761bc99c
core   0: 0x8000a9a0 (0x415c6e13) ori     t3, s8, 1045
core   0: 3 0x8000a9a0 (0x415c6e13) x28 0xe4a4acf7
core   0: 0x8000a9a4 (0x144b8237) lui     tp, 0x144b8
core   0: 3 0x8000a9a4 (0x144b8237) x 4 0x144b8000
core   0: 0x8000a9a8 (0x00a56133) or      sp, a0, a0
core   0: 3 0x8000a9a8 (0x00a56133) x 2 0x00000000
core   0: 0x8000a9ac (0x40288bb3) sub     s7, a7, sp
core   0: 3 0x8000a9ac (0x40288bb3) x23 0x00000000
core   0: 0x8000a9b0 (0xb1100e93) li      t4, -1263
core   0: 3 0x8000a9b0 (0xb1100e93) x29 0xfffffb11
core   0: 0x8000a9b4 (0x011d1733) sll     a4, s10, a7
core   0: 3 0x8000a9b4 (0x011d1733) x14 0xfffed1dd
core   0: 0x8000a9b8 (0x00ce01b3) add     gp, t3, a2
core   0: 3 0x8000a9b8 (0x00ce01b3) x 3 0xd3a717e5
core   0: 0x8000a9bc (0x01619213) slli    tp, gp, 22
core   0: 3 0x8000a9bc (0x01619213) x 4 0xf9400000
core   0: 0x8000a9c0 (0x00000013) nop
core   0: 3 0x8000a9c0 (0x00000013)
core   0: 0x8000a9c4 (0x01cf5813) srli    a6, t5, 28
core   0: 3 0x8000a9c4 (0x01cf5813) x16 0x00000000
core   0: 0x8000a9c8 (0x0137f9b3) and     s3, a5, s3
core   0: 3 0x8000a9c8 (0x0137f9b3) x19 0x00000000
core   0: 0x8000a9cc (0xd2d8b993) sltiu   s3, a7, -723
core   0: 3 0x8000a9cc (0xd2d8b993) x19 0x00000001
core   0: 0x8000a9d0 (0xbc7007b7) lui     a5, 0xbc700
core   0: 3 0x8000a9d0 (0xbc7007b7) x15 0xbc700000
core   0: 0x8000a9d4 (0x8000c513) xori    a0, ra, -2048
core   0: 3 0x8000a9d4 (0x8000c513) x10 0x05b5b180
core   0: 0x8000a9d8 (0xd3cf2d93) slti    s11, t5, -708
core   0: 3 0x8000a9d8 (0xd3cf2d93) x27 0x00000000
core   0: 0x8000a9dc (0x4a8eac93) slti    s9, t4, 1192
core   0: 3 0x8000a9dc (0x4a8eac93) x25 0x00000001
core   0: 0x8000a9e0 (0x0109d113) srli    sp, s3, 16
core   0: 3 0x8000a9e0 (0x0109d113) x 2 0x00000000
core   0: 0x8000a9e4 (0x0055db33) srl     s6, a1, t0
core   0: 3 0x8000a9e4 (0x0055db33) x22 0x00000000
core   0: 0x8000a9e8 (0x00000013) nop
core   0: 3 0x8000a9e8 (0x00000013)
core   0: 0x8000a9ec (0x00420033) add     zero, tp, tp
core   0: 3 0x8000a9ec (0x00420033)
core   0: 0x8000a9f0 (0x556cc113) xori    sp, s9, 1366
core   0: 3 0x8000a9f0 (0x556cc113) x 2 0x00000557
core   0: 0x8000a9f4 (0x0015a833) slt     a6, a1, ra
core   0: 3 0x8000a9f4 (0x0015a833) x16 0x00000000
core   0: 0x8000a9f8 (0x009965b3) or      a1, s2, s1
core   0: 3 0x8000a9f8 (0x009965b3) x11 0xefdb7fef
core   0: 0x8000a9fc (0x01c576b3) and     a3, a0, t3
core   0: 3 0x8000a9fc (0x01c576b3) x13 0x04a4a080
core   0: 0x8000aa00 (0x003c1bb3) sll     s7, s8, gp
core   0: 3 0x8000aa00 (0x003c1bb3) x23 0x94951ce0
core   0: 0x8000aa04 (0x893d2113) slti    sp, s10, -1901
core   0: 3 0x8000aa04 (0x893d2113) x 2 0x00000001
core   0: 0x8000aa08 (0x1ca04c93) xori    s9, zero, 458
core   0: 3 0x8000aa08 (0x1ca04c93) x25 0x000001ca
core   0: 0x8000aa0c (0x00000013) nop
core   0: 3 0x8000aa0c (0x00000013)
core   0: 0x8000aa10 (0xe38c6817) auipc   a6, 0xe38c6
core   0: 3 0x8000aa10 (0xe38c6817) x16 0x638d0a10
core   0: 0x8000aa14 (0x00000013) nop
core   0: 3 0x8000aa14 (0x00000013)
core   0: 0x8000aa18 (0x001bfc33) and     s8, s7, ra
core   0: 3 0x8000aa18 (0x001bfc33) x24 0x90000880
core   0: 0x8000aa1c (0x0173ceb3) xor     t4, t2, s7
core   0: 3 0x8000aa1c (0x0173ceb3) x29 0x409d8598
core   0: 0x8000aa20 (0x01c46eb3) or      t4, s0, t3
core   0: 3 0x8000aa20 (0x01c46eb3) x29 0xfffffeff
core   0: 0x8000aa24 (0x01a17233) and     tp, sp, s10
core   0: 3 0x8000aa24 (0x01a17233) x 4 0x00000001
core   0: 0x8000aa28 (0x00e69933) sll     s2, a3, a4
core   0: 3 0x8000aa28 (0x00e69933) x18 0x00000000
core   0: 0x8000aa2c (0x407f54b3) sra     s1, t5, t2
core   0: 3 0x8000aa2c (0x407f54b3) x 9 0x00000000
core   0: 0x8000aa30 (0x29da8093) addi    ra, s5, 669
core   0: 3 0x8000aa30 (0x29da8093) x 1 0x80015f81
core   0: 0x8000aa34 (0x00891d93) slli    s11, s2, 8
core   0: 3 0x8000aa34 (0x00891d93) x27 0x00000000
core   0: 0x8000aa38 (0x40865b93) srai    s7, a2, 8
core   0: 3 0x8000aa38 (0x40865b93) x23 0xffef026a
core   0: 0x8000aa3c (0x01b15133) srl     sp, sp, s11
core   0: 3 0x8000aa3c (0x01b15133) x 2 0x00000001
core   0: 0x8000aa40 (0xab658017) auipc   zero, 0xab658
core   0: 3 0x8000aa40 (0xab658017)
core   0: 0x8000aa44 (0x01428f33) add     t5, t0, s4
core   0: 3 0x8000aa44 (0x01428f33) x30 0x565f18af
core   0: 0x8000aa48 (0x00a86333) or      t1, a6, a0
core   0: 3 0x8000aa48 (0x00a86333) x 6 0x67bdbb90
core   0: 0x8000aa4c (0x00f39e33) sll     t3, t2, a5
core   0: 3 0x8000aa4c (0x00f39e33) x28 0xd4089978
core   0: 0x8000aa50 (0x01f01c13) slli    s8, zero, 31
core   0: 3 0x8000aa50 (0x01f01c13) x24 0x00000000
core   0: 0x8000aa54 (0x80188b93) addi    s7, a7, -2047
core   0: 3 0x8000aa54 (0x80188b93) x23 0xfffff801
core   0: 0x8000aa58 (0x07313093) sltiu   ra, sp, 115
core   0: 3 0x8000aa58 (0x07313093) x 1 0x00000001
core   0: 0x8000aa5c (0x01a0a733) slt     a4, ra, s10
core   0: 3 0x8000aa5c (0x01a0a733) x14 0x00000000
core   0: 0x8000aa60 (0x01c43eb3) sltu    t4, s0, t3
core   0: 3 0x8000aa60 (0x01c43eb3) x29 0x00000000
core   0: 0x8000aa64 (0xce2cbd13) sltiu   s10, s9, -798
core   0: 3 0x8000aa64 (0xce2cbd13) x26 0x00000001
core   0: 0x8000aa68 (0x4614e013) ori     zero, s1, 1121
core   0: 3 0x8000aa68 (0x4614e013)
core   0: 0x8000aa6c (0x87ce93b7) lui     t2, 0x87ce9
core   0: 3 0x8000aa6c (0x87ce93b7) x 7 0x87ce9000
core   0: 0x8000aa70 (0x400cd813) srai    a6, s9, 0
core   0: 3 0x8000aa70 (0x400cd813) x16 0x000001ca
core   0: 0x8000aa74 (0x00144eb3) xor     t4, s0, ra
core   0: 3 0x8000aa74 (0x00144eb3) x29 0xfffffacc
core   0: 0x8000aa78 (0x01ca7933) and     s2, s4, t3
core   0: 3 0x8000aa78 (0x01ca7933) x18 0x80001860
core   0: 0x8000aa7c (0x763be893) ori     a7, s7, 1891
core   0: 3 0x8000aa7c (0x763be893) x17 0xffffff63
core   0: 0x8000aa80 (0x41a9dfb3) sra     t6, s3, s10
core   0: 3 0x8000aa80 (0x41a9dfb3) x31 0x00000000
core   0: 0x8000aa84 (0x92e56197) auipc   gp, 0x92e56
core   0: 3 0x8000aa84 (0x92e56197) x 3 0x12e60a84
core   0: 0x8000aa88 (0x017a6e33) or      t3, s4, s7
core   0: 3 0x8000aa88 (0x017a6e33) x28 0xfffffe65
core   0: 0x8000aa8c (0x01cb2933) slt     s2, s6, t3
core   0: 3 0x8000aa8c (0x01cb2933) x18 0x00000000
core   0: 0x8000aa90 (0x00d758b3) srl     a7, a4, a3
core   0: 3 0x8000aa90 (0x00d758b3) x17 0x00000000
core   0: 0x8000aa94 (0x016a1333) sll     t1, s4, s6
core   0: 3 0x8000aa94 (0x016a1333) x 6 0x80011e64
core   0: 0x8000aa98 (0x01eae933) or      s2, s5, t5
core   0: 3 0x8000aa98 (0x01eae933) x18 0xd65f5cef
core   0: 0x8000aa9c (0x01da1813) slli    a6, s4, 29
core   0: 3 0x8000aa9c (0x01da1813) x16 0x80000000
core   0: 0x8000aaa0 (0x000c9013) slli    zero, s9, 0
core   0: 3 0x8000aaa0 (0x000c9013)
core   0: 0x8000aaa4 (0x00000013) nop
core   0: 3 0x8000aaa4 (0x00000013)
core   0: 0x8000aaa8 (0x92802893) slti    a7, zero, -1752
core   0: 3 0x8000aaa8 (0x92802893) x17 0x00000000
core   0: 0x8000aaac (0x00c75fb3) srl     t6, a4, a2
core   0: 3 0x8000aaac (0x00c75fb3) x31 0x00000000
core   0: 0x8000aab0 (0x0039dc93) srli    s9, s3, 3
core   0: 3 0x8000aab0 (0x0039dc93) x25 0x00000000
core   0: 0x8000aab4 (0xc62fc513) xori    a0, t6, -926
core   0: 3 0x8000aab4 (0xc62fc513) x10 0xfffffc62
core   0: 0x8000aab8 (0x008d7133) and     sp, s10, s0
core   0: 3 0x8000aab8 (0x008d7133) x 2 0x00000001
core   0: 0x8000aabc (0x01829513) slli    a0, t0, 24
core   0: 3 0x8000aabc (0x01829513) x10 0x4b000000
core   0: 0x8000aac0 (0x40988433) sub     s0, a7, s1
core   0: 3 0x8000aac0 (0x40988433) x 8 0x00000000
core   0: 0x8000aac4 (0x002a2233) slt     tp, s4, sp
core   0: 3 0x8000aac4 (0x002a2233) x 4 0x00000001
core   0: 0x8000aac8 (0x4837a593) slti    a1, a5, 1155
core   0: 3 0x8000aac8 (0x4837a593) x11 0x00000001
core   0: 0x8000aacc (0x0110abb3) slt     s7, ra, a7
core   0: 3 0x8000aacc (0x0110abb3) x23 0x00000000
core   0: 0x8000aad0 (0x401cd4b3) sra     s1, s9, ra
core   0: 3 0x8000aad0 (0x401cd4b3) x 9 0x00000000
core   0: 0x8000aad4 (0xf5068213) addi    tp, a3, -176
core   0: 3 0x8000aad4 (0xf5068213) x 4 0x04a49fd0
core   0: 0x8000aad8 (0x00f2dbb3) srl     s7, t0, a5
core   0: 3 0x8000aad8 (0x00f2dbb3) x23 0xd65dfa4b
core   0: 0x8000aadc (0x7c06bc37) lui     s8, 0x7c06b
core   0: 3 0x8000aadc (0x7c06bc37) x24 0x7c06b000
core   0: 0x8000aae0 (0x00c71c33) sll     s8, a4, a2
core   0: 3 0x8000aae0 (0x00c71c33) x24 0x00000000
core   0: 0x8000aae4 (0x012368b3) or      a7, t1, s2
core   0: 3 0x8000aae4 (0x012368b3) x17 0xd65f5eef
core   0: 0x8000aae8 (0x004aa3b3) slt     t2, s5, tp
core   0: 3 0x8000aae8 (0x004aa3b3) x 7 0x00000001
core   0: 0x8000aaec (0x414ad093) srai    ra, s5, 20
core   0: 3 0x8000aaec (0x414ad093) x 1 0xfffff800
core   0: 0x8000aaf0 (0x00491213) slli    tp, s2, 4
core   0: 3 0x8000aaf0 (0x00491213) x 4 0x65f5cef0
core   0: 0x8000aaf4 (0x01501d33) sll     s10, zero, s5
core   0: 3 0x8000aaf4 (0x01501d33) x26 0x00000000
core   0: 0x8000aaf8 (0x00deef33) or      t5, t4, a3
core   0: 3 0x8000aaf8 (0x00deef33) x30 0xfffffacc
core   0: 0x8000aafc (0x776c9c97) auipc   s9, 0x776c9
core   0: 3 0x8000aafc (0x776c9c97) x25 0xf76d3afc
core   0: 0x8000ab00 (0x19fdee93) ori     t4, s11, 415
core   0: 3 0x8000ab00 (0x19fdee93) x29 0x0000019f
core   0: 0x8000ab04 (0x00088833) add     a6, a7, zero
core   0: 3 0x8000ab04 (0x00088833) x16 0xd65f5eef
core   0: 0x8000ab08 (0x00000013) nop
core   0: 3 0x8000ab08 (0x00000013)
core   0: 0x8000ab0c (0x014d02b3) add     t0, s10, s4
core   0: 3 0x8000ab0c (0x014d02b3) x 5 0x80011e64
core   0: 0x8000ab10 (0x01bbd093) srli    ra, s7, 27
core   0: 3 0x8000ab10 (0x01bbd093) x 1 0x0000001a
core   0: 0x8000ab14 (0x01411533) sll     a0, sp, s4
core   0: 3 0x8000ab14 (0x01411533) x10 0x00000010
core   0: 0x8000ab18 (0x413153b3) sra     t2, sp, s3
core   0: 3 0x8000ab18 (0x413153b3) x 7 0x00000000
core   0: 0x8000ab1c (0x01311f33) sll     t5, sp, s3
core   0: 3 0x8000ab1c (0x01311f33) x30 0x00000002
core   0: 0x8000ab20 (0x018b7033) and     zero, s6, s8
core   0: 3 0x8000ab20 (0x018b7033)
core   0: 0x8000ab24 (0x9ef01837) lui     a6, 0x9ef01
core   0: 3 0x8000ab24 (0x9ef01837) x16 0x9ef01000
core   0: 0x8000ab28 (0x00daa2b3) slt     t0, s5, a3
core   0: 3 0x8000ab28 (0x00daa2b3) x 5 0x00000001
core   0: 0x8000ab2c (0x00552033) slt     zero, a0, t0
core   0: 3 0x8000ab2c (0x00552033)
core   0: 0x8000ab30 (0x0112b9b3) sltu    s3, t0, a7
core   0: 3 0x8000ab30 (0x0112b9b3) x19 0x00000001
core   0: 0x8000ab34 (0x00dd20b3) slt     ra, s10, a3
core   0: 3 0x8000ab34 (0x00dd20b3) x 1 0x00000001
core   0: 0x8000ab38 (0x01e31133) sll     sp, t1, t5
core   0: 3 0x8000ab38 (0x01e31133) x 2 0x00047990
core   0: 0x8000ab3c (0x079f2913) slti    s2, t5, 121
core   0: 3 0x8000ab3c (0x079f2913) x18 0x00000001
core   0: 0x8000ab40 (0x005fb1b3) sltu    gp, t6, t0
core   0: 3 0x8000ab40 (0x005fb1b3) x 3 0x00000001
core   0: 0x8000ab44 (0x73bba713) slti    a4, s7, 1851
core   0: 3 0x8000ab44 (0x73bba713) x14 0x00000001
core   0: 0x8000ab48 (0x6ba58d93) addi    s11, a1, 1722
core   0: 3 0x8000ab48 (0x6ba58d93) x27 0x000006bb
core   0: 0x8000ab4c (0x0057d233) srl     tp, a5, t0
core   0: 3 0x8000ab4c (0x0057d233) x 4 0x5e380000
core   0: 0x8000ab50 (0xeb72bfb7) lui     t6, 0xeb72b
core   0: 3 0x8000ab50 (0xeb72bfb7) x31 0xeb72b000
core   0: 0x8000ab54 (0x0013cbb3) xor     s7, t2, ra
core   0: 3 0x8000ab54 (0x0013cbb3) x23 0x00000001
core   0: 0x8000ab58 (0xf50bb937) lui     s2, 0xf50bb
core   0: 3 0x8000ab58 (0xf50bb937) x18 0xf50bb000
core   0: 0x8000ab5c (0x40cc87b3) sub     a5, s9, a2
core   0: 3 0x8000ab5c (0x40cc87b3) x15 0x086ad00e
core   0: 0x8000ab60 (0x01d90e33) add     t3, s2, t4
core   0: 3 0x8000ab60 (0x01d90e33) x28 0xf50bb19f
core   0: 0x8000ab64 (0x414084b3) sub     s1, ra, s4
core   0: 3 0x8000ab64 (0x414084b3) x 9 0x7ffee19d
core   0: 0x8000ab68 (0x00fcdeb3) srl     t4, s9, a5
core   0: 3 0x8000ab68 (0x00fcdeb3) x29 0x0003ddb4
core   0: 0x8000ab6c (0xa4872e93) slti    t4, a4, -1464
core   0: 3 0x8000ab6c (0xa4872e93) x29 0x00000000
core   0: 0x8000ab70 (0x41aa8833) sub     a6, s5, s10
core   0: 3 0x8000ab70 (0x41aa8833) x16 0x80015ce4
core   0: 0x8000ab74 (0x5d773493) sltiu   s1, a4, 1495
core   0: 3 0x8000ab74 (0x5d773493) x 9 0x00000001
core   0: 0x8000ab78 (0x01c218b3) sll     a7, tp, t3
core   0: 3 0x8000ab78 (0x01c218b3) x17 0x00000000
core   0: 0x8000ab7c (0x00610cb3) add     s9, sp, t1
core   0: 3 0x8000ab7c (0x00610cb3) x25 0x800597f4
core   0: 0x8000ab80 (0x01ca3cb3) sltu    s9, s4, t3
core   0: 3 0x8000ab80 (0x01ca3cb3) x25 0x00000001
core   0: 0x8000ab84 (0xd8844113) xori    sp, s0, -632
core   0: 3 0x8000ab84 (0xd8844113) x 2 0xfffffd88
core   0: 0x8000ab88 (0x4004d8b3) sra     a7, s1, zero
core   0: 3 0x8000ab88 (0x4004d8b3) x17 0x00000001
core   0: 0x8000ab8c (0x000cf433) and     s0, s9, zero
core   0: 3 0x8000ab8c (0x000cf433) x 8 0x00000000
core   0: 0x8000ab90 (0x41fd5393) srai    t2, s10, 31
core   0: 3 0x8000ab90 (0x41fd5393) x 7 0x00000000
core   0: 0x8000ab94 (0x1a3404b7) lui     s1, 0x1a340
core   0: 3 0x8000ab94 (0x1a3404b7) x 9 0x1a340000
core   0: 0x8000ab98 (0x0084bc33) sltu    s8, s1, s0
core   0: 3 0x8000ab98 (0x0084bc33) x24 0x00000000
core   0: 0x8000ab9c (0x00e33033) sltu    zero, t1, a4
core   0: 3 0x8000ab9c (0x00e33033)
core   0: 0x8000aba0 (0x3b8db513) sltiu   a0, s11, 952
core   0: 3 0x8000aba0 (0x3b8db513) x10 0x00000000
core   0: 0x8000aba4 (0x010f9313) slli    t1, t6, 16
core   0: 3 0x8000aba4 (0x010f9313) x 6 0xb0000000
core   0: 0x8000aba8 (0x435ae3b7) lui     t2, 0x435ae
core   0: 3 0x8000aba8 (0x435ae3b7) x 7 0x435ae000
core   0: 0x8000abac (0x76018213) addi    tp, gp, 1888
core   0: 3 0x8000abac (0x76018213) x 4 0x00000761
core   0: 0x8000abb0 (0x33d60737) lui     a4, 0x33d60
core   0: 3 0x8000abb0 (0x33d60737) x14 0x33d60000
core   0: 0x8000abb4 (0x8b80ed13) ori     s10, ra, -1864
core   0: 3 0x8000abb4 (0x8b80ed13) x26 0xfffff8b9
core   0: 0x8000abb8 (0x01001413) slli    s0, zero, 16
core   0: 3 0x8000abb8 (0x01001413) x 8 0x00000000
core   0: 0x8000abbc (0x400dac93) slti    s9, s11, 1024
core   0: 3 0x8000abbc (0x400dac93) x25 0x00000000
core   0: 0x8000abc0 (0x0020e833) or      a6, ra, sp
core   0: 3 0x8000abc0 (0x0020e833) x16 0xfffffd89
core   0: 0x8000abc4 (0x9e5f5237) lui     tp, 0x9e5f5
core   0: 3 0x8000abc4 (0x9e5f5237) x 4 0x9e5f5000
core   0: 0x8000abc8 (0x410ed593) srai    a1, t4, 16
core   0: 3 0x8000abc8 (0x410ed593) x11 0x00000000
core   0: 0x8000abcc (0xb5ff2c93) slti    s9, t5, -1185
core   0: 3 0x8000abcc (0xb5ff2c93) x25 0x00000000
core   0: 0x8000abd0 (0x00000013) nop
core   0: 3 0x8000abd0 (0x00000013)
core   0: 0x8000abd4 (0x0028db33) srl     s6, a7, sp
core   0: 3 0x8000abd4 (0x0028db33) x22 0x00000000
core   0: 0x8000abd8 (0xa7000313) li      t1, -1424
core   0: 3 0x8000abd8 (0xa7000313) x 6 0xfffffa70
core   0: 0x8000abdc (0x842d5417) auipc   s0, 0x842d5
core   0: 3 0x8000abdc (0x842d5417) x 8 0x042dfbdc
core   0: 0x8000abe0 (0x0024b533) sltu    a0, s1, sp
core   0: 3 0x8000abe0 (0x0024b533) x10 0x00000001
core   0: 0x8000abe4 (0x68372513) slti    a0, a4, 1667
core   0: 3 0x8000abe4 (0x68372513) x10 0x00000000
core   0: 0x8000abe8 (0x017fd593) srli    a1, t6, 23
core   0: 3 0x8000abe8 (0x017fd593) x11 0x000001d6
core   0: 0x8000abec (0x00b82c33) slt     s8, a6, a1
core   0: 3 0x8000abec (0x00b82c33) x24 0x00000001
core   0: 0x8000abf0 (0x40f2d213) srai    tp, t0, 15
core   0: 3 0x8000abf0 (0x40f2d213) x 4 0x00000000
core   0: 0x8000abf4 (0x6db23193) sltiu   gp, tp, 1755
core   0: 3 0x8000abf4 (0x6db23193) x 3 0x00000001
core   0: 0x8000abf8 (0x00d4c3b3) xor     t2, s1, a3
core   0: 3 0x8000abf8 (0x00d4c3b3) x 7 0x1e90a080
core   0: 0x8000abfc (0x00311013) slli    zero, sp, 3
core   0: 3 0x8000abfc (0x00311013)
core   0: 0x8000ac00 (0x015bf0b3) and     ra, s7, s5
core   0: 3 0x8000ac00 (0x015bf0b3) x 1 0x00000000
core   0: 0x8000ac04 (0x009fa133) slt     sp, t6, s1
core   0: 3 0x8000ac04 (0x009fa133) x 2 0x00000001
core   0: 0x8000ac08 (0x00000013) nop
core   0: 3 0x8000ac08 (0x00000013)
core   0: 0x8000ac0c (0x015f8eb3) add     t4, t6, s5
core   0: 3 0x8000ac0c (0x015f8eb3) x29 0x6b740ce4
core   0: 0x8000ac10 (0x70393b97) auipc   s7, 0x70393
core   0: 3 0x8000ac10 (0x70393b97) x23 0xf039dc10
core   0: 0x8000ac14 (0xfff00d93) li      s11, -1
core   0: 3 0x8000ac14 (0xfff00d93) x27 0xffffffff
core   0: 0x8000ac18 (0xfff00113) li      sp, -1
core   0: 3 0x8000ac18 (0xfff00113) x 2 0xffffffff
core   0: 0x8000ac1c (0x800009b7) lui     s3, 0x80000
core   0: 3 0x8000ac1c (0x800009b7) x19 0x80000000
core   0: 0x8000ac20 (0xfff00f13) li      t5, -1
core   0: 3 0x8000ac20 (0xfff00f13) x30 0xffffffff
core   0: 0x8000ac24 (0xffce95b7) lui     a1, 0xffce9
core   0: 3 0x8000ac24 (0xffce95b7) x11 0xffce9000
core   0: 0x8000ac28 (0xd5c58593) addi    a1, a1, -676
core   0: 3 0x8000ac28 (0xd5c58593) x11 0xffce8d5c
core   0: 0x8000ac2c (0x80000837) lui     a6, 0x80000
core   0: 3 0x8000ac2c (0x80000837) x16 0x80000000
core   0: 0x8000ac30 (0x00000513) li      a0, 0
core   0: 3 0x8000ac30 (0x00000513) x10 0x00000000
core   0: 0x8000ac34 (0xfff00413) li      s0, -1
core   0: 3 0x8000ac34 (0xfff00413) x 8 0xffffffff
core   0: 0x8000ac38 (0x80000cb7) lui     s9, 0x80000
core   0: 3 0x8000ac38 (0x80000cb7) x25 0x80000000
core   0: 0x8000ac3c (0x800000b7) lui     ra, 0x80000
core   0: 3 0x8000ac3c (0x800000b7) x 1 0x80000000
core   0: 0x8000ac40 (0x401f0533) sub     a0, t5, ra
core   0: 3 0x8000ac40 (0x401f0533) x10 0x7fffffff
core   0: 0x8000ac44 (0x8a4f0f13) addi    t5, t5, -1884
core   0: 3 0x8000ac44 (0x8a4f0f13) x30 0xfffff8a3
core   0: 0x8000ac48 (0x4566ef37) lui     t5, 0x4566e
core   0: 3 0x8000ac48 (0x4566ef37) x30 0x4566e000
core   0: 0x8000ac4c (0xa2dc80b7) lui     ra, 0xa2dc8
core   0: 3 0x8000ac4c (0xa2dc80b7) x 1 0xa2dc8000
core   0: 0x8000ac50 (0x01ec89b3) add     s3, s9, t5
core   0: 3 0x8000ac50 (0x01ec89b3) x19 0xc566e000
core   0: 0x8000ac54 (0x52703f17) auipc   t5, 0x52703
core   0: 3 0x8000ac54 (0x52703f17) x30 0xd270dc54
core   0: 0x8000ac58 (0x00000013) nop
core   0: 3 0x8000ac58 (0x00000013)
core   0: 0x8000ac5c (0x2c908593) addi    a1, ra, 713
core   0: 3 0x8000ac5c (0x2c908593) x11 0xa2dc82c9
core   0: 0x8000ac60 (0x9d818097) auipc   ra, 0x9d818
core   0: 3 0x8000ac60 (0x9d818097) x 1 0x1d822c60
core   0: 0x8000ac64 (0xd2018d97) auipc   s11, 0xd2018
core   0: 3 0x8000ac64 (0xd2018d97) x27 0x52022c64
core   0: 0x8000ac68 (0x49458513) addi    a0, a1, 1172
core   0: 3 0x8000ac68 (0x49458513) x10 0xa2dc875d
core   0: 0x8000ac6c (0x408f05b3) sub     a1, t5, s0
core   0: 3 0x8000ac6c (0x408f05b3) x11 0xd270dc55
core   0: 0x8000ac70 (0x00000013) nop
core   0: 3 0x8000ac70 (0x00000013)
core   0: 0x8000ac74 (0x4880e597) auipc   a1, 0x4880e
core   0: 3 0x8000ac74 (0x4880e597) x11 0xc8818c74
core   0: 0x8000ac78 (0x806f0593) addi    a1, t5, -2042
core   0: 3 0x8000ac78 (0x806f0593) x11 0xd270d45a
core   0: 0x8000ac7c (0x20337097) auipc   ra, 0x20337
core   0: 3 0x8000ac7c (0x20337097) x 1 0xa0341c7c
core   0: 0x8000ac80 (0x40c5df13) srai    t5, a1, 12
core   0: 3 0x8000ac80 (0x40c5df13) x30 0xfffd270d
core   0: 0x8000ac84 (0xd0f57213) andi    tp, a0, -753
core   0: 3 0x8000ac84 (0xd0f57213) x 4 0xa2dc850d
core   0: 0x8000ac88 (0x01fed3b3) srl     t2, t4, t6
core   0: 3 0x8000ac88 (0x01fed3b3) x 7 0x6b740ce4
core   0: 0x8000ac8c (0x32cfbb93) sltiu   s7, t6, 812
core   0: 3 0x8000ac8c (0x32cfbb93) x23 0x00000000
core   0: 0x8000ac90 (0x006072b3) and     t0, zero, t1
core   0: 3 0x8000ac90 (0x006072b3) x 5 0x00000000
core   0: 0x8000ac94 (0x8167a993) slti    s3, a5, -2026
core   0: 3 0x8000ac94 (0x8167a993) x19 0x00000000
core   0: 0x8000ac98 (0x01e2ed33) or      s10, t0, t5
core   0: 3 0x8000ac98 (0x01e2ed33) x26 0xfffd270d
core   0: 0x8000ac9c (0xd5e57893) andi    a7, a0, -674
core   0: 3 0x8000ac9c (0xd5e57893) x17 0xa2dc855c
core   0: 0x8000aca0 (0xc4c2e597) auipc   a1, 0xc4c2e
core   0: 3 0x8000aca0 (0xc4c2e597) x11 0x44c38ca0
core   0: 0x8000aca4 (0x29044013) xori    zero, s0, 656
core   0: 3 0x8000aca4 (0x29044013)
core   0: 0x8000aca8 (0x40630533) sub     a0, t1, t1
core   0: 3 0x8000aca8 (0x40630533) x10 0x00000000
core   0: 0x8000acac (0x41d85413) srai    s0, a6, 29
core   0: 3 0x8000acac (0x41d85413) x 8 0xfffffffc
core   0: 0x8000acb0 (0x011dd033) srl     zero, s11, a7
core   0: 3 0x8000acb0 (0x011dd033)
core   0: 0x8000acb4 (0x00c385b3) add     a1, t2, a2
core   0: 3 0x8000acb4 (0x00c385b3) x11 0x5a7677d2
core   0: 0x8000acb8 (0x53b38b13) addi    s6, t2, 1339
core   0: 3 0x8000acb8 (0x53b38b13) x22 0x6b74121f
core   0: 0x8000acbc (0x00cf1113) slli    sp, t5, 12
core   0: 3 0x8000acbc (0x00cf1113) x 2 0xd270d000
core   0: 0x8000acc0 (0x40ea5933) sra     s2, s4, a4
core   0: 3 0x8000acc0 (0x40ea5933) x18 0x80011e64
core   0: 0x8000acc4 (0x00e6e4b3) or      s1, a3, a4
core   0: 3 0x8000acc4 (0x00e6e4b3) x 9 0x37f6a080
core   0: 0x8000acc8 (0x00fe5233) srl     tp, t3, a5
core   0: 3 0x8000acc8 (0x00fe5233) x 4 0x0003d42e
core   0: 0x8000accc (0x015e2833) slt     a6, t3, s5
core   0: 3 0x8000accc (0x015e2833) x16 0x00000000
core   0: 0x8000acd0 (0x00ce1fb3) sll     t6, t3, a2
core   0: 3 0x8000acd0 (0x00ce1fb3) x31 0xec67c000
core   0: 0x8000acd4 (0x01ef9793) slli    a5, t6, 30
core   0: 3 0x8000acd4 (0x01ef9793) x15 0x00000000
core   0: 0x8000acd8 (0x018a94b3) sll     s1, s5, s8
core   0: 3 0x8000acd8 (0x018a94b3) x 9 0x0002b9c8
core   0: 0x8000acdc (0x0065e233) or      tp, a1, t1
core   0: 3 0x8000acdc (0x0065e233) x 4 0xfffffff2
core   0: 0x8000ace0 (0x019515b3) sll     a1, a0, s9
core   0: 3 0x8000ace0 (0x019515b3) x11 0x00000000
core   0: 0x8000ace4 (0xd1fa2e13) slti    t3, s4, -737
core   0: 3 0x8000ace4 (0xd1fa2e13) x28 0x00000001
core   0: 0x8000ace8 (0x407184b3) sub     s1, gp, t2
core   0: 3 0x8000ace8 (0x407184b3) x 9 0x948bf31d
core   0: 0x8000acec (0x015f8033) add     zero, t6, s5
core   0: 3 0x8000acec (0x015f8033)
core   0: 0x8000acf0 (0x00000013) nop
core   0: 3 0x8000acf0 (0x00000013)
core   0: 0x8000acf4 (0x01766db3) or      s11, a2, s7
core   0: 3 0x8000acf4 (0x01766db3) x27 0xef026aee
core   0: 0x8000acf8 (0x010a5713) srli    a4, s4, 16
core   0: 3 0x8000acf8 (0x010a5713) x14 0x00008001
core   0: 0x8000acfc (0x003f31b3) sltu    gp, t5, gp
core   0: 3 0x8000acfc (0x003f31b3) x 3 0x00000000
core   0: 0x8000ad00 (0x638f6293) ori     t0, t5, 1592
core   0: 3 0x8000ad00 (0x638f6293) x 5 0xfffd273d
core   0: 0x8000ad04 (0xc3419d97) auipc   s11, 0xc3419
core   0: 3 0x8000ad04 (0xc3419d97) x27 0x43423d04
core   0: 0x8000ad08 (0x01175d33) srl     s10, a4, a7
core   0: 3 0x8000ad08 (0x01175d33) x26 0x00000000
core   0: 0x8000ad0c (0xf2b66f17) auipc   t5, 0xf2b66
core   0: 3 0x8000ad0c (0xf2b66f17) x30 0x72b70d0c
core   0: 0x8000ad10 (0x4158d3b3) sra     t2, a7, s5
core   0: 3 0x8000ad10 (0x4158d3b3) x 7 0xfa2dc855
core   0: 0x8000ad14 (0x00503fb3) snez    t6, t0
core   0: 3 0x8000ad14 (0x00503fb3) x31 0x00000001
core   0: 0x8000ad18 (0x1555ed93) ori     s11, a1, 341
core   0: 3 0x8000ad18 (0x1555ed93) x27 0x00000155
core   0: 0x8000ad1c (0x82f3ec93) ori     s9, t2, -2001
core   0: 3 0x8000ad1c (0x82f3ec93) x25 0xfffff87f
core   0: 0x8000ad20 (0x9b388993) addi    s3, a7, -1613
core   0: 3 0x8000ad20 (0x9b388993) x19 0xa2dc7f0f
core   0: 0x8000ad24 (0x4b690e13) addi    t3, s2, 1206
core   0: 3 0x8000ad24 (0x4b690e13) x28 0x8001231a
core   0: 0x8000ad28 (0x63b0c713) xori    a4, ra, 1595
core   0: 3 0x8000ad28 (0x63b0c713) x14 0xa0341a47
core   0: 0x8000ad2c (0x74e42293) slti    t0, s0, 1870
core   0: 3 0x8000ad2c (0x74e42293) x 5 0x00000001
core   0: 0x8000ad30 (0x00e8d1b3) srl     gp, a7, a4
core   0: 3 0x8000ad30 (0x00e8d1b3) x 3 0x0145b90a
core   0: 0x8000ad34 (0xbfadfe93) andi    t4, s11, -1030
core   0: 3 0x8000ad34 (0xbfadfe93) x29 0x00000150
core   0: 0x8000ad38 (0x40e15db3) sra     s11, sp, a4
core   0: 3 0x8000ad38 (0x40e15db3) x27 0xffa4e1a0
core   0: 0x8000ad3c (0x00d03eb3) snez    t4, a3
core   0: 3 0x8000ad3c (0x00d03eb3) x29 0x00000001
core   0: 0x8000ad40 (0x00000013) nop
core   0: 3 0x8000ad40 (0x00000013)
core   0: 0x8000ad44 (0xeb216693) ori     a3, sp, -334
core   0: 3 0x8000ad44 (0xeb216693) x13 0xfffffeb2
core   0: 0x8000ad48 (0x000df833) and     a6, s11, zero
core   0: 3 0x8000ad48 (0x000df833) x16 0x00000000
core   0: 0x8000ad4c (0x010a9513) slli    a0, s5, 16
core   0: 3 0x8000ad4c (0x010a9513) x10 0x5ce40000
core   0: 0x8000ad50 (0x0046a0b3) slt     ra, a3, tp
core   0: 3 0x8000ad50 (0x0046a0b3) x 1 0x00000001
core   0: 0x8000ad54 (0x014adbb3) srl     s7, s5, s4
core   0: 3 0x8000ad54 (0x014adbb3) x23 0x080015ce
core   0: 0x8000ad58 (0x41d404b3) sub     s1, s0, t4
core   0: 3 0x8000ad58 (0x41d404b3) x 9 0xfffffffb
core   0: 0x8000ad5c (0x01e205b3) add     a1, tp, t5
core   0: 3 0x8000ad5c (0x01e205b3) x11 0x72b70cfe
core   0: 0x8000ad60 (0x67764113) xori    sp, a2, 1655
core   0: 3 0x8000ad60 (0x67764113) x 2 0xef026c99
core   0: 0x8000ad64 (0x01c9d0b3) srl     ra, s3, t3
core   0: 3 0x8000ad64 (0x01c9d0b3) x 1 0x00000028
core   0: 0x8000ad68 (0x0064d593) srli    a1, s1, 6
core   0: 3 0x8000ad68 (0x0064d593) x11 0x03ffffff
core   0: 0x8000ad6c (0x0125e733) or      a4, a1, s2
core   0: 3 0x8000ad6c (0x0125e733) x14 0x83ffffff
core   0: 0x8000ad70 (0x01f76f33) or      t5, a4, t6
core   0: 3 0x8000ad70 (0x01f76f33) x30 0x83ffffff
core   0: 0x8000ad74 (0x01a81d13) slli    s10, a6, 26
core   0: 3 0x8000ad74 (0x01a81d13) x26 0x00000000
core   0: 0x8000ad78 (0x40ed0c33) sub     s8, s10, a4
core   0: 3 0x8000ad78 (0x40ed0c33) x24 0x7c000001
core   0: 0x8000ad7c (0x10723d93) sltiu   s11, tp, 263
core   0: 3 0x8000ad7c (0x10723d93) x27 0x00000000
core   0: 0x8000ad80 (0x4053d213) srai    tp, t2, 5
core   0: 3 0x8000ad80 (0x4053d213) x 4 0xffd16e42
core   0: 0x8000ad84 (0x4a47e937) lui     s2, 0x4a47e
core   0: 3 0x8000ad84 (0x4a47e937) x18 0x4a47e000
core   0: 0x8000ad88 (0x01208433) add     s0, ra, s2
core   0: 3 0x8000ad88 (0x01208433) x 8 0x4a47e028
core   0: 0x8000ad8c (0x0163dc93) srli    s9, t2, 22
core   0: 3 0x8000ad8c (0x0163dc93) x25 0x000003e8
core   0: 0x8000ad90 (0xc0068f93) addi    t6, a3, -1024
core   0: 3 0x8000ad90 (0xc0068f93) x31 0xfffffab2
core   0: 0x8000ad94 (0x00574833) xor     a6, a4, t0
core   0: 3 0x8000ad94 (0x00574833) x16 0x83fffffe
core   0: 0x8000ad98 (0xab17fc93) andi    s9, a5, -1359
core   0: 3 0x8000ad98 (0xab17fc93) x25 0x00000000
core   0: 0x8000ad9c (0xb876c713) xori    a4, a3, -1145
core   0: 3 0x8000ad9c (0xb876c713) x14 0x00000535
core   0: 0x8000ada0 (0x010e01b3) add     gp, t3, a6
core   0: 3 0x8000ada0 (0x010e01b3) x 3 0x04012318
core   0: 0x8000ada4 (0x01dc5b13) srli    s6, s8, 29
core   0: 3 0x8000ada4 (0x01dc5b13) x22 0x00000003
core   0: 0x8000ada8 (0x7da9e797) auipc   a5, 0x7da9e
core   0: 3 0x8000ada8 (0x7da9e797) x15 0xfdaa8da8
core   0: 0x8000adac (0x005845b3) xor     a1, a6, t0
core   0: 3 0x8000adac (0x005845b3) x11 0x83ffffff
core   0: 0x8000adb0 (0x016214b3) sll     s1, tp, s6
core   0: 3 0x8000adb0 (0x016214b3) x 9 0xfe8b7210
core   0: 0x8000adb4 (0x00b472b3) and     t0, s0, a1
core   0: 3 0x8000adb4 (0x00b472b3) x 5 0x0247e028
core   0: 0x8000adb8 (0xe7ba7c13) andi    s8, s4, -389
core   0: 3 0x8000adb8 (0xe7ba7c13) x24 0x80011e60
core   0: 0x8000adbc (0x00771e33) sll     t3, a4, t2
core   0: 3 0x8000adbc (0x00771e33) x28 0xa6a00000
core   0: 0x8000adc0 (0xa3c093b7) lui     t2, 0xa3c09
core   0: 3 0x8000adc0 (0xa3c093b7) x 7 0xa3c09000
core   0: 0x8000adc4 (0x41abdd93) srai    s11, s7, 26
core   0: 3 0x8000adc4 (0x41abdd93) x27 0x00000002
core   0: 0x8000adc8 (0x71b1b893) sltiu   a7, gp, 1819
core   0: 3 0x8000adc8 (0x71b1b893) x17 0x00000000
core   0: 0x8000adcc (0xfff00d13) li      s10, -1
core   0: 3 0x8000adcc (0xfff00d13) x26 0xffffffff
core   0: 0x8000add0 (0xfff00c13) li      s8, -1
core   0: 3 0x8000add0 (0xfff00c13) x24 0xffffffff
core   0: 0x8000add4 (0x5d9029b7) lui     s3, 0x5d902
core   0: 3 0x8000add4 (0x5d9029b7) x19 0x5d902000
core   0: 0x8000add8 (0x0bc98993) addi    s3, s3, 188
core   0: 3 0x8000add8 (0x0bc98993) x19 0x5d9020bc
core   0: 0x8000addc (0x00000e93) li      t4, 0
core   0: 3 0x8000addc (0x00000e93) x29 0x00000000
core   0: 0x8000ade0 (0xfff00113) li      sp, -1
core   0: 3 0x8000ade0 (0xfff00113) x 2 0xffffffff
core   0: 0x8000ade4 (0x860130b7) lui     ra, 0x86013
core   0: 3 0x8000ade4 (0x860130b7) x 1 0x86013000
core   0: 0x8000ade8 (0x36d08093) addi    ra, ra, 877
core   0: 3 0x8000ade8 (0x36d08093) x 1 0x8601336d
core   0: 0x8000adec (0xfff00693) li      a3, -1
core   0: 3 0x8000adec (0xfff00693) x13 0xffffffff
core   0: 0x8000adf0 (0x00000393) li      t2, 0
core   0: 3 0x8000adf0 (0x00000393) x 7 0x00000000
core   0: 0x8000adf4 (0xfff00c93) li      s9, -1
core   0: 3 0x8000adf4 (0xfff00c93) x25 0xffffffff
core   0: 0x8000adf8 (0x80000837) lui     a6, 0x80000
core   0: 3 0x8000adf8 (0x80000837) x16 0x80000000
core   0: 0x8000adfc (0x65546d17) auipc   s10, 0x65546
core   0: 3 0x8000adfc (0x65546d17) x26 0xe5550dfc
core   0: 0x8000ae00 (0x40d100b3) sub     ra, sp, a3
core   0: 3 0x8000ae00 (0x40d100b3) x 1 0x00000000
core   0: 0x8000ae04 (0x3caf8c37) lui     s8, 0x3caf8
core   0: 3 0x8000ae04 (0x3caf8c37) x24 0x3caf8000
core   0: 0x8000ae08 (0x413d0133) sub     sp, s10, s3
core   0: 3 0x8000ae08 (0x413d0133) x 2 0x87c4ed40
core   0: 0x8000ae0c (0x407989b3) sub     s3, s3, t2
core   0: 3 0x8000ae0c (0x407989b3) x19 0x5d9020bc
core   0: 0x8000ae10 (0x73e3f0b7) lui     ra, 0x73e3f
core   0: 3 0x8000ae10 (0x73e3f0b7) x 1 0x73e3f000
core   0: 0x8000ae14 (0x2d47a697) auipc   a3, 0x2d47a
core   0: 3 0x8000ae14 (0x2d47a697) x13 0xad484e14
core   0: 0x8000ae18 (0x8ee4d117) auipc   sp, 0x8ee4d
core   0: 3 0x8000ae18 (0x8ee4d117) x 2 0x0ee57e18
core   0: 0x8000ae1c (0x2a9b23b7) lui     t2, 0x2a9b2
core   0: 3 0x8000ae1c (0x2a9b23b7) x 7 0x2a9b2000
core   0: 0x8000ae20 (0xdb20b137) lui     sp, 0xdb20b
core   0: 3 0x8000ae20 (0xdb20b137) x 2 0xdb20b000
core   0: 0x8000ae24 (0x00108133) add     sp, ra, ra
core   0: 3 0x8000ae24 (0x00108133) x 2 0xe7c7e000
core   0: 0x8000ae28 (0x3935fc97) auipc   s9, 0x3935f
core   0: 3 0x8000ae28 (0x3935fc97) x25 0xb9369e28
core   0: 0x8000ae2c (0x01080133) add     sp, a6, a6
core   0: 3 0x8000ae2c (0x01080133) x 2 0x00000000
core   0: 0x8000ae30 (0xe5f67eb7) lui     t4, 0xe5f67
core   0: 3 0x8000ae30 (0xe5f67eb7) x29 0xe5f67000
core   0: 0x8000ae34 (0xc164d117) auipc   sp, 0xc164d
core   0: 3 0x8000ae34 (0xc164d117) x 2 0x41657e34
core   0: 0x8000ae38 (0x010e86b3) add     a3, t4, a6
core   0: 3 0x8000ae38 (0x010e86b3) x13 0x65f67000
core   0: 0x8000ae3c (0x51f98813) addi    a6, s3, 1311
core   0: 3 0x8000ae3c (0x51f98813) x16 0x5d9025db
core   0: 0x8000ae40 (0x3d24f693) andi    a3, s1, 978
core   0: 3 0x8000ae40 (0x3d24f693) x13 0x00000210
core   0: 0x8000ae44 (0x004179b3) and     s3, sp, tp
core   0: 3 0x8000ae44 (0x004179b3) x19 0x41416e00
core   0: 0x8000ae48 (0x01983833) sltu    a6, a6, s9
core   0: 3 0x8000ae48 (0x01983833) x16 0x00000001
core   0: 0x8000ae4c (0x67435db7) lui     s11, 0x67435
core   0: 3 0x8000ae4c (0x67435db7) x27 0x67435000
core   0: 0x8000ae50 (0x00000013) nop
core   0: 3 0x8000ae50 (0x00000013)
core   0: 0x8000ae54 (0x00c9d513) srli    a0, s3, 12
core   0: 3 0x8000ae54 (0x00c9d513) x10 0x00041416
core   0: 0x8000ae58 (0x015db2b3) sltu    t0, s11, s5
core   0: 3 0x8000ae58 (0x015db2b3) x 5 0x00000001
core   0: 0x8000ae5c (0x402103b3) sub     t2, sp, sp
core   0: 3 0x8000ae5c (0x402103b3) x 7 0x00000000
core   0: 0x8000ae60 (0x4152d6b3) sra     a3, t0, s5
core   0: 3 0x8000ae60 (0x4152d6b3) x13 0x00000000
core   0: 0x8000ae64 (0x406a5f33) sra     t5, s4, t1
core   0: 3 0x8000ae64 (0x406a5f33) x30 0xffff8001
core   0: 0x8000ae68 (0x407dde33) sra     t3, s11, t2
core   0: 3 0x8000ae68 (0x407dde33) x28 0x67435000
core   0: 0x8000ae6c (0x00c3fb33) and     s6, t2, a2
core   0: 3 0x8000ae6c (0x00c3fb33) x22 0x00000000
core   0: 0x8000ae70 (0xa780a393) slti    t2, ra, -1416
core   0: 3 0x8000ae70 (0xa780a393) x 7 0x00000000
core   0: 0x8000ae74 (0x3d933393) sltiu   t2, t1, 985
core   0: 3 0x8000ae74 (0x3d933393) x 7 0x00000000
core   0: 0x8000ae78 (0x01feb8b3) sltu    a7, t4, t6
core   0: 3 0x8000ae78 (0x01feb8b3) x17 0x00000001
core   0: 0x8000ae7c (0xe934a493) slti    s1, s1, -365
core   0: 3 0x8000ae7c (0xe934a493) x 9 0x00000001
core   0: 0x8000ae80 (0x8a06b393) sltiu   t2, a3, -1888
core   0: 3 0x8000ae80 (0x8a06b393) x 7 0x00000001
core   0: 0x8000ae84 (0x3e9a2913) slti    s2, s4, 1001
core   0: 3 0x8000ae84 (0x3e9a2913) x18 0x00000001
core   0: 0x8000ae88 (0x41b08c33) sub     s8, ra, s11
core   0: 3 0x8000ae88 (0x41b08c33) x24 0x0ca0a000
core   0: 0x8000ae8c (0x00cf5833) srl     a6, t5, a2
core   0: 3 0x8000ae8c (0x00cf5833) x16 0x0003fffe
core   0: 0x8000ae90 (0x013aa9b3) slt     s3, s5, s3
core   0: 3 0x8000ae90 (0x013aa9b3) x19 0x00000001
core   0: 0x8000ae94 (0x00abbb33) sltu    s6, s7, a0
core   0: 3 0x8000ae94 (0x00abbb33) x22 0x00000000
core   0: 0x8000ae98 (0x401b5833) sra     a6, s6, ra
core   0: 3 0x8000ae98 (0x401b5833) x16 0x00000000
core   0: 0x8000ae9c (0x01057fb3) and     t6, a0, a6
core   0: 3 0x8000ae9c (0x01057fb3) x31 0x00000000
core   0: 0x8000aea0 (0x00c06733) or      a4, zero, a2
core   0: 3 0x8000aea0 (0x00c06733) x14 0xef026aee
core   0: 0x8000aea4 (0x00000013) nop
core   0: 3 0x8000aea4 (0x00000013)
core   0: 0x8000aea8 (0x00125e33) srl     t3, tp, ra
core   0: 3 0x8000aea8 (0x00125e33) x28 0xffd16e42
core   0: 0x8000aeac (0x00c957b3) srl     a5, s2, a2
core   0: 3 0x8000aeac (0x00c957b3) x15 0x00000000
core   0: 0x8000aeb0 (0x2faf8713) addi    a4, t6, 762
core   0: 3 0x8000aeb0 (0x2faf8713) x14 0x000002fa
core   0: 0x8000aeb4 (0x41970d33) sub     s10, a4, s9
core   0: 3 0x8000aeb4 (0x41970d33) x26 0x46c964d2
core   0: 0x8000aeb8 (0xf2298b13) addi    s6, s3, -222
core   0: 3 0x8000aeb8 (0xf2298b13) x22 0xffffff23
core   0: 0x8000aebc (0x3d427213) andi    tp, tp, 980
core   0: 3 0x8000aebc (0x3d427213) x 4 0x00000240
core   0: 0x8000aec0 (0xb8fd4d93) xori    s11, s10, -1137
core   0: 3 0x8000aec0 (0xb8fd4d93) x27 0xb9369f5d
core   0: 0x8000aec4 (0x01fd98b3) sll     a7, s11, t6
core   0: 3 0x8000aec4 (0x01fd98b3) x17 0xb9369f5d
core   0: 0x8000aec8 (0x01da9813) slli    a6, s5, 29
core   0: 3 0x8000aec8 (0x01da9813) x16 0x80000000
core   0: 0x8000aecc (0x801bc713) xori    a4, s7, -2047
core   0: 3 0x8000aecc (0x801bc713) x14 0xf7ffedcf
core   0: 0x8000aed0 (0x0062b233) sltu    tp, t0, t1
core   0: 3 0x8000aed0 (0x0062b233) x 4 0x00000001
core   0: 0x8000aed4 (0x0176db13) srli    s6, a3, 23
core   0: 3 0x8000aed4 (0x0176db13) x22 0x00000000
core   0: 0x8000aed8 (0x5e81a393) slti    t2, gp, 1512
core   0: 3 0x8000aed8 (0x5e81a393) x 7 0x00000000
core   0: 0x8000aedc (0x41b90fb3) sub     t6, s2, s11
core   0: 3 0x8000aedc (0x41b90fb3) x31 0x46c960a4
core   0: 0x8000aee0 (0x00769eb3) sll     t4, a3, t2
core   0: 3 0x8000aee0 (0x00769eb3) x29 0x00000000
core   0: 0x8000aee4 (0xf3615c17) auipc   s8, 0xf3615
core   0: 3 0x8000aee4 (0xf3615c17) x24 0x7361fee4
core   0: 0x8000aee8 (0x41f58e33) sub     t3, a1, t6
core   0: 3 0x8000aee8 (0x41f58e33) x28 0x3d369f5b
core   0: 0x8000aeec (0x209c0413) addi    s0, s8, 521
core   0: 3 0x8000aeec (0x209c0413) x 8 0x736200ed
core   0: 0x8000aef0 (0x019c8133) add     sp, s9, s9
core   0: 3 0x8000aef0 (0x019c8133) x 2 0x726d3c50
core   0: 0x8000aef4 (0x7b682493) slti    s1, a6, 1974
core   0: 3 0x8000aef4 (0x7b682493) x 9 0x00000001
core   0: 0x8000aef8 (0x9f492e13) slti    t3, s2, -1548
core   0: 3 0x8000aef8 (0x9f492e13) x28 0x00000000
core   0: 0x8000aefc (0x50967513) andi    a0, a2, 1289
core   0: 3 0x8000aefc (0x50967513) x10 0x00000008
core   0: 0x8000af00 (0x001d33b3) sltu    t2, s10, ra
core   0: 3 0x8000af00 (0x001d33b3) x 7 0x00000001
core   0: 0x8000af04 (0x412e5693) srai    a3, t3, 18
core   0: 3 0x8000af04 (0x412e5693) x13 0x00000000
core   0: 0x8000af08 (0x013fbc33) sltu    s8, t6, s3
core   0: 3 0x8000af08 (0x013fbc33) x24 0x00000000
core   0: 0x8000af0c (0x410e52b3) sra     t0, t3, a6
core   0: 3 0x8000af0c (0x410e52b3) x 5 0x00000000
core   0: 0x8000af10 (0x00af4233) xor     tp, t5, a0
core   0: 3 0x8000af10 (0x00af4233) x 4 0xffff8009
core   0: 0x8000af14 (0x015de533) or      a0, s11, s5
core   0: 3 0x8000af14 (0x015de533) x10 0xb937dffd
core   0: 0x8000af18 (0x3ef9b313) sltiu   t1, s3, 1007
core   0: 3 0x8000af18 (0x3ef9b313) x 6 0x00000001
core   0: 0x8000af1c (0xf75f3b13) sltiu   s6, t5, -139
core   0: 3 0x8000af1c (0xf75f3b13) x22 0x00000001
core   0: 0x8000af20 (0x016be6b3) or      a3, s7, s6
core   0: 3 0x8000af20 (0x016be6b3) x13 0x080015cf
core   0: 0x8000af24 (0x008d1d93) slli    s11, s10, 8
core   0: 3 0x8000af24 (0x008d1d93) x27 0xc964d200
core   0: 0x8000af28 (0x01b49493) slli    s1, s1, 27
core   0: 3 0x8000af28 (0x01b49493) x 9 0x08000000
core   0: 0x8000af2c (0x41bc8233) sub     tp, s9, s11
core   0: 3 0x8000af2c (0x41bc8233) x 4 0xefd1cc28
core   0: 0x8000af30 (0x90e4f593) andi    a1, s1, -1778
core   0: 3 0x8000af30 (0x90e4f593) x11 0x08000000
core   0: 0x8000af34 (0xcbe77113) andi    sp, a4, -834
core   0: 3 0x8000af34 (0xcbe77113) x 2 0xf7ffec8e
core   0: 0x8000af38 (0x282f2f13) slti    t5, t5, 642
core   0: 3 0x8000af38 (0x282f2f13) x30 0x00000001
core   0: 0x8000af3c (0x063da813) slti    a6, s11, 99
core   0: 3 0x8000af3c (0x063da813) x16 0x00000001
core   0: 0x8000af40 (0x01f368b3) or      a7, t1, t6
core   0: 3 0x8000af40 (0x01f368b3) x17 0x46c960a5
core   0: 0x8000af44 (0x0073d733) srl     a4, t2, t2
core   0: 3 0x8000af44 (0x0073d733) x14 0x00000000
core   0: 0x8000af48 (0x509e6513) ori     a0, t3, 1289
core   0: 3 0x8000af48 (0x509e6513) x10 0x00000509
core   0: 0x8000af4c (0x9e10f793) andi    a5, ra, -1567
core   0: 3 0x8000af4c (0x9e10f793) x15 0x73e3f000
core   0: 0x8000af50 (0x5a4466b7) lui     a3, 0x5a446
core   0: 3 0x8000af50 (0x5a4466b7) x13 0x5a446000
core   0: 0x8000af54 (0x01d5d513) srli    a0, a1, 29
core   0: 3 0x8000af54 (0x01d5d513) x10 0x00000000
core   0: 0x8000af58 (0x918b2493) slti    s1, s6, -1768
core   0: 3 0x8000af58 (0x918b2493) x 9 0x00000000
core   0: 0x8000af5c (0x00000013) nop
core   0: 3 0x8000af5c (0x00000013)
core   0: 0x8000af60 (0x4084d833) sra     a6, s1, s0
core   0: 3 0x8000af60 (0x4084d833) x16 0x00000000
core   0: 0x8000af64 (0xace8a013) slti    zero, a7, -1330
core   0: 3 0x8000af64 (0xace8a013)
core   0: 0x8000af68 (0x015f8333) add     t1, t6, s5
core   0: 3 0x8000af68 (0x015f8333) x 6 0xc6cabd88
core   0: 0x8000af6c (0xecfd7693) andi    a3, s10, -305
core   0: 3 0x8000af6c (0xecfd7693) x13 0x46c964c2
core   0: 0x8000af70 (0x001c82b3) add     t0, s9, ra
core   0: 3 0x8000af70 (0x001c82b3) x 5 0x2d1a8e28
core   0: 0x8000af74 (0x01c9cd33) xor     s10, s3, t3
core   0: 3 0x8000af74 (0x01c9cd33) x26 0x00000001
core   0: 0x8000af78 (0x00000013) nop
core   0: 3 0x8000af78 (0x00000013)
core   0: 0x8000af7c (0x00630733) add     a4, t1, t1
core   0: 3 0x8000af7c (0x00630733) x14 0x8d957b10
core   0: 0x8000af80 (0x0048ceb3) xor     t4, a7, tp
core   0: 3 0x8000af80 (0x0048ceb3) x29 0xa918ac8d
core   0: 0x8000af84 (0x01d1ef33) or      t5, gp, t4
core   0: 3 0x8000af84 (0x01d1ef33) x30 0xad19af9d
core   0: 0x8000af88 (0xb2e4f897) auipc   a7, 0xb2e4f
core   0: 3 0x8000af88 (0xb2e4f897) x17 0x32e59f88
core   0: 0x8000af8c (0x00a79db3) sll     s11, a5, a0
core   0: 3 0x8000af8c (0x00a79db3) x27 0x73e3f000
core   0: 0x8000af90 (0x01120593) addi    a1, tp, 17
core   0: 3 0x8000af90 (0x01120593) x11 0xefd1cc39
core   0: 0x8000af94 (0xa9a06713) ori     a4, zero, -1382
core   0: 3 0x8000af94 (0xa9a06713) x14 0xfffffa9a
core   0: 0x8000af98 (0x00fd61b3) or      gp, s10, a5
core   0: 3 0x8000af98 (0x00fd61b3) x 3 0x73e3f001
core   0: 0x8000af9c (0x0092d7b3) srl     a5, t0, s1
core   0: 3 0x8000af9c (0x0092d7b3) x15 0x2d1a8e28
core   0: 0x8000afa0 (0x000fd0b3) srl     ra, t6, zero
core   0: 3 0x8000afa0 (0x000fd0b3) x 1 0x46c960a4
core   0: 0x8000afa4 (0x0083d093) srli    ra, t2, 8
core   0: 3 0x8000afa4 (0x0083d093) x 1 0x00000000
core   0: 0x8000afa8 (0x013493b3) sll     t2, s1, s3
core   0: 3 0x8000afa8 (0x013493b3) x 7 0x00000000
core   0: 0x8000afac (0x017d5713) srli    a4, s10, 23
core   0: 3 0x8000afac (0x017d5713) x14 0x00000000
core   0: 0x8000afb0 (0xd771af93) slti    t6, gp, -649
core   0: 3 0x8000afb0 (0xd771af93) x31 0x00000000
core   0: 0x8000afb4 (0x0082b833) sltu    a6, t0, s0
core   0: 3 0x8000afb4 (0x0082b833) x16 0x00000001
core   0: 0x8000afb8 (0x00d4f433) and     s0, s1, a3
core   0: 3 0x8000afb8 (0x00d4f433) x 8 0x00000000
core   0: 0x8000afbc (0x5edc8417) auipc   s0, 0x5edc8
core   0: 3 0x8000afbc (0x5edc8417) x 8 0xdedd2fbc
core   0: 0x8000afc0 (0x400f0133) sub     sp, t5, zero
core   0: 3 0x8000afc0 (0x400f0133) x 2 0xad19af9d
core   0: 0x8000afc4 (0x009c5e33) srl     t3, s8, s1
core   0: 3 0x8000afc4 (0x009c5e33) x28 0x00000000
core   0: 0x8000afc8 (0x01f95cb3) srl     s9, s2, t6
core   0: 3 0x8000afc8 (0x01f95cb3) x25 0x00000001
core   0: 0x8000afcc (0x7c9e4f93) xori    t6, t3, 1993
core   0: 3 0x8000afcc (0x7c9e4f93) x31 0x000007c9
core   0: 0x8000afd0 (0x01748233) add     tp, s1, s7
core   0: 3 0x8000afd0 (0x01748233) x 4 0x080015ce
core   0: 0x8000afd4 (0x0051e933) or      s2, gp, t0
core   0: 3 0x8000afd4 (0x0051e933) x18 0x7ffbfe29
core   0: 0x8000afd8 (0x001468b3) or      a7, s0, ra
core   0: 3 0x8000afd8 (0x001468b3) x17 0xdedd2fbc
core   0: 0x8000afdc (0xd8983c13) sltiu   s8, a6, -631
core   0: 3 0x8000afdc (0xd8983c13) x24 0x00000001
core   0: 0x8000afe0 (0x00909eb3) sll     t4, ra, s1
core   0: 3 0x8000afe0 (0x00909eb3) x29 0x00000000
core   0: 0x8000afe4 (0x015a1913) slli    s2, s4, 21
core   0: 3 0x8000afe4 (0x015a1913) x18 0xcc800000
core   0: 0x8000afe8 (0xcaaba693) slti    a3, s7, -854
core   0: 3 0x8000afe8 (0xcaaba693) x13 0x00000000
core   0: 0x8000afec (0x00dab433) sltu    s0, s5, a3
core   0: 3 0x8000afec (0x00dab433) x 8 0x00000000
core   0: 0x8000aff0 (0x78460393) addi    t2, a2, 1924
core   0: 3 0x8000aff0 (0x78460393) x 7 0xef027272
core   0: 0x8000aff4 (0x00854233) xor     tp, a0, s0
core   0: 3 0x8000aff4 (0x00854233) x 4 0x00000000
core   0: 0x8000aff8 (0x018d6f33) or      t5, s10, s8
core   0: 3 0x8000aff8 (0x018d6f33) x30 0x00000001
core   0: 0x8000affc (0x3616bb13) sltiu   s6, a3, 865
core   0: 3 0x8000affc (0x3616bb13) x22 0x00000001
core   0: 0x8000b000 (0x473c6113) ori     sp, s8, 1139
core   0: 3 0x8000b000 (0x473c6113) x 2 0x00000473
core   0: 0x8000b004 (0x41985513) srai    a0, a6, 25
core   0: 3 0x8000b004 (0x41985513) x10 0x00000000
core   0: 0x8000b008 (0x0032beb3) sltu    t4, t0, gp
core   0: 3 0x8000b008 (0x0032beb3) x29 0x00000001
core   0: 0x8000b00c (0x00a520b3) slt     ra, a0, a0
core   0: 3 0x8000b00c (0x00a520b3) x 1 0x00000000
core   0: 0x8000b010 (0x00672133) slt     sp, a4, t1
core   0: 3 0x8000b010 (0x00672133) x 2 0x00000000
core   0: 0x8000b014 (0xbc0bc393) xori    t2, s7, -1088
core   0: 3 0x8000b014 (0xbc0bc393) x 7 0xf7ffee0e
core   0: 0x8000b018 (0x011b5d33) srl     s10, s6, a7
core   0: 3 0x8000b018 (0x011b5d33) x26 0x00000000
core   0: 0x8000b01c (0x00e2d933) srl     s2, t0, a4
core   0: 3 0x8000b01c (0x00e2d933) x18 0x2d1a8e28
core   0: 0x8000b020 (0x285ad2b7) lui     t0, 0x285ad
core   0: 3 0x8000b020 (0x285ad2b7) x 5 0x285ad000
core   0: 0x8000b024 (0x4131d033) sra     zero, gp, s3
core   0: 3 0x8000b024 (0x4131d033)
core   0: 0x8000b028 (0x00000013) nop
core   0: 3 0x8000b028 (0x00000013)
core   0: 0x8000b02c (0x79abf793) andi    a5, s7, 1946
core   0: 3 0x8000b02c (0x79abf793) x15 0x0000058a
core   0: 0x8000b030 (0x016670b3) and     ra, a2, s6
core   0: 3 0x8000b030 (0x016670b3) x 1 0x00000000
core   0: 0x8000b034 (0x8aae0913) addi    s2, t3, -1878
core   0: 3 0x8000b034 (0x8aae0913) x18 0xfffff8aa
core   0: 0x8000b038 (0x5e0bac13) slti    s8, s7, 1504
core   0: 3 0x8000b038 (0x5e0bac13) x24 0x00000000
core   0: 0x8000b03c (0x0fd410b7) lui     ra, 0xfd41
core   0: 3 0x8000b03c (0x0fd410b7) x 1 0x0fd41000
core   0: 0x8000b040 (0x0080d033) srl     zero, ra, s0
core   0: 3 0x8000b040 (0x0080d033)
core   0: 0x8000b044 (0x01565c33) srl     s8, a2, s5
core   0: 3 0x8000b044 (0x01565c33) x24 0x0ef026ae
core   0: 0x8000b048 (0x06807d93) andi    s11, zero, 104
core   0: 3 0x8000b048 (0x06807d93) x27 0x00000000
core   0: 0x8000b04c (0xede9a393) slti    t2, s3, -290
core   0: 3 0x8000b04c (0xede9a393) x 7 0x00000000
core   0: 0x8000b050 (0xabef2713) slti    a4, t5, -1346
core   0: 3 0x8000b050 (0xabef2713) x14 0x00000000
core   0: 0x8000b054 (0x01a235b3) sltu    a1, tp, s10
core   0: 3 0x8000b054 (0x01a235b3) x11 0x00000000
core   0: 0x8000b058 (0x00e29093) slli    ra, t0, 14
core   0: 3 0x8000b058 (0x00e29093) x 1 0xb4000000
core   0: 0x8000b05c (0x0033f433) and     s0, t2, gp
core   0: 3 0x8000b05c (0x0033f433) x 8 0x00000000
core   0: 0x8000b060 (0x409fdbb3) sra     s7, t6, s1
core   0: 3 0x8000b060 (0x409fdbb3) x23 0x000007c9
core   0: 0x8000b064 (0x00000013) nop
core   0: 3 0x8000b064 (0x00000013)
core   0: 0x8000b068 (0x00f590b3) sll     ra, a1, a5
core   0: 3 0x8000b068 (0x00f590b3) x 1 0x00000000
core   0: 0x8000b06c (0x00ea7fb3) and     t6, s4, a4
core   0: 3 0x8000b06c (0x00ea7fb3) x31 0x00000000
core   0: 0x8000b070 (0x006eacb3) slt     s9, t4, t1
core   0: 3 0x8000b070 (0x006eacb3) x25 0x00000000
core   0: 0x8000b074 (0x6659a313) slti    t1, s3, 1637
core   0: 3 0x8000b074 (0x6659a313) x 6 0x00000001
core   0: 0x8000b078 (0x3a850f17) auipc   t5, 0x3a850
core   0: 3 0x8000b078 (0x3a850f17) x30 0xba85b078
core   0: 0x8000b07c (0x0080deb3) srl     t4, ra, s0
core   0: 3 0x8000b07c (0x0080deb3) x29 0x00000000
core   0: 0x8000b080 (0xcd7afc13) andi    s8, s5, -809
core   0: 3 0x8000b080 (0xcd7afc13) x24 0x80015cc4
core   0: 0x8000b084 (0x00000013) nop
core   0: 3 0x8000b084 (0x00000013)
core   0: 0x8000b088 (0x002dc0b3) xor     ra, s11, sp
core   0: 3 0x8000b088 (0x002dc0b3) x 1 0x00000000
core   0: 0x8000b08c (0x418bd313) srai    t1, s7, 24
core   0: 3 0x8000b08c (0x418bd313) x 6 0x00000000
core   0: 0x8000b090 (0x0079e933) or      s2, s3, t2
core   0: 3 0x8000b090 (0x0079e933) x18 0x00000001
core   0: 0x8000b094 (0x00f4fe33) and     t3, s1, a5
core   0: 3 0x8000b094 (0x00f4fe33) x28 0x00000000
core   0: 0x8000b098 (0x0181db13) srli    s6, gp, 24
core   0: 3 0x8000b098 (0x0181db13) x22 0x00000073
core   0: 0x8000b09c (0x41ebd013) srai    zero, s7, 30
core   0: 3 0x8000b09c (0x41ebd013)
core   0: 0x8000b0a0 (0x01a9b833) sltu    a6, s3, s10
core   0: 3 0x8000b0a0 (0x01a9b833) x16 0x00000000
core   0: 0x8000b0a4 (0x0149ebb3) or      s7, s3, s4
core   0: 3 0x8000b0a4 (0x0149ebb3) x23 0x80011e65
core   0: 0x8000b0a8 (0x01407cb3) and     s9, zero, s4
core   0: 3 0x8000b0a8 (0x01407cb3) x25 0x00000000
core   0: 0x8000b0ac (0x00cfd213) srli    tp, t6, 12
core   0: 3 0x8000b0ac (0x00cfd213) x 4 0x00000000
core   0: 0x8000b0b0 (0x40348bb3) sub     s7, s1, gp
core   0: 3 0x8000b0b0 (0x40348bb3) x23 0x8c1c0fff
core   0: 0x8000b0b4 (0x8baa8213) addi    tp, s5, -1862
core   0: 3 0x8000b0b4 (0x8baa8213) x 4 0x8001559e
core   0: 0x8000b0b8 (0xb9d54993) xori    s3, a0, -1123
core   0: 3 0x8000b0b8 (0xb9d54993) x19 0xfffffb9d
core   0: 0x8000b0bc (0x788cbdb7) lui     s11, 0x788cb
core   0: 3 0x8000b0bc (0x788cbdb7) x27 0x788cb000
core   0: 0x8000b0c0 (0x372dec93) ori     s9, s11, 882
core   0: 3 0x8000b0c0 (0x372dec93) x25 0x788cb372
core   0: 0x8000b0c4 (0xf9df6db7) lui     s11, 0xf9df6
core   0: 3 0x8000b0c4 (0xf9df6db7) x27 0xf9df6000
core   0: 0x8000b0c8 (0x414bd733) sra     a4, s7, s4
core   0: 3 0x8000b0c8 (0x414bd733) x14 0xf8c1c0ff
core   0: 0x8000b0cc (0x404b8933) sub     s2, s7, tp
core   0: 3 0x8000b0cc (0x404b8933) x18 0x0c1aba61
core   0: 0x8000b0d0 (0x00d501b3) add     gp, a0, a3
core   0: 3 0x8000b0d0 (0x00d501b3) x 3 0x00000000
core   0: 0x8000b0d4 (0x016fff33) and     t5, t6, s6
core   0: 3 0x8000b0d4 (0x016fff33) x30 0x00000000
core   0: 0x8000b0d8 (0x00000013) nop
core   0: 3 0x8000b0d8 (0x00000013)
core   0: 0x8000b0dc (0x01edb233) sltu    tp, s11, t5
core   0: 3 0x8000b0dc (0x01edb233) x 4 0x00000000
core   0: 0x8000b0e0 (0xc8af4693) xori    a3, t5, -886
core   0: 3 0x8000b0e0 (0xc8af4693) x13 0xfffffc8a
core   0: 0x8000b0e4 (0xedb68193) addi    gp, a3, -293
core   0: 3 0x8000b0e4 (0xedb68193) x 3 0xfffffb65
core   0: 0x8000b0e8 (0x3ab83013) sltiu   zero, a6, 939
core   0: 3 0x8000b0e8 (0x3ab83013)
core   0: 0x8000b0ec (0x003a48b3) xor     a7, s4, gp
core   0: 3 0x8000b0ec (0x003a48b3) x17 0x7ffee501
core   0: 0x8000b0f0 (0x0003eeb3) or      t4, t2, zero
core   0: 3 0x8000b0f0 (0x0003eeb3) x29 0x00000000
core   0: 0x8000b0f4 (0x0034e1b3) or      gp, s1, gp
core   0: 3 0x8000b0f4 (0x0034e1b3) x 3 0xfffffb65
core   0: 0x8000b0f8 (0xb8f3a2b7) lui     t0, 0xb8f3a
core   0: 3 0x8000b0f8 (0xb8f3a2b7) x 5 0xb8f3a000
core   0: 0x8000b0fc (0x00a97bb3) and     s7, s2, a0
core   0: 3 0x8000b0fc (0x00a97bb3) x23 0x00000000
core   0: 0x8000b100 (0x00af6db3) or      s11, t5, a0
core   0: 3 0x8000b100 (0x00af6db3) x27 0x00000000
core   0: 0x8000b104 (0x011dd3b3) srl     t2, s11, a7
core   0: 3 0x8000b104 (0x011dd3b3) x 7 0x00000000
core   0: 0x8000b108 (0x7f387b93) andi    s7, a6, 2035
core   0: 3 0x8000b108 (0x7f387b93) x23 0x00000000
core   0: 0x8000b10c (0xd52b2213) slti    tp, s6, -686
core   0: 3 0x8000b10c (0xd52b2213) x 4 0x00000000
core   0: 0x8000b110 (0x00f3fdb3) and     s11, t2, a5
core   0: 3 0x8000b110 (0x00f3fdb3) x27 0x00000000
core   0: 0x8000b114 (0x01a76f33) or      t5, a4, s10
core   0: 3 0x8000b114 (0x01a76f33) x30 0xf8c1c0ff
core   0: 0x8000b118 (0x00cab433) sltu    s0, s5, a2
core   0: 3 0x8000b118 (0x00cab433) x 8 0x00000001
core   0: 0x8000b11c (0x00e59593) slli    a1, a1, 14
core   0: 3 0x8000b11c (0x00e59593) x11 0x00000000
core   0: 0x8000b120 (0x008ba6b3) slt     a3, s7, s0
core   0: 3 0x8000b120 (0x008ba6b3) x13 0x00000001
core   0: 0x8000b124 (0x016bd393) srli    t2, s7, 22
core   0: 3 0x8000b124 (0x016bd393) x 7 0x00000000
core   0: 0x8000b128 (0x525d4993) xori    s3, s10, 1317
core   0: 3 0x8000b128 (0x525d4993) x19 0x00000525
core   0: 0x8000b12c (0x0040dc93) srli    s9, ra, 4
core   0: 3 0x8000b12c (0x0040dc93) x25 0x00000000
core   0: 0x8000b130 (0x0155c833) xor     a6, a1, s5
core   0: 3 0x8000b130 (0x0155c833) x16 0x80015ce4
core   0: 0x8000b134 (0x417357b3) sra     a5, t1, s7
core   0: 3 0x8000b134 (0x417357b3) x15 0x00000000
core   0: 0x8000b138 (0x26daa893) slti    a7, s5, 621
core   0: 3 0x8000b138 (0x26daa893) x17 0x00000001
core   0: 0x8000b13c (0x40945c13) srai    s8, s0, 9
core   0: 3 0x8000b13c (0x40945c13) x24 0x00000000
core   0: 0x8000b140 (0x15bce493) ori     s1, s9, 347
core   0: 3 0x8000b140 (0x15bce493) x 9 0x0000015b
core   0: 0x8000b144 (0x4bc70693) addi    a3, a4, 1212
core   0: 3 0x8000b144 (0x4bc70693) x13 0xf8c1c5bb
core   0: 0x8000b148 (0xde714f13) xori    t5, sp, -537
core   0: 3 0x8000b148 (0xde714f13) x30 0xfffffde7
core   0: 0x8000b14c (0x403fd213) srai    tp, t6, 3
core   0: 3 0x8000b14c (0x403fd213) x 4 0x00000000
core   0: 0x8000b150 (0x33bb7113) andi    sp, s6, 827
core   0: 3 0x8000b150 (0x33bb7113) x 2 0x00000033
core   0: 0x8000b154 (0x00b109b3) add     s3, sp, a1
core   0: 3 0x8000b154 (0x00b109b3) x19 0x00000033
core   0: 0x8000b158 (0x0138afb3) slt     t6, a7, s3
core   0: 3 0x8000b158 (0x0138afb3) x31 0x00000001
core   0: 0x8000b15c (0x4053d4b3) sra     s1, t2, t0
core   0: 3 0x8000b15c (0x4053d4b3) x 9 0x00000000
core   0: 0x8000b160 (0xed0c3b13) sltiu   s6, s8, -304
core   0: 3 0x8000b160 (0xed0c3b13) x22 0x00000001
core   0: 0x8000b164 (0x4044d693) srai    a3, s1, 4
core   0: 3 0x8000b164 (0x4044d693) x13 0x00000000
core   0: 0x8000b168 (0x007e18b3) sll     a7, t3, t2
core   0: 3 0x8000b168 (0x007e18b3) x17 0x00000000
core   0: 0x8000b16c (0x01b15533) srl     a0, sp, s11
core   0: 3 0x8000b16c (0x01b15533) x10 0x00000033
core   0: 0x8000b170 (0x014e8833) add     a6, t4, s4
core   0: 3 0x8000b170 (0x014e8833) x16 0x80011e64
core   0: 0x8000b174 (0x004fe133) or      sp, t6, tp
core   0: 3 0x8000b174 (0x004fe133) x 2 0x00000001
core   0: 0x8000b178 (0x52126393) ori     t2, tp, 1313
core   0: 3 0x8000b178 (0x52126393) x 7 0x00000521
core   0: 0x8000b17c (0x44d08e17) auipc   t3, 0x44d08
core   0: 3 0x8000b17c (0x44d08e17) x28 0xc4d1317c
core   0: 0x8000b180 (0xcb7aa497) auipc   s1, 0xcb7aa
core   0: 3 0x8000b180 (0xcb7aa497) x 9 0x4b7b5180
core   0: 0x8000b184 (0xcac70093) addi    ra, a4, -852
core   0: 3 0x8000b184 (0xcac70093) x 1 0xf8c1bdab
core   0: 0x8000b188 (0x27f70013) addi    zero, a4, 639
core   0: 3 0x8000b188 (0x27f70013)
core   0: 0x8000b18c (0x43f37813) andi    a6, t1, 1087
core   0: 3 0x8000b18c (0x43f37813) x16 0x00000000
core   0: 0x8000b190 (0x412a0e33) sub     t3, s4, s2
core   0: 3 0x8000b190 (0x412a0e33) x28 0x73e66403
core   0: 0x8000b194 (0xf9c83f93) sltiu   t6, a6, -100
core   0: 3 0x8000b194 (0xf9c83f93) x31 0x00000001
core   0: 0x8000b198 (0x00135f93) srli    t6, t1, 1
core   0: 3 0x8000b198 (0x00135f93) x31 0x00000000
core   0: 0x8000b19c (0x0133ef33) or      t5, t2, s3
core   0: 3 0x8000b19c (0x0133ef33) x30 0x00000533
core   0: 0x8000b1a0 (0xb45b6413) ori     s0, s6, -1211
core   0: 3 0x8000b1a0 (0xb45b6413) x 8 0xfffffb45
core   0: 0x8000b1a4 (0x01d15bb3) srl     s7, sp, t4
core   0: 3 0x8000b1a4 (0x01d15bb3) x23 0x00000001
core   0: 0x8000b1a8 (0x40755533) sra     a0, a0, t2
core   0: 3 0x8000b1a8 (0x40755533) x10 0x00000019
core   0: 0x8000b1ac (0x00f40fb3) add     t6, s0, a5
core   0: 3 0x8000b1ac (0x00f40fb3) x31 0xfffffb45
core   0: 0x8000b1b0 (0x9a4883b7) lui     t2, 0x9a488
core   0: 3 0x8000b1b0 (0x9a4883b7) x 7 0x9a488000
core   0: 0x8000b1b4 (0xf6bfa493) slti    s1, t6, -149
core   0: 3 0x8000b1b4 (0xf6bfa493) x 9 0x00000001
core   0: 0x8000b1b8 (0x4a958e13) addi    t3, a1, 1193
core   0: 3 0x8000b1b8 (0x4a958e13) x28 0x000004a9
core   0: 0x8000b1bc (0x78252013) slti    zero, a0, 1922
core   0: 3 0x8000b1bc (0x78252013)
core   0: 0x8000b1c0 (0x01010db3) add     s11, sp, a6
core   0: 3 0x8000b1c0 (0x01010db3) x27 0x00000001
core   0: 0x8000b1c4 (0x1106d397) auipc   t2, 0x1106d
core   0: 3 0x8000b1c4 (0x1106d397) x 7 0x910781c4
core   0: 0x8000b1c8 (0x00000013) nop
core   0: 3 0x8000b1c8 (0x00000013)
core   0: 0x8000b1cc (0x59c4bd13) sltiu   s10, s1, 1436
core   0: 3 0x8000b1cc (0x59c4bd13) x26 0x00000001
core   0: 0x8000b1d0 (0x34c88b17) auipc   s6, 0x34c88
core   0: 3 0x8000b1d0 (0x34c88b17) x22 0xb4c931d0
core   0: 0x8000b1d4 (0x4122dbb3) sra     s7, t0, s2
core   0: 3 0x8000b1d4 (0x4122dbb3) x23 0xdc79d000
core   0: 0x8000b1d8 (0x01cc8eb3) add     t4, s9, t3
core   0: 3 0x8000b1d8 (0x01cc8eb3) x29 0x000004a9
core   0: 0x8000b1dc (0x01d7d993) srli    s3, a5, 29
core   0: 3 0x8000b1dc (0x01d7d993) x19 0x00000000
core   0: 0x8000b1e0 (0x01a1f8b3) and     a7, gp, s10
core   0: 3 0x8000b1e0 (0x01a1f8b3) x17 0x00000001
core   0: 0x8000b1e4 (0xc403f813) andi    a6, t2, -960
core   0: 3 0x8000b1e4 (0xc403f813) x16 0x91078040
core   0: 0x8000b1e8 (0x404bd413) srai    s0, s7, 4
core   0: 3 0x8000b1e8 (0x404bd413) x 8 0xfdc79d00
core   0: 0x8000b1ec (0x91fe3c93) sltiu   s9, t3, -1761
core   0: 3 0x8000b1ec (0x91fe3c93) x25 0x00000001
core   0: 0x8000b1f0 (0x00000013) nop
core   0: 3 0x8000b1f0 (0x00000013)
core   0: 0x8000b1f4 (0xb73da593) slti    a1, s11, -1165
core   0: 3 0x8000b1f4 (0xb73da593) x11 0x00000000
core   0: 0x8000b1f8 (0x418283b3) sub     t2, t0, s8
core   0: 3 0x8000b1f8 (0x418283b3) x 7 0xb8f3a000
core   0: 0x8000b1fc (0x005678b3) and     a7, a2, t0
core   0: 3 0x8000b1fc (0x005678b3) x17 0xa8022000
core   0: 0x8000b200 (0xa5842713) slti    a4, s0, -1448
core   0: 3 0x8000b200 (0xa5842713) x14 0x00000001
core   0: 0x8000b204 (0x4022d313) srai    t1, t0, 2
core   0: 3 0x8000b204 (0x4022d313) x 6 0xee3ce800
core   0: 0x8000b208 (0x0169eeb3) or      t4, s3, s6
core   0: 3 0x8000b208 (0x0169eeb3) x29 0xb4c931d0
core   0: 0x8000b20c (0x00627db3) and     s11, tp, t1
core   0: 3 0x8000b20c (0x00627db3) x27 0x00000000
core   0: 0x8000b210 (0x3b647e13) andi    t3, s0, 950
core   0: 3 0x8000b210 (0x3b647e13) x28 0x00000100
core   0: 0x8000b214 (0x0091bcb3) sltu    s9, gp, s1
core   0: 3 0x8000b214 (0x0091bcb3) x25 0x00000000
core   0: 0x8000b218 (0x01f29293) slli    t0, t0, 31
core   0: 3 0x8000b218 (0x01f29293) x 5 0x00000000
core   0: 0x8000b21c (0x0134b433) sltu    s0, s1, s3
core   0: 3 0x8000b21c (0x0134b433) x 8 0x00000000
core   0: 0x8000b220 (0x00239233) sll     tp, t2, sp
core   0: 3 0x8000b220 (0x00239233) x 4 0x71e74000
core   0: 0x8000b224 (0x404d0cb3) sub     s9, s10, tp
core   0: 3 0x8000b224 (0x404d0cb3) x25 0x8e18c001
core   0: 0x8000b228 (0x40d6d013) srai    zero, a3, 13
core   0: 3 0x8000b228 (0x40d6d013)
core   0: 0x8000b22c (0x007d5f13) srli    t5, s10, 7
core   0: 3 0x8000b22c (0x007d5f13) x30 0x00000000
core   0: 0x8000b230 (0x40525893) srai    a7, tp, 5
core   0: 3 0x8000b230 (0x40525893) x17 0x038f3a00
core   0: 0x8000b234 (0x00f4fb33) and     s6, s1, a5
core   0: 3 0x8000b234 (0x00f4fb33) x22 0x00000000
core   0: 0x8000b238 (0x404dd533) sra     a0, s11, tp
core   0: 3 0x8000b238 (0x404dd533) x10 0x00000000
core   0: 0x8000b23c (0x1d663813) sltiu   a6, a2, 470
core   0: 3 0x8000b23c (0x1d663813) x16 0x00000000
core   0: 0x8000b240 (0x00bc8933) add     s2, s9, a1
core   0: 3 0x8000b240 (0x00bc8933) x18 0x8e18c001
core   0: 0x8000b244 (0x01261513) slli    a0, a2, 18
core   0: 3 0x8000b244 (0x01261513) x10 0xabb80000
core   0: 0x8000b248 (0x007085b3) add     a1, ra, t2
core   0: 3 0x8000b248 (0x007085b3) x11 0xb1b55dab
core   0: 0x8000b24c (0xbbd9c013) xori    zero, s3, -1091
core   0: 3 0x8000b24c (0xbbd9c013)
core   0: 0x8000b250 (0x00c73cb3) sltu    s9, a4, a2
core   0: 3 0x8000b250 (0x00c73cb3) x25 0x00000001
core   0: 0x8000b254 (0x16af2513) slti    a0, t5, 362
core   0: 3 0x8000b254 (0x16af2513) x10 0x00000001
core   0: 0x8000b258 (0xb006a393) slti    t2, a3, -1280
core   0: 3 0x8000b258 (0xb006a393) x 7 0x00000000
core   0: 0x8000b25c (0x00596833) or      a6, s2, t0
core   0: 3 0x8000b25c (0x00596833) x16 0x8e18c001
core   0: 0x8000b260 (0x1459c493) xori    s1, s3, 325
core   0: 3 0x8000b260 (0x1459c493) x 9 0x00000145
core   0: 0x8000b264 (0x9588c597) auipc   a1, 0x9588c
core   0: 3 0x8000b264 (0x9588c597) x11 0x15897264
core   0: 0x8000b268 (0x01e2efb3) or      t6, t0, t5
core   0: 3 0x8000b268 (0x01e2efb3) x31 0x00000000
core   0: 0x8000b26c (0x000d09b3) add     s3, s10, zero
core   0: 3 0x8000b26c (0x000d09b3) x19 0x00000001
core   0: 0x8000b270 (0xe8b2c813) xori    a6, t0, -373
core   0: 3 0x8000b270 (0xe8b2c813) x16 0xfffffe8b
core   0: 0x8000b274 (0xbf6b6f93) ori     t6, s6, -1034
core   0: 3 0x8000b274 (0xbf6b6f93) x31 0xfffffbf6
core   0: 0x8000b278 (0x013cd233) srl     tp, s9, s3
core   0: 3 0x8000b278 (0x013cd233) x 4 0x00000000
core   0: 0x8000b27c (0x6ee14913) xori    s2, sp, 1774
core   0: 3 0x8000b27c (0x6ee14913) x18 0x000006ef
core   0: 0x8000b280 (0x400ed093) srai    ra, t4, 0
core   0: 3 0x8000b280 (0x400ed093) x 1 0xb4c931d0
core   0: 0x8000b284 (0xcc30c297) auipc   t0, 0xcc30c
core   0: 3 0x8000b284 (0xcc30c297) x 5 0x4c317284
core   0: 0x8000b288 (0x01731113) slli    sp, t1, 23
core   0: 3 0x8000b288 (0x01731113) x 2 0x00000000
core   0: 0x8000b28c (0x00e91293) slli    t0, s2, 14
core   0: 3 0x8000b28c (0x00e91293) x 5 0x01bbc000
core   0: 0x8000b290 (0x01c77033) and     zero, a4, t3
core   0: 3 0x8000b290 (0x01c77033)
core   0: 0x8000b294 (0x00d32033) slt     zero, t1, a3
core   0: 3 0x8000b294 (0x00d32033)
core   0: 0x8000b298 (0x412c5c33) sra     s8, s8, s2
core   0: 3 0x8000b298 (0x412c5c33) x24 0x00000000
core   0: 0x8000b29c (0x01129813) slli    a6, t0, 17
core   0: 3 0x8000b29c (0x01129813) x16 0x80000000
core   0: 0x8000b2a0 (0x40138d33) sub     s10, t2, ra
core   0: 3 0x8000b2a0 (0x40138d33) x26 0x4b36ce30
core   0: 0x8000b2a4 (0x00544233) xor     tp, s0, t0
core   0: 3 0x8000b2a4 (0x00544233) x 4 0x01bbc000
core   0: 0x8000b2a8 (0x8a1b7837) lui     a6, 0x8a1b7
core   0: 3 0x8000b2a8 (0x8a1b7837) x16 0x8a1b7000
core   0: 0x8000b2ac (0xa42b3c13) sltiu   s8, s6, -1470
core   0: 3 0x8000b2ac (0xa42b3c13) x24 0x00000001
core   0: 0x8000b2b0 (0x00c92733) slt     a4, s2, a2
core   0: 3 0x8000b2b0 (0x00c92733) x14 0x00000000
core   0: 0x8000b2b4 (0x41355eb3) sra     t4, a0, s3
core   0: 3 0x8000b2b4 (0x41355eb3) x29 0x00000000
core   0: 0x8000b2b8 (0x00000013) nop
core   0: 3 0x8000b2b8 (0x00000013)
core   0: 0x8000b2bc (0x0127a8b3) slt     a7, a5, s2
core   0: 3 0x8000b2bc (0x0127a8b3) x17 0x00000001
core   0: 0x8000b2c0 (0x86281537) lui     a0, 0x86281
core   0: 3 0x8000b2c0 (0x86281537) x10 0x86281000
core   0: 0x8000b2c4 (0x41d85493) srai    s1, a6, 29
core   0: 3 0x8000b2c4 (0x41d85493) x 9 0xfffffffc
core   0: 0x8000b2c8 (0x01641693) slli    a3, s0, 22
core   0: 3 0x8000b2c8 (0x01641693) x13 0x00000000
core   0: 0x8000b2cc (0x06e12297) auipc   t0, 0x6e12
core   0: 3 0x8000b2cc (0x06e12297) x 5 0x86e1d2cc
core   0: 0x8000b2d0 (0x17c20113) addi    sp, tp, 380
core   0: 3 0x8000b2d0 (0x17c20113) x 2 0x01bbc17c
core   0: 0x8000b2d4 (0xaba8a213) slti    tp, a7, -1350
core   0: 3 0x8000b2d4 (0xaba8a213) x 4 0x00000000
core   0: 0x8000b2d8 (0x00000013) nop
core   0: 3 0x8000b2d8 (0x00000013)
core   0: 0x8000b2dc (0x998340b7) lui     ra, 0x99834
core   0: 3 0x8000b2dc (0x998340b7) x 1 0x99834000
core   0: 0x8000b2e0 (0x001d9933) sll     s2, s11, ra
core   0: 3 0x8000b2e0 (0x001d9933) x18 0x00000000
core   0: 0x8000b2e4 (0x00000617) auipc   a2, 0x0
core   0: 3 0x8000b2e4 (0x00000617) x12 0x8000b2e4
core   0: 0x8000b2e8 (0x00c60613) addi    a2, a2, 12
core   0: 3 0x8000b2e8 (0x00c60613) x12 0x8000b2f0
core   0: 0x8000b2ec (0x00060067) jr      a2
core   0: 3 0x8000b2ec (0x00060067)
core   0: 0x8000b2f0 (0x00100193) li      gp, 1
core   0: 3 0x8000b2f0 (0x00100193) x 3 0x00000001
core   0: 0x8000b2f4 (0x00000073) ecall
core   0: exception trap_machine_ecall, epc 0x8000b2f4
core   0: >>>>  mtvec_handler
core   0: 0x8000bd20 (0x0400006f) j       pc + 0x40
core   0: 3 0x8000bd20 (0x0400006f)
core   0: 0x8000bd60 (0xffca8a93) addi    s5, s5, -4
core   0: 3 0x8000bd60 (0xffca8a93) x21 0x80015ce0
core   0: 0x8000bd64 (0x014aa023) sw      s4, 0(s5)
core   0: 3 0x8000bd64 (0x014aa023) mem 0x80015ce0 0x80011e64
core   0: 0x8000bd68 (0x000a8a33) add     s4, s5, zero
core   0: 3 0x8000bd68 (0x000a8a33) x20 0x80015ce0
core   0: 0x8000bd6c (0xf80a0a13) addi    s4, s4, -128
core   0: 3 0x8000bd6c (0xf80a0a13) x20 0x80015c60
core   0: 0x8000bd70 (0x001a2223) sw      ra, 4(s4)
core   0: 3 0x8000bd70 (0x001a2223) mem 0x80015c64 0x99834000
core   0: 0x8000bd74 (0x002a2423) sw      sp, 8(s4)
core   0: 3 0x8000bd74 (0x002a2423) mem 0x80015c68 0x01bbc17c
core   0: 0x8000bd78 (0x003a2623) sw      gp, 12(s4)
core   0: 3 0x8000bd78 (0x003a2623) mem 0x80015c6c 0x00000001
core   0: 0x8000bd7c (0x004a2823) sw      tp, 16(s4)
core   0: 3 0x8000bd7c (0x004a2823) mem 0x80015c70 0x00000000
core   0: 0x8000bd80 (0x005a2a23) sw      t0, 20(s4)
core   0: 3 0x8000bd80 (0x005a2a23) mem 0x80015c74 0x86e1d2cc
core   0: 0x8000bd84 (0x006a2c23) sw      t1, 24(s4)
core   0: 3 0x8000bd84 (0x006a2c23) mem 0x80015c78 0xee3ce800
core   0: 0x8000bd88 (0x007a2e23) sw      t2, 28(s4)
core   0: 3 0x8000bd88 (0x007a2e23) mem 0x80015c7c 0x00000000
core   0: 0x8000bd8c (0x028a2023) sw      s0, 32(s4)
core   0: 3 0x8000bd8c (0x028a2023) mem 0x80015c80 0x00000000
core   0: 0x8000bd90 (0x029a2223) sw      s1, 36(s4)
core   0: 3 0x8000bd90 (0x029a2223) mem 0x80015c84 0xfffffffc
core   0: 0x8000bd94 (0x02aa2423) sw      a0, 40(s4)
core   0: 3 0x8000bd94 (0x02aa2423) mem 0x80015c88 0x86281000
core   0: 0x8000bd98 (0x02ba2623) sw      a1, 44(s4)
core   0: 3 0x8000bd98 (0x02ba2623) mem 0x80015c8c 0x15897264
core   0: 0x8000bd9c (0x02ca2823) sw      a2, 48(s4)
core   0: 3 0x8000bd9c (0x02ca2823) mem 0x80015c90 0x8000b2f0
core   0: 0x8000bda0 (0x02da2a23) sw      a3, 52(s4)
core   0: 3 0x8000bda0 (0x02da2a23) mem 0x80015c94 0x00000000
core   0: 0x8000bda4 (0x02ea2c23) sw      a4, 56(s4)
core   0: 3 0x8000bda4 (0x02ea2c23) mem 0x80015c98 0x00000000
core   0: 0x8000bda8 (0x02fa2e23) sw      a5, 60(s4)
core   0: 3 0x8000bda8 (0x02fa2e23) mem 0x80015c9c 0x00000000
core   0: 0x8000bdac (0x050a2023) sw      a6, 64(s4)
core   0: 3 0x8000bdac (0x050a2023) mem 0x80015ca0 0x8a1b7000
core   0: 0x8000bdb0 (0x051a2223) sw      a7, 68(s4)
core   0: 3 0x8000bdb0 (0x051a2223) mem 0x80015ca4 0x00000001
core   0: 0x8000bdb4 (0x052a2423) sw      s2, 72(s4)
core   0: 3 0x8000bdb4 (0x052a2423) mem 0x80015ca8 0x00000000
core   0: 0x8000bdb8 (0x053a2623) sw      s3, 76(s4)
core   0: 3 0x8000bdb8 (0x053a2623) mem 0x80015cac 0x00000001
core   0: 0x8000bdbc (0x054a2823) sw      s4, 80(s4)
core   0: 3 0x8000bdbc (0x054a2823) mem 0x80015cb0 0x80015c60
core   0: 0x8000bdc0 (0x055a2a23) sw      s5, 84(s4)
core   0: 3 0x8000bdc0 (0x055a2a23) mem 0x80015cb4 0x80015ce0
core   0: 0x8000bdc4 (0x056a2c23) sw      s6, 88(s4)
core   0: 3 0x8000bdc4 (0x056a2c23) mem 0x80015cb8 0x00000000
core   0: 0x8000bdc8 (0x057a2e23) sw      s7, 92(s4)
core   0: 3 0x8000bdc8 (0x057a2e23) mem 0x80015cbc 0xdc79d000
core   0: 0x8000bdcc (0x078a2023) sw      s8, 96(s4)
core   0: 3 0x8000bdcc (0x078a2023) mem 0x80015cc0 0x00000001
core   0: 0x8000bdd0 (0x079a2223) sw      s9, 100(s4)
core   0: 3 0x8000bdd0 (0x079a2223) mem 0x80015cc4 0x00000001
core   0: 0x8000bdd4 (0x07aa2423) sw      s10, 104(s4)
core   0: 3 0x8000bdd4 (0x07aa2423) mem 0x80015cc8 0x4b36ce30
core   0: 0x8000bdd8 (0x07ba2623) sw      s11, 108(s4)
core   0: 3 0x8000bdd8 (0x07ba2623) mem 0x80015ccc 0x00000000
core   0: 0x8000bddc (0x07ca2823) sw      t3, 112(s4)
core   0: 3 0x8000bddc (0x07ca2823) mem 0x80015cd0 0x00000100
core   0: 0x8000bde0 (0x07da2a23) sw      t4, 116(s4)
core   0: 3 0x8000bde0 (0x07da2a23) mem 0x80015cd4 0x00000000
core   0: 0x8000bde4 (0x07ea2c23) sw      t5, 120(s4)
core   0: 3 0x8000bde4 (0x07ea2c23) mem 0x80015cd8 0x00000000
core   0: 0x8000bde8 (0x07fa2e23) sw      t6, 124(s4)
core   0: 3 0x8000bde8 (0x07fa2e23) mem 0x80015cdc 0xfffffbf6
core   0: 0x8000bdec (0x000a0ab3) add     s5, s4, zero
core   0: 3 0x8000bdec (0x000a0ab3) x21 0x80015c60
core   0: 0x8000bdf0 (0x34102ff3) csrr    t6, mepc
core   0: 3 0x8000bdf0 (0x34102ff3) x31 0x8000b2f4
core   0: 0x8000bdf4 (0x34202ff3) csrr    t6, mcause
core   0: 3 0x8000bdf4 (0x34202ff3) x31 0x0000000b
core   0: 0x8000bdf8 (0x00300513) li      a0, 3
core   0: 3 0x8000bdf8 (0x00300513) x10 0x00000003
core   0: 0x8000bdfc (0x2aaf8a63) beq     t6, a0, pc + 692
core   0: 3 0x8000bdfc (0x2aaf8a63)
core   0: 0x8000be00 (0x00800513) li      a0, 8
core   0: 3 0x8000be00 (0x00800513) x10 0x00000008
core   0: 0x8000be04 (0x04af8e63) beq     t6, a0, pc + 92
core   0: 3 0x8000be04 (0x04af8e63)
core   0: 0x8000be08 (0x00900513) li      a0, 9
core   0: 3 0x8000be08 (0x00900513) x10 0x00000009
core   0: 0x8000be0c (0x04af8a63) beq     t6, a0, pc + 84
core   0: 3 0x8000be0c (0x04af8a63)
core   0: 0x8000be10 (0x00b00513) li      a0, 11
core   0: 3 0x8000be10 (0x00b00513) x10 0x0000000b
core   0: 0x8000be14 (0x04af8663) beq     t6, a0, pc + 76
core   0: 3 0x8000be14 (0x04af8663)
core   0: 0x8000be60 (0xffff4f97) auipc   t6, 0xffff4
core   0: 3 0x8000be60 (0xffff4f97) x31 0x7ffffe60
core   0: 0x8000be64 (0x1a0f8f93) addi    t6, t6, 416
core   0: 3 0x8000be64 (0x1a0f8f93) x31 0x80000000
core   0: 0x8000be68 (0x000fa023) sw      zero, 0(t6)
core   0: 3 0x8000be68 (0x000fa023) mem 0x80000000 0x00000000
core   0: 0x8000be6c (0x001fa223) sw      ra, 4(t6)
core   0: 3 0x8000be6c (0x001fa223) mem 0x80000004 0x99834000
core   0: 0x8000be70 (0x002fa423) sw      sp, 8(t6)
core   0: 3 0x8000be70 (0x002fa423) mem 0x80000008 0x01bbc17c
core   0: 0x8000be74 (0x003fa623) sw      gp, 12(t6)
core   0: 3 0x8000be74 (0x003fa623) mem 0x8000000c 0x00000001
core   0: 0x8000be78 (0x004fa823) sw      tp, 16(t6)
core   0: 3 0x8000be78 (0x004fa823) mem 0x80000010 0x00000000
core   0: 0x8000be7c (0x005faa23) sw      t0, 20(t6)
core   0: 3 0x8000be7c (0x005faa23) mem 0x80000014 0x86e1d2cc
core   0: 0x8000be80 (0x006fac23) sw      t1, 24(t6)
core   0: 3 0x8000be80 (0x006fac23) mem 0x80000018 0xee3ce800
core   0: 0x8000be84 (0x007fae23) sw      t2, 28(t6)
core   0: 3 0x8000be84 (0x007fae23) mem 0x8000001c 0x00000000
core   0: 0x8000be88 (0x028fa023) sw      s0, 32(t6)
core   0: 3 0x8000be88 (0x028fa023) mem 0x80000020 0x00000000
core   0: 0x8000be8c (0x029fa223) sw      s1, 36(t6)
core   0: 3 0x8000be8c (0x029fa223) mem 0x80000024 0xfffffffc
core   0: 0x8000be90 (0x02afa423) sw      a0, 40(t6)
core   0: 3 0x8000be90 (0x02afa423) mem 0x80000028 0x0000000b
core   0: 0x8000be94 (0x02bfa623) sw      a1, 44(t6)
core   0: 3 0x8000be94 (0x02bfa623) mem 0x8000002c 0x15897264
core   0: 0x8000be98 (0x02cfa823) sw      a2, 48(t6)
core   0: 3 0x8000be98 (0x02cfa823) mem 0x80000030 0x8000b2f0
core   0: 0x8000be9c (0x02dfaa23) sw      a3, 52(t6)
core   0: 3 0x8000be9c (0x02dfaa23) mem 0x80000034 0x00000000
core   0: 0x8000bea0 (0x02efac23) sw      a4, 56(t6)
core   0: 3 0x8000bea0 (0x02efac23) mem 0x80000038 0x00000000
core   0: 0x8000bea4 (0x02ffae23) sw      a5, 60(t6)
core   0: 3 0x8000bea4 (0x02ffae23) mem 0x8000003c 0x00000000
core   0: 0x8000bea8 (0x050fa023) sw      a6, 64(t6)
core   0: 3 0x8000bea8 (0x050fa023) mem 0x80000040 0x8a1b7000
core   0: 0x8000beac (0x051fa223) sw      a7, 68(t6)
core   0: 3 0x8000beac (0x051fa223) mem 0x80000044 0x00000001
core   0: 0x8000beb0 (0x052fa423) sw      s2, 72(t6)
core   0: 3 0x8000beb0 (0x052fa423) mem 0x80000048 0x00000000
core   0: 0x8000beb4 (0x053fa623) sw      s3, 76(t6)
core   0: 3 0x8000beb4 (0x053fa623) mem 0x8000004c 0x00000001
core   0: 0x8000beb8 (0x054fa823) sw      s4, 80(t6)
core   0: 3 0x8000beb8 (0x054fa823) mem 0x80000050 0x80015c60
core   0: 0x8000bebc (0x055faa23) sw      s5, 84(t6)
core   0: 3 0x8000bebc (0x055faa23) mem 0x80000054 0x80015c60
core   0: 0x8000bec0 (0x056fac23) sw      s6, 88(t6)
core   0: 3 0x8000bec0 (0x056fac23) mem 0x80000058 0x00000000
core   0: 0x8000bec4 (0x057fae23) sw      s7, 92(t6)
core   0: 3 0x8000bec4 (0x057fae23) mem 0x8000005c 0xdc79d000
core   0: 0x8000bec8 (0x078fa023) sw      s8, 96(t6)
core   0: 3 0x8000bec8 (0x078fa023) mem 0x80000060 0x00000001
core   0: 0x8000becc (0x079fa223) sw      s9, 100(t6)
core   0: 3 0x8000becc (0x079fa223) mem 0x80000064 0x00000001
core   0: 0x8000bed0 (0x07afa423) sw      s10, 104(t6)
core   0: 3 0x8000bed0 (0x07afa423) mem 0x80000068 0x4b36ce30
core   0: 0x8000bed4 (0x07bfa623) sw      s11, 108(t6)
core   0: 3 0x8000bed4 (0x07bfa623) mem 0x8000006c 0x00000000
core   0: 0x8000bed8 (0x07cfa823) sw      t3, 112(t6)
core   0: 3 0x8000bed8 (0x07cfa823) mem 0x80000070 0x00000100
core   0: 0x8000bedc (0x07dfaa23) sw      t4, 116(t6)
core   0: 3 0x8000bedc (0x07dfaa23) mem 0x80000074 0x00000000
core   0: 0x8000bee0 (0x07efac23) sw      t5, 120(t6)
core   0: 3 0x8000bee0 (0x07efac23) mem 0x80000078 0x00000000
core   0: 0x8000bee4 (0x07ffae23) sw      t6, 124(t6)
core   0: 3 0x8000bee4 (0x07ffae23) mem 0x8000007c 0x80000000
core   0: 0x8000bee8 (0xfffff617) auipc   a2, 0xfffff
core   0: 3 0x8000bee8 (0xfffff617) x12 0x8000aee8
core   0: 0x8000beec (0x41060613) addi    a2, a2, 1040
core   0: 3 0x8000beec (0x41060613) x12 0x8000b2f8
core   0: 0x8000bef0 (0x00060067) jr      a2
core   0: 3 0x8000bef0 (0x00060067)
core   0: 0x8000b2f8 (0x00002f17) auipc   t5, 0x2
core   0: 3 0x8000b2f8 (0x00002f17) x30 0x8000d2f8
core   0: 0x8000b2fc (0xd03f2423) sw      gp, -760(t5)
core   0: 3 0x8000b2fc (0xd03f2423) mem 0x8000d000 0x00000001
core   0: 0x8000b300 (0xff9ff06f) j       pc - 0x8
core   0: 3 0x8000b300 (0xff9ff06f)
core   0: 0x8000b2f8 (0x00002f17) auipc   t5, 0x2
core   0: 3 0x8000b2f8 (0x00002f17) x30 0x8000d2f8
core   0: 0x8000b2fc (0xd03f2423) sw      gp, -760(t5)
core   0: 3 0x8000b2fc (0xd03f2423) mem 0x8000d000 0x00000001
core   0: 0x8000b300 (0xff9ff06f) j       pc - 0x8
core   0: 3 0x8000b300 (0xff9ff06f)
core   0: 0x8000b2f8 (0x00002f17) auipc   t5, 0x2
core   0: 3 0x8000b2f8 (0x00002f17) x30 0x8000d2f8
core   0: 0x8000b2fc (0xd03f2423) sw      gp, -760(t5)
core   0: 3 0x8000b2fc (0xd03f2423) mem 0x8000d000 0x00000001
core   0: 0x8000b300 (0xff9ff06f) j       pc - 0x8
core   0: 3 0x8000b300 (0xff9ff06f)
core   0: 0x8000b2f8 (0x00002f17) auipc   t5, 0x2
core   0: 3 0x8000b2f8 (0x00002f17) x30 0x8000d2f8
core   0: 0x8000b2fc (0xd03f2423) sw      gp, -760(t5)
core   0: 3 0x8000b2fc (0xd03f2423) mem 0x8000d000 0x00000001
core   0: 0x8000b300 (0xff9ff06f) j       pc - 0x8
core   0: 3 0x8000b300 (0xff9ff06f)
core   0: 0x8000b2f8 (0x00002f17) auipc   t5, 0x2
core   0: 3 0x8000b2f8 (0x00002f17) x30 0x8000d2f8
core   0: 0x8000b2fc (0xd03f2423) sw      gp, -760(t5)
core   0: 3 0x8000b2fc (0xd03f2423) mem 0x8000d000 0x00000001
core   0: 0x8000b300 (0xff9ff06f) j       pc - 0x8
core   0: 3 0x8000b300 (0xff9ff06f)
core   0: 0x8000b2f8 (0x00002f17) auipc   t5, 0x2
core   0: 3 0x8000b2f8 (0x00002f17) x30 0x8000d2f8
core   0: 0x8000b2fc (0xd03f2423) sw      gp, -760(t5)
core   0: 3 0x8000b2fc (0xd03f2423) mem 0x8000d000 0x00000001
core   0: 0x8000b300 (0xff9ff06f) j       pc - 0x8
core   0: 3 0x8000b300 (0xff9ff06f)
core   0: 0x8000b2f8 (0x00002f17) auipc   t5, 0x2
core   0: 3 0x8000b2f8 (0x00002f17) x30 0x8000d2f8
core   0: 0x8000b2fc (0xd03f2423) sw      gp, -760(t5)
core   0: 3 0x8000b2fc (0xd03f2423) mem 0x8000d000 0x00000001
core   0: 0x8000b300 (0xff9ff06f) j       pc - 0x8
core   0: 3 0x8000b300 (0xff9ff06f)
core   0: 0x8000b2f8 (0x00002f17) auipc   t5, 0x2
core   0: 3 0x8000b2f8 (0x00002f17) x30 0x8000d2f8
core   0: 0x8000b2fc (0xd03f2423) sw      gp, -760(t5)
core   0: 3 0x8000b2fc (0xd03f2423) mem 0x8000d000 0x00000001
core   0: 0x8000b300 (0xff9ff06f) j       pc - 0x8
core   0: 3 0x8000b300 (0xff9ff06f)
core   0: 0x8000b2f8 (0x00002f17) auipc   t5, 0x2
core   0: 3 0x8000b2f8 (0x00002f17) x30 0x8000d2f8
core   0: 0x8000b2fc (0xd03f2423) sw      gp, -760(t5)
core   0: 3 0x8000b2fc (0xd03f2423) mem 0x8000d000 0x00000001
core   0: 0x8000b300 (0xff9ff06f) j       pc - 0x8
core   0: 3 0x8000b300 (0xff9ff06f)
core   0: 0x8000b2f8 (0x00002f17) auipc   t5, 0x2
core   0: 3 0x8000b2f8 (0x00002f17) x30 0x8000d2f8
core   0: 0x8000b2fc (0xd03f2423) sw      gp, -760(t5)
core   0: 3 0x8000b2fc (0xd03f2423) mem 0x8000d000 0x00000001
core   0: 0x8000b300 (0xff9ff06f) j       pc - 0x8
core   0: 3 0x8000b300 (0xff9ff06f)
core   0: 0x8000b2f8 (0x00002f17) auipc   t5, 0x2
core   0: 3 0x8000b2f8 (0x00002f17) x30 0x8000d2f8
core   0: 0x8000b2fc (0xd03f2423) sw      gp, -760(t5)
core   0: 3 0x8000b2fc (0xd03f2423) mem 0x8000d000 0x00000001
core   0: 0x8000b300 (0xff9ff06f) j       pc - 0x8
core   0: 3 0x8000b300 (0xff9ff06f)
core   0: 0x8000b2f8 (0x00002f17) auipc   t5, 0x2
core   0: 3 0x8000b2f8 (0x00002f17) x30 0x8000d2f8
core   0: 0x8000b2fc (0xd03f2423) sw      gp, -760(t5)
core   0: 3 0x8000b2fc (0xd03f2423) mem 0x8000d000 0x00000001
core   0: 0x8000b300 (0xff9ff06f) j       pc - 0x8
core   0: 3 0x8000b300 (0xff9ff06f)
core   0: 0x8000b2f8 (0x00002f17) auipc   t5, 0x2
core   0: 3 0x8000b2f8 (0x00002f17) x30 0x8000d2f8
core   0: 0x8000b2fc (0xd03f2423) sw      gp, -760(t5)
core   0: 3 0x8000b2fc (0xd03f2423) mem 0x8000d000 0x00000001
core   0: 0x8000b300 (0xff9ff06f) j       pc - 0x8
core   0: 3 0x8000b300 (0xff9ff06f)
core   0: 0x8000b2f8 (0x00002f17) auipc   t5, 0x2
core   0: 3 0x8000b2f8 (0x00002f17) x30 0x8000d2f8
core   0: 0x8000b2fc (0xd03f2423) sw      gp, -760(t5)
core   0: 3 0x8000b2fc (0xd03f2423) mem 0x8000d000 0x00000001
core   0: 0x8000b300 (0xff9ff06f) j       pc - 0x8
core   0: 3 0x8000b300 (0xff9ff06f)
core   0: 0x8000b2f8 (0x00002f17) auipc   t5, 0x2
core   0: 3 0x8000b2f8 (0x00002f17) x30 0x8000d2f8
core   0: 0x8000b2fc (0xd03f2423) sw      gp, -760(t5)
core   0: 3 0x8000b2fc (0xd03f2423) mem 0x8000d000 0x00000001
core   0: 0x8000b300 (0xff9ff06f) j       pc - 0x8
core   0: 3 0x8000b300 (0xff9ff06f)
core   0: 0x8000b2f8 (0x00002f17) auipc   t5, 0x2
core   0: 3 0x8000b2f8 (0x00002f17) x30 0x8000d2f8
core   0: 0x8000b2fc (0xd03f2423) sw      gp, -760(t5)
core   0: 3 0x8000b2fc (0xd03f2423) mem 0x8000d000 0x00000001
core   0: 0x8000b300 (0xff9ff06f) j       pc - 0x8
core   0: 3 0x8000b300 (0xff9ff06f)
core   0: 0x8000b2f8 (0x00002f17) auipc   t5, 0x2
core   0: 3 0x8000b2f8 (0x00002f17) x30 0x8000d2f8
core   0: 0x8000b2fc (0xd03f2423) sw      gp, -760(t5)
core   0: 3 0x8000b2fc (0xd03f2423) mem 0x8000d000 0x00000001
core   0: 0x8000b300 (0xff9ff06f) j       pc - 0x8
core   0: 3 0x8000b300 (0xff9ff06f)
core   0: 0x8000b2f8 (0x00002f17) auipc   t5, 0x2
core   0: 3 0x8000b2f8 (0x00002f17) x30 0x8000d2f8
core   0: 0x8000b2fc (0xd03f2423) sw      gp, -760(t5)
core   0: 3 0x8000b2fc (0xd03f2423) mem 0x8000d000 0x00000001
core   0: 0x8000b300 (0xff9ff06f) j       pc - 0x8
core   0: 3 0x8000b300 (0xff9ff06f)
core   0: 0x8000b2f8 (0x00002f17) auipc   t5, 0x2
core   0: 3 0x8000b2f8 (0x00002f17) x30 0x8000d2f8
core   0: 0x8000b2fc (0xd03f2423) sw      gp, -760(t5)
core   0: 3 0x8000b2fc (0xd03f2423) mem 0x8000d000 0x00000001
core   0: 0x8000b300 (0xff9ff06f) j       pc - 0x8
core   0: 3 0x8000b300 (0xff9ff06f)
core   0: 0x8000b2f8 (0x00002f17) auipc   t5, 0x2
core   0: 3 0x8000b2f8 (0x00002f17) x30 0x8000d2f8
core   0: 0x8000b2fc (0xd03f2423) sw      gp, -760(t5)
core   0: 3 0x8000b2fc (0xd03f2423) mem 0x8000d000 0x00000001
core   0: 0x8000b300 (0xff9ff06f) j       pc - 0x8
core   0: 3 0x8000b300 (0xff9ff06f)
core   0: 0x8000b2f8 (0x00002f17) auipc   t5, 0x2
core   0: 3 0x8000b2f8 (0x00002f17) x30 0x8000d2f8
core   0: 0x8000b2fc (0xd03f2423) sw      gp, -760(t5)
core   0: 3 0x8000b2fc (0xd03f2423) mem 0x8000d000 0x00000001
core   0: 0x8000b300 (0xff9ff06f) j       pc - 0x8
core   0: 3 0x8000b300 (0xff9ff06f)
core   0: 0x8000b2f8 (0x00002f17) auipc   t5, 0x2
core   0: 3 0x8000b2f8 (0x00002f17) x30 0x8000d2f8
core   0: 0x8000b2fc (0xd03f2423) sw      gp, -760(t5)
core   0: 3 0x8000b2fc (0xd03f2423) mem 0x8000d000 0x00000001
core   0: 0x8000b300 (0xff9ff06f) j       pc - 0x8
core   0: 3 0x8000b300 (0xff9ff06f)
core   0: 0x8000b2f8 (0x00002f17) auipc   t5, 0x2
core   0: 3 0x8000b2f8 (0x00002f17) x30 0x8000d2f8
core   0: 0x8000b2fc (0xd03f2423) sw      gp, -760(t5)
core   0: 3 0x8000b2fc (0xd03f2423) mem 0x8000d000 0x00000001
core   0: 0x8000b300 (0xff9ff06f) j       pc - 0x8
core   0: 3 0x8000b300 (0xff9ff06f)
core   0: 0x8000b2f8 (0x00002f17) auipc   t5, 0x2
core   0: 3 0x8000b2f8 (0x00002f17) x30 0x8000d2f8
core   0: 0x8000b2fc (0xd03f2423) sw      gp, -760(t5)
core   0: 3 0x8000b2fc (0xd03f2423) mem 0x8000d000 0x00000001
core   0: 0x8000b300 (0xff9ff06f) j       pc - 0x8
core   0: 3 0x8000b300 (0xff9ff06f)
core   0: 0x8000b2f8 (0x00002f17) auipc   t5, 0x2
core   0: 3 0x8000b2f8 (0x00002f17) x30 0x8000d2f8
core   0: 0x8000b2fc (0xd03f2423) sw      gp, -760(t5)
core   0: 3 0x8000b2fc (0xd03f2423) mem 0x8000d000 0x00000001
core   0: 0x8000b300 (0xff9ff06f) j       pc - 0x8
core   0: 3 0x8000b300 (0xff9ff06f)
core   0: 0x8000b2f8 (0x00002f17) auipc   t5, 0x2
core   0: 3 0x8000b2f8 (0x00002f17) x30 0x8000d2f8
core   0: 0x8000b2fc (0xd03f2423) sw      gp, -760(t5)
core   0: 3 0x8000b2fc (0xd03f2423) mem 0x8000d000 0x00000001
core   0: 0x8000b300 (0xff9ff06f) j       pc - 0x8
core   0: 3 0x8000b300 (0xff9ff06f)
core   0: 0x8000b2f8 (0x00002f17) auipc   t5, 0x2
core   0: 3 0x8000b2f8 (0x00002f17) x30 0x8000d2f8
core   0: 0x8000b2fc (0xd03f2423) sw      gp, -760(t5)
core   0: 3 0x8000b2fc (0xd03f2423) mem 0x8000d000 0x00000001
core   0: 0x8000b300 (0xff9ff06f) j       pc - 0x8
core   0: 3 0x8000b300 (0xff9ff06f)
core   0: 0x8000b2f8 (0x00002f17) auipc   t5, 0x2
core   0: 3 0x8000b2f8 (0x00002f17) x30 0x8000d2f8
core   0: 0x8000b2fc (0xd03f2423) sw      gp, -760(t5)
core   0: 3 0x8000b2fc (0xd03f2423) mem 0x8000d000 0x00000001
core   0: 0x8000b300 (0xff9ff06f) j       pc - 0x8
core   0: 3 0x8000b300 (0xff9ff06f)
core   0: 0x8000b2f8 (0x00002f17) auipc   t5, 0x2
core   0: 3 0x8000b2f8 (0x00002f17) x30 0x8000d2f8
core   0: 0x8000b2fc (0xd03f2423) sw      gp, -760(t5)
core   0: 3 0x8000b2fc (0xd03f2423) mem 0x8000d000 0x00000001
core   0: 0x8000b300 (0xff9ff06f) j       pc - 0x8
core   0: 3 0x8000b300 (0xff9ff06f)
core   0: 0x8000b2f8 (0x00002f17) auipc   t5, 0x2
core   0: 3 0x8000b2f8 (0x00002f17) x30 0x8000d2f8
core   0: 0x8000b2fc (0xd03f2423) sw      gp, -760(t5)
core   0: 3 0x8000b2fc (0xd03f2423) mem 0x8000d000 0x00000001
core   0: 0x8000b300 (0xff9ff06f) j       pc - 0x8
core   0: 3 0x8000b300 (0xff9ff06f)
core   0: 0x8000b2f8 (0x00002f17) auipc   t5, 0x2
core   0: 3 0x8000b2f8 (0x00002f17) x30 0x8000d2f8
core   0: 0x8000b2fc (0xd03f2423) sw      gp, -760(t5)
core   0: 3 0x8000b2fc (0xd03f2423) mem 0x8000d000 0x00000001
core   0: 0x8000b300 (0xff9ff06f) j       pc - 0x8
core   0: 3 0x8000b300 (0xff9ff06f)
core   0: 0x8000b2f8 (0x00002f17) auipc   t5, 0x2
core   0: 3 0x8000b2f8 (0x00002f17) x30 0x8000d2f8
core   0: 0x8000b2fc (0xd03f2423) sw      gp, -760(t5)
core   0: 3 0x8000b2fc (0xd03f2423) mem 0x8000d000 0x00000001
core   0: 0x8000b300 (0xff9ff06f) j       pc - 0x8
core   0: 3 0x8000b300 (0xff9ff06f)
core   0: 0x8000b2f8 (0x00002f17) auipc   t5, 0x2
core   0: 3 0x8000b2f8 (0x00002f17) x30 0x8000d2f8
core   0: 0x8000b2fc (0xd03f2423) sw      gp, -760(t5)
core   0: 3 0x8000b2fc (0xd03f2423) mem 0x8000d000 0x00000001
core   0: 0x8000b300 (0xff9ff06f) j       pc - 0x8
core   0: 3 0x8000b300 (0xff9ff06f)
core   0: 0x8000b2f8 (0x00002f17) auipc   t5, 0x2
core   0: 3 0x8000b2f8 (0x00002f17) x30 0x8000d2f8
core   0: 0x8000b2fc (0xd03f2423) sw      gp, -760(t5)
core   0: 3 0x8000b2fc (0xd03f2423) mem 0x8000d000 0x00000001
core   0: 0x8000b300 (0xff9ff06f) j       pc - 0x8
core   0: 3 0x8000b300 (0xff9ff06f)
core   0: 0x8000b2f8 (0x00002f17) auipc   t5, 0x2
core   0: 3 0x8000b2f8 (0x00002f17) x30 0x8000d2f8
core   0: 0x8000b2fc (0xd03f2423) sw      gp, -760(t5)
core   0: 3 0x8000b2fc (0xd03f2423) mem 0x8000d000 0x00000001
core   0: 0x8000b300 (0xff9ff06f) j       pc - 0x8
core   0: 3 0x8000b300 (0xff9ff06f)
core   0: 0x8000b2f8 (0x00002f17) auipc   t5, 0x2
core   0: 3 0x8000b2f8 (0x00002f17) x30 0x8000d2f8
core   0: 0x8000b2fc (0xd03f2423) sw      gp, -760(t5)
core   0: 3 0x8000b2fc (0xd03f2423) mem 0x8000d000 0x00000001
core   0: 0x8000b300 (0xff9ff06f) j       pc - 0x8
core   0: 3 0x8000b300 (0xff9ff06f)
core   0: 0x8000b2f8 (0x00002f17) auipc   t5, 0x2
core   0: 3 0x8000b2f8 (0x00002f17) x30 0x8000d2f8
core   0: 0x8000b2fc (0xd03f2423) sw      gp, -760(t5)
core   0: 3 0x8000b2fc (0xd03f2423) mem 0x8000d000 0x00000001
core   0: 0x8000b300 (0xff9ff06f) j       pc - 0x8
core   0: 3 0x8000b300 (0xff9ff06f)
core   0: 0x8000b2f8 (0x00002f17) auipc   t5, 0x2
core   0: 3 0x8000b2f8 (0x00002f17) x30 0x8000d2f8
core   0: 0x8000b2fc (0xd03f2423) sw      gp, -760(t5)
core   0: 3 0x8000b2fc (0xd03f2423) mem 0x8000d000 0x00000001
core   0: 0x8000b300 (0xff9ff06f) j       pc - 0x8
core   0: 3 0x8000b300 (0xff9ff06f)
core   0: 0x8000b2f8 (0x00002f17) auipc   t5, 0x2
core   0: 3 0x8000b2f8 (0x00002f17) x30 0x8000d2f8
core   0: 0x8000b2fc (0xd03f2423) sw      gp, -760(t5)
core   0: 3 0x8000b2fc (0xd03f2423) mem 0x8000d000 0x00000001
core   0: 0x8000b300 (0xff9ff06f) j       pc - 0x8
core   0: 3 0x8000b300 (0xff9ff06f)
core   0: 0x8000b2f8 (0x00002f17) auipc   t5, 0x2
core   0: 3 0x8000b2f8 (0x00002f17) x30 0x8000d2f8
core   0: 0x8000b2fc (0xd03f2423) sw      gp, -760(t5)
core   0: 3 0x8000b2fc (0xd03f2423) mem 0x8000d000 0x00000001
core   0: 0x8000b300 (0xff9ff06f) j       pc - 0x8
core   0: 3 0x8000b300 (0xff9ff06f)
core   0: 0x8000b2f8 (0x00002f17) auipc   t5, 0x2
core   0: 3 0x8000b2f8 (0x00002f17) x30 0x8000d2f8
core   0: 0x8000b2fc (0xd03f2423) sw      gp, -760(t5)
core   0: 3 0x8000b2fc (0xd03f2423) mem 0x8000d000 0x00000001
core   0: 0x8000b300 (0xff9ff06f) j       pc - 0x8
core   0: 3 0x8000b300 (0xff9ff06f)
core   0: 0x8000b2f8 (0x00002f17) auipc   t5, 0x2
core   0: 3 0x8000b2f8 (0x00002f17) x30 0x8000d2f8
core   0: 0x8000b2fc (0xd03f2423) sw      gp, -760(t5)
core   0: 3 0x8000b2fc (0xd03f2423) mem 0x8000d000 0x00000001
core   0: 0x8000b300 (0xff9ff06f) j       pc - 0x8
core   0: 3 0x8000b300 (0xff9ff06f)
core   0: 0x8000b2f8 (0x00002f17) auipc   t5, 0x2
core   0: 3 0x8000b2f8 (0x00002f17) x30 0x8000d2f8
core   0: 0x8000b2fc (0xd03f2423) sw      gp, -760(t5)
core   0: 3 0x8000b2fc (0xd03f2423) mem 0x8000d000 0x00000001
core   0: 0x8000b300 (0xff9ff06f) j       pc - 0x8
core   0: 3 0x8000b300 (0xff9ff06f)
core   0: 0x8000b2f8 (0x00002f17) auipc   t5, 0x2
core   0: 3 0x8000b2f8 (0x00002f17) x30 0x8000d2f8
core   0: 0x8000b2fc (0xd03f2423) sw      gp, -760(t5)
core   0: 3 0x8000b2fc (0xd03f2423) mem 0x8000d000 0x00000001
core   0: 0x8000b300 (0xff9ff06f) j       pc - 0x8
core   0: 3 0x8000b300 (0xff9ff06f)
core   0: 0x8000b2f8 (0x00002f17) auipc   t5, 0x2
core   0: 3 0x8000b2f8 (0x00002f17) x30 0x8000d2f8
core   0: 0x8000b2fc (0xd03f2423) sw      gp, -760(t5)
core   0: 3 0x8000b2fc (0xd03f2423) mem 0x8000d000 0x00000001
core   0: 0x8000b300 (0xff9ff06f) j       pc - 0x8
core   0: 3 0x8000b300 (0xff9ff06f)
core   0: 0x8000b2f8 (0x00002f17) auipc   t5, 0x2
core   0: 3 0x8000b2f8 (0x00002f17) x30 0x8000d2f8
core   0: 0x8000b2fc (0xd03f2423) sw      gp, -760(t5)
core   0: 3 0x8000b2fc (0xd03f2423) mem 0x8000d000 0x00000001
core   0: 0x8000b300 (0xff9ff06f) j       pc - 0x8
core   0: 3 0x8000b300 (0xff9ff06f)
core   0: 0x8000b2f8 (0x00002f17) auipc   t5, 0x2
core   0: 3 0x8000b2f8 (0x00002f17) x30 0x8000d2f8
core   0: 0x8000b2fc (0xd03f2423) sw      gp, -760(t5)
core   0: 3 0x8000b2fc (0xd03f2423) mem 0x8000d000 0x00000001
core   0: 0x8000b300 (0xff9ff06f) j       pc - 0x8
core   0: 3 0x8000b300 (0xff9ff06f)
core   0: 0x8000b2f8 (0x00002f17) auipc   t5, 0x2
core   0: 3 0x8000b2f8 (0x00002f17) x30 0x8000d2f8
core   0: 0x8000b2fc (0xd03f2423) sw      gp, -760(t5)
core   0: 3 0x8000b2fc (0xd03f2423) mem 0x8000d000 0x00000001
core   0: 0x8000b300 (0xff9ff06f) j       pc - 0x8
core   0: 3 0x8000b300 (0xff9ff06f)
core   0: 0x8000b2f8 (0x00002f17) auipc   t5, 0x2
core   0: 3 0x8000b2f8 (0x00002f17) x30 0x8000d2f8
core   0: 0x8000b2fc (0xd03f2423) sw      gp, -760(t5)
core   0: 3 0x8000b2fc (0xd03f2423) mem 0x8000d000 0x00000001
core   0: 0x8000b300 (0xff9ff06f) j       pc - 0x8
core   0: 3 0x8000b300 (0xff9ff06f)
core   0: 0x8000b2f8 (0x00002f17) auipc   t5, 0x2
core   0: 3 0x8000b2f8 (0x00002f17) x30 0x8000d2f8
core   0: 0x8000b2fc (0xd03f2423) sw      gp, -760(t5)
core   0: 3 0x8000b2fc (0xd03f2423) mem 0x8000d000 0x00000001
core   0: 0x8000b300 (0xff9ff06f) j       pc - 0x8
core   0: 3 0x8000b300 (0xff9ff06f)
core   0: 0x8000b2f8 (0x00002f17) auipc   t5, 0x2
core   0: 3 0x8000b2f8 (0x00002f17) x30 0x8000d2f8
core   0: 0x8000b2fc (0xd03f2423) sw      gp, -760(t5)
core   0: 3 0x8000b2fc (0xd03f2423) mem 0x8000d000 0x00000001
core   0: 0x8000b300 (0xff9ff06f) j       pc - 0x8
core   0: 3 0x8000b300 (0xff9ff06f)
core   0: 0x8000b2f8 (0x00002f17) auipc   t5, 0x2
core   0: 3 0x8000b2f8 (0x00002f17) x30 0x8000d2f8
core   0: 0x8000b2fc (0xd03f2423) sw      gp, -760(t5)
core   0: 3 0x8000b2fc (0xd03f2423) mem 0x8000d000 0x00000001
core   0: 0x8000b300 (0xff9ff06f) j       pc - 0x8
core   0: 3 0x8000b300 (0xff9ff06f)
core   0: 0x8000b2f8 (0x00002f17) auipc   t5, 0x2
core   0: 3 0x8000b2f8 (0x00002f17) x30 0x8000d2f8
core   0: 0x8000b2fc (0xd03f2423) sw      gp, -760(t5)
core   0: 3 0x8000b2fc (0xd03f2423) mem 0x8000d000 0x00000001
core   0: 0x8000b300 (0xff9ff06f) j       pc - 0x8
core   0: 3 0x8000b300 (0xff9ff06f)
core   0: 0x8000b2f8 (0x00002f17) auipc   t5, 0x2
core   0: 3 0x8000b2f8 (0x00002f17) x30 0x8000d2f8
core   0: 0x8000b2fc (0xd03f2423) sw      gp, -760(t5)
core   0: 3 0x8000b2fc (0xd03f2423) mem 0x8000d000 0x00000001
core   0: 0x8000b300 (0xff9ff06f) j       pc - 0x8
core   0: 3 0x8000b300 (0xff9ff06f)
core   0: 0x8000b2f8 (0x00002f17) auipc   t5, 0x2
core   0: 3 0x8000b2f8 (0x00002f17) x30 0x8000d2f8
core   0: 0x8000b2fc (0xd03f2423) sw      gp, -760(t5)
core   0: 3 0x8000b2fc (0xd03f2423) mem 0x8000d000 0x00000001
core   0: 0x8000b300 (0xff9ff06f) j       pc - 0x8
core   0: 3 0x8000b300 (0xff9ff06f)
core   0: 0x8000b2f8 (0x00002f17) auipc   t5, 0x2
core   0: 3 0x8000b2f8 (0x00002f17) x30 0x8000d2f8
core   0: 0x8000b2fc (0xd03f2423) sw      gp, -760(t5)
core   0: 3 0x8000b2fc (0xd03f2423) mem 0x8000d000 0x00000001
core   0: 0x8000b300 (0xff9ff06f) j       pc - 0x8
core   0: 3 0x8000b300 (0xff9ff06f)
core   0: 0x8000b2f8 (0x00002f17) auipc   t5, 0x2
core   0: 3 0x8000b2f8 (0x00002f17) x30 0x8000d2f8
core   0: 0x8000b2fc (0xd03f2423) sw      gp, -760(t5)
core   0: 3 0x8000b2fc (0xd03f2423) mem 0x8000d000 0x00000001
core   0: 0x8000b300 (0xff9ff06f) j       pc - 0x8
core   0: 3 0x8000b300 (0xff9ff06f)
core   0: 0x8000b2f8 (0x00002f17) auipc   t5, 0x2
core   0: 3 0x8000b2f8 (0x00002f17) x30 0x8000d2f8
core   0: 0x8000b2fc (0xd03f2423) sw      gp, -760(t5)
core   0: 3 0x8000b2fc (0xd03f2423) mem 0x8000d000 0x00000001
core   0: 0x8000b300 (0xff9ff06f) j       pc - 0x8
core   0: 3 0x8000b300 (0xff9ff06f)
core   0: 0x8000b2f8 (0x00002f17) auipc   t5, 0x2
core   0: 3 0x8000b2f8 (0x00002f17) x30 0x8000d2f8
core   0: 0x8000b2fc (0xd03f2423) sw      gp, -760(t5)
core   0: 3 0x8000b2fc (0xd03f2423) mem 0x8000d000 0x00000001
core   0: 0x8000b300 (0xff9ff06f) j       pc - 0x8
core   0: 3 0x8000b300 (0xff9ff06f)
core   0: 0x8000b2f8 (0x00002f17) auipc   t5, 0x2
core   0: 3 0x8000b2f8 (0x00002f17) x30 0x8000d2f8
core   0: 0x8000b2fc (0xd03f2423) sw      gp, -760(t5)
core   0: 3 0x8000b2fc (0xd03f2423) mem 0x8000d000 0x00000001
core   0: 0x8000b300 (0xff9ff06f) j       pc - 0x8
core   0: 3 0x8000b300 (0xff9ff06f)
core   0: 0x8000b2f8 (0x00002f17) auipc   t5, 0x2
core   0: 3 0x8000b2f8 (0x00002f17) x30 0x8000d2f8
core   0: 0x8000b2fc (0xd03f2423) sw      gp, -760(t5)
core   0: 3 0x8000b2fc (0xd03f2423) mem 0x8000d000 0x00000001
core   0: 0x8000b300 (0xff9ff06f) j       pc - 0x8
core   0: 3 0x8000b300 (0xff9ff06f)
core   0: 0x8000b2f8 (0x00002f17) auipc   t5, 0x2
core   0: 3 0x8000b2f8 (0x00002f17) x30 0x8000d2f8
core   0: 0x8000b2fc (0xd03f2423) sw      gp, -760(t5)
core   0: 3 0x8000b2fc (0xd03f2423) mem 0x8000d000 0x00000001
core   0: 0x8000b300 (0xff9ff06f) j       pc - 0x8
core   0: 3 0x8000b300 (0xff9ff06f)
core   0: 0x8000b2f8 (0x00002f17) auipc   t5, 0x2
core   0: 3 0x8000b2f8 (0x00002f17) x30 0x8000d2f8
core   0: 0x8000b2fc (0xd03f2423) sw      gp, -760(t5)
core   0: 3 0x8000b2fc (0xd03f2423) mem 0x8000d000 0x00000001
core   0: 0x8000b300 (0xff9ff06f) j       pc - 0x8
core   0: 3 0x8000b300 (0xff9ff06f)
core   0: 0x8000b2f8 (0x00002f17) auipc   t5, 0x2
core   0: 3 0x8000b2f8 (0x00002f17) x30 0x8000d2f8
core   0: 0x8000b2fc (0xd03f2423) sw      gp, -760(t5)
core   0: 3 0x8000b2fc (0xd03f2423) mem 0x8000d000 0x00000001
core   0: 0x8000b300 (0xff9ff06f) j       pc - 0x8
core   0: 3 0x8000b300 (0xff9ff06f)
core   0: 0x8000b2f8 (0x00002f17) auipc   t5, 0x2
core   0: 3 0x8000b2f8 (0x00002f17) x30 0x8000d2f8
core   0: 0x8000b2fc (0xd03f2423) sw      gp, -760(t5)
core   0: 3 0x8000b2fc (0xd03f2423) mem 0x8000d000 0x00000001
core   0: 0x8000b300 (0xff9ff06f) j       pc - 0x8
core   0: 3 0x8000b300 (0xff9ff06f)
core   0: 0x8000b2f8 (0x00002f17) auipc   t5, 0x2
core   0: 3 0x8000b2f8 (0x00002f17) x30 0x8000d2f8
core   0: 0x8000b2fc (0xd03f2423) sw      gp, -760(t5)
core   0: 3 0x8000b2fc (0xd03f2423) mem 0x8000d000 0x00000001
core   0: 0x8000b300 (0xff9ff06f) j       pc - 0x8
core   0: 3 0x8000b300 (0xff9ff06f)
core   0: 0x8000b2f8 (0x00002f17) auipc   t5, 0x2
core   0: 3 0x8000b2f8 (0x00002f17) x30 0x8000d2f8
core   0: 0x8000b2fc (0xd03f2423) sw      gp, -760(t5)
core   0: 3 0x8000b2fc (0xd03f2423) mem 0x8000d000 0x00000001
core   0: 0x8000b300 (0xff9ff06f) j       pc - 0x8
core   0: 3 0x8000b300 (0xff9ff06f)
core   0: 0x8000b2f8 (0x00002f17) auipc   t5, 0x2
core   0: 3 0x8000b2f8 (0x00002f17) x30 0x8000d2f8
core   0: 0x8000b2fc (0xd03f2423) sw      gp, -760(t5)
core   0: 3 0x8000b2fc (0xd03f2423) mem 0x8000d000 0x00000001
core   0: 0x8000b300 (0xff9ff06f) j       pc - 0x8
core   0: 3 0x8000b300 (0xff9ff06f)
core   0: 0x8000b2f8 (0x00002f17) auipc   t5, 0x2
core   0: 3 0x8000b2f8 (0x00002f17) x30 0x8000d2f8
core   0: 0x8000b2fc (0xd03f2423) sw      gp, -760(t5)
core   0: 3 0x8000b2fc (0xd03f2423) mem 0x8000d000 0x00000001
core   0: 0x8000b300 (0xff9ff06f) j       pc - 0x8
core   0: 3 0x8000b300 (0xff9ff06f)
core   0: 0x8000b2f8 (0x00002f17) auipc   t5, 0x2
core   0: 3 0x8000b2f8 (0x00002f17) x30 0x8000d2f8
core   0: 0x8000b2fc (0xd03f2423) sw      gp, -760(t5)
core   0: 3 0x8000b2fc (0xd03f2423) mem 0x8000d000 0x00000001
core   0: 0x8000b300 (0xff9ff06f) j       pc - 0x8
core   0: 3 0x8000b300 (0xff9ff06f)
core   0: 0x8000b2f8 (0x00002f17) auipc   t5, 0x2
core   0: 3 0x8000b2f8 (0x00002f17) x30 0x8000d2f8
core   0: 0x8000b2fc (0xd03f2423) sw      gp, -760(t5)
core   0: 3 0x8000b2fc (0xd03f2423) mem 0x8000d000 0x00000001
core   0: 0x8000b300 (0xff9ff06f) j       pc - 0x8
core   0: 3 0x8000b300 (0xff9ff06f)
core   0: 0x8000b2f8 (0x00002f17) auipc   t5, 0x2
core   0: 3 0x8000b2f8 (0x00002f17) x30 0x8000d2f8
core   0: 0x8000b2fc (0xd03f2423) sw      gp, -760(t5)
core   0: 3 0x8000b2fc (0xd03f2423) mem 0x8000d000 0x00000001
core   0: 0x8000b300 (0xff9ff06f) j       pc - 0x8
core   0: 3 0x8000b300 (0xff9ff06f)
core   0: 0x8000b2f8 (0x00002f17) auipc   t5, 0x2
core   0: 3 0x8000b2f8 (0x00002f17) x30 0x8000d2f8
core   0: 0x8000b2fc (0xd03f2423) sw      gp, -760(t5)
core   0: 3 0x8000b2fc (0xd03f2423) mem 0x8000d000 0x00000001
core   0: 0x8000b300 (0xff9ff06f) j       pc - 0x8
core   0: 3 0x8000b300 (0xff9ff06f)
core   0: 0x8000b2f8 (0x00002f17) auipc   t5, 0x2
core   0: 3 0x8000b2f8 (0x00002f17) x30 0x8000d2f8
core   0: 0x8000b2fc (0xd03f2423) sw      gp, -760(t5)
core   0: 3 0x8000b2fc (0xd03f2423) mem 0x8000d000 0x00000001
core   0: 0x8000b300 (0xff9ff06f) j       pc - 0x8
core   0: 3 0x8000b300 (0xff9ff06f)
core   0: 0x8000b2f8 (0x00002f17) auipc   t5, 0x2
core   0: 3 0x8000b2f8 (0x00002f17) x30 0x8000d2f8
core   0: 0x8000b2fc (0xd03f2423) sw      gp, -760(t5)
core   0: 3 0x8000b2fc (0xd03f2423) mem 0x8000d000 0x00000001
core   0: 0x8000b300 (0xff9ff06f) j       pc - 0x8
core   0: 3 0x8000b300 (0xff9ff06f)
core   0: 0x8000b2f8 (0x00002f17) auipc   t5, 0x2
core   0: 3 0x8000b2f8 (0x00002f17) x30 0x8000d2f8
core   0: 0x8000b2fc (0xd03f2423) sw      gp, -760(t5)
core   0: 3 0x8000b2fc (0xd03f2423) mem 0x8000d000 0x00000001
core   0: 0x8000b300 (0xff9ff06f) j       pc - 0x8
core   0: 3 0x8000b300 (0xff9ff06f)
core   0: 0x8000b2f8 (0x00002f17) auipc   t5, 0x2
core   0: 3 0x8000b2f8 (0x00002f17) x30 0x8000d2f8
core   0: 0x8000b2fc (0xd03f2423) sw      gp, -760(t5)
core   0: 3 0x8000b2fc (0xd03f2423) mem 0x8000d000 0x00000001
core   0: 0x8000b300 (0xff9ff06f) j       pc - 0x8
core   0: 3 0x8000b300 (0xff9ff06f)
core   0: 0x8000b2f8 (0x00002f17) auipc   t5, 0x2
core   0: 3 0x8000b2f8 (0x00002f17) x30 0x8000d2f8
core   0: 0x8000b2fc (0xd03f2423) sw      gp, -760(t5)
core   0: 3 0x8000b2fc (0xd03f2423) mem 0x8000d000 0x00000001
core   0: 0x8000b300 (0xff9ff06f) j       pc - 0x8
core   0: 3 0x8000b300 (0xff9ff06f)
core   0: 0x8000b2f8 (0x00002f17) auipc   t5, 0x2
core   0: 3 0x8000b2f8 (0x00002f17) x30 0x8000d2f8
core   0: 0x8000b2fc (0xd03f2423) sw      gp, -760(t5)
core   0: 3 0x8000b2fc (0xd03f2423) mem 0x8000d000 0x00000001
core   0: 0x8000b300 (0xff9ff06f) j       pc - 0x8
core   0: 3 0x8000b300 (0xff9ff06f)
core   0: 0x8000b2f8 (0x00002f17) auipc   t5, 0x2
core   0: 3 0x8000b2f8 (0x00002f17) x30 0x8000d2f8
core   0: 0x8000b2fc (0xd03f2423) sw      gp, -760(t5)
core   0: 3 0x8000b2fc (0xd03f2423) mem 0x8000d000 0x00000001
core   0: 0x8000b300 (0xff9ff06f) j       pc - 0x8
core   0: 3 0x8000b300 (0xff9ff06f)
core   0: 0x8000b2f8 (0x00002f17) auipc   t5, 0x2
core   0: 3 0x8000b2f8 (0x00002f17) x30 0x8000d2f8
core   0: 0x8000b2fc (0xd03f2423) sw      gp, -760(t5)
core   0: 3 0x8000b2fc (0xd03f2423) mem 0x8000d000 0x00000001
core   0: 0x8000b300 (0xff9ff06f) j       pc - 0x8
core   0: 3 0x8000b300 (0xff9ff06f)
core   0: 0x8000b2f8 (0x00002f17) auipc   t5, 0x2
core   0: 3 0x8000b2f8 (0x00002f17) x30 0x8000d2f8
core   0: 0x8000b2fc (0xd03f2423) sw      gp, -760(t5)
core   0: 3 0x8000b2fc (0xd03f2423) mem 0x8000d000 0x00000001
core   0: 0x8000b300 (0xff9ff06f) j       pc - 0x8
core   0: 3 0x8000b300 (0xff9ff06f)
core   0: 0x8000b2f8 (0x00002f17) auipc   t5, 0x2
core   0: 3 0x8000b2f8 (0x00002f17) x30 0x8000d2f8
core   0: 0x8000b2fc (0xd03f2423) sw      gp, -760(t5)
core   0: 3 0x8000b2fc (0xd03f2423) mem 0x8000d000 0x00000001
core   0: 0x8000b300 (0xff9ff06f) j       pc - 0x8
core   0: 3 0x8000b300 (0xff9ff06f)
core   0: 0x8000b2f8 (0x00002f17) auipc   t5, 0x2
core   0: 3 0x8000b2f8 (0x00002f17) x30 0x8000d2f8
core   0: 0x8000b2fc (0xd03f2423) sw      gp, -760(t5)
core   0: 3 0x8000b2fc (0xd03f2423) mem 0x8000d000 0x00000001
core   0: 0x8000b300 (0xff9ff06f) j       pc - 0x8
core   0: 3 0x8000b300 (0xff9ff06f)
core   0: 0x8000b2f8 (0x00002f17) auipc   t5, 0x2
core   0: 3 0x8000b2f8 (0x00002f17) x30 0x8000d2f8
core   0: 0x8000b2fc (0xd03f2423) sw      gp, -760(t5)
core   0: 3 0x8000b2fc (0xd03f2423) mem 0x8000d000 0x00000001
core   0: 0x8000b300 (0xff9ff06f) j       pc - 0x8
core   0: 3 0x8000b300 (0xff9ff06f)
core   0: 0x8000b2f8 (0x00002f17) auipc   t5, 0x2
core   0: 3 0x8000b2f8 (0x00002f17) x30 0x8000d2f8
core   0: 0x8000b2fc (0xd03f2423) sw      gp, -760(t5)
core   0: 3 0x8000b2fc (0xd03f2423) mem 0x8000d000 0x00000001
core   0: 0x8000b300 (0xff9ff06f) j       pc - 0x8
core   0: 3 0x8000b300 (0xff9ff06f)
core   0: 0x8000b2f8 (0x00002f17) auipc   t5, 0x2
core   0: 3 0x8000b2f8 (0x00002f17) x30 0x8000d2f8
core   0: 0x8000b2fc (0xd03f2423) sw      gp, -760(t5)
core   0: 3 0x8000b2fc (0xd03f2423) mem 0x8000d000 0x00000001
core   0: 0x8000b300 (0xff9ff06f) j       pc - 0x8
core   0: 3 0x8000b300 (0xff9ff06f)
core   0: 0x8000b2f8 (0x00002f17) auipc   t5, 0x2
core   0: 3 0x8000b2f8 (0x00002f17) x30 0x8000d2f8
core   0: 0x8000b2fc (0xd03f2423) sw      gp, -760(t5)
core   0: 3 0x8000b2fc (0xd03f2423) mem 0x8000d000 0x00000001
core   0: 0x8000b300 (0xff9ff06f) j       pc - 0x8
core   0: 3 0x8000b300 (0xff9ff06f)
core   0: 0x8000b2f8 (0x00002f17) auipc   t5, 0x2
core   0: 3 0x8000b2f8 (0x00002f17) x30 0x8000d2f8
core   0: 0x8000b2fc (0xd03f2423) sw      gp, -760(t5)
core   0: 3 0x8000b2fc (0xd03f2423) mem 0x8000d000 0x00000001
core   0: 0x8000b300 (0xff9ff06f) j       pc - 0x8
core   0: 3 0x8000b300 (0xff9ff06f)
core   0: 0x8000b2f8 (0x00002f17) auipc   t5, 0x2
core   0: 3 0x8000b2f8 (0x00002f17) x30 0x8000d2f8
core   0: 0x8000b2fc (0xd03f2423) sw      gp, -760(t5)
core   0: 3 0x8000b2fc (0xd03f2423) mem 0x8000d000 0x00000001
core   0: 0x8000b300 (0xff9ff06f) j       pc - 0x8
core   0: 3 0x8000b300 (0xff9ff06f)
core   0: 0x8000b2f8 (0x00002f17) auipc   t5, 0x2
core   0: 3 0x8000b2f8 (0x00002f17) x30 0x8000d2f8
core   0: 0x8000b2fc (0xd03f2423) sw      gp, -760(t5)
core   0: 3 0x8000b2fc (0xd03f2423) mem 0x8000d000 0x00000001
core   0: 0x8000b300 (0xff9ff06f) j       pc - 0x8
core   0: 3 0x8000b300 (0xff9ff06f)
core   0: 0x8000b2f8 (0x00002f17) auipc   t5, 0x2
core   0: 3 0x8000b2f8 (0x00002f17) x30 0x8000d2f8
core   0: 0x8000b2fc (0xd03f2423) sw      gp, -760(t5)
core   0: 3 0x8000b2fc (0xd03f2423) mem 0x8000d000 0x00000001
core   0: 0x8000b300 (0xff9ff06f) j       pc - 0x8
core   0: 3 0x8000b300 (0xff9ff06f)
core   0: 0x8000b2f8 (0x00002f17) auipc   t5, 0x2
core   0: 3 0x8000b2f8 (0x00002f17) x30 0x8000d2f8
core   0: 0x8000b2fc (0xd03f2423) sw      gp, -760(t5)
core   0: 3 0x8000b2fc (0xd03f2423) mem 0x8000d000 0x00000001
core   0: 0x8000b300 (0xff9ff06f) j       pc - 0x8
core   0: 3 0x8000b300 (0xff9ff06f)
core   0: 0x8000b2f8 (0x00002f17) auipc   t5, 0x2
core   0: 3 0x8000b2f8 (0x00002f17) x30 0x8000d2f8
core   0: 0x8000b2fc (0xd03f2423) sw      gp, -760(t5)
core   0: 3 0x8000b2fc (0xd03f2423) mem 0x8000d000 0x00000001
core   0: 0x8000b300 (0xff9ff06f) j       pc - 0x8
core   0: 3 0x8000b300 (0xff9ff06f)
core   0: 0x8000b2f8 (0x00002f17) auipc   t5, 0x2
core   0: 3 0x8000b2f8 (0x00002f17) x30 0x8000d2f8
core   0: 0x8000b2fc (0xd03f2423) sw      gp, -760(t5)
core   0: 3 0x8000b2fc (0xd03f2423) mem 0x8000d000 0x00000001
core   0: 0x8000b300 (0xff9ff06f) j       pc - 0x8
core   0: 3 0x8000b300 (0xff9ff06f)
core   0: 0x8000b2f8 (0x00002f17) auipc   t5, 0x2
core   0: 3 0x8000b2f8 (0x00002f17) x30 0x8000d2f8
core   0: 0x8000b2fc (0xd03f2423) sw      gp, -760(t5)
core   0: 3 0x8000b2fc (0xd03f2423) mem 0x8000d000 0x00000001
core   0: 0x8000b300 (0xff9ff06f) j       pc - 0x8
core   0: 3 0x8000b300 (0xff9ff06f)
core   0: 0x8000b2f8 (0x00002f17) auipc   t5, 0x2
core   0: 3 0x8000b2f8 (0x00002f17) x30 0x8000d2f8
core   0: 0x8000b2fc (0xd03f2423) sw      gp, -760(t5)
core   0: 3 0x8000b2fc (0xd03f2423) mem 0x8000d000 0x00000001
core   0: 0x8000b300 (0xff9ff06f) j       pc - 0x8
core   0: 3 0x8000b300 (0xff9ff06f)
core   0: 0x8000b2f8 (0x00002f17) auipc   t5, 0x2
core   0: 3 0x8000b2f8 (0x00002f17) x30 0x8000d2f8
core   0: 0x8000b2fc (0xd03f2423) sw      gp, -760(t5)
core   0: 3 0x8000b2fc (0xd03f2423) mem 0x8000d000 0x00000001
core   0: 0x8000b300 (0xff9ff06f) j       pc - 0x8
core   0: 3 0x8000b300 (0xff9ff06f)
core   0: 0x8000b2f8 (0x00002f17) auipc   t5, 0x2
core   0: 3 0x8000b2f8 (0x00002f17) x30 0x8000d2f8
core   0: 0x8000b2fc (0xd03f2423) sw      gp, -760(t5)
core   0: 3 0x8000b2fc (0xd03f2423) mem 0x8000d000 0x00000001
core   0: 0x8000b300 (0xff9ff06f) j       pc - 0x8
core   0: 3 0x8000b300 (0xff9ff06f)
core   0: 0x8000b2f8 (0x00002f17) auipc   t5, 0x2
core   0: 3 0x8000b2f8 (0x00002f17) x30 0x8000d2f8
core   0: 0x8000b2fc (0xd03f2423) sw      gp, -760(t5)
core   0: 3 0x8000b2fc (0xd03f2423) mem 0x8000d000 0x00000001
core   0: 0x8000b300 (0xff9ff06f) j       pc - 0x8
core   0: 3 0x8000b300 (0xff9ff06f)
core   0: 0x8000b2f8 (0x00002f17) auipc   t5, 0x2
core   0: 3 0x8000b2f8 (0x00002f17) x30 0x8000d2f8
core   0: 0x8000b2fc (0xd03f2423) sw      gp, -760(t5)
core   0: 3 0x8000b2fc (0xd03f2423) mem 0x8000d000 0x00000001
core   0: 0x8000b300 (0xff9ff06f) j       pc - 0x8
core   0: 3 0x8000b300 (0xff9ff06f)
core   0: 0x8000b2f8 (0x00002f17) auipc   t5, 0x2
core   0: 3 0x8000b2f8 (0x00002f17) x30 0x8000d2f8
core   0: 0x8000b2fc (0xd03f2423) sw      gp, -760(t5)
core   0: 3 0x8000b2fc (0xd03f2423) mem 0x8000d000 0x00000001
core   0: 0x8000b300 (0xff9ff06f) j       pc - 0x8
core   0: 3 0x8000b300 (0xff9ff06f)
core   0: 0x8000b2f8 (0x00002f17) auipc   t5, 0x2
core   0: 3 0x8000b2f8 (0x00002f17) x30 0x8000d2f8
core   0: 0x8000b2fc (0xd03f2423) sw      gp, -760(t5)
core   0: 3 0x8000b2fc (0xd03f2423) mem 0x8000d000 0x00000001
core   0: 0x8000b300 (0xff9ff06f) j       pc - 0x8
core   0: 3 0x8000b300 (0xff9ff06f)
core   0: 0x8000b2f8 (0x00002f17) auipc   t5, 0x2
core   0: 3 0x8000b2f8 (0x00002f17) x30 0x8000d2f8
core   0: 0x8000b2fc (0xd03f2423) sw      gp, -760(t5)
core   0: 3 0x8000b2fc (0xd03f2423) mem 0x8000d000 0x00000001
core   0: 0x8000b300 (0xff9ff06f) j       pc - 0x8
core   0: 3 0x8000b300 (0xff9ff06f)
core   0: 0x8000b2f8 (0x00002f17) auipc   t5, 0x2
core   0: 3 0x8000b2f8 (0x00002f17) x30 0x8000d2f8
core   0: 0x8000b2fc (0xd03f2423) sw      gp, -760(t5)
core   0: 3 0x8000b2fc (0xd03f2423) mem 0x8000d000 0x00000001
core   0: 0x8000b300 (0xff9ff06f) j       pc - 0x8
core   0: 3 0x8000b300 (0xff9ff06f)
core   0: 0x8000b2f8 (0x00002f17) auipc   t5, 0x2
core   0: 3 0x8000b2f8 (0x00002f17) x30 0x8000d2f8
core   0: 0x8000b2fc (0xd03f2423) sw      gp, -760(t5)
core   0: 3 0x8000b2fc (0xd03f2423) mem 0x8000d000 0x00000001
core   0: 0x8000b300 (0xff9ff06f) j       pc - 0x8
core   0: 3 0x8000b300 (0xff9ff06f)
core   0: 0x8000b2f8 (0x00002f17) auipc   t5, 0x2
core   0: 3 0x8000b2f8 (0x00002f17) x30 0x8000d2f8
core   0: 0x8000b2fc (0xd03f2423) sw      gp, -760(t5)
core   0: 3 0x8000b2fc (0xd03f2423) mem 0x8000d000 0x00000001
core   0: 0x8000b300 (0xff9ff06f) j       pc - 0x8
core   0: 3 0x8000b300 (0xff9ff06f)
core   0: 0x8000b2f8 (0x00002f17) auipc   t5, 0x2
core   0: 3 0x8000b2f8 (0x00002f17) x30 0x8000d2f8
core   0: 0x8000b2fc (0xd03f2423) sw      gp, -760(t5)
core   0: 3 0x8000b2fc (0xd03f2423) mem 0x8000d000 0x00000001
core   0: 0x8000b300 (0xff9ff06f) j       pc - 0x8
core   0: 3 0x8000b300 (0xff9ff06f)
core   0: 0x8000b2f8 (0x00002f17) auipc   t5, 0x2
core   0: 3 0x8000b2f8 (0x00002f17) x30 0x8000d2f8
core   0: 0x8000b2fc (0xd03f2423) sw      gp, -760(t5)
core   0: 3 0x8000b2fc (0xd03f2423) mem 0x8000d000 0x00000001
core   0: 0x8000b300 (0xff9ff06f) j       pc - 0x8
core   0: 3 0x8000b300 (0xff9ff06f)
core   0: 0x8000b2f8 (0x00002f17) auipc   t5, 0x2
core   0: 3 0x8000b2f8 (0x00002f17) x30 0x8000d2f8
core   0: 0x8000b2fc (0xd03f2423) sw      gp, -760(t5)
core   0: 3 0x8000b2fc (0xd03f2423) mem 0x8000d000 0x00000001
core   0: 0x8000b300 (0xff9ff06f) j       pc - 0x8
core   0: 3 0x8000b300 (0xff9ff06f)
core   0: 0x8000b2f8 (0x00002f17) auipc   t5, 0x2
core   0: 3 0x8000b2f8 (0x00002f17) x30 0x8000d2f8
core   0: 0x8000b2fc (0xd03f2423) sw      gp, -760(t5)
core   0: 3 0x8000b2fc (0xd03f2423) mem 0x8000d000 0x00000001
core   0: 0x8000b300 (0xff9ff06f) j       pc - 0x8
core   0: 3 0x8000b300 (0xff9ff06f)
core   0: 0x8000b2f8 (0x00002f17) auipc   t5, 0x2
core   0: 3 0x8000b2f8 (0x00002f17) x30 0x8000d2f8
core   0: 0x8000b2fc (0xd03f2423) sw      gp, -760(t5)
core   0: 3 0x8000b2fc (0xd03f2423) mem 0x8000d000 0x00000001
core   0: 0x8000b300 (0xff9ff06f) j       pc - 0x8
core   0: 3 0x8000b300 (0xff9ff06f)
core   0: 0x8000b2f8 (0x00002f17) auipc   t5, 0x2
core   0: 3 0x8000b2f8 (0x00002f17) x30 0x8000d2f8
core   0: 0x8000b2fc (0xd03f2423) sw      gp, -760(t5)
core   0: 3 0x8000b2fc (0xd03f2423) mem 0x8000d000 0x00000001
core   0: 0x8000b300 (0xff9ff06f) j       pc - 0x8
core   0: 3 0x8000b300 (0xff9ff06f)
core   0: 0x8000b2f8 (0x00002f17) auipc   t5, 0x2
core   0: 3 0x8000b2f8 (0x00002f17) x30 0x8000d2f8
core   0: 0x8000b2fc (0xd03f2423) sw      gp, -760(t5)
core   0: 3 0x8000b2fc (0xd03f2423) mem 0x8000d000 0x00000001
core   0: 0x8000b300 (0xff9ff06f) j       pc - 0x8
core   0: 3 0x8000b300 (0xff9ff06f)
core   0: 0x8000b2f8 (0x00002f17) auipc   t5, 0x2
core   0: 3 0x8000b2f8 (0x00002f17) x30 0x8000d2f8
core   0: 0x8000b2fc (0xd03f2423) sw      gp, -760(t5)
core   0: 3 0x8000b2fc (0xd03f2423) mem 0x8000d000 0x00000001
core   0: 0x8000b300 (0xff9ff06f) j       pc - 0x8
core   0: 3 0x8000b300 (0xff9ff06f)
core   0: 0x8000b2f8 (0x00002f17) auipc   t5, 0x2
core   0: 3 0x8000b2f8 (0x00002f17) x30 0x8000d2f8
core   0: 0x8000b2fc (0xd03f2423) sw      gp, -760(t5)
core   0: 3 0x8000b2fc (0xd03f2423) mem 0x8000d000 0x00000001
core   0: 0x8000b300 (0xff9ff06f) j       pc - 0x8
core   0: 3 0x8000b300 (0xff9ff06f)
core   0: 0x8000b2f8 (0x00002f17) auipc   t5, 0x2
core   0: 3 0x8000b2f8 (0x00002f17) x30 0x8000d2f8
core   0: 0x8000b2fc (0xd03f2423) sw      gp, -760(t5)
core   0: 3 0x8000b2fc (0xd03f2423) mem 0x8000d000 0x00000001
core   0: 0x8000b300 (0xff9ff06f) j       pc - 0x8
core   0: 3 0x8000b300 (0xff9ff06f)
core   0: 0x8000b2f8 (0x00002f17) auipc   t5, 0x2
core   0: 3 0x8000b2f8 (0x00002f17) x30 0x8000d2f8
core   0: 0x8000b2fc (0xd03f2423) sw      gp, -760(t5)
core   0: 3 0x8000b2fc (0xd03f2423) mem 0x8000d000 0x00000001
core   0: 0x8000b300 (0xff9ff06f) j       pc - 0x8
core   0: 3 0x8000b300 (0xff9ff06f)
core   0: 0x8000b2f8 (0x00002f17) auipc   t5, 0x2
core   0: 3 0x8000b2f8 (0x00002f17) x30 0x8000d2f8
core   0: 0x8000b2fc (0xd03f2423) sw      gp, -760(t5)
core   0: 3 0x8000b2fc (0xd03f2423) mem 0x8000d000 0x00000001
core   0: 0x8000b300 (0xff9ff06f) j       pc - 0x8
core   0: 3 0x8000b300 (0xff9ff06f)
core   0: 0x8000b2f8 (0x00002f17) auipc   t5, 0x2
core   0: 3 0x8000b2f8 (0x00002f17) x30 0x8000d2f8
core   0: 0x8000b2fc (0xd03f2423) sw      gp, -760(t5)
core   0: 3 0x8000b2fc (0xd03f2423) mem 0x8000d000 0x00000001
core   0: 0x8000b300 (0xff9ff06f) j       pc - 0x8
core   0: 3 0x8000b300 (0xff9ff06f)
core   0: 0x8000b2f8 (0x00002f17) auipc   t5, 0x2
core   0: 3 0x8000b2f8 (0x00002f17) x30 0x8000d2f8
core   0: 0x8000b2fc (0xd03f2423) sw      gp, -760(t5)
core   0: 3 0x8000b2fc (0xd03f2423) mem 0x8000d000 0x00000001
core   0: 0x8000b300 (0xff9ff06f) j       pc - 0x8
core   0: 3 0x8000b300 (0xff9ff06f)
core   0: 0x8000b2f8 (0x00002f17) auipc   t5, 0x2
core   0: 3 0x8000b2f8 (0x00002f17) x30 0x8000d2f8
core   0: 0x8000b2fc (0xd03f2423) sw      gp, -760(t5)
core   0: 3 0x8000b2fc (0xd03f2423) mem 0x8000d000 0x00000001
core   0: 0x8000b300 (0xff9ff06f) j       pc - 0x8
core   0: 3 0x8000b300 (0xff9ff06f)
core   0: 0x8000b2f8 (0x00002f17) auipc   t5, 0x2
core   0: 3 0x8000b2f8 (0x00002f17) x30 0x8000d2f8
core   0: 0x8000b2fc (0xd03f2423) sw      gp, -760(t5)
core   0: 3 0x8000b2fc (0xd03f2423) mem 0x8000d000 0x00000001
core   0: 0x8000b300 (0xff9ff06f) j       pc - 0x8
core   0: 3 0x8000b300 (0xff9ff06f)
core   0: 0x8000b2f8 (0x00002f17) auipc   t5, 0x2
core   0: 3 0x8000b2f8 (0x00002f17) x30 0x8000d2f8
core   0: 0x8000b2fc (0xd03f2423) sw      gp, -760(t5)
core   0: 3 0x8000b2fc (0xd03f2423) mem 0x8000d000 0x00000001
core   0: 0x8000b300 (0xff9ff06f) j       pc - 0x8
core   0: 3 0x8000b300 (0xff9ff06f)
core   0: 0x8000b2f8 (0x00002f17) auipc   t5, 0x2
core   0: 3 0x8000b2f8 (0x00002f17) x30 0x8000d2f8
core   0: 0x8000b2fc (0xd03f2423) sw      gp, -760(t5)
core   0: 3 0x8000b2fc (0xd03f2423) mem 0x8000d000 0x00000001
core   0: 0x8000b300 (0xff9ff06f) j       pc - 0x8
core   0: 3 0x8000b300 (0xff9ff06f)
core   0: 0x8000b2f8 (0x00002f17) auipc   t5, 0x2
core   0: 3 0x8000b2f8 (0x00002f17) x30 0x8000d2f8
core   0: 0x8000b2fc (0xd03f2423) sw      gp, -760(t5)
core   0: 3 0x8000b2fc (0xd03f2423) mem 0x8000d000 0x00000001
core   0: 0x8000b300 (0xff9ff06f) j       pc - 0x8
core   0: 3 0x8000b300 (0xff9ff06f)
core   0: 0x8000b2f8 (0x00002f17) auipc   t5, 0x2
core   0: 3 0x8000b2f8 (0x00002f17) x30 0x8000d2f8
core   0: 0x8000b2fc (0xd03f2423) sw      gp, -760(t5)
core   0: 3 0x8000b2fc (0xd03f2423) mem 0x8000d000 0x00000001
core   0: 0x8000b300 (0xff9ff06f) j       pc - 0x8
core   0: 3 0x8000b300 (0xff9ff06f)
core   0: 0x8000b2f8 (0x00002f17) auipc   t5, 0x2
core   0: 3 0x8000b2f8 (0x00002f17) x30 0x8000d2f8
core   0: 0x8000b2fc (0xd03f2423) sw      gp, -760(t5)
core   0: 3 0x8000b2fc (0xd03f2423) mem 0x8000d000 0x00000001
core   0: 0x8000b300 (0xff9ff06f) j       pc - 0x8
core   0: 3 0x8000b300 (0xff9ff06f)
core   0: 0x8000b2f8 (0x00002f17) auipc   t5, 0x2
core   0: 3 0x8000b2f8 (0x00002f17) x30 0x8000d2f8
core   0: 0x8000b2fc (0xd03f2423) sw      gp, -760(t5)
core   0: 3 0x8000b2fc (0xd03f2423) mem 0x8000d000 0x00000001
core   0: 0x8000b300 (0xff9ff06f) j       pc - 0x8
core   0: 3 0x8000b300 (0xff9ff06f)
core   0: 0x8000b2f8 (0x00002f17) auipc   t5, 0x2
core   0: 3 0x8000b2f8 (0x00002f17) x30 0x8000d2f8
core   0: 0x8000b2fc (0xd03f2423) sw      gp, -760(t5)
core   0: 3 0x8000b2fc (0xd03f2423) mem 0x8000d000 0x00000001
core   0: 0x8000b300 (0xff9ff06f) j       pc - 0x8
core   0: 3 0x8000b300 (0xff9ff06f)
core   0: 0x8000b2f8 (0x00002f17) auipc   t5, 0x2
core   0: 3 0x8000b2f8 (0x00002f17) x30 0x8000d2f8
core   0: 0x8000b2fc (0xd03f2423) sw      gp, -760(t5)
core   0: 3 0x8000b2fc (0xd03f2423) mem 0x8000d000 0x00000001
core   0: 0x8000b300 (0xff9ff06f) j       pc - 0x8
core   0: 3 0x8000b300 (0xff9ff06f)
core   0: 0x8000b2f8 (0x00002f17) auipc   t5, 0x2
core   0: 3 0x8000b2f8 (0x00002f17) x30 0x8000d2f8
core   0: 0x8000b2fc (0xd03f2423) sw      gp, -760(t5)
core   0: 3 0x8000b2fc (0xd03f2423) mem 0x8000d000 0x00000001
core   0: 0x8000b300 (0xff9ff06f) j       pc - 0x8
core   0: 3 0x8000b300 (0xff9ff06f)
core   0: 0x8000b2f8 (0x00002f17) auipc   t5, 0x2
core   0: 3 0x8000b2f8 (0x00002f17) x30 0x8000d2f8
core   0: 0x8000b2fc (0xd03f2423) sw      gp, -760(t5)
core   0: 3 0x8000b2fc (0xd03f2423) mem 0x8000d000 0x00000001
core   0: 0x8000b300 (0xff9ff06f) j       pc - 0x8
core   0: 3 0x8000b300 (0xff9ff06f)
core   0: 0x8000b2f8 (0x00002f17) auipc   t5, 0x2
core   0: 3 0x8000b2f8 (0x00002f17) x30 0x8000d2f8
core   0: 0x8000b2fc (0xd03f2423) sw      gp, -760(t5)
core   0: 3 0x8000b2fc (0xd03f2423) mem 0x8000d000 0x00000001
core   0: 0x8000b300 (0xff9ff06f) j       pc - 0x8
core   0: 3 0x8000b300 (0xff9ff06f)
core   0: 0x8000b2f8 (0x00002f17) auipc   t5, 0x2
core   0: 3 0x8000b2f8 (0x00002f17) x30 0x8000d2f8
core   0: 0x8000b2fc (0xd03f2423) sw      gp, -760(t5)
core   0: 3 0x8000b2fc (0xd03f2423) mem 0x8000d000 0x00000001
core   0: 0x8000b300 (0xff9ff06f) j       pc - 0x8
core   0: 3 0x8000b300 (0xff9ff06f)
core   0: 0x8000b2f8 (0x00002f17) auipc   t5, 0x2
core   0: 3 0x8000b2f8 (0x00002f17) x30 0x8000d2f8
core   0: 0x8000b2fc (0xd03f2423) sw      gp, -760(t5)
core   0: 3 0x8000b2fc (0xd03f2423) mem 0x8000d000 0x00000001
core   0: 0x8000b300 (0xff9ff06f) j       pc - 0x8
core   0: 3 0x8000b300 (0xff9ff06f)
core   0: 0x8000b2f8 (0x00002f17) auipc   t5, 0x2
core   0: 3 0x8000b2f8 (0x00002f17) x30 0x8000d2f8
core   0: 0x8000b2fc (0xd03f2423) sw      gp, -760(t5)
core   0: 3 0x8000b2fc (0xd03f2423) mem 0x8000d000 0x00000001
core   0: 0x8000b300 (0xff9ff06f) j       pc - 0x8
core   0: 3 0x8000b300 (0xff9ff06f)
core   0: 0x8000b2f8 (0x00002f17) auipc   t5, 0x2
core   0: 3 0x8000b2f8 (0x00002f17) x30 0x8000d2f8
core   0: 0x8000b2fc (0xd03f2423) sw      gp, -760(t5)
core   0: 3 0x8000b2fc (0xd03f2423) mem 0x8000d000 0x00000001
core   0: 0x8000b300 (0xff9ff06f) j       pc - 0x8
core   0: 3 0x8000b300 (0xff9ff06f)
core   0: 0x8000b2f8 (0x00002f17) auipc   t5, 0x2
core   0: 3 0x8000b2f8 (0x00002f17) x30 0x8000d2f8
core   0: 0x8000b2fc (0xd03f2423) sw      gp, -760(t5)
core   0: 3 0x8000b2fc (0xd03f2423) mem 0x8000d000 0x00000001
core   0: 0x8000b300 (0xff9ff06f) j       pc - 0x8
core   0: 3 0x8000b300 (0xff9ff06f)
core   0: 0x8000b2f8 (0x00002f17) auipc   t5, 0x2
core   0: 3 0x8000b2f8 (0x00002f17) x30 0x8000d2f8
core   0: 0x8000b2fc (0xd03f2423) sw      gp, -760(t5)
core   0: 3 0x8000b2fc (0xd03f2423) mem 0x8000d000 0x00000001
core   0: 0x8000b300 (0xff9ff06f) j       pc - 0x8
core   0: 3 0x8000b300 (0xff9ff06f)
core   0: 0x8000b2f8 (0x00002f17) auipc   t5, 0x2
core   0: 3 0x8000b2f8 (0x00002f17) x30 0x8000d2f8
core   0: 0x8000b2fc (0xd03f2423) sw      gp, -760(t5)
core   0: 3 0x8000b2fc (0xd03f2423) mem 0x8000d000 0x00000001
core   0: 0x8000b300 (0xff9ff06f) j       pc - 0x8
core   0: 3 0x8000b300 (0xff9ff06f)
core   0: 0x8000b2f8 (0x00002f17) auipc   t5, 0x2
core   0: 3 0x8000b2f8 (0x00002f17) x30 0x8000d2f8
core   0: 0x8000b2fc (0xd03f2423) sw      gp, -760(t5)
core   0: 3 0x8000b2fc (0xd03f2423) mem 0x8000d000 0x00000001
core   0: 0x8000b300 (0xff9ff06f) j       pc - 0x8
core   0: 3 0x8000b300 (0xff9ff06f)
core   0: 0x8000b2f8 (0x00002f17) auipc   t5, 0x2
core   0: 3 0x8000b2f8 (0x00002f17) x30 0x8000d2f8
core   0: 0x8000b2fc (0xd03f2423) sw      gp, -760(t5)
core   0: 3 0x8000b2fc (0xd03f2423) mem 0x8000d000 0x00000001
core   0: 0x8000b300 (0xff9ff06f) j       pc - 0x8
core   0: 3 0x8000b300 (0xff9ff06f)
core   0: 0x8000b2f8 (0x00002f17) auipc   t5, 0x2
core   0: 3 0x8000b2f8 (0x00002f17) x30 0x8000d2f8
core   0: 0x8000b2fc (0xd03f2423) sw      gp, -760(t5)
core   0: 3 0x8000b2fc (0xd03f2423) mem 0x8000d000 0x00000001
core   0: 0x8000b300 (0xff9ff06f) j       pc - 0x8
core   0: 3 0x8000b300 (0xff9ff06f)
core   0: 0x8000b2f8 (0x00002f17) auipc   t5, 0x2
core   0: 3 0x8000b2f8 (0x00002f17) x30 0x8000d2f8
core   0: 0x8000b2fc (0xd03f2423) sw      gp, -760(t5)
core   0: 3 0x8000b2fc (0xd03f2423) mem 0x8000d000 0x00000001
core   0: 0x8000b300 (0xff9ff06f) j       pc - 0x8
core   0: 3 0x8000b300 (0xff9ff06f)
core   0: 0x8000b2f8 (0x00002f17) auipc   t5, 0x2
core   0: 3 0x8000b2f8 (0x00002f17) x30 0x8000d2f8
core   0: 0x8000b2fc (0xd03f2423) sw      gp, -760(t5)
core   0: 3 0x8000b2fc (0xd03f2423) mem 0x8000d000 0x00000001
core   0: 0x8000b300 (0xff9ff06f) j       pc - 0x8
core   0: 3 0x8000b300 (0xff9ff06f)
core   0: 0x8000b2f8 (0x00002f17) auipc   t5, 0x2
core   0: 3 0x8000b2f8 (0x00002f17) x30 0x8000d2f8
core   0: 0x8000b2fc (0xd03f2423) sw      gp, -760(t5)
core   0: 3 0x8000b2fc (0xd03f2423) mem 0x8000d000 0x00000001
core   0: 0x8000b300 (0xff9ff06f) j       pc - 0x8
core   0: 3 0x8000b300 (0xff9ff06f)
core   0: 0x8000b2f8 (0x00002f17) auipc   t5, 0x2
core   0: 3 0x8000b2f8 (0x00002f17) x30 0x8000d2f8
core   0: 0x8000b2fc (0xd03f2423) sw      gp, -760(t5)
core   0: 3 0x8000b2fc (0xd03f2423) mem 0x8000d000 0x00000001
core   0: 0x8000b300 (0xff9ff06f) j       pc - 0x8
core   0: 3 0x8000b300 (0xff9ff06f)
core   0: 0x8000b2f8 (0x00002f17) auipc   t5, 0x2
core   0: 3 0x8000b2f8 (0x00002f17) x30 0x8000d2f8
core   0: 0x8000b2fc (0xd03f2423) sw      gp, -760(t5)
core   0: 3 0x8000b2fc (0xd03f2423) mem 0x8000d000 0x00000001
core   0: 0x8000b300 (0xff9ff06f) j       pc - 0x8
core   0: 3 0x8000b300 (0xff9ff06f)
core   0: 0x8000b2f8 (0x00002f17) auipc   t5, 0x2
core   0: 3 0x8000b2f8 (0x00002f17) x30 0x8000d2f8
core   0: 0x8000b2fc (0xd03f2423) sw      gp, -760(t5)
core   0: 3 0x8000b2fc (0xd03f2423) mem 0x8000d000 0x00000001
core   0: 0x8000b300 (0xff9ff06f) j       pc - 0x8
core   0: 3 0x8000b300 (0xff9ff06f)
core   0: 0x8000b2f8 (0x00002f17) auipc   t5, 0x2
core   0: 3 0x8000b2f8 (0x00002f17) x30 0x8000d2f8
core   0: 0x8000b2fc (0xd03f2423) sw      gp, -760(t5)
core   0: 3 0x8000b2fc (0xd03f2423) mem 0x8000d000 0x00000001
core   0: 0x8000b300 (0xff9ff06f) j       pc - 0x8
core   0: 3 0x8000b300 (0xff9ff06f)
core   0: 0x8000b2f8 (0x00002f17) auipc   t5, 0x2
core   0: 3 0x8000b2f8 (0x00002f17) x30 0x8000d2f8
core   0: 0x8000b2fc (0xd03f2423) sw      gp, -760(t5)
core   0: 3 0x8000b2fc (0xd03f2423) mem 0x8000d000 0x00000001
core   0: 0x8000b300 (0xff9ff06f) j       pc - 0x8
core   0: 3 0x8000b300 (0xff9ff06f)
core   0: 0x8000b2f8 (0x00002f17) auipc   t5, 0x2
core   0: 3 0x8000b2f8 (0x00002f17) x30 0x8000d2f8
core   0: 0x8000b2fc (0xd03f2423) sw      gp, -760(t5)
core   0: 3 0x8000b2fc (0xd03f2423) mem 0x8000d000 0x00000001
core   0: 0x8000b300 (0xff9ff06f) j       pc - 0x8
core   0: 3 0x8000b300 (0xff9ff06f)
core   0: 0x8000b2f8 (0x00002f17) auipc   t5, 0x2
core   0: 3 0x8000b2f8 (0x00002f17) x30 0x8000d2f8
core   0: 0x8000b2fc (0xd03f2423) sw      gp, -760(t5)
core   0: 3 0x8000b2fc (0xd03f2423) mem 0x8000d000 0x00000001
core   0: 0x8000b300 (0xff9ff06f) j       pc - 0x8
core   0: 3 0x8000b300 (0xff9ff06f)
core   0: 0x8000b2f8 (0x00002f17) auipc   t5, 0x2
core   0: 3 0x8000b2f8 (0x00002f17) x30 0x8000d2f8
core   0: 0x8000b2fc (0xd03f2423) sw      gp, -760(t5)
core   0: 3 0x8000b2fc (0xd03f2423) mem 0x8000d000 0x00000001
core   0: 0x8000b300 (0xff9ff06f) j       pc - 0x8
core   0: 3 0x8000b300 (0xff9ff06f)
core   0: 0x8000b2f8 (0x00002f17) auipc   t5, 0x2
core   0: 3 0x8000b2f8 (0x00002f17) x30 0x8000d2f8
core   0: 0x8000b2fc (0xd03f2423) sw      gp, -760(t5)
core   0: 3 0x8000b2fc (0xd03f2423) mem 0x8000d000 0x00000001
core   0: 0x8000b300 (0xff9ff06f) j       pc - 0x8
core   0: 3 0x8000b300 (0xff9ff06f)
core   0: 0x8000b2f8 (0x00002f17) auipc   t5, 0x2
core   0: 3 0x8000b2f8 (0x00002f17) x30 0x8000d2f8
core   0: 0x8000b2fc (0xd03f2423) sw      gp, -760(t5)
core   0: 3 0x8000b2fc (0xd03f2423) mem 0x8000d000 0x00000001
core   0: 0x8000b300 (0xff9ff06f) j       pc - 0x8
core   0: 3 0x8000b300 (0xff9ff06f)
core   0: 0x8000b2f8 (0x00002f17) auipc   t5, 0x2
core   0: 3 0x8000b2f8 (0x00002f17) x30 0x8000d2f8
core   0: 0x8000b2fc (0xd03f2423) sw      gp, -760(t5)
core   0: 3 0x8000b2fc (0xd03f2423) mem 0x8000d000 0x00000001
core   0: 0x8000b300 (0xff9ff06f) j       pc - 0x8
core   0: 3 0x8000b300 (0xff9ff06f)
core   0: 0x8000b2f8 (0x00002f17) auipc   t5, 0x2
core   0: 3 0x8000b2f8 (0x00002f17) x30 0x8000d2f8
core   0: 0x8000b2fc (0xd03f2423) sw      gp, -760(t5)
core   0: 3 0x8000b2fc (0xd03f2423) mem 0x8000d000 0x00000001
core   0: 0x8000b300 (0xff9ff06f) j       pc - 0x8
core   0: 3 0x8000b300 (0xff9ff06f)
core   0: 0x8000b2f8 (0x00002f17) auipc   t5, 0x2
core   0: 3 0x8000b2f8 (0x00002f17) x30 0x8000d2f8
core   0: 0x8000b2fc (0xd03f2423) sw      gp, -760(t5)
core   0: 3 0x8000b2fc (0xd03f2423) mem 0x8000d000 0x00000001
core   0: 0x8000b300 (0xff9ff06f) j       pc - 0x8
core   0: 3 0x8000b300 (0xff9ff06f)
core   0: 0x8000b2f8 (0x00002f17) auipc   t5, 0x2
core   0: 3 0x8000b2f8 (0x00002f17) x30 0x8000d2f8
core   0: 0x8000b2fc (0xd03f2423) sw      gp, -760(t5)
core   0: 3 0x8000b2fc (0xd03f2423) mem 0x8000d000 0x00000001
core   0: 0x8000b300 (0xff9ff06f) j       pc - 0x8
core   0: 3 0x8000b300 (0xff9ff06f)
core   0: 0x8000b2f8 (0x00002f17) auipc   t5, 0x2
core   0: 3 0x8000b2f8 (0x00002f17) x30 0x8000d2f8
core   0: 0x8000b2fc (0xd03f2423) sw      gp, -760(t5)
core   0: 3 0x8000b2fc (0xd03f2423) mem 0x8000d000 0x00000001
core   0: 0x8000b300 (0xff9ff06f) j       pc - 0x8
core   0: 3 0x8000b300 (0xff9ff06f)
core   0: 0x8000b2f8 (0x00002f17) auipc   t5, 0x2
core   0: 3 0x8000b2f8 (0x00002f17) x30 0x8000d2f8
core   0: 0x8000b2fc (0xd03f2423) sw      gp, -760(t5)
core   0: 3 0x8000b2fc (0xd03f2423) mem 0x8000d000 0x00000001
core   0: 0x8000b300 (0xff9ff06f) j       pc - 0x8
core   0: 3 0x8000b300 (0xff9ff06f)
core   0: 0x8000b2f8 (0x00002f17) auipc   t5, 0x2
core   0: 3 0x8000b2f8 (0x00002f17) x30 0x8000d2f8
core   0: 0x8000b2fc (0xd03f2423) sw      gp, -760(t5)
core   0: 3 0x8000b2fc (0xd03f2423) mem 0x8000d000 0x00000001
core   0: 0x8000b300 (0xff9ff06f) j       pc - 0x8
core   0: 3 0x8000b300 (0xff9ff06f)
core   0: 0x8000b2f8 (0x00002f17) auipc   t5, 0x2
core   0: 3 0x8000b2f8 (0x00002f17) x30 0x8000d2f8
core   0: 0x8000b2fc (0xd03f2423) sw      gp, -760(t5)
core   0: 3 0x8000b2fc (0xd03f2423) mem 0x8000d000 0x00000001
core   0: 0x8000b300 (0xff9ff06f) j       pc - 0x8
core   0: 3 0x8000b300 (0xff9ff06f)
core   0: 0x8000b2f8 (0x00002f17) auipc   t5, 0x2
core   0: 3 0x8000b2f8 (0x00002f17) x30 0x8000d2f8
core   0: 0x8000b2fc (0xd03f2423) sw      gp, -760(t5)
core   0: 3 0x8000b2fc (0xd03f2423) mem 0x8000d000 0x00000001
core   0: 0x8000b300 (0xff9ff06f) j       pc - 0x8
core   0: 3 0x8000b300 (0xff9ff06f)
core   0: 0x8000b2f8 (0x00002f17) auipc   t5, 0x2
core   0: 3 0x8000b2f8 (0x00002f17) x30 0x8000d2f8
core   0: 0x8000b2fc (0xd03f2423) sw      gp, -760(t5)
core   0: 3 0x8000b2fc (0xd03f2423) mem 0x8000d000 0x00000001
core   0: 0x8000b300 (0xff9ff06f) j       pc - 0x8
core   0: 3 0x8000b300 (0xff9ff06f)
core   0: 0x8000b2f8 (0x00002f17) auipc   t5, 0x2
core   0: 3 0x8000b2f8 (0x00002f17) x30 0x8000d2f8
core   0: 0x8000b2fc (0xd03f2423) sw      gp, -760(t5)
core   0: 3 0x8000b2fc (0xd03f2423) mem 0x8000d000 0x00000001
core   0: 0x8000b300 (0xff9ff06f) j       pc - 0x8
core   0: 3 0x8000b300 (0xff9ff06f)
core   0: 0x8000b2f8 (0x00002f17) auipc   t5, 0x2
core   0: 3 0x8000b2f8 (0x00002f17) x30 0x8000d2f8
core   0: 0x8000b2fc (0xd03f2423) sw      gp, -760(t5)
core   0: 3 0x8000b2fc (0xd03f2423) mem 0x8000d000 0x00000001
core   0: 0x8000b300 (0xff9ff06f) j       pc - 0x8
core   0: 3 0x8000b300 (0xff9ff06f)
core   0: 0x8000b2f8 (0x00002f17) auipc   t5, 0x2
core   0: 3 0x8000b2f8 (0x00002f17) x30 0x8000d2f8
core   0: 0x8000b2fc (0xd03f2423) sw      gp, -760(t5)
core   0: 3 0x8000b2fc (0xd03f2423) mem 0x8000d000 0x00000001
core   0: 0x8000b300 (0xff9ff06f) j       pc - 0x8
core   0: 3 0x8000b300 (0xff9ff06f)
core   0: 0x8000b2f8 (0x00002f17) auipc   t5, 0x2
core   0: 3 0x8000b2f8 (0x00002f17) x30 0x8000d2f8
core   0: 0x8000b2fc (0xd03f2423) sw      gp, -760(t5)
core   0: 3 0x8000b2fc (0xd03f2423) mem 0x8000d000 0x00000001
core   0: 0x8000b300 (0xff9ff06f) j       pc - 0x8
core   0: 3 0x8000b300 (0xff9ff06f)
core   0: 0x8000b2f8 (0x00002f17) auipc   t5, 0x2
core   0: 3 0x8000b2f8 (0x00002f17) x30 0x8000d2f8
core   0: 0x8000b2fc (0xd03f2423) sw      gp, -760(t5)
core   0: 3 0x8000b2fc (0xd03f2423) mem 0x8000d000 0x00000001
core   0: 0x8000b300 (0xff9ff06f) j       pc - 0x8
core   0: 3 0x8000b300 (0xff9ff06f)
core   0: 0x8000b2f8 (0x00002f17) auipc   t5, 0x2
core   0: 3 0x8000b2f8 (0x00002f17) x30 0x8000d2f8
core   0: 0x8000b2fc (0xd03f2423) sw      gp, -760(t5)
core   0: 3 0x8000b2fc (0xd03f2423) mem 0x8000d000 0x00000001
core   0: 0x8000b300 (0xff9ff06f) j       pc - 0x8
core   0: 3 0x8000b300 (0xff9ff06f)
core   0: 0x8000b2f8 (0x00002f17) auipc   t5, 0x2
core   0: 3 0x8000b2f8 (0x00002f17) x30 0x8000d2f8
core   0: 0x8000b2fc (0xd03f2423) sw      gp, -760(t5)
core   0: 3 0x8000b2fc (0xd03f2423) mem 0x8000d000 0x00000001
core   0: 0x8000b300 (0xff9ff06f) j       pc - 0x8
core   0: 3 0x8000b300 (0xff9ff06f)
core   0: 0x8000b2f8 (0x00002f17) auipc   t5, 0x2
core   0: 3 0x8000b2f8 (0x00002f17) x30 0x8000d2f8
core   0: 0x8000b2fc (0xd03f2423) sw      gp, -760(t5)
core   0: 3 0x8000b2fc (0xd03f2423) mem 0x8000d000 0x00000001
core   0: 0x8000b300 (0xff9ff06f) j       pc - 0x8
core   0: 3 0x8000b300 (0xff9ff06f)
core   0: 0x8000b2f8 (0x00002f17) auipc   t5, 0x2
core   0: 3 0x8000b2f8 (0x00002f17) x30 0x8000d2f8
core   0: 0x8000b2fc (0xd03f2423) sw      gp, -760(t5)
core   0: 3 0x8000b2fc (0xd03f2423) mem 0x8000d000 0x00000001
core   0: 0x8000b300 (0xff9ff06f) j       pc - 0x8
core   0: 3 0x8000b300 (0xff9ff06f)
core   0: 0x8000b2f8 (0x00002f17) auipc   t5, 0x2
core   0: 3 0x8000b2f8 (0x00002f17) x30 0x8000d2f8
core   0: 0x8000b2fc (0xd03f2423) sw      gp, -760(t5)
core   0: 3 0x8000b2fc (0xd03f2423) mem 0x8000d000 0x00000001
core   0: 0x8000b300 (0xff9ff06f) j       pc - 0x8
core   0: 3 0x8000b300 (0xff9ff06f)
core   0: 0x8000b2f8 (0x00002f17) auipc   t5, 0x2
core   0: 3 0x8000b2f8 (0x00002f17) x30 0x8000d2f8
core   0: 0x8000b2fc (0xd03f2423) sw      gp, -760(t5)
core   0: 3 0x8000b2fc (0xd03f2423) mem 0x8000d000 0x00000001
core   0: 0x8000b300 (0xff9ff06f) j       pc - 0x8
core   0: 3 0x8000b300 (0xff9ff06f)
core   0: 0x8000b2f8 (0x00002f17) auipc   t5, 0x2
core   0: 3 0x8000b2f8 (0x00002f17) x30 0x8000d2f8
core   0: 0x8000b2fc (0xd03f2423) sw      gp, -760(t5)
core   0: 3 0x8000b2fc (0xd03f2423) mem 0x8000d000 0x00000001
core   0: 0x8000b300 (0xff9ff06f) j       pc - 0x8
core   0: 3 0x8000b300 (0xff9ff06f)
core   0: 0x8000b2f8 (0x00002f17) auipc   t5, 0x2
core   0: 3 0x8000b2f8 (0x00002f17) x30 0x8000d2f8
core   0: 0x8000b2fc (0xd03f2423) sw      gp, -760(t5)
core   0: 3 0x8000b2fc (0xd03f2423) mem 0x8000d000 0x00000001
core   0: 0x8000b300 (0xff9ff06f) j       pc - 0x8
core   0: 3 0x8000b300 (0xff9ff06f)
core   0: 0x8000b2f8 (0x00002f17) auipc   t5, 0x2
core   0: 3 0x8000b2f8 (0x00002f17) x30 0x8000d2f8
core   0: 0x8000b2fc (0xd03f2423) sw      gp, -760(t5)
core   0: 3 0x8000b2fc (0xd03f2423) mem 0x8000d000 0x00000001
core   0: 0x8000b300 (0xff9ff06f) j       pc - 0x8
core   0: 3 0x8000b300 (0xff9ff06f)
core   0: 0x8000b2f8 (0x00002f17) auipc   t5, 0x2
core   0: 3 0x8000b2f8 (0x00002f17) x30 0x8000d2f8
core   0: 0x8000b2fc (0xd03f2423) sw      gp, -760(t5)
core   0: 3 0x8000b2fc (0xd03f2423) mem 0x8000d000 0x00000001
core   0: 0x8000b300 (0xff9ff06f) j       pc - 0x8
core   0: 3 0x8000b300 (0xff9ff06f)
core   0: 0x8000b2f8 (0x00002f17) auipc   t5, 0x2
core   0: 3 0x8000b2f8 (0x00002f17) x30 0x8000d2f8
core   0: 0x8000b2fc (0xd03f2423) sw      gp, -760(t5)
core   0: 3 0x8000b2fc (0xd03f2423) mem 0x8000d000 0x00000001
core   0: 0x8000b300 (0xff9ff06f) j       pc - 0x8
core   0: 3 0x8000b300 (0xff9ff06f)
core   0: 0x8000b2f8 (0x00002f17) auipc   t5, 0x2
core   0: 3 0x8000b2f8 (0x00002f17) x30 0x8000d2f8
core   0: 0x8000b2fc (0xd03f2423) sw      gp, -760(t5)
core   0: 3 0x8000b2fc (0xd03f2423) mem 0x8000d000 0x00000001
core   0: 0x8000b300 (0xff9ff06f) j       pc - 0x8
core   0: 3 0x8000b300 (0xff9ff06f)
core   0: 0x8000b2f8 (0x00002f17) auipc   t5, 0x2
core   0: 3 0x8000b2f8 (0x00002f17) x30 0x8000d2f8
core   0: 0x8000b2fc (0xd03f2423) sw      gp, -760(t5)
core   0: 3 0x8000b2fc (0xd03f2423) mem 0x8000d000 0x00000001
core   0: 0x8000b300 (0xff9ff06f) j       pc - 0x8
core   0: 3 0x8000b300 (0xff9ff06f)
core   0: 0x8000b2f8 (0x00002f17) auipc   t5, 0x2
core   0: 3 0x8000b2f8 (0x00002f17) x30 0x8000d2f8
core   0: 0x8000b2fc (0xd03f2423) sw      gp, -760(t5)
core   0: 3 0x8000b2fc (0xd03f2423) mem 0x8000d000 0x00000001
core   0: 0x8000b300 (0xff9ff06f) j       pc - 0x8
core   0: 3 0x8000b300 (0xff9ff06f)
core   0: 0x8000b2f8 (0x00002f17) auipc   t5, 0x2
core   0: 3 0x8000b2f8 (0x00002f17) x30 0x8000d2f8
core   0: 0x8000b2fc (0xd03f2423) sw      gp, -760(t5)
core   0: 3 0x8000b2fc (0xd03f2423) mem 0x8000d000 0x00000001
core   0: 0x8000b300 (0xff9ff06f) j       pc - 0x8
core   0: 3 0x8000b300 (0xff9ff06f)
core   0: 0x8000b2f8 (0x00002f17) auipc   t5, 0x2
core   0: 3 0x8000b2f8 (0x00002f17) x30 0x8000d2f8
core   0: 0x8000b2fc (0xd03f2423) sw      gp, -760(t5)
core   0: 3 0x8000b2fc (0xd03f2423) mem 0x8000d000 0x00000001
core   0: 0x8000b300 (0xff9ff06f) j       pc - 0x8
core   0: 3 0x8000b300 (0xff9ff06f)
core   0: 0x8000b2f8 (0x00002f17) auipc   t5, 0x2
core   0: 3 0x8000b2f8 (0x00002f17) x30 0x8000d2f8
core   0: 0x8000b2fc (0xd03f2423) sw      gp, -760(t5)
core   0: 3 0x8000b2fc (0xd03f2423) mem 0x8000d000 0x00000001
core   0: 0x8000b300 (0xff9ff06f) j       pc - 0x8
core   0: 3 0x8000b300 (0xff9ff06f)
core   0: 0x8000b2f8 (0x00002f17) auipc   t5, 0x2
core   0: 3 0x8000b2f8 (0x00002f17) x30 0x8000d2f8
core   0: 0x8000b2fc (0xd03f2423) sw      gp, -760(t5)
core   0: 3 0x8000b2fc (0xd03f2423) mem 0x8000d000 0x00000001
core   0: 0x8000b300 (0xff9ff06f) j       pc - 0x8
core   0: 3 0x8000b300 (0xff9ff06f)
core   0: 0x8000b2f8 (0x00002f17) auipc   t5, 0x2
core   0: 3 0x8000b2f8 (0x00002f17) x30 0x8000d2f8
core   0: 0x8000b2fc (0xd03f2423) sw      gp, -760(t5)
core   0: 3 0x8000b2fc (0xd03f2423) mem 0x8000d000 0x00000001
core   0: 0x8000b300 (0xff9ff06f) j       pc - 0x8
core   0: 3 0x8000b300 (0xff9ff06f)
core   0: 0x8000b2f8 (0x00002f17) auipc   t5, 0x2
core   0: 3 0x8000b2f8 (0x00002f17) x30 0x8000d2f8
core   0: 0x8000b2fc (0xd03f2423) sw      gp, -760(t5)
core   0: 3 0x8000b2fc (0xd03f2423) mem 0x8000d000 0x00000001
core   0: 0x8000b300 (0xff9ff06f) j       pc - 0x8
core   0: 3 0x8000b300 (0xff9ff06f)
core   0: 0x8000b2f8 (0x00002f17) auipc   t5, 0x2
core   0: 3 0x8000b2f8 (0x00002f17) x30 0x8000d2f8
core   0: 0x8000b2fc (0xd03f2423) sw      gp, -760(t5)
core   0: 3 0x8000b2fc (0xd03f2423) mem 0x8000d000 0x00000001
core   0: 0x8000b300 (0xff9ff06f) j       pc - 0x8
core   0: 3 0x8000b300 (0xff9ff06f)
core   0: 0x8000b2f8 (0x00002f17) auipc   t5, 0x2
core   0: 3 0x8000b2f8 (0x00002f17) x30 0x8000d2f8
core   0: 0x8000b2fc (0xd03f2423) sw      gp, -760(t5)
core   0: 3 0x8000b2fc (0xd03f2423) mem 0x8000d000 0x00000001
core   0: 0x8000b300 (0xff9ff06f) j       pc - 0x8
core   0: 3 0x8000b300 (0xff9ff06f)
core   0: 0x8000b2f8 (0x00002f17) auipc   t5, 0x2
core   0: 3 0x8000b2f8 (0x00002f17) x30 0x8000d2f8
core   0: 0x8000b2fc (0xd03f2423) sw      gp, -760(t5)
core   0: 3 0x8000b2fc (0xd03f2423) mem 0x8000d000 0x00000001
core   0: 0x8000b300 (0xff9ff06f) j       pc - 0x8
core   0: 3 0x8000b300 (0xff9ff06f)
core   0: 0x8000b2f8 (0x00002f17) auipc   t5, 0x2
core   0: 3 0x8000b2f8 (0x00002f17) x30 0x8000d2f8
core   0: 0x8000b2fc (0xd03f2423) sw      gp, -760(t5)
core   0: 3 0x8000b2fc (0xd03f2423) mem 0x8000d000 0x00000001
core   0: 0x8000b300 (0xff9ff06f) j       pc - 0x8
core   0: 3 0x8000b300 (0xff9ff06f)
core   0: 0x8000b2f8 (0x00002f17) auipc   t5, 0x2
core   0: 3 0x8000b2f8 (0x00002f17) x30 0x8000d2f8
core   0: 0x8000b2fc (0xd03f2423) sw      gp, -760(t5)
core   0: 3 0x8000b2fc (0xd03f2423) mem 0x8000d000 0x00000001
core   0: 0x8000b300 (0xff9ff06f) j       pc - 0x8
core   0: 3 0x8000b300 (0xff9ff06f)
core   0: 0x8000b2f8 (0x00002f17) auipc   t5, 0x2
core   0: 3 0x8000b2f8 (0x00002f17) x30 0x8000d2f8
core   0: 0x8000b2fc (0xd03f2423) sw      gp, -760(t5)
core   0: 3 0x8000b2fc (0xd03f2423) mem 0x8000d000 0x00000001
core   0: 0x8000b300 (0xff9ff06f) j       pc - 0x8
core   0: 3 0x8000b300 (0xff9ff06f)
core   0: 0x8000b2f8 (0x00002f17) auipc   t5, 0x2
core   0: 3 0x8000b2f8 (0x00002f17) x30 0x8000d2f8
core   0: 0x8000b2fc (0xd03f2423) sw      gp, -760(t5)
core   0: 3 0x8000b2fc (0xd03f2423) mem 0x8000d000 0x00000001
core   0: 0x8000b300 (0xff9ff06f) j       pc - 0x8
core   0: 3 0x8000b300 (0xff9ff06f)
core   0: 0x8000b2f8 (0x00002f17) auipc   t5, 0x2
core   0: 3 0x8000b2f8 (0x00002f17) x30 0x8000d2f8
core   0: 0x8000b2fc (0xd03f2423) sw      gp, -760(t5)
core   0: 3 0x8000b2fc (0xd03f2423) mem 0x8000d000 0x00000001
core   0: 0x8000b300 (0xff9ff06f) j       pc - 0x8
core   0: 3 0x8000b300 (0xff9ff06f)
core   0: 0x8000b2f8 (0x00002f17) auipc   t5, 0x2
core   0: 3 0x8000b2f8 (0x00002f17) x30 0x8000d2f8
core   0: 0x8000b2fc (0xd03f2423) sw      gp, -760(t5)
core   0: 3 0x8000b2fc (0xd03f2423) mem 0x8000d000 0x00000001
core   0: 0x8000b300 (0xff9ff06f) j       pc - 0x8
core   0: 3 0x8000b300 (0xff9ff06f)
core   0: 0x8000b2f8 (0x00002f17) auipc   t5, 0x2
core   0: 3 0x8000b2f8 (0x00002f17) x30 0x8000d2f8
core   0: 0x8000b2fc (0xd03f2423) sw      gp, -760(t5)
core   0: 3 0x8000b2fc (0xd03f2423) mem 0x8000d000 0x00000001
core   0: 0x8000b300 (0xff9ff06f) j       pc - 0x8
core   0: 3 0x8000b300 (0xff9ff06f)
core   0: 0x8000b2f8 (0x00002f17) auipc   t5, 0x2
core   0: 3 0x8000b2f8 (0x00002f17) x30 0x8000d2f8
core   0: 0x8000b2fc (0xd03f2423) sw      gp, -760(t5)
core   0: 3 0x8000b2fc (0xd03f2423) mem 0x8000d000 0x00000001
core   0: 0x8000b300 (0xff9ff06f) j       pc - 0x8
core   0: 3 0x8000b300 (0xff9ff06f)
core   0: 0x8000b2f8 (0x00002f17) auipc   t5, 0x2
core   0: 3 0x8000b2f8 (0x00002f17) x30 0x8000d2f8
core   0: 0x8000b2fc (0xd03f2423) sw      gp, -760(t5)
core   0: 3 0x8000b2fc (0xd03f2423) mem 0x8000d000 0x00000001
core   0: 0x8000b300 (0xff9ff06f) j       pc - 0x8
core   0: 3 0x8000b300 (0xff9ff06f)
core   0: 0x8000b2f8 (0x00002f17) auipc   t5, 0x2
core   0: 3 0x8000b2f8 (0x00002f17) x30 0x8000d2f8
core   0: 0x8000b2fc (0xd03f2423) sw      gp, -760(t5)
core   0: 3 0x8000b2fc (0xd03f2423) mem 0x8000d000 0x00000001
core   0: 0x8000b300 (0xff9ff06f) j       pc - 0x8
core   0: 3 0x8000b300 (0xff9ff06f)
core   0: 0x8000b2f8 (0x00002f17) auipc   t5, 0x2
core   0: 3 0x8000b2f8 (0x00002f17) x30 0x8000d2f8
core   0: 0x8000b2fc (0xd03f2423) sw      gp, -760(t5)
core   0: 3 0x8000b2fc (0xd03f2423) mem 0x8000d000 0x00000001
core   0: 0x8000b300 (0xff9ff06f) j       pc - 0x8
core   0: 3 0x8000b300 (0xff9ff06f)
core   0: 0x8000b2f8 (0x00002f17) auipc   t5, 0x2
core   0: 3 0x8000b2f8 (0x00002f17) x30 0x8000d2f8
core   0: 0x8000b2fc (0xd03f2423) sw      gp, -760(t5)
core   0: 3 0x8000b2fc (0xd03f2423) mem 0x8000d000 0x00000001
core   0: 0x8000b300 (0xff9ff06f) j       pc - 0x8
core   0: 3 0x8000b300 (0xff9ff06f)
core   0: 0x8000b2f8 (0x00002f17) auipc   t5, 0x2
core   0: 3 0x8000b2f8 (0x00002f17) x30 0x8000d2f8
core   0: 0x8000b2fc (0xd03f2423) sw      gp, -760(t5)
core   0: 3 0x8000b2fc (0xd03f2423) mem 0x8000d000 0x00000001
core   0: 0x8000b300 (0xff9ff06f) j       pc - 0x8
core   0: 3 0x8000b300 (0xff9ff06f)
core   0: 0x8000b2f8 (0x00002f17) auipc   t5, 0x2
core   0: 3 0x8000b2f8 (0x00002f17) x30 0x8000d2f8
core   0: 0x8000b2fc (0xd03f2423) sw      gp, -760(t5)
core   0: 3 0x8000b2fc (0xd03f2423) mem 0x8000d000 0x00000001
core   0: 0x8000b300 (0xff9ff06f) j       pc - 0x8
core   0: 3 0x8000b300 (0xff9ff06f)
core   0: 0x8000b2f8 (0x00002f17) auipc   t5, 0x2
core   0: 3 0x8000b2f8 (0x00002f17) x30 0x8000d2f8
core   0: 0x8000b2fc (0xd03f2423) sw      gp, -760(t5)
core   0: 3 0x8000b2fc (0xd03f2423) mem 0x8000d000 0x00000001
core   0: 0x8000b300 (0xff9ff06f) j       pc - 0x8
core   0: 3 0x8000b300 (0xff9ff06f)
core   0: 0x8000b2f8 (0x00002f17) auipc   t5, 0x2
core   0: 3 0x8000b2f8 (0x00002f17) x30 0x8000d2f8
core   0: 0x8000b2fc (0xd03f2423) sw      gp, -760(t5)
core   0: 3 0x8000b2fc (0xd03f2423) mem 0x8000d000 0x00000001
core   0: 0x8000b300 (0xff9ff06f) j       pc - 0x8
core   0: 3 0x8000b300 (0xff9ff06f)
core   0: 0x8000b2f8 (0x00002f17) auipc   t5, 0x2
core   0: 3 0x8000b2f8 (0x00002f17) x30 0x8000d2f8
core   0: 0x8000b2fc (0xd03f2423) sw      gp, -760(t5)
core   0: 3 0x8000b2fc (0xd03f2423) mem 0x8000d000 0x00000001
core   0: 0x8000b300 (0xff9ff06f) j       pc - 0x8
core   0: 3 0x8000b300 (0xff9ff06f)
core   0: 0x8000b2f8 (0x00002f17) auipc   t5, 0x2
core   0: 3 0x8000b2f8 (0x00002f17) x30 0x8000d2f8
core   0: 0x8000b2fc (0xd03f2423) sw      gp, -760(t5)
core   0: 3 0x8000b2fc (0xd03f2423) mem 0x8000d000 0x00000001
core   0: 0x8000b300 (0xff9ff06f) j       pc - 0x8
core   0: 3 0x8000b300 (0xff9ff06f)
core   0: 0x8000b2f8 (0x00002f17) auipc   t5, 0x2
core   0: 3 0x8000b2f8 (0x00002f17) x30 0x8000d2f8
core   0: 0x8000b2fc (0xd03f2423) sw      gp, -760(t5)
core   0: 3 0x8000b2fc (0xd03f2423) mem 0x8000d000 0x00000001
core   0: 0x8000b300 (0xff9ff06f) j       pc - 0x8
core   0: 3 0x8000b300 (0xff9ff06f)
core   0: 0x8000b2f8 (0x00002f17) auipc   t5, 0x2
core   0: 3 0x8000b2f8 (0x00002f17) x30 0x8000d2f8
core   0: 0x8000b2fc (0xd03f2423) sw      gp, -760(t5)
core   0: 3 0x8000b2fc (0xd03f2423) mem 0x8000d000 0x00000001
core   0: 0x8000b300 (0xff9ff06f) j       pc - 0x8
core   0: 3 0x8000b300 (0xff9ff06f)
core   0: 0x8000b2f8 (0x00002f17) auipc   t5, 0x2
core   0: 3 0x8000b2f8 (0x00002f17) x30 0x8000d2f8
core   0: 0x8000b2fc (0xd03f2423) sw      gp, -760(t5)
core   0: 3 0x8000b2fc (0xd03f2423) mem 0x8000d000 0x00000001
core   0: 0x8000b300 (0xff9ff06f) j       pc - 0x8
core   0: 3 0x8000b300 (0xff9ff06f)
core   0: 0x8000b2f8 (0x00002f17) auipc   t5, 0x2
core   0: 3 0x8000b2f8 (0x00002f17) x30 0x8000d2f8
core   0: 0x8000b2fc (0xd03f2423) sw      gp, -760(t5)
core   0: 3 0x8000b2fc (0xd03f2423) mem 0x8000d000 0x00000001
core   0: 0x8000b300 (0xff9ff06f) j       pc - 0x8
core   0: 3 0x8000b300 (0xff9ff06f)
core   0: 0x8000b2f8 (0x00002f17) auipc   t5, 0x2
core   0: 3 0x8000b2f8 (0x00002f17) x30 0x8000d2f8
core   0: 0x8000b2fc (0xd03f2423) sw      gp, -760(t5)
core   0: 3 0x8000b2fc (0xd03f2423) mem 0x8000d000 0x00000001
core   0: 0x8000b300 (0xff9ff06f) j       pc - 0x8
core   0: 3 0x8000b300 (0xff9ff06f)
core   0: 0x8000b2f8 (0x00002f17) auipc   t5, 0x2
core   0: 3 0x8000b2f8 (0x00002f17) x30 0x8000d2f8
core   0: 0x8000b2fc (0xd03f2423) sw      gp, -760(t5)
core   0: 3 0x8000b2fc (0xd03f2423) mem 0x8000d000 0x00000001
core   0: 0x8000b300 (0xff9ff06f) j       pc - 0x8
core   0: 3 0x8000b300 (0xff9ff06f)
core   0: 0x8000b2f8 (0x00002f17) auipc   t5, 0x2
core   0: 3 0x8000b2f8 (0x00002f17) x30 0x8000d2f8
core   0: 0x8000b2fc (0xd03f2423) sw      gp, -760(t5)
core   0: 3 0x8000b2fc (0xd03f2423) mem 0x8000d000 0x00000001
core   0: 0x8000b300 (0xff9ff06f) j       pc - 0x8
core   0: 3 0x8000b300 (0xff9ff06f)
core   0: 0x8000b2f8 (0x00002f17) auipc   t5, 0x2
core   0: 3 0x8000b2f8 (0x00002f17) x30 0x8000d2f8
core   0: 0x8000b2fc (0xd03f2423) sw      gp, -760(t5)
core   0: 3 0x8000b2fc (0xd03f2423) mem 0x8000d000 0x00000001
core   0: 0x8000b300 (0xff9ff06f) j       pc - 0x8
core   0: 3 0x8000b300 (0xff9ff06f)
core   0: 0x8000b2f8 (0x00002f17) auipc   t5, 0x2
core   0: 3 0x8000b2f8 (0x00002f17) x30 0x8000d2f8
core   0: 0x8000b2fc (0xd03f2423) sw      gp, -760(t5)
core   0: 3 0x8000b2fc (0xd03f2423) mem 0x8000d000 0x00000001
core   0: 0x8000b300 (0xff9ff06f) j       pc - 0x8
core   0: 3 0x8000b300 (0xff9ff06f)
core   0: 0x8000b2f8 (0x00002f17) auipc   t5, 0x2
core   0: 3 0x8000b2f8 (0x00002f17) x30 0x8000d2f8
core   0: 0x8000b2fc (0xd03f2423) sw      gp, -760(t5)
core   0: 3 0x8000b2fc (0xd03f2423) mem 0x8000d000 0x00000001
core   0: 0x8000b300 (0xff9ff06f) j       pc - 0x8
core   0: 3 0x8000b300 (0xff9ff06f)
core   0: 0x8000b2f8 (0x00002f17) auipc   t5, 0x2
core   0: 3 0x8000b2f8 (0x00002f17) x30 0x8000d2f8
core   0: 0x8000b2fc (0xd03f2423) sw      gp, -760(t5)
core   0: 3 0x8000b2fc (0xd03f2423) mem 0x8000d000 0x00000001
core   0: 0x8000b300 (0xff9ff06f) j       pc - 0x8
core   0: 3 0x8000b300 (0xff9ff06f)
core   0: 0x8000b2f8 (0x00002f17) auipc   t5, 0x2
core   0: 3 0x8000b2f8 (0x00002f17) x30 0x8000d2f8
core   0: 0x8000b2fc (0xd03f2423) sw      gp, -760(t5)
core   0: 3 0x8000b2fc (0xd03f2423) mem 0x8000d000 0x00000001
core   0: 0x8000b300 (0xff9ff06f) j       pc - 0x8
core   0: 3 0x8000b300 (0xff9ff06f)
core   0: 0x8000b2f8 (0x00002f17) auipc   t5, 0x2
core   0: 3 0x8000b2f8 (0x00002f17) x30 0x8000d2f8
core   0: 0x8000b2fc (0xd03f2423) sw      gp, -760(t5)
core   0: 3 0x8000b2fc (0xd03f2423) mem 0x8000d000 0x00000001
core   0: 0x8000b300 (0xff9ff06f) j       pc - 0x8
core   0: 3 0x8000b300 (0xff9ff06f)
core   0: 0x8000b2f8 (0x00002f17) auipc   t5, 0x2
core   0: 3 0x8000b2f8 (0x00002f17) x30 0x8000d2f8
core   0: 0x8000b2fc (0xd03f2423) sw      gp, -760(t5)
core   0: 3 0x8000b2fc (0xd03f2423) mem 0x8000d000 0x00000001
core   0: 0x8000b300 (0xff9ff06f) j       pc - 0x8
core   0: 3 0x8000b300 (0xff9ff06f)
core   0: 0x8000b2f8 (0x00002f17) auipc   t5, 0x2
core   0: 3 0x8000b2f8 (0x00002f17) x30 0x8000d2f8
core   0: 0x8000b2fc (0xd03f2423) sw      gp, -760(t5)
core   0: 3 0x8000b2fc (0xd03f2423) mem 0x8000d000 0x00000001
core   0: 0x8000b300 (0xff9ff06f) j       pc - 0x8
core   0: 3 0x8000b300 (0xff9ff06f)
core   0: 0x8000b2f8 (0x00002f17) auipc   t5, 0x2
core   0: 3 0x8000b2f8 (0x00002f17) x30 0x8000d2f8
core   0: 0x8000b2fc (0xd03f2423) sw      gp, -760(t5)
core   0: 3 0x8000b2fc (0xd03f2423) mem 0x8000d000 0x00000001
core   0: 0x8000b300 (0xff9ff06f) j       pc - 0x8
core   0: 3 0x8000b300 (0xff9ff06f)
core   0: 0x8000b2f8 (0x00002f17) auipc   t5, 0x2
core   0: 3 0x8000b2f8 (0x00002f17) x30 0x8000d2f8
core   0: 0x8000b2fc (0xd03f2423) sw      gp, -760(t5)
core   0: 3 0x8000b2fc (0xd03f2423) mem 0x8000d000 0x00000001
core   0: 0x8000b300 (0xff9ff06f) j       pc - 0x8
core   0: 3 0x8000b300 (0xff9ff06f)
core   0: 0x8000b2f8 (0x00002f17) auipc   t5, 0x2
core   0: 3 0x8000b2f8 (0x00002f17) x30 0x8000d2f8
core   0: 0x8000b2fc (0xd03f2423) sw      gp, -760(t5)
core   0: 3 0x8000b2fc (0xd03f2423) mem 0x8000d000 0x00000001
core   0: 0x8000b300 (0xff9ff06f) j       pc - 0x8
core   0: 3 0x8000b300 (0xff9ff06f)
core   0: 0x8000b2f8 (0x00002f17) auipc   t5, 0x2
core   0: 3 0x8000b2f8 (0x00002f17) x30 0x8000d2f8
core   0: 0x8000b2fc (0xd03f2423) sw      gp, -760(t5)
core   0: 3 0x8000b2fc (0xd03f2423) mem 0x8000d000 0x00000001
core   0: 0x8000b300 (0xff9ff06f) j       pc - 0x8
core   0: 3 0x8000b300 (0xff9ff06f)
core   0: 0x8000b2f8 (0x00002f17) auipc   t5, 0x2
core   0: 3 0x8000b2f8 (0x00002f17) x30 0x8000d2f8
core   0: 0x8000b2fc (0xd03f2423) sw      gp, -760(t5)
core   0: 3 0x8000b2fc (0xd03f2423) mem 0x8000d000 0x00000001
core   0: 0x8000b300 (0xff9ff06f) j       pc - 0x8
core   0: 3 0x8000b300 (0xff9ff06f)
core   0: 0x8000b2f8 (0x00002f17) auipc   t5, 0x2
core   0: 3 0x8000b2f8 (0x00002f17) x30 0x8000d2f8
core   0: 0x8000b2fc (0xd03f2423) sw      gp, -760(t5)
core   0: 3 0x8000b2fc (0xd03f2423) mem 0x8000d000 0x00000001
core   0: 0x8000b300 (0xff9ff06f) j       pc - 0x8
core   0: 3 0x8000b300 (0xff9ff06f)
core   0: 0x8000b2f8 (0x00002f17) auipc   t5, 0x2
core   0: 3 0x8000b2f8 (0x00002f17) x30 0x8000d2f8
core   0: 0x8000b2fc (0xd03f2423) sw      gp, -760(t5)
core   0: 3 0x8000b2fc (0xd03f2423) mem 0x8000d000 0x00000001
core   0: 0x8000b300 (0xff9ff06f) j       pc - 0x8
core   0: 3 0x8000b300 (0xff9ff06f)
core   0: 0x8000b2f8 (0x00002f17) auipc   t5, 0x2
core   0: 3 0x8000b2f8 (0x00002f17) x30 0x8000d2f8
core   0: 0x8000b2fc (0xd03f2423) sw      gp, -760(t5)
core   0: 3 0x8000b2fc (0xd03f2423) mem 0x8000d000 0x00000001
core   0: 0x8000b300 (0xff9ff06f) j       pc - 0x8
core   0: 3 0x8000b300 (0xff9ff06f)
core   0: 0x8000b2f8 (0x00002f17) auipc   t5, 0x2
core   0: 3 0x8000b2f8 (0x00002f17) x30 0x8000d2f8
core   0: 0x8000b2fc (0xd03f2423) sw      gp, -760(t5)
core   0: 3 0x8000b2fc (0xd03f2423) mem 0x8000d000 0x00000001
core   0: 0x8000b300 (0xff9ff06f) j       pc - 0x8
core   0: 3 0x8000b300 (0xff9ff06f)
core   0: 0x8000b2f8 (0x00002f17) auipc   t5, 0x2
core   0: 3 0x8000b2f8 (0x00002f17) x30 0x8000d2f8
core   0: 0x8000b2fc (0xd03f2423) sw      gp, -760(t5)
core   0: 3 0x8000b2fc (0xd03f2423) mem 0x8000d000 0x00000001
core   0: 0x8000b300 (0xff9ff06f) j       pc - 0x8
core   0: 3 0x8000b300 (0xff9ff06f)
core   0: 0x8000b2f8 (0x00002f17) auipc   t5, 0x2
core   0: 3 0x8000b2f8 (0x00002f17) x30 0x8000d2f8
core   0: 0x8000b2fc (0xd03f2423) sw      gp, -760(t5)
core   0: 3 0x8000b2fc (0xd03f2423) mem 0x8000d000 0x00000001
core   0: 0x8000b300 (0xff9ff06f) j       pc - 0x8
core   0: 3 0x8000b300 (0xff9ff06f)
core   0: 0x8000b2f8 (0x00002f17) auipc   t5, 0x2
core   0: 3 0x8000b2f8 (0x00002f17) x30 0x8000d2f8
core   0: 0x8000b2fc (0xd03f2423) sw      gp, -760(t5)
core   0: 3 0x8000b2fc (0xd03f2423) mem 0x8000d000 0x00000001
core   0: 0x8000b300 (0xff9ff06f) j       pc - 0x8
core   0: 3 0x8000b300 (0xff9ff06f)
core   0: 0x8000b2f8 (0x00002f17) auipc   t5, 0x2
core   0: 3 0x8000b2f8 (0x00002f17) x30 0x8000d2f8
core   0: 0x8000b2fc (0xd03f2423) sw      gp, -760(t5)
core   0: 3 0x8000b2fc (0xd03f2423) mem 0x8000d000 0x00000001
core   0: 0x8000b300 (0xff9ff06f) j       pc - 0x8
core   0: 3 0x8000b300 (0xff9ff06f)
core   0: 0x8000b2f8 (0x00002f17) auipc   t5, 0x2
core   0: 3 0x8000b2f8 (0x00002f17) x30 0x8000d2f8
core   0: 0x8000b2fc (0xd03f2423) sw      gp, -760(t5)
core   0: 3 0x8000b2fc (0xd03f2423) mem 0x8000d000 0x00000001
core   0: 0x8000b300 (0xff9ff06f) j       pc - 0x8
core   0: 3 0x8000b300 (0xff9ff06f)
core   0: 0x8000b2f8 (0x00002f17) auipc   t5, 0x2
core   0: 3 0x8000b2f8 (0x00002f17) x30 0x8000d2f8
core   0: 0x8000b2fc (0xd03f2423) sw      gp, -760(t5)
core   0: 3 0x8000b2fc (0xd03f2423) mem 0x8000d000 0x00000001
core   0: 0x8000b300 (0xff9ff06f) j       pc - 0x8
core   0: 3 0x8000b300 (0xff9ff06f)
core   0: 0x8000b2f8 (0x00002f17) auipc   t5, 0x2
core   0: 3 0x8000b2f8 (0x00002f17) x30 0x8000d2f8
core   0: 0x8000b2fc (0xd03f2423) sw      gp, -760(t5)
core   0: 3 0x8000b2fc (0xd03f2423) mem 0x8000d000 0x00000001
core   0: 0x8000b300 (0xff9ff06f) j       pc - 0x8
core   0: 3 0x8000b300 (0xff9ff06f)
core   0: 0x8000b2f8 (0x00002f17) auipc   t5, 0x2
core   0: 3 0x8000b2f8 (0x00002f17) x30 0x8000d2f8
core   0: 0x8000b2fc (0xd03f2423) sw      gp, -760(t5)
core   0: 3 0x8000b2fc (0xd03f2423) mem 0x8000d000 0x00000001
core   0: 0x8000b300 (0xff9ff06f) j       pc - 0x8
core   0: 3 0x8000b300 (0xff9ff06f)
core   0: 0x8000b2f8 (0x00002f17) auipc   t5, 0x2
core   0: 3 0x8000b2f8 (0x00002f17) x30 0x8000d2f8
core   0: 0x8000b2fc (0xd03f2423) sw      gp, -760(t5)
core   0: 3 0x8000b2fc (0xd03f2423) mem 0x8000d000 0x00000001
core   0: 0x8000b300 (0xff9ff06f) j       pc - 0x8
core   0: 3 0x8000b300 (0xff9ff06f)
core   0: 0x8000b2f8 (0x00002f17) auipc   t5, 0x2
core   0: 3 0x8000b2f8 (0x00002f17) x30 0x8000d2f8
core   0: 0x8000b2fc (0xd03f2423) sw      gp, -760(t5)
core   0: 3 0x8000b2fc (0xd03f2423) mem 0x8000d000 0x00000001
core   0: 0x8000b300 (0xff9ff06f) j       pc - 0x8
core   0: 3 0x8000b300 (0xff9ff06f)
core   0: 0x8000b2f8 (0x00002f17) auipc   t5, 0x2
core   0: 3 0x8000b2f8 (0x00002f17) x30 0x8000d2f8
core   0: 0x8000b2fc (0xd03f2423) sw      gp, -760(t5)
core   0: 3 0x8000b2fc (0xd03f2423) mem 0x8000d000 0x00000001
core   0: 0x8000b300 (0xff9ff06f) j       pc - 0x8
core   0: 3 0x8000b300 (0xff9ff06f)
core   0: 0x8000b2f8 (0x00002f17) auipc   t5, 0x2
core   0: 3 0x8000b2f8 (0x00002f17) x30 0x8000d2f8
core   0: 0x8000b2fc (0xd03f2423) sw      gp, -760(t5)
core   0: 3 0x8000b2fc (0xd03f2423) mem 0x8000d000 0x00000001
core   0: 0x8000b300 (0xff9ff06f) j       pc - 0x8
core   0: 3 0x8000b300 (0xff9ff06f)
core   0: 0x8000b2f8 (0x00002f17) auipc   t5, 0x2
core   0: 3 0x8000b2f8 (0x00002f17) x30 0x8000d2f8
core   0: 0x8000b2fc (0xd03f2423) sw      gp, -760(t5)
core   0: 3 0x8000b2fc (0xd03f2423) mem 0x8000d000 0x00000001
core   0: 0x8000b300 (0xff9ff06f) j       pc - 0x8
core   0: 3 0x8000b300 (0xff9ff06f)
core   0: 0x8000b2f8 (0x00002f17) auipc   t5, 0x2
core   0: 3 0x8000b2f8 (0x00002f17) x30 0x8000d2f8
core   0: 0x8000b2fc (0xd03f2423) sw      gp, -760(t5)
core   0: 3 0x8000b2fc (0xd03f2423) mem 0x8000d000 0x00000001
core   0: 0x8000b300 (0xff9ff06f) j       pc - 0x8
core   0: 3 0x8000b300 (0xff9ff06f)
core   0: 0x8000b2f8 (0x00002f17) auipc   t5, 0x2
core   0: 3 0x8000b2f8 (0x00002f17) x30 0x8000d2f8
core   0: 0x8000b2fc (0xd03f2423) sw      gp, -760(t5)
core   0: 3 0x8000b2fc (0xd03f2423) mem 0x8000d000 0x00000001
core   0: 0x8000b300 (0xff9ff06f) j       pc - 0x8
core   0: 3 0x8000b300 (0xff9ff06f)
core   0: 0x8000b2f8 (0x00002f17) auipc   t5, 0x2
core   0: 3 0x8000b2f8 (0x00002f17) x30 0x8000d2f8
core   0: 0x8000b2fc (0xd03f2423) sw      gp, -760(t5)
core   0: 3 0x8000b2fc (0xd03f2423) mem 0x8000d000 0x00000001
core   0: 0x8000b300 (0xff9ff06f) j       pc - 0x8
core   0: 3 0x8000b300 (0xff9ff06f)
core   0: 0x8000b2f8 (0x00002f17) auipc   t5, 0x2
core   0: 3 0x8000b2f8 (0x00002f17) x30 0x8000d2f8
core   0: 0x8000b2fc (0xd03f2423) sw      gp, -760(t5)
core   0: 3 0x8000b2fc (0xd03f2423) mem 0x8000d000 0x00000001
core   0: 0x8000b300 (0xff9ff06f) j       pc - 0x8
core   0: 3 0x8000b300 (0xff9ff06f)
core   0: 0x8000b2f8 (0x00002f17) auipc   t5, 0x2
core   0: 3 0x8000b2f8 (0x00002f17) x30 0x8000d2f8
core   0: 0x8000b2fc (0xd03f2423) sw      gp, -760(t5)
core   0: 3 0x8000b2fc (0xd03f2423) mem 0x8000d000 0x00000001
core   0: 0x8000b300 (0xff9ff06f) j       pc - 0x8
core   0: 3 0x8000b300 (0xff9ff06f)
core   0: 0x8000b2f8 (0x00002f17) auipc   t5, 0x2
core   0: 3 0x8000b2f8 (0x00002f17) x30 0x8000d2f8
core   0: 0x8000b2fc (0xd03f2423) sw      gp, -760(t5)
core   0: 3 0x8000b2fc (0xd03f2423) mem 0x8000d000 0x00000001
core   0: 0x8000b300 (0xff9ff06f) j       pc - 0x8
core   0: 3 0x8000b300 (0xff9ff06f)
core   0: 0x8000b2f8 (0x00002f17) auipc   t5, 0x2
core   0: 3 0x8000b2f8 (0x00002f17) x30 0x8000d2f8
core   0: 0x8000b2fc (0xd03f2423) sw      gp, -760(t5)
core   0: 3 0x8000b2fc (0xd03f2423) mem 0x8000d000 0x00000001
core   0: 0x8000b300 (0xff9ff06f) j       pc - 0x8
core   0: 3 0x8000b300 (0xff9ff06f)
core   0: 0x8000b2f8 (0x00002f17) auipc   t5, 0x2
core   0: 3 0x8000b2f8 (0x00002f17) x30 0x8000d2f8
core   0: 0x8000b2fc (0xd03f2423) sw      gp, -760(t5)
core   0: 3 0x8000b2fc (0xd03f2423) mem 0x8000d000 0x00000001
core   0: 0x8000b300 (0xff9ff06f) j       pc - 0x8
core   0: 3 0x8000b300 (0xff9ff06f)
core   0: 0x8000b2f8 (0x00002f17) auipc   t5, 0x2
core   0: 3 0x8000b2f8 (0x00002f17) x30 0x8000d2f8
core   0: 0x8000b2fc (0xd03f2423) sw      gp, -760(t5)
core   0: 3 0x8000b2fc (0xd03f2423) mem 0x8000d000 0x00000001
core   0: 0x8000b300 (0xff9ff06f) j       pc - 0x8
core   0: 3 0x8000b300 (0xff9ff06f)
core   0: 0x8000b2f8 (0x00002f17) auipc   t5, 0x2
core   0: 3 0x8000b2f8 (0x00002f17) x30 0x8000d2f8
core   0: 0x8000b2fc (0xd03f2423) sw      gp, -760(t5)
core   0: 3 0x8000b2fc (0xd03f2423) mem 0x8000d000 0x00000001
core   0: 0x8000b300 (0xff9ff06f) j       pc - 0x8
core   0: 3 0x8000b300 (0xff9ff06f)
core   0: 0x8000b2f8 (0x00002f17) auipc   t5, 0x2
core   0: 3 0x8000b2f8 (0x00002f17) x30 0x8000d2f8
core   0: 0x8000b2fc (0xd03f2423) sw      gp, -760(t5)
core   0: 3 0x8000b2fc (0xd03f2423) mem 0x8000d000 0x00000001
core   0: 0x8000b300 (0xff9ff06f) j       pc - 0x8
core   0: 3 0x8000b300 (0xff9ff06f)
core   0: 0x8000b2f8 (0x00002f17) auipc   t5, 0x2
core   0: 3 0x8000b2f8 (0x00002f17) x30 0x8000d2f8
core   0: 0x8000b2fc (0xd03f2423) sw      gp, -760(t5)
core   0: 3 0x8000b2fc (0xd03f2423) mem 0x8000d000 0x00000001
core   0: 0x8000b300 (0xff9ff06f) j       pc - 0x8
core   0: 3 0x8000b300 (0xff9ff06f)
core   0: 0x8000b2f8 (0x00002f17) auipc   t5, 0x2
core   0: 3 0x8000b2f8 (0x00002f17) x30 0x8000d2f8
core   0: 0x8000b2fc (0xd03f2423) sw      gp, -760(t5)
core   0: 3 0x8000b2fc (0xd03f2423) mem 0x8000d000 0x00000001
core   0: 0x8000b300 (0xff9ff06f) j       pc - 0x8
core   0: 3 0x8000b300 (0xff9ff06f)
core   0: 0x8000b2f8 (0x00002f17) auipc   t5, 0x2
core   0: 3 0x8000b2f8 (0x00002f17) x30 0x8000d2f8
core   0: 0x8000b2fc (0xd03f2423) sw      gp, -760(t5)
core   0: 3 0x8000b2fc (0xd03f2423) mem 0x8000d000 0x00000001
core   0: 0x8000b300 (0xff9ff06f) j       pc - 0x8
core   0: 3 0x8000b300 (0xff9ff06f)
core   0: 0x8000b2f8 (0x00002f17) auipc   t5, 0x2
core   0: 3 0x8000b2f8 (0x00002f17) x30 0x8000d2f8
core   0: 0x8000b2fc (0xd03f2423) sw      gp, -760(t5)
core   0: 3 0x8000b2fc (0xd03f2423) mem 0x8000d000 0x00000001
core   0: 0x8000b300 (0xff9ff06f) j       pc - 0x8
core   0: 3 0x8000b300 (0xff9ff06f)
core   0: 0x8000b2f8 (0x00002f17) auipc   t5, 0x2
core   0: 3 0x8000b2f8 (0x00002f17) x30 0x8000d2f8
core   0: 0x8000b2fc (0xd03f2423) sw      gp, -760(t5)
core   0: 3 0x8000b2fc (0xd03f2423) mem 0x8000d000 0x00000001
core   0: 0x8000b300 (0xff9ff06f) j       pc - 0x8
core   0: 3 0x8000b300 (0xff9ff06f)
core   0: 0x8000b2f8 (0x00002f17) auipc   t5, 0x2
core   0: 3 0x8000b2f8 (0x00002f17) x30 0x8000d2f8
core   0: 0x8000b2fc (0xd03f2423) sw      gp, -760(t5)
core   0: 3 0x8000b2fc (0xd03f2423) mem 0x8000d000 0x00000001
core   0: 0x8000b300 (0xff9ff06f) j       pc - 0x8
core   0: 3 0x8000b300 (0xff9ff06f)
core   0: 0x8000b2f8 (0x00002f17) auipc   t5, 0x2
core   0: 3 0x8000b2f8 (0x00002f17) x30 0x8000d2f8
core   0: 0x8000b2fc (0xd03f2423) sw      gp, -760(t5)
core   0: 3 0x8000b2fc (0xd03f2423) mem 0x8000d000 0x00000001
core   0: 0x8000b300 (0xff9ff06f) j       pc - 0x8
core   0: 3 0x8000b300 (0xff9ff06f)
core   0: 0x8000b2f8 (0x00002f17) auipc   t5, 0x2
core   0: 3 0x8000b2f8 (0x00002f17) x30 0x8000d2f8
core   0: 0x8000b2fc (0xd03f2423) sw      gp, -760(t5)
core   0: 3 0x8000b2fc (0xd03f2423) mem 0x8000d000 0x00000001
core   0: 0x8000b300 (0xff9ff06f) j       pc - 0x8
core   0: 3 0x8000b300 (0xff9ff06f)
core   0: 0x8000b2f8 (0x00002f17) auipc   t5, 0x2
core   0: 3 0x8000b2f8 (0x00002f17) x30 0x8000d2f8
core   0: 0x8000b2fc (0xd03f2423) sw      gp, -760(t5)
core   0: 3 0x8000b2fc (0xd03f2423) mem 0x8000d000 0x00000001
core   0: 0x8000b300 (0xff9ff06f) j       pc - 0x8
core   0: 3 0x8000b300 (0xff9ff06f)
core   0: 0x8000b2f8 (0x00002f17) auipc   t5, 0x2
core   0: 3 0x8000b2f8 (0x00002f17) x30 0x8000d2f8
core   0: 0x8000b2fc (0xd03f2423) sw      gp, -760(t5)
core   0: 3 0x8000b2fc (0xd03f2423) mem 0x8000d000 0x00000001
core   0: 0x8000b300 (0xff9ff06f) j       pc - 0x8
core   0: 3 0x8000b300 (0xff9ff06f)
core   0: 0x8000b2f8 (0x00002f17) auipc   t5, 0x2
core   0: 3 0x8000b2f8 (0x00002f17) x30 0x8000d2f8
core   0: 0x8000b2fc (0xd03f2423) sw      gp, -760(t5)
core   0: 3 0x8000b2fc (0xd03f2423) mem 0x8000d000 0x00000001
core   0: 0x8000b300 (0xff9ff06f) j       pc - 0x8
core   0: 3 0x8000b300 (0xff9ff06f)
core   0: 0x8000b2f8 (0x00002f17) auipc   t5, 0x2
core   0: 3 0x8000b2f8 (0x00002f17) x30 0x8000d2f8
core   0: 0x8000b2fc (0xd03f2423) sw      gp, -760(t5)
core   0: 3 0x8000b2fc (0xd03f2423) mem 0x8000d000 0x00000001
core   0: 0x8000b300 (0xff9ff06f) j       pc - 0x8
core   0: 3 0x8000b300 (0xff9ff06f)
core   0: 0x8000b2f8 (0x00002f17) auipc   t5, 0x2
core   0: 3 0x8000b2f8 (0x00002f17) x30 0x8000d2f8
core   0: 0x8000b2fc (0xd03f2423) sw      gp, -760(t5)
core   0: 3 0x8000b2fc (0xd03f2423) mem 0x8000d000 0x00000001
core   0: 0x8000b300 (0xff9ff06f) j       pc - 0x8
core   0: 3 0x8000b300 (0xff9ff06f)
core   0: 0x8000b2f8 (0x00002f17) auipc   t5, 0x2
core   0: 3 0x8000b2f8 (0x00002f17) x30 0x8000d2f8
core   0: 0x8000b2fc (0xd03f2423) sw      gp, -760(t5)
core   0: 3 0x8000b2fc (0xd03f2423) mem 0x8000d000 0x00000001
core   0: 0x8000b300 (0xff9ff06f) j       pc - 0x8
core   0: 3 0x8000b300 (0xff9ff06f)
core   0: 0x8000b2f8 (0x00002f17) auipc   t5, 0x2
core   0: 3 0x8000b2f8 (0x00002f17) x30 0x8000d2f8
core   0: 0x8000b2fc (0xd03f2423) sw      gp, -760(t5)
core   0: 3 0x8000b2fc (0xd03f2423) mem 0x8000d000 0x00000001
core   0: 0x8000b300 (0xff9ff06f) j       pc - 0x8
core   0: 3 0x8000b300 (0xff9ff06f)
core   0: 0x8000b2f8 (0x00002f17) auipc   t5, 0x2
core   0: 3 0x8000b2f8 (0x00002f17) x30 0x8000d2f8
core   0: 0x8000b2fc (0xd03f2423) sw      gp, -760(t5)
core   0: 3 0x8000b2fc (0xd03f2423) mem 0x8000d000 0x00000001
core   0: 0x8000b300 (0xff9ff06f) j       pc - 0x8
core   0: 3 0x8000b300 (0xff9ff06f)
core   0: 0x8000b2f8 (0x00002f17) auipc   t5, 0x2
core   0: 3 0x8000b2f8 (0x00002f17) x30 0x8000d2f8
core   0: 0x8000b2fc (0xd03f2423) sw      gp, -760(t5)
core   0: 3 0x8000b2fc (0xd03f2423) mem 0x8000d000 0x00000001
core   0: 0x8000b300 (0xff9ff06f) j       pc - 0x8
core   0: 3 0x8000b300 (0xff9ff06f)
core   0: 0x8000b2f8 (0x00002f17) auipc   t5, 0x2
core   0: 3 0x8000b2f8 (0x00002f17) x30 0x8000d2f8
core   0: 0x8000b2fc (0xd03f2423) sw      gp, -760(t5)
core   0: 3 0x8000b2fc (0xd03f2423) mem 0x8000d000 0x00000001
core   0: 0x8000b300 (0xff9ff06f) j       pc - 0x8
core   0: 3 0x8000b300 (0xff9ff06f)
core   0: 0x8000b2f8 (0x00002f17) auipc   t5, 0x2
core   0: 3 0x8000b2f8 (0x00002f17) x30 0x8000d2f8
core   0: 0x8000b2fc (0xd03f2423) sw      gp, -760(t5)
core   0: 3 0x8000b2fc (0xd03f2423) mem 0x8000d000 0x00000001
core   0: 0x8000b300 (0xff9ff06f) j       pc - 0x8
core   0: 3 0x8000b300 (0xff9ff06f)
core   0: 0x8000b2f8 (0x00002f17) auipc   t5, 0x2
core   0: 3 0x8000b2f8 (0x00002f17) x30 0x8000d2f8
core   0: 0x8000b2fc (0xd03f2423) sw      gp, -760(t5)
core   0: 3 0x8000b2fc (0xd03f2423) mem 0x8000d000 0x00000001
core   0: 0x8000b300 (0xff9ff06f) j       pc - 0x8
core   0: 3 0x8000b300 (0xff9ff06f)
core   0: 0x8000b2f8 (0x00002f17) auipc   t5, 0x2
core   0: 3 0x8000b2f8 (0x00002f17) x30 0x8000d2f8
core   0: 0x8000b2fc (0xd03f2423) sw      gp, -760(t5)
core   0: 3 0x8000b2fc (0xd03f2423) mem 0x8000d000 0x00000001
core   0: 0x8000b300 (0xff9ff06f) j       pc - 0x8
core   0: 3 0x8000b300 (0xff9ff06f)
core   0: 0x8000b2f8 (0x00002f17) auipc   t5, 0x2
core   0: 3 0x8000b2f8 (0x00002f17) x30 0x8000d2f8
core   0: 0x8000b2fc (0xd03f2423) sw      gp, -760(t5)
core   0: 3 0x8000b2fc (0xd03f2423) mem 0x8000d000 0x00000001
core   0: 0x8000b300 (0xff9ff06f) j       pc - 0x8
core   0: 3 0x8000b300 (0xff9ff06f)
core   0: 0x8000b2f8 (0x00002f17) auipc   t5, 0x2
core   0: 3 0x8000b2f8 (0x00002f17) x30 0x8000d2f8
core   0: 0x8000b2fc (0xd03f2423) sw      gp, -760(t5)
core   0: 3 0x8000b2fc (0xd03f2423) mem 0x8000d000 0x00000001
core   0: 0x8000b300 (0xff9ff06f) j       pc - 0x8
core   0: 3 0x8000b300 (0xff9ff06f)
core   0: 0x8000b2f8 (0x00002f17) auipc   t5, 0x2
core   0: 3 0x8000b2f8 (0x00002f17) x30 0x8000d2f8
core   0: 0x8000b2fc (0xd03f2423) sw      gp, -760(t5)
core   0: 3 0x8000b2fc (0xd03f2423) mem 0x8000d000 0x00000001
core   0: 0x8000b300 (0xff9ff06f) j       pc - 0x8
core   0: 3 0x8000b300 (0xff9ff06f)
core   0: 0x8000b2f8 (0x00002f17) auipc   t5, 0x2
core   0: 3 0x8000b2f8 (0x00002f17) x30 0x8000d2f8
core   0: 0x8000b2fc (0xd03f2423) sw      gp, -760(t5)
core   0: 3 0x8000b2fc (0xd03f2423) mem 0x8000d000 0x00000001
core   0: 0x8000b300 (0xff9ff06f) j       pc - 0x8
core   0: 3 0x8000b300 (0xff9ff06f)
core   0: 0x8000b2f8 (0x00002f17) auipc   t5, 0x2
core   0: 3 0x8000b2f8 (0x00002f17) x30 0x8000d2f8
core   0: 0x8000b2fc (0xd03f2423) sw      gp, -760(t5)
core   0: 3 0x8000b2fc (0xd03f2423) mem 0x8000d000 0x00000001
core   0: 0x8000b300 (0xff9ff06f) j       pc - 0x8
core   0: 3 0x8000b300 (0xff9ff06f)
core   0: 0x8000b2f8 (0x00002f17) auipc   t5, 0x2
core   0: 3 0x8000b2f8 (0x00002f17) x30 0x8000d2f8
core   0: 0x8000b2fc (0xd03f2423) sw      gp, -760(t5)
core   0: 3 0x8000b2fc (0xd03f2423) mem 0x8000d000 0x00000001
core   0: 0x8000b300 (0xff9ff06f) j       pc - 0x8
core   0: 3 0x8000b300 (0xff9ff06f)
core   0: 0x8000b2f8 (0x00002f17) auipc   t5, 0x2
core   0: 3 0x8000b2f8 (0x00002f17) x30 0x8000d2f8
core   0: 0x8000b2fc (0xd03f2423) sw      gp, -760(t5)
core   0: 3 0x8000b2fc (0xd03f2423) mem 0x8000d000 0x00000001
core   0: 0x8000b300 (0xff9ff06f) j       pc - 0x8
core   0: 3 0x8000b300 (0xff9ff06f)
core   0: 0x8000b2f8 (0x00002f17) auipc   t5, 0x2
core   0: 3 0x8000b2f8 (0x00002f17) x30 0x8000d2f8
core   0: 0x8000b2fc (0xd03f2423) sw      gp, -760(t5)
core   0: 3 0x8000b2fc (0xd03f2423) mem 0x8000d000 0x00000001
core   0: 0x8000b300 (0xff9ff06f) j       pc - 0x8
core   0: 3 0x8000b300 (0xff9ff06f)
core   0: 0x8000b2f8 (0x00002f17) auipc   t5, 0x2
core   0: 3 0x8000b2f8 (0x00002f17) x30 0x8000d2f8
core   0: 0x8000b2fc (0xd03f2423) sw      gp, -760(t5)
core   0: 3 0x8000b2fc (0xd03f2423) mem 0x8000d000 0x00000001
core   0: 0x8000b300 (0xff9ff06f) j       pc - 0x8
core   0: 3 0x8000b300 (0xff9ff06f)
core   0: 0x8000b2f8 (0x00002f17) auipc   t5, 0x2
core   0: 3 0x8000b2f8 (0x00002f17) x30 0x8000d2f8
core   0: 0x8000b2fc (0xd03f2423) sw      gp, -760(t5)
core   0: 3 0x8000b2fc (0xd03f2423) mem 0x8000d000 0x00000001
core   0: 0x8000b300 (0xff9ff06f) j       pc - 0x8
core   0: 3 0x8000b300 (0xff9ff06f)
core   0: 0x8000b2f8 (0x00002f17) auipc   t5, 0x2
core   0: 3 0x8000b2f8 (0x00002f17) x30 0x8000d2f8
core   0: 0x8000b2fc (0xd03f2423) sw      gp, -760(t5)
core   0: 3 0x8000b2fc (0xd03f2423) mem 0x8000d000 0x00000001
core   0: 0x8000b300 (0xff9ff06f) j       pc - 0x8
core   0: 3 0x8000b300 (0xff9ff06f)
core   0: 0x8000b2f8 (0x00002f17) auipc   t5, 0x2
core   0: 3 0x8000b2f8 (0x00002f17) x30 0x8000d2f8
core   0: 0x8000b2fc (0xd03f2423) sw      gp, -760(t5)
core   0: 3 0x8000b2fc (0xd03f2423) mem 0x8000d000 0x00000001
core   0: 0x8000b300 (0xff9ff06f) j       pc - 0x8
core   0: 3 0x8000b300 (0xff9ff06f)
core   0: 0x8000b2f8 (0x00002f17) auipc   t5, 0x2
core   0: 3 0x8000b2f8 (0x00002f17) x30 0x8000d2f8
core   0: 0x8000b2fc (0xd03f2423) sw      gp, -760(t5)
core   0: 3 0x8000b2fc (0xd03f2423) mem 0x8000d000 0x00000001
core   0: 0x8000b300 (0xff9ff06f) j       pc - 0x8
core   0: 3 0x8000b300 (0xff9ff06f)
core   0: 0x8000b2f8 (0x00002f17) auipc   t5, 0x2
core   0: 3 0x8000b2f8 (0x00002f17) x30 0x8000d2f8
core   0: 0x8000b2fc (0xd03f2423) sw      gp, -760(t5)
core   0: 3 0x8000b2fc (0xd03f2423) mem 0x8000d000 0x00000001
core   0: 0x8000b300 (0xff9ff06f) j       pc - 0x8
core   0: 3 0x8000b300 (0xff9ff06f)
core   0: 0x8000b2f8 (0x00002f17) auipc   t5, 0x2
core   0: 3 0x8000b2f8 (0x00002f17) x30 0x8000d2f8
core   0: 0x8000b2fc (0xd03f2423) sw      gp, -760(t5)
core   0: 3 0x8000b2fc (0xd03f2423) mem 0x8000d000 0x00000001
core   0: 0x8000b300 (0xff9ff06f) j       pc - 0x8
core   0: 3 0x8000b300 (0xff9ff06f)
core   0: 0x8000b2f8 (0x00002f17) auipc   t5, 0x2
core   0: 3 0x8000b2f8 (0x00002f17) x30 0x8000d2f8
core   0: 0x8000b2fc (0xd03f2423) sw      gp, -760(t5)
core   0: 3 0x8000b2fc (0xd03f2423) mem 0x8000d000 0x00000001
core   0: 0x8000b300 (0xff9ff06f) j       pc - 0x8
core   0: 3 0x8000b300 (0xff9ff06f)
core   0: 0x8000b2f8 (0x00002f17) auipc   t5, 0x2
core   0: 3 0x8000b2f8 (0x00002f17) x30 0x8000d2f8
core   0: 0x8000b2fc (0xd03f2423) sw      gp, -760(t5)
core   0: 3 0x8000b2fc (0xd03f2423) mem 0x8000d000 0x00000001
core   0: 0x8000b300 (0xff9ff06f) j       pc - 0x8
core   0: 3 0x8000b300 (0xff9ff06f)
core   0: 0x8000b2f8 (0x00002f17) auipc   t5, 0x2
core   0: 3 0x8000b2f8 (0x00002f17) x30 0x8000d2f8
core   0: 0x8000b2fc (0xd03f2423) sw      gp, -760(t5)
core   0: 3 0x8000b2fc (0xd03f2423) mem 0x8000d000 0x00000001
core   0: 0x8000b300 (0xff9ff06f) j       pc - 0x8
core   0: 3 0x8000b300 (0xff9ff06f)
core   0: 0x8000b2f8 (0x00002f17) auipc   t5, 0x2
core   0: 3 0x8000b2f8 (0x00002f17) x30 0x8000d2f8
core   0: 0x8000b2fc (0xd03f2423) sw      gp, -760(t5)
core   0: 3 0x8000b2fc (0xd03f2423) mem 0x8000d000 0x00000001
core   0: 0x8000b300 (0xff9ff06f) j       pc - 0x8
core   0: 3 0x8000b300 (0xff9ff06f)
core   0: 0x8000b2f8 (0x00002f17) auipc   t5, 0x2
core   0: 3 0x8000b2f8 (0x00002f17) x30 0x8000d2f8
core   0: 0x8000b2fc (0xd03f2423) sw      gp, -760(t5)
core   0: 3 0x8000b2fc (0xd03f2423) mem 0x8000d000 0x00000001
core   0: 0x8000b300 (0xff9ff06f) j       pc - 0x8
core   0: 3 0x8000b300 (0xff9ff06f)
core   0: 0x8000b2f8 (0x00002f17) auipc   t5, 0x2
core   0: 3 0x8000b2f8 (0x00002f17) x30 0x8000d2f8
core   0: 0x8000b2fc (0xd03f2423) sw      gp, -760(t5)
core   0: 3 0x8000b2fc (0xd03f2423) mem 0x8000d000 0x00000001
core   0: 0x8000b300 (0xff9ff06f) j       pc - 0x8
core   0: 3 0x8000b300 (0xff9ff06f)
core   0: 0x8000b2f8 (0x00002f17) auipc   t5, 0x2
core   0: 3 0x8000b2f8 (0x00002f17) x30 0x8000d2f8
core   0: 0x8000b2fc (0xd03f2423) sw      gp, -760(t5)
core   0: 3 0x8000b2fc (0xd03f2423) mem 0x8000d000 0x00000001
core   0: 0x8000b300 (0xff9ff06f) j       pc - 0x8
core   0: 3 0x8000b300 (0xff9ff06f)
core   0: 0x8000b2f8 (0x00002f17) auipc   t5, 0x2
core   0: 3 0x8000b2f8 (0x00002f17) x30 0x8000d2f8
core   0: 0x8000b2fc (0xd03f2423) sw      gp, -760(t5)
core   0: 3 0x8000b2fc (0xd03f2423) mem 0x8000d000 0x00000001
core   0: 0x8000b300 (0xff9ff06f) j       pc - 0x8
core   0: 3 0x8000b300 (0xff9ff06f)
core   0: 0x8000b2f8 (0x00002f17) auipc   t5, 0x2
core   0: 3 0x8000b2f8 (0x00002f17) x30 0x8000d2f8
core   0: 0x8000b2fc (0xd03f2423) sw      gp, -760(t5)
core   0: 3 0x8000b2fc (0xd03f2423) mem 0x8000d000 0x00000001
core   0: 0x8000b300 (0xff9ff06f) j       pc - 0x8
core   0: 3 0x8000b300 (0xff9ff06f)
core   0: 0x8000b2f8 (0x00002f17) auipc   t5, 0x2
core   0: 3 0x8000b2f8 (0x00002f17) x30 0x8000d2f8
core   0: 0x8000b2fc (0xd03f2423) sw      gp, -760(t5)
core   0: 3 0x8000b2fc (0xd03f2423) mem 0x8000d000 0x00000001
core   0: 0x8000b300 (0xff9ff06f) j       pc - 0x8
core   0: 3 0x8000b300 (0xff9ff06f)
core   0: 0x8000b2f8 (0x00002f17) auipc   t5, 0x2
core   0: 3 0x8000b2f8 (0x00002f17) x30 0x8000d2f8
core   0: 0x8000b2fc (0xd03f2423) sw      gp, -760(t5)
core   0: 3 0x8000b2fc (0xd03f2423) mem 0x8000d000 0x00000001
core   0: 0x8000b300 (0xff9ff06f) j       pc - 0x8
core   0: 3 0x8000b300 (0xff9ff06f)
core   0: 0x8000b2f8 (0x00002f17) auipc   t5, 0x2
core   0: 3 0x8000b2f8 (0x00002f17) x30 0x8000d2f8
core   0: 0x8000b2fc (0xd03f2423) sw      gp, -760(t5)
core   0: 3 0x8000b2fc (0xd03f2423) mem 0x8000d000 0x00000001
core   0: 0x8000b300 (0xff9ff06f) j       pc - 0x8
core   0: 3 0x8000b300 (0xff9ff06f)
core   0: 0x8000b2f8 (0x00002f17) auipc   t5, 0x2
core   0: 3 0x8000b2f8 (0x00002f17) x30 0x8000d2f8
core   0: 0x8000b2fc (0xd03f2423) sw      gp, -760(t5)
core   0: 3 0x8000b2fc (0xd03f2423) mem 0x8000d000 0x00000001
core   0: 0x8000b300 (0xff9ff06f) j       pc - 0x8
core   0: 3 0x8000b300 (0xff9ff06f)
core   0: 0x8000b2f8 (0x00002f17) auipc   t5, 0x2
core   0: 3 0x8000b2f8 (0x00002f17) x30 0x8000d2f8
core   0: 0x8000b2fc (0xd03f2423) sw      gp, -760(t5)
core   0: 3 0x8000b2fc (0xd03f2423) mem 0x8000d000 0x00000001
core   0: 0x8000b300 (0xff9ff06f) j       pc - 0x8
core   0: 3 0x8000b300 (0xff9ff06f)
core   0: 0x8000b2f8 (0x00002f17) auipc   t5, 0x2
core   0: 3 0x8000b2f8 (0x00002f17) x30 0x8000d2f8
core   0: 0x8000b2fc (0xd03f2423) sw      gp, -760(t5)
core   0: 3 0x8000b2fc (0xd03f2423) mem 0x8000d000 0x00000001
core   0: 0x8000b300 (0xff9ff06f) j       pc - 0x8
core   0: 3 0x8000b300 (0xff9ff06f)
core   0: 0x8000b2f8 (0x00002f17) auipc   t5, 0x2
core   0: 3 0x8000b2f8 (0x00002f17) x30 0x8000d2f8
core   0: 0x8000b2fc (0xd03f2423) sw      gp, -760(t5)
core   0: 3 0x8000b2fc (0xd03f2423) mem 0x8000d000 0x00000001
core   0: 0x8000b300 (0xff9ff06f) j       pc - 0x8
core   0: 3 0x8000b300 (0xff9ff06f)
core   0: 0x8000b2f8 (0x00002f17) auipc   t5, 0x2
core   0: 3 0x8000b2f8 (0x00002f17) x30 0x8000d2f8
core   0: 0x8000b2fc (0xd03f2423) sw      gp, -760(t5)
core   0: 3 0x8000b2fc (0xd03f2423) mem 0x8000d000 0x00000001
core   0: 0x8000b300 (0xff9ff06f) j       pc - 0x8
core   0: 3 0x8000b300 (0xff9ff06f)
core   0: 0x8000b2f8 (0x00002f17) auipc   t5, 0x2
core   0: 3 0x8000b2f8 (0x00002f17) x30 0x8000d2f8
core   0: 0x8000b2fc (0xd03f2423) sw      gp, -760(t5)
core   0: 3 0x8000b2fc (0xd03f2423) mem 0x8000d000 0x00000001
core   0: 0x8000b300 (0xff9ff06f) j       pc - 0x8
core   0: 3 0x8000b300 (0xff9ff06f)
core   0: 0x8000b2f8 (0x00002f17) auipc   t5, 0x2
core   0: 3 0x8000b2f8 (0x00002f17) x30 0x8000d2f8
core   0: 0x8000b2fc (0xd03f2423) sw      gp, -760(t5)
core   0: 3 0x8000b2fc (0xd03f2423) mem 0x8000d000 0x00000001
core   0: 0x8000b300 (0xff9ff06f) j       pc - 0x8
core   0: 3 0x8000b300 (0xff9ff06f)
core   0: 0x8000b2f8 (0x00002f17) auipc   t5, 0x2
core   0: 3 0x8000b2f8 (0x00002f17) x30 0x8000d2f8
core   0: 0x8000b2fc (0xd03f2423) sw      gp, -760(t5)
core   0: 3 0x8000b2fc (0xd03f2423) mem 0x8000d000 0x00000001
core   0: 0x8000b300 (0xff9ff06f) j       pc - 0x8
core   0: 3 0x8000b300 (0xff9ff06f)
core   0: 0x8000b2f8 (0x00002f17) auipc   t5, 0x2
core   0: 3 0x8000b2f8 (0x00002f17) x30 0x8000d2f8
core   0: 0x8000b2fc (0xd03f2423) sw      gp, -760(t5)
core   0: 3 0x8000b2fc (0xd03f2423) mem 0x8000d000 0x00000001
core   0: 0x8000b300 (0xff9ff06f) j       pc - 0x8
core   0: 3 0x8000b300 (0xff9ff06f)
core   0: 0x8000b2f8 (0x00002f17) auipc   t5, 0x2
core   0: 3 0x8000b2f8 (0x00002f17) x30 0x8000d2f8
core   0: 0x8000b2fc (0xd03f2423) sw      gp, -760(t5)
core   0: 3 0x8000b2fc (0xd03f2423) mem 0x8000d000 0x00000001
core   0: 0x8000b300 (0xff9ff06f) j       pc - 0x8
core   0: 3 0x8000b300 (0xff9ff06f)
core   0: 0x8000b2f8 (0x00002f17) auipc   t5, 0x2
core   0: 3 0x8000b2f8 (0x00002f17) x30 0x8000d2f8
core   0: 0x8000b2fc (0xd03f2423) sw      gp, -760(t5)
core   0: 3 0x8000b2fc (0xd03f2423) mem 0x8000d000 0x00000001
core   0: 0x8000b300 (0xff9ff06f) j       pc - 0x8
core   0: 3 0x8000b300 (0xff9ff06f)
core   0: 0x8000b2f8 (0x00002f17) auipc   t5, 0x2
core   0: 3 0x8000b2f8 (0x00002f17) x30 0x8000d2f8
core   0: 0x8000b2fc (0xd03f2423) sw      gp, -760(t5)
core   0: 3 0x8000b2fc (0xd03f2423) mem 0x8000d000 0x00000001
core   0: 0x8000b300 (0xff9ff06f) j       pc - 0x8
core   0: 3 0x8000b300 (0xff9ff06f)
core   0: 0x8000b2f8 (0x00002f17) auipc   t5, 0x2
core   0: 3 0x8000b2f8 (0x00002f17) x30 0x8000d2f8
core   0: 0x8000b2fc (0xd03f2423) sw      gp, -760(t5)
core   0: 3 0x8000b2fc (0xd03f2423) mem 0x8000d000 0x00000001
core   0: 0x8000b300 (0xff9ff06f) j       pc - 0x8
core   0: 3 0x8000b300 (0xff9ff06f)
core   0: 0x8000b2f8 (0x00002f17) auipc   t5, 0x2
core   0: 3 0x8000b2f8 (0x00002f17) x30 0x8000d2f8
core   0: 0x8000b2fc (0xd03f2423) sw      gp, -760(t5)
core   0: 3 0x8000b2fc (0xd03f2423) mem 0x8000d000 0x00000001
core   0: 0x8000b300 (0xff9ff06f) j       pc - 0x8
core   0: 3 0x8000b300 (0xff9ff06f)
core   0: 0x8000b2f8 (0x00002f17) auipc   t5, 0x2
core   0: 3 0x8000b2f8 (0x00002f17) x30 0x8000d2f8
core   0: 0x8000b2fc (0xd03f2423) sw      gp, -760(t5)
core   0: 3 0x8000b2fc (0xd03f2423) mem 0x8000d000 0x00000001
core   0: 0x8000b300 (0xff9ff06f) j       pc - 0x8
core   0: 3 0x8000b300 (0xff9ff06f)
core   0: 0x8000b2f8 (0x00002f17) auipc   t5, 0x2
core   0: 3 0x8000b2f8 (0x00002f17) x30 0x8000d2f8
core   0: 0x8000b2fc (0xd03f2423) sw      gp, -760(t5)
core   0: 3 0x8000b2fc (0xd03f2423) mem 0x8000d000 0x00000001
core   0: 0x8000b300 (0xff9ff06f) j       pc - 0x8
core   0: 3 0x8000b300 (0xff9ff06f)
core   0: 0x8000b2f8 (0x00002f17) auipc   t5, 0x2
core   0: 3 0x8000b2f8 (0x00002f17) x30 0x8000d2f8
core   0: 0x8000b2fc (0xd03f2423) sw      gp, -760(t5)
core   0: 3 0x8000b2fc (0xd03f2423) mem 0x8000d000 0x00000001
core   0: 0x8000b300 (0xff9ff06f) j       pc - 0x8
core   0: 3 0x8000b300 (0xff9ff06f)
core   0: 0x8000b2f8 (0x00002f17) auipc   t5, 0x2
core   0: 3 0x8000b2f8 (0x00002f17) x30 0x8000d2f8
core   0: 0x8000b2fc (0xd03f2423) sw      gp, -760(t5)
core   0: 3 0x8000b2fc (0xd03f2423) mem 0x8000d000 0x00000001
core   0: 0x8000b300 (0xff9ff06f) j       pc - 0x8
core   0: 3 0x8000b300 (0xff9ff06f)
core   0: 0x8000b2f8 (0x00002f17) auipc   t5, 0x2
core   0: 3 0x8000b2f8 (0x00002f17) x30 0x8000d2f8
core   0: 0x8000b2fc (0xd03f2423) sw      gp, -760(t5)
core   0: 3 0x8000b2fc (0xd03f2423) mem 0x8000d000 0x00000001
core   0: 0x8000b300 (0xff9ff06f) j       pc - 0x8
core   0: 3 0x8000b300 (0xff9ff06f)
core   0: 0x8000b2f8 (0x00002f17) auipc   t5, 0x2
core   0: 3 0x8000b2f8 (0x00002f17) x30 0x8000d2f8
core   0: 0x8000b2fc (0xd03f2423) sw      gp, -760(t5)
core   0: 3 0x8000b2fc (0xd03f2423) mem 0x8000d000 0x00000001
core   0: 0x8000b300 (0xff9ff06f) j       pc - 0x8
core   0: 3 0x8000b300 (0xff9ff06f)
core   0: 0x8000b2f8 (0x00002f17) auipc   t5, 0x2
core   0: 3 0x8000b2f8 (0x00002f17) x30 0x8000d2f8
core   0: 0x8000b2fc (0xd03f2423) sw      gp, -760(t5)
core   0: 3 0x8000b2fc (0xd03f2423) mem 0x8000d000 0x00000001
core   0: 0x8000b300 (0xff9ff06f) j       pc - 0x8
core   0: 3 0x8000b300 (0xff9ff06f)
core   0: 0x8000b2f8 (0x00002f17) auipc   t5, 0x2
core   0: 3 0x8000b2f8 (0x00002f17) x30 0x8000d2f8
core   0: 0x8000b2fc (0xd03f2423) sw      gp, -760(t5)
core   0: 3 0x8000b2fc (0xd03f2423) mem 0x8000d000 0x00000001
core   0: 0x8000b300 (0xff9ff06f) j       pc - 0x8
core   0: 3 0x8000b300 (0xff9ff06f)
core   0: 0x8000b2f8 (0x00002f17) auipc   t5, 0x2
core   0: 3 0x8000b2f8 (0x00002f17) x30 0x8000d2f8
core   0: 0x8000b2fc (0xd03f2423) sw      gp, -760(t5)
core   0: 3 0x8000b2fc (0xd03f2423) mem 0x8000d000 0x00000001
core   0: 0x8000b300 (0xff9ff06f) j       pc - 0x8
core   0: 3 0x8000b300 (0xff9ff06f)
core   0: 0x8000b2f8 (0x00002f17) auipc   t5, 0x2
core   0: 3 0x8000b2f8 (0x00002f17) x30 0x8000d2f8
core   0: 0x8000b2fc (0xd03f2423) sw      gp, -760(t5)
core   0: 3 0x8000b2fc (0xd03f2423) mem 0x8000d000 0x00000001
core   0: 0x8000b300 (0xff9ff06f) j       pc - 0x8
core   0: 3 0x8000b300 (0xff9ff06f)
core   0: 0x8000b2f8 (0x00002f17) auipc   t5, 0x2
core   0: 3 0x8000b2f8 (0x00002f17) x30 0x8000d2f8
core   0: 0x8000b2fc (0xd03f2423) sw      gp, -760(t5)
core   0: 3 0x8000b2fc (0xd03f2423) mem 0x8000d000 0x00000001
core   0: 0x8000b300 (0xff9ff06f) j       pc - 0x8
core   0: 3 0x8000b300 (0xff9ff06f)
core   0: 0x8000b2f8 (0x00002f17) auipc   t5, 0x2
core   0: 3 0x8000b2f8 (0x00002f17) x30 0x8000d2f8
core   0: 0x8000b2fc (0xd03f2423) sw      gp, -760(t5)
core   0: 3 0x8000b2fc (0xd03f2423) mem 0x8000d000 0x00000001
core   0: 0x8000b300 (0xff9ff06f) j       pc - 0x8
core   0: 3 0x8000b300 (0xff9ff06f)
core   0: 0x8000b2f8 (0x00002f17) auipc   t5, 0x2
core   0: 3 0x8000b2f8 (0x00002f17) x30 0x8000d2f8
core   0: 0x8000b2fc (0xd03f2423) sw      gp, -760(t5)
core   0: 3 0x8000b2fc (0xd03f2423) mem 0x8000d000 0x00000001
core   0: 0x8000b300 (0xff9ff06f) j       pc - 0x8
core   0: 3 0x8000b300 (0xff9ff06f)
core   0: 0x8000b2f8 (0x00002f17) auipc   t5, 0x2
core   0: 3 0x8000b2f8 (0x00002f17) x30 0x8000d2f8
core   0: 0x8000b2fc (0xd03f2423) sw      gp, -760(t5)
core   0: 3 0x8000b2fc (0xd03f2423) mem 0x8000d000 0x00000001
core   0: 0x8000b300 (0xff9ff06f) j       pc - 0x8
core   0: 3 0x8000b300 (0xff9ff06f)
core   0: 0x8000b2f8 (0x00002f17) auipc   t5, 0x2
core   0: 3 0x8000b2f8 (0x00002f17) x30 0x8000d2f8
core   0: 0x8000b2fc (0xd03f2423) sw      gp, -760(t5)
core   0: 3 0x8000b2fc (0xd03f2423) mem 0x8000d000 0x00000001
core   0: 0x8000b300 (0xff9ff06f) j       pc - 0x8
core   0: 3 0x8000b300 (0xff9ff06f)
core   0: 0x8000b2f8 (0x00002f17) auipc   t5, 0x2
core   0: 3 0x8000b2f8 (0x00002f17) x30 0x8000d2f8
core   0: 0x8000b2fc (0xd03f2423) sw      gp, -760(t5)
core   0: 3 0x8000b2fc (0xd03f2423) mem 0x8000d000 0x00000001
core   0: 0x8000b300 (0xff9ff06f) j       pc - 0x8
core   0: 3 0x8000b300 (0xff9ff06f)
core   0: 0x8000b2f8 (0x00002f17) auipc   t5, 0x2
core   0: 3 0x8000b2f8 (0x00002f17) x30 0x8000d2f8
core   0: 0x8000b2fc (0xd03f2423) sw      gp, -760(t5)
core   0: 3 0x8000b2fc (0xd03f2423) mem 0x8000d000 0x00000001
core   0: 0x8000b300 (0xff9ff06f) j       pc - 0x8
core   0: 3 0x8000b300 (0xff9ff06f)
core   0: 0x8000b2f8 (0x00002f17) auipc   t5, 0x2
core   0: 3 0x8000b2f8 (0x00002f17) x30 0x8000d2f8
core   0: 0x8000b2fc (0xd03f2423) sw      gp, -760(t5)
core   0: 3 0x8000b2fc (0xd03f2423) mem 0x8000d000 0x00000001
core   0: 0x8000b300 (0xff9ff06f) j       pc - 0x8
core   0: 3 0x8000b300 (0xff9ff06f)
core   0: 0x8000b2f8 (0x00002f17) auipc   t5, 0x2
core   0: 3 0x8000b2f8 (0x00002f17) x30 0x8000d2f8
core   0: 0x8000b2fc (0xd03f2423) sw      gp, -760(t5)
core   0: 3 0x8000b2fc (0xd03f2423) mem 0x8000d000 0x00000001
core   0: 0x8000b300 (0xff9ff06f) j       pc - 0x8
core   0: 3 0x8000b300 (0xff9ff06f)
core   0: 0x8000b2f8 (0x00002f17) auipc   t5, 0x2
core   0: 3 0x8000b2f8 (0x00002f17) x30 0x8000d2f8
core   0: 0x8000b2fc (0xd03f2423) sw      gp, -760(t5)
core   0: 3 0x8000b2fc (0xd03f2423) mem 0x8000d000 0x00000001
core   0: 0x8000b300 (0xff9ff06f) j       pc - 0x8
core   0: 3 0x8000b300 (0xff9ff06f)
core   0: 0x8000b2f8 (0x00002f17) auipc   t5, 0x2
core   0: 3 0x8000b2f8 (0x00002f17) x30 0x8000d2f8
core   0: 0x8000b2fc (0xd03f2423) sw      gp, -760(t5)
core   0: 3 0x8000b2fc (0xd03f2423) mem 0x8000d000 0x00000001
core   0: 0x8000b300 (0xff9ff06f) j       pc - 0x8
core   0: 3 0x8000b300 (0xff9ff06f)
core   0: 0x8000b2f8 (0x00002f17) auipc   t5, 0x2
core   0: 3 0x8000b2f8 (0x00002f17) x30 0x8000d2f8
core   0: 0x8000b2fc (0xd03f2423) sw      gp, -760(t5)
core   0: 3 0x8000b2fc (0xd03f2423) mem 0x8000d000 0x00000001
core   0: 0x8000b300 (0xff9ff06f) j       pc - 0x8
core   0: 3 0x8000b300 (0xff9ff06f)
core   0: 0x8000b2f8 (0x00002f17) auipc   t5, 0x2
core   0: 3 0x8000b2f8 (0x00002f17) x30 0x8000d2f8
core   0: 0x8000b2fc (0xd03f2423) sw      gp, -760(t5)
core   0: 3 0x8000b2fc (0xd03f2423) mem 0x8000d000 0x00000001
core   0: 0x8000b300 (0xff9ff06f) j       pc - 0x8
core   0: 3 0x8000b300 (0xff9ff06f)
core   0: 0x8000b2f8 (0x00002f17) auipc   t5, 0x2
core   0: 3 0x8000b2f8 (0x00002f17) x30 0x8000d2f8
core   0: 0x8000b2fc (0xd03f2423) sw      gp, -760(t5)
core   0: 3 0x8000b2fc (0xd03f2423) mem 0x8000d000 0x00000001
core   0: 0x8000b300 (0xff9ff06f) j       pc - 0x8
core   0: 3 0x8000b300 (0xff9ff06f)
core   0: 0x8000b2f8 (0x00002f17) auipc   t5, 0x2
core   0: 3 0x8000b2f8 (0x00002f17) x30 0x8000d2f8
core   0: 0x8000b2fc (0xd03f2423) sw      gp, -760(t5)
core   0: 3 0x8000b2fc (0xd03f2423) mem 0x8000d000 0x00000001
core   0: 0x8000b300 (0xff9ff06f) j       pc - 0x8
core   0: 3 0x8000b300 (0xff9ff06f)
core   0: 0x8000b2f8 (0x00002f17) auipc   t5, 0x2
core   0: 3 0x8000b2f8 (0x00002f17) x30 0x8000d2f8
core   0: 0x8000b2fc (0xd03f2423) sw      gp, -760(t5)
core   0: 3 0x8000b2fc (0xd03f2423) mem 0x8000d000 0x00000001
core   0: 0x8000b300 (0xff9ff06f) j       pc - 0x8
core   0: 3 0x8000b300 (0xff9ff06f)
core   0: 0x8000b2f8 (0x00002f17) auipc   t5, 0x2
core   0: 3 0x8000b2f8 (0x00002f17) x30 0x8000d2f8
core   0: 0x8000b2fc (0xd03f2423) sw      gp, -760(t5)
core   0: 3 0x8000b2fc (0xd03f2423) mem 0x8000d000 0x00000001
core   0: 0x8000b300 (0xff9ff06f) j       pc - 0x8
core   0: 3 0x8000b300 (0xff9ff06f)
core   0: 0x8000b2f8 (0x00002f17) auipc   t5, 0x2
core   0: 3 0x8000b2f8 (0x00002f17) x30 0x8000d2f8
core   0: 0x8000b2fc (0xd03f2423) sw      gp, -760(t5)
core   0: 3 0x8000b2fc (0xd03f2423) mem 0x8000d000 0x00000001
core   0: 0x8000b300 (0xff9ff06f) j       pc - 0x8
core   0: 3 0x8000b300 (0xff9ff06f)
core   0: 0x8000b2f8 (0x00002f17) auipc   t5, 0x2
core   0: 3 0x8000b2f8 (0x00002f17) x30 0x8000d2f8
core   0: 0x8000b2fc (0xd03f2423) sw      gp, -760(t5)
core   0: 3 0x8000b2fc (0xd03f2423) mem 0x8000d000 0x00000001
core   0: 0x8000b300 (0xff9ff06f) j       pc - 0x8
core   0: 3 0x8000b300 (0xff9ff06f)
core   0: 0x8000b2f8 (0x00002f17) auipc   t5, 0x2
core   0: 3 0x8000b2f8 (0x00002f17) x30 0x8000d2f8
core   0: 0x8000b2fc (0xd03f2423) sw      gp, -760(t5)
core   0: 3 0x8000b2fc (0xd03f2423) mem 0x8000d000 0x00000001
core   0: 0x8000b300 (0xff9ff06f) j       pc - 0x8
core   0: 3 0x8000b300 (0xff9ff06f)
core   0: 0x8000b2f8 (0x00002f17) auipc   t5, 0x2
core   0: 3 0x8000b2f8 (0x00002f17) x30 0x8000d2f8
core   0: 0x8000b2fc (0xd03f2423) sw      gp, -760(t5)
core   0: 3 0x8000b2fc (0xd03f2423) mem 0x8000d000 0x00000001
core   0: 0x8000b300 (0xff9ff06f) j       pc - 0x8
core   0: 3 0x8000b300 (0xff9ff06f)
core   0: 0x8000b2f8 (0x00002f17) auipc   t5, 0x2
core   0: 3 0x8000b2f8 (0x00002f17) x30 0x8000d2f8
core   0: 0x8000b2fc (0xd03f2423) sw      gp, -760(t5)
core   0: 3 0x8000b2fc (0xd03f2423) mem 0x8000d000 0x00000001
core   0: 0x8000b300 (0xff9ff06f) j       pc - 0x8
core   0: 3 0x8000b300 (0xff9ff06f)
core   0: 0x8000b2f8 (0x00002f17) auipc   t5, 0x2
core   0: 3 0x8000b2f8 (0x00002f17) x30 0x8000d2f8
core   0: 0x8000b2fc (0xd03f2423) sw      gp, -760(t5)
core   0: 3 0x8000b2fc (0xd03f2423) mem 0x8000d000 0x00000001
core   0: 0x8000b300 (0xff9ff06f) j       pc - 0x8
core   0: 3 0x8000b300 (0xff9ff06f)
core   0: 0x8000b2f8 (0x00002f17) auipc   t5, 0x2
core   0: 3 0x8000b2f8 (0x00002f17) x30 0x8000d2f8
core   0: 0x8000b2fc (0xd03f2423) sw      gp, -760(t5)
core   0: 3 0x8000b2fc (0xd03f2423) mem 0x8000d000 0x00000001
core   0: 0x8000b300 (0xff9ff06f) j       pc - 0x8
core   0: 3 0x8000b300 (0xff9ff06f)
core   0: 0x8000b2f8 (0x00002f17) auipc   t5, 0x2
core   0: 3 0x8000b2f8 (0x00002f17) x30 0x8000d2f8
core   0: 0x8000b2fc (0xd03f2423) sw      gp, -760(t5)
core   0: 3 0x8000b2fc (0xd03f2423) mem 0x8000d000 0x00000001
core   0: 0x8000b300 (0xff9ff06f) j       pc - 0x8
core   0: 3 0x8000b300 (0xff9ff06f)
core   0: 0x8000b2f8 (0x00002f17) auipc   t5, 0x2
core   0: 3 0x8000b2f8 (0x00002f17) x30 0x8000d2f8
core   0: 0x8000b2fc (0xd03f2423) sw      gp, -760(t5)
core   0: 3 0x8000b2fc (0xd03f2423) mem 0x8000d000 0x00000001
core   0: 0x8000b300 (0xff9ff06f) j       pc - 0x8
core   0: 3 0x8000b300 (0xff9ff06f)
core   0: 0x8000b2f8 (0x00002f17) auipc   t5, 0x2
core   0: 3 0x8000b2f8 (0x00002f17) x30 0x8000d2f8
core   0: 0x8000b2fc (0xd03f2423) sw      gp, -760(t5)
core   0: 3 0x8000b2fc (0xd03f2423) mem 0x8000d000 0x00000001
core   0: 0x8000b300 (0xff9ff06f) j       pc - 0x8
core   0: 3 0x8000b300 (0xff9ff06f)
core   0: 0x8000b2f8 (0x00002f17) auipc   t5, 0x2
core   0: 3 0x8000b2f8 (0x00002f17) x30 0x8000d2f8
core   0: 0x8000b2fc (0xd03f2423) sw      gp, -760(t5)
core   0: 3 0x8000b2fc (0xd03f2423) mem 0x8000d000 0x00000001
core   0: 0x8000b300 (0xff9ff06f) j       pc - 0x8
core   0: 3 0x8000b300 (0xff9ff06f)
core   0: 0x8000b2f8 (0x00002f17) auipc   t5, 0x2
core   0: 3 0x8000b2f8 (0x00002f17) x30 0x8000d2f8
core   0: 0x8000b2fc (0xd03f2423) sw      gp, -760(t5)
core   0: 3 0x8000b2fc (0xd03f2423) mem 0x8000d000 0x00000001
core   0: 0x8000b300 (0xff9ff06f) j       pc - 0x8
core   0: 3 0x8000b300 (0xff9ff06f)
core   0: 0x8000b2f8 (0x00002f17) auipc   t5, 0x2
core   0: 3 0x8000b2f8 (0x00002f17) x30 0x8000d2f8
core   0: 0x8000b2fc (0xd03f2423) sw      gp, -760(t5)
core   0: 3 0x8000b2fc (0xd03f2423) mem 0x8000d000 0x00000001
core   0: 0x8000b300 (0xff9ff06f) j       pc - 0x8
core   0: 3 0x8000b300 (0xff9ff06f)
core   0: 0x8000b2f8 (0x00002f17) auipc   t5, 0x2
core   0: 3 0x8000b2f8 (0x00002f17) x30 0x8000d2f8
core   0: 0x8000b2fc (0xd03f2423) sw      gp, -760(t5)
core   0: 3 0x8000b2fc (0xd03f2423) mem 0x8000d000 0x00000001
core   0: 0x8000b300 (0xff9ff06f) j       pc - 0x8
core   0: 3 0x8000b300 (0xff9ff06f)
core   0: 0x8000b2f8 (0x00002f17) auipc   t5, 0x2
core   0: 3 0x8000b2f8 (0x00002f17) x30 0x8000d2f8
core   0: 0x8000b2fc (0xd03f2423) sw      gp, -760(t5)
core   0: 3 0x8000b2fc (0xd03f2423) mem 0x8000d000 0x00000001
core   0: 0x8000b300 (0xff9ff06f) j       pc - 0x8
core   0: 3 0x8000b300 (0xff9ff06f)
core   0: 0x8000b2f8 (0x00002f17) auipc   t5, 0x2
core   0: 3 0x8000b2f8 (0x00002f17) x30 0x8000d2f8
core   0: 0x8000b2fc (0xd03f2423) sw      gp, -760(t5)
core   0: 3 0x8000b2fc (0xd03f2423) mem 0x8000d000 0x00000001
core   0: 0x8000b300 (0xff9ff06f) j       pc - 0x8
core   0: 3 0x8000b300 (0xff9ff06f)
core   0: 0x8000b2f8 (0x00002f17) auipc   t5, 0x2
core   0: 3 0x8000b2f8 (0x00002f17) x30 0x8000d2f8
core   0: 0x8000b2fc (0xd03f2423) sw      gp, -760(t5)
core   0: 3 0x8000b2fc (0xd03f2423) mem 0x8000d000 0x00000001
core   0: 0x8000b300 (0xff9ff06f) j       pc - 0x8
core   0: 3 0x8000b300 (0xff9ff06f)
core   0: 0x8000b2f8 (0x00002f17) auipc   t5, 0x2
core   0: 3 0x8000b2f8 (0x00002f17) x30 0x8000d2f8
core   0: 0x8000b2fc (0xd03f2423) sw      gp, -760(t5)
core   0: 3 0x8000b2fc (0xd03f2423) mem 0x8000d000 0x00000001
core   0: 0x8000b300 (0xff9ff06f) j       pc - 0x8
core   0: 3 0x8000b300 (0xff9ff06f)
core   0: 0x8000b2f8 (0x00002f17) auipc   t5, 0x2
core   0: 3 0x8000b2f8 (0x00002f17) x30 0x8000d2f8
core   0: 0x8000b2fc (0xd03f2423) sw      gp, -760(t5)
core   0: 3 0x8000b2fc (0xd03f2423) mem 0x8000d000 0x00000001
core   0: 0x8000b300 (0xff9ff06f) j       pc - 0x8
core   0: 3 0x8000b300 (0xff9ff06f)
core   0: 0x8000b2f8 (0x00002f17) auipc   t5, 0x2
core   0: 3 0x8000b2f8 (0x00002f17) x30 0x8000d2f8
core   0: 0x8000b2fc (0xd03f2423) sw      gp, -760(t5)
core   0: 3 0x8000b2fc (0xd03f2423) mem 0x8000d000 0x00000001
core   0: 0x8000b300 (0xff9ff06f) j       pc - 0x8
core   0: 3 0x8000b300 (0xff9ff06f)
core   0: 0x8000b2f8 (0x00002f17) auipc   t5, 0x2
core   0: 3 0x8000b2f8 (0x00002f17) x30 0x8000d2f8
core   0: 0x8000b2fc (0xd03f2423) sw      gp, -760(t5)
core   0: 3 0x8000b2fc (0xd03f2423) mem 0x8000d000 0x00000001
core   0: 0x8000b300 (0xff9ff06f) j       pc - 0x8
core   0: 3 0x8000b300 (0xff9ff06f)
core   0: 0x8000b2f8 (0x00002f17) auipc   t5, 0x2
core   0: 3 0x8000b2f8 (0x00002f17) x30 0x8000d2f8
core   0: 0x8000b2fc (0xd03f2423) sw      gp, -760(t5)
core   0: 3 0x8000b2fc (0xd03f2423) mem 0x8000d000 0x00000001
core   0: 0x8000b300 (0xff9ff06f) j       pc - 0x8
core   0: 3 0x8000b300 (0xff9ff06f)
core   0: 0x8000b2f8 (0x00002f17) auipc   t5, 0x2
core   0: 3 0x8000b2f8 (0x00002f17) x30 0x8000d2f8
core   0: 0x8000b2fc (0xd03f2423) sw      gp, -760(t5)
core   0: 3 0x8000b2fc (0xd03f2423) mem 0x8000d000 0x00000001
core   0: 0x8000b300 (0xff9ff06f) j       pc - 0x8
core   0: 3 0x8000b300 (0xff9ff06f)
core   0: 0x8000b2f8 (0x00002f17) auipc   t5, 0x2
core   0: 3 0x8000b2f8 (0x00002f17) x30 0x8000d2f8
core   0: 0x8000b2fc (0xd03f2423) sw      gp, -760(t5)
core   0: 3 0x8000b2fc (0xd03f2423) mem 0x8000d000 0x00000001
core   0: 0x8000b300 (0xff9ff06f) j       pc - 0x8
core   0: 3 0x8000b300 (0xff9ff06f)
core   0: 0x8000b2f8 (0x00002f17) auipc   t5, 0x2
core   0: 3 0x8000b2f8 (0x00002f17) x30 0x8000d2f8
core   0: 0x8000b2fc (0xd03f2423) sw      gp, -760(t5)
core   0: 3 0x8000b2fc (0xd03f2423) mem 0x8000d000 0x00000001
core   0: 0x8000b300 (0xff9ff06f) j       pc - 0x8
core   0: 3 0x8000b300 (0xff9ff06f)
core   0: 0x8000b2f8 (0x00002f17) auipc   t5, 0x2
core   0: 3 0x8000b2f8 (0x00002f17) x30 0x8000d2f8
core   0: 0x8000b2fc (0xd03f2423) sw      gp, -760(t5)
core   0: 3 0x8000b2fc (0xd03f2423) mem 0x8000d000 0x00000001
core   0: 0x8000b300 (0xff9ff06f) j       pc - 0x8
core   0: 3 0x8000b300 (0xff9ff06f)
core   0: 0x8000b2f8 (0x00002f17) auipc   t5, 0x2
core   0: 3 0x8000b2f8 (0x00002f17) x30 0x8000d2f8
core   0: 0x8000b2fc (0xd03f2423) sw      gp, -760(t5)
core   0: 3 0x8000b2fc (0xd03f2423) mem 0x8000d000 0x00000001
core   0: 0x8000b300 (0xff9ff06f) j       pc - 0x8
core   0: 3 0x8000b300 (0xff9ff06f)
core   0: 0x8000b2f8 (0x00002f17) auipc   t5, 0x2
core   0: 3 0x8000b2f8 (0x00002f17) x30 0x8000d2f8
core   0: 0x8000b2fc (0xd03f2423) sw      gp, -760(t5)
core   0: 3 0x8000b2fc (0xd03f2423) mem 0x8000d000 0x00000001
core   0: 0x8000b300 (0xff9ff06f) j       pc - 0x8
core   0: 3 0x8000b300 (0xff9ff06f)
core   0: 0x8000b2f8 (0x00002f17) auipc   t5, 0x2
core   0: 3 0x8000b2f8 (0x00002f17) x30 0x8000d2f8
core   0: 0x8000b2fc (0xd03f2423) sw      gp, -760(t5)
core   0: 3 0x8000b2fc (0xd03f2423) mem 0x8000d000 0x00000001
core   0: 0x8000b300 (0xff9ff06f) j       pc - 0x8
core   0: 3 0x8000b300 (0xff9ff06f)
core   0: 0x8000b2f8 (0x00002f17) auipc   t5, 0x2
core   0: 3 0x8000b2f8 (0x00002f17) x30 0x8000d2f8
core   0: 0x8000b2fc (0xd03f2423) sw      gp, -760(t5)
core   0: 3 0x8000b2fc (0xd03f2423) mem 0x8000d000 0x00000001
core   0: 0x8000b300 (0xff9ff06f) j       pc - 0x8
core   0: 3 0x8000b300 (0xff9ff06f)
core   0: 0x8000b2f8 (0x00002f17) auipc   t5, 0x2
core   0: 3 0x8000b2f8 (0x00002f17) x30 0x8000d2f8
core   0: 0x8000b2fc (0xd03f2423) sw      gp, -760(t5)
core   0: 3 0x8000b2fc (0xd03f2423) mem 0x8000d000 0x00000001
core   0: 0x8000b300 (0xff9ff06f) j       pc - 0x8
core   0: 3 0x8000b300 (0xff9ff06f)
core   0: 0x8000b2f8 (0x00002f17) auipc   t5, 0x2
core   0: 3 0x8000b2f8 (0x00002f17) x30 0x8000d2f8
core   0: 0x8000b2fc (0xd03f2423) sw      gp, -760(t5)
core   0: 3 0x8000b2fc (0xd03f2423) mem 0x8000d000 0x00000001
core   0: 0x8000b300 (0xff9ff06f) j       pc - 0x8
core   0: 3 0x8000b300 (0xff9ff06f)
core   0: 0x8000b2f8 (0x00002f17) auipc   t5, 0x2
core   0: 3 0x8000b2f8 (0x00002f17) x30 0x8000d2f8
core   0: 0x8000b2fc (0xd03f2423) sw      gp, -760(t5)
core   0: 3 0x8000b2fc (0xd03f2423) mem 0x8000d000 0x00000001
core   0: 0x8000b300 (0xff9ff06f) j       pc - 0x8
core   0: 3 0x8000b300 (0xff9ff06f)
core   0: 0x8000b2f8 (0x00002f17) auipc   t5, 0x2
core   0: 3 0x8000b2f8 (0x00002f17) x30 0x8000d2f8
core   0: 0x8000b2fc (0xd03f2423) sw      gp, -760(t5)
core   0: 3 0x8000b2fc (0xd03f2423) mem 0x8000d000 0x00000001
core   0: 0x8000b300 (0xff9ff06f) j       pc - 0x8
core   0: 3 0x8000b300 (0xff9ff06f)
core   0: 0x8000b2f8 (0x00002f17) auipc   t5, 0x2
core   0: 3 0x8000b2f8 (0x00002f17) x30 0x8000d2f8
core   0: 0x8000b2fc (0xd03f2423) sw      gp, -760(t5)
core   0: 3 0x8000b2fc (0xd03f2423) mem 0x8000d000 0x00000001
core   0: 0x8000b300 (0xff9ff06f) j       pc - 0x8
core   0: 3 0x8000b300 (0xff9ff06f)
core   0: 0x8000b2f8 (0x00002f17) auipc   t5, 0x2
core   0: 3 0x8000b2f8 (0x00002f17) x30 0x8000d2f8
core   0: 0x8000b2fc (0xd03f2423) sw      gp, -760(t5)
core   0: 3 0x8000b2fc (0xd03f2423) mem 0x8000d000 0x00000001
core   0: 0x8000b300 (0xff9ff06f) j       pc - 0x8
core   0: 3 0x8000b300 (0xff9ff06f)
core   0: 0x8000b2f8 (0x00002f17) auipc   t5, 0x2
core   0: 3 0x8000b2f8 (0x00002f17) x30 0x8000d2f8
core   0: 0x8000b2fc (0xd03f2423) sw      gp, -760(t5)
core   0: 3 0x8000b2fc (0xd03f2423) mem 0x8000d000 0x00000001
core   0: 0x8000b300 (0xff9ff06f) j       pc - 0x8
core   0: 3 0x8000b300 (0xff9ff06f)
core   0: 0x8000b2f8 (0x00002f17) auipc   t5, 0x2
core   0: 3 0x8000b2f8 (0x00002f17) x30 0x8000d2f8
core   0: 0x8000b2fc (0xd03f2423) sw      gp, -760(t5)
core   0: 3 0x8000b2fc (0xd03f2423) mem 0x8000d000 0x00000001
core   0: 0x8000b300 (0xff9ff06f) j       pc - 0x8
core   0: 3 0x8000b300 (0xff9ff06f)
core   0: 0x8000b2f8 (0x00002f17) auipc   t5, 0x2
core   0: 3 0x8000b2f8 (0x00002f17) x30 0x8000d2f8
core   0: 0x8000b2fc (0xd03f2423) sw      gp, -760(t5)
core   0: 3 0x8000b2fc (0xd03f2423) mem 0x8000d000 0x00000001
core   0: 0x8000b300 (0xff9ff06f) j       pc - 0x8
core   0: 3 0x8000b300 (0xff9ff06f)
core   0: 0x8000b2f8 (0x00002f17) auipc   t5, 0x2
core   0: 3 0x8000b2f8 (0x00002f17) x30 0x8000d2f8
core   0: 0x8000b2fc (0xd03f2423) sw      gp, -760(t5)
core   0: 3 0x8000b2fc (0xd03f2423) mem 0x8000d000 0x00000001
core   0: 0x8000b300 (0xff9ff06f) j       pc - 0x8
core   0: 3 0x8000b300 (0xff9ff06f)
core   0: 0x8000b2f8 (0x00002f17) auipc   t5, 0x2
core   0: 3 0x8000b2f8 (0x00002f17) x30 0x8000d2f8
core   0: 0x8000b2fc (0xd03f2423) sw      gp, -760(t5)
core   0: 3 0x8000b2fc (0xd03f2423) mem 0x8000d000 0x00000001
core   0: 0x8000b300 (0xff9ff06f) j       pc - 0x8
core   0: 3 0x8000b300 (0xff9ff06f)
core   0: 0x8000b2f8 (0x00002f17) auipc   t5, 0x2
core   0: 3 0x8000b2f8 (0x00002f17) x30 0x8000d2f8
core   0: 0x8000b2fc (0xd03f2423) sw      gp, -760(t5)
core   0: 3 0x8000b2fc (0xd03f2423) mem 0x8000d000 0x00000001
core   0: 0x8000b300 (0xff9ff06f) j       pc - 0x8
core   0: 3 0x8000b300 (0xff9ff06f)
core   0: 0x8000b2f8 (0x00002f17) auipc   t5, 0x2
core   0: 3 0x8000b2f8 (0x00002f17) x30 0x8000d2f8
core   0: 0x8000b2fc (0xd03f2423) sw      gp, -760(t5)
core   0: 3 0x8000b2fc (0xd03f2423) mem 0x8000d000 0x00000001
core   0: 0x8000b300 (0xff9ff06f) j       pc - 0x8
core   0: 3 0x8000b300 (0xff9ff06f)
core   0: 0x8000b2f8 (0x00002f17) auipc   t5, 0x2
core   0: 3 0x8000b2f8 (0x00002f17) x30 0x8000d2f8
core   0: 0x8000b2fc (0xd03f2423) sw      gp, -760(t5)
core   0: 3 0x8000b2fc (0xd03f2423) mem 0x8000d000 0x00000001
core   0: 0x8000b300 (0xff9ff06f) j       pc - 0x8
core   0: 3 0x8000b300 (0xff9ff06f)
core   0: 0x8000b2f8 (0x00002f17) auipc   t5, 0x2
core   0: 3 0x8000b2f8 (0x00002f17) x30 0x8000d2f8
core   0: 0x8000b2fc (0xd03f2423) sw      gp, -760(t5)
core   0: 3 0x8000b2fc (0xd03f2423) mem 0x8000d000 0x00000001
core   0: 0x8000b300 (0xff9ff06f) j       pc - 0x8
core   0: 3 0x8000b300 (0xff9ff06f)
core   0: 0x8000b2f8 (0x00002f17) auipc   t5, 0x2
core   0: 3 0x8000b2f8 (0x00002f17) x30 0x8000d2f8
core   0: 0x8000b2fc (0xd03f2423) sw      gp, -760(t5)
core   0: 3 0x8000b2fc (0xd03f2423) mem 0x8000d000 0x00000001
core   0: 0x8000b300 (0xff9ff06f) j       pc - 0x8
core   0: 3 0x8000b300 (0xff9ff06f)
core   0: 0x8000b2f8 (0x00002f17) auipc   t5, 0x2
core   0: 3 0x8000b2f8 (0x00002f17) x30 0x8000d2f8
core   0: 0x8000b2fc (0xd03f2423) sw      gp, -760(t5)
core   0: 3 0x8000b2fc (0xd03f2423) mem 0x8000d000 0x00000001
core   0: 0x8000b300 (0xff9ff06f) j       pc - 0x8
core   0: 3 0x8000b300 (0xff9ff06f)
core   0: 0x8000b2f8 (0x00002f17) auipc   t5, 0x2
core   0: 3 0x8000b2f8 (0x00002f17) x30 0x8000d2f8
core   0: 0x8000b2fc (0xd03f2423) sw      gp, -760(t5)
core   0: 3 0x8000b2fc (0xd03f2423) mem 0x8000d000 0x00000001
core   0: 0x8000b300 (0xff9ff06f) j       pc - 0x8
core   0: 3 0x8000b300 (0xff9ff06f)
core   0: 0x8000b2f8 (0x00002f17) auipc   t5, 0x2
core   0: 3 0x8000b2f8 (0x00002f17) x30 0x8000d2f8
core   0: 0x8000b2fc (0xd03f2423) sw      gp, -760(t5)
core   0: 3 0x8000b2fc (0xd03f2423) mem 0x8000d000 0x00000001
core   0: 0x8000b300 (0xff9ff06f) j       pc - 0x8
core   0: 3 0x8000b300 (0xff9ff06f)
core   0: 0x8000b2f8 (0x00002f17) auipc   t5, 0x2
core   0: 3 0x8000b2f8 (0x00002f17) x30 0x8000d2f8
core   0: 0x8000b2fc (0xd03f2423) sw      gp, -760(t5)
core   0: 3 0x8000b2fc (0xd03f2423) mem 0x8000d000 0x00000001
core   0: 0x8000b300 (0xff9ff06f) j       pc - 0x8
core   0: 3 0x8000b300 (0xff9ff06f)
core   0: 0x8000b2f8 (0x00002f17) auipc   t5, 0x2
core   0: 3 0x8000b2f8 (0x00002f17) x30 0x8000d2f8
core   0: 0x8000b2fc (0xd03f2423) sw      gp, -760(t5)
core   0: 3 0x8000b2fc (0xd03f2423) mem 0x8000d000 0x00000001
core   0: 0x8000b300 (0xff9ff06f) j       pc - 0x8
core   0: 3 0x8000b300 (0xff9ff06f)
core   0: 0x8000b2f8 (0x00002f17) auipc   t5, 0x2
core   0: 3 0x8000b2f8 (0x00002f17) x30 0x8000d2f8
core   0: 0x8000b2fc (0xd03f2423) sw      gp, -760(t5)
core   0: 3 0x8000b2fc (0xd03f2423) mem 0x8000d000 0x00000001
core   0: 0x8000b300 (0xff9ff06f) j       pc - 0x8
core   0: 3 0x8000b300 (0xff9ff06f)
core   0: 0x8000b2f8 (0x00002f17) auipc   t5, 0x2
core   0: 3 0x8000b2f8 (0x00002f17) x30 0x8000d2f8
core   0: 0x8000b2fc (0xd03f2423) sw      gp, -760(t5)
core   0: 3 0x8000b2fc (0xd03f2423) mem 0x8000d000 0x00000001
core   0: 0x8000b300 (0xff9ff06f) j       pc - 0x8
core   0: 3 0x8000b300 (0xff9ff06f)
core   0: 0x8000b2f8 (0x00002f17) auipc   t5, 0x2
core   0: 3 0x8000b2f8 (0x00002f17) x30 0x8000d2f8
core   0: 0x8000b2fc (0xd03f2423) sw      gp, -760(t5)
core   0: 3 0x8000b2fc (0xd03f2423) mem 0x8000d000 0x00000001
core   0: 0x8000b300 (0xff9ff06f) j       pc - 0x8
core   0: 3 0x8000b300 (0xff9ff06f)
core   0: 0x8000b2f8 (0x00002f17) auipc   t5, 0x2
core   0: 3 0x8000b2f8 (0x00002f17) x30 0x8000d2f8
core   0: 0x8000b2fc (0xd03f2423) sw      gp, -760(t5)
core   0: 3 0x8000b2fc (0xd03f2423) mem 0x8000d000 0x00000001
core   0: 0x8000b300 (0xff9ff06f) j       pc - 0x8
core   0: 3 0x8000b300 (0xff9ff06f)
core   0: 0x8000b2f8 (0x00002f17) auipc   t5, 0x2
core   0: 3 0x8000b2f8 (0x00002f17) x30 0x8000d2f8
core   0: 0x8000b2fc (0xd03f2423) sw      gp, -760(t5)
core   0: 3 0x8000b2fc (0xd03f2423) mem 0x8000d000 0x00000001
core   0: 0x8000b300 (0xff9ff06f) j       pc - 0x8
core   0: 3 0x8000b300 (0xff9ff06f)
core   0: 0x8000b2f8 (0x00002f17) auipc   t5, 0x2
core   0: 3 0x8000b2f8 (0x00002f17) x30 0x8000d2f8
core   0: 0x8000b2fc (0xd03f2423) sw      gp, -760(t5)
core   0: 3 0x8000b2fc (0xd03f2423) mem 0x8000d000 0x00000001
core   0: 0x8000b300 (0xff9ff06f) j       pc - 0x8
core   0: 3 0x8000b300 (0xff9ff06f)
core   0: 0x8000b2f8 (0x00002f17) auipc   t5, 0x2
core   0: 3 0x8000b2f8 (0x00002f17) x30 0x8000d2f8
core   0: 0x8000b2fc (0xd03f2423) sw      gp, -760(t5)
core   0: 3 0x8000b2fc (0xd03f2423) mem 0x8000d000 0x00000001
core   0: 0x8000b300 (0xff9ff06f) j       pc - 0x8
core   0: 3 0x8000b300 (0xff9ff06f)
core   0: 0x8000b2f8 (0x00002f17) auipc   t5, 0x2
core   0: 3 0x8000b2f8 (0x00002f17) x30 0x8000d2f8
core   0: 0x8000b2fc (0xd03f2423) sw      gp, -760(t5)
core   0: 3 0x8000b2fc (0xd03f2423) mem 0x8000d000 0x00000001
core   0: 0x8000b300 (0xff9ff06f) j       pc - 0x8
core   0: 3 0x8000b300 (0xff9ff06f)
core   0: 0x8000b2f8 (0x00002f17) auipc   t5, 0x2
core   0: 3 0x8000b2f8 (0x00002f17) x30 0x8000d2f8
core   0: 0x8000b2fc (0xd03f2423) sw      gp, -760(t5)
core   0: 3 0x8000b2fc (0xd03f2423) mem 0x8000d000 0x00000001
core   0: 0x8000b300 (0xff9ff06f) j       pc - 0x8
core   0: 3 0x8000b300 (0xff9ff06f)
core   0: 0x8000b2f8 (0x00002f17) auipc   t5, 0x2
core   0: 3 0x8000b2f8 (0x00002f17) x30 0x8000d2f8
core   0: 0x8000b2fc (0xd03f2423) sw      gp, -760(t5)
core   0: 3 0x8000b2fc (0xd03f2423) mem 0x8000d000 0x00000001
core   0: 0x8000b300 (0xff9ff06f) j       pc - 0x8
core   0: 3 0x8000b300 (0xff9ff06f)
core   0: 0x8000b2f8 (0x00002f17) auipc   t5, 0x2
core   0: 3 0x8000b2f8 (0x00002f17) x30 0x8000d2f8
core   0: 0x8000b2fc (0xd03f2423) sw      gp, -760(t5)
core   0: 3 0x8000b2fc (0xd03f2423) mem 0x8000d000 0x00000001
core   0: 0x8000b300 (0xff9ff06f) j       pc - 0x8
core   0: 3 0x8000b300 (0xff9ff06f)
core   0: 0x8000b2f8 (0x00002f17) auipc   t5, 0x2
core   0: 3 0x8000b2f8 (0x00002f17) x30 0x8000d2f8
core   0: 0x8000b2fc (0xd03f2423) sw      gp, -760(t5)
core   0: 3 0x8000b2fc (0xd03f2423) mem 0x8000d000 0x00000001
core   0: 0x8000b300 (0xff9ff06f) j       pc - 0x8
core   0: 3 0x8000b300 (0xff9ff06f)
core   0: 0x8000b2f8 (0x00002f17) auipc   t5, 0x2
core   0: 3 0x8000b2f8 (0x00002f17) x30 0x8000d2f8
core   0: 0x8000b2fc (0xd03f2423) sw      gp, -760(t5)
core   0: 3 0x8000b2fc (0xd03f2423) mem 0x8000d000 0x00000001
core   0: 0x8000b300 (0xff9ff06f) j       pc - 0x8
core   0: 3 0x8000b300 (0xff9ff06f)
core   0: 0x8000b2f8 (0x00002f17) auipc   t5, 0x2
core   0: 3 0x8000b2f8 (0x00002f17) x30 0x8000d2f8
core   0: 0x8000b2fc (0xd03f2423) sw      gp, -760(t5)
core   0: 3 0x8000b2fc (0xd03f2423) mem 0x8000d000 0x00000001
core   0: 0x8000b300 (0xff9ff06f) j       pc - 0x8
core   0: 3 0x8000b300 (0xff9ff06f)
core   0: 0x8000b2f8 (0x00002f17) auipc   t5, 0x2
core   0: 3 0x8000b2f8 (0x00002f17) x30 0x8000d2f8
core   0: 0x8000b2fc (0xd03f2423) sw      gp, -760(t5)
core   0: 3 0x8000b2fc (0xd03f2423) mem 0x8000d000 0x00000001
core   0: 0x8000b300 (0xff9ff06f) j       pc - 0x8
core   0: 3 0x8000b300 (0xff9ff06f)
core   0: 0x8000b2f8 (0x00002f17) auipc   t5, 0x2
core   0: 3 0x8000b2f8 (0x00002f17) x30 0x8000d2f8
core   0: 0x8000b2fc (0xd03f2423) sw      gp, -760(t5)
core   0: 3 0x8000b2fc (0xd03f2423) mem 0x8000d000 0x00000001
core   0: 0x8000b300 (0xff9ff06f) j       pc - 0x8
core   0: 3 0x8000b300 (0xff9ff06f)
core   0: 0x8000b2f8 (0x00002f17) auipc   t5, 0x2
core   0: 3 0x8000b2f8 (0x00002f17) x30 0x8000d2f8
core   0: 0x8000b2fc (0xd03f2423) sw      gp, -760(t5)
core   0: 3 0x8000b2fc (0xd03f2423) mem 0x8000d000 0x00000001
core   0: 0x8000b300 (0xff9ff06f) j       pc - 0x8
core   0: 3 0x8000b300 (0xff9ff06f)
core   0: 0x8000b2f8 (0x00002f17) auipc   t5, 0x2
core   0: 3 0x8000b2f8 (0x00002f17) x30 0x8000d2f8
core   0: 0x8000b2fc (0xd03f2423) sw      gp, -760(t5)
core   0: 3 0x8000b2fc (0xd03f2423) mem 0x8000d000 0x00000001
core   0: 0x8000b300 (0xff9ff06f) j       pc - 0x8
core   0: 3 0x8000b300 (0xff9ff06f)
core   0: 0x8000b2f8 (0x00002f17) auipc   t5, 0x2
core   0: 3 0x8000b2f8 (0x00002f17) x30 0x8000d2f8
core   0: 0x8000b2fc (0xd03f2423) sw      gp, -760(t5)
core   0: 3 0x8000b2fc (0xd03f2423) mem 0x8000d000 0x00000001
core   0: 0x8000b300 (0xff9ff06f) j       pc - 0x8
core   0: 3 0x8000b300 (0xff9ff06f)
core   0: 0x8000b2f8 (0x00002f17) auipc   t5, 0x2
core   0: 3 0x8000b2f8 (0x00002f17) x30 0x8000d2f8
core   0: 0x8000b2fc (0xd03f2423) sw      gp, -760(t5)
core   0: 3 0x8000b2fc (0xd03f2423) mem 0x8000d000 0x00000001
core   0: 0x8000b300 (0xff9ff06f) j       pc - 0x8
core   0: 3 0x8000b300 (0xff9ff06f)
core   0: 0x8000b2f8 (0x00002f17) auipc   t5, 0x2
core   0: 3 0x8000b2f8 (0x00002f17) x30 0x8000d2f8
core   0: 0x8000b2fc (0xd03f2423) sw      gp, -760(t5)
core   0: 3 0x8000b2fc (0xd03f2423) mem 0x8000d000 0x00000001
core   0: 0x8000b300 (0xff9ff06f) j       pc - 0x8
core   0: 3 0x8000b300 (0xff9ff06f)
core   0: 0x8000b2f8 (0x00002f17) auipc   t5, 0x2
core   0: 3 0x8000b2f8 (0x00002f17) x30 0x8000d2f8
core   0: 0x8000b2fc (0xd03f2423) sw      gp, -760(t5)
core   0: 3 0x8000b2fc (0xd03f2423) mem 0x8000d000 0x00000001
core   0: 0x8000b300 (0xff9ff06f) j       pc - 0x8
core   0: 3 0x8000b300 (0xff9ff06f)
core   0: 0x8000b2f8 (0x00002f17) auipc   t5, 0x2
core   0: 3 0x8000b2f8 (0x00002f17) x30 0x8000d2f8
core   0: 0x8000b2fc (0xd03f2423) sw      gp, -760(t5)
core   0: 3 0x8000b2fc (0xd03f2423) mem 0x8000d000 0x00000001
core   0: 0x8000b300 (0xff9ff06f) j       pc - 0x8
core   0: 3 0x8000b300 (0xff9ff06f)
core   0: 0x8000b2f8 (0x00002f17) auipc   t5, 0x2
core   0: 3 0x8000b2f8 (0x00002f17) x30 0x8000d2f8
core   0: 0x8000b2fc (0xd03f2423) sw      gp, -760(t5)
core   0: 3 0x8000b2fc (0xd03f2423) mem 0x8000d000 0x00000001
core   0: 0x8000b300 (0xff9ff06f) j       pc - 0x8
core   0: 3 0x8000b300 (0xff9ff06f)
core   0: 0x8000b2f8 (0x00002f17) auipc   t5, 0x2
core   0: 3 0x8000b2f8 (0x00002f17) x30 0x8000d2f8
core   0: 0x8000b2fc (0xd03f2423) sw      gp, -760(t5)
core   0: 3 0x8000b2fc (0xd03f2423) mem 0x8000d000 0x00000001
core   0: 0x8000b300 (0xff9ff06f) j       pc - 0x8
core   0: 3 0x8000b300 (0xff9ff06f)
core   0: 0x8000b2f8 (0x00002f17) auipc   t5, 0x2
core   0: 3 0x8000b2f8 (0x00002f17) x30 0x8000d2f8
core   0: 0x8000b2fc (0xd03f2423) sw      gp, -760(t5)
core   0: 3 0x8000b2fc (0xd03f2423) mem 0x8000d000 0x00000001
core   0: 0x8000b300 (0xff9ff06f) j       pc - 0x8
core   0: 3 0x8000b300 (0xff9ff06f)
core   0: 0x8000b2f8 (0x00002f17) auipc   t5, 0x2
core   0: 3 0x8000b2f8 (0x00002f17) x30 0x8000d2f8
core   0: 0x8000b2fc (0xd03f2423) sw      gp, -760(t5)
core   0: 3 0x8000b2fc (0xd03f2423) mem 0x8000d000 0x00000001
core   0: 0x8000b300 (0xff9ff06f) j       pc - 0x8
core   0: 3 0x8000b300 (0xff9ff06f)
core   0: 0x8000b2f8 (0x00002f17) auipc   t5, 0x2
core   0: 3 0x8000b2f8 (0x00002f17) x30 0x8000d2f8
core   0: 0x8000b2fc (0xd03f2423) sw      gp, -760(t5)
core   0: 3 0x8000b2fc (0xd03f2423) mem 0x8000d000 0x00000001
core   0: 0x8000b300 (0xff9ff06f) j       pc - 0x8
core   0: 3 0x8000b300 (0xff9ff06f)
core   0: 0x8000b2f8 (0x00002f17) auipc   t5, 0x2
core   0: 3 0x8000b2f8 (0x00002f17) x30 0x8000d2f8
core   0: 0x8000b2fc (0xd03f2423) sw      gp, -760(t5)
core   0: 3 0x8000b2fc (0xd03f2423) mem 0x8000d000 0x00000001
core   0: 0x8000b300 (0xff9ff06f) j       pc - 0x8
core   0: 3 0x8000b300 (0xff9ff06f)
core   0: 0x8000b2f8 (0x00002f17) auipc   t5, 0x2
core   0: 3 0x8000b2f8 (0x00002f17) x30 0x8000d2f8
core   0: 0x8000b2fc (0xd03f2423) sw      gp, -760(t5)
core   0: 3 0x8000b2fc (0xd03f2423) mem 0x8000d000 0x00000001
core   0: 0x8000b300 (0xff9ff06f) j       pc - 0x8
core   0: 3 0x8000b300 (0xff9ff06f)
core   0: 0x8000b2f8 (0x00002f17) auipc   t5, 0x2
core   0: 3 0x8000b2f8 (0x00002f17) x30 0x8000d2f8
core   0: 0x8000b2fc (0xd03f2423) sw      gp, -760(t5)
core   0: 3 0x8000b2fc (0xd03f2423) mem 0x8000d000 0x00000001
core   0: 0x8000b300 (0xff9ff06f) j       pc - 0x8
core   0: 3 0x8000b300 (0xff9ff06f)
core   0: 0x8000b2f8 (0x00002f17) auipc   t5, 0x2
core   0: 3 0x8000b2f8 (0x00002f17) x30 0x8000d2f8
core   0: 0x8000b2fc (0xd03f2423) sw      gp, -760(t5)
core   0: 3 0x8000b2fc (0xd03f2423) mem 0x8000d000 0x00000001
core   0: 0x8000b300 (0xff9ff06f) j       pc - 0x8
core   0: 3 0x8000b300 (0xff9ff06f)
core   0: 0x8000b2f8 (0x00002f17) auipc   t5, 0x2
core   0: 3 0x8000b2f8 (0x00002f17) x30 0x8000d2f8
core   0: 0x8000b2fc (0xd03f2423) sw      gp, -760(t5)
core   0: 3 0x8000b2fc (0xd03f2423) mem 0x8000d000 0x00000001
core   0: 0x8000b300 (0xff9ff06f) j       pc - 0x8
core   0: 3 0x8000b300 (0xff9ff06f)
core   0: 0x8000b2f8 (0x00002f17) auipc   t5, 0x2
core   0: 3 0x8000b2f8 (0x00002f17) x30 0x8000d2f8
core   0: 0x8000b2fc (0xd03f2423) sw      gp, -760(t5)
core   0: 3 0x8000b2fc (0xd03f2423) mem 0x8000d000 0x00000001
core   0: 0x8000b300 (0xff9ff06f) j       pc - 0x8
core   0: 3 0x8000b300 (0xff9ff06f)
core   0: 0x8000b2f8 (0x00002f17) auipc   t5, 0x2
core   0: 3 0x8000b2f8 (0x00002f17) x30 0x8000d2f8
core   0: 0x8000b2fc (0xd03f2423) sw      gp, -760(t5)
core   0: 3 0x8000b2fc (0xd03f2423) mem 0x8000d000 0x00000001
core   0: 0x8000b300 (0xff9ff06f) j       pc - 0x8
core   0: 3 0x8000b300 (0xff9ff06f)
core   0: 0x8000b2f8 (0x00002f17) auipc   t5, 0x2
core   0: 3 0x8000b2f8 (0x00002f17) x30 0x8000d2f8
core   0: 0x8000b2fc (0xd03f2423) sw      gp, -760(t5)
core   0: 3 0x8000b2fc (0xd03f2423) mem 0x8000d000 0x00000001
core   0: 0x8000b300 (0xff9ff06f) j       pc - 0x8
core   0: 3 0x8000b300 (0xff9ff06f)
core   0: 0x8000b2f8 (0x00002f17) auipc   t5, 0x2
core   0: 3 0x8000b2f8 (0x00002f17) x30 0x8000d2f8
core   0: 0x8000b2fc (0xd03f2423) sw      gp, -760(t5)
core   0: 3 0x8000b2fc (0xd03f2423) mem 0x8000d000 0x00000001
core   0: 0x8000b300 (0xff9ff06f) j       pc - 0x8
core   0: 3 0x8000b300 (0xff9ff06f)
core   0: 0x8000b2f8 (0x00002f17) auipc   t5, 0x2
core   0: 3 0x8000b2f8 (0x00002f17) x30 0x8000d2f8
core   0: 0x8000b2fc (0xd03f2423) sw      gp, -760(t5)
core   0: 3 0x8000b2fc (0xd03f2423) mem 0x8000d000 0x00000001
core   0: 0x8000b300 (0xff9ff06f) j       pc - 0x8
core   0: 3 0x8000b300 (0xff9ff06f)
core   0: 0x8000b2f8 (0x00002f17) auipc   t5, 0x2
core   0: 3 0x8000b2f8 (0x00002f17) x30 0x8000d2f8
core   0: 0x8000b2fc (0xd03f2423) sw      gp, -760(t5)
core   0: 3 0x8000b2fc (0xd03f2423) mem 0x8000d000 0x00000001
core   0: 0x8000b300 (0xff9ff06f) j       pc - 0x8
core   0: 3 0x8000b300 (0xff9ff06f)
core   0: 0x8000b2f8 (0x00002f17) auipc   t5, 0x2
core   0: 3 0x8000b2f8 (0x00002f17) x30 0x8000d2f8
core   0: 0x8000b2fc (0xd03f2423) sw      gp, -760(t5)
core   0: 3 0x8000b2fc (0xd03f2423) mem 0x8000d000 0x00000001
core   0: 0x8000b300 (0xff9ff06f) j       pc - 0x8
core   0: 3 0x8000b300 (0xff9ff06f)
core   0: 0x8000b2f8 (0x00002f17) auipc   t5, 0x2
core   0: 3 0x8000b2f8 (0x00002f17) x30 0x8000d2f8
core   0: 0x8000b2fc (0xd03f2423) sw      gp, -760(t5)
core   0: 3 0x8000b2fc (0xd03f2423) mem 0x8000d000 0x00000001
core   0: 0x8000b300 (0xff9ff06f) j       pc - 0x8
core   0: 3 0x8000b300 (0xff9ff06f)
core   0: 0x8000b2f8 (0x00002f17) auipc   t5, 0x2
core   0: 3 0x8000b2f8 (0x00002f17) x30 0x8000d2f8
core   0: 0x8000b2fc (0xd03f2423) sw      gp, -760(t5)
core   0: 3 0x8000b2fc (0xd03f2423) mem 0x8000d000 0x00000001
core   0: 0x8000b300 (0xff9ff06f) j       pc - 0x8
core   0: 3 0x8000b300 (0xff9ff06f)
core   0: 0x8000b2f8 (0x00002f17) auipc   t5, 0x2
core   0: 3 0x8000b2f8 (0x00002f17) x30 0x8000d2f8
core   0: 0x8000b2fc (0xd03f2423) sw      gp, -760(t5)
core   0: 3 0x8000b2fc (0xd03f2423) mem 0x8000d000 0x00000001
core   0: 0x8000b300 (0xff9ff06f) j       pc - 0x8
core   0: 3 0x8000b300 (0xff9ff06f)
core   0: 0x8000b2f8 (0x00002f17) auipc   t5, 0x2
core   0: 3 0x8000b2f8 (0x00002f17) x30 0x8000d2f8
core   0: 0x8000b2fc (0xd03f2423) sw      gp, -760(t5)
core   0: 3 0x8000b2fc (0xd03f2423) mem 0x8000d000 0x00000001
core   0: 0x8000b300 (0xff9ff06f) j       pc - 0x8
core   0: 3 0x8000b300 (0xff9ff06f)
core   0: 0x8000b2f8 (0x00002f17) auipc   t5, 0x2
core   0: 3 0x8000b2f8 (0x00002f17) x30 0x8000d2f8
core   0: 0x8000b2fc (0xd03f2423) sw      gp, -760(t5)
core   0: 3 0x8000b2fc (0xd03f2423) mem 0x8000d000 0x00000001
core   0: 0x8000b300 (0xff9ff06f) j       pc - 0x8
core   0: 3 0x8000b300 (0xff9ff06f)
core   0: 0x8000b2f8 (0x00002f17) auipc   t5, 0x2
core   0: 3 0x8000b2f8 (0x00002f17) x30 0x8000d2f8
core   0: 0x8000b2fc (0xd03f2423) sw      gp, -760(t5)
core   0: 3 0x8000b2fc (0xd03f2423) mem 0x8000d000 0x00000001
core   0: 0x8000b300 (0xff9ff06f) j       pc - 0x8
core   0: 3 0x8000b300 (0xff9ff06f)
core   0: 0x8000b2f8 (0x00002f17) auipc   t5, 0x2
core   0: 3 0x8000b2f8 (0x00002f17) x30 0x8000d2f8
core   0: 0x8000b2fc (0xd03f2423) sw      gp, -760(t5)
core   0: 3 0x8000b2fc (0xd03f2423) mem 0x8000d000 0x00000001
core   0: 0x8000b300 (0xff9ff06f) j       pc - 0x8
core   0: 3 0x8000b300 (0xff9ff06f)
core   0: 0x8000b2f8 (0x00002f17) auipc   t5, 0x2
core   0: 3 0x8000b2f8 (0x00002f17) x30 0x8000d2f8
core   0: 0x8000b2fc (0xd03f2423) sw      gp, -760(t5)
core   0: 3 0x8000b2fc (0xd03f2423) mem 0x8000d000 0x00000001
core   0: 0x8000b300 (0xff9ff06f) j       pc - 0x8
core   0: 3 0x8000b300 (0xff9ff06f)
core   0: 0x8000b2f8 (0x00002f17) auipc   t5, 0x2
core   0: 3 0x8000b2f8 (0x00002f17) x30 0x8000d2f8
core   0: 0x8000b2fc (0xd03f2423) sw      gp, -760(t5)
core   0: 3 0x8000b2fc (0xd03f2423) mem 0x8000d000 0x00000001
core   0: 0x8000b300 (0xff9ff06f) j       pc - 0x8
core   0: 3 0x8000b300 (0xff9ff06f)
core   0: 0x8000b2f8 (0x00002f17) auipc   t5, 0x2
core   0: 3 0x8000b2f8 (0x00002f17) x30 0x8000d2f8
core   0: 0x8000b2fc (0xd03f2423) sw      gp, -760(t5)
core   0: 3 0x8000b2fc (0xd03f2423) mem 0x8000d000 0x00000001
core   0: 0x8000b300 (0xff9ff06f) j       pc - 0x8
core   0: 3 0x8000b300 (0xff9ff06f)
core   0: 0x8000b2f8 (0x00002f17) auipc   t5, 0x2
core   0: 3 0x8000b2f8 (0x00002f17) x30 0x8000d2f8
core   0: 0x8000b2fc (0xd03f2423) sw      gp, -760(t5)
core   0: 3 0x8000b2fc (0xd03f2423) mem 0x8000d000 0x00000001
core   0: 0x8000b300 (0xff9ff06f) j       pc - 0x8
core   0: 3 0x8000b300 (0xff9ff06f)
core   0: 0x8000b2f8 (0x00002f17) auipc   t5, 0x2
core   0: 3 0x8000b2f8 (0x00002f17) x30 0x8000d2f8
core   0: 0x8000b2fc (0xd03f2423) sw      gp, -760(t5)
core   0: 3 0x8000b2fc (0xd03f2423) mem 0x8000d000 0x00000001
core   0: 0x8000b300 (0xff9ff06f) j       pc - 0x8
core   0: 3 0x8000b300 (0xff9ff06f)
core   0: 0x8000b2f8 (0x00002f17) auipc   t5, 0x2
core   0: 3 0x8000b2f8 (0x00002f17) x30 0x8000d2f8
core   0: 0x8000b2fc (0xd03f2423) sw      gp, -760(t5)
core   0: 3 0x8000b2fc (0xd03f2423) mem 0x8000d000 0x00000001
core   0: 0x8000b300 (0xff9ff06f) j       pc - 0x8
core   0: 3 0x8000b300 (0xff9ff06f)
core   0: 0x8000b2f8 (0x00002f17) auipc   t5, 0x2
core   0: 3 0x8000b2f8 (0x00002f17) x30 0x8000d2f8
core   0: 0x8000b2fc (0xd03f2423) sw      gp, -760(t5)
core   0: 3 0x8000b2fc (0xd03f2423) mem 0x8000d000 0x00000001
core   0: 0x8000b300 (0xff9ff06f) j       pc - 0x8
core   0: 3 0x8000b300 (0xff9ff06f)
core   0: 0x8000b2f8 (0x00002f17) auipc   t5, 0x2
core   0: 3 0x8000b2f8 (0x00002f17) x30 0x8000d2f8
core   0: 0x8000b2fc (0xd03f2423) sw      gp, -760(t5)
core   0: 3 0x8000b2fc (0xd03f2423) mem 0x8000d000 0x00000001
core   0: 0x8000b300 (0xff9ff06f) j       pc - 0x8
core   0: 3 0x8000b300 (0xff9ff06f)
core   0: 0x8000b2f8 (0x00002f17) auipc   t5, 0x2
core   0: 3 0x8000b2f8 (0x00002f17) x30 0x8000d2f8
core   0: 0x8000b2fc (0xd03f2423) sw      gp, -760(t5)
core   0: 3 0x8000b2fc (0xd03f2423) mem 0x8000d000 0x00000001
core   0: 0x8000b300 (0xff9ff06f) j       pc - 0x8
core   0: 3 0x8000b300 (0xff9ff06f)
core   0: 0x8000b2f8 (0x00002f17) auipc   t5, 0x2
core   0: 3 0x8000b2f8 (0x00002f17) x30 0x8000d2f8
core   0: 0x8000b2fc (0xd03f2423) sw      gp, -760(t5)
core   0: 3 0x8000b2fc (0xd03f2423) mem 0x8000d000 0x00000001
core   0: 0x8000b300 (0xff9ff06f) j       pc - 0x8
core   0: 3 0x8000b300 (0xff9ff06f)
core   0: 0x8000b2f8 (0x00002f17) auipc   t5, 0x2
core   0: 3 0x8000b2f8 (0x00002f17) x30 0x8000d2f8
core   0: 0x8000b2fc (0xd03f2423) sw      gp, -760(t5)
core   0: 3 0x8000b2fc (0xd03f2423) mem 0x8000d000 0x00000001
core   0: 0x8000b300 (0xff9ff06f) j       pc - 0x8
core   0: 3 0x8000b300 (0xff9ff06f)
core   0: 0x8000b2f8 (0x00002f17) auipc   t5, 0x2
core   0: 3 0x8000b2f8 (0x00002f17) x30 0x8000d2f8
core   0: 0x8000b2fc (0xd03f2423) sw      gp, -760(t5)
core   0: 3 0x8000b2fc (0xd03f2423) mem 0x8000d000 0x00000001
core   0: 0x8000b300 (0xff9ff06f) j       pc - 0x8
core   0: 3 0x8000b300 (0xff9ff06f)
core   0: 0x8000b2f8 (0x00002f17) auipc   t5, 0x2
core   0: 3 0x8000b2f8 (0x00002f17) x30 0x8000d2f8
core   0: 0x8000b2fc (0xd03f2423) sw      gp, -760(t5)
core   0: 3 0x8000b2fc (0xd03f2423) mem 0x8000d000 0x00000001
core   0: 0x8000b300 (0xff9ff06f) j       pc - 0x8
core   0: 3 0x8000b300 (0xff9ff06f)
core   0: 0x8000b2f8 (0x00002f17) auipc   t5, 0x2
core   0: 3 0x8000b2f8 (0x00002f17) x30 0x8000d2f8
core   0: 0x8000b2fc (0xd03f2423) sw      gp, -760(t5)
core   0: 3 0x8000b2fc (0xd03f2423) mem 0x8000d000 0x00000001
core   0: 0x8000b300 (0xff9ff06f) j       pc - 0x8
core   0: 3 0x8000b300 (0xff9ff06f)
core   0: 0x8000b2f8 (0x00002f17) auipc   t5, 0x2
core   0: 3 0x8000b2f8 (0x00002f17) x30 0x8000d2f8
core   0: 0x8000b2fc (0xd03f2423) sw      gp, -760(t5)
core   0: 3 0x8000b2fc (0xd03f2423) mem 0x8000d000 0x00000001
core   0: 0x8000b300 (0xff9ff06f) j       pc - 0x8
core   0: 3 0x8000b300 (0xff9ff06f)
core   0: 0x8000b2f8 (0x00002f17) auipc   t5, 0x2
core   0: 3 0x8000b2f8 (0x00002f17) x30 0x8000d2f8
core   0: 0x8000b2fc (0xd03f2423) sw      gp, -760(t5)
core   0: 3 0x8000b2fc (0xd03f2423) mem 0x8000d000 0x00000001
core   0: 0x8000b300 (0xff9ff06f) j       pc - 0x8
core   0: 3 0x8000b300 (0xff9ff06f)
core   0: 0x8000b2f8 (0x00002f17) auipc   t5, 0x2
core   0: 3 0x8000b2f8 (0x00002f17) x30 0x8000d2f8
core   0: 0x8000b2fc (0xd03f2423) sw      gp, -760(t5)
core   0: 3 0x8000b2fc (0xd03f2423) mem 0x8000d000 0x00000001
core   0: 0x8000b300 (0xff9ff06f) j       pc - 0x8
core   0: 3 0x8000b300 (0xff9ff06f)
core   0: 0x8000b2f8 (0x00002f17) auipc   t5, 0x2
core   0: 3 0x8000b2f8 (0x00002f17) x30 0x8000d2f8
core   0: 0x8000b2fc (0xd03f2423) sw      gp, -760(t5)
core   0: 3 0x8000b2fc (0xd03f2423) mem 0x8000d000 0x00000001
core   0: 0x8000b300 (0xff9ff06f) j       pc - 0x8
core   0: 3 0x8000b300 (0xff9ff06f)
core   0: 0x8000b2f8 (0x00002f17) auipc   t5, 0x2
core   0: 3 0x8000b2f8 (0x00002f17) x30 0x8000d2f8
core   0: 0x8000b2fc (0xd03f2423) sw      gp, -760(t5)
core   0: 3 0x8000b2fc (0xd03f2423) mem 0x8000d000 0x00000001
core   0: 0x8000b300 (0xff9ff06f) j       pc - 0x8
core   0: 3 0x8000b300 (0xff9ff06f)
core   0: 0x8000b2f8 (0x00002f17) auipc   t5, 0x2
core   0: 3 0x8000b2f8 (0x00002f17) x30 0x8000d2f8
core   0: 0x8000b2fc (0xd03f2423) sw      gp, -760(t5)
core   0: 3 0x8000b2fc (0xd03f2423) mem 0x8000d000 0x00000001
core   0: 0x8000b300 (0xff9ff06f) j       pc - 0x8
core   0: 3 0x8000b300 (0xff9ff06f)
core   0: 0x8000b2f8 (0x00002f17) auipc   t5, 0x2
core   0: 3 0x8000b2f8 (0x00002f17) x30 0x8000d2f8
core   0: 0x8000b2fc (0xd03f2423) sw      gp, -760(t5)
core   0: 3 0x8000b2fc (0xd03f2423) mem 0x8000d000 0x00000001
core   0: 0x8000b300 (0xff9ff06f) j       pc - 0x8
core   0: 3 0x8000b300 (0xff9ff06f)
core   0: 0x8000b2f8 (0x00002f17) auipc   t5, 0x2
core   0: 3 0x8000b2f8 (0x00002f17) x30 0x8000d2f8
core   0: 0x8000b2fc (0xd03f2423) sw      gp, -760(t5)
core   0: 3 0x8000b2fc (0xd03f2423) mem 0x8000d000 0x00000001
core   0: 0x8000b300 (0xff9ff06f) j       pc - 0x8
core   0: 3 0x8000b300 (0xff9ff06f)
core   0: 0x8000b2f8 (0x00002f17) auipc   t5, 0x2
core   0: 3 0x8000b2f8 (0x00002f17) x30 0x8000d2f8
core   0: 0x8000b2fc (0xd03f2423) sw      gp, -760(t5)
core   0: 3 0x8000b2fc (0xd03f2423) mem 0x8000d000 0x00000001
core   0: 0x8000b300 (0xff9ff06f) j       pc - 0x8
core   0: 3 0x8000b300 (0xff9ff06f)
core   0: 0x8000b2f8 (0x00002f17) auipc   t5, 0x2
core   0: 3 0x8000b2f8 (0x00002f17) x30 0x8000d2f8
core   0: 0x8000b2fc (0xd03f2423) sw      gp, -760(t5)
core   0: 3 0x8000b2fc (0xd03f2423) mem 0x8000d000 0x00000001
core   0: 0x8000b300 (0xff9ff06f) j       pc - 0x8
core   0: 3 0x8000b300 (0xff9ff06f)
core   0: 0x8000b2f8 (0x00002f17) auipc   t5, 0x2
core   0: 3 0x8000b2f8 (0x00002f17) x30 0x8000d2f8
core   0: 0x8000b2fc (0xd03f2423) sw      gp, -760(t5)
core   0: 3 0x8000b2fc (0xd03f2423) mem 0x8000d000 0x00000001
core   0: 0x8000b300 (0xff9ff06f) j       pc - 0x8
core   0: 3 0x8000b300 (0xff9ff06f)
core   0: 0x8000b2f8 (0x00002f17) auipc   t5, 0x2
core   0: 3 0x8000b2f8 (0x00002f17) x30 0x8000d2f8
core   0: 0x8000b2fc (0xd03f2423) sw      gp, -760(t5)
core   0: 3 0x8000b2fc (0xd03f2423) mem 0x8000d000 0x00000001
core   0: 0x8000b300 (0xff9ff06f) j       pc - 0x8
core   0: 3 0x8000b300 (0xff9ff06f)
core   0: 0x8000b2f8 (0x00002f17) auipc   t5, 0x2
core   0: 3 0x8000b2f8 (0x00002f17) x30 0x8000d2f8
core   0: 0x8000b2fc (0xd03f2423) sw      gp, -760(t5)
core   0: 3 0x8000b2fc (0xd03f2423) mem 0x8000d000 0x00000001
core   0: 0x8000b300 (0xff9ff06f) j       pc - 0x8
core   0: 3 0x8000b300 (0xff9ff06f)
core   0: 0x8000b2f8 (0x00002f17) auipc   t5, 0x2
core   0: 3 0x8000b2f8 (0x00002f17) x30 0x8000d2f8
core   0: 0x8000b2fc (0xd03f2423) sw      gp, -760(t5)
core   0: 3 0x8000b2fc (0xd03f2423) mem 0x8000d000 0x00000001
core   0: 0x8000b300 (0xff9ff06f) j       pc - 0x8
core   0: 3 0x8000b300 (0xff9ff06f)
core   0: 0x8000b2f8 (0x00002f17) auipc   t5, 0x2
core   0: 3 0x8000b2f8 (0x00002f17) x30 0x8000d2f8
core   0: 0x8000b2fc (0xd03f2423) sw      gp, -760(t5)
core   0: 3 0x8000b2fc (0xd03f2423) mem 0x8000d000 0x00000001
core   0: 0x8000b300 (0xff9ff06f) j       pc - 0x8
core   0: 3 0x8000b300 (0xff9ff06f)
core   0: 0x8000b2f8 (0x00002f17) auipc   t5, 0x2
core   0: 3 0x8000b2f8 (0x00002f17) x30 0x8000d2f8
core   0: 0x8000b2fc (0xd03f2423) sw      gp, -760(t5)
core   0: 3 0x8000b2fc (0xd03f2423) mem 0x8000d000 0x00000001
core   0: 0x8000b300 (0xff9ff06f) j       pc - 0x8
core   0: 3 0x8000b300 (0xff9ff06f)
core   0: 0x8000b2f8 (0x00002f17) auipc   t5, 0x2
core   0: 3 0x8000b2f8 (0x00002f17) x30 0x8000d2f8
core   0: 0x8000b2fc (0xd03f2423) sw      gp, -760(t5)
core   0: 3 0x8000b2fc (0xd03f2423) mem 0x8000d000 0x00000001
core   0: 0x8000b300 (0xff9ff06f) j       pc - 0x8
core   0: 3 0x8000b300 (0xff9ff06f)
core   0: 0x8000b2f8 (0x00002f17) auipc   t5, 0x2
core   0: 3 0x8000b2f8 (0x00002f17) x30 0x8000d2f8
core   0: 0x8000b2fc (0xd03f2423) sw      gp, -760(t5)
core   0: 3 0x8000b2fc (0xd03f2423) mem 0x8000d000 0x00000001
core   0: 0x8000b300 (0xff9ff06f) j       pc - 0x8
core   0: 3 0x8000b300 (0xff9ff06f)
core   0: 0x8000b2f8 (0x00002f17) auipc   t5, 0x2
core   0: 3 0x8000b2f8 (0x00002f17) x30 0x8000d2f8
core   0: 0x8000b2fc (0xd03f2423) sw      gp, -760(t5)
core   0: 3 0x8000b2fc (0xd03f2423) mem 0x8000d000 0x00000001
core   0: 0x8000b300 (0xff9ff06f) j       pc - 0x8
core   0: 3 0x8000b300 (0xff9ff06f)
core   0: 0x8000b2f8 (0x00002f17) auipc   t5, 0x2
core   0: 3 0x8000b2f8 (0x00002f17) x30 0x8000d2f8
core   0: 0x8000b2fc (0xd03f2423) sw      gp, -760(t5)
core   0: 3 0x8000b2fc (0xd03f2423) mem 0x8000d000 0x00000001
core   0: 0x8000b300 (0xff9ff06f) j       pc - 0x8
core   0: 3 0x8000b300 (0xff9ff06f)
core   0: 0x8000b2f8 (0x00002f17) auipc   t5, 0x2
core   0: 3 0x8000b2f8 (0x00002f17) x30 0x8000d2f8
core   0: 0x8000b2fc (0xd03f2423) sw      gp, -760(t5)
core   0: 3 0x8000b2fc (0xd03f2423) mem 0x8000d000 0x00000001
core   0: 0x8000b300 (0xff9ff06f) j       pc - 0x8
core   0: 3 0x8000b300 (0xff9ff06f)
core   0: 0x8000b2f8 (0x00002f17) auipc   t5, 0x2
core   0: 3 0x8000b2f8 (0x00002f17) x30 0x8000d2f8
core   0: 0x8000b2fc (0xd03f2423) sw      gp, -760(t5)
core   0: 3 0x8000b2fc (0xd03f2423) mem 0x8000d000 0x00000001
core   0: 0x8000b300 (0xff9ff06f) j       pc - 0x8
core   0: 3 0x8000b300 (0xff9ff06f)
core   0: 0x8000b2f8 (0x00002f17) auipc   t5, 0x2
core   0: 3 0x8000b2f8 (0x00002f17) x30 0x8000d2f8
core   0: 0x8000b2fc (0xd03f2423) sw      gp, -760(t5)
core   0: 3 0x8000b2fc (0xd03f2423) mem 0x8000d000 0x00000001
core   0: 0x8000b300 (0xff9ff06f) j       pc - 0x8
core   0: 3 0x8000b300 (0xff9ff06f)
core   0: 0x8000b2f8 (0x00002f17) auipc   t5, 0x2
core   0: 3 0x8000b2f8 (0x00002f17) x30 0x8000d2f8
core   0: 0x8000b2fc (0xd03f2423) sw      gp, -760(t5)
core   0: 3 0x8000b2fc (0xd03f2423) mem 0x8000d000 0x00000001
core   0: 0x8000b300 (0xff9ff06f) j       pc - 0x8
core   0: 3 0x8000b300 (0xff9ff06f)
core   0: 0x8000b2f8 (0x00002f17) auipc   t5, 0x2
core   0: 3 0x8000b2f8 (0x00002f17) x30 0x8000d2f8
core   0: 0x8000b2fc (0xd03f2423) sw      gp, -760(t5)
core   0: 3 0x8000b2fc (0xd03f2423) mem 0x8000d000 0x00000001
core   0: 0x8000b300 (0xff9ff06f) j       pc - 0x8
core   0: 3 0x8000b300 (0xff9ff06f)
core   0: 0x8000b2f8 (0x00002f17) auipc   t5, 0x2
core   0: 3 0x8000b2f8 (0x00002f17) x30 0x8000d2f8
core   0: 0x8000b2fc (0xd03f2423) sw      gp, -760(t5)
core   0: 3 0x8000b2fc (0xd03f2423) mem 0x8000d000 0x00000001
core   0: 0x8000b300 (0xff9ff06f) j       pc - 0x8
core   0: 3 0x8000b300 (0xff9ff06f)
core   0: 0x8000b2f8 (0x00002f17) auipc   t5, 0x2
core   0: 3 0x8000b2f8 (0x00002f17) x30 0x8000d2f8
core   0: 0x8000b2fc (0xd03f2423) sw      gp, -760(t5)
core   0: 3 0x8000b2fc (0xd03f2423) mem 0x8000d000 0x00000001
core   0: 0x8000b300 (0xff9ff06f) j       pc - 0x8
core   0: 3 0x8000b300 (0xff9ff06f)
core   0: 0x8000b2f8 (0x00002f17) auipc   t5, 0x2
core   0: 3 0x8000b2f8 (0x00002f17) x30 0x8000d2f8
core   0: 0x8000b2fc (0xd03f2423) sw      gp, -760(t5)
core   0: 3 0x8000b2fc (0xd03f2423) mem 0x8000d000 0x00000001
core   0: 0x8000b300 (0xff9ff06f) j       pc - 0x8
core   0: 3 0x8000b300 (0xff9ff06f)
core   0: 0x8000b2f8 (0x00002f17) auipc   t5, 0x2
core   0: 3 0x8000b2f8 (0x00002f17) x30 0x8000d2f8
core   0: 0x8000b2fc (0xd03f2423) sw      gp, -760(t5)
core   0: 3 0x8000b2fc (0xd03f2423) mem 0x8000d000 0x00000001
core   0: 0x8000b300 (0xff9ff06f) j       pc - 0x8
core   0: 3 0x8000b300 (0xff9ff06f)
core   0: 0x8000b2f8 (0x00002f17) auipc   t5, 0x2
core   0: 3 0x8000b2f8 (0x00002f17) x30 0x8000d2f8
core   0: 0x8000b2fc (0xd03f2423) sw      gp, -760(t5)
core   0: 3 0x8000b2fc (0xd03f2423) mem 0x8000d000 0x00000001
core   0: 0x8000b300 (0xff9ff06f) j       pc - 0x8
core   0: 3 0x8000b300 (0xff9ff06f)
core   0: 0x8000b2f8 (0x00002f17) auipc   t5, 0x2
core   0: 3 0x8000b2f8 (0x00002f17) x30 0x8000d2f8
core   0: 0x8000b2fc (0xd03f2423) sw      gp, -760(t5)
core   0: 3 0x8000b2fc (0xd03f2423) mem 0x8000d000 0x00000001
core   0: 0x8000b300 (0xff9ff06f) j       pc - 0x8
core   0: 3 0x8000b300 (0xff9ff06f)
core   0: 0x8000b2f8 (0x00002f17) auipc   t5, 0x2
core   0: 3 0x8000b2f8 (0x00002f17) x30 0x8000d2f8
core   0: 0x8000b2fc (0xd03f2423) sw      gp, -760(t5)
core   0: 3 0x8000b2fc (0xd03f2423) mem 0x8000d000 0x00000001
core   0: 0x8000b300 (0xff9ff06f) j       pc - 0x8
core   0: 3 0x8000b300 (0xff9ff06f)
core   0: 0x8000b2f8 (0x00002f17) auipc   t5, 0x2
core   0: 3 0x8000b2f8 (0x00002f17) x30 0x8000d2f8
core   0: 0x8000b2fc (0xd03f2423) sw      gp, -760(t5)
core   0: 3 0x8000b2fc (0xd03f2423) mem 0x8000d000 0x00000001
core   0: 0x8000b300 (0xff9ff06f) j       pc - 0x8
core   0: 3 0x8000b300 (0xff9ff06f)
core   0: 0x8000b2f8 (0x00002f17) auipc   t5, 0x2
core   0: 3 0x8000b2f8 (0x00002f17) x30 0x8000d2f8
core   0: 0x8000b2fc (0xd03f2423) sw      gp, -760(t5)
core   0: 3 0x8000b2fc (0xd03f2423) mem 0x8000d000 0x00000001
core   0: 0x8000b300 (0xff9ff06f) j       pc - 0x8
core   0: 3 0x8000b300 (0xff9ff06f)
core   0: 0x8000b2f8 (0x00002f17) auipc   t5, 0x2
core   0: 3 0x8000b2f8 (0x00002f17) x30 0x8000d2f8
core   0: 0x8000b2fc (0xd03f2423) sw      gp, -760(t5)
core   0: 3 0x8000b2fc (0xd03f2423) mem 0x8000d000 0x00000001
core   0: 0x8000b300 (0xff9ff06f) j       pc - 0x8
core   0: 3 0x8000b300 (0xff9ff06f)
core   0: 0x8000b2f8 (0x00002f17) auipc   t5, 0x2
core   0: 3 0x8000b2f8 (0x00002f17) x30 0x8000d2f8
core   0: 0x8000b2fc (0xd03f2423) sw      gp, -760(t5)
core   0: 3 0x8000b2fc (0xd03f2423) mem 0x8000d000 0x00000001
core   0: 0x8000b300 (0xff9ff06f) j       pc - 0x8
core   0: 3 0x8000b300 (0xff9ff06f)
core   0: 0x8000b2f8 (0x00002f17) auipc   t5, 0x2
core   0: 3 0x8000b2f8 (0x00002f17) x30 0x8000d2f8
core   0: 0x8000b2fc (0xd03f2423) sw      gp, -760(t5)
core   0: 3 0x8000b2fc (0xd03f2423) mem 0x8000d000 0x00000001
core   0: 0x8000b300 (0xff9ff06f) j       pc - 0x8
core   0: 3 0x8000b300 (0xff9ff06f)
core   0: 0x8000b2f8 (0x00002f17) auipc   t5, 0x2
core   0: 3 0x8000b2f8 (0x00002f17) x30 0x8000d2f8
core   0: 0x8000b2fc (0xd03f2423) sw      gp, -760(t5)
core   0: 3 0x8000b2fc (0xd03f2423) mem 0x8000d000 0x00000001
core   0: 0x8000b300 (0xff9ff06f) j       pc - 0x8
core   0: 3 0x8000b300 (0xff9ff06f)
core   0: 0x8000b2f8 (0x00002f17) auipc   t5, 0x2
core   0: 3 0x8000b2f8 (0x00002f17) x30 0x8000d2f8
core   0: 0x8000b2fc (0xd03f2423) sw      gp, -760(t5)
core   0: 3 0x8000b2fc (0xd03f2423) mem 0x8000d000 0x00000001
core   0: 0x8000b300 (0xff9ff06f) j       pc - 0x8
core   0: 3 0x8000b300 (0xff9ff06f)
core   0: 0x8000b2f8 (0x00002f17) auipc   t5, 0x2
core   0: 3 0x8000b2f8 (0x00002f17) x30 0x8000d2f8
core   0: 0x8000b2fc (0xd03f2423) sw      gp, -760(t5)
core   0: 3 0x8000b2fc (0xd03f2423) mem 0x8000d000 0x00000001
core   0: 0x8000b300 (0xff9ff06f) j       pc - 0x8
core   0: 3 0x8000b300 (0xff9ff06f)
core   0: 0x8000b2f8 (0x00002f17) auipc   t5, 0x2
core   0: 3 0x8000b2f8 (0x00002f17) x30 0x8000d2f8
core   0: 0x8000b2fc (0xd03f2423) sw      gp, -760(t5)
core   0: 3 0x8000b2fc (0xd03f2423) mem 0x8000d000 0x00000001
core   0: 0x8000b300 (0xff9ff06f) j       pc - 0x8
core   0: 3 0x8000b300 (0xff9ff06f)
core   0: 0x8000b2f8 (0x00002f17) auipc   t5, 0x2
core   0: 3 0x8000b2f8 (0x00002f17) x30 0x8000d2f8
core   0: 0x8000b2fc (0xd03f2423) sw      gp, -760(t5)
core   0: 3 0x8000b2fc (0xd03f2423) mem 0x8000d000 0x00000001
core   0: 0x8000b300 (0xff9ff06f) j       pc - 0x8
core   0: 3 0x8000b300 (0xff9ff06f)
core   0: 0x8000b2f8 (0x00002f17) auipc   t5, 0x2
core   0: 3 0x8000b2f8 (0x00002f17) x30 0x8000d2f8
core   0: 0x8000b2fc (0xd03f2423) sw      gp, -760(t5)
core   0: 3 0x8000b2fc (0xd03f2423) mem 0x8000d000 0x00000001
core   0: 0x8000b300 (0xff9ff06f) j       pc - 0x8
core   0: 3 0x8000b300 (0xff9ff06f)
core   0: 0x8000b2f8 (0x00002f17) auipc   t5, 0x2
core   0: 3 0x8000b2f8 (0x00002f17) x30 0x8000d2f8
core   0: 0x8000b2fc (0xd03f2423) sw      gp, -760(t5)
core   0: 3 0x8000b2fc (0xd03f2423) mem 0x8000d000 0x00000001
core   0: 0x8000b300 (0xff9ff06f) j       pc - 0x8
core   0: 3 0x8000b300 (0xff9ff06f)
core   0: 0x8000b2f8 (0x00002f17) auipc   t5, 0x2
core   0: 3 0x8000b2f8 (0x00002f17) x30 0x8000d2f8
core   0: 0x8000b2fc (0xd03f2423) sw      gp, -760(t5)
core   0: 3 0x8000b2fc (0xd03f2423) mem 0x8000d000 0x00000001
core   0: 0x8000b300 (0xff9ff06f) j       pc - 0x8
core   0: 3 0x8000b300 (0xff9ff06f)
core   0: 0x8000b2f8 (0x00002f17) auipc   t5, 0x2
core   0: 3 0x8000b2f8 (0x00002f17) x30 0x8000d2f8
core   0: 0x8000b2fc (0xd03f2423) sw      gp, -760(t5)
core   0: 3 0x8000b2fc (0xd03f2423) mem 0x8000d000 0x00000001
core   0: 0x8000b300 (0xff9ff06f) j       pc - 0x8
core   0: 3 0x8000b300 (0xff9ff06f)
core   0: 0x8000b2f8 (0x00002f17) auipc   t5, 0x2
core   0: 3 0x8000b2f8 (0x00002f17) x30 0x8000d2f8
core   0: 0x8000b2fc (0xd03f2423) sw      gp, -760(t5)
core   0: 3 0x8000b2fc (0xd03f2423) mem 0x8000d000 0x00000001
core   0: 0x8000b300 (0xff9ff06f) j       pc - 0x8
core   0: 3 0x8000b300 (0xff9ff06f)
core   0: 0x8000b2f8 (0x00002f17) auipc   t5, 0x2
core   0: 3 0x8000b2f8 (0x00002f17) x30 0x8000d2f8
core   0: 0x8000b2fc (0xd03f2423) sw      gp, -760(t5)
core   0: 3 0x8000b2fc (0xd03f2423) mem 0x8000d000 0x00000001
core   0: 0x8000b300 (0xff9ff06f) j       pc - 0x8
core   0: 3 0x8000b300 (0xff9ff06f)
core   0: 0x8000b2f8 (0x00002f17) auipc   t5, 0x2
core   0: 3 0x8000b2f8 (0x00002f17) x30 0x8000d2f8
core   0: 0x8000b2fc (0xd03f2423) sw      gp, -760(t5)
core   0: 3 0x8000b2fc (0xd03f2423) mem 0x8000d000 0x00000001
core   0: 0x8000b300 (0xff9ff06f) j       pc - 0x8
core   0: 3 0x8000b300 (0xff9ff06f)
core   0: 0x8000b2f8 (0x00002f17) auipc   t5, 0x2
core   0: 3 0x8000b2f8 (0x00002f17) x30 0x8000d2f8
core   0: 0x8000b2fc (0xd03f2423) sw      gp, -760(t5)
core   0: 3 0x8000b2fc (0xd03f2423) mem 0x8000d000 0x00000001
core   0: 0x8000b300 (0xff9ff06f) j       pc - 0x8
core   0: 3 0x8000b300 (0xff9ff06f)
core   0: 0x8000b2f8 (0x00002f17) auipc   t5, 0x2
core   0: 3 0x8000b2f8 (0x00002f17) x30 0x8000d2f8
core   0: 0x8000b2fc (0xd03f2423) sw      gp, -760(t5)
core   0: 3 0x8000b2fc (0xd03f2423) mem 0x8000d000 0x00000001
core   0: 0x8000b300 (0xff9ff06f) j       pc - 0x8
core   0: 3 0x8000b300 (0xff9ff06f)
core   0: 0x8000b2f8 (0x00002f17) auipc   t5, 0x2
core   0: 3 0x8000b2f8 (0x00002f17) x30 0x8000d2f8
core   0: 0x8000b2fc (0xd03f2423) sw      gp, -760(t5)
core   0: 3 0x8000b2fc (0xd03f2423) mem 0x8000d000 0x00000001
core   0: 0x8000b300 (0xff9ff06f) j       pc - 0x8
core   0: 3 0x8000b300 (0xff9ff06f)
core   0: 0x8000b2f8 (0x00002f17) auipc   t5, 0x2
core   0: 3 0x8000b2f8 (0x00002f17) x30 0x8000d2f8
core   0: 0x8000b2fc (0xd03f2423) sw      gp, -760(t5)
core   0: 3 0x8000b2fc (0xd03f2423) mem 0x8000d000 0x00000001
core   0: 0x8000b300 (0xff9ff06f) j       pc - 0x8
core   0: 3 0x8000b300 (0xff9ff06f)
core   0: 0x8000b2f8 (0x00002f17) auipc   t5, 0x2
core   0: 3 0x8000b2f8 (0x00002f17) x30 0x8000d2f8
core   0: 0x8000b2fc (0xd03f2423) sw      gp, -760(t5)
core   0: 3 0x8000b2fc (0xd03f2423) mem 0x8000d000 0x00000001
core   0: 0x8000b300 (0xff9ff06f) j       pc - 0x8
core   0: 3 0x8000b300 (0xff9ff06f)
core   0: 0x8000b2f8 (0x00002f17) auipc   t5, 0x2
core   0: 3 0x8000b2f8 (0x00002f17) x30 0x8000d2f8
core   0: 0x8000b2fc (0xd03f2423) sw      gp, -760(t5)
core   0: 3 0x8000b2fc (0xd03f2423) mem 0x8000d000 0x00000001
core   0: 0x8000b300 (0xff9ff06f) j       pc - 0x8
core   0: 3 0x8000b300 (0xff9ff06f)
core   0: 0x8000b2f8 (0x00002f17) auipc   t5, 0x2
core   0: 3 0x8000b2f8 (0x00002f17) x30 0x8000d2f8
core   0: 0x8000b2fc (0xd03f2423) sw      gp, -760(t5)
core   0: 3 0x8000b2fc (0xd03f2423) mem 0x8000d000 0x00000001
core   0: 0x8000b300 (0xff9ff06f) j       pc - 0x8
core   0: 3 0x8000b300 (0xff9ff06f)
core   0: 0x8000b2f8 (0x00002f17) auipc   t5, 0x2
core   0: 3 0x8000b2f8 (0x00002f17) x30 0x8000d2f8
core   0: 0x8000b2fc (0xd03f2423) sw      gp, -760(t5)
core   0: 3 0x8000b2fc (0xd03f2423) mem 0x8000d000 0x00000001
core   0: 0x8000b300 (0xff9ff06f) j       pc - 0x8
core   0: 3 0x8000b300 (0xff9ff06f)
core   0: 0x8000b2f8 (0x00002f17) auipc   t5, 0x2
core   0: 3 0x8000b2f8 (0x00002f17) x30 0x8000d2f8
core   0: 0x8000b2fc (0xd03f2423) sw      gp, -760(t5)
core   0: 3 0x8000b2fc (0xd03f2423) mem 0x8000d000 0x00000001
core   0: 0x8000b300 (0xff9ff06f) j       pc - 0x8
core   0: 3 0x8000b300 (0xff9ff06f)
core   0: 0x8000b2f8 (0x00002f17) auipc   t5, 0x2
core   0: 3 0x8000b2f8 (0x00002f17) x30 0x8000d2f8
core   0: 0x8000b2fc (0xd03f2423) sw      gp, -760(t5)
core   0: 3 0x8000b2fc (0xd03f2423) mem 0x8000d000 0x00000001
core   0: 0x8000b300 (0xff9ff06f) j       pc - 0x8
core   0: 3 0x8000b300 (0xff9ff06f)
core   0: 0x8000b2f8 (0x00002f17) auipc   t5, 0x2
core   0: 3 0x8000b2f8 (0x00002f17) x30 0x8000d2f8
core   0: 0x8000b2fc (0xd03f2423) sw      gp, -760(t5)
core   0: 3 0x8000b2fc (0xd03f2423) mem 0x8000d000 0x00000001
core   0: 0x8000b300 (0xff9ff06f) j       pc - 0x8
core   0: 3 0x8000b300 (0xff9ff06f)
core   0: 0x8000b2f8 (0x00002f17) auipc   t5, 0x2
core   0: 3 0x8000b2f8 (0x00002f17) x30 0x8000d2f8
core   0: 0x8000b2fc (0xd03f2423) sw      gp, -760(t5)
core   0: 3 0x8000b2fc (0xd03f2423) mem 0x8000d000 0x00000001
core   0: 0x8000b300 (0xff9ff06f) j       pc - 0x8
core   0: 3 0x8000b300 (0xff9ff06f)
core   0: 0x8000b2f8 (0x00002f17) auipc   t5, 0x2
core   0: 3 0x8000b2f8 (0x00002f17) x30 0x8000d2f8
core   0: 0x8000b2fc (0xd03f2423) sw      gp, -760(t5)
core   0: 3 0x8000b2fc (0xd03f2423) mem 0x8000d000 0x00000001
core   0: 0x8000b300 (0xff9ff06f) j       pc - 0x8
core   0: 3 0x8000b300 (0xff9ff06f)
core   0: 0x8000b2f8 (0x00002f17) auipc   t5, 0x2
core   0: 3 0x8000b2f8 (0x00002f17) x30 0x8000d2f8
core   0: 0x8000b2fc (0xd03f2423) sw      gp, -760(t5)
core   0: 3 0x8000b2fc (0xd03f2423) mem 0x8000d000 0x00000001
core   0: 0x8000b300 (0xff9ff06f) j       pc - 0x8
core   0: 3 0x8000b300 (0xff9ff06f)
core   0: 0x8000b2f8 (0x00002f17) auipc   t5, 0x2
core   0: 3 0x8000b2f8 (0x00002f17) x30 0x8000d2f8
core   0: 0x8000b2fc (0xd03f2423) sw      gp, -760(t5)
core   0: 3 0x8000b2fc (0xd03f2423) mem 0x8000d000 0x00000001
core   0: 0x8000b300 (0xff9ff06f) j       pc - 0x8
core   0: 3 0x8000b300 (0xff9ff06f)
core   0: 0x8000b2f8 (0x00002f17) auipc   t5, 0x2
core   0: 3 0x8000b2f8 (0x00002f17) x30 0x8000d2f8
core   0: 0x8000b2fc (0xd03f2423) sw      gp, -760(t5)
core   0: 3 0x8000b2fc (0xd03f2423) mem 0x8000d000 0x00000001
core   0: 0x8000b300 (0xff9ff06f) j       pc - 0x8
core   0: 3 0x8000b300 (0xff9ff06f)
core   0: 0x8000b2f8 (0x00002f17) auipc   t5, 0x2
core   0: 3 0x8000b2f8 (0x00002f17) x30 0x8000d2f8
core   0: 0x8000b2fc (0xd03f2423) sw      gp, -760(t5)
core   0: 3 0x8000b2fc (0xd03f2423) mem 0x8000d000 0x00000001
core   0: 0x8000b300 (0xff9ff06f) j       pc - 0x8
core   0: 3 0x8000b300 (0xff9ff06f)
core   0: 0x8000b2f8 (0x00002f17) auipc   t5, 0x2
core   0: 3 0x8000b2f8 (0x00002f17) x30 0x8000d2f8
core   0: 0x8000b2fc (0xd03f2423) sw      gp, -760(t5)
core   0: 3 0x8000b2fc (0xd03f2423) mem 0x8000d000 0x00000001
core   0: 0x8000b300 (0xff9ff06f) j       pc - 0x8
core   0: 3 0x8000b300 (0xff9ff06f)
core   0: 0x8000b2f8 (0x00002f17) auipc   t5, 0x2
core   0: 3 0x8000b2f8 (0x00002f17) x30 0x8000d2f8
core   0: 0x8000b2fc (0xd03f2423) sw      gp, -760(t5)
core   0: 3 0x8000b2fc (0xd03f2423) mem 0x8000d000 0x00000001
core   0: 0x8000b300 (0xff9ff06f) j       pc - 0x8
core   0: 3 0x8000b300 (0xff9ff06f)
core   0: 0x8000b2f8 (0x00002f17) auipc   t5, 0x2
core   0: 3 0x8000b2f8 (0x00002f17) x30 0x8000d2f8
core   0: 0x8000b2fc (0xd03f2423) sw      gp, -760(t5)
core   0: 3 0x8000b2fc (0xd03f2423) mem 0x8000d000 0x00000001
core   0: 0x8000b300 (0xff9ff06f) j       pc - 0x8
core   0: 3 0x8000b300 (0xff9ff06f)
core   0: 0x8000b2f8 (0x00002f17) auipc   t5, 0x2
core   0: 3 0x8000b2f8 (0x00002f17) x30 0x8000d2f8
core   0: 0x8000b2fc (0xd03f2423) sw      gp, -760(t5)
core   0: 3 0x8000b2fc (0xd03f2423) mem 0x8000d000 0x00000001
core   0: 0x8000b300 (0xff9ff06f) j       pc - 0x8
core   0: 3 0x8000b300 (0xff9ff06f)
core   0: 0x8000b2f8 (0x00002f17) auipc   t5, 0x2
core   0: 3 0x8000b2f8 (0x00002f17) x30 0x8000d2f8
core   0: 0x8000b2fc (0xd03f2423) sw      gp, -760(t5)
core   0: 3 0x8000b2fc (0xd03f2423) mem 0x8000d000 0x00000001
core   0: 0x8000b300 (0xff9ff06f) j       pc - 0x8
core   0: 3 0x8000b300 (0xff9ff06f)
core   0: 0x8000b2f8 (0x00002f17) auipc   t5, 0x2
core   0: 3 0x8000b2f8 (0x00002f17) x30 0x8000d2f8
core   0: 0x8000b2fc (0xd03f2423) sw      gp, -760(t5)
core   0: 3 0x8000b2fc (0xd03f2423) mem 0x8000d000 0x00000001
core   0: 0x8000b300 (0xff9ff06f) j       pc - 0x8
core   0: 3 0x8000b300 (0xff9ff06f)
core   0: 0x8000b2f8 (0x00002f17) auipc   t5, 0x2
core   0: 3 0x8000b2f8 (0x00002f17) x30 0x8000d2f8
core   0: 0x8000b2fc (0xd03f2423) sw      gp, -760(t5)
core   0: 3 0x8000b2fc (0xd03f2423) mem 0x8000d000 0x00000001
core   0: 0x8000b300 (0xff9ff06f) j       pc - 0x8
core   0: 3 0x8000b300 (0xff9ff06f)
core   0: 0x8000b2f8 (0x00002f17) auipc   t5, 0x2
core   0: 3 0x8000b2f8 (0x00002f17) x30 0x8000d2f8
core   0: 0x8000b2fc (0xd03f2423) sw      gp, -760(t5)
core   0: 3 0x8000b2fc (0xd03f2423) mem 0x8000d000 0x00000001
core   0: 0x8000b300 (0xff9ff06f) j       pc - 0x8
core   0: 3 0x8000b300 (0xff9ff06f)
core   0: 0x8000b2f8 (0x00002f17) auipc   t5, 0x2
core   0: 3 0x8000b2f8 (0x00002f17) x30 0x8000d2f8
core   0: 0x8000b2fc (0xd03f2423) sw      gp, -760(t5)
core   0: 3 0x8000b2fc (0xd03f2423) mem 0x8000d000 0x00000001
core   0: 0x8000b300 (0xff9ff06f) j       pc - 0x8
core   0: 3 0x8000b300 (0xff9ff06f)
core   0: 0x8000b2f8 (0x00002f17) auipc   t5, 0x2
core   0: 3 0x8000b2f8 (0x00002f17) x30 0x8000d2f8
core   0: 0x8000b2fc (0xd03f2423) sw      gp, -760(t5)
core   0: 3 0x8000b2fc (0xd03f2423) mem 0x8000d000 0x00000001
core   0: 0x8000b300 (0xff9ff06f) j       pc - 0x8
core   0: 3 0x8000b300 (0xff9ff06f)
core   0: 0x8000b2f8 (0x00002f17) auipc   t5, 0x2
core   0: 3 0x8000b2f8 (0x00002f17) x30 0x8000d2f8
core   0: 0x8000b2fc (0xd03f2423) sw      gp, -760(t5)
core   0: 3 0x8000b2fc (0xd03f2423) mem 0x8000d000 0x00000001
core   0: 0x8000b300 (0xff9ff06f) j       pc - 0x8
core   0: 3 0x8000b300 (0xff9ff06f)
core   0: 0x8000b2f8 (0x00002f17) auipc   t5, 0x2
core   0: 3 0x8000b2f8 (0x00002f17) x30 0x8000d2f8
core   0: 0x8000b2fc (0xd03f2423) sw      gp, -760(t5)
core   0: 3 0x8000b2fc (0xd03f2423) mem 0x8000d000 0x00000001
core   0: 0x8000b300 (0xff9ff06f) j       pc - 0x8
core   0: 3 0x8000b300 (0xff9ff06f)
core   0: 0x8000b2f8 (0x00002f17) auipc   t5, 0x2
core   0: 3 0x8000b2f8 (0x00002f17) x30 0x8000d2f8
core   0: 0x8000b2fc (0xd03f2423) sw      gp, -760(t5)
core   0: 3 0x8000b2fc (0xd03f2423) mem 0x8000d000 0x00000001
core   0: 0x8000b300 (0xff9ff06f) j       pc - 0x8
core   0: 3 0x8000b300 (0xff9ff06f)
core   0: 0x8000b2f8 (0x00002f17) auipc   t5, 0x2
core   0: 3 0x8000b2f8 (0x00002f17) x30 0x8000d2f8
core   0: 0x8000b2fc (0xd03f2423) sw      gp, -760(t5)
core   0: 3 0x8000b2fc (0xd03f2423) mem 0x8000d000 0x00000001
core   0: 0x8000b300 (0xff9ff06f) j       pc - 0x8
core   0: 3 0x8000b300 (0xff9ff06f)
core   0: 0x8000b2f8 (0x00002f17) auipc   t5, 0x2
core   0: 3 0x8000b2f8 (0x00002f17) x30 0x8000d2f8
core   0: 0x8000b2fc (0xd03f2423) sw      gp, -760(t5)
core   0: 3 0x8000b2fc (0xd03f2423) mem 0x8000d000 0x00000001
core   0: 0x8000b300 (0xff9ff06f) j       pc - 0x8
core   0: 3 0x8000b300 (0xff9ff06f)
core   0: 0x8000b2f8 (0x00002f17) auipc   t5, 0x2
core   0: 3 0x8000b2f8 (0x00002f17) x30 0x8000d2f8
core   0: 0x8000b2fc (0xd03f2423) sw      gp, -760(t5)
core   0: 3 0x8000b2fc (0xd03f2423) mem 0x8000d000 0x00000001
core   0: 0x8000b300 (0xff9ff06f) j       pc - 0x8
core   0: 3 0x8000b300 (0xff9ff06f)
core   0: 0x8000b2f8 (0x00002f17) auipc   t5, 0x2
core   0: 3 0x8000b2f8 (0x00002f17) x30 0x8000d2f8
core   0: 0x8000b2fc (0xd03f2423) sw      gp, -760(t5)
core   0: 3 0x8000b2fc (0xd03f2423) mem 0x8000d000 0x00000001
core   0: 0x8000b300 (0xff9ff06f) j       pc - 0x8
core   0: 3 0x8000b300 (0xff9ff06f)
core   0: 0x8000b2f8 (0x00002f17) auipc   t5, 0x2
core   0: 3 0x8000b2f8 (0x00002f17) x30 0x8000d2f8
core   0: 0x8000b2fc (0xd03f2423) sw      gp, -760(t5)
core   0: 3 0x8000b2fc (0xd03f2423) mem 0x8000d000 0x00000001
core   0: 0x8000b300 (0xff9ff06f) j       pc - 0x8
core   0: 3 0x8000b300 (0xff9ff06f)
core   0: 0x8000b2f8 (0x00002f17) auipc   t5, 0x2
core   0: 3 0x8000b2f8 (0x00002f17) x30 0x8000d2f8
core   0: 0x8000b2fc (0xd03f2423) sw      gp, -760(t5)
core   0: 3 0x8000b2fc (0xd03f2423) mem 0x8000d000 0x00000001
core   0: 0x8000b300 (0xff9ff06f) j       pc - 0x8
core   0: 3 0x8000b300 (0xff9ff06f)
core   0: 0x8000b2f8 (0x00002f17) auipc   t5, 0x2
core   0: 3 0x8000b2f8 (0x00002f17) x30 0x8000d2f8
core   0: 0x8000b2fc (0xd03f2423) sw      gp, -760(t5)
core   0: 3 0x8000b2fc (0xd03f2423) mem 0x8000d000 0x00000001
core   0: 0x8000b300 (0xff9ff06f) j       pc - 0x8
core   0: 3 0x8000b300 (0xff9ff06f)
core   0: 0x8000b2f8 (0x00002f17) auipc   t5, 0x2
core   0: 3 0x8000b2f8 (0x00002f17) x30 0x8000d2f8
core   0: 0x8000b2fc (0xd03f2423) sw      gp, -760(t5)
core   0: 3 0x8000b2fc (0xd03f2423) mem 0x8000d000 0x00000001
core   0: 0x8000b300 (0xff9ff06f) j       pc - 0x8
core   0: 3 0x8000b300 (0xff9ff06f)
core   0: 0x8000b2f8 (0x00002f17) auipc   t5, 0x2
core   0: 3 0x8000b2f8 (0x00002f17) x30 0x8000d2f8
core   0: 0x8000b2fc (0xd03f2423) sw      gp, -760(t5)
core   0: 3 0x8000b2fc (0xd03f2423) mem 0x8000d000 0x00000001
core   0: 0x8000b300 (0xff9ff06f) j       pc - 0x8
core   0: 3 0x8000b300 (0xff9ff06f)
core   0: 0x8000b2f8 (0x00002f17) auipc   t5, 0x2
core   0: 3 0x8000b2f8 (0x00002f17) x30 0x8000d2f8
core   0: 0x8000b2fc (0xd03f2423) sw      gp, -760(t5)
core   0: 3 0x8000b2fc (0xd03f2423) mem 0x8000d000 0x00000001
core   0: 0x8000b300 (0xff9ff06f) j       pc - 0x8
core   0: 3 0x8000b300 (0xff9ff06f)
core   0: 0x8000b2f8 (0x00002f17) auipc   t5, 0x2
core   0: 3 0x8000b2f8 (0x00002f17) x30 0x8000d2f8
core   0: 0x8000b2fc (0xd03f2423) sw      gp, -760(t5)
core   0: 3 0x8000b2fc (0xd03f2423) mem 0x8000d000 0x00000001
core   0: 0x8000b300 (0xff9ff06f) j       pc - 0x8
core   0: 3 0x8000b300 (0xff9ff06f)
core   0: 0x8000b2f8 (0x00002f17) auipc   t5, 0x2
core   0: 3 0x8000b2f8 (0x00002f17) x30 0x8000d2f8
core   0: 0x8000b2fc (0xd03f2423) sw      gp, -760(t5)
core   0: 3 0x8000b2fc (0xd03f2423) mem 0x8000d000 0x00000001
core   0: 0x8000b300 (0xff9ff06f) j       pc - 0x8
core   0: 3 0x8000b300 (0xff9ff06f)
core   0: 0x8000b2f8 (0x00002f17) auipc   t5, 0x2
core   0: 3 0x8000b2f8 (0x00002f17) x30 0x8000d2f8
core   0: 0x8000b2fc (0xd03f2423) sw      gp, -760(t5)
core   0: 3 0x8000b2fc (0xd03f2423) mem 0x8000d000 0x00000001
core   0: 0x8000b300 (0xff9ff06f) j       pc - 0x8
core   0: 3 0x8000b300 (0xff9ff06f)
core   0: 0x8000b2f8 (0x00002f17) auipc   t5, 0x2
core   0: 3 0x8000b2f8 (0x00002f17) x30 0x8000d2f8
core   0: 0x8000b2fc (0xd03f2423) sw      gp, -760(t5)
core   0: 3 0x8000b2fc (0xd03f2423) mem 0x8000d000 0x00000001
core   0: 0x8000b300 (0xff9ff06f) j       pc - 0x8
core   0: 3 0x8000b300 (0xff9ff06f)
core   0: 0x8000b2f8 (0x00002f17) auipc   t5, 0x2
core   0: 3 0x8000b2f8 (0x00002f17) x30 0x8000d2f8
core   0: 0x8000b2fc (0xd03f2423) sw      gp, -760(t5)
core   0: 3 0x8000b2fc (0xd03f2423) mem 0x8000d000 0x00000001
core   0: 0x8000b300 (0xff9ff06f) j       pc - 0x8
core   0: 3 0x8000b300 (0xff9ff06f)
core   0: 0x8000b2f8 (0x00002f17) auipc   t5, 0x2
core   0: 3 0x8000b2f8 (0x00002f17) x30 0x8000d2f8
core   0: 0x8000b2fc (0xd03f2423) sw      gp, -760(t5)
core   0: 3 0x8000b2fc (0xd03f2423) mem 0x8000d000 0x00000001
core   0: 0x8000b300 (0xff9ff06f) j       pc - 0x8
core   0: 3 0x8000b300 (0xff9ff06f)
core   0: 0x8000b2f8 (0x00002f17) auipc   t5, 0x2
core   0: 3 0x8000b2f8 (0x00002f17) x30 0x8000d2f8
core   0: 0x8000b2fc (0xd03f2423) sw      gp, -760(t5)
core   0: 3 0x8000b2fc (0xd03f2423) mem 0x8000d000 0x00000001
core   0: 0x8000b300 (0xff9ff06f) j       pc - 0x8
core   0: 3 0x8000b300 (0xff9ff06f)
core   0: 0x8000b2f8 (0x00002f17) auipc   t5, 0x2
core   0: 3 0x8000b2f8 (0x00002f17) x30 0x8000d2f8
core   0: 0x8000b2fc (0xd03f2423) sw      gp, -760(t5)
core   0: 3 0x8000b2fc (0xd03f2423) mem 0x8000d000 0x00000001
core   0: 0x8000b300 (0xff9ff06f) j       pc - 0x8
core   0: 3 0x8000b300 (0xff9ff06f)
core   0: 0x8000b2f8 (0x00002f17) auipc   t5, 0x2
core   0: 3 0x8000b2f8 (0x00002f17) x30 0x8000d2f8
core   0: 0x8000b2fc (0xd03f2423) sw      gp, -760(t5)
core   0: 3 0x8000b2fc (0xd03f2423) mem 0x8000d000 0x00000001
core   0: 0x8000b300 (0xff9ff06f) j       pc - 0x8
core   0: 3 0x8000b300 (0xff9ff06f)
core   0: 0x8000b2f8 (0x00002f17) auipc   t5, 0x2
core   0: 3 0x8000b2f8 (0x00002f17) x30 0x8000d2f8
core   0: 0x8000b2fc (0xd03f2423) sw      gp, -760(t5)
core   0: 3 0x8000b2fc (0xd03f2423) mem 0x8000d000 0x00000001
core   0: 0x8000b300 (0xff9ff06f) j       pc - 0x8
core   0: 3 0x8000b300 (0xff9ff06f)
core   0: 0x8000b2f8 (0x00002f17) auipc   t5, 0x2
core   0: 3 0x8000b2f8 (0x00002f17) x30 0x8000d2f8
core   0: 0x8000b2fc (0xd03f2423) sw      gp, -760(t5)
core   0: 3 0x8000b2fc (0xd03f2423) mem 0x8000d000 0x00000001
core   0: 0x8000b300 (0xff9ff06f) j       pc - 0x8
core   0: 3 0x8000b300 (0xff9ff06f)
core   0: 0x8000b2f8 (0x00002f17) auipc   t5, 0x2
core   0: 3 0x8000b2f8 (0x00002f17) x30 0x8000d2f8
core   0: 0x8000b2fc (0xd03f2423) sw      gp, -760(t5)
core   0: 3 0x8000b2fc (0xd03f2423) mem 0x8000d000 0x00000001
core   0: 0x8000b300 (0xff9ff06f) j       pc - 0x8
core   0: 3 0x8000b300 (0xff9ff06f)
core   0: 0x8000b2f8 (0x00002f17) auipc   t5, 0x2
core   0: 3 0x8000b2f8 (0x00002f17) x30 0x8000d2f8
core   0: 0x8000b2fc (0xd03f2423) sw      gp, -760(t5)
core   0: 3 0x8000b2fc (0xd03f2423) mem 0x8000d000 0x00000001
core   0: 0x8000b300 (0xff9ff06f) j       pc - 0x8
core   0: 3 0x8000b300 (0xff9ff06f)
core   0: 0x8000b2f8 (0x00002f17) auipc   t5, 0x2
core   0: 3 0x8000b2f8 (0x00002f17) x30 0x8000d2f8
core   0: 0x8000b2fc (0xd03f2423) sw      gp, -760(t5)
core   0: 3 0x8000b2fc (0xd03f2423) mem 0x8000d000 0x00000001
core   0: 0x8000b300 (0xff9ff06f) j       pc - 0x8
core   0: 3 0x8000b300 (0xff9ff06f)
core   0: 0x8000b2f8 (0x00002f17) auipc   t5, 0x2
core   0: 3 0x8000b2f8 (0x00002f17) x30 0x8000d2f8
core   0: 0x8000b2fc (0xd03f2423) sw      gp, -760(t5)
core   0: 3 0x8000b2fc (0xd03f2423) mem 0x8000d000 0x00000001
core   0: 0x8000b300 (0xff9ff06f) j       pc - 0x8
core   0: 3 0x8000b300 (0xff9ff06f)
core   0: 0x8000b2f8 (0x00002f17) auipc   t5, 0x2
core   0: 3 0x8000b2f8 (0x00002f17) x30 0x8000d2f8
core   0: 0x8000b2fc (0xd03f2423) sw      gp, -760(t5)
core   0: 3 0x8000b2fc (0xd03f2423) mem 0x8000d000 0x00000001
core   0: 0x8000b300 (0xff9ff06f) j       pc - 0x8
core   0: 3 0x8000b300 (0xff9ff06f)
core   0: 0x8000b2f8 (0x00002f17) auipc   t5, 0x2
core   0: 3 0x8000b2f8 (0x00002f17) x30 0x8000d2f8
core   0: 0x8000b2fc (0xd03f2423) sw      gp, -760(t5)
core   0: 3 0x8000b2fc (0xd03f2423) mem 0x8000d000 0x00000001
core   0: 0x8000b300 (0xff9ff06f) j       pc - 0x8
core   0: 3 0x8000b300 (0xff9ff06f)
core   0: 0x8000b2f8 (0x00002f17) auipc   t5, 0x2
core   0: 3 0x8000b2f8 (0x00002f17) x30 0x8000d2f8
core   0: 0x8000b2fc (0xd03f2423) sw      gp, -760(t5)
core   0: 3 0x8000b2fc (0xd03f2423) mem 0x8000d000 0x00000001
core   0: 0x8000b300 (0xff9ff06f) j       pc - 0x8
core   0: 3 0x8000b300 (0xff9ff06f)
core   0: 0x8000b2f8 (0x00002f17) auipc   t5, 0x2
core   0: 3 0x8000b2f8 (0x00002f17) x30 0x8000d2f8
core   0: 0x8000b2fc (0xd03f2423) sw      gp, -760(t5)
core   0: 3 0x8000b2fc (0xd03f2423) mem 0x8000d000 0x00000001
core   0: 0x8000b300 (0xff9ff06f) j       pc - 0x8
core   0: 3 0x8000b300 (0xff9ff06f)
core   0: 0x8000b2f8 (0x00002f17) auipc   t5, 0x2
core   0: 3 0x8000b2f8 (0x00002f17) x30 0x8000d2f8
core   0: 0x8000b2fc (0xd03f2423) sw      gp, -760(t5)
core   0: 3 0x8000b2fc (0xd03f2423) mem 0x8000d000 0x00000001
core   0: 0x8000b300 (0xff9ff06f) j       pc - 0x8
core   0: 3 0x8000b300 (0xff9ff06f)
core   0: 0x8000b2f8 (0x00002f17) auipc   t5, 0x2
core   0: 3 0x8000b2f8 (0x00002f17) x30 0x8000d2f8
core   0: 0x8000b2fc (0xd03f2423) sw      gp, -760(t5)
core   0: 3 0x8000b2fc (0xd03f2423) mem 0x8000d000 0x00000001
core   0: 0x8000b300 (0xff9ff06f) j       pc - 0x8
core   0: 3 0x8000b300 (0xff9ff06f)
core   0: 0x8000b2f8 (0x00002f17) auipc   t5, 0x2
core   0: 3 0x8000b2f8 (0x00002f17) x30 0x8000d2f8
core   0: 0x8000b2fc (0xd03f2423) sw      gp, -760(t5)
core   0: 3 0x8000b2fc (0xd03f2423) mem 0x8000d000 0x00000001
core   0: 0x8000b300 (0xff9ff06f) j       pc - 0x8
core   0: 3 0x8000b300 (0xff9ff06f)
core   0: 0x8000b2f8 (0x00002f17) auipc   t5, 0x2
core   0: 3 0x8000b2f8 (0x00002f17) x30 0x8000d2f8
core   0: 0x8000b2fc (0xd03f2423) sw      gp, -760(t5)
core   0: 3 0x8000b2fc (0xd03f2423) mem 0x8000d000 0x00000001
core   0: 0x8000b300 (0xff9ff06f) j       pc - 0x8
core   0: 3 0x8000b300 (0xff9ff06f)
core   0: 0x8000b2f8 (0x00002f17) auipc   t5, 0x2
core   0: 3 0x8000b2f8 (0x00002f17) x30 0x8000d2f8
core   0: 0x8000b2fc (0xd03f2423) sw      gp, -760(t5)
core   0: 3 0x8000b2fc (0xd03f2423) mem 0x8000d000 0x00000001
core   0: 0x8000b300 (0xff9ff06f) j       pc - 0x8
core   0: 3 0x8000b300 (0xff9ff06f)
core   0: 0x8000b2f8 (0x00002f17) auipc   t5, 0x2
core   0: 3 0x8000b2f8 (0x00002f17) x30 0x8000d2f8
core   0: 0x8000b2fc (0xd03f2423) sw      gp, -760(t5)
core   0: 3 0x8000b2fc (0xd03f2423) mem 0x8000d000 0x00000001
core   0: 0x8000b300 (0xff9ff06f) j       pc - 0x8
core   0: 3 0x8000b300 (0xff9ff06f)
core   0: 0x8000b2f8 (0x00002f17) auipc   t5, 0x2
core   0: 3 0x8000b2f8 (0x00002f17) x30 0x8000d2f8
core   0: 0x8000b2fc (0xd03f2423) sw      gp, -760(t5)
core   0: 3 0x8000b2fc (0xd03f2423) mem 0x8000d000 0x00000001
core   0: 0x8000b300 (0xff9ff06f) j       pc - 0x8
core   0: 3 0x8000b300 (0xff9ff06f)
core   0: 0x8000b2f8 (0x00002f17) auipc   t5, 0x2
core   0: 3 0x8000b2f8 (0x00002f17) x30 0x8000d2f8
core   0: 0x8000b2fc (0xd03f2423) sw      gp, -760(t5)
core   0: 3 0x8000b2fc (0xd03f2423) mem 0x8000d000 0x00000001
core   0: 0x8000b300 (0xff9ff06f) j       pc - 0x8
core   0: 3 0x8000b300 (0xff9ff06f)
core   0: 0x8000b2f8 (0x00002f17) auipc   t5, 0x2
core   0: 3 0x8000b2f8 (0x00002f17) x30 0x8000d2f8
core   0: 0x8000b2fc (0xd03f2423) sw      gp, -760(t5)
core   0: 3 0x8000b2fc (0xd03f2423) mem 0x8000d000 0x00000001
core   0: 0x8000b300 (0xff9ff06f) j       pc - 0x8
core   0: 3 0x8000b300 (0xff9ff06f)
core   0: 0x8000b2f8 (0x00002f17) auipc   t5, 0x2
core   0: 3 0x8000b2f8 (0x00002f17) x30 0x8000d2f8
core   0: 0x8000b2fc (0xd03f2423) sw      gp, -760(t5)
core   0: 3 0x8000b2fc (0xd03f2423) mem 0x8000d000 0x00000001
core   0: 0x8000b300 (0xff9ff06f) j       pc - 0x8
core   0: 3 0x8000b300 (0xff9ff06f)
core   0: 0x8000b2f8 (0x00002f17) auipc   t5, 0x2
core   0: 3 0x8000b2f8 (0x00002f17) x30 0x8000d2f8
core   0: 0x8000b2fc (0xd03f2423) sw      gp, -760(t5)
core   0: 3 0x8000b2fc (0xd03f2423) mem 0x8000d000 0x00000001
core   0: 0x8000b300 (0xff9ff06f) j       pc - 0x8
core   0: 3 0x8000b300 (0xff9ff06f)
core   0: 0x8000b2f8 (0x00002f17) auipc   t5, 0x2
core   0: 3 0x8000b2f8 (0x00002f17) x30 0x8000d2f8
core   0: 0x8000b2fc (0xd03f2423) sw      gp, -760(t5)
core   0: 3 0x8000b2fc (0xd03f2423) mem 0x8000d000 0x00000001
core   0: 0x8000b300 (0xff9ff06f) j       pc - 0x8
core   0: 3 0x8000b300 (0xff9ff06f)
core   0: 0x8000b2f8 (0x00002f17) auipc   t5, 0x2
core   0: 3 0x8000b2f8 (0x00002f17) x30 0x8000d2f8
core   0: 0x8000b2fc (0xd03f2423) sw      gp, -760(t5)
core   0: 3 0x8000b2fc (0xd03f2423) mem 0x8000d000 0x00000001
core   0: 0x8000b300 (0xff9ff06f) j       pc - 0x8
core   0: 3 0x8000b300 (0xff9ff06f)
core   0: 0x8000b2f8 (0x00002f17) auipc   t5, 0x2
core   0: 3 0x8000b2f8 (0x00002f17) x30 0x8000d2f8
core   0: 0x8000b2fc (0xd03f2423) sw      gp, -760(t5)
core   0: 3 0x8000b2fc (0xd03f2423) mem 0x8000d000 0x00000001
core   0: 0x8000b300 (0xff9ff06f) j       pc - 0x8
core   0: 3 0x8000b300 (0xff9ff06f)
core   0: 0x8000b2f8 (0x00002f17) auipc   t5, 0x2
core   0: 3 0x8000b2f8 (0x00002f17) x30 0x8000d2f8
core   0: 0x8000b2fc (0xd03f2423) sw      gp, -760(t5)
core   0: 3 0x8000b2fc (0xd03f2423) mem 0x8000d000 0x00000001
core   0: 0x8000b300 (0xff9ff06f) j       pc - 0x8
core   0: 3 0x8000b300 (0xff9ff06f)
core   0: 0x8000b2f8 (0x00002f17) auipc   t5, 0x2
core   0: 3 0x8000b2f8 (0x00002f17) x30 0x8000d2f8
core   0: 0x8000b2fc (0xd03f2423) sw      gp, -760(t5)
core   0: 3 0x8000b2fc (0xd03f2423) mem 0x8000d000 0x00000001
core   0: 0x8000b300 (0xff9ff06f) j       pc - 0x8
core   0: 3 0x8000b300 (0xff9ff06f)
core   0: 0x8000b2f8 (0x00002f17) auipc   t5, 0x2
core   0: 3 0x8000b2f8 (0x00002f17) x30 0x8000d2f8
core   0: 0x8000b2fc (0xd03f2423) sw      gp, -760(t5)
core   0: 3 0x8000b2fc (0xd03f2423) mem 0x8000d000 0x00000001
core   0: 0x8000b300 (0xff9ff06f) j       pc - 0x8
core   0: 3 0x8000b300 (0xff9ff06f)
core   0: 0x8000b2f8 (0x00002f17) auipc   t5, 0x2
core   0: 3 0x8000b2f8 (0x00002f17) x30 0x8000d2f8
core   0: 0x8000b2fc (0xd03f2423) sw      gp, -760(t5)
core   0: 3 0x8000b2fc (0xd03f2423) mem 0x8000d000 0x00000001
core   0: 0x8000b300 (0xff9ff06f) j       pc - 0x8
core   0: 3 0x8000b300 (0xff9ff06f)
core   0: 0x8000b2f8 (0x00002f17) auipc   t5, 0x2
core   0: 3 0x8000b2f8 (0x00002f17) x30 0x8000d2f8
core   0: 0x8000b2fc (0xd03f2423) sw      gp, -760(t5)
core   0: 3 0x8000b2fc (0xd03f2423) mem 0x8000d000 0x00000001
core   0: 0x8000b300 (0xff9ff06f) j       pc - 0x8
core   0: 3 0x8000b300 (0xff9ff06f)
core   0: 0x8000b2f8 (0x00002f17) auipc   t5, 0x2
core   0: 3 0x8000b2f8 (0x00002f17) x30 0x8000d2f8
core   0: 0x8000b2fc (0xd03f2423) sw      gp, -760(t5)
core   0: 3 0x8000b2fc (0xd03f2423) mem 0x8000d000 0x00000001
core   0: 0x8000b300 (0xff9ff06f) j       pc - 0x8
core   0: 3 0x8000b300 (0xff9ff06f)
core   0: 0x8000b2f8 (0x00002f17) auipc   t5, 0x2
core   0: 3 0x8000b2f8 (0x00002f17) x30 0x8000d2f8
core   0: 0x8000b2fc (0xd03f2423) sw      gp, -760(t5)
core   0: 3 0x8000b2fc (0xd03f2423) mem 0x8000d000 0x00000001
core   0: 0x8000b300 (0xff9ff06f) j       pc - 0x8
core   0: 3 0x8000b300 (0xff9ff06f)
core   0: 0x8000b2f8 (0x00002f17) auipc   t5, 0x2
core   0: 3 0x8000b2f8 (0x00002f17) x30 0x8000d2f8
core   0: 0x8000b2fc (0xd03f2423) sw      gp, -760(t5)
core   0: 3 0x8000b2fc (0xd03f2423) mem 0x8000d000 0x00000001
core   0: 0x8000b300 (0xff9ff06f) j       pc - 0x8
core   0: 3 0x8000b300 (0xff9ff06f)
core   0: 0x8000b2f8 (0x00002f17) auipc   t5, 0x2
core   0: 3 0x8000b2f8 (0x00002f17) x30 0x8000d2f8
core   0: 0x8000b2fc (0xd03f2423) sw      gp, -760(t5)
core   0: 3 0x8000b2fc (0xd03f2423) mem 0x8000d000 0x00000001
core   0: 0x8000b300 (0xff9ff06f) j       pc - 0x8
core   0: 3 0x8000b300 (0xff9ff06f)
core   0: 0x8000b2f8 (0x00002f17) auipc   t5, 0x2
core   0: 3 0x8000b2f8 (0x00002f17) x30 0x8000d2f8
core   0: 0x8000b2fc (0xd03f2423) sw      gp, -760(t5)
core   0: 3 0x8000b2fc (0xd03f2423) mem 0x8000d000 0x00000001
core   0: 0x8000b300 (0xff9ff06f) j       pc - 0x8
core   0: 3 0x8000b300 (0xff9ff06f)
core   0: 0x8000b2f8 (0x00002f17) auipc   t5, 0x2
core   0: 3 0x8000b2f8 (0x00002f17) x30 0x8000d2f8
core   0: 0x8000b2fc (0xd03f2423) sw      gp, -760(t5)
core   0: 3 0x8000b2fc (0xd03f2423) mem 0x8000d000 0x00000001
core   0: 0x8000b300 (0xff9ff06f) j       pc - 0x8
core   0: 3 0x8000b300 (0xff9ff06f)
core   0: 0x8000b2f8 (0x00002f17) auipc   t5, 0x2
core   0: 3 0x8000b2f8 (0x00002f17) x30 0x8000d2f8
core   0: 0x8000b2fc (0xd03f2423) sw      gp, -760(t5)
core   0: 3 0x8000b2fc (0xd03f2423) mem 0x8000d000 0x00000001
core   0: 0x8000b300 (0xff9ff06f) j       pc - 0x8
core   0: 3 0x8000b300 (0xff9ff06f)
core   0: 0x8000b2f8 (0x00002f17) auipc   t5, 0x2
core   0: 3 0x8000b2f8 (0x00002f17) x30 0x8000d2f8
core   0: 0x8000b2fc (0xd03f2423) sw      gp, -760(t5)
core   0: 3 0x8000b2fc (0xd03f2423) mem 0x8000d000 0x00000001
core   0: 0x8000b300 (0xff9ff06f) j       pc - 0x8
core   0: 3 0x8000b300 (0xff9ff06f)
core   0: 0x8000b2f8 (0x00002f17) auipc   t5, 0x2
core   0: 3 0x8000b2f8 (0x00002f17) x30 0x8000d2f8
core   0: 0x8000b2fc (0xd03f2423) sw      gp, -760(t5)
core   0: 3 0x8000b2fc (0xd03f2423) mem 0x8000d000 0x00000001
core   0: 0x8000b300 (0xff9ff06f) j       pc - 0x8
core   0: 3 0x8000b300 (0xff9ff06f)
core   0: 0x8000b2f8 (0x00002f17) auipc   t5, 0x2
core   0: 3 0x8000b2f8 (0x00002f17) x30 0x8000d2f8
core   0: 0x8000b2fc (0xd03f2423) sw      gp, -760(t5)
core   0: 3 0x8000b2fc (0xd03f2423) mem 0x8000d000 0x00000001
core   0: 0x8000b300 (0xff9ff06f) j       pc - 0x8
core   0: 3 0x8000b300 (0xff9ff06f)
core   0: 0x8000b2f8 (0x00002f17) auipc   t5, 0x2
core   0: 3 0x8000b2f8 (0x00002f17) x30 0x8000d2f8
core   0: 0x8000b2fc (0xd03f2423) sw      gp, -760(t5)
core   0: 3 0x8000b2fc (0xd03f2423) mem 0x8000d000 0x00000001
core   0: 0x8000b300 (0xff9ff06f) j       pc - 0x8
core   0: 3 0x8000b300 (0xff9ff06f)
core   0: 0x8000b2f8 (0x00002f17) auipc   t5, 0x2
core   0: 3 0x8000b2f8 (0x00002f17) x30 0x8000d2f8
core   0: 0x8000b2fc (0xd03f2423) sw      gp, -760(t5)
core   0: 3 0x8000b2fc (0xd03f2423) mem 0x8000d000 0x00000001
core   0: 0x8000b300 (0xff9ff06f) j       pc - 0x8
core   0: 3 0x8000b300 (0xff9ff06f)
core   0: 0x8000b2f8 (0x00002f17) auipc   t5, 0x2
core   0: 3 0x8000b2f8 (0x00002f17) x30 0x8000d2f8
core   0: 0x8000b2fc (0xd03f2423) sw      gp, -760(t5)
core   0: 3 0x8000b2fc (0xd03f2423) mem 0x8000d000 0x00000001
core   0: 0x8000b300 (0xff9ff06f) j       pc - 0x8
core   0: 3 0x8000b300 (0xff9ff06f)
core   0: 0x8000b2f8 (0x00002f17) auipc   t5, 0x2
core   0: 3 0x8000b2f8 (0x00002f17) x30 0x8000d2f8
core   0: 0x8000b2fc (0xd03f2423) sw      gp, -760(t5)
core   0: 3 0x8000b2fc (0xd03f2423) mem 0x8000d000 0x00000001
core   0: 0x8000b300 (0xff9ff06f) j       pc - 0x8
core   0: 3 0x8000b300 (0xff9ff06f)
core   0: 0x8000b2f8 (0x00002f17) auipc   t5, 0x2
core   0: 3 0x8000b2f8 (0x00002f17) x30 0x8000d2f8
core   0: 0x8000b2fc (0xd03f2423) sw      gp, -760(t5)
core   0: 3 0x8000b2fc (0xd03f2423) mem 0x8000d000 0x00000001
core   0: 0x8000b300 (0xff9ff06f) j       pc - 0x8
core   0: 3 0x8000b300 (0xff9ff06f)
core   0: 0x8000b2f8 (0x00002f17) auipc   t5, 0x2
core   0: 3 0x8000b2f8 (0x00002f17) x30 0x8000d2f8
core   0: 0x8000b2fc (0xd03f2423) sw      gp, -760(t5)
core   0: 3 0x8000b2fc (0xd03f2423) mem 0x8000d000 0x00000001
core   0: 0x8000b300 (0xff9ff06f) j       pc - 0x8
core   0: 3 0x8000b300 (0xff9ff06f)
core   0: 0x8000b2f8 (0x00002f17) auipc   t5, 0x2
core   0: 3 0x8000b2f8 (0x00002f17) x30 0x8000d2f8
core   0: 0x8000b2fc (0xd03f2423) sw      gp, -760(t5)
core   0: 3 0x8000b2fc (0xd03f2423) mem 0x8000d000 0x00000001
core   0: 0x8000b300 (0xff9ff06f) j       pc - 0x8
core   0: 3 0x8000b300 (0xff9ff06f)
core   0: 0x8000b2f8 (0x00002f17) auipc   t5, 0x2
core   0: 3 0x8000b2f8 (0x00002f17) x30 0x8000d2f8
core   0: 0x8000b2fc (0xd03f2423) sw      gp, -760(t5)
core   0: 3 0x8000b2fc (0xd03f2423) mem 0x8000d000 0x00000001
core   0: 0x8000b300 (0xff9ff06f) j       pc - 0x8
core   0: 3 0x8000b300 (0xff9ff06f)
core   0: 0x8000b2f8 (0x00002f17) auipc   t5, 0x2
core   0: 3 0x8000b2f8 (0x00002f17) x30 0x8000d2f8
core   0: 0x8000b2fc (0xd03f2423) sw      gp, -760(t5)
core   0: 3 0x8000b2fc (0xd03f2423) mem 0x8000d000 0x00000001
core   0: 0x8000b300 (0xff9ff06f) j       pc - 0x8
core   0: 3 0x8000b300 (0xff9ff06f)
core   0: 0x8000b2f8 (0x00002f17) auipc   t5, 0x2
core   0: 3 0x8000b2f8 (0x00002f17) x30 0x8000d2f8
core   0: 0x8000b2fc (0xd03f2423) sw      gp, -760(t5)
core   0: 3 0x8000b2fc (0xd03f2423) mem 0x8000d000 0x00000001
core   0: 0x8000b300 (0xff9ff06f) j       pc - 0x8
core   0: 3 0x8000b300 (0xff9ff06f)
core   0: 0x8000b2f8 (0x00002f17) auipc   t5, 0x2
core   0: 3 0x8000b2f8 (0x00002f17) x30 0x8000d2f8
core   0: 0x8000b2fc (0xd03f2423) sw      gp, -760(t5)
core   0: 3 0x8000b2fc (0xd03f2423) mem 0x8000d000 0x00000001
core   0: 0x8000b300 (0xff9ff06f) j       pc - 0x8
core   0: 3 0x8000b300 (0xff9ff06f)
core   0: 0x8000b2f8 (0x00002f17) auipc   t5, 0x2
core   0: 3 0x8000b2f8 (0x00002f17) x30 0x8000d2f8
core   0: 0x8000b2fc (0xd03f2423) sw      gp, -760(t5)
core   0: 3 0x8000b2fc (0xd03f2423) mem 0x8000d000 0x00000001
core   0: 0x8000b300 (0xff9ff06f) j       pc - 0x8
core   0: 3 0x8000b300 (0xff9ff06f)
core   0: 0x8000b2f8 (0x00002f17) auipc   t5, 0x2
core   0: 3 0x8000b2f8 (0x00002f17) x30 0x8000d2f8
core   0: 0x8000b2fc (0xd03f2423) sw      gp, -760(t5)
core   0: 3 0x8000b2fc (0xd03f2423) mem 0x8000d000 0x00000001
core   0: 0x8000b300 (0xff9ff06f) j       pc - 0x8
core   0: 3 0x8000b300 (0xff9ff06f)
core   0: 0x8000b2f8 (0x00002f17) auipc   t5, 0x2
core   0: 3 0x8000b2f8 (0x00002f17) x30 0x8000d2f8
core   0: 0x8000b2fc (0xd03f2423) sw      gp, -760(t5)
core   0: 3 0x8000b2fc (0xd03f2423) mem 0x8000d000 0x00000001
core   0: 0x8000b300 (0xff9ff06f) j       pc - 0x8
core   0: 3 0x8000b300 (0xff9ff06f)
core   0: 0x8000b2f8 (0x00002f17) auipc   t5, 0x2
core   0: 3 0x8000b2f8 (0x00002f17) x30 0x8000d2f8
core   0: 0x8000b2fc (0xd03f2423) sw      gp, -760(t5)
core   0: 3 0x8000b2fc (0xd03f2423) mem 0x8000d000 0x00000001
core   0: 0x8000b300 (0xff9ff06f) j       pc - 0x8
core   0: 3 0x8000b300 (0xff9ff06f)
core   0: 0x8000b2f8 (0x00002f17) auipc   t5, 0x2
core   0: 3 0x8000b2f8 (0x00002f17) x30 0x8000d2f8
core   0: 0x8000b2fc (0xd03f2423) sw      gp, -760(t5)
core   0: 3 0x8000b2fc (0xd03f2423) mem 0x8000d000 0x00000001
core   0: 0x8000b300 (0xff9ff06f) j       pc - 0x8
core   0: 3 0x8000b300 (0xff9ff06f)
core   0: 0x8000b2f8 (0x00002f17) auipc   t5, 0x2
core   0: 3 0x8000b2f8 (0x00002f17) x30 0x8000d2f8
core   0: 0x8000b2fc (0xd03f2423) sw      gp, -760(t5)
core   0: 3 0x8000b2fc (0xd03f2423) mem 0x8000d000 0x00000001
core   0: 0x8000b300 (0xff9ff06f) j       pc - 0x8
core   0: 3 0x8000b300 (0xff9ff06f)
core   0: 0x8000b2f8 (0x00002f17) auipc   t5, 0x2
core   0: 3 0x8000b2f8 (0x00002f17) x30 0x8000d2f8
core   0: 0x8000b2fc (0xd03f2423) sw      gp, -760(t5)
core   0: 3 0x8000b2fc (0xd03f2423) mem 0x8000d000 0x00000001
core   0: 0x8000b300 (0xff9ff06f) j       pc - 0x8
core   0: 3 0x8000b300 (0xff9ff06f)
core   0: 0x8000b2f8 (0x00002f17) auipc   t5, 0x2
core   0: 3 0x8000b2f8 (0x00002f17) x30 0x8000d2f8
core   0: 0x8000b2fc (0xd03f2423) sw      gp, -760(t5)
core   0: 3 0x8000b2fc (0xd03f2423) mem 0x8000d000 0x00000001
core   0: 0x8000b300 (0xff9ff06f) j       pc - 0x8
core   0: 3 0x8000b300 (0xff9ff06f)
core   0: 0x8000b2f8 (0x00002f17) auipc   t5, 0x2
core   0: 3 0x8000b2f8 (0x00002f17) x30 0x8000d2f8
core   0: 0x8000b2fc (0xd03f2423) sw      gp, -760(t5)
core   0: 3 0x8000b2fc (0xd03f2423) mem 0x8000d000 0x00000001
core   0: 0x8000b300 (0xff9ff06f) j       pc - 0x8
core   0: 3 0x8000b300 (0xff9ff06f)
core   0: 0x8000b2f8 (0x00002f17) auipc   t5, 0x2
core   0: 3 0x8000b2f8 (0x00002f17) x30 0x8000d2f8
core   0: 0x8000b2fc (0xd03f2423) sw      gp, -760(t5)
core   0: 3 0x8000b2fc (0xd03f2423) mem 0x8000d000 0x00000001
core   0: 0x8000b300 (0xff9ff06f) j       pc - 0x8
core   0: 3 0x8000b300 (0xff9ff06f)
core   0: 0x8000b2f8 (0x00002f17) auipc   t5, 0x2
core   0: 3 0x8000b2f8 (0x00002f17) x30 0x8000d2f8
core   0: 0x8000b2fc (0xd03f2423) sw      gp, -760(t5)
core   0: 3 0x8000b2fc (0xd03f2423) mem 0x8000d000 0x00000001
core   0: 0x8000b300 (0xff9ff06f) j       pc - 0x8
core   0: 3 0x8000b300 (0xff9ff06f)
core   0: 0x8000b2f8 (0x00002f17) auipc   t5, 0x2
core   0: 3 0x8000b2f8 (0x00002f17) x30 0x8000d2f8
core   0: 0x8000b2fc (0xd03f2423) sw      gp, -760(t5)
core   0: 3 0x8000b2fc (0xd03f2423) mem 0x8000d000 0x00000001
core   0: 0x8000b300 (0xff9ff06f) j       pc - 0x8
core   0: 3 0x8000b300 (0xff9ff06f)
core   0: 0x8000b2f8 (0x00002f17) auipc   t5, 0x2
core   0: 3 0x8000b2f8 (0x00002f17) x30 0x8000d2f8
core   0: 0x8000b2fc (0xd03f2423) sw      gp, -760(t5)
core   0: 3 0x8000b2fc (0xd03f2423) mem 0x8000d000 0x00000001
core   0: 0x8000b300 (0xff9ff06f) j       pc - 0x8
core   0: 3 0x8000b300 (0xff9ff06f)
core   0: 0x8000b2f8 (0x00002f17) auipc   t5, 0x2
core   0: 3 0x8000b2f8 (0x00002f17) x30 0x8000d2f8
core   0: 0x8000b2fc (0xd03f2423) sw      gp, -760(t5)
core   0: 3 0x8000b2fc (0xd03f2423) mem 0x8000d000 0x00000001
core   0: 0x8000b300 (0xff9ff06f) j       pc - 0x8
core   0: 3 0x8000b300 (0xff9ff06f)
core   0: 0x8000b2f8 (0x00002f17) auipc   t5, 0x2
core   0: 3 0x8000b2f8 (0x00002f17) x30 0x8000d2f8
core   0: 0x8000b2fc (0xd03f2423) sw      gp, -760(t5)
core   0: 3 0x8000b2fc (0xd03f2423) mem 0x8000d000 0x00000001
core   0: 0x8000b300 (0xff9ff06f) j       pc - 0x8
core   0: 3 0x8000b300 (0xff9ff06f)
core   0: 0x8000b2f8 (0x00002f17) auipc   t5, 0x2
core   0: 3 0x8000b2f8 (0x00002f17) x30 0x8000d2f8
core   0: 0x8000b2fc (0xd03f2423) sw      gp, -760(t5)
core   0: 3 0x8000b2fc (0xd03f2423) mem 0x8000d000 0x00000001
core   0: 0x8000b300 (0xff9ff06f) j       pc - 0x8
core   0: 3 0x8000b300 (0xff9ff06f)
core   0: 0x8000b2f8 (0x00002f17) auipc   t5, 0x2
core   0: 3 0x8000b2f8 (0x00002f17) x30 0x8000d2f8
core   0: 0x8000b2fc (0xd03f2423) sw      gp, -760(t5)
core   0: 3 0x8000b2fc (0xd03f2423) mem 0x8000d000 0x00000001
core   0: 0x8000b300 (0xff9ff06f) j       pc - 0x8
core   0: 3 0x8000b300 (0xff9ff06f)
core   0: 0x8000b2f8 (0x00002f17) auipc   t5, 0x2
core   0: 3 0x8000b2f8 (0x00002f17) x30 0x8000d2f8
core   0: 0x8000b2fc (0xd03f2423) sw      gp, -760(t5)
core   0: 3 0x8000b2fc (0xd03f2423) mem 0x8000d000 0x00000001
core   0: 0x8000b300 (0xff9ff06f) j       pc - 0x8
core   0: 3 0x8000b300 (0xff9ff06f)
core   0: 0x8000b2f8 (0x00002f17) auipc   t5, 0x2
core   0: 3 0x8000b2f8 (0x00002f17) x30 0x8000d2f8
core   0: 0x8000b2fc (0xd03f2423) sw      gp, -760(t5)
core   0: 3 0x8000b2fc (0xd03f2423) mem 0x8000d000 0x00000001
core   0: 0x8000b300 (0xff9ff06f) j       pc - 0x8
core   0: 3 0x8000b300 (0xff9ff06f)
core   0: 0x8000b2f8 (0x00002f17) auipc   t5, 0x2
core   0: 3 0x8000b2f8 (0x00002f17) x30 0x8000d2f8
core   0: 0x8000b2fc (0xd03f2423) sw      gp, -760(t5)
core   0: 3 0x8000b2fc (0xd03f2423) mem 0x8000d000 0x00000001
core   0: 0x8000b300 (0xff9ff06f) j       pc - 0x8
core   0: 3 0x8000b300 (0xff9ff06f)
core   0: 0x8000b2f8 (0x00002f17) auipc   t5, 0x2
core   0: 3 0x8000b2f8 (0x00002f17) x30 0x8000d2f8
core   0: 0x8000b2fc (0xd03f2423) sw      gp, -760(t5)
core   0: 3 0x8000b2fc (0xd03f2423) mem 0x8000d000 0x00000001
core   0: 0x8000b300 (0xff9ff06f) j       pc - 0x8
core   0: 3 0x8000b300 (0xff9ff06f)
core   0: 0x8000b2f8 (0x00002f17) auipc   t5, 0x2
core   0: 3 0x8000b2f8 (0x00002f17) x30 0x8000d2f8
core   0: 0x8000b2fc (0xd03f2423) sw      gp, -760(t5)
core   0: 3 0x8000b2fc (0xd03f2423) mem 0x8000d000 0x00000001
core   0: 0x8000b300 (0xff9ff06f) j       pc - 0x8
core   0: 3 0x8000b300 (0xff9ff06f)
core   0: 0x8000b2f8 (0x00002f17) auipc   t5, 0x2
core   0: 3 0x8000b2f8 (0x00002f17) x30 0x8000d2f8
core   0: 0x8000b2fc (0xd03f2423) sw      gp, -760(t5)
core   0: 3 0x8000b2fc (0xd03f2423) mem 0x8000d000 0x00000001
core   0: 0x8000b300 (0xff9ff06f) j       pc - 0x8
core   0: 3 0x8000b300 (0xff9ff06f)
core   0: 0x8000b2f8 (0x00002f17) auipc   t5, 0x2
core   0: 3 0x8000b2f8 (0x00002f17) x30 0x8000d2f8
core   0: 0x8000b2fc (0xd03f2423) sw      gp, -760(t5)
core   0: 3 0x8000b2fc (0xd03f2423) mem 0x8000d000 0x00000001
core   0: 0x8000b300 (0xff9ff06f) j       pc - 0x8
core   0: 3 0x8000b300 (0xff9ff06f)
core   0: 0x8000b2f8 (0x00002f17) auipc   t5, 0x2
core   0: 3 0x8000b2f8 (0x00002f17) x30 0x8000d2f8
core   0: 0x8000b2fc (0xd03f2423) sw      gp, -760(t5)
core   0: 3 0x8000b2fc (0xd03f2423) mem 0x8000d000 0x00000001
core   0: 0x8000b300 (0xff9ff06f) j       pc - 0x8
core   0: 3 0x8000b300 (0xff9ff06f)
core   0: 0x8000b2f8 (0x00002f17) auipc   t5, 0x2
core   0: 3 0x8000b2f8 (0x00002f17) x30 0x8000d2f8
core   0: 0x8000b2fc (0xd03f2423) sw      gp, -760(t5)
core   0: 3 0x8000b2fc (0xd03f2423) mem 0x8000d000 0x00000001
core   0: 0x8000b300 (0xff9ff06f) j       pc - 0x8
core   0: 3 0x8000b300 (0xff9ff06f)
core   0: 0x8000b2f8 (0x00002f17) auipc   t5, 0x2
core   0: 3 0x8000b2f8 (0x00002f17) x30 0x8000d2f8
core   0: 0x8000b2fc (0xd03f2423) sw      gp, -760(t5)
core   0: 3 0x8000b2fc (0xd03f2423) mem 0x8000d000 0x00000001
core   0: 0x8000b300 (0xff9ff06f) j       pc - 0x8
core   0: 3 0x8000b300 (0xff9ff06f)
core   0: 0x8000b2f8 (0x00002f17) auipc   t5, 0x2
core   0: 3 0x8000b2f8 (0x00002f17) x30 0x8000d2f8
core   0: 0x8000b2fc (0xd03f2423) sw      gp, -760(t5)
core   0: 3 0x8000b2fc (0xd03f2423) mem 0x8000d000 0x00000001
core   0: 0x8000b300 (0xff9ff06f) j       pc - 0x8
core   0: 3 0x8000b300 (0xff9ff06f)
core   0: 0x8000b2f8 (0x00002f17) auipc   t5, 0x2
core   0: 3 0x8000b2f8 (0x00002f17) x30 0x8000d2f8
core   0: 0x8000b2fc (0xd03f2423) sw      gp, -760(t5)
core   0: 3 0x8000b2fc (0xd03f2423) mem 0x8000d000 0x00000001
core   0: 0x8000b300 (0xff9ff06f) j       pc - 0x8
core   0: 3 0x8000b300 (0xff9ff06f)
core   0: 0x8000b2f8 (0x00002f17) auipc   t5, 0x2
core   0: 3 0x8000b2f8 (0x00002f17) x30 0x8000d2f8
core   0: 0x8000b2fc (0xd03f2423) sw      gp, -760(t5)
core   0: 3 0x8000b2fc (0xd03f2423) mem 0x8000d000 0x00000001
core   0: 0x8000b300 (0xff9ff06f) j       pc - 0x8
core   0: 3 0x8000b300 (0xff9ff06f)
core   0: 0x8000b2f8 (0x00002f17) auipc   t5, 0x2
core   0: 3 0x8000b2f8 (0x00002f17) x30 0x8000d2f8
core   0: 0x8000b2fc (0xd03f2423) sw      gp, -760(t5)
core   0: 3 0x8000b2fc (0xd03f2423) mem 0x8000d000 0x00000001
core   0: 0x8000b300 (0xff9ff06f) j       pc - 0x8
core   0: 3 0x8000b300 (0xff9ff06f)
core   0: 0x8000b2f8 (0x00002f17) auipc   t5, 0x2
core   0: 3 0x8000b2f8 (0x00002f17) x30 0x8000d2f8
core   0: 0x8000b2fc (0xd03f2423) sw      gp, -760(t5)
core   0: 3 0x8000b2fc (0xd03f2423) mem 0x8000d000 0x00000001
core   0: 0x8000b300 (0xff9ff06f) j       pc - 0x8
core   0: 3 0x8000b300 (0xff9ff06f)
core   0: 0x8000b2f8 (0x00002f17) auipc   t5, 0x2
core   0: 3 0x8000b2f8 (0x00002f17) x30 0x8000d2f8
core   0: 0x8000b2fc (0xd03f2423) sw      gp, -760(t5)
core   0: 3 0x8000b2fc (0xd03f2423) mem 0x8000d000 0x00000001
core   0: 0x8000b300 (0xff9ff06f) j       pc - 0x8
core   0: 3 0x8000b300 (0xff9ff06f)
core   0: 0x8000b2f8 (0x00002f17) auipc   t5, 0x2
core   0: 3 0x8000b2f8 (0x00002f17) x30 0x8000d2f8
core   0: 0x8000b2fc (0xd03f2423) sw      gp, -760(t5)
core   0: 3 0x8000b2fc (0xd03f2423) mem 0x8000d000 0x00000001
core   0: 0x8000b300 (0xff9ff06f) j       pc - 0x8
core   0: 3 0x8000b300 (0xff9ff06f)
core   0: 0x8000b2f8 (0x00002f17) auipc   t5, 0x2
core   0: 3 0x8000b2f8 (0x00002f17) x30 0x8000d2f8
core   0: 0x8000b2fc (0xd03f2423) sw      gp, -760(t5)
core   0: 3 0x8000b2fc (0xd03f2423) mem 0x8000d000 0x00000001
core   0: 0x8000b300 (0xff9ff06f) j       pc - 0x8
core   0: 3 0x8000b300 (0xff9ff06f)
core   0: 0x8000b2f8 (0x00002f17) auipc   t5, 0x2
core   0: 3 0x8000b2f8 (0x00002f17) x30 0x8000d2f8
core   0: 0x8000b2fc (0xd03f2423) sw      gp, -760(t5)
core   0: 3 0x8000b2fc (0xd03f2423) mem 0x8000d000 0x00000001
core   0: 0x8000b300 (0xff9ff06f) j       pc - 0x8
core   0: 3 0x8000b300 (0xff9ff06f)
core   0: 0x8000b2f8 (0x00002f17) auipc   t5, 0x2
core   0: 3 0x8000b2f8 (0x00002f17) x30 0x8000d2f8
core   0: 0x8000b2fc (0xd03f2423) sw      gp, -760(t5)
core   0: 3 0x8000b2fc (0xd03f2423) mem 0x8000d000 0x00000001
core   0: 0x8000b300 (0xff9ff06f) j       pc - 0x8
core   0: 3 0x8000b300 (0xff9ff06f)
core   0: 0x8000b2f8 (0x00002f17) auipc   t5, 0x2
core   0: 3 0x8000b2f8 (0x00002f17) x30 0x8000d2f8
core   0: 0x8000b2fc (0xd03f2423) sw      gp, -760(t5)
core   0: 3 0x8000b2fc (0xd03f2423) mem 0x8000d000 0x00000001
core   0: 0x8000b300 (0xff9ff06f) j       pc - 0x8
core   0: 3 0x8000b300 (0xff9ff06f)
core   0: 0x8000b2f8 (0x00002f17) auipc   t5, 0x2
core   0: 3 0x8000b2f8 (0x00002f17) x30 0x8000d2f8
core   0: 0x8000b2fc (0xd03f2423) sw      gp, -760(t5)
core   0: 3 0x8000b2fc (0xd03f2423) mem 0x8000d000 0x00000001
core   0: 0x8000b300 (0xff9ff06f) j       pc - 0x8
core   0: 3 0x8000b300 (0xff9ff06f)
core   0: 0x8000b2f8 (0x00002f17) auipc   t5, 0x2
core   0: 3 0x8000b2f8 (0x00002f17) x30 0x8000d2f8
core   0: 0x8000b2fc (0xd03f2423) sw      gp, -760(t5)
core   0: 3 0x8000b2fc (0xd03f2423) mem 0x8000d000 0x00000001
core   0: 0x8000b300 (0xff9ff06f) j       pc - 0x8
core   0: 3 0x8000b300 (0xff9ff06f)
core   0: 0x8000b2f8 (0x00002f17) auipc   t5, 0x2
core   0: 3 0x8000b2f8 (0x00002f17) x30 0x8000d2f8
core   0: 0x8000b2fc (0xd03f2423) sw      gp, -760(t5)
core   0: 3 0x8000b2fc (0xd03f2423) mem 0x8000d000 0x00000001
core   0: 0x8000b300 (0xff9ff06f) j       pc - 0x8
core   0: 3 0x8000b300 (0xff9ff06f)
core   0: 0x8000b2f8 (0x00002f17) auipc   t5, 0x2
core   0: 3 0x8000b2f8 (0x00002f17) x30 0x8000d2f8
core   0: 0x8000b2fc (0xd03f2423) sw      gp, -760(t5)
core   0: 3 0x8000b2fc (0xd03f2423) mem 0x8000d000 0x00000001
core   0: 0x8000b300 (0xff9ff06f) j       pc - 0x8
core   0: 3 0x8000b300 (0xff9ff06f)
core   0: 0x8000b2f8 (0x00002f17) auipc   t5, 0x2
core   0: 3 0x8000b2f8 (0x00002f17) x30 0x8000d2f8
core   0: 0x8000b2fc (0xd03f2423) sw      gp, -760(t5)
core   0: 3 0x8000b2fc (0xd03f2423) mem 0x8000d000 0x00000001
core   0: 0x8000b300 (0xff9ff06f) j       pc - 0x8
core   0: 3 0x8000b300 (0xff9ff06f)
core   0: 0x8000b2f8 (0x00002f17) auipc   t5, 0x2
core   0: 3 0x8000b2f8 (0x00002f17) x30 0x8000d2f8
core   0: 0x8000b2fc (0xd03f2423) sw      gp, -760(t5)
core   0: 3 0x8000b2fc (0xd03f2423) mem 0x8000d000 0x00000001
core   0: 0x8000b300 (0xff9ff06f) j       pc - 0x8
core   0: 3 0x8000b300 (0xff9ff06f)
core   0: 0x8000b2f8 (0x00002f17) auipc   t5, 0x2
core   0: 3 0x8000b2f8 (0x00002f17) x30 0x8000d2f8
core   0: 0x8000b2fc (0xd03f2423) sw      gp, -760(t5)
core   0: 3 0x8000b2fc (0xd03f2423) mem 0x8000d000 0x00000001
core   0: 0x8000b300 (0xff9ff06f) j       pc - 0x8
core   0: 3 0x8000b300 (0xff9ff06f)
core   0: 0x8000b2f8 (0x00002f17) auipc   t5, 0x2
core   0: 3 0x8000b2f8 (0x00002f17) x30 0x8000d2f8
core   0: 0x8000b2fc (0xd03f2423) sw      gp, -760(t5)
core   0: 3 0x8000b2fc (0xd03f2423) mem 0x8000d000 0x00000001
core   0: 0x8000b300 (0xff9ff06f) j       pc - 0x8
core   0: 3 0x8000b300 (0xff9ff06f)
core   0: 0x8000b2f8 (0x00002f17) auipc   t5, 0x2
core   0: 3 0x8000b2f8 (0x00002f17) x30 0x8000d2f8
core   0: 0x8000b2fc (0xd03f2423) sw      gp, -760(t5)
core   0: 3 0x8000b2fc (0xd03f2423) mem 0x8000d000 0x00000001
core   0: 0x8000b300 (0xff9ff06f) j       pc - 0x8
core   0: 3 0x8000b300 (0xff9ff06f)
core   0: 0x8000b2f8 (0x00002f17) auipc   t5, 0x2
core   0: 3 0x8000b2f8 (0x00002f17) x30 0x8000d2f8
core   0: 0x8000b2fc (0xd03f2423) sw      gp, -760(t5)
core   0: 3 0x8000b2fc (0xd03f2423) mem 0x8000d000 0x00000001
core   0: 0x8000b300 (0xff9ff06f) j       pc - 0x8
core   0: 3 0x8000b300 (0xff9ff06f)
core   0: 0x8000b2f8 (0x00002f17) auipc   t5, 0x2
core   0: 3 0x8000b2f8 (0x00002f17) x30 0x8000d2f8
core   0: 0x8000b2fc (0xd03f2423) sw      gp, -760(t5)
core   0: 3 0x8000b2fc (0xd03f2423) mem 0x8000d000 0x00000001
core   0: 0x8000b300 (0xff9ff06f) j       pc - 0x8
core   0: 3 0x8000b300 (0xff9ff06f)
core   0: 0x8000b2f8 (0x00002f17) auipc   t5, 0x2
core   0: 3 0x8000b2f8 (0x00002f17) x30 0x8000d2f8
core   0: 0x8000b2fc (0xd03f2423) sw      gp, -760(t5)
core   0: 3 0x8000b2fc (0xd03f2423) mem 0x8000d000 0x00000001
core   0: 0x8000b300 (0xff9ff06f) j       pc - 0x8
core   0: 3 0x8000b300 (0xff9ff06f)
core   0: 0x8000b2f8 (0x00002f17) auipc   t5, 0x2
core   0: 3 0x8000b2f8 (0x00002f17) x30 0x8000d2f8
core   0: 0x8000b2fc (0xd03f2423) sw      gp, -760(t5)
core   0: 3 0x8000b2fc (0xd03f2423) mem 0x8000d000 0x00000001
core   0: 0x8000b300 (0xff9ff06f) j       pc - 0x8
core   0: 3 0x8000b300 (0xff9ff06f)
core   0: 0x8000b2f8 (0x00002f17) auipc   t5, 0x2
core   0: 3 0x8000b2f8 (0x00002f17) x30 0x8000d2f8
core   0: 0x8000b2fc (0xd03f2423) sw      gp, -760(t5)
core   0: 3 0x8000b2fc (0xd03f2423) mem 0x8000d000 0x00000001
core   0: 0x8000b300 (0xff9ff06f) j       pc - 0x8
core   0: 3 0x8000b300 (0xff9ff06f)
core   0: 0x8000b2f8 (0x00002f17) auipc   t5, 0x2
core   0: 3 0x8000b2f8 (0x00002f17) x30 0x8000d2f8
core   0: 0x8000b2fc (0xd03f2423) sw      gp, -760(t5)
core   0: 3 0x8000b2fc (0xd03f2423) mem 0x8000d000 0x00000001
core   0: 0x8000b300 (0xff9ff06f) j       pc - 0x8
core   0: 3 0x8000b300 (0xff9ff06f)
core   0: 0x8000b2f8 (0x00002f17) auipc   t5, 0x2
core   0: 3 0x8000b2f8 (0x00002f17) x30 0x8000d2f8
core   0: 0x8000b2fc (0xd03f2423) sw      gp, -760(t5)
core   0: 3 0x8000b2fc (0xd03f2423) mem 0x8000d000 0x00000001
core   0: 0x8000b300 (0xff9ff06f) j       pc - 0x8
core   0: 3 0x8000b300 (0xff9ff06f)
core   0: 0x8000b2f8 (0x00002f17) auipc   t5, 0x2
core   0: 3 0x8000b2f8 (0x00002f17) x30 0x8000d2f8
core   0: 0x8000b2fc (0xd03f2423) sw      gp, -760(t5)
core   0: 3 0x8000b2fc (0xd03f2423) mem 0x8000d000 0x00000001
core   0: 0x8000b300 (0xff9ff06f) j       pc - 0x8
core   0: 3 0x8000b300 (0xff9ff06f)
core   0: 0x8000b2f8 (0x00002f17) auipc   t5, 0x2
core   0: 3 0x8000b2f8 (0x00002f17) x30 0x8000d2f8
core   0: 0x8000b2fc (0xd03f2423) sw      gp, -760(t5)
core   0: 3 0x8000b2fc (0xd03f2423) mem 0x8000d000 0x00000001
core   0: 0x8000b300 (0xff9ff06f) j       pc - 0x8
core   0: 3 0x8000b300 (0xff9ff06f)
core   0: 0x8000b2f8 (0x00002f17) auipc   t5, 0x2
core   0: 3 0x8000b2f8 (0x00002f17) x30 0x8000d2f8
core   0: 0x8000b2fc (0xd03f2423) sw      gp, -760(t5)
core   0: 3 0x8000b2fc (0xd03f2423) mem 0x8000d000 0x00000001
core   0: 0x8000b300 (0xff9ff06f) j       pc - 0x8
core   0: 3 0x8000b300 (0xff9ff06f)
core   0: 0x8000b2f8 (0x00002f17) auipc   t5, 0x2
core   0: 3 0x8000b2f8 (0x00002f17) x30 0x8000d2f8
core   0: 0x8000b2fc (0xd03f2423) sw      gp, -760(t5)
core   0: 3 0x8000b2fc (0xd03f2423) mem 0x8000d000 0x00000001
core   0: 0x8000b300 (0xff9ff06f) j       pc - 0x8
core   0: 3 0x8000b300 (0xff9ff06f)
core   0: 0x8000b2f8 (0x00002f17) auipc   t5, 0x2
core   0: 3 0x8000b2f8 (0x00002f17) x30 0x8000d2f8
core   0: 0x8000b2fc (0xd03f2423) sw      gp, -760(t5)
core   0: 3 0x8000b2fc (0xd03f2423) mem 0x8000d000 0x00000001
core   0: 0x8000b300 (0xff9ff06f) j       pc - 0x8
core   0: 3 0x8000b300 (0xff9ff06f)
core   0: 0x8000b2f8 (0x00002f17) auipc   t5, 0x2
core   0: 3 0x8000b2f8 (0x00002f17) x30 0x8000d2f8
core   0: 0x8000b2fc (0xd03f2423) sw      gp, -760(t5)
core   0: 3 0x8000b2fc (0xd03f2423) mem 0x8000d000 0x00000001
core   0: 0x8000b300 (0xff9ff06f) j       pc - 0x8
core   0: 3 0x8000b300 (0xff9ff06f)
core   0: 0x8000b2f8 (0x00002f17) auipc   t5, 0x2
core   0: 3 0x8000b2f8 (0x00002f17) x30 0x8000d2f8
core   0: 0x8000b2fc (0xd03f2423) sw      gp, -760(t5)
core   0: 3 0x8000b2fc (0xd03f2423) mem 0x8000d000 0x00000001
core   0: 0x8000b300 (0xff9ff06f) j       pc - 0x8
core   0: 3 0x8000b300 (0xff9ff06f)
core   0: 0x8000b2f8 (0x00002f17) auipc   t5, 0x2
core   0: 3 0x8000b2f8 (0x00002f17) x30 0x8000d2f8
core   0: 0x8000b2fc (0xd03f2423) sw      gp, -760(t5)
core   0: 3 0x8000b2fc (0xd03f2423) mem 0x8000d000 0x00000001
core   0: 0x8000b300 (0xff9ff06f) j       pc - 0x8
core   0: 3 0x8000b300 (0xff9ff06f)
core   0: 0x8000b2f8 (0x00002f17) auipc   t5, 0x2
core   0: 3 0x8000b2f8 (0x00002f17) x30 0x8000d2f8
core   0: 0x8000b2fc (0xd03f2423) sw      gp, -760(t5)
core   0: 3 0x8000b2fc (0xd03f2423) mem 0x8000d000 0x00000001
core   0: 0x8000b300 (0xff9ff06f) j       pc - 0x8
core   0: 3 0x8000b300 (0xff9ff06f)
core   0: 0x8000b2f8 (0x00002f17) auipc   t5, 0x2
core   0: 3 0x8000b2f8 (0x00002f17) x30 0x8000d2f8
core   0: 0x8000b2fc (0xd03f2423) sw      gp, -760(t5)
core   0: 3 0x8000b2fc (0xd03f2423) mem 0x8000d000 0x00000001
core   0: 0x8000b300 (0xff9ff06f) j       pc - 0x8
core   0: 3 0x8000b300 (0xff9ff06f)
core   0: 0x8000b2f8 (0x00002f17) auipc   t5, 0x2
core   0: 3 0x8000b2f8 (0x00002f17) x30 0x8000d2f8
core   0: 0x8000b2fc (0xd03f2423) sw      gp, -760(t5)
core   0: 3 0x8000b2fc (0xd03f2423) mem 0x8000d000 0x00000001
core   0: 0x8000b300 (0xff9ff06f) j       pc - 0x8
core   0: 3 0x8000b300 (0xff9ff06f)
core   0: 0x8000b2f8 (0x00002f17) auipc   t5, 0x2
core   0: 3 0x8000b2f8 (0x00002f17) x30 0x8000d2f8
core   0: 0x8000b2fc (0xd03f2423) sw      gp, -760(t5)
core   0: 3 0x8000b2fc (0xd03f2423) mem 0x8000d000 0x00000001
core   0: 0x8000b300 (0xff9ff06f) j       pc - 0x8
core   0: 3 0x8000b300 (0xff9ff06f)
core   0: 0x8000b2f8 (0x00002f17) auipc   t5, 0x2
core   0: 3 0x8000b2f8 (0x00002f17) x30 0x8000d2f8
core   0: 0x8000b2fc (0xd03f2423) sw      gp, -760(t5)
core   0: 3 0x8000b2fc (0xd03f2423) mem 0x8000d000 0x00000001
core   0: 0x8000b300 (0xff9ff06f) j       pc - 0x8
core   0: 3 0x8000b300 (0xff9ff06f)
core   0: 0x8000b2f8 (0x00002f17) auipc   t5, 0x2
core   0: 3 0x8000b2f8 (0x00002f17) x30 0x8000d2f8
core   0: 0x8000b2fc (0xd03f2423) sw      gp, -760(t5)
core   0: 3 0x8000b2fc (0xd03f2423) mem 0x8000d000 0x00000001
core   0: 0x8000b300 (0xff9ff06f) j       pc - 0x8
core   0: 3 0x8000b300 (0xff9ff06f)
core   0: 0x8000b2f8 (0x00002f17) auipc   t5, 0x2
core   0: 3 0x8000b2f8 (0x00002f17) x30 0x8000d2f8
core   0: 0x8000b2fc (0xd03f2423) sw      gp, -760(t5)
core   0: 3 0x8000b2fc (0xd03f2423) mem 0x8000d000 0x00000001
core   0: 0x8000b300 (0xff9ff06f) j       pc - 0x8
core   0: 3 0x8000b300 (0xff9ff06f)
core   0: 0x8000b2f8 (0x00002f17) auipc   t5, 0x2
core   0: 3 0x8000b2f8 (0x00002f17) x30 0x8000d2f8
core   0: 0x8000b2fc (0xd03f2423) sw      gp, -760(t5)
core   0: 3 0x8000b2fc (0xd03f2423) mem 0x8000d000 0x00000001
core   0: 0x8000b300 (0xff9ff06f) j       pc - 0x8
core   0: 3 0x8000b300 (0xff9ff06f)
core   0: 0x8000b2f8 (0x00002f17) auipc   t5, 0x2
core   0: 3 0x8000b2f8 (0x00002f17) x30 0x8000d2f8
core   0: 0x8000b2fc (0xd03f2423) sw      gp, -760(t5)
core   0: 3 0x8000b2fc (0xd03f2423) mem 0x8000d000 0x00000001
core   0: 0x8000b300 (0xff9ff06f) j       pc - 0x8
core   0: 3 0x8000b300 (0xff9ff06f)
core   0: 0x8000b2f8 (0x00002f17) auipc   t5, 0x2
core   0: 3 0x8000b2f8 (0x00002f17) x30 0x8000d2f8
core   0: 0x8000b2fc (0xd03f2423) sw      gp, -760(t5)
core   0: 3 0x8000b2fc (0xd03f2423) mem 0x8000d000 0x00000001
core   0: 0x8000b300 (0xff9ff06f) j       pc - 0x8
core   0: 3 0x8000b300 (0xff9ff06f)
core   0: 0x8000b2f8 (0x00002f17) auipc   t5, 0x2
core   0: 3 0x8000b2f8 (0x00002f17) x30 0x8000d2f8
core   0: 0x8000b2fc (0xd03f2423) sw      gp, -760(t5)
core   0: 3 0x8000b2fc (0xd03f2423) mem 0x8000d000 0x00000001
core   0: 0x8000b300 (0xff9ff06f) j       pc - 0x8
core   0: 3 0x8000b300 (0xff9ff06f)
core   0: 0x8000b2f8 (0x00002f17) auipc   t5, 0x2
core   0: 3 0x8000b2f8 (0x00002f17) x30 0x8000d2f8
core   0: 0x8000b2fc (0xd03f2423) sw      gp, -760(t5)
core   0: 3 0x8000b2fc (0xd03f2423) mem 0x8000d000 0x00000001
core   0: 0x8000b300 (0xff9ff06f) j       pc - 0x8
core   0: 3 0x8000b300 (0xff9ff06f)
core   0: 0x8000b2f8 (0x00002f17) auipc   t5, 0x2
core   0: 3 0x8000b2f8 (0x00002f17) x30 0x8000d2f8
core   0: 0x8000b2fc (0xd03f2423) sw      gp, -760(t5)
core   0: 3 0x8000b2fc (0xd03f2423) mem 0x8000d000 0x00000001
core   0: 0x8000b300 (0xff9ff06f) j       pc - 0x8
core   0: 3 0x8000b300 (0xff9ff06f)
core   0: 0x8000b2f8 (0x00002f17) auipc   t5, 0x2
core   0: 3 0x8000b2f8 (0x00002f17) x30 0x8000d2f8
core   0: 0x8000b2fc (0xd03f2423) sw      gp, -760(t5)
core   0: 3 0x8000b2fc (0xd03f2423) mem 0x8000d000 0x00000001
core   0: 0x8000b300 (0xff9ff06f) j       pc - 0x8
core   0: 3 0x8000b300 (0xff9ff06f)
core   0: 0x8000b2f8 (0x00002f17) auipc   t5, 0x2
core   0: 3 0x8000b2f8 (0x00002f17) x30 0x8000d2f8
core   0: 0x8000b2fc (0xd03f2423) sw      gp, -760(t5)
core   0: 3 0x8000b2fc (0xd03f2423) mem 0x8000d000 0x00000001
core   0: 0x8000b300 (0xff9ff06f) j       pc - 0x8
core   0: 3 0x8000b300 (0xff9ff06f)
core   0: 0x8000b2f8 (0x00002f17) auipc   t5, 0x2
core   0: 3 0x8000b2f8 (0x00002f17) x30 0x8000d2f8
core   0: 0x8000b2fc (0xd03f2423) sw      gp, -760(t5)
core   0: 3 0x8000b2fc (0xd03f2423) mem 0x8000d000 0x00000001
core   0: 0x8000b300 (0xff9ff06f) j       pc - 0x8
core   0: 3 0x8000b300 (0xff9ff06f)
core   0: 0x8000b2f8 (0x00002f17) auipc   t5, 0x2
core   0: 3 0x8000b2f8 (0x00002f17) x30 0x8000d2f8
core   0: 0x8000b2fc (0xd03f2423) sw      gp, -760(t5)
core   0: 3 0x8000b2fc (0xd03f2423) mem 0x8000d000 0x00000001
core   0: 0x8000b300 (0xff9ff06f) j       pc - 0x8
core   0: 3 0x8000b300 (0xff9ff06f)
core   0: 0x8000b2f8 (0x00002f17) auipc   t5, 0x2
core   0: 3 0x8000b2f8 (0x00002f17) x30 0x8000d2f8
core   0: 0x8000b2fc (0xd03f2423) sw      gp, -760(t5)
core   0: 3 0x8000b2fc (0xd03f2423) mem 0x8000d000 0x00000001
core   0: 0x8000b300 (0xff9ff06f) j       pc - 0x8
core   0: 3 0x8000b300 (0xff9ff06f)
core   0: 0x8000b2f8 (0x00002f17) auipc   t5, 0x2
core   0: 3 0x8000b2f8 (0x00002f17) x30 0x8000d2f8
core   0: 0x8000b2fc (0xd03f2423) sw      gp, -760(t5)
core   0: 3 0x8000b2fc (0xd03f2423) mem 0x8000d000 0x00000001
core   0: 0x8000b300 (0xff9ff06f) j       pc - 0x8
core   0: 3 0x8000b300 (0xff9ff06f)
core   0: 0x8000b2f8 (0x00002f17) auipc   t5, 0x2
core   0: 3 0x8000b2f8 (0x00002f17) x30 0x8000d2f8
core   0: 0x8000b2fc (0xd03f2423) sw      gp, -760(t5)
core   0: 3 0x8000b2fc (0xd03f2423) mem 0x8000d000 0x00000001
core   0: 0x8000b300 (0xff9ff06f) j       pc - 0x8
core   0: 3 0x8000b300 (0xff9ff06f)
core   0: 0x8000b2f8 (0x00002f17) auipc   t5, 0x2
core   0: 3 0x8000b2f8 (0x00002f17) x30 0x8000d2f8
core   0: 0x8000b2fc (0xd03f2423) sw      gp, -760(t5)
core   0: 3 0x8000b2fc (0xd03f2423) mem 0x8000d000 0x00000001
core   0: 0x8000b300 (0xff9ff06f) j       pc - 0x8
core   0: 3 0x8000b300 (0xff9ff06f)
core   0: 0x8000b2f8 (0x00002f17) auipc   t5, 0x2
core   0: 3 0x8000b2f8 (0x00002f17) x30 0x8000d2f8
core   0: 0x8000b2fc (0xd03f2423) sw      gp, -760(t5)
core   0: 3 0x8000b2fc (0xd03f2423) mem 0x8000d000 0x00000001
core   0: 0x8000b300 (0xff9ff06f) j       pc - 0x8
core   0: 3 0x8000b300 (0xff9ff06f)
core   0: 0x8000b2f8 (0x00002f17) auipc   t5, 0x2
core   0: 3 0x8000b2f8 (0x00002f17) x30 0x8000d2f8
core   0: 0x8000b2fc (0xd03f2423) sw      gp, -760(t5)
core   0: 3 0x8000b2fc (0xd03f2423) mem 0x8000d000 0x00000001
core   0: 0x8000b300 (0xff9ff06f) j       pc - 0x8
core   0: 3 0x8000b300 (0xff9ff06f)
core   0: 0x8000b2f8 (0x00002f17) auipc   t5, 0x2
core   0: 3 0x8000b2f8 (0x00002f17) x30 0x8000d2f8
core   0: 0x8000b2fc (0xd03f2423) sw      gp, -760(t5)
core   0: 3 0x8000b2fc (0xd03f2423) mem 0x8000d000 0x00000001
core   0: 0x8000b300 (0xff9ff06f) j       pc - 0x8
core   0: 3 0x8000b300 (0xff9ff06f)
core   0: 0x8000b2f8 (0x00002f17) auipc   t5, 0x2
core   0: 3 0x8000b2f8 (0x00002f17) x30 0x8000d2f8
core   0: 0x8000b2fc (0xd03f2423) sw      gp, -760(t5)
core   0: 3 0x8000b2fc (0xd03f2423) mem 0x8000d000 0x00000001
core   0: 0x8000b300 (0xff9ff06f) j       pc - 0x8
core   0: 3 0x8000b300 (0xff9ff06f)
core   0: 0x8000b2f8 (0x00002f17) auipc   t5, 0x2
core   0: 3 0x8000b2f8 (0x00002f17) x30 0x8000d2f8
core   0: 0x8000b2fc (0xd03f2423) sw      gp, -760(t5)
core   0: 3 0x8000b2fc (0xd03f2423) mem 0x8000d000 0x00000001
core   0: 0x8000b300 (0xff9ff06f) j       pc - 0x8
core   0: 3 0x8000b300 (0xff9ff06f)
core   0: 0x8000b2f8 (0x00002f17) auipc   t5, 0x2
core   0: 3 0x8000b2f8 (0x00002f17) x30 0x8000d2f8
core   0: 0x8000b2fc (0xd03f2423) sw      gp, -760(t5)
core   0: 3 0x8000b2fc (0xd03f2423) mem 0x8000d000 0x00000001
core   0: 0x8000b300 (0xff9ff06f) j       pc - 0x8
core   0: 3 0x8000b300 (0xff9ff06f)
core   0: 0x8000b2f8 (0x00002f17) auipc   t5, 0x2
core   0: 3 0x8000b2f8 (0x00002f17) x30 0x8000d2f8
core   0: 0x8000b2fc (0xd03f2423) sw      gp, -760(t5)
core   0: 3 0x8000b2fc (0xd03f2423) mem 0x8000d000 0x00000001
core   0: 0x8000b300 (0xff9ff06f) j       pc - 0x8
core   0: 3 0x8000b300 (0xff9ff06f)
core   0: 0x8000b2f8 (0x00002f17) auipc   t5, 0x2
core   0: 3 0x8000b2f8 (0x00002f17) x30 0x8000d2f8
core   0: 0x8000b2fc (0xd03f2423) sw      gp, -760(t5)
core   0: 3 0x8000b2fc (0xd03f2423) mem 0x8000d000 0x00000001
core   0: 0x8000b300 (0xff9ff06f) j       pc - 0x8
core   0: 3 0x8000b300 (0xff9ff06f)
core   0: 0x8000b2f8 (0x00002f17) auipc   t5, 0x2
core   0: 3 0x8000b2f8 (0x00002f17) x30 0x8000d2f8
core   0: 0x8000b2fc (0xd03f2423) sw      gp, -760(t5)
core   0: 3 0x8000b2fc (0xd03f2423) mem 0x8000d000 0x00000001
core   0: 0x8000b300 (0xff9ff06f) j       pc - 0x8
core   0: 3 0x8000b300 (0xff9ff06f)
core   0: 0x8000b2f8 (0x00002f17) auipc   t5, 0x2
core   0: 3 0x8000b2f8 (0x00002f17) x30 0x8000d2f8
core   0: 0x8000b2fc (0xd03f2423) sw      gp, -760(t5)
core   0: 3 0x8000b2fc (0xd03f2423) mem 0x8000d000 0x00000001
core   0: 0x8000b300 (0xff9ff06f) j       pc - 0x8
core   0: 3 0x8000b300 (0xff9ff06f)
core   0: 0x8000b2f8 (0x00002f17) auipc   t5, 0x2
core   0: 3 0x8000b2f8 (0x00002f17) x30 0x8000d2f8
core   0: 0x8000b2fc (0xd03f2423) sw      gp, -760(t5)
core   0: 3 0x8000b2fc (0xd03f2423) mem 0x8000d000 0x00000001
core   0: 0x8000b300 (0xff9ff06f) j       pc - 0x8
core   0: 3 0x8000b300 (0xff9ff06f)
core   0: 0x8000b2f8 (0x00002f17) auipc   t5, 0x2
core   0: 3 0x8000b2f8 (0x00002f17) x30 0x8000d2f8
core   0: 0x8000b2fc (0xd03f2423) sw      gp, -760(t5)
core   0: 3 0x8000b2fc (0xd03f2423) mem 0x8000d000 0x00000001
core   0: 0x8000b300 (0xff9ff06f) j       pc - 0x8
core   0: 3 0x8000b300 (0xff9ff06f)
core   0: 0x8000b2f8 (0x00002f17) auipc   t5, 0x2
core   0: 3 0x8000b2f8 (0x00002f17) x30 0x8000d2f8
core   0: 0x8000b2fc (0xd03f2423) sw      gp, -760(t5)
core   0: 3 0x8000b2fc (0xd03f2423) mem 0x8000d000 0x00000001
core   0: 0x8000b300 (0xff9ff06f) j       pc - 0x8
core   0: 3 0x8000b300 (0xff9ff06f)
core   0: 0x8000b2f8 (0x00002f17) auipc   t5, 0x2
core   0: 3 0x8000b2f8 (0x00002f17) x30 0x8000d2f8
core   0: 0x8000b2fc (0xd03f2423) sw      gp, -760(t5)
core   0: 3 0x8000b2fc (0xd03f2423) mem 0x8000d000 0x00000001
core   0: 0x8000b300 (0xff9ff06f) j       pc - 0x8
core   0: 3 0x8000b300 (0xff9ff06f)
core   0: 0x8000b2f8 (0x00002f17) auipc   t5, 0x2
core   0: 3 0x8000b2f8 (0x00002f17) x30 0x8000d2f8
core   0: 0x8000b2fc (0xd03f2423) sw      gp, -760(t5)
core   0: 3 0x8000b2fc (0xd03f2423) mem 0x8000d000 0x00000001
core   0: 0x8000b300 (0xff9ff06f) j       pc - 0x8
core   0: 3 0x8000b300 (0xff9ff06f)
core   0: 0x8000b2f8 (0x00002f17) auipc   t5, 0x2
core   0: 3 0x8000b2f8 (0x00002f17) x30 0x8000d2f8
core   0: 0x8000b2fc (0xd03f2423) sw      gp, -760(t5)
core   0: 3 0x8000b2fc (0xd03f2423) mem 0x8000d000 0x00000001
core   0: 0x8000b300 (0xff9ff06f) j       pc - 0x8
core   0: 3 0x8000b300 (0xff9ff06f)
core   0: 0x8000b2f8 (0x00002f17) auipc   t5, 0x2
core   0: 3 0x8000b2f8 (0x00002f17) x30 0x8000d2f8
core   0: 0x8000b2fc (0xd03f2423) sw      gp, -760(t5)
core   0: 3 0x8000b2fc (0xd03f2423) mem 0x8000d000 0x00000001
core   0: 0x8000b300 (0xff9ff06f) j       pc - 0x8
core   0: 3 0x8000b300 (0xff9ff06f)
core   0: 0x8000b2f8 (0x00002f17) auipc   t5, 0x2
core   0: 3 0x8000b2f8 (0x00002f17) x30 0x8000d2f8
core   0: 0x8000b2fc (0xd03f2423) sw      gp, -760(t5)
core   0: 3 0x8000b2fc (0xd03f2423) mem 0x8000d000 0x00000001
core   0: 0x8000b300 (0xff9ff06f) j       pc - 0x8
core   0: 3 0x8000b300 (0xff9ff06f)
core   0: 0x8000b2f8 (0x00002f17) auipc   t5, 0x2
core   0: 3 0x8000b2f8 (0x00002f17) x30 0x8000d2f8
core   0: 0x8000b2fc (0xd03f2423) sw      gp, -760(t5)
core   0: 3 0x8000b2fc (0xd03f2423) mem 0x8000d000 0x00000001
core   0: 0x8000b300 (0xff9ff06f) j       pc - 0x8
core   0: 3 0x8000b300 (0xff9ff06f)
core   0: 0x8000b2f8 (0x00002f17) auipc   t5, 0x2
core   0: 3 0x8000b2f8 (0x00002f17) x30 0x8000d2f8
core   0: 0x8000b2fc (0xd03f2423) sw      gp, -760(t5)
core   0: 3 0x8000b2fc (0xd03f2423) mem 0x8000d000 0x00000001
core   0: 0x8000b300 (0xff9ff06f) j       pc - 0x8
core   0: 3 0x8000b300 (0xff9ff06f)
core   0: 0x8000b2f8 (0x00002f17) auipc   t5, 0x2
core   0: 3 0x8000b2f8 (0x00002f17) x30 0x8000d2f8
core   0: 0x8000b2fc (0xd03f2423) sw      gp, -760(t5)
core   0: 3 0x8000b2fc (0xd03f2423) mem 0x8000d000 0x00000001
core   0: 0x8000b300 (0xff9ff06f) j       pc - 0x8
core   0: 3 0x8000b300 (0xff9ff06f)
core   0: 0x8000b2f8 (0x00002f17) auipc   t5, 0x2
core   0: 3 0x8000b2f8 (0x00002f17) x30 0x8000d2f8
core   0: 0x8000b2fc (0xd03f2423) sw      gp, -760(t5)
core   0: 3 0x8000b2fc (0xd03f2423) mem 0x8000d000 0x00000001
core   0: 0x8000b300 (0xff9ff06f) j       pc - 0x8
core   0: 3 0x8000b300 (0xff9ff06f)
core   0: 0x8000b2f8 (0x00002f17) auipc   t5, 0x2
core   0: 3 0x8000b2f8 (0x00002f17) x30 0x8000d2f8
core   0: 0x8000b2fc (0xd03f2423) sw      gp, -760(t5)
core   0: 3 0x8000b2fc (0xd03f2423) mem 0x8000d000 0x00000001
core   0: 0x8000b300 (0xff9ff06f) j       pc - 0x8
core   0: 3 0x8000b300 (0xff9ff06f)
core   0: 0x8000b2f8 (0x00002f17) auipc   t5, 0x2
core   0: 3 0x8000b2f8 (0x00002f17) x30 0x8000d2f8
core   0: 0x8000b2fc (0xd03f2423) sw      gp, -760(t5)
core   0: 3 0x8000b2fc (0xd03f2423) mem 0x8000d000 0x00000001
core   0: 0x8000b300 (0xff9ff06f) j       pc - 0x8
core   0: 3 0x8000b300 (0xff9ff06f)
core   0: 0x8000b2f8 (0x00002f17) auipc   t5, 0x2
core   0: 3 0x8000b2f8 (0x00002f17) x30 0x8000d2f8
core   0: 0x8000b2fc (0xd03f2423) sw      gp, -760(t5)
core   0: 3 0x8000b2fc (0xd03f2423) mem 0x8000d000 0x00000001
core   0: 0x8000b300 (0xff9ff06f) j       pc - 0x8
core   0: 3 0x8000b300 (0xff9ff06f)
core   0: 0x8000b2f8 (0x00002f17) auipc   t5, 0x2
core   0: 3 0x8000b2f8 (0x00002f17) x30 0x8000d2f8
core   0: 0x8000b2fc (0xd03f2423) sw      gp, -760(t5)
core   0: 3 0x8000b2fc (0xd03f2423) mem 0x8000d000 0x00000001
core   0: 0x8000b300 (0xff9ff06f) j       pc - 0x8
core   0: 3 0x8000b300 (0xff9ff06f)
core   0: 0x8000b2f8 (0x00002f17) auipc   t5, 0x2
core   0: 3 0x8000b2f8 (0x00002f17) x30 0x8000d2f8
core   0: 0x8000b2fc (0xd03f2423) sw      gp, -760(t5)
core   0: 3 0x8000b2fc (0xd03f2423) mem 0x8000d000 0x00000001
core   0: 0x8000b300 (0xff9ff06f) j       pc - 0x8
core   0: 3 0x8000b300 (0xff9ff06f)
core   0: 0x8000b2f8 (0x00002f17) auipc   t5, 0x2
core   0: 3 0x8000b2f8 (0x00002f17) x30 0x8000d2f8
core   0: 0x8000b2fc (0xd03f2423) sw      gp, -760(t5)
core   0: 3 0x8000b2fc (0xd03f2423) mem 0x8000d000 0x00000001
core   0: 0x8000b300 (0xff9ff06f) j       pc - 0x8
core   0: 3 0x8000b300 (0xff9ff06f)
core   0: 0x8000b2f8 (0x00002f17) auipc   t5, 0x2
core   0: 3 0x8000b2f8 (0x00002f17) x30 0x8000d2f8
core   0: 0x8000b2fc (0xd03f2423) sw      gp, -760(t5)
core   0: 3 0x8000b2fc (0xd03f2423) mem 0x8000d000 0x00000001
core   0: 0x8000b300 (0xff9ff06f) j       pc - 0x8
core   0: 3 0x8000b300 (0xff9ff06f)
core   0: 0x8000b2f8 (0x00002f17) auipc   t5, 0x2
core   0: 3 0x8000b2f8 (0x00002f17) x30 0x8000d2f8
core   0: 0x8000b2fc (0xd03f2423) sw      gp, -760(t5)
core   0: 3 0x8000b2fc (0xd03f2423) mem 0x8000d000 0x00000001
core   0: 0x8000b300 (0xff9ff06f) j       pc - 0x8
core   0: 3 0x8000b300 (0xff9ff06f)
core   0: 0x8000b2f8 (0x00002f17) auipc   t5, 0x2
core   0: 3 0x8000b2f8 (0x00002f17) x30 0x8000d2f8
core   0: 0x8000b2fc (0xd03f2423) sw      gp, -760(t5)
core   0: 3 0x8000b2fc (0xd03f2423) mem 0x8000d000 0x00000001
core   0: 0x8000b300 (0xff9ff06f) j       pc - 0x8
core   0: 3 0x8000b300 (0xff9ff06f)
core   0: 0x8000b2f8 (0x00002f17) auipc   t5, 0x2
core   0: 3 0x8000b2f8 (0x00002f17) x30 0x8000d2f8
core   0: 0x8000b2fc (0xd03f2423) sw      gp, -760(t5)
core   0: 3 0x8000b2fc (0xd03f2423) mem 0x8000d000 0x00000001
core   0: 0x8000b300 (0xff9ff06f) j       pc - 0x8
core   0: 3 0x8000b300 (0xff9ff06f)
core   0: 0x8000b2f8 (0x00002f17) auipc   t5, 0x2
core   0: 3 0x8000b2f8 (0x00002f17) x30 0x8000d2f8
core   0: 0x8000b2fc (0xd03f2423) sw      gp, -760(t5)
core   0: 3 0x8000b2fc (0xd03f2423) mem 0x8000d000 0x00000001
core   0: 0x8000b300 (0xff9ff06f) j       pc - 0x8
core   0: 3 0x8000b300 (0xff9ff06f)
core   0: 0x8000b2f8 (0x00002f17) auipc   t5, 0x2
core   0: 3 0x8000b2f8 (0x00002f17) x30 0x8000d2f8
core   0: 0x8000b2fc (0xd03f2423) sw      gp, -760(t5)
core   0: 3 0x8000b2fc (0xd03f2423) mem 0x8000d000 0x00000001
core   0: 0x8000b300 (0xff9ff06f) j       pc - 0x8
core   0: 3 0x8000b300 (0xff9ff06f)
core   0: 0x8000b2f8 (0x00002f17) auipc   t5, 0x2
core   0: 3 0x8000b2f8 (0x00002f17) x30 0x8000d2f8
core   0: 0x8000b2fc (0xd03f2423) sw      gp, -760(t5)
core   0: 3 0x8000b2fc (0xd03f2423) mem 0x8000d000 0x00000001
core   0: 0x8000b300 (0xff9ff06f) j       pc - 0x8
core   0: 3 0x8000b300 (0xff9ff06f)
core   0: 0x8000b2f8 (0x00002f17) auipc   t5, 0x2
core   0: 3 0x8000b2f8 (0x00002f17) x30 0x8000d2f8
core   0: 0x8000b2fc (0xd03f2423) sw      gp, -760(t5)
core   0: 3 0x8000b2fc (0xd03f2423) mem 0x8000d000 0x00000001
core   0: 0x8000b300 (0xff9ff06f) j       pc - 0x8
core   0: 3 0x8000b300 (0xff9ff06f)
core   0: 0x8000b2f8 (0x00002f17) auipc   t5, 0x2
core   0: 3 0x8000b2f8 (0x00002f17) x30 0x8000d2f8
core   0: 0x8000b2fc (0xd03f2423) sw      gp, -760(t5)
core   0: 3 0x8000b2fc (0xd03f2423) mem 0x8000d000 0x00000001
core   0: 0x8000b300 (0xff9ff06f) j       pc - 0x8
core   0: 3 0x8000b300 (0xff9ff06f)
core   0: 0x8000b2f8 (0x00002f17) auipc   t5, 0x2
core   0: 3 0x8000b2f8 (0x00002f17) x30 0x8000d2f8
core   0: 0x8000b2fc (0xd03f2423) sw      gp, -760(t5)
core   0: 3 0x8000b2fc (0xd03f2423) mem 0x8000d000 0x00000001
core   0: 0x8000b300 (0xff9ff06f) j       pc - 0x8
core   0: 3 0x8000b300 (0xff9ff06f)
core   0: 0x8000b2f8 (0x00002f17) auipc   t5, 0x2
core   0: 3 0x8000b2f8 (0x00002f17) x30 0x8000d2f8
core   0: 0x8000b2fc (0xd03f2423) sw      gp, -760(t5)
core   0: 3 0x8000b2fc (0xd03f2423) mem 0x8000d000 0x00000001
core   0: 0x8000b300 (0xff9ff06f) j       pc - 0x8
core   0: 3 0x8000b300 (0xff9ff06f)
core   0: 0x8000b2f8 (0x00002f17) auipc   t5, 0x2
core   0: 3 0x8000b2f8 (0x00002f17) x30 0x8000d2f8
core   0: 0x8000b2fc (0xd03f2423) sw      gp, -760(t5)
core   0: 3 0x8000b2fc (0xd03f2423) mem 0x8000d000 0x00000001
core   0: 0x8000b300 (0xff9ff06f) j       pc - 0x8
core   0: 3 0x8000b300 (0xff9ff06f)
core   0: 0x8000b2f8 (0x00002f17) auipc   t5, 0x2
core   0: 3 0x8000b2f8 (0x00002f17) x30 0x8000d2f8
core   0: 0x8000b2fc (0xd03f2423) sw      gp, -760(t5)
core   0: 3 0x8000b2fc (0xd03f2423) mem 0x8000d000 0x00000001
core   0: 0x8000b300 (0xff9ff06f) j       pc - 0x8
core   0: 3 0x8000b300 (0xff9ff06f)
core   0: 0x8000b2f8 (0x00002f17) auipc   t5, 0x2
core   0: 3 0x8000b2f8 (0x00002f17) x30 0x8000d2f8
core   0: 0x8000b2fc (0xd03f2423) sw      gp, -760(t5)
core   0: 3 0x8000b2fc (0xd03f2423) mem 0x8000d000 0x00000001
core   0: 0x8000b300 (0xff9ff06f) j       pc - 0x8
core   0: 3 0x8000b300 (0xff9ff06f)
core   0: 0x8000b2f8 (0x00002f17) auipc   t5, 0x2
core   0: 3 0x8000b2f8 (0x00002f17) x30 0x8000d2f8
core   0: 0x8000b2fc (0xd03f2423) sw      gp, -760(t5)
core   0: 3 0x8000b2fc (0xd03f2423) mem 0x8000d000 0x00000001
core   0: 0x8000b300 (0xff9ff06f) j       pc - 0x8
core   0: 3 0x8000b300 (0xff9ff06f)
core   0: 0x8000b2f8 (0x00002f17) auipc   t5, 0x2
core   0: 3 0x8000b2f8 (0x00002f17) x30 0x8000d2f8
core   0: 0x8000b2fc (0xd03f2423) sw      gp, -760(t5)
core   0: 3 0x8000b2fc (0xd03f2423) mem 0x8000d000 0x00000001
core   0: 0x8000b300 (0xff9ff06f) j       pc - 0x8
core   0: 3 0x8000b300 (0xff9ff06f)
core   0: 0x8000b2f8 (0x00002f17) auipc   t5, 0x2
core   0: 3 0x8000b2f8 (0x00002f17) x30 0x8000d2f8
core   0: 0x8000b2fc (0xd03f2423) sw      gp, -760(t5)
core   0: 3 0x8000b2fc (0xd03f2423) mem 0x8000d000 0x00000001
core   0: 0x8000b300 (0xff9ff06f) j       pc - 0x8
core   0: 3 0x8000b300 (0xff9ff06f)
core   0: 0x8000b2f8 (0x00002f17) auipc   t5, 0x2
core   0: 3 0x8000b2f8 (0x00002f17) x30 0x8000d2f8
core   0: 0x8000b2fc (0xd03f2423) sw      gp, -760(t5)
core   0: 3 0x8000b2fc (0xd03f2423) mem 0x8000d000 0x00000001
core   0: 0x8000b300 (0xff9ff06f) j       pc - 0x8
core   0: 3 0x8000b300 (0xff9ff06f)
core   0: 0x8000b2f8 (0x00002f17) auipc   t5, 0x2
core   0: 3 0x8000b2f8 (0x00002f17) x30 0x8000d2f8
core   0: 0x8000b2fc (0xd03f2423) sw      gp, -760(t5)
core   0: 3 0x8000b2fc (0xd03f2423) mem 0x8000d000 0x00000001
core   0: 0x8000b300 (0xff9ff06f) j       pc - 0x8
core   0: 3 0x8000b300 (0xff9ff06f)
core   0: 0x8000b2f8 (0x00002f17) auipc   t5, 0x2
core   0: 3 0x8000b2f8 (0x00002f17) x30 0x8000d2f8
core   0: 0x8000b2fc (0xd03f2423) sw      gp, -760(t5)
core   0: 3 0x8000b2fc (0xd03f2423) mem 0x8000d000 0x00000001
core   0: 0x8000b300 (0xff9ff06f) j       pc - 0x8
core   0: 3 0x8000b300 (0xff9ff06f)
core   0: 0x8000b2f8 (0x00002f17) auipc   t5, 0x2
core   0: 3 0x8000b2f8 (0x00002f17) x30 0x8000d2f8
core   0: 0x8000b2fc (0xd03f2423) sw      gp, -760(t5)
core   0: 3 0x8000b2fc (0xd03f2423) mem 0x8000d000 0x00000001
core   0: 0x8000b300 (0xff9ff06f) j       pc - 0x8
core   0: 3 0x8000b300 (0xff9ff06f)
core   0: 0x8000b2f8 (0x00002f17) auipc   t5, 0x2
core   0: 3 0x8000b2f8 (0x00002f17) x30 0x8000d2f8
core   0: 0x8000b2fc (0xd03f2423) sw      gp, -760(t5)
core   0: 3 0x8000b2fc (0xd03f2423) mem 0x8000d000 0x00000001
core   0: 0x8000b300 (0xff9ff06f) j       pc - 0x8
core   0: 3 0x8000b300 (0xff9ff06f)
core   0: 0x8000b2f8 (0x00002f17) auipc   t5, 0x2
core   0: 3 0x8000b2f8 (0x00002f17) x30 0x8000d2f8
core   0: 0x8000b2fc (0xd03f2423) sw      gp, -760(t5)
core   0: 3 0x8000b2fc (0xd03f2423) mem 0x8000d000 0x00000001
core   0: 0x8000b300 (0xff9ff06f) j       pc - 0x8
core   0: 3 0x8000b300 (0xff9ff06f)
core   0: 0x8000b2f8 (0x00002f17) auipc   t5, 0x2
core   0: 3 0x8000b2f8 (0x00002f17) x30 0x8000d2f8
core   0: 0x8000b2fc (0xd03f2423) sw      gp, -760(t5)
core   0: 3 0x8000b2fc (0xd03f2423) mem 0x8000d000 0x00000001
core   0: 0x8000b300 (0xff9ff06f) j       pc - 0x8
core   0: 3 0x8000b300 (0xff9ff06f)
core   0: 0x8000b2f8 (0x00002f17) auipc   t5, 0x2
core   0: 3 0x8000b2f8 (0x00002f17) x30 0x8000d2f8
core   0: 0x8000b2fc (0xd03f2423) sw      gp, -760(t5)
core   0: 3 0x8000b2fc (0xd03f2423) mem 0x8000d000 0x00000001
core   0: 0x8000b300 (0xff9ff06f) j       pc - 0x8
core   0: 3 0x8000b300 (0xff9ff06f)
core   0: 0x8000b2f8 (0x00002f17) auipc   t5, 0x2
core   0: 3 0x8000b2f8 (0x00002f17) x30 0x8000d2f8
core   0: 0x8000b2fc (0xd03f2423) sw      gp, -760(t5)
core   0: 3 0x8000b2fc (0xd03f2423) mem 0x8000d000 0x00000001
core   0: 0x8000b300 (0xff9ff06f) j       pc - 0x8
core   0: 3 0x8000b300 (0xff9ff06f)
core   0: 0x8000b2f8 (0x00002f17) auipc   t5, 0x2
core   0: 3 0x8000b2f8 (0x00002f17) x30 0x8000d2f8
core   0: 0x8000b2fc (0xd03f2423) sw      gp, -760(t5)
core   0: 3 0x8000b2fc (0xd03f2423) mem 0x8000d000 0x00000001
core   0: 0x8000b300 (0xff9ff06f) j       pc - 0x8
core   0: 3 0x8000b300 (0xff9ff06f)
core   0: 0x8000b2f8 (0x00002f17) auipc   t5, 0x2
core   0: 3 0x8000b2f8 (0x00002f17) x30 0x8000d2f8
core   0: 0x8000b2fc (0xd03f2423) sw      gp, -760(t5)
core   0: 3 0x8000b2fc (0xd03f2423) mem 0x8000d000 0x00000001
core   0: 0x8000b300 (0xff9ff06f) j       pc - 0x8
core   0: 3 0x8000b300 (0xff9ff06f)
core   0: 0x8000b2f8 (0x00002f17) auipc   t5, 0x2
core   0: 3 0x8000b2f8 (0x00002f17) x30 0x8000d2f8
core   0: 0x8000b2fc (0xd03f2423) sw      gp, -760(t5)
core   0: 3 0x8000b2fc (0xd03f2423) mem 0x8000d000 0x00000001
core   0: 0x8000b300 (0xff9ff06f) j       pc - 0x8
core   0: 3 0x8000b300 (0xff9ff06f)
core   0: 0x8000b2f8 (0x00002f17) auipc   t5, 0x2
core   0: 3 0x8000b2f8 (0x00002f17) x30 0x8000d2f8
core   0: 0x8000b2fc (0xd03f2423) sw      gp, -760(t5)
core   0: 3 0x8000b2fc (0xd03f2423) mem 0x8000d000 0x00000001
core   0: 0x8000b300 (0xff9ff06f) j       pc - 0x8
core   0: 3 0x8000b300 (0xff9ff06f)
core   0: 0x8000b2f8 (0x00002f17) auipc   t5, 0x2
core   0: 3 0x8000b2f8 (0x00002f17) x30 0x8000d2f8
core   0: 0x8000b2fc (0xd03f2423) sw      gp, -760(t5)
core   0: 3 0x8000b2fc (0xd03f2423) mem 0x8000d000 0x00000001
core   0: 0x8000b300 (0xff9ff06f) j       pc - 0x8
core   0: 3 0x8000b300 (0xff9ff06f)
core   0: 0x8000b2f8 (0x00002f17) auipc   t5, 0x2
core   0: 3 0x8000b2f8 (0x00002f17) x30 0x8000d2f8
core   0: 0x8000b2fc (0xd03f2423) sw      gp, -760(t5)
core   0: 3 0x8000b2fc (0xd03f2423) mem 0x8000d000 0x00000001
core   0: 0x8000b300 (0xff9ff06f) j       pc - 0x8
core   0: 3 0x8000b300 (0xff9ff06f)
core   0: 0x8000b2f8 (0x00002f17) auipc   t5, 0x2
core   0: 3 0x8000b2f8 (0x00002f17) x30 0x8000d2f8
core   0: 0x8000b2fc (0xd03f2423) sw      gp, -760(t5)
core   0: 3 0x8000b2fc (0xd03f2423) mem 0x8000d000 0x00000001
core   0: 0x8000b300 (0xff9ff06f) j       pc - 0x8
core   0: 3 0x8000b300 (0xff9ff06f)
core   0: 0x8000b2f8 (0x00002f17) auipc   t5, 0x2
core   0: 3 0x8000b2f8 (0x00002f17) x30 0x8000d2f8
core   0: 0x8000b2fc (0xd03f2423) sw      gp, -760(t5)
core   0: 3 0x8000b2fc (0xd03f2423) mem 0x8000d000 0x00000001
core   0: 0x8000b300 (0xff9ff06f) j       pc - 0x8
core   0: 3 0x8000b300 (0xff9ff06f)
core   0: 0x8000b2f8 (0x00002f17) auipc   t5, 0x2
core   0: 3 0x8000b2f8 (0x00002f17) x30 0x8000d2f8
core   0: 0x8000b2fc (0xd03f2423) sw      gp, -760(t5)
core   0: 3 0x8000b2fc (0xd03f2423) mem 0x8000d000 0x00000001
core   0: 0x8000b300 (0xff9ff06f) j       pc - 0x8
core   0: 3 0x8000b300 (0xff9ff06f)
core   0: 0x8000b2f8 (0x00002f17) auipc   t5, 0x2
core   0: 3 0x8000b2f8 (0x00002f17) x30 0x8000d2f8
core   0: 0x8000b2fc (0xd03f2423) sw      gp, -760(t5)
core   0: 3 0x8000b2fc (0xd03f2423) mem 0x8000d000 0x00000001
core   0: 0x8000b300 (0xff9ff06f) j       pc - 0x8
core   0: 3 0x8000b300 (0xff9ff06f)
core   0: 0x8000b2f8 (0x00002f17) auipc   t5, 0x2
core   0: 3 0x8000b2f8 (0x00002f17) x30 0x8000d2f8
core   0: 0x8000b2fc (0xd03f2423) sw      gp, -760(t5)
core   0: 3 0x8000b2fc (0xd03f2423) mem 0x8000d000 0x00000001
core   0: 0x8000b300 (0xff9ff06f) j       pc - 0x8
core   0: 3 0x8000b300 (0xff9ff06f)
core   0: 0x8000b2f8 (0x00002f17) auipc   t5, 0x2
core   0: 3 0x8000b2f8 (0x00002f17) x30 0x8000d2f8
core   0: 0x8000b2fc (0xd03f2423) sw      gp, -760(t5)
core   0: 3 0x8000b2fc (0xd03f2423) mem 0x8000d000 0x00000001
core   0: 0x8000b300 (0xff9ff06f) j       pc - 0x8
core   0: 3 0x8000b300 (0xff9ff06f)
core   0: 0x8000b2f8 (0x00002f17) auipc   t5, 0x2
core   0: 3 0x8000b2f8 (0x00002f17) x30 0x8000d2f8
core   0: 0x8000b2fc (0xd03f2423) sw      gp, -760(t5)
core   0: 3 0x8000b2fc (0xd03f2423) mem 0x8000d000 0x00000001
core   0: 0x8000b300 (0xff9ff06f) j       pc - 0x8
core   0: 3 0x8000b300 (0xff9ff06f)
core   0: 0x8000b2f8 (0x00002f17) auipc   t5, 0x2
core   0: 3 0x8000b2f8 (0x00002f17) x30 0x8000d2f8
core   0: 0x8000b2fc (0xd03f2423) sw      gp, -760(t5)
core   0: 3 0x8000b2fc (0xd03f2423) mem 0x8000d000 0x00000001
core   0: 0x8000b300 (0xff9ff06f) j       pc - 0x8
core   0: 3 0x8000b300 (0xff9ff06f)
core   0: 0x8000b2f8 (0x00002f17) auipc   t5, 0x2
core   0: 3 0x8000b2f8 (0x00002f17) x30 0x8000d2f8
core   0: 0x8000b2fc (0xd03f2423) sw      gp, -760(t5)
core   0: 3 0x8000b2fc (0xd03f2423) mem 0x8000d000 0x00000001
core   0: 0x8000b300 (0xff9ff06f) j       pc - 0x8
core   0: 3 0x8000b300 (0xff9ff06f)
core   0: 0x8000b2f8 (0x00002f17) auipc   t5, 0x2
core   0: 3 0x8000b2f8 (0x00002f17) x30 0x8000d2f8
core   0: 0x8000b2fc (0xd03f2423) sw      gp, -760(t5)
core   0: 3 0x8000b2fc (0xd03f2423) mem 0x8000d000 0x00000001
core   0: 0x8000b300 (0xff9ff06f) j       pc - 0x8
core   0: 3 0x8000b300 (0xff9ff06f)
core   0: 0x8000b2f8 (0x00002f17) auipc   t5, 0x2
core   0: 3 0x8000b2f8 (0x00002f17) x30 0x8000d2f8
core   0: 0x8000b2fc (0xd03f2423) sw      gp, -760(t5)
core   0: 3 0x8000b2fc (0xd03f2423) mem 0x8000d000 0x00000001
core   0: 0x8000b300 (0xff9ff06f) j       pc - 0x8
core   0: 3 0x8000b300 (0xff9ff06f)
core   0: 0x8000b2f8 (0x00002f17) auipc   t5, 0x2
core   0: 3 0x8000b2f8 (0x00002f17) x30 0x8000d2f8
core   0: 0x8000b2fc (0xd03f2423) sw      gp, -760(t5)
core   0: 3 0x8000b2fc (0xd03f2423) mem 0x8000d000 0x00000001
core   0: 0x8000b300 (0xff9ff06f) j       pc - 0x8
core   0: 3 0x8000b300 (0xff9ff06f)
core   0: 0x8000b2f8 (0x00002f17) auipc   t5, 0x2
core   0: 3 0x8000b2f8 (0x00002f17) x30 0x8000d2f8
core   0: 0x8000b2fc (0xd03f2423) sw      gp, -760(t5)
core   0: 3 0x8000b2fc (0xd03f2423) mem 0x8000d000 0x00000001
core   0: 0x8000b300 (0xff9ff06f) j       pc - 0x8
core   0: 3 0x8000b300 (0xff9ff06f)
core   0: 0x8000b2f8 (0x00002f17) auipc   t5, 0x2
core   0: 3 0x8000b2f8 (0x00002f17) x30 0x8000d2f8
core   0: 0x8000b2fc (0xd03f2423) sw      gp, -760(t5)
core   0: 3 0x8000b2fc (0xd03f2423) mem 0x8000d000 0x00000001
core   0: 0x8000b300 (0xff9ff06f) j       pc - 0x8
core   0: 3 0x8000b300 (0xff9ff06f)
core   0: 0x8000b2f8 (0x00002f17) auipc   t5, 0x2
core   0: 3 0x8000b2f8 (0x00002f17) x30 0x8000d2f8
core   0: 0x8000b2fc (0xd03f2423) sw      gp, -760(t5)
core   0: 3 0x8000b2fc (0xd03f2423) mem 0x8000d000 0x00000001
core   0: 0x8000b300 (0xff9ff06f) j       pc - 0x8
core   0: 3 0x8000b300 (0xff9ff06f)
core   0: 0x8000b2f8 (0x00002f17) auipc   t5, 0x2
core   0: 3 0x8000b2f8 (0x00002f17) x30 0x8000d2f8
core   0: 0x8000b2fc (0xd03f2423) sw      gp, -760(t5)
core   0: 3 0x8000b2fc (0xd03f2423) mem 0x8000d000 0x00000001
core   0: 0x8000b300 (0xff9ff06f) j       pc - 0x8
core   0: 3 0x8000b300 (0xff9ff06f)
core   0: 0x8000b2f8 (0x00002f17) auipc   t5, 0x2
core   0: 3 0x8000b2f8 (0x00002f17) x30 0x8000d2f8
core   0: 0x8000b2fc (0xd03f2423) sw      gp, -760(t5)
core   0: 3 0x8000b2fc (0xd03f2423) mem 0x8000d000 0x00000001
core   0: 0x8000b300 (0xff9ff06f) j       pc - 0x8
core   0: 3 0x8000b300 (0xff9ff06f)
core   0: 0x8000b2f8 (0x00002f17) auipc   t5, 0x2
core   0: 3 0x8000b2f8 (0x00002f17) x30 0x8000d2f8
core   0: 0x8000b2fc (0xd03f2423) sw      gp, -760(t5)
core   0: 3 0x8000b2fc (0xd03f2423) mem 0x8000d000 0x00000001
core   0: 0x8000b300 (0xff9ff06f) j       pc - 0x8
core   0: 3 0x8000b300 (0xff9ff06f)
core   0: 0x8000b2f8 (0x00002f17) auipc   t5, 0x2
core   0: 3 0x8000b2f8 (0x00002f17) x30 0x8000d2f8
core   0: 0x8000b2fc (0xd03f2423) sw      gp, -760(t5)
core   0: 3 0x8000b2fc (0xd03f2423) mem 0x8000d000 0x00000001
core   0: 0x8000b300 (0xff9ff06f) j       pc - 0x8
core   0: 3 0x8000b300 (0xff9ff06f)
core   0: 0x8000b2f8 (0x00002f17) auipc   t5, 0x2
core   0: 3 0x8000b2f8 (0x00002f17) x30 0x8000d2f8
core   0: 0x8000b2fc (0xd03f2423) sw      gp, -760(t5)
core   0: 3 0x8000b2fc (0xd03f2423) mem 0x8000d000 0x00000001
core   0: 0x8000b300 (0xff9ff06f) j       pc - 0x8
core   0: 3 0x8000b300 (0xff9ff06f)
core   0: 0x8000b2f8 (0x00002f17) auipc   t5, 0x2
core   0: 3 0x8000b2f8 (0x00002f17) x30 0x8000d2f8
core   0: 0x8000b2fc (0xd03f2423) sw      gp, -760(t5)
core   0: 3 0x8000b2fc (0xd03f2423) mem 0x8000d000 0x00000001
core   0: 0x8000b300 (0xff9ff06f) j       pc - 0x8
core   0: 3 0x8000b300 (0xff9ff06f)
core   0: 0x8000b2f8 (0x00002f17) auipc   t5, 0x2
core   0: 3 0x8000b2f8 (0x00002f17) x30 0x8000d2f8
core   0: 0x8000b2fc (0xd03f2423) sw      gp, -760(t5)
core   0: 3 0x8000b2fc (0xd03f2423) mem 0x8000d000 0x00000001
core   0: 0x8000b300 (0xff9ff06f) j       pc - 0x8
core   0: 3 0x8000b300 (0xff9ff06f)
core   0: 0x8000b2f8 (0x00002f17) auipc   t5, 0x2
core   0: 3 0x8000b2f8 (0x00002f17) x30 0x8000d2f8
core   0: 0x8000b2fc (0xd03f2423) sw      gp, -760(t5)
core   0: 3 0x8000b2fc (0xd03f2423) mem 0x8000d000 0x00000001
core   0: 0x8000b300 (0xff9ff06f) j       pc - 0x8
core   0: 3 0x8000b300 (0xff9ff06f)
core   0: 0x8000b2f8 (0x00002f17) auipc   t5, 0x2
core   0: 3 0x8000b2f8 (0x00002f17) x30 0x8000d2f8
core   0: 0x8000b2fc (0xd03f2423) sw      gp, -760(t5)
core   0: 3 0x8000b2fc (0xd03f2423) mem 0x8000d000 0x00000001
core   0: 0x8000b300 (0xff9ff06f) j       pc - 0x8
core   0: 3 0x8000b300 (0xff9ff06f)
core   0: 0x8000b2f8 (0x00002f17) auipc   t5, 0x2
core   0: 3 0x8000b2f8 (0x00002f17) x30 0x8000d2f8
core   0: 0x8000b2fc (0xd03f2423) sw      gp, -760(t5)
core   0: 3 0x8000b2fc (0xd03f2423) mem 0x8000d000 0x00000001
core   0: 0x8000b300 (0xff9ff06f) j       pc - 0x8
core   0: 3 0x8000b300 (0xff9ff06f)
core   0: 0x8000b2f8 (0x00002f17) auipc   t5, 0x2
core   0: 3 0x8000b2f8 (0x00002f17) x30 0x8000d2f8
core   0: 0x8000b2fc (0xd03f2423) sw      gp, -760(t5)
core   0: 3 0x8000b2fc (0xd03f2423) mem 0x8000d000 0x00000001
core   0: 0x8000b300 (0xff9ff06f) j       pc - 0x8
core   0: 3 0x8000b300 (0xff9ff06f)
core   0: 0x8000b2f8 (0x00002f17) auipc   t5, 0x2
core   0: 3 0x8000b2f8 (0x00002f17) x30 0x8000d2f8
core   0: 0x8000b2fc (0xd03f2423) sw      gp, -760(t5)
core   0: 3 0x8000b2fc (0xd03f2423) mem 0x8000d000 0x00000001
core   0: 0x8000b300 (0xff9ff06f) j       pc - 0x8
core   0: 3 0x8000b300 (0xff9ff06f)
core   0: 0x8000b2f8 (0x00002f17) auipc   t5, 0x2
core   0: 3 0x8000b2f8 (0x00002f17) x30 0x8000d2f8
core   0: 0x8000b2fc (0xd03f2423) sw      gp, -760(t5)
core   0: 3 0x8000b2fc (0xd03f2423) mem 0x8000d000 0x00000001
core   0: 0x8000b300 (0xff9ff06f) j       pc - 0x8
core   0: 3 0x8000b300 (0xff9ff06f)
core   0: 0x8000b2f8 (0x00002f17) auipc   t5, 0x2
core   0: 3 0x8000b2f8 (0x00002f17) x30 0x8000d2f8
core   0: 0x8000b2fc (0xd03f2423) sw      gp, -760(t5)
core   0: 3 0x8000b2fc (0xd03f2423) mem 0x8000d000 0x00000001
core   0: 0x8000b300 (0xff9ff06f) j       pc - 0x8
core   0: 3 0x8000b300 (0xff9ff06f)
core   0: 0x8000b2f8 (0x00002f17) auipc   t5, 0x2
core   0: 3 0x8000b2f8 (0x00002f17) x30 0x8000d2f8
core   0: 0x8000b2fc (0xd03f2423) sw      gp, -760(t5)
core   0: 3 0x8000b2fc (0xd03f2423) mem 0x8000d000 0x00000001
core   0: 0x8000b300 (0xff9ff06f) j       pc - 0x8
core   0: 3 0x8000b300 (0xff9ff06f)
core   0: 0x8000b2f8 (0x00002f17) auipc   t5, 0x2
core   0: 3 0x8000b2f8 (0x00002f17) x30 0x8000d2f8
core   0: 0x8000b2fc (0xd03f2423) sw      gp, -760(t5)
core   0: 3 0x8000b2fc (0xd03f2423) mem 0x8000d000 0x00000001
core   0: 0x8000b300 (0xff9ff06f) j       pc - 0x8
core   0: 3 0x8000b300 (0xff9ff06f)
core   0: 0x8000b2f8 (0x00002f17) auipc   t5, 0x2
core   0: 3 0x8000b2f8 (0x00002f17) x30 0x8000d2f8
core   0: 0x8000b2fc (0xd03f2423) sw      gp, -760(t5)
core   0: 3 0x8000b2fc (0xd03f2423) mem 0x8000d000 0x00000001
core   0: 0x8000b300 (0xff9ff06f) j       pc - 0x8
core   0: 3 0x8000b300 (0xff9ff06f)
core   0: 0x8000b2f8 (0x00002f17) auipc   t5, 0x2
core   0: 3 0x8000b2f8 (0x00002f17) x30 0x8000d2f8
core   0: 0x8000b2fc (0xd03f2423) sw      gp, -760(t5)
core   0: 3 0x8000b2fc (0xd03f2423) mem 0x8000d000 0x00000001
core   0: 0x8000b300 (0xff9ff06f) j       pc - 0x8
core   0: 3 0x8000b300 (0xff9ff06f)
core   0: 0x8000b2f8 (0x00002f17) auipc   t5, 0x2
core   0: 3 0x8000b2f8 (0x00002f17) x30 0x8000d2f8
core   0: 0x8000b2fc (0xd03f2423) sw      gp, -760(t5)
core   0: 3 0x8000b2fc (0xd03f2423) mem 0x8000d000 0x00000001
core   0: 0x8000b300 (0xff9ff06f) j       pc - 0x8
core   0: 3 0x8000b300 (0xff9ff06f)
core   0: 0x8000b2f8 (0x00002f17) auipc   t5, 0x2
core   0: 3 0x8000b2f8 (0x00002f17) x30 0x8000d2f8
core   0: 0x8000b2fc (0xd03f2423) sw      gp, -760(t5)
core   0: 3 0x8000b2fc (0xd03f2423) mem 0x8000d000 0x00000001
core   0: 0x8000b300 (0xff9ff06f) j       pc - 0x8
core   0: 3 0x8000b300 (0xff9ff06f)
core   0: 0x8000b2f8 (0x00002f17) auipc   t5, 0x2
core   0: 3 0x8000b2f8 (0x00002f17) x30 0x8000d2f8
core   0: 0x8000b2fc (0xd03f2423) sw      gp, -760(t5)
core   0: 3 0x8000b2fc (0xd03f2423) mem 0x8000d000 0x00000001
core   0: 0x8000b300 (0xff9ff06f) j       pc - 0x8
core   0: 3 0x8000b300 (0xff9ff06f)
core   0: 0x8000b2f8 (0x00002f17) auipc   t5, 0x2
core   0: 3 0x8000b2f8 (0x00002f17) x30 0x8000d2f8
core   0: 0x8000b2fc (0xd03f2423) sw      gp, -760(t5)
core   0: 3 0x8000b2fc (0xd03f2423) mem 0x8000d000 0x00000001
core   0: 0x8000b300 (0xff9ff06f) j       pc - 0x8
core   0: 3 0x8000b300 (0xff9ff06f)
core   0: 0x8000b2f8 (0x00002f17) auipc   t5, 0x2
core   0: 3 0x8000b2f8 (0x00002f17) x30 0x8000d2f8
core   0: 0x8000b2fc (0xd03f2423) sw      gp, -760(t5)
core   0: 3 0x8000b2fc (0xd03f2423) mem 0x8000d000 0x00000001
core   0: 0x8000b300 (0xff9ff06f) j       pc - 0x8
core   0: 3 0x8000b300 (0xff9ff06f)
core   0: 0x8000b2f8 (0x00002f17) auipc   t5, 0x2
core   0: 3 0x8000b2f8 (0x00002f17) x30 0x8000d2f8
core   0: 0x8000b2fc (0xd03f2423) sw      gp, -760(t5)
core   0: 3 0x8000b2fc (0xd03f2423) mem 0x8000d000 0x00000001
core   0: 0x8000b300 (0xff9ff06f) j       pc - 0x8
core   0: 3 0x8000b300 (0xff9ff06f)
core   0: 0x8000b2f8 (0x00002f17) auipc   t5, 0x2
core   0: 3 0x8000b2f8 (0x00002f17) x30 0x8000d2f8
core   0: 0x8000b2fc (0xd03f2423) sw      gp, -760(t5)
core   0: 3 0x8000b2fc (0xd03f2423) mem 0x8000d000 0x00000001
core   0: 0x8000b300 (0xff9ff06f) j       pc - 0x8
core   0: 3 0x8000b300 (0xff9ff06f)
core   0: 0x8000b2f8 (0x00002f17) auipc   t5, 0x2
core   0: 3 0x8000b2f8 (0x00002f17) x30 0x8000d2f8
core   0: 0x8000b2fc (0xd03f2423) sw      gp, -760(t5)
core   0: 3 0x8000b2fc (0xd03f2423) mem 0x8000d000 0x00000001
core   0: 0x8000b300 (0xff9ff06f) j       pc - 0x8
core   0: 3 0x8000b300 (0xff9ff06f)
core   0: 0x8000b2f8 (0x00002f17) auipc   t5, 0x2
core   0: 3 0x8000b2f8 (0x00002f17) x30 0x8000d2f8
core   0: 0x8000b2fc (0xd03f2423) sw      gp, -760(t5)
core   0: 3 0x8000b2fc (0xd03f2423) mem 0x8000d000 0x00000001
core   0: 0x8000b300 (0xff9ff06f) j       pc - 0x8
core   0: 3 0x8000b300 (0xff9ff06f)
core   0: 0x8000b2f8 (0x00002f17) auipc   t5, 0x2
core   0: 3 0x8000b2f8 (0x00002f17) x30 0x8000d2f8
core   0: 0x8000b2fc (0xd03f2423) sw      gp, -760(t5)
core   0: 3 0x8000b2fc (0xd03f2423) mem 0x8000d000 0x00000001
core   0: 0x8000b300 (0xff9ff06f) j       pc - 0x8
core   0: 3 0x8000b300 (0xff9ff06f)
core   0: 0x8000b2f8 (0x00002f17) auipc   t5, 0x2
core   0: 3 0x8000b2f8 (0x00002f17) x30 0x8000d2f8
core   0: 0x8000b2fc (0xd03f2423) sw      gp, -760(t5)
core   0: 3 0x8000b2fc (0xd03f2423) mem 0x8000d000 0x00000001
core   0: 0x8000b300 (0xff9ff06f) j       pc - 0x8
core   0: 3 0x8000b300 (0xff9ff06f)
core   0: 0x8000b2f8 (0x00002f17) auipc   t5, 0x2
core   0: 3 0x8000b2f8 (0x00002f17) x30 0x8000d2f8
core   0: 0x8000b2fc (0xd03f2423) sw      gp, -760(t5)
core   0: 3 0x8000b2fc (0xd03f2423) mem 0x8000d000 0x00000001
core   0: 0x8000b300 (0xff9ff06f) j       pc - 0x8
core   0: 3 0x8000b300 (0xff9ff06f)
core   0: 0x8000b2f8 (0x00002f17) auipc   t5, 0x2
core   0: 3 0x8000b2f8 (0x00002f17) x30 0x8000d2f8
core   0: 0x8000b2fc (0xd03f2423) sw      gp, -760(t5)
core   0: 3 0x8000b2fc (0xd03f2423) mem 0x8000d000 0x00000001
core   0: 0x8000b300 (0xff9ff06f) j       pc - 0x8
core   0: 3 0x8000b300 (0xff9ff06f)
core   0: 0x8000b2f8 (0x00002f17) auipc   t5, 0x2
core   0: 3 0x8000b2f8 (0x00002f17) x30 0x8000d2f8
core   0: 0x8000b2fc (0xd03f2423) sw      gp, -760(t5)
core   0: 3 0x8000b2fc (0xd03f2423) mem 0x8000d000 0x00000001
core   0: 0x8000b300 (0xff9ff06f) j       pc - 0x8
core   0: 3 0x8000b300 (0xff9ff06f)
core   0: 0x8000b2f8 (0x00002f17) auipc   t5, 0x2
core   0: 3 0x8000b2f8 (0x00002f17) x30 0x8000d2f8
core   0: 0x8000b2fc (0xd03f2423) sw      gp, -760(t5)
core   0: 3 0x8000b2fc (0xd03f2423) mem 0x8000d000 0x00000001
core   0: 0x8000b300 (0xff9ff06f) j       pc - 0x8
core   0: 3 0x8000b300 (0xff9ff06f)
core   0: 0x8000b2f8 (0x00002f17) auipc   t5, 0x2
core   0: 3 0x8000b2f8 (0x00002f17) x30 0x8000d2f8
core   0: 0x8000b2fc (0xd03f2423) sw      gp, -760(t5)
core   0: 3 0x8000b2fc (0xd03f2423) mem 0x8000d000 0x00000001
core   0: 0x8000b300 (0xff9ff06f) j       pc - 0x8
core   0: 3 0x8000b300 (0xff9ff06f)
core   0: 0x8000b2f8 (0x00002f17) auipc   t5, 0x2
core   0: 3 0x8000b2f8 (0x00002f17) x30 0x8000d2f8
core   0: 0x8000b2fc (0xd03f2423) sw      gp, -760(t5)
core   0: 3 0x8000b2fc (0xd03f2423) mem 0x8000d000 0x00000001
core   0: 0x8000b300 (0xff9ff06f) j       pc - 0x8
core   0: 3 0x8000b300 (0xff9ff06f)
core   0: 0x8000b2f8 (0x00002f17) auipc   t5, 0x2
core   0: 3 0x8000b2f8 (0x00002f17) x30 0x8000d2f8
core   0: 0x8000b2fc (0xd03f2423) sw      gp, -760(t5)
core   0: 3 0x8000b2fc (0xd03f2423) mem 0x8000d000 0x00000001
core   0: 0x8000b300 (0xff9ff06f) j       pc - 0x8
core   0: 3 0x8000b300 (0xff9ff06f)
core   0: 0x8000b2f8 (0x00002f17) auipc   t5, 0x2
core   0: 3 0x8000b2f8 (0x00002f17) x30 0x8000d2f8
core   0: 0x8000b2fc (0xd03f2423) sw      gp, -760(t5)
core   0: 3 0x8000b2fc (0xd03f2423) mem 0x8000d000 0x00000001
core   0: 0x8000b300 (0xff9ff06f) j       pc - 0x8
core   0: 3 0x8000b300 (0xff9ff06f)
core   0: 0x8000b2f8 (0x00002f17) auipc   t5, 0x2
core   0: 3 0x8000b2f8 (0x00002f17) x30 0x8000d2f8
core   0: 0x8000b2fc (0xd03f2423) sw      gp, -760(t5)
core   0: 3 0x8000b2fc (0xd03f2423) mem 0x8000d000 0x00000001
core   0: 0x8000b300 (0xff9ff06f) j       pc - 0x8
core   0: 3 0x8000b300 (0xff9ff06f)
core   0: 0x8000b2f8 (0x00002f17) auipc   t5, 0x2
core   0: 3 0x8000b2f8 (0x00002f17) x30 0x8000d2f8
core   0: 0x8000b2fc (0xd03f2423) sw      gp, -760(t5)
core   0: 3 0x8000b2fc (0xd03f2423) mem 0x8000d000 0x00000001
core   0: 0x8000b300 (0xff9ff06f) j       pc - 0x8
core   0: 3 0x8000b300 (0xff9ff06f)
core   0: 0x8000b2f8 (0x00002f17) auipc   t5, 0x2
core   0: 3 0x8000b2f8 (0x00002f17) x30 0x8000d2f8
core   0: 0x8000b2fc (0xd03f2423) sw      gp, -760(t5)
core   0: 3 0x8000b2fc (0xd03f2423) mem 0x8000d000 0x00000001
core   0: 0x8000b300 (0xff9ff06f) j       pc - 0x8
core   0: 3 0x8000b300 (0xff9ff06f)
core   0: 0x8000b2f8 (0x00002f17) auipc   t5, 0x2
core   0: 3 0x8000b2f8 (0x00002f17) x30 0x8000d2f8
core   0: 0x8000b2fc (0xd03f2423) sw      gp, -760(t5)
core   0: 3 0x8000b2fc (0xd03f2423) mem 0x8000d000 0x00000001
core   0: 0x8000b300 (0xff9ff06f) j       pc - 0x8
core   0: 3 0x8000b300 (0xff9ff06f)
core   0: 0x8000b2f8 (0x00002f17) auipc   t5, 0x2
core   0: 3 0x8000b2f8 (0x00002f17) x30 0x8000d2f8
core   0: 0x8000b2fc (0xd03f2423) sw      gp, -760(t5)
core   0: 3 0x8000b2fc (0xd03f2423) mem 0x8000d000 0x00000001
core   0: 0x8000b300 (0xff9ff06f) j       pc - 0x8
core   0: 3 0x8000b300 (0xff9ff06f)
core   0: 0x8000b2f8 (0x00002f17) auipc   t5, 0x2
core   0: 3 0x8000b2f8 (0x00002f17) x30 0x8000d2f8
core   0: 0x8000b2fc (0xd03f2423) sw      gp, -760(t5)
core   0: 3 0x8000b2fc (0xd03f2423) mem 0x8000d000 0x00000001
core   0: 0x8000b300 (0xff9ff06f) j       pc - 0x8
core   0: 3 0x8000b300 (0xff9ff06f)
core   0: 0x8000b2f8 (0x00002f17) auipc   t5, 0x2
core   0: 3 0x8000b2f8 (0x00002f17) x30 0x8000d2f8
core   0: 0x8000b2fc (0xd03f2423) sw      gp, -760(t5)
core   0: 3 0x8000b2fc (0xd03f2423) mem 0x8000d000 0x00000001
core   0: 0x8000b300 (0xff9ff06f) j       pc - 0x8
core   0: 3 0x8000b300 (0xff9ff06f)
core   0: 0x8000b2f8 (0x00002f17) auipc   t5, 0x2
core   0: 3 0x8000b2f8 (0x00002f17) x30 0x8000d2f8
core   0: 0x8000b2fc (0xd03f2423) sw      gp, -760(t5)
core   0: 3 0x8000b2fc (0xd03f2423) mem 0x8000d000 0x00000001
core   0: 0x8000b300 (0xff9ff06f) j       pc - 0x8
core   0: 3 0x8000b300 (0xff9ff06f)
core   0: 0x8000b2f8 (0x00002f17) auipc   t5, 0x2
core   0: 3 0x8000b2f8 (0x00002f17) x30 0x8000d2f8
core   0: 0x8000b2fc (0xd03f2423) sw      gp, -760(t5)
core   0: 3 0x8000b2fc (0xd03f2423) mem 0x8000d000 0x00000001
core   0: 0x8000b300 (0xff9ff06f) j       pc - 0x8
core   0: 3 0x8000b300 (0xff9ff06f)
core   0: 0x8000b2f8 (0x00002f17) auipc   t5, 0x2
core   0: 3 0x8000b2f8 (0x00002f17) x30 0x8000d2f8
core   0: 0x8000b2fc (0xd03f2423) sw      gp, -760(t5)
core   0: 3 0x8000b2fc (0xd03f2423) mem 0x8000d000 0x00000001
core   0: 0x8000b300 (0xff9ff06f) j       pc - 0x8
core   0: 3 0x8000b300 (0xff9ff06f)
core   0: 0x8000b2f8 (0x00002f17) auipc   t5, 0x2
core   0: 3 0x8000b2f8 (0x00002f17) x30 0x8000d2f8
core   0: 0x8000b2fc (0xd03f2423) sw      gp, -760(t5)
core   0: 3 0x8000b2fc (0xd03f2423) mem 0x8000d000 0x00000001
core   0: 0x8000b300 (0xff9ff06f) j       pc - 0x8
core   0: 3 0x8000b300 (0xff9ff06f)
core   0: 0x8000b2f8 (0x00002f17) auipc   t5, 0x2
core   0: 3 0x8000b2f8 (0x00002f17) x30 0x8000d2f8
core   0: 0x8000b2fc (0xd03f2423) sw      gp, -760(t5)
core   0: 3 0x8000b2fc (0xd03f2423) mem 0x8000d000 0x00000001
core   0: 0x8000b300 (0xff9ff06f) j       pc - 0x8
core   0: 3 0x8000b300 (0xff9ff06f)
core   0: 0x8000b2f8 (0x00002f17) auipc   t5, 0x2
core   0: 3 0x8000b2f8 (0x00002f17) x30 0x8000d2f8
core   0: 0x8000b2fc (0xd03f2423) sw      gp, -760(t5)
core   0: 3 0x8000b2fc (0xd03f2423) mem 0x8000d000 0x00000001
core   0: 0x8000b300 (0xff9ff06f) j       pc - 0x8
core   0: 3 0x8000b300 (0xff9ff06f)
core   0: 0x8000b2f8 (0x00002f17) auipc   t5, 0x2
core   0: 3 0x8000b2f8 (0x00002f17) x30 0x8000d2f8
core   0: 0x8000b2fc (0xd03f2423) sw      gp, -760(t5)
core   0: 3 0x8000b2fc (0xd03f2423) mem 0x8000d000 0x00000001
core   0: 0x8000b300 (0xff9ff06f) j       pc - 0x8
core   0: 3 0x8000b300 (0xff9ff06f)
core   0: 0x8000b2f8 (0x00002f17) auipc   t5, 0x2
core   0: 3 0x8000b2f8 (0x00002f17) x30 0x8000d2f8
core   0: 0x8000b2fc (0xd03f2423) sw      gp, -760(t5)
core   0: 3 0x8000b2fc (0xd03f2423) mem 0x8000d000 0x00000001
core   0: 0x8000b300 (0xff9ff06f) j       pc - 0x8
core   0: 3 0x8000b300 (0xff9ff06f)
core   0: 0x8000b2f8 (0x00002f17) auipc   t5, 0x2
core   0: 3 0x8000b2f8 (0x00002f17) x30 0x8000d2f8
core   0: 0x8000b2fc (0xd03f2423) sw      gp, -760(t5)
core   0: 3 0x8000b2fc (0xd03f2423) mem 0x8000d000 0x00000001
core   0: 0x8000b300 (0xff9ff06f) j       pc - 0x8
core   0: 3 0x8000b300 (0xff9ff06f)
core   0: 0x8000b2f8 (0x00002f17) auipc   t5, 0x2
core   0: 3 0x8000b2f8 (0x00002f17) x30 0x8000d2f8
core   0: 0x8000b2fc (0xd03f2423) sw      gp, -760(t5)
core   0: 3 0x8000b2fc (0xd03f2423) mem 0x8000d000 0x00000001
core   0: 0x8000b300 (0xff9ff06f) j       pc - 0x8
core   0: 3 0x8000b300 (0xff9ff06f)
core   0: 0x8000b2f8 (0x00002f17) auipc   t5, 0x2
core   0: 3 0x8000b2f8 (0x00002f17) x30 0x8000d2f8
core   0: 0x8000b2fc (0xd03f2423) sw      gp, -760(t5)
core   0: 3 0x8000b2fc (0xd03f2423) mem 0x8000d000 0x00000001
core   0: 0x8000b300 (0xff9ff06f) j       pc - 0x8
core   0: 3 0x8000b300 (0xff9ff06f)
core   0: 0x8000b2f8 (0x00002f17) auipc   t5, 0x2
core   0: 3 0x8000b2f8 (0x00002f17) x30 0x8000d2f8
core   0: 0x8000b2fc (0xd03f2423) sw      gp, -760(t5)
core   0: 3 0x8000b2fc (0xd03f2423) mem 0x8000d000 0x00000001
core   0: 0x8000b300 (0xff9ff06f) j       pc - 0x8
core   0: 3 0x8000b300 (0xff9ff06f)
core   0: 0x8000b2f8 (0x00002f17) auipc   t5, 0x2
core   0: 3 0x8000b2f8 (0x00002f17) x30 0x8000d2f8
core   0: 0x8000b2fc (0xd03f2423) sw      gp, -760(t5)
core   0: 3 0x8000b2fc (0xd03f2423) mem 0x8000d000 0x00000001
core   0: 0x8000b300 (0xff9ff06f) j       pc - 0x8
core   0: 3 0x8000b300 (0xff9ff06f)
core   0: 0x8000b2f8 (0x00002f17) auipc   t5, 0x2
core   0: 3 0x8000b2f8 (0x00002f17) x30 0x8000d2f8
core   0: 0x8000b2fc (0xd03f2423) sw      gp, -760(t5)
core   0: 3 0x8000b2fc (0xd03f2423) mem 0x8000d000 0x00000001
core   0: 0x8000b300 (0xff9ff06f) j       pc - 0x8
core   0: 3 0x8000b300 (0xff9ff06f)
core   0: 0x8000b2f8 (0x00002f17) auipc   t5, 0x2
core   0: 3 0x8000b2f8 (0x00002f17) x30 0x8000d2f8
core   0: 0x8000b2fc (0xd03f2423) sw      gp, -760(t5)
core   0: 3 0x8000b2fc (0xd03f2423) mem 0x8000d000 0x00000001
core   0: 0x8000b300 (0xff9ff06f) j       pc - 0x8
core   0: 3 0x8000b300 (0xff9ff06f)
core   0: 0x8000b2f8 (0x00002f17) auipc   t5, 0x2
core   0: 3 0x8000b2f8 (0x00002f17) x30 0x8000d2f8
core   0: 0x8000b2fc (0xd03f2423) sw      gp, -760(t5)
core   0: 3 0x8000b2fc (0xd03f2423) mem 0x8000d000 0x00000001
core   0: 0x8000b300 (0xff9ff06f) j       pc - 0x8
core   0: 3 0x8000b300 (0xff9ff06f)
core   0: 0x8000b2f8 (0x00002f17) auipc   t5, 0x2
core   0: 3 0x8000b2f8 (0x00002f17) x30 0x8000d2f8
core   0: 0x8000b2fc (0xd03f2423) sw      gp, -760(t5)
core   0: 3 0x8000b2fc (0xd03f2423) mem 0x8000d000 0x00000001
core   0: 0x8000b300 (0xff9ff06f) j       pc - 0x8
core   0: 3 0x8000b300 (0xff9ff06f)
core   0: 0x8000b2f8 (0x00002f17) auipc   t5, 0x2
core   0: 3 0x8000b2f8 (0x00002f17) x30 0x8000d2f8
core   0: 0x8000b2fc (0xd03f2423) sw      gp, -760(t5)
core   0: 3 0x8000b2fc (0xd03f2423) mem 0x8000d000 0x00000001
core   0: 0x8000b300 (0xff9ff06f) j       pc - 0x8
core   0: 3 0x8000b300 (0xff9ff06f)
core   0: 0x8000b2f8 (0x00002f17) auipc   t5, 0x2
core   0: 3 0x8000b2f8 (0x00002f17) x30 0x8000d2f8
core   0: 0x8000b2fc (0xd03f2423) sw      gp, -760(t5)
core   0: 3 0x8000b2fc (0xd03f2423) mem 0x8000d000 0x00000001
core   0: 0x8000b300 (0xff9ff06f) j       pc - 0x8
core   0: 3 0x8000b300 (0xff9ff06f)
core   0: 0x8000b2f8 (0x00002f17) auipc   t5, 0x2
core   0: 3 0x8000b2f8 (0x00002f17) x30 0x8000d2f8
core   0: 0x8000b2fc (0xd03f2423) sw      gp, -760(t5)
core   0: 3 0x8000b2fc (0xd03f2423) mem 0x8000d000 0x00000001
core   0: 0x8000b300 (0xff9ff06f) j       pc - 0x8
core   0: 3 0x8000b300 (0xff9ff06f)
core   0: 0x8000b2f8 (0x00002f17) auipc   t5, 0x2
core   0: 3 0x8000b2f8 (0x00002f17) x30 0x8000d2f8
core   0: 0x8000b2fc (0xd03f2423) sw      gp, -760(t5)
core   0: 3 0x8000b2fc (0xd03f2423) mem 0x8000d000 0x00000001
core   0: 0x8000b300 (0xff9ff06f) j       pc - 0x8
core   0: 3 0x8000b300 (0xff9ff06f)
core   0: 0x8000b2f8 (0x00002f17) auipc   t5, 0x2
core   0: 3 0x8000b2f8 (0x00002f17) x30 0x8000d2f8
core   0: 0x8000b2fc (0xd03f2423) sw      gp, -760(t5)
core   0: 3 0x8000b2fc (0xd03f2423) mem 0x8000d000 0x00000001
core   0: 0x8000b300 (0xff9ff06f) j       pc - 0x8
core   0: 3 0x8000b300 (0xff9ff06f)
core   0: 0x8000b2f8 (0x00002f17) auipc   t5, 0x2
core   0: 3 0x8000b2f8 (0x00002f17) x30 0x8000d2f8
core   0: 0x8000b2fc (0xd03f2423) sw      gp, -760(t5)
core   0: 3 0x8000b2fc (0xd03f2423) mem 0x8000d000 0x00000001
core   0: 0x8000b300 (0xff9ff06f) j       pc - 0x8
core   0: 3 0x8000b300 (0xff9ff06f)
core   0: 0x8000b2f8 (0x00002f17) auipc   t5, 0x2
core   0: 3 0x8000b2f8 (0x00002f17) x30 0x8000d2f8
core   0: 0x8000b2fc (0xd03f2423) sw      gp, -760(t5)
core   0: 3 0x8000b2fc (0xd03f2423) mem 0x8000d000 0x00000001
core   0: 0x8000b300 (0xff9ff06f) j       pc - 0x8
core   0: 3 0x8000b300 (0xff9ff06f)
core   0: 0x8000b2f8 (0x00002f17) auipc   t5, 0x2
core   0: 3 0x8000b2f8 (0x00002f17) x30 0x8000d2f8
core   0: 0x8000b2fc (0xd03f2423) sw      gp, -760(t5)
core   0: 3 0x8000b2fc (0xd03f2423) mem 0x8000d000 0x00000001
core   0: 0x8000b300 (0xff9ff06f) j       pc - 0x8
core   0: 3 0x8000b300 (0xff9ff06f)
core   0: 0x8000b2f8 (0x00002f17) auipc   t5, 0x2
core   0: 3 0x8000b2f8 (0x00002f17) x30 0x8000d2f8
core   0: 0x8000b2fc (0xd03f2423) sw      gp, -760(t5)
core   0: 3 0x8000b2fc (0xd03f2423) mem 0x8000d000 0x00000001
core   0: 0x8000b300 (0xff9ff06f) j       pc - 0x8
core   0: 3 0x8000b300 (0xff9ff06f)
core   0: 0x8000b2f8 (0x00002f17) auipc   t5, 0x2
core   0: 3 0x8000b2f8 (0x00002f17) x30 0x8000d2f8
core   0: 0x8000b2fc (0xd03f2423) sw      gp, -760(t5)
core   0: 3 0x8000b2fc (0xd03f2423) mem 0x8000d000 0x00000001
core   0: 0x8000b300 (0xff9ff06f) j       pc - 0x8
core   0: 3 0x8000b300 (0xff9ff06f)
core   0: 0x8000b2f8 (0x00002f17) auipc   t5, 0x2
core   0: 3 0x8000b2f8 (0x00002f17) x30 0x8000d2f8
core   0: 0x8000b2fc (0xd03f2423) sw      gp, -760(t5)
core   0: 3 0x8000b2fc (0xd03f2423) mem 0x8000d000 0x00000001
core   0: 0x8000b300 (0xff9ff06f) j       pc - 0x8
core   0: 3 0x8000b300 (0xff9ff06f)
core   0: 0x8000b2f8 (0x00002f17) auipc   t5, 0x2
core   0: 3 0x8000b2f8 (0x00002f17) x30 0x8000d2f8
core   0: 0x8000b2fc (0xd03f2423) sw      gp, -760(t5)
core   0: 3 0x8000b2fc (0xd03f2423) mem 0x8000d000 0x00000001
core   0: 0x8000b300 (0xff9ff06f) j       pc - 0x8
core   0: 3 0x8000b300 (0xff9ff06f)
core   0: 0x8000b2f8 (0x00002f17) auipc   t5, 0x2
core   0: 3 0x8000b2f8 (0x00002f17) x30 0x8000d2f8
core   0: 0x8000b2fc (0xd03f2423) sw      gp, -760(t5)
core   0: 3 0x8000b2fc (0xd03f2423) mem 0x8000d000 0x00000001
core   0: 0x8000b300 (0xff9ff06f) j       pc - 0x8
core   0: 3 0x8000b300 (0xff9ff06f)
core   0: 0x8000b2f8 (0x00002f17) auipc   t5, 0x2
core   0: 3 0x8000b2f8 (0x00002f17) x30 0x8000d2f8
core   0: 0x8000b2fc (0xd03f2423) sw      gp, -760(t5)
core   0: 3 0x8000b2fc (0xd03f2423) mem 0x8000d000 0x00000001
core   0: 0x8000b300 (0xff9ff06f) j       pc - 0x8
core   0: 3 0x8000b300 (0xff9ff06f)
core   0: 0x8000b2f8 (0x00002f17) auipc   t5, 0x2
core   0: 3 0x8000b2f8 (0x00002f17) x30 0x8000d2f8
core   0: 0x8000b2fc (0xd03f2423) sw      gp, -760(t5)
core   0: 3 0x8000b2fc (0xd03f2423) mem 0x8000d000 0x00000001
core   0: 0x8000b300 (0xff9ff06f) j       pc - 0x8
core   0: 3 0x8000b300 (0xff9ff06f)
core   0: 0x8000b2f8 (0x00002f17) auipc   t5, 0x2
core   0: 3 0x8000b2f8 (0x00002f17) x30 0x8000d2f8
core   0: 0x8000b2fc (0xd03f2423) sw      gp, -760(t5)
core   0: 3 0x8000b2fc (0xd03f2423) mem 0x8000d000 0x00000001
core   0: 0x8000b300 (0xff9ff06f) j       pc - 0x8
core   0: 3 0x8000b300 (0xff9ff06f)
core   0: 0x8000b2f8 (0x00002f17) auipc   t5, 0x2
core   0: 3 0x8000b2f8 (0x00002f17) x30 0x8000d2f8
core   0: 0x8000b2fc (0xd03f2423) sw      gp, -760(t5)
core   0: 3 0x8000b2fc (0xd03f2423) mem 0x8000d000 0x00000001
core   0: 0x8000b300 (0xff9ff06f) j       pc - 0x8
core   0: 3 0x8000b300 (0xff9ff06f)
core   0: 0x8000b2f8 (0x00002f17) auipc   t5, 0x2
core   0: 3 0x8000b2f8 (0x00002f17) x30 0x8000d2f8
core   0: 0x8000b2fc (0xd03f2423) sw      gp, -760(t5)
core   0: 3 0x8000b2fc (0xd03f2423) mem 0x8000d000 0x00000001
core   0: 0x8000b300 (0xff9ff06f) j       pc - 0x8
core   0: 3 0x8000b300 (0xff9ff06f)
core   0: 0x8000b2f8 (0x00002f17) auipc   t5, 0x2
core   0: 3 0x8000b2f8 (0x00002f17) x30 0x8000d2f8
core   0: 0x8000b2fc (0xd03f2423) sw      gp, -760(t5)
core   0: 3 0x8000b2fc (0xd03f2423) mem 0x8000d000 0x00000001
core   0: 0x8000b300 (0xff9ff06f) j       pc - 0x8
core   0: 3 0x8000b300 (0xff9ff06f)
core   0: 0x8000b2f8 (0x00002f17) auipc   t5, 0x2
core   0: 3 0x8000b2f8 (0x00002f17) x30 0x8000d2f8
core   0: 0x8000b2fc (0xd03f2423) sw      gp, -760(t5)
core   0: 3 0x8000b2fc (0xd03f2423) mem 0x8000d000 0x00000001
core   0: 0x8000b300 (0xff9ff06f) j       pc - 0x8
core   0: 3 0x8000b300 (0xff9ff06f)
core   0: 0x8000b2f8 (0x00002f17) auipc   t5, 0x2
core   0: 3 0x8000b2f8 (0x00002f17) x30 0x8000d2f8
core   0: 0x8000b2fc (0xd03f2423) sw      gp, -760(t5)
core   0: 3 0x8000b2fc (0xd03f2423) mem 0x8000d000 0x00000001
core   0: 0x8000b300 (0xff9ff06f) j       pc - 0x8
core   0: 3 0x8000b300 (0xff9ff06f)
core   0: 0x8000b2f8 (0x00002f17) auipc   t5, 0x2
core   0: 3 0x8000b2f8 (0x00002f17) x30 0x8000d2f8
core   0: 0x8000b2fc (0xd03f2423) sw      gp, -760(t5)
core   0: 3 0x8000b2fc (0xd03f2423) mem 0x8000d000 0x00000001
core   0: 0x8000b300 (0xff9ff06f) j       pc - 0x8
core   0: 3 0x8000b300 (0xff9ff06f)
core   0: 0x8000b2f8 (0x00002f17) auipc   t5, 0x2
core   0: 3 0x8000b2f8 (0x00002f17) x30 0x8000d2f8
core   0: 0x8000b2fc (0xd03f2423) sw      gp, -760(t5)
core   0: 3 0x8000b2fc (0xd03f2423) mem 0x8000d000 0x00000001
core   0: 0x8000b300 (0xff9ff06f) j       pc - 0x8
core   0: 3 0x8000b300 (0xff9ff06f)
core   0: 0x8000b2f8 (0x00002f17) auipc   t5, 0x2
core   0: 3 0x8000b2f8 (0x00002f17) x30 0x8000d2f8
core   0: 0x8000b2fc (0xd03f2423) sw      gp, -760(t5)
core   0: 3 0x8000b2fc (0xd03f2423) mem 0x8000d000 0x00000001
core   0: 0x8000b300 (0xff9ff06f) j       pc - 0x8
core   0: 3 0x8000b300 (0xff9ff06f)
core   0: 0x8000b2f8 (0x00002f17) auipc   t5, 0x2
core   0: 3 0x8000b2f8 (0x00002f17) x30 0x8000d2f8
core   0: 0x8000b2fc (0xd03f2423) sw      gp, -760(t5)
core   0: 3 0x8000b2fc (0xd03f2423) mem 0x8000d000 0x00000001
core   0: 0x8000b300 (0xff9ff06f) j       pc - 0x8
core   0: 3 0x8000b300 (0xff9ff06f)
core   0: 0x8000b2f8 (0x00002f17) auipc   t5, 0x2
core   0: 3 0x8000b2f8 (0x00002f17) x30 0x8000d2f8
core   0: 0x8000b2fc (0xd03f2423) sw      gp, -760(t5)
core   0: 3 0x8000b2fc (0xd03f2423) mem 0x8000d000 0x00000001
core   0: 0x8000b300 (0xff9ff06f) j       pc - 0x8
core   0: 3 0x8000b300 (0xff9ff06f)
core   0: 0x8000b2f8 (0x00002f17) auipc   t5, 0x2
core   0: 3 0x8000b2f8 (0x00002f17) x30 0x8000d2f8
core   0: 0x8000b2fc (0xd03f2423) sw      gp, -760(t5)
core   0: 3 0x8000b2fc (0xd03f2423) mem 0x8000d000 0x00000001
core   0: 0x8000b300 (0xff9ff06f) j       pc - 0x8
core   0: 3 0x8000b300 (0xff9ff06f)
core   0: 0x8000b2f8 (0x00002f17) auipc   t5, 0x2
core   0: 3 0x8000b2f8 (0x00002f17) x30 0x8000d2f8
core   0: 0x8000b2fc (0xd03f2423) sw      gp, -760(t5)
core   0: 3 0x8000b2fc (0xd03f2423) mem 0x8000d000 0x00000001
core   0: 0x8000b300 (0xff9ff06f) j       pc - 0x8
core   0: 3 0x8000b300 (0xff9ff06f)
core   0: 0x8000b2f8 (0x00002f17) auipc   t5, 0x2
core   0: 3 0x8000b2f8 (0x00002f17) x30 0x8000d2f8
core   0: 0x8000b2fc (0xd03f2423) sw      gp, -760(t5)
core   0: 3 0x8000b2fc (0xd03f2423) mem 0x8000d000 0x00000001
core   0: 0x8000b300 (0xff9ff06f) j       pc - 0x8
core   0: 3 0x8000b300 (0xff9ff06f)
core   0: 0x8000b2f8 (0x00002f17) auipc   t5, 0x2
core   0: 3 0x8000b2f8 (0x00002f17) x30 0x8000d2f8
core   0: 0x8000b2fc (0xd03f2423) sw      gp, -760(t5)
core   0: 3 0x8000b2fc (0xd03f2423) mem 0x8000d000 0x00000001
core   0: 0x8000b300 (0xff9ff06f) j       pc - 0x8
core   0: 3 0x8000b300 (0xff9ff06f)
core   0: 0x8000b2f8 (0x00002f17) auipc   t5, 0x2
core   0: 3 0x8000b2f8 (0x00002f17) x30 0x8000d2f8
core   0: 0x8000b2fc (0xd03f2423) sw      gp, -760(t5)
core   0: 3 0x8000b2fc (0xd03f2423) mem 0x8000d000 0x00000001
core   0: 0x8000b300 (0xff9ff06f) j       pc - 0x8
core   0: 3 0x8000b300 (0xff9ff06f)
core   0: 0x8000b2f8 (0x00002f17) auipc   t5, 0x2
core   0: 3 0x8000b2f8 (0x00002f17) x30 0x8000d2f8
core   0: 0x8000b2fc (0xd03f2423) sw      gp, -760(t5)
core   0: 3 0x8000b2fc (0xd03f2423) mem 0x8000d000 0x00000001
core   0: 0x8000b300 (0xff9ff06f) j       pc - 0x8
core   0: 3 0x8000b300 (0xff9ff06f)
core   0: 0x8000b2f8 (0x00002f17) auipc   t5, 0x2
core   0: 3 0x8000b2f8 (0x00002f17) x30 0x8000d2f8
core   0: 0x8000b2fc (0xd03f2423) sw      gp, -760(t5)
core   0: 3 0x8000b2fc (0xd03f2423) mem 0x8000d000 0x00000001
core   0: 0x8000b300 (0xff9ff06f) j       pc - 0x8
core   0: 3 0x8000b300 (0xff9ff06f)
core   0: 0x8000b2f8 (0x00002f17) auipc   t5, 0x2
core   0: 3 0x8000b2f8 (0x00002f17) x30 0x8000d2f8
core   0: 0x8000b2fc (0xd03f2423) sw      gp, -760(t5)
core   0: 3 0x8000b2fc (0xd03f2423) mem 0x8000d000 0x00000001
core   0: 0x8000b300 (0xff9ff06f) j       pc - 0x8
core   0: 3 0x8000b300 (0xff9ff06f)
core   0: 0x8000b2f8 (0x00002f17) auipc   t5, 0x2
core   0: 3 0x8000b2f8 (0x00002f17) x30 0x8000d2f8
core   0: 0x8000b2fc (0xd03f2423) sw      gp, -760(t5)
core   0: 3 0x8000b2fc (0xd03f2423) mem 0x8000d000 0x00000001
core   0: 0x8000b300 (0xff9ff06f) j       pc - 0x8
core   0: 3 0x8000b300 (0xff9ff06f)
core   0: 0x8000b2f8 (0x00002f17) auipc   t5, 0x2
core   0: 3 0x8000b2f8 (0x00002f17) x30 0x8000d2f8
core   0: 0x8000b2fc (0xd03f2423) sw      gp, -760(t5)
core   0: 3 0x8000b2fc (0xd03f2423) mem 0x8000d000 0x00000001
core   0: 0x8000b300 (0xff9ff06f) j       pc - 0x8
core   0: 3 0x8000b300 (0xff9ff06f)
core   0: 0x8000b2f8 (0x00002f17) auipc   t5, 0x2
core   0: 3 0x8000b2f8 (0x00002f17) x30 0x8000d2f8
core   0: 0x8000b2fc (0xd03f2423) sw      gp, -760(t5)
core   0: 3 0x8000b2fc (0xd03f2423) mem 0x8000d000 0x00000001
core   0: 0x8000b300 (0xff9ff06f) j       pc - 0x8
core   0: 3 0x8000b300 (0xff9ff06f)
core   0: 0x8000b2f8 (0x00002f17) auipc   t5, 0x2
core   0: 3 0x8000b2f8 (0x00002f17) x30 0x8000d2f8
core   0: 0x8000b2fc (0xd03f2423) sw      gp, -760(t5)
core   0: 3 0x8000b2fc (0xd03f2423) mem 0x8000d000 0x00000001
core   0: 0x8000b300 (0xff9ff06f) j       pc - 0x8
core   0: 3 0x8000b300 (0xff9ff06f)
core   0: 0x8000b2f8 (0x00002f17) auipc   t5, 0x2
core   0: 3 0x8000b2f8 (0x00002f17) x30 0x8000d2f8
core   0: 0x8000b2fc (0xd03f2423) sw      gp, -760(t5)
core   0: 3 0x8000b2fc (0xd03f2423) mem 0x8000d000 0x00000001
core   0: 0x8000b300 (0xff9ff06f) j       pc - 0x8
core   0: 3 0x8000b300 (0xff9ff06f)
core   0: 0x8000b2f8 (0x00002f17) auipc   t5, 0x2
core   0: 3 0x8000b2f8 (0x00002f17) x30 0x8000d2f8
core   0: 0x8000b2fc (0xd03f2423) sw      gp, -760(t5)
core   0: 3 0x8000b2fc (0xd03f2423) mem 0x8000d000 0x00000001
core   0: 0x8000b300 (0xff9ff06f) j       pc - 0x8
core   0: 3 0x8000b300 (0xff9ff06f)
core   0: 0x8000b2f8 (0x00002f17) auipc   t5, 0x2
core   0: 3 0x8000b2f8 (0x00002f17) x30 0x8000d2f8
core   0: 0x8000b2fc (0xd03f2423) sw      gp, -760(t5)
core   0: 3 0x8000b2fc (0xd03f2423) mem 0x8000d000 0x00000001
core   0: 0x8000b300 (0xff9ff06f) j       pc - 0x8
core   0: 3 0x8000b300 (0xff9ff06f)
core   0: 0x8000b2f8 (0x00002f17) auipc   t5, 0x2
core   0: 3 0x8000b2f8 (0x00002f17) x30 0x8000d2f8
core   0: 0x8000b2fc (0xd03f2423) sw      gp, -760(t5)
core   0: 3 0x8000b2fc (0xd03f2423) mem 0x8000d000 0x00000001
core   0: 0x8000b300 (0xff9ff06f) j       pc - 0x8
core   0: 3 0x8000b300 (0xff9ff06f)
core   0: 0x8000b2f8 (0x00002f17) auipc   t5, 0x2
core   0: 3 0x8000b2f8 (0x00002f17) x30 0x8000d2f8
core   0: 0x8000b2fc (0xd03f2423) sw      gp, -760(t5)
core   0: 3 0x8000b2fc (0xd03f2423) mem 0x8000d000 0x00000001
core   0: 0x8000b300 (0xff9ff06f) j       pc - 0x8
core   0: 3 0x8000b300 (0xff9ff06f)
core   0: 0x8000b2f8 (0x00002f17) auipc   t5, 0x2
core   0: 3 0x8000b2f8 (0x00002f17) x30 0x8000d2f8
core   0: 0x8000b2fc (0xd03f2423) sw      gp, -760(t5)
core   0: 3 0x8000b2fc (0xd03f2423) mem 0x8000d000 0x00000001
core   0: 0x8000b300 (0xff9ff06f) j       pc - 0x8
core   0: 3 0x8000b300 (0xff9ff06f)
core   0: 0x8000b2f8 (0x00002f17) auipc   t5, 0x2
core   0: 3 0x8000b2f8 (0x00002f17) x30 0x8000d2f8
core   0: 0x8000b2fc (0xd03f2423) sw      gp, -760(t5)
core   0: 3 0x8000b2fc (0xd03f2423) mem 0x8000d000 0x00000001
core   0: 0x8000b300 (0xff9ff06f) j       pc - 0x8
core   0: 3 0x8000b300 (0xff9ff06f)
core   0: 0x8000b2f8 (0x00002f17) auipc   t5, 0x2
core   0: 3 0x8000b2f8 (0x00002f17) x30 0x8000d2f8
core   0: 0x8000b2fc (0xd03f2423) sw      gp, -760(t5)
core   0: 3 0x8000b2fc (0xd03f2423) mem 0x8000d000 0x00000001
core   0: 0x8000b300 (0xff9ff06f) j       pc - 0x8
core   0: 3 0x8000b300 (0xff9ff06f)
core   0: 0x8000b2f8 (0x00002f17) auipc   t5, 0x2
core   0: 3 0x8000b2f8 (0x00002f17) x30 0x8000d2f8
core   0: 0x8000b2fc (0xd03f2423) sw      gp, -760(t5)
core   0: 3 0x8000b2fc (0xd03f2423) mem 0x8000d000 0x00000001
core   0: 0x8000b300 (0xff9ff06f) j       pc - 0x8
core   0: 3 0x8000b300 (0xff9ff06f)
core   0: 0x8000b2f8 (0x00002f17) auipc   t5, 0x2
core   0: 3 0x8000b2f8 (0x00002f17) x30 0x8000d2f8
core   0: 0x8000b2fc (0xd03f2423) sw      gp, -760(t5)
core   0: 3 0x8000b2fc (0xd03f2423) mem 0x8000d000 0x00000001
core   0: 0x8000b300 (0xff9ff06f) j       pc - 0x8
core   0: 3 0x8000b300 (0xff9ff06f)
core   0: 0x8000b2f8 (0x00002f17) auipc   t5, 0x2
core   0: 3 0x8000b2f8 (0x00002f17) x30 0x8000d2f8
core   0: 0x8000b2fc (0xd03f2423) sw      gp, -760(t5)
core   0: 3 0x8000b2fc (0xd03f2423) mem 0x8000d000 0x00000001
core   0: 0x8000b300 (0xff9ff06f) j       pc - 0x8
core   0: 3 0x8000b300 (0xff9ff06f)
core   0: 0x8000b2f8 (0x00002f17) auipc   t5, 0x2
core   0: 3 0x8000b2f8 (0x00002f17) x30 0x8000d2f8
core   0: 0x8000b2fc (0xd03f2423) sw      gp, -760(t5)
core   0: 3 0x8000b2fc (0xd03f2423) mem 0x8000d000 0x00000001
core   0: 0x8000b300 (0xff9ff06f) j       pc - 0x8
core   0: 3 0x8000b300 (0xff9ff06f)
core   0: 0x8000b2f8 (0x00002f17) auipc   t5, 0x2
core   0: 3 0x8000b2f8 (0x00002f17) x30 0x8000d2f8
core   0: 0x8000b2fc (0xd03f2423) sw      gp, -760(t5)
core   0: 3 0x8000b2fc (0xd03f2423) mem 0x8000d000 0x00000001
core   0: 0x8000b300 (0xff9ff06f) j       pc - 0x8
core   0: 3 0x8000b300 (0xff9ff06f)
core   0: 0x8000b2f8 (0x00002f17) auipc   t5, 0x2
core   0: 3 0x8000b2f8 (0x00002f17) x30 0x8000d2f8
core   0: 0x8000b2fc (0xd03f2423) sw      gp, -760(t5)
core   0: 3 0x8000b2fc (0xd03f2423) mem 0x8000d000 0x00000001
core   0: 0x8000b300 (0xff9ff06f) j       pc - 0x8
core   0: 3 0x8000b300 (0xff9ff06f)
core   0: 0x8000b2f8 (0x00002f17) auipc   t5, 0x2
core   0: 3 0x8000b2f8 (0x00002f17) x30 0x8000d2f8
core   0: 0x8000b2fc (0xd03f2423) sw      gp, -760(t5)
core   0: 3 0x8000b2fc (0xd03f2423) mem 0x8000d000 0x00000001
core   0: 0x8000b300 (0xff9ff06f) j       pc - 0x8
core   0: 3 0x8000b300 (0xff9ff06f)
core   0: 0x8000b2f8 (0x00002f17) auipc   t5, 0x2
core   0: 3 0x8000b2f8 (0x00002f17) x30 0x8000d2f8
core   0: 0x8000b2fc (0xd03f2423) sw      gp, -760(t5)
core   0: 3 0x8000b2fc (0xd03f2423) mem 0x8000d000 0x00000001
core   0: 0x8000b300 (0xff9ff06f) j       pc - 0x8
core   0: 3 0x8000b300 (0xff9ff06f)
core   0: 0x8000b2f8 (0x00002f17) auipc   t5, 0x2
core   0: 3 0x8000b2f8 (0x00002f17) x30 0x8000d2f8
core   0: 0x8000b2fc (0xd03f2423) sw      gp, -760(t5)
core   0: 3 0x8000b2fc (0xd03f2423) mem 0x8000d000 0x00000001
core   0: 0x8000b300 (0xff9ff06f) j       pc - 0x8
core   0: 3 0x8000b300 (0xff9ff06f)
core   0: 0x8000b2f8 (0x00002f17) auipc   t5, 0x2
core   0: 3 0x8000b2f8 (0x00002f17) x30 0x8000d2f8
core   0: 0x8000b2fc (0xd03f2423) sw      gp, -760(t5)
core   0: 3 0x8000b2fc (0xd03f2423) mem 0x8000d000 0x00000001
core   0: 0x8000b300 (0xff9ff06f) j       pc - 0x8
core   0: 3 0x8000b300 (0xff9ff06f)
core   0: 0x8000b2f8 (0x00002f17) auipc   t5, 0x2
core   0: 3 0x8000b2f8 (0x00002f17) x30 0x8000d2f8
core   0: 0x8000b2fc (0xd03f2423) sw      gp, -760(t5)
core   0: 3 0x8000b2fc (0xd03f2423) mem 0x8000d000 0x00000001
core   0: 0x8000b300 (0xff9ff06f) j       pc - 0x8
core   0: 3 0x8000b300 (0xff9ff06f)
core   0: 0x8000b2f8 (0x00002f17) auipc   t5, 0x2
core   0: 3 0x8000b2f8 (0x00002f17) x30 0x8000d2f8
core   0: 0x8000b2fc (0xd03f2423) sw      gp, -760(t5)
core   0: 3 0x8000b2fc (0xd03f2423) mem 0x8000d000 0x00000001
core   0: 0x8000b300 (0xff9ff06f) j       pc - 0x8
core   0: 3 0x8000b300 (0xff9ff06f)
core   0: 0x8000b2f8 (0x00002f17) auipc   t5, 0x2
core   0: 3 0x8000b2f8 (0x00002f17) x30 0x8000d2f8
core   0: 0x8000b2fc (0xd03f2423) sw      gp, -760(t5)
core   0: 3 0x8000b2fc (0xd03f2423) mem 0x8000d000 0x00000001
core   0: 0x8000b300 (0xff9ff06f) j       pc - 0x8
core   0: 3 0x8000b300 (0xff9ff06f)
core   0: 0x8000b2f8 (0x00002f17) auipc   t5, 0x2
core   0: 3 0x8000b2f8 (0x00002f17) x30 0x8000d2f8
core   0: 0x8000b2fc (0xd03f2423) sw      gp, -760(t5)
core   0: 3 0x8000b2fc (0xd03f2423) mem 0x8000d000 0x00000001
core   0: 0x8000b300 (0xff9ff06f) j       pc - 0x8
core   0: 3 0x8000b300 (0xff9ff06f)
core   0: 0x8000b2f8 (0x00002f17) auipc   t5, 0x2
core   0: 3 0x8000b2f8 (0x00002f17) x30 0x8000d2f8
core   0: 0x8000b2fc (0xd03f2423) sw      gp, -760(t5)
core   0: 3 0x8000b2fc (0xd03f2423) mem 0x8000d000 0x00000001
core   0: 0x8000b300 (0xff9ff06f) j       pc - 0x8
core   0: 3 0x8000b300 (0xff9ff06f)
core   0: 0x8000b2f8 (0x00002f17) auipc   t5, 0x2
core   0: 3 0x8000b2f8 (0x00002f17) x30 0x8000d2f8
core   0: 0x8000b2fc (0xd03f2423) sw      gp, -760(t5)
core   0: 3 0x8000b2fc (0xd03f2423) mem 0x8000d000 0x00000001
core   0: 0x8000b300 (0xff9ff06f) j       pc - 0x8
core   0: 3 0x8000b300 (0xff9ff06f)
core   0: 0x8000b2f8 (0x00002f17) auipc   t5, 0x2
core   0: 3 0x8000b2f8 (0x00002f17) x30 0x8000d2f8
core   0: 0x8000b2fc (0xd03f2423) sw      gp, -760(t5)
core   0: 3 0x8000b2fc (0xd03f2423) mem 0x8000d000 0x00000001
core   0: 0x8000b300 (0xff9ff06f) j       pc - 0x8
core   0: 3 0x8000b300 (0xff9ff06f)
core   0: 0x8000b2f8 (0x00002f17) auipc   t5, 0x2
core   0: 3 0x8000b2f8 (0x00002f17) x30 0x8000d2f8
core   0: 0x8000b2fc (0xd03f2423) sw      gp, -760(t5)
core   0: 3 0x8000b2fc (0xd03f2423) mem 0x8000d000 0x00000001
core   0: 0x8000b300 (0xff9ff06f) j       pc - 0x8
core   0: 3 0x8000b300 (0xff9ff06f)
core   0: 0x8000b2f8 (0x00002f17) auipc   t5, 0x2
core   0: 3 0x8000b2f8 (0x00002f17) x30 0x8000d2f8
core   0: 0x8000b2fc (0xd03f2423) sw      gp, -760(t5)
core   0: 3 0x8000b2fc (0xd03f2423) mem 0x8000d000 0x00000001
core   0: 0x8000b300 (0xff9ff06f) j       pc - 0x8
core   0: 3 0x8000b300 (0xff9ff06f)
core   0: 0x8000b2f8 (0x00002f17) auipc   t5, 0x2
core   0: 3 0x8000b2f8 (0x00002f17) x30 0x8000d2f8
core   0: 0x8000b2fc (0xd03f2423) sw      gp, -760(t5)
core   0: 3 0x8000b2fc (0xd03f2423) mem 0x8000d000 0x00000001
core   0: 0x8000b300 (0xff9ff06f) j       pc - 0x8
core   0: 3 0x8000b300 (0xff9ff06f)
core   0: 0x8000b2f8 (0x00002f17) auipc   t5, 0x2
core   0: 3 0x8000b2f8 (0x00002f17) x30 0x8000d2f8
core   0: 0x8000b2fc (0xd03f2423) sw      gp, -760(t5)
core   0: 3 0x8000b2fc (0xd03f2423) mem 0x8000d000 0x00000001
core   0: 0x8000b300 (0xff9ff06f) j       pc - 0x8
core   0: 3 0x8000b300 (0xff9ff06f)
core   0: 0x8000b2f8 (0x00002f17) auipc   t5, 0x2
core   0: 3 0x8000b2f8 (0x00002f17) x30 0x8000d2f8
core   0: 0x8000b2fc (0xd03f2423) sw      gp, -760(t5)
core   0: 3 0x8000b2fc (0xd03f2423) mem 0x8000d000 0x00000001
core   0: 0x8000b300 (0xff9ff06f) j       pc - 0x8
core   0: 3 0x8000b300 (0xff9ff06f)
core   0: 0x8000b2f8 (0x00002f17) auipc   t5, 0x2
core   0: 3 0x8000b2f8 (0x00002f17) x30 0x8000d2f8
core   0: 0x8000b2fc (0xd03f2423) sw      gp, -760(t5)
core   0: 3 0x8000b2fc (0xd03f2423) mem 0x8000d000 0x00000001
core   0: 0x8000b300 (0xff9ff06f) j       pc - 0x8
core   0: 3 0x8000b300 (0xff9ff06f)
core   0: 0x8000b2f8 (0x00002f17) auipc   t5, 0x2
core   0: 3 0x8000b2f8 (0x00002f17) x30 0x8000d2f8
core   0: 0x8000b2fc (0xd03f2423) sw      gp, -760(t5)
core   0: 3 0x8000b2fc (0xd03f2423) mem 0x8000d000 0x00000001
core   0: 0x8000b300 (0xff9ff06f) j       pc - 0x8
core   0: 3 0x8000b300 (0xff9ff06f)
core   0: 0x8000b2f8 (0x00002f17) auipc   t5, 0x2
core   0: 3 0x8000b2f8 (0x00002f17) x30 0x8000d2f8
core   0: 0x8000b2fc (0xd03f2423) sw      gp, -760(t5)
core   0: 3 0x8000b2fc (0xd03f2423) mem 0x8000d000 0x00000001
core   0: 0x8000b300 (0xff9ff06f) j       pc - 0x8
core   0: 3 0x8000b300 (0xff9ff06f)
core   0: 0x8000b2f8 (0x00002f17) auipc   t5, 0x2
core   0: 3 0x8000b2f8 (0x00002f17) x30 0x8000d2f8
core   0: 0x8000b2fc (0xd03f2423) sw      gp, -760(t5)
core   0: 3 0x8000b2fc (0xd03f2423) mem 0x8000d000 0x00000001
core   0: 0x8000b300 (0xff9ff06f) j       pc - 0x8
core   0: 3 0x8000b300 (0xff9ff06f)
core   0: 0x8000b2f8 (0x00002f17) auipc   t5, 0x2
core   0: 3 0x8000b2f8 (0x00002f17) x30 0x8000d2f8
core   0: 0x8000b2fc (0xd03f2423) sw      gp, -760(t5)
core   0: 3 0x8000b2fc (0xd03f2423) mem 0x8000d000 0x00000001
core   0: 0x8000b300 (0xff9ff06f) j       pc - 0x8
core   0: 3 0x8000b300 (0xff9ff06f)
core   0: 0x8000b2f8 (0x00002f17) auipc   t5, 0x2
core   0: 3 0x8000b2f8 (0x00002f17) x30 0x8000d2f8
core   0: 0x8000b2fc (0xd03f2423) sw      gp, -760(t5)
core   0: 3 0x8000b2fc (0xd03f2423) mem 0x8000d000 0x00000001
core   0: 0x8000b300 (0xff9ff06f) j       pc - 0x8
core   0: 3 0x8000b300 (0xff9ff06f)
core   0: 0x8000b2f8 (0x00002f17) auipc   t5, 0x2
core   0: 3 0x8000b2f8 (0x00002f17) x30 0x8000d2f8
core   0: 0x8000b2fc (0xd03f2423) sw      gp, -760(t5)
core   0: 3 0x8000b2fc (0xd03f2423) mem 0x8000d000 0x00000001
core   0: 0x8000b300 (0xff9ff06f) j       pc - 0x8
core   0: 3 0x8000b300 (0xff9ff06f)
core   0: 0x8000b2f8 (0x00002f17) auipc   t5, 0x2
core   0: 3 0x8000b2f8 (0x00002f17) x30 0x8000d2f8
core   0: 0x8000b2fc (0xd03f2423) sw      gp, -760(t5)
core   0: 3 0x8000b2fc (0xd03f2423) mem 0x8000d000 0x00000001
core   0: 0x8000b300 (0xff9ff06f) j       pc - 0x8
core   0: 3 0x8000b300 (0xff9ff06f)
core   0: 0x8000b2f8 (0x00002f17) auipc   t5, 0x2
core   0: 3 0x8000b2f8 (0x00002f17) x30 0x8000d2f8
core   0: 0x8000b2fc (0xd03f2423) sw      gp, -760(t5)
core   0: 3 0x8000b2fc (0xd03f2423) mem 0x8000d000 0x00000001
core   0: 0x8000b300 (0xff9ff06f) j       pc - 0x8
core   0: 3 0x8000b300 (0xff9ff06f)
core   0: 0x8000b2f8 (0x00002f17) auipc   t5, 0x2
core   0: 3 0x8000b2f8 (0x00002f17) x30 0x8000d2f8
core   0: 0x8000b2fc (0xd03f2423) sw      gp, -760(t5)
core   0: 3 0x8000b2fc (0xd03f2423) mem 0x8000d000 0x00000001
core   0: 0x8000b300 (0xff9ff06f) j       pc - 0x8
core   0: 3 0x8000b300 (0xff9ff06f)
core   0: 0x8000b2f8 (0x00002f17) auipc   t5, 0x2
core   0: 3 0x8000b2f8 (0x00002f17) x30 0x8000d2f8
core   0: 0x8000b2fc (0xd03f2423) sw      gp, -760(t5)
core   0: 3 0x8000b2fc (0xd03f2423) mem 0x8000d000 0x00000001
core   0: 0x8000b300 (0xff9ff06f) j       pc - 0x8
core   0: 3 0x8000b300 (0xff9ff06f)
core   0: 0x8000b2f8 (0x00002f17) auipc   t5, 0x2
core   0: 3 0x8000b2f8 (0x00002f17) x30 0x8000d2f8
core   0: 0x8000b2fc (0xd03f2423) sw      gp, -760(t5)
core   0: 3 0x8000b2fc (0xd03f2423) mem 0x8000d000 0x00000001
core   0: 0x8000b300 (0xff9ff06f) j       pc - 0x8
core   0: 3 0x8000b300 (0xff9ff06f)
core   0: 0x8000b2f8 (0x00002f17) auipc   t5, 0x2
core   0: 3 0x8000b2f8 (0x00002f17) x30 0x8000d2f8
core   0: 0x8000b2fc (0xd03f2423) sw      gp, -760(t5)
core   0: 3 0x8000b2fc (0xd03f2423) mem 0x8000d000 0x00000001
core   0: 0x8000b300 (0xff9ff06f) j       pc - 0x8
core   0: 3 0x8000b300 (0xff9ff06f)
core   0: 0x8000b2f8 (0x00002f17) auipc   t5, 0x2
core   0: 3 0x8000b2f8 (0x00002f17) x30 0x8000d2f8
core   0: 0x8000b2fc (0xd03f2423) sw      gp, -760(t5)
core   0: 3 0x8000b2fc (0xd03f2423) mem 0x8000d000 0x00000001
core   0: 0x8000b300 (0xff9ff06f) j       pc - 0x8
core   0: 3 0x8000b300 (0xff9ff06f)
core   0: 0x8000b2f8 (0x00002f17) auipc   t5, 0x2
core   0: 3 0x8000b2f8 (0x00002f17) x30 0x8000d2f8
core   0: 0x8000b2fc (0xd03f2423) sw      gp, -760(t5)
core   0: 3 0x8000b2fc (0xd03f2423) mem 0x8000d000 0x00000001
core   0: 0x8000b300 (0xff9ff06f) j       pc - 0x8
core   0: 3 0x8000b300 (0xff9ff06f)
core   0: 0x8000b2f8 (0x00002f17) auipc   t5, 0x2
core   0: 3 0x8000b2f8 (0x00002f17) x30 0x8000d2f8
core   0: 0x8000b2fc (0xd03f2423) sw      gp, -760(t5)
core   0: 3 0x8000b2fc (0xd03f2423) mem 0x8000d000 0x00000001
core   0: 0x8000b300 (0xff9ff06f) j       pc - 0x8
core   0: 3 0x8000b300 (0xff9ff06f)
core   0: 0x8000b2f8 (0x00002f17) auipc   t5, 0x2
core   0: 3 0x8000b2f8 (0x00002f17) x30 0x8000d2f8
core   0: 0x8000b2fc (0xd03f2423) sw      gp, -760(t5)
core   0: 3 0x8000b2fc (0xd03f2423) mem 0x8000d000 0x00000001
core   0: 0x8000b300 (0xff9ff06f) j       pc - 0x8
core   0: 3 0x8000b300 (0xff9ff06f)
core   0: 0x8000b2f8 (0x00002f17) auipc   t5, 0x2
core   0: 3 0x8000b2f8 (0x00002f17) x30 0x8000d2f8
core   0: 0x8000b2fc (0xd03f2423) sw      gp, -760(t5)
core   0: 3 0x8000b2fc (0xd03f2423) mem 0x8000d000 0x00000001
core   0: 0x8000b300 (0xff9ff06f) j       pc - 0x8
core   0: 3 0x8000b300 (0xff9ff06f)
core   0: 0x8000b2f8 (0x00002f17) auipc   t5, 0x2
core   0: 3 0x8000b2f8 (0x00002f17) x30 0x8000d2f8
core   0: 0x8000b2fc (0xd03f2423) sw      gp, -760(t5)
core   0: 3 0x8000b2fc (0xd03f2423) mem 0x8000d000 0x00000001
core   0: 0x8000b300 (0xff9ff06f) j       pc - 0x8
core   0: 3 0x8000b300 (0xff9ff06f)
core   0: 0x8000b2f8 (0x00002f17) auipc   t5, 0x2
core   0: 3 0x8000b2f8 (0x00002f17) x30 0x8000d2f8
core   0: 0x8000b2fc (0xd03f2423) sw      gp, -760(t5)
core   0: 3 0x8000b2fc (0xd03f2423) mem 0x8000d000 0x00000001
core   0: 0x8000b300 (0xff9ff06f) j       pc - 0x8
core   0: 3 0x8000b300 (0xff9ff06f)
core   0: 0x8000b2f8 (0x00002f17) auipc   t5, 0x2
core   0: 3 0x8000b2f8 (0x00002f17) x30 0x8000d2f8
core   0: 0x8000b2fc (0xd03f2423) sw      gp, -760(t5)
core   0: 3 0x8000b2fc (0xd03f2423) mem 0x8000d000 0x00000001
core   0: 0x8000b300 (0xff9ff06f) j       pc - 0x8
core   0: 3 0x8000b300 (0xff9ff06f)
core   0: 0x8000b2f8 (0x00002f17) auipc   t5, 0x2
core   0: 3 0x8000b2f8 (0x00002f17) x30 0x8000d2f8
core   0: 0x8000b2fc (0xd03f2423) sw      gp, -760(t5)
core   0: 3 0x8000b2fc (0xd03f2423) mem 0x8000d000 0x00000001
core   0: 0x8000b300 (0xff9ff06f) j       pc - 0x8
core   0: 3 0x8000b300 (0xff9ff06f)
core   0: 0x8000b2f8 (0x00002f17) auipc   t5, 0x2
core   0: 3 0x8000b2f8 (0x00002f17) x30 0x8000d2f8
core   0: 0x8000b2fc (0xd03f2423) sw      gp, -760(t5)
core   0: 3 0x8000b2fc (0xd03f2423) mem 0x8000d000 0x00000001
core   0: 0x8000b300 (0xff9ff06f) j       pc - 0x8
core   0: 3 0x8000b300 (0xff9ff06f)
core   0: 0x8000b2f8 (0x00002f17) auipc   t5, 0x2
core   0: 3 0x8000b2f8 (0x00002f17) x30 0x8000d2f8
core   0: 0x8000b2fc (0xd03f2423) sw      gp, -760(t5)
core   0: 3 0x8000b2fc (0xd03f2423) mem 0x8000d000 0x00000001
core   0: 0x8000b300 (0xff9ff06f) j       pc - 0x8
core   0: 3 0x8000b300 (0xff9ff06f)
core   0: 0x8000b2f8 (0x00002f17) auipc   t5, 0x2
core   0: 3 0x8000b2f8 (0x00002f17) x30 0x8000d2f8
core   0: 0x8000b2fc (0xd03f2423) sw      gp, -760(t5)
core   0: 3 0x8000b2fc (0xd03f2423) mem 0x8000d000 0x00000001
core   0: 0x8000b300 (0xff9ff06f) j       pc - 0x8
core   0: 3 0x8000b300 (0xff9ff06f)
core   0: 0x8000b2f8 (0x00002f17) auipc   t5, 0x2
core   0: 3 0x8000b2f8 (0x00002f17) x30 0x8000d2f8
core   0: 0x8000b2fc (0xd03f2423) sw      gp, -760(t5)
core   0: 3 0x8000b2fc (0xd03f2423) mem 0x8000d000 0x00000001
core   0: 0x8000b300 (0xff9ff06f) j       pc - 0x8
core   0: 3 0x8000b300 (0xff9ff06f)
core   0: 0x8000b2f8 (0x00002f17) auipc   t5, 0x2
core   0: 3 0x8000b2f8 (0x00002f17) x30 0x8000d2f8
core   0: 0x8000b2fc (0xd03f2423) sw      gp, -760(t5)
core   0: 3 0x8000b2fc (0xd03f2423) mem 0x8000d000 0x00000001
core   0: 0x8000b300 (0xff9ff06f) j       pc - 0x8
core   0: 3 0x8000b300 (0xff9ff06f)
core   0: 0x8000b2f8 (0x00002f17) auipc   t5, 0x2
core   0: 3 0x8000b2f8 (0x00002f17) x30 0x8000d2f8
core   0: 0x8000b2fc (0xd03f2423) sw      gp, -760(t5)
core   0: 3 0x8000b2fc (0xd03f2423) mem 0x8000d000 0x00000001
core   0: 0x8000b300 (0xff9ff06f) j       pc - 0x8
core   0: 3 0x8000b300 (0xff9ff06f)
core   0: 0x8000b2f8 (0x00002f17) auipc   t5, 0x2
core   0: 3 0x8000b2f8 (0x00002f17) x30 0x8000d2f8
core   0: 0x8000b2fc (0xd03f2423) sw      gp, -760(t5)
core   0: 3 0x8000b2fc (0xd03f2423) mem 0x8000d000 0x00000001
core   0: 0x8000b300 (0xff9ff06f) j       pc - 0x8
core   0: 3 0x8000b300 (0xff9ff06f)
core   0: 0x8000b2f8 (0x00002f17) auipc   t5, 0x2
core   0: 3 0x8000b2f8 (0x00002f17) x30 0x8000d2f8
core   0: 0x8000b2fc (0xd03f2423) sw      gp, -760(t5)
core   0: 3 0x8000b2fc (0xd03f2423) mem 0x8000d000 0x00000001
core   0: 0x8000b300 (0xff9ff06f) j       pc - 0x8
core   0: 3 0x8000b300 (0xff9ff06f)
core   0: 0x8000b2f8 (0x00002f17) auipc   t5, 0x2
core   0: 3 0x8000b2f8 (0x00002f17) x30 0x8000d2f8
core   0: 0x8000b2fc (0xd03f2423) sw      gp, -760(t5)
core   0: 3 0x8000b2fc (0xd03f2423) mem 0x8000d000 0x00000001
core   0: 0x8000b300 (0xff9ff06f) j       pc - 0x8
core   0: 3 0x8000b300 (0xff9ff06f)
core   0: 0x8000b2f8 (0x00002f17) auipc   t5, 0x2
core   0: 3 0x8000b2f8 (0x00002f17) x30 0x8000d2f8
core   0: 0x8000b2fc (0xd03f2423) sw      gp, -760(t5)
core   0: 3 0x8000b2fc (0xd03f2423) mem 0x8000d000 0x00000001
core   0: 0x8000b300 (0xff9ff06f) j       pc - 0x8
core   0: 3 0x8000b300 (0xff9ff06f)
core   0: 0x8000b2f8 (0x00002f17) auipc   t5, 0x2
core   0: 3 0x8000b2f8 (0x00002f17) x30 0x8000d2f8
core   0: 0x8000b2fc (0xd03f2423) sw      gp, -760(t5)
core   0: 3 0x8000b2fc (0xd03f2423) mem 0x8000d000 0x00000001
core   0: 0x8000b300 (0xff9ff06f) j       pc - 0x8
core   0: 3 0x8000b300 (0xff9ff06f)
core   0: 0x8000b2f8 (0x00002f17) auipc   t5, 0x2
core   0: 3 0x8000b2f8 (0x00002f17) x30 0x8000d2f8
core   0: 0x8000b2fc (0xd03f2423) sw      gp, -760(t5)
core   0: 3 0x8000b2fc (0xd03f2423) mem 0x8000d000 0x00000001
core   0: 0x8000b300 (0xff9ff06f) j       pc - 0x8
core   0: 3 0x8000b300 (0xff9ff06f)
core   0: 0x8000b2f8 (0x00002f17) auipc   t5, 0x2
core   0: 3 0x8000b2f8 (0x00002f17) x30 0x8000d2f8
core   0: 0x8000b2fc (0xd03f2423) sw      gp, -760(t5)
core   0: 3 0x8000b2fc (0xd03f2423) mem 0x8000d000 0x00000001
core   0: 0x8000b300 (0xff9ff06f) j       pc - 0x8
core   0: 3 0x8000b300 (0xff9ff06f)
core   0: 0x8000b2f8 (0x00002f17) auipc   t5, 0x2
core   0: 3 0x8000b2f8 (0x00002f17) x30 0x8000d2f8
core   0: 0x8000b2fc (0xd03f2423) sw      gp, -760(t5)
core   0: 3 0x8000b2fc (0xd03f2423) mem 0x8000d000 0x00000001
core   0: 0x8000b300 (0xff9ff06f) j       pc - 0x8
core   0: 3 0x8000b300 (0xff9ff06f)
core   0: 0x8000b2f8 (0x00002f17) auipc   t5, 0x2
core   0: 3 0x8000b2f8 (0x00002f17) x30 0x8000d2f8
core   0: 0x8000b2fc (0xd03f2423) sw      gp, -760(t5)
core   0: 3 0x8000b2fc (0xd03f2423) mem 0x8000d000 0x00000001
core   0: 0x8000b300 (0xff9ff06f) j       pc - 0x8
core   0: 3 0x8000b300 (0xff9ff06f)
core   0: 0x8000b2f8 (0x00002f17) auipc   t5, 0x2
core   0: 3 0x8000b2f8 (0x00002f17) x30 0x8000d2f8
core   0: 0x8000b2fc (0xd03f2423) sw      gp, -760(t5)
core   0: 3 0x8000b2fc (0xd03f2423) mem 0x8000d000 0x00000001
core   0: 0x8000b300 (0xff9ff06f) j       pc - 0x8
core   0: 3 0x8000b300 (0xff9ff06f)
core   0: 0x8000b2f8 (0x00002f17) auipc   t5, 0x2
core   0: 3 0x8000b2f8 (0x00002f17) x30 0x8000d2f8
core   0: 0x8000b2fc (0xd03f2423) sw      gp, -760(t5)
core   0: 3 0x8000b2fc (0xd03f2423) mem 0x8000d000 0x00000001
core   0: 0x8000b300 (0xff9ff06f) j       pc - 0x8
core   0: 3 0x8000b300 (0xff9ff06f)
core   0: 0x8000b2f8 (0x00002f17) auipc   t5, 0x2
core   0: 3 0x8000b2f8 (0x00002f17) x30 0x8000d2f8
core   0: 0x8000b2fc (0xd03f2423) sw      gp, -760(t5)
core   0: 3 0x8000b2fc (0xd03f2423) mem 0x8000d000 0x00000001
core   0: 0x8000b300 (0xff9ff06f) j       pc - 0x8
core   0: 3 0x8000b300 (0xff9ff06f)
core   0: 0x8000b2f8 (0x00002f17) auipc   t5, 0x2
core   0: 3 0x8000b2f8 (0x00002f17) x30 0x8000d2f8
core   0: 0x8000b2fc (0xd03f2423) sw      gp, -760(t5)
core   0: 3 0x8000b2fc (0xd03f2423) mem 0x8000d000 0x00000001
core   0: 0x8000b300 (0xff9ff06f) j       pc - 0x8
core   0: 3 0x8000b300 (0xff9ff06f)
core   0: 0x8000b2f8 (0x00002f17) auipc   t5, 0x2
core   0: 3 0x8000b2f8 (0x00002f17) x30 0x8000d2f8
core   0: 0x8000b2fc (0xd03f2423) sw      gp, -760(t5)
core   0: 3 0x8000b2fc (0xd03f2423) mem 0x8000d000 0x00000001
core   0: 0x8000b300 (0xff9ff06f) j       pc - 0x8
core   0: 3 0x8000b300 (0xff9ff06f)
core   0: 0x8000b2f8 (0x00002f17) auipc   t5, 0x2
core   0: 3 0x8000b2f8 (0x00002f17) x30 0x8000d2f8
core   0: 0x8000b2fc (0xd03f2423) sw      gp, -760(t5)
core   0: 3 0x8000b2fc (0xd03f2423) mem 0x8000d000 0x00000001
core   0: 0x8000b300 (0xff9ff06f) j       pc - 0x8
core   0: 3 0x8000b300 (0xff9ff06f)
core   0: 0x8000b2f8 (0x00002f17) auipc   t5, 0x2
core   0: 3 0x8000b2f8 (0x00002f17) x30 0x8000d2f8
core   0: 0x8000b2fc (0xd03f2423) sw      gp, -760(t5)
core   0: 3 0x8000b2fc (0xd03f2423) mem 0x8000d000 0x00000001
core   0: 0x8000b300 (0xff9ff06f) j       pc - 0x8
core   0: 3 0x8000b300 (0xff9ff06f)
core   0: 0x8000b2f8 (0x00002f17) auipc   t5, 0x2
core   0: 3 0x8000b2f8 (0x00002f17) x30 0x8000d2f8
core   0: 0x8000b2fc (0xd03f2423) sw      gp, -760(t5)
core   0: 3 0x8000b2fc (0xd03f2423) mem 0x8000d000 0x00000001
core   0: 0x8000b300 (0xff9ff06f) j       pc - 0x8
core   0: 3 0x8000b300 (0xff9ff06f)
core   0: 0x8000b2f8 (0x00002f17) auipc   t5, 0x2
core   0: 3 0x8000b2f8 (0x00002f17) x30 0x8000d2f8
core   0: 0x8000b2fc (0xd03f2423) sw      gp, -760(t5)
core   0: 3 0x8000b2fc (0xd03f2423) mem 0x8000d000 0x00000001
core   0: 0x8000b300 (0xff9ff06f) j       pc - 0x8
core   0: 3 0x8000b300 (0xff9ff06f)
core   0: 0x8000b2f8 (0x00002f17) auipc   t5, 0x2
core   0: 3 0x8000b2f8 (0x00002f17) x30 0x8000d2f8
core   0: 0x8000b2fc (0xd03f2423) sw      gp, -760(t5)
core   0: 3 0x8000b2fc (0xd03f2423) mem 0x8000d000 0x00000001
core   0: 0x8000b300 (0xff9ff06f) j       pc - 0x8
core   0: 3 0x8000b300 (0xff9ff06f)
core   0: 0x8000b2f8 (0x00002f17) auipc   t5, 0x2
core   0: 3 0x8000b2f8 (0x00002f17) x30 0x8000d2f8
core   0: 0x8000b2fc (0xd03f2423) sw      gp, -760(t5)
core   0: 3 0x8000b2fc (0xd03f2423) mem 0x8000d000 0x00000001
core   0: 0x8000b300 (0xff9ff06f) j       pc - 0x8
core   0: 3 0x8000b300 (0xff9ff06f)
core   0: 0x8000b2f8 (0x00002f17) auipc   t5, 0x2
core   0: 3 0x8000b2f8 (0x00002f17) x30 0x8000d2f8
core   0: 0x8000b2fc (0xd03f2423) sw      gp, -760(t5)
core   0: 3 0x8000b2fc (0xd03f2423) mem 0x8000d000 0x00000001
core   0: 0x8000b300 (0xff9ff06f) j       pc - 0x8
core   0: 3 0x8000b300 (0xff9ff06f)
core   0: 0x8000b2f8 (0x00002f17) auipc   t5, 0x2
core   0: 3 0x8000b2f8 (0x00002f17) x30 0x8000d2f8
core   0: 0x8000b2fc (0xd03f2423) sw      gp, -760(t5)
core   0: 3 0x8000b2fc (0xd03f2423) mem 0x8000d000 0x00000001
core   0: 0x8000b300 (0xff9ff06f) j       pc - 0x8
core   0: 3 0x8000b300 (0xff9ff06f)
core   0: 0x8000b2f8 (0x00002f17) auipc   t5, 0x2
core   0: 3 0x8000b2f8 (0x00002f17) x30 0x8000d2f8
core   0: 0x8000b2fc (0xd03f2423) sw      gp, -760(t5)
core   0: 3 0x8000b2fc (0xd03f2423) mem 0x8000d000 0x00000001
core   0: 0x8000b300 (0xff9ff06f) j       pc - 0x8
core   0: 3 0x8000b300 (0xff9ff06f)
core   0: 0x8000b2f8 (0x00002f17) auipc   t5, 0x2
core   0: 3 0x8000b2f8 (0x00002f17) x30 0x8000d2f8
core   0: 0x8000b2fc (0xd03f2423) sw      gp, -760(t5)
core   0: 3 0x8000b2fc (0xd03f2423) mem 0x8000d000 0x00000001
core   0: 0x8000b300 (0xff9ff06f) j       pc - 0x8
core   0: 3 0x8000b300 (0xff9ff06f)
core   0: 0x8000b2f8 (0x00002f17) auipc   t5, 0x2
core   0: 3 0x8000b2f8 (0x00002f17) x30 0x8000d2f8
core   0: 0x8000b2fc (0xd03f2423) sw      gp, -760(t5)
core   0: 3 0x8000b2fc (0xd03f2423) mem 0x8000d000 0x00000001
core   0: 0x8000b300 (0xff9ff06f) j       pc - 0x8
core   0: 3 0x8000b300 (0xff9ff06f)
core   0: 0x8000b2f8 (0x00002f17) auipc   t5, 0x2
core   0: 3 0x8000b2f8 (0x00002f17) x30 0x8000d2f8
core   0: 0x8000b2fc (0xd03f2423) sw      gp, -760(t5)
core   0: 3 0x8000b2fc (0xd03f2423) mem 0x8000d000 0x00000001
core   0: 0x8000b300 (0xff9ff06f) j       pc - 0x8
core   0: 3 0x8000b300 (0xff9ff06f)
core   0: 0x8000b2f8 (0x00002f17) auipc   t5, 0x2
core   0: 3 0x8000b2f8 (0x00002f17) x30 0x8000d2f8
core   0: 0x8000b2fc (0xd03f2423) sw      gp, -760(t5)
core   0: 3 0x8000b2fc (0xd03f2423) mem 0x8000d000 0x00000001
core   0: 0x8000b300 (0xff9ff06f) j       pc - 0x8
core   0: 3 0x8000b300 (0xff9ff06f)
core   0: 0x8000b2f8 (0x00002f17) auipc   t5, 0x2
core   0: 3 0x8000b2f8 (0x00002f17) x30 0x8000d2f8
core   0: 0x8000b2fc (0xd03f2423) sw      gp, -760(t5)
core   0: 3 0x8000b2fc (0xd03f2423) mem 0x8000d000 0x00000001
core   0: 0x8000b300 (0xff9ff06f) j       pc - 0x8
core   0: 3 0x8000b300 (0xff9ff06f)
core   0: 0x8000b2f8 (0x00002f17) auipc   t5, 0x2
core   0: 3 0x8000b2f8 (0x00002f17) x30 0x8000d2f8
core   0: 0x8000b2fc (0xd03f2423) sw      gp, -760(t5)
core   0: 3 0x8000b2fc (0xd03f2423) mem 0x8000d000 0x00000001
core   0: 0x8000b300 (0xff9ff06f) j       pc - 0x8
core   0: 3 0x8000b300 (0xff9ff06f)
core   0: 0x8000b2f8 (0x00002f17) auipc   t5, 0x2
core   0: 3 0x8000b2f8 (0x00002f17) x30 0x8000d2f8
core   0: 0x8000b2fc (0xd03f2423) sw      gp, -760(t5)
core   0: 3 0x8000b2fc (0xd03f2423) mem 0x8000d000 0x00000001
core   0: 0x8000b300 (0xff9ff06f) j       pc - 0x8
core   0: 3 0x8000b300 (0xff9ff06f)
core   0: 0x8000b2f8 (0x00002f17) auipc   t5, 0x2
core   0: 3 0x8000b2f8 (0x00002f17) x30 0x8000d2f8
core   0: 0x8000b2fc (0xd03f2423) sw      gp, -760(t5)
core   0: 3 0x8000b2fc (0xd03f2423) mem 0x8000d000 0x00000001
core   0: 0x8000b300 (0xff9ff06f) j       pc - 0x8
core   0: 3 0x8000b300 (0xff9ff06f)
core   0: 0x8000b2f8 (0x00002f17) auipc   t5, 0x2
core   0: 3 0x8000b2f8 (0x00002f17) x30 0x8000d2f8
core   0: 0x8000b2fc (0xd03f2423) sw      gp, -760(t5)
core   0: 3 0x8000b2fc (0xd03f2423) mem 0x8000d000 0x00000001
core   0: 0x8000b300 (0xff9ff06f) j       pc - 0x8
core   0: 3 0x8000b300 (0xff9ff06f)
core   0: 0x8000b2f8 (0x00002f17) auipc   t5, 0x2
core   0: 3 0x8000b2f8 (0x00002f17) x30 0x8000d2f8
core   0: 0x8000b2fc (0xd03f2423) sw      gp, -760(t5)
core   0: 3 0x8000b2fc (0xd03f2423) mem 0x8000d000 0x00000001
core   0: 0x8000b300 (0xff9ff06f) j       pc - 0x8
core   0: 3 0x8000b300 (0xff9ff06f)
core   0: 0x8000b2f8 (0x00002f17) auipc   t5, 0x2
core   0: 3 0x8000b2f8 (0x00002f17) x30 0x8000d2f8
core   0: 0x8000b2fc (0xd03f2423) sw      gp, -760(t5)
core   0: 3 0x8000b2fc (0xd03f2423) mem 0x8000d000 0x00000001
core   0: 0x8000b300 (0xff9ff06f) j       pc - 0x8
core   0: 3 0x8000b300 (0xff9ff06f)
core   0: 0x8000b2f8 (0x00002f17) auipc   t5, 0x2
core   0: 3 0x8000b2f8 (0x00002f17) x30 0x8000d2f8
core   0: 0x8000b2fc (0xd03f2423) sw      gp, -760(t5)
core   0: 3 0x8000b2fc (0xd03f2423) mem 0x8000d000 0x00000001
core   0: 0x8000b300 (0xff9ff06f) j       pc - 0x8
core   0: 3 0x8000b300 (0xff9ff06f)
core   0: 0x8000b2f8 (0x00002f17) auipc   t5, 0x2
core   0: 3 0x8000b2f8 (0x00002f17) x30 0x8000d2f8
core   0: 0x8000b2fc (0xd03f2423) sw      gp, -760(t5)
core   0: 3 0x8000b2fc (0xd03f2423) mem 0x8000d000 0x00000001
core   0: 0x8000b300 (0xff9ff06f) j       pc - 0x8
core   0: 3 0x8000b300 (0xff9ff06f)
core   0: 0x8000b2f8 (0x00002f17) auipc   t5, 0x2
core   0: 3 0x8000b2f8 (0x00002f17) x30 0x8000d2f8
core   0: 0x8000b2fc (0xd03f2423) sw      gp, -760(t5)
core   0: 3 0x8000b2fc (0xd03f2423) mem 0x8000d000 0x00000001
core   0: 0x8000b300 (0xff9ff06f) j       pc - 0x8
core   0: 3 0x8000b300 (0xff9ff06f)
core   0: 0x8000b2f8 (0x00002f17) auipc   t5, 0x2
core   0: 3 0x8000b2f8 (0x00002f17) x30 0x8000d2f8
core   0: 0x8000b2fc (0xd03f2423) sw      gp, -760(t5)
core   0: 3 0x8000b2fc (0xd03f2423) mem 0x8000d000 0x00000001
core   0: 0x8000b300 (0xff9ff06f) j       pc - 0x8
core   0: 3 0x8000b300 (0xff9ff06f)
core   0: 0x8000b2f8 (0x00002f17) auipc   t5, 0x2
core   0: 3 0x8000b2f8 (0x00002f17) x30 0x8000d2f8
core   0: 0x8000b2fc (0xd03f2423) sw      gp, -760(t5)
core   0: 3 0x8000b2fc (0xd03f2423) mem 0x8000d000 0x00000001
core   0: 0x8000b300 (0xff9ff06f) j       pc - 0x8
core   0: 3 0x8000b300 (0xff9ff06f)
core   0: 0x8000b2f8 (0x00002f17) auipc   t5, 0x2
core   0: 3 0x8000b2f8 (0x00002f17) x30 0x8000d2f8
core   0: 0x8000b2fc (0xd03f2423) sw      gp, -760(t5)
core   0: 3 0x8000b2fc (0xd03f2423) mem 0x8000d000 0x00000001
core   0: 0x8000b300 (0xff9ff06f) j       pc - 0x8
core   0: 3 0x8000b300 (0xff9ff06f)
core   0: 0x8000b2f8 (0x00002f17) auipc   t5, 0x2
core   0: 3 0x8000b2f8 (0x00002f17) x30 0x8000d2f8
core   0: 0x8000b2fc (0xd03f2423) sw      gp, -760(t5)
core   0: 3 0x8000b2fc (0xd03f2423) mem 0x8000d000 0x00000001
core   0: 0x8000b300 (0xff9ff06f) j       pc - 0x8
core   0: 3 0x8000b300 (0xff9ff06f)
core   0: 0x8000b2f8 (0x00002f17) auipc   t5, 0x2
core   0: 3 0x8000b2f8 (0x00002f17) x30 0x8000d2f8
core   0: 0x8000b2fc (0xd03f2423) sw      gp, -760(t5)
core   0: 3 0x8000b2fc (0xd03f2423) mem 0x8000d000 0x00000001
core   0: 0x8000b300 (0xff9ff06f) j       pc - 0x8
core   0: 3 0x8000b300 (0xff9ff06f)
core   0: 0x8000b2f8 (0x00002f17) auipc   t5, 0x2
core   0: 3 0x8000b2f8 (0x00002f17) x30 0x8000d2f8
core   0: 0x8000b2fc (0xd03f2423) sw      gp, -760(t5)
core   0: 3 0x8000b2fc (0xd03f2423) mem 0x8000d000 0x00000001
core   0: 0x8000b300 (0xff9ff06f) j       pc - 0x8
core   0: 3 0x8000b300 (0xff9ff06f)
core   0: 0x8000b2f8 (0x00002f17) auipc   t5, 0x2
core   0: 3 0x8000b2f8 (0x00002f17) x30 0x8000d2f8
core   0: 0x8000b2fc (0xd03f2423) sw      gp, -760(t5)
core   0: 3 0x8000b2fc (0xd03f2423) mem 0x8000d000 0x00000001
core   0: 0x8000b300 (0xff9ff06f) j       pc - 0x8
core   0: 3 0x8000b300 (0xff9ff06f)
core   0: 0x8000b2f8 (0x00002f17) auipc   t5, 0x2
core   0: 3 0x8000b2f8 (0x00002f17) x30 0x8000d2f8
core   0: 0x8000b2fc (0xd03f2423) sw      gp, -760(t5)
core   0: 3 0x8000b2fc (0xd03f2423) mem 0x8000d000 0x00000001
core   0: 0x8000b300 (0xff9ff06f) j       pc - 0x8
core   0: 3 0x8000b300 (0xff9ff06f)
core   0: 0x8000b2f8 (0x00002f17) auipc   t5, 0x2
core   0: 3 0x8000b2f8 (0x00002f17) x30 0x8000d2f8
core   0: 0x8000b2fc (0xd03f2423) sw      gp, -760(t5)
core   0: 3 0x8000b2fc (0xd03f2423) mem 0x8000d000 0x00000001
core   0: 0x8000b300 (0xff9ff06f) j       pc - 0x8
core   0: 3 0x8000b300 (0xff9ff06f)
core   0: 0x8000b2f8 (0x00002f17) auipc   t5, 0x2
core   0: 3 0x8000b2f8 (0x00002f17) x30 0x8000d2f8
core   0: 0x8000b2fc (0xd03f2423) sw      gp, -760(t5)
core   0: 3 0x8000b2fc (0xd03f2423) mem 0x8000d000 0x00000001
core   0: 0x8000b300 (0xff9ff06f) j       pc - 0x8
core   0: 3 0x8000b300 (0xff9ff06f)
core   0: 0x8000b2f8 (0x00002f17) auipc   t5, 0x2
core   0: 3 0x8000b2f8 (0x00002f17) x30 0x8000d2f8
core   0: 0x8000b2fc (0xd03f2423) sw      gp, -760(t5)
core   0: 3 0x8000b2fc (0xd03f2423) mem 0x8000d000 0x00000001
core   0: 0x8000b300 (0xff9ff06f) j       pc - 0x8
core   0: 3 0x8000b300 (0xff9ff06f)
core   0: 0x8000b2f8 (0x00002f17) auipc   t5, 0x2
core   0: 3 0x8000b2f8 (0x00002f17) x30 0x8000d2f8
core   0: 0x8000b2fc (0xd03f2423) sw      gp, -760(t5)
core   0: 3 0x8000b2fc (0xd03f2423) mem 0x8000d000 0x00000001
core   0: 0x8000b300 (0xff9ff06f) j       pc - 0x8
core   0: 3 0x8000b300 (0xff9ff06f)
core   0: 0x8000b2f8 (0x00002f17) auipc   t5, 0x2
core   0: 3 0x8000b2f8 (0x00002f17) x30 0x8000d2f8
core   0: 0x8000b2fc (0xd03f2423) sw      gp, -760(t5)
core   0: 3 0x8000b2fc (0xd03f2423) mem 0x8000d000 0x00000001
core   0: 0x8000b300 (0xff9ff06f) j       pc - 0x8
core   0: 3 0x8000b300 (0xff9ff06f)
core   0: 0x8000b2f8 (0x00002f17) auipc   t5, 0x2
core   0: 3 0x8000b2f8 (0x00002f17) x30 0x8000d2f8
core   0: 0x8000b2fc (0xd03f2423) sw      gp, -760(t5)
core   0: 3 0x8000b2fc (0xd03f2423) mem 0x8000d000 0x00000001
core   0: 0x8000b300 (0xff9ff06f) j       pc - 0x8
core   0: 3 0x8000b300 (0xff9ff06f)
core   0: 0x8000b2f8 (0x00002f17) auipc   t5, 0x2
core   0: 3 0x8000b2f8 (0x00002f17) x30 0x8000d2f8
core   0: 0x8000b2fc (0xd03f2423) sw      gp, -760(t5)
core   0: 3 0x8000b2fc (0xd03f2423) mem 0x8000d000 0x00000001
core   0: 0x8000b300 (0xff9ff06f) j       pc - 0x8
core   0: 3 0x8000b300 (0xff9ff06f)
core   0: 0x8000b2f8 (0x00002f17) auipc   t5, 0x2
core   0: 3 0x8000b2f8 (0x00002f17) x30 0x8000d2f8
core   0: 0x8000b2fc (0xd03f2423) sw      gp, -760(t5)
core   0: 3 0x8000b2fc (0xd03f2423) mem 0x8000d000 0x00000001
core   0: 0x8000b300 (0xff9ff06f) j       pc - 0x8
core   0: 3 0x8000b300 (0xff9ff06f)
core   0: 0x8000b2f8 (0x00002f17) auipc   t5, 0x2
core   0: 3 0x8000b2f8 (0x00002f17) x30 0x8000d2f8
core   0: 0x8000b2fc (0xd03f2423) sw      gp, -760(t5)
core   0: 3 0x8000b2fc (0xd03f2423) mem 0x8000d000 0x00000001
core   0: 0x8000b300 (0xff9ff06f) j       pc - 0x8
core   0: 3 0x8000b300 (0xff9ff06f)
core   0: 0x8000b2f8 (0x00002f17) auipc   t5, 0x2
core   0: 3 0x8000b2f8 (0x00002f17) x30 0x8000d2f8
core   0: 0x8000b2fc (0xd03f2423) sw      gp, -760(t5)
core   0: 3 0x8000b2fc (0xd03f2423) mem 0x8000d000 0x00000001
core   0: 0x8000b300 (0xff9ff06f) j       pc - 0x8
core   0: 3 0x8000b300 (0xff9ff06f)
core   0: 0x8000b2f8 (0x00002f17) auipc   t5, 0x2
core   0: 3 0x8000b2f8 (0x00002f17) x30 0x8000d2f8
core   0: 0x8000b2fc (0xd03f2423) sw      gp, -760(t5)
core   0: 3 0x8000b2fc (0xd03f2423) mem 0x8000d000 0x00000001
core   0: 0x8000b300 (0xff9ff06f) j       pc - 0x8
core   0: 3 0x8000b300 (0xff9ff06f)
core   0: 0x8000b2f8 (0x00002f17) auipc   t5, 0x2
core   0: 3 0x8000b2f8 (0x00002f17) x30 0x8000d2f8
core   0: 0x8000b2fc (0xd03f2423) sw      gp, -760(t5)
core   0: 3 0x8000b2fc (0xd03f2423) mem 0x8000d000 0x00000001
core   0: 0x8000b300 (0xff9ff06f) j       pc - 0x8
core   0: 3 0x8000b300 (0xff9ff06f)
core   0: 0x8000b2f8 (0x00002f17) auipc   t5, 0x2
core   0: 3 0x8000b2f8 (0x00002f17) x30 0x8000d2f8
core   0: 0x8000b2fc (0xd03f2423) sw      gp, -760(t5)
core   0: 3 0x8000b2fc (0xd03f2423) mem 0x8000d000 0x00000001
core   0: 0x8000b300 (0xff9ff06f) j       pc - 0x8
core   0: 3 0x8000b300 (0xff9ff06f)
core   0: 0x8000b2f8 (0x00002f17) auipc   t5, 0x2
core   0: 3 0x8000b2f8 (0x00002f17) x30 0x8000d2f8
core   0: 0x8000b2fc (0xd03f2423) sw      gp, -760(t5)
core   0: 3 0x8000b2fc (0xd03f2423) mem 0x8000d000 0x00000001
core   0: 0x8000b300 (0xff9ff06f) j       pc - 0x8
core   0: 3 0x8000b300 (0xff9ff06f)
core   0: 0x8000b2f8 (0x00002f17) auipc   t5, 0x2
core   0: 3 0x8000b2f8 (0x00002f17) x30 0x8000d2f8
core   0: 0x8000b2fc (0xd03f2423) sw      gp, -760(t5)
core   0: 3 0x8000b2fc (0xd03f2423) mem 0x8000d000 0x00000001
core   0: 0x8000b300 (0xff9ff06f) j       pc - 0x8
core   0: 3 0x8000b300 (0xff9ff06f)
core   0: 0x8000b2f8 (0x00002f17) auipc   t5, 0x2
core   0: 3 0x8000b2f8 (0x00002f17) x30 0x8000d2f8
core   0: 0x8000b2fc (0xd03f2423) sw      gp, -760(t5)
core   0: 3 0x8000b2fc (0xd03f2423) mem 0x8000d000 0x00000001
core   0: 0x8000b300 (0xff9ff06f) j       pc - 0x8
core   0: 3 0x8000b300 (0xff9ff06f)
core   0: 0x8000b2f8 (0x00002f17) auipc   t5, 0x2
core   0: 3 0x8000b2f8 (0x00002f17) x30 0x8000d2f8
core   0: 0x8000b2fc (0xd03f2423) sw      gp, -760(t5)
core   0: 3 0x8000b2fc (0xd03f2423) mem 0x8000d000 0x00000001
core   0: 0x8000b300 (0xff9ff06f) j       pc - 0x8
core   0: 3 0x8000b300 (0xff9ff06f)
core   0: 0x8000b2f8 (0x00002f17) auipc   t5, 0x2
core   0: 3 0x8000b2f8 (0x00002f17) x30 0x8000d2f8
core   0: 0x8000b2fc (0xd03f2423) sw      gp, -760(t5)
core   0: 3 0x8000b2fc (0xd03f2423) mem 0x8000d000 0x00000001
core   0: 0x8000b300 (0xff9ff06f) j       pc - 0x8
core   0: 3 0x8000b300 (0xff9ff06f)
core   0: 0x8000b2f8 (0x00002f17) auipc   t5, 0x2
core   0: 3 0x8000b2f8 (0x00002f17) x30 0x8000d2f8
core   0: 0x8000b2fc (0xd03f2423) sw      gp, -760(t5)
core   0: 3 0x8000b2fc (0xd03f2423) mem 0x8000d000 0x00000001
core   0: 0x8000b300 (0xff9ff06f) j       pc - 0x8
core   0: 3 0x8000b300 (0xff9ff06f)
core   0: 0x8000b2f8 (0x00002f17) auipc   t5, 0x2
core   0: 3 0x8000b2f8 (0x00002f17) x30 0x8000d2f8
core   0: 0x8000b2fc (0xd03f2423) sw      gp, -760(t5)
core   0: 3 0x8000b2fc (0xd03f2423) mem 0x8000d000 0x00000001
core   0: 0x8000b300 (0xff9ff06f) j       pc - 0x8
core   0: 3 0x8000b300 (0xff9ff06f)
core   0: 0x8000b2f8 (0x00002f17) auipc   t5, 0x2
core   0: 3 0x8000b2f8 (0x00002f17) x30 0x8000d2f8
core   0: 0x8000b2fc (0xd03f2423) sw      gp, -760(t5)
core   0: 3 0x8000b2fc (0xd03f2423) mem 0x8000d000 0x00000001
core   0: 0x8000b300 (0xff9ff06f) j       pc - 0x8
core   0: 3 0x8000b300 (0xff9ff06f)
core   0: 0x8000b2f8 (0x00002f17) auipc   t5, 0x2
core   0: 3 0x8000b2f8 (0x00002f17) x30 0x8000d2f8
core   0: 0x8000b2fc (0xd03f2423) sw      gp, -760(t5)
core   0: 3 0x8000b2fc (0xd03f2423) mem 0x8000d000 0x00000001
core   0: 0x8000b300 (0xff9ff06f) j       pc - 0x8
core   0: 3 0x8000b300 (0xff9ff06f)
core   0: 0x8000b2f8 (0x00002f17) auipc   t5, 0x2
core   0: 3 0x8000b2f8 (0x00002f17) x30 0x8000d2f8
core   0: 0x8000b2fc (0xd03f2423) sw      gp, -760(t5)
core   0: 3 0x8000b2fc (0xd03f2423) mem 0x8000d000 0x00000001
core   0: 0x8000b300 (0xff9ff06f) j       pc - 0x8
core   0: 3 0x8000b300 (0xff9ff06f)
core   0: 0x8000b2f8 (0x00002f17) auipc   t5, 0x2
core   0: 3 0x8000b2f8 (0x00002f17) x30 0x8000d2f8
core   0: 0x8000b2fc (0xd03f2423) sw      gp, -760(t5)
core   0: 3 0x8000b2fc (0xd03f2423) mem 0x8000d000 0x00000001
core   0: 0x8000b300 (0xff9ff06f) j       pc - 0x8
core   0: 3 0x8000b300 (0xff9ff06f)
core   0: 0x8000b2f8 (0x00002f17) auipc   t5, 0x2
core   0: 3 0x8000b2f8 (0x00002f17) x30 0x8000d2f8
core   0: 0x8000b2fc (0xd03f2423) sw      gp, -760(t5)
core   0: 3 0x8000b2fc (0xd03f2423) mem 0x8000d000 0x00000001
core   0: 0x8000b300 (0xff9ff06f) j       pc - 0x8
core   0: 3 0x8000b300 (0xff9ff06f)
core   0: 0x8000b2f8 (0x00002f17) auipc   t5, 0x2
core   0: 3 0x8000b2f8 (0x00002f17) x30 0x8000d2f8
core   0: 0x8000b2fc (0xd03f2423) sw      gp, -760(t5)
core   0: 3 0x8000b2fc (0xd03f2423) mem 0x8000d000 0x00000001
core   0: 0x8000b300 (0xff9ff06f) j       pc - 0x8
core   0: 3 0x8000b300 (0xff9ff06f)
core   0: 0x8000b2f8 (0x00002f17) auipc   t5, 0x2
core   0: 3 0x8000b2f8 (0x00002f17) x30 0x8000d2f8
core   0: 0x8000b2fc (0xd03f2423) sw      gp, -760(t5)
core   0: 3 0x8000b2fc (0xd03f2423) mem 0x8000d000 0x00000001
core   0: 0x8000b300 (0xff9ff06f) j       pc - 0x8
core   0: 3 0x8000b300 (0xff9ff06f)
core   0: 0x8000b2f8 (0x00002f17) auipc   t5, 0x2
core   0: 3 0x8000b2f8 (0x00002f17) x30 0x8000d2f8
core   0: 0x8000b2fc (0xd03f2423) sw      gp, -760(t5)
core   0: 3 0x8000b2fc (0xd03f2423) mem 0x8000d000 0x00000001
core   0: 0x8000b300 (0xff9ff06f) j       pc - 0x8
core   0: 3 0x8000b300 (0xff9ff06f)
core   0: 0x8000b2f8 (0x00002f17) auipc   t5, 0x2
core   0: 3 0x8000b2f8 (0x00002f17) x30 0x8000d2f8
core   0: 0x8000b2fc (0xd03f2423) sw      gp, -760(t5)
core   0: 3 0x8000b2fc (0xd03f2423) mem 0x8000d000 0x00000001
core   0: 0x8000b300 (0xff9ff06f) j       pc - 0x8
core   0: 3 0x8000b300 (0xff9ff06f)
core   0: 0x8000b2f8 (0x00002f17) auipc   t5, 0x2
core   0: 3 0x8000b2f8 (0x00002f17) x30 0x8000d2f8
core   0: 0x8000b2fc (0xd03f2423) sw      gp, -760(t5)
core   0: 3 0x8000b2fc (0xd03f2423) mem 0x8000d000 0x00000001
core   0: 0x8000b300 (0xff9ff06f) j       pc - 0x8
core   0: 3 0x8000b300 (0xff9ff06f)
core   0: 0x8000b2f8 (0x00002f17) auipc   t5, 0x2
core   0: 3 0x8000b2f8 (0x00002f17) x30 0x8000d2f8
core   0: 0x8000b2fc (0xd03f2423) sw      gp, -760(t5)
core   0: 3 0x8000b2fc (0xd03f2423) mem 0x8000d000 0x00000001
core   0: 0x8000b300 (0xff9ff06f) j       pc - 0x8
core   0: 3 0x8000b300 (0xff9ff06f)
core   0: 0x8000b2f8 (0x00002f17) auipc   t5, 0x2
core   0: 3 0x8000b2f8 (0x00002f17) x30 0x8000d2f8
core   0: 0x8000b2fc (0xd03f2423) sw      gp, -760(t5)
core   0: 3 0x8000b2fc (0xd03f2423) mem 0x8000d000 0x00000001
core   0: 0x8000b300 (0xff9ff06f) j       pc - 0x8
core   0: 3 0x8000b300 (0xff9ff06f)
core   0: 0x8000b2f8 (0x00002f17) auipc   t5, 0x2
core   0: 3 0x8000b2f8 (0x00002f17) x30 0x8000d2f8
core   0: 0x8000b2fc (0xd03f2423) sw      gp, -760(t5)
core   0: 3 0x8000b2fc (0xd03f2423) mem 0x8000d000 0x00000001
core   0: 0x8000b300 (0xff9ff06f) j       pc - 0x8
core   0: 3 0x8000b300 (0xff9ff06f)
core   0: 0x8000b2f8 (0x00002f17) auipc   t5, 0x2
core   0: 3 0x8000b2f8 (0x00002f17) x30 0x8000d2f8
core   0: 0x8000b2fc (0xd03f2423) sw      gp, -760(t5)
core   0: 3 0x8000b2fc (0xd03f2423) mem 0x8000d000 0x00000001
core   0: 0x8000b300 (0xff9ff06f) j       pc - 0x8
core   0: 3 0x8000b300 (0xff9ff06f)
core   0: 0x8000b2f8 (0x00002f17) auipc   t5, 0x2
core   0: 3 0x8000b2f8 (0x00002f17) x30 0x8000d2f8
core   0: 0x8000b2fc (0xd03f2423) sw      gp, -760(t5)
core   0: 3 0x8000b2fc (0xd03f2423) mem 0x8000d000 0x00000001
core   0: 0x8000b300 (0xff9ff06f) j       pc - 0x8
core   0: 3 0x8000b300 (0xff9ff06f)
core   0: 0x8000b2f8 (0x00002f17) auipc   t5, 0x2
core   0: 3 0x8000b2f8 (0x00002f17) x30 0x8000d2f8
core   0: 0x8000b2fc (0xd03f2423) sw      gp, -760(t5)
core   0: 3 0x8000b2fc (0xd03f2423) mem 0x8000d000 0x00000001
core   0: 0x8000b300 (0xff9ff06f) j       pc - 0x8
core   0: 3 0x8000b300 (0xff9ff06f)
core   0: 0x8000b2f8 (0x00002f17) auipc   t5, 0x2
core   0: 3 0x8000b2f8 (0x00002f17) x30 0x8000d2f8
core   0: 0x8000b2fc (0xd03f2423) sw      gp, -760(t5)
core   0: 3 0x8000b2fc (0xd03f2423) mem 0x8000d000 0x00000001
core   0: 0x8000b300 (0xff9ff06f) j       pc - 0x8
core   0: 3 0x8000b300 (0xff9ff06f)
core   0: 0x8000b2f8 (0x00002f17) auipc   t5, 0x2
core   0: 3 0x8000b2f8 (0x00002f17) x30 0x8000d2f8
core   0: 0x8000b2fc (0xd03f2423) sw      gp, -760(t5)
core   0: 3 0x8000b2fc (0xd03f2423) mem 0x8000d000 0x00000001
core   0: 0x8000b300 (0xff9ff06f) j       pc - 0x8
core   0: 3 0x8000b300 (0xff9ff06f)
core   0: 0x8000b2f8 (0x00002f17) auipc   t5, 0x2
core   0: 3 0x8000b2f8 (0x00002f17) x30 0x8000d2f8
core   0: 0x8000b2fc (0xd03f2423) sw      gp, -760(t5)
core   0: 3 0x8000b2fc (0xd03f2423) mem 0x8000d000 0x00000001
core   0: 0x8000b300 (0xff9ff06f) j       pc - 0x8
core   0: 3 0x8000b300 (0xff9ff06f)
core   0: 0x8000b2f8 (0x00002f17) auipc   t5, 0x2
core   0: 3 0x8000b2f8 (0x00002f17) x30 0x8000d2f8
core   0: 0x8000b2fc (0xd03f2423) sw      gp, -760(t5)
core   0: 3 0x8000b2fc (0xd03f2423) mem 0x8000d000 0x00000001
core   0: 0x8000b300 (0xff9ff06f) j       pc - 0x8
core   0: 3 0x8000b300 (0xff9ff06f)
core   0: 0x8000b2f8 (0x00002f17) auipc   t5, 0x2
core   0: 3 0x8000b2f8 (0x00002f17) x30 0x8000d2f8
core   0: 0x8000b2fc (0xd03f2423) sw      gp, -760(t5)
core   0: 3 0x8000b2fc (0xd03f2423) mem 0x8000d000 0x00000001
core   0: 0x8000b300 (0xff9ff06f) j       pc - 0x8
core   0: 3 0x8000b300 (0xff9ff06f)
core   0: 0x8000b2f8 (0x00002f17) auipc   t5, 0x2
core   0: 3 0x8000b2f8 (0x00002f17) x30 0x8000d2f8
core   0: 0x8000b2fc (0xd03f2423) sw      gp, -760(t5)
core   0: 3 0x8000b2fc (0xd03f2423) mem 0x8000d000 0x00000001
core   0: 0x8000b300 (0xff9ff06f) j       pc - 0x8
core   0: 3 0x8000b300 (0xff9ff06f)
core   0: 0x8000b2f8 (0x00002f17) auipc   t5, 0x2
core   0: 3 0x8000b2f8 (0x00002f17) x30 0x8000d2f8
core   0: 0x8000b2fc (0xd03f2423) sw      gp, -760(t5)
core   0: 3 0x8000b2fc (0xd03f2423) mem 0x8000d000 0x00000001
core   0: 0x8000b300 (0xff9ff06f) j       pc - 0x8
core   0: 3 0x8000b300 (0xff9ff06f)
core   0: 0x8000b2f8 (0x00002f17) auipc   t5, 0x2
core   0: 3 0x8000b2f8 (0x00002f17) x30 0x8000d2f8
core   0: 0x8000b2fc (0xd03f2423) sw      gp, -760(t5)
core   0: 3 0x8000b2fc (0xd03f2423) mem 0x8000d000 0x00000001
core   0: 0x8000b300 (0xff9ff06f) j       pc - 0x8
core   0: 3 0x8000b300 (0xff9ff06f)
core   0: 0x8000b2f8 (0x00002f17) auipc   t5, 0x2
core   0: 3 0x8000b2f8 (0x00002f17) x30 0x8000d2f8
core   0: 0x8000b2fc (0xd03f2423) sw      gp, -760(t5)
core   0: 3 0x8000b2fc (0xd03f2423) mem 0x8000d000 0x00000001
core   0: 0x8000b300 (0xff9ff06f) j       pc - 0x8
core   0: 3 0x8000b300 (0xff9ff06f)
core   0: 0x8000b2f8 (0x00002f17) auipc   t5, 0x2
core   0: 3 0x8000b2f8 (0x00002f17) x30 0x8000d2f8
core   0: 0x8000b2fc (0xd03f2423) sw      gp, -760(t5)
core   0: 3 0x8000b2fc (0xd03f2423) mem 0x8000d000 0x00000001
core   0: 0x8000b300 (0xff9ff06f) j       pc - 0x8
core   0: 3 0x8000b300 (0xff9ff06f)
core   0: 0x8000b2f8 (0x00002f17) auipc   t5, 0x2
core   0: 3 0x8000b2f8 (0x00002f17) x30 0x8000d2f8
core   0: 0x8000b2fc (0xd03f2423) sw      gp, -760(t5)
core   0: 3 0x8000b2fc (0xd03f2423) mem 0x8000d000 0x00000001
core   0: 0x8000b300 (0xff9ff06f) j       pc - 0x8
core   0: 3 0x8000b300 (0xff9ff06f)
core   0: 0x8000b2f8 (0x00002f17) auipc   t5, 0x2
core   0: 3 0x8000b2f8 (0x00002f17) x30 0x8000d2f8
core   0: 0x8000b2fc (0xd03f2423) sw      gp, -760(t5)
core   0: 3 0x8000b2fc (0xd03f2423) mem 0x8000d000 0x00000001
core   0: 0x8000b300 (0xff9ff06f) j       pc - 0x8
core   0: 3 0x8000b300 (0xff9ff06f)
core   0: 0x8000b2f8 (0x00002f17) auipc   t5, 0x2
core   0: 3 0x8000b2f8 (0x00002f17) x30 0x8000d2f8
core   0: 0x8000b2fc (0xd03f2423) sw      gp, -760(t5)
core   0: 3 0x8000b2fc (0xd03f2423) mem 0x8000d000 0x00000001
core   0: 0x8000b300 (0xff9ff06f) j       pc - 0x8
core   0: 3 0x8000b300 (0xff9ff06f)
core   0: 0x8000b2f8 (0x00002f17) auipc   t5, 0x2
core   0: 3 0x8000b2f8 (0x00002f17) x30 0x8000d2f8
core   0: 0x8000b2fc (0xd03f2423) sw      gp, -760(t5)
core   0: 3 0x8000b2fc (0xd03f2423) mem 0x8000d000 0x00000001
core   0: 0x8000b300 (0xff9ff06f) j       pc - 0x8
core   0: 3 0x8000b300 (0xff9ff06f)
core   0: 0x8000b2f8 (0x00002f17) auipc   t5, 0x2
core   0: 3 0x8000b2f8 (0x00002f17) x30 0x8000d2f8
core   0: 0x8000b2fc (0xd03f2423) sw      gp, -760(t5)
core   0: 3 0x8000b2fc (0xd03f2423) mem 0x8000d000 0x00000001
core   0: 0x8000b300 (0xff9ff06f) j       pc - 0x8
core   0: 3 0x8000b300 (0xff9ff06f)
core   0: 0x8000b2f8 (0x00002f17) auipc   t5, 0x2
core   0: 3 0x8000b2f8 (0x00002f17) x30 0x8000d2f8
core   0: 0x8000b2fc (0xd03f2423) sw      gp, -760(t5)
core   0: 3 0x8000b2fc (0xd03f2423) mem 0x8000d000 0x00000001
core   0: 0x8000b300 (0xff9ff06f) j       pc - 0x8
core   0: 3 0x8000b300 (0xff9ff06f)
core   0: 0x8000b2f8 (0x00002f17) auipc   t5, 0x2
core   0: 3 0x8000b2f8 (0x00002f17) x30 0x8000d2f8
core   0: 0x8000b2fc (0xd03f2423) sw      gp, -760(t5)
core   0: 3 0x8000b2fc (0xd03f2423) mem 0x8000d000 0x00000001
core   0: 0x8000b300 (0xff9ff06f) j       pc - 0x8
core   0: 3 0x8000b300 (0xff9ff06f)
core   0: 0x8000b2f8 (0x00002f17) auipc   t5, 0x2
core   0: 3 0x8000b2f8 (0x00002f17) x30 0x8000d2f8
core   0: 0x8000b2fc (0xd03f2423) sw      gp, -760(t5)
core   0: 3 0x8000b2fc (0xd03f2423) mem 0x8000d000 0x00000001
core   0: 0x8000b300 (0xff9ff06f) j       pc - 0x8
core   0: 3 0x8000b300 (0xff9ff06f)
core   0: 0x8000b2f8 (0x00002f17) auipc   t5, 0x2
core   0: 3 0x8000b2f8 (0x00002f17) x30 0x8000d2f8
core   0: 0x8000b2fc (0xd03f2423) sw      gp, -760(t5)
core   0: 3 0x8000b2fc (0xd03f2423) mem 0x8000d000 0x00000001
core   0: 0x8000b300 (0xff9ff06f) j       pc - 0x8
core   0: 3 0x8000b300 (0xff9ff06f)
core   0: 0x8000b2f8 (0x00002f17) auipc   t5, 0x2
core   0: 3 0x8000b2f8 (0x00002f17) x30 0x8000d2f8
core   0: 0x8000b2fc (0xd03f2423) sw      gp, -760(t5)
core   0: 3 0x8000b2fc (0xd03f2423) mem 0x8000d000 0x00000001
core   0: 0x8000b300 (0xff9ff06f) j       pc - 0x8
core   0: 3 0x8000b300 (0xff9ff06f)
core   0: 0x8000b2f8 (0x00002f17) auipc   t5, 0x2
core   0: 3 0x8000b2f8 (0x00002f17) x30 0x8000d2f8
core   0: 0x8000b2fc (0xd03f2423) sw      gp, -760(t5)
core   0: 3 0x8000b2fc (0xd03f2423) mem 0x8000d000 0x00000001
core   0: 0x8000b300 (0xff9ff06f) j       pc - 0x8
core   0: 3 0x8000b300 (0xff9ff06f)
core   0: 0x8000b2f8 (0x00002f17) auipc   t5, 0x2
core   0: 3 0x8000b2f8 (0x00002f17) x30 0x8000d2f8
core   0: 0x8000b2fc (0xd03f2423) sw      gp, -760(t5)
core   0: 3 0x8000b2fc (0xd03f2423) mem 0x8000d000 0x00000001
core   0: 0x8000b300 (0xff9ff06f) j       pc - 0x8
core   0: 3 0x8000b300 (0xff9ff06f)
core   0: 0x8000b2f8 (0x00002f17) auipc   t5, 0x2
core   0: 3 0x8000b2f8 (0x00002f17) x30 0x8000d2f8
core   0: 0x8000b2fc (0xd03f2423) sw      gp, -760(t5)
core   0: 3 0x8000b2fc (0xd03f2423) mem 0x8000d000 0x00000001
core   0: 0x8000b300 (0xff9ff06f) j       pc - 0x8
core   0: 3 0x8000b300 (0xff9ff06f)
core   0: 0x8000b2f8 (0x00002f17) auipc   t5, 0x2
core   0: 3 0x8000b2f8 (0x00002f17) x30 0x8000d2f8
core   0: 0x8000b2fc (0xd03f2423) sw      gp, -760(t5)
core   0: 3 0x8000b2fc (0xd03f2423) mem 0x8000d000 0x00000001
core   0: 0x8000b300 (0xff9ff06f) j       pc - 0x8
core   0: 3 0x8000b300 (0xff9ff06f)
core   0: 0x8000b2f8 (0x00002f17) auipc   t5, 0x2
core   0: 3 0x8000b2f8 (0x00002f17) x30 0x8000d2f8
core   0: 0x8000b2fc (0xd03f2423) sw      gp, -760(t5)
core   0: 3 0x8000b2fc (0xd03f2423) mem 0x8000d000 0x00000001
core   0: 0x8000b300 (0xff9ff06f) j       pc - 0x8
core   0: 3 0x8000b300 (0xff9ff06f)
core   0: 0x8000b2f8 (0x00002f17) auipc   t5, 0x2
core   0: 3 0x8000b2f8 (0x00002f17) x30 0x8000d2f8
core   0: 0x8000b2fc (0xd03f2423) sw      gp, -760(t5)
core   0: 3 0x8000b2fc (0xd03f2423) mem 0x8000d000 0x00000001
core   0: 0x8000b300 (0xff9ff06f) j       pc - 0x8
core   0: 3 0x8000b300 (0xff9ff06f)
core   0: 0x8000b2f8 (0x00002f17) auipc   t5, 0x2
core   0: 3 0x8000b2f8 (0x00002f17) x30 0x8000d2f8
core   0: 0x8000b2fc (0xd03f2423) sw      gp, -760(t5)
core   0: 3 0x8000b2fc (0xd03f2423) mem 0x8000d000 0x00000001
core   0: 0x8000b300 (0xff9ff06f) j       pc - 0x8
core   0: 3 0x8000b300 (0xff9ff06f)
core   0: 0x8000b2f8 (0x00002f17) auipc   t5, 0x2
core   0: 3 0x8000b2f8 (0x00002f17) x30 0x8000d2f8
core   0: 0x8000b2fc (0xd03f2423) sw      gp, -760(t5)
core   0: 3 0x8000b2fc (0xd03f2423) mem 0x8000d000 0x00000001
core   0: 0x8000b300 (0xff9ff06f) j       pc - 0x8
core   0: 3 0x8000b300 (0xff9ff06f)
core   0: 0x8000b2f8 (0x00002f17) auipc   t5, 0x2
core   0: 3 0x8000b2f8 (0x00002f17) x30 0x8000d2f8
core   0: 0x8000b2fc (0xd03f2423) sw      gp, -760(t5)
core   0: 3 0x8000b2fc (0xd03f2423) mem 0x8000d000 0x00000001
core   0: 0x8000b300 (0xff9ff06f) j       pc - 0x8
core   0: 3 0x8000b300 (0xff9ff06f)
core   0: 0x8000b2f8 (0x00002f17) auipc   t5, 0x2
core   0: 3 0x8000b2f8 (0x00002f17) x30 0x8000d2f8
core   0: 0x8000b2fc (0xd03f2423) sw      gp, -760(t5)
core   0: 3 0x8000b2fc (0xd03f2423) mem 0x8000d000 0x00000001
core   0: 0x8000b300 (0xff9ff06f) j       pc - 0x8
core   0: 3 0x8000b300 (0xff9ff06f)
core   0: 0x8000b2f8 (0x00002f17) auipc   t5, 0x2
core   0: 3 0x8000b2f8 (0x00002f17) x30 0x8000d2f8
core   0: 0x8000b2fc (0xd03f2423) sw      gp, -760(t5)
core   0: 3 0x8000b2fc (0xd03f2423) mem 0x8000d000 0x00000001
core   0: 0x8000b300 (0xff9ff06f) j       pc - 0x8
core   0: 3 0x8000b300 (0xff9ff06f)
core   0: 0x8000b2f8 (0x00002f17) auipc   t5, 0x2
core   0: 3 0x8000b2f8 (0x00002f17) x30 0x8000d2f8
core   0: 0x8000b2fc (0xd03f2423) sw      gp, -760(t5)
core   0: 3 0x8000b2fc (0xd03f2423) mem 0x8000d000 0x00000001
core   0: 0x8000b300 (0xff9ff06f) j       pc - 0x8
core   0: 3 0x8000b300 (0xff9ff06f)
core   0: 0x8000b2f8 (0x00002f17) auipc   t5, 0x2
core   0: 3 0x8000b2f8 (0x00002f17) x30 0x8000d2f8
core   0: 0x8000b2fc (0xd03f2423) sw      gp, -760(t5)
core   0: 3 0x8000b2fc (0xd03f2423) mem 0x8000d000 0x00000001
core   0: 0x8000b300 (0xff9ff06f) j       pc - 0x8
core   0: 3 0x8000b300 (0xff9ff06f)
core   0: 0x8000b2f8 (0x00002f17) auipc   t5, 0x2
core   0: 3 0x8000b2f8 (0x00002f17) x30 0x8000d2f8
core   0: 0x8000b2fc (0xd03f2423) sw      gp, -760(t5)
core   0: 3 0x8000b2fc (0xd03f2423) mem 0x8000d000 0x00000001
core   0: 0x8000b300 (0xff9ff06f) j       pc - 0x8
core   0: 3 0x8000b300 (0xff9ff06f)
core   0: 0x8000b2f8 (0x00002f17) auipc   t5, 0x2
core   0: 3 0x8000b2f8 (0x00002f17) x30 0x8000d2f8
core   0: 0x8000b2fc (0xd03f2423) sw      gp, -760(t5)
core   0: 3 0x8000b2fc (0xd03f2423) mem 0x8000d000 0x00000001
core   0: 0x8000b300 (0xff9ff06f) j       pc - 0x8
core   0: 3 0x8000b300 (0xff9ff06f)
core   0: 0x8000b2f8 (0x00002f17) auipc   t5, 0x2
core   0: 3 0x8000b2f8 (0x00002f17) x30 0x8000d2f8
core   0: 0x8000b2fc (0xd03f2423) sw      gp, -760(t5)
core   0: 3 0x8000b2fc (0xd03f2423) mem 0x8000d000 0x00000001
core   0: 0x8000b300 (0xff9ff06f) j       pc - 0x8
core   0: 3 0x8000b300 (0xff9ff06f)
core   0: 0x8000b2f8 (0x00002f17) auipc   t5, 0x2
core   0: 3 0x8000b2f8 (0x00002f17) x30 0x8000d2f8
core   0: 0x8000b2fc (0xd03f2423) sw      gp, -760(t5)
core   0: 3 0x8000b2fc (0xd03f2423) mem 0x8000d000 0x00000001
core   0: 0x8000b300 (0xff9ff06f) j       pc - 0x8
core   0: 3 0x8000b300 (0xff9ff06f)
core   0: 0x8000b2f8 (0x00002f17) auipc   t5, 0x2
core   0: 3 0x8000b2f8 (0x00002f17) x30 0x8000d2f8
core   0: 0x8000b2fc (0xd03f2423) sw      gp, -760(t5)
core   0: 3 0x8000b2fc (0xd03f2423) mem 0x8000d000 0x00000001
core   0: 0x8000b300 (0xff9ff06f) j       pc - 0x8
core   0: 3 0x8000b300 (0xff9ff06f)
core   0: 0x8000b2f8 (0x00002f17) auipc   t5, 0x2
core   0: 3 0x8000b2f8 (0x00002f17) x30 0x8000d2f8
core   0: 0x8000b2fc (0xd03f2423) sw      gp, -760(t5)
core   0: 3 0x8000b2fc (0xd03f2423) mem 0x8000d000 0x00000001
core   0: 0x8000b300 (0xff9ff06f) j       pc - 0x8
core   0: 3 0x8000b300 (0xff9ff06f)
core   0: 0x8000b2f8 (0x00002f17) auipc   t5, 0x2
core   0: 3 0x8000b2f8 (0x00002f17) x30 0x8000d2f8
core   0: 0x8000b2fc (0xd03f2423) sw      gp, -760(t5)
core   0: 3 0x8000b2fc (0xd03f2423) mem 0x8000d000 0x00000001
core   0: 0x8000b300 (0xff9ff06f) j       pc - 0x8
core   0: 3 0x8000b300 (0xff9ff06f)
core   0: 0x8000b2f8 (0x00002f17) auipc   t5, 0x2
core   0: 3 0x8000b2f8 (0x00002f17) x30 0x8000d2f8
core   0: 0x8000b2fc (0xd03f2423) sw      gp, -760(t5)
core   0: 3 0x8000b2fc (0xd03f2423) mem 0x8000d000 0x00000001
core   0: 0x8000b300 (0xff9ff06f) j       pc - 0x8
core   0: 3 0x8000b300 (0xff9ff06f)
core   0: 0x8000b2f8 (0x00002f17) auipc   t5, 0x2
core   0: 3 0x8000b2f8 (0x00002f17) x30 0x8000d2f8
core   0: 0x8000b2fc (0xd03f2423) sw      gp, -760(t5)
core   0: 3 0x8000b2fc (0xd03f2423) mem 0x8000d000 0x00000001
core   0: 0x8000b300 (0xff9ff06f) j       pc - 0x8
core   0: 3 0x8000b300 (0xff9ff06f)
core   0: 0x8000b2f8 (0x00002f17) auipc   t5, 0x2
core   0: 3 0x8000b2f8 (0x00002f17) x30 0x8000d2f8
core   0: 0x8000b2fc (0xd03f2423) sw      gp, -760(t5)
core   0: 3 0x8000b2fc (0xd03f2423) mem 0x8000d000 0x00000001
core   0: 0x8000b300 (0xff9ff06f) j       pc - 0x8
core   0: 3 0x8000b300 (0xff9ff06f)
core   0: 0x8000b2f8 (0x00002f17) auipc   t5, 0x2
core   0: 3 0x8000b2f8 (0x00002f17) x30 0x8000d2f8
core   0: 0x8000b2fc (0xd03f2423) sw      gp, -760(t5)
core   0: 3 0x8000b2fc (0xd03f2423) mem 0x8000d000 0x00000001
core   0: 0x8000b300 (0xff9ff06f) j       pc - 0x8
core   0: 3 0x8000b300 (0xff9ff06f)
core   0: 0x8000b2f8 (0x00002f17) auipc   t5, 0x2
core   0: 3 0x8000b2f8 (0x00002f17) x30 0x8000d2f8
core   0: 0x8000b2fc (0xd03f2423) sw      gp, -760(t5)
core   0: 3 0x8000b2fc (0xd03f2423) mem 0x8000d000 0x00000001
core   0: 0x8000b300 (0xff9ff06f) j       pc - 0x8
core   0: 3 0x8000b300 (0xff9ff06f)
core   0: 0x8000b2f8 (0x00002f17) auipc   t5, 0x2
core   0: 3 0x8000b2f8 (0x00002f17) x30 0x8000d2f8
core   0: 0x8000b2fc (0xd03f2423) sw      gp, -760(t5)
core   0: 3 0x8000b2fc (0xd03f2423) mem 0x8000d000 0x00000001
core   0: 0x8000b300 (0xff9ff06f) j       pc - 0x8
core   0: 3 0x8000b300 (0xff9ff06f)
core   0: 0x8000b2f8 (0x00002f17) auipc   t5, 0x2
core   0: 3 0x8000b2f8 (0x00002f17) x30 0x8000d2f8
core   0: 0x8000b2fc (0xd03f2423) sw      gp, -760(t5)
core   0: 3 0x8000b2fc (0xd03f2423) mem 0x8000d000 0x00000001
core   0: 0x8000b300 (0xff9ff06f) j       pc - 0x8
core   0: 3 0x8000b300 (0xff9ff06f)
core   0: 0x8000b2f8 (0x00002f17) auipc   t5, 0x2
core   0: 3 0x8000b2f8 (0x00002f17) x30 0x8000d2f8
core   0: 0x8000b2fc (0xd03f2423) sw      gp, -760(t5)
core   0: 3 0x8000b2fc (0xd03f2423) mem 0x8000d000 0x00000001
core   0: 0x8000b300 (0xff9ff06f) j       pc - 0x8
core   0: 3 0x8000b300 (0xff9ff06f)
core   0: 0x8000b2f8 (0x00002f17) auipc   t5, 0x2
core   0: 3 0x8000b2f8 (0x00002f17) x30 0x8000d2f8
core   0: 0x8000b2fc (0xd03f2423) sw      gp, -760(t5)
core   0: 3 0x8000b2fc (0xd03f2423) mem 0x8000d000 0x00000001
core   0: 0x8000b300 (0xff9ff06f) j       pc - 0x8
core   0: 3 0x8000b300 (0xff9ff06f)
core   0: 0x8000b2f8 (0x00002f17) auipc   t5, 0x2
core   0: 3 0x8000b2f8 (0x00002f17) x30 0x8000d2f8
core   0: 0x8000b2fc (0xd03f2423) sw      gp, -760(t5)
core   0: 3 0x8000b2fc (0xd03f2423) mem 0x8000d000 0x00000001
core   0: 0x8000b300 (0xff9ff06f) j       pc - 0x8
core   0: 3 0x8000b300 (0xff9ff06f)
core   0: 0x8000b2f8 (0x00002f17) auipc   t5, 0x2
core   0: 3 0x8000b2f8 (0x00002f17) x30 0x8000d2f8
core   0: 0x8000b2fc (0xd03f2423) sw      gp, -760(t5)
core   0: 3 0x8000b2fc (0xd03f2423) mem 0x8000d000 0x00000001
core   0: 0x8000b300 (0xff9ff06f) j       pc - 0x8
core   0: 3 0x8000b300 (0xff9ff06f)
core   0: 0x8000b2f8 (0x00002f17) auipc   t5, 0x2
core   0: 3 0x8000b2f8 (0x00002f17) x30 0x8000d2f8
core   0: 0x8000b2fc (0xd03f2423) sw      gp, -760(t5)
core   0: 3 0x8000b2fc (0xd03f2423) mem 0x8000d000 0x00000001
core   0: 0x8000b300 (0xff9ff06f) j       pc - 0x8
core   0: 3 0x8000b300 (0xff9ff06f)
core   0: 0x8000b2f8 (0x00002f17) auipc   t5, 0x2
core   0: 3 0x8000b2f8 (0x00002f17) x30 0x8000d2f8
core   0: 0x8000b2fc (0xd03f2423) sw      gp, -760(t5)
core   0: 3 0x8000b2fc (0xd03f2423) mem 0x8000d000 0x00000001
core   0: 0x8000b300 (0xff9ff06f) j       pc - 0x8
core   0: 3 0x8000b300 (0xff9ff06f)
core   0: 0x8000b2f8 (0x00002f17) auipc   t5, 0x2
core   0: 3 0x8000b2f8 (0x00002f17) x30 0x8000d2f8
core   0: 0x8000b2fc (0xd03f2423) sw      gp, -760(t5)
core   0: 3 0x8000b2fc (0xd03f2423) mem 0x8000d000 0x00000001
core   0: 0x8000b300 (0xff9ff06f) j       pc - 0x8
core   0: 3 0x8000b300 (0xff9ff06f)
core   0: 0x8000b2f8 (0x00002f17) auipc   t5, 0x2
core   0: 3 0x8000b2f8 (0x00002f17) x30 0x8000d2f8
core   0: 0x8000b2fc (0xd03f2423) sw      gp, -760(t5)
core   0: 3 0x8000b2fc (0xd03f2423) mem 0x8000d000 0x00000001
core   0: 0x8000b300 (0xff9ff06f) j       pc - 0x8
core   0: 3 0x8000b300 (0xff9ff06f)
core   0: 0x8000b2f8 (0x00002f17) auipc   t5, 0x2
core   0: 3 0x8000b2f8 (0x00002f17) x30 0x8000d2f8
core   0: 0x8000b2fc (0xd03f2423) sw      gp, -760(t5)
core   0: 3 0x8000b2fc (0xd03f2423) mem 0x8000d000 0x00000001
core   0: 0x8000b300 (0xff9ff06f) j       pc - 0x8
core   0: 3 0x8000b300 (0xff9ff06f)
core   0: 0x8000b2f8 (0x00002f17) auipc   t5, 0x2
core   0: 3 0x8000b2f8 (0x00002f17) x30 0x8000d2f8
core   0: 0x8000b2fc (0xd03f2423) sw      gp, -760(t5)
core   0: 3 0x8000b2fc (0xd03f2423) mem 0x8000d000 0x00000001
core   0: 0x8000b300 (0xff9ff06f) j       pc - 0x8
core   0: 3 0x8000b300 (0xff9ff06f)
core   0: 0x8000b2f8 (0x00002f17) auipc   t5, 0x2
core   0: 3 0x8000b2f8 (0x00002f17) x30 0x8000d2f8
core   0: 0x8000b2fc (0xd03f2423) sw      gp, -760(t5)
core   0: 3 0x8000b2fc (0xd03f2423) mem 0x8000d000 0x00000001
core   0: 0x8000b300 (0xff9ff06f) j       pc - 0x8
core   0: 3 0x8000b300 (0xff9ff06f)
core   0: 0x8000b2f8 (0x00002f17) auipc   t5, 0x2
core   0: 3 0x8000b2f8 (0x00002f17) x30 0x8000d2f8
core   0: 0x8000b2fc (0xd03f2423) sw      gp, -760(t5)
core   0: 3 0x8000b2fc (0xd03f2423) mem 0x8000d000 0x00000001
core   0: 0x8000b300 (0xff9ff06f) j       pc - 0x8
core   0: 3 0x8000b300 (0xff9ff06f)
core   0: 0x8000b2f8 (0x00002f17) auipc   t5, 0x2
core   0: 3 0x8000b2f8 (0x00002f17) x30 0x8000d2f8
core   0: 0x8000b2fc (0xd03f2423) sw      gp, -760(t5)
core   0: 3 0x8000b2fc (0xd03f2423) mem 0x8000d000 0x00000001
core   0: 0x8000b300 (0xff9ff06f) j       pc - 0x8
core   0: 3 0x8000b300 (0xff9ff06f)
core   0: 0x8000b2f8 (0x00002f17) auipc   t5, 0x2
core   0: 3 0x8000b2f8 (0x00002f17) x30 0x8000d2f8
core   0: 0x8000b2fc (0xd03f2423) sw      gp, -760(t5)
core   0: 3 0x8000b2fc (0xd03f2423) mem 0x8000d000 0x00000001
core   0: 0x8000b300 (0xff9ff06f) j       pc - 0x8
core   0: 3 0x8000b300 (0xff9ff06f)
core   0: 0x8000b2f8 (0x00002f17) auipc   t5, 0x2
core   0: 3 0x8000b2f8 (0x00002f17) x30 0x8000d2f8
core   0: 0x8000b2fc (0xd03f2423) sw      gp, -760(t5)
core   0: 3 0x8000b2fc (0xd03f2423) mem 0x8000d000 0x00000001
core   0: 0x8000b300 (0xff9ff06f) j       pc - 0x8
core   0: 3 0x8000b300 (0xff9ff06f)
core   0: 0x8000b2f8 (0x00002f17) auipc   t5, 0x2
core   0: 3 0x8000b2f8 (0x00002f17) x30 0x8000d2f8
core   0: 0x8000b2fc (0xd03f2423) sw      gp, -760(t5)
core   0: 3 0x8000b2fc (0xd03f2423) mem 0x8000d000 0x00000001
core   0: 0x8000b300 (0xff9ff06f) j       pc - 0x8
core   0: 3 0x8000b300 (0xff9ff06f)
core   0: 0x8000b2f8 (0x00002f17) auipc   t5, 0x2
core   0: 3 0x8000b2f8 (0x00002f17) x30 0x8000d2f8
core   0: 0x8000b2fc (0xd03f2423) sw      gp, -760(t5)
core   0: 3 0x8000b2fc (0xd03f2423) mem 0x8000d000 0x00000001
core   0: 0x8000b300 (0xff9ff06f) j       pc - 0x8
core   0: 3 0x8000b300 (0xff9ff06f)
core   0: 0x8000b2f8 (0x00002f17) auipc   t5, 0x2
core   0: 3 0x8000b2f8 (0x00002f17) x30 0x8000d2f8
core   0: 0x8000b2fc (0xd03f2423) sw      gp, -760(t5)
core   0: 3 0x8000b2fc (0xd03f2423) mem 0x8000d000 0x00000001
core   0: 0x8000b300 (0xff9ff06f) j       pc - 0x8
core   0: 3 0x8000b300 (0xff9ff06f)
core   0: 0x8000b2f8 (0x00002f17) auipc   t5, 0x2
core   0: 3 0x8000b2f8 (0x00002f17) x30 0x8000d2f8
core   0: 0x8000b2fc (0xd03f2423) sw      gp, -760(t5)
core   0: 3 0x8000b2fc (0xd03f2423) mem 0x8000d000 0x00000001
core   0: 0x8000b300 (0xff9ff06f) j       pc - 0x8
core   0: 3 0x8000b300 (0xff9ff06f)
core   0: 0x8000b2f8 (0x00002f17) auipc   t5, 0x2
core   0: 3 0x8000b2f8 (0x00002f17) x30 0x8000d2f8
core   0: 0x8000b2fc (0xd03f2423) sw      gp, -760(t5)
core   0: 3 0x8000b2fc (0xd03f2423) mem 0x8000d000 0x00000001
core   0: 0x8000b300 (0xff9ff06f) j       pc - 0x8
core   0: 3 0x8000b300 (0xff9ff06f)
core   0: 0x8000b2f8 (0x00002f17) auipc   t5, 0x2
core   0: 3 0x8000b2f8 (0x00002f17) x30 0x8000d2f8
core   0: 0x8000b2fc (0xd03f2423) sw      gp, -760(t5)
core   0: 3 0x8000b2fc (0xd03f2423) mem 0x8000d000 0x00000001
core   0: 0x8000b300 (0xff9ff06f) j       pc - 0x8
core   0: 3 0x8000b300 (0xff9ff06f)
core   0: 0x8000b2f8 (0x00002f17) auipc   t5, 0x2
core   0: 3 0x8000b2f8 (0x00002f17) x30 0x8000d2f8
core   0: 0x8000b2fc (0xd03f2423) sw      gp, -760(t5)
core   0: 3 0x8000b2fc (0xd03f2423) mem 0x8000d000 0x00000001
core   0: 0x8000b300 (0xff9ff06f) j       pc - 0x8
core   0: 3 0x8000b300 (0xff9ff06f)
core   0: 0x8000b2f8 (0x00002f17) auipc   t5, 0x2
core   0: 3 0x8000b2f8 (0x00002f17) x30 0x8000d2f8
core   0: 0x8000b2fc (0xd03f2423) sw      gp, -760(t5)
core   0: 3 0x8000b2fc (0xd03f2423) mem 0x8000d000 0x00000001
core   0: 0x8000b300 (0xff9ff06f) j       pc - 0x8
core   0: 3 0x8000b300 (0xff9ff06f)
core   0: 0x8000b2f8 (0x00002f17) auipc   t5, 0x2
core   0: 3 0x8000b2f8 (0x00002f17) x30 0x8000d2f8
core   0: 0x8000b2fc (0xd03f2423) sw      gp, -760(t5)
core   0: 3 0x8000b2fc (0xd03f2423) mem 0x8000d000 0x00000001
core   0: 0x8000b300 (0xff9ff06f) j       pc - 0x8
core   0: 3 0x8000b300 (0xff9ff06f)
core   0: 0x8000b2f8 (0x00002f17) auipc   t5, 0x2
core   0: 3 0x8000b2f8 (0x00002f17) x30 0x8000d2f8
core   0: 0x8000b2fc (0xd03f2423) sw      gp, -760(t5)
core   0: 3 0x8000b2fc (0xd03f2423) mem 0x8000d000 0x00000001
core   0: 0x8000b300 (0xff9ff06f) j       pc - 0x8
core   0: 3 0x8000b300 (0xff9ff06f)
core   0: 0x8000b2f8 (0x00002f17) auipc   t5, 0x2
core   0: 3 0x8000b2f8 (0x00002f17) x30 0x8000d2f8
core   0: 0x8000b2fc (0xd03f2423) sw      gp, -760(t5)
core   0: 3 0x8000b2fc (0xd03f2423) mem 0x8000d000 0x00000001
core   0: 0x8000b300 (0xff9ff06f) j       pc - 0x8
core   0: 3 0x8000b300 (0xff9ff06f)
core   0: 0x8000b2f8 (0x00002f17) auipc   t5, 0x2
core   0: 3 0x8000b2f8 (0x00002f17) x30 0x8000d2f8
core   0: 0x8000b2fc (0xd03f2423) sw      gp, -760(t5)
core   0: 3 0x8000b2fc (0xd03f2423) mem 0x8000d000 0x00000001
core   0: 0x8000b300 (0xff9ff06f) j       pc - 0x8
core   0: 3 0x8000b300 (0xff9ff06f)
core   0: 0x8000b2f8 (0x00002f17) auipc   t5, 0x2
core   0: 3 0x8000b2f8 (0x00002f17) x30 0x8000d2f8
core   0: 0x8000b2fc (0xd03f2423) sw      gp, -760(t5)
core   0: 3 0x8000b2fc (0xd03f2423) mem 0x8000d000 0x00000001
core   0: 0x8000b300 (0xff9ff06f) j       pc - 0x8
core   0: 3 0x8000b300 (0xff9ff06f)
core   0: 0x8000b2f8 (0x00002f17) auipc   t5, 0x2
core   0: 3 0x8000b2f8 (0x00002f17) x30 0x8000d2f8
core   0: 0x8000b2fc (0xd03f2423) sw      gp, -760(t5)
core   0: 3 0x8000b2fc (0xd03f2423) mem 0x8000d000 0x00000001
core   0: 0x8000b300 (0xff9ff06f) j       pc - 0x8
core   0: 3 0x8000b300 (0xff9ff06f)
core   0: 0x8000b2f8 (0x00002f17) auipc   t5, 0x2
core   0: 3 0x8000b2f8 (0x00002f17) x30 0x8000d2f8
core   0: 0x8000b2fc (0xd03f2423) sw      gp, -760(t5)
core   0: 3 0x8000b2fc (0xd03f2423) mem 0x8000d000 0x00000001
core   0: 0x8000b300 (0xff9ff06f) j       pc - 0x8
core   0: 3 0x8000b300 (0xff9ff06f)
core   0: 0x8000b2f8 (0x00002f17) auipc   t5, 0x2
core   0: 3 0x8000b2f8 (0x00002f17) x30 0x8000d2f8
core   0: 0x8000b2fc (0xd03f2423) sw      gp, -760(t5)
core   0: 3 0x8000b2fc (0xd03f2423) mem 0x8000d000 0x00000001
core   0: 0x8000b300 (0xff9ff06f) j       pc - 0x8
core   0: 3 0x8000b300 (0xff9ff06f)
core   0: 0x8000b2f8 (0x00002f17) auipc   t5, 0x2
core   0: 3 0x8000b2f8 (0x00002f17) x30 0x8000d2f8
core   0: 0x8000b2fc (0xd03f2423) sw      gp, -760(t5)
core   0: 3 0x8000b2fc (0xd03f2423) mem 0x8000d000 0x00000001
core   0: 0x8000b300 (0xff9ff06f) j       pc - 0x8
core   0: 3 0x8000b300 (0xff9ff06f)
core   0: 0x8000b2f8 (0x00002f17) auipc   t5, 0x2
core   0: 3 0x8000b2f8 (0x00002f17) x30 0x8000d2f8
core   0: 0x8000b2fc (0xd03f2423) sw      gp, -760(t5)
core   0: 3 0x8000b2fc (0xd03f2423) mem 0x8000d000 0x00000001
core   0: 0x8000b300 (0xff9ff06f) j       pc - 0x8
core   0: 3 0x8000b300 (0xff9ff06f)
core   0: 0x8000b2f8 (0x00002f17) auipc   t5, 0x2
core   0: 3 0x8000b2f8 (0x00002f17) x30 0x8000d2f8
core   0: 0x8000b2fc (0xd03f2423) sw      gp, -760(t5)
core   0: 3 0x8000b2fc (0xd03f2423) mem 0x8000d000 0x00000001
core   0: 0x8000b300 (0xff9ff06f) j       pc - 0x8
core   0: 3 0x8000b300 (0xff9ff06f)
core   0: 0x8000b2f8 (0x00002f17) auipc   t5, 0x2
core   0: 3 0x8000b2f8 (0x00002f17) x30 0x8000d2f8
core   0: 0x8000b2fc (0xd03f2423) sw      gp, -760(t5)
core   0: 3 0x8000b2fc (0xd03f2423) mem 0x8000d000 0x00000001
core   0: 0x8000b300 (0xff9ff06f) j       pc - 0x8
core   0: 3 0x8000b300 (0xff9ff06f)
core   0: 0x8000b2f8 (0x00002f17) auipc   t5, 0x2
core   0: 3 0x8000b2f8 (0x00002f17) x30 0x8000d2f8
core   0: 0x8000b2fc (0xd03f2423) sw      gp, -760(t5)
core   0: 3 0x8000b2fc (0xd03f2423) mem 0x8000d000 0x00000001
core   0: 0x8000b300 (0xff9ff06f) j       pc - 0x8
core   0: 3 0x8000b300 (0xff9ff06f)
core   0: 0x8000b2f8 (0x00002f17) auipc   t5, 0x2
core   0: 3 0x8000b2f8 (0x00002f17) x30 0x8000d2f8
core   0: 0x8000b2fc (0xd03f2423) sw      gp, -760(t5)
core   0: 3 0x8000b2fc (0xd03f2423) mem 0x8000d000 0x00000001
core   0: 0x8000b300 (0xff9ff06f) j       pc - 0x8
core   0: 3 0x8000b300 (0xff9ff06f)
core   0: 0x8000b2f8 (0x00002f17) auipc   t5, 0x2
core   0: 3 0x8000b2f8 (0x00002f17) x30 0x8000d2f8
core   0: 0x8000b2fc (0xd03f2423) sw      gp, -760(t5)
core   0: 3 0x8000b2fc (0xd03f2423) mem 0x8000d000 0x00000001
core   0: 0x8000b300 (0xff9ff06f) j       pc - 0x8
core   0: 3 0x8000b300 (0xff9ff06f)
core   0: 0x8000b2f8 (0x00002f17) auipc   t5, 0x2
core   0: 3 0x8000b2f8 (0x00002f17) x30 0x8000d2f8
core   0: 0x8000b2fc (0xd03f2423) sw      gp, -760(t5)
core   0: 3 0x8000b2fc (0xd03f2423) mem 0x8000d000 0x00000001
core   0: 0x8000b300 (0xff9ff06f) j       pc - 0x8
core   0: 3 0x8000b300 (0xff9ff06f)
core   0: 0x8000b2f8 (0x00002f17) auipc   t5, 0x2
core   0: 3 0x8000b2f8 (0x00002f17) x30 0x8000d2f8
core   0: 0x8000b2fc (0xd03f2423) sw      gp, -760(t5)
core   0: 3 0x8000b2fc (0xd03f2423) mem 0x8000d000 0x00000001
core   0: 0x8000b300 (0xff9ff06f) j       pc - 0x8
core   0: 3 0x8000b300 (0xff9ff06f)
core   0: 0x8000b2f8 (0x00002f17) auipc   t5, 0x2
core   0: 3 0x8000b2f8 (0x00002f17) x30 0x8000d2f8
core   0: 0x8000b2fc (0xd03f2423) sw      gp, -760(t5)
core   0: 3 0x8000b2fc (0xd03f2423) mem 0x8000d000 0x00000001
core   0: 0x8000b300 (0xff9ff06f) j       pc - 0x8
core   0: 3 0x8000b300 (0xff9ff06f)
core   0: 0x8000b2f8 (0x00002f17) auipc   t5, 0x2
core   0: 3 0x8000b2f8 (0x00002f17) x30 0x8000d2f8
core   0: 0x8000b2fc (0xd03f2423) sw      gp, -760(t5)
core   0: 3 0x8000b2fc (0xd03f2423) mem 0x8000d000 0x00000001
core   0: 0x8000b300 (0xff9ff06f) j       pc - 0x8
core   0: 3 0x8000b300 (0xff9ff06f)
core   0: 0x8000b2f8 (0x00002f17) auipc   t5, 0x2
core   0: 3 0x8000b2f8 (0x00002f17) x30 0x8000d2f8
core   0: 0x8000b2fc (0xd03f2423) sw      gp, -760(t5)
core   0: 3 0x8000b2fc (0xd03f2423) mem 0x8000d000 0x00000001
core   0: 0x8000b300 (0xff9ff06f) j       pc - 0x8
core   0: 3 0x8000b300 (0xff9ff06f)
core   0: 0x8000b2f8 (0x00002f17) auipc   t5, 0x2
core   0: 3 0x8000b2f8 (0x00002f17) x30 0x8000d2f8
core   0: 0x8000b2fc (0xd03f2423) sw      gp, -760(t5)
core   0: 3 0x8000b2fc (0xd03f2423) mem 0x8000d000 0x00000001
core   0: 0x8000b300 (0xff9ff06f) j       pc - 0x8
core   0: 3 0x8000b300 (0xff9ff06f)
core   0: 0x8000b2f8 (0x00002f17) auipc   t5, 0x2
core   0: 3 0x8000b2f8 (0x00002f17) x30 0x8000d2f8
core   0: 0x8000b2fc (0xd03f2423) sw      gp, -760(t5)
core   0: 3 0x8000b2fc (0xd03f2423) mem 0x8000d000 0x00000001
core   0: 0x8000b300 (0xff9ff06f) j       pc - 0x8
core   0: 3 0x8000b300 (0xff9ff06f)
core   0: 0x8000b2f8 (0x00002f17) auipc   t5, 0x2
core   0: 3 0x8000b2f8 (0x00002f17) x30 0x8000d2f8
core   0: 0x8000b2fc (0xd03f2423) sw      gp, -760(t5)
core   0: 3 0x8000b2fc (0xd03f2423) mem 0x8000d000 0x00000001
core   0: 0x8000b300 (0xff9ff06f) j       pc - 0x8
core   0: 3 0x8000b300 (0xff9ff06f)
core   0: 0x8000b2f8 (0x00002f17) auipc   t5, 0x2
core   0: 3 0x8000b2f8 (0x00002f17) x30 0x8000d2f8
core   0: 0x8000b2fc (0xd03f2423) sw      gp, -760(t5)
core   0: 3 0x8000b2fc (0xd03f2423) mem 0x8000d000 0x00000001
core   0: 0x8000b300 (0xff9ff06f) j       pc - 0x8
core   0: 3 0x8000b300 (0xff9ff06f)
core   0: 0x8000b2f8 (0x00002f17) auipc   t5, 0x2
core   0: 3 0x8000b2f8 (0x00002f17) x30 0x8000d2f8
core   0: 0x8000b2fc (0xd03f2423) sw      gp, -760(t5)
core   0: 3 0x8000b2fc (0xd03f2423) mem 0x8000d000 0x00000001
core   0: 0x8000b300 (0xff9ff06f) j       pc - 0x8
core   0: 3 0x8000b300 (0xff9ff06f)
core   0: 0x8000b2f8 (0x00002f17) auipc   t5, 0x2
core   0: 3 0x8000b2f8 (0x00002f17) x30 0x8000d2f8
core   0: 0x8000b2fc (0xd03f2423) sw      gp, -760(t5)
core   0: 3 0x8000b2fc (0xd03f2423) mem 0x8000d000 0x00000001
core   0: 0x8000b300 (0xff9ff06f) j       pc - 0x8
core   0: 3 0x8000b300 (0xff9ff06f)
core   0: 0x8000b2f8 (0x00002f17) auipc   t5, 0x2
core   0: 3 0x8000b2f8 (0x00002f17) x30 0x8000d2f8
core   0: 0x8000b2fc (0xd03f2423) sw      gp, -760(t5)
core   0: 3 0x8000b2fc (0xd03f2423) mem 0x8000d000 0x00000001
core   0: 0x8000b300 (0xff9ff06f) j       pc - 0x8
core   0: 3 0x8000b300 (0xff9ff06f)
core   0: 0x8000b2f8 (0x00002f17) auipc   t5, 0x2
core   0: 3 0x8000b2f8 (0x00002f17) x30 0x8000d2f8
core   0: 0x8000b2fc (0xd03f2423) sw      gp, -760(t5)
core   0: 3 0x8000b2fc (0xd03f2423) mem 0x8000d000 0x00000001
core   0: 0x8000b300 (0xff9ff06f) j       pc - 0x8
core   0: 3 0x8000b300 (0xff9ff06f)
core   0: 0x8000b2f8 (0x00002f17) auipc   t5, 0x2
core   0: 3 0x8000b2f8 (0x00002f17) x30 0x8000d2f8
core   0: 0x8000b2fc (0xd03f2423) sw      gp, -760(t5)
core   0: 3 0x8000b2fc (0xd03f2423) mem 0x8000d000 0x00000001
core   0: 0x8000b300 (0xff9ff06f) j       pc - 0x8
core   0: 3 0x8000b300 (0xff9ff06f)
core   0: 0x8000b2f8 (0x00002f17) auipc   t5, 0x2
core   0: 3 0x8000b2f8 (0x00002f17) x30 0x8000d2f8
core   0: 0x8000b2fc (0xd03f2423) sw      gp, -760(t5)
core   0: 3 0x8000b2fc (0xd03f2423) mem 0x8000d000 0x00000001
core   0: 0x8000b300 (0xff9ff06f) j       pc - 0x8
core   0: 3 0x8000b300 (0xff9ff06f)
core   0: 0x8000b2f8 (0x00002f17) auipc   t5, 0x2
core   0: 3 0x8000b2f8 (0x00002f17) x30 0x8000d2f8
core   0: 0x8000b2fc (0xd03f2423) sw      gp, -760(t5)
core   0: 3 0x8000b2fc (0xd03f2423) mem 0x8000d000 0x00000001
core   0: 0x8000b300 (0xff9ff06f) j       pc - 0x8
core   0: 3 0x8000b300 (0xff9ff06f)
core   0: 0x8000b2f8 (0x00002f17) auipc   t5, 0x2
core   0: 3 0x8000b2f8 (0x00002f17) x30 0x8000d2f8
core   0: 0x8000b2fc (0xd03f2423) sw      gp, -760(t5)
core   0: 3 0x8000b2fc (0xd03f2423) mem 0x8000d000 0x00000001
core   0: 0x8000b300 (0xff9ff06f) j       pc - 0x8
core   0: 3 0x8000b300 (0xff9ff06f)
core   0: 0x8000b2f8 (0x00002f17) auipc   t5, 0x2
core   0: 3 0x8000b2f8 (0x00002f17) x30 0x8000d2f8
core   0: 0x8000b2fc (0xd03f2423) sw      gp, -760(t5)
core   0: 3 0x8000b2fc (0xd03f2423) mem 0x8000d000 0x00000001
core   0: 0x8000b300 (0xff9ff06f) j       pc - 0x8
core   0: 3 0x8000b300 (0xff9ff06f)
core   0: 0x8000b2f8 (0x00002f17) auipc   t5, 0x2
core   0: 3 0x8000b2f8 (0x00002f17) x30 0x8000d2f8
core   0: 0x8000b2fc (0xd03f2423) sw      gp, -760(t5)
core   0: 3 0x8000b2fc (0xd03f2423) mem 0x8000d000 0x00000001
core   0: 0x8000b300 (0xff9ff06f) j       pc - 0x8
core   0: 3 0x8000b300 (0xff9ff06f)
core   0: 0x8000b2f8 (0x00002f17) auipc   t5, 0x2
core   0: 3 0x8000b2f8 (0x00002f17) x30 0x8000d2f8
core   0: 0x8000b2fc (0xd03f2423) sw      gp, -760(t5)
core   0: 3 0x8000b2fc (0xd03f2423) mem 0x8000d000 0x00000001
core   0: 0x8000b300 (0xff9ff06f) j       pc - 0x8
core   0: 3 0x8000b300 (0xff9ff06f)
core   0: 0x8000b2f8 (0x00002f17) auipc   t5, 0x2
core   0: 3 0x8000b2f8 (0x00002f17) x30 0x8000d2f8
core   0: 0x8000b2fc (0xd03f2423) sw      gp, -760(t5)
core   0: 3 0x8000b2fc (0xd03f2423) mem 0x8000d000 0x00000001
core   0: 0x8000b300 (0xff9ff06f) j       pc - 0x8
core   0: 3 0x8000b300 (0xff9ff06f)
core   0: 0x8000b2f8 (0x00002f17) auipc   t5, 0x2
core   0: 3 0x8000b2f8 (0x00002f17) x30 0x8000d2f8
core   0: 0x8000b2fc (0xd03f2423) sw      gp, -760(t5)
core   0: 3 0x8000b2fc (0xd03f2423) mem 0x8000d000 0x00000001
core   0: 0x8000b300 (0xff9ff06f) j       pc - 0x8
core   0: 3 0x8000b300 (0xff9ff06f)
core   0: 0x8000b2f8 (0x00002f17) auipc   t5, 0x2
core   0: 3 0x8000b2f8 (0x00002f17) x30 0x8000d2f8
core   0: 0x8000b2fc (0xd03f2423) sw      gp, -760(t5)
core   0: 3 0x8000b2fc (0xd03f2423) mem 0x8000d000 0x00000001
core   0: 0x8000b300 (0xff9ff06f) j       pc - 0x8
core   0: 3 0x8000b300 (0xff9ff06f)
core   0: 0x8000b2f8 (0x00002f17) auipc   t5, 0x2
core   0: 3 0x8000b2f8 (0x00002f17) x30 0x8000d2f8
core   0: 0x8000b2fc (0xd03f2423) sw      gp, -760(t5)
core   0: 3 0x8000b2fc (0xd03f2423) mem 0x8000d000 0x00000001
core   0: 0x8000b300 (0xff9ff06f) j       pc - 0x8
core   0: 3 0x8000b300 (0xff9ff06f)
core   0: 0x8000b2f8 (0x00002f17) auipc   t5, 0x2
core   0: 3 0x8000b2f8 (0x00002f17) x30 0x8000d2f8
core   0: 0x8000b2fc (0xd03f2423) sw      gp, -760(t5)
core   0: 3 0x8000b2fc (0xd03f2423) mem 0x8000d000 0x00000001
core   0: 0x8000b300 (0xff9ff06f) j       pc - 0x8
core   0: 3 0x8000b300 (0xff9ff06f)
core   0: 0x8000b2f8 (0x00002f17) auipc   t5, 0x2
core   0: 3 0x8000b2f8 (0x00002f17) x30 0x8000d2f8
core   0: 0x8000b2fc (0xd03f2423) sw      gp, -760(t5)
core   0: 3 0x8000b2fc (0xd03f2423) mem 0x8000d000 0x00000001
core   0: 0x8000b300 (0xff9ff06f) j       pc - 0x8
core   0: 3 0x8000b300 (0xff9ff06f)
core   0: 0x8000b2f8 (0x00002f17) auipc   t5, 0x2
core   0: 3 0x8000b2f8 (0x00002f17) x30 0x8000d2f8
core   0: 0x8000b2fc (0xd03f2423) sw      gp, -760(t5)
core   0: 3 0x8000b2fc (0xd03f2423) mem 0x8000d000 0x00000001
core   0: 0x8000b300 (0xff9ff06f) j       pc - 0x8
core   0: 3 0x8000b300 (0xff9ff06f)
core   0: 0x8000b2f8 (0x00002f17) auipc   t5, 0x2
core   0: 3 0x8000b2f8 (0x00002f17) x30 0x8000d2f8
core   0: 0x8000b2fc (0xd03f2423) sw      gp, -760(t5)
core   0: 3 0x8000b2fc (0xd03f2423) mem 0x8000d000 0x00000001
core   0: 0x8000b300 (0xff9ff06f) j       pc - 0x8
core   0: 3 0x8000b300 (0xff9ff06f)
core   0: 0x8000b2f8 (0x00002f17) auipc   t5, 0x2
core   0: 3 0x8000b2f8 (0x00002f17) x30 0x8000d2f8
core   0: 0x8000b2fc (0xd03f2423) sw      gp, -760(t5)
core   0: 3 0x8000b2fc (0xd03f2423) mem 0x8000d000 0x00000001
core   0: 0x8000b300 (0xff9ff06f) j       pc - 0x8
core   0: 3 0x8000b300 (0xff9ff06f)
core   0: 0x8000b2f8 (0x00002f17) auipc   t5, 0x2
core   0: 3 0x8000b2f8 (0x00002f17) x30 0x8000d2f8
core   0: 0x8000b2fc (0xd03f2423) sw      gp, -760(t5)
core   0: 3 0x8000b2fc (0xd03f2423) mem 0x8000d000 0x00000001
core   0: 0x8000b300 (0xff9ff06f) j       pc - 0x8
core   0: 3 0x8000b300 (0xff9ff06f)
core   0: 0x8000b2f8 (0x00002f17) auipc   t5, 0x2
core   0: 3 0x8000b2f8 (0x00002f17) x30 0x8000d2f8
core   0: 0x8000b2fc (0xd03f2423) sw      gp, -760(t5)
core   0: 3 0x8000b2fc (0xd03f2423) mem 0x8000d000 0x00000001
core   0: 0x8000b300 (0xff9ff06f) j       pc - 0x8
core   0: 3 0x8000b300 (0xff9ff06f)
core   0: 0x8000b2f8 (0x00002f17) auipc   t5, 0x2
core   0: 3 0x8000b2f8 (0x00002f17) x30 0x8000d2f8
core   0: 0x8000b2fc (0xd03f2423) sw      gp, -760(t5)
core   0: 3 0x8000b2fc (0xd03f2423) mem 0x8000d000 0x00000001
core   0: 0x8000b300 (0xff9ff06f) j       pc - 0x8
core   0: 3 0x8000b300 (0xff9ff06f)
core   0: 0x8000b2f8 (0x00002f17) auipc   t5, 0x2
core   0: 3 0x8000b2f8 (0x00002f17) x30 0x8000d2f8
core   0: 0x8000b2fc (0xd03f2423) sw      gp, -760(t5)
core   0: 3 0x8000b2fc (0xd03f2423) mem 0x8000d000 0x00000001
core   0: 0x8000b300 (0xff9ff06f) j       pc - 0x8
core   0: 3 0x8000b300 (0xff9ff06f)
core   0: 0x8000b2f8 (0x00002f17) auipc   t5, 0x2
core   0: 3 0x8000b2f8 (0x00002f17) x30 0x8000d2f8
core   0: 0x8000b2fc (0xd03f2423) sw      gp, -760(t5)
core   0: 3 0x8000b2fc (0xd03f2423) mem 0x8000d000 0x00000001
core   0: 0x8000b300 (0xff9ff06f) j       pc - 0x8
core   0: 3 0x8000b300 (0xff9ff06f)
core   0: 0x8000b2f8 (0x00002f17) auipc   t5, 0x2
core   0: 3 0x8000b2f8 (0x00002f17) x30 0x8000d2f8
core   0: 0x8000b2fc (0xd03f2423) sw      gp, -760(t5)
core   0: 3 0x8000b2fc (0xd03f2423) mem 0x8000d000 0x00000001
core   0: 0x8000b300 (0xff9ff06f) j       pc - 0x8
core   0: 3 0x8000b300 (0xff9ff06f)
core   0: 0x8000b2f8 (0x00002f17) auipc   t5, 0x2
core   0: 3 0x8000b2f8 (0x00002f17) x30 0x8000d2f8
core   0: 0x8000b2fc (0xd03f2423) sw      gp, -760(t5)
core   0: 3 0x8000b2fc (0xd03f2423) mem 0x8000d000 0x00000001
core   0: 0x8000b300 (0xff9ff06f) j       pc - 0x8
core   0: 3 0x8000b300 (0xff9ff06f)
core   0: 0x8000b2f8 (0x00002f17) auipc   t5, 0x2
core   0: 3 0x8000b2f8 (0x00002f17) x30 0x8000d2f8
core   0: 0x8000b2fc (0xd03f2423) sw      gp, -760(t5)
core   0: 3 0x8000b2fc (0xd03f2423) mem 0x8000d000 0x00000001
core   0: 0x8000b300 (0xff9ff06f) j       pc - 0x8
core   0: 3 0x8000b300 (0xff9ff06f)
core   0: 0x8000b2f8 (0x00002f17) auipc   t5, 0x2
core   0: 3 0x8000b2f8 (0x00002f17) x30 0x8000d2f8
core   0: 0x8000b2fc (0xd03f2423) sw      gp, -760(t5)
core   0: 3 0x8000b2fc (0xd03f2423) mem 0x8000d000 0x00000001
core   0: 0x8000b300 (0xff9ff06f) j       pc - 0x8
core   0: 3 0x8000b300 (0xff9ff06f)
core   0: 0x8000b2f8 (0x00002f17) auipc   t5, 0x2
core   0: 3 0x8000b2f8 (0x00002f17) x30 0x8000d2f8
core   0: 0x8000b2fc (0xd03f2423) sw      gp, -760(t5)
core   0: 3 0x8000b2fc (0xd03f2423) mem 0x8000d000 0x00000001
core   0: 0x8000b300 (0xff9ff06f) j       pc - 0x8
core   0: 3 0x8000b300 (0xff9ff06f)
core   0: 0x8000b2f8 (0x00002f17) auipc   t5, 0x2
core   0: 3 0x8000b2f8 (0x00002f17) x30 0x8000d2f8
core   0: 0x8000b2fc (0xd03f2423) sw      gp, -760(t5)
core   0: 3 0x8000b2fc (0xd03f2423) mem 0x8000d000 0x00000001
core   0: 0x8000b300 (0xff9ff06f) j       pc - 0x8
core   0: 3 0x8000b300 (0xff9ff06f)
core   0: 0x8000b2f8 (0x00002f17) auipc   t5, 0x2
core   0: 3 0x8000b2f8 (0x00002f17) x30 0x8000d2f8
core   0: 0x8000b2fc (0xd03f2423) sw      gp, -760(t5)
core   0: 3 0x8000b2fc (0xd03f2423) mem 0x8000d000 0x00000001
core   0: 0x8000b300 (0xff9ff06f) j       pc - 0x8
core   0: 3 0x8000b300 (0xff9ff06f)
core   0: 0x8000b2f8 (0x00002f17) auipc   t5, 0x2
core   0: 3 0x8000b2f8 (0x00002f17) x30 0x8000d2f8
core   0: 0x8000b2fc (0xd03f2423) sw      gp, -760(t5)
core   0: 3 0x8000b2fc (0xd03f2423) mem 0x8000d000 0x00000001
core   0: 0x8000b300 (0xff9ff06f) j       pc - 0x8
core   0: 3 0x8000b300 (0xff9ff06f)
core   0: 0x8000b2f8 (0x00002f17) auipc   t5, 0x2
core   0: 3 0x8000b2f8 (0x00002f17) x30 0x8000d2f8
core   0: 0x8000b2fc (0xd03f2423) sw      gp, -760(t5)
core   0: 3 0x8000b2fc (0xd03f2423) mem 0x8000d000 0x00000001
core   0: 0x8000b300 (0xff9ff06f) j       pc - 0x8
core   0: 3 0x8000b300 (0xff9ff06f)
core   0: 0x8000b2f8 (0x00002f17) auipc   t5, 0x2
core   0: 3 0x8000b2f8 (0x00002f17) x30 0x8000d2f8
core   0: 0x8000b2fc (0xd03f2423) sw      gp, -760(t5)
core   0: 3 0x8000b2fc (0xd03f2423) mem 0x8000d000 0x00000001
core   0: 0x8000b300 (0xff9ff06f) j       pc - 0x8
core   0: 3 0x8000b300 (0xff9ff06f)
core   0: 0x8000b2f8 (0x00002f17) auipc   t5, 0x2
core   0: 3 0x8000b2f8 (0x00002f17) x30 0x8000d2f8
core   0: 0x8000b2fc (0xd03f2423) sw      gp, -760(t5)
core   0: 3 0x8000b2fc (0xd03f2423) mem 0x8000d000 0x00000001
core   0: 0x8000b300 (0xff9ff06f) j       pc - 0x8
core   0: 3 0x8000b300 (0xff9ff06f)
core   0: 0x8000b2f8 (0x00002f17) auipc   t5, 0x2
core   0: 3 0x8000b2f8 (0x00002f17) x30 0x8000d2f8
core   0: 0x8000b2fc (0xd03f2423) sw      gp, -760(t5)
core   0: 3 0x8000b2fc (0xd03f2423) mem 0x8000d000 0x00000001
core   0: 0x8000b300 (0xff9ff06f) j       pc - 0x8
core   0: 3 0x8000b300 (0xff9ff06f)
core   0: 0x8000b2f8 (0x00002f17) auipc   t5, 0x2
core   0: 3 0x8000b2f8 (0x00002f17) x30 0x8000d2f8
core   0: 0x8000b2fc (0xd03f2423) sw      gp, -760(t5)
core   0: 3 0x8000b2fc (0xd03f2423) mem 0x8000d000 0x00000001
core   0: 0x8000b300 (0xff9ff06f) j       pc - 0x8
core   0: 3 0x8000b300 (0xff9ff06f)
core   0: 0x8000b2f8 (0x00002f17) auipc   t5, 0x2
core   0: 3 0x8000b2f8 (0x00002f17) x30 0x8000d2f8
core   0: 0x8000b2fc (0xd03f2423) sw      gp, -760(t5)
core   0: 3 0x8000b2fc (0xd03f2423) mem 0x8000d000 0x00000001
core   0: 0x8000b300 (0xff9ff06f) j       pc - 0x8
core   0: 3 0x8000b300 (0xff9ff06f)
core   0: 0x8000b2f8 (0x00002f17) auipc   t5, 0x2
core   0: 3 0x8000b2f8 (0x00002f17) x30 0x8000d2f8
core   0: 0x8000b2fc (0xd03f2423) sw      gp, -760(t5)
core   0: 3 0x8000b2fc (0xd03f2423) mem 0x8000d000 0x00000001
core   0: 0x8000b300 (0xff9ff06f) j       pc - 0x8
core   0: 3 0x8000b300 (0xff9ff06f)
core   0: 0x8000b2f8 (0x00002f17) auipc   t5, 0x2
core   0: 3 0x8000b2f8 (0x00002f17) x30 0x8000d2f8
core   0: 0x8000b2fc (0xd03f2423) sw      gp, -760(t5)
core   0: 3 0x8000b2fc (0xd03f2423) mem 0x8000d000 0x00000001
core   0: 0x8000b300 (0xff9ff06f) j       pc - 0x8
core   0: 3 0x8000b300 (0xff9ff06f)
core   0: 0x8000b2f8 (0x00002f17) auipc   t5, 0x2
core   0: 3 0x8000b2f8 (0x00002f17) x30 0x8000d2f8
core   0: 0x8000b2fc (0xd03f2423) sw      gp, -760(t5)
core   0: 3 0x8000b2fc (0xd03f2423) mem 0x8000d000 0x00000001
core   0: 0x8000b300 (0xff9ff06f) j       pc - 0x8
core   0: 3 0x8000b300 (0xff9ff06f)
core   0: 0x8000b2f8 (0x00002f17) auipc   t5, 0x2
core   0: 3 0x8000b2f8 (0x00002f17) x30 0x8000d2f8
core   0: 0x8000b2fc (0xd03f2423) sw      gp, -760(t5)
core   0: 3 0x8000b2fc (0xd03f2423) mem 0x8000d000 0x00000001
core   0: 0x8000b300 (0xff9ff06f) j       pc - 0x8
core   0: 3 0x8000b300 (0xff9ff06f)
core   0: 0x8000b2f8 (0x00002f17) auipc   t5, 0x2
core   0: 3 0x8000b2f8 (0x00002f17) x30 0x8000d2f8
core   0: 0x8000b2fc (0xd03f2423) sw      gp, -760(t5)
core   0: 3 0x8000b2fc (0xd03f2423) mem 0x8000d000 0x00000001
core   0: 0x8000b300 (0xff9ff06f) j       pc - 0x8
core   0: 3 0x8000b300 (0xff9ff06f)
core   0: 0x8000b2f8 (0x00002f17) auipc   t5, 0x2
core   0: 3 0x8000b2f8 (0x00002f17) x30 0x8000d2f8
core   0: 0x8000b2fc (0xd03f2423) sw      gp, -760(t5)
core   0: 3 0x8000b2fc (0xd03f2423) mem 0x8000d000 0x00000001
core   0: 0x8000b300 (0xff9ff06f) j       pc - 0x8
core   0: 3 0x8000b300 (0xff9ff06f)
core   0: 0x8000b2f8 (0x00002f17) auipc   t5, 0x2
core   0: 3 0x8000b2f8 (0x00002f17) x30 0x8000d2f8
core   0: 0x8000b2fc (0xd03f2423) sw      gp, -760(t5)
core   0: 3 0x8000b2fc (0xd03f2423) mem 0x8000d000 0x00000001
core   0: 0x8000b300 (0xff9ff06f) j       pc - 0x8
core   0: 3 0x8000b300 (0xff9ff06f)
core   0: 0x8000b2f8 (0x00002f17) auipc   t5, 0x2
core   0: 3 0x8000b2f8 (0x00002f17) x30 0x8000d2f8
core   0: 0x8000b2fc (0xd03f2423) sw      gp, -760(t5)
core   0: 3 0x8000b2fc (0xd03f2423) mem 0x8000d000 0x00000001
core   0: 0x8000b300 (0xff9ff06f) j       pc - 0x8
core   0: 3 0x8000b300 (0xff9ff06f)
core   0: 0x8000b2f8 (0x00002f17) auipc   t5, 0x2
core   0: 3 0x8000b2f8 (0x00002f17) x30 0x8000d2f8
core   0: 0x8000b2fc (0xd03f2423) sw      gp, -760(t5)
core   0: 3 0x8000b2fc (0xd03f2423) mem 0x8000d000 0x00000001
core   0: 0x8000b300 (0xff9ff06f) j       pc - 0x8
core   0: 3 0x8000b300 (0xff9ff06f)
core   0: 0x8000b2f8 (0x00002f17) auipc   t5, 0x2
core   0: 3 0x8000b2f8 (0x00002f17) x30 0x8000d2f8
core   0: 0x8000b2fc (0xd03f2423) sw      gp, -760(t5)
core   0: 3 0x8000b2fc (0xd03f2423) mem 0x8000d000 0x00000001
core   0: 0x8000b300 (0xff9ff06f) j       pc - 0x8
core   0: 3 0x8000b300 (0xff9ff06f)
core   0: 0x8000b2f8 (0x00002f17) auipc   t5, 0x2
core   0: 3 0x8000b2f8 (0x00002f17) x30 0x8000d2f8
core   0: 0x8000b2fc (0xd03f2423) sw      gp, -760(t5)
core   0: 3 0x8000b2fc (0xd03f2423) mem 0x8000d000 0x00000001
core   0: 0x8000b300 (0xff9ff06f) j       pc - 0x8
core   0: 3 0x8000b300 (0xff9ff06f)
core   0: 0x8000b2f8 (0x00002f17) auipc   t5, 0x2
core   0: 3 0x8000b2f8 (0x00002f17) x30 0x8000d2f8
core   0: 0x8000b2fc (0xd03f2423) sw      gp, -760(t5)
core   0: 3 0x8000b2fc (0xd03f2423) mem 0x8000d000 0x00000001
core   0: 0x8000b300 (0xff9ff06f) j       pc - 0x8
core   0: 3 0x8000b300 (0xff9ff06f)
core   0: 0x8000b2f8 (0x00002f17) auipc   t5, 0x2
core   0: 3 0x8000b2f8 (0x00002f17) x30 0x8000d2f8
core   0: 0x8000b2fc (0xd03f2423) sw      gp, -760(t5)
core   0: 3 0x8000b2fc (0xd03f2423) mem 0x8000d000 0x00000001
core   0: 0x8000b300 (0xff9ff06f) j       pc - 0x8
core   0: 3 0x8000b300 (0xff9ff06f)
core   0: 0x8000b2f8 (0x00002f17) auipc   t5, 0x2
core   0: 3 0x8000b2f8 (0x00002f17) x30 0x8000d2f8
core   0: 0x8000b2fc (0xd03f2423) sw      gp, -760(t5)
core   0: 3 0x8000b2fc (0xd03f2423) mem 0x8000d000 0x00000001
core   0: 0x8000b300 (0xff9ff06f) j       pc - 0x8
core   0: 3 0x8000b300 (0xff9ff06f)
core   0: 0x8000b2f8 (0x00002f17) auipc   t5, 0x2
core   0: 3 0x8000b2f8 (0x00002f17) x30 0x8000d2f8
core   0: 0x8000b2fc (0xd03f2423) sw      gp, -760(t5)
core   0: 3 0x8000b2fc (0xd03f2423) mem 0x8000d000 0x00000001
core   0: 0x8000b300 (0xff9ff06f) j       pc - 0x8
core   0: 3 0x8000b300 (0xff9ff06f)
core   0: 0x8000b2f8 (0x00002f17) auipc   t5, 0x2
core   0: 3 0x8000b2f8 (0x00002f17) x30 0x8000d2f8
core   0: 0x8000b2fc (0xd03f2423) sw      gp, -760(t5)
core   0: 3 0x8000b2fc (0xd03f2423) mem 0x8000d000 0x00000001
core   0: 0x8000b300 (0xff9ff06f) j       pc - 0x8
core   0: 3 0x8000b300 (0xff9ff06f)
core   0: 0x8000b2f8 (0x00002f17) auipc   t5, 0x2
core   0: 3 0x8000b2f8 (0x00002f17) x30 0x8000d2f8
core   0: 0x8000b2fc (0xd03f2423) sw      gp, -760(t5)
core   0: 3 0x8000b2fc (0xd03f2423) mem 0x8000d000 0x00000001
core   0: 0x8000b300 (0xff9ff06f) j       pc - 0x8
core   0: 3 0x8000b300 (0xff9ff06f)
core   0: 0x8000b2f8 (0x00002f17) auipc   t5, 0x2
core   0: 3 0x8000b2f8 (0x00002f17) x30 0x8000d2f8
core   0: 0x8000b2fc (0xd03f2423) sw      gp, -760(t5)
core   0: 3 0x8000b2fc (0xd03f2423) mem 0x8000d000 0x00000001
core   0: 0x8000b300 (0xff9ff06f) j       pc - 0x8
core   0: 3 0x8000b300 (0xff9ff06f)
core   0: 0x8000b2f8 (0x00002f17) auipc   t5, 0x2
core   0: 3 0x8000b2f8 (0x00002f17) x30 0x8000d2f8
core   0: 0x8000b2fc (0xd03f2423) sw      gp, -760(t5)
core   0: 3 0x8000b2fc (0xd03f2423) mem 0x8000d000 0x00000001
core   0: 0x8000b300 (0xff9ff06f) j       pc - 0x8
core   0: 3 0x8000b300 (0xff9ff06f)
core   0: 0x8000b2f8 (0x00002f17) auipc   t5, 0x2
core   0: 3 0x8000b2f8 (0x00002f17) x30 0x8000d2f8
core   0: 0x8000b2fc (0xd03f2423) sw      gp, -760(t5)
core   0: 3 0x8000b2fc (0xd03f2423) mem 0x8000d000 0x00000001
core   0: 0x8000b300 (0xff9ff06f) j       pc - 0x8
core   0: 3 0x8000b300 (0xff9ff06f)
core   0: 0x8000b2f8 (0x00002f17) auipc   t5, 0x2
core   0: 3 0x8000b2f8 (0x00002f17) x30 0x8000d2f8
core   0: 0x8000b2fc (0xd03f2423) sw      gp, -760(t5)
core   0: 3 0x8000b2fc (0xd03f2423) mem 0x8000d000 0x00000001
core   0: 0x8000b300 (0xff9ff06f) j       pc - 0x8
core   0: 3 0x8000b300 (0xff9ff06f)
core   0: 0x8000b2f8 (0x00002f17) auipc   t5, 0x2
core   0: 3 0x8000b2f8 (0x00002f17) x30 0x8000d2f8
core   0: 0x8000b2fc (0xd03f2423) sw      gp, -760(t5)
core   0: 3 0x8000b2fc (0xd03f2423) mem 0x8000d000 0x00000001
core   0: 0x8000b300 (0xff9ff06f) j       pc - 0x8
core   0: 3 0x8000b300 (0xff9ff06f)
core   0: 0x8000b2f8 (0x00002f17) auipc   t5, 0x2
core   0: 3 0x8000b2f8 (0x00002f17) x30 0x8000d2f8
core   0: 0x8000b2fc (0xd03f2423) sw      gp, -760(t5)
core   0: 3 0x8000b2fc (0xd03f2423) mem 0x8000d000 0x00000001
core   0: 0x8000b300 (0xff9ff06f) j       pc - 0x8
core   0: 3 0x8000b300 (0xff9ff06f)
core   0: 0x8000b2f8 (0x00002f17) auipc   t5, 0x2
core   0: 3 0x8000b2f8 (0x00002f17) x30 0x8000d2f8
core   0: 0x8000b2fc (0xd03f2423) sw      gp, -760(t5)
core   0: 3 0x8000b2fc (0xd03f2423) mem 0x8000d000 0x00000001
core   0: 0x8000b300 (0xff9ff06f) j       pc - 0x8
core   0: 3 0x8000b300 (0xff9ff06f)
core   0: 0x8000b2f8 (0x00002f17) auipc   t5, 0x2
core   0: 3 0x8000b2f8 (0x00002f17) x30 0x8000d2f8
core   0: 0x8000b2fc (0xd03f2423) sw      gp, -760(t5)
core   0: 3 0x8000b2fc (0xd03f2423) mem 0x8000d000 0x00000001
core   0: 0x8000b300 (0xff9ff06f) j       pc - 0x8
core   0: 3 0x8000b300 (0xff9ff06f)
core   0: 0x8000b2f8 (0x00002f17) auipc   t5, 0x2
core   0: 3 0x8000b2f8 (0x00002f17) x30 0x8000d2f8
core   0: 0x8000b2fc (0xd03f2423) sw      gp, -760(t5)
core   0: 3 0x8000b2fc (0xd03f2423) mem 0x8000d000 0x00000001
core   0: 0x8000b300 (0xff9ff06f) j       pc - 0x8
core   0: 3 0x8000b300 (0xff9ff06f)
core   0: 0x8000b2f8 (0x00002f17) auipc   t5, 0x2
core   0: 3 0x8000b2f8 (0x00002f17) x30 0x8000d2f8
core   0: 0x8000b2fc (0xd03f2423) sw      gp, -760(t5)
core   0: 3 0x8000b2fc (0xd03f2423) mem 0x8000d000 0x00000001
core   0: 0x8000b300 (0xff9ff06f) j       pc - 0x8
core   0: 3 0x8000b300 (0xff9ff06f)
core   0: 0x8000b2f8 (0x00002f17) auipc   t5, 0x2
core   0: 3 0x8000b2f8 (0x00002f17) x30 0x8000d2f8
core   0: 0x8000b2fc (0xd03f2423) sw      gp, -760(t5)
core   0: 3 0x8000b2fc (0xd03f2423) mem 0x8000d000 0x00000001
core   0: 0x8000b300 (0xff9ff06f) j       pc - 0x8
core   0: 3 0x8000b300 (0xff9ff06f)
core   0: 0x8000b2f8 (0x00002f17) auipc   t5, 0x2
core   0: 3 0x8000b2f8 (0x00002f17) x30 0x8000d2f8
core   0: 0x8000b2fc (0xd03f2423) sw      gp, -760(t5)
core   0: 3 0x8000b2fc (0xd03f2423) mem 0x8000d000 0x00000001
core   0: 0x8000b300 (0xff9ff06f) j       pc - 0x8
core   0: 3 0x8000b300 (0xff9ff06f)
core   0: 0x8000b2f8 (0x00002f17) auipc   t5, 0x2
core   0: 3 0x8000b2f8 (0x00002f17) x30 0x8000d2f8
core   0: 0x8000b2fc (0xd03f2423) sw      gp, -760(t5)
core   0: 3 0x8000b2fc (0xd03f2423) mem 0x8000d000 0x00000001
core   0: 0x8000b300 (0xff9ff06f) j       pc - 0x8
core   0: 3 0x8000b300 (0xff9ff06f)
core   0: 0x8000b2f8 (0x00002f17) auipc   t5, 0x2
core   0: 3 0x8000b2f8 (0x00002f17) x30 0x8000d2f8
core   0: 0x8000b2fc (0xd03f2423) sw      gp, -760(t5)
core   0: 3 0x8000b2fc (0xd03f2423) mem 0x8000d000 0x00000001
core   0: 0x8000b300 (0xff9ff06f) j       pc - 0x8
core   0: 3 0x8000b300 (0xff9ff06f)
core   0: 0x8000b2f8 (0x00002f17) auipc   t5, 0x2
core   0: 3 0x8000b2f8 (0x00002f17) x30 0x8000d2f8
core   0: 0x8000b2fc (0xd03f2423) sw      gp, -760(t5)
core   0: 3 0x8000b2fc (0xd03f2423) mem 0x8000d000 0x00000001
core   0: 0x8000b300 (0xff9ff06f) j       pc - 0x8
core   0: 3 0x8000b300 (0xff9ff06f)
core   0: 0x8000b2f8 (0x00002f17) auipc   t5, 0x2
core   0: 3 0x8000b2f8 (0x00002f17) x30 0x8000d2f8
core   0: 0x8000b2fc (0xd03f2423) sw      gp, -760(t5)
core   0: 3 0x8000b2fc (0xd03f2423) mem 0x8000d000 0x00000001
core   0: 0x8000b300 (0xff9ff06f) j       pc - 0x8
core   0: 3 0x8000b300 (0xff9ff06f)
core   0: 0x8000b2f8 (0x00002f17) auipc   t5, 0x2
core   0: 3 0x8000b2f8 (0x00002f17) x30 0x8000d2f8
core   0: 0x8000b2fc (0xd03f2423) sw      gp, -760(t5)
core   0: 3 0x8000b2fc (0xd03f2423) mem 0x8000d000 0x00000001
core   0: 0x8000b300 (0xff9ff06f) j       pc - 0x8
core   0: 3 0x8000b300 (0xff9ff06f)
core   0: 0x8000b2f8 (0x00002f17) auipc   t5, 0x2
core   0: 3 0x8000b2f8 (0x00002f17) x30 0x8000d2f8
core   0: 0x8000b2fc (0xd03f2423) sw      gp, -760(t5)
core   0: 3 0x8000b2fc (0xd03f2423) mem 0x8000d000 0x00000001
core   0: 0x8000b300 (0xff9ff06f) j       pc - 0x8
core   0: 3 0x8000b300 (0xff9ff06f)
core   0: 0x8000b2f8 (0x00002f17) auipc   t5, 0x2
core   0: 3 0x8000b2f8 (0x00002f17) x30 0x8000d2f8
core   0: 0x8000b2fc (0xd03f2423) sw      gp, -760(t5)
core   0: 3 0x8000b2fc (0xd03f2423) mem 0x8000d000 0x00000001
core   0: 0x8000b300 (0xff9ff06f) j       pc - 0x8
core   0: 3 0x8000b300 (0xff9ff06f)
core   0: 0x8000b2f8 (0x00002f17) auipc   t5, 0x2
core   0: 3 0x8000b2f8 (0x00002f17) x30 0x8000d2f8
core   0: 0x8000b2fc (0xd03f2423) sw      gp, -760(t5)
core   0: 3 0x8000b2fc (0xd03f2423) mem 0x8000d000 0x00000001
core   0: 0x8000b300 (0xff9ff06f) j       pc - 0x8
core   0: 3 0x8000b300 (0xff9ff06f)
core   0: 0x8000b2f8 (0x00002f17) auipc   t5, 0x2
core   0: 3 0x8000b2f8 (0x00002f17) x30 0x8000d2f8
core   0: 0x8000b2fc (0xd03f2423) sw      gp, -760(t5)
core   0: 3 0x8000b2fc (0xd03f2423) mem 0x8000d000 0x00000001
core   0: 0x8000b300 (0xff9ff06f) j       pc - 0x8
core   0: 3 0x8000b300 (0xff9ff06f)
core   0: 0x8000b2f8 (0x00002f17) auipc   t5, 0x2
core   0: 3 0x8000b2f8 (0x00002f17) x30 0x8000d2f8
core   0: 0x8000b2fc (0xd03f2423) sw      gp, -760(t5)
core   0: 3 0x8000b2fc (0xd03f2423) mem 0x8000d000 0x00000001
core   0: 0x8000b300 (0xff9ff06f) j       pc - 0x8
core   0: 3 0x8000b300 (0xff9ff06f)
core   0: 0x8000b2f8 (0x00002f17) auipc   t5, 0x2
core   0: 3 0x8000b2f8 (0x00002f17) x30 0x8000d2f8
core   0: 0x8000b2fc (0xd03f2423) sw      gp, -760(t5)
core   0: 3 0x8000b2fc (0xd03f2423) mem 0x8000d000 0x00000001
core   0: 0x8000b300 (0xff9ff06f) j       pc - 0x8
core   0: 3 0x8000b300 (0xff9ff06f)
core   0: 0x8000b2f8 (0x00002f17) auipc   t5, 0x2
core   0: 3 0x8000b2f8 (0x00002f17) x30 0x8000d2f8
core   0: 0x8000b2fc (0xd03f2423) sw      gp, -760(t5)
core   0: 3 0x8000b2fc (0xd03f2423) mem 0x8000d000 0x00000001
core   0: 0x8000b300 (0xff9ff06f) j       pc - 0x8
core   0: 3 0x8000b300 (0xff9ff06f)
core   0: 0x8000b2f8 (0x00002f17) auipc   t5, 0x2
core   0: 3 0x8000b2f8 (0x00002f17) x30 0x8000d2f8
core   0: 0x8000b2fc (0xd03f2423) sw      gp, -760(t5)
core   0: 3 0x8000b2fc (0xd03f2423) mem 0x8000d000 0x00000001
core   0: 0x8000b300 (0xff9ff06f) j       pc - 0x8
core   0: 3 0x8000b300 (0xff9ff06f)
core   0: 0x8000b2f8 (0x00002f17) auipc   t5, 0x2
core   0: 3 0x8000b2f8 (0x00002f17) x30 0x8000d2f8
core   0: 0x8000b2fc (0xd03f2423) sw      gp, -760(t5)
core   0: 3 0x8000b2fc (0xd03f2423) mem 0x8000d000 0x00000001
core   0: 0x8000b300 (0xff9ff06f) j       pc - 0x8
core   0: 3 0x8000b300 (0xff9ff06f)
core   0: 0x8000b2f8 (0x00002f17) auipc   t5, 0x2
core   0: 3 0x8000b2f8 (0x00002f17) x30 0x8000d2f8
core   0: 0x8000b2fc (0xd03f2423) sw      gp, -760(t5)
core   0: 3 0x8000b2fc (0xd03f2423) mem 0x8000d000 0x00000001
core   0: 0x8000b300 (0xff9ff06f) j       pc - 0x8
core   0: 3 0x8000b300 (0xff9ff06f)
core   0: 0x8000b2f8 (0x00002f17) auipc   t5, 0x2
core   0: 3 0x8000b2f8 (0x00002f17) x30 0x8000d2f8
core   0: 0x8000b2fc (0xd03f2423) sw      gp, -760(t5)
core   0: 3 0x8000b2fc (0xd03f2423) mem 0x8000d000 0x00000001
core   0: 0x8000b300 (0xff9ff06f) j       pc - 0x8
core   0: 3 0x8000b300 (0xff9ff06f)
core   0: 0x8000b2f8 (0x00002f17) auipc   t5, 0x2
core   0: 3 0x8000b2f8 (0x00002f17) x30 0x8000d2f8
core   0: 0x8000b2fc (0xd03f2423) sw      gp, -760(t5)
core   0: 3 0x8000b2fc (0xd03f2423) mem 0x8000d000 0x00000001
core   0: 0x8000b300 (0xff9ff06f) j       pc - 0x8
core   0: 3 0x8000b300 (0xff9ff06f)
core   0: 0x8000b2f8 (0x00002f17) auipc   t5, 0x2
core   0: 3 0x8000b2f8 (0x00002f17) x30 0x8000d2f8
core   0: 0x8000b2fc (0xd03f2423) sw      gp, -760(t5)
core   0: 3 0x8000b2fc (0xd03f2423) mem 0x8000d000 0x00000001
core   0: 0x8000b300 (0xff9ff06f) j       pc - 0x8
core   0: 3 0x8000b300 (0xff9ff06f)
core   0: 0x8000b2f8 (0x00002f17) auipc   t5, 0x2
core   0: 3 0x8000b2f8 (0x00002f17) x30 0x8000d2f8
core   0: 0x8000b2fc (0xd03f2423) sw      gp, -760(t5)
core   0: 3 0x8000b2fc (0xd03f2423) mem 0x8000d000 0x00000001
core   0: 0x8000b300 (0xff9ff06f) j       pc - 0x8
core   0: 3 0x8000b300 (0xff9ff06f)
core   0: 0x8000b2f8 (0x00002f17) auipc   t5, 0x2
core   0: 3 0x8000b2f8 (0x00002f17) x30 0x8000d2f8
core   0: 0x8000b2fc (0xd03f2423) sw      gp, -760(t5)
core   0: 3 0x8000b2fc (0xd03f2423) mem 0x8000d000 0x00000001
core   0: 0x8000b300 (0xff9ff06f) j       pc - 0x8
core   0: 3 0x8000b300 (0xff9ff06f)
core   0: 0x8000b2f8 (0x00002f17) auipc   t5, 0x2
core   0: 3 0x8000b2f8 (0x00002f17) x30 0x8000d2f8
core   0: 0x8000b2fc (0xd03f2423) sw      gp, -760(t5)
core   0: 3 0x8000b2fc (0xd03f2423) mem 0x8000d000 0x00000001
core   0: 0x8000b300 (0xff9ff06f) j       pc - 0x8
core   0: 3 0x8000b300 (0xff9ff06f)
core   0: 0x8000b2f8 (0x00002f17) auipc   t5, 0x2
core   0: 3 0x8000b2f8 (0x00002f17) x30 0x8000d2f8
core   0: 0x8000b2fc (0xd03f2423) sw      gp, -760(t5)
core   0: 3 0x8000b2fc (0xd03f2423) mem 0x8000d000 0x00000001
core   0: 0x8000b300 (0xff9ff06f) j       pc - 0x8
core   0: 3 0x8000b300 (0xff9ff06f)
core   0: 0x8000b2f8 (0x00002f17) auipc   t5, 0x2
core   0: 3 0x8000b2f8 (0x00002f17) x30 0x8000d2f8
core   0: 0x8000b2fc (0xd03f2423) sw      gp, -760(t5)
core   0: 3 0x8000b2fc (0xd03f2423) mem 0x8000d000 0x00000001
core   0: 0x8000b300 (0xff9ff06f) j       pc - 0x8
core   0: 3 0x8000b300 (0xff9ff06f)
core   0: 0x8000b2f8 (0x00002f17) auipc   t5, 0x2
core   0: 3 0x8000b2f8 (0x00002f17) x30 0x8000d2f8
core   0: 0x8000b2fc (0xd03f2423) sw      gp, -760(t5)
core   0: 3 0x8000b2fc (0xd03f2423) mem 0x8000d000 0x00000001
core   0: 0x8000b300 (0xff9ff06f) j       pc - 0x8
core   0: 3 0x8000b300 (0xff9ff06f)
core   0: 0x8000b2f8 (0x00002f17) auipc   t5, 0x2
core   0: 3 0x8000b2f8 (0x00002f17) x30 0x8000d2f8
core   0: 0x8000b2fc (0xd03f2423) sw      gp, -760(t5)
core   0: 3 0x8000b2fc (0xd03f2423) mem 0x8000d000 0x00000001
core   0: 0x8000b300 (0xff9ff06f) j       pc - 0x8
core   0: 3 0x8000b300 (0xff9ff06f)
core   0: 0x8000b2f8 (0x00002f17) auipc   t5, 0x2
core   0: 3 0x8000b2f8 (0x00002f17) x30 0x8000d2f8
core   0: 0x8000b2fc (0xd03f2423) sw      gp, -760(t5)
core   0: 3 0x8000b2fc (0xd03f2423) mem 0x8000d000 0x00000001
core   0: 0x8000b300 (0xff9ff06f) j       pc - 0x8
core   0: 3 0x8000b300 (0xff9ff06f)
core   0: 0x8000b2f8 (0x00002f17) auipc   t5, 0x2
core   0: 3 0x8000b2f8 (0x00002f17) x30 0x8000d2f8
core   0: 0x8000b2fc (0xd03f2423) sw      gp, -760(t5)
core   0: 3 0x8000b2fc (0xd03f2423) mem 0x8000d000 0x00000001
core   0: 0x8000b300 (0xff9ff06f) j       pc - 0x8
core   0: 3 0x8000b300 (0xff9ff06f)
core   0: 0x8000b2f8 (0x00002f17) auipc   t5, 0x2
core   0: 3 0x8000b2f8 (0x00002f17) x30 0x8000d2f8
core   0: 0x8000b2fc (0xd03f2423) sw      gp, -760(t5)
core   0: 3 0x8000b2fc (0xd03f2423) mem 0x8000d000 0x00000001
core   0: 0x8000b300 (0xff9ff06f) j       pc - 0x8
core   0: 3 0x8000b300 (0xff9ff06f)
core   0: 0x8000b2f8 (0x00002f17) auipc   t5, 0x2
core   0: 3 0x8000b2f8 (0x00002f17) x30 0x8000d2f8
core   0: 0x8000b2fc (0xd03f2423) sw      gp, -760(t5)
core   0: 3 0x8000b2fc (0xd03f2423) mem 0x8000d000 0x00000001
core   0: 0x8000b300 (0xff9ff06f) j       pc - 0x8
core   0: 3 0x8000b300 (0xff9ff06f)
core   0: 0x8000b2f8 (0x00002f17) auipc   t5, 0x2
core   0: 3 0x8000b2f8 (0x00002f17) x30 0x8000d2f8
core   0: 0x8000b2fc (0xd03f2423) sw      gp, -760(t5)
core   0: 3 0x8000b2fc (0xd03f2423) mem 0x8000d000 0x00000001
core   0: 0x8000b300 (0xff9ff06f) j       pc - 0x8
core   0: 3 0x8000b300 (0xff9ff06f)
core   0: 0x8000b2f8 (0x00002f17) auipc   t5, 0x2
core   0: 3 0x8000b2f8 (0x00002f17) x30 0x8000d2f8
core   0: 0x8000b2fc (0xd03f2423) sw      gp, -760(t5)
core   0: 3 0x8000b2fc (0xd03f2423) mem 0x8000d000 0x00000001
core   0: 0x8000b300 (0xff9ff06f) j       pc - 0x8
core   0: 3 0x8000b300 (0xff9ff06f)
core   0: 0x8000b2f8 (0x00002f17) auipc   t5, 0x2
core   0: 3 0x8000b2f8 (0x00002f17) x30 0x8000d2f8
core   0: 0x8000b2fc (0xd03f2423) sw      gp, -760(t5)
core   0: 3 0x8000b2fc (0xd03f2423) mem 0x8000d000 0x00000001
core   0: 0x8000b300 (0xff9ff06f) j       pc - 0x8
core   0: 3 0x8000b300 (0xff9ff06f)
core   0: 0x8000b2f8 (0x00002f17) auipc   t5, 0x2
core   0: 3 0x8000b2f8 (0x00002f17) x30 0x8000d2f8
core   0: 0x8000b2fc (0xd03f2423) sw      gp, -760(t5)
core   0: 3 0x8000b2fc (0xd03f2423) mem 0x8000d000 0x00000001
core   0: 0x8000b300 (0xff9ff06f) j       pc - 0x8
core   0: 3 0x8000b300 (0xff9ff06f)
core   0: 0x8000b2f8 (0x00002f17) auipc   t5, 0x2
core   0: 3 0x8000b2f8 (0x00002f17) x30 0x8000d2f8
core   0: 0x8000b2fc (0xd03f2423) sw      gp, -760(t5)
core   0: 3 0x8000b2fc (0xd03f2423) mem 0x8000d000 0x00000001
core   0: 0x8000b300 (0xff9ff06f) j       pc - 0x8
core   0: 3 0x8000b300 (0xff9ff06f)
core   0: 0x8000b2f8 (0x00002f17) auipc   t5, 0x2
core   0: 3 0x8000b2f8 (0x00002f17) x30 0x8000d2f8
core   0: 0x8000b2fc (0xd03f2423) sw      gp, -760(t5)
core   0: 3 0x8000b2fc (0xd03f2423) mem 0x8000d000 0x00000001
core   0: 0x8000b300 (0xff9ff06f) j       pc - 0x8
core   0: 3 0x8000b300 (0xff9ff06f)
core   0: 0x8000b2f8 (0x00002f17) auipc   t5, 0x2
core   0: 3 0x8000b2f8 (0x00002f17) x30 0x8000d2f8
core   0: 0x8000b2fc (0xd03f2423) sw      gp, -760(t5)
core   0: 3 0x8000b2fc (0xd03f2423) mem 0x8000d000 0x00000001
core   0: 0x8000b300 (0xff9ff06f) j       pc - 0x8
core   0: 3 0x8000b300 (0xff9ff06f)
core   0: 0x8000b2f8 (0x00002f17) auipc   t5, 0x2
core   0: 3 0x8000b2f8 (0x00002f17) x30 0x8000d2f8
core   0: 0x8000b2fc (0xd03f2423) sw      gp, -760(t5)
core   0: 3 0x8000b2fc (0xd03f2423) mem 0x8000d000 0x00000001
core   0: 0x8000b300 (0xff9ff06f) j       pc - 0x8
core   0: 3 0x8000b300 (0xff9ff06f)
core   0: 0x8000b2f8 (0x00002f17) auipc   t5, 0x2
core   0: 3 0x8000b2f8 (0x00002f17) x30 0x8000d2f8
core   0: 0x8000b2fc (0xd03f2423) sw      gp, -760(t5)
core   0: 3 0x8000b2fc (0xd03f2423) mem 0x8000d000 0x00000001
core   0: 0x8000b300 (0xff9ff06f) j       pc - 0x8
core   0: 3 0x8000b300 (0xff9ff06f)
core   0: 0x8000b2f8 (0x00002f17) auipc   t5, 0x2
core   0: 3 0x8000b2f8 (0x00002f17) x30 0x8000d2f8
core   0: 0x8000b2fc (0xd03f2423) sw      gp, -760(t5)
core   0: 3 0x8000b2fc (0xd03f2423) mem 0x8000d000 0x00000001
core   0: 0x8000b300 (0xff9ff06f) j       pc - 0x8
core   0: 3 0x8000b300 (0xff9ff06f)
core   0: 0x8000b2f8 (0x00002f17) auipc   t5, 0x2
core   0: 3 0x8000b2f8 (0x00002f17) x30 0x8000d2f8
core   0: 0x8000b2fc (0xd03f2423) sw      gp, -760(t5)
core   0: 3 0x8000b2fc (0xd03f2423) mem 0x8000d000 0x00000001
core   0: 0x8000b300 (0xff9ff06f) j       pc - 0x8
core   0: 3 0x8000b300 (0xff9ff06f)
core   0: 0x8000b2f8 (0x00002f17) auipc   t5, 0x2
core   0: 3 0x8000b2f8 (0x00002f17) x30 0x8000d2f8
core   0: 0x8000b2fc (0xd03f2423) sw      gp, -760(t5)
core   0: 3 0x8000b2fc (0xd03f2423) mem 0x8000d000 0x00000001
core   0: 0x8000b300 (0xff9ff06f) j       pc - 0x8
core   0: 3 0x8000b300 (0xff9ff06f)
core   0: 0x8000b2f8 (0x00002f17) auipc   t5, 0x2
core   0: 3 0x8000b2f8 (0x00002f17) x30 0x8000d2f8
core   0: 0x8000b2fc (0xd03f2423) sw      gp, -760(t5)
core   0: 3 0x8000b2fc (0xd03f2423) mem 0x8000d000 0x00000001
core   0: 0x8000b300 (0xff9ff06f) j       pc - 0x8
core   0: 3 0x8000b300 (0xff9ff06f)
core   0: 0x8000b2f8 (0x00002f17) auipc   t5, 0x2
core   0: 3 0x8000b2f8 (0x00002f17) x30 0x8000d2f8
core   0: 0x8000b2fc (0xd03f2423) sw      gp, -760(t5)
core   0: 3 0x8000b2fc (0xd03f2423) mem 0x8000d000 0x00000001
core   0: 0x8000b300 (0xff9ff06f) j       pc - 0x8
core   0: 3 0x8000b300 (0xff9ff06f)
core   0: 0x8000b2f8 (0x00002f17) auipc   t5, 0x2
core   0: 3 0x8000b2f8 (0x00002f17) x30 0x8000d2f8
core   0: 0x8000b2fc (0xd03f2423) sw      gp, -760(t5)
core   0: 3 0x8000b2fc (0xd03f2423) mem 0x8000d000 0x00000001
core   0: 0x8000b300 (0xff9ff06f) j       pc - 0x8
core   0: 3 0x8000b300 (0xff9ff06f)
core   0: 0x8000b2f8 (0x00002f17) auipc   t5, 0x2
core   0: 3 0x8000b2f8 (0x00002f17) x30 0x8000d2f8
core   0: 0x8000b2fc (0xd03f2423) sw      gp, -760(t5)
core   0: 3 0x8000b2fc (0xd03f2423) mem 0x8000d000 0x00000001
core   0: 0x8000b300 (0xff9ff06f) j       pc - 0x8
core   0: 3 0x8000b300 (0xff9ff06f)
core   0: 0x8000b2f8 (0x00002f17) auipc   t5, 0x2
core   0: 3 0x8000b2f8 (0x00002f17) x30 0x8000d2f8
core   0: 0x8000b2fc (0xd03f2423) sw      gp, -760(t5)
core   0: 3 0x8000b2fc (0xd03f2423) mem 0x8000d000 0x00000001
core   0: 0x8000b300 (0xff9ff06f) j       pc - 0x8
core   0: 3 0x8000b300 (0xff9ff06f)
core   0: 0x8000b2f8 (0x00002f17) auipc   t5, 0x2
core   0: 3 0x8000b2f8 (0x00002f17) x30 0x8000d2f8
core   0: 0x8000b2fc (0xd03f2423) sw      gp, -760(t5)
core   0: 3 0x8000b2fc (0xd03f2423) mem 0x8000d000 0x00000001
core   0: 0x8000b300 (0xff9ff06f) j       pc - 0x8
core   0: 3 0x8000b300 (0xff9ff06f)
core   0: 0x8000b2f8 (0x00002f17) auipc   t5, 0x2
core   0: 3 0x8000b2f8 (0x00002f17) x30 0x8000d2f8
core   0: 0x8000b2fc (0xd03f2423) sw      gp, -760(t5)
core   0: 3 0x8000b2fc (0xd03f2423) mem 0x8000d000 0x00000001
core   0: 0x8000b300 (0xff9ff06f) j       pc - 0x8
core   0: 3 0x8000b300 (0xff9ff06f)
core   0: 0x8000b2f8 (0x00002f17) auipc   t5, 0x2
core   0: 3 0x8000b2f8 (0x00002f17) x30 0x8000d2f8
core   0: 0x8000b2fc (0xd03f2423) sw      gp, -760(t5)
core   0: 3 0x8000b2fc (0xd03f2423) mem 0x8000d000 0x00000001
core   0: 0x8000b300 (0xff9ff06f) j       pc - 0x8
core   0: 3 0x8000b300 (0xff9ff06f)
core   0: 0x8000b2f8 (0x00002f17) auipc   t5, 0x2
core   0: 3 0x8000b2f8 (0x00002f17) x30 0x8000d2f8
core   0: 0x8000b2fc (0xd03f2423) sw      gp, -760(t5)
core   0: 3 0x8000b2fc (0xd03f2423) mem 0x8000d000 0x00000001
core   0: 0x8000b300 (0xff9ff06f) j       pc - 0x8
core   0: 3 0x8000b300 (0xff9ff06f)
core   0: 0x8000b2f8 (0x00002f17) auipc   t5, 0x2
core   0: 3 0x8000b2f8 (0x00002f17) x30 0x8000d2f8
core   0: 0x8000b2fc (0xd03f2423) sw      gp, -760(t5)
core   0: 3 0x8000b2fc (0xd03f2423) mem 0x8000d000 0x00000001
core   0: 0x8000b300 (0xff9ff06f) j       pc - 0x8
core   0: 3 0x8000b300 (0xff9ff06f)
core   0: 0x8000b2f8 (0x00002f17) auipc   t5, 0x2
core   0: 3 0x8000b2f8 (0x00002f17) x30 0x8000d2f8
core   0: 0x8000b2fc (0xd03f2423) sw      gp, -760(t5)
core   0: 3 0x8000b2fc (0xd03f2423) mem 0x8000d000 0x00000001
core   0: 0x8000b300 (0xff9ff06f) j       pc - 0x8
core   0: 3 0x8000b300 (0xff9ff06f)
core   0: 0x8000b2f8 (0x00002f17) auipc   t5, 0x2
core   0: 3 0x8000b2f8 (0x00002f17) x30 0x8000d2f8
core   0: 0x8000b2fc (0xd03f2423) sw      gp, -760(t5)
core   0: 3 0x8000b2fc (0xd03f2423) mem 0x8000d000 0x00000001
core   0: 0x8000b300 (0xff9ff06f) j       pc - 0x8
core   0: 3 0x8000b300 (0xff9ff06f)
core   0: 0x8000b2f8 (0x00002f17) auipc   t5, 0x2
core   0: 3 0x8000b2f8 (0x00002f17) x30 0x8000d2f8
core   0: 0x8000b2fc (0xd03f2423) sw      gp, -760(t5)
core   0: 3 0x8000b2fc (0xd03f2423) mem 0x8000d000 0x00000001
core   0: 0x8000b300 (0xff9ff06f) j       pc - 0x8
core   0: 3 0x8000b300 (0xff9ff06f)
core   0: 0x8000b2f8 (0x00002f17) auipc   t5, 0x2
core   0: 3 0x8000b2f8 (0x00002f17) x30 0x8000d2f8
core   0: 0x8000b2fc (0xd03f2423) sw      gp, -760(t5)
core   0: 3 0x8000b2fc (0xd03f2423) mem 0x8000d000 0x00000001
core   0: 0x8000b300 (0xff9ff06f) j       pc - 0x8
core   0: 3 0x8000b300 (0xff9ff06f)
core   0: 0x8000b2f8 (0x00002f17) auipc   t5, 0x2
core   0: 3 0x8000b2f8 (0x00002f17) x30 0x8000d2f8
core   0: 0x8000b2fc (0xd03f2423) sw      gp, -760(t5)
core   0: 3 0x8000b2fc (0xd03f2423) mem 0x8000d000 0x00000001
core   0: 0x8000b300 (0xff9ff06f) j       pc - 0x8
core   0: 3 0x8000b300 (0xff9ff06f)
core   0: 0x8000b2f8 (0x00002f17) auipc   t5, 0x2
core   0: 3 0x8000b2f8 (0x00002f17) x30 0x8000d2f8
core   0: 0x8000b2fc (0xd03f2423) sw      gp, -760(t5)
core   0: 3 0x8000b2fc (0xd03f2423) mem 0x8000d000 0x00000001
core   0: 0x8000b300 (0xff9ff06f) j       pc - 0x8
core   0: 3 0x8000b300 (0xff9ff06f)
core   0: 0x8000b2f8 (0x00002f17) auipc   t5, 0x2
core   0: 3 0x8000b2f8 (0x00002f17) x30 0x8000d2f8
core   0: 0x8000b2fc (0xd03f2423) sw      gp, -760(t5)
core   0: 3 0x8000b2fc (0xd03f2423) mem 0x8000d000 0x00000001
core   0: 0x8000b300 (0xff9ff06f) j       pc - 0x8
core   0: 3 0x8000b300 (0xff9ff06f)
core   0: 0x8000b2f8 (0x00002f17) auipc   t5, 0x2
core   0: 3 0x8000b2f8 (0x00002f17) x30 0x8000d2f8
core   0: 0x8000b2fc (0xd03f2423) sw      gp, -760(t5)
core   0: 3 0x8000b2fc (0xd03f2423) mem 0x8000d000 0x00000001
core   0: 0x8000b300 (0xff9ff06f) j       pc - 0x8
core   0: 3 0x8000b300 (0xff9ff06f)
core   0: 0x8000b2f8 (0x00002f17) auipc   t5, 0x2
core   0: 3 0x8000b2f8 (0x00002f17) x30 0x8000d2f8
core   0: 0x8000b2fc (0xd03f2423) sw      gp, -760(t5)
core   0: 3 0x8000b2fc (0xd03f2423) mem 0x8000d000 0x00000001
core   0: 0x8000b300 (0xff9ff06f) j       pc - 0x8
core   0: 3 0x8000b300 (0xff9ff06f)
core   0: 0x8000b2f8 (0x00002f17) auipc   t5, 0x2
core   0: 3 0x8000b2f8 (0x00002f17) x30 0x8000d2f8
core   0: 0x8000b2fc (0xd03f2423) sw      gp, -760(t5)
core   0: 3 0x8000b2fc (0xd03f2423) mem 0x8000d000 0x00000001
core   0: 0x8000b300 (0xff9ff06f) j       pc - 0x8
core   0: 3 0x8000b300 (0xff9ff06f)
core   0: 0x8000b2f8 (0x00002f17) auipc   t5, 0x2
core   0: 3 0x8000b2f8 (0x00002f17) x30 0x8000d2f8
core   0: 0x8000b2fc (0xd03f2423) sw      gp, -760(t5)
core   0: 3 0x8000b2fc (0xd03f2423) mem 0x8000d000 0x00000001
core   0: 0x8000b300 (0xff9ff06f) j       pc - 0x8
core   0: 3 0x8000b300 (0xff9ff06f)
core   0: 0x8000b2f8 (0x00002f17) auipc   t5, 0x2
core   0: 3 0x8000b2f8 (0x00002f17) x30 0x8000d2f8
core   0: 0x8000b2fc (0xd03f2423) sw      gp, -760(t5)
core   0: 3 0x8000b2fc (0xd03f2423) mem 0x8000d000 0x00000001
core   0: 0x8000b300 (0xff9ff06f) j       pc - 0x8
core   0: 3 0x8000b300 (0xff9ff06f)
core   0: 0x8000b2f8 (0x00002f17) auipc   t5, 0x2
core   0: 3 0x8000b2f8 (0x00002f17) x30 0x8000d2f8
core   0: 0x8000b2fc (0xd03f2423) sw      gp, -760(t5)
core   0: 3 0x8000b2fc (0xd03f2423) mem 0x8000d000 0x00000001
core   0: 0x8000b300 (0xff9ff06f) j       pc - 0x8
core   0: 3 0x8000b300 (0xff9ff06f)
core   0: 0x8000b2f8 (0x00002f17) auipc   t5, 0x2
core   0: 3 0x8000b2f8 (0x00002f17) x30 0x8000d2f8
core   0: 0x8000b2fc (0xd03f2423) sw      gp, -760(t5)
core   0: 3 0x8000b2fc (0xd03f2423) mem 0x8000d000 0x00000001
core   0: 0x8000b300 (0xff9ff06f) j       pc - 0x8
core   0: 3 0x8000b300 (0xff9ff06f)
core   0: 0x8000b2f8 (0x00002f17) auipc   t5, 0x2
core   0: 3 0x8000b2f8 (0x00002f17) x30 0x8000d2f8
core   0: 0x8000b2fc (0xd03f2423) sw      gp, -760(t5)
core   0: 3 0x8000b2fc (0xd03f2423) mem 0x8000d000 0x00000001
core   0: 0x8000b300 (0xff9ff06f) j       pc - 0x8
core   0: 3 0x8000b300 (0xff9ff06f)
core   0: 0x8000b2f8 (0x00002f17) auipc   t5, 0x2
core   0: 3 0x8000b2f8 (0x00002f17) x30 0x8000d2f8
core   0: 0x8000b2fc (0xd03f2423) sw      gp, -760(t5)
core   0: 3 0x8000b2fc (0xd03f2423) mem 0x8000d000 0x00000001
core   0: 0x8000b300 (0xff9ff06f) j       pc - 0x8
core   0: 3 0x8000b300 (0xff9ff06f)
core   0: 0x8000b2f8 (0x00002f17) auipc   t5, 0x2
core   0: 3 0x8000b2f8 (0x00002f17) x30 0x8000d2f8
core   0: 0x8000b2fc (0xd03f2423) sw      gp, -760(t5)
core   0: 3 0x8000b2fc (0xd03f2423) mem 0x8000d000 0x00000001
core   0: 0x8000b300 (0xff9ff06f) j       pc - 0x8
core   0: 3 0x8000b300 (0xff9ff06f)
core   0: 0x8000b2f8 (0x00002f17) auipc   t5, 0x2
core   0: 3 0x8000b2f8 (0x00002f17) x30 0x8000d2f8
core   0: 0x8000b2fc (0xd03f2423) sw      gp, -760(t5)
core   0: 3 0x8000b2fc (0xd03f2423) mem 0x8000d000 0x00000001
core   0: 0x8000b300 (0xff9ff06f) j       pc - 0x8
core   0: 3 0x8000b300 (0xff9ff06f)
core   0: 0x8000b2f8 (0x00002f17) auipc   t5, 0x2
core   0: 3 0x8000b2f8 (0x00002f17) x30 0x8000d2f8
core   0: 0x8000b2fc (0xd03f2423) sw      gp, -760(t5)
core   0: 3 0x8000b2fc (0xd03f2423) mem 0x8000d000 0x00000001
core   0: 0x8000b300 (0xff9ff06f) j       pc - 0x8
core   0: 3 0x8000b300 (0xff9ff06f)
core   0: 0x8000b2f8 (0x00002f17) auipc   t5, 0x2
core   0: 3 0x8000b2f8 (0x00002f17) x30 0x8000d2f8
core   0: 0x8000b2fc (0xd03f2423) sw      gp, -760(t5)
core   0: 3 0x8000b2fc (0xd03f2423) mem 0x8000d000 0x00000001
core   0: 0x8000b300 (0xff9ff06f) j       pc - 0x8
core   0: 3 0x8000b300 (0xff9ff06f)
core   0: 0x8000b2f8 (0x00002f17) auipc   t5, 0x2
core   0: 3 0x8000b2f8 (0x00002f17) x30 0x8000d2f8
core   0: 0x8000b2fc (0xd03f2423) sw      gp, -760(t5)
core   0: 3 0x8000b2fc (0xd03f2423) mem 0x8000d000 0x00000001
core   0: 0x8000b300 (0xff9ff06f) j       pc - 0x8
core   0: 3 0x8000b300 (0xff9ff06f)
core   0: 0x8000b2f8 (0x00002f17) auipc   t5, 0x2
core   0: 3 0x8000b2f8 (0x00002f17) x30 0x8000d2f8
core   0: 0x8000b2fc (0xd03f2423) sw      gp, -760(t5)
core   0: 3 0x8000b2fc (0xd03f2423) mem 0x8000d000 0x00000001
core   0: 0x8000b300 (0xff9ff06f) j       pc - 0x8
core   0: 3 0x8000b300 (0xff9ff06f)
core   0: 0x8000b2f8 (0x00002f17) auipc   t5, 0x2
core   0: 3 0x8000b2f8 (0x00002f17) x30 0x8000d2f8
core   0: 0x8000b2fc (0xd03f2423) sw      gp, -760(t5)
core   0: 3 0x8000b2fc (0xd03f2423) mem 0x8000d000 0x00000001
core   0: 0x8000b300 (0xff9ff06f) j       pc - 0x8
core   0: 3 0x8000b300 (0xff9ff06f)
core   0: 0x8000b2f8 (0x00002f17) auipc   t5, 0x2
core   0: 3 0x8000b2f8 (0x00002f17) x30 0x8000d2f8
core   0: 0x8000b2fc (0xd03f2423) sw      gp, -760(t5)
core   0: 3 0x8000b2fc (0xd03f2423) mem 0x8000d000 0x00000001
core   0: 0x8000b300 (0xff9ff06f) j       pc - 0x8
core   0: 3 0x8000b300 (0xff9ff06f)
core   0: 0x8000b2f8 (0x00002f17) auipc   t5, 0x2
core   0: 3 0x8000b2f8 (0x00002f17) x30 0x8000d2f8
core   0: 0x8000b2fc (0xd03f2423) sw      gp, -760(t5)
core   0: 3 0x8000b2fc (0xd03f2423) mem 0x8000d000 0x00000001
core   0: 0x8000b300 (0xff9ff06f) j       pc - 0x8
core   0: 3 0x8000b300 (0xff9ff06f)
core   0: 0x8000b2f8 (0x00002f17) auipc   t5, 0x2
core   0: 3 0x8000b2f8 (0x00002f17) x30 0x8000d2f8
core   0: 0x8000b2fc (0xd03f2423) sw      gp, -760(t5)
core   0: 3 0x8000b2fc (0xd03f2423) mem 0x8000d000 0x00000001
core   0: 0x8000b300 (0xff9ff06f) j       pc - 0x8
core   0: 3 0x8000b300 (0xff9ff06f)
core   0: 0x8000b2f8 (0x00002f17) auipc   t5, 0x2
core   0: 3 0x8000b2f8 (0x00002f17) x30 0x8000d2f8
core   0: 0x8000b2fc (0xd03f2423) sw      gp, -760(t5)
core   0: 3 0x8000b2fc (0xd03f2423) mem 0x8000d000 0x00000001
core   0: 0x8000b300 (0xff9ff06f) j       pc - 0x8
core   0: 3 0x8000b300 (0xff9ff06f)
core   0: 0x8000b2f8 (0x00002f17) auipc   t5, 0x2
core   0: 3 0x8000b2f8 (0x00002f17) x30 0x8000d2f8
core   0: 0x8000b2fc (0xd03f2423) sw      gp, -760(t5)
core   0: 3 0x8000b2fc (0xd03f2423) mem 0x8000d000 0x00000001
core   0: 0x8000b300 (0xff9ff06f) j       pc - 0x8
core   0: 3 0x8000b300 (0xff9ff06f)
core   0: 0x8000b2f8 (0x00002f17) auipc   t5, 0x2
core   0: 3 0x8000b2f8 (0x00002f17) x30 0x8000d2f8
core   0: 0x8000b2fc (0xd03f2423) sw      gp, -760(t5)
core   0: 3 0x8000b2fc (0xd03f2423) mem 0x8000d000 0x00000001
core   0: 0x8000b300 (0xff9ff06f) j       pc - 0x8
core   0: 3 0x8000b300 (0xff9ff06f)
core   0: 0x8000b2f8 (0x00002f17) auipc   t5, 0x2
core   0: 3 0x8000b2f8 (0x00002f17) x30 0x8000d2f8
core   0: 0x8000b2fc (0xd03f2423) sw      gp, -760(t5)
core   0: 3 0x8000b2fc (0xd03f2423) mem 0x8000d000 0x00000001
core   0: 0x8000b300 (0xff9ff06f) j       pc - 0x8
core   0: 3 0x8000b300 (0xff9ff06f)
core   0: 0x8000b2f8 (0x00002f17) auipc   t5, 0x2
core   0: 3 0x8000b2f8 (0x00002f17) x30 0x8000d2f8
core   0: 0x8000b2fc (0xd03f2423) sw      gp, -760(t5)
core   0: 3 0x8000b2fc (0xd03f2423) mem 0x8000d000 0x00000001
core   0: 0x8000b300 (0xff9ff06f) j       pc - 0x8
core   0: 3 0x8000b300 (0xff9ff06f)
core   0: 0x8000b2f8 (0x00002f17) auipc   t5, 0x2
core   0: 3 0x8000b2f8 (0x00002f17) x30 0x8000d2f8
core   0: 0x8000b2fc (0xd03f2423) sw      gp, -760(t5)
core   0: 3 0x8000b2fc (0xd03f2423) mem 0x8000d000 0x00000001
core   0: 0x8000b300 (0xff9ff06f) j       pc - 0x8
core   0: 3 0x8000b300 (0xff9ff06f)
core   0: 0x8000b2f8 (0x00002f17) auipc   t5, 0x2
core   0: 3 0x8000b2f8 (0x00002f17) x30 0x8000d2f8
core   0: 0x8000b2fc (0xd03f2423) sw      gp, -760(t5)
core   0: 3 0x8000b2fc (0xd03f2423) mem 0x8000d000 0x00000001
core   0: 0x8000b300 (0xff9ff06f) j       pc - 0x8
core   0: 3 0x8000b300 (0xff9ff06f)
core   0: 0x8000b2f8 (0x00002f17) auipc   t5, 0x2
core   0: 3 0x8000b2f8 (0x00002f17) x30 0x8000d2f8
core   0: 0x8000b2fc (0xd03f2423) sw      gp, -760(t5)
core   0: 3 0x8000b2fc (0xd03f2423) mem 0x8000d000 0x00000001
core   0: 0x8000b300 (0xff9ff06f) j       pc - 0x8
core   0: 3 0x8000b300 (0xff9ff06f)
core   0: 0x8000b2f8 (0x00002f17) auipc   t5, 0x2
core   0: 3 0x8000b2f8 (0x00002f17) x30 0x8000d2f8
core   0: 0x8000b2fc (0xd03f2423) sw      gp, -760(t5)
core   0: 3 0x8000b2fc (0xd03f2423) mem 0x8000d000 0x00000001
core   0: 0x8000b300 (0xff9ff06f) j       pc - 0x8
core   0: 3 0x8000b300 (0xff9ff06f)
core   0: 0x8000b2f8 (0x00002f17) auipc   t5, 0x2
core   0: 3 0x8000b2f8 (0x00002f17) x30 0x8000d2f8
core   0: 0x8000b2fc (0xd03f2423) sw      gp, -760(t5)
core   0: 3 0x8000b2fc (0xd03f2423) mem 0x8000d000 0x00000001
core   0: 0x8000b300 (0xff9ff06f) j       pc - 0x8
core   0: 3 0x8000b300 (0xff9ff06f)
core   0: 0x8000b2f8 (0x00002f17) auipc   t5, 0x2
core   0: 3 0x8000b2f8 (0x00002f17) x30 0x8000d2f8
core   0: 0x8000b2fc (0xd03f2423) sw      gp, -760(t5)
core   0: 3 0x8000b2fc (0xd03f2423) mem 0x8000d000 0x00000001
core   0: 0x8000b300 (0xff9ff06f) j       pc - 0x8
core   0: 3 0x8000b300 (0xff9ff06f)
core   0: 0x8000b2f8 (0x00002f17) auipc   t5, 0x2
core   0: 3 0x8000b2f8 (0x00002f17) x30 0x8000d2f8
core   0: 0x8000b2fc (0xd03f2423) sw      gp, -760(t5)
core   0: 3 0x8000b2fc (0xd03f2423) mem 0x8000d000 0x00000001
core   0: 0x8000b300 (0xff9ff06f) j       pc - 0x8
core   0: 3 0x8000b300 (0xff9ff06f)
core   0: 0x8000b2f8 (0x00002f17) auipc   t5, 0x2
core   0: 3 0x8000b2f8 (0x00002f17) x30 0x8000d2f8
core   0: 0x8000b2fc (0xd03f2423) sw      gp, -760(t5)
core   0: 3 0x8000b2fc (0xd03f2423) mem 0x8000d000 0x00000001
core   0: 0x8000b300 (0xff9ff06f) j       pc - 0x8
core   0: 3 0x8000b300 (0xff9ff06f)
core   0: 0x8000b2f8 (0x00002f17) auipc   t5, 0x2
core   0: 3 0x8000b2f8 (0x00002f17) x30 0x8000d2f8
core   0: 0x8000b2fc (0xd03f2423) sw      gp, -760(t5)
core   0: 3 0x8000b2fc (0xd03f2423) mem 0x8000d000 0x00000001
core   0: 0x8000b300 (0xff9ff06f) j       pc - 0x8
core   0: 3 0x8000b300 (0xff9ff06f)
core   0: 0x8000b2f8 (0x00002f17) auipc   t5, 0x2
core   0: 3 0x8000b2f8 (0x00002f17) x30 0x8000d2f8
core   0: 0x8000b2fc (0xd03f2423) sw      gp, -760(t5)
core   0: 3 0x8000b2fc (0xd03f2423) mem 0x8000d000 0x00000001
core   0: 0x8000b300 (0xff9ff06f) j       pc - 0x8
core   0: 3 0x8000b300 (0xff9ff06f)
core   0: 0x8000b2f8 (0x00002f17) auipc   t5, 0x2
core   0: 3 0x8000b2f8 (0x00002f17) x30 0x8000d2f8
core   0: 0x8000b2fc (0xd03f2423) sw      gp, -760(t5)
core   0: 3 0x8000b2fc (0xd03f2423) mem 0x8000d000 0x00000001
core   0: 0x8000b300 (0xff9ff06f) j       pc - 0x8
core   0: 3 0x8000b300 (0xff9ff06f)
core   0: 0x8000b2f8 (0x00002f17) auipc   t5, 0x2
core   0: 3 0x8000b2f8 (0x00002f17) x30 0x8000d2f8
core   0: 0x8000b2fc (0xd03f2423) sw      gp, -760(t5)
core   0: 3 0x8000b2fc (0xd03f2423) mem 0x8000d000 0x00000001
core   0: 0x8000b300 (0xff9ff06f) j       pc - 0x8
core   0: 3 0x8000b300 (0xff9ff06f)
core   0: 0x8000b2f8 (0x00002f17) auipc   t5, 0x2
core   0: 3 0x8000b2f8 (0x00002f17) x30 0x8000d2f8
core   0: 0x8000b2fc (0xd03f2423) sw      gp, -760(t5)
core   0: 3 0x8000b2fc (0xd03f2423) mem 0x8000d000 0x00000001
core   0: 0x8000b300 (0xff9ff06f) j       pc - 0x8
core   0: 3 0x8000b300 (0xff9ff06f)
core   0: 0x8000b2f8 (0x00002f17) auipc   t5, 0x2
core   0: 3 0x8000b2f8 (0x00002f17) x30 0x8000d2f8
core   0: 0x8000b2fc (0xd03f2423) sw      gp, -760(t5)
core   0: 3 0x8000b2fc (0xd03f2423) mem 0x8000d000 0x00000001
core   0: 0x8000b300 (0xff9ff06f) j       pc - 0x8
core   0: 3 0x8000b300 (0xff9ff06f)
core   0: 0x8000b2f8 (0x00002f17) auipc   t5, 0x2
core   0: 3 0x8000b2f8 (0x00002f17) x30 0x8000d2f8
core   0: 0x8000b2fc (0xd03f2423) sw      gp, -760(t5)
core   0: 3 0x8000b2fc (0xd03f2423) mem 0x8000d000 0x00000001
core   0: 0x8000b300 (0xff9ff06f) j       pc - 0x8
core   0: 3 0x8000b300 (0xff9ff06f)
core   0: 0x8000b2f8 (0x00002f17) auipc   t5, 0x2
core   0: 3 0x8000b2f8 (0x00002f17) x30 0x8000d2f8
core   0: 0x8000b2fc (0xd03f2423) sw      gp, -760(t5)
core   0: 3 0x8000b2fc (0xd03f2423) mem 0x8000d000 0x00000001
core   0: 0x8000b300 (0xff9ff06f) j       pc - 0x8
core   0: 3 0x8000b300 (0xff9ff06f)
core   0: 0x8000b2f8 (0x00002f17) auipc   t5, 0x2
core   0: 3 0x8000b2f8 (0x00002f17) x30 0x8000d2f8
core   0: 0x8000b2fc (0xd03f2423) sw      gp, -760(t5)
core   0: 3 0x8000b2fc (0xd03f2423) mem 0x8000d000 0x00000001
core   0: 0x8000b300 (0xff9ff06f) j       pc - 0x8
core   0: 3 0x8000b300 (0xff9ff06f)
core   0: 0x8000b2f8 (0x00002f17) auipc   t5, 0x2
core   0: 3 0x8000b2f8 (0x00002f17) x30 0x8000d2f8
core   0: 0x8000b2fc (0xd03f2423) sw      gp, -760(t5)
core   0: 3 0x8000b2fc (0xd03f2423) mem 0x8000d000 0x00000001
core   0: 0x8000b300 (0xff9ff06f) j       pc - 0x8
core   0: 3 0x8000b300 (0xff9ff06f)
core   0: 0x8000b2f8 (0x00002f17) auipc   t5, 0x2
core   0: 3 0x8000b2f8 (0x00002f17) x30 0x8000d2f8
core   0: 0x8000b2fc (0xd03f2423) sw      gp, -760(t5)
core   0: 3 0x8000b2fc (0xd03f2423) mem 0x8000d000 0x00000001
core   0: 0x8000b300 (0xff9ff06f) j       pc - 0x8
core   0: 3 0x8000b300 (0xff9ff06f)
core   0: 0x8000b2f8 (0x00002f17) auipc   t5, 0x2
core   0: 3 0x8000b2f8 (0x00002f17) x30 0x8000d2f8
core   0: 0x8000b2fc (0xd03f2423) sw      gp, -760(t5)
core   0: 3 0x8000b2fc (0xd03f2423) mem 0x8000d000 0x00000001
core   0: 0x8000b300 (0xff9ff06f) j       pc - 0x8
core   0: 3 0x8000b300 (0xff9ff06f)
core   0: 0x8000b2f8 (0x00002f17) auipc   t5, 0x2
core   0: 3 0x8000b2f8 (0x00002f17) x30 0x8000d2f8
core   0: 0x8000b2fc (0xd03f2423) sw      gp, -760(t5)
core   0: 3 0x8000b2fc (0xd03f2423) mem 0x8000d000 0x00000001
core   0: 0x8000b300 (0xff9ff06f) j       pc - 0x8
core   0: 3 0x8000b300 (0xff9ff06f)
core   0: 0x8000b2f8 (0x00002f17) auipc   t5, 0x2
core   0: 3 0x8000b2f8 (0x00002f17) x30 0x8000d2f8
core   0: 0x8000b2fc (0xd03f2423) sw      gp, -760(t5)
core   0: 3 0x8000b2fc (0xd03f2423) mem 0x8000d000 0x00000001
core   0: 0x8000b300 (0xff9ff06f) j       pc - 0x8
core   0: 3 0x8000b300 (0xff9ff06f)
core   0: 0x8000b2f8 (0x00002f17) auipc   t5, 0x2
core   0: 3 0x8000b2f8 (0x00002f17) x30 0x8000d2f8
core   0: 0x8000b2fc (0xd03f2423) sw      gp, -760(t5)
core   0: 3 0x8000b2fc (0xd03f2423) mem 0x8000d000 0x00000001
core   0: 0x8000b300 (0xff9ff06f) j       pc - 0x8
core   0: 3 0x8000b300 (0xff9ff06f)
core   0: 0x8000b2f8 (0x00002f17) auipc   t5, 0x2
core   0: 3 0x8000b2f8 (0x00002f17) x30 0x8000d2f8
core   0: 0x8000b2fc (0xd03f2423) sw      gp, -760(t5)
core   0: 3 0x8000b2fc (0xd03f2423) mem 0x8000d000 0x00000001
core   0: 0x8000b300 (0xff9ff06f) j       pc - 0x8
core   0: 3 0x8000b300 (0xff9ff06f)
core   0: 0x8000b2f8 (0x00002f17) auipc   t5, 0x2
core   0: 3 0x8000b2f8 (0x00002f17) x30 0x8000d2f8
core   0: 0x8000b2fc (0xd03f2423) sw      gp, -760(t5)
core   0: 3 0x8000b2fc (0xd03f2423) mem 0x8000d000 0x00000001
core   0: 0x8000b300 (0xff9ff06f) j       pc - 0x8
core   0: 3 0x8000b300 (0xff9ff06f)
core   0: 0x8000b2f8 (0x00002f17) auipc   t5, 0x2
core   0: 3 0x8000b2f8 (0x00002f17) x30 0x8000d2f8
core   0: 0x8000b2fc (0xd03f2423) sw      gp, -760(t5)
core   0: 3 0x8000b2fc (0xd03f2423) mem 0x8000d000 0x00000001
core   0: 0x8000b300 (0xff9ff06f) j       pc - 0x8
core   0: 3 0x8000b300 (0xff9ff06f)
core   0: 0x8000b2f8 (0x00002f17) auipc   t5, 0x2
core   0: 3 0x8000b2f8 (0x00002f17) x30 0x8000d2f8
core   0: 0x8000b2fc (0xd03f2423) sw      gp, -760(t5)
core   0: 3 0x8000b2fc (0xd03f2423) mem 0x8000d000 0x00000001
core   0: 0x8000b300 (0xff9ff06f) j       pc - 0x8
core   0: 3 0x8000b300 (0xff9ff06f)
core   0: 0x8000b2f8 (0x00002f17) auipc   t5, 0x2
core   0: 3 0x8000b2f8 (0x00002f17) x30 0x8000d2f8
core   0: 0x8000b2fc (0xd03f2423) sw      gp, -760(t5)
core   0: 3 0x8000b2fc (0xd03f2423) mem 0x8000d000 0x00000001
core   0: 0x8000b300 (0xff9ff06f) j       pc - 0x8
core   0: 3 0x8000b300 (0xff9ff06f)
core   0: 0x8000b2f8 (0x00002f17) auipc   t5, 0x2
core   0: 3 0x8000b2f8 (0x00002f17) x30 0x8000d2f8
core   0: 0x8000b2fc (0xd03f2423) sw      gp, -760(t5)
core   0: 3 0x8000b2fc (0xd03f2423) mem 0x8000d000 0x00000001
core   0: 0x8000b300 (0xff9ff06f) j       pc - 0x8
core   0: 3 0x8000b300 (0xff9ff06f)
core   0: 0x8000b2f8 (0x00002f17) auipc   t5, 0x2
core   0: 3 0x8000b2f8 (0x00002f17) x30 0x8000d2f8
core   0: 0x8000b2fc (0xd03f2423) sw      gp, -760(t5)
core   0: 3 0x8000b2fc (0xd03f2423) mem 0x8000d000 0x00000001
core   0: 0x8000b300 (0xff9ff06f) j       pc - 0x8
core   0: 3 0x8000b300 (0xff9ff06f)
core   0: 0x8000b2f8 (0x00002f17) auipc   t5, 0x2
core   0: 3 0x8000b2f8 (0x00002f17) x30 0x8000d2f8
core   0: 0x8000b2fc (0xd03f2423) sw      gp, -760(t5)
core   0: 3 0x8000b2fc (0xd03f2423) mem 0x8000d000 0x00000001
core   0: 0x8000b300 (0xff9ff06f) j       pc - 0x8
core   0: 3 0x8000b300 (0xff9ff06f)
core   0: 0x8000b2f8 (0x00002f17) auipc   t5, 0x2
core   0: 3 0x8000b2f8 (0x00002f17) x30 0x8000d2f8
core   0: 0x8000b2fc (0xd03f2423) sw      gp, -760(t5)
core   0: 3 0x8000b2fc (0xd03f2423) mem 0x8000d000 0x00000001
core   0: 0x8000b300 (0xff9ff06f) j       pc - 0x8
core   0: 3 0x8000b300 (0xff9ff06f)
core   0: 0x8000b2f8 (0x00002f17) auipc   t5, 0x2
core   0: 3 0x8000b2f8 (0x00002f17) x30 0x8000d2f8
core   0: 0x8000b2fc (0xd03f2423) sw      gp, -760(t5)
core   0: 3 0x8000b2fc (0xd03f2423) mem 0x8000d000 0x00000001
core   0: 0x8000b300 (0xff9ff06f) j       pc - 0x8
core   0: 3 0x8000b300 (0xff9ff06f)
core   0: 0x8000b2f8 (0x00002f17) auipc   t5, 0x2
core   0: 3 0x8000b2f8 (0x00002f17) x30 0x8000d2f8
core   0: 0x8000b2fc (0xd03f2423) sw      gp, -760(t5)
core   0: 3 0x8000b2fc (0xd03f2423) mem 0x8000d000 0x00000001
core   0: 0x8000b300 (0xff9ff06f) j       pc - 0x8
core   0: 3 0x8000b300 (0xff9ff06f)
core   0: 0x8000b2f8 (0x00002f17) auipc   t5, 0x2
core   0: 3 0x8000b2f8 (0x00002f17) x30 0x8000d2f8
core   0: 0x8000b2fc (0xd03f2423) sw      gp, -760(t5)
core   0: 3 0x8000b2fc (0xd03f2423) mem 0x8000d000 0x00000001
core   0: 0x8000b300 (0xff9ff06f) j       pc - 0x8
core   0: 3 0x8000b300 (0xff9ff06f)
core   0: 0x8000b2f8 (0x00002f17) auipc   t5, 0x2
core   0: 3 0x8000b2f8 (0x00002f17) x30 0x8000d2f8
core   0: 0x8000b2fc (0xd03f2423) sw      gp, -760(t5)
core   0: 3 0x8000b2fc (0xd03f2423) mem 0x8000d000 0x00000001
core   0: 0x8000b300 (0xff9ff06f) j       pc - 0x8
core   0: 3 0x8000b300 (0xff9ff06f)
core   0: 0x8000b2f8 (0x00002f17) auipc   t5, 0x2
core   0: 3 0x8000b2f8 (0x00002f17) x30 0x8000d2f8
core   0: 0x8000b2fc (0xd03f2423) sw      gp, -760(t5)
core   0: 3 0x8000b2fc (0xd03f2423) mem 0x8000d000 0x00000001
core   0: 0x8000b300 (0xff9ff06f) j       pc - 0x8
core   0: 3 0x8000b300 (0xff9ff06f)
core   0: 0x8000b2f8 (0x00002f17) auipc   t5, 0x2
core   0: 3 0x8000b2f8 (0x00002f17) x30 0x8000d2f8
core   0: 0x8000b2fc (0xd03f2423) sw      gp, -760(t5)
core   0: 3 0x8000b2fc (0xd03f2423) mem 0x8000d000 0x00000001
core   0: 0x8000b300 (0xff9ff06f) j       pc - 0x8
core   0: 3 0x8000b300 (0xff9ff06f)
core   0: 0x8000b2f8 (0x00002f17) auipc   t5, 0x2
core   0: 3 0x8000b2f8 (0x00002f17) x30 0x8000d2f8
core   0: 0x8000b2fc (0xd03f2423) sw      gp, -760(t5)
core   0: 3 0x8000b2fc (0xd03f2423) mem 0x8000d000 0x00000001
core   0: 0x8000b300 (0xff9ff06f) j       pc - 0x8
core   0: 3 0x8000b300 (0xff9ff06f)
core   0: 0x8000b2f8 (0x00002f17) auipc   t5, 0x2
core   0: 3 0x8000b2f8 (0x00002f17) x30 0x8000d2f8
core   0: 0x8000b2fc (0xd03f2423) sw      gp, -760(t5)
core   0: 3 0x8000b2fc (0xd03f2423) mem 0x8000d000 0x00000001
core   0: 0x8000b300 (0xff9ff06f) j       pc - 0x8
core   0: 3 0x8000b300 (0xff9ff06f)
core   0: 0x8000b2f8 (0x00002f17) auipc   t5, 0x2
core   0: 3 0x8000b2f8 (0x00002f17) x30 0x8000d2f8
core   0: 0x8000b2fc (0xd03f2423) sw      gp, -760(t5)
core   0: 3 0x8000b2fc (0xd03f2423) mem 0x8000d000 0x00000001
core   0: 0x8000b300 (0xff9ff06f) j       pc - 0x8
core   0: 3 0x8000b300 (0xff9ff06f)
core   0: 0x8000b2f8 (0x00002f17) auipc   t5, 0x2
core   0: 3 0x8000b2f8 (0x00002f17) x30 0x8000d2f8
core   0: 0x8000b2fc (0xd03f2423) sw      gp, -760(t5)
core   0: 3 0x8000b2fc (0xd03f2423) mem 0x8000d000 0x00000001
core   0: 0x8000b300 (0xff9ff06f) j       pc - 0x8
core   0: 3 0x8000b300 (0xff9ff06f)
core   0: 0x8000b2f8 (0x00002f17) auipc   t5, 0x2
core   0: 3 0x8000b2f8 (0x00002f17) x30 0x8000d2f8
core   0: 0x8000b2fc (0xd03f2423) sw      gp, -760(t5)
core   0: 3 0x8000b2fc (0xd03f2423) mem 0x8000d000 0x00000001
core   0: 0x8000b300 (0xff9ff06f) j       pc - 0x8
core   0: 3 0x8000b300 (0xff9ff06f)
core   0: 0x8000b2f8 (0x00002f17) auipc   t5, 0x2
core   0: 3 0x8000b2f8 (0x00002f17) x30 0x8000d2f8
core   0: 0x8000b2fc (0xd03f2423) sw      gp, -760(t5)
core   0: 3 0x8000b2fc (0xd03f2423) mem 0x8000d000 0x00000001
core   0: 0x8000b300 (0xff9ff06f) j       pc - 0x8
core   0: 3 0x8000b300 (0xff9ff06f)
core   0: 0x8000b2f8 (0x00002f17) auipc   t5, 0x2
core   0: 3 0x8000b2f8 (0x00002f17) x30 0x8000d2f8
core   0: 0x8000b2fc (0xd03f2423) sw      gp, -760(t5)
core   0: 3 0x8000b2fc (0xd03f2423) mem 0x8000d000 0x00000001
core   0: 0x8000b300 (0xff9ff06f) j       pc - 0x8
core   0: 3 0x8000b300 (0xff9ff06f)
core   0: 0x8000b2f8 (0x00002f17) auipc   t5, 0x2
core   0: 3 0x8000b2f8 (0x00002f17) x30 0x8000d2f8
core   0: 0x8000b2fc (0xd03f2423) sw      gp, -760(t5)
core   0: 3 0x8000b2fc (0xd03f2423) mem 0x8000d000 0x00000001
core   0: 0x8000b300 (0xff9ff06f) j       pc - 0x8
core   0: 3 0x8000b300 (0xff9ff06f)
core   0: 0x8000b2f8 (0x00002f17) auipc   t5, 0x2
core   0: 3 0x8000b2f8 (0x00002f17) x30 0x8000d2f8
core   0: 0x8000b2fc (0xd03f2423) sw      gp, -760(t5)
core   0: 3 0x8000b2fc (0xd03f2423) mem 0x8000d000 0x00000001
core   0: 0x8000b300 (0xff9ff06f) j       pc - 0x8
core   0: 3 0x8000b300 (0xff9ff06f)
core   0: 0x8000b2f8 (0x00002f17) auipc   t5, 0x2
core   0: 3 0x8000b2f8 (0x00002f17) x30 0x8000d2f8
core   0: 0x8000b2fc (0xd03f2423) sw      gp, -760(t5)
core   0: 3 0x8000b2fc (0xd03f2423) mem 0x8000d000 0x00000001
core   0: 0x8000b300 (0xff9ff06f) j       pc - 0x8
core   0: 3 0x8000b300 (0xff9ff06f)
core   0: 0x8000b2f8 (0x00002f17) auipc   t5, 0x2
core   0: 3 0x8000b2f8 (0x00002f17) x30 0x8000d2f8
core   0: 0x8000b2fc (0xd03f2423) sw      gp, -760(t5)
core   0: 3 0x8000b2fc (0xd03f2423) mem 0x8000d000 0x00000001
core   0: 0x8000b300 (0xff9ff06f) j       pc - 0x8
core   0: 3 0x8000b300 (0xff9ff06f)
core   0: 0x8000b2f8 (0x00002f17) auipc   t5, 0x2
core   0: 3 0x8000b2f8 (0x00002f17) x30 0x8000d2f8
core   0: 0x8000b2fc (0xd03f2423) sw      gp, -760(t5)
core   0: 3 0x8000b2fc (0xd03f2423) mem 0x8000d000 0x00000001
core   0: 0x8000b300 (0xff9ff06f) j       pc - 0x8
core   0: 3 0x8000b300 (0xff9ff06f)
core   0: 0x8000b2f8 (0x00002f17) auipc   t5, 0x2
core   0: 3 0x8000b2f8 (0x00002f17) x30 0x8000d2f8
core   0: 0x8000b2fc (0xd03f2423) sw      gp, -760(t5)
core   0: 3 0x8000b2fc (0xd03f2423) mem 0x8000d000 0x00000001
core   0: 0x8000b300 (0xff9ff06f) j       pc - 0x8
core   0: 3 0x8000b300 (0xff9ff06f)
core   0: 0x8000b2f8 (0x00002f17) auipc   t5, 0x2
core   0: 3 0x8000b2f8 (0x00002f17) x30 0x8000d2f8
core   0: 0x8000b2fc (0xd03f2423) sw      gp, -760(t5)
core   0: 3 0x8000b2fc (0xd03f2423) mem 0x8000d000 0x00000001
core   0: 0x8000b300 (0xff9ff06f) j       pc - 0x8
core   0: 3 0x8000b300 (0xff9ff06f)
core   0: 0x8000b2f8 (0x00002f17) auipc   t5, 0x2
core   0: 3 0x8000b2f8 (0x00002f17) x30 0x8000d2f8
core   0: 0x8000b2fc (0xd03f2423) sw      gp, -760(t5)
core   0: 3 0x8000b2fc (0xd03f2423) mem 0x8000d000 0x00000001
core   0: 0x8000b300 (0xff9ff06f) j       pc - 0x8
core   0: 3 0x8000b300 (0xff9ff06f)
core   0: 0x8000b2f8 (0x00002f17) auipc   t5, 0x2
core   0: 3 0x8000b2f8 (0x00002f17) x30 0x8000d2f8
core   0: 0x8000b2fc (0xd03f2423) sw      gp, -760(t5)
core   0: 3 0x8000b2fc (0xd03f2423) mem 0x8000d000 0x00000001
core   0: 0x8000b300 (0xff9ff06f) j       pc - 0x8
core   0: 3 0x8000b300 (0xff9ff06f)
core   0: 0x8000b2f8 (0x00002f17) auipc   t5, 0x2
core   0: 3 0x8000b2f8 (0x00002f17) x30 0x8000d2f8
core   0: 0x8000b2fc (0xd03f2423) sw      gp, -760(t5)
core   0: 3 0x8000b2fc (0xd03f2423) mem 0x8000d000 0x00000001
core   0: 0x8000b300 (0xff9ff06f) j       pc - 0x8
core   0: 3 0x8000b300 (0xff9ff06f)
core   0: 0x8000b2f8 (0x00002f17) auipc   t5, 0x2
core   0: 3 0x8000b2f8 (0x00002f17) x30 0x8000d2f8
core   0: 0x8000b2fc (0xd03f2423) sw      gp, -760(t5)
core   0: 3 0x8000b2fc (0xd03f2423) mem 0x8000d000 0x00000001
core   0: 0x8000b300 (0xff9ff06f) j       pc - 0x8
core   0: 3 0x8000b300 (0xff9ff06f)
core   0: 0x8000b2f8 (0x00002f17) auipc   t5, 0x2
core   0: 3 0x8000b2f8 (0x00002f17) x30 0x8000d2f8
core   0: 0x8000b2fc (0xd03f2423) sw      gp, -760(t5)
core   0: 3 0x8000b2fc (0xd03f2423) mem 0x8000d000 0x00000001
core   0: 0x8000b300 (0xff9ff06f) j       pc - 0x8
core   0: 3 0x8000b300 (0xff9ff06f)
core   0: 0x8000b2f8 (0x00002f17) auipc   t5, 0x2
core   0: 3 0x8000b2f8 (0x00002f17) x30 0x8000d2f8
core   0: 0x8000b2fc (0xd03f2423) sw      gp, -760(t5)
core   0: 3 0x8000b2fc (0xd03f2423) mem 0x8000d000 0x00000001
core   0: 0x8000b300 (0xff9ff06f) j       pc - 0x8
core   0: 3 0x8000b300 (0xff9ff06f)
core   0: 0x8000b2f8 (0x00002f17) auipc   t5, 0x2
core   0: 3 0x8000b2f8 (0x00002f17) x30 0x8000d2f8
core   0: 0x8000b2fc (0xd03f2423) sw      gp, -760(t5)
core   0: 3 0x8000b2fc (0xd03f2423) mem 0x8000d000 0x00000001
core   0: 0x8000b300 (0xff9ff06f) j       pc - 0x8
core   0: 3 0x8000b300 (0xff9ff06f)
core   0: 0x8000b2f8 (0x00002f17) auipc   t5, 0x2
core   0: 3 0x8000b2f8 (0x00002f17) x30 0x8000d2f8
core   0: 0x8000b2fc (0xd03f2423) sw      gp, -760(t5)
core   0: 3 0x8000b2fc (0xd03f2423) mem 0x8000d000 0x00000001
core   0: 0x8000b300 (0xff9ff06f) j       pc - 0x8
core   0: 3 0x8000b300 (0xff9ff06f)
core   0: 0x8000b2f8 (0x00002f17) auipc   t5, 0x2
core   0: 3 0x8000b2f8 (0x00002f17) x30 0x8000d2f8
core   0: 0x8000b2fc (0xd03f2423) sw      gp, -760(t5)
core   0: 3 0x8000b2fc (0xd03f2423) mem 0x8000d000 0x00000001
core   0: 0x8000b300 (0xff9ff06f) j       pc - 0x8
core   0: 3 0x8000b300 (0xff9ff06f)
core   0: 0x8000b2f8 (0x00002f17) auipc   t5, 0x2
core   0: 3 0x8000b2f8 (0x00002f17) x30 0x8000d2f8
core   0: 0x8000b2fc (0xd03f2423) sw      gp, -760(t5)
core   0: 3 0x8000b2fc (0xd03f2423) mem 0x8000d000 0x00000001
core   0: 0x8000b300 (0xff9ff06f) j       pc - 0x8
core   0: 3 0x8000b300 (0xff9ff06f)
core   0: 0x8000b2f8 (0x00002f17) auipc   t5, 0x2
core   0: 3 0x8000b2f8 (0x00002f17) x30 0x8000d2f8
core   0: 0x8000b2fc (0xd03f2423) sw      gp, -760(t5)
core   0: 3 0x8000b2fc (0xd03f2423) mem 0x8000d000 0x00000001
core   0: 0x8000b300 (0xff9ff06f) j       pc - 0x8
core   0: 3 0x8000b300 (0xff9ff06f)
core   0: 0x8000b2f8 (0x00002f17) auipc   t5, 0x2
core   0: 3 0x8000b2f8 (0x00002f17) x30 0x8000d2f8
core   0: 0x8000b2fc (0xd03f2423) sw      gp, -760(t5)
core   0: 3 0x8000b2fc (0xd03f2423) mem 0x8000d000 0x00000001
core   0: 0x8000b300 (0xff9ff06f) j       pc - 0x8
core   0: 3 0x8000b300 (0xff9ff06f)
core   0: 0x8000b2f8 (0x00002f17) auipc   t5, 0x2
core   0: 3 0x8000b2f8 (0x00002f17) x30 0x8000d2f8
core   0: 0x8000b2fc (0xd03f2423) sw      gp, -760(t5)
core   0: 3 0x8000b2fc (0xd03f2423) mem 0x8000d000 0x00000001
core   0: 0x8000b300 (0xff9ff06f) j       pc - 0x8
core   0: 3 0x8000b300 (0xff9ff06f)
core   0: 0x8000b2f8 (0x00002f17) auipc   t5, 0x2
core   0: 3 0x8000b2f8 (0x00002f17) x30 0x8000d2f8
core   0: 0x8000b2fc (0xd03f2423) sw      gp, -760(t5)
core   0: 3 0x8000b2fc (0xd03f2423) mem 0x8000d000 0x00000001
core   0: 0x8000b300 (0xff9ff06f) j       pc - 0x8
core   0: 3 0x8000b300 (0xff9ff06f)
core   0: 0x8000b2f8 (0x00002f17) auipc   t5, 0x2
core   0: 3 0x8000b2f8 (0x00002f17) x30 0x8000d2f8
core   0: 0x8000b2fc (0xd03f2423) sw      gp, -760(t5)
core   0: 3 0x8000b2fc (0xd03f2423) mem 0x8000d000 0x00000001
core   0: 0x8000b300 (0xff9ff06f) j       pc - 0x8
core   0: 3 0x8000b300 (0xff9ff06f)
core   0: 0x8000b2f8 (0x00002f17) auipc   t5, 0x2
core   0: 3 0x8000b2f8 (0x00002f17) x30 0x8000d2f8
core   0: 0x8000b2fc (0xd03f2423) sw      gp, -760(t5)
core   0: 3 0x8000b2fc (0xd03f2423) mem 0x8000d000 0x00000001
core   0: 0x8000b300 (0xff9ff06f) j       pc - 0x8
core   0: 3 0x8000b300 (0xff9ff06f)
core   0: 0x8000b2f8 (0x00002f17) auipc   t5, 0x2
core   0: 3 0x8000b2f8 (0x00002f17) x30 0x8000d2f8
core   0: 0x8000b2fc (0xd03f2423) sw      gp, -760(t5)
core   0: 3 0x8000b2fc (0xd03f2423) mem 0x8000d000 0x00000001
core   0: 0x8000b300 (0xff9ff06f) j       pc - 0x8
core   0: 3 0x8000b300 (0xff9ff06f)
core   0: 0x8000b2f8 (0x00002f17) auipc   t5, 0x2
core   0: 3 0x8000b2f8 (0x00002f17) x30 0x8000d2f8
core   0: 0x8000b2fc (0xd03f2423) sw      gp, -760(t5)
core   0: 3 0x8000b2fc (0xd03f2423) mem 0x8000d000 0x00000001
core   0: 0x8000b300 (0xff9ff06f) j       pc - 0x8
core   0: 3 0x8000b300 (0xff9ff06f)
core   0: 0x8000b2f8 (0x00002f17) auipc   t5, 0x2
core   0: 3 0x8000b2f8 (0x00002f17) x30 0x8000d2f8
core   0: 0x8000b2fc (0xd03f2423) sw      gp, -760(t5)
core   0: 3 0x8000b2fc (0xd03f2423) mem 0x8000d000 0x00000001
core   0: 0x8000b300 (0xff9ff06f) j       pc - 0x8
core   0: 3 0x8000b300 (0xff9ff06f)
core   0: 0x8000b2f8 (0x00002f17) auipc   t5, 0x2
core   0: 3 0x8000b2f8 (0x00002f17) x30 0x8000d2f8
core   0: 0x8000b2fc (0xd03f2423) sw      gp, -760(t5)
core   0: 3 0x8000b2fc (0xd03f2423) mem 0x8000d000 0x00000001
core   0: 0x8000b300 (0xff9ff06f) j       pc - 0x8
core   0: 3 0x8000b300 (0xff9ff06f)
core   0: 0x8000b2f8 (0x00002f17) auipc   t5, 0x2
core   0: 3 0x8000b2f8 (0x00002f17) x30 0x8000d2f8
core   0: 0x8000b2fc (0xd03f2423) sw      gp, -760(t5)
core   0: 3 0x8000b2fc (0xd03f2423) mem 0x8000d000 0x00000001
core   0: 0x8000b300 (0xff9ff06f) j       pc - 0x8
core   0: 3 0x8000b300 (0xff9ff06f)
core   0: 0x8000b2f8 (0x00002f17) auipc   t5, 0x2
core   0: 3 0x8000b2f8 (0x00002f17) x30 0x8000d2f8
core   0: 0x8000b2fc (0xd03f2423) sw      gp, -760(t5)
core   0: 3 0x8000b2fc (0xd03f2423) mem 0x8000d000 0x00000001
core   0: 0x8000b300 (0xff9ff06f) j       pc - 0x8
core   0: 3 0x8000b300 (0xff9ff06f)
core   0: 0x8000b2f8 (0x00002f17) auipc   t5, 0x2
core   0: 3 0x8000b2f8 (0x00002f17) x30 0x8000d2f8
core   0: 0x8000b2fc (0xd03f2423) sw      gp, -760(t5)
core   0: 3 0x8000b2fc (0xd03f2423) mem 0x8000d000 0x00000001
core   0: 0x8000b300 (0xff9ff06f) j       pc - 0x8
core   0: 3 0x8000b300 (0xff9ff06f)
core   0: 0x8000b2f8 (0x00002f17) auipc   t5, 0x2
core   0: 3 0x8000b2f8 (0x00002f17) x30 0x8000d2f8
core   0: 0x8000b2fc (0xd03f2423) sw      gp, -760(t5)
core   0: 3 0x8000b2fc (0xd03f2423) mem 0x8000d000 0x00000001
core   0: 0x8000b300 (0xff9ff06f) j       pc - 0x8
core   0: 3 0x8000b300 (0xff9ff06f)
core   0: 0x8000b2f8 (0x00002f17) auipc   t5, 0x2
core   0: 3 0x8000b2f8 (0x00002f17) x30 0x8000d2f8
core   0: 0x8000b2fc (0xd03f2423) sw      gp, -760(t5)
core   0: 3 0x8000b2fc (0xd03f2423) mem 0x8000d000 0x00000001
core   0: 0x8000b300 (0xff9ff06f) j       pc - 0x8
core   0: 3 0x8000b300 (0xff9ff06f)
core   0: 0x8000b2f8 (0x00002f17) auipc   t5, 0x2
core   0: 3 0x8000b2f8 (0x00002f17) x30 0x8000d2f8
core   0: 0x8000b2fc (0xd03f2423) sw      gp, -760(t5)
core   0: 3 0x8000b2fc (0xd03f2423) mem 0x8000d000 0x00000001
core   0: 0x8000b300 (0xff9ff06f) j       pc - 0x8
core   0: 3 0x8000b300 (0xff9ff06f)
core   0: 0x8000b2f8 (0x00002f17) auipc   t5, 0x2
core   0: 3 0x8000b2f8 (0x00002f17) x30 0x8000d2f8
core   0: 0x8000b2fc (0xd03f2423) sw      gp, -760(t5)
core   0: 3 0x8000b2fc (0xd03f2423) mem 0x8000d000 0x00000001
core   0: 0x8000b300 (0xff9ff06f) j       pc - 0x8
core   0: 3 0x8000b300 (0xff9ff06f)
core   0: 0x8000b2f8 (0x00002f17) auipc   t5, 0x2
core   0: 3 0x8000b2f8 (0x00002f17) x30 0x8000d2f8
core   0: 0x8000b2fc (0xd03f2423) sw      gp, -760(t5)
core   0: 3 0x8000b2fc (0xd03f2423) mem 0x8000d000 0x00000001
core   0: 0x8000b300 (0xff9ff06f) j       pc - 0x8
core   0: 3 0x8000b300 (0xff9ff06f)
core   0: 0x8000b2f8 (0x00002f17) auipc   t5, 0x2
core   0: 3 0x8000b2f8 (0x00002f17) x30 0x8000d2f8
core   0: 0x8000b2fc (0xd03f2423) sw      gp, -760(t5)
core   0: 3 0x8000b2fc (0xd03f2423) mem 0x8000d000 0x00000001
core   0: 0x8000b300 (0xff9ff06f) j       pc - 0x8
core   0: 3 0x8000b300 (0xff9ff06f)
core   0: 0x8000b2f8 (0x00002f17) auipc   t5, 0x2
core   0: 3 0x8000b2f8 (0x00002f17) x30 0x8000d2f8
core   0: 0x8000b2fc (0xd03f2423) sw      gp, -760(t5)
core   0: 3 0x8000b2fc (0xd03f2423) mem 0x8000d000 0x00000001
core   0: 0x8000b300 (0xff9ff06f) j       pc - 0x8
core   0: 3 0x8000b300 (0xff9ff06f)
core   0: 0x8000b2f8 (0x00002f17) auipc   t5, 0x2
core   0: 3 0x8000b2f8 (0x00002f17) x30 0x8000d2f8
core   0: 0x8000b2fc (0xd03f2423) sw      gp, -760(t5)
core   0: 3 0x8000b2fc (0xd03f2423) mem 0x8000d000 0x00000001
core   0: 0x8000b300 (0xff9ff06f) j       pc - 0x8
core   0: 3 0x8000b300 (0xff9ff06f)
core   0: 0x8000b2f8 (0x00002f17) auipc   t5, 0x2
core   0: 3 0x8000b2f8 (0x00002f17) x30 0x8000d2f8
core   0: 0x8000b2fc (0xd03f2423) sw      gp, -760(t5)
core   0: 3 0x8000b2fc (0xd03f2423) mem 0x8000d000 0x00000001
core   0: 0x8000b300 (0xff9ff06f) j       pc - 0x8
core   0: 3 0x8000b300 (0xff9ff06f)
core   0: 0x8000b2f8 (0x00002f17) auipc   t5, 0x2
core   0: 3 0x8000b2f8 (0x00002f17) x30 0x8000d2f8
core   0: 0x8000b2fc (0xd03f2423) sw      gp, -760(t5)
core   0: 3 0x8000b2fc (0xd03f2423) mem 0x8000d000 0x00000001
core   0: 0x8000b300 (0xff9ff06f) j       pc - 0x8
core   0: 3 0x8000b300 (0xff9ff06f)
core   0: 0x8000b2f8 (0x00002f17) auipc   t5, 0x2
core   0: 3 0x8000b2f8 (0x00002f17) x30 0x8000d2f8
core   0: 0x8000b2fc (0xd03f2423) sw      gp, -760(t5)
core   0: 3 0x8000b2fc (0xd03f2423) mem 0x8000d000 0x00000001
core   0: 0x8000b300 (0xff9ff06f) j       pc - 0x8
core   0: 3 0x8000b300 (0xff9ff06f)
core   0: 0x8000b2f8 (0x00002f17) auipc   t5, 0x2
core   0: 3 0x8000b2f8 (0x00002f17) x30 0x8000d2f8
core   0: 0x8000b2fc (0xd03f2423) sw      gp, -760(t5)
core   0: 3 0x8000b2fc (0xd03f2423) mem 0x8000d000 0x00000001
core   0: 0x8000b300 (0xff9ff06f) j       pc - 0x8
core   0: 3 0x8000b300 (0xff9ff06f)
core   0: 0x8000b2f8 (0x00002f17) auipc   t5, 0x2
core   0: 3 0x8000b2f8 (0x00002f17) x30 0x8000d2f8
core   0: 0x8000b2fc (0xd03f2423) sw      gp, -760(t5)
core   0: 3 0x8000b2fc (0xd03f2423) mem 0x8000d000 0x00000001
core   0: 0x8000b300 (0xff9ff06f) j       pc - 0x8
core   0: 3 0x8000b300 (0xff9ff06f)
core   0: 0x8000b2f8 (0x00002f17) auipc   t5, 0x2
core   0: 3 0x8000b2f8 (0x00002f17) x30 0x8000d2f8
core   0: 0x8000b2fc (0xd03f2423) sw      gp, -760(t5)
core   0: 3 0x8000b2fc (0xd03f2423) mem 0x8000d000 0x00000001
core   0: 0x8000b300 (0xff9ff06f) j       pc - 0x8
core   0: 3 0x8000b300 (0xff9ff06f)
core   0: 0x8000b2f8 (0x00002f17) auipc   t5, 0x2
core   0: 3 0x8000b2f8 (0x00002f17) x30 0x8000d2f8
core   0: 0x8000b2fc (0xd03f2423) sw      gp, -760(t5)
core   0: 3 0x8000b2fc (0xd03f2423) mem 0x8000d000 0x00000001
core   0: 0x8000b300 (0xff9ff06f) j       pc - 0x8
core   0: 3 0x8000b300 (0xff9ff06f)
core   0: 0x8000b2f8 (0x00002f17) auipc   t5, 0x2
core   0: 3 0x8000b2f8 (0x00002f17) x30 0x8000d2f8
core   0: 0x8000b2fc (0xd03f2423) sw      gp, -760(t5)
core   0: 3 0x8000b2fc (0xd03f2423) mem 0x8000d000 0x00000001
core   0: 0x8000b300 (0xff9ff06f) j       pc - 0x8
core   0: 3 0x8000b300 (0xff9ff06f)
core   0: 0x8000b2f8 (0x00002f17) auipc   t5, 0x2
core   0: 3 0x8000b2f8 (0x00002f17) x30 0x8000d2f8
core   0: 0x8000b2fc (0xd03f2423) sw      gp, -760(t5)
core   0: 3 0x8000b2fc (0xd03f2423) mem 0x8000d000 0x00000001
core   0: 0x8000b300 (0xff9ff06f) j       pc - 0x8
core   0: 3 0x8000b300 (0xff9ff06f)
core   0: 0x8000b2f8 (0x00002f17) auipc   t5, 0x2
core   0: 3 0x8000b2f8 (0x00002f17) x30 0x8000d2f8
core   0: 0x8000b2fc (0xd03f2423) sw      gp, -760(t5)
core   0: 3 0x8000b2fc (0xd03f2423) mem 0x8000d000 0x00000001
core   0: 0x8000b300 (0xff9ff06f) j       pc - 0x8
core   0: 3 0x8000b300 (0xff9ff06f)
core   0: 0x8000b2f8 (0x00002f17) auipc   t5, 0x2
core   0: 3 0x8000b2f8 (0x00002f17) x30 0x8000d2f8
core   0: 0x8000b2fc (0xd03f2423) sw      gp, -760(t5)
core   0: 3 0x8000b2fc (0xd03f2423) mem 0x8000d000 0x00000001
core   0: 0x8000b300 (0xff9ff06f) j       pc - 0x8
core   0: 3 0x8000b300 (0xff9ff06f)
core   0: 0x8000b2f8 (0x00002f17) auipc   t5, 0x2
core   0: 3 0x8000b2f8 (0x00002f17) x30 0x8000d2f8
core   0: 0x8000b2fc (0xd03f2423) sw      gp, -760(t5)
core   0: 3 0x8000b2fc (0xd03f2423) mem 0x8000d000 0x00000001
core   0: 0x8000b300 (0xff9ff06f) j       pc - 0x8
core   0: 3 0x8000b300 (0xff9ff06f)
core   0: 0x8000b2f8 (0x00002f17) auipc   t5, 0x2
core   0: 3 0x8000b2f8 (0x00002f17) x30 0x8000d2f8
core   0: 0x8000b2fc (0xd03f2423) sw      gp, -760(t5)
core   0: 3 0x8000b2fc (0xd03f2423) mem 0x8000d000 0x00000001
core   0: 0x8000b300 (0xff9ff06f) j       pc - 0x8
core   0: 3 0x8000b300 (0xff9ff06f)
core   0: 0x8000b2f8 (0x00002f17) auipc   t5, 0x2
core   0: 3 0x8000b2f8 (0x00002f17) x30 0x8000d2f8
core   0: 0x8000b2fc (0xd03f2423) sw      gp, -760(t5)
core   0: 3 0x8000b2fc (0xd03f2423) mem 0x8000d000 0x00000001
core   0: 0x8000b300 (0xff9ff06f) j       pc - 0x8
core   0: 3 0x8000b300 (0xff9ff06f)
core   0: 0x8000b2f8 (0x00002f17) auipc   t5, 0x2
core   0: 3 0x8000b2f8 (0x00002f17) x30 0x8000d2f8
core   0: 0x8000b2fc (0xd03f2423) sw      gp, -760(t5)
core   0: 3 0x8000b2fc (0xd03f2423) mem 0x8000d000 0x00000001
core   0: 0x8000b300 (0xff9ff06f) j       pc - 0x8
core   0: 3 0x8000b300 (0xff9ff06f)
core   0: 0x8000b2f8 (0x00002f17) auipc   t5, 0x2
core   0: 3 0x8000b2f8 (0x00002f17) x30 0x8000d2f8
core   0: 0x8000b2fc (0xd03f2423) sw      gp, -760(t5)
core   0: 3 0x8000b2fc (0xd03f2423) mem 0x8000d000 0x00000001
core   0: 0x8000b300 (0xff9ff06f) j       pc - 0x8
core   0: 3 0x8000b300 (0xff9ff06f)
core   0: 0x8000b2f8 (0x00002f17) auipc   t5, 0x2
core   0: 3 0x8000b2f8 (0x00002f17) x30 0x8000d2f8
core   0: 0x8000b2fc (0xd03f2423) sw      gp, -760(t5)
core   0: 3 0x8000b2fc (0xd03f2423) mem 0x8000d000 0x00000001
core   0: 0x8000b300 (0xff9ff06f) j       pc - 0x8
core   0: 3 0x8000b300 (0xff9ff06f)
core   0: 0x8000b2f8 (0x00002f17) auipc   t5, 0x2
core   0: 3 0x8000b2f8 (0x00002f17) x30 0x8000d2f8
core   0: 0x8000b2fc (0xd03f2423) sw      gp, -760(t5)
core   0: 3 0x8000b2fc (0xd03f2423) mem 0x8000d000 0x00000001
core   0: 0x8000b300 (0xff9ff06f) j       pc - 0x8
core   0: 3 0x8000b300 (0xff9ff06f)
core   0: 0x8000b2f8 (0x00002f17) auipc   t5, 0x2
core   0: 3 0x8000b2f8 (0x00002f17) x30 0x8000d2f8
core   0: 0x8000b2fc (0xd03f2423) sw      gp, -760(t5)
core   0: 3 0x8000b2fc (0xd03f2423) mem 0x8000d000 0x00000001
core   0: 0x8000b300 (0xff9ff06f) j       pc - 0x8
core   0: 3 0x8000b300 (0xff9ff06f)
core   0: 0x8000b2f8 (0x00002f17) auipc   t5, 0x2
core   0: 3 0x8000b2f8 (0x00002f17) x30 0x8000d2f8
core   0: 0x8000b2fc (0xd03f2423) sw      gp, -760(t5)
core   0: 3 0x8000b2fc (0xd03f2423) mem 0x8000d000 0x00000001
core   0: 0x8000b300 (0xff9ff06f) j       pc - 0x8
core   0: 3 0x8000b300 (0xff9ff06f)
core   0: 0x8000b2f8 (0x00002f17) auipc   t5, 0x2
core   0: 3 0x8000b2f8 (0x00002f17) x30 0x8000d2f8
core   0: 0x8000b2fc (0xd03f2423) sw      gp, -760(t5)
core   0: 3 0x8000b2fc (0xd03f2423) mem 0x8000d000 0x00000001
core   0: 0x8000b300 (0xff9ff06f) j       pc - 0x8
core   0: 3 0x8000b300 (0xff9ff06f)
core   0: 0x8000b2f8 (0x00002f17) auipc   t5, 0x2
core   0: 3 0x8000b2f8 (0x00002f17) x30 0x8000d2f8
core   0: 0x8000b2fc (0xd03f2423) sw      gp, -760(t5)
core   0: 3 0x8000b2fc (0xd03f2423) mem 0x8000d000 0x00000001
core   0: 0x8000b300 (0xff9ff06f) j       pc - 0x8
core   0: 3 0x8000b300 (0xff9ff06f)
core   0: 0x8000b2f8 (0x00002f17) auipc   t5, 0x2
core   0: 3 0x8000b2f8 (0x00002f17) x30 0x8000d2f8
core   0: 0x8000b2fc (0xd03f2423) sw      gp, -760(t5)
core   0: 3 0x8000b2fc (0xd03f2423) mem 0x8000d000 0x00000001
core   0: 0x8000b300 (0xff9ff06f) j       pc - 0x8
core   0: 3 0x8000b300 (0xff9ff06f)
core   0: 0x8000b2f8 (0x00002f17) auipc   t5, 0x2
core   0: 3 0x8000b2f8 (0x00002f17) x30 0x8000d2f8
core   0: 0x8000b2fc (0xd03f2423) sw      gp, -760(t5)
core   0: 3 0x8000b2fc (0xd03f2423) mem 0x8000d000 0x00000001
core   0: 0x8000b300 (0xff9ff06f) j       pc - 0x8
core   0: 3 0x8000b300 (0xff9ff06f)
core   0: 0x8000b2f8 (0x00002f17) auipc   t5, 0x2
core   0: 3 0x8000b2f8 (0x00002f17) x30 0x8000d2f8
core   0: 0x8000b2fc (0xd03f2423) sw      gp, -760(t5)
core   0: 3 0x8000b2fc (0xd03f2423) mem 0x8000d000 0x00000001
core   0: 0x8000b300 (0xff9ff06f) j       pc - 0x8
core   0: 3 0x8000b300 (0xff9ff06f)
core   0: 0x8000b2f8 (0x00002f17) auipc   t5, 0x2
core   0: 3 0x8000b2f8 (0x00002f17) x30 0x8000d2f8
core   0: 0x8000b2fc (0xd03f2423) sw      gp, -760(t5)
core   0: 3 0x8000b2fc (0xd03f2423) mem 0x8000d000 0x00000001
core   0: 0x8000b300 (0xff9ff06f) j       pc - 0x8
core   0: 3 0x8000b300 (0xff9ff06f)
core   0: 0x8000b2f8 (0x00002f17) auipc   t5, 0x2
core   0: 3 0x8000b2f8 (0x00002f17) x30 0x8000d2f8
core   0: 0x8000b2fc (0xd03f2423) sw      gp, -760(t5)
core   0: 3 0x8000b2fc (0xd03f2423) mem 0x8000d000 0x00000001
core   0: 0x8000b300 (0xff9ff06f) j       pc - 0x8
core   0: 3 0x8000b300 (0xff9ff06f)
core   0: 0x8000b2f8 (0x00002f17) auipc   t5, 0x2
core   0: 3 0x8000b2f8 (0x00002f17) x30 0x8000d2f8
core   0: 0x8000b2fc (0xd03f2423) sw      gp, -760(t5)
core   0: 3 0x8000b2fc (0xd03f2423) mem 0x8000d000 0x00000001
core   0: 0x8000b300 (0xff9ff06f) j       pc - 0x8
core   0: 3 0x8000b300 (0xff9ff06f)
core   0: 0x8000b2f8 (0x00002f17) auipc   t5, 0x2
core   0: 3 0x8000b2f8 (0x00002f17) x30 0x8000d2f8
core   0: 0x8000b2fc (0xd03f2423) sw      gp, -760(t5)
core   0: 3 0x8000b2fc (0xd03f2423) mem 0x8000d000 0x00000001
core   0: 0x8000b300 (0xff9ff06f) j       pc - 0x8
core   0: 3 0x8000b300 (0xff9ff06f)
core   0: 0x8000b2f8 (0x00002f17) auipc   t5, 0x2
core   0: 3 0x8000b2f8 (0x00002f17) x30 0x8000d2f8
core   0: 0x8000b2fc (0xd03f2423) sw      gp, -760(t5)
core   0: 3 0x8000b2fc (0xd03f2423) mem 0x8000d000 0x00000001
core   0: 0x8000b300 (0xff9ff06f) j       pc - 0x8
core   0: 3 0x8000b300 (0xff9ff06f)
core   0: 0x8000b2f8 (0x00002f17) auipc   t5, 0x2
core   0: 3 0x8000b2f8 (0x00002f17) x30 0x8000d2f8
core   0: 0x8000b2fc (0xd03f2423) sw      gp, -760(t5)
core   0: 3 0x8000b2fc (0xd03f2423) mem 0x8000d000 0x00000001
core   0: 0x8000b300 (0xff9ff06f) j       pc - 0x8
core   0: 3 0x8000b300 (0xff9ff06f)
core   0: 0x8000b2f8 (0x00002f17) auipc   t5, 0x2
core   0: 3 0x8000b2f8 (0x00002f17) x30 0x8000d2f8
core   0: 0x8000b2fc (0xd03f2423) sw      gp, -760(t5)
core   0: 3 0x8000b2fc (0xd03f2423) mem 0x8000d000 0x00000001
core   0: 0x8000b300 (0xff9ff06f) j       pc - 0x8
core   0: 3 0x8000b300 (0xff9ff06f)
core   0: 0x8000b2f8 (0x00002f17) auipc   t5, 0x2
core   0: 3 0x8000b2f8 (0x00002f17) x30 0x8000d2f8
core   0: 0x8000b2fc (0xd03f2423) sw      gp, -760(t5)
core   0: 3 0x8000b2fc (0xd03f2423) mem 0x8000d000 0x00000001
core   0: 0x8000b300 (0xff9ff06f) j       pc - 0x8
core   0: 3 0x8000b300 (0xff9ff06f)
core   0: 0x8000b2f8 (0x00002f17) auipc   t5, 0x2
core   0: 3 0x8000b2f8 (0x00002f17) x30 0x8000d2f8
core   0: 0x8000b2fc (0xd03f2423) sw      gp, -760(t5)
core   0: 3 0x8000b2fc (0xd03f2423) mem 0x8000d000 0x00000001
core   0: 0x8000b300 (0xff9ff06f) j       pc - 0x8
core   0: 3 0x8000b300 (0xff9ff06f)
core   0: 0x8000b2f8 (0x00002f17) auipc   t5, 0x2
core   0: 3 0x8000b2f8 (0x00002f17) x30 0x8000d2f8
core   0: 0x8000b2fc (0xd03f2423) sw      gp, -760(t5)
core   0: 3 0x8000b2fc (0xd03f2423) mem 0x8000d000 0x00000001
core   0: 0x8000b300 (0xff9ff06f) j       pc - 0x8
core   0: 3 0x8000b300 (0xff9ff06f)
core   0: 0x8000b2f8 (0x00002f17) auipc   t5, 0x2
core   0: 3 0x8000b2f8 (0x00002f17) x30 0x8000d2f8
core   0: 0x8000b2fc (0xd03f2423) sw      gp, -760(t5)
core   0: 3 0x8000b2fc (0xd03f2423) mem 0x8000d000 0x00000001
core   0: 0x8000b300 (0xff9ff06f) j       pc - 0x8
core   0: 3 0x8000b300 (0xff9ff06f)
core   0: 0x8000b2f8 (0x00002f17) auipc   t5, 0x2
core   0: 3 0x8000b2f8 (0x00002f17) x30 0x8000d2f8
core   0: 0x8000b2fc (0xd03f2423) sw      gp, -760(t5)
core   0: 3 0x8000b2fc (0xd03f2423) mem 0x8000d000 0x00000001
core   0: 0x8000b300 (0xff9ff06f) j       pc - 0x8
core   0: 3 0x8000b300 (0xff9ff06f)
core   0: 0x8000b2f8 (0x00002f17) auipc   t5, 0x2
core   0: 3 0x8000b2f8 (0x00002f17) x30 0x8000d2f8
core   0: 0x8000b2fc (0xd03f2423) sw      gp, -760(t5)
core   0: 3 0x8000b2fc (0xd03f2423) mem 0x8000d000 0x00000001
core   0: 0x8000b300 (0xff9ff06f) j       pc - 0x8
core   0: 3 0x8000b300 (0xff9ff06f)
core   0: 0x8000b2f8 (0x00002f17) auipc   t5, 0x2
core   0: 3 0x8000b2f8 (0x00002f17) x30 0x8000d2f8
core   0: 0x8000b2fc (0xd03f2423) sw      gp, -760(t5)
core   0: 3 0x8000b2fc (0xd03f2423) mem 0x8000d000 0x00000001
core   0: 0x8000b300 (0xff9ff06f) j       pc - 0x8
core   0: 3 0x8000b300 (0xff9ff06f)
core   0: 0x8000b2f8 (0x00002f17) auipc   t5, 0x2
core   0: 3 0x8000b2f8 (0x00002f17) x30 0x8000d2f8
core   0: 0x8000b2fc (0xd03f2423) sw      gp, -760(t5)
core   0: 3 0x8000b2fc (0xd03f2423) mem 0x8000d000 0x00000001
core   0: 0x8000b300 (0xff9ff06f) j       pc - 0x8
core   0: 3 0x8000b300 (0xff9ff06f)
core   0: 0x8000b2f8 (0x00002f17) auipc   t5, 0x2
core   0: 3 0x8000b2f8 (0x00002f17) x30 0x8000d2f8
core   0: 0x8000b2fc (0xd03f2423) sw      gp, -760(t5)
core   0: 3 0x8000b2fc (0xd03f2423) mem 0x8000d000 0x00000001
core   0: 0x8000b300 (0xff9ff06f) j       pc - 0x8
core   0: 3 0x8000b300 (0xff9ff06f)
core   0: 0x8000b2f8 (0x00002f17) auipc   t5, 0x2
core   0: 3 0x8000b2f8 (0x00002f17) x30 0x8000d2f8
core   0: 0x8000b2fc (0xd03f2423) sw      gp, -760(t5)
core   0: 3 0x8000b2fc (0xd03f2423) mem 0x8000d000 0x00000001
core   0: 0x8000b300 (0xff9ff06f) j       pc - 0x8
core   0: 3 0x8000b300 (0xff9ff06f)
core   0: 0x8000b2f8 (0x00002f17) auipc   t5, 0x2
core   0: 3 0x8000b2f8 (0x00002f17) x30 0x8000d2f8
core   0: 0x8000b2fc (0xd03f2423) sw      gp, -760(t5)
core   0: 3 0x8000b2fc (0xd03f2423) mem 0x8000d000 0x00000001
core   0: 0x8000b300 (0xff9ff06f) j       pc - 0x8
core   0: 3 0x8000b300 (0xff9ff06f)
core   0: 0x8000b2f8 (0x00002f17) auipc   t5, 0x2
core   0: 3 0x8000b2f8 (0x00002f17) x30 0x8000d2f8
core   0: 0x8000b2fc (0xd03f2423) sw      gp, -760(t5)
core   0: 3 0x8000b2fc (0xd03f2423) mem 0x8000d000 0x00000001
core   0: 0x8000b300 (0xff9ff06f) j       pc - 0x8
core   0: 3 0x8000b300 (0xff9ff06f)
core   0: 0x8000b2f8 (0x00002f17) auipc   t5, 0x2
core   0: 3 0x8000b2f8 (0x00002f17) x30 0x8000d2f8
core   0: 0x8000b2fc (0xd03f2423) sw      gp, -760(t5)
core   0: 3 0x8000b2fc (0xd03f2423) mem 0x8000d000 0x00000001
core   0: 0x8000b300 (0xff9ff06f) j       pc - 0x8
core   0: 3 0x8000b300 (0xff9ff06f)
core   0: 0x8000b2f8 (0x00002f17) auipc   t5, 0x2
core   0: 3 0x8000b2f8 (0x00002f17) x30 0x8000d2f8
core   0: 0x8000b2fc (0xd03f2423) sw      gp, -760(t5)
core   0: 3 0x8000b2fc (0xd03f2423) mem 0x8000d000 0x00000001
core   0: 0x8000b300 (0xff9ff06f) j       pc - 0x8
core   0: 3 0x8000b300 (0xff9ff06f)
core   0: 0x8000b2f8 (0x00002f17) auipc   t5, 0x2
core   0: 3 0x8000b2f8 (0x00002f17) x30 0x8000d2f8
core   0: 0x8000b2fc (0xd03f2423) sw      gp, -760(t5)
core   0: 3 0x8000b2fc (0xd03f2423) mem 0x8000d000 0x00000001
core   0: 0x8000b300 (0xff9ff06f) j       pc - 0x8
core   0: 3 0x8000b300 (0xff9ff06f)
core   0: 0x8000b2f8 (0x00002f17) auipc   t5, 0x2
core   0: 3 0x8000b2f8 (0x00002f17) x30 0x8000d2f8
core   0: 0x8000b2fc (0xd03f2423) sw      gp, -760(t5)
core   0: 3 0x8000b2fc (0xd03f2423) mem 0x8000d000 0x00000001
core   0: 0x8000b300 (0xff9ff06f) j       pc - 0x8
core   0: 3 0x8000b300 (0xff9ff06f)
core   0: 0x8000b2f8 (0x00002f17) auipc   t5, 0x2
core   0: 3 0x8000b2f8 (0x00002f17) x30 0x8000d2f8
core   0: 0x8000b2fc (0xd03f2423) sw      gp, -760(t5)
core   0: 3 0x8000b2fc (0xd03f2423) mem 0x8000d000 0x00000001
core   0: 0x8000b300 (0xff9ff06f) j       pc - 0x8
core   0: 3 0x8000b300 (0xff9ff06f)
core   0: 0x8000b2f8 (0x00002f17) auipc   t5, 0x2
core   0: 3 0x8000b2f8 (0x00002f17) x30 0x8000d2f8
core   0: 0x8000b2fc (0xd03f2423) sw      gp, -760(t5)
core   0: 3 0x8000b2fc (0xd03f2423) mem 0x8000d000 0x00000001
core   0: 0x8000b300 (0xff9ff06f) j       pc - 0x8
core   0: 3 0x8000b300 (0xff9ff06f)
core   0: 0x8000b2f8 (0x00002f17) auipc   t5, 0x2
core   0: 3 0x8000b2f8 (0x00002f17) x30 0x8000d2f8
core   0: 0x8000b2fc (0xd03f2423) sw      gp, -760(t5)
core   0: 3 0x8000b2fc (0xd03f2423) mem 0x8000d000 0x00000001
core   0: 0x8000b300 (0xff9ff06f) j       pc - 0x8
core   0: 3 0x8000b300 (0xff9ff06f)
core   0: 0x8000b2f8 (0x00002f17) auipc   t5, 0x2
core   0: 3 0x8000b2f8 (0x00002f17) x30 0x8000d2f8
core   0: 0x8000b2fc (0xd03f2423) sw      gp, -760(t5)
core   0: 3 0x8000b2fc (0xd03f2423) mem 0x8000d000 0x00000001
core   0: 0x8000b300 (0xff9ff06f) j       pc - 0x8
core   0: 3 0x8000b300 (0xff9ff06f)
core   0: 0x8000b2f8 (0x00002f17) auipc   t5, 0x2
core   0: 3 0x8000b2f8 (0x00002f17) x30 0x8000d2f8
core   0: 0x8000b2fc (0xd03f2423) sw      gp, -760(t5)
core   0: 3 0x8000b2fc (0xd03f2423) mem 0x8000d000 0x00000001
core   0: 0x8000b300 (0xff9ff06f) j       pc - 0x8
core   0: 3 0x8000b300 (0xff9ff06f)
core   0: 0x8000b2f8 (0x00002f17) auipc   t5, 0x2
core   0: 3 0x8000b2f8 (0x00002f17) x30 0x8000d2f8
core   0: 0x8000b2fc (0xd03f2423) sw      gp, -760(t5)
core   0: 3 0x8000b2fc (0xd03f2423) mem 0x8000d000 0x00000001
core   0: 0x8000b300 (0xff9ff06f) j       pc - 0x8
core   0: 3 0x8000b300 (0xff9ff06f)
core   0: 0x8000b2f8 (0x00002f17) auipc   t5, 0x2
core   0: 3 0x8000b2f8 (0x00002f17) x30 0x8000d2f8
core   0: 0x8000b2fc (0xd03f2423) sw      gp, -760(t5)
core   0: 3 0x8000b2fc (0xd03f2423) mem 0x8000d000 0x00000001
core   0: 0x8000b300 (0xff9ff06f) j       pc - 0x8
core   0: 3 0x8000b300 (0xff9ff06f)
core   0: 0x8000b2f8 (0x00002f17) auipc   t5, 0x2
core   0: 3 0x8000b2f8 (0x00002f17) x30 0x8000d2f8
core   0: 0x8000b2fc (0xd03f2423) sw      gp, -760(t5)
core   0: 3 0x8000b2fc (0xd03f2423) mem 0x8000d000 0x00000001
core   0: 0x8000b300 (0xff9ff06f) j       pc - 0x8
core   0: 3 0x8000b300 (0xff9ff06f)
core   0: 0x8000b2f8 (0x00002f17) auipc   t5, 0x2
core   0: 3 0x8000b2f8 (0x00002f17) x30 0x8000d2f8
core   0: 0x8000b2fc (0xd03f2423) sw      gp, -760(t5)
core   0: 3 0x8000b2fc (0xd03f2423) mem 0x8000d000 0x00000001
core   0: 0x8000b300 (0xff9ff06f) j       pc - 0x8
core   0: 3 0x8000b300 (0xff9ff06f)
core   0: 0x8000b2f8 (0x00002f17) auipc   t5, 0x2
core   0: 3 0x8000b2f8 (0x00002f17) x30 0x8000d2f8
core   0: 0x8000b2fc (0xd03f2423) sw      gp, -760(t5)
core   0: 3 0x8000b2fc (0xd03f2423) mem 0x8000d000 0x00000001
core   0: 0x8000b300 (0xff9ff06f) j       pc - 0x8
core   0: 3 0x8000b300 (0xff9ff06f)
core   0: 0x8000b2f8 (0x00002f17) auipc   t5, 0x2
core   0: 3 0x8000b2f8 (0x00002f17) x30 0x8000d2f8
core   0: 0x8000b2fc (0xd03f2423) sw      gp, -760(t5)
core   0: 3 0x8000b2fc (0xd03f2423) mem 0x8000d000 0x00000001
core   0: 0x8000b300 (0xff9ff06f) j       pc - 0x8
core   0: 3 0x8000b300 (0xff9ff06f)
core   0: 0x8000b2f8 (0x00002f17) auipc   t5, 0x2
core   0: 3 0x8000b2f8 (0x00002f17) x30 0x8000d2f8
core   0: 0x8000b2fc (0xd03f2423) sw      gp, -760(t5)
core   0: 3 0x8000b2fc (0xd03f2423) mem 0x8000d000 0x00000001
core   0: 0x8000b300 (0xff9ff06f) j       pc - 0x8
core   0: 3 0x8000b300 (0xff9ff06f)
core   0: 0x8000b2f8 (0x00002f17) auipc   t5, 0x2
core   0: 3 0x8000b2f8 (0x00002f17) x30 0x8000d2f8
core   0: 0x8000b2fc (0xd03f2423) sw      gp, -760(t5)
core   0: 3 0x8000b2fc (0xd03f2423) mem 0x8000d000 0x00000001
core   0: 0x8000b300 (0xff9ff06f) j       pc - 0x8
core   0: 3 0x8000b300 (0xff9ff06f)
core   0: 0x8000b2f8 (0x00002f17) auipc   t5, 0x2
core   0: 3 0x8000b2f8 (0x00002f17) x30 0x8000d2f8
core   0: 0x8000b2fc (0xd03f2423) sw      gp, -760(t5)
core   0: 3 0x8000b2fc (0xd03f2423) mem 0x8000d000 0x00000001
core   0: 0x8000b300 (0xff9ff06f) j       pc - 0x8
core   0: 3 0x8000b300 (0xff9ff06f)
core   0: 0x8000b2f8 (0x00002f17) auipc   t5, 0x2
core   0: 3 0x8000b2f8 (0x00002f17) x30 0x8000d2f8
core   0: 0x8000b2fc (0xd03f2423) sw      gp, -760(t5)
core   0: 3 0x8000b2fc (0xd03f2423) mem 0x8000d000 0x00000001
core   0: 0x8000b300 (0xff9ff06f) j       pc - 0x8
core   0: 3 0x8000b300 (0xff9ff06f)
core   0: 0x8000b2f8 (0x00002f17) auipc   t5, 0x2
core   0: 3 0x8000b2f8 (0x00002f17) x30 0x8000d2f8
core   0: 0x8000b2fc (0xd03f2423) sw      gp, -760(t5)
core   0: 3 0x8000b2fc (0xd03f2423) mem 0x8000d000 0x00000001
core   0: 0x8000b300 (0xff9ff06f) j       pc - 0x8
core   0: 3 0x8000b300 (0xff9ff06f)
core   0: 0x8000b2f8 (0x00002f17) auipc   t5, 0x2
core   0: 3 0x8000b2f8 (0x00002f17) x30 0x8000d2f8
core   0: 0x8000b2fc (0xd03f2423) sw      gp, -760(t5)
core   0: 3 0x8000b2fc (0xd03f2423) mem 0x8000d000 0x00000001
core   0: 0x8000b300 (0xff9ff06f) j       pc - 0x8
core   0: 3 0x8000b300 (0xff9ff06f)
core   0: 0x8000b2f8 (0x00002f17) auipc   t5, 0x2
core   0: 3 0x8000b2f8 (0x00002f17) x30 0x8000d2f8
core   0: 0x8000b2fc (0xd03f2423) sw      gp, -760(t5)
core   0: 3 0x8000b2fc (0xd03f2423) mem 0x8000d000 0x00000001
core   0: 0x8000b300 (0xff9ff06f) j       pc - 0x8
core   0: 3 0x8000b300 (0xff9ff06f)
core   0: 0x8000b2f8 (0x00002f17) auipc   t5, 0x2
core   0: 3 0x8000b2f8 (0x00002f17) x30 0x8000d2f8
core   0: 0x8000b2fc (0xd03f2423) sw      gp, -760(t5)
core   0: 3 0x8000b2fc (0xd03f2423) mem 0x8000d000 0x00000001
core   0: 0x8000b300 (0xff9ff06f) j       pc - 0x8
core   0: 3 0x8000b300 (0xff9ff06f)
core   0: 0x8000b2f8 (0x00002f17) auipc   t5, 0x2
core   0: 3 0x8000b2f8 (0x00002f17) x30 0x8000d2f8
core   0: 0x8000b2fc (0xd03f2423) sw      gp, -760(t5)
core   0: 3 0x8000b2fc (0xd03f2423) mem 0x8000d000 0x00000001
core   0: 0x8000b300 (0xff9ff06f) j       pc - 0x8
core   0: 3 0x8000b300 (0xff9ff06f)
core   0: 0x8000b2f8 (0x00002f17) auipc   t5, 0x2
core   0: 3 0x8000b2f8 (0x00002f17) x30 0x8000d2f8
core   0: 0x8000b2fc (0xd03f2423) sw      gp, -760(t5)
core   0: 3 0x8000b2fc (0xd03f2423) mem 0x8000d000 0x00000001
core   0: 0x8000b300 (0xff9ff06f) j       pc - 0x8
core   0: 3 0x8000b300 (0xff9ff06f)
core   0: 0x8000b2f8 (0x00002f17) auipc   t5, 0x2
core   0: 3 0x8000b2f8 (0x00002f17) x30 0x8000d2f8
core   0: 0x8000b2fc (0xd03f2423) sw      gp, -760(t5)
core   0: 3 0x8000b2fc (0xd03f2423) mem 0x8000d000 0x00000001
core   0: 0x8000b300 (0xff9ff06f) j       pc - 0x8
core   0: 3 0x8000b300 (0xff9ff06f)
core   0: 0x8000b2f8 (0x00002f17) auipc   t5, 0x2
core   0: 3 0x8000b2f8 (0x00002f17) x30 0x8000d2f8
core   0: 0x8000b2fc (0xd03f2423) sw      gp, -760(t5)
core   0: 3 0x8000b2fc (0xd03f2423) mem 0x8000d000 0x00000001
core   0: 0x8000b300 (0xff9ff06f) j       pc - 0x8
core   0: 3 0x8000b300 (0xff9ff06f)
core   0: 0x8000b2f8 (0x00002f17) auipc   t5, 0x2
core   0: 3 0x8000b2f8 (0x00002f17) x30 0x8000d2f8
core   0: 0x8000b2fc (0xd03f2423) sw      gp, -760(t5)
core   0: 3 0x8000b2fc (0xd03f2423) mem 0x8000d000 0x00000001
core   0: 0x8000b300 (0xff9ff06f) j       pc - 0x8
core   0: 3 0x8000b300 (0xff9ff06f)
core   0: 0x8000b2f8 (0x00002f17) auipc   t5, 0x2
core   0: 3 0x8000b2f8 (0x00002f17) x30 0x8000d2f8
core   0: 0x8000b2fc (0xd03f2423) sw      gp, -760(t5)
core   0: 3 0x8000b2fc (0xd03f2423) mem 0x8000d000 0x00000001
core   0: 0x8000b300 (0xff9ff06f) j       pc - 0x8
core   0: 3 0x8000b300 (0xff9ff06f)
core   0: 0x8000b2f8 (0x00002f17) auipc   t5, 0x2
core   0: 3 0x8000b2f8 (0x00002f17) x30 0x8000d2f8
core   0: 0x8000b2fc (0xd03f2423) sw      gp, -760(t5)
core   0: 3 0x8000b2fc (0xd03f2423) mem 0x8000d000 0x00000001
core   0: 0x8000b300 (0xff9ff06f) j       pc - 0x8
core   0: 3 0x8000b300 (0xff9ff06f)
core   0: 0x8000b2f8 (0x00002f17) auipc   t5, 0x2
core   0: 3 0x8000b2f8 (0x00002f17) x30 0x8000d2f8
core   0: 0x8000b2fc (0xd03f2423) sw      gp, -760(t5)
core   0: 3 0x8000b2fc (0xd03f2423) mem 0x8000d000 0x00000001
core   0: 0x8000b300 (0xff9ff06f) j       pc - 0x8
core   0: 3 0x8000b300 (0xff9ff06f)
core   0: 0x8000b2f8 (0x00002f17) auipc   t5, 0x2
core   0: 3 0x8000b2f8 (0x00002f17) x30 0x8000d2f8
core   0: 0x8000b2fc (0xd03f2423) sw      gp, -760(t5)
core   0: 3 0x8000b2fc (0xd03f2423) mem 0x8000d000 0x00000001
core   0: 0x8000b300 (0xff9ff06f) j       pc - 0x8
core   0: 3 0x8000b300 (0xff9ff06f)
core   0: 0x8000b2f8 (0x00002f17) auipc   t5, 0x2
core   0: 3 0x8000b2f8 (0x00002f17) x30 0x8000d2f8
core   0: 0x8000b2fc (0xd03f2423) sw      gp, -760(t5)
core   0: 3 0x8000b2fc (0xd03f2423) mem 0x8000d000 0x00000001
core   0: 0x8000b300 (0xff9ff06f) j       pc - 0x8
core   0: 3 0x8000b300 (0xff9ff06f)
core   0: 0x8000b2f8 (0x00002f17) auipc   t5, 0x2
core   0: 3 0x8000b2f8 (0x00002f17) x30 0x8000d2f8
core   0: 0x8000b2fc (0xd03f2423) sw      gp, -760(t5)
core   0: 3 0x8000b2fc (0xd03f2423) mem 0x8000d000 0x00000001
core   0: 0x8000b300 (0xff9ff06f) j       pc - 0x8
core   0: 3 0x8000b300 (0xff9ff06f)
core   0: 0x8000b2f8 (0x00002f17) auipc   t5, 0x2
core   0: 3 0x8000b2f8 (0x00002f17) x30 0x8000d2f8
core   0: 0x8000b2fc (0xd03f2423) sw      gp, -760(t5)
core   0: 3 0x8000b2fc (0xd03f2423) mem 0x8000d000 0x00000001
core   0: 0x8000b300 (0xff9ff06f) j       pc - 0x8
core   0: 3 0x8000b300 (0xff9ff06f)
core   0: 0x8000b2f8 (0x00002f17) auipc   t5, 0x2
core   0: 3 0x8000b2f8 (0x00002f17) x30 0x8000d2f8
core   0: 0x8000b2fc (0xd03f2423) sw      gp, -760(t5)
core   0: 3 0x8000b2fc (0xd03f2423) mem 0x8000d000 0x00000001
core   0: 0x8000b300 (0xff9ff06f) j       pc - 0x8
core   0: 3 0x8000b300 (0xff9ff06f)
core   0: 0x8000b2f8 (0x00002f17) auipc   t5, 0x2
core   0: 3 0x8000b2f8 (0x00002f17) x30 0x8000d2f8
core   0: 0x8000b2fc (0xd03f2423) sw      gp, -760(t5)
core   0: 3 0x8000b2fc (0xd03f2423) mem 0x8000d000 0x00000001
core   0: 0x8000b300 (0xff9ff06f) j       pc - 0x8
core   0: 3 0x8000b300 (0xff9ff06f)
core   0: 0x8000b2f8 (0x00002f17) auipc   t5, 0x2
core   0: 3 0x8000b2f8 (0x00002f17) x30 0x8000d2f8
core   0: 0x8000b2fc (0xd03f2423) sw      gp, -760(t5)
core   0: 3 0x8000b2fc (0xd03f2423) mem 0x8000d000 0x00000001
core   0: 0x8000b300 (0xff9ff06f) j       pc - 0x8
core   0: 3 0x8000b300 (0xff9ff06f)
core   0: 0x8000b2f8 (0x00002f17) auipc   t5, 0x2
core   0: 3 0x8000b2f8 (0x00002f17) x30 0x8000d2f8
core   0: 0x8000b2fc (0xd03f2423) sw      gp, -760(t5)
core   0: 3 0x8000b2fc (0xd03f2423) mem 0x8000d000 0x00000001
core   0: 0x8000b300 (0xff9ff06f) j       pc - 0x8
core   0: 3 0x8000b300 (0xff9ff06f)
core   0: 0x8000b2f8 (0x00002f17) auipc   t5, 0x2
core   0: 3 0x8000b2f8 (0x00002f17) x30 0x8000d2f8
core   0: 0x8000b2fc (0xd03f2423) sw      gp, -760(t5)
core   0: 3 0x8000b2fc (0xd03f2423) mem 0x8000d000 0x00000001
core   0: 0x8000b300 (0xff9ff06f) j       pc - 0x8
core   0: 3 0x8000b300 (0xff9ff06f)
core   0: 0x8000b2f8 (0x00002f17) auipc   t5, 0x2
core   0: 3 0x8000b2f8 (0x00002f17) x30 0x8000d2f8
core   0: 0x8000b2fc (0xd03f2423) sw      gp, -760(t5)
core   0: 3 0x8000b2fc (0xd03f2423) mem 0x8000d000 0x00000001
core   0: 0x8000b300 (0xff9ff06f) j       pc - 0x8
core   0: 3 0x8000b300 (0xff9ff06f)
core   0: 0x8000b2f8 (0x00002f17) auipc   t5, 0x2
core   0: 3 0x8000b2f8 (0x00002f17) x30 0x8000d2f8
core   0: 0x8000b2fc (0xd03f2423) sw      gp, -760(t5)
core   0: 3 0x8000b2fc (0xd03f2423) mem 0x8000d000 0x00000001
core   0: 0x8000b300 (0xff9ff06f) j       pc - 0x8
core   0: 3 0x8000b300 (0xff9ff06f)
core   0: 0x8000b2f8 (0x00002f17) auipc   t5, 0x2
core   0: 3 0x8000b2f8 (0x00002f17) x30 0x8000d2f8
core   0: 0x8000b2fc (0xd03f2423) sw      gp, -760(t5)
core   0: 3 0x8000b2fc (0xd03f2423) mem 0x8000d000 0x00000001
core   0: 0x8000b300 (0xff9ff06f) j       pc - 0x8
core   0: 3 0x8000b300 (0xff9ff06f)
core   0: 0x8000b2f8 (0x00002f17) auipc   t5, 0x2
core   0: 3 0x8000b2f8 (0x00002f17) x30 0x8000d2f8
core   0: 0x8000b2fc (0xd03f2423) sw      gp, -760(t5)
core   0: 3 0x8000b2fc (0xd03f2423) mem 0x8000d000 0x00000001
core   0: 0x8000b300 (0xff9ff06f) j       pc - 0x8
core   0: 3 0x8000b300 (0xff9ff06f)
core   0: 0x8000b2f8 (0x00002f17) auipc   t5, 0x2
core   0: 3 0x8000b2f8 (0x00002f17) x30 0x8000d2f8
core   0: 0x8000b2fc (0xd03f2423) sw      gp, -760(t5)
core   0: 3 0x8000b2fc (0xd03f2423) mem 0x8000d000 0x00000001
core   0: 0x8000b300 (0xff9ff06f) j       pc - 0x8
core   0: 3 0x8000b300 (0xff9ff06f)
core   0: 0x8000b2f8 (0x00002f17) auipc   t5, 0x2
core   0: 3 0x8000b2f8 (0x00002f17) x30 0x8000d2f8
core   0: 0x8000b2fc (0xd03f2423) sw      gp, -760(t5)
core   0: 3 0x8000b2fc (0xd03f2423) mem 0x8000d000 0x00000001
core   0: 0x8000b300 (0xff9ff06f) j       pc - 0x8
core   0: 3 0x8000b300 (0xff9ff06f)
core   0: 0x8000b2f8 (0x00002f17) auipc   t5, 0x2
core   0: 3 0x8000b2f8 (0x00002f17) x30 0x8000d2f8
core   0: 0x8000b2fc (0xd03f2423) sw      gp, -760(t5)
core   0: 3 0x8000b2fc (0xd03f2423) mem 0x8000d000 0x00000001
core   0: 0x8000b300 (0xff9ff06f) j       pc - 0x8
core   0: 3 0x8000b300 (0xff9ff06f)
core   0: 0x8000b2f8 (0x00002f17) auipc   t5, 0x2
core   0: 3 0x8000b2f8 (0x00002f17) x30 0x8000d2f8
core   0: 0x8000b2fc (0xd03f2423) sw      gp, -760(t5)
core   0: 3 0x8000b2fc (0xd03f2423) mem 0x8000d000 0x00000001
core   0: 0x8000b300 (0xff9ff06f) j       pc - 0x8
core   0: 3 0x8000b300 (0xff9ff06f)
core   0: 0x8000b2f8 (0x00002f17) auipc   t5, 0x2
core   0: 3 0x8000b2f8 (0x00002f17) x30 0x8000d2f8
core   0: 0x8000b2fc (0xd03f2423) sw      gp, -760(t5)
core   0: 3 0x8000b2fc (0xd03f2423) mem 0x8000d000 0x00000001
core   0: 0x8000b300 (0xff9ff06f) j       pc - 0x8
core   0: 3 0x8000b300 (0xff9ff06f)
core   0: 0x8000b2f8 (0x00002f17) auipc   t5, 0x2
core   0: 3 0x8000b2f8 (0x00002f17) x30 0x8000d2f8
core   0: 0x8000b2fc (0xd03f2423) sw      gp, -760(t5)
core   0: 3 0x8000b2fc (0xd03f2423) mem 0x8000d000 0x00000001
core   0: 0x8000b300 (0xff9ff06f) j       pc - 0x8
core   0: 3 0x8000b300 (0xff9ff06f)
core   0: 0x8000b2f8 (0x00002f17) auipc   t5, 0x2
core   0: 3 0x8000b2f8 (0x00002f17) x30 0x8000d2f8
core   0: 0x8000b2fc (0xd03f2423) sw      gp, -760(t5)
core   0: 3 0x8000b2fc (0xd03f2423) mem 0x8000d000 0x00000001
core   0: 0x8000b300 (0xff9ff06f) j       pc - 0x8
core   0: 3 0x8000b300 (0xff9ff06f)
core   0: 0x8000b2f8 (0x00002f17) auipc   t5, 0x2
core   0: 3 0x8000b2f8 (0x00002f17) x30 0x8000d2f8
core   0: 0x8000b2fc (0xd03f2423) sw      gp, -760(t5)
core   0: 3 0x8000b2fc (0xd03f2423) mem 0x8000d000 0x00000001
core   0: 0x8000b300 (0xff9ff06f) j       pc - 0x8
core   0: 3 0x8000b300 (0xff9ff06f)
core   0: 0x8000b2f8 (0x00002f17) auipc   t5, 0x2
core   0: 3 0x8000b2f8 (0x00002f17) x30 0x8000d2f8
core   0: 0x8000b2fc (0xd03f2423) sw      gp, -760(t5)
core   0: 3 0x8000b2fc (0xd03f2423) mem 0x8000d000 0x00000001
core   0: 0x8000b300 (0xff9ff06f) j       pc - 0x8
core   0: 3 0x8000b300 (0xff9ff06f)
core   0: 0x8000b2f8 (0x00002f17) auipc   t5, 0x2
core   0: 3 0x8000b2f8 (0x00002f17) x30 0x8000d2f8
core   0: 0x8000b2fc (0xd03f2423) sw      gp, -760(t5)
core   0: 3 0x8000b2fc (0xd03f2423) mem 0x8000d000 0x00000001
core   0: 0x8000b300 (0xff9ff06f) j       pc - 0x8
core   0: 3 0x8000b300 (0xff9ff06f)
core   0: 0x8000b2f8 (0x00002f17) auipc   t5, 0x2
core   0: 3 0x8000b2f8 (0x00002f17) x30 0x8000d2f8
core   0: 0x8000b2fc (0xd03f2423) sw      gp, -760(t5)
core   0: 3 0x8000b2fc (0xd03f2423) mem 0x8000d000 0x00000001
core   0: 0x8000b300 (0xff9ff06f) j       pc - 0x8
core   0: 3 0x8000b300 (0xff9ff06f)
core   0: 0x8000b2f8 (0x00002f17) auipc   t5, 0x2
core   0: 3 0x8000b2f8 (0x00002f17) x30 0x8000d2f8
core   0: 0x8000b2fc (0xd03f2423) sw      gp, -760(t5)
core   0: 3 0x8000b2fc (0xd03f2423) mem 0x8000d000 0x00000001
core   0: 0x8000b300 (0xff9ff06f) j       pc - 0x8
core   0: 3 0x8000b300 (0xff9ff06f)
core   0: 0x8000b2f8 (0x00002f17) auipc   t5, 0x2
core   0: 3 0x8000b2f8 (0x00002f17) x30 0x8000d2f8
core   0: 0x8000b2fc (0xd03f2423) sw      gp, -760(t5)
core   0: 3 0x8000b2fc (0xd03f2423) mem 0x8000d000 0x00000001
core   0: 0x8000b300 (0xff9ff06f) j       pc - 0x8
core   0: 3 0x8000b300 (0xff9ff06f)
core   0: 0x8000b2f8 (0x00002f17) auipc   t5, 0x2
core   0: 3 0x8000b2f8 (0x00002f17) x30 0x8000d2f8
core   0: 0x8000b2fc (0xd03f2423) sw      gp, -760(t5)
core   0: 3 0x8000b2fc (0xd03f2423) mem 0x8000d000 0x00000001
core   0: 0x8000b300 (0xff9ff06f) j       pc - 0x8
core   0: 3 0x8000b300 (0xff9ff06f)
core   0: 0x8000b2f8 (0x00002f17) auipc   t5, 0x2
core   0: 3 0x8000b2f8 (0x00002f17) x30 0x8000d2f8
core   0: 0x8000b2fc (0xd03f2423) sw      gp, -760(t5)
core   0: 3 0x8000b2fc (0xd03f2423) mem 0x8000d000 0x00000001
core   0: 0x8000b300 (0xff9ff06f) j       pc - 0x8
core   0: 3 0x8000b300 (0xff9ff06f)
core   0: 0x8000b2f8 (0x00002f17) auipc   t5, 0x2
core   0: 3 0x8000b2f8 (0x00002f17) x30 0x8000d2f8
core   0: 0x8000b2fc (0xd03f2423) sw      gp, -760(t5)
core   0: 3 0x8000b2fc (0xd03f2423) mem 0x8000d000 0x00000001
core   0: 0x8000b300 (0xff9ff06f) j       pc - 0x8
core   0: 3 0x8000b300 (0xff9ff06f)
core   0: 0x8000b2f8 (0x00002f17) auipc   t5, 0x2
core   0: 3 0x8000b2f8 (0x00002f17) x30 0x8000d2f8
core   0: 0x8000b2fc (0xd03f2423) sw      gp, -760(t5)
core   0: 3 0x8000b2fc (0xd03f2423) mem 0x8000d000 0x00000001
core   0: 0x8000b300 (0xff9ff06f) j       pc - 0x8
core   0: 3 0x8000b300 (0xff9ff06f)
core   0: 0x8000b2f8 (0x00002f17) auipc   t5, 0x2
core   0: 3 0x8000b2f8 (0x00002f17) x30 0x8000d2f8
core   0: 0x8000b2fc (0xd03f2423) sw      gp, -760(t5)
core   0: 3 0x8000b2fc (0xd03f2423) mem 0x8000d000 0x00000001
core   0: 0x8000b300 (0xff9ff06f) j       pc - 0x8
core   0: 3 0x8000b300 (0xff9ff06f)
core   0: 0x8000b2f8 (0x00002f17) auipc   t5, 0x2
core   0: 3 0x8000b2f8 (0x00002f17) x30 0x8000d2f8
core   0: 0x8000b2fc (0xd03f2423) sw      gp, -760(t5)
core   0: 3 0x8000b2fc (0xd03f2423) mem 0x8000d000 0x00000001
core   0: 0x8000b300 (0xff9ff06f) j       pc - 0x8
core   0: 3 0x8000b300 (0xff9ff06f)
core   0: 0x8000b2f8 (0x00002f17) auipc   t5, 0x2
core   0: 3 0x8000b2f8 (0x00002f17) x30 0x8000d2f8
core   0: 0x8000b2fc (0xd03f2423) sw      gp, -760(t5)
core   0: 3 0x8000b2fc (0xd03f2423) mem 0x8000d000 0x00000001
core   0: 0x8000b300 (0xff9ff06f) j       pc - 0x8
core   0: 3 0x8000b300 (0xff9ff06f)
core   0: 0x8000b2f8 (0x00002f17) auipc   t5, 0x2
core   0: 3 0x8000b2f8 (0x00002f17) x30 0x8000d2f8
core   0: 0x8000b2fc (0xd03f2423) sw      gp, -760(t5)
core   0: 3 0x8000b2fc (0xd03f2423) mem 0x8000d000 0x00000001
core   0: 0x8000b300 (0xff9ff06f) j       pc - 0x8
core   0: 3 0x8000b300 (0xff9ff06f)
core   0: 0x8000b2f8 (0x00002f17) auipc   t5, 0x2
core   0: 3 0x8000b2f8 (0x00002f17) x30 0x8000d2f8
core   0: 0x8000b2fc (0xd03f2423) sw      gp, -760(t5)
core   0: 3 0x8000b2fc (0xd03f2423) mem 0x8000d000 0x00000001
core   0: 0x8000b300 (0xff9ff06f) j       pc - 0x8
core   0: 3 0x8000b300 (0xff9ff06f)
core   0: 0x8000b2f8 (0x00002f17) auipc   t5, 0x2
core   0: 3 0x8000b2f8 (0x00002f17) x30 0x8000d2f8
core   0: 0x8000b2fc (0xd03f2423) sw      gp, -760(t5)
core   0: 3 0x8000b2fc (0xd03f2423) mem 0x8000d000 0x00000001
core   0: 0x8000b300 (0xff9ff06f) j       pc - 0x8
core   0: 3 0x8000b300 (0xff9ff06f)
core   0: 0x8000b2f8 (0x00002f17) auipc   t5, 0x2
core   0: 3 0x8000b2f8 (0x00002f17) x30 0x8000d2f8
core   0: 0x8000b2fc (0xd03f2423) sw      gp, -760(t5)
core   0: 3 0x8000b2fc (0xd03f2423) mem 0x8000d000 0x00000001
core   0: 0x8000b300 (0xff9ff06f) j       pc - 0x8
core   0: 3 0x8000b300 (0xff9ff06f)
core   0: 0x8000b2f8 (0x00002f17) auipc   t5, 0x2
core   0: 3 0x8000b2f8 (0x00002f17) x30 0x8000d2f8
core   0: 0x8000b2fc (0xd03f2423) sw      gp, -760(t5)
core   0: 3 0x8000b2fc (0xd03f2423) mem 0x8000d000 0x00000001
core   0: 0x8000b300 (0xff9ff06f) j       pc - 0x8
core   0: 3 0x8000b300 (0xff9ff06f)
core   0: 0x8000b2f8 (0x00002f17) auipc   t5, 0x2
core   0: 3 0x8000b2f8 (0x00002f17) x30 0x8000d2f8
core   0: 0x8000b2fc (0xd03f2423) sw      gp, -760(t5)
core   0: 3 0x8000b2fc (0xd03f2423) mem 0x8000d000 0x00000001
core   0: 0x8000b300 (0xff9ff06f) j       pc - 0x8
core   0: 3 0x8000b300 (0xff9ff06f)
core   0: 0x8000b2f8 (0x00002f17) auipc   t5, 0x2
core   0: 3 0x8000b2f8 (0x00002f17) x30 0x8000d2f8
core   0: 0x8000b2fc (0xd03f2423) sw      gp, -760(t5)
core   0: 3 0x8000b2fc (0xd03f2423) mem 0x8000d000 0x00000001
core   0: 0x8000b300 (0xff9ff06f) j       pc - 0x8
core   0: 3 0x8000b300 (0xff9ff06f)
core   0: 0x8000b2f8 (0x00002f17) auipc   t5, 0x2
core   0: 3 0x8000b2f8 (0x00002f17) x30 0x8000d2f8
core   0: 0x8000b2fc (0xd03f2423) sw      gp, -760(t5)
core   0: 3 0x8000b2fc (0xd03f2423) mem 0x8000d000 0x00000001
core   0: 0x8000b300 (0xff9ff06f) j       pc - 0x8
core   0: 3 0x8000b300 (0xff9ff06f)
core   0: 0x8000b2f8 (0x00002f17) auipc   t5, 0x2
core   0: 3 0x8000b2f8 (0x00002f17) x30 0x8000d2f8
core   0: 0x8000b2fc (0xd03f2423) sw      gp, -760(t5)
core   0: 3 0x8000b2fc (0xd03f2423) mem 0x8000d000 0x00000001
core   0: 0x8000b300 (0xff9ff06f) j       pc - 0x8
core   0: 3 0x8000b300 (0xff9ff06f)
core   0: 0x8000b2f8 (0x00002f17) auipc   t5, 0x2
core   0: 3 0x8000b2f8 (0x00002f17) x30 0x8000d2f8
core   0: 0x8000b2fc (0xd03f2423) sw      gp, -760(t5)
core   0: 3 0x8000b2fc (0xd03f2423) mem 0x8000d000 0x00000001
core   0: 0x8000b300 (0xff9ff06f) j       pc - 0x8
core   0: 3 0x8000b300 (0xff9ff06f)
core   0: 0x8000b2f8 (0x00002f17) auipc   t5, 0x2
core   0: 3 0x8000b2f8 (0x00002f17) x30 0x8000d2f8
core   0: 0x8000b2fc (0xd03f2423) sw      gp, -760(t5)
core   0: 3 0x8000b2fc (0xd03f2423) mem 0x8000d000 0x00000001
core   0: 0x8000b300 (0xff9ff06f) j       pc - 0x8
core   0: 3 0x8000b300 (0xff9ff06f)
core   0: 0x8000b2f8 (0x00002f17) auipc   t5, 0x2
core   0: 3 0x8000b2f8 (0x00002f17) x30 0x8000d2f8
core   0: 0x8000b2fc (0xd03f2423) sw      gp, -760(t5)
core   0: 3 0x8000b2fc (0xd03f2423) mem 0x8000d000 0x00000001
core   0: 0x8000b300 (0xff9ff06f) j       pc - 0x8
core   0: 3 0x8000b300 (0xff9ff06f)
core   0: 0x8000b2f8 (0x00002f17) auipc   t5, 0x2
core   0: 3 0x8000b2f8 (0x00002f17) x30 0x8000d2f8
core   0: 0x8000b2fc (0xd03f2423) sw      gp, -760(t5)
core   0: 3 0x8000b2fc (0xd03f2423) mem 0x8000d000 0x00000001
core   0: 0x8000b300 (0xff9ff06f) j       pc - 0x8
core   0: 3 0x8000b300 (0xff9ff06f)
core   0: 0x8000b2f8 (0x00002f17) auipc   t5, 0x2
core   0: 3 0x8000b2f8 (0x00002f17) x30 0x8000d2f8
core   0: 0x8000b2fc (0xd03f2423) sw      gp, -760(t5)
core   0: 3 0x8000b2fc (0xd03f2423) mem 0x8000d000 0x00000001
core   0: 0x8000b300 (0xff9ff06f) j       pc - 0x8
core   0: 3 0x8000b300 (0xff9ff06f)
core   0: 0x8000b2f8 (0x00002f17) auipc   t5, 0x2
core   0: 3 0x8000b2f8 (0x00002f17) x30 0x8000d2f8
core   0: 0x8000b2fc (0xd03f2423) sw      gp, -760(t5)
core   0: 3 0x8000b2fc (0xd03f2423) mem 0x8000d000 0x00000001
core   0: 0x8000b300 (0xff9ff06f) j       pc - 0x8
core   0: 3 0x8000b300 (0xff9ff06f)
core   0: 0x8000b2f8 (0x00002f17) auipc   t5, 0x2
core   0: 3 0x8000b2f8 (0x00002f17) x30 0x8000d2f8
core   0: 0x8000b2fc (0xd03f2423) sw      gp, -760(t5)
core   0: 3 0x8000b2fc (0xd03f2423) mem 0x8000d000 0x00000001
core   0: 0x8000b300 (0xff9ff06f) j       pc - 0x8
core   0: 3 0x8000b300 (0xff9ff06f)
core   0: 0x8000b2f8 (0x00002f17) auipc   t5, 0x2
core   0: 3 0x8000b2f8 (0x00002f17) x30 0x8000d2f8
core   0: 0x8000b2fc (0xd03f2423) sw      gp, -760(t5)
core   0: 3 0x8000b2fc (0xd03f2423) mem 0x8000d000 0x00000001
core   0: 0x8000b300 (0xff9ff06f) j       pc - 0x8
core   0: 3 0x8000b300 (0xff9ff06f)
core   0: 0x8000b2f8 (0x00002f17) auipc   t5, 0x2
core   0: 3 0x8000b2f8 (0x00002f17) x30 0x8000d2f8
core   0: 0x8000b2fc (0xd03f2423) sw      gp, -760(t5)
core   0: 3 0x8000b2fc (0xd03f2423) mem 0x8000d000 0x00000001
core   0: 0x8000b300 (0xff9ff06f) j       pc - 0x8
core   0: 3 0x8000b300 (0xff9ff06f)
core   0: 0x8000b2f8 (0x00002f17) auipc   t5, 0x2
core   0: 3 0x8000b2f8 (0x00002f17) x30 0x8000d2f8
core   0: 0x8000b2fc (0xd03f2423) sw      gp, -760(t5)
core   0: 3 0x8000b2fc (0xd03f2423) mem 0x8000d000 0x00000001
core   0: 0x8000b300 (0xff9ff06f) j       pc - 0x8
core   0: 3 0x8000b300 (0xff9ff06f)
core   0: 0x8000b2f8 (0x00002f17) auipc   t5, 0x2
core   0: 3 0x8000b2f8 (0x00002f17) x30 0x8000d2f8
core   0: 0x8000b2fc (0xd03f2423) sw      gp, -760(t5)
core   0: 3 0x8000b2fc (0xd03f2423) mem 0x8000d000 0x00000001
core   0: 0x8000b300 (0xff9ff06f) j       pc - 0x8
core   0: 3 0x8000b300 (0xff9ff06f)
core   0: 0x8000b2f8 (0x00002f17) auipc   t5, 0x2
core   0: 3 0x8000b2f8 (0x00002f17) x30 0x8000d2f8
core   0: 0x8000b2fc (0xd03f2423) sw      gp, -760(t5)
core   0: 3 0x8000b2fc (0xd03f2423) mem 0x8000d000 0x00000001
core   0: 0x8000b300 (0xff9ff06f) j       pc - 0x8
core   0: 3 0x8000b300 (0xff9ff06f)
core   0: 0x8000b2f8 (0x00002f17) auipc   t5, 0x2
core   0: 3 0x8000b2f8 (0x00002f17) x30 0x8000d2f8
core   0: 0x8000b2fc (0xd03f2423) sw      gp, -760(t5)
core   0: 3 0x8000b2fc (0xd03f2423) mem 0x8000d000 0x00000001
core   0: 0x8000b300 (0xff9ff06f) j       pc - 0x8
core   0: 3 0x8000b300 (0xff9ff06f)
core   0: 0x8000b2f8 (0x00002f17) auipc   t5, 0x2
core   0: 3 0x8000b2f8 (0x00002f17) x30 0x8000d2f8
core   0: 0x8000b2fc (0xd03f2423) sw      gp, -760(t5)
core   0: 3 0x8000b2fc (0xd03f2423) mem 0x8000d000 0x00000001
core   0: 0x8000b300 (0xff9ff06f) j       pc - 0x8
core   0: 3 0x8000b300 (0xff9ff06f)
core   0: 0x8000b2f8 (0x00002f17) auipc   t5, 0x2
core   0: 3 0x8000b2f8 (0x00002f17) x30 0x8000d2f8
core   0: 0x8000b2fc (0xd03f2423) sw      gp, -760(t5)
core   0: 3 0x8000b2fc (0xd03f2423) mem 0x8000d000 0x00000001
core   0: 0x8000b300 (0xff9ff06f) j       pc - 0x8
core   0: 3 0x8000b300 (0xff9ff06f)
core   0: 0x8000b2f8 (0x00002f17) auipc   t5, 0x2
core   0: 3 0x8000b2f8 (0x00002f17) x30 0x8000d2f8
core   0: 0x8000b2fc (0xd03f2423) sw      gp, -760(t5)
core   0: 3 0x8000b2fc (0xd03f2423) mem 0x8000d000 0x00000001
core   0: 0x8000b300 (0xff9ff06f) j       pc - 0x8
core   0: 3 0x8000b300 (0xff9ff06f)
core   0: 0x8000b2f8 (0x00002f17) auipc   t5, 0x2
core   0: 3 0x8000b2f8 (0x00002f17) x30 0x8000d2f8
core   0: 0x8000b2fc (0xd03f2423) sw      gp, -760(t5)
core   0: 3 0x8000b2fc (0xd03f2423) mem 0x8000d000 0x00000001
core   0: 0x8000b300 (0xff9ff06f) j       pc - 0x8
core   0: 3 0x8000b300 (0xff9ff06f)
core   0: 0x8000b2f8 (0x00002f17) auipc   t5, 0x2
core   0: 3 0x8000b2f8 (0x00002f17) x30 0x8000d2f8
core   0: 0x8000b2fc (0xd03f2423) sw      gp, -760(t5)
core   0: 3 0x8000b2fc (0xd03f2423) mem 0x8000d000 0x00000001
core   0: 0x8000b300 (0xff9ff06f) j       pc - 0x8
core   0: 3 0x8000b300 (0xff9ff06f)
core   0: 0x8000b2f8 (0x00002f17) auipc   t5, 0x2
core   0: 3 0x8000b2f8 (0x00002f17) x30 0x8000d2f8
core   0: 0x8000b2fc (0xd03f2423) sw      gp, -760(t5)
core   0: 3 0x8000b2fc (0xd03f2423) mem 0x8000d000 0x00000001
core   0: 0x8000b300 (0xff9ff06f) j       pc - 0x8
core   0: 3 0x8000b300 (0xff9ff06f)
core   0: 0x8000b2f8 (0x00002f17) auipc   t5, 0x2
core   0: 3 0x8000b2f8 (0x00002f17) x30 0x8000d2f8
core   0: 0x8000b2fc (0xd03f2423) sw      gp, -760(t5)
core   0: 3 0x8000b2fc (0xd03f2423) mem 0x8000d000 0x00000001
core   0: 0x8000b300 (0xff9ff06f) j       pc - 0x8
core   0: 3 0x8000b300 (0xff9ff06f)
core   0: 0x8000b2f8 (0x00002f17) auipc   t5, 0x2
core   0: 3 0x8000b2f8 (0x00002f17) x30 0x8000d2f8
core   0: 0x8000b2fc (0xd03f2423) sw      gp, -760(t5)
core   0: 3 0x8000b2fc (0xd03f2423) mem 0x8000d000 0x00000001
core   0: 0x8000b300 (0xff9ff06f) j       pc - 0x8
core   0: 3 0x8000b300 (0xff9ff06f)
core   0: 0x8000b2f8 (0x00002f17) auipc   t5, 0x2
core   0: 3 0x8000b2f8 (0x00002f17) x30 0x8000d2f8
core   0: 0x8000b2fc (0xd03f2423) sw      gp, -760(t5)
core   0: 3 0x8000b2fc (0xd03f2423) mem 0x8000d000 0x00000001
core   0: 0x8000b300 (0xff9ff06f) j       pc - 0x8
core   0: 3 0x8000b300 (0xff9ff06f)
core   0: 0x8000b2f8 (0x00002f17) auipc   t5, 0x2
core   0: 3 0x8000b2f8 (0x00002f17) x30 0x8000d2f8
core   0: 0x8000b2fc (0xd03f2423) sw      gp, -760(t5)
core   0: 3 0x8000b2fc (0xd03f2423) mem 0x8000d000 0x00000001
core   0: 0x8000b300 (0xff9ff06f) j       pc - 0x8
core   0: 3 0x8000b300 (0xff9ff06f)
core   0: 0x8000b2f8 (0x00002f17) auipc   t5, 0x2
core   0: 3 0x8000b2f8 (0x00002f17) x30 0x8000d2f8
core   0: 0x8000b2fc (0xd03f2423) sw      gp, -760(t5)
core   0: 3 0x8000b2fc (0xd03f2423) mem 0x8000d000 0x00000001
core   0: 0x8000b300 (0xff9ff06f) j       pc - 0x8
core   0: 3 0x8000b300 (0xff9ff06f)
core   0: 0x8000b2f8 (0x00002f17) auipc   t5, 0x2
core   0: 3 0x8000b2f8 (0x00002f17) x30 0x8000d2f8
core   0: 0x8000b2fc (0xd03f2423) sw      gp, -760(t5)
core   0: 3 0x8000b2fc (0xd03f2423) mem 0x8000d000 0x00000001
core   0: 0x8000b300 (0xff9ff06f) j       pc - 0x8
core   0: 3 0x8000b300 (0xff9ff06f)
core   0: 0x8000b2f8 (0x00002f17) auipc   t5, 0x2
core   0: 3 0x8000b2f8 (0x00002f17) x30 0x8000d2f8
core   0: 0x8000b2fc (0xd03f2423) sw      gp, -760(t5)
core   0: 3 0x8000b2fc (0xd03f2423) mem 0x8000d000 0x00000001
core   0: 0x8000b300 (0xff9ff06f) j       pc - 0x8
core   0: 3 0x8000b300 (0xff9ff06f)
core   0: 0x8000b2f8 (0x00002f17) auipc   t5, 0x2
core   0: 3 0x8000b2f8 (0x00002f17) x30 0x8000d2f8
core   0: 0x8000b2fc (0xd03f2423) sw      gp, -760(t5)
core   0: 3 0x8000b2fc (0xd03f2423) mem 0x8000d000 0x00000001
core   0: 0x8000b300 (0xff9ff06f) j       pc - 0x8
core   0: 3 0x8000b300 (0xff9ff06f)
core   0: 0x8000b2f8 (0x00002f17) auipc   t5, 0x2
core   0: 3 0x8000b2f8 (0x00002f17) x30 0x8000d2f8
core   0: 0x8000b2fc (0xd03f2423) sw      gp, -760(t5)
core   0: 3 0x8000b2fc (0xd03f2423) mem 0x8000d000 0x00000001
core   0: 0x8000b300 (0xff9ff06f) j       pc - 0x8
core   0: 3 0x8000b300 (0xff9ff06f)
core   0: 0x8000b2f8 (0x00002f17) auipc   t5, 0x2
core   0: 3 0x8000b2f8 (0x00002f17) x30 0x8000d2f8
core   0: 0x8000b2fc (0xd03f2423) sw      gp, -760(t5)
core   0: 3 0x8000b2fc (0xd03f2423) mem 0x8000d000 0x00000001
core   0: 0x8000b300 (0xff9ff06f) j       pc - 0x8
core   0: 3 0x8000b300 (0xff9ff06f)
core   0: 0x8000b2f8 (0x00002f17) auipc   t5, 0x2
core   0: 3 0x8000b2f8 (0x00002f17) x30 0x8000d2f8
core   0: 0x8000b2fc (0xd03f2423) sw      gp, -760(t5)
core   0: 3 0x8000b2fc (0xd03f2423) mem 0x8000d000 0x00000001
core   0: 0x8000b300 (0xff9ff06f) j       pc - 0x8
core   0: 3 0x8000b300 (0xff9ff06f)
core   0: 0x8000b2f8 (0x00002f17) auipc   t5, 0x2
core   0: 3 0x8000b2f8 (0x00002f17) x30 0x8000d2f8
core   0: 0x8000b2fc (0xd03f2423) sw      gp, -760(t5)
core   0: 3 0x8000b2fc (0xd03f2423) mem 0x8000d000 0x00000001
core   0: 0x8000b300 (0xff9ff06f) j       pc - 0x8
core   0: 3 0x8000b300 (0xff9ff06f)
core   0: 0x8000b2f8 (0x00002f17) auipc   t5, 0x2
core   0: 3 0x8000b2f8 (0x00002f17) x30 0x8000d2f8
core   0: 0x8000b2fc (0xd03f2423) sw      gp, -760(t5)
core   0: 3 0x8000b2fc (0xd03f2423) mem 0x8000d000 0x00000001
core   0: 0x8000b300 (0xff9ff06f) j       pc - 0x8
core   0: 3 0x8000b300 (0xff9ff06f)
core   0: 0x8000b2f8 (0x00002f17) auipc   t5, 0x2
core   0: 3 0x8000b2f8 (0x00002f17) x30 0x8000d2f8
core   0: 0x8000b2fc (0xd03f2423) sw      gp, -760(t5)
core   0: 3 0x8000b2fc (0xd03f2423) mem 0x8000d000 0x00000001
core   0: 0x8000b300 (0xff9ff06f) j       pc - 0x8
core   0: 3 0x8000b300 (0xff9ff06f)
core   0: 0x8000b2f8 (0x00002f17) auipc   t5, 0x2
core   0: 3 0x8000b2f8 (0x00002f17) x30 0x8000d2f8
core   0: 0x8000b2fc (0xd03f2423) sw      gp, -760(t5)
core   0: 3 0x8000b2fc (0xd03f2423) mem 0x8000d000 0x00000001
core   0: 0x8000b300 (0xff9ff06f) j       pc - 0x8
core   0: 3 0x8000b300 (0xff9ff06f)
core   0: 0x8000b2f8 (0x00002f17) auipc   t5, 0x2
core   0: 3 0x8000b2f8 (0x00002f17) x30 0x8000d2f8
core   0: 0x8000b2fc (0xd03f2423) sw      gp, -760(t5)
core   0: 3 0x8000b2fc (0xd03f2423) mem 0x8000d000 0x00000001
core   0: 0x8000b300 (0xff9ff06f) j       pc - 0x8
core   0: 3 0x8000b300 (0xff9ff06f)
core   0: 0x8000b2f8 (0x00002f17) auipc   t5, 0x2
core   0: 3 0x8000b2f8 (0x00002f17) x30 0x8000d2f8
core   0: 0x8000b2fc (0xd03f2423) sw      gp, -760(t5)
core   0: 3 0x8000b2fc (0xd03f2423) mem 0x8000d000 0x00000001
core   0: 0x8000b300 (0xff9ff06f) j       pc - 0x8
core   0: 3 0x8000b300 (0xff9ff06f)
core   0: 0x8000b2f8 (0x00002f17) auipc   t5, 0x2
core   0: 3 0x8000b2f8 (0x00002f17) x30 0x8000d2f8
core   0: 0x8000b2fc (0xd03f2423) sw      gp, -760(t5)
core   0: 3 0x8000b2fc (0xd03f2423) mem 0x8000d000 0x00000001
core   0: 0x8000b300 (0xff9ff06f) j       pc - 0x8
core   0: 3 0x8000b300 (0xff9ff06f)
core   0: 0x8000b2f8 (0x00002f17) auipc   t5, 0x2
core   0: 3 0x8000b2f8 (0x00002f17) x30 0x8000d2f8
core   0: 0x8000b2fc (0xd03f2423) sw      gp, -760(t5)
core   0: 3 0x8000b2fc (0xd03f2423) mem 0x8000d000 0x00000001
core   0: 0x8000b300 (0xff9ff06f) j       pc - 0x8
core   0: 3 0x8000b300 (0xff9ff06f)
core   0: 0x8000b2f8 (0x00002f17) auipc   t5, 0x2
core   0: 3 0x8000b2f8 (0x00002f17) x30 0x8000d2f8
core   0: 0x8000b2fc (0xd03f2423) sw      gp, -760(t5)
core   0: 3 0x8000b2fc (0xd03f2423) mem 0x8000d000 0x00000001
core   0: 0x8000b300 (0xff9ff06f) j       pc - 0x8
core   0: 3 0x8000b300 (0xff9ff06f)
core   0: 0x8000b2f8 (0x00002f17) auipc   t5, 0x2
core   0: 3 0x8000b2f8 (0x00002f17) x30 0x8000d2f8
core   0: 0x8000b2fc (0xd03f2423) sw      gp, -760(t5)
core   0: 3 0x8000b2fc (0xd03f2423) mem 0x8000d000 0x00000001
core   0: 0x8000b300 (0xff9ff06f) j       pc - 0x8
core   0: 3 0x8000b300 (0xff9ff06f)
core   0: 0x8000b2f8 (0x00002f17) auipc   t5, 0x2
core   0: 3 0x8000b2f8 (0x00002f17) x30 0x8000d2f8
core   0: 0x8000b2fc (0xd03f2423) sw      gp, -760(t5)
core   0: 3 0x8000b2fc (0xd03f2423) mem 0x8000d000 0x00000001
core   0: 0x8000b300 (0xff9ff06f) j       pc - 0x8
core   0: 3 0x8000b300 (0xff9ff06f)
core   0: 0x8000b2f8 (0x00002f17) auipc   t5, 0x2
core   0: 3 0x8000b2f8 (0x00002f17) x30 0x8000d2f8
core   0: 0x8000b2fc (0xd03f2423) sw      gp, -760(t5)
core   0: 3 0x8000b2fc (0xd03f2423) mem 0x8000d000 0x00000001
core   0: 0x8000b300 (0xff9ff06f) j       pc - 0x8
core   0: 3 0x8000b300 (0xff9ff06f)
core   0: 0x8000b2f8 (0x00002f17) auipc   t5, 0x2
core   0: 3 0x8000b2f8 (0x00002f17) x30 0x8000d2f8
core   0: 0x8000b2fc (0xd03f2423) sw      gp, -760(t5)
core   0: 3 0x8000b2fc (0xd03f2423) mem 0x8000d000 0x00000001
core   0: 0x8000b300 (0xff9ff06f) j       pc - 0x8
core   0: 3 0x8000b300 (0xff9ff06f)
core   0: 0x8000b2f8 (0x00002f17) auipc   t5, 0x2
core   0: 3 0x8000b2f8 (0x00002f17) x30 0x8000d2f8
core   0: 0x8000b2fc (0xd03f2423) sw      gp, -760(t5)
core   0: 3 0x8000b2fc (0xd03f2423) mem 0x8000d000 0x00000001
core   0: 0x8000b300 (0xff9ff06f) j       pc - 0x8
core   0: 3 0x8000b300 (0xff9ff06f)
core   0: 0x8000b2f8 (0x00002f17) auipc   t5, 0x2
core   0: 3 0x8000b2f8 (0x00002f17) x30 0x8000d2f8
core   0: 0x8000b2fc (0xd03f2423) sw      gp, -760(t5)
core   0: 3 0x8000b2fc (0xd03f2423) mem 0x8000d000 0x00000001
core   0: 0x8000b300 (0xff9ff06f) j       pc - 0x8
core   0: 3 0x8000b300 (0xff9ff06f)
core   0: 0x8000b2f8 (0x00002f17) auipc   t5, 0x2
core   0: 3 0x8000b2f8 (0x00002f17) x30 0x8000d2f8
core   0: 0x8000b2fc (0xd03f2423) sw      gp, -760(t5)
core   0: 3 0x8000b2fc (0xd03f2423) mem 0x8000d000 0x00000001
core   0: 0x8000b300 (0xff9ff06f) j       pc - 0x8
core   0: 3 0x8000b300 (0xff9ff06f)
core   0: 0x8000b2f8 (0x00002f17) auipc   t5, 0x2
core   0: 3 0x8000b2f8 (0x00002f17) x30 0x8000d2f8
core   0: 0x8000b2fc (0xd03f2423) sw      gp, -760(t5)
core   0: 3 0x8000b2fc (0xd03f2423) mem 0x8000d000 0x00000001
core   0: 0x8000b300 (0xff9ff06f) j       pc - 0x8
core   0: 3 0x8000b300 (0xff9ff06f)
core   0: 0x8000b2f8 (0x00002f17) auipc   t5, 0x2
core   0: 3 0x8000b2f8 (0x00002f17) x30 0x8000d2f8
core   0: 0x8000b2fc (0xd03f2423) sw      gp, -760(t5)
core   0: 3 0x8000b2fc (0xd03f2423) mem 0x8000d000 0x00000001
core   0: 0x8000b300 (0xff9ff06f) j       pc - 0x8
core   0: 3 0x8000b300 (0xff9ff06f)
core   0: 0x8000b2f8 (0x00002f17) auipc   t5, 0x2
core   0: 3 0x8000b2f8 (0x00002f17) x30 0x8000d2f8
core   0: 0x8000b2fc (0xd03f2423) sw      gp, -760(t5)
core   0: 3 0x8000b2fc (0xd03f2423) mem 0x8000d000 0x00000001
core   0: 0x8000b300 (0xff9ff06f) j       pc - 0x8
core   0: 3 0x8000b300 (0xff9ff06f)
core   0: 0x8000b2f8 (0x00002f17) auipc   t5, 0x2
core   0: 3 0x8000b2f8 (0x00002f17) x30 0x8000d2f8
core   0: 0x8000b2fc (0xd03f2423) sw      gp, -760(t5)
core   0: 3 0x8000b2fc (0xd03f2423) mem 0x8000d000 0x00000001
core   0: 0x8000b300 (0xff9ff06f) j       pc - 0x8
core   0: 3 0x8000b300 (0xff9ff06f)
core   0: 0x8000b2f8 (0x00002f17) auipc   t5, 0x2
core   0: 3 0x8000b2f8 (0x00002f17) x30 0x8000d2f8
core   0: 0x8000b2fc (0xd03f2423) sw      gp, -760(t5)
core   0: 3 0x8000b2fc (0xd03f2423) mem 0x8000d000 0x00000001
core   0: 0x8000b300 (0xff9ff06f) j       pc - 0x8
core   0: 3 0x8000b300 (0xff9ff06f)
core   0: 0x8000b2f8 (0x00002f17) auipc   t5, 0x2
core   0: 3 0x8000b2f8 (0x00002f17) x30 0x8000d2f8
core   0: 0x8000b2fc (0xd03f2423) sw      gp, -760(t5)
core   0: 3 0x8000b2fc (0xd03f2423) mem 0x8000d000 0x00000001
core   0: 0x8000b300 (0xff9ff06f) j       pc - 0x8
core   0: 3 0x8000b300 (0xff9ff06f)
core   0: 0x8000b2f8 (0x00002f17) auipc   t5, 0x2
core   0: 3 0x8000b2f8 (0x00002f17) x30 0x8000d2f8
core   0: 0x8000b2fc (0xd03f2423) sw      gp, -760(t5)
core   0: 3 0x8000b2fc (0xd03f2423) mem 0x8000d000 0x00000001
core   0: 0x8000b300 (0xff9ff06f) j       pc - 0x8
core   0: 3 0x8000b300 (0xff9ff06f)
core   0: 0x8000b2f8 (0x00002f17) auipc   t5, 0x2
core   0: 3 0x8000b2f8 (0x00002f17) x30 0x8000d2f8
core   0: 0x8000b2fc (0xd03f2423) sw      gp, -760(t5)
core   0: 3 0x8000b2fc (0xd03f2423) mem 0x8000d000 0x00000001
core   0: 0x8000b300 (0xff9ff06f) j       pc - 0x8
core   0: 3 0x8000b300 (0xff9ff06f)
core   0: 0x8000b2f8 (0x00002f17) auipc   t5, 0x2
core   0: 3 0x8000b2f8 (0x00002f17) x30 0x8000d2f8
core   0: 0x8000b2fc (0xd03f2423) sw      gp, -760(t5)
core   0: 3 0x8000b2fc (0xd03f2423) mem 0x8000d000 0x00000001
core   0: 0x8000b300 (0xff9ff06f) j       pc - 0x8
core   0: 3 0x8000b300 (0xff9ff06f)
core   0: 0x8000b2f8 (0x00002f17) auipc   t5, 0x2
core   0: 3 0x8000b2f8 (0x00002f17) x30 0x8000d2f8
core   0: 0x8000b2fc (0xd03f2423) sw      gp, -760(t5)
core   0: 3 0x8000b2fc (0xd03f2423) mem 0x8000d000 0x00000001
core   0: 0x8000b300 (0xff9ff06f) j       pc - 0x8
core   0: 3 0x8000b300 (0xff9ff06f)
core   0: 0x8000b2f8 (0x00002f17) auipc   t5, 0x2
core   0: 3 0x8000b2f8 (0x00002f17) x30 0x8000d2f8
core   0: 0x8000b2fc (0xd03f2423) sw      gp, -760(t5)
core   0: 3 0x8000b2fc (0xd03f2423) mem 0x8000d000 0x00000001
core   0: 0x8000b300 (0xff9ff06f) j       pc - 0x8
core   0: 3 0x8000b300 (0xff9ff06f)
core   0: 0x8000b2f8 (0x00002f17) auipc   t5, 0x2
core   0: 3 0x8000b2f8 (0x00002f17) x30 0x8000d2f8
core   0: 0x8000b2fc (0xd03f2423) sw      gp, -760(t5)
core   0: 3 0x8000b2fc (0xd03f2423) mem 0x8000d000 0x00000001
core   0: 0x8000b300 (0xff9ff06f) j       pc - 0x8
core   0: 3 0x8000b300 (0xff9ff06f)
core   0: 0x8000b2f8 (0x00002f17) auipc   t5, 0x2
core   0: 3 0x8000b2f8 (0x00002f17) x30 0x8000d2f8
core   0: 0x8000b2fc (0xd03f2423) sw      gp, -760(t5)
core   0: 3 0x8000b2fc (0xd03f2423) mem 0x8000d000 0x00000001
core   0: 0x8000b300 (0xff9ff06f) j       pc - 0x8
core   0: 3 0x8000b300 (0xff9ff06f)
core   0: 0x8000b2f8 (0x00002f17) auipc   t5, 0x2
core   0: 3 0x8000b2f8 (0x00002f17) x30 0x8000d2f8
core   0: 0x8000b2fc (0xd03f2423) sw      gp, -760(t5)
core   0: 3 0x8000b2fc (0xd03f2423) mem 0x8000d000 0x00000001
core   0: 0x8000b300 (0xff9ff06f) j       pc - 0x8
core   0: 3 0x8000b300 (0xff9ff06f)
core   0: 0x8000b2f8 (0x00002f17) auipc   t5, 0x2
core   0: 3 0x8000b2f8 (0x00002f17) x30 0x8000d2f8
core   0: 0x8000b2fc (0xd03f2423) sw      gp, -760(t5)
core   0: 3 0x8000b2fc (0xd03f2423) mem 0x8000d000 0x00000001
core   0: 0x8000b300 (0xff9ff06f) j       pc - 0x8
core   0: 3 0x8000b300 (0xff9ff06f)
core   0: 0x8000b2f8 (0x00002f17) auipc   t5, 0x2
core   0: 3 0x8000b2f8 (0x00002f17) x30 0x8000d2f8
core   0: 0x8000b2fc (0xd03f2423) sw      gp, -760(t5)
core   0: 3 0x8000b2fc (0xd03f2423) mem 0x8000d000 0x00000001
core   0: 0x8000b300 (0xff9ff06f) j       pc - 0x8
core   0: 3 0x8000b300 (0xff9ff06f)
core   0: 0x8000b2f8 (0x00002f17) auipc   t5, 0x2
core   0: 3 0x8000b2f8 (0x00002f17) x30 0x8000d2f8
core   0: 0x8000b2fc (0xd03f2423) sw      gp, -760(t5)
core   0: 3 0x8000b2fc (0xd03f2423) mem 0x8000d000 0x00000001
core   0: 0x8000b300 (0xff9ff06f) j       pc - 0x8
core   0: 3 0x8000b300 (0xff9ff06f)
core   0: 0x8000b2f8 (0x00002f17) auipc   t5, 0x2
core   0: 3 0x8000b2f8 (0x00002f17) x30 0x8000d2f8
core   0: 0x8000b2fc (0xd03f2423) sw      gp, -760(t5)
core   0: 3 0x8000b2fc (0xd03f2423) mem 0x8000d000 0x00000001
core   0: 0x8000b300 (0xff9ff06f) j       pc - 0x8
core   0: 3 0x8000b300 (0xff9ff06f)
core   0: 0x8000b2f8 (0x00002f17) auipc   t5, 0x2
core   0: 3 0x8000b2f8 (0x00002f17) x30 0x8000d2f8
core   0: 0x8000b2fc (0xd03f2423) sw      gp, -760(t5)
core   0: 3 0x8000b2fc (0xd03f2423) mem 0x8000d000 0x00000001
core   0: 0x8000b300 (0xff9ff06f) j       pc - 0x8
core   0: 3 0x8000b300 (0xff9ff06f)
core   0: 0x8000b2f8 (0x00002f17) auipc   t5, 0x2
core   0: 3 0x8000b2f8 (0x00002f17) x30 0x8000d2f8
core   0: 0x8000b2fc (0xd03f2423) sw      gp, -760(t5)
core   0: 3 0x8000b2fc (0xd03f2423) mem 0x8000d000 0x00000001
core   0: 0x8000b300 (0xff9ff06f) j       pc - 0x8
core   0: 3 0x8000b300 (0xff9ff06f)
core   0: 0x8000b2f8 (0x00002f17) auipc   t5, 0x2
core   0: 3 0x8000b2f8 (0x00002f17) x30 0x8000d2f8
core   0: 0x8000b2fc (0xd03f2423) sw      gp, -760(t5)
core   0: 3 0x8000b2fc (0xd03f2423) mem 0x8000d000 0x00000001
core   0: 0x8000b300 (0xff9ff06f) j       pc - 0x8
core   0: 3 0x8000b300 (0xff9ff06f)
core   0: 0x8000b2f8 (0x00002f17) auipc   t5, 0x2
core   0: 3 0x8000b2f8 (0x00002f17) x30 0x8000d2f8
core   0: 0x8000b2fc (0xd03f2423) sw      gp, -760(t5)
core   0: 3 0x8000b2fc (0xd03f2423) mem 0x8000d000 0x00000001
core   0: 0x8000b300 (0xff9ff06f) j       pc - 0x8
core   0: 3 0x8000b300 (0xff9ff06f)
core   0: 0x8000b2f8 (0x00002f17) auipc   t5, 0x2
core   0: 3 0x8000b2f8 (0x00002f17) x30 0x8000d2f8
core   0: 0x8000b2fc (0xd03f2423) sw      gp, -760(t5)
core   0: 3 0x8000b2fc (0xd03f2423) mem 0x8000d000 0x00000001
core   0: 0x8000b300 (0xff9ff06f) j       pc - 0x8
core   0: 3 0x8000b300 (0xff9ff06f)
core   0: 0x8000b2f8 (0x00002f17) auipc   t5, 0x2
core   0: 3 0x8000b2f8 (0x00002f17) x30 0x8000d2f8
core   0: 0x8000b2fc (0xd03f2423) sw      gp, -760(t5)
core   0: 3 0x8000b2fc (0xd03f2423) mem 0x8000d000 0x00000001
core   0: 0x8000b300 (0xff9ff06f) j       pc - 0x8
core   0: 3 0x8000b300 (0xff9ff06f)
core   0: 0x8000b2f8 (0x00002f17) auipc   t5, 0x2
core   0: 3 0x8000b2f8 (0x00002f17) x30 0x8000d2f8
core   0: 0x8000b2fc (0xd03f2423) sw      gp, -760(t5)
core   0: 3 0x8000b2fc (0xd03f2423) mem 0x8000d000 0x00000001
core   0: 0x8000b300 (0xff9ff06f) j       pc - 0x8
core   0: 3 0x8000b300 (0xff9ff06f)
core   0: 0x8000b2f8 (0x00002f17) auipc   t5, 0x2
core   0: 3 0x8000b2f8 (0x00002f17) x30 0x8000d2f8
core   0: 0x8000b2fc (0xd03f2423) sw      gp, -760(t5)
core   0: 3 0x8000b2fc (0xd03f2423) mem 0x8000d000 0x00000001
core   0: 0x8000b300 (0xff9ff06f) j       pc - 0x8
core   0: 3 0x8000b300 (0xff9ff06f)
core   0: 0x8000b2f8 (0x00002f17) auipc   t5, 0x2
core   0: 3 0x8000b2f8 (0x00002f17) x30 0x8000d2f8
core   0: 0x8000b2fc (0xd03f2423) sw      gp, -760(t5)
core   0: 3 0x8000b2fc (0xd03f2423) mem 0x8000d000 0x00000001
core   0: 0x8000b300 (0xff9ff06f) j       pc - 0x8
core   0: 3 0x8000b300 (0xff9ff06f)
core   0: 0x8000b2f8 (0x00002f17) auipc   t5, 0x2
core   0: 3 0x8000b2f8 (0x00002f17) x30 0x8000d2f8
core   0: 0x8000b2fc (0xd03f2423) sw      gp, -760(t5)
core   0: 3 0x8000b2fc (0xd03f2423) mem 0x8000d000 0x00000001
core   0: 0x8000b300 (0xff9ff06f) j       pc - 0x8
core   0: 3 0x8000b300 (0xff9ff06f)
core   0: 0x8000b2f8 (0x00002f17) auipc   t5, 0x2
core   0: 3 0x8000b2f8 (0x00002f17) x30 0x8000d2f8
core   0: 0x8000b2fc (0xd03f2423) sw      gp, -760(t5)
core   0: 3 0x8000b2fc (0xd03f2423) mem 0x8000d000 0x00000001
core   0: 0x8000b300 (0xff9ff06f) j       pc - 0x8
core   0: 3 0x8000b300 (0xff9ff06f)
core   0: 0x8000b2f8 (0x00002f17) auipc   t5, 0x2
core   0: 3 0x8000b2f8 (0x00002f17) x30 0x8000d2f8
core   0: 0x8000b2fc (0xd03f2423) sw      gp, -760(t5)
core   0: 3 0x8000b2fc (0xd03f2423) mem 0x8000d000 0x00000001
core   0: 0x8000b300 (0xff9ff06f) j       pc - 0x8
core   0: 3 0x8000b300 (0xff9ff06f)
core   0: 0x8000b2f8 (0x00002f17) auipc   t5, 0x2
core   0: 3 0x8000b2f8 (0x00002f17) x30 0x8000d2f8
core   0: 0x8000b2fc (0xd03f2423) sw      gp, -760(t5)
core   0: 3 0x8000b2fc (0xd03f2423) mem 0x8000d000 0x00000001
core   0: 0x8000b300 (0xff9ff06f) j       pc - 0x8
core   0: 3 0x8000b300 (0xff9ff06f)
core   0: 0x8000b2f8 (0x00002f17) auipc   t5, 0x2
core   0: 3 0x8000b2f8 (0x00002f17) x30 0x8000d2f8
core   0: 0x8000b2fc (0xd03f2423) sw      gp, -760(t5)
core   0: 3 0x8000b2fc (0xd03f2423) mem 0x8000d000 0x00000001
core   0: 0x8000b300 (0xff9ff06f) j       pc - 0x8
core   0: 3 0x8000b300 (0xff9ff06f)
core   0: 0x8000b2f8 (0x00002f17) auipc   t5, 0x2
core   0: 3 0x8000b2f8 (0x00002f17) x30 0x8000d2f8
core   0: 0x8000b2fc (0xd03f2423) sw      gp, -760(t5)
core   0: 3 0x8000b2fc (0xd03f2423) mem 0x8000d000 0x00000001
core   0: 0x8000b300 (0xff9ff06f) j       pc - 0x8
core   0: 3 0x8000b300 (0xff9ff06f)
core   0: 0x8000b2f8 (0x00002f17) auipc   t5, 0x2
core   0: 3 0x8000b2f8 (0x00002f17) x30 0x8000d2f8
core   0: 0x8000b2fc (0xd03f2423) sw      gp, -760(t5)
core   0: 3 0x8000b2fc (0xd03f2423) mem 0x8000d000 0x00000001
core   0: 0x8000b300 (0xff9ff06f) j       pc - 0x8
core   0: 3 0x8000b300 (0xff9ff06f)
core   0: 0x8000b2f8 (0x00002f17) auipc   t5, 0x2
core   0: 3 0x8000b2f8 (0x00002f17) x30 0x8000d2f8
core   0: 0x8000b2fc (0xd03f2423) sw      gp, -760(t5)
core   0: 3 0x8000b2fc (0xd03f2423) mem 0x8000d000 0x00000001
core   0: 0x8000b300 (0xff9ff06f) j       pc - 0x8
core   0: 3 0x8000b300 (0xff9ff06f)
core   0: 0x8000b2f8 (0x00002f17) auipc   t5, 0x2
core   0: 3 0x8000b2f8 (0x00002f17) x30 0x8000d2f8
core   0: 0x8000b2fc (0xd03f2423) sw      gp, -760(t5)
core   0: 3 0x8000b2fc (0xd03f2423) mem 0x8000d000 0x00000001
core   0: 0x8000b300 (0xff9ff06f) j       pc - 0x8
core   0: 3 0x8000b300 (0xff9ff06f)
core   0: 0x8000b2f8 (0x00002f17) auipc   t5, 0x2
core   0: 3 0x8000b2f8 (0x00002f17) x30 0x8000d2f8
core   0: 0x8000b2fc (0xd03f2423) sw      gp, -760(t5)
core   0: 3 0x8000b2fc (0xd03f2423) mem 0x8000d000 0x00000001
core   0: 0x8000b300 (0xff9ff06f) j       pc - 0x8
core   0: 3 0x8000b300 (0xff9ff06f)
core   0: 0x8000b2f8 (0x00002f17) auipc   t5, 0x2
core   0: 3 0x8000b2f8 (0x00002f17) x30 0x8000d2f8
core   0: 0x8000b2fc (0xd03f2423) sw      gp, -760(t5)
core   0: 3 0x8000b2fc (0xd03f2423) mem 0x8000d000 0x00000001
core   0: 0x8000b300 (0xff9ff06f) j       pc - 0x8
core   0: 3 0x8000b300 (0xff9ff06f)
core   0: 0x8000b2f8 (0x00002f17) auipc   t5, 0x2
core   0: 3 0x8000b2f8 (0x00002f17) x30 0x8000d2f8
core   0: 0x8000b2fc (0xd03f2423) sw      gp, -760(t5)
core   0: 3 0x8000b2fc (0xd03f2423) mem 0x8000d000 0x00000001
core   0: 0x8000b300 (0xff9ff06f) j       pc - 0x8
core   0: 3 0x8000b300 (0xff9ff06f)
core   0: 0x8000b2f8 (0x00002f17) auipc   t5, 0x2
core   0: 3 0x8000b2f8 (0x00002f17) x30 0x8000d2f8
core   0: 0x8000b2fc (0xd03f2423) sw      gp, -760(t5)
core   0: 3 0x8000b2fc (0xd03f2423) mem 0x8000d000 0x00000001
core   0: 0x8000b300 (0xff9ff06f) j       pc - 0x8
core   0: 3 0x8000b300 (0xff9ff06f)
core   0: 0x8000b2f8 (0x00002f17) auipc   t5, 0x2
core   0: 3 0x8000b2f8 (0x00002f17) x30 0x8000d2f8
core   0: 0x8000b2fc (0xd03f2423) sw      gp, -760(t5)
core   0: 3 0x8000b2fc (0xd03f2423) mem 0x8000d000 0x00000001
core   0: 0x8000b300 (0xff9ff06f) j       pc - 0x8
core   0: 3 0x8000b300 (0xff9ff06f)
core   0: 0x8000b2f8 (0x00002f17) auipc   t5, 0x2
core   0: 3 0x8000b2f8 (0x00002f17) x30 0x8000d2f8
core   0: 0x8000b2fc (0xd03f2423) sw      gp, -760(t5)
core   0: 3 0x8000b2fc (0xd03f2423) mem 0x8000d000 0x00000001
core   0: 0x8000b300 (0xff9ff06f) j       pc - 0x8
core   0: 3 0x8000b300 (0xff9ff06f)
core   0: 0x8000b2f8 (0x00002f17) auipc   t5, 0x2
core   0: 3 0x8000b2f8 (0x00002f17) x30 0x8000d2f8
core   0: 0x8000b2fc (0xd03f2423) sw      gp, -760(t5)
core   0: 3 0x8000b2fc (0xd03f2423) mem 0x8000d000 0x00000001
core   0: 0x8000b300 (0xff9ff06f) j       pc - 0x8
core   0: 3 0x8000b300 (0xff9ff06f)
core   0: 0x8000b2f8 (0x00002f17) auipc   t5, 0x2
core   0: 3 0x8000b2f8 (0x00002f17) x30 0x8000d2f8
core   0: 0x8000b2fc (0xd03f2423) sw      gp, -760(t5)
core   0: 3 0x8000b2fc (0xd03f2423) mem 0x8000d000 0x00000001
core   0: 0x8000b300 (0xff9ff06f) j       pc - 0x8
core   0: 3 0x8000b300 (0xff9ff06f)
core   0: 0x8000b2f8 (0x00002f17) auipc   t5, 0x2
core   0: 3 0x8000b2f8 (0x00002f17) x30 0x8000d2f8
core   0: 0x8000b2fc (0xd03f2423) sw      gp, -760(t5)
core   0: 3 0x8000b2fc (0xd03f2423) mem 0x8000d000 0x00000001
core   0: 0x8000b300 (0xff9ff06f) j       pc - 0x8
core   0: 3 0x8000b300 (0xff9ff06f)
core   0: 0x8000b2f8 (0x00002f17) auipc   t5, 0x2
core   0: 3 0x8000b2f8 (0x00002f17) x30 0x8000d2f8
core   0: 0x8000b2fc (0xd03f2423) sw      gp, -760(t5)
core   0: 3 0x8000b2fc (0xd03f2423) mem 0x8000d000 0x00000001
core   0: 0x8000b300 (0xff9ff06f) j       pc - 0x8
core   0: 3 0x8000b300 (0xff9ff06f)
core   0: 0x8000b2f8 (0x00002f17) auipc   t5, 0x2
core   0: 3 0x8000b2f8 (0x00002f17) x30 0x8000d2f8
core   0: 0x8000b2fc (0xd03f2423) sw      gp, -760(t5)
core   0: 3 0x8000b2fc (0xd03f2423) mem 0x8000d000 0x00000001
core   0: 0x8000b300 (0xff9ff06f) j       pc - 0x8
core   0: 3 0x8000b300 (0xff9ff06f)
core   0: 0x8000b2f8 (0x00002f17) auipc   t5, 0x2
core   0: 3 0x8000b2f8 (0x00002f17) x30 0x8000d2f8
core   0: 0x8000b2fc (0xd03f2423) sw      gp, -760(t5)
core   0: 3 0x8000b2fc (0xd03f2423) mem 0x8000d000 0x00000001
core   0: 0x8000b300 (0xff9ff06f) j       pc - 0x8
core   0: 3 0x8000b300 (0xff9ff06f)
core   0: 0x8000b2f8 (0x00002f17) auipc   t5, 0x2
core   0: 3 0x8000b2f8 (0x00002f17) x30 0x8000d2f8
core   0: 0x8000b2fc (0xd03f2423) sw      gp, -760(t5)
core   0: 3 0x8000b2fc (0xd03f2423) mem 0x8000d000 0x00000001
core   0: 0x8000b300 (0xff9ff06f) j       pc - 0x8
core   0: 3 0x8000b300 (0xff9ff06f)
core   0: 0x8000b2f8 (0x00002f17) auipc   t5, 0x2
core   0: 3 0x8000b2f8 (0x00002f17) x30 0x8000d2f8
core   0: 0x8000b2fc (0xd03f2423) sw      gp, -760(t5)
core   0: 3 0x8000b2fc (0xd03f2423) mem 0x8000d000 0x00000001
core   0: 0x8000b300 (0xff9ff06f) j       pc - 0x8
core   0: 3 0x8000b300 (0xff9ff06f)
core   0: 0x8000b2f8 (0x00002f17) auipc   t5, 0x2
core   0: 3 0x8000b2f8 (0x00002f17) x30 0x8000d2f8
core   0: 0x8000b2fc (0xd03f2423) sw      gp, -760(t5)
core   0: 3 0x8000b2fc (0xd03f2423) mem 0x8000d000 0x00000001
core   0: 0x8000b300 (0xff9ff06f) j       pc - 0x8
core   0: 3 0x8000b300 (0xff9ff06f)
core   0: 0x8000b2f8 (0x00002f17) auipc   t5, 0x2
core   0: 3 0x8000b2f8 (0x00002f17) x30 0x8000d2f8
core   0: 0x8000b2fc (0xd03f2423) sw      gp, -760(t5)
core   0: 3 0x8000b2fc (0xd03f2423) mem 0x8000d000 0x00000001
core   0: 0x8000b300 (0xff9ff06f) j       pc - 0x8
core   0: 3 0x8000b300 (0xff9ff06f)
core   0: 0x8000b2f8 (0x00002f17) auipc   t5, 0x2
core   0: 3 0x8000b2f8 (0x00002f17) x30 0x8000d2f8
core   0: 0x8000b2fc (0xd03f2423) sw      gp, -760(t5)
core   0: 3 0x8000b2fc (0xd03f2423) mem 0x8000d000 0x00000001
core   0: 0x8000b300 (0xff9ff06f) j       pc - 0x8
core   0: 3 0x8000b300 (0xff9ff06f)
core   0: 0x8000b2f8 (0x00002f17) auipc   t5, 0x2
core   0: 3 0x8000b2f8 (0x00002f17) x30 0x8000d2f8
core   0: 0x8000b2fc (0xd03f2423) sw      gp, -760(t5)
core   0: 3 0x8000b2fc (0xd03f2423) mem 0x8000d000 0x00000001
core   0: 0x8000b300 (0xff9ff06f) j       pc - 0x8
core   0: 3 0x8000b300 (0xff9ff06f)
core   0: 0x8000b2f8 (0x00002f17) auipc   t5, 0x2
core   0: 3 0x8000b2f8 (0x00002f17) x30 0x8000d2f8
core   0: 0x8000b2fc (0xd03f2423) sw      gp, -760(t5)
core   0: 3 0x8000b2fc (0xd03f2423) mem 0x8000d000 0x00000001
core   0: 0x8000b300 (0xff9ff06f) j       pc - 0x8
core   0: 3 0x8000b300 (0xff9ff06f)
core   0: 0x8000b2f8 (0x00002f17) auipc   t5, 0x2
core   0: 3 0x8000b2f8 (0x00002f17) x30 0x8000d2f8
core   0: 0x8000b2fc (0xd03f2423) sw      gp, -760(t5)
core   0: 3 0x8000b2fc (0xd03f2423) mem 0x8000d000 0x00000001
core   0: 0x8000b300 (0xff9ff06f) j       pc - 0x8
core   0: 3 0x8000b300 (0xff9ff06f)
core   0: 0x8000b2f8 (0x00002f17) auipc   t5, 0x2
core   0: 3 0x8000b2f8 (0x00002f17) x30 0x8000d2f8
core   0: 0x8000b2fc (0xd03f2423) sw      gp, -760(t5)
core   0: 3 0x8000b2fc (0xd03f2423) mem 0x8000d000 0x00000001
core   0: 0x8000b300 (0xff9ff06f) j       pc - 0x8
core   0: 3 0x8000b300 (0xff9ff06f)
core   0: 0x8000b2f8 (0x00002f17) auipc   t5, 0x2
core   0: 3 0x8000b2f8 (0x00002f17) x30 0x8000d2f8
core   0: 0x8000b2fc (0xd03f2423) sw      gp, -760(t5)
core   0: 3 0x8000b2fc (0xd03f2423) mem 0x8000d000 0x00000001
core   0: 0x8000b300 (0xff9ff06f) j       pc - 0x8
core   0: 3 0x8000b300 (0xff9ff06f)
core   0: 0x8000b2f8 (0x00002f17) auipc   t5, 0x2
core   0: 3 0x8000b2f8 (0x00002f17) x30 0x8000d2f8
core   0: 0x8000b2fc (0xd03f2423) sw      gp, -760(t5)
core   0: 3 0x8000b2fc (0xd03f2423) mem 0x8000d000 0x00000001
core   0: 0x8000b300 (0xff9ff06f) j       pc - 0x8
core   0: 3 0x8000b300 (0xff9ff06f)
core   0: 0x8000b2f8 (0x00002f17) auipc   t5, 0x2
core   0: 3 0x8000b2f8 (0x00002f17) x30 0x8000d2f8
core   0: 0x8000b2fc (0xd03f2423) sw      gp, -760(t5)
core   0: 3 0x8000b2fc (0xd03f2423) mem 0x8000d000 0x00000001
core   0: 0x8000b300 (0xff9ff06f) j       pc - 0x8
core   0: 3 0x8000b300 (0xff9ff06f)
core   0: 0x8000b2f8 (0x00002f17) auipc   t5, 0x2
core   0: 3 0x8000b2f8 (0x00002f17) x30 0x8000d2f8
core   0: 0x8000b2fc (0xd03f2423) sw      gp, -760(t5)
core   0: 3 0x8000b2fc (0xd03f2423) mem 0x8000d000 0x00000001
core   0: 0x8000b300 (0xff9ff06f) j       pc - 0x8
core   0: 3 0x8000b300 (0xff9ff06f)
core   0: 0x8000b2f8 (0x00002f17) auipc   t5, 0x2
core   0: 3 0x8000b2f8 (0x00002f17) x30 0x8000d2f8
core   0: 0x8000b2fc (0xd03f2423) sw      gp, -760(t5)
core   0: 3 0x8000b2fc (0xd03f2423) mem 0x8000d000 0x00000001
core   0: 0x8000b300 (0xff9ff06f) j       pc - 0x8
core   0: 3 0x8000b300 (0xff9ff06f)
core   0: 0x8000b2f8 (0x00002f17) auipc   t5, 0x2
core   0: 3 0x8000b2f8 (0x00002f17) x30 0x8000d2f8
core   0: 0x8000b2fc (0xd03f2423) sw      gp, -760(t5)
core   0: 3 0x8000b2fc (0xd03f2423) mem 0x8000d000 0x00000001
core   0: 0x8000b300 (0xff9ff06f) j       pc - 0x8
core   0: 3 0x8000b300 (0xff9ff06f)
core   0: 0x8000b2f8 (0x00002f17) auipc   t5, 0x2
core   0: 3 0x8000b2f8 (0x00002f17) x30 0x8000d2f8
core   0: 0x8000b2fc (0xd03f2423) sw      gp, -760(t5)
core   0: 3 0x8000b2fc (0xd03f2423) mem 0x8000d000 0x00000001
core   0: 0x8000b300 (0xff9ff06f) j       pc - 0x8
core   0: 3 0x8000b300 (0xff9ff06f)
core   0: 0x8000b2f8 (0x00002f17) auipc   t5, 0x2
core   0: 3 0x8000b2f8 (0x00002f17) x30 0x8000d2f8
core   0: 0x8000b2fc (0xd03f2423) sw      gp, -760(t5)
core   0: 3 0x8000b2fc (0xd03f2423) mem 0x8000d000 0x00000001
core   0: 0x8000b300 (0xff9ff06f) j       pc - 0x8
core   0: 3 0x8000b300 (0xff9ff06f)
core   0: 0x8000b2f8 (0x00002f17) auipc   t5, 0x2
core   0: 3 0x8000b2f8 (0x00002f17) x30 0x8000d2f8
core   0: 0x8000b2fc (0xd03f2423) sw      gp, -760(t5)
core   0: 3 0x8000b2fc (0xd03f2423) mem 0x8000d000 0x00000001
core   0: 0x8000b300 (0xff9ff06f) j       pc - 0x8
core   0: 3 0x8000b300 (0xff9ff06f)
core   0: 0x8000b2f8 (0x00002f17) auipc   t5, 0x2
core   0: 3 0x8000b2f8 (0x00002f17) x30 0x8000d2f8
core   0: 0x8000b2fc (0xd03f2423) sw      gp, -760(t5)
core   0: 3 0x8000b2fc (0xd03f2423) mem 0x8000d000 0x00000001
core   0: 0x8000b300 (0xff9ff06f) j       pc - 0x8
core   0: 3 0x8000b300 (0xff9ff06f)
core   0: 0x8000b2f8 (0x00002f17) auipc   t5, 0x2
core   0: 3 0x8000b2f8 (0x00002f17) x30 0x8000d2f8
core   0: 0x8000b2fc (0xd03f2423) sw      gp, -760(t5)
core   0: 3 0x8000b2fc (0xd03f2423) mem 0x8000d000 0x00000001
core   0: 0x8000b300 (0xff9ff06f) j       pc - 0x8
core   0: 3 0x8000b300 (0xff9ff06f)
core   0: 0x8000b2f8 (0x00002f17) auipc   t5, 0x2
core   0: 3 0x8000b2f8 (0x00002f17) x30 0x8000d2f8
core   0: 0x8000b2fc (0xd03f2423) sw      gp, -760(t5)
core   0: 3 0x8000b2fc (0xd03f2423) mem 0x8000d000 0x00000001
core   0: 0x8000b300 (0xff9ff06f) j       pc - 0x8
core   0: 3 0x8000b300 (0xff9ff06f)
core   0: 0x8000b2f8 (0x00002f17) auipc   t5, 0x2
core   0: 3 0x8000b2f8 (0x00002f17) x30 0x8000d2f8
core   0: 0x8000b2fc (0xd03f2423) sw      gp, -760(t5)
core   0: 3 0x8000b2fc (0xd03f2423) mem 0x8000d000 0x00000001
core   0: 0x8000b300 (0xff9ff06f) j       pc - 0x8
core   0: 3 0x8000b300 (0xff9ff06f)
core   0: 0x8000b2f8 (0x00002f17) auipc   t5, 0x2
core   0: 3 0x8000b2f8 (0x00002f17) x30 0x8000d2f8
core   0: 0x8000b2fc (0xd03f2423) sw      gp, -760(t5)
core   0: 3 0x8000b2fc (0xd03f2423) mem 0x8000d000 0x00000001
core   0: 0x8000b300 (0xff9ff06f) j       pc - 0x8
core   0: 3 0x8000b300 (0xff9ff06f)
core   0: 0x8000b2f8 (0x00002f17) auipc   t5, 0x2
core   0: 3 0x8000b2f8 (0x00002f17) x30 0x8000d2f8
core   0: 0x8000b2fc (0xd03f2423) sw      gp, -760(t5)
core   0: 3 0x8000b2fc (0xd03f2423) mem 0x8000d000 0x00000001
core   0: 0x8000b300 (0xff9ff06f) j       pc - 0x8
core   0: 3 0x8000b300 (0xff9ff06f)
core   0: 0x8000b2f8 (0x00002f17) auipc   t5, 0x2
core   0: 3 0x8000b2f8 (0x00002f17) x30 0x8000d2f8
core   0: 0x8000b2fc (0xd03f2423) sw      gp, -760(t5)
core   0: 3 0x8000b2fc (0xd03f2423) mem 0x8000d000 0x00000001
core   0: 0x8000b300 (0xff9ff06f) j       pc - 0x8
core   0: 3 0x8000b300 (0xff9ff06f)
core   0: 0x8000b2f8 (0x00002f17) auipc   t5, 0x2
core   0: 3 0x8000b2f8 (0x00002f17) x30 0x8000d2f8
core   0: 0x8000b2fc (0xd03f2423) sw      gp, -760(t5)
core   0: 3 0x8000b2fc (0xd03f2423) mem 0x8000d000 0x00000001
core   0: 0x8000b300 (0xff9ff06f) j       pc - 0x8
core   0: 3 0x8000b300 (0xff9ff06f)
core   0: 0x8000b2f8 (0x00002f17) auipc   t5, 0x2
core   0: 3 0x8000b2f8 (0x00002f17) x30 0x8000d2f8
core   0: 0x8000b2fc (0xd03f2423) sw      gp, -760(t5)
core   0: 3 0x8000b2fc (0xd03f2423) mem 0x8000d000 0x00000001
core   0: 0x8000b300 (0xff9ff06f) j       pc - 0x8
core   0: 3 0x8000b300 (0xff9ff06f)
core   0: 0x8000b2f8 (0x00002f17) auipc   t5, 0x2
core   0: 3 0x8000b2f8 (0x00002f17) x30 0x8000d2f8
core   0: 0x8000b2fc (0xd03f2423) sw      gp, -760(t5)
core   0: 3 0x8000b2fc (0xd03f2423) mem 0x8000d000 0x00000001
core   0: 0x8000b300 (0xff9ff06f) j       pc - 0x8
core   0: 3 0x8000b300 (0xff9ff06f)
core   0: 0x8000b2f8 (0x00002f17) auipc   t5, 0x2
core   0: 3 0x8000b2f8 (0x00002f17) x30 0x8000d2f8
core   0: 0x8000b2fc (0xd03f2423) sw      gp, -760(t5)
core   0: 3 0x8000b2fc (0xd03f2423) mem 0x8000d000 0x00000001
core   0: 0x8000b300 (0xff9ff06f) j       pc - 0x8
core   0: 3 0x8000b300 (0xff9ff06f)
core   0: 0x8000b2f8 (0x00002f17) auipc   t5, 0x2
core   0: 3 0x8000b2f8 (0x00002f17) x30 0x8000d2f8
core   0: 0x8000b2fc (0xd03f2423) sw      gp, -760(t5)
core   0: 3 0x8000b2fc (0xd03f2423) mem 0x8000d000 0x00000001
core   0: 0x8000b300 (0xff9ff06f) j       pc - 0x8
core   0: 3 0x8000b300 (0xff9ff06f)
core   0: 0x8000b2f8 (0x00002f17) auipc   t5, 0x2
core   0: 3 0x8000b2f8 (0x00002f17) x30 0x8000d2f8
core   0: 0x8000b2fc (0xd03f2423) sw      gp, -760(t5)
core   0: 3 0x8000b2fc (0xd03f2423) mem 0x8000d000 0x00000001
core   0: 0x8000b300 (0xff9ff06f) j       pc - 0x8
core   0: 3 0x8000b300 (0xff9ff06f)
core   0: 0x8000b2f8 (0x00002f17) auipc   t5, 0x2
core   0: 3 0x8000b2f8 (0x00002f17) x30 0x8000d2f8
core   0: 0x8000b2fc (0xd03f2423) sw      gp, -760(t5)
core   0: 3 0x8000b2fc (0xd03f2423) mem 0x8000d000 0x00000001
core   0: 0x8000b300 (0xff9ff06f) j       pc - 0x8
core   0: 3 0x8000b300 (0xff9ff06f)
core   0: 0x8000b2f8 (0x00002f17) auipc   t5, 0x2
core   0: 3 0x8000b2f8 (0x00002f17) x30 0x8000d2f8
core   0: 0x8000b2fc (0xd03f2423) sw      gp, -760(t5)
core   0: 3 0x8000b2fc (0xd03f2423) mem 0x8000d000 0x00000001
core   0: 0x8000b300 (0xff9ff06f) j       pc - 0x8
core   0: 3 0x8000b300 (0xff9ff06f)
core   0: 0x8000b2f8 (0x00002f17) auipc   t5, 0x2
core   0: 3 0x8000b2f8 (0x00002f17) x30 0x8000d2f8
core   0: 0x8000b2fc (0xd03f2423) sw      gp, -760(t5)
core   0: 3 0x8000b2fc (0xd03f2423) mem 0x8000d000 0x00000001
core   0: 0x8000b300 (0xff9ff06f) j       pc - 0x8
core   0: 3 0x8000b300 (0xff9ff06f)
core   0: 0x8000b2f8 (0x00002f17) auipc   t5, 0x2
core   0: 3 0x8000b2f8 (0x00002f17) x30 0x8000d2f8
core   0: 0x8000b2fc (0xd03f2423) sw      gp, -760(t5)
core   0: 3 0x8000b2fc (0xd03f2423) mem 0x8000d000 0x00000001
core   0: 0x8000b300 (0xff9ff06f) j       pc - 0x8
core   0: 3 0x8000b300 (0xff9ff06f)
core   0: 0x8000b2f8 (0x00002f17) auipc   t5, 0x2
core   0: 3 0x8000b2f8 (0x00002f17) x30 0x8000d2f8
core   0: 0x8000b2fc (0xd03f2423) sw      gp, -760(t5)
core   0: 3 0x8000b2fc (0xd03f2423) mem 0x8000d000 0x00000001
core   0: 0x8000b300 (0xff9ff06f) j       pc - 0x8
core   0: 3 0x8000b300 (0xff9ff06f)
core   0: 0x8000b2f8 (0x00002f17) auipc   t5, 0x2
core   0: 3 0x8000b2f8 (0x00002f17) x30 0x8000d2f8
core   0: 0x8000b2fc (0xd03f2423) sw      gp, -760(t5)
core   0: 3 0x8000b2fc (0xd03f2423) mem 0x8000d000 0x00000001
core   0: 0x8000b300 (0xff9ff06f) j       pc - 0x8
core   0: 3 0x8000b300 (0xff9ff06f)
core   0: 0x8000b2f8 (0x00002f17) auipc   t5, 0x2
core   0: 3 0x8000b2f8 (0x00002f17) x30 0x8000d2f8
core   0: 0x8000b2fc (0xd03f2423) sw      gp, -760(t5)
core   0: 3 0x8000b2fc (0xd03f2423) mem 0x8000d000 0x00000001
core   0: 0x8000b300 (0xff9ff06f) j       pc - 0x8
core   0: 3 0x8000b300 (0xff9ff06f)
core   0: 0x8000b2f8 (0x00002f17) auipc   t5, 0x2
core   0: 3 0x8000b2f8 (0x00002f17) x30 0x8000d2f8
core   0: 0x8000b2fc (0xd03f2423) sw      gp, -760(t5)
core   0: 3 0x8000b2fc (0xd03f2423) mem 0x8000d000 0x00000001
core   0: 0x8000b300 (0xff9ff06f) j       pc - 0x8
core   0: 3 0x8000b300 (0xff9ff06f)
core   0: 0x8000b2f8 (0x00002f17) auipc   t5, 0x2
core   0: 3 0x8000b2f8 (0x00002f17) x30 0x8000d2f8
core   0: 0x8000b2fc (0xd03f2423) sw      gp, -760(t5)
core   0: 3 0x8000b2fc (0xd03f2423) mem 0x8000d000 0x00000001
core   0: 0x8000b300 (0xff9ff06f) j       pc - 0x8
core   0: 3 0x8000b300 (0xff9ff06f)
core   0: 0x8000b2f8 (0x00002f17) auipc   t5, 0x2
core   0: 3 0x8000b2f8 (0x00002f17) x30 0x8000d2f8
core   0: 0x8000b2fc (0xd03f2423) sw      gp, -760(t5)
core   0: 3 0x8000b2fc (0xd03f2423) mem 0x8000d000 0x00000001
core   0: 0x8000b300 (0xff9ff06f) j       pc - 0x8
core   0: 3 0x8000b300 (0xff9ff06f)
core   0: 0x8000b2f8 (0x00002f17) auipc   t5, 0x2
core   0: 3 0x8000b2f8 (0x00002f17) x30 0x8000d2f8
core   0: 0x8000b2fc (0xd03f2423) sw      gp, -760(t5)
core   0: 3 0x8000b2fc (0xd03f2423) mem 0x8000d000 0x00000001
core   0: 0x8000b300 (0xff9ff06f) j       pc - 0x8
core   0: 3 0x8000b300 (0xff9ff06f)
core   0: 0x8000b2f8 (0x00002f17) auipc   t5, 0x2
core   0: 3 0x8000b2f8 (0x00002f17) x30 0x8000d2f8
core   0: 0x8000b2fc (0xd03f2423) sw      gp, -760(t5)
core   0: 3 0x8000b2fc (0xd03f2423) mem 0x8000d000 0x00000001
core   0: 0x8000b300 (0xff9ff06f) j       pc - 0x8
core   0: 3 0x8000b300 (0xff9ff06f)
core   0: 0x8000b2f8 (0x00002f17) auipc   t5, 0x2
core   0: 3 0x8000b2f8 (0x00002f17) x30 0x8000d2f8
core   0: 0x8000b2fc (0xd03f2423) sw      gp, -760(t5)
core   0: 3 0x8000b2fc (0xd03f2423) mem 0x8000d000 0x00000001
core   0: 0x8000b300 (0xff9ff06f) j       pc - 0x8
core   0: 3 0x8000b300 (0xff9ff06f)
core   0: 0x8000b2f8 (0x00002f17) auipc   t5, 0x2
core   0: 3 0x8000b2f8 (0x00002f17) x30 0x8000d2f8
core   0: 0x8000b2fc (0xd03f2423) sw      gp, -760(t5)
core   0: 3 0x8000b2fc (0xd03f2423) mem 0x8000d000 0x00000001
core   0: 0x8000b300 (0xff9ff06f) j       pc - 0x8
core   0: 3 0x8000b300 (0xff9ff06f)
core   0: 0x8000b2f8 (0x00002f17) auipc   t5, 0x2
core   0: 3 0x8000b2f8 (0x00002f17) x30 0x8000d2f8
core   0: 0x8000b2fc (0xd03f2423) sw      gp, -760(t5)
core   0: 3 0x8000b2fc (0xd03f2423) mem 0x8000d000 0x00000001
core   0: 0x8000b300 (0xff9ff06f) j       pc - 0x8
core   0: 3 0x8000b300 (0xff9ff06f)
core   0: 0x8000b2f8 (0x00002f17) auipc   t5, 0x2
core   0: 3 0x8000b2f8 (0x00002f17) x30 0x8000d2f8
core   0: 0x8000b2fc (0xd03f2423) sw      gp, -760(t5)
core   0: 3 0x8000b2fc (0xd03f2423) mem 0x8000d000 0x00000001
core   0: 0x8000b300 (0xff9ff06f) j       pc - 0x8
core   0: 3 0x8000b300 (0xff9ff06f)
core   0: 0x8000b2f8 (0x00002f17) auipc   t5, 0x2
core   0: 3 0x8000b2f8 (0x00002f17) x30 0x8000d2f8
core   0: 0x8000b2fc (0xd03f2423) sw      gp, -760(t5)
core   0: 3 0x8000b2fc (0xd03f2423) mem 0x8000d000 0x00000001
core   0: 0x8000b300 (0xff9ff06f) j       pc - 0x8
core   0: 3 0x8000b300 (0xff9ff06f)
core   0: 0x8000b2f8 (0x00002f17) auipc   t5, 0x2
core   0: 3 0x8000b2f8 (0x00002f17) x30 0x8000d2f8
core   0: 0x8000b2fc (0xd03f2423) sw      gp, -760(t5)
core   0: 3 0x8000b2fc (0xd03f2423) mem 0x8000d000 0x00000001
core   0: 0x8000b300 (0xff9ff06f) j       pc - 0x8
core   0: 3 0x8000b300 (0xff9ff06f)
core   0: 0x8000b2f8 (0x00002f17) auipc   t5, 0x2
core   0: 3 0x8000b2f8 (0x00002f17) x30 0x8000d2f8
core   0: 0x8000b2fc (0xd03f2423) sw      gp, -760(t5)
core   0: 3 0x8000b2fc (0xd03f2423) mem 0x8000d000 0x00000001
core   0: 0x8000b300 (0xff9ff06f) j       pc - 0x8
core   0: 3 0x8000b300 (0xff9ff06f)
core   0: 0x8000b2f8 (0x00002f17) auipc   t5, 0x2
core   0: 3 0x8000b2f8 (0x00002f17) x30 0x8000d2f8
core   0: 0x8000b2fc (0xd03f2423) sw      gp, -760(t5)
core   0: 3 0x8000b2fc (0xd03f2423) mem 0x8000d000 0x00000001
core   0: 0x8000b300 (0xff9ff06f) j       pc - 0x8
core   0: 3 0x8000b300 (0xff9ff06f)
core   0: 0x8000b2f8 (0x00002f17) auipc   t5, 0x2
core   0: 3 0x8000b2f8 (0x00002f17) x30 0x8000d2f8
core   0: 0x8000b2fc (0xd03f2423) sw      gp, -760(t5)
core   0: 3 0x8000b2fc (0xd03f2423) mem 0x8000d000 0x00000001
core   0: 0x8000b300 (0xff9ff06f) j       pc - 0x8
core   0: 3 0x8000b300 (0xff9ff06f)
core   0: 0x8000b2f8 (0x00002f17) auipc   t5, 0x2
core   0: 3 0x8000b2f8 (0x00002f17) x30 0x8000d2f8
core   0: 0x8000b2fc (0xd03f2423) sw      gp, -760(t5)
core   0: 3 0x8000b2fc (0xd03f2423) mem 0x8000d000 0x00000001
core   0: 0x8000b300 (0xff9ff06f) j       pc - 0x8
core   0: 3 0x8000b300 (0xff9ff06f)
core   0: 0x8000b2f8 (0x00002f17) auipc   t5, 0x2
core   0: 3 0x8000b2f8 (0x00002f17) x30 0x8000d2f8
core   0: 0x8000b2fc (0xd03f2423) sw      gp, -760(t5)
core   0: 3 0x8000b2fc (0xd03f2423) mem 0x8000d000 0x00000001
core   0: 0x8000b300 (0xff9ff06f) j       pc - 0x8
core   0: 3 0x8000b300 (0xff9ff06f)
core   0: 0x8000b2f8 (0x00002f17) auipc   t5, 0x2
core   0: 3 0x8000b2f8 (0x00002f17) x30 0x8000d2f8
core   0: 0x8000b2fc (0xd03f2423) sw      gp, -760(t5)
core   0: 3 0x8000b2fc (0xd03f2423) mem 0x8000d000 0x00000001
core   0: 0x8000b300 (0xff9ff06f) j       pc - 0x8
core   0: 3 0x8000b300 (0xff9ff06f)
core   0: 0x8000b2f8 (0x00002f17) auipc   t5, 0x2
core   0: 3 0x8000b2f8 (0x00002f17) x30 0x8000d2f8
core   0: 0x8000b2fc (0xd03f2423) sw      gp, -760(t5)
core   0: 3 0x8000b2fc (0xd03f2423) mem 0x8000d000 0x00000001
core   0: 0x8000b300 (0xff9ff06f) j       pc - 0x8
core   0: 3 0x8000b300 (0xff9ff06f)
core   0: 0x8000b2f8 (0x00002f17) auipc   t5, 0x2
core   0: 3 0x8000b2f8 (0x00002f17) x30 0x8000d2f8
core   0: 0x8000b2fc (0xd03f2423) sw      gp, -760(t5)
core   0: 3 0x8000b2fc (0xd03f2423) mem 0x8000d000 0x00000001
core   0: 0x8000b300 (0xff9ff06f) j       pc - 0x8
core   0: 3 0x8000b300 (0xff9ff06f)
core   0: 0x8000b2f8 (0x00002f17) auipc   t5, 0x2
core   0: 3 0x8000b2f8 (0x00002f17) x30 0x8000d2f8
core   0: 0x8000b2fc (0xd03f2423) sw      gp, -760(t5)
core   0: 3 0x8000b2fc (0xd03f2423) mem 0x8000d000 0x00000001
core   0: 0x8000b300 (0xff9ff06f) j       pc - 0x8
core   0: 3 0x8000b300 (0xff9ff06f)
core   0: 0x8000b2f8 (0x00002f17) auipc   t5, 0x2
core   0: 3 0x8000b2f8 (0x00002f17) x30 0x8000d2f8
core   0: 0x8000b2fc (0xd03f2423) sw      gp, -760(t5)
core   0: 3 0x8000b2fc (0xd03f2423) mem 0x8000d000 0x00000001
core   0: 0x8000b300 (0xff9ff06f) j       pc - 0x8
core   0: 3 0x8000b300 (0xff9ff06f)
core   0: 0x8000b2f8 (0x00002f17) auipc   t5, 0x2
core   0: 3 0x8000b2f8 (0x00002f17) x30 0x8000d2f8
core   0: 0x8000b2fc (0xd03f2423) sw      gp, -760(t5)
core   0: 3 0x8000b2fc (0xd03f2423) mem 0x8000d000 0x00000001
core   0: 0x8000b300 (0xff9ff06f) j       pc - 0x8
core   0: 3 0x8000b300 (0xff9ff06f)
core   0: 0x8000b2f8 (0x00002f17) auipc   t5, 0x2
core   0: 3 0x8000b2f8 (0x00002f17) x30 0x8000d2f8
core   0: 0x8000b2fc (0xd03f2423) sw      gp, -760(t5)
core   0: 3 0x8000b2fc (0xd03f2423) mem 0x8000d000 0x00000001
core   0: 0x8000b300 (0xff9ff06f) j       pc - 0x8
core   0: 3 0x8000b300 (0xff9ff06f)
core   0: 0x8000b2f8 (0x00002f17) auipc   t5, 0x2
core   0: 3 0x8000b2f8 (0x00002f17) x30 0x8000d2f8
core   0: 0x8000b2fc (0xd03f2423) sw      gp, -760(t5)
core   0: 3 0x8000b2fc (0xd03f2423) mem 0x8000d000 0x00000001
core   0: 0x8000b300 (0xff9ff06f) j       pc - 0x8
core   0: 3 0x8000b300 (0xff9ff06f)
core   0: 0x8000b2f8 (0x00002f17) auipc   t5, 0x2
core   0: 3 0x8000b2f8 (0x00002f17) x30 0x8000d2f8
core   0: 0x8000b2fc (0xd03f2423) sw      gp, -760(t5)
core   0: 3 0x8000b2fc (0xd03f2423) mem 0x8000d000 0x00000001
core   0: 0x8000b300 (0xff9ff06f) j       pc - 0x8
core   0: 3 0x8000b300 (0xff9ff06f)
core   0: 0x8000b2f8 (0x00002f17) auipc   t5, 0x2
core   0: 3 0x8000b2f8 (0x00002f17) x30 0x8000d2f8
core   0: 0x8000b2fc (0xd03f2423) sw      gp, -760(t5)
core   0: 3 0x8000b2fc (0xd03f2423) mem 0x8000d000 0x00000001
core   0: 0x8000b300 (0xff9ff06f) j       pc - 0x8
core   0: 3 0x8000b300 (0xff9ff06f)
core   0: 0x8000b2f8 (0x00002f17) auipc   t5, 0x2
core   0: 3 0x8000b2f8 (0x00002f17) x30 0x8000d2f8
core   0: 0x8000b2fc (0xd03f2423) sw      gp, -760(t5)
core   0: 3 0x8000b2fc (0xd03f2423) mem 0x8000d000 0x00000001
core   0: 0x8000b300 (0xff9ff06f) j       pc - 0x8
core   0: 3 0x8000b300 (0xff9ff06f)
core   0: 0x8000b2f8 (0x00002f17) auipc   t5, 0x2
core   0: 3 0x8000b2f8 (0x00002f17) x30 0x8000d2f8
core   0: 0x8000b2fc (0xd03f2423) sw      gp, -760(t5)
core   0: 3 0x8000b2fc (0xd03f2423) mem 0x8000d000 0x00000001
core   0: 0x8000b300 (0xff9ff06f) j       pc - 0x8
core   0: 3 0x8000b300 (0xff9ff06f)
core   0: 0x8000b2f8 (0x00002f17) auipc   t5, 0x2
core   0: 3 0x8000b2f8 (0x00002f17) x30 0x8000d2f8
core   0: 0x8000b2fc (0xd03f2423) sw      gp, -760(t5)
core   0: 3 0x8000b2fc (0xd03f2423) mem 0x8000d000 0x00000001
core   0: 0x8000b300 (0xff9ff06f) j       pc - 0x8
core   0: 3 0x8000b300 (0xff9ff06f)
core   0: 0x8000b2f8 (0x00002f17) auipc   t5, 0x2
core   0: 3 0x8000b2f8 (0x00002f17) x30 0x8000d2f8
core   0: 0x8000b2fc (0xd03f2423) sw      gp, -760(t5)
core   0: 3 0x8000b2fc (0xd03f2423) mem 0x8000d000 0x00000001
core   0: 0x8000b300 (0xff9ff06f) j       pc - 0x8
core   0: 3 0x8000b300 (0xff9ff06f)
core   0: 0x8000b2f8 (0x00002f17) auipc   t5, 0x2
core   0: 3 0x8000b2f8 (0x00002f17) x30 0x8000d2f8
core   0: 0x8000b2fc (0xd03f2423) sw      gp, -760(t5)
core   0: 3 0x8000b2fc (0xd03f2423) mem 0x8000d000 0x00000001
core   0: 0x8000b300 (0xff9ff06f) j       pc - 0x8
core   0: 3 0x8000b300 (0xff9ff06f)
core   0: 0x8000b2f8 (0x00002f17) auipc   t5, 0x2
core   0: 3 0x8000b2f8 (0x00002f17) x30 0x8000d2f8
core   0: 0x8000b2fc (0xd03f2423) sw      gp, -760(t5)
core   0: 3 0x8000b2fc (0xd03f2423) mem 0x8000d000 0x00000001
core   0: 0x8000b300 (0xff9ff06f) j       pc - 0x8
core   0: 3 0x8000b300 (0xff9ff06f)
core   0: 0x8000b2f8 (0x00002f17) auipc   t5, 0x2
core   0: 3 0x8000b2f8 (0x00002f17) x30 0x8000d2f8
core   0: 0x8000b2fc (0xd03f2423) sw      gp, -760(t5)
core   0: 3 0x8000b2fc (0xd03f2423) mem 0x8000d000 0x00000001
core   0: 0x8000b300 (0xff9ff06f) j       pc - 0x8
core   0: 3 0x8000b300 (0xff9ff06f)
core   0: 0x8000b2f8 (0x00002f17) auipc   t5, 0x2
core   0: 3 0x8000b2f8 (0x00002f17) x30 0x8000d2f8
core   0: 0x8000b2fc (0xd03f2423) sw      gp, -760(t5)
core   0: 3 0x8000b2fc (0xd03f2423) mem 0x8000d000 0x00000001
core   0: 0x8000b300 (0xff9ff06f) j       pc - 0x8
core   0: 3 0x8000b300 (0xff9ff06f)
core   0: 0x8000b2f8 (0x00002f17) auipc   t5, 0x2
core   0: 3 0x8000b2f8 (0x00002f17) x30 0x8000d2f8
core   0: 0x8000b2fc (0xd03f2423) sw      gp, -760(t5)
core   0: 3 0x8000b2fc (0xd03f2423) mem 0x8000d000 0x00000001
core   0: 0x8000b300 (0xff9ff06f) j       pc - 0x8
core   0: 3 0x8000b300 (0xff9ff06f)
core   0: 0x8000b2f8 (0x00002f17) auipc   t5, 0x2
core   0: 3 0x8000b2f8 (0x00002f17) x30 0x8000d2f8
core   0: 0x8000b2fc (0xd03f2423) sw      gp, -760(t5)
core   0: 3 0x8000b2fc (0xd03f2423) mem 0x8000d000 0x00000001
core   0: 0x8000b300 (0xff9ff06f) j       pc - 0x8
core   0: 3 0x8000b300 (0xff9ff06f)
core   0: 0x8000b2f8 (0x00002f17) auipc   t5, 0x2
core   0: 3 0x8000b2f8 (0x00002f17) x30 0x8000d2f8
core   0: 0x8000b2fc (0xd03f2423) sw      gp, -760(t5)
core   0: 3 0x8000b2fc (0xd03f2423) mem 0x8000d000 0x00000001
core   0: 0x8000b300 (0xff9ff06f) j       pc - 0x8
core   0: 3 0x8000b300 (0xff9ff06f)
core   0: 0x8000b2f8 (0x00002f17) auipc   t5, 0x2
core   0: 3 0x8000b2f8 (0x00002f17) x30 0x8000d2f8
core   0: 0x8000b2fc (0xd03f2423) sw      gp, -760(t5)
core   0: 3 0x8000b2fc (0xd03f2423) mem 0x8000d000 0x00000001
core   0: 0x8000b300 (0xff9ff06f) j       pc - 0x8
core   0: 3 0x8000b300 (0xff9ff06f)
core   0: 0x8000b2f8 (0x00002f17) auipc   t5, 0x2
core   0: 3 0x8000b2f8 (0x00002f17) x30 0x8000d2f8
core   0: 0x8000b2fc (0xd03f2423) sw      gp, -760(t5)
core   0: 3 0x8000b2fc (0xd03f2423) mem 0x8000d000 0x00000001
core   0: 0x8000b300 (0xff9ff06f) j       pc - 0x8
core   0: 3 0x8000b300 (0xff9ff06f)
core   0: 0x8000b2f8 (0x00002f17) auipc   t5, 0x2
core   0: 3 0x8000b2f8 (0x00002f17) x30 0x8000d2f8
core   0: 0x8000b2fc (0xd03f2423) sw      gp, -760(t5)
core   0: 3 0x8000b2fc (0xd03f2423) mem 0x8000d000 0x00000001
core   0: 0x8000b300 (0xff9ff06f) j       pc - 0x8
core   0: 3 0x8000b300 (0xff9ff06f)
core   0: 0x8000b2f8 (0x00002f17) auipc   t5, 0x2
core   0: 3 0x8000b2f8 (0x00002f17) x30 0x8000d2f8
core   0: 0x8000b2fc (0xd03f2423) sw      gp, -760(t5)
core   0: 3 0x8000b2fc (0xd03f2423) mem 0x8000d000 0x00000001
core   0: 0x8000b300 (0xff9ff06f) j       pc - 0x8
core   0: 3 0x8000b300 (0xff9ff06f)
core   0: 0x8000b2f8 (0x00002f17) auipc   t5, 0x2
core   0: 3 0x8000b2f8 (0x00002f17) x30 0x8000d2f8
core   0: 0x8000b2fc (0xd03f2423) sw      gp, -760(t5)
core   0: 3 0x8000b2fc (0xd03f2423) mem 0x8000d000 0x00000001
core   0: 0x8000b300 (0xff9ff06f) j       pc - 0x8
core   0: 3 0x8000b300 (0xff9ff06f)
core   0: 0x8000b2f8 (0x00002f17) auipc   t5, 0x2
core   0: 3 0x8000b2f8 (0x00002f17) x30 0x8000d2f8
core   0: 0x8000b2fc (0xd03f2423) sw      gp, -760(t5)
core   0: 3 0x8000b2fc (0xd03f2423) mem 0x8000d000 0x00000001
core   0: 0x8000b300 (0xff9ff06f) j       pc - 0x8
core   0: 3 0x8000b300 (0xff9ff06f)
core   0: 0x8000b2f8 (0x00002f17) auipc   t5, 0x2
core   0: 3 0x8000b2f8 (0x00002f17) x30 0x8000d2f8
core   0: 0x8000b2fc (0xd03f2423) sw      gp, -760(t5)
core   0: 3 0x8000b2fc (0xd03f2423) mem 0x8000d000 0x00000001
core   0: 0x8000b300 (0xff9ff06f) j       pc - 0x8
core   0: 3 0x8000b300 (0xff9ff06f)
core   0: 0x8000b2f8 (0x00002f17) auipc   t5, 0x2
core   0: 3 0x8000b2f8 (0x00002f17) x30 0x8000d2f8
core   0: 0x8000b2fc (0xd03f2423) sw      gp, -760(t5)
core   0: 3 0x8000b2fc (0xd03f2423) mem 0x8000d000 0x00000001
core   0: 0x8000b300 (0xff9ff06f) j       pc - 0x8
core   0: 3 0x8000b300 (0xff9ff06f)
core   0: 0x8000b2f8 (0x00002f17) auipc   t5, 0x2
core   0: 3 0x8000b2f8 (0x00002f17) x30 0x8000d2f8
core   0: 0x8000b2fc (0xd03f2423) sw      gp, -760(t5)
core   0: 3 0x8000b2fc (0xd03f2423) mem 0x8000d000 0x00000001
core   0: 0x8000b300 (0xff9ff06f) j       pc - 0x8
core   0: 3 0x8000b300 (0xff9ff06f)
core   0: 0x8000b2f8 (0x00002f17) auipc   t5, 0x2
core   0: 3 0x8000b2f8 (0x00002f17) x30 0x8000d2f8
core   0: 0x8000b2fc (0xd03f2423) sw      gp, -760(t5)
core   0: 3 0x8000b2fc (0xd03f2423) mem 0x8000d000 0x00000001
core   0: 0x8000b300 (0xff9ff06f) j       pc - 0x8
core   0: 3 0x8000b300 (0xff9ff06f)
core   0: 0x8000b2f8 (0x00002f17) auipc   t5, 0x2
core   0: 3 0x8000b2f8 (0x00002f17) x30 0x8000d2f8
core   0: 0x8000b2fc (0xd03f2423) sw      gp, -760(t5)
core   0: 3 0x8000b2fc (0xd03f2423) mem 0x8000d000 0x00000001
core   0: 0x8000b300 (0xff9ff06f) j       pc - 0x8
core   0: 3 0x8000b300 (0xff9ff06f)
core   0: 0x8000b2f8 (0x00002f17) auipc   t5, 0x2
core   0: 3 0x8000b2f8 (0x00002f17) x30 0x8000d2f8
core   0: 0x8000b2fc (0xd03f2423) sw      gp, -760(t5)
core   0: 3 0x8000b2fc (0xd03f2423) mem 0x8000d000 0x00000001
core   0: 0x8000b300 (0xff9ff06f) j       pc - 0x8
core   0: 3 0x8000b300 (0xff9ff06f)
core   0: 0x8000b2f8 (0x00002f17) auipc   t5, 0x2
core   0: 3 0x8000b2f8 (0x00002f17) x30 0x8000d2f8
core   0: 0x8000b2fc (0xd03f2423) sw      gp, -760(t5)
core   0: 3 0x8000b2fc (0xd03f2423) mem 0x8000d000 0x00000001
core   0: 0x8000b300 (0xff9ff06f) j       pc - 0x8
core   0: 3 0x8000b300 (0xff9ff06f)
core   0: 0x8000b2f8 (0x00002f17) auipc   t5, 0x2
core   0: 3 0x8000b2f8 (0x00002f17) x30 0x8000d2f8
core   0: 0x8000b2fc (0xd03f2423) sw      gp, -760(t5)
core   0: 3 0x8000b2fc (0xd03f2423) mem 0x8000d000 0x00000001
core   0: 0x8000b300 (0xff9ff06f) j       pc - 0x8
core   0: 3 0x8000b300 (0xff9ff06f)
core   0: 0x8000b2f8 (0x00002f17) auipc   t5, 0x2
core   0: 3 0x8000b2f8 (0x00002f17) x30 0x8000d2f8
core   0: 0x8000b2fc (0xd03f2423) sw      gp, -760(t5)
core   0: 3 0x8000b2fc (0xd03f2423) mem 0x8000d000 0x00000001
core   0: 0x8000b300 (0xff9ff06f) j       pc - 0x8
core   0: 3 0x8000b300 (0xff9ff06f)
core   0: 0x8000b2f8 (0x00002f17) auipc   t5, 0x2
core   0: 3 0x8000b2f8 (0x00002f17) x30 0x8000d2f8
core   0: 0x8000b2fc (0xd03f2423) sw      gp, -760(t5)
core   0: 3 0x8000b2fc (0xd03f2423) mem 0x8000d000 0x00000001
core   0: 0x8000b300 (0xff9ff06f) j       pc - 0x8
core   0: 3 0x8000b300 (0xff9ff06f)
core   0: 0x8000b2f8 (0x00002f17) auipc   t5, 0x2
core   0: 3 0x8000b2f8 (0x00002f17) x30 0x8000d2f8
core   0: 0x8000b2fc (0xd03f2423) sw      gp, -760(t5)
core   0: 3 0x8000b2fc (0xd03f2423) mem 0x8000d000 0x00000001
core   0: 0x8000b300 (0xff9ff06f) j       pc - 0x8
core   0: 3 0x8000b300 (0xff9ff06f)
core   0: 0x8000b2f8 (0x00002f17) auipc   t5, 0x2
core   0: 3 0x8000b2f8 (0x00002f17) x30 0x8000d2f8
core   0: 0x8000b2fc (0xd03f2423) sw      gp, -760(t5)
core   0: 3 0x8000b2fc (0xd03f2423) mem 0x8000d000 0x00000001
core   0: 0x8000b300 (0xff9ff06f) j       pc - 0x8
core   0: 3 0x8000b300 (0xff9ff06f)
core   0: 0x8000b2f8 (0x00002f17) auipc   t5, 0x2
core   0: 3 0x8000b2f8 (0x00002f17) x30 0x8000d2f8
core   0: 0x8000b2fc (0xd03f2423) sw      gp, -760(t5)
core   0: 3 0x8000b2fc (0xd03f2423) mem 0x8000d000 0x00000001
core   0: 0x8000b300 (0xff9ff06f) j       pc - 0x8
core   0: 3 0x8000b300 (0xff9ff06f)
core   0: 0x8000b2f8 (0x00002f17) auipc   t5, 0x2
core   0: 3 0x8000b2f8 (0x00002f17) x30 0x8000d2f8
core   0: 0x8000b2fc (0xd03f2423) sw      gp, -760(t5)
core   0: 3 0x8000b2fc (0xd03f2423) mem 0x8000d000 0x00000001
