core   0: 0x00001000 (0x00000297) auipc   t0, 0x0
core   0: 3 0x00001000 (0x00000297) x 5 0x00001000
core   0: 0x00001004 (0x02028593) addi    a1, t0, 32
core   0: 3 0x00001004 (0x02028593) x11 0x00001020
core   0: 0x00001008 (0xf1402573) csrr    a0, mhartid
core   0: 3 0x00001008 (0xf1402573) x10 0x00000000
core   0: 0x0000100c (0x0182a283) lw      t0, 24(t0)
core   0: 3 0x0000100c (0x0182a283) x 5 0x80000000 mem 0x00001018
core   0: 0x00001010 (0x00028067) jr      t0
core   0: 3 0x00001010 (0x00028067)
core   0: 0x80000000 (0xf14022f3) csrr    t0, mhartid
core   0: 3 0x80000000 (0xf14022f3) x 5 0x00000000
core   0: 0x80000004 (0x00000313) li      t1, 0
core   0: 3 0x80000004 (0x00000313) x 6 0x00000000
core   0: 0x80000008 (0x00628263) beq     t0, t1, pc + 4
core   0: 3 0x80000008 (0x00628263)
core   0: 0x8000000c (0x00000217) auipc   tp, 0x0
core   0: 3 0x8000000c (0x00000217) x 4 0x8000000c
core   0: 0x80000010 (0x00c20213) addi    tp, tp, 12
core   0: 3 0x80000010 (0x00c20213) x 4 0x80000018
core   0: 0x80000014 (0x00020067) jr      tp
core   0: 3 0x80000014 (0x00020067)
core   0: 0x80000018 (0x40000437) lui     s0, 0x40000
core   0: 3 0x80000018 (0x40000437) x 8 0x40000000
core   0: 0x8000001c (0x10040413) addi    s0, s0, 256
core   0: 3 0x8000001c (0x10040413) x 8 0x40000100
core   0: 0x80000020 (0x30141073) csrw    misa, s0
core   0: 3 0x80000020 (0x30141073) c769_misa 0x40140100
core   0: 0x80000024 (0x00016497) auipc   s1, 0x16
core   0: 3 0x80000024 (0x00016497) x 9 0x80016024
core   0: 0x80000028 (0xcc048493) addi    s1, s1, -832
core   0: 3 0x80000028 (0xcc048493) x 9 0x80015ce4
core   0: 0x8000002c (0x0000c417) auipc   s0, 0xc
core   0: 3 0x8000002c (0x0000c417) x 8 0x8000c02c
core   0: 0x80000030 (0xd7440413) addi    s0, s0, -652
core   0: 3 0x80000030 (0xd7440413) x 8 0x8000bda0
core   0: 0x80000034 (0x00146413) ori     s0, s0, 1
core   0: 3 0x80000034 (0x00146413) x 8 0x8000bda1
core   0: 0x80000038 (0x30541073) csrw    mtvec, s0
core   0: 3 0x80000038 (0x30541073) c773_mtvec 0x8000bda1
core   0: 0x8000003c (0x00000417) auipc   s0, 0x0
core   0: 3 0x8000003c (0x00000417) x 8 0x8000003c
core   0: 0x80000040 (0x02840413) addi    s0, s0, 40
core   0: 3 0x80000040 (0x02840413) x 8 0x80000064
core   0: 0x80000044 (0x34141073) csrw    mepc, s0
core   0: 3 0x80000044 (0x34141073) c833_mepc 0x80000064
core   0: 0x80000048 (0x00000013) nop
core   0: 3 0x80000048 (0x00000013)
core   0: 0x8000004c (0x00002437) lui     s0, 0x2
core   0: 3 0x8000004c (0x00002437) x 8 0x00002000
core   0: 0x80000050 (0x80040413) addi    s0, s0, -2048
core   0: 3 0x80000050 (0x80040413) x 8 0x00001800
core   0: 0x80000054 (0x30041073) csrw    mstatus, s0
core   0: 3 0x80000054 (0x30041073) c768_mstatus 0x00001800
core   0: 0x80000058 (0x00000413) li      s0, 0
core   0: 3 0x80000058 (0x00000413) x 8 0x00000000
core   0: 0x8000005c (0x30441073) csrw    mie, s0
core   0: 3 0x8000005c (0x30441073) c772_mie 0x00000000
core   0: 0x80000060 (0x30200073) mret
core   0: 3 0x80000060 (0x30200073) c768_mstatus 0x00000080
core   0: >>>>  init
core   0: 0x80000064 (0x00300013) li      zero, 3
core   0: 3 0x80000064 (0x00300013)
core   0: 0x80000068 (0x2ca6d0b7) lui     ra, 0x2ca6d
core   0: 3 0x80000068 (0x2ca6d0b7) x 1 0x2ca6d000
core   0: 0x8000006c (0xd6908093) addi    ra, ra, -663
core   0: 3 0x8000006c (0xd6908093) x 1 0x2ca6cd69
core   0: 0x80000070 (0x80000137) lui     sp, 0x80000
core   0: 3 0x80000070 (0x80000137) x 2 0x80000000
core   0: 0x80000074 (0x0c38b1b7) lui     gp, 0xc38b
core   0: 3 0x80000074 (0x0c38b1b7) x 3 0x0c38b000
core   0: 0x80000078 (0x31818193) addi    gp, gp, 792
core   0: 3 0x80000078 (0x31818193) x 3 0x0c38b318
core   0: 0x8000007c (0xfec39237) lui     tp, 0xfec39
core   0: 3 0x8000007c (0xfec39237) x 4 0xfec39000
core   0: 0x80000080 (0x17d20213) addi    tp, tp, 381
core   0: 3 0x80000080 (0x17d20213) x 4 0xfec3917d
core   0: 0x80000084 (0xf10f42b7) lui     t0, 0xf10f4
core   0: 3 0x80000084 (0xf10f42b7) x 5 0xf10f4000
core   0: 0x80000088 (0x44228293) addi    t0, t0, 1090
core   0: 3 0x80000088 (0x44228293) x 5 0xf10f4442
core   0: 0x8000008c (0xfed00337) lui     t1, 0xfed00
core   0: 3 0x8000008c (0xfed00337) x 6 0xfed00000
core   0: 0x80000090 (0x53d30313) addi    t1, t1, 1341
core   0: 3 0x80000090 (0x53d30313) x 6 0xfed0053d
core   0: 0x80000094 (0x00c00413) li      s0, 12
core   0: 3 0x80000094 (0x00c00413) x 8 0x0000000c
core   0: 0x80000098 (0xf8b6b537) lui     a0, 0xf8b6b
core   0: 3 0x80000098 (0xf8b6b537) x10 0xf8b6b000
core   0: 0x8000009c (0xc9150513) addi    a0, a0, -879
core   0: 3 0x8000009c (0xc9150513) x10 0xf8b6ac91
core   0: 0x800000a0 (0x800005b7) lui     a1, 0x80000
core   0: 3 0x800000a0 (0x800005b7) x11 0x80000000
core   0: 0x800000a4 (0x00a00613) li      a2, 10
core   0: 3 0x800000a4 (0x00a00613) x12 0x0000000a
core   0: 0x800000a8 (0xf07926b7) lui     a3, 0xf0792
core   0: 3 0x800000a8 (0xf07926b7) x13 0xf0792000
core   0: 0x800000ac (0xe6068693) addi    a3, a3, -416
core   0: 3 0x800000ac (0xe6068693) x13 0xf0791e60
core   0: 0x800000b0 (0x80000737) lui     a4, 0x80000
core   0: 3 0x800000b0 (0x80000737) x14 0x80000000
core   0: 0x800000b4 (0xb924d7b7) lui     a5, 0xb924d
core   0: 3 0x800000b4 (0xb924d7b7) x15 0xb924d000
core   0: 0x800000b8 (0xa8278793) addi    a5, a5, -1406
core   0: 3 0x800000b8 (0xa8278793) x15 0xb924ca82
core   0: 0x800000bc (0x80000837) lui     a6, 0x80000
core   0: 3 0x800000bc (0x80000837) x16 0x80000000
core   0: 0x800000c0 (0xf6b178b7) lui     a7, 0xf6b17
core   0: 3 0x800000c0 (0xf6b178b7) x17 0xf6b17000
core   0: 0x800000c4 (0x34d88893) addi    a7, a7, 845
core   0: 3 0x800000c4 (0x34d88893) x17 0xf6b1734d
core   0: 0x800000c8 (0x45e40937) lui     s2, 0x45e40
core   0: 3 0x800000c8 (0x45e40937) x18 0x45e40000
core   0: 0x800000cc (0x19b90913) addi    s2, s2, 411
core   0: 3 0x800000cc (0x19b90913) x18 0x45e4019b
core   0: 0x800000d0 (0x907389b7) lui     s3, 0x90738
core   0: 3 0x800000d0 (0x907389b7) x19 0x90738000
core   0: 0x800000d4 (0x43098993) addi    s3, s3, 1072
core   0: 3 0x800000d4 (0x43098993) x19 0x90738430
core   0: 0x800000d8 (0x80000a37) lui     s4, 0x80000
core   0: 3 0x800000d8 (0x80000a37) x20 0x80000000
core   0: 0x800000dc (0x0e09cab7) lui     s5, 0xe09c
core   0: 3 0x800000dc (0x0e09cab7) x21 0x0e09c000
core   0: 0x800000e0 (0x31ca8a93) addi    s5, s5, 796
core   0: 3 0x800000e0 (0x31ca8a93) x21 0x0e09c31c
core   0: 0x800000e4 (0x80000b37) lui     s6, 0x80000
core   0: 3 0x800000e4 (0x80000b37) x22 0x80000000
core   0: 0x800000e8 (0xdca12bb7) lui     s7, 0xdca12
core   0: 3 0x800000e8 (0xdca12bb7) x23 0xdca12000
core   0: 0x800000ec (0x6c9b8b93) addi    s7, s7, 1737
core   0: 3 0x800000ec (0x6c9b8b93) x23 0xdca126c9
core   0: 0x800000f0 (0x17dc7c37) lui     s8, 0x17dc7
core   0: 3 0x800000f0 (0x17dc7c37) x24 0x17dc7000
core   0: 0x800000f4 (0x13fc0c13) addi    s8, s8, 319
core   0: 3 0x800000f4 (0x13fc0c13) x24 0x17dc713f
core   0: 0x800000f8 (0x80000cb7) lui     s9, 0x80000
core   0: 3 0x800000f8 (0x80000cb7) x25 0x80000000
core   0: 0x800000fc (0xf13ffd37) lui     s10, 0xf13ff
core   0: 3 0x800000fc (0xf13ffd37) x26 0xf13ff000
core   0: 0x80000100 (0xe02d0d13) addi    s10, s10, -510
core   0: 3 0x80000100 (0xe02d0d13) x26 0xf13fee02
core   0: 0x80000104 (0xf25eadb7) lui     s11, 0xf25ea
core   0: 3 0x80000104 (0xf25eadb7) x27 0xf25ea000
core   0: 0x80000108 (0x264d8d93) addi    s11, s11, 612
core   0: 3 0x80000108 (0x264d8d93) x27 0xf25ea264
core   0: 0x8000010c (0x00000e13) li      t3, 0
core   0: 3 0x8000010c (0x00000e13) x28 0x00000000
core   0: 0x80000110 (0xf19d8eb7) lui     t4, 0xf19d8
core   0: 3 0x80000110 (0xf19d8eb7) x29 0xf19d8000
core   0: 0x80000114 (0x963e8e93) addi    t4, t4, -1693
core   0: 3 0x80000114 (0x963e8e93) x29 0xf19d7963
core   0: 0x80000118 (0x00000f13) li      t5, 0
core   0: 3 0x80000118 (0x00000f13) x30 0x00000000
core   0: 0x8000011c (0xf7a59fb7) lui     t6, 0xf7a59
core   0: 3 0x8000011c (0xf7a59fb7) x31 0xf7a59000
core   0: 0x80000120 (0x38ff8f93) addi    t6, t6, 911
core   0: 3 0x80000120 (0x38ff8f93) x31 0xf7a5938f
core   0: 0x80000124 (0x00012397) auipc   t2, 0x12
core   0: 3 0x80000124 (0x00012397) x 7 0x80012124
core   0: 0x80000128 (0xd4038393) addi    t2, t2, -704
core   0: 3 0x80000128 (0xd4038393) x 7 0x80011e64
core   0: 0x8000012c (0xfff00e13) li      t3, -1
core   0: 3 0x8000012c (0xfff00e13) x28 0xffffffff
core   0: 0x80000130 (0x00000993) li      s3, 0
core   0: 3 0x80000130 (0x00000993) x19 0x00000000
core   0: 0x80000134 (0x00000693) li      a3, 0
core   0: 3 0x80000134 (0x00000693) x13 0x00000000
core   0: 0x80000138 (0x00000793) li      a5, 0
core   0: 3 0x80000138 (0x00000793) x15 0x00000000
core   0: 0x8000013c (0xfff00513) li      a0, -1
core   0: 3 0x8000013c (0xfff00513) x10 0xffffffff
core   0: 0x80000140 (0x00000d13) li      s10, 0
core   0: 3 0x80000140 (0x00000d13) x26 0x00000000
core   0: 0x80000144 (0x80000ab7) lui     s5, 0x80000
core   0: 3 0x80000144 (0x80000ab7) x21 0x80000000
core   0: 0x80000148 (0x80000b37) lui     s6, 0x80000
core   0: 3 0x80000148 (0x80000b37) x22 0x80000000
core   0: 0x8000014c (0xf7696cb7) lui     s9, 0xf7696
core   0: 3 0x8000014c (0xf7696cb7) x25 0xf7696000
core   0: 0x80000150 (0xe88c8c93) addi    s9, s9, -376
core   0: 3 0x80000150 (0xe88c8c93) x25 0xf7695e88
core   0: 0x80000154 (0xfff00613) li      a2, -1
core   0: 3 0x80000154 (0xfff00613) x12 0xffffffff
core   0: 0x80000158 (0x7e9b5b37) lui     s6, 0x7e9b5
core   0: 3 0x80000158 (0x7e9b5b37) x22 0x7e9b5000
core   0: 0x8000015c (0x01560533) add     a0, a2, s5
core   0: 3 0x8000015c (0x01560533) x10 0x7fffffff
core   0: 0x80000160 (0xbbaf8d37) lui     s10, 0xbbaf8
core   0: 3 0x80000160 (0xbbaf8d37) x26 0xbbaf8000
core   0: 0x80000164 (0x419d0b33) sub     s6, s10, s9
core   0: 3 0x80000164 (0x419d0b33) x22 0xc4462178
core   0: 0x80000168 (0xa9861d37) lui     s10, 0xa9861
core   0: 3 0x80000168 (0xa9861d37) x26 0xa9861000
core   0: 0x8000016c (0x40cb0ab3) sub     s5, s6, a2
core   0: 3 0x8000016c (0x40cb0ab3) x21 0xc4462179
core   0: 0x80000170 (0xcf3e0c93) addi    s9, t3, -781
core   0: 3 0x80000170 (0xcf3e0c93) x25 0xfffffcf2
core   0: 0x80000174 (0x00000013) nop
core   0: 3 0x80000174 (0x00000013)
core   0: 0x80000178 (0x00000013) nop
core   0: 3 0x80000178 (0x00000013)
core   0: 0x8000017c (0xf78c8513) addi    a0, s9, -136
core   0: 3 0x8000017c (0xf78c8513) x10 0xfffffc6a
core   0: 0x80000180 (0x00000013) nop
core   0: 3 0x80000180 (0x00000013)
core   0: 0x80000184 (0x01c60ab3) add     s5, a2, t3
core   0: 3 0x80000184 (0x01c60ab3) x21 0xfffffffe
core   0: 0x80000188 (0x00000013) nop
core   0: 3 0x80000188 (0x00000013)
core   0: 0x8000018c (0x4f905617) auipc   a2, 0x4f905
core   0: 3 0x8000018c (0x4f905617) x12 0xcf90518c
core   0: 0x80000190 (0x00000013) nop
core   0: 3 0x80000190 (0x00000013)
core   0: 0x80000194 (0x019989b3) add     s3, s3, s9
core   0: 3 0x80000194 (0x019989b3) x19 0xfffffcf2
core   0: 0x80000198 (0xf7be0c93) addi    s9, t3, -133
core   0: 3 0x80000198 (0xf7be0c93) x25 0xffffff7a
core   0: 0x8000019c (0x40ae0cb3) sub     s9, t3, a0
core   0: 3 0x8000019c (0x40ae0cb3) x25 0x00000395
core   0: 0x800001a0 (0x415d06b3) sub     a3, s10, s5
core   0: 3 0x800001a0 (0x415d06b3) x13 0xa9861002
core   0: 0x800001a4 (0x015c89b3) add     s3, s9, s5
core   0: 3 0x800001a4 (0x015c89b3) x19 0x00000393
core   0: 0x800001a8 (0xfff00e13) li      t3, -1
core   0: 3 0x800001a8 (0xfff00e13) x28 0xffffffff
core   0: 0x800001ac (0xfff00593) li      a1, -1
core   0: 3 0x800001ac (0xfff00593) x11 0xffffffff
core   0: 0x800001b0 (0x80000737) lui     a4, 0x80000
core   0: 3 0x800001b0 (0x80000737) x14 0x80000000
core   0: 0x800001b4 (0x00000413) li      s0, 0
core   0: 3 0x800001b4 (0x00000413) x 8 0x00000000
core   0: 0x800001b8 (0xfff00613) li      a2, -1
core   0: 3 0x800001b8 (0xfff00613) x12 0xffffffff
core   0: 0x800001bc (0xbbbc4eb7) lui     t4, 0xbbbc4
core   0: 3 0x800001bc (0xbbbc4eb7) x29 0xbbbc4000
core   0: 0x800001c0 (0xf43e8e93) addi    t4, t4, -189
core   0: 3 0x800001c0 (0xf43e8e93) x29 0xbbbc3f43
core   0: 0x800001c4 (0xfff00c13) li      s8, -1
core   0: 3 0x800001c4 (0xfff00c13) x24 0xffffffff
core   0: 0x800001c8 (0xfff00f13) li      t5, -1
core   0: 3 0x800001c8 (0xfff00f13) x30 0xffffffff
core   0: 0x800001cc (0x80000537) lui     a0, 0x80000
core   0: 3 0x800001cc (0x80000537) x10 0x80000000
core   0: 0x800001d0 (0x80000d37) lui     s10, 0x80000
core   0: 3 0x800001d0 (0x80000d37) x26 0x80000000
core   0: 0x800001d4 (0x2eb34c17) auipc   s8, 0x2eb34
core   0: 3 0x800001d4 (0x2eb34c17) x24 0xaeb341d4
core   0: 0x800001d8 (0x41e58eb3) sub     t4, a1, t5
core   0: 3 0x800001d8 (0x41e58eb3) x29 0x00000000
core   0: 0x800001dc (0x603a7537) lui     a0, 0x603a7
core   0: 3 0x800001dc (0x603a7537) x10 0x603a7000
core   0: 0x800001e0 (0xf4bbe637) lui     a2, 0xf4bbe
core   0: 3 0x800001e0 (0xf4bbe637) x12 0xf4bbe000
core   0: 0x800001e4 (0x00000013) nop
core   0: 3 0x800001e4 (0x00000013)
core   0: 0x800001e8 (0x40b58eb3) sub     t4, a1, a1
core   0: 3 0x800001e8 (0x40b58eb3) x29 0x00000000
core   0: 0x800001ec (0x00000013) nop
core   0: 3 0x800001ec (0x00000013)
core   0: 0x800001f0 (0xb9adcc17) auipc   s8, 0xb9adc
core   0: 3 0x800001f0 (0xb9adcc17) x24 0x39adc1f0
core   0: 0x800001f4 (0x00000013) nop
core   0: 3 0x800001f4 (0x00000013)
core   0: 0x800001f8 (0xd2d5c597) auipc   a1, 0xd2d5c
core   0: 3 0x800001f8 (0xd2d5c597) x11 0x52d5c1f8
core   0: 0x800001fc (0x97226e37) lui     t3, 0x97226
core   0: 3 0x800001fc (0x97226e37) x28 0x97226000
core   0: 0x80000200 (0x489cef17) auipc   t5, 0x489ce
core   0: 3 0x80000200 (0x489cef17) x30 0xc89ce200
core   0: 0x80000204 (0x05a2fe97) auipc   t4, 0x5a2f
core   0: 3 0x80000204 (0x05a2fe97) x29 0x85a2f204
core   0: 0x80000208 (0x055a5c37) lui     s8, 0x55a5
core   0: 3 0x80000208 (0x055a5c37) x24 0x055a5000
core   0: 0x8000020c (0x00000013) nop
core   0: 3 0x8000020c (0x00000013)
core   0: 0x80000210 (0x41dd0eb3) sub     t4, s10, t4
core   0: 3 0x80000210 (0x41dd0eb3) x29 0xfa5d0dfc
core   0: 0x80000214 (0x00000013) nop
core   0: 3 0x80000214 (0x00000013)
core   0: 0x80000218 (0x01ac05b3) add     a1, s8, s10
core   0: 3 0x80000218 (0x01ac05b3) x11 0x855a5000
core   0: 0x8000021c (0x2f588437) lui     s0, 0x2f588
core   0: 3 0x8000021c (0x2f588437) x 8 0x2f588000
core   0: 0x80000220 (0x03b5fe37) lui     t3, 0x3b5f
core   0: 3 0x80000220 (0x03b5fe37) x28 0x03b5f000
core   0: 0x80000224 (0xafdf0593) addi    a1, t5, -1283
core   0: 3 0x80000224 (0xafdf0593) x11 0xc89cdcfd
core   0: 0x80000228 (0x80000cb7) lui     s9, 0x80000
core   0: 3 0x80000228 (0x80000cb7) x25 0x80000000
core   0: 0x8000022c (0xfff00093) li      ra, -1
core   0: 3 0x8000022c (0xfff00093) x 1 0xffffffff
core   0: 0x80000230 (0x2db13a37) lui     s4, 0x2db13
core   0: 3 0x80000230 (0x2db13a37) x20 0x2db13000
core   0: 0x80000234 (0x1cda0a13) addi    s4, s4, 461
core   0: 3 0x80000234 (0x1cda0a13) x20 0x2db131cd
core   0: 0x80000238 (0xfff00d93) li      s11, -1
core   0: 3 0x80000238 (0xfff00d93) x27 0xffffffff
core   0: 0x8000023c (0xfff00913) li      s2, -1
core   0: 3 0x8000023c (0xfff00913) x18 0xffffffff
core   0: 0x80000240 (0x00000193) li      gp, 0
core   0: 3 0x80000240 (0x00000193) x 3 0x00000000
core   0: 0x80000244 (0x63b14ab7) lui     s5, 0x63b14
core   0: 3 0x80000244 (0x63b14ab7) x21 0x63b14000
core   0: 0x80000248 (0x270a8a93) addi    s5, s5, 624
core   0: 3 0x80000248 (0x270a8a93) x21 0x63b14270
core   0: 0x8000024c (0x80000bb7) lui     s7, 0x80000
core   0: 3 0x8000024c (0x80000bb7) x23 0x80000000
core   0: 0x80000250 (0x4f388137) lui     sp, 0x4f388
core   0: 3 0x80000250 (0x4f388137) x 2 0x4f388000
core   0: 0x80000254 (0x45310113) addi    sp, sp, 1107
core   0: 3 0x80000254 (0x45310113) x 2 0x4f388453
core   0: 0x80000258 (0x00000e13) li      t3, 0
core   0: 3 0x80000258 (0x00000e13) x28 0x00000000
core   0: 0x8000025c (0xa6e08c93) addi    s9, ra, -1426
core   0: 3 0x8000025c (0xa6e08c93) x25 0xfffffa6d
core   0: 0x80000260 (0xaab08a93) addi    s5, ra, -1365
core   0: 3 0x80000260 (0xaab08a93) x21 0xfffffaaa
core   0: 0x80000264 (0x2f641cb7) lui     s9, 0x2f641
core   0: 3 0x80000264 (0x2f641cb7) x25 0x2f641000
core   0: 0x80000268 (0x00000013) nop
core   0: 3 0x80000268 (0x00000013)
core   0: 0x8000026c (0x415c8cb3) sub     s9, s9, s5
core   0: 3 0x8000026c (0x415c8cb3) x25 0x2f641556
core   0: 0x80000270 (0x40b3e137) lui     sp, 0x40b3e
core   0: 3 0x80000270 (0x40b3e137) x 2 0x40b3e000
core   0: 0x80000274 (0x01b90ab3) add     s5, s2, s11
core   0: 3 0x80000274 (0x01b90ab3) x21 0xfffffffe
core   0: 0x80000278 (0x00390db3) add     s11, s2, gp
core   0: 3 0x80000278 (0x00390db3) x27 0xffffffff
core   0: 0x8000027c (0xad7a0c93) addi    s9, s4, -1321
core   0: 3 0x8000027c (0xad7a0c93) x25 0x2db12ca4
core   0: 0x80000280 (0x00000013) nop
core   0: 3 0x80000280 (0x00000013)
core   0: 0x80000284 (0x00000013) nop
core   0: 3 0x80000284 (0x00000013)
core   0: 0x80000288 (0x49d10d93) addi    s11, sp, 1181
core   0: 3 0x80000288 (0x49d10d93) x27 0x40b3e49d
core   0: 0x8000028c (0x01be0db3) add     s11, t3, s11
core   0: 3 0x8000028c (0x01be0db3) x27 0x40b3e49d
core   0: 0x80000290 (0xb1210e13) addi    t3, sp, -1262
core   0: 3 0x80000290 (0xb1210e13) x28 0x40b3db12
core   0: 0x80000294 (0x4f518b93) addi    s7, gp, 1269
core   0: 3 0x80000294 (0x4f518b93) x23 0x000004f5
core   0: 0x80000298 (0x6ad51437) lui     s0, 0x6ad51
core   0: 3 0x80000298 (0x6ad51437) x 8 0x6ad51000
core   0: 0x8000029c (0x96940413) addi    s0, s0, -1687
core   0: 3 0x8000029c (0x96940413) x 8 0x6ad50969
core   0: 0x800002a0 (0x00000f93) li      t6, 0
core   0: 3 0x800002a0 (0x00000f93) x31 0x00000000
core   0: 0x800002a4 (0xfff00913) li      s2, -1
core   0: 3 0x800002a4 (0xfff00913) x18 0xffffffff
core   0: 0x800002a8 (0xb5a8fe37) lui     t3, 0xb5a8f
core   0: 3 0x800002a8 (0xb5a8fe37) x28 0xb5a8f000
core   0: 0x800002ac (0xc61e0e13) addi    t3, t3, -927
core   0: 3 0x800002ac (0xc61e0e13) x28 0xb5a8ec61
core   0: 0x800002b0 (0x80000ab7) lui     s5, 0x80000
core   0: 3 0x800002b0 (0x80000ab7) x21 0x80000000
core   0: 0x800002b4 (0x56912137) lui     sp, 0x56912
core   0: 3 0x800002b4 (0x56912137) x 2 0x56912000
core   0: 0x800002b8 (0x38110113) addi    sp, sp, 897
core   0: 3 0x800002b8 (0x38110113) x 2 0x56912381
core   0: 0x800002bc (0x4ec4dc37) lui     s8, 0x4ec4d
core   0: 3 0x800002bc (0x4ec4dc37) x24 0x4ec4d000
core   0: 0x800002c0 (0xa1ac0c13) addi    s8, s8, -1510
core   0: 3 0x800002c0 (0xa1ac0c13) x24 0x4ec4ca1a
core   0: 0x800002c4 (0x80000537) lui     a0, 0x80000
core   0: 3 0x800002c4 (0x80000537) x10 0x80000000
core   0: 0x800002c8 (0x261e0837) lui     a6, 0x261e0
core   0: 3 0x800002c8 (0x261e0837) x16 0x261e0000
core   0: 0x800002cc (0x21b80813) addi    a6, a6, 539
core   0: 3 0x800002cc (0x21b80813) x16 0x261e021b
core   0: 0x800002d0 (0xfff00e93) li      t4, -1
core   0: 3 0x800002d0 (0xfff00e93) x29 0xffffffff
core   0: 0x800002d4 (0x55b02fb7) lui     t6, 0x55b02
core   0: 3 0x800002d4 (0x55b02fb7) x31 0x55b02000
core   0: 0x800002d8 (0x1cef1937) lui     s2, 0x1cef1
core   0: 3 0x800002d8 (0x1cef1937) x18 0x1cef1000
core   0: 0x800002dc (0xcc427c17) auipc   s8, 0xcc427
core   0: 3 0x800002dc (0xcc427c17) x24 0x4c4272dc
core   0: 0x800002e0 (0x41810c33) sub     s8, sp, s8
core   0: 3 0x800002e0 (0x41810c33) x24 0x0a4eb0a5
core   0: 0x800002e4 (0x00000013) nop
core   0: 3 0x800002e4 (0x00000013)
core   0: 0x800002e8 (0x012a8433) add     s0, s5, s2
core   0: 3 0x800002e8 (0x012a8433) x 8 0x9cef1000
core   0: 0x800002ec (0x9f5b5137) lui     sp, 0x9f5b5
core   0: 3 0x800002ec (0x9f5b5137) x 2 0x9f5b5000
core   0: 0x800002f0 (0x01580eb3) add     t4, a6, s5
core   0: 3 0x800002f0 (0x01580eb3) x29 0xa61e021b
core   0: 0x800002f4 (0xc761c937) lui     s2, 0xc761c
core   0: 3 0x800002f4 (0xc761c937) x18 0xc761c000
core   0: 0x800002f8 (0x415e8e33) sub     t3, t4, s5
core   0: 3 0x800002f8 (0x415e8e33) x28 0x261e021b
core   0: 0x800002fc (0xc1963417) auipc   s0, 0xc1963
core   0: 3 0x800002fc (0xc1963417) x 8 0x419632fc
core   0: 0x80000300 (0x00000013) nop
core   0: 3 0x80000300 (0x00000013)
core   0: 0x80000304 (0x00000013) nop
core   0: 3 0x80000304 (0x00000013)
core   0: 0x80000308 (0x01fa8c33) add     s8, s5, t6
core   0: 3 0x80000308 (0x01fa8c33) x24 0xd5b02000
core   0: 0x8000030c (0x00ae8433) add     s0, t4, a0
core   0: 3 0x8000030c (0x00ae8433) x 8 0x261e021b
core   0: 0x80000310 (0x60eef537) lui     a0, 0x60eef
core   0: 3 0x80000310 (0x60eef537) x10 0x60eef000
core   0: 0x80000314 (0x41290ab3) sub     s5, s2, s2
core   0: 3 0x80000314 (0x41290ab3) x21 0x00000000
core   0: 0x80000318 (0x00000013) nop
core   0: 3 0x80000318 (0x00000013)
core   0: 0x8000031c (0x7faf8513) addi    a0, t6, 2042
core   0: 3 0x8000031c (0x7faf8513) x10 0x55b027fa
core   0: 0x80000320 (0x00000013) nop
core   0: 3 0x80000320 (0x00000013)
core   0: 0x80000324 (0x408f8533) sub     a0, t6, s0
core   0: 3 0x80000324 (0x408f8533) x10 0x2f921de5
core   0: 0x80000328 (0x00000013) nop
core   0: 3 0x80000328 (0x00000013)
core   0: 0x8000032c (0x9ead7e17) auipc   t3, 0x9ead7
core   0: 3 0x8000032c (0x9ead7e17) x28 0x1ead732c
core   0: 0x80000330 (0x41840ab3) sub     s5, s0, s8
core   0: 3 0x80000330 (0x41840ab3) x21 0x506de21b
core   0: 0x80000334 (0x4f616e37) lui     t3, 0x4f616
core   0: 3 0x80000334 (0x4f616e37) x28 0x4f616000
core   0: 0x80000338 (0x01c90133) add     sp, s2, t3
core   0: 3 0x80000338 (0x01c90133) x 2 0x16c32000
core   0: 0x8000033c (0xdf6e0113) addi    sp, t3, -522
core   0: 3 0x8000033c (0xdf6e0113) x 2 0x4f615df6
core   0: 0x80000340 (0xa7914f97) auipc   t6, 0xa7914
core   0: 3 0x80000340 (0xa7914f97) x31 0x27914340
core   0: 0x80000344 (0xa3fc1537) lui     a0, 0xa3fc1
core   0: 3 0x80000344 (0xa3fc1537) x10 0xa3fc1000
core   0: 0x80000348 (0xfff00d13) li      s10, -1
core   0: 3 0x80000348 (0xfff00d13) x26 0xffffffff
core   0: 0x8000034c (0x44cc2eb7) lui     t4, 0x44cc2
core   0: 3 0x8000034c (0x44cc2eb7) x29 0x44cc2000
core   0: 0x80000350 (0x641e8e93) addi    t4, t4, 1601
core   0: 3 0x80000350 (0x641e8e93) x29 0x44cc2641
core   0: 0x80000354 (0xfff00c93) li      s9, -1
core   0: 3 0x80000354 (0xfff00c93) x25 0xffffffff
core   0: 0x80000358 (0xf96affb7) lui     t6, 0xf96af
core   0: 3 0x80000358 (0xf96affb7) x31 0xf96af000
core   0: 0x8000035c (0x98ff8f93) addi    t6, t6, -1649
core   0: 3 0x8000035c (0x98ff8f93) x31 0xf96ae98f
core   0: 0x80000360 (0x80000bb7) lui     s7, 0x80000
core   0: 3 0x80000360 (0x80000bb7) x23 0x80000000
core   0: 0x80000364 (0xfff00893) li      a7, -1
core   0: 3 0x80000364 (0xfff00893) x17 0xffffffff
core   0: 0x80000368 (0x80000337) lui     t1, 0x80000
core   0: 3 0x80000368 (0x80000337) x 6 0x80000000
core   0: 0x8000036c (0x80000ab7) lui     s5, 0x80000
core   0: 3 0x8000036c (0x80000ab7) x21 0x80000000
core   0: 0x80000370 (0xf97eb1b7) lui     gp, 0xf97eb
core   0: 3 0x80000370 (0xf97eb1b7) x 3 0xf97eb000
core   0: 0x80000374 (0xf5618193) addi    gp, gp, -170
core   0: 3 0x80000374 (0xf5618193) x 3 0xf97eaf56
core   0: 0x80000378 (0xeff5a9b7) lui     s3, 0xeff5a
core   0: 3 0x80000378 (0xeff5a9b7) x19 0xeff5a000
core   0: 0x8000037c (0x0f698993) addi    s3, s3, 246
core   0: 3 0x8000037c (0x0f698993) x19 0xeff5a0f6
core   0: 0x80000380 (0x003b8cb3) add     s9, s7, gp
core   0: 3 0x80000380 (0x003b8cb3) x25 0x797eaf56
core   0: 0x80000384 (0x01aa8333) add     t1, s5, s10
core   0: 3 0x80000384 (0x01aa8333) x 6 0x7fffffff
core   0: 0x80000388 (0xe014c337) lui     t1, 0xe014c
core   0: 3 0x80000388 (0xe014c337) x 6 0xe014c000
core   0: 0x8000038c (0x9c0c2e97) auipc   t4, 0x9c0c2
core   0: 3 0x8000038c (0x9c0c2e97) x29 0x1c0c238c
core   0: 0x80000390 (0x7fc30313) addi    t1, t1, 2044
core   0: 3 0x80000390 (0x7fc30313) x 6 0xe014c7fc
core   0: 0x80000394 (0x40698333) sub     t1, s3, t1
core   0: 3 0x80000394 (0x40698333) x 6 0x0fe0d8fa
core   0: 0x80000398 (0xecde8193) addi    gp, t4, -307
core   0: 3 0x80000398 (0xecde8193) x 3 0x1c0c2259
core   0: 0x8000039c (0x00000013) nop
core   0: 3 0x8000039c (0x00000013)
core   0: 0x800003a0 (0x4ecb8d13) addi    s10, s7, 1260
core   0: 3 0x800003a0 (0x4ecb8d13) x26 0x800004ec
core   0: 0x800003a4 (0xa5f63e97) auipc   t4, 0xa5f63
core   0: 3 0x800003a4 (0xa5f63e97) x29 0x25f633a4
core   0: 0x800003a8 (0x00000013) nop
core   0: 3 0x800003a8 (0x00000013)
core   0: 0x800003ac (0x02aa5a97) auipc   s5, 0x2aa5
core   0: 3 0x800003ac (0x02aa5a97) x21 0x82aa53ac
core   0: 0x800003b0 (0x003c8d33) add     s10, s9, gp
core   0: 3 0x800003b0 (0x003c8d33) x26 0x958ad1af
core   0: 0x800003b4 (0x00000013) nop
core   0: 3 0x800003b4 (0x00000013)
core   0: 0x800003b8 (0xa0b1b8b7) lui     a7, 0xa0b1b
core   0: 3 0x800003b8 (0xa0b1b8b7) x17 0xa0b1b000
core   0: 0x800003bc (0x01530d33) add     s10, t1, s5
core   0: 3 0x800003bc (0x01530d33) x26 0x928b2ca6
core   0: 0x800003c0 (0x1600fe97) auipc   t4, 0x1600f
core   0: 3 0x800003c0 (0x1600fe97) x29 0x9600f3c0
core   0: 0x800003c4 (0x3dddc317) auipc   t1, 0x3dddc
core   0: 3 0x800003c4 (0x3dddc317) x 6 0xbdddc3c4
core   0: 0x800003c8 (0xe7b5abb7) lui     s7, 0xe7b5a
core   0: 3 0x800003c8 (0xe7b5abb7) x23 0xe7b5a000
core   0: 0x800003cc (0x013c89b3) add     s3, s9, s3
core   0: 3 0x800003cc (0x013c89b3) x19 0x6974504c
core   0: 0x800003d0 (0x83073317) auipc   t1, 0x83073
core   0: 3 0x800003d0 (0x83073317) x 6 0x030733d0
core   0: 0x800003d4 (0x01530e93) addi    t4, t1, 21
core   0: 3 0x800003d4 (0x01530e93) x29 0x030733e5
core   0: 0x800003d8 (0x41ff8333) sub     t1, t6, t6
core   0: 3 0x800003d8 (0x41ff8333) x 6 0x00000000
core   0: 0x800003dc (0x00000013) nop
core   0: 3 0x800003dc (0x00000013)
core   0: 0x800003e0 (0x017d0d33) add     s10, s10, s7
core   0: 3 0x800003e0 (0x017d0d33) x26 0x7a40cca6
core   0: 0x800003e4 (0xd01a8313) addi    t1, s5, -767
core   0: 3 0x800003e4 (0xd01a8313) x 6 0x82aa50ad
core   0: 0x800003e8 (0x00000013) nop
core   0: 3 0x800003e8 (0x00000013)
core   0: 0x800003ec (0x00000013) nop
core   0: 3 0x800003ec (0x00000013)
core   0: 0x800003f0 (0x015e88b3) add     a7, t4, s5
core   0: 3 0x800003f0 (0x015e88b3) x17 0x85b18791
core   0: 0x800003f4 (0x00000d93) li      s11, 0
core   0: 3 0x800003f4 (0x00000d93) x27 0x00000000
core   0: 0x800003f8 (0xfff00313) li      t1, -1
core   0: 3 0x800003f8 (0xfff00313) x 6 0xffffffff
core   0: 0x800003fc (0x00000c13) li      s8, 0
core   0: 3 0x800003fc (0x00000c13) x24 0x00000000
core   0: 0x80000400 (0xfff00193) li      gp, -1
core   0: 3 0x80000400 (0xfff00193) x 3 0xffffffff
core   0: 0x80000404 (0x00000a13) li      s4, 0
core   0: 3 0x80000404 (0x00000a13) x20 0x00000000
core   0: 0x80000408 (0xfff00093) li      ra, -1
core   0: 3 0x80000408 (0xfff00093) x 1 0xffffffff
core   0: 0x8000040c (0x800006b7) lui     a3, 0x80000
core   0: 3 0x8000040c (0x800006b7) x13 0x80000000
core   0: 0x80000410 (0x75047437) lui     s0, 0x75047
core   0: 3 0x80000410 (0x75047437) x 8 0x75047000
core   0: 0x80000414 (0xf3640413) addi    s0, s0, -202
core   0: 3 0x80000414 (0xf3640413) x 8 0x75046f36
core   0: 0x80000418 (0xfff00a93) li      s5, -1
core   0: 3 0x80000418 (0xfff00a93) x21 0xffffffff
core   0: 0x8000041c (0x00000513) li      a0, 0
core   0: 3 0x8000041c (0x00000513) x10 0x00000000
core   0: 0x80000420 (0x00dd8433) add     s0, s11, a3
core   0: 3 0x80000420 (0x00dd8433) x 8 0x80000000
core   0: 0x80000424 (0x40a400b3) sub     ra, s0, a0
core   0: 3 0x80000424 (0x40a400b3) x 1 0x80000000
core   0: 0x80000428 (0x171e3a97) auipc   s5, 0x171e3
core   0: 3 0x80000428 (0x171e3a97) x21 0x971e3428
core   0: 0x8000042c (0xce1e3c17) auipc   s8, 0xce1e3
core   0: 3 0x8000042c (0xce1e3c17) x24 0x4e1e342c
core   0: 0x80000430 (0x9e540093) addi    ra, s0, -1563
core   0: 3 0x80000430 (0x9e540093) x 1 0x7ffff9e5
core   0: 0x80000434 (0x8336ad97) auipc   s11, 0x8336a
core   0: 3 0x80000434 (0x8336ad97) x27 0x0336a434
core   0: 0x80000438 (0xba9a0a93) addi    s5, s4, -1111
core   0: 3 0x80000438 (0xba9a0a93) x21 0xfffffba9
core   0: 0x8000043c (0x9b808093) addi    ra, ra, -1608
core   0: 3 0x8000043c (0x9b808093) x 1 0x7ffff39d
core   0: 0x80000440 (0x00000013) nop
core   0: 3 0x80000440 (0x00000013)
core   0: 0x80000444 (0xfd9d8513) addi    a0, s11, -39
core   0: 3 0x80000444 (0xfd9d8513) x10 0x0336a40d
core   0: 0x80000448 (0x009e01b7) lui     gp, 0x9e0
core   0: 3 0x80000448 (0x009e01b7) x 3 0x009e0000
core   0: 0x8000044c (0x006086b3) add     a3, ra, t1
core   0: 3 0x8000044c (0x006086b3) x13 0x7ffff39c
core   0: 0x80000450 (0x00000013) nop
core   0: 3 0x80000450 (0x00000013)
core   0: 0x80000454 (0x3a30a697) auipc   a3, 0x3a30a
core   0: 3 0x80000454 (0x3a30a697) x13 0xba30a454
core   0: 0x80000458 (0x34ff9c37) lui     s8, 0x34ff9
core   0: 3 0x80000458 (0x34ff9c37) x24 0x34ff9000
core   0: 0x8000045c (0x00dd8a33) add     s4, s11, a3
core   0: 3 0x8000045c (0x00dd8a33) x20 0xbd674888
core   0: 0x80000460 (0xfab19317) auipc   t1, 0xfab19
core   0: 3 0x80000460 (0xfab19317) x 6 0x7ab19460
core   0: 0x80000464 (0x00000013) nop
core   0: 3 0x80000464 (0x00000013)
core   0: 0x80000468 (0x214efd97) auipc   s11, 0x214ef
core   0: 3 0x80000468 (0x214efd97) x27 0xa14ef468
core   0: 0x8000046c (0x8a39ea37) lui     s4, 0x8a39e
core   0: 3 0x8000046c (0x8a39ea37) x20 0x8a39e000
core   0: 0x80000470 (0x04a1b337) lui     t1, 0x4a1b
core   0: 3 0x80000470 (0x04a1b337) x 6 0x04a1b000
core   0: 0x80000474 (0x006186b3) add     a3, gp, t1
core   0: 3 0x80000474 (0x006186b3) x13 0x053fb000
core   0: 0x80000478 (0x006c0a33) add     s4, s8, t1
core   0: 3 0x80000478 (0x006c0a33) x20 0x39a14000
core   0: 0x8000047c (0x003a0ab3) add     s5, s4, gp
core   0: 3 0x8000047c (0x003a0ab3) x21 0x3a3f4000
core   0: 0x80000480 (0xc6edfa37) lui     s4, 0xc6edf
core   0: 3 0x80000480 (0xc6edfa37) x20 0xc6edf000
core   0: 0x80000484 (0x00000013) nop
core   0: 3 0x80000484 (0x00000013)
core   0: 0x80000488 (0x615a3a37) lui     s4, 0x615a3
core   0: 3 0x80000488 (0x615a3a37) x20 0x615a3000
core   0: 0x8000048c (0x015a8c33) add     s8, s5, s5
core   0: 3 0x8000048c (0x015a8c33) x24 0x747e8000
core   0: 0x80000490 (0xfff00913) li      s2, -1
core   0: 3 0x80000490 (0xfff00913) x18 0xffffffff
core   0: 0x80000494 (0x00000313) li      t1, 0
core   0: 3 0x80000494 (0x00000313) x 6 0x00000000
core   0: 0x80000498 (0xfff00293) li      t0, -1
core   0: 3 0x80000498 (0xfff00293) x 5 0xffffffff
core   0: 0x8000049c (0x800001b7) lui     gp, 0x80000
core   0: 3 0x8000049c (0x800001b7) x 3 0x80000000
core   0: 0x800004a0 (0x00000e93) li      t4, 0
core   0: 3 0x800004a0 (0x00000e93) x29 0x00000000
core   0: 0x800004a4 (0x80000cb7) lui     s9, 0x80000
core   0: 3 0x800004a4 (0x80000cb7) x25 0x80000000
core   0: 0x800004a8 (0x00000b93) li      s7, 0
core   0: 3 0x800004a8 (0x00000b93) x23 0x00000000
core   0: 0x800004ac (0xfff00593) li      a1, -1
core   0: 3 0x800004ac (0xfff00593) x11 0xffffffff
core   0: 0x800004b0 (0xfff00c13) li      s8, -1
core   0: 3 0x800004b0 (0xfff00c13) x24 0xffffffff
core   0: 0x800004b4 (0xfff00813) li      a6, -1
core   0: 3 0x800004b4 (0xfff00813) x16 0xffffffff
core   0: 0x800004b8 (0x6ec94317) auipc   t1, 0x6ec94
core   0: 3 0x800004b8 (0x6ec94317) x 6 0xeec944b8
core   0: 0x800004bc (0x419c8eb3) sub     t4, s9, s9
core   0: 3 0x800004bc (0x419c8eb3) x29 0x00000000
core   0: 0x800004c0 (0x2c828b93) addi    s7, t0, 712
core   0: 3 0x800004c0 (0x2c828b93) x23 0x000002c7
core   0: 0x800004c4 (0x00000013) nop
core   0: 3 0x800004c4 (0x00000013)
core   0: 0x800004c8 (0xe75c0913) addi    s2, s8, -395
core   0: 3 0x800004c8 (0xe75c0913) x18 0xfffffe74
core   0: 0x800004cc (0x4ed58c13) addi    s8, a1, 1261
core   0: 3 0x800004cc (0x4ed58c13) x24 0x000004ec
core   0: 0x800004d0 (0x74033317) auipc   t1, 0x74033
core   0: 3 0x800004d0 (0x74033317) x 6 0xf40334d0
core   0: 0x800004d4 (0xe5eb8eb7) lui     t4, 0xe5eb8
core   0: 3 0x800004d4 (0xe5eb8eb7) x29 0xe5eb8000
core   0: 0x800004d8 (0xa7cb7817) auipc   a6, 0xa7cb7
core   0: 3 0x800004d8 (0xa7cb7817) x16 0x27cb74d8
core   0: 0x800004dc (0x3655fc17) auipc   s8, 0x3655f
core   0: 3 0x800004dc (0x3655fc17) x24 0xb655f4dc
core   0: 0x800004e0 (0xef680e93) addi    t4, a6, -266
core   0: 3 0x800004e0 (0xef680e93) x29 0x27cb73ce
core   0: 0x800004e4 (0x648572b7) lui     t0, 0x64857
core   0: 3 0x800004e4 (0x648572b7) x 5 0x64857000
core   0: 0x800004e8 (0x00000013) nop
core   0: 3 0x800004e8 (0x00000013)
core   0: 0x800004ec (0x01de8bb3) add     s7, t4, t4
core   0: 3 0x800004ec (0x01de8bb3) x23 0x4f96e79c
core   0: 0x800004f0 (0x2a68e317) auipc   t1, 0x2a68e
core   0: 3 0x800004f0 (0x2a68e317) x 6 0xaa68e4f0
core   0: 0x800004f4 (0x760125b7) lui     a1, 0x76012
core   0: 3 0x800004f4 (0x760125b7) x11 0x76012000
core   0: 0x800004f8 (0x40b28933) sub     s2, t0, a1
core   0: 3 0x800004f8 (0x40b28933) x18 0xee845000
core   0: 0x800004fc (0x00000013) nop
core   0: 3 0x800004fc (0x00000013)
core   0: 0x80000500 (0x00000013) nop
core   0: 3 0x80000500 (0x00000013)
core   0: 0x80000504 (0x80db8313) addi    t1, s7, -2035
core   0: 3 0x80000504 (0x80db8313) x 6 0x4f96dfa9
core   0: 0x80000508 (0x01930333) add     t1, t1, s9
core   0: 3 0x80000508 (0x01930333) x 6 0xcf96dfa9
core   0: 0x8000050c (0x68339c97) auipc   s9, 0x68339
core   0: 3 0x8000050c (0x68339c97) x25 0xe833950c
core   0: 0x80000510 (0x00000013) nop
core   0: 3 0x80000510 (0x00000013)
core   0: 0x80000514 (0x5df58193) addi    gp, a1, 1503
core   0: 3 0x80000514 (0x5df58193) x 3 0x760125df
core   0: 0x80000518 (0x00000013) nop
core   0: 3 0x80000518 (0x00000013)
core   0: 0x8000051c (0x418c0333) sub     t1, s8, s8
core   0: 3 0x8000051c (0x418c0333) x 6 0x00000000
core   0: 0x80000520 (0x41d282b3) sub     t0, t0, t4
core   0: 3 0x80000520 (0x41d282b3) x 5 0x3cb9fc32
core   0: 0x80000524 (0x00000013) nop
core   0: 3 0x80000524 (0x00000013)
core   0: 0x80000528 (0x0a730c93) addi    s9, t1, 167
core   0: 3 0x80000528 (0x0a730c93) x25 0x000000a7
core   0: 0x8000052c (0x00000013) nop
core   0: 3 0x8000052c (0x00000013)
core   0: 0x80000530 (0xadb1de37) lui     t3, 0xadb1d
core   0: 3 0x80000530 (0xadb1de37) x28 0xadb1d000
core   0: 0x80000534 (0xa81e0e13) addi    t3, t3, -1407
core   0: 3 0x80000534 (0xa81e0e13) x28 0xadb1ca81
core   0: 0x80000538 (0x00000293) li      t0, 0
core   0: 3 0x80000538 (0x00000293) x 5 0x00000000
core   0: 0x8000053c (0x800005b7) lui     a1, 0x80000
core   0: 3 0x8000053c (0x800005b7) x11 0x80000000
core   0: 0x80000540 (0xfff00c93) li      s9, -1
core   0: 3 0x80000540 (0xfff00c93) x25 0xffffffff
core   0: 0x80000544 (0x72a4a1b7) lui     gp, 0x72a4a
core   0: 3 0x80000544 (0x72a4a1b7) x 3 0x72a4a000
core   0: 0x80000548 (0x7dd18193) addi    gp, gp, 2013
core   0: 3 0x80000548 (0x7dd18193) x 3 0x72a4a7dd
core   0: 0x8000054c (0x00000793) li      a5, 0
core   0: 3 0x8000054c (0x00000793) x15 0x00000000
core   0: 0x80000550 (0x372ff137) lui     sp, 0x372ff
core   0: 3 0x80000550 (0x372ff137) x 2 0x372ff000
core   0: 0x80000554 (0x41410113) addi    sp, sp, 1044
core   0: 3 0x80000554 (0x41410113) x 2 0x372ff414
core   0: 0x80000558 (0x800009b7) lui     s3, 0x80000
core   0: 3 0x80000558 (0x800009b7) x19 0x80000000
core   0: 0x8000055c (0x3a629a37) lui     s4, 0x3a629
core   0: 3 0x8000055c (0x3a629a37) x20 0x3a629000
core   0: 0x80000560 (0x263a0a13) addi    s4, s4, 611
core   0: 3 0x80000560 (0x263a0a13) x20 0x3a629263
core   0: 0x80000564 (0x00000c13) li      s8, 0
core   0: 3 0x80000564 (0x00000c13) x24 0x00000000
core   0: 0x80000568 (0x00000013) nop
core   0: 3 0x80000568 (0x00000013)
core   0: 0x8000056c (0xb3810c93) addi    s9, sp, -1224
core   0: 3 0x8000056c (0xb3810c93) x25 0x372fef4c
core   0: 0x80000570 (0xd8c58e13) addi    t3, a1, -628
core   0: 3 0x80000570 (0xd8c58e13) x28 0x7ffffd8c
core   0: 0x80000574 (0x455d0297) auipc   t0, 0x455d0
core   0: 3 0x80000574 (0x455d0297) x 5 0xc55d0574
core   0: 0x80000578 (0x33a2bcb7) lui     s9, 0x33a2b
core   0: 3 0x80000578 (0x33a2bcb7) x25 0x33a2b000
core   0: 0x8000057c (0x00000013) nop
core   0: 3 0x8000057c (0x00000013)
core   0: 0x80000580 (0x005c05b3) add     a1, s8, t0
core   0: 3 0x80000580 (0x005c05b3) x11 0xc55d0574
core   0: 0x80000584 (0x06292a37) lui     s4, 0x6292
core   0: 3 0x80000584 (0x06292a37) x20 0x06292000
core   0: 0x80000588 (0xc5aa0593) addi    a1, s4, -934
core   0: 3 0x80000588 (0xc5aa0593) x11 0x06291c5a
core   0: 0x8000058c (0x41ce0cb3) sub     s9, t3, t3
core   0: 3 0x8000058c (0x41ce0cb3) x25 0x00000000
core   0: 0x80000590 (0x014581b3) add     gp, a1, s4
core   0: 3 0x80000590 (0x014581b3) x 3 0x0c523c5a
core   0: 0x80000594 (0xe01a0793) addi    a5, s4, -511
core   0: 3 0x80000594 (0xe01a0793) x15 0x06291e01
core   0: 0x80000598 (0x002e07b3) add     a5, t3, sp
core   0: 3 0x80000598 (0x002e07b3) x15 0xb72ff1a0
core   0: 0x8000059c (0x7046cc17) auipc   s8, 0x7046c
core   0: 3 0x8000059c (0x7046cc17) x24 0xf046c59c
core   0: 0x800005a0 (0xc25bc297) auipc   t0, 0xc25bc
core   0: 3 0x800005a0 (0xc25bc297) x 5 0x425bc5a0
core   0: 0x800005a4 (0xe1cf2a37) lui     s4, 0xe1cf2
core   0: 3 0x800005a4 (0xe1cf2a37) x20 0xe1cf2000
core   0: 0x800005a8 (0x00f287b3) add     a5, t0, a5
core   0: 3 0x800005a8 (0x00f287b3) x15 0xf98bb740
core   0: 0x800005ac (0x40598a33) sub     s4, s3, t0
core   0: 3 0x800005ac (0x40598a33) x20 0x3da43a60
core   0: 0x800005b0 (0x419c8a33) sub     s4, s9, s9
core   0: 3 0x800005b0 (0x419c8a33) x20 0x00000000
core   0: 0x800005b4 (0x41410c33) sub     s8, sp, s4
core   0: 3 0x800005b4 (0x41410c33) x24 0x372ff414
core   0: 0x800005b8 (0x419102b3) sub     t0, sp, s9
core   0: 3 0x800005b8 (0x419102b3) x 5 0x372ff414
core   0: 0x800005bc (0x403e0a33) sub     s4, t3, gp
core   0: 3 0x800005bc (0x403e0a33) x20 0x73adc132
core   0: 0x800005c0 (0x01978cb3) add     s9, a5, s9
core   0: 3 0x800005c0 (0x01978cb3) x25 0xf98bb740
core   0: 0x800005c4 (0x40b281b3) sub     gp, t0, a1
core   0: 3 0x800005c4 (0x40b281b3) x 3 0x3106d7ba
core   0: 0x800005c8 (0xe0f03c97) auipc   s9, 0xe0f03
core   0: 3 0x800005c8 (0xe0f03c97) x25 0x60f035c8
core   0: 0x800005cc (0x01c78c33) add     s8, a5, t3
core   0: 3 0x800005cc (0x01c78c33) x24 0x798bb4cc
core   0: 0x800005d0 (0xb3d18a13) addi    s4, gp, -1219
core   0: 3 0x800005d0 (0xb3d18a13) x20 0x3106d2f7
core   0: 0x800005d4 (0x00000b13) li      s6, 0
core   0: 3 0x800005d4 (0x00000b13) x22 0x00000000
core   0: 0x800005d8 (0x2ae50a37) lui     s4, 0x2ae50
core   0: 3 0x800005d8 (0x2ae50a37) x20 0x2ae50000
core   0: 0x800005dc (0xf67a0a13) addi    s4, s4, -153
core   0: 3 0x800005dc (0xf67a0a13) x20 0x2ae4ff67
core   0: 0x800005e0 (0xfff00e93) li      t4, -1
core   0: 3 0x800005e0 (0xfff00e93) x29 0xffffffff
core   0: 0x800005e4 (0x00000793) li      a5, 0
core   0: 3 0x800005e4 (0x00000793) x15 0x00000000
core   0: 0x800005e8 (0x1d3b65b7) lui     a1, 0x1d3b6
core   0: 3 0x800005e8 (0x1d3b65b7) x11 0x1d3b6000
core   0: 0x800005ec (0x01f58593) addi    a1, a1, 31
core   0: 3 0x800005ec (0x01f58593) x11 0x1d3b601f
core   0: 0x800005f0 (0x2534ebb7) lui     s7, 0x2534e
core   0: 3 0x800005f0 (0x2534ebb7) x23 0x2534e000
core   0: 0x800005f4 (0xd11b8b93) addi    s7, s7, -751
core   0: 3 0x800005f4 (0xd11b8b93) x23 0x2534dd11
core   0: 0x800005f8 (0xfff00f13) li      t5, -1
core   0: 3 0x800005f8 (0xfff00f13) x30 0xffffffff
core   0: 0x800005fc (0x800000b7) lui     ra, 0x80000
core   0: 3 0x800005fc (0x800000b7) x 1 0x80000000
core   0: 0x80000600 (0xfff00893) li      a7, -1
core   0: 3 0x80000600 (0xfff00893) x17 0xffffffff
core   0: 0x80000604 (0x00000293) li      t0, 0
core   0: 3 0x80000604 (0x00000293) x 5 0x00000000
core   0: 0x80000608 (0x5ae8ebb7) lui     s7, 0x5ae8e
core   0: 3 0x80000608 (0x5ae8ebb7) x23 0x5ae8e000
core   0: 0x8000060c (0x405e85b3) sub     a1, t4, t0
core   0: 3 0x8000060c (0x405e85b3) x11 0xffffffff
core   0: 0x80000610 (0x00000013) nop
core   0: 3 0x80000610 (0x00000013)
core   0: 0x80000614 (0x0d258e93) addi    t4, a1, 210
core   0: 3 0x80000614 (0x0d258e93) x29 0x000000d1
core   0: 0x80000618 (0x00000013) nop
core   0: 3 0x80000618 (0x00000013)
core   0: 0x8000061c (0xc3eeee97) auipc   t4, 0xc3eee
core   0: 3 0x8000061c (0xc3eeee97) x29 0x43eee61c
core   0: 0x80000620 (0x00000013) nop
core   0: 3 0x80000620 (0x00000013)
core   0: 0x80000624 (0x1f6e8093) addi    ra, t4, 502
core   0: 3 0x80000624 (0x1f6e8093) x 1 0x43eee812
core   0: 0x80000628 (0x10ce2eb7) lui     t4, 0x10ce2
core   0: 3 0x80000628 (0x10ce2eb7) x29 0x10ce2000
core   0: 0x8000062c (0x1f3e8b93) addi    s7, t4, 499
core   0: 3 0x8000062c (0x1f3e8b93) x23 0x10ce21f3
core   0: 0x80000630 (0x00000013) nop
core   0: 3 0x80000630 (0x00000013)
core   0: 0x80000634 (0x41db8a33) sub     s4, s7, t4
core   0: 3 0x80000634 (0x41db8a33) x20 0x000001f3
core   0: 0x80000638 (0x00000013) nop
core   0: 3 0x80000638 (0x00000013)
core   0: 0x8000063c (0x411788b3) sub     a7, a5, a7
core   0: 3 0x8000063c (0x411788b3) x17 0x00000001
core   0: 0x80000640 (0xacc705b7) lui     a1, 0xacc70
core   0: 3 0x80000640 (0xacc705b7) x11 0xacc70000
core   0: 0x80000644 (0x016582b3) add     t0, a1, s6
core   0: 3 0x80000644 (0x016582b3) x 5 0xacc70000
core   0: 0x80000648 (0xeaef0b13) addi    s6, t5, -338
core   0: 3 0x80000648 (0xeaef0b13) x22 0xfffffead
core   0: 0x8000064c (0x81428bb7) lui     s7, 0x81428
core   0: 3 0x8000064c (0x81428bb7) x23 0x81428000
core   0: 0x80000650 (0x405b85b3) sub     a1, s7, t0
core   0: 3 0x80000650 (0x405b85b3) x11 0xd47b8000
core   0: 0x80000654 (0x15f58293) addi    t0, a1, 351
core   0: 3 0x80000654 (0x15f58293) x 5 0xd47b815f
core   0: 0x80000658 (0x00588bb3) add     s7, a7, t0
core   0: 3 0x80000658 (0x00588bb3) x23 0xd47b8160
core   0: 0x8000065c (0x87713f37) lui     t5, 0x87713
core   0: 3 0x8000065c (0x87713f37) x30 0x87713000
core   0: 0x80000660 (0x8b5302b7) lui     t0, 0x8b530
core   0: 3 0x80000660 (0x8b5302b7) x 5 0x8b530000
core   0: 0x80000664 (0x00000313) li      t1, 0
core   0: 3 0x80000664 (0x00000313) x 6 0x00000000
core   0: 0x80000668 (0x800000b7) lui     ra, 0x80000
core   0: 3 0x80000668 (0x800000b7) x 1 0x80000000
core   0: 0x8000066c (0x800006b7) lui     a3, 0x80000
core   0: 3 0x8000066c (0x800006b7) x13 0x80000000
core   0: 0x80000670 (0xc5d3a437) lui     s0, 0xc5d3a
core   0: 3 0x80000670 (0xc5d3a437) x 8 0xc5d3a000
core   0: 0x80000674 (0xae840413) addi    s0, s0, -1304
core   0: 3 0x80000674 (0xae840413) x 8 0xc5d39ae8
core   0: 0x80000678 (0xfff00c13) li      s8, -1
core   0: 3 0x80000678 (0xfff00c13) x24 0xffffffff
core   0: 0x8000067c (0x00000793) li      a5, 0
core   0: 3 0x8000067c (0x00000793) x15 0x00000000
core   0: 0x80000680 (0x800009b7) lui     s3, 0x80000
core   0: 3 0x80000680 (0x800009b7) x19 0x80000000
core   0: 0x80000684 (0x4a9ffd37) lui     s10, 0x4a9ff
core   0: 3 0x80000684 (0x4a9ffd37) x26 0x4a9ff000
core   0: 0x80000688 (0x5e8d0d13) addi    s10, s10, 1512
core   0: 3 0x80000688 (0x5e8d0d13) x26 0x4a9ff5e8
core   0: 0x8000068c (0xfff00c93) li      s9, -1
core   0: 3 0x8000068c (0xfff00c93) x25 0xffffffff
core   0: 0x80000690 (0x800005b7) lui     a1, 0x80000
core   0: 3 0x80000690 (0x800005b7) x11 0x80000000
core   0: 0x80000694 (0x00698d33) add     s10, s3, t1
core   0: 3 0x80000694 (0x00698d33) x26 0x80000000
core   0: 0x80000698 (0x519fac97) auipc   s9, 0x519fa
core   0: 3 0x80000698 (0x519fac97) x25 0xd19fa698
core   0: 0x8000069c (0x40f30333) sub     t1, t1, a5
core   0: 3 0x8000069c (0x40f30333) x 6 0x00000000
core   0: 0x800006a0 (0x7be67437) lui     s0, 0x7be67
core   0: 3 0x800006a0 (0x7be67437) x 8 0x7be67000
core   0: 0x800006a4 (0x01ac00b3) add     ra, s8, s10
core   0: 3 0x800006a4 (0x01ac00b3) x 1 0x7fffffff
core   0: 0x800006a8 (0x496a3d37) lui     s10, 0x496a3
core   0: 3 0x800006a8 (0x496a3d37) x26 0x496a3000
core   0: 0x800006ac (0xa3b69597) auipc   a1, 0xa3b69
core   0: 3 0x800006ac (0xa3b69597) x11 0x23b696ac
core   0: 0x800006b0 (0x00000013) nop
core   0: 3 0x800006b0 (0x00000013)
core   0: 0x800006b4 (0x6c730993) addi    s3, t1, 1735
core   0: 3 0x800006b4 (0x6c730993) x19 0x000006c7
core   0: 0x800006b8 (0x00000013) nop
core   0: 3 0x800006b8 (0x00000013)
core   0: 0x800006bc (0x408c87b3) sub     a5, s9, s0
core   0: 3 0x800006bc (0x408c87b3) x15 0x55b93698
core   0: 0x800006c0 (0x73d58593) addi    a1, a1, 1853
core   0: 3 0x800006c0 (0x73d58593) x11 0x23b69de9
core   0: 0x800006c4 (0x00108cb3) add     s9, ra, ra
core   0: 3 0x800006c4 (0x00108cb3) x25 0xfffffffe
core   0: 0x800006c8 (0x008405b3) add     a1, s0, s0
core   0: 3 0x800006c8 (0x008405b3) x11 0xf7cce000
core   0: 0x800006cc (0x00000013) nop
core   0: 3 0x800006cc (0x00000013)
core   0: 0x800006d0 (0xde494c37) lui     s8, 0xde494
core   0: 3 0x800006d0 (0xde494c37) x24 0xde494000
core   0: 0x800006d4 (0x00000013) nop
core   0: 3 0x800006d4 (0x00000013)
core   0: 0x800006d8 (0xfede05b7) lui     a1, 0xfede0
core   0: 3 0x800006d8 (0xfede05b7) x11 0xfede0000
core   0: 0x800006dc (0x9558d9b7) lui     s3, 0x9558d
core   0: 3 0x800006dc (0x9558d9b7) x19 0x9558d000
core   0: 0x800006e0 (0x00fd05b3) add     a1, s10, a5
core   0: 3 0x800006e0 (0x00fd05b3) x11 0x9f236698
core   0: 0x800006e4 (0xc3fd9997) auipc   s3, 0xc3fd9
core   0: 3 0x800006e4 (0xc3fd9997) x19 0x43fd96e4
core   0: 0x800006e8 (0x3ba98093) addi    ra, s3, 954
core   0: 3 0x800006e8 (0x3ba98093) x 1 0x43fd9a9e
core   0: 0x800006ec (0x01808333) add     t1, ra, s8
core   0: 3 0x800006ec (0x01808333) x 6 0x2246da9e
core   0: 0x800006f0 (0x1e3e7337) lui     t1, 0x1e3e7
core   0: 3 0x800006f0 (0x1e3e7337) x 6 0x1e3e7000
core   0: 0x800006f4 (0x667999b7) lui     s3, 0x66799
core   0: 3 0x800006f4 (0x667999b7) x19 0x66799000
core   0: 0x800006f8 (0x00000013) nop
core   0: 3 0x800006f8 (0x00000013)
core   0: 0x800006fc (0x8d1809b7) lui     s3, 0x8d180
core   0: 3 0x800006fc (0x8d1809b7) x19 0x8d180000
core   0: 0x80000700 (0xfb85f697) auipc   a3, 0xfb85f
core   0: 3 0x80000700 (0xfb85f697) x13 0x7b85f700
core   0: 0x80000704 (0xa6758313) addi    t1, a1, -1433
core   0: 3 0x80000704 (0xa6758313) x 6 0x9f2360ff
core   0: 0x80000708 (0x00000013) nop
core   0: 3 0x80000708 (0x00000013)
core   0: 0x8000070c (0x800001b7) lui     gp, 0x80000
core   0: 3 0x8000070c (0x800001b7) x 3 0x80000000
core   0: 0x80000710 (0xfff00993) li      s3, -1
core   0: 3 0x80000710 (0xfff00993) x19 0xffffffff
core   0: 0x80000714 (0xfff00113) li      sp, -1
core   0: 3 0x80000714 (0xfff00113) x 2 0xffffffff
core   0: 0x80000718 (0xcd455bb7) lui     s7, 0xcd455
core   0: 3 0x80000718 (0xcd455bb7) x23 0xcd455000
core   0: 0x8000071c (0x651b8b93) addi    s7, s7, 1617
core   0: 3 0x8000071c (0x651b8b93) x23 0xcd455651
core   0: 0x80000720 (0x00000a13) li      s4, 0
core   0: 3 0x80000720 (0x00000a13) x20 0x00000000
core   0: 0x80000724 (0xfff00d13) li      s10, -1
core   0: 3 0x80000724 (0xfff00d13) x26 0xffffffff
core   0: 0x80000728 (0x00000793) li      a5, 0
core   0: 3 0x80000728 (0x00000793) x15 0x00000000
core   0: 0x8000072c (0xfff00413) li      s0, -1
core   0: 3 0x8000072c (0xfff00413) x 8 0xffffffff
core   0: 0x80000730 (0x91805db7) lui     s11, 0x91805
core   0: 3 0x80000730 (0x91805db7) x27 0x91805000
core   0: 0x80000734 (0xb4dd8d93) addi    s11, s11, -1203
core   0: 3 0x80000734 (0xb4dd8d93) x27 0x91804b4d
core   0: 0x80000738 (0xea3748b7) lui     a7, 0xea374
core   0: 3 0x80000738 (0xea3748b7) x17 0xea374000
core   0: 0x8000073c (0xd9388893) addi    a7, a7, -621
core   0: 3 0x8000073c (0xd9388893) x17 0xea373d93
core   0: 0x80000740 (0xad310d17) auipc   s10, 0xad310
core   0: 3 0x80000740 (0xad310d17) x26 0x2d310740
core   0: 0x80000744 (0x8181cb97) auipc   s7, 0x8181c
core   0: 3 0x80000744 (0x8181cb97) x23 0x0181c744
core   0: 0x80000748 (0x411d8a13) addi    s4, s11, 1041
core   0: 3 0x80000748 (0x411d8a13) x20 0x91804f5e
core   0: 0x8000074c (0xc5d22997) auipc   s3, 0xc5d22
core   0: 3 0x8000074c (0xc5d22997) x19 0x45d2274c
core   0: 0x80000750 (0xd4ba27b7) lui     a5, 0xd4ba2
core   0: 3 0x80000750 (0xd4ba27b7) x15 0xd4ba2000
core   0: 0x80000754 (0x573a0193) addi    gp, s4, 1395
core   0: 3 0x80000754 (0x573a0193) x 3 0x918054d1
core   0: 0x80000758 (0xe4a48437) lui     s0, 0xe4a48
core   0: 3 0x80000758 (0xe4a48437) x 8 0xe4a48000
core   0: 0x8000075c (0x53a64a37) lui     s4, 0x53a64
core   0: 3 0x8000075c (0x53a64a37) x20 0x53a64000
core   0: 0x80000760 (0x00000013) nop
core   0: 3 0x80000760 (0x00000013)
core   0: 0x80000764 (0x017788b3) add     a7, a5, s7
core   0: 3 0x80000764 (0x017788b3) x17 0xd63be744
core   0: 0x80000768 (0x3abfebb7) lui     s7, 0x3abfe
core   0: 3 0x80000768 (0x3abfebb7) x23 0x3abfe000
core   0: 0x8000076c (0x8457f197) auipc   gp, 0x8457f
core   0: 3 0x8000076c (0x8457f197) x 3 0x0457f76c
core   0: 0x80000770 (0x5fcb8a13) addi    s4, s7, 1532
core   0: 3 0x80000770 (0x5fcb8a13) x20 0x3abfe5fc
core   0: 0x80000774 (0xbfd26bb7) lui     s7, 0xbfd26
core   0: 3 0x80000774 (0xbfd26bb7) x23 0xbfd26000
core   0: 0x80000778 (0x008a0bb3) add     s7, s4, s0
core   0: 3 0x80000778 (0x008a0bb3) x23 0x1f6465fc
core   0: 0x8000077c (0x3b75a797) auipc   a5, 0x3b75a
core   0: 3 0x8000077c (0x3b75a797) x15 0xbb75a77c
core   0: 0x80000780 (0x408887b3) sub     a5, a7, s0
core   0: 3 0x80000780 (0x408887b3) x15 0xf1976744
core   0: 0x80000784 (0x402a0a33) sub     s4, s4, sp
core   0: 3 0x80000784 (0x402a0a33) x20 0x3abfe5fd
core   0: 0x80000788 (0x01a887b3) add     a5, a7, s10
core   0: 3 0x80000788 (0x01a887b3) x15 0x036cee84
core   0: 0x8000078c (0x00288433) add     s0, a7, sp
core   0: 3 0x8000078c (0x00288433) x 8 0xd63be743
core   0: 0x80000790 (0xd8ba4db7) lui     s11, 0xd8ba4
core   0: 3 0x80000790 (0xd8ba4db7) x27 0xd8ba4000
core   0: 0x80000794 (0x00000013) nop
core   0: 3 0x80000794 (0x00000013)
core   0: 0x80000798 (0x4ea10a13) addi    s4, sp, 1258
core   0: 3 0x80000798 (0x4ea10a13) x20 0x000004e9
core   0: 0x8000079c (0x50704137) lui     sp, 0x50704
core   0: 3 0x8000079c (0x50704137) x 2 0x50704000
core   0: 0x800007a0 (0xb873b9b7) lui     s3, 0xb873b
core   0: 3 0x800007a0 (0xb873b9b7) x19 0xb873b000
core   0: 0x800007a4 (0x00000013) nop
core   0: 3 0x800007a4 (0x00000013)
core   0: 0x800007a8 (0xfff00f13) li      t5, -1
core   0: 3 0x800007a8 (0xfff00f13) x30 0xffffffff
core   0: 0x800007ac (0xfff00613) li      a2, -1
core   0: 3 0x800007ac (0xfff00613) x12 0xffffffff
core   0: 0x800007b0 (0x800008b7) lui     a7, 0x80000
core   0: 3 0x800007b0 (0x800008b7) x17 0x80000000
core   0: 0x800007b4 (0x80000eb7) lui     t4, 0x80000
core   0: 3 0x800007b4 (0x80000eb7) x29 0x80000000
core   0: 0x800007b8 (0x80000c37) lui     s8, 0x80000
core   0: 3 0x800007b8 (0x80000c37) x24 0x80000000
core   0: 0x800007bc (0x00000993) li      s3, 0
core   0: 3 0x800007bc (0x00000993) x19 0x00000000
core   0: 0x800007c0 (0xfff00d93) li      s11, -1
core   0: 3 0x800007c0 (0xfff00d93) x27 0xffffffff
core   0: 0x800007c4 (0x00000a93) li      s5, 0
core   0: 3 0x800007c4 (0x00000a93) x21 0x00000000
core   0: 0x800007c8 (0x00000813) li      a6, 0
core   0: 3 0x800007c8 (0x00000813) x16 0x00000000
core   0: 0x800007cc (0xbfe0ce37) lui     t3, 0xbfe0c
core   0: 3 0x800007cc (0xbfe0ce37) x28 0xbfe0c000
core   0: 0x800007d0 (0xa06e0e13) addi    t3, t3, -1530
core   0: 3 0x800007d0 (0xa06e0e13) x28 0xbfe0ba06
core   0: 0x800007d4 (0x71bb8e37) lui     t3, 0x71bb8
core   0: 3 0x800007d4 (0x71bb8e37) x28 0x71bb8000
core   0: 0x800007d8 (0x42923817) auipc   a6, 0x42923
core   0: 3 0x800007d8 (0x42923817) x16 0xc29237d8
core   0: 0x800007dc (0xc8da8813) addi    a6, s5, -883
core   0: 3 0x800007dc (0xc8da8813) x16 0xfffffc8d
core   0: 0x800007e0 (0x00c60633) add     a2, a2, a2
core   0: 3 0x800007e0 (0x00c60633) x12 0xfffffffe
core   0: 0x800007e4 (0x00000013) nop
core   0: 3 0x800007e4 (0x00000013)
core   0: 0x800007e8 (0x41d80f33) sub     t5, a6, t4
core   0: 3 0x800007e8 (0x41d80f33) x30 0x7ffffc8d
core   0: 0x800007ec (0x01d60c33) add     s8, a2, t4
core   0: 3 0x800007ec (0x01d60c33) x24 0x7ffffffe
core   0: 0x800007f0 (0x9b8daf17) auipc   t5, 0x9b8da
core   0: 3 0x800007f0 (0x9b8daf17) x30 0x1b8da7f0
core   0: 0x800007f4 (0x00000013) nop
core   0: 3 0x800007f4 (0x00000013)
core   0: 0x800007f8 (0x3a898993) addi    s3, s3, 936
core   0: 3 0x800007f8 (0x3a898993) x19 0x000003a8
core   0: 0x800007fc (0x01ee0633) add     a2, t3, t5
core   0: 3 0x800007fc (0x01ee0633) x12 0x8d4927f0
core   0: 0x80000800 (0x018e8db3) add     s11, t4, s8
core   0: 3 0x80000800 (0x018e8db3) x27 0xfffffffe
core   0: 0x80000804 (0xb169c897) auipc   a7, 0xb169c
core   0: 3 0x80000804 (0xb169c897) x17 0x3169c804
core   0: 0x80000808 (0xd2f87d97) auipc   s11, 0xd2f87
core   0: 3 0x80000808 (0xd2f87d97) x27 0x52f87808
core   0: 0x8000080c (0x41bc0f33) sub     t5, s8, s11
core   0: 3 0x8000080c (0x41bc0f33) x30 0x2d0787f6
core   0: 0x80000810 (0x0ebf5817) auipc   a6, 0xebf5
core   0: 3 0x80000810 (0x0ebf5817) x16 0x8ebf5810
core   0: 0x80000814 (0x418f0633) sub     a2, t5, s8
core   0: 3 0x80000814 (0x418f0633) x12 0xad0787f8
core   0: 0x80000818 (0xda5d2897) auipc   a7, 0xda5d2
core   0: 3 0x80000818 (0xda5d2897) x17 0x5a5d2818
core   0: 0x8000081c (0x013609b3) add     s3, a2, s3
core   0: 3 0x8000081c (0x013609b3) x19 0xad078ba0
core   0: 0x80000820 (0x41be88b3) sub     a7, t4, s11
core   0: 3 0x80000820 (0x41be88b3) x17 0x2d0787f8
core   0: 0x80000824 (0xd8b46617) auipc   a2, 0xd8b46
core   0: 3 0x80000824 (0xd8b46617) x12 0x58b46824
core   0: 0x80000828 (0x00e88d93) addi    s11, a7, 14
core   0: 3 0x80000828 (0x00e88d93) x27 0x2d078806
core   0: 0x8000082c (0x216de617) auipc   a2, 0x216de
core   0: 3 0x8000082c (0x216de617) x12 0xa16de82c
core   0: 0x80000830 (0x00000f93) li      t6, 0
core   0: 3 0x80000830 (0x00000f93) x31 0x00000000
core   0: 0x80000834 (0x80000437) lui     s0, 0x80000
core   0: 3 0x80000834 (0x80000437) x 8 0x80000000
core   0: 0x80000838 (0x00000813) li      a6, 0
core   0: 3 0x80000838 (0x00000813) x16 0x00000000
core   0: 0x8000083c (0xfff00d93) li      s11, -1
core   0: 3 0x8000083c (0xfff00d93) x27 0xffffffff
core   0: 0x80000840 (0xfff00513) li      a0, -1
core   0: 3 0x80000840 (0xfff00513) x10 0xffffffff
core   0: 0x80000844 (0x800001b7) lui     gp, 0x80000
core   0: 3 0x80000844 (0x800001b7) x 3 0x80000000
core   0: 0x80000848 (0x00000893) li      a7, 0
core   0: 3 0x80000848 (0x00000893) x17 0x00000000
core   0: 0x8000084c (0xfff00313) li      t1, -1
core   0: 3 0x8000084c (0xfff00313) x 6 0xffffffff
core   0: 0x80000850 (0xfff00093) li      ra, -1
core   0: 3 0x80000850 (0xfff00093) x 1 0xffffffff
core   0: 0x80000854 (0xfff00d13) li      s10, -1
core   0: 3 0x80000854 (0xfff00d13) x26 0xffffffff
core   0: 0x80000858 (0xfc3c9817) auipc   a6, 0xfc3c9
core   0: 3 0x80000858 (0xfc3c9817) x16 0x7c3c9858
core   0: 0x8000085c (0xc39f61b7) lui     gp, 0xc39f6
core   0: 3 0x8000085c (0xc39f61b7) x 3 0xc39f6000
core   0: 0x80000860 (0xda4eafb7) lui     t6, 0xda4ea
core   0: 3 0x80000860 (0xda4eafb7) x31 0xda4ea000
core   0: 0x80000864 (0x00000013) nop
core   0: 3 0x80000864 (0x00000013)
core   0: 0x80000868 (0x8e250193) addi    gp, a0, -1822
core   0: 3 0x80000868 (0x8e250193) x 3 0xfffff8e1
core   0: 0x8000086c (0xa6440f93) addi    t6, s0, -1436
core   0: 3 0x8000086c (0xa6440f93) x31 0x7ffffa64
core   0: 0x80000870 (0x00308fb3) add     t6, ra, gp
core   0: 3 0x80000870 (0x00308fb3) x31 0xfffff8e0
core   0: 0x80000874 (0x976f8d93) addi    s11, t6, -1674
core   0: 3 0x80000874 (0x976f8d93) x27 0xfffff256
core   0: 0x80000878 (0x7c71e837) lui     a6, 0x7c71e
core   0: 3 0x80000878 (0x7c71e837) x16 0x7c71e000
core   0: 0x8000087c (0x40330d33) sub     s10, t1, gp
core   0: 3 0x8000087c (0x40330d33) x26 0x0000071e
core   0: 0x80000880 (0x00000013) nop
core   0: 3 0x80000880 (0x00000013)
core   0: 0x80000884 (0xa4cf8413) addi    s0, t6, -1460
core   0: 3 0x80000884 (0xa4cf8413) x 8 0xfffff32c
core   0: 0x80000888 (0x001f8fb3) add     t6, t6, ra
core   0: 3 0x80000888 (0x001f8fb3) x31 0xfffff8df
core   0: 0x8000088c (0x41a88433) sub     s0, a7, s10
core   0: 3 0x8000088c (0x41a88433) x 8 0xfffff8e2
core   0: 0x80000890 (0x00330333) add     t1, t1, gp
core   0: 3 0x80000890 (0x00330333) x 6 0xfffff8e0
core   0: 0x80000894 (0x31c84d17) auipc   s10, 0x31c84
core   0: 3 0x80000894 (0x31c84d17) x26 0xb1c84894
core   0: 0x80000898 (0x9fcd0313) addi    t1, s10, -1540
core   0: 3 0x80000898 (0x9fcd0313) x 6 0xb1c84290
core   0: 0x8000089c (0xc8513d97) auipc   s11, 0xc8513
core   0: 3 0x8000089c (0xc8513d97) x27 0x4851389c
core   0: 0x800008a0 (0x41e70317) auipc   t1, 0x41e70
core   0: 3 0x800008a0 (0x41e70317) x 6 0xc1e708a0
core   0: 0x800008a4 (0x40dd6897) auipc   a7, 0x40dd6
core   0: 3 0x800008a4 (0x40dd6897) x17 0xc0dd68a4
core   0: 0x800008a8 (0x010d0833) add     a6, s10, a6
core   0: 3 0x800008a8 (0x010d0833) x16 0x2e3a2894
core   0: 0x800008ac (0x011f88b3) add     a7, t6, a7
core   0: 3 0x800008ac (0x011f88b3) x17 0xc0dd6183
core   0: 0x800008b0 (0x2af64197) auipc   gp, 0x2af64
core   0: 3 0x800008b0 (0x2af64197) x 3 0xaaf648b0
core   0: 0x800008b4 (0x800006b7) lui     a3, 0x80000
core   0: 3 0x800008b4 (0x800006b7) x13 0x80000000
core   0: 0x800008b8 (0xfff00a93) li      s5, -1
core   0: 3 0x800008b8 (0xfff00a93) x21 0xffffffff
core   0: 0x800008bc (0xfff00b93) li      s7, -1
core   0: 3 0x800008bc (0xfff00b93) x23 0xffffffff
core   0: 0x800008c0 (0x8be188b7) lui     a7, 0x8be18
core   0: 3 0x800008c0 (0x8be188b7) x17 0x8be18000
core   0: 0x800008c4 (0x77288893) addi    a7, a7, 1906
core   0: 3 0x800008c4 (0x77288893) x17 0x8be18772
core   0: 0x800008c8 (0x00000093) li      ra, 0
core   0: 3 0x800008c8 (0x00000093) x 1 0x00000000
core   0: 0x800008cc (0x800001b7) lui     gp, 0x80000
core   0: 3 0x800008cc (0x800001b7) x 3 0x80000000
core   0: 0x800008d0 (0xdb372eb7) lui     t4, 0xdb372
core   0: 3 0x800008d0 (0xdb372eb7) x29 0xdb372000
core   0: 0x800008d4 (0x53ce8e93) addi    t4, t4, 1340
core   0: 3 0x800008d4 (0x53ce8e93) x29 0xdb37253c
core   0: 0x800008d8 (0x800005b7) lui     a1, 0x80000
core   0: 3 0x800008d8 (0x800005b7) x11 0x80000000
core   0: 0x800008dc (0x80000db7) lui     s11, 0x80000
core   0: 3 0x800008dc (0x80000db7) x27 0x80000000
core   0: 0x800008e0 (0xfff00793) li      a5, -1
core   0: 3 0x800008e0 (0xfff00793) x15 0xffffffff
core   0: 0x800008e4 (0x00000013) nop
core   0: 3 0x800008e4 (0x00000013)
core   0: 0x800008e8 (0x8cdc0597) auipc   a1, 0x8cdc0
core   0: 3 0x800008e8 (0x8cdc0597) x11 0x0cdc08e8
core   0: 0x800008ec (0x3f408793) addi    a5, ra, 1012
core   0: 3 0x800008ec (0x3f408793) x15 0x000003f4
core   0: 0x800008f0 (0xcf5ed0b7) lui     ra, 0xcf5ed
core   0: 3 0x800008f0 (0xcf5ed0b7) x 1 0xcf5ed000
core   0: 0x800008f4 (0x6a985597) auipc   a1, 0x6a985
core   0: 3 0x800008f4 (0x6a985597) x11 0xea9858f4
core   0: 0x800008f8 (0xa5ad5797) auipc   a5, 0xa5ad5
core   0: 3 0x800008f8 (0xa5ad5797) x15 0x25ad58f8
core   0: 0x800008fc (0x536b8893) addi    a7, s7, 1334
core   0: 3 0x800008fc (0x536b8893) x17 0x00000535
core   0: 0x80000900 (0x0bb88593) addi    a1, a7, 187
core   0: 3 0x80000900 (0x0bb88593) x11 0x000005f0
core   0: 0x80000904 (0x41bb8ab3) sub     s5, s7, s11
core   0: 3 0x80000904 (0x41bb8ab3) x21 0x7fffffff
core   0: 0x80000908 (0x0c050797) auipc   a5, 0xc050
core   0: 3 0x80000908 (0x0c050797) x15 0x8c050908
core   0: 0x8000090c (0x00000013) nop
core   0: 3 0x8000090c (0x00000013)
core   0: 0x80000910 (0x01b685b3) add     a1, a3, s11
core   0: 3 0x80000910 (0x01b685b3) x11 0x00000000
core   0: 0x80000914 (0x00000013) nop
core   0: 3 0x80000914 (0x00000013)
core   0: 0x80000918 (0x00000013) nop
core   0: 3 0x80000918 (0x00000013)
core   0: 0x8000091c (0x40f885b3) sub     a1, a7, a5
core   0: 3 0x8000091c (0x40f885b3) x11 0x73fafc2d
core   0: 0x80000920 (0xb1c68693) addi    a3, a3, -1252
core   0: 3 0x80000920 (0xb1c68693) x13 0x7ffffb1c
core   0: 0x80000924 (0xe8e7eeb7) lui     t4, 0xe8e7e
core   0: 3 0x80000924 (0xe8e7eeb7) x29 0xe8e7e000
core   0: 0x80000928 (0x6859e6b7) lui     a3, 0x6859e
core   0: 3 0x80000928 (0x6859e6b7) x13 0x6859e000
core   0: 0x8000092c (0xf25c8b97) auipc   s7, 0xf25c8
core   0: 3 0x8000092c (0xf25c8b97) x23 0x725c892c
core   0: 0x80000930 (0xf53e8693) addi    a3, t4, -173
core   0: 3 0x80000930 (0xf53e8693) x13 0xe8e7df53
core   0: 0x80000934 (0x01518bb3) add     s7, gp, s5
core   0: 3 0x80000934 (0x01518bb3) x23 0xffffffff
core   0: 0x80000938 (0xe5d73d97) auipc   s11, 0xe5d73
core   0: 3 0x80000938 (0xe5d73d97) x27 0x65d73938
core   0: 0x8000093c (0x6fdea1b7) lui     gp, 0x6fdea
core   0: 3 0x8000093c (0x6fdea1b7) x 3 0x6fdea000
core   0: 0x80000940 (0xbb318193) addi    gp, gp, -1101
core   0: 3 0x80000940 (0xbb318193) x 3 0x6fde9bb3
core   0: 0x80000944 (0x00000513) li      a0, 0
core   0: 3 0x80000944 (0x00000513) x10 0x00000000
core   0: 0x80000948 (0xfff00093) li      ra, -1
core   0: 3 0x80000948 (0xfff00093) x 1 0xffffffff
core   0: 0x8000094c (0x80000db7) lui     s11, 0x80000
core   0: 3 0x8000094c (0x80000db7) x27 0x80000000
core   0: 0x80000950 (0xade2abb7) lui     s7, 0xade2a
core   0: 3 0x80000950 (0xade2abb7) x23 0xade2a000
core   0: 0x80000954 (0xd5ab8b93) addi    s7, s7, -678
core   0: 3 0x80000954 (0xd5ab8b93) x23 0xade29d5a
core   0: 0x80000958 (0xfff00113) li      sp, -1
core   0: 3 0x80000958 (0xfff00113) x 2 0xffffffff
core   0: 0x8000095c (0xf2dbbf37) lui     t5, 0xf2dbb
core   0: 3 0x8000095c (0xf2dbbf37) x30 0xf2dbb000
core   0: 0x80000960 (0x1f7f0f13) addi    t5, t5, 503
core   0: 3 0x80000960 (0x1f7f0f13) x30 0xf2dbb1f7
core   0: 0x80000964 (0xb1007d37) lui     s10, 0xb1007
core   0: 3 0x80000964 (0xb1007d37) x26 0xb1007000
core   0: 0x80000968 (0xff9d0d13) addi    s10, s10, -7
core   0: 3 0x80000968 (0xff9d0d13) x26 0xb1006ff9
core   0: 0x8000096c (0x1f564737) lui     a4, 0x1f564
core   0: 3 0x8000096c (0x1f564737) x14 0x1f564000
core   0: 0x80000970 (0xbab70713) addi    a4, a4, -1109
core   0: 3 0x80000970 (0xbab70713) x14 0x1f563bab
core   0: 0x80000974 (0xfff00b13) li      s6, -1
core   0: 3 0x80000974 (0xfff00b13) x22 0xffffffff
core   0: 0x80000978 (0x00000013) nop
core   0: 3 0x80000978 (0x00000013)
core   0: 0x8000097c (0x00000013) nop
core   0: 3 0x8000097c (0x00000013)
core   0: 0x80000980 (0x40218133) sub     sp, gp, sp
core   0: 3 0x80000980 (0x40218133) x 2 0x6fde9bb4
core   0: 0x80000984 (0xd364c737) lui     a4, 0xd364c
core   0: 3 0x80000984 (0xd364c737) x14 0xd364c000
core   0: 0x80000988 (0x403d0bb3) sub     s7, s10, gp
core   0: 3 0x80000988 (0x403d0bb3) x23 0x4121d446
core   0: 0x8000098c (0x908aa0b7) lui     ra, 0x908aa
core   0: 3 0x8000098c (0x908aa0b7) x 1 0x908aa000
core   0: 0x80000990 (0xb19ba537) lui     a0, 0xb19ba
core   0: 3 0x80000990 (0xb19ba537) x10 0xb19ba000
core   0: 0x80000994 (0x2f63b137) lui     sp, 0x2f63b
core   0: 3 0x80000994 (0x2f63b137) x 2 0x2f63b000
core   0: 0x80000998 (0x00000013) nop
core   0: 3 0x80000998 (0x00000013)
core   0: 0x8000099c (0xad2e2b97) auipc   s7, 0xad2e2
core   0: 3 0x8000099c (0xad2e2b97) x23 0x2d2e299c
core   0: 0x800009a0 (0x40a08133) sub     sp, ra, a0
core   0: 3 0x800009a0 (0x40a08133) x 2 0xdeef0000
core   0: 0x800009a4 (0x017d80b3) add     ra, s11, s7
core   0: 3 0x800009a4 (0x017d80b3) x 1 0xad2e299c
core   0: 0x800009a8 (0x23c52b97) auipc   s7, 0x23c52
core   0: 3 0x800009a8 (0x23c52b97) x23 0xa3c529a8
core   0: 0x800009ac (0x00000013) nop
core   0: 3 0x800009ac (0x00000013)
core   0: 0x800009b0 (0x00000013) nop
core   0: 3 0x800009b0 (0x00000013)
core   0: 0x800009b4 (0x00170533) add     a0, a4, ra
core   0: 3 0x800009b4 (0x00170533) x10 0x8092e99c
core   0: 0x800009b8 (0xfff00e93) li      t4, -1
core   0: 3 0x800009b8 (0xfff00e93) x29 0xffffffff
core   0: 0x800009bc (0x73045d37) lui     s10, 0x73045
core   0: 3 0x800009bc (0x73045d37) x26 0x73045000
core   0: 0x800009c0 (0x8b8d0d13) addi    s10, s10, -1864
core   0: 3 0x800009c0 (0x8b8d0d13) x26 0x730448b8
core   0: 0x800009c4 (0x1730b9b7) lui     s3, 0x1730b
core   0: 3 0x800009c4 (0x1730b9b7) x19 0x1730b000
core   0: 0x800009c8 (0x47b98993) addi    s3, s3, 1147
core   0: 3 0x800009c8 (0x47b98993) x19 0x1730b47b
core   0: 0x800009cc (0x07896cb7) lui     s9, 0x7896
core   0: 3 0x800009cc (0x07896cb7) x25 0x07896000
core   0: 0x800009d0 (0x10fc8c93) addi    s9, s9, 271
core   0: 3 0x800009d0 (0x10fc8c93) x25 0x0789610f
core   0: 0x800009d4 (0x800005b7) lui     a1, 0x80000
core   0: 3 0x800009d4 (0x800005b7) x11 0x80000000
core   0: 0x800009d8 (0xeae8d7b7) lui     a5, 0xeae8d
core   0: 3 0x800009d8 (0xeae8d7b7) x15 0xeae8d000
core   0: 0x800009dc (0x34c78793) addi    a5, a5, 844
core   0: 3 0x800009dc (0x34c78793) x15 0xeae8d34c
core   0: 0x800009e0 (0x80000537) lui     a0, 0x80000
core   0: 3 0x800009e0 (0x80000537) x10 0x80000000
core   0: 0x800009e4 (0x1dcfdf37) lui     t5, 0x1dcfd
core   0: 3 0x800009e4 (0x1dcfdf37) x30 0x1dcfd000
core   0: 0x800009e8 (0x750f0f13) addi    t5, t5, 1872
core   0: 3 0x800009e8 (0x750f0f13) x30 0x1dcfd750
core   0: 0x800009ec (0xa7918737) lui     a4, 0xa7918
core   0: 3 0x800009ec (0xa7918737) x14 0xa7918000
core   0: 0x800009f0 (0x32e70713) addi    a4, a4, 814
core   0: 3 0x800009f0 (0x32e70713) x14 0xa791832e
core   0: 0x800009f4 (0x80000bb7) lui     s7, 0x80000
core   0: 3 0x800009f4 (0x80000bb7) x23 0x80000000
core   0: 0x800009f8 (0x419507b3) sub     a5, a0, s9
core   0: 3 0x800009f8 (0x419507b3) x15 0x78769ef1
core   0: 0x800009fc (0xb42a3517) auipc   a0, 0xb42a3
core   0: 3 0x800009fc (0xb42a3517) x10 0x342a39fc
core   0: 0x80000a00 (0x3fec4e97) auipc   t4, 0x3fec4
core   0: 3 0x80000a00 (0x3fec4e97) x29 0xbfec4a00
core   0: 0x80000a04 (0x00000013) nop
core   0: 3 0x80000a04 (0x00000013)
core   0: 0x80000a08 (0x504c8b93) addi    s7, s9, 1284
core   0: 3 0x80000a08 (0x504c8b93) x23 0x07896613
core   0: 0x80000a0c (0xd4e24f37) lui     t5, 0xd4e24
core   0: 3 0x80000a0c (0xd4e24f37) x30 0xd4e24000
core   0: 0x80000a10 (0x00000013) nop
core   0: 3 0x80000a10 (0x00000013)
core   0: 0x80000a14 (0x00000013) nop
core   0: 3 0x80000a14 (0x00000013)
core   0: 0x80000a18 (0x115b8793) addi    a5, s7, 277
core   0: 3 0x80000a18 (0x115b8793) x15 0x07896728
core   0: 0x80000a1c (0x12db8593) addi    a1, s7, 301
core   0: 3 0x80000a1c (0x12db8593) x11 0x07896740
core   0: 0x80000a20 (0x00000013) nop
core   0: 3 0x80000a20 (0x00000013)
core   0: 0x80000a24 (0x40fd09b3) sub     s3, s10, a5
core   0: 3 0x80000a24 (0x40fd09b3) x19 0x6b7ae190
core   0: 0x80000a28 (0x013d0cb3) add     s9, s10, s3
core   0: 3 0x80000a28 (0x013d0cb3) x25 0xde7f2a48
core   0: 0x80000a2c (0xf052c5b7) lui     a1, 0xf052c
core   0: 3 0x80000a2c (0xf052c5b7) x11 0xf052c000
core   0: 0x80000a30 (0xc441d7b7) lui     a5, 0xc441d
core   0: 3 0x80000a30 (0xc441d7b7) x15 0xc441d000
core   0: 0x80000a34 (0x00000013) nop
core   0: 3 0x80000a34 (0x00000013)
core   0: 0x80000a38 (0x986eab97) auipc   s7, 0x986ea
core   0: 3 0x80000a38 (0x986eab97) x23 0x186eaa38
core   0: 0x80000a3c (0x40e705b3) sub     a1, a4, a4
core   0: 3 0x80000a3c (0x40e705b3) x11 0x00000000
core   0: 0x80000a40 (0x01ab8533) add     a0, s7, s10
core   0: 3 0x80000a40 (0x01ab8533) x10 0x8b72f2f0
core   0: 0x80000a44 (0x40b985b3) sub     a1, s3, a1
core   0: 3 0x80000a44 (0x40b985b3) x11 0x6b7ae190
core   0: 0x80000a48 (0x00000013) nop
core   0: 3 0x80000a48 (0x00000013)
core   0: 0x80000a4c (0x6d2ccb97) auipc   s7, 0x6d2cc
core   0: 3 0x80000a4c (0x6d2ccb97) x23 0xed2cca4c
core   0: 0x80000a50 (0x75b77c97) auipc   s9, 0x75b77
core   0: 3 0x80000a50 (0x75b77c97) x25 0xf5b77a50
core   0: 0x80000a54 (0x1bd44f17) auipc   t5, 0x1bd44
core   0: 3 0x80000a54 (0x1bd44f17) x30 0x9bd44a54
core   0: 0x80000a58 (0x40fe8533) sub     a0, t4, a5
core   0: 3 0x80000a58 (0x40fe8533) x10 0xfbaa7a00
core   0: 0x80000a5c (0x80000937) lui     s2, 0x80000
core   0: 3 0x80000a5c (0x80000937) x18 0x80000000
core   0: 0x80000a60 (0x80000f37) lui     t5, 0x80000
core   0: 3 0x80000a60 (0x80000f37) x30 0x80000000
core   0: 0x80000a64 (0x800008b7) lui     a7, 0x80000
core   0: 3 0x80000a64 (0x800008b7) x17 0x80000000
core   0: 0x80000a68 (0xfff00a93) li      s5, -1
core   0: 3 0x80000a68 (0xfff00a93) x21 0xffffffff
core   0: 0x80000a6c (0x80000e37) lui     t3, 0x80000
core   0: 3 0x80000a6c (0x80000e37) x28 0x80000000
core   0: 0x80000a70 (0xe2402337) lui     t1, 0xe2402
core   0: 3 0x80000a70 (0xe2402337) x 6 0xe2402000
core   0: 0x80000a74 (0x58530313) addi    t1, t1, 1413
core   0: 3 0x80000a74 (0x58530313) x 6 0xe2402585
core   0: 0x80000a78 (0x00000713) li      a4, 0
core   0: 3 0x80000a78 (0x00000713) x14 0x00000000
core   0: 0x80000a7c (0x00000b13) li      s6, 0
core   0: 3 0x80000a7c (0x00000b13) x22 0x00000000
core   0: 0x80000a80 (0xfff00293) li      t0, -1
core   0: 3 0x80000a80 (0xfff00293) x 5 0xffffffff
core   0: 0x80000a84 (0xfff00993) li      s3, -1
core   0: 3 0x80000a84 (0xfff00993) x19 0xffffffff
core   0: 0x80000a88 (0x90c96917) auipc   s2, 0x90c96
core   0: 3 0x80000a88 (0x90c96917) x18 0x10c96a88
core   0: 0x80000a8c (0x00000013) nop
core   0: 3 0x80000a8c (0x00000013)
core   0: 0x80000a90 (0xc41af317) auipc   t1, 0xc41af
core   0: 3 0x80000a90 (0xc41af317) x 6 0x441afa90
core   0: 0x80000a94 (0xb5e34917) auipc   s2, 0xb5e34
core   0: 3 0x80000a94 (0xb5e34917) x18 0x35e34a94
core   0: 0x80000a98 (0x71ba4897) auipc   a7, 0x71ba4
core   0: 3 0x80000a98 (0x71ba4897) x17 0xf1ba4a98
core   0: 0x80000a9c (0xfb023e37) lui     t3, 0xfb023
core   0: 3 0x80000a9c (0xfb023e37) x28 0xfb023000
core   0: 0x80000aa0 (0x41628333) sub     t1, t0, s6
core   0: 3 0x80000aa0 (0x41628333) x 6 0xffffffff
core   0: 0x80000aa4 (0x00000013) nop
core   0: 3 0x80000aa4 (0x00000013)
core   0: 0x80000aa8 (0x9e7102b7) lui     t0, 0x9e710
core   0: 3 0x80000aa8 (0x9e7102b7) x 5 0x9e710000
core   0: 0x80000aac (0x01e98933) add     s2, s3, t5
core   0: 3 0x80000aac (0x01e98933) x18 0x7fffffff
core   0: 0x80000ab0 (0x27e00937) lui     s2, 0x27e00
core   0: 3 0x80000ab0 (0x27e00937) x18 0x27e00000
core   0: 0x80000ab4 (0x5f216a97) auipc   s5, 0x5f216
core   0: 3 0x80000ab4 (0x5f216a97) x21 0xdf216ab4
core   0: 0x80000ab8 (0x7c1ac717) auipc   a4, 0x7c1ac
core   0: 3 0x80000ab8 (0x7c1ac717) x14 0xfc1acab8
core   0: 0x80000abc (0x56a4e737) lui     a4, 0x56a4e
core   0: 3 0x80000abc (0x56a4e737) x14 0x56a4e000
core   0: 0x80000ac0 (0x1c160737) lui     a4, 0x1c160
core   0: 3 0x80000ac0 (0x1c160737) x14 0x1c160000
core   0: 0x80000ac4 (0x41e70333) sub     t1, a4, t5
core   0: 3 0x80000ac4 (0x41e70333) x 6 0x9c160000
core   0: 0x80000ac8 (0x013b0933) add     s2, s6, s3
core   0: 3 0x80000ac8 (0x013b0933) x18 0xffffffff
core   0: 0x80000acc (0x413988b3) sub     a7, s3, s3
core   0: 3 0x80000acc (0x413988b3) x17 0x00000000
core   0: 0x80000ad0 (0x46af8717) auipc   a4, 0x46af8
core   0: 3 0x80000ad0 (0x46af8717) x14 0xc6af8ad0
core   0: 0x80000ad4 (0x11d28f13) addi    t5, t0, 285
core   0: 3 0x80000ad4 (0x11d28f13) x30 0x9e71011d
core   0: 0x80000ad8 (0xe0428e13) addi    t3, t0, -508
core   0: 3 0x80000ad8 (0xe0428e13) x28 0x9e70fe04
core   0: 0x80000adc (0xfff00913) li      s2, -1
core   0: 3 0x80000adc (0xfff00913) x18 0xffffffff
core   0: 0x80000ae0 (0x80000eb7) lui     t4, 0x80000
core   0: 3 0x80000ae0 (0x80000eb7) x29 0x80000000
core   0: 0x80000ae4 (0x80000e37) lui     t3, 0x80000
core   0: 3 0x80000ae4 (0x80000e37) x28 0x80000000
core   0: 0x80000ae8 (0x80000437) lui     s0, 0x80000
core   0: 3 0x80000ae8 (0x80000437) x 8 0x80000000
core   0: 0x80000aec (0x00000f13) li      t5, 0
core   0: 3 0x80000aec (0x00000f13) x30 0x00000000
core   0: 0x80000af0 (0xe8d25637) lui     a2, 0xe8d25
core   0: 3 0x80000af0 (0xe8d25637) x12 0xe8d25000
core   0: 0x80000af4 (0x02860613) addi    a2, a2, 40
core   0: 3 0x80000af4 (0x02860613) x12 0xe8d25028
core   0: 0x80000af8 (0xfff00993) li      s3, -1
core   0: 3 0x80000af8 (0xfff00993) x19 0xffffffff
core   0: 0x80000afc (0x6cd745b7) lui     a1, 0x6cd74
core   0: 3 0x80000afc (0x6cd745b7) x11 0x6cd74000
core   0: 0x80000b00 (0x4c758593) addi    a1, a1, 1223
core   0: 3 0x80000b00 (0x4c758593) x11 0x6cd744c7
core   0: 0x80000b04 (0x80000c37) lui     s8, 0x80000
core   0: 3 0x80000b04 (0x80000c37) x24 0x80000000
core   0: 0x80000b08 (0x00000813) li      a6, 0
core   0: 3 0x80000b08 (0x00000813) x16 0x00000000
core   0: 0x80000b0c (0x5a9e0413) addi    s0, t3, 1449
core   0: 3 0x80000b0c (0x5a9e0413) x 8 0x800005a9
core   0: 0x80000b10 (0x40860933) sub     s2, a2, s0
core   0: 3 0x80000b10 (0x40860933) x18 0x68d24a7f
core   0: 0x80000b14 (0x568dec37) lui     s8, 0x568de
core   0: 3 0x80000b14 (0x568dec37) x24 0x568de000
core   0: 0x80000b18 (0x008e8433) add     s0, t4, s0
core   0: 3 0x80000b18 (0x008e8433) x 8 0x000005a9
core   0: 0x80000b1c (0x865ef417) auipc   s0, 0x865ef
core   0: 3 0x80000b1c (0x865ef417) x 8 0x065efb1c
core   0: 0x80000b20 (0xbe080e93) addi    t4, a6, -1056
core   0: 3 0x80000b20 (0xbe080e93) x29 0xfffffbe0
core   0: 0x80000b24 (0x3c1f0f37) lui     t5, 0x3c1f0
core   0: 3 0x80000b24 (0x3c1f0f37) x30 0x3c1f0000
core   0: 0x80000b28 (0x00b40f33) add     t5, s0, a1
core   0: 3 0x80000b28 (0x00b40f33) x30 0x73363fe3
core   0: 0x80000b2c (0x554f0f13) addi    t5, t5, 1364
core   0: 3 0x80000b2c (0x554f0f13) x30 0x73364537
core   0: 0x80000b30 (0x01ee89b3) add     s3, t4, t5
core   0: 3 0x80000b30 (0x01ee89b3) x19 0x73364117
core   0: 0x80000b34 (0x00000013) nop
core   0: 3 0x80000b34 (0x00000013)
core   0: 0x80000b38 (0x00c605b3) add     a1, a2, a2
core   0: 3 0x80000b38 (0x00c605b3) x11 0xd1a4a050
core   0: 0x80000b3c (0x413809b3) sub     s3, a6, s3
core   0: 3 0x80000b3c (0x413809b3) x19 0x8cc9bee9
core   0: 0x80000b40 (0x2ac1e617) auipc   a2, 0x2ac1e
core   0: 3 0x80000b40 (0x2ac1e617) x12 0xaac1eb40
core   0: 0x80000b44 (0x47e14417) auipc   s0, 0x47e14
core   0: 3 0x80000b44 (0x47e14417) x 8 0xc7e14b44
core   0: 0x80000b48 (0x729e8f13) addi    t5, t4, 1833
core   0: 3 0x80000b48 (0x729e8f13) x30 0x00000309
core   0: 0x80000b4c (0xfe598613) addi    a2, s3, -27
core   0: 3 0x80000b4c (0xfe598613) x12 0x8cc9bece
core   0: 0x80000b50 (0x01298433) add     s0, s3, s2
core   0: 3 0x80000b50 (0x01298433) x 8 0xf59c0968
core   0: 0x80000b54 (0x94c2bc37) lui     s8, 0x94c2b
core   0: 3 0x80000b54 (0x94c2bc37) x24 0x94c2b000
core   0: 0x80000b58 (0x01280433) add     s0, a6, s2
core   0: 3 0x80000b58 (0x01280433) x 8 0x68d24a7f
core   0: 0x80000b5c (0x648c6617) auipc   a2, 0x648c6
core   0: 3 0x80000b5c (0x648c6617) x12 0xe48c6b5c
core   0: 0x80000b60 (0x018985b3) add     a1, s3, s8
core   0: 3 0x80000b60 (0x018985b3) x11 0x218c6ee9
core   0: 0x80000b64 (0x86953f37) lui     t5, 0x86953
core   0: 3 0x80000b64 (0x86953f37) x30 0x86953000
core   0: 0x80000b68 (0xba35dc17) auipc   s8, 0xba35d
core   0: 3 0x80000b68 (0xba35dc17) x24 0x3a35db68
core   0: 0x80000b6c (0x00000a93) li      s5, 0
core   0: 3 0x80000b6c (0x00000a93) x21 0x00000000
core   0: 0x80000b70 (0x80000c37) lui     s8, 0x80000
core   0: 3 0x80000b70 (0x80000c37) x24 0x80000000
core   0: 0x80000b74 (0x80000437) lui     s0, 0x80000
core   0: 3 0x80000b74 (0x80000437) x 8 0x80000000
core   0: 0x80000b78 (0x00000893) li      a7, 0
core   0: 3 0x80000b78 (0x00000893) x17 0x00000000
core   0: 0x80000b7c (0xfff00513) li      a0, -1
core   0: 3 0x80000b7c (0xfff00513) x10 0xffffffff
core   0: 0x80000b80 (0x800001b7) lui     gp, 0x80000
core   0: 3 0x80000b80 (0x800001b7) x 3 0x80000000
core   0: 0x80000b84 (0x80000eb7) lui     t4, 0x80000
core   0: 3 0x80000b84 (0x80000eb7) x29 0x80000000
core   0: 0x80000b88 (0x37996637) lui     a2, 0x37996
core   0: 3 0x80000b88 (0x37996637) x12 0x37996000
core   0: 0x80000b8c (0x83960613) addi    a2, a2, -1991
core   0: 3 0x80000b8c (0x83960613) x12 0x37995839
core   0: 0x80000b90 (0x80000937) lui     s2, 0x80000
core   0: 3 0x80000b90 (0x80000937) x18 0x80000000
core   0: 0x80000b94 (0xfff00293) li      t0, -1
core   0: 3 0x80000b94 (0xfff00293) x 5 0xffffffff
core   0: 0x80000b98 (0x4ebb2297) auipc   t0, 0x4ebb2
core   0: 3 0x80000b98 (0x4ebb2297) x 5 0xcebb2b98
core   0: 0x80000b9c (0x00000013) nop
core   0: 3 0x80000b9c (0x00000013)
core   0: 0x80000ba0 (0x00a90933) add     s2, s2, a0
core   0: 3 0x80000ba0 (0x00a90933) x18 0x7fffffff
core   0: 0x80000ba4 (0xa6f9b617) auipc   a2, 0xa6f9b
core   0: 3 0x80000ba4 (0xa6f9b617) x12 0x26f9bba4
core   0: 0x80000ba8 (0xa0997537) lui     a0, 0xa0997
core   0: 3 0x80000ba8 (0xa0997537) x10 0xa0997000
core   0: 0x80000bac (0xbe3fbeb7) lui     t4, 0xbe3fb
core   0: 3 0x80000bac (0xbe3fbeb7) x29 0xbe3fb000
core   0: 0x80000bb0 (0x87babab7) lui     s5, 0x87bab
core   0: 3 0x80000bb0 (0x87babab7) x21 0x87bab000
core   0: 0x80000bb4 (0x00b28c13) addi    s8, t0, 11
core   0: 3 0x80000bb4 (0x00b28c13) x24 0xcebb2ba3
core   0: 0x80000bb8 (0x00000013) nop
core   0: 3 0x80000bb8 (0x00000013)
core   0: 0x80000bbc (0x00000013) nop
core   0: 3 0x80000bbc (0x00000013)
core   0: 0x80000bc0 (0x2c981c17) auipc   s8, 0x2c981
core   0: 3 0x80000bc0 (0x2c981c17) x24 0xac981bc0
core   0: 0x80000bc4 (0x003e8933) add     s2, t4, gp
core   0: 3 0x80000bc4 (0x003e8933) x18 0x3e3fb000
core   0: 0x80000bc8 (0x40850c33) sub     s8, a0, s0
core   0: 3 0x80000bc8 (0x40850c33) x24 0x20997000
core   0: 0x80000bcc (0x6f3bd197) auipc   gp, 0x6f3bd
core   0: 3 0x80000bcc (0x6f3bd197) x 3 0xef3bdbcc
core   0: 0x80000bd0 (0x00000013) nop
core   0: 3 0x80000bd0 (0x00000013)
core   0: 0x80000bd4 (0xe9d51637) lui     a2, 0xe9d51
core   0: 3 0x80000bd4 (0xe9d51637) x12 0xe9d51000
core   0: 0x80000bd8 (0xdf950913) addi    s2, a0, -519
core   0: 3 0x80000bd8 (0xdf950913) x18 0xa0996df9
core   0: 0x80000bdc (0x67835197) auipc   gp, 0x67835
core   0: 3 0x80000bdc (0x67835197) x 3 0xe7835bdc
core   0: 0x80000be0 (0x015431b3) sltu    gp, s0, s5
core   0: 3 0x80000be0 (0x015431b3) x 3 0x00000001
core   0: 0x80000be4 (0x006c7433) and     s0, s8, t1
core   0: 3 0x80000be4 (0x006c7433) x 8 0x00100000
core   0: 0x80000be8 (0x01dd9a13) slli    s4, s11, 29
core   0: 3 0x80000be8 (0x01dd9a13) x20 0x00000000
core   0: 0x80000bec (0x0052bc33) sltu    s8, t0, t0
core   0: 3 0x80000bec (0x0052bc33) x24 0x00000000
core   0: 0x80000bf0 (0x865bb813) sltiu   a6, s7, -1947
core   0: 3 0x80000bf0 (0x865bb813) x16 0x00000001
core   0: 0x80000bf4 (0x003f52b3) srl     t0, t5, gp
core   0: 3 0x80000bf4 (0x003f52b3) x 5 0x434a9800
core   0: 0x80000bf8 (0x008c9e13) slli    t3, s9, 8
core   0: 3 0x80000bf8 (0x008c9e13) x28 0xb77a5000
core   0: 0x80000bfc (0x008417b3) sll     a5, s0, s0
core   0: 3 0x80000bfc (0x008417b3) x15 0x00100000
core   0: 0x80000c00 (0x0060dd13) srli    s10, ra, 6
core   0: 3 0x80000c00 (0x0060dd13) x26 0x02b4b8a6
core   0: 0x80000c04 (0x00000013) nop
core   0: 3 0x80000c04 (0x00000013)
core   0: 0x80000c08 (0x84c8b013) sltiu   zero, a7, -1972
core   0: 3 0x80000c08 (0x84c8b013)
core   0: 0x80000c0c (0x3cc696b7) lui     a3, 0x3cc69
core   0: 3 0x80000c0c (0x3cc696b7) x13 0x3cc69000
core   0: 0x80000c10 (0x01cd9eb3) sll     t4, s11, t3
core   0: 3 0x80000c10 (0x01cd9eb3) x29 0x80000000
core   0: 0x80000c14 (0x01229613) slli    a2, t0, 18
core   0: 3 0x80000c14 (0x01229613) x12 0x60000000
core   0: 0x80000c18 (0x00e82c33) slt     s8, a6, a4
core   0: 3 0x80000c18 (0x00e82c33) x24 0x00000000
core   0: 0x80000c1c (0xfaa38413) addi    s0, t2, -86
core   0: 3 0x80000c1c (0xfaa38413) x 8 0x80011e0e
core   0: 0x80000c20 (0xf0543293) sltiu   t0, s0, -251
core   0: 3 0x80000c20 (0xf0543293) x 5 0x00000001
core   0: 0x80000c24 (0x005aaa33) slt     s4, s5, t0
core   0: 3 0x80000c24 (0x005aaa33) x20 0x00000001
core   0: 0x80000c28 (0x001c0d33) add     s10, s8, ra
core   0: 3 0x80000c28 (0x001c0d33) x26 0xad2e299c
core   0: 0x80000c2c (0x64a93e93) sltiu   t4, s2, 1610
core   0: 3 0x80000c2c (0x64a93e93) x29 0x00000000
core   0: 0x80000c30 (0xf5b03f13) sltiu   t5, zero, -165
core   0: 3 0x80000c30 (0xf5b03f13) x30 0x00000001
core   0: 0x80000c34 (0x78c42093) slti    ra, s0, 1932
core   0: 3 0x80000c34 (0x78c42093) x 1 0x00000001
core   0: 0x80000c38 (0xdda04d93) xori    s11, zero, -550
core   0: 3 0x80000c38 (0xdda04d93) x27 0xfffffdda
core   0: 0x80000c3c (0x011b1533) sll     a0, s6, a7
core   0: 3 0x80000c3c (0x011b1533) x10 0x00000000
core   0: 0x80000c40 (0x00de1a33) sll     s4, t3, a3
core   0: 3 0x80000c40 (0x00de1a33) x20 0xb77a5000
core   0: 0x80000c44 (0x4025d693) srai    a3, a1, 2
core   0: 3 0x80000c44 (0x4025d693) x13 0x08631bba
core   0: 0x80000c48 (0x40d189b3) sub     s3, gp, a3
core   0: 3 0x80000c48 (0x40d189b3) x19 0xf79ce447
core   0: 0x80000c4c (0x4076d833) sra     a6, a3, t2
core   0: 3 0x80000c4c (0x4076d833) x16 0x008631bb
core   0: 0x80000c50 (0x002ca2b3) slt     t0, s9, sp
core   0: 3 0x80000c50 (0x002ca2b3) x 5 0x00000000
core   0: 0x80000c54 (0x01fc0bb3) add     s7, s8, t6
core   0: 3 0x80000c54 (0x01fc0bb3) x23 0xfffff8df
core   0: 0x80000c58 (0x01cf1033) sll     zero, t5, t3
core   0: 3 0x80000c58 (0x01cf1033)
core   0: 0x80000c5c (0x014e9913) slli    s2, t4, 20
core   0: 3 0x80000c5c (0x014e9913) x18 0x00000000
core   0: 0x80000c60 (0x018baa33) slt     s4, s7, s8
core   0: 3 0x80000c60 (0x018baa33) x20 0x00000001
core   0: 0x80000c64 (0x00000013) nop
core   0: 3 0x80000c64 (0x00000013)
core   0: 0x80000c68 (0x00682933) slt     s2, a6, t1
core   0: 3 0x80000c68 (0x00682933) x18 0x00000000
core   0: 0x80000c6c (0x404dd913) srai    s2, s11, 4
core   0: 3 0x80000c6c (0x404dd913) x18 0xffffffdd
core   0: 0x80000c70 (0xc61b8113) addi    sp, s7, -927
core   0: 3 0x80000c70 (0xc61b8113) x 2 0xfffff540
core   0: 0x80000c74 (0x00000013) nop
core   0: 3 0x80000c74 (0x00000013)
core   0: 0x80000c78 (0x00b3ebb3) or      s7, t2, a1
core   0: 3 0x80000c78 (0x00b3ebb3) x23 0xa18d7eed
core   0: 0x80000c7c (0x007f9d93) slli    s11, t6, 7
core   0: 3 0x80000c7c (0x007f9d93) x27 0xfffc6f80
core   0: 0x80000c80 (0x41ae5033) sra     zero, t3, s10
core   0: 3 0x80000c80 (0x41ae5033)
core   0: 0x80000c84 (0xce885a37) lui     s4, 0xce885
core   0: 3 0x80000c84 (0xce885a37) x20 0xce885000
core   0: 0x80000c88 (0x944ef293) andi    t0, t4, -1724
core   0: 3 0x80000c88 (0x944ef293) x 5 0x00000000
core   0: 0x80000c8c (0x5ee90837) lui     a6, 0x5ee90
core   0: 3 0x80000c8c (0x5ee90837) x16 0x5ee90000
core   0: 0x80000c90 (0x0063abb3) slt     s7, t2, t1
core   0: 3 0x80000c90 (0x0063abb3) x23 0x00000001
core   0: 0x80000c94 (0x01c4ae33) slt     t3, s1, t3
core   0: 3 0x80000c94 (0x01c4ae33) x28 0x00000001
core   0: 0x80000c98 (0x00bef033) and     zero, t4, a1
core   0: 3 0x80000c98 (0x00bef033)
core   0: 0x80000c9c (0x0e76a413) slti    s0, a3, 231
core   0: 3 0x80000c9c (0x0e76a413) x 8 0x00000000
core   0: 0x80000ca0 (0x00171413) slli    s0, a4, 1
core   0: 3 0x80000ca0 (0x00171413) x 8 0x8d5f15a0
core   0: 0x80000ca4 (0x52cd0a13) addi    s4, s10, 1324
core   0: 3 0x80000ca4 (0x52cd0a13) x20 0xad2e2ec8
core   0: 0x80000ca8 (0x00ade033) or      zero, s11, a0
core   0: 3 0x80000ca8 (0x00ade033)
core   0: 0x80000cac (0x008e3db3) sltu    s11, t3, s0
core   0: 3 0x80000cac (0x008e3db3) x27 0x00000001
core   0: 0x80000cb0 (0x01dd8733) add     a4, s11, t4
core   0: 3 0x80000cb0 (0x01dd8733) x14 0x00000001
core   0: 0x80000cb4 (0x01277533) and     a0, a4, s2
core   0: 3 0x80000cb4 (0x01277533) x10 0x00000001
core   0: 0x80000cb8 (0x67b68593) addi    a1, a3, 1659
core   0: 3 0x80000cb8 (0x67b68593) x11 0x08632235
core   0: 0x80000cbc (0x0cd35c37) lui     s8, 0xcd35
core   0: 3 0x80000cbc (0x0cd35c37) x24 0x0cd35000
core   0: 0x80000cc0 (0x00d85633) srl     a2, a6, a3
core   0: 3 0x80000cc0 (0x00d85633) x12 0x00000017
core   0: 0x80000cc4 (0x007e02b3) add     t0, t3, t2
core   0: 3 0x80000cc4 (0x007e02b3) x 5 0x80011e65
core   0: 0x80000cc8 (0x00000013) nop
core   0: 3 0x80000cc8 (0x00000013)
core   0: 0x80000ccc (0x01958433) add     s0, a1, s9
core   0: 3 0x80000ccc (0x01958433) x 8 0xfe1a9c85
core   0: 0x80000cd0 (0xb12a0e93) addi    t4, s4, -1262
core   0: 3 0x80000cd0 (0xb12a0e93) x29 0xad2e29da
core   0: 0x80000cd4 (0x006d02b3) add     t0, s10, t1
core   0: 3 0x80000cd4 (0x006d02b3) x 5 0x4944299c
core   0: 0x80000cd8 (0x007d5113) srli    sp, s10, 7
core   0: 3 0x80000cd8 (0x007d5113) x 2 0x015a5c53
core   0: 0x80000cdc (0x00ee92b3) sll     t0, t4, a4
core   0: 3 0x80000cdc (0x00ee92b3) x 5 0x5a5c53b4
core   0: 0x80000ce0 (0x00797633) and     a2, s2, t2
core   0: 3 0x80000ce0 (0x00797633) x12 0x80011e44
core   0: 0x80000ce4 (0x00f11c93) slli    s9, sp, 15
core   0: 3 0x80000ce4 (0x00f11c93) x25 0x2e298000
core   0: 0x80000ce8 (0x0f9c1637) lui     a2, 0xf9c1
core   0: 3 0x80000ce8 (0x0f9c1637) x12 0x0f9c1000
core   0: 0x80000cec (0x413bdc33) sra     s8, s7, s3
core   0: 3 0x80000cec (0x413bdc33) x24 0x00000000
core   0: 0x80000cf0 (0x001c1c13) slli    s8, s8, 1
core   0: 3 0x80000cf0 (0x001c1c13) x24 0x00000000
core   0: 0x80000cf4 (0x416b8bb3) sub     s7, s7, s6
core   0: 3 0x80000cf4 (0x416b8bb3) x23 0x00000001
core   0: 0x80000cf8 (0x99416c13) ori     s8, sp, -1644
core   0: 3 0x80000cf8 (0x99416c13) x24 0xfffffdd7
core   0: 0x80000cfc (0x2d502813) slti    a6, zero, 725
core   0: 3 0x80000cfc (0x2d502813) x16 0x00000001
core   0: 0x80000d00 (0x000b4433) xor     s0, s6, zero
core   0: 3 0x80000d00 (0x000b4433) x 8 0x00000000
core   0: 0x80000d04 (0x44d8f797) auipc   a5, 0x44d8f
core   0: 3 0x80000d04 (0x44d8f797) x15 0xc4d8fd04
core   0: 0x80000d08 (0x419b5b13) srai    s6, s6, 25
core   0: 3 0x80000d08 (0x419b5b13) x22 0x00000000
core   0: 0x80000d0c (0xb3c9a013) slti    zero, s3, -1220
core   0: 3 0x80000d0c (0xb3c9a013)
core   0: 0x80000d10 (0x00e6d133) srl     sp, a3, a4
core   0: 3 0x80000d10 (0x00e6d133) x 2 0x04318ddd
core   0: 0x80000d14 (0x78e04793) xori    a5, zero, 1934
core   0: 3 0x80000d14 (0x78e04793) x15 0x0000078e
core   0: 0x80000d18 (0x01bbd993) srli    s3, s7, 27
core   0: 3 0x80000d18 (0x01bbd993) x19 0x00000000
core   0: 0x80000d1c (0x2d102093) slti    ra, zero, 721
core   0: 3 0x80000d1c (0x2d102093) x 1 0x00000001
core   0: 0x80000d20 (0x00b22833) slt     a6, tp, a1
core   0: 3 0x80000d20 (0x00b22833) x16 0x00000001
core   0: 0x80000d24 (0x8eb40313) addi    t1, s0, -1813
core   0: 3 0x80000d24 (0x8eb40313) x 6 0xfffff8eb
core   0: 0x80000d28 (0x41a2d633) sra     a2, t0, s10
core   0: 3 0x80000d28 (0x41a2d633) x12 0x00000005
core   0: 0x80000d2c (0x9b7feb13) ori     s6, t6, -1609
core   0: 3 0x80000d2c (0x9b7feb13) x22 0xfffff9ff
core   0: 0x80000d30 (0x73217793) andi    a5, sp, 1842
core   0: 3 0x80000d30 (0x73217793) x15 0x00000510
core   0: 0x80000d34 (0x401580b3) sub     ra, a1, ra
core   0: 3 0x80000d34 (0x401580b3) x 1 0x08632234
core   0: 0x80000d38 (0x006ab333) sltu    t1, s5, t1
core   0: 3 0x80000d38 (0x006ab333) x 6 0x00000001
core   0: 0x80000d3c (0x01590533) add     a0, s2, s5
core   0: 3 0x80000d3c (0x01590533) x10 0x87baafdd
core   0: 0x80000d40 (0xbc64b893) sltiu   a7, s1, -1082
core   0: 3 0x80000d40 (0xbc64b893) x17 0x00000001
core   0: 0x80000d44 (0xeddc0913) addi    s2, s8, -291
core   0: 3 0x80000d44 (0xeddc0913) x18 0xfffffcb4
core   0: 0x80000d48 (0x00cd79b3) and     s3, s10, a2
core   0: 3 0x80000d48 (0x00cd79b3) x19 0x00000004
core   0: 0x80000d4c (0x00bb5b33) srl     s6, s6, a1
core   0: 3 0x80000d4c (0x00bb5b33) x22 0x000007ff
core   0: 0x80000d50 (0x41d08033) sub     zero, ra, t4
core   0: 3 0x80000d50 (0x41d08033)
core   0: 0x80000d54 (0x00000013) nop
core   0: 3 0x80000d54 (0x00000013)
core   0: 0x80000d58 (0x01326bb3) or      s7, tp, s3
core   0: 3 0x80000d58 (0x01326bb3) x23 0xfec3917d
core   0: 0x80000d5c (0x016971b3) and     gp, s2, s6
core   0: 3 0x80000d5c (0x016971b3) x 3 0x000004b4
core   0: 0x80000d60 (0x01bd3d33) sltu    s10, s10, s11
core   0: 3 0x80000d60 (0x01bd3d33) x26 0x00000000
core   0: 0x80000d64 (0x6184ae93) slti    t4, s1, 1560
core   0: 3 0x80000d64 (0x6184ae93) x29 0x00000001
core   0: 0x80000d68 (0x41218533) sub     a0, gp, s2
core   0: 3 0x80000d68 (0x41218533) x10 0x00000800
core   0: 0x80000d6c (0x019ec8b3) xor     a7, t4, s9
core   0: 3 0x80000d6c (0x019ec8b3) x17 0x2e298001
core   0: 0x80000d70 (0x017645b3) xor     a1, a2, s7
core   0: 3 0x80000d70 (0x017645b3) x11 0xfec39178
core   0: 0x80000d74 (0xd14f4e13) xori    t3, t5, -748
core   0: 3 0x80000d74 (0xd14f4e13) x28 0xfffffd15
core   0: 0x80000d78 (0x01498797) auipc   a5, 0x1498
core   0: 3 0x80000d78 (0x01498797) x15 0x81498d78
core   0: 0x80000d7c (0x0168f0b3) and     ra, a7, s6
core   0: 3 0x80000d7c (0x0168f0b3) x 1 0x00000001
core   0: 0x80000d80 (0x01529713) slli    a4, t0, 21
core   0: 3 0x80000d80 (0x01529713) x14 0x76800000
core   0: 0x80000d84 (0x01659a93) slli    s5, a1, 22
core   0: 3 0x80000d84 (0x01659a93) x21 0x5e000000
core   0: 0x80000d88 (0x18d61eb7) lui     t4, 0x18d61
core   0: 3 0x80000d88 (0x18d61eb7) x29 0x18d61000
core   0: 0x80000d8c (0xef0aa593) slti    a1, s5, -272
core   0: 3 0x80000d8c (0xef0aa593) x11 0x00000000
core   0: 0x80000d90 (0x406d5193) srai    gp, s10, 6
core   0: 3 0x80000d90 (0x406d5193) x 3 0x00000000
core   0: 0x80000d94 (0xe2f1c313) xori    t1, gp, -465
core   0: 3 0x80000d94 (0xe2f1c313) x 6 0xfffffe2f
core   0: 0x80000d98 (0x00cf3733) sltu    a4, t5, a2
core   0: 3 0x80000d98 (0x00cf3733) x14 0x00000001
core   0: 0x80000d9c (0x0120db13) srli    s6, ra, 18
core   0: 3 0x80000d9c (0x0120db13) x22 0x00000000
core   0: 0x80000da0 (0xd7bd6013) ori     zero, s10, -645
core   0: 3 0x80000da0 (0xd7bd6013)
core   0: 0x80000da4 (0x01fb6833) or      a6, s6, t6
core   0: 3 0x80000da4 (0x01fb6833) x16 0xfffff8df
core   0: 0x80000da8 (0x01019c33) sll     s8, gp, a6
core   0: 3 0x80000da8 (0x01019c33) x24 0x00000000
core   0: 0x80000dac (0x01bc7133) and     sp, s8, s11
core   0: 3 0x80000dac (0x01bc7133) x 2 0x00000000
core   0: 0x80000db0 (0x412258b3) sra     a7, tp, s2
core   0: 3 0x80000db0 (0x412258b3) x17 0xffffffec
core   0: 0x80000db4 (0x01425cb3) srl     s9, tp, s4
core   0: 3 0x80000db4 (0x01425cb3) x25 0x00fec391
core   0: 0x80000db8 (0x414e5d13) srai    s10, t3, 20
core   0: 3 0x80000db8 (0x414e5d13) x26 0xffffffff
core   0: 0x80000dbc (0x001191b3) sll     gp, gp, ra
core   0: 3 0x80000dbc (0x001191b3) x 3 0x00000000
core   0: 0x80000dc0 (0x01417533) and     a0, sp, s4
core   0: 3 0x80000dc0 (0x01417533) x10 0x00000000
core   0: 0x80000dc4 (0x0167c2b3) xor     t0, a5, s6
core   0: 3 0x80000dc4 (0x0167c2b3) x 5 0x81498d78
core   0: 0x80000dc8 (0xeec0fc93) andi    s9, ra, -276
core   0: 3 0x80000dc8 (0xeec0fc93) x25 0x00000000
core   0: 0x80000dcc (0x74189837) lui     a6, 0x74189
core   0: 3 0x80000dcc (0x74189837) x16 0x74189000
core   0: 0x80000dd0 (0xd1918093) addi    ra, gp, -743
core   0: 3 0x80000dd0 (0xd1918093) x 1 0xfffffd19
core   0: 0x80000dd4 (0x4166dcb3) sra     s9, a3, s6
core   0: 3 0x80000dd4 (0x4166dcb3) x25 0x08631bba
core   0: 0x80000dd8 (0x7a9e7993) andi    s3, t3, 1961
core   0: 3 0x80000dd8 (0x7a9e7993) x19 0x00000501
core   0: 0x80000ddc (0x016691b3) sll     gp, a3, s6
core   0: 3 0x80000ddc (0x016691b3) x 3 0x08631bba
core   0: 0x80000de0 (0x8cbc4193) xori    gp, s8, -1845
core   0: 3 0x80000de0 (0x8cbc4193) x 3 0xfffff8cb
core   0: 0x80000de4 (0xc3580197) auipc   gp, 0xc3580
core   0: 3 0x80000de4 (0xc3580197) x 3 0x43580de4
core   0: 0x80000de8 (0x015e9893) slli    a7, t4, 21
core   0: 3 0x80000de8 (0x015e9893) x17 0x00000000
core   0: 0x80000dec (0x9bb37313) andi    t1, t1, -1605
core   0: 3 0x80000dec (0x9bb37313) x 6 0xfffff82b
core   0: 0x80000df0 (0xd4086f97) auipc   t6, 0xd4086
core   0: 3 0x80000df0 (0xd4086f97) x31 0x54086df0
core   0: 0x80000df4 (0xb36a7b37) lui     s6, 0xb36a7
core   0: 3 0x80000df4 (0xb36a7b37) x22 0xb36a7000
core   0: 0x80000df8 (0x01e4de33) srl     t3, s1, t5
core   0: 3 0x80000df8 (0x01e4de33) x28 0x4000ae72
core   0: 0x80000dfc (0xbbe18613) addi    a2, gp, -1090
core   0: 3 0x80000dfc (0xbbe18613) x12 0x435809a2
core   0: 0x80000e00 (0x013c9d33) sll     s10, s9, s3
core   0: 3 0x80000e00 (0x013c9d33) x26 0x10c63774
core   0: 0x80000e04 (0x70642b13) slti    s6, s0, 1798
core   0: 3 0x80000e04 (0x70642b13) x22 0x00000001
core   0: 0x80000e08 (0x1b198193) addi    gp, s3, 433
core   0: 3 0x80000e08 (0x1b198193) x 3 0x000006b2
core   0: 0x80000e0c (0x00e68833) add     a6, a3, a4
core   0: 3 0x80000e0c (0x00e68833) x16 0x08631bbb
core   0: 0x80000e10 (0x000981b3) add     gp, s3, zero
core   0: 3 0x80000e10 (0x000981b3) x 3 0x00000501
core   0: 0x80000e14 (0xbc8db513) sltiu   a0, s11, -1080
core   0: 3 0x80000e14 (0xbc8db513) x10 0x00000001
core   0: 0x80000e18 (0x0052ffb3) and     t6, t0, t0
core   0: 3 0x80000e18 (0x0052ffb3) x31 0x81498d78
core   0: 0x80000e1c (0x3402e413) ori     s0, t0, 832
core   0: 3 0x80000e1c (0x3402e413) x 8 0x81498f78
core   0: 0x80000e20 (0xcc43bb93) sltiu   s7, t2, -828
core   0: 3 0x80000e20 (0xcc43bb93) x23 0x00000001
core   0: 0x80000e24 (0x0061fe33) and     t3, gp, t1
core   0: 3 0x80000e24 (0x0061fe33) x28 0x00000001
core   0: 0x80000e28 (0x41c75d93) srai    s11, a4, 28
core   0: 3 0x80000e28 (0x41c75d93) x27 0x00000000
core   0: 0x80000e2c (0xb2d3ad97) auipc   s11, 0xb2d3a
core   0: 3 0x80000e2c (0xb2d3ad97) x27 0x32d3ae2c
core   0: 0x80000e30 (0xe6bd2793) slti    a5, s10, -405
core   0: 3 0x80000e30 (0xe6bd2793) x15 0x00000000
core   0: 0x80000e34 (0x010b1d33) sll     s10, s6, a6
core   0: 3 0x80000e34 (0x010b1d33) x26 0x08000000
core   0: 0x80000e38 (0x41a0dd33) sra     s10, ra, s10
core   0: 3 0x80000e38 (0x41a0dd33) x26 0xfffffd19
core   0: 0x80000e3c (0x4175df33) sra     t5, a1, s7
core   0: 3 0x80000e3c (0x4175df33) x30 0x00000000
core   0: 0x80000e40 (0x009aea33) or      s4, s5, s1
core   0: 3 0x80000e40 (0x009aea33) x20 0xde015ce4
core   0: 0x80000e44 (0xc7a1af17) auipc   t5, 0xc7a1a
core   0: 3 0x80000e44 (0xc7a1af17) x30 0x47a1ae44
core   0: 0x80000e48 (0x018b0633) add     a2, s6, s8
core   0: 3 0x80000e48 (0x018b0633) x12 0x00000001
core   0: 0x80000e4c (0xef0a3693) sltiu   a3, s4, -272
core   0: 3 0x80000e4c (0xef0a3693) x13 0x00000001
core   0: 0x80000e50 (0x0169a033) slt     zero, s3, s6
core   0: 3 0x80000e50 (0x0169a033)
core   0: 0x80000e54 (0x28e8fe93) andi    t4, a7, 654
core   0: 3 0x80000e54 (0x28e8fe93) x29 0x00000000
core   0: 0x80000e58 (0x410e08b3) sub     a7, t3, a6
core   0: 3 0x80000e58 (0x410e08b3) x17 0xf79ce446
core   0: 0x80000e5c (0x00ad3a33) sltu    s4, s10, a0
core   0: 3 0x80000e5c (0x00ad3a33) x20 0x00000000
core   0: 0x80000e60 (0xbb9d6313) ori     t1, s10, -1095
core   0: 3 0x80000e60 (0xbb9d6313) x 6 0xffffffb9
core   0: 0x80000e64 (0xab6f6a93) ori     s5, t5, -1354
core   0: 3 0x80000e64 (0xab6f6a93) x21 0xfffffef6
core   0: 0x80000e68 (0x00acdd93) srli    s11, s9, 10
core   0: 3 0x80000e68 (0x00acdd93) x27 0x000218c6
core   0: 0x80000e6c (0x01691a33) sll     s4, s2, s6
core   0: 3 0x80000e6c (0x01691a33) x20 0xfffff968
core   0: 0x80000e70 (0xb6f7a593) slti    a1, a5, -1169
core   0: 3 0x80000e70 (0xb6f7a593) x11 0x00000000
core   0: 0x80000e74 (0x40c0d693) srai    a3, ra, 12
core   0: 3 0x80000e74 (0x40c0d693) x13 0xffffffff
core   0: 0x80000e78 (0xf43cba97) auipc   s5, 0xf43cb
core   0: 3 0x80000e78 (0xf43cba97) x21 0x743cbe78
core   0: 0x80000e7c (0x00ca37b3) sltu    a5, s4, a2
core   0: 3 0x80000e7c (0x00ca37b3) x15 0x00000000
core   0: 0x80000e80 (0xca680c93) addi    s9, a6, -858
core   0: 3 0x80000e80 (0xca680c93) x25 0x08631861
core   0: 0x80000e84 (0x031d6a93) ori     s5, s10, 49
core   0: 3 0x80000e84 (0x031d6a93) x21 0xfffffd39
core   0: 0x80000e88 (0x9a4a1617) auipc   a2, 0x9a4a1
core   0: 3 0x80000e88 (0x9a4a1617) x12 0x1a4a1e88
core   0: 0x80000e8c (0x6bae1137) lui     sp, 0x6bae1
core   0: 3 0x80000e8c (0x6bae1137) x 2 0x6bae1000
core   0: 0x80000e90 (0x40848fb3) sub     t6, s1, s0
core   0: 3 0x80000e90 (0x40848fb3) x31 0xfeb7cd6c
core   0: 0x80000e94 (0x40305a13) srai    s4, zero, 3
core   0: 3 0x80000e94 (0x40305a13) x20 0x00000000
core   0: 0x80000e98 (0x016e1293) slli    t0, t3, 22
core   0: 3 0x80000e98 (0x016e1293) x 5 0x00400000
core   0: 0x80000e9c (0x1f360093) addi    ra, a2, 499
core   0: 3 0x80000e9c (0x1f360093) x 1 0x1a4a207b
core   0: 0x80000ea0 (0x34230693) addi    a3, t1, 834
core   0: 3 0x80000ea0 (0x34230693) x13 0x000002fb
core   0: 0x80000ea4 (0x005d6133) or      sp, s10, t0
core   0: 3 0x80000ea4 (0x005d6133) x 2 0xfffffd19
core   0: 0x80000ea8 (0x01369633) sll     a2, a3, s3
core   0: 3 0x80000ea8 (0x01369633) x12 0x000005f6
core   0: 0x80000eac (0x0164d913) srli    s2, s1, 22
core   0: 3 0x80000eac (0x0164d913) x18 0x00000200
core   0: 0x80000eb0 (0x0082deb3) srl     t4, t0, s0
core   0: 3 0x80000eb0 (0x0082deb3) x29 0x00000000
core   0: 0x80000eb4 (0x00000013) nop
core   0: 3 0x80000eb4 (0x00000013)
core   0: 0x80000eb8 (0x40a10733) sub     a4, sp, a0
core   0: 3 0x80000eb8 (0x40a10733) x14 0xfffffd18
core   0: 0x80000ebc (0xacbe0013) addi    zero, t3, -1333
core   0: 3 0x80000ebc (0xacbe0013)
core   0: 0x80000ec0 (0xccf12d93) slti    s11, sp, -817
core   0: 3 0x80000ec0 (0xccf12d93) x27 0x00000000
core   0: 0x80000ec4 (0x85c90793) addi    a5, s2, -1956
core   0: 3 0x80000ec4 (0x85c90793) x15 0xfffffa5c
core   0: 0x80000ec8 (0xbccb5b37) lui     s6, 0xbccb5
core   0: 3 0x80000ec8 (0xbccb5b37) x22 0xbccb5000
core   0: 0x80000ecc (0x00000013) nop
core   0: 3 0x80000ecc (0x00000013)
core   0: 0x80000ed0 (0xa2aeab17) auipc   s6, 0xa2aea
core   0: 3 0x80000ed0 (0xa2aeab17) x22 0x22aeaed0
core   0: 0x80000ed4 (0x4111dcb3) sra     s9, gp, a7
core   0: 3 0x80000ed4 (0x4111dcb3) x25 0x00000014
core   0: 0x80000ed8 (0x01c55993) srli    s3, a0, 28
core   0: 3 0x80000ed8 (0x01c55993) x19 0x00000000
core   0: 0x80000edc (0xfc4ff193) andi    gp, t6, -60
core   0: 3 0x80000edc (0xfc4ff193) x 3 0xfeb7cd44
core   0: 0x80000ee0 (0x3baf3713) sltiu   a4, t5, 954
core   0: 3 0x80000ee0 (0x3baf3713) x14 0x00000000
core   0: 0x80000ee4 (0x91ec6417) auipc   s0, 0x91ec6
core   0: 3 0x80000ee4 (0x91ec6417) x 8 0x11ec6ee4
core   0: 0x80000ee8 (0x00f79033) sll     zero, a5, a5
core   0: 3 0x80000ee8 (0x00f79033)
core   0: 0x80000eec (0x41f6d313) srai    t1, a3, 31
core   0: 3 0x80000eec (0x41f6d313) x 6 0x00000000
core   0: 0x80000ef0 (0x414cdb33) sra     s6, s9, s4
core   0: 3 0x80000ef0 (0x414cdb33) x22 0x00000014
core   0: 0x80000ef4 (0x41d401b3) sub     gp, s0, t4
core   0: 3 0x80000ef4 (0x41d401b3) x 3 0x11ec6ee4
core   0: 0x80000ef8 (0x6e018693) addi    a3, gp, 1760
core   0: 3 0x80000ef8 (0x6e018693) x13 0x11ec75c4
core   0: 0x80000efc (0x00ffdbb3) srl     s7, t6, a5
core   0: 3 0x80000efc (0x00ffdbb3) x23 0x0000000f
core   0: 0x80000f00 (0x002c5333) srl     t1, s8, sp
core   0: 3 0x80000f00 (0x002c5333) x 6 0x00000000
core   0: 0x80000f04 (0xcda40313) addi    t1, s0, -806
core   0: 3 0x80000f04 (0xcda40313) x 6 0x11ec6bbe
core   0: 0x80000f08 (0x407fd793) srai    a5, t6, 7
core   0: 3 0x80000f08 (0x407fd793) x15 0xfffd6f9a
core   0: 0x80000f0c (0x40165bb3) sra     s7, a2, ra
core   0: 3 0x80000f0c (0x40165bb3) x23 0x00000000
core   0: 0x80000f10 (0x00f0b0b3) sltu    ra, ra, a5
core   0: 3 0x80000f10 (0x00f0b0b3) x 1 0x00000001
core   0: 0x80000f14 (0x01175b33) srl     s6, a4, a7
core   0: 3 0x80000f14 (0x01175b33) x22 0x00000000
core   0: 0x80000f18 (0x018c8733) add     a4, s9, s8
core   0: 3 0x80000f18 (0x018c8733) x14 0x00000014
core   0: 0x80000f1c (0x00eef5b3) and     a1, t4, a4
core   0: 3 0x80000f1c (0x00eef5b3) x11 0x00000000
core   0: 0x80000f20 (0x405407b3) sub     a5, s0, t0
core   0: 3 0x80000f20 (0x405407b3) x15 0x11ac6ee4
core   0: 0x80000f24 (0x41b702b3) sub     t0, a4, s11
core   0: 3 0x80000f24 (0x41b702b3) x 5 0x00000014
core   0: 0x80000f28 (0x010fc5b3) xor     a1, t6, a6
core   0: 3 0x80000f28 (0x010fc5b3) x11 0xf6d4d6d7
core   0: 0x80000f2c (0x00000013) nop
core   0: 3 0x80000f2c (0x00000013)
core   0: 0x80000f30 (0x408d5813) srai    a6, s10, 8
core   0: 3 0x80000f30 (0x408d5813) x16 0xfffffffd
core   0: 0x80000f34 (0x96b0cb93) xori    s7, ra, -1685
core   0: 3 0x80000f34 (0x96b0cb93) x23 0xfffff96a
core   0: 0x80000f38 (0x4b366013) ori     zero, a2, 1203
core   0: 3 0x80000f38 (0x4b366013)
core   0: 0x80000f3c (0x411a0533) sub     a0, s4, a7
core   0: 3 0x80000f3c (0x411a0533) x10 0x08631bba
core   0: 0x80000f40 (0x00000013) nop
core   0: 3 0x80000f40 (0x00000013)
core   0: 0x80000f44 (0x41495533) sra     a0, s2, s4
core   0: 3 0x80000f44 (0x41495533) x10 0x00000200
core   0: 0x80000f48 (0x33548813) addi    a6, s1, 821
core   0: 3 0x80000f48 (0x33548813) x16 0x80016019
core   0: 0x80000f4c (0x003d1993) slli    s3, s10, 3
core   0: 3 0x80000f4c (0x003d1993) x19 0xffffe8c8
core   0: 0x80000f50 (0x00000013) nop
core   0: 3 0x80000f50 (0x00000013)
core   0: 0x80000f54 (0x00d45913) srli    s2, s0, 13
core   0: 3 0x80000f54 (0x00d45913) x18 0x00008f63
core   0: 0x80000f58 (0x019f8333) add     t1, t6, s9
core   0: 3 0x80000f58 (0x019f8333) x 6 0xfeb7cd80
core   0: 0x80000f5c (0x00b218b3) sll     a7, tp, a1
core   0: 3 0x80000f5c (0x00b218b3) x17 0xbe800000
core   0: 0x80000f60 (0xfb1cba93) sltiu   s5, s9, -79
core   0: 3 0x80000f60 (0xfb1cba93) x21 0x00000001
core   0: 0x80000f64 (0x00e6d593) srli    a1, a3, 14
core   0: 3 0x80000f64 (0x00e6d593) x11 0x000047b1
core   0: 0x80000f68 (0x417cd413) srai    s0, s9, 23
core   0: 3 0x80000f68 (0x417cd413) x 8 0x00000000
core   0: 0x80000f6c (0x504916b7) lui     a3, 0x50491
core   0: 3 0x80000f6c (0x504916b7) x13 0x50491000
core   0: 0x80000f70 (0x72f54293) xori    t0, a0, 1839
core   0: 3 0x80000f70 (0x72f54293) x 5 0x0000052f
core   0: 0x80000f74 (0x00cefe33) and     t3, t4, a2
core   0: 3 0x80000f74 (0x00cefe33) x28 0x00000000
core   0: 0x80000f78 (0x00154433) xor     s0, a0, ra
core   0: 3 0x80000f78 (0x00154433) x 8 0x00000201
core   0: 0x80000f7c (0x0167f333) and     t1, a5, s6
core   0: 3 0x80000f7c (0x0167f333) x 6 0x00000000
core   0: 0x80000f80 (0xa2480013) addi    zero, a6, -1500
core   0: 3 0x80000f80 (0xa2480013)
core   0: 0x80000f84 (0x8c838613) addi    a2, t2, -1848
core   0: 3 0x80000f84 (0x8c838613) x12 0x8001172c
core   0: 0x80000f88 (0x00000013) nop
core   0: 3 0x80000f88 (0x00000013)
core   0: 0x80000f8c (0xc0cef693) andi    a3, t4, -1012
core   0: 3 0x80000f8c (0xc0cef693) x13 0x00000000
core   0: 0x80000f90 (0x000e0c33) add     s8, t3, zero
core   0: 3 0x80000f90 (0x000e0c33) x24 0x00000000
core   0: 0x80000f94 (0x00f2ce33) xor     t3, t0, a5
core   0: 3 0x80000f94 (0x00f2ce33) x28 0x11ac6bcb
core   0: 0x80000f98 (0x00f76db3) or      s11, a4, a5
core   0: 3 0x80000f98 (0x00f76db3) x27 0x11ac6ef4
core   0: 0x80000f9c (0xad6a3e93) sltiu   t4, s4, -1322
core   0: 3 0x80000f9c (0xad6a3e93) x29 0x00000001
core   0: 0x80000fa0 (0x01990d33) add     s10, s2, s9
core   0: 3 0x80000fa0 (0x01990d33) x26 0x00008f77
core   0: 0x80000fa4 (0xddb1e713) ori     a4, gp, -549
core   0: 3 0x80000fa4 (0xddb1e713) x14 0xffffffff
core   0: 0x80000fa8 (0xddbb7693) andi    a3, s6, -549
core   0: 3 0x80000fa8 (0xddbb7693) x13 0x00000000
core   0: 0x80000fac (0x01f85633) srl     a2, a6, t6
core   0: 3 0x80000fac (0x01f85633) x12 0x00080016
core   0: 0x80000fb0 (0xd99d8e13) addi    t3, s11, -615
core   0: 3 0x80000fb0 (0xd99d8e13) x28 0x11ac6c8d
core   0: 0x80000fb4 (0x018d8cb3) add     s9, s11, s8
core   0: 3 0x80000fb4 (0x018d8cb3) x25 0x11ac6ef4
core   0: 0x80000fb8 (0x41f35c13) srai    s8, t1, 31
core   0: 3 0x80000fb8 (0x41f35c13) x24 0x00000000
core   0: 0x80000fbc (0xb5a6ee93) ori     t4, a3, -1190
core   0: 3 0x80000fbc (0xb5a6ee93) x29 0xfffffb5a
core   0: 0x80000fc0 (0x00000013) nop
core   0: 3 0x80000fc0 (0x00000013)
core   0: 0x80000fc4 (0xe4b16293) ori     t0, sp, -437
core   0: 3 0x80000fc4 (0xe4b16293) x 5 0xffffff5b
core   0: 0x80000fc8 (0x01837033) and     zero, t1, s8
core   0: 3 0x80000fc8 (0x01837033)
core   0: 0x80000fcc (0x59e8ed13) ori     s10, a7, 1438
core   0: 3 0x80000fcc (0x59e8ed13) x26 0xbe80059e
core   0: 0x80000fd0 (0x5de7b613) sltiu   a2, a5, 1502
core   0: 3 0x80000fd0 (0x5de7b613) x12 0x00000000
core   0: 0x80000fd4 (0x97da4313) xori    t1, s4, -1667
core   0: 3 0x80000fd4 (0x97da4313) x 6 0xfffff97d
core   0: 0x80000fd8 (0x00c7c833) xor     a6, a5, a2
core   0: 3 0x80000fd8 (0x00c7c833) x16 0x11ac6ee4
core   0: 0x80000fdc (0x407e5013) srai    zero, t3, 7
core   0: 3 0x80000fdc (0x407e5013)
core   0: 0x80000fe0 (0x011831b3) sltu    gp, a6, a7
core   0: 3 0x80000fe0 (0x011831b3) x 3 0x00000001
core   0: 0x80000fe4 (0x00cb5313) srli    t1, s6, 12
core   0: 3 0x80000fe4 (0x00cb5313) x 6 0x00000000
core   0: 0x80000fe8 (0xec458d13) addi    s10, a1, -316
core   0: 3 0x80000fe8 (0xec458d13) x26 0x00004675
core   0: 0x80000fec (0x9b5d8897) auipc   a7, 0x9b5d8
core   0: 3 0x80000fec (0x9b5d8897) x17 0x1b5d8fec
core   0: 0x80000ff0 (0x00913433) sltu    s0, sp, s1
core   0: 3 0x80000ff0 (0x00913433) x 8 0x00000000
core   0: 0x80000ff4 (0x66d14093) xori    ra, sp, 1645
core   0: 3 0x80000ff4 (0x66d14093) x 1 0xfffffb74
core   0: 0x80000ff8 (0x6ca48b13) addi    s6, s1, 1738
core   0: 3 0x80000ff8 (0x6ca48b13) x22 0x800163ae
core   0: 0x80000ffc (0x4aa24613) xori    a2, tp, 1194
core   0: 3 0x80000ffc (0x4aa24613) x12 0xfec395d7
core   0: 0x80001000 (0x00a996b3) sll     a3, s3, a0
core   0: 3 0x80001000 (0x00a996b3) x13 0xffffe8c8
core   0: 0x80001004 (0x40f2d793) srai    a5, t0, 15
core   0: 3 0x80001004 (0x40f2d793) x15 0xffffffff
core   0: 0x80001008 (0x4a488b17) auipc   s6, 0x4a488
core   0: 3 0x80001008 (0x4a488b17) x22 0xca489008
core   0: 0x8000100c (0x013d58b3) srl     a7, s10, s3
core   0: 3 0x8000100c (0x013d58b3) x17 0x00000046
core   0: 0x80001010 (0xb97efe93) andi    t4, t4, -1129
core   0: 3 0x80001010 (0xb97efe93) x29 0xfffffb12
core   0: 0x80001014 (0x17c7cf93) xori    t6, a5, 380
core   0: 3 0x80001014 (0x17c7cf93) x31 0xfffffe83
core   0: 0x80001018 (0x41305413) srai    s0, zero, 19
core   0: 3 0x80001018 (0x41305413) x 8 0x00000000
core   0: 0x8000101c (0x7d331037) lui     zero, 0x7d331
core   0: 3 0x8000101c (0x7d331037)
core   0: 0x80001020 (0x01125eb3) srl     t4, tp, a7
core   0: 3 0x80001020 (0x01125eb3) x29 0x03fb0e45
core   0: 0x80001024 (0x8ab64e13) xori    t3, a2, -1877
core   0: 3 0x80001024 (0x8ab64e13) x28 0x013c6d7c
core   0: 0x80001028 (0xf6c43017) auipc   zero, 0xf6c43
core   0: 3 0x80001028 (0xf6c43017)
core   0: 0x8000102c (0xecd9d297) auipc   t0, 0xecd9d
core   0: 3 0x8000102c (0xecd9d297) x 5 0x6cd9e02c
core   0: 0x80001030 (0xdd0bb193) sltiu   gp, s7, -560
core   0: 3 0x80001030 (0xdd0bb193) x 3 0x00000001
core   0: 0x80001034 (0x40afd9b3) sra     s3, t6, a0
core   0: 3 0x80001034 (0x40afd9b3) x19 0xfffffe83
core   0: 0x80001038 (0x0031d813) srli    a6, gp, 3
core   0: 3 0x80001038 (0x0031d813) x16 0x00000000
core   0: 0x8000103c (0xc59b2293) slti    t0, s6, -935
core   0: 3 0x8000103c (0xc59b2293) x 5 0x00000001
core   0: 0x80001040 (0x00a2ffb3) and     t6, t0, a0
core   0: 3 0x80001040 (0x00a2ffb3) x31 0x00000000
core   0: 0x80001044 (0x410edc33) sra     s8, t4, a6
core   0: 3 0x80001044 (0x410edc33) x24 0x03fb0e45
core   0: 0x80001048 (0x00ea0333) add     t1, s4, a4
core   0: 3 0x80001048 (0x00ea0333) x 6 0xffffffff
core   0: 0x8000104c (0xf2833593) sltiu   a1, t1, -216
core   0: 3 0x8000104c (0xf2833593) x11 0x00000000
core   0: 0x80001050 (0x12469f97) auipc   t6, 0x12469
core   0: 3 0x80001050 (0x12469f97) x31 0x9246a050
core   0: 0x80001054 (0x00d2eb33) or      s6, t0, a3
core   0: 3 0x80001054 (0x00d2eb33) x22 0xffffe8c9
core   0: 0x80001058 (0x79f27d97) auipc   s11, 0x79f27
core   0: 3 0x80001058 (0x79f27d97) x27 0xf9f28058
core   0: 0x8000105c (0x639bf913) andi    s2, s7, 1593
core   0: 3 0x8000105c (0x639bf913) x18 0x00000028
core   0: 0x80001060 (0x3aa6b597) auipc   a1, 0x3aa6b
core   0: 3 0x80001060 (0x3aa6b597) x11 0xbaa6c060
core   0: 0x80001064 (0x9b9e0e17) auipc   t3, 0x9b9e0
core   0: 3 0x80001064 (0x9b9e0e17) x28 0x1b9e1064
core   0: 0x80001068 (0xdd7f7893) andi    a7, t5, -553
core   0: 3 0x80001068 (0xdd7f7893) x17 0x47a1ac44
core   0: 0x8000106c (0x01abcd33) xor     s10, s7, s10
core   0: 3 0x8000106c (0x01abcd33) x26 0xffffbf1f
core   0: 0x80001070 (0x00000013) nop
core   0: 3 0x80001070 (0x00000013)
core   0: 0x80001074 (0x405fd713) srai    a4, t6, 5
core   0: 3 0x80001074 (0x405fd713) x14 0xfc923502
core   0: 0x80001078 (0x00915013) srli    zero, sp, 9
core   0: 3 0x80001078 (0x00915013)
core   0: 0x8000107c (0x413f0d13) addi    s10, t5, 1043
core   0: 3 0x8000107c (0x413f0d13) x26 0x47a1b257
core   0: 0x80001080 (0x01adf7b3) and     a5, s11, s10
core   0: 3 0x80001080 (0x01adf7b3) x15 0x41a08050
core   0: 0x80001084 (0x0b8f4d97) auipc   s11, 0xb8f4
core   0: 3 0x80001084 (0x0b8f4d97) x27 0x8b8f5084
core   0: 0x80001088 (0x40d559b3) sra     s3, a0, a3
core   0: 3 0x80001088 (0x40d559b3) x19 0x00000002
core   0: 0x8000108c (0x018bfe33) and     t3, s7, s8
core   0: 3 0x8000108c (0x018bfe33) x28 0x03fb0840
core   0: 0x80001090 (0x00c610b3) sll     ra, a2, a2
core   0: 3 0x80001090 (0x00c610b3) x 1 0xeb800000
core   0: 0x80001094 (0x41a3dfb3) sra     t6, t2, s10
core   0: 3 0x80001094 (0x41a3dfb3) x31 0xffffff00
core   0: 0x80001098 (0x153a6813) ori     a6, s4, 339
core   0: 3 0x80001098 (0x153a6813) x16 0x00000153
core   0: 0x8000109c (0x62b07897) auipc   a7, 0x62b07
core   0: 3 0x8000109c (0x62b07897) x17 0xe2b0809c
core   0: 0x800010a0 (0xbeeaec93) ori     s9, s5, -1042
core   0: 3 0x800010a0 (0xbeeaec93) x25 0xfffffbef
core   0: 0x800010a4 (0x003b06b3) add     a3, s6, gp
core   0: 3 0x800010a4 (0x003b06b3) x13 0xffffe8ca
core   0: 0x800010a8 (0x00000013) nop
core   0: 3 0x800010a8 (0x00000013)
core   0: 0x800010ac (0x41d35f13) srai    t5, t1, 29
core   0: 3 0x800010ac (0x41d35f13) x30 0xffffffff
core   0: 0x800010b0 (0x8cd7cb93) xori    s7, a5, -1843
core   0: 3 0x800010b0 (0x8cd7cb93) x23 0xbe5f789d
core   0: 0x800010b4 (0x01745533) srl     a0, s0, s7
core   0: 3 0x800010b4 (0x01745533) x10 0x00000000
core   0: 0x800010b8 (0x809ab417) auipc   s0, 0x809ab
core   0: 3 0x800010b8 (0x809ab417) x 8 0x009ac0b8
core   0: 0x800010bc (0xe55c8f93) addi    t6, s9, -427
core   0: 3 0x800010bc (0xe55c8f93) x31 0xfffffa44
core   0: 0x800010c0 (0x00ad6a33) or      s4, s10, a0
core   0: 3 0x800010c0 (0x00ad6a33) x20 0x47a1b257
core   0: 0x800010c4 (0x757d8b93) addi    s7, s11, 1879
core   0: 3 0x800010c4 (0x757d8b93) x23 0x8b8f57db
core   0: 0x800010c8 (0x404e5eb3) sra     t4, t3, tp
core   0: 3 0x800010c8 (0x404e5eb3) x29 0x00000000
core   0: 0x800010cc (0x006ef333) and     t1, t4, t1
core   0: 3 0x800010cc (0x006ef333) x 6 0x00000000
core   0: 0x800010d0 (0x468c0e93) addi    t4, s8, 1128
core   0: 3 0x800010d0 (0x468c0e93) x29 0x03fb12ad
core   0: 0x800010d4 (0x00de1713) slli    a4, t3, 13
core   0: 3 0x800010d4 (0x00de1713) x14 0x61080000
core   0: 0x800010d8 (0xdd2d2713) slti    a4, s10, -558
core   0: 3 0x800010d8 (0xdd2d2713) x14 0x00000000
core   0: 0x800010dc (0x00ea4ab3) xor     s5, s4, a4
core   0: 3 0x800010dc (0x00ea4ab3) x21 0x47a1b257
core   0: 0x800010e0 (0x01c3af33) slt     t5, t2, t3
core   0: 3 0x800010e0 (0x01c3af33) x30 0x00000001
core   0: 0x800010e4 (0xed8f4093) xori    ra, t5, -296
core   0: 3 0x800010e4 (0xed8f4093) x 1 0xfffffed9
core   0: 0x800010e8 (0x019256b3) srl     a3, tp, s9
core   0: 3 0x800010e8 (0x019256b3) x13 0x0001fd87
core   0: 0x800010ec (0x015f6c33) or      s8, t5, s5
core   0: 3 0x800010ec (0x015f6c33) x24 0x47a1b257
core   0: 0x800010f0 (0x41200b33) sub     s6, zero, s2
core   0: 3 0x800010f0 (0x41200b33) x22 0xffffffd8
core   0: 0x800010f4 (0x29982513) slti    a0, a6, 665
core   0: 3 0x800010f4 (0x29982513) x10 0x00000001
core   0: 0x800010f8 (0x00efd5b3) srl     a1, t6, a4
core   0: 3 0x800010f8 (0x00efd5b3) x11 0xfffffa44
core   0: 0x800010fc (0x8d6e0313) addi    t1, t3, -1834
core   0: 3 0x800010fc (0x8d6e0313) x 6 0x03fb0116
core   0: 0x80001100 (0x00001d33) sll     s10, zero, zero
core   0: 3 0x80001100 (0x00001d33) x26 0x00000000
core   0: 0x80001104 (0x012fbcb3) sltu    s9, t6, s2
core   0: 3 0x80001104 (0x012fbcb3) x25 0x00000000
core   0: 0x80001108 (0xd244b013) sltiu   zero, s1, -732
core   0: 3 0x80001108 (0xd244b013)
core   0: 0x8000110c (0x01e9a5b3) slt     a1, s3, t5
core   0: 3 0x8000110c (0x01e9a5b3) x11 0x00000000
core   0: 0x80001110 (0x00b62533) slt     a0, a2, a1
core   0: 3 0x80001110 (0x00b62533) x10 0x00000001
core   0: 0x80001114 (0x0049c6b3) xor     a3, s3, tp
core   0: 3 0x80001114 (0x0049c6b3) x13 0xfec3917f
core   0: 0x80001118 (0x0014c833) xor     a6, s1, ra
core   0: 3 0x80001118 (0x0014c833) x16 0x7ffea23d
core   0: 0x8000111c (0xcd45a793) slti    a5, a1, -812
core   0: 3 0x8000111c (0xcd45a793) x15 0x00000000
core   0: 0x80001120 (0x4143dd33) sra     s10, t2, s4
core   0: 3 0x80001120 (0x4143dd33) x26 0xffffff00
core   0: 0x80001124 (0x01669193) slli    gp, a3, 22
core   0: 3 0x80001124 (0x01669193) x 3 0x5fc00000
core   0: 0x80001128 (0xb7e62b37) lui     s6, 0xb7e62
core   0: 3 0x80001128 (0xb7e62b37) x22 0xb7e62000
core   0: 0x8000112c (0x70feef13) ori     t5, t4, 1807
core   0: 3 0x8000112c (0x70feef13) x30 0x03fb17af
core   0: 0x80001130 (0xb83f0e17) auipc   t3, 0xb83f0
core   0: 3 0x80001130 (0xb83f0e17) x28 0x383f1130
core   0: 0x80001134 (0x011f8833) add     a6, t6, a7
core   0: 3 0x80001134 (0x011f8833) x16 0xe2b07ae0
core   0: 0x80001138 (0x5044ef97) auipc   t6, 0x5044e
core   0: 3 0x80001138 (0x5044ef97) x31 0xd044f138
core   0: 0x8000113c (0x1c5b7a93) andi    s5, s6, 453
core   0: 3 0x8000113c (0x1c5b7a93) x21 0x00000000
core   0: 0x80001140 (0x00242133) slt     sp, s0, sp
core   0: 3 0x80001140 (0x00242133) x 2 0x00000000
core   0: 0x80001144 (0x014555b3) srl     a1, a0, s4
core   0: 3 0x80001144 (0x014555b3) x11 0x00000000
core   0: 0x80001148 (0x015a1693) slli    a3, s4, 21
core   0: 3 0x80001148 (0x015a1693) x13 0x4ae00000
core   0: 0x8000114c (0x2942fd13) andi    s10, t0, 660
core   0: 3 0x8000114c (0x2942fd13) x26 0x00000000
core   0: 0x80001150 (0x017b1313) slli    t1, s6, 23
core   0: 3 0x80001150 (0x017b1313) x 6 0x00000000
core   0: 0x80001154 (0xb5311197) auipc   gp, 0xb5311
core   0: 3 0x80001154 (0xb5311197) x 3 0x35312154
core   0: 0x80001158 (0x2bf5bf93) sltiu   t6, a1, 703
core   0: 3 0x80001158 (0x2bf5bf93) x31 0x00000001
core   0: 0x8000115c (0xdc10fe93) andi    t4, ra, -575
core   0: 3 0x8000115c (0xdc10fe93) x29 0xfffffcc1
core   0: 0x80001160 (0x019580b3) add     ra, a1, s9
core   0: 3 0x80001160 (0x019580b3) x 1 0x00000000
core   0: 0x80001164 (0x408edcb3) sra     s9, t4, s0
core   0: 3 0x80001164 (0x408edcb3) x25 0xffffffff
core   0: 0x80001168 (0x5bfaee13) ori     t3, s5, 1471
core   0: 3 0x80001168 (0x5bfaee13) x28 0x000005bf
core   0: 0x8000116c (0x0030e7b3) or      a5, ra, gp
core   0: 3 0x8000116c (0x0030e7b3) x15 0x35312154
core   0: 0x80001170 (0x00bd5d93) srli    s11, s10, 11
core   0: 3 0x80001170 (0x00bd5d93) x27 0x00000000
core   0: 0x80001174 (0x01a11033) sll     zero, sp, s10
core   0: 3 0x80001174 (0x01a11033)
core   0: 0x80001178 (0x0108f6b3) and     a3, a7, a6
core   0: 3 0x80001178 (0x0108f6b3) x13 0xe2b00080
core   0: 0x8000117c (0x0be16e13) ori     t3, sp, 190
core   0: 3 0x8000117c (0x0be16e13) x28 0x000000be
core   0: 0x80001180 (0x00bf18b3) sll     a7, t5, a1
core   0: 3 0x80001180 (0x00bf18b3) x17 0x03fb17af
core   0: 0x80001184 (0x81bba637) lui     a2, 0x81bba
core   0: 3 0x80001184 (0x81bba637) x12 0x81bba000
core   0: 0x80001188 (0x01e66833) or      a6, a2, t5
core   0: 3 0x80001188 (0x01e66833) x16 0x83fbb7af
core   0: 0x8000118c (0x9c2cfab7) lui     s5, 0x9c2cf
core   0: 3 0x8000118c (0x9c2cfab7) x21 0x9c2cf000
core   0: 0x80001190 (0x86b4e693) ori     a3, s1, -1941
core   0: 3 0x80001190 (0x86b4e693) x13 0xfffffcef
core   0: 0x80001194 (0xd0cf9197) auipc   gp, 0xd0cf9
core   0: 3 0x80001194 (0xd0cf9197) x 3 0x50cfa194
core   0: 0x80001198 (0x97a2b813) sltiu   a6, t0, -1670
core   0: 3 0x80001198 (0x97a2b813) x16 0x00000001
core   0: 0x8000119c (0xf06177b7) lui     a5, 0xf0617
core   0: 3 0x8000119c (0xf06177b7) x15 0xf0617000
core   0: 0x800011a0 (0x6b3e4693) xori    a3, t3, 1715
core   0: 3 0x800011a0 (0x6b3e4693) x13 0x0000060d
core   0: 0x800011a4 (0x0a10b293) sltiu   t0, ra, 161
core   0: 3 0x800011a4 (0x0a10b293) x 5 0x00000001
core   0: 0x800011a8 (0x4114dfb3) sra     t6, s1, a7
core   0: 3 0x800011a8 (0x4114dfb3) x31 0xffff0002
core   0: 0x800011ac (0xadbefd93) andi    s11, t4, -1317
core   0: 3 0x800011ac (0xadbefd93) x27 0xfffff8c1
core   0: 0x800011b0 (0x40c2da33) sra     s4, t0, a2
core   0: 3 0x800011b0 (0x40c2da33) x20 0x00000001
core   0: 0x800011b4 (0x01f09613) slli    a2, ra, 31
core   0: 3 0x800011b4 (0x01f09613) x12 0x00000000
core   0: 0x800011b8 (0x01975eb3) srl     t4, a4, s9
core   0: 3 0x800011b8 (0x01975eb3) x29 0x00000000
core   0: 0x800011bc (0x00839a13) slli    s4, t2, 8
core   0: 3 0x800011bc (0x00839a13) x20 0x011e6400
core   0: 0x800011c0 (0x702a2a37) lui     s4, 0x702a2
core   0: 3 0x800011c0 (0x702a2a37) x20 0x702a2000
core   0: 0x800011c4 (0x49478613) addi    a2, a5, 1172
core   0: 3 0x800011c4 (0x49478613) x12 0xf0617494
core   0: 0x800011c8 (0x56b14793) xori    a5, sp, 1387
core   0: 3 0x800011c8 (0x56b14793) x15 0x0000056b
core   0: 0x800011cc (0x401c5c93) srai    s9, s8, 1
core   0: 3 0x800011cc (0x401c5c93) x25 0x23d0d92b
core   0: 0x800011d0 (0x01ac2d33) slt     s10, s8, s10
core   0: 3 0x800011d0 (0x01ac2d33) x26 0x00000000
core   0: 0x800011d4 (0x000c1333) sll     t1, s8, zero
core   0: 3 0x800011d4 (0x000c1333) x 6 0x47a1b257
core   0: 0x800011d8 (0x1ced3197) auipc   gp, 0x1ced3
core   0: 3 0x800011d8 (0x1ced3197) x 3 0x9ced41d8
core   0: 0x800011dc (0x00000013) nop
core   0: 3 0x800011dc (0x00000013)
core   0: 0x800011e0 (0x00000013) nop
core   0: 3 0x800011e0 (0x00000013)
core   0: 0x800011e4 (0x00000013) nop
core   0: 3 0x800011e4 (0x00000013)
core   0: 0x800011e8 (0x1bf8b313) sltiu   t1, a7, 447
core   0: 3 0x800011e8 (0x1bf8b313) x 6 0x00000000
core   0: 0x800011ec (0x6ee9fe93) andi    t4, s3, 1774
core   0: 3 0x800011ec (0x6ee9fe93) x29 0x00000002
core   0: 0x800011f0 (0x00000013) nop
core   0: 3 0x800011f0 (0x00000013)
core   0: 0x800011f4 (0x014a8133) add     sp, s5, s4
core   0: 3 0x800011f4 (0x014a8133) x 2 0x0c571000
core   0: 0x800011f8 (0xac13fc13) andi    s8, t2, -1343
core   0: 3 0x800011f8 (0xac13fc13) x24 0x80011a40
core   0: 0x800011fc (0xf3fdab17) auipc   s6, 0xf3fda
core   0: 3 0x800011fc (0xf3fdab17) x22 0x73fdb1fc
core   0: 0x80001200 (0x4143df93) srai    t6, t2, 20
core   0: 3 0x80001200 (0x4143df93) x31 0xfffff800
core   0: 0x80001204 (0x51056013) ori     zero, a0, 1296
core   0: 3 0x80001204 (0x51056013)
core   0: 0x80001208 (0xd2fea797) auipc   a5, 0xd2fea
core   0: 3 0x80001208 (0xd2fea797) x15 0x52feb208
core   0: 0x8000120c (0x01ffa5b3) slt     a1, t6, t6
core   0: 3 0x8000120c (0x01ffa5b3) x11 0x00000000
core   0: 0x80001210 (0x002652b3) srl     t0, a2, sp
core   0: 3 0x80001210 (0x002652b3) x 5 0xf0617494
core   0: 0x80001214 (0x014f1d33) sll     s10, t5, s4
core   0: 3 0x80001214 (0x014f1d33) x26 0x03fb17af
core   0: 0x80001218 (0x121fa613) slti    a2, t6, 289
core   0: 3 0x80001218 (0x121fa613) x12 0x00000001
core   0: 0x8000121c (0xb98e2d93) slti    s11, t3, -1128
core   0: 3 0x8000121c (0xb98e2d93) x27 0x00000000
core   0: 0x80001220 (0x42e7fb13) andi    s6, a5, 1070
core   0: 3 0x80001220 (0x42e7fb13) x22 0x00000008
core   0: 0x80001224 (0x96460713) addi    a4, a2, -1692
core   0: 3 0x80001224 (0x96460713) x14 0xfffff965
core   0: 0x80001228 (0x00b98fb3) add     t6, s3, a1
core   0: 3 0x80001228 (0x00b98fb3) x31 0x00000002
core   0: 0x8000122c (0x00f71313) slli    t1, a4, 15
core   0: 3 0x8000122c (0x00f71313) x 6 0xfcb28000
core   0: 0x80001230 (0x0426f417) auipc   s0, 0x426f
core   0: 3 0x80001230 (0x0426f417) x 8 0x84270230
core   0: 0x80001234 (0x40605293) srai    t0, zero, 6
core   0: 3 0x80001234 (0x40605293) x 5 0x00000000
core   0: 0x80001238 (0x019e7fb3) and     t6, t3, s9
core   0: 3 0x80001238 (0x019e7fb3) x31 0x0000002a
core   0: 0x8000123c (0x00d75513) srli    a0, a4, 13
core   0: 3 0x8000123c (0x00d75513) x10 0x0007ffff
core   0: 0x80001240 (0x01c7b7b3) sltu    a5, a5, t3
core   0: 3 0x80001240 (0x01c7b7b3) x15 0x00000000
core   0: 0x80001244 (0x00914a33) xor     s4, sp, s1
core   0: 3 0x80001244 (0x00914a33) x20 0x8c564ce4
core   0: 0x80001248 (0x40c202b3) sub     t0, tp, a2
core   0: 3 0x80001248 (0x40c202b3) x 5 0xfec3917c
core   0: 0x8000124c (0x00b455b3) srl     a1, s0, a1
core   0: 3 0x8000124c (0x00b455b3) x11 0x84270230
core   0: 0x80001250 (0x00701333) sll     t1, zero, t2
core   0: 3 0x80001250 (0x00701333) x 6 0x00000000
core   0: 0x80001254 (0x2ef58913) addi    s2, a1, 751
core   0: 3 0x80001254 (0x2ef58913) x18 0x8427051f
core   0: 0x80001258 (0x4043dd33) sra     s10, t2, tp
core   0: 3 0x80001258 (0x4043dd33) x26 0xfffffffc
core   0: 0x8000125c (0x0080a633) slt     a2, ra, s0
core   0: 3 0x8000125c (0x0080a633) x12 0x00000000
core   0: 0x80001260 (0xb6398c93) addi    s9, s3, -1181
core   0: 3 0x80001260 (0xb6398c93) x25 0xfffffb65
core   0: 0x80001264 (0xf3ba9297) auipc   t0, 0xf3ba9
core   0: 3 0x80001264 (0xf3ba9297) x 5 0x73baa264
core   0: 0x80001268 (0x41200db3) sub     s11, zero, s2
core   0: 3 0x80001268 (0x41200db3) x27 0x7bd8fae1
core   0: 0x8000126c (0x41258333) sub     t1, a1, s2
core   0: 3 0x8000126c (0x41258333) x 6 0xfffffd11
core   0: 0x80001270 (0x41d45433) sra     s0, s0, t4
core   0: 3 0x80001270 (0x41d45433) x 8 0xe109c08c
core   0: 0x80001274 (0x0132aeb3) slt     t4, t0, s3
core   0: 3 0x80001274 (0x0132aeb3) x29 0x00000000
core   0: 0x80001278 (0x015d5693) srli    a3, s10, 21
core   0: 3 0x80001278 (0x015d5693) x13 0x000007ff
core   0: 0x8000127c (0x00443633) sltu    a2, s0, tp
core   0: 3 0x8000127c (0x00443633) x12 0x00000001
core   0: 0x80001280 (0x0f7d7b93) andi    s7, s10, 247
core   0: 3 0x80001280 (0x0f7d7b93) x23 0x000000f4
core   0: 0x80001284 (0x006269b3) or      s3, tp, t1
core   0: 3 0x80001284 (0x006269b3) x19 0xfffffd7d
core   0: 0x80001288 (0x004f3ab3) sltu    s5, t5, tp
core   0: 3 0x80001288 (0x004f3ab3) x21 0x00000001
core   0: 0x8000128c (0x2c3f8b13) addi    s6, t6, 707
core   0: 3 0x8000128c (0x2c3f8b13) x22 0x000002ed
core   0: 0x80001290 (0x41660633) sub     a2, a2, s6
core   0: 3 0x80001290 (0x41660633) x12 0xfffffd14
core   0: 0x80001294 (0x40968d33) sub     s10, a3, s1
core   0: 3 0x80001294 (0x40968d33) x26 0x7ffeab1b
core   0: 0x80001298 (0x00000013) nop
core   0: 3 0x80001298 (0x00000013)
core   0: 0x8000129c (0x00bcda13) srli    s4, s9, 11
core   0: 3 0x8000129c (0x00bcda13) x20 0x001fffff
core   0: 0x800012a0 (0x84e6eb93) ori     s7, a3, -1970
core   0: 3 0x800012a0 (0x84e6eb93) x23 0xffffffff
core   0: 0x800012a4 (0x00000013) nop
core   0: 3 0x800012a4 (0x00000013)
core   0: 0x800012a8 (0x0101d1b3) srl     gp, gp, a6
core   0: 3 0x800012a8 (0x0101d1b3) x 3 0x4e76a0ec
core   0: 0x800012ac (0xe3b53297) auipc   t0, 0xe3b53
core   0: 3 0x800012ac (0xe3b53297) x 5 0x63b542ac
core   0: 0x800012b0 (0x010749b3) xor     s3, a4, a6
core   0: 3 0x800012b0 (0x010749b3) x19 0xfffff964
core   0: 0x800012b4 (0x009a6533) or      a0, s4, s1
core   0: 3 0x800012b4 (0x009a6533) x10 0x801fffff
core   0: 0x800012b8 (0x777be793) ori     a5, s7, 1911
core   0: 3 0x800012b8 (0x777be793) x15 0xffffffff
core   0: 0x800012bc (0x41dc8333) sub     t1, s9, t4
core   0: 3 0x800012bc (0x41dc8333) x 6 0xfffffb65
core   0: 0x800012c0 (0x7599cb13) xori    s6, s3, 1881
core   0: 3 0x800012c0 (0x7599cb13) x22 0xfffffe3d
core   0: 0x800012c4 (0x00fa9fb3) sll     t6, s5, a5
core   0: 3 0x800012c4 (0x00fa9fb3) x31 0x80000000
core   0: 0x800012c8 (0xa3028613) addi    a2, t0, -1488
core   0: 3 0x800012c8 (0xa3028613) x12 0x63b53cdc
core   0: 0x800012cc (0x10334b37) lui     s6, 0x10334
core   0: 3 0x800012cc (0x10334b37) x22 0x10334000
core   0: 0x800012d0 (0x019206b3) add     a3, tp, s9
core   0: 3 0x800012d0 (0x019206b3) x13 0xfec38ce2
core   0: 0x800012d4 (0xad3f0413) addi    s0, t5, -1325
core   0: 3 0x800012d4 (0xad3f0413) x 8 0x03fb1282
core   0: 0x800012d8 (0x2af93b13) sltiu   s6, s2, 687
core   0: 3 0x800012d8 (0x2af93b13) x22 0x00000000
core   0: 0x800012dc (0x014451b3) srl     gp, s0, s4
core   0: 3 0x800012dc (0x014451b3) x 3 0x00000000
core   0: 0x800012e0 (0xa701dbb7) lui     s7, 0xa701d
core   0: 3 0x800012e0 (0xa701dbb7) x23 0xa701d000
core   0: 0x800012e4 (0xa0faff17) auipc   t5, 0xa0faf
core   0: 3 0x800012e4 (0xa0faff17) x30 0x20fb02e4
core   0: 0x800012e8 (0x97b84297) auipc   t0, 0x97b84
core   0: 3 0x800012e8 (0x97b84297) x 5 0x17b852e8
core   0: 0x800012ec (0x0039b0b3) sltu    ra, s3, gp
core   0: 3 0x800012ec (0x0039b0b3) x 1 0x00000000
core   0: 0x800012f0 (0x81454c13) xori    s8, a0, -2028
core   0: 3 0x800012f0 (0x81454c13) x24 0x7fe007eb
core   0: 0x800012f4 (0x01cb5993) srli    s3, s6, 28
core   0: 3 0x800012f4 (0x01cb5993) x19 0x00000000
core   0: 0x800012f8 (0x413c58b3) sra     a7, s8, s3
core   0: 3 0x800012f8 (0x413c58b3) x17 0x7fe007eb
core   0: 0x800012fc (0x0173a733) slt     a4, t2, s7
core   0: 3 0x800012fc (0x0173a733) x14 0x00000001
core   0: 0x80001300 (0x21e17593) andi    a1, sp, 542
core   0: 3 0x80001300 (0x21e17593) x11 0x00000000
core   0: 0x80001304 (0x41978c33) sub     s8, a5, s9
core   0: 3 0x80001304 (0x41978c33) x24 0x0000049a
core   0: 0x80001308 (0x011236b3) sltu    a3, tp, a7
core   0: 3 0x80001308 (0x011236b3) x13 0x00000000
core   0: 0x8000130c (0x3f728c93) addi    s9, t0, 1015
core   0: 3 0x8000130c (0x3f728c93) x25 0x17b856df
core   0: 0x80001310 (0x00000013) nop
core   0: 3 0x80001310 (0x00000013)
core   0: 0x80001314 (0x01cad1b3) srl     gp, s5, t3
core   0: 3 0x80001314 (0x01cad1b3) x 3 0x00000000
core   0: 0x80001318 (0xdf99ba93) sltiu   s5, s3, -519
core   0: 3 0x80001318 (0xdf99ba93) x21 0x00000001
core   0: 0x8000131c (0x15c10c93) addi    s9, sp, 348
core   0: 3 0x8000131c (0x15c10c93) x25 0x0c57115c
core   0: 0x80001320 (0x008292b3) sll     t0, t0, s0
core   0: 3 0x80001320 (0x008292b3) x 5 0x5ee14ba0
core   0: 0x80001324 (0x00f9dd13) srli    s10, s3, 15
core   0: 3 0x80001324 (0x00f9dd13) x26 0x00000000
core   0: 0x80001328 (0x00be0d33) add     s10, t3, a1
core   0: 3 0x80001328 (0x00be0d33) x26 0x000000be
core   0: 0x8000132c (0x00691293) slli    t0, s2, 6
core   0: 3 0x8000132c (0x00691293) x 5 0x09c147c0
core   0: 0x80001330 (0x8d2fc893) xori    a7, t6, -1838
core   0: 3 0x80001330 (0x8d2fc893) x17 0x7ffff8d2
core   0: 0x80001334 (0x01173d33) sltu    s10, a4, a7
core   0: 3 0x80001334 (0x01173d33) x26 0x00000001
core   0: 0x80001338 (0x01cbe7b3) or      a5, s7, t3
core   0: 3 0x80001338 (0x01cbe7b3) x15 0xa701d0be
core   0: 0x8000133c (0x0104beb3) sltu    t4, s1, a6
core   0: 3 0x8000133c (0x0104beb3) x29 0x00000000
core   0: 0x80001340 (0x012d77b3) and     a5, s10, s2
core   0: 3 0x80001340 (0x012d77b3) x15 0x00000001
core   0: 0x80001344 (0x008e5313) srli    t1, t3, 8
core   0: 3 0x80001344 (0x008e5313) x 6 0x00000000
core   0: 0x80001348 (0x00ab75b3) and     a1, s6, a0
core   0: 3 0x80001348 (0x00ab75b3) x11 0x00000000
core   0: 0x8000134c (0x40ff5313) srai    t1, t5, 15
core   0: 3 0x8000134c (0x40ff5313) x 6 0x000041f6
core   0: 0x80001350 (0x01a531b3) sltu    gp, a0, s10
core   0: 3 0x80001350 (0x01a531b3) x 3 0x00000000
core   0: 0x80001354 (0x011b1c13) slli    s8, s6, 17
core   0: 3 0x80001354 (0x011b1c13) x24 0x00000000
core   0: 0x80001358 (0x988e4c13) xori    s8, t3, -1656
core   0: 3 0x80001358 (0x988e4c13) x24 0xfffff936
core   0: 0x8000135c (0x00569433) sll     s0, a3, t0
core   0: 3 0x8000135c (0x00569433) x 8 0x00000000
core   0: 0x80001360 (0x40bed793) srai    a5, t4, 11
core   0: 3 0x80001360 (0x40bed793) x15 0x00000000
core   0: 0x80001364 (0x26df3613) sltiu   a2, t5, 621
core   0: 3 0x80001364 (0x26df3613) x12 0x00000000
core   0: 0x80001368 (0x01ff4333) xor     t1, t5, t6
core   0: 3 0x80001368 (0x01ff4333) x 6 0xa0fb02e4
core   0: 0x8000136c (0x00e6f0b3) and     ra, a3, a4
core   0: 3 0x8000136c (0x00e6f0b3) x 1 0x00000000
core   0: 0x80001370 (0x000221b3) slt     gp, tp, zero
core   0: 3 0x80001370 (0x000221b3) x 3 0x00000001
core   0: 0x80001374 (0x01e85d93) srli    s11, a6, 30
core   0: 3 0x80001374 (0x01e85d93) x27 0x00000000
core   0: 0x80001378 (0x00b3f933) and     s2, t2, a1
core   0: 3 0x80001378 (0x00b3f933) x18 0x00000000
core   0: 0x8000137c (0x725a2513) slti    a0, s4, 1829
core   0: 3 0x8000137c (0x725a2513) x10 0x00000000
core   0: 0x80001380 (0x353a4b17) auipc   s6, 0x353a4
core   0: 3 0x80001380 (0x353a4b17) x22 0xb53a5380
core   0: 0x80001384 (0x00799893) slli    a7, s3, 7
core   0: 3 0x80001384 (0x00799893) x17 0x00000000
core   0: 0x80001388 (0xf6da6f93) ori     t6, s4, -147
core   0: 3 0x80001388 (0xf6da6f93) x31 0xffffffff
core   0: 0x8000138c (0x014a10b3) sll     ra, s4, s4
core   0: 3 0x8000138c (0x014a10b3) x 1 0x80000000
core   0: 0x80001390 (0x00c01d33) sll     s10, zero, a2
core   0: 3 0x80001390 (0x00c01d33) x26 0x00000000
core   0: 0x80001394 (0x010a49b3) xor     s3, s4, a6
core   0: 3 0x80001394 (0x010a49b3) x19 0x001ffffe
core   0: 0x80001398 (0x40e25133) sra     sp, tp, a4
core   0: 3 0x80001398 (0x40e25133) x 2 0xff61c8be
core   0: 0x8000139c (0x0126c9b3) xor     s3, a3, s2
core   0: 3 0x8000139c (0x0126c9b3) x19 0x00000000
core   0: 0x800013a0 (0x3d90bd13) sltiu   s10, ra, 985
core   0: 3 0x800013a0 (0x3d90bd13) x26 0x00000000
core   0: 0x800013a4 (0x2b0bc913) xori    s2, s7, 688
core   0: 3 0x800013a4 (0x2b0bc913) x18 0xa701d2b0
core   0: 0x800013a8 (0x768b0a17) auipc   s4, 0x768b0
core   0: 3 0x800013a8 (0x768b0a17) x20 0xf68b13a8
core   0: 0x800013ac (0x00a28a33) add     s4, t0, a0
core   0: 3 0x800013ac (0x00a28a33) x20 0x09c147c0
core   0: 0x800013b0 (0x00b49893) slli    a7, s1, 11
core   0: 3 0x800013b0 (0x00b49893) x17 0x0ae72000
core   0: 0x800013b4 (0x00462733) slt     a4, a2, tp
core   0: 3 0x800013b4 (0x00462733) x14 0x00000000
core   0: 0x800013b8 (0x0048d293) srli    t0, a7, 4
core   0: 3 0x800013b8 (0x0048d293) x 5 0x00ae7200
core   0: 0x800013bc (0x00000013) nop
core   0: 3 0x800013bc (0x00000013)
core   0: 0x800013c0 (0x0085ffb3) and     t6, a1, s0
core   0: 3 0x800013c0 (0x0085ffb3) x31 0x00000000
core   0: 0x800013c4 (0x67043713) sltiu   a4, s0, 1648
core   0: 3 0x800013c4 (0x67043713) x14 0x00000001
core   0: 0x800013c8 (0x40c55a93) srai    s5, a0, 12
core   0: 3 0x800013c8 (0x40c55a93) x21 0x00000000
core   0: 0x800013cc (0x01b1f333) and     t1, gp, s11
core   0: 3 0x800013cc (0x01b1f333) x 6 0x00000000
core   0: 0x800013d0 (0x00000013) nop
core   0: 3 0x800013d0 (0x00000013)
core   0: 0x800013d4 (0x00a3c0b3) xor     ra, t2, a0
core   0: 3 0x800013d4 (0x00a3c0b3) x 1 0x80011e64
core   0: 0x800013d8 (0xe376bd93) sltiu   s11, a3, -457
core   0: 3 0x800013d8 (0xe376bd93) x27 0x00000001
core   0: 0x800013dc (0x41df5a33) sra     s4, t5, t4
core   0: 3 0x800013dc (0x41df5a33) x20 0x20fb02e4
core   0: 0x800013e0 (0x5541c713) xori    a4, gp, 1364
core   0: 3 0x800013e0 (0x5541c713) x14 0x00000555
core   0: 0x800013e4 (0x00f758b3) srl     a7, a4, a5
core   0: 3 0x800013e4 (0x00f758b3) x17 0x00000555
core   0: 0x800013e8 (0x50912597) auipc   a1, 0x50912
core   0: 3 0x800013e8 (0x50912597) x11 0xd09133e8
core   0: 0x800013ec (0x00168433) add     s0, a3, ra
core   0: 3 0x800013ec (0x00168433) x 8 0x80011e64
core   0: 0x800013f0 (0x60cf2913) slti    s2, t5, 1548
core   0: 3 0x800013f0 (0x60cf2913) x18 0x00000000
core   0: 0x800013f4 (0x7899d7b7) lui     a5, 0x7899d
core   0: 3 0x800013f4 (0x7899d7b7) x15 0x7899d000
core   0: 0x800013f8 (0x4026dc33) sra     s8, a3, sp
core   0: 3 0x800013f8 (0x4026dc33) x24 0x00000000
core   0: 0x800013fc (0xa6ff0297) auipc   t0, 0xa6ff0
core   0: 3 0x800013fc (0xa6ff0297) x 5 0x26ff13fc
core   0: 0x80001400 (0x01aa5a33) srl     s4, s4, s10
core   0: 3 0x80001400 (0x01aa5a33) x20 0x20fb02e4
core   0: 0x80001404 (0x626bf093) andi    ra, s7, 1574
core   0: 3 0x80001404 (0x626bf093) x 1 0x00000000
core   0: 0x80001408 (0x0035a533) slt     a0, a1, gp
core   0: 3 0x80001408 (0x0035a533) x10 0x00000001
core   0: 0x8000140c (0x0059d333) srl     t1, s3, t0
core   0: 3 0x8000140c (0x0059d333) x 6 0x00000000
core   0: 0x80001410 (0x01094a33) xor     s4, s2, a6
core   0: 3 0x80001410 (0x01094a33) x20 0x00000001
core   0: 0x80001414 (0x406d2993) slti    s3, s10, 1030
core   0: 3 0x80001414 (0x406d2993) x19 0x00000001
core   0: 0x80001418 (0x01ad3633) sltu    a2, s10, s10
core   0: 3 0x80001418 (0x01ad3633) x12 0x00000000
core   0: 0x8000141c (0x40de8b33) sub     s6, t4, a3
core   0: 3 0x8000141c (0x40de8b33) x22 0x00000000
core   0: 0x80001420 (0x00c999b3) sll     s3, s3, a2
core   0: 3 0x80001420 (0x00c999b3) x19 0x00000001
core   0: 0x80001424 (0x0038d0b3) srl     ra, a7, gp
core   0: 3 0x80001424 (0x0038d0b3) x 1 0x000002aa
core   0: 0x80001428 (0xa25ef013) andi    zero, t4, -1499
core   0: 3 0x80001428 (0xa25ef013)
core   0: 0x8000142c (0x00de6d33) or      s10, t3, a3
core   0: 3 0x8000142c (0x00de6d33) x26 0x000000be
core   0: 0x80001430 (0x01158bb3) add     s7, a1, a7
core   0: 3 0x80001430 (0x01158bb3) x23 0xd091393d
core   0: 0x80001434 (0x7d576613) ori     a2, a4, 2005
core   0: 3 0x80001434 (0x7d576613) x12 0x000007d5
core   0: 0x80001438 (0x4173df93) srai    t6, t2, 23
core   0: 3 0x80001438 (0x4173df93) x31 0xffffff00
core   0: 0x8000143c (0x01139c13) slli    s8, t2, 17
core   0: 3 0x8000143c (0x01139c13) x24 0x3cc80000
core   0: 0x80001440 (0x0000a2b3) slt     t0, ra, zero
core   0: 3 0x80001440 (0x0000a2b3) x 5 0x00000000
core   0: 0x80001444 (0x69790e13) addi    t3, s2, 1687
core   0: 3 0x80001444 (0x69790e13) x28 0x00000697
core   0: 0x80001448 (0x00a4c0b3) xor     ra, s1, a0
core   0: 3 0x80001448 (0x00a4c0b3) x 1 0x80015ce5
core   0: 0x8000144c (0x013af033) and     zero, s5, s3
core   0: 3 0x8000144c (0x013af033)
core   0: 0x80001450 (0x014b8333) add     t1, s7, s4
core   0: 3 0x80001450 (0x014b8333) x 6 0xd091393e
core   0: 0x80001454 (0x002ed933) srl     s2, t4, sp
core   0: 3 0x80001454 (0x002ed933) x18 0x00000000
core   0: 0x80001458 (0xe7d4e713) ori     a4, s1, -387
core   0: 3 0x80001458 (0xe7d4e713) x14 0xfffffefd
core   0: 0x8000145c (0x13c26a93) ori     s5, tp, 316
core   0: 3 0x8000145c (0x13c26a93) x21 0xfec3917d
core   0: 0x80001460 (0x00bc5333) srl     t1, s8, a1
core   0: 3 0x80001460 (0x00bc5333) x 6 0x003cc800
core   0: 0x80001464 (0x01995693) srli    a3, s2, 25
core   0: 3 0x80001464 (0x01995693) x13 0x00000000
core   0: 0x80001468 (0x6d421e17) auipc   t3, 0x6d421
core   0: 3 0x80001468 (0x6d421e17) x28 0xed422468
core   0: 0x8000146c (0x41845633) sra     a2, s0, s8
core   0: 3 0x8000146c (0x41845633) x12 0x80011e64
core   0: 0x80001470 (0x016f6f33) or      t5, t5, s6
core   0: 3 0x80001470 (0x016f6f33) x30 0x20fb02e4
core   0: 0x80001474 (0x007b9713) slli    a4, s7, 7
core   0: 3 0x80001474 (0x007b9713) x14 0x489c9e80
core   0: 0x80001478 (0xca79ef13) ori     t5, s3, -857
core   0: 3 0x80001478 (0xca79ef13) x30 0xfffffca7
core   0: 0x8000147c (0x414356b3) sra     a3, t1, s4
core   0: 3 0x8000147c (0x414356b3) x13 0x001e6400
core   0: 0x80001480 (0x01819293) slli    t0, gp, 24
core   0: 3 0x80001480 (0x01819293) x 5 0x01000000
core   0: 0x80001484 (0x4033d793) srai    a5, t2, 3
core   0: 3 0x80001484 (0x4033d793) x15 0xf00023cc
core   0: 0x80001488 (0x0159d793) srli    a5, s3, 21
core   0: 3 0x80001488 (0x0159d793) x15 0x00000000
core   0: 0x8000148c (0x00c585b3) add     a1, a1, a2
core   0: 3 0x8000148c (0x00c585b3) x11 0x5092524c
core   0: 0x80001490 (0x00562533) slt     a0, a2, t0
core   0: 3 0x80001490 (0x00562533) x10 0x00000001
core   0: 0x80001494 (0x01de26b3) slt     a3, t3, t4
core   0: 3 0x80001494 (0x01de26b3) x13 0x00000001
core   0: 0x80001498 (0xa813e413) ori     s0, t2, -1407
core   0: 3 0x80001498 (0xa813e413) x 8 0xfffffee5
core   0: 0x8000149c (0x002d2533) slt     a0, s10, sp
core   0: 3 0x8000149c (0x002d2533) x10 0x00000000
core   0: 0x800014a0 (0x41ad5b33) sra     s6, s10, s10
core   0: 3 0x800014a0 (0x41ad5b33) x22 0x00000000
core   0: 0x800014a4 (0x01f91f13) slli    t5, s2, 31
core   0: 3 0x800014a4 (0x01f91f13) x30 0x00000000
core   0: 0x800014a8 (0x40d78c33) sub     s8, a5, a3
core   0: 3 0x800014a8 (0x40d78c33) x24 0xffffffff
core   0: 0x800014ac (0x010db033) sltu    zero, s11, a6
core   0: 3 0x800014ac (0x010db033)
core   0: 0x800014b0 (0x00afb9b3) sltu    s3, t6, a0
core   0: 3 0x800014b0 (0x00afb9b3) x19 0x00000000
core   0: 0x800014b4 (0x01079993) slli    s3, a5, 16
core   0: 3 0x800014b4 (0x01079993) x19 0x00000000
core   0: 0x800014b8 (0x000cb7b3) sltu    a5, s9, zero
core   0: 3 0x800014b8 (0x000cb7b3) x15 0x00000000
core   0: 0x800014bc (0x53befe93) andi    t4, t4, 1339
core   0: 3 0x800014bc (0x53befe93) x29 0x00000000
core   0: 0x800014c0 (0x004f2733) slt     a4, t5, tp
core   0: 3 0x800014c0 (0x004f2733) x14 0x00000000
core   0: 0x800014c4 (0xf548cf93) xori    t6, a7, -172
core   0: 3 0x800014c4 (0xf548cf93) x31 0xfffffa01
core   0: 0x800014c8 (0x5eb72d13) slti    s10, a4, 1515
core   0: 3 0x800014c8 (0x5eb72d13) x26 0x00000001
core   0: 0x800014cc (0x003f20b3) slt     ra, t5, gp
core   0: 3 0x800014cc (0x003f20b3) x 1 0x00000001
core   0: 0x800014d0 (0x79f84a93) xori    s5, a6, 1951
core   0: 3 0x800014d0 (0x79f84a93) x21 0x0000079e
core   0: 0x800014d4 (0x00a83833) sltu    a6, a6, a0
core   0: 3 0x800014d4 (0x00a83833) x16 0x00000000
core   0: 0x800014d8 (0x2932e793) ori     a5, t0, 659
core   0: 3 0x800014d8 (0x2932e793) x15 0x01000293
core   0: 0x800014dc (0x01412a33) slt     s4, sp, s4
core   0: 3 0x800014dc (0x01412a33) x20 0x00000001
core   0: 0x800014e0 (0xafd18c13) addi    s8, gp, -1283
core   0: 3 0x800014e0 (0xafd18c13) x24 0xfffffafe
core   0: 0x800014e4 (0x01a75d93) srli    s11, a4, 26
core   0: 3 0x800014e4 (0x01a75d93) x27 0x00000000
core   0: 0x800014e8 (0xe5d32a17) auipc   s4, 0xe5d32
core   0: 3 0x800014e8 (0xe5d32a17) x20 0x65d334e8
core   0: 0x800014ec (0x005a8133) add     sp, s5, t0
core   0: 3 0x800014ec (0x005a8133) x 2 0x0100079e
core   0: 0x800014f0 (0x402f5bb3) sra     s7, t5, sp
core   0: 3 0x800014f0 (0x402f5bb3) x23 0x00000000
core   0: 0x800014f4 (0x412985b3) sub     a1, s3, s2
core   0: 3 0x800014f4 (0x412985b3) x11 0x00000000
core   0: 0x800014f8 (0x0181cf33) xor     t5, gp, s8
core   0: 3 0x800014f8 (0x0181cf33) x30 0xfffffaff
core   0: 0x800014fc (0x414f0f33) sub     t5, t5, s4
core   0: 3 0x800014fc (0x414f0f33) x30 0x9a2cc617
core   0: 0x80001500 (0xad9e3913) sltiu   s2, t3, -1319
core   0: 3 0x80001500 (0xad9e3913) x18 0x00000001
core   0: 0x80001504 (0x01809033) sll     zero, ra, s8
core   0: 3 0x80001504 (0x01809033)
core   0: 0x80001508 (0x00d735b3) sltu    a1, a4, a3
core   0: 3 0x80001508 (0x00d735b3) x11 0x00000001
core   0: 0x8000150c (0x40b9df13) srai    t5, s3, 11
core   0: 3 0x8000150c (0x40b9df13) x30 0x00000000
core   0: 0x80001510 (0x36c82137) lui     sp, 0x36c82
core   0: 3 0x80001510 (0x36c82137) x 2 0x36c82000
core   0: 0x80001514 (0xeb4f2d93) slti    s11, t5, -332
core   0: 3 0x80001514 (0xeb4f2d93) x27 0x00000000
core   0: 0x80001518 (0x01c12333) slt     t1, sp, t3
core   0: 3 0x80001518 (0x01c12333) x 6 0x00000000
core   0: 0x8000151c (0x001776b3) and     a3, a4, ra
core   0: 3 0x8000151c (0x001776b3) x13 0x00000000
core   0: 0x80001520 (0x01dc1893) slli    a7, s8, 29
core   0: 3 0x80001520 (0x01dc1893) x17 0xc0000000
core   0: 0x80001524 (0x00a24cb3) xor     s9, tp, a0
core   0: 3 0x80001524 (0x00a24cb3) x25 0xfec3917d
core   0: 0x80001528 (0xa79d1b17) auipc   s6, 0xa79d1
core   0: 3 0x80001528 (0xa79d1b17) x22 0x279d2528
core   0: 0x8000152c (0x01491a93) slli    s5, s2, 20
core   0: 3 0x8000152c (0x01491a93) x21 0x00100000
core   0: 0x80001530 (0x0047d693) srli    a3, a5, 4
core   0: 3 0x80001530 (0x0047d693) x13 0x00100029
core   0: 0x80001534 (0x01041133) sll     sp, s0, a6
core   0: 3 0x80001534 (0x01041133) x 2 0xfffffee5
core   0: 0x80001538 (0x1a504e13) xori    t3, zero, 421
core   0: 3 0x80001538 (0x1a504e13) x28 0x000001a5
core   0: 0x8000153c (0x4c4fed13) ori     s10, t6, 1220
core   0: 3 0x8000153c (0x4c4fed13) x26 0xfffffec5
core   0: 0x80001540 (0x017b42b3) xor     t0, s6, s7
core   0: 3 0x80001540 (0x017b42b3) x 5 0x279d2528
core   0: 0x80001544 (0xb6aa4e13) xori    t3, s4, -1174
core   0: 3 0x80001544 (0xb6aa4e13) x28 0x9a2ccf82
core   0: 0x80001548 (0x01334933) xor     s2, t1, s3
core   0: 3 0x80001548 (0x01334933) x18 0x00000000
core   0: 0x8000154c (0x21210c17) auipc   s8, 0x21210
core   0: 3 0x8000154c (0x21210c17) x24 0xa121154c
core   0: 0x80001550 (0x606b02b7) lui     t0, 0x606b0
core   0: 3 0x80001550 (0x606b02b7) x 5 0x606b0000
core   0: 0x80001554 (0x00c8c8b3) xor     a7, a7, a2
core   0: 3 0x80001554 (0x00c8c8b3) x17 0x40011e64
core   0: 0x80001558 (0x009b2633) slt     a2, s6, s1
core   0: 3 0x80001558 (0x009b2633) x12 0x00000000
core   0: 0x8000155c (0x417f00b3) sub     ra, t5, s7
core   0: 3 0x8000155c (0x417f00b3) x 1 0x00000000
core   0: 0x80001560 (0x0139dfb3) srl     t6, s3, s3
core   0: 3 0x80001560 (0x0139dfb3) x31 0x00000000
core   0: 0x80001564 (0x1af5ea93) ori     s5, a1, 431
core   0: 3 0x80001564 (0x1af5ea93) x21 0x000001af
core   0: 0x80001568 (0x92065437) lui     s0, 0x92065
core   0: 3 0x80001568 (0x92065437) x 8 0x92065000
core   0: 0x8000156c (0x01d99d33) sll     s10, s3, t4
core   0: 3 0x8000156c (0x01d99d33) x26 0x00000000
core   0: 0x80001570 (0x0052bcb3) sltu    s9, t0, t0
core   0: 3 0x80001570 (0x0052bcb3) x25 0x00000000
core   0: 0x80001574 (0x01a1acb3) slt     s9, gp, s10
core   0: 3 0x80001574 (0x01a1acb3) x25 0x00000000
core   0: 0x80001578 (0x00bfa2b3) slt     t0, t6, a1
core   0: 3 0x80001578 (0x00bfa2b3) x 5 0x00000001
core   0: 0x8000157c (0x00155b13) srli    s6, a0, 1
core   0: 3 0x8000157c (0x00155b13) x22 0x00000000
core   0: 0x80001580 (0x0105d1b3) srl     gp, a1, a6
core   0: 3 0x80001580 (0x0105d1b3) x 3 0x00000001
core   0: 0x80001584 (0x64daa613) slti    a2, s5, 1613
core   0: 3 0x80001584 (0x64daa613) x12 0x00000001
core   0: 0x80001588 (0x8bc94e93) xori    t4, s2, -1860
core   0: 3 0x80001588 (0x8bc94e93) x29 0xfffff8bc
core   0: 0x8000158c (0x01f3f2b3) and     t0, t2, t6
core   0: 3 0x8000158c (0x01f3f2b3) x 5 0x00000000
core   0: 0x80001590 (0x5c7ef993) andi    s3, t4, 1479
core   0: 3 0x80001590 (0x5c7ef993) x19 0x00000084
core   0: 0x80001594 (0x5a6c3993) sltiu   s3, s8, 1446
core   0: 3 0x80001594 (0x5a6c3993) x19 0x00000000
core   0: 0x80001598 (0x00f2a193) slti    gp, t0, 15
core   0: 3 0x80001598 (0x00f2a193) x 3 0x00000001
core   0: 0x8000159c (0xdcd08c13) addi    s8, ra, -563
core   0: 3 0x8000159c (0xdcd08c13) x24 0xfffffdcd
core   0: 0x800015a0 (0xda60aab7) lui     s5, 0xda60a
core   0: 3 0x800015a0 (0xda60aab7) x21 0xda60a000
core   0: 0x800015a4 (0x60d5fc93) andi    s9, a1, 1549
core   0: 3 0x800015a4 (0x60d5fc93) x25 0x00000001
core   0: 0x800015a8 (0x00065333) srl     t1, a2, zero
core   0: 3 0x800015a8 (0x00065333) x 6 0x00000001
core   0: 0x800015ac (0x003a4bb3) xor     s7, s4, gp
core   0: 3 0x800015ac (0x003a4bb3) x23 0x65d334e9
core   0: 0x800015b0 (0x0026d593) srli    a1, a3, 2
core   0: 3 0x800015b0 (0x0026d593) x11 0x0004000a
core   0: 0x800015b4 (0x01c6d093) srli    ra, a3, 28
core   0: 3 0x800015b4 (0x01c6d093) x 1 0x00000000
core   0: 0x800015b8 (0x01638533) add     a0, t2, s6
core   0: 3 0x800015b8 (0x01638533) x10 0x80011e64
core   0: 0x800015bc (0x018859b3) srl     s3, a6, s8
core   0: 3 0x800015bc (0x018859b3) x19 0x00000000
core   0: 0x800015c0 (0x4e307e13) andi    t3, zero, 1251
core   0: 3 0x800015c0 (0x4e307e13) x28 0x00000000
core   0: 0x800015c4 (0x61273f93) sltiu   t6, a4, 1554
core   0: 3 0x800015c4 (0x61273f93) x31 0x00000001
core   0: 0x800015c8 (0x41e48f33) sub     t5, s1, t5
core   0: 3 0x800015c8 (0x41e48f33) x30 0x80015ce4
core   0: 0x800015cc (0x0c126613) ori     a2, tp, 193
core   0: 3 0x800015cc (0x0c126613) x12 0xfec391fd
core   0: 0x800015d0 (0x09b07f13) andi    t5, zero, 155
core   0: 3 0x800015d0 (0x09b07f13) x30 0x00000000
core   0: 0x800015d4 (0x013d7a33) and     s4, s10, s3
core   0: 3 0x800015d4 (0x013d7a33) x20 0x00000000
core   0: 0x800015d8 (0x67efb913) sltiu   s2, t6, 1662
core   0: 3 0x800015d8 (0x67efb913) x18 0x00000001
core   0: 0x800015dc (0x01b45a33) srl     s4, s0, s11
core   0: 3 0x800015dc (0x01b45a33) x20 0x92065000
core   0: 0x800015e0 (0x00000013) nop
core   0: 3 0x800015e0 (0x00000013)
core   0: 0x800015e4 (0x872e7793) andi    a5, t3, -1934
core   0: 3 0x800015e4 (0x872e7793) x15 0x00000000
core   0: 0x800015e8 (0xdabdce13) xori    t3, s11, -597
core   0: 3 0x800015e8 (0xdabdce13) x28 0xfffffdab
core   0: 0x800015ec (0xf418d137) lui     sp, 0xf418d
core   0: 3 0x800015ec (0xf418d137) x 2 0xf418d000
core   0: 0x800015f0 (0x87b04d13) xori    s10, zero, -1925
core   0: 3 0x800015f0 (0x87b04d13) x26 0xfffff87b
core   0: 0x800015f4 (0x3313ed13) ori     s10, t2, 817
core   0: 3 0x800015f4 (0x3313ed13) x26 0x80011f75
core   0: 0x800015f8 (0x43940b93) addi    s7, s0, 1081
core   0: 3 0x800015f8 (0x43940b93) x23 0x92065439
core   0: 0x800015fc (0x4055d313) srai    t1, a1, 5
core   0: 3 0x800015fc (0x4055d313) x 6 0x00002000
core   0: 0x80001600 (0x68cbc693) xori    a3, s7, 1676
core   0: 3 0x80001600 (0x68cbc693) x13 0x920652b5
core   0: 0x80001604 (0x00000013) nop
core   0: 3 0x80001604 (0x00000013)
core   0: 0x80001608 (0x00684ab3) xor     s5, a6, t1
core   0: 3 0x80001608 (0x00684ab3) x21 0x00002000
core   0: 0x8000160c (0x41c287b3) sub     a5, t0, t3
core   0: 3 0x8000160c (0x41c287b3) x15 0x00000255
core   0: 0x80001610 (0x880c4593) xori    a1, s8, -1920
core   0: 3 0x80001610 (0x880c4593) x11 0x0000054d
core   0: 0x80001614 (0x00cff933) and     s2, t6, a2
core   0: 3 0x80001614 (0x00cff933) x18 0x00000001
core   0: 0x80001618 (0xa8788893) addi    a7, a7, -1401
core   0: 3 0x80001618 (0xa8788893) x17 0x400118eb
core   0: 0x8000161c (0xf4be7b93) andi    s7, t3, -181
core   0: 3 0x8000161c (0xf4be7b93) x23 0xfffffd0b
core   0: 0x80001620 (0x3ed76f93) ori     t6, a4, 1005
core   0: 3 0x80001620 (0x3ed76f93) x31 0x000003ed
core   0: 0x80001624 (0x40f25a93) srai    s5, tp, 15
core   0: 3 0x80001624 (0x40f25a93) x21 0xfffffd87
core   0: 0x80001628 (0x32510d93) addi    s11, sp, 805
core   0: 3 0x80001628 (0x32510d93) x27 0xf418d325
core   0: 0x8000162c (0x51f9e413) ori     s0, s3, 1311
core   0: 3 0x8000162c (0x51f9e413) x 8 0x0000051f
core   0: 0x80001630 (0x39a78993) addi    s3, a5, 922
core   0: 3 0x80001630 (0x39a78993) x19 0x000005ef
core   0: 0x80001634 (0x018640b3) xor     ra, a2, s8
core   0: 3 0x80001634 (0x018640b3) x 1 0x013c6c30
core   0: 0x80001638 (0xfc967093) andi    ra, a2, -55
core   0: 3 0x80001638 (0xfc967093) x 1 0xfec391c9
core   0: 0x8000163c (0x2dcf2693) slti    a3, t5, 732
core   0: 3 0x8000163c (0x2dcf2693) x13 0x00000001
core   0: 0x80001640 (0x40945cb3) sra     s9, s0, s1
core   0: 3 0x80001640 (0x40945cb3) x25 0x00000051
core   0: 0x80001644 (0x01155033) srl     zero, a0, a7
core   0: 3 0x80001644 (0x01155033)
core   0: 0x80001648 (0x418bd013) srai    zero, s7, 24
core   0: 3 0x80001648 (0x418bd013)
core   0: 0x8000164c (0x2ada7f13) andi    t5, s4, 685
core   0: 3 0x8000164c (0x2ada7f13) x30 0x00000000
core   0: 0x80001650 (0x40a5dc93) srai    s9, a1, 10
core   0: 3 0x80001650 (0x40a5dc93) x25 0x00000001
core   0: 0x80001654 (0x01b92a33) slt     s4, s2, s11
core   0: 3 0x80001654 (0x01b92a33) x20 0x00000000
core   0: 0x80001658 (0x8974ac13) slti    s8, s1, -1897
core   0: 3 0x80001658 (0x8974ac13) x24 0x00000001
core   0: 0x8000165c (0x819d6713) ori     a4, s10, -2023
core   0: 3 0x8000165c (0x819d6713) x14 0xffffff7d
core   0: 0x80001660 (0x013598b3) sll     a7, a1, s3
core   0: 3 0x80001660 (0x013598b3) x17 0x02a68000
core   0: 0x80001664 (0x00665a93) srli    s5, a2, 6
core   0: 3 0x80001664 (0x00665a93) x21 0x03fb0e47
core   0: 0x80001668 (0x00b1dc93) srli    s9, gp, 11
core   0: 3 0x80001668 (0x00b1dc93) x25 0x00000000
core   0: 0x8000166c (0xbb09f793) andi    a5, s3, -1104
core   0: 3 0x8000166c (0xbb09f793) x15 0x000001a0
core   0: 0x80001670 (0x002be633) or      a2, s7, sp
core   0: 3 0x80001670 (0x002be633) x12 0xfffffd0b
core   0: 0x80001674 (0x006be6b3) or      a3, s7, t1
core   0: 3 0x80001674 (0x006be6b3) x13 0xfffffd0b
core   0: 0x80001678 (0xd8262793) slti    a5, a2, -638
core   0: 3 0x80001678 (0xd8262793) x15 0x00000001
core   0: 0x8000167c (0x46d4ab93) slti    s7, s1, 1133
core   0: 3 0x8000167c (0x46d4ab93) x23 0x00000001
core   0: 0x80001680 (0x005ed993) srli    s3, t4, 5
core   0: 3 0x80001680 (0x005ed993) x19 0x07ffffc5
core   0: 0x80001684 (0x01aded33) or      s10, s11, s10
core   0: 3 0x80001684 (0x01aded33) x26 0xf419df75
core   0: 0x80001688 (0x4157d013) srai    zero, a5, 21
core   0: 3 0x80001688 (0x4157d013)
core   0: 0x8000168c (0x408285b3) sub     a1, t0, s0
core   0: 3 0x8000168c (0x408285b3) x11 0xfffffae1
core   0: 0x80001690 (0x00d5d113) srli    sp, a1, 13
core   0: 3 0x80001690 (0x00d5d113) x 2 0x0007ffff
core   0: 0x80001694 (0xdd3b2013) slti    zero, s6, -557
core   0: 3 0x80001694 (0xdd3b2013)
core   0: 0x80001698 (0xfaf3bb93) sltiu   s7, t2, -81
core   0: 3 0x80001698 (0xfaf3bb93) x23 0x00000001
core   0: 0x8000169c (0xb8cafa37) lui     s4, 0xb8caf
core   0: 3 0x8000169c (0xb8cafa37) x20 0xb8caf000
core   0: 0x800016a0 (0x66e90913) addi    s2, s2, 1646
core   0: 3 0x800016a0 (0x66e90913) x18 0x0000066f
core   0: 0x800016a4 (0x0031bbb3) sltu    s7, gp, gp
core   0: 3 0x800016a4 (0x0031bbb3) x23 0x00000000
core   0: 0x800016a8 (0x01266b33) or      s6, a2, s2
core   0: 3 0x800016a8 (0x01266b33) x22 0xffffff6f
core   0: 0x800016ac (0x01cb57b3) srl     a5, s6, t3
core   0: 3 0x800016ac (0x01cb57b3) x15 0x001fffff
core   0: 0x800016b0 (0x1eb7cf93) xori    t6, a5, 491
core   0: 3 0x800016b0 (0x1eb7cf93) x31 0x001ffe14
core   0: 0x800016b4 (0x00f1bab3) sltu    s5, gp, a5
core   0: 3 0x800016b4 (0x00f1bab3) x21 0x00000001
core   0: 0x800016b8 (0x01595f33) srl     t5, s2, s5
core   0: 3 0x800016b8 (0x01595f33) x30 0x00000337
core   0: 0x800016bc (0x410d5993) srai    s3, s10, 16
core   0: 3 0x800016bc (0x410d5993) x19 0xfffff419
core   0: 0x800016c0 (0x01ff81b3) add     gp, t6, t6
core   0: 3 0x800016c0 (0x01ff81b3) x 3 0x003ffc28
core   0: 0x800016c4 (0x3870e197) auipc   gp, 0x3870e
core   0: 3 0x800016c4 (0x3870e197) x 3 0xb870f6c4
core   0: 0x800016c8 (0x90f1f593) andi    a1, gp, -1777
core   0: 3 0x800016c8 (0x90f1f593) x11 0xb870f004
core   0: 0x800016cc (0x0e397e13) andi    t3, s2, 227
core   0: 3 0x800016cc (0x0e397e13) x28 0x00000063
core   0: 0x800016d0 (0x003b6133) or      sp, s6, gp
core   0: 3 0x800016d0 (0x003b6133) x 2 0xffffffef
core   0: 0x800016d4 (0x41608333) sub     t1, ra, s6
core   0: 3 0x800016d4 (0x41608333) x 6 0xfec3925a
core   0: 0x800016d8 (0x00a88b33) add     s6, a7, a0
core   0: 3 0x800016d8 (0x00a88b33) x22 0x82a79e64
core   0: 0x800016dc (0x01067333) and     t1, a2, a6
core   0: 3 0x800016dc (0x01067333) x 6 0x00000000
core   0: 0x800016e0 (0x03b94813) xori    a6, s2, 59
core   0: 3 0x800016e0 (0x03b94813) x16 0x00000654
core   0: 0x800016e4 (0x89680693) addi    a3, a6, -1898
core   0: 3 0x800016e4 (0x89680693) x13 0xfffffeea
core   0: 0x800016e8 (0x01e51a13) slli    s4, a0, 30
core   0: 3 0x800016e8 (0x01e51a13) x20 0x00000000
core   0: 0x800016ec (0x013420b3) slt     ra, s0, s3
core   0: 3 0x800016ec (0x013420b3) x 1 0x00000000
core   0: 0x800016f0 (0x41a85e33) sra     t3, a6, s10
core   0: 3 0x800016f0 (0x41a85e33) x28 0x00000000
core   0: 0x800016f4 (0x00000013) nop
core   0: 3 0x800016f4 (0x00000013)
core   0: 0x800016f8 (0x00f5fbb3) and     s7, a1, a5
core   0: 3 0x800016f8 (0x00f5fbb3) x23 0x0010f004
core   0: 0x800016fc (0xb56ee713) ori     a4, t4, -1194
core   0: 3 0x800016fc (0xb56ee713) x14 0xfffffbfe
core   0: 0x80001700 (0x01012eb3) slt     t4, sp, a6
core   0: 3 0x80001700 (0x01012eb3) x29 0x00000001
core   0: 0x80001704 (0x40d252b3) sra     t0, tp, a3
core   0: 3 0x80001704 (0x40d252b3) x 5 0xffffb0e4
core   0: 0x80001708 (0x005302b3) add     t0, t1, t0
core   0: 3 0x80001708 (0x005302b3) x 5 0xffffb0e4
core   0: 0x8000170c (0x00000013) nop
core   0: 3 0x8000170c (0x00000013)
core   0: 0x80001710 (0x00b14a33) xor     s4, sp, a1
core   0: 3 0x80001710 (0x00b14a33) x20 0x478f0feb
core   0: 0x80001714 (0x1156bb13) sltiu   s6, a3, 277
core   0: 3 0x80001714 (0x1156bb13) x22 0x00000000
core   0: 0x80001718 (0x0128eb33) or      s6, a7, s2
core   0: 3 0x80001718 (0x0128eb33) x22 0x02a6866f
core   0: 0x8000171c (0x1441ac97) auipc   s9, 0x1441a
core   0: 3 0x8000171c (0x1441ac97) x25 0x9441b71c
core   0: 0x80001720 (0x00f3e833) or      a6, t2, a5
core   0: 3 0x80001720 (0x00f3e833) x16 0x801fffff
core   0: 0x80001724 (0x817a3893) sltiu   a7, s4, -2025
core   0: 3 0x80001724 (0x817a3893) x17 0x00000001
core   0: 0x80001728 (0x00518633) add     a2, gp, t0
core   0: 3 0x80001728 (0x00518633) x12 0xb870a7a8
core   0: 0x8000172c (0xad49ad93) slti    s11, s3, -1324
core   0: 3 0x8000172c (0xad49ad93) x27 0x00000001
core   0: 0x80001730 (0x00c7d413) srli    s0, a5, 12
core   0: 3 0x80001730 (0x00c7d413) x 8 0x000001ff
core   0: 0x80001734 (0x7f66b793) sltiu   a5, a3, 2038
core   0: 3 0x80001734 (0x7f66b793) x15 0x00000000
core   0: 0x80001738 (0x00000013) nop
core   0: 3 0x80001738 (0x00000013)
core   0: 0x8000173c (0x6b067d13) andi    s10, a2, 1712
core   0: 3 0x8000173c (0x6b067d13) x26 0x000006a0
core   0: 0x80001740 (0xb82de517) auipc   a0, 0xb82de
core   0: 3 0x80001740 (0xb82de517) x10 0x382df740
core   0: 0x80001744 (0x5812c013) xori    zero, t0, 1409
core   0: 3 0x80001744 (0x5812c013)
core   0: 0x80001748 (0xadd23a93) sltiu   s5, tp, -1315
core   0: 3 0x80001748 (0xadd23a93) x21 0x00000001
core   0: 0x8000174c (0x34a9cf17) auipc   t5, 0x34a9c
core   0: 3 0x8000174c (0x34a9cf17) x30 0xb4a9d74c
core   0: 0x80001750 (0x4140db13) srai    s6, ra, 20
core   0: 3 0x80001750 (0x4140db13) x22 0x00000000
core   0: 0x80001754 (0x4024da93) srai    s5, s1, 2
core   0: 3 0x80001754 (0x4024da93) x21 0xe0005739
core   0: 0x80001758 (0x00658cb3) add     s9, a1, t1
core   0: 3 0x80001758 (0x00658cb3) x25 0xb870f004
core   0: 0x8000175c (0x02634d93) xori    s11, t1, 38
core   0: 3 0x8000175c (0x02634d93) x27 0x00000026
core   0: 0x80001760 (0x40e2d013) srai    zero, t0, 14
core   0: 3 0x80001760 (0x40e2d013)
core   0: 0x80001764 (0x2fd8ae13) slti    t3, a7, 765
core   0: 3 0x80001764 (0x2fd8ae13) x28 0x00000001
core   0: 0x80001768 (0x4074d413) srai    s0, s1, 7
core   0: 3 0x80001768 (0x4074d413) x 8 0xff0002b9
core   0: 0x8000176c (0x2f70e413) ori     s0, ra, 759
core   0: 3 0x8000176c (0x2f70e413) x 8 0x000002f7
core   0: 0x80001770 (0x9ae5b513) sltiu   a0, a1, -1618
core   0: 3 0x80001770 (0x9ae5b513) x10 0x00000001
core   0: 0x80001774 (0x40aed893) srai    a7, t4, 10
core   0: 3 0x80001774 (0x40aed893) x17 0x00000000
core   0: 0x80001778 (0x02beb437) lui     s0, 0x2beb
core   0: 3 0x80001778 (0x02beb437) x 8 0x02beb000
core   0: 0x8000177c (0x00d72433) slt     s0, a4, a3
core   0: 3 0x8000177c (0x00d72433) x 8 0x00000001
core   0: 0x80001780 (0x0071e8b3) or      a7, gp, t2
core   0: 3 0x80001780 (0x0071e8b3) x17 0xb871fee4
core   0: 0x80001784 (0x41975d93) srai    s11, a4, 25
core   0: 3 0x80001784 (0x41975d93) x27 0xffffffff
core   0: 0x80001788 (0xc46c7cb7) lui     s9, 0xc46c7
core   0: 3 0x80001788 (0xc46c7cb7) x25 0xc46c7000
core   0: 0x8000178c (0xbd62ea13) ori     s4, t0, -1066
core   0: 3 0x8000178c (0xbd62ea13) x20 0xfffffbf6
core   0: 0x80001790 (0x41324b93) xori    s7, tp, 1043
core   0: 3 0x80001790 (0x41324b93) x23 0xfec3956e
core   0: 0x80001794 (0x017edf93) srli    t6, t4, 23
core   0: 3 0x80001794 (0x017edf93) x31 0x00000000
core   0: 0x80001798 (0x0459cd93) xori    s11, s3, 69
core   0: 3 0x80001798 (0x0459cd93) x27 0xfffff45c
core   0: 0x8000179c (0x00cb41b3) xor     gp, s6, a2
core   0: 3 0x8000179c (0x00cb41b3) x 3 0xb870a7a8
core   0: 0x800017a0 (0x8cf87093) andi    ra, a6, -1841
core   0: 3 0x800017a0 (0x8cf87093) x 1 0x801ff8cf
core   0: 0x800017a4 (0x41a955b3) sra     a1, s2, s10
core   0: 3 0x800017a4 (0x41a955b3) x11 0x0000066f
core   0: 0x800017a8 (0x01711d33) sll     s10, sp, s7
core   0: 3 0x800017a8 (0x01711d33) x26 0xfffbc000
core   0: 0x800017ac (0x00106033) or      zero, zero, ra
core   0: 3 0x800017ac (0x00106033)
core   0: 0x800017b0 (0x00000013) nop
core   0: 3 0x800017b0 (0x00000013)
core   0: 0x800017b4 (0xa9794997) auipc   s3, 0xa9794
core   0: 3 0x800017b4 (0xa9794997) x19 0x297957b4
core   0: 0x800017b8 (0x017e2ab3) slt     s5, t3, s7
core   0: 3 0x800017b8 (0x017e2ab3) x21 0x00000000
core   0: 0x800017bc (0x019297b3) sll     a5, t0, s9
core   0: 3 0x800017bc (0x019297b3) x15 0xffffb0e4
core   0: 0x800017c0 (0x404285b3) sub     a1, t0, tp
core   0: 3 0x800017c0 (0x404285b3) x11 0x013c1f67
core   0: 0x800017c4 (0x003ad9b3) srl     s3, s5, gp
core   0: 3 0x800017c4 (0x003ad9b3) x19 0x00000000
core   0: 0x800017c8 (0x0139e933) or      s2, s3, s3
core   0: 3 0x800017c8 (0x0139e933) x18 0x00000000
core   0: 0x800017cc (0x30f8cd13) xori    s10, a7, 783
core   0: 3 0x800017cc (0x30f8cd13) x26 0xb871fdeb
core   0: 0x800017d0 (0xaf8a0293) addi    t0, s4, -1288
core   0: 3 0x800017d0 (0xaf8a0293) x 5 0xfffff6ee
core   0: 0x800017d4 (0x4185d613) srai    a2, a1, 24
core   0: 3 0x800017d4 (0x4185d613) x12 0x00000001
core   0: 0x800017d8 (0x0193c433) xor     s0, t2, s9
core   0: 3 0x800017d8 (0x0193c433) x 8 0x446d6e64
core   0: 0x800017dc (0x0082dbb3) srl     s7, t0, s0
core   0: 3 0x800017dc (0x0082dbb3) x23 0x0fffff6e
core   0: 0x800017e0 (0x005d7bb3) and     s7, s10, t0
core   0: 3 0x800017e0 (0x005d7bb3) x23 0xb871f4ea
core   0: 0x800017e4 (0x40af0e33) sub     t3, t5, a0
core   0: 3 0x800017e4 (0x40af0e33) x28 0xb4a9d74b
core   0: 0x800017e8 (0x006b81b3) add     gp, s7, t1
core   0: 3 0x800017e8 (0x006b81b3) x 3 0xb871f4ea
core   0: 0x800017ec (0x0105da13) srli    s4, a1, 16
core   0: 3 0x800017ec (0x0105da13) x20 0x0000013c
core   0: 0x800017f0 (0x00000013) nop
core   0: 3 0x800017f0 (0x00000013)
core   0: 0x800017f4 (0x00ed6033) or      zero, s10, a4
core   0: 3 0x800017f4 (0x00ed6033)
core   0: 0x800017f8 (0x006fd133) srl     sp, t6, t1
core   0: 3 0x800017f8 (0x006fd133) x 2 0x00000000
core   0: 0x800017fc (0x9ac59b37) lui     s6, 0x9ac59
core   0: 3 0x800017fc (0x9ac59b37) x22 0x9ac59000
core   0: 0x80001800 (0x50238293) addi    t0, t2, 1282
core   0: 3 0x80001800 (0x50238293) x 5 0x80012366
core   0: 0x80001804 (0x40590733) sub     a4, s2, t0
core   0: 3 0x80001804 (0x40590733) x14 0x7ffedc9a
core   0: 0x80001808 (0x417bda33) sra     s4, s7, s7
core   0: 3 0x80001808 (0x417bda33) x20 0xffee1c7d
core   0: 0x8000180c (0x001edab3) srl     s5, t4, ra
core   0: 3 0x8000180c (0x001edab3) x21 0x00000000
core   0: 0x80001810 (0x347b0c93) addi    s9, s6, 839
core   0: 3 0x80001810 (0x347b0c93) x25 0x9ac59347
core   0: 0x80001814 (0x003d1133) sll     sp, s10, gp
core   0: 3 0x80001814 (0x003d1133) x 2 0xc7f7ac00
core   0: 0x80001818 (0x0055d013) srli    zero, a1, 5
core   0: 3 0x80001818 (0x0055d013)
core   0: 0x8000181c (0x00436ab3) or      s5, t1, tp
core   0: 3 0x8000181c (0x00436ab3) x21 0xfec3917d
core   0: 0x80001820 (0xc4b93293) sltiu   t0, s2, -949
core   0: 3 0x80001820 (0xc4b93293) x 5 0x00000001
core   0: 0x80001824 (0x00441bb3) sll     s7, s0, tp
core   0: 3 0x80001824 (0x00441bb3) x23 0x80000000
core   0: 0x80001828 (0x0070a433) slt     s0, ra, t2
core   0: 3 0x80001828 (0x0070a433) x 8 0x00000000
core   0: 0x8000182c (0x013c2633) slt     a2, s8, s3
core   0: 3 0x8000182c (0x013c2633) x12 0x00000000
core   0: 0x80001830 (0x00000013) nop
core   0: 3 0x80001830 (0x00000013)
core   0: 0x80001834 (0x4137da33) sra     s4, a5, s3
core   0: 3 0x80001834 (0x4137da33) x20 0xffffb0e4
core   0: 0x80001838 (0x017f5e33) srl     t3, t5, s7
core   0: 3 0x80001838 (0x017f5e33) x28 0xb4a9d74c
core   0: 0x8000183c (0xc0466793) ori     a5, a2, -1020
core   0: 3 0x8000183c (0xc0466793) x15 0xfffffc04
core   0: 0x80001840 (0xf4b9c693) xori    a3, s3, -181
core   0: 3 0x80001840 (0xf4b9c693) x13 0xffffff4b
core   0: 0x80001844 (0x1d502193) slti    gp, zero, 469
core   0: 3 0x80001844 (0x1d502193) x 3 0x00000001
core   0: 0x80001848 (0xfda52013) slti    zero, a0, -38
core   0: 3 0x80001848 (0xfda52013)
core   0: 0x8000184c (0x00cdeeb3) or      t4, s11, a2
core   0: 3 0x8000184c (0x00cdeeb3) x29 0xfffff45c
core   0: 0x80001850 (0x84a86737) lui     a4, 0x84a86
core   0: 3 0x80001850 (0x84a86737) x14 0x84a86000
core   0: 0x80001854 (0x0074dc33) srl     s8, s1, t2
core   0: 3 0x80001854 (0x0074dc33) x24 0x080015ce
core   0: 0x80001858 (0x002e0633) add     a2, t3, sp
core   0: 3 0x80001858 (0x002e0633) x12 0x7ca1834c
core   0: 0x8000185c (0x00324533) xor     a0, tp, gp
core   0: 3 0x8000185c (0x00324533) x10 0xfec3917c
core   0: 0x80001860 (0x8ffded13) ori     s10, s11, -1793
core   0: 3 0x80001860 (0x8ffded13) x26 0xfffffcff
core   0: 0x80001864 (0x019f3333) sltu    t1, t5, s9
core   0: 3 0x80001864 (0x019f3333) x 6 0x00000000
core   0: 0x80001868 (0x00000013) nop
core   0: 3 0x80001868 (0x00000013)
core   0: 0x8000186c (0x00000013) nop
core   0: 3 0x8000186c (0x00000013)
core   0: 0x80001870 (0x001a9413) slli    s0, s5, 1
core   0: 3 0x80001870 (0x001a9413) x 8 0xfd8722fa
core   0: 0x80001874 (0x00000013) nop
core   0: 3 0x80001874 (0x00000013)
core   0: 0x80001878 (0x01543cb3) sltu    s9, s0, s5
core   0: 3 0x80001878 (0x01543cb3) x25 0x00000001
core   0: 0x8000187c (0xc4658413) addi    s0, a1, -954
core   0: 3 0x8000187c (0xc4658413) x 8 0x013c1bad
core   0: 0x80001880 (0x01533d33) sltu    s10, t1, s5
core   0: 3 0x80001880 (0x01533d33) x26 0x00000001
core   0: 0x80001884 (0x008b2eb3) slt     t4, s6, s0
core   0: 3 0x80001884 (0x008b2eb3) x29 0x00000001
core   0: 0x80001888 (0x0e29ff13) andi    t5, s3, 226
core   0: 3 0x80001888 (0x0e29ff13) x30 0x00000000
core   0: 0x8000188c (0x0189b933) sltu    s2, s3, s8
core   0: 3 0x8000188c (0x0189b933) x18 0x00000001
core   0: 0x80001890 (0xe3a02b97) auipc   s7, 0xe3a02
core   0: 3 0x80001890 (0xe3a02b97) x23 0x63a03890
core   0: 0x80001894 (0x548e3197) auipc   gp, 0x548e3
core   0: 3 0x80001894 (0x548e3197) x 3 0xd48e4894
core   0: 0x80001898 (0x9848d637) lui     a2, 0x9848d
core   0: 3 0x80001898 (0x9848d637) x12 0x9848d000
core   0: 0x8000189c (0x01d58eb3) add     t4, a1, t4
core   0: 3 0x8000189c (0x01d58eb3) x29 0x013c1f68
core   0: 0x800018a0 (0x011eaa33) slt     s4, t4, a7
core   0: 3 0x800018a0 (0x011eaa33) x20 0x00000000
core   0: 0x800018a4 (0x00db81b3) add     gp, s7, a3
core   0: 3 0x800018a4 (0x00db81b3) x 3 0x63a037db
core   0: 0x800018a8 (0x40f1d033) sra     zero, gp, a5
core   0: 3 0x800018a8 (0x40f1d033)
core   0: 0x800018ac (0x195cd737) lui     a4, 0x195cd
core   0: 3 0x800018ac (0x195cd737) x14 0x195cd000
core   0: 0x800018b0 (0x0030ea33) or      s4, ra, gp
core   0: 3 0x800018b0 (0x0030ea33) x20 0xe3bfffdf
core   0: 0x800018b4 (0x00000013) nop
core   0: 3 0x800018b4 (0x00000013)
core   0: 0x800018b8 (0x001f2833) slt     a6, t5, ra
core   0: 3 0x800018b8 (0x001f2833) x16 0x00000000
core   0: 0x800018bc (0x377d3613) sltiu   a2, s10, 887
core   0: 3 0x800018bc (0x377d3613) x12 0x00000001
core   0: 0x800018c0 (0x01b968b3) or      a7, s2, s11
core   0: 3 0x800018c0 (0x01b968b3) x17 0xfffff45d
core   0: 0x800018c4 (0x67476c17) auipc   s8, 0x67476
core   0: 3 0x800018c4 (0x67476c17) x24 0xe74778c4
core   0: 0x800018c8 (0xb620b593) sltiu   a1, ra, -1182
core   0: 3 0x800018c8 (0xb620b593) x11 0x00000001
core   0: 0x800018cc (0x24294413) xori    s0, s2, 578
core   0: 3 0x800018cc (0x24294413) x 8 0x00000243
core   0: 0x800018d0 (0x014d1013) slli    zero, s10, 20
core   0: 3 0x800018d0 (0x014d1013)
core   0: 0x800018d4 (0x24fe4093) xori    ra, t3, 591
core   0: 3 0x800018d4 (0x24fe4093) x 1 0xb4a9d503
core   0: 0x800018d8 (0x5c303693) sltiu   a3, zero, 1475
core   0: 3 0x800018d8 (0x5c303693) x13 0x00000001
core   0: 0x800018dc (0x731dee13) ori     t3, s11, 1841
core   0: 3 0x800018dc (0x731dee13) x28 0xfffff77d
core   0: 0x800018e0 (0x41ba5133) sra     sp, s4, s11
core   0: 3 0x800018e0 (0x41ba5133) x 2 0xfffffffe
core   0: 0x800018e4 (0x01aaf933) and     s2, s5, s10
core   0: 3 0x800018e4 (0x01aaf933) x18 0x00000001
core   0: 0x800018e8 (0x4031d7b3) sra     a5, gp, gp
core   0: 3 0x800018e8 (0x4031d7b3) x15 0x0000000c
core   0: 0x800018ec (0x40b15313) srai    t1, sp, 11
core   0: 3 0x800018ec (0x40b15313) x 6 0xffffffff
core   0: 0x800018f0 (0xce580e97) auipc   t4, 0xce580
core   0: 3 0x800018f0 (0xce580e97) x29 0x4e5818f0
core   0: 0x800018f4 (0xba266b93) ori     s7, a2, -1118
core   0: 3 0x800018f4 (0xba266b93) x23 0xfffffba3
core   0: 0x800018f8 (0x00dbc933) xor     s2, s7, a3
core   0: 3 0x800018f8 (0x00dbc933) x18 0xfffffba2
core   0: 0x800018fc (0x00cb31b3) sltu    gp, s6, a2
core   0: 3 0x800018fc (0x00cb31b3) x 3 0x00000000
core   0: 0x80001900 (0x01ce3c33) sltu    s8, t3, t3
core   0: 3 0x80001900 (0x01ce3c33) x24 0x00000000
core   0: 0x80001904 (0x409d5d13) srai    s10, s10, 9
core   0: 3 0x80001904 (0x409d5d13) x26 0x00000000
core   0: 0x80001908 (0x004c2f33) slt     t5, s8, tp
core   0: 3 0x80001908 (0x004c2f33) x30 0x00000000
core   0: 0x8000190c (0x01651bb3) sll     s7, a0, s6
core   0: 3 0x8000190c (0x01651bb3) x23 0xfec3917c
core   0: 0x80001910 (0x4184d5b3) sra     a1, s1, s8
core   0: 3 0x80001910 (0x4184d5b3) x11 0x80015ce4
core   0: 0x80001914 (0xd00e8413) addi    s0, t4, -768
core   0: 3 0x80001914 (0xd00e8413) x 8 0x4e5815f0
core   0: 0x80001918 (0xad7e5737) lui     a4, 0xad7e5
core   0: 3 0x80001918 (0xad7e5737) x14 0xad7e5000
core   0: 0x8000191c (0x41680533) sub     a0, a6, s6
core   0: 3 0x8000191c (0x41680533) x10 0x653a7000
core   0: 0x80001920 (0x41b7d633) sra     a2, a5, s11
core   0: 3 0x80001920 (0x41b7d633) x12 0x00000000
core   0: 0x80001924 (0x006de0b3) or      ra, s11, t1
core   0: 3 0x80001924 (0x006de0b3) x 1 0xffffffff
core   0: 0x80001928 (0x01f33ab3) sltu    s5, t1, t6
core   0: 3 0x80001928 (0x01f33ab3) x21 0x00000000
core   0: 0x8000192c (0x002ec933) xor     s2, t4, sp
core   0: 3 0x8000192c (0x002ec933) x18 0xb1a7e70e
core   0: 0x80001930 (0xc5763693) sltiu   a3, a2, -937
core   0: 3 0x80001930 (0xc5763693) x13 0x00000001
core   0: 0x80001934 (0x01f35513) srli    a0, t1, 31
core   0: 3 0x80001934 (0x01f35513) x10 0x00000001
core   0: 0x80001938 (0x8283a6b7) lui     a3, 0x8283a
core   0: 3 0x80001938 (0x8283a6b7) x13 0x8283a000
core   0: 0x8000193c (0x00ba9833) sll     a6, s5, a1
core   0: 3 0x8000193c (0x00ba9833) x16 0x00000000
core   0: 0x80001940 (0x784adfb7) lui     t6, 0x784ad
core   0: 3 0x80001940 (0x784adfb7) x31 0x784ad000
core   0: 0x80001944 (0x007975b3) and     a1, s2, t2
core   0: 3 0x80001944 (0x007975b3) x11 0x80010604
core   0: 0x80001948 (0x016c0fb3) add     t6, s8, s6
core   0: 3 0x80001948 (0x016c0fb3) x31 0x9ac59000
core   0: 0x8000194c (0x01f39d93) slli    s11, t2, 31
core   0: 3 0x8000194c (0x01f39d93) x27 0x00000000
core   0: 0x80001950 (0x2d5c8b13) addi    s6, s9, 725
core   0: 3 0x80001950 (0x2d5c8b13) x22 0x000002d6
core   0: 0x80001954 (0xbef43d13) sltiu   s10, s0, -1041
core   0: 3 0x80001954 (0xbef43d13) x26 0x00000001
core   0: 0x80001958 (0x40cd8a33) sub     s4, s11, a2
core   0: 3 0x80001958 (0x40cd8a33) x20 0x00000000
core   0: 0x8000195c (0x011b1e33) sll     t3, s6, a7
core   0: 3 0x8000195c (0x011b1e33) x28 0xc0000000
core   0: 0x80001960 (0x00c85fb3) srl     t6, a6, a2
core   0: 3 0x80001960 (0x00c85fb3) x31 0x00000000
core   0: 0x80001964 (0x00d95b33) srl     s6, s2, a3
core   0: 3 0x80001964 (0x00d95b33) x22 0xb1a7e70e
core   0: 0x80001968 (0x00fd5b13) srli    s6, s10, 15
core   0: 3 0x80001968 (0x00fd5b13) x22 0x00000000
core   0: 0x8000196c (0x01fa72b3) and     t0, s4, t6
core   0: 3 0x8000196c (0x01fa72b3) x 5 0x00000000
core   0: 0x80001970 (0x41d900b3) sub     ra, s2, t4
core   0: 3 0x80001970 (0x41d900b3) x 1 0x634fce1e
core   0: 0x80001974 (0x4164d113) srai    sp, s1, 22
core   0: 3 0x80001974 (0x4164d113) x 2 0xfffffe00
core   0: 0x80001978 (0x013bdcb3) srl     s9, s7, s3
core   0: 3 0x80001978 (0x013bdcb3) x25 0xfec3917c
core   0: 0x8000197c (0x015f9113) slli    sp, t6, 21
core   0: 3 0x8000197c (0x015f9113) x 2 0x00000000
core   0: 0x80001980 (0x01a552b3) srl     t0, a0, s10
core   0: 3 0x80001980 (0x01a552b3) x 5 0x00000000
core   0: 0x80001984 (0x00b69713) slli    a4, a3, 11
core   0: 3 0x80001984 (0x00b69713) x14 0x1d000000
core   0: 0x80001988 (0xf07be817) auipc   a6, 0xf07be
core   0: 3 0x80001988 (0xf07be817) x16 0x707bf988
core   0: 0x8000198c (0x00509133) sll     sp, ra, t0
core   0: 3 0x8000198c (0x00509133) x 2 0x634fce1e
core   0: 0x80001990 (0x11660713) addi    a4, a2, 278
core   0: 3 0x80001990 (0x11660713) x14 0x00000116
core   0: 0x80001994 (0xef608193) addi    gp, ra, -266
core   0: 3 0x80001994 (0xef608193) x 3 0x634fcd14
core   0: 0x80001998 (0xe6943e97) auipc   t4, 0xe6943
core   0: 3 0x80001998 (0xe6943e97) x29 0x66944998
core   0: 0x8000199c (0x007f5693) srli    a3, t5, 7
core   0: 3 0x8000199c (0x007f5693) x13 0x00000000
core   0: 0x800019a0 (0x8f5a3613) sltiu   a2, s4, -1803
core   0: 3 0x800019a0 (0x8f5a3613) x12 0x00000001
core   0: 0x800019a4 (0x4c8ff317) auipc   t1, 0x4c8ff
core   0: 3 0x800019a4 (0x4c8ff317) x 6 0xcc9009a4
core   0: 0x800019a8 (0x00000013) nop
core   0: 3 0x800019a8 (0x00000013)
core   0: 0x800019ac (0x005346b3) xor     a3, t1, t0
core   0: 3 0x800019ac (0x005346b3) x13 0xcc9009a4
core   0: 0x800019b0 (0x005ae933) or      s2, s5, t0
core   0: 3 0x800019b0 (0x005ae933) x18 0x00000000
core   0: 0x800019b4 (0x23dd7d93) andi    s11, s10, 573
core   0: 3 0x800019b4 (0x23dd7d93) x27 0x00000001
core   0: 0x800019b8 (0x41ae58b3) sra     a7, t3, s10
core   0: 3 0x800019b8 (0x41ae58b3) x17 0xe0000000
core   0: 0x800019bc (0x8981cd13) xori    s10, gp, -1896
core   0: 3 0x800019bc (0x8981cd13) x26 0x9cb0358c
core   0: 0x800019c0 (0x002c2e33) slt     t3, s8, sp
core   0: 3 0x800019c0 (0x002c2e33) x28 0x00000001
core   0: 0x800019c4 (0x00000013) nop
core   0: 3 0x800019c4 (0x00000013)
core   0: 0x800019c8 (0x00793cb3) sltu    s9, s2, t2
core   0: 3 0x800019c8 (0x00793cb3) x25 0x00000001
core   0: 0x800019cc (0x76f56c13) ori     s8, a0, 1903
core   0: 3 0x800019cc (0x76f56c13) x24 0x0000076f
core   0: 0x800019d0 (0x00dbccb3) xor     s9, s7, a3
core   0: 3 0x800019d0 (0x00dbccb3) x25 0x325398d8
core   0: 0x800019d4 (0x2048f097) auipc   ra, 0x2048f
core   0: 3 0x800019d4 (0x2048f097) x 1 0xa04909d4
core   0: 0x800019d8 (0x89a02813) slti    a6, zero, -1894
core   0: 3 0x800019d8 (0x89a02813) x16 0x00000000
core   0: 0x800019dc (0x01b4d893) srli    a7, s1, 27
core   0: 3 0x800019dc (0x01b4d893) x17 0x00000010
core   0: 0x800019e0 (0x007b67b3) or      a5, s6, t2
core   0: 3 0x800019e0 (0x007b67b3) x15 0x80011e64
core   0: 0x800019e4 (0x40325d13) srai    s10, tp, 3
core   0: 3 0x800019e4 (0x40325d13) x26 0xffd8722f
core   0: 0x800019e8 (0x00b2e533) or      a0, t0, a1
core   0: 3 0x800019e8 (0x00b2e533) x10 0x80010604
core   0: 0x800019ec (0x09558e93) addi    t4, a1, 149
core   0: 3 0x800019ec (0x09558e93) x29 0x80010699
core   0: 0x800019f0 (0x403f0f33) sub     t5, t5, gp
core   0: 3 0x800019f0 (0x403f0f33) x30 0x9cb032ec
core   0: 0x800019f4 (0x01139d33) sll     s10, t2, a7
core   0: 3 0x800019f4 (0x01139d33) x26 0x1e640000
core   0: 0x800019f8 (0x00ad39b3) sltu    s3, s10, a0
core   0: 3 0x800019f8 (0x00ad39b3) x19 0x00000001
core   0: 0x800019fc (0x41d90333) sub     t1, s2, t4
core   0: 3 0x800019fc (0x41d90333) x 6 0x7ffef967
core   0: 0x80001a00 (0x01fcc0b3) xor     ra, s9, t6
core   0: 3 0x80001a00 (0x01fcc0b3) x 1 0x325398d8
core   0: 0x80001a04 (0xda8f2993) slti    s3, t5, -600
core   0: 3 0x80001a04 (0xda8f2993) x19 0x00000001
core   0: 0x80001a08 (0x00e9d813) srli    a6, s3, 14
core   0: 3 0x80001a08 (0x00e9d813) x16 0x00000000
core   0: 0x80001a0c (0xc6b42a13) slti    s4, s0, -917
core   0: 3 0x80001a0c (0xc6b42a13) x20 0x00000000
core   0: 0x80001a10 (0x46d0e793) ori     a5, ra, 1133
core   0: 3 0x80001a10 (0x46d0e793) x15 0x32539cfd
core   0: 0x80001a14 (0x41cc5e93) srai    t4, s8, 28
core   0: 3 0x80001a14 (0x41cc5e93) x29 0x00000000
core   0: 0x80001a18 (0x0165b133) sltu    sp, a1, s6
core   0: 3 0x80001a18 (0x0165b133) x 2 0x00000000
core   0: 0x80001a1c (0x01491113) slli    sp, s2, 20
core   0: 3 0x80001a1c (0x01491113) x 2 0x00000000
core   0: 0x80001a20 (0x003e7333) and     t1, t3, gp
core   0: 3 0x80001a20 (0x003e7333) x 6 0x00000000
core   0: 0x80001a24 (0xbe4602b7) lui     t0, 0xbe460
core   0: 3 0x80001a24 (0xbe4602b7) x 5 0xbe460000
core   0: 0x80001a28 (0x52044f13) xori    t5, s0, 1312
core   0: 3 0x80001a28 (0x52044f13) x30 0x4e5810d0
core   0: 0x80001a2c (0x5ea1a513) slti    a0, gp, 1514
core   0: 3 0x80001a2c (0x5ea1a513) x10 0x00000000
core   0: 0x80001a30 (0x00cbdc13) srli    s8, s7, 12
core   0: 3 0x80001a30 (0x00cbdc13) x24 0x000fec39
core   0: 0x80001a34 (0x408b5633) sra     a2, s6, s0
core   0: 3 0x80001a34 (0x408b5633) x12 0x00000000
core   0: 0x80001a38 (0xa8a70313) addi    t1, a4, -1398
core   0: 3 0x80001a38 (0xa8a70313) x 6 0xfffffba0
core   0: 0x80001a3c (0x01b28e33) add     t3, t0, s11
core   0: 3 0x80001a3c (0x01b28e33) x28 0xbe460001
core   0: 0x80001a40 (0xe2f34c13) xori    s8, t1, -465
core   0: 3 0x80001a40 (0xe2f34c13) x24 0x0000058f
core   0: 0x80001a44 (0x419c5a13) srai    s4, s8, 25
core   0: 3 0x80001a44 (0x419c5a13) x20 0x00000000
core   0: 0x80001a48 (0x91fdb013) sltiu   zero, s11, -1761
core   0: 3 0x80001a48 (0x91fdb013)
core   0: 0x80001a4c (0x00f45e13) srli    t3, s0, 15
core   0: 3 0x80001a4c (0x00f45e13) x28 0x00009cb0
core   0: 0x80001a50 (0xf2283513) sltiu   a0, a6, -222
core   0: 3 0x80001a50 (0xf2283513) x10 0x00000001
core   0: 0x80001a54 (0xccaf7293) andi    t0, t5, -822
core   0: 3 0x80001a54 (0xccaf7293) x 5 0x4e5810c0
core   0: 0x80001a58 (0xf13dad13) slti    s10, s11, -237
core   0: 3 0x80001a58 (0xf13dad13) x26 0x00000000
core   0: 0x80001a5c (0x01ae7133) and     sp, t3, s10
core   0: 3 0x80001a5c (0x01ae7133) x 2 0x00000000
core   0: 0x80001a60 (0x018f3b33) sltu    s6, t5, s8
core   0: 3 0x80001a60 (0x018f3b33) x22 0x00000000
core   0: 0x80001a64 (0x0165df33) srl     t5, a1, s6
core   0: 3 0x80001a64 (0x0165df33) x30 0x80010604
core   0: 0x80001a68 (0x00cb8833) add     a6, s7, a2
core   0: 3 0x80001a68 (0x00cb8833) x16 0xfec3917c
core   0: 0x80001a6c (0x00000013) nop
core   0: 3 0x80001a6c (0x00000013)
core   0: 0x80001a70 (0xffe41517) auipc   a0, 0xffe41
core   0: 3 0x80001a70 (0xffe41517) x10 0x7fe42a70
core   0: 0x80001a74 (0x014cf0b3) and     ra, s9, s4
core   0: 3 0x80001a74 (0x014cf0b3) x 1 0x00000000
core   0: 0x80001a78 (0x01be9433) sll     s0, t4, s11
core   0: 3 0x80001a78 (0x01be9433) x 8 0x00000000
core   0: 0x80001a7c (0x01098d33) add     s10, s3, a6
core   0: 3 0x80001a7c (0x01098d33) x26 0xfec3917d
core   0: 0x80001a80 (0x00e97fb3) and     t6, s2, a4
core   0: 3 0x80001a80 (0x00e97fb3) x31 0x00000000
core   0: 0x80001a84 (0x0143b2b3) sltu    t0, t2, s4
core   0: 3 0x80001a84 (0x0143b2b3) x 5 0x00000000
core   0: 0x80001a88 (0x24a19437) lui     s0, 0x24a19
core   0: 3 0x80001a88 (0x24a19437) x 8 0x24a19000
core   0: 0x80001a8c (0x013b0533) add     a0, s6, s3
core   0: 3 0x80001a8c (0x013b0533) x10 0x00000001
core   0: 0x80001a90 (0x2f51e617) auipc   a2, 0x2f51e
core   0: 3 0x80001a90 (0x2f51e617) x12 0xaf51fa90
core   0: 0x80001a94 (0x3dd56693) ori     a3, a0, 989
core   0: 3 0x80001a94 (0x3dd56693) x13 0x000003dd
core   0: 0x80001a98 (0x0059e8b3) or      a7, s3, t0
core   0: 3 0x80001a98 (0x0059e8b3) x17 0x00000001
core   0: 0x80001a9c (0x00347e33) and     t3, s0, gp
core   0: 3 0x80001a9c (0x00347e33) x28 0x20018000
core   0: 0x80001aa0 (0x00717633) and     a2, sp, t2
core   0: 3 0x80001aa0 (0x00717633) x12 0x00000000
core   0: 0x80001aa4 (0x001d8cb3) add     s9, s11, ra
core   0: 3 0x80001aa4 (0x001d8cb3) x25 0x00000001
core   0: 0x80001aa8 (0xebfe9517) auipc   a0, 0xebfe9
core   0: 3 0x80001aa8 (0xebfe9517) x10 0x6bfeaaa8
core   0: 0x80001aac (0x40aa0f33) sub     t5, s4, a0
core   0: 3 0x80001aac (0x40aa0f33) x30 0x94015558
core   0: 0x80001ab0 (0x0036fc33) and     s8, a3, gp
core   0: 3 0x80001ab0 (0x0036fc33) x24 0x00000114
core   0: 0x80001ab4 (0x8386e893) ori     a7, a3, -1992
core   0: 3 0x80001ab4 (0x8386e893) x17 0xfffffbfd
core   0: 0x80001ab8 (0xf5e02793) slti    a5, zero, -162
core   0: 3 0x80001ab8 (0xf5e02793) x15 0x00000000
core   0: 0x80001abc (0x010697b3) sll     a5, a3, a6
core   0: 3 0x80001abc (0x010697b3) x15 0xd0000000
core   0: 0x80001ac0 (0x416882b3) sub     t0, a7, s6
core   0: 3 0x80001ac0 (0x416882b3) x 5 0xfffffbfd
core   0: 0x80001ac4 (0x269b50b7) lui     ra, 0x269b5
core   0: 3 0x80001ac4 (0x269b50b7) x 1 0x269b5000
core   0: 0x80001ac8 (0x6733e893) ori     a7, t2, 1651
core   0: 3 0x80001ac8 (0x6733e893) x17 0x80011e77
core   0: 0x80001acc (0x00000013) nop
core   0: 3 0x80001acc (0x00000013)
core   0: 0x80001ad0 (0x5bde9697) auipc   a3, 0x5bde9
core   0: 3 0x80001ad0 (0x5bde9697) x13 0xdbdeaad0
core   0: 0x80001ad4 (0x53de3e13) sltiu   t3, t3, 1341
core   0: 3 0x80001ad4 (0x53de3e13) x28 0x00000000
core   0: 0x80001ad8 (0x65617c97) auipc   s9, 0x65617
core   0: 3 0x80001ad8 (0x65617c97) x25 0xe5618ad8
core   0: 0x80001adc (0x40e45eb3) sra     t4, s0, a4
core   0: 3 0x80001adc (0x40e45eb3) x29 0x00000092
core   0: 0x80001ae0 (0xd72b2e13) slti    t3, s6, -654
core   0: 3 0x80001ae0 (0xd72b2e13) x28 0x00000000
core   0: 0x80001ae4 (0xe9eaa913) slti    s2, s5, -354
core   0: 3 0x80001ae4 (0xe9eaa913) x18 0x00000000
core   0: 0x80001ae8 (0x86b4a913) slti    s2, s1, -1941
core   0: 3 0x80001ae8 (0x86b4a913) x18 0x00000001
core   0: 0x80001aec (0x01ac7bb3) and     s7, s8, s10
core   0: 3 0x80001aec (0x01ac7bb3) x23 0x00000114
core   0: 0x80001af0 (0x58580737) lui     a4, 0x58580
core   0: 3 0x80001af0 (0x58580737) x14 0x58580000
core   0: 0x80001af4 (0x01bf95b3) sll     a1, t6, s11
core   0: 3 0x80001af4 (0x01bf95b3) x11 0x00000000
core   0: 0x80001af8 (0xadaa6193) ori     gp, s4, -1318
core   0: 3 0x80001af8 (0xadaa6193) x 3 0xfffffada
core   0: 0x80001afc (0x00931333) sll     t1, t1, s1
core   0: 3 0x80001afc (0x00931333) x 6 0xffffba00
core   0: 0x80001b00 (0x41645193) srai    gp, s0, 22
core   0: 3 0x80001b00 (0x41645193) x 3 0x00000092
core   0: 0x80001b04 (0x01101a13) slli    s4, zero, 17
core   0: 3 0x80001b04 (0x01101a13) x20 0x00000000
core   0: 0x80001b08 (0x011d1413) slli    s0, s10, 17
core   0: 3 0x80001b08 (0x011d1413) x 8 0x22fa0000
core   0: 0x80001b0c (0x406a8c33) sub     s8, s5, t1
core   0: 3 0x80001b0c (0x406a8c33) x24 0x00004600
core   0: 0x80001b10 (0x00000013) nop
core   0: 3 0x80001b10 (0x00000013)
core   0: 0x80001b14 (0x67b6c293) xori    t0, a3, 1659
core   0: 3 0x80001b14 (0x67b6c293) x 5 0xdbdeacab
core   0: 0x80001b18 (0x00000013) nop
core   0: 3 0x80001b18 (0x00000013)
core   0: 0x80001b1c (0x41c70933) sub     s2, a4, t3
core   0: 3 0x80001b1c (0x41c70933) x18 0x58580000
core   0: 0x80001b20 (0x58642f97) auipc   t6, 0x58642
core   0: 3 0x80001b20 (0x58642f97) x31 0xd8643b20
core   0: 0x80001b24 (0x40dc50b3) sra     ra, s8, a3
core   0: 3 0x80001b24 (0x40dc50b3) x 1 0x00000000
core   0: 0x80001b28 (0x6eff7617) auipc   a2, 0x6eff7
core   0: 3 0x80001b28 (0x6eff7617) x12 0xeeff8b28
core   0: 0x80001b2c (0x007df533) and     a0, s11, t2
core   0: 3 0x80001b2c (0x007df533) x10 0x00000000
core   0: 0x80001b30 (0x00d7e433) or      s0, a5, a3
core   0: 3 0x80001b30 (0x00d7e433) x 8 0xdbdeaad0
core   0: 0x80001b34 (0x7883c613) xori    a2, t2, 1928
core   0: 3 0x80001b34 (0x7883c613) x12 0x800119ec
core   0: 0x80001b38 (0x18d64d13) xori    s10, a2, 397
core   0: 3 0x80001b38 (0x18d64d13) x26 0x80011861
core   0: 0x80001b3c (0x405c57b3) sra     a5, s8, t0
core   0: 3 0x80001b3c (0x405c57b3) x15 0x00000008
core   0: 0x80001b40 (0x015a5333) srl     t1, s4, s5
core   0: 3 0x80001b40 (0x015a5333) x 6 0x00000000
core   0: 0x80001b44 (0x0135de93) srli    t4, a1, 19
core   0: 3 0x80001b44 (0x0135de93) x29 0x00000000
core   0: 0x80001b48 (0x64608b97) auipc   s7, 0x64608
core   0: 3 0x80001b48 (0x64608b97) x23 0xe4609b48
core   0: 0x80001b4c (0x003509b3) add     s3, a0, gp
core   0: 3 0x80001b4c (0x003509b3) x19 0x00000092
core   0: 0x80001b50 (0x00a85a13) srli    s4, a6, 10
core   0: 3 0x80001b50 (0x00a85a13) x20 0x003fb0e4
core   0: 0x80001b54 (0x01e141b3) xor     gp, sp, t5
core   0: 3 0x80001b54 (0x01e141b3) x 3 0x94015558
core   0: 0x80001b58 (0x00000013) nop
core   0: 3 0x80001b58 (0x00000013)
core   0: 0x80001b5c (0x009d1933) sll     s2, s10, s1
core   0: 3 0x80001b5c (0x009d1933) x18 0x00118610
core   0: 0x80001b60 (0x00a2afb3) slt     t6, t0, a0
core   0: 3 0x80001b60 (0x00a2afb3) x31 0x00000001
core   0: 0x80001b64 (0x4134d933) sra     s2, s1, s3
core   0: 3 0x80001b64 (0x4134d933) x18 0xffffe000
core   0: 0x80001b68 (0x0110b133) sltu    sp, ra, a7
core   0: 3 0x80001b68 (0x0110b133) x 2 0x00000001
core   0: 0x80001b6c (0x00000013) nop
core   0: 3 0x80001b6c (0x00000013)
core   0: 0x80001b70 (0x41ef09b3) sub     s3, t5, t5
core   0: 3 0x80001b70 (0x41ef09b3) x19 0x00000000
core   0: 0x80001b74 (0x3a2e89b7) lui     s3, 0x3a2e8
core   0: 3 0x80001b74 (0x3a2e89b7) x19 0x3a2e8000
core   0: 0x80001b78 (0x01517db3) and     s11, sp, s5
core   0: 3 0x80001b78 (0x01517db3) x27 0x00000000
core   0: 0x80001b7c (0x002221b3) slt     gp, tp, sp
core   0: 3 0x80001b7c (0x002221b3) x 3 0x00000001
core   0: 0x80001b80 (0xbe077613) andi    a2, a4, -1056
core   0: 3 0x80001b80 (0xbe077613) x12 0x58580000
core   0: 0x80001b84 (0x00ee30b3) sltu    ra, t3, a4
core   0: 3 0x80001b84 (0x00ee30b3) x 1 0x00000001
core   0: 0x80001b88 (0x001bd9b3) srl     s3, s7, ra
core   0: 3 0x80001b88 (0x001bd9b3) x19 0x72304da4
core   0: 0x80001b8c (0x513a3693) sltiu   a3, s4, 1299
core   0: 3 0x80001b8c (0x513a3693) x13 0x00000000
core   0: 0x80001b90 (0x07e0e313) ori     t1, ra, 126
core   0: 3 0x80001b90 (0x07e0e313) x 6 0x0000007f
core   0: 0x80001b94 (0x000bd093) srli    ra, s7, 0
core   0: 3 0x80001b94 (0x000bd093) x 1 0xe4609b48
core   0: 0x80001b98 (0x013dd933) srl     s2, s11, s3
core   0: 3 0x80001b98 (0x013dd933) x18 0x00000000
core   0: 0x80001b9c (0x011eef33) or      t5, t4, a7
core   0: 3 0x80001b9c (0x011eef33) x30 0x80011e77
core   0: 0x80001ba0 (0x5c3a2f13) slti    t5, s4, 1475
core   0: 3 0x80001ba0 (0x5c3a2f13) x30 0x00000000
core   0: 0x80001ba4 (0x0002bf33) sltu    t5, t0, zero
core   0: 3 0x80001ba4 (0x0002bf33) x30 0x00000000
core   0: 0x80001ba8 (0x30667693) andi    a3, a2, 774
core   0: 3 0x80001ba8 (0x30667693) x13 0x00000000
core   0: 0x80001bac (0x8abc3e93) sltiu   t4, s8, -1877
core   0: 3 0x80001bac (0x8abc3e93) x29 0x00000001
core   0: 0x80001bb0 (0x01f92933) slt     s2, s2, t6
core   0: 3 0x80001bb0 (0x01f92933) x18 0x00000001
core   0: 0x80001bb4 (0x01da21b3) slt     gp, s4, t4
core   0: 3 0x80001bb4 (0x01da21b3) x 3 0x00000000
core   0: 0x80001bb8 (0x0111dcb3) srl     s9, gp, a7
core   0: 3 0x80001bb8 (0x0111dcb3) x25 0x00000000
core   0: 0x80001bbc (0x00cd0db3) add     s11, s10, a2
core   0: 3 0x80001bbc (0x00cd0db3) x27 0xd8591861
core   0: 0x80001bc0 (0xfa77e313) ori     t1, a5, -89
core   0: 3 0x80001bc0 (0xfa77e313) x 6 0xffffffaf
core   0: 0x80001bc4 (0x00dc6cb3) or      s9, s8, a3
core   0: 3 0x80001bc4 (0x00dc6cb3) x25 0x00004600
core   0: 0x80001bc8 (0x00b450b3) srl     ra, s0, a1
core   0: 3 0x80001bc8 (0x00b450b3) x 1 0xdbdeaad0
core   0: 0x80001bcc (0x00af61b3) or      gp, t5, a0
core   0: 3 0x80001bcc (0x00af61b3) x 3 0x00000000
core   0: 0x80001bd0 (0xf577c293) xori    t0, a5, -169
core   0: 3 0x80001bd0 (0xf577c293) x 5 0xffffff5f
core   0: 0x80001bd4 (0x00851533) sll     a0, a0, s0
core   0: 3 0x80001bd4 (0x00851533) x10 0x00000000
core   0: 0x80001bd8 (0x0002e8b3) or      a7, t0, zero
core   0: 3 0x80001bd8 (0x0002e8b3) x17 0xffffff5f
core   0: 0x80001bdc (0x01e4c033) xor     zero, s1, t5
core   0: 3 0x80001bdc (0x01e4c033)
core   0: 0x80001be0 (0x010c6db3) or      s11, s8, a6
core   0: 3 0x80001be0 (0x010c6db3) x27 0xfec3d77c
core   0: 0x80001be4 (0x019d5033) srl     zero, s10, s9
core   0: 3 0x80001be4 (0x019d5033)
core   0: 0x80001be8 (0x7ced5ab7) lui     s5, 0x7ced5
core   0: 3 0x80001be8 (0x7ced5ab7) x21 0x7ced5000
core   0: 0x80001bec (0x017d1a13) slli    s4, s10, 23
core   0: 3 0x80001bec (0x017d1a13) x20 0x30800000
core   0: 0x80001bf0 (0x4104db13) srai    s6, s1, 16
core   0: 3 0x80001bf0 (0x4104db13) x22 0xffff8001
core   0: 0x80001bf4 (0x01f35933) srl     s2, t1, t6
core   0: 3 0x80001bf4 (0x01f35933) x18 0x7fffffd7
core   0: 0x80001bf8 (0x55ada193) slti    gp, s11, 1370
core   0: 3 0x80001bf8 (0x55ada193) x 3 0x00000001
core   0: 0x80001bfc (0x4143dcb3) sra     s9, t2, s4
core   0: 3 0x80001bfc (0x4143dcb3) x25 0x80011e64
core   0: 0x80001c00 (0x5e767e13) andi    t3, a2, 1511
core   0: 3 0x80001c00 (0x5e767e13) x28 0x00000000
core   0: 0x80001c04 (0xd60c3913) sltiu   s2, s8, -672
core   0: 3 0x80001c04 (0xd60c3913) x18 0x00000001
core   0: 0x80001c08 (0x0188f633) and     a2, a7, s8
core   0: 3 0x80001c08 (0x0188f633) x12 0x00004600
core   0: 0x80001c0c (0x006ea8b3) slt     a7, t4, t1
core   0: 3 0x80001c0c (0x006ea8b3) x17 0x00000000
core   0: 0x80001c10 (0x019f6733) or      a4, t5, s9
core   0: 3 0x80001c10 (0x019f6733) x14 0x80011e64
core   0: 0x80001c14 (0x01517a33) and     s4, sp, s5
core   0: 3 0x80001c14 (0x01517a33) x20 0x00000000
core   0: 0x80001c18 (0x001cbab3) sltu    s5, s9, ra
core   0: 3 0x80001c18 (0x001cbab3) x21 0x00000001
core   0: 0x80001c1c (0x72b9a793) slti    a5, s3, 1835
core   0: 3 0x80001c1c (0x72b9a793) x15 0x00000000
core   0: 0x80001c20 (0xf9752197) auipc   gp, 0xf9752
core   0: 3 0x80001c20 (0xf9752197) x 3 0x79753c20
core   0: 0x80001c24 (0xd47dfa13) andi    s4, s11, -697
core   0: 3 0x80001c24 (0xd47dfa13) x20 0xfec3d544
core   0: 0x80001c28 (0x018cc433) xor     s0, s9, s8
core   0: 3 0x80001c28 (0x018cc433) x 8 0x80015864
core   0: 0x80001c2c (0x00f34333) xor     t1, t1, a5
core   0: 3 0x80001c2c (0x00f34333) x 6 0xffffffaf
core   0: 0x80001c30 (0x468f0437) lui     s0, 0x468f0
core   0: 3 0x80001c30 (0x468f0437) x 8 0x468f0000
core   0: 0x80001c34 (0x00000013) nop
core   0: 3 0x80001c34 (0x00000013)
core   0: 0x80001c38 (0x7eb53d93) sltiu   s11, a0, 2027
core   0: 3 0x80001c38 (0x7eb53d93) x27 0x00000001
core   0: 0x80001c3c (0xf9f23897) auipc   a7, 0xf9f23
core   0: 3 0x80001c3c (0xf9f23897) x17 0x79f24c3c
core   0: 0x80001c40 (0x00367033) and     zero, a2, gp
core   0: 3 0x80001c40 (0x00367033)
core   0: 0x80001c44 (0x3d79a793) slti    a5, s3, 983
core   0: 3 0x80001c44 (0x3d79a793) x15 0x00000000
core   0: 0x80001c48 (0xf6ff8a93) addi    s5, t6, -145
core   0: 3 0x80001c48 (0xf6ff8a93) x21 0xffffff70
core   0: 0x80001c4c (0x757d4193) xori    gp, s10, 1879
core   0: 3 0x80001c4c (0x757d4193) x 3 0x80011f36
core   0: 0x80001c50 (0x01492b33) slt     s6, s2, s4
core   0: 3 0x80001c50 (0x01492b33) x22 0x00000000
core   0: 0x80001c54 (0x002cb633) sltu    a2, s9, sp
core   0: 3 0x80001c54 (0x002cb633) x12 0x00000000
core   0: 0x80001c58 (0x017e0bb3) add     s7, t3, s7
core   0: 3 0x80001c58 (0x017e0bb3) x23 0xe4609b48
core   0: 0x80001c5c (0x00f3c6b3) xor     a3, t2, a5
core   0: 3 0x80001c5c (0x00f3c6b3) x13 0x80011e64
core   0: 0x80001c60 (0x9d4cf313) andi    t1, s9, -1580
core   0: 3 0x80001c60 (0x9d4cf313) x 6 0x80011844
core   0: 0x80001c64 (0x99673317) auipc   t1, 0x99673
core   0: 3 0x80001c64 (0x99673317) x 6 0x19674c64
core   0: 0x80001c68 (0x002e4a33) xor     s4, t3, sp
core   0: 3 0x80001c68 (0x002e4a33) x20 0x00000001
core   0: 0x80001c6c (0x002e8ab3) add     s5, t4, sp
core   0: 3 0x80001c6c (0x002e8ab3) x21 0x00000002
core   0: 0x80001c70 (0x41638db3) sub     s11, t2, s6
core   0: 3 0x80001c70 (0x41638db3) x27 0x80011e64
core   0: 0x80001c74 (0x01ce3d33) sltu    s10, t3, t3
core   0: 3 0x80001c74 (0x01ce3d33) x26 0x00000000
core   0: 0x80001c78 (0x8005f913) andi    s2, a1, -2048
core   0: 3 0x80001c78 (0x8005f913) x18 0x00000000
core   0: 0x80001c7c (0x9f0be613) ori     a2, s7, -1552
core   0: 3 0x80001c7c (0x9f0be613) x12 0xfffffbf8
core   0: 0x80001c80 (0x98617d13) andi    s10, sp, -1658
core   0: 3 0x80001c80 (0x98617d13) x26 0x00000000
core   0: 0x80001c84 (0x41e0dd13) srai    s10, ra, 30
core   0: 3 0x80001c84 (0x41e0dd13) x26 0xffffffff
core   0: 0x80001c88 (0x142dcb93) xori    s7, s11, 322
core   0: 3 0x80001c88 (0x142dcb93) x23 0x80011f26
core   0: 0x80001c8c (0x2a2a4837) lui     a6, 0x2a2a4
core   0: 3 0x80001c8c (0x2a2a4837) x16 0x2a2a4000
core   0: 0x80001c90 (0x41f88a33) sub     s4, a7, t6
core   0: 3 0x80001c90 (0x41f88a33) x20 0x79f24c3b
core   0: 0x80001c94 (0x00046c33) or      s8, s0, zero
core   0: 3 0x80001c94 (0x00046c33) x24 0x468f0000
core   0: 0x80001c98 (0x0110dd33) srl     s10, ra, a7
core   0: 3 0x80001c98 (0x0110dd33) x26 0x0000000d
core   0: 0x80001c9c (0x48da7413) andi    s0, s4, 1165
core   0: 3 0x80001c9c (0x48da7413) x 8 0x00000409
core   0: 0x80001ca0 (0x010ef633) and     a2, t4, a6
core   0: 3 0x80001ca0 (0x010ef633) x12 0x00000000
core   0: 0x80001ca4 (0x013b9613) slli    a2, s7, 19
core   0: 3 0x80001ca4 (0x013b9613) x12 0xf9300000
core   0: 0x80001ca8 (0xa5e41737) lui     a4, 0xa5e41
core   0: 3 0x80001ca8 (0xa5e41737) x14 0xa5e41000
core   0: 0x80001cac (0x01643bb3) sltu    s7, s0, s6
core   0: 3 0x80001cac (0x01643bb3) x23 0x00000000
core   0: 0x80001cb0 (0x0066a833) slt     a6, a3, t1
core   0: 3 0x80001cb0 (0x0066a833) x16 0x00000001
core   0: 0x80001cb4 (0x01c9d293) srli    t0, s3, 28
core   0: 3 0x80001cb4 (0x01c9d293) x 5 0x00000007
core   0: 0x80001cb8 (0x38ae7b13) andi    s6, t3, 906
core   0: 3 0x80001cb8 (0x38ae7b13) x22 0x00000000
core   0: 0x80001cbc (0x008228b3) slt     a7, tp, s0
core   0: 3 0x80001cbc (0x008228b3) x17 0x00000001
core   0: 0x80001cc0 (0x41f9d833) sra     a6, s3, t6
core   0: 3 0x80001cc0 (0x41f9d833) x16 0x391826d2
core   0: 0x80001cc4 (0x0085b2b3) sltu    t0, a1, s0
core   0: 3 0x80001cc4 (0x0085b2b3) x 5 0x00000001
core   0: 0x80001cc8 (0x0084a633) slt     a2, s1, s0
core   0: 3 0x80001cc8 (0x0084a633) x12 0x00000001
core   0: 0x80001ccc (0x00000013) nop
core   0: 3 0x80001ccc (0x00000013)
core   0: 0x80001cd0 (0x0132ff33) and     t5, t0, s3
core   0: 3 0x80001cd0 (0x0132ff33) x30 0x00000000
core   0: 0x80001cd4 (0x40c3d193) srai    gp, t2, 12
core   0: 3 0x80001cd4 (0x40c3d193) x 3 0xfff80011
core   0: 0x80001cd8 (0x40bd56b3) sra     a3, s10, a1
core   0: 3 0x80001cd8 (0x40bd56b3) x13 0x0000000d
core   0: 0x80001cdc (0xb0c64d93) xori    s11, a2, -1268
core   0: 3 0x80001cdc (0xb0c64d93) x27 0xfffffb0d
core   0: 0x80001ce0 (0x9f36ea93) ori     s5, a3, -1549
core   0: 3 0x80001ce0 (0x9f36ea93) x21 0xfffff9ff
core   0: 0x80001ce4 (0x01b55293) srli    t0, a0, 27
core   0: 3 0x80001ce4 (0x01b55293) x 5 0x00000000
core   0: 0x80001ce8 (0x78f4c613) xori    a2, s1, 1935
core   0: 3 0x80001ce8 (0x78f4c613) x12 0x80015b6b
core   0: 0x80001cec (0xbcb0e713) ori     a4, ra, -1077
core   0: 3 0x80001cec (0xbcb0e713) x14 0xfffffbdb
core   0: 0x80001cf0 (0x962abb13) sltiu   s6, s5, -1694
core   0: 3 0x80001cf0 (0x962abb13) x22 0x00000000
core   0: 0x80001cf4 (0x31586e93) ori     t4, a6, 789
core   0: 3 0x80001cf4 (0x31586e93) x29 0x391827d7
core   0: 0x80001cf8 (0x019165b3) or      a1, sp, s9
core   0: 3 0x80001cf8 (0x019165b3) x11 0x80011e65
core   0: 0x80001cfc (0x009f4f33) xor     t5, t5, s1
core   0: 3 0x80001cfc (0x009f4f33) x30 0x80015ce4
core   0: 0x80001d00 (0x00000013) nop
core   0: 3 0x80001d00 (0x00000013)
core   0: 0x80001d04 (0x402258b3) sra     a7, tp, sp
core   0: 3 0x80001d04 (0x402258b3) x17 0xff61c8be
core   0: 0x80001d08 (0x4045dc33) sra     s8, a1, tp
core   0: 3 0x80001d08 (0x4045dc33) x24 0xfffffffc
core   0: 0x80001d0c (0x002c2133) slt     sp, s8, sp
core   0: 3 0x80001d0c (0x002c2133) x 2 0x00000001
core   0: 0x80001d10 (0x00000b13) li      s6, 0
core   0: 3 0x80001d10 (0x00000b13) x22 0x00000000
core   0: 0x80001d14 (0x00000513) li      a0, 0
core   0: 3 0x80001d14 (0x00000513) x10 0x00000000
core   0: 0x80001d18 (0xfff00d93) li      s11, -1
core   0: 3 0x80001d18 (0xfff00d93) x27 0xffffffff
core   0: 0x80001d1c (0x00000913) li      s2, 0
core   0: 3 0x80001d1c (0x00000913) x18 0x00000000
core   0: 0x80001d20 (0xf3c161b7) lui     gp, 0xf3c16
core   0: 3 0x80001d20 (0xf3c161b7) x 3 0xf3c16000
core   0: 0x80001d24 (0xf9218193) addi    gp, gp, -110
core   0: 3 0x80001d24 (0xf9218193) x 3 0xf3c15f92
core   0: 0x80001d28 (0x00000713) li      a4, 0
core   0: 3 0x80001d28 (0x00000713) x14 0x00000000
core   0: 0x80001d2c (0x53016c37) lui     s8, 0x53016
core   0: 3 0x80001d2c (0x53016c37) x24 0x53016000
core   0: 0x80001d30 (0xb0bc0c13) addi    s8, s8, -1269
core   0: 3 0x80001d30 (0xb0bc0c13) x24 0x53015b0b
core   0: 0x80001d34 (0x80000837) lui     a6, 0x80000
core   0: 3 0x80001d34 (0x80000837) x16 0x80000000
core   0: 0x80001d38 (0x00000893) li      a7, 0
core   0: 3 0x80001d38 (0x00000893) x17 0x00000000
core   0: 0x80001d3c (0x80000a37) lui     s4, 0x80000
core   0: 3 0x80001d3c (0x80000a37) x20 0x80000000
core   0: 0x80001d40 (0xc6618c13) addi    s8, gp, -922
core   0: 3 0x80001d40 (0xc6618c13) x24 0xf3c15bf8
core   0: 0x80001d44 (0x010b0db3) add     s11, s6, a6
core   0: 3 0x80001d44 (0x010b0db3) x27 0x80000000
core   0: 0x80001d48 (0xcc442817) auipc   a6, 0xcc442
core   0: 3 0x80001d48 (0xcc442817) x16 0x4c443d48
core   0: 0x80001d4c (0x418a01b3) sub     gp, s4, s8
core   0: 3 0x80001d4c (0x418a01b3) x 3 0x8c3ea408
core   0: 0x80001d50 (0x5ba2d517) auipc   a0, 0x5ba2d
core   0: 3 0x80001d50 (0x5ba2d517) x10 0xdba2ed50
core   0: 0x80001d54 (0xf6b5aa37) lui     s4, 0xf6b5a
core   0: 3 0x80001d54 (0xf6b5aa37) x20 0xf6b5a000
core   0: 0x80001d58 (0x01170b33) add     s6, a4, a7
core   0: 3 0x80001d58 (0x01170b33) x22 0x00000000
core   0: 0x80001d5c (0x3a989b17) auipc   s6, 0x3a989
core   0: 3 0x80001d5c (0x3a989b17) x22 0xba98ad5c
core   0: 0x80001d60 (0x012c0933) add     s2, s8, s2
core   0: 3 0x80001d60 (0x012c0933) x18 0xf3c15bf8
core   0: 0x80001d64 (0x40aa08b3) sub     a7, s4, a0
core   0: 3 0x80001d64 (0x40aa08b3) x17 0x1b12b2b0
core   0: 0x80001d68 (0x00000013) nop
core   0: 3 0x80001d68 (0x00000013)
core   0: 0x80001d6c (0xd06a0913) addi    s2, s4, -762
core   0: 3 0x80001d6c (0xd06a0913) x18 0xf6b59d06
core   0: 0x80001d70 (0x41b50533) sub     a0, a0, s11
core   0: 3 0x80001d70 (0x41b50533) x10 0x5ba2ed50
core   0: 0x80001d74 (0x00000013) nop
core   0: 3 0x80001d74 (0x00000013)
core   0: 0x80001d78 (0x8af07db7) lui     s11, 0x8af07
core   0: 3 0x80001d78 (0x8af07db7) x27 0x8af07000
core   0: 0x80001d7c (0xae92b1b7) lui     gp, 0xae92b
core   0: 3 0x80001d7c (0xae92b1b7) x 3 0xae92b000
core   0: 0x80001d80 (0x87d5f197) auipc   gp, 0x87d5f
core   0: 3 0x80001d80 (0x87d5f197) x 3 0x07d60d80
core   0: 0x80001d84 (0x00000013) nop
core   0: 3 0x80001d84 (0x00000013)
core   0: 0x80001d88 (0x1ed22537) lui     a0, 0x1ed22
core   0: 3 0x80001d88 (0x1ed22537) x10 0x1ed22000
core   0: 0x80001d8c (0x073d8d93) addi    s11, s11, 115
core   0: 3 0x80001d8c (0x073d8d93) x27 0x8af07073
core   0: 0x80001d90 (0x5e32cdb7) lui     s11, 0x5e32c
core   0: 3 0x80001d90 (0x5e32cdb7) x27 0x5e32c000
core   0: 0x80001d94 (0x40a70733) sub     a4, a4, a0
core   0: 3 0x80001d94 (0x40a70733) x14 0xe12de000
core   0: 0x80001d98 (0x00000013) nop
core   0: 3 0x80001d98 (0x00000013)
core   0: 0x80001d9c (0x7e0ab817) auipc   a6, 0x7e0ab
core   0: 3 0x80001d9c (0x7e0ab817) x16 0xfe0acd9c
core   0: 0x80001da0 (0x81688893) addi    a7, a7, -2026
core   0: 3 0x80001da0 (0x81688893) x17 0x1b12aac6
core   0: 0x80001da4 (0x01d2aab3) slt     s5, t0, t4
core   0: 3 0x80001da4 (0x01d2aab3) x21 0x00000001
core   0: 0x80001da8 (0x4162c313) xori    t1, t0, 1046
core   0: 3 0x80001da8 (0x4162c313) x 6 0x00000416
core   0: 0x80001dac (0xb6fc3e17) auipc   t3, 0xb6fc3
core   0: 3 0x80001dac (0xb6fc3e17) x28 0x36fc4dac
core   0: 0x80001db0 (0x000de2b3) or      t0, s11, zero
core   0: 3 0x80001db0 (0x000de2b3) x 5 0x5e32c000
core   0: 0x80001db4 (0x01acb2b3) sltu    t0, s9, s10
core   0: 3 0x80001db4 (0x01acb2b3) x 5 0x00000000
core   0: 0x80001db8 (0x419589b3) sub     s3, a1, s9
core   0: 3 0x80001db8 (0x419589b3) x19 0x00000001
core   0: 0x80001dbc (0x002d7e33) and     t3, s10, sp
core   0: 3 0x80001dbc (0x002d7e33) x28 0x00000001
core   0: 0x80001dc0 (0x6cda8c13) addi    s8, s5, 1741
core   0: 3 0x80001dc0 (0x6cda8c13) x24 0x000006ce
core   0: 0x80001dc4 (0x00eca7b3) slt     a5, s9, a4
core   0: 3 0x80001dc4 (0x00eca7b3) x15 0x00000001
core   0: 0x80001dc8 (0x9abc3797) auipc   a5, 0x9abc3
core   0: 3 0x80001dc8 (0x9abc3797) x15 0x1abc4dc8
core   0: 0x80001dcc (0x01e05913) srli    s2, zero, 30
core   0: 3 0x80001dcc (0x01e05913) x18 0x00000000
core   0: 0x80001dd0 (0x00305313) srli    t1, zero, 3
core   0: 3 0x80001dd0 (0x00305313) x 6 0x00000000
core   0: 0x80001dd4 (0x01d94733) xor     a4, s2, t4
core   0: 3 0x80001dd4 (0x01d94733) x14 0x391827d7
core   0: 0x80001dd8 (0x01765f33) srl     t5, a2, s7
core   0: 3 0x80001dd8 (0x01765f33) x30 0x80015b6b
core   0: 0x80001ddc (0x01cb4fb3) xor     t6, s6, t3
core   0: 3 0x80001ddc (0x01cb4fb3) x31 0xba98ad5d
core   0: 0x80001de0 (0x00000013) nop
core   0: 3 0x80001de0 (0x00000013)
core   0: 0x80001de4 (0x41135933) sra     s2, t1, a7
core   0: 3 0x80001de4 (0x41135933) x18 0x00000000
core   0: 0x80001de8 (0x01185033) srl     zero, a6, a7
core   0: 3 0x80001de8 (0x01185033)
core   0: 0x80001dec (0x01e25f13) srli    t5, tp, 30
core   0: 3 0x80001dec (0x01e25f13) x30 0x00000003
core   0: 0x80001df0 (0x00c98bb3) add     s7, s3, a2
core   0: 3 0x80001df0 (0x00c98bb3) x23 0x80015b6c
core   0: 0x80001df4 (0x50164413) xori    s0, a2, 1281
core   0: 3 0x80001df4 (0x50164413) x 8 0x80015e6a
core   0: 0x80001df8 (0x006487b3) add     a5, s1, t1
core   0: 3 0x80001df8 (0x006487b3) x15 0x80015ce4
core   0: 0x80001dfc (0xe4f0cd93) xori    s11, ra, -433
core   0: 3 0x80001dfc (0xe4f0cd93) x27 0x2421549f
core   0: 0x80001e00 (0x40b10733) sub     a4, sp, a1
core   0: 3 0x80001e00 (0x40b10733) x14 0x7ffee19c
core   0: 0x80001e04 (0x96e8f913) andi    s2, a7, -1682
core   0: 3 0x80001e04 (0x96e8f913) x18 0x1b12a846
core   0: 0x80001e08 (0x01c4d693) srli    a3, s1, 28
core   0: 3 0x80001e08 (0x01c4d693) x13 0x00000008
core   0: 0x80001e0c (0x4190d0b3) sra     ra, ra, s9
core   0: 3 0x80001e0c (0x4190d0b3) x 1 0xfdbdeaad
core   0: 0x80001e10 (0xee311937) lui     s2, 0xee311
core   0: 3 0x80001e10 (0xee311937) x18 0xee311000
core   0: 0x80001e14 (0x4d27c937) lui     s2, 0x4d27c
core   0: 3 0x80001e14 (0x4d27c937) x18 0x4d27c000
core   0: 0x80001e18 (0x01211e33) sll     t3, sp, s2
core   0: 3 0x80001e18 (0x01211e33) x28 0x00000001
core   0: 0x80001e1c (0x00000013) nop
core   0: 3 0x80001e1c (0x00000013)
core   0: 0x80001e20 (0x01f65db3) srl     s11, a2, t6
core   0: 3 0x80001e20 (0x01f65db3) x27 0x00000004
core   0: 0x80001e24 (0x01ccfc33) and     s8, s9, t3
core   0: 3 0x80001e24 (0x01ccfc33) x24 0x00000000
core   0: 0x80001e28 (0x415c5d33) sra     s10, s8, s5
core   0: 3 0x80001e28 (0x415c5d33) x26 0x00000000
core   0: 0x80001e2c (0x00859713) slli    a4, a1, 8
core   0: 3 0x80001e2c (0x00859713) x14 0x011e6500
core   0: 0x80001e30 (0x00a318b3) sll     a7, t1, a0
core   0: 3 0x80001e30 (0x00a318b3) x17 0x00000000
core   0: 0x80001e34 (0xe7ee8813) addi    a6, t4, -386
core   0: 3 0x80001e34 (0xe7ee8813) x16 0x39182655
core   0: 0x80001e38 (0x41f15eb3) sra     t4, sp, t6
core   0: 3 0x80001e38 (0x41f15eb3) x29 0x00000000
core   0: 0x80001e3c (0x06d8aa13) slti    s4, a7, 109
core   0: 3 0x80001e3c (0x06d8aa13) x20 0x00000001
core   0: 0x80001e40 (0x41f90a33) sub     s4, s2, t6
core   0: 3 0x80001e40 (0x41f90a33) x20 0x928f12a3
core   0: 0x80001e44 (0x45700e13) li      t3, 1111
core   0: 3 0x80001e44 (0x45700e13) x28 0x00000457
core   0: 0x80001e48 (0x41f05313) srai    t1, zero, 31
core   0: 3 0x80001e48 (0x41f05313) x 6 0x00000000
core   0: 0x80001e4c (0x55342e17) auipc   t3, 0x55342
core   0: 3 0x80001e4c (0x55342e17) x28 0xd5343e4c
core   0: 0x80001e50 (0x1148b593) sltiu   a1, a7, 276
core   0: 3 0x80001e50 (0x1148b593) x11 0x00000001
core   0: 0x80001e54 (0x012298b3) sll     a7, t0, s2
core   0: 3 0x80001e54 (0x012298b3) x17 0x00000000
core   0: 0x80001e58 (0x5ec8f313) andi    t1, a7, 1516
core   0: 3 0x80001e58 (0x5ec8f313) x 6 0x00000000
core   0: 0x80001e5c (0x911b4b93) xori    s7, s6, -1775
core   0: 3 0x80001e5c (0x911b4b93) x23 0x4567544d
core   0: 0x80001e60 (0x9e04b113) sltiu   sp, s1, -1568
core   0: 3 0x80001e60 (0x9e04b113) x 2 0x00000001
core   0: 0x80001e64 (0x01f8dc13) srli    s8, a7, 31
core   0: 3 0x80001e64 (0x01f8dc13) x24 0x00000000
core   0: 0x80001e68 (0x4024dab3) sra     s5, s1, sp
core   0: 3 0x80001e68 (0x4024dab3) x21 0xc000ae72
core   0: 0x80001e6c (0xcc5ca793) slti    a5, s9, -827
core   0: 3 0x80001e6c (0xcc5ca793) x15 0x00000001
core   0: 0x80001e70 (0x8a76bc93) sltiu   s9, a3, -1881
core   0: 3 0x80001e70 (0x8a76bc93) x25 0x00000001
core   0: 0x80001e74 (0x0076de33) srl     t3, a3, t2
core   0: 3 0x80001e74 (0x0076de33) x28 0x00000000
core   0: 0x80001e78 (0x00a5d733) srl     a4, a1, a0
core   0: 3 0x80001e78 (0x00a5d733) x14 0x00000001
core   0: 0x80001e7c (0xf97c3e13) sltiu   t3, s8, -105
core   0: 3 0x80001e7c (0xf97c3e13) x28 0x00000001
core   0: 0x80001e80 (0x013c6333) or      t1, s8, s3
core   0: 3 0x80001e80 (0x013c6333) x 6 0x00000001
core   0: 0x80001e84 (0x879b4137) lui     sp, 0x879b4
core   0: 3 0x80001e84 (0x879b4137) x 2 0x879b4000
core   0: 0x80001e88 (0x677d8513) addi    a0, s11, 1655
core   0: 3 0x80001e88 (0x677d8513) x10 0x0000067b
core   0: 0x80001e8c (0x01839a13) slli    s4, t2, 24
core   0: 3 0x80001e8c (0x01839a13) x20 0x64000000
core   0: 0x80001e90 (0x00305fb3) srl     t6, zero, gp
core   0: 3 0x80001e90 (0x00305fb3) x31 0x00000000
core   0: 0x80001e94 (0x40e70433) sub     s0, a4, a4
core   0: 3 0x80001e94 (0x40e70433) x 8 0x00000000
core   0: 0x80001e98 (0xa8ee3a13) sltiu   s4, t3, -1394
core   0: 3 0x80001e98 (0xa8ee3a13) x20 0x00000001
core   0: 0x80001e9c (0x0147b033) sltu    zero, a5, s4
core   0: 3 0x80001e9c (0x0147b033)
core   0: 0x80001ea0 (0xf7fbb313) sltiu   t1, s7, -129
core   0: 3 0x80001ea0 (0xf7fbb313) x 6 0x00000001
core   0: 0x80001ea4 (0x65a92817) auipc   a6, 0x65a92
core   0: 3 0x80001ea4 (0x65a92817) x16 0xe5a93ea4
core   0: 0x80001ea8 (0x80000537) lui     a0, 0x80000
core   0: 3 0x80001ea8 (0x80000537) x10 0x80000000
core   0: 0x80001eac (0x1da1bab7) lui     s5, 0x1da1b
core   0: 3 0x80001eac (0x1da1bab7) x21 0x1da1b000
core   0: 0x80001eb0 (0x90aa8a93) addi    s5, s5, -1782
core   0: 3 0x80001eb0 (0x90aa8a93) x21 0x1da1a90a
core   0: 0x80001eb4 (0x00000093) li      ra, 0
core   0: 3 0x80001eb4 (0x00000093) x 1 0x00000000
core   0: 0x80001eb8 (0x80000d37) lui     s10, 0x80000
core   0: 3 0x80001eb8 (0x80000d37) x26 0x80000000
core   0: 0x80001ebc (0xfff00f93) li      t6, -1
core   0: 3 0x80001ebc (0xfff00f93) x31 0xffffffff
core   0: 0x80001ec0 (0xf60dfdb7) lui     s11, 0xf60df
core   0: 3 0x80001ec0 (0xf60dfdb7) x27 0xf60df000
core   0: 0x80001ec4 (0x52fd8d93) addi    s11, s11, 1327
core   0: 3 0x80001ec4 (0x52fd8d93) x27 0xf60df52f
core   0: 0x80001ec8 (0xfff00193) li      gp, -1
core   0: 3 0x80001ec8 (0xfff00193) x 3 0xffffffff
core   0: 0x80001ecc (0xb3451bb7) lui     s7, 0xb3451
core   0: 3 0x80001ecc (0xb3451bb7) x23 0xb3451000
core   0: 0x80001ed0 (0xa3cb8b93) addi    s7, s7, -1476
core   0: 3 0x80001ed0 (0xa3cb8b93) x23 0xb3450a3c
core   0: 0x80001ed4 (0x00000893) li      a7, 0
core   0: 3 0x80001ed4 (0x00000893) x17 0x00000000
core   0: 0x80001ed8 (0x00000793) li      a5, 0
core   0: 3 0x80001ed8 (0x00000793) x15 0x00000000
core   0: 0x80001edc (0xef350a93) addi    s5, a0, -269
core   0: 3 0x80001edc (0xef350a93) x21 0x7ffffef3
core   0: 0x80001ee0 (0x00f50bb3) add     s7, a0, a5
core   0: 3 0x80001ee0 (0x00f50bb3) x23 0x80000000
core   0: 0x80001ee4 (0x00108bb3) add     s7, ra, ra
core   0: 3 0x80001ee4 (0x00108bb3) x23 0x00000000
core   0: 0x80001ee8 (0x01eb8793) addi    a5, s7, 30
core   0: 3 0x80001ee8 (0x01eb8793) x15 0x0000001e
core   0: 0x80001eec (0xf17ec517) auipc   a0, 0xf17ec
core   0: 3 0x80001eec (0xf17ec517) x10 0x717edeec
core   0: 0x80001ef0 (0x415f8d33) sub     s10, t6, s5
core   0: 3 0x80001ef0 (0x415f8d33) x26 0x8000010c
core   0: 0x80001ef4 (0xb8a78d93) addi    s11, a5, -1142
core   0: 3 0x80001ef4 (0xb8a78d93) x27 0xfffffba8
core   0: 0x80001ef8 (0x41aa8db3) sub     s11, s5, s10
core   0: 3 0x80001ef8 (0x41aa8db3) x27 0xfffffde7
core   0: 0x80001efc (0x41b08d33) sub     s10, ra, s11
core   0: 3 0x80001efc (0x41b08d33) x26 0x00000219
core   0: 0x80001f00 (0x00a187b3) add     a5, gp, a0
core   0: 3 0x80001f00 (0x00a187b3) x15 0x717edeeb
core   0: 0x80001f04 (0x017b80b3) add     ra, s7, s7
core   0: 3 0x80001f04 (0x017b80b3) x 1 0x00000000
core   0: 0x80001f08 (0x00000013) nop
core   0: 3 0x80001f08 (0x00000013)
core   0: 0x80001f0c (0x372a2097) auipc   ra, 0x372a2
core   0: 3 0x80001f0c (0x372a2097) x 1 0xb72a3f0c
core   0: 0x80001f10 (0xde388d17) auipc   s10, 0xde388
core   0: 3 0x80001f10 (0xde388d17) x26 0x5e389f10
core   0: 0x80001f14 (0x00000013) nop
core   0: 3 0x80001f14 (0x00000013)
core   0: 0x80001f18 (0x001d8fb3) add     t6, s11, ra
core   0: 3 0x80001f18 (0x001d8fb3) x31 0xb72a3cf3
core   0: 0x80001f1c (0xf5f5a197) auipc   gp, 0xf5f5a
core   0: 3 0x80001f1c (0xf5f5a197) x 3 0x75f5bf1c
core   0: 0x80001f20 (0x00000013) nop
core   0: 3 0x80001f20 (0x00000013)
core   0: 0x80001f24 (0x548cebb7) lui     s7, 0x548ce
core   0: 3 0x80001f24 (0x548cebb7) x23 0x548ce000
core   0: 0x80001f28 (0x015d08b3) add     a7, s10, s5
core   0: 3 0x80001f28 (0x015d08b3) x17 0xde389e03
core   0: 0x80001f2c (0xc2450d13) addi    s10, a0, -988
core   0: 3 0x80001f2c (0xc2450d13) x26 0x717edb10
core   0: 0x80001f30 (0xd4f337b7) lui     a5, 0xd4f33
core   0: 3 0x80001f30 (0xd4f337b7) x15 0xd4f33000
core   0: 0x80001f34 (0x6b808793) addi    a5, ra, 1720
core   0: 3 0x80001f34 (0x6b808793) x15 0xb72a45c4
core   0: 0x80001f38 (0x00828833) add     a6, t0, s0
core   0: 3 0x80001f38 (0x00828833) x16 0x00000000
core   0: 0x80001f3c (0x4164d813) srai    a6, s1, 22
core   0: 3 0x80001f3c (0x4164d813) x16 0xfffffe00
core   0: 0x80001f40 (0x4abf6f93) ori     t6, t5, 1195
core   0: 3 0x80001f40 (0x4abf6f93) x31 0x000004ab
core   0: 0x80001f44 (0x98fcb5b7) lui     a1, 0x98fcb
core   0: 3 0x80001f44 (0x98fcb5b7) x11 0x98fcb000
core   0: 0x80001f48 (0x412cdfb3) sra     t6, s9, s2
core   0: 3 0x80001f48 (0x412cdfb3) x31 0x00000001
core   0: 0x80001f4c (0x4cc1c293) xori    t0, gp, 1228
core   0: 3 0x80001f4c (0x4cc1c293) x 5 0x75f5bbd0
core   0: 0x80001f50 (0x53d86113) ori     sp, a6, 1341
core   0: 3 0x80001f50 (0x53d86113) x 2 0xffffff3d
core   0: 0x80001f54 (0x41c10033) sub     zero, sp, t3
core   0: 3 0x80001f54 (0x41c10033)
core   0: 0x80001f58 (0x01fedd13) srli    s10, t4, 31
core   0: 3 0x80001f58 (0x01fedd13) x26 0x00000000
core   0: 0x80001f5c (0x413a8633) sub     a2, s5, s3
core   0: 3 0x80001f5c (0x413a8633) x12 0x7ffffef2
core   0: 0x80001f60 (0xe3b24d13) xori    s10, tp, -453
core   0: 3 0x80001f60 (0xe3b24d13) x26 0x013c6f46
core   0: 0x80001f64 (0x008a3fb3) sltu    t6, s4, s0
core   0: 3 0x80001f64 (0x008a3fb3) x31 0x00000000
core   0: 0x80001f68 (0x011160b3) or      ra, sp, a7
core   0: 3 0x80001f68 (0x011160b3) x 1 0xffffff3f
core   0: 0x80001f6c (0xc4858313) addi    t1, a1, -952
core   0: 3 0x80001f6c (0xc4858313) x 6 0x98fcac48
core   0: 0x80001f70 (0x41a15a33) sra     s4, sp, s10
core   0: 3 0x80001f70 (0x41a15a33) x20 0xfffffffc
core   0: 0x80001f74 (0x41d50db3) sub     s11, a0, t4
core   0: 3 0x80001f74 (0x41d50db3) x27 0x717edeec
core   0: 0x80001f78 (0x01cc7fb3) and     t6, s8, t3
core   0: 3 0x80001f78 (0x01cc7fb3) x31 0x00000000
core   0: 0x80001f7c (0x0171ca33) xor     s4, gp, s7
core   0: 3 0x80001f7c (0x0171ca33) x20 0x21795f1c
core   0: 0x80001f80 (0x89fc1ab7) lui     s5, 0x89fc1
core   0: 3 0x80001f80 (0x89fc1ab7) x21 0x89fc1000
core   0: 0x80001f84 (0x002f2bb3) slt     s7, t5, sp
core   0: 3 0x80001f84 (0x002f2bb3) x23 0x00000000
core   0: 0x80001f88 (0x01acb8b3) sltu    a7, s9, s10
core   0: 3 0x80001f88 (0x01acb8b3) x17 0x00000001
core   0: 0x80001f8c (0x41a1d513) srai    a0, gp, 26
core   0: 3 0x80001f8c (0x41a1d513) x10 0x0000001d
core   0: 0x80001f90 (0x30b5b793) sltiu   a5, a1, 779
core   0: 3 0x80001f90 (0x30b5b793) x15 0x00000000
core   0: 0x80001f94 (0x01ce1333) sll     t1, t3, t3
core   0: 3 0x80001f94 (0x01ce1333) x 6 0x00000002
core   0: 0x80001f98 (0x41468fb3) sub     t6, a3, s4
core   0: 3 0x80001f98 (0x41468fb3) x31 0xde86a0ec
core   0: 0x80001f9c (0x37347d13) andi    s10, s0, 883
core   0: 3 0x80001f9c (0x37347d13) x26 0x00000000
core   0: 0x80001fa0 (0x00000013) nop
core   0: 3 0x80001fa0 (0x00000013)
core   0: 0x80001fa4 (0x01d4f933) and     s2, s1, t4
core   0: 3 0x80001fa4 (0x01d4f933) x18 0x00000000
core   0: 0x80001fa8 (0x1f84f893) andi    a7, s1, 504
core   0: 3 0x80001fa8 (0x1f84f893) x17 0x000000e0
core   0: 0x80001fac (0x01ab5713) srli    a4, s6, 26
core   0: 3 0x80001fac (0x01ab5713) x14 0x0000002e
core   0: 0x80001fb0 (0x01429613) slli    a2, t0, 20
core   0: 3 0x80001fb0 (0x01429613) x12 0xbd000000
core   0: 0x80001fb4 (0x33252717) auipc   a4, 0x33252
core   0: 3 0x80001fb4 (0x33252717) x14 0xb3253fb4
core   0: 0x80001fb8 (0x005c9293) slli    t0, s9, 5
core   0: 3 0x80001fb8 (0x005c9293) x 5 0x00000020
core   0: 0x80001fbc (0x9d2e6c13) ori     s8, t3, -1582
core   0: 3 0x80001fbc (0x9d2e6c13) x24 0xfffff9d3
core   0: 0x80001fc0 (0x001d8db3) add     s11, s11, ra
core   0: 3 0x80001fc0 (0x001d8db3) x27 0x717ede2b
core   0: 0x80001fc4 (0x6d7f3813) sltiu   a6, t5, 1751
core   0: 3 0x80001fc4 (0x6d7f3813) x16 0x00000001
core   0: 0x80001fc8 (0x012bd433) srl     s0, s7, s2
core   0: 3 0x80001fc8 (0x012bd433) x 8 0x00000000
core   0: 0x80001fcc (0x00000013) nop
core   0: 3 0x80001fcc (0x00000013)
core   0: 0x80001fd0 (0x017a3ab3) sltu    s5, s4, s7
core   0: 3 0x80001fd0 (0x017a3ab3) x21 0x00000000
core   0: 0x80001fd4 (0x40b405b3) sub     a1, s0, a1
core   0: 3 0x80001fd4 (0x40b405b3) x11 0x67035000
core   0: 0x80001fd8 (0xc68cbf13) sltiu   t5, s9, -920
core   0: 3 0x80001fd8 (0xc68cbf13) x30 0x00000001
core   0: 0x80001fdc (0x00de5093) srli    ra, t3, 13
core   0: 3 0x80001fdc (0x00de5093) x 1 0x00000000
core   0: 0x80001fe0 (0xf2de8b97) auipc   s7, 0xf2de8
core   0: 3 0x80001fe0 (0xf2de8b97) x23 0x72de9fe0
core   0: 0x80001fe4 (0x019cec33) or      s8, s9, s9
core   0: 3 0x80001fe4 (0x019cec33) x24 0x00000001
core   0: 0x80001fe8 (0x011a51b3) srl     gp, s4, a7
core   0: 3 0x80001fe8 (0x011a51b3) x 3 0x21795f1c
core   0: 0x80001fec (0x6fd22e93) slti    t4, tp, 1789
core   0: 3 0x80001fec (0x6fd22e93) x29 0x00000001
core   0: 0x80001ff0 (0x4e19c193) xori    gp, s3, 1249
core   0: 3 0x80001ff0 (0x4e19c193) x 3 0x000004e0
core   0: 0x80001ff4 (0xde8ef1b7) lui     gp, 0xde8ef
core   0: 3 0x80001ff4 (0xde8ef1b7) x 3 0xde8ef000
core   0: 0x80001ff8 (0x0080ae33) slt     t3, ra, s0
core   0: 3 0x80001ff8 (0x0080ae33) x28 0x00000000
core   0: 0x80001ffc (0x4137d093) srai    ra, a5, 19
core   0: 3 0x80001ffc (0x4137d093) x 1 0x00000000
core   0: 0x80002000 (0x010785b3) add     a1, a5, a6
core   0: 3 0x80002000 (0x010785b3) x11 0x00000001
core   0: 0x80002004 (0x0160d313) srli    t1, ra, 22
core   0: 3 0x80002004 (0x0160d313) x 6 0x00000000
core   0: 0x80002008 (0x00941193) slli    gp, s0, 9
core   0: 3 0x80002008 (0x00941193) x 3 0x00000000
core   0: 0x8000200c (0x41d35c33) sra     s8, t1, t4
core   0: 3 0x8000200c (0x41d35c33) x24 0x00000000
core   0: 0x80002010 (0x15e2e197) auipc   gp, 0x15e2e
core   0: 3 0x80002010 (0x15e2e197) x 3 0x95e30010
core   0: 0x80002014 (0xc89e2893) slti    a7, t3, -887
core   0: 3 0x80002014 (0xc89e2893) x17 0x00000000
core   0: 0x80002018 (0x55b67597) auipc   a1, 0x55b67
core   0: 3 0x80002018 (0x55b67597) x11 0xd5b69018
core   0: 0x8000201c (0x4030dd33) sra     s10, ra, gp
core   0: 3 0x8000201c (0x4030dd33) x26 0x00000000
core   0: 0x80002020 (0x41635633) sra     a2, t1, s6
core   0: 3 0x80002020 (0x41635633) x12 0x00000000
core   0: 0x80002024 (0x41eddeb3) sra     t4, s11, t5
core   0: 3 0x80002024 (0x41eddeb3) x29 0x38bf6f15
core   0: 0x80002028 (0x41ead593) srai    a1, s5, 30
core   0: 3 0x80002028 (0x41ead593) x11 0x00000000
core   0: 0x8000202c (0x4087d5b3) sra     a1, a5, s0
core   0: 3 0x8000202c (0x4087d5b3) x11 0x00000000
core   0: 0x80002030 (0x01029e13) slli    t3, t0, 16
core   0: 3 0x80002030 (0x01029e13) x28 0x00200000
core   0: 0x80002034 (0x01a35713) srli    a4, t1, 26
core   0: 3 0x80002034 (0x01a35713) x14 0x00000000
core   0: 0x80002038 (0x4bb94c93) xori    s9, s2, 1211
core   0: 3 0x80002038 (0x4bb94c93) x25 0x000004bb
core   0: 0x8000203c (0x0197e133) or      sp, a5, s9
core   0: 3 0x8000203c (0x0197e133) x 2 0x000004bb
core   0: 0x80002040 (0x987eea13) ori     s4, t4, -1657
core   0: 3 0x80002040 (0x987eea13) x20 0xffffff97
core   0: 0x80002044 (0x01041a13) slli    s4, s0, 16
core   0: 3 0x80002044 (0x01041a13) x20 0x00000000
core   0: 0x80002048 (0x00748633) add     a2, s1, t2
core   0: 3 0x80002048 (0x00748633) x12 0x00027b48
core   0: 0x8000204c (0xc7a1fe93) andi    t4, gp, -902
core   0: 3 0x8000204c (0xc7a1fe93) x29 0x95e30010
core   0: 0x80002050 (0x01d34a33) xor     s4, t1, t4
core   0: 3 0x80002050 (0x01d34a33) x20 0x95e30010
core   0: 0x80002054 (0x31d9e313) ori     t1, s3, 797
core   0: 3 0x80002054 (0x31d9e313) x 6 0x0000031d
core   0: 0x80002058 (0x35824017) auipc   zero, 0x35824
core   0: 3 0x80002058 (0x35824017)
core   0: 0x8000205c (0x006f8bb3) add     s7, t6, t1
core   0: 3 0x8000205c (0x006f8bb3) x23 0xde86a409
core   0: 0x80002060 (0x00b5c933) xor     s2, a1, a1
core   0: 3 0x80002060 (0x00b5c933) x18 0x00000000
core   0: 0x80002064 (0x411c09b3) sub     s3, s8, a7
core   0: 3 0x80002064 (0x411c09b3) x19 0x00000000
core   0: 0x80002068 (0x01412333) slt     t1, sp, s4
core   0: 3 0x80002068 (0x01412333) x 6 0x00000000
core   0: 0x8000206c (0xfec1cf13) xori    t5, gp, -20
core   0: 3 0x8000206c (0xfec1cf13) x30 0x6a1cfffc
core   0: 0x80002070 (0xbf507837) lui     a6, 0xbf507
core   0: 3 0x80002070 (0xbf507837) x16 0xbf507000
core   0: 0x80002074 (0x3481b513) sltiu   a0, gp, 840
core   0: 3 0x80002074 (0x3481b513) x10 0x00000000
core   0: 0x80002078 (0x00de5a13) srli    s4, t3, 13
core   0: 3 0x80002078 (0x00de5a13) x20 0x00000100
core   0: 0x8000207c (0x412c82b3) sub     t0, s9, s2
core   0: 3 0x8000207c (0x412c82b3) x 5 0x000004bb
core   0: 0x80002080 (0x003cf8b3) and     a7, s9, gp
core   0: 3 0x80002080 (0x003cf8b3) x17 0x00000010
core   0: 0x80002084 (0xa9fe6013) ori     zero, t3, -1377
core   0: 3 0x80002084 (0xa9fe6013)
core   0: 0x80002088 (0x5ee72f97) auipc   t6, 0x5ee72
core   0: 3 0x80002088 (0x5ee72f97) x31 0xdee74088
core   0: 0x8000208c (0x0103e2b3) or      t0, t2, a6
core   0: 3 0x8000208c (0x0103e2b3) x 5 0xbf517e64
core   0: 0x80002090 (0x01638b33) add     s6, t2, s6
core   0: 3 0x80002090 (0x01638b33) x22 0x3a99cbc0
core   0: 0x80002094 (0x0063f7b3) and     a5, t2, t1
core   0: 3 0x80002094 (0x0063f7b3) x15 0x00000000
core   0: 0x80002098 (0x201bbb93) sltiu   s7, s7, 513
core   0: 3 0x80002098 (0x201bbb93) x23 0x00000000
core   0: 0x8000209c (0x01627c33) and     s8, tp, s6
core   0: 3 0x8000209c (0x01627c33) x24 0x3a818140
core   0: 0x800020a0 (0x2f13fe93) andi    t4, t2, 753
core   0: 3 0x800020a0 (0x2f13fe93) x29 0x00000260
core   0: 0x800020a4 (0x01811bb3) sll     s7, sp, s8
core   0: 3 0x800020a4 (0x01811bb3) x23 0x000004bb
core   0: 0x800020a8 (0x00feaab3) slt     s5, t4, a5
core   0: 3 0x800020a8 (0x00feaab3) x21 0x00000000
core   0: 0x800020ac (0x585b3613) sltiu   a2, s6, 1413
core   0: 3 0x800020ac (0x585b3613) x12 0x00000000
core   0: 0x800020b0 (0x01edce33) xor     t3, s11, t5
core   0: 3 0x800020b0 (0x01edce33) x28 0x1b6221d7
core   0: 0x800020b4 (0x004401b3) add     gp, s0, tp
core   0: 3 0x800020b4 (0x004401b3) x 3 0xfec3917d
core   0: 0x800020b8 (0x4016d993) srai    s3, a3, 1
core   0: 3 0x800020b8 (0x4016d993) x19 0x00000004
core   0: 0x800020bc (0x01e56cb3) or      s9, a0, t5
core   0: 3 0x800020bc (0x01e56cb3) x25 0x6a1cfffc
core   0: 0x800020c0 (0x4422e613) ori     a2, t0, 1090
core   0: 3 0x800020c0 (0x4422e613) x12 0xbf517e66
core   0: 0x800020c4 (0x00600b33) add     s6, zero, t1
core   0: 3 0x800020c4 (0x00600b33) x22 0x00000000
core   0: 0x800020c8 (0x4005de13) srai    t3, a1, 0
core   0: 3 0x800020c8 (0x4005de13) x28 0x00000000
core   0: 0x800020cc (0xf5a68813) addi    a6, a3, -166
core   0: 3 0x800020cc (0xf5a68813) x16 0xffffff62
core   0: 0x800020d0 (0x0074ecb3) or      s9, s1, t2
core   0: 3 0x800020d0 (0x0074ecb3) x25 0x80015ee4
core   0: 0x800020d4 (0xb842aeb7) lui     t4, 0xb842a
core   0: 3 0x800020d4 (0xb842aeb7) x29 0xb842a000
core   0: 0x800020d8 (0x006f5913) srli    s2, t5, 6
core   0: 3 0x800020d8 (0x006f5913) x18 0x01a873ff
core   0: 0x800020dc (0x41ac0533) sub     a0, s8, s10
core   0: 3 0x800020dc (0x41ac0533) x10 0x3a818140
core   0: 0x800020e0 (0x0040da13) srli    s4, ra, 4
core   0: 3 0x800020e0 (0x0040da13) x20 0x00000000
core   0: 0x800020e4 (0x413cd633) sra     a2, s9, s3
core   0: 3 0x800020e4 (0x413cd633) x12 0xf80015ee
core   0: 0x800020e8 (0x00a2bcb3) sltu    s9, t0, a0
core   0: 3 0x800020e8 (0x00a2bcb3) x25 0x00000000
core   0: 0x800020ec (0x40a25e93) srai    t4, tp, 10
core   0: 3 0x800020ec (0x40a25e93) x29 0xffffb0e4
core   0: 0x800020f0 (0x41c65e13) srai    t3, a2, 28
core   0: 3 0x800020f0 (0x41c65e13) x28 0xffffffff
core   0: 0x800020f4 (0x00ba97b3) sll     a5, s5, a1
core   0: 3 0x800020f4 (0x00ba97b3) x15 0x00000000
core   0: 0x800020f8 (0x01d25e33) srl     t3, tp, t4
core   0: 3 0x800020f8 (0x01d25e33) x28 0x0fec3917
core   0: 0x800020fc (0x00000013) nop
core   0: 3 0x800020fc (0x00000013)
core   0: 0x80002100 (0xef9c4293) xori    t0, s8, -263
core   0: 3 0x80002100 (0xef9c4293) x 5 0xc57e7fb9
core   0: 0x80002104 (0x40310b33) sub     s6, sp, gp
core   0: 3 0x80002104 (0x40310b33) x22 0x013c733e
core   0: 0x80002108 (0x004746b3) xor     a3, a4, tp
core   0: 3 0x80002108 (0x004746b3) x13 0xfec3917d
core   0: 0x8000210c (0x0a108b93) addi    s7, ra, 161
core   0: 3 0x8000210c (0x0a108b93) x23 0x000000a1
core   0: 0x80002110 (0x003ade33) srl     t3, s5, gp
core   0: 3 0x80002110 (0x003ade33) x28 0x00000000
core   0: 0x80002114 (0x0035c633) xor     a2, a1, gp
core   0: 3 0x80002114 (0x0035c633) x12 0xfec3917d
core   0: 0x80002118 (0x01bb9c13) slli    s8, s7, 27
core   0: 3 0x80002118 (0x01bb9c13) x24 0x08000000
core   0: 0x8000211c (0x008ec1b3) xor     gp, t4, s0
core   0: 3 0x8000211c (0x008ec1b3) x 3 0xffffb0e4
core   0: 0x80002120 (0x00239013) slli    zero, t2, 2
core   0: 3 0x80002120 (0x00239013)
core   0: 0x80002124 (0x0085d2b3) srl     t0, a1, s0
core   0: 3 0x80002124 (0x0085d2b3) x 5 0x00000000
core   0: 0x80002128 (0x4030dc13) srai    s8, ra, 3
core   0: 3 0x80002128 (0x4030dc13) x24 0x00000000
core   0: 0x8000212c (0x00955f33) srl     t5, a0, s1
core   0: 3 0x8000212c (0x00955f33) x30 0x03a81814
core   0: 0x80002130 (0x418b52b3) sra     t0, s6, s8
core   0: 3 0x80002130 (0x418b52b3) x 5 0x013c733e
core   0: 0x80002134 (0x25433293) sltiu   t0, t1, 596
core   0: 3 0x80002134 (0x25433293) x 5 0x00000001
core   0: 0x80002138 (0x41875413) srai    s0, a4, 24
core   0: 3 0x80002138 (0x41875413) x 8 0x00000000
core   0: 0x8000213c (0x76937837) lui     a6, 0x76937
core   0: 3 0x8000213c (0x76937837) x16 0x76937000
core   0: 0x80002140 (0x36536e93) ori     t4, t1, 869
core   0: 3 0x80002140 (0x36536e93) x29 0x00000365
core   0: 0x80002144 (0x8f2f6e13) ori     t3, t5, -1806
core   0: 3 0x80002144 (0x8f2f6e13) x28 0xfffff8f6
core   0: 0x80002148 (0x410b5d93) srai    s11, s6, 16
core   0: 3 0x80002148 (0x410b5d93) x27 0x0000013c
core   0: 0x8000214c (0x00000013) nop
core   0: 3 0x8000214c (0x00000013)
core   0: 0x80002150 (0xec2f3193) sltiu   gp, t5, -318
core   0: 3 0x80002150 (0xec2f3193) x 3 0x00000001
core   0: 0x80002154 (0x00aaf5b3) and     a1, s5, a0
core   0: 3 0x80002154 (0x00aaf5b3) x11 0x00000000
core   0: 0x80002158 (0x01ab4c33) xor     s8, s6, s10
core   0: 3 0x80002158 (0x01ab4c33) x24 0x013c733e
core   0: 0x8000215c (0x674e2b93) slti    s7, t3, 1652
core   0: 3 0x8000215c (0x674e2b93) x23 0x00000001
core   0: 0x80002160 (0x4158da13) srai    s4, a7, 21
core   0: 3 0x80002160 (0x4158da13) x20 0x00000000
core   0: 0x80002164 (0x008bc5b3) xor     a1, s7, s0
core   0: 3 0x80002164 (0x008bc5b3) x11 0x00000001
core   0: 0x80002168 (0x0191c0b3) xor     ra, gp, s9
core   0: 3 0x80002168 (0x0191c0b3) x 1 0x00000001
core   0: 0x8000216c (0x00c738b3) sltu    a7, a4, a2
core   0: 3 0x8000216c (0x00c738b3) x17 0x00000001
core   0: 0x80002170 (0x01cadf93) srli    t6, s5, 28
core   0: 3 0x80002170 (0x01cadf93) x31 0x00000000
core   0: 0x80002174 (0x41e182b3) sub     t0, gp, t5
core   0: 3 0x80002174 (0x41e182b3) x 5 0xfc57e7ed
core   0: 0x80002178 (0x885a2c93) slti    s9, s4, -1915
core   0: 3 0x80002178 (0x885a2c93) x25 0x00000000
core   0: 0x8000217c (0x4114dd93) srai    s11, s1, 17
core   0: 3 0x8000217c (0x4114dd93) x27 0xffffc000
core   0: 0x80002180 (0xdf010793) addi    a5, sp, -528
core   0: 3 0x80002180 (0xdf010793) x15 0x000002ab
core   0: 0x80002184 (0x27eac6b7) lui     a3, 0x27eac
core   0: 3 0x80002184 (0x27eac6b7) x13 0x27eac000
core   0: 0x80002188 (0xc24a4c13) xori    s8, s4, -988
core   0: 3 0x80002188 (0xc24a4c13) x24 0xfffffc24
core   0: 0x8000218c (0x00000013) nop
core   0: 3 0x8000218c (0x00000013)
core   0: 0x80002190 (0x01de4433) xor     s0, t3, t4
core   0: 3 0x80002190 (0x01de4433) x 8 0xfffffb93
core   0: 0x80002194 (0x01c61f33) sll     t5, a2, t3
core   0: 3 0x80002194 (0x01c61f33) x30 0x5f400000
core   0: 0x80002198 (0x009fc9b3) xor     s3, t6, s1
core   0: 3 0x80002198 (0x009fc9b3) x19 0x80015ce4
core   0: 0x8000219c (0x0c732037) lui     zero, 0xc732
core   0: 3 0x8000219c (0x0c732037)
core   0: 0x800021a0 (0x0006e9b3) or      s3, a3, zero
core   0: 3 0x800021a0 (0x0006e9b3) x19 0x27eac000
core   0: 0x800021a4 (0x40e9d2b3) sra     t0, s3, a4
core   0: 3 0x800021a4 (0x40e9d2b3) x 5 0x27eac000
core   0: 0x800021a8 (0x0193afb3) slt     t6, t2, s9
core   0: 3 0x800021a8 (0x0193afb3) x31 0x00000001
core   0: 0x800021ac (0x036e0193) addi    gp, t3, 54
core   0: 3 0x800021ac (0x036e0193) x 3 0xfffff92c
core   0: 0x800021b0 (0x400bde13) srai    t3, s7, 0
core   0: 3 0x800021b0 (0x400bde13) x28 0x00000001
core   0: 0x800021b4 (0x0d5aae97) auipc   t4, 0xd5aa
core   0: 3 0x800021b4 (0x0d5aae97) x29 0x8d5ac1b4
core   0: 0x800021b8 (0x40a78ab3) sub     s5, a5, a0
core   0: 3 0x800021b8 (0x40a78ab3) x21 0xc57e816b
core   0: 0x800021bc (0x01082fb3) slt     t6, a6, a6
core   0: 3 0x800021bc (0x01082fb3) x31 0x00000000
core   0: 0x800021c0 (0x00360133) add     sp, a2, gp
core   0: 3 0x800021c0 (0x00360133) x 2 0xfec38aa9
core   0: 0x800021c4 (0x41613d13) sltiu   s10, sp, 1046
core   0: 3 0x800021c4 (0x41613d13) x26 0x00000000
core   0: 0x800021c8 (0x015a5613) srli    a2, s4, 21
core   0: 3 0x800021c8 (0x015a5613) x12 0x00000000
core   0: 0x800021cc (0x40315f33) sra     t5, sp, gp
core   0: 3 0x800021cc (0x40315f33) x30 0xffffec38
core   0: 0x800021d0 (0x01d76ab3) or      s5, a4, t4
core   0: 3 0x800021d0 (0x01d76ab3) x21 0x8d5ac1b4
core   0: 0x800021d4 (0xa02be993) ori     s3, s7, -1534
core   0: 3 0x800021d4 (0xa02be993) x19 0xfffffa03
core   0: 0x800021d8 (0x014036b3) snez    a3, s4
core   0: 3 0x800021d8 (0x014036b3) x13 0x00000000
core   0: 0x800021dc (0x00d47bb3) and     s7, s0, a3
core   0: 3 0x800021dc (0x00d47bb3) x23 0x00000000
core   0: 0x800021e0 (0x00000013) nop
core   0: 3 0x800021e0 (0x00000013)
core   0: 0x800021e4 (0xa200e193) ori     gp, ra, -1504
core   0: 3 0x800021e4 (0xa200e193) x 3 0xfffffa21
core   0: 0x800021e8 (0x01d7f9b3) and     s3, a5, t4
core   0: 3 0x800021e8 (0x01d7f9b3) x19 0x000000a0
core   0: 0x800021ec (0x00000013) nop
core   0: 3 0x800021ec (0x00000013)
core   0: 0x800021f0 (0x6eadf013) andi    zero, s11, 1770
core   0: 3 0x800021f0 (0x6eadf013)
core   0: 0x800021f4 (0x00582e33) slt     t3, a6, t0
core   0: 3 0x800021f4 (0x00582e33) x28 0x00000000
core   0: 0x800021f8 (0x00fc2b33) slt     s6, s8, a5
core   0: 3 0x800021f8 (0x00fc2b33) x22 0x00000001
core   0: 0x800021fc (0x55610db7) lui     s11, 0x55610
core   0: 3 0x800021fc (0x55610db7) x27 0x55610000
core   0: 0x80002200 (0x0b6e6d13) ori     s10, t3, 182
core   0: 3 0x80002200 (0x0b6e6d13) x26 0x000000b6
core   0: 0x80002204 (0x00000013) nop
core   0: 3 0x80002204 (0x00000013)
core   0: 0x80002208 (0x00a65533) srl     a0, a2, a0
core   0: 3 0x80002208 (0x00a65533) x10 0x00000000
core   0: 0x8000220c (0x01997e33) and     t3, s2, s9
core   0: 3 0x8000220c (0x01997e33) x28 0x00000000
core   0: 0x80002210 (0x00e5ecb3) or      s9, a1, a4
core   0: 3 0x80002210 (0x00e5ecb3) x25 0x00000001
core   0: 0x80002214 (0x4fef3c93) sltiu   s9, t5, 1278
core   0: 3 0x80002214 (0x4fef3c93) x25 0x00000000
core   0: 0x80002218 (0x01f768b3) or      a7, a4, t6
core   0: 3 0x80002218 (0x01f768b3) x17 0x00000000
core   0: 0x8000221c (0x41b80013) addi    zero, a6, 1051
core   0: 3 0x8000221c (0x41b80013)
core   0: 0x80002220 (0x00c30333) add     t1, t1, a2
core   0: 3 0x80002220 (0x00c30333) x 6 0x00000000
core   0: 0x80002224 (0x40f182b3) sub     t0, gp, a5
core   0: 3 0x80002224 (0x40f182b3) x 5 0xfffff776
core   0: 0x80002228 (0xcb93a813) slti    a6, t2, -839
core   0: 3 0x80002228 (0xcb93a813) x16 0x00000001
core   0: 0x8000222c (0x91fac293) xori    t0, s5, -1761
core   0: 3 0x8000222c (0x91fac293) x 5 0x72a538ab
core   0: 0x80002230 (0x00bb5cb3) srl     s9, s6, a1
core   0: 3 0x80002230 (0x00bb5cb3) x25 0x00000000
core   0: 0x80002234 (0x3e960613) addi    a2, a2, 1001
core   0: 3 0x80002234 (0x3e960613) x12 0x000003e9
core   0: 0x80002238 (0x005e6733) or      a4, t3, t0
core   0: 3 0x80002238 (0x005e6733) x14 0x72a538ab
core   0: 0x8000223c (0xff506d93) ori     s11, zero, -11
core   0: 3 0x8000223c (0xff506d93) x27 0xfffffff5
core   0: 0x80002240 (0x26b78d93) addi    s11, a5, 619
core   0: 3 0x80002240 (0x26b78d93) x27 0x00000516
core   0: 0x80002244 (0x6a1ac597) auipc   a1, 0x6a1ac
core   0: 3 0x80002244 (0x6a1ac597) x11 0xea1ae244
core   0: 0x80002248 (0x011d5cb3) srl     s9, s10, a7
core   0: 3 0x80002248 (0x011d5cb3) x25 0x000000b6
core   0: 0x8000224c (0x27aa6db7) lui     s11, 0x27aa6
core   0: 3 0x8000224c (0x27aa6db7) x27 0x27aa6000
core   0: 0x80002250 (0x0032b7b3) sltu    a5, t0, gp
core   0: 3 0x80002250 (0x0032b7b3) x15 0x00000001
core   0: 0x80002254 (0x01f19f33) sll     t5, gp, t6
core   0: 3 0x80002254 (0x01f19f33) x30 0xfffffa21
core   0: 0x80002258 (0x01be8f33) add     t5, t4, s11
core   0: 3 0x80002258 (0x01be8f33) x30 0xb50521b4
core   0: 0x8000225c (0x9ed50013) addi    zero, a0, -1555
core   0: 3 0x8000225c (0x9ed50013)
core   0: 0x80002260 (0x01655033) srl     zero, a0, s6
core   0: 3 0x80002260 (0x01655033)
core   0: 0x80002264 (0x00485413) srli    s0, a6, 4
core   0: 3 0x80002264 (0x00485413) x 8 0x00000000
core   0: 0x80002268 (0x018dde93) srli    t4, s11, 24
core   0: 3 0x80002268 (0x018dde93) x29 0x00000027
core   0: 0x8000226c (0x0152d893) srli    a7, t0, 21
core   0: 3 0x8000226c (0x0152d893) x17 0x00000395
core   0: 0x80002270 (0x00cec633) xor     a2, t4, a2
core   0: 3 0x80002270 (0x00cec633) x12 0x000003ce
core   0: 0x80002274 (0x00ae1013) slli    zero, t3, 10
core   0: 3 0x80002274 (0x00ae1013)
core   0: 0x80002278 (0x01e1a1b3) slt     gp, gp, t5
core   0: 3 0x80002278 (0x01e1a1b3) x 3 0x00000000
core   0: 0x8000227c (0x416a5b33) sra     s6, s4, s6
core   0: 3 0x8000227c (0x416a5b33) x22 0x00000000
core   0: 0x80002280 (0x00e411b3) sll     gp, s0, a4
core   0: 3 0x80002280 (0x00e411b3) x 3 0x00000000
core   0: 0x80002284 (0x34958e93) addi    t4, a1, 841
core   0: 3 0x80002284 (0x34958e93) x29 0xea1ae58d
core   0: 0x80002288 (0x00000013) nop
core   0: 3 0x80002288 (0x00000013)
core   0: 0x8000228c (0xc7988d37) lui     s10, 0xc7988
core   0: 3 0x8000228c (0xc7988d37) x26 0xc7988000
core   0: 0x80002290 (0x00a11613) slli    a2, sp, 10
core   0: 3 0x80002290 (0x00a11613) x12 0x0e2aa400
core   0: 0x80002294 (0x00000093) li      ra, 0
core   0: 3 0x80002294 (0x00000093) x 1 0x00000000
core   0: 0x80002298 (0x24c9e337) lui     t1, 0x24c9e
core   0: 3 0x80002298 (0x24c9e337) x 6 0x24c9e000
core   0: 0x8000229c (0x3ac30313) addi    t1, t1, 940
core   0: 3 0x8000229c (0x3ac30313) x 6 0x24c9e3ac
core   0: 0x800022a0 (0xaf096f37) lui     t5, 0xaf096
core   0: 3 0x800022a0 (0xaf096f37) x30 0xaf096000
core   0: 0x800022a4 (0xc64f0f13) addi    t5, t5, -924
core   0: 3 0x800022a4 (0xc64f0f13) x30 0xaf095c64
core   0: 0x800022a8 (0x80000d37) lui     s10, 0x80000
core   0: 3 0x800022a8 (0x80000d37) x26 0x80000000
core   0: 0x800022ac (0xb28a71b7) lui     gp, 0xb28a7
core   0: 3 0x800022ac (0xb28a71b7) x 3 0xb28a7000
core   0: 0x800022b0 (0x72d18193) addi    gp, gp, 1837
core   0: 3 0x800022b0 (0x72d18193) x 3 0xb28a772d
core   0: 0x800022b4 (0xfff00a13) li      s4, -1
core   0: 3 0x800022b4 (0xfff00a13) x20 0xffffffff
core   0: 0x800022b8 (0x80000b37) lui     s6, 0x80000
core   0: 3 0x800022b8 (0x80000b37) x22 0x80000000
core   0: 0x800022bc (0x00000113) li      sp, 0
core   0: 3 0x800022bc (0x00000113) x 2 0x00000000
core   0: 0x800022c0 (0xfff00413) li      s0, -1
core   0: 3 0x800022c0 (0xfff00413) x 8 0xffffffff
core   0: 0x800022c4 (0x80000e37) lui     t3, 0x80000
core   0: 3 0x800022c4 (0x80000e37) x28 0x80000000
core   0: 0x800022c8 (0x02e18113) addi    sp, gp, 46
core   0: 3 0x800022c8 (0x02e18113) x 2 0xb28a775b
core   0: 0x800022cc (0x003e01b3) add     gp, t3, gp
core   0: 3 0x800022cc (0x003e01b3) x 3 0x328a772d
core   0: 0x800022d0 (0x001f0333) add     t1, t5, ra
core   0: 3 0x800022d0 (0x001f0333) x 6 0xaf095c64
core   0: 0x800022d4 (0x41ae00b3) sub     ra, t3, s10
core   0: 3 0x800022d4 (0x41ae00b3) x 1 0x00000000
core   0: 0x800022d8 (0x55810093) addi    ra, sp, 1368
core   0: 3 0x800022d8 (0x55810093) x 1 0xb28a7cb3
core   0: 0x800022dc (0x07118a13) addi    s4, gp, 113
core   0: 3 0x800022dc (0x07118a13) x20 0x328a779e
core   0: 0x800022e0 (0x48118093) addi    ra, gp, 1153
core   0: 3 0x800022e0 (0x48118093) x 1 0x328a7bae
core   0: 0x800022e4 (0x89ada197) auipc   gp, 0x89ada
core   0: 3 0x800022e4 (0x89ada197) x 3 0x09adc2e4
core   0: 0x800022e8 (0xfc2401b7) lui     gp, 0xfc240
core   0: 3 0x800022e8 (0xfc2401b7) x 3 0xfc240000
core   0: 0x800022ec (0xfddd0b13) addi    s6, s10, -35
core   0: 3 0x800022ec (0xfddd0b13) x22 0x7fffffdd
core   0: 0x800022f0 (0xa0af5197) auipc   gp, 0xa0af5
core   0: 3 0x800022f0 (0xa0af5197) x 3 0x20af72f0
core   0: 0x800022f4 (0x414a0a33) sub     s4, s4, s4
core   0: 3 0x800022f4 (0x414a0a33) x20 0x00000000
core   0: 0x800022f8 (0x001b0333) add     t1, s6, ra
core   0: 3 0x800022f8 (0x001b0333) x 6 0xb28a7b8b
core   0: 0x800022fc (0x99e30a13) addi    s4, t1, -1634
core   0: 3 0x800022fc (0x99e30a13) x20 0xb28a7529
core   0: 0x80002300 (0xb9dd0113) addi    sp, s10, -1123
core   0: 3 0x80002300 (0xb9dd0113) x 2 0x7ffffb9d
core   0: 0x80002304 (0x00000013) nop
core   0: 3 0x80002304 (0x00000013)
core   0: 0x80002308 (0x41a18a33) sub     s4, gp, s10
core   0: 3 0x80002308 (0x41a18a33) x20 0xa0af72f0
core   0: 0x8000230c (0x406f01b3) sub     gp, t5, t1
core   0: 3 0x8000230c (0x406f01b3) x 3 0xfc7ee0d9
core   0: 0x80002310 (0x003e0d33) add     s10, t3, gp
core   0: 3 0x80002310 (0x003e0d33) x26 0x7c7ee0d9
core   0: 0x80002314 (0x4ad4f137) lui     sp, 0x4ad4f
core   0: 3 0x80002314 (0x4ad4f137) x 2 0x4ad4f000
core   0: 0x80002318 (0xb9c1f417) auipc   s0, 0xb9c1f
core   0: 3 0x80002318 (0xb9c1f417) x 8 0x39c21318
core   0: 0x8000231c (0x41130113) addi    sp, t1, 1041
core   0: 3 0x8000231c (0x41130113) x 2 0xb28a7f9c
core   0: 0x80002320 (0x403d00b3) sub     ra, s10, gp
core   0: 3 0x80002320 (0x403d00b3) x 1 0x80000000
core   0: 0x80002324 (0x01410433) add     s0, sp, s4
core   0: 3 0x80002324 (0x01410433) x 8 0x5339f28c
core   0: 0x80002328 (0x00000013) nop
core   0: 3 0x80002328 (0x00000013)
core   0: 0x8000232c (0xc8848f17) auipc   t5, 0xc8848
core   0: 3 0x8000232c (0xc8848f17) x30 0x4884a32c
core   0: 0x80002330 (0xcb5d7f17) auipc   t5, 0xcb5d7
core   0: 3 0x80002330 (0xcb5d7f17) x30 0x4b5d9330
core   0: 0x80002334 (0x7f4f6593) ori     a1, t5, 2036
core   0: 3 0x80002334 (0x7f4f6593) x11 0x4b5d97f4
core   0: 0x80002338 (0x40e2d413) srai    s0, t0, 14
core   0: 3 0x80002338 (0x40e2d413) x 8 0x0001ca94
core   0: 0x8000233c (0x9f6f4793) xori    a5, t5, -1546
core   0: 3 0x8000233c (0x9f6f4793) x15 0xb4a26ac6
core   0: 0x80002340 (0x70a67b13) andi    s6, a2, 1802
core   0: 3 0x80002340 (0x70a67b13) x22 0x00000400
core   0: 0x80002344 (0x41950633) sub     a2, a0, s9
core   0: 3 0x80002344 (0x41950633) x12 0xffffff4a
core   0: 0x80002348 (0x00000013) nop
core   0: 3 0x80002348 (0x00000013)
core   0: 0x8000234c (0x009bfb33) and     s6, s7, s1
core   0: 3 0x8000234c (0x009bfb33) x22 0x00000000
core   0: 0x80002350 (0x00a6f0b3) and     ra, a3, a0
core   0: 3 0x80002350 (0x00a6f0b3) x 1 0x00000000
core   0: 0x80002354 (0x01bd9e93) slli    t4, s11, 27
core   0: 3 0x80002354 (0x01bd9e93) x29 0x00000000
core   0: 0x80002358 (0x0060f8b3) and     a7, ra, t1
core   0: 3 0x80002358 (0x0060f8b3) x17 0x00000000
core   0: 0x8000235c (0x4e0a0f13) addi    t5, s4, 1248
core   0: 3 0x8000235c (0x4e0a0f13) x30 0xa0af77d0
core   0: 0x80002360 (0x40ea0db3) sub     s11, s4, a4
core   0: 3 0x80002360 (0x40ea0db3) x27 0x2e0a3a45
core   0: 0x80002364 (0x5acd0c37) lui     s8, 0x5acd0
core   0: 3 0x80002364 (0x5acd0c37) x24 0x5acd0000
core   0: 0x80002368 (0x784c0c13) addi    s8, s8, 1924
core   0: 3 0x80002368 (0x784c0c13) x24 0x5acd0784
core   0: 0x8000236c (0xfff00793) li      a5, -1
core   0: 3 0x8000236c (0xfff00793) x15 0xffffffff
core   0: 0x80002370 (0xe5d2c0b7) lui     ra, 0xe5d2c
core   0: 3 0x80002370 (0xe5d2c0b7) x 1 0xe5d2c000
core   0: 0x80002374 (0xa4f08093) addi    ra, ra, -1457
core   0: 3 0x80002374 (0xa4f08093) x 1 0xe5d2ba4f
core   0: 0x80002378 (0x00000413) li      s0, 0
core   0: 3 0x80002378 (0x00000413) x 8 0x00000000
core   0: 0x8000237c (0xfff00d13) li      s10, -1
core   0: 3 0x8000237c (0xfff00d13) x26 0xffffffff
core   0: 0x80002380 (0xfff00f13) li      t5, -1
core   0: 3 0x80002380 (0xfff00f13) x30 0xffffffff
core   0: 0x80002384 (0x11fb2cb7) lui     s9, 0x11fb2
core   0: 3 0x80002384 (0x11fb2cb7) x25 0x11fb2000
core   0: 0x80002388 (0xb6fc8c93) addi    s9, s9, -1169
core   0: 3 0x80002388 (0xb6fc8c93) x25 0x11fb1b6f
core   0: 0x8000238c (0xfff00813) li      a6, -1
core   0: 3 0x8000238c (0xfff00813) x16 0xffffffff
core   0: 0x80002390 (0x00000b13) li      s6, 0
core   0: 3 0x80002390 (0x00000b13) x22 0x00000000
core   0: 0x80002394 (0xd2465db7) lui     s11, 0xd2465
core   0: 3 0x80002394 (0xd2465db7) x27 0xd2465000
core   0: 0x80002398 (0xaa7d8d93) addi    s11, s11, -1369
core   0: 3 0x80002398 (0xaa7d8d93) x27 0xd2464aa7
core   0: 0x8000239c (0x41b780b3) sub     ra, a5, s11
core   0: 3 0x8000239c (0x41b780b3) x 1 0x2db9b558
core   0: 0x800023a0 (0x408f0b33) sub     s6, t5, s0
core   0: 3 0x800023a0 (0x408f0b33) x22 0xffffffff
core   0: 0x800023a4 (0x00000013) nop
core   0: 3 0x800023a4 (0x00000013)
core   0: 0x800023a8 (0x01680d33) add     s10, a6, s6
core   0: 3 0x800023a8 (0x01680d33) x26 0xfffffffe
core   0: 0x800023ac (0x8fcdf097) auipc   ra, 0x8fcdf
core   0: 3 0x800023ac (0x8fcdf097) x 1 0x0fce13ac
core   0: 0x800023b0 (0xa29ab797) auipc   a5, 0xa29ab
core   0: 3 0x800023b0 (0xa29ab797) x15 0x229ad3b0
core   0: 0x800023b4 (0xa7cd0f13) addi    t5, s10, -1412
core   0: 3 0x800023b4 (0xa7cd0f13) x30 0xfffffa7a
core   0: 0x800023b8 (0x41878cb3) sub     s9, a5, s8
core   0: 3 0x800023b8 (0x41878cb3) x25 0xc7cdcc2c
core   0: 0x800023bc (0x40f787b3) sub     a5, a5, a5
core   0: 3 0x800023bc (0x40f787b3) x15 0x00000000
core   0: 0x800023c0 (0x01a78f33) add     t5, a5, s10
core   0: 3 0x800023c0 (0x01a78f33) x30 0xfffffffe
core   0: 0x800023c4 (0x001c80b3) add     ra, s9, ra
core   0: 3 0x800023c4 (0x001c80b3) x 1 0xd79bdfd8
core   0: 0x800023c8 (0x00940b13) addi    s6, s0, 9
core   0: 3 0x800023c8 (0x00940b13) x22 0x00000009
core   0: 0x800023cc (0x41a80b33) sub     s6, a6, s10
core   0: 3 0x800023cc (0x41a80b33) x22 0x00000001
core   0: 0x800023d0 (0x2b666b17) auipc   s6, 0x2b666
core   0: 3 0x800023d0 (0x2b666b17) x22 0xab6683d0
core   0: 0x800023d4 (0x32fd8093) addi    ra, s11, 815
core   0: 3 0x800023d4 (0x32fd8093) x 1 0xd2464dd6
core   0: 0x800023d8 (0x21bd8d93) addi    s11, s11, 539
core   0: 3 0x800023d8 (0x21bd8d93) x27 0xd2464cc2
core   0: 0x800023dc (0x016d8433) add     s0, s11, s6
core   0: 3 0x800023dc (0x016d8433) x 8 0x7dacd092
core   0: 0x800023e0 (0x00000013) nop
core   0: 3 0x800023e0 (0x00000013)
core   0: 0x800023e4 (0x41a80b33) sub     s6, a6, s10
core   0: 3 0x800023e4 (0x41a80b33) x22 0x00000001
core   0: 0x800023e8 (0xcba4ba13) sltiu   s4, s1, -838
core   0: 3 0x800023e8 (0xcba4ba13) x20 0x00000001
core   0: 0x800023ec (0x0180c333) xor     t1, ra, s8
core   0: 3 0x800023ec (0x0180c333) x 6 0x888b4a52
core   0: 0x800023f0 (0xdabd7993) andi    s3, s10, -597
core   0: 3 0x800023f0 (0xdabd7993) x19 0xfffffdaa
core   0: 0x800023f4 (0x45052893) slti    a7, a0, 1104
core   0: 3 0x800023f4 (0x45052893) x17 0x00000001
core   0: 0x800023f8 (0x012c3d33) sltu    s10, s8, s2
core   0: 3 0x800023f8 (0x012c3d33) x26 0x00000000
core   0: 0x800023fc (0x00164833) xor     a6, a2, ra
core   0: 3 0x800023fc (0x00164833) x16 0x2db9b29c
core   0: 0x80002400 (0x01addf33) srl     t5, s11, s10
core   0: 3 0x80002400 (0x01addf33) x30 0xd2464cc2
core   0: 0x80002404 (0x00c09793) slli    a5, ra, 12
core   0: 3 0x80002404 (0x00c09793) x15 0x64dd6000
core   0: 0x80002408 (0x40ef8133) sub     sp, t6, a4
core   0: 3 0x80002408 (0x40ef8133) x 2 0x8d5ac755
core   0: 0x8000240c (0x00000013) nop
core   0: 3 0x8000240c (0x00000013)
core   0: 0x80002410 (0x00bea933) slt     s2, t4, a1
core   0: 3 0x80002410 (0x00bea933) x18 0x00000001
core   0: 0x80002414 (0x6f92c137) lui     sp, 0x6f92c
core   0: 3 0x80002414 (0x6f92c137) x 2 0x6f92c000
core   0: 0x80002418 (0xa1c9a993) slti    s3, s3, -1508
core   0: 3 0x80002418 (0xa1c9a993) x19 0x00000000
core   0: 0x8000241c (0x01ff61b3) or      gp, t5, t6
core   0: 3 0x8000241c (0x01ff61b3) x 3 0xd2464cc2
core   0: 0x80002420 (0x4be08697) auipc   a3, 0x4be08
core   0: 3 0x80002420 (0x4be08697) x13 0xcbe0a420
core   0: 0x80002424 (0x00000013) nop
core   0: 3 0x80002424 (0x00000013)
core   0: 0x80002428 (0x0053b8b3) sltu    a7, t2, t0
core   0: 3 0x80002428 (0x0053b8b3) x17 0x00000000
core   0: 0x8000242c (0x014e55b3) srl     a1, t3, s4
core   0: 3 0x8000242c (0x014e55b3) x11 0x40000000
core   0: 0x80002430 (0x61c6eb13) ori     s6, a3, 1564
core   0: 3 0x80002430 (0x61c6eb13) x22 0xcbe0a63c
core   0: 0x80002434 (0x019d9333) sll     t1, s11, s9
core   0: 3 0x80002434 (0x019d9333) x 6 0x64cc2000
core   0: 0x80002438 (0x4195d313) srai    t1, a1, 25
core   0: 3 0x80002438 (0x4195d313) x 6 0x00000020
core   0: 0x8000243c (0xe7574793) xori    a5, a4, -395
core   0: 3 0x8000243c (0xe7574793) x15 0x8d5ac6de
core   0: 0x80002440 (0x00e5d913) srli    s2, a1, 14
core   0: 3 0x80002440 (0x00e5d913) x18 0x00010000
core   0: 0x80002444 (0x0016d5b3) srl     a1, a3, ra
core   0: 3 0x80002444 (0x0016d5b3) x11 0x0000032f
core   0: 0x80002448 (0x003cb9b3) sltu    s3, s9, gp
core   0: 3 0x80002448 (0x003cb9b3) x19 0x00000001
core   0: 0x8000244c (0x019f2433) slt     s0, t5, s9
core   0: 3 0x8000244c (0x019f2433) x 8 0x00000000
core   0: 0x80002450 (0x002b9193) slli    gp, s7, 2
core   0: 3 0x80002450 (0x002b9193) x 3 0x00000000
core   0: 0x80002454 (0x89418593) addi    a1, gp, -1900
core   0: 3 0x80002454 (0x89418593) x11 0xfffff894
core   0: 0x80002458 (0x6e87b913) sltiu   s2, a5, 1768
core   0: 3 0x80002458 (0x6e87b913) x18 0x00000000
core   0: 0x8000245c (0x01711113) slli    sp, sp, 23
core   0: 3 0x8000245c (0x01711113) x 2 0x00000000
core   0: 0x80002460 (0x01ac0db3) add     s11, s8, s10
core   0: 3 0x80002460 (0x01ac0db3) x27 0x5acd0784
core   0: 0x80002464 (0xc46c00b7) lui     ra, 0xc46c0
core   0: 3 0x80002464 (0xc46c00b7) x 1 0xc46c0000
core   0: 0x80002468 (0x01259333) sll     t1, a1, s2
core   0: 3 0x80002468 (0x01259333) x 6 0xfffff894
core   0: 0x8000246c (0x205618b7) lui     a7, 0x20561
core   0: 3 0x8000246c (0x205618b7) x17 0x20561000
core   0: 0x80002470 (0xa6f53813) sltiu   a6, a0, -1425
core   0: 3 0x80002470 (0xa6f53813) x16 0x00000001
core   0: 0x80002474 (0xc491f993) andi    s3, gp, -951
core   0: 3 0x80002474 (0xc491f993) x19 0x00000000
core   0: 0x80002478 (0xd0c6ee93) ori     t4, a3, -756
core   0: 3 0x80002478 (0xd0c6ee93) x29 0xfffffd2c
core   0: 0x8000247c (0x00d58e33) add     t3, a1, a3
core   0: 3 0x8000247c (0x00d58e33) x28 0xcbe09cb4
core   0: 0x80002480 (0xa3a76293) ori     t0, a4, -1478
core   0: 3 0x80002480 (0xa3a76293) x 5 0xfffffabb
core   0: 0x80002484 (0x40565113) srai    sp, a2, 5
core   0: 3 0x80002484 (0x40565113) x 2 0xfffffffa
core   0: 0x80002488 (0x416c6c93) ori     s9, s8, 1046
core   0: 3 0x80002488 (0x416c6c93) x25 0x5acd0796
core   0: 0x8000248c (0x41818733) sub     a4, gp, s8
core   0: 3 0x8000248c (0x41818733) x14 0xa532f87c
core   0: 0x80002490 (0x0006d7b3) srl     a5, a3, zero
core   0: 3 0x80002490 (0x0006d7b3) x15 0xcbe0a420
core   0: 0x80002494 (0x01bf9b13) slli    s6, t6, 27
core   0: 3 0x80002494 (0x01bf9b13) x22 0x00000000
core   0: 0x80002498 (0x018fb433) sltu    s0, t6, s8
core   0: 3 0x80002498 (0x018fb433) x 8 0x00000001
core   0: 0x8000249c (0x018960b3) or      ra, s2, s8
core   0: 3 0x8000249c (0x018960b3) x 1 0x5acd0784
core   0: 0x800024a0 (0x417f5b13) srai    s6, t5, 23
core   0: 3 0x800024a0 (0x417f5b13) x22 0xffffffa4
core   0: 0x800024a4 (0x00cf2f33) slt     t5, t5, a2
core   0: 3 0x800024a4 (0x00cf2f33) x30 0x00000001
core   0: 0x800024a8 (0x0133d113) srli    sp, t2, 19
core   0: 3 0x800024a8 (0x0133d113) x 2 0x00001000
core   0: 0x800024ac (0x013dc633) xor     a2, s11, s3
core   0: 3 0x800024ac (0x013dc633) x12 0x5acd0784
core   0: 0x800024b0 (0x01ea4eb3) xor     t4, s4, t5
core   0: 3 0x800024b0 (0x01ea4eb3) x29 0x00000000
core   0: 0x800024b4 (0x00000013) nop
core   0: 3 0x800024b4 (0x00000013)
core   0: 0x800024b8 (0x4150d833) sra     a6, ra, s5
core   0: 3 0x800024b8 (0x4150d833) x16 0x000005ac
core   0: 0x800024bc (0x0067d313) srli    t1, a5, 6
core   0: 3 0x800024bc (0x0067d313) x 6 0x032f8290
core   0: 0x800024c0 (0x01b9f733) and     a4, s3, s11
core   0: 3 0x800024c0 (0x01b9f733) x14 0x00000000
core   0: 0x800024c4 (0x010a28b3) slt     a7, s4, a6
core   0: 3 0x800024c4 (0x010a28b3) x17 0x00000001
core   0: 0x800024c8 (0x00bb9433) sll     s0, s7, a1
core   0: 3 0x800024c8 (0x00bb9433) x 8 0x00000000
core   0: 0x800024cc (0x00c6db33) srl     s6, a3, a2
core   0: 3 0x800024cc (0x00c6db33) x22 0x0cbe0a42
core   0: 0x800024d0 (0x00555893) srli    a7, a0, 5
core   0: 3 0x800024d0 (0x00555893) x17 0x00000000
core   0: 0x800024d4 (0x01699093) slli    ra, s3, 22
core   0: 3 0x800024d4 (0x01699093) x 1 0x00000000
core   0: 0x800024d8 (0x40f55893) srai    a7, a0, 15
core   0: 3 0x800024d8 (0x40f55893) x17 0x00000000
core   0: 0x800024dc (0x73068313) addi    t1, a3, 1840
core   0: 3 0x800024dc (0x73068313) x 6 0xcbe0ab50
core   0: 0x800024e0 (0x4180dc93) srai    s9, ra, 24
core   0: 3 0x800024e0 (0x4180dc93) x25 0x00000000
core   0: 0x800024e4 (0x019e9d93) slli    s11, t4, 25
core   0: 3 0x800024e4 (0x019e9d93) x27 0x00000000
core   0: 0x800024e8 (0x00b6ec33) or      s8, a3, a1
core   0: 3 0x800024e8 (0x00b6ec33) x24 0xfffffcb4
core   0: 0x800024ec (0x6acaca13) xori    s4, s5, 1708
core   0: 3 0x800024ec (0x6acaca13) x20 0x8d5ac718
core   0: 0x800024f0 (0x2fcfbb93) sltiu   s7, t6, 764
core   0: 3 0x800024f0 (0x2fcfbb93) x23 0x00000001
core   0: 0x800024f4 (0x00000013) nop
core   0: 3 0x800024f4 (0x00000013)
core   0: 0x800024f8 (0x8e9c7b13) andi    s6, s8, -1815
core   0: 3 0x800024f8 (0x8e9c7b13) x22 0xfffff8a0
core   0: 0x800024fc (0x00519933) sll     s2, gp, t0
core   0: 3 0x800024fc (0x00519933) x18 0x00000000
core   0: 0x80002500 (0x00000013) nop
core   0: 3 0x80002500 (0x00000013)
core   0: 0x80002504 (0x3e8d4293) xori    t0, s10, 1000
core   0: 3 0x80002504 (0x3e8d4293) x 5 0x000003e8
core   0: 0x80002508 (0xa96d0013) addi    zero, s10, -1386
core   0: 3 0x80002508 (0xa96d0013)
core   0: 0x8000250c (0x00000013) nop
core   0: 3 0x8000250c (0x00000013)
core   0: 0x80002510 (0x0086b8b3) sltu    a7, a3, s0
core   0: 3 0x80002510 (0x0086b8b3) x17 0x00000000
core   0: 0x80002514 (0x008060b3) or      ra, zero, s0
core   0: 3 0x80002514 (0x008060b3) x 1 0x00000000
core   0: 0x80002518 (0x00374533) xor     a0, a4, gp
core   0: 3 0x80002518 (0x00374533) x10 0x00000000
core   0: 0x8000251c (0xe1d23c93) sltiu   s9, tp, -483
core   0: 3 0x8000251c (0xe1d23c93) x25 0x00000001
core   0: 0x80002520 (0xb0335f37) lui     t5, 0xb0335
core   0: 3 0x80002520 (0xb0335f37) x30 0xb0335000
core   0: 0x80002524 (0x0047d913) srli    s2, a5, 4
core   0: 3 0x80002524 (0x0047d913) x18 0x0cbe0a42
core   0: 0x80002528 (0xc4bd0413) addi    s0, s10, -949
core   0: 3 0x80002528 (0xc4bd0413) x 8 0xfffffc4b
core   0: 0x8000252c (0x01aa5533) srl     a0, s4, s10
core   0: 3 0x8000252c (0x01aa5533) x10 0x8d5ac718
core   0: 0x80002530 (0x0101a5b3) slt     a1, gp, a6
core   0: 3 0x80002530 (0x0101a5b3) x11 0x00000001
core   0: 0x80002534 (0x41318833) sub     a6, gp, s3
core   0: 3 0x80002534 (0x41318833) x16 0x00000000
core   0: 0x80002538 (0xca21aa93) slti    s5, gp, -862
core   0: 3 0x80002538 (0xca21aa93) x21 0x00000000
core   0: 0x8000253c (0xad8d9b37) lui     s6, 0xad8d9
core   0: 3 0x8000253c (0xad8d9b37) x22 0xad8d9000
core   0: 0x80002540 (0xe55d3eb7) lui     t4, 0xe55d3
core   0: 3 0x80002540 (0xe55d3eb7) x29 0xe55d3000
core   0: 0x80002544 (0x005b78b3) and     a7, s6, t0
core   0: 3 0x80002544 (0x005b78b3) x17 0x00000000
core   0: 0x80002548 (0x687f8a93) addi    s5, t6, 1671
core   0: 3 0x80002548 (0x687f8a93) x21 0x00000687
core   0: 0x8000254c (0x002b71b3) and     gp, s6, sp
core   0: 3 0x8000254c (0x002b71b3) x 3 0x00001000
core   0: 0x80002550 (0x0128f2b3) and     t0, a7, s2
core   0: 3 0x80002550 (0x0128f2b3) x 5 0x00000000
core   0: 0x80002554 (0x01d7b6b3) sltu    a3, a5, t4
core   0: 3 0x80002554 (0x01d7b6b3) x13 0x00000001
core   0: 0x80002558 (0x000b8bb3) add     s7, s7, zero
core   0: 3 0x80002558 (0x000b8bb3) x23 0x00000001
core   0: 0x8000255c (0x40c4d033) sra     zero, s1, a2
core   0: 3 0x8000255c (0x40c4d033)
core   0: 0x80002560 (0x009b3433) sltu    s0, s6, s1
core   0: 3 0x80002560 (0x009b3433) x 8 0x00000000
core   0: 0x80002564 (0x415889b3) sub     s3, a7, s5
core   0: 3 0x80002564 (0x415889b3) x19 0xfffff979
core   0: 0x80002568 (0x0f502f93) slti    t6, zero, 245
core   0: 3 0x80002568 (0x0f502f93) x31 0x00000001
core   0: 0x8000256c (0x0035fd33) and     s10, a1, gp
core   0: 3 0x8000256c (0x0035fd33) x26 0x00000000
core   0: 0x80002570 (0x00213a33) sltu    s4, sp, sp
core   0: 3 0x80002570 (0x00213a33) x20 0x00000000
core   0: 0x80002574 (0x19380d93) addi    s11, a6, 403
core   0: 3 0x80002574 (0x19380d93) x27 0x00000193
core   0: 0x80002578 (0x0163f033) and     zero, t2, s6
core   0: 3 0x80002578 (0x0163f033)
core   0: 0x8000257c (0x00000013) nop
core   0: 3 0x8000257c (0x00000013)
core   0: 0x80002580 (0x85047e13) andi    t3, s0, -1968
core   0: 3 0x80002580 (0x85047e13) x28 0x00000000
core   0: 0x80002584 (0x018f4933) xor     s2, t5, s8
core   0: 3 0x80002584 (0x018f4933) x18 0x4fccacb4
core   0: 0x80002588 (0x00a09033) sll     zero, ra, a0
core   0: 3 0x80002588 (0x00a09033)
core   0: 0x8000258c (0x8f248c13) addi    s8, s1, -1806
core   0: 3 0x8000258c (0x8f248c13) x24 0x800155d6
core   0: 0x80002590 (0x4135d833) sra     a6, a1, s3
core   0: 3 0x80002590 (0x4135d833) x16 0x00000000
core   0: 0x80002594 (0x01fcc933) xor     s2, s9, t6
core   0: 3 0x80002594 (0x01fcc933) x18 0x00000000
core   0: 0x80002598 (0x4c667413) andi    s0, a2, 1222
core   0: 3 0x80002598 (0x4c667413) x 8 0x00000484
core   0: 0x8000259c (0x00000013) nop
core   0: 3 0x8000259c (0x00000013)
core   0: 0x800025a0 (0x01f1fe33) and     t3, gp, t6
core   0: 3 0x800025a0 (0x01f1fe33) x28 0x00000000
core   0: 0x800025a4 (0xd762ce37) lui     t3, 0xd762c
core   0: 3 0x800025a4 (0xd762ce37) x28 0xd762c000
core   0: 0x800025a8 (0x137b47b7) lui     a5, 0x137b4
core   0: 3 0x800025a8 (0x137b47b7) x15 0x137b4000
core   0: 0x800025ac (0x00000013) nop
core   0: 3 0x800025ac (0x00000013)
core   0: 0x800025b0 (0x0058d413) srli    s0, a7, 5
core   0: 3 0x800025b0 (0x0058d413) x 8 0x00000000
core   0: 0x800025b4 (0x01245f93) srli    t6, s0, 18
core   0: 3 0x800025b4 (0x01245f93) x31 0x00000000
core   0: 0x800025b8 (0xd2923313) sltiu   t1, tp, -727
core   0: 3 0x800025b8 (0xd2923313) x 6 0x00000001
core   0: 0x800025bc (0x0128df33) srl     t5, a7, s2
core   0: 3 0x800025bc (0x0128df33) x30 0x00000000
core   0: 0x800025c0 (0x28262013) slti    zero, a2, 642
core   0: 3 0x800025c0 (0x28262013)
core   0: 0x800025c4 (0xc4d13d93) sltiu   s11, sp, -947
core   0: 3 0x800025c4 (0xc4d13d93) x27 0x00000001
core   0: 0x800025c8 (0xb6e466b7) lui     a3, 0xb6e46
core   0: 3 0x800025c8 (0xb6e466b7) x13 0xb6e46000
core   0: 0x800025cc (0x6ed679b7) lui     s3, 0x6ed67
core   0: 3 0x800025cc (0x6ed679b7) x19 0x6ed67000
core   0: 0x800025d0 (0x3ef13113) sltiu   sp, sp, 1007
core   0: 3 0x800025d0 (0x3ef13113) x 2 0x00000000
core   0: 0x800025d4 (0x0163af33) slt     t5, t2, s6
core   0: 3 0x800025d4 (0x0163af33) x30 0x00000001
core   0: 0x800025d8 (0x01425113) srli    sp, tp, 20
core   0: 3 0x800025d8 (0x01425113) x 2 0x00000fec
core   0: 0x800025dc (0x404d82b3) sub     t0, s11, tp
core   0: 3 0x800025dc (0x404d82b3) x 5 0x013c6e84
core   0: 0x800025e0 (0xe483a693) slti    a3, t2, -440
core   0: 3 0x800025e0 (0xe483a693) x13 0x00000001
core   0: 0x800025e4 (0x4112d413) srai    s0, t0, 17
core   0: 3 0x800025e4 (0x4112d413) x 8 0x0000009e
core   0: 0x800025e8 (0x31704793) xori    a5, zero, 791
core   0: 3 0x800025e8 (0x31704793) x15 0x00000317
core   0: 0x800025ec (0x0157b7b3) sltu    a5, a5, s5
core   0: 3 0x800025ec (0x0157b7b3) x15 0x00000001
core   0: 0x800025f0 (0x00cfb7b3) sltu    a5, t6, a2
core   0: 3 0x800025f0 (0x00cfb7b3) x15 0x00000001
core   0: 0x800025f4 (0x00425a93) srli    s5, tp, 4
core   0: 3 0x800025f4 (0x00425a93) x21 0x0fec3917
core   0: 0x800025f8 (0xb19efa13) andi    s4, t4, -1255
core   0: 3 0x800025f8 (0xb19efa13) x20 0xe55d3000
core   0: 0x800025fc (0x01583533) sltu    a0, a6, s5
core   0: 3 0x800025fc (0x01583533) x10 0x00000001
core   0: 0x80002600 (0xbb405037) lui     zero, 0xbb405
core   0: 3 0x80002600 (0xbb405037)
core   0: 0x80002604 (0xae973813) sltiu   a6, a4, -1303
core   0: 3 0x80002604 (0xae973813) x16 0x00000001
core   0: 0x80002608 (0x40408fb3) sub     t6, ra, tp
core   0: 3 0x80002608 (0x40408fb3) x31 0x013c6e83
core   0: 0x8000260c (0x00b05093) srli    ra, zero, 11
core   0: 3 0x8000260c (0x00b05093) x 1 0x00000000
core   0: 0x80002610 (0x00539e93) slli    t4, t2, 5
core   0: 3 0x80002610 (0x00539e93) x29 0x0023cc80
core   0: 0x80002614 (0x411a80b3) sub     ra, s5, a7
core   0: 3 0x80002614 (0x411a80b3) x 1 0x0fec3917
core   0: 0x80002618 (0x01121d33) sll     s10, tp, a7
core   0: 3 0x80002618 (0x01121d33) x26 0xfec3917d
core   0: 0x8000261c (0x41858a33) sub     s4, a1, s8
core   0: 3 0x8000261c (0x41858a33) x20 0x7ffeaa2b
core   0: 0x80002620 (0x0a5c7793) andi    a5, s8, 165
core   0: 3 0x80002620 (0x0a5c7793) x15 0x00000084
core   0: 0x80002624 (0xd20e7a93) andi    s5, t3, -736
core   0: 3 0x80002624 (0xd20e7a93) x21 0xd762c000
core   0: 0x80002628 (0x01379793) slli    a5, a5, 19
core   0: 3 0x80002628 (0x01379793) x15 0x04200000
core   0: 0x8000262c (0x4df1fc37) lui     s8, 0x4df1f
core   0: 3 0x8000262c (0x4df1fc37) x24 0x4df1f000
core   0: 0x80002630 (0x554d0513) addi    a0, s10, 1364
core   0: 3 0x80002630 (0x554d0513) x10 0xfec396d1
core   0: 0x80002634 (0x5fc00917) auipc   s2, 0x5fc00
core   0: 3 0x80002634 (0x5fc00917) x18 0xdfc02634
core   0: 0x80002638 (0xa366cb37) lui     s6, 0xa366c
core   0: 3 0x80002638 (0xa366cb37) x22 0xa366c000
core   0: 0x8000263c (0x415d0e33) sub     t3, s10, s5
core   0: 3 0x8000263c (0x415d0e33) x28 0x2760d17d
core   0: 0x80002640 (0xc5a5e097) auipc   ra, 0xc5a5e
core   0: 3 0x80002640 (0xc5a5e097) x 1 0x45a60640
core   0: 0x80002644 (0x27f88813) addi    a6, a7, 639
core   0: 3 0x80002644 (0x27f88813) x16 0x0000027f
core   0: 0x80002648 (0x01deb7b3) sltu    a5, t4, t4
core   0: 3 0x80002648 (0x01deb7b3) x15 0x00000000
core   0: 0x8000264c (0x925c4093) xori    ra, s8, -1755
core   0: 3 0x8000264c (0x925c4093) x 1 0xb20e0925
core   0: 0x80002650 (0x006fbdb3) sltu    s11, t6, t1
core   0: 3 0x80002650 (0x006fbdb3) x27 0x00000000
core   0: 0x80002654 (0x01baa1b3) slt     gp, s5, s11
core   0: 3 0x80002654 (0x01baa1b3) x 3 0x00000001
core   0: 0x80002658 (0xc733ac93) slti    s9, t2, -909
core   0: 3 0x80002658 (0xc733ac93) x25 0x00000001
core   0: 0x8000265c (0x06900993) li      s3, 105
core   0: 3 0x8000265c (0x06900993) x19 0x00000069
core   0: 0x80002660 (0x41a20a33) sub     s4, tp, s10
core   0: 3 0x80002660 (0x41a20a33) x20 0x00000000
core   0: 0x80002664 (0x01c12333) slt     t1, sp, t3
core   0: 3 0x80002664 (0x01c12333) x 6 0x00000001
core   0: 0x80002668 (0x804ca693) slti    a3, s9, -2044
core   0: 3 0x80002668 (0x804ca693) x13 0x00000000
core   0: 0x8000266c (0x5e2e2113) slti    sp, t3, 1506
core   0: 3 0x8000266c (0x5e2e2113) x 2 0x00000000
core   0: 0x80002670 (0x00dd3cb3) sltu    s9, s10, a3
core   0: 3 0x80002670 (0x00dd3cb3) x25 0x00000000
core   0: 0x80002674 (0x411d51b3) sra     gp, s10, a7
core   0: 3 0x80002674 (0x411d51b3) x 3 0xfec3917d
core   0: 0x80002678 (0x402f5893) srai    a7, t5, 2
core   0: 3 0x80002678 (0x402f5893) x17 0x00000000
core   0: 0x8000267c (0x41f3da13) srai    s4, t2, 31
core   0: 3 0x8000267c (0x41f3da13) x20 0xffffffff
core   0: 0x80002680 (0x00000013) nop
core   0: 3 0x80002680 (0x00000013)
core   0: 0x80002684 (0x159c7613) andi    a2, s8, 345
core   0: 3 0x80002684 (0x159c7613) x12 0x00000000
core   0: 0x80002688 (0x1d84d737) lui     a4, 0x1d84d
core   0: 3 0x80002688 (0x1d84d737) x14 0x1d84d000
core   0: 0x8000268c (0x20022b13) slti    s6, tp, 512
core   0: 3 0x8000268c (0x20022b13) x22 0x00000001
core   0: 0x80002690 (0x41a5dd93) srai    s11, a1, 26
core   0: 3 0x80002690 (0x41a5dd93) x27 0x00000000
core   0: 0x80002694 (0x0105d113) srli    sp, a1, 16
core   0: 3 0x80002694 (0x0105d113) x 2 0x00000000
core   0: 0x80002698 (0x01a53933) sltu    s2, a0, s10
core   0: 3 0x80002698 (0x01a53933) x18 0x00000000
core   0: 0x8000269c (0x01831bb3) sll     s7, t1, s8
core   0: 3 0x8000269c (0x01831bb3) x23 0x00000001
core   0: 0x800026a0 (0x40b75e93) srai    t4, a4, 11
core   0: 3 0x800026a0 (0x40b75e93) x29 0x0003b09a
core   0: 0x800026a4 (0x098ffa13) andi    s4, t6, 152
core   0: 3 0x800026a4 (0x098ffa13) x20 0x00000080
core   0: 0x800026a8 (0x5a237013) andi    zero, t1, 1442
core   0: 3 0x800026a8 (0x5a237013)
core   0: 0x800026ac (0x0046aab3) slt     s5, a3, tp
core   0: 3 0x800026ac (0x0046aab3) x21 0x00000000
core   0: 0x800026b0 (0x41758c33) sub     s8, a1, s7
core   0: 3 0x800026b0 (0x41758c33) x24 0x00000000
core   0: 0x800026b4 (0x00dd9d33) sll     s10, s11, a3
core   0: 3 0x800026b4 (0x00dd9d33) x26 0x00000000
core   0: 0x800026b8 (0x00649733) sll     a4, s1, t1
core   0: 3 0x800026b8 (0x00649733) x14 0x0002b9c8
core   0: 0x800026bc (0x006532b3) sltu    t0, a0, t1
core   0: 3 0x800026bc (0x006532b3) x 5 0x00000000
core   0: 0x800026c0 (0x0e1c0093) addi    ra, s8, 225
core   0: 3 0x800026c0 (0x0e1c0093) x 1 0x000000e1
core   0: 0x800026c4 (0xd71ce313) ori     t1, s9, -655
core   0: 3 0x800026c4 (0xd71ce313) x 6 0xfffffd71
core   0: 0x800026c8 (0x010bc9b3) xor     s3, s7, a6
core   0: 3 0x800026c8 (0x010bc9b3) x19 0x0000027e
core   0: 0x800026cc (0x012fff33) and     t5, t6, s2
core   0: 3 0x800026cc (0x012fff33) x30 0x00000000
core   0: 0x800026d0 (0x01154db3) xor     s11, a0, a7
core   0: 3 0x800026d0 (0x01154db3) x27 0xfec396d1
core   0: 0x800026d4 (0x6ec680b7) lui     ra, 0x6ec68
core   0: 3 0x800026d4 (0x6ec680b7) x 1 0x6ec68000
core   0: 0x800026d8 (0x01e2d593) srli    a1, t0, 30
core   0: 3 0x800026d8 (0x01e2d593) x11 0x00000000
core   0: 0x800026dc (0x9f9bb013) sltiu   zero, s7, -1543
core   0: 3 0x800026dc (0x9f9bb013)
core   0: 0x800026e0 (0x00565413) srli    s0, a2, 5
core   0: 3 0x800026e0 (0x00565413) x 8 0x00000000
core   0: 0x800026e4 (0x6f7bc193) xori    gp, s7, 1783
core   0: 3 0x800026e4 (0x6f7bc193) x 3 0x000006f6
core   0: 0x800026e8 (0x8c754837) lui     a6, 0x8c754
core   0: 3 0x800026e8 (0x8c754837) x16 0x8c754000
core   0: 0x800026ec (0x328c2993) slti    s3, s8, 808
core   0: 3 0x800026ec (0x328c2993) x19 0x00000001
core   0: 0x800026f0 (0x00304a33) xor     s4, zero, gp
core   0: 3 0x800026f0 (0x00304a33) x20 0x000006f6
core   0: 0x800026f4 (0x00000013) nop
core   0: 3 0x800026f4 (0x00000013)
core   0: 0x800026f8 (0x0267ad93) slti    s11, a5, 38
core   0: 3 0x800026f8 (0x0267ad93) x27 0x00000001
core   0: 0x800026fc (0x41148633) sub     a2, s1, a7
core   0: 3 0x800026fc (0x41148633) x12 0x80015ce4
core   0: 0x80002700 (0x0139a133) slt     sp, s3, s3
core   0: 3 0x80002700 (0x0139a133) x 2 0x00000000
core   0: 0x80002704 (0x00000013) nop
core   0: 3 0x80002704 (0x00000013)
core   0: 0x80002708 (0x0150ecb3) or      s9, ra, s5
core   0: 3 0x80002708 (0x0150ecb3) x25 0x6ec68000
core   0: 0x8000270c (0x00831733) sll     a4, t1, s0
core   0: 3 0x8000270c (0x00831733) x14 0xfffffd71
core   0: 0x80002710 (0x41d056b3) sra     a3, zero, t4
core   0: 3 0x80002710 (0x41d056b3) x13 0x00000000
core   0: 0x80002714 (0x001c6f33) or      t5, s8, ra
core   0: 3 0x80002714 (0x001c6f33) x30 0x6ec68000
core   0: 0x80002718 (0x2aad4a13) xori    s4, s10, 682
core   0: 3 0x80002718 (0x2aad4a13) x20 0x000002aa
core   0: 0x8000271c (0x9b170d93) addi    s11, a4, -1615
core   0: 3 0x8000271c (0x9b170d93) x27 0xfffff722
core   0: 0x80002720 (0x3fa9cb93) xori    s7, s3, 1018
core   0: 3 0x80002720 (0x3fa9cb93) x23 0x000003fb
core   0: 0x80002724 (0x7cc2cd13) xori    s10, t0, 1996
core   0: 3 0x80002724 (0x7cc2cd13) x26 0x000007cc
core   0: 0x80002728 (0x01291313) slli    t1, s2, 18
core   0: 3 0x80002728 (0x01291313) x 6 0x00000000
core   0: 0x8000272c (0x40c80033) sub     zero, a6, a2
core   0: 3 0x8000272c (0x40c80033)
core   0: 0x80002730 (0x41db8033) sub     zero, s7, t4
core   0: 3 0x80002730 (0x41db8033)
core   0: 0x80002734 (0x41f3d433) sra     s0, t2, t6
core   0: 3 0x80002734 (0x41f3d433) x 8 0xf00023cc
core   0: 0x80002738 (0x00628eb3) add     t4, t0, t1
core   0: 3 0x80002738 (0x00628eb3) x29 0x00000000
core   0: 0x8000273c (0x61d60013) addi    zero, a2, 1565
core   0: 3 0x8000273c (0x61d60013)
core   0: 0x80002740 (0x4084d0b3) sra     ra, s1, s0
core   0: 3 0x80002740 (0x4084d0b3) x 1 0xfff80015
core   0: 0x80002744 (0x007d3433) sltu    s0, s10, t2
core   0: 3 0x80002744 (0x007d3433) x 8 0x00000001
core   0: 0x80002748 (0x00c29813) slli    a6, t0, 12
core   0: 3 0x80002748 (0x00c29813) x16 0x00000000
core   0: 0x8000274c (0x00ed59b3) srl     s3, s10, a4
core   0: 3 0x8000274c (0x00ed59b3) x19 0x00000000
core   0: 0x80002750 (0x00e18a33) add     s4, gp, a4
core   0: 3 0x80002750 (0x00e18a33) x20 0x00000467
core   0: 0x80002754 (0x6189a013) slti    zero, s3, 1560
core   0: 3 0x80002754 (0x6189a013)
core   0: 0x80002758 (0xb8437c13) andi    s8, t1, -1148
core   0: 3 0x80002758 (0xb8437c13) x24 0x00000000
core   0: 0x8000275c (0x4025d833) sra     a6, a1, sp
core   0: 3 0x8000275c (0x4025d833) x16 0x00000000
core   0: 0x80002760 (0x01e76b33) or      s6, a4, t5
core   0: 3 0x80002760 (0x01e76b33) x22 0xfffffd71
core   0: 0x80002764 (0x4025d533) sra     a0, a1, sp
core   0: 3 0x80002764 (0x4025d533) x10 0x00000000
core   0: 0x80002768 (0xaf668793) addi    a5, a3, -1290
core   0: 3 0x80002768 (0xaf668793) x15 0xfffffaf6
core   0: 0x8000276c (0x41b156b3) sra     a3, sp, s11
core   0: 3 0x8000276c (0x41b156b3) x13 0x00000000
core   0: 0x80002770 (0x0020dd93) srli    s11, ra, 2
core   0: 3 0x80002770 (0x0020dd93) x27 0x3ffe0005
core   0: 0x80002774 (0x00eed9b3) srl     s3, t4, a4
core   0: 3 0x80002774 (0x00eed9b3) x19 0x00000000
core   0: 0x80002778 (0x009d40b3) xor     ra, s10, s1
core   0: 3 0x80002778 (0x009d40b3) x 1 0x80015b28
core   0: 0x8000277c (0x00000013) nop
core   0: 3 0x8000277c (0x00000013)
core   0: 0x80002780 (0x292fb893) sltiu   a7, t6, 658
core   0: 3 0x80002780 (0x292fb893) x17 0x00000000
core   0: 0x80002784 (0x17ba1fb7) lui     t6, 0x17ba1
core   0: 3 0x80002784 (0x17ba1fb7) x31 0x17ba1000
core   0: 0x80002788 (0xaa298613) addi    a2, s3, -1374
core   0: 3 0x80002788 (0xaa298613) x12 0xfffffaa2
core   0: 0x8000278c (0x01db4833) xor     a6, s6, t4
core   0: 3 0x8000278c (0x01db4833) x16 0xfffffd71
core   0: 0x80002790 (0x01915eb3) srl     t4, sp, s9
core   0: 3 0x80002790 (0x01915eb3) x29 0x00000000
core   0: 0x80002794 (0xeaa98bb7) lui     s7, 0xeaa98
core   0: 3 0x80002794 (0xeaa98bb7) x23 0xeaa98000
core   0: 0x80002798 (0x00a0e5b3) or      a1, ra, a0
core   0: 3 0x80002798 (0x00a0e5b3) x11 0x80015b28
core   0: 0x8000279c (0x005c02b3) add     t0, s8, t0
core   0: 3 0x8000279c (0x005c02b3) x 5 0x00000000
core   0: 0x800027a0 (0x0047e613) ori     a2, a5, 4
core   0: 3 0x800027a0 (0x0047e613) x12 0xfffffaf6
core   0: 0x800027a4 (0x4058d913) srai    s2, a7, 5
core   0: 3 0x800027a4 (0x4058d913) x18 0x00000000
core   0: 0x800027a8 (0xc8017913) andi    s2, sp, -896
core   0: 3 0x800027a8 (0xc8017913) x18 0x00000000
core   0: 0x800027ac (0x36cea113) slti    sp, t4, 876
core   0: 3 0x800027ac (0x36cea113) x 2 0x00000001
core   0: 0x800027b0 (0xbb25a693) slti    a3, a1, -1102
core   0: 3 0x800027b0 (0xbb25a693) x13 0x00000001
core   0: 0x800027b4 (0x013bd9b3) srl     s3, s7, s3
core   0: 3 0x800027b4 (0x013bd9b3) x19 0xeaa98000
core   0: 0x800027b8 (0x41255297) auipc   t0, 0x41255
core   0: 3 0x800027b8 (0x41255297) x 5 0xc12577b8
core   0: 0x800027bc (0xbb7fffb7) lui     t6, 0xbb7ff
core   0: 3 0x800027bc (0xbb7fffb7) x31 0xbb7ff000
core   0: 0x800027c0 (0x046f8f93) addi    t6, t6, 70
core   0: 3 0x800027c0 (0x046f8f93) x31 0xbb7ff046
core   0: 0x800027c4 (0x541ed837) lui     a6, 0x541ed
core   0: 3 0x800027c4 (0x541ed837) x16 0x541ed000
core   0: 0x800027c8 (0xef980813) addi    a6, a6, -263
core   0: 3 0x800027c8 (0xef980813) x16 0x541ecef9
core   0: 0x800027cc (0x80000137) lui     sp, 0x80000
core   0: 3 0x800027cc (0x80000137) x 2 0x80000000
core   0: 0x800027d0 (0x00000293) li      t0, 0
core   0: 3 0x800027d0 (0x00000293) x 5 0x00000000
core   0: 0x800027d4 (0x800008b7) lui     a7, 0x80000
core   0: 3 0x800027d4 (0x800008b7) x17 0x80000000
core   0: 0x800027d8 (0x00000e13) li      t3, 0
core   0: 3 0x800027d8 (0x00000e13) x28 0x00000000
core   0: 0x800027dc (0x920d79b7) lui     s3, 0x920d7
core   0: 3 0x800027dc (0x920d79b7) x19 0x920d7000
core   0: 0x800027e0 (0x76e98993) addi    s3, s3, 1902
core   0: 3 0x800027e0 (0x76e98993) x19 0x920d776e
core   0: 0x800027e4 (0x00000b13) li      s6, 0
core   0: 3 0x800027e4 (0x00000b13) x22 0x00000000
core   0: 0x800027e8 (0x00000c93) li      s9, 0
core   0: 3 0x800027e8 (0x00000c93) x25 0x00000000
core   0: 0x800027ec (0x800005b7) lui     a1, 0x80000
core   0: 3 0x800027ec (0x800005b7) x11 0x80000000
core   0: 0x800027f0 (0x7a68c817) auipc   a6, 0x7a68c
core   0: 3 0x800027f0 (0x7a68c817) x16 0xfa68e7f0
core   0: 0x800027f4 (0xa829b597) auipc   a1, 0xa829b
core   0: 3 0x800027f4 (0xa829b597) x11 0x2829d7f4
core   0: 0x800027f8 (0x41be0593) addi    a1, t3, 1051
core   0: 3 0x800027f8 (0x41be0593) x11 0x0000041b
core   0: 0x800027fc (0x48c355b7) lui     a1, 0x48c35
core   0: 3 0x800027fc (0x48c355b7) x11 0x48c35000
core   0: 0x80002800 (0x41c98833) sub     a6, s3, t3
core   0: 3 0x80002800 (0x41c98833) x16 0x920d776e
core   0: 0x80002804 (0x16f3d837) lui     a6, 0x16f3d
core   0: 3 0x80002804 (0x16f3d837) x16 0x16f3d000
core   0: 0x80002808 (0x41080fb3) sub     t6, a6, a6
core   0: 3 0x80002808 (0x41080fb3) x31 0x00000000
core   0: 0x8000280c (0x011b0b33) add     s6, s6, a7
core   0: 3 0x8000280c (0x011b0b33) x22 0x80000000
core   0: 0x80002810 (0x410102b3) sub     t0, sp, a6
core   0: 3 0x80002810 (0x410102b3) x 5 0x690c3000
core   0: 0x80002814 (0xffff3297) auipc   t0, 0xffff3
core   0: 3 0x80002814 (0xffff3297) x 5 0x7fff5814
core   0: 0x80002818 (0x00000013) nop
core   0: 3 0x80002818 (0x00000013)
core   0: 0x8000281c (0x00000013) nop
core   0: 3 0x8000281c (0x00000013)
core   0: 0x80002820 (0x00b80e33) add     t3, a6, a1
core   0: 3 0x80002820 (0x00b80e33) x28 0x5fb72000
core   0: 0x80002824 (0x00000013) nop
core   0: 3 0x80002824 (0x00000013)
core   0: 0x80002828 (0x81e28e13) addi    t3, t0, -2018
core   0: 3 0x80002828 (0x81e28e13) x28 0x7fff5032
core   0: 0x8000282c (0x00b285b3) add     a1, t0, a1
core   0: 3 0x8000282c (0x00b285b3) x11 0xc8c2a814
core   0: 0x80002830 (0xfd822fb7) lui     t6, 0xfd822
core   0: 3 0x80002830 (0xfd822fb7) x31 0xfd822000
core   0: 0x80002834 (0xdf5c6817) auipc   a6, 0xdf5c6
core   0: 3 0x80002834 (0xdf5c6817) x16 0x5f5c8834
core   0: 0x80002838 (0x00000013) nop
core   0: 3 0x80002838 (0x00000013)
core   0: 0x8000283c (0x002aff33) and     t5, s5, sp
core   0: 3 0x8000283c (0x002aff33) x30 0x00000000
core   0: 0x80002840 (0x001eb1b3) sltu    gp, t4, ra
core   0: 3 0x80002840 (0x001eb1b3) x 3 0x00000001
core   0: 0x80002844 (0x9c772113) slti    sp, a4, -1593
core   0: 3 0x80002844 (0x9c772113) x 2 0x00000000
core   0: 0x80002848 (0x40fc0cb3) sub     s9, s8, a5
core   0: 3 0x80002848 (0x40fc0cb3) x25 0x0000050a
core   0: 0x8000284c (0x00eeca33) xor     s4, t4, a4
core   0: 3 0x8000284c (0x00eeca33) x20 0xfffffd71
core   0: 0x80002850 (0x192b7693) andi    a3, s6, 402
core   0: 3 0x80002850 (0x192b7693) x13 0x00000000
core   0: 0x80002854 (0x01675893) srli    a7, a4, 22
core   0: 3 0x80002854 (0x01675893) x17 0x000003ff
core   0: 0x80002858 (0xa89dd0b7) lui     ra, 0xa89dd
core   0: 3 0x80002858 (0xa89dd0b7) x 1 0xa89dd000
core   0: 0x8000285c (0x00b59593) slli    a1, a1, 11
core   0: 3 0x8000285c (0x00b59593) x11 0x1540a000
core   0: 0x80002860 (0x0446ba93) sltiu   s5, a3, 68
core   0: 3 0x80002860 (0x0446ba93) x21 0x00000001
core   0: 0x80002864 (0x00340db3) add     s11, s0, gp
core   0: 3 0x80002864 (0x00340db3) x27 0x00000002
core   0: 0x80002868 (0x00f4b633) sltu    a2, s1, a5
core   0: 3 0x80002868 (0x00f4b633) x12 0x00000001
core   0: 0x8000286c (0x97536913) ori     s2, t1, -1675
core   0: 3 0x8000286c (0x97536913) x18 0xfffff975
core   0: 0x80002870 (0x3a0e6b93) ori     s7, t3, 928
core   0: 3 0x80002870 (0x3a0e6b93) x23 0x7fff53b2
core   0: 0x80002874 (0xfe4bfd13) andi    s10, s7, -28
core   0: 3 0x80002874 (0xfe4bfd13) x26 0x7fff53a0
core   0: 0x80002878 (0x0186f833) and     a6, a3, s8
core   0: 3 0x80002878 (0x0186f833) x16 0x00000000
core   0: 0x8000287c (0x01c98db3) add     s11, s3, t3
core   0: 3 0x8000287c (0x01c98db3) x27 0x120cc7a0
core   0: 0x80002880 (0x009be933) or      s2, s7, s1
core   0: 3 0x80002880 (0x009be933) x18 0xffff5ff6
core   0: 0x80002884 (0x01aea333) slt     t1, t4, s10
core   0: 3 0x80002884 (0x01aea333) x 6 0x00000001
core   0: 0x80002888 (0x01ff0bb3) add     s7, t5, t6
core   0: 3 0x80002888 (0x01ff0bb3) x23 0xfd822000
core   0: 0x8000288c (0x00000013) nop
core   0: 3 0x8000288c (0x00000013)
core   0: 0x80002890 (0x5e2de313) ori     t1, s11, 1506
core   0: 3 0x80002890 (0x5e2de313) x 6 0x120cc7e2
core   0: 0x80002894 (0x01645f13) srli    t5, s0, 22
core   0: 3 0x80002894 (0x01645f13) x30 0x00000000
core   0: 0x80002898 (0x00ce1f33) sll     t5, t3, a2
core   0: 3 0x80002898 (0x00ce1f33) x30 0xfffea064
core   0: 0x8000289c (0x007e3b33) sltu    s6, t3, t2
core   0: 3 0x8000289c (0x007e3b33) x22 0x00000001
core   0: 0x800028a0 (0x01b86333) or      t1, a6, s11
core   0: 3 0x800028a0 (0x01b86333) x 6 0x120cc7a0
core   0: 0x800028a4 (0x00045b93) srli    s7, s0, 0
core   0: 3 0x800028a4 (0x00045b93) x23 0x00000001
core   0: 0x800028a8 (0x41cf0cb3) sub     s9, t5, t3
core   0: 3 0x800028a8 (0x41cf0cb3) x25 0x7fff5032
core   0: 0x800028ac (0x400f8b33) sub     s6, t6, zero
core   0: 3 0x800028ac (0x400f8b33) x22 0xfd822000
core   0: 0x800028b0 (0x41618b33) sub     s6, gp, s6
core   0: 3 0x800028b0 (0x41618b33) x22 0x027de001
core   0: 0x800028b4 (0x00871a93) slli    s5, a4, 8
core   0: 3 0x800028b4 (0x00871a93) x21 0xfffd7100
core   0: 0x800028b8 (0x41455313) srai    t1, a0, 20
core   0: 3 0x800028b8 (0x41455313) x 6 0x00000000
core   0: 0x800028bc (0x00404433) xor     s0, zero, tp
core   0: 3 0x800028bc (0x00404433) x 8 0xfec3917d
core   0: 0x800028c0 (0x015bd933) srl     s2, s7, s5
core   0: 3 0x800028c0 (0x015bd933) x18 0x00000001
core   0: 0x800028c4 (0x723cb617) auipc   a2, 0x723cb
core   0: 3 0x800028c4 (0x723cb617) x12 0xf23cd8c4
core   0: 0x800028c8 (0x797fab97) auipc   s7, 0x797fa
core   0: 3 0x800028c8 (0x797fab97) x23 0xf97fc8c8
core   0: 0x800028cc (0x01cd4133) xor     sp, s10, t3
core   0: 3 0x800028cc (0x01cd4133) x 2 0x00000392
core   0: 0x800028d0 (0x0091da33) srl     s4, gp, s1
core   0: 3 0x800028d0 (0x0091da33) x20 0x00000000
core   0: 0x800028d4 (0x4068d633) sra     a2, a7, t1
core   0: 3 0x800028d4 (0x4068d633) x12 0x000003ff
core   0: 0x800028d8 (0x0942db37) lui     s6, 0x942d
core   0: 3 0x800028d8 (0x0942db37) x22 0x0942d000
core   0: 0x800028dc (0x01c581b3) add     gp, a1, t3
core   0: 3 0x800028dc (0x01c581b3) x 3 0x953ff032
core   0: 0x800028e0 (0xa3703c93) sltiu   s9, zero, -1481
core   0: 3 0x800028e0 (0xa3703c93) x25 0x00000001
core   0: 0x800028e4 (0x41a08433) sub     s0, ra, s10
core   0: 3 0x800028e4 (0x41a08433) x 8 0x289e7c60
core   0: 0x800028e8 (0x00536bb3) or      s7, t1, t0
core   0: 3 0x800028e8 (0x00536bb3) x23 0x7fff5814
core   0: 0x800028ec (0x414c5c93) srai    s9, s8, 20
core   0: 3 0x800028ec (0x414c5c93) x25 0x00000000
core   0: 0x800028f0 (0x0a963593) sltiu   a1, a2, 169
core   0: 3 0x800028f0 (0x0a963593) x11 0x00000000
core   0: 0x800028f4 (0xc4a8c913) xori    s2, a7, -950
core   0: 3 0x800028f4 (0xc4a8c913) x18 0xffffffb5
core   0: 0x800028f8 (0x016748b3) xor     a7, a4, s6
core   0: 3 0x800028f8 (0x016748b3) x17 0xf6bd2d71
core   0: 0x800028fc (0x40495e33) sra     t3, s2, tp
core   0: 3 0x800028fc (0x40495e33) x28 0xffffffff
core   0: 0x80002900 (0x74412793) slti    a5, sp, 1860
core   0: 3 0x80002900 (0x74412793) x15 0x00000001
core   0: 0x80002904 (0x40a00833) sub     a6, zero, a0
core   0: 3 0x80002904 (0x40a00833) x16 0x00000000
core   0: 0x80002908 (0xb6504f13) xori    t5, zero, -1179
core   0: 3 0x80002908 (0xb6504f13) x30 0xfffffb65
core   0: 0x8000290c (0x0195f033) and     zero, a1, s9
core   0: 3 0x8000290c (0x0195f033)
core   0: 0x80002910 (0x00a9d333) srl     t1, s3, a0
core   0: 3 0x80002910 (0x00a9d333) x 6 0x920d776e
core   0: 0x80002914 (0x403f8fb3) sub     t6, t6, gp
core   0: 3 0x80002914 (0x403f8fb3) x31 0x68422fce
core   0: 0x80002918 (0x0137e9b3) or      s3, a5, s3
core   0: 3 0x80002918 (0x0137e9b3) x19 0x920d776f
core   0: 0x8000291c (0xfa404b93) xori    s7, zero, -92
core   0: 3 0x8000291c (0xfa404b93) x23 0xffffffa4
core   0: 0x80002920 (0x00000013) nop
core   0: 3 0x80002920 (0x00000013)
core   0: 0x80002924 (0x41fa01b3) sub     gp, s4, t6
core   0: 3 0x80002924 (0x41fa01b3) x 3 0x97bdd032
core   0: 0x80002928 (0x00d6ed33) or      s10, a3, a3
core   0: 3 0x80002928 (0x00d6ed33) x26 0x00000000
core   0: 0x8000292c (0x00934cb3) xor     s9, t1, s1
core   0: 3 0x8000292c (0x00934cb3) x25 0x120c2b8a
core   0: 0x80002930 (0x4e14a537) lui     a0, 0x4e14a
core   0: 3 0x80002930 (0x4e14a537) x10 0x4e14a000
core   0: 0x80002934 (0x520be693) ori     a3, s7, 1312
core   0: 3 0x80002934 (0x520be693) x13 0xffffffa4
core   0: 0x80002938 (0xd9a6a613) slti    a2, a3, -614
core   0: 3 0x80002938 (0xd9a6a613) x12 0x00000000
core   0: 0x8000293c (0x413c5bb3) sra     s7, s8, s3
core   0: 3 0x8000293c (0x413c5bb3) x23 0x00000000
core   0: 0x80002940 (0x417e8db3) sub     s11, t4, s7
core   0: 3 0x80002940 (0x417e8db3) x27 0x00000000
core   0: 0x80002944 (0x00a036b3) snez    a3, a0
core   0: 3 0x80002944 (0x00a036b3) x13 0x00000001
core   0: 0x80002948 (0x010cacb3) slt     s9, s9, a6
core   0: 3 0x80002948 (0x010cacb3) x25 0x00000000
core   0: 0x8000294c (0x008ef433) and     s0, t4, s0
core   0: 3 0x8000294c (0x008ef433) x 8 0x00000000
core   0: 0x80002950 (0x96ed7b97) auipc   s7, 0x96ed7
core   0: 3 0x80002950 (0x96ed7b97) x23 0x16ed9950
core   0: 0x80002954 (0x01a060b3) or      ra, zero, s10
core   0: 3 0x80002954 (0x01a060b3) x 1 0x00000000
core   0: 0x80002958 (0x005f5a13) srli    s4, t5, 5
core   0: 3 0x80002958 (0x005f5a13) x20 0x07ffffdb
core   0: 0x8000295c (0x004bea33) or      s4, s7, tp
core   0: 3 0x8000295c (0x004bea33) x20 0xfeef997d
core   0: 0x80002960 (0x288aae97) auipc   t4, 0x288aa
core   0: 3 0x80002960 (0x288aae97) x29 0xa88ac960
core   0: 0x80002964 (0x1cf20613) addi    a2, tp, 463
core   0: 3 0x80002964 (0x1cf20613) x12 0xfec3934c
core   0: 0x80002968 (0xfc223093) sltiu   ra, tp, -62
core   0: 3 0x80002968 (0xfc223093) x 1 0x00000001
core   0: 0x8000296c (0x00db3433) sltu    s0, s6, a3
core   0: 3 0x8000296c (0x00db3433) x 8 0x00000000
core   0: 0x80002970 (0x009daab3) slt     s5, s11, s1
core   0: 3 0x80002970 (0x009daab3) x21 0x00000000
core   0: 0x80002974 (0x00428733) add     a4, t0, tp
core   0: 3 0x80002974 (0x00428733) x14 0x7ec2e991
core   0: 0x80002978 (0x016c6bb3) or      s7, s8, s6
core   0: 3 0x80002978 (0x016c6bb3) x23 0x0942d000
core   0: 0x8000297c (0x01674fb3) xor     t6, a4, s6
core   0: 3 0x8000297c (0x01674fb3) x31 0x77803991
core   0: 0x80002980 (0x33e04893) xori    a7, zero, 830
core   0: 3 0x80002980 (0x33e04893) x17 0x0000033e
core   0: 0x80002984 (0xd2a40c93) addi    s9, s0, -726
core   0: 3 0x80002984 (0xd2a40c93) x25 0xfffffd2a
core   0: 0x80002988 (0x40c88433) sub     s0, a7, a2
core   0: 3 0x80002988 (0x40c88433) x 8 0x013c6ff2
core   0: 0x8000298c (0x410480b3) sub     ra, s1, a6
core   0: 3 0x8000298c (0x410480b3) x 1 0x80015ce4
core   0: 0x80002990 (0x01986eb3) or      t4, a6, s9
core   0: 3 0x80002990 (0x01986eb3) x29 0xfffffd2a
core   0: 0x80002994 (0xa2974693) xori    a3, a4, -1495
core   0: 3 0x80002994 (0xa2974693) x13 0x813d13b8
core   0: 0x80002998 (0x41dada13) srai    s4, s5, 29
core   0: 3 0x80002998 (0x41dada13) x20 0x00000000
core   0: 0x8000299c (0x00000013) nop
core   0: 3 0x8000299c (0x00000013)
core   0: 0x800029a0 (0x000eb533) sltu    a0, t4, zero
core   0: 3 0x800029a0 (0x000eb533) x10 0x00000000
core   0: 0x800029a4 (0x0054f9b3) and     s3, s1, t0
core   0: 3 0x800029a4 (0x0054f9b3) x19 0x00015804
core   0: 0x800029a8 (0xf7f8fd93) andi    s11, a7, -129
core   0: 3 0x800029a8 (0xf7f8fd93) x27 0x0000033e
core   0: 0x800029ac (0xb13f5d17) auipc   s10, 0xb13f5
core   0: 3 0x800029ac (0xb13f5d17) x26 0x313f79ac
core   0: 0x800029b0 (0xb3e33513) sltiu   a0, t1, -1218
core   0: 3 0x800029b0 (0xb3e33513) x10 0x00000001
core   0: 0x800029b4 (0x40508eb3) sub     t4, ra, t0
core   0: 3 0x800029b4 (0x40508eb3) x29 0x000204d0
core   0: 0x800029b8 (0x01d406b3) add     a3, s0, t4
core   0: 3 0x800029b8 (0x01d406b3) x13 0x013e74c2
core   0: 0x800029bc (0x8ab12f97) auipc   t6, 0x8ab12
core   0: 3 0x800029bc (0x8ab12f97) x31 0x0ab149bc
core   0: 0x800029c0 (0x290dcb93) xori    s7, s11, 656
core   0: 3 0x800029c0 (0x290dcb93) x23 0x000001ae
core   0: 0x800029c4 (0xc9564113) xori    sp, a2, -875
core   0: 3 0x800029c4 (0xc9564113) x 2 0x013c6fd9
core   0: 0x800029c8 (0x010b8eb3) add     t4, s7, a6
core   0: 3 0x800029c8 (0x010b8eb3) x29 0x000001ae
core   0: 0x800029cc (0x417ada93) srai    s5, s5, 23
core   0: 3 0x800029cc (0x417ada93) x21 0x00000000
core   0: 0x800029d0 (0x004c52b3) srl     t0, s8, tp
core   0: 3 0x800029d0 (0x004c52b3) x 5 0x00000000
core   0: 0x800029d4 (0xbd66eb13) ori     s6, a3, -1066
core   0: 3 0x800029d4 (0xbd66eb13) x22 0xffffffd6
core   0: 0x800029d8 (0x39793e93) sltiu   t4, s2, 919
core   0: 3 0x800029d8 (0x39793e93) x29 0x00000000
core   0: 0x800029dc (0x2aca3c93) sltiu   s9, s4, 684
core   0: 3 0x800029dc (0x2aca3c93) x25 0x00000001
core   0: 0x800029e0 (0x00ad3eb3) sltu    t4, s10, a0
core   0: 3 0x800029e0 (0x00ad3eb3) x29 0x00000000
core   0: 0x800029e4 (0x01fc2d13) slti    s10, s8, 31
core   0: 3 0x800029e4 (0x01fc2d13) x26 0x00000001
core   0: 0x800029e8 (0x2f846c13) ori     s8, s0, 760
core   0: 3 0x800029e8 (0x2f846c13) x24 0x013c6ffa
core   0: 0x800029ec (0xe9c2a313) slti    t1, t0, -356
core   0: 3 0x800029ec (0xe9c2a313) x 6 0x00000000
core   0: 0x800029f0 (0x4fc4fb93) andi    s7, s1, 1276
core   0: 3 0x800029f0 (0x4fc4fb93) x23 0x000004e4
core   0: 0x800029f4 (0x41f75633) sra     a2, a4, t6
core   0: 3 0x800029f4 (0x41f75633) x12 0x00000007
core   0: 0x800029f8 (0xaf058e13) addi    t3, a1, -1296
core   0: 3 0x800029f8 (0xaf058e13) x28 0xfffffaf0
core   0: 0x800029fc (0x009ffe33) and     t3, t6, s1
core   0: 3 0x800029fc (0x009ffe33) x28 0x000148a4
core   0: 0x80002a00 (0x4083d093) srai    ra, t2, 8
core   0: 3 0x80002a00 (0x4083d093) x 1 0xff80011e
core   0: 0x80002a04 (0xc2690313) addi    t1, s2, -986
core   0: 3 0x80002a04 (0xc2690313) x 6 0xfffffbdb
core   0: 0x80002a08 (0x016178b3) and     a7, sp, s6
core   0: 3 0x80002a08 (0x016178b3) x17 0x013c6fd0
core   0: 0x80002a0c (0x0072a433) slt     s0, t0, t2
core   0: 3 0x80002a0c (0x0072a433) x 8 0x00000000
core   0: 0x80002a10 (0x01350eb3) add     t4, a0, s3
core   0: 3 0x80002a10 (0x01350eb3) x29 0x00015805
core   0: 0x80002a14 (0x41188f13) addi    t5, a7, 1041
core   0: 3 0x80002a14 (0x41188f13) x30 0x013c73e1
core   0: 0x80002a18 (0xe1f90513) addi    a0, s2, -481
core   0: 3 0x80002a18 (0xe1f90513) x10 0xfffffdd4
core   0: 0x80002a1c (0x00f2d693) srli    a3, t0, 15
core   0: 3 0x80002a1c (0x00f2d693) x13 0x00000000
core   0: 0x80002a20 (0x008a01b3) add     gp, s4, s0
core   0: 3 0x80002a20 (0x008a01b3) x 3 0x00000000
core   0: 0x80002a24 (0x0166a633) slt     a2, a3, s6
core   0: 3 0x80002a24 (0x0166a633) x12 0x00000000
core   0: 0x80002a28 (0x01021013) slli    zero, tp, 16
core   0: 3 0x80002a28 (0x01021013)
core   0: 0x80002a2c (0x400c0fb3) sub     t6, s8, zero
core   0: 3 0x80002a2c (0x400c0fb3) x31 0x013c6ffa
core   0: 0x80002a30 (0x41d6dd33) sra     s10, a3, t4
core   0: 3 0x80002a30 (0x41d6dd33) x26 0x00000000
core   0: 0x80002a34 (0x000ffbb3) and     s7, t6, zero
core   0: 3 0x80002a34 (0x000ffbb3) x23 0x00000000
core   0: 0x80002a38 (0x03fec893) xori    a7, t4, 63
core   0: 3 0x80002a38 (0x03fec893) x17 0x0001583a
core   0: 0x80002a3c (0x4825e693) ori     a3, a1, 1154
core   0: 3 0x80002a3c (0x4825e693) x13 0x00000482
core   0: 0x80002a40 (0x40130eb3) sub     t4, t1, ra
core   0: 3 0x80002a40 (0x40130eb3) x29 0x007ffabd
core   0: 0x80002a44 (0x00bd1333) sll     t1, s10, a1
core   0: 3 0x80002a44 (0x00bd1333) x 6 0x00000000
core   0: 0x80002a48 (0x8eef0a13) addi    s4, t5, -1810
core   0: 3 0x80002a48 (0x8eef0a13) x20 0x013c6ccf
core   0: 0x80002a4c (0x00757a33) and     s4, a0, t2
core   0: 3 0x80002a4c (0x00757a33) x20 0x80011c44
core   0: 0x80002a50 (0x995e0013) addi    zero, t3, -1643
core   0: 3 0x80002a50 (0x995e0013)
core   0: 0x80002a54 (0x00000013) nop
core   0: 3 0x80002a54 (0x00000013)
core   0: 0x80002a58 (0x008007b3) add     a5, zero, s0
core   0: 3 0x80002a58 (0x008007b3) x15 0x00000000
core   0: 0x80002a5c (0x00cb2a33) slt     s4, s6, a2
core   0: 3 0x80002a5c (0x00cb2a33) x20 0x00000001
core   0: 0x80002a60 (0x0070d993) srli    s3, ra, 7
core   0: 3 0x80002a60 (0x0070d993) x19 0x01ff0002
core   0: 0x80002a64 (0x15e89ab7) lui     s5, 0x15e89
core   0: 3 0x80002a64 (0x15e89ab7) x21 0x15e89000
core   0: 0x80002a68 (0x00687ab3) and     s5, a6, t1
core   0: 3 0x80002a68 (0x00687ab3) x21 0x00000000
core   0: 0x80002a6c (0xb0b2bb93) sltiu   s7, t0, -1269
core   0: 3 0x80002a6c (0xb0b2bb93) x23 0x00000001
core   0: 0x80002a70 (0x01494133) xor     sp, s2, s4
core   0: 3 0x80002a70 (0x01494133) x 2 0xffffffb4
core   0: 0x80002a74 (0x00329eb3) sll     t4, t0, gp
core   0: 3 0x80002a74 (0x00329eb3) x29 0x00000000
core   0: 0x80002a78 (0x005e9013) slli    zero, t4, 5
core   0: 3 0x80002a78 (0x005e9013)
core   0: 0x80002a7c (0x419addb3) sra     s11, s5, s9
core   0: 3 0x80002a7c (0x419addb3) x27 0x00000000
core   0: 0x80002a80 (0x00986eb3) or      t4, a6, s1
core   0: 3 0x80002a80 (0x00986eb3) x29 0x80015ce4
core   0: 0x80002a84 (0xd4268293) addi    t0, a3, -702
core   0: 3 0x80002a84 (0xd4268293) x 5 0x000001c4
core   0: 0x80002a88 (0x01f000b3) add     ra, zero, t6
core   0: 3 0x80002a88 (0x01f000b3) x 1 0x013c6ffa
core   0: 0x80002a8c (0x40ad8bb3) sub     s7, s11, a0
core   0: 3 0x80002a8c (0x40ad8bb3) x23 0x0000022c
core   0: 0x80002a90 (0x00504633) xor     a2, zero, t0
core   0: 3 0x80002a90 (0x00504633) x12 0x000001c4
core   0: 0x80002a94 (0x1c156f93) ori     t6, a0, 449
core   0: 3 0x80002a94 (0x1c156f93) x31 0xfffffdd5
core   0: 0x80002a98 (0xa8c29197) auipc   gp, 0xa8c29
core   0: 3 0x80002a98 (0xa8c29197) x 3 0x28c2ba98
core   0: 0x80002a9c (0x6ced7593) andi    a1, s10, 1742
core   0: 3 0x80002a9c (0x6ced7593) x11 0x00000000
core   0: 0x80002aa0 (0x01834333) xor     t1, t1, s8
core   0: 3 0x80002aa0 (0x01834333) x 6 0x013c6ffa
core   0: 0x80002aa4 (0x41ab8f33) sub     t5, s7, s10
core   0: 3 0x80002aa4 (0x41ab8f33) x30 0x0000022c
core   0: 0x80002aa8 (0xf57cf6b7) lui     a3, 0xf57cf
core   0: 3 0x80002aa8 (0xf57cf6b7) x13 0xf57cf000
core   0: 0x80002aac (0x01366cb3) or      s9, a2, s3
core   0: 3 0x80002aac (0x01366cb3) x25 0x01ff01c6
core   0: 0x80002ab0 (0x414f5b33) sra     s6, t5, s4
core   0: 3 0x80002ab0 (0x414f5b33) x22 0x00000116
core   0: 0x80002ab4 (0x00231813) slli    a6, t1, 2
core   0: 3 0x80002ab4 (0x00231813) x16 0x04f1bfe8
core   0: 0x80002ab8 (0xa26db813) sltiu   a6, s11, -1498
core   0: 3 0x80002ab8 (0xa26db813) x16 0x00000001
core   0: 0x80002abc (0x97399817) auipc   a6, 0x97399
core   0: 3 0x80002abc (0x97399817) x16 0x1739babc
core   0: 0x80002ac0 (0x41225d33) sra     s10, tp, s2
core   0: 3 0x80002ac0 (0x41225d33) x26 0xfffffff6
core   0: 0x80002ac4 (0x417cd093) srai    ra, s9, 23
core   0: 3 0x80002ac4 (0x417cd093) x 1 0x00000003
core   0: 0x80002ac8 (0x01ccc593) xori    a1, s9, 28
core   0: 3 0x80002ac8 (0x01ccc593) x11 0x01ff01da
core   0: 0x80002acc (0x0078ed33) or      s10, a7, t2
core   0: 3 0x80002acc (0x0078ed33) x26 0x80015e7e
core   0: 0x80002ad0 (0x01f8fbb3) and     s7, a7, t6
core   0: 3 0x80002ad0 (0x01f8fbb3) x23 0x00015810
core   0: 0x80002ad4 (0x97bee913) ori     s2, t4, -1669
core   0: 3 0x80002ad4 (0x97bee913) x18 0xfffffdff
core   0: 0x80002ad8 (0x0066a7b3) slt     a5, a3, t1
core   0: 3 0x80002ad8 (0x0066a7b3) x15 0x00000001
core   0: 0x80002adc (0x01e752b3) srl     t0, a4, t5
core   0: 3 0x80002adc (0x01e752b3) x 5 0x0007ec2e
core   0: 0x80002ae0 (0x00000013) nop
core   0: 3 0x80002ae0 (0x00000013)
core   0: 0x80002ae4 (0x01a79893) slli    a7, a5, 26
core   0: 3 0x80002ae4 (0x01a79893) x17 0x04000000
core   0: 0x80002ae8 (0x00d35993) srli    s3, t1, 13
core   0: 3 0x80002ae8 (0x00d35993) x19 0x000009e3
core   0: 0x80002aec (0x1151fd13) andi    s10, gp, 277
core   0: 3 0x80002aec (0x1151fd13) x26 0x00000010
core   0: 0x80002af0 (0x01e44ab3) xor     s5, s0, t5
core   0: 3 0x80002af0 (0x01e44ab3) x21 0x0000022c
core   0: 0x80002af4 (0x41e0dab3) sra     s5, ra, t5
core   0: 3 0x80002af4 (0x41e0dab3) x21 0x00000000
core   0: 0x80002af8 (0x01a8db93) srli    s7, a7, 26
core   0: 3 0x80002af8 (0x01a8db93) x23 0x00000001
core   0: 0x80002afc (0x00000013) nop
core   0: 3 0x80002afc (0x00000013)
core   0: 0x80002b00 (0x00fc7db3) and     s11, s8, a5
core   0: 3 0x80002b00 (0x00fc7db3) x27 0x00000000
core   0: 0x80002b04 (0x01e8c9b3) xor     s3, a7, t5
core   0: 3 0x80002b04 (0x01e8c9b3) x19 0x0400022c
core   0: 0x80002b08 (0x40da0e33) sub     t3, s4, a3
core   0: 3 0x80002b08 (0x40da0e33) x28 0x0a831001
core   0: 0x80002b0c (0x40fcc797) auipc   a5, 0x40fcc
core   0: 3 0x80002b0c (0x40fcc797) x15 0xc0fceb0c
core   0: 0x80002b10 (0xacf70d13) addi    s10, a4, -1329
core   0: 3 0x80002b10 (0xacf70d13) x26 0x7ec2e460
core   0: 0x80002b14 (0x415885b3) sub     a1, a7, s5
core   0: 3 0x80002b14 (0x415885b3) x11 0x04000000
core   0: 0x80002b18 (0x00a1d133) srl     sp, gp, a0
core   0: 3 0x80002b18 (0x00a1d133) x 2 0x0000028c
core   0: 0x80002b1c (0x009e28b3) slt     a7, t3, s1
core   0: 3 0x80002b1c (0x009e28b3) x17 0x00000000
core   0: 0x80002b20 (0x1d195c37) lui     s8, 0x1d195
core   0: 3 0x80002b20 (0x1d195c37) x24 0x1d195000
core   0: 0x80002b24 (0x430f2613) slti    a2, t5, 1072
core   0: 3 0x80002b24 (0x430f2613) x12 0x00000001
core   0: 0x80002b28 (0x00bccab3) xor     s5, s9, a1
core   0: 3 0x80002b28 (0x00bccab3) x21 0x05ff01c6
core   0: 0x80002b2c (0x01d75533) srl     a0, a4, t4
core   0: 3 0x80002b2c (0x01d75533) x10 0x07ec2e99
core   0: 0x80002b30 (0x4967fa13) andi    s4, a5, 1174
core   0: 3 0x80002b30 (0x4967fa13) x20 0x00000004
core   0: 0x80002b34 (0x412682b3) sub     t0, a3, s2
core   0: 3 0x80002b34 (0x412682b3) x 5 0xf57cf201
core   0: 0x80002b38 (0x40cd5093) srai    ra, s10, 12
core   0: 3 0x80002b38 (0x40cd5093) x 1 0x0007ec2e
core   0: 0x80002b3c (0x00000013) nop
core   0: 3 0x80002b3c (0x00000013)
core   0: 0x80002b40 (0x017a5613) srli    a2, s4, 23
core   0: 3 0x80002b40 (0x017a5613) x12 0x00000000
core   0: 0x80002b44 (0x40cedd93) srai    s11, t4, 12
core   0: 3 0x80002b44 (0x40cedd93) x27 0xfff80015
core   0: 0x80002b48 (0xbc71b613) sltiu   a2, gp, -1081
core   0: 3 0x80002b48 (0xbc71b613) x12 0x00000001
core   0: 0x80002b4c (0x010e9513) slli    a0, t4, 16
core   0: 3 0x80002b4c (0x010e9513) x10 0x5ce40000
core   0: 0x80002b50 (0x38597e13) andi    t3, s2, 901
core   0: 3 0x80002b50 (0x38597e13) x28 0x00000185
core   0: 0x80002b54 (0xe4c57e13) andi    t3, a0, -436
core   0: 3 0x80002b54 (0xe4c57e13) x28 0x5ce40000
core   0: 0x80002b58 (0x00b852b3) srl     t0, a6, a1
core   0: 3 0x80002b58 (0x00b852b3) x 5 0x1739babc
core   0: 0x80002b5c (0x407ada13) srai    s4, s5, 7
core   0: 3 0x80002b5c (0x407ada13) x20 0x000bfe03
core   0: 0x80002b60 (0x010ff1b3) and     gp, t6, a6
core   0: 3 0x80002b60 (0x010ff1b3) x 3 0x1739b894
core   0: 0x80002b64 (0x01433333) sltu    t1, t1, s4
core   0: 3 0x80002b64 (0x01433333) x 6 0x00000000
core   0: 0x80002b68 (0x016861b3) or      gp, a6, s6
core   0: 3 0x80002b68 (0x016861b3) x 3 0x1739bbbe
core   0: 0x80002b6c (0x40b45993) srai    s3, s0, 11
core   0: 3 0x80002b6c (0x40b45993) x19 0x00000000
core   0: 0x80002b70 (0x011b1793) slli    a5, s6, 17
core   0: 3 0x80002b70 (0x011b1793) x15 0x022c0000
core   0: 0x80002b74 (0x23f5f313) andi    t1, a1, 575
core   0: 3 0x80002b74 (0x23f5f313) x 6 0x00000000
core   0: 0x80002b78 (0x01f52433) slt     s0, a0, t6
core   0: 3 0x80002b78 (0x01f52433) x 8 0x00000000
core   0: 0x80002b7c (0x00000013) nop
core   0: 3 0x80002b7c (0x00000013)
core   0: 0x80002b80 (0x00e76b33) or      s6, a4, a4
core   0: 3 0x80002b80 (0x00e76b33) x22 0x7ec2e991
core   0: 0x80002b84 (0xd7daa693) slti    a3, s5, -643
core   0: 3 0x80002b84 (0xd7daa693) x13 0x00000000
core   0: 0x80002b88 (0xc7937537) lui     a0, 0xc7937
core   0: 3 0x80002b88 (0xc7937537) x10 0xc7937000
core   0: 0x80002b8c (0x9bc57b93) andi    s7, a0, -1604
core   0: 3 0x80002b8c (0x9bc57b93) x23 0xc7937000
core   0: 0x80002b90 (0x7cd87a93) andi    s5, a6, 1997
core   0: 3 0x80002b90 (0x7cd87a93) x21 0x0000028c
core   0: 0x80002b94 (0x00ad4833) xor     a6, s10, a0
core   0: 3 0x80002b94 (0x00ad4833) x16 0xb9519460
core   0: 0x80002b98 (0x009e4333) xor     t1, t3, s1
core   0: 3 0x80002b98 (0x009e4333) x 6 0xdce55ce4
core   0: 0x80002b9c (0x8ad3e713) ori     a4, t2, -1875
core   0: 3 0x80002b9c (0x8ad3e713) x14 0xfffffeed
core   0: 0x80002ba0 (0x008b57b3) srl     a5, s6, s0
core   0: 3 0x80002ba0 (0x008b57b3) x15 0x7ec2e991
core   0: 0x80002ba4 (0x009899b3) sll     s3, a7, s1
core   0: 3 0x80002ba4 (0x009899b3) x19 0x00000000
core   0: 0x80002ba8 (0x41355db3) sra     s11, a0, s3
core   0: 3 0x80002ba8 (0x41355db3) x27 0xc7937000
core   0: 0x80002bac (0x41c555b3) sra     a1, a0, t3
core   0: 3 0x80002bac (0x41c555b3) x11 0xc7937000
core   0: 0x80002bb0 (0x008cd693) srli    a3, s9, 8
core   0: 3 0x80002bb0 (0x008cd693) x13 0x0001ff01
core   0: 0x80002bb4 (0x36bf6a93) ori     s5, t5, 875
core   0: 3 0x80002bb4 (0x36bf6a93) x21 0x0000036f
core   0: 0x80002bb8 (0xcd082993) slti    s3, a6, -816
core   0: 3 0x80002bb8 (0xcd082993) x19 0x00000001
core   0: 0x80002bbc (0x014f77b3) and     a5, t5, s4
core   0: 3 0x80002bbc (0x014f77b3) x15 0x00000200
core   0: 0x80002bc0 (0x009a99b3) sll     s3, s5, s1
core   0: 3 0x80002bc0 (0x009a99b3) x19 0x000036f0
core   0: 0x80002bc4 (0x00c51b33) sll     s6, a0, a2
core   0: 3 0x80002bc4 (0x00c51b33) x22 0x8f26e000
core   0: 0x80002bc8 (0xbe4a7713) andi    a4, s4, -1052
core   0: 3 0x80002bc8 (0xbe4a7713) x14 0x000bfa00
core   0: 0x80002bcc (0x017701b3) add     gp, a4, s7
core   0: 3 0x80002bcc (0x017701b3) x 3 0xc79f6a00
core   0: 0x80002bd0 (0xabcaeb13) ori     s6, s5, -1348
core   0: 3 0x80002bd0 (0xabcaeb13) x22 0xfffffbff
core   0: 0x80002bd4 (0x7934a293) slti    t0, s1, 1939
core   0: 3 0x80002bd4 (0x7934a293) x 5 0x00000001
core   0: 0x80002bd8 (0x7bf5d817) auipc   a6, 0x7bf5d
core   0: 3 0x80002bd8 (0x7bf5d817) x16 0xfbf5fbd8
core   0: 0x80002bdc (0x413ad333) sra     t1, s5, s3
core   0: 3 0x80002bdc (0x413ad333) x 6 0x00000000
core   0: 0x80002be0 (0x41de5713) srai    a4, t3, 29
core   0: 3 0x80002be0 (0x41de5713) x14 0x00000002
core   0: 0x80002be4 (0x01b99733) sll     a4, s3, s11
core   0: 3 0x80002be4 (0x01b99733) x14 0x000036f0
core   0: 0x80002be8 (0x012eac33) slt     s8, t4, s2
core   0: 3 0x80002be8 (0x012eac33) x24 0x00000001
core   0: 0x80002bec (0xb1777893) andi    a7, a4, -1257
core   0: 3 0x80002bec (0xb1777893) x17 0x00003210
core   0: 0x80002bf0 (0x00682433) slt     s0, a6, t1
core   0: 3 0x80002bf0 (0x00682433) x 8 0x00000001
core   0: 0x80002bf4 (0x97566c13) ori     s8, a2, -1675
core   0: 3 0x80002bf4 (0x97566c13) x24 0xfffff975
core   0: 0x80002bf8 (0x001f1b93) slli    s7, t5, 1
core   0: 3 0x80002bf8 (0x001f1b93) x23 0x00000458
core   0: 0x80002bfc (0x01435c93) srli    s9, t1, 20
core   0: 3 0x80002bfc (0x01435c93) x25 0x00000000
core   0: 0x80002c00 (0x4018d833) sra     a6, a7, ra
core   0: 3 0x80002c00 (0x4018d833) x16 0x00000000
core   0: 0x80002c04 (0x0162ed33) or      s10, t0, s6
core   0: 3 0x80002c04 (0x0162ed33) x26 0xfffffbff
core   0: 0x80002c08 (0x41ab0033) sub     zero, s6, s10
core   0: 3 0x80002c08 (0x41ab0033)
core   0: 0x80002c0c (0x29094693) xori    a3, s2, 656
core   0: 3 0x80002c0c (0x29094693) x13 0xffffff6f
core   0: 0x80002c10 (0x414adb13) srai    s6, s5, 20
core   0: 3 0x80002c10 (0x414adb13) x22 0x00000000
core   0: 0x80002c14 (0x00000013) nop
core   0: 3 0x80002c14 (0x00000013)
core   0: 0x80002c18 (0x01111893) slli    a7, sp, 17
core   0: 3 0x80002c18 (0x01111893) x17 0x05180000
core   0: 0x80002c1c (0x00beca33) xor     s4, t4, a1
core   0: 3 0x80002c1c (0x00beca33) x20 0x47922ce4
core   0: 0x80002c20 (0x002c9533) sll     a0, s9, sp
core   0: 3 0x80002c20 (0x002c9533) x10 0x00000000
core   0: 0x80002c24 (0x00000013) nop
core   0: 3 0x80002c24 (0x00000013)
core   0: 0x80002c28 (0x49037613) andi    a2, t1, 1168
core   0: 3 0x80002c28 (0x49037613) x12 0x00000000
core   0: 0x80002c2c (0x00bf6533) or      a0, t5, a1
core   0: 3 0x80002c2c (0x00bf6533) x10 0xc793722c
core   0: 0x80002c30 (0x2fab3b13) sltiu   s6, s6, 762
core   0: 3 0x80002c30 (0x2fab3b13) x22 0x00000001
core   0: 0x80002c34 (0x0157be33) sltu    t3, a5, s5
core   0: 3 0x80002c34 (0x0157be33) x28 0x00000001
core   0: 0x80002c38 (0xb01ffc93) andi    s9, t6, -1279
core   0: 3 0x80002c38 (0xb01ffc93) x25 0xfffff901
core   0: 0x80002c3c (0x40428133) sub     sp, t0, tp
core   0: 3 0x80002c3c (0x40428133) x 2 0x013c6e84
core   0: 0x80002c40 (0x00d59e93) slli    t4, a1, 13
core   0: 3 0x80002c40 (0x00d59e93) x29 0x6e000000
core   0: 0x80002c44 (0x017e82b3) add     t0, t4, s7
core   0: 3 0x80002c44 (0x017e82b3) x 5 0x6e000458
core   0: 0x80002c48 (0x257110b7) lui     ra, 0x25711
core   0: 3 0x80002c48 (0x257110b7) x 1 0x25711000
core   0: 0x80002c4c (0x01036333) or      t1, t1, a6
core   0: 3 0x80002c4c (0x01036333) x 6 0x00000000
core   0: 0x80002c50 (0xf7f4f593) andi    a1, s1, -129
core   0: 3 0x80002c50 (0xf7f4f593) x11 0x80015c64
core   0: 0x80002c54 (0x00d5b833) sltu    a6, a1, a3
core   0: 3 0x80002c54 (0x00d5b833) x16 0x00000001
core   0: 0x80002c58 (0x00761813) slli    a6, a2, 7
core   0: 3 0x80002c58 (0x00761813) x16 0x00000000
core   0: 0x80002c5c (0x40170533) sub     a0, a4, ra
core   0: 3 0x80002c5c (0x40170533) x10 0xda8f26f0
core   0: 0x80002c60 (0x40205593) srai    a1, zero, 2
core   0: 3 0x80002c60 (0x40205593) x11 0x00000000
core   0: 0x80002c64 (0x015dde93) srli    t4, s11, 21
core   0: 3 0x80002c64 (0x015dde93) x29 0x0000063c
core   0: 0x80002c68 (0x003c0833) add     a6, s8, gp
core   0: 3 0x80002c68 (0x003c0833) x16 0xc79f6375
core   0: 0x80002c6c (0x01c99eb3) sll     t4, s3, t3
core   0: 3 0x80002c6c (0x01c99eb3) x29 0x00006de0
core   0: 0x80002c70 (0xade3e313) ori     t1, t2, -1314
core   0: 3 0x80002c70 (0xade3e313) x 6 0xfffffefe
core   0: 0x80002c74 (0x00d58133) add     sp, a1, a3
core   0: 3 0x80002c74 (0x00d58133) x 2 0xffffff6f
core   0: 0x80002c78 (0xbc27f993) andi    s3, a5, -1086
core   0: 3 0x80002c78 (0xbc27f993) x19 0x00000200
core   0: 0x80002c7c (0x00000013) nop
core   0: 3 0x80002c7c (0x00000013)
core   0: 0x80002c80 (0x00072b33) slt     s6, a4, zero
core   0: 3 0x80002c80 (0x00072b33) x22 0x00000000
core   0: 0x80002c84 (0x00000013) nop
core   0: 3 0x80002c84 (0x00000013)
core   0: 0x80002c88 (0x019471b3) and     gp, s0, s9
core   0: 3 0x80002c88 (0x019471b3) x 3 0x00000001
core   0: 0x80002c8c (0x01613fb3) sltu    t6, sp, s6
core   0: 3 0x80002c8c (0x01613fb3) x31 0x00000000
core   0: 0x80002c90 (0x67337813) andi    a6, t1, 1651
core   0: 3 0x80002c90 (0x67337813) x16 0x00000672
core   0: 0x80002c94 (0xc6f1a613) slti    a2, gp, -913
core   0: 3 0x80002c94 (0xc6f1a613) x12 0x00000000
core   0: 0x80002c98 (0x014b7a33) and     s4, s6, s4
core   0: 3 0x80002c98 (0x014b7a33) x20 0x00000000
core   0: 0x80002c9c (0x405658b3) sra     a7, a2, t0
core   0: 3 0x80002c9c (0x405658b3) x17 0x00000000
core   0: 0x80002ca0 (0x8d318893) addi    a7, gp, -1837
core   0: 3 0x80002ca0 (0x8d318893) x17 0xfffff8d4
core   0: 0x80002ca4 (0x55c2e993) ori     s3, t0, 1372
core   0: 3 0x80002ca4 (0x55c2e993) x19 0x6e00055c
core   0: 0x80002ca8 (0xe8a906b7) lui     a3, 0xe8a90
core   0: 3 0x80002ca8 (0xe8a906b7) x13 0xe8a90000
core   0: 0x80002cac (0x01f31d13) slli    s10, t1, 31
core   0: 3 0x80002cac (0x01f31d13) x26 0x00000000
core   0: 0x80002cb0 (0x403888b3) sub     a7, a7, gp
core   0: 3 0x80002cb0 (0x403888b3) x17 0xfffff8d3
core   0: 0x80002cb4 (0x00e19313) slli    t1, gp, 14
core   0: 3 0x80002cb4 (0x00e19313) x 6 0x00004000
core   0: 0x80002cb8 (0x41765d33) sra     s10, a2, s7
core   0: 3 0x80002cb8 (0x41765d33) x26 0x00000000
core   0: 0x80002cbc (0x41c18eb3) sub     t4, gp, t3
core   0: 3 0x80002cbc (0x41c18eb3) x29 0x00000000
core   0: 0x80002cc0 (0x01985c93) srli    s9, a6, 25
core   0: 3 0x80002cc0 (0x01985c93) x25 0x00000000
core   0: 0x80002cc4 (0x00000013) nop
core   0: 3 0x80002cc4 (0x00000013)
core   0: 0x80002cc8 (0x01fb0db3) add     s11, s6, t6
core   0: 3 0x80002cc8 (0x01fb0db3) x27 0x00000000
core   0: 0x80002ccc (0x164bf013) andi    zero, s7, 356
core   0: 3 0x80002ccc (0x164bf013)
core   0: 0x80002cd0 (0x404fd113) srai    sp, t6, 4
core   0: 3 0x80002cd0 (0x404fd113) x 2 0x00000000
core   0: 0x80002cd4 (0x00000013) nop
core   0: 3 0x80002cd4 (0x00000013)
core   0: 0x80002cd8 (0x00000013) nop
core   0: 3 0x80002cd8 (0x00000013)
core   0: 0x80002cdc (0x01cbca33) xor     s4, s7, t3
core   0: 3 0x80002cdc (0x01cbca33) x20 0x00000459
core   0: 0x80002ce0 (0x00e855b3) srl     a1, a6, a4
core   0: 3 0x80002ce0 (0x00e855b3) x11 0x00000000
core   0: 0x80002ce4 (0xde55cb37) lui     s6, 0xde55c
core   0: 3 0x80002ce4 (0xde55cb37) x22 0xde55c000
core   0: 0x80002ce8 (0x246da613) slti    a2, s11, 582
core   0: 3 0x80002ce8 (0x246da613) x12 0x00000001
core   0: 0x80002cec (0xcdf22013) slti    zero, tp, -801
core   0: 3 0x80002cec (0xcdf22013)
core   0: 0x80002cf0 (0x012c3333) sltu    t1, s8, s2
core   0: 3 0x80002cf0 (0x012c3333) x 6 0x00000001
core   0: 0x80002cf4 (0x6f1c8b13) addi    s6, s9, 1777
core   0: 3 0x80002cf4 (0x6f1c8b13) x22 0x000006f1
core   0: 0x80002cf8 (0x01921b33) sll     s6, tp, s9
core   0: 3 0x80002cf8 (0x01921b33) x22 0xfec3917d
core   0: 0x80002cfc (0x00beb733) sltu    a4, t4, a1
core   0: 3 0x80002cfc (0x00beb733) x14 0x00000000
core   0: 0x80002d00 (0xcdd8e513) ori     a0, a7, -803
core   0: 3 0x80002d00 (0xcdd8e513) x10 0xfffffcdf
core   0: 0x80002d04 (0x0c64e293) ori     t0, s1, 198
core   0: 3 0x80002d04 (0x0c64e293) x 5 0x80015ce6
core   0: 0x80002d08 (0xae27f817) auipc   a6, 0xae27f
core   0: 3 0x80002d08 (0xae27f817) x16 0x2e281d08
core   0: 0x80002d0c (0x01f0f633) and     a2, ra, t6
core   0: 3 0x80002d0c (0x01f0f633) x12 0x00000000
core   0: 0x80002d10 (0x0e294913) xori    s2, s2, 226
core   0: 3 0x80002d10 (0x0e294913) x18 0xfffffd1d
core   0: 0x80002d14 (0xfff00b93) li      s7, -1
core   0: 3 0x80002d14 (0xfff00b93) x23 0xffffffff
core   0: 0x80002d18 (0x134a8e37) lui     t3, 0x134a8
core   0: 3 0x80002d18 (0x134a8e37) x28 0x134a8000
core   0: 0x80002d1c (0x4ede0e13) addi    t3, t3, 1261
core   0: 3 0x80002d1c (0x4ede0e13) x28 0x134a84ed
core   0: 0x80002d20 (0xfff00c13) li      s8, -1
core   0: 3 0x80002d20 (0xfff00c13) x24 0xffffffff
core   0: 0x80002d24 (0xfff00113) li      sp, -1
core   0: 3 0x80002d24 (0xfff00113) x 2 0xffffffff
core   0: 0x80002d28 (0x00000193) li      gp, 0
core   0: 3 0x80002d28 (0x00000193) x 3 0x00000000
core   0: 0x80002d2c (0x00000c93) li      s9, 0
core   0: 3 0x80002d2c (0x00000c93) x25 0x00000000
core   0: 0x80002d30 (0x00000f13) li      t5, 0
core   0: 3 0x80002d30 (0x00000f13) x30 0x00000000
core   0: 0x80002d34 (0x80000937) lui     s2, 0x80000
core   0: 3 0x80002d34 (0x80000937) x18 0x80000000
core   0: 0x80002d38 (0xfff00093) li      ra, -1
core   0: 3 0x80002d38 (0xfff00093) x 1 0xffffffff
core   0: 0x80002d3c (0xfff00713) li      a4, -1
core   0: 3 0x80002d3c (0xfff00713) x14 0xffffffff
core   0: 0x80002d40 (0x16608b93) addi    s7, ra, 358
core   0: 3 0x80002d40 (0x16608b93) x23 0x00000165
core   0: 0x80002d44 (0x15337097) auipc   ra, 0x15337
core   0: 3 0x80002d44 (0x15337097) x 1 0x95339d44
core   0: 0x80002d48 (0x26476bb7) lui     s7, 0x26476
core   0: 3 0x80002d48 (0x26476bb7) x23 0x26476000
core   0: 0x80002d4c (0xc9d93f37) lui     t5, 0xc9d93
core   0: 3 0x80002d4c (0xc9d93f37) x30 0xc9d93000
core   0: 0x80002d50 (0x3f9c8113) addi    sp, s9, 1017
core   0: 3 0x80002d50 (0x3f9c8113) x 2 0x000003f9
core   0: 0x80002d54 (0x412c8cb3) sub     s9, s9, s2
core   0: 3 0x80002d54 (0x412c8cb3) x25 0x80000000
core   0: 0x80002d58 (0x9fcf0b93) addi    s7, t5, -1540
core   0: 3 0x80002d58 (0x9fcf0b93) x23 0xc9d929fc
core   0: 0x80002d5c (0x3a0c0713) addi    a4, s8, 928
core   0: 3 0x80002d5c (0x3a0c0713) x14 0x0000039f
core   0: 0x80002d60 (0x4089ee17) auipc   t3, 0x4089e
core   0: 3 0x80002d60 (0x4089ee17) x28 0xc08a0d60
core   0: 0x80002d64 (0xff01b117) auipc   sp, 0xff01b
core   0: 3 0x80002d64 (0xff01b117) x 2 0x7f01dd64
core   0: 0x80002d68 (0x40290f33) sub     t5, s2, sp
core   0: 3 0x80002d68 (0x40290f33) x30 0x00fe229c
core   0: 0x80002d6c (0x00000013) nop
core   0: 3 0x80002d6c (0x00000013)
core   0: 0x80002d70 (0x417100b3) sub     ra, sp, s7
core   0: 3 0x80002d70 (0x417100b3) x 1 0xb528b368
core   0: 0x80002d74 (0x00000013) nop
core   0: 3 0x80002d74 (0x00000013)
core   0: 0x80002d78 (0x418f0f33) sub     t5, t5, s8
core   0: 3 0x80002d78 (0x418f0f33) x30 0x00fe229d
core   0: 0x80002d7c (0x91c25e17) auipc   t3, 0x91c25
core   0: 3 0x80002d7c (0x91c25e17) x28 0x11c27d7c
core   0: 0x80002d80 (0x403c8733) sub     a4, s9, gp
core   0: 3 0x80002d80 (0x403c8733) x14 0x80000000
core   0: 0x80002d84 (0xc6c2d097) auipc   ra, 0xc6c2d
core   0: 3 0x80002d84 (0xc6c2d097) x 1 0x46c2fd84
core   0: 0x80002d88 (0x417e0933) sub     s2, t3, s7
core   0: 3 0x80002d88 (0x417e0933) x18 0x47e95380
core   0: 0x80002d8c (0xf51c8b93) addi    s7, s9, -175
core   0: 3 0x80002d8c (0xf51c8b93) x23 0x7fffff51
core   0: 0x80002d90 (0x00000013) nop
core   0: 3 0x80002d90 (0x00000013)
core   0: 0x80002d94 (0x662c0913) addi    s2, s8, 1634
core   0: 3 0x80002d94 (0x662c0913) x18 0x00000661
core   0: 0x80002d98 (0x00589793) slli    a5, a7, 5
core   0: 3 0x80002d98 (0x00589793) x15 0xffff1a60
core   0: 0x80002d9c (0x013ddbb3) srl     s7, s11, s3
core   0: 3 0x80002d9c (0x013ddbb3) x23 0x00000000
core   0: 0x80002da0 (0x63cc7713) andi    a4, s8, 1596
core   0: 3 0x80002da0 (0x63cc7713) x14 0x0000063c
core   0: 0x80002da4 (0xe419a293) slti    t0, s3, -447
core   0: 3 0x80002da4 (0xe419a293) x 5 0x00000000
core   0: 0x80002da8 (0x01481033) sll     zero, a6, s4
core   0: 3 0x80002da8 (0x01481033)
core   0: 0x80002dac (0x118b0c13) addi    s8, s6, 280
core   0: 3 0x80002dac (0x118b0c13) x24 0xfec39295
core   0: 0x80002db0 (0x01326eb3) or      t4, tp, s3
core   0: 3 0x80002db0 (0x01326eb3) x29 0xfec3957d
core   0: 0x80002db4 (0x00deb6b3) sltu    a3, t4, a3
core   0: 3 0x80002db4 (0x00deb6b3) x13 0x00000000
core   0: 0x80002db8 (0x15190913) addi    s2, s2, 337
core   0: 3 0x80002db8 (0x15190913) x18 0x000007b2
core   0: 0x80002dbc (0x010f9533) sll     a0, t6, a6
core   0: 3 0x80002dbc (0x010f9533) x10 0x00000000
core   0: 0x80002dc0 (0x40ed8933) sub     s2, s11, a4
core   0: 3 0x80002dc0 (0x40ed8933) x18 0xfffff9c4
core   0: 0x80002dc4 (0x01b53b33) sltu    s6, a0, s11
core   0: 3 0x80002dc4 (0x01b53b33) x22 0x00000000
core   0: 0x80002dc8 (0xe520d937) lui     s2, 0xe520d
core   0: 3 0x80002dc8 (0xe520d937) x18 0xe520d000
core   0: 0x80002dcc (0x01545793) srli    a5, s0, 21
core   0: 3 0x80002dcc (0x01545793) x15 0x00000000
core   0: 0x80002dd0 (0xe0b03193) sltiu   gp, zero, -501
core   0: 3 0x80002dd0 (0xe0b03193) x 3 0x00000001
core   0: 0x80002dd4 (0x0104cab3) xor     s5, s1, a6
core   0: 3 0x80002dd4 (0x0104cab3) x21 0xae2941ec
core   0: 0x80002dd8 (0x31911637) lui     a2, 0x31911
core   0: 3 0x80002dd8 (0x31911637) x12 0x31911000
core   0: 0x80002ddc (0x269b0e93) addi    t4, s6, 617
core   0: 3 0x80002ddc (0x269b0e93) x29 0x00000269
core   0: 0x80002de0 (0x00245893) srli    a7, s0, 2
core   0: 3 0x80002de0 (0x00245893) x17 0x00000000
core   0: 0x80002de4 (0x40425633) sra     a2, tp, tp
core   0: 3 0x80002de4 (0x40425633) x12 0xffffffff
core   0: 0x80002de8 (0x00602b33) slt     s6, zero, t1
core   0: 3 0x80002de8 (0x00602b33) x22 0x00000001
core   0: 0x80002dec (0x00718633) add     a2, gp, t2
core   0: 3 0x80002dec (0x00718633) x12 0x80011e65
core   0: 0x80002df0 (0x3c388793) addi    a5, a7, 963
core   0: 3 0x80002df0 (0x3c388793) x15 0x000003c3
core   0: 0x80002df4 (0x013935b3) sltu    a1, s2, s3
core   0: 3 0x80002df4 (0x013935b3) x11 0x00000000
core   0: 0x80002df8 (0x0136fbb3) and     s7, a3, s3
core   0: 3 0x80002df8 (0x0136fbb3) x23 0x00000000
core   0: 0x80002dfc (0x0142bcb3) sltu    s9, t0, s4
core   0: 3 0x80002dfc (0x0142bcb3) x25 0x00000001
core   0: 0x80002e00 (0x00d51c33) sll     s8, a0, a3
core   0: 3 0x80002e00 (0x00d51c33) x24 0x00000000
core   0: 0x80002e04 (0x00dcd133) srl     sp, s9, a3
core   0: 3 0x80002e04 (0x00dcd133) x 2 0x00000001
core   0: 0x80002e08 (0x007bf7b3) and     a5, s7, t2
core   0: 3 0x80002e08 (0x007bf7b3) x15 0x00000000
core   0: 0x80002e0c (0x70f48d13) addi    s10, s1, 1807
core   0: 3 0x80002e0c (0x70f48d13) x26 0x800163f3
core   0: 0x80002e10 (0x0179a6b3) slt     a3, s3, s7
core   0: 3 0x80002e10 (0x0179a6b3) x13 0x00000000
core   0: 0x80002e14 (0x403a8633) sub     a2, s5, gp
core   0: 3 0x80002e14 (0x403a8633) x12 0xae2941eb
core   0: 0x80002e18 (0x000fba33) sltu    s4, t6, zero
core   0: 3 0x80002e18 (0x000fba33) x20 0x00000000
core   0: 0x80002e1c (0x1f003613) sltiu   a2, zero, 496
core   0: 3 0x80002e1c (0x1f003613) x12 0x00000001
core   0: 0x80002e20 (0x54b93bb7) lui     s7, 0x54b93
core   0: 3 0x80002e20 (0x54b93bb7) x23 0x54b93000
core   0: 0x80002e24 (0x01679013) slli    zero, a5, 22
core   0: 3 0x80002e24 (0x01679013)
core   0: 0x80002e28 (0x00f308b3) add     a7, t1, a5
core   0: 3 0x80002e28 (0x00f308b3) x17 0x00000001
core   0: 0x80002e2c (0x00d8ffb3) and     t6, a7, a3
core   0: 3 0x80002e2c (0x00d8ffb3) x31 0x00000000
core   0: 0x80002e30 (0x0016d013) srli    zero, a3, 1
core   0: 3 0x80002e30 (0x0016d013)
core   0: 0x80002e34 (0x41b08433) sub     s0, ra, s11
core   0: 3 0x80002e34 (0x41b08433) x 8 0x46c2fd84
core   0: 0x80002e38 (0x013140b3) xor     ra, sp, s3
core   0: 3 0x80002e38 (0x013140b3) x 1 0x6e00055d
core   0: 0x80002e3c (0x013d32b3) sltu    t0, s10, s3
core   0: 3 0x80002e3c (0x013d32b3) x 5 0x00000000
core   0: 0x80002e40 (0x81d2ad93) slti    s11, t0, -2019
core   0: 3 0x80002e40 (0x81d2ad93) x27 0x00000000
core   0: 0x80002e44 (0x3b498e93) addi    t4, s3, 948
core   0: 3 0x80002e44 (0x3b498e93) x29 0x6e000910
core   0: 0x80002e48 (0xae6ab693) sltiu   a3, s5, -1306
core   0: 3 0x80002e48 (0xae6ab693) x13 0x00000001
core   0: 0x80002e4c (0x400bd933) sra     s2, s7, zero
core   0: 3 0x80002e4c (0x400bd933) x18 0x54b93000
core   0: 0x80002e50 (0x02e12b13) slti    s6, sp, 46
core   0: 3 0x80002e50 (0x02e12b13) x22 0x00000001
core   0: 0x80002e54 (0x41d802b3) sub     t0, a6, t4
core   0: 3 0x80002e54 (0x41d802b3) x 5 0xc02813f8
core   0: 0x80002e58 (0x00ef61b3) or      gp, t5, a4
core   0: 3 0x80002e58 (0x00ef61b3) x 3 0x00fe26bd
core   0: 0x80002e5c (0x01ccea33) or      s4, s9, t3
core   0: 3 0x80002e5c (0x01ccea33) x20 0x11c27d7d
core   0: 0x80002e60 (0xdbc43613) sltiu   a2, s0, -580
core   0: 3 0x80002e60 (0xdbc43613) x12 0x00000001
core   0: 0x80002e64 (0x0012a2b3) slt     t0, t0, ra
core   0: 3 0x80002e64 (0x0012a2b3) x 5 0x00000001
core   0: 0x80002e68 (0x41435e93) srai    t4, t1, 20
core   0: 3 0x80002e68 (0x41435e93) x29 0x00000000
core   0: 0x80002e6c (0x019b5db3) srl     s11, s6, s9
core   0: 3 0x80002e6c (0x019b5db3) x27 0x00000000
core   0: 0x80002e70 (0xef13a413) slti    s0, t2, -271
core   0: 3 0x80002e70 (0xef13a413) x 8 0x00000001
core   0: 0x80002e74 (0xb61002b7) lui     t0, 0xb6100
core   0: 3 0x80002e74 (0xb61002b7) x 5 0xb6100000
core   0: 0x80002e78 (0x400d5813) srai    a6, s10, 0
core   0: 3 0x80002e78 (0x400d5813) x16 0x800163f3
core   0: 0x80002e7c (0xae1faf37) lui     t5, 0xae1fa
core   0: 3 0x80002e7c (0xae1faf37) x30 0xae1fa000
core   0: 0x80002e80 (0x00f882b3) add     t0, a7, a5
core   0: 3 0x80002e80 (0x00f882b3) x 5 0x00000001
core   0: 0x80002e84 (0x001c6333) or      t1, s8, ra
core   0: 3 0x80002e84 (0x001c6333) x 6 0x6e00055d
core   0: 0x80002e88 (0x000715b3) sll     a1, a4, zero
core   0: 3 0x80002e88 (0x000715b3) x11 0x0000063c
core   0: 0x80002e8c (0x413e8533) sub     a0, t4, s3
core   0: 3 0x80002e8c (0x413e8533) x10 0x91fffaa4
core   0: 0x80002e90 (0x4149dc93) srai    s9, s3, 20
core   0: 3 0x80002e90 (0x4149dc93) x25 0x000006e0
core   0: 0x80002e94 (0x8dc8ca97) auipc   s5, 0x8dc8c
core   0: 3 0x80002e94 (0x8dc8ca97) x21 0x0dc8ee94
core   0: 0x80002e98 (0x01491a33) sll     s4, s2, s4
core   0: 3 0x80002e98 (0x01491a33) x20 0x00000000
core   0: 0x80002e9c (0x00223633) sltu    a2, tp, sp
core   0: 3 0x80002e9c (0x00223633) x12 0x00000000
core   0: 0x80002ea0 (0x8ba6a013) slti    zero, a3, -1862
core   0: 3 0x80002ea0 (0x8ba6a013)
core   0: 0x80002ea4 (0x0112df93) srli    t6, t0, 17
core   0: 3 0x80002ea4 (0x0112df93) x31 0x00000000
core   0: 0x80002ea8 (0x001dcd33) xor     s10, s11, ra
core   0: 3 0x80002ea8 (0x001dcd33) x26 0x6e00055d
core   0: 0x80002eac (0x01875a33) srl     s4, a4, s8
core   0: 3 0x80002eac (0x01875a33) x20 0x0000063c
core   0: 0x80002eb0 (0x00000013) nop
core   0: 3 0x80002eb0 (0x00000013)
core   0: 0x80002eb4 (0x4fb92f93) slti    t6, s2, 1275
core   0: 3 0x80002eb4 (0x4fb92f93) x31 0x00000000
core   0: 0x80002eb8 (0x36d46993) ori     s3, s0, 877
core   0: 3 0x80002eb8 (0x36d46993) x19 0x0000036d
core   0: 0x80002ebc (0xe5cda1b7) lui     gp, 0xe5cda
core   0: 3 0x80002ebc (0xe5cda1b7) x 3 0xe5cda000
core   0: 0x80002ec0 (0xe014c593) xori    a1, s1, -511
core   0: 3 0x80002ec0 (0xe014c593) x11 0x7ffea2e5
core   0: 0x80002ec4 (0x00e9d1b3) srl     gp, s3, a4
core   0: 3 0x80002ec4 (0x00e9d1b3) x 3 0x00000000
core   0: 0x80002ec8 (0x0005ecb3) or      s9, a1, zero
core   0: 3 0x80002ec8 (0x0005ecb3) x25 0x7ffea2e5
core   0: 0x80002ecc (0x41ed89b3) sub     s3, s11, t5
core   0: 3 0x80002ecc (0x41ed89b3) x19 0x51e06000
core   0: 0x80002ed0 (0x40405f93) srai    t6, zero, 4
core   0: 3 0x80002ed0 (0x40405f93) x31 0x00000000
core   0: 0x80002ed4 (0x8939b893) sltiu   a7, s3, -1901
core   0: 3 0x80002ed4 (0x8939b893) x17 0x00000001
core   0: 0x80002ed8 (0x003026b3) slt     a3, zero, gp
core   0: 3 0x80002ed8 (0x003026b3) x13 0x00000000
core   0: 0x80002edc (0x07a591b7) lui     gp, 0x7a59
core   0: 3 0x80002edc (0x07a591b7) x 3 0x07a59000
core   0: 0x80002ee0 (0x2d886713) ori     a4, a6, 728
core   0: 3 0x80002ee0 (0x2d886713) x14 0x800163fb
core   0: 0x80002ee4 (0xd4f51a37) lui     s4, 0xd4f51
core   0: 3 0x80002ee4 (0xd4f51a37) x20 0xd4f51000
core   0: 0x80002ee8 (0x11c7f593) andi    a1, a5, 284
core   0: 3 0x80002ee8 (0x11c7f593) x11 0x00000000
core   0: 0x80002eec (0x01dcb7b3) sltu    a5, s9, t4
core   0: 3 0x80002eec (0x01dcb7b3) x15 0x00000000
core   0: 0x80002ef0 (0x01fb67b3) or      a5, s6, t6
core   0: 3 0x80002ef0 (0x01fb67b3) x15 0x00000001
core   0: 0x80002ef4 (0x41170bb3) sub     s7, a4, a7
core   0: 3 0x80002ef4 (0x41170bb3) x23 0x800163fa
core   0: 0x80002ef8 (0x017a7a33) and     s4, s4, s7
core   0: 3 0x80002ef8 (0x017a7a33) x20 0x80010000
core   0: 0x80002efc (0x00000013) nop
core   0: 3 0x80002efc (0x00000013)
core   0: 0x80002f00 (0x0080a0b3) slt     ra, ra, s0
core   0: 3 0x80002f00 (0x0080a0b3) x 1 0x00000000
core   0: 0x80002f04 (0x00208cb3) add     s9, ra, sp
core   0: 3 0x80002f04 (0x00208cb3) x25 0x00000001
core   0: 0x80002f08 (0x01b232b3) sltu    t0, tp, s11
core   0: 3 0x80002f08 (0x01b232b3) x 5 0x00000000
core   0: 0x80002f0c (0x704c8317) auipc   t1, 0x704c8
core   0: 3 0x80002f0c (0x704c8317) x 6 0xf04caf0c
core   0: 0x80002f10 (0x00949f13) slli    t5, s1, 9
core   0: 3 0x80002f10 (0x00949f13) x30 0x02b9c800
core   0: 0x80002f14 (0x00000013) nop
core   0: 3 0x80002f14 (0x00000013)
core   0: 0x80002f18 (0x55ed7f13) andi    t5, s10, 1374
core   0: 3 0x80002f18 (0x55ed7f13) x30 0x0000055c
core   0: 0x80002f1c (0x4170d513) srai    a0, ra, 23
core   0: 3 0x80002f1c (0x4170d513) x10 0x00000000
core   0: 0x80002f20 (0x01c81e33) sll     t3, a6, t3
core   0: 3 0x80002f20 (0x01c81e33) x28 0x30000000
core   0: 0x80002f24 (0x744fef13) ori     t5, t6, 1860
core   0: 3 0x80002f24 (0x744fef13) x30 0x00000744
core   0: 0x80002f28 (0x4cb7be93) sltiu   t4, a5, 1227
core   0: 3 0x80002f28 (0x4cb7be93) x29 0x00000001
core   0: 0x80002f2c (0x014c9b93) slli    s7, s9, 20
core   0: 3 0x80002f2c (0x014c9b93) x23 0x00100000
core   0: 0x80002f30 (0x40265e93) srai    t4, a2, 2
core   0: 3 0x80002f30 (0x40265e93) x29 0x00000000
core   0: 0x80002f34 (0x0156f333) and     t1, a3, s5
core   0: 3 0x80002f34 (0x0156f333) x 6 0x00000000
core   0: 0x80002f38 (0xfc63a093) slti    ra, t2, -58
core   0: 3 0x80002f38 (0xfc63a093) x 1 0x00000001
core   0: 0x80002f3c (0x89f8e593) ori     a1, a7, -1889
core   0: 3 0x80002f3c (0x89f8e593) x11 0xfffff89f
core   0: 0x80002f40 (0x400457b3) sra     a5, s0, zero
core   0: 3 0x80002f40 (0x400457b3) x15 0x00000001
core   0: 0x80002f44 (0xa4ed9417) auipc   s0, 0xa4ed9
core   0: 3 0x80002f44 (0xa4ed9417) x 8 0x24edbf44
core   0: 0x80002f48 (0x9014fe13) andi    t3, s1, -1791
core   0: 3 0x80002f48 (0x9014fe13) x28 0x80015800
core   0: 0x80002f4c (0x935b7517) auipc   a0, 0x935b7
core   0: 3 0x80002f4c (0x935b7517) x10 0x135b9f4c
core   0: 0x80002f50 (0x01471e13) slli    t3, a4, 20
core   0: 3 0x80002f50 (0x01471e13) x28 0x3fb00000
core   0: 0x80002f54 (0xf4337d93) andi    s11, t1, -189
core   0: 3 0x80002f54 (0xf4337d93) x27 0x00000000
core   0: 0x80002f58 (0x2fc08713) addi    a4, ra, 764
core   0: 3 0x80002f58 (0x2fc08713) x14 0x000002fd
core   0: 0x80002f5c (0x410a5713) srai    a4, s4, 16
core   0: 3 0x80002f5c (0x410a5713) x14 0xffff8001
core   0: 0x80002f60 (0x00e1a533) slt     a0, gp, a4
core   0: 3 0x80002f60 (0x00e1a533) x10 0x00000000
core   0: 0x80002f64 (0x400ed033) sra     zero, t4, zero
core   0: 3 0x80002f64 (0x400ed033)
core   0: 0x80002f68 (0x015ed1b3) srl     gp, t4, s5
core   0: 3 0x80002f68 (0x015ed1b3) x 3 0x00000000
core   0: 0x80002f6c (0x01759fb3) sll     t6, a1, s7
core   0: 3 0x80002f6c (0x01759fb3) x31 0xfffff89f
core   0: 0x80002f70 (0x01d25593) srli    a1, tp, 29
core   0: 3 0x80002f70 (0x01d25593) x11 0x00000007
core   0: 0x80002f74 (0x0032bbb3) sltu    s7, t0, gp
core   0: 3 0x80002f74 (0x0032bbb3) x23 0x00000000
core   0: 0x80002f78 (0x400ddb33) sra     s6, s11, zero
core   0: 3 0x80002f78 (0x400ddb33) x22 0x00000000
core   0: 0x80002f7c (0xc04b3c13) sltiu   s8, s6, -1020
core   0: 3 0x80002f7c (0xc04b3c13) x24 0x00000001
core   0: 0x80002f80 (0x59ae8693) addi    a3, t4, 1434
core   0: 3 0x80002f80 (0x59ae8693) x13 0x0000059a
core   0: 0x80002f84 (0x69d38093) addi    ra, t2, 1693
core   0: 3 0x80002f84 (0x69d38093) x 1 0x80012501
core   0: 0x80002f88 (0x78a3bc93) sltiu   s9, t2, 1930
core   0: 3 0x80002f88 (0x78a3bc93) x25 0x00000000
core   0: 0x80002f8c (0x0193aeb3) slt     t4, t2, s9
core   0: 3 0x80002f8c (0x0193aeb3) x29 0x00000001
core   0: 0x80002f90 (0x40d5d033) sra     zero, a1, a3
core   0: 3 0x80002f90 (0x40d5d033)
core   0: 0x80002f94 (0x0165fb33) and     s6, a1, s6
core   0: 3 0x80002f94 (0x0165fb33) x22 0x00000000
core   0: 0x80002f98 (0x01e69b13) slli    s6, a3, 30
core   0: 3 0x80002f98 (0x01e69b13) x22 0x80000000
core   0: 0x80002f9c (0xd7363597) auipc   a1, 0xd7363
core   0: 3 0x80002f9c (0xd7363597) x11 0x57365f9c
core   0: 0x80002fa0 (0x006010b3) sll     ra, zero, t1
core   0: 3 0x80002fa0 (0x006010b3) x 1 0x00000000
core   0: 0x80002fa4 (0x01d8db13) srli    s6, a7, 29
core   0: 3 0x80002fa4 (0x01d8db13) x22 0x00000000
core   0: 0x80002fa8 (0x01a42513) slti    a0, s0, 26
core   0: 3 0x80002fa8 (0x01a42513) x10 0x00000000
core   0: 0x80002fac (0x40a4dab3) sra     s5, s1, a0
core   0: 3 0x80002fac (0x40a4dab3) x21 0x80015ce4
core   0: 0x80002fb0 (0x00f8d2b3) srl     t0, a7, a5
core   0: 3 0x80002fb0 (0x00f8d2b3) x 5 0x00000000
core   0: 0x80002fb4 (0x00331513) slli    a0, t1, 3
core   0: 3 0x80002fb4 (0x00331513) x10 0x00000000
core   0: 0x80002fb8 (0x0197d133) srl     sp, a5, s9
core   0: 3 0x80002fb8 (0x0197d133) x 2 0x00000001
core   0: 0x80002fbc (0x01c20fb3) add     t6, tp, t3
core   0: 3 0x80002fbc (0x01c20fb3) x31 0x3e73917d
core   0: 0x80002fc0 (0x692086b7) lui     a3, 0x69208
core   0: 3 0x80002fc0 (0x692086b7) x13 0x69208000
core   0: 0x80002fc4 (0x0055f533) and     a0, a1, t0
core   0: 3 0x80002fc4 (0x0055f533) x10 0x00000000
core   0: 0x80002fc8 (0xd63fea93) ori     s5, t6, -669
core   0: 3 0x80002fc8 (0xd63fea93) x21 0xfffffd7f
core   0: 0x80002fcc (0x27f0ea13) ori     s4, ra, 639
core   0: 3 0x80002fcc (0x27f0ea13) x20 0x0000027f
core   0: 0x80002fd0 (0x01ce2d33) slt     s10, t3, t3
core   0: 3 0x80002fd0 (0x01ce2d33) x26 0x00000000
core   0: 0x80002fd4 (0x001bb7b3) sltu    a5, s7, ra
core   0: 3 0x80002fd4 (0x001bb7b3) x15 0x00000000
core   0: 0x80002fd8 (0x01b09c33) sll     s8, ra, s11
core   0: 3 0x80002fd8 (0x01b09c33) x24 0x00000000
core   0: 0x80002fdc (0x009de933) or      s2, s11, s1
core   0: 3 0x80002fdc (0x009de933) x18 0x80015ce4
core   0: 0x80002fe0 (0x83706013) ori     zero, zero, -1993
core   0: 3 0x80002fe0 (0x83706013)
core   0: 0x80002fe4 (0x0166dc13) srli    s8, a3, 22
core   0: 3 0x80002fe4 (0x0166dc13) x24 0x000001a4
core   0: 0x80002fe8 (0x41afdc93) srai    s9, t6, 26
core   0: 3 0x80002fe8 (0x41afdc93) x25 0x0000000f
core   0: 0x80002fec (0x01781413) slli    s0, a6, 23
core   0: 3 0x80002fec (0x01781413) x 8 0xf9800000
core   0: 0x80002ff0 (0x40025713) srai    a4, tp, 0
core   0: 3 0x80002ff0 (0x40025713) x14 0xfec3917d
core   0: 0x80002ff4 (0x0167dd13) srli    s10, a5, 22
core   0: 3 0x80002ff4 (0x0167dd13) x26 0x00000000
core   0: 0x80002ff8 (0x40ec5d13) srai    s10, s8, 14
core   0: 3 0x80002ff8 (0x40ec5d13) x26 0x00000000
core   0: 0x80002ffc (0x0124c1b3) xor     gp, s1, s2
core   0: 3 0x80002ffc (0x0124c1b3) x 3 0x00000000
core   0: 0x80003000 (0x003f5f33) srl     t5, t5, gp
core   0: 3 0x80003000 (0x003f5f33) x30 0x00000744
core   0: 0x80003004 (0x01d39593) slli    a1, t2, 29
core   0: 3 0x80003004 (0x01d39593) x11 0x80000000
core   0: 0x80003008 (0x186f3f13) sltiu   t5, t5, 390
core   0: 3 0x80003008 (0x186f3f13) x30 0x00000000
core   0: 0x8000300c (0x593ace13) xori    t3, s5, 1427
core   0: 3 0x8000300c (0x593ace13) x28 0xfffff8ec
core   0: 0x80003010 (0x88007317) auipc   t1, 0x88007
core   0: 3 0x80003010 (0x88007317) x 6 0x0800a010
core   0: 0x80003014 (0x019f18b3) sll     a7, t5, s9
core   0: 3 0x80003014 (0x019f18b3) x17 0x00000000
core   0: 0x80003018 (0x3df50f93) addi    t6, a0, 991
core   0: 3 0x80003018 (0x3df50f93) x31 0x000003df
core   0: 0x8000301c (0x40a5d333) sra     t1, a1, a0
core   0: 3 0x8000301c (0x40a5d333) x 6 0x80000000
core   0: 0x80003020 (0x016a9a93) slli    s5, s5, 22
core   0: 3 0x80003020 (0x016a9a93) x21 0x5fc00000
core   0: 0x80003024 (0x13a88b93) addi    s7, a7, 314
core   0: 3 0x80003024 (0x13a88b93) x23 0x0000013a
core   0: 0x80003028 (0x00e91a13) slli    s4, s2, 14
core   0: 3 0x80003028 (0x00e91a13) x20 0x57390000
core   0: 0x8000302c (0xfd572813) slti    a6, a4, -43
core   0: 3 0x8000302c (0xfd572813) x16 0x00000001
core   0: 0x80003030 (0xbc956013) ori     zero, a0, -1079
core   0: 3 0x80003030 (0xbc956013)
core   0: 0x80003034 (0xb856b313) sltiu   t1, a3, -1147
core   0: 3 0x80003034 (0xb856b313) x 6 0x00000001
core   0: 0x80003038 (0x40608fb3) sub     t6, ra, t1
core   0: 3 0x80003038 (0x40608fb3) x31 0xffffffff
core   0: 0x8000303c (0x19142317) auipc   t1, 0x19142
core   0: 3 0x8000303c (0x19142317) x 6 0x9914503c
core   0: 0x80003040 (0x0060c433) xor     s0, ra, t1
core   0: 3 0x80003040 (0x0060c433) x 8 0x9914503c
core   0: 0x80003044 (0x195aae13) slti    t3, s5, 405
core   0: 3 0x80003044 (0x195aae13) x28 0x00000000
core   0: 0x80003048 (0x01eaa1b3) slt     gp, s5, t5
core   0: 3 0x80003048 (0x01eaa1b3) x 3 0x00000000
core   0: 0x8000304c (0x00000013) nop
core   0: 3 0x8000304c (0x00000013)
core   0: 0x80003050 (0x01049f93) slli    t6, s1, 16
core   0: 3 0x80003050 (0x01049f93) x31 0x5ce40000
core   0: 0x80003054 (0x0f3a7c17) auipc   s8, 0xf3a7
core   0: 3 0x80003054 (0x0f3a7c17) x24 0x8f3aa054
core   0: 0x80003058 (0x005fa5b3) slt     a1, t6, t0
core   0: 3 0x80003058 (0x005fa5b3) x11 0x00000000
core   0: 0x8000305c (0x27802797) auipc   a5, 0x27802
core   0: 3 0x8000305c (0x27802797) x15 0xa780505c
core   0: 0x80003060 (0x01274333) xor     t1, a4, s2
core   0: 3 0x80003060 (0x01274333) x 6 0x7ec2cd99
core   0: 0x80003064 (0x00f5f2b3) and     t0, a1, a5
core   0: 3 0x80003064 (0x00f5f2b3) x 5 0x00000000
core   0: 0x80003068 (0x002d4c33) xor     s8, s10, sp
core   0: 3 0x80003068 (0x002d4c33) x24 0x00000001
core   0: 0x8000306c (0x00000013) nop
core   0: 3 0x8000306c (0x00000013)
core   0: 0x80003070 (0x00b44033) xor     zero, s0, a1
core   0: 3 0x80003070 (0x00b44033)
core   0: 0x80003074 (0x01e62ab3) slt     s5, a2, t5
core   0: 3 0x80003074 (0x01e62ab3) x21 0x00000000
core   0: 0x80003078 (0x01dcb033) sltu    zero, s9, t4
core   0: 3 0x80003078 (0x01dcb033)
core   0: 0x8000307c (0x0188d933) srl     s2, a7, s8
core   0: 3 0x8000307c (0x0188d933) x18 0x00000000
core   0: 0x80003080 (0x9b1dc513) xori    a0, s11, -1615
core   0: 3 0x80003080 (0x9b1dc513) x10 0xfffff9b1
core   0: 0x80003084 (0x009ff7b3) and     a5, t6, s1
core   0: 3 0x80003084 (0x009ff7b3) x15 0x00000000
core   0: 0x80003088 (0x0083d2b3) srl     t0, t2, s0
core   0: 3 0x80003088 (0x0083d2b3) x 5 0x00000008
core   0: 0x8000308c (0xc96fed93) ori     s11, t6, -874
core   0: 3 0x8000308c (0xc96fed93) x27 0xfffffc96
core   0: 0x80003090 (0x019a6033) or      zero, s4, s9
core   0: 3 0x80003090 (0x019a6033)
core   0: 0x80003094 (0x010a5013) srli    zero, s4, 16
core   0: 3 0x80003094 (0x010a5013)
core   0: 0x80003098 (0x644d5a97) auipc   s5, 0x644d5
core   0: 3 0x80003098 (0x644d5a97) x21 0xe44d8098
core   0: 0x8000309c (0x00bb3d33) sltu    s10, s6, a1
core   0: 3 0x8000309c (0x00bb3d33) x26 0x00000000
core   0: 0x800030a0 (0x01e15193) srli    gp, sp, 30
core   0: 3 0x800030a0 (0x01e15193) x 3 0x00000000
core   0: 0x800030a4 (0x00c99b13) slli    s6, s3, 12
core   0: 3 0x800030a4 (0x00c99b13) x22 0x06000000
core   0: 0x800030a8 (0x0179adb3) slt     s11, s3, s7
core   0: 3 0x800030a8 (0x0179adb3) x27 0x00000000
core   0: 0x800030ac (0xcef602b7) lui     t0, 0xcef60
core   0: 3 0x800030ac (0xcef602b7) x 5 0xcef60000
core   0: 0x800030b0 (0x66aced13) ori     s10, s9, 1642
core   0: 3 0x800030b0 (0x66aced13) x26 0x0000066f
core   0: 0x800030b4 (0x8dbd2d93) slti    s11, s10, -1829
core   0: 3 0x800030b4 (0x8dbd2d93) x27 0x00000000
core   0: 0x800030b8 (0x40430633) sub     a2, t1, tp
core   0: 3 0x800030b8 (0x40430633) x12 0x7fff3c1c
core   0: 0x800030bc (0xd3792713) slti    a4, s2, -713
core   0: 3 0x800030bc (0xd3792713) x14 0x00000000
core   0: 0x800030c0 (0x4169d893) srai    a7, s3, 22
core   0: 3 0x800030c0 (0x4169d893) x17 0x00000147
core   0: 0x800030c4 (0xfec4e293) ori     t0, s1, -20
core   0: 3 0x800030c4 (0xfec4e293) x 5 0xffffffec
core   0: 0x800030c8 (0xd8285db7) lui     s11, 0xd8285
core   0: 3 0x800030c8 (0xd8285db7) x27 0xd8285000
core   0: 0x800030cc (0x88153f37) lui     t5, 0x88153
core   0: 3 0x800030cc (0x88153f37) x30 0x88153000
core   0: 0x800030d0 (0x00000013) nop
core   0: 3 0x800030d0 (0x00000013)
core   0: 0x800030d4 (0x08a8cf13) xori    t5, a7, 138
core   0: 3 0x800030d4 (0x08a8cf13) x30 0x000001cd
core   0: 0x800030d8 (0x40fcbd93) sltiu   s11, s9, 1039
core   0: 3 0x800030d8 (0x40fcbd93) x27 0x00000001
core   0: 0x800030dc (0x39d90193) addi    gp, s2, 925
core   0: 3 0x800030dc (0x39d90193) x 3 0x0000039d
core   0: 0x800030e0 (0x9d5dda97) auipc   s5, 0x9d5dd
core   0: 3 0x800030e0 (0x9d5dda97) x21 0x1d5e00e0
core   0: 0x800030e4 (0x004a1513) slli    a0, s4, 4
core   0: 3 0x800030e4 (0x004a1513) x10 0x73900000
core   0: 0x800030e8 (0x00efa033) slt     zero, t6, a4
core   0: 3 0x800030e8 (0x00efa033)
core   0: 0x800030ec (0x0e1f8b93) addi    s7, t6, 225
core   0: 3 0x800030ec (0x0e1f8b93) x23 0x5ce400e1
core   0: 0x800030f0 (0x00543db3) sltu    s11, s0, t0
core   0: 3 0x800030f0 (0x00543db3) x27 0x00000001
core   0: 0x800030f4 (0xd55ae513) ori     a0, s5, -683
core   0: 3 0x800030f4 (0xd55ae513) x10 0xfffffdf5
core   0: 0x800030f8 (0x00e60733) add     a4, a2, a4
core   0: 3 0x800030f8 (0x00e60733) x14 0x7fff3c1c
core   0: 0x800030fc (0x34e56413) ori     s0, a0, 846
core   0: 3 0x800030fc (0x34e56413) x 8 0xffffffff
core   0: 0x80003100 (0x4188d713) srai    a4, a7, 24
core   0: 3 0x80003100 (0x4188d713) x14 0x00000000
core   0: 0x80003104 (0xf51fe037) lui     zero, 0xf51fe
core   0: 3 0x80003104 (0xf51fe037)
core   0: 0x80003108 (0x327c7797) auipc   a5, 0x327c7
core   0: 3 0x80003108 (0x327c7797) x15 0xb27ca108
core   0: 0x8000310c (0x99152b13) slti    s6, a0, -1647
core   0: 3 0x8000310c (0x99152b13) x22 0x00000000
core   0: 0x80003110 (0x019af1b3) and     gp, s5, s9
core   0: 3 0x80003110 (0x019af1b3) x 3 0x00000000
core   0: 0x80003114 (0x11a882b7) lui     t0, 0x11a88
core   0: 3 0x80003114 (0x11a882b7) x 5 0x11a88000
core   0: 0x80003118 (0x019657b3) srl     a5, a2, s9
core   0: 3 0x80003118 (0x019657b3) x15 0x0000fffe
core   0: 0x8000311c (0x01a4bc33) sltu    s8, s1, s10
core   0: 3 0x8000311c (0x01a4bc33) x24 0x00000000
core   0: 0x80003120 (0x0027feb3) and     t4, a5, sp
core   0: 3 0x80003120 (0x0027feb3) x29 0x00000000
core   0: 0x80003124 (0x417ed6b3) sra     a3, t4, s7
core   0: 3 0x80003124 (0x417ed6b3) x13 0x00000000
core   0: 0x80003128 (0x5b477593) andi    a1, a4, 1460
core   0: 3 0x80003128 (0x5b477593) x11 0x00000000
core   0: 0x8000312c (0x004fb9b3) sltu    s3, t6, tp
core   0: 3 0x8000312c (0x004fb9b3) x19 0x00000001
core   0: 0x80003130 (0xd59d2613) slti    a2, s10, -679
core   0: 3 0x80003130 (0xd59d2613) x12 0x00000000
core   0: 0x80003134 (0x011a3b33) sltu    s6, s4, a7
core   0: 3 0x80003134 (0x011a3b33) x22 0x00000000
core   0: 0x80003138 (0x40efd833) sra     a6, t6, a4
core   0: 3 0x80003138 (0x40efd833) x16 0x5ce40000
core   0: 0x8000313c (0x24362b97) auipc   s7, 0x24362
core   0: 3 0x8000313c (0x24362b97) x23 0xa436513c
core   0: 0x80003140 (0x00a829b3) slt     s3, a6, a0
core   0: 3 0x80003140 (0x00a829b3) x19 0x00000000
core   0: 0x80003144 (0x553fec93) ori     s9, t6, 1363
core   0: 3 0x80003144 (0x553fec93) x25 0x5ce40553
core   0: 0x80003148 (0x2dde7793) andi    a5, t3, 733
core   0: 3 0x80003148 (0x2dde7793) x15 0x00000000
core   0: 0x8000314c (0x416607b3) sub     a5, a2, s6
core   0: 3 0x8000314c (0x416607b3) x15 0x00000000
core   0: 0x80003150 (0x00548533) add     a0, s1, t0
core   0: 3 0x80003150 (0x00548533) x10 0x91a9dce4
core   0: 0x80003154 (0x002eacb3) slt     s9, t4, sp
core   0: 3 0x80003154 (0x002eacb3) x25 0x00000001
core   0: 0x80003158 (0x0037e833) or      a6, a5, gp
core   0: 3 0x80003158 (0x0037e833) x16 0x00000000
core   0: 0x8000315c (0x011db733) sltu    a4, s11, a7
core   0: 3 0x8000315c (0x011db733) x14 0x00000001
core   0: 0x80003160 (0x694d2b93) slti    s7, s10, 1684
core   0: 3 0x80003160 (0x694d2b93) x23 0x00000001
core   0: 0x80003164 (0x002f1d93) slli    s11, t5, 2
core   0: 3 0x80003164 (0x002f1d93) x27 0x00000734
core   0: 0x80003168 (0x496be793) ori     a5, s7, 1174
core   0: 3 0x80003168 (0x496be793) x15 0x00000497
core   0: 0x8000316c (0x0096b5b3) sltu    a1, a3, s1
core   0: 3 0x8000316c (0x0096b5b3) x11 0x00000001
core   0: 0x80003170 (0xe37ce293) ori     t0, s9, -457
core   0: 3 0x80003170 (0xe37ce293) x 5 0xfffffe37
core   0: 0x80003174 (0x14883093) sltiu   ra, a6, 328
core   0: 3 0x80003174 (0x14883093) x 1 0x00000001
core   0: 0x80003178 (0x00229933) sll     s2, t0, sp
core   0: 3 0x80003178 (0x00229933) x18 0xfffffc6e
core   0: 0x8000317c (0x010190b3) sll     ra, gp, a6
core   0: 3 0x8000317c (0x010190b3) x 1 0x00000000
core   0: 0x80003180 (0xa28f0c93) addi    s9, t5, -1496
core   0: 3 0x80003180 (0xa28f0c93) x25 0xfffffbf5
core   0: 0x80003184 (0x00bd5d33) srl     s10, s10, a1
core   0: 3 0x80003184 (0x00bd5d33) x26 0x00000337
core   0: 0x80003188 (0x014712b3) sll     t0, a4, s4
core   0: 3 0x80003188 (0x014712b3) x 5 0x00000001
core   0: 0x8000318c (0x40badf13) srai    t5, s5, 11
core   0: 3 0x8000318c (0x40badf13) x30 0x0003abc0
core   0: 0x80003190 (0x00cc78b3) and     a7, s8, a2
core   0: 3 0x80003190 (0x00cc78b3) x17 0x00000000
core   0: 0x80003194 (0x00be3033) sltu    zero, t3, a1
core   0: 3 0x80003194 (0x00be3033)
core   0: 0x80003198 (0x915ee293) ori     t0, t4, -1771
core   0: 3 0x80003198 (0x915ee293) x 5 0xfffff915
core   0: 0x8000319c (0xb2e62917) auipc   s2, 0xb2e62
core   0: 3 0x8000319c (0xb2e62917) x18 0x32e6519c
core   0: 0x800031a0 (0x9ed9bb13) sltiu   s6, s3, -1555
core   0: 3 0x800031a0 (0x9ed9bb13) x22 0x00000001
core   0: 0x800031a4 (0x018e7cb3) and     s9, t3, s8
core   0: 3 0x800031a4 (0x018e7cb3) x25 0x00000000
core   0: 0x800031a8 (0x008755b3) srl     a1, a4, s0
core   0: 3 0x800031a8 (0x008755b3) x11 0x00000000
core   0: 0x800031ac (0x0037a8b3) slt     a7, a5, gp
core   0: 3 0x800031ac (0x0037a8b3) x17 0x00000000
core   0: 0x800031b0 (0x3292e817) auipc   a6, 0x3292e
core   0: 3 0x800031b0 (0x3292e817) x16 0xb29311b0
core   0: 0x800031b4 (0x00780e33) add     t3, a6, t2
core   0: 3 0x800031b4 (0x00780e33) x28 0x32943014
core   0: 0x800031b8 (0xed32e513) ori     a0, t0, -301
core   0: 3 0x800031b8 (0xed32e513) x10 0xffffffd7
core   0: 0x800031bc (0x68c98317) auipc   t1, 0x68c98
core   0: 3 0x800031bc (0x68c98317) x 6 0xe8c9b1bc
core   0: 0x800031c0 (0x013b9fb3) sll     t6, s7, s3
core   0: 3 0x800031c0 (0x013b9fb3) x31 0x00000001
core   0: 0x800031c4 (0x0095d733) srl     a4, a1, s1
core   0: 3 0x800031c4 (0x0095d733) x14 0x00000000
core   0: 0x800031c8 (0x01af9a33) sll     s4, t6, s10
core   0: 3 0x800031c8 (0x01af9a33) x20 0x00800000
core   0: 0x800031cc (0x000da133) slt     sp, s11, zero
core   0: 3 0x800031cc (0x000da133) x 2 0x00000000
core   0: 0x800031d0 (0x00d37033) and     zero, t1, a3
core   0: 3 0x800031d0 (0x00d37033)
core   0: 0x800031d4 (0x00a63ab3) sltu    s5, a2, a0
core   0: 3 0x800031d4 (0x00a63ab3) x21 0x00000001
core   0: 0x800031d8 (0x017b70b3) and     ra, s6, s7
core   0: 3 0x800031d8 (0x017b70b3) x 1 0x00000001
core   0: 0x800031dc (0x69a34b93) xori    s7, t1, 1690
core   0: 3 0x800031dc (0x69a34b93) x23 0xe8c9b726
core   0: 0x800031e0 (0x01f742b3) xor     t0, a4, t6
core   0: 3 0x800031e0 (0x01f742b3) x 5 0x00000001
core   0: 0x800031e4 (0x5452ca13) xori    s4, t0, 1349
core   0: 3 0x800031e4 (0x5452ca13) x20 0x00000544
core   0: 0x800031e8 (0x00ec8a33) add     s4, s9, a4
core   0: 3 0x800031e8 (0x00ec8a33) x20 0x00000000
core   0: 0x800031ec (0x00000013) nop
core   0: 3 0x800031ec (0x00000013)
core   0: 0x800031f0 (0xc2447313) andi    t1, s0, -988
core   0: 3 0x800031f0 (0xc2447313) x 6 0xfffffc24
core   0: 0x800031f4 (0x00000013) nop
core   0: 3 0x800031f4 (0x00000013)
core   0: 0x800031f8 (0x34ac3f13) sltiu   t5, s8, 842
core   0: 3 0x800031f8 (0x34ac3f13) x30 0x00000001
core   0: 0x800031fc (0x01f25093) srli    ra, tp, 31
core   0: 3 0x800031fc (0x01f25093) x 1 0x00000001
core   0: 0x80003200 (0x40a98bb3) sub     s7, s3, a0
core   0: 3 0x80003200 (0x40a98bb3) x23 0x00000029
core   0: 0x80003204 (0x986e2d37) lui     s10, 0x986e2
core   0: 3 0x80003204 (0x986e2d37) x26 0x986e2000
core   0: 0x80003208 (0x009de0b3) or      ra, s11, s1
core   0: 3 0x80003208 (0x009de0b3) x 1 0x80015ff4
core   0: 0x8000320c (0xf6706893) ori     a7, zero, -153
core   0: 3 0x8000320c (0xf6706893) x17 0xffffff67
core   0: 0x80003210 (0x019435b3) sltu    a1, s0, s9
core   0: 3 0x80003210 (0x019435b3) x11 0x00000000
core   0: 0x80003214 (0x018048b3) xor     a7, zero, s8
core   0: 3 0x80003214 (0x018048b3) x17 0x00000000
core   0: 0x80003218 (0x000fb333) sltu    t1, t6, zero
core   0: 3 0x80003218 (0x000fb333) x 6 0x00000000
core   0: 0x8000321c (0x00000013) nop
core   0: 3 0x8000321c (0x00000013)
core   0: 0x80003220 (0x0069d533) srl     a0, s3, t1
core   0: 3 0x80003220 (0x0069d533) x10 0x00000000
core   0: 0x80003224 (0x00659a13) slli    s4, a1, 6
core   0: 3 0x80003224 (0x00659a13) x20 0x00000000
core   0: 0x80003228 (0x462e4117) auipc   sp, 0x462e4
core   0: 3 0x80003228 (0x462e4117) x 2 0xc62e7228
core   0: 0x8000322c (0x24d7b913) sltiu   s2, a5, 589
core   0: 3 0x8000322c (0x24d7b913) x18 0x00000000
core   0: 0x80003230 (0x005bc833) xor     a6, s7, t0
core   0: 3 0x80003230 (0x005bc833) x16 0x00000028
core   0: 0x80003234 (0x007f1313) slli    t1, t5, 7
core   0: 3 0x80003234 (0x007f1313) x 6 0x00000080
core   0: 0x80003238 (0x0b2af193) andi    gp, s5, 178
core   0: 3 0x80003238 (0x0b2af193) x 3 0x00000000
core   0: 0x8000323c (0xf9764fb7) lui     t6, 0xf9764
core   0: 3 0x8000323c (0xf9764fb7) x31 0xf9764000
core   0: 0x80003240 (0x40c489b3) sub     s3, s1, a2
core   0: 3 0x80003240 (0x40c489b3) x19 0x80015ce4
core   0: 0x80003244 (0x01595813) srli    a6, s2, 21
core   0: 3 0x80003244 (0x01595813) x16 0x00000000
core   0: 0x80003248 (0x00498ab3) add     s5, s3, tp
core   0: 3 0x80003248 (0x00498ab3) x21 0x7ec4ee61
core   0: 0x8000324c (0xebccfa93) andi    s5, s9, -324
core   0: 3 0x8000324c (0xebccfa93) x21 0x00000000
core   0: 0x80003250 (0x00000013) nop
core   0: 3 0x80003250 (0x00000013)
core   0: 0x80003254 (0x6d2d6e13) ori     t3, s10, 1746
core   0: 3 0x80003254 (0x6d2d6e13) x28 0x986e26d2
core   0: 0x80003258 (0xf3f13093) sltiu   ra, sp, -193
core   0: 3 0x80003258 (0xf3f13093) x 1 0x00000001
core   0: 0x8000325c (0x40ef5033) sra     zero, t5, a4
core   0: 3 0x8000325c (0x40ef5033)
core   0: 0x80003260 (0x02c27093) andi    ra, tp, 44
core   0: 3 0x80003260 (0x02c27093) x 1 0x0000002c
core   0: 0x80003264 (0x00d5d113) srli    sp, a1, 13
core   0: 3 0x80003264 (0x00d5d113) x 2 0x00000000
core   0: 0x80003268 (0x01faca33) xor     s4, s5, t6
core   0: 3 0x80003268 (0x01faca33) x20 0xf9764000
core   0: 0x8000326c (0x00f3a333) slt     t1, t2, a5
core   0: 3 0x8000326c (0x00f3a333) x 6 0x00000001
core   0: 0x80003270 (0x00000013) nop
core   0: 3 0x80003270 (0x00000013)
core   0: 0x80003274 (0x017590b3) sll     ra, a1, s7
core   0: 3 0x80003274 (0x017590b3) x 1 0x00000000
core   0: 0x80003278 (0x00a70f33) add     t5, a4, a0
core   0: 3 0x80003278 (0x00a70f33) x30 0x00000000
core   0: 0x8000327c (0x461d4793) xori    a5, s10, 1121
core   0: 3 0x8000327c (0x461d4793) x15 0x986e2461
core   0: 0x80003280 (0x4145de13) srai    t3, a1, 20
core   0: 3 0x80003280 (0x4145de13) x28 0x00000000
core   0: 0x80003284 (0x40530d33) sub     s10, t1, t0
core   0: 3 0x80003284 (0x40530d33) x26 0x00000000
core   0: 0x80003288 (0xedfbcc93) xori    s9, s7, -289
core   0: 3 0x80003288 (0xedfbcc93) x25 0xfffffef6
core   0: 0x8000328c (0x00c0c2b3) xor     t0, ra, a2
core   0: 3 0x8000328c (0x00c0c2b3) x 5 0x00000000
core   0: 0x80003290 (0x011c0833) add     a6, s8, a7
core   0: 3 0x80003290 (0x011c0833) x16 0x00000000
core   0: 0x80003294 (0x41cf5633) sra     a2, t5, t3
core   0: 3 0x80003294 (0x41cf5633) x12 0x00000000
core   0: 0x80003298 (0x015d5593) srli    a1, s10, 21
core   0: 3 0x80003298 (0x015d5593) x11 0x00000000
core   0: 0x8000329c (0xae1be813) ori     a6, s7, -1311
core   0: 3 0x8000329c (0xae1be813) x16 0xfffffae9
core   0: 0x800032a0 (0x00bc4c33) xor     s8, s8, a1
core   0: 3 0x800032a0 (0x00bc4c33) x24 0x00000000
core   0: 0x800032a4 (0x006faeb3) slt     t4, t6, t1
core   0: 3 0x800032a4 (0x006faeb3) x29 0x00000001
core   0: 0x800032a8 (0x8ab14193) xori    gp, sp, -1877
core   0: 3 0x800032a8 (0x8ab14193) x 3 0xfffff8ab
core   0: 0x800032ac (0x00c50733) add     a4, a0, a2
core   0: 3 0x800032ac (0x00c50733) x14 0x00000000
core   0: 0x800032b0 (0x00cbf933) and     s2, s7, a2
core   0: 3 0x800032b0 (0x00cbf933) x18 0x00000000
core   0: 0x800032b4 (0x7d966f13) ori     t5, a2, 2009
core   0: 3 0x800032b4 (0x7d966f13) x30 0x000007d9
core   0: 0x800032b8 (0xe0d00893) li      a7, -499
core   0: 3 0x800032b8 (0xe0d00893) x17 0xfffffe0d
core   0: 0x800032bc (0x00334bb3) xor     s7, t1, gp
core   0: 3 0x800032bc (0x00334bb3) x23 0xfffff8aa
core   0: 0x800032c0 (0x237e7037) lui     zero, 0x237e7
core   0: 3 0x800032c0 (0x237e7037)
core   0: 0x800032c4 (0x8e6ebb93) sltiu   s7, t4, -1818
core   0: 3 0x800032c4 (0x8e6ebb93) x23 0x00000001
core   0: 0x800032c8 (0x012bda33) srl     s4, s7, s2
core   0: 3 0x800032c8 (0x012bda33) x20 0x00000001
core   0: 0x800032cc (0x0139a333) slt     t1, s3, s3
core   0: 3 0x800032cc (0x0139a333) x 6 0x00000000
core   0: 0x800032d0 (0x40048cb3) sub     s9, s1, zero
core   0: 3 0x800032d0 (0x40048cb3) x25 0x80015ce4
core   0: 0x800032d4 (0x01625fb3) srl     t6, tp, s6
core   0: 3 0x800032d4 (0x01625fb3) x31 0x7f61c8be
core   0: 0x800032d8 (0x3e350517) auipc   a0, 0x3e350
core   0: 3 0x800032d8 (0x3e350517) x10 0xbe3532d8
core   0: 0x800032dc (0x01b20133) add     sp, tp, s11
core   0: 3 0x800032dc (0x01b20133) x 2 0xfec398b1
core   0: 0x800032e0 (0x00000013) nop
core   0: 3 0x800032e0 (0x00000013)
core   0: 0x800032e4 (0x7c646d13) ori     s10, s0, 1990
core   0: 3 0x800032e4 (0x7c646d13) x26 0xffffffff
core   0: 0x800032e8 (0x01026333) or      t1, tp, a6
core   0: 3 0x800032e8 (0x01026333) x 6 0xfffffbfd
core   0: 0x800032ec (0x0069e333) or      t1, s3, t1
core   0: 3 0x800032ec (0x0069e333) x 6 0xfffffffd
core   0: 0x800032f0 (0x01b795b3) sll     a1, a5, s11
core   0: 3 0x800032f0 (0x01b795b3) x11 0x46100000
core   0: 0x800032f4 (0x00061ab3) sll     s5, a2, zero
core   0: 3 0x800032f4 (0x00061ab3) x21 0x00000000
core   0: 0x800032f8 (0x4575ef13) ori     t5, a1, 1111
core   0: 3 0x800032f8 (0x4575ef13) x30 0x46100457
core   0: 0x800032fc (0x0073e9b3) or      s3, t2, t2
core   0: 3 0x800032fc (0x0073e9b3) x19 0x80011e64
core   0: 0x80003300 (0x8c54ae13) slti    t3, s1, -1851
core   0: 3 0x80003300 (0x8c54ae13) x28 0x00000001
core   0: 0x80003304 (0x01fb4633) xor     a2, s6, t6
core   0: 3 0x80003304 (0x01fb4633) x12 0x7f61c8bf
core   0: 0x80003308 (0x1e85c897) auipc   a7, 0x1e85c
core   0: 3 0x80003308 (0x1e85c897) x17 0x9e85f308
core   0: 0x8000330c (0x01555913) srli    s2, a0, 21
core   0: 3 0x8000330c (0x01555913) x18 0x000005f1
core   0: 0x80003310 (0x4113d633) sra     a2, t2, a7
core   0: 3 0x80003310 (0x4113d633) x12 0xff80011e
core   0: 0x80003314 (0x74ae2c93) slti    s9, t3, 1866
core   0: 3 0x80003314 (0x74ae2c93) x25 0x00000001
core   0: 0x80003318 (0x06444e17) auipc   t3, 0x6444
core   0: 3 0x80003318 (0x06444e17) x28 0x86447318
core   0: 0x8000331c (0x0029d313) srli    t1, s3, 2
core   0: 3 0x8000331c (0x0029d313) x 6 0x20004799
core   0: 0x80003320 (0xca8df613) andi    a2, s11, -856
core   0: 3 0x80003320 (0xca8df613) x12 0x00000420
core   0: 0x80003324 (0x00e091b3) sll     gp, ra, a4
core   0: 3 0x80003324 (0x00e091b3) x 3 0x00000000
core   0: 0x80003328 (0xf878b017) auipc   zero, 0xf878b
core   0: 3 0x80003328 (0xf878b017)
core   0: 0x8000332c (0x00ca60b3) or      ra, s4, a2
core   0: 3 0x8000332c (0x00ca60b3) x 1 0x00000421
core   0: 0x80003330 (0x01b31a93) slli    s5, t1, 27
core   0: 3 0x80003330 (0x01b31a93) x21 0xc8000000
core   0: 0x80003334 (0x004fe1b3) or      gp, t6, tp
core   0: 3 0x80003334 (0x004fe1b3) x 3 0xffe3d9ff
core   0: 0x80003338 (0x00d9adb3) slt     s11, s3, a3
core   0: 3 0x80003338 (0x00d9adb3) x27 0x00000001
core   0: 0x8000333c (0xf0003993) sltiu   s3, zero, -256
core   0: 3 0x8000333c (0xf0003993) x19 0x00000001
core   0: 0x80003340 (0xd8e17093) andi    ra, sp, -626
core   0: 3 0x80003340 (0xd8e17093) x 1 0xfec39880
core   0: 0x80003344 (0x405b0133) sub     sp, s6, t0
core   0: 3 0x80003344 (0x405b0133) x 2 0x00000001
core   0: 0x80003348 (0xd6676293) ori     t0, a4, -666
core   0: 3 0x80003348 (0xd6676293) x 5 0xfffffd66
core   0: 0x8000334c (0x4195ddb3) sra     s11, a1, s9
core   0: 3 0x8000334c (0x4195ddb3) x27 0x23080000
core   0: 0x80003350 (0xbe170313) addi    t1, a4, -1055
core   0: 3 0x80003350 (0xbe170313) x 6 0xfffffbe1
core   0: 0x80003354 (0xf13f8f93) addi    t6, t6, -237
core   0: 3 0x80003354 (0xf13f8f93) x31 0x7f61c7d1
core   0: 0x80003358 (0x018312b3) sll     t0, t1, s8
core   0: 3 0x80003358 (0x018312b3) x 5 0xfffffbe1
core   0: 0x8000335c (0x01505033) srl     zero, zero, s5
core   0: 3 0x8000335c (0x01505033)
core   0: 0x80003360 (0x825ba0b7) lui     ra, 0x825ba
core   0: 3 0x80003360 (0x825ba0b7) x 1 0x825ba000
core   0: 0x80003364 (0x6a293093) sltiu   ra, s2, 1698
core   0: 3 0x80003364 (0x6a293093) x 1 0x00000001
core   0: 0x80003368 (0x416e8e33) sub     t3, t4, s6
core   0: 3 0x80003368 (0x416e8e33) x28 0x00000000
core   0: 0x8000336c (0x00b18333) add     t1, gp, a1
core   0: 3 0x8000336c (0x00b18333) x 6 0x45f3d9ff
core   0: 0x80003370 (0x00767c33) and     s8, a2, t2
core   0: 3 0x80003370 (0x00767c33) x24 0x00000420
core   0: 0x80003374 (0x017e2733) slt     a4, t3, s7
core   0: 3 0x80003374 (0x017e2733) x14 0x00000001
core   0: 0x80003378 (0x85e3cb37) lui     s6, 0x85e3c
core   0: 3 0x80003378 (0x85e3cb37) x22 0x85e3c000
core   0: 0x8000337c (0x5e66ba93) sltiu   s5, a3, 1510
core   0: 3 0x8000337c (0x5e66ba93) x21 0x00000001
core   0: 0x80003380 (0x019cc133) xor     sp, s9, s9
core   0: 3 0x80003380 (0x019cc133) x 2 0x00000000
core   0: 0x80003384 (0x00095bb3) srl     s7, s2, zero
core   0: 3 0x80003384 (0x00095bb3) x23 0x000005f1
core   0: 0x80003388 (0x00859d13) slli    s10, a1, 8
core   0: 3 0x80003388 (0x00859d13) x26 0x10000000
core   0: 0x8000338c (0xc4ad4293) xori    t0, s10, -950
core   0: 3 0x8000338c (0xc4ad4293) x 5 0xeffffc4a
core   0: 0x80003390 (0x017a89b3) add     s3, s5, s7
core   0: 3 0x80003390 (0x017a89b3) x19 0x000005f2
core   0: 0x80003394 (0x017f1733) sll     a4, t5, s7
core   0: 3 0x80003394 (0x017f1733) x14 0x08ae0000
core   0: 0x80003398 (0x0197e2b3) or      t0, a5, s9
core   0: 3 0x80003398 (0x0197e2b3) x 5 0x986e2461
core   0: 0x8000339c (0x0107feb3) and     t4, a5, a6
core   0: 3 0x8000339c (0x0107feb3) x29 0x986e2061
core   0: 0x800033a0 (0xf4816c97) auipc   s9, 0xf4816
core   0: 3 0x800033a0 (0xf4816c97) x25 0x748193a0
core   0: 0x800033a4 (0x4150a093) slti    ra, ra, 1045
core   0: 3 0x800033a4 (0x4150a093) x 1 0x00000001
core   0: 0x800033a8 (0x00db4cb3) xor     s9, s6, a3
core   0: 3 0x800033a8 (0x00db4cb3) x25 0x85e3c000
core   0: 0x800033ac (0x6631b793) sltiu   a5, gp, 1635
core   0: 3 0x800033ac (0x6631b793) x15 0x00000000
core   0: 0x800033b0 (0x0121d793) srli    a5, gp, 18
core   0: 3 0x800033b0 (0x0121d793) x15 0x00003ff8
core   0: 0x800033b4 (0x014b3a33) sltu    s4, s6, s4
core   0: 3 0x800033b4 (0x014b3a33) x20 0x00000000
core   0: 0x800033b8 (0xbb568593) addi    a1, a3, -1099
core   0: 3 0x800033b8 (0xbb568593) x11 0xfffffbb5
core   0: 0x800033bc (0x4842adb7) lui     s11, 0x4842a
core   0: 3 0x800033bc (0x4842adb7) x27 0x4842a000
core   0: 0x800033c0 (0x017f5f33) srl     t5, t5, s7
core   0: 3 0x800033c0 (0x017f5f33) x30 0x00002308
core   0: 0x800033c4 (0x009e60b3) or      ra, t3, s1
core   0: 3 0x800033c4 (0x009e60b3) x 1 0x80015ce4
core   0: 0x800033c8 (0x00ec1ab3) sll     s5, s8, a4
core   0: 3 0x800033c8 (0x00ec1ab3) x21 0x00000420
core   0: 0x800033cc (0x9256e1b7) lui     gp, 0x9256e
core   0: 3 0x800033cc (0x9256e1b7) x 3 0x9256e000
core   0: 0x800033d0 (0x01cb1d93) slli    s11, s6, 28
core   0: 3 0x800033d0 (0x01cb1d93) x27 0x00000000
core   0: 0x800033d4 (0x41fed813) srai    a6, t4, 31
core   0: 3 0x800033d4 (0x41fed813) x16 0xffffffff
core   0: 0x800033d8 (0x00844e33) xor     t3, s0, s0
core   0: 3 0x800033d8 (0x00844e33) x28 0x00000000
core   0: 0x800033dc (0x0005abb3) slt     s7, a1, zero
core   0: 3 0x800033dc (0x0005abb3) x23 0x00000001
core   0: 0x800033e0 (0x411a5fb3) sra     t6, s4, a7
core   0: 3 0x800033e0 (0x411a5fb3) x31 0x00000000
core   0: 0x800033e4 (0x0166d693) srli    a3, a3, 22
core   0: 3 0x800033e4 (0x0166d693) x13 0x00000000
core   0: 0x800033e8 (0x002d4833) xor     a6, s10, sp
core   0: 3 0x800033e8 (0x002d4833) x16 0x10000000
core   0: 0x800033ec (0x01e71193) slli    gp, a4, 30
core   0: 3 0x800033ec (0x01e71193) x 3 0x00000000
core   0: 0x800033f0 (0x417a55b3) sra     a1, s4, s7
core   0: 3 0x800033f0 (0x417a55b3) x11 0x00000000
core   0: 0x800033f4 (0x00000013) nop
core   0: 3 0x800033f4 (0x00000013)
core   0: 0x800033f8 (0xa6706e97) auipc   t4, 0xa6706
core   0: 3 0x800033f8 (0xa6706e97) x29 0x267093f8
core   0: 0x800033fc (0x015e1e13) slli    t3, t3, 21
core   0: 3 0x800033fc (0x015e1e13) x28 0x00000000
core   0: 0x80003400 (0x19794f13) xori    t5, s2, 407
core   0: 3 0x80003400 (0x19794f13) x30 0x00000466
core   0: 0x80003404 (0x414b5b13) srai    s6, s6, 20
core   0: 3 0x80003404 (0x414b5b13) x22 0xfffff85e
core   0: 0x80003408 (0x0135bfb3) sltu    t6, a1, s3
core   0: 3 0x80003408 (0x0135bfb3) x31 0x00000001
core   0: 0x8000340c (0xcb2c0037) lui     zero, 0xcb2c0
core   0: 3 0x8000340c (0xcb2c0037)
core   0: 0x80003410 (0x82972593) slti    a1, a4, -2007
core   0: 3 0x80003410 (0x82972593) x11 0x00000000
core   0: 0x80003414 (0x01259d13) slli    s10, a1, 18
core   0: 3 0x80003414 (0x01259d13) x26 0x00000000
core   0: 0x80003418 (0x01f04333) xor     t1, zero, t6
core   0: 3 0x80003418 (0x01f04333) x 6 0x00000001
core   0: 0x8000341c (0xf35d8c97) auipc   s9, 0xf35d8
core   0: 3 0x8000341c (0xf35d8c97) x25 0x735db41c
core   0: 0x80003420 (0x59b8afb7) lui     t6, 0x59b8a
core   0: 3 0x80003420 (0x59b8afb7) x31 0x59b8a000
core   0: 0x80003424 (0x6a3dbb13) sltiu   s6, s11, 1699
core   0: 3 0x80003424 (0x6a3dbb13) x22 0x00000001
core   0: 0x80003428 (0x01d5c133) xor     sp, a1, t4
core   0: 3 0x80003428 (0x01d5c133) x 2 0x267093f8
core   0: 0x8000342c (0x00000013) nop
core   0: 3 0x8000342c (0x00000013)
core   0: 0x80003430 (0x01a21db3) sll     s11, tp, s10
core   0: 3 0x80003430 (0x01a21db3) x27 0xfec3917d
core   0: 0x80003434 (0xcbc8e313) ori     t1, a7, -836
core   0: 3 0x80003434 (0xcbc8e313) x 6 0xffffffbc
core   0: 0x80003438 (0x00061c13) slli    s8, a2, 0
core   0: 3 0x80003438 (0x00061c13) x24 0x00000420
core   0: 0x8000343c (0xbff87ab7) lui     s5, 0xbff87
core   0: 3 0x8000343c (0xbff87ab7) x21 0xbff87000
core   0: 0x80003440 (0x01820933) add     s2, tp, s8
core   0: 3 0x80003440 (0x01820933) x18 0xfec3959d
core   0: 0x80003444 (0x0081e633) or      a2, gp, s0
core   0: 3 0x80003444 (0x0081e633) x12 0xffffffff
core   0: 0x80003448 (0x01c90833) add     a6, s2, t3
core   0: 3 0x80003448 (0x01c90833) x16 0xfec3959d
core   0: 0x8000344c (0x013dda93) srli    s5, s11, 19
core   0: 3 0x8000344c (0x013dda93) x21 0x00001fd8
core   0: 0x80003450 (0xacc83593) sltiu   a1, a6, -1332
core   0: 3 0x80003450 (0xacc83593) x11 0x00000001
core   0: 0x80003454 (0x3fe92093) slti    ra, s2, 1022
core   0: 3 0x80003454 (0x3fe92093) x 1 0x00000001
core   0: 0x80003458 (0x01945813) srli    a6, s0, 25
core   0: 3 0x80003458 (0x01945813) x16 0x0000007f
core   0: 0x8000345c (0xb4526913) ori     s2, tp, -1211
core   0: 3 0x8000345c (0xb4526913) x18 0xfffffb7d
core   0: 0x80003460 (0x0cb9fa93) andi    s5, s3, 203
core   0: 3 0x80003460 (0x0cb9fa93) x21 0x000000c2
core   0: 0x80003464 (0x41f95c93) srai    s9, s2, 31
core   0: 3 0x80003464 (0x41f95c93) x25 0xffffffff
core   0: 0x80003468 (0x40bad593) srai    a1, s5, 11
core   0: 3 0x80003468 (0x40bad593) x11 0x00000000
core   0: 0x8000346c (0xa7d38793) addi    a5, t2, -1411
core   0: 3 0x8000346c (0xa7d38793) x15 0x800118e1
core   0: 0x80003470 (0xe36cfc93) andi    s9, s9, -458
core   0: 3 0x80003470 (0xe36cfc93) x25 0xfffffe36
core   0: 0x80003474 (0x00825893) srli    a7, tp, 8
core   0: 3 0x80003474 (0x00825893) x17 0x00fec391
core   0: 0x80003478 (0x00c7fb33) and     s6, a5, a2
core   0: 3 0x80003478 (0x00c7fb33) x22 0x800118e1
core   0: 0x8000347c (0x1f548197) auipc   gp, 0x1f548
core   0: 3 0x8000347c (0x1f548197) x 3 0x9f54b47c
core   0: 0x80003480 (0x0a2a2f93) slti    t6, s4, 162
core   0: 3 0x80003480 (0x0a2a2f93) x31 0x00000001
core   0: 0x80003484 (0x01efffb3) and     t6, t6, t5
core   0: 3 0x80003484 (0x01efffb3) x31 0x00000000
core   0: 0x80003488 (0x74152f93) slti    t6, a0, 1857
core   0: 3 0x80003488 (0x74152f93) x31 0x00000001
core   0: 0x8000348c (0x00000013) nop
core   0: 3 0x8000348c (0x00000013)
core   0: 0x80003490 (0x85b0f8b7) lui     a7, 0x85b0f
core   0: 3 0x80003490 (0x85b0f8b7) x17 0x85b0f000
core   0: 0x80003494 (0x1634a693) slti    a3, s1, 355
core   0: 3 0x80003494 (0x1634a693) x13 0x00000001
core   0: 0x80003498 (0xa482ac17) auipc   s8, 0xa482a
core   0: 3 0x80003498 (0xa482ac17) x24 0x2482d498
core   0: 0x8000349c (0x1c27ec13) ori     s8, a5, 450
core   0: 3 0x8000349c (0x1c27ec13) x24 0x800119e3
core   0: 0x800034a0 (0x3cb17c37) lui     s8, 0x3cb17
core   0: 3 0x800034a0 (0x3cb17c37) x24 0x3cb17000
core   0: 0x800034a4 (0x942de593) ori     a1, s11, -1726
core   0: 3 0x800034a4 (0x942de593) x11 0xfffff97f
core   0: 0x800034a8 (0x00791793) slli    a5, s2, 7
core   0: 3 0x800034a8 (0x00791793) x15 0xfffdbe80
core   0: 0x800034ac (0x4140dd13) srai    s10, ra, 20
core   0: 3 0x800034ac (0x4140dd13) x26 0x00000000
core   0: 0x800034b0 (0x010ea633) slt     a2, t4, a6
core   0: 3 0x800034b0 (0x010ea633) x12 0x00000000
core   0: 0x800034b4 (0x02603a13) sltiu   s4, zero, 38
core   0: 3 0x800034b4 (0x02603a13) x20 0x00000001
core   0: 0x800034b8 (0x01331f13) slli    t5, t1, 19
core   0: 3 0x800034b8 (0x01331f13) x30 0xfde00000
core   0: 0x800034bc (0xe6caca37) lui     s4, 0xe6cac
core   0: 3 0x800034bc (0xe6caca37) x20 0xe6cac000
core   0: 0x800034c0 (0xb8406337) lui     t1, 0xb8406
core   0: 3 0x800034c0 (0xb8406337) x 6 0xb8406000
core   0: 0x800034c4 (0x84516313) ori     t1, sp, -1979
core   0: 3 0x800034c4 (0x84516313) x 6 0xfffffbfd
core   0: 0x800034c8 (0xcac84913) xori    s2, a6, -852
core   0: 3 0x800034c8 (0xcac84913) x18 0xfffffcd3
core   0: 0x800034cc (0x00bf6e33) or      t3, t5, a1
core   0: 3 0x800034cc (0x00bf6e33) x28 0xfffff97f
core   0: 0x800034d0 (0x1d5d4c93) xori    s9, s10, 469
core   0: 3 0x800034d0 (0x1d5d4c93) x25 0x000001d5
core   0: 0x800034d4 (0x41815033) sra     zero, sp, s8
core   0: 3 0x800034d4 (0x41815033)
core   0: 0x800034d8 (0x158aa013) slti    zero, s5, 344
core   0: 3 0x800034d8 (0x158aa013)
core   0: 0x800034dc (0x98cdfe93) andi    t4, s11, -1652
core   0: 3 0x800034dc (0x98cdfe93) x29 0xfec3910c
core   0: 0x800034e0 (0x40525513) srai    a0, tp, 5
core   0: 3 0x800034e0 (0x40525513) x10 0xfff61c8b
core   0: 0x800034e4 (0x01e00d33) add     s10, zero, t5
core   0: 3 0x800034e4 (0x01e00d33) x26 0xfde00000
core   0: 0x800034e8 (0x01e13a33) sltu    s4, sp, t5
core   0: 3 0x800034e8 (0x01e13a33) x20 0x00000001
core   0: 0x800034ec (0x40a55f93) srai    t6, a0, 10
core   0: 3 0x800034ec (0x40a55f93) x31 0xfffffd87
core   0: 0x800034f0 (0x04f0c513) xori    a0, ra, 79
core   0: 3 0x800034f0 (0x04f0c513) x10 0x0000004e
core   0: 0x800034f4 (0x01c600b3) add     ra, a2, t3
core   0: 3 0x800034f4 (0x01c600b3) x 1 0xfffff97f
core   0: 0x800034f8 (0x863be593) ori     a1, s7, -1949
core   0: 3 0x800034f8 (0x863be593) x11 0xfffff863
core   0: 0x800034fc (0x010abab3) sltu    s5, s5, a6
core   0: 3 0x800034fc (0x010abab3) x21 0x00000000
core   0: 0x80003500 (0x0158e133) or      sp, a7, s5
core   0: 3 0x80003500 (0x0158e133) x 2 0x85b0f000
core   0: 0x80003504 (0x004961b3) or      gp, s2, tp
core   0: 3 0x80003504 (0x004961b3) x 3 0xfffffdff
core   0: 0x80003508 (0x40a101b3) sub     gp, sp, a0
core   0: 3 0x80003508 (0x40a101b3) x 3 0x85b0efb2
core   0: 0x8000350c (0xf9553093) sltiu   ra, a0, -107
core   0: 3 0x8000350c (0xf9553093) x 1 0x00000001
core   0: 0x80003510 (0xa8b74413) xori    s0, a4, -1397
core   0: 3 0x80003510 (0xa8b74413) x 8 0xf751fa8b
core   0: 0x80003514 (0x417d5a33) sra     s4, s10, s7
core   0: 3 0x80003514 (0x417d5a33) x20 0xfef00000
core   0: 0x80003518 (0x00b05533) srl     a0, zero, a1
core   0: 3 0x80003518 (0x00b05533) x10 0x00000000
core   0: 0x8000351c (0x01621693) slli    a3, tp, 22
core   0: 3 0x8000351c (0x01621693) x13 0x5f400000
core   0: 0x80003520 (0x017f1fb3) sll     t6, t5, s7
core   0: 3 0x80003520 (0x017f1fb3) x31 0xfbc00000
core   0: 0x80003524 (0x00c090b3) sll     ra, ra, a2
core   0: 3 0x80003524 (0x00c090b3) x 1 0x00000001
core   0: 0x80003528 (0x40f3d1b3) sra     gp, t2, a5
core   0: 3 0x80003528 (0x40f3d1b3) x 3 0x80011e64
core   0: 0x8000352c (0xb4e62513) slti    a0, a2, -1202
core   0: 3 0x8000352c (0xb4e62513) x10 0x00000000
core   0: 0x80003530 (0x010c8533) add     a0, s9, a6
core   0: 3 0x80003530 (0x010c8533) x10 0x00000254
core   0: 0x80003534 (0x20a5a413) slti    s0, a1, 522
core   0: 3 0x80003534 (0x20a5a413) x 8 0x00000001
core   0: 0x80003538 (0x009c4e33) xor     t3, s8, s1
core   0: 3 0x80003538 (0x009c4e33) x28 0xbcb02ce4
core   0: 0x8000353c (0x70567f13) andi    t5, a2, 1797
core   0: 3 0x8000353c (0x70567f13) x30 0x00000000
core   0: 0x80003540 (0xd4116793) ori     a5, sp, -703
core   0: 3 0x80003540 (0xd4116793) x15 0xfffffd41
core   0: 0x80003544 (0x06f3c693) xori    a3, t2, 111
core   0: 3 0x80003544 (0x06f3c693) x13 0x80011e0b
core   0: 0x80003548 (0x0057ed33) or      s10, a5, t0
core   0: 3 0x80003548 (0x0057ed33) x26 0xfffffd61
core   0: 0x8000354c (0xf0ef2e13) slti    t3, t5, -242
core   0: 3 0x8000354c (0xf0ef2e13) x28 0x00000000
core   0: 0x80003550 (0x00000013) nop
core   0: 3 0x80003550 (0x00000013)
core   0: 0x80003554 (0x401e0b33) sub     s6, t3, ra
core   0: 3 0x80003554 (0x401e0b33) x22 0xffffffff
core   0: 0x80003558 (0x019d1013) slli    zero, s10, 25
core   0: 3 0x80003558 (0x019d1013)
core   0: 0x8000355c (0x0022be33) sltu    t3, t0, sp
core   0: 3 0x8000355c (0x0022be33) x28 0x00000000
core   0: 0x80003560 (0x58ccf997) auipc   s3, 0x58ccf
core   0: 3 0x80003560 (0x58ccf997) x19 0xd8cd2560
core   0: 0x80003564 (0x0124d733) srl     a4, s1, s2
core   0: 3 0x80003564 (0x0124d733) x14 0x00001000
core   0: 0x80003568 (0x38836593) ori     a1, t1, 904
core   0: 3 0x80003568 (0x38836593) x11 0xfffffbfd
core   0: 0x8000356c (0x404f00b3) sub     ra, t5, tp
core   0: 3 0x8000356c (0x404f00b3) x 1 0x013c6e83
core   0: 0x80003570 (0x016b37b3) sltu    a5, s6, s6
core   0: 3 0x80003570 (0x016b37b3) x15 0x00000000
core   0: 0x80003574 (0x402c0bb7) lui     s7, 0x402c0
core   0: 3 0x80003574 (0x402c0bb7) x23 0x402c0000
core   0: 0x80003578 (0x01faa0b3) slt     ra, s5, t6
core   0: 3 0x80003578 (0x01faa0b3) x 1 0x00000000
core   0: 0x8000357c (0x007db033) sltu    zero, s11, t2
core   0: 3 0x8000357c (0x007db033)
core   0: 0x80003580 (0x00a09d13) slli    s10, ra, 10
core   0: 3 0x80003580 (0x00a09d13) x26 0x00000000
core   0: 0x80003584 (0x01b88033) add     zero, a7, s11
core   0: 3 0x80003584 (0x01b88033)
core   0: 0x80003588 (0x4148d293) srai    t0, a7, 20
core   0: 3 0x80003588 (0x4148d293) x 5 0xfffff85b
core   0: 0x8000358c (0x80000bb7) lui     s7, 0x80000
core   0: 3 0x8000358c (0x80000bb7) x23 0x80000000
core   0: 0x80003590 (0x00000613) li      a2, 0
core   0: 3 0x80003590 (0x00000613) x12 0x00000000
core   0: 0x80003594 (0x00000d13) li      s10, 0
core   0: 3 0x80003594 (0x00000d13) x26 0x00000000
core   0: 0x80003598 (0x80000337) lui     t1, 0x80000
core   0: 3 0x80003598 (0x80000337) x 6 0x80000000
core   0: 0x8000359c (0x00000993) li      s3, 0
core   0: 3 0x8000359c (0x00000993) x19 0x00000000
core   0: 0x800035a0 (0xb017be37) lui     t3, 0xb017b
core   0: 3 0x800035a0 (0xb017be37) x28 0xb017b000
core   0: 0x800035a4 (0xb08e0e13) addi    t3, t3, -1272
core   0: 3 0x800035a4 (0xb08e0e13) x28 0xb017ab08
core   0: 0x800035a8 (0xfff00593) li      a1, -1
core   0: 3 0x800035a8 (0xfff00593) x11 0xffffffff
core   0: 0x800035ac (0x2335f2b7) lui     t0, 0x2335f
core   0: 3 0x800035ac (0x2335f2b7) x 5 0x2335f000
core   0: 0x800035b0 (0xd4a28293) addi    t0, t0, -694
core   0: 3 0x800035b0 (0xd4a28293) x 5 0x2335ed4a
core   0: 0x800035b4 (0x80000fb7) lui     t6, 0x80000
core   0: 3 0x800035b4 (0x80000fb7) x31 0x80000000
core   0: 0x800035b8 (0xfff00b13) li      s6, -1
core   0: 3 0x800035b8 (0xfff00b13) x22 0xffffffff
core   0: 0x800035bc (0xd1879597) auipc   a1, 0xd1879
core   0: 3 0x800035bc (0xd1879597) x11 0x5187c5bc
core   0: 0x800035c0 (0x40bf89b3) sub     s3, t6, a1
core   0: 3 0x800035c0 (0x40bf89b3) x19 0x2e783a44
core   0: 0x800035c4 (0x35258637) lui     a2, 0x35258
core   0: 3 0x800035c4 (0x35258637) x12 0x35258000
core   0: 0x800035c8 (0xe8c89e37) lui     t3, 0xe8c89
core   0: 3 0x800035c8 (0xe8c89e37) x28 0xe8c89000
core   0: 0x800035cc (0x00658d33) add     s10, a1, t1
core   0: 3 0x800035cc (0x00658d33) x26 0xd187c5bc
core   0: 0x800035d0 (0x41ce0d33) sub     s10, t3, t3
core   0: 3 0x800035d0 (0x41ce0d33) x26 0x00000000
core   0: 0x800035d4 (0xda0abe17) auipc   t3, 0xda0ab
core   0: 3 0x800035d4 (0xda0abe17) x28 0x5a0ae5d4
core   0: 0x800035d8 (0x41c282b3) sub     t0, t0, t3
core   0: 3 0x800035d8 (0x41c282b3) x 5 0xc92b0776
core   0: 0x800035dc (0x016d0b33) add     s6, s10, s6
core   0: 3 0x800035dc (0x016d0b33) x22 0xffffffff
core   0: 0x800035e0 (0x00000013) nop
core   0: 3 0x800035e0 (0x00000013)
core   0: 0x800035e4 (0x00000013) nop
core   0: 3 0x800035e4 (0x00000013)
core   0: 0x800035e8 (0xa3de1637) lui     a2, 0xa3de1
core   0: 3 0x800035e8 (0xa3de1637) x12 0xa3de1000
core   0: 0x800035ec (0x2cb28d13) addi    s10, t0, 715
core   0: 3 0x800035ec (0x2cb28d13) x26 0xc92b0a41
core   0: 0x800035f0 (0x88698593) addi    a1, s3, -1914
core   0: 3 0x800035f0 (0x88698593) x11 0x2e7832ca
core   0: 0x800035f4 (0x016282b3) add     t0, t0, s6
core   0: 3 0x800035f4 (0x016282b3) x 5 0xc92b0775
core   0: 0x800035f8 (0x416302b3) sub     t0, t1, s6
core   0: 3 0x800035f8 (0x416302b3) x 5 0x80000001
core   0: 0x800035fc (0x2517f5b7) lui     a1, 0x2517f
core   0: 3 0x800035fc (0x2517f5b7) x11 0x2517f000
core   0: 0x80003600 (0x5e7f8313) addi    t1, t6, 1511
core   0: 3 0x80003600 (0x5e7f8313) x 6 0x800005e7
core   0: 0x80003604 (0x00349033) sll     zero, s1, gp
core   0: 3 0x80003604 (0x00349033)
core   0: 0x80003608 (0x82e51f37) lui     t5, 0x82e51
core   0: 3 0x80003608 (0x82e51f37) x30 0x82e51000
core   0: 0x8000360c (0x408b5533) sra     a0, s6, s0
core   0: 3 0x8000360c (0x408b5533) x10 0xffffffff
core   0: 0x80003610 (0x5ec38613) addi    a2, t2, 1516
core   0: 3 0x80003610 (0x5ec38613) x12 0x80012450
core   0: 0x80003614 (0x40ba8733) sub     a4, s5, a1
core   0: 3 0x80003614 (0x40ba8733) x14 0xdae81000
core   0: 0x80003618 (0x85c53a93) sltiu   s5, a0, -1956
core   0: 3 0x80003618 (0x85c53a93) x21 0x00000000
core   0: 0x8000361c (0x40425093) srai    ra, tp, 4
core   0: 3 0x8000361c (0x40425093) x 1 0xffec3917
core   0: 0x80003620 (0x0164ca33) xor     s4, s1, s6
core   0: 3 0x80003620 (0x0164ca33) x20 0x7ffea31b
core   0: 0x80003624 (0xd14b7513) andi    a0, s6, -748
core   0: 3 0x80003624 (0xd14b7513) x10 0xfffffd14
core   0: 0x80003628 (0x412d5a93) srai    s5, s10, 18
core   0: 3 0x80003628 (0x412d5a93) x21 0xfffff24a
core   0: 0x8000362c (0xf45e0313) addi    t1, t3, -187
core   0: 3 0x8000362c (0xf45e0313) x 6 0x5a0ae519
core   0: 0x80003630 (0x8bc63317) auipc   t1, 0x8bc63
core   0: 3 0x80003630 (0x8bc63317) x 6 0x0bc66630
core   0: 0x80003634 (0xb506f293) andi    t0, a3, -1200
core   0: 3 0x80003634 (0xb506f293) x 5 0x80011a00
core   0: 0x80003638 (0x01386033) or      zero, a6, s3
core   0: 3 0x80003638 (0x01386033)
core   0: 0x8000363c (0x01df9993) slli    s3, t6, 29
core   0: 3 0x8000363c (0x01df9993) x19 0x00000000
core   0: 0x80003640 (0x7128f893) andi    a7, a7, 1810
core   0: 3 0x80003640 (0x7128f893) x17 0x00000000
core   0: 0x80003644 (0x0141adb3) slt     s11, gp, s4
core   0: 3 0x80003644 (0x0141adb3) x27 0x00000001
core   0: 0x80003648 (0x013c1833) sll     a6, s8, s3
core   0: 3 0x80003648 (0x013c1833) x16 0x3cb17000
core   0: 0x8000364c (0x00f62c33) slt     s8, a2, a5
core   0: 3 0x8000364c (0x00f62c33) x24 0x00000001
core   0: 0x80003650 (0x10ed0793) addi    a5, s10, 270
core   0: 3 0x80003650 (0x10ed0793) x15 0xc92b0b4f
core   0: 0x80003654 (0x00fab8b3) sltu    a7, s5, a5
core   0: 3 0x80003654 (0x00fab8b3) x17 0x00000000
core   0: 0x80003658 (0x01c89e33) sll     t3, a7, t3
core   0: 3 0x80003658 (0x01c89e33) x28 0x00000000
core   0: 0x8000365c (0x00e71793) slli    a5, a4, 14
core   0: 3 0x8000365c (0x00e71793) x15 0x04000000
core   0: 0x80003660 (0xfd67bb13) sltiu   s6, a5, -42
core   0: 3 0x80003660 (0xfd67bb13) x22 0x00000001
core   0: 0x80003664 (0x00000013) nop
core   0: 3 0x80003664 (0x00000013)
core   0: 0x80003668 (0xc4429a17) auipc   s4, 0xc4429
core   0: 3 0x80003668 (0xc4429a17) x20 0x4442c668
core   0: 0x8000366c (0xba25c597) auipc   a1, 0xba25c
core   0: 3 0x8000366c (0xba25c597) x11 0x3a25f66c
core   0: 0x80003670 (0x018b6cb3) or      s9, s6, s8
core   0: 3 0x80003670 (0x018b6cb3) x25 0x00000001
core   0: 0x80003674 (0x01fa0bb3) add     s7, s4, t6
core   0: 3 0x80003674 (0x01fa0bb3) x23 0xc442c668
core   0: 0x80003678 (0x016ddfb3) srl     t6, s11, s6
core   0: 3 0x80003678 (0x016ddfb3) x31 0x00000000
core   0: 0x8000367c (0x72e96113) ori     sp, s2, 1838
core   0: 3 0x8000367c (0x72e96113) x 2 0xffffffff
core   0: 0x80003680 (0x41b2d0b3) sra     ra, t0, s11
core   0: 3 0x80003680 (0x41b2d0b3) x 1 0xc0008d00
core   0: 0x80003684 (0x179d8c13) addi    s8, s11, 377
core   0: 3 0x80003684 (0x179d8c13) x24 0x0000017a
core   0: 0x80003688 (0x00a6d293) srli    t0, a3, 10
core   0: 3 0x80003688 (0x00a6d293) x 5 0x00200047
core   0: 0x8000368c (0x010855b3) srl     a1, a6, a6
core   0: 3 0x8000368c (0x010855b3) x11 0x3cb17000
core   0: 0x80003690 (0x35467e13) andi    t3, a2, 852
core   0: 3 0x80003690 (0x35467e13) x28 0x00000050
core   0: 0x80003694 (0x47a28093) addi    ra, t0, 1146
core   0: 3 0x80003694 (0x47a28093) x 1 0x002004c1
core   0: 0x80003698 (0x010f7cb3) and     s9, t5, a6
core   0: 3 0x80003698 (0x010f7cb3) x25 0x00a11000
core   0: 0x8000369c (0x00616e33) or      t3, sp, t1
core   0: 3 0x8000369c (0x00616e33) x28 0xffffffff
core   0: 0x800036a0 (0x00000013) nop
core   0: 3 0x800036a0 (0x00000013)
core   0: 0x800036a4 (0x016852b3) srl     t0, a6, s6
core   0: 3 0x800036a4 (0x016852b3) x 5 0x1e58b800
core   0: 0x800036a8 (0x00d5fab3) and     s5, a1, a3
core   0: 3 0x800036a8 (0x00d5fab3) x21 0x00011000
core   0: 0x800036ac (0x1e9f8593) addi    a1, t6, 489
core   0: 3 0x800036ac (0x1e9f8593) x11 0x000001e9
core   0: 0x800036b0 (0x4f75ad17) auipc   s10, 0x4f75a
core   0: 3 0x800036b0 (0x4f75ad17) x26 0xcf75d6b0
core   0: 0x800036b4 (0x01b1ceb3) xor     t4, gp, s11
core   0: 3 0x800036b4 (0x01b1ceb3) x29 0x80011e65
core   0: 0x800036b8 (0x002262b3) or      t0, tp, sp
core   0: 3 0x800036b8 (0x002262b3) x 5 0xffffffff
core   0: 0x800036bc (0x01eb8533) add     a0, s7, t5
core   0: 3 0x800036bc (0x01eb8533) x10 0x4727d668
core   0: 0x800036c0 (0x00e0d533) srl     a0, ra, a4
core   0: 3 0x800036c0 (0x00e0d533) x10 0x002004c1
core   0: 0x800036c4 (0x00552133) slt     sp, a0, t0
core   0: 3 0x800036c4 (0x00552133) x 2 0x00000000
core   0: 0x800036c8 (0x00444133) xor     sp, s0, tp
core   0: 3 0x800036c8 (0x00444133) x 2 0xfec3917c
core   0: 0x800036cc (0x004a0633) add     a2, s4, tp
core   0: 3 0x800036cc (0x004a0633) x12 0x430657e5
core   0: 0x800036d0 (0x00125013) srli    zero, tp, 1
core   0: 3 0x800036d0 (0x00125013)
core   0: 0x800036d4 (0x2da2ef93) ori     t6, t0, 730
core   0: 3 0x800036d4 (0x2da2ef93) x31 0xffffffff
core   0: 0x800036d8 (0x00adceb3) xor     t4, s11, a0
core   0: 3 0x800036d8 (0x00adceb3) x29 0x002004c0
core   0: 0x800036dc (0x41d0d2b3) sra     t0, ra, t4
core   0: 3 0x800036dc (0x41d0d2b3) x 5 0x002004c1
core   0: 0x800036e0 (0x00c9c833) xor     a6, s3, a2
core   0: 3 0x800036e0 (0x00c9c833) x16 0x430657e5
core   0: 0x800036e4 (0x01939e93) slli    t4, t2, 25
core   0: 3 0x800036e4 (0x01939e93) x29 0xc8000000
core   0: 0x800036e8 (0x00f98eb3) add     t4, s3, a5
core   0: 3 0x800036e8 (0x00f98eb3) x29 0x04000000
core   0: 0x800036ec (0x018e1713) slli    a4, t3, 24
core   0: 3 0x800036ec (0x018e1713) x14 0xff000000
core   0: 0x800036f0 (0x642137b7) lui     a5, 0x64213
core   0: 3 0x800036f0 (0x642137b7) x15 0x64213000
core   0: 0x800036f4 (0x419207b3) sub     a5, tp, s9
core   0: 3 0x800036f4 (0x419207b3) x15 0xfe22817d
core   0: 0x800036f8 (0x004b0633) add     a2, s6, tp
core   0: 3 0x800036f8 (0x004b0633) x12 0xfec3917e
core   0: 0x800036fc (0x00a4bf33) sltu    t5, s1, a0
core   0: 3 0x800036fc (0x00a4bf33) x30 0x00000000
core   0: 0x80003700 (0x00774fb3) xor     t6, a4, t2
core   0: 3 0x80003700 (0x00774fb3) x31 0x7f011e64
core   0: 0x80003704 (0x78252813) slti    a6, a0, 1922
core   0: 3 0x80003704 (0x78252813) x16 0x00000000
core   0: 0x80003708 (0x2a420793) addi    a5, tp, 676
core   0: 3 0x80003708 (0x2a420793) x15 0xfec39421
core   0: 0x8000370c (0x9de13d13) sltiu   s10, sp, -1570
core   0: 3 0x8000370c (0x9de13d13) x26 0x00000001
core   0: 0x80003710 (0x004e9433) sll     s0, t4, tp
core   0: 3 0x80003710 (0x004e9433) x 8 0x00000000
core   0: 0x80003714 (0x6b826093) ori     ra, tp, 1720
core   0: 3 0x80003714 (0x6b826093) x 1 0xfec397fd
core   0: 0x80003718 (0x01555633) srl     a2, a0, s5
core   0: 3 0x80003718 (0x01555633) x12 0x002004c1
core   0: 0x8000371c (0x00ed2cb3) slt     s9, s10, a4
core   0: 3 0x8000371c (0x00ed2cb3) x25 0x00000000
core   0: 0x80003720 (0x2582f193) andi    gp, t0, 600
core   0: 3 0x80003720 (0x2582f193) x 3 0x00000040
core   0: 0x80003724 (0xcca1bb93) sltiu   s7, gp, -822
core   0: 3 0x80003724 (0xcca1bb93) x23 0x00000001
core   0: 0x80003728 (0x32faa813) slti    a6, s5, 815
core   0: 3 0x80003728 (0x32faa813) x16 0x00000000
core   0: 0x8000372c (0xdf7b8893) addi    a7, s7, -521
core   0: 3 0x8000372c (0xdf7b8893) x17 0xfffffdf8
core   0: 0x80003730 (0x010f9033) sll     zero, t6, a6
core   0: 3 0x80003730 (0x010f9033)
core   0: 0x80003734 (0x0073d713) srli    a4, t2, 7
core   0: 3 0x80003734 (0x0073d713) x14 0x0100023c
core   0: 0x80003738 (0x37180c93) addi    s9, a6, 881
core   0: 3 0x80003738 (0x37180c93) x25 0x00000371
core   0: 0x8000373c (0xeca81417) auipc   s0, 0xeca81
core   0: 3 0x8000373c (0xeca81417) x 8 0x6ca8473c
core   0: 0x80003740 (0x00000013) nop
core   0: 3 0x80003740 (0x00000013)
core   0: 0x80003744 (0x00e0d093) srli    ra, ra, 14
core   0: 3 0x80003744 (0x00e0d093) x 1 0x0003fb0e
core   0: 0x80003748 (0xd4fd0093) addi    ra, s10, -689
core   0: 3 0x80003748 (0xd4fd0093) x 1 0xfffffd50
core   0: 0x8000374c (0x01695c33) srl     s8, s2, s6
core   0: 3 0x8000374c (0x01695c33) x24 0x7ffffe69
core   0: 0x80003750 (0x0191fb33) and     s6, gp, s9
core   0: 3 0x80003750 (0x0191fb33) x22 0x00000040
core   0: 0x80003754 (0x40bddf13) srai    t5, s11, 11
core   0: 3 0x80003754 (0x40bddf13) x30 0x00000000
core   0: 0x80003758 (0x4151da13) srai    s4, gp, 21
core   0: 3 0x80003758 (0x4151da13) x20 0x00000000
core   0: 0x8000375c (0x8810ac13) slti    s8, ra, -1919
core   0: 3 0x8000375c (0x8810ac13) x24 0x00000000
core   0: 0x80003760 (0xd3b5c093) xori    ra, a1, -709
core   0: 3 0x80003760 (0xd3b5c093) x 1 0xfffffcd2
core   0: 0x80003764 (0x41c30733) sub     a4, t1, t3
core   0: 3 0x80003764 (0x41c30733) x14 0x0bc66631
core   0: 0x80003768 (0x54f04993) xori    s3, zero, 1359
core   0: 3 0x80003768 (0x54f04993) x19 0x0000054f
core   0: 0x8000376c (0x9dade613) ori     a2, s11, -1574
core   0: 3 0x8000376c (0x9dade613) x12 0xfffff9db
core   0: 0x80003770 (0x0177ecb3) or      s9, a5, s7
core   0: 3 0x80003770 (0x0177ecb3) x25 0xfec39421
core   0: 0x80003774 (0x00e0dd93) srli    s11, ra, 14
core   0: 3 0x80003774 (0x00e0dd93) x27 0x0003ffff
core   0: 0x80003778 (0x051bcd13) xori    s10, s7, 81
core   0: 3 0x80003778 (0x051bcd13) x26 0x00000050
core   0: 0x8000377c (0x40af0db3) sub     s11, t5, a0
core   0: 3 0x8000377c (0x40af0db3) x27 0xffdffb3f
core   0: 0x80003780 (0x00000013) nop
core   0: 3 0x80003780 (0x00000013)
core   0: 0x80003784 (0x00e61b13) slli    s6, a2, 14
core   0: 3 0x80003784 (0x00e61b13) x22 0xfe76c000
core   0: 0x80003788 (0x00f962b3) or      t0, s2, a5
core   0: 3 0x80003788 (0x00f962b3) x 5 0xfffffcf3
core   0: 0x8000378c (0x01a80033) add     zero, a6, s10
core   0: 3 0x8000378c (0x01a80033)
core   0: 0x80003790 (0x0157c5b3) xor     a1, a5, s5
core   0: 3 0x80003790 (0x0157c5b3) x11 0xfec28421
core   0: 0x80003794 (0x00000013) nop
core   0: 3 0x80003794 (0x00000013)
core   0: 0x80003798 (0x01f840b3) xor     ra, a6, t6
core   0: 3 0x80003798 (0x01f840b3) x 1 0x7f011e64
core   0: 0x8000379c (0x40a5d793) srai    a5, a1, 10
core   0: 3 0x8000379c (0x40a5d793) x15 0xffffb0a1
core   0: 0x800037a0 (0x28f3ab13) slti    s6, t2, 655
core   0: 3 0x800037a0 (0x28f3ab13) x22 0x00000001
core   0: 0x800037a4 (0x14a6a593) slti    a1, a3, 330
core   0: 3 0x800037a4 (0x14a6a593) x11 0x00000001
core   0: 0x800037a8 (0xfff00b13) li      s6, -1
core   0: 3 0x800037a8 (0xfff00b13) x22 0xffffffff
core   0: 0x800037ac (0xc63f7337) lui     t1, 0xc63f7
core   0: 3 0x800037ac (0xc63f7337) x 6 0xc63f7000
core   0: 0x800037b0 (0x58930313) addi    t1, t1, 1417
core   0: 3 0x800037b0 (0x58930313) x 6 0xc63f7589
core   0: 0x800037b4 (0x403cc437) lui     s0, 0x403cc
core   0: 3 0x800037b4 (0x403cc437) x 8 0x403cc000
core   0: 0x800037b8 (0xa0040413) addi    s0, s0, -1536
core   0: 3 0x800037b8 (0xa0040413) x 8 0x403cba00
core   0: 0x800037bc (0x00000a13) li      s4, 0
core   0: 3 0x800037bc (0x00000a13) x20 0x00000000
core   0: 0x800037c0 (0x00000513) li      a0, 0
core   0: 3 0x800037c0 (0x00000513) x10 0x00000000
core   0: 0x800037c4 (0x800005b7) lui     a1, 0x80000
core   0: 3 0x800037c4 (0x800005b7) x11 0x80000000
core   0: 0x800037c8 (0x800002b7) lui     t0, 0x80000
core   0: 3 0x800037c8 (0x800002b7) x 5 0x80000000
core   0: 0x800037cc (0x80000737) lui     a4, 0x80000
core   0: 3 0x800037cc (0x80000737) x14 0x80000000
core   0: 0x800037d0 (0x80000c37) lui     s8, 0x80000
core   0: 3 0x800037d0 (0x80000c37) x24 0x80000000
core   0: 0x800037d4 (0x80000cb7) lui     s9, 0x80000
core   0: 3 0x800037d4 (0x80000cb7) x25 0x80000000
core   0: 0x800037d8 (0x00000013) nop
core   0: 3 0x800037d8 (0x00000013)
core   0: 0x800037dc (0x00000013) nop
core   0: 3 0x800037dc (0x00000013)
core   0: 0x800037e0 (0x98428713) addi    a4, t0, -1660
core   0: 3 0x800037e0 (0x98428713) x14 0x7ffff984
core   0: 0x800037e4 (0x00000013) nop
core   0: 3 0x800037e4 (0x00000013)
core   0: 0x800037e8 (0xb68c8713) addi    a4, s9, -1176
core   0: 3 0x800037e8 (0xb68c8713) x14 0x7ffffb68
core   0: 0x800037ec (0xbab18c17) auipc   s8, 0xbab18
core   0: 3 0x800037ec (0xbab18c17) x24 0x3ab1b7ec
core   0: 0x800037f0 (0xa65c0c93) addi    s9, s8, -1435
core   0: 3 0x800037f0 (0xa65c0c93) x25 0x3ab1b251
core   0: 0x800037f4 (0x416282b3) sub     t0, t0, s6
core   0: 3 0x800037f4 (0x416282b3) x 5 0x80000001
core   0: 0x800037f8 (0x40e58cb3) sub     s9, a1, a4
core   0: 3 0x800037f8 (0x40e58cb3) x25 0x00000498
core   0: 0x800037fc (0xed458a13) addi    s4, a1, -300
core   0: 3 0x800037fc (0xed458a13) x20 0x7ffffed4
core   0: 0x80003800 (0x960c8293) addi    t0, s9, -1696
core   0: 3 0x80003800 (0x960c8293) x 5 0xfffffdf8
core   0: 0x80003804 (0x00000013) nop
core   0: 3 0x80003804 (0x00000013)
core   0: 0x80003808 (0x25728c13) addi    s8, t0, 599
core   0: 3 0x80003808 (0x25728c13) x24 0x0000004f
core   0: 0x8000380c (0xf0f2b2b7) lui     t0, 0xf0f2b
core   0: 3 0x8000380c (0xf0f2b2b7) x 5 0xf0f2b000
core   0: 0x80003810 (0x40ea0433) sub     s0, s4, a4
core   0: 3 0x80003810 (0x40ea0433) x 8 0x0000036c
core   0: 0x80003814 (0x00000013) nop
core   0: 3 0x80003814 (0x00000013)
core   0: 0x80003818 (0x40ac8c33) sub     s8, s9, a0
core   0: 3 0x80003818 (0x40ac8c33) x24 0x00000498
core   0: 0x8000381c (0x01f33b33) sltu    s6, t1, t6
core   0: 3 0x8000381c (0x01f33b33) x22 0x00000000
core   0: 0x80003820 (0x01bc2c33) slt     s8, s8, s11
core   0: 3 0x80003820 (0x01bc2c33) x24 0x00000000
core   0: 0x80003824 (0x41855333) sra     t1, a0, s8
core   0: 3 0x80003824 (0x41855333) x 6 0x00000000
core   0: 0x80003828 (0x008bdb13) srli    s6, s7, 8
core   0: 3 0x80003828 (0x008bdb13) x22 0x00000000
core   0: 0x8000382c (0x01f3d113) srli    sp, t2, 31
core   0: 3 0x8000382c (0x01f3d113) x 2 0x00000001
core   0: 0x80003830 (0x00000013) nop
core   0: 3 0x80003830 (0x00000013)
core   0: 0x80003834 (0x00741a33) sll     s4, s0, t2
core   0: 3 0x80003834 (0x00741a33) x20 0x000036c0
core   0: 0x80003838 (0x508bca93) xori    s5, s7, 1288
core   0: 3 0x80003838 (0x508bca93) x21 0x00000509
core   0: 0x8000383c (0x01a78bb3) add     s7, a5, s10
core   0: 3 0x8000383c (0x01a78bb3) x23 0xffffb0f1
core   0: 0x80003840 (0x01604e33) xor     t3, zero, s6
core   0: 3 0x80003840 (0x01604e33) x28 0x00000000
core   0: 0x80003844 (0x00a62433) slt     s0, a2, a0
core   0: 3 0x80003844 (0x00a62433) x 8 0x00000001
core   0: 0x80003848 (0x40b48f33) sub     t5, s1, a1
core   0: 3 0x80003848 (0x40b48f33) x30 0x00015ce4
core   0: 0x8000384c (0xebbb2693) slti    a3, s6, -325
core   0: 3 0x8000384c (0xebbb2693) x13 0x00000000
core   0: 0x80003850 (0x178519b7) lui     s3, 0x17851
core   0: 3 0x80003850 (0x178519b7) x19 0x17851000
core   0: 0x80003854 (0xd7933713) sltiu   a4, t1, -647
core   0: 3 0x80003854 (0xd7933713) x14 0x00000001
core   0: 0x80003858 (0x014d12b3) sll     t0, s10, s4
core   0: 3 0x80003858 (0x014d12b3) x 5 0x00000050
core   0: 0x8000385c (0x00180733) add     a4, a6, ra
core   0: 3 0x8000385c (0x00180733) x14 0x7f011e64
core   0: 0x80003860 (0x8693be37) lui     t3, 0x8693b
core   0: 3 0x80003860 (0x8693be37) x28 0x8693b000
core   0: 0x80003864 (0x19d4a897) auipc   a7, 0x19d4a
core   0: 3 0x80003864 (0x19d4a897) x17 0x99d4d864
core   0: 0x80003868 (0xce78c697) auipc   a3, 0xce78c
core   0: 3 0x80003868 (0xce78c697) x13 0x4e78f868
core   0: 0x8000386c (0x0119dd13) srli    s10, s3, 17
core   0: 3 0x8000386c (0x0119dd13) x26 0x00000bc2
core   0: 0x80003870 (0x007dd913) srli    s2, s11, 7
core   0: 3 0x80003870 (0x007dd913) x18 0x01ffbff6
core   0: 0x80003874 (0x408f5b13) srai    s6, t5, 8
core   0: 3 0x80003874 (0x408f5b13) x22 0x0000015c
core   0: 0x80003878 (0x9d7e7b13) andi    s6, t3, -1577
core   0: 3 0x80003878 (0x9d7e7b13) x22 0x8693b000
core   0: 0x8000387c (0x01f402b3) add     t0, s0, t6
core   0: 3 0x8000387c (0x01f402b3) x 5 0x7f011e65
core   0: 0x80003880 (0x41d6d633) sra     a2, a3, t4
core   0: 3 0x80003880 (0x41d6d633) x12 0x4e78f868
core   0: 0x80003884 (0x5c83ed93) ori     s11, t2, 1480
core   0: 3 0x80003884 (0x5c83ed93) x27 0x80011fec
core   0: 0x80003888 (0x00ec3eb3) sltu    t4, s8, a4
core   0: 3 0x80003888 (0x00ec3eb3) x29 0x00000001
core   0: 0x8000388c (0x01e21c93) slli    s9, tp, 30
core   0: 3 0x8000388c (0x01e21c93) x25 0x40000000
core   0: 0x80003890 (0x01ae02b3) add     t0, t3, s10
core   0: 3 0x80003890 (0x01ae02b3) x 5 0x8693bbc2
core   0: 0x80003894 (0xe9b3cd93) xori    s11, t2, -357
core   0: 3 0x80003894 (0xe9b3cd93) x27 0x7ffee0ff
core   0: 0x80003898 (0xd1592093) slti    ra, s2, -747
core   0: 3 0x80003898 (0xd1592093) x 1 0x00000000
core   0: 0x8000389c (0xe1b41697) auipc   a3, 0xe1b41
core   0: 3 0x8000389c (0xe1b41697) x13 0x61b4489c
core   0: 0x800038a0 (0x002b8eb3) add     t4, s7, sp
core   0: 3 0x800038a0 (0x002b8eb3) x29 0xffffb0f2
core   0: 0x800038a4 (0x01531db3) sll     s11, t1, s5
core   0: 3 0x800038a4 (0x01531db3) x27 0x00000000
core   0: 0x800038a8 (0x004625b3) slt     a1, a2, tp
core   0: 3 0x800038a8 (0x004625b3) x11 0x00000000
core   0: 0x800038ac (0x2efbb513) sltiu   a0, s7, 751
core   0: 3 0x800038ac (0x2efbb513) x10 0x00000000
core   0: 0x800038b0 (0xf4f47793) andi    a5, s0, -177
core   0: 3 0x800038b0 (0xf4f47793) x15 0x00000001
core   0: 0x800038b4 (0x9d90af13) slti    t5, ra, -1575
core   0: 3 0x800038b4 (0x9d90af13) x30 0x00000000
core   0: 0x800038b8 (0x00521933) sll     s2, tp, t0
core   0: 3 0x800038b8 (0x00521933) x18 0xfb0e45f4
core   0: 0x800038bc (0x01b5fd33) and     s10, a1, s11
core   0: 3 0x800038bc (0x01b5fd33) x26 0x00000000
core   0: 0x800038c0 (0x7ff4a293) slti    t0, s1, 2047
core   0: 3 0x800038c0 (0x7ff4a293) x 5 0x00000001
core   0: 0x800038c4 (0xf738e017) auipc   zero, 0xf738e
core   0: 3 0x800038c4 (0xf738e017)
core   0: 0x800038c8 (0x01fab733) sltu    a4, s5, t6
core   0: 3 0x800038c8 (0x01fab733) x14 0x00000001
core   0: 0x800038cc (0x41e88fb3) sub     t6, a7, t5
core   0: 3 0x800038cc (0x41e88fb3) x31 0x99d4d864
core   0: 0x800038d0 (0x0035cb33) xor     s6, a1, gp
core   0: 3 0x800038d0 (0x0035cb33) x22 0x00000040
core   0: 0x800038d4 (0xf9daa613) slti    a2, s5, -99
core   0: 3 0x800038d4 (0xf9daa613) x12 0x00000000
core   0: 0x800038d8 (0x003a9e13) slli    t3, s5, 3
core   0: 3 0x800038d8 (0x003a9e13) x28 0x00002848
core   0: 0x800038dc (0x4145d193) srai    gp, a1, 20
core   0: 3 0x800038dc (0x4145d193) x 3 0x00000000
core   0: 0x800038e0 (0x009fde33) srl     t3, t6, s1
core   0: 3 0x800038e0 (0x009fde33) x28 0x099d4d86
core   0: 0x800038e4 (0x8b1dec97) auipc   s9, 0x8b1de
core   0: 3 0x800038e4 (0x8b1dec97) x25 0x0b1e18e4
core   0: 0x800038e8 (0x41d1d0b3) sra     ra, gp, t4
core   0: 3 0x800038e8 (0x41d1d0b3) x 1 0x00000000
core   0: 0x800038ec (0x41765113) srai    sp, a2, 23
core   0: 3 0x800038ec (0x41765113) x 2 0x00000000
core   0: 0x800038f0 (0xde873513) sltiu   a0, a4, -536
core   0: 3 0x800038f0 (0xde873513) x10 0x00000001
core   0: 0x800038f4 (0x01a35733) srl     a4, t1, s10
core   0: 3 0x800038f4 (0x01a35733) x14 0x00000000
core   0: 0x800038f8 (0x01e9e833) or      a6, s3, t5
core   0: 3 0x800038f8 (0x01e9e833) x16 0x17851000
core   0: 0x800038fc (0x011ac5b3) xor     a1, s5, a7
core   0: 3 0x800038fc (0x011ac5b3) x11 0x99d4dd6d
core   0: 0x80003900 (0x00a31a33) sll     s4, t1, a0
core   0: 3 0x80003900 (0x00a31a33) x20 0x00000000
core   0: 0x80003904 (0x0027efb3) or      t6, a5, sp
core   0: 3 0x80003904 (0x0027efb3) x31 0x00000001
core   0: 0x80003908 (0x74b475b7) lui     a1, 0x74b47
core   0: 3 0x80003908 (0x74b475b7) x11 0x74b47000
core   0: 0x8000390c (0x40e6d113) srai    sp, a3, 14
core   0: 3 0x8000390c (0x40e6d113) x 2 0x000186d1
core   0: 0x80003910 (0x00000013) nop
core   0: 3 0x80003910 (0x00000013)
core   0: 0x80003914 (0x0100d533) srl     a0, ra, a6
core   0: 3 0x80003914 (0x0100d533) x10 0x00000000
core   0: 0x80003918 (0x50e44193) xori    gp, s0, 1294
core   0: 3 0x80003918 (0x50e44193) x 3 0x0000050f
core   0: 0x8000391c (0x41628733) sub     a4, t0, s6
core   0: 3 0x8000391c (0x41628733) x14 0xffffffc1
core   0: 0x80003920 (0x00c99a93) slli    s5, s3, 12
core   0: 3 0x80003920 (0x00c99a93) x21 0x51000000
core   0: 0x80003924 (0xc1d48813) addi    a6, s1, -995
core   0: 3 0x80003924 (0xc1d48813) x16 0x80015901
core   0: 0x80003928 (0x0125b5b3) sltu    a1, a1, s2
core   0: 3 0x80003928 (0x0125b5b3) x11 0x00000001
core   0: 0x8000392c (0x04cceb93) ori     s7, s9, 76
core   0: 3 0x8000392c (0x04cceb93) x23 0x0b1e18ec
core   0: 0x80003930 (0x0128e2b3) or      t0, a7, s2
core   0: 3 0x80003930 (0x0128e2b3) x 5 0xfbdeddf4
core   0: 0x80003934 (0x01706733) or      a4, zero, s7
core   0: 3 0x80003934 (0x01706733) x14 0x0b1e18ec
core   0: 0x80003938 (0xd931e993) ori     s3, gp, -621
core   0: 3 0x80003938 (0xd931e993) x19 0xfffffd9f
core   0: 0x8000393c (0x00000013) nop
core   0: 3 0x8000393c (0x00000013)
core   0: 0x80003940 (0x011f29b3) slt     s3, t5, a7
core   0: 3 0x80003940 (0x011f29b3) x19 0x00000000
core   0: 0x80003944 (0x398d6e37) lui     t3, 0x398d6
core   0: 3 0x80003944 (0x398d6e37) x28 0x398d6000
core   0: 0x80003948 (0x71820e13) addi    t3, tp, 1816
core   0: 3 0x80003948 (0x71820e13) x28 0xfec39895
core   0: 0x8000394c (0x01314633) xor     a2, sp, s3
core   0: 3 0x8000394c (0x01314633) x12 0x000186d1
core   0: 0x80003950 (0x6c79bd13) sltiu   s10, s3, 1735
core   0: 3 0x80003950 (0x6c79bd13) x26 0x00000001
core   0: 0x80003954 (0x019e8433) add     s0, t4, s9
core   0: 3 0x80003954 (0x019e8433) x 8 0x0b1dc9d6
core   0: 0x80003958 (0x004ffdb3) and     s11, t6, tp
core   0: 3 0x80003958 (0x004ffdb3) x27 0x00000001
core   0: 0x8000395c (0x009d91b3) sll     gp, s11, s1
core   0: 3 0x8000395c (0x009d91b3) x 3 0x00000010
core   0: 0x80003960 (0x4132de13) srai    t3, t0, 19
core   0: 3 0x80003960 (0x4132de13) x28 0xffffff7b
core   0: 0x80003964 (0x00791eb3) sll     t4, s2, t2
core   0: 3 0x80003964 (0x00791eb3) x29 0xb0e45f40
core   0: 0x80003968 (0xa93d2513) slti    a0, s10, -1389
core   0: 3 0x80003968 (0xa93d2513) x10 0x00000000
core   0: 0x8000396c (0x45b64813) xori    a6, a2, 1115
core   0: 3 0x8000396c (0x45b64813) x16 0x0001828a
core   0: 0x80003970 (0x0012d593) srli    a1, t0, 1
core   0: 3 0x80003970 (0x0012d593) x11 0x7def6efa
core   0: 0x80003974 (0x0183c8b3) xor     a7, t2, s8
core   0: 3 0x80003974 (0x0183c8b3) x17 0x80011e64
core   0: 0x80003978 (0x41aa0133) sub     sp, s4, s10
core   0: 3 0x80003978 (0x41aa0133) x 2 0xffffffff
core   0: 0x8000397c (0x004aad13) slti    s10, s5, 4
core   0: 3 0x8000397c (0x004aad13) x26 0x00000000
core   0: 0x80003980 (0xda7c6d97) auipc   s11, 0xda7c6
core   0: 3 0x80003980 (0xda7c6d97) x27 0x5a7c9980
core   0: 0x80003984 (0x00000013) nop
core   0: 3 0x80003984 (0x00000013)
core   0: 0x80003988 (0x41aa51b3) sra     gp, s4, s10
core   0: 3 0x80003988 (0x41aa51b3) x 3 0x00000000
core   0: 0x8000398c (0x01c2a333) slt     t1, t0, t3
core   0: 3 0x8000398c (0x01c2a333) x 6 0x00000001
core   0: 0x80003990 (0x01ac4a33) xor     s4, s8, s10
core   0: 3 0x80003990 (0x01ac4a33) x20 0x00000000
core   0: 0x80003994 (0x25443313) sltiu   t1, s0, 596
core   0: 3 0x80003994 (0x25443313) x 6 0x00000000
core   0: 0x80003998 (0x22189917) auipc   s2, 0x22189
core   0: 3 0x80003998 (0x22189917) x18 0xa218c998
core   0: 0x8000399c (0x5aac8197) auipc   gp, 0x5aac8
core   0: 3 0x8000399c (0x5aac8197) x 3 0xdaacb99c
core   0: 0x800039a0 (0xf5da2093) slti    ra, s4, -163
core   0: 3 0x800039a0 (0xf5da2093) x 1 0x00000000
core   0: 0x800039a4 (0x9f836c93) ori     s9, t1, -1544
core   0: 3 0x800039a4 (0x9f836c93) x25 0xfffff9f8
core   0: 0x800039a8 (0x01188c33) add     s8, a7, a7
core   0: 3 0x800039a8 (0x01188c33) x24 0x00023cc8
core   0: 0x800039ac (0x203afd93) andi    s11, s5, 515
core   0: 3 0x800039ac (0x203afd93) x27 0x00000000
core   0: 0x800039b0 (0x00bce7b3) or      a5, s9, a1
core   0: 3 0x800039b0 (0x00bce7b3) x15 0xfffffffa
core   0: 0x800039b4 (0x006c5033) srl     zero, s8, t1
core   0: 3 0x800039b4 (0x006c5033)
core   0: 0x800039b8 (0x00b45b93) srli    s7, s0, 11
core   0: 3 0x800039b8 (0x00b45b93) x23 0x000163b9
core   0: 0x800039bc (0x00000013) nop
core   0: 3 0x800039bc (0x00000013)
core   0: 0x800039c0 (0x414a8c33) sub     s8, s5, s4
core   0: 3 0x800039c0 (0x414a8c33) x24 0x51000000
core   0: 0x800039c4 (0x25ddad93) slti    s11, s11, 605
core   0: 3 0x800039c4 (0x25ddad93) x27 0x00000001
core   0: 0x800039c8 (0x417bd013) srai    zero, s7, 23
core   0: 3 0x800039c8 (0x417bd013)
core   0: 0x800039cc (0x01cf0bb3) add     s7, t5, t3
core   0: 3 0x800039cc (0x01cf0bb3) x23 0xffffff7b
core   0: 0x800039d0 (0x011d1833) sll     a6, s10, a7
core   0: 3 0x800039d0 (0x011d1833) x16 0x00000000
core   0: 0x800039d4 (0xf7604417) auipc   s0, 0xf7604
core   0: 3 0x800039d4 (0xf7604417) x 8 0x776079d4
core   0: 0x800039d8 (0x01092833) slt     a6, s2, a6
core   0: 3 0x800039d8 (0x01092833) x16 0x00000001
core   0: 0x800039dc (0x410282b3) sub     t0, t0, a6
core   0: 3 0x800039dc (0x410282b3) x 5 0xfbdeddf3
core   0: 0x800039e0 (0x85413f13) sltiu   t5, sp, -1964
core   0: 3 0x800039e0 (0x85413f13) x30 0x00000000
core   0: 0x800039e4 (0x01111333) sll     t1, sp, a7
core   0: 3 0x800039e4 (0x01111333) x 6 0xfffffff0
core   0: 0x800039e8 (0x00f75713) srli    a4, a4, 15
core   0: 3 0x800039e8 (0x00f75713) x14 0x0000163c
core   0: 0x800039ec (0x0155bfb3) sltu    t6, a1, s5
core   0: 3 0x800039ec (0x0155bfb3) x31 0x00000000
core   0: 0x800039f0 (0x00f41913) slli    s2, s0, 15
core   0: 3 0x800039f0 (0x00f41913) x18 0x3cea0000
core   0: 0x800039f4 (0x0018b333) sltu    t1, a7, ra
core   0: 3 0x800039f4 (0x0018b333) x 6 0x00000000
core   0: 0x800039f8 (0xc60cc137) lui     sp, 0xc60cc
core   0: 3 0x800039f8 (0xc60cc137) x 2 0xc60cc000
core   0: 0x800039fc (0xae54ac93) slti    s9, s1, -1307
core   0: 3 0x800039fc (0xae54ac93) x25 0x00000001
core   0: 0x80003a00 (0x6f898093) addi    ra, s3, 1784
core   0: 3 0x80003a00 (0x6f898093) x 1 0x000006f8
core   0: 0x80003a04 (0x01efa7b3) slt     a5, t6, t5
core   0: 3 0x80003a04 (0x01efa7b3) x15 0x00000000
core   0: 0x80003a08 (0x40435ab3) sra     s5, t1, tp
core   0: 3 0x80003a08 (0x40435ab3) x21 0x00000000
core   0: 0x80003a0c (0xf8f82013) slti    zero, a6, -113
core   0: 3 0x80003a0c (0xf8f82013)
core   0: 0x80003a10 (0x00382a33) slt     s4, a6, gp
core   0: 3 0x80003a10 (0x00382a33) x20 0x00000000
core   0: 0x80003a14 (0x41ba0433) sub     s0, s4, s11
core   0: 3 0x80003a14 (0x41ba0433) x 8 0xffffffff
core   0: 0x80003a18 (0x0197d433) srl     s0, a5, s9
core   0: 3 0x80003a18 (0x0197d433) x 8 0x00000000
core   0: 0x80003a1c (0x005002b3) add     t0, zero, t0
core   0: 3 0x80003a1c (0x005002b3) x 5 0xfbdeddf3
core   0: 0x80003a20 (0x76432b13) slti    s6, t1, 1892
core   0: 3 0x80003a20 (0x76432b13) x22 0x00000001
core   0: 0x80003a24 (0x01eb0633) add     a2, s6, t5
core   0: 3 0x80003a24 (0x01eb0633) x12 0x00000001
core   0: 0x80003a28 (0x00000013) nop
core   0: 3 0x80003a28 (0x00000013)
core   0: 0x80003a2c (0x019f17b3) sll     a5, t5, s9
core   0: 3 0x80003a2c (0x019f17b3) x15 0x00000000
core   0: 0x80003a30 (0xc79fab13) slti    s6, t6, -903
core   0: 3 0x80003a30 (0xc79fab13) x22 0x00000000
core   0: 0x80003a34 (0x0093a333) slt     t1, t2, s1
core   0: 3 0x80003a34 (0x0093a333) x 6 0x00000001
core   0: 0x80003a38 (0x0052e6b3) or      a3, t0, t0
core   0: 3 0x80003a38 (0x0052e6b3) x13 0xfbdeddf3
core   0: 0x80003a3c (0x39fc4d13) xori    s10, s8, 927
core   0: 3 0x80003a3c (0x39fc4d13) x26 0x5100039f
core   0: 0x80003a40 (0x00000013) nop
core   0: 3 0x80003a40 (0x00000013)
core   0: 0x80003a44 (0x26058513) addi    a0, a1, 608
core   0: 3 0x80003a44 (0x26058513) x10 0x7def715a
core   0: 0x80003a48 (0xa807b793) sltiu   a5, a5, -1408
core   0: 3 0x80003a48 (0xa807b793) x15 0x00000001
core   0: 0x80003a4c (0x01e6f333) and     t1, a3, t5
core   0: 3 0x80003a4c (0x01e6f333) x 6 0x00000000
core   0: 0x80003a50 (0x00000013) nop
core   0: 3 0x80003a50 (0x00000013)
core   0: 0x80003a54 (0x40c1db33) sra     s6, gp, a2
core   0: 3 0x80003a54 (0x40c1db33) x22 0xed565cce
core   0: 0x80003a58 (0xae47c593) xori    a1, a5, -1308
core   0: 3 0x80003a58 (0xae47c593) x11 0xfffffae5
core   0: 0x80003a5c (0x00000013) nop
core   0: 3 0x80003a5c (0x00000013)
core   0: 0x80003a60 (0x40475613) srai    a2, a4, 4
core   0: 3 0x80003a60 (0x40475613) x12 0x00000163
core   0: 0x80003a64 (0x001ce2b3) or      t0, s9, ra
core   0: 3 0x80003a64 (0x001ce2b3) x 5 0x000006f9
core   0: 0x80003a68 (0x00afabb3) slt     s7, t6, a0
core   0: 3 0x80003a68 (0x00afabb3) x23 0x00000001
core   0: 0x80003a6c (0x414b0433) sub     s0, s6, s4
core   0: 3 0x80003a6c (0x414b0433) x 8 0xed565cce
core   0: 0x80003a70 (0x00f499b3) sll     s3, s1, a5
core   0: 3 0x80003a70 (0x00f499b3) x19 0x0002b9c8
core   0: 0x80003a74 (0x17806893) ori     a7, zero, 376
core   0: 3 0x80003a74 (0x17806893) x17 0x00000178
core   0: 0x80003a78 (0x62672c93) slti    s9, a4, 1574
core   0: 3 0x80003a78 (0x62672c93) x25 0x00000000
core   0: 0x80003a7c (0x11f83613) sltiu   a2, a6, 287
core   0: 3 0x80003a7c (0x11f83613) x12 0x00000001
core   0: 0x80003a80 (0x01d09eb3) sll     t4, ra, t4
core   0: 3 0x80003a80 (0x01d09eb3) x29 0x000006f8
core   0: 0x80003a84 (0x54b40e13) addi    t3, s0, 1355
core   0: 3 0x80003a84 (0x54b40e13) x28 0xed566219
core   0: 0x80003a88 (0x01d13433) sltu    s0, sp, t4
core   0: 3 0x80003a88 (0x01d13433) x 8 0x00000000
core   0: 0x80003a8c (0x00cddfb3) srl     t6, s11, a2
core   0: 3 0x80003a8c (0x00cddfb3) x31 0x00000000
core   0: 0x80003a90 (0x269c7f13) andi    t5, s8, 617
core   0: 3 0x80003a90 (0x269c7f13) x30 0x00000000
core   0: 0x80003a94 (0x01a1c1b3) xor     gp, gp, s10
core   0: 3 0x80003a94 (0x01a1c1b3) x 3 0x8bacba03
core   0: 0x80003a98 (0x01e2b2b3) sltu    t0, t0, t5
core   0: 3 0x80003a98 (0x01e2b2b3) x 5 0x00000000
core   0: 0x80003a9c (0x63fe4993) xori    s3, t3, 1599
core   0: 3 0x80003a9c (0x63fe4993) x19 0xed566426
core   0: 0x80003aa0 (0x0152eeb3) or      t4, t0, s5
core   0: 3 0x80003aa0 (0x0152eeb3) x29 0x00000000
core   0: 0x80003aa4 (0x973aef93) ori     t6, s5, -1677
core   0: 3 0x80003aa4 (0x973aef93) x31 0xfffff973
core   0: 0x80003aa8 (0x41188eb3) sub     t4, a7, a7
core   0: 3 0x80003aa8 (0x41188eb3) x29 0x00000000
core   0: 0x80003aac (0x4d312f93) slti    t6, sp, 1235
core   0: 3 0x80003aac (0x4d312f93) x31 0x00000001
core   0: 0x80003ab0 (0x405cd633) sra     a2, s9, t0
core   0: 3 0x80003ab0 (0x405cd633) x12 0x00000000
core   0: 0x80003ab4 (0xb1742613) slti    a2, s0, -1257
core   0: 3 0x80003ab4 (0xb1742613) x12 0x00000000
core   0: 0x80003ab8 (0x61e36ab7) lui     s5, 0x61e36
core   0: 3 0x80003ab8 (0x61e36ab7) x21 0x61e36000
core   0: 0x80003abc (0x00000013) nop
core   0: 3 0x80003abc (0x00000013)
core   0: 0x80003ac0 (0x4eeb0093) addi    ra, s6, 1262
core   0: 3 0x80003ac0 (0x4eeb0093) x 1 0xed5661bc
core   0: 0x80003ac4 (0x010e9093) slli    ra, t4, 16
core   0: 3 0x80003ac4 (0x010e9093) x 1 0x00000000
core   0: 0x80003ac8 (0x01ff31b3) sltu    gp, t5, t6
core   0: 3 0x80003ac8 (0x01ff31b3) x 3 0x00000001
core   0: 0x80003acc (0x01685193) srli    gp, a6, 22
core   0: 3 0x80003acc (0x01685193) x 3 0x00000000
core   0: 0x80003ad0 (0x41620b33) sub     s6, tp, s6
core   0: 3 0x80003ad0 (0x41620b33) x22 0x116d34af
core   0: 0x80003ad4 (0x01dc0f33) add     t5, s8, t4
core   0: 3 0x80003ad4 (0x01dc0f33) x30 0x51000000
core   0: 0x80003ad8 (0xa3e17713) andi    a4, sp, -1474
core   0: 3 0x80003ad8 (0xa3e17713) x14 0xc60cc000
core   0: 0x80003adc (0x019fb1b3) sltu    gp, t6, s9
core   0: 3 0x80003adc (0x019fb1b3) x 3 0x00000000
core   0: 0x80003ae0 (0x4b9416b7) lui     a3, 0x4b941
core   0: 3 0x80003ae0 (0x4b9416b7) x13 0x4b941000
core   0: 0x80003ae4 (0x009e0f33) add     t5, t3, s1
core   0: 3 0x80003ae4 (0x009e0f33) x30 0x6d57befd
core   0: 0x80003ae8 (0x9e204097) auipc   ra, 0x9e204
core   0: 3 0x80003ae8 (0x9e204097) x 1 0x1e207ae8
core   0: 0x80003aec (0x01c72c33) slt     s8, a4, t3
core   0: 3 0x80003aec (0x01c72c33) x24 0x00000001
core   0: 0x80003af0 (0x00a4b6b3) sltu    a3, s1, a0
core   0: 3 0x80003af0 (0x00a4b6b3) x13 0x00000000
core   0: 0x80003af4 (0x56da8793) addi    a5, s5, 1389
core   0: 3 0x80003af4 (0x56da8793) x15 0x61e3656d
core   0: 0x80003af8 (0x4075da13) srai    s4, a1, 7
core   0: 3 0x80003af8 (0x4075da13) x20 0xfffffff5
core   0: 0x80003afc (0xe56c2c93) slti    s9, s8, -426
core   0: 3 0x80003afc (0xe56c2c93) x25 0x00000000
core   0: 0x80003b00 (0x7216ba93) sltiu   s5, a3, 1825
core   0: 3 0x80003b00 (0x7216ba93) x21 0x00000001
core   0: 0x80003b04 (0x0070d893) srli    a7, ra, 7
core   0: 3 0x80003b04 (0x0070d893) x17 0x003c40f5
core   0: 0x80003b08 (0x01784833) xor     a6, a6, s7
core   0: 3 0x80003b08 (0x01784833) x16 0x00000000
core   0: 0x80003b0c (0x536bf313) andi    t1, s7, 1334
core   0: 3 0x80003b0c (0x536bf313) x 6 0x00000000
core   0: 0x80003b10 (0x00831093) slli    ra, t1, 8
core   0: 3 0x80003b10 (0x00831093) x 1 0x00000000
core   0: 0x80003b14 (0x412ede13) srai    t3, t4, 18
core   0: 3 0x80003b14 (0x412ede13) x28 0x00000000
core   0: 0x80003b18 (0x4011dc13) srai    s8, gp, 1
core   0: 3 0x80003b18 (0x4011dc13) x24 0x00000000
core   0: 0x80003b1c (0x0156aab3) slt     s5, a3, s5
core   0: 3 0x80003b1c (0x0156aab3) x21 0x00000001
core   0: 0x80003b20 (0x2253ecb7) lui     s9, 0x2253e
core   0: 3 0x80003b20 (0x2253ecb7) x25 0x2253e000
core   0: 0x80003b24 (0xd3133f13) sltiu   t5, t1, -719
core   0: 3 0x80003b24 (0xd3133f13) x30 0x00000001
core   0: 0x80003b28 (0x41f78f33) sub     t5, a5, t6
core   0: 3 0x80003b28 (0x41f78f33) x30 0x61e3656c
core   0: 0x80003b2c (0x008dd133) srl     sp, s11, s0
core   0: 3 0x80003b2c (0x008dd133) x 2 0x00000001
core   0: 0x80003b30 (0x41e4d1b3) sra     gp, s1, t5
core   0: 3 0x80003b30 (0x41e4d1b3) x 3 0xfff80015
core   0: 0x80003b34 (0x3bb257b7) lui     a5, 0x3bb25
core   0: 3 0x80003b34 (0x3bb257b7) x15 0x3bb25000
core   0: 0x80003b38 (0x31970093) addi    ra, a4, 793
core   0: 3 0x80003b38 (0x31970093) x 1 0xc60cc319
core   0: 0x80003b3c (0x01e12333) slt     t1, sp, t5
core   0: 3 0x80003b3c (0x01e12333) x 6 0x00000001
core   0: 0x80003b40 (0x004cef33) or      t5, s9, tp
core   0: 3 0x80003b40 (0x004cef33) x30 0xfed3f17d
core   0: 0x80003b44 (0xa6bd3097) auipc   ra, 0xa6bd3
core   0: 3 0x80003b44 (0xa6bd3097) x 1 0x26bd6b44
core   0: 0x80003b48 (0x00b89733) sll     a4, a7, a1
core   0: 3 0x80003b48 (0x00b89733) x14 0x07881ea0
core   0: 0x80003b4c (0x1af3ea13) ori     s4, t2, 431
core   0: 3 0x80003b4c (0x1af3ea13) x20 0x80011fef
core   0: 0x80003b50 (0x3a25f1b7) lui     gp, 0x3a25f
core   0: 3 0x80003b50 (0x3a25f1b7) x 3 0x3a25f000
core   0: 0x80003b54 (0x4167d713) srai    a4, a5, 22
core   0: 3 0x80003b54 (0x4167d713) x14 0x000000ee
core   0: 0x80003b58 (0x82f4a893) slti    a7, s1, -2001
core   0: 3 0x80003b58 (0x82f4a893) x17 0x00000001
core   0: 0x80003b5c (0x00a81c33) sll     s8, a6, a0
core   0: 3 0x80003b5c (0x00a81c33) x24 0x00000000
core   0: 0x80003b60 (0x00e3cbb3) xor     s7, t2, a4
core   0: 3 0x80003b60 (0x00e3cbb3) x23 0x80011e8a
core   0: 0x80003b64 (0x018f4bb3) xor     s7, t5, s8
core   0: 3 0x80003b64 (0x018f4bb3) x23 0xfed3f17d
core   0: 0x80003b68 (0x37e4bf17) auipc   t5, 0x37e4b
core   0: 3 0x80003b68 (0x37e4bf17) x30 0xb7e4eb68
core   0: 0x80003b6c (0x00e7adb3) slt     s11, a5, a4
core   0: 3 0x80003b6c (0x00e7adb3) x27 0x00000000
core   0: 0x80003b70 (0x00fa5f33) srl     t5, s4, a5
core   0: 3 0x80003b70 (0x00fa5f33) x30 0x80011fef
core   0: 0x80003b74 (0xbed24113) xori    sp, tp, -1043
core   0: 3 0x80003b74 (0xbed24113) x 2 0x013c6a90
core   0: 0x80003b78 (0x01189db3) sll     s11, a7, a7
core   0: 3 0x80003b78 (0x01189db3) x27 0x00000002
core   0: 0x80003b7c (0x97db6513) ori     a0, s6, -1667
core   0: 3 0x80003b7c (0x97db6513) x10 0xfffffdff
core   0: 0x80003b80 (0x01985a33) srl     s4, a6, s9
core   0: 3 0x80003b80 (0x01985a33) x20 0x00000000
core   0: 0x80003b84 (0x41190eb3) sub     t4, s2, a7
core   0: 3 0x80003b84 (0x41190eb3) x29 0x3ce9ffff
core   0: 0x80003b88 (0x41bcd833) sra     a6, s9, s11
core   0: 3 0x80003b88 (0x41bcd833) x16 0x0894f800
core   0: 0x80003b8c (0x967ebb13) sltiu   s6, t4, -1689
core   0: 3 0x80003b8c (0x967ebb13) x22 0x00000001
core   0: 0x80003b90 (0x301e2993) slti    s3, t3, 769
core   0: 3 0x80003b90 (0x301e2993) x19 0x00000001
core   0: 0x80003b94 (0x00221193) slli    gp, tp, 2
core   0: 3 0x80003b94 (0x00221193) x 3 0xfb0e45f4
core   0: 0x80003b98 (0x00b4be33) sltu    t3, s1, a1
core   0: 3 0x80003b98 (0x00b4be33) x28 0x00000001
core   0: 0x80003b9c (0x4019d333) sra     t1, s3, ra
core   0: 3 0x80003b9c (0x4019d333) x 6 0x00000000
core   0: 0x80003ba0 (0x00fbba33) sltu    s4, s7, a5
core   0: 3 0x80003ba0 (0x00fbba33) x20 0x00000000
core   0: 0x80003ba4 (0x01b9dc93) srli    s9, s3, 27
core   0: 3 0x80003ba4 (0x01b9dc93) x25 0x00000000
core   0: 0x80003ba8 (0x0191eeb3) or      t4, gp, s9
core   0: 3 0x80003ba8 (0x0191eeb3) x29 0xfb0e45f4
core   0: 0x80003bac (0x422dfe17) auipc   t3, 0x422df
core   0: 3 0x80003bac (0x422dfe17) x28 0xc22e2bac
core   0: 0x80003bb0 (0x01140db3) add     s11, s0, a7
core   0: 3 0x80003bb0 (0x01140db3) x27 0x00000001
core   0: 0x80003bb4 (0x01977633) and     a2, a4, s9
core   0: 3 0x80003bb4 (0x01977633) x12 0x00000000
core   0: 0x80003bb8 (0x41a05993) srai    s3, zero, 26
core   0: 3 0x80003bb8 (0x41a05993) x19 0x00000000
core   0: 0x80003bbc (0x40b30533) sub     a0, t1, a1
core   0: 3 0x80003bbc (0x40b30533) x10 0x0000051b
core   0: 0x80003bc0 (0x3009ef93) ori     t6, s3, 768
core   0: 3 0x80003bc0 (0x3009ef93) x31 0x00000300
core   0: 0x80003bc4 (0xd48b0b93) addi    s7, s6, -696
core   0: 3 0x80003bc4 (0xd48b0b93) x23 0xfffffd49
core   0: 0x80003bc8 (0x000ec033) xor     zero, t4, zero
core   0: 3 0x80003bc8 (0x000ec033)
core   0: 0x80003bcc (0x016d9193) slli    gp, s11, 22
core   0: 3 0x80003bcc (0x016d9193) x 3 0x00400000
core   0: 0x80003bd0 (0x01d7e033) or      zero, a5, t4
core   0: 3 0x80003bd0 (0x01d7e033)
core   0: 0x80003bd4 (0x404ed0b3) sra     ra, t4, tp
core   0: 3 0x80003bd4 (0x404ed0b3) x 1 0xffffffff
core   0: 0x80003bd8 (0x410d0033) sub     zero, s10, a6
core   0: 3 0x80003bd8 (0x410d0033)
core   0: 0x80003bdc (0xd7cbf093) andi    ra, s7, -644
core   0: 3 0x80003bdc (0xd7cbf093) x 1 0xfffffd48
core   0: 0x80003be0 (0x1915cb93) xori    s7, a1, 401
core   0: 3 0x80003be0 (0x1915cb93) x23 0xfffffb74
core   0: 0x80003be4 (0x012d5333) srl     t1, s10, s2
core   0: 3 0x80003be4 (0x012d5333) x 6 0x5100039f
core   0: 0x80003be8 (0x00bf7c33) and     s8, t5, a1
core   0: 3 0x80003be8 (0x00bf7c33) x24 0x80011ae5
core   0: 0x80003bec (0xc57ef813) andi    a6, t4, -937
core   0: 3 0x80003bec (0xc57ef813) x16 0xfb0e4454
core   0: 0x80003bf0 (0x00000013) nop
core   0: 3 0x80003bf0 (0x00000013)
core   0: 0x80003bf4 (0x2361e193) ori     gp, gp, 566
core   0: 3 0x80003bf4 (0x2361e193) x 3 0x00400236
core   0: 0x80003bf8 (0x01b505b3) add     a1, a0, s11
core   0: 3 0x80003bf8 (0x01b505b3) x11 0x0000051c
core   0: 0x80003bfc (0x01a91613) slli    a2, s2, 26
core   0: 3 0x80003bfc (0x01a91613) x12 0x00000000
core   0: 0x80003c00 (0x00335313) srli    t1, t1, 3
core   0: 3 0x80003c00 (0x00335313) x 6 0x0a200073
core   0: 0x80003c04 (0x00d3f6b3) and     a3, t2, a3
core   0: 3 0x80003c04 (0x00d3f6b3) x13 0x00000000
core   0: 0x80003c08 (0x01527433) and     s0, tp, s5
core   0: 3 0x80003c08 (0x01527433) x 8 0x00000001
core   0: 0x80003c0c (0x01b8ae33) slt     t3, a7, s11
core   0: 3 0x80003c0c (0x01b8ae33) x28 0x00000000
core   0: 0x80003c10 (0xcf702f97) auipc   t6, 0xcf702
core   0: 3 0x80003c10 (0xcf702f97) x31 0x4f705c10
core   0: 0x80003c14 (0x00000013) nop
core   0: 3 0x80003c14 (0x00000013)
core   0: 0x80003c18 (0x5070c293) xori    t0, ra, 1287
core   0: 3 0x80003c18 (0x5070c293) x 5 0xfffff84f
core   0: 0x80003c1c (0x7574e513) ori     a0, s1, 1879
core   0: 3 0x80003c1c (0x7574e513) x10 0x80015ff7
core   0: 0x80003c20 (0x00c795b3) sll     a1, a5, a2
core   0: 3 0x80003c20 (0x00c795b3) x11 0x3bb25000
core   0: 0x80003c24 (0x010d3333) sltu    t1, s10, a6
core   0: 3 0x80003c24 (0x010d3333) x 6 0x00000001
core   0: 0x80003c28 (0x018a00b3) add     ra, s4, s8
core   0: 3 0x80003c28 (0x018a00b3) x 1 0x80011ae5
core   0: 0x80003c2c (0x011d5f13) srli    t5, s10, 17
core   0: 3 0x80003c2c (0x011d5f13) x30 0x00002880
core   0: 0x80003c30 (0x01e45c33) srl     s8, s0, t5
core   0: 3 0x80003c30 (0x01e45c33) x24 0x00000001
core   0: 0x80003c34 (0x41a15633) sra     a2, sp, s10
core   0: 3 0x80003c34 (0x41a15633) x12 0x00000000
core   0: 0x80003c38 (0x01eec833) xor     a6, t4, t5
core   0: 3 0x80003c38 (0x01eec833) x16 0xfb0e6d74
core   0: 0x80003c3c (0xafc36c13) ori     s8, t1, -1284
core   0: 3 0x80003c3c (0xafc36c13) x24 0xfffffafd
core   0: 0x80003c40 (0x41f180b3) sub     ra, gp, t6
core   0: 3 0x80003c40 (0x41f180b3) x 1 0xb0cfa626
core   0: 0x80003c44 (0x48e3b693) sltiu   a3, t2, 1166
core   0: 3 0x80003c44 (0x48e3b693) x13 0x00000000
core   0: 0x80003c48 (0x07e89a37) lui     s4, 0x7e89
core   0: 3 0x80003c48 (0x07e89a37) x20 0x07e89000
core   0: 0x80003c4c (0x00929933) sll     s2, t0, s1
core   0: 3 0x80003c4c (0x00929933) x18 0xffff84f0
core   0: 0x80003c50 (0x01c75333) srl     t1, a4, t3
core   0: 3 0x80003c50 (0x01c75333) x 6 0x000000ee
core   0: 0x80003c54 (0x00000013) nop
core   0: 3 0x80003c54 (0x00000013)
core   0: 0x80003c58 (0x00a94433) xor     s0, s2, a0
core   0: 3 0x80003c58 (0x00a94433) x 8 0x7ffedb07
core   0: 0x80003c5c (0x00000013) nop
core   0: 3 0x80003c5c (0x00000013)
core   0: 0x80003c60 (0x00e13633) sltu    a2, sp, a4
core   0: 3 0x80003c60 (0x00e13633) x12 0x00000000
core   0: 0x80003c64 (0x41568c33) sub     s8, a3, s5
core   0: 3 0x80003c64 (0x41568c33) x24 0xffffffff
core   0: 0x80003c68 (0x75d9ea13) ori     s4, s3, 1885
core   0: 3 0x80003c68 (0x75d9ea13) x20 0x0000075d
core   0: 0x80003c6c (0x01713833) sltu    a6, sp, s7
core   0: 3 0x80003c6c (0x01713833) x16 0x00000001
core   0: 0x80003c70 (0x019ff6b3) and     a3, t6, s9
core   0: 3 0x80003c70 (0x019ff6b3) x13 0x00000000
core   0: 0x80003c74 (0x0117d333) srl     t1, a5, a7
core   0: 3 0x80003c74 (0x0117d333) x 6 0x1dd92800
core   0: 0x80003c78 (0x00000013) nop
core   0: 3 0x80003c78 (0x00000013)
core   0: 0x80003c7c (0x00cae033) or      zero, s5, a2
core   0: 3 0x80003c7c (0x00cae033)
core   0: 0x80003c80 (0x38f63693) sltiu   a3, a2, 911
core   0: 3 0x80003c80 (0x38f63693) x13 0x00000001
core   0: 0x80003c84 (0x01966ab3) or      s5, a2, s9
core   0: 3 0x80003c84 (0x01966ab3) x21 0x00000000
core   0: 0x80003c88 (0x41ec5813) srai    a6, s8, 30
core   0: 3 0x80003c88 (0x41ec5813) x16 0xffffffff
core   0: 0x80003c8c (0xeab1a893) slti    a7, gp, -341
core   0: 3 0x80003c8c (0xeab1a893) x17 0x00000000
core   0: 0x80003c90 (0x62976793) ori     a5, a4, 1577
core   0: 3 0x80003c90 (0x62976793) x15 0x000006ef
core   0: 0x80003c94 (0x41fb0eb3) sub     t4, s6, t6
core   0: 3 0x80003c94 (0x41fb0eb3) x29 0xb08fa3f1
core   0: 0x80003c98 (0x00000013) nop
core   0: 3 0x80003c98 (0x00000013)
core   0: 0x80003c9c (0x23254013) xori    zero, a0, 562
core   0: 3 0x80003c9c (0x23254013)
core   0: 0x80003ca0 (0x4009d893) srai    a7, s3, 0
core   0: 3 0x80003ca0 (0x4009d893) x17 0x00000000
core   0: 0x80003ca4 (0x00000013) nop
core   0: 3 0x80003ca4 (0x00000013)
core   0: 0x80003ca8 (0x019645b3) xor     a1, a2, s9
core   0: 3 0x80003ca8 (0x019645b3) x11 0x00000000
core   0: 0x80003cac (0x9c4a2c13) slti    s8, s4, -1596
core   0: 3 0x80003cac (0x9c4a2c13) x24 0x00000000
core   0: 0x80003cb0 (0x89298197) auipc   gp, 0x89298
core   0: 3 0x80003cb0 (0x89298197) x 3 0x0929bcb0
core   0: 0x80003cb4 (0x00e47933) and     s2, s0, a4
core   0: 3 0x80003cb4 (0x00e47933) x18 0x00000006
core   0: 0x80003cb8 (0x60764293) xori    t0, a2, 1543
core   0: 3 0x80003cb8 (0x60764293) x 5 0x00000607
core   0: 0x80003cbc (0xe11e2a13) slti    s4, t3, -495
core   0: 3 0x80003cbc (0xe11e2a13) x20 0x00000000
core   0: 0x80003cc0 (0x00ce1d13) slli    s10, t3, 12
core   0: 3 0x80003cc0 (0x00ce1d13) x26 0x00000000
core   0: 0x80003cc4 (0x01b8d113) srli    sp, a7, 27
core   0: 3 0x80003cc4 (0x01b8d113) x 2 0x00000000
core   0: 0x80003cc8 (0x0175d833) srl     a6, a1, s7
core   0: 3 0x80003cc8 (0x0175d833) x16 0x00000000
core   0: 0x80003ccc (0x6d09b893) sltiu   a7, s3, 1744
core   0: 3 0x80003ccc (0x6d09b893) x17 0x00000001
core   0: 0x80003cd0 (0x000765b3) or      a1, a4, zero
core   0: 3 0x80003cd0 (0x000765b3) x11 0x000000ee
core   0: 0x80003cd4 (0x52c3c613) xori    a2, t2, 1324
core   0: 3 0x80003cd4 (0x52c3c613) x12 0x80011b48
core   0: 0x80003cd8 (0x6c6d8013) addi    zero, s11, 1734
core   0: 3 0x80003cd8 (0x6c6d8013)
core   0: 0x80003cdc (0x407c5a33) sra     s4, s8, t2
core   0: 3 0x80003cdc (0x407c5a33) x20 0x00000000
core   0: 0x80003ce0 (0x9505a413) slti    s0, a1, -1712
core   0: 3 0x80003ce0 (0x9505a413) x 8 0x00000000
core   0: 0x80003ce4 (0x0192dbb3) srl     s7, t0, s9
core   0: 3 0x80003ce4 (0x0192dbb3) x23 0x00000607
core   0: 0x80003ce8 (0x32f47f93) andi    t6, s0, 815
core   0: 3 0x80003ce8 (0x32f47f93) x31 0x00000000
core   0: 0x80003cec (0x01678333) add     t1, a5, s6
core   0: 3 0x80003cec (0x01678333) x 6 0x000006f0
core   0: 0x80003cf0 (0x01f45893) srli    a7, s0, 31
core   0: 3 0x80003cf0 (0x01f45893) x17 0x00000000
core   0: 0x80003cf4 (0x00000013) nop
core   0: 3 0x80003cf4 (0x00000013)
core   0: 0x80003cf8 (0x408f5fb3) sra     t6, t5, s0
core   0: 3 0x80003cf8 (0x408f5fb3) x31 0x00002880
core   0: 0x80003cfc (0x00000013) nop
core   0: 3 0x80003cfc (0x00000013)
core   0: 0x80003d00 (0xebc86ab7) lui     s5, 0xebc86
core   0: 3 0x80003d00 (0xebc86ab7) x21 0xebc86000
core   0: 0x80003d04 (0x80d34313) xori    t1, t1, -2035
core   0: 3 0x80003d04 (0x80d34313) x 6 0xfffffefd
core   0: 0x80003d08 (0x5debd117) auipc   sp, 0x5debd
core   0: 3 0x80003d08 (0x5debd117) x 2 0xddec0d08
core   0: 0x80003d0c (0x26563b93) sltiu   s7, a2, 613
core   0: 3 0x80003d0c (0x26563b93) x23 0x00000000
core   0: 0x80003d10 (0x40a65d13) srai    s10, a2, 10
core   0: 3 0x80003d10 (0x40a65d13) x26 0xffe00046
core   0: 0x80003d14 (0x1d727693) andi    a3, tp, 471
core   0: 3 0x80003d14 (0x1d727693) x13 0x00000155
core   0: 0x80003d18 (0xd7350593) addi    a1, a0, -653
core   0: 3 0x80003d18 (0xd7350593) x11 0x80015d6a
core   0: 0x80003d1c (0x00881f13) slli    t5, a6, 8
core   0: 3 0x80003d1c (0x00881f13) x30 0x00000000
core   0: 0x80003d20 (0x005d27b3) slt     a5, s10, t0
core   0: 3 0x80003d20 (0x005d27b3) x15 0x00000001
core   0: 0x80003d24 (0x002deb13) ori     s6, s11, 2
core   0: 3 0x80003d24 (0x002deb13) x22 0x00000003
core   0: 0x80003d28 (0x1bdb7893) andi    a7, s6, 445
core   0: 3 0x80003d28 (0x1bdb7893) x17 0x00000001
core   0: 0x80003d2c (0x0117eeb3) or      t4, a5, a7
core   0: 3 0x80003d2c (0x0117eeb3) x29 0x00000001
core   0: 0x80003d30 (0x60bee313) ori     t1, t4, 1547
core   0: 3 0x80003d30 (0x60bee313) x 6 0x0000060b
core   0: 0x80003d34 (0x016d27b3) slt     a5, s10, s6
core   0: 3 0x80003d34 (0x016d27b3) x15 0x00000001
core   0: 0x80003d38 (0x00000013) nop
core   0: 3 0x80003d38 (0x00000013)
core   0: 0x80003d3c (0x00000013) nop
core   0: 3 0x80003d3c (0x00000013)
core   0: 0x80003d40 (0x3fb90793) addi    a5, s2, 1019
core   0: 3 0x80003d40 (0x3fb90793) x15 0x00000401
core   0: 0x80003d44 (0xe039f893) andi    a7, s3, -509
core   0: 3 0x80003d44 (0xe039f893) x17 0x00000000
core   0: 0x80003d48 (0x010b5893) srli    a7, s6, 16
core   0: 3 0x80003d48 (0x010b5893) x17 0x00000000
core   0: 0x80003d4c (0x90ce3597) auipc   a1, 0x90ce3
core   0: 3 0x80003d4c (0x90ce3597) x11 0x10ce6d4c
core   0: 0x80003d50 (0x53523a93) sltiu   s5, tp, 1333
core   0: 3 0x80003d50 (0x53523a93) x21 0x00000000
core   0: 0x80003d54 (0x002a4b33) xor     s6, s4, sp
core   0: 3 0x80003d54 (0x002a4b33) x22 0xddec0d08
core   0: 0x80003d58 (0x404adb93) srai    s7, s5, 4
core   0: 3 0x80003d58 (0x404adb93) x23 0x00000000
core   0: 0x80003d5c (0x0105e533) or      a0, a1, a6
core   0: 3 0x80003d5c (0x0105e533) x10 0x10ce6d4c
core   0: 0x80003d60 (0x007722b3) slt     t0, a4, t2
core   0: 3 0x80003d60 (0x007722b3) x 5 0x00000000
core   0: 0x80003d64 (0x016d19b3) sll     s3, s10, s6
core   0: 3 0x80003d64 (0x016d19b3) x19 0xe0004600
core   0: 0x80003d68 (0x009726b3) slt     a3, a4, s1
core   0: 3 0x80003d68 (0x009726b3) x13 0x00000000
core   0: 0x80003d6c (0x41b55b33) sra     s6, a0, s11
core   0: 3 0x80003d6c (0x41b55b33) x22 0x086736a6
core   0: 0x80003d70 (0x01cf8a33) add     s4, t6, t3
core   0: 3 0x80003d70 (0x01cf8a33) x20 0x00002880
core   0: 0x80003d74 (0xabbabe13) sltiu   t3, s5, -1349
core   0: 3 0x80003d74 (0xabbabe13) x28 0x00000001
core   0: 0x80003d78 (0x01aeecb3) or      s9, t4, s10
core   0: 3 0x80003d78 (0x01aeecb3) x25 0xffe00047
core   0: 0x80003d7c (0x93142093) slti    ra, s0, -1743
core   0: 3 0x80003d7c (0x93142093) x 1 0x00000000
core   0: 0x80003d80 (0x6c028a93) addi    s5, t0, 1728
core   0: 3 0x80003d80 (0x6c028a93) x21 0x000006c0
core   0: 0x80003d84 (0x0142b5b3) sltu    a1, t0, s4
core   0: 3 0x80003d84 (0x0142b5b3) x11 0x00000001
core   0: 0x80003d88 (0x40b7d5b3) sra     a1, a5, a1
core   0: 3 0x80003d88 (0x40b7d5b3) x11 0x00000200
core   0: 0x80003d8c (0x9e354613) xori    a2, a0, -1565
core   0: 3 0x80003d8c (0x9e354613) x12 0xef3194af
core   0: 0x80003d90 (0x40e5d193) srai    gp, a1, 14
core   0: 3 0x80003d90 (0x40e5d193) x 3 0x00000000
core   0: 0x80003d94 (0x00000013) nop
core   0: 3 0x80003d94 (0x00000013)
core   0: 0x80003d98 (0x0bf40193) addi    gp, s0, 191
core   0: 3 0x80003d98 (0x0bf40193) x 3 0x000000bf
core   0: 0x80003d9c (0x79c58e13) addi    t3, a1, 1948
core   0: 3 0x80003d9c (0x79c58e13) x28 0x0000099c
core   0: 0x80003da0 (0x00000013) nop
core   0: 3 0x80003da0 (0x00000013)
core   0: 0x80003da4 (0x84040037) lui     zero, 0x84040
core   0: 3 0x80003da4 (0x84040037)
core   0: 0x80003da8 (0x400d80b3) sub     ra, s11, zero
core   0: 3 0x80003da8 (0x400d80b3) x 1 0x00000001
core   0: 0x80003dac (0xd4e77c13) andi    s8, a4, -690
core   0: 3 0x80003dac (0xd4e77c13) x24 0x0000004e
core   0: 0x80003db0 (0x0045a633) slt     a2, a1, tp
core   0: 3 0x80003db0 (0x0045a633) x12 0x00000000
core   0: 0x80003db4 (0x43ad0313) addi    t1, s10, 1082
core   0: 3 0x80003db4 (0x43ad0313) x 6 0xffe00480
core   0: 0x80003db8 (0x416c0533) sub     a0, s8, s6
core   0: 3 0x80003db8 (0x416c0533) x10 0xf798c9a8
core   0: 0x80003dbc (0x61aeab13) slti    s6, t4, 1562
core   0: 3 0x80003dbc (0x61aeab13) x22 0x00000001
core   0: 0x80003dc0 (0x413ed713) srai    a4, t4, 19
core   0: 3 0x80003dc0 (0x413ed713) x14 0x00000000
core   0: 0x80003dc4 (0x003f3cb3) sltu    s9, t5, gp
core   0: 3 0x80003dc4 (0x003f3cb3) x25 0x00000001
core   0: 0x80003dc8 (0x00a2dc13) srli    s8, t0, 10
core   0: 3 0x80003dc8 (0x00a2dc13) x24 0x00000000
core   0: 0x80003dcc (0xe447a413) slti    s0, a5, -444
core   0: 3 0x80003dcc (0xe447a413) x 8 0x00000000
core   0: 0x80003dd0 (0x01cd31b3) sltu    gp, s10, t3
core   0: 3 0x80003dd0 (0x01cd31b3) x 3 0x00000000
core   0: 0x80003dd4 (0x0096d713) srli    a4, a3, 9
core   0: 3 0x80003dd4 (0x0096d713) x14 0x00000000
core   0: 0x80003dd8 (0x00f29633) sll     a2, t0, a5
core   0: 3 0x80003dd8 (0x00f29633) x12 0x00000000
core   0: 0x80003ddc (0xbc295517) auipc   a0, 0xbc295
core   0: 3 0x80003ddc (0xbc295517) x10 0x3c298ddc
core   0: 0x80003de0 (0x022da113) slti    sp, s11, 34
core   0: 3 0x80003de0 (0x022da113) x 2 0x00000001
core   0: 0x80003de4 (0x01135c13) srli    s8, t1, 17
core   0: 3 0x80003de4 (0x01135c13) x24 0x00007ff0
core   0: 0x80003de8 (0x01e19b33) sll     s6, gp, t5
core   0: 3 0x80003de8 (0x01e19b33) x22 0x00000000
core   0: 0x80003dec (0x11ff0d97) auipc   s11, 0x11ff0
core   0: 3 0x80003dec (0x11ff0d97) x27 0x91ff3dec
core   0: 0x80003df0 (0x0085b8b3) sltu    a7, a1, s0
core   0: 3 0x80003df0 (0x0085b8b3) x17 0x00000000
core   0: 0x80003df4 (0x0159abb3) slt     s7, s3, s5
core   0: 3 0x80003df4 (0x0159abb3) x23 0x00000001
core   0: 0x80003df8 (0x052e6db7) lui     s11, 0x52e6
core   0: 3 0x80003df8 (0x052e6db7) x27 0x052e6000
core   0: 0x80003dfc (0x41f05833) sra     a6, zero, t6
core   0: 3 0x80003dfc (0x41f05833) x16 0x00000000
core   0: 0x80003e00 (0x00000013) nop
core   0: 3 0x80003e00 (0x00000013)
core   0: 0x80003e04 (0x00118733) add     a4, gp, ra
core   0: 3 0x80003e04 (0x00118733) x14 0x00000001
core   0: 0x80003e08 (0x018ea833) slt     a6, t4, s8
core   0: 3 0x80003e08 (0x018ea833) x16 0x00000001
core   0: 0x80003e0c (0x405585b3) sub     a1, a1, t0
core   0: 3 0x80003e0c (0x405585b3) x11 0x00000200
core   0: 0x80003e10 (0x84ed5897) auipc   a7, 0x84ed5
core   0: 3 0x80003e10 (0x84ed5897) x17 0x04ed8e10
core   0: 0x80003e14 (0x2b88ad17) auipc   s10, 0x2b88a
core   0: 3 0x80003e14 (0x2b88ad17) x26 0xab88de14
core   0: 0x80003e18 (0x5bfd8693) addi    a3, s11, 1471
core   0: 3 0x80003e18 (0x5bfd8693) x13 0x052e65bf
core   0: 0x80003e1c (0x80448613) addi    a2, s1, -2044
core   0: 3 0x80003e1c (0x80448613) x12 0x800154e8
core   0: 0x80003e20 (0x00c6ed33) or      s10, a3, a2
core   0: 3 0x80003e20 (0x00c6ed33) x26 0x852f75ff
core   0: 0x80003e24 (0x2203cf93) xori    t6, t2, 544
core   0: 3 0x80003e24 (0x2203cf93) x31 0x80011c44
core   0: 0x80003e28 (0x4098d6b3) sra     a3, a7, s1
core   0: 3 0x80003e28 (0x4098d6b3) x13 0x004ed8e1
core   0: 0x80003e2c (0x00e71413) slli    s0, a4, 14
core   0: 3 0x80003e2c (0x00e71413) x 8 0x00004000
core   0: 0x80003e30 (0x0183da33) srl     s4, t2, s8
core   0: 3 0x80003e30 (0x0183da33) x20 0x00008001
core   0: 0x80003e34 (0x01fe5433) srl     s0, t3, t6
core   0: 3 0x80003e34 (0x01fe5433) x 8 0x00000099
core   0: 0x80003e38 (0x44c2eb13) ori     s6, t0, 1100
core   0: 3 0x80003e38 (0x44c2eb13) x22 0x0000044c
core   0: 0x80003e3c (0x402adb93) srai    s7, s5, 2
core   0: 3 0x80003e3c (0x402adb93) x23 0x000001b0
core   0: 0x80003e40 (0x01b9bcb3) sltu    s9, s3, s11
core   0: 3 0x80003e40 (0x01b9bcb3) x25 0x00000000
core   0: 0x80003e44 (0x00d0a133) slt     sp, ra, a3
core   0: 3 0x80003e44 (0x00d0a133) x 2 0x00000001
core   0: 0x80003e48 (0x007facb3) slt     s9, t6, t2
core   0: 3 0x80003e48 (0x007facb3) x25 0x00000001
core   0: 0x80003e4c (0x0095f6b3) and     a3, a1, s1
core   0: 3 0x80003e4c (0x0095f6b3) x13 0x00000000
core   0: 0x80003e50 (0x00c5feb3) and     t4, a1, a2
core   0: 3 0x80003e50 (0x00c5feb3) x29 0x00000000
core   0: 0x80003e54 (0x7fcefe93) andi    t4, t4, 2044
core   0: 3 0x80003e54 (0x7fcefe93) x29 0x00000000
core   0: 0x80003e58 (0x338ff293) andi    t0, t6, 824
core   0: 3 0x80003e58 (0x338ff293) x 5 0x00000000
core   0: 0x80003e5c (0x0136e833) or      a6, a3, s3
core   0: 3 0x80003e5c (0x0136e833) x16 0xe0004600
core   0: 0x80003e60 (0x410f5113) srai    sp, t5, 16
core   0: 3 0x80003e60 (0x410f5113) x 2 0x00000000
core   0: 0x80003e64 (0x00b6c733) xor     a4, a3, a1
core   0: 3 0x80003e64 (0x00b6c733) x14 0x00000200
core   0: 0x80003e68 (0x11ddbd37) lui     s10, 0x11ddb
core   0: 3 0x80003e68 (0x11ddbd37) x26 0x11ddb000
core   0: 0x80003e6c (0x41d5de33) sra     t3, a1, t4
core   0: 3 0x80003e6c (0x41d5de33) x28 0x00000200
core   0: 0x80003e70 (0x4182df93) srai    t6, t0, 24
core   0: 3 0x80003e70 (0x4182df93) x31 0x00000000
core   0: 0x80003e74 (0x9941ea13) ori     s4, gp, -1644
core   0: 3 0x80003e74 (0x9941ea13) x20 0xfffff994
core   0: 0x80003e78 (0x40118433) sub     s0, gp, ra
core   0: 3 0x80003e78 (0x40118433) x 8 0xffffffff
core   0: 0x80003e7c (0x416f5413) srai    s0, t5, 22
core   0: 3 0x80003e7c (0x416f5413) x 8 0x00000000
core   0: 0x80003e80 (0x40390133) sub     sp, s2, gp
core   0: 3 0x80003e80 (0x40390133) x 2 0x00000006
core   0: 0x80003e84 (0x019cc933) xor     s2, s9, s9
core   0: 3 0x80003e84 (0x019cc933) x18 0x00000000
core   0: 0x80003e88 (0x01395c13) srli    s8, s2, 19
core   0: 3 0x80003e88 (0x01395c13) x24 0x00000000
core   0: 0x80003e8c (0xdeeb0313) addi    t1, s6, -530
core   0: 3 0x80003e8c (0xdeeb0313) x 6 0x0000023a
core   0: 0x80003e90 (0x00ae18b3) sll     a7, t3, a0
core   0: 3 0x80003e90 (0x00ae18b3) x17 0x00000000
core   0: 0x80003e94 (0xbe15ce37) lui     t3, 0xbe15c
core   0: 3 0x80003e94 (0xbe15ce37) x28 0xbe15c000
core   0: 0x80003e98 (0x411e5293) srai    t0, t3, 17
core   0: 3 0x80003e98 (0x411e5293) x 5 0xffffdf0a
core   0: 0x80003e9c (0x411359b3) sra     s3, t1, a7
core   0: 3 0x80003e9c (0x411359b3) x19 0x0000023a
core   0: 0x80003ea0 (0x41d159b3) sra     s3, sp, t4
core   0: 3 0x80003ea0 (0x41d159b3) x19 0x00000006
core   0: 0x80003ea4 (0x00000013) nop
core   0: 3 0x80003ea4 (0x00000013)
core   0: 0x80003ea8 (0x01c25b93) srli    s7, tp, 28
core   0: 3 0x80003ea8 (0x01c25b93) x23 0x0000000f
core   0: 0x80003eac (0x01179e13) slli    t3, a5, 17
core   0: 3 0x80003eac (0x01179e13) x28 0x08020000
core   0: 0x80003eb0 (0x7fca6d13) ori     s10, s4, 2044
core   0: 3 0x80003eb0 (0x7fca6d13) x26 0xfffffffc
core   0: 0x80003eb4 (0x01e372b3) and     t0, t1, t5
core   0: 3 0x80003eb4 (0x01e372b3) x 5 0x00000000
core   0: 0x80003eb8 (0x79b81317) auipc   t1, 0x79b81
core   0: 3 0x80003eb8 (0x79b81317) x 6 0xf9b84eb8
core   0: 0x80003ebc (0x003b05b3) add     a1, s6, gp
core   0: 3 0x80003ebc (0x003b05b3) x11 0x0000044c
core   0: 0x80003ec0 (0x0198dd33) srl     s10, a7, s9
core   0: 3 0x80003ec0 (0x0198dd33) x26 0x00000000
core   0: 0x80003ec4 (0x73ecb793) sltiu   a5, s9, 1854
core   0: 3 0x80003ec4 (0x73ecb793) x15 0x00000001
core   0: 0x80003ec8 (0x019bfb33) and     s6, s7, s9
core   0: 3 0x80003ec8 (0x019bfb33) x22 0x00000001
core   0: 0x80003ecc (0x37ef3b93) sltiu   s7, t5, 894
core   0: 3 0x80003ecc (0x37ef3b93) x23 0x00000001
core   0: 0x80003ed0 (0x00e377b3) and     a5, t1, a4
core   0: 3 0x80003ed0 (0x00e377b3) x15 0x00000200
core   0: 0x80003ed4 (0x4007de13) srai    t3, a5, 0
core   0: 3 0x80003ed4 (0x4007de13) x28 0x00000200
core   0: 0x80003ed8 (0x3865d037) lui     zero, 0x3865d
core   0: 3 0x80003ed8 (0x3865d037)
core   0: 0x80003edc (0x0193d633) srl     a2, t2, s9
core   0: 3 0x80003edc (0x0193d633) x12 0x40008f32
core   0: 0x80003ee0 (0x40c35793) srai    a5, t1, 12
core   0: 3 0x80003ee0 (0x40c35793) x15 0xffff9b84
core   0: 0x80003ee4 (0x018630b3) sltu    ra, a2, s8
core   0: 3 0x80003ee4 (0x018630b3) x 1 0x00000000
core   0: 0x80003ee8 (0x402f5313) srai    t1, t5, 2
core   0: 3 0x80003ee8 (0x402f5313) x 6 0x00000000
core   0: 0x80003eec (0x00e356b3) srl     a3, t1, a4
core   0: 3 0x80003eec (0x00e356b3) x13 0x00000000
core   0: 0x80003ef0 (0x40115733) sra     a4, sp, ra
core   0: 3 0x80003ef0 (0x40115733) x14 0x00000006
core   0: 0x80003ef4 (0x019a5eb3) srl     t4, s4, s9
core   0: 3 0x80003ef4 (0x019a5eb3) x29 0x7ffffcca
core   0: 0x80003ef8 (0x01f61113) slli    sp, a2, 31
core   0: 3 0x80003ef8 (0x01f61113) x 2 0x00000000
core   0: 0x80003efc (0xc6a32593) slti    a1, t1, -918
core   0: 3 0x80003efc (0xc6a32593) x11 0x00000000
core   0: 0x80003f00 (0x418f8633) sub     a2, t6, s8
core   0: 3 0x80003f00 (0x418f8633) x12 0x00000000
core   0: 0x80003f04 (0x40005db3) sra     s11, zero, zero
core   0: 3 0x80003f04 (0x40005db3) x27 0x00000000
core   0: 0x80003f08 (0x5dc0a313) slti    t1, ra, 1500
core   0: 3 0x80003f08 (0x5dc0a313) x 6 0x00000001
core   0: 0x80003f0c (0x5ba2c437) lui     s0, 0x5ba2c
core   0: 3 0x80003f0c (0x5ba2c437) x 8 0x5ba2c000
core   0: 0x80003f10 (0x8a407813) andi    a6, zero, -1884
core   0: 3 0x80003f10 (0x8a407813) x16 0x00000000
core   0: 0x80003f14 (0x00559b33) sll     s6, a1, t0
core   0: 3 0x80003f14 (0x00559b33) x22 0x00000000
core   0: 0x80003f18 (0x00a720b3) slt     ra, a4, a0
core   0: 3 0x80003f18 (0x00a720b3) x 1 0x00000001
core   0: 0x80003f1c (0x1071e093) ori     ra, gp, 263
core   0: 3 0x80003f1c (0x1071e093) x 1 0x00000107
core   0: 0x80003f20 (0xef796613) ori     a2, s2, -265
core   0: 3 0x80003f20 (0xef796613) x12 0xfffffef7
core   0: 0x80003f24 (0x91c2b617) auipc   a2, 0x91c2b
core   0: 3 0x80003f24 (0x91c2b617) x12 0x11c2ef24
core   0: 0x80003f28 (0x01203e33) snez    t3, s2
core   0: 3 0x80003f28 (0x01203e33) x28 0x00000000
core   0: 0x80003f2c (0x01f48bb3) add     s7, s1, t6
core   0: 3 0x80003f2c (0x01f48bb3) x23 0x80015ce4
core   0: 0x80003f30 (0x8dc58b93) addi    s7, a1, -1828
core   0: 3 0x80003f30 (0x8dc58b93) x23 0xfffff8dc
core   0: 0x80003f34 (0x0183efb3) or      t6, t2, s8
core   0: 3 0x80003f34 (0x0183efb3) x31 0x80011e64
core   0: 0x80003f38 (0xf85e8817) auipc   a6, 0xf85e8
core   0: 3 0x80003f38 (0xf85e8817) x16 0x785ebf38
core   0: 0x80003f3c (0x00a97933) and     s2, s2, a0
core   0: 3 0x80003f3c (0x00a97933) x18 0x00000000
core   0: 0x80003f40 (0x80dc7517) auipc   a0, 0x80dc7
core   0: 3 0x80003f40 (0x80dc7517) x10 0x00dcaf40
core   0: 0x80003f44 (0x00717ab3) and     s5, sp, t2
core   0: 3 0x80003f44 (0x00717ab3) x21 0x00000000
core   0: 0x80003f48 (0x409bd433) sra     s0, s7, s1
core   0: 3 0x80003f48 (0x409bd433) x 8 0xffffff8d
core   0: 0x80003f4c (0x54d8b513) sltiu   a0, a7, 1357
core   0: 3 0x80003f4c (0x54d8b513) x10 0x00000001
core   0: 0x80003f50 (0x004b9e93) slli    t4, s7, 4
core   0: 3 0x80003f50 (0x004b9e93) x29 0xffff8dc0
core   0: 0x80003f54 (0x01d45a13) srli    s4, s0, 29
core   0: 3 0x80003f54 (0x01d45a13) x20 0x00000007
core   0: 0x80003f58 (0xfa18f693) andi    a3, a7, -95
core   0: 3 0x80003f58 (0xfa18f693) x13 0x00000000
core   0: 0x80003f5c (0x41e556b3) sra     a3, a0, t5
core   0: 3 0x80003f5c (0x41e556b3) x13 0x00000001
core   0: 0x80003f60 (0x01fe1193) slli    gp, t3, 31
core   0: 3 0x80003f60 (0x01fe1193) x 3 0x00000000
core   0: 0x80003f64 (0x00667eb3) and     t4, a2, t1
core   0: 3 0x80003f64 (0x00667eb3) x29 0x00000000
core   0: 0x80003f68 (0x41020333) sub     t1, tp, a6
core   0: 3 0x80003f68 (0x41020333) x 6 0x8664d245
core   0: 0x80003f6c (0x019e9033) sll     zero, t4, s9
core   0: 3 0x80003f6c (0x019e9033)
core   0: 0x80003f70 (0x882ca993) slti    s3, s9, -1918
core   0: 3 0x80003f70 (0x882ca993) x19 0x00000000
core   0: 0x80003f74 (0x2a8bdab7) lui     s5, 0x2a8bd
core   0: 3 0x80003f74 (0x2a8bdab7) x21 0x2a8bd000
core   0: 0x80003f78 (0x009d1813) slli    a6, s10, 9
core   0: 3 0x80003f78 (0x009d1813) x16 0x00000000
core   0: 0x80003f7c (0xb5606293) ori     t0, zero, -1194
core   0: 3 0x80003f7c (0xb5606293) x 5 0xfffffb56
core   0: 0x80003f80 (0xffec3093) sltiu   ra, s8, -2
core   0: 3 0x80003f80 (0xffec3093) x 1 0x00000001
core   0: 0x80003f84 (0x41955813) srai    a6, a0, 25
core   0: 3 0x80003f84 (0x41955813) x16 0x00000000
core   0: 0x80003f88 (0xf12ebf93) sltiu   t6, t4, -238
core   0: 3 0x80003f88 (0xf12ebf93) x31 0x00000001
core   0: 0x80003f8c (0x6ba24117) auipc   sp, 0x6ba24
core   0: 3 0x80003f8c (0x6ba24117) x 2 0xeba27f8c
core   0: 0x80003f90 (0x00220e33) add     t3, tp, sp
core   0: 3 0x80003f90 (0x00220e33) x28 0xea661109
core   0: 0x80003f94 (0x018c4333) xor     t1, s8, s8
core   0: 3 0x80003f94 (0x018c4333) x 6 0x00000000
core   0: 0x80003f98 (0x01101f93) slli    t6, zero, 17
core   0: 3 0x80003f98 (0x01101f93) x31 0x00000000
core   0: 0x80003f9c (0x3709ca13) xori    s4, s3, 880
core   0: 3 0x80003f9c (0x3709ca13) x20 0x00000370
core   0: 0x80003fa0 (0x01405033) srl     zero, zero, s4
core   0: 3 0x80003fa0 (0x01405033)
core   0: 0x80003fa4 (0x01b6dc13) srli    s8, a3, 27
core   0: 3 0x80003fa4 (0x01b6dc13) x24 0x00000000
core   0: 0x80003fa8 (0x01a75613) srli    a2, a4, 26
core   0: 3 0x80003fa8 (0x01a75613) x12 0x00000000
core   0: 0x80003fac (0x017c7633) and     a2, s8, s7
core   0: 3 0x80003fac (0x017c7633) x12 0x00000000
core   0: 0x80003fb0 (0x9ddd2f13) slti    t5, s10, -1571
core   0: 3 0x80003fb0 (0x9ddd2f13) x30 0x00000000
core   0: 0x80003fb4 (0x00025813) srli    a6, tp, 0
core   0: 3 0x80003fb4 (0x00025813) x16 0xfec3917d
core   0: 0x80003fb8 (0x413b0fb3) sub     t6, s6, s3
core   0: 3 0x80003fb8 (0x413b0fb3) x31 0x00000000
core   0: 0x80003fbc (0x40435833) sra     a6, t1, tp
core   0: 3 0x80003fbc (0x40435833) x16 0x00000000
core   0: 0x80003fc0 (0x9653e017) auipc   zero, 0x9653e
core   0: 3 0x80003fc0 (0x9653e017)
core   0: 0x80003fc4 (0x01601333) sll     t1, zero, s6
core   0: 3 0x80003fc4 (0x01601333) x 6 0x00000000
core   0: 0x80003fc8 (0x01d989b3) add     s3, s3, t4
core   0: 3 0x80003fc8 (0x01d989b3) x19 0x00000000
core   0: 0x80003fcc (0x00fa7333) and     t1, s4, a5
core   0: 3 0x80003fcc (0x00fa7333) x 6 0x00000300
core   0: 0x80003fd0 (0x0071d933) srl     s2, gp, t2
core   0: 3 0x80003fd0 (0x0071d933) x18 0x00000000
core   0: 0x80003fd4 (0x0198ffb3) and     t6, a7, s9
core   0: 3 0x80003fd4 (0x0198ffb3) x31 0x00000000
core   0: 0x80003fd8 (0x00fc9113) slli    sp, s9, 15
core   0: 3 0x80003fd8 (0x00fc9113) x 2 0x00008000
core   0: 0x80003fdc (0x7f52ba93) sltiu   s5, t0, 2037
core   0: 3 0x80003fdc (0x7f52ba93) x21 0x00000000
core   0: 0x80003fe0 (0x010026b3) slt     a3, zero, a6
core   0: 3 0x80003fe0 (0x010026b3) x13 0x00000000
core   0: 0x80003fe4 (0x006c1b93) slli    s7, s8, 6
core   0: 3 0x80003fe4 (0x006c1b93) x23 0x00000000
core   0: 0x80003fe8 (0x01591ab3) sll     s5, s2, s5
core   0: 3 0x80003fe8 (0x01591ab3) x21 0x00000000
core   0: 0x80003fec (0x001ac2b3) xor     t0, s5, ra
core   0: 3 0x80003fec (0x001ac2b3) x 5 0x00000001
core   0: 0x80003ff0 (0x3c38eb93) ori     s7, a7, 963
core   0: 3 0x80003ff0 (0x3c38eb93) x23 0x000003c3
core   0: 0x80003ff4 (0x8ab86313) ori     t1, a6, -1877
core   0: 3 0x80003ff4 (0x8ab86313) x 6 0xfffff8ab
core   0: 0x80003ff8 (0x39037093) andi    ra, t1, 912
core   0: 3 0x80003ff8 (0x39037093) x 1 0x00000080
core   0: 0x80003ffc (0x2f95f593) andi    a1, a1, 761
core   0: 3 0x80003ffc (0x2f95f593) x11 0x00000000
core   0: 0x80004000 (0x2ac3f793) andi    a5, t2, 684
core   0: 3 0x80004000 (0x2ac3f793) x15 0x00000224
core   0: 0x80004004 (0x01594a33) xor     s4, s2, s5
core   0: 3 0x80004004 (0x01594a33) x20 0x00000000
core   0: 0x80004008 (0x40bfd133) sra     sp, t6, a1
core   0: 3 0x80004008 (0x40bfd133) x 2 0x00000000
core   0: 0x8000400c (0xdf0aa913) slti    s2, s5, -528
core   0: 3 0x8000400c (0xdf0aa913) x18 0x00000000
core   0: 0x80004010 (0x70787193) andi    gp, a6, 1799
core   0: 3 0x80004010 (0x70787193) x 3 0x00000000
core   0: 0x80004014 (0x44d48913) addi    s2, s1, 1101
core   0: 3 0x80004014 (0x44d48913) x18 0x80016131
core   0: 0x80004018 (0x40b0dcb3) sra     s9, ra, a1
core   0: 3 0x80004018 (0x40b0dcb3) x25 0x00000080
core   0: 0x8000401c (0x00000013) nop
core   0: 3 0x8000401c (0x00000013)
core   0: 0x80004020 (0x40ce5bb3) sra     s7, t3, a2
core   0: 3 0x80004020 (0x40ce5bb3) x23 0xea661109
core   0: 0x80004024 (0x01b65e93) srli    t4, a2, 27
core   0: 3 0x80004024 (0x01b65e93) x29 0x00000000
core   0: 0x80004028 (0x20905917) auipc   s2, 0x20905
core   0: 3 0x80004028 (0x20905917) x18 0xa0909028
core   0: 0x8000402c (0x4063d8b3) sra     a7, t2, t1
core   0: 3 0x8000402c (0x4063d8b3) x17 0xfff00023
core   0: 0x80004030 (0x001a82b3) add     t0, s5, ra
core   0: 3 0x80004030 (0x001a82b3) x 5 0x00000080
core   0: 0x80004034 (0x01d037b3) snez    a5, t4
core   0: 3 0x80004034 (0x01d037b3) x15 0x00000000
core   0: 0x80004038 (0xe2da2513) slti    a0, s4, -467
core   0: 3 0x80004038 (0xe2da2513) x10 0x00000000
core   0: 0x8000403c (0xb1c16413) ori     s0, sp, -1252
core   0: 3 0x8000403c (0xb1c16413) x 8 0xfffffb1c
core   0: 0x80004040 (0x41840fb3) sub     t6, s0, s8
core   0: 3 0x80004040 (0x41840fb3) x31 0xfffffb1c
core   0: 0x80004044 (0x002f9c13) slli    s8, t6, 2
core   0: 3 0x80004044 (0x002f9c13) x24 0xffffec70
core   0: 0x80004048 (0x0087b5b3) sltu    a1, a5, s0
core   0: 3 0x80004048 (0x0087b5b3) x11 0x00000001
core   0: 0x8000404c (0x003966b3) or      a3, s2, gp
core   0: 3 0x8000404c (0x003966b3) x13 0xa0909028
core   0: 0x80004050 (0x00000013) nop
core   0: 3 0x80004050 (0x00000013)
core   0: 0x80004054 (0x000f87b3) add     a5, t6, zero
core   0: 3 0x80004054 (0x000f87b3) x15 0xfffffb1c
core   0: 0x80004058 (0x11da8c93) addi    s9, s5, 285
core   0: 3 0x80004058 (0x11da8c93) x25 0x0000011d
core   0: 0x8000405c (0x88ed6f93) ori     t6, s10, -1906
core   0: 3 0x8000405c (0x88ed6f93) x31 0xfffff88e
core   0: 0x80004060 (0x013e6633) or      a2, t3, s3
core   0: 3 0x80004060 (0x013e6633) x12 0xea661109
core   0: 0x80004064 (0x003c6833) or      a6, s8, gp
core   0: 3 0x80004064 (0x003c6833) x16 0xffffec70
core   0: 0x80004068 (0x01632333) slt     t1, t1, s6
core   0: 3 0x80004068 (0x01632333) x 6 0x00000001
core   0: 0x8000406c (0x01e01093) slli    ra, zero, 30
core   0: 3 0x8000406c (0x01e01093) x 1 0x00000000
core   0: 0x80004070 (0x01755b33) srl     s6, a0, s7
core   0: 3 0x80004070 (0x01755b33) x22 0x00000000
core   0: 0x80004074 (0x00698833) add     a6, s3, t1
core   0: 3 0x80004074 (0x00698833) x16 0x00000001
core   0: 0x80004078 (0x419888b3) sub     a7, a7, s9
core   0: 3 0x80004078 (0x419888b3) x17 0xffefff06
core   0: 0x8000407c (0x00a99813) slli    a6, s3, 10
core   0: 3 0x8000407c (0x00a99813) x16 0x00000000
core   0: 0x80004080 (0x008b2433) slt     s0, s6, s0
core   0: 3 0x80004080 (0x008b2433) x 8 0x00000000
core   0: 0x80004084 (0x0198d033) srl     zero, a7, s9
core   0: 3 0x80004084 (0x0198d033)
core   0: 0x80004088 (0x7e414993) xori    s3, sp, 2020
core   0: 3 0x80004088 (0x7e414993) x19 0x000007e4
core   0: 0x8000408c (0xeab77737) lui     a4, 0xeab77
core   0: 3 0x8000408c (0xeab77737) x14 0xeab77000
core   0: 0x80004090 (0x00d05ab3) srl     s5, zero, a3
core   0: 3 0x80004090 (0x00d05ab3) x21 0x00000000
core   0: 0x80004094 (0x41320933) sub     s2, tp, s3
core   0: 3 0x80004094 (0x41320933) x18 0xfec38999
core   0: 0x80004098 (0x0083dfb3) srl     t6, t2, s0
core   0: 3 0x80004098 (0x0083dfb3) x31 0x80011e64
core   0: 0x8000409c (0x3bfd8513) addi    a0, s11, 959
core   0: 3 0x8000409c (0x3bfd8513) x10 0x000003bf
core   0: 0x800040a0 (0x0034a8b3) slt     a7, s1, gp
core   0: 3 0x800040a0 (0x0034a8b3) x17 0x00000001
core   0: 0x800040a4 (0x00000013) nop
core   0: 3 0x800040a4 (0x00000013)
core   0: 0x800040a8 (0x0087a8b3) slt     a7, a5, s0
core   0: 3 0x800040a8 (0x0087a8b3) x17 0x00000001
core   0: 0x800040ac (0xf0deea93) ori     s5, t4, -243
core   0: 3 0x800040ac (0xf0deea93) x21 0xffffff0d
core   0: 0x800040b0 (0x32227693) andi    a3, tp, 802
core   0: 3 0x800040b0 (0x32227693) x13 0x00000120
core   0: 0x800040b4 (0x01341413) slli    s0, s0, 19
core   0: 3 0x800040b4 (0x01341413) x 8 0x00000000
core   0: 0x800040b8 (0x676c3993) sltiu   s3, s8, 1654
core   0: 3 0x800040b8 (0x676c3993) x19 0x00000000
core   0: 0x800040bc (0x01a6eeb3) or      t4, a3, s10
core   0: 3 0x800040bc (0x01a6eeb3) x29 0x00000120
core   0: 0x800040c0 (0x71318a93) addi    s5, gp, 1811
core   0: 3 0x800040c0 (0x71318a93) x21 0x00000713
core   0: 0x800040c4 (0x01da3b33) sltu    s6, s4, t4
core   0: 3 0x800040c4 (0x01da3b33) x22 0x00000001
core   0: 0x800040c8 (0x0099aab3) slt     s5, s3, s1
core   0: 3 0x800040c8 (0x0099aab3) x21 0x00000000
core   0: 0x800040cc (0x002ed693) srli    a3, t4, 2
core   0: 3 0x800040cc (0x002ed693) x13 0x00000048
core   0: 0x800040d0 (0x001bbb33) sltu    s6, s7, ra
core   0: 3 0x800040d0 (0x001bbb33) x22 0x00000000
core   0: 0x800040d4 (0x01783b33) sltu    s6, a6, s7
core   0: 3 0x800040d4 (0x01783b33) x22 0x00000001
core   0: 0x800040d8 (0x2cc18e93) addi    t4, gp, 716
core   0: 3 0x800040d8 (0x2cc18e93) x29 0x000002cc
core   0: 0x800040dc (0x0145d0b3) srl     ra, a1, s4
core   0: 3 0x800040dc (0x0145d0b3) x 1 0x00000001
core   0: 0x800040e0 (0x4e5a4a17) auipc   s4, 0x4e5a4
core   0: 3 0x800040e0 (0x4e5a4a17) x20 0xce5a80e0
core   0: 0x800040e4 (0x0146b5b3) sltu    a1, a3, s4
core   0: 3 0x800040e4 (0x0146b5b3) x11 0x00000001
core   0: 0x800040e8 (0x6f126513) ori     a0, tp, 1777
core   0: 3 0x800040e8 (0x6f126513) x10 0xfec397fd
core   0: 0x800040ec (0x00115513) srli    a0, sp, 1
core   0: 3 0x800040ec (0x00115513) x10 0x00000000
core   0: 0x800040f0 (0xe2e34b93) xori    s7, t1, -466
core   0: 3 0x800040f0 (0xe2e34b93) x23 0xfffffe2f
core   0: 0x800040f4 (0x41e65593) srai    a1, a2, 30
core   0: 3 0x800040f4 (0x41e65593) x11 0xffffffff
core   0: 0x800040f8 (0x003b1b33) sll     s6, s6, gp
core   0: 3 0x800040f8 (0x003b1b33) x22 0x00000001
core   0: 0x800040fc (0x16f22313) slti    t1, tp, 367
core   0: 3 0x800040fc (0x16f22313) x 6 0x00000001
core   0: 0x80004100 (0x33a54d37) lui     s10, 0x33a54
core   0: 3 0x80004100 (0x33a54d37) x26 0x33a54000
core   0: 0x80004104 (0x00cc9433) sll     s0, s9, a2
core   0: 3 0x80004104 (0x00cc9433) x 8 0x00023a00
core   0: 0x80004108 (0x23a5b313) sltiu   t1, a1, 570
core   0: 3 0x80004108 (0x23a5b313) x 6 0x00000000
core   0: 0x8000410c (0x26f787b7) lui     a5, 0x26f78
core   0: 3 0x8000410c (0x26f787b7) x15 0x26f78000
core   0: 0x80004110 (0x00000013) nop
core   0: 3 0x80004110 (0x00000013)
core   0: 0x80004114 (0x0179df93) srli    t6, s3, 23
core   0: 3 0x80004114 (0x0179df93) x31 0x00000000
core   0: 0x80004118 (0x419058b3) sra     a7, zero, s9
core   0: 3 0x80004118 (0x419058b3) x17 0x00000000
core   0: 0x8000411c (0x406d0db3) sub     s11, s10, t1
core   0: 3 0x8000411c (0x406d0db3) x27 0x33a54000
core   0: 0x80004120 (0x415ed613) srai    a2, t4, 21
core   0: 3 0x80004120 (0x415ed613) x12 0x00000000
core   0: 0x80004124 (0x01bbe833) or      a6, s7, s11
core   0: 3 0x80004124 (0x01bbe833) x16 0xfffffe2f
core   0: 0x80004128 (0x01d66333) or      t1, a2, t4
core   0: 3 0x80004128 (0x01d66333) x 6 0x000002cc
core   0: 0x8000412c (0x40660a33) sub     s4, a2, t1
core   0: 3 0x8000412c (0x40660a33) x20 0xfffffd34
core   0: 0x80004130 (0x005ad0b3) srl     ra, s5, t0
core   0: 3 0x80004130 (0x005ad0b3) x 1 0x00000000
core   0: 0x80004134 (0x0104bfb3) sltu    t6, s1, a6
core   0: 3 0x80004134 (0x0104bfb3) x31 0x00000001
core   0: 0x80004138 (0x41165413) srai    s0, a2, 17
core   0: 3 0x80004138 (0x41165413) x 8 0x00000000
core   0: 0x8000413c (0x25718893) addi    a7, gp, 599
core   0: 3 0x8000413c (0x25718893) x17 0x00000257
core   0: 0x80004140 (0x011e5d13) srli    s10, t3, 17
core   0: 3 0x80004140 (0x011e5d13) x26 0x00007533
core   0: 0x80004144 (0x014555b3) srl     a1, a0, s4
core   0: 3 0x80004144 (0x014555b3) x11 0x00000000
core   0: 0x80004148 (0xf4c6b413) sltiu   s0, a3, -180
core   0: 3 0x80004148 (0xf4c6b413) x 8 0x00000001
core   0: 0x8000414c (0x0173de33) srl     t3, t2, s7
core   0: 3 0x8000414c (0x0173de33) x28 0x00010002
core   0: 0x80004150 (0x00df1793) slli    a5, t5, 13
core   0: 3 0x80004150 (0x00df1793) x15 0x00000000
core   0: 0x80004154 (0x0058d893) srli    a7, a7, 5
core   0: 3 0x80004154 (0x0058d893) x17 0x00000012
core   0: 0x80004158 (0xf46c4413) xori    s0, s8, -186
core   0: 3 0x80004158 (0xf46c4413) x 8 0x00001336
core   0: 0x8000415c (0x01963ab3) sltu    s5, a2, s9
core   0: 3 0x8000415c (0x01963ab3) x21 0x00000001
core   0: 0x80004160 (0x4132d933) sra     s2, t0, s3
core   0: 3 0x80004160 (0x4132d933) x18 0x00000080
core   0: 0x80004164 (0x97fd2d13) slti    s10, s10, -1665
core   0: 3 0x80004164 (0x97fd2d13) x26 0x00000000
core   0: 0x80004168 (0x00062eb3) slt     t4, a2, zero
core   0: 3 0x80004168 (0x00062eb3) x29 0x00000000
core   0: 0x8000416c (0x000a82b3) add     t0, s5, zero
core   0: 3 0x8000416c (0x000a82b3) x 5 0x00000001
core   0: 0x80004170 (0xeef8e993) ori     s3, a7, -273
core   0: 3 0x80004170 (0xeef8e993) x19 0xfffffeff
core   0: 0x80004174 (0x2a0c8513) addi    a0, s9, 672
core   0: 3 0x80004174 (0x2a0c8513) x10 0x000003bd
core   0: 0x80004178 (0x0113c8b3) xor     a7, t2, a7
core   0: 3 0x80004178 (0x0113c8b3) x17 0x80011e76
core   0: 0x8000417c (0x00b92e33) slt     t3, s2, a1
core   0: 3 0x8000417c (0x00b92e33) x28 0x00000000
core   0: 0x80004180 (0x01694833) xor     a6, s2, s6
core   0: 3 0x80004180 (0x01694833) x16 0x00000081
core   0: 0x80004184 (0x014ff2b3) and     t0, t6, s4
core   0: 3 0x80004184 (0x014ff2b3) x 5 0x00000000
core   0: 0x80004188 (0x602b2313) slti    t1, s6, 1538
core   0: 3 0x80004188 (0x602b2313) x 6 0x00000001
core   0: 0x8000418c (0x00b6e1b3) or      gp, a3, a1
core   0: 3 0x8000418c (0x00b6e1b3) x 3 0x00000048
core   0: 0x80004190 (0x2915e093) ori     ra, a1, 657
core   0: 3 0x80004190 (0x2915e093) x 1 0x00000291
core   0: 0x80004194 (0x0061b833) sltu    a6, gp, t1
core   0: 3 0x80004194 (0x0061b833) x16 0x00000000
core   0: 0x80004198 (0x404d81b3) sub     gp, s11, tp
core   0: 3 0x80004198 (0x404d81b3) x 3 0x34e1ae83
core   0: 0x8000419c (0x6f584893) xori    a7, a6, 1781
core   0: 3 0x8000419c (0x6f584893) x17 0x000006f5
core   0: 0x800041a0 (0x014562b3) or      t0, a0, s4
core   0: 3 0x800041a0 (0x014562b3) x 5 0xffffffbd
core   0: 0x800041a4 (0x018d90b3) sll     ra, s11, s8
core   0: 3 0x800041a4 (0x018d90b3) x 1 0x40000000
core   0: 0x800041a8 (0x0fbca013) slti    zero, s9, 251
core   0: 3 0x800041a8 (0x0fbca013)
core   0: 0x800041ac (0x01f0a9b3) slt     s3, ra, t6
core   0: 3 0x800041ac (0x01f0a9b3) x19 0x00000000
core   0: 0x800041b0 (0x991f3d13) sltiu   s10, t5, -1647
core   0: 3 0x800041b0 (0x991f3d13) x26 0x00000001
core   0: 0x800041b4 (0x0187d513) srli    a0, a5, 24
core   0: 3 0x800041b4 (0x0187d513) x10 0x00000000
core   0: 0x800041b8 (0x7949cc17) auipc   s8, 0x7949c
core   0: 3 0x800041b8 (0x7949cc17) x24 0xf94a01b8
core   0: 0x800041bc (0x001d5ab3) srl     s5, s10, ra
core   0: 3 0x800041bc (0x001d5ab3) x21 0x00000001
core   0: 0x800041c0 (0x7a4dbe93) sltiu   t4, s11, 1956
core   0: 3 0x800041c0 (0x7a4dbe93) x29 0x00000000
core   0: 0x800041c4 (0x988b0893) addi    a7, s6, -1656
core   0: 3 0x800041c4 (0x988b0893) x17 0xfffff989
core   0: 0x800041c8 (0x0113af33) slt     t5, t2, a7
core   0: 3 0x800041c8 (0x0113af33) x30 0x00000001
core   0: 0x800041cc (0x4ebe3713) sltiu   a4, t3, 1259
core   0: 3 0x800041cc (0x4ebe3713) x14 0x00000001
core   0: 0x800041d0 (0x00aa4833) xor     a6, s4, a0
core   0: 3 0x800041d0 (0x00aa4833) x16 0xfffffd34
core   0: 0x800041d4 (0x40b2d733) sra     a4, t0, a1
core   0: 3 0x800041d4 (0x40b2d733) x14 0xffffffbd
core   0: 0x800041d8 (0x403b5a13) srai    s4, s6, 3
core   0: 3 0x800041d8 (0x403b5a13) x20 0x00000000
core   0: 0x800041dc (0x02ccf913) andi    s2, s9, 44
core   0: 3 0x800041dc (0x02ccf913) x18 0x0000000c
core   0: 0x800041e0 (0x01755f93) srli    t6, a0, 23
core   0: 3 0x800041e0 (0x01755f93) x31 0x00000000
core   0: 0x800041e4 (0x8ffb8e13) addi    t3, s7, -1793
core   0: 3 0x800041e4 (0x8ffb8e13) x28 0xfffff72e
core   0: 0x800041e8 (0xcc727413) andi    s0, tp, -825
core   0: 3 0x800041e8 (0xcc727413) x 8 0xfec39045
core   0: 0x800041ec (0x01b28033) add     zero, t0, s11
core   0: 3 0x800041ec (0x01b28033)
core   0: 0x800041f0 (0x002181b3) add     gp, gp, sp
core   0: 3 0x800041f0 (0x002181b3) x 3 0x34e1ae83
core   0: 0x800041f4 (0x06fbd797) auipc   a5, 0x6fbd
core   0: 3 0x800041f4 (0x06fbd797) x15 0x86fc11f4
core   0: 0x800041f8 (0x05b75eb7) lui     t4, 0x5b75
core   0: 3 0x800041f8 (0x05b75eb7) x29 0x05b75000
core   0: 0x800041fc (0x406958b3) sra     a7, s2, t1
core   0: 3 0x800041fc (0x406958b3) x17 0x00000006
core   0: 0x80004200 (0x01af8cb3) add     s9, t6, s10
core   0: 3 0x80004200 (0x01af8cb3) x25 0x00000001
core   0: 0x80004204 (0x00506633) or      a2, zero, t0
core   0: 3 0x80004204 (0x00506633) x12 0xffffffbd
core   0: 0x80004208 (0x00318cb3) add     s9, gp, gp
core   0: 3 0x80004208 (0x00318cb3) x25 0x69c35d06
core   0: 0x8000420c (0x309b4f93) xori    t6, s6, 777
core   0: 3 0x8000420c (0x309b4f93) x31 0x00000308
core   0: 0x80004210 (0x0056dc33) srl     s8, a3, t0
core   0: 3 0x80004210 (0x0056dc33) x24 0x00000000
core   0: 0x80004214 (0x01cb38b3) sltu    a7, s6, t3
core   0: 3 0x80004214 (0x01cb38b3) x17 0x00000001
core   0: 0x80004218 (0x6dd27d93) andi    s11, tp, 1757
core   0: 3 0x80004218 (0x6dd27d93) x27 0x0000005d
core   0: 0x8000421c (0xbe45a893) slti    a7, a1, -1052
core   0: 3 0x8000421c (0xbe45a893) x17 0x00000000
core   0: 0x80004220 (0x00a40cb3) add     s9, s0, a0
core   0: 3 0x80004220 (0x00a40cb3) x25 0xfec39045
core   0: 0x80004224 (0x012a12b3) sll     t0, s4, s2
core   0: 3 0x80004224 (0x012a12b3) x 5 0x00000000
core   0: 0x80004228 (0x00799bb3) sll     s7, s3, t2
core   0: 3 0x80004228 (0x00799bb3) x23 0x00000000
core   0: 0x8000422c (0xc8c93513) sltiu   a0, s2, -884
core   0: 3 0x8000422c (0xc8c93513) x10 0x00000001
core   0: 0x80004230 (0x408d0733) sub     a4, s10, s0
core   0: 3 0x80004230 (0x408d0733) x14 0x013c6fbc
core   0: 0x80004234 (0x2a1df793) andi    a5, s11, 673
core   0: 3 0x80004234 (0x2a1df793) x15 0x00000001
core   0: 0x80004238 (0x00544ab3) xor     s5, s0, t0
core   0: 3 0x80004238 (0x00544ab3) x21 0xfec39045
core   0: 0x8000423c (0x01a942b3) xor     t0, s2, s10
core   0: 3 0x8000423c (0x01a942b3) x 5 0x0000000d
core   0: 0x80004240 (0xf59eca93) xori    s5, t4, -167
core   0: 3 0x80004240 (0xf59eca93) x21 0xfa48af59
core   0: 0x80004244 (0x15577b93) andi    s7, a4, 341
core   0: 3 0x80004244 (0x15577b93) x23 0x00000114
core   0: 0x80004248 (0x00000013) nop
core   0: 3 0x80004248 (0x00000013)
core   0: 0x8000424c (0x91edba13) sltiu   s4, s11, -1762
core   0: 3 0x8000424c (0x91edba13) x20 0x00000001
core   0: 0x80004250 (0xb92f2c13) slti    s8, t5, -1134
core   0: 3 0x80004250 (0xb92f2c13) x24 0x00000000
core   0: 0x80004254 (0xdc422b13) slti    s6, tp, -572
core   0: 3 0x80004254 (0xdc422b13) x22 0x00000001
core   0: 0x80004258 (0x01c9b933) sltu    s2, s3, t3
core   0: 3 0x80004258 (0x01c9b933) x18 0x00000001
core   0: 0x8000425c (0x9e7b7e37) lui     t3, 0x9e7b7
core   0: 3 0x8000425c (0x9e7b7e37) x28 0x9e7b7000
core   0: 0x80004260 (0x417bd613) srai    a2, s7, 23
core   0: 3 0x80004260 (0x417bd613) x12 0x00000000
core   0: 0x80004264 (0xb7ba2413) slti    s0, s4, -1157
core   0: 3 0x80004264 (0xb7ba2413) x 8 0x00000000
core   0: 0x80004268 (0x40160bb3) sub     s7, a2, ra
core   0: 3 0x80004268 (0x40160bb3) x23 0xc0000000
core   0: 0x8000426c (0x009aa7b3) slt     a5, s5, s1
core   0: 3 0x8000426c (0x009aa7b3) x15 0x00000000
core   0: 0x80004270 (0x00335a33) srl     s4, t1, gp
core   0: 3 0x80004270 (0x00335a33) x20 0x00000000
core   0: 0x80004274 (0x41c9deb3) sra     t4, s3, t3
core   0: 3 0x80004274 (0x41c9deb3) x29 0x00000000
core   0: 0x80004278 (0xba0ff897) auipc   a7, 0xba0ff
core   0: 3 0x80004278 (0xba0ff897) x17 0x3a103278
core   0: 0x8000427c (0x6035cf93) xori    t6, a1, 1539
core   0: 3 0x8000427c (0x6035cf93) x31 0x00000603
core   0: 0x80004280 (0x000e9833) sll     a6, t4, zero
core   0: 3 0x80004280 (0x000e9833) x16 0x00000000
core   0: 0x80004284 (0x6240ab17) auipc   s6, 0x6240a
core   0: 3 0x80004284 (0x6240ab17) x22 0xe240e284
core   0: 0x80004288 (0x01631f33) sll     t5, t1, s6
core   0: 3 0x80004288 (0x01631f33) x30 0x00000010
core   0: 0x8000428c (0x01951593) slli    a1, a0, 25
core   0: 3 0x8000428c (0x01951593) x11 0x02000000
core   0: 0x80004290 (0x00000013) nop
core   0: 3 0x80004290 (0x00000013)
core   0: 0x80004294 (0x413d8833) sub     a6, s11, s3
core   0: 3 0x80004294 (0x413d8833) x16 0x0000005d
core   0: 0x80004298 (0x1b7b8793) addi    a5, s7, 439
core   0: 3 0x80004298 (0x1b7b8793) x15 0xc00001b7
core   0: 0x8000429c (0x0173feb3) and     t4, t2, s7
core   0: 3 0x8000429c (0x0173feb3) x29 0x80000000
core   0: 0x800042a0 (0x00b97d33) and     s10, s2, a1
core   0: 3 0x800042a0 (0x00b97d33) x26 0x00000000
core   0: 0x800042a4 (0x00611fb3) sll     t6, sp, t1
core   0: 3 0x800042a4 (0x00611fb3) x31 0x00000000
core   0: 0x800042a8 (0x01904db3) xor     s11, zero, s9
core   0: 3 0x800042a8 (0x01904db3) x27 0xfec39045
core   0: 0x800042ac (0x1c412793) slti    a5, sp, 452
core   0: 3 0x800042ac (0x1c412793) x15 0x00000001
core   0: 0x800042b0 (0x01201c93) slli    s9, zero, 18
core   0: 3 0x800042b0 (0x01201c93) x25 0x00000000
core   0: 0x800042b4 (0x70db4813) xori    a6, s6, 1805
core   0: 3 0x800042b4 (0x70db4813) x16 0xe240e589
core   0: 0x800042b8 (0x010a8f33) add     t5, s5, a6
core   0: 3 0x800042b8 (0x010a8f33) x30 0xdc8994e2
core   0: 0x800042bc (0x408386b3) sub     a3, t2, s0
core   0: 3 0x800042bc (0x408386b3) x13 0x80011e64
core   0: 0x800042c0 (0x41b2d713) srai    a4, t0, 27
core   0: 3 0x800042c0 (0x41b2d713) x14 0x00000000
core   0: 0x800042c4 (0x0084a133) slt     sp, s1, s0
core   0: 3 0x800042c4 (0x0084a133) x 2 0x00000001
core   0: 0x800042c8 (0x01f4f833) and     a6, s1, t6
core   0: 3 0x800042c8 (0x01f4f833) x16 0x00000000
core   0: 0x800042cc (0x6a8197b7) lui     a5, 0x6a819
core   0: 3 0x800042cc (0x6a8197b7) x15 0x6a819000
core   0: 0x800042d0 (0x01d54433) xor     s0, a0, t4
core   0: 3 0x800042d0 (0x01d54433) x 8 0x80000001
core   0: 0x800042d4 (0x01e4bb33) sltu    s6, s1, t5
core   0: 3 0x800042d4 (0x01e4bb33) x22 0x00000001
core   0: 0x800042d8 (0x01bf6b33) or      s6, t5, s11
core   0: 3 0x800042d8 (0x01bf6b33) x22 0xfecb94e7
core   0: 0x800042dc (0x00000013) nop
core   0: 3 0x800042dc (0x00000013)
core   0: 0x800042e0 (0x002fc633) xor     a2, t6, sp
core   0: 3 0x800042e0 (0x002fc633) x12 0x00000001
core   0: 0x800042e4 (0x40f681b3) sub     gp, a3, a5
core   0: 3 0x800042e4 (0x40f681b3) x 3 0x157f8e64
core   0: 0x800042e8 (0x01f9d813) srli    a6, s3, 31
core   0: 3 0x800042e8 (0x01f9d813) x16 0x00000000
core   0: 0x800042ec (0x6a766593) ori     a1, a2, 1703
core   0: 3 0x800042ec (0x6a766593) x11 0x000006a7
core   0: 0x800042f0 (0x00a41533) sll     a0, s0, a0
core   0: 3 0x800042f0 (0x00a41533) x10 0x00000002
core   0: 0x800042f4 (0x000f7f33) and     t5, t5, zero
core   0: 3 0x800042f4 (0x000f7f33) x30 0x00000000
core   0: 0x800042f8 (0x40940333) sub     t1, s0, s1
core   0: 3 0x800042f8 (0x40940333) x 6 0xfffea31d
core   0: 0x800042fc (0x9399e293) ori     t0, s3, -1735
core   0: 3 0x800042fc (0x9399e293) x 5 0xfffff939
core   0: 0x80004300 (0x015cffb3) and     t6, s9, s5
core   0: 3 0x80004300 (0x015cffb3) x31 0x00000000
core   0: 0x80004304 (0x2c8b9e97) auipc   t4, 0x2c8b9
core   0: 3 0x80004304 (0x2c8b9e97) x29 0xac8bd304
core   0: 0x80004308 (0x40efde93) srai    t4, t6, 14
core   0: 3 0x80004308 (0x40efde93) x29 0x00000000
core   0: 0x8000430c (0xc0926317) auipc   t1, 0xc0926
core   0: 3 0x8000430c (0xc0926317) x 6 0x4092a30c
core   0: 0x80004310 (0x40bb8e33) sub     t3, s7, a1
core   0: 3 0x80004310 (0x40bb8e33) x28 0xbffff959
core   0: 0x80004314 (0x00e7cdb3) xor     s11, a5, a4
core   0: 3 0x80004314 (0x00e7cdb3) x27 0x6a819000
core   0: 0x80004318 (0x008fa933) slt     s2, t6, s0
core   0: 3 0x80004318 (0x008fa933) x18 0x00000000
core   0: 0x8000431c (0x41bb8cb3) sub     s9, s7, s11
core   0: 3 0x8000431c (0x41bb8cb3) x25 0x557e7000
core   0: 0x80004320 (0x01c118b3) sll     a7, sp, t3
core   0: 3 0x80004320 (0x01c118b3) x17 0x02000000
core   0: 0x80004324 (0x0099c7b3) xor     a5, s3, s1
core   0: 3 0x80004324 (0x0099c7b3) x15 0x80015ce4
core   0: 0x80004328 (0x010d8e33) add     t3, s11, a6
core   0: 3 0x80004328 (0x010d8e33) x28 0x6a819000
core   0: 0x8000432c (0x006e9193) slli    gp, t4, 6
core   0: 3 0x8000432c (0x006e9193) x 3 0x00000000
core   0: 0x80004330 (0x49087f93) andi    t6, a6, 1168
core   0: 3 0x80004330 (0x49087f93) x31 0x00000000
core   0: 0x80004334 (0x01e64633) xor     a2, a2, t5
core   0: 3 0x80004334 (0x01e64633) x12 0x00000001
core   0: 0x80004338 (0x00c9d193) srli    gp, s3, 12
core   0: 3 0x80004338 (0x00c9d193) x 3 0x00000000
core   0: 0x8000433c (0xc7a8bf93) sltiu   t6, a7, -902
core   0: 3 0x8000433c (0xc7a8bf93) x31 0x00000001
core   0: 0x80004340 (0x00fe5613) srli    a2, t3, 15
core   0: 3 0x80004340 (0x00fe5613) x12 0x0000d503
core   0: 0x80004344 (0x41c50933) sub     s2, a0, t3
core   0: 3 0x80004344 (0x41c50933) x18 0x957e7002
core   0: 0x80004348 (0x00481bb3) sll     s7, a6, tp
core   0: 3 0x80004348 (0x00481bb3) x23 0x00000000
core   0: 0x8000434c (0x01c85cb3) srl     s9, a6, t3
core   0: 3 0x8000434c (0x01c85cb3) x25 0x00000000
core   0: 0x80004350 (0x011fdcb3) srl     s9, t6, a7
core   0: 3 0x80004350 (0x011fdcb3) x25 0x00000001
core   0: 0x80004354 (0x3b6ac193) xori    gp, s5, 950
core   0: 3 0x80004354 (0x3b6ac193) x 3 0xfa48acef
core   0: 0x80004358 (0x7fe4bc93) sltiu   s9, s1, 2046
core   0: 3 0x80004358 (0x7fe4bc93) x25 0x00000000
core   0: 0x8000435c (0x4159d8b3) sra     a7, s3, s5
core   0: 3 0x8000435c (0x4159d8b3) x17 0x00000000
core   0: 0x80004360 (0x01d7f033) and     zero, a5, t4
core   0: 3 0x80004360 (0x01d7f033)
core   0: 0x80004364 (0x34694313) xori    t1, s2, 838
core   0: 3 0x80004364 (0x34694313) x 6 0x957e7344
core   0: 0x80004368 (0x016ed5b3) srl     a1, t4, s6
core   0: 3 0x80004368 (0x016ed5b3) x11 0x00000000
core   0: 0x8000436c (0x00cf42b3) xor     t0, t5, a2
core   0: 3 0x8000436c (0x00cf42b3) x 5 0x0000d503
core   0: 0x80004370 (0x01f7f5b3) and     a1, a5, t6
core   0: 3 0x80004370 (0x01f7f5b3) x11 0x00000000
core   0: 0x80004374 (0xe4d3bc93) sltiu   s9, t2, -435
core   0: 3 0x80004374 (0xe4d3bc93) x25 0x00000001
core   0: 0x80004378 (0x409ef693) andi    a3, t4, 1033
core   0: 3 0x80004378 (0x409ef693) x13 0x00000000
core   0: 0x8000437c (0x01cfa6b3) slt     a3, t6, t3
core   0: 3 0x8000437c (0x01cfa6b3) x13 0x00000001
core   0: 0x80004380 (0x0168f133) and     sp, a7, s6
core   0: 3 0x80004380 (0x0168f133) x 2 0x00000000
core   0: 0x80004384 (0x01c5d593) srli    a1, a1, 28
core   0: 3 0x80004384 (0x01c5d593) x11 0x00000000
core   0: 0x80004388 (0x01817833) and     a6, sp, s8
core   0: 3 0x80004388 (0x01817833) x16 0x00000000
core   0: 0x8000438c (0x00d41033) sll     zero, s0, a3
core   0: 3 0x8000438c (0x00d41033)
core   0: 0x80004390 (0xc5d54593) xori    a1, a0, -931
core   0: 3 0x80004390 (0xc5d54593) x11 0xfffffc5f
core   0: 0x80004394 (0x017eedb3) or      s11, t4, s7
core   0: 3 0x80004394 (0x017eedb3) x27 0x00000000
core   0: 0x80004398 (0x405cc1b7) lui     gp, 0x405cc
core   0: 3 0x80004398 (0x405cc1b7) x 3 0x405cc000
core   0: 0x8000439c (0x78b1dbb7) lui     s7, 0x78b1d
core   0: 3 0x8000439c (0x78b1dbb7) x23 0x78b1d000
core   0: 0x800043a0 (0xe27c3b93) sltiu   s7, s8, -473
core   0: 3 0x800043a0 (0xe27c3b93) x23 0x00000001
core   0: 0x800043a4 (0x411dc317) auipc   t1, 0x411dc
core   0: 3 0x800043a4 (0x411dc317) x 6 0xc11e03a4
core   0: 0x800043a8 (0x418adfb3) sra     t6, s5, s8
core   0: 3 0x800043a8 (0x418adfb3) x31 0xfa48af59
core   0: 0x800043ac (0x40095f33) sra     t5, s2, zero
core   0: 3 0x800043ac (0x40095f33) x30 0x957e7002
core   0: 0x800043b0 (0x00000013) nop
core   0: 3 0x800043b0 (0x00000013)
core   0: 0x800043b4 (0x41a885b3) sub     a1, a7, s10
core   0: 3 0x800043b4 (0x41a885b3) x11 0x00000000
core   0: 0x800043b8 (0x01750933) add     s2, a0, s7
core   0: 3 0x800043b8 (0x01750933) x18 0x00000003
core   0: 0x800043bc (0x1968b1b7) lui     gp, 0x1968b
core   0: 3 0x800043bc (0x1968b1b7) x 3 0x1968b000
core   0: 0x800043c0 (0x00d197b3) sll     a5, gp, a3
core   0: 3 0x800043c0 (0x00d197b3) x15 0x32d16000
core   0: 0x800043c4 (0x00a610b3) sll     ra, a2, a0
core   0: 3 0x800043c4 (0x00a610b3) x 1 0x0003540c
core   0: 0x800043c8 (0x5ef7f293) andi    t0, a5, 1519
core   0: 3 0x800043c8 (0x5ef7f293) x 5 0x00000000
core   0: 0x800043cc (0x009e38b3) sltu    a7, t3, s1
core   0: 3 0x800043cc (0x009e38b3) x17 0x00000001
core   0: 0x800043d0 (0x00f5ab33) slt     s6, a1, a5
core   0: 3 0x800043d0 (0x00f5ab33) x22 0x00000001
core   0: 0x800043d4 (0xea70d7b7) lui     a5, 0xea70d
core   0: 3 0x800043d4 (0xea70d7b7) x15 0xea70d000
core   0: 0x800043d8 (0x40558a33) sub     s4, a1, t0
core   0: 3 0x800043d8 (0x40558a33) x20 0x00000000
core   0: 0x800043dc (0x97963c13) sltiu   s8, a2, -1671
core   0: 3 0x800043dc (0x97963c13) x24 0x00000001
core   0: 0x800043e0 (0x40ff0633) sub     a2, t5, a5
core   0: 3 0x800043e0 (0x40ff0633) x12 0xab0da002
core   0: 0x800043e4 (0x7f478e97) auipc   t4, 0x7f478
core   0: 3 0x800043e4 (0x7f478e97) x29 0xff47c3e4
core   0: 0x800043e8 (0xbc224f13) xori    t5, tp, -1086
core   0: 3 0x800043e8 (0xbc224f13) x30 0x013c6abf
core   0: 0x800043ec (0x00ba5533) srl     a0, s4, a1
core   0: 3 0x800043ec (0x00ba5533) x10 0x00000000
core   0: 0x800043f0 (0xb4eb4993) xori    s3, s6, -1202
core   0: 3 0x800043f0 (0xb4eb4993) x19 0xfffffb4f
core   0: 0x800043f4 (0x00684533) xor     a0, a6, t1
core   0: 3 0x800043f4 (0x00684533) x10 0xc11e03a4
core   0: 0x800043f8 (0x00613f33) sltu    t5, sp, t1
core   0: 3 0x800043f8 (0x00613f33) x30 0x00000001
core   0: 0x800043fc (0x012fd033) srl     zero, t6, s2
core   0: 3 0x800043fc (0x012fd033)
core   0: 0x80004400 (0x56fd3c93) sltiu   s9, s10, 1391
core   0: 3 0x80004400 (0x56fd3c93) x25 0x00000001
core   0: 0x80004404 (0x00000013) nop
core   0: 3 0x80004404 (0x00000013)
core   0: 0x80004408 (0x4034d013) srai    zero, s1, 3
core   0: 3 0x80004408 (0x4034d013)
core   0: 0x8000440c (0x01c25293) srli    t0, tp, 28
core   0: 3 0x8000440c (0x01c25293) x 5 0x0000000f
core   0: 0x80004410 (0xc323a093) slti    ra, t2, -974
core   0: 3 0x80004410 (0xc323a093) x 1 0x00000001
core   0: 0x80004414 (0x00000013) nop
core   0: 3 0x80004414 (0x00000013)
core   0: 0x80004418 (0x00d3dd33) srl     s10, t2, a3
core   0: 3 0x80004418 (0x00d3dd33) x26 0x40008f32
core   0: 0x8000441c (0x00821333) sll     t1, tp, s0
core   0: 3 0x8000441c (0x00821333) x 6 0xfd8722fa
core   0: 0x80004420 (0x01761093) slli    ra, a2, 23
core   0: 3 0x80004420 (0x01761093) x 1 0x01000000
core   0: 0x80004424 (0x3813e293) ori     t0, t2, 897
core   0: 3 0x80004424 (0x3813e293) x 5 0x80011fe5
core   0: 0x80004428 (0x40845993) srai    s3, s0, 8
core   0: 3 0x80004428 (0x40845993) x19 0xff800000
core   0: 0x8000442c (0x00231a33) sll     s4, t1, sp
core   0: 3 0x8000442c (0x00231a33) x20 0xfd8722fa
core   0: 0x80004430 (0x006338b3) sltu    a7, t1, t1
core   0: 3 0x80004430 (0x006338b3) x17 0x00000000
core   0: 0x80004434 (0x01d602b3) add     t0, a2, t4
core   0: 3 0x80004434 (0x01d602b3) x 5 0xaa5563e6
core   0: 0x80004438 (0x003789b3) add     s3, a5, gp
core   0: 3 0x80004438 (0x003789b3) x19 0x03d98000
core   0: 0x8000443c (0x01d7ad33) slt     s10, a5, t4
core   0: 3 0x8000443c (0x01d7ad33) x26 0x00000001
core   0: 0x80004440 (0xc7e8ee93) ori     t4, a7, -898
core   0: 3 0x80004440 (0xc7e8ee93) x29 0xfffffc7e
core   0: 0x80004444 (0xb3080e93) addi    t4, a6, -1232
core   0: 3 0x80004444 (0xb3080e93) x29 0xfffffb30
core   0: 0x80004448 (0x00867d33) and     s10, a2, s0
core   0: 3 0x80004448 (0x00867d33) x26 0x80000000
core   0: 0x8000444c (0x000fdcb3) srl     s9, t6, zero
core   0: 3 0x8000444c (0x000fdcb3) x25 0xfa48af59
core   0: 0x80004450 (0x0024db13) srli    s6, s1, 2
core   0: 3 0x80004450 (0x0024db13) x22 0x20005739
core   0: 0x80004454 (0x01c44e33) xor     t3, s0, t3
core   0: 3 0x80004454 (0x01c44e33) x28 0xea819001
core   0: 0x80004458 (0x00640cb3) add     s9, s0, t1
core   0: 3 0x80004458 (0x00640cb3) x25 0x7d8722fb
core   0: 0x8000445c (0x41dd5633) sra     a2, s10, t4
core   0: 3 0x8000445c (0x41dd5633) x12 0xffff8000
core   0: 0x80004460 (0x00510cb3) add     s9, sp, t0
core   0: 3 0x80004460 (0x00510cb3) x25 0xaa5563e6
core   0: 0x80004464 (0x6ea51bb7) lui     s7, 0x6ea51
core   0: 3 0x80004464 (0x6ea51bb7) x23 0x6ea51000
core   0: 0x80004468 (0x013e6033) or      zero, t3, s3
core   0: 3 0x80004468 (0x013e6033)
core   0: 0x8000446c (0x0189eeb3) or      t4, s3, s8
core   0: 3 0x8000446c (0x0189eeb3) x29 0x03d98001
core   0: 0x80004470 (0x41dddc13) srai    s8, s11, 29
core   0: 3 0x80004470 (0x41dddc13) x24 0x00000000
core   0: 0x80004474 (0x00067e33) and     t3, a2, zero
core   0: 3 0x80004474 (0x00067e33) x28 0x00000000
core   0: 0x80004478 (0x02ca2193) slti    gp, s4, 44
core   0: 3 0x80004478 (0x02ca2193) x 3 0x00000001
core   0: 0x8000447c (0x01b9ff33) and     t5, s3, s11
core   0: 3 0x8000447c (0x01b9ff33) x30 0x00000000
core   0: 0x80004480 (0x41dc5513) srai    a0, s8, 29
core   0: 3 0x80004480 (0x41dc5513) x10 0x00000000
core   0: 0x80004484 (0x00cbd993) srli    s3, s7, 12
core   0: 3 0x80004484 (0x00cbd993) x19 0x0006ea51
core   0: 0x80004488 (0x1c6de813) ori     a6, s11, 454
core   0: 3 0x80004488 (0x1c6de813) x16 0x000001c6
core   0: 0x8000448c (0x003e3cb3) sltu    s9, t3, gp
core   0: 3 0x8000448c (0x003e3cb3) x25 0x00000001
core   0: 0x80004490 (0x005e9593) slli    a1, t4, 5
core   0: 3 0x80004490 (0x005e9593) x11 0x7b300020
core   0: 0x80004494 (0x2832e293) ori     t0, t0, 643
core   0: 3 0x80004494 (0x2832e293) x 5 0xaa5563e7
core   0: 0x80004498 (0x007cd333) srl     t1, s9, t2
core   0: 3 0x80004498 (0x007cd333) x 6 0x00000000
core   0: 0x8000449c (0x859aff37) lui     t5, 0x859af
core   0: 3 0x8000449c (0x859aff37) x30 0x859af000
core   0: 0x800044a0 (0xd9fceb93) ori     s7, s9, -609
core   0: 3 0x800044a0 (0xd9fceb93) x23 0xfffffd9f
core   0: 0x800044a4 (0x40bb50b3) sra     ra, s6, a1
core   0: 3 0x800044a4 (0x40bb50b3) x 1 0x20005739
core   0: 0x800044a8 (0xc4ba3913) sltiu   s2, s4, -949
core   0: 3 0x800044a8 (0xc4ba3913) x18 0x00000001
core   0: 0x800044ac (0x8d852793) slti    a5, a0, -1832
core   0: 3 0x800044ac (0x8d852793) x15 0x00000000
core   0: 0x800044b0 (0x848b0a13) addi    s4, s6, -1976
core   0: 3 0x800044b0 (0x848b0a13) x20 0x20004f81
core   0: 0x800044b4 (0x7572c293) xori    t0, t0, 1879
core   0: 3 0x800044b4 (0x7572c293) x 5 0xaa5564b0
core   0: 0x800044b8 (0xbf81c097) auipc   ra, 0xbf81c
core   0: 3 0x800044b8 (0xbf81c097) x 1 0x3f8204b8
core   0: 0x800044bc (0x01705a13) srli    s4, zero, 23
core   0: 3 0x800044bc (0x01705a13) x20 0x00000000
core   0: 0x800044c0 (0x1a1ba593) slti    a1, s7, 417
core   0: 3 0x800044c0 (0x1a1ba593) x11 0x00000001
core   0: 0x800044c4 (0x01c15ab3) srl     s5, sp, t3
core   0: 3 0x800044c4 (0x01c15ab3) x21 0x00000000
core   0: 0x800044c8 (0x00000013) nop
core   0: 3 0x800044c8 (0x00000013)
core   0: 0x800044cc (0x00000013) nop
core   0: 3 0x800044cc (0x00000013)
core   0: 0x800044d0 (0x40a8da33) sra     s4, a7, a0
core   0: 3 0x800044d0 (0x40a8da33) x20 0x00000000
core   0: 0x800044d4 (0x018c5313) srli    t1, s8, 24
core   0: 3 0x800044d4 (0x018c5313) x 6 0x00000000
core   0: 0x800044d8 (0x26cb8c93) addi    s9, s7, 620
core   0: 3 0x800044d8 (0x26cb8c93) x25 0x0000000b
core   0: 0x800044dc (0x00000013) nop
core   0: 3 0x800044dc (0x00000013)
core   0: 0x800044e0 (0x017085b3) add     a1, ra, s7
core   0: 3 0x800044e0 (0x017085b3) x11 0x3f820257
core   0: 0x800044e4 (0x008be7b3) or      a5, s7, s0
core   0: 3 0x800044e4 (0x008be7b3) x15 0xfffffd9f
core   0: 0x800044e8 (0x00238db3) add     s11, t2, sp
core   0: 3 0x800044e8 (0x00238db3) x27 0x80011e64
core   0: 0x800044ec (0xb5e74293) xori    t0, a4, -1186
core   0: 3 0x800044ec (0xb5e74293) x 5 0xfffffb5e
core   0: 0x800044f0 (0x00f297b3) sll     a5, t0, a5
core   0: 3 0x800044f0 (0x00f297b3) x15 0x00000000
core   0: 0x800044f4 (0x01493733) sltu    a4, s2, s4
core   0: 3 0x800044f4 (0x01493733) x14 0x00000000
core   0: 0x800044f8 (0x0002e7b3) or      a5, t0, zero
core   0: 3 0x800044f8 (0x0002e7b3) x15 0xfffffb5e
core   0: 0x800044fc (0x01e95e33) srl     t3, s2, t5
core   0: 3 0x800044fc (0x01e95e33) x28 0x00000001
core   0: 0x80004500 (0x01c72333) slt     t1, a4, t3
core   0: 3 0x80004500 (0x01c72333) x 6 0x00000001
core   0: 0x80004504 (0x00fe45b3) xor     a1, t3, a5
core   0: 3 0x80004504 (0x00fe45b3) x11 0xfffffb5f
core   0: 0x80004508 (0x016b5db3) srl     s11, s6, s6
core   0: 3 0x80004508 (0x016b5db3) x27 0x00000010
core   0: 0x8000450c (0x5f983993) sltiu   s3, a6, 1529
core   0: 3 0x8000450c (0x5f983993) x19 0x00000001
core   0: 0x80004510 (0x417a0ab3) sub     s5, s4, s7
core   0: 3 0x80004510 (0x417a0ab3) x21 0x00000261
core   0: 0x80004514 (0x408c87b3) sub     a5, s9, s0
core   0: 3 0x80004514 (0x408c87b3) x15 0x8000000a
core   0: 0x80004518 (0x41fc89b3) sub     s3, s9, t6
core   0: 3 0x80004518 (0x41fc89b3) x19 0x05b750b2
core   0: 0x8000451c (0x38d08b93) addi    s7, ra, 909
core   0: 3 0x8000451c (0x38d08b93) x23 0x3f820845
core   0: 0x80004520 (0x005689b3) add     s3, a3, t0
core   0: 3 0x80004520 (0x005689b3) x19 0xfffffb5f
core   0: 0x80004524 (0xd166b413) sltiu   s0, a3, -746
core   0: 3 0x80004524 (0xd166b413) x 8 0x00000001
core   0: 0x80004528 (0x402d8db3) sub     s11, s11, sp
core   0: 3 0x80004528 (0x402d8db3) x27 0x00000010
core   0: 0x8000452c (0x28daae37) lui     t3, 0x28daa
core   0: 3 0x8000452c (0x28daae37) x28 0x28daa000
core   0: 0x80004530 (0x53add697) auipc   a3, 0x53add
core   0: 3 0x80004530 (0x53add697) x13 0xd3ae1530
core   0: 0x80004534 (0x00fb1513) slli    a0, s6, 15
core   0: 3 0x80004534 (0x00fb1513) x10 0x2b9c8000
core   0: 0x80004538 (0x9daeeb13) ori     s6, t4, -1574
core   0: 3 0x80004538 (0x9daeeb13) x22 0xfffff9db
core   0: 0x8000453c (0x0088f2b3) and     t0, a7, s0
core   0: 3 0x8000453c (0x0088f2b3) x 5 0x00000000
core   0: 0x80004540 (0x019978b3) and     a7, s2, s9
core   0: 3 0x80004540 (0x019978b3) x17 0x00000001
core   0: 0x80004544 (0x01571e93) slli    t4, a4, 21
core   0: 3 0x80004544 (0x01571e93) x29 0x00000000
core   0: 0x80004548 (0x0023d733) srl     a4, t2, sp
core   0: 3 0x80004548 (0x0023d733) x14 0x80011e64
core   0: 0x8000454c (0x0115f1b3) and     gp, a1, a7
core   0: 3 0x8000454c (0x0115f1b3) x 3 0x00000001
core   0: 0x80004550 (0x011ab6b3) sltu    a3, s5, a7
core   0: 3 0x80004550 (0x011ab6b3) x13 0x00000000
core   0: 0x80004554 (0x41338733) sub     a4, t2, s3
core   0: 3 0x80004554 (0x41338733) x14 0x80012305
core   0: 0x80004558 (0xc4f7c093) xori    ra, a5, -945
core   0: 3 0x80004558 (0xc4f7c093) x 1 0x7ffffc45
core   0: 0x8000455c (0x01ed8eb3) add     t4, s11, t5
core   0: 3 0x8000455c (0x01ed8eb3) x29 0x859af010
core   0: 0x80004560 (0x0021a9b3) slt     s3, gp, sp
core   0: 3 0x80004560 (0x0021a9b3) x19 0x00000000
core   0: 0x80004564 (0x00d25db3) srl     s11, tp, a3
core   0: 3 0x80004564 (0x00d25db3) x27 0xfec3917d
core   0: 0x80004568 (0x01f1d2b3) srl     t0, gp, t6
core   0: 3 0x80004568 (0x01f1d2b3) x 5 0x00000000
core   0: 0x8000456c (0x001d4bb3) xor     s7, s10, ra
core   0: 3 0x8000456c (0x001d4bb3) x23 0xfffffc45
core   0: 0x80004570 (0x00000013) nop
core   0: 3 0x80004570 (0x00000013)
core   0: 0x80004574 (0x3dd47d97) auipc   s11, 0x3dd47
core   0: 3 0x80004574 (0x3dd47d97) x27 0xbdd4b574
core   0: 0x80004578 (0xa8717b93) andi    s7, sp, -1401
core   0: 3 0x80004578 (0xa8717b93) x23 0x00000000
core   0: 0x8000457c (0x8dd6f713) andi    a4, a3, -1827
core   0: 3 0x8000457c (0x8dd6f713) x14 0x00000000
core   0: 0x80004580 (0x01dfd7b3) srl     a5, t6, t4
core   0: 3 0x80004580 (0x01dfd7b3) x15 0x0000fa48
core   0: 0x80004584 (0x0026ba33) sltu    s4, a3, sp
core   0: 3 0x80004584 (0x0026ba33) x20 0x00000000
core   0: 0x80004588 (0xe0e10a93) addi    s5, sp, -498
core   0: 3 0x80004588 (0xe0e10a93) x21 0xfffffe0e
core   0: 0x8000458c (0x00689d13) slli    s10, a7, 6
core   0: 3 0x8000458c (0x00689d13) x26 0x00000040
core   0: 0x80004590 (0x0122d613) srli    a2, t0, 18
core   0: 3 0x80004590 (0x0122d613) x12 0x00000000
core   0: 0x80004594 (0x065b0713) addi    a4, s6, 101
core   0: 3 0x80004594 (0x065b0713) x14 0xfffffa40
core   0: 0x80004598 (0x00653033) sltu    zero, a0, t1
core   0: 3 0x80004598 (0x00653033)
core   0: 0x8000459c (0x00000013) nop
core   0: 3 0x8000459c (0x00000013)
core   0: 0x800045a0 (0x023b1337) lui     t1, 0x23b1
core   0: 3 0x800045a0 (0x023b1337) x 6 0x023b1000
core   0: 0x800045a4 (0xb6785737) lui     a4, 0xb6785
core   0: 3 0x800045a4 (0xb6785737) x14 0xb6785000
core   0: 0x800045a8 (0x002f65b3) or      a1, t5, sp
core   0: 3 0x800045a8 (0x002f65b3) x11 0x859af000
core   0: 0x800045ac (0x01de1093) slli    ra, t3, 29
core   0: 3 0x800045ac (0x01de1093) x 1 0x00000000
core   0: 0x800045b0 (0x00908bb3) add     s7, ra, s1
core   0: 3 0x800045b0 (0x00908bb3) x23 0x80015ce4
core   0: 0x800045b4 (0x91720b13) addi    s6, tp, -1769
core   0: 3 0x800045b4 (0x91720b13) x22 0xfec38a94
core   0: 0x800045b8 (0x01922c33) slt     s8, tp, s9
core   0: 3 0x800045b8 (0x01922c33) x24 0x00000001
core   0: 0x800045bc (0x00455b13) srli    s6, a0, 4
core   0: 3 0x800045bc (0x00455b13) x22 0x02b9c800
core   0: 0x800045c0 (0x0152ccb3) xor     s9, t0, s5
core   0: 3 0x800045c0 (0x0152ccb3) x25 0xfffffe0e
core   0: 0x800045c4 (0x01a81613) slli    a2, a6, 26
core   0: 3 0x800045c4 (0x01a81613) x12 0x18000000
core   0: 0x800045c8 (0x92583693) sltiu   a3, a6, -1755
core   0: 3 0x800045c8 (0x92583693) x13 0x00000001
core   0: 0x800045cc (0x41125313) srai    t1, tp, 17
core   0: 3 0x800045cc (0x41125313) x 6 0xffffff61
core   0: 0x800045d0 (0x01f85333) srl     t1, a6, t6
core   0: 3 0x800045d0 (0x01f85333) x 6 0x00000000
core   0: 0x800045d4 (0x33a2b893) sltiu   a7, t0, 826
core   0: 3 0x800045d4 (0x33a2b893) x17 0x00000001
core   0: 0x800045d8 (0x008a1bb3) sll     s7, s4, s0
core   0: 3 0x800045d8 (0x008a1bb3) x23 0x00000000
core   0: 0x800045dc (0x00fa36b3) sltu    a3, s4, a5
core   0: 3 0x800045dc (0x00fa36b3) x13 0x00000001
core   0: 0x800045e0 (0xf3a88e93) addi    t4, a7, -198
core   0: 3 0x800045e0 (0xf3a88e93) x29 0xffffff3b
core   0: 0x800045e4 (0x018951b3) srl     gp, s2, s8
core   0: 3 0x800045e4 (0x018951b3) x 3 0x00000000
core   0: 0x800045e8 (0x00df7533) and     a0, t5, a3
core   0: 3 0x800045e8 (0x00df7533) x10 0x00000000
core   0: 0x800045ec (0x01b67a33) and     s4, a2, s11
core   0: 3 0x800045ec (0x01b67a33) x20 0x18000000
core   0: 0x800045f0 (0x01f69db3) sll     s11, a3, t6
core   0: 3 0x800045f0 (0x01f69db3) x27 0x02000000
core   0: 0x800045f4 (0x993ed637) lui     a2, 0x993ed
core   0: 3 0x800045f4 (0x993ed637) x12 0x993ed000
core   0: 0x800045f8 (0xb2dd4013) xori    zero, s10, -1235
core   0: 3 0x800045f8 (0xb2dd4013)
core   0: 0x800045fc (0x40f80d33) sub     s10, a6, a5
core   0: 3 0x800045fc (0x40f80d33) x26 0xffff077e
core   0: 0x80004600 (0x007eb9b3) sltu    s3, t4, t2
core   0: 3 0x80004600 (0x007eb9b3) x19 0x00000000
core   0: 0x80004604 (0x01ea3eb3) sltu    t4, s4, t5
core   0: 3 0x80004604 (0x01ea3eb3) x29 0x00000001
core   0: 0x80004608 (0x01651c13) slli    s8, a0, 22
core   0: 3 0x80004608 (0x01651c13) x24 0x00000000
core   0: 0x8000460c (0x01b46c33) or      s8, s0, s11
core   0: 3 0x8000460c (0x01b46c33) x24 0x02000001
core   0: 0x80004610 (0x8a328313) addi    t1, t0, -1885
core   0: 3 0x80004610 (0x8a328313) x 6 0xfffff8a3
core   0: 0x80004614 (0x0e3c8f93) addi    t6, s9, 227
core   0: 3 0x80004614 (0x0e3c8f93) x31 0xfffffef1
core   0: 0x80004618 (0x351d8a13) addi    s4, s11, 849
core   0: 3 0x80004618 (0x351d8a13) x20 0x02000351
core   0: 0x8000461c (0x52949b17) auipc   s6, 0x52949
core   0: 3 0x8000461c (0x52949b17) x22 0xd294d61c
core   0: 0x80004620 (0x011f47b3) xor     a5, t5, a7
core   0: 3 0x80004620 (0x011f47b3) x15 0x859af001
core   0: 0x80004624 (0x01d4ddb3) srl     s11, s1, t4
core   0: 3 0x80004624 (0x01d4ddb3) x27 0x4000ae72
core   0: 0x80004628 (0xf9c1c713) xori    a4, gp, -100
core   0: 3 0x80004628 (0xf9c1c713) x14 0xffffff9c
core   0: 0x8000462c (0x403dd8b3) sra     a7, s11, gp
core   0: 3 0x8000462c (0x403dd8b3) x17 0x4000ae72
core   0: 0x80004630 (0x40d40db3) sub     s11, s0, a3
core   0: 3 0x80004630 (0x40d40db3) x27 0x00000000
core   0: 0x80004634 (0x22510813) addi    a6, sp, 549
core   0: 3 0x80004634 (0x22510813) x16 0x00000225
core   0: 0x80004638 (0x25ea09b7) lui     s3, 0x25ea0
core   0: 3 0x80004638 (0x25ea09b7) x19 0x25ea0000
core   0: 0x8000463c (0x005ba0b3) slt     ra, s7, t0
core   0: 3 0x8000463c (0x005ba0b3) x 1 0x00000000
core   0: 0x80004640 (0x41775293) srai    t0, a4, 23
core   0: 3 0x80004640 (0x41775293) x 5 0xffffffff
core   0: 0x80004644 (0x00a54333) xor     t1, a0, a0
core   0: 3 0x80004644 (0x00a54333) x 6 0x00000000
core   0: 0x80004648 (0x00142633) slt     a2, s0, ra
core   0: 3 0x80004648 (0x00142633) x12 0x00000000
core   0: 0x8000464c (0x47706193) ori     gp, zero, 1143
core   0: 3 0x8000464c (0x47706193) x 3 0x00000477
core   0: 0x80004650 (0x40510fb3) sub     t6, sp, t0
core   0: 3 0x80004650 (0x40510fb3) x31 0x00000001
core   0: 0x80004654 (0x00572f33) slt     t5, a4, t0
core   0: 3 0x80004654 (0x00572f33) x30 0x00000001
core   0: 0x80004658 (0x08e9b513) sltiu   a0, s3, 142
core   0: 3 0x80004658 (0x08e9b513) x10 0x00000000
core   0: 0x8000465c (0x013d41b3) xor     gp, s10, s3
core   0: 3 0x8000465c (0x013d41b3) x 3 0xda15077e
core   0: 0x80004660 (0x014fa833) slt     a6, t6, s4
core   0: 3 0x80004660 (0x014fa833) x16 0x00000001
core   0: 0x80004664 (0x4175df33) sra     t5, a1, s7
core   0: 3 0x80004664 (0x4175df33) x30 0x859af000
core   0: 0x80004668 (0x018e4bb3) xor     s7, t3, s8
core   0: 3 0x80004668 (0x018e4bb3) x23 0x2adaa001
core   0: 0x8000466c (0x41a35b13) srai    s6, t1, 26
core   0: 3 0x8000466c (0x41a35b13) x22 0x00000000
core   0: 0x80004670 (0x01679833) sll     a6, a5, s6
core   0: 3 0x80004670 (0x01679833) x16 0x859af001
core   0: 0x80004674 (0x5b16ec13) ori     s8, a3, 1457
core   0: 3 0x80004674 (0x5b16ec13) x24 0x000005b1
core   0: 0x80004678 (0x011dee33) or      t3, s11, a7
core   0: 3 0x80004678 (0x011dee33) x28 0x4000ae72
core   0: 0x8000467c (0x001c7f33) and     t5, s8, ra
core   0: 3 0x8000467c (0x001c7f33) x30 0x00000000
core   0: 0x80004680 (0x50faac13) slti    s8, s5, 1295
core   0: 3 0x80004680 (0x50faac13) x24 0x00000001
core   0: 0x80004684 (0x750c8293) addi    t0, s9, 1872
core   0: 3 0x80004684 (0x750c8293) x 5 0x0000055e
core   0: 0x80004688 (0x00000013) nop
core   0: 3 0x80004688 (0x00000013)
core   0: 0x8000468c (0xbd15ec13) ori     s8, a1, -1071
core   0: 3 0x8000468c (0xbd15ec13) x24 0xfffffbd1
core   0: 0x80004690 (0xcddc4a93) xori    s5, s8, -803
core   0: 3 0x80004690 (0xcddc4a93) x21 0x0000070c
core   0: 0x80004694 (0xf4e5d197) auipc   gp, 0xf4e5d
core   0: 3 0x80004694 (0xf4e5d197) x 3 0x74e61694
core   0: 0x80004698 (0x00641433) sll     s0, s0, t1
core   0: 3 0x80004698 (0x00641433) x 8 0x00000001
core   0: 0x8000469c (0x01dc45b3) xor     a1, s8, t4
core   0: 3 0x8000469c (0x01dc45b3) x11 0xfffffbd0
core   0: 0x800046a0 (0x008f5413) srli    s0, t5, 8
core   0: 3 0x800046a0 (0x008f5413) x 8 0x00000000
core   0: 0x800046a4 (0x00000013) nop
core   0: 3 0x800046a4 (0x00000013)
core   0: 0x800046a8 (0x01147e33) and     t3, s0, a7
core   0: 3 0x800046a8 (0x01147e33) x28 0x00000000
core   0: 0x800046ac (0x9cb93693) sltiu   a3, s2, -1589
core   0: 3 0x800046ac (0x9cb93693) x13 0x00000001
core   0: 0x800046b0 (0x85a07d37) lui     s10, 0x85a07
core   0: 3 0x800046b0 (0x85a07d37) x26 0x85a07000
core   0: 0x800046b4 (0x00099cb3) sll     s9, s3, zero
core   0: 3 0x800046b4 (0x00099cb3) x25 0x25ea0000
core   0: 0x800046b8 (0xde7ea093) slti    ra, t4, -537
core   0: 3 0x800046b8 (0xde7ea093) x 1 0x00000000
core   0: 0x800046bc (0x00db5433) srl     s0, s6, a3
core   0: 3 0x800046bc (0x00db5433) x 8 0x00000000
core   0: 0x800046c0 (0x01479c93) slli    s9, a5, 20
core   0: 3 0x800046c0 (0x01479c93) x25 0x00100000
core   0: 0x800046c4 (0x16f3bf37) lui     t5, 0x16f3b
core   0: 3 0x800046c4 (0x16f3bf37) x30 0x16f3b000
core   0: 0x800046c8 (0x40615733) sra     a4, sp, t1
core   0: 3 0x800046c8 (0x40615733) x14 0x00000000
core   0: 0x800046cc (0x00e46133) or      sp, s0, a4
core   0: 3 0x800046cc (0x00e46133) x 2 0x00000000
core   0: 0x800046d0 (0x010e5813) srli    a6, t3, 16
core   0: 3 0x800046d0 (0x010e5813) x16 0x00000000
core   0: 0x800046d4 (0x41f05e93) srai    t4, zero, 31
core   0: 3 0x800046d4 (0x41f05e93) x29 0x00000000
core   0: 0x800046d8 (0x95ea0337) lui     t1, 0x95ea0
core   0: 3 0x800046d8 (0x95ea0337) x 6 0x95ea0000
core   0: 0x800046dc (0x00000013) nop
core   0: 3 0x800046dc (0x00000013)
core   0: 0x800046e0 (0x016f7fb3) and     t6, t5, s6
core   0: 3 0x800046e0 (0x016f7fb3) x31 0x00000000
core   0: 0x800046e4 (0x00d89f93) slli    t6, a7, 13
core   0: 3 0x800046e4 (0x00d89f93) x31 0x15ce4000
core   0: 0x800046e8 (0x00000013) nop
core   0: 3 0x800046e8 (0x00000013)
core   0: 0x800046ec (0x3d61fc13) andi    s8, gp, 982
core   0: 3 0x800046ec (0x3d61fc13) x24 0x00000294
core   0: 0x800046f0 (0x4f826f13) ori     t5, tp, 1272
core   0: 3 0x800046f0 (0x4f826f13) x30 0xfec395fd
core   0: 0x800046f4 (0x00b7d8b3) srl     a7, a5, a1
core   0: 3 0x800046f4 (0x00b7d8b3) x17 0x0000859a
core   0: 0x800046f8 (0x00c7f933) and     s2, a5, a2
core   0: 3 0x800046f8 (0x00c7f933) x18 0x00000000
core   0: 0x800046fc (0x0146c533) xor     a0, a3, s4
core   0: 3 0x800046fc (0x0146c533) x10 0x02000350
core   0: 0x80004700 (0x0100cdb3) xor     s11, ra, a6
core   0: 3 0x80004700 (0x0100cdb3) x27 0x00000000
core   0: 0x80004704 (0x279de737) lui     a4, 0x279de
core   0: 3 0x80004704 (0x279de737) x14 0x279de000
core   0: 0x80004708 (0xccd4a013) slti    zero, s1, -819
core   0: 3 0x80004708 (0xccd4a013)
core   0: 0x8000470c (0x25074f97) auipc   t6, 0x25074
core   0: 3 0x8000470c (0x25074f97) x31 0xa507870c
core   0: 0x80004710 (0x7396b637) lui     a2, 0x7396b
core   0: 3 0x80004710 (0x7396b637) x12 0x7396b000
core   0: 0x80004714 (0x00367eb3) and     t4, a2, gp
core   0: 3 0x80004714 (0x00367eb3) x29 0x70861000
core   0: 0x80004718 (0x01078633) add     a2, a5, a6
core   0: 3 0x80004718 (0x01078633) x12 0x859af001
core   0: 0x8000471c (0x01999e93) slli    t4, s3, 25
core   0: 3 0x8000471c (0x01999e93) x29 0x00000000
core   0: 0x80004720 (0x003debb3) or      s7, s11, gp
core   0: 3 0x80004720 (0x003debb3) x23 0x74e61694
core   0: 0x80004724 (0x00195193) srli    gp, s2, 1
core   0: 3 0x80004724 (0x00195193) x 3 0x00000000
core   0: 0x80004728 (0x402fd1b3) sra     gp, t6, sp
core   0: 3 0x80004728 (0x402fd1b3) x 3 0xa507870c
core   0: 0x8000472c (0x417e05b3) sub     a1, t3, s7
core   0: 3 0x8000472c (0x417e05b3) x11 0x8b19e96c
core   0: 0x80004730 (0xe3f7a593) slti    a1, a5, -449
core   0: 3 0x80004730 (0xe3f7a593) x11 0x00000001
core   0: 0x80004734 (0x41dd5e13) srai    t3, s10, 29
core   0: 3 0x80004734 (0x41dd5e13) x28 0xfffffffc
core   0: 0x80004738 (0x01c32bb3) slt     s7, t1, t3
core   0: 3 0x80004738 (0x01c32bb3) x23 0x00000001
core   0: 0x8000473c (0x009949b3) xor     s3, s2, s1
core   0: 3 0x8000473c (0x009949b3) x19 0x80015ce4
core   0: 0x80004740 (0x004fc033) xor     zero, t6, tp
core   0: 3 0x80004740 (0x004fc033)
core   0: 0x80004744 (0x008b8633) add     a2, s7, s0
core   0: 3 0x80004744 (0x008b8633) x12 0x00000001
core   0: 0x80004748 (0x403258b3) sra     a7, tp, gp
core   0: 3 0x80004748 (0x403258b3) x17 0xffffec39
core   0: 0x8000474c (0x010c9193) slli    gp, s9, 16
core   0: 3 0x8000474c (0x010c9193) x 3 0x00000000
core   0: 0x80004750 (0x0133c833) xor     a6, t2, s3
core   0: 3 0x80004750 (0x0133c833) x16 0x00004280
core   0: 0x80004754 (0x01d546b3) xor     a3, a0, t4
core   0: 3 0x80004754 (0x01d546b3) x13 0x02000350
core   0: 0x80004758 (0x00924eb3) xor     t4, tp, s1
core   0: 3 0x80004758 (0x00924eb3) x29 0x7ec2cd99
core   0: 0x8000475c (0x00c3e1b3) or      gp, t2, a2
core   0: 3 0x8000475c (0x00c3e1b3) x 3 0x80011e65
core   0: 0x80004760 (0xcdf3b093) sltiu   ra, t2, -801
core   0: 3 0x80004760 (0xcdf3b093) x 1 0x00000001
core   0: 0x80004764 (0x00d2d293) srli    t0, t0, 13
core   0: 3 0x80004764 (0x00d2d293) x 5 0x00000000
core   0: 0x80004768 (0x39a6b193) sltiu   gp, a3, 922
core   0: 3 0x80004768 (0x39a6b193) x 3 0x00000000
core   0: 0x8000476c (0x413cd893) srai    a7, s9, 19
core   0: 3 0x8000476c (0x413cd893) x17 0x00000002
core   0: 0x80004770 (0xf1a5ae13) slti    t3, a1, -230
core   0: 3 0x80004770 (0xf1a5ae13) x28 0x00000000
core   0: 0x80004774 (0x003c8133) add     sp, s9, gp
core   0: 3 0x80004774 (0x003c8133) x 2 0x00100000
core   0: 0x80004778 (0x402086b3) sub     a3, ra, sp
core   0: 3 0x80004778 (0x402086b3) x13 0xfff00001
core   0: 0x8000477c (0x00fa5ab3) srl     s5, s4, a5
core   0: 3 0x8000477c (0x00fa5ab3) x21 0x010001a8
core   0: 0x80004780 (0x003f7b33) and     s6, t5, gp
core   0: 3 0x80004780 (0x003f7b33) x22 0x00000000
core   0: 0x80004784 (0x40138c33) sub     s8, t2, ra
core   0: 3 0x80004784 (0x40138c33) x24 0x80011e63
core   0: 0x80004788 (0x135cf2b7) lui     t0, 0x135cf
core   0: 3 0x80004788 (0x135cf2b7) x 5 0x135cf000
core   0: 0x8000478c (0x015f7433) and     s0, t5, s5
core   0: 3 0x8000478c (0x015f7433) x 8 0x000001a8
core   0: 0x80004790 (0x01f29093) slli    ra, t0, 31
core   0: 3 0x80004790 (0x01f29093) x 1 0x00000000
core   0: 0x80004794 (0x0085f1b7) lui     gp, 0x85f
core   0: 3 0x80004794 (0x0085f1b7) x 3 0x0085f000
core   0: 0x80004798 (0x41b45d13) srai    s10, s0, 27
core   0: 3 0x80004798 (0x41b45d13) x26 0x00000000
core   0: 0x8000479c (0x40bd5093) srai    ra, s10, 11
core   0: 3 0x8000479c (0x40bd5093) x 1 0x00000000
core   0: 0x800047a0 (0x006375b3) and     a1, t1, t1
core   0: 3 0x800047a0 (0x006375b3) x11 0x95ea0000
core   0: 0x800047a4 (0x3746a713) slti    a4, a3, 884
core   0: 3 0x800047a4 (0x3746a713) x14 0x00000001
core   0: 0x800047a8 (0x00bd4c33) xor     s8, s10, a1
core   0: 3 0x800047a8 (0x00bd4c33) x24 0x95ea0000
core   0: 0x800047ac (0xb4823d17) auipc   s10, 0xb4823
core   0: 3 0x800047ac (0xb4823d17) x26 0x348277ac
core   0: 0x800047b0 (0x00fbdab3) srl     s5, s7, a5
core   0: 3 0x800047b0 (0x00fbdab3) x21 0x00000000
core   0: 0x800047b4 (0x01ebb7b3) sltu    a5, s7, t5
core   0: 3 0x800047b4 (0x01ebb7b3) x15 0x00000001
core   0: 0x800047b8 (0x41c35db3) sra     s11, t1, t3
core   0: 3 0x800047b8 (0x41c35db3) x27 0x95ea0000
core   0: 0x800047bc (0x01aa9633) sll     a2, s5, s10
core   0: 3 0x800047bc (0x01aa9633) x12 0x00000000
core   0: 0x800047c0 (0xbf993713) sltiu   a4, s2, -1031
core   0: 3 0x800047c0 (0xbf993713) x14 0x00000001
core   0: 0x800047c4 (0x41158533) sub     a0, a1, a7
core   0: 3 0x800047c4 (0x41158533) x10 0x95e9fffe
core   0: 0x800047c8 (0x00e1ccb3) xor     s9, gp, a4
core   0: 3 0x800047c8 (0x00e1ccb3) x25 0x0085f001
core   0: 0x800047cc (0x016198b3) sll     a7, gp, s6
core   0: 3 0x800047cc (0x016198b3) x17 0x0085f000
core   0: 0x800047d0 (0x5b682513) slti    a0, a6, 1462
core   0: 3 0x800047d0 (0x5b682513) x10 0x00000000
core   0: 0x800047d4 (0x14942693) slti    a3, s0, 329
core   0: 3 0x800047d4 (0x14942693) x13 0x00000000
core   0: 0x800047d8 (0x403dd513) srai    a0, s11, 3
core   0: 3 0x800047d8 (0x403dd513) x10 0xf2bd4000
core   0: 0x800047dc (0x0002d433) srl     s0, t0, zero
core   0: 3 0x800047dc (0x0002d433) x 8 0x135cf000
core   0: 0x800047e0 (0x0185bcb3) sltu    s9, a1, s8
core   0: 3 0x800047e0 (0x0185bcb3) x25 0x00000000
core   0: 0x800047e4 (0x00fc5733) srl     a4, s8, a5
core   0: 3 0x800047e4 (0x00fc5733) x14 0x4af50000
core   0: 0x800047e8 (0x411156b3) sra     a3, sp, a7
core   0: 3 0x800047e8 (0x411156b3) x13 0x00100000
core   0: 0x800047ec (0x41c82013) slti    zero, a6, 1052
core   0: 3 0x800047ec (0x41c82013)
core   0: 0x800047f0 (0x41615433) sra     s0, sp, s6
core   0: 3 0x800047f0 (0x41615433) x 8 0x00100000
core   0: 0x800047f4 (0xd5c32413) slti    s0, t1, -676
core   0: 3 0x800047f4 (0xd5c32413) x 8 0x00000001
core   0: 0x800047f8 (0x018c6db3) or      s11, s8, s8
core   0: 3 0x800047f8 (0x018c6db3) x27 0x95ea0000
core   0: 0x800047fc (0x4087d2b3) sra     t0, a5, s0
core   0: 3 0x800047fc (0x4087d2b3) x 5 0x00000000
core   0: 0x80004800 (0x6eb5fc13) andi    s8, a1, 1771
core   0: 3 0x80004800 (0x6eb5fc13) x24 0x00000000
core   0: 0x80004804 (0x415ed933) sra     s2, t4, s5
core   0: 3 0x80004804 (0x415ed933) x18 0x7ec2cd99
core   0: 0x80004808 (0x015d7b33) and     s6, s10, s5
core   0: 3 0x80004808 (0x015d7b33) x22 0x00000000
core   0: 0x8000480c (0x00555813) srli    a6, a0, 5
core   0: 3 0x8000480c (0x00555813) x16 0x0795ea00
core   0: 0x80004810 (0x00f24d33) xor     s10, tp, a5
core   0: 3 0x80004810 (0x00f24d33) x26 0xfec3917c
core   0: 0x80004814 (0x01133db3) sltu    s11, t1, a7
core   0: 3 0x80004814 (0x01133db3) x27 0x00000000
core   0: 0x80004818 (0x017a7a33) and     s4, s4, s7
core   0: 3 0x80004818 (0x017a7a33) x20 0x00000001
core   0: 0x8000481c (0x014e1a33) sll     s4, t3, s4
core   0: 3 0x8000481c (0x014e1a33) x20 0x00000000
core   0: 0x80004820 (0x41f0dab3) sra     s5, ra, t6
core   0: 3 0x80004820 (0x41f0dab3) x21 0x00000000
core   0: 0x80004824 (0x01fa4f33) xor     t5, s4, t6
core   0: 3 0x80004824 (0x01fa4f33) x30 0xa507870c
core   0: 0x80004828 (0x00e59c13) slli    s8, a1, 14
core   0: 3 0x80004828 (0x00e59c13) x24 0x80000000
core   0: 0x8000482c (0xbe719817) auipc   a6, 0xbe719
core   0: 3 0x8000482c (0xbe719817) x16 0x3e71d82c
core   0: 0x80004830 (0x38676713) ori     a4, a4, 902
core   0: 3 0x80004830 (0x38676713) x14 0x4af50386
core   0: 0x80004834 (0xa1227a13) andi    s4, tp, -1518
core   0: 3 0x80004834 (0xa1227a13) x20 0xfec39010
core   0: 0x80004838 (0x005ef713) andi    a4, t4, 5
core   0: 3 0x80004838 (0x005ef713) x14 0x00000001
core   0: 0x8000483c (0x00e59133) sll     sp, a1, a4
core   0: 3 0x8000483c (0x00e59133) x 2 0x2bd40000
core   0: 0x80004840 (0x90574d93) xori    s11, a4, -1787
core   0: 3 0x80004840 (0x90574d93) x27 0xfffff904
core   0: 0x80004844 (0x4084da13) srai    s4, s1, 8
core   0: 3 0x80004844 (0x4084da13) x20 0xff80015c
core   0: 0x80004848 (0x41a35513) srai    a0, t1, 26
core   0: 3 0x80004848 (0x41a35513) x10 0xffffffe5
core   0: 0x8000484c (0x41a15f13) srai    t5, sp, 26
core   0: 3 0x8000484c (0x41a15f13) x30 0x0000000a
core   0: 0x80004850 (0x00000013) nop
core   0: 3 0x80004850 (0x00000013)
core   0: 0x80004854 (0x1e2c1c97) auipc   s9, 0x1e2c1
core   0: 3 0x80004854 (0x1e2c1c97) x25 0x9e2c5854
core   0: 0x80004858 (0x41d151b3) sra     gp, sp, t4
core   0: 3 0x80004858 (0x41d151b3) x 3 0x00000015
core   0: 0x8000485c (0x01151693) slli    a3, a0, 17
core   0: 3 0x8000485c (0x01151693) x13 0xffca0000
core   0: 0x80004860 (0xa56a2013) slti    zero, s4, -1450
core   0: 3 0x80004860 (0xa56a2013)
core   0: 0x80004864 (0x01a35893) srli    a7, t1, 26
core   0: 3 0x80004864 (0x01a35893) x17 0x00000025
core   0: 0x80004868 (0x4148deb3) sra     t4, a7, s4
core   0: 3 0x80004868 (0x4148deb3) x29 0x00000000
core   0: 0x8000486c (0x01f5e333) or      t1, a1, t6
core   0: 3 0x8000486c (0x01f5e333) x 6 0xb5ef870c
core   0: 0x80004870 (0x97d7db97) auipc   s7, 0x97d7d
core   0: 3 0x80004870 (0x97d7db97) x23 0x17d81870
core   0: 0x80004874 (0x0a0c7b97) auipc   s7, 0xa0c7
core   0: 3 0x80004874 (0x0a0c7b97) x23 0x8a0cb874
core   0: 0x80004878 (0x091dbc13) sltiu   s8, s11, 145
core   0: 3 0x80004878 (0x091dbc13) x24 0x00000000
core   0: 0x8000487c (0x53317313) andi    t1, sp, 1331
core   0: 3 0x8000487c (0x53317313) x 6 0x00000000
core   0: 0x80004880 (0x3371ce97) auipc   t4, 0x3371c
core   0: 3 0x80004880 (0x3371ce97) x29 0xb3720880
core   0: 0x80004884 (0x1f1db097) auipc   ra, 0x1f1db
core   0: 3 0x80004884 (0x1f1db097) x 1 0x9f1df884
core   0: 0x80004888 (0x3ddee093) ori     ra, t4, 989
core   0: 3 0x80004888 (0x3ddee093) x 1 0xb3720bdd
core   0: 0x8000488c (0x5a498f93) addi    t6, s3, 1444
core   0: 3 0x8000488c (0x5a498f93) x31 0x80016288
core   0: 0x80004890 (0x00ed2cb3) slt     s9, s10, a4
core   0: 3 0x80004890 (0x00ed2cb3) x25 0x00000001
core   0: 0x80004894 (0x001abc33) sltu    s8, s5, ra
core   0: 3 0x80004894 (0x001abc33) x24 0x00000001
core   0: 0x80004898 (0xd0582c93) slti    s9, a6, -763
core   0: 3 0x80004898 (0xd0582c93) x25 0x00000000
core   0: 0x8000489c (0x9722a413) slti    s0, t0, -1678
core   0: 3 0x8000489c (0x9722a413) x 8 0x00000000
core   0: 0x800048a0 (0x00733933) sltu    s2, t1, t2
core   0: 3 0x800048a0 (0x00733933) x18 0x00000001
core   0: 0x800048a4 (0x01996533) or      a0, s2, s9
core   0: 3 0x800048a4 (0x01996533) x10 0x00000001
core   0: 0x800048a8 (0x925b3613) sltiu   a2, s6, -1755
core   0: 3 0x800048a8 (0x925b3613) x12 0x00000001
core   0: 0x800048ac (0x01cbdb93) srli    s7, s7, 28
core   0: 3 0x800048ac (0x01cbdb93) x23 0x00000008
core   0: 0x800048b0 (0xb500ec17) auipc   s8, 0xb500e
core   0: 3 0x800048b0 (0xb500ec17) x24 0x350128b0
core   0: 0x800048b4 (0x00000013) nop
core   0: 3 0x800048b4 (0x00000013)
core   0: 0x800048b8 (0x40e55733) sra     a4, a0, a4
core   0: 3 0x800048b8 (0x40e55733) x14 0x00000000
core   0: 0x800048bc (0x76a07817) auipc   a6, 0x76a07
core   0: 3 0x800048bc (0x76a07817) x16 0xf6a0b8bc
core   0: 0x800048c0 (0x01fc1433) sll     s0, s8, t6
core   0: 3 0x800048c0 (0x01fc1433) x 8 0x0128b000
core   0: 0x800048c4 (0x01e546b3) xor     a3, a0, t5
core   0: 3 0x800048c4 (0x01e546b3) x13 0x0000000b
core   0: 0x800048c8 (0x004bd1b3) srl     gp, s7, tp
core   0: 3 0x800048c8 (0x004bd1b3) x 3 0x00000000
core   0: 0x800048cc (0x9d053013) sltiu   zero, a0, -1584
core   0: 3 0x800048cc (0x9d053013)
core   0: 0x800048d0 (0xc5580893) addi    a7, a6, -939
core   0: 3 0x800048d0 (0xc5580893) x17 0xf6a0b511
core   0: 0x800048d4 (0x016da333) slt     t1, s11, s6
core   0: 3 0x800048d4 (0x016da333) x 6 0x00000001
core   0: 0x800048d8 (0x87286593) ori     a1, a6, -1934
core   0: 3 0x800048d8 (0x87286593) x11 0xfffff8fe
core   0: 0x800048dc (0x4552a613) slti    a2, t0, 1109
core   0: 3 0x800048dc (0x4552a613) x12 0x00000001
core   0: 0x800048e0 (0x01dab9b3) sltu    s3, s5, t4
core   0: 3 0x800048e0 (0x01dab9b3) x19 0x00000001
core   0: 0x800048e4 (0x00000013) nop
core   0: 3 0x800048e4 (0x00000013)
core   0: 0x800048e8 (0xcfaf7617) auipc   a2, 0xcfaf7
core   0: 3 0x800048e8 (0xcfaf7617) x12 0x4fafb8e8
core   0: 0x800048ec (0xefba4593) xori    a1, s4, -261
core   0: 3 0x800048ec (0xefba4593) x11 0x007fffa7
core   0: 0x800048f0 (0x9697f293) andi    t0, a5, -1687
core   0: 3 0x800048f0 (0x9697f293) x 5 0x00000001
core   0: 0x800048f4 (0x00fd1033) sll     zero, s10, a5
core   0: 3 0x800048f4 (0x00fd1033)
core   0: 0x800048f8 (0xf6170a13) addi    s4, a4, -159
core   0: 3 0x800048f8 (0xf6170a13) x20 0xffffff61
core   0: 0x800048fc (0x010ed033) srl     zero, t4, a6
core   0: 3 0x800048fc (0x010ed033)
core   0: 0x80004900 (0x00bf5813) srli    a6, t5, 11
core   0: 3 0x80004900 (0x00bf5813) x16 0x00000000
core   0: 0x80004904 (0x00059a33) sll     s4, a1, zero
core   0: 3 0x80004904 (0x00059a33) x20 0x007fffa7
core   0: 0x80004908 (0xc7fd7613) andi    a2, s10, -897
core   0: 3 0x80004908 (0xc7fd7613) x12 0xfec3907c
core   0: 0x8000490c (0x000e9db3) sll     s11, t4, zero
core   0: 3 0x8000490c (0x000e9db3) x27 0xb3720880
core   0: 0x80004910 (0x1de8a913) slti    s2, a7, 478
core   0: 3 0x80004910 (0x1de8a913) x18 0x00000001
core   0: 0x80004914 (0x01ab9313) slli    t1, s7, 26
core   0: 3 0x80004914 (0x01ab9313) x 6 0x20000000
core   0: 0x80004918 (0x07cb7317) auipc   t1, 0x7cb7
core   0: 3 0x80004918 (0x07cb7317) x 6 0x87cbb918
core   0: 0x8000491c (0x40ecddb3) sra     s11, s9, a4
core   0: 3 0x8000491c (0x40ecddb3) x27 0x00000000
core   0: 0x80004920 (0x01fbc2b3) xor     t0, s7, t6
core   0: 3 0x80004920 (0x01fbc2b3) x 5 0x80016280
core   0: 0x80004924 (0x01365713) srli    a4, a2, 19
core   0: 3 0x80004924 (0x01365713) x14 0x00001fd8
core   0: 0x80004928 (0x009110b3) sll     ra, sp, s1
core   0: 3 0x80004928 (0x009110b3) x 1 0xbd400000
core   0: 0x8000492c (0x011371b3) and     gp, t1, a7
core   0: 3 0x8000492c (0x011371b3) x 3 0x8680b110
core   0: 0x80004930 (0x01a76fb3) or      t6, a4, s10
core   0: 3 0x80004930 (0x01a76fb3) x31 0xfec39ffc
core   0: 0x80004934 (0x4146db93) srai    s7, a3, 20
core   0: 3 0x80004934 (0x4146db93) x23 0x00000000
core   0: 0x80004938 (0x744b8793) addi    a5, s7, 1860
core   0: 3 0x80004938 (0x744b8793) x15 0x00000744
core   0: 0x8000493c (0x007cd533) srl     a0, s9, t2
core   0: 3 0x8000493c (0x007cd533) x10 0x00000000
core   0: 0x80004940 (0x4c46a197) auipc   gp, 0x4c46a
core   0: 3 0x80004940 (0x4c46a197) x 3 0xcc46e940
core   0: 0x80004944 (0x0150dd33) srl     s10, ra, s5
core   0: 3 0x80004944 (0x0150dd33) x26 0xbd400000
core   0: 0x80004948 (0x93cdbf17) auipc   t5, 0x93cdb
core   0: 3 0x80004948 (0x93cdbf17) x30 0x13cdf948
core   0: 0x8000494c (0x00846433) or      s0, s0, s0
core   0: 3 0x8000494c (0x00846433) x 8 0x0128b000
core   0: 0x80004950 (0x0139c433) xor     s0, s3, s3
core   0: 3 0x80004950 (0x0139c433) x 8 0x00000000
core   0: 0x80004954 (0x41785513) srai    a0, a6, 23
core   0: 3 0x80004954 (0x41785513) x10 0x00000000
core   0: 0x80004958 (0xa3620693) addi    a3, tp, -1482
core   0: 3 0x80004958 (0xa3620693) x13 0xfec38bb3
core   0: 0x8000495c (0x992dee13) ori     t3, s11, -1646
core   0: 3 0x8000495c (0x992dee13) x28 0xfffff992
core   0: 0x80004960 (0x000b70b3) and     ra, s6, zero
core   0: 3 0x80004960 (0x000b70b3) x 1 0x00000000
core   0: 0x80004964 (0x01aa0833) add     a6, s4, s10
core   0: 3 0x80004964 (0x01aa0833) x16 0xbdbfffa7
core   0: 0x80004968 (0x0087d293) srli    t0, a5, 8
core   0: 3 0x80004968 (0x0087d293) x 5 0x00000007
core   0: 0x8000496c (0x97757093) andi    ra, a0, -1673
core   0: 3 0x8000496c (0x97757093) x 1 0x00000000
core   0: 0x80004970 (0x012d2733) slt     a4, s10, s2
core   0: 3 0x80004970 (0x012d2733) x14 0x00000001
core   0: 0x80004974 (0x0035e433) or      s0, a1, gp
core   0: 3 0x80004974 (0x0035e433) x 8 0xcc7fffe7
core   0: 0x80004978 (0x59c6b793) sltiu   a5, a3, 1436
core   0: 3 0x80004978 (0x59c6b793) x15 0x00000000
core   0: 0x8000497c (0xbf386413) ori     s0, a6, -1037
core   0: 3 0x8000497c (0xbf386413) x 8 0xfffffff7
core   0: 0x80004980 (0x6d1def13) ori     t5, s11, 1745
core   0: 3 0x80004980 (0x6d1def13) x30 0x000006d1
core   0: 0x80004984 (0xd7426313) ori     t1, tp, -652
core   0: 3 0x80004984 (0xd7426313) x 6 0xfffffd7d
core   0: 0x80004988 (0x01275733) srl     a4, a4, s2
core   0: 3 0x80004988 (0x01275733) x14 0x00000000
core   0: 0x8000498c (0x00cea1b3) slt     gp, t4, a2
core   0: 3 0x8000498c (0x00cea1b3) x 3 0x00000001
core   0: 0x80004990 (0xcdbae1b7) lui     gp, 0xcdbae
core   0: 3 0x80004990 (0xcdbae1b7) x 3 0xcdbae000
core   0: 0x80004994 (0x00be7933) and     s2, t3, a1
core   0: 3 0x80004994 (0x00be7933) x18 0x007ff982
core   0: 0x80004998 (0x0109d333) srl     t1, s3, a6
core   0: 3 0x80004998 (0x0109d333) x 6 0x00000000
core   0: 0x8000499c (0x0076f833) and     a6, a3, t2
core   0: 3 0x8000499c (0x0076f833) x16 0x80010a20
core   0: 0x800049a0 (0x00ae1193) slli    gp, t3, 10
core   0: 3 0x800049a0 (0x00ae1193) x 3 0xffe64800
core   0: 0x800049a4 (0x016f4733) xor     a4, t5, s6
core   0: 3 0x800049a4 (0x016f4733) x14 0x000006d1
core   0: 0x800049a8 (0x260cc593) xori    a1, s9, 608
core   0: 3 0x800049a8 (0x260cc593) x11 0x00000260
core   0: 0x800049ac (0x01c200b3) add     ra, tp, t3
core   0: 3 0x800049ac (0x01c200b3) x 1 0xfec38b0f
core   0: 0x800049b0 (0x01960633) add     a2, a2, s9
core   0: 3 0x800049b0 (0x01960633) x12 0xfec3907c
core   0: 0x800049b4 (0xa9cf2717) auipc   a4, 0xa9cf2
core   0: 3 0x800049b4 (0xa9cf2717) x14 0x29cf69b4
core   0: 0x800049b8 (0x70a46f93) ori     t6, s0, 1802
core   0: 3 0x800049b8 (0x70a46f93) x31 0xffffffff
core   0: 0x800049bc (0x01ef5613) srli    a2, t5, 30
core   0: 3 0x800049bc (0x01ef5613) x12 0x00000000
core   0: 0x800049c0 (0xf3493fb7) lui     t6, 0xf3493
core   0: 3 0x800049c0 (0xf3493fb7) x31 0xf3493000
core   0: 0x800049c4 (0x01acb133) sltu    sp, s9, s10
core   0: 3 0x800049c4 (0x01acb133) x 2 0x00000001
core   0: 0x800049c8 (0x29a92c97) auipc   s9, 0x29a92
core   0: 3 0x800049c8 (0x29a92c97) x25 0xa9a969c8
core   0: 0x800049cc (0x41d85d13) srai    s10, a6, 29
core   0: 3 0x800049cc (0x41d85d13) x26 0xfffffffc
core   0: 0x800049d0 (0x404b5fb3) sra     t6, s6, tp
core   0: 3 0x800049d0 (0x404b5fb3) x31 0x00000000
core   0: 0x800049d4 (0x01bfd093) srli    ra, t6, 27
core   0: 3 0x800049d4 (0x01bfd093) x 1 0x00000000
core   0: 0x800049d8 (0x415486b3) sub     a3, s1, s5
core   0: 3 0x800049d8 (0x415486b3) x13 0x80015ce4
core   0: 0x800049dc (0xb81f3293) sltiu   t0, t5, -1151
core   0: 3 0x800049dc (0xb81f3293) x 5 0x00000001
core   0: 0x800049e0 (0x494ccd13) xori    s10, s9, 1172
core   0: 3 0x800049e0 (0x494ccd13) x26 0xa9a96d5c
core   0: 0x800049e4 (0x23f7c293) xori    t0, a5, 575
core   0: 3 0x800049e4 (0x23f7c293) x 5 0x0000023f
core   0: 0x800049e8 (0x1f36b813) sltiu   a6, a3, 499
core   0: 3 0x800049e8 (0x1f36b813) x16 0x00000000
core   0: 0x800049ec (0x01509d13) slli    s10, ra, 21
core   0: 3 0x800049ec (0x01509d13) x26 0x00000000
core   0: 0x800049f0 (0x007c1313) slli    t1, s8, 7
core   0: 3 0x800049f0 (0x007c1313) x 6 0x80945800
core   0: 0x800049f4 (0x18dfbd13) sltiu   s10, t6, 397
core   0: 3 0x800049f4 (0x18dfbd13) x26 0x00000001
core   0: 0x800049f8 (0x3f090613) addi    a2, s2, 1008
core   0: 3 0x800049f8 (0x3f090613) x12 0x007ffd72
core   0: 0x800049fc (0x41ce80b3) sub     ra, t4, t3
core   0: 3 0x800049fc (0x41ce80b3) x 1 0xb3720eee
core   0: 0x80004a00 (0x01cea633) slt     a2, t4, t3
core   0: 3 0x80004a00 (0x01cea633) x12 0x00000001
core   0: 0x80004a04 (0x00ecd7b3) srl     a5, s9, a4
core   0: 3 0x80004a04 (0x00ecd7b3) x15 0x00000a9a
core   0: 0x80004a08 (0x017a9793) slli    a5, s5, 23
core   0: 3 0x80004a08 (0x017a9793) x15 0x00000000
core   0: 0x80004a0c (0x00000013) nop
core   0: 3 0x80004a0c (0x00000013)
core   0: 0x80004a10 (0xe0627093) andi    ra, tp, -506
core   0: 3 0x80004a10 (0xe0627093) x 1 0xfec39004
core   0: 0x80004a14 (0x016fc833) xor     a6, t6, s6
core   0: 3 0x80004a14 (0x016fc833) x16 0x00000000
core   0: 0x80004a18 (0x4069bb93) sltiu   s7, s3, 1030
core   0: 3 0x80004a18 (0x4069bb93) x23 0x00000001
core   0: 0x80004a1c (0x40040d33) sub     s10, s0, zero
core   0: 3 0x80004a1c (0x40040d33) x26 0xfffffff7
core   0: 0x80004a20 (0xa0119097) auipc   ra, 0xa0119
core   0: 3 0x80004a20 (0xa0119097) x 1 0x2011da20
core   0: 0x80004a24 (0x3e86a513) slti    a0, a3, 1000
core   0: 3 0x80004a24 (0x3e86a513) x10 0x00000001
core   0: 0x80004a28 (0x01c3f5b3) and     a1, t2, t3
core   0: 3 0x80004a28 (0x01c3f5b3) x11 0x80011800
core   0: 0x80004a2c (0xcb0d7f93) andi    t6, s10, -848
core   0: 3 0x80004a2c (0xcb0d7f93) x31 0xfffffcb0
core   0: 0x80004a30 (0x0120bab3) sltu    s5, ra, s2
core   0: 3 0x80004a30 (0x0120bab3) x21 0x00000000
core   0: 0x80004a34 (0x6c510b13) addi    s6, sp, 1733
core   0: 3 0x80004a34 (0x6c510b13) x22 0x000006c6
core   0: 0x80004a38 (0x009468b3) or      a7, s0, s1
core   0: 3 0x80004a38 (0x009468b3) x17 0xfffffff7
core   0: 0x80004a3c (0x779262b7) lui     t0, 0x77926
core   0: 3 0x80004a3c (0x779262b7) x 5 0x77926000
core   0: 0x80004a40 (0x402a8e33) sub     t3, s5, sp
core   0: 3 0x80004a40 (0x402a8e33) x28 0xffffffff
core   0: 0x80004a44 (0x01c25e93) srli    t4, tp, 28
core   0: 3 0x80004a44 (0x01c25e93) x29 0x0000000f
core   0: 0x80004a48 (0x402a8b33) sub     s6, s5, sp
core   0: 3 0x80004a48 (0x402a8b33) x22 0xffffffff
core   0: 0x80004a4c (0xd3b3c413) xori    s0, t2, -709
core   0: 3 0x80004a4c (0xd3b3c413) x 8 0x7ffee35f
core   0: 0x80004a50 (0xb7b9c193) xori    gp, s3, -1157
core   0: 3 0x80004a50 (0xb7b9c193) x 3 0xfffffb7a
core   0: 0x80004a54 (0x0037a733) slt     a4, a5, gp
core   0: 3 0x80004a54 (0x0037a733) x14 0x00000000
core   0: 0x80004a58 (0x537e7793) andi    a5, t3, 1335
core   0: 3 0x80004a58 (0x537e7793) x15 0x00000537
core   0: 0x80004a5c (0x00000013) nop
core   0: 3 0x80004a5c (0x00000013)
core   0: 0x80004a60 (0x4e070a93) addi    s5, a4, 1248
core   0: 3 0x80004a60 (0x4e070a93) x21 0x000004e0
core   0: 0x80004a64 (0x01a23433) sltu    s0, tp, s10
core   0: 3 0x80004a64 (0x01a23433) x 8 0x00000001
core   0: 0x80004a68 (0x8edb9cb7) lui     s9, 0x8edb9
core   0: 3 0x80004a68 (0x8edb9cb7) x25 0x8edb9000
core   0: 0x80004a6c (0x1fac7517) auipc   a0, 0x1fac7
core   0: 3 0x80004a6c (0x1fac7517) x10 0x9facba6c
core   0: 0x80004a70 (0x01a97fb3) and     t6, s2, s10
core   0: 3 0x80004a70 (0x01a97fb3) x31 0x007ff982
core   0: 0x80004a74 (0x22a27e13) andi    t3, tp, 554
core   0: 3 0x80004a74 (0x22a27e13) x28 0x00000028
core   0: 0x80004a78 (0x00969313) slli    t1, a3, 9
core   0: 3 0x80004a78 (0x00969313) x 6 0x02b9c800
core   0: 0x80004a7c (0x4ee70893) addi    a7, a4, 1262
core   0: 3 0x80004a7c (0x4ee70893) x17 0x000004ee
core   0: 0x80004a80 (0x41bf06b3) sub     a3, t5, s11
core   0: 3 0x80004a80 (0x41bf06b3) x13 0x000006d1
core   0: 0x80004a84 (0xd38c3a13) sltiu   s4, s8, -712
core   0: 3 0x80004a84 (0xd38c3a13) x20 0x00000001
core   0: 0x80004a88 (0x402e86b3) sub     a3, t4, sp
core   0: 3 0x80004a88 (0x402e86b3) x13 0x0000000e
core   0: 0x80004a8c (0x003affb3) and     t6, s5, gp
core   0: 3 0x80004a8c (0x003affb3) x31 0x00000060
core   0: 0x80004a90 (0x015e9013) slli    zero, t4, 21
core   0: 3 0x80004a90 (0x015e9013)
core   0: 0x80004a94 (0x002c2a33) slt     s4, s8, sp
core   0: 3 0x80004a94 (0x002c2a33) x20 0x00000000
core   0: 0x80004a98 (0x0068c633) xor     a2, a7, t1
core   0: 3 0x80004a98 (0x0068c633) x12 0x02b9ccee
core   0: 0x80004a9c (0x9f4ac293) xori    t0, s5, -1548
core   0: 3 0x80004a9c (0x9f4ac293) x 5 0xfffffd14
core   0: 0x80004aa0 (0x00e41a13) slli    s4, s0, 14
core   0: 3 0x80004aa0 (0x00e41a13) x20 0x00004000
core   0: 0x80004aa4 (0x012fca33) xor     s4, t6, s2
core   0: 3 0x80004aa4 (0x012fca33) x20 0x007ff9e2
core   0: 0x80004aa8 (0x1d56e993) ori     s3, a3, 469
core   0: 3 0x80004aa8 (0x1d56e993) x19 0x000001df
core   0: 0x80004aac (0x494ff193) andi    gp, t6, 1172
core   0: 3 0x80004aac (0x494ff193) x 3 0x00000000
core   0: 0x80004ab0 (0x018a1f33) sll     t5, s4, s8
core   0: 3 0x80004ab0 (0x018a1f33) x30 0xf9e20000
core   0: 0x80004ab4 (0x014561b3) or      gp, a0, s4
core   0: 3 0x80004ab4 (0x014561b3) x 3 0x9ffffbee
core   0: 0x80004ab8 (0xe86d3c93) sltiu   s9, s10, -378
core   0: 3 0x80004ab8 (0xe86d3c93) x25 0x00000000
core   0: 0x80004abc (0x015b9833) sll     a6, s7, s5
core   0: 3 0x80004abc (0x015b9833) x16 0x00000001
core   0: 0x80004ac0 (0x0237fb13) andi    s6, a5, 35
core   0: 3 0x80004ac0 (0x0237fb13) x22 0x00000023
core   0: 0x80004ac4 (0x01e3b5b3) sltu    a1, t2, t5
core   0: 3 0x80004ac4 (0x01e3b5b3) x11 0x00000001
core   0: 0x80004ac8 (0x00000013) nop
core   0: 3 0x80004ac8 (0x00000013)
core   0: 0x80004acc (0xe95fb413) sltiu   s0, t6, -363
core   0: 3 0x80004acc (0xe95fb413) x 8 0x00000001
core   0: 0x80004ad0 (0x52cd7993) andi    s3, s10, 1324
core   0: 3 0x80004ad0 (0x52cd7993) x19 0x00000524
core   0: 0x80004ad4 (0x00000013) nop
core   0: 3 0x80004ad4 (0x00000013)
core   0: 0x80004ad8 (0x8606fe37) lui     t3, 0x8606f
core   0: 3 0x80004ad8 (0x8606fe37) x28 0x8606f000
core   0: 0x80004adc (0x01c6eeb3) or      t4, a3, t3
core   0: 3 0x80004adc (0x01c6eeb3) x29 0x8606f00e
core   0: 0x80004ae0 (0x40e6d9b3) sra     s3, a3, a4
core   0: 3 0x80004ae0 (0x40e6d9b3) x19 0x0000000e
core   0: 0x80004ae4 (0x45c96613) ori     a2, s2, 1116
core   0: 3 0x80004ae4 (0x45c96613) x12 0x007ffdde
core   0: 0x80004ae8 (0x004c6cb3) or      s9, s8, tp
core   0: 3 0x80004ae8 (0x004c6cb3) x25 0xffc3b9fd
core   0: 0x80004aec (0x0141b533) sltu    a0, gp, s4
core   0: 3 0x80004aec (0x0141b533) x10 0x00000000
core   0: 0x80004af0 (0x7add8717) auipc   a4, 0x7add8
core   0: 3 0x80004af0 (0x7add8717) x14 0xfaddcaf0
core   0: 0x80004af4 (0x40b28eb3) sub     t4, t0, a1
core   0: 3 0x80004af4 (0x40b28eb3) x29 0xfffffd13
core   0: 0x80004af8 (0x41855cb3) sra     s9, a0, s8
core   0: 3 0x80004af8 (0x41855cb3) x25 0x00000000
core   0: 0x80004afc (0x0000ebb3) or      s7, ra, zero
core   0: 3 0x80004afc (0x0000ebb3) x23 0x2011da20
core   0: 0x80004b00 (0x01989b93) slli    s7, a7, 25
core   0: 3 0x80004b00 (0x01989b93) x23 0xdc000000
core   0: 0x80004b04 (0x41355133) sra     sp, a0, s3
core   0: 3 0x80004b04 (0x41355133) x 2 0x00000000
core   0: 0x80004b08 (0x29489137) lui     sp, 0x29489
core   0: 3 0x80004b08 (0x29489137) x 2 0x29489000
core   0: 0x80004b0c (0x007e7ab3) and     s5, t3, t2
core   0: 3 0x80004b0c (0x007e7ab3) x21 0x80001000
core   0: 0x80004b10 (0x01a3aab3) slt     s5, t2, s10
core   0: 3 0x80004b10 (0x01a3aab3) x21 0x00000001
core   0: 0x80004b14 (0x00000013) nop
core   0: 3 0x80004b14 (0x00000013)
core   0: 0x80004b18 (0x00776733) or      a4, a4, t2
core   0: 3 0x80004b18 (0x00776733) x14 0xfadddef4
core   0: 0x80004b1c (0x1f562a13) slti    s4, a2, 501
core   0: 3 0x80004b1c (0x1f562a13) x20 0x00000000
core   0: 0x80004b20 (0x41315a13) srai    s4, sp, 19
core   0: 3 0x80004b20 (0x41315a13) x20 0x00000529
core   0: 0x80004b24 (0x5edcc593) xori    a1, s9, 1517
core   0: 3 0x80004b24 (0x5edcc593) x11 0x000005ed
core   0: 0x80004b28 (0xd0c8f793) andi    a5, a7, -756
core   0: 3 0x80004b28 (0xd0c8f793) x15 0x0000040c
core   0: 0x80004b2c (0x016285b3) add     a1, t0, s6
core   0: 3 0x80004b2c (0x016285b3) x11 0xfffffd37
core   0: 0x80004b30 (0x002667b3) or      a5, a2, sp
core   0: 3 0x80004b30 (0x002667b3) x15 0x297ffdde
core   0: 0x80004b34 (0x000616b3) sll     a3, a2, zero
core   0: 3 0x80004b34 (0x000616b3) x13 0x007ffdde
core   0: 0x80004b38 (0x01b05033) srl     zero, zero, s11
core   0: 3 0x80004b38 (0x01b05033)
core   0: 0x80004b3c (0x5fddab13) slti    s6, s11, 1533
core   0: 3 0x80004b3c (0x5fddab13) x22 0x00000001
core   0: 0x80004b40 (0x41b9d813) srai    a6, s3, 27
core   0: 3 0x80004b40 (0x41b9d813) x16 0x00000000
core   0: 0x80004b44 (0x00bffa33) and     s4, t6, a1
core   0: 3 0x80004b44 (0x00bffa33) x20 0x00000020
core   0: 0x80004b48 (0x00d3e633) or      a2, t2, a3
core   0: 3 0x80004b48 (0x00d3e633) x12 0x807ffffe
core   0: 0x80004b4c (0x0150ac33) slt     s8, ra, s5
core   0: 3 0x80004b4c (0x0150ac33) x24 0x00000000
core   0: 0x80004b50 (0xd74ffeb7) lui     t4, 0xd74ff
core   0: 3 0x80004b50 (0xd74ffeb7) x29 0xd74ff000
core   0: 0x80004b54 (0x00000013) nop
core   0: 3 0x80004b54 (0x00000013)
core   0: 0x80004b58 (0x00000013) nop
core   0: 3 0x80004b58 (0x00000013)
core   0: 0x80004b5c (0x6a4bd117) auipc   sp, 0x6a4bd
core   0: 3 0x80004b5c (0x6a4bd117) x 2 0xea4c1b5c
core   0: 0x80004b60 (0x00b33833) sltu    a6, t1, a1
core   0: 3 0x80004b60 (0x00b33833) x16 0x00000001
core   0: 0x80004b64 (0x41c68433) sub     s0, a3, t3
core   0: 3 0x80004b64 (0x41c68433) x 8 0x7a790dde
core   0: 0x80004b68 (0x00d5ca33) xor     s4, a1, a3
core   0: 3 0x80004b68 (0x00d5ca33) x20 0xff8000e9
core   0: 0x80004b6c (0x01133bb3) sltu    s7, t1, a7
core   0: 3 0x80004b6c (0x01133bb3) x23 0x00000000
core   0: 0x80004b70 (0x2ada2613) slti    a2, s4, 685
core   0: 3 0x80004b70 (0x2ada2613) x12 0x00000001
core   0: 0x80004b74 (0x00ed3d33) sltu    s10, s10, a4
core   0: 3 0x80004b74 (0x00ed3d33) x26 0x00000000
core   0: 0x80004b78 (0x00174fb3) xor     t6, a4, ra
core   0: 3 0x80004b78 (0x00174fb3) x31 0xdacc04d4
core   0: 0x80004b7c (0x008e2333) slt     t1, t3, s0
core   0: 3 0x80004b7c (0x008e2333) x 6 0x00000001
core   0: 0x80004b80 (0x4e9aea93) ori     s5, s5, 1257
core   0: 3 0x80004b80 (0x4e9aea93) x21 0x000004e9
core   0: 0x80004b84 (0x2cf90613) addi    a2, s2, 719
core   0: 3 0x80004b84 (0x2cf90613) x12 0x007ffc51
core   0: 0x80004b88 (0x006246b3) xor     a3, tp, t1
core   0: 3 0x80004b88 (0x006246b3) x13 0xfec3917c
core   0: 0x80004b8c (0x0083a1b3) slt     gp, t2, s0
core   0: 3 0x80004b8c (0x0083a1b3) x 3 0x00000001
core   0: 0x80004b90 (0xb58cf613) andi    a2, s9, -1192
core   0: 3 0x80004b90 (0xb58cf613) x12 0x00000000
core   0: 0x80004b94 (0xb8307837) lui     a6, 0xb8307
core   0: 3 0x80004b94 (0xb8307837) x16 0xb8307000
core   0: 0x80004b98 (0x00f3f933) and     s2, t2, a5
core   0: 3 0x80004b98 (0x00f3f933) x18 0x00011c44
core   0: 0x80004b9c (0x40f20033) sub     zero, tp, a5
core   0: 3 0x80004b9c (0x40f20033)
core   0: 0x80004ba0 (0x0175e8b3) or      a7, a1, s7
core   0: 3 0x80004ba0 (0x0175e8b3) x17 0xfffffd37
core   0: 0x80004ba4 (0x10237913) andi    s2, t1, 258
core   0: 3 0x80004ba4 (0x10237913) x18 0x00000000
core   0: 0x80004ba8 (0x00604db3) xor     s11, zero, t1
core   0: 3 0x80004ba8 (0x00604db3) x27 0x00000001
core   0: 0x80004bac (0xadb44b13) xori    s6, s0, -1317
core   0: 3 0x80004bac (0xadb44b13) x22 0x8586f705
core   0: 0x80004bb0 (0x01eaeeb3) or      t4, s5, t5
core   0: 3 0x80004bb0 (0x01eaeeb3) x29 0xf9e204e9
core   0: 0x80004bb4 (0x0be9fd93) andi    s11, s3, 190
core   0: 3 0x80004bb4 (0x0be9fd93) x27 0x0000000e
core   0: 0x80004bb8 (0xa3727097) auipc   ra, 0xa3727
core   0: 3 0x80004bb8 (0xa3727097) x 1 0x2372bbb8
core   0: 0x80004bbc (0x432e0593) addi    a1, t3, 1074
core   0: 3 0x80004bbc (0x432e0593) x11 0x8606f432
core   0: 0x80004bc0 (0x01b27a17) auipc   s4, 0x1b27
core   0: 3 0x80004bc0 (0x01b27a17) x20 0x81b2bbc0
core   0: 0x80004bc4 (0x412b5013) srai    zero, s6, 18
core   0: 3 0x80004bc4 (0x412b5013)
core   0: 0x80004bc8 (0xaafc3993) sltiu   s3, s8, -1361
core   0: 3 0x80004bc8 (0xaafc3993) x19 0x00000001
core   0: 0x80004bcc (0x12f6bc93) sltiu   s9, a3, 303
core   0: 3 0x80004bcc (0x12f6bc93) x25 0x00000000
core   0: 0x80004bd0 (0x00bec5b3) xor     a1, t4, a1
core   0: 3 0x80004bd0 (0x00bec5b3) x11 0x7fe4f0db
core   0: 0x80004bd4 (0x001a8533) add     a0, s5, ra
core   0: 3 0x80004bd4 (0x001a8533) x10 0x2372c0a1
core   0: 0x80004bd8 (0x40605ab3) sra     s5, zero, t1
core   0: 3 0x80004bd8 (0x40605ab3) x21 0x00000000
core   0: 0x80004bdc (0x218c0113) addi    sp, s8, 536
core   0: 3 0x80004bdc (0x218c0113) x 2 0x00000218
core   0: 0x80004be0 (0x8a449bb7) lui     s7, 0x8a449
core   0: 3 0x80004be0 (0x8a449bb7) x23 0x8a449000
core   0: 0x80004be4 (0x1f14e793) ori     a5, s1, 497
core   0: 3 0x80004be4 (0x1f14e793) x15 0x80015df5
core   0: 0x80004be8 (0xcad3e513) ori     a0, t2, -851
core   0: 3 0x80004be8 (0xcad3e513) x10 0xfffffeed
core   0: 0x80004bec (0x017f1e13) slli    t3, t5, 23
core   0: 3 0x80004bec (0x017f1e13) x28 0x00000000
core   0: 0x80004bf0 (0x41a80033) sub     zero, a6, s10
core   0: 3 0x80004bf0 (0x41a80033)
core   0: 0x80004bf4 (0x4032de13) srai    t3, t0, 3
core   0: 3 0x80004bf4 (0x4032de13) x28 0xffffffa2
core   0: 0x80004bf8 (0x419ed9b3) sra     s3, t4, s9
core   0: 3 0x80004bf8 (0x419ed9b3) x19 0xf9e204e9
core   0: 0x80004bfc (0x89914f97) auipc   t6, 0x89914
core   0: 3 0x80004bfc (0x89914f97) x31 0x09918bfc
core   0: 0x80004c00 (0x00166133) or      sp, a2, ra
core   0: 3 0x80004c00 (0x00166133) x 2 0x2372bbb8
core   0: 0x80004c04 (0x002c2633) slt     a2, s8, sp
core   0: 3 0x80004c04 (0x002c2633) x12 0x00000001
core   0: 0x80004c08 (0x40c18533) sub     a0, gp, a2
core   0: 3 0x80004c08 (0x40c18533) x10 0x00000000
core   0: 0x80004c0c (0x402f8fb3) sub     t6, t6, sp
core   0: 3 0x80004c0c (0x402f8fb3) x31 0xe61ed044
core   0: 0x80004c10 (0x41d2d193) srai    gp, t0, 29
core   0: 3 0x80004c10 (0x41d2d193) x 3 0xffffffff
core   0: 0x80004c14 (0xb6a5b713) sltiu   a4, a1, -1174
core   0: 3 0x80004c14 (0xb6a5b713) x14 0x00000001
core   0: 0x80004c18 (0x41705a33) sra     s4, zero, s7
core   0: 3 0x80004c18 (0x41705a33) x20 0x00000000
core   0: 0x80004c1c (0x01545313) srli    t1, s0, 21
core   0: 3 0x80004c1c (0x01545313) x 6 0x000003d3
core   0: 0x80004c20 (0x01466ab3) or      s5, a2, s4
core   0: 3 0x80004c20 (0x01466ab3) x21 0x00000001
core   0: 0x80004c24 (0xdd280293) addi    t0, a6, -558
core   0: 3 0x80004c24 (0xdd280293) x 5 0xb8306dd2
core   0: 0x80004c28 (0x22a80613) addi    a2, a6, 554
core   0: 3 0x80004c28 (0x22a80613) x12 0xb830722a
core   0: 0x80004c2c (0xae618293) addi    t0, gp, -1306
core   0: 3 0x80004c2c (0xae618293) x 5 0xfffffae5
core   0: 0x80004c30 (0x007f51b3) srl     gp, t5, t2
core   0: 3 0x80004c30 (0x007f51b3) x 3 0x0f9e2000
core   0: 0x80004c34 (0x00e3e733) or      a4, t2, a4
core   0: 3 0x80004c34 (0x00e3e733) x14 0x80011e65
core   0: 0x80004c38 (0x00e4ad33) slt     s10, s1, a4
core   0: 3 0x80004c38 (0x00e4ad33) x26 0x00000000
core   0: 0x80004c3c (0x441c2513) slti    a0, s8, 1089
core   0: 3 0x80004c3c (0x441c2513) x10 0x00000001
core   0: 0x80004c40 (0x407e5fb3) sra     t6, t3, t2
core   0: 3 0x80004c40 (0x407e5fb3) x31 0xfffffffa
core   0: 0x80004c44 (0x014997b3) sll     a5, s3, s4
core   0: 3 0x80004c44 (0x014997b3) x15 0xf9e204e9
core   0: 0x80004c48 (0x01ba5cb3) srl     s9, s4, s11
core   0: 3 0x80004c48 (0x01ba5cb3) x25 0x00000000
core   0: 0x80004c4c (0x01c13633) sltu    a2, sp, t3
core   0: 3 0x80004c4c (0x01c13633) x12 0x00000001
core   0: 0x80004c50 (0xb800ad93) slti    s11, ra, -1152
core   0: 3 0x80004c50 (0xb800ad93) x27 0x00000000
core   0: 0x80004c54 (0x41120d33) sub     s10, tp, a7
core   0: 3 0x80004c54 (0x41120d33) x26 0xfec39446
core   0: 0x80004c58 (0x40ead693) srai    a3, s5, 14
core   0: 3 0x80004c58 (0x40ead693) x13 0x00000000
core   0: 0x80004c5c (0x00000013) nop
core   0: 3 0x80004c5c (0x00000013)
core   0: 0x80004c60 (0x018affb3) and     t6, s5, s8
core   0: 3 0x80004c60 (0x018affb3) x31 0x00000000
core   0: 0x80004c64 (0x400859b3) sra     s3, a6, zero
core   0: 3 0x80004c64 (0x400859b3) x19 0xb8307000
core   0: 0x80004c68 (0x00e0feb3) and     t4, ra, a4
core   0: 3 0x80004c68 (0x00e0feb3) x29 0x00001a20
core   0: 0x80004c6c (0x9d594f13) xori    t5, s2, -1579
core   0: 3 0x80004c6c (0x9d594f13) x30 0xfffff9d5
core   0: 0x80004c70 (0xcfe47f13) andi    t5, s0, -770
core   0: 3 0x80004c70 (0xcfe47f13) x30 0x7a790cde
core   0: 0x80004c74 (0x00f658b3) srl     a7, a2, a5
core   0: 3 0x80004c74 (0x00f658b3) x17 0x00000000
core   0: 0x80004c78 (0x00953e33) sltu    t3, a0, s1
core   0: 3 0x80004c78 (0x00953e33) x28 0x00000001
core   0: 0x80004c7c (0x00a85193) srli    gp, a6, 10
core   0: 3 0x80004c7c (0x00a85193) x 3 0x002e0c1c
core   0: 0x80004c80 (0xeba73717) auipc   a4, 0xeba73
core   0: 3 0x80004c80 (0xeba73717) x14 0x6ba77c80
core   0: 0x80004c84 (0x404d5a93) srai    s5, s10, 4
core   0: 3 0x80004c84 (0x404d5a93) x21 0xffec3944
core   0: 0x80004c88 (0x6f622f13) slti    t5, tp, 1782
core   0: 3 0x80004c88 (0x6f622f13) x30 0x00000001
core   0: 0x80004c8c (0x00ea9333) sll     t1, s5, a4
core   0: 3 0x80004c8c (0x00ea9333) x 6 0xffec3944
core   0: 0x80004c90 (0x80f3fd13) andi    s10, t2, -2033
core   0: 3 0x80004c90 (0x80f3fd13) x26 0x80011804
core   0: 0x80004c94 (0xca96e113) ori     sp, a3, -855
core   0: 3 0x80004c94 (0xca96e113) x 2 0xfffffca9
core   0: 0x80004c98 (0xda4b0c13) addi    s8, s6, -604
core   0: 3 0x80004c98 (0xda4b0c13) x24 0x8586f4a9
core   0: 0x80004c9c (0xe7cffc93) andi    s9, t6, -388
core   0: 3 0x80004c9c (0xe7cffc93) x25 0x00000000
core   0: 0x80004ca0 (0x28713a93) sltiu   s5, sp, 647
core   0: 3 0x80004ca0 (0x28713a93) x21 0x00000000
core   0: 0x80004ca4 (0x006a1eb3) sll     t4, s4, t1
core   0: 3 0x80004ca4 (0x006a1eb3) x29 0x00000000
core   0: 0x80004ca8 (0x066dcb37) lui     s6, 0x66dc
core   0: 3 0x80004ca8 (0x066dcb37) x22 0x066dc000
core   0: 0x80004cac (0x0058fc33) and     s8, a7, t0
core   0: 3 0x80004cac (0x0058fc33) x24 0x00000000
core   0: 0x80004cb0 (0xc06ba637) lui     a2, 0xc06ba
core   0: 3 0x80004cb0 (0xc06ba637) x12 0xc06ba000
core   0: 0x80004cb4 (0x01b62933) slt     s2, a2, s11
core   0: 3 0x80004cb4 (0x01b62933) x18 0x00000001
core   0: 0x80004cb8 (0x0021ba33) sltu    s4, gp, sp
core   0: 3 0x80004cb8 (0x0021ba33) x20 0x00000001
core   0: 0x80004cbc (0x01739933) sll     s2, t2, s7
core   0: 3 0x80004cbc (0x01739933) x18 0x80011e64
core   0: 0x80004cc0 (0x41a6de93) srai    t4, a3, 26
core   0: 3 0x80004cc0 (0x41a6de93) x29 0x00000000
core   0: 0x80004cc4 (0xf7cde313) ori     t1, s11, -132
core   0: 3 0x80004cc4 (0xf7cde313) x 6 0xffffff7c
core   0: 0x80004cc8 (0xc9b2de97) auipc   t4, 0xc9b2d
core   0: 3 0x80004cc8 (0xc9b2de97) x29 0x49b31cc8
core   0: 0x80004ccc (0x03287e13) andi    t3, a6, 50
core   0: 3 0x80004ccc (0x03287e13) x28 0x00000000
core   0: 0x80004cd0 (0x010f5eb3) srl     t4, t5, a6
core   0: 3 0x80004cd0 (0x010f5eb3) x29 0x00000001
core   0: 0x80004cd4 (0x00b6c933) xor     s2, a3, a1
core   0: 3 0x80004cd4 (0x00b6c933) x18 0x7fe4f0db
core   0: 0x80004cd8 (0x00f00bb3) add     s7, zero, a5
core   0: 3 0x80004cd8 (0x00f00bb3) x23 0xf9e204e9
core   0: 0x80004cdc (0xd4ab6a13) ori     s4, s6, -694
core   0: 3 0x80004cdc (0xd4ab6a13) x20 0xfffffd4a
core   0: 0x80004ce0 (0x01957a33) and     s4, a0, s9
core   0: 3 0x80004ce0 (0x01957a33) x20 0x00000000
core   0: 0x80004ce4 (0x01ae0e33) add     t3, t3, s10
core   0: 3 0x80004ce4 (0x01ae0e33) x28 0x80011804
core   0: 0x80004ce8 (0x01cee0b3) or      ra, t4, t3
core   0: 3 0x80004ce8 (0x01cee0b3) x 1 0x80011805
core   0: 0x80004cec (0xde8a4193) xori    gp, s4, -536
core   0: 3 0x80004cec (0xde8a4193) x 3 0xfffffde8
core   0: 0x80004cf0 (0xe4012f93) slti    t6, sp, -448
core   0: 3 0x80004cf0 (0xe4012f93) x31 0x00000001
core   0: 0x80004cf4 (0x01c7e7b3) or      a5, a5, t3
core   0: 3 0x80004cf4 (0x01c7e7b3) x15 0xf9e31ced
core   0: 0x80004cf8 (0x4f372737) lui     a4, 0x4f372
core   0: 3 0x80004cf8 (0x4f372737) x14 0x4f372000
core   0: 0x80004cfc (0x5f420a93) addi    s5, tp, 1524
core   0: 3 0x80004cfc (0x5f420a93) x21 0xfec39771
core   0: 0x80004d00 (0x40d58ab3) sub     s5, a1, a3
core   0: 3 0x80004d00 (0x40d58ab3) x21 0x7fe4f0db
core   0: 0x80004d04 (0x23de6f13) ori     t5, t3, 573
core   0: 3 0x80004d04 (0x23de6f13) x30 0x80011a3d
core   0: 0x80004d08 (0x40e38033) sub     zero, t2, a4
core   0: 3 0x80004d08 (0x40e38033)
core   0: 0x80004d0c (0x004ae5b3) or      a1, s5, tp
core   0: 3 0x80004d0c (0x004ae5b3) x11 0xffe7f1ff
core   0: 0x80004d10 (0x01fd82b3) add     t0, s11, t6
core   0: 3 0x80004d10 (0x01fd82b3) x 5 0x00000001
core   0: 0x80004d14 (0x01e640b3) xor     ra, a2, t5
core   0: 3 0x80004d14 (0x01e640b3) x 1 0x406aba3d
core   0: 0x80004d18 (0x01c751b3) srl     gp, a4, t3
core   0: 3 0x80004d18 (0x01c751b3) x 3 0x04f37200
core   0: 0x80004d1c (0xf5a2fd13) andi    s10, t0, -166
core   0: 3 0x80004d1c (0xf5a2fd13) x26 0x00000000
core   0: 0x80004d20 (0x004d4fb3) xor     t6, s10, tp
core   0: 3 0x80004d20 (0x004d4fb3) x31 0xfec3917d
core   0: 0x80004d24 (0xc6eab017) auipc   zero, 0xc6eab
core   0: 3 0x80004d24 (0xc6eab017)
core   0: 0x80004d28 (0x000399b3) sll     s3, t2, zero
core   0: 3 0x80004d28 (0x000399b3) x19 0x80011e64
core   0: 0x80004d2c (0x00000013) nop
core   0: 3 0x80004d2c (0x00000013)
core   0: 0x80004d30 (0x66aa8597) auipc   a1, 0x66aa8
core   0: 3 0x80004d30 (0x66aa8597) x11 0xe6aacd30
core   0: 0x80004d34 (0xa51045b7) lui     a1, 0xa5104
core   0: 3 0x80004d34 (0xa51045b7) x11 0xa5104000
core   0: 0x80004d38 (0x00716cb3) or      s9, sp, t2
core   0: 3 0x80004d38 (0x00716cb3) x25 0xfffffeed
core   0: 0x80004d3c (0x01b75ab3) srl     s5, a4, s11
core   0: 3 0x80004d3c (0x01b75ab3) x21 0x4f372000
core   0: 0x80004d40 (0x00000013) nop
core   0: 3 0x80004d40 (0x00000013)
core   0: 0x80004d44 (0x011b6db3) or      s11, s6, a7
core   0: 3 0x80004d44 (0x011b6db3) x27 0x066dc000
core   0: 0x80004d48 (0x7255ce13) xori    t3, a1, 1829
core   0: 3 0x80004d48 (0x7255ce13) x28 0xa5104725
core   0: 0x80004d4c (0x93b1cc13) xori    s8, gp, -1733
core   0: 3 0x80004d4c (0x93b1cc13) x24 0xfb0c8b3b
core   0: 0x80004d50 (0x324e3d13) sltiu   s10, t3, 804
core   0: 3 0x80004d50 (0x324e3d13) x26 0x00000000
core   0: 0x80004d54 (0x0119ae33) slt     t3, s3, a7
core   0: 3 0x80004d54 (0x0119ae33) x28 0x00000001
core   0: 0x80004d58 (0x7b1fba37) lui     s4, 0x7b1fb
core   0: 3 0x80004d58 (0x7b1fba37) x20 0x7b1fb000
core   0: 0x80004d5c (0x00765a33) srl     s4, a2, t2
core   0: 3 0x80004d5c (0x00765a33) x20 0x0c06ba00
core   0: 0x80004d60 (0x7218fe13) andi    t3, a7, 1825
core   0: 3 0x80004d60 (0x7218fe13) x28 0x00000000
core   0: 0x80004d64 (0x41590cb3) sub     s9, s2, s5
core   0: 3 0x80004d64 (0x41590cb3) x25 0x30add0db
core   0: 0x80004d68 (0x00c66bb3) or      s7, a2, a2
core   0: 3 0x80004d68 (0x00c66bb3) x23 0xc06ba000
core   0: 0x80004d6c (0x0146f5b3) and     a1, a3, s4
core   0: 3 0x80004d6c (0x0146f5b3) x11 0x00000000
core   0: 0x80004d70 (0xd96af413) andi    s0, s5, -618
core   0: 3 0x80004d70 (0xd96af413) x 8 0x4f372000
core   0: 0x80004d74 (0x003242b3) xor     t0, tp, gp
core   0: 3 0x80004d74 (0x003242b3) x 5 0xfa30e37d
core   0: 0x80004d78 (0x0063cc33) xor     s8, t2, t1
core   0: 3 0x80004d78 (0x0063cc33) x24 0x7ffee118
core   0: 0x80004d7c (0x201bedb7) lui     s11, 0x201be
core   0: 3 0x80004d7c (0x201bedb7) x27 0x201be000
core   0: 0x80004d80 (0x002c7bb3) and     s7, s8, sp
core   0: 3 0x80004d80 (0x002c7bb3) x23 0x7ffee008
core   0: 0x80004d84 (0x0080f033) and     zero, ra, s0
core   0: 3 0x80004d84 (0x0080f033)
core   0: 0x80004d88 (0x07234c93) xori    s9, t1, 114
core   0: 3 0x80004d88 (0x07234c93) x25 0xffffff0e
core   0: 0x80004d8c (0x40c75b13) srai    s6, a4, 12
core   0: 3 0x80004d8c (0x40c75b13) x22 0x0004f372
core   0: 0x80004d90 (0x00875b93) srli    s7, a4, 8
core   0: 3 0x80004d90 (0x00875b93) x23 0x004f3720
core   0: 0x80004d94 (0x40ce5cb3) sra     s9, t3, a2
core   0: 3 0x80004d94 (0x40ce5cb3) x25 0x00000000
core   0: 0x80004d98 (0xcae90c93) addi    s9, s2, -850
core   0: 3 0x80004d98 (0xcae90c93) x25 0x7fe4ed89
core   0: 0x80004d9c (0x0156ab33) slt     s6, a3, s5
core   0: 3 0x80004d9c (0x0156ab33) x22 0x00000001
core   0: 0x80004da0 (0x008ecab3) xor     s5, t4, s0
core   0: 3 0x80004da0 (0x008ecab3) x21 0x4f372001
core   0: 0x80004da4 (0x40b40533) sub     a0, s0, a1
core   0: 3 0x80004da4 (0x40b40533) x10 0x4f372000
core   0: 0x80004da8 (0x47484113) xori    sp, a6, 1140
core   0: 3 0x80004da8 (0x47484113) x 2 0xb8307474
core   0: 0x80004dac (0x6d9cac13) slti    s8, s9, 1753
core   0: 3 0x80004dac (0x6d9cac13) x24 0x00000000
core   0: 0x80004db0 (0x01d241b3) xor     gp, tp, t4
core   0: 3 0x80004db0 (0x01d241b3) x 3 0xfec3917c
core   0: 0x80004db4 (0x0168dc13) srli    s8, a7, 22
core   0: 3 0x80004db4 (0x0168dc13) x24 0x00000000
core   0: 0x80004db8 (0x1295f993) andi    s3, a1, 297
core   0: 3 0x80004db8 (0x1295f993) x19 0x00000000
core   0: 0x80004dbc (0x01e1c333) xor     t1, gp, t5
core   0: 3 0x80004dbc (0x01e1c333) x 6 0x7ec28b41
core   0: 0x80004dc0 (0x00000013) nop
core   0: 3 0x80004dc0 (0x00000013)
core   0: 0x80004dc4 (0xec818093) addi    ra, gp, -312
core   0: 3 0x80004dc4 (0xec818093) x 1 0xfec39044
core   0: 0x80004dc8 (0x0a2d4b93) xori    s7, s10, 162
core   0: 3 0x80004dc8 (0x0a2d4b93) x23 0x000000a2
core   0: 0x80004dcc (0x01a50133) add     sp, a0, s10
core   0: 3 0x80004dcc (0x01a50133) x 2 0x4f372000
core   0: 0x80004dd0 (0x19c4f093) andi    ra, s1, 412
core   0: 3 0x80004dd0 (0x19c4f093) x 1 0x00000084
core   0: 0x80004dd4 (0xb559ae13) slti    t3, s3, -1195
core   0: 3 0x80004dd4 (0xb559ae13) x28 0x00000000
core   0: 0x80004dd8 (0x00000013) nop
core   0: 3 0x80004dd8 (0x00000013)
core   0: 0x80004ddc (0x0050b333) sltu    t1, ra, t0
core   0: 3 0x80004ddc (0x0050b333) x 6 0x00000001
core   0: 0x80004de0 (0x41a48ab3) sub     s5, s1, s10
core   0: 3 0x80004de0 (0x41a48ab3) x21 0x80015ce4
core   0: 0x80004de4 (0x6672c193) xori    gp, t0, 1639
core   0: 3 0x80004de4 (0x6672c193) x 3 0xfa30e51a
core   0: 0x80004de8 (0xfb7c6bb7) lui     s7, 0xfb7c6
core   0: 3 0x80004de8 (0xfb7c6bb7) x23 0xfb7c6000
core   0: 0x80004dec (0x0a016613) ori     a2, sp, 160
core   0: 3 0x80004dec (0x0a016613) x12 0x4f3720a0
core   0: 0x80004df0 (0x00fd6033) or      zero, s10, a5
core   0: 3 0x80004df0 (0x00fd6033)
core   0: 0x80004df4 (0x01d519b3) sll     s3, a0, t4
core   0: 3 0x80004df4 (0x01d519b3) x19 0x9e6e4000
core   0: 0x80004df8 (0x40a4d693) srai    a3, s1, 10
core   0: 3 0x80004df8 (0x40a4d693) x13 0xffe00057
core   0: 0x80004dfc (0x008dfd33) and     s10, s11, s0
core   0: 3 0x80004dfc (0x008dfd33) x26 0x00132000
core   0: 0x80004e00 (0x410b5d13) srai    s10, s6, 16
core   0: 3 0x80004e00 (0x410b5d13) x26 0x00000000
core   0: 0x80004e04 (0x00b88333) add     t1, a7, a1
core   0: 3 0x80004e04 (0x00b88333) x 6 0x00000000
core   0: 0x80004e08 (0x006a7cb3) and     s9, s4, t1
core   0: 3 0x80004e08 (0x006a7cb3) x25 0x00000000
core   0: 0x80004e0c (0x413587b3) sub     a5, a1, s3
core   0: 3 0x80004e0c (0x413587b3) x15 0x6191c000
core   0: 0x80004e10 (0x16862e93) slti    t4, a2, 360
core   0: 3 0x80004e10 (0x16862e93) x29 0x00000000
core   0: 0x80004e14 (0x00c52133) slt     sp, a0, a2
core   0: 3 0x80004e14 (0x00c52133) x 2 0x00000001
core   0: 0x80004e18 (0x28aa0813) addi    a6, s4, 650
core   0: 3 0x80004e18 (0x28aa0813) x16 0x0c06bc8a
core   0: 0x80004e1c (0x0194f2b3) and     t0, s1, s9
core   0: 3 0x80004e1c (0x0194f2b3) x 5 0x00000000
core   0: 0x80004e20 (0x01965733) srl     a4, a2, s9
core   0: 3 0x80004e20 (0x01965733) x14 0x4f3720a0
core   0: 0x80004e24 (0x405c5613) srai    a2, s8, 5
core   0: 3 0x80004e24 (0x405c5613) x12 0x00000000
core   0: 0x80004e28 (0x40c0d293) srai    t0, ra, 12
core   0: 3 0x80004e28 (0x40c0d293) x 5 0x00000000
core   0: 0x80004e2c (0x010e4733) xor     a4, t3, a6
core   0: 3 0x80004e2c (0x010e4733) x14 0x0c06bc8a
core   0: 0x80004e30 (0x39acad13) slti    s10, s9, 922
core   0: 3 0x80004e30 (0x39acad13) x26 0x00000001
core   0: 0x80004e34 (0x01667933) and     s2, a2, s6
core   0: 3 0x80004e34 (0x01667933) x18 0x00000000
core   0: 0x80004e38 (0x96670a93) addi    s5, a4, -1690
core   0: 3 0x80004e38 (0x96670a93) x21 0x0c06b5f0
core   0: 0x80004e3c (0x00730433) add     s0, t1, t2
core   0: 3 0x80004e3c (0x00730433) x 8 0x80011e64
core   0: 0x80004e40 (0x6f198f93) addi    t6, s3, 1777
core   0: 3 0x80004e40 (0x6f198f93) x31 0x9e6e46f1
core   0: 0x80004e44 (0x349f2193) slti    gp, t5, 841
core   0: 3 0x80004e44 (0x349f2193) x 3 0x00000001
core   0: 0x80004e48 (0x01310633) add     a2, sp, s3
core   0: 3 0x80004e48 (0x01310633) x12 0x9e6e4001
core   0: 0x80004e4c (0xaffd18b7) lui     a7, 0xaffd1
core   0: 3 0x80004e4c (0xaffd18b7) x17 0xaffd1000
core   0: 0x80004e50 (0x00e1f2b3) and     t0, gp, a4
core   0: 3 0x80004e50 (0x00e1f2b3) x 5 0x00000000
core   0: 0x80004e54 (0xc9b73993) sltiu   s3, a4, -869
core   0: 3 0x80004e54 (0xc9b73993) x19 0x00000001
core   0: 0x80004e58 (0xbe61fd13) andi    s10, gp, -1050
core   0: 3 0x80004e58 (0xbe61fd13) x26 0x00000000
core   0: 0x80004e5c (0x042b3337) lui     t1, 0x42b3
core   0: 3 0x80004e5c (0x042b3337) x 6 0x042b3000
core   0: 0x80004e60 (0x40e1d1b3) sra     gp, gp, a4
core   0: 3 0x80004e60 (0x40e1d1b3) x 3 0x00000000
core   0: 0x80004e64 (0x006b5d93) srli    s11, s6, 6
core   0: 3 0x80004e64 (0x006b5d93) x27 0x00000000
core   0: 0x80004e68 (0xf9876693) ori     a3, a4, -104
core   0: 3 0x80004e68 (0xf9876693) x13 0xffffff9a
core   0: 0x80004e6c (0x01f01cb3) sll     s9, zero, t6
core   0: 3 0x80004e6c (0x01f01cb3) x25 0x00000000
core   0: 0x80004e70 (0x00ed36b3) sltu    a3, s10, a4
core   0: 3 0x80004e70 (0x00ed36b3) x13 0x00000001
core   0: 0x80004e74 (0x4eb3ca93) xori    s5, t2, 1259
core   0: 3 0x80004e74 (0x4eb3ca93) x21 0x80011a8f
core   0: 0x80004e78 (0x00000013) nop
core   0: 3 0x80004e78 (0x00000013)
core   0: 0x80004e7c (0x6f63a293) slti    t0, t2, 1782
core   0: 3 0x80004e7c (0x6f63a293) x 5 0x00000001
core   0: 0x80004e80 (0x98692793) slti    a5, s2, -1658
core   0: 3 0x80004e80 (0x98692793) x15 0x00000000
core   0: 0x80004e84 (0x014a3033) sltu    zero, s4, s4
core   0: 3 0x80004e84 (0x014a3033)
core   0: 0x80004e88 (0x538e3997) auipc   s3, 0x538e3
core   0: 3 0x80004e88 (0x538e3997) x19 0xd38e7e88
core   0: 0x80004e8c (0x005bd813) srli    a6, s7, 5
core   0: 3 0x80004e8c (0x005bd813) x16 0x07dbe300
core   0: 0x80004e90 (0x01d669b3) or      s3, a2, t4
core   0: 3 0x80004e90 (0x01d669b3) x19 0x9e6e4001
core   0: 0x80004e94 (0xd97bfe17) auipc   t3, 0xd97bf
core   0: 3 0x80004e94 (0xd97bfe17) x28 0x597c3e94
core   0: 0x80004e98 (0x8c250593) addi    a1, a0, -1854
core   0: 3 0x80004e98 (0x8c250593) x11 0x4f3718c2
core   0: 0x80004e9c (0x0059a9b3) slt     s3, s3, t0
core   0: 3 0x80004e9c (0x0059a9b3) x19 0x00000001
core   0: 0x80004ea0 (0x79542697) auipc   a3, 0x79542
core   0: 3 0x80004ea0 (0x79542697) x13 0xf9546ea0
core   0: 0x80004ea4 (0x01147433) and     s0, s0, a7
core   0: 3 0x80004ea4 (0x01147433) x 8 0x80011000
core   0: 0x80004ea8 (0x006e8833) add     a6, t4, t1
core   0: 3 0x80004ea8 (0x006e8833) x16 0x042b3000
core   0: 0x80004eac (0x0197eab3) or      s5, a5, s9
core   0: 3 0x80004eac (0x0197eab3) x21 0x00000000
core   0: 0x80004eb0 (0x012a8133) add     sp, s5, s2
core   0: 3 0x80004eb0 (0x012a8133) x 2 0x00000000
core   0: 0x80004eb4 (0x56138ab7) lui     s5, 0x56138
core   0: 3 0x80004eb4 (0x56138ab7) x21 0x56138000
core   0: 0x80004eb8 (0x44f43293) sltiu   t0, s0, 1103
core   0: 3 0x80004eb8 (0x44f43293) x 5 0x00000000
core   0: 0x80004ebc (0x01ad28b3) slt     a7, s10, s10
core   0: 3 0x80004ebc (0x01ad28b3) x17 0x00000000
core   0: 0x80004ec0 (0xb66a3193) sltiu   gp, s4, -1178
core   0: 3 0x80004ec0 (0xb66a3193) x 3 0x00000001
core   0: 0x80004ec4 (0x41ded793) srai    a5, t4, 29
core   0: 3 0x80004ec4 (0x41ded793) x15 0x00000000
core   0: 0x80004ec8 (0xc748b093) sltiu   ra, a7, -908
core   0: 3 0x80004ec8 (0xc748b093) x 1 0x00000001
core   0: 0x80004ecc (0x01acd733) srl     a4, s9, s10
core   0: 3 0x80004ecc (0x01acd733) x14 0x00000000
core   0: 0x80004ed0 (0x1473bd17) auipc   s10, 0x1473b
core   0: 3 0x80004ed0 (0x1473bd17) x26 0x9473fed0
core   0: 0x80004ed4 (0x3ca8e517) auipc   a0, 0x3ca8e
core   0: 3 0x80004ed4 (0x3ca8e517) x10 0xbca92ed4
core   0: 0x80004ed8 (0x01241913) slli    s2, s0, 18
core   0: 3 0x80004ed8 (0x01241913) x18 0x40000000
core   0: 0x80004edc (0x0127f5b3) and     a1, a5, s2
core   0: 3 0x80004edc (0x0127f5b3) x11 0x00000000
core   0: 0x80004ee0 (0x04c0b193) sltiu   gp, ra, 76
core   0: 3 0x80004ee0 (0x04c0b193) x 3 0x00000001
core   0: 0x80004ee4 (0x2856e717) auipc   a4, 0x2856e
core   0: 3 0x80004ee4 (0x2856e717) x14 0xa8572ee4
core   0: 0x80004ee8 (0x413d5f93) srai    t6, s10, 19
core   0: 3 0x80004ee8 (0x413d5f93) x31 0xfffff28e
core   0: 0x80004eec (0x018ddf93) srli    t6, s11, 24
core   0: 3 0x80004eec (0x018ddf93) x31 0x00000000
core   0: 0x80004ef0 (0x008fd033) srl     zero, t6, s0
core   0: 3 0x80004ef0 (0x008fd033)
core   0: 0x80004ef4 (0x00a4c633) xor     a2, s1, a0
core   0: 3 0x80004ef4 (0x00a4c633) x12 0x3ca87230
core   0: 0x80004ef8 (0x01135db3) srl     s11, t1, a7
core   0: 3 0x80004ef8 (0x01135db3) x27 0x042b3000
core   0: 0x80004efc (0x41fd58b3) sra     a7, s10, t6
core   0: 3 0x80004efc (0x41fd58b3) x17 0x9473fed0
core   0: 0x80004f00 (0x404a8fb3) sub     t6, s5, tp
core   0: 3 0x80004f00 (0x404a8fb3) x31 0x574fee83
core   0: 0x80004f04 (0x403cd433) sra     s0, s9, gp
core   0: 3 0x80004f04 (0x403cd433) x 8 0x00000000
core   0: 0x80004f08 (0x007af333) and     t1, s5, t2
core   0: 3 0x80004f08 (0x007af333) x 6 0x00010000
core   0: 0x80004f0c (0x96938413) addi    s0, t2, -1687
core   0: 3 0x80004f0c (0x96938413) x 8 0x800117cd
core   0: 0x80004f10 (0x00df95b3) sll     a1, t6, a3
core   0: 3 0x80004f10 (0x00df95b3) x11 0x574fee83
core   0: 0x80004f14 (0x001eba33) sltu    s4, t4, ra
core   0: 3 0x80004f14 (0x001eba33) x20 0x00000001
core   0: 0x80004f18 (0x4027d533) sra     a0, a5, sp
core   0: 3 0x80004f18 (0x4027d533) x10 0x00000000
core   0: 0x80004f1c (0x41aa89b3) sub     s3, s5, s10
core   0: 3 0x80004f1c (0x41aa89b3) x19 0xc19f8130
core   0: 0x80004f20 (0x000e5bb3) srl     s7, t3, zero
core   0: 3 0x80004f20 (0x000e5bb3) x23 0x597c3e94
core   0: 0x80004f24 (0x015692b3) sll     t0, a3, s5
core   0: 3 0x80004f24 (0x015692b3) x 5 0xf9546ea0
core   0: 0x80004f28 (0x00985b93) srli    s7, a6, 9
core   0: 3 0x80004f28 (0x00985b93) x23 0x00021598
core   0: 0x80004f2c (0xedb40117) auipc   sp, 0xedb40
core   0: 3 0x80004f2c (0xedb40117) x 2 0x6db44f2c
core   0: 0x80004f30 (0x018fd2b3) srl     t0, t6, s8
core   0: 3 0x80004f30 (0x018fd2b3) x 5 0x574fee83
core   0: 0x80004f34 (0x0019f133) and     sp, s3, ra
core   0: 3 0x80004f34 (0x0019f133) x 2 0x00000000
core   0: 0x80004f38 (0x4061dab3) sra     s5, gp, t1
core   0: 3 0x80004f38 (0x4061dab3) x21 0x00000001
core   0: 0x80004f3c (0xbbe9aa13) slti    s4, s3, -1090
core   0: 3 0x80004f3c (0xbbe9aa13) x20 0x00000001
core   0: 0x80004f40 (0x002bd293) srli    t0, s7, 2
core   0: 3 0x80004f40 (0x002bd293) x 5 0x00008566
core   0: 0x80004f44 (0xe9e3ca93) xori    s5, t2, -354
core   0: 3 0x80004f44 (0xe9e3ca93) x21 0x7ffee0fa
core   0: 0x80004f48 (0x01e21093) slli    ra, tp, 30
core   0: 3 0x80004f48 (0x01e21093) x 1 0x40000000
core   0: 0x80004f4c (0x00000013) nop
core   0: 3 0x80004f4c (0x00000013)
core   0: 0x80004f50 (0x00e87e33) and     t3, a6, a4
core   0: 3 0x80004f50 (0x00e87e33) x28 0x00032000
core   0: 0x80004f54 (0x013a99b3) sll     s3, s5, s3
core   0: 3 0x80004f54 (0x013a99b3) x19 0xe0fa0000
core   0: 0x80004f58 (0xae3feb93) ori     s7, t6, -1309
core   0: 3 0x80004f58 (0xae3feb93) x23 0xfffffee3
core   0: 0x80004f5c (0x00000013) nop
core   0: 3 0x80004f5c (0x00000013)
core   0: 0x80004f60 (0x01741193) slli    gp, s0, 23
core   0: 3 0x80004f60 (0x01741193) x 3 0xe6800000
core   0: 0x80004f64 (0x012c49b3) xor     s3, s8, s2
core   0: 3 0x80004f64 (0x012c49b3) x19 0x40000000
core   0: 0x80004f68 (0x40d8d793) srai    a5, a7, 13
core   0: 3 0x80004f68 (0x40d8d793) x15 0xfffca39f
core   0: 0x80004f6c (0x006df5b3) and     a1, s11, t1
core   0: 3 0x80004f6c (0x006df5b3) x11 0x00010000
core   0: 0x80004f70 (0x00000013) nop
core   0: 3 0x80004f70 (0x00000013)
core   0: 0x80004f74 (0xc7d7c713) xori    a4, a5, -899
core   0: 3 0x80004f74 (0xc7d7c713) x14 0x00035fe2
core   0: 0x80004f78 (0x00a7c9b3) xor     s3, a5, a0
core   0: 3 0x80004f78 (0x00a7c9b3) x19 0xfffca39f
core   0: 0x80004f7c (0x00a7eeb3) or      t4, a5, a0
core   0: 3 0x80004f7c (0x00a7eeb3) x29 0xfffca39f
core   0: 0x80004f80 (0x419d5513) srai    a0, s10, 25
core   0: 3 0x80004f80 (0x419d5513) x10 0xffffffca
core   0: 0x80004f84 (0x22c4a893) slti    a7, s1, 556
core   0: 3 0x80004f84 (0x22c4a893) x17 0x00000001
core   0: 0x80004f88 (0x2d530d13) addi    s10, t1, 725
core   0: 3 0x80004f88 (0x2d530d13) x26 0x000102d5
core   0: 0x80004f8c (0x01ac9313) slli    t1, s9, 26
core   0: 3 0x80004f8c (0x01ac9313) x 6 0x00000000
core   0: 0x80004f90 (0x16cf5937) lui     s2, 0x16cf5
core   0: 3 0x80004f90 (0x16cf5937) x18 0x16cf5000
core   0: 0x80004f94 (0x0162ae33) slt     t3, t0, s6
core   0: 3 0x80004f94 (0x0162ae33) x28 0x00000000
core   0: 0x80004f98 (0x01f26913) ori     s2, tp, 31
core   0: 3 0x80004f98 (0x01f26913) x18 0xfec3917f
core   0: 0x80004f9c (0x00f71693) slli    a3, a4, 15
core   0: 3 0x80004f9c (0x00f71693) x13 0xaff10000
core   0: 0x80004fa0 (0x9a376b93) ori     s7, a4, -1629
core   0: 3 0x80004fa0 (0x9a376b93) x23 0xffffffe3
core   0: 0x80004fa4 (0x0033a933) slt     s2, t2, gp
core   0: 3 0x80004fa4 (0x0033a933) x18 0x00000001
core   0: 0x80004fa8 (0xdf44cd13) xori    s10, s1, -524
core   0: 3 0x80004fa8 (0xdf44cd13) x26 0x7ffea110
core   0: 0x80004fac (0x41d30f33) sub     t5, t1, t4
core   0: 3 0x80004fac (0x41d30f33) x30 0x00035c61
core   0: 0x80004fb0 (0x0128ac33) slt     s8, a7, s2
core   0: 3 0x80004fb0 (0x0128ac33) x24 0x00000000
core   0: 0x80004fb4 (0xa90cf293) andi    t0, s9, -1392
core   0: 3 0x80004fb4 (0xa90cf293) x 5 0x00000000
core   0: 0x80004fb8 (0x0089a7b3) slt     a5, s3, s0
core   0: 3 0x80004fb8 (0x0089a7b3) x15 0x00000000
core   0: 0x80004fbc (0xcb24c093) xori    ra, s1, -846
core   0: 3 0x80004fbc (0xcb24c093) x 1 0x7ffea056
core   0: 0x80004fc0 (0x59715f37) lui     t5, 0x59715
core   0: 3 0x80004fc0 (0x59715f37) x30 0x59715000
core   0: 0x80004fc4 (0x414ddcb3) sra     s9, s11, s4
core   0: 3 0x80004fc4 (0x414ddcb3) x25 0x02159800
core   0: 0x80004fc8 (0x40e80bb3) sub     s7, a6, a4
core   0: 3 0x80004fc8 (0x40e80bb3) x23 0x0427d01e
core   0: 0x80004fcc (0x00cfccb3) xor     s9, t6, a2
core   0: 3 0x80004fcc (0x00cfccb3) x25 0x6be79cb3
core   0: 0x80004fd0 (0x14433e97) auipc   t4, 0x14433
core   0: 3 0x80004fd0 (0x14433e97) x29 0x94437fd0
core   0: 0x80004fd4 (0x0024d6b3) srl     a3, s1, sp
core   0: 3 0x80004fd4 (0x0024d6b3) x13 0x80015ce4
core   0: 0x80004fd8 (0x402b5933) sra     s2, s6, sp
core   0: 3 0x80004fd8 (0x402b5933) x18 0x00000001
core   0: 0x80004fdc (0x01379893) slli    a7, a5, 19
core   0: 3 0x80004fdc (0x01379893) x17 0x00000000
core   0: 0x80004fe0 (0x40205bb3) sra     s7, zero, sp
core   0: 3 0x80004fe0 (0x40205bb3) x23 0x00000000
core   0: 0x80004fe4 (0x01aac6b3) xor     a3, s5, s10
core   0: 3 0x80004fe4 (0x01aac6b3) x13 0x000041ea
core   0: 0x80004fe8 (0x23293193) sltiu   gp, s2, 562
core   0: 3 0x80004fe8 (0x23293193) x 3 0x00000001
core   0: 0x80004fec (0x41e085b3) sub     a1, ra, t5
core   0: 3 0x80004fec (0x41e085b3) x11 0x268d5056
core   0: 0x80004ff0 (0x00f13fb3) sltu    t6, sp, a5
core   0: 3 0x80004ff0 (0x00f13fb3) x31 0x00000000
core   0: 0x80004ff4 (0xe0f4e313) ori     t1, s1, -497
core   0: 3 0x80004ff4 (0xe0f4e313) x 6 0xfffffeef
core   0: 0x80004ff8 (0x00406633) or      a2, zero, tp
core   0: 3 0x80004ff8 (0x00406633) x12 0xfec3917d
core   0: 0x80004ffc (0x00021c93) slli    s9, tp, 0
core   0: 3 0x80004ffc (0x00021c93) x25 0xfec3917d
core   0: 0x80005000 (0x00161c93) slli    s9, a2, 1
core   0: 3 0x80005000 (0x00161c93) x25 0xfd8722fa
core   0: 0x80005004 (0x001d4333) xor     t1, s10, ra
core   0: 3 0x80005004 (0x001d4333) x 6 0x00000146
core   0: 0x80005008 (0x6d0ee413) ori     s0, t4, 1744
core   0: 3 0x80005008 (0x6d0ee413) x 8 0x94437fd0
core   0: 0x8000500c (0x1e8dbf93) sltiu   t6, s11, 488
core   0: 3 0x8000500c (0x1e8dbf93) x31 0x00000000
core   0: 0x80005010 (0x0190f2b3) and     t0, ra, s9
core   0: 3 0x80005010 (0x0190f2b3) x 5 0x7d862052
core   0: 0x80005014 (0x01d55133) srl     sp, a0, t4
core   0: 3 0x80005014 (0x01d55133) x 2 0x0000ffff
core   0: 0x80005018 (0x00a3abb3) slt     s7, t2, a0
core   0: 3 0x80005018 (0x00a3abb3) x23 0x00000001
core   0: 0x8000501c (0x416705b3) sub     a1, a4, s6
core   0: 3 0x8000501c (0x416705b3) x11 0x00035fe1
core   0: 0x80005020 (0x9d690593) addi    a1, s2, -1578
core   0: 3 0x80005020 (0x9d690593) x11 0xfffff9d7
core   0: 0x80005024 (0x0168eab3) or      s5, a7, s6
core   0: 3 0x80005024 (0x0168eab3) x21 0x00000001
core   0: 0x80005028 (0x404681b3) sub     gp, a3, tp
core   0: 3 0x80005028 (0x404681b3) x 3 0x013cb06d
core   0: 0x8000502c (0x00e7f5b3) and     a1, a5, a4
core   0: 3 0x8000502c (0x00e7f5b3) x11 0x00000000
core   0: 0x80005030 (0x4b864a93) xori    s5, a2, 1208
core   0: 3 0x80005030 (0x4b864a93) x21 0xfec395c5
core   0: 0x80005034 (0x0071c833) xor     a6, gp, t2
core   0: 3 0x80005034 (0x0071c833) x16 0x813dae09
core   0: 0x80005038 (0x40df0bb3) sub     s7, t5, a3
core   0: 3 0x80005038 (0x40df0bb3) x23 0x59710e16
core   0: 0x8000503c (0xb8f7cf93) xori    t6, a5, -1137
core   0: 3 0x8000503c (0xb8f7cf93) x31 0xfffffb8f
core   0: 0x80005040 (0x01d98cb3) add     s9, s3, t4
core   0: 3 0x80005040 (0x01d98cb3) x25 0x9440236f
core   0: 0x80005044 (0xb3faf293) andi    t0, s5, -1217
core   0: 3 0x80005044 (0xb3faf293) x 5 0xfec39105
core   0: 0x80005048 (0x07c38193) addi    gp, t2, 124
core   0: 3 0x80005048 (0x07c38193) x 3 0x80011ee0
core   0: 0x8000504c (0x00cb8333) add     t1, s7, a2
core   0: 3 0x8000504c (0x00cb8333) x 6 0x58349f93
core   0: 0x80005050 (0x01c1f7b3) and     a5, gp, t3
core   0: 3 0x80005050 (0x01c1f7b3) x15 0x00000000
core   0: 0x80005054 (0x4035d093) srai    ra, a1, 3
core   0: 3 0x80005054 (0x4035d093) x 1 0x00000000
core   0: 0x80005058 (0xc77a1697) auipc   a3, 0xc77a1
core   0: 3 0x80005058 (0xc77a1697) x13 0x477a6058
core   0: 0x8000505c (0x41075133) sra     sp, a4, a6
core   0: 3 0x8000505c (0x41075133) x 2 0x000001af
core   0: 0x80005060 (0x0045d313) srli    t1, a1, 4
core   0: 3 0x80005060 (0x0045d313) x 6 0x00000000
core   0: 0x80005064 (0x004ffbb3) and     s7, t6, tp
core   0: 3 0x80005064 (0x004ffbb3) x23 0xfec3910d
core   0: 0x80005068 (0x0028c733) xor     a4, a7, sp
core   0: 3 0x80005068 (0x0028c733) x14 0x000001af
core   0: 0x8000506c (0x0133e1b3) or      gp, t2, s3
core   0: 3 0x8000506c (0x0133e1b3) x 3 0xfffdbfff
core   0: 0x80005070 (0x0003bf93) sltiu   t6, t2, 0
core   0: 3 0x80005070 (0x0003bf93) x31 0x00000000
core   0: 0x80005074 (0xe2308513) addi    a0, ra, -477
core   0: 3 0x80005074 (0xe2308513) x10 0xfffffe23
core   0: 0x80005078 (0xe6460a13) addi    s4, a2, -412
core   0: 3 0x80005078 (0xe6460a13) x20 0xfec38fe1
core   0: 0x8000507c (0x011b4333) xor     t1, s6, a7
core   0: 3 0x8000507c (0x011b4333) x 6 0x00000001
core   0: 0x80005080 (0x011eac33) slt     s8, t4, a7
core   0: 3 0x80005080 (0x011eac33) x24 0x00000001
core   0: 0x80005084 (0x40760933) sub     s2, a2, t2
core   0: 3 0x80005084 (0x40760933) x18 0x7ec27319
core   0: 0x80005088 (0x598e6d13) ori     s10, t3, 1432
core   0: 3 0x80005088 (0x598e6d13) x26 0x00000598
core   0: 0x8000508c (0xd907a193) slti    gp, a5, -624
core   0: 3 0x8000508c (0xd907a193) x 3 0x00000000
core   0: 0x80005090 (0x011bd413) srli    s0, s7, 17
core   0: 3 0x80005090 (0x011bd413) x 8 0x00007f61
core   0: 0x80005094 (0xf42f4b13) xori    s6, t5, -190
core   0: 3 0x80005094 (0xf42f4b13) x22 0xa68eaf42
core   0: 0x80005098 (0x00c0d033) srl     zero, ra, a2
core   0: 3 0x80005098 (0x00c0d033)
core   0: 0x8000509c (0x4128d6b3) sra     a3, a7, s2
core   0: 3 0x8000509c (0x4128d6b3) x13 0x00000000
core   0: 0x800050a0 (0x40a45093) srai    ra, s0, 10
core   0: 3 0x800050a0 (0x40a45093) x 1 0x0000001f
core   0: 0x800050a4 (0x01af82b3) add     t0, t6, s10
core   0: 3 0x800050a4 (0x01af82b3) x 5 0x00000598
core   0: 0x800050a8 (0x3a278b13) addi    s6, a5, 930
core   0: 3 0x800050a8 (0x3a278b13) x22 0x000003a2
core   0: 0x800050ac (0xe8a0f013) andi    zero, ra, -374
core   0: 3 0x800050ac (0xe8a0f013)
core   0: 0x800050b0 (0x00da1433) sll     s0, s4, a3
core   0: 3 0x800050b0 (0x00da1433) x 8 0xfec38fe1
core   0: 0x800050b4 (0x01c82033) slt     zero, a6, t3
core   0: 3 0x800050b4 (0x01c82033)
core   0: 0x800050b8 (0xbc022293) slti    t0, tp, -1088
core   0: 3 0x800050b8 (0xbc022293) x 5 0x00000001
core   0: 0x800050bc (0x006c5193) srli    gp, s8, 6
core   0: 3 0x800050bc (0x006c5193) x 3 0x00000000
core   0: 0x800050c0 (0x6292cc93) xori    s9, t0, 1577
core   0: 3 0x800050c0 (0x6292cc93) x25 0x00000628
core   0: 0x800050c4 (0x0005b5b3) sltu    a1, a1, zero
core   0: 3 0x800050c4 (0x0005b5b3) x11 0x00000000
core   0: 0x800050c8 (0x41305933) sra     s2, zero, s3
core   0: 3 0x800050c8 (0x41305933) x18 0x00000000
core   0: 0x800050cc (0x01270533) add     a0, a4, s2
core   0: 3 0x800050cc (0x01270533) x10 0x000001af
core   0: 0x800050d0 (0x41818433) sub     s0, gp, s8
core   0: 3 0x800050d0 (0x41818433) x 8 0xffffffff
core   0: 0x800050d4 (0x2ef2dc97) auipc   s9, 0x2ef2d
core   0: 3 0x800050d4 (0x2ef2dc97) x25 0xaef320d4
core   0: 0x800050d8 (0x00bf1f33) sll     t5, t5, a1
core   0: 3 0x800050d8 (0x00bf1f33) x30 0x59715000
core   0: 0x800050dc (0x00000013) nop
core   0: 3 0x800050dc (0x00000013)
core   0: 0x800050e0 (0x01494c33) xor     s8, s2, s4
core   0: 3 0x800050e0 (0x01494c33) x24 0xfec38fe1
core   0: 0x800050e4 (0x00000013) nop
core   0: 3 0x800050e4 (0x00000013)
core   0: 0x800050e8 (0xb83dbf13) sltiu   t5, s11, -1149
core   0: 3 0x800050e8 (0xb83dbf13) x30 0x00000001
core   0: 0x800050ec (0x013111b3) sll     gp, sp, s3
core   0: 3 0x800050ec (0x013111b3) x 3 0x80000000
core   0: 0x800050f0 (0x0d624693) xori    a3, tp, 214
core   0: 3 0x800050f0 (0x0d624693) x13 0xfec391ab
core   0: 0x800050f4 (0x602b2a13) slti    s4, s6, 1538
core   0: 3 0x800050f4 (0x602b2a13) x20 0x00000001
core   0: 0x800050f8 (0x0009f933) and     s2, s3, zero
core   0: 3 0x800050f8 (0x0009f933) x18 0x00000000
core   0: 0x800050fc (0x78c02e97) auipc   t4, 0x78c02
core   0: 3 0x800050fc (0x78c02e97) x29 0xf8c070fc
core   0: 0x80005100 (0x013db633) sltu    a2, s11, s3
core   0: 3 0x80005100 (0x013db633) x12 0x00000001
core   0: 0x80005104 (0x01809d33) sll     s10, ra, s8
core   0: 3 0x80005104 (0x01809d33) x26 0x0000003e
core   0: 0x80005108 (0x01ca9093) slli    ra, s5, 28
core   0: 3 0x80005108 (0x01ca9093) x 1 0x50000000
core   0: 0x8000510c (0x00791133) sll     sp, s2, t2
core   0: 3 0x8000510c (0x00791133) x 2 0x00000000
core   0: 0x80005110 (0x00fa9093) slli    ra, s5, 15
core   0: 3 0x80005110 (0x00fa9093) x 1 0xcae28000
core   0: 0x80005114 (0xfa137293) andi    t0, t1, -95
core   0: 3 0x80005114 (0xfa137293) x 5 0x00000001
core   0: 0x80005118 (0x9eb28993) addi    s3, t0, -1557
core   0: 3 0x80005118 (0x9eb28993) x19 0xfffff9ec
core   0: 0x8000511c (0x015257b3) srl     a5, tp, s5
core   0: 3 0x8000511c (0x015257b3) x15 0x07f61c8b
core   0: 0x80005120 (0xe702f737) lui     a4, 0xe702f
core   0: 3 0x80005120 (0xe702f737) x14 0xe702f000
core   0: 0x80005124 (0x0138f9b3) and     s3, a7, s3
core   0: 3 0x80005124 (0x0138f9b3) x19 0x00000000
core   0: 0x80005128 (0x00ff6433) or      s0, t5, a5
core   0: 3 0x80005128 (0x00ff6433) x 8 0x07f61c8b
core   0: 0x8000512c (0x01d1dc93) srli    s9, gp, 29
core   0: 3 0x8000512c (0x01d1dc93) x25 0x00000004
core   0: 0x80005130 (0x886cb893) sltiu   a7, s9, -1914
core   0: 3 0x80005130 (0x886cb893) x17 0x00000001
core   0: 0x80005134 (0xd2587a13) andi    s4, a6, -731
core   0: 3 0x80005134 (0xd2587a13) x20 0x813dac01
core   0: 0x80005138 (0x01899113) slli    sp, s3, 24
core   0: 3 0x80005138 (0x01899113) x 2 0x00000000
core   0: 0x8000513c (0x9f060b93) addi    s7, a2, -1552
core   0: 3 0x8000513c (0x9f060b93) x23 0xfffff9f1
core   0: 0x80005140 (0x014a11b3) sll     gp, s4, s4
core   0: 3 0x80005140 (0x014a11b3) x 3 0x027b5802
core   0: 0x80005144 (0x01eb6eb3) or      t4, s6, t5
core   0: 3 0x80005144 (0x01eb6eb3) x29 0x000003a3
core   0: 0x80005148 (0x40c85733) sra     a4, a6, a2
core   0: 3 0x80005148 (0x40c85733) x14 0xc09ed704
core   0: 0x8000514c (0x00f3f2b3) and     t0, t2, a5
core   0: 3 0x8000514c (0x00f3f2b3) x 5 0x00001c00
core   0: 0x80005150 (0xcabe8013) addi    zero, t4, -853
core   0: 3 0x80005150 (0xcabe8013)
core   0: 0x80005154 (0x0079d613) srli    a2, s3, 7
core   0: 3 0x80005154 (0x0079d613) x12 0x00000000
core   0: 0x80005158 (0x21d2ef13) ori     t5, t0, 541
core   0: 3 0x80005158 (0x21d2ef13) x30 0x00001e1d
core   0: 0x8000515c (0x123be813) ori     a6, s7, 291
core   0: 3 0x8000515c (0x123be813) x16 0xfffff9f3
core   0: 0x80005160 (0x7c018937) lui     s2, 0x7c018
core   0: 3 0x80005160 (0x7c018937) x18 0x7c018000
core   0: 0x80005164 (0x40c289b3) sub     s3, t0, a2
core   0: 3 0x80005164 (0x40c289b3) x19 0x00001c00
core   0: 0x80005168 (0x498f7293) andi    t0, t5, 1176
core   0: 3 0x80005168 (0x498f7293) x 5 0x00000418
core   0: 0x8000516c (0x01f0c8b3) xor     a7, ra, t6
core   0: 3 0x8000516c (0x01f0c8b3) x17 0xcae28000
core   0: 0x80005170 (0x00000013) nop
core   0: 3 0x80005170 (0x00000013)
core   0: 0x80005174 (0x41425bb3) sra     s7, tp, s4
core   0: 3 0x80005174 (0x41425bb3) x23 0xff61c8be
core   0: 0x80005178 (0x41720db3) sub     s11, tp, s7
core   0: 3 0x80005178 (0x41720db3) x27 0xff61c8bf
core   0: 0x8000517c (0xeb5c65b7) lui     a1, 0xeb5c6
core   0: 3 0x8000517c (0xeb5c65b7) x11 0xeb5c6000
core   0: 0x80005180 (0x00000013) nop
core   0: 3 0x80005180 (0x00000013)
core   0: 0x80005184 (0xca4cc813) xori    a6, s9, -860
core   0: 3 0x80005184 (0xca4cc813) x16 0xfffffca0
core   0: 0x80005188 (0x0170f833) and     a6, ra, s7
core   0: 3 0x80005188 (0x0170f833) x16 0xca608000
core   0: 0x8000518c (0x0077dd93) srli    s11, a5, 7
core   0: 3 0x8000518c (0x0077dd93) x27 0x000fec39
core   0: 0x80005190 (0x01aad833) srl     a6, s5, s10
core   0: 3 0x80005190 (0x01aad833) x16 0x00000003
core   0: 0x80005194 (0x00336533) or      a0, t1, gp
core   0: 3 0x80005194 (0x00336533) x10 0x027b5803
core   0: 0x80005198 (0x00d4b933) sltu    s2, s1, a3
core   0: 3 0x80005198 (0x00d4b933) x18 0x00000001
core   0: 0x8000519c (0x00000013) nop
core   0: 3 0x8000519c (0x00000013)
core   0: 0x800051a0 (0x011ad2b3) srl     t0, s5, a7
core   0: 3 0x800051a0 (0x011ad2b3) x 5 0xfec395c5
core   0: 0x800051a4 (0x00564833) xor     a6, a2, t0
core   0: 3 0x800051a4 (0x00564833) x16 0xfec395c5
core   0: 0x800051a8 (0x401a5293) srai    t0, s4, 1
core   0: 3 0x800051a8 (0x401a5293) x 5 0xc09ed600
core   0: 0x800051ac (0x00dcc033) xor     zero, s9, a3
core   0: 3 0x800051ac (0x00dcc033)
core   0: 0x800051b0 (0x01d6bbb3) sltu    s7, a3, t4
core   0: 3 0x800051b0 (0x01d6bbb3) x23 0x00000000
core   0: 0x800051b4 (0x6b7fc413) xori    s0, t6, 1719
core   0: 3 0x800051b4 (0x6b7fc413) x 8 0x000006b7
core   0: 0x800051b8 (0x53640193) addi    gp, s0, 1334
core   0: 3 0x800051b8 (0x53640193) x 3 0x00000bed
core   0: 0x800051bc (0x5ce8ef13) ori     t5, a7, 1486
core   0: 3 0x800051bc (0x5ce8ef13) x30 0xcae285ce
core   0: 0x800051c0 (0x00785d33) srl     s10, a6, t2
core   0: 3 0x800051c0 (0x00785d33) x26 0x0fec395c
core   0: 0x800051c4 (0x01935ab3) srl     s5, t1, s9
core   0: 3 0x800051c4 (0x01935ab3) x21 0x00000000
core   0: 0x800051c8 (0x212f2293) slti    t0, t5, 530
core   0: 3 0x800051c8 (0x212f2293) x 5 0x00000001
core   0: 0x800051cc (0x86bdf313) andi    t1, s11, -1941
core   0: 3 0x800051cc (0x86bdf313) x 6 0x000fe829
core   0: 0x800051d0 (0x00b35033) srl     zero, t1, a1
core   0: 3 0x800051d0 (0x00b35033)
core   0: 0x800051d4 (0x48eb7817) auipc   a6, 0x48eb7
core   0: 3 0x800051d4 (0x48eb7817) x16 0xc8ebc1d4
core   0: 0x800051d8 (0x00000013) nop
core   0: 3 0x800051d8 (0x00000013)
core   0: 0x800051dc (0x00ebf0b3) and     ra, s7, a4
core   0: 3 0x800051dc (0x00ebf0b3) x 1 0x00000000
core   0: 0x800051e0 (0x01c62e33) slt     t3, a2, t3
core   0: 3 0x800051e0 (0x01c62e33) x28 0x00000000
core   0: 0x800051e4 (0x4146d933) sra     s2, a3, s4
core   0: 3 0x800051e4 (0x4146d933) x18 0xff61c8d5
core   0: 0x800051e8 (0x58d1aab7) lui     s5, 0x58d1a
core   0: 3 0x800051e8 (0x58d1aab7) x21 0x58d1a000
core   0: 0x800051ec (0x00b55033) srl     zero, a0, a1
core   0: 3 0x800051ec (0x00b55033)
core   0: 0x800051f0 (0x413cd5b3) sra     a1, s9, s3
core   0: 3 0x800051f0 (0x413cd5b3) x11 0x00000004
core   0: 0x800051f4 (0x4123dd13) srai    s10, t2, 18
core   0: 3 0x800051f4 (0x4123dd13) x26 0xffffe000
core   0: 0x800051f8 (0x00dc1793) slli    a5, s8, 13
core   0: 3 0x800051f8 (0x00dc1793) x15 0x71fc2000
core   0: 0x800051fc (0x00429293) slli    t0, t0, 4
core   0: 3 0x800051fc (0x00429293) x 5 0x00000010
core   0: 0x80005200 (0xbb218113) addi    sp, gp, -1102
core   0: 3 0x80005200 (0xbb218113) x 2 0x0000079f
core   0: 0x80005204 (0x0005e0b3) or      ra, a1, zero
core   0: 3 0x80005204 (0x0005e0b3) x 1 0x00000004
core   0: 0x80005208 (0x051ce413) ori     s0, s9, 81
core   0: 3 0x80005208 (0x051ce413) x 8 0x00000055
core   0: 0x8000520c (0x002b9d33) sll     s10, s7, sp
core   0: 3 0x8000520c (0x002b9d33) x26 0x00000000
core   0: 0x80005210 (0x017b7ab3) and     s5, s6, s7
core   0: 3 0x80005210 (0x017b7ab3) x21 0x00000000
core   0: 0x80005214 (0x41be5113) srai    sp, t3, 27
core   0: 3 0x80005214 (0x41be5113) x 2 0x00000000
core   0: 0x80005218 (0x7e1d4e37) lui     t3, 0x7e1d4
core   0: 3 0x80005218 (0x7e1d4e37) x28 0x7e1d4000
core   0: 0x8000521c (0xb1e63313) sltiu   t1, a2, -1250
core   0: 3 0x8000521c (0xb1e63313) x 6 0x00000001
core   0: 0x80005220 (0x00c55a13) srli    s4, a0, 12
core   0: 3 0x80005220 (0x00c55a13) x20 0x000027b5
core   0: 0x80005224 (0x01cfd713) srli    a4, t6, 28
core   0: 3 0x80005224 (0x01cfd713) x14 0x00000000
core   0: 0x80005228 (0xa90ebd93) sltiu   s11, t4, -1392
core   0: 3 0x80005228 (0xa90ebd93) x27 0x00000001
core   0: 0x8000522c (0x00c4a533) slt     a0, s1, a2
core   0: 3 0x8000522c (0x00c4a533) x10 0x00000001
core   0: 0x80005230 (0x310eb713) sltiu   a4, t4, 784
core   0: 3 0x80005230 (0x310eb713) x14 0x00000000
core   0: 0x80005234 (0xd2d2c793) xori    a5, t0, -723
core   0: 3 0x80005234 (0xd2d2c793) x15 0xfffffd3d
core   0: 0x80005238 (0x412481b3) sub     gp, s1, s2
core   0: 3 0x80005238 (0x412481b3) x 3 0x809f940f
core   0: 0x8000523c (0xaa12ad93) slti    s11, t0, -1375
core   0: 3 0x8000523c (0xaa12ad93) x27 0x00000000
core   0: 0x80005240 (0x01856ab3) or      s5, a0, s8
core   0: 3 0x80005240 (0x01856ab3) x21 0xfec38fe1
core   0: 0x80005244 (0x40d65a13) srai    s4, a2, 13
core   0: 3 0x80005244 (0x40d65a13) x20 0x00000000
core   0: 0x80005248 (0x000a9f33) sll     t5, s5, zero
core   0: 3 0x80005248 (0x000a9f33) x30 0xfec38fe1
core   0: 0x8000524c (0x17315717) auipc   a4, 0x17315
core   0: 3 0x8000524c (0x17315717) x14 0x9731a24c
core   0: 0x80005250 (0x40ef5c13) srai    s8, t5, 14
core   0: 3 0x80005250 (0x40ef5c13) x24 0xfffffb0e
core   0: 0x80005254 (0x009cb133) sltu    sp, s9, s1
core   0: 3 0x80005254 (0x009cb133) x 2 0x00000001
core   0: 0x80005258 (0x018c9cb3) sll     s9, s9, s8
core   0: 3 0x80005258 (0x018c9cb3) x25 0x00010000
core   0: 0x8000525c (0xd9ad6893) ori     a7, s10, -614
core   0: 3 0x8000525c (0xd9ad6893) x17 0xfffffd9a
core   0: 0x80005260 (0x51f30713) addi    a4, t1, 1311
core   0: 3 0x80005260 (0x51f30713) x14 0x00000520
core   0: 0x80005264 (0x7772e813) ori     a6, t0, 1911
core   0: 3 0x80005264 (0x7772e813) x16 0x00000777
core   0: 0x80005268 (0x000ebb33) sltu    s6, t4, zero
core   0: 3 0x80005268 (0x000ebb33) x22 0x00000000
core   0: 0x8000526c (0x4177d893) srai    a7, a5, 23
core   0: 3 0x8000526c (0x4177d893) x17 0xffffffff
core   0: 0x80005270 (0x403b0c33) sub     s8, s6, gp
core   0: 3 0x80005270 (0x403b0c33) x24 0x7f606bf1
core   0: 0x80005274 (0xd003b937) lui     s2, 0xd003b
core   0: 3 0x80005274 (0xd003b937) x18 0xd003b000
core   0: 0x80005278 (0x40b30033) sub     zero, t1, a1
core   0: 3 0x80005278 (0x40b30033)
core   0: 0x8000527c (0x008efeb3) and     t4, t4, s0
core   0: 3 0x8000527c (0x008efeb3) x29 0x00000001
core   0: 0x80005280 (0x008ac6b3) xor     a3, s5, s0
core   0: 3 0x80005280 (0x008ac6b3) x13 0xfec38fb4
core   0: 0x80005284 (0xcbb56513) ori     a0, a0, -837
core   0: 3 0x80005284 (0xcbb56513) x10 0xfffffcbb
core   0: 0x80005288 (0xe5418a13) addi    s4, gp, -428
core   0: 3 0x80005288 (0xe5418a13) x20 0x809f9263
core   0: 0x8000528c (0x00891c93) slli    s9, s2, 8
core   0: 3 0x8000528c (0x00891c93) x25 0x03b00000
core   0: 0x80005290 (0x00000013) nop
core   0: 3 0x80005290 (0x00000013)
core   0: 0x80005294 (0x9c5ffa13) andi    s4, t6, -1595
core   0: 3 0x80005294 (0x9c5ffa13) x20 0x00000000
core   0: 0x80005298 (0x00ae0ab3) add     s5, t3, a0
core   0: 3 0x80005298 (0x00ae0ab3) x21 0x7e1d3cbb
core   0: 0x8000529c (0xeb808f13) addi    t5, ra, -328
core   0: 3 0x8000529c (0xeb808f13) x30 0xfffffebc
core   0: 0x800052a0 (0x012f2cb3) slt     s9, t5, s2
core   0: 3 0x800052a0 (0x012f2cb3) x25 0x00000000
core   0: 0x800052a4 (0x01b3fa33) and     s4, t2, s11
core   0: 3 0x800052a4 (0x01b3fa33) x20 0x00000000
core   0: 0x800052a8 (0x35786413) ori     s0, a6, 855
core   0: 3 0x800052a8 (0x35786413) x 8 0x00000777
core   0: 0x800052ac (0x00ceefb3) or      t6, t4, a2
core   0: 3 0x800052ac (0x00ceefb3) x31 0x00000001
core   0: 0x800052b0 (0x00519813) slli    a6, gp, 5
core   0: 3 0x800052b0 (0x00519813) x16 0x13f281e0
core   0: 0x800052b4 (0x01b0aa33) slt     s4, ra, s11
core   0: 3 0x800052b4 (0x01b0aa33) x20 0x00000000
core   0: 0x800052b8 (0x41565a93) srai    s5, a2, 21
core   0: 3 0x800052b8 (0x41565a93) x21 0x00000000
core   0: 0x800052bc (0x41e1d613) srai    a2, gp, 30
core   0: 3 0x800052bc (0x41e1d613) x12 0xfffffffe
core   0: 0x800052c0 (0x00000013) nop
core   0: 3 0x800052c0 (0x00000013)
core   0: 0x800052c4 (0x012a4a33) xor     s4, s4, s2
core   0: 3 0x800052c4 (0x012a4a33) x20 0xd003b000
core   0: 0x800052c8 (0x46ab7f13) andi    t5, s6, 1130
core   0: 3 0x800052c8 (0x46ab7f13) x30 0x00000000
core   0: 0x800052cc (0xf7021c97) auipc   s9, 0xf7021
core   0: 3 0x800052cc (0xf7021c97) x25 0x770262cc
core   0: 0x800052d0 (0x5cc23093) sltiu   ra, tp, 1484
core   0: 3 0x800052d0 (0x5cc23093) x 1 0x00000000
core   0: 0x800052d4 (0x38facd93) xori    s11, s5, 911
core   0: 3 0x800052d4 (0x38facd93) x27 0x0000038f
core   0: 0x800052d8 (0x012ef333) and     t1, t4, s2
core   0: 3 0x800052d8 (0x012ef333) x 6 0x00000000
core   0: 0x800052dc (0x00ef1a33) sll     s4, t5, a4
core   0: 3 0x800052dc (0x00ef1a33) x20 0x00000000
core   0: 0x800052e0 (0x40478fb3) sub     t6, a5, tp
core   0: 3 0x800052e0 (0x40478fb3) x31 0x013c6bc0
core   0: 0x800052e4 (0x4083d2b3) sra     t0, t2, s0
core   0: 3 0x800052e4 (0x4083d2b3) x 5 0xffffff00
core   0: 0x800052e8 (0x0077abb3) slt     s7, a5, t2
core   0: 3 0x800052e8 (0x0077abb3) x23 0x00000000
core   0: 0x800052ec (0x00000013) nop
core   0: 3 0x800052ec (0x00000013)
core   0: 0x800052f0 (0x01ff9d93) slli    s11, t6, 31
core   0: 3 0x800052f0 (0x01ff9d93) x27 0x00000000
core   0: 0x800052f4 (0x7009b013) sltiu   zero, s3, 1792
core   0: 3 0x800052f4 (0x7009b013)
core   0: 0x800052f8 (0x01a92e33) slt     t3, s2, s10
core   0: 3 0x800052f8 (0x01a92e33) x28 0x00000001
core   0: 0x800052fc (0x00f8ebb3) or      s7, a7, a5
core   0: 3 0x800052fc (0x00f8ebb3) x23 0xffffffff
core   0: 0x80005300 (0x0058b033) sltu    zero, a7, t0
core   0: 3 0x80005300 (0x0058b033)
core   0: 0x80005304 (0xdfeb0293) addi    t0, s6, -514
core   0: 3 0x80005304 (0xdfeb0293) x 5 0xfffffdfe
core   0: 0x80005308 (0x014046b3) xor     a3, zero, s4
core   0: 3 0x80005308 (0x014046b3) x13 0x00000000
core   0: 0x8000530c (0x315c4293) xori    t0, s8, 789
core   0: 3 0x8000530c (0x315c4293) x 5 0x7f6068e4
core   0: 0x80005310 (0xb0b7aa13) slti    s4, a5, -1269
core   0: 3 0x80005310 (0xb0b7aa13) x20 0x00000000
core   0: 0x80005314 (0x00999033) sll     zero, s3, s1
core   0: 3 0x80005314 (0x00999033)
core   0: 0x80005318 (0x01031fb3) sll     t6, t1, a6
core   0: 3 0x80005318 (0x01031fb3) x31 0x00000000
core   0: 0x8000531c (0x00000013) nop
core   0: 3 0x8000531c (0x00000013)
core   0: 0x80005320 (0x002a4fb3) xor     t6, s4, sp
core   0: 3 0x80005320 (0x002a4fb3) x31 0x00000001
core   0: 0x80005324 (0x005fb0b3) sltu    ra, t6, t0
core   0: 3 0x80005324 (0x005fb0b3) x 1 0x00000001
core   0: 0x80005328 (0x0097c1b3) xor     gp, a5, s1
core   0: 3 0x80005328 (0x0097c1b3) x 3 0x7ffea1d9
core   0: 0x8000532c (0xfb19b713) sltiu   a4, s3, -79
core   0: 3 0x8000532c (0xfb19b713) x14 0x00000001
core   0: 0x80005330 (0x011b1913) slli    s2, s6, 17
core   0: 3 0x80005330 (0x011b1913) x18 0x00000000
core   0: 0x80005334 (0x40f2da13) srai    s4, t0, 15
core   0: 3 0x80005334 (0x40f2da13) x20 0x0000fec0
core   0: 0x80005338 (0x3abc2297) auipc   t0, 0x3abc2
core   0: 3 0x80005338 (0x3abc2297) x 5 0xbabc7338
core   0: 0x8000533c (0x48dcd637) lui     a2, 0x48dcd
core   0: 3 0x8000533c (0x48dcd637) x12 0x48dcd000
core   0: 0x80005340 (0x562e0513) addi    a0, t3, 1378
core   0: 3 0x80005340 (0x562e0513) x10 0x00000563
core   0: 0x80005344 (0x01b7f8b3) and     a7, a5, s11
core   0: 3 0x80005344 (0x01b7f8b3) x17 0x00000000
core   0: 0x80005348 (0x45fa8d93) addi    s11, s5, 1119
core   0: 3 0x80005348 (0x45fa8d93) x27 0x0000045f
core   0: 0x8000534c (0x52894897) auipc   a7, 0x52894
core   0: 3 0x8000534c (0x52894897) x17 0xd289934c
core   0: 0x80005350 (0x00889d93) slli    s11, a7, 8
core   0: 3 0x80005350 (0x00889d93) x27 0x89934c00
core   0: 0x80005354 (0x1ea64a93) xori    s5, a2, 490
core   0: 3 0x80005354 (0x1ea64a93) x21 0x48dcd1ea
core   0: 0x80005358 (0xae6be517) auipc   a0, 0xae6be
core   0: 3 0x80005358 (0xae6be517) x10 0x2e6c3358
core   0: 0x8000535c (0x52653e93) sltiu   t4, a0, 1318
core   0: 3 0x8000535c (0x52653e93) x29 0x00000000
core   0: 0x80005360 (0x00e5ef33) or      t5, a1, a4
core   0: 3 0x80005360 (0x00e5ef33) x30 0x00000005
core   0: 0x80005364 (0x00912eb3) slt     t4, sp, s1
core   0: 3 0x80005364 (0x00912eb3) x29 0x00000000
core   0: 0x80005368 (0x5cc67597) auipc   a1, 0x5cc67
core   0: 3 0x80005368 (0x5cc67597) x11 0xdcc6c368
core   0: 0x8000536c (0x01825c33) srl     s8, tp, s8
core   0: 3 0x8000536c (0x01825c33) x24 0x00007f61
core   0: 0x80005370 (0x01c36a33) or      s4, t1, t3
core   0: 3 0x80005370 (0x01c36a33) x20 0x00000001
core   0: 0x80005374 (0xc156da17) auipc   s4, 0xc156d
core   0: 3 0x80005374 (0xc156da17) x20 0x41572374
core   0: 0x80005378 (0x0181e533) or      a0, gp, s8
core   0: 3 0x80005378 (0x0181e533) x10 0x7ffefff9
core   0: 0x8000537c (0x4172d413) srai    s0, t0, 23
core   0: 3 0x8000537c (0x4172d413) x 8 0xffffff75
core   0: 0x80005380 (0x00f15913) srli    s2, sp, 15
core   0: 3 0x80005380 (0x00f15913) x18 0x00000000
core   0: 0x80005384 (0x174abe13) sltiu   t3, s5, 372
core   0: 3 0x80005384 (0x174abe13) x28 0x00000000
core   0: 0x80005388 (0xec6d4d13) xori    s10, s10, -314
core   0: 3 0x80005388 (0xec6d4d13) x26 0xfffffec6
core   0: 0x8000538c (0x00a9e333) or      t1, s3, a0
core   0: 3 0x8000538c (0x00a9e333) x 6 0x7ffefff9
core   0: 0x80005390 (0x43edf513) andi    a0, s11, 1086
core   0: 3 0x80005390 (0x43edf513) x10 0x00000400
core   0: 0x80005394 (0x005e9bb3) sll     s7, t4, t0
core   0: 3 0x80005394 (0x005e9bb3) x23 0x00000000
core   0: 0x80005398 (0x00beb1b3) sltu    gp, t4, a1
core   0: 3 0x80005398 (0x00beb1b3) x 3 0x00000001
core   0: 0x8000539c (0x409cddb3) sra     s11, s9, s1
core   0: 3 0x8000539c (0x409cddb3) x27 0x0770262c
core   0: 0x800053a0 (0x01dc1733) sll     a4, s8, t4
core   0: 3 0x800053a0 (0x01dc1733) x14 0x00007f61
core   0: 0x800053a4 (0x9b3be413) ori     s0, s7, -1613
core   0: 3 0x800053a4 (0x9b3be413) x 8 0xfffff9b3
core   0: 0x800053a8 (0xceb1cb93) xori    s7, gp, -789
core   0: 3 0x800053a8 (0xceb1cb93) x23 0xfffffcea
core   0: 0x800053ac (0x01e7cc33) xor     s8, a5, t5
core   0: 3 0x800053ac (0x01e7cc33) x24 0xfffffd38
core   0: 0x800053b0 (0x00000013) nop
core   0: 3 0x800053b0 (0x00000013)
core   0: 0x800053b4 (0x002f3933) sltu    s2, t5, sp
core   0: 3 0x800053b4 (0x002f3933) x18 0x00000000
core   0: 0x800053b8 (0x5bac9f17) auipc   t5, 0x5bac9
core   0: 3 0x800053b8 (0x5bac9f17) x30 0xdbace3b8
core   0: 0x800053bc (0xc30ecd37) lui     s10, 0xc30ec
core   0: 3 0x800053bc (0xc30ecd37) x26 0xc30ec000
core   0: 0x800053c0 (0x1e62e093) ori     ra, t0, 486
core   0: 3 0x800053c0 (0x1e62e093) x 1 0xbabc73fe
core   0: 0x800053c4 (0x4ae42293) slti    t0, s0, 1198
core   0: 3 0x800053c4 (0x4ae42293) x 5 0x00000001
core   0: 0x800053c8 (0xd825a193) slti    gp, a1, -638
core   0: 3 0x800053c8 (0xd825a193) x 3 0x00000001
core   0: 0x800053cc (0x01725133) srl     sp, tp, s7
core   0: 3 0x800053cc (0x01725133) x 2 0x003fb0e4
core   0: 0x800053d0 (0xde604d93) xori    s11, zero, -538
core   0: 3 0x800053d0 (0xde604d93) x27 0xfffffde6
core   0: 0x800053d4 (0x00d91533) sll     a0, s2, a3
core   0: 3 0x800053d4 (0x00d91533) x10 0x00000000
core   0: 0x800053d8 (0xa958d717) auipc   a4, 0xa958d
core   0: 3 0x800053d8 (0xa958d717) x14 0x295923d8
core   0: 0x800053dc (0xa0717c13) andi    s8, sp, -1529
core   0: 3 0x800053dc (0xa0717c13) x24 0x003fb004
core   0: 0x800053e0 (0x80a0f813) andi    a6, ra, -2038
core   0: 3 0x800053e0 (0x80a0f813) x16 0xbabc700a
core   0: 0x800053e4 (0x00000013) nop
core   0: 3 0x800053e4 (0x00000013)
core   0: 0x800053e8 (0xed240913) addi    s2, s0, -302
core   0: 3 0x800053e8 (0xed240913) x18 0xfffff885
core   0: 0x800053ec (0x60af6613) ori     a2, t5, 1546
core   0: 3 0x800053ec (0x60af6613) x12 0xdbace7ba
core   0: 0x800053f0 (0xe8b6f693) andi    a3, a3, -373
core   0: 3 0x800053f0 (0xe8b6f693) x13 0x00000000
core   0: 0x800053f4 (0x2ee50b93) addi    s7, a0, 750
core   0: 3 0x800053f4 (0x2ee50b93) x23 0x000002ee
core   0: 0x800053f8 (0x5aaf7b13) andi    s6, t5, 1450
core   0: 3 0x800053f8 (0x5aaf7b13) x22 0x000001a8
core   0: 0x800053fc (0x0013b613) seqz    a2, t2
core   0: 3 0x800053fc (0x0013b613) x12 0x00000000
core   0: 0x80005400 (0x01b3d5b3) srl     a1, t2, s11
core   0: 3 0x80005400 (0x01b3d5b3) x11 0x02000479
core   0: 0x80005404 (0x927ee293) ori     t0, t4, -1753
core   0: 3 0x80005404 (0x927ee293) x 5 0xfffff927
core   0: 0x80005408 (0x01318433) add     s0, gp, s3
core   0: 3 0x80005408 (0x01318433) x 8 0x00001c01
core   0: 0x8000540c (0x00fcea33) or      s4, s9, a5
core   0: 3 0x8000540c (0x00fcea33) x20 0xfffffffd
core   0: 0x80005410 (0x1a61f293) andi    t0, gp, 422
core   0: 3 0x80005410 (0x1a61f293) x 5 0x00000000
core   0: 0x80005414 (0x00a35413) srli    s0, t1, 10
core   0: 3 0x80005414 (0x00a35413) x 8 0x001fffbf
core   0: 0x80005418 (0x00000613) li      a2, 0
core   0: 3 0x80005418 (0x00000613) x12 0x00000000
core   0: 0x8000541c (0xa0deea37) lui     s4, 0xa0dee
core   0: 3 0x8000541c (0xa0deea37) x20 0xa0dee000
core   0: 0x80005420 (0x501a0a13) addi    s4, s4, 1281
core   0: 3 0x80005420 (0x501a0a13) x20 0xa0dee501
core   0: 0x80005424 (0x00000b13) li      s6, 0
core   0: 3 0x80005424 (0x00000b13) x22 0x00000000
core   0: 0x80005428 (0xd7628537) lui     a0, 0xd7628
core   0: 3 0x80005428 (0xd7628537) x10 0xd7628000
core   0: 0x8000542c (0x06250513) addi    a0, a0, 98
core   0: 3 0x8000542c (0x06250513) x10 0xd7628062
core   0: 0x80005430 (0xfff00f93) li      t6, -1
core   0: 3 0x80005430 (0xfff00f93) x31 0xffffffff
core   0: 0x80005434 (0x27378337) lui     t1, 0x27378
core   0: 3 0x80005434 (0x27378337) x 6 0x27378000
core   0: 0x80005438 (0x59b30313) addi    t1, t1, 1435
core   0: 3 0x80005438 (0x59b30313) x 6 0x2737859b
core   0: 0x8000543c (0xfff00193) li      gp, -1
core   0: 3 0x8000543c (0xfff00193) x 3 0xffffffff
core   0: 0x80005440 (0x80000137) lui     sp, 0x80000
core   0: 3 0x80005440 (0x80000137) x 2 0x80000000
core   0: 0x80005444 (0x80000ab7) lui     s5, 0x80000
core   0: 3 0x80005444 (0x80000ab7) x21 0x80000000
core   0: 0x80005448 (0x00000913) li      s2, 0
core   0: 3 0x80005448 (0x00000913) x18 0x00000000
core   0: 0x8000544c (0x00000013) nop
core   0: 3 0x8000544c (0x00000013)
core   0: 0x80005450 (0x40350533) sub     a0, a0, gp
core   0: 3 0x80005450 (0x40350533) x10 0xd7628063
core   0: 0x80005454 (0xfa2a8a93) addi    s5, s5, -94
core   0: 3 0x80005454 (0xfa2a8a93) x21 0x7fffffa2
core   0: 0x80005458 (0x00000013) nop
core   0: 3 0x80005458 (0x00000013)
core   0: 0x8000545c (0x00000013) nop
core   0: 3 0x8000545c (0x00000013)
core   0: 0x80005460 (0x415a0b33) sub     s6, s4, s5
core   0: 3 0x80005460 (0x415a0b33) x22 0x20dee55f
core   0: 0x80005464 (0x356d4f97) auipc   t6, 0x356d4
core   0: 3 0x80005464 (0x356d4f97) x31 0xb56d9464
core   0: 0x80005468 (0x75d881b7) lui     gp, 0x75d88
core   0: 3 0x80005468 (0x75d881b7) x 3 0x75d88000
core   0: 0x8000546c (0x00cf8333) add     t1, t6, a2
core   0: 3 0x8000546c (0x00cf8333) x 6 0xb56d9464
core   0: 0x80005470 (0x41260533) sub     a0, a2, s2
core   0: 3 0x80005470 (0x41260533) x10 0x00000000
core   0: 0x80005474 (0x414f8fb3) sub     t6, t6, s4
core   0: 3 0x80005474 (0x414f8fb3) x31 0x148eaf63
core   0: 0x80005478 (0xb095bfb7) lui     t6, 0xb095b
core   0: 3 0x80005478 (0xb095bfb7) x31 0xb095b000
core   0: 0x8000547c (0x00000013) nop
core   0: 3 0x8000547c (0x00000013)
core   0: 0x80005480 (0xc1c56a37) lui     s4, 0xc1c56
core   0: 3 0x80005480 (0xc1c56a37) x20 0xc1c56000
core   0: 0x80005484 (0x00cf8133) add     sp, t6, a2
core   0: 3 0x80005484 (0x00cf8133) x 2 0xb095b000
core   0: 0x80005488 (0x021feab7) lui     s5, 0x21fe
core   0: 3 0x80005488 (0x021feab7) x21 0x021fe000
core   0: 0x8000548c (0x3e97cf97) auipc   t6, 0x3e97c
core   0: 3 0x8000548c (0x3e97cf97) x31 0xbe98148c
core   0: 0x80005490 (0x169ddb17) auipc   s6, 0x169dd
core   0: 3 0x80005490 (0x169ddb17) x22 0x969e2490
core   0: 0x80005494 (0x67cb6f97) auipc   t6, 0x67cb6
core   0: 3 0x80005494 (0x67cb6f97) x31 0xe7cbb494
core   0: 0x80005498 (0x7a17d537) lui     a0, 0x7a17d
core   0: 3 0x80005498 (0x7a17d537) x10 0x7a17d000
core   0: 0x8000549c (0x01218fb3) add     t6, gp, s2
core   0: 3 0x8000549c (0x01218fb3) x31 0x75d88000
core   0: 0x800054a0 (0x0a9cbb17) auipc   s6, 0xa9cb
core   0: 3 0x800054a0 (0x0a9cbb17) x22 0x8a9d04a0
core   0: 0x800054a4 (0x91ab0f97) auipc   t6, 0x91ab0
core   0: 3 0x800054a4 (0x91ab0f97) x31 0x11ab54a4
core   0: 0x800054a8 (0x4146d893) srai    a7, a3, 20
core   0: 3 0x800054a8 (0x4146d893) x17 0x00000000
core   0: 0x800054ac (0x69b83913) sltiu   s2, a6, 1691
core   0: 3 0x800054ac (0x69b83913) x18 0x00000000
core   0: 0x800054b0 (0x00f8acb3) slt     s9, a7, a5
core   0: 3 0x800054b0 (0x00f8acb3) x25 0x00000000
core   0: 0x800054b4 (0x0132feb3) and     t4, t0, s3
core   0: 3 0x800054b4 (0x0132feb3) x29 0x00000000
core   0: 0x800054b8 (0x00d54433) xor     s0, a0, a3
core   0: 3 0x800054b8 (0x00d54433) x 8 0x7a17d000
core   0: 0x800054bc (0x4113d033) sra     zero, t2, a7
core   0: 3 0x800054bc (0x4113d033)
core   0: 0x800054c0 (0x000505b3) add     a1, a0, zero
core   0: 3 0x800054c0 (0x000505b3) x11 0x7a17d000
core   0: 0x800054c4 (0x1ca66093) ori     ra, a2, 458
core   0: 3 0x800054c4 (0x1ca66093) x 1 0x000001ca
core   0: 0x800054c8 (0x01a2cfb3) xor     t6, t0, s10
core   0: 3 0x800054c8 (0x01a2cfb3) x31 0xc30ec000
core   0: 0x800054cc (0xd7522b93) slti    s7, tp, -651
core   0: 3 0x800054cc (0xd7522b93) x23 0x00000001
core   0: 0x800054d0 (0x016628b3) slt     a7, a2, s6
core   0: 3 0x800054d0 (0x016628b3) x17 0x00000000
core   0: 0x800054d4 (0x9a46f293) andi    t0, a3, -1628
core   0: 3 0x800054d4 (0x9a46f293) x 5 0x00000000
core   0: 0x800054d8 (0x01093733) sltu    a4, s2, a6
core   0: 3 0x800054d8 (0x01093733) x14 0x00000001
core   0: 0x800054dc (0x005e31b3) sltu    gp, t3, t0
core   0: 3 0x800054dc (0x005e31b3) x 3 0x00000000
core   0: 0x800054e0 (0x415d5b13) srai    s6, s10, 21
core   0: 3 0x800054e0 (0x415d5b13) x22 0xfffffe18
core   0: 0x800054e4 (0x701c2017) auipc   zero, 0x701c2
core   0: 3 0x800054e4 (0x701c2017)
core   0: 0x800054e8 (0x0129d333) srl     t1, s3, s2
core   0: 3 0x800054e8 (0x0129d333) x 6 0x00001c00
core   0: 0x800054ec (0x01eb7c33) and     s8, s6, t5
core   0: 3 0x800054ec (0x01eb7c33) x24 0xdbace218
core   0: 0x800054f0 (0x41248a33) sub     s4, s1, s2
core   0: 3 0x800054f0 (0x41248a33) x20 0x80015ce4
core   0: 0x800054f4 (0xcc4aab93) slti    s7, s5, -828
core   0: 3 0x800054f4 (0xcc4aab93) x23 0x00000000
core   0: 0x800054f8 (0x35d7ff37) lui     t5, 0x35d7f
core   0: 3 0x800054f8 (0x35d7ff37) x30 0x35d7f000
core   0: 0x800054fc (0x01242fb3) slt     t6, s0, s2
core   0: 3 0x800054fc (0x01242fb3) x31 0x00000000
core   0: 0x80005500 (0xdf09b713) sltiu   a4, s3, -528
core   0: 3 0x80005500 (0xdf09b713) x14 0x00000001
core   0: 0x80005504 (0x01b63f33) sltu    t5, a2, s11
core   0: 3 0x80005504 (0x01b63f33) x30 0x00000001
core   0: 0x80005508 (0x408d02b3) sub     t0, s10, s0
core   0: 3 0x80005508 (0x408d02b3) x 5 0x48f6f000
core   0: 0x8000550c (0x01a7dd13) srli    s10, a5, 26
core   0: 3 0x8000550c (0x01a7dd13) x26 0x0000003f
core   0: 0x80005510 (0x00c21313) slli    t1, tp, 12
core   0: 3 0x80005510 (0x00c21313) x 6 0x3917d000
core   0: 0x80005514 (0x005187b3) add     a5, gp, t0
core   0: 3 0x80005514 (0x005187b3) x15 0x48f6f000
core   0: 0x80005518 (0x34ef1537) lui     a0, 0x34ef1
core   0: 3 0x80005518 (0x34ef1537) x10 0x34ef1000
core   0: 0x8000551c (0x00799893) slli    a7, s3, 7
core   0: 3 0x8000551c (0x00799893) x17 0x000e0000
core   0: 0x80005520 (0x00aab2b3) sltu    t0, s5, a0
core   0: 3 0x80005520 (0x00aab2b3) x 5 0x00000001
core   0: 0x80005524 (0x0196b333) sltu    t1, a3, s9
core   0: 3 0x80005524 (0x0196b333) x 6 0x00000000
core   0: 0x80005528 (0x475ce893) ori     a7, s9, 1141
core   0: 3 0x80005528 (0x475ce893) x17 0x00000475
core   0: 0x8000552c (0x0156d133) srl     sp, a3, s5
core   0: 3 0x8000552c (0x0156d133) x 2 0x00000000
core   0: 0x80005530 (0x00000013) nop
core   0: 3 0x80005530 (0x00000013)
core   0: 0x80005534 (0x01f5c7b3) xor     a5, a1, t6
core   0: 3 0x80005534 (0x01f5c7b3) x15 0x7a17d000
core   0: 0x80005538 (0x41430333) sub     t1, t1, s4
core   0: 3 0x80005538 (0x41430333) x 6 0x7ffea31c
core   0: 0x8000553c (0x00e2dab3) srl     s5, t0, a4
core   0: 3 0x8000553c (0x00e2dab3) x21 0x00000000
core   0: 0x80005540 (0xa2247e13) andi    t3, s0, -1502
core   0: 3 0x80005540 (0xa2247e13) x28 0x7a17d000
core   0: 0x80005544 (0x410507b3) sub     a5, a0, a6
core   0: 3 0x80005544 (0x410507b3) x15 0x7a329ff6
core   0: 0x80005548 (0x01e05013) srli    zero, zero, 30
core   0: 3 0x80005548 (0x01e05013)
core   0: 0x8000554c (0x9e1eef93) ori     t6, t4, -1567
core   0: 3 0x8000554c (0x9e1eef93) x31 0xfffff9e1
core   0: 0x80005550 (0xdcf1c0b7) lui     ra, 0xdcf1c
core   0: 3 0x80005550 (0xdcf1c0b7) x 1 0xdcf1c000
core   0: 0x80005554 (0x018071b3) and     gp, zero, s8
core   0: 3 0x80005554 (0x018071b3) x 3 0x00000000
core   0: 0x80005558 (0x4147d7b3) sra     a5, a5, s4
core   0: 3 0x80005558 (0x4147d7b3) x15 0x07a329ff
core   0: 0x8000555c (0x00c47ab3) and     s5, s0, a2
core   0: 3 0x8000555c (0x00c47ab3) x21 0x00000000
core   0: 0x80005560 (0x004a1313) slli    t1, s4, 4
core   0: 3 0x80005560 (0x004a1313) x 6 0x0015ce40
core   0: 0x80005564 (0x005d2533) slt     a0, s10, t0
core   0: 3 0x80005564 (0x005d2533) x10 0x00000000
core   0: 0x80005568 (0x01a45993) srli    s3, s0, 26
core   0: 3 0x80005568 (0x01a45993) x19 0x0000001e
core   0: 0x8000556c (0x002e9e13) slli    t3, t4, 2
core   0: 3 0x8000556c (0x002e9e13) x28 0x00000000
core   0: 0x80005570 (0x01650d33) add     s10, a0, s6
core   0: 3 0x80005570 (0x01650d33) x26 0xfffffe18
core   0: 0x80005574 (0x016b7db3) and     s11, s6, s6
core   0: 3 0x80005574 (0x016b7db3) x27 0xfffffe18
core   0: 0x80005578 (0x40955793) srai    a5, a0, 9
core   0: 3 0x80005578 (0x40955793) x15 0x00000000
core   0: 0x8000557c (0x6de73793) sltiu   a5, a4, 1758
core   0: 3 0x8000557c (0x6de73793) x15 0x00000001
core   0: 0x80005580 (0x16e67413) andi    s0, a2, 366
core   0: 3 0x80005580 (0x16e67413) x 8 0x00000000
core   0: 0x80005584 (0x403e86b3) sub     a3, t4, gp
core   0: 3 0x80005584 (0x403e86b3) x13 0x00000000
core   0: 0x80005588 (0x5f331bb7) lui     s7, 0x5f331
core   0: 3 0x80005588 (0x5f331bb7) x23 0x5f331000
core   0: 0x8000558c (0xffe44793) xori    a5, s0, -2
core   0: 3 0x8000558c (0xffe44793) x15 0xfffffffe
core   0: 0x80005590 (0xfb360c93) addi    s9, a2, -77
core   0: 3 0x80005590 (0xfb360c93) x25 0xffffffb3
core   0: 0x80005594 (0xc521b613) sltiu   a2, gp, -942
core   0: 3 0x80005594 (0xc521b613) x12 0x00000001
core   0: 0x80005598 (0x9828c113) xori    sp, a7, -1662
core   0: 3 0x80005598 (0x9828c113) x 2 0xfffffdf7
core   0: 0x8000559c (0x01803433) snez    s0, s8
core   0: 3 0x8000559c (0x01803433) x 8 0x00000001
core   0: 0x800055a0 (0x01150533) add     a0, a0, a7
core   0: 3 0x800055a0 (0x01150533) x10 0x00000475
core   0: 0x800055a4 (0xba7fad93) slti    s11, t6, -1113
core   0: 3 0x800055a4 (0xba7fad93) x27 0x00000001
core   0: 0x800055a8 (0x41795d13) srai    s10, s2, 23
core   0: 3 0x800055a8 (0x41795d13) x26 0x00000000
core   0: 0x800055ac (0xb25d0c93) addi    s9, s10, -1243
core   0: 3 0x800055ac (0xb25d0c93) x25 0xfffffb25
core   0: 0x800055b0 (0x01be5433) srl     s0, t3, s11
core   0: 3 0x800055b0 (0x01be5433) x 8 0x00000000
core   0: 0x800055b4 (0x40c30133) sub     sp, t1, a2
core   0: 3 0x800055b4 (0x40c30133) x 2 0x0015ce3f
core   0: 0x800055b8 (0x4112d7b3) sra     a5, t0, a7
core   0: 3 0x800055b8 (0x4112d7b3) x15 0x00000000
core   0: 0x800055bc (0x01e23533) sltu    a0, tp, t5
core   0: 3 0x800055bc (0x01e23533) x10 0x00000000
core   0: 0x800055c0 (0x015718b3) sll     a7, a4, s5
core   0: 3 0x800055c0 (0x015718b3) x17 0x00000001
core   0: 0x800055c4 (0x41bd5033) sra     zero, s10, s11
core   0: 3 0x800055c4 (0x41bd5033)
core   0: 0x800055c8 (0x411c86b3) sub     a3, s9, a7
core   0: 3 0x800055c8 (0x411c86b3) x13 0xfffffb24
core   0: 0x800055cc (0x409d50b3) sra     ra, s10, s1
core   0: 3 0x800055cc (0x409d50b3) x 1 0x00000000
core   0: 0x800055d0 (0x40af5093) srai    ra, t5, 10
core   0: 3 0x800055d0 (0x40af5093) x 1 0x00000000
core   0: 0x800055d4 (0x411956b3) sra     a3, s2, a7
core   0: 3 0x800055d4 (0x411956b3) x13 0x00000000
core   0: 0x800055d8 (0x40b7fd13) andi    s10, a5, 1035
core   0: 3 0x800055d8 (0x40b7fd13) x26 0x00000000
core   0: 0x800055dc (0x018ed713) srli    a4, t4, 24
core   0: 3 0x800055dc (0x018ed713) x14 0x00000000
core   0: 0x800055e0 (0x0137d913) srli    s2, a5, 19
core   0: 3 0x800055e0 (0x0137d913) x18 0x00000000
core   0: 0x800055e4 (0x00000013) nop
core   0: 3 0x800055e4 (0x00000013)
core   0: 0x800055e8 (0x00fd6333) or      t1, s10, a5
core   0: 3 0x800055e8 (0x00fd6333) x 6 0x00000000
core   0: 0x800055ec (0x3c814993) xori    s3, sp, 968
core   0: 3 0x800055ec (0x3c814993) x19 0x0015cdf7
core   0: 0x800055f0 (0x573ac193) xori    gp, s5, 1395
core   0: 3 0x800055f0 (0x573ac193) x 3 0x00000573
core   0: 0x800055f4 (0x00800033) add     zero, zero, s0
core   0: 3 0x800055f4 (0x00800033)
core   0: 0x800055f8 (0x0006db13) srli    s6, a3, 0
core   0: 3 0x800055f8 (0x0006db13) x22 0x00000000
core   0: 0x800055fc (0x0199be33) sltu    t3, s3, s9
core   0: 3 0x800055fc (0x0199be33) x28 0x00000001
core   0: 0x80005600 (0x938155b7) lui     a1, 0x93815
core   0: 3 0x80005600 (0x938155b7) x11 0x93815000
core   0: 0x80005604 (0x404606b3) sub     a3, a2, tp
core   0: 3 0x80005604 (0x404606b3) x13 0x013c6e84
core   0: 0x80005608 (0x019788b3) add     a7, a5, s9
core   0: 3 0x80005608 (0x019788b3) x17 0xfffffb25
core   0: 0x8000560c (0x0078d7b3) srl     a5, a7, t2
core   0: 3 0x8000560c (0x0078d7b3) x15 0x0fffffb2
core   0: 0x80005610 (0xae58fa93) andi    s5, a7, -1307
core   0: 3 0x80005610 (0xae58fa93) x21 0xfffffa25
core   0: 0x80005614 (0x01fe29b3) slt     s3, t3, t6
core   0: 3 0x80005614 (0x01fe29b3) x19 0x00000000
core   0: 0x80005618 (0x40a7d133) sra     sp, a5, a0
core   0: 3 0x80005618 (0x40a7d133) x 2 0x0fffffb2
core   0: 0x8000561c (0xce150013) addi    zero, a0, -799
core   0: 3 0x8000561c (0xce150013)
core   0: 0x80005620 (0x00000013) nop
core   0: 3 0x80005620 (0x00000013)
core   0: 0x80005624 (0x40738f33) sub     t5, t2, t2
core   0: 3 0x80005624 (0x40738f33) x30 0x00000000
core   0: 0x80005628 (0x01489933) sll     s2, a7, s4
core   0: 3 0x80005628 (0x01489933) x18 0xffffb250
core   0: 0x8000562c (0x01925013) srli    zero, tp, 25
core   0: 3 0x8000562c (0x01925013)
core   0: 0x80005630 (0x2dc657b7) lui     a5, 0x2dc65
core   0: 3 0x80005630 (0x2dc657b7) x15 0x2dc65000
core   0: 0x80005634 (0x68230793) addi    a5, t1, 1666
core   0: 3 0x80005634 (0x68230793) x15 0x00000682
core   0: 0x80005638 (0x006e8c33) add     s8, t4, t1
core   0: 3 0x80005638 (0x006e8c33) x24 0x00000000
core   0: 0x8000563c (0x7cc27293) andi    t0, tp, 1996
core   0: 3 0x8000563c (0x7cc27293) x 5 0x0000014c
core   0: 0x80005640 (0x011612b3) sll     t0, a2, a7
core   0: 3 0x80005640 (0x011612b3) x 5 0x00000020
core   0: 0x80005644 (0x00612333) slt     t1, sp, t1
core   0: 3 0x80005644 (0x00612333) x 6 0x00000000
core   0: 0x80005648 (0x40765d13) srai    s10, a2, 7
core   0: 3 0x80005648 (0x40765d13) x26 0x00000000
core   0: 0x8000564c (0xbdbdca37) lui     s4, 0xbdbdc
core   0: 3 0x8000564c (0xbdbdca37) x20 0xbdbdc000
core   0: 0x80005650 (0x41a05293) srai    t0, zero, 26
core   0: 3 0x80005650 (0x41a05293) x 5 0x00000000
core   0: 0x80005654 (0x45294513) xori    a0, s2, 1106
core   0: 3 0x80005654 (0x45294513) x10 0xffffb602
core   0: 0x80005658 (0x8513cd93) xori    s11, t2, -1967
core   0: 3 0x80005658 (0x8513cd93) x27 0x7ffee635
core   0: 0x8000565c (0x1372b317) auipc   t1, 0x1372b
core   0: 3 0x8000565c (0x1372b317) x 6 0x9373065c
core   0: 0x80005660 (0x019267b3) or      a5, tp, s9
core   0: 3 0x80005660 (0x019267b3) x15 0xfffffb7d
core   0: 0x80005664 (0x00000013) nop
core   0: 3 0x80005664 (0x00000013)
core   0: 0x80005668 (0x00647d33) and     s10, s0, t1
core   0: 3 0x80005668 (0x00647d33) x26 0x00000000
core   0: 0x8000566c (0x48363313) sltiu   t1, a2, 1155
core   0: 3 0x8000566c (0x48363313) x 6 0x00000001
core   0: 0x80005670 (0xf58f7993) andi    s3, t5, -168
core   0: 3 0x80005670 (0xf58f7993) x19 0x00000000
core   0: 0x80005674 (0x01384fb3) xor     t6, a6, s3
core   0: 3 0x80005674 (0x01384fb3) x31 0xbabc700a
core   0: 0x80005678 (0x00b996b3) sll     a3, s3, a1
core   0: 3 0x80005678 (0x00b996b3) x13 0x00000000
core   0: 0x8000567c (0x12b77297) auipc   t0, 0x12b77
core   0: 3 0x8000567c (0x12b77297) x 5 0x92b7c67c
core   0: 0x80005680 (0x37eab037) lui     zero, 0x37eab
core   0: 3 0x80005680 (0x37eab037)
core   0: 0x80005684 (0x0178a5b3) slt     a1, a7, s7
core   0: 3 0x80005684 (0x0178a5b3) x11 0x00000001
core   0: 0x80005688 (0x400909b3) sub     s3, s2, zero
core   0: 3 0x80005688 (0x400909b3) x19 0xffffb250
core   0: 0x8000568c (0x005a4fb3) xor     t6, s4, t0
core   0: 3 0x8000568c (0x005a4fb3) x31 0x2f0a067c
core   0: 0x80005690 (0x412a0a33) sub     s4, s4, s2
core   0: 3 0x80005690 (0x412a0a33) x20 0xbdbe0db0
core   0: 0x80005694 (0x41fe5b33) sra     s6, t3, t6
core   0: 3 0x80005694 (0x41fe5b33) x22 0x00000000
core   0: 0x80005698 (0x00dfe733) or      a4, t6, a3
core   0: 3 0x80005698 (0x00dfe733) x14 0x2f0a067c
core   0: 0x8000569c (0x017e1433) sll     s0, t3, s7
core   0: 3 0x8000569c (0x017e1433) x 8 0x00000001
core   0: 0x800056a0 (0x41705033) sra     zero, zero, s7
core   0: 3 0x800056a0 (0x41705033)
core   0: 0x800056a4 (0x222c8513) addi    a0, s9, 546
core   0: 3 0x800056a4 (0x222c8513) x10 0xfffffd47
core   0: 0x800056a8 (0x6185ba13) sltiu   s4, a1, 1560
core   0: 3 0x800056a8 (0x6185ba13) x20 0x00000001
core   0: 0x800056ac (0x00bd15b7) lui     a1, 0xbd1
core   0: 3 0x800056ac (0x00bd15b7) x11 0x00bd1000
core   0: 0x800056b0 (0x0072e5b3) or      a1, t0, t2
core   0: 3 0x800056b0 (0x0072e5b3) x11 0x92b7de7c
core   0: 0x800056b4 (0x000c6333) or      t1, s8, zero
core   0: 3 0x800056b4 (0x000c6333) x 6 0x00000000
core   0: 0x800056b8 (0x0e298693) addi    a3, s3, 226
core   0: 3 0x800056b8 (0x0e298693) x13 0xffffb332
core   0: 0x800056bc (0x017ca033) slt     zero, s9, s7
core   0: 3 0x800056bc (0x017ca033)
core   0: 0x800056c0 (0xa8b5bc13) sltiu   s8, a1, -1397
core   0: 3 0x800056c0 (0xa8b5bc13) x24 0x00000001
core   0: 0x800056c4 (0x210f3e93) sltiu   t4, t5, 528
core   0: 3 0x800056c4 (0x210f3e93) x29 0x00000001
core   0: 0x800056c8 (0x13408993) addi    s3, ra, 308
core   0: 3 0x800056c8 (0x13408993) x19 0x00000134
core   0: 0x800056cc (0x40275693) srai    a3, a4, 2
core   0: 3 0x800056cc (0x40275693) x13 0x0bc2819f
core   0: 0x800056d0 (0xe1922897) auipc   a7, 0xe1922
core   0: 3 0x800056d0 (0xe1922897) x17 0x619276d0
core   0: 0x800056d4 (0xd1c43293) sltiu   t0, s0, -740
core   0: 3 0x800056d4 (0xd1c43293) x 5 0x00000001
core   0: 0x800056d8 (0x0110aa33) slt     s4, ra, a7
core   0: 3 0x800056d8 (0x0110aa33) x20 0x00000001
core   0: 0x800056dc (0x40d45fb3) sra     t6, s0, a3
core   0: 3 0x800056dc (0x40d45fb3) x31 0x00000000
core   0: 0x800056e0 (0x41ccd6b3) sra     a3, s9, t3
core   0: 3 0x800056e0 (0x41ccd6b3) x13 0xfffffd92
core   0: 0x800056e4 (0x40745d93) srai    s11, s0, 7
core   0: 3 0x800056e4 (0x40745d93) x27 0x00000000
core   0: 0x800056e8 (0x00000013) nop
core   0: 3 0x800056e8 (0x00000013)
core   0: 0x800056ec (0x00dbde93) srli    t4, s7, 13
core   0: 3 0x800056ec (0x00dbde93) x29 0x0002f998
core   0: 0x800056f0 (0xc36dc113) xori    sp, s11, -970
core   0: 3 0x800056f0 (0xc36dc113) x 2 0xfffffc36
core   0: 0x800056f4 (0xaa197b13) andi    s6, s2, -1375
core   0: 3 0x800056f4 (0xaa197b13) x22 0xffffb200
core   0: 0x800056f8 (0xda2ce993) ori     s3, s9, -606
core   0: 3 0x800056f8 (0xda2ce993) x19 0xffffffa7
core   0: 0x800056fc (0x2d792f93) slti    t6, s2, 727
core   0: 3 0x800056fc (0x2d792f93) x31 0x00000001
core   0: 0x80005700 (0x01449c33) sll     s8, s1, s4
core   0: 3 0x80005700 (0x01449c33) x24 0x0002b9c8
core   0: 0x80005704 (0x018b37b3) sltu    a5, s6, s8
core   0: 3 0x80005704 (0x018b37b3) x15 0x00000000
core   0: 0x80005708 (0x401d5933) sra     s2, s10, ra
core   0: 3 0x80005708 (0x401d5933) x18 0x00000000
core   0: 0x8000570c (0x00bd60b3) or      ra, s10, a1
core   0: 3 0x8000570c (0x00bd60b3) x 1 0x92b7de7c
core   0: 0x80005710 (0xc38ab713) sltiu   a4, s5, -968
core   0: 3 0x80005710 (0xc38ab713) x14 0x00000001
core   0: 0x80005714 (0x00c72433) slt     s0, a4, a2
core   0: 3 0x80005714 (0x00c72433) x 8 0x00000000
core   0: 0x80005718 (0x00253333) sltu    t1, a0, sp
core   0: 3 0x80005718 (0x00253333) x 6 0x00000000
core   0: 0x8000571c (0x408f5033) sra     zero, t5, s0
core   0: 3 0x8000571c (0x408f5033)
core   0: 0x80005720 (0x00dcd6b3) srl     a3, s9, a3
core   0: 3 0x80005720 (0x00dcd6b3) x13 0x00003fff
core   0: 0x80005724 (0x92f93313) sltiu   t1, s2, -1745
core   0: 3 0x80005724 (0x92f93313) x 6 0x00000001
core   0: 0x80005728 (0x01fbd933) srl     s2, s7, t6
core   0: 3 0x80005728 (0x01fbd933) x18 0x2f998800
core   0: 0x8000572c (0x40cf8ab3) sub     s5, t6, a2
core   0: 3 0x8000572c (0x40cf8ab3) x21 0x00000000
core   0: 0x80005730 (0xaab84793) xori    a5, a6, -1365
core   0: 3 0x80005730 (0xaab84793) x15 0x45438aa1
core   0: 0x80005734 (0x2f49ad13) slti    s10, s3, 756
core   0: 3 0x80005734 (0x2f49ad13) x26 0x00000001
core   0: 0x80005738 (0x00978033) add     zero, a5, s1
core   0: 3 0x80005738 (0x00978033)
core   0: 0x8000573c (0x009e50b3) srl     ra, t3, s1
core   0: 3 0x8000573c (0x009e50b3) x 1 0x00000000
core   0: 0x80005740 (0x8297fc93) andi    s9, a5, -2007
core   0: 3 0x80005740 (0x8297fc93) x25 0x45438821
core   0: 0x80005744 (0x12db7993) andi    s3, s6, 301
core   0: 3 0x80005744 (0x12db7993) x19 0x00000000
core   0: 0x80005748 (0x001cbcb3) sltu    s9, s9, ra
core   0: 3 0x80005748 (0x001cbcb3) x25 0x00000000
core   0: 0x8000574c (0x00105a33) srl     s4, zero, ra
core   0: 3 0x8000574c (0x00105a33) x20 0x00000000
core   0: 0x80005750 (0x358faa97) auipc   s5, 0x358fa
core   0: 3 0x80005750 (0x358faa97) x21 0xb58ff750
core   0: 0x80005754 (0x6934a593) slti    a1, s1, 1683
core   0: 3 0x80005754 (0x6934a593) x11 0x00000001
core   0: 0x80005758 (0x01179db3) sll     s11, a5, a7
core   0: 3 0x80005758 (0x01179db3) x27 0x8aa10000
core   0: 0x8000575c (0x00cbfb33) and     s6, s7, a2
core   0: 3 0x8000575c (0x00cbfb33) x22 0x00000000
core   0: 0x80005760 (0x011197b3) sll     a5, gp, a7
core   0: 3 0x80005760 (0x011197b3) x15 0x05730000
core   0: 0x80005764 (0x9aa38a37) lui     s4, 0x9aa38
core   0: 3 0x80005764 (0x9aa38a37) x20 0x9aa38000
core   0: 0x80005768 (0x01183bb3) sltu    s7, a6, a7
core   0: 3 0x80005768 (0x01183bb3) x23 0x00000000
core   0: 0x8000576c (0x41430033) sub     zero, t1, s4
core   0: 3 0x8000576c (0x41430033)
core   0: 0x80005770 (0xf9a6ae93) slti    t4, a3, -102
core   0: 3 0x80005770 (0xf9a6ae93) x29 0x00000000
core   0: 0x80005774 (0x00a989b3) add     s3, s3, a0
core   0: 3 0x80005774 (0x00a989b3) x19 0xfffffd47
core   0: 0x80005778 (0x014586b3) add     a3, a1, s4
core   0: 3 0x80005778 (0x014586b3) x13 0x9aa38001
core   0: 0x8000577c (0x9badb013) sltiu   zero, s11, -1606
core   0: 3 0x8000577c (0x9badb013)
core   0: 0x80005780 (0x37dc4113) xori    sp, s8, 893
core   0: 3 0x80005780 (0x37dc4113) x 2 0x0002bab5
core   0: 0x80005784 (0x00085133) srl     sp, a6, zero
core   0: 3 0x80005784 (0x00085133) x 2 0xbabc700a
core   0: 0x80005788 (0x01d74db3) xor     s11, a4, t4
core   0: 3 0x80005788 (0x01d74db3) x27 0x00000001
core   0: 0x8000578c (0x218a3593) sltiu   a1, s4, 536
core   0: 3 0x8000578c (0x218a3593) x11 0x00000000
core   0: 0x80005790 (0x407856b3) sra     a3, a6, t2
core   0: 3 0x80005790 (0x407856b3) x13 0xfbabc700
core   0: 0x80005794 (0x0202fc13) andi    s8, t0, 32
core   0: 3 0x80005794 (0x0202fc13) x24 0x00000000
core   0: 0x80005798 (0x7397c2b7) lui     t0, 0x7397c
core   0: 3 0x80005798 (0x7397c2b7) x 5 0x7397c000
core   0: 0x8000579c (0x001fa7b3) slt     a5, t6, ra
core   0: 3 0x8000579c (0x001fa7b3) x15 0x00000000
core   0: 0x800057a0 (0x003c6c33) or      s8, s8, gp
core   0: 3 0x800057a0 (0x003c6c33) x24 0x00000573
core   0: 0x800057a4 (0x01679933) sll     s2, a5, s6
core   0: 3 0x800057a4 (0x01679933) x18 0x00000000
core   0: 0x800057a8 (0x9e762693) slti    a3, a2, -1561
core   0: 3 0x800057a8 (0x9e762693) x13 0x00000000
core   0: 0x800057ac (0x3bf7cd13) xori    s10, a5, 959
core   0: 3 0x800057ac (0x3bf7cd13) x26 0x000003bf
core   0: 0x800057b0 (0x00000013) nop
core   0: 3 0x800057b0 (0x00000013)
core   0: 0x800057b4 (0x00395313) srli    t1, s2, 3
core   0: 3 0x800057b4 (0x00395313) x 6 0x00000000
core   0: 0x800057b8 (0x0c5bb693) sltiu   a3, s7, 197
core   0: 3 0x800057b8 (0x0c5bb693) x13 0x00000001
core   0: 0x800057bc (0xd5714093) xori    ra, sp, -681
core   0: 3 0x800057bc (0xd5714093) x 1 0x45438d5d
core   0: 0x800057c0 (0x01a8b433) sltu    s0, a7, s10
core   0: 3 0x800057c0 (0x01a8b433) x 8 0x00000000
core   0: 0x800057c4 (0x01ce5ab3) srl     s5, t3, t3
core   0: 3 0x800057c4 (0x01ce5ab3) x21 0x00000000
core   0: 0x800057c8 (0x004369b3) or      s3, t1, tp
core   0: 3 0x800057c8 (0x004369b3) x19 0xfec3917d
core   0: 0x800057cc (0x015f72b3) and     t0, t5, s5
core   0: 3 0x800057cc (0x015f72b3) x 5 0x00000000
core   0: 0x800057d0 (0x8d972d13) slti    s10, a4, -1831
core   0: 3 0x800057d0 (0x8d972d13) x26 0x00000000
core   0: 0x800057d4 (0xb65d6513) ori     a0, s10, -1179
core   0: 3 0x800057d4 (0xb65d6513) x10 0xfffffb65
core   0: 0x800057d8 (0x00da9c33) sll     s8, s5, a3
core   0: 3 0x800057d8 (0x00da9c33) x24 0x00000000
core   0: 0x800057dc (0x01f32433) slt     s0, t1, t6
core   0: 3 0x800057dc (0x01f32433) x 8 0x00000001
core   0: 0x800057e0 (0x00067fb3) and     t6, a2, zero
core   0: 3 0x800057e0 (0x00067fb3) x31 0x00000000
core   0: 0x800057e4 (0x6522aa13) slti    s4, t0, 1618
core   0: 3 0x800057e4 (0x6522aa13) x20 0x00000001
core   0: 0x800057e8 (0x0067a133) slt     sp, a5, t1
core   0: 3 0x800057e8 (0x0067a133) x 2 0x00000000
core   0: 0x800057ec (0x01f3bbb3) sltu    s7, t2, t6
core   0: 3 0x800057ec (0x01f3bbb3) x23 0x00000000
core   0: 0x800057f0 (0x016fbd33) sltu    s10, t6, s6
core   0: 3 0x800057f0 (0x016fbd33) x26 0x00000000
core   0: 0x800057f4 (0x018d1333) sll     t1, s10, s8
core   0: 3 0x800057f4 (0x018d1333) x 6 0x00000000
core   0: 0x800057f8 (0x01884cb3) xor     s9, a6, s8
core   0: 3 0x800057f8 (0x01884cb3) x25 0xbabc700a
core   0: 0x800057fc (0x01e94d33) xor     s10, s2, t5
core   0: 3 0x800057fc (0x01e94d33) x26 0x00000000
core   0: 0x80005800 (0x320bd1b7) lui     gp, 0x320bd
core   0: 3 0x80005800 (0x320bd1b7) x 3 0x320bd000
core   0: 0x80005804 (0xe1cee2b7) lui     t0, 0xe1cee
core   0: 3 0x80005804 (0xe1cee2b7) x 5 0xe1cee000
core   0: 0x80005808 (0x019dd033) srl     zero, s11, s9
core   0: 3 0x80005808 (0x019dd033)
core   0: 0x8000580c (0x416d7113) andi    sp, s10, 1046
core   0: 3 0x8000580c (0x416d7113) x 2 0x00000000
core   0: 0x80005810 (0x3bfc7337) lui     t1, 0x3bfc7
core   0: 3 0x80005810 (0x3bfc7337) x 6 0x3bfc7000
core   0: 0x80005814 (0xdc527713) andi    a4, tp, -571
core   0: 3 0x80005814 (0xdc527713) x14 0xfec39145
core   0: 0x80005818 (0x900dea13) ori     s4, s11, -1792
core   0: 3 0x80005818 (0x900dea13) x20 0xfffff901
core   0: 0x8000581c (0x23b2c313) xori    t1, t0, 571
core   0: 3 0x8000581c (0x23b2c313) x 6 0xe1cee23b
core   0: 0x80005820 (0xa178ff93) andi    t6, a7, -1513
core   0: 3 0x80005820 (0xa178ff93) x31 0x61927210
core   0: 0x80005824 (0x40d6d093) srai    ra, a3, 13
core   0: 3 0x80005824 (0x40d6d093) x 1 0x00000000
core   0: 0x80005828 (0x40965713) srai    a4, a2, 9
core   0: 3 0x80005828 (0x40965713) x14 0x00000000
core   0: 0x8000582c (0x0182f933) and     s2, t0, s8
core   0: 3 0x8000582c (0x0182f933) x18 0x00000000
core   0: 0x80005830 (0x41245bb3) sra     s7, s0, s2
core   0: 3 0x80005830 (0x41245bb3) x23 0x00000001
core   0: 0x80005834 (0xceea2013) slti    zero, s4, -786
core   0: 3 0x80005834 (0xceea2013)
core   0: 0x80005838 (0x411d5d13) srai    s10, s10, 17
core   0: 3 0x80005838 (0x411d5d13) x26 0x00000000
core   0: 0x8000583c (0x017e6333) or      t1, t3, s7
core   0: 3 0x8000583c (0x017e6333) x 6 0x00000001
core   0: 0x80005840 (0x01d00633) add     a2, zero, t4
core   0: 3 0x80005840 (0x01d00633) x12 0x00000000
core   0: 0x80005844 (0x2c26f693) andi    a3, a3, 706
core   0: 3 0x80005844 (0x2c26f693) x13 0x00000000
core   0: 0x80005848 (0x009aa633) slt     a2, s5, s1
core   0: 3 0x80005848 (0x009aa633) x12 0x00000000
core   0: 0x8000584c (0x41c4db93) srai    s7, s1, 28
core   0: 3 0x8000584c (0x41c4db93) x23 0xfffffff8
core   0: 0x80005850 (0x014f5a13) srli    s4, t5, 20
core   0: 3 0x80005850 (0x014f5a13) x20 0x00000000
core   0: 0x80005854 (0x017bbab3) sltu    s5, s7, s7
core   0: 3 0x80005854 (0x017bbab3) x21 0x00000000
core   0: 0x80005858 (0x402152b3) sra     t0, sp, sp
core   0: 3 0x80005858 (0x402152b3) x 5 0x00000000
core   0: 0x8000585c (0x00a2af33) slt     t5, t0, a0
core   0: 3 0x8000585c (0x00a2af33) x30 0x00000000
core   0: 0x80005860 (0x007296b3) sll     a3, t0, t2
core   0: 3 0x80005860 (0x007296b3) x13 0x00000000
core   0: 0x80005864 (0x30e38c93) addi    s9, t2, 782
core   0: 3 0x80005864 (0x30e38c93) x25 0x80012172
core   0: 0x80005868 (0xfbb9be13) sltiu   t3, s3, -69
core   0: 3 0x80005868 (0xfbb9be13) x28 0x00000001
core   0: 0x8000586c (0xe4f9ac93) slti    s9, s3, -433
core   0: 3 0x8000586c (0xe4f9ac93) x25 0x00000001
core   0: 0x80005870 (0x4028d033) sra     zero, a7, sp
core   0: 3 0x80005870 (0x4028d033)
core   0: 0x80005874 (0x016d5293) srli    t0, s10, 22
core   0: 3 0x80005874 (0x016d5293) x 5 0x00000000
core   0: 0x80005878 (0x00000013) nop
core   0: 3 0x80005878 (0x00000013)
core   0: 0x8000587c (0x4198de93) srai    t4, a7, 25
core   0: 3 0x8000587c (0x4198de93) x29 0x00000030
core   0: 0x80005880 (0x404e57b3) sra     a5, t3, tp
core   0: 3 0x80005880 (0x404e57b3) x15 0x00000000
core   0: 0x80005884 (0x40df8d33) sub     s10, t6, a3
core   0: 3 0x80005884 (0x40df8d33) x26 0x61927210
core   0: 0x80005888 (0x4064d1b3) sra     gp, s1, t1
core   0: 3 0x80005888 (0x4064d1b3) x 3 0xc000ae72
core   0: 0x8000588c (0x00000013) nop
core   0: 3 0x8000588c (0x00000013)
core   0: 0x80005890 (0x0133dbb3) srl     s7, t2, s3
core   0: 3 0x80005890 (0x0133dbb3) x23 0x00000004
core   0: 0x80005894 (0x0090c333) xor     t1, ra, s1
core   0: 3 0x80005894 (0x0090c333) x 6 0x80015ce4
core   0: 0x80005898 (0x41275e33) sra     t3, a4, s2
core   0: 3 0x80005898 (0x41275e33) x28 0x00000000
core   0: 0x8000589c (0x018d6d33) or      s10, s10, s8
core   0: 3 0x8000589c (0x018d6d33) x26 0x61927210
core   0: 0x800058a0 (0x010e8e33) add     t3, t4, a6
core   0: 3 0x800058a0 (0x010e8e33) x28 0xbabc703a
core   0: 0x800058a4 (0x40778e33) sub     t3, a5, t2
core   0: 3 0x800058a4 (0x40778e33) x28 0x7ffee19c
core   0: 0x800058a8 (0x007a1b33) sll     s6, s4, t2
core   0: 3 0x800058a8 (0x007a1b33) x22 0x00000000
core   0: 0x800058ac (0xef303113) sltiu   sp, zero, -269
core   0: 3 0x800058ac (0xef303113) x 2 0x00000001
core   0: 0x800058b0 (0x0033d433) srl     s0, t2, gp
core   0: 3 0x800058b0 (0x0033d433) x 8 0x00002000
core   0: 0x800058b4 (0xbd55f713) andi    a4, a1, -1067
core   0: 3 0x800058b4 (0xbd55f713) x14 0x00000000
core   0: 0x800058b8 (0xba0ae517) auipc   a0, 0xba0ae
core   0: 3 0x800058b8 (0xba0ae517) x10 0x3a0b38b8
core   0: 0x800058bc (0x01b4d833) srl     a6, s1, s11
core   0: 3 0x800058bc (0x01b4d833) x16 0x4000ae72
core   0: 0x800058c0 (0x00036c33) or      s8, t1, zero
core   0: 3 0x800058c0 (0x00036c33) x24 0x80015ce4
core   0: 0x800058c4 (0x4acf4b13) xori    s6, t5, 1196
core   0: 3 0x800058c4 (0x4acf4b13) x22 0x000004ac
core   0: 0x800058c8 (0x90292a93) slti    s5, s2, -1790
core   0: 3 0x800058c8 (0x90292a93) x21 0x00000000
core   0: 0x800058cc (0x0ee5bc37) lui     s8, 0xee5b
core   0: 3 0x800058cc (0x0ee5bc37) x24 0x0ee5b000
core   0: 0x800058d0 (0xf0504913) xori    s2, zero, -251
core   0: 3 0x800058d0 (0xf0504913) x18 0xffffff05
core   0: 0x800058d4 (0x40865633) sra     a2, a2, s0
core   0: 3 0x800058d4 (0x40865633) x12 0x00000000
core   0: 0x800058d8 (0x96c77d37) lui     s10, 0x96c77
core   0: 3 0x800058d8 (0x96c77d37) x26 0x96c77000
core   0: 0x800058dc (0x01a35533) srl     a0, t1, s10
core   0: 3 0x800058dc (0x01a35533) x10 0x80015ce4
core   0: 0x800058e0 (0x01ebe6b3) or      a3, s7, t5
core   0: 3 0x800058e0 (0x01ebe6b3) x13 0x00000004
core   0: 0x800058e4 (0x00ced2b3) srl     t0, t4, a2
core   0: 3 0x800058e4 (0x00ced2b3) x 5 0x00000030
core   0: 0x800058e8 (0x00f05b13) srli    s6, zero, 15
core   0: 3 0x800058e8 (0x00f05b13) x22 0x00000000
core   0: 0x800058ec (0x00016933) or      s2, sp, zero
core   0: 3 0x800058ec (0x00016933) x18 0x00000001
core   0: 0x800058f0 (0xd7943913) sltiu   s2, s0, -647
core   0: 3 0x800058f0 (0xd7943913) x18 0x00000001
core   0: 0x800058f4 (0xd9a98193) addi    gp, s3, -614
core   0: 3 0x800058f4 (0xd9a98193) x 3 0xfec38f17
core   0: 0x800058f8 (0x157d2313) slti    t1, s10, 343
core   0: 3 0x800058f8 (0x157d2313) x 6 0x00000001
core   0: 0x800058fc (0x48d5cc93) xori    s9, a1, 1165
core   0: 3 0x800058fc (0x48d5cc93) x25 0x0000048d
core   0: 0x80005900 (0x01c70f33) add     t5, a4, t3
core   0: 3 0x80005900 (0x01c70f33) x30 0x7ffee19c
core   0: 0x80005904 (0x01429993) slli    s3, t0, 20
core   0: 3 0x80005904 (0x01429993) x19 0x03000000
core   0: 0x80005908 (0x00000013) nop
core   0: 3 0x80005908 (0x00000013)
core   0: 0x8000590c (0x01d4e2b3) or      t0, s1, t4
core   0: 3 0x8000590c (0x01d4e2b3) x 5 0x80015cf4
core   0: 0x80005910 (0x4b0707b7) lui     a5, 0x4b070
core   0: 3 0x80005910 (0x4b0707b7) x15 0x4b070000
core   0: 0x80005914 (0x4120d693) srai    a3, ra, 18
core   0: 3 0x80005914 (0x4120d693) x13 0x00000000
core   0: 0x80005918 (0x419c5793) srai    a5, s8, 25
core   0: 3 0x80005918 (0x419c5793) x15 0x00000007
core   0: 0x8000591c (0x01111b33) sll     s6, sp, a7
core   0: 3 0x8000591c (0x01111b33) x22 0x00010000
core   0: 0x80005920 (0x007b9d33) sll     s10, s7, t2
core   0: 3 0x80005920 (0x007b9d33) x26 0x00000040
core   0: 0x80005924 (0x01b57eb3) and     t4, a0, s11
core   0: 3 0x80005924 (0x01b57eb3) x29 0x00000000
core   0: 0x80005928 (0x4d2fa313) slti    t1, t6, 1234
core   0: 3 0x80005928 (0x4d2fa313) x 6 0x00000000
core   0: 0x8000592c (0x01a25813) srli    a6, tp, 26
core   0: 3 0x8000592c (0x01a25813) x16 0x0000003f
core   0: 0x80005930 (0x26faad93) slti    s11, s5, 623
core   0: 3 0x80005930 (0x26faad93) x27 0x00000001
core   0: 0x80005934 (0x006e3a33) sltu    s4, t3, t1
core   0: 3 0x80005934 (0x006e3a33) x20 0x00000000
core   0: 0x80005938 (0x1646ba93) sltiu   s5, a3, 356
core   0: 3 0x80005938 (0x1646ba93) x21 0x00000001
core   0: 0x8000593c (0x011730b3) sltu    ra, a4, a7
core   0: 3 0x8000593c (0x011730b3) x 1 0x00000001
core   0: 0x80005940 (0x60c96e93) ori     t4, s2, 1548
core   0: 3 0x80005940 (0x60c96e93) x29 0x0000060d
core   0: 0x80005944 (0xb1397193) andi    gp, s2, -1261
core   0: 3 0x80005944 (0xb1397193) x 3 0x00000001
core   0: 0x80005948 (0x01895913) srli    s2, s2, 24
core   0: 3 0x80005948 (0x01895913) x18 0x00000000
core   0: 0x8000594c (0x674c8613) addi    a2, s9, 1652
core   0: 3 0x8000594c (0x674c8613) x12 0x00000b01
core   0: 0x80005950 (0x01c49b33) sll     s6, s1, t3
core   0: 3 0x80005950 (0x01c49b33) x22 0x40000000
core   0: 0x80005954 (0x408cda33) sra     s4, s9, s0
core   0: 3 0x80005954 (0x408cda33) x20 0x0000048d
core   0: 0x80005958 (0x99296693) ori     a3, s2, -1646
core   0: 3 0x80005958 (0x99296693) x13 0xfffff992
core   0: 0x8000595c (0x41f150b3) sra     ra, sp, t6
core   0: 3 0x8000595c (0x41f150b3) x 1 0x00000000
core   0: 0x80005960 (0xd8077913) andi    s2, a4, -640
core   0: 3 0x80005960 (0xd8077913) x18 0x00000000
core   0: 0x80005964 (0xf247c793) xori    a5, a5, -220
core   0: 3 0x80005964 (0xf247c793) x15 0xffffff23
core   0: 0x80005968 (0x00000013) nop
core   0: 3 0x80005968 (0x00000013)
core   0: 0x8000596c (0x0109e133) or      sp, s3, a6
core   0: 3 0x8000596c (0x0109e133) x 2 0x0300003f
core   0: 0x80005970 (0x018ea1b3) slt     gp, t4, s8
core   0: 3 0x80005970 (0x018ea1b3) x 3 0x00000001
core   0: 0x80005974 (0xbaad0413) addi    s0, s10, -1110
core   0: 3 0x80005974 (0xbaad0413) x 8 0xfffffbea
core   0: 0x80005978 (0x0061ebb3) or      s7, gp, t1
core   0: 3 0x80005978 (0x0061ebb3) x23 0x00000001
core   0: 0x8000597c (0xf23125b7) lui     a1, 0xf2312
core   0: 3 0x8000597c (0xf23125b7) x11 0xf2312000
core   0: 0x80005980 (0xacad3d93) sltiu   s11, s10, -1334
core   0: 3 0x80005980 (0xacad3d93) x27 0x00000001
core   0: 0x80005984 (0x019cc433) xor     s0, s9, s9
core   0: 3 0x80005984 (0x019cc433) x 8 0x00000000
core   0: 0x80005988 (0x01649613) slli    a2, s1, 22
core   0: 3 0x80005988 (0x01649613) x12 0x39000000
core   0: 0x8000598c (0x00314eb3) xor     t4, sp, gp
core   0: 3 0x8000598c (0x00314eb3) x29 0x0300003e
core   0: 0x80005990 (0x00000013) nop
core   0: 3 0x80005990 (0x00000013)
core   0: 0x80005994 (0x0149e433) or      s0, s3, s4
core   0: 3 0x80005994 (0x0149e433) x 8 0x0300048d
core   0: 0x80005998 (0x40328bb3) sub     s7, t0, gp
core   0: 3 0x80005998 (0x40328bb3) x23 0x80015cf3
core   0: 0x8000599c (0x0113fa33) and     s4, t2, a7
core   0: 3 0x8000599c (0x0113fa33) x20 0x00001640
core   0: 0x800059a0 (0x00000013) nop
core   0: 3 0x800059a0 (0x00000013)
core   0: 0x800059a4 (0x01ec80b3) add     ra, s9, t5
core   0: 3 0x800059a4 (0x01ec80b3) x 1 0x7ffee629
core   0: 0x800059a8 (0x00b6f433) and     s0, a3, a1
core   0: 3 0x800059a8 (0x00b6f433) x 8 0xf2312000
core   0: 0x800059ac (0x2404a613) slti    a2, s1, 576
core   0: 3 0x800059ac (0x2404a613) x12 0x00000001
core   0: 0x800059b0 (0x5d4e9517) auipc   a0, 0x5d4e9
core   0: 3 0x800059b0 (0x5d4e9517) x10 0xdd4ee9b0
core   0: 0x800059b4 (0x413d8633) sub     a2, s11, s3
core   0: 3 0x800059b4 (0x413d8633) x12 0xfd000001
core   0: 0x800059b8 (0x006f9293) slli    t0, t6, 6
core   0: 3 0x800059b8 (0x006f9293) x 5 0x649c8400
core   0: 0x800059bc (0xfbada693) slti    a3, s11, -70
core   0: 3 0x800059bc (0xfbada693) x13 0x00000000
core   0: 0x800059c0 (0x006f5f93) srli    t6, t5, 6
core   0: 3 0x800059c0 (0x006f5f93) x31 0x01fffb86
core   0: 0x800059c4 (0x4090d893) srai    a7, ra, 9
core   0: 3 0x800059c4 (0x4090d893) x17 0x003fff73
core   0: 0x800059c8 (0x40a10333) sub     t1, sp, a0
core   0: 3 0x800059c8 (0x40a10333) x 6 0x25b1168f
core   0: 0x800059cc (0x00710a33) add     s4, sp, t2
core   0: 3 0x800059cc (0x00710a33) x20 0x83011ea3
core   0: 0x800059d0 (0x40435a13) srai    s4, t1, 4
core   0: 3 0x800059d0 (0x40435a13) x20 0x025b1168
core   0: 0x800059d4 (0xeacf9117) auipc   sp, 0xeacf9
core   0: 3 0x800059d4 (0xeacf9117) x 2 0x6acfe9d4
core   0: 0x800059d8 (0x0154df13) srli    t5, s1, 21
core   0: 3 0x800059d8 (0x0154df13) x30 0x00000400
core   0: 0x800059dc (0x199e3593) sltiu   a1, t3, 409
core   0: 3 0x800059dc (0x199e3593) x11 0x00000000
core   0: 0x800059e0 (0x74c2f513) andi    a0, t0, 1868
core   0: 3 0x800059e0 (0x74c2f513) x10 0x00000400
core   0: 0x800059e4 (0x015001b3) add     gp, zero, s5
core   0: 3 0x800059e4 (0x015001b3) x 3 0x00000001
core   0: 0x800059e8 (0xd738bd93) sltiu   s11, a7, -653
core   0: 3 0x800059e8 (0xd738bd93) x27 0x00000001
core   0: 0x800059ec (0x401a01b3) sub     gp, s4, ra
core   0: 3 0x800059ec (0x401a01b3) x 3 0x825c2b3f
core   0: 0x800059f0 (0x00a55633) srl     a2, a0, a0
core   0: 3 0x800059f0 (0x00a55633) x12 0x00000400
core   0: 0x800059f4 (0x005f81b3) add     gp, t6, t0
core   0: 3 0x800059f4 (0x005f81b3) x 3 0x669c7f86
core   0: 0x800059f8 (0x40d6dd33) sra     s10, a3, a3
core   0: 3 0x800059f8 (0x40d6dd33) x26 0x00000000
core   0: 0x800059fc (0x4143dc93) srai    s9, t2, 20
core   0: 3 0x800059fc (0x4143dc93) x25 0xfffff800
core   0: 0x80005a00 (0xc2b02413) slti    s0, zero, -981
core   0: 3 0x80005a00 (0xc2b02413) x 8 0x00000000
core   0: 0x80005a04 (0x017b8f33) add     t5, s7, s7
core   0: 3 0x80005a04 (0x017b8f33) x30 0x0002b9e6
core   0: 0x80005a08 (0x00a72133) slt     sp, a4, a0
core   0: 3 0x80005a08 (0x00a72133) x 2 0x00000001
core   0: 0x80005a0c (0xec77ce93) xori    t4, a5, -313
core   0: 3 0x80005a0c (0xec77ce93) x29 0x000001e4
core   0: 0x80005a10 (0x00233733) sltu    a4, t1, sp
core   0: 3 0x80005a10 (0x00233733) x14 0x00000000
core   0: 0x80005a14 (0x01fb9913) slli    s2, s7, 31
core   0: 3 0x80005a14 (0x01fb9913) x18 0x80000000
core   0: 0x80005a18 (0x000add33) srl     s10, s5, zero
core   0: 3 0x80005a18 (0x000add33) x26 0x00000001
core   0: 0x80005a1c (0x6f7ffd13) andi    s10, t6, 1783
core   0: 3 0x80005a1c (0x6f7ffd13) x26 0x00000286
core   0: 0x80005a20 (0xe38d2093) slti    ra, s10, -456
core   0: 3 0x80005a20 (0xe38d2093) x 1 0x00000000
core   0: 0x80005a24 (0x00808133) add     sp, ra, s0
core   0: 3 0x80005a24 (0x00808133) x 2 0x00000000
core   0: 0x80005a28 (0xec6c5f97) auipc   t6, 0xec6c5
core   0: 3 0x80005a28 (0xec6c5f97) x31 0x6c6caa28
core   0: 0x80005a2c (0x01125f33) srl     t5, tp, a7
core   0: 3 0x80005a2c (0x01125f33) x30 0x00001fd8
core   0: 0x80005a30 (0x00f967b3) or      a5, s2, a5
core   0: 3 0x80005a30 (0x00f967b3) x15 0xffffff23
core   0: 0x80005a34 (0x364e7113) andi    sp, t3, 868
core   0: 3 0x80005a34 (0x364e7113) x 2 0x00000104
core   0: 0x80005a38 (0x015ca2b3) slt     t0, s9, s5
core   0: 3 0x80005a38 (0x015ca2b3) x 5 0x00000001
core   0: 0x80005a3c (0x00345eb3) srl     t4, s0, gp
core   0: 3 0x80005a3c (0x00345eb3) x29 0x00000000
core   0: 0x80005a40 (0x01851d93) slli    s11, a0, 24
core   0: 3 0x80005a40 (0x01851d93) x27 0x00000000
core   0: 0x80005a44 (0x41aa56b3) sra     a3, s4, s10
core   0: 3 0x80005a44 (0x41aa56b3) x13 0x00096c45
core   0: 0x80005a48 (0x40095093) srai    ra, s2, 0
core   0: 3 0x80005a48 (0x40095093) x 1 0x80000000
core   0: 0x80005a4c (0xaf745697) auipc   a3, 0xaf745
core   0: 3 0x80005a4c (0xaf745697) x13 0x2f74aa4c
core   0: 0x80005a50 (0x01925b13) srli    s6, tp, 25
core   0: 3 0x80005a50 (0x01925b13) x22 0x0000007f
core   0: 0x80005a54 (0x00000013) nop
core   0: 3 0x80005a54 (0x00000013)
core   0: 0x80005a58 (0x017830b3) sltu    ra, a6, s7
core   0: 3 0x80005a58 (0x017830b3) x 1 0x00000001
core   0: 0x80005a5c (0x01de1d13) slli    s10, t3, 29
core   0: 3 0x80005a5c (0x01de1d13) x26 0x80000000
core   0: 0x80005a60 (0x41ccd813) srai    a6, s9, 28
core   0: 3 0x80005a60 (0x41ccd813) x16 0xffffffff
core   0: 0x80005a64 (0x00000013) nop
core   0: 3 0x80005a64 (0x00000013)
core   0: 0x80005a68 (0x70957b13) andi    s6, a0, 1801
core   0: 3 0x80005a68 (0x70957b13) x22 0x00000400
core   0: 0x80005a6c (0x0157fc33) and     s8, a5, s5
core   0: 3 0x80005a6c (0x0157fc33) x24 0x00000001
core   0: 0x80005a70 (0x95be6093) ori     ra, t3, -1701
core   0: 3 0x80005a70 (0x95be6093) x 1 0xfffff9df
core   0: 0x80005a74 (0x0077a2b3) slt     t0, a5, t2
core   0: 3 0x80005a74 (0x0077a2b3) x 5 0x00000000
core   0: 0x80005a78 (0xf4e2a0b7) lui     ra, 0xf4e2a
core   0: 3 0x80005a78 (0xf4e2a0b7) x 1 0xf4e2a000
core   0: 0x80005a7c (0xecf4c313) xori    t1, s1, -305
core   0: 3 0x80005a7c (0xecf4c313) x 6 0x7ffea22b
core   0: 0x80005a80 (0xf205f713) andi    a4, a1, -224
core   0: 3 0x80005a80 (0xf205f713) x14 0x00000000
core   0: 0x80005a84 (0x7a8bc093) xori    ra, s7, 1960
core   0: 3 0x80005a84 (0x7a8bc093) x 1 0x80015b5b
core   0: 0x80005a88 (0x01f3eb33) or      s6, t2, t6
core   0: 3 0x80005a88 (0x01f3eb33) x22 0xec6dbe6c
core   0: 0x80005a8c (0x57510093) addi    ra, sp, 1397
core   0: 3 0x80005a8c (0x57510093) x 1 0x00000679
core   0: 0x80005a90 (0x40ed5f33) sra     t5, s10, a4
core   0: 3 0x80005a90 (0x40ed5f33) x30 0x80000000
core   0: 0x80005a94 (0x0080adb3) slt     s11, ra, s0
core   0: 3 0x80005a94 (0x0080adb3) x27 0x00000000
core   0: 0x80005a98 (0x4881c613) xori    a2, gp, 1160
core   0: 3 0x80005a98 (0x4881c613) x12 0x669c7b0e
core   0: 0x80005a9c (0x0161beb3) sltu    t4, gp, s6
core   0: 3 0x80005a9c (0x0161beb3) x29 0x00000001
core   0: 0x80005aa0 (0x01341093) slli    ra, s0, 19
core   0: 3 0x80005aa0 (0x01341093) x 1 0x00000000
core   0: 0x80005aa4 (0x01d0eb33) or      s6, ra, t4
core   0: 3 0x80005aa4 (0x01d0eb33) x22 0x00000001
core   0: 0x80005aa8 (0x41048633) sub     a2, s1, a6
core   0: 3 0x80005aa8 (0x41048633) x12 0x80015ce5
core   0: 0x80005aac (0x7ddfc913) xori    s2, t6, 2013
core   0: 3 0x80005aac (0x7ddfc913) x18 0x6c6cadf5
core   0: 0x80005ab0 (0x01775313) srli    t1, a4, 23
core   0: 3 0x80005ab0 (0x01775313) x 6 0x00000000
core   0: 0x80005ab4 (0x41255eb3) sra     t4, a0, s2
core   0: 3 0x80005ab4 (0x41255eb3) x29 0x00000000
core   0: 0x80005ab8 (0x019ebd33) sltu    s10, t4, s9
core   0: 3 0x80005ab8 (0x019ebd33) x26 0x00000001
core   0: 0x80005abc (0x40d5d2b3) sra     t0, a1, a3
core   0: 3 0x80005abc (0x40d5d2b3) x 5 0x00000000
core   0: 0x80005ac0 (0x46d17e13) andi    t3, sp, 1133
core   0: 3 0x80005ac0 (0x46d17e13) x28 0x00000004
core   0: 0x80005ac4 (0x0152e9b3) or      s3, t0, s5
core   0: 3 0x80005ac4 (0x0152e9b3) x19 0x00000001
core   0: 0x80005ac8 (0x31c99517) auipc   a0, 0x31c99
core   0: 3 0x80005ac8 (0x31c99517) x10 0xb1c9eac8
core   0: 0x80005acc (0x53822f93) slti    t6, tp, 1336
core   0: 3 0x80005acc (0x53822f93) x31 0x00000001
core   0: 0x80005ad0 (0x014931b3) sltu    gp, s2, s4
core   0: 3 0x80005ad0 (0x014931b3) x 3 0x00000000
core   0: 0x80005ad4 (0x41a05db3) sra     s11, zero, s10
core   0: 3 0x80005ad4 (0x41a05db3) x27 0x00000000
core   0: 0x80005ad8 (0x41ce5893) srai    a7, t3, 28
core   0: 3 0x80005ad8 (0x41ce5893) x17 0x00000000
core   0: 0x80005adc (0x9f0ffe93) andi    t4, t6, -1552
core   0: 3 0x80005adc (0x9f0ffe93) x29 0x00000000
core   0: 0x80005ae0 (0x01171e93) slli    t4, a4, 17
core   0: 3 0x80005ae0 (0x01171e93) x29 0x00000000
core   0: 0x80005ae4 (0x417c0333) sub     t1, s8, s7
core   0: 3 0x80005ae4 (0x417c0333) x 6 0x7ffea30e
core   0: 0x80005ae8 (0x0051b433) sltu    s0, gp, t0
core   0: 3 0x80005ae8 (0x0051b433) x 8 0x00000000
core   0: 0x80005aec (0x01111933) sll     s2, sp, a7
core   0: 3 0x80005aec (0x01111933) x18 0x00000104
core   0: 0x80005af0 (0xf978f513) andi    a0, a7, -105
core   0: 3 0x80005af0 (0xf978f513) x10 0x00000000
core   0: 0x80005af4 (0x4021d133) sra     sp, gp, sp
core   0: 3 0x80005af4 (0x4021d133) x 2 0x00000000
core   0: 0x80005af8 (0x96493e93) sltiu   t4, s2, -1692
core   0: 3 0x80005af8 (0x96493e93) x29 0x00000001
core   0: 0x80005afc (0x661c2a93) slti    s5, s8, 1633
core   0: 3 0x80005afc (0x661c2a93) x21 0x00000001
core   0: 0x80005b00 (0x0123e5b3) or      a1, t2, s2
core   0: 3 0x80005b00 (0x0123e5b3) x11 0x80011f64
core   0: 0x80005b04 (0xd9307d13) andi    s10, zero, -621
core   0: 3 0x80005b04 (0xd9307d13) x26 0x00000000
core   0: 0x80005b08 (0x41c65a13) srai    s4, a2, 28
core   0: 3 0x80005b08 (0x41c65a13) x20 0xfffffff8
core   0: 0x80005b0c (0xddf751b7) lui     gp, 0xddf75
core   0: 3 0x80005b0c (0xddf751b7) x 3 0xddf75000
core   0: 0x80005b10 (0x41195bb3) sra     s7, s2, a7
core   0: 3 0x80005b10 (0x41195bb3) x23 0x00000104
core   0: 0x80005b14 (0x00ccb733) sltu    a4, s9, a2
core   0: 3 0x80005b14 (0x00ccb733) x14 0x00000000
core   0: 0x80005b18 (0xdf528613) addi    a2, t0, -523
core   0: 3 0x80005b18 (0xdf528613) x12 0xfffffdf5
core   0: 0x80005b1c (0x409a5bb3) sra     s7, s4, s1
core   0: 3 0x80005b1c (0x409a5bb3) x23 0xffffffff
core   0: 0x80005b20 (0xad56eb93) ori     s7, a3, -1323
core   0: 3 0x80005b20 (0xad56eb93) x23 0xfffffadd
core   0: 0x80005b24 (0x409cdb13) srai    s6, s9, 9
core   0: 3 0x80005b24 (0x409cdb13) x22 0xfffffffc
core   0: 0x80005b28 (0x00c25693) srli    a3, tp, 12
core   0: 3 0x80005b28 (0x00c25693) x13 0x000fec39
core   0: 0x80005b2c (0x00b2fbb3) and     s7, t0, a1
core   0: 3 0x80005b2c (0x00b2fbb3) x23 0x00000000
core   0: 0x80005b30 (0x00cdd993) srli    s3, s11, 12
core   0: 3 0x80005b30 (0x00cdd993) x19 0x00000000
core   0: 0x80005b34 (0x00f1a7b3) slt     a5, gp, a5
core   0: 3 0x80005b34 (0x00f1a7b3) x15 0x00000001
core   0: 0x80005b38 (0x404256b3) sra     a3, tp, tp
core   0: 3 0x80005b38 (0x404256b3) x13 0xffffffff
core   0: 0x80005b3c (0x4b6e7593) andi    a1, t3, 1206
core   0: 3 0x80005b3c (0x4b6e7593) x11 0x00000004
core   0: 0x80005b40 (0x00c79533) sll     a0, a5, a2
core   0: 3 0x80005b40 (0x00c79533) x10 0x00200000
core   0: 0x80005b44 (0xd770e793) ori     a5, ra, -649
core   0: 3 0x80005b44 (0xd770e793) x15 0xfffffd77
core   0: 0x80005b48 (0x620b7d13) andi    s10, s6, 1568
core   0: 3 0x80005b48 (0x620b7d13) x26 0x00000620
core   0: 0x80005b4c (0x0033feb3) and     t4, t2, gp
core   0: 3 0x80005b4c (0x0033feb3) x29 0x80011000
core   0: 0x80005b50 (0x009f9033) sll     zero, t6, s1
core   0: 3 0x80005b50 (0x009f9033)
core   0: 0x80005b54 (0x56a84c93) xori    s9, a6, 1386
core   0: 3 0x80005b54 (0x56a84c93) x25 0xfffffa95
core   0: 0x80005b58 (0x016aeab3) or      s5, s5, s6
core   0: 3 0x80005b58 (0x016aeab3) x21 0xfffffffd
core   0: 0x80005b5c (0x01ca95b3) sll     a1, s5, t3
core   0: 3 0x80005b5c (0x01ca95b3) x11 0xffffffd0
core   0: 0x80005b60 (0x2956bd13) sltiu   s10, a3, 661
core   0: 3 0x80005b60 (0x2956bd13) x26 0x00000000
core   0: 0x80005b64 (0xff576f93) ori     t6, a4, -11
core   0: 3 0x80005b64 (0xff576f93) x31 0xfffffff5
core   0: 0x80005b68 (0x00d276b3) and     a3, tp, a3
core   0: 3 0x80005b68 (0x00d276b3) x13 0xfec3917d
core   0: 0x80005b6c (0x41b1d7b3) sra     a5, gp, s11
core   0: 3 0x80005b6c (0x41b1d7b3) x15 0xddf75000
core   0: 0x80005b70 (0x77c8a313) slti    t1, a7, 1916
core   0: 3 0x80005b70 (0x77c8a313) x 6 0x00000001
core   0: 0x80005b74 (0x006c2c33) slt     s8, s8, t1
core   0: 3 0x80005b74 (0x006c2c33) x24 0x00000000
core   0: 0x80005b78 (0x005e9313) slli    t1, t4, 5
core   0: 3 0x80005b78 (0x005e9313) x 6 0x00220000
core   0: 0x80005b7c (0x0121e033) or      zero, gp, s2
core   0: 3 0x80005b7c (0x0121e033)
core   0: 0x80005b80 (0x0cb5fd13) andi    s10, a1, 203
core   0: 3 0x80005b80 (0x0cb5fd13) x26 0x000000c0
core   0: 0x80005b84 (0x30a6e993) ori     s3, a3, 778
core   0: 3 0x80005b84 (0x30a6e993) x19 0xfec3937f
core   0: 0x80005b88 (0x002a2e33) slt     t3, s4, sp
core   0: 3 0x80005b88 (0x002a2e33) x28 0x00000001
core   0: 0x80005b8c (0x01311833) sll     a6, sp, s3
core   0: 3 0x80005b8c (0x01311833) x16 0x00000000
core   0: 0x80005b90 (0x003a1a33) sll     s4, s4, gp
core   0: 3 0x80005b90 (0x003a1a33) x20 0xfffffff8
core   0: 0x80005b94 (0x00c09933) sll     s2, ra, a2
core   0: 3 0x80005b94 (0x00c09933) x18 0x00000000
core   0: 0x80005b98 (0x1013a113) slti    sp, t2, 257
core   0: 3 0x80005b98 (0x1013a113) x 2 0x00000001
core   0: 0x80005b9c (0x01c49713) slli    a4, s1, 28
core   0: 3 0x80005b9c (0x01c49713) x14 0x40000000
core   0: 0x80005ba0 (0x00e4c2b3) xor     t0, s1, a4
core   0: 3 0x80005ba0 (0x00e4c2b3) x 5 0xc0015ce4
core   0: 0x80005ba4 (0x00581613) slli    a2, a6, 5
core   0: 3 0x80005ba4 (0x00581613) x12 0x00000000
core   0: 0x80005ba8 (0x66254613) xori    a2, a0, 1634
core   0: 3 0x80005ba8 (0x66254613) x12 0x00200662
core   0: 0x80005bac (0x0081da13) srli    s4, gp, 8
core   0: 3 0x80005bac (0x0081da13) x20 0x00ddf750
core   0: 0x80005bb0 (0x01a80bb3) add     s7, a6, s10
core   0: 3 0x80005bb0 (0x01a80bb3) x23 0x000000c0
core   0: 0x80005bb4 (0x41a18eb3) sub     t4, gp, s10
core   0: 3 0x80005bb4 (0x41a18eb3) x29 0xddf74f40
core   0: 0x80005bb8 (0x01c1b9b3) sltu    s3, gp, t3
core   0: 3 0x80005bb8 (0x01c1b9b3) x19 0x00000000
core   0: 0x80005bbc (0x00772ab3) slt     s5, a4, t2
core   0: 3 0x80005bbc (0x00772ab3) x21 0x00000000
core   0: 0x80005bc0 (0x01313bb3) sltu    s7, sp, s3
core   0: 3 0x80005bc0 (0x01313bb3) x23 0x00000000
core   0: 0x80005bc4 (0x4033d293) srai    t0, t2, 3
core   0: 3 0x80005bc4 (0x4033d293) x 5 0xf00023cc
core   0: 0x80005bc8 (0x9804be93) sltiu   t4, s1, -1664
core   0: 3 0x80005bc8 (0x9804be93) x29 0x00000001
core   0: 0x80005bcc (0x2e51ad93) slti    s11, gp, 741
core   0: 3 0x80005bcc (0x2e51ad93) x27 0x00000001
core   0: 0x80005bd0 (0xdf12f097) auipc   ra, 0xdf12f
core   0: 3 0x80005bd0 (0xdf12f097) x 1 0x5f134bd0
core   0: 0x80005bd4 (0x006d1593) slli    a1, s10, 6
core   0: 3 0x80005bd4 (0x006d1593) x11 0x00003000
core   0: 0x80005bd8 (0x2d996593) ori     a1, s2, 729
core   0: 3 0x80005bd8 (0x2d996593) x11 0x000002d9
core   0: 0x80005bdc (0x62ce3993) sltiu   s3, t3, 1580
core   0: 3 0x80005bdc (0x62ce3993) x19 0x00000001
core   0: 0x80005be0 (0x01aea0b3) slt     ra, t4, s10
core   0: 3 0x80005be0 (0x01aea0b3) x 1 0x00000001
core   0: 0x80005be4 (0x418e5f13) srai    t5, t3, 24
core   0: 3 0x80005be4 (0x418e5f13) x30 0x00000000
core   0: 0x80005be8 (0x01736cb3) or      s9, t1, s7
core   0: 3 0x80005be8 (0x01736cb3) x25 0x00220000
core   0: 0x80005bec (0xf8bd0a13) addi    s4, s10, -117
core   0: 3 0x80005bec (0xf8bd0a13) x20 0x0000004b
core   0: 0x80005bf0 (0x00000013) nop
core   0: 3 0x80005bf0 (0x00000013)
core   0: 0x80005bf4 (0x409b8db3) sub     s11, s7, s1
core   0: 3 0x80005bf4 (0x409b8db3) x27 0x7ffea31c
core   0: 0x80005bf8 (0xcfcac613) xori    a2, s5, -772
core   0: 3 0x80005bf8 (0xcfcac613) x12 0xfffffcfc
core   0: 0x80005bfc (0xf2623b93) sltiu   s7, tp, -218
core   0: 3 0x80005bfc (0xf2623b93) x23 0x00000001
core   0: 0x80005c00 (0x01721713) slli    a4, tp, 23
core   0: 3 0x80005c00 (0x01721713) x14 0xbe800000
core   0: 0x80005c04 (0x00000013) nop
core   0: 3 0x80005c04 (0x00000013)
core   0: 0x80005c08 (0x42900d13) li      s10, 1065
core   0: 3 0x80005c08 (0x42900d13) x26 0x00000429
core   0: 0x80005c0c (0x005caeb3) slt     t4, s9, t0
core   0: 3 0x80005c0c (0x005caeb3) x29 0x00000000
core   0: 0x80005c10 (0xf0e87793) andi    a5, a6, -242
core   0: 3 0x80005c10 (0xf0e87793) x15 0x00000000
core   0: 0x80005c14 (0x41a8d793) srai    a5, a7, 26
core   0: 3 0x80005c14 (0x41a8d793) x15 0x00000000
core   0: 0x80005c18 (0x01fc7633) and     a2, s8, t6
core   0: 3 0x80005c18 (0x01fc7633) x12 0x00000000
core   0: 0x80005c1c (0x40975413) srai    s0, a4, 9
core   0: 3 0x80005c1c (0x40975413) x 8 0xffdf4000
core   0: 0x80005c20 (0x00429413) slli    s0, t0, 4
core   0: 3 0x80005c20 (0x00429413) x 8 0x00023cc0
core   0: 0x80005c24 (0x0194fa33) and     s4, s1, s9
core   0: 3 0x80005c24 (0x0194fa33) x20 0x00000000
core   0: 0x80005c28 (0x39b57d97) auipc   s11, 0x39b57
core   0: 3 0x80005c28 (0x39b57d97) x27 0xb9b5cc28
core   0: 0x80005c2c (0x00b59733) sll     a4, a1, a1
core   0: 3 0x80005c2c (0x00b59733) x14 0xb2000000
core   0: 0x80005c30 (0xf81a6093) ori     ra, s4, -127
core   0: 3 0x80005c30 (0xf81a6093) x 1 0xffffff81
core   0: 0x80005c34 (0x6d42f413) andi    s0, t0, 1748
core   0: 3 0x80005c34 (0x6d42f413) x 8 0x000002c4
core   0: 0x80005c38 (0x00af00b3) add     ra, t5, a0
core   0: 3 0x80005c38 (0x00af00b3) x 1 0x00200000
core   0: 0x80005c3c (0x000059b3) srl     s3, zero, zero
core   0: 3 0x80005c3c (0x000059b3) x19 0x00000000
core   0: 0x80005c40 (0x01e10ab3) add     s5, sp, t5
core   0: 3 0x80005c40 (0x01e10ab3) x21 0x00000001
core   0: 0x80005c44 (0x01ac78b3) and     a7, s8, s10
core   0: 3 0x80005c44 (0x01ac78b3) x17 0x00000000
core   0: 0x80005c48 (0x00abb533) sltu    a0, s7, a0
core   0: 3 0x80005c48 (0x00abb533) x10 0x00000001
core   0: 0x80005c4c (0x00000013) nop
core   0: 3 0x80005c4c (0x00000013)
core   0: 0x80005c50 (0x00000013) nop
core   0: 3 0x80005c50 (0x00000013)
core   0: 0x80005c54 (0x003ee5b3) or      a1, t4, gp
core   0: 3 0x80005c54 (0x003ee5b3) x11 0xddf75000
core   0: 0x80005c58 (0x015bb133) sltu    sp, s7, s5
core   0: 3 0x80005c58 (0x015bb133) x 2 0x00000000
core   0: 0x80005c5c (0x40a400b3) sub     ra, s0, a0
core   0: 3 0x80005c5c (0x40a400b3) x 1 0x000002c3
core   0: 0x80005c60 (0x01dcb333) sltu    t1, s9, t4
core   0: 3 0x80005c60 (0x01dcb333) x 6 0x00000000
core   0: 0x80005c64 (0x01a22ab3) slt     s5, tp, s10
core   0: 3 0x80005c64 (0x01a22ab3) x21 0x00000001
core   0: 0x80005c68 (0x011515b3) sll     a1, a0, a7
core   0: 3 0x80005c68 (0x011515b3) x11 0x00000001
core   0: 0x80005c6c (0x00ef1bb3) sll     s7, t5, a4
core   0: 3 0x80005c6c (0x00ef1bb3) x23 0x00000000
core   0: 0x80005c70 (0x00882533) slt     a0, a6, s0
core   0: 3 0x80005c70 (0x00882533) x10 0x00000001
core   0: 0x80005c74 (0x401f0433) sub     s0, t5, ra
core   0: 3 0x80005c74 (0x401f0433) x 8 0xfffffd3d
core   0: 0x80005c78 (0x41268533) sub     a0, a3, s2
core   0: 3 0x80005c78 (0x41268533) x10 0xfec3917d
core   0: 0x80005c7c (0x40dd0533) sub     a0, s10, a3
core   0: 3 0x80005c7c (0x40dd0533) x10 0x013c72ac
core   0: 0x80005c80 (0xfb42e013) ori     zero, t0, -76
core   0: 3 0x80005c80 (0xfb42e013)
core   0: 0x80005c84 (0x0123af33) slt     t5, t2, s2
core   0: 3 0x80005c84 (0x0123af33) x30 0x00000001
core   0: 0x80005c88 (0x00bf79b3) and     s3, t5, a1
core   0: 3 0x80005c88 (0x00bf79b3) x19 0x00000001
core   0: 0x80005c8c (0x01dc0933) add     s2, s8, t4
core   0: 3 0x80005c8c (0x01dc0933) x18 0x00000000
core   0: 0x80005c90 (0x01696b33) or      s6, s2, s6
core   0: 3 0x80005c90 (0x01696b33) x22 0xfffffffc
core   0: 0x80005c94 (0x001e9913) slli    s2, t4, 1
core   0: 3 0x80005c94 (0x001e9913) x18 0x00000000
core   0: 0x80005c98 (0x00120ab3) add     s5, tp, ra
core   0: 3 0x80005c98 (0x00120ab3) x21 0xfec39440
core   0: 0x80005c9c (0xcf90cd97) auipc   s11, 0xcf90c
core   0: 3 0x80005c9c (0xcf90cd97) x27 0x4f911c9c
core   0: 0x80005ca0 (0x000e2833) slt     a6, t3, zero
core   0: 3 0x80005ca0 (0x000e2833) x16 0x00000000
core   0: 0x80005ca4 (0x90064b13) xori    s6, a2, -1792
core   0: 3 0x80005ca4 (0x90064b13) x22 0xfffff900
core   0: 0x80005ca8 (0x0ccd1697) auipc   a3, 0xccd1
core   0: 3 0x80005ca8 (0x0ccd1697) x13 0x8ccd6ca8
core   0: 0x80005cac (0x006bdc13) srli    s8, s7, 6
core   0: 3 0x80005cac (0x006bdc13) x24 0x00000000
core   0: 0x80005cb0 (0x0059d293) srli    t0, s3, 5
core   0: 3 0x80005cb0 (0x0059d293) x 5 0x00000000
core   0: 0x80005cb4 (0x12c0b937) lui     s2, 0x12c0b
core   0: 3 0x80005cb4 (0x12c0b937) x18 0x12c0b000
core   0: 0x80005cb8 (0x31987c93) andi    s9, a6, 793
core   0: 3 0x80005cb8 (0x31987c93) x25 0x00000000
core   0: 0x80005cbc (0x411cde33) sra     t3, s9, a7
core   0: 3 0x80005cbc (0x411cde33) x28 0x00000000
core   0: 0x80005cc0 (0x01bbdcb3) srl     s9, s7, s11
core   0: 3 0x80005cc0 (0x01bbdcb3) x25 0x00000000
core   0: 0x80005cc4 (0x9b61c593) xori    a1, gp, -1610
core   0: 3 0x80005cc4 (0x9b61c593) x11 0x2208a9b6
core   0: 0x80005cc8 (0x00835333) srl     t1, t1, s0
core   0: 3 0x80005cc8 (0x00835333) x 6 0x00000000
core   0: 0x80005ccc (0x01a88db3) add     s11, a7, s10
core   0: 3 0x80005ccc (0x01a88db3) x27 0x00000429
core   0: 0x80005cd0 (0x407e5913) srai    s2, t3, 7
core   0: 3 0x80005cd0 (0x407e5913) x18 0x00000000
core   0: 0x80005cd4 (0x01850333) add     t1, a0, s8
core   0: 3 0x80005cd4 (0x01850333) x 6 0x013c72ac
core   0: 0x80005cd8 (0x7296eb93) ori     s7, a3, 1833
core   0: 3 0x80005cd8 (0x7296eb93) x23 0x8ccd6fa9
core   0: 0x80005cdc (0x6872fa13) andi    s4, t0, 1671
core   0: 3 0x80005cdc (0x6872fa13) x20 0x00000000
core   0: 0x80005ce0 (0x26af8893) addi    a7, t6, 618
core   0: 3 0x80005ce0 (0x26af8893) x17 0x0000025f
core   0: 0x80005ce4 (0x01e67733) and     a4, a2, t5
core   0: 3 0x80005ce4 (0x01e67733) x14 0x00000000
core   0: 0x80005ce8 (0x410b5433) sra     s0, s6, a6
core   0: 3 0x80005ce8 (0x410b5433) x 8 0xfffff900
core   0: 0x80005cec (0x698eec93) ori     s9, t4, 1688
core   0: 3 0x80005cec (0x698eec93) x25 0x00000698
core   0: 0x80005cf0 (0x0159dd13) srli    s10, s3, 21
core   0: 3 0x80005cf0 (0x0159dd13) x26 0x00000000
core   0: 0x80005cf4 (0xb351c593) xori    a1, gp, -1227
core   0: 3 0x80005cf4 (0xb351c593) x11 0x2208ab35
core   0: 0x80005cf8 (0x0045cdb3) xor     s11, a1, tp
core   0: 3 0x80005cf8 (0x0045cdb3) x27 0xdccb3a48
core   0: 0x80005cfc (0x0c49e9b7) lui     s3, 0xc49e
core   0: 3 0x80005cfc (0x0c49e9b7) x19 0x0c49e000
core   0: 0x80005d00 (0xec2572b7) lui     t0, 0xec257
core   0: 3 0x80005d00 (0xec2572b7) x 5 0xec257000
core   0: 0x80005d04 (0x21f76b93) ori     s7, a4, 543
core   0: 3 0x80005d04 (0x21f76b93) x23 0x0000021f
core   0: 0x80005d08 (0x720aa293) slti    t0, s5, 1824
core   0: 3 0x80005d08 (0x720aa293) x 5 0x00000001
core   0: 0x80005d0c (0x5301cf17) auipc   t5, 0x5301c
core   0: 3 0x80005d0c (0x5301cf17) x30 0xd3021d0c
core   0: 0x80005d10 (0x640cfe93) andi    t4, s9, 1600
core   0: 3 0x80005d10 (0x640cfe93) x29 0x00000600
core   0: 0x80005d14 (0x00000013) nop
core   0: 3 0x80005d14 (0x00000013)
core   0: 0x80005d18 (0x01720a33) add     s4, tp, s7
core   0: 3 0x80005d18 (0x01720a33) x20 0xfec3939c
core   0: 0x80005d1c (0x007327b3) slt     a5, t1, t2
core   0: 3 0x80005d1c (0x007327b3) x15 0x00000000
core   0: 0x80005d20 (0x01c182b3) add     t0, gp, t3
core   0: 3 0x80005d20 (0x01c182b3) x 5 0xddf75000
core   0: 0x80005d24 (0x007fd2b3) srl     t0, t6, t2
core   0: 3 0x80005d24 (0x007fd2b3) x 5 0x0fffffff
core   0: 0x80005d28 (0xe5267037) lui     zero, 0xe5267
core   0: 3 0x80005d28 (0xe5267037)
core   0: 0x80005d2c (0x016a0cb3) add     s9, s4, s6
core   0: 3 0x80005d2c (0x016a0cb3) x25 0xfec38c9c
core   0: 0x80005d30 (0x0001b5b3) sltu    a1, gp, zero
core   0: 3 0x80005d30 (0x0001b5b3) x11 0x00000000
core   0: 0x80005d34 (0xb7518013) addi    zero, gp, -1163
core   0: 3 0x80005d34 (0xb7518013)
core   0: 0x80005d38 (0x01ee2733) slt     a4, t3, t5
core   0: 3 0x80005d38 (0x01ee2733) x14 0x00000000
core   0: 0x80005d3c (0x00000013) nop
core   0: 3 0x80005d3c (0x00000013)
core   0: 0x80005d40 (0x19a53513) sltiu   a0, a0, 410
core   0: 3 0x80005d40 (0x19a53513) x10 0x00000000
core   0: 0x80005d44 (0x3e756613) ori     a2, a0, 999
core   0: 3 0x80005d44 (0x3e756613) x12 0x000003e7
core   0: 0x80005d48 (0x01335313) srli    t1, t1, 19
core   0: 3 0x80005d48 (0x01335313) x 6 0x00000027
core   0: 0x80005d4c (0x01f3b633) sltu    a2, t2, t6
core   0: 3 0x80005d4c (0x01f3b633) x12 0x00000001
core   0: 0x80005d50 (0x3bbb3713) sltiu   a4, s6, 955
core   0: 3 0x80005d50 (0x3bbb3713) x14 0x00000000
core   0: 0x80005d54 (0xaab1a537) lui     a0, 0xaab1a
core   0: 3 0x80005d54 (0xaab1a537) x10 0xaab1a000
core   0: 0x80005d58 (0x01c54133) xor     sp, a0, t3
core   0: 3 0x80005d58 (0x01c54133) x 2 0xaab1a000
core   0: 0x80005d5c (0x00470433) add     s0, a4, tp
core   0: 3 0x80005d5c (0x00470433) x 8 0xfec3917d
core   0: 0x80005d60 (0x01c55433) srl     s0, a0, t3
core   0: 3 0x80005d60 (0x01c55433) x 8 0xaab1a000
core   0: 0x80005d64 (0x1ca41137) lui     sp, 0x1ca41
core   0: 3 0x80005d64 (0x1ca41137) x 2 0x1ca41000
core   0: 0x80005d68 (0x000cff33) and     t5, s9, zero
core   0: 3 0x80005d68 (0x000cff33) x30 0x00000000
core   0: 0x80005d6c (0x40a6dd33) sra     s10, a3, a0
core   0: 3 0x80005d6c (0x40a6dd33) x26 0x8ccd6ca8
core   0: 0x80005d70 (0xb9e33893) sltiu   a7, t1, -1122
core   0: 3 0x80005d70 (0xb9e33893) x17 0x00000001
core   0: 0x80005d74 (0x794ba897) auipc   a7, 0x794ba
core   0: 3 0x80005d74 (0x794ba897) x17 0xf94bfd74
core   0: 0x80005d78 (0x4106d293) srai    t0, a3, 16
core   0: 3 0x80005d78 (0x4106d293) x 5 0xffff8ccd
core   0: 0x80005d7c (0x00b93733) sltu    a4, s2, a1
core   0: 3 0x80005d7c (0x00b93733) x14 0x00000000
core   0: 0x80005d80 (0x00c85293) srli    t0, a6, 12
core   0: 3 0x80005d80 (0x00c85293) x 5 0x00000000
core   0: 0x80005d84 (0x8b494d13) xori    s10, s2, -1868
core   0: 3 0x80005d84 (0x8b494d13) x26 0xfffff8b4
core   0: 0x80005d88 (0x788ecbb7) lui     s7, 0x788ec
core   0: 3 0x80005d88 (0x788ecbb7) x23 0x788ec000
core   0: 0x80005d8c (0x3c822e37) lui     t3, 0x3c822
core   0: 3 0x80005d8c (0x3c822e37) x28 0x3c822000
core   0: 0x80005d90 (0x00b5d033) srl     zero, a1, a1
core   0: 3 0x80005d90 (0x00b5d033)
core   0: 0x80005d94 (0x0d0ab513) sltiu   a0, s5, 208
core   0: 3 0x80005d94 (0x0d0ab513) x10 0x00000000
core   0: 0x80005d98 (0x01265013) srli    zero, a2, 18
core   0: 3 0x80005d98 (0x01265013)
core   0: 0x80005d9c (0x41705e13) srai    t3, zero, 23
core   0: 3 0x80005d9c (0x41705e13) x28 0x00000000
core   0: 0x80005da0 (0x0159d293) srli    t0, s3, 21
core   0: 3 0x80005da0 (0x0159d293) x 5 0x00000062
core   0: 0x80005da4 (0xafdc0a13) addi    s4, s8, -1283
core   0: 3 0x80005da4 (0xafdc0a13) x20 0xfffffafd
core   0: 0x80005da8 (0x0029c033) xor     zero, s3, sp
core   0: 3 0x80005da8 (0x0029c033)
core   0: 0x80005dac (0x0108d013) srli    zero, a7, 16
core   0: 3 0x80005dac (0x0108d013)
core   0: 0x80005db0 (0x40348c33) sub     s8, s1, gp
core   0: 3 0x80005db0 (0x40348c33) x24 0xa20a0ce4
core   0: 0x80005db4 (0x000a70b3) and     ra, s4, zero
core   0: 3 0x80005db4 (0x000a70b3) x 1 0x00000000
core   0: 0x80005db8 (0x5f05df37) lui     t5, 0x5f05d
core   0: 3 0x80005db8 (0x5f05df37) x30 0x5f05d000
core   0: 0x80005dbc (0x00481533) sll     a0, a6, tp
core   0: 3 0x80005dbc (0x00481533) x10 0x00000000
core   0: 0x80005dc0 (0x80000337) lui     t1, 0x80000
core   0: 3 0x80005dc0 (0x80000337) x 6 0x80000000
core   0: 0x80005dc4 (0x04aeef37) lui     t5, 0x4aee
core   0: 3 0x80005dc4 (0x04aeef37) x30 0x04aee000
core   0: 0x80005dc8 (0xf7ef0f13) addi    t5, t5, -130
core   0: 3 0x80005dc8 (0xf7ef0f13) x30 0x04aedf7e
core   0: 0x80005dcc (0x4cd5f8b7) lui     a7, 0x4cd5f
core   0: 3 0x80005dcc (0x4cd5f8b7) x17 0x4cd5f000
core   0: 0x80005dd0 (0x19e88893) addi    a7, a7, 414
core   0: 3 0x80005dd0 (0x19e88893) x17 0x4cd5f19e
core   0: 0x80005dd4 (0xfff00e13) li      t3, -1
core   0: 3 0x80005dd4 (0xfff00e13) x28 0xffffffff
core   0: 0x80005dd8 (0xfff00293) li      t0, -1
core   0: 3 0x80005dd8 (0xfff00293) x 5 0xffffffff
core   0: 0x80005ddc (0x80000737) lui     a4, 0x80000
core   0: 3 0x80005ddc (0x80000737) x14 0x80000000
core   0: 0x80005de0 (0x00000913) li      s2, 0
core   0: 3 0x80005de0 (0x00000913) x18 0x00000000
core   0: 0x80005de4 (0x80000d37) lui     s10, 0x80000
core   0: 3 0x80005de4 (0x80000d37) x26 0x80000000
core   0: 0x80005de8 (0xf24cd5b7) lui     a1, 0xf24cd
core   0: 3 0x80005de8 (0xf24cd5b7) x11 0xf24cd000
core   0: 0x80005dec (0x18558593) addi    a1, a1, 389
core   0: 3 0x80005dec (0x18558593) x11 0xf24cd185
core   0: 0x80005df0 (0x00000993) li      s3, 0
core   0: 3 0x80005df0 (0x00000993) x19 0x00000000
core   0: 0x80005df4 (0x00e30733) add     a4, t1, a4
core   0: 3 0x80005df4 (0x00e30733) x14 0x00000000
core   0: 0x80005df8 (0xc2054917) auipc   s2, 0xc2054
core   0: 3 0x80005df8 (0xc2054917) x18 0x42059df8
core   0: 0x80005dfc (0x73985597) auipc   a1, 0x73985
core   0: 3 0x80005dfc (0x73985597) x11 0xf398adfc
core   0: 0x80005e00 (0x7e8d5897) auipc   a7, 0x7e8d5
core   0: 3 0x80005e00 (0x7e8d5897) x17 0xfe8dae00
core   0: 0x80005e04 (0x3d204297) auipc   t0, 0x3d204
core   0: 3 0x80005e04 (0x3d204297) x 5 0xbd209e04
core   0: 0x80005e08 (0x41130f33) sub     t5, t1, a7
core   0: 3 0x80005e08 (0x41130f33) x30 0x81725200
core   0: 0x80005e0c (0x0df4a317) auipc   t1, 0xdf4a
core   0: 3 0x80005e0c (0x0df4a317) x 6 0x8df4fe0c
core   0: 0x80005e10 (0x00ee0333) add     t1, t3, a4
core   0: 3 0x80005e10 (0x00ee0333) x 6 0xffffffff
core   0: 0x80005e14 (0x00570e33) add     t3, a4, t0
core   0: 3 0x80005e14 (0x00570e33) x28 0xbd209e04
core   0: 0x80005e18 (0x00b90733) add     a4, s2, a1
core   0: 3 0x80005e18 (0x00b90733) x14 0x359e4bf4
core   0: 0x80005e1c (0x27cf0313) addi    t1, t5, 636
core   0: 3 0x80005e1c (0x27cf0313) x 6 0x8172547c
core   0: 0x80005e20 (0x0e428593) addi    a1, t0, 228
core   0: 3 0x80005e20 (0x0e428593) x11 0xbd209ee8
core   0: 0x80005e24 (0x15b0b737) lui     a4, 0x15b0b
core   0: 3 0x80005e24 (0x15b0b737) x14 0x15b0b000
core   0: 0x80005e28 (0x00be09b3) add     s3, t3, a1
core   0: 3 0x80005e28 (0x00be09b3) x19 0x7a413cec
core   0: 0x80005e2c (0x2c7fb5b7) lui     a1, 0x2c7fb
core   0: 3 0x80005e2c (0x2c7fb5b7) x11 0x2c7fb000
core   0: 0x80005e30 (0xb0dcb917) auipc   s2, 0xb0dcb
core   0: 3 0x80005e30 (0xb0dcb917) x18 0x30dd0e30
core   0: 0x80005e34 (0x18158993) addi    s3, a1, 385
core   0: 3 0x80005e34 (0x18158993) x19 0x2c7fb181
core   0: 0x80005e38 (0x405e0333) sub     t1, t3, t0
core   0: 3 0x80005e38 (0x405e0333) x 6 0x00000000
core   0: 0x80005e3c (0x00be02b3) add     t0, t3, a1
core   0: 3 0x80005e3c (0x00be02b3) x 5 0xe9a04e04
core   0: 0x80005e40 (0x011e09b3) add     s3, t3, a7
core   0: 3 0x80005e40 (0x011e09b3) x19 0xbbae4c04
core   0: 0x80005e44 (0x01158933) add     s2, a1, a7
core   0: 3 0x80005e44 (0x01158933) x18 0x2b0d5e00
core   0: 0x80005e48 (0xfbec4337) lui     t1, 0xfbec4
core   0: 3 0x80005e48 (0xfbec4337) x 6 0xfbec4000
core   0: 0x80005e4c (0x405989b3) sub     s3, s3, t0
core   0: 3 0x80005e4c (0x405989b3) x19 0xd20dfe00
core   0: 0x80005e50 (0xd56ac317) auipc   t1, 0xd56ac
core   0: 3 0x80005e50 (0xd56ac317) x 6 0x556b1e50
core   0: 0x80005e54 (0xd9a2d717) auipc   a4, 0xd9a2d
core   0: 3 0x80005e54 (0xd9a2d717) x14 0x59a32e54
core   0: 0x80005e58 (0x7330dbb7) lui     s7, 0x7330d
core   0: 3 0x80005e58 (0x7330dbb7) x23 0x7330d000
core   0: 0x80005e5c (0x40378e33) sub     t3, a5, gp
core   0: 3 0x80005e5c (0x40378e33) x28 0x2208b000
core   0: 0x80005e60 (0x01c01013) slli    zero, zero, 28
core   0: 3 0x80005e60 (0x01c01013)
core   0: 0x80005e64 (0x4108dd13) srai    s10, a7, 16
core   0: 3 0x80005e64 (0x4108dd13) x26 0xfffffe8d
core   0: 0x80005e68 (0x70b3b813) sltiu   a6, t2, 1803
core   0: 3 0x80005e68 (0x70b3b813) x16 0x00000000
core   0: 0x80005e6c (0xdf75a013) slti    zero, a1, -521
core   0: 3 0x80005e6c (0xdf75a013)
core   0: 0x80005e70 (0x00509013) slli    zero, ra, 5
core   0: 3 0x80005e70 (0x00509013)
core   0: 0x80005e74 (0x00b87933) and     s2, a6, a1
core   0: 3 0x80005e74 (0x00b87933) x18 0x00000000
core   0: 0x80005e78 (0x01558eb3) add     t4, a1, s5
core   0: 3 0x80005e78 (0x01558eb3) x29 0x2b434440
core   0: 0x80005e7c (0x009e1f93) slli    t6, t3, 9
core   0: 3 0x80005e7c (0x009e1f93) x31 0x11600000
core   0: 0x80005e80 (0x01669eb3) sll     t4, a3, s6
core   0: 3 0x80005e80 (0x01669eb3) x29 0x8ccd6ca8
core   0: 0x80005e84 (0xe68bc913) xori    s2, s7, -408
core   0: 3 0x80005e84 (0xe68bc913) x18 0x8ccf2e68
core   0: 0x80005e88 (0x4b274713) xori    a4, a4, 1202
core   0: 3 0x80005e88 (0x4b274713) x14 0x59a32ae6
core   0: 0x80005e8c (0x003aeb33) or      s6, s5, gp
core   0: 3 0x80005e8c (0x003aeb33) x22 0xfff7d440
core   0: 0x80005e90 (0x01cf3a33) sltu    s4, t5, t3
core   0: 3 0x80005e90 (0x01cf3a33) x20 0x00000000
core   0: 0x80005e94 (0x0056dcb3) srl     s9, a3, t0
core   0: 3 0x80005e94 (0x0056dcb3) x25 0x08ccd6ca
core   0: 0x80005e98 (0x79ccca37) lui     s4, 0x79ccc
core   0: 3 0x80005e98 (0x79ccca37) x20 0x79ccc000
core   0: 0x80005e9c (0x012f2433) slt     s0, t5, s2
core   0: 3 0x80005e9c (0x012f2433) x 8 0x00000001
core   0: 0x80005ea0 (0xb582ae17) auipc   t3, 0xb582a
core   0: 3 0x80005ea0 (0xb582ae17) x28 0x3582fea0
core   0: 0x80005ea4 (0x01fe2fb3) slt     t6, t3, t6
core   0: 3 0x80005ea4 (0x01fe2fb3) x31 0x00000000
core   0: 0x80005ea8 (0x01b2b133) sltu    sp, t0, s11
core   0: 3 0x80005ea8 (0x01b2b133) x 2 0x00000000
core   0: 0x80005eac (0x91e62897) auipc   a7, 0x91e62
core   0: 3 0x80005eac (0x91e62897) x17 0x11e67eac
core   0: 0x80005eb0 (0x01b2bdb3) sltu    s11, t0, s11
core   0: 3 0x80005eb0 (0x01b2bdb3) x27 0x00000000
core   0: 0x80005eb4 (0x5d74f413) andi    s0, s1, 1495
core   0: 3 0x80005eb4 (0x5d74f413) x 8 0x000004c4
core   0: 0x80005eb8 (0x00fae1b3) or      gp, s5, a5
core   0: 3 0x80005eb8 (0x00fae1b3) x 3 0xfec39440
core   0: 0x80005ebc (0x00600d33) add     s10, zero, t1
core   0: 3 0x80005ebc (0x00600d33) x26 0x556b1e50
core   0: 0x80005ec0 (0x412382b3) sub     t0, t2, s2
core   0: 3 0x80005ec0 (0x412382b3) x 5 0xf331effc
core   0: 0x80005ec4 (0x00000013) nop
core   0: 3 0x80005ec4 (0x00000013)
core   0: 0x80005ec8 (0x04c3bc13) sltiu   s8, t2, 76
core   0: 3 0x80005ec8 (0x04c3bc13) x24 0x00000000
core   0: 0x80005ecc (0x0111b1b3) sltu    gp, gp, a7
core   0: 3 0x80005ecc (0x0111b1b3) x 3 0x00000000
core   0: 0x80005ed0 (0xbdf49017) auipc   zero, 0xbdf49
core   0: 3 0x80005ed0 (0xbdf49017)
core   0: 0x80005ed4 (0x00000013) nop
core   0: 3 0x80005ed4 (0x00000013)
core   0: 0x80005ed8 (0x0151fe33) and     t3, gp, s5
core   0: 3 0x80005ed8 (0x0151fe33) x28 0x00000000
core   0: 0x80005edc (0x40d281b7) lui     gp, 0x40d28
core   0: 3 0x80005edc (0x40d281b7) x 3 0x40d28000
core   0: 0x80005ee0 (0xdbc03613) sltiu   a2, zero, -580
core   0: 3 0x80005ee0 (0xdbc03613) x12 0x00000001
core   0: 0x80005ee4 (0x002295b3) sll     a1, t0, sp
core   0: 3 0x80005ee4 (0x002295b3) x11 0xf331effc
core   0: 0x80005ee8 (0x00768433) add     s0, a3, t2
core   0: 3 0x80005ee8 (0x00768433) x 8 0x0cce8b0c
core   0: 0x80005eec (0x4143deb3) sra     t4, t2, s4
core   0: 3 0x80005eec (0x4143deb3) x29 0x80011e64
core   0: 0x80005ef0 (0x41225b13) srai    s6, tp, 18
core   0: 3 0x80005ef0 (0x41225b13) x22 0xffffffb0
core   0: 0x80005ef4 (0x45320193) addi    gp, tp, 1107
core   0: 3 0x80005ef4 (0x45320193) x 3 0xfec395d0
core   0: 0x80005ef8 (0x40970bb3) sub     s7, a4, s1
core   0: 3 0x80005ef8 (0x40970bb3) x23 0xd9a1ce02
core   0: 0x80005efc (0x010d9933) sll     s2, s11, a6
core   0: 3 0x80005efc (0x010d9933) x18 0x00000000
core   0: 0x80005f00 (0x40960fb3) sub     t6, a2, s1
core   0: 3 0x80005f00 (0x40960fb3) x31 0x7ffea31d
core   0: 0x80005f04 (0x001d1293) slli    t0, s10, 1
core   0: 3 0x80005f04 (0x001d1293) x 5 0xaad63ca0
core   0: 0x80005f08 (0x001bba33) sltu    s4, s7, ra
core   0: 3 0x80005f08 (0x001bba33) x20 0x00000000
core   0: 0x80005f0c (0x01d080b3) add     ra, ra, t4
core   0: 3 0x80005f0c (0x01d080b3) x 1 0x80011e64
core   0: 0x80005f10 (0x411a5b33) sra     s6, s4, a7
core   0: 3 0x80005f10 (0x411a5b33) x22 0x00000000
core   0: 0x80005f14 (0x00c79033) sll     zero, a5, a2
core   0: 3 0x80005f14 (0x00c79033)
core   0: 0x80005f18 (0x01ba9a33) sll     s4, s5, s11
core   0: 3 0x80005f18 (0x01ba9a33) x20 0xfec39440
core   0: 0x80005f1c (0x4a277993) andi    s3, a4, 1186
core   0: 3 0x80005f1c (0x4a277993) x19 0x000000a2
core   0: 0x80005f20 (0x00000013) nop
core   0: 3 0x80005f20 (0x00000013)
core   0: 0x80005f24 (0x004aacb3) slt     s9, s5, tp
core   0: 3 0x80005f24 (0x004aacb3) x25 0x00000000
core   0: 0x80005f28 (0x742c0d13) addi    s10, s8, 1858
core   0: 3 0x80005f28 (0x742c0d13) x26 0x00000742
core   0: 0x80005f2c (0x4134d433) sra     s0, s1, s3
core   0: 3 0x80005f2c (0x4134d433) x 8 0xe0005739
core   0: 0x80005f30 (0x008d9c93) slli    s9, s11, 8
core   0: 3 0x80005f30 (0x008d9c93) x25 0x00000000
core   0: 0x80005f34 (0xb2d7f137) lui     sp, 0xb2d7f
core   0: 3 0x80005f34 (0xb2d7f137) x 2 0xb2d7f000
core   0: 0x80005f38 (0x3eb3fa17) auipc   s4, 0x3eb3f
core   0: 3 0x80005f38 (0x3eb3fa17) x20 0xbeb44f38
core   0: 0x80005f3c (0xe04ec1b7) lui     gp, 0xe04ec
core   0: 3 0x80005f3c (0xe04ec1b7) x 3 0xe04ec000
core   0: 0x80005f40 (0xb4fc2e13) slti    t3, s8, -1201
core   0: 3 0x80005f40 (0xb4fc2e13) x28 0x00000000
core   0: 0x80005f44 (0xf9eb6313) ori     t1, s6, -98
core   0: 3 0x80005f44 (0xf9eb6313) x 6 0xffffff9e
core   0: 0x80005f48 (0x80033793) sltiu   a5, t1, -2048
core   0: 3 0x80005f48 (0x80033793) x15 0x00000000
core   0: 0x80005f4c (0x01468eb3) add     t4, a3, s4
core   0: 3 0x80005f4c (0x01468eb3) x29 0x4b81bbe0
core   0: 0x80005f50 (0x00111113) slli    sp, sp, 1
core   0: 3 0x80005f50 (0x00111113) x 2 0x65afe000
core   0: 0x80005f54 (0x01e4df33) srl     t5, s1, t5
core   0: 3 0x80005f54 (0x01e4df33) x30 0x80015ce4
core   0: 0x80005f58 (0x0187ec33) or      s8, a5, s8
core   0: 3 0x80005f58 (0x0187ec33) x24 0x00000000
core   0: 0x80005f5c (0x57e44293) xori    t0, s0, 1406
core   0: 3 0x80005f5c (0x57e44293) x 5 0xe0005247
core   0: 0x80005f60 (0x009b0fb3) add     t6, s6, s1
core   0: 3 0x80005f60 (0x009b0fb3) x31 0x80015ce4
core   0: 0x80005f64 (0xd5c425b7) lui     a1, 0xd5c42
core   0: 3 0x80005f64 (0xd5c425b7) x11 0xd5c42000
core   0: 0x80005f68 (0x00fdbc33) sltu    s8, s11, a5
core   0: 3 0x80005f68 (0x00fdbc33) x24 0x00000000
core   0: 0x80005f6c (0x408edd13) srai    s10, t4, 8
core   0: 3 0x80005f6c (0x408edd13) x26 0x004b81bb
core   0: 0x80005f70 (0x4108d2b3) sra     t0, a7, a6
core   0: 3 0x80005f70 (0x4108d2b3) x 5 0x11e67eac
core   0: 0x80005f74 (0x0135d093) srli    ra, a1, 19
core   0: 3 0x80005f74 (0x0135d093) x 1 0x00001ab8
core   0: 0x80005f78 (0x01e7a9b3) slt     s3, a5, t5
core   0: 3 0x80005f78 (0x01e7a9b3) x19 0x00000000
core   0: 0x80005f7c (0x41640d33) sub     s10, s0, s6
core   0: 3 0x80005f7c (0x41640d33) x26 0xe0005739
core   0: 0x80005f80 (0xc9f08b13) addi    s6, ra, -865
core   0: 3 0x80005f80 (0xc9f08b13) x22 0x00001757
core   0: 0x80005f84 (0x00000013) nop
core   0: 3 0x80005f84 (0x00000013)
core   0: 0x80005f88 (0x00481833) sll     a6, a6, tp
core   0: 3 0x80005f88 (0x00481833) x16 0x00000000
core   0: 0x80005f8c (0x01234633) xor     a2, t1, s2
core   0: 3 0x80005f8c (0x01234633) x12 0xffffff9e
core   0: 0x80005f90 (0x01969933) sll     s2, a3, s9
core   0: 3 0x80005f90 (0x01969933) x18 0x8ccd6ca8
core   0: 0x80005f94 (0x015e88b3) add     a7, t4, s5
core   0: 3 0x80005f94 (0x015e88b3) x17 0x4a455020
core   0: 0x80005f98 (0x00908933) add     s2, ra, s1
core   0: 3 0x80005f98 (0x00908933) x18 0x8001779c
core   0: 0x80005f9c (0x01e93633) sltu    a2, s2, t5
core   0: 3 0x80005f9c (0x01e93633) x12 0x00000000
core   0: 0x80005fa0 (0xd96f4f93) xori    t6, t5, -618
core   0: 3 0x80005fa0 (0xd96f4f93) x31 0x7ffea172
core   0: 0x80005fa4 (0x01d5f833) and     a6, a1, t4
core   0: 3 0x80005fa4 (0x01d5f833) x16 0x41802000
core   0: 0x80005fa8 (0x011b2cb3) slt     s9, s6, a7
core   0: 3 0x80005fa8 (0x011b2cb3) x25 0x00000001
core   0: 0x80005fac (0xe1dffc93) andi    s9, t6, -483
core   0: 3 0x80005fac (0xe1dffc93) x25 0x7ffea010
core   0: 0x80005fb0 (0x00000013) nop
core   0: 3 0x80005fb0 (0x00000013)
core   0: 0x80005fb4 (0x014c0cb3) add     s9, s8, s4
core   0: 3 0x80005fb4 (0x014c0cb3) x25 0xbeb44f38
core   0: 0x80005fb8 (0x00f75bb3) srl     s7, a4, a5
core   0: 3 0x80005fb8 (0x00f75bb3) x23 0x59a32ae6
core   0: 0x80005fbc (0x7d6b2113) slti    sp, s6, 2006
core   0: 3 0x80005fbc (0x7d6b2113) x 2 0x00000000
core   0: 0x80005fc0 (0x40b3dfb3) sra     t6, t2, a1
core   0: 3 0x80005fc0 (0x40b3dfb3) x31 0x80011e64
core   0: 0x80005fc4 (0x019815b3) sll     a1, a6, s9
core   0: 3 0x80005fc4 (0x019815b3) x11 0x00000000
core   0: 0x80005fc8 (0x4bc2dc17) auipc   s8, 0x4bc2d
core   0: 3 0x80005fc8 (0x4bc2dc17) x24 0xcbc32fc8
core   0: 0x80005fcc (0x0161c9b3) xor     s3, gp, s6
core   0: 3 0x80005fcc (0x0161c9b3) x19 0xe04ed757
core   0: 0x80005fd0 (0x06f98a93) addi    s5, s3, 111
core   0: 3 0x80005fd0 (0x06f98a93) x21 0xe04ed7c6
core   0: 0x80005fd4 (0x00c47c33) and     s8, s0, a2
core   0: 3 0x80005fd4 (0x00c47c33) x24 0x00000000
core   0: 0x80005fd8 (0xfbdb6413) ori     s0, s6, -67
core   0: 3 0x80005fd8 (0xfbdb6413) x 8 0xffffffff
core   0: 0x80005fdc (0x01ad8133) add     sp, s11, s10
core   0: 3 0x80005fdc (0x01ad8133) x 2 0xe0005739
core   0: 0x80005fe0 (0x939ba093) slti    ra, s7, -1735
core   0: 3 0x80005fe0 (0x939ba093) x 1 0x00000000
core   0: 0x80005fe4 (0x01afb333) sltu    t1, t6, s10
core   0: 3 0x80005fe4 (0x01afb333) x 6 0x00000001
core   0: 0x80005fe8 (0xf43b7f13) andi    t5, s6, -189
core   0: 3 0x80005fe8 (0xf43b7f13) x30 0x00001743
core   0: 0x80005fec (0x00d7bdb3) sltu    s11, a5, a3
core   0: 3 0x80005fec (0x00d7bdb3) x27 0x00000001
core   0: 0x80005ff0 (0x00aa26b3) slt     a3, s4, a0
core   0: 3 0x80005ff0 (0x00aa26b3) x13 0x00000001
core   0: 0x80005ff4 (0x11f7cf93) xori    t6, a5, 287
core   0: 3 0x80005ff4 (0x11f7cf93) x31 0x0000011f
core   0: 0x80005ff8 (0x03f1ef13) ori     t5, gp, 63
core   0: 3 0x80005ff8 (0x03f1ef13) x30 0xe04ec03f
core   0: 0x80005ffc (0x4058da93) srai    s5, a7, 5
core   0: 3 0x80005ffc (0x4058da93) x21 0x02522a81
core   0: 0x80006000 (0x4034ddb3) sra     s11, s1, gp
core   0: 3 0x80006000 (0x4034ddb3) x27 0x80015ce4
core   0: 0x80006004 (0x7370aa93) slti    s5, ra, 1847
core   0: 3 0x80006004 (0x7370aa93) x21 0x00000001
core   0: 0x80006008 (0x011caab3) slt     s5, s9, a7
core   0: 3 0x80006008 (0x011caab3) x21 0x00000001
core   0: 0x8000600c (0x06577a13) andi    s4, a4, 101
core   0: 3 0x8000600c (0x06577a13) x20 0x00000064
core   0: 0x80006010 (0x00cb9a33) sll     s4, s7, a2
core   0: 3 0x80006010 (0x00cb9a33) x20 0x59a32ae6
core   0: 0x80006014 (0x000b51b3) srl     gp, s6, zero
core   0: 3 0x80006014 (0x000b51b3) x 3 0x00001757
core   0: 0x80006018 (0xf6893613) sltiu   a2, s2, -152
core   0: 3 0x80006018 (0xf6893613) x12 0x00000001
core   0: 0x8000601c (0x006518b3) sll     a7, a0, t1
core   0: 3 0x8000601c (0x006518b3) x17 0x00000000
core   0: 0x80006020 (0x00000013) nop
core   0: 3 0x80006020 (0x00000013)
core   0: 0x80006024 (0x00643033) sltu    zero, s0, t1
core   0: 3 0x80006024 (0x00643033)
core   0: 0x80006028 (0x011f6d33) or      s10, t5, a7
core   0: 3 0x80006028 (0x011f6d33) x26 0xe04ec03f
core   0: 0x8000602c (0x416885b3) sub     a1, a7, s6
core   0: 3 0x8000602c (0x416885b3) x11 0xffffe8a9
core   0: 0x80006030 (0x00000013) nop
core   0: 3 0x80006030 (0x00000013)
core   0: 0x80006034 (0x3367ae93) slti    t4, a5, 822
core   0: 3 0x80006034 (0x3367ae93) x29 0x00000001
core   0: 0x80006038 (0x01f7cd33) xor     s10, a5, t6
core   0: 3 0x80006038 (0x01f7cd33) x26 0x0000011f
core   0: 0x8000603c (0x019a48b3) xor     a7, s4, s9
core   0: 3 0x8000603c (0x019a48b3) x17 0xe71765de
core   0: 0x80006040 (0x0017d1b3) srl     gp, a5, ra
core   0: 3 0x80006040 (0x0017d1b3) x 3 0x00000000
core   0: 0x80006044 (0x41cb58b3) sra     a7, s6, t3
core   0: 3 0x80006044 (0x41cb58b3) x17 0x00001757
core   0: 0x80006048 (0xaa31f8b7) lui     a7, 0xaa31f
core   0: 3 0x80006048 (0xaa31f8b7) x17 0xaa31f000
core   0: 0x8000604c (0x9d3fec93) ori     s9, t6, -1581
core   0: 3 0x8000604c (0x9d3fec93) x25 0xfffff9df
core   0: 0x80006050 (0x00496bb3) or      s7, s2, tp
core   0: 3 0x80006050 (0x00496bb3) x23 0xfec3f7fd
core   0: 0x80006054 (0x01d23913) sltiu   s2, tp, 29
core   0: 3 0x80006054 (0x01d23913) x18 0x00000000
core   0: 0x80006058 (0x01e83433) sltu    s0, a6, t5
core   0: 3 0x80006058 (0x01e83433) x 8 0x00000001
core   0: 0x8000605c (0x00453433) sltu    s0, a0, tp
core   0: 3 0x8000605c (0x00453433) x 8 0x00000001
core   0: 0x80006060 (0xab8f6a13) ori     s4, t5, -1352
core   0: 3 0x80006060 (0xab8f6a13) x20 0xfffffabf
core   0: 0x80006064 (0x40bf5d93) srai    s11, t5, 11
core   0: 3 0x80006064 (0x40bf5d93) x27 0xfffc09d8
core   0: 0x80006068 (0x40e4d013) srai    zero, s1, 14
core   0: 3 0x80006068 (0x40e4d013)
core   0: 0x8000606c (0x0019e933) or      s2, s3, ra
core   0: 3 0x8000606c (0x0019e933) x18 0xe04ed757
core   0: 0x80006070 (0x41825433) sra     s0, tp, s8
core   0: 3 0x80006070 (0x41825433) x 8 0xfec3917d
core   0: 0x80006074 (0x1bf00f93) li      t6, 447
core   0: 3 0x80006074 (0x1bf00f93) x31 0x000001bf
core   0: 0x80006078 (0x01a75e93) srli    t4, a4, 26
core   0: 3 0x80006078 (0x01a75e93) x29 0x00000016
core   0: 0x8000607c (0xc2df7713) andi    a4, t5, -979
core   0: 3 0x8000607c (0xc2df7713) x14 0xe04ec02d
core   0: 0x80006080 (0x41c7df33) sra     t5, a5, t3
core   0: 3 0x80006080 (0x41c7df33) x30 0x00000000
core   0: 0x80006084 (0x01eb39b3) sltu    s3, s6, t5
core   0: 3 0x80006084 (0x01eb39b3) x19 0x00000000
core   0: 0x80006088 (0x01a11f33) sll     t5, sp, s10
core   0: 3 0x80006088 (0x01a11f33) x30 0x80000000
core   0: 0x8000608c (0x6e412997) auipc   s3, 0x6e412
core   0: 3 0x8000608c (0x6e412997) x19 0xee41808c
core   0: 0x80006090 (0x006fea33) or      s4, t6, t1
core   0: 3 0x80006090 (0x006fea33) x20 0x000001bf
core   0: 0x80006094 (0x00eed693) srli    a3, t4, 14
core   0: 3 0x80006094 (0x00eed693) x13 0x00000000
core   0: 0x80006098 (0x00000013) nop
core   0: 3 0x80006098 (0x00000013)
core   0: 0x8000609c (0x00000013) nop
core   0: 3 0x8000609c (0x00000013)
core   0: 0x800060a0 (0x0145a6b3) slt     a3, a1, s4
core   0: 3 0x800060a0 (0x0145a6b3) x13 0x00000001
core   0: 0x800060a4 (0x010a8cb3) add     s9, s5, a6
core   0: 3 0x800060a4 (0x010a8cb3) x25 0x41802001
core   0: 0x800060a8 (0x40e00a33) sub     s4, zero, a4
core   0: 3 0x800060a8 (0x40e00a33) x20 0x1fb13fd3
core   0: 0x800060ac (0x79c2ba93) sltiu   s5, t0, 1948
core   0: 3 0x800060ac (0x79c2ba93) x21 0x00000000
core   0: 0x800060b0 (0x6b68e413) ori     s0, a7, 1718
core   0: 3 0x800060b0 (0x6b68e413) x 8 0xaa31f6b6
core   0: 0x800060b4 (0x1893ed97) auipc   s11, 0x1893e
core   0: 3 0x800060b4 (0x1893ed97) x27 0x989440b4
core   0: 0x800060b8 (0x01e09593) slli    a1, ra, 30
core   0: 3 0x800060b8 (0x01e09593) x11 0x00000000
core   0: 0x800060bc (0xe4f60eb7) lui     t4, 0xe4f60
core   0: 3 0x800060bc (0xe4f60eb7) x29 0xe4f60000
core   0: 0x800060c0 (0xca6e8e93) addi    t4, t4, -858
core   0: 3 0x800060c0 (0xca6e8e93) x29 0xe4f5fca6
core   0: 0x800060c4 (0x80000b37) lui     s6, 0x80000
core   0: 3 0x800060c4 (0x80000b37) x22 0x80000000
core   0: 0x800060c8 (0xbb927f37) lui     t5, 0xbb927
core   0: 3 0x800060c8 (0xbb927f37) x30 0xbb927000
core   0: 0x800060cc (0x397f0f13) addi    t5, t5, 919
core   0: 3 0x800060cc (0x397f0f13) x30 0xbb927397
core   0: 0x800060d0 (0xfff00a93) li      s5, -1
core   0: 3 0x800060d0 (0xfff00a93) x21 0xffffffff
core   0: 0x800060d4 (0x5175a737) lui     a4, 0x5175a
core   0: 3 0x800060d4 (0x5175a737) x14 0x5175a000
core   0: 0x800060d8 (0x6f270713) addi    a4, a4, 1778
core   0: 3 0x800060d8 (0x6f270713) x14 0x5175a6f2
core   0: 0x800060dc (0xfff00d13) li      s10, -1
core   0: 3 0x800060dc (0xfff00d13) x26 0xffffffff
core   0: 0x800060e0 (0x80000db7) lui     s11, 0x80000
core   0: 3 0x800060e0 (0x80000db7) x27 0x80000000
core   0: 0x800060e4 (0xfff00893) li      a7, -1
core   0: 3 0x800060e4 (0xfff00893) x17 0xffffffff
core   0: 0x800060e8 (0x800005b7) lui     a1, 0x80000
core   0: 3 0x800060e8 (0x800005b7) x11 0x80000000
core   0: 0x800060ec (0x80000cb7) lui     s9, 0x80000
core   0: 3 0x800060ec (0x80000cb7) x25 0x80000000
core   0: 0x800060f0 (0xb9158593) addi    a1, a1, -1135
core   0: 3 0x800060f0 (0xb9158593) x11 0x7ffffb91
core   0: 0x800060f4 (0xeba78717) auipc   a4, 0xeba78
core   0: 3 0x800060f4 (0xeba78717) x14 0x6ba7e0f4
core   0: 0x800060f8 (0x5200d717) auipc   a4, 0x5200d
core   0: 3 0x800060f8 (0x5200d717) x14 0xd20130f8
core   0: 0x800060fc (0x00000013) nop
core   0: 3 0x800060fc (0x00000013)
core   0: 0x80006100 (0x01bd05b3) add     a1, s10, s11
core   0: 3 0x80006100 (0x01bd05b3) x11 0x7fffffff
core   0: 0x80006104 (0x00000013) nop
core   0: 3 0x80006104 (0x00000013)
core   0: 0x80006108 (0x97bcceb7) lui     t4, 0x97bcc
core   0: 3 0x80006108 (0x97bcceb7) x29 0x97bcc000
core   0: 0x8000610c (0x00eb0eb3) add     t4, s6, a4
core   0: 3 0x8000610c (0x00eb0eb3) x29 0x520130f8
core   0: 0x80006110 (0xd7ca8713) addi    a4, s5, -644
core   0: 3 0x80006110 (0xd7ca8713) x14 0xfffffd7b
core   0: 0x80006114 (0x00000013) nop
core   0: 3 0x80006114 (0x00000013)
core   0: 0x80006118 (0x38ee1737) lui     a4, 0x38ee1
core   0: 3 0x80006118 (0x38ee1737) x14 0x38ee1000
core   0: 0x8000611c (0x00000013) nop
core   0: 3 0x8000611c (0x00000013)
core   0: 0x80006120 (0xc8c1cf17) auipc   t5, 0xc8c1c
core   0: 3 0x80006120 (0xc8c1cf17) x30 0x48c22120
core   0: 0x80006124 (0x00000013) nop
core   0: 3 0x80006124 (0x00000013)
core   0: 0x80006128 (0xd7429d17) auipc   s10, 0xd7429
core   0: 3 0x80006128 (0xd7429d17) x26 0x5742f128
core   0: 0x8000612c (0xfb3a9d17) auipc   s10, 0xfb3a9
core   0: 3 0x8000612c (0xfb3a9d17) x26 0x7b3af12c
core   0: 0x80006130 (0x00000013) nop
core   0: 3 0x80006130 (0x00000013)
core   0: 0x80006134 (0x41e58d33) sub     s10, a1, t5
core   0: 3 0x80006134 (0x41e58d33) x26 0x373ddedf
core   0: 0x80006138 (0x016e8f33) add     t5, t4, s6
core   0: 3 0x80006138 (0x016e8f33) x30 0xd20130f8
core   0: 0x8000613c (0x00b70ab3) add     s5, a4, a1
core   0: 3 0x8000613c (0x00b70ab3) x21 0xb8ee0fff
core   0: 0x80006140 (0x01bf08b3) add     a7, t5, s11
core   0: 3 0x80006140 (0x01bf08b3) x17 0x520130f8
core   0: 0x80006144 (0x419d08b3) sub     a7, s10, s9
core   0: 3 0x80006144 (0x419d08b3) x17 0xb73ddedf
core   0: 0x80006148 (0x00000013) nop
core   0: 3 0x80006148 (0x00000013)
core   0: 0x8000614c (0xea591c97) auipc   s9, 0xea591
core   0: 3 0x8000614c (0xea591c97) x25 0x6a59714c
core   0: 0x80006150 (0x52c01d97) auipc   s11, 0x52c01
core   0: 3 0x80006150 (0x52c01d97) x27 0xd2c07150
core   0: 0x80006154 (0x00ee8eb3) add     t4, t4, a4
core   0: 3 0x80006154 (0x00ee8eb3) x29 0x8aef40f8
core   0: 0x80006158 (0x522d3db7) lui     s11, 0x522d3
core   0: 3 0x80006158 (0x522d3db7) x27 0x522d3000
core   0: 0x8000615c (0xb65e8713) addi    a4, t4, -1179
core   0: 3 0x8000615c (0xb65e8713) x14 0x8aef3c5d
core   0: 0x80006160 (0x01de88b3) add     a7, t4, t4
core   0: 3 0x80006160 (0x01de88b3) x17 0x15de81f0
core   0: 0x80006164 (0x0112a333) slt     t1, t0, a7
core   0: 3 0x80006164 (0x0112a333) x 6 0x00000001
core   0: 0x80006168 (0x40795b93) srai    s7, s2, 7
core   0: 3 0x80006168 (0x40795b93) x23 0xffc09dae
core   0: 0x8000616c (0x00aad013) srli    zero, s5, 10
core   0: 3 0x8000616c (0x00aad013)
core   0: 0x80006170 (0xdc06a193) slti    gp, a3, -576
core   0: 3 0x80006170 (0xdc06a193) x 3 0x00000000
core   0: 0x80006174 (0xac3bf793) andi    a5, s7, -1341
core   0: 3 0x80006174 (0xac3bf793) x15 0xffc09882
core   0: 0x80006178 (0xe7866c17) auipc   s8, 0xe7866
core   0: 3 0x80006178 (0xe7866c17) x24 0x6786c178
core   0: 0x8000617c (0x41320133) sub     sp, tp, s3
core   0: 3 0x8000617c (0x41320133) x 2 0x108210f1
core   0: 0x80006180 (0x0007fc33) and     s8, a5, zero
core   0: 3 0x80006180 (0x0007fc33) x24 0x00000000
core   0: 0x80006184 (0x00219433) sll     s0, gp, sp
core   0: 3 0x80006184 (0x00219433) x 8 0x00000000
core   0: 0x80006188 (0x019f47b3) xor     a5, t5, s9
core   0: 3 0x80006188 (0x019f47b3) x15 0xb85841b4
core   0: 0x8000618c (0x01c7d933) srl     s2, a5, t3
core   0: 3 0x8000618c (0x01c7d933) x18 0xb85841b4
core   0: 0x80006190 (0x01d40633) add     a2, s0, t4
core   0: 3 0x80006190 (0x01d40633) x12 0x8aef40f8
core   0: 0x80006194 (0x7ef31917) auipc   s2, 0x7ef31
core   0: 3 0x80006194 (0x7ef31917) x18 0xfef37194
core   0: 0x80006198 (0x00fdf333) and     t1, s11, a5
core   0: 3 0x80006198 (0x00fdf333) x 6 0x10080000
core   0: 0x8000619c (0x9c8c3a13) sltiu   s4, s8, -1592
core   0: 3 0x8000619c (0x9c8c3a13) x20 0x00000001
core   0: 0x800061a0 (0x575ec313) xori    t1, t4, 1397
core   0: 3 0x800061a0 (0x575ec313) x 6 0x8aef458d
core   0: 0x800061a4 (0x01f816b3) sll     a3, a6, t6
core   0: 3 0x800061a4 (0x01f816b3) x13 0x00000000
core   0: 0x800061a8 (0x405507b3) sub     a5, a0, t0
core   0: 3 0x800061a8 (0x405507b3) x15 0xee198154
core   0: 0x800061ac (0x01c5f1b3) and     gp, a1, t3
core   0: 3 0x800061ac (0x01c5f1b3) x 3 0x00000000
core   0: 0x800061b0 (0xb614f693) andi    a3, s1, -1183
core   0: 3 0x800061b0 (0xb614f693) x13 0x80015860
core   0: 0x800061b4 (0x41c0d833) sra     a6, ra, t3
core   0: 3 0x800061b4 (0x41c0d833) x16 0x00000000
core   0: 0x800061b8 (0x4951c713) xori    a4, gp, 1173
core   0: 3 0x800061b8 (0x4951c713) x14 0x00000495
core   0: 0x800061bc (0xabdabb13) sltiu   s6, s5, -1347
core   0: 3 0x800061bc (0xabdabb13) x22 0x00000001
core   0: 0x800061c0 (0x2abaf593) andi    a1, s5, 683
core   0: 3 0x800061c0 (0x2abaf593) x11 0x000002ab
core   0: 0x800061c4 (0x002a5f33) srl     t5, s4, sp
core   0: 3 0x800061c4 (0x002a5f33) x30 0x00000000
core   0: 0x800061c8 (0xdc0cfb13) andi    s6, s9, -576
core   0: 3 0x800061c8 (0xdc0cfb13) x22 0x6a597140
core   0: 0x800061cc (0x49f47413) andi    s0, s0, 1183
core   0: 3 0x800061cc (0x49f47413) x 8 0x00000000
core   0: 0x800061d0 (0x0077d833) srl     a6, a5, t2
core   0: 3 0x800061d0 (0x0077d833) x16 0x0ee19815
core   0: 0x800061d4 (0x01031fb3) sll     t6, t1, a6
core   0: 3 0x800061d4 (0x01031fb3) x31 0xb1a00000
core   0: 0x800061d8 (0x00ab5413) srli    s0, s6, 10
core   0: 3 0x800061d8 (0x00ab5413) x 8 0x001a965c
core   0: 0x800061dc (0x1311e597) auipc   a1, 0x1311e
core   0: 3 0x800061dc (0x1311e597) x11 0x931241dc
core   0: 0x800061e0 (0x00e91d93) slli    s11, s2, 14
core   0: 3 0x800061e0 (0x00e91d93) x27 0xdc650000
core   0: 0x800061e4 (0x012d3033) sltu    zero, s10, s2
core   0: 3 0x800061e4 (0x012d3033)
core   0: 0x800061e8 (0x01e7d5b3) srl     a1, a5, t5
core   0: 3 0x800061e8 (0x01e7d5b3) x11 0xee198154
core   0: 0x800061ec (0xf923b993) sltiu   s3, t2, -110
core   0: 3 0x800061ec (0xf923b993) x19 0x00000001
core   0: 0x800061f0 (0x00001793) slli    a5, zero, 0
core   0: 3 0x800061f0 (0x00001793) x15 0x00000000
core   0: 0x800061f4 (0x010bbeb3) sltu    t4, s7, a6
core   0: 3 0x800061f4 (0x010bbeb3) x29 0x00000000
core   0: 0x800061f8 (0x61507b13) andi    s6, zero, 1557
core   0: 3 0x800061f8 (0x61507b13) x22 0x00000000
core   0: 0x800061fc (0x0173e433) or      s0, t2, s7
core   0: 3 0x800061fc (0x0173e433) x 8 0xffc19fee
core   0: 0x80006200 (0x00615ab3) srl     s5, sp, t1
core   0: 3 0x80006200 (0x00615ab3) x21 0x00008410
core   0: 0x80006204 (0x34172413) slti    s0, a4, 833
core   0: 3 0x80006204 (0x34172413) x 8 0x00000000
core   0: 0x80006208 (0x00730633) add     a2, t1, t2
core   0: 3 0x80006208 (0x00730633) x12 0x0af063f1
core   0: 0x8000620c (0x49d4ba97) auipc   s5, 0x49d4b
core   0: 3 0x8000620c (0x49d4ba97) x21 0xc9d5120c
core   0: 0x80006210 (0xb53390b7) lui     ra, 0xb5339
core   0: 3 0x80006210 (0xb53390b7) x 1 0xb5339000
core   0: 0x80006214 (0x01a0a6b3) slt     a3, ra, s10
core   0: 3 0x80006214 (0x01a0a6b3) x13 0x00000001
core   0: 0x80006218 (0x00222c33) slt     s8, tp, sp
core   0: 3 0x80006218 (0x00222c33) x24 0x00000001
core   0: 0x8000621c (0x012216b3) sll     a3, tp, s2
core   0: 3 0x8000621c (0x012216b3) x13 0x17d00000
core   0: 0x80006220 (0x003a9b13) slli    s6, s5, 3
core   0: 3 0x80006220 (0x003a9b13) x22 0x4ea89060
core   0: 0x80006224 (0x00ba1093) slli    ra, s4, 11
core   0: 3 0x80006224 (0x00ba1093) x 1 0x00000800
core   0: 0x80006228 (0xed802693) slti    a3, zero, -296
core   0: 3 0x80006228 (0xed802693) x13 0x00000000
core   0: 0x8000622c (0x822e8a93) addi    s5, t4, -2014
core   0: 3 0x8000622c (0x822e8a93) x21 0xfffff822
core   0: 0x80006230 (0x00e710b3) sll     ra, a4, a4
core   0: 3 0x80006230 (0x00e710b3) x 1 0x92a00000
core   0: 0x80006234 (0x69a2fa93) andi    s5, t0, 1690
core   0: 3 0x80006234 (0x69a2fa93) x21 0x00000688
core   0: 0x80006238 (0x085f8313) addi    t1, t6, 133
core   0: 3 0x80006238 (0x085f8313) x 6 0xb1a00085
core   0: 0x8000623c (0x008b6033) or      zero, s6, s0
core   0: 3 0x8000623c (0x008b6033)
core   0: 0x80006240 (0x00874833) xor     a6, a4, s0
core   0: 3 0x80006240 (0x00874833) x16 0x00000495
core   0: 0x80006244 (0x0732d6b7) lui     a3, 0x732d
core   0: 3 0x80006244 (0x0732d6b7) x13 0x0732d000
core   0: 0x80006248 (0xbec83713) sltiu   a4, a6, -1044
core   0: 3 0x80006248 (0xbec83713) x14 0x00000001
core   0: 0x8000624c (0x016c65b3) or      a1, s8, s6
core   0: 3 0x8000624c (0x016c65b3) x11 0x4ea89061
core   0: 0x80006250 (0x17384813) xori    a6, a6, 371
core   0: 3 0x80006250 (0x17384813) x16 0x000005e6
core   0: 0x80006254 (0x59b02593) slti    a1, zero, 1435
core   0: 3 0x80006254 (0x59b02593) x11 0x00000001
core   0: 0x80006258 (0x6de4ff93) andi    t6, s1, 1758
core   0: 3 0x80006258 (0x6de4ff93) x31 0x000004c4
core   0: 0x8000625c (0x00d698b3) sll     a7, a3, a3
core   0: 3 0x8000625c (0x00d698b3) x17 0x0732d000
core   0: 0x80006260 (0xa2425337) lui     t1, 0xa2425
core   0: 3 0x80006260 (0xa2425337) x 6 0xa2425000
core   0: 0x80006264 (0x00e370b3) and     ra, t1, a4
core   0: 3 0x80006264 (0x00e370b3) x 1 0x00000000
core   0: 0x80006268 (0x0ab4f293) andi    t0, s1, 171
core   0: 3 0x80006268 (0x0ab4f293) x 5 0x000000a0
core   0: 0x8000626c (0x01932b33) slt     s6, t1, s9
core   0: 3 0x8000626c (0x01932b33) x22 0x00000001
core   0: 0x80006270 (0xb75cba13) sltiu   s4, s9, -1163
core   0: 3 0x80006270 (0xb75cba13) x20 0x00000001
core   0: 0x80006274 (0x00df02b3) add     t0, t5, a3
core   0: 3 0x80006274 (0x00df02b3) x 5 0x0732d000
core   0: 0x80006278 (0xbd0b6737) lui     a4, 0xbd0b6
core   0: 3 0x80006278 (0xbd0b6737) x14 0xbd0b6000
core   0: 0x8000627c (0x6d0317b7) lui     a5, 0x6d031
core   0: 3 0x8000627c (0x6d0317b7) x15 0x6d031000
core   0: 0x80006280 (0x400402b3) sub     t0, s0, zero
core   0: 3 0x80006280 (0x400402b3) x 5 0x00000000
core   0: 0x80006284 (0xcdde2693) slti    a3, t3, -803
core   0: 3 0x80006284 (0xcdde2693) x13 0x00000000
core   0: 0x80006288 (0xf5190593) addi    a1, s2, -175
core   0: 3 0x80006288 (0xf5190593) x11 0xfef370e5
core   0: 0x8000628c (0x0125d193) srli    gp, a1, 18
core   0: 3 0x8000628c (0x0125d193) x 3 0x00003fbc
core   0: 0x80006290 (0x00946633) or      a2, s0, s1
core   0: 3 0x80006290 (0x00946633) x12 0x80015ce4
core   0: 0x80006294 (0x3d69af13) slti    t5, s3, 982
core   0: 3 0x80006294 (0x3d69af13) x30 0x00000001
core   0: 0x80006298 (0x40d908b3) sub     a7, s2, a3
core   0: 3 0x80006298 (0x40d908b3) x17 0xfef37194
core   0: 0x8000629c (0x015757b3) srl     a5, a4, s5
core   0: 3 0x8000629c (0x015757b3) x15 0x00bd0b60
core   0: 0x800062a0 (0x411b5633) sra     a2, s6, a7
core   0: 3 0x800062a0 (0x411b5633) x12 0x00000000
core   0: 0x800062a4 (0x00e6d013) srli    zero, a3, 14
core   0: 3 0x800062a4 (0x00e6d013)
core   0: 0x800062a8 (0x01cb1433) sll     s0, s6, t3
core   0: 3 0x800062a8 (0x01cb1433) x 8 0x00000001
core   0: 0x800062ac (0x004dcfb3) xor     t6, s11, tp
core   0: 3 0x800062ac (0x004dcfb3) x31 0x22a6917d
core   0: 0x800062b0 (0x40668eb3) sub     t4, a3, t1
core   0: 3 0x800062b0 (0x40668eb3) x29 0x5dbdb000
core   0: 0x800062b4 (0x00000013) nop
core   0: 3 0x800062b4 (0x00000013)
core   0: 0x800062b8 (0x01889193) slli    gp, a7, 24
core   0: 3 0x800062b8 (0x01889193) x 3 0x94000000
core   0: 0x800062bc (0x018f12b3) sll     t0, t5, s8
core   0: 3 0x800062bc (0x018f12b3) x 5 0x00000002
core   0: 0x800062c0 (0x415c0033) sub     zero, s8, s5
core   0: 3 0x800062c0 (0x415c0033)
core   0: 0x800062c4 (0xf81d3713) sltiu   a4, s10, -127
core   0: 3 0x800062c4 (0xf81d3713) x14 0x00000001
core   0: 0x800062c8 (0x012c5ab3) srl     s5, s8, s2
core   0: 3 0x800062c8 (0x012c5ab3) x21 0x00000000
core   0: 0x800062cc (0x43500613) li      a2, 1077
core   0: 3 0x800062cc (0x43500613) x12 0x00000435
core   0: 0x800062d0 (0xbc556f93) ori     t6, a0, -1083
core   0: 3 0x800062d0 (0xbc556f93) x31 0xfffffbc5
core   0: 0x800062d4 (0xb05bc793) xori    a5, s7, -1275
core   0: 3 0x800062d4 (0xb05bc793) x15 0x003f66ab
core   0: 0x800062d8 (0x8c01ba93) sltiu   s5, gp, -1856
core   0: 3 0x800062d8 (0x8c01ba93) x21 0x00000001
core   0: 0x800062dc (0x92b0a413) slti    s0, ra, -1749
core   0: 3 0x800062dc (0x92b0a413) x 8 0x00000000
core   0: 0x800062e0 (0x00da16b3) sll     a3, s4, a3
core   0: 3 0x800062e0 (0x00da16b3) x13 0x00000001
core   0: 0x800062e4 (0x01f645b3) xor     a1, a2, t6
core   0: 3 0x800062e4 (0x01f645b3) x11 0xfffffff0
core   0: 0x800062e8 (0x38300093) li      ra, 899
core   0: 3 0x800062e8 (0x38300093) x 1 0x00000383
core   0: 0x800062ec (0x27744513) xori    a0, s0, 631
core   0: 3 0x800062ec (0x27744513) x10 0x00000277
core   0: 0x800062f0 (0x09358c93) addi    s9, a1, 147
core   0: 3 0x800062f0 (0x09358c93) x25 0x00000083
core   0: 0x800062f4 (0x00000013) nop
core   0: 3 0x800062f4 (0x00000013)
core   0: 0x800062f8 (0x015cf7b3) and     a5, s9, s5
core   0: 3 0x800062f8 (0x015cf7b3) x15 0x00000001
core   0: 0x800062fc (0x00f93cb3) sltu    s9, s2, a5
core   0: 3 0x800062fc (0x00f93cb3) x25 0x00000000
core   0: 0x80006300 (0x401c59b3) sra     s3, s8, ra
core   0: 3 0x80006300 (0x401c59b3) x19 0x00000000
core   0: 0x80006304 (0x002da1b3) slt     gp, s11, sp
core   0: 3 0x80006304 (0x002da1b3) x 3 0x00000001
core   0: 0x80006308 (0xdec7e993) ori     s3, a5, -532
core   0: 3 0x80006308 (0xdec7e993) x19 0xfffffded
core   0: 0x8000630c (0x00000013) nop
core   0: 3 0x8000630c (0x00000013)
core   0: 0x80006310 (0x52360713) addi    a4, a2, 1315
core   0: 3 0x80006310 (0x52360713) x14 0x00000958
core   0: 0x80006314 (0x00000013) nop
core   0: 3 0x80006314 (0x00000013)
core   0: 0x80006318 (0x0173bf33) sltu    t5, t2, s7
core   0: 3 0x80006318 (0x0173bf33) x30 0x00000001
core   0: 0x8000631c (0x01d24333) xor     t1, tp, t4
core   0: 3 0x8000631c (0x01d24333) x 6 0xa37e217d
core   0: 0x80006320 (0xc9eb7113) andi    sp, s6, -866
core   0: 3 0x80006320 (0xc9eb7113) x 2 0x00000000
core   0: 0x80006324 (0x7db6f813) andi    a6, a3, 2011
core   0: 3 0x80006324 (0x7db6f813) x16 0x00000001
core   0: 0x80006328 (0x40605193) srai    gp, zero, 6
core   0: 3 0x80006328 (0x40605193) x 3 0x00000000
core   0: 0x8000632c (0x7df1b913) sltiu   s2, gp, 2015
core   0: 3 0x8000632c (0x7df1b913) x18 0x00000001
core   0: 0x80006330 (0x3bfb4bb7) lui     s7, 0x3bfb4
core   0: 3 0x80006330 (0x3bfb4bb7) x23 0x3bfb4000
core   0: 0x80006334 (0x17c18093) addi    ra, gp, 380
core   0: 3 0x80006334 (0x17c18093) x 1 0x0000017c
core   0: 0x80006338 (0x41a60b33) sub     s6, a2, s10
core   0: 3 0x80006338 (0x41a60b33) x22 0xc8c22556
core   0: 0x8000633c (0x0156fe33) and     t3, a3, s5
core   0: 3 0x8000633c (0x0156fe33) x28 0x00000001
core   0: 0x80006340 (0xcaf42a13) slti    s4, s0, -849
core   0: 3 0x80006340 (0xcaf42a13) x20 0x00000000
core   0: 0x80006344 (0x14552613) slti    a2, a0, 325
core   0: 3 0x80006344 (0x14552613) x12 0x00000000
core   0: 0x80006348 (0x00000013) nop
core   0: 3 0x80006348 (0x00000013)
core   0: 0x8000634c (0x50f06f13) ori     t5, zero, 1295
core   0: 3 0x8000634c (0x50f06f13) x30 0x0000050f
core   0: 0x80006350 (0x1064b293) sltiu   t0, s1, 262
core   0: 3 0x80006350 (0x1064b293) x 5 0x00000000
core   0: 0x80006354 (0x41f4dd93) srai    s11, s1, 31
core   0: 3 0x80006354 (0x41f4dd93) x27 0xffffffff
core   0: 0x80006358 (0x01aae9b3) or      s3, s5, s10
core   0: 3 0x80006358 (0x01aae9b3) x19 0x373ddedf
core   0: 0x8000635c (0x41a7d2b3) sra     t0, a5, s10
core   0: 3 0x8000635c (0x41a7d2b3) x 5 0x00000000
core   0: 0x80006360 (0x0193e033) or      zero, t2, s9
core   0: 3 0x80006360 (0x0193e033)
core   0: 0x80006364 (0x0a530b93) addi    s7, t1, 165
core   0: 3 0x80006364 (0x0a530b93) x23 0xa37e2222
core   0: 0x80006368 (0x0160d8b3) srl     a7, ra, s6
core   0: 3 0x80006368 (0x0160d8b3) x17 0x00000000
core   0: 0x8000636c (0x004fde13) srli    t3, t6, 4
core   0: 3 0x8000636c (0x004fde13) x28 0x0fffffbc
core   0: 0x80006370 (0x76806293) ori     t0, zero, 1896
core   0: 3 0x80006370 (0x76806293) x 5 0x00000768
core   0: 0x80006374 (0x01538533) add     a0, t2, s5
core   0: 3 0x80006374 (0x01538533) x10 0x80011e65
core   0: 0x80006378 (0x01189113) slli    sp, a7, 17
core   0: 3 0x80006378 (0x01189113) x 2 0x00000000
core   0: 0x8000637c (0x76752913) slti    s2, a0, 1895
core   0: 3 0x8000637c (0x76752913) x18 0x00000001
core   0: 0x80006380 (0x086f8793) addi    a5, t6, 134
core   0: 3 0x80006380 (0x086f8793) x15 0xfffffc4b
core   0: 0x80006384 (0x017ecfb3) xor     t6, t4, s7
core   0: 3 0x80006384 (0x017ecfb3) x31 0xfec39222
core   0: 0x80006388 (0x00270333) add     t1, a4, sp
core   0: 3 0x80006388 (0x00270333) x 6 0x00000958
core   0: 0x8000638c (0x41380ab3) sub     s5, a6, s3
core   0: 3 0x8000638c (0x41380ab3) x21 0xc8c22122
core   0: 0x80006390 (0x003fd933) srl     s2, t6, gp
core   0: 3 0x80006390 (0x003fd933) x18 0xfec39222
core   0: 0x80006394 (0xea8a7e13) andi    t3, s4, -344
core   0: 3 0x80006394 (0xea8a7e13) x28 0x00000000
core   0: 0x80006398 (0x41ba8bb3) sub     s7, s5, s11
core   0: 3 0x80006398 (0x41ba8bb3) x23 0xc8c22123
core   0: 0x8000639c (0x012edf33) srl     t5, t4, s2
core   0: 3 0x8000639c (0x012edf33) x30 0x176f6c00
core   0: 0x800063a0 (0x41c88333) sub     t1, a7, t3
core   0: 3 0x800063a0 (0x41c88333) x 6 0x00000000
core   0: 0x800063a4 (0x413400b3) sub     ra, s0, s3
core   0: 3 0x800063a4 (0x413400b3) x 1 0xc8c22121
core   0: 0x800063a8 (0x40635693) srai    a3, t1, 6
core   0: 3 0x800063a8 (0x40635693) x13 0x00000000
core   0: 0x800063ac (0x019edc13) srli    s8, t4, 25
core   0: 3 0x800063ac (0x019edc13) x24 0x0000002e
core   0: 0x800063b0 (0x41e581b3) sub     gp, a1, t5
core   0: 3 0x800063b0 (0x41e581b3) x 3 0xe89093f0
core   0: 0x800063b4 (0x76224a13) xori    s4, tp, 1890
core   0: 3 0x800063b4 (0x76224a13) x20 0xfec3961f
core   0: 0x800063b8 (0x01fb6ab3) or      s5, s6, t6
core   0: 3 0x800063b8 (0x01fb6ab3) x21 0xfec3b776
core   0: 0x800063bc (0x01b4e033) or      zero, s1, s11
core   0: 3 0x800063bc (0x01b4e033)
core   0: 0x800063c0 (0x01ed9c93) slli    s9, s11, 30
core   0: 3 0x800063c0 (0x01ed9c93) x25 0xc0000000
core   0: 0x800063c4 (0x01edd793) srli    a5, s11, 30
core   0: 3 0x800063c4 (0x01edd793) x15 0x00000003
core   0: 0x800063c8 (0x4186d193) srai    gp, a3, 24
core   0: 3 0x800063c8 (0x4186d193) x 3 0x00000000
core   0: 0x800063cc (0x41fd5633) sra     a2, s10, t6
core   0: 3 0x800063cc (0x41fd5633) x12 0x0dcf77b7
core   0: 0x800063d0 (0x00000013) nop
core   0: 3 0x800063d0 (0x00000013)
core   0: 0x800063d4 (0x00000013) nop
core   0: 3 0x800063d4 (0x00000013)
core   0: 0x800063d8 (0x016fa433) slt     s0, t6, s6
core   0: 3 0x800063d8 (0x016fa433) x 8 0x00000000
core   0: 0x800063dc (0x41de5993) srai    s3, t3, 29
core   0: 3 0x800063dc (0x41de5993) x19 0x00000000
core   0: 0x800063e0 (0x911b2613) slti    a2, s6, -1775
core   0: 3 0x800063e0 (0x911b2613) x12 0x00000001
core   0: 0x800063e4 (0x00d29f93) slli    t6, t0, 13
core   0: 3 0x800063e4 (0x00d29f93) x31 0x00ed0000
core   0: 0x800063e8 (0x3614b613) sltiu   a2, s1, 865
core   0: 3 0x800063e8 (0x3614b613) x12 0x00000000
core   0: 0x800063ec (0x004aab33) slt     s6, s5, tp
core   0: 3 0x800063ec (0x004aab33) x22 0x00000000
core   0: 0x800063f0 (0x413b0fb3) sub     t6, s6, s3
core   0: 3 0x800063f0 (0x413b0fb3) x31 0x00000000
core   0: 0x800063f4 (0x01dc5413) srli    s0, s8, 29
core   0: 3 0x800063f4 (0x01dc5413) x 8 0x00000000
core   0: 0x800063f8 (0x001ff733) and     a4, t6, ra
core   0: 3 0x800063f8 (0x001ff733) x14 0x00000000
core   0: 0x800063fc (0x8f8a0193) addi    gp, s4, -1800
core   0: 3 0x800063fc (0x8f8a0193) x 3 0xfec38f17
core   0: 0x80006400 (0xcaf3a813) slti    a6, t2, -849
core   0: 3 0x80006400 (0xcaf3a813) x16 0x00000001
core   0: 0x80006404 (0xa1cca913) slti    s2, s9, -1508
core   0: 3 0x80006404 (0xa1cca913) x18 0x00000001
core   0: 0x80006408 (0x1c5ecb13) xori    s6, t4, 453
core   0: 3 0x80006408 (0x1c5ecb13) x22 0x5dbdb1c5
core   0: 0x8000640c (0x01345113) srli    sp, s0, 19
core   0: 3 0x8000640c (0x01345113) x 2 0x00000000
core   0: 0x80006410 (0x724e2e93) slti    t4, t3, 1828
core   0: 3 0x80006410 (0x724e2e93) x29 0x00000001
core   0: 0x80006414 (0x410ed113) srai    sp, t4, 16
core   0: 3 0x80006414 (0x410ed113) x 2 0x00000000
core   0: 0x80006418 (0x00bb7ab3) and     s5, s6, a1
core   0: 3 0x80006418 (0x00bb7ab3) x21 0x5dbdb1c0
core   0: 0x8000641c (0x0181bb33) sltu    s6, gp, s8
core   0: 3 0x8000641c (0x0181bb33) x22 0x00000000
core   0: 0x80006420 (0x7f846a93) ori     s5, s0, 2040
core   0: 3 0x80006420 (0x7f846a93) x21 0x000007f8
core   0: 0x80006424 (0x29ecc113) xori    sp, s9, 670
core   0: 3 0x80006424 (0x29ecc113) x 2 0xc000029e
core   0: 0x80006428 (0x80a0f593) andi    a1, ra, -2038
core   0: 3 0x80006428 (0x80a0f593) x11 0xc8c22000
core   0: 0x8000642c (0x01f70933) add     s2, a4, t6
core   0: 3 0x8000642c (0x01f70933) x18 0x00000000
core   0: 0x80006430 (0x3dac7093) andi    ra, s8, 986
core   0: 3 0x80006430 (0x3dac7093) x 1 0x0000000a
core   0: 0x80006434 (0x016d27b3) slt     a5, s10, s6
core   0: 3 0x80006434 (0x016d27b3) x15 0x00000000
core   0: 0x80006438 (0x416fd993) srai    s3, t6, 22
core   0: 3 0x80006438 (0x416fd993) x19 0x00000000
core   0: 0x8000643c (0x9b12b8b7) lui     a7, 0x9b12b
core   0: 3 0x8000643c (0x9b12b8b7) x17 0x9b12b000
core   0: 0x80006440 (0x40560133) sub     sp, a2, t0
core   0: 3 0x80006440 (0x40560133) x 2 0xfffff898
core   0: 0x80006444 (0x98570113) addi    sp, a4, -1659
core   0: 3 0x80006444 (0x98570113) x 2 0xfffff985
core   0: 0x80006448 (0xeb207c13) andi    s8, zero, -334
core   0: 3 0x80006448 (0xeb207c13) x24 0x00000000
core   0: 0x8000644c (0x400c82b3) sub     t0, s9, zero
core   0: 3 0x8000644c (0x400c82b3) x 5 0xc0000000
core   0: 0x80006450 (0x009aa0b3) slt     ra, s5, s1
core   0: 3 0x80006450 (0x009aa0b3) x 1 0x00000000
core   0: 0x80006454 (0x0115b833) sltu    a6, a1, a7
core   0: 3 0x80006454 (0x0115b833) x16 0x00000000
core   0: 0x80006458 (0x008d69b3) or      s3, s10, s0
core   0: 3 0x80006458 (0x008d69b3) x19 0x373ddedf
core   0: 0x8000645c (0x677aa113) slti    sp, s5, 1655
core   0: 3 0x8000645c (0x677aa113) x 2 0x00000000
core   0: 0x80006460 (0x006c9893) slli    a7, s9, 6
core   0: 3 0x80006460 (0x006c9893) x17 0x00000000
core   0: 0x80006464 (0x001852b3) srl     t0, a6, ra
core   0: 3 0x80006464 (0x001852b3) x 5 0x00000000
core   0: 0x80006468 (0x01e9a833) slt     a6, s3, t5
core   0: 3 0x80006468 (0x01e9a833) x16 0x00000000
core   0: 0x8000646c (0xe6c1cc93) xori    s9, gp, -404
core   0: 3 0x8000646c (0xe6c1cc93) x25 0x013c717b
core   0: 0x80006470 (0x00313033) sltu    zero, sp, gp
core   0: 3 0x80006470 (0x00313033)
core   0: 0x80006474 (0x0f38bb13) sltiu   s6, a7, 243
core   0: 3 0x80006474 (0x0f38bb13) x22 0x00000001
core   0: 0x80006478 (0x40b1d093) srai    ra, gp, 11
core   0: 3 0x80006478 (0x40b1d093) x 1 0xffffd871
core   0: 0x8000647c (0xa8ce6db7) lui     s11, 0xa8ce6
core   0: 3 0x8000647c (0xa8ce6db7) x27 0xa8ce6000
core   0: 0x80006480 (0x01881a13) slli    s4, a6, 24
core   0: 3 0x80006480 (0x01881a13) x20 0x00000000
core   0: 0x80006484 (0x0043c0b3) xor     ra, t2, tp
core   0: 3 0x80006484 (0x0043c0b3) x 1 0x7ec28f19
core   0: 0x80006488 (0x40cdda93) srai    s5, s11, 12
core   0: 3 0x80006488 (0x40cdda93) x21 0xfffa8ce6
core   0: 0x8000648c (0x41b3d093) srai    ra, t2, 27
core   0: 3 0x8000648c (0x41b3d093) x 1 0xfffffff0
core   0: 0x80006490 (0x0154de33) srl     t3, s1, s5
core   0: 3 0x80006490 (0x0154de33) x28 0x02000573
core   0: 0x80006494 (0x1c963693) sltiu   a3, a2, 457
core   0: 3 0x80006494 (0x1c963693) x13 0x00000001
core   0: 0x80006498 (0x00301fb3) sll     t6, zero, gp
core   0: 3 0x80006498 (0x00301fb3) x31 0x00000000
core   0: 0x8000649c (0x002a9733) sll     a4, s5, sp
core   0: 3 0x8000649c (0x002a9733) x14 0xfffa8ce6
core   0: 0x800064a0 (0x0090e0b3) or      ra, ra, s1
core   0: 3 0x800064a0 (0x0090e0b3) x 1 0xfffffff4
core   0: 0x800064a4 (0x5e92c313) xori    t1, t0, 1513
core   0: 3 0x800064a4 (0x5e92c313) x 6 0x000005e9
core   0: 0x800064a8 (0xca493e93) sltiu   t4, s2, -860
core   0: 3 0x800064a8 (0xca493e93) x29 0x00000001
core   0: 0x800064ac (0x0160d533) srl     a0, ra, s6
core   0: 3 0x800064ac (0x0160d533) x10 0x7ffffffa
core   0: 0x800064b0 (0xcd18c193) xori    gp, a7, -815
core   0: 3 0x800064b0 (0xcd18c193) x 3 0xfffffcd1
core   0: 0x800064b4 (0x0186de33) srl     t3, a3, s8
core   0: 3 0x800064b4 (0x0186de33) x28 0x00000001
core   0: 0x800064b8 (0x0190f8b3) and     a7, ra, s9
core   0: 3 0x800064b8 (0x0190f8b3) x17 0x013c7170
core   0: 0x800064bc (0x00dbd813) srli    a6, s7, 13
core   0: 3 0x800064bc (0x00dbd813) x16 0x00064611
core   0: 0x800064c0 (0x39a1a193) slti    gp, gp, 922
core   0: 3 0x800064c0 (0x39a1a193) x 3 0x00000001
core   0: 0x800064c4 (0x414507b3) sub     a5, a0, s4
core   0: 3 0x800064c4 (0x414507b3) x15 0x7ffffffa
core   0: 0x800064c8 (0x015a15b3) sll     a1, s4, s5
core   0: 3 0x800064c8 (0x015a15b3) x11 0x00000000
core   0: 0x800064cc (0x405edd93) srai    s11, t4, 5
core   0: 3 0x800064cc (0x405edd93) x27 0x00000000
core   0: 0x800064d0 (0x403dd733) sra     a4, s11, gp
core   0: 3 0x800064d0 (0x403dd733) x14 0x00000000
core   0: 0x800064d4 (0x01587733) and     a4, a6, s5
core   0: 3 0x800064d4 (0x01587733) x14 0x00020400
core   0: 0x800064d8 (0x00699b13) slli    s6, s3, 6
core   0: 3 0x800064d8 (0x00699b13) x22 0xcf77b7c0
core   0: 0x800064dc (0x00d245b3) xor     a1, tp, a3
core   0: 3 0x800064dc (0x00d245b3) x11 0xfec3917c
core   0: 0x800064e0 (0x6ffc4e93) xori    t4, s8, 1791
core   0: 3 0x800064e0 (0x6ffc4e93) x29 0x000006ff
core   0: 0x800064e4 (0x00d2a1b3) slt     gp, t0, a3
core   0: 3 0x800064e4 (0x00d2a1b3) x 3 0x00000001
core   0: 0x800064e8 (0x004941b3) xor     gp, s2, tp
core   0: 3 0x800064e8 (0x004941b3) x 3 0xfec3917d
core   0: 0x800064ec (0x41610033) sub     zero, sp, s6
core   0: 3 0x800064ec (0x41610033)
core   0: 0x800064f0 (0x00725813) srli    a6, tp, 7
core   0: 3 0x800064f0 (0x00725813) x16 0x01fd8722
core   0: 0x800064f4 (0x4058d513) srai    a0, a7, 5
core   0: 3 0x800064f4 (0x4058d513) x10 0x0009e38b
core   0: 0x800064f8 (0x419ed913) srai    s2, t4, 25
core   0: 3 0x800064f8 (0x419ed913) x18 0x00000000
core   0: 0x800064fc (0x0f7ef293) andi    t0, t4, 247
core   0: 3 0x800064fc (0x0f7ef293) x 5 0x000000f7
core   0: 0x80006500 (0xd1ab8b93) addi    s7, s7, -742
core   0: 3 0x80006500 (0xd1ab8b93) x23 0xc8c21e3d
core   0: 0x80006504 (0xf72fae13) slti    t3, t6, -142
core   0: 3 0x80006504 (0xf72fae13) x28 0x00000000
core   0: 0x80006508 (0x00000013) nop
core   0: 3 0x80006508 (0x00000013)
core   0: 0x8000650c (0x0119af33) slt     t5, s3, a7
core   0: 3 0x8000650c (0x0119af33) x30 0x00000000
core   0: 0x80006510 (0xdc01b713) sltiu   a4, gp, -576
core   0: 3 0x80006510 (0xdc01b713) x14 0x00000001
core   0: 0x80006514 (0x4133d993) srai    s3, t2, 19
core   0: 3 0x80006514 (0x4133d993) x19 0xfffff000
core   0: 0x80006518 (0x00000013) nop
core   0: 3 0x80006518 (0x00000013)
core   0: 0x8000651c (0x016ac9b3) xor     s3, s5, s6
core   0: 3 0x8000651c (0x016ac9b3) x19 0x308d3b26
core   0: 0x80006520 (0x40e25bb3) sra     s7, tp, a4
core   0: 3 0x80006520 (0x40e25bb3) x23 0xff61c8be
core   0: 0x80006524 (0x17ad8c93) addi    s9, s11, 378
core   0: 3 0x80006524 (0x17ad8c93) x25 0x0000017a
core   0: 0x80006528 (0xbba83f93) sltiu   t6, a6, -1094
core   0: 3 0x80006528 (0xbba83f93) x31 0x00000001
core   0: 0x8000652c (0x8ddcec93) ori     s9, s9, -1827
core   0: 3 0x8000652c (0x8ddcec93) x25 0xfffff9ff
core   0: 0x80006530 (0x9b26ba13) sltiu   s4, a3, -1614
core   0: 3 0x80006530 (0x9b26ba13) x20 0x00000001
core   0: 0x80006534 (0xf40cc693) xori    a3, s9, -192
core   0: 3 0x80006534 (0xf40cc693) x13 0x000006bf
core   0: 0x80006538 (0x41c4d633) sra     a2, s1, t3
core   0: 3 0x80006538 (0x41c4d633) x12 0x80015ce4
core   0: 0x8000653c (0x00f41113) slli    sp, s0, 15
core   0: 3 0x8000653c (0x00f41113) x 2 0x00000000
core   0: 0x80006540 (0x01cd9813) slli    a6, s11, 28
core   0: 3 0x80006540 (0x01cd9813) x16 0x00000000
core   0: 0x80006544 (0x00362333) slt     t1, a2, gp
core   0: 3 0x80006544 (0x00362333) x 6 0x00000001
core   0: 0x80006548 (0x01293b33) sltu    s6, s2, s2
core   0: 3 0x80006548 (0x01293b33) x22 0x00000000
core   0: 0x8000654c (0x7c264593) xori    a1, a2, 1986
core   0: 3 0x8000654c (0x7c264593) x11 0x80015b26
core   0: 0x80006550 (0x00b521b3) slt     gp, a0, a1
core   0: 3 0x80006550 (0x00b521b3) x 3 0x00000000
core   0: 0x80006554 (0x41168433) sub     s0, a3, a7
core   0: 3 0x80006554 (0x41168433) x 8 0xfec3954f
core   0: 0x80006558 (0x41f9df33) sra     t5, s3, t6
core   0: 3 0x80006558 (0x41f9df33) x30 0x18469d93
core   0: 0x8000655c (0x002b65b3) or      a1, s6, sp
core   0: 3 0x8000655c (0x002b65b3) x11 0x00000000
core   0: 0x80006560 (0x01050333) add     t1, a0, a6
core   0: 3 0x80006560 (0x01050333) x 6 0x0009e38b
core   0: 0x80006564 (0xe9aff593) andi    a1, t6, -358
core   0: 3 0x80006564 (0xe9aff593) x11 0x00000000
core   0: 0x80006568 (0x52ed4013) xori    zero, s10, 1326
core   0: 3 0x80006568 (0x52ed4013)
core   0: 0x8000656c (0x4013d333) sra     t1, t2, ra
core   0: 3 0x8000656c (0x4013d333) x 6 0xfffff800
core   0: 0x80006570 (0xa4627813) andi    a6, tp, -1466
core   0: 3 0x80006570 (0xa4627813) x16 0xfec39044
core   0: 0x80006574 (0x0e6bed93) ori     s11, s7, 230
core   0: 3 0x80006574 (0x0e6bed93) x27 0xff61c8fe
core   0: 0x80006578 (0x01dfb8b3) sltu    a7, t6, t4
core   0: 3 0x80006578 (0x01dfb8b3) x17 0x00000001
core   0: 0x8000657c (0x004c4633) xor     a2, s8, tp
core   0: 3 0x8000657c (0x004c4633) x12 0xfec3917d
core   0: 0x80006580 (0x0191ed33) or      s10, gp, s9
core   0: 3 0x80006580 (0x0191ed33) x26 0xfffff9ff
core   0: 0x80006584 (0xd552ce13) xori    t3, t0, -683
core   0: 3 0x80006584 (0xd552ce13) x28 0xfffffda2
core   0: 0x80006588 (0x00000013) nop
core   0: 3 0x80006588 (0x00000013)
core   0: 0x8000658c (0x04cd8193) addi    gp, s11, 76
core   0: 3 0x8000658c (0x04cd8193) x 3 0xff61c94a
core   0: 0x80006590 (0x37073293) sltiu   t0, a4, 880
core   0: 3 0x80006590 (0x37073293) x 5 0x00000001
core   0: 0x80006594 (0x00419eb3) sll     t4, gp, tp
core   0: 3 0x80006594 (0x00419eb3) x29 0x40000000
core   0: 0x80006598 (0x41420833) sub     a6, tp, s4
core   0: 3 0x80006598 (0x41420833) x16 0xfec3917c
core   0: 0x8000659c (0x403d5433) sra     s0, s10, gp
core   0: 3 0x8000659c (0x403d5433) x 8 0xfffffffe
core   0: 0x800065a0 (0x5c025d37) lui     s10, 0x5c025
core   0: 3 0x800065a0 (0x5c025d37) x26 0x5c025000
core   0: 0x800065a4 (0x8f7c8793) addi    a5, s9, -1801
core   0: 3 0x800065a4 (0x8f7c8793) x15 0xfffff2f6
core   0: 0x800065a8 (0x00d5c033) xor     zero, a1, a3
core   0: 3 0x800065a8 (0x00d5c033)
core   0: 0x800065ac (0x00445b93) srli    s7, s0, 4
core   0: 3 0x800065ac (0x00445b93) x23 0x0fffffff
core   0: 0x800065b0 (0xdaa01f97) auipc   t6, 0xdaa01
core   0: 3 0x800065b0 (0xdaa01f97) x31 0x5aa075b0
core   0: 0x800065b4 (0x0071d613) srli    a2, gp, 7
core   0: 3 0x800065b4 (0x0071d613) x12 0x01fec392
core   0: 0x800065b8 (0x016a2b33) slt     s6, s4, s6
core   0: 3 0x800065b8 (0x016a2b33) x22 0x00000000
core   0: 0x800065bc (0x63279117) auipc   sp, 0x63279
core   0: 3 0x800065bc (0x63279117) x 2 0xe327f5bc
core   0: 0x800065c0 (0x40865513) srai    a0, a2, 8
core   0: 3 0x800065c0 (0x40865513) x10 0x0001fec3
core   0: 0x800065c4 (0x75f78613) addi    a2, a5, 1887
core   0: 3 0x800065c4 (0x75f78613) x12 0xfffffa55
core   0: 0x800065c8 (0x019bf733) and     a4, s7, s9
core   0: 3 0x800065c8 (0x019bf733) x14 0x0ffff9ff
core   0: 0x800065cc (0x19847593) andi    a1, s0, 408
core   0: 3 0x800065cc (0x19847593) x11 0x00000198
core   0: 0x800065d0 (0x0037a0b3) slt     ra, a5, gp
core   0: 3 0x800065d0 (0x0037a0b3) x 1 0x00000000
core   0: 0x800065d4 (0x01fa70b3) and     ra, s4, t6
core   0: 3 0x800065d4 (0x01fa70b3) x 1 0x00000000
core   0: 0x800065d8 (0xcccbc793) xori    a5, s7, -820
core   0: 3 0x800065d8 (0xcccbc793) x15 0xf0000333
core   0: 0x800065dc (0x007a2c33) slt     s8, s4, t2
core   0: 3 0x800065dc (0x007a2c33) x24 0x00000000
core   0: 0x800065e0 (0x01c68a33) add     s4, a3, t3
core   0: 3 0x800065e0 (0x01c68a33) x20 0x00000461
core   0: 0x800065e4 (0x00ff9533) sll     a0, t6, a5
core   0: 3 0x800065e4 (0x00ff9533) x10 0xad800000
core   0: 0x800065e8 (0x356e4693) xori    a3, t3, 854
core   0: 3 0x800065e8 (0x356e4693) x13 0xfffffef4
core   0: 0x800065ec (0x40a30eb3) sub     t4, t1, a0
core   0: 3 0x800065ec (0x40a30eb3) x29 0x527ff800
core   0: 0x800065f0 (0x01a3c1b3) xor     gp, t2, s10
core   0: 3 0x800065f0 (0x01a3c1b3) x 3 0xdc034e64
core   0: 0x800065f4 (0x5238bb13) sltiu   s6, a7, 1315
core   0: 3 0x800065f4 (0x5238bb13) x22 0x00000001
core   0: 0x800065f8 (0x0097b9b3) sltu    s3, a5, s1
core   0: 3 0x800065f8 (0x0097b9b3) x19 0x00000000
core   0: 0x800065fc (0x008811b3) sll     gp, a6, s0
core   0: 3 0x800065fc (0x008811b3) x 3 0x00000000
core   0: 0x80006600 (0x00451f13) slli    t5, a0, 4
core   0: 3 0x80006600 (0x00451f13) x30 0xd8000000
core   0: 0x80006604 (0x00515a93) srli    s5, sp, 5
core   0: 3 0x80006604 (0x00515a93) x21 0x07193fad
core   0: 0x80006608 (0x8af4da97) auipc   s5, 0x8af4d
core   0: 3 0x80006608 (0x8af4da97) x21 0x0af53608
core   0: 0x8000660c (0x00ef3eb3) sltu    t4, t5, a4
core   0: 3 0x8000660c (0x00ef3eb3) x29 0x00000000
core   0: 0x80006610 (0x18cf7e93) andi    t4, t5, 396
core   0: 3 0x80006610 (0x18cf7e93) x29 0x00000000
core   0: 0x80006614 (0xc7234193) xori    gp, t1, -910
core   0: 3 0x80006614 (0xc7234193) x 3 0x00000472
core   0: 0x80006618 (0x015d9933) sll     s2, s11, s5
core   0: 3 0x80006618 (0x015d9933) x18 0x61c8fe00
core   0: 0x8000661c (0x820b0013) addi    zero, s6, -2016
core   0: 3 0x8000661c (0x820b0013)
core   0: 0x80006620 (0x0134e633) or      a2, s1, s3
core   0: 3 0x80006620 (0x0134e633) x12 0x80015ce4
core   0: 0x80006624 (0x40700eb3) sub     t4, zero, t2
core   0: 3 0x80006624 (0x40700eb3) x29 0x7ffee19c
core   0: 0x80006628 (0x010a1693) slli    a3, s4, 16
core   0: 3 0x80006628 (0x010a1693) x13 0x04610000
core   0: 0x8000662c (0x0056a0b3) slt     ra, a3, t0
core   0: 3 0x8000662c (0x0056a0b3) x 1 0x00000000
core   0: 0x80006630 (0x00000013) nop
core   0: 3 0x80006630 (0x00000013)
core   0: 0x80006634 (0x40985bb3) sra     s7, a6, s1
core   0: 3 0x80006634 (0x40985bb3) x23 0xffec3917
core   0: 0x80006638 (0x403585b3) sub     a1, a1, gp
core   0: 3 0x80006638 (0x403585b3) x11 0xfffffd26
core   0: 0x8000663c (0x684d4913) xori    s2, s10, 1668
core   0: 3 0x8000663c (0x684d4913) x18 0x5c025684
core   0: 0x80006640 (0x00000013) nop
core   0: 3 0x80006640 (0x00000013)
core   0: 0x80006644 (0xa98f8f37) lui     t5, 0xa98f8
core   0: 3 0x80006644 (0xa98f8f37) x30 0xa98f8000
core   0: 0x80006648 (0x0199fab3) and     s5, s3, s9
core   0: 3 0x80006648 (0x0199fab3) x21 0x00000000
core   0: 0x8000664c (0x743dbe13) sltiu   t3, s11, 1859
core   0: 3 0x8000664c (0x743dbe13) x28 0x00000000
core   0: 0x80006650 (0x000b79b3) and     s3, s6, zero
core   0: 3 0x80006650 (0x000b79b3) x19 0x00000000
core   0: 0x80006654 (0x41b38fb3) sub     t6, t2, s11
core   0: 3 0x80006654 (0x41b38fb3) x31 0x809f5566
core   0: 0x80006658 (0x60f0ea13) ori     s4, ra, 1551
core   0: 3 0x80006658 (0x60f0ea13) x20 0x0000060f
core   0: 0x8000665c (0x01bc77b3) and     a5, s8, s11
core   0: 3 0x8000665c (0x01bc77b3) x15 0x00000000
core   0: 0x80006660 (0x01bd5013) srli    zero, s10, 27
core   0: 3 0x80006660 (0x01bd5013)
core   0: 0x80006664 (0x013ef533) and     a0, t4, s3
core   0: 3 0x80006664 (0x013ef533) x10 0x00000000
core   0: 0x80006668 (0x00266933) or      s2, a2, sp
core   0: 3 0x80006668 (0x00266933) x18 0xe327fdfc
core   0: 0x8000666c (0x00326c33) or      s8, tp, gp
core   0: 3 0x8000666c (0x00326c33) x24 0xfec3957f
core   0: 0x80006670 (0x4000d793) srai    a5, ra, 0
core   0: 3 0x80006670 (0x4000d793) x15 0x00000000
core   0: 0x80006674 (0x403556b3) sra     a3, a0, gp
core   0: 3 0x80006674 (0x403556b3) x13 0x00000000
core   0: 0x80006678 (0x58234f93) xori    t6, t1, 1410
core   0: 3 0x80006678 (0x58234f93) x31 0xfffffd82
core   0: 0x8000667c (0x41c9bd93) sltiu   s11, s3, 1052
core   0: 3 0x8000667c (0x41c9bd93) x27 0x00000001
core   0: 0x80006680 (0x00000013) nop
core   0: 3 0x80006680 (0x00000013)
core   0: 0x80006684 (0xe7037013) andi    zero, t1, -400
core   0: 3 0x80006684 (0xe7037013)
core   0: 0x80006688 (0x01b28633) add     a2, t0, s11
core   0: 3 0x80006688 (0x01b28633) x12 0x00000002
core   0: 0x8000668c (0xf5dc4013) xori    zero, s8, -163
core   0: 3 0x8000668c (0xf5dc4013)
core   0: 0x80006690 (0x017f9333) sll     t1, t6, s7
core   0: 3 0x80006690 (0x017f9333) x 6 0xc1000000
core   0: 0x80006694 (0x00b5d593) srli    a1, a1, 11
core   0: 3 0x80006694 (0x00b5d593) x11 0x001fffff
core   0: 0x80006698 (0x9bb0a837) lui     a6, 0x9bb0a
core   0: 3 0x80006698 (0x9bb0a837) x16 0x9bb0a000
core   0: 0x8000669c (0x3fa65a17) auipc   s4, 0x3fa65
core   0: 3 0x8000669c (0x3fa65a17) x20 0xbfa6b69c
core   0: 0x800066a0 (0x011e1333) sll     t1, t3, a7
core   0: 3 0x800066a0 (0x011e1333) x 6 0x00000000
core   0: 0x800066a4 (0x00a8f2b3) and     t0, a7, a0
core   0: 3 0x800066a4 (0x00a8f2b3) x 5 0x00000000
core   0: 0x800066a8 (0x099f4b93) xori    s7, t5, 153
core   0: 3 0x800066a8 (0x099f4b93) x23 0xa98f8099
core   0: 0x800066ac (0x00000013) nop
core   0: 3 0x800066ac (0x00000013)
core   0: 0x800066b0 (0x00b49633) sll     a2, s1, a1
core   0: 3 0x800066b0 (0x00b49633) x12 0x00000000
core   0: 0x800066b4 (0x00aa0b33) add     s6, s4, a0
core   0: 3 0x800066b4 (0x00aa0b33) x22 0xbfa6b69c
core   0: 0x800066b8 (0xf588e993) ori     s3, a7, -168
core   0: 3 0x800066b8 (0xf588e993) x19 0xffffff59
core   0: 0x800066bc (0xe9444113) xori    sp, s0, -364
core   0: 3 0x800066bc (0xe9444113) x 2 0x0000016a
core   0: 0x800066c0 (0x72a2aa13) slti    s4, t0, 1834
core   0: 3 0x800066c0 (0x72a2aa13) x20 0x00000001
core   0: 0x800066c4 (0x019d1c13) slli    s8, s10, 25
core   0: 3 0x800066c4 (0x019d1c13) x24 0x00000000
core   0: 0x800066c8 (0x9a09f117) auipc   sp, 0x9a09f
core   0: 3 0x800066c8 (0x9a09f117) x 2 0x1a0a56c8
core   0: 0x800066cc (0x4021dab3) sra     s5, gp, sp
core   0: 3 0x800066cc (0x4021dab3) x21 0x00000004
core   0: 0x800066d0 (0xcf4f0193) addi    gp, t5, -780
core   0: 3 0x800066d0 (0xcf4f0193) x 3 0xa98f7cf4
core   0: 0x800066d4 (0x7cf07193) andi    gp, zero, 1999
core   0: 3 0x800066d4 (0x7cf07193) x 3 0x00000000
core   0: 0x800066d8 (0x01eb7333) and     t1, s6, t5
core   0: 3 0x800066d8 (0x01eb7333) x 6 0xa9868000
core   0: 0x800066dc (0x000d71b3) and     gp, s10, zero
core   0: 3 0x800066dc (0x000d71b3) x 3 0x00000000
core   0: 0x800066e0 (0x417c0c33) sub     s8, s8, s7
core   0: 3 0x800066e0 (0x417c0c33) x24 0x56707f67
core   0: 0x800066e4 (0x416dd8b3) sra     a7, s11, s6
core   0: 3 0x800066e4 (0x416dd8b3) x17 0x00000000
core   0: 0x800066e8 (0x01b12e33) slt     t3, sp, s11
core   0: 3 0x800066e8 (0x01b12e33) x28 0x00000000
core   0: 0x800066ec (0x0153f433) and     s0, t2, s5
core   0: 3 0x800066ec (0x0153f433) x 8 0x00000004
core   0: 0x800066f0 (0x015146b3) xor     a3, sp, s5
core   0: 3 0x800066f0 (0x015146b3) x13 0x1a0a56cc
core   0: 0x800066f4 (0x00000013) nop
core   0: 3 0x800066f4 (0x00000013)
core   0: 0x800066f8 (0x3d4c2eb7) lui     t4, 0x3d4c2
core   0: 3 0x800066f8 (0x3d4c2eb7) x29 0x3d4c2000
core   0: 0x800066fc (0x00165e93) srli    t4, a2, 1
core   0: 3 0x800066fc (0x00165e93) x29 0x00000000
core   0: 0x80006700 (0x006b4433) xor     s0, s6, t1
core   0: 3 0x80006700 (0x006b4433) x 8 0x1620369c
core   0: 0x80006704 (0xd2713c97) auipc   s9, 0xd2713
core   0: 3 0x80006704 (0xd2713c97) x25 0x52719704
core   0: 0x80006708 (0x01e16933) or      s2, sp, t5
core   0: 3 0x80006708 (0x01e16933) x18 0xbb8fd6c8
core   0: 0x8000670c (0x012ce2b3) or      t0, s9, s2
core   0: 3 0x8000670c (0x012ce2b3) x 5 0xfbffd7cc
core   0: 0x80006710 (0xdd74ae13) slti    t3, s1, -553
core   0: 3 0x80006710 (0xdd74ae13) x28 0x00000001
core   0: 0x80006714 (0x00e689b3) add     s3, a3, a4
core   0: 3 0x80006714 (0x00e689b3) x19 0x2a0a50cb
core   0: 0x80006718 (0x836d4f37) lui     t5, 0x836d4
core   0: 3 0x80006718 (0x836d4f37) x30 0x836d4000
core   0: 0x8000671c (0x41bcda33) sra     s4, s9, s11
core   0: 3 0x8000671c (0x41bcda33) x20 0x2938cb82
core   0: 0x80006720 (0x4fc63c13) sltiu   s8, a2, 1276
core   0: 3 0x80006720 (0x4fc63c13) x24 0x00000001
core   0: 0x80006724 (0x01f95b13) srli    s6, s2, 31
core   0: 3 0x80006724 (0x01f95b13) x22 0x00000001
core   0: 0x80006728 (0x0b453a93) sltiu   s5, a0, 180
core   0: 3 0x80006728 (0x0b453a93) x21 0x00000001
core   0: 0x8000672c (0x01f780b3) add     ra, a5, t6
core   0: 3 0x8000672c (0x01f780b3) x 1 0xfffffd82
core   0: 0x80006730 (0x012bfc33) and     s8, s7, s2
core   0: 3 0x80006730 (0x012bfc33) x24 0xa98f8088
core   0: 0x80006734 (0x9042ee13) ori     t3, t0, -1788
core   0: 3 0x80006734 (0x9042ee13) x28 0xffffffcc
core   0: 0x80006738 (0x00629b33) sll     s6, t0, t1
core   0: 3 0x80006738 (0x00629b33) x22 0xfbffd7cc
core   0: 0x8000673c (0xa4d9fb97) auipc   s7, 0xa4d9f
core   0: 3 0x8000673c (0xa4d9fb97) x23 0x24da573c
core   0: 0x80006740 (0x5a1fac13) slti    s8, t6, 1441
core   0: 3 0x80006740 (0x5a1fac13) x24 0x00000001
core   0: 0x80006744 (0xf8e4be13) sltiu   t3, s1, -114
core   0: 3 0x80006744 (0xf8e4be13) x28 0x00000001
core   0: 0x80006748 (0x822a8137) lui     sp, 0x822a8
core   0: 3 0x80006748 (0x822a8137) x 2 0x822a8000
core   0: 0x8000674c (0x005a5eb3) srl     t4, s4, t0
core   0: 3 0x8000674c (0x005a5eb3) x29 0x0002938c
core   0: 0x80006750 (0x4041dfb3) sra     t6, gp, tp
core   0: 3 0x80006750 (0x4041dfb3) x31 0x00000000
core   0: 0x80006754 (0x41188bb3) sub     s7, a7, a7
core   0: 3 0x80006754 (0x41188bb3) x23 0x00000000
core   0: 0x80006758 (0x00e2ae33) slt     t3, t0, a4
core   0: 3 0x80006758 (0x00e2ae33) x28 0x00000001
core   0: 0x8000675c (0xa3e09c37) lui     s8, 0xa3e09
core   0: 3 0x8000675c (0xa3e09c37) x24 0xa3e09000
core   0: 0x80006760 (0x01137e13) andi    t3, t1, 17
core   0: 3 0x80006760 (0x01137e13) x28 0x00000000
core   0: 0x80006764 (0xfc28cc13) xori    s8, a7, -62
core   0: 3 0x80006764 (0xfc28cc13) x24 0xffffffc2
core   0: 0x80006768 (0xc97aa093) slti    ra, s5, -873
core   0: 3 0x80006768 (0xc97aa093) x 1 0x00000000
core   0: 0x8000676c (0x8c430a13) addi    s4, t1, -1852
core   0: 3 0x8000676c (0x8c430a13) x20 0xa98678c4
core   0: 0x80006770 (0x01498133) add     sp, s3, s4
core   0: 3 0x80006770 (0x01498133) x 2 0xd390c98f
core   0: 0x80006774 (0x41fd5db3) sra     s11, s10, t6
core   0: 3 0x80006774 (0x41fd5db3) x27 0x5c025000
core   0: 0x80006778 (0x008bfe33) and     t3, s7, s0
core   0: 3 0x80006778 (0x008bfe33) x28 0x00000000
core   0: 0x8000677c (0x4036d933) sra     s2, a3, gp
core   0: 3 0x8000677c (0x4036d933) x18 0x1a0a56cc
core   0: 0x80006780 (0x008d5ab3) srl     s5, s10, s0
core   0: 3 0x80006780 (0x008d5ab3) x21 0x00000005
core   0: 0x80006784 (0x018758b3) srl     a7, a4, s8
core   0: 3 0x80006784 (0x018758b3) x17 0x03fffe7f
core   0: 0x80006788 (0x404d8033) sub     zero, s11, tp
core   0: 3 0x80006788 (0x404d8033)
core   0: 0x8000678c (0xe041cc93) xori    s9, gp, -508
core   0: 3 0x8000678c (0xe041cc93) x25 0xfffffe04
core   0: 0x80006790 (0x32bf7793) andi    a5, t5, 811
core   0: 3 0x80006790 (0x32bf7793) x15 0x00000000
core   0: 0x80006794 (0x01ecf933) and     s2, s9, t5
core   0: 3 0x80006794 (0x01ecf933) x18 0x836d4000
core   0: 0x80006798 (0x4043d693) srai    a3, t2, 4
core   0: 3 0x80006798 (0x4043d693) x13 0xf80011e6
core   0: 0x8000679c (0x010f36b3) sltu    a3, t5, a6
core   0: 3 0x8000679c (0x010f36b3) x13 0x00000001
core   0: 0x800067a0 (0x00addf93) srli    t6, s11, 10
core   0: 3 0x800067a0 (0x00addf93) x31 0x00170094
core   0: 0x800067a4 (0xbdedb737) lui     a4, 0xbdedb
core   0: 3 0x800067a4 (0xbdedb737) x14 0xbdedb000
core   0: 0x800067a8 (0x43140593) addi    a1, s0, 1073
core   0: 3 0x800067a8 (0x43140593) x11 0x16203acd
core   0: 0x800067ac (0x41bad813) srai    a6, s5, 27
core   0: 3 0x800067ac (0x41bad813) x16 0x00000000
core   0: 0x800067b0 (0x41225593) srai    a1, tp, 18
core   0: 3 0x800067b0 (0x41225593) x11 0xffffffb0
core   0: 0x800067b4 (0x002607b3) add     a5, a2, sp
core   0: 3 0x800067b4 (0x002607b3) x15 0xd390c98f
core   0: 0x800067b8 (0x4137d913) srai    s2, a5, 19
core   0: 3 0x800067b8 (0x4137d913) x18 0xfffffa72
core   0: 0x800067bc (0x04c19a17) auipc   s4, 0x4c19
core   0: 3 0x800067bc (0x04c19a17) x20 0x84c1f7bc
core   0: 0x800067c0 (0xbf7d7293) andi    t0, s10, -1033
core   0: 3 0x800067c0 (0xbf7d7293) x 5 0x5c025000
core   0: 0x800067c4 (0x009e5d33) srl     s10, t3, s1
core   0: 3 0x800067c4 (0x009e5d33) x26 0x00000000
core   0: 0x800067c8 (0x0015f333) and     t1, a1, ra
core   0: 3 0x800067c8 (0x0015f333) x 6 0x00000000
core   0: 0x800067cc (0x0024aeb3) slt     t4, s1, sp
core   0: 3 0x800067cc (0x0024aeb3) x29 0x00000001
core   0: 0x800067d0 (0x01cb5eb3) srl     t4, s6, t3
core   0: 3 0x800067d0 (0x01cb5eb3) x29 0xfbffd7cc
core   0: 0x800067d4 (0xcecd7c97) auipc   s9, 0xcecd7
core   0: 3 0x800067d4 (0xcecd7c97) x25 0x4ecdd7d4
core   0: 0x800067d8 (0x0152cc33) xor     s8, t0, s5
core   0: 3 0x800067d8 (0x0152cc33) x24 0x5c025005
core   0: 0x800067dc (0x011ad033) srl     zero, s5, a7
core   0: 3 0x800067dc (0x011ad033)
core   0: 0x800067e0 (0x0216bfb7) lui     t6, 0x216b
core   0: 3 0x800067e0 (0x0216bfb7) x31 0x0216b000
core   0: 0x800067e4 (0xa1e9e8b7) lui     a7, 0xa1e9e
core   0: 3 0x800067e4 (0xa1e9e8b7) x17 0xa1e9e000
core   0: 0x800067e8 (0x01b1bcb3) sltu    s9, gp, s11
core   0: 3 0x800067e8 (0x01b1bcb3) x25 0x00000001
core   0: 0x800067ec (0x41955c33) sra     s8, a0, s9
core   0: 3 0x800067ec (0x41955c33) x24 0x00000000
core   0: 0x800067f0 (0x41c05a93) srai    s5, zero, 28
core   0: 3 0x800067f0 (0x41c05a93) x21 0x00000000
core   0: 0x800067f4 (0x0039ca33) xor     s4, s3, gp
core   0: 3 0x800067f4 (0x0039ca33) x20 0x2a0a50cb
core   0: 0x800067f8 (0x00537a33) and     s4, t1, t0
core   0: 3 0x800067f8 (0x00537a33) x20 0x00000000
core   0: 0x800067fc (0x41ce5ab3) sra     s5, t3, t3
core   0: 3 0x800067fc (0x41ce5ab3) x21 0x00000000
core   0: 0x80006800 (0x01f71b13) slli    s6, a4, 31
core   0: 3 0x80006800 (0x01f71b13) x22 0x00000000
core   0: 0x80006804 (0x010dd7b3) srl     a5, s11, a6
core   0: 3 0x80006804 (0x010dd7b3) x15 0x5c025000
core   0: 0x80006808 (0x01ff5f33) srl     t5, t5, t6
core   0: 3 0x80006808 (0x01ff5f33) x30 0x836d4000
core   0: 0x8000680c (0x72cec413) xori    s0, t4, 1836
core   0: 3 0x8000680c (0x72cec413) x 8 0xfbffd0e0
core   0: 0x80006810 (0x0148b333) sltu    t1, a7, s4
core   0: 3 0x80006810 (0x0148b333) x 6 0x00000000
core   0: 0x80006814 (0x7d8e00b7) lui     ra, 0x7d8e0
core   0: 3 0x80006814 (0x7d8e00b7) x 1 0x7d8e0000
core   0: 0x80006818 (0xfa7c8913) addi    s2, s9, -89
core   0: 3 0x80006818 (0xfa7c8913) x18 0xffffffa8
core   0: 0x8000681c (0x4110da33) sra     s4, ra, a7
core   0: 3 0x8000681c (0x4110da33) x20 0x7d8e0000
core   0: 0x80006820 (0x872c0413) addi    s0, s8, -1934
core   0: 3 0x80006820 (0x872c0413) x 8 0xfffff872
core   0: 0x80006824 (0x00509d93) slli    s11, ra, 5
core   0: 3 0x80006824 (0x00509d93) x27 0xb1c00000
core   0: 0x80006828 (0x01dcd833) srl     a6, s9, t4
core   0: 3 0x80006828 (0x01dcd833) x16 0x00000000
core   0: 0x8000682c (0x4085d713) srai    a4, a1, 8
core   0: 3 0x8000682c (0x4085d713) x14 0xffffffff
core   0: 0x80006830 (0x013dc033) xor     zero, s11, s3
core   0: 3 0x80006830 (0x013dc033)
core   0: 0x80006834 (0x00b8d733) srl     a4, a7, a1
core   0: 3 0x80006834 (0x00b8d733) x14 0x0000a1e9
core   0: 0x80006838 (0x40168db3) sub     s11, a3, ra
core   0: 3 0x80006838 (0x40168db3) x27 0x82720001
core   0: 0x8000683c (0xaf406f97) auipc   t6, 0xaf406
core   0: 3 0x8000683c (0xaf406f97) x31 0x2f40c83c
core   0: 0x80006840 (0xcdab6c93) ori     s9, s6, -806
core   0: 3 0x80006840 (0xcdab6c93) x25 0xfffffcda
core   0: 0x80006844 (0x0110d713) srli    a4, ra, 17
core   0: 3 0x80006844 (0x0110d713) x14 0x00003ec7
core   0: 0x80006848 (0x9f548a17) auipc   s4, 0x9f548
core   0: 3 0x80006848 (0x9f548a17) x20 0x1f54e848
core   0: 0x8000684c (0x01acdc13) srli    s8, s9, 26
core   0: 3 0x8000684c (0x01acdc13) x24 0x0000003f
core   0: 0x80006850 (0x01666cb3) or      s9, a2, s6
core   0: 3 0x80006850 (0x01666cb3) x25 0x00000000
core   0: 0x80006854 (0x01fd76b3) and     a3, s10, t6
core   0: 3 0x80006854 (0x01fd76b3) x13 0x00000000
core   0: 0x80006858 (0x405fda13) srai    s4, t6, 5
core   0: 3 0x80006858 (0x405fda13) x20 0x017a0641
core   0: 0x8000685c (0x003100b3) add     ra, sp, gp
core   0: 3 0x8000685c (0x003100b3) x 1 0xd390c98f
core   0: 0x80006860 (0xb22d2f93) slti    t6, s10, -1246
core   0: 3 0x80006860 (0xb22d2f93) x31 0x00000000
core   0: 0x80006864 (0x416d8433) sub     s0, s11, s6
core   0: 3 0x80006864 (0x416d8433) x 8 0x82720001
core   0: 0x80006868 (0xa3f0b593) sltiu   a1, ra, -1473
core   0: 3 0x80006868 (0xa3f0b593) x11 0x00000001
core   0: 0x8000686c (0x40aed5b3) sra     a1, t4, a0
core   0: 3 0x8000686c (0x40aed5b3) x11 0xfbffd7cc
core   0: 0x80006870 (0x88574f13) xori    t5, a4, -1915
core   0: 3 0x80006870 (0x88574f13) x30 0xffffc642
core   0: 0x80006874 (0x00a76533) or      a0, a4, a0
core   0: 3 0x80006874 (0x00a76533) x10 0x00003ec7
core   0: 0x80006878 (0x01d19533) sll     a0, gp, t4
core   0: 3 0x80006878 (0x01d19533) x10 0x00000000
core   0: 0x8000687c (0x00cc1033) sll     zero, s8, a2
core   0: 3 0x8000687c (0x00cc1033)
core   0: 0x80006880 (0xae40f837) lui     a6, 0xae40f
core   0: 3 0x80006880 (0xae40f837) x16 0xae40f000
core   0: 0x80006884 (0x005856b3) srl     a3, a6, t0
core   0: 3 0x80006884 (0x005856b3) x13 0xae40f000
core   0: 0x80006888 (0x8bdfbe93) sltiu   t4, t6, -1859
core   0: 3 0x80006888 (0x8bdfbe93) x29 0x00000001
core   0: 0x8000688c (0x002e1d13) slli    s10, t3, 2
core   0: 3 0x8000688c (0x002e1d13) x26 0x00000000
core   0: 0x80006890 (0x01c6e033) or      zero, a3, t3
core   0: 3 0x80006890 (0x01c6e033)
core   0: 0x80006894 (0x4f02b897) auipc   a7, 0x4f02b
core   0: 3 0x80006894 (0x4f02b897) x17 0xcf031894
core   0: 0x80006898 (0x98c4c0b7) lui     ra, 0x98c4c
core   0: 3 0x80006898 (0x98c4c0b7) x 1 0x98c4c000
core   0: 0x8000689c (0x8af7cc93) xori    s9, a5, -1873
core   0: 3 0x8000689c (0x8af7cc93) x25 0xa3fda8af
core   0: 0x800068a0 (0x40460fb3) sub     t6, a2, tp
core   0: 3 0x800068a0 (0x40460fb3) x31 0x013c6e83
core   0: 0x800068a4 (0x003692b3) sll     t0, a3, gp
core   0: 3 0x800068a4 (0x003692b3) x 5 0xae40f000
core   0: 0x800068a8 (0x00000013) nop
core   0: 3 0x800068a8 (0x00000013)
core   0: 0x800068ac (0x01e81113) slli    sp, a6, 30
core   0: 3 0x800068ac (0x01e81113) x 2 0x00000000
core   0: 0x800068b0 (0x00d996b3) sll     a3, s3, a3
core   0: 3 0x800068b0 (0x00d996b3) x13 0x2a0a50cb
core   0: 0x800068b4 (0x0f34bd93) sltiu   s11, s1, 243
core   0: 3 0x800068b4 (0x0f34bd93) x27 0x00000000
core   0: 0x800068b8 (0x40fd0c33) sub     s8, s10, a5
core   0: 3 0x800068b8 (0x40fd0c33) x24 0xa3fdb000
core   0: 0x800068bc (0x4134d7b3) sra     a5, s1, s3
core   0: 3 0x800068bc (0x4134d7b3) x15 0xfff0002b
core   0: 0x800068c0 (0x01db1333) sll     t1, s6, t4
core   0: 3 0x800068c0 (0x01db1333) x 6 0x00000000
core   0: 0x800068c4 (0xb75e6f13) ori     t5, t3, -1163
core   0: 3 0x800068c4 (0xb75e6f13) x30 0xfffffb75
core   0: 0x800068c8 (0x8229a593) slti    a1, s3, -2014
core   0: 3 0x800068c8 (0x8229a593) x11 0x00000000
core   0: 0x800068cc (0x0098c0b3) xor     ra, a7, s1
core   0: 3 0x800068cc (0x0098c0b3) x 1 0x4f024470
core   0: 0x800068d0 (0x01534533) xor     a0, t1, s5
core   0: 3 0x800068d0 (0x01534533) x10 0x00000000
core   0: 0x800068d4 (0x7831c513) xori    a0, gp, 1923
core   0: 3 0x800068d4 (0x7831c513) x10 0x00000783
core   0: 0x800068d8 (0x01201113) slli    sp, zero, 18
core   0: 3 0x800068d8 (0x01201113) x 2 0x00000000
core   0: 0x800068dc (0xbcd0e113) ori     sp, ra, -1075
core   0: 3 0x800068dc (0xbcd0e113) x 2 0xfffffffd
core   0: 0x800068e0 (0x00bd0e33) add     t3, s10, a1
core   0: 3 0x800068e0 (0x00bd0e33) x28 0x00000000
core   0: 0x800068e4 (0x907d8b13) addi    s6, s11, -1785
core   0: 3 0x800068e4 (0x907d8b13) x22 0xfffff907
core   0: 0x800068e8 (0x001bef33) or      t5, s7, ra
core   0: 3 0x800068e8 (0x001bef33) x30 0x4f024470
core   0: 0x800068ec (0x4176d5b3) sra     a1, a3, s7
core   0: 3 0x800068ec (0x4176d5b3) x11 0x2a0a50cb
core   0: 0x800068f0 (0x01cb4e33) xor     t3, s6, t3
core   0: 3 0x800068f0 (0x01cb4e33) x28 0xfffff907
core   0: 0x800068f4 (0x01303fb3) snez    t6, s3
core   0: 3 0x800068f4 (0x01303fb3) x31 0x00000001
core   0: 0x800068f8 (0x016227b3) slt     a5, tp, s6
core   0: 3 0x800068f8 (0x016227b3) x15 0x00000001
core   0: 0x800068fc (0x69ee0c93) addi    s9, t3, 1694
core   0: 3 0x800068fc (0x69ee0c93) x25 0xffffffa5
core   0: 0x80006900 (0x01f688b3) add     a7, a3, t6
core   0: 3 0x80006900 (0x01f688b3) x17 0x2a0a50cc
core   0: 0x80006904 (0x00963433) sltu    s0, a2, s1
core   0: 3 0x80006904 (0x00963433) x 8 0x00000001
core   0: 0x80006908 (0x54eeaf13) slti    t5, t4, 1358
core   0: 3 0x80006908 (0x54eeaf13) x30 0x00000001
core   0: 0x8000690c (0x00000013) nop
core   0: 3 0x8000690c (0x00000013)
core   0: 0x80006910 (0xcc5c8817) auipc   a6, 0xcc5c8
core   0: 3 0x80006910 (0xcc5c8817) x16 0x4c5ce910
core   0: 0x80006914 (0x41078ab3) sub     s5, a5, a6
core   0: 3 0x80006914 (0x41078ab3) x21 0xb3a316f1
core   0: 0x80006918 (0xdf73e913) ori     s2, t2, -521
core   0: 3 0x80006918 (0xdf73e913) x18 0xfffffff7
core   0: 0x8000691c (0xbec611b7) lui     gp, 0xbec61
core   0: 3 0x8000691c (0xbec611b7) x 3 0xbec61000
core   0: 0x80006920 (0x92a18193) addi    gp, gp, -1750
core   0: 3 0x80006920 (0x92a18193) x 3 0xbec6092a
core   0: 0x80006924 (0x80000537) lui     a0, 0x80000
core   0: 3 0x80006924 (0x80000537) x10 0x80000000
core   0: 0x80006928 (0xfb1e3bb7) lui     s7, 0xfb1e3
core   0: 3 0x80006928 (0xfb1e3bb7) x23 0xfb1e3000
core   0: 0x8000692c (0x089b8b93) addi    s7, s7, 137
core   0: 3 0x8000692c (0x089b8b93) x23 0xfb1e3089
core   0: 0x80006930 (0x00000793) li      a5, 0
core   0: 3 0x80006930 (0x00000793) x15 0x00000000
core   0: 0x80006934 (0xfff00e93) li      t4, -1
core   0: 3 0x80006934 (0xfff00e93) x29 0xffffffff
core   0: 0x80006938 (0x00000c93) li      s9, 0
core   0: 3 0x80006938 (0x00000c93) x25 0x00000000
core   0: 0x8000693c (0x80000f37) lui     t5, 0x80000
core   0: 3 0x8000693c (0x80000f37) x30 0x80000000
core   0: 0x80006940 (0xd6d01d37) lui     s10, 0xd6d01
core   0: 3 0x80006940 (0xd6d01d37) x26 0xd6d01000
core   0: 0x80006944 (0x7d6d0d13) addi    s10, s10, 2006
core   0: 3 0x80006944 (0x7d6d0d13) x26 0xd6d017d6
core   0: 0x80006948 (0x80000837) lui     a6, 0x80000
core   0: 3 0x80006948 (0x80000837) x16 0x80000000
core   0: 0x8000694c (0x142642b7) lui     t0, 0x14264
core   0: 3 0x8000694c (0x142642b7) x 5 0x14264000
core   0: 0x80006950 (0x35d28293) addi    t0, t0, 861
core   0: 3 0x80006950 (0x35d28293) x 5 0x1426435d
core   0: 0x80006954 (0x6f664f37) lui     t5, 0x6f664
core   0: 3 0x80006954 (0x6f664f37) x30 0x6f664000
core   0: 0x80006958 (0x00000013) nop
core   0: 3 0x80006958 (0x00000013)
core   0: 0x8000695c (0xc2d98d37) lui     s10, 0xc2d98
core   0: 3 0x8000695c (0xc2d98d37) x26 0xc2d98000
core   0: 0x80006960 (0x7a9caf17) auipc   t5, 0x7a9ca
core   0: 3 0x80006960 (0x7a9caf17) x30 0xfa9d0960
core   0: 0x80006964 (0x0212c7b7) lui     a5, 0x212c
core   0: 3 0x80006964 (0x0212c7b7) x15 0x0212c000
core   0: 0x80006968 (0x01e50833) add     a6, a0, t5
core   0: 3 0x80006968 (0x01e50833) x16 0x7a9d0960
core   0: 0x8000696c (0xd58a1797) auipc   a5, 0xd58a1
core   0: 3 0x8000696c (0xd58a1797) x15 0x558a796c
core   0: 0x80006970 (0x017781b3) add     gp, a5, s7
core   0: 3 0x80006970 (0x017781b3) x 3 0x50a8a9f5
core   0: 0x80006974 (0x01e80eb3) add     t4, a6, t5
core   0: 3 0x80006974 (0x01e80eb3) x29 0x753a12c0
core   0: 0x80006978 (0x42578e93) addi    t4, a5, 1061
core   0: 3 0x80006978 (0x42578e93) x29 0x558a7d91
core   0: 0x8000697c (0x60be8c93) addi    s9, t4, 1547
core   0: 3 0x8000697c (0x60be8c93) x25 0x558a839c
core   0: 0x80006980 (0xed583c97) auipc   s9, 0xed583
core   0: 3 0x80006980 (0xed583c97) x25 0x6d589980
core   0: 0x80006984 (0xffa80d13) addi    s10, a6, -6
core   0: 3 0x80006984 (0xffa80d13) x26 0x7a9d095a
core   0: 0x80006988 (0x41ac8f33) sub     t5, s9, s10
core   0: 3 0x80006988 (0x41ac8f33) x30 0xf2bb9026
core   0: 0x8000698c (0x41e181b3) sub     gp, gp, t5
core   0: 3 0x8000698c (0x41e181b3) x 3 0x5ded19cf
core   0: 0x80006990 (0xaea78193) addi    gp, a5, -1302
core   0: 3 0x80006990 (0xaea78193) x 3 0x558a7456
core   0: 0x80006994 (0x41eb8833) sub     a6, s7, t5
core   0: 3 0x80006994 (0x41eb8833) x16 0x0862a063
core   0: 0x80006998 (0x707e6c97) auipc   s9, 0x707e6
core   0: 3 0x80006998 (0x707e6c97) x25 0xf07ec998
core   0: 0x8000699c (0x004d9cb3) sll     s9, s11, tp
core   0: 3 0x8000699c (0x004d9cb3) x25 0x00000000
core   0: 0x800069a0 (0xd9cbe993) ori     s3, s7, -612
core   0: 3 0x800069a0 (0xd9cbe993) x19 0xfffffd9d
core   0: 0x800069a4 (0x00afd813) srli    a6, t6, 10
core   0: 3 0x800069a4 (0x00afd813) x16 0x00000000
core   0: 0x800069a8 (0x0ef7ff17) auipc   t5, 0xef7f
core   0: 3 0x800069a8 (0x0ef7ff17) x30 0x8ef859a8
core   0: 0x800069ac (0xcef0cb13) xori    s6, ra, -785
core   0: 3 0x800069ac (0xcef0cb13) x22 0xb0fdb89f
core   0: 0x800069b0 (0x017b9593) slli    a1, s7, 23
core   0: 3 0x800069b0 (0x017b9593) x11 0x44800000
core   0: 0x800069b4 (0x004d50b3) srl     ra, s10, tp
core   0: 3 0x800069b4 (0x004d50b3) x 1 0x00000003
core   0: 0x800069b8 (0xe7c84017) auipc   zero, 0xe7c84
core   0: 3 0x800069b8 (0xe7c84017)
core   0: 0x800069bc (0xf9b68093) addi    ra, a3, -101
core   0: 3 0x800069bc (0xf9b68093) x 1 0x2a0a5066
core   0: 0x800069c0 (0x41bb5813) srai    a6, s6, 27
core   0: 3 0x800069c0 (0x41bb5813) x16 0xfffffff6
core   0: 0x800069c4 (0x007c7db3) and     s11, s8, t2
core   0: 3 0x800069c4 (0x007c7db3) x27 0x80011000
core   0: 0x800069c8 (0x00000013) nop
core   0: 3 0x800069c8 (0x00000013)
core   0: 0x800069cc (0x63c4ee93) ori     t4, s1, 1596
core   0: 3 0x800069cc (0x63c4ee93) x29 0x80015efc
core   0: 0x800069d0 (0x417e8033) sub     zero, t4, s7
core   0: 3 0x800069d0 (0x417e8033)
core   0: 0x800069d4 (0x41390333) sub     t1, s2, s3
core   0: 3 0x800069d4 (0x41390333) x 6 0x0000025a
core   0: 0x800069d8 (0x005a4f33) xor     t5, s4, t0
core   0: 3 0x800069d8 (0x005a4f33) x30 0x155c451c
core   0: 0x800069dc (0x00521e33) sll     t3, tp, t0
core   0: 3 0x800069dc (0x00521e33) x28 0xa0000000
core   0: 0x800069e0 (0x00662ab3) slt     s5, a2, t1
core   0: 3 0x800069e0 (0x00662ab3) x21 0x00000001
core   0: 0x800069e4 (0x2afc3993) sltiu   s3, s8, 687
core   0: 3 0x800069e4 (0x2afc3993) x19 0x00000000
core   0: 0x800069e8 (0x01ffeb33) or      s6, t6, t6
core   0: 3 0x800069e8 (0x01ffeb33) x22 0x00000001
core   0: 0x800069ec (0x004c5033) srl     zero, s8, tp
core   0: 3 0x800069ec (0x004c5033)
core   0: 0x800069f0 (0x41815a33) sra     s4, sp, s8
core   0: 3 0x800069f0 (0x41815a33) x20 0xfffffffd
core   0: 0x800069f4 (0x5f02ed13) ori     s10, t0, 1520
core   0: 3 0x800069f4 (0x5f02ed13) x26 0x142647fd
core   0: 0x800069f8 (0x00bc5993) srli    s3, s8, 11
core   0: 3 0x800069f8 (0x00bc5993) x19 0x00147fb6
core   0: 0x800069fc (0xb2486893) ori     a7, a6, -1244
core   0: 3 0x800069fc (0xb2486893) x17 0xfffffff6
core   0: 0x80006a00 (0x01335313) srli    t1, t1, 19
core   0: 3 0x80006a00 (0x01335313) x 6 0x00000000
core   0: 0x80006a04 (0x447bcbb7) lui     s7, 0x447bc
core   0: 3 0x80006a04 (0x447bcbb7) x23 0x447bc000
core   0: 0x80006a08 (0x0060e833) or      a6, ra, t1
core   0: 3 0x80006a08 (0x0060e833) x16 0x2a0a5066
core   0: 0x80006a0c (0x2a808713) addi    a4, ra, 680
core   0: 3 0x80006a0c (0x2a808713) x14 0x2a0a530e
core   0: 0x80006a10 (0x5336f413) andi    s0, a3, 1331
core   0: 3 0x80006a10 (0x5336f413) x 8 0x00000003
core   0: 0x80006a14 (0x01c000b3) add     ra, zero, t3
core   0: 3 0x80006a14 (0x01c000b3) x 1 0xa0000000
core   0: 0x80006a18 (0x001a77b3) and     a5, s4, ra
core   0: 3 0x80006a18 (0x001a77b3) x15 0xa0000000
core   0: 0x80006a1c (0x01db5633) srl     a2, s6, t4
core   0: 3 0x80006a1c (0x01db5633) x12 0x00000000
core   0: 0x80006a20 (0x010b6533) or      a0, s6, a6
core   0: 3 0x80006a20 (0x010b6533) x10 0x2a0a5067
core   0: 0x80006a24 (0x41540bb3) sub     s7, s0, s5
core   0: 3 0x80006a24 (0x41540bb3) x23 0x00000002
core   0: 0x80006a28 (0x0ebc0d13) addi    s10, s8, 235
core   0: 3 0x80006a28 (0x0ebc0d13) x26 0xa3fdb0eb
core   0: 0x80006a2c (0x1ada8813) addi    a6, s5, 429
core   0: 3 0x80006a2c (0x1ada8813) x16 0x000001ae
core   0: 0x80006a30 (0x00a677b3) and     a5, a2, a0
core   0: 3 0x80006a30 (0x00a677b3) x15 0x00000000
core   0: 0x80006a34 (0x097c8613) addi    a2, s9, 151
core   0: 3 0x80006a34 (0x097c8613) x12 0x00000097
core   0: 0x80006a38 (0x01028933) add     s2, t0, a6
core   0: 3 0x80006a38 (0x01028933) x18 0x1426450b
core   0: 0x80006a3c (0x3e240413) addi    s0, s0, 994
core   0: 3 0x80006a3c (0x3e240413) x 8 0x000003e5
core   0: 0x80006a40 (0x00000013) nop
core   0: 3 0x80006a40 (0x00000013)
core   0: 0x80006a44 (0xfaa2c413) xori    s0, t0, -86
core   0: 3 0x80006a44 (0xfaa2c413) x 8 0xebd9bcf7
core   0: 0x80006a48 (0x00913833) sltu    a6, sp, s1
core   0: 3 0x80006a48 (0x00913833) x16 0x00000000
core   0: 0x80006a4c (0x4133da93) srai    s5, t2, 19
core   0: 3 0x80006a4c (0x4133da93) x21 0xfffff000
core   0: 0x80006a50 (0x003e3bb3) sltu    s7, t3, gp
core   0: 3 0x80006a50 (0x003e3bb3) x23 0x00000000
core   0: 0x80006a54 (0x014342b3) xor     t0, t1, s4
core   0: 3 0x80006a54 (0x014342b3) x 5 0xfffffffd
core   0: 0x80006a58 (0x000cdeb3) srl     t4, s9, zero
core   0: 3 0x80006a58 (0x000cdeb3) x29 0x00000000
core   0: 0x80006a5c (0x2c74aab7) lui     s5, 0x2c74a
core   0: 3 0x80006a5c (0x2c74aab7) x21 0x2c74a000
core   0: 0x80006a60 (0x007c3bb3) sltu    s7, s8, t2
core   0: 3 0x80006a60 (0x007c3bb3) x23 0x00000000
core   0: 0x80006a64 (0x0025d2b3) srl     t0, a1, sp
core   0: 3 0x80006a64 (0x0025d2b3) x 5 0x00000002
core   0: 0x80006a68 (0x743d3b13) sltiu   s6, s10, 1859
core   0: 3 0x80006a68 (0x743d3b13) x22 0x00000000
core   0: 0x80006a6c (0x01cc9013) slli    zero, s9, 28
core   0: 3 0x80006a6c (0x01cc9013)
core   0: 0x80006a70 (0x01f35713) srli    a4, t1, 31
core   0: 3 0x80006a70 (0x01f35713) x14 0x00000000
core   0: 0x80006a74 (0xde77e093) ori     ra, a5, -537
core   0: 3 0x80006a74 (0xde77e093) x 1 0xfffffde7
core   0: 0x80006a78 (0xd5673313) sltiu   t1, a4, -682
core   0: 3 0x80006a78 (0xd5673313) x 6 0x00000001
core   0: 0x80006a7c (0x6e092f93) slti    t6, s2, 1760
core   0: 3 0x80006a7c (0x6e092f93) x31 0x00000000
core   0: 0x80006a80 (0x01aad993) srli    s3, s5, 26
core   0: 3 0x80006a80 (0x01aad993) x19 0x0000000b
core   0: 0x80006a84 (0x003d6fb3) or      t6, s10, gp
core   0: 3 0x80006a84 (0x003d6fb3) x31 0xf7fff4ff
core   0: 0x80006a88 (0x5df06c93) ori     s9, zero, 1503
core   0: 3 0x80006a88 (0x5df06c93) x25 0x000005df
core   0: 0x80006a8c (0x011e8c33) add     s8, t4, a7
core   0: 3 0x80006a8c (0x011e8c33) x24 0xfffffff6
core   0: 0x80006a90 (0x019fb0b3) sltu    ra, t6, s9
core   0: 3 0x80006a90 (0x019fb0b3) x 1 0x00000000
core   0: 0x80006a94 (0x00f39333) sll     t1, t2, a5
core   0: 3 0x80006a94 (0x00f39333) x 6 0x80011e64
core   0: 0x80006a98 (0x6e1f2313) slti    t1, t5, 1761
core   0: 3 0x80006a98 (0x6e1f2313) x 6 0x00000000
core   0: 0x80006a9c (0x404187b3) sub     a5, gp, tp
core   0: 3 0x80006a9c (0x404187b3) x15 0x56c6e2d9
core   0: 0x80006aa0 (0xdfa5f813) andi    a6, a1, -518
core   0: 3 0x80006aa0 (0xdfa5f813) x16 0x44800000
core   0: 0x80006aa4 (0x53a5c913) xori    s2, a1, 1338
core   0: 3 0x80006aa4 (0x53a5c913) x18 0x4480053a
core   0: 0x80006aa8 (0x01c60b33) add     s6, a2, t3
core   0: 3 0x80006aa8 (0x01c60b33) x22 0xa0000097
core   0: 0x80006aac (0x40d1dbb3) sra     s7, gp, a3
core   0: 3 0x80006aac (0x40d1dbb3) x23 0x000ab14e
core   0: 0x80006ab0 (0x01be9e33) sll     t3, t4, s11
core   0: 3 0x80006ab0 (0x01be9e33) x28 0x00000000
core   0: 0x80006ab4 (0x9cb8c613) xori    a2, a7, -1589
core   0: 3 0x80006ab4 (0x9cb8c613) x12 0x0000063d
core   0: 0x80006ab8 (0xbaca0697) auipc   a3, 0xbaca0
core   0: 3 0x80006ab8 (0xbaca0697) x13 0x3aca6ab8
core   0: 0x80006abc (0x41745a13) srai    s4, s0, 23
core   0: 3 0x80006abc (0x41745a13) x20 0xffffffd7
core   0: 0x80006ac0 (0x00000013) nop
core   0: 3 0x80006ac0 (0x00000013)
core   0: 0x80006ac4 (0x00d0f033) and     zero, ra, a3
core   0: 3 0x80006ac4 (0x00d0f033)
core   0: 0x80006ac8 (0x00abdab3) srl     s5, s7, a0
core   0: 3 0x80006ac8 (0x00abdab3) x21 0x00001562
core   0: 0x80006acc (0x007a3033) sltu    zero, s4, t2
core   0: 3 0x80006acc (0x007a3033)
core   0: 0x80006ad0 (0x40bf01b3) sub     gp, t5, a1
core   0: 3 0x80006ad0 (0x40bf01b3) x 3 0xd0dc451c
core   0: 0x80006ad4 (0x92718693) addi    a3, gp, -1753
core   0: 3 0x80006ad4 (0x92718693) x13 0xd0dc3e43
core   0: 0x80006ad8 (0x41b3de93) srai    t4, t2, 27
core   0: 3 0x80006ad8 (0x41b3de93) x29 0xfffffff0
core   0: 0x80006adc (0x416c5813) srai    a6, s8, 22
core   0: 3 0x80006adc (0x416c5813) x16 0xffffffff
core   0: 0x80006ae0 (0x011fa1b3) slt     gp, t6, a7
core   0: 3 0x80006ae0 (0x011fa1b3) x 3 0x00000001
core   0: 0x80006ae4 (0x018ebfb3) sltu    t6, t4, s8
core   0: 3 0x80006ae4 (0x018ebfb3) x31 0x00000001
core   0: 0x80006ae8 (0x00099593) slli    a1, s3, 0
core   0: 3 0x80006ae8 (0x00099593) x11 0x0000000b
core   0: 0x80006aec (0x00057b33) and     s6, a0, zero
core   0: 3 0x80006aec (0x00057b33) x22 0x00000000
core   0: 0x80006af0 (0x71ceb693) sltiu   a3, t4, 1820
core   0: 3 0x80006af0 (0x71ceb693) x13 0x00000000
core   0: 0x80006af4 (0xf0d3c593) xori    a1, t2, -243
core   0: 3 0x80006af4 (0xf0d3c593) x11 0x7ffee169
core   0: 0x80006af8 (0x576fc793) xori    a5, t6, 1398
core   0: 3 0x80006af8 (0x576fc793) x15 0x00000577
core   0: 0x80006afc (0x4d314617) auipc   a2, 0x4d314
core   0: 3 0x80006afc (0x4d314617) x12 0xcd31aafc
core   0: 0x80006b00 (0xffa34313) xori    t1, t1, -6
core   0: 3 0x80006b00 (0xffa34313) x 6 0xfffffffa
core   0: 0x80006b04 (0x01bca5b3) slt     a1, s9, s11
core   0: 3 0x80006b04 (0x01bca5b3) x11 0x00000000
core   0: 0x80006b08 (0xf55a2713) slti    a4, s4, -171
core   0: 3 0x80006b08 (0xf55a2713) x14 0x00000000
core   0: 0x80006b0c (0x00e1a333) slt     t1, gp, a4
core   0: 3 0x80006b0c (0x00e1a333) x 6 0x00000000
core   0: 0x80006b10 (0x01045bb3) srl     s7, s0, a6
core   0: 3 0x80006b10 (0x01045bb3) x23 0x00000001
core   0: 0x80006b14 (0x0a66f013) andi    zero, a3, 166
core   0: 3 0x80006b14 (0x0a66f013)
core   0: 0x80006b18 (0x007b89b3) add     s3, s7, t2
core   0: 3 0x80006b18 (0x007b89b3) x19 0x80011e65
core   0: 0x80006b1c (0x01f9e5b3) or      a1, s3, t6
core   0: 3 0x80006b1c (0x01f9e5b3) x11 0x80011e65
core   0: 0x80006b20 (0x10ff2693) slti    a3, t5, 271
core   0: 3 0x80006b20 (0x10ff2693) x13 0x00000000
core   0: 0x80006b24 (0x002abab3) sltu    s5, s5, sp
core   0: 3 0x80006b24 (0x002abab3) x21 0x00000001
core   0: 0x80006b28 (0x005fb1b3) sltu    gp, t6, t0
core   0: 3 0x80006b28 (0x005fb1b3) x 3 0x00000001
core   0: 0x80006b2c (0x008fa633) slt     a2, t6, s0
core   0: 3 0x80006b2c (0x008fa633) x12 0x00000000
core   0: 0x80006b30 (0x40b98ab3) sub     s5, s3, a1
core   0: 3 0x80006b30 (0x40b98ab3) x21 0x00000000
core   0: 0x80006b34 (0xf2f316b7) lui     a3, 0xf2f31
core   0: 3 0x80006b34 (0xf2f316b7) x13 0xf2f31000
core   0: 0x80006b38 (0x0764c413) xori    s0, s1, 118
core   0: 3 0x80006b38 (0x0764c413) x 8 0x80015c92
core   0: 0x80006b3c (0x013e7e33) and     t3, t3, s3
core   0: 3 0x80006b3c (0x013e7e33) x28 0x00000000
core   0: 0x80006b40 (0x4a34f693) andi    a3, s1, 1187
core   0: 3 0x80006b40 (0x4a34f693) x13 0x000004a0
core   0: 0x80006b44 (0xe0f5e037) lui     zero, 0xe0f5e
core   0: 3 0x80006b44 (0xe0f5e037)
core   0: 0x80006b48 (0x411d0033) sub     zero, s10, a7
core   0: 3 0x80006b48 (0x411d0033)
core   0: 0x80006b4c (0x00000013) nop
core   0: 3 0x80006b4c (0x00000013)
core   0: 0x80006b50 (0x01e67bb3) and     s7, a2, t5
core   0: 3 0x80006b50 (0x01e67bb3) x23 0x00000000
core   0: 0x80006b54 (0x0018bdb3) sltu    s11, a7, ra
core   0: 3 0x80006b54 (0x0018bdb3) x27 0x00000000
core   0: 0x80006b58 (0x2228c113) xori    sp, a7, 546
core   0: 3 0x80006b58 (0x2228c113) x 2 0xfffffdd4
core   0: 0x80006b5c (0x72da8d13) addi    s10, s5, 1837
core   0: 3 0x80006b5c (0x72da8d13) x26 0x0000072d
core   0: 0x80006b60 (0x019ea333) slt     t1, t4, s9
core   0: 3 0x80006b60 (0x019ea333) x 6 0x00000001
core   0: 0x80006b64 (0x40b7d5b3) sra     a1, a5, a1
core   0: 3 0x80006b64 (0x40b7d5b3) x11 0x0000002b
core   0: 0x80006b68 (0x05e2be13) sltiu   t3, t0, 94
core   0: 3 0x80006b68 (0x05e2be13) x28 0x00000001
core   0: 0x80006b6c (0x86de4513) xori    a0, t3, -1939
core   0: 3 0x80006b6c (0x86de4513) x10 0xfffff86c
core   0: 0x80006b70 (0x40f68d33) sub     s10, a3, a5
core   0: 3 0x80006b70 (0x40f68d33) x26 0xffffff29
core   0: 0x80006b74 (0x018f4cb3) xor     s9, t5, s8
core   0: 3 0x80006b74 (0x018f4cb3) x25 0xeaa3baea
core   0: 0x80006b78 (0xed8eef93) ori     t6, t4, -296
core   0: 3 0x80006b78 (0xed8eef93) x31 0xfffffff8
core   0: 0x80006b7c (0x018e4d33) xor     s10, t3, s8
core   0: 3 0x80006b7c (0x018e4d33) x26 0xfffffff7
core   0: 0x80006b80 (0x76e73413) sltiu   s0, a4, 1902
core   0: 3 0x80006b80 (0x76e73413) x 8 0x00000001
core   0: 0x80006b84 (0xcab2c1b7) lui     gp, 0xcab2c
core   0: 3 0x80006b84 (0xcab2c1b7) x 3 0xcab2c000
core   0: 0x80006b88 (0x00a156b3) srl     a3, sp, a0
core   0: 3 0x80006b88 (0x00a156b3) x13 0x000fffff
core   0: 0x80006b8c (0x012b7033) and     zero, s6, s2
core   0: 3 0x80006b8c (0x012b7033)
core   0: 0x80006b90 (0x7f166d13) ori     s10, a2, 2033
core   0: 3 0x80006b90 (0x7f166d13) x26 0x000007f1
core   0: 0x80006b94 (0x007c9433) sll     s0, s9, t2
core   0: 3 0x80006b94 (0x007c9433) x 8 0xaa3baea0
core   0: 0x80006b98 (0x004afb33) and     s6, s5, tp
core   0: 3 0x80006b98 (0x004afb33) x22 0x00000000
core   0: 0x80006b9c (0x017b0333) add     t1, s6, s7
core   0: 3 0x80006b9c (0x017b0333) x 6 0x00000000
core   0: 0x80006ba0 (0x01cd0fb3) add     t6, s10, t3
core   0: 3 0x80006ba0 (0x01cd0fb3) x31 0x000007f2
core   0: 0x80006ba4 (0x008ec9b3) xor     s3, t4, s0
core   0: 3 0x80006ba4 (0x008ec9b3) x19 0x55c45150
core   0: 0x80006ba8 (0x26240b93) addi    s7, s0, 610
core   0: 3 0x80006ba8 (0x26240b93) x23 0xaa3bb102
core   0: 0x80006bac (0xd1b4c2b7) lui     t0, 0xd1b4c
core   0: 3 0x80006bac (0xd1b4c2b7) x 5 0xd1b4c000
core   0: 0x80006bb0 (0x52cb8413) addi    s0, s7, 1324
core   0: 3 0x80006bb0 (0x52cb8413) x 8 0xaa3bb62e
core   0: 0x80006bb4 (0x01afb1b3) sltu    gp, t6, s10
core   0: 3 0x80006bb4 (0x01afb1b3) x 3 0x00000000
core   0: 0x80006bb8 (0x419f2b13) slti    s6, t5, 1049
core   0: 3 0x80006bb8 (0x419f2b13) x22 0x00000000
core   0: 0x80006bbc (0xa7342b93) slti    s7, s0, -1421
core   0: 3 0x80006bbc (0xa7342b93) x23 0x00000001
core   0: 0x80006bc0 (0xe9557e93) andi    t4, a0, -363
core   0: 3 0x80006bc0 (0xe9557e93) x29 0xfffff804
core   0: 0x80006bc4 (0x2f9ef693) andi    a3, t4, 761
core   0: 3 0x80006bc4 (0x2f9ef693) x13 0x00000000
core   0: 0x80006bc8 (0xb3794c13) xori    s8, s2, -1225
core   0: 3 0x80006bc8 (0xb3794c13) x24 0xbb7ffe0d
core   0: 0x80006bcc (0x00ddfb33) and     s6, s11, a3
core   0: 3 0x80006bcc (0x00ddfb33) x22 0x00000000
core   0: 0x80006bd0 (0x85b5f197) auipc   gp, 0x85b5f
core   0: 3 0x80006bd0 (0x85b5f197) x 3 0x05b65bd0
core   0: 0x80006bd4 (0x01e31a13) slli    s4, t1, 30
core   0: 3 0x80006bd4 (0x01e31a13) x20 0x00000000
core   0: 0x80006bd8 (0xda068c93) addi    s9, a3, -608
core   0: 3 0x80006bd8 (0xda068c93) x25 0xfffffda0
core   0: 0x80006bdc (0x01b66d33) or      s10, a2, s11
core   0: 3 0x80006bdc (0x01b66d33) x26 0x00000000
core   0: 0x80006be0 (0x01d2e733) or      a4, t0, t4
core   0: 3 0x80006be0 (0x01d2e733) x14 0xfffff804
core   0: 0x80006be4 (0x00000013) nop
core   0: 3 0x80006be4 (0x00000013)
core   0: 0x80006be8 (0x0157d113) srli    sp, a5, 21
core   0: 3 0x80006be8 (0x0157d113) x 2 0x00000000
core   0: 0x80006bec (0x400005b3) sub     a1, zero, zero
core   0: 3 0x80006bec (0x400005b3) x11 0x00000000
core   0: 0x80006bf0 (0xea886793) ori     a5, a6, -344
core   0: 3 0x80006bf0 (0xea886793) x15 0xffffffff
core   0: 0x80006bf4 (0x00612933) slt     s2, sp, t1
core   0: 3 0x80006bf4 (0x00612933) x18 0x00000000
core   0: 0x80006bf8 (0x418e0bb3) sub     s7, t3, s8
core   0: 3 0x80006bf8 (0x418e0bb3) x23 0x448001f4
core   0: 0x80006bfc (0x1bc9bb93) sltiu   s7, s3, 444
core   0: 3 0x80006bfc (0x1bc9bb93) x23 0x00000000
core   0: 0x80006c00 (0xde9be913) ori     s2, s7, -535
core   0: 3 0x80006c00 (0xde9be913) x18 0xfffffde9
core   0: 0x80006c04 (0x3b7ed637) lui     a2, 0x3b7ed
core   0: 3 0x80006c04 (0x3b7ed637) x12 0x3b7ed000
core   0: 0x80006c08 (0x01097933) and     s2, s2, a6
core   0: 3 0x80006c08 (0x01097933) x18 0xfffffde9
core   0: 0x80006c0c (0x40318133) sub     sp, gp, gp
core   0: 3 0x80006c0c (0x40318133) x 2 0x00000000
core   0: 0x80006c10 (0x01ec5e93) srli    t4, s8, 30
core   0: 3 0x80006c10 (0x01ec5e93) x29 0x00000002
core   0: 0x80006c14 (0x01e31eb3) sll     t4, t1, t5
core   0: 3 0x80006c14 (0x01e31eb3) x29 0x00000000
core   0: 0x80006c18 (0x008d7e33) and     t3, s10, s0
core   0: 3 0x80006c18 (0x008d7e33) x28 0x00000000
core   0: 0x80006c1c (0x0037f0b3) and     ra, a5, gp
core   0: 3 0x80006c1c (0x0037f0b3) x 1 0x05b65bd0
core   0: 0x80006c20 (0x40fb0033) sub     zero, s6, a5
core   0: 3 0x80006c20 (0x40fb0033)
core   0: 0x80006c24 (0x40805fb3) sra     t6, zero, s0
core   0: 3 0x80006c24 (0x40805fb3) x31 0x00000000
core   0: 0x80006c28 (0x01701013) slli    zero, zero, 23
core   0: 3 0x80006c28 (0x01701013)
core   0: 0x80006c2c (0x012cd1b3) srl     gp, s9, s2
core   0: 3 0x80006c2c (0x012cd1b3) x 3 0x007ffffe
core   0: 0x80006c30 (0x16596c37) lui     s8, 0x16596
core   0: 3 0x80006c30 (0x16596c37) x24 0x16596000
core   0: 0x80006c34 (0xf77f7013) andi    zero, t5, -137
core   0: 3 0x80006c34 (0xf77f7013)
core   0: 0x80006c38 (0x0160d813) srli    a6, ra, 22
core   0: 3 0x80006c38 (0x0160d813) x16 0x00000016
core   0: 0x80006c3c (0x01315b93) srli    s7, sp, 19
core   0: 3 0x80006c3c (0x01315b93) x23 0x00000000
core   0: 0x80006c40 (0xeb620b13) addi    s6, tp, -330
core   0: 3 0x80006c40 (0xeb620b13) x22 0xfec39033
core   0: 0x80006c44 (0xfd914013) xori    zero, sp, -39
core   0: 3 0x80006c44 (0xfd914013)
core   0: 0x80006c48 (0x986a0b93) addi    s7, s4, -1658
core   0: 3 0x80006c48 (0x986a0b93) x23 0xfffff986
core   0: 0x80006c4c (0x014f9433) sll     s0, t6, s4
core   0: 3 0x80006c4c (0x014f9433) x 8 0x00000000
core   0: 0x80006c50 (0xf1b52793) slti    a5, a0, -229
core   0: 3 0x80006c50 (0xf1b52793) x15 0x00000001
core   0: 0x80006c54 (0x4040da33) sra     s4, ra, tp
core   0: 3 0x80006c54 (0x4040da33) x20 0x00000000
core   0: 0x80006c58 (0x01c79593) slli    a1, a5, 28
core   0: 3 0x80006c58 (0x01c79593) x11 0x10000000
core   0: 0x80006c5c (0x1f8af593) andi    a1, s5, 504
core   0: 3 0x80006c5c (0x1f8af593) x11 0x00000000
core   0: 0x80006c60 (0x00153f33) sltu    t5, a0, ra
core   0: 3 0x80006c60 (0x00153f33) x30 0x00000000
core   0: 0x80006c64 (0x0165c0b3) xor     ra, a1, s6
core   0: 3 0x80006c64 (0x0165c0b3) x 1 0xfec39033
core   0: 0x80006c68 (0x005bba33) sltu    s4, s7, t0
core   0: 3 0x80006c68 (0x005bba33) x20 0x00000000
core   0: 0x80006c6c (0x97a1ea13) ori     s4, gp, -1670
core   0: 3 0x80006c6c (0x97a1ea13) x20 0xfffffffe
core   0: 0x80006c70 (0x00311613) slli    a2, sp, 3
core   0: 3 0x80006c70 (0x00311613) x12 0x00000000
core   0: 0x80006c74 (0x4b3fb713) sltiu   a4, t6, 1203
core   0: 3 0x80006c74 (0x4b3fb713) x14 0x00000001
core   0: 0x80006c78 (0x98752f13) slti    t5, a0, -1657
core   0: 3 0x80006c78 (0x98752f13) x30 0x00000001
core   0: 0x80006c7c (0x01deb633) sltu    a2, t4, t4
core   0: 3 0x80006c7c (0x01deb633) x12 0x00000000
core   0: 0x80006c80 (0x00000013) nop
core   0: 3 0x80006c80 (0x00000013)
core   0: 0x80006c84 (0x40365333) sra     t1, a2, gp
core   0: 3 0x80006c84 (0x40365333) x 6 0x00000000
core   0: 0x80006c88 (0x002cd893) srli    a7, s9, 2
core   0: 3 0x80006c88 (0x002cd893) x17 0x3fffff68
core   0: 0x80006c8c (0x01e9bc33) sltu    s8, s3, t5
core   0: 3 0x80006c8c (0x01e9bc33) x24 0x00000000
core   0: 0x80006c90 (0x008af333) and     t1, s5, s0
core   0: 3 0x80006c90 (0x008af333) x 6 0x00000000
core   0: 0x80006c94 (0x00af1333) sll     t1, t5, a0
core   0: 3 0x80006c94 (0x00af1333) x 6 0x00001000
core   0: 0x80006c98 (0x97753993) sltiu   s3, a0, -1673
core   0: 3 0x80006c98 (0x97753993) x19 0x00000001
core   0: 0x80006c9c (0x007626b3) slt     a3, a2, t2
core   0: 3 0x80006c9c (0x007626b3) x13 0x00000000
core   0: 0x80006ca0 (0x3d924293) xori    t0, tp, 985
core   0: 3 0x80006ca0 (0x3d924293) x 5 0xfec392a4
core   0: 0x80006ca4 (0xc5538b13) addi    s6, t2, -939
core   0: 3 0x80006ca4 (0xc5538b13) x22 0x80011ab9
core   0: 0x80006ca8 (0xab51b113) sltiu   sp, gp, -1355
core   0: 3 0x80006ca8 (0xab51b113) x 2 0x00000001
core   0: 0x80006cac (0x25354413) xori    s0, a0, 595
core   0: 3 0x80006cac (0x25354413) x 8 0xfffffa3f
core   0: 0x80006cb0 (0x008142b3) xor     t0, sp, s0
core   0: 3 0x80006cb0 (0x008142b3) x 5 0xfffffa3e
core   0: 0x80006cb4 (0x00a63bb3) sltu    s7, a2, a0
core   0: 3 0x80006cb4 (0x00a63bb3) x23 0x00000001
core   0: 0x80006cb8 (0x001c5a13) srli    s4, s8, 1
core   0: 3 0x80006cb8 (0x001c5a13) x20 0x00000000
core   0: 0x80006cbc (0x339b6513) ori     a0, s6, 825
core   0: 3 0x80006cbc (0x339b6513) x10 0x80011bb9
core   0: 0x80006cc0 (0x00aed993) srli    s3, t4, 10
core   0: 3 0x80006cc0 (0x00aed993) x19 0x00000000
core   0: 0x80006cc4 (0x8acd4093) xori    ra, s10, -1876
core   0: 3 0x80006cc4 (0x8acd4093) x 1 0xfffff8ac
core   0: 0x80006cc8 (0xcae78e93) addi    t4, a5, -850
core   0: 3 0x80006cc8 (0xcae78e93) x29 0xfffffcaf
core   0: 0x80006ccc (0xb43de013) ori     zero, s11, -1213
core   0: 3 0x80006ccc (0xb43de013)
core   0: 0x80006cd0 (0xd5c06193) ori     gp, zero, -676
core   0: 3 0x80006cd0 (0xd5c06193) x 3 0xfffffd5c
core   0: 0x80006cd4 (0x1e81f693) andi    a3, gp, 488
core   0: 3 0x80006cd4 (0x1e81f693) x13 0x00000148
core   0: 0x80006cd8 (0x00e40db3) add     s11, s0, a4
core   0: 3 0x80006cd8 (0x00e40db3) x27 0xfffffa40
core   0: 0x80006cdc (0x414bdb33) sra     s6, s7, s4
core   0: 3 0x80006cdc (0x414bdb33) x22 0x00000001
core   0: 0x80006ce0 (0x00c3a433) slt     s0, t2, a2
core   0: 3 0x80006ce0 (0x00c3a433) x 8 0x00000001
core   0: 0x80006ce4 (0x00a61933) sll     s2, a2, a0
core   0: 3 0x80006ce4 (0x00a61933) x18 0x00000000
core   0: 0x80006ce8 (0x00a521b3) slt     gp, a0, a0
core   0: 3 0x80006ce8 (0x00a521b3) x 3 0x00000000
core   0: 0x80006cec (0x40a0d033) sra     zero, ra, a0
core   0: 3 0x80006cec (0x40a0d033)
core   0: 0x80006cf0 (0x121e8713) addi    a4, t4, 289
core   0: 3 0x80006cf0 (0x121e8713) x14 0xfffffdd0
core   0: 0x80006cf4 (0x01e63c13) sltiu   s8, a2, 30
core   0: 3 0x80006cf4 (0x01e63c13) x24 0x00000001
core   0: 0x80006cf8 (0xcdc15597) auipc   a1, 0xcdc15
core   0: 3 0x80006cf8 (0xcdc15597) x11 0x4dc1bcf8
core   0: 0x80006cfc (0x414888b3) sub     a7, a7, s4
core   0: 3 0x80006cfc (0x414888b3) x17 0x3fffff68
core   0: 0x80006d00 (0x01fcce33) xor     t3, s9, t6
core   0: 3 0x80006d00 (0x01fcce33) x28 0xfffffda0
core   0: 0x80006d04 (0x2a448293) addi    t0, s1, 676
core   0: 3 0x80006d04 (0x2a448293) x 5 0x80015f88
core   0: 0x80006d08 (0xa51a3e93) sltiu   t4, s4, -1455
core   0: 3 0x80006d08 (0xa51a3e93) x29 0x00000001
core   0: 0x80006d0c (0x013ff433) and     s0, t6, s3
core   0: 3 0x80006d0c (0x013ff433) x 8 0x00000000
core   0: 0x80006d10 (0x1d86e193) ori     gp, a3, 472
core   0: 3 0x80006d10 (0x1d86e193) x 3 0x000001d8
core   0: 0x80006d14 (0x00332db3) slt     s11, t1, gp
core   0: 3 0x80006d14 (0x00332db3) x27 0x00000000
core   0: 0x80006d18 (0x00771fb3) sll     t6, a4, t2
core   0: 3 0x80006d18 (0x00771fb3) x31 0xffffdd00
core   0: 0x80006d1c (0x01706933) or      s2, zero, s7
core   0: 3 0x80006d1c (0x01706933) x18 0x00000001
core   0: 0x80006d20 (0x00cd18b3) sll     a7, s10, a2
core   0: 3 0x80006d20 (0x00cd18b3) x17 0x00000000
core   0: 0x80006d24 (0x00000013) nop
core   0: 3 0x80006d24 (0x00000013)
core   0: 0x80006d28 (0x0160de13) srli    t3, ra, 22
core   0: 3 0x80006d28 (0x0160de13) x28 0x000003ff
core   0: 0x80006d2c (0x403288b3) sub     a7, t0, gp
core   0: 3 0x80006d2c (0x403288b3) x17 0x80015db0
core   0: 0x80006d30 (0x00275e93) srli    t4, a4, 2
core   0: 3 0x80006d30 (0x00275e93) x29 0x3fffff74
core   0: 0x80006d34 (0x2bb62e17) auipc   t3, 0x2bb62
core   0: 3 0x80006d34 (0x2bb62e17) x28 0xabb68d34
core   0: 0x80006d38 (0x00be2db3) slt     s11, t3, a1
core   0: 3 0x80006d38 (0x00be2db3) x27 0x00000001
core   0: 0x80006d3c (0x01f5f033) and     zero, a1, t6
core   0: 3 0x80006d3c (0x01f5f033)
core   0: 0x80006d40 (0x019d9933) sll     s2, s11, s9
core   0: 3 0x80006d40 (0x019d9933) x18 0x00000001
core   0: 0x80006d44 (0x40bf5e93) srai    t4, t5, 11
core   0: 3 0x80006d44 (0x40bf5e93) x29 0x00000000
core   0: 0x80006d48 (0x0df88e93) addi    t4, a7, 223
core   0: 3 0x80006d48 (0x0df88e93) x29 0x80015e8f
core   0: 0x80006d4c (0x00fb6d33) or      s10, s6, a5
core   0: 3 0x80006d4c (0x00fb6d33) x26 0x00000001
core   0: 0x80006d50 (0x37878b93) addi    s7, a5, 888
core   0: 3 0x80006d50 (0x37878b93) x23 0x00000379
core   0: 0x80006d54 (0xa79365b7) lui     a1, 0xa7936
core   0: 3 0x80006d54 (0xa79365b7) x11 0xa7936000
core   0: 0x80006d58 (0x5497d837) lui     a6, 0x5497d
core   0: 3 0x80006d58 (0x5497d837) x16 0x5497d000
core   0: 0x80006d5c (0x0cf8ee13) ori     t3, a7, 207
core   0: 3 0x80006d5c (0x0cf8ee13) x28 0x80015dff
core   0: 0x80006d60 (0x3360c593) xori    a1, ra, 822
core   0: 3 0x80006d60 (0x3360c593) x11 0xfffffb9a
core   0: 0x80006d64 (0x8a566693) ori     a3, a2, -1883
core   0: 3 0x80006d64 (0x8a566693) x13 0xfffff8a5
core   0: 0x80006d68 (0x41c6df13) srai    t5, a3, 28
core   0: 3 0x80006d68 (0x41c6df13) x30 0xffffffff
core   0: 0x80006d6c (0x6a5fc693) xori    a3, t6, 1701
core   0: 3 0x80006d6c (0x6a5fc693) x13 0xffffdba5
core   0: 0x80006d70 (0x00d28b33) add     s6, t0, a3
core   0: 3 0x80006d70 (0x00d28b33) x22 0x80013b2d
core   0: 0x80006d74 (0xdfe6a893) slti    a7, a3, -514
core   0: 3 0x80006d74 (0xdfe6a893) x17 0x00000001
core   0: 0x80006d78 (0x01243f33) sltu    t5, s0, s2
core   0: 3 0x80006d78 (0x01243f33) x30 0x00000001
core   0: 0x80006d7c (0x01235f33) srl     t5, t1, s2
core   0: 3 0x80006d7c (0x01235f33) x30 0x00000800
core   0: 0x80006d80 (0x931b8093) addi    ra, s7, -1743
core   0: 3 0x80006d80 (0x931b8093) x 1 0xfffffcaa
core   0: 0x80006d84 (0x00a0a5b3) slt     a1, ra, a0
core   0: 3 0x80006d84 (0x00a0a5b3) x11 0x00000000
core   0: 0x80006d88 (0xc5d28993) addi    s3, t0, -931
core   0: 3 0x80006d88 (0xc5d28993) x19 0x80015be5
core   0: 0x80006d8c (0x019b1793) slli    a5, s6, 25
core   0: 3 0x80006d8c (0x019b1793) x15 0x5a000000
core   0: 0x80006d90 (0x0043e933) or      s2, t2, tp
core   0: 3 0x80006d90 (0x0043e933) x18 0xfec39f7d
core   0: 0x80006d94 (0x40e608b3) sub     a7, a2, a4
core   0: 3 0x80006d94 (0x40e608b3) x17 0x00000230
core   0: 0x80006d98 (0x3ab6d0b7) lui     ra, 0x3ab6d
core   0: 3 0x80006d98 (0x3ab6d0b7) x 1 0x3ab6d000
core   0: 0x80006d9c (0x27902d13) slti    s10, zero, 633
core   0: 3 0x80006d9c (0x27902d13) x26 0x00000001
core   0: 0x80006da0 (0x00fb87b3) add     a5, s7, a5
core   0: 3 0x80006da0 (0x00fb87b3) x15 0x5a000379
core   0: 0x80006da4 (0x2fd47c37) lui     s8, 0x2fd47
core   0: 3 0x80006da4 (0x2fd47c37) x24 0x2fd47000
core   0: 0x80006da8 (0xd7428d17) auipc   s10, 0xd7428
core   0: 3 0x80006da8 (0xd7428d17) x26 0x5742eda8
core   0: 0x80006dac (0xefda2c93) slti    s9, s4, -259
core   0: 3 0x80006dac (0xefda2c93) x25 0x00000000
core   0: 0x80006db0 (0xdaa9ac13) slti    s8, s3, -598
core   0: 3 0x80006db0 (0xdaa9ac13) x24 0x00000001
core   0: 0x80006db4 (0x018eec33) or      s8, t4, s8
core   0: 3 0x80006db4 (0x018eec33) x24 0x80015e8f
core   0: 0x80006db8 (0x25b3a013) slti    zero, t2, 603
core   0: 3 0x80006db8 (0x25b3a013)
core   0: 0x80006dbc (0xb8f9e937) lui     s2, 0xb8f9e
core   0: 3 0x80006dbc (0xb8f9e937) x18 0xb8f9e000
core   0: 0x80006dc0 (0x00065833) srl     a6, a2, zero
core   0: 3 0x80006dc0 (0x00065833) x16 0x00000000
core   0: 0x80006dc4 (0x68ede793) ori     a5, s11, 1678
core   0: 3 0x80006dc4 (0x68ede793) x15 0x0000068f
core   0: 0x80006dc8 (0x05e48d93) addi    s11, s1, 94
core   0: 3 0x80006dc8 (0x05e48d93) x27 0x80015d42
core   0: 0x80006dcc (0x0009cf33) xor     t5, s3, zero
core   0: 3 0x80006dcc (0x0009cf33) x30 0x80015be5
core   0: 0x80006dd0 (0x409b8fb3) sub     t6, s7, s1
core   0: 3 0x80006dd0 (0x409b8fb3) x31 0x7ffea695
core   0: 0x80006dd4 (0x012f0133) add     sp, t5, s2
core   0: 3 0x80006dd4 (0x012f0133) x 2 0x38fb3be5
core   0: 0x80006dd8 (0x38952313) slti    t1, a0, 905
core   0: 3 0x80006dd8 (0x38952313) x 6 0x00000001
core   0: 0x80006ddc (0x00000013) nop
core   0: 3 0x80006ddc (0x00000013)
core   0: 0x80006de0 (0x0170ecb3) or      s9, ra, s7
core   0: 3 0x80006de0 (0x0170ecb3) x25 0x3ab6d379
core   0: 0x80006de4 (0x41985c33) sra     s8, a6, s9
core   0: 3 0x80006de4 (0x41985c33) x24 0x00000000
core   0: 0x80006de8 (0x00000013) nop
core   0: 3 0x80006de8 (0x00000013)
core   0: 0x80006dec (0x00bf3b33) sltu    s6, t5, a1
core   0: 3 0x80006dec (0x00bf3b33) x22 0x00000000
core   0: 0x80006df0 (0xbe9d3f13) sltiu   t5, s10, -1047
core   0: 3 0x80006df0 (0xbe9d3f13) x30 0x00000001
core   0: 0x80006df4 (0x709c1d17) auipc   s10, 0x709c1
core   0: 3 0x80006df4 (0x709c1d17) x26 0xf09c7df4
core   0: 0x80006df8 (0x32fac813) xori    a6, s5, 815
core   0: 3 0x80006df8 (0x32fac813) x16 0x0000032f
core   0: 0x80006dfc (0x00a35cb3) srl     s9, t1, a0
core   0: 3 0x80006dfc (0x00a35cb3) x25 0x00000000
core   0: 0x80006e00 (0x40bad813) srai    a6, s5, 11
core   0: 3 0x80006e00 (0x40bad813) x16 0x00000000
core   0: 0x80006e04 (0xdfd0b913) sltiu   s2, ra, -515
core   0: 3 0x80006e04 (0xdfd0b913) x18 0x00000001
core   0: 0x80006e08 (0x01a39633) sll     a2, t2, s10
core   0: 3 0x80006e08 (0x01a39633) x12 0xe6400000
core   0: 0x80006e0c (0x40abd633) sra     a2, s7, a0
core   0: 3 0x80006e0c (0x40abd633) x12 0x00000000
core   0: 0x80006e10 (0x00371913) slli    s2, a4, 3
core   0: 3 0x80006e10 (0x00371913) x18 0xffffee80
core   0: 0x80006e14 (0x01e47333) and     t1, s0, t5
core   0: 3 0x80006e14 (0x01e47333) x 6 0x00000000
core   0: 0x80006e18 (0x00000013) nop
core   0: 3 0x80006e18 (0x00000013)
core   0: 0x80006e1c (0xaedc7e13) andi    t3, s8, -1299
core   0: 3 0x80006e1c (0xaedc7e13) x28 0x00000000
core   0: 0x80006e20 (0x00b75433) srl     s0, a4, a1
core   0: 3 0x80006e20 (0x00b75433) x 8 0xfffffdd0
core   0: 0x80006e24 (0xf9833593) sltiu   a1, t1, -104
core   0: 3 0x80006e24 (0xf9833593) x11 0x00000001
core   0: 0x80006e28 (0x00a98a33) add     s4, s3, a0
core   0: 3 0x80006e28 (0x00a98a33) x20 0x0002779e
core   0: 0x80006e2c (0x01747eb3) and     t4, s0, s7
core   0: 3 0x80006e2c (0x01747eb3) x29 0x00000150
core   0: 0x80006e30 (0x00150a33) add     s4, a0, ra
core   0: 3 0x80006e30 (0x00150a33) x20 0xbab7ebb9
core   0: 0x80006e34 (0xc739b093) sltiu   ra, s3, -909
core   0: 3 0x80006e34 (0xc739b093) x 1 0x00000001
core   0: 0x80006e38 (0x003435b3) sltu    a1, s0, gp
core   0: 3 0x80006e38 (0x003435b3) x11 0x00000000
core   0: 0x80006e3c (0x00695293) srli    t0, s2, 6
core   0: 3 0x80006e3c (0x00695293) x 5 0x03ffffba
core   0: 0x80006e40 (0x41d35c93) srai    s9, t1, 29
core   0: 3 0x80006e40 (0x41d35c93) x25 0x00000000
core   0: 0x80006e44 (0x5b9d8d37) lui     s10, 0x5b9d8
core   0: 3 0x80006e44 (0x5b9d8d37) x26 0x5b9d8000
core   0: 0x80006e48 (0x01b0b6b3) sltu    a3, ra, s11
core   0: 3 0x80006e48 (0x01b0b6b3) x13 0x00000001
core   0: 0x80006e4c (0x008ad513) srli    a0, s5, 8
core   0: 3 0x80006e4c (0x008ad513) x10 0x00000000
core   0: 0x80006e50 (0xc3504993) xori    s3, zero, -971
core   0: 3 0x80006e50 (0xc3504993) x19 0xfffffc35
core   0: 0x80006e54 (0x00000013) nop
core   0: 3 0x80006e54 (0x00000013)
core   0: 0x80006e58 (0x0127ab33) slt     s6, a5, s2
core   0: 3 0x80006e58 (0x0127ab33) x22 0x00000000
core   0: 0x80006e5c (0x1703ec93) ori     s9, t2, 368
core   0: 3 0x80006e5c (0x1703ec93) x25 0x80011f74
core   0: 0x80006e60 (0x179ab413) sltiu   s0, s5, 377
core   0: 3 0x80006e60 (0x179ab413) x 8 0x00000001
core   0: 0x80006e64 (0xf6bef693) andi    a3, t4, -149
core   0: 3 0x80006e64 (0xf6bef693) x13 0x00000140
core   0: 0x80006e68 (0x01d89813) slli    a6, a7, 29
core   0: 3 0x80006e68 (0x01d89813) x16 0x00000000
core   0: 0x80006e6c (0x017c4ab3) xor     s5, s8, s7
core   0: 3 0x80006e6c (0x017c4ab3) x21 0x00000379
core   0: 0x80006e70 (0x43ff3317) auipc   t1, 0x43ff3
core   0: 3 0x80006e70 (0x43ff3317) x 6 0xc3ff9e70
core   0: 0x80006e74 (0x009dc2b3) xor     t0, s11, s1
core   0: 3 0x80006e74 (0x009dc2b3) x 5 0x000001a6
core   0: 0x80006e78 (0x00f152b3) srl     t0, sp, a5
core   0: 3 0x80006e78 (0x00f152b3) x 5 0x000071f6
core   0: 0x80006e7c (0x0079fe33) and     t3, s3, t2
core   0: 3 0x80006e7c (0x0079fe33) x28 0x80011c24
core   0: 0x80006e80 (0x382ae613) ori     a2, s5, 898
core   0: 3 0x80006e80 (0x382ae613) x12 0x000003fb
core   0: 0x80006e84 (0x36245c97) auipc   s9, 0x36245
core   0: 3 0x80006e84 (0x36245c97) x25 0xb624be84
core   0: 0x80006e88 (0x00a0d093) srli    ra, ra, 10
core   0: 3 0x80006e88 (0x00a0d093) x 1 0x00000000
core   0: 0x80006e8c (0x01bbe033) or      zero, s7, s11
core   0: 3 0x80006e8c (0x01bbe033)
core   0: 0x80006e90 (0x822c4c93) xori    s9, s8, -2014
core   0: 3 0x80006e90 (0x822c4c93) x25 0xfffff822
core   0: 0x80006e94 (0x005250b3) srl     ra, tp, t0
core   0: 3 0x80006e94 (0x005250b3) x 1 0x000003fb
core   0: 0x80006e98 (0x54a53893) sltiu   a7, a0, 1354
core   0: 3 0x80006e98 (0x54a53893) x17 0x00000001
core   0: 0x80006e9c (0x00000013) nop
core   0: 3 0x80006e9c (0x00000013)
core   0: 0x80006ea0 (0x017515b3) sll     a1, a0, s7
core   0: 3 0x80006ea0 (0x017515b3) x11 0x00000000
core   0: 0x80006ea4 (0x73f52e93) slti    t4, a0, 1855
core   0: 3 0x80006ea4 (0x73f52e93) x29 0x00000001
core   0: 0x80006ea8 (0x21612a13) slti    s4, sp, 534
core   0: 3 0x80006ea8 (0x21612a13) x20 0x00000000
core   0: 0x80006eac (0x01708e33) add     t3, ra, s7
core   0: 3 0x80006eac (0x01708e33) x28 0x00000774
core   0: 0x80006eb0 (0xd41eecb7) lui     s9, 0xd41ee
core   0: 3 0x80006eb0 (0xd41eecb7) x25 0xd41ee000
core   0: 0x80006eb4 (0x00e358b3) srl     a7, t1, a4
core   0: 3 0x80006eb4 (0x00e358b3) x17 0x0000c3ff
core   0: 0x80006eb8 (0x00b0fd33) and     s10, ra, a1
core   0: 3 0x80006eb8 (0x00b0fd33) x26 0x00000000
core   0: 0x80006ebc (0x018e8633) add     a2, t4, s8
core   0: 3 0x80006ebc (0x018e8633) x12 0x00000001
core   0: 0x80006ec0 (0x01b95313) srli    t1, s2, 27
core   0: 3 0x80006ec0 (0x01b95313) x 6 0x0000001f
core   0: 0x80006ec4 (0x41060f33) sub     t5, a2, a6
core   0: 3 0x80006ec4 (0x41060f33) x30 0x00000001
core   0: 0x80006ec8 (0x0054a333) slt     t1, s1, t0
core   0: 3 0x80006ec8 (0x0054a333) x 6 0x00000001
core   0: 0x80006ecc (0x00501193) slli    gp, zero, 5
core   0: 3 0x80006ecc (0x00501193) x 3 0x00000000
core   0: 0x80006ed0 (0x67b1b793) sltiu   a5, gp, 1659
core   0: 3 0x80006ed0 (0x67b1b793) x15 0x00000001
core   0: 0x80006ed4 (0x40455d13) srai    s10, a0, 4
core   0: 3 0x80006ed4 (0x40455d13) x26 0x00000000
core   0: 0x80006ed8 (0x00f63633) sltu    a2, a2, a5
core   0: 3 0x80006ed8 (0x00f63633) x12 0x00000000
core   0: 0x80006edc (0x41ddd033) sra     zero, s11, t4
core   0: 3 0x80006edc (0x41ddd033)
core   0: 0x80006ee0 (0x2e041ab7) lui     s5, 0x2e041
core   0: 3 0x80006ee0 (0x2e041ab7) x21 0x2e041000
core   0: 0x80006ee4 (0xebb8b413) sltiu   s0, a7, -325
core   0: 3 0x80006ee4 (0xebb8b413) x 8 0x00000001
core   0: 0x80006ee8 (0xafa58717) auipc   a4, 0xafa58
core   0: 3 0x80006ee8 (0xafa58717) x14 0x2fa5eee8
core   0: 0x80006eec (0x40a45333) sra     t1, s0, a0
core   0: 3 0x80006eec (0x40a45333) x 6 0x00000001
core   0: 0x80006ef0 (0x00000013) nop
core   0: 3 0x80006ef0 (0x00000013)
core   0: 0x80006ef4 (0x012ca5b3) slt     a1, s9, s2
core   0: 3 0x80006ef4 (0x012ca5b3) x11 0x00000001
core   0: 0x80006ef8 (0x4105d093) srai    ra, a1, 16
core   0: 3 0x80006ef8 (0x4105d093) x 1 0x00000000
core   0: 0x80006efc (0x00ac6933) or      s2, s8, a0
core   0: 3 0x80006efc (0x00ac6933) x18 0x00000000
core   0: 0x80006f00 (0xe8303993) sltiu   s3, zero, -381
core   0: 3 0x80006f00 (0xe8303993) x19 0x00000001
core   0: 0x80006f04 (0x01a85c33) srl     s8, a6, s10
core   0: 3 0x80006f04 (0x01a85c33) x24 0x00000000
core   0: 0x80006f08 (0x01030733) add     a4, t1, a6
core   0: 3 0x80006f08 (0x01030733) x14 0x00000001
core   0: 0x80006f0c (0x41ddde93) srai    t4, s11, 29
core   0: 3 0x80006f0c (0x41ddde93) x29 0xfffffffc
core   0: 0x80006f10 (0x00d89eb3) sll     t4, a7, a3
core   0: 3 0x80006f10 (0x00d89eb3) x29 0x0000c3ff
core   0: 0x80006f14 (0x015f9e33) sll     t3, t6, s5
core   0: 3 0x80006f14 (0x015f9e33) x28 0x7ffea695
core   0: 0x80006f18 (0x01a362b3) or      t0, t1, s10
core   0: 3 0x80006f18 (0x01a362b3) x 5 0x00000001
core   0: 0x80006f1c (0x40a78fb3) sub     t6, a5, a0
core   0: 3 0x80006f1c (0x40a78fb3) x31 0x00000001
core   0: 0x80006f20 (0xef504b93) xori    s7, zero, -267
core   0: 3 0x80006f20 (0xef504b93) x23 0xfffffef5
core   0: 0x80006f24 (0x01b71933) sll     s2, a4, s11
core   0: 3 0x80006f24 (0x01b71933) x18 0x00000004
core   0: 0x80006f28 (0x0075d013) srli    zero, a1, 7
core   0: 3 0x80006f28 (0x0075d013)
core   0: 0x80006f2c (0xbcd73a93) sltiu   s5, a4, -1075
core   0: 3 0x80006f2c (0xbcd73a93) x21 0x00000001
core   0: 0x80006f30 (0x0155feb3) and     t4, a1, s5
core   0: 3 0x80006f30 (0x0155feb3) x29 0x00000001
core   0: 0x80006f34 (0x002a41b3) xor     gp, s4, sp
core   0: 3 0x80006f34 (0x002a41b3) x 3 0x38fb3be5
core   0: 0x80006f38 (0x00bc61b3) or      gp, s8, a1
core   0: 3 0x80006f38 (0x00bc61b3) x 3 0x00000001
core   0: 0x80006f3c (0x01ff2933) slt     s2, t5, t6
core   0: 3 0x80006f3c (0x01ff2933) x18 0x00000000
core   0: 0x80006f40 (0xb769a817) auipc   a6, 0xb769a
core   0: 3 0x80006f40 (0xb769a817) x16 0x376a0f40
core   0: 0x80006f44 (0x413fd133) sra     sp, t6, s3
core   0: 3 0x80006f44 (0x413fd133) x 2 0x00000000
core   0: 0x80006f48 (0x01008b33) add     s6, ra, a6
core   0: 3 0x80006f48 (0x01008b33) x22 0x376a0f40
core   0: 0x80006f4c (0x79400413) li      s0, 1940
core   0: 3 0x80006f4c (0x79400413) x 8 0x00000794
core   0: 0x80006f50 (0x405ada13) srai    s4, s5, 5
core   0: 3 0x80006f50 (0x405ada13) x20 0x00000000
core   0: 0x80006f54 (0x01cfd313) srli    t1, t6, 28
core   0: 3 0x80006f54 (0x01cfd313) x 6 0x00000000
core   0: 0x80006f58 (0x01925e93) srli    t4, tp, 25
core   0: 3 0x80006f58 (0x01925e93) x29 0x0000007f
core   0: 0x80006f5c (0x87c77e13) andi    t3, a4, -1924
core   0: 3 0x80006f5c (0x87c77e13) x28 0x00000000
core   0: 0x80006f60 (0x700e3c13) sltiu   s8, t3, 1792
core   0: 3 0x80006f60 (0x700e3c13) x24 0x00000001
core   0: 0x80006f64 (0xb48cac17) auipc   s8, 0xb48ca
core   0: 3 0x80006f64 (0xb48cac17) x24 0x348d0f64
core   0: 0x80006f68 (0x41c1dc13) srai    s8, gp, 28
core   0: 3 0x80006f68 (0x41c1dc13) x24 0x00000000
core   0: 0x80006f6c (0x01b3b9b3) sltu    s3, t2, s11
core   0: 3 0x80006f6c (0x01b3b9b3) x19 0x00000001
core   0: 0x80006f70 (0x00b51013) slli    zero, a0, 11
core   0: 3 0x80006f70 (0x00b51013)
core   0: 0x80006f74 (0xa6284113) xori    sp, a6, -1438
core   0: 3 0x80006f74 (0xa6284113) x 2 0xc895f522
core   0: 0x80006f78 (0x03f4c993) xori    s3, s1, 63
core   0: 3 0x80006f78 (0x03f4c993) x19 0x80015cdb
core   0: 0x80006f7c (0x01cdb0b3) sltu    ra, s11, t3
core   0: 3 0x80006f7c (0x01cdb0b3) x 1 0x00000000
core   0: 0x80006f80 (0x01929ab3) sll     s5, t0, s9
core   0: 3 0x80006f80 (0x01929ab3) x21 0x00000001
core   0: 0x80006f84 (0x9c7b0d97) auipc   s11, 0x9c7b0
core   0: 3 0x80006f84 (0x9c7b0d97) x27 0x1c7b6f84
core   0: 0x80006f88 (0x399a2f93) slti    t6, s4, 921
core   0: 3 0x80006f88 (0x399a2f93) x31 0x00000001
core   0: 0x80006f8c (0x01c5c533) xor     a0, a1, t3
core   0: 3 0x80006f8c (0x01c5c533) x10 0x00000001
core   0: 0x80006f90 (0x01e235b3) sltu    a1, tp, t5
core   0: 3 0x80006f90 (0x01e235b3) x11 0x00000000
core   0: 0x80006f94 (0x96428a37) lui     s4, 0x96428
core   0: 3 0x80006f94 (0x96428a37) x20 0x96428000
core   0: 0x80006f98 (0xedddba97) auipc   s5, 0xedddb
core   0: 3 0x80006f98 (0xedddba97) x21 0x6dde1f98
core   0: 0x80006f9c (0xdb5d0297) auipc   t0, 0xdb5d0
core   0: 3 0x80006f9c (0xdb5d0297) x 5 0x5b5d6f9c
core   0: 0x80006fa0 (0x9185e113) ori     sp, a1, -1768
core   0: 3 0x80006fa0 (0x9185e113) x 2 0xfffff918
core   0: 0x80006fa4 (0x004fdcb3) srl     s9, t6, tp
core   0: 3 0x80006fa4 (0x004fdcb3) x25 0x00000000
core   0: 0x80006fa8 (0x4baf0e93) addi    t4, t5, 1210
core   0: 3 0x80006fa8 (0x4baf0e93) x29 0x000004bb
core   0: 0x80006fac (0x413f0bb3) sub     s7, t5, s3
core   0: 3 0x80006fac (0x413f0bb3) x23 0x7ffea326
core   0: 0x80006fb0 (0x46dfc137) lui     sp, 0x46dfc
core   0: 3 0x80006fb0 (0x46dfc137) x 2 0x46dfc000
core   0: 0x80006fb4 (0x007a5b13) srli    s6, s4, 7
core   0: 3 0x80006fb4 (0x007a5b13) x22 0x012c8500
core   0: 0x80006fb8 (0xfb910813) addi    a6, sp, -71
core   0: 3 0x80006fb8 (0xfb910813) x16 0x46dfbfb9
core   0: 0x80006fbc (0xc24f8c13) addi    s8, t6, -988
core   0: 3 0x80006fbc (0xc24f8c13) x24 0xfffffc25
core   0: 0x80006fc0 (0x8485c793) xori    a5, a1, -1976
core   0: 3 0x80006fc0 (0x8485c793) x15 0xfffff848
core   0: 0x80006fc4 (0x6b9f7093) andi    ra, t5, 1721
core   0: 3 0x80006fc4 (0x6b9f7093) x 1 0x00000001
core   0: 0x80006fc8 (0x0087dd93) srli    s11, a5, 8
core   0: 3 0x80006fc8 (0x0087dd93) x27 0x00fffff8
core   0: 0x80006fcc (0xec9f0617) auipc   a2, 0xec9f0
core   0: 3 0x80006fcc (0xec9f0617) x12 0x6c9f6fcc
core   0: 0x80006fd0 (0x00000013) nop
core   0: 3 0x80006fd0 (0x00000013)
core   0: 0x80006fd4 (0x41575b33) sra     s6, a4, s5
core   0: 3 0x80006fd4 (0x41575b33) x22 0x00000000
core   0: 0x80006fd8 (0x01c2a733) slt     a4, t0, t3
core   0: 3 0x80006fd8 (0x01c2a733) x14 0x00000000
core   0: 0x80006fdc (0x016e71b3) and     gp, t3, s6
core   0: 3 0x80006fdc (0x016e71b3) x 3 0x00000000
core   0: 0x80006fe0 (0x80968993) addi    s3, a3, -2039
core   0: 3 0x80006fe0 (0x80968993) x19 0xfffff949
core   0: 0x80006fe4 (0x394a3513) sltiu   a0, s4, 916
core   0: 3 0x80006fe4 (0x394a3513) x10 0x00000000
core   0: 0x80006fe8 (0x00a87333) and     t1, a6, a0
core   0: 3 0x80006fe8 (0x00a87333) x 6 0x00000000
core   0: 0x80006fec (0x012606b3) add     a3, a2, s2
core   0: 3 0x80006fec (0x012606b3) x13 0x6c9f6fcc
core   0: 0x80006ff0 (0x40838e33) sub     t3, t2, s0
core   0: 3 0x80006ff0 (0x40838e33) x28 0x800116d0
core   0: 0x80006ff4 (0x01249313) slli    t1, s1, 18
core   0: 3 0x80006ff4 (0x01249313) x 6 0x73900000
core   0: 0x80006ff8 (0x00282633) slt     a2, a6, sp
core   0: 3 0x80006ff8 (0x00282633) x12 0x00000001
core   0: 0x80006ffc (0x01814cb3) xor     s9, sp, s8
core   0: 3 0x80006ffc (0x01814cb3) x25 0xb9203c25
core   0: 0x80007000 (0xd521b613) sltiu   a2, gp, -686
core   0: 3 0x80007000 (0xd521b613) x12 0x00000001
core   0: 0x80007004 (0x0acec313) xori    t1, t4, 172
core   0: 3 0x80007004 (0x0acec313) x 6 0x00000417
core   0: 0x80007008 (0x40e7df33) sra     t5, a5, a4
core   0: 3 0x80007008 (0x40e7df33) x30 0xfffff848
core   0: 0x8000700c (0xa22761b7) lui     gp, 0xa2276
core   0: 3 0x8000700c (0xa22761b7) x 3 0xa2276000
core   0: 0x80007010 (0x017dc7b3) xor     a5, s11, s7
core   0: 3 0x80007010 (0x017dc7b3) x15 0x7f015cde
core   0: 0x80007014 (0x695b0d17) auipc   s10, 0x695b0
core   0: 3 0x80007014 (0x695b0d17) x26 0xe95b7014
core   0: 0x80007018 (0x462b6797) auipc   a5, 0x462b6
core   0: 3 0x80007018 (0x462b6797) x15 0xc62bd018
core   0: 0x8000701c (0x009266b3) or      a3, tp, s1
core   0: 3 0x8000701c (0x009266b3) x13 0xfec3ddfd
core   0: 0x80007020 (0x01ea9e13) slli    t3, s5, 30
core   0: 3 0x80007020 (0x01ea9e13) x28 0x00000000
core   0: 0x80007024 (0x7498af13) slti    t5, a7, 1865
core   0: 3 0x80007024 (0x7498af13) x30 0x00000000
core   0: 0x80007028 (0x16f32d93) slti    s11, t1, 367
core   0: 3 0x80007028 (0x16f32d93) x27 0x00000000
core   0: 0x8000702c (0x10450293) addi    t0, a0, 260
core   0: 3 0x8000702c (0x10450293) x 5 0x00000104
core   0: 0x80007030 (0x00d451b3) srl     gp, s0, a3
core   0: 3 0x80007030 (0x00d451b3) x 3 0x00000000
core   0: 0x80007034 (0x000472b3) and     t0, s0, zero
core   0: 3 0x80007034 (0x000472b3) x 5 0x00000000
core   0: 0x80007038 (0x3f3f8193) addi    gp, t6, 1011
core   0: 3 0x80007038 (0x3f3f8193) x 3 0x000003f4
core   0: 0x8000703c (0x00563cb3) sltu    s9, a2, t0
core   0: 3 0x8000703c (0x00563cb3) x25 0x00000000
core   0: 0x80007040 (0x00000013) nop
core   0: 3 0x80007040 (0x00000013)
core   0: 0x80007044 (0x0116fab3) and     s5, a3, a7
core   0: 3 0x80007044 (0x0116fab3) x21 0x0000c1fd
core   0: 0x80007048 (0x00ce4933) xor     s2, t3, a2
core   0: 3 0x80007048 (0x00ce4933) x18 0x00000001
core   0: 0x8000704c (0xf9c22693) slti    a3, tp, -100
core   0: 3 0x8000704c (0xf9c22693) x13 0x00000001
core   0: 0x80007050 (0x00f6cdb3) xor     s11, a3, a5
core   0: 3 0x80007050 (0x00f6cdb3) x27 0xc62bd019
core   0: 0x80007054 (0x7b42b593) sltiu   a1, t0, 1972
core   0: 3 0x80007054 (0x7b42b593) x11 0x00000001
core   0: 0x80007058 (0x0026efb3) or      t6, a3, sp
core   0: 3 0x80007058 (0x0026efb3) x31 0x46dfc001
core   0: 0x8000705c (0x00000013) nop
core   0: 3 0x8000705c (0x00000013)
core   0: 0x80007060 (0x409c55b3) sra     a1, s8, s1
core   0: 3 0x80007060 (0x409c55b3) x11 0xffffffc2
core   0: 0x80007064 (0x1ad1af93) slti    t6, gp, 429
core   0: 3 0x80007064 (0x1ad1af93) x31 0x00000000
core   0: 0x80007068 (0x01b54533) xor     a0, a0, s11
core   0: 3 0x80007068 (0x01b54533) x10 0xc62bd019
core   0: 0x8000706c (0x406c5f13) srai    t5, s8, 6
core   0: 3 0x8000706c (0x406c5f13) x30 0xfffffff0
core   0: 0x80007070 (0x00000013) nop
core   0: 3 0x80007070 (0x00000013)
core   0: 0x80007074 (0x41e45633) sra     a2, s0, t5
core   0: 3 0x80007074 (0x41e45633) x12 0x00000000
core   0: 0x80007078 (0x01e4c533) xor     a0, s1, t5
core   0: 3 0x80007078 (0x01e4c533) x10 0x7ffea314
core   0: 0x8000707c (0x00000013) nop
core   0: 3 0x8000707c (0x00000013)
core   0: 0x80007080 (0xaf587293) andi    t0, a6, -1291
core   0: 3 0x80007080 (0xaf587293) x 5 0x46dfbab1
core   0: 0x80007084 (0x4428ce93) xori    t4, a7, 1090
core   0: 3 0x80007084 (0x4428ce93) x29 0x0000c7bd
core   0: 0x80007088 (0x00695813) srli    a6, s2, 6
core   0: 3 0x80007088 (0x00695813) x16 0x00000000
core   0: 0x8000708c (0x416adeb3) sra     t4, s5, s6
core   0: 3 0x8000708c (0x416adeb3) x29 0x0000c1fd
core   0: 0x80007090 (0x00000013) nop
core   0: 3 0x80007090 (0x00000013)
core   0: 0x80007094 (0x3a29eeb7) lui     t4, 0x3a29e
core   0: 3 0x80007094 (0x3a29eeb7) x29 0x3a29e000
core   0: 0x80007098 (0x40a2d993) srai    s3, t0, 10
core   0: 3 0x80007098 (0x40a2d993) x19 0x0011b7ee
core   0: 0x8000709c (0x00309db3) sll     s11, ra, gp
core   0: 3 0x8000709c (0x00309db3) x27 0x00100000
core   0: 0x800070a0 (0x018e89b3) add     s3, t4, s8
core   0: 3 0x800070a0 (0x018e89b3) x19 0x3a29dc25
core   0: 0x800070a4 (0x40665433) sra     s0, a2, t1
core   0: 3 0x800070a4 (0x40665433) x 8 0x00000000
core   0: 0x800070a8 (0x00000013) nop
core   0: 3 0x800070a8 (0x00000013)
core   0: 0x800070ac (0x0083bdb3) sltu    s11, t2, s0
core   0: 3 0x800070ac (0x0083bdb3) x27 0x00000000
core   0: 0x800070b0 (0x95d0ac13) slti    s8, ra, -1699
core   0: 3 0x800070b0 (0x95d0ac13) x24 0x00000000
core   0: 0x800070b4 (0x14c6b193) sltiu   gp, a3, 332
core   0: 3 0x800070b4 (0x14c6b193) x 3 0x00000001
core   0: 0x800070b8 (0xb83f7913) andi    s2, t5, -1149
core   0: 3 0x800070b8 (0xb83f7913) x18 0xfffffb80
core   0: 0x800070bc (0x0082d133) srl     sp, t0, s0
core   0: 3 0x800070bc (0x0082d133) x 2 0x46dfbab1
core   0: 0x800070c0 (0x41d75cb3) sra     s9, a4, t4
core   0: 3 0x800070c0 (0x41d75cb3) x25 0x00000000
core   0: 0x800070c4 (0x00000013) nop
core   0: 3 0x800070c4 (0x00000013)
core   0: 0x800070c8 (0x01be4d33) xor     s10, t3, s11
core   0: 3 0x800070c8 (0x01be4d33) x26 0x00000000
core   0: 0x800070cc (0x00455133) srl     sp, a0, tp
core   0: 3 0x800070cc (0x00455133) x 2 0x00000003
core   0: 0x800070d0 (0xe9953593) sltiu   a1, a0, -359
core   0: 3 0x800070d0 (0xe9953593) x11 0x00000001
core   0: 0x800070d4 (0x017a1733) sll     a4, s4, s7
core   0: 3 0x800070d4 (0x017a1733) x14 0x90a00000
core   0: 0x800070d8 (0x00000013) nop
core   0: 3 0x800070d8 (0x00000013)
core   0: 0x800070dc (0x003206b3) add     a3, tp, gp
core   0: 3 0x800070dc (0x003206b3) x13 0xfec3917e
core   0: 0x800070e0 (0x01ef6a13) ori     s4, t5, 30
core   0: 3 0x800070e0 (0x01ef6a13) x20 0xfffffffe
core   0: 0x800070e4 (0x57fdbb93) sltiu   s7, s11, 1407
core   0: 3 0x800070e4 (0x57fdbb93) x23 0x00000001
core   0: 0x800070e8 (0x0064b6b3) sltu    a3, s1, t1
core   0: 3 0x800070e8 (0x0064b6b3) x13 0x00000000
core   0: 0x800070ec (0x9351e593) ori     a1, gp, -1739
core   0: 3 0x800070ec (0x9351e593) x11 0xfffff935
core   0: 0x800070f0 (0x004448b3) xor     a7, s0, tp
core   0: 3 0x800070f0 (0x004448b3) x17 0xfec3917d
core   0: 0x800070f4 (0xa1c52313) slti    t1, a0, -1508
core   0: 3 0x800070f4 (0xa1c52313) x 6 0x00000000
core   0: 0x800070f8 (0x40dc0e33) sub     t3, s8, a3
core   0: 3 0x800070f8 (0x40dc0e33) x28 0x00000000
core   0: 0x800070fc (0x75bb5537) lui     a0, 0x75bb5
core   0: 3 0x800070fc (0x75bb5537) x10 0x75bb5000
core   0: 0x80007100 (0x00000013) nop
core   0: 3 0x80007100 (0x00000013)
core   0: 0x80007104 (0x01b8a9b3) slt     s3, a7, s11
core   0: 3 0x80007104 (0x01b8a9b3) x19 0x00000001
core   0: 0x80007108 (0x0111bb33) sltu    s6, gp, a7
core   0: 3 0x80007108 (0x0111bb33) x22 0x00000001
core   0: 0x8000710c (0x40c50d33) sub     s10, a0, a2
core   0: 3 0x8000710c (0x40c50d33) x26 0x75bb5000
core   0: 0x80007110 (0x001dd593) srli    a1, s11, 1
core   0: 3 0x80007110 (0x001dd593) x11 0x00000000
core   0: 0x80007114 (0xecce9537) lui     a0, 0xecce9
core   0: 3 0x80007114 (0xecce9537) x10 0xecce9000
core   0: 0x80007118 (0x710c6013) ori     zero, s8, 1808
core   0: 3 0x80007118 (0x710c6013)
core   0: 0x8000711c (0x00c5ff33) and     t5, a1, a2
core   0: 3 0x8000711c (0x00c5ff33) x30 0x00000000
core   0: 0x80007120 (0x0147da93) srli    s5, a5, 20
core   0: 3 0x80007120 (0x0147da93) x21 0x00000c62
core   0: 0x80007124 (0x00f81333) sll     t1, a6, a5
core   0: 3 0x80007124 (0x00f81333) x 6 0x00000000
core   0: 0x80007128 (0x4030d633) sra     a2, ra, gp
core   0: 3 0x80007128 (0x4030d633) x12 0x00000000
core   0: 0x8000712c (0x00000013) nop
core   0: 3 0x8000712c (0x00000013)
core   0: 0x80007130 (0xec3c4993) xori    s3, s8, -317
core   0: 3 0x80007130 (0xec3c4993) x19 0xfffffec3
core   0: 0x80007134 (0x016bd413) srli    s0, s7, 22
core   0: 3 0x80007134 (0x016bd413) x 8 0x00000000
core   0: 0x80007138 (0x00749b93) slli    s7, s1, 7
core   0: 3 0x80007138 (0x00749b93) x23 0x00ae7200
core   0: 0x8000713c (0x01a2f033) and     zero, t0, s10
core   0: 3 0x8000713c (0x01a2f033)
core   0: 0x80007140 (0x00f35193) srli    gp, t1, 15
core   0: 3 0x80007140 (0x00f35193) x 3 0x00000000
core   0: 0x80007144 (0xb0a97e13) andi    t3, s2, -1270
core   0: 3 0x80007144 (0xb0a97e13) x28 0xfffffb00
core   0: 0x80007148 (0x6e1eec93) ori     s9, t4, 1761
core   0: 3 0x80007148 (0x6e1eec93) x25 0x3a29e6e1
core   0: 0x8000714c (0x4c898593) addi    a1, s3, 1224
core   0: 3 0x8000714c (0x4c898593) x11 0x0000038b
core   0: 0x80007150 (0xdf017413) andi    s0, sp, -528
core   0: 3 0x80007150 (0xdf017413) x 8 0x00000000
core   0: 0x80007154 (0x2f47f613) andi    a2, a5, 756
core   0: 3 0x80007154 (0x2f47f613) x12 0x00000010
core   0: 0x80007158 (0x00ad4433) xor     s0, s10, a0
core   0: 3 0x80007158 (0x00ad4433) x 8 0x9975c000
core   0: 0x8000715c (0xf4632093) slti    ra, t1, -186
core   0: 3 0x8000715c (0xf4632093) x 1 0x00000000
core   0: 0x80007160 (0xb5468293) addi    t0, a3, -1196
core   0: 3 0x80007160 (0xb5468293) x 5 0xfffffb54
core   0: 0x80007164 (0x0081d2b3) srl     t0, gp, s0
core   0: 3 0x80007164 (0x0081d2b3) x 5 0x00000000
core   0: 0x80007168 (0xf7337c93) andi    s9, t1, -141
core   0: 3 0x80007168 (0xf7337c93) x25 0x00000000
core   0: 0x8000716c (0xee44c313) xori    t1, s1, -284
core   0: 3 0x8000716c (0xee44c313) x 6 0x7ffea200
core   0: 0x80007170 (0x6b3cfb93) andi    s7, s9, 1715
core   0: 3 0x80007170 (0x6b3cfb93) x23 0x00000000
core   0: 0x80007174 (0x0019d0b3) srl     ra, s3, ra
core   0: 3 0x80007174 (0x0019d0b3) x 1 0xfffffec3
core   0: 0x80007178 (0x01ee1693) slli    a3, t3, 30
core   0: 3 0x80007178 (0x01ee1693) x13 0x00000000
core   0: 0x8000717c (0x00119533) sll     a0, gp, ra
core   0: 3 0x8000717c (0x00119533) x10 0x00000000
core   0: 0x80007180 (0xf5e9c513) xori    a0, s3, -162
core   0: 3 0x80007180 (0xf5e9c513) x10 0x0000019d
core   0: 0x80007184 (0x41acd6b3) sra     a3, s9, s10
core   0: 3 0x80007184 (0x41acd6b3) x13 0x00000000
core   0: 0x80007188 (0x015e9313) slli    t1, t4, 21
core   0: 3 0x80007188 (0x015e9313) x 6 0x00000000
core   0: 0x8000718c (0x5c928e13) addi    t3, t0, 1481
core   0: 3 0x8000718c (0x5c928e13) x28 0x000005c9
core   0: 0x80007190 (0x008807b3) add     a5, a6, s0
core   0: 3 0x80007190 (0x008807b3) x15 0x9975c000
core   0: 0x80007194 (0xeb21ea13) ori     s4, gp, -334
core   0: 3 0x80007194 (0xeb21ea13) x20 0xfffffeb2
core   0: 0x80007198 (0xf1d38193) addi    gp, t2, -227
core   0: 3 0x80007198 (0xf1d38193) x 3 0x80011d81
core   0: 0x8000719c (0x0108eb33) or      s6, a7, a6
core   0: 3 0x8000719c (0x0108eb33) x22 0xfec3917d
core   0: 0x800071a0 (0x008f1813) slli    a6, t5, 8
core   0: 3 0x800071a0 (0x008f1813) x16 0x00000000
core   0: 0x800071a4 (0x0122c033) xor     zero, t0, s2
core   0: 3 0x800071a4 (0x0122c033)
core   0: 0x800071a8 (0x0167ed33) or      s10, a5, s6
core   0: 3 0x800071a8 (0x0167ed33) x26 0xfff7d17d
core   0: 0x800071ac (0x41588633) sub     a2, a7, s5
core   0: 3 0x800071ac (0x41588633) x12 0xfec3851b
core   0: 0x800071b0 (0x0171ce33) xor     t3, gp, s7
core   0: 3 0x800071b0 (0x0171ce33) x28 0x80011d81
core   0: 0x800071b4 (0x0105eb33) or      s6, a1, a6
core   0: 3 0x800071b4 (0x0105eb33) x22 0x0000038b
core   0: 0x800071b8 (0xd714c313) xori    t1, s1, -655
core   0: 3 0x800071b8 (0xd714c313) x 6 0x7ffea195
core   0: 0x800071bc (0x01c1ea33) or      s4, gp, t3
core   0: 3 0x800071bc (0x01c1ea33) x20 0x80011d81
core   0: 0x800071c0 (0x00000013) nop
core   0: 3 0x800071c0 (0x00000013)
core   0: 0x800071c4 (0x01f03eb3) snez    t4, t6
core   0: 3 0x800071c4 (0x01f03eb3) x29 0x00000000
core   0: 0x800071c8 (0x40430133) sub     sp, t1, tp
core   0: 3 0x800071c8 (0x40430133) x 2 0x813b1018
core   0: 0x800071cc (0x00db7633) and     a2, s6, a3
core   0: 3 0x800071cc (0x00db7633) x12 0x00000000
core   0: 0x800071d0 (0x01449633) sll     a2, s1, s4
core   0: 3 0x800071d0 (0x01449633) x12 0x0002b9c8
core   0: 0x800071d4 (0x95323193) sltiu   gp, tp, -1709
core   0: 3 0x800071d4 (0x95323193) x 3 0x00000001
core   0: 0x800071d8 (0x015c8733) add     a4, s9, s5
core   0: 3 0x800071d8 (0x015c8733) x14 0x00000c62
core   0: 0x800071dc (0x00393033) sltu    zero, s2, gp
core   0: 3 0x800071dc (0x00393033)
core   0: 0x800071e0 (0x41585633) sra     a2, a6, s5
core   0: 3 0x800071e0 (0x41585633) x12 0x00000000
core   0: 0x800071e4 (0x40555733) sra     a4, a0, t0
core   0: 3 0x800071e4 (0x40555733) x14 0x0000019d
core   0: 0x800071e8 (0xb5c57793) andi    a5, a0, -1188
core   0: 3 0x800071e8 (0xb5c57793) x15 0x0000011c
core   0: 0x800071ec (0x40ecee13) ori     t3, s9, 1038
core   0: 3 0x800071ec (0x40ecee13) x28 0x0000040e
core   0: 0x800071f0 (0x61652993) slti    s3, a0, 1558
core   0: 3 0x800071f0 (0x61652993) x19 0x00000001
core   0: 0x800071f4 (0x4155d2b3) sra     t0, a1, s5
core   0: 3 0x800071f4 (0x4155d2b3) x 5 0x000000e2
core   0: 0x800071f8 (0x010e96b3) sll     a3, t4, a6
core   0: 3 0x800071f8 (0x010e96b3) x13 0x00000000
core   0: 0x800071fc (0x00000013) nop
core   0: 3 0x800071fc (0x00000013)
core   0: 0x80007200 (0x01509733) sll     a4, ra, s5
core   0: 3 0x80007200 (0x01509733) x14 0xfffffb0c
core   0: 0x80007204 (0x01442833) slt     a6, s0, s4
core   0: 3 0x80007204 (0x01442833) x16 0x00000000
core   0: 0x80007208 (0xc428e413) ori     s0, a7, -958
core   0: 3 0x80007208 (0xc428e413) x 8 0xfffffd7f
core   0: 0x8000720c (0x00f2d993) srli    s3, t0, 15
core   0: 3 0x8000720c (0x00f2d993) x19 0x00000000
core   0: 0x80007210 (0x3b3cc017) auipc   zero, 0x3b3cc
core   0: 3 0x80007210 (0x3b3cc017)
core   0: 0x80007214 (0x010ae333) or      t1, s5, a6
core   0: 3 0x80007214 (0x010ae333) x 6 0x00000c62
core   0: 0x80007218 (0x5b554413) xori    s0, a0, 1461
core   0: 3 0x80007218 (0x5b554413) x 8 0x00000428
core   0: 0x8000721c (0x09cbaa93) slti    s5, s7, 156
core   0: 3 0x8000721c (0x09cbaa93) x21 0x00000001
core   0: 0x80007220 (0x00c73f33) sltu    t5, a4, a2
core   0: 3 0x80007220 (0x00c73f33) x30 0x00000000
core   0: 0x80007224 (0x375eadb7) lui     s11, 0x375ea
core   0: 3 0x80007224 (0x375eadb7) x27 0x375ea000
core   0: 0x80007228 (0x00000013) nop
core   0: 3 0x80007228 (0x00000013)
core   0: 0x8000722c (0x73a12d37) lui     s10, 0x73a12
core   0: 3 0x8000722c (0x73a12d37) x26 0x73a12000
core   0: 0x80007230 (0x40d38033) sub     zero, t2, a3
core   0: 3 0x80007230 (0x40d38033)
core   0: 0x80007234 (0x01735713) srli    a4, t1, 23
core   0: 3 0x80007234 (0x01735713) x14 0x00000000
core   0: 0x80007238 (0x898e8813) addi    a6, t4, -1896
core   0: 3 0x80007238 (0x898e8813) x16 0xfffff898
core   0: 0x8000723c (0x41be82b3) sub     t0, t4, s11
core   0: 3 0x8000723c (0x41be82b3) x 5 0xc8a16000
core   0: 0x80007240 (0x93435a37) lui     s4, 0x93435
core   0: 3 0x80007240 (0x93435a37) x20 0x93435000
core   0: 0x80007244 (0x01231db3) sll     s11, t1, s2
core   0: 3 0x80007244 (0x01231db3) x27 0x00000c62
core   0: 0x80007248 (0x7bbfe613) ori     a2, t6, 1979
core   0: 3 0x80007248 (0x7bbfe613) x12 0x000007bb
core   0: 0x8000724c (0x4e254893) xori    a7, a0, 1250
core   0: 3 0x8000724c (0x4e254893) x17 0x0000057f
core   0: 0x80007250 (0x003c1513) slli    a0, s8, 3
core   0: 3 0x80007250 (0x003c1513) x10 0x00000000
core   0: 0x80007254 (0x0157fcb3) and     s9, a5, s5
core   0: 3 0x80007254 (0x0157fcb3) x25 0x00000000
core   0: 0x80007258 (0x00318f33) add     t5, gp, gp
core   0: 3 0x80007258 (0x00318f33) x30 0x00000002
core   0: 0x8000725c (0x7bc1a793) slti    a5, gp, 1980
core   0: 3 0x8000725c (0x7bc1a793) x15 0x00000001
core   0: 0x80007260 (0x00000013) nop
core   0: 3 0x80007260 (0x00000013)
core   0: 0x80007264 (0x00a35513) srli    a0, t1, 10
core   0: 3 0x80007264 (0x00a35513) x10 0x00000003
core   0: 0x80007268 (0x0169e7b3) or      a5, s3, s6
core   0: 3 0x80007268 (0x0169e7b3) x15 0x0000038b
core   0: 0x8000726c (0x00000013) nop
core   0: 3 0x8000726c (0x00000013)
core   0: 0x80007270 (0x00f22933) slt     s2, tp, a5
core   0: 3 0x80007270 (0x00f22933) x18 0x00000001
core   0: 0x80007274 (0x0124c2b3) xor     t0, s1, s2
core   0: 3 0x80007274 (0x0124c2b3) x 5 0x80015ce5
core   0: 0x80007278 (0x5b752d93) slti    s11, a0, 1463
core   0: 3 0x80007278 (0x5b752d93) x27 0x00000001
core   0: 0x8000727c (0x00c5d9b3) srl     s3, a1, a2
core   0: 3 0x8000727c (0x00c5d9b3) x19 0x00000000
core   0: 0x80007280 (0x0017bcb3) sltu    s9, a5, ra
core   0: 3 0x80007280 (0x0017bcb3) x25 0x00000001
core   0: 0x80007284 (0x402285b3) sub     a1, t0, sp
core   0: 3 0x80007284 (0x402285b3) x11 0xfec64ccd
core   0: 0x80007288 (0x02b54913) xori    s2, a0, 43
core   0: 3 0x80007288 (0x02b54913) x18 0x00000028
core   0: 0x8000728c (0x01441613) slli    a2, s0, 20
core   0: 3 0x8000728c (0x01441613) x12 0x42800000
core   0: 0x80007290 (0x01e8f8b3) and     a7, a7, t5
core   0: 3 0x80007290 (0x01e8f8b3) x17 0x00000002
core   0: 0x80007294 (0x0e44db17) auipc   s6, 0xe44d
core   0: 3 0x80007294 (0x0e44db17) x22 0x8e454294
core   0: 0x80007298 (0x01d59513) slli    a0, a1, 29
core   0: 3 0x80007298 (0x01d59513) x10 0xa0000000
core   0: 0x8000729c (0x10026513) ori     a0, tp, 256
core   0: 3 0x8000729c (0x10026513) x10 0xfec3917d
core   0: 0x800072a0 (0x415e0a33) sub     s4, t3, s5
core   0: 3 0x800072a0 (0x415e0a33) x20 0x0000040d
core   0: 0x800072a4 (0x014da333) slt     t1, s11, s4
core   0: 3 0x800072a4 (0x014da333) x 6 0x00000001
core   0: 0x800072a8 (0x41f8d813) srai    a6, a7, 31
core   0: 3 0x800072a8 (0x41f8d813) x16 0x00000000
core   0: 0x800072ac (0x40428e33) sub     t3, t0, tp
core   0: 3 0x800072ac (0x40428e33) x28 0x813dcb68
core   0: 0x800072b0 (0xf40f7d37) lui     s10, 0xf40f7
core   0: 3 0x800072b0 (0xf40f7d37) x26 0xf40f7000
core   0: 0x800072b4 (0x0133c6b3) xor     a3, t2, s3
core   0: 3 0x800072b4 (0x0133c6b3) x13 0x80011e64
core   0: 0x800072b8 (0x01c042b3) xor     t0, zero, t3
core   0: 3 0x800072b8 (0x01c042b3) x 5 0x813dcb68
core   0: 0x800072bc (0x34a44f13) xori    t5, s0, 842
core   0: 3 0x800072bc (0x34a44f13) x30 0x00000762
core   0: 0x800072c0 (0x01e587b3) add     a5, a1, t5
core   0: 3 0x800072c0 (0x01e587b3) x15 0xfec6542f
core   0: 0x800072c4 (0x019272b3) and     t0, tp, s9
core   0: 3 0x800072c4 (0x019272b3) x 5 0x00000001
core   0: 0x800072c8 (0x0172ec33) or      s8, t0, s7
core   0: 3 0x800072c8 (0x0172ec33) x24 0x00000001
core   0: 0x800072cc (0x011b1ab3) sll     s5, s6, a7
core   0: 3 0x800072cc (0x011b1ab3) x21 0x39150a50
core   0: 0x800072d0 (0x8ea03717) auipc   a4, 0x8ea03
core   0: 3 0x800072d0 (0x8ea03717) x14 0x0ea0a2d0
core   0: 0x800072d4 (0x40dd5a33) sra     s4, s10, a3
core   0: 3 0x800072d4 (0x40dd5a33) x20 0xff40f700
core   0: 0x800072d8 (0x004e3db3) sltu    s11, t3, tp
core   0: 3 0x800072d8 (0x004e3db3) x27 0x00000001
core   0: 0x800072dc (0x010c5c33) srl     s8, s8, a6
core   0: 3 0x800072dc (0x010c5c33) x24 0x00000001
core   0: 0x800072e0 (0xfac80813) addi    a6, a6, -84
core   0: 3 0x800072e0 (0xfac80813) x16 0xffffffac
core   0: 0x800072e4 (0x00c75793) srli    a5, a4, 12
core   0: 3 0x800072e4 (0x00c75793) x15 0x0000ea0a
core   0: 0x800072e8 (0x417f08b3) sub     a7, t5, s7
core   0: 3 0x800072e8 (0x417f08b3) x17 0x00000762
core   0: 0x800072ec (0x00cb5f93) srli    t6, s6, 12
core   0: 3 0x800072ec (0x00cb5f93) x31 0x0008e454
core   0: 0x800072f0 (0x33af0a93) addi    s5, t5, 826
core   0: 3 0x800072f0 (0x33af0a93) x21 0x00000a9c
core   0: 0x800072f4 (0x9d05b613) sltiu   a2, a1, -1584
core   0: 3 0x800072f4 (0x9d05b613) x12 0x00000001
core   0: 0x800072f8 (0x001a1c93) slli    s9, s4, 1
core   0: 3 0x800072f8 (0x001a1c93) x25 0xfe81ee00
core   0: 0x800072fc (0x007fd1b3) srl     gp, t6, t2
core   0: 3 0x800072fc (0x007fd1b3) x 3 0x00008e45
core   0: 0x80007300 (0xbb1e2c13) slti    s8, t3, -1103
core   0: 3 0x80007300 (0xbb1e2c13) x24 0x00000001
core   0: 0x80007304 (0x41495913) srai    s2, s2, 20
core   0: 3 0x80007304 (0x41495913) x18 0x00000000
core   0: 0x80007308 (0x01a232b3) sltu    t0, tp, s10
core   0: 3 0x80007308 (0x01a232b3) x 5 0x00000000
core   0: 0x8000730c (0x8e7eacb7) lui     s9, 0x8e7ea
core   0: 3 0x8000730c (0x8e7eacb7) x25 0x8e7ea000
core   0: 0x80007310 (0x00f68d33) add     s10, a3, a5
core   0: 3 0x80007310 (0x00f68d33) x26 0x8002086e
core   0: 0x80007314 (0x0004d333) srl     t1, s1, zero
core   0: 3 0x80007314 (0x0004d333) x 6 0x80015ce4
core   0: 0x80007318 (0x003e5e93) srli    t4, t3, 3
core   0: 3 0x80007318 (0x003e5e93) x29 0x1027b96d
core   0: 0x8000731c (0x77a56993) ori     s3, a0, 1914
core   0: 3 0x8000731c (0x77a56993) x19 0xfec3977f
core   0: 0x80007320 (0x01f8e1b3) or      gp, a7, t6
core   0: 3 0x80007320 (0x01f8e1b3) x 3 0x0008e776
core   0: 0x80007324 (0x00d4a933) slt     s2, s1, a3
core   0: 3 0x80007324 (0x00d4a933) x18 0x00000000
core   0: 0x80007328 (0x00c6f333) and     t1, a3, a2
core   0: 3 0x80007328 (0x00c6f333) x 6 0x00000000
core   0: 0x8000732c (0xdd5ec713) xori    a4, t4, -555
core   0: 3 0x8000732c (0xdd5ec713) x14 0xefd844b8
core   0: 0x80007330 (0xbbb8b017) auipc   zero, 0xbbb8b
core   0: 3 0x80007330 (0xbbb8b017)
core   0: 0x80007334 (0x006b9c33) sll     s8, s7, t1
core   0: 3 0x80007334 (0x006b9c33) x24 0x00000000
core   0: 0x80007338 (0x01c2a633) slt     a2, t0, t3
core   0: 3 0x80007338 (0x01c2a633) x12 0x00000000
core   0: 0x8000733c (0x01f19693) slli    a3, gp, 31
core   0: 3 0x8000733c (0x01f19693) x13 0x00000000
core   0: 0x80007340 (0x00c79533) sll     a0, a5, a2
core   0: 3 0x80007340 (0x00c79533) x10 0x0000ea0a
core   0: 0x80007344 (0x01948333) add     t1, s1, s9
core   0: 3 0x80007344 (0x01948333) x 6 0x0e7ffce4
core   0: 0x80007348 (0x01752c33) slt     s8, a0, s7
core   0: 3 0x80007348 (0x01752c33) x24 0x00000000
core   0: 0x8000734c (0x01ab6833) or      a6, s6, s10
core   0: 3 0x8000734c (0x01ab6833) x16 0x8e474afe
core   0: 0x80007350 (0x26957d13) andi    s10, a0, 617
core   0: 3 0x80007350 (0x26957d13) x26 0x00000208
core   0: 0x80007354 (0x00000013) nop
core   0: 3 0x80007354 (0x00000013)
core   0: 0x80007358 (0x401fd313) srai    t1, t6, 1
core   0: 3 0x80007358 (0x401fd313) x 6 0x0004722a
core   0: 0x8000735c (0x47cfe313) ori     t1, t6, 1148
core   0: 3 0x8000735c (0x47cfe313) x 6 0x0008e47c
core   0: 0x80007360 (0x5e67ed13) ori     s10, a5, 1510
core   0: 3 0x80007360 (0x5e67ed13) x26 0x0000efee
core   0: 0x80007364 (0x001f1993) slli    s3, t5, 1
core   0: 3 0x80007364 (0x001f1993) x19 0x00000ec4
core   0: 0x80007368 (0x011a0c33) add     s8, s4, a7
core   0: 3 0x80007368 (0x011a0c33) x24 0xff40fe62
core   0: 0x8000736c (0x0177db93) srli    s7, a5, 23
core   0: 3 0x8000736c (0x0177db93) x23 0x00000000
core   0: 0x80007370 (0x00c3c333) xor     t1, t2, a2
core   0: 3 0x80007370 (0x00c3c333) x 6 0x80011e64
core   0: 0x80007374 (0x01d5f433) and     s0, a1, t4
core   0: 3 0x80007374 (0x01d5f433) x 8 0x1006084d
core   0: 0x80007378 (0x0034b7b3) sltu    a5, s1, gp
core   0: 3 0x80007378 (0x0034b7b3) x15 0x00000000
core   0: 0x8000737c (0x5edcbc93) sltiu   s9, s9, 1517
core   0: 3 0x8000737c (0x5edcbc93) x25 0x00000000
core   0: 0x80007380 (0xfa752e93) slti    t4, a0, -89
core   0: 3 0x80007380 (0xfa752e93) x29 0x00000000
core   0: 0x80007384 (0x006adc93) srli    s9, s5, 6
core   0: 3 0x80007384 (0x006adc93) x25 0x0000002a
core   0: 0x80007388 (0xe9968f13) addi    t5, a3, -359
core   0: 3 0x80007388 (0xe9968f13) x30 0xfffffe99
core   0: 0x8000738c (0x54fa6b13) ori     s6, s4, 1359
core   0: 3 0x8000738c (0x54fa6b13) x22 0xff40f74f
core   0: 0x80007390 (0xc7fe5cb7) lui     s9, 0xc7fe5
core   0: 3 0x80007390 (0xc7fe5cb7) x25 0xc7fe5000
core   0: 0x80007394 (0x2997aa17) auipc   s4, 0x2997a
core   0: 3 0x80007394 (0x2997aa17) x20 0xa9981394
core   0: 0x80007398 (0x00ae4733) xor     a4, t3, a0
core   0: 3 0x80007398 (0x00ae4733) x14 0x813d2162
core   0: 0x8000739c (0x00f39f93) slli    t6, t2, 15
core   0: 3 0x8000739c (0x00f39f93) x31 0x8f320000
core   0: 0x800073a0 (0x014c4833) xor     a6, s8, s4
core   0: 3 0x800073a0 (0x014c4833) x16 0x56d8edf6
core   0: 0x800073a4 (0x4174d093) srai    ra, s1, 23
core   0: 3 0x800073a4 (0x4174d093) x 1 0xffffff00
core   0: 0x800073a8 (0xb4397613) andi    a2, s2, -1213
core   0: 3 0x800073a8 (0xb4397613) x12 0x00000000
core   0: 0x800073ac (0x41155913) srai    s2, a0, 17
core   0: 3 0x800073ac (0x41155913) x18 0x00000000
core   0: 0x800073b0 (0x01a2acb3) slt     s9, t0, s10
core   0: 3 0x800073b0 (0x01a2acb3) x25 0x00000001
core   0: 0x800073b4 (0x01888a33) add     s4, a7, s8
core   0: 3 0x800073b4 (0x01888a33) x20 0xff4105c4
core   0: 0x800073b8 (0x00000013) nop
core   0: 3 0x800073b8 (0x00000013)
core   0: 0x800073bc (0x015d9193) slli    gp, s11, 21
core   0: 3 0x800073bc (0x015d9193) x 3 0x00200000
core   0: 0x800073c0 (0x1092b813) sltiu   a6, t0, 265
core   0: 3 0x800073c0 (0x1092b813) x16 0x00000001
core   0: 0x800073c4 (0x00000013) nop
core   0: 3 0x800073c4 (0x00000013)
core   0: 0x800073c8 (0x4c996f13) ori     t5, s2, 1225
core   0: 3 0x800073c8 (0x4c996f13) x30 0x000004c9
core   0: 0x800073cc (0x01cc1e13) slli    t3, s8, 28
core   0: 3 0x800073cc (0x01cc1e13) x28 0x20000000
core   0: 0x800073d0 (0x002adc13) srli    s8, s5, 2
core   0: 3 0x800073d0 (0x002adc13) x24 0x000002a7
core   0: 0x800073d4 (0x0159feb3) and     t4, s3, s5
core   0: 3 0x800073d4 (0x0159feb3) x29 0x00000a84
core   0: 0x800073d8 (0xede2a937) lui     s2, 0xede2a
core   0: 3 0x800073d8 (0xede2a937) x18 0xede2a000
core   0: 0x800073dc (0x404981b3) sub     gp, s3, tp
core   0: 3 0x800073dc (0x404981b3) x 3 0x013c7d47
core   0: 0x800073e0 (0x459fa813) slti    a6, t6, 1113
core   0: 3 0x800073e0 (0x459fa813) x16 0x00000001
core   0: 0x800073e4 (0x00131933) sll     s2, t1, ra
core   0: 3 0x800073e4 (0x00131933) x18 0x80011e64
core   0: 0x800073e8 (0x0119f8b3) and     a7, s3, a7
core   0: 3 0x800073e8 (0x0119f8b3) x17 0x00000640
core   0: 0x800073ec (0xc01a00b7) lui     ra, 0xc01a0
core   0: 3 0x800073ec (0xc01a00b7) x 1 0xc01a0000
core   0: 0x800073f0 (0xb6560293) addi    t0, a2, -1179
core   0: 3 0x800073f0 (0xb6560293) x 5 0xfffffb65
core   0: 0x800073f4 (0x00b319b3) sll     s3, t1, a1
core   0: 3 0x800073f4 (0x00b319b3) x19 0x23cc8000
core   0: 0x800073f8 (0x000a2b33) slt     s6, s4, zero
core   0: 3 0x800073f8 (0x000a2b33) x22 0x00000001
core   0: 0x800073fc (0xd172af93) slti    t6, t0, -745
core   0: 3 0x800073fc (0xd172af93) x31 0x00000001
core   0: 0x80007400 (0x84372197) auipc   gp, 0x84372
core   0: 3 0x80007400 (0x84372197) x 3 0x04379400
core   0: 0x80007404 (0x2e13cd13) xori    s10, t2, 737
core   0: 3 0x80007404 (0x2e13cd13) x26 0x80011c85
core   0: 0x80007408 (0x0b54f893) andi    a7, s1, 181
core   0: 3 0x80007408 (0x0b54f893) x17 0x000000a4
core   0: 0x8000740c (0x00005413) srli    s0, zero, 0
core   0: 3 0x8000740c (0x00005413) x 8 0x00000000
core   0: 0x80007410 (0x006ab8b3) sltu    a7, s5, t1
core   0: 3 0x80007410 (0x006ab8b3) x17 0x00000001
core   0: 0x80007414 (0x0015afb3) slt     t6, a1, ra
core   0: 3 0x80007414 (0x0015afb3) x31 0x00000000
core   0: 0x80007418 (0x4c00c013) xori    zero, ra, 1216
core   0: 3 0x80007418 (0x4c00c013)
core   0: 0x8000741c (0x089da113) slti    sp, s11, 137
core   0: 3 0x8000741c (0x089da113) x 2 0x00000001
core   0: 0x80007420 (0x01675093) srli    ra, a4, 22
core   0: 3 0x80007420 (0x01675093) x 1 0x00000204
core   0: 0x80007424 (0xdc346c93) ori     s9, s0, -573
core   0: 3 0x80007424 (0xdc346c93) x25 0xfffffdc3
core   0: 0x80007428 (0x01084633) xor     a2, a6, a6
core   0: 3 0x80007428 (0x01084633) x12 0x00000000
core   0: 0x8000742c (0x00427033) and     zero, tp, tp
core   0: 3 0x8000742c (0x00427033)
core   0: 0x80007430 (0x40125e33) sra     t3, tp, ra
core   0: 3 0x80007430 (0x40125e33) x28 0xffec3917
core   0: 0x80007434 (0xda268193) addi    gp, a3, -606
core   0: 3 0x80007434 (0xda268193) x 3 0xfffffda2
core   0: 0x80007438 (0x00743833) sltu    a6, s0, t2
core   0: 3 0x80007438 (0x00743833) x16 0x00000001
core   0: 0x8000743c (0x00d19e33) sll     t3, gp, a3
core   0: 3 0x8000743c (0x00d19e33) x28 0xfffffda2
core   0: 0x80007440 (0xad1e6e97) auipc   t4, 0xad1e6
core   0: 3 0x80007440 (0xad1e6e97) x29 0x2d1ed440
core   0: 0x80007444 (0x00b90f33) add     t5, s2, a1
core   0: 3 0x80007444 (0x00b90f33) x30 0x7ec76b31
core   0: 0x80007448 (0xd6976113) ori     sp, a4, -663
core   0: 3 0x80007448 (0xd6976113) x 2 0xfffffd6b
core   0: 0x8000744c (0x010e92b3) sll     t0, t4, a6
core   0: 3 0x8000744c (0x010e92b3) x 5 0x5a3da880
core   0: 0x80007450 (0x40a55913) srai    s2, a0, 10
core   0: 3 0x80007450 (0x40a55913) x18 0x0000003a
core   0: 0x80007454 (0x001a4333) xor     t1, s4, ra
core   0: 3 0x80007454 (0x001a4333) x 6 0xff4107c0
core   0: 0x80007458 (0x0024e8b3) or      a7, s1, sp
core   0: 3 0x80007458 (0x0024e8b3) x17 0xfffffdef
core   0: 0x8000745c (0x0169aa33) slt     s4, s3, s6
core   0: 3 0x8000745c (0x0169aa33) x20 0x00000000
core   0: 0x80007460 (0x0df42b97) auipc   s7, 0xdf42
core   0: 3 0x80007460 (0x0df42b97) x23 0x8df49460
core   0: 0x80007464 (0x00865fb3) srl     t6, a2, s0
core   0: 3 0x80007464 (0x00865fb3) x31 0x00000000
core   0: 0x80007468 (0x74973913) sltiu   s2, a4, 1865
core   0: 3 0x80007468 (0x74973913) x18 0x00000000
core   0: 0x8000746c (0x00cbff33) and     t5, s7, a2
core   0: 3 0x8000746c (0x00cbff33) x30 0x00000000
core   0: 0x80007470 (0x005f3533) sltu    a0, t5, t0
core   0: 3 0x80007470 (0x005f3533) x10 0x00000001
core   0: 0x80007474 (0x404b55b3) sra     a1, s6, tp
core   0: 3 0x80007474 (0x404b55b3) x11 0x00000000
core   0: 0x80007478 (0x002a5733) srl     a4, s4, sp
core   0: 3 0x80007478 (0x002a5733) x14 0x00000000
core   0: 0x8000747c (0x015e9b93) slli    s7, t4, 21
core   0: 3 0x8000747c (0x015e9b93) x23 0x88000000
core   0: 0x80007480 (0xb8312c93) slti    s9, sp, -1149
core   0: 3 0x80007480 (0xb8312c93) x25 0x00000000
core   0: 0x80007484 (0x0928f593) andi    a1, a7, 146
core   0: 3 0x80007484 (0x0928f593) x11 0x00000082
core   0: 0x80007488 (0x01a23633) sltu    a2, tp, s10
core   0: 3 0x80007488 (0x01a23633) x12 0x00000000
core   0: 0x8000748c (0x00000013) nop
core   0: 3 0x8000748c (0x00000013)
core   0: 0x80007490 (0x00000013) nop
core   0: 3 0x80007490 (0x00000013)
core   0: 0x80007494 (0xe001aa37) lui     s4, 0xe001a
core   0: 3 0x80007494 (0xe001aa37) x20 0xe001a000
core   0: 0x80007498 (0xe6853013) sltiu   zero, a0, -408
core   0: 3 0x80007498 (0xe6853013)
core   0: 0x8000749c (0x80000fb7) lui     t6, 0x80000
core   0: 3 0x8000749c (0x80000fb7) x31 0x80000000
core   0: 0x800074a0 (0x80000437) lui     s0, 0x80000
core   0: 3 0x800074a0 (0x80000437) x 8 0x80000000
core   0: 0x800074a4 (0xfff00593) li      a1, -1
core   0: 3 0x800074a4 (0xfff00593) x11 0xffffffff
core   0: 0x800074a8 (0xfff00893) li      a7, -1
core   0: 3 0x800074a8 (0xfff00893) x17 0xffffffff
core   0: 0x800074ac (0x80000cb7) lui     s9, 0x80000
core   0: 3 0x800074ac (0x80000cb7) x25 0x80000000
core   0: 0x800074b0 (0xfff00193) li      gp, -1
core   0: 3 0x800074b0 (0xfff00193) x 3 0xffffffff
core   0: 0x800074b4 (0x80000a37) lui     s4, 0x80000
core   0: 3 0x800074b4 (0x80000a37) x20 0x80000000
core   0: 0x800074b8 (0xd1d07eb7) lui     t4, 0xd1d07
core   0: 3 0x800074b8 (0xd1d07eb7) x29 0xd1d07000
core   0: 0x800074bc (0x34fe8e93) addi    t4, t4, 847
core   0: 3 0x800074bc (0x34fe8e93) x29 0xd1d0734f
core   0: 0x800074c0 (0x00000b13) li      s6, 0
core   0: 3 0x800074c0 (0x00000b13) x22 0x00000000
core   0: 0x800074c4 (0x00000993) li      s3, 0
core   0: 3 0x800074c4 (0x00000993) x19 0x00000000
core   0: 0x800074c8 (0x014a0eb3) add     t4, s4, s4
core   0: 3 0x800074c8 (0x014a0eb3) x29 0x00000000
core   0: 0x800074cc (0x52e2cc97) auipc   s9, 0x52e2c
core   0: 3 0x800074cc (0x52e2cc97) x25 0xd2e334cc
core   0: 0x800074d0 (0x66434897) auipc   a7, 0x66434
core   0: 3 0x800074d0 (0x66434897) x17 0xe643b4d0
core   0: 0x800074d4 (0x01640fb3) add     t6, s0, s6
core   0: 3 0x800074d4 (0x01640fb3) x31 0x80000000
core   0: 0x800074d8 (0x00000013) nop
core   0: 3 0x800074d8 (0x00000013)
core   0: 0x800074dc (0x411a0fb3) sub     t6, s4, a7
core   0: 3 0x800074dc (0x411a0fb3) x31 0x99bc4b30
core   0: 0x800074e0 (0x01358a33) add     s4, a1, s3
core   0: 3 0x800074e0 (0x01358a33) x20 0xffffffff
core   0: 0x800074e4 (0x41498fb3) sub     t6, s3, s4
core   0: 3 0x800074e4 (0x41498fb3) x31 0x00000001
core   0: 0x800074e8 (0xf4693897) auipc   a7, 0xf4693
core   0: 3 0x800074e8 (0xf4693897) x17 0x7469a4e8
core   0: 0x800074ec (0x00000013) nop
core   0: 3 0x800074ec (0x00000013)
core   0: 0x800074f0 (0x00000013) nop
core   0: 3 0x800074f0 (0x00000013)
core   0: 0x800074f4 (0x8ddc8193) addi    gp, s9, -1827
core   0: 3 0x800074f4 (0x8ddc8193) x 3 0xd2e32da9
core   0: 0x800074f8 (0x00000013) nop
core   0: 3 0x800074f8 (0x00000013)
core   0: 0x800074fc (0xcfd131b7) lui     gp, 0xcfd13
core   0: 3 0x800074fc (0xcfd131b7) x 3 0xcfd13000
core   0: 0x80007500 (0x008989b3) add     s3, s3, s0
core   0: 3 0x80007500 (0x008989b3) x19 0x80000000
core   0: 0x80007504 (0x41458fb3) sub     t6, a1, s4
core   0: 3 0x80007504 (0x41458fb3) x31 0x00000000
core   0: 0x80007508 (0xb161ab37) lui     s6, 0xb161a
core   0: 3 0x80007508 (0xb161ab37) x22 0xb161a000
core   0: 0x8000750c (0x6a49b613) sltiu   a2, s3, 1700
core   0: 3 0x8000750c (0x6a49b613) x12 0x00000000
core   0: 0x80007510 (0x1b30f7b7) lui     a5, 0x1b30f
core   0: 3 0x80007510 (0x1b30f7b7) x15 0x1b30f000
core   0: 0x80007514 (0x00ae1833) sll     a6, t3, a0
core   0: 3 0x80007514 (0x00ae1833) x16 0xfffffb44
core   0: 0x80007518 (0xc70c3813) sltiu   a6, s8, -912
core   0: 3 0x80007518 (0xc70c3813) x16 0x00000001
core   0: 0x8000751c (0x41d9da33) sra     s4, s3, t4
core   0: 3 0x8000751c (0x41d9da33) x20 0x80000000
core   0: 0x80007520 (0x00000013) nop
core   0: 3 0x80007520 (0x00000013)
core   0: 0x80007524 (0x012d87b3) add     a5, s11, s2
core   0: 3 0x80007524 (0x012d87b3) x15 0x00000001
core   0: 0x80007528 (0x0011da93) srli    s5, gp, 1
core   0: 3 0x80007528 (0x0011da93) x21 0x67e89800
core   0: 0x8000752c (0x0026da33) srl     s4, a3, sp
core   0: 3 0x8000752c (0x0026da33) x20 0x00000000
core   0: 0x80007530 (0x01bb0b33) add     s6, s6, s11
core   0: 3 0x80007530 (0x01bb0b33) x22 0xb161a001
core   0: 0x80007534 (0xfa7a0113) addi    sp, s4, -89
core   0: 3 0x80007534 (0xfa7a0113) x 2 0xffffffa7
core   0: 0x80007538 (0x010d1993) slli    s3, s10, 16
core   0: 3 0x80007538 (0x010d1993) x19 0x1c850000
core   0: 0x8000753c (0xd2cbbd13) sltiu   s10, s7, -724
core   0: 3 0x8000753c (0xd2cbbd13) x26 0x00000001
core   0: 0x80007540 (0xbed62d13) slti    s10, a2, -1043
core   0: 3 0x80007540 (0xbed62d13) x26 0x00000000
core   0: 0x80007544 (0xc4dfa313) slti    t1, t6, -947
core   0: 3 0x80007544 (0xc4dfa313) x 6 0x00000000
core   0: 0x80007548 (0x000dd633) srl     a2, s11, zero
core   0: 3 0x80007548 (0x000dd633) x12 0x00000001
core   0: 0x8000754c (0x0139adb3) slt     s11, s3, s3
core   0: 3 0x8000754c (0x0139adb3) x27 0x00000000
core   0: 0x80007550 (0x00815e33) srl     t3, sp, s0
core   0: 3 0x80007550 (0x00815e33) x28 0xffffffa7
core   0: 0x80007554 (0x009eddb3) srl     s11, t4, s1
core   0: 3 0x80007554 (0x009eddb3) x27 0x00000000
core   0: 0x80007558 (0x0138c633) xor     a2, a7, s3
core   0: 3 0x80007558 (0x0138c633) x12 0x68eca4e8
core   0: 0x8000755c (0x00ec8db3) add     s11, s9, a4
core   0: 3 0x8000755c (0x00ec8db3) x27 0xd2e334cc
core   0: 0x80007560 (0x1b6b3d93) sltiu   s11, s6, 438
core   0: 3 0x80007560 (0x1b6b3d93) x27 0x00000000
core   0: 0x80007564 (0x01595db3) srl     s11, s2, s5
core   0: 3 0x80007564 (0x01595db3) x27 0x00000000
core   0: 0x80007568 (0xca7c8513) addi    a0, s9, -857
core   0: 3 0x80007568 (0xca7c8513) x10 0xd2e33173
core   0: 0x8000756c (0xb5177f13) andi    t5, a4, -1199
core   0: 3 0x8000756c (0xb5177f13) x30 0x00000000
core   0: 0x80007570 (0x01f39d33) sll     s10, t2, t6
core   0: 3 0x80007570 (0x01f39d33) x26 0x80011e64
core   0: 0x80007574 (0xb8991f37) lui     t5, 0xb8991
core   0: 3 0x80007574 (0xb8991f37) x30 0xb8991000
core   0: 0x80007578 (0x019ea433) slt     s0, t4, s9
core   0: 3 0x80007578 (0x019ea433) x 8 0x00000000
core   0: 0x8000757c (0x414fd313) srai    t1, t6, 20
core   0: 3 0x8000757c (0x414fd313) x 6 0x00000000
core   0: 0x80007580 (0x00fe08b3) add     a7, t3, a5
core   0: 3 0x80007580 (0x00fe08b3) x17 0xffffffa8
core   0: 0x80007584 (0xb36a3793) sltiu   a5, s4, -1226
core   0: 3 0x80007584 (0xb36a3793) x15 0x00000001
core   0: 0x80007588 (0x00908333) add     t1, ra, s1
core   0: 3 0x80007588 (0x00908333) x 6 0x80015ee8
core   0: 0x8000758c (0x001df933) and     s2, s11, ra
core   0: 3 0x8000758c (0x001df933) x18 0x00000000
core   0: 0x80007590 (0x3891ce13) xori    t3, gp, 905
core   0: 3 0x80007590 (0x3891ce13) x28 0xcfd13389
core   0: 0x80007594 (0x01274733) xor     a4, a4, s2
core   0: 3 0x80007594 (0x01274733) x14 0x00000000
core   0: 0x80007598 (0x43ee3013) sltiu   zero, t3, 1086
core   0: 3 0x80007598 (0x43ee3013)
core   0: 0x8000759c (0x518715b7) lui     a1, 0x51871
core   0: 3 0x8000759c (0x518715b7) x11 0x51871000
core   0: 0x800075a0 (0x00f99893) slli    a7, s3, 15
core   0: 3 0x800075a0 (0x00f99893) x17 0x80000000
core   0: 0x800075a4 (0x99f9f113) andi    sp, s3, -1633
core   0: 3 0x800075a4 (0x99f9f113) x 2 0x1c850000
core   0: 0x800075a8 (0xa4b0c013) xori    zero, ra, -1461
core   0: 3 0x800075a8 (0xa4b0c013)
core   0: 0x800075ac (0x25ad37b7) lui     a5, 0x25ad3
core   0: 3 0x800075ac (0x25ad37b7) x15 0x25ad3000
core   0: 0x800075b0 (0xd8f43bb7) lui     s7, 0xd8f43
core   0: 3 0x800075b0 (0xd8f43bb7) x23 0xd8f43000
core   0: 0x800075b4 (0x01a44ab3) xor     s5, s0, s10
core   0: 3 0x800075b4 (0x01a44ab3) x21 0x80011e64
core   0: 0x800075b8 (0x7dbc2897) auipc   a7, 0x7dbc2
core   0: 3 0x800075b8 (0x7dbc2897) x17 0xfdbc95b8
core   0: 0x800075bc (0xe5bc4093) xori    ra, s8, -421
core   0: 3 0x800075bc (0xe5bc4093) x 1 0xfffffcfc
core   0: 0x800075c0 (0x00ae7333) and     t1, t3, a0
core   0: 3 0x800075c0 (0x00ae7333) x 6 0xc2c13101
core   0: 0x800075c4 (0x40df5093) srai    ra, t5, 13
core   0: 3 0x800075c4 (0x40df5093) x 1 0xfffdc4c8
core   0: 0x800075c8 (0x002ddb13) srli    s6, s11, 2
core   0: 3 0x800075c8 (0x002ddb13) x22 0x00000000
core   0: 0x800075cc (0x2008fd17) auipc   s10, 0x2008f
core   0: 3 0x800075cc (0x2008fd17) x26 0xa00965cc
core   0: 0x800075d0 (0x01a91eb3) sll     t4, s2, s10
core   0: 3 0x800075d0 (0x01a91eb3) x29 0x00000000
core   0: 0x800075d4 (0x92f77f93) andi    t6, a4, -1745
core   0: 3 0x800075d4 (0x92f77f93) x31 0x00000000
core   0: 0x800075d8 (0x015517b3) sll     a5, a0, s5
core   0: 3 0x800075d8 (0x015517b3) x15 0x2e331730
core   0: 0x800075dc (0x41ee50b3) sra     ra, t3, t5
core   0: 3 0x800075dc (0x41ee50b3) x 1 0xcfd13389
core   0: 0x800075e0 (0xbacde613) ori     a2, s11, -1108
core   0: 3 0x800075e0 (0xbacde613) x12 0xfffffbac
core   0: 0x800075e4 (0x8a126013) ori     zero, tp, -1887
core   0: 3 0x800075e4 (0x8a126013)
core   0: 0x800075e8 (0x0108b8b3) sltu    a7, a7, a6
core   0: 3 0x800075e8 (0x0108b8b3) x17 0x00000000
core   0: 0x800075ec (0x587a0037) lui     zero, 0x587a0
core   0: 3 0x800075ec (0x587a0037)
core   0: 0x800075f0 (0xdae29d37) lui     s10, 0xdae29
core   0: 3 0x800075f0 (0xdae29d37) x26 0xdae29000
core   0: 0x800075f4 (0x405900b3) sub     ra, s2, t0
core   0: 3 0x800075f4 (0x405900b3) x 1 0xa5c25780
core   0: 0x800075f8 (0x40e98ab3) sub     s5, s3, a4
core   0: 3 0x800075f8 (0x40e98ab3) x21 0x1c850000
core   0: 0x800075fc (0x0105fd33) and     s10, a1, a6
core   0: 3 0x800075fc (0x0105fd33) x26 0x00000000
core   0: 0x80007600 (0x00f1c333) xor     t1, gp, a5
core   0: 3 0x80007600 (0x00f1c333) x 6 0xe1e22730
core   0: 0x80007604 (0x411881b3) sub     gp, a7, a7
core   0: 3 0x80007604 (0x411881b3) x 3 0x00000000
core   0: 0x80007608 (0x00e0c333) xor     t1, ra, a4
core   0: 3 0x80007608 (0x00e0c333) x 6 0xa5c25780
core   0: 0x8000760c (0x00d23033) sltu    zero, tp, a3
core   0: 3 0x8000760c (0x00d23033)
core   0: 0x80007610 (0x016dc9b3) xor     s3, s11, s6
core   0: 3 0x80007610 (0x016dc9b3) x19 0x00000000
core   0: 0x80007614 (0x01d7eab3) or      s5, a5, t4
core   0: 3 0x80007614 (0x01d7eab3) x21 0x2e331730
core   0: 0x80007618 (0xad453017) auipc   zero, 0xad453
core   0: 3 0x80007618 (0xad453017)
core   0: 0x8000761c (0x7ea3e893) ori     a7, t2, 2026
core   0: 3 0x8000761c (0x7ea3e893) x17 0x80011fee
core   0: 0x80007620 (0x49cbb413) sltiu   s0, s7, 1180
core   0: 3 0x80007620 (0x49cbb413) x 8 0x00000000
core   0: 0x80007624 (0xc454a513) slti    a0, s1, -955
core   0: 3 0x80007624 (0xc454a513) x10 0x00000001
core   0: 0x80007628 (0xec4b5b97) auipc   s7, 0xec4b5
core   0: 3 0x80007628 (0xec4b5b97) x23 0x6c4bc628
core   0: 0x8000762c (0x28b42193) slti    gp, s0, 651
core   0: 3 0x8000762c (0x28b42193) x 3 0x00000001
core   0: 0x80007630 (0x00e789b3) add     s3, a5, a4
core   0: 3 0x80007630 (0x00e789b3) x19 0x2e331730
core   0: 0x80007634 (0x00f00fb3) add     t6, zero, a5
core   0: 3 0x80007634 (0x00f00fb3) x31 0x2e331730
core   0: 0x80007638 (0x00000013) nop
core   0: 3 0x80007638 (0x00000013)
core   0: 0x8000763c (0x007f9b13) slli    s6, t6, 7
core   0: 3 0x8000763c (0x007f9b13) x22 0x198b9800
core   0: 0x80007640 (0xe364b193) sltiu   gp, s1, -458
core   0: 3 0x80007640 (0xe364b193) x 3 0x00000001
core   0: 0x80007644 (0x01ec0f33) add     t5, s8, t5
core   0: 3 0x80007644 (0x01ec0f33) x30 0xb89912a7
core   0: 0x80007648 (0x518b8f37) lui     t5, 0x518b8
core   0: 3 0x80007648 (0x518b8f37) x30 0x518b8000
core   0: 0x8000764c (0xf3196793) ori     a5, s2, -207
core   0: 3 0x8000764c (0xf3196793) x15 0xffffff31
core   0: 0x80007650 (0x005a6bb3) or      s7, s4, t0
core   0: 3 0x80007650 (0x005a6bb3) x23 0x5a3da880
core   0: 0x80007654 (0x40520033) sub     zero, tp, t0
core   0: 3 0x80007654 (0x40520033)
core   0: 0x80007658 (0x011c3733) sltu    a4, s8, a7
core   0: 3 0x80007658 (0x011c3733) x14 0x00000001
core   0: 0x8000765c (0x41bedbb3) sra     s7, t4, s11
core   0: 3 0x8000765c (0x41bedbb3) x23 0x00000000
core   0: 0x80007660 (0x00000013) nop
core   0: 3 0x80007660 (0x00000013)
core   0: 0x80007664 (0x01c626b3) slt     a3, a2, t3
core   0: 3 0x80007664 (0x01c626b3) x13 0x00000000
core   0: 0x80007668 (0x01346bb3) or      s7, s0, s3
core   0: 3 0x80007668 (0x01346bb3) x23 0x2e331730
core   0: 0x8000766c (0x010645b3) xor     a1, a2, a6
core   0: 3 0x8000766c (0x010645b3) x11 0xfffffbad
core   0: 0x80007670 (0x8a06c313) xori    t1, a3, -1888
core   0: 3 0x80007670 (0x8a06c313) x 6 0xfffff8a0
core   0: 0x80007674 (0x00f99313) slli    t1, s3, 15
core   0: 3 0x80007674 (0x00f99313) x 6 0x8b980000
core   0: 0x80007678 (0x87d1ba93) sltiu   s5, gp, -1923
core   0: 3 0x80007678 (0x87d1ba93) x21 0x00000001
core   0: 0x8000767c (0x5ec42093) slti    ra, s0, 1516
core   0: 3 0x8000767c (0x5ec42093) x 1 0x00000001
core   0: 0x80007680 (0xf8743093) sltiu   ra, s0, -121
core   0: 3 0x80007680 (0xf8743093) x 1 0x00000001
core   0: 0x80007684 (0xc63d2793) slti    a5, s10, -925
core   0: 3 0x80007684 (0xc63d2793) x15 0x00000000
core   0: 0x80007688 (0x003449b3) xor     s3, s0, gp
core   0: 3 0x80007688 (0x003449b3) x19 0x00000001
core   0: 0x8000768c (0x76d8f813) andi    a6, a7, 1901
core   0: 3 0x8000768c (0x76d8f813) x16 0x0000076c
core   0: 0x80007690 (0x330c0c93) addi    s9, s8, 816
core   0: 3 0x80007690 (0x330c0c93) x25 0x000005d7
core   0: 0x80007694 (0x01a217b3) sll     a5, tp, s10
core   0: 3 0x80007694 (0x01a217b3) x15 0xfec3917d
core   0: 0x80007698 (0x4b02e293) ori     t0, t0, 1200
core   0: 3 0x80007698 (0x4b02e293) x 5 0x5a3dacb0
core   0: 0x8000769c (0x016c5f13) srli    t5, s8, 22
core   0: 3 0x8000769c (0x016c5f13) x30 0x00000000
core   0: 0x800076a0 (0x70c035b7) lui     a1, 0x70c03
core   0: 3 0x800076a0 (0x70c035b7) x11 0x70c03000
core   0: 0x800076a4 (0x40210e33) sub     t3, sp, sp
core   0: 3 0x800076a4 (0x40210e33) x28 0x00000000
core   0: 0x800076a8 (0x26d28293) addi    t0, t0, 621
core   0: 3 0x800076a8 (0x26d28293) x 5 0x5a3daf1d
core   0: 0x800076ac (0xa6b8f613) andi    a2, a7, -1429
core   0: 3 0x800076ac (0xa6b8f613) x12 0x80011a6a
core   0: 0x800076b0 (0xe0aa4817) auipc   a6, 0xe0aa4
core   0: 3 0x800076b0 (0xe0aa4817) x16 0x60aab6b0
core   0: 0x800076b4 (0x0e29f193) andi    gp, s3, 226
core   0: 3 0x800076b4 (0x0e29f193) x 3 0x00000000
core   0: 0x800076b8 (0x0043ccb3) xor     s9, t2, tp
core   0: 3 0x800076b8 (0x0043ccb3) x25 0x7ec28f19
core   0: 0x800076bc (0x9f787613) andi    a2, a6, -1545
core   0: 3 0x800076bc (0x9f787613) x12 0x60aab0b0
core   0: 0x800076c0 (0x016ec433) xor     s0, t4, s6
core   0: 3 0x800076c0 (0x016ec433) x 8 0x198b9800
core   0: 0x800076c4 (0x016ed013) srli    zero, t4, 22
core   0: 3 0x800076c4 (0x016ed013)
core   0: 0x800076c8 (0x99efc413) xori    s0, t6, -1634
core   0: 3 0x800076c8 (0x99efc413) x 8 0xd1cceeae
core   0: 0x800076cc (0x40b4d913) srai    s2, s1, 11
core   0: 3 0x800076cc (0x40b4d913) x18 0xfff0002b
core   0: 0x800076d0 (0x002d5fb3) srl     t6, s10, sp
core   0: 3 0x800076d0 (0x002d5fb3) x31 0x00000000
core   0: 0x800076d4 (0x00a59113) slli    sp, a1, 10
core   0: 3 0x800076d4 (0x00a59113) x 2 0x00c00000
core   0: 0x800076d8 (0x8d04b793) sltiu   a5, s1, -1840
core   0: 3 0x800076d8 (0x8d04b793) x15 0x00000001
core   0: 0x800076dc (0xde17eb13) ori     s6, a5, -543
core   0: 3 0x800076dc (0xde17eb13) x22 0xfffffde1
core   0: 0x800076e0 (0x00b4dd93) srli    s11, s1, 11
core   0: 3 0x800076e0 (0x00b4dd93) x27 0x0010002b
core   0: 0x800076e4 (0x01d51033) sll     zero, a0, t4
core   0: 3 0x800076e4 (0x01d51033)
core   0: 0x800076e8 (0x40e486b3) sub     a3, s1, a4
core   0: 3 0x800076e8 (0x40e486b3) x13 0x80015ce3
core   0: 0x800076ec (0x0039dc93) srli    s9, s3, 3
core   0: 3 0x800076ec (0x0039dc93) x25 0x00000000
core   0: 0x800076f0 (0x407f8bb3) sub     s7, t6, t2
core   0: 3 0x800076f0 (0x407f8bb3) x23 0x7ffee19c
core   0: 0x800076f4 (0x3464f513) andi    a0, s1, 838
core   0: 3 0x800076f4 (0x3464f513) x10 0x00000044
core   0: 0x800076f8 (0xe2852813) slti    a6, a0, -472
core   0: 3 0x800076f8 (0xe2852813) x16 0x00000000
core   0: 0x800076fc (0x4178d5b3) sra     a1, a7, s7
core   0: 3 0x800076fc (0x4178d5b3) x11 0xfffffff8
core   0: 0x80007700 (0xc2aaba93) sltiu   s5, s5, -982
core   0: 3 0x80007700 (0xc2aaba93) x21 0x00000001
core   0: 0x80007704 (0x0190d793) srli    a5, ra, 25
core   0: 3 0x80007704 (0x0190d793) x15 0x00000000
core   0: 0x80007708 (0x00c75993) srli    s3, a4, 12
core   0: 3 0x80007708 (0x00c75993) x19 0x00000000
core   0: 0x8000770c (0x0104f133) and     sp, s1, a6
core   0: 3 0x8000770c (0x0104f133) x 2 0x00000000
core   0: 0x80007710 (0x0129b033) sltu    zero, s3, s2
core   0: 3 0x80007710 (0x0129b033)
core   0: 0x80007714 (0x4fece5b7) lui     a1, 0x4fece
core   0: 3 0x80007714 (0x4fece5b7) x11 0x4fece000
core   0: 0x80007718 (0x007fd713) srli    a4, t6, 7
core   0: 3 0x80007718 (0x007fd713) x14 0x00000000
core   0: 0x8000771c (0x00000013) nop
core   0: 3 0x8000771c (0x00000013)
core   0: 0x80007720 (0x407702b3) sub     t0, a4, t2
core   0: 3 0x80007720 (0x407702b3) x 5 0x7ffee19c
core   0: 0x80007724 (0x008dcc33) xor     s8, s11, s0
core   0: 3 0x80007724 (0x008dcc33) x24 0xd1dcee85
core   0: 0x80007728 (0x00c62313) slti    t1, a2, 12
core   0: 3 0x80007728 (0x00c62313) x 6 0x00000000
core   0: 0x8000772c (0x094b7113) andi    sp, s6, 148
core   0: 3 0x8000772c (0x094b7113) x 2 0x00000080
core   0: 0x80007730 (0x01d9b033) sltu    zero, s3, t4
core   0: 3 0x80007730 (0x01d9b033)
core   0: 0x80007734 (0xe3f58b13) addi    s6, a1, -449
core   0: 3 0x80007734 (0xe3f58b13) x22 0x4fecde3f
core   0: 0x80007738 (0x40540033) sub     zero, s0, t0
core   0: 3 0x80007738 (0x40540033)
core   0: 0x8000773c (0x01128a33) add     s4, t0, a7
core   0: 3 0x8000773c (0x01128a33) x20 0x0000018a
core   0: 0x80007740 (0x005412b3) sll     t0, s0, t0
core   0: 3 0x80007740 (0x005412b3) x 5 0xe0000000
core   0: 0x80007744 (0x5c680693) addi    a3, a6, 1478
core   0: 3 0x80007744 (0x5c680693) x13 0x000005c6
core   0: 0x80007748 (0x017e1d13) slli    s10, t3, 23
core   0: 3 0x80007748 (0x017e1d13) x26 0x00000000
core   0: 0x8000774c (0x01075813) srli    a6, a4, 16
core   0: 3 0x8000774c (0x01075813) x16 0x00000000
core   0: 0x80007750 (0xb02bc993) xori    s3, s7, -1278
core   0: 3 0x80007750 (0xb02bc993) x19 0x80011a9e
core   0: 0x80007754 (0x41645893) srai    a7, s0, 22
core   0: 3 0x80007754 (0x41645893) x17 0xffffff47
core   0: 0x80007758 (0x1d335b37) lui     s6, 0x1d335
core   0: 3 0x80007758 (0x1d335b37) x22 0x1d335000
core   0: 0x8000775c (0x75c90b13) addi    s6, s2, 1884
core   0: 3 0x8000775c (0x75c90b13) x22 0xfff00787
core   0: 0x80007760 (0x01d4cf33) xor     t5, s1, t4
core   0: 3 0x80007760 (0x01d4cf33) x30 0x80015ce4
core   0: 0x80007764 (0x004f1093) slli    ra, t5, 4
core   0: 3 0x80007764 (0x004f1093) x 1 0x0015ce40
core   0: 0x80007768 (0x40ecd993) srai    s3, s9, 14
core   0: 3 0x80007768 (0x40ecd993) x19 0x00000000
core   0: 0x8000776c (0x000decb3) or      s9, s11, zero
core   0: 3 0x8000776c (0x000decb3) x25 0x0010002b
core   0: 0x80007770 (0x011fcdb3) xor     s11, t6, a7
core   0: 3 0x80007770 (0x011fcdb3) x27 0xffffff47
core   0: 0x80007774 (0x01149333) sll     t1, s1, a7
core   0: 3 0x80007774 (0x01149333) x 6 0x00ae7200
core   0: 0x80007778 (0x36d0a517) auipc   a0, 0x36d0a
core   0: 3 0x80007778 (0x36d0a517) x10 0xb6d11778
core   0: 0x8000777c (0x41108c33) sub     s8, ra, a7
core   0: 3 0x8000777c (0x41108c33) x24 0x0015cef9
core   0: 0x80007780 (0x4011deb3) sra     t4, gp, ra
core   0: 3 0x80007780 (0x4011deb3) x29 0x00000000
core   0: 0x80007784 (0x70a53f37) lui     t5, 0x70a53
core   0: 3 0x80007784 (0x70a53f37) x30 0x70a53000
core   0: 0x80007788 (0x41345193) srai    gp, s0, 19
core   0: 3 0x80007788 (0x41345193) x 3 0xfffffa39
core   0: 0x8000778c (0x40cad833) sra     a6, s5, a2
core   0: 3 0x8000778c (0x40cad833) x16 0x00000000
core   0: 0x80007790 (0x823b6d13) ori     s10, s6, -2013
core   0: 3 0x80007790 (0x823b6d13) x26 0xffffffa7
core   0: 0x80007794 (0x6c79ac93) slti    s9, s3, 1735
core   0: 3 0x80007794 (0x6c79ac93) x25 0x00000001
core   0: 0x80007798 (0x30e9ac93) slti    s9, s3, 782
core   0: 3 0x80007798 (0x30e9ac93) x25 0x00000001
core   0: 0x8000779c (0x005d2ab3) slt     s5, s10, t0
core   0: 3 0x8000779c (0x005d2ab3) x21 0x00000000
core   0: 0x800077a0 (0x41880033) sub     zero, a6, s8
core   0: 3 0x800077a0 (0x41880033)
core   0: 0x800077a4 (0x41e959b3) sra     s3, s2, t5
core   0: 3 0x800077a4 (0x41e959b3) x19 0xfff0002b
core   0: 0x800077a8 (0x01ecba33) sltu    s4, s9, t5
core   0: 3 0x800077a8 (0x01ecba33) x20 0x00000001
core   0: 0x800077ac (0x01ac1533) sll     a0, s8, s10
core   0: 3 0x800077ac (0x01ac1533) x10 0x0ae77c80
core   0: 0x800077b0 (0xec818293) addi    t0, gp, -312
core   0: 3 0x800077b0 (0xec818293) x 5 0xfffff901
core   0: 0x800077b4 (0x419a09b3) sub     s3, s4, s9
core   0: 3 0x800077b4 (0x419a09b3) x19 0x00000000
core   0: 0x800077b8 (0x530ca613) slti    a2, s9, 1328
core   0: 3 0x800077b8 (0x530ca613) x12 0x00000001
core   0: 0x800077bc (0x00487833) and     a6, a6, tp
core   0: 3 0x800077bc (0x00487833) x16 0x00000000
core   0: 0x800077c0 (0x01734f33) xor     t5, t1, s7
core   0: 3 0x800077c0 (0x01734f33) x30 0x7f50939c
core   0: 0x800077c4 (0x63c82713) slti    a4, a6, 1596
core   0: 3 0x800077c4 (0x63c82713) x14 0x00000001
core   0: 0x800077c8 (0x400c8a33) sub     s4, s9, zero
core   0: 3 0x800077c8 (0x400c8a33) x20 0x00000001
core   0: 0x800077cc (0x6a458413) addi    s0, a1, 1700
core   0: 3 0x800077cc (0x6a458413) x 8 0x4fece6a4
core   0: 0x800077d0 (0x40098eb3) sub     t4, s3, zero
core   0: 3 0x800077d0 (0x40098eb3) x29 0x00000000
core   0: 0x800077d4 (0xc3d23993) sltiu   s3, tp, -963
core   0: 3 0x800077d4 (0xc3d23993) x19 0x00000001
core   0: 0x800077d8 (0x2ebfc513) xori    a0, t6, 747
core   0: 3 0x800077d8 (0x2ebfc513) x10 0x000002eb
core   0: 0x800077dc (0x65b92313) slti    t1, s2, 1627
core   0: 3 0x800077dc (0x65b92313) x 6 0x00000001
core   0: 0x800077e0 (0x0173e333) or      t1, t2, s7
core   0: 3 0x800077e0 (0x0173e333) x 6 0xfffffffc
core   0: 0x800077e4 (0x6a773d13) sltiu   s10, a4, 1703
core   0: 3 0x800077e4 (0x6a773d13) x26 0x00000001
core   0: 0x800077e8 (0xf43ff413) andi    s0, t6, -189
core   0: 3 0x800077e8 (0xf43ff413) x 8 0x00000000
core   0: 0x800077ec (0x00000013) nop
core   0: 3 0x800077ec (0x00000013)
core   0: 0x800077f0 (0x409b57b3) sra     a5, s6, s1
core   0: 3 0x800077f0 (0x409b57b3) x15 0xffff0078
core   0: 0x800077f4 (0x011d1293) slli    t0, s10, 17
core   0: 3 0x800077f4 (0x011d1293) x 5 0x00020000
core   0: 0x800077f8 (0x003fe533) or      a0, t6, gp
core   0: 3 0x800077f8 (0x003fe533) x10 0xfffffa39
core   0: 0x800077fc (0x41c90e33) sub     t3, s2, t3
core   0: 3 0x800077fc (0x41c90e33) x28 0xfff0002b
core   0: 0x80007800 (0xc326ac93) slti    s9, a3, -974
core   0: 3 0x80007800 (0xc326ac93) x25 0x00000000
core   0: 0x80007804 (0x00c5abb3) slt     s7, a1, a2
core   0: 3 0x80007804 (0x00c5abb3) x23 0x00000000
core   0: 0x80007808 (0x0028c2b3) xor     t0, a7, sp
core   0: 3 0x80007808 (0x0028c2b3) x 5 0xffffffc7
core   0: 0x8000780c (0x38e14193) xori    gp, sp, 910
core   0: 3 0x8000780c (0x38e14193) x 3 0x0000030e
core   0: 0x80007810 (0x01845893) srli    a7, s0, 24
core   0: 3 0x80007810 (0x01845893) x17 0x00000000
core   0: 0x80007814 (0x015422b3) slt     t0, s0, s5
core   0: 3 0x80007814 (0x015422b3) x 5 0x00000000
core   0: 0x80007818 (0x015b1b93) slli    s7, s6, 21
core   0: 3 0x80007818 (0x015b1b93) x23 0xf0e00000
core   0: 0x8000781c (0x406e5c33) sra     s8, t3, t1
core   0: 3 0x8000781c (0x406e5c33) x24 0xffffffff
core   0: 0x80007820 (0x00000013) nop
core   0: 3 0x80007820 (0x00000013)
core   0: 0x80007824 (0xb670fa13) andi    s4, ra, -1177
core   0: 3 0x80007824 (0xb670fa13) x20 0x0015ca40
core   0: 0x80007828 (0x40bfd313) srai    t1, t6, 11
core   0: 3 0x80007828 (0x40bfd313) x 6 0x00000000
core   0: 0x8000782c (0x6147a793) slti    a5, a5, 1556
core   0: 3 0x8000782c (0x6147a793) x15 0x00000001
core   0: 0x80007830 (0x0166a5b3) slt     a1, a3, s6
core   0: 3 0x80007830 (0x0166a5b3) x11 0x00000000
core   0: 0x80007834 (0x01c3e5b3) or      a1, t2, t3
core   0: 3 0x80007834 (0x01c3e5b3) x11 0xfff11e6f
core   0: 0x80007838 (0x40db5993) srai    s3, s6, 13
core   0: 3 0x80007838 (0x40db5993) x19 0xffffff80
core   0: 0x8000783c (0xa5b82b93) slti    s7, a6, -1445
core   0: 3 0x8000783c (0xa5b82b93) x23 0x00000000
core   0: 0x80007840 (0x1bcf4597) auipc   a1, 0x1bcf4
core   0: 3 0x80007840 (0x1bcf4597) x11 0x9bcfb840
core   0: 0x80007844 (0x00a5dd33) srl     s10, a1, a0
core   0: 3 0x80007844 (0x00a5dd33) x26 0x0000004d
core   0: 0x80007848 (0xdd730313) addi    t1, t1, -553
core   0: 3 0x80007848 (0xdd730313) x 6 0xfffffdd7
core   0: 0x8000784c (0x00b770b3) and     ra, a4, a1
core   0: 3 0x8000784c (0x00b770b3) x 1 0x00000000
core   0: 0x80007850 (0x003a8eb3) add     t4, s5, gp
core   0: 3 0x80007850 (0x003a8eb3) x29 0x0000030e
core   0: 0x80007854 (0x00073333) sltu    t1, a4, zero
core   0: 3 0x80007854 (0x00073333) x 6 0x00000000
core   0: 0x80007858 (0x006125b3) slt     a1, sp, t1
core   0: 3 0x80007858 (0x006125b3) x11 0x00000000
core   0: 0x8000785c (0x007fddb3) srl     s11, t6, t2
core   0: 3 0x8000785c (0x007fddb3) x27 0x00000000
core   0: 0x80007860 (0x5ff6ea93) ori     s5, a3, 1535
core   0: 3 0x80007860 (0x5ff6ea93) x21 0x000005ff
core   0: 0x80007864 (0x00b77cb3) and     s9, a4, a1
core   0: 3 0x80007864 (0x00b77cb3) x25 0x00000000
core   0: 0x80007868 (0x423c2b37) lui     s6, 0x423c2
core   0: 3 0x80007868 (0x423c2b37) x22 0x423c2000
core   0: 0x8000786c (0xfeae9617) auipc   a2, 0xfeae9
core   0: 3 0x8000786c (0xfeae9617) x12 0x7eaf086c
core   0: 0x80007870 (0x4095dbb3) sra     s7, a1, s1
core   0: 3 0x80007870 (0x4095dbb3) x23 0x00000000
core   0: 0x80007874 (0xe554b913) sltiu   s2, s1, -427
core   0: 3 0x80007874 (0xe554b913) x18 0x00000001
core   0: 0x80007878 (0x01dd7cb3) and     s9, s10, t4
core   0: 3 0x80007878 (0x01dd7cb3) x25 0x0000000c
core   0: 0x8000787c (0x0609b593) sltiu   a1, s3, 96
core   0: 3 0x8000787c (0x0609b593) x11 0x00000000
core   0: 0x80007880 (0x015b9eb3) sll     t4, s7, s5
core   0: 3 0x80007880 (0x015b9eb3) x29 0x00000000
core   0: 0x80007884 (0x40130933) sub     s2, t1, ra
core   0: 3 0x80007884 (0x40130933) x18 0x00000000
core   0: 0x80007888 (0xb47ca537) lui     a0, 0xb47ca
core   0: 3 0x80007888 (0xb47ca537) x10 0xb47ca000
core   0: 0x8000788c (0x016ad333) srl     t1, s5, s6
core   0: 3 0x8000788c (0x016ad333) x 6 0x000005ff
core   0: 0x80007890 (0x00f3a633) slt     a2, t2, a5
core   0: 3 0x80007890 (0x00f3a633) x12 0x00000001
core   0: 0x80007894 (0x017d5db3) srl     s11, s10, s7
core   0: 3 0x80007894 (0x017d5db3) x27 0x0000004d
core   0: 0x80007898 (0x01e08a33) add     s4, ra, t5
core   0: 3 0x80007898 (0x01e08a33) x20 0x7f50939c
core   0: 0x8000789c (0x01d50cb3) add     s9, a0, t4
core   0: 3 0x8000789c (0x01d50cb3) x25 0xb47ca000
core   0: 0x800078a0 (0x15717a13) andi    s4, sp, 343
core   0: 3 0x800078a0 (0x15717a13) x20 0x00000000
core   0: 0x800078a4 (0x015e1693) slli    a3, t3, 21
core   0: 3 0x800078a4 (0x015e1693) x13 0x05600000
core   0: 0x800078a8 (0x7f14e693) ori     a3, s1, 2033
core   0: 3 0x800078a8 (0x7f14e693) x13 0x80015ff5
core   0: 0x800078ac (0x01846593) ori     a1, s0, 24
core   0: 3 0x800078ac (0x01846593) x11 0x00000018
core   0: 0x800078b0 (0x00c01b33) sll     s6, zero, a2
core   0: 3 0x800078b0 (0x00c01b33) x22 0x00000000
core   0: 0x800078b4 (0x014138b3) sltu    a7, sp, s4
core   0: 3 0x800078b4 (0x014138b3) x17 0x00000000
core   0: 0x800078b8 (0x2f1b2693) slti    a3, s6, 753
core   0: 3 0x800078b8 (0x2f1b2693) x13 0x00000001
core   0: 0x800078bc (0x41d7db93) srai    s7, a5, 29
core   0: 3 0x800078bc (0x41d7db93) x23 0x00000000
core   0: 0x800078c0 (0x3fcd8c13) addi    s8, s11, 1020
core   0: 3 0x800078c0 (0x3fcd8c13) x24 0x00000449
core   0: 0x800078c4 (0x624eac97) auipc   s9, 0x624ea
core   0: 3 0x800078c4 (0x624eac97) x25 0xe24f18c4
core   0: 0x800078c8 (0x00fd68b3) or      a7, s10, a5
core   0: 3 0x800078c8 (0x00fd68b3) x17 0x0000004d
core   0: 0x800078cc (0x85e8af13) slti    t5, a7, -1954
core   0: 3 0x800078cc (0x85e8af13) x30 0x00000000
core   0: 0x800078d0 (0xd6b1f793) andi    a5, gp, -661
core   0: 3 0x800078d0 (0xd6b1f793) x15 0x0000010a
core   0: 0x800078d4 (0x6c1e0793) addi    a5, t3, 1729
core   0: 3 0x800078d4 (0x6c1e0793) x15 0xfff006ec
core   0: 0x800078d8 (0x007d8033) add     zero, s11, t2
core   0: 3 0x800078d8 (0x007d8033)
core   0: 0x800078dc (0x01884133) xor     sp, a6, s8
core   0: 3 0x800078dc (0x01884133) x 2 0x00000449
core   0: 0x800078e0 (0x322cf793) andi    a5, s9, 802
core   0: 3 0x800078e0 (0x322cf793) x15 0x00000000
core   0: 0x800078e4 (0x420ac013) xori    zero, s5, 1056
core   0: 3 0x800078e4 (0x420ac013)
core   0: 0x800078e8 (0x01345db3) srl     s11, s0, s3
core   0: 3 0x800078e8 (0x01345db3) x27 0x00000000
core   0: 0x800078ec (0x00000013) nop
core   0: 3 0x800078ec (0x00000013)
core   0: 0x800078f0 (0x419cdc33) sra     s8, s9, s9
core   0: 3 0x800078f0 (0x419cdc33) x24 0xfe24f18c
core   0: 0x800078f4 (0x41225a13) srai    s4, tp, 18
core   0: 3 0x800078f4 (0x41225a13) x20 0xffffffb0
core   0: 0x800078f8 (0x55bcef93) ori     t6, s9, 1371
core   0: 3 0x800078f8 (0x55bcef93) x31 0xe24f1ddf
core   0: 0x800078fc (0x007b7533) and     a0, s6, t2
core   0: 3 0x800078fc (0x007b7533) x10 0x00000000
core   0: 0x80007900 (0x01995e93) srli    t4, s2, 25
core   0: 3 0x80007900 (0x01995e93) x29 0x00000000
core   0: 0x80007904 (0x9f0afa13) andi    s4, s5, -1552
core   0: 3 0x80007904 (0x9f0afa13) x20 0x000001f0
core   0: 0x80007908 (0x017f3833) sltu    a6, t5, s7
core   0: 3 0x80007908 (0x017f3833) x16 0x00000000
core   0: 0x8000790c (0x41915e33) sra     t3, sp, s9
core   0: 3 0x8000790c (0x41915e33) x28 0x00000044
core   0: 0x80007910 (0x00000013) nop
core   0: 3 0x80007910 (0x00000013)
core   0: 0x80007914 (0x6efc6813) ori     a6, s8, 1775
core   0: 3 0x80007914 (0x6efc6813) x16 0xfe24f7ef
core   0: 0x80007918 (0x0a7caa13) slti    s4, s9, 167
core   0: 3 0x80007918 (0x0a7caa13) x20 0x00000001
core   0: 0x8000791c (0x428ec093) xori    ra, t4, 1064
core   0: 3 0x8000791c (0x428ec093) x 1 0x00000428
core   0: 0x80007920 (0xe52a9d37) lui     s10, 0xe52a9
core   0: 3 0x80007920 (0xe52a9d37) x26 0xe52a9000
core   0: 0x80007924 (0x8bad0d13) addi    s10, s10, -1862
core   0: 3 0x80007924 (0x8bad0d13) x26 0xe52a88ba
core   0: 0x80007928 (0xfff00413) li      s0, -1
core   0: 3 0x80007928 (0xfff00413) x 8 0xffffffff
core   0: 0x8000792c (0x63a05eb7) lui     t4, 0x63a05
core   0: 3 0x8000792c (0x63a05eb7) x29 0x63a05000
core   0: 0x80007930 (0x05de8e93) addi    t4, t4, 93
core   0: 3 0x80007930 (0x05de8e93) x29 0x63a0505d
core   0: 0x80007934 (0x800000b7) lui     ra, 0x80000
core   0: 3 0x80007934 (0x800000b7) x 1 0x80000000
core   0: 0x80007938 (0x80000b37) lui     s6, 0x80000
core   0: 3 0x80007938 (0x80000b37) x22 0x80000000
core   0: 0x8000793c (0x80000c37) lui     s8, 0x80000
core   0: 3 0x8000793c (0x80000c37) x24 0x80000000
core   0: 0x80007940 (0x5e771537) lui     a0, 0x5e771
core   0: 3 0x80007940 (0x5e771537) x10 0x5e771000
core   0: 0x80007944 (0x4d850513) addi    a0, a0, 1240
core   0: 3 0x80007944 (0x4d850513) x10 0x5e7714d8
core   0: 0x80007948 (0x800005b7) lui     a1, 0x80000
core   0: 3 0x80007948 (0x800005b7) x11 0x80000000
core   0: 0x8000794c (0xfff00613) li      a2, -1
core   0: 3 0x8000794c (0xfff00613) x12 0xffffffff
core   0: 0x80007950 (0x93c02cb7) lui     s9, 0x93c02
core   0: 3 0x80007950 (0x93c02cb7) x25 0x93c02000
core   0: 0x80007954 (0xbe9c8c93) addi    s9, s9, -1047
core   0: 3 0x80007954 (0xbe9c8c93) x25 0x93c01be9
core   0: 0x80007958 (0x9cf94097) auipc   ra, 0x9cf94
core   0: 3 0x80007958 (0x9cf94097) x 1 0x1cf9b958
core   0: 0x8000795c (0xe3d40613) addi    a2, s0, -451
core   0: 3 0x8000795c (0xe3d40613) x12 0xfffffe3c
core   0: 0x80007960 (0x00000013) nop
core   0: 3 0x80007960 (0x00000013)
core   0: 0x80007964 (0x00000013) nop
core   0: 3 0x80007964 (0x00000013)
core   0: 0x80007968 (0x8a258e93) addi    t4, a1, -1886
core   0: 3 0x80007968 (0x8a258e93) x29 0x7ffff8a2
core   0: 0x8000796c (0xd4ddd597) auipc   a1, 0xd4ddd
core   0: 3 0x8000796c (0xd4ddd597) x11 0x54de496c
core   0: 0x80007970 (0x00c08eb3) add     t4, ra, a2
core   0: 3 0x80007970 (0x00c08eb3) x29 0x1cf9b794
core   0: 0x80007974 (0x40a600b3) sub     ra, a2, a0
core   0: 3 0x80007974 (0x40a600b3) x 1 0xa188e964
core   0: 0x80007978 (0x31650613) addi    a2, a0, 790
core   0: 3 0x80007978 (0x31650613) x12 0x5e7717ee
core   0: 0x8000797c (0x416e8eb3) sub     t4, t4, s6
core   0: 3 0x8000797c (0x416e8eb3) x29 0x9cf9b794
core   0: 0x80007980 (0x1fc19d37) lui     s10, 0x1fc19
core   0: 3 0x80007980 (0x1fc19d37) x26 0x1fc19000
core   0: 0x80007984 (0x01ac8eb3) add     t4, s9, s10
core   0: 3 0x80007984 (0x01ac8eb3) x29 0xb381abe9
core   0: 0x80007988 (0x4b6e7517) auipc   a0, 0x4b6e7
core   0: 3 0x80007988 (0x4b6e7517) x10 0xcb6ee988
core   0: 0x8000798c (0x00000013) nop
core   0: 3 0x8000798c (0x00000013)
core   0: 0x80007990 (0x40cb0eb3) sub     t4, s6, a2
core   0: 3 0x80007990 (0x40cb0eb3) x29 0x2188e812
core   0: 0x80007994 (0x40b58533) sub     a0, a1, a1
core   0: 3 0x80007994 (0x40b58533) x10 0x00000000
core   0: 0x80007998 (0x61a35c17) auipc   s8, 0x61a35
core   0: 3 0x80007998 (0x61a35c17) x24 0xe1a3c998
core   0: 0x8000799c (0xc7d440b7) lui     ra, 0xc7d44
core   0: 3 0x8000799c (0xc7d440b7) x 1 0xc7d44000
core   0: 0x800079a0 (0x00000013) nop
core   0: 3 0x800079a0 (0x00000013)
core   0: 0x800079a4 (0xb8c1b637) lui     a2, 0xb8c1b
core   0: 3 0x800079a4 (0xb8c1b637) x12 0xb8c1b000
core   0: 0x800079a8 (0x008b0c33) add     s8, s6, s0
core   0: 3 0x800079a8 (0x008b0c33) x24 0x7fffffff
core   0: 0x800079ac (0x01db1693) slli    a3, s6, 29
core   0: 3 0x800079ac (0x01db1693) x13 0x00000000
core   0: 0x800079b0 (0x01b3d2b3) srl     t0, t2, s11
core   0: 3 0x800079b0 (0x01b3d2b3) x 5 0x80011e64
core   0: 0x800079b4 (0x01169fb3) sll     t6, a3, a7
core   0: 3 0x800079b4 (0x01169fb3) x31 0x00000000
core   0: 0x800079b8 (0x5080c093) xori    ra, ra, 1288
core   0: 3 0x800079b8 (0x5080c093) x 1 0xc7d44508
core   0: 0x800079bc (0xee953713) sltiu   a4, a0, -279
core   0: 3 0x800079bc (0xee953713) x14 0x00000001
core   0: 0x800079c0 (0x007ef333) and     t1, t4, t2
core   0: 3 0x800079c0 (0x007ef333) x 6 0x00000800
core   0: 0x800079c4 (0x01751333) sll     t1, a0, s7
core   0: 3 0x800079c4 (0x01751333) x 6 0x00000000
core   0: 0x800079c8 (0x01d66cb3) or      s9, a2, t4
core   0: 3 0x800079c8 (0x01d66cb3) x25 0xb9c9f812
core   0: 0x800079cc (0xcaf3b813) sltiu   a6, t2, -849
core   0: 3 0x800079cc (0xcaf3b813) x16 0x00000001
core   0: 0x800079d0 (0xb2972bb7) lui     s7, 0xb2972
core   0: 3 0x800079d0 (0xb2972bb7) x23 0xb2972000
core   0: 0x800079d4 (0x40605533) sra     a0, zero, t1
core   0: 3 0x800079d4 (0x40605533) x10 0x00000000
core   0: 0x800079d8 (0x01e5aab3) slt     s5, a1, t5
core   0: 3 0x800079d8 (0x01e5aab3) x21 0x00000000
core   0: 0x800079dc (0x011e9293) slli    t0, t4, 17
core   0: 3 0x800079dc (0x011e9293) x 5 0xd0240000
core   0: 0x800079e0 (0xc64e6513) ori     a0, t3, -924
core   0: 3 0x800079e0 (0xc64e6513) x10 0xfffffc64
core   0: 0x800079e4 (0x00b0b333) sltu    t1, ra, a1
core   0: 3 0x800079e4 (0x00b0b333) x 6 0x00000000
core   0: 0x800079e8 (0x01096b33) or      s6, s2, a6
core   0: 3 0x800079e8 (0x01096b33) x22 0x00000001
core   0: 0x800079ec (0x0009dab3) srl     s5, s3, zero
core   0: 3 0x800079ec (0x0009dab3) x21 0xffffff80
core   0: 0x800079f0 (0x413c06b3) sub     a3, s8, s3
core   0: 3 0x800079f0 (0x413c06b3) x13 0x8000007f
core   0: 0x800079f4 (0x8a81a113) slti    sp, gp, -1880
core   0: 3 0x800079f4 (0x8a81a113) x 2 0x00000000
core   0: 0x800079f8 (0x32e5fa93) andi    s5, a1, 814
core   0: 3 0x800079f8 (0x32e5fa93) x21 0x0000012c
core   0: 0x800079fc (0xb400a793) slti    a5, ra, -1216
core   0: 3 0x800079fc (0xb400a793) x15 0x00000001
core   0: 0x80007a00 (0x00ba9733) sll     a4, s5, a1
core   0: 3 0x80007a00 (0x00ba9733) x14 0x0012c000
core   0: 0x80007a04 (0x6e7b6513) ori     a0, s6, 1767
core   0: 3 0x80007a04 (0x6e7b6513) x10 0x000006e7
core   0: 0x80007a08 (0xd3d62913) slti    s2, a2, -707
core   0: 3 0x80007a08 (0xd3d62913) x18 0x00000001
core   0: 0x80007a0c (0x00e71993) slli    s3, a4, 14
core   0: 3 0x80007a0c (0x00e71993) x19 0xb0000000
core   0: 0x80007a10 (0xac254297) auipc   t0, 0xac254
core   0: 3 0x80007a10 (0xac254297) x 5 0x2c25ba10
core   0: 0x80007a14 (0x00fa8733) add     a4, s5, a5
core   0: 3 0x80007a14 (0x00fa8733) x14 0x0000012d
core   0: 0x80007a18 (0x74b42013) slti    zero, s0, 1867
core   0: 3 0x80007a18 (0x74b42013)
core   0: 0x80007a1c (0xc4ed3093) sltiu   ra, s10, -946
core   0: 3 0x80007a1c (0xc4ed3093) x 1 0x00000001
core   0: 0x80007a20 (0x211f6793) ori     a5, t5, 529
core   0: 3 0x80007a20 (0x211f6793) x15 0x00000211
core   0: 0x80007a24 (0x8421a193) slti    gp, gp, -1982
core   0: 3 0x80007a24 (0x8421a193) x 3 0x00000000
core   0: 0x80007a28 (0x00207133) and     sp, zero, sp
core   0: 3 0x80007a28 (0x00207133) x 2 0x00000000
core   0: 0x80007a2c (0x00f24fb3) xor     t6, tp, a5
core   0: 3 0x80007a2c (0x00f24fb3) x31 0xfec3936c
core   0: 0x80007a30 (0x9a16fe13) andi    t3, a3, -1631
core   0: 3 0x80007a30 (0x9a16fe13) x28 0x80000021
core   0: 0x80007a34 (0xa6adbf97) auipc   t6, 0xa6adb
core   0: 3 0x80007a34 (0xa6adbf97) x31 0x26ae2a34
core   0: 0x80007a38 (0xfdcbe197) auipc   gp, 0xfdcbe
core   0: 3 0x80007a38 (0xfdcbe197) x 3 0x7dcc5a38
core   0: 0x80007a3c (0x40bfd413) srai    s0, t6, 11
core   0: 3 0x80007a3c (0x40bfd413) x 8 0x0004d5c5
core   0: 0x80007a40 (0xacfd2013) slti    zero, s10, -1329
core   0: 3 0x80007a40 (0xacfd2013)
core   0: 0x80007a44 (0x01ad8bb3) add     s7, s11, s10
core   0: 3 0x80007a44 (0x01ad8bb3) x23 0x1fc19000
core   0: 0x80007a48 (0x01d70333) add     t1, a4, t4
core   0: 3 0x80007a48 (0x01d70333) x 6 0x2188e93f
core   0: 0x80007a4c (0x41a45d13) srai    s10, s0, 26
core   0: 3 0x80007a4c (0x41a45d13) x26 0x00000000
core   0: 0x80007a50 (0x400e5a33) sra     s4, t3, zero
core   0: 3 0x80007a50 (0x400e5a33) x20 0x80000021
core   0: 0x80007a54 (0x01db1db3) sll     s11, s6, t4
core   0: 3 0x80007a54 (0x01db1db3) x27 0x00040000
core   0: 0x80007a58 (0x41845d13) srai    s10, s0, 24
core   0: 3 0x80007a58 (0x41845d13) x26 0x00000000
core   0: 0x80007a5c (0x005f1033) sll     zero, t5, t0
core   0: 3 0x80007a5c (0x005f1033)
core   0: 0x80007a60 (0xc7b44d93) xori    s11, s0, -901
core   0: 3 0x80007a60 (0xc7b44d93) x27 0xfffb29be
core   0: 0x80007a64 (0x009308b3) add     a7, t1, s1
core   0: 3 0x80007a64 (0x009308b3) x17 0xa18a4623
core   0: 0x80007a68 (0xd0007d13) andi    s10, zero, -768
core   0: 3 0x80007a68 (0xd0007d13) x26 0x00000000
core   0: 0x80007a6c (0x5a17ea13) ori     s4, a5, 1441
core   0: 3 0x80007a6c (0x5a17ea13) x20 0x000007b1
core   0: 0x80007a70 (0x01b5c733) xor     a4, a1, s11
core   0: 3 0x80007a70 (0x01b5c733) x14 0xab2560d2
core   0: 0x80007a74 (0xe0b56413) ori     s0, a0, -501
core   0: 3 0x80007a74 (0xe0b56413) x 8 0xfffffeef
core   0: 0x80007a78 (0x0081c9b3) xor     s3, gp, s0
core   0: 3 0x80007a78 (0x0081c9b3) x19 0x8233a4d7
core   0: 0x80007a7c (0x012121b3) slt     gp, sp, s2
core   0: 3 0x80007a7c (0x012121b3) x 3 0x00000001
core   0: 0x80007a80 (0x402f5a33) sra     s4, t5, sp
core   0: 3 0x80007a80 (0x402f5a33) x20 0x00000000
core   0: 0x80007a84 (0xc5967613) andi    a2, a2, -935
core   0: 3 0x80007a84 (0xc5967613) x12 0xb8c1b000
core   0: 0x80007a88 (0x00425833) srl     a6, tp, tp
core   0: 3 0x80007a88 (0x00425833) x16 0x00000007
core   0: 0x80007a8c (0x1240ac13) slti    s8, ra, 292
core   0: 3 0x80007a8c (0x1240ac13) x24 0x00000001
core   0: 0x80007a90 (0x6438eb93) ori     s7, a7, 1603
core   0: 3 0x80007a90 (0x6438eb93) x23 0xa18a4663
core   0: 0x80007a94 (0x00745e93) srli    t4, s0, 7
core   0: 3 0x80007a94 (0x00745e93) x29 0x01fffffd
core   0: 0x80007a98 (0xc2036f13) ori     t5, t1, -992
core   0: 3 0x80007a98 (0xc2036f13) x30 0xfffffd3f
core   0: 0x80007a9c (0x014af833) and     a6, s5, s4
core   0: 3 0x80007a9c (0x014af833) x16 0x00000000
core   0: 0x80007aa0 (0x00c21593) slli    a1, tp, 12
core   0: 3 0x80007aa0 (0x00c21593) x11 0x3917d000
core   0: 0x80007aa4 (0x00fea933) slt     s2, t4, a5
core   0: 3 0x80007aa4 (0x00fea933) x18 0x00000000
core   0: 0x80007aa8 (0x4014dab3) sra     s5, s1, ra
core   0: 3 0x80007aa8 (0x4014dab3) x21 0xc000ae72
core   0: 0x80007aac (0x0010ee33) or      t3, ra, ra
core   0: 3 0x80007aac (0x0010ee33) x28 0x00000001
core   0: 0x80007ab0 (0x27554d13) xori    s10, a0, 629
core   0: 3 0x80007ab0 (0x27554d13) x26 0x00000492
core   0: 0x80007ab4 (0x01ab2c33) slt     s8, s6, s10
core   0: 3 0x80007ab4 (0x01ab2c33) x24 0x00000001
core   0: 0x80007ab8 (0xea4efe13) andi    t3, t4, -348
core   0: 3 0x80007ab8 (0xea4efe13) x28 0x01fffea4
core   0: 0x80007abc (0x00f2d333) srl     t1, t0, a5
core   0: 3 0x80007abc (0x00f2d333) x 6 0x00001612
core   0: 0x80007ac0 (0x4b74cb93) xori    s7, s1, 1207
core   0: 3 0x80007ac0 (0x4b74cb93) x23 0x80015853
core   0: 0x80007ac4 (0xaa472597) auipc   a1, 0xaa472
core   0: 3 0x80007ac4 (0xaa472597) x11 0x2a479ac4
core   0: 0x80007ac8 (0x00e386b3) add     a3, t2, a4
core   0: 3 0x80007ac8 (0x00e386b3) x13 0x2b267f36
core   0: 0x80007acc (0x00f23fb3) sltu    t6, tp, a5
core   0: 3 0x80007acc (0x00f23fb3) x31 0x00000000
core   0: 0x80007ad0 (0xc6736793) ori     a5, t1, -921
core   0: 3 0x80007ad0 (0xc6736793) x15 0xfffffe77
core   0: 0x80007ad4 (0x81adb837) lui     a6, 0x81adb
core   0: 3 0x80007ad4 (0x81adb837) x16 0x81adb000
core   0: 0x80007ad8 (0xc5e20413) addi    s0, tp, -930
core   0: 3 0x80007ad8 (0xc5e20413) x 8 0xfec38ddb
core   0: 0x80007adc (0x00000013) nop
core   0: 3 0x80007adc (0x00000013)
core   0: 0x80007ae0 (0x409d0cb3) sub     s9, s10, s1
core   0: 3 0x80007ae0 (0x409d0cb3) x25 0x7ffea7ae
core   0: 0x80007ae4 (0xcc5cf697) auipc   a3, 0xcc5cf
core   0: 3 0x80007ae4 (0xcc5cf697) x13 0x4c5d6ae4
core   0: 0x80007ae8 (0xf905bc93) sltiu   s9, a1, -112
core   0: 3 0x80007ae8 (0xf905bc93) x25 0x00000001
core   0: 0x80007aec (0x006e9333) sll     t1, t4, t1
core   0: 3 0x80007aec (0x006e9333) x 6 0xfff40000
core   0: 0x80007af0 (0x00aeb133) sltu    sp, t4, a0
core   0: 3 0x80007af0 (0x00aeb133) x 2 0x00000000
core   0: 0x80007af4 (0x41eedd93) srai    s11, t4, 30
core   0: 3 0x80007af4 (0x41eedd93) x27 0x00000000
core   0: 0x80007af8 (0x001bf433) and     s0, s7, ra
core   0: 3 0x80007af8 (0x001bf433) x 8 0x00000001
core   0: 0x80007afc (0x75997793) andi    a5, s2, 1881
core   0: 3 0x80007afc (0x75997793) x15 0x00000000
core   0: 0x80007b00 (0x95937293) andi    t0, t1, -1703
core   0: 3 0x80007b00 (0x95937293) x 5 0xfff40000
core   0: 0x80007b04 (0x9551a593) slti    a1, gp, -1707
core   0: 3 0x80007b04 (0x9551a593) x11 0x00000000
core   0: 0x80007b08 (0x01bacbb3) xor     s7, s5, s11
core   0: 3 0x80007b08 (0x01bacbb3) x23 0xc000ae72
core   0: 0x80007b0c (0x00aabd33) sltu    s10, s5, a0
core   0: 3 0x80007b0c (0x00aabd33) x26 0x00000000
core   0: 0x80007b10 (0x00e9ce33) xor     t3, s3, a4
core   0: 3 0x80007b10 (0x00e9ce33) x28 0x2916c405
core   0: 0x80007b14 (0x018a42b3) xor     t0, s4, s8
core   0: 3 0x80007b14 (0x018a42b3) x 5 0x00000001
core   0: 0x80007b18 (0x1d562fb7) lui     t6, 0x1d562
core   0: 3 0x80007b18 (0x1d562fb7) x31 0x1d562000
core   0: 0x80007b1c (0x00ed61b3) or      gp, s10, a4
core   0: 3 0x80007b1c (0x00ed61b3) x 3 0xab2560d2
core   0: 0x80007b20 (0x41f95c93) srai    s9, s2, 31
core   0: 3 0x80007b20 (0x41f95c93) x25 0x00000000
core   0: 0x80007b24 (0x01a182b3) add     t0, gp, s10
core   0: 3 0x80007b24 (0x01a182b3) x 5 0xab2560d2
core   0: 0x80007b28 (0x4192dd13) srai    s10, t0, 25
core   0: 3 0x80007b28 (0x4192dd13) x26 0xffffffd5
core   0: 0x80007b2c (0x01bf56b3) srl     a3, t5, s11
core   0: 3 0x80007b2c (0x01bf56b3) x13 0xfffffd3f
core   0: 0x80007b30 (0x01df62b3) or      t0, t5, t4
core   0: 3 0x80007b30 (0x01df62b3) x 5 0xffffffff
core   0: 0x80007b34 (0x49a62413) slti    s0, a2, 1178
core   0: 3 0x80007b34 (0x49a62413) x 8 0x00000001
core   0: 0x80007b38 (0x2eb6f913) andi    s2, a3, 747
core   0: 3 0x80007b38 (0x2eb6f913) x18 0x0000002b
core   0: 0x80007b3c (0x63cc4893) xori    a7, s8, 1596
core   0: 3 0x80007b3c (0x63cc4893) x17 0x0000063d
core   0: 0x80007b40 (0x012c8333) add     t1, s9, s2
core   0: 3 0x80007b40 (0x012c8333) x 6 0x0000002b
core   0: 0x80007b44 (0x01755993) srli    s3, a0, 23
core   0: 3 0x80007b44 (0x01755993) x19 0x00000000
core   0: 0x80007b48 (0x405780b3) sub     ra, a5, t0
core   0: 3 0x80007b48 (0x405780b3) x 1 0x00000001
core   0: 0x80007b4c (0x5cfabc13) sltiu   s8, s5, 1487
core   0: 3 0x80007b4c (0x5cfabc13) x24 0x00000000
core   0: 0x80007b50 (0x0182bbb3) sltu    s7, t0, s8
core   0: 3 0x80007b50 (0x0182bbb3) x23 0x00000000
core   0: 0x80007b54 (0x00b19933) sll     s2, gp, a1
core   0: 3 0x80007b54 (0x00b19933) x18 0xab2560d2
core   0: 0x80007b58 (0x417b0b33) sub     s6, s6, s7
core   0: 3 0x80007b58 (0x417b0b33) x22 0x00000001
core   0: 0x80007b5c (0x0053d033) srl     zero, t2, t0
core   0: 3 0x80007b5c (0x0053d033)
core   0: 0x80007b60 (0x01465593) srli    a1, a2, 20
core   0: 3 0x80007b60 (0x01465593) x11 0x00000b8c
core   0: 0x80007b64 (0x4127dab3) sra     s5, a5, s2
core   0: 3 0x80007b64 (0x4127dab3) x21 0x00000000
core   0: 0x80007b68 (0x00692db3) slt     s11, s2, t1
core   0: 3 0x80007b68 (0x00692db3) x27 0x00000001
core   0: 0x80007b6c (0x00ef1033) sll     zero, t5, a4
core   0: 3 0x80007b6c (0x00ef1033)
core   0: 0x80007b70 (0x6a4b7613) andi    a2, s6, 1700
core   0: 3 0x80007b70 (0x6a4b7613) x12 0x00000000
core   0: 0x80007b74 (0x01e69413) slli    s0, a3, 30
core   0: 3 0x80007b74 (0x01e69413) x 8 0xc0000000
core   0: 0x80007b78 (0x001605b3) add     a1, a2, ra
core   0: 3 0x80007b78 (0x001605b3) x11 0x00000001
core   0: 0x80007b7c (0x01500433) add     s0, zero, s5
core   0: 3 0x80007b7c (0x01500433) x 8 0x00000000
core   0: 0x80007b80 (0x00000013) nop
core   0: 3 0x80007b80 (0x00000013)
core   0: 0x80007b84 (0x0015e5b3) or      a1, a1, ra
core   0: 3 0x80007b84 (0x0015e5b3) x11 0x00000001
core   0: 0x80007b88 (0xd9ebcc93) xori    s9, s7, -610
core   0: 3 0x80007b88 (0xd9ebcc93) x25 0xfffffd9e
core   0: 0x80007b8c (0x01b1de33) srl     t3, gp, s11
core   0: 3 0x80007b8c (0x01b1de33) x28 0x5592b069
core   0: 0x80007b90 (0x00883e33) sltu    t3, a6, s0
core   0: 3 0x80007b90 (0x00883e33) x28 0x00000000
core   0: 0x80007b94 (0x73b13293) sltiu   t0, sp, 1851
core   0: 3 0x80007b94 (0x73b13293) x 5 0x00000001
core   0: 0x80007b98 (0x009f1833) sll     a6, t5, s1
core   0: 3 0x80007b98 (0x009f1833) x16 0xffffd3f0
core   0: 0x80007b9c (0x00da3c33) sltu    s8, s4, a3
core   0: 3 0x80007b9c (0x00da3c33) x24 0x00000001
core   0: 0x80007ba0 (0x00000013) nop
core   0: 3 0x80007ba0 (0x00000013)
core   0: 0x80007ba4 (0x41d388b3) sub     a7, t2, t4
core   0: 3 0x80007ba4 (0x41d388b3) x17 0x7e011e67
core   0: 0x80007ba8 (0xf3656f13) ori     t5, a0, -202
core   0: 3 0x80007ba8 (0xf3656f13) x30 0xfffffff7
core   0: 0x80007bac (0x4073d893) srai    a7, t2, 7
core   0: 3 0x80007bac (0x4073d893) x17 0xff00023c
core   0: 0x80007bb0 (0x6ad17993) andi    s3, sp, 1709
core   0: 3 0x80007bb0 (0x6ad17993) x19 0x00000000
core   0: 0x80007bb4 (0x009d5913) srli    s2, s10, 9
core   0: 3 0x80007bb4 (0x009d5913) x18 0x007fffff
core   0: 0x80007bb8 (0xefad7513) andi    a0, s10, -262
core   0: 3 0x80007bb8 (0xefad7513) x10 0xfffffed0
core   0: 0x80007bbc (0x00c1adb3) slt     s11, gp, a2
core   0: 3 0x80007bbc (0x00c1adb3) x27 0x00000001
core   0: 0x80007bc0 (0x01a7ed33) or      s10, a5, s10
core   0: 3 0x80007bc0 (0x01a7ed33) x26 0xffffffd5
core   0: 0x80007bc4 (0x00781713) slli    a4, a6, 7
core   0: 3 0x80007bc4 (0x00781713) x14 0xffe9f800
core   0: 0x80007bc8 (0xac4d3f13) sltiu   t5, s10, -1340
core   0: 3 0x80007bc8 (0xac4d3f13) x30 0x00000000
core   0: 0x80007bcc (0xe0d1f013) andi    zero, gp, -499
core   0: 3 0x80007bcc (0xe0d1f013)
core   0: 0x80007bd0 (0x01949813) slli    a6, s1, 25
core   0: 3 0x80007bd0 (0x01949813) x16 0xc8000000
core   0: 0x80007bd4 (0x00bb76b3) and     a3, s6, a1
core   0: 3 0x80007bd4 (0x00bb76b3) x13 0x00000001
core   0: 0x80007bd8 (0x02693b93) sltiu   s7, s2, 38
core   0: 3 0x80007bd8 (0x02693b93) x23 0x00000000
core   0: 0x80007bdc (0x00bed893) srli    a7, t4, 11
core   0: 3 0x80007bdc (0x00bed893) x17 0x00003fff
core   0: 0x80007be0 (0xadf4c813) xori    a6, s1, -1313
core   0: 3 0x80007be0 (0xadf4c813) x16 0x7ffea63b
core   0: 0x80007be4 (0x00000013) nop
core   0: 3 0x80007be4 (0x00000013)
core   0: 0x80007be8 (0x408e5533) sra     a0, t3, s0
core   0: 3 0x80007be8 (0x408e5533) x10 0x00000000
core   0: 0x80007bec (0x14652293) slti    t0, a0, 326
core   0: 3 0x80007bec (0x14652293) x 5 0x00000001
core   0: 0x80007bf0 (0x5a643593) sltiu   a1, s0, 1446
core   0: 3 0x80007bf0 (0x5a643593) x11 0x00000001
core   0: 0x80007bf4 (0x012e1633) sll     a2, t3, s2
core   0: 3 0x80007bf4 (0x012e1633) x12 0x00000000
core   0: 0x80007bf8 (0x41558133) sub     sp, a1, s5
core   0: 3 0x80007bf8 (0x41558133) x 2 0x00000001
core   0: 0x80007bfc (0x01c7ff33) and     t5, a5, t3
core   0: 3 0x80007bfc (0x01c7ff33) x30 0x00000000
core   0: 0x80007c00 (0x8e9a3b93) sltiu   s7, s4, -1815
core   0: 3 0x80007c00 (0x8e9a3b93) x23 0x00000001
core   0: 0x80007c04 (0xd12aed37) lui     s10, 0xd12ae
core   0: 3 0x80007c04 (0xd12aed37) x26 0xd12ae000
core   0: 0x80007c08 (0x018945b3) xor     a1, s2, s8
core   0: 3 0x80007c08 (0x018945b3) x11 0x007ffffe
core   0: 0x80007c0c (0x01bb2533) slt     a0, s6, s11
core   0: 3 0x80007c0c (0x01bb2533) x10 0x00000000
core   0: 0x80007c10 (0x013a1d13) slli    s10, s4, 19
core   0: 3 0x80007c10 (0x013a1d13) x26 0x00000000
core   0: 0x80007c14 (0x018e7933) and     s2, t3, s8
core   0: 3 0x80007c14 (0x018e7933) x18 0x00000000
core   0: 0x80007c18 (0x775c8313) addi    t1, s9, 1909
core   0: 3 0x80007c18 (0x775c8313) x 6 0x00000513
core   0: 0x80007c1c (0x415b8eb3) sub     t4, s7, s5
core   0: 3 0x80007c1c (0x415b8eb3) x29 0x00000001
core   0: 0x80007c20 (0x01758433) add     s0, a1, s7
core   0: 3 0x80007c20 (0x01758433) x 8 0x007fffff
core   0: 0x80007c24 (0x41315f13) srai    t5, sp, 19
core   0: 3 0x80007c24 (0x41315f13) x30 0x00000000
core   0: 0x80007c28 (0x403ed993) srai    s3, t4, 3
core   0: 3 0x80007c28 (0x403ed993) x19 0x00000000
core   0: 0x80007c2c (0x00000013) nop
core   0: 3 0x80007c2c (0x00000013)
core   0: 0x80007c30 (0x6c574293) xori    t0, a4, 1733
core   0: 3 0x80007c30 (0x6c574293) x 5 0xffe9fec5
core   0: 0x80007c34 (0x001fc133) xor     sp, t6, ra
core   0: 3 0x80007c34 (0x001fc133) x 2 0x1d562001
core   0: 0x80007c38 (0x01d58bb3) add     s7, a1, t4
core   0: 3 0x80007c38 (0x01d58bb3) x23 0x007fffff
core   0: 0x80007c3c (0xb5bb8b93) addi    s7, s7, -1189
core   0: 3 0x80007c3c (0xb5bb8b93) x23 0x007ffb5a
core   0: 0x80007c40 (0xa016b313) sltiu   t1, a3, -1535
core   0: 3 0x80007c40 (0xa016b313) x 6 0x00000001
core   0: 0x80007c44 (0x00469f93) slli    t6, a3, 4
core   0: 3 0x80007c44 (0x00469f93) x31 0x00000010
core   0: 0x80007c48 (0x00000013) nop
core   0: 3 0x80007c48 (0x00000013)
core   0: 0x80007c4c (0x81f9eb13) ori     s6, s3, -2017
core   0: 3 0x80007c4c (0x81f9eb13) x22 0xfffff81f
core   0: 0x80007c50 (0x00334cb3) xor     s9, t1, gp
core   0: 3 0x80007c50 (0x00334cb3) x25 0xab2560d3
core   0: 0x80007c54 (0x01aa3b33) sltu    s6, s4, s10
core   0: 3 0x80007c54 (0x01aa3b33) x22 0x00000000
core   0: 0x80007c58 (0x00cc3133) sltu    sp, s8, a2
core   0: 3 0x80007c58 (0x00cc3133) x 2 0x00000000
core   0: 0x80007c5c (0x011de133) or      sp, s11, a7
core   0: 3 0x80007c5c (0x011de133) x 2 0x00003fff
core   0: 0x80007c60 (0x41090a33) sub     s4, s2, a6
core   0: 3 0x80007c60 (0x41090a33) x20 0x800159c5
core   0: 0x80007c64 (0xfafc8c13) addi    s8, s9, -81
core   0: 3 0x80007c64 (0xfafc8c13) x24 0xab256082
core   0: 0x80007c68 (0x00b68c33) add     s8, a3, a1
core   0: 3 0x80007c68 (0x00b68c33) x24 0x007fffff
core   0: 0x80007c6c (0xe6b84c93) xori    s9, a6, -405
core   0: 3 0x80007c6c (0xe6b84c93) x25 0x80015850
core   0: 0x80007c70 (0x25a28f93) addi    t6, t0, 602
core   0: 3 0x80007c70 (0x25a28f93) x31 0xffea011f
core   0: 0x80007c74 (0x006c0433) add     s0, s8, t1
core   0: 3 0x80007c74 (0x006c0433) x 8 0x00800000
core   0: 0x80007c78 (0x001722b3) slt     t0, a4, ra
core   0: 3 0x80007c78 (0x001722b3) x 5 0x00000001
core   0: 0x80007c7c (0x5b817593) andi    a1, sp, 1464
core   0: 3 0x80007c7c (0x5b817593) x11 0x000005b8
core   0: 0x80007c80 (0x00e76bb3) or      s7, a4, a4
core   0: 3 0x80007c80 (0x00e76bb3) x23 0xffe9f800
core   0: 0x80007c84 (0xb72b7113) andi    sp, s6, -1166
core   0: 3 0x80007c84 (0xb72b7113) x 2 0x00000000
core   0: 0x80007c88 (0x40508d33) sub     s10, ra, t0
core   0: 3 0x80007c88 (0x40508d33) x26 0x00000000
core   0: 0x80007c8c (0x00202cb3) slt     s9, zero, sp
core   0: 3 0x80007c8c (0x00202cb3) x25 0x00000000
core   0: 0x80007c90 (0xcb8ac693) xori    a3, s5, -840
core   0: 3 0x80007c90 (0xcb8ac693) x13 0xfffffcb8
core   0: 0x80007c94 (0x41805193) srai    gp, zero, 24
core   0: 3 0x80007c94 (0x41805193) x 3 0x00000000
core   0: 0x80007c98 (0x00421013) slli    zero, tp, 4
core   0: 3 0x80007c98 (0x00421013)
core   0: 0x80007c9c (0x01c43133) sltu    sp, s0, t3
core   0: 3 0x80007c9c (0x01c43133) x 2 0x00000000
core   0: 0x80007ca0 (0xc5f812b7) lui     t0, 0xc5f81
core   0: 3 0x80007ca0 (0xc5f812b7) x 5 0xc5f81000
core   0: 0x80007ca4 (0xee72fdb7) lui     s11, 0xee72f
core   0: 3 0x80007ca4 (0xee72fdb7) x27 0xee72f000
core   0: 0x80007ca8 (0xaba33313) sltiu   t1, t1, -1350
core   0: 3 0x80007ca8 (0xaba33313) x 6 0x00000001
core   0: 0x80007cac (0x005a06b3) add     a3, s4, t0
core   0: 3 0x80007cac (0x005a06b3) x13 0x45f969c5
core   0: 0x80007cb0 (0x40b4de33) sra     t3, s1, a1
core   0: 3 0x80007cb0 (0x40b4de33) x28 0xffffff80
core   0: 0x80007cb4 (0x0100a133) slt     sp, ra, a6
core   0: 3 0x80007cb4 (0x0100a133) x 2 0x00000001
core   0: 0x80007cb8 (0x3794b313) sltiu   t1, s1, 889
core   0: 3 0x80007cb8 (0x3794b313) x 6 0x00000000
core   0: 0x80007cbc (0x01e31093) slli    ra, t1, 30
core   0: 3 0x80007cbc (0x01e31093) x 1 0x00000000
core   0: 0x80007cc0 (0x010c20b3) slt     ra, s8, a6
core   0: 3 0x80007cc0 (0x010c20b3) x 1 0x00000001
core   0: 0x80007cc4 (0x401e5833) sra     a6, t3, ra
core   0: 3 0x80007cc4 (0x401e5833) x16 0xffffffc0
core   0: 0x80007cc8 (0xf0aaa913) slti    s2, s5, -246
core   0: 3 0x80007cc8 (0xf0aaa913) x18 0x00000000
core   0: 0x80007ccc (0xfa4ccc13) xori    s8, s9, -92
core   0: 3 0x80007ccc (0xfa4ccc13) x24 0xffffffa4
core   0: 0x80007cd0 (0x008dd413) srli    s0, s11, 8
core   0: 3 0x80007cd0 (0x008dd413) x 8 0x00ee72f0
core   0: 0x80007cd4 (0x01a7af33) slt     t5, a5, s10
core   0: 3 0x80007cd4 (0x01a7af33) x30 0x00000000
core   0: 0x80007cd8 (0xd76faa13) slti    s4, t6, -650
core   0: 3 0x80007cd8 (0xd76faa13) x20 0x00000001
core   0: 0x80007cdc (0x00000013) nop
core   0: 3 0x80007cdc (0x00000013)
core   0: 0x80007ce0 (0x01e3fe33) and     t3, t2, t5
core   0: 3 0x80007ce0 (0x01e3fe33) x28 0x00000000
core   0: 0x80007ce4 (0x006c2fb3) slt     t6, s8, t1
core   0: 3 0x80007ce4 (0x006c2fb3) x31 0x00000001
core   0: 0x80007ce8 (0x4019d513) srai    a0, s3, 1
core   0: 3 0x80007ce8 (0x4019d513) x10 0x00000000
core   0: 0x80007cec (0x00000013) nop
core   0: 3 0x80007cec (0x00000013)
core   0: 0x80007cf0 (0xdd5de313) ori     t1, s11, -555
core   0: 3 0x80007cf0 (0xdd5de313) x 6 0xfffffdd5
core   0: 0x80007cf4 (0xf153af13) slti    t5, t2, -235
core   0: 3 0x80007cf4 (0xf153af13) x30 0x00000001
core   0: 0x80007cf8 (0x40bbd033) sra     zero, s7, a1
core   0: 3 0x80007cf8 (0x40bbd033)
core   0: 0x80007cfc (0x01629193) slli    gp, t0, 22
core   0: 3 0x80007cfc (0x01629193) x 3 0x00000000
core   0: 0x80007d00 (0x00d19713) slli    a4, gp, 13
core   0: 3 0x80007d00 (0x00d19713) x14 0x00000000
core   0: 0x80007d04 (0x00000013) nop
core   0: 3 0x80007d04 (0x00000013)
core   0: 0x80007d08 (0x0167f033) and     zero, a5, s6
core   0: 3 0x80007d08 (0x0167f033)
core   0: 0x80007d0c (0x00000013) nop
core   0: 3 0x80007d0c (0x00000013)
core   0: 0x80007d10 (0x00000013) nop
core   0: 3 0x80007d10 (0x00000013)
core   0: 0x80007d14 (0xe4365837) lui     a6, 0xe4365
core   0: 3 0x80007d14 (0xe4365837) x16 0xe4365000
core   0: 0x80007d18 (0x3165ae93) slti    t4, a1, 790
core   0: 3 0x80007d18 (0x3165ae93) x29 0x00000000
core   0: 0x80007d1c (0x47b5bc13) sltiu   s8, a1, 1147
core   0: 3 0x80007d1c (0x47b5bc13) x24 0x00000000
core   0: 0x80007d20 (0x00f31e33) sll     t3, t1, a5
core   0: 3 0x80007d20 (0x00f31e33) x28 0xfffffdd5
core   0: 0x80007d24 (0x00407fb3) and     t6, zero, tp
core   0: 3 0x80007d24 (0x00407fb3) x31 0x00000000
core   0: 0x80007d28 (0x146a8893) addi    a7, s5, 326
core   0: 3 0x80007d28 (0x146a8893) x17 0x00000146
core   0: 0x80007d2c (0x16272793) slti    a5, a4, 354
core   0: 3 0x80007d2c (0x16272793) x15 0x00000001
core   0: 0x80007d30 (0x41ddda33) sra     s4, s11, t4
core   0: 3 0x80007d30 (0x41ddda33) x20 0xee72f000
core   0: 0x80007d34 (0x412bd913) srai    s2, s7, 18
core   0: 3 0x80007d34 (0x412bd913) x18 0xfffffffa
core   0: 0x80007d38 (0xe35c0f93) addi    t6, s8, -459
core   0: 3 0x80007d38 (0xe35c0f93) x31 0xfffffe35
core   0: 0x80007d3c (0x31ed5837) lui     a6, 0x31ed5
core   0: 3 0x80007d3c (0x31ed5837) x16 0x31ed5000
core   0: 0x80007d40 (0x00925693) srli    a3, tp, 9
core   0: 3 0x80007d40 (0x00925693) x13 0x007f61c8
core   0: 0x80007d44 (0x49692cb7) lui     s9, 0x49692
core   0: 3 0x80007d44 (0x49692cb7) x25 0x49692000
core   0: 0x80007d48 (0x0044f7b3) and     a5, s1, tp
core   0: 3 0x80007d48 (0x0044f7b3) x15 0x80011064
core   0: 0x80007d4c (0xea202593) slti    a1, zero, -350
core   0: 3 0x80007d4c (0xea202593) x11 0x00000000
core   0: 0x80007d50 (0xac543917) auipc   s2, 0xac543
core   0: 3 0x80007d50 (0xac543917) x18 0x2c54ad50
core   0: 0x80007d54 (0xfa786513) ori     a0, a6, -89
core   0: 3 0x80007d54 (0xfa786513) x10 0xffffffa7
core   0: 0x80007d58 (0xbb288f13) addi    t5, a7, -1102
core   0: 3 0x80007d58 (0xbb288f13) x30 0xfffffcf8
core   0: 0x80007d5c (0x003582b3) add     t0, a1, gp
core   0: 3 0x80007d5c (0x003582b3) x 5 0x00000000
core   0: 0x80007d60 (0x000ba2b3) slt     t0, s7, zero
core   0: 3 0x80007d60 (0x000ba2b3) x 5 0x00000001
core   0: 0x80007d64 (0x0154de13) srli    t3, s1, 21
core   0: 3 0x80007d64 (0x0154de13) x28 0x00000400
core   0: 0x80007d68 (0x006bb333) sltu    t1, s7, t1
core   0: 3 0x80007d68 (0x006bb333) x 6 0x00000001
core   0: 0x80007d6c (0x0122afb3) slt     t6, t0, s2
core   0: 3 0x80007d6c (0x0122afb3) x31 0x00000001
core   0: 0x80007d70 (0xa8d77413) andi    s0, a4, -1395
core   0: 3 0x80007d70 (0xa8d77413) x 8 0x00000000
core   0: 0x80007d74 (0x00000013) nop
core   0: 3 0x80007d74 (0x00000013)
core   0: 0x80007d78 (0x001b9593) slli    a1, s7, 1
core   0: 3 0x80007d78 (0x001b9593) x11 0xffd3f000
core   0: 0x80007d7c (0x40af5833) sra     a6, t5, a0
core   0: 3 0x80007d7c (0x40af5833) x16 0xfffffff9
core   0: 0x80007d80 (0x00000013) nop
core   0: 3 0x80007d80 (0x00000013)
core   0: 0x80007d84 (0x00ef7c33) and     s8, t5, a4
core   0: 3 0x80007d84 (0x00ef7c33) x24 0x00000000
core   0: 0x80007d88 (0x01789433) sll     s0, a7, s7
core   0: 3 0x80007d88 (0x01789433) x 8 0x00000146
core   0: 0x80007d8c (0x00000013) nop
core   0: 3 0x80007d8c (0x00000013)
core   0: 0x80007d90 (0x007032b3) snez    t0, t2
core   0: 3 0x80007d90 (0x007032b3) x 5 0x00000001
core   0: 0x80007d94 (0x01b95e33) srl     t3, s2, s11
core   0: 3 0x80007d94 (0x01b95e33) x28 0x2c54ad50
core   0: 0x80007d98 (0x2ced8997) auipc   s3, 0x2ced8
core   0: 3 0x80007d98 (0x2ced8997) x19 0xacedfd98
core   0: 0x80007d9c (0x80808993) addi    s3, ra, -2040
core   0: 3 0x80007d9c (0x80808993) x19 0xfffff809
core   0: 0x80007da0 (0x61d2c7b7) lui     a5, 0x61d2c
core   0: 3 0x80007da0 (0x61d2c7b7) x15 0x61d2c000
core   0: 0x80007da4 (0x01e69833) sll     a6, a3, t5
core   0: 3 0x80007da4 (0x01e69833) x16 0xc8000000
core   0: 0x80007da8 (0x01e6abb3) slt     s7, a3, t5
core   0: 3 0x80007da8 (0x01e6abb3) x23 0x00000000
core   0: 0x80007dac (0x44faf193) andi    gp, s5, 1103
core   0: 3 0x80007dac (0x44faf193) x 3 0x00000000
core   0: 0x80007db0 (0x00777cb3) and     s9, a4, t2
core   0: 3 0x80007db0 (0x00777cb3) x25 0x00000000
core   0: 0x80007db4 (0x006dcbb3) xor     s7, s11, t1
core   0: 3 0x80007db4 (0x006dcbb3) x23 0xee72f001
core   0: 0x80007db8 (0x41708a33) sub     s4, ra, s7
core   0: 3 0x80007db8 (0x41708a33) x20 0x118d1000
core   0: 0x80007dbc (0x00fb32b3) sltu    t0, s6, a5
core   0: 3 0x80007dbc (0x00fb32b3) x 5 0x00000001
core   0: 0x80007dc0 (0x53399437) lui     s0, 0x53399
core   0: 3 0x80007dc0 (0x53399437) x 8 0x53399000
core   0: 0x80007dc4 (0x0058bfb3) sltu    t6, a7, t0
core   0: 3 0x80007dc4 (0x0058bfb3) x31 0x00000000
core   0: 0x80007dc8 (0xdd40ad93) slti    s11, ra, -556
core   0: 3 0x80007dc8 (0xdd40ad93) x27 0x00000000
core   0: 0x80007dcc (0x015356b3) srl     a3, t1, s5
core   0: 3 0x80007dcc (0x015356b3) x13 0x00000001
core   0: 0x80007dd0 (0x01471d13) slli    s10, a4, 20
core   0: 3 0x80007dd0 (0x01471d13) x26 0x00000000
core   0: 0x80007dd4 (0x00000013) nop
core   0: 3 0x80007dd4 (0x00000013)
core   0: 0x80007dd8 (0x810f8193) addi    gp, t6, -2032
core   0: 3 0x80007dd8 (0x810f8193) x 3 0xfffff810
core   0: 0x80007ddc (0x81bb4e17) auipc   t3, 0x81bb4
core   0: 3 0x80007ddc (0x81bb4e17) x28 0x01bbbddc
core   0: 0x80007de0 (0x01bfeeb3) or      t4, t6, s11
core   0: 3 0x80007de0 (0x01bfeeb3) x29 0x00000000
core   0: 0x80007de4 (0x840ef793) andi    a5, t4, -1984
core   0: 3 0x80007de4 (0x840ef793) x15 0x00000000
core   0: 0x80007de8 (0xa050f593) andi    a1, ra, -1531
core   0: 3 0x80007de8 (0xa050f593) x11 0x00000001
core   0: 0x80007dec (0x00c91b93) slli    s7, s2, 12
core   0: 3 0x80007dec (0x00c91b93) x23 0x4ad50000
core   0: 0x80007df0 (0x7dd626b7) lui     a3, 0x7dd62
core   0: 3 0x80007df0 (0x7dd626b7) x13 0x7dd62000
core   0: 0x80007df4 (0x0099c533) xor     a0, s3, s1
core   0: 3 0x80007df4 (0x0099c533) x10 0x7ffea4ed
core   0: 0x80007df8 (0x84b15097) auipc   ra, 0x84b15
core   0: 3 0x80007df8 (0x84b15097) x 1 0x04b1cdf8
core   0: 0x80007dfc (0x457d3b93) sltiu   s7, s10, 1111
core   0: 3 0x80007dfc (0x457d3b93) x23 0x00000001
core   0: 0x80007e00 (0x0180b133) sltu    sp, ra, s8
core   0: 3 0x80007e00 (0x0180b133) x 2 0x00000000
core   0: 0x80007e04 (0x00e47933) and     s2, s0, a4
core   0: 3 0x80007e04 (0x00e47933) x18 0x00000000
core   0: 0x80007e08 (0x17796a13) ori     s4, s2, 375
core   0: 3 0x80007e08 (0x17796a13) x20 0x00000177
core   0: 0x80007e0c (0x001b9f33) sll     t5, s7, ra
core   0: 3 0x80007e0c (0x001b9f33) x30 0x01000000
core   0: 0x80007e10 (0x01125a33) srl     s4, tp, a7
core   0: 3 0x80007e10 (0x01125a33) x20 0x03fb0e45
core   0: 0x80007e14 (0x41f70a33) sub     s4, a4, t6
core   0: 3 0x80007e14 (0x41f70a33) x20 0x00000000
core   0: 0x80007e18 (0x58f63593) sltiu   a1, a2, 1423
core   0: 3 0x80007e18 (0x58f63593) x11 0x00000001
core   0: 0x80007e1c (0xa4cb8e13) addi    t3, s7, -1460
core   0: 3 0x80007e1c (0xa4cb8e13) x28 0xfffffa4d
core   0: 0x80007e20 (0xa1f54913) xori    s2, a0, -1505
core   0: 3 0x80007e20 (0xa1f54913) x18 0x80015ef2
core   0: 0x80007e24 (0x26a13193) sltiu   gp, sp, 618
core   0: 3 0x80007e24 (0x26a13193) x 3 0x00000001
core   0: 0x80007e28 (0x00b517b3) sll     a5, a0, a1
core   0: 3 0x80007e28 (0x00b517b3) x15 0xfffd49da
core   0: 0x80007e2c (0x01e4a033) slt     zero, s1, t5
core   0: 3 0x80007e2c (0x01e4a033)
core   0: 0x80007e30 (0x8340fe93) andi    t4, ra, -1996
core   0: 3 0x80007e30 (0x8340fe93) x29 0x04b1c830
core   0: 0x80007e34 (0x01369533) sll     a0, a3, s3
core   0: 3 0x80007e34 (0x01369533) x10 0xac400000
core   0: 0x80007e38 (0x00919c93) slli    s9, gp, 9
core   0: 3 0x80007e38 (0x00919c93) x25 0x00000200
core   0: 0x80007e3c (0xef40a993) slti    s3, ra, -268
core   0: 3 0x80007e3c (0xef40a993) x19 0x00000000
core   0: 0x80007e40 (0x16f3e693) ori     a3, t2, 367
core   0: 3 0x80007e40 (0x16f3e693) x13 0x80011f6f
core   0: 0x80007e44 (0xf35d6f93) ori     t6, s10, -203
core   0: 3 0x80007e44 (0xf35d6f93) x31 0xffffff35
core   0: 0x80007e48 (0x01f25c13) srli    s8, tp, 31
core   0: 3 0x80007e48 (0x01f25c13) x24 0x00000001
core   0: 0x80007e4c (0x01eea0b3) slt     ra, t4, t5
core   0: 3 0x80007e4c (0x01eea0b3) x 1 0x00000000
core   0: 0x80007e50 (0xf8406113) ori     sp, zero, -124
core   0: 3 0x80007e50 (0xf8406113) x 2 0xffffff84
core   0: 0x80007e54 (0x017dfeb3) and     t4, s11, s7
core   0: 3 0x80007e54 (0x017dfeb3) x29 0x00000000
core   0: 0x80007e58 (0x35be3937) lui     s2, 0x35be3
core   0: 3 0x80007e58 (0x35be3937) x18 0x35be3000
core   0: 0x80007e5c (0x00fbeb33) or      s6, s7, a5
core   0: 3 0x80007e5c (0x00fbeb33) x22 0xfffd49db
core   0: 0x80007e60 (0x41558fb3) sub     t6, a1, s5
core   0: 3 0x80007e60 (0x41558fb3) x31 0x00000001
core   0: 0x80007e64 (0x41d05eb3) sra     t4, zero, t4
core   0: 3 0x80007e64 (0x41d05eb3) x29 0x00000000
core   0: 0x80007e68 (0x00ba2db3) slt     s11, s4, a1
core   0: 3 0x80007e68 (0x00ba2db3) x27 0x00000001
core   0: 0x80007e6c (0x01651c93) slli    s9, a0, 22
core   0: 3 0x80007e6c (0x01651c93) x25 0x00000000
core   0: 0x80007e70 (0x00fd9613) slli    a2, s11, 15
core   0: 3 0x80007e70 (0x00fd9613) x12 0x00008000
core   0: 0x80007e74 (0x018f4433) xor     s0, t5, s8
core   0: 3 0x80007e74 (0x018f4433) x 8 0x01000001
core   0: 0x80007e78 (0x92ce0a93) addi    s5, t3, -1748
core   0: 3 0x80007e78 (0x92ce0a93) x21 0xfffff379
core   0: 0x80007e7c (0x01c5ca33) xor     s4, a1, t3
core   0: 3 0x80007e7c (0x01c5ca33) x20 0xfffffa4c
core   0: 0x80007e80 (0x40bf5f13) srai    t5, t5, 11
core   0: 3 0x80007e80 (0x40bf5f13) x30 0x00002000
core   0: 0x80007e84 (0x70940837) lui     a6, 0x70940
core   0: 3 0x80007e84 (0x70940837) x16 0x70940000
core   0: 0x80007e88 (0x01aae133) or      sp, s5, s10
core   0: 3 0x80007e88 (0x01aae133) x 2 0xfffff379
core   0: 0x80007e8c (0x01b85f33) srl     t5, a6, s11
core   0: 3 0x80007e8c (0x01b85f33) x30 0x384a0000
core   0: 0x80007e90 (0x5d27f293) andi    t0, a5, 1490
core   0: 3 0x80007e90 (0x5d27f293) x 5 0x000001d2
core   0: 0x80007e94 (0x41d4deb3) sra     t4, s1, t4
core   0: 3 0x80007e94 (0x41d4deb3) x29 0x80015ce4
core   0: 0x80007e98 (0x01e44eb3) xor     t4, s0, t5
core   0: 3 0x80007e98 (0x01e44eb3) x29 0x394a0001
core   0: 0x80007e9c (0xe78de793) ori     a5, s11, -392
core   0: 3 0x80007e9c (0xe78de793) x15 0xfffffe79
core   0: 0x80007ea0 (0x41225093) srai    ra, tp, 18
core   0: 3 0x80007ea0 (0x41225093) x 1 0xffffffb0
core   0: 0x80007ea4 (0x84450193) addi    gp, a0, -1980
core   0: 3 0x80007ea4 (0x84450193) x 3 0xac3ff844
core   0: 0x80007ea8 (0x40a505b3) sub     a1, a0, a0
core   0: 3 0x80007ea8 (0x40a505b3) x11 0x00000000
core   0: 0x80007eac (0x19cd4b93) xori    s7, s10, 412
core   0: 3 0x80007eac (0x19cd4b93) x23 0x0000019c
core   0: 0x80007eb0 (0x00c48bb3) add     s7, s1, a2
core   0: 3 0x80007eb0 (0x00c48bb3) x23 0x8001dce4
core   0: 0x80007eb4 (0x00cd5d33) srl     s10, s10, a2
core   0: 3 0x80007eb4 (0x00cd5d33) x26 0x00000000
core   0: 0x80007eb8 (0x00cbd533) srl     a0, s7, a2
core   0: 3 0x80007eb8 (0x00cbd533) x10 0x8001dce4
core   0: 0x80007ebc (0x01ee1833) sll     a6, t3, t5
core   0: 3 0x80007ebc (0x01ee1833) x16 0xfffffa4d
core   0: 0x80007ec0 (0x00e9ab33) slt     s6, s3, a4
core   0: 3 0x80007ec0 (0x00e9ab33) x22 0x00000000
core   0: 0x80007ec4 (0x017f71b3) and     gp, t5, s7
core   0: 3 0x80007ec4 (0x017f71b3) x 3 0x00000000
core   0: 0x80007ec8 (0x0104de93) srli    t4, s1, 16
core   0: 3 0x80007ec8 (0x0104de93) x29 0x00008001
core   0: 0x80007ecc (0x005f6133) or      sp, t5, t0
core   0: 3 0x80007ecc (0x005f6133) x 2 0x384a01d2
core   0: 0x80007ed0 (0x00fb30b3) sltu    ra, s6, a5
core   0: 3 0x80007ed0 (0x00fb30b3) x 1 0x00000001
core   0: 0x80007ed4 (0x01d41ab3) sll     s5, s0, t4
core   0: 3 0x80007ed4 (0x01d41ab3) x21 0x02000002
core   0: 0x80007ed8 (0x417b0933) sub     s2, s6, s7
core   0: 3 0x80007ed8 (0x417b0933) x18 0x7ffe231c
core   0: 0x80007edc (0x0034a033) slt     zero, s1, gp
core   0: 3 0x80007edc (0x0034a033)
core   0: 0x80007ee0 (0x01ca79b3) and     s3, s4, t3
core   0: 3 0x80007ee0 (0x01ca79b3) x19 0xfffffa4c
core   0: 0x80007ee4 (0x41978833) sub     a6, a5, s9
core   0: 3 0x80007ee4 (0x41978833) x16 0xfffffe79
core   0: 0x80007ee8 (0xb19e6313) ori     t1, t3, -1255
core   0: 3 0x80007ee8 (0xb19e6313) x 6 0xfffffb5d
core   0: 0x80007eec (0x4075d813) srai    a6, a1, 7
core   0: 3 0x80007eec (0x4075d813) x16 0x00000000
core   0: 0x80007ef0 (0x42703193) sltiu   gp, zero, 1063
core   0: 3 0x80007ef0 (0x42703193) x 3 0x00000001
core   0: 0x80007ef4 (0x01be5613) srli    a2, t3, 27
core   0: 3 0x80007ef4 (0x01be5613) x12 0x0000001f
core   0: 0x80007ef8 (0x01117a33) and     s4, sp, a7
core   0: 3 0x80007ef8 (0x01117a33) x20 0x00000142
core   0: 0x80007efc (0x00e34e33) xor     t3, t1, a4
core   0: 3 0x80007efc (0x00e34e33) x28 0xfffffb5d
core   0: 0x80007f00 (0x417c8133) sub     sp, s9, s7
core   0: 3 0x80007f00 (0x417c8133) x 2 0x7ffe231c
core   0: 0x80007f04 (0x4165d6b3) sra     a3, a1, s6
core   0: 3 0x80007f04 (0x4165d6b3) x13 0x00000000
core   0: 0x80007f08 (0x953f7813) andi    a6, t5, -1709
core   0: 3 0x80007f08 (0x953f7813) x16 0x384a0000
core   0: 0x80007f0c (0x0031a033) slt     zero, gp, gp
core   0: 3 0x80007f0c (0x0031a033)
core   0: 0x80007f10 (0xc27ca413) slti    s0, s9, -985
core   0: 3 0x80007f10 (0xc27ca413) x 8 0x00000000
core   0: 0x80007f14 (0x95958713) addi    a4, a1, -1703
core   0: 3 0x80007f14 (0x95958713) x14 0xfffff959
core   0: 0x80007f18 (0x00fdcd33) xor     s10, s11, a5
core   0: 3 0x80007f18 (0x00fdcd33) x26 0xfffffe78
core   0: 0x80007f1c (0x5dcf2597) auipc   a1, 0x5dcf2
core   0: 3 0x80007f1c (0x5dcf2597) x11 0xddcf9f1c
core   0: 0x80007f20 (0xc4a17113) andi    sp, sp, -950
core   0: 3 0x80007f20 (0xc4a17113) x 2 0x7ffe2008
core   0: 0x80007f24 (0x00436433) or      s0, t1, tp
core   0: 3 0x80007f24 (0x00436433) x 8 0xfffffb7d
core   0: 0x80007f28 (0x41690eb3) sub     t4, s2, s6
core   0: 3 0x80007f28 (0x41690eb3) x29 0x7ffe231c
core   0: 0x80007f2c (0x404508b3) sub     a7, a0, tp
core   0: 3 0x80007f2c (0x404508b3) x17 0x813e4b67
core   0: 0x80007f30 (0x96ff5097) auipc   ra, 0x96ff5
core   0: 3 0x80007f30 (0x96ff5097) x 1 0x16ffcf30
core   0: 0x80007f34 (0xf4354613) xori    a2, a0, -189
core   0: 3 0x80007f34 (0xf4354613) x12 0x7ffe23a7
core   0: 0x80007f38 (0x00000013) nop
core   0: 3 0x80007f38 (0x00000013)
core   0: 0x80007f3c (0x40a05633) sra     a2, zero, a0
core   0: 3 0x80007f3c (0x40a05633) x12 0x00000000
core   0: 0x80007f40 (0x01fdb1b3) sltu    gp, s11, t6
core   0: 3 0x80007f40 (0x01fdb1b3) x 3 0x00000000
core   0: 0x80007f44 (0x410e0cb3) sub     s9, t3, a6
core   0: 3 0x80007f44 (0x410e0cb3) x25 0xc7b5fb5d
core   0: 0x80007f48 (0x00481513) slli    a0, a6, 4
core   0: 3 0x80007f48 (0x00481513) x10 0x84a00000
core   0: 0x80007f4c (0x01eba733) slt     a4, s7, t5
core   0: 3 0x80007f4c (0x01eba733) x14 0x00000001
core   0: 0x80007f50 (0x00333833) sltu    a6, t1, gp
core   0: 3 0x80007f50 (0x00333833) x16 0x00000000
core   0: 0x80007f54 (0x018330b3) sltu    ra, t1, s8
core   0: 3 0x80007f54 (0x018330b3) x 1 0x00000000
core   0: 0x80007f58 (0x00aeb333) sltu    t1, t4, a0
core   0: 3 0x80007f58 (0x00aeb333) x 6 0x00000001
core   0: 0x80007f5c (0x0d9f3413) sltiu   s0, t5, 217
core   0: 3 0x80007f5c (0x0d9f3413) x 8 0x00000000
core   0: 0x80007f60 (0x005f7eb3) and     t4, t5, t0
core   0: 3 0x80007f60 (0x005f7eb3) x29 0x00000000
core   0: 0x80007f64 (0xfda77b93) andi    s7, a4, -38
core   0: 3 0x80007f64 (0xfda77b93) x23 0x00000000
core   0: 0x80007f68 (0x5c4ee413) ori     s0, t4, 1476
core   0: 3 0x80007f68 (0x5c4ee413) x 8 0x000005c4
core   0: 0x80007f6c (0x01ac0db3) add     s11, s8, s10
core   0: 3 0x80007f6c (0x01ac0db3) x27 0xfffffe79
core   0: 0x80007f70 (0x0012ecb3) or      s9, t0, ra
core   0: 3 0x80007f70 (0x0012ecb3) x25 0x000001d2
core   0: 0x80007f74 (0x40f85033) sra     zero, a6, a5
core   0: 3 0x80007f74 (0x40f85033)
core   0: 0x80007f78 (0x00dd0133) add     sp, s10, a3
core   0: 3 0x80007f78 (0x00dd0133) x 2 0xfffffe78
core   0: 0x80007f7c (0x4095d913) srai    s2, a1, 9
core   0: 3 0x80007f7c (0x4095d913) x18 0xffeee7cf
core   0: 0x80007f80 (0x865de193) ori     gp, s11, -1947
core   0: 3 0x80007f80 (0x865de193) x 3 0xfffffe7d
core   0: 0x80007f84 (0x40c15e93) srai    t4, sp, 12
core   0: 3 0x80007f84 (0x40c15e93) x29 0xffffffff
core   0: 0x80007f88 (0x01541093) slli    ra, s0, 21
core   0: 3 0x80007f88 (0x01541093) x 1 0xb8800000
core   0: 0x80007f8c (0x00f3d793) srli    a5, t2, 15
core   0: 3 0x80007f8c (0x00f3d793) x15 0x00010002
core   0: 0x80007f90 (0x770dee13) ori     t3, s11, 1904
core   0: 3 0x80007f90 (0x770dee13) x28 0xffffff79
core   0: 0x80007f94 (0x406a5333) sra     t1, s4, t1
core   0: 3 0x80007f94 (0x406a5333) x 6 0x000000a1
core   0: 0x80007f98 (0x00914a33) xor     s4, sp, s1
core   0: 3 0x80007f98 (0x00914a33) x20 0x7ffea29c
core   0: 0x80007f9c (0x0159e9b3) or      s3, s3, s5
core   0: 3 0x80007f9c (0x0159e9b3) x19 0xfffffa4e
core   0: 0x80007fa0 (0x4045deb3) sra     t4, a1, tp
core   0: 3 0x80007fa0 (0x4045deb3) x29 0xfffffffe
core   0: 0x80007fa4 (0x00731a33) sll     s4, t1, t2
core   0: 3 0x80007fa4 (0x00731a33) x20 0x00000a10
core   0: 0x80007fa8 (0x0003feb3) and     t4, t2, zero
core   0: 3 0x80007fa8 (0x0003feb3) x29 0x00000000
core   0: 0x80007fac (0x6341cd93) xori    s11, gp, 1588
core   0: 3 0x80007fac (0x6341cd93) x27 0xfffff849
core   0: 0x80007fb0 (0x007e52b3) srl     t0, t3, t2
core   0: 3 0x80007fb0 (0x007e52b3) x 5 0x0ffffff7
core   0: 0x80007fb4 (0x418fdd13) srai    s10, t6, 24
core   0: 3 0x80007fb4 (0x418fdd13) x26 0x00000000
core   0: 0x80007fb8 (0x0193ceb3) xor     t4, t2, s9
core   0: 3 0x80007fb8 (0x0193ceb3) x29 0x80011fb6
core   0: 0x80007fbc (0x01664133) xor     sp, a2, s6
core   0: 3 0x80007fbc (0x01664133) x 2 0x00000000
core   0: 0x80007fc0 (0x00000013) nop
core   0: 3 0x80007fc0 (0x00000013)
core   0: 0x80007fc4 (0x01235013) srli    zero, t1, 18
core   0: 3 0x80007fc4 (0x01235013)
core   0: 0x80007fc8 (0x8b206f93) ori     t6, zero, -1870
core   0: 3 0x80007fc8 (0x8b206f93) x31 0xfffff8b2
core   0: 0x80007fcc (0x014f9833) sll     a6, t6, s4
core   0: 3 0x80007fcc (0x014f9833) x16 0xf8b20000
core   0: 0x80007fd0 (0x0185e033) or      zero, a1, s8
core   0: 3 0x80007fd0 (0x0185e033)
core   0: 0x80007fd4 (0x00de5cb3) srl     s9, t3, a3
core   0: 3 0x80007fd4 (0x00de5cb3) x25 0xffffff79
core   0: 0x80007fd8 (0x00d5edb3) or      s11, a1, a3
core   0: 3 0x80007fd8 (0x00d5edb3) x27 0xddcf9f1c
core   0: 0x80007fdc (0x19c6f697) auipc   a3, 0x19c6f
core   0: 3 0x80007fdc (0x19c6f697) x13 0x99c76fdc
core   0: 0x80007fe0 (0x00c61613) slli    a2, a2, 12
core   0: 3 0x80007fe0 (0x00c61613) x12 0x00000000
core   0: 0x80007fe4 (0x01475793) srli    a5, a4, 20
core   0: 3 0x80007fe4 (0x01475793) x15 0x00000000
core   0: 0x80007fe8 (0x01d8cab3) xor     s5, a7, t4
core   0: 3 0x80007fe8 (0x01d8cab3) x21 0x013f54d1
core   0: 0x80007fec (0x01419ab3) sll     s5, gp, s4
core   0: 3 0x80007fec (0x01419ab3) x21 0xfe7d0000
core   0: 0x80007ff0 (0x00849b13) slli    s6, s1, 8
core   0: 3 0x80007ff0 (0x00849b13) x22 0x015ce400
core   0: 0x80007ff4 (0x018b1d13) slli    s10, s6, 24
core   0: 3 0x80007ff4 (0x018b1d13) x26 0x00000000
core   0: 0x80007ff8 (0x3e0f0713) addi    a4, t5, 992
core   0: 3 0x80007ff8 (0x3e0f0713) x14 0x384a03e0
core   0: 0x80007ffc (0x01588c33) add     s8, a7, s5
core   0: 3 0x80007ffc (0x01588c33) x24 0x7fbb4b67
core   0: 0x80008000 (0x00b12fb3) slt     t6, sp, a1
core   0: 3 0x80008000 (0x00b12fb3) x31 0x00000000
core   0: 0x80008004 (0x0c32f913) andi    s2, t0, 195
core   0: 3 0x80008004 (0x0c32f913) x18 0x000000c3
core   0: 0x80008008 (0x40d1d193) srai    gp, gp, 13
core   0: 3 0x80008008 (0x40d1d193) x 3 0xffffffff
core   0: 0x8000800c (0x39a3af13) slti    t5, t2, 922
core   0: 3 0x8000800c (0x39a3af13) x30 0x00000001
core   0: 0x80008010 (0x000921b3) slt     gp, s2, zero
core   0: 3 0x80008010 (0x000921b3) x 3 0x00000000
core   0: 0x80008014 (0xcabaaa13) slti    s4, s5, -853
core   0: 3 0x80008014 (0xcabaaa13) x20 0x00000001
core   0: 0x80008018 (0x00aa91b3) sll     gp, s5, a0
core   0: 3 0x80008018 (0x00aa91b3) x 3 0xfe7d0000
core   0: 0x8000801c (0x014d4933) xor     s2, s10, s4
core   0: 3 0x8000801c (0x014d4933) x18 0x00000001
core   0: 0x80008020 (0x035ae537) lui     a0, 0x35ae
core   0: 3 0x80008020 (0x035ae537) x10 0x035ae000
core   0: 0x80008024 (0x01f286b3) add     a3, t0, t6
core   0: 3 0x80008024 (0x01f286b3) x13 0x0ffffff7
core   0: 0x80008028 (0x01ef99b3) sll     s3, t6, t5
core   0: 3 0x80008028 (0x01ef99b3) x19 0x00000000
core   0: 0x8000802c (0x01fdfb33) and     s6, s11, t6
core   0: 3 0x8000802c (0x01fdfb33) x22 0x00000000
core   0: 0x80008030 (0xdaf9fa13) andi    s4, s3, -593
core   0: 3 0x80008030 (0xdaf9fa13) x20 0x00000000
core   0: 0x80008034 (0x2728a793) slti    a5, a7, 626
core   0: 3 0x80008034 (0x2728a793) x15 0x00000001
core   0: 0x80008038 (0x8646ab13) slti    s6, a3, -1948
core   0: 3 0x80008038 (0x8646ab13) x22 0x00000000
core   0: 0x8000803c (0x015c8f33) add     t5, s9, s5
core   0: 3 0x8000803c (0x015c8f33) x30 0xfe7cff79
core   0: 0x80008040 (0x0082dd33) srl     s10, t0, s0
core   0: 3 0x80008040 (0x0082dd33) x26 0x00ffffff
core   0: 0x80008044 (0x80000a37) lui     s4, 0x80000
core   0: 3 0x80008044 (0x80000a37) x20 0x80000000
core   0: 0x80008048 (0xfff00113) li      sp, -1
core   0: 3 0x80008048 (0xfff00113) x 2 0xffffffff
core   0: 0x8000804c (0x00000b13) li      s6, 0
core   0: 3 0x8000804c (0x00000b13) x22 0x00000000
core   0: 0x80008050 (0xfff00293) li      t0, -1
core   0: 3 0x80008050 (0xfff00293) x 5 0xffffffff
core   0: 0x80008054 (0xfff00813) li      a6, -1
core   0: 3 0x80008054 (0xfff00813) x16 0xffffffff
core   0: 0x80008058 (0x800007b7) lui     a5, 0x80000
core   0: 3 0x80008058 (0x800007b7) x15 0x80000000
core   0: 0x8000805c (0x00000d93) li      s11, 0
core   0: 3 0x8000805c (0x00000d93) x27 0x00000000
core   0: 0x80008060 (0x94f77cb7) lui     s9, 0x94f77
core   0: 3 0x80008060 (0x94f77cb7) x25 0x94f77000
core   0: 0x80008064 (0x974c8c93) addi    s9, s9, -1676
core   0: 3 0x80008064 (0x974c8c93) x25 0x94f76974
core   0: 0x80008068 (0x00000693) li      a3, 0
core   0: 3 0x80008068 (0x00000693) x13 0x00000000
core   0: 0x8000806c (0x779010b7) lui     ra, 0x77901
core   0: 3 0x8000806c (0x779010b7) x 1 0x77901000
core   0: 0x80008070 (0x38c08093) addi    ra, ra, 908
core   0: 3 0x80008070 (0x38c08093) x 1 0x7790138c
core   0: 0x80008074 (0xc6b21b17) auipc   s6, 0xc6b21
core   0: 3 0x80008074 (0xc6b21b17) x22 0x46b29074
core   0: 0x80008078 (0x98057797) auipc   a5, 0x98057
core   0: 3 0x80008078 (0x98057797) x15 0x1805f078
core   0: 0x8000807c (0x414280b3) sub     ra, t0, s4
core   0: 3 0x8000807c (0x414280b3) x 1 0x7fffffff
core   0: 0x80008080 (0x019800b3) add     ra, a6, s9
core   0: 3 0x80008080 (0x019800b3) x 1 0x94f76973
core   0: 0x80008084 (0x00000013) nop
core   0: 3 0x80008084 (0x00000013)
core   0: 0x80008088 (0x1f128c93) addi    s9, t0, 497
core   0: 3 0x80008088 (0x1f128c93) x25 0x000001f0
core   0: 0x8000808c (0x416b06b3) sub     a3, s6, s6
core   0: 3 0x8000808c (0x416b06b3) x13 0x00000000
core   0: 0x80008090 (0xebbafb17) auipc   s6, 0xebbaf
core   0: 3 0x80008090 (0xebbafb17) x22 0x6bbb7090
core   0: 0x80008094 (0x163ff137) lui     sp, 0x163ff
core   0: 3 0x80008094 (0x163ff137) x 2 0x163ff000
core   0: 0x80008098 (0x00000013) nop
core   0: 3 0x80008098 (0x00000013)
core   0: 0x8000809c (0x33ec8693) addi    a3, s9, 830
core   0: 3 0x8000809c (0x33ec8693) x13 0x0000052e
core   0: 0x800080a0 (0x90a27097) auipc   ra, 0x90a27
core   0: 3 0x800080a0 (0x90a27097) x 1 0x10a2f0a0
core   0: 0x800080a4 (0x401a0133) sub     sp, s4, ra
core   0: 3 0x800080a4 (0x401a0133) x 2 0x6f5d0f60
core   0: 0x800080a8 (0x00000013) nop
core   0: 3 0x800080a8 (0x00000013)
core   0: 0x800080ac (0xff346db7) lui     s11, 0xff346
core   0: 3 0x800080ac (0xff346db7) x27 0xff346000
core   0: 0x800080b0 (0xb5180d93) addi    s11, a6, -1199
core   0: 3 0x800080b0 (0xb5180d93) x27 0xfffffb50
core   0: 0x800080b4 (0x00fc86b3) add     a3, s9, a5
core   0: 3 0x800080b4 (0x00fc86b3) x13 0x1805f268
core   0: 0x800080b8 (0x40dc8133) sub     sp, s9, a3
core   0: 3 0x800080b8 (0x40dc8133) x 2 0xe7fa0f88
core   0: 0x800080bc (0xe46816b7) lui     a3, 0xe4681
core   0: 3 0x800080bc (0xe46816b7) x13 0xe4681000
core   0: 0x800080c0 (0x00000013) nop
core   0: 3 0x800080c0 (0x00000013)
core   0: 0x800080c4 (0x0005d633) srl     a2, a1, zero
core   0: 3 0x800080c4 (0x0005d633) x12 0xddcf9f1c
core   0: 0x800080c8 (0x01261413) slli    s0, a2, 18
core   0: 3 0x800080c8 (0x01261413) x 8 0x7c700000
core   0: 0x800080cc (0xbc6bfc13) andi    s8, s7, -1082
core   0: 3 0x800080cc (0xbc6bfc13) x24 0x00000000
core   0: 0x800080d0 (0x00000013) nop
core   0: 3 0x800080d0 (0x00000013)
core   0: 0x800080d4 (0x01cc8733) add     a4, s9, t3
core   0: 3 0x800080d4 (0x01cc8733) x14 0x00000169
core   0: 0x800080d8 (0x41d80d33) sub     s10, a6, t4
core   0: 3 0x800080d8 (0x41d80d33) x26 0x7ffee049
core   0: 0x800080dc (0x011566b3) or      a3, a0, a7
core   0: 3 0x800080dc (0x011566b3) x13 0x837eeb67
core   0: 0x800080e0 (0x0ee20693) addi    a3, tp, 238
core   0: 3 0x800080e0 (0x0ee20693) x13 0xfec3926b
core   0: 0x800080e4 (0x0088ebb3) or      s7, a7, s0
core   0: 3 0x800080e4 (0x0088ebb3) x23 0xfd7e4b67
core   0: 0x800080e8 (0xc4213293) sltiu   t0, sp, -958
core   0: 3 0x800080e8 (0xc4213293) x 5 0x00000001
core   0: 0x800080ec (0x017b0ab3) add     s5, s6, s7
core   0: 3 0x800080ec (0x017b0ab3) x21 0x6939bbf7
core   0: 0x800080f0 (0x2ce93313) sltiu   t1, s2, 718
core   0: 3 0x800080f0 (0x2ce93313) x 6 0x00000001
core   0: 0x800080f4 (0x01d35313) srli    t1, t1, 29
core   0: 3 0x800080f4 (0x01d35313) x 6 0x00000000
core   0: 0x800080f8 (0x009057b3) srl     a5, zero, s1
core   0: 3 0x800080f8 (0x009057b3) x15 0x00000000
core   0: 0x800080fc (0x7f0a8813) addi    a6, s5, 2032
core   0: 3 0x800080fc (0x7f0a8813) x16 0x6939c3e7
core   0: 0x80008100 (0xf9b7ad13) slti    s10, a5, -101
core   0: 3 0x80008100 (0xf9b7ad13) x26 0x00000000
core   0: 0x80008104 (0x01813ab3) sltu    s5, sp, s8
core   0: 3 0x80008104 (0x01813ab3) x21 0x00000000
core   0: 0x80008108 (0xc9c4c613) xori    a2, s1, -868
core   0: 3 0x80008108 (0xc9c4c613) x12 0x7ffea078
core   0: 0x8000810c (0x8c25b693) sltiu   a3, a1, -1854
core   0: 3 0x8000810c (0x8c25b693) x13 0x00000001
core   0: 0x80008110 (0xd4eea993) slti    s3, t4, -690
core   0: 3 0x80008110 (0xd4eea993) x19 0x00000001
core   0: 0x80008114 (0x1aa42f93) slti    t6, s0, 426
core   0: 3 0x80008114 (0x1aa42f93) x31 0x00000000
core   0: 0x80008118 (0x405a89b3) sub     s3, s5, t0
core   0: 3 0x80008118 (0x405a89b3) x19 0xffffffff
core   0: 0x8000811c (0x0040e8b3) or      a7, ra, tp
core   0: 3 0x8000811c (0x0040e8b3) x17 0xfee3f1fd
core   0: 0x80008120 (0x01f3f533) and     a0, t2, t6
core   0: 3 0x80008120 (0x01f3f533) x10 0x00000000
core   0: 0x80008124 (0xf1254d97) auipc   s11, 0xf1254
core   0: 3 0x80008124 (0xf1254d97) x27 0x7125c124
core   0: 0x80008128 (0x01681833) sll     a6, a6, s6
core   0: 3 0x80008128 (0x01681833) x16 0xc3e70000
core   0: 0x8000812c (0x011fb533) sltu    a0, t6, a7
core   0: 3 0x8000812c (0x011fb533) x10 0x00000001
core   0: 0x80008130 (0xc719ac93) slti    s9, s3, -911
core   0: 3 0x80008130 (0xc719ac93) x25 0x00000000
core   0: 0x80008134 (0x42632913) slti    s2, t1, 1062
core   0: 3 0x80008134 (0x42632913) x18 0x00000001
core   0: 0x80008138 (0x405dd6b3) sra     a3, s11, t0
core   0: 3 0x80008138 (0x405dd6b3) x13 0x3892e092
core   0: 0x8000813c (0x001a0933) add     s2, s4, ra
core   0: 3 0x8000813c (0x001a0933) x18 0x90a2f0a0
core   0: 0x80008140 (0xace36413) ori     s0, t1, -1330
core   0: 3 0x80008140 (0xace36413) x 8 0xffffface
core   0: 0x80008144 (0x005b2d33) slt     s10, s6, t0
core   0: 3 0x80008144 (0x005b2d33) x26 0x00000000
core   0: 0x80008148 (0x401cd913) srai    s2, s9, 1
core   0: 3 0x80008148 (0x401cd913) x18 0x00000000
core   0: 0x8000814c (0x00e11a33) sll     s4, sp, a4
core   0: 3 0x8000814c (0x00e11a33) x20 0xf41f1000
core   0: 0x80008150 (0x45732b13) slti    s6, t1, 1111
core   0: 3 0x80008150 (0x45732b13) x22 0x00000001
core   0: 0x80008154 (0x01967533) and     a0, a2, s9
core   0: 3 0x80008154 (0x01967533) x10 0x00000000
core   0: 0x80008158 (0x60607913) andi    s2, zero, 1542
core   0: 3 0x80008158 (0x60607913) x18 0x00000000
core   0: 0x8000815c (0x79a07317) auipc   t1, 0x79a07
core   0: 3 0x8000815c (0x79a07317) x 6 0xf9a0f15c
core   0: 0x80008160 (0x40f15833) sra     a6, sp, a5
core   0: 3 0x80008160 (0x40f15833) x16 0xe7fa0f88
core   0: 0x80008164 (0x0131c733) xor     a4, gp, s3
core   0: 3 0x80008164 (0x0131c733) x14 0x0182ffff
core   0: 0x80008168 (0x01be99b3) sll     s3, t4, s11
core   0: 3 0x80008168 (0x01be99b3) x19 0x0011fb60
core   0: 0x8000816c (0x78ad4617) auipc   a2, 0x78ad4
core   0: 3 0x8000816c (0x78ad4617) x12 0xf8adc16c
core   0: 0x80008170 (0x00c05a93) srli    s5, zero, 12
core   0: 3 0x80008170 (0x00c05a93) x21 0x00000000
core   0: 0x80008174 (0x18650513) addi    a0, a0, 390
core   0: 3 0x80008174 (0x18650513) x10 0x00000186
core   0: 0x80008178 (0xc7e0e293) ori     t0, ra, -898
core   0: 3 0x80008178 (0xc7e0e293) x 5 0xfffffcfe
core   0: 0x8000817c (0x010dab33) slt     s6, s11, a6
core   0: 3 0x8000817c (0x010dab33) x22 0x00000000
core   0: 0x80008180 (0x279b6b13) ori     s6, s6, 633
core   0: 3 0x80008180 (0x279b6b13) x22 0x00000279
core   0: 0x80008184 (0x569a4693) xori    a3, s4, 1385
core   0: 3 0x80008184 (0x569a4693) x13 0xf41f1569
core   0: 0x80008188 (0x68832093) slti    ra, t1, 1672
core   0: 3 0x80008188 (0x68832093) x 1 0x00000001
core   0: 0x8000818c (0x004482b3) add     t0, s1, tp
core   0: 3 0x8000818c (0x004482b3) x 5 0x7ec4ee61
core   0: 0x80008190 (0x136bfa93) andi    s5, s7, 310
core   0: 3 0x80008190 (0x136bfa93) x21 0x00000126
core   0: 0x80008194 (0xd5da8793) addi    a5, s5, -675
core   0: 3 0x80008194 (0xd5da8793) x15 0xfffffe83
core   0: 0x80008198 (0xb058e0b7) lui     ra, 0xb058e
core   0: 3 0x80008198 (0xb058e0b7) x 1 0xb058e000
core   0: 0x8000819c (0x2cc08093) addi    ra, ra, 716
core   0: 3 0x8000819c (0x2cc08093) x 1 0xb058e2cc
core   0: 0x800081a0 (0x80000537) lui     a0, 0x80000
core   0: 3 0x800081a0 (0x80000537) x10 0x80000000
core   0: 0x800081a4 (0x00000293) li      t0, 0
core   0: 3 0x800081a4 (0x00000293) x 5 0x00000000
core   0: 0x800081a8 (0xfff00713) li      a4, -1
core   0: 3 0x800081a8 (0xfff00713) x14 0xffffffff
core   0: 0x800081ac (0x00000193) li      gp, 0
core   0: 3 0x800081ac (0x00000193) x 3 0x00000000
core   0: 0x800081b0 (0x40fa29b7) lui     s3, 0x40fa2
core   0: 3 0x800081b0 (0x40fa29b7) x19 0x40fa2000
core   0: 0x800081b4 (0xd6498993) addi    s3, s3, -668
core   0: 3 0x800081b4 (0xd6498993) x19 0x40fa1d64
core   0: 0x800081b8 (0x80000137) lui     sp, 0x80000
core   0: 3 0x800081b8 (0x80000137) x 2 0x80000000
core   0: 0x800081bc (0x06ad27b7) lui     a5, 0x6ad2
core   0: 3 0x800081bc (0x06ad27b7) x15 0x06ad2000
core   0: 0x800081c0 (0x11978793) addi    a5, a5, 281
core   0: 3 0x800081c0 (0x11978793) x15 0x06ad2119
core   0: 0x800081c4 (0xfff00d13) li      s10, -1
core   0: 3 0x800081c4 (0xfff00d13) x26 0xffffffff
core   0: 0x800081c8 (0xfff00c93) li      s9, -1
core   0: 3 0x800081c8 (0xfff00c93) x25 0xffffffff
core   0: 0x800081cc (0x2cb10c93) addi    s9, sp, 715
core   0: 3 0x800081cc (0x2cb10c93) x25 0x800002cb
core   0: 0x800081d0 (0xe5978293) addi    t0, a5, -423
core   0: 3 0x800081d0 (0xe5978293) x 5 0x06ad1f72
core   0: 0x800081d4 (0xca148737) lui     a4, 0xca148
core   0: 3 0x800081d4 (0xca148737) x14 0xca148000
core   0: 0x800081d8 (0x0b2b82b7) lui     t0, 0xb2b8
core   0: 3 0x800081d8 (0x0b2b82b7) x 5 0x0b2b8000
core   0: 0x800081dc (0x00000013) nop
core   0: 3 0x800081dc (0x00000013)
core   0: 0x800081e0 (0x405d09b3) sub     s3, s10, t0
core   0: 3 0x800081e0 (0x405d09b3) x19 0xf4d47fff
core   0: 0x800081e4 (0x01fbd117) auipc   sp, 0x1fbd
core   0: 3 0x800081e4 (0x01fbd117) x 2 0x81fc51e4
core   0: 0x800081e8 (0x058d0293) addi    t0, s10, 88
core   0: 3 0x800081e8 (0x058d0293) x 5 0x00000057
core   0: 0x800081ec (0x00000013) nop
core   0: 3 0x800081ec (0x00000013)
core   0: 0x800081f0 (0x72a8b9b7) lui     s3, 0x72a8b
core   0: 3 0x800081f0 (0x72a8b9b7) x19 0x72a8b000
core   0: 0x800081f4 (0x1d26cd17) auipc   s10, 0x1d26c
core   0: 3 0x800081f4 (0x1d26cd17) x26 0x9d2741f4
core   0: 0x800081f8 (0x00000013) nop
core   0: 3 0x800081f8 (0x00000013)
core   0: 0x800081fc (0xf68d97b7) lui     a5, 0xf68d9
core   0: 3 0x800081fc (0xf68d97b7) x15 0xf68d9000
core   0: 0x80008200 (0x00000013) nop
core   0: 3 0x80008200 (0x00000013)
core   0: 0x80008204 (0x01ad0d33) add     s10, s10, s10
core   0: 3 0x80008204 (0x01ad0d33) x26 0x3a4e83e8
core   0: 0x80008208 (0xbf0d19b7) lui     s3, 0xbf0d1
core   0: 3 0x80008208 (0xbf0d19b7) x19 0xbf0d1000
core   0: 0x8000820c (0xab68e137) lui     sp, 0xab68e
core   0: 3 0x8000820c (0xab68e137) x 2 0xab68e000
core   0: 0x80008210 (0x6ce99997) auipc   s3, 0x6ce99
core   0: 3 0x80008210 (0x6ce99997) x19 0xecea1210
core   0: 0x80008214 (0x01a70533) add     a0, a4, s10
core   0: 3 0x80008214 (0x01a70533) x10 0x046303e8
core   0: 0x80008218 (0x419c8133) sub     sp, s9, s9
core   0: 3 0x80008218 (0x419c8133) x 2 0x00000000
core   0: 0x8000821c (0x91892b13) slti    s6, s2, -1768
core   0: 3 0x8000821c (0x91892b13) x22 0x00000000
core   0: 0x80008220 (0x013d5933) srl     s2, s10, s3
core   0: 3 0x80008220 (0x013d5933) x18 0x00003a4e
core   0: 0x80008224 (0x00a63433) sltu    s0, a2, a0
core   0: 3 0x80008224 (0x00a63433) x 8 0x00000000
core   0: 0x80008228 (0xe11aea13) ori     s4, s5, -495
core   0: 3 0x80008228 (0xe11aea13) x20 0xffffff37
core   0: 0x8000822c (0x496f7913) andi    s2, t5, 1174
core   0: 3 0x8000822c (0x496f7913) x18 0x00000410
core   0: 0x80008230 (0x01809513) slli    a0, ra, 24
core   0: 3 0x80008230 (0x01809513) x10 0xcc000000
core   0: 0x80008234 (0xa3db7c13) andi    s8, s6, -1475
core   0: 3 0x80008234 (0xa3db7c13) x24 0x00000000
core   0: 0x80008238 (0x3a7df2b7) lui     t0, 0x3a7df
core   0: 3 0x80008238 (0x3a7df2b7) x 5 0x3a7df000
core   0: 0x8000823c (0x6a157593) andi    a1, a0, 1697
core   0: 3 0x8000823c (0x6a157593) x11 0x00000000
core   0: 0x80008240 (0x40a5dd13) srai    s10, a1, 10
core   0: 3 0x80008240 (0x40a5dd13) x26 0x00000000
core   0: 0x80008244 (0x008cdb33) srl     s6, s9, s0
core   0: 3 0x80008244 (0x008cdb33) x22 0x800002cb
core   0: 0x80008248 (0x3857f693) andi    a3, a5, 901
core   0: 3 0x80008248 (0x3857f693) x13 0x00000000
core   0: 0x8000824c (0x00485433) srl     s0, a6, tp
core   0: 3 0x8000824c (0x00485433) x 8 0x00000007
core   0: 0x80008250 (0x01b46ab3) or      s5, s0, s11
core   0: 3 0x80008250 (0x01b46ab3) x21 0x7125c127
core   0: 0x80008254 (0xcb0a9037) lui     zero, 0xcb0a9
core   0: 3 0x80008254 (0xcb0a9037)
core   0: 0x80008258 (0x41215513) srai    a0, sp, 18
core   0: 3 0x80008258 (0x41215513) x10 0x00000000
core   0: 0x8000825c (0xe6026c13) ori     s8, tp, -416
core   0: 3 0x8000825c (0xe6026c13) x24 0xffffff7d
core   0: 0x80008260 (0x01511893) slli    a7, sp, 21
core   0: 3 0x80008260 (0x01511893) x17 0x00000000
core   0: 0x80008264 (0x415e01b3) sub     gp, t3, s5
core   0: 3 0x80008264 (0x415e01b3) x 3 0x8eda3e52
core   0: 0x80008268 (0x01254033) xor     zero, a0, s2
core   0: 3 0x80008268 (0x01254033)
core   0: 0x8000826c (0x140c4413) xori    s0, s8, 320
core   0: 3 0x8000826c (0x140c4413) x 8 0xfffffe3d
core   0: 0x80008270 (0x001cde13) srli    t3, s9, 1
core   0: 3 0x80008270 (0x001cde13) x28 0x40000165
core   0: 0x80008274 (0x01c09fb3) sll     t6, ra, t3
core   0: 3 0x80008274 (0x01c09fb3) x31 0x0b1c5980
core   0: 0x80008278 (0x052ebc93) sltiu   s9, t4, 82
core   0: 3 0x80008278 (0x052ebc93) x25 0x00000000
core   0: 0x8000827c (0x0025c5b3) xor     a1, a1, sp
core   0: 3 0x8000827c (0x0025c5b3) x11 0x00000000
core   0: 0x80008280 (0x0171da33) srl     s4, gp, s7
core   0: 3 0x80008280 (0x0171da33) x20 0x011db47c
core   0: 0x80008284 (0xa02f8193) addi    gp, t6, -1534
core   0: 3 0x80008284 (0xa02f8193) x 3 0x0b1c5382
core   0: 0x80008288 (0x5146e337) lui     t1, 0x5146e
core   0: 3 0x80008288 (0x5146e337) x 6 0x5146e000
core   0: 0x8000828c (0x00bfc033) xor     zero, t6, a1
core   0: 3 0x8000828c (0x00bfc033)
core   0: 0x80008290 (0x41acd613) srai    a2, s9, 26
core   0: 3 0x80008290 (0x41acd613) x12 0x00000000
core   0: 0x80008294 (0xbb5b2293) slti    t0, s6, -1099
core   0: 3 0x80008294 (0xbb5b2293) x 5 0x00000001
core   0: 0x80008298 (0x14918613) addi    a2, gp, 329
core   0: 3 0x80008298 (0x14918613) x12 0x0b1c54cb
core   0: 0x8000829c (0x41615693) srai    a3, sp, 22
core   0: 3 0x8000829c (0x41615693) x13 0x00000000
core   0: 0x800082a0 (0x01cb12b3) sll     t0, s6, t3
core   0: 3 0x800082a0 (0x01cb12b3) x 5 0x00005960
core   0: 0x800082a4 (0x93f97293) andi    t0, s2, -1729
core   0: 3 0x800082a4 (0x93f97293) x 5 0x00000010
core   0: 0x800082a8 (0xea06fc93) andi    s9, a3, -352
core   0: 3 0x800082a8 (0xea06fc93) x25 0x00000000
core   0: 0x800082ac (0x404f8cb3) sub     s9, t6, tp
core   0: 3 0x800082ac (0x404f8cb3) x25 0x0c58c803
core   0: 0x800082b0 (0x003ae333) or      t1, s5, gp
core   0: 3 0x800082b0 (0x003ae333) x 6 0x7b3dd3a7
core   0: 0x800082b4 (0x013f4c33) xor     s8, t5, s3
core   0: 3 0x800082b4 (0x013f4c33) x24 0x1296ed69
core   0: 0x800082b8 (0x41fa8c33) sub     s8, s5, t6
core   0: 3 0x800082b8 (0x41fa8c33) x24 0x660967a7
core   0: 0x800082bc (0x01c0abb3) slt     s7, ra, t3
core   0: 3 0x800082bc (0x01c0abb3) x23 0x00000001
core   0: 0x800082c0 (0x0184b1b3) sltu    gp, s1, s8
core   0: 3 0x800082c0 (0x0184b1b3) x 3 0x00000000
core   0: 0x800082c4 (0x41ac80b3) sub     ra, s9, s10
core   0: 3 0x800082c4 (0x41ac80b3) x 1 0x0c58c803
core   0: 0x800082c8 (0x403edfb3) sra     t6, t4, gp
core   0: 3 0x800082c8 (0x403edfb3) x31 0x80011fb6
core   0: 0x800082cc (0x014d5bb3) srl     s7, s10, s4
core   0: 3 0x800082cc (0x014d5bb3) x23 0x00000000
core   0: 0x800082d0 (0x0038d533) srl     a0, a7, gp
core   0: 3 0x800082d0 (0x0038d533) x10 0x00000000
core   0: 0x800082d4 (0x659be993) ori     s3, s7, 1625
core   0: 3 0x800082d4 (0x659be993) x19 0x00000659
core   0: 0x800082d8 (0x01997bb3) and     s7, s2, s9
core   0: 3 0x800082d8 (0x01997bb3) x23 0x00000000
core   0: 0x800082dc (0x70328313) addi    t1, t0, 1795
core   0: 3 0x800082dc (0x70328313) x 6 0x00000713
core   0: 0x800082e0 (0x00000013) nop
core   0: 3 0x800082e0 (0x00000013)
core   0: 0x800082e4 (0x018b1bb3) sll     s7, s6, s8
core   0: 3 0x800082e4 (0x018b1bb3) x23 0x00016580
core   0: 0x800082e8 (0x415e0f33) sub     t5, t3, s5
core   0: 3 0x800082e8 (0x415e0f33) x30 0xceda403e
core   0: 0x800082ec (0x003d9d33) sll     s10, s11, gp
core   0: 3 0x800082ec (0x003d9d33) x26 0x7125c124
core   0: 0x800082f0 (0x4e196293) ori     t0, s2, 1249
core   0: 3 0x800082f0 (0x4e196293) x 5 0x000004f1
core   0: 0x800082f4 (0x00085d33) srl     s10, a6, zero
core   0: 3 0x800082f4 (0x00085d33) x26 0xe7fa0f88
core   0: 0x800082f8 (0x01734b33) xor     s6, t1, s7
core   0: 3 0x800082f8 (0x01734b33) x22 0x00016293
core   0: 0x800082fc (0x0138f2b3) and     t0, a7, s3
core   0: 3 0x800082fc (0x0138f2b3) x 5 0x00000000
core   0: 0x80008300 (0xa576fa13) andi    s4, a3, -1449
core   0: 3 0x80008300 (0xa576fa13) x20 0x00000000
core   0: 0x80008304 (0x8d1b0993) addi    s3, s6, -1839
core   0: 3 0x80008304 (0x8d1b0993) x19 0x00015b64
core   0: 0x80008308 (0xac0b0517) auipc   a0, 0xac0b0
core   0: 3 0x80008308 (0xac0b0517) x10 0x2c0b8308
core   0: 0x8000830c (0x1a636513) ori     a0, t1, 422
core   0: 3 0x8000830c (0x1a636513) x10 0x000007b7
core   0: 0x80008310 (0x00f611b3) sll     gp, a2, a5
core   0: 3 0x80008310 (0x00f611b3) x 3 0x0b1c54cb
core   0: 0x80008314 (0x0124d293) srli    t0, s1, 18
core   0: 3 0x80008314 (0x0124d293) x 5 0x00002000
core   0: 0x80008318 (0xd431afb7) lui     t6, 0xd431a
core   0: 3 0x80008318 (0xd431afb7) x31 0xd431a000
core   0: 0x8000831c (0x00efd793) srli    a5, t6, 14
core   0: 3 0x8000831c (0x00efd793) x15 0x000350c6
core   0: 0x80008320 (0x00c58db3) add     s11, a1, a2
core   0: 3 0x80008320 (0x00c58db3) x27 0x0b1c54cb
core   0: 0x80008324 (0x007c9713) slli    a4, s9, 7
core   0: 3 0x80008324 (0x007c9713) x14 0x2c640180
core   0: 0x80008328 (0x6e1ebc93) sltiu   s9, t4, 1761
core   0: 3 0x80008328 (0x6e1ebc93) x25 0x00000000
core   0: 0x8000832c (0xbcae8913) addi    s2, t4, -1078
core   0: 3 0x8000832c (0xbcae8913) x18 0x80011b80
core   0: 0x80008330 (0x017e9593) slli    a1, t4, 23
core   0: 3 0x80008330 (0x017e9593) x11 0xdb000000
core   0: 0x80008334 (0x00d85933) srl     s2, a6, a3
core   0: 3 0x80008334 (0x00d85933) x18 0xe7fa0f88
core   0: 0x80008338 (0x5d763693) sltiu   a3, a2, 1495
core   0: 3 0x80008338 (0x5d763693) x13 0x00000000
core   0: 0x8000833c (0x01010433) add     s0, sp, a6
core   0: 3 0x8000833c (0x01010433) x 8 0xe7fa0f88
core   0: 0x80008340 (0x01fdfbb3) and     s7, s11, t6
core   0: 3 0x80008340 (0x01fdfbb3) x23 0x00100000
core   0: 0x80008344 (0x40797913) andi    s2, s2, 1031
core   0: 3 0x80008344 (0x40797913) x18 0x00000400
core   0: 0x80008348 (0x014a6333) or      t1, s4, s4
core   0: 3 0x80008348 (0x014a6333) x 6 0x00000000
core   0: 0x8000834c (0x40c20533) sub     a0, tp, a2
core   0: 3 0x8000834c (0x40c20533) x10 0xf3a73cb2
core   0: 0x80008350 (0x00000013) nop
core   0: 3 0x80008350 (0x00000013)
core   0: 0x80008354 (0x50bd2893) slti    a7, s10, 1291
core   0: 3 0x80008354 (0x50bd2893) x17 0x00000001
core   0: 0x80008358 (0x01c2f9b3) and     s3, t0, t3
core   0: 3 0x80008358 (0x01c2f9b3) x19 0x00000000
core   0: 0x8000835c (0x0156a7b3) slt     a5, a3, s5
core   0: 3 0x8000835c (0x0156a7b3) x15 0x00000001
core   0: 0x80008360 (0x419fdbb3) sra     s7, t6, s9
core   0: 3 0x80008360 (0x419fdbb3) x23 0xd431a000
core   0: 0x80008364 (0x00f53eb3) sltu    t4, a0, a5
core   0: 3 0x80008364 (0x00f53eb3) x29 0x00000000
core   0: 0x80008368 (0x00000013) nop
core   0: 3 0x80008368 (0x00000013)
core   0: 0x8000836c (0x40df5793) srai    a5, t5, 13
core   0: 3 0x8000836c (0x40df5793) x15 0xfffe76d2
core   0: 0x80008370 (0x40b7d413) srai    s0, a5, 11
core   0: 3 0x80008370 (0x40b7d413) x 8 0xffffffce
core   0: 0x80008374 (0x4085d113) srai    sp, a1, 8
core   0: 3 0x80008374 (0x4085d113) x 2 0xffdb0000
core   0: 0x80008378 (0x40c15e13) srai    t3, sp, 12
core   0: 3 0x80008378 (0x40c15e13) x28 0xfffffdb0
core   0: 0x8000837c (0x00000013) nop
core   0: 3 0x8000837c (0x00000013)
core   0: 0x80008380 (0x01f9ba33) sltu    s4, s3, t6
core   0: 3 0x80008380 (0x01f9ba33) x20 0x00000001
core   0: 0x80008384 (0xc4ec4113) xori    sp, s8, -946
core   0: 3 0x80008384 (0xc4ec4113) x 2 0x99f69be9
core   0: 0x80008388 (0x4067d633) sra     a2, a5, t1
core   0: 3 0x80008388 (0x4067d633) x12 0xfffe76d2
core   0: 0x8000838c (0x40c481b3) sub     gp, s1, a2
core   0: 3 0x8000838c (0x40c481b3) x 3 0x8002e612
core   0: 0x80008390 (0x411ada13) srai    s4, s5, 17
core   0: 3 0x80008390 (0x411ada13) x20 0x00003892
core   0: 0x80008394 (0x0043df93) srli    t6, t2, 4
core   0: 3 0x80008394 (0x0043df93) x31 0x080011e6
core   0: 0x80008398 (0x01151a33) sll     s4, a0, a7
core   0: 3 0x80008398 (0x01151a33) x20 0xe74e7964
core   0: 0x8000839c (0xffe3e037) lui     zero, 0xffe3e
core   0: 3 0x8000839c (0xffe3e037)
core   0: 0x800083a0 (0x01760533) add     a0, a2, s7
core   0: 3 0x800083a0 (0x01760533) x10 0xd43016d2
core   0: 0x800083a4 (0x2fba4f93) xori    t6, s4, 763
core   0: 3 0x800083a4 (0x2fba4f93) x31 0xe74e7b9f
core   0: 0x800083a8 (0x41a28733) sub     a4, t0, s10
core   0: 3 0x800083a8 (0x41a28733) x14 0x18061078
core   0: 0x800083ac (0x0778fc37) lui     s8, 0x778f
core   0: 3 0x800083ac (0x0778fc37) x24 0x0778f000
core   0: 0x800083b0 (0x59b9fa13) andi    s4, s3, 1435
core   0: 3 0x800083b0 (0x59b9fa13) x20 0x00000000
core   0: 0x800083b4 (0x01fed113) srli    sp, t4, 31
core   0: 3 0x800083b4 (0x01fed113) x 2 0x00000000
core   0: 0x800083b8 (0x0122a033) slt     zero, t0, s2
core   0: 3 0x800083b8 (0x0122a033)
core   0: 0x800083bc (0x5fac6a93) ori     s5, s8, 1530
core   0: 3 0x800083bc (0x5fac6a93) x21 0x0778f5fa
core   0: 0x800083c0 (0xfafcf893) andi    a7, s9, -81
core   0: 3 0x800083c0 (0xfafcf893) x17 0x00000000
core   0: 0x800083c4 (0x00965313) srli    t1, a2, 9
core   0: 3 0x800083c4 (0x00965313) x 6 0x007fff3b
core   0: 0x800083c8 (0xe6ff7813) andi    a6, t5, -401
core   0: 3 0x800083c8 (0xe6ff7813) x16 0xceda402e
core   0: 0x800083cc (0x013e9e13) slli    t3, t4, 19
core   0: 3 0x800083cc (0x013e9e13) x28 0x00000000
core   0: 0x800083d0 (0x40ed8433) sub     s0, s11, a4
core   0: 3 0x800083d0 (0x40ed8433) x 8 0xf3164453
core   0: 0x800083d4 (0x40205f93) srai    t6, zero, 2
core   0: 3 0x800083d4 (0x40205f93) x31 0x00000000
core   0: 0x800083d8 (0x00f1edb3) or      s11, gp, a5
core   0: 3 0x800083d8 (0x00f1edb3) x27 0xfffef6d2
core   0: 0x800083dc (0x93f52813) slti    a6, a0, -1729
core   0: 3 0x800083dc (0x93f52813) x16 0x00000001
core   0: 0x800083e0 (0x41f55db3) sra     s11, a0, t6
core   0: 3 0x800083e0 (0x41f55db3) x27 0xd43016d2
core   0: 0x800083e4 (0x014c9993) slli    s3, s9, 20
core   0: 3 0x800083e4 (0x014c9993) x19 0x00000000
core   0: 0x800083e8 (0x40d15eb3) sra     t4, sp, a3
core   0: 3 0x800083e8 (0x40d15eb3) x29 0x00000000
core   0: 0x800083ec (0x00000013) nop
core   0: 3 0x800083ec (0x00000013)
core   0: 0x800083f0 (0x96707793) andi    a5, zero, -1689
core   0: 3 0x800083f0 (0x96707793) x15 0x00000000
core   0: 0x800083f4 (0x35066d37) lui     s10, 0x35066
core   0: 3 0x800083f4 (0x35066d37) x26 0x35066000
core   0: 0x800083f8 (0x9c898b93) addi    s7, s3, -1592
core   0: 3 0x800083f8 (0x9c898b93) x23 0xfffff9c8
core   0: 0x800083fc (0x03f4a813) slti    a6, s1, 63
core   0: 3 0x800083fc (0x03f4a813) x16 0x00000001
core   0: 0x80008400 (0x00c93733) sltu    a4, s2, a2
core   0: 3 0x80008400 (0x00c93733) x14 0x00000001
core   0: 0x80008404 (0x0015bb33) sltu    s6, a1, ra
core   0: 3 0x80008404 (0x0015bb33) x22 0x00000000
core   0: 0x80008408 (0x01f43bb3) sltu    s7, s0, t6
core   0: 3 0x80008408 (0x01f43bb3) x23 0x00000000
core   0: 0x8000840c (0x01577ab3) and     s5, a4, s5
core   0: 3 0x8000840c (0x01577ab3) x21 0x00000000
core   0: 0x80008410 (0x41535a13) srai    s4, t1, 21
core   0: 3 0x80008410 (0x41535a13) x20 0x00000003
core   0: 0x80008414 (0xba91a193) slti    gp, gp, -1111
core   0: 3 0x80008414 (0xba91a193) x 3 0x00000001
core   0: 0x80008418 (0x327ced93) ori     s11, s9, 807
core   0: 3 0x80008418 (0x327ced93) x27 0x00000327
core   0: 0x8000841c (0x0014d693) srli    a3, s1, 1
core   0: 3 0x8000841c (0x0014d693) x13 0x4000ae72
core   0: 0x80008420 (0x00000013) nop
core   0: 3 0x80008420 (0x00000013)
core   0: 0x80008424 (0x018480b3) add     ra, s1, s8
core   0: 3 0x80008424 (0x018480b3) x 1 0x877a4ce4
core   0: 0x80008428 (0x41bb07b3) sub     a5, s6, s11
core   0: 3 0x80008428 (0x41bb07b3) x15 0xfffffcd9
core   0: 0x8000842c (0x408adcb3) sra     s9, s5, s0
core   0: 3 0x8000842c (0x408adcb3) x25 0x00000000
core   0: 0x80008430 (0x01ee0f33) add     t5, t3, t5
core   0: 3 0x80008430 (0x01ee0f33) x30 0xceda403e
core   0: 0x80008434 (0x6fa43a13) sltiu   s4, s0, 1786
core   0: 3 0x80008434 (0x6fa43a13) x20 0x00000000
core   0: 0x80008438 (0x55778813) addi    a6, a5, 1367
core   0: 3 0x80008438 (0x55778813) x16 0x00000230
core   0: 0x8000843c (0x0de78693) addi    a3, a5, 222
core   0: 3 0x8000843c (0x0de78693) x13 0xfffffdb7
core   0: 0x80008440 (0x0142ea33) or      s4, t0, s4
core   0: 3 0x80008440 (0x0142ea33) x20 0x00002000
core   0: 0x80008444 (0x949dba13) sltiu   s4, s11, -1719
core   0: 3 0x80008444 (0x949dba13) x20 0x00000001
core   0: 0x80008448 (0x6f182a13) slti    s4, a6, 1777
core   0: 3 0x80008448 (0x6f182a13) x20 0x00000001
core   0: 0x8000844c (0x55438093) addi    ra, t2, 1364
core   0: 3 0x8000844c (0x55438093) x 1 0x800123b8
core   0: 0x80008450 (0x01715693) srli    a3, sp, 23
core   0: 3 0x80008450 (0x01715693) x13 0x00000000
core   0: 0x80008454 (0x00fdcab3) xor     s5, s11, a5
core   0: 3 0x80008454 (0x00fdcab3) x21 0xfffffffe
core   0: 0x80008458 (0xa6fe3e13) sltiu   t3, t3, -1425
core   0: 3 0x80008458 (0xa6fe3e13) x28 0x00000001
core   0: 0x8000845c (0x00eeca33) xor     s4, t4, a4
core   0: 3 0x8000845c (0x00eeca33) x20 0x00000001
core   0: 0x80008460 (0x403f8f33) sub     t5, t6, gp
core   0: 3 0x80008460 (0x403f8f33) x30 0xffffffff
core   0: 0x80008464 (0x00716633) or      a2, sp, t2
core   0: 3 0x80008464 (0x00716633) x12 0x80011e64
core   0: 0x80008468 (0x01c2a5b3) slt     a1, t0, t3
core   0: 3 0x80008468 (0x01c2a5b3) x11 0x00000000
core   0: 0x8000846c (0x60b3f893) andi    a7, t2, 1547
core   0: 3 0x8000846c (0x60b3f893) x17 0x00000600
core   0: 0x80008470 (0x01fbd6b3) srl     a3, s7, t6
core   0: 3 0x80008470 (0x01fbd6b3) x13 0x00000000
core   0: 0x80008474 (0x018d9113) slli    sp, s11, 24
core   0: 3 0x80008474 (0x018d9113) x 2 0x27000000
core   0: 0x80008478 (0x00a73733) sltu    a4, a4, a0
core   0: 3 0x80008478 (0x00a73733) x14 0x00000001
core   0: 0x8000847c (0x01359613) slli    a2, a1, 19
core   0: 3 0x8000847c (0x01359613) x12 0x00000000
core   0: 0x80008480 (0x56d32993) slti    s3, t1, 1389
core   0: 3 0x80008480 (0x56d32993) x19 0x00000000
core   0: 0x80008484 (0x007e8033) add     zero, t4, t2
core   0: 3 0x80008484 (0x007e8033)
core   0: 0x80008488 (0x00dce6b3) or      a3, s9, a3
core   0: 3 0x80008488 (0x00dce6b3) x13 0x00000000
core   0: 0x8000848c (0x99f17813) andi    a6, sp, -1633
core   0: 3 0x8000848c (0x99f17813) x16 0x27000000
core   0: 0x80008490 (0x01abfeb3) and     t4, s7, s10
core   0: 3 0x80008490 (0x01abfeb3) x29 0x00000000
core   0: 0x80008494 (0xe36fcd93) xori    s11, t6, -458
core   0: 3 0x80008494 (0xe36fcd93) x27 0xfffffe36
core   0: 0x80008498 (0x01383cb3) sltu    s9, a6, s3
core   0: 3 0x80008498 (0x01383cb3) x25 0x00000000
core   0: 0x8000849c (0x41cd0433) sub     s0, s10, t3
core   0: 3 0x8000849c (0x41cd0433) x 8 0x35065fff
core   0: 0x800084a0 (0x15387293) andi    t0, a6, 339
core   0: 3 0x800084a0 (0x15387293) x 5 0x00000000
core   0: 0x800084a4 (0x002aaab3) slt     s5, s5, sp
core   0: 3 0x800084a4 (0x002aaab3) x21 0x00000001
core   0: 0x800084a8 (0x01fb29b3) slt     s3, s6, t6
core   0: 3 0x800084a8 (0x01fb29b3) x19 0x00000000
core   0: 0x800084ac (0x00669433) sll     s0, a3, t1
core   0: 3 0x800084ac (0x00669433) x 8 0x00000000
core   0: 0x800084b0 (0x404ad413) srai    s0, s5, 4
core   0: 3 0x800084b0 (0x404ad413) x 8 0x00000000
core   0: 0x800084b4 (0x007125b3) slt     a1, sp, t2
core   0: 3 0x800084b4 (0x007125b3) x11 0x00000000
core   0: 0x800084b8 (0x19e6bf13) sltiu   t5, a3, 414
core   0: 3 0x800084b8 (0x19e6bf13) x30 0x00000001
core   0: 0x800084bc (0x0c292b93) slti    s7, s2, 194
core   0: 3 0x800084bc (0x0c292b93) x23 0x00000000
core   0: 0x800084c0 (0x2c31c593) xori    a1, gp, 707
core   0: 3 0x800084c0 (0x2c31c593) x11 0x000002c2
core   0: 0x800084c4 (0x01e6dcb3) srl     s9, a3, t5
core   0: 3 0x800084c4 (0x01e6dcb3) x25 0x00000000
core   0: 0x800084c8 (0x41b705b3) sub     a1, a4, s11
core   0: 3 0x800084c8 (0x41b705b3) x11 0x000001cb
core   0: 0x800084cc (0x78cb6c93) ori     s9, s6, 1932
core   0: 3 0x800084cc (0x78cb6c93) x25 0x0000078c
core   0: 0x800084d0 (0x00ab2c33) slt     s8, s6, a0
core   0: 3 0x800084d0 (0x00ab2c33) x24 0x00000000
core   0: 0x800084d4 (0x4123dc93) srai    s9, t2, 18
core   0: 3 0x800084d4 (0x4123dc93) x25 0xffffe000
core   0: 0x800084d8 (0x0174d793) srli    a5, s1, 23
core   0: 3 0x800084d8 (0x0174d793) x15 0x00000100
core   0: 0x800084dc (0x007bcd33) xor     s10, s7, t2
core   0: 3 0x800084dc (0x007bcd33) x26 0x80011e64
core   0: 0x800084e0 (0xaf3c4e93) xori    t4, s8, -1293
core   0: 3 0x800084e0 (0xaf3c4e93) x29 0xfffffaf3
core   0: 0x800084e4 (0x011d1c93) slli    s9, s10, 17
core   0: 3 0x800084e4 (0x011d1c93) x25 0x3cc80000
core   0: 0x800084e8 (0x5df1f413) andi    s0, gp, 1503
core   0: 3 0x800084e8 (0x5df1f413) x 8 0x00000001
core   0: 0x800084ec (0x00b6fb33) and     s6, a3, a1
core   0: 3 0x800084ec (0x00b6fb33) x22 0x00000000
core   0: 0x800084f0 (0x7bd22c93) slti    s9, tp, 1981
core   0: 3 0x800084f0 (0x7bd22c93) x25 0x00000001
core   0: 0x800084f4 (0x00cb9e93) slli    t4, s7, 12
core   0: 3 0x800084f4 (0x00cb9e93) x29 0x00000000
core   0: 0x800084f8 (0x00e80ab3) add     s5, a6, a4
core   0: 3 0x800084f8 (0x00e80ab3) x21 0x27000001
core   0: 0x800084fc (0xb1f2e413) ori     s0, t0, -1249
core   0: 3 0x800084fc (0xb1f2e413) x 8 0xfffffb1f
core   0: 0x80008500 (0x01e5a033) slt     zero, a1, t5
core   0: 3 0x80008500 (0x01e5a033)
core   0: 0x80008504 (0xf63ca593) slti    a1, s9, -157
core   0: 3 0x80008504 (0xf63ca593) x11 0x00000000
core   0: 0x80008508 (0x6f0a5037) lui     zero, 0x6f0a5
core   0: 3 0x80008508 (0x6f0a5037)
core   0: 0x8000850c (0x0ab4f093) andi    ra, s1, 171
core   0: 3 0x8000850c (0x0ab4f093) x 1 0x000000a0
core   0: 0x80008510 (0x4056d6b3) sra     a3, a3, t0
core   0: 3 0x80008510 (0x4056d6b3) x13 0x00000000
core   0: 0x80008514 (0x7e664b13) xori    s6, a2, 2022
core   0: 3 0x80008514 (0x7e664b13) x22 0x000007e6
core   0: 0x80008518 (0x004996b3) sll     a3, s3, tp
core   0: 3 0x80008518 (0x004996b3) x13 0x00000000
core   0: 0x8000851c (0x429a4e93) xori    t4, s4, 1065
core   0: 3 0x8000851c (0x429a4e93) x29 0x00000428
core   0: 0x80008520 (0xe45cc913) xori    s2, s9, -443
core   0: 3 0x80008520 (0xe45cc913) x18 0xfffffe44
core   0: 0x80008524 (0x00b51c13) slli    s8, a0, 11
core   0: 3 0x80008524 (0x00b51c13) x24 0x80b69000
core   0: 0x80008528 (0x00000013) nop
core   0: 3 0x80008528 (0x00000013)
core   0: 0x8000852c (0x01df5313) srli    t1, t5, 29
core   0: 3 0x8000852c (0x01df5313) x 6 0x00000000
core   0: 0x80008530 (0xf635c713) xori    a4, a1, -157
core   0: 3 0x80008530 (0xf635c713) x14 0xffffff63
core   0: 0x80008534 (0x01495a13) srli    s4, s2, 20
core   0: 3 0x80008534 (0x01495a13) x20 0x00000fff
core   0: 0x80008538 (0x23f48137) lui     sp, 0x23f48
core   0: 3 0x80008538 (0x23f48137) x 2 0x23f48000
core   0: 0x8000853c (0x014e09b3) add     s3, t3, s4
core   0: 3 0x8000853c (0x014e09b3) x19 0x00001000
core   0: 0x80008540 (0x9f832193) slti    gp, t1, -1544
core   0: 3 0x80008540 (0x9f832193) x 3 0x00000000
core   0: 0x80008544 (0x00c7d993) srli    s3, a5, 12
core   0: 3 0x80008544 (0x00c7d993) x19 0x00000000
core   0: 0x80008548 (0x0023d333) srl     t1, t2, sp
core   0: 3 0x80008548 (0x0023d333) x 6 0x80011e64
core   0: 0x8000854c (0x74c4af17) auipc   t5, 0x74c4a
core   0: 3 0x8000854c (0x74c4af17) x30 0xf4c5254c
core   0: 0x80008550 (0x01fa51b3) srl     gp, s4, t6
core   0: 3 0x80008550 (0x01fa51b3) x 3 0x00000fff
core   0: 0x80008554 (0x013f9193) slli    gp, t6, 19
core   0: 3 0x80008554 (0x013f9193) x 3 0x00000000
core   0: 0x80008558 (0x0a897693) andi    a3, s2, 168
core   0: 3 0x80008558 (0x0a897693) x13 0x00000000
core   0: 0x8000855c (0x015fb333) sltu    t1, t6, s5
core   0: 3 0x8000855c (0x015fb333) x 6 0x00000001
core   0: 0x80008560 (0x006bf0b3) and     ra, s7, t1
core   0: 3 0x80008560 (0x006bf0b3) x 1 0x00000000
core   0: 0x80008564 (0x00ec9f33) sll     t5, s9, a4
core   0: 3 0x80008564 (0x00ec9f33) x30 0x00000008
core   0: 0x80008568 (0x24ba8a13) addi    s4, s5, 587
core   0: 3 0x80008568 (0x24ba8a13) x20 0x2700024c
core   0: 0x8000856c (0x4188d633) sra     a2, a7, s8
core   0: 3 0x8000856c (0x4188d633) x12 0x00000600
core   0: 0x80008570 (0x3f5ae293) ori     t0, s5, 1013
core   0: 3 0x80008570 (0x3f5ae293) x 5 0x270003f5
core   0: 0x80008574 (0x3329b293) sltiu   t0, s3, 818
core   0: 3 0x80008574 (0x3329b293) x 5 0x00000001
core   0: 0x80008578 (0x012f0fb3) add     t6, t5, s2
core   0: 3 0x80008578 (0x012f0fb3) x31 0xfffffe4c
core   0: 0x8000857c (0x9c7b0093) addi    ra, s6, -1593
core   0: 3 0x8000857c (0x9c7b0093) x 1 0x000001ad
core   0: 0x80008580 (0x015f67b3) or      a5, t5, s5
core   0: 3 0x80008580 (0x015f67b3) x15 0x27000009
core   0: 0x80008584 (0x6b9a2693) slti    a3, s4, 1721
core   0: 3 0x80008584 (0x6b9a2693) x13 0x00000000
core   0: 0x80008588 (0x00000013) nop
core   0: 3 0x80008588 (0x00000013)
core   0: 0x8000858c (0x66a93513) sltiu   a0, s2, 1642
core   0: 3 0x8000858c (0x66a93513) x10 0x00000000
core   0: 0x80008590 (0x011e1313) slli    t1, t3, 17
core   0: 3 0x80008590 (0x011e1313) x 6 0x00020000
core   0: 0x80008594 (0x54730eb7) lui     t4, 0x54730
core   0: 3 0x80008594 (0x54730eb7) x29 0x54730000
core   0: 0x80008598 (0x76caef13) ori     t5, s5, 1900
core   0: 3 0x80008598 (0x76caef13) x30 0x2700076d
core   0: 0x8000859c (0x0116bb33) sltu    s6, a3, a7
core   0: 3 0x8000859c (0x0116bb33) x22 0x00000001
core   0: 0x800085a0 (0x00d041b3) xor     gp, zero, a3
core   0: 3 0x800085a0 (0x00d041b3) x 3 0x00000000
core   0: 0x800085a4 (0x6af93993) sltiu   s3, s2, 1711
core   0: 3 0x800085a4 (0x6af93993) x19 0x00000000
core   0: 0x800085a8 (0x00fc2ab3) slt     s5, s8, a5
core   0: 3 0x800085a8 (0x00fc2ab3) x21 0x00000001
core   0: 0x800085ac (0x40c15b93) srai    s7, sp, 12
core   0: 3 0x800085ac (0x40c15b93) x23 0x00023f48
core   0: 0x800085b0 (0x01570433) add     s0, a4, s5
core   0: 3 0x800085b0 (0x01570433) x 8 0xffffff64
core   0: 0x800085b4 (0x017eab33) slt     s6, t4, s7
core   0: 3 0x800085b4 (0x017eab33) x22 0x00000000
core   0: 0x800085b8 (0x0ec66a93) ori     s5, a2, 236
core   0: 3 0x800085b8 (0x0ec66a93) x21 0x000006ec
core   0: 0x800085bc (0x012da5b3) slt     a1, s11, s2
core   0: 3 0x800085bc (0x012da5b3) x11 0x00000001
core   0: 0x800085c0 (0x1847c193) xori    gp, a5, 388
core   0: 3 0x800085c0 (0x1847c193) x 3 0x2700018d
core   0: 0x800085c4 (0x59640e93) addi    t4, s0, 1430
core   0: 3 0x800085c4 (0x59640e93) x29 0x000004fa
core   0: 0x800085c8 (0x0011a333) slt     t1, gp, ra
core   0: 3 0x800085c8 (0x0011a333) x 6 0x00000000
core   0: 0x800085cc (0x00ece5b3) or      a1, s9, a4
core   0: 3 0x800085cc (0x00ece5b3) x11 0xffffff63
core   0: 0x800085d0 (0x5799eb17) auipc   s6, 0x5799e
core   0: 3 0x800085d0 (0x5799eb17) x22 0xd79a65d0
core   0: 0x800085d4 (0x0043dab3) srl     s5, t2, tp
core   0: 3 0x800085d4 (0x0043dab3) x21 0x00000004
core   0: 0x800085d8 (0x00a1f0b3) and     ra, gp, a0
core   0: 3 0x800085d8 (0x00a1f0b3) x 1 0x00000000
core   0: 0x800085dc (0x3a1e8e93) addi    t4, t4, 929
core   0: 3 0x800085dc (0x3a1e8e93) x29 0x0000089b
core   0: 0x800085e0 (0x41d7d533) sra     a0, a5, t4
core   0: 3 0x800085e0 (0x41d7d533) x10 0x00000004
core   0: 0x800085e4 (0x0179aa33) slt     s4, s3, s7
core   0: 3 0x800085e4 (0x0179aa33) x20 0x00000001
core   0: 0x800085e8 (0x01d7beb3) sltu    t4, a5, t4
core   0: 3 0x800085e8 (0x01d7beb3) x29 0x00000000
core   0: 0x800085ec (0x6d758b93) addi    s7, a1, 1751
core   0: 3 0x800085ec (0x6d758b93) x23 0x0000063a
core   0: 0x800085f0 (0x00740eb3) add     t4, s0, t2
core   0: 3 0x800085f0 (0x00740eb3) x29 0x80011dc8
core   0: 0x800085f4 (0x019f77b3) and     a5, t5, s9
core   0: 3 0x800085f4 (0x019f77b3) x15 0x00000001
core   0: 0x800085f8 (0x012b4433) xor     s0, s6, s2
core   0: 3 0x800085f8 (0x012b4433) x 8 0x28659b94
core   0: 0x800085fc (0x8a554813) xori    a6, a0, -1883
core   0: 3 0x800085fc (0x8a554813) x16 0xfffff8a1
core   0: 0x80008600 (0x412255b3) sra     a1, tp, s2
core   0: 3 0x80008600 (0x412255b3) x11 0xffec3917
core   0: 0x80008604 (0x00421d33) sll     s10, tp, tp
core   0: 3 0x80008604 (0x00421d33) x26 0xa0000000
core   0: 0x80008608 (0x3adc2a13) slti    s4, s8, 941
core   0: 3 0x80008608 (0x3adc2a13) x20 0x00000001
core   0: 0x8000860c (0x40fed613) srai    a2, t4, 15
core   0: 3 0x8000860c (0x40fed613) x12 0xffff0002
core   0: 0x80008610 (0x00d410b3) sll     ra, s0, a3
core   0: 3 0x80008610 (0x00d410b3) x 1 0x28659b94
core   0: 0x80008614 (0x00e78933) add     s2, a5, a4
core   0: 3 0x80008614 (0x00e78933) x18 0xffffff64
core   0: 0x80008618 (0x014e8633) add     a2, t4, s4
core   0: 3 0x80008618 (0x014e8633) x12 0x80011dc9
core   0: 0x8000861c (0x41d751b3) sra     gp, a4, t4
core   0: 3 0x8000861c (0x41d751b3) x 3 0xffffffff
core   0: 0x80008620 (0x3e7d07b7) lui     a5, 0x3e7d0
core   0: 3 0x80008620 (0x3e7d07b7) x15 0x3e7d0000
core   0: 0x80008624 (0xb70255b7) lui     a1, 0xb7025
core   0: 3 0x80008624 (0xb70255b7) x11 0xb7025000
core   0: 0x80008628 (0x011dc7b3) xor     a5, s11, a7
core   0: 3 0x80008628 (0x011dc7b3) x15 0xfffff836
core   0: 0x8000862c (0x013582b3) add     t0, a1, s3
core   0: 3 0x8000862c (0x013582b3) x 5 0xb7025000
core   0: 0x80008630 (0x273dcf93) xori    t6, s11, 627
core   0: 3 0x80008630 (0x273dcf93) x31 0xfffffc45
core   0: 0x80008634 (0x00816eb3) or      t4, sp, s0
core   0: 3 0x80008634 (0x00816eb3) x29 0x2bf59b94
core   0: 0x80008638 (0x01452633) slt     a2, a0, s4
core   0: 3 0x80008638 (0x01452633) x12 0x00000000
core   0: 0x8000863c (0x43206a17) auipc   s4, 0x43206
core   0: 3 0x8000863c (0x43206a17) x20 0xc320e63c
core   0: 0x80008640 (0x5cb1bf13) sltiu   t5, gp, 1483
core   0: 3 0x80008640 (0x5cb1bf13) x30 0x00000000
core   0: 0x80008644 (0x01fa1e13) slli    t3, s4, 31
core   0: 3 0x80008644 (0x01fa1e13) x28 0x00000000
core   0: 0x80008648 (0x36173013) sltiu   zero, a4, 865
core   0: 3 0x80008648 (0x36173013)
core   0: 0x8000864c (0x00000013) nop
core   0: 3 0x8000864c (0x00000013)
core   0: 0x80008650 (0x40340633) sub     a2, s0, gp
core   0: 3 0x80008650 (0x40340633) x12 0x28659b95
core   0: 0x80008654 (0x0194cbb3) xor     s7, s1, s9
core   0: 3 0x80008654 (0x0194cbb3) x23 0x80015ce5
core   0: 0x80008658 (0x41ec5793) srai    a5, s8, 30
core   0: 3 0x80008658 (0x41ec5793) x15 0xfffffffe
core   0: 0x8000865c (0xc761c293) xori    t0, gp, -906
core   0: 3 0x8000865c (0xc761c293) x 5 0x00000389
core   0: 0x80008660 (0x01f0e5b3) or      a1, ra, t6
core   0: 3 0x80008660 (0x01f0e5b3) x11 0xffffffd5
core   0: 0x80008664 (0x402a0b33) sub     s6, s4, sp
core   0: 3 0x80008664 (0x402a0b33) x22 0x9f2c663c
core   0: 0x80008668 (0x00a55c93) srli    s9, a0, 10
core   0: 3 0x80008668 (0x00a55c93) x25 0x00000000
core   0: 0x8000866c (0xda186293) ori     t0, a6, -607
core   0: 3 0x8000866c (0xda186293) x 5 0xfffffda1
core   0: 0x80008670 (0x27f1cd97) auipc   s11, 0x27f1c
core   0: 3 0x80008670 (0x27f1cd97) x27 0xa7f24670
core   0: 0x80008674 (0x872cc913) xori    s2, s9, -1934
core   0: 3 0x80008674 (0x872cc913) x18 0xfffff872
core   0: 0x80008678 (0x00f817b3) sll     a5, a6, a5
core   0: 3 0x80008678 (0x00f817b3) x15 0x40000000
core   0: 0x8000867c (0x00000013) nop
core   0: 3 0x8000867c (0x00000013)
core   0: 0x80008680 (0xc5b58313) addi    t1, a1, -933
core   0: 3 0x80008680 (0xc5b58313) x 6 0xfffffc30
core   0: 0x80008684 (0x07ef1597) auipc   a1, 0x7ef1
core   0: 3 0x80008684 (0x07ef1597) x11 0x87ef9684
core   0: 0x80008688 (0x016ab1b3) sltu    gp, s5, s6
core   0: 3 0x80008688 (0x016ab1b3) x 3 0x00000001
core   0: 0x8000868c (0x410388b3) sub     a7, t2, a6
core   0: 3 0x8000868c (0x410388b3) x17 0x800125c3
core   0: 0x80008690 (0x404f5d33) sra     s10, t5, tp
core   0: 3 0x80008690 (0x404f5d33) x26 0x00000000
core   0: 0x80008694 (0x008c7e33) and     t3, s8, s0
core   0: 3 0x80008694 (0x008c7e33) x28 0x00249000
core   0: 0x80008698 (0x8b718e13) addi    t3, gp, -1865
core   0: 3 0x80008698 (0x8b718e13) x28 0xfffff8b8
core   0: 0x8000869c (0x01d8cb33) xor     s6, a7, t4
core   0: 3 0x8000869c (0x01d8cb33) x22 0xabf4be57
core   0: 0x800086a0 (0x41e256b3) sra     a3, tp, t5
core   0: 3 0x800086a0 (0x41e256b3) x13 0xfec3917d
core   0: 0x800086a4 (0x89d50697) auipc   a3, 0x89d50
core   0: 3 0x800086a4 (0x89d50697) x13 0x09d586a4
core   0: 0x800086a8 (0x008e91b3) sll     gp, t4, s0
core   0: 3 0x800086a8 (0x008e91b3) x 3 0xb9400000
core   0: 0x800086ac (0x00d59bb3) sll     s7, a1, a3
core   0: 3 0x800086ac (0x00d59bb3) x23 0x7ef96840
core   0: 0x800086b0 (0x7b73e293) ori     t0, t2, 1975
core   0: 3 0x800086b0 (0x7b73e293) x 5 0x80011ff7
core   0: 0x800086b4 (0x00000013) nop
core   0: 3 0x800086b4 (0x00000013)
core   0: 0x800086b8 (0x41bb0f13) addi    t5, s6, 1051
core   0: 3 0x800086b8 (0x41bb0f13) x30 0xabf4c272
core   0: 0x800086bc (0x01459613) slli    a2, a1, 20
core   0: 3 0x800086bc (0x01459613) x12 0x68400000
core   0: 0x800086c0 (0x4176dbb3) sra     s7, a3, s7
core   0: 3 0x800086c0 (0x4176dbb3) x23 0x09d586a4
core   0: 0x800086c4 (0xc775a313) slti    t1, a1, -905
core   0: 3 0x800086c4 (0xc775a313) x 6 0x00000001
core   0: 0x800086c8 (0x002672b3) and     t0, a2, sp
core   0: 3 0x800086c8 (0x002672b3) x 5 0x20400000
core   0: 0x800086cc (0x83883c93) sltiu   s9, a6, -1992
core   0: 3 0x800086cc (0x83883c93) x25 0x00000000
core   0: 0x800086d0 (0x4124d893) srai    a7, s1, 18
core   0: 3 0x800086d0 (0x4124d893) x17 0xffffe000
core   0: 0x800086d4 (0xd723f793) andi    a5, t2, -654
core   0: 3 0x800086d4 (0xd723f793) x15 0x80011c60
core   0: 0x800086d8 (0x06503693) sltiu   a3, zero, 101
core   0: 3 0x800086d8 (0x06503693) x13 0x00000001
core   0: 0x800086dc (0x01829193) slli    gp, t0, 24
core   0: 3 0x800086dc (0x01829193) x 3 0x00000000
core   0: 0x800086e0 (0x09ad3693) sltiu   a3, s10, 154
core   0: 3 0x800086e0 (0x09ad3693) x13 0x00000001
core   0: 0x800086e4 (0x80060c13) addi    s8, a2, -2048
core   0: 3 0x800086e4 (0x80060c13) x24 0x683ff800
core   0: 0x800086e8 (0x74559437) lui     s0, 0x74559
core   0: 3 0x800086e8 (0x74559437) x 8 0x74559000
core   0: 0x800086ec (0x63850813) addi    a6, a0, 1592
core   0: 3 0x800086ec (0x63850813) x16 0x0000063c
core   0: 0x800086f0 (0xe0bdc6b7) lui     a3, 0xe0bdc
core   0: 3 0x800086f0 (0xe0bdc6b7) x13 0xe0bdc000
core   0: 0x800086f4 (0x01686db3) or      s11, a6, s6
core   0: 3 0x800086f4 (0x01686db3) x27 0xabf4be7f
core   0: 0x800086f8 (0x008c79b3) and     s3, s8, s0
core   0: 3 0x800086f8 (0x008c79b3) x19 0x60159000
core   0: 0x800086fc (0x01dd9b93) slli    s7, s11, 29
core   0: 3 0x800086fc (0x01dd9b93) x23 0xe0000000
core   0: 0x80008700 (0x413a0633) sub     a2, s4, s3
core   0: 3 0x80008700 (0x413a0633) x12 0x630b563c
core   0: 0x80008704 (0x7e16b713) sltiu   a4, a3, 2017
core   0: 3 0x80008704 (0x7e16b713) x14 0x00000000
core   0: 0x80008708 (0x01ab3d33) sltu    s10, s6, s10
core   0: 3 0x80008708 (0x01ab3d33) x26 0x00000000
core   0: 0x8000870c (0x01907433) and     s0, zero, s9
core   0: 3 0x8000870c (0x01907433) x 8 0x00000000
core   0: 0x80008710 (0x63412037) lui     zero, 0x63412
core   0: 3 0x80008710 (0x63412037)
core   0: 0x80008714 (0x01f98db3) add     s11, s3, t6
core   0: 3 0x80008714 (0x01f98db3) x27 0x60158c45
core   0: 0x80008718 (0x01a3e5b3) or      a1, t2, s10
core   0: 3 0x80008718 (0x01a3e5b3) x11 0x80011e64
core   0: 0x8000871c (0x418381b3) sub     gp, t2, s8
core   0: 3 0x8000871c (0x418381b3) x 3 0x17c12664
core   0: 0x80008720 (0x00e8d0b3) srl     ra, a7, a4
core   0: 3 0x80008720 (0x00e8d0b3) x 1 0xffffe000
core   0: 0x80008724 (0x4449c693) xori    a3, s3, 1092
core   0: 3 0x80008724 (0x4449c693) x13 0x60159444
core   0: 0x80008728 (0xf32e4313) xori    t1, t3, -206
core   0: 3 0x80008728 (0xf32e4313) x 6 0x0000078a
core   0: 0x8000872c (0x00000013) nop
core   0: 3 0x8000872c (0x00000013)
core   0: 0x80008730 (0x2a146337) lui     t1, 0x2a146
core   0: 3 0x80008730 (0x2a146337) x 6 0x2a146000
core   0: 0x80008734 (0xf062b813) sltiu   a6, t0, -250
core   0: 3 0x80008734 (0xf062b813) x16 0x00000001
core   0: 0x80008738 (0x400edf33) sra     t5, t4, zero
core   0: 3 0x80008738 (0x400edf33) x30 0x2bf59b94
core   0: 0x8000873c (0xf0ce4293) xori    t0, t3, -244
core   0: 3 0x8000873c (0xf0ce4293) x 5 0x000007b4
core   0: 0x80008740 (0x2743ef37) lui     t5, 0x2743e
core   0: 3 0x80008740 (0x2743ef37) x30 0x2743e000
core   0: 0x80008744 (0x406c0533) sub     a0, s8, t1
core   0: 3 0x80008744 (0x406c0533) x10 0x3e2b9800
core   0: 0x80008748 (0xf539e093) ori     ra, s3, -173
core   0: 3 0x80008748 (0xf539e093) x 1 0xffffff53
core   0: 0x8000874c (0x01b146b3) xor     a3, sp, s11
core   0: 3 0x8000874c (0x01b146b3) x13 0x43e10c45
core   0: 0x80008750 (0x75043a37) lui     s4, 0x75043
core   0: 3 0x80008750 (0x75043a37) x20 0x75043000
core   0: 0x80008754 (0x01fb0033) add     zero, s6, t6
core   0: 3 0x80008754 (0x01fb0033)
core   0: 0x80008758 (0x01b73eb3) sltu    t4, a4, s11
core   0: 3 0x80008758 (0x01b73eb3) x29 0x00000001
core   0: 0x8000875c (0x01da9113) slli    sp, s5, 29
core   0: 3 0x8000875c (0x01da9113) x 2 0x80000000
core   0: 0x80008760 (0x8fec3b13) sltiu   s6, s8, -1794
core   0: 3 0x80008760 (0x8fec3b13) x22 0x00000001
core   0: 0x80008764 (0xbe2bf093) andi    ra, s7, -1054
core   0: 3 0x80008764 (0xbe2bf093) x 1 0xe0000000
core   0: 0x80008768 (0x00cd1093) slli    ra, s10, 12
core   0: 3 0x80008768 (0x00cd1093) x 1 0x00000000
core   0: 0x8000876c (0x01e5d6b3) srl     a3, a1, t5
core   0: 3 0x8000876c (0x01e5d6b3) x13 0x80011e64
core   0: 0x80008770 (0x4036d633) sra     a2, a3, gp
core   0: 3 0x80008770 (0x4036d633) x12 0xf80011e6
core   0: 0x80008774 (0x40738a33) sub     s4, t2, t2
core   0: 3 0x80008774 (0x40738a33) x20 0x00000000
core   0: 0x80008778 (0x498d6d93) ori     s11, s10, 1176
core   0: 3 0x80008778 (0x498d6d93) x27 0x00000498
core   0: 0x8000877c (0x01eb5113) srli    sp, s6, 30
core   0: 3 0x8000877c (0x01eb5113) x 2 0x00000000
core   0: 0x80008780 (0x010bdb13) srli    s6, s7, 16
core   0: 3 0x80008780 (0x010bdb13) x22 0x0000e000
core   0: 0x80008784 (0x41a1db33) sra     s6, gp, s10
core   0: 3 0x80008784 (0x41a1db33) x22 0x17c12664
core   0: 0x80008788 (0xcdc11537) lui     a0, 0xcdc11
core   0: 3 0x80008788 (0xcdc11537) x10 0xcdc11000
core   0: 0x8000878c (0x001c8333) add     t1, s9, ra
core   0: 3 0x8000878c (0x001c8333) x 6 0x00000000
core   0: 0x80008790 (0x00e9fa33) and     s4, s3, a4
core   0: 3 0x80008790 (0x00e9fa33) x20 0x00000000
core   0: 0x80008794 (0x41eb07b3) sub     a5, s6, t5
core   0: 3 0x80008794 (0x41eb07b3) x15 0xf07d4664
core   0: 0x80008798 (0x00000013) nop
core   0: 3 0x80008798 (0x00000013)
core   0: 0x8000879c (0x01be0eb3) add     t4, t3, s11
core   0: 3 0x8000879c (0x01be0eb3) x29 0xfffffd50
core   0: 0x800087a0 (0xc8366013) ori     zero, a2, -893
core   0: 3 0x800087a0 (0xc8366013)
core   0: 0x800087a4 (0x014c3333) sltu    t1, s8, s4
core   0: 3 0x800087a4 (0x014c3333) x 6 0x00000000
core   0: 0x800087a8 (0x012c36b3) sltu    a3, s8, s2
core   0: 3 0x800087a8 (0x012c36b3) x13 0x00000001
core   0: 0x800087ac (0xad95be93) sltiu   t4, a1, -1319
core   0: 3 0x800087ac (0xad95be93) x29 0x00000001
core   0: 0x800087b0 (0x5ab93617) auipc   a2, 0x5ab93
core   0: 3 0x800087b0 (0x5ab93617) x12 0xdab9b7b0
core   0: 0x800087b4 (0x00699193) slli    gp, s3, 6
core   0: 3 0x800087b4 (0x00699193) x 3 0x05640000
core   0: 0x800087b8 (0x00583a33) sltu    s4, a6, t0
core   0: 3 0x800087b8 (0x00583a33) x20 0x00000001
core   0: 0x800087bc (0x08623313) sltiu   t1, tp, 134
core   0: 3 0x800087bc (0x08623313) x 6 0x00000000
core   0: 0x800087c0 (0x00d7abb3) slt     s7, a5, a3
core   0: 3 0x800087c0 (0x00d7abb3) x23 0x00000001
core   0: 0x800087c4 (0xe57d4f93) xori    t6, s10, -425
core   0: 3 0x800087c4 (0xe57d4f93) x31 0xfffffe57
core   0: 0x800087c8 (0x0184ce33) xor     t3, s1, s8
core   0: 3 0x800087c8 (0x0184ce33) x28 0xe83ea4e4
core   0: 0x800087cc (0x8d812097) auipc   ra, 0x8d812
core   0: 3 0x800087cc (0x8d812097) x 1 0x0d81a7cc
core   0: 0x800087d0 (0x400d0d33) sub     s10, s10, zero
core   0: 3 0x800087d0 (0x400d0d33) x26 0x00000000
core   0: 0x800087d4 (0x7c3d4793) xori    a5, s10, 1987
core   0: 3 0x800087d4 (0x7c3d4793) x15 0x000007c3
core   0: 0x800087d8 (0x137db113) sltiu   sp, s11, 311
core   0: 3 0x800087d8 (0x137db113) x 2 0x00000000
core   0: 0x800087dc (0x55086c93) ori     s9, a6, 1360
core   0: 3 0x800087dc (0x55086c93) x25 0x00000551
core   0: 0x800087e0 (0xdc762113) slti    sp, a2, -569
core   0: 3 0x800087e0 (0xdc762113) x 2 0x00000001
core   0: 0x800087e4 (0x00fa6d33) or      s10, s4, a5
core   0: 3 0x800087e4 (0x00fa6d33) x26 0x000007c3
core   0: 0x800087e8 (0x41cd0b33) sub     s6, s10, t3
core   0: 3 0x800087e8 (0x41cd0b33) x22 0x17c162df
core   0: 0x800087ec (0x9cc16593) ori     a1, sp, -1588
core   0: 3 0x800087ec (0x9cc16593) x11 0xfffff9cd
core   0: 0x800087f0 (0x403f5c13) srai    s8, t5, 3
core   0: 3 0x800087f0 (0x403f5c13) x24 0x04e87c00
core   0: 0x800087f4 (0x01e66f33) or      t5, a2, t5
core   0: 3 0x800087f4 (0x01e66f33) x30 0xfffbf7b0
core   0: 0x800087f8 (0x006d2db3) slt     s11, s10, t1
core   0: 3 0x800087f8 (0x006d2db3) x27 0x00000000
core   0: 0x800087fc (0x001e3533) sltu    a0, t3, ra
core   0: 3 0x800087fc (0x001e3533) x10 0x00000000
core   0: 0x80008800 (0x0ef43693) sltiu   a3, s0, 239
core   0: 3 0x80008800 (0x0ef43693) x13 0x00000001
core   0: 0x80008804 (0x01df4933) xor     s2, t5, t4
core   0: 3 0x80008804 (0x01df4933) x18 0xfffbf7b1
core   0: 0x80008808 (0x00516e33) or      t3, sp, t0
core   0: 3 0x80008808 (0x00516e33) x28 0x000007b5
core   0: 0x8000880c (0x01f0d6b3) srl     a3, ra, t6
core   0: 3 0x8000880c (0x01f0d6b3) x13 0x0000001b
core   0: 0x80008810 (0x0058e1b3) or      gp, a7, t0
core   0: 3 0x80008810 (0x0058e1b3) x 3 0xffffe7b4
core   0: 0x80008814 (0x23c152b7) lui     t0, 0x23c15
core   0: 3 0x80008814 (0x23c152b7) x 5 0x23c15000
core   0: 0x80008818 (0x01e2dc33) srl     s8, t0, t5
core   0: 3 0x80008818 (0x01e2dc33) x24 0x000023c1
core   0: 0x8000881c (0x17bcad17) auipc   s10, 0x17bca
core   0: 3 0x8000881c (0x17bcad17) x26 0x97bd281c
core   0: 0x80008820 (0x5842ca93) xori    s5, t0, 1412
core   0: 3 0x80008820 (0x5842ca93) x21 0x23c15584
core   0: 0x80008824 (0x001a20b3) slt     ra, s4, ra
core   0: 3 0x80008824 (0x001a20b3) x 1 0x00000001
core   0: 0x80008828 (0x61688293) addi    t0, a7, 1558
core   0: 3 0x80008828 (0x61688293) x 5 0xffffe616
core   0: 0x8000882c (0x40c180b3) sub     ra, gp, a2
core   0: 3 0x8000882c (0x40c180b3) x 1 0x25463004
core   0: 0x80008830 (0xacf28413) addi    s0, t0, -1329
core   0: 3 0x80008830 (0xacf28413) x 8 0xffffe0e5
core   0: 0x80008834 (0x00bc20b3) slt     ra, s8, a1
core   0: 3 0x80008834 (0x00bc20b3) x 1 0x00000000
core   0: 0x80008838 (0x01155813) srli    a6, a0, 17
core   0: 3 0x80008838 (0x01155813) x16 0x00000000
core   0: 0x8000883c (0x41715333) sra     t1, sp, s7
core   0: 3 0x8000883c (0x41715333) x 6 0x00000000
core   0: 0x80008840 (0x5639e297) auipc   t0, 0x5639e
core   0: 3 0x80008840 (0x5639e297) x 5 0xd63a6840
core   0: 0x80008844 (0x015747b3) xor     a5, a4, s5
core   0: 3 0x80008844 (0x015747b3) x15 0x23c15584
core   0: 0x80008848 (0x56a12513) slti    a0, sp, 1386
core   0: 3 0x80008848 (0x56a12513) x10 0x00000001
core   0: 0x8000884c (0xd62b6693) ori     a3, s6, -670
core   0: 3 0x8000884c (0xd62b6693) x13 0xffffffff
core   0: 0x80008850 (0x0c857813) andi    a6, a0, 200
core   0: 3 0x80008850 (0x0c857813) x16 0x00000000
core   0: 0x80008854 (0x001a4eb3) xor     t4, s4, ra
core   0: 3 0x80008854 (0x001a4eb3) x29 0x00000001
core   0: 0x80008858 (0x008ec433) xor     s0, t4, s0
core   0: 3 0x80008858 (0x008ec433) x 8 0xffffe0e4
core   0: 0x8000885c (0x7ffcf293) andi    t0, s9, 2047
core   0: 3 0x8000885c (0x7ffcf293) x 5 0x00000551
core   0: 0x80008860 (0x76c48d93) addi    s11, s1, 1900
core   0: 3 0x80008860 (0x76c48d93) x27 0x80016450
core   0: 0x80008864 (0x41930b33) sub     s6, t1, s9
core   0: 3 0x80008864 (0x41930b33) x22 0xfffffaaf
core   0: 0x80008868 (0x30f93413) sltiu   s0, s2, 783
core   0: 3 0x80008868 (0x30f93413) x 8 0x00000000
core   0: 0x8000886c (0x01785bb3) srl     s7, a6, s7
core   0: 3 0x8000886c (0x01785bb3) x23 0x00000000
core   0: 0x80008870 (0xc6a7a613) slti    a2, a5, -918
core   0: 3 0x80008870 (0xc6a7a613) x12 0x00000000
core   0: 0x80008874 (0x008f30b3) sltu    ra, t5, s0
core   0: 3 0x80008874 (0x008f30b3) x 1 0x00000000
core   0: 0x80008878 (0x00be9913) slli    s2, t4, 11
core   0: 3 0x80008878 (0x00be9913) x18 0x00000800
core   0: 0x8000887c (0x7db4ab17) auipc   s6, 0x7db4a
core   0: 3 0x8000887c (0x7db4ab17) x22 0xfdb5287c
core   0: 0x80008880 (0x005a9413) slli    s0, s5, 5
core   0: 3 0x80008880 (0x005a9413) x 8 0x782ab080
core   0: 0x80008884 (0x181fe113) ori     sp, t6, 385
core   0: 3 0x80008884 (0x181fe113) x 2 0xffffffd7
core   0: 0x80008888 (0x00538a33) add     s4, t2, t0
core   0: 3 0x80008888 (0x00538a33) x20 0x800123b5
core   0: 0x8000888c (0xc2b74413) xori    s0, a4, -981
core   0: 3 0x8000888c (0xc2b74413) x 8 0xfffffc2b
core   0: 0x80008890 (0x836d7f13) andi    t5, s10, -1994
core   0: 3 0x80008890 (0x836d7f13) x30 0x97bd2814
core   0: 0x80008894 (0xcfac0513) addi    a0, s8, -774
core   0: 3 0x80008894 (0xcfac0513) x10 0x000020bb
core   0: 0x80008898 (0x011ea8b3) slt     a7, t4, a7
core   0: 3 0x80008898 (0x011ea8b3) x17 0x00000000
core   0: 0x8000889c (0x06167d13) andi    s10, a2, 97
core   0: 3 0x8000889c (0x06167d13) x26 0x00000000
core   0: 0x800088a0 (0x0109b633) sltu    a2, s3, a6
core   0: 3 0x800088a0 (0x0109b633) x12 0x00000000
core   0: 0x800088a4 (0x0122dc33) srl     s8, t0, s2
core   0: 3 0x800088a4 (0x0122dc33) x24 0x00000551
core   0: 0x800088a8 (0xa3b6e593) ori     a1, a3, -1477
core   0: 3 0x800088a8 (0xa3b6e593) x11 0xffffffff
core   0: 0x800088ac (0x01a140b3) xor     ra, sp, s10
core   0: 3 0x800088ac (0x01a140b3) x 1 0xffffffd7
core   0: 0x800088b0 (0x40bcd013) srai    zero, s9, 11
core   0: 3 0x800088b0 (0x40bcd013)
core   0: 0x800088b4 (0xddbd8cb7) lui     s9, 0xddbd8
core   0: 3 0x800088b4 (0xddbd8cb7) x25 0xddbd8000
core   0: 0x800088b8 (0x41d1d013) srai    zero, gp, 29
core   0: 3 0x800088b8 (0x41d1d013)
core   0: 0x800088bc (0x408fd793) srai    a5, t6, 8
core   0: 3 0x800088bc (0x408fd793) x15 0xfffffffe
core   0: 0x800088c0 (0x010a7833) and     a6, s4, a6
core   0: 3 0x800088c0 (0x010a7833) x16 0x00000000
core   0: 0x800088c4 (0x39950193) addi    gp, a0, 921
core   0: 3 0x800088c4 (0x39950193) x 3 0x00002454
core   0: 0x800088c8 (0x405d5a13) srai    s4, s10, 5
core   0: 3 0x800088c8 (0x405d5a13) x20 0x00000000
core   0: 0x800088cc (0x00409e93) slli    t4, ra, 4
core   0: 3 0x800088cc (0x00409e93) x29 0xfffffd70
core   0: 0x800088d0 (0x4aeb8913) addi    s2, s7, 1198
core   0: 3 0x800088d0 (0x4aeb8913) x18 0x000004ae
core   0: 0x800088d4 (0x007eceb3) xor     t4, t4, t2
core   0: 3 0x800088d4 (0x007eceb3) x29 0x7ffee314
core   0: 0x800088d8 (0x40aad193) srai    gp, s5, 10
core   0: 3 0x800088d8 (0x40aad193) x 3 0x0008f055
core   0: 0x800088dc (0x01bb7833) and     a6, s6, s11
core   0: 3 0x800088dc (0x01bb7833) x16 0x80012050
core   0: 0x800088e0 (0x412bd513) srai    a0, s7, 18
core   0: 3 0x800088e0 (0x412bd513) x10 0x00000000
core   0: 0x800088e4 (0x41b95413) srai    s0, s2, 27
core   0: 3 0x800088e4 (0x41b95413) x 8 0x00000000
core   0: 0x800088e8 (0x01ed1cb3) sll     s9, s10, t5
core   0: 3 0x800088e8 (0x01ed1cb3) x25 0x00000000
core   0: 0x800088ec (0x3c377893) andi    a7, a4, 963
core   0: 3 0x800088ec (0x3c377893) x17 0x00000000
core   0: 0x800088f0 (0x251ae817) auipc   a6, 0x251ae
core   0: 3 0x800088f0 (0x251ae817) x16 0xa51b68f0
core   0: 0x800088f4 (0x41e50633) sub     a2, a0, t5
core   0: 3 0x800088f4 (0x41e50633) x12 0x6842d7ec
core   0: 0x800088f8 (0x0ffde437) lui     s0, 0xffde
core   0: 3 0x800088f8 (0x0ffde437) x 8 0x0ffde000
core   0: 0x800088fc (0x01231cb3) sll     s9, t1, s2
core   0: 3 0x800088fc (0x01231cb3) x25 0x00000000
core   0: 0x80008900 (0x6cebcc93) xori    s9, s7, 1742
core   0: 3 0x80008900 (0x6cebcc93) x25 0x000006ce
core   0: 0x80008904 (0x40f1db93) srai    s7, gp, 15
core   0: 3 0x80008904 (0x40f1db93) x23 0x00000011
core   0: 0x80008908 (0x0052ac33) slt     s8, t0, t0
core   0: 3 0x80008908 (0x0052ac33) x24 0x00000000
core   0: 0x8000890c (0x40d20c33) sub     s8, tp, a3
core   0: 3 0x8000890c (0x40d20c33) x24 0xfec3917e
core   0: 0x80008910 (0x41c28133) sub     sp, t0, t3
core   0: 3 0x80008910 (0x41c28133) x 2 0xfffffd9c
core   0: 0x80008914 (0x00000013) nop
core   0: 3 0x80008914 (0x00000013)
core   0: 0x80008918 (0x41be0e33) sub     t3, t3, s11
core   0: 3 0x80008918 (0x41be0e33) x28 0x7ffea365
core   0: 0x8000891c (0x00f1c733) xor     a4, gp, a5
core   0: 3 0x8000891c (0x00f1c733) x14 0xfff70fab
core   0: 0x80008920 (0x14278e13) addi    t3, a5, 322
core   0: 3 0x80008920 (0x14278e13) x28 0x00000140
core   0: 0x80008924 (0x411ad693) srai    a3, s5, 17
core   0: 3 0x80008924 (0x411ad693) x13 0x000011e0
core   0: 0x80008928 (0x41cfdbb3) sra     s7, t6, t3
core   0: 3 0x80008928 (0x41cfdbb3) x23 0xfffffe57
core   0: 0x8000892c (0x00e51d13) slli    s10, a0, 14
core   0: 3 0x8000892c (0x00e51d13) x26 0x00000000
core   0: 0x80008930 (0x014199b3) sll     s3, gp, s4
core   0: 3 0x80008930 (0x014199b3) x19 0x0008f055
core   0: 0x80008934 (0xc74b7817) auipc   a6, 0xc74b7
core   0: 3 0x80008934 (0xc74b7817) x16 0x474bf934
core   0: 0x80008938 (0xf1e0af93) slti    t6, ra, -226
core   0: 3 0x80008938 (0xf1e0af93) x31 0x00000000
core   0: 0x8000893c (0xffb88693) addi    a3, a7, -5
core   0: 3 0x8000893c (0xffb88693) x13 0xfffffffb
core   0: 0x80008940 (0x00d2bb33) sltu    s6, t0, a3
core   0: 3 0x80008940 (0x00d2bb33) x22 0x00000001
core   0: 0x80008944 (0x0159b933) sltu    s2, s3, s5
core   0: 3 0x80008944 (0x0159b933) x18 0x00000001
core   0: 0x80008948 (0x0817b093) sltiu   ra, a5, 129
core   0: 3 0x80008948 (0x0817b093) x 1 0x00000000
core   0: 0x8000894c (0xbc33c013) xori    zero, t2, -1085
core   0: 3 0x8000894c (0xbc33c013)
core   0: 0x80008950 (0x41448033) sub     zero, s1, s4
core   0: 3 0x80008950 (0x41448033)
core   0: 0x80008954 (0x8854e513) ori     a0, s1, -1915
core   0: 3 0x80008954 (0x8854e513) x10 0xfffffce5
core   0: 0x80008958 (0x00000013) nop
core   0: 3 0x80008958 (0x00000013)
core   0: 0x8000895c (0x00000013) nop
core   0: 3 0x8000895c (0x00000013)
core   0: 0x80008960 (0x010e12b3) sll     t0, t3, a6
core   0: 3 0x80008960 (0x010e12b3) x 5 0x14000000
core   0: 0x80008964 (0xd380ec17) auipc   s8, 0xd380e
core   0: 3 0x80008964 (0xd380ec17) x24 0x53816964
core   0: 0x80008968 (0x00a19633) sll     a2, gp, a0
core   0: 3 0x80008968 (0x00a19633) x12 0x011e0aa0
core   0: 0x8000896c (0xbf65e613) ori     a2, a1, -1034
core   0: 3 0x8000896c (0xbf65e613) x12 0xffffffff
core   0: 0x80008970 (0x406b0833) sub     a6, s6, t1
core   0: 3 0x80008970 (0x406b0833) x16 0x00000001
core   0: 0x80008974 (0x0026df13) srli    t5, a3, 2
core   0: 3 0x80008974 (0x0026df13) x30 0x3ffffffe
core   0: 0x80008978 (0x7b3eddb7) lui     s11, 0x7b3ed
core   0: 3 0x80008978 (0x7b3eddb7) x27 0x7b3ed000
core   0: 0x8000897c (0xdeae4513) xori    a0, t3, -534
core   0: 3 0x8000897c (0xdeae4513) x10 0xfffffcaa
core   0: 0x80008980 (0x41c1d113) srai    sp, gp, 28
core   0: 3 0x80008980 (0x41c1d113) x 2 0x00000000
core   0: 0x80008984 (0x9b91d737) lui     a4, 0x9b91d
core   0: 3 0x80008984 (0x9b91d737) x14 0x9b91d000
core   0: 0x80008988 (0x00045c13) srli    s8, s0, 0
core   0: 3 0x80008988 (0x00045c13) x24 0x0ffde000
core   0: 0x8000898c (0x40168733) sub     a4, a3, ra
core   0: 3 0x8000898c (0x40168733) x14 0xfffffffb
core   0: 0x80008990 (0x14c16a13) ori     s4, sp, 332
core   0: 3 0x80008990 (0x14c16a13) x20 0x0000014c
core   0: 0x80008994 (0x00000013) nop
core   0: 3 0x80008994 (0x00000013)
core   0: 0x80008998 (0x416cdeb3) sra     t4, s9, s6
core   0: 3 0x80008998 (0x416cdeb3) x29 0x00000367
core   0: 0x8000899c (0x38ecc793) xori    a5, s9, 910
core   0: 3 0x8000899c (0x38ecc793) x15 0x00000540
core   0: 0x800089a0 (0x017d56b3) srl     a3, s10, s7
core   0: 3 0x800089a0 (0x017d56b3) x13 0x00000000
core   0: 0x800089a4 (0x00e45c33) srl     s8, s0, a4
core   0: 3 0x800089a4 (0x00e45c33) x24 0x00000001
core   0: 0x800089a8 (0x981cb013) sltiu   zero, s9, -1663
core   0: 3 0x800089a8 (0x981cb013)
core   0: 0x800089ac (0x69b1a013) slti    zero, gp, 1691
core   0: 3 0x800089ac (0x69b1a013)
core   0: 0x800089b0 (0x00101733) sll     a4, zero, ra
core   0: 3 0x800089b0 (0x00101733) x14 0x00000000
core   0: 0x800089b4 (0x01445513) srli    a0, s0, 20
core   0: 3 0x800089b4 (0x01445513) x10 0x000000ff
core   0: 0x800089b8 (0x400ed013) srai    zero, t4, 0
core   0: 3 0x800089b8 (0x400ed013)
core   0: 0x800089bc (0x0002d513) srli    a0, t0, 0
core   0: 3 0x800089bc (0x0002d513) x10 0x14000000
core   0: 0x800089c0 (0x23b86593) ori     a1, a6, 571
core   0: 3 0x800089c0 (0x23b86593) x11 0x0000023b
core   0: 0x800089c4 (0x0075eeb3) or      t4, a1, t2
core   0: 3 0x800089c4 (0x0075eeb3) x29 0x80011e7f
core   0: 0x800089c8 (0x00081e13) slli    t3, a6, 0
core   0: 3 0x800089c8 (0x00081e13) x28 0x00000001
core   0: 0x800089cc (0x01a16bb3) or      s7, sp, s10
core   0: 3 0x800089cc (0x01a16bb3) x23 0x00000000
core   0: 0x800089d0 (0x00000013) nop
core   0: 3 0x800089d0 (0x00000013)
core   0: 0x800089d4 (0xc3287f13) andi    t5, a6, -974
core   0: 3 0x800089d4 (0xc3287f13) x30 0x00000000
core   0: 0x800089d8 (0x00ef6733) or      a4, t5, a4
core   0: 3 0x800089d8 (0x00ef6733) x14 0x00000000
core   0: 0x800089dc (0x01f7b933) sltu    s2, a5, t6
core   0: 3 0x800089dc (0x01f7b933) x18 0x00000000
core   0: 0x800089e0 (0x00000013) nop
core   0: 3 0x800089e0 (0x00000013)
core   0: 0x800089e4 (0xcc46ce37) lui     t3, 0xcc46c
core   0: 3 0x800089e4 (0xcc46ce37) x28 0xcc46c000
core   0: 0x800089e8 (0xcf9a4b93) xori    s7, s4, -775
core   0: 3 0x800089e8 (0xcf9a4b93) x23 0xfffffdb5
core   0: 0x800089ec (0x11eab013) sltiu   zero, s5, 286
core   0: 3 0x800089ec (0x11eab013)
core   0: 0x800089f0 (0x41bf5293) srai    t0, t5, 27
core   0: 3 0x800089f0 (0x41bf5293) x 5 0x00000000
core   0: 0x800089f4 (0x40e30197) auipc   gp, 0x40e30
core   0: 3 0x800089f4 (0x40e30197) x 3 0xc0e389f4
core   0: 0x800089f8 (0x18d67f13) andi    t5, a2, 397
core   0: 3 0x800089f8 (0x18d67f13) x30 0x0000018d
core   0: 0x800089fc (0x4009dc13) srai    s8, s3, 0
core   0: 3 0x800089fc (0x4009dc13) x24 0x0008f055
core   0: 0x80008a00 (0xde8ecf37) lui     t5, 0xde8ec
core   0: 3 0x80008a00 (0xde8ecf37) x30 0xde8ec000
core   0: 0x80008a04 (0x40755ab3) sra     s5, a0, t2
core   0: 3 0x80008a04 (0x40755ab3) x21 0x01400000
core   0: 0x80008a08 (0x401fd993) srai    s3, t6, 1
core   0: 3 0x80008a08 (0x401fd993) x19 0x00000000
core   0: 0x80008a0c (0x0c2ee993) ori     s3, t4, 194
core   0: 3 0x80008a0c (0x0c2ee993) x19 0x80011eff
core   0: 0x80008a10 (0x011cda13) srli    s4, s9, 17
core   0: 3 0x80008a10 (0x011cda13) x20 0x00000000
core   0: 0x80008a14 (0x7ed80e93) addi    t4, a6, 2029
core   0: 3 0x80008a14 (0x7ed80e93) x29 0x000007ee
core   0: 0x80008a18 (0x00c45bb3) srl     s7, s0, a2
core   0: 3 0x80008a18 (0x00c45bb3) x23 0x00000000
core   0: 0x80008a1c (0x01e812b3) sll     t0, a6, t5
core   0: 3 0x80008a1c (0x01e812b3) x 5 0x00000001
core   0: 0x80008a20 (0x01688933) add     s2, a7, s6
core   0: 3 0x80008a20 (0x01688933) x18 0x00000001
core   0: 0x80008a24 (0x7e6eed93) ori     s11, t4, 2022
core   0: 3 0x80008a24 (0x7e6eed93) x27 0x000007ee
core   0: 0x80008a28 (0x00ce3413) sltiu   s0, t3, 12
core   0: 3 0x80008a28 (0x00ce3413) x 8 0x00000000
core   0: 0x80008a2c (0xdef7fd13) andi    s10, a5, -529
core   0: 3 0x80008a2c (0xdef7fd13) x26 0x00000540
core   0: 0x80008a30 (0x01c66433) or      s0, a2, t3
core   0: 3 0x80008a30 (0x01c66433) x 8 0xffffffff
core   0: 0x80008a34 (0x00ef10b3) sll     ra, t5, a4
core   0: 3 0x80008a34 (0x00ef10b3) x 1 0xde8ec000
core   0: 0x80008a38 (0x64932913) slti    s2, t1, 1609
core   0: 3 0x80008a38 (0x64932913) x18 0x00000001
core   0: 0x80008a3c (0xf23d7193) andi    gp, s10, -221
core   0: 3 0x80008a3c (0xf23d7193) x 3 0x00000500
core   0: 0x80008a40 (0x786cba13) sltiu   s4, s9, 1926
core   0: 3 0x80008a40 (0x786cba13) x20 0x00000001
core   0: 0x80008a44 (0x01fd9e93) slli    t4, s11, 31
core   0: 3 0x80008a44 (0x01fd9e93) x29 0x00000000
core   0: 0x80008a48 (0x0191c6b3) xor     a3, gp, s9
core   0: 3 0x80008a48 (0x0191c6b3) x13 0x000003ce
core   0: 0x80008a4c (0x011d45b3) xor     a1, s10, a7
core   0: 3 0x80008a4c (0x011d45b3) x11 0x00000540
core   0: 0x80008a50 (0xdb8759b7) lui     s3, 0xdb875
core   0: 3 0x80008a50 (0xdb8759b7) x19 0xdb875000
core   0: 0x80008a54 (0x01f79933) sll     s2, a5, t6
core   0: 3 0x80008a54 (0x01f79933) x18 0x00000540
core   0: 0x80008a58 (0x01eb8ab3) add     s5, s7, t5
core   0: 3 0x80008a58 (0x01eb8ab3) x21 0xde8ec000
core   0: 0x80008a5c (0xe1933117) auipc   sp, 0xe1933
core   0: 3 0x80008a5c (0xe1933117) x 2 0x6193ba5c
core   0: 0x80008a60 (0x00d82eb3) slt     t4, a6, a3
core   0: 3 0x80008a60 (0x00d82eb3) x29 0x00000001
core   0: 0x80008a64 (0x00000013) nop
core   0: 3 0x80008a64 (0x00000013)
core   0: 0x80008a68 (0x007f1a93) slli    s5, t5, 7
core   0: 3 0x80008a68 (0x007f1a93) x21 0x47600000
core   0: 0x80008a6c (0x01219433) sll     s0, gp, s2
core   0: 3 0x80008a6c (0x01219433) x 8 0x00000500
core   0: 0x80008a70 (0x00009733) sll     a4, ra, zero
core   0: 3 0x80008a70 (0x00009733) x14 0xde8ec000
core   0: 0x80008a74 (0x40220433) sub     s0, tp, sp
core   0: 3 0x80008a74 (0x40220433) x 8 0x9d2fd721
core   0: 0x80008a78 (0x018d1e33) sll     t3, s10, s8
core   0: 3 0x80008a78 (0x018d1e33) x28 0xa8000000
core   0: 0x80008a7c (0xd530e693) ori     a3, ra, -685
core   0: 3 0x80008a7c (0xd530e693) x13 0xfffffd53
core   0: 0x80008a80 (0x00f55b13) srli    s6, a0, 15
core   0: 3 0x80008a80 (0x00f55b13) x22 0x00002800
core   0: 0x80008a84 (0xf1c13093) sltiu   ra, sp, -228
core   0: 3 0x80008a84 (0xf1c13093) x 1 0x00000001
core   0: 0x80008a88 (0xd0dbe293) ori     t0, s7, -755
core   0: 3 0x80008a88 (0xd0dbe293) x 5 0xfffffd0d
core   0: 0x80008a8c (0x00000013) nop
core   0: 3 0x80008a8c (0x00000013)
core   0: 0x80008a90 (0x010c59b3) srl     s3, s8, a6
core   0: 3 0x80008a90 (0x010c59b3) x19 0x0004782a
core   0: 0x80008a94 (0x73498893) addi    a7, s3, 1844
core   0: 3 0x80008a94 (0x73498893) x17 0x00047f5e
core   0: 0x80008a98 (0x005aba33) sltu    s4, s5, t0
core   0: 3 0x80008a98 (0x005aba33) x20 0x00000001
core   0: 0x80008a9c (0x00065fb3) srl     t6, a2, zero
core   0: 3 0x80008a9c (0x00065fb3) x31 0xffffffff
core   0: 0x80008aa0 (0xe634bd13) sltiu   s10, s1, -413
core   0: 3 0x80008aa0 (0xe634bd13) x26 0x00000001
core   0: 0x80008aa4 (0xa07fb413) sltiu   s0, t6, -1529
core   0: 3 0x80008aa4 (0xa07fb413) x 8 0x00000000
core   0: 0x80008aa8 (0x40ff85b3) sub     a1, t6, a5
core   0: 3 0x80008aa8 (0x40ff85b3) x11 0xfffffabf
core   0: 0x80008aac (0x41dedf93) srai    t6, t4, 29
core   0: 3 0x80008aac (0x41dedf93) x31 0x00000000
core   0: 0x80008ab0 (0x00000013) nop
core   0: 3 0x80008ab0 (0x00000013)
core   0: 0x80008ab4 (0x9d87ac93) slti    s9, a5, -1576
core   0: 3 0x80008ab4 (0x9d87ac93) x25 0x00000000
core   0: 0x80008ab8 (0x014c1d33) sll     s10, s8, s4
core   0: 3 0x80008ab8 (0x014c1d33) x26 0x0011e0aa
core   0: 0x80008abc (0x01f47033) and     zero, s0, t6
core   0: 3 0x80008abc (0x01f47033)
core   0: 0x80008ac0 (0x01a75413) srli    s0, a4, 26
core   0: 3 0x80008ac0 (0x01a75413) x 8 0x00000037
core   0: 0x80008ac4 (0x008c37b3) sltu    a5, s8, s0
core   0: 3 0x80008ac4 (0x008c37b3) x15 0x00000000
core   0: 0x80008ac8 (0x01990133) add     sp, s2, s9
core   0: 3 0x80008ac8 (0x01990133) x 2 0x00000540
core   0: 0x80008acc (0x01211993) slli    s3, sp, 18
core   0: 3 0x80008acc (0x01211993) x19 0x15000000
core   0: 0x80008ad0 (0x7c5e6717) auipc   a4, 0x7c5e6
core   0: 3 0x80008ad0 (0x7c5e6717) x14 0xfc5eead0
core   0: 0x80008ad4 (0x017142b3) xor     t0, sp, s7
core   0: 3 0x80008ad4 (0x017142b3) x 5 0x00000540
core   0: 0x80008ad8 (0xcef0e313) ori     t1, ra, -785
core   0: 3 0x80008ad8 (0xcef0e313) x 6 0xfffffcef
core   0: 0x80008adc (0x65e58893) addi    a7, a1, 1630
core   0: 3 0x80008adc (0x65e58893) x17 0x0000011d
core   0: 0x80008ae0 (0x007dc7b3) xor     a5, s11, t2
core   0: 3 0x80008ae0 (0x007dc7b3) x15 0x8001198a
core   0: 0x80008ae4 (0x00f43133) sltu    sp, s0, a5
core   0: 3 0x80008ae4 (0x00f43133) x 2 0x00000001
core   0: 0x80008ae8 (0x01aca9b3) slt     s3, s9, s10
core   0: 3 0x80008ae8 (0x01aca9b3) x19 0x00000001
core   0: 0x80008aec (0xb1a50813) addi    a6, a0, -1254
core   0: 3 0x80008aec (0xb1a50813) x16 0x13fffb1a
core   0: 0x80008af0 (0xa4230993) addi    s3, t1, -1470
core   0: 3 0x80008af0 (0xa4230993) x19 0xfffff731
core   0: 0x80008af4 (0x400a0bb3) sub     s7, s4, zero
core   0: 3 0x80008af4 (0x400a0bb3) x23 0x00000001
core   0: 0x80008af8 (0xcfff7c13) andi    s8, t5, -769
core   0: 3 0x80008af8 (0xcfff7c13) x24 0xde8ec000
core   0: 0x80008afc (0x00499f33) sll     t5, s3, tp
core   0: 3 0x80008afc (0x00499f33) x30 0x20000000
core   0: 0x80008b00 (0xe1fec693) xori    a3, t4, -481
core   0: 3 0x80008b00 (0xe1fec693) x13 0xfffffe1e
core   0: 0x80008b04 (0x01e25a93) srli    s5, tp, 30
core   0: 3 0x80008b04 (0x01e25a93) x21 0x00000003
core   0: 0x80008b08 (0x55c26193) ori     gp, tp, 1372
core   0: 3 0x80008b08 (0x55c26193) x 3 0xfec3957d
core   0: 0x80008b0c (0xd70bb137) lui     sp, 0xd70bb
core   0: 3 0x80008b0c (0xd70bb137) x 2 0xd70bb000
core   0: 0x80008b10 (0x00e3a1b3) slt     gp, t2, a4
core   0: 3 0x80008b10 (0x00e3a1b3) x 3 0x00000001
core   0: 0x80008b14 (0xd70fb293) sltiu   t0, t6, -656
core   0: 3 0x80008b14 (0xd70fb293) x 5 0x00000001
core   0: 0x80008b18 (0xf3c7fe93) andi    t4, a5, -196
core   0: 3 0x80008b18 (0xf3c7fe93) x29 0x80011908
core   0: 0x80008b1c (0x41ffd413) srai    s0, t6, 31
core   0: 3 0x80008b1c (0x41ffd413) x 8 0x00000000
core   0: 0x80008b20 (0x01a810b3) sll     ra, a6, s10
core   0: 3 0x80008b20 (0x01a810b3) x 1 0xffec6800
core   0: 0x80008b24 (0xb479a293) slti    t0, s3, -1209
core   0: 3 0x80008b24 (0xb479a293) x 5 0x00000001
core   0: 0x80008b28 (0x0139f033) and     zero, s3, s3
core   0: 3 0x80008b28 (0x0139f033)
core   0: 0x80008b2c (0x00cb6333) or      t1, s6, a2
core   0: 3 0x80008b2c (0x00cb6333) x 6 0xffffffff
core   0: 0x80008b30 (0x01385f13) srli    t5, a6, 19
core   0: 3 0x80008b30 (0x01385f13) x30 0x0000027f
core   0: 0x80008b34 (0x01d05f33) srl     t5, zero, t4
core   0: 3 0x80008b34 (0x01d05f33) x30 0x00000000
core   0: 0x80008b38 (0x00e71db3) sll     s11, a4, a4
core   0: 3 0x80008b38 (0x00e71db3) x27 0xead00000
core   0: 0x80008b3c (0x00000013) nop
core   0: 3 0x80008b3c (0x00000013)
core   0: 0x80008b40 (0xa70de593) ori     a1, s11, -1424
core   0: 3 0x80008b40 (0xa70de593) x11 0xfffffa70
core   0: 0x80008b44 (0x83306193) ori     gp, zero, -1997
core   0: 3 0x80008b44 (0x83306193) x 3 0xfffff833
core   0: 0x80008b48 (0x01e55793) srli    a5, a0, 30
core   0: 3 0x80008b48 (0x01e55793) x15 0x00000000
core   0: 0x80008b4c (0xb51d3293) sltiu   t0, s10, -1199
core   0: 3 0x80008b4c (0xb51d3293) x 5 0x00000001
core   0: 0x80008b50 (0x41108cb3) sub     s9, ra, a7
core   0: 3 0x80008b50 (0x41108cb3) x25 0xffec66e3
core   0: 0x80008b54 (0x014eb033) sltu    zero, t4, s4
core   0: 3 0x80008b54 (0x014eb033)
core   0: 0x80008b58 (0x00b61033) sll     zero, a2, a1
core   0: 3 0x80008b58 (0x00b61033)
core   0: 0x80008b5c (0x003ee6b3) or      a3, t4, gp
core   0: 3 0x80008b5c (0x003ee6b3) x13 0xfffff93b
core   0: 0x80008b60 (0x40c95e93) srai    t4, s2, 12
core   0: 3 0x80008b60 (0x40c95e93) x29 0x00000000
core   0: 0x80008b64 (0x01441313) slli    t1, s0, 20
core   0: 3 0x80008b64 (0x01441313) x 6 0x00000000
core   0: 0x80008b68 (0x00000013) nop
core   0: 3 0x80008b68 (0x00000013)
core   0: 0x80008b6c (0x6ec29b17) auipc   s6, 0x6ec29
core   0: 3 0x80008b6c (0x6ec29b17) x22 0xeec31b6c
core   0: 0x80008b70 (0xb1977113) andi    sp, a4, -1255
core   0: 3 0x80008b70 (0xb1977113) x 2 0xfc5eea10
core   0: 0x80008b74 (0x010f7333) and     t1, t5, a6
core   0: 3 0x80008b74 (0x010f7333) x 6 0x00000000
core   0: 0x80008b78 (0x00f75093) srli    ra, a4, 15
core   0: 3 0x80008b78 (0x00f75093) x 1 0x0001f8bd
core   0: 0x80008b7c (0x416d5e93) srai    t4, s10, 22
core   0: 3 0x80008b7c (0x416d5e93) x29 0x00000000
core   0: 0x80008b80 (0x417f5cb3) sra     s9, t5, s7
core   0: 3 0x80008b80 (0x417f5cb3) x25 0x00000000
core   0: 0x80008b84 (0x01057113) andi    sp, a0, 16
core   0: 3 0x80008b84 (0x01057113) x 2 0x00000000
core   0: 0x80008b88 (0x02b98337) lui     t1, 0x2b98
core   0: 3 0x80008b88 (0x02b98337) x 6 0x02b98000
core   0: 0x80008b8c (0x20a47813) andi    a6, s0, 522
core   0: 3 0x80008b8c (0x20a47813) x16 0x00000000
core   0: 0x80008b90 (0x68daf993) andi    s3, s5, 1677
core   0: 3 0x80008b90 (0x68daf993) x19 0x00000001
core   0: 0x80008b94 (0xc4118b93) addi    s7, gp, -959
core   0: 3 0x80008b94 (0xc4118b93) x23 0xfffff474
core   0: 0x80008b98 (0x01899b33) sll     s6, s3, s8
core   0: 3 0x80008b98 (0x01899b33) x22 0x00000001
core   0: 0x80008b9c (0x40f3d633) sra     a2, t2, a5
core   0: 3 0x80008b9c (0x40f3d633) x12 0x80011e64
core   0: 0x80008ba0 (0x40438933) sub     s2, t2, tp
core   0: 3 0x80008ba0 (0x40438933) x18 0x813d8ce7
core   0: 0x80008ba4 (0xc80c3993) sltiu   s3, s8, -896
core   0: 3 0x80008ba4 (0xc80c3993) x19 0x00000001
core   0: 0x80008ba8 (0x013cfdb3) and     s11, s9, s3
core   0: 3 0x80008ba8 (0x013cfdb3) x27 0x00000000
core   0: 0x80008bac (0x0103d033) srl     zero, t2, a6
core   0: 3 0x80008bac (0x0103d033)
core   0: 0x80008bb0 (0x01f92eb3) slt     t4, s2, t6
core   0: 3 0x80008bb0 (0x01f92eb3) x29 0x00000001
core   0: 0x80008bb4 (0xaae32313) slti    t1, t1, -1362
core   0: 3 0x80008bb4 (0xaae32313) x 6 0x00000000
core   0: 0x80008bb8 (0x404cd193) srai    gp, s9, 4
core   0: 3 0x80008bb8 (0x404cd193) x 3 0x00000000
core   0: 0x80008bbc (0x41f1dc93) srai    s9, gp, 31
core   0: 3 0x80008bbc (0x41f1dc93) x25 0x00000000
core   0: 0x80008bc0 (0xa9330093) addi    ra, t1, -1389
core   0: 3 0x80008bc0 (0xa9330093) x 1 0xfffffa93
core   0: 0x80008bc4 (0x006fbe33) sltu    t3, t6, t1
core   0: 3 0x80008bc4 (0x006fbe33) x28 0x00000000
core   0: 0x80008bc8 (0x0bee2b13) slti    s6, t3, 190
core   0: 3 0x80008bc8 (0x0bee2b13) x22 0x00000001
core   0: 0x80008bcc (0x00e65c93) srli    s9, a2, 14
core   0: 3 0x80008bcc (0x00e65c93) x25 0x00020004
core   0: 0x80008bd0 (0x0101db13) srli    s6, gp, 16
core   0: 3 0x80008bd0 (0x0101db13) x22 0x00000000
core   0: 0x80008bd4 (0x23c33893) sltiu   a7, t1, 572
core   0: 3 0x80008bd4 (0x23c33893) x17 0x00000001
core   0: 0x80008bd8 (0xcefdf017) auipc   zero, 0xcefdf
core   0: 3 0x80008bd8 (0xcefdf017)
core   0: 0x80008bdc (0xa33aab93) slti    s7, s5, -1485
core   0: 3 0x80008bdc (0xa33aab93) x23 0x00000000
core   0: 0x80008be0 (0x018227b3) slt     a5, tp, s8
core   0: 3 0x80008be0 (0x018227b3) x15 0x00000000
core   0: 0x80008be4 (0x402a0633) sub     a2, s4, sp
core   0: 3 0x80008be4 (0x402a0633) x12 0x00000001
core   0: 0x80008be8 (0x01d7b133) sltu    sp, a5, t4
core   0: 3 0x80008be8 (0x01d7b133) x 2 0x00000001
core   0: 0x80008bec (0x019d3133) sltu    sp, s10, s9
core   0: 3 0x80008bec (0x019d3133) x 2 0x00000000
core   0: 0x80008bf0 (0xf3b42c13) slti    s8, s0, -197
core   0: 3 0x80008bf0 (0xf3b42c13) x24 0x00000000
core   0: 0x80008bf4 (0x000c6fb3) or      t6, s8, zero
core   0: 3 0x80008bf4 (0x000c6fb3) x31 0x00000000
core   0: 0x80008bf8 (0x00000013) nop
core   0: 3 0x80008bf8 (0x00000013)
core   0: 0x80008bfc (0x0038d0b3) srl     ra, a7, gp
core   0: 3 0x80008bfc (0x0038d0b3) x 1 0x00000001
core   0: 0x80008c00 (0x014b4a33) xor     s4, s6, s4
core   0: 3 0x80008c00 (0x014b4a33) x20 0x00000001
core   0: 0x80008c04 (0xc6617737) lui     a4, 0xc6617
core   0: 3 0x80008c04 (0xc6617737) x14 0xc6617000
core   0: 0x80008c08 (0x1db4f637) lui     a2, 0x1db4f
core   0: 3 0x80008c08 (0x1db4f637) x12 0x1db4f000
core   0: 0x80008c0c (0x3b260613) addi    a2, a2, 946
core   0: 3 0x80008c0c (0x3b260613) x12 0x1db4f3b2
core   0: 0x80008c10 (0x800006b7) lui     a3, 0x80000
core   0: 3 0x80008c10 (0x800006b7) x13 0x80000000
core   0: 0x80008c14 (0xc243dab7) lui     s5, 0xc243d
core   0: 3 0x80008c14 (0xc243dab7) x21 0xc243d000
core   0: 0x80008c18 (0x81da8a93) addi    s5, s5, -2019
core   0: 3 0x80008c18 (0x81da8a93) x21 0xc243c81d
core   0: 0x80008c1c (0x13e05437) lui     s0, 0x13e05
core   0: 3 0x80008c1c (0x13e05437) x 8 0x13e05000
core   0: 0x80008c20 (0x5ee40413) addi    s0, s0, 1518
core   0: 3 0x80008c20 (0x5ee40413) x 8 0x13e055ee
core   0: 0x80008c24 (0xd00a5c37) lui     s8, 0xd00a5
core   0: 3 0x80008c24 (0xd00a5c37) x24 0xd00a5000
core   0: 0x80008c28 (0xe5ec0c13) addi    s8, s8, -418
core   0: 3 0x80008c28 (0xe5ec0c13) x24 0xd00a4e5e
core   0: 0x80008c2c (0xfff00593) li      a1, -1
core   0: 3 0x80008c2c (0xfff00593) x11 0xffffffff
core   0: 0x80008c30 (0x3a40fa37) lui     s4, 0x3a40f
core   0: 3 0x80008c30 (0x3a40fa37) x20 0x3a40f000
core   0: 0x80008c34 (0xea7a0a13) addi    s4, s4, -345
core   0: 3 0x80008c34 (0xea7a0a13) x20 0x3a40eea7
core   0: 0x80008c38 (0xe9849d37) lui     s10, 0xe9849
core   0: 3 0x80008c38 (0xe9849d37) x26 0xe9849000
core   0: 0x80008c3c (0x254d0d13) addi    s10, s10, 596
core   0: 3 0x80008c3c (0x254d0d13) x26 0xe9849254
core   0: 0x80008c40 (0x00000093) li      ra, 0
core   0: 3 0x80008c40 (0x00000093) x 1 0x00000000
core   0: 0x80008c44 (0x4a698eb7) lui     t4, 0x4a698
core   0: 3 0x80008c44 (0x4a698eb7) x29 0x4a698000
core   0: 0x80008c48 (0x1d9e8e93) addi    t4, t4, 473
core   0: 3 0x80008c48 (0x1d9e8e93) x29 0x4a6981d9
core   0: 0x80008c4c (0x0abd0d13) addi    s10, s10, 171
core   0: 3 0x80008c4c (0x0abd0d13) x26 0xe98492ff
core   0: 0x80008c50 (0x12608413) addi    s0, ra, 294
core   0: 3 0x80008c50 (0x12608413) x 8 0x00000126
core   0: 0x80008c54 (0x00000013) nop
core   0: 3 0x80008c54 (0x00000013)
core   0: 0x80008c58 (0x00158c33) add     s8, a1, ra
core   0: 3 0x80008c58 (0x00158c33) x24 0xffffffff
core   0: 0x80008c5c (0x00000013) nop
core   0: 3 0x80008c5c (0x00000013)
core   0: 0x80008c60 (0x418a00b3) sub     ra, s4, s8
core   0: 3 0x80008c60 (0x418a00b3) x 1 0x3a40eea8
core   0: 0x80008c64 (0x00000013) nop
core   0: 3 0x80008c64 (0x00000013)
core   0: 0x80008c68 (0x01d08633) add     a2, ra, t4
core   0: 3 0x80008c68 (0x01d08633) x12 0x84aa7081
core   0: 0x80008c6c (0x00000013) nop
core   0: 3 0x80008c6c (0x00000013)
core   0: 0x80008c70 (0x401686b3) sub     a3, a3, ra
core   0: 3 0x80008c70 (0x401686b3) x13 0x45bf1158
core   0: 0x80008c74 (0x00000013) nop
core   0: 3 0x80008c74 (0x00000013)
core   0: 0x80008c78 (0x018c00b3) add     ra, s8, s8
core   0: 3 0x80008c78 (0x018c00b3) x 1 0xfffffffe
core   0: 0x80008c7c (0x00000013) nop
core   0: 3 0x80008c7c (0x00000013)
core   0: 0x80008c80 (0x00000013) nop
core   0: 3 0x80008c80 (0x00000013)
core   0: 0x80008c84 (0x3ca42a17) auipc   s4, 0x3ca42
core   0: 3 0x80008c84 (0x3ca42a17) x20 0xbca4ac84
core   0: 0x80008c88 (0xb0491ab7) lui     s5, 0xb0491
core   0: 3 0x80008c88 (0xb0491ab7) x21 0xb0491000
core   0: 0x80008c8c (0x27f1b437) lui     s0, 0x27f1b
core   0: 3 0x80008c8c (0x27f1b437) x 8 0x27f1b000
core   0: 0x80008c90 (0x00858433) add     s0, a1, s0
core   0: 3 0x80008c90 (0x00858433) x 8 0x27f1afff
core   0: 0x80008c94 (0x343d0593) addi    a1, s10, 835
core   0: 3 0x80008c94 (0x343d0593) x11 0xe9849642
core   0: 0x80008c98 (0x1da225b7) lui     a1, 0x1da22
core   0: 3 0x80008c98 (0x1da225b7) x11 0x1da22000
core   0: 0x80008c9c (0xde7eea37) lui     s4, 0xde7ee
core   0: 3 0x80008c9c (0xde7eea37) x20 0xde7ee000
core   0: 0x80008ca0 (0x41d08a33) sub     s4, ra, t4
core   0: 3 0x80008ca0 (0x41d08a33) x20 0xb5967e25
core   0: 0x80008ca4 (0x00c08fb3) add     t6, ra, a2
core   0: 3 0x80008ca4 (0x00c08fb3) x31 0x84aa707f
core   0: 0x80008ca8 (0x9e3c3e93) sltiu   t4, s8, -1565
core   0: 3 0x80008ca8 (0x9e3c3e93) x29 0x00000000
core   0: 0x80008cac (0x01e4d933) srl     s2, s1, t5
core   0: 3 0x80008cac (0x01e4d933) x18 0x80015ce4
core   0: 0x80008cb0 (0x00a4cdb3) xor     s11, s1, a0
core   0: 3 0x80008cb0 (0x00a4cdb3) x27 0x94015ce4
core   0: 0x80008cb4 (0x5624b113) sltiu   sp, s1, 1378
core   0: 3 0x80008cb4 (0x5624b113) x 2 0x00000000
core   0: 0x80008cb8 (0x115a7593) andi    a1, s4, 277
core   0: 3 0x80008cb8 (0x115a7593) x11 0x00000005
core   0: 0x80008cbc (0x2040ac93) slti    s9, ra, 516
core   0: 3 0x80008cbc (0x2040ac93) x25 0x00000001
core   0: 0x80008cc0 (0x01f9e133) or      sp, s3, t6
core   0: 3 0x80008cc0 (0x01f9e133) x 2 0x84aa707f
core   0: 0x80008cc4 (0xcf1f0e37) lui     t3, 0xcf1f0
core   0: 3 0x80008cc4 (0xcf1f0e37) x28 0xcf1f0000
core   0: 0x80008cc8 (0x409d52b3) sra     t0, s10, s1
core   0: 3 0x80008cc8 (0x409d52b3) x 5 0xfe98492f
core   0: 0x80008ccc (0x20ea7c93) andi    s9, s4, 526
core   0: 3 0x80008ccc (0x20ea7c93) x25 0x00000204
core   0: 0x80008cd0 (0x00d55693) srli    a3, a0, 13
core   0: 3 0x80008cd0 (0x00d55693) x13 0x0000a000
core   0: 0x80008cd4 (0x00458bb3) add     s7, a1, tp
core   0: 3 0x80008cd4 (0x00458bb3) x23 0xfec39182
core   0: 0x80008cd8 (0x007955b3) srl     a1, s2, t2
core   0: 3 0x80008cd8 (0x007955b3) x11 0x080015ce
core   0: 0x80008cdc (0xef888d17) auipc   s10, 0xef888
core   0: 3 0x80008cdc (0xef888d17) x26 0x6f890cdc
core   0: 0x80008ce0 (0x01e8d693) srli    a3, a7, 30
core   0: 3 0x80008ce0 (0x01e8d693) x13 0x00000000
core   0: 0x80008ce4 (0x01c689b3) add     s3, a3, t3
core   0: 3 0x80008ce4 (0x01c689b3) x19 0xcf1f0000
core   0: 0x80008ce8 (0x00a779b3) and     s3, a4, a0
core   0: 3 0x80008ce8 (0x00a779b3) x19 0x04000000
core   0: 0x80008cec (0x0064de93) srli    t4, s1, 6
core   0: 3 0x80008cec (0x0064de93) x29 0x02000573
core   0: 0x80008cf0 (0x00000013) nop
core   0: 3 0x80008cf0 (0x00000013)
core   0: 0x80008cf4 (0x00dc9733) sll     a4, s9, a3
core   0: 3 0x80008cf4 (0x00dc9733) x14 0x00000204
core   0: 0x80008cf8 (0x012bbab3) sltu    s5, s7, s2
core   0: 3 0x80008cf8 (0x012bbab3) x21 0x00000000
core   0: 0x80008cfc (0x02603993) sltiu   s3, zero, 38
core   0: 3 0x80008cfc (0x02603993) x19 0x00000001
core   0: 0x80008d00 (0x00000013) nop
core   0: 3 0x80008d00 (0x00000013)
core   0: 0x80008d04 (0x949c79b7) lui     s3, 0x949c7
core   0: 3 0x80008d04 (0x949c79b7) x19 0x949c7000
core   0: 0x80008d08 (0x3ae0af37) lui     t5, 0x3ae0a
core   0: 3 0x80008d08 (0x3ae0af37) x30 0x3ae0a000
core   0: 0x80008d0c (0x36266593) ori     a1, a2, 866
core   0: 3 0x80008d0c (0x36266593) x11 0x84aa73e3
core   0: 0x80008d10 (0x406d55b3) sra     a1, s10, t1
core   0: 3 0x80008d10 (0x406d55b3) x11 0x6f890cdc
core   0: 0x80008d14 (0x0110dab3) srl     s5, ra, a7
core   0: 3 0x80008d14 (0x0110dab3) x21 0x7fffffff
core   0: 0x80008d18 (0x01450633) add     a2, a0, s4
core   0: 3 0x80008d18 (0x01450633) x12 0xc9967e25
core   0: 0x80008d1c (0x329bac93) slti    s9, s7, 809
core   0: 3 0x80008d1c (0x329bac93) x25 0x00000001
core   0: 0x80008d20 (0x01dc4833) xor     a6, s8, t4
core   0: 3 0x80008d20 (0x01dc4833) x16 0xfdfffa8c
core   0: 0x80008d24 (0x00069093) slli    ra, a3, 0
core   0: 3 0x80008d24 (0x00069093) x 1 0x00000000
core   0: 0x80008d28 (0x01acfd33) and     s10, s9, s10
core   0: 3 0x80008d28 (0x01acfd33) x26 0x00000000
core   0: 0x80008d2c (0x015d1c93) slli    s9, s10, 21
core   0: 3 0x80008d2c (0x015d1c93) x25 0x00000000
core   0: 0x80008d30 (0x2d6ef613) andi    a2, t4, 726
core   0: 3 0x80008d30 (0x2d6ef613) x12 0x00000052
core   0: 0x80008d34 (0x18e6a993) slti    s3, a3, 398
core   0: 3 0x80008d34 (0x18e6a993) x19 0x00000001
core   0: 0x80008d38 (0x01c75833) srl     a6, a4, t3
core   0: 3 0x80008d38 (0x01c75833) x16 0x00000204
core   0: 0x80008d3c (0x01c31613) slli    a2, t1, 28
core   0: 3 0x80008d3c (0x01c31613) x12 0x00000000
core   0: 0x80008d40 (0x3db06413) ori     s0, zero, 987
core   0: 3 0x80008d40 (0x3db06413) x 8 0x000003db
core   0: 0x80008d44 (0x0066b433) sltu    s0, a3, t1
core   0: 3 0x80008d44 (0x0066b433) x 8 0x00000000
core   0: 0x80008d48 (0x9bdcc913) xori    s2, s9, -1603
core   0: 3 0x80008d48 (0x9bdcc913) x18 0xfffff9bd
core   0: 0x80008d4c (0x00b7fbb3) and     s7, a5, a1
core   0: 3 0x80008d4c (0x00b7fbb3) x23 0x00000000
core   0: 0x80008d50 (0x013c2b33) slt     s6, s8, s3
core   0: 3 0x80008d50 (0x013c2b33) x22 0x00000001
core   0: 0x80008d54 (0xc9eb6913) ori     s2, s6, -866
core   0: 3 0x80008d54 (0xc9eb6913) x18 0xfffffc9f
core   0: 0x80008d58 (0x25df6293) ori     t0, t5, 605
core   0: 3 0x80008d58 (0x25df6293) x 5 0x3ae0a25d
core   0: 0x80008d5c (0x00f1e1b3) or      gp, gp, a5
core   0: 3 0x80008d5c (0x00f1e1b3) x 3 0x00000000
core   0: 0x80008d60 (0x78e6e193) ori     gp, a3, 1934
core   0: 3 0x80008d60 (0x78e6e193) x 3 0x0000078e
core   0: 0x80008d64 (0x00c0c9b3) xor     s3, ra, a2
core   0: 3 0x80008d64 (0x00c0c9b3) x19 0x00000000
core   0: 0x80008d68 (0xfdf5b193) sltiu   gp, a1, -33
core   0: 3 0x80008d68 (0xfdf5b193) x 3 0x00000001
core   0: 0x80008d6c (0x01fec833) xor     a6, t4, t6
core   0: 3 0x80008d6c (0x01fec833) x16 0x86aa750c
core   0: 0x80008d70 (0x00e45b93) srli    s7, s0, 14
core   0: 3 0x80008d70 (0x00e45b93) x23 0x00000000
core   0: 0x80008d74 (0x41195cb3) sra     s9, s2, a7
core   0: 3 0x80008d74 (0x41195cb3) x25 0xfffffe4f
core   0: 0x80008d78 (0x402e5c93) srai    s9, t3, 2
core   0: 3 0x80008d78 (0x402e5c93) x25 0xf3c7c000
core   0: 0x80008d7c (0x4396db37) lui     s6, 0x4396d
core   0: 3 0x80008d7c (0x4396db37) x22 0x4396d000
core   0: 0x80008d80 (0x9cc72613) slti    a2, a4, -1588
core   0: 3 0x80008d80 (0x9cc72613) x12 0x00000000
core   0: 0x80008d84 (0xffd76617) auipc   a2, 0xffd76
core   0: 3 0x80008d84 (0xffd76617) x12 0x7fd7ed84
core   0: 0x80008d88 (0x6c4d8db7) lui     s11, 0x6c4d8
core   0: 3 0x80008d88 (0x6c4d8db7) x27 0x6c4d8000
core   0: 0x80008d8c (0x003a3293) sltiu   t0, s4, 3
core   0: 3 0x80008d8c (0x003a3293) x 5 0x00000000
core   0: 0x80008d90 (0x95853c93) sltiu   s9, a0, -1704
core   0: 3 0x80008d90 (0x95853c93) x25 0x00000001
core   0: 0x80008d94 (0x2eb10593) addi    a1, sp, 747
core   0: 3 0x80008d94 (0x2eb10593) x11 0x84aa736a
core   0: 0x80008d98 (0x4010d013) srai    zero, ra, 1
core   0: 3 0x80008d98 (0x4010d013)
core   0: 0x80008d9c (0x007542b3) xor     t0, a0, t2
core   0: 3 0x80008d9c (0x007542b3) x 5 0x94011e64
core   0: 0x80008da0 (0xbd837a17) auipc   s4, 0xbd837
core   0: 3 0x80008da0 (0xbd837a17) x20 0x3d83fda0
core   0: 0x80008da4 (0x007e0cb3) add     s9, t3, t2
core   0: 3 0x80008da4 (0x007e0cb3) x25 0x4f201e64
core   0: 0x80008da8 (0x086ffd13) andi    s10, t6, 134
core   0: 3 0x80008da8 (0x086ffd13) x26 0x00000006
core   0: 0x80008dac (0xc0f82893) slti    a7, a6, -1009
core   0: 3 0x80008dac (0xc0f82893) x17 0x00000001
core   0: 0x80008db0 (0x8e018d93) addi    s11, gp, -1824
core   0: 3 0x80008db0 (0x8e018d93) x27 0xfffff8e1
core   0: 0x80008db4 (0x379cf413) andi    s0, s9, 889
core   0: 3 0x80008db4 (0x379cf413) x 8 0x00000260
core   0: 0x80008db8 (0xfc92ef13) ori     t5, t0, -55
core   0: 3 0x80008db8 (0xfc92ef13) x30 0xffffffed
core   0: 0x80008dbc (0x00000013) nop
core   0: 3 0x80008dbc (0x00000013)
core   0: 0x80008dc0 (0x018e1eb3) sll     t4, t3, s8
core   0: 3 0x80008dc0 (0x018e1eb3) x29 0x00000000
core   0: 0x80008dc4 (0x01fc8833) add     a6, s9, t6
core   0: 3 0x80008dc4 (0x01fc8833) x16 0xd3ca8ee3
core   0: 0x80008dc8 (0x01e437b3) sltu    a5, s0, t5
core   0: 3 0x80008dc8 (0x01e437b3) x15 0x00000001
core   0: 0x80008dcc (0x9a8e3313) sltiu   t1, t3, -1624
core   0: 3 0x80008dcc (0x9a8e3313) x 6 0x00000001
core   0: 0x80008dd0 (0x407fd413) srai    s0, t6, 7
core   0: 3 0x80008dd0 (0x407fd413) x 8 0xff0954e0
core   0: 0x80008dd4 (0xe68e7537) lui     a0, 0xe68e7
core   0: 3 0x80008dd4 (0xe68e7537) x10 0xe68e7000
core   0: 0x80008dd8 (0x0e336b93) ori     s7, t1, 227
core   0: 3 0x80008dd8 (0x0e336b93) x23 0x000000e3
core   0: 0x80008ddc (0x00075993) srli    s3, a4, 0
core   0: 3 0x80008ddc (0x00075993) x19 0x00000204
core   0: 0x80008de0 (0x40438fb3) sub     t6, t2, tp
core   0: 3 0x80008de0 (0x40438fb3) x31 0x813d8ce7
core   0: 0x80008de4 (0x00759413) slli    s0, a1, 7
core   0: 3 0x80008de4 (0x00759413) x 8 0x5539b500
core   0: 0x80008de8 (0x007368b3) or      a7, t1, t2
core   0: 3 0x80008de8 (0x007368b3) x17 0x80011e65
core   0: 0x80008dec (0x201eb813) sltiu   a6, t4, 513
core   0: 3 0x80008dec (0x201eb813) x16 0x00000001
core   0: 0x80008df0 (0x01b93b33) sltu    s6, s2, s11
core   0: 3 0x80008df0 (0x01b93b33) x22 0x00000000
core   0: 0x80008df4 (0x00376cb3) or      s9, a4, gp
core   0: 3 0x80008df4 (0x00376cb3) x25 0x00000205
core   0: 0x80008df8 (0x4072d893) srai    a7, t0, 7
core   0: 3 0x80008df8 (0x4072d893) x17 0xff28023c
core   0: 0x80008dfc (0x406bdeb3) sra     t4, s7, t1
core   0: 3 0x80008dfc (0x406bdeb3) x29 0x00000071
core   0: 0x80008e00 (0x00000013) nop
core   0: 3 0x80008e00 (0x00000013)
core   0: 0x80008e04 (0x0c8e2693) slti    a3, t3, 200
core   0: 3 0x80008e04 (0x0c8e2693) x13 0x00000001
core   0: 0x80008e08 (0x00249593) slli    a1, s1, 2
core   0: 3 0x80008e08 (0x00249593) x11 0x00057390
core   0: 0x80008e0c (0x070282b7) lui     t0, 0x7028
core   0: 3 0x80008e0c (0x070282b7) x 5 0x07028000
core   0: 0x80008e10 (0x6140bd13) sltiu   s10, ra, 1556
core   0: 3 0x80008e10 (0x6140bd13) x26 0x00000001
core   0: 0x80008e14 (0x00000013) nop
core   0: 3 0x80008e14 (0x00000013)
core   0: 0x80008e18 (0x01d1f7b3) and     a5, gp, t4
core   0: 3 0x80008e18 (0x01d1f7b3) x15 0x00000001
core   0: 0x80008e1c (0x008de433) or      s0, s11, s0
core   0: 3 0x80008e1c (0x008de433) x 8 0xfffffde1
core   0: 0x80008e20 (0x0060fb33) and     s6, ra, t1
core   0: 3 0x80008e20 (0x0060fb33) x22 0x00000000
core   0: 0x80008e24 (0x40e281b3) sub     gp, t0, a4
core   0: 3 0x80008e24 (0x40e281b3) x 3 0x07027dfc
core   0: 0x80008e28 (0x004f02b3) add     t0, t5, tp
core   0: 3 0x80008e28 (0x004f02b3) x 5 0xfec3916a
core   0: 0x80008e2c (0x01131413) slli    s0, t1, 17
core   0: 3 0x80008e2c (0x01131413) x 8 0x00020000
core   0: 0x80008e30 (0x01db5693) srli    a3, s6, 29
core   0: 3 0x80008e30 (0x01db5693) x13 0x00000000
core   0: 0x80008e34 (0x6b1deb93) ori     s7, s11, 1713
core   0: 3 0x80008e34 (0x6b1deb93) x23 0xfffffef1
core   0: 0x80008e38 (0xa8adff17) auipc   t5, 0xa8adf
core   0: 3 0x80008e38 (0xa8adff17) x30 0x28ae7e38
core   0: 0x80008e3c (0x415a0c33) sub     s8, s4, s5
core   0: 3 0x80008e3c (0x415a0c33) x24 0xbd83fda1
core   0: 0x80008e40 (0x338c3b37) lui     s6, 0x338c3
core   0: 3 0x80008e40 (0x338c3b37) x22 0x338c3000
core   0: 0x80008e44 (0x009bb7b3) sltu    a5, s7, s1
core   0: 3 0x80008e44 (0x009bb7b3) x15 0x00000000
core   0: 0x80008e48 (0x3c217b37) lui     s6, 0x3c217
core   0: 3 0x80008e48 (0x3c217b37) x22 0x3c217000
core   0: 0x80008e4c (0x408e0e33) sub     t3, t3, s0
core   0: 3 0x80008e4c (0x408e0e33) x28 0xcf1d0000
core   0: 0x80008e50 (0x0107aeb3) slt     t4, a5, a6
core   0: 3 0x80008e50 (0x0107aeb3) x29 0x00000001
core   0: 0x80008e54 (0x012f5c93) srli    s9, t5, 18
core   0: 3 0x80008e54 (0x012f5c93) x25 0x00000a2b
core   0: 0x80008e58 (0x55687b93) andi    s7, a6, 1366
core   0: 3 0x80008e58 (0x55687b93) x23 0x00000000
core   0: 0x80008e5c (0x01f81093) slli    ra, a6, 31
core   0: 3 0x80008e5c (0x01f81093) x 1 0x80000000
core   0: 0x80008e60 (0xdab47317) auipc   t1, 0xdab47
core   0: 3 0x80008e60 (0xdab47317) x 6 0x5ab4fe60
core   0: 0x80008e64 (0x409cdb13) srai    s6, s9, 9
core   0: 3 0x80008e64 (0x409cdb13) x22 0x00000005
core   0: 0x80008e68 (0x419e58b3) sra     a7, t3, s9
core   0: 3 0x80008e68 (0x419e58b3) x17 0xfff9e3a0
core   0: 0x80008e6c (0x6dc43a13) sltiu   s4, s0, 1756
core   0: 3 0x80008e6c (0x6dc43a13) x20 0x00000000
core   0: 0x80008e70 (0x00e5e533) or      a0, a1, a4
core   0: 3 0x80008e70 (0x00e5e533) x10 0x00057394
core   0: 0x80008e74 (0x01210933) add     s2, sp, s2
core   0: 3 0x80008e74 (0x01210933) x18 0x84aa6d1e
core   0: 0x80008e78 (0x9c41ee13) ori     t3, gp, -1596
core   0: 3 0x80008e78 (0x9c41ee13) x28 0xfffffdfc
core   0: 0x80008e7c (0x68b84313) xori    t1, a6, 1675
core   0: 3 0x80008e7c (0x68b84313) x 6 0x0000068a
core   0: 0x80008e80 (0x01209693) slli    a3, ra, 18
core   0: 3 0x80008e80 (0x01209693) x13 0x00000000
core   0: 0x80008e84 (0x95b48293) addi    t0, s1, -1701
core   0: 3 0x80008e84 (0x95b48293) x 5 0x8001563f
core   0: 0x80008e88 (0x6050ff93) andi    t6, ra, 1541
core   0: 3 0x80008e88 (0x6050ff93) x31 0x00000000
core   0: 0x80008e8c (0x1fa5fe93) andi    t4, a1, 506
core   0: 3 0x80008e8c (0x1fa5fe93) x29 0x00000190
core   0: 0x80008e90 (0x41c4d7b3) sra     a5, s1, t3
core   0: 3 0x80008e90 (0x41c4d7b3) x15 0xfffffff8
core   0: 0x80008e94 (0x00d6d313) srli    t1, a3, 13
core   0: 3 0x80008e94 (0x00d6d313) x 6 0x00000000
core   0: 0x80008e98 (0x629c1e97) auipc   t4, 0x629c1
core   0: 3 0x80008e98 (0x629c1e97) x29 0xe29c9e98
core   0: 0x80008e9c (0x01ed0133) add     sp, s10, t5
core   0: 3 0x80008e9c (0x01ed0133) x 2 0x28ae7e39
core   0: 0x80008ea0 (0x01768e33) add     t3, a3, s7
core   0: 3 0x80008ea0 (0x01768e33) x28 0x00000000
core   0: 0x80008ea4 (0x0022da33) srl     s4, t0, sp
core   0: 3 0x80008ea4 (0x0022da33) x20 0x00000040
core   0: 0x80008ea8 (0x41df8fb3) sub     t6, t6, t4
core   0: 3 0x80008ea8 (0x41df8fb3) x31 0x1d636168
core   0: 0x80008eac (0x00d085b3) add     a1, ra, a3
core   0: 3 0x80008eac (0x00d085b3) x11 0x80000000
core   0: 0x80008eb0 (0x4153d013) srai    zero, t2, 21
core   0: 3 0x80008eb0 (0x4153d013)
core   0: 0x80008eb4 (0x8ae1c093) xori    ra, gp, -1874
core   0: 3 0x80008eb4 (0x8ae1c093) x 1 0xf8fd8552
core   0: 0x80008eb8 (0x08e96e13) ori     t3, s2, 142
core   0: 3 0x80008eb8 (0x08e96e13) x28 0x84aa6d9e
core   0: 0x80008ebc (0xd0793313) sltiu   t1, s2, -761
core   0: 3 0x80008ebc (0xd0793313) x 6 0x00000001
core   0: 0x80008ec0 (0xdc504013) xori    zero, zero, -571
core   0: 3 0x80008ec0 (0xdc504013)
core   0: 0x80008ec4 (0x015da533) slt     a0, s11, s5
core   0: 3 0x80008ec4 (0x015da533) x10 0x00000001
core   0: 0x80008ec8 (0x414888b3) sub     a7, a7, s4
core   0: 3 0x80008ec8 (0x414888b3) x17 0xfff9e360
core   0: 0x80008ecc (0x0174a1b3) slt     gp, s1, s7
core   0: 3 0x80008ecc (0x0174a1b3) x 3 0x00000001
core   0: 0x80008ed0 (0x0b3a8193) addi    gp, s5, 179
core   0: 3 0x80008ed0 (0x0b3a8193) x 3 0x800000b2
core   0: 0x80008ed4 (0x4f0b3c13) sltiu   s8, s6, 1264
core   0: 3 0x80008ed4 (0x4f0b3c13) x24 0x00000001
core   0: 0x80008ed8 (0x00000013) nop
core   0: 3 0x80008ed8 (0x00000013)
core   0: 0x80008edc (0x00000013) nop
core   0: 3 0x80008edc (0x00000013)
core   0: 0x80008ee0 (0x6a9e2313) slti    t1, t3, 1705
core   0: 3 0x80008ee0 (0x6a9e2313) x 6 0x00000001
core   0: 0x80008ee4 (0x01f726b3) slt     a3, a4, t6
core   0: 3 0x80008ee4 (0x01f726b3) x13 0x00000001
core   0: 0x80008ee8 (0xc383a893) slti    a7, t2, -968
core   0: 3 0x80008ee8 (0xc383a893) x17 0x00000001
core   0: 0x80008eec (0x3fd14693) xori    a3, sp, 1021
core   0: 3 0x80008eec (0x3fd14693) x13 0x28ae7dc4
core   0: 0x80008ef0 (0x015b5cb3) srl     s9, s6, s5
core   0: 3 0x80008ef0 (0x015b5cb3) x25 0x00000000
core   0: 0x80008ef4 (0x0017f9b3) and     s3, a5, ra
core   0: 3 0x80008ef4 (0x0017f9b3) x19 0xf8fd8550
core   0: 0x80008ef8 (0x0076b0b3) sltu    ra, a3, t2
core   0: 3 0x80008ef8 (0x0076b0b3) x 1 0x00000001
core   0: 0x80008efc (0xc9242713) slti    a4, s0, -878
core   0: 3 0x80008efc (0xc9242713) x14 0x00000000
core   0: 0x80008f00 (0x410e5a33) sra     s4, t3, a6
core   0: 3 0x80008f00 (0x410e5a33) x20 0xc25536cf
core   0: 0x80008f04 (0x38b58693) addi    a3, a1, 907
core   0: 3 0x80008f04 (0x38b58693) x13 0x8000038b
core   0: 0x80008f08 (0xba0661b7) lui     gp, 0xba066
core   0: 3 0x80008f08 (0xba0661b7) x 3 0xba066000
core   0: 0x80008f0c (0x01606b33) or      s6, zero, s6
core   0: 3 0x80008f0c (0x01606b33) x22 0x00000005
core   0: 0x80008f10 (0x416c0533) sub     a0, s8, s6
core   0: 3 0x80008f10 (0x416c0533) x10 0xfffffffc
core   0: 0x80008f14 (0x0055c1b3) xor     gp, a1, t0
core   0: 3 0x80008f14 (0x0055c1b3) x 3 0x0001563f
core   0: 0x80008f18 (0x01fcbfb3) sltu    t6, s9, t6
core   0: 3 0x80008f18 (0x01fcbfb3) x31 0x00000001
core   0: 0x80008f1c (0xb2966813) ori     a6, a2, -1239
core   0: 3 0x80008f1c (0xb2966813) x16 0xffffffad
core   0: 0x80008f20 (0xf6e86893) ori     a7, a6, -146
core   0: 3 0x80008f20 (0xf6e86893) x17 0xffffffef
core   0: 0x80008f24 (0x010ed513) srli    a0, t4, 16
core   0: 3 0x80008f24 (0x010ed513) x10 0x0000e29c
core   0: 0x80008f28 (0x76273b13) sltiu   s6, a4, 1890
core   0: 3 0x80008f28 (0x76273b13) x22 0x00000001
core   0: 0x80008f2c (0x4158da33) sra     s4, a7, s5
core   0: 3 0x80008f2c (0x4158da33) x20 0xffffffff
core   0: 0x80008f30 (0x015adc33) srl     s8, s5, s5
core   0: 3 0x80008f30 (0x015adc33) x24 0x00000000
core   0: 0x80008f34 (0x01072ab3) slt     s5, a4, a6
core   0: 3 0x80008f34 (0x01072ab3) x21 0x00000000
core   0: 0x80008f38 (0xf1c06093) ori     ra, zero, -228
core   0: 3 0x80008f38 (0xf1c06093) x 1 0xffffff1c
core   0: 0x80008f3c (0x01f18cb3) add     s9, gp, t6
core   0: 3 0x80008f3c (0x01f18cb3) x25 0x00015640
core   0: 0x80008f40 (0x015c7c33) and     s8, s8, s5
core   0: 3 0x80008f40 (0x015c7c33) x24 0x00000000
core   0: 0x80008f44 (0x22760093) addi    ra, a2, 551
core   0: 3 0x80008f44 (0x22760093) x 1 0x7fd7efab
core   0: 0x80008f48 (0x161ba717) auipc   a4, 0x161ba
core   0: 3 0x80008f48 (0x161ba717) x14 0x961c2f48
core   0: 0x80008f4c (0x10932293) slti    t0, t1, 265
core   0: 3 0x80008f4c (0x10932293) x 5 0x00000001
core   0: 0x80008f50 (0x01ced1b3) srl     gp, t4, t3
core   0: 3 0x80008f50 (0x01ced1b3) x 3 0x00000003
core   0: 0x80008f54 (0x23dde093) ori     ra, s11, 573
core   0: 3 0x80008f54 (0x23dde093) x 1 0xfffffafd
core   0: 0x80008f58 (0xe5a1e737) lui     a4, 0xe5a1e
core   0: 3 0x80008f58 (0xe5a1e737) x14 0xe5a1e000
core   0: 0x80008f5c (0x01d262b3) or      t0, tp, t4
core   0: 3 0x80008f5c (0x01d262b3) x 5 0xfedf9ffd
core   0: 0x80008f60 (0x01128033) add     zero, t0, a7
core   0: 3 0x80008f60 (0x01128033)
core   0: 0x80008f64 (0x01562933) slt     s2, a2, s5
core   0: 3 0x80008f64 (0x01562933) x18 0x00000000
core   0: 0x80008f68 (0x678f6093) ori     ra, t5, 1656
core   0: 3 0x80008f68 (0x678f6093) x 1 0x28ae7e78
core   0: 0x80008f6c (0x017f9733) sll     a4, t6, s7
core   0: 3 0x80008f6c (0x017f9733) x14 0x00000001
core   0: 0x80008f70 (0xb1731ab7) lui     s5, 0xb1731
core   0: 3 0x80008f70 (0xb1731ab7) x21 0xb1731000
core   0: 0x80008f74 (0x00a57933) and     s2, a0, a0
core   0: 3 0x80008f74 (0x00a57933) x18 0x0000e29c
core   0: 0x80008f78 (0x01f78eb3) add     t4, a5, t6
core   0: 3 0x80008f78 (0x01f78eb3) x29 0xfffffff9
core   0: 0x80008f7c (0x3d39bd17) auipc   s10, 0x3d39b
core   0: 3 0x80008f7c (0x3d39bd17) x26 0xbd3a3f7c
core   0: 0x80008f80 (0x00000013) nop
core   0: 3 0x80008f80 (0x00000013)
core   0: 0x80008f84 (0x00b61533) sll     a0, a2, a1
core   0: 3 0x80008f84 (0x00b61533) x10 0x7fd7ed84
core   0: 0x80008f88 (0x015816b3) sll     a3, a6, s5
core   0: 3 0x80008f88 (0x015816b3) x13 0xffffffad
core   0: 0x80008f8c (0x014dd333) srl     t1, s11, s4
core   0: 3 0x80008f8c (0x014dd333) x 6 0x00000001
core   0: 0x80008f90 (0x000ca6b3) slt     a3, s9, zero
core   0: 3 0x80008f90 (0x000ca6b3) x13 0x00000000
core   0: 0x80008f94 (0x01c31933) sll     s2, t1, t3
core   0: 3 0x80008f94 (0x01c31933) x18 0x40000000
core   0: 0x80008f98 (0x01a75db3) srl     s11, a4, s10
core   0: 3 0x80008f98 (0x01a75db3) x27 0x00000000
core   0: 0x80008f9c (0x38688717) auipc   a4, 0x38688
core   0: 3 0x80008f9c (0x38688717) x14 0xb8690f9c
core   0: 0x80008fa0 (0x00000013) nop
core   0: 3 0x80008fa0 (0x00000013)
core   0: 0x80008fa4 (0x01d13633) sltu    a2, sp, t4
core   0: 3 0x80008fa4 (0x01d13633) x12 0x00000001
core   0: 0x80008fa8 (0x4056dd13) srai    s10, a3, 5
core   0: 3 0x80008fa8 (0x4056dd13) x26 0x00000000
core   0: 0x80008fac (0x22c5ae97) auipc   t4, 0x22c5a
core   0: 3 0x80008fac (0x22c5ae97) x29 0xa2c62fac
core   0: 0x80008fb0 (0x009d3eb3) sltu    t4, s10, s1
core   0: 3 0x80008fb0 (0x009d3eb3) x29 0x00000001
core   0: 0x80008fb4 (0xf9892793) slti    a5, s2, -104
core   0: 3 0x80008fb4 (0xf9892793) x15 0x00000000
core   0: 0x80008fb8 (0x00e3d313) srli    t1, t2, 14
core   0: 3 0x80008fb8 (0x00e3d313) x 6 0x00020004
core   0: 0x80008fbc (0x00000013) nop
core   0: 3 0x80008fbc (0x00000013)
core   0: 0x80008fc0 (0x669d8a37) lui     s4, 0x669d8
core   0: 3 0x80008fc0 (0x669d8a37) x20 0x669d8000
core   0: 0x80008fc4 (0xe9a50a93) addi    s5, a0, -358
core   0: 3 0x80008fc4 (0xe9a50a93) x21 0x7fd7ec1e
core   0: 0x80008fc8 (0x01cf37b3) sltu    a5, t5, t3
core   0: 3 0x80008fc8 (0x01cf37b3) x15 0x00000001
core   0: 0x80008fcc (0xb14a6c13) ori     s8, s4, -1260
core   0: 3 0x80008fcc (0xb14a6c13) x24 0xfffffb14
core   0: 0x80008fd0 (0x0032ea33) or      s4, t0, gp
core   0: 3 0x80008fd0 (0x0032ea33) x20 0xfedf9fff
core   0: 0x80008fd4 (0x7ecb2f97) auipc   t6, 0x7ecb2
core   0: 3 0x80008fd4 (0x7ecb2f97) x31 0xfecbafd4
core   0: 0x80008fd8 (0x8bd81617) auipc   a2, 0x8bd81
core   0: 3 0x80008fd8 (0x8bd81617) x12 0x0bd89fd8
core   0: 0x80008fdc (0x40d3d593) srai    a1, t2, 13
core   0: 3 0x80008fdc (0x40d3d593) x11 0xfffc0008
core   0: 0x80008fe0 (0xa4b1fb93) andi    s7, gp, -1461
core   0: 3 0x80008fe0 (0xa4b1fb93) x23 0x00000003
core   0: 0x80008fe4 (0x588e2613) slti    a2, t3, 1416
core   0: 3 0x80008fe4 (0x588e2613) x12 0x00000001
core   0: 0x80008fe8 (0x00cc5913) srli    s2, s8, 12
core   0: 3 0x80008fe8 (0x00cc5913) x18 0x000fffff
core   0: 0x80008fec (0xe0e40c93) addi    s9, s0, -498
core   0: 3 0x80008fec (0xe0e40c93) x25 0x0001fe0e
core   0: 0x80008ff0 (0x00a31113) slli    sp, t1, 10
core   0: 3 0x80008ff0 (0x00a31113) x 2 0x08001000
core   0: 0x80008ff4 (0x412fd793) srai    a5, t6, 18
core   0: 3 0x80008ff4 (0x412fd793) x15 0xffffffb2
core   0: 0x80008ff8 (0x0028db13) srli    s6, a7, 2
core   0: 3 0x80008ff8 (0x0028db13) x22 0x3ffffffb
core   0: 0x80008ffc (0x40bb5693) srai    a3, s6, 11
core   0: 3 0x80008ffc (0x40bb5693) x13 0x0007ffff
core   0: 0x80009000 (0x30dcf793) andi    a5, s9, 781
core   0: 3 0x80009000 (0x30dcf793) x15 0x0000020c
core   0: 0x80009004 (0x11fdab93) slti    s7, s11, 287
core   0: 3 0x80009004 (0x11fdab93) x23 0x00000001
core   0: 0x80009008 (0x00000013) nop
core   0: 3 0x80009008 (0x00000013)
core   0: 0x8000900c (0x015ae8b3) or      a7, s5, s5
core   0: 3 0x8000900c (0x015ae8b3) x17 0x7fd7ec1e
core   0: 0x80009010 (0xf6b64613) xori    a2, a2, -149
core   0: 3 0x80009010 (0xf6b64613) x12 0xffffff6a
core   0: 0x80009014 (0x412752b3) sra     t0, a4, s2
core   0: 3 0x80009014 (0x412752b3) x 5 0xffffffff
core   0: 0x80009018 (0x01e5e8b3) or      a7, a1, t5
core   0: 3 0x80009018 (0x01e5e8b3) x17 0xfffe7e38
core   0: 0x8000901c (0xa7a03313) sltiu   t1, zero, -1414
core   0: 3 0x8000901c (0xa7a03313) x 6 0x00000001
core   0: 0x80009020 (0x963f8613) addi    a2, t6, -1693
core   0: 3 0x80009020 (0x963f8613) x12 0xfecba937
core   0: 0x80009024 (0x00191f93) slli    t6, s2, 1
core   0: 3 0x80009024 (0x00191f93) x31 0x001ffffe
core   0: 0x80009028 (0x41415e33) sra     t3, sp, s4
core   0: 3 0x80009028 (0x41415e33) x28 0x00000000
core   0: 0x8000902c (0x00422a33) slt     s4, tp, tp
core   0: 3 0x8000902c (0x00422a33) x20 0x00000000
core   0: 0x80009030 (0x003c8133) add     sp, s9, gp
core   0: 3 0x80009030 (0x003c8133) x 2 0x0001fe11
core   0: 0x80009034 (0x01bb2bb3) slt     s7, s6, s11
core   0: 3 0x80009034 (0x01bb2bb3) x23 0x00000000
core   0: 0x80009038 (0x00c6ebb3) or      s7, a3, a2
core   0: 3 0x80009038 (0x00c6ebb3) x23 0xfecfffff
core   0: 0x8000903c (0x41205733) sra     a4, zero, s2
core   0: 3 0x8000903c (0x41205733) x14 0x00000000
core   0: 0x80009040 (0x0081fcb3) and     s9, gp, s0
core   0: 3 0x80009040 (0x0081fcb3) x25 0x00000000
core   0: 0x80009044 (0x0c8afa93) andi    s5, s5, 200
core   0: 3 0x80009044 (0x0c8afa93) x21 0x00000008
core   0: 0x80009048 (0x754f0093) addi    ra, t5, 1876
core   0: 3 0x80009048 (0x754f0093) x 1 0x28ae858c
core   0: 0x8000904c (0x00c2c7b3) xor     a5, t0, a2
core   0: 3 0x8000904c (0x00c2c7b3) x15 0x013456c8
core   0: 0x80009050 (0x015bdd93) srli    s11, s7, 21
core   0: 3 0x80009050 (0x015bdd93) x27 0x000007f6
core   0: 0x80009054 (0x011312b3) sll     t0, t1, a7
core   0: 3 0x80009054 (0x011312b3) x 5 0x01000000
core   0: 0x80009058 (0x0175b897) auipc   a7, 0x175b
core   0: 3 0x80009058 (0x0175b897) x17 0x81764058
core   0: 0x8000905c (0xc41b4137) lui     sp, 0xc41b4
core   0: 3 0x8000905c (0xc41b4137) x 2 0xc41b4000
core   0: 0x80009060 (0x4f78b893) sltiu   a7, a7, 1271
core   0: 3 0x80009060 (0x4f78b893) x17 0x00000000
core   0: 0x80009064 (0xe928af93) slti    t6, a7, -366
core   0: 3 0x80009064 (0xe928af93) x31 0x00000000
core   0: 0x80009068 (0xaf5418b7) lui     a7, 0xaf541
core   0: 3 0x80009068 (0xaf5418b7) x17 0xaf541000
core   0: 0x8000906c (0xa12f6113) ori     sp, t5, -1518
core   0: 3 0x8000906c (0xa12f6113) x 2 0xfffffe3a
core   0: 0x80009070 (0xba87ff93) andi    t6, a5, -1112
core   0: 3 0x80009070 (0xba87ff93) x31 0x01345288
core   0: 0x80009074 (0x00d7a433) slt     s0, a5, a3
core   0: 3 0x80009074 (0x00d7a433) x 8 0x00000000
core   0: 0x80009078 (0xd7d2e513) ori     a0, t0, -643
core   0: 3 0x80009078 (0xd7d2e513) x10 0xfffffd7d
core   0: 0x8000907c (0x01812333) slt     t1, sp, s8
core   0: 3 0x8000907c (0x01812333) x 6 0x00000000
core   0: 0x80009080 (0x00b77333) and     t1, a4, a1
core   0: 3 0x80009080 (0x00b77333) x 6 0x00000000
core   0: 0x80009084 (0x00000013) nop
core   0: 3 0x80009084 (0x00000013)
core   0: 0x80009088 (0x6f6ef113) andi    sp, t4, 1782
core   0: 3 0x80009088 (0x6f6ef113) x 2 0x00000000
core   0: 0x8000908c (0x01b75f93) srli    t6, a4, 27
core   0: 3 0x8000908c (0x01b75f93) x31 0x00000000
core   0: 0x80009090 (0x01cba133) slt     sp, s7, t3
core   0: 3 0x80009090 (0x01cba133) x 2 0x00000001
core   0: 0x80009094 (0x01ab2c33) slt     s8, s6, s10
core   0: 3 0x80009094 (0x01ab2c33) x24 0x00000000
core   0: 0x80009098 (0x5f377713) andi    a4, a4, 1523
core   0: 3 0x80009098 (0x5f377713) x14 0x00000000
core   0: 0x8000909c (0x008f65b3) or      a1, t5, s0
core   0: 3 0x8000909c (0x008f65b3) x11 0x28ae7e38
core   0: 0x800090a0 (0x415050b3) sra     ra, zero, s5
core   0: 3 0x800090a0 (0x415050b3) x 1 0x00000000
core   0: 0x800090a4 (0x4aa82d13) slti    s10, a6, 1194
core   0: 3 0x800090a4 (0x4aa82d13) x26 0x00000001
core   0: 0x800090a8 (0x01cc2db3) slt     s11, s8, t3
core   0: 3 0x800090a8 (0x01cc2db3) x27 0x00000000
core   0: 0x800090ac (0x004d7fb3) and     t6, s10, tp
core   0: 3 0x800090ac (0x004d7fb3) x31 0x00000001
core   0: 0x800090b0 (0x651ff613) andi    a2, t6, 1617
core   0: 3 0x800090b0 (0x651ff613) x12 0x00000001
core   0: 0x800090b4 (0xfeccc513) xori    a0, s9, -20
core   0: 3 0x800090b4 (0xfeccc513) x10 0xffffffec
core   0: 0x800090b8 (0x01b31113) slli    sp, t1, 27
core   0: 3 0x800090b8 (0x01b31113) x 2 0x00000000
core   0: 0x800090bc (0x92ba6593) ori     a1, s4, -1749
core   0: 3 0x800090bc (0x92ba6593) x11 0xfffff92b
core   0: 0x800090c0 (0x00498a33) add     s4, s3, tp
core   0: 3 0x800090c0 (0x00498a33) x20 0xf7c116cd
core   0: 0x800090c4 (0x00901293) slli    t0, zero, 9
core   0: 3 0x800090c4 (0x00901293) x 5 0x00000000
core   0: 0x800090c8 (0x2d0d4a93) xori    s5, s10, 720
core   0: 3 0x800090c8 (0x2d0d4a93) x21 0x000002d1
core   0: 0x800090cc (0x542b4e93) xori    t4, s6, 1346
core   0: 3 0x800090cc (0x542b4e93) x29 0x3ffffab9
core   0: 0x800090d0 (0x00b77b33) and     s6, a4, a1
core   0: 3 0x800090d0 (0x00b77b33) x22 0x00000000
core   0: 0x800090d4 (0x1a452297) auipc   t0, 0x1a452
core   0: 3 0x800090d4 (0x1a452297) x 5 0x9a45b0d4
core   0: 0x800090d8 (0x878dad37) lui     s10, 0x878da
core   0: 3 0x800090d8 (0x878dad37) x26 0x878da000
core   0: 0x800090dc (0x40335d93) srai    s11, t1, 3
core   0: 3 0x800090dc (0x40335d93) x27 0x00000000
core   0: 0x800090e0 (0x01bb0133) add     sp, s6, s11
core   0: 3 0x800090e0 (0x01bb0133) x 2 0x00000000
core   0: 0x800090e4 (0xe975c437) lui     s0, 0xe975c
core   0: 3 0x800090e4 (0xe975c437) x 8 0xe975c000
core   0: 0x800090e8 (0x01fba1b3) slt     gp, s7, t6
core   0: 3 0x800090e8 (0x01fba1b3) x 3 0x00000001
core   0: 0x800090ec (0x00000013) nop
core   0: 3 0x800090ec (0x00000013)
core   0: 0x800090f0 (0x0040e0b3) or      ra, ra, tp
core   0: 3 0x800090f0 (0x0040e0b3) x 1 0xfec3917d
core   0: 0x800090f4 (0x01b91633) sll     a2, s2, s11
core   0: 3 0x800090f4 (0x01b91633) x12 0x000fffff
core   0: 0x800090f8 (0x0001cbb3) xor     s7, gp, zero
core   0: 3 0x800090f8 (0x0001cbb3) x23 0x00000001
core   0: 0x800090fc (0x6bce0937) lui     s2, 0x6bce0
core   0: 3 0x800090fc (0x6bce0937) x18 0x6bce0000
core   0: 0x80009100 (0x00000013) nop
core   0: 3 0x80009100 (0x00000013)
core   0: 0x80009104 (0x01d29a93) slli    s5, t0, 29
core   0: 3 0x80009104 (0x01d29a93) x21 0x80000000
core   0: 0x80009108 (0x0151adb3) slt     s11, gp, s5
core   0: 3 0x80009108 (0x0151adb3) x27 0x00000000
core   0: 0x8000910c (0x739eb793) sltiu   a5, t4, 1849
core   0: 3 0x8000910c (0x739eb793) x15 0x00000000
core   0: 0x80009110 (0xf1460713) addi    a4, a2, -236
core   0: 3 0x80009110 (0xf1460713) x14 0x000fff13
core   0: 0x80009114 (0xd70a15b7) lui     a1, 0xd70a1
core   0: 3 0x80009114 (0xd70a15b7) x11 0xd70a1000
core   0: 0x80009118 (0x976b8b93) addi    s7, s7, -1674
core   0: 3 0x80009118 (0x976b8b93) x23 0xfffff977
core   0: 0x8000911c (0xcc0ef693) andi    a3, t4, -832
core   0: 3 0x8000911c (0xcc0ef693) x13 0x3ffff880
core   0: 0x80009120 (0x0174dab3) srl     s5, s1, s7
core   0: 3 0x80009120 (0x0174dab3) x21 0x00000100
core   0: 0x80009124 (0x74035eb7) lui     t4, 0x74035
core   0: 3 0x80009124 (0x74035eb7) x29 0x74035000
core   0: 0x80009128 (0x66760517) auipc   a0, 0x66760
core   0: 3 0x80009128 (0x66760517) x10 0xe6769128
core   0: 0x8000912c (0x41f1d593) srai    a1, gp, 31
core   0: 3 0x8000912c (0x41f1d593) x11 0x00000000
core   0: 0x80009130 (0x8e94b893) sltiu   a7, s1, -1815
core   0: 3 0x80009130 (0x8e94b893) x17 0x00000001
core   0: 0x80009134 (0xfd2d4813) xori    a6, s10, -46
core   0: 3 0x80009134 (0xfd2d4813) x16 0x78725fd2
core   0: 0x80009138 (0x0013ddb3) srl     s11, t2, ra
core   0: 3 0x80009138 (0x0013ddb3) x27 0x00000004
core   0: 0x8000913c (0x40f05a13) srai    s4, zero, 15
core   0: 3 0x8000913c (0x40f05a13) x20 0x00000000
core   0: 0x80009140 (0x0045e1b3) or      gp, a1, tp
core   0: 3 0x80009140 (0x0045e1b3) x 3 0xfec3917d
core   0: 0x80009144 (0x01b3ac33) slt     s8, t2, s11
core   0: 3 0x80009144 (0x01b3ac33) x24 0x00000001
core   0: 0x80009148 (0x009a6033) or      zero, s4, s1
core   0: 3 0x80009148 (0x009a6033)
core   0: 0x8000914c (0xddfb4793) xori    a5, s6, -545
core   0: 3 0x8000914c (0xddfb4793) x15 0xfffffddf
core   0: 0x80009150 (0xc6ff8313) addi    t1, t6, -913
core   0: 3 0x80009150 (0xc6ff8313) x 6 0xfffffc70
core   0: 0x80009154 (0x73920ab7) lui     s5, 0x73920
core   0: 3 0x80009154 (0x73920ab7) x21 0x73920000
core   0: 0x80009158 (0x05810313) addi    t1, sp, 88
core   0: 3 0x80009158 (0x05810313) x 6 0x00000058
core   0: 0x8000915c (0x0176ef33) or      t5, a3, s7
core   0: 3 0x8000915c (0x0176ef33) x30 0xfffff9f7
core   0: 0x80009160 (0x405c8c33) sub     s8, s9, t0
core   0: 3 0x80009160 (0x405c8c33) x24 0x65ba4f2c
core   0: 0x80009164 (0x4185d413) srai    s0, a1, 24
core   0: 3 0x80009164 (0x4185d413) x 8 0x00000000
core   0: 0x80009168 (0x41075eb3) sra     t4, a4, a6
core   0: 3 0x80009168 (0x41075eb3) x29 0x00000003
core   0: 0x8000916c (0xc6598137) lui     sp, 0xc6598
core   0: 3 0x8000916c (0xc6598137) x 2 0xc6598000
core   0: 0x80009170 (0x00276333) or      t1, a4, sp
core   0: 3 0x80009170 (0x00276333) x 6 0xc65fff13
core   0: 0x80009174 (0x0094d333) srl     t1, s1, s1
core   0: 3 0x80009174 (0x0094d333) x 6 0x080015ce
core   0: 0x80009178 (0x0145e0b3) or      ra, a1, s4
core   0: 3 0x80009178 (0x0145e0b3) x 1 0x00000000
core   0: 0x8000917c (0x9fdb8e13) addi    t3, s7, -1539
core   0: 3 0x8000917c (0x9fdb8e13) x28 0xfffff374
core   0: 0x80009180 (0xc1d4aa13) slti    s4, s1, -995
core   0: 3 0x80009180 (0xc1d4aa13) x20 0x00000001
core   0: 0x80009184 (0x01c2d293) srli    t0, t0, 28
core   0: 3 0x80009184 (0x01c2d293) x 5 0x00000009
core   0: 0x80009188 (0x0073eb33) or      s6, t2, t2
core   0: 3 0x80009188 (0x0073eb33) x22 0x80011e64
core   0: 0x8000918c (0x01a0efb3) or      t6, ra, s10
core   0: 3 0x8000918c (0x01a0efb3) x31 0x878da000
core   0: 0x80009190 (0xd0c92d93) slti    s11, s2, -756
core   0: 3 0x80009190 (0xd0c92d93) x27 0x00000000
core   0: 0x80009194 (0x00000013) nop
core   0: 3 0x80009194 (0x00000013)
core   0: 0x80009198 (0x00000013) nop
core   0: 3 0x80009198 (0x00000013)
core   0: 0x8000919c (0x738e7313) andi    t1, t3, 1848
core   0: 3 0x8000919c (0x738e7313) x 6 0x00000330
core   0: 0x800091a0 (0x01b29433) sll     s0, t0, s11
core   0: 3 0x800091a0 (0x01b29433) x 8 0x00000009
core   0: 0x800091a4 (0xbcc5ea93) ori     s5, a1, -1076
core   0: 3 0x800091a4 (0xbcc5ea93) x21 0xfffffbcc
core   0: 0x800091a8 (0x00935cb3) srl     s9, t1, s1
core   0: 3 0x800091a8 (0x00935cb3) x25 0x00000033
core   0: 0x800091ac (0xf4ab7513) andi    a0, s6, -182
core   0: 3 0x800091ac (0xf4ab7513) x10 0x80011e40
core   0: 0x800091b0 (0x23367d93) andi    s11, a2, 563
core   0: 3 0x800091b0 (0x23367d93) x27 0x00000233
core   0: 0x800091b4 (0x00000013) nop
core   0: 3 0x800091b4 (0x00000013)
core   0: 0x800091b8 (0xea4c8613) addi    a2, s9, -348
core   0: 3 0x800091b8 (0xea4c8613) x12 0xfffffed7
core   0: 0x800091bc (0x0024d9b3) srl     s3, s1, sp
core   0: 3 0x800091bc (0x0024d9b3) x19 0x80015ce4
core   0: 0x800091c0 (0x0091c5b3) xor     a1, gp, s1
core   0: 3 0x800091c0 (0x0091c5b3) x11 0x7ec2cd99
core   0: 0x800091c4 (0x68872313) slti    t1, a4, 1672
core   0: 3 0x800091c4 (0x68872313) x 6 0x00000000
core   0: 0x800091c8 (0x01629813) slli    a6, t0, 22
core   0: 3 0x800091c8 (0x01629813) x16 0x02400000
core   0: 0x800091cc (0x40da5d93) srai    s11, s4, 13
core   0: 3 0x800091cc (0x40da5d93) x27 0x00000000
core   0: 0x800091d0 (0xbc47bc93) sltiu   s9, a5, -1084
core   0: 3 0x800091d0 (0xbc47bc93) x25 0x00000000
core   0: 0x800091d4 (0x00bb0133) add     sp, s6, a1
core   0: 3 0x800091d4 (0x00bb0133) x 2 0xfec3ebfd
core   0: 0x800091d8 (0xa330a137) lui     sp, 0xa330a
core   0: 3 0x800091d8 (0xa330a137) x 2 0xa330a000
core   0: 0x800091dc (0x00000013) nop
core   0: 3 0x800091dc (0x00000013)
core   0: 0x800091e0 (0x00e45333) srl     t1, s0, a4
core   0: 3 0x800091e0 (0x00e45333) x 6 0x00000000
core   0: 0x800091e4 (0x417500b3) sub     ra, a0, s7
core   0: 3 0x800091e4 (0x417500b3) x 1 0x800124c9
core   0: 0x800091e8 (0x02ed3e93) sltiu   t4, s10, 46
core   0: 3 0x800091e8 (0x02ed3e93) x29 0x00000000
core   0: 0x800091ec (0x00d2c5b3) xor     a1, t0, a3
core   0: 3 0x800091ec (0x00d2c5b3) x11 0x3ffff889
core   0: 0x800091f0 (0xa88ac513) xori    a0, s5, -1400
core   0: 3 0x800091f0 (0xa88ac513) x10 0x00000144
core   0: 0x800091f4 (0x017f1ab3) sll     s5, t5, s7
core   0: 3 0x800091f4 (0x017f1ab3) x21 0xfb800000
core   0: 0x800091f8 (0x0079aa33) slt     s4, s3, t2
core   0: 3 0x800091f8 (0x0079aa33) x20 0x00000000
core   0: 0x800091fc (0x41095933) sra     s2, s2, a6
core   0: 3 0x800091fc (0x41095933) x18 0x6bce0000
core   0: 0x80009200 (0x40df50b3) sra     ra, t5, a3
core   0: 3 0x80009200 (0x40df50b3) x 1 0xfffff9f7
core   0: 0x80009204 (0x1c0ed137) lui     sp, 0x1c0ed
core   0: 3 0x80009204 (0x1c0ed137) x 2 0x1c0ed000
core   0: 0x80009208 (0x00000013) nop
core   0: 3 0x80009208 (0x00000013)
core   0: 0x8000920c (0x018e8bb3) add     s7, t4, s8
core   0: 3 0x8000920c (0x018e8bb3) x23 0x65ba4f2c
core   0: 0x80009210 (0x0115bf33) sltu    t5, a1, a7
core   0: 3 0x80009210 (0x0115bf33) x30 0x00000000
core   0: 0x80009214 (0xe9bb2893) slti    a7, s6, -357
core   0: 3 0x80009214 (0xe9bb2893) x17 0x00000001
core   0: 0x80009218 (0x400cd313) srai    t1, s9, 0
core   0: 3 0x80009218 (0x400cd313) x 6 0x00000000
core   0: 0x8000921c (0x01c4abb3) slt     s7, s1, t3
core   0: 3 0x8000921c (0x01c4abb3) x23 0x00000001
core   0: 0x80009220 (0x01782eb3) slt     t4, a6, s7
core   0: 3 0x80009220 (0x01782eb3) x29 0x00000000
core   0: 0x80009224 (0x40b486b3) sub     a3, s1, a1
core   0: 3 0x80009224 (0x40b486b3) x13 0x4001645b
core   0: 0x80009228 (0x00d3c133) xor     sp, t2, a3
core   0: 3 0x80009228 (0x00d3c133) x 2 0xc0007a3f
core   0: 0x8000922c (0x6c724f13) xori    t5, tp, 1735
core   0: 3 0x8000922c (0x6c724f13) x30 0xfec397ba
core   0: 0x80009230 (0x40cf06b3) sub     a3, t5, a2
core   0: 3 0x80009230 (0x40cf06b3) x13 0xfec398e3
core   0: 0x80009234 (0x403c8033) sub     zero, s9, gp
core   0: 3 0x80009234 (0x403c8033)
core   0: 0x80009238 (0x5d3c77b7) lui     a5, 0x5d3c7
core   0: 3 0x80009238 (0x5d3c77b7) x15 0x5d3c7000
core   0: 0x8000923c (0x25ef3793) sltiu   a5, t5, 606
core   0: 3 0x8000923c (0x25ef3793) x15 0x00000000
core   0: 0x80009240 (0x01f36433) or      s0, t1, t6
core   0: 3 0x80009240 (0x01f36433) x 8 0x878da000
core   0: 0x80009244 (0x00415613) srli    a2, sp, 4
core   0: 3 0x80009244 (0x00415613) x12 0x0c0007a3
core   0: 0x80009248 (0x16747093) andi    ra, s0, 359
core   0: 3 0x80009248 (0x16747093) x 1 0x00000000
core   0: 0x8000924c (0x15f06293) ori     t0, zero, 351
core   0: 3 0x8000924c (0x15f06293) x 5 0x0000015f
core   0: 0x80009250 (0x01a5a433) slt     s0, a1, s10
core   0: 3 0x80009250 (0x01a5a433) x 8 0x00000000
core   0: 0x80009254 (0x49888f13) addi    t5, a7, 1176
core   0: 3 0x80009254 (0x49888f13) x30 0x00000499
core   0: 0x80009258 (0x00b4ffb3) and     t6, s1, a1
core   0: 3 0x80009258 (0x00b4ffb3) x31 0x00015880
core   0: 0x8000925c (0x0163bcb3) sltu    s9, t2, s6
core   0: 3 0x8000925c (0x0163bcb3) x25 0x00000000
core   0: 0x80009260 (0x00e7cb33) xor     s6, a5, a4
core   0: 3 0x80009260 (0x00e7cb33) x22 0x000fff13
core   0: 0x80009264 (0x000aa633) slt     a2, s5, zero
core   0: 3 0x80009264 (0x000aa633) x12 0x00000001
core   0: 0x80009268 (0x0163dab3) srl     s5, t2, s6
core   0: 3 0x80009268 (0x0163dab3) x21 0x00001000
core   0: 0x8000926c (0x6a38b193) sltiu   gp, a7, 1699
core   0: 3 0x8000926c (0x6a38b193) x 3 0x00000001
core   0: 0x80009270 (0x4106db93) srai    s7, a3, 16
core   0: 3 0x80009270 (0x4106db93) x23 0xfffffec3
core   0: 0x80009274 (0x01c2cd33) xor     s10, t0, t3
core   0: 3 0x80009274 (0x01c2cd33) x26 0xfffff22b
core   0: 0x80009278 (0x41a05733) sra     a4, zero, s10
core   0: 3 0x80009278 (0x41a05733) x14 0x00000000
core   0: 0x8000927c (0x04494c13) xori    s8, s2, 68
core   0: 3 0x8000927c (0x04494c13) x24 0x6bce0044
core   0: 0x80009280 (0xa4d4c793) xori    a5, s1, -1459
core   0: 3 0x80009280 (0xa4d4c793) x15 0x7ffea6a9
core   0: 0x80009284 (0x41cf5693) srai    a3, t5, 28
core   0: 3 0x80009284 (0x41cf5693) x13 0x00000000
core   0: 0x80009288 (0x005af033) and     zero, s5, t0
core   0: 3 0x80009288 (0x005af033)
core   0: 0x8000928c (0x00610a33) add     s4, sp, t1
core   0: 3 0x8000928c (0x00610a33) x20 0xc0007a3f
core   0: 0x80009290 (0x016cd413) srli    s0, s9, 22
core   0: 3 0x80009290 (0x016cd413) x 8 0x00000000
core   0: 0x80009294 (0x011e4433) xor     s0, t3, a7
core   0: 3 0x80009294 (0x011e4433) x 8 0xfffff375
core   0: 0x80009298 (0xc8a052b7) lui     t0, 0xc8a05
core   0: 3 0x80009298 (0xc8a052b7) x 5 0xc8a05000
core   0: 0x8000929c (0x0190acb3) slt     s9, ra, s9
core   0: 3 0x8000929c (0x0190acb3) x25 0x00000000
core   0: 0x800092a0 (0xef874597) auipc   a1, 0xef874
core   0: 3 0x800092a0 (0xef874597) x11 0x6f87d2a0
core   0: 0x800092a4 (0x0f8dbf93) sltiu   t6, s11, 248
core   0: 3 0x800092a4 (0x0f8dbf93) x31 0x00000001
core   0: 0x800092a8 (0x004f68b3) or      a7, t5, tp
core   0: 3 0x800092a8 (0x004f68b3) x17 0xfec395fd
core   0: 0x800092ac (0x00000013) nop
core   0: 3 0x800092ac (0x00000013)
core   0: 0x800092b0 (0x0072d7b3) srl     a5, t0, t2
core   0: 3 0x800092b0 (0x0072d7b3) x15 0x0c8a0500
core   0: 0x800092b4 (0x40b65d33) sra     s10, a2, a1
core   0: 3 0x800092b4 (0x40b65d33) x26 0x00000001
core   0: 0x800092b8 (0x0138ccb3) xor     s9, a7, s3
core   0: 3 0x800092b8 (0x0138ccb3) x25 0x7ec2c919
core   0: 0x800092bc (0x01589e93) slli    t4, a7, 21
core   0: 3 0x800092bc (0x01589e93) x29 0xbfa00000
core   0: 0x800092c0 (0xf8ee7d93) andi    s11, t3, -114
core   0: 3 0x800092c0 (0xf8ee7d93) x27 0xfffff304
core   0: 0x800092c4 (0x0143c6b3) xor     a3, t2, s4
core   0: 3 0x800092c4 (0x0143c6b3) x13 0x4001645b
core   0: 0x800092c8 (0x9a0abb13) sltiu   s6, s5, -1632
core   0: 3 0x800092c8 (0x9a0abb13) x22 0x00000001
core   0: 0x800092cc (0xd6840d13) addi    s10, s0, -664
core   0: 3 0x800092cc (0xd6840d13) x26 0xfffff0dd
core   0: 0x800092d0 (0x01b11613) slli    a2, sp, 27
core   0: 3 0x800092d0 (0x01b11613) x12 0xf8000000
core   0: 0x800092d4 (0xc9c62a13) slti    s4, a2, -868
core   0: 3 0x800092d4 (0xc9c62a13) x20 0x00000001
core   0: 0x800092d8 (0x01db5b13) srli    s6, s6, 29
core   0: 3 0x800092d8 (0x01db5b13) x22 0x00000000
core   0: 0x800092dc (0x0055be33) sltu    t3, a1, t0
core   0: 3 0x800092dc (0x0055be33) x28 0x00000001
core   0: 0x800092e0 (0x00222b33) slt     s6, tp, sp
core   0: 3 0x800092e0 (0x00222b33) x22 0x00000000
core   0: 0x800092e4 (0x00890633) add     a2, s2, s0
core   0: 3 0x800092e4 (0x00890633) x12 0x6bcdf375
core   0: 0x800092e8 (0x01b35d13) srli    s10, t1, 27
core   0: 3 0x800092e8 (0x01b35d13) x26 0x00000000
core   0: 0x800092ec (0x00000013) nop
core   0: 3 0x800092ec (0x00000013)
core   0: 0x800092f0 (0x412389b3) sub     s3, t2, s2
core   0: 3 0x800092f0 (0x412389b3) x19 0x14331e64
core   0: 0x800092f4 (0x40f65593) srai    a1, a2, 15
core   0: 3 0x800092f4 (0x40f65593) x11 0x0000d79b
core   0: 0x800092f8 (0x00000013) nop
core   0: 3 0x800092f8 (0x00000013)
core   0: 0x800092fc (0x01d17ab3) and     s5, sp, t4
core   0: 3 0x800092fc (0x01d17ab3) x21 0x80000000
core   0: 0x80009300 (0x010c1333) sll     t1, s8, a6
core   0: 3 0x80009300 (0x010c1333) x 6 0x6bce0044
core   0: 0x80009304 (0xc7333013) sltiu   zero, t1, -909
core   0: 3 0x80009304 (0xc7333013)
core   0: 0x80009308 (0x01b01893) slli    a7, zero, 27
core   0: 3 0x80009308 (0x01b01893) x17 0x00000000
core   0: 0x8000930c (0x002f8ab3) add     s5, t6, sp
core   0: 3 0x8000930c (0x002f8ab3) x21 0xc0007a40
core   0: 0x80009310 (0x407e5a13) srai    s4, t3, 7
core   0: 3 0x80009310 (0x407e5a13) x20 0x00000000
core   0: 0x80009314 (0xc45f4893) xori    a7, t5, -955
core   0: 3 0x80009314 (0xc45f4893) x17 0xfffff8dc
core   0: 0x80009318 (0x01636033) or      zero, t1, s6
core   0: 3 0x80009318 (0x01636033)
core   0: 0x8000931c (0xf63fa037) lui     zero, 0xf63fa
core   0: 3 0x8000931c (0xf63fa037)
core   0: 0x80009320 (0x01c95113) srli    sp, s2, 28
core   0: 3 0x80009320 (0x01c95113) x 2 0x00000006
core   0: 0x80009324 (0x414edc13) srai    s8, t4, 20
core   0: 3 0x80009324 (0x414edc13) x24 0xfffffbfa
core   0: 0x80009328 (0x6d5ffa13) andi    s4, t6, 1749
core   0: 3 0x80009328 (0x6d5ffa13) x20 0x00000001
core   0: 0x8000932c (0x00606133) or      sp, zero, t1
core   0: 3 0x8000932c (0x00606133) x 2 0x6bce0044
core   0: 0x80009330 (0x0062e333) or      t1, t0, t1
core   0: 3 0x80009330 (0x0062e333) x 6 0xebee5044
core   0: 0x80009334 (0x4086df13) srai    t5, a3, 8
core   0: 3 0x80009334 (0x4086df13) x30 0x00400164
core   0: 0x80009338 (0x00613033) sltu    zero, sp, t1
core   0: 3 0x80009338 (0x00613033)
core   0: 0x8000933c (0x018b95b3) sll     a1, s7, s8
core   0: 3 0x8000933c (0x018b95b3) x11 0x0c000000
core   0: 0x80009340 (0x0093c933) xor     s2, t2, s1
core   0: 3 0x80009340 (0x0093c933) x18 0x00004280
core   0: 0x80009344 (0x00737eb3) and     t4, t1, t2
core   0: 3 0x80009344 (0x00737eb3) x29 0x80001044
core   0: 0x80009348 (0x00e0b333) sltu    t1, ra, a4
core   0: 3 0x80009348 (0x00e0b333) x 6 0x00000000
core   0: 0x8000934c (0xce822f13) slti    t5, tp, -792
core   0: 3 0x8000934c (0xce822f13) x30 0x00000001
core   0: 0x80009350 (0x00479eb3) sll     t4, a5, tp
core   0: 3 0x80009350 (0x00479eb3) x29 0x00000000
core   0: 0x80009354 (0xa6d37413) andi    s0, t1, -1427
core   0: 3 0x80009354 (0xa6d37413) x 8 0x00000000
core   0: 0x80009358 (0xe201e913) ori     s2, gp, -480
core   0: 3 0x80009358 (0xe201e913) x18 0xfffffe21
core   0: 0x8000935c (0xd0dbee93) ori     t4, s7, -755
core   0: 3 0x8000935c (0xd0dbee93) x29 0xffffffcf
core   0: 0x80009360 (0x00967c33) and     s8, a2, s1
core   0: 3 0x80009360 (0x00967c33) x24 0x00015064
core   0: 0x80009364 (0x01965833) srl     a6, a2, s9
core   0: 3 0x80009364 (0x01965833) x16 0x00000035
core   0: 0x80009368 (0x006ee733) or      a4, t4, t1
core   0: 3 0x80009368 (0x006ee733) x14 0xffffffcf
core   0: 0x8000936c (0x5d7e2013) slti    zero, t3, 1495
core   0: 3 0x8000936c (0x5d7e2013)
core   0: 0x80009370 (0x015b3c33) sltu    s8, s6, s5
core   0: 3 0x80009370 (0x015b3c33) x24 0x00000001
core   0: 0x80009374 (0x40245ab3) sra     s5, s0, sp
core   0: 3 0x80009374 (0x40245ab3) x21 0x00000000
core   0: 0x80009378 (0x4946a797) auipc   a5, 0x4946a
core   0: 3 0x80009378 (0x4946a797) x15 0xc9473378
core   0: 0x8000937c (0x019e1293) slli    t0, t3, 25
core   0: 3 0x8000937c (0x019e1293) x 5 0x02000000
core   0: 0x80009380 (0x96ed6a13) ori     s4, s10, -1682
core   0: 3 0x80009380 (0x96ed6a13) x20 0xfffff96e
core   0: 0x80009384 (0x001cfc33) and     s8, s9, ra
core   0: 3 0x80009384 (0x001cfc33) x24 0x00000000
core   0: 0x80009388 (0x2ba5ab93) slti    s7, a1, 698
core   0: 3 0x80009388 (0x2ba5ab93) x23 0x00000000
core   0: 0x8000938c (0x01ce1113) slli    sp, t3, 28
core   0: 3 0x8000938c (0x01ce1113) x 2 0x10000000
core   0: 0x80009390 (0x01c8ec33) or      s8, a7, t3
core   0: 3 0x80009390 (0x01c8ec33) x24 0xfffff8dd
core   0: 0x80009394 (0x413ed193) srai    gp, t4, 19
core   0: 3 0x80009394 (0x413ed193) x 3 0xffffffff
core   0: 0x80009398 (0x406c5db3) sra     s11, s8, t1
core   0: 3 0x80009398 (0x406c5db3) x27 0xfffff8dd
core   0: 0x8000939c (0x005a1593) slli    a1, s4, 5
core   0: 3 0x8000939c (0x005a1593) x11 0xffff2dc0
core   0: 0x800093a0 (0x012777b3) and     a5, a4, s2
core   0: 3 0x800093a0 (0x012777b3) x15 0xfffffe01
core   0: 0x800093a4 (0xe7863013) sltiu   zero, a2, -392
core   0: 3 0x800093a4 (0xe7863013)
core   0: 0x800093a8 (0xc2208713) addi    a4, ra, -990
core   0: 3 0x800093a8 (0xc2208713) x14 0xfffffc22
core   0: 0x800093ac (0x44713413) sltiu   s0, sp, 1095
core   0: 3 0x800093ac (0x44713413) x 8 0x00000000
core   0: 0x800093b0 (0xf112e937) lui     s2, 0xf112e
core   0: 3 0x800093b0 (0xf112e937) x18 0xf112e000
core   0: 0x800093b4 (0x01eada93) srli    s5, s5, 30
core   0: 3 0x800093b4 (0x01eada93) x21 0x00000000
core   0: 0x800093b8 (0xb9130593) addi    a1, t1, -1135
core   0: 3 0x800093b8 (0xb9130593) x11 0xfffffb91
core   0: 0x800093bc (0x57d4ee93) ori     t4, s1, 1405
core   0: 3 0x800093bc (0x57d4ee93) x29 0x80015dfd
core   0: 0x800093c0 (0x0cf2eb93) ori     s7, t0, 207
core   0: 3 0x800093c0 (0x0cf2eb93) x23 0x020000cf
core   0: 0x800093c4 (0x41e25693) srai    a3, tp, 30
core   0: 3 0x800093c4 (0x41e25693) x13 0xffffffff
core   0: 0x800093c8 (0x88340813) addi    a6, s0, -1917
core   0: 3 0x800093c8 (0x88340813) x16 0xfffff883
core   0: 0x800093cc (0xc459b7b7) lui     a5, 0xc459b
core   0: 3 0x800093cc (0xc459b7b7) x15 0xc459b000
core   0: 0x800093d0 (0x40c4da13) srai    s4, s1, 12
core   0: 3 0x800093d0 (0x40c4da13) x20 0xfff80015
core   0: 0x800093d4 (0x58697593) andi    a1, s2, 1414
core   0: 3 0x800093d4 (0x58697593) x11 0x00000000
core   0: 0x800093d8 (0x41dad713) srai    a4, s5, 29
core   0: 3 0x800093d8 (0x41dad713) x14 0x00000000
core   0: 0x800093dc (0x013f5113) srli    sp, t5, 19
core   0: 3 0x800093dc (0x013f5113) x 2 0x00000000
core   0: 0x800093e0 (0x01335433) srl     s0, t1, s3
core   0: 3 0x800093e0 (0x01335433) x 8 0x00000000
core   0: 0x800093e4 (0x55463093) sltiu   ra, a2, 1364
core   0: 3 0x800093e4 (0x55463093) x 1 0x00000000
core   0: 0x800093e8 (0x411856b3) sra     a3, a6, a7
core   0: 3 0x800093e8 (0x411856b3) x13 0xffffffff
core   0: 0x800093ec (0xb47e0e93) addi    t4, t3, -1209
core   0: 3 0x800093ec (0xb47e0e93) x29 0xfffffb48
core   0: 0x800093f0 (0x414c5e93) srai    t4, s8, 20
core   0: 3 0x800093f0 (0x414c5e93) x29 0xffffffff
core   0: 0x800093f4 (0x00e94fb3) xor     t6, s2, a4
core   0: 3 0x800093f4 (0x00e94fb3) x31 0xf112e000
core   0: 0x800093f8 (0x0067d813) srli    a6, a5, 6
core   0: 3 0x800093f8 (0x0067d813) x16 0x031166c0
core   0: 0x800093fc (0x41b75e33) sra     t3, a4, s11
core   0: 3 0x800093fc (0x41b75e33) x28 0x00000000
core   0: 0x80009400 (0x4183dc13) srai    s8, t2, 24
core   0: 3 0x80009400 (0x4183dc13) x24 0xffffff80
core   0: 0x80009404 (0xe6b22313) slti    t1, tp, -405
core   0: 3 0x80009404 (0xe6b22313) x 6 0x00000001
core   0: 0x80009408 (0xb4e8a613) slti    a2, a7, -1202
core   0: 3 0x80009408 (0xb4e8a613) x12 0x00000001
core   0: 0x8000940c (0x017b67b3) or      a5, s6, s7
core   0: 3 0x8000940c (0x017b67b3) x15 0x020000cf
core   0: 0x80009410 (0x03a1a597) auipc   a1, 0x3a1a
core   0: 3 0x80009410 (0x03a1a597) x11 0x83a23410
core   0: 0x80009414 (0x00433633) sltu    a2, t1, tp
core   0: 3 0x80009414 (0x00433633) x12 0x00000001
core   0: 0x80009418 (0x01df3d33) sltu    s10, t5, t4
core   0: 3 0x80009418 (0x01df3d33) x26 0x00000001
core   0: 0x8000941c (0x00d8da33) srl     s4, a7, a3
core   0: 3 0x8000941c (0x00d8da33) x20 0x00000001
core   0: 0x80009420 (0x0013b433) sltu    s0, t2, ra
core   0: 3 0x80009420 (0x0013b433) x 8 0x00000000
core   0: 0x80009424 (0xb98e0797) auipc   a5, 0xb98e0
core   0: 3 0x80009424 (0xb98e0797) x15 0x398e9424
core   0: 0x80009428 (0x656cea37) lui     s4, 0x656ce
core   0: 3 0x80009428 (0x656cea37) x20 0x656ce000
core   0: 0x8000942c (0x01711b93) slli    s7, sp, 23
core   0: 3 0x8000942c (0x01711b93) x23 0x00000000
core   0: 0x80009430 (0x41b1dd93) srai    s11, gp, 27
core   0: 3 0x80009430 (0x41b1dd93) x27 0xffffffff
core   0: 0x80009434 (0x78f36013) ori     zero, t1, 1935
core   0: 3 0x80009434 (0x78f36013)
core   0: 0x80009438 (0x00f2ba33) sltu    s4, t0, a5
core   0: 3 0x80009438 (0x00f2ba33) x20 0x00000001
core   0: 0x8000943c (0xe1c1c297) auipc   t0, 0xe1c1c
core   0: 3 0x8000943c (0xe1c1c297) x 5 0x61c2543c
core   0: 0x80009440 (0x16898793) addi    a5, s3, 360
core   0: 3 0x80009440 (0x16898793) x15 0x14331fcc
core   0: 0x80009444 (0x007889b3) add     s3, a7, t2
core   0: 3 0x80009444 (0x007889b3) x19 0x80011740
core   0: 0x80009448 (0x013686b3) add     a3, a3, s3
core   0: 3 0x80009448 (0x013686b3) x13 0x8001173f
core   0: 0x8000944c (0x01dd1e93) slli    t4, s10, 29
core   0: 3 0x8000944c (0x01dd1e93) x29 0x20000000
core   0: 0x80009450 (0x05720137) lui     sp, 0x5720
core   0: 3 0x80009450 (0x05720137) x 2 0x05720000
core   0: 0x80009454 (0x01d5ab33) slt     s6, a1, t4
core   0: 3 0x80009454 (0x01d5ab33) x22 0x00000001
core   0: 0x80009458 (0xb2bb7293) andi    t0, s6, -1237
core   0: 3 0x80009458 (0xb2bb7293) x 5 0x00000001
core   0: 0x8000945c (0x00b3ab33) slt     s6, t2, a1
core   0: 3 0x8000945c (0x00b3ab33) x22 0x00000001
core   0: 0x80009460 (0xfa722993) slti    s3, tp, -89
core   0: 3 0x80009460 (0xfa722993) x19 0x00000001
core   0: 0x80009464 (0x40dc8733) sub     a4, s9, a3
core   0: 3 0x80009464 (0x40dc8733) x14 0xfec1b1da
core   0: 0x80009468 (0x012d5793) srli    a5, s10, 18
core   0: 3 0x80009468 (0x012d5793) x15 0x00000000
core   0: 0x8000946c (0xcd89d617) auipc   a2, 0xcd89d
core   0: 3 0x8000946c (0xcd89d617) x12 0x4d8a646c
core   0: 0x80009470 (0x414687b3) sub     a5, a3, s4
core   0: 3 0x80009470 (0x414687b3) x15 0x8001173e
core   0: 0x80009474 (0x00000013) nop
core   0: 3 0x80009474 (0x00000013)
core   0: 0x80009478 (0x00082fb3) slt     t6, a6, zero
core   0: 3 0x80009478 (0x00082fb3) x31 0x00000000
core   0: 0x8000947c (0x01d0d993) srli    s3, ra, 29
core   0: 3 0x8000947c (0x01d0d993) x19 0x00000000
core   0: 0x80009480 (0x4034d8b3) sra     a7, s1, gp
core   0: 3 0x80009480 (0x4034d8b3) x17 0xffffffff
core   0: 0x80009484 (0x00ae20b3) slt     ra, t3, a0
core   0: 3 0x80009484 (0x00ae20b3) x 1 0x00000001
core   0: 0x80009488 (0x00eee533) or      a0, t4, a4
core   0: 3 0x80009488 (0x00eee533) x10 0xfec1b1da
core   0: 0x8000948c (0x01d0d333) srl     t1, ra, t4
core   0: 3 0x8000948c (0x01d0d333) x 6 0x00000001
core   0: 0x80009490 (0xacd6a093) slti    ra, a3, -1331
core   0: 3 0x80009490 (0xacd6a093) x 1 0x00000001
core   0: 0x80009494 (0x01543db3) sltu    s11, s0, s5
core   0: 3 0x80009494 (0x01543db3) x27 0x00000000
core   0: 0x80009498 (0x9a808913) addi    s2, ra, -1624
core   0: 3 0x80009498 (0x9a808913) x18 0xfffff9a9
core   0: 0x8000949c (0xb7d2f5b7) lui     a1, 0xb7d2f
core   0: 3 0x8000949c (0xb7d2f5b7) x11 0xb7d2f000
core   0: 0x800094a0 (0x00fbdab3) srl     s5, s7, a5
core   0: 3 0x800094a0 (0x00fbdab3) x21 0x00000000
core   0: 0x800094a4 (0x0117f133) and     sp, a5, a7
core   0: 3 0x800094a4 (0x0117f133) x 2 0x8001173e
core   0: 0x800094a8 (0x01b900b3) add     ra, s2, s11
core   0: 3 0x800094a8 (0x01b900b3) x 1 0xfffff9a9
core   0: 0x800094ac (0x010276b3) and     a3, tp, a6
core   0: 3 0x800094ac (0x010276b3) x13 0x02010040
core   0: 0x800094b0 (0x007fcc33) xor     s8, t6, t2
core   0: 3 0x800094b0 (0x007fcc33) x24 0x80011e64
core   0: 0x800094b4 (0x00eab6b3) sltu    a3, s5, a4
core   0: 3 0x800094b4 (0x00eab6b3) x13 0x00000001
core   0: 0x800094b8 (0xc9e3ca93) xori    s5, t2, -866
core   0: 3 0x800094b8 (0xc9e3ca93) x21 0x7ffee2fa
core   0: 0x800094bc (0x0016d733) srl     a4, a3, ra
core   0: 3 0x800094bc (0x0016d733) x14 0x00000000
core   0: 0x800094c0 (0x99924c93) xori    s9, tp, -1639
core   0: 3 0x800094c0 (0x99924c93) x25 0x013c68e4
core   0: 0x800094c4 (0x39239a17) auipc   s4, 0x39239
core   0: 3 0x800094c4 (0x39239a17) x20 0xb92424c4
core   0: 0x800094c8 (0x54354413) xori    s0, a0, 1347
core   0: 3 0x800094c8 (0x54354413) x 8 0xfec1b499
core   0: 0x800094cc (0xac5e0993) addi    s3, t3, -1339
core   0: 3 0x800094cc (0xac5e0993) x19 0xfffffac5
core   0: 0x800094d0 (0x0139e6b3) or      a3, s3, s3
core   0: 3 0x800094d0 (0x0139e6b3) x13 0xfffffac5
core   0: 0x800094d4 (0x612f4613) xori    a2, t5, 1554
core   0: 3 0x800094d4 (0x612f4613) x12 0x00000613
core   0: 0x800094d8 (0xe96fc813) xori    a6, t6, -362
core   0: 3 0x800094d8 (0xe96fc813) x16 0xfffffe96
core   0: 0x800094dc (0x00642f33) slt     t5, s0, t1
core   0: 3 0x800094dc (0x00642f33) x30 0x00000001
core   0: 0x800094e0 (0x01ff09b3) add     s3, t5, t6
core   0: 3 0x800094e0 (0x01ff09b3) x19 0x00000001
core   0: 0x800094e4 (0xdd3bcfb7) lui     t6, 0xdd3bc
core   0: 3 0x800094e4 (0xdd3bcfb7) x31 0xdd3bc000
core   0: 0x800094e8 (0x00d797b3) sll     a5, a5, a3
core   0: 3 0x800094e8 (0x00d797b3) x15 0x0022e7c0
core   0: 0x800094ec (0xa77c8097) auipc   ra, 0xa77c8
core   0: 3 0x800094ec (0xa77c8097) x 1 0x277d14ec
core   0: 0x800094f0 (0xa4d53c13) sltiu   s8, a0, -1459
core   0: 3 0x800094f0 (0xa4d53c13) x24 0x00000001
core   0: 0x800094f4 (0x408701b3) sub     gp, a4, s0
core   0: 3 0x800094f4 (0x408701b3) x 3 0x013e4b67
core   0: 0x800094f8 (0x2b2ea813) slti    a6, t4, 690
core   0: 3 0x800094f8 (0x2b2ea813) x16 0x00000000
core   0: 0x800094fc (0x973eb593) sltiu   a1, t4, -1677
core   0: 3 0x800094fc (0x973eb593) x11 0x00000001
core   0: 0x80009500 (0x01dfbcb3) sltu    s9, t6, t4
core   0: 3 0x80009500 (0x01dfbcb3) x25 0x00000000
core   0: 0x80009504 (0xb7aaa713) slti    a4, s5, -1158
core   0: 3 0x80009504 (0xb7aaa713) x14 0x00000000
core   0: 0x80009508 (0x40ddddb3) sra     s11, s11, a3
core   0: 3 0x80009508 (0x40ddddb3) x27 0x00000000
core   0: 0x8000950c (0xbd663193) sltiu   gp, a2, -1066
core   0: 3 0x8000950c (0xbd663193) x 3 0x00000001
core   0: 0x80009510 (0xcbf03293) sltiu   t0, zero, -833
core   0: 3 0x80009510 (0xcbf03293) x 5 0x00000001
core   0: 0x80009514 (0x01501733) sll     a4, zero, s5
core   0: 3 0x80009514 (0x01501733) x14 0x00000000
core   0: 0x80009518 (0x011e5eb3) srl     t4, t3, a7
core   0: 3 0x80009518 (0x011e5eb3) x29 0x00000000
core   0: 0x8000951c (0x2c2aa313) slti    t1, s5, 706
core   0: 3 0x8000951c (0x2c2aa313) x 6 0x00000000
core   0: 0x80009520 (0x01c8eeb3) or      t4, a7, t3
core   0: 3 0x80009520 (0x01c8eeb3) x29 0xffffffff
core   0: 0x80009524 (0x01955b93) srli    s7, a0, 25
core   0: 3 0x80009524 (0x01955b93) x23 0x0000007f
core   0: 0x80009528 (0x95688113) addi    sp, a7, -1706
core   0: 3 0x80009528 (0x95688113) x 2 0xfffff955
core   0: 0x8000952c (0x0670c317) auipc   t1, 0x670c
core   0: 3 0x8000952c (0x0670c317) x 6 0x8671552c
core   0: 0x80009530 (0x012bcb33) xor     s6, s7, s2
core   0: 3 0x80009530 (0x012bcb33) x22 0xfffff9d6
core   0: 0x80009534 (0x01fd2fb3) slt     t6, s10, t6
core   0: 3 0x80009534 (0x01fd2fb3) x31 0x00000000
core   0: 0x80009538 (0x01a3e333) or      t1, t2, s10
core   0: 3 0x80009538 (0x01a3e333) x 6 0x80011e65
core   0: 0x8000953c (0x6c234e93) xori    t4, t1, 1730
core   0: 3 0x8000953c (0x6c234e93) x29 0x800118a7
core   0: 0x80009540 (0x4068dc93) srai    s9, a7, 6
core   0: 3 0x80009540 (0x4068dc93) x25 0xffffffff
core   0: 0x80009544 (0x01ad55b3) srl     a1, s10, s10
core   0: 3 0x80009544 (0x01ad55b3) x11 0x00000000
core   0: 0x80009548 (0x04f07a97) auipc   s5, 0x4f07
core   0: 3 0x80009548 (0x04f07a97) x21 0x84f10548
core   0: 0x8000954c (0x88dd7713) andi    a4, s10, -1907
core   0: 3 0x8000954c (0x88dd7713) x14 0x00000001
core   0: 0x80009550 (0x4021d7b3) sra     a5, gp, sp
core   0: 3 0x80009550 (0x4021d7b3) x15 0x00000000
core   0: 0x80009554 (0x9c59ac13) slti    s8, s3, -1595
core   0: 3 0x80009554 (0x9c59ac13) x24 0x00000000
core   0: 0x80009558 (0x00000013) nop
core   0: 3 0x80009558 (0x00000013)
core   0: 0x8000955c (0x0086d293) srli    t0, a3, 8
core   0: 3 0x8000955c (0x0086d293) x 5 0x00fffffa
core   0: 0x80009560 (0x00000013) nop
core   0: 3 0x80009560 (0x00000013)
core   0: 0x80009564 (0x018a10b3) sll     ra, s4, s8
core   0: 3 0x80009564 (0x018a10b3) x 1 0xb92424c4
core   0: 0x80009568 (0x00c39cb3) sll     s9, t2, a2
core   0: 3 0x80009568 (0x00c39cb3) x25 0xf3200000
core   0: 0x8000956c (0x01d481b3) add     gp, s1, t4
core   0: 3 0x8000956c (0x01d481b3) x 3 0x0002758b
core   0: 0x80009570 (0x932d8713) addi    a4, s11, -1742
core   0: 3 0x80009570 (0x932d8713) x14 0xfffff932
core   0: 0x80009574 (0x76db2593) slti    a1, s6, 1901
core   0: 3 0x80009574 (0x76db2593) x11 0x00000001
core   0: 0x80009578 (0xe12f7693) andi    a3, t5, -494
core   0: 3 0x80009578 (0xe12f7693) x13 0x00000000
core   0: 0x8000957c (0x011a6c33) or      s8, s4, a7
core   0: 3 0x8000957c (0x011a6c33) x24 0xffffffff
core   0: 0x80009580 (0x28946b93) ori     s7, s0, 649
core   0: 3 0x80009580 (0x28946b93) x23 0xfec1b699
core   0: 0x80009584 (0x41c55113) srai    sp, a0, 28
core   0: 3 0x80009584 (0x41c55113) x 2 0xffffffff
core   0: 0x80009588 (0x00ed1333) sll     t1, s10, a4
core   0: 3 0x80009588 (0x00ed1333) x 6 0x00040000
core   0: 0x8000958c (0xc8c20313) addi    t1, tp, -884
core   0: 3 0x8000958c (0xc8c20313) x 6 0xfec38e09
core   0: 0x80009590 (0xc926bb13) sltiu   s6, a3, -878
core   0: 3 0x80009590 (0xc926bb13) x22 0x00000001
core   0: 0x80009594 (0x41a10c33) sub     s8, sp, s10
core   0: 3 0x80009594 (0x41a10c33) x24 0xfffffffe
core   0: 0x80009598 (0x41e10a33) sub     s4, sp, t5
core   0: 3 0x80009598 (0x41e10a33) x20 0xfffffffe
core   0: 0x8000959c (0x00954533) xor     a0, a0, s1
core   0: 3 0x8000959c (0x00954533) x10 0x7ec0ed3e
core   0: 0x800095a0 (0x00949313) slli    t1, s1, 9
core   0: 3 0x800095a0 (0x00949313) x 6 0x02b9c800
core   0: 0x800095a4 (0xc29d8a37) lui     s4, 0xc29d8
core   0: 3 0x800095a4 (0xc29d8a37) x20 0xc29d8000
core   0: 0x800095a8 (0x00b298b3) sll     a7, t0, a1
core   0: 3 0x800095a8 (0x00b298b3) x17 0x01fffff4
core   0: 0x800095ac (0x0075d933) srl     s2, a1, t2
core   0: 3 0x800095ac (0x0075d933) x18 0x00000000
core   0: 0x800095b0 (0x0167a133) slt     sp, a5, s6
core   0: 3 0x800095b0 (0x0167a133) x 2 0x00000001
core   0: 0x800095b4 (0x00b7f333) and     t1, a5, a1
core   0: 3 0x800095b4 (0x00b7f333) x 6 0x00000000
core   0: 0x800095b8 (0x01681813) slli    a6, a6, 22
core   0: 3 0x800095b8 (0x01681813) x16 0x00000000
core   0: 0x800095bc (0x0180f8b3) and     a7, ra, s8
core   0: 3 0x800095bc (0x0180f8b3) x17 0xb92424c4
core   0: 0x800095c0 (0x49b13097) auipc   ra, 0x49b13
core   0: 3 0x800095c0 (0x49b13097) x 1 0xc9b1c5c0
core   0: 0x800095c4 (0x02a98a13) addi    s4, s3, 42
core   0: 3 0x800095c4 (0x02a98a13) x20 0x0000002b
core   0: 0x800095c8 (0x88c03337) lui     t1, 0x88c03
core   0: 3 0x800095c8 (0x88c03337) x 6 0x88c03000
core   0: 0x800095cc (0x018e5113) srli    sp, t3, 24
core   0: 3 0x800095cc (0x018e5113) x 2 0x00000000
core   0: 0x800095d0 (0x01bedeb3) srl     t4, t4, s11
core   0: 3 0x800095d0 (0x01bedeb3) x29 0x800118a7
core   0: 0x800095d4 (0x419fd913) srai    s2, t6, 25
core   0: 3 0x800095d4 (0x419fd913) x18 0x00000000
core   0: 0x800095d8 (0x00e78533) add     a0, a5, a4
core   0: 3 0x800095d8 (0x00e78533) x10 0xfffff932
core   0: 0x800095dc (0x4405cb93) xori    s7, a1, 1088
core   0: 3 0x800095dc (0x4405cb93) x23 0x00000441
core   0: 0x800095e0 (0x0045c633) xor     a2, a1, tp
core   0: 3 0x800095e0 (0x0045c633) x12 0xfec3917c
core   0: 0x800095e4 (0x01651a13) slli    s4, a0, 22
core   0: 3 0x800095e4 (0x01651a13) x20 0x4c800000
core   0: 0x800095e8 (0x01ef9933) sll     s2, t6, t5
core   0: 3 0x800095e8 (0x01ef9933) x18 0x00000000
core   0: 0x800095ec (0x01fdd633) srl     a2, s11, t6
core   0: 3 0x800095ec (0x01fdd633) x12 0x00000000
core   0: 0x800095f0 (0x01925d93) srli    s11, tp, 25
core   0: 3 0x800095f0 (0x01925d93) x27 0x0000007f
core   0: 0x800095f4 (0xabe76b13) ori     s6, a4, -1346
core   0: 3 0x800095f4 (0xabe76b13) x22 0xfffffbbe
core   0: 0x800095f8 (0x01d821b3) slt     gp, a6, t4
core   0: 3 0x800095f8 (0x01d821b3) x 3 0x00000000
core   0: 0x800095fc (0x3c676e13) ori     t3, a4, 966
core   0: 3 0x800095fc (0x3c676e13) x28 0xfffffbf6
core   0: 0x80009600 (0x41e85f93) srai    t6, a6, 30
core   0: 3 0x80009600 (0x41e85f93) x31 0x00000000
core   0: 0x80009604 (0x0b7eb437) lui     s0, 0xb7eb
core   0: 3 0x80009604 (0x0b7eb437) x 8 0x0b7eb000
core   0: 0x80009608 (0x0165d5b3) srl     a1, a1, s6
core   0: 3 0x80009608 (0x0165d5b3) x11 0x00000000
core   0: 0x8000960c (0x00be99b3) sll     s3, t4, a1
core   0: 3 0x8000960c (0x00be99b3) x19 0x800118a7
core   0: 0x80009610 (0x503cae93) slti    t4, s9, 1283
core   0: 3 0x80009610 (0x503cae93) x29 0x00000001
core   0: 0x80009614 (0x000c17b3) sll     a5, s8, zero
core   0: 3 0x80009614 (0x000c17b3) x15 0xfffffffe
core   0: 0x80009618 (0xf0b7c413) xori    s0, a5, -245
core   0: 3 0x80009618 (0xf0b7c413) x 8 0x000000f5
core   0: 0x8000961c (0x00381f93) slli    t6, a6, 3
core   0: 3 0x8000961c (0x00381f93) x31 0x00000000
core   0: 0x80009620 (0x0095d0b3) srl     ra, a1, s1
core   0: 3 0x80009620 (0x0095d0b3) x 1 0x00000000
core   0: 0x80009624 (0x002fb833) sltu    a6, t6, sp
core   0: 3 0x80009624 (0x002fb833) x16 0x00000000
core   0: 0x80009628 (0x408e8fb3) sub     t6, t4, s0
core   0: 3 0x80009628 (0x408e8fb3) x31 0xffffff0c
core   0: 0x8000962c (0x00000013) nop
core   0: 3 0x8000962c (0x00000013)
core   0: 0x80009630 (0xe6a0ae17) auipc   t3, 0xe6a0a
core   0: 3 0x80009630 (0xe6a0ae17) x28 0x66a13630
core   0: 0x80009634 (0x8b017293) andi    t0, sp, -1872
core   0: 3 0x80009634 (0x8b017293) x 5 0x00000000
core   0: 0x80009638 (0x07c96293) ori     t0, s2, 124
core   0: 3 0x80009638 (0x07c96293) x 5 0x0000007c
core   0: 0x8000963c (0x0067ea33) or      s4, a5, t1
core   0: 3 0x8000963c (0x0067ea33) x20 0xfffffffe
core   0: 0x80009640 (0x0091df93) srli    t6, gp, 9
core   0: 3 0x80009640 (0x0091df93) x31 0x00000000
core   0: 0x80009644 (0x00743633) sltu    a2, s0, t2
core   0: 3 0x80009644 (0x00743633) x12 0x00000001
core   0: 0x80009648 (0x0068a2b3) slt     t0, a7, t1
core   0: 3 0x80009648 (0x0068a2b3) x 5 0x00000000
core   0: 0x8000964c (0x00beaeb3) slt     t4, t4, a1
core   0: 3 0x8000964c (0x00beaeb3) x29 0x00000000
core   0: 0x80009650 (0x0073ef33) or      t5, t2, t2
core   0: 3 0x80009650 (0x0073ef33) x30 0x80011e64
core   0: 0x80009654 (0x1b3f2813) slti    a6, t5, 435
core   0: 3 0x80009654 (0x1b3f2813) x16 0x00000001
core   0: 0x80009658 (0x00000013) nop
core   0: 3 0x80009658 (0x00000013)
core   0: 0x8000965c (0x68eb3f93) sltiu   t6, s6, 1678
core   0: 3 0x8000965c (0x68eb3f93) x31 0x00000000
core   0: 0x80009660 (0x5f710f93) addi    t6, sp, 1527
core   0: 3 0x80009660 (0x5f710f93) x31 0x000005f7
core   0: 0x80009664 (0xd1bccc97) auipc   s9, 0xd1bcc
core   0: 3 0x80009664 (0xd1bccc97) x25 0x51bd5664
core   0: 0x80009668 (0x019ef9b3) and     s3, t4, s9
core   0: 3 0x80009668 (0x019ef9b3) x19 0x00000000
core   0: 0x8000966c (0x005ee633) or      a2, t4, t0
core   0: 3 0x8000966c (0x005ee633) x12 0x00000000
core   0: 0x80009670 (0x405adeb3) sra     t4, s5, t0
core   0: 3 0x80009670 (0x405adeb3) x29 0x84f10548
core   0: 0x80009674 (0xc60a5e97) auipc   t4, 0xc60a5
core   0: 3 0x80009674 (0xc60a5e97) x29 0x460ae674
core   0: 0x80009678 (0x01699713) slli    a4, s3, 22
core   0: 3 0x80009678 (0x01699713) x14 0x00000000
core   0: 0x8000967c (0x018c2c33) slt     s8, s8, s8
core   0: 3 0x8000967c (0x018c2c33) x24 0x00000000
core   0: 0x80009680 (0x1028e813) ori     a6, a7, 258
core   0: 3 0x80009680 (0x1028e813) x16 0xb92425c6
core   0: 0x80009684 (0x41aef693) andi    a3, t4, 1050
core   0: 3 0x80009684 (0x41aef693) x13 0x00000410
core   0: 0x80009688 (0xd03e8a97) auipc   s5, 0xd03e8
core   0: 3 0x80009688 (0xd03e8a97) x21 0x503f1688
core   0: 0x8000968c (0x00516433) or      s0, sp, t0
core   0: 3 0x8000968c (0x00516433) x 8 0x00000000
core   0: 0x80009690 (0xf6848093) addi    ra, s1, -152
core   0: 3 0x80009690 (0xf6848093) x 1 0x80015c4c
core   0: 0x80009694 (0x20698613) addi    a2, s3, 518
core   0: 3 0x80009694 (0x20698613) x12 0x00000206
core   0: 0x80009698 (0x00745193) srli    gp, s0, 7
core   0: 3 0x80009698 (0x00745193) x 3 0x00000000
core   0: 0x8000969c (0x41c0d593) srai    a1, ra, 28
core   0: 3 0x8000969c (0x41c0d593) x11 0xfffffff8
core   0: 0x800096a0 (0x013289b3) add     s3, t0, s3
core   0: 3 0x800096a0 (0x013289b3) x19 0x00000000
core   0: 0x800096a4 (0x00319f93) slli    t6, gp, 3
core   0: 3 0x800096a4 (0x00319f93) x31 0x00000000
core   0: 0x800096a8 (0x411005b3) sub     a1, zero, a7
core   0: 3 0x800096a8 (0x411005b3) x11 0x46dbdb3c
core   0: 0x800096ac (0x015d6333) or      t1, s10, s5
core   0: 3 0x800096ac (0x015d6333) x 6 0x503f1689
core   0: 0x800096b0 (0x010f9fb3) sll     t6, t6, a6
core   0: 3 0x800096b0 (0x010f9fb3) x31 0x00000000
core   0: 0x800096b4 (0x41d45d13) srai    s10, s0, 29
core   0: 3 0x800096b4 (0x41d45d13) x26 0x00000000
core   0: 0x800096b8 (0x00de0d33) add     s10, t3, a3
core   0: 3 0x800096b8 (0x00de0d33) x26 0x66a13a40
core   0: 0x800096bc (0x4071d093) srai    ra, gp, 7
core   0: 3 0x800096bc (0x4071d093) x 1 0x00000000
core   0: 0x800096c0 (0x402c8333) sub     t1, s9, sp
core   0: 3 0x800096c0 (0x402c8333) x 6 0x51bd5664
core   0: 0x800096c4 (0x00001b93) slli    s7, zero, 0
core   0: 3 0x800096c4 (0x00001b93) x23 0x00000000
core   0: 0x800096c8 (0x01a4bc33) sltu    s8, s1, s10
core   0: 3 0x800096c8 (0x01a4bc33) x24 0x00000000
core   0: 0x800096cc (0x402c07b3) sub     a5, s8, sp
core   0: 3 0x800096cc (0x402c07b3) x15 0x00000000
core   0: 0x800096d0 (0x71cb7d13) andi    s10, s6, 1820
core   0: 3 0x800096d0 (0x71cb7d13) x26 0x0000031c
core   0: 0x800096d4 (0x44e44413) xori    s0, s0, 1102
core   0: 3 0x800096d4 (0x44e44413) x 8 0x0000044e
core   0: 0x800096d8 (0x13e90a93) addi    s5, s2, 318
core   0: 3 0x800096d8 (0x13e90a93) x21 0x0000013e
core   0: 0x800096dc (0x01e84333) xor     t1, a6, t5
core   0: 3 0x800096dc (0x01e84333) x 6 0x39253ba2
core   0: 0x800096e0 (0x00f3acb3) slt     s9, t2, a5
core   0: 3 0x800096e0 (0x00f3acb3) x25 0x00000001
core   0: 0x800096e4 (0x01d121b3) slt     gp, sp, t4
core   0: 3 0x800096e4 (0x01d121b3) x 3 0x00000001
core   0: 0x800096e8 (0x339a5017) auipc   zero, 0x339a5
core   0: 3 0x800096e8 (0x339a5017)
core   0: 0x800096ec (0xb2764513) xori    a0, a2, -1241
core   0: 3 0x800096ec (0xb2764513) x10 0xfffff921
core   0: 0x800096f0 (0x40938333) sub     t1, t2, s1
core   0: 3 0x800096f0 (0x40938333) x 6 0xffffc180
core   0: 0x800096f4 (0x41875193) srai    gp, a4, 24
core   0: 3 0x800096f4 (0x41875193) x 3 0x00000000
core   0: 0x800096f8 (0x01d45413) srli    s0, s0, 29
core   0: 3 0x800096f8 (0x01d45413) x 8 0x00000000
core   0: 0x800096fc (0x407f5a13) srai    s4, t5, 7
core   0: 3 0x800096fc (0x407f5a13) x20 0xff00023c
core   0: 0x80009700 (0x01c67bb3) and     s7, a2, t3
core   0: 3 0x80009700 (0x01c67bb3) x23 0x00000200
core   0: 0x80009704 (0x41580633) sub     a2, a6, s5
core   0: 3 0x80009704 (0x41580633) x12 0xb9242488
core   0: 0x80009708 (0x00080db3) add     s11, a6, zero
core   0: 3 0x80009708 (0x00080db3) x27 0xb92425c6
core   0: 0x8000970c (0xd6b96313) ori     t1, s2, -661
core   0: 3 0x8000970c (0xd6b96313) x 6 0xfffffd6b
core   0: 0x80009710 (0x0042a733) slt     a4, t0, tp
core   0: 3 0x80009710 (0x0042a733) x14 0x00000000
core   0: 0x80009714 (0xb5786913) ori     s2, a6, -1193
core   0: 3 0x80009714 (0xb5786913) x18 0xffffffd7
core   0: 0x80009718 (0x003120b3) slt     ra, sp, gp
core   0: 3 0x80009718 (0x003120b3) x 1 0x00000000
core   0: 0x8000971c (0x418c8033) sub     zero, s9, s8
core   0: 3 0x8000971c (0x418c8033)
core   0: 0x80009720 (0x5448a313) slti    t1, a7, 1348
core   0: 3 0x80009720 (0x5448a313) x 6 0x00000001
core   0: 0x80009724 (0xb0c44113) xori    sp, s0, -1268
core   0: 3 0x80009724 (0xb0c44113) x 2 0xfffffb0c
core   0: 0x80009728 (0x00a529b3) slt     s3, a0, a0
core   0: 3 0x80009728 (0x00a529b3) x19 0x00000000
core   0: 0x8000972c (0x01a01b93) slli    s7, zero, 26
core   0: 3 0x8000972c (0x01a01b93) x23 0x00000000
core   0: 0x80009730 (0x298c7c13) andi    s8, s8, 664
core   0: 3 0x80009730 (0x298c7c13) x24 0x00000000
core   0: 0x80009734 (0xe97c9517) auipc   a0, 0xe97c9
core   0: 3 0x80009734 (0xe97c9517) x10 0x697d2734
core   0: 0x80009738 (0x00b50d33) add     s10, a0, a1
core   0: 3 0x80009738 (0x00b50d33) x26 0xb0590270
core   0: 0x8000973c (0x013d8a33) add     s4, s11, s3
core   0: 3 0x8000973c (0x013d8a33) x20 0xb92425c6
core   0: 0x80009740 (0x01391bb3) sll     s7, s2, s3
core   0: 3 0x80009740 (0x01391bb3) x23 0xffffffd7
core   0: 0x80009744 (0x98558a93) addi    s5, a1, -1659
core   0: 3 0x80009744 (0x98558a93) x21 0x46dbd4c1
core   0: 0x80009748 (0x00355a93) srli    s5, a0, 3
core   0: 3 0x80009748 (0x00355a93) x21 0x0d2fa4e6
core   0: 0x8000974c (0x86a3b613) sltiu   a2, t2, -1942
core   0: 3 0x8000974c (0x86a3b613) x12 0x00000001
core   0: 0x80009750 (0xa4c0b2b7) lui     t0, 0xa4c0b
core   0: 3 0x80009750 (0xa4c0b2b7) x 5 0xa4c0b000
core   0: 0x80009754 (0x01a2bcb3) sltu    s9, t0, s10
core   0: 3 0x80009754 (0x01a2bcb3) x25 0x00000001
core   0: 0x80009758 (0x0122f533) and     a0, t0, s2
core   0: 3 0x80009758 (0x0122f533) x10 0xa4c0b000
core   0: 0x8000975c (0x00f42fb3) slt     t6, s0, a5
core   0: 3 0x8000975c (0x00f42fb3) x31 0x00000000
core   0: 0x80009760 (0x94257793) andi    a5, a0, -1726
core   0: 3 0x80009760 (0x94257793) x15 0xa4c0b000
core   0: 0x80009764 (0x016d3333) sltu    t1, s10, s6
core   0: 3 0x80009764 (0x016d3333) x 6 0x00000001
core   0: 0x80009768 (0x40d505b3) sub     a1, a0, a3
core   0: 3 0x80009768 (0x40d505b3) x11 0xa4c0abf0
core   0: 0x8000976c (0x013de8b3) or      a7, s11, s3
core   0: 3 0x8000976c (0x013de8b3) x17 0xb92425c6
core   0: 0x80009770 (0x71208d13) addi    s10, ra, 1810
core   0: 3 0x80009770 (0x71208d13) x26 0x00000712
core   0: 0x80009774 (0x00c37db3) and     s11, t1, a2
core   0: 3 0x80009774 (0x00c37db3) x27 0x00000001
core   0: 0x80009778 (0x416b5013) srai    zero, s6, 22
core   0: 3 0x80009778 (0x416b5013)
core   0: 0x8000977c (0x01e71e33) sll     t3, a4, t5
core   0: 3 0x8000977c (0x01e71e33) x28 0x00000000
core   0: 0x80009780 (0x01f760b3) or      ra, a4, t6
core   0: 3 0x80009780 (0x01f760b3) x 1 0x00000000
core   0: 0x80009784 (0x016e4db3) xor     s11, t3, s6
core   0: 3 0x80009784 (0x016e4db3) x27 0xfffffbbe
core   0: 0x80009788 (0x415d07b3) sub     a5, s10, s5
core   0: 3 0x80009788 (0x415d07b3) x15 0xf2d0622c
core   0: 0x8000978c (0x01c759b3) srl     s3, a4, t3
core   0: 3 0x8000978c (0x01c759b3) x19 0x00000000
core   0: 0x80009790 (0x402289b3) sub     s3, t0, sp
core   0: 3 0x80009790 (0x402289b3) x19 0xa4c0b4f4
core   0: 0x80009794 (0x30cc91b7) lui     gp, 0x30cc9
core   0: 3 0x80009794 (0x30cc91b7) x 3 0x30cc9000
core   0: 0x80009798 (0x21540613) addi    a2, s0, 533
core   0: 3 0x80009798 (0x21540613) x12 0x00000215
core   0: 0x8000979c (0x00dbb333) sltu    t1, s7, a3
core   0: 3 0x8000979c (0x00dbb333) x 6 0x00000000
core   0: 0x800097a0 (0x014d86b3) add     a3, s11, s4
core   0: 3 0x800097a0 (0x014d86b3) x13 0xb9242184
core   0: 0x800097a4 (0x41ddd833) sra     a6, s11, t4
core   0: 3 0x800097a4 (0x41ddd833) x16 0xffffffff
core   0: 0x800097a8 (0x402a5993) srai    s3, s4, 2
core   0: 3 0x800097a8 (0x402a5993) x19 0xee490971
core   0: 0x800097ac (0x3b092b93) slti    s7, s2, 944
core   0: 3 0x800097ac (0x3b092b93) x23 0x00000001
core   0: 0x800097b0 (0x01f202b3) add     t0, tp, t6
core   0: 3 0x800097b0 (0x01f202b3) x 5 0xfec3917d
core   0: 0x800097b4 (0x017e1c33) sll     s8, t3, s7
core   0: 3 0x800097b4 (0x017e1c33) x24 0x00000000
core   0: 0x800097b8 (0x00cf91b3) sll     gp, t6, a2
core   0: 3 0x800097b8 (0x00cf91b3) x 3 0x00000000
core   0: 0x800097bc (0x01506e33) or      t3, zero, s5
core   0: 3 0x800097bc (0x01506e33) x28 0x0d2fa4e6
core   0: 0x800097c0 (0x40645433) sra     s0, s0, t1
core   0: 3 0x800097c0 (0x40645433) x 8 0x00000000
core   0: 0x800097c4 (0xc7e52093) slti    ra, a0, -898
core   0: 3 0x800097c4 (0xc7e52093) x 1 0x00000001
core   0: 0x800097c8 (0x009939b3) sltu    s3, s2, s1
core   0: 3 0x800097c8 (0x009939b3) x19 0x00000000
core   0: 0x800097cc (0xa0000a93) li      s5, -1536
core   0: 3 0x800097cc (0xa0000a93) x21 0xfffffa00
core   0: 0x800097d0 (0x5e262a93) slti    s5, a2, 1506
core   0: 3 0x800097d0 (0x5e262a93) x21 0x00000001
core   0: 0x800097d4 (0xbaa73913) sltiu   s2, a4, -1110
core   0: 3 0x800097d4 (0xbaa73913) x18 0x00000001
core   0: 0x800097d8 (0xe9c5ba93) sltiu   s5, a1, -356
core   0: 3 0x800097d8 (0xe9c5ba93) x21 0x00000001
core   0: 0x800097dc (0x00c279b3) and     s3, tp, a2
core   0: 3 0x800097dc (0x00c279b3) x19 0x00000015
core   0: 0x800097e0 (0x01acef33) or      t5, s9, s10
core   0: 3 0x800097e0 (0x01acef33) x30 0x00000713
core   0: 0x800097e4 (0x4a1e3193) sltiu   gp, t3, 1185
core   0: 3 0x800097e4 (0x4a1e3193) x 3 0x00000000
core   0: 0x800097e8 (0x9348c913) xori    s2, a7, -1740
core   0: 3 0x800097e8 (0x9348c913) x18 0x46dbdcf2
core   0: 0x800097ec (0x01056533) or      a0, a0, a6
core   0: 3 0x800097ec (0x01056533) x10 0xffffffff
core   0: 0x800097f0 (0x07aca593) slti    a1, s9, 122
core   0: 3 0x800097f0 (0x07aca593) x11 0x00000001
core   0: 0x800097f4 (0x0020ecb3) or      s9, ra, sp
core   0: 3 0x800097f4 (0x0020ecb3) x25 0xfffffb0d
core   0: 0x800097f8 (0xb6dca413) slti    s0, s9, -1171
core   0: 3 0x800097f8 (0xb6dca413) x 8 0x00000001
core   0: 0x800097fc (0x4accaf13) slti    t5, s9, 1196
core   0: 3 0x800097fc (0x4accaf13) x30 0x00000001
core   0: 0x80009800 (0x80000bb7) lui     s7, 0x80000
core   0: 3 0x80009800 (0x80000bb7) x23 0x80000000
core   0: 0x80009804 (0xfff00093) li      ra, -1
core   0: 3 0x80009804 (0xfff00093) x 1 0xffffffff
core   0: 0x80009808 (0xe50a2cb7) lui     s9, 0xe50a2
core   0: 3 0x80009808 (0xe50a2cb7) x25 0xe50a2000
core   0: 0x8000980c (0x4d8c8c93) addi    s9, s9, 1240
core   0: 3 0x8000980c (0x4d8c8c93) x25 0xe50a24d8
core   0: 0x80009810 (0x80000eb7) lui     t4, 0x80000
core   0: 3 0x80009810 (0x80000eb7) x29 0x80000000
core   0: 0x80009814 (0x800009b7) lui     s3, 0x80000
core   0: 3 0x80009814 (0x800009b7) x19 0x80000000
core   0: 0x80009818 (0x80000a37) lui     s4, 0x80000
core   0: 3 0x80009818 (0x80000a37) x20 0x80000000
core   0: 0x8000981c (0x80000437) lui     s0, 0x80000
core   0: 3 0x8000981c (0x80000437) x 8 0x80000000
core   0: 0x80009820 (0x80000937) lui     s2, 0x80000
core   0: 3 0x80009820 (0x80000937) x18 0x80000000
core   0: 0x80009824 (0x5511efb7) lui     t6, 0x5511e
core   0: 3 0x80009824 (0x5511efb7) x31 0x5511e000
core   0: 0x80009828 (0x4a8f8f93) addi    t6, t6, 1192
core   0: 3 0x80009828 (0x4a8f8f93) x31 0x5511e4a8
core   0: 0x8000982c (0xfff00613) li      a2, -1
core   0: 3 0x8000982c (0xfff00613) x12 0xffffffff
core   0: 0x80009830 (0x050c8613) addi    a2, s9, 80
core   0: 3 0x80009830 (0x050c8613) x12 0xe50a2528
core   0: 0x80009834 (0x00000013) nop
core   0: 3 0x80009834 (0x00000013)
core   0: 0x80009838 (0xe2b1b097) auipc   ra, 0xe2b1b
core   0: 3 0x80009838 (0xe2b1b097) x 1 0x62b24838
core   0: 0x8000983c (0x40898cb3) sub     s9, s3, s0
core   0: 3 0x8000983c (0x40898cb3) x25 0x00000000
core   0: 0x80009840 (0x71090f93) addi    t6, s2, 1808
core   0: 3 0x80009840 (0x71090f93) x31 0x80000710
core   0: 0x80009844 (0x83c00917) auipc   s2, 0x83c00
core   0: 3 0x80009844 (0x83c00917) x18 0x03c09844
core   0: 0x80009848 (0x6b308093) addi    ra, ra, 1715
core   0: 3 0x80009848 (0x6b308093) x 1 0x62b24eeb
core   0: 0x8000984c (0x3d7fd637) lui     a2, 0x3d7fd
core   0: 3 0x8000984c (0x3d7fd637) x12 0x3d7fd000
core   0: 0x80009850 (0x00000013) nop
core   0: 3 0x80009850 (0x00000013)
core   0: 0x80009854 (0xa5f08f93) addi    t6, ra, -1441
core   0: 3 0x80009854 (0xa5f08f93) x31 0x62b2494a
core   0: 0x80009858 (0x008600b3) add     ra, a2, s0
core   0: 3 0x80009858 (0x008600b3) x 1 0xbd7fd000
core   0: 0x8000985c (0x00000013) nop
core   0: 3 0x8000985c (0x00000013)
core   0: 0x80009860 (0x00000013) nop
core   0: 3 0x80009860 (0x00000013)
core   0: 0x80009864 (0x00000013) nop
core   0: 3 0x80009864 (0x00000013)
core   0: 0x80009868 (0x419c8433) sub     s0, s9, s9
core   0: 3 0x80009868 (0x419c8433) x 8 0x00000000
core   0: 0x8000986c (0x014f8fb3) add     t6, t6, s4
core   0: 3 0x8000986c (0x014f8fb3) x31 0xe2b2494a
core   0: 0x80009870 (0x01c6bfb3) sltu    t6, a3, t3
core   0: 3 0x80009870 (0x01c6bfb3) x31 0x00000000
core   0: 0x80009874 (0xb0512ab7) lui     s5, 0xb0512
core   0: 3 0x80009874 (0xb0512ab7) x21 0xb0512000
core   0: 0x80009878 (0x5e990013) addi    zero, s2, 1513
core   0: 3 0x80009878 (0x5e990013)
core   0: 0x8000987c (0x01a69f93) slli    t6, a3, 26
core   0: 3 0x8000987c (0x01a69f93) x31 0x10000000
core   0: 0x80009880 (0x00144333) xor     t1, s0, ra
core   0: 3 0x80009880 (0x00144333) x 6 0xbd7fd000
core   0: 0x80009884 (0x01a91d93) slli    s11, s2, 26
core   0: 3 0x80009884 (0x01a91d93) x27 0x10000000
core   0: 0x80009888 (0x00272a33) slt     s4, a4, sp
core   0: 3 0x80009888 (0x00272a33) x20 0x00000000
core   0: 0x8000988c (0xd414e513) ori     a0, s1, -703
core   0: 3 0x8000988c (0xd414e513) x10 0xfffffde5
core   0: 0x80009890 (0x01c85a93) srli    s5, a6, 28
core   0: 3 0x80009890 (0x01c85a93) x21 0x0000000f
core   0: 0x80009894 (0x019738b3) sltu    a7, a4, s9
core   0: 3 0x80009894 (0x019738b3) x17 0x00000000
core   0: 0x80009898 (0x00427b33) and     s6, tp, tp
core   0: 3 0x80009898 (0x00427b33) x22 0xfec3917d
core   0: 0x8000989c (0x015c1ab3) sll     s5, s8, s5
core   0: 3 0x8000989c (0x015c1ab3) x21 0x00000000
core   0: 0x800098a0 (0x009b5f93) srli    t6, s6, 9
core   0: 3 0x800098a0 (0x009b5f93) x31 0x007f61c8
core   0: 0x800098a4 (0x01699f93) slli    t6, s3, 22
core   0: 3 0x800098a4 (0x01699f93) x31 0x00000000
core   0: 0x800098a8 (0x01885313) srli    t1, a6, 24
core   0: 3 0x800098a8 (0x01885313) x 6 0x000000ff
core   0: 0x800098ac (0x016e1a93) slli    s5, t3, 22
core   0: 3 0x800098ac (0x016e1a93) x21 0x39800000
core   0: 0x800098b0 (0x41c7db13) srai    s6, a5, 28
core   0: 3 0x800098b0 (0x41c7db13) x22 0xffffffff
core   0: 0x800098b4 (0x003ba7b3) slt     a5, s7, gp
core   0: 3 0x800098b4 (0x003ba7b3) x15 0x00000001
core   0: 0x800098b8 (0x003081b3) add     gp, ra, gp
core   0: 3 0x800098b8 (0x003081b3) x 3 0xbd7fd000
core   0: 0x800098bc (0x0142de33) srl     t3, t0, s4
core   0: 3 0x800098bc (0x0142de33) x28 0xfec3917d
core   0: 0x800098c0 (0x004b5a13) srli    s4, s6, 4
core   0: 3 0x800098c0 (0x004b5a13) x20 0x0fffffff
core   0: 0x800098c4 (0x007a51b3) srl     gp, s4, t2
core   0: 3 0x800098c4 (0x007a51b3) x 3 0x00ffffff
core   0: 0x800098c8 (0x41d5d913) srai    s2, a1, 29
core   0: 3 0x800098c8 (0x41d5d913) x18 0x00000000
core   0: 0x800098cc (0xfab0ff93) andi    t6, ra, -85
core   0: 3 0x800098cc (0xfab0ff93) x31 0xbd7fd000
core   0: 0x800098d0 (0xa3728c13) addi    s8, t0, -1481
core   0: 3 0x800098d0 (0xa3728c13) x24 0xfec38bb4
core   0: 0x800098d4 (0x15e8c713) xori    a4, a7, 350
core   0: 3 0x800098d4 (0x15e8c713) x14 0x0000015e
core   0: 0x800098d8 (0x008289b3) add     s3, t0, s0
core   0: 3 0x800098d8 (0x008289b3) x19 0xfec3917d
core   0: 0x800098dc (0xabe87893) andi    a7, a6, -1346
core   0: 3 0x800098dc (0xabe87893) x17 0xfffffabe
core   0: 0x800098e0 (0xe9e1af93) slti    t6, gp, -354
core   0: 3 0x800098e0 (0xe9e1af93) x31 0x00000000
core   0: 0x800098e4 (0x1f84b413) sltiu   s0, s1, 504
core   0: 3 0x800098e4 (0x1f84b413) x 8 0x00000000
core   0: 0x800098e8 (0x8954b293) sltiu   t0, s1, -1899
core   0: 3 0x800098e8 (0x8954b293) x 5 0x00000001
core   0: 0x800098ec (0x01224933) xor     s2, tp, s2
core   0: 3 0x800098ec (0x01224933) x18 0xfec3917d
core   0: 0x800098f0 (0x003c09b3) add     s3, s8, gp
core   0: 3 0x800098f0 (0x003c09b3) x19 0xffc38bb3
core   0: 0x800098f4 (0x00ffd013) srli    zero, t6, 15
core   0: 3 0x800098f4 (0x00ffd013)
core   0: 0x800098f8 (0x69313637) lui     a2, 0x69313
core   0: 3 0x800098f8 (0x69313637) x12 0x69313000
core   0: 0x800098fc (0x40a78cb3) sub     s9, a5, a0
core   0: 3 0x800098fc (0x40a78cb3) x25 0x0000021c
core   0: 0x80009900 (0x0067bbb3) sltu    s7, a5, t1
core   0: 3 0x80009900 (0x0067bbb3) x23 0x00000001
core   0: 0x80009904 (0x00000013) nop
core   0: 3 0x80009904 (0x00000013)
core   0: 0x80009908 (0x00488133) add     sp, a7, tp
core   0: 3 0x80009908 (0x00488133) x 2 0xfec38c3b
core   0: 0x8000990c (0x139afd93) andi    s11, s5, 313
core   0: 3 0x8000990c (0x139afd93) x27 0x00000000
core   0: 0x80009910 (0xdfef6f93) ori     t6, t5, -514
core   0: 3 0x80009910 (0xdfef6f93) x31 0xfffffdff
core   0: 0x80009914 (0x0135d893) srli    a7, a1, 19
core   0: 3 0x80009914 (0x0135d893) x17 0x00000000
core   0: 0x80009918 (0x011580b3) add     ra, a1, a7
core   0: 3 0x80009918 (0x011580b3) x 1 0x00000001
core   0: 0x8000991c (0xeba2c813) xori    a6, t0, -326
core   0: 3 0x8000991c (0xeba2c813) x16 0xfffffebb
core   0: 0x80009920 (0x01f38bb3) add     s7, t2, t6
core   0: 3 0x80009920 (0x01f38bb3) x23 0x80011c63
core   0: 0x80009924 (0x01693433) sltu    s0, s2, s6
core   0: 3 0x80009924 (0x01693433) x 8 0x00000001
core   0: 0x80009928 (0x0e003437) lui     s0, 0xe003
core   0: 3 0x80009928 (0x0e003437) x 8 0x0e003000
core   0: 0x8000992c (0x5a123193) sltiu   gp, tp, 1441
core   0: 3 0x8000992c (0x5a123193) x 3 0x00000000
core   0: 0x80009930 (0x0125c033) xor     zero, a1, s2
core   0: 3 0x80009930 (0x0125c033)
core   0: 0x80009934 (0x01aada93) srli    s5, s5, 26
core   0: 3 0x80009934 (0x01aada93) x21 0x0000000e
core   0: 0x80009938 (0x5399a7b7) lui     a5, 0x5399a
core   0: 3 0x80009938 (0x5399a7b7) x15 0x5399a000
core   0: 0x8000993c (0x00000013) nop
core   0: 3 0x8000993c (0x00000013)
core   0: 0x80009940 (0x01a20033) add     zero, tp, s10
core   0: 3 0x80009940 (0x01a20033)
core   0: 0x80009944 (0x0085a2b3) slt     t0, a1, s0
core   0: 3 0x80009944 (0x0085a2b3) x 5 0x00000001
core   0: 0x80009948 (0x01d81633) sll     a2, a6, t4
core   0: 3 0x80009948 (0x01d81633) x12 0xfffffebb
core   0: 0x8000994c (0x41f5db93) srai    s7, a1, 31
core   0: 3 0x8000994c (0x41f5db93) x23 0x00000000
core   0: 0x80009950 (0x0ee54c93) xori    s9, a0, 238
core   0: 3 0x80009950 (0x0ee54c93) x25 0xfffffd0b
core   0: 0x80009954 (0xb1653037) lui     zero, 0xb1653
core   0: 3 0x80009954 (0xb1653037)
core   0: 0x80009958 (0x00000013) nop
core   0: 3 0x80009958 (0x00000013)
core   0: 0x8000995c (0xd3f43d93) sltiu   s11, s0, -705
core   0: 3 0x8000995c (0xd3f43d93) x27 0x00000001
core   0: 0x80009960 (0x74ab6d13) ori     s10, s6, 1866
core   0: 3 0x80009960 (0x74ab6d13) x26 0xffffffff
core   0: 0x80009964 (0x003e2ab3) slt     s5, t3, gp
core   0: 3 0x80009964 (0x003e2ab3) x21 0x00000001
core   0: 0x80009968 (0xccd3c313) xori    t1, t2, -819
core   0: 3 0x80009968 (0xccd3c313) x 6 0x7ffee2a9
core   0: 0x8000996c (0x01579013) slli    zero, a5, 21
core   0: 3 0x8000996c (0x01579013)
core   0: 0x80009970 (0x012509b3) add     s3, a0, s2
core   0: 3 0x80009970 (0x012509b3) x19 0xfec38f62
core   0: 0x80009974 (0xdab54093) xori    ra, a0, -597
core   0: 3 0x80009974 (0xdab54093) x 1 0x0000004e
core   0: 0x80009978 (0x7d62b837) lui     a6, 0x7d62b
core   0: 3 0x80009978 (0x7d62b837) x16 0x7d62b000
core   0: 0x8000997c (0x005cb6b3) sltu    a3, s9, t0
core   0: 3 0x8000997c (0x005cb6b3) x13 0x00000000
core   0: 0x80009980 (0xa5508e13) addi    t3, ra, -1451
core   0: 3 0x80009980 (0xa5508e13) x28 0xfffffaa3
core   0: 0x80009984 (0xe6df4613) xori    a2, t5, -403
core   0: 3 0x80009984 (0xe6df4613) x12 0xfffffe6c
core   0: 0x80009988 (0x001f9913) slli    s2, t6, 1
core   0: 3 0x80009988 (0x001f9913) x18 0xfffffbfe
core   0: 0x8000998c (0xc440ec13) ori     s8, ra, -956
core   0: 3 0x8000998c (0xc440ec13) x24 0xfffffc4e
core   0: 0x80009990 (0xc7813093) sltiu   ra, sp, -904
core   0: 3 0x80009990 (0xc7813093) x 1 0x00000001
core   0: 0x80009994 (0x014210b3) sll     ra, tp, s4
core   0: 3 0x80009994 (0x014210b3) x 1 0x80000000
core   0: 0x80009998 (0x23fb3593) sltiu   a1, s6, 575
core   0: 3 0x80009998 (0x23fb3593) x11 0x00000000
core   0: 0x8000999c (0x01f6bd33) sltu    s10, a3, t6
core   0: 3 0x8000999c (0x01f6bd33) x26 0x00000001
core   0: 0x800099a0 (0x4cace713) ori     a4, s9, 1226
core   0: 3 0x800099a0 (0x4cace713) x14 0xfffffdcb
core   0: 0x800099a4 (0x00bdc533) xor     a0, s11, a1
core   0: 3 0x800099a4 (0x00bdc533) x10 0x00000001
core   0: 0x800099a8 (0xf47bb313) sltiu   t1, s7, -185
core   0: 3 0x800099a8 (0xf47bb313) x 6 0x00000001
core   0: 0x800099ac (0x0127cf33) xor     t5, a5, s2
core   0: 3 0x800099ac (0x0127cf33) x30 0xac665bfe
core   0: 0x800099b0 (0x3dde12b7) lui     t0, 0x3dde1
core   0: 3 0x800099b0 (0x3dde12b7) x 5 0x3dde1000
core   0: 0x800099b4 (0x7a95ec93) ori     s9, a1, 1961
core   0: 3 0x800099b4 (0x7a95ec93) x25 0x000007a9
core   0: 0x800099b8 (0x00570db3) add     s11, a4, t0
core   0: 3 0x800099b8 (0x00570db3) x27 0x3dde0dcb
core   0: 0x800099bc (0x003f06b3) add     a3, t5, gp
core   0: 3 0x800099bc (0x003f06b3) x13 0xac665bfe
core   0: 0x800099c0 (0x01651d93) slli    s11, a0, 22
core   0: 3 0x800099c0 (0x01651d93) x27 0x00400000
core   0: 0x800099c4 (0x015f9033) sll     zero, t6, s5
core   0: 3 0x800099c4 (0x015f9033)
core   0: 0x800099c8 (0x014d1113) slli    sp, s10, 20
core   0: 3 0x800099c8 (0x014d1113) x 2 0x00100000
core   0: 0x800099cc (0x01e79693) slli    a3, a5, 30
core   0: 3 0x800099cc (0x01e79693) x13 0x00000000
core   0: 0x800099d0 (0xbc2ae937) lui     s2, 0xbc2ae
core   0: 3 0x800099d0 (0xbc2ae937) x18 0xbc2ae000
core   0: 0x800099d4 (0xeda4e293) ori     t0, s1, -294
core   0: 3 0x800099d4 (0xeda4e293) x 5 0xfffffefe
core   0: 0x800099d8 (0x0107c5b3) xor     a1, a5, a6
core   0: 3 0x800099d8 (0x0107c5b3) x11 0x2efb1000
core   0: 0x800099dc (0x01bb02b3) add     t0, s6, s11
core   0: 3 0x800099dc (0x01bb02b3) x 5 0x003fffff
core   0: 0x800099e0 (0x007d80b3) add     ra, s11, t2
core   0: 3 0x800099e0 (0x007d80b3) x 1 0x80411e64
core   0: 0x800099e4 (0x00d0bdb3) sltu    s11, ra, a3
core   0: 3 0x800099e4 (0x00d0bdb3) x27 0x00000000
core   0: 0x800099e8 (0x012b9293) slli    t0, s7, 18
core   0: 3 0x800099e8 (0x012b9293) x 5 0x00000000
core   0: 0x800099ec (0x007446b3) xor     a3, s0, t2
core   0: 3 0x800099ec (0x007446b3) x13 0x8e012e64
core   0: 0x800099f0 (0x017d7833) and     a6, s10, s7
core   0: 3 0x800099f0 (0x017d7833) x16 0x00000000
core   0: 0x800099f4 (0x098aa1b7) lui     gp, 0x98aa
core   0: 3 0x800099f4 (0x098aa1b7) x 3 0x098aa000
core   0: 0x800099f8 (0x00000013) nop
core   0: 3 0x800099f8 (0x00000013)
core   0: 0x800099fc (0x00f23133) sltu    sp, tp, a5
core   0: 3 0x800099fc (0x00f23133) x 2 0x00000000
core   0: 0x80009a00 (0x5ea6f893) andi    a7, a3, 1514
core   0: 3 0x80009a00 (0x5ea6f893) x17 0x00000460
core   0: 0x80009a04 (0x40415a93) srai    s5, sp, 4
core   0: 3 0x80009a04 (0x40415a93) x21 0x00000000
core   0: 0x80009a08 (0x003a1e93) slli    t4, s4, 3
core   0: 3 0x80009a08 (0x003a1e93) x29 0x7ffffff8
core   0: 0x80009a0c (0x008299b3) sll     s3, t0, s0
core   0: 3 0x80009a0c (0x008299b3) x19 0x00000000
core   0: 0x80009a10 (0x00000013) nop
core   0: 3 0x80009a10 (0x00000013)
core   0: 0x80009a14 (0x4124d833) sra     a6, s1, s2
core   0: 3 0x80009a14 (0x4124d833) x16 0x80015ce4
core   0: 0x80009a18 (0x97e9fc93) andi    s9, s3, -1666
core   0: 3 0x80009a18 (0x97e9fc93) x25 0x00000000
core   0: 0x80009a1c (0x43163793) sltiu   a5, a2, 1073
core   0: 3 0x80009a1c (0x43163793) x15 0x00000000
core   0: 0x80009a20 (0x000069b3) or      s3, zero, zero
core   0: 3 0x80009a20 (0x000069b3) x19 0x00000000
core   0: 0x80009a24 (0x4c800613) li      a2, 1224
core   0: 3 0x80009a24 (0x4c800613) x12 0x000004c8
core   0: 0x80009a28 (0xe6077293) andi    t0, a4, -416
core   0: 3 0x80009a28 (0xe6077293) x 5 0xfffffc40
core   0: 0x80009a2c (0x432a4c93) xori    s9, s4, 1074
core   0: 3 0x80009a2c (0x432a4c93) x25 0x0ffffbcd
core   0: 0x80009a30 (0x7b026893) ori     a7, tp, 1968
core   0: 3 0x80009a30 (0x7b026893) x17 0xfec397fd
core   0: 0x80009a34 (0x009c6fb3) or      t6, s8, s1
core   0: 3 0x80009a34 (0x009c6fb3) x31 0xfffffcee
core   0: 0x80009a38 (0x01a6e1b3) or      gp, a3, s10
core   0: 3 0x80009a38 (0x01a6e1b3) x 3 0x8e012e65
core   0: 0x80009a3c (0x005590b3) sll     ra, a1, t0
core   0: 3 0x80009a3c (0x005590b3) x 1 0x2efb1000
core   0: 0x80009a40 (0x008f4733) xor     a4, t5, s0
core   0: 3 0x80009a40 (0x008f4733) x14 0xa2666bfe
core   0: 0x80009a44 (0x41a95293) srai    t0, s2, 26
core   0: 3 0x80009a44 (0x41a95293) x 5 0xffffffef
core   0: 0x80009a48 (0x410c5113) srai    sp, s8, 16
core   0: 3 0x80009a48 (0x410c5113) x 2 0xffffffff
core   0: 0x80009a4c (0x7ad44713) xori    a4, s0, 1965
core   0: 3 0x80009a4c (0x7ad44713) x14 0x0e0037ad
core   0: 0x80009a50 (0x409b8ab3) sub     s5, s7, s1
core   0: 3 0x80009a50 (0x409b8ab3) x21 0x7ffea31c
core   0: 0x80009a54 (0x01de86b3) add     a3, t4, t4
core   0: 3 0x80009a54 (0x01de86b3) x13 0xfffffff0
core   0: 0x80009a58 (0x00000013) nop
core   0: 3 0x80009a58 (0x00000013)
core   0: 0x80009a5c (0x003960b3) or      ra, s2, gp
core   0: 3 0x80009a5c (0x003960b3) x 1 0xbe2bee65
core   0: 0x80009a60 (0x00a12f33) slt     t5, sp, a0
core   0: 3 0x80009a60 (0x00a12f33) x30 0x00000001
core   0: 0x80009a64 (0xb4e93713) sltiu   a4, s2, -1202
core   0: 3 0x80009a64 (0xb4e93713) x14 0x00000001
core   0: 0x80009a68 (0x41e9d2b3) sra     t0, s3, t5
core   0: 3 0x80009a68 (0x41e9d2b3) x 5 0x00000000
core   0: 0x80009a6c (0x00000013) nop
core   0: 3 0x80009a6c (0x00000013)
core   0: 0x80009a70 (0x3bd8ed13) ori     s10, a7, 957
core   0: 3 0x80009a70 (0x3bd8ed13) x26 0xfec397fd
core   0: 0x80009a74 (0xabd77193) andi    gp, a4, -1347
core   0: 3 0x80009a74 (0xabd77193) x 3 0x00000001
core   0: 0x80009a78 (0x008b1b33) sll     s6, s6, s0
core   0: 3 0x80009a78 (0x008b1b33) x22 0xffffffff
core   0: 0x80009a7c (0x0136fdb3) and     s11, a3, s3
core   0: 3 0x80009a7c (0x0136fdb3) x27 0x00000000
core   0: 0x80009a80 (0x019cd713) srli    a4, s9, 25
core   0: 3 0x80009a80 (0x019cd713) x14 0x00000007
core   0: 0x80009a84 (0x01a4d033) srl     zero, s1, s10
core   0: 3 0x80009a84 (0x01a4d033)
core   0: 0x80009a88 (0x40af57b3) sra     a5, t5, a0
core   0: 3 0x80009a88 (0x40af57b3) x15 0x00000000
core   0: 0x80009a8c (0x08536897) auipc   a7, 0x8536
core   0: 3 0x80009a8c (0x08536897) x17 0x8853fa8c
core   0: 0x80009a90 (0x009c9db3) sll     s11, s9, s1
core   0: 3 0x80009a90 (0x009c9db3) x27 0xffffbcd0
core   0: 0x80009a94 (0x019f6933) or      s2, t5, s9
core   0: 3 0x80009a94 (0x019f6933) x18 0x0ffffbcd
core   0: 0x80009a98 (0x00586c33) or      s8, a6, t0
core   0: 3 0x80009a98 (0x00586c33) x24 0x80015ce4
core   0: 0x80009a9c (0x002055b3) srl     a1, zero, sp
core   0: 3 0x80009a9c (0x002055b3) x11 0x00000000
core   0: 0x80009aa0 (0x00dfd633) srl     a2, t6, a3
core   0: 3 0x80009aa0 (0x00dfd633) x12 0x0000ffff
core   0: 0x80009aa4 (0x01141713) slli    a4, s0, 17
core   0: 3 0x80009aa4 (0x01141713) x14 0x60000000
core   0: 0x80009aa8 (0x01ed58b3) srl     a7, s10, t5
core   0: 3 0x80009aa8 (0x01ed58b3) x17 0x7f61cbfe
core   0: 0x80009aac (0xf44ae317) auipc   t1, 0xf44ae
core   0: 3 0x80009aac (0xf44ae317) x 6 0x744b7aac
core   0: 0x80009ab0 (0x4f012793) slti    a5, sp, 1264
core   0: 3 0x80009ab0 (0x4f012793) x15 0x00000001
core   0: 0x80009ab4 (0x40c08733) sub     a4, ra, a2
core   0: 3 0x80009ab4 (0x40c08733) x14 0xbe2aee66
core   0: 0x80009ab8 (0x01395bb3) srl     s7, s2, s3
core   0: 3 0x80009ab8 (0x01395bb3) x23 0x0ffffbcd
core   0: 0x80009abc (0x011a7c33) and     s8, s4, a7
core   0: 3 0x80009abc (0x011a7c33) x24 0x0f61cbfe
core   0: 0x80009ac0 (0x0084a933) slt     s2, s1, s0
core   0: 3 0x80009ac0 (0x0084a933) x18 0x00000001
core   0: 0x80009ac4 (0x0132de33) srl     t3, t0, s3
core   0: 3 0x80009ac4 (0x0132de33) x28 0x00000000
core   0: 0x80009ac8 (0x01e1be33) sltu    t3, gp, t5
core   0: 3 0x80009ac8 (0x01e1be33) x28 0x00000000
core   0: 0x80009acc (0x01db39b3) sltu    s3, s6, t4
core   0: 3 0x80009acc (0x01db39b3) x19 0x00000000
core   0: 0x80009ad0 (0x00bd29b3) slt     s3, s10, a1
core   0: 3 0x80009ad0 (0x00bd29b3) x19 0x00000001
core   0: 0x80009ad4 (0x019f9db3) sll     s11, t6, s9
core   0: 3 0x80009ad4 (0x019f9db3) x27 0xff9dc000
core   0: 0x80009ad8 (0x00c21f13) slli    t5, tp, 12
core   0: 3 0x80009ad8 (0x00c21f13) x30 0x3917d000
core   0: 0x80009adc (0x00aa7533) and     a0, s4, a0
core   0: 3 0x80009adc (0x00aa7533) x10 0x00000001
core   0: 0x80009ae0 (0x001cea33) or      s4, s9, ra
core   0: 3 0x80009ae0 (0x001cea33) x20 0xbfffffed
core   0: 0x80009ae4 (0x406c5313) srai    t1, s8, 6
core   0: 3 0x80009ae4 (0x406c5313) x 6 0x003d872f
core   0: 0x80009ae8 (0x0056a433) slt     s0, a3, t0
core   0: 3 0x80009ae8 (0x0056a433) x 8 0x00000001
core   0: 0x80009aec (0x0079adb3) slt     s11, s3, t2
core   0: 3 0x80009aec (0x0079adb3) x27 0x00000000
core   0: 0x80009af0 (0x1e4d6f93) ori     t6, s10, 484
core   0: 3 0x80009af0 (0x1e4d6f93) x31 0xfec397fd
core   0: 0x80009af4 (0x015670b3) and     ra, a2, s5
core   0: 3 0x80009af4 (0x015670b3) x 1 0x0000a31c
core   0: 0x80009af8 (0xeebf8693) addi    a3, t6, -277
core   0: 3 0x80009af8 (0xeebf8693) x13 0xfec396e8
core   0: 0x80009afc (0xb2f22f13) slti    t5, tp, -1233
core   0: 3 0x80009afc (0xb2f22f13) x30 0x00000001
core   0: 0x80009b00 (0x0142f8b3) and     a7, t0, s4
core   0: 3 0x80009b00 (0x0142f8b3) x17 0x00000000
core   0: 0x80009b04 (0x01ac3933) sltu    s2, s8, s10
core   0: 3 0x80009b04 (0x01ac3933) x18 0x00000001
core   0: 0x80009b08 (0x86f7f113) andi    sp, a5, -1937
core   0: 3 0x80009b08 (0x86f7f113) x 2 0x00000001
core   0: 0x80009b0c (0x9d8026b7) lui     a3, 0x9d802
core   0: 3 0x80009b0c (0x9d8026b7) x13 0x9d802000
core   0: 0x80009b10 (0x3aaa1817) auipc   a6, 0x3aaa1
core   0: 3 0x80009b10 (0x3aaa1817) x16 0xbaaaab10
core   0: 0x80009b14 (0x2afb8313) addi    t1, s7, 687
core   0: 3 0x80009b14 (0x2afb8313) x 6 0x0ffffe7c
core   0: 0x80009b18 (0x004be5b3) or      a1, s7, tp
core   0: 3 0x80009b18 (0x004be5b3) x11 0xfffffbfd
core   0: 0x80009b1c (0x3c968913) addi    s2, a3, 969
core   0: 3 0x80009b1c (0x3c968913) x18 0x9d8023c9
core   0: 0x80009b20 (0x8d92ca93) xori    s5, t0, -1831
core   0: 3 0x80009b20 (0x8d92ca93) x21 0xfffff8d9
core   0: 0x80009b24 (0x00d1b533) sltu    a0, gp, a3
core   0: 3 0x80009b24 (0x00d1b533) x10 0x00000001
core   0: 0x80009b28 (0x00632c33) slt     s8, t1, t1
core   0: 3 0x80009b28 (0x00632c33) x24 0x00000000
core   0: 0x80009b2c (0x00000013) nop
core   0: 3 0x80009b2c (0x00000013)
core   0: 0x80009b30 (0xaf844693) xori    a3, s0, -1288
core   0: 3 0x80009b30 (0xaf844693) x13 0xfffffaf9
core   0: 0x80009b34 (0xf5ab7193) andi    gp, s6, -166
core   0: 3 0x80009b34 (0xf5ab7193) x 3 0xffffff5a
core   0: 0x80009b38 (0x4824a913) slti    s2, s1, 1154
core   0: 3 0x80009b38 (0x4824a913) x18 0x00000001
core   0: 0x80009b3c (0x01e189b3) add     s3, gp, t5
core   0: 3 0x80009b3c (0x01e189b3) x19 0xffffff5b
core   0: 0x80009b40 (0x0129fa33) and     s4, s3, s2
core   0: 3 0x80009b40 (0x0129fa33) x20 0x00000001
core   0: 0x80009b44 (0x00cc7cb3) and     s9, s8, a2
core   0: 3 0x80009b44 (0x00cc7cb3) x25 0x00000000
core   0: 0x80009b48 (0x40d08f33) sub     t5, ra, a3
core   0: 3 0x80009b48 (0x40d08f33) x30 0x0000a823
core   0: 0x80009b4c (0x012125b3) slt     a1, sp, s2
core   0: 3 0x80009b4c (0x012125b3) x11 0x00000000
core   0: 0x80009b50 (0x91a80a13) addi    s4, a6, -1766
core   0: 3 0x80009b50 (0x91a80a13) x20 0xbaaaa42a
core   0: 0x80009b54 (0x93e8ff97) auipc   t6, 0x93e8f
core   0: 3 0x80009b54 (0x93e8ff97) x31 0x13e98b54
core   0: 0x80009b58 (0x015aefb3) or      t6, s5, s5
core   0: 3 0x80009b58 (0x015aefb3) x31 0xfffff8d9
core   0: 0x80009b5c (0x01acafb3) slt     t6, s9, s10
core   0: 3 0x80009b5c (0x01acafb3) x31 0x00000000
core   0: 0x80009b60 (0x0147ea33) or      s4, a5, s4
core   0: 3 0x80009b60 (0x0147ea33) x20 0xbaaaa42b
core   0: 0x80009b64 (0x0126c2b3) xor     t0, a3, s2
core   0: 3 0x80009b64 (0x0126c2b3) x 5 0xfffffaf8
core   0: 0x80009b68 (0x32c97693) andi    a3, s2, 812
core   0: 3 0x80009b68 (0x32c97693) x13 0x00000000
core   0: 0x80009b6c (0x4148df93) srai    t6, a7, 20
core   0: 3 0x80009b6c (0x4148df93) x31 0x00000000
core   0: 0x80009b70 (0x0187ef33) or      t5, a5, s8
core   0: 3 0x80009b70 (0x0187ef33) x30 0x00000001
core   0: 0x80009b74 (0xd686a313) slti    t1, a3, -664
core   0: 3 0x80009b74 (0xd686a313) x 6 0x00000000
core   0: 0x80009b78 (0x951be293) ori     t0, s7, -1711
core   0: 3 0x80009b78 (0x951be293) x 5 0xfffffbdd
core   0: 0x80009b7c (0x41388333) sub     t1, a7, s3
core   0: 3 0x80009b7c (0x41388333) x 6 0x000000a5
core   0: 0x80009b80 (0x00000013) nop
core   0: 3 0x80009b80 (0x00000013)
core   0: 0x80009b84 (0x0f79ef93) ori     t6, s3, 247
core   0: 3 0x80009b84 (0x0f79ef93) x31 0xffffffff
core   0: 0x80009b88 (0x29536793) ori     a5, t1, 661
core   0: 3 0x80009b88 (0x29536793) x15 0x000002b5
core   0: 0x80009b8c (0x41098433) sub     s0, s3, a6
core   0: 3 0x80009b8c (0x41098433) x 8 0x4555544b
core   0: 0x80009b90 (0x414d0e33) sub     t3, s10, s4
core   0: 3 0x80009b90 (0x414d0e33) x28 0x4418f3d2
core   0: 0x80009b94 (0x406cd5b3) sra     a1, s9, t1
core   0: 3 0x80009b94 (0x406cd5b3) x11 0x00000000
core   0: 0x80009b98 (0x01916f33) or      t5, sp, s9
core   0: 3 0x80009b98 (0x01916f33) x30 0x00000001
core   0: 0x80009b9c (0x86079f17) auipc   t5, 0x86079
core   0: 3 0x80009b9c (0x86079f17) x30 0x06082b9c
core   0: 0x80009ba0 (0x408a89b3) sub     s3, s5, s0
core   0: 3 0x80009ba0 (0x408a89b3) x19 0xbaaaa48e
core   0: 0x80009ba4 (0x7fd58013) addi    zero, a1, 2045
core   0: 3 0x80009ba4 (0x7fd58013)
core   0: 0x80009ba8 (0x019d1913) slli    s2, s10, 25
core   0: 3 0x80009ba8 (0x019d1913) x18 0xfa000000
core   0: 0x80009bac (0x00000013) nop
core   0: 3 0x80009bac (0x00000013)
core   0: 0x80009bb0 (0x019a6e33) or      t3, s4, s9
core   0: 3 0x80009bb0 (0x019a6e33) x28 0xbaaaa42b
core   0: 0x80009bb4 (0x40115793) srai    a5, sp, 1
core   0: 3 0x80009bb4 (0x40115793) x15 0x00000000
core   0: 0x80009bb8 (0x1e927b93) andi    s7, tp, 489
core   0: 3 0x80009bb8 (0x1e927b93) x23 0x00000169
core   0: 0x80009bbc (0x41c359b3) sra     s3, t1, t3
core   0: 3 0x80009bbc (0x41c359b3) x19 0x00000000
core   0: 0x80009bc0 (0x00ae9fb3) sll     t6, t4, a0
core   0: 3 0x80009bc0 (0x00ae9fb3) x31 0xfffffff0
core   0: 0x80009bc4 (0x40038533) sub     a0, t2, zero
core   0: 3 0x80009bc4 (0x40038533) x10 0x80011e64
core   0: 0x80009bc8 (0x00d2aeb3) slt     t4, t0, a3
core   0: 3 0x80009bc8 (0x00d2aeb3) x29 0x00000001
core   0: 0x80009bcc (0x40f35d13) srai    s10, t1, 15
core   0: 3 0x80009bcc (0x40f35d13) x26 0x00000000
core   0: 0x80009bd0 (0x00000013) nop
core   0: 3 0x80009bd0 (0x00000013)
core   0: 0x80009bd4 (0x017a5013) srli    zero, s4, 23
core   0: 3 0x80009bd4 (0x017a5013)
core   0: 0x80009bd8 (0xb5cdbc93) sltiu   s9, s11, -1188
core   0: 3 0x80009bd8 (0xb5cdbc93) x25 0x00000001
core   0: 0x80009bdc (0x01631933) sll     s2, t1, s6
core   0: 3 0x80009bdc (0x01631933) x18 0x80000000
core   0: 0x80009be0 (0x01ed1593) slli    a1, s10, 30
core   0: 3 0x80009be0 (0x01ed1593) x11 0x00000000
core   0: 0x80009be4 (0x01ec5b33) srl     s6, s8, t5
core   0: 3 0x80009be4 (0x01ec5b33) x22 0x00000000
core   0: 0x80009be8 (0x00cf70b3) and     ra, t5, a2
core   0: 3 0x80009be8 (0x00cf70b3) x 1 0x00002b9c
core   0: 0x80009bec (0x01d7bf33) sltu    t5, a5, t4
core   0: 3 0x80009bec (0x01d7bf33) x30 0x00000001
core   0: 0x80009bf0 (0x00000013) nop
core   0: 3 0x80009bf0 (0x00000013)
core   0: 0x80009bf4 (0xa5547c93) andi    s9, s0, -1451
core   0: 3 0x80009bf4 (0xa5547c93) x25 0x45555041
core   0: 0x80009bf8 (0x00c65193) srli    gp, a2, 12
core   0: 3 0x80009bf8 (0x00c65193) x 3 0x0000000f
core   0: 0x80009bfc (0x01769d93) slli    s11, a3, 23
core   0: 3 0x80009bfc (0x01769d93) x27 0x00000000
core   0: 0x80009c00 (0xa7426513) ori     a0, tp, -1420
core   0: 3 0x80009c00 (0xa7426513) x10 0xfffffb7d
core   0: 0x80009c04 (0xfe06c093) xori    ra, a3, -32
core   0: 3 0x80009c04 (0xfe06c093) x 1 0xffffffe0
core   0: 0x80009c08 (0x8ed76f13) ori     t5, a4, -1811
core   0: 3 0x80009c08 (0x8ed76f13) x30 0xfffffeef
core   0: 0x80009c0c (0x00000013) nop
core   0: 3 0x80009c0c (0x00000013)
core   0: 0x80009c10 (0x00b7b133) sltu    sp, a5, a1
core   0: 3 0x80009c10 (0x00b7b133) x 2 0x00000000
core   0: 0x80009c14 (0x00c5fb33) and     s6, a1, a2
core   0: 3 0x80009c14 (0x00c5fb33) x22 0x00000000
core   0: 0x80009c18 (0xb5e58f93) addi    t6, a1, -1186
core   0: 3 0x80009c18 (0xb5e58f93) x31 0xfffffb5e
core   0: 0x80009c1c (0x00000013) nop
core   0: 3 0x80009c1c (0x00000013)
core   0: 0x80009c20 (0xb935b913) sltiu   s2, a1, -1133
core   0: 3 0x80009c20 (0xb935b913) x18 0x00000001
core   0: 0x80009c24 (0x01762bb3) slt     s7, a2, s7
core   0: 3 0x80009c24 (0x01762bb3) x23 0x00000000
core   0: 0x80009c28 (0x001c8eb3) add     t4, s9, ra
core   0: 3 0x80009c28 (0x001c8eb3) x29 0x45555021
core   0: 0x80009c2c (0x0a0735b7) lui     a1, 0xa073
core   0: 3 0x80009c2c (0x0a0735b7) x11 0x0a073000
core   0: 0x80009c30 (0x00f1fe33) and     t3, gp, a5
core   0: 3 0x80009c30 (0x00f1fe33) x28 0x00000000
core   0: 0x80009c34 (0xfcda8b97) auipc   s7, 0xfcda8
core   0: 3 0x80009c34 (0xfcda8b97) x23 0x7cdb1c34
core   0: 0x80009c38 (0x075e2413) slti    s0, t3, 117
core   0: 3 0x80009c38 (0x075e2413) x 8 0x00000001
core   0: 0x80009c3c (0x405bd133) sra     sp, s7, t0
core   0: 3 0x80009c3c (0x405bd133) x 2 0x00000003
core   0: 0x80009c40 (0x00000013) nop
core   0: 3 0x80009c40 (0x00000013)
core   0: 0x80009c44 (0x20abbf13) sltiu   t5, s7, 522
core   0: 3 0x80009c44 (0x20abbf13) x30 0x00000000
core   0: 0x80009c48 (0x002c6b33) or      s6, s8, sp
core   0: 3 0x80009c48 (0x002c6b33) x22 0x00000003
core   0: 0x80009c4c (0xe4186093) ori     ra, a6, -447
core   0: 3 0x80009c4c (0xe4186093) x 1 0xffffff51
core   0: 0x80009c50 (0x00d9a8b3) slt     a7, s3, a3
core   0: 3 0x80009c50 (0x00d9a8b3) x17 0x00000000
core   0: 0x80009c54 (0x00c846b3) xor     a3, a6, a2
core   0: 3 0x80009c54 (0x00c846b3) x13 0xbaaa54ef
core   0: 0x80009c58 (0x010f9c93) slli    s9, t6, 16
core   0: 3 0x80009c58 (0x010f9c93) x25 0xfb5e0000
core   0: 0x80009c5c (0x01d47db3) and     s11, s0, t4
core   0: 3 0x80009c5c (0x01d47db3) x27 0x00000001
core   0: 0x80009c60 (0x00ff6833) or      a6, t5, a5
core   0: 3 0x80009c60 (0x00ff6833) x16 0x00000000
core   0: 0x80009c64 (0x01f7b433) sltu    s0, a5, t6
core   0: 3 0x80009c64 (0x01f7b433) x 8 0x00000001
core   0: 0x80009c68 (0x019702b3) add     t0, a4, s9
core   0: 3 0x80009c68 (0x019702b3) x 5 0xb988ee66
core   0: 0x80009c6c (0x009e5bb3) srl     s7, t3, s1
core   0: 3 0x80009c6c (0x009e5bb3) x23 0x00000000
core   0: 0x80009c70 (0x01bef8b3) and     a7, t4, s11
core   0: 3 0x80009c70 (0x01bef8b3) x17 0x00000001
core   0: 0x80009c74 (0x019dd613) srli    a2, s11, 25
core   0: 3 0x80009c74 (0x019dd613) x12 0x00000000
core   0: 0x80009c78 (0x00115633) srl     a2, sp, ra
core   0: 3 0x80009c78 (0x00115633) x12 0x00000000
core   0: 0x80009c7c (0x02e82013) slti    zero, a6, 46
core   0: 3 0x80009c7c (0x02e82013)
core   0: 0x80009c80 (0x0083d633) srl     a2, t2, s0
core   0: 3 0x80009c80 (0x0083d633) x12 0x40008f32
core   0: 0x80009c84 (0x7d0e3137) lui     sp, 0x7d0e3
core   0: 3 0x80009c84 (0x7d0e3137) x 2 0x7d0e3000
core   0: 0x80009c88 (0xb859f513) andi    a0, s3, -1147
core   0: 3 0x80009c88 (0xb859f513) x10 0x00000000
core   0: 0x80009c8c (0x010006b3) add     a3, zero, a6
core   0: 3 0x80009c8c (0x010006b3) x13 0x00000000
core   0: 0x80009c90 (0x403d5613) srai    a2, s10, 3
core   0: 3 0x80009c90 (0x403d5613) x12 0x00000000
core   0: 0x80009c94 (0x00ddf833) and     a6, s11, a3
core   0: 3 0x80009c94 (0x00ddf833) x16 0x00000000
core   0: 0x80009c98 (0xa4dbad13) slti    s10, s7, -1459
core   0: 3 0x80009c98 (0xa4dbad13) x26 0x00000000
core   0: 0x80009c9c (0x00ecc5b3) xor     a1, s9, a4
core   0: 3 0x80009c9c (0x00ecc5b3) x11 0x4574ee66
core   0: 0x80009ca0 (0x010b6333) or      t1, s6, a6
core   0: 3 0x80009ca0 (0x010b6333) x 6 0x00000003
core   0: 0x80009ca4 (0x004a3eb3) sltu    t4, s4, tp
core   0: 3 0x80009ca4 (0x004a3eb3) x29 0x00000001
core   0: 0x80009ca8 (0x01a91093) slli    ra, s2, 26
core   0: 3 0x80009ca8 (0x01a91093) x 1 0x04000000
core   0: 0x80009cac (0xdbace513) ori     a0, s9, -582
core   0: 3 0x80009cac (0xdbace513) x10 0xfffffdba
core   0: 0x80009cb0 (0xc2ee6613) ori     a2, t3, -978
core   0: 3 0x80009cb0 (0xc2ee6613) x12 0xfffffc2e
core   0: 0x80009cb4 (0x2d193713) sltiu   a4, s2, 721
core   0: 3 0x80009cb4 (0x2d193713) x14 0x00000001
core   0: 0x80009cb8 (0x40908f33) sub     t5, ra, s1
core   0: 3 0x80009cb8 (0x40908f33) x30 0x83fea31c
core   0: 0x80009cbc (0x00000013) nop
core   0: 3 0x80009cbc (0x00000013)
core   0: 0x80009cc0 (0x0158ba33) sltu    s4, a7, s5
core   0: 3 0x80009cc0 (0x0158ba33) x20 0x00000001
core   0: 0x80009cc4 (0xc9c1bf93) sltiu   t6, gp, -868
core   0: 3 0x80009cc4 (0xc9c1bf93) x31 0x00000001
core   0: 0x80009cc8 (0x0123ebb3) or      s7, t2, s2
core   0: 3 0x80009cc8 (0x0123ebb3) x23 0x80011e65
core   0: 0x80009ccc (0x00fcea33) or      s4, s9, a5
core   0: 3 0x80009ccc (0x00fcea33) x20 0xfb5e0000
core   0: 0x80009cd0 (0x41a05913) srai    s2, zero, 26
core   0: 3 0x80009cd0 (0x41a05913) x18 0x00000000
core   0: 0x80009cd4 (0x0132bc33) sltu    s8, t0, s3
core   0: 3 0x80009cd4 (0x0132bc33) x24 0x00000000
core   0: 0x80009cd8 (0x00000013) nop
core   0: 3 0x80009cd8 (0x00000013)
core   0: 0x80009cdc (0x001f7eb3) and     t4, t5, ra
core   0: 3 0x80009cdc (0x001f7eb3) x29 0x00000000
core   0: 0x80009ce0 (0xbc449317) auipc   t1, 0xbc449
core   0: 3 0x80009ce0 (0xbc449317) x 6 0x3c452ce0
core   0: 0x80009ce4 (0x89e0a893) slti    a7, ra, -1890
core   0: 3 0x80009ce4 (0x89e0a893) x17 0x00000000
core   0: 0x80009ce8 (0x00000013) nop
core   0: 3 0x80009ce8 (0x00000013)
core   0: 0x80009cec (0x00ed9fb3) sll     t6, s11, a4
core   0: 3 0x80009cec (0x00ed9fb3) x31 0x00000002
core   0: 0x80009cf0 (0x5c08b413) sltiu   s0, a7, 1472
core   0: 3 0x80009cf0 (0x5c08b413) x 8 0x00000001
core   0: 0x80009cf4 (0x81e57413) andi    s0, a0, -2018
core   0: 3 0x80009cf4 (0x81e57413) x 8 0xfffff81a
core   0: 0x80009cf8 (0x36f80813) addi    a6, a6, 879
core   0: 3 0x80009cf8 (0x36f80813) x16 0x0000036f
core   0: 0x80009cfc (0x403cdb33) sra     s6, s9, gp
core   0: 3 0x80009cfc (0x403cdb33) x22 0xfffff6bc
core   0: 0x80009d00 (0x00751013) slli    zero, a0, 7
core   0: 3 0x80009d00 (0x00751013)
core   0: 0x80009d04 (0x180e6e97) auipc   t4, 0x180e6
core   0: 3 0x80009d04 (0x180e6e97) x29 0x980efd04
core   0: 0x80009d08 (0xdccebd93) sltiu   s11, t4, -564
core   0: 3 0x80009d08 (0xdccebd93) x27 0x00000001
core   0: 0x80009d0c (0x01c9dab3) srl     s5, s3, t3
core   0: 3 0x80009d0c (0x01c9dab3) x21 0x00000000
core   0: 0x80009d10 (0x01bc9133) sll     sp, s9, s11
core   0: 3 0x80009d10 (0x01bc9133) x 2 0xf6bc0000
core   0: 0x80009d14 (0x41e30433) sub     s0, t1, t5
core   0: 3 0x80009d14 (0x41e30433) x 8 0xb84689c4
core   0: 0x80009d18 (0x00f23733) sltu    a4, tp, a5
core   0: 3 0x80009d18 (0x00f23733) x14 0x00000000
core   0: 0x80009d1c (0xe02d0093) addi    ra, s10, -510
core   0: 3 0x80009d1c (0xe02d0093) x 1 0xfffffe02
core   0: 0x80009d20 (0x01d686b3) add     a3, a3, t4
core   0: 3 0x80009d20 (0x01d686b3) x13 0x980efd04
core   0: 0x80009d24 (0x69940993) addi    s3, s0, 1689
core   0: 3 0x80009d24 (0x69940993) x19 0xb846905d
core   0: 0x80009d28 (0x62b68f37) lui     t5, 0x62b68
core   0: 3 0x80009d28 (0x62b68f37) x30 0x62b68000
core   0: 0x80009d2c (0x0155d913) srli    s2, a1, 21
core   0: 3 0x80009d2c (0x0155d913) x18 0x0000022b
core   0: 0x80009d30 (0x53460693) addi    a3, a2, 1332
core   0: 3 0x80009d30 (0x53460693) x13 0x00000162
core   0: 0x80009d34 (0x0126d313) srli    t1, a3, 18
core   0: 3 0x80009d34 (0x0126d313) x 6 0x00000000
core   0: 0x80009d38 (0x017dffb3) and     t6, s11, s7
core   0: 3 0x80009d38 (0x017dffb3) x31 0x00000001
core   0: 0x80009d3c (0x01f71833) sll     a6, a4, t6
core   0: 3 0x80009d3c (0x01f71833) x16 0x00000000
core   0: 0x80009d40 (0x000b0333) add     t1, s6, zero
core   0: 3 0x80009d40 (0x000b0333) x 6 0xfffff6bc
core   0: 0x80009d44 (0x40c35bb3) sra     s7, t1, a2
core   0: 3 0x80009d44 (0x40c35bb3) x23 0xffffffff
core   0: 0x80009d48 (0x010edf93) srli    t6, t4, 16
core   0: 3 0x80009d48 (0x010edf93) x31 0x0000980e
core   0: 0x80009d4c (0x00fc2333) slt     t1, s8, a5
core   0: 3 0x80009d4c (0x00fc2333) x 6 0x00000000
core   0: 0x80009d50 (0x41c109b3) sub     s3, sp, t3
core   0: 3 0x80009d50 (0x41c109b3) x19 0xf6bc0000
core   0: 0x80009d54 (0x00085713) srli    a4, a6, 0
core   0: 3 0x80009d54 (0x00085713) x14 0x00000000
core   0: 0x80009d58 (0x01501293) slli    t0, zero, 21
core   0: 3 0x80009d58 (0x01501293) x 5 0x00000000
core   0: 0x80009d5c (0x00c08c33) add     s8, ra, a2
core   0: 3 0x80009d5c (0x00c08c33) x24 0xfffffa30
core   0: 0x80009d60 (0x79910113) addi    sp, sp, 1945
core   0: 3 0x80009d60 (0x79910113) x 2 0xf6bc0799
core   0: 0x80009d64 (0x5f5bd137) lui     sp, 0x5f5bd
core   0: 3 0x80009d64 (0x5f5bd137) x 2 0x5f5bd000
core   0: 0x80009d68 (0x892ea513) slti    a0, t4, -1902
core   0: 3 0x80009d68 (0x892ea513) x10 0x00000001
core   0: 0x80009d6c (0x0093b633) sltu    a2, t2, s1
core   0: 3 0x80009d6c (0x0093b633) x12 0x00000001
core   0: 0x80009d70 (0x00000013) nop
core   0: 3 0x80009d70 (0x00000013)
core   0: 0x80009d74 (0x00be1a13) slli    s4, t3, 11
core   0: 3 0x80009d74 (0x00be1a13) x20 0x00000000
core   0: 0x80009d78 (0x4108dd93) srai    s11, a7, 16
core   0: 3 0x80009d78 (0x4108dd93) x27 0x00000000
core   0: 0x80009d7c (0x41058633) sub     a2, a1, a6
core   0: 3 0x80009d7c (0x41058633) x12 0x4574ee66
core   0: 0x80009d80 (0x00c90cb3) add     s9, s2, a2
core   0: 3 0x80009d80 (0x00c90cb3) x25 0x4574f091
core   0: 0x80009d84 (0xaa950d93) addi    s11, a0, -1367
core   0: 3 0x80009d84 (0xaa950d93) x27 0xfffffaaa
core   0: 0x80009d88 (0x0e47a313) slti    t1, a5, 228
core   0: 3 0x80009d88 (0x0e47a313) x 6 0x00000001
core   0: 0x80009d8c (0x2f85bd17) auipc   s10, 0x2f85b
core   0: 3 0x80009d8c (0x2f85bd17) x26 0xaf864d8c
core   0: 0x80009d90 (0x01ad9bb3) sll     s7, s11, s10
core   0: 3 0x80009d90 (0x01ad9bb3) x23 0xffaaa000
core   0: 0x80009d94 (0xce407597) auipc   a1, 0xce407
core   0: 3 0x80009d94 (0xce407597) x11 0x4e410d94
core   0: 0x80009d98 (0x018337b3) sltu    a5, t1, s8
core   0: 3 0x80009d98 (0x018337b3) x15 0x00000001
core   0: 0x80009d9c (0xe62f5417) auipc   s0, 0xe62f5
core   0: 3 0x80009d9c (0xe62f5417) x 8 0x662fed9c
core   0: 0x80009da0 (0x013c5bb3) srl     s7, s8, s3
core   0: 3 0x80009da0 (0x013c5bb3) x23 0xfffffa30
core   0: 0x80009da4 (0x008fccb3) xor     s9, t6, s0
core   0: 3 0x80009da4 (0x008fccb3) x25 0x662f7592
core   0: 0x80009da8 (0x614b7593) andi    a1, s6, 1556
core   0: 3 0x80009da8 (0x614b7593) x11 0x00000614
core   0: 0x80009dac (0x037dad93) slti    s11, s11, 55
core   0: 3 0x80009dac (0x037dad93) x27 0x00000001
core   0: 0x80009db0 (0x6b33a093) slti    ra, t2, 1715
core   0: 3 0x80009db0 (0x6b33a093) x 1 0x00000001
core   0: 0x80009db4 (0x010d9e93) slli    t4, s11, 16
core   0: 3 0x80009db4 (0x010d9e93) x29 0x00010000
core   0: 0x80009db8 (0x01271693) slli    a3, a4, 18
core   0: 3 0x80009db8 (0x01271693) x13 0x00000000
core   0: 0x80009dbc (0x00d9d833) srl     a6, s3, a3
core   0: 3 0x80009dbc (0x00d9d833) x16 0xf6bc0000
core   0: 0x80009dc0 (0x2187fa17) auipc   s4, 0x2187f
core   0: 3 0x80009dc0 (0x2187fa17) x20 0xa1888dc0
core   0: 0x80009dc4 (0x01421f13) slli    t5, tp, 20
core   0: 3 0x80009dc4 (0x01421f13) x30 0x17d00000
core   0: 0x80009dc8 (0x018f9b13) slli    s6, t6, 24
core   0: 3 0x80009dc8 (0x018f9b13) x22 0x0e000000
core   0: 0x80009dcc (0x01febc33) sltu    s8, t4, t6
core   0: 3 0x80009dcc (0x01febc33) x24 0x00000000
core   0: 0x80009dd0 (0x6e028993) addi    s3, t0, 1760
core   0: 3 0x80009dd0 (0x6e028993) x19 0x000006e0
core   0: 0x80009dd4 (0x86b0aeb7) lui     t4, 0x86b0a
core   0: 3 0x80009dd4 (0x86b0aeb7) x29 0x86b0a000
core   0: 0x80009dd8 (0x00d222b3) slt     t0, tp, a3
core   0: 3 0x80009dd8 (0x00d222b3) x 5 0x00000001
core   0: 0x80009ddc (0xece96793) ori     a5, s2, -306
core   0: 3 0x80009ddc (0xece96793) x15 0xfffffeef
core   0: 0x80009de0 (0x00000013) nop
core   0: 3 0x80009de0 (0x00000013)
core   0: 0x80009de4 (0x68478413) addi    s0, a5, 1668
core   0: 3 0x80009de4 (0x68478413) x 8 0x00000573
core   0: 0x80009de8 (0x96f6a913) slti    s2, a3, -1681
core   0: 3 0x80009de8 (0x96f6a913) x18 0x00000000
core   0: 0x80009dec (0x00000013) nop
core   0: 3 0x80009dec (0x00000013)
core   0: 0x80009df0 (0x0db52413) slti    s0, a0, 219
core   0: 3 0x80009df0 (0x0db52413) x 8 0x00000001
core   0: 0x80009df4 (0x40910733) sub     a4, sp, s1
core   0: 3 0x80009df4 (0x40910733) x14 0xdf5a731c
core   0: 0x80009df8 (0x01612533) slt     a0, sp, s6
core   0: 3 0x80009df8 (0x01612533) x10 0x00000000
core   0: 0x80009dfc (0x40d4bd13) sltiu   s10, s1, 1037
core   0: 3 0x80009dfc (0x40d4bd13) x26 0x00000000
core   0: 0x80009e00 (0x65d26c93) ori     s9, tp, 1629
core   0: 3 0x80009e00 (0x65d26c93) x25 0xfec3977d
core   0: 0x80009e04 (0x40bf52b3) sra     t0, t5, a1
core   0: 3 0x80009e04 (0x40bf52b3) x 5 0x0000017d
core   0: 0x80009e08 (0x4129d0b3) sra     ra, s3, s2
core   0: 3 0x80009e08 (0x4129d0b3) x 1 0x000006e0
core   0: 0x80009e0c (0xcabc8913) addi    s2, s9, -853
core   0: 3 0x80009e0c (0xcabc8913) x18 0xfec39428
core   0: 0x80009e10 (0x57e6b1b7) lui     gp, 0x57e6b
core   0: 3 0x80009e10 (0x57e6b1b7) x 3 0x57e6b000
core   0: 0x80009e14 (0x650f9c37) lui     s8, 0x650f9
core   0: 3 0x80009e14 (0x650f9c37) x24 0x650f9000
core   0: 0x80009e18 (0x018e47b3) xor     a5, t3, s8
core   0: 3 0x80009e18 (0x018e47b3) x15 0x650f9000
core   0: 0x80009e1c (0xcf72b113) sltiu   sp, t0, -777
core   0: 3 0x80009e1c (0xcf72b113) x 2 0x00000001
core   0: 0x80009e20 (0x01f94eb3) xor     t4, s2, t6
core   0: 3 0x80009e20 (0x01f94eb3) x29 0xfec30c26
core   0: 0x80009e24 (0x412b5693) srai    a3, s6, 18
core   0: 3 0x80009e24 (0x412b5693) x13 0x00000380
core   0: 0x80009e28 (0x92c85c97) auipc   s9, 0x92c85
core   0: 3 0x80009e28 (0x92c85c97) x25 0x12c8ee28
core   0: 0x80009e2c (0xa96d3993) sltiu   s3, s10, -1386
core   0: 3 0x80009e2c (0xa96d3993) x19 0x00000001
core   0: 0x80009e30 (0x4053d313) srai    t1, t2, 5
core   0: 3 0x80009e30 (0x4053d313) x 6 0xfc0008f3
core   0: 0x80009e34 (0xf535a013) slti    zero, a1, -173
core   0: 3 0x80009e34 (0xf535a013)
core   0: 0x80009e38 (0x41e586b3) sub     a3, a1, t5
core   0: 3 0x80009e38 (0x41e586b3) x13 0xe8300614
core   0: 0x80009e3c (0x155a6713) ori     a4, s4, 341
core   0: 3 0x80009e3c (0x155a6713) x14 0xa1888dd5
core   0: 0x80009e40 (0x01ca2833) slt     a6, s4, t3
core   0: 3 0x80009e40 (0x01ca2833) x16 0x00000001
core   0: 0x80009e44 (0xba5c0cb7) lui     s9, 0xba5c0
core   0: 3 0x80009e44 (0xba5c0cb7) x25 0xba5c0000
core   0: 0x80009e48 (0xcefb0e13) addi    t3, s6, -785
core   0: 3 0x80009e48 (0xcefb0e13) x28 0x0dfffcef
core   0: 0x80009e4c (0x008ff9b3) and     s3, t6, s0
core   0: 3 0x80009e4c (0x008ff9b3) x19 0x00000000
core   0: 0x80009e50 (0x011110b3) sll     ra, sp, a7
core   0: 3 0x80009e50 (0x011110b3) x 1 0x00000001
core   0: 0x80009e54 (0xac9eed13) ori     s10, t4, -1335
core   0: 3 0x80009e54 (0xac9eed13) x26 0xfffffeef
core   0: 0x80009e58 (0x409d5913) srai    s2, s10, 9
core   0: 3 0x80009e58 (0x409d5913) x18 0xffffffff
core   0: 0x80009e5c (0x8ba0e593) ori     a1, ra, -1862
core   0: 3 0x80009e5c (0x8ba0e593) x11 0xfffff8bb
core   0: 0x80009e60 (0x01297833) and     a6, s2, s2
core   0: 3 0x80009e60 (0x01297833) x16 0xffffffff
core   0: 0x80009e64 (0xeb782c93) slti    s9, a6, -329
core   0: 3 0x80009e64 (0xeb782c93) x25 0x00000000
core   0: 0x80009e68 (0xf76ab113) sltiu   sp, s5, -138
core   0: 3 0x80009e68 (0xf76ab113) x 2 0x00000001
core   0: 0x80009e6c (0x01310a93) addi    s5, sp, 19
core   0: 3 0x80009e6c (0x01310a93) x21 0x00000014
core   0: 0x80009e70 (0x9fa70a93) addi    s5, a4, -1542
core   0: 3 0x80009e70 (0x9fa70a93) x21 0xa18887cf
core   0: 0x80009e74 (0x00345633) srl     a2, s0, gp
core   0: 3 0x80009e74 (0x00345633) x12 0x00000001
core   0: 0x80009e78 (0x9ef41a17) auipc   s4, 0x9ef41
core   0: 3 0x80009e78 (0x9ef41a17) x20 0x1ef4ae78
core   0: 0x80009e7c (0x7c76fc93) andi    s9, a3, 1991
core   0: 3 0x80009e7c (0x7c76fc93) x25 0x00000604
core   0: 0x80009e80 (0x410d5433) sra     s0, s10, a6
core   0: 3 0x80009e80 (0x410d5433) x 8 0xffffffff
core   0: 0x80009e84 (0x496e2113) slti    sp, t3, 1174
core   0: 3 0x80009e84 (0x496e2113) x 2 0x00000000
core   0: 0x80009e88 (0x41e0d533) sra     a0, ra, t5
core   0: 3 0x80009e88 (0x41e0d533) x10 0x00000001
core   0: 0x80009e8c (0x01c11bb3) sll     s7, sp, t3
core   0: 3 0x80009e8c (0x01c11bb3) x23 0x00000000
core   0: 0x80009e90 (0x405d0733) sub     a4, s10, t0
core   0: 3 0x80009e90 (0x405d0733) x14 0xfffffd72
core   0: 0x80009e94 (0xec476913) ori     s2, a4, -316
core   0: 3 0x80009e94 (0xec476913) x18 0xfffffff6
core   0: 0x80009e98 (0x3a276613) ori     a2, a4, 930
core   0: 3 0x80009e98 (0x3a276613) x12 0xfffffff2
core   0: 0x80009e9c (0x01fe2bb3) slt     s7, t3, t6
core   0: 3 0x80009e9c (0x01fe2bb3) x23 0x00000000
core   0: 0x80009ea0 (0x8d6a7293) andi    t0, s4, -1834
core   0: 3 0x80009ea0 (0x8d6a7293) x 5 0x1ef4a850
core   0: 0x80009ea4 (0x897270b7) lui     ra, 0x89727
core   0: 3 0x80009ea4 (0x897270b7) x 1 0x89727000
core   0: 0x80009ea8 (0x416bdf33) sra     t5, s7, s6
core   0: 3 0x80009ea8 (0x416bdf33) x30 0x00000000
core   0: 0x80009eac (0x008eb033) sltu    zero, t4, s0
core   0: 3 0x80009eac (0x008eb033)
core   0: 0x80009eb0 (0x128aff13) andi    t5, s5, 296
core   0: 3 0x80009eb0 (0x128aff13) x30 0x00000108
core   0: 0x80009eb4 (0xb1b70e13) addi    t3, a4, -1253
core   0: 3 0x80009eb4 (0xb1b70e13) x28 0xfffff88d
core   0: 0x80009eb8 (0x00000013) nop
core   0: 3 0x80009eb8 (0x00000013)
core   0: 0x80009ebc (0x00c48fb3) add     t6, s1, a2
core   0: 3 0x80009ebc (0x00c48fb3) x31 0x80015cd6
core   0: 0x80009ec0 (0x00bdb8b3) sltu    a7, s11, a1
core   0: 3 0x80009ec0 (0x00bdb8b3) x17 0x00000001
core   0: 0x80009ec4 (0x78686697) auipc   a3, 0x78686
core   0: 3 0x80009ec4 (0x78686697) x13 0xf868fec4
core   0: 0x80009ec8 (0x41345913) srai    s2, s0, 19
core   0: 3 0x80009ec8 (0x41345913) x18 0xffffffff
core   0: 0x80009ecc (0x590a7413) andi    s0, s4, 1424
core   0: 3 0x80009ecc (0x590a7413) x 8 0x00000410
core   0: 0x80009ed0 (0x013aadb3) slt     s11, s5, s3
core   0: 3 0x80009ed0 (0x013aadb3) x27 0x00000001
core   0: 0x80009ed4 (0x412f5793) srai    a5, t5, 18
core   0: 3 0x80009ed4 (0x412f5793) x15 0x00000000
core   0: 0x80009ed8 (0x017fabb3) slt     s7, t6, s7
core   0: 3 0x80009ed8 (0x017fabb3) x23 0x00000001
core   0: 0x80009edc (0x61e9d917) auipc   s2, 0x61e9d
core   0: 3 0x80009edc (0x61e9d917) x18 0xe1ea6edc
core   0: 0x80009ee0 (0x00a39733) sll     a4, t2, a0
core   0: 3 0x80009ee0 (0x00a39733) x14 0x00023cc8
core   0: 0x80009ee4 (0x01da2433) slt     s0, s4, t4
core   0: 3 0x80009ee4 (0x01da2433) x 8 0x00000000
core   0: 0x80009ee8 (0x01f25413) srli    s0, tp, 31
core   0: 3 0x80009ee8 (0x01f25413) x 8 0x00000001
core   0: 0x80009eec (0x61b6be93) sltiu   t4, a3, 1563
core   0: 3 0x80009eec (0x61b6be93) x29 0x00000000
core   0: 0x80009ef0 (0x007a11b3) sll     gp, s4, t2
core   0: 3 0x80009ef0 (0x007a11b3) x 3 0xef4ae780
core   0: 0x80009ef4 (0x9636c097) auipc   ra, 0x9636c
core   0: 3 0x80009ef4 (0x9636c097) x 1 0x16375ef4
core   0: 0x80009ef8 (0x00d39813) slli    a6, t2, 13
core   0: 3 0x80009ef8 (0x00d39813) x16 0x23cc8000
core   0: 0x80009efc (0x416e5913) srai    s2, t3, 22
core   0: 3 0x80009efc (0x416e5913) x18 0xffffffff
core   0: 0x80009f00 (0x01297db3) and     s11, s2, s2
core   0: 3 0x80009f00 (0x01297db3) x27 0xffffffff
core   0: 0x80009f04 (0x0175deb3) srl     t4, a1, s7
core   0: 3 0x80009f04 (0x0175deb3) x29 0x7ffffc5d
core   0: 0x80009f08 (0x00bc5033) srl     zero, s8, a1
core   0: 3 0x80009f08 (0x00bc5033)
core   0: 0x80009f0c (0x00b6e2b3) or      t0, a3, a1
core   0: 3 0x80009f0c (0x00b6e2b3) x 5 0xfffffeff
core   0: 0x80009f10 (0x9a94e613) ori     a2, s1, -1623
core   0: 3 0x80009f10 (0x9a94e613) x12 0xfffffded
core   0: 0x80009f14 (0x62f7a093) slti    ra, a5, 1583
core   0: 3 0x80009f14 (0x62f7a093) x 1 0x00000001
core   0: 0x80009f18 (0x3b0dcd13) xori    s10, s11, 944
core   0: 3 0x80009f18 (0x3b0dcd13) x26 0xfffffc4f
core   0: 0x80009f1c (0x010f4133) xor     sp, t5, a6
core   0: 3 0x80009f1c (0x010f4133) x 2 0x23cc8108
core   0: 0x80009f20 (0x004a3d33) sltu    s10, s4, tp
core   0: 3 0x80009f20 (0x004a3d33) x26 0x00000001
core   0: 0x80009f24 (0xdd33e993) ori     s3, t2, -557
core   0: 3 0x80009f24 (0xdd33e993) x19 0xfffffff7
core   0: 0x80009f28 (0x0105d6b3) srl     a3, a1, a6
core   0: 3 0x80009f28 (0x0105d6b3) x13 0xfffff8bb
core   0: 0x80009f2c (0x00000013) nop
core   0: 3 0x80009f2c (0x00000013)
core   0: 0x80009f30 (0x405681b3) sub     gp, a3, t0
core   0: 3 0x80009f30 (0x405681b3) x 3 0xfffff9bc
core   0: 0x80009f34 (0x412d0c33) sub     s8, s10, s2
core   0: 3 0x80009f34 (0x412d0c33) x24 0x00000002
core   0: 0x80009f38 (0x411e02b3) sub     t0, t3, a7
core   0: 3 0x80009f38 (0x411e02b3) x 5 0xfffff88c
core   0: 0x80009f3c (0xa993e793) ori     a5, t2, -1383
core   0: 3 0x80009f3c (0xa993e793) x15 0xfffffefd
core   0: 0x80009f40 (0x01c91813) slli    a6, s2, 28
core   0: 3 0x80009f40 (0x01c91813) x16 0xf0000000
core   0: 0x80009f44 (0x4c610a93) addi    s5, sp, 1222
core   0: 3 0x80009f44 (0x4c610a93) x21 0x23cc85ce
core   0: 0x80009f48 (0x00978fb3) add     t6, a5, s1
core   0: 3 0x80009f48 (0x00978fb3) x31 0x80015be1
core   0: 0x80009f4c (0x00043733) sltu    a4, s0, zero
core   0: 3 0x80009f4c (0x00043733) x14 0x00000000
core   0: 0x80009f50 (0x64553993) sltiu   s3, a0, 1605
core   0: 3 0x80009f50 (0x64553993) x19 0x00000001
core   0: 0x80009f54 (0xea4c8e93) addi    t4, s9, -348
core   0: 3 0x80009f54 (0xea4c8e93) x29 0x000004a8
core   0: 0x80009f58 (0x4bb20093) addi    ra, tp, 1211
core   0: 3 0x80009f58 (0x4bb20093) x 1 0xfec39638
core   0: 0x80009f5c (0x00bf1313) slli    t1, t5, 11
core   0: 3 0x80009f5c (0x00bf1313) x 6 0x00084000
core   0: 0x80009f60 (0xd4bab813) sltiu   a6, s5, -693
core   0: 3 0x80009f60 (0xd4bab813) x16 0x00000001
core   0: 0x80009f64 (0xc504e513) ori     a0, s1, -944
core   0: 3 0x80009f64 (0xc504e513) x10 0xfffffcf4
core   0: 0x80009f68 (0x8fc48c93) addi    s9, s1, -1796
core   0: 3 0x80009f68 (0x8fc48c93) x25 0x800155e0
core   0: 0x80009f6c (0x41c3d993) srai    s3, t2, 28
core   0: 3 0x80009f6c (0x41c3d993) x19 0xfffffff8
core   0: 0x80009f70 (0x9fc9e893) ori     a7, s3, -1540
core   0: 3 0x80009f70 (0x9fc9e893) x17 0xfffffffc
core   0: 0x80009f74 (0xc35aa313) slti    t1, s5, -971
core   0: 3 0x80009f74 (0xc35aa313) x 6 0x00000000
core   0: 0x80009f78 (0x39f46f13) ori     t5, s0, 927
core   0: 3 0x80009f78 (0x39f46f13) x30 0x0000039f
core   0: 0x80009f7c (0x009c8033) add     zero, s9, s1
core   0: 3 0x80009f7c (0x009c8033)
core   0: 0x80009f80 (0x31120f93) addi    t6, tp, 785
core   0: 3 0x80009f80 (0x31120f93) x31 0xfec3948e
core   0: 0x80009f84 (0x01f806b3) add     a3, a6, t6
core   0: 3 0x80009f84 (0x01f806b3) x13 0xfec3948f
core   0: 0x80009f88 (0x112a2a93) slti    s5, s4, 274
core   0: 3 0x80009f88 (0x112a2a93) x21 0x00000000
core   0: 0x80009f8c (0x00000013) nop
core   0: 3 0x80009f8c (0x00000013)
core   0: 0x80009f90 (0xd175c913) xori    s2, a1, -745
core   0: 3 0x80009f90 (0xd175c913) x18 0x000005ac
core   0: 0x80009f94 (0x00733333) sltu    t1, t1, t2
core   0: 3 0x80009f94 (0x00733333) x 6 0x00000001
core   0: 0x80009f98 (0x403e5e93) srai    t4, t3, 3
core   0: 3 0x80009f98 (0x403e5e93) x29 0xffffff11
core   0: 0x80009f9c (0x00865713) srli    a4, a2, 8
core   0: 3 0x80009f9c (0x00865713) x14 0x00fffffd
core   0: 0x80009fa0 (0x015ce333) or      t1, s9, s5
core   0: 3 0x80009fa0 (0x015ce333) x 6 0x800155e0
core   0: 0x80009fa4 (0x01e25193) srli    gp, tp, 30
core   0: 3 0x80009fa4 (0x01e25193) x 3 0x00000003
core   0: 0x80009fa8 (0x01ade433) or      s0, s11, s10
core   0: 3 0x80009fa8 (0x01ade433) x 8 0xffffffff
core   0: 0x80009fac (0x005bcc33) xor     s8, s7, t0
core   0: 3 0x80009fac (0x005bcc33) x24 0xfffff88d
core   0: 0x80009fb0 (0x00e62933) slt     s2, a2, a4
core   0: 3 0x80009fb0 (0x00e62933) x18 0x00000001
core   0: 0x80009fb4 (0x829e7193) andi    gp, t3, -2007
core   0: 3 0x80009fb4 (0x829e7193) x 3 0xfffff809
core   0: 0x80009fb8 (0x012d7533) and     a0, s10, s2
core   0: 3 0x80009fb8 (0x012d7533) x10 0x00000001
core   0: 0x80009fbc (0x0193de33) srl     t3, t2, s9
core   0: 3 0x80009fbc (0x0193de33) x28 0x80011e64
core   0: 0x80009fc0 (0x2fb45c37) lui     s8, 0x2fb45
core   0: 3 0x80009fc0 (0x2fb45c37) x24 0x2fb45000
core   0: 0x80009fc4 (0x0159a533) slt     a0, s3, s5
core   0: 3 0x80009fc4 (0x0159a533) x10 0x00000001
core   0: 0x80009fc8 (0x00561713) slli    a4, a2, 5
core   0: 3 0x80009fc8 (0x00561713) x14 0xffffbda0
core   0: 0x80009fcc (0xe9a40193) addi    gp, s0, -358
core   0: 3 0x80009fcc (0xe9a40193) x 3 0xfffffe99
core   0: 0x80009fd0 (0x01993033) sltu    zero, s2, s9
core   0: 3 0x80009fd0 (0x01993033)
core   0: 0x80009fd4 (0x1e7b4917) auipc   s2, 0x1e7b4
core   0: 3 0x80009fd4 (0x1e7b4917) x18 0x9e7bdfd4
core   0: 0x80009fd8 (0x0025bdb3) sltu    s11, a1, sp
core   0: 3 0x80009fd8 (0x0025bdb3) x27 0x00000000
core   0: 0x80009fdc (0x01510033) add     zero, sp, s5
core   0: 3 0x80009fdc (0x01510033)
core   0: 0x80009fe0 (0x40c50333) sub     t1, a0, a2
core   0: 3 0x80009fe0 (0x40c50333) x 6 0x00000214
core   0: 0x80009fe4 (0x2cc35597) auipc   a1, 0x2cc35
core   0: 3 0x80009fe4 (0x2cc35597) x11 0xacc3efe4
core   0: 0x80009fe8 (0x41fe0333) sub     t1, t3, t6
core   0: 3 0x80009fe8 (0x41fe0333) x 6 0x813d89d6
core   0: 0x80009fec (0xb09a2193) slti    gp, s4, -1271
core   0: 3 0x80009fec (0xb09a2193) x 3 0x00000000
core   0: 0x80009ff0 (0x00000013) nop
core   0: 3 0x80009ff0 (0x00000013)
core   0: 0x80009ff4 (0x41eb8cb3) sub     s9, s7, t5
core   0: 3 0x80009ff4 (0x41eb8cb3) x25 0xfffffc62
core   0: 0x80009ff8 (0x0050fe33) and     t3, ra, t0
core   0: 3 0x80009ff8 (0x0050fe33) x28 0xfec39008
core   0: 0x80009ffc (0x53912093) slti    ra, sp, 1337
core   0: 3 0x80009ffc (0x53912093) x 1 0x00000000
core   0: 0x8000a000 (0x00607ab3) and     s5, zero, t1
core   0: 3 0x8000a000 (0x00607ab3) x21 0x00000000
core   0: 0x8000a004 (0x00a7e6b3) or      a3, a5, a0
core   0: 3 0x8000a004 (0x00a7e6b3) x13 0xfffffefd
core   0: 0x8000a008 (0x01125813) srli    a6, tp, 17
core   0: 3 0x8000a008 (0x01125813) x16 0x00007f61
core   0: 0x8000a00c (0x01a3b033) sltu    zero, t2, s10
core   0: 3 0x8000a00c (0x01a3b033)
core   0: 0x8000a010 (0x01f41593) slli    a1, s0, 31
core   0: 3 0x8000a010 (0x01f41593) x11 0x80000000
core   0: 0x8000a014 (0x7a014a17) auipc   s4, 0x7a014
core   0: 3 0x8000a014 (0x7a014a17) x20 0xfa01e014
core   0: 0x8000a018 (0x401ad1b3) sra     gp, s5, ra
core   0: 3 0x8000a018 (0x401ad1b3) x 3 0x00000000
core   0: 0x8000a01c (0x004fdbb3) srl     s7, t6, tp
core   0: 3 0x8000a01c (0x004fdbb3) x23 0x00000007
core   0: 0x8000a020 (0x00bf5b33) srl     s6, t5, a1
core   0: 3 0x8000a020 (0x00bf5b33) x22 0x0000039f
core   0: 0x8000a024 (0x419c5db3) sra     s11, s8, s9
core   0: 3 0x8000a024 (0x419c5db3) x27 0x0bed1400
core   0: 0x8000a028 (0x407ad933) sra     s2, s5, t2
core   0: 3 0x8000a028 (0x407ad933) x18 0x00000000
core   0: 0x8000a02c (0x41e88733) sub     a4, a7, t5
core   0: 3 0x8000a02c (0x41e88733) x14 0xfffffc5d
core   0: 0x8000a030 (0x65caa993) slti    s3, s5, 1628
core   0: 3 0x8000a030 (0x65caa993) x19 0x00000001
core   0: 0x8000a034 (0x40ad05b3) sub     a1, s10, a0
core   0: 3 0x8000a034 (0x40ad05b3) x11 0x00000000
core   0: 0x8000a038 (0x00899013) slli    zero, s3, 8
core   0: 3 0x8000a038 (0x00899013)
core   0: 0x8000a03c (0x41d5d413) srai    s0, a1, 29
core   0: 3 0x8000a03c (0x41d5d413) x 8 0x00000000
core   0: 0x8000a040 (0xdde06093) ori     ra, zero, -546
core   0: 3 0x8000a040 (0xdde06093) x 1 0xfffffdde
core   0: 0x8000a044 (0x41d68a33) sub     s4, a3, t4
core   0: 3 0x8000a044 (0x41d68a33) x20 0xffffffec
core   0: 0x8000a048 (0x00b64bb3) xor     s7, a2, a1
core   0: 3 0x8000a048 (0x00b64bb3) x23 0xfffffded
core   0: 0x8000a04c (0x84953313) sltiu   t1, a0, -1975
core   0: 3 0x8000a04c (0x84953313) x 6 0x00000001
core   0: 0x8000a050 (0x4000d733) sra     a4, ra, zero
core   0: 3 0x8000a050 (0x4000d733) x14 0xfffffdde
core   0: 0x8000a054 (0x01331633) sll     a2, t1, s3
core   0: 3 0x8000a054 (0x01331633) x12 0x00000002
core   0: 0x8000a058 (0x00f3eab3) or      s5, t2, a5
core   0: 3 0x8000a058 (0x00f3eab3) x21 0xfffffefd
core   0: 0x8000a05c (0x37e1bb13) sltiu   s6, gp, 894
core   0: 3 0x8000a05c (0x37e1bb13) x22 0x00000001
core   0: 0x8000a060 (0x01778db3) add     s11, a5, s7
core   0: 3 0x8000a060 (0x01778db3) x27 0xfffffcea
core   0: 0x8000a064 (0x78a0d8b7) lui     a7, 0x78a0d
core   0: 3 0x8000a064 (0x78a0d8b7) x17 0x78a0d000
core   0: 0x8000a068 (0x00a2a833) slt     a6, t0, a0
core   0: 3 0x8000a068 (0x00a2a833) x16 0x00000001
core   0: 0x8000a06c (0x1a397b13) andi    s6, s2, 419
core   0: 3 0x8000a06c (0x1a397b13) x22 0x00000000
core   0: 0x8000a070 (0x00741bb3) sll     s7, s0, t2
core   0: 3 0x8000a070 (0x00741bb3) x23 0x00000000
core   0: 0x8000a074 (0x2885b793) sltiu   a5, a1, 648
core   0: 3 0x8000a074 (0x2885b793) x15 0x00000001
core   0: 0x8000a078 (0x6070f597) auipc   a1, 0x6070f
core   0: 3 0x8000a078 (0x6070f597) x11 0xe0719078
core   0: 0x8000a07c (0x658c4f93) xori    t6, s8, 1624
core   0: 3 0x8000a07c (0x658c4f93) x31 0x2fb45658
core   0: 0x8000a080 (0x011b8833) add     a6, s7, a7
core   0: 3 0x8000a080 (0x011b8833) x16 0x78a0d000
core   0: 0x8000a084 (0x00000013) nop
core   0: 3 0x8000a084 (0x00000013)
core   0: 0x8000a088 (0x01265d33) srl     s10, a2, s2
core   0: 3 0x8000a088 (0x01265d33) x26 0x00000002
core   0: 0x8000a08c (0x4045a593) slti    a1, a1, 1028
core   0: 3 0x8000a08c (0x4045a593) x11 0x00000001
core   0: 0x8000a090 (0x0095e133) or      sp, a1, s1
core   0: 3 0x8000a090 (0x0095e133) x 2 0x80015ce5
core   0: 0x8000a094 (0x10526313) ori     t1, tp, 261
core   0: 3 0x8000a094 (0x10526313) x 6 0xfec3917d
core   0: 0x8000a098 (0x00000013) nop
core   0: 3 0x8000a098 (0x00000013)
core   0: 0x8000a09c (0x01383433) sltu    s0, a6, s3
core   0: 3 0x8000a09c (0x01383433) x 8 0x00000000
core   0: 0x8000a0a0 (0x0070a693) slti    a3, ra, 7
core   0: 3 0x8000a0a0 (0x0070a693) x13 0x00000001
core   0: 0x8000a0a4 (0x923a9f37) lui     t5, 0x923a9
core   0: 3 0x8000a0a4 (0x923a9f37) x30 0x923a9000
core   0: 0x8000a0a8 (0x6a683e13) sltiu   t3, a6, 1702
core   0: 3 0x8000a0a8 (0x6a683e13) x28 0x00000000
core   0: 0x8000a0ac (0x000c85b3) add     a1, s9, zero
core   0: 3 0x8000a0ac (0x000c85b3) x11 0xfffffc62
core   0: 0x8000a0b0 (0x5c318993) addi    s3, gp, 1475
core   0: 3 0x8000a0b0 (0x5c318993) x19 0x000005c3
core   0: 0x8000a0b4 (0x0150ddb3) srl     s11, ra, s5
core   0: 3 0x8000a0b4 (0x0150ddb3) x27 0x00000007
core   0: 0x8000a0b8 (0xfd0bc613) xori    a2, s7, -48
core   0: 3 0x8000a0b8 (0xfd0bc613) x12 0xffffffd0
core   0: 0x8000a0bc (0x7d659097) auipc   ra, 0x7d659
core   0: 3 0x8000a0bc (0x7d659097) x 1 0xfd6630bc
core   0: 0x8000a0c0 (0xea664713) xori    a4, a2, -346
core   0: 3 0x8000a0c0 (0xea664713) x14 0x00000176
core   0: 0x8000a0c4 (0x9425fc93) andi    s9, a1, -1726
core   0: 3 0x8000a0c4 (0x9425fc93) x25 0xfffff842
core   0: 0x8000a0c8 (0xe663f613) andi    a2, t2, -410
core   0: 3 0x8000a0c8 (0xe663f613) x12 0x80011e64
core   0: 0x8000a0cc (0x00000013) nop
core   0: 3 0x8000a0cc (0x00000013)
core   0: 0x8000a0d0 (0x00000013) nop
core   0: 3 0x8000a0d0 (0x00000013)
core   0: 0x8000a0d4 (0x00000013) nop
core   0: 3 0x8000a0d4 (0x00000013)
core   0: 0x8000a0d8 (0x0b95bcb7) lui     s9, 0xb95b
core   0: 3 0x8000a0d8 (0x0b95bcb7) x25 0x0b95b000
core   0: 0x8000a0dc (0x01065f93) srli    t6, a2, 16
core   0: 3 0x8000a0dc (0x01065f93) x31 0x00008001
core   0: 0x8000a0e0 (0x56024813) xori    a6, tp, 1376
core   0: 3 0x8000a0e0 (0x56024813) x16 0xfec3941d
core   0: 0x8000a0e4 (0x4064d8b3) sra     a7, s1, t1
core   0: 3 0x8000a0e4 (0x4064d8b3) x17 0xfffffffc
core   0: 0x8000a0e8 (0x0029bc33) sltu    s8, s3, sp
core   0: 3 0x8000a0e8 (0x0029bc33) x24 0x00000001
core   0: 0x8000a0ec (0x01964d33) xor     s10, a2, s9
core   0: 3 0x8000a0ec (0x01964d33) x26 0x8b94ae64
core   0: 0x8000a0f0 (0x005edd33) srl     s10, t4, t0
core   0: 3 0x8000a0f0 (0x005edd33) x26 0x000fffff
core   0: 0x8000a0f4 (0xf6176513) ori     a0, a4, -159
core   0: 3 0x8000a0f4 (0xf6176513) x10 0xffffff77
core   0: 0x8000a0f8 (0x01165e13) srli    t3, a2, 17
core   0: 3 0x8000a0f8 (0x01165e13) x28 0x00004000
core   0: 0x8000a0fc (0x01327333) and     t1, tp, s3
core   0: 3 0x8000a0fc (0x01327333) x 6 0x00000141
core   0: 0x8000a100 (0x013481b3) add     gp, s1, s3
core   0: 3 0x8000a100 (0x013481b3) x 3 0x800162a7
core   0: 0x8000a104 (0x0031d133) srl     sp, gp, gp
core   0: 3 0x8000a104 (0x0031d133) x 2 0x010002c5
core   0: 0x8000a108 (0x00d17fb3) and     t6, sp, a3
core   0: 3 0x8000a108 (0x00d17fb3) x31 0x00000001
core   0: 0x8000a10c (0x40c05cb3) sra     s9, zero, a2
core   0: 3 0x8000a10c (0x40c05cb3) x25 0x00000000
core   0: 0x8000a110 (0xd7959bb7) lui     s7, 0xd7959
core   0: 3 0x8000a110 (0xd7959bb7) x23 0xd7959000
core   0: 0x8000a114 (0x96a43f93) sltiu   t6, s0, -1686
core   0: 3 0x8000a114 (0x96a43f93) x31 0x00000001
core   0: 0x8000a118 (0x40ea5013) srai    zero, s4, 14
core   0: 3 0x8000a118 (0x40ea5013)
core   0: 0x8000a11c (0x1b8c4f93) xori    t6, s8, 440
core   0: 3 0x8000a11c (0x1b8c4f93) x31 0x000001b9
core   0: 0x8000a120 (0x0192dc33) srl     s8, t0, s9
core   0: 3 0x8000a120 (0x0192dc33) x24 0xfffff88c
core   0: 0x8000a124 (0x01f1b733) sltu    a4, gp, t6
core   0: 3 0x8000a124 (0x01f1b733) x14 0x00000000
core   0: 0x8000a128 (0x81c26193) ori     gp, tp, -2020
core   0: 3 0x8000a128 (0x81c26193) x 3 0xfffff97d
core   0: 0x8000a12c (0x0147b333) sltu    t1, a5, s4
core   0: 3 0x8000a12c (0x0147b333) x 6 0x00000001
core   0: 0x8000a130 (0x01d95cb3) srl     s9, s2, t4
core   0: 3 0x8000a130 (0x01d95cb3) x25 0x00000000
core   0: 0x8000a134 (0x40dc5613) srai    a2, s8, 13
core   0: 3 0x8000a134 (0x40dc5613) x12 0xffffffff
core   0: 0x8000a138 (0x405f5f13) srai    t5, t5, 5
core   0: 3 0x8000a138 (0x405f5f13) x30 0xfc91d480
core   0: 0x8000a13c (0x015f46b3) xor     a3, t5, s5
core   0: 3 0x8000a13c (0x015f46b3) x13 0x036e2a7d
core   0: 0x8000a140 (0xa2da8637) lui     a2, 0xa2da8
core   0: 3 0x8000a140 (0xa2da8637) x12 0xa2da8000
core   0: 0x8000a144 (0x83955337) lui     t1, 0x83955
core   0: 3 0x8000a144 (0x83955337) x 6 0x83955000
core   0: 0x8000a148 (0x533bd917) auipc   s2, 0x533bd
core   0: 3 0x8000a148 (0x533bd917) x18 0xd33c7148
core   0: 0x8000a14c (0x00f56833) or      a6, a0, a5
core   0: 3 0x8000a14c (0x00f56833) x16 0xffffff77
core   0: 0x8000a150 (0x178a7793) andi    a5, s4, 376
core   0: 3 0x8000a150 (0x178a7793) x15 0x00000168
core   0: 0x8000a154 (0xe2cc8793) addi    a5, s9, -468
core   0: 3 0x8000a154 (0xe2cc8793) x15 0xfffffe2c
core   0: 0x8000a158 (0x0172f533) and     a0, t0, s7
core   0: 3 0x8000a158 (0x0172f533) x10 0xd7959000
core   0: 0x8000a15c (0x0ec3b7b7) lui     a5, 0xec3b
core   0: 3 0x8000a15c (0x0ec3b7b7) x15 0x0ec3b000
core   0: 0x8000a160 (0x0044f6b3) and     a3, s1, tp
core   0: 3 0x8000a160 (0x0044f6b3) x13 0x80011064
core   0: 0x8000a164 (0x01018733) add     a4, gp, a6
core   0: 3 0x8000a164 (0x01018733) x14 0xfffff8f4
core   0: 0x8000a168 (0x017fecb3) or      s9, t6, s7
core   0: 3 0x8000a168 (0x017fecb3) x25 0xd79591b9
core   0: 0x8000a16c (0x41a45293) srai    t0, s0, 26
core   0: 3 0x8000a16c (0x41a45293) x 5 0x00000000
core   0: 0x8000a170 (0x01747a33) and     s4, s0, s7
core   0: 3 0x8000a170 (0x01747a33) x20 0x00000000
core   0: 0x8000a174 (0x00bc9293) slli    t0, s9, 11
core   0: 3 0x8000a174 (0x00bc9293) x 5 0xac8dc800
core   0: 0x8000a178 (0x01ec77b3) and     a5, s8, t5
core   0: 3 0x8000a178 (0x01ec77b3) x15 0xfc91d080
core   0: 0x8000a17c (0x012242b3) xor     t0, tp, s2
core   0: 3 0x8000a17c (0x012242b3) x 5 0x2dffe035
core   0: 0x8000a180 (0x5a8dca13) xori    s4, s11, 1448
core   0: 3 0x8000a180 (0x5a8dca13) x20 0x000005af
core   0: 0x8000a184 (0xdd170e13) addi    t3, a4, -559
core   0: 3 0x8000a184 (0xdd170e13) x28 0xfffff6c5
core   0: 0x8000a188 (0x014e4533) xor     a0, t3, s4
core   0: 3 0x8000a188 (0x014e4533) x10 0xfffff36a
core   0: 0x8000a18c (0x23471517) auipc   a0, 0x23471
core   0: 3 0x8000a18c (0x23471517) x10 0xa347b18c
core   0: 0x8000a190 (0x000817b3) sll     a5, a6, zero
core   0: 3 0x8000a190 (0x000817b3) x15 0xffffff77
core   0: 0x8000a194 (0x00000013) nop
core   0: 3 0x8000a194 (0x00000013)
core   0: 0x8000a198 (0x1cac7893) andi    a7, s8, 458
core   0: 3 0x8000a198 (0x1cac7893) x17 0x00000088
core   0: 0x8000a19c (0x00bd4433) xor     s0, s10, a1
core   0: 3 0x8000a19c (0x00bd4433) x 8 0xfff0039d
core   0: 0x8000a1a0 (0x01ff9313) slli    t1, t6, 31
core   0: 3 0x8000a1a0 (0x01ff9313) x 6 0x80000000
core   0: 0x8000a1a4 (0x0178f9b3) and     s3, a7, s7
core   0: 3 0x8000a1a4 (0x0178f9b3) x19 0x00000000
core   0: 0x8000a1a8 (0x01041733) sll     a4, s0, a6
core   0: 3 0x8000a1a8 (0x01041733) x14 0xce800000
core   0: 0x8000a1ac (0x415156b3) sra     a3, sp, s5
core   0: 3 0x8000a1ac (0x415156b3) x13 0x00000000
core   0: 0x8000a1b0 (0x8988dc97) auipc   s9, 0x8988d
core   0: 3 0x8000a1b0 (0x8988dc97) x25 0x098971b0
core   0: 0x8000a1b4 (0x01045f33) srl     t5, s0, a6
core   0: 3 0x8000a1b4 (0x01045f33) x30 0x000001ff
core   0: 0x8000a1b8 (0x41105ab3) sra     s5, zero, a7
core   0: 3 0x8000a1b8 (0x41105ab3) x21 0x00000000
core   0: 0x8000a1bc (0x41aed1b3) sra     gp, t4, s10
core   0: 3 0x8000a1bc (0x41aed1b3) x 3 0xffffffff
core   0: 0x8000a1c0 (0x006eceb3) xor     t4, t4, t1
core   0: 3 0x8000a1c0 (0x006eceb3) x29 0x7fffff11
core   0: 0x8000a1c4 (0x41f5d133) sra     sp, a1, t6
core   0: 3 0x8000a1c4 (0x41f5d133) x 2 0xffffffff
core   0: 0x8000a1c8 (0x00000013) nop
core   0: 3 0x8000a1c8 (0x00000013)
core   0: 0x8000a1cc (0x00645b33) srl     s6, s0, t1
core   0: 3 0x8000a1cc (0x00645b33) x22 0xfff0039d
core   0: 0x8000a1d0 (0x9dfaf197) auipc   gp, 0x9dfaf
core   0: 3 0x8000a1d0 (0x9dfaf197) x 3 0x1dfb91d0
core   0: 0x8000a1d4 (0x00135893) srli    a7, t1, 1
core   0: 3 0x8000a1d4 (0x00135893) x17 0x40000000
core   0: 0x8000a1d8 (0x00c6a733) slt     a4, a3, a2
core   0: 3 0x8000a1d8 (0x00c6a733) x14 0x00000000
core   0: 0x8000a1dc (0xca344337) lui     t1, 0xca344
core   0: 3 0x8000a1dc (0xca344337) x 6 0xca344000
core   0: 0x8000a1e0 (0x4114d5b3) sra     a1, s1, a7
core   0: 3 0x8000a1e0 (0x4114d5b3) x11 0x80015ce4
core   0: 0x8000a1e4 (0x00c92d33) slt     s10, s2, a2
core   0: 3 0x8000a1e4 (0x00c92d33) x26 0x00000000
core   0: 0x8000a1e8 (0x01e41f33) sll     t5, s0, t5
core   0: 3 0x8000a1e8 (0x01e41f33) x30 0x80000000
core   0: 0x8000a1ec (0x00000013) nop
core   0: 3 0x8000a1ec (0x00000013)
core   0: 0x8000a1f0 (0x579f0513) addi    a0, t5, 1401
core   0: 3 0x8000a1f0 (0x579f0513) x10 0x80000579
core   0: 0x8000a1f4 (0x37898593) addi    a1, s3, 888
core   0: 3 0x8000a1f4 (0x37898593) x11 0x00000378
core   0: 0x8000a1f8 (0x00d900b3) add     ra, s2, a3
core   0: 3 0x8000a1f8 (0x00d900b3) x 1 0xd33c7148
core   0: 0x8000a1fc (0x45d30993) addi    s3, t1, 1117
core   0: 3 0x8000a1fc (0x45d30993) x19 0xca34445d
core   0: 0x8000a200 (0x24e01517) auipc   a0, 0x24e01
core   0: 3 0x8000a200 (0x24e01517) x10 0xa4e0b200
core   0: 0x8000a204 (0xe20dfc93) andi    s9, s11, -480
core   0: 3 0x8000a204 (0xe20dfc93) x25 0x00000000
core   0: 0x8000a208 (0x010a97b3) sll     a5, s5, a6
core   0: 3 0x8000a208 (0x010a97b3) x15 0x00000000
core   0: 0x8000a20c (0xf0076b13) ori     s6, a4, -256
core   0: 3 0x8000a20c (0xf0076b13) x22 0xffffff00
core   0: 0x8000a210 (0x000a7133) and     sp, s4, zero
core   0: 3 0x8000a210 (0x000a7133) x 2 0x00000000
core   0: 0x8000a214 (0x40cc7037) lui     zero, 0x40cc7
core   0: 3 0x8000a214 (0x40cc7037)
core   0: 0x8000a218 (0x000701b3) add     gp, a4, zero
core   0: 3 0x8000a218 (0x000701b3) x 3 0x00000000
core   0: 0x8000a21c (0x1d11e893) ori     a7, gp, 465
core   0: 3 0x8000a21c (0x1d11e893) x17 0x000001d1
core   0: 0x8000a220 (0x993b0017) auipc   zero, 0x993b0
core   0: 3 0x8000a220 (0x993b0017)
core   0: 0x8000a224 (0x012ccdb3) xor     s11, s9, s2
core   0: 3 0x8000a224 (0x012ccdb3) x27 0xd33c7148
core   0: 0x8000a228 (0x40e05413) srai    s0, zero, 14
core   0: 3 0x8000a228 (0x40e05413) x 8 0x00000000
core   0: 0x8000a22c (0x00dad713) srli    a4, s5, 13
core   0: 3 0x8000a22c (0x00dad713) x14 0x00000000
core   0: 0x8000a230 (0x1e6e6d97) auipc   s11, 0x1e6e6
core   0: 3 0x8000a230 (0x1e6e6d97) x27 0x9e6f0230
core   0: 0x8000a234 (0x004f01b3) add     gp, t5, tp
core   0: 3 0x8000a234 (0x004f01b3) x 3 0x7ec3917d
core   0: 0x8000a238 (0xbf4de813) ori     a6, s11, -1036
core   0: 3 0x8000a238 (0xbf4de813) x16 0xfffffbf4
core   0: 0x8000a23c (0x01f66b33) or      s6, a2, t6
core   0: 3 0x8000a23c (0x01f66b33) x22 0xa2da81b9
core   0: 0x8000a240 (0x628b8193) addi    gp, s7, 1576
core   0: 3 0x8000a240 (0x628b8193) x 3 0xd7959628
core   0: 0x8000a244 (0x00310d33) add     s10, sp, gp
core   0: 3 0x8000a244 (0x00310d33) x26 0xd7959628
core   0: 0x8000a248 (0x5bd49c17) auipc   s8, 0x5bd49
core   0: 3 0x8000a248 (0x5bd49c17) x24 0xdbd53248
core   0: 0x8000a24c (0x62556593) ori     a1, a0, 1573
core   0: 3 0x8000a24c (0x62556593) x11 0xa4e0b625
core   0: 0x8000a250 (0x40a2d833) sra     a6, t0, a0
core   0: 3 0x8000a250 (0x40a2d833) x16 0x2dffe035
core   0: 0x8000a254 (0x8ca59b37) lui     s6, 0x8ca59
core   0: 3 0x8000a254 (0x8ca59b37) x22 0x8ca59000
core   0: 0x8000a258 (0x00e43d33) sltu    s10, s0, a4
core   0: 3 0x8000a258 (0x00e43d33) x26 0x00000000
core   0: 0x8000a25c (0x00a817b3) sll     a5, a6, a0
core   0: 3 0x8000a25c (0x00a817b3) x15 0x2dffe035
core   0: 0x8000a260 (0x41950cb7) lui     s9, 0x41950
core   0: 3 0x8000a260 (0x41950cb7) x25 0x41950000
core   0: 0x8000a264 (0x570c8c93) addi    s9, s9, 1392
core   0: 3 0x8000a264 (0x570c8c93) x25 0x41950570
core   0: 0x8000a268 (0x00000c13) li      s8, 0
core   0: 3 0x8000a268 (0x00000c13) x24 0x00000000
core   0: 0x8000a26c (0x0328b6b7) lui     a3, 0x328b
core   0: 3 0x8000a26c (0x0328b6b7) x13 0x0328b000
core   0: 0x8000a270 (0x44a68693) addi    a3, a3, 1098
core   0: 3 0x8000a270 (0x44a68693) x13 0x0328b44a
core   0: 0x8000a274 (0xebf6e137) lui     sp, 0xebf6e
core   0: 3 0x8000a274 (0xebf6e137) x 2 0xebf6e000
core   0: 0x8000a278 (0xc8210113) addi    sp, sp, -894
core   0: 3 0x8000a278 (0xc8210113) x 2 0xebf6dc82
core   0: 0x8000a27c (0x80000eb7) lui     t4, 0x80000
core   0: 3 0x8000a27c (0x80000eb7) x29 0x80000000
core   0: 0x8000a280 (0xfff00a13) li      s4, -1
core   0: 3 0x8000a280 (0xfff00a13) x20 0xffffffff
core   0: 0x8000a284 (0x00000893) li      a7, 0
core   0: 3 0x8000a284 (0x00000893) x17 0x00000000
core   0: 0x8000a288 (0xfff00193) li      gp, -1
core   0: 3 0x8000a288 (0xfff00193) x 3 0xffffffff
core   0: 0x8000a28c (0x52786fb7) lui     t6, 0x52786
core   0: 3 0x8000a28c (0x52786fb7) x31 0x52786000
core   0: 0x8000a290 (0x22ff8f93) addi    t6, t6, 559
core   0: 3 0x8000a290 (0x22ff8f93) x31 0x5278622f
core   0: 0x8000a294 (0x00000b93) li      s7, 0
core   0: 3 0x8000a294 (0x00000b93) x23 0x00000000
core   0: 0x8000a298 (0x014a0cb3) add     s9, s4, s4
core   0: 3 0x8000a298 (0x014a0cb3) x25 0xfffffffe
core   0: 0x8000a29c (0x01818133) add     sp, gp, s8
core   0: 3 0x8000a29c (0x01818133) x 2 0xffffffff
core   0: 0x8000a2a0 (0x417c0133) sub     sp, s8, s7
core   0: 3 0x8000a2a0 (0x417c0133) x 2 0x00000000
core   0: 0x8000a2a4 (0x002e8a33) add     s4, t4, sp
core   0: 3 0x8000a2a4 (0x002e8a33) x20 0x80000000
core   0: 0x8000a2a8 (0x51218e93) addi    t4, gp, 1298
core   0: 3 0x8000a2a8 (0x51218e93) x29 0x00000511
core   0: 0x8000a2ac (0x0dc1d117) auipc   sp, 0xdc1d
core   0: 3 0x8000a2ac (0x0dc1d117) x 2 0x8dc272ac
core   0: 0x8000a2b0 (0x40da0a33) sub     s4, s4, a3
core   0: 3 0x8000a2b0 (0x40da0a33) x20 0x7cd74bb6
core   0: 0x8000a2b4 (0x5338dc97) auipc   s9, 0x5338d
core   0: 3 0x8000a2b4 (0x5338dc97) x25 0xd33972b4
core   0: 0x8000a2b8 (0x40db81b3) sub     gp, s7, a3
core   0: 3 0x8000a2b8 (0x40db81b3) x 3 0xfcd74bb6
core   0: 0x8000a2bc (0x63983117) auipc   sp, 0x63983
core   0: 3 0x8000a2bc (0x63983117) x 2 0xe398d2bc
core   0: 0x8000a2c0 (0xfc6a0893) addi    a7, s4, -58
core   0: 3 0x8000a2c0 (0xfc6a0893) x17 0x7cd74b7c
core   0: 0x8000a2c4 (0x411c0bb3) sub     s7, s8, a7
core   0: 3 0x8000a2c4 (0x411c0bb3) x23 0x8328b484
core   0: 0x8000a2c8 (0x342f8693) addi    a3, t6, 834
core   0: 3 0x8000a2c8 (0x342f8693) x13 0x52786571
core   0: 0x8000a2cc (0xe1da0b93) addi    s7, s4, -483
core   0: 3 0x8000a2cc (0xe1da0b93) x23 0x7cd749d3
core   0: 0x8000a2d0 (0x40de81b3) sub     gp, t4, a3
core   0: 3 0x8000a2d0 (0x40de81b3) x 3 0xad879fa0
core   0: 0x8000a2d4 (0xd7d88bb7) lui     s7, 0xd7d88
core   0: 3 0x8000a2d4 (0xd7d88bb7) x23 0xd7d88000
core   0: 0x8000a2d8 (0x001c12b3) sll     t0, s8, ra
core   0: 3 0x8000a2d8 (0x001c12b3) x 5 0x00000000
core   0: 0x8000a2dc (0x40285533) sra     a0, a6, sp
core   0: 3 0x8000a2dc (0x40285533) x10 0x00000002
core   0: 0x8000a2e0 (0x0076a8b3) slt     a7, a3, t2
core   0: 3 0x8000a2e0 (0x0076a8b3) x17 0x00000000
core   0: 0x8000a2e4 (0x41c40433) sub     s0, s0, t3
core   0: 3 0x8000a2e4 (0x41c40433) x 8 0x0000093b
core   0: 0x8000a2e8 (0x0028ab33) slt     s6, a7, sp
core   0: 3 0x8000a2e8 (0x0028ab33) x22 0x00000000
core   0: 0x8000a2ec (0x01af61b3) or      gp, t5, s10
core   0: 3 0x8000a2ec (0x01af61b3) x 3 0x80000000
core   0: 0x8000a2f0 (0x00b8a433) slt     s0, a7, a1
core   0: 3 0x8000a2f0 (0x00b8a433) x 8 0x00000000
core   0: 0x8000a2f4 (0x01445693) srli    a3, s0, 20
core   0: 3 0x8000a2f4 (0x01445693) x13 0x00000000
core   0: 0x8000a2f8 (0x1a25b013) sltiu   zero, a1, 418
core   0: 3 0x8000a2f8 (0x1a25b013)
core   0: 0x8000a2fc (0x78bebe93) sltiu   t4, t4, 1931
core   0: 3 0x8000a2fc (0x78bebe93) x29 0x00000001
core   0: 0x8000a300 (0x0e6ac613) xori    a2, s5, 230
core   0: 3 0x8000a300 (0x0e6ac613) x12 0x000000e6
core   0: 0x8000a304 (0x0116f633) and     a2, a3, a7
core   0: 3 0x8000a304 (0x0116f633) x12 0x00000000
core   0: 0x8000a308 (0x1466e593) ori     a1, a3, 326
core   0: 3 0x8000a308 (0x1466e593) x11 0x00000146
core   0: 0x8000a30c (0x7c04f917) auipc   s2, 0x7c04f
core   0: 3 0x8000a30c (0x7c04f917) x18 0xfc05930c
core   0: 0x8000a310 (0x408ed413) srai    s0, t4, 8
core   0: 3 0x8000a310 (0x408ed413) x 8 0x00000000
core   0: 0x8000a314 (0x00111c93) slli    s9, sp, 1
core   0: 3 0x8000a314 (0x00111c93) x25 0xc731a578
core   0: 0x8000a318 (0x412e5333) sra     t1, t3, s2
core   0: 3 0x8000a318 (0x412e5333) x 6 0xffffffff
core   0: 0x8000a31c (0x7c213c37) lui     s8, 0x7c213
core   0: 3 0x8000a31c (0x7c213c37) x24 0x7c213000
core   0: 0x8000a320 (0x01f97a33) and     s4, s2, t6
core   0: 3 0x8000a320 (0x01f97a33) x20 0x5000020c
core   0: 0x8000a324 (0x01901013) slli    zero, zero, 25
core   0: 3 0x8000a324 (0x01901013)
core   0: 0x8000a328 (0x014f5c93) srli    s9, t5, 20
core   0: 3 0x8000a328 (0x014f5c93) x25 0x00000800
core   0: 0x8000a32c (0x92c84713) xori    a4, a6, -1748
core   0: 3 0x8000a32c (0x92c84713) x14 0xd2001919
core   0: 0x8000a330 (0x01a72033) slt     zero, a4, s10
core   0: 3 0x8000a330 (0x01a72033)
core   0: 0x8000a334 (0x01391933) sll     s2, s2, s3
core   0: 3 0x8000a334 (0x01391933) x18 0x80000000
core   0: 0x8000a338 (0x41d70933) sub     s2, a4, t4
core   0: 3 0x8000a338 (0x41d70933) x18 0xd2001918
core   0: 0x8000a33c (0x00a31a13) slli    s4, t1, 10
core   0: 3 0x8000a33c (0x00a31a13) x20 0xfffffc00
core   0: 0x8000a340 (0x004b9793) slli    a5, s7, 4
core   0: 3 0x8000a340 (0x004b9793) x15 0x7d880000
core   0: 0x8000a344 (0x013f9933) sll     s2, t6, s3
core   0: 3 0x8000a344 (0x013f9933) x18 0xe0000000
core   0: 0x8000a348 (0x0184aa33) slt     s4, s1, s8
core   0: 3 0x8000a348 (0x0184aa33) x20 0x00000001
core   0: 0x8000a34c (0x4122d913) srai    s2, t0, 18
core   0: 3 0x8000a34c (0x4122d913) x18 0x00000000
core   0: 0x8000a350 (0x9063f913) andi    s2, t2, -1786
core   0: 3 0x8000a350 (0x9063f913) x18 0x80011804
core   0: 0x8000a354 (0x01aeccb3) xor     s9, t4, s10
core   0: 3 0x8000a354 (0x01aeccb3) x25 0x00000001
core   0: 0x8000a358 (0x00621993) slli    s3, tp, 6
core   0: 3 0x8000a358 (0x00621993) x19 0xb0e45f40
core   0: 0x8000a35c (0x46784993) xori    s3, a6, 1127
core   0: 3 0x8000a35c (0x46784993) x19 0x2dffe452
core   0: 0x8000a360 (0x00000013) nop
core   0: 3 0x8000a360 (0x00000013)
core   0: 0x8000a364 (0x40775293) srai    t0, a4, 7
core   0: 3 0x8000a364 (0x40775293) x 5 0xffa40032
core   0: 0x8000a368 (0x9b552013) slti    zero, a0, -1611
core   0: 3 0x8000a368 (0x9b552013)
core   0: 0x8000a36c (0x40de5513) srai    a0, t3, 13
core   0: 3 0x8000a36c (0x40de5513) x10 0xffffffff
core   0: 0x8000a370 (0x418e5333) sra     t1, t3, s8
core   0: 3 0x8000a370 (0x418e5333) x 6 0xfffff6c5
core   0: 0x8000a374 (0x00887eb3) and     t4, a6, s0
core   0: 3 0x8000a374 (0x00887eb3) x29 0x00000000
core   0: 0x8000a378 (0x008a9e93) slli    t4, s5, 8
core   0: 3 0x8000a378 (0x008a9e93) x29 0x00000000
core   0: 0x8000a37c (0x0101aa33) slt     s4, gp, a6
core   0: 3 0x8000a37c (0x0101aa33) x20 0x00000001
core   0: 0x8000a380 (0x0037e033) or      zero, a5, gp
core   0: 3 0x8000a380 (0x0037e033)
core   0: 0x8000a384 (0x4e8e3593) sltiu   a1, t3, 1256
core   0: 3 0x8000a384 (0x4e8e3593) x11 0x00000000
core   0: 0x8000a388 (0x010478b3) and     a7, s0, a6
core   0: 3 0x8000a388 (0x010478b3) x17 0x00000000
core   0: 0x8000a38c (0x01041c33) sll     s8, s0, a6
core   0: 3 0x8000a38c (0x01041c33) x24 0x00000000
core   0: 0x8000a390 (0x00c95593) srli    a1, s2, 12
core   0: 3 0x8000a390 (0x00c95593) x11 0x00080011
core   0: 0x8000a394 (0x015bdd93) srli    s11, s7, 21
core   0: 3 0x8000a394 (0x015bdd93) x27 0x000006be
core   0: 0x8000a398 (0x00fbbeb3) sltu    t4, s7, a5
core   0: 3 0x8000a398 (0x00fbbeb3) x29 0x00000000
core   0: 0x8000a39c (0x5291bd93) sltiu   s11, gp, 1321
core   0: 3 0x8000a39c (0x5291bd93) x27 0x00000000
core   0: 0x8000a3a0 (0xbf0cf817) auipc   a6, 0xbf0cf
core   0: 3 0x8000a3a0 (0xbf0cf817) x16 0x3f0d93a0
core   0: 0x8000a3a4 (0x008708b3) add     a7, a4, s0
core   0: 3 0x8000a3a4 (0x008708b3) x17 0xd2001919
core   0: 0x8000a3a8 (0x1134a293) slti    t0, s1, 275
core   0: 3 0x8000a3a8 (0x1134a293) x 5 0x00000001
core   0: 0x8000a3ac (0x0191d333) srl     t1, gp, s9
core   0: 3 0x8000a3ac (0x0191d333) x 6 0x40000000
core   0: 0x8000a3b0 (0x01a13733) sltu    a4, sp, s10
core   0: 3 0x8000a3b0 (0x01a13733) x14 0x00000000
core   0: 0x8000a3b4 (0xd6823e17) auipc   t3, 0xd6823
core   0: 3 0x8000a3b4 (0xd6823e17) x28 0x5682d3b4
core   0: 0x8000a3b8 (0xfff00713) li      a4, -1
core   0: 3 0x8000a3b8 (0xfff00713) x14 0xffffffff
core   0: 0x8000a3bc (0xfff00313) li      t1, -1
core   0: 3 0x8000a3bc (0xfff00313) x 6 0xffffffff
core   0: 0x8000a3c0 (0x4bda0537) lui     a0, 0x4bda0
core   0: 3 0x8000a3c0 (0x4bda0537) x10 0x4bda0000
core   0: 0x8000a3c4 (0xa7550513) addi    a0, a0, -1419
core   0: 3 0x8000a3c4 (0xa7550513) x10 0x4bd9fa75
core   0: 0x8000a3c8 (0x09fbdd37) lui     s10, 0x9fbd
core   0: 3 0x8000a3c8 (0x09fbdd37) x26 0x09fbd000
core   0: 0x8000a3cc (0xd35d0d13) addi    s10, s10, -715
core   0: 3 0x8000a3cc (0xd35d0d13) x26 0x09fbcd35
core   0: 0x8000a3d0 (0xfff00993) li      s3, -1
core   0: 3 0x8000a3d0 (0xfff00993) x19 0xffffffff
core   0: 0x8000a3d4 (0x00000e93) li      t4, 0
core   0: 3 0x8000a3d4 (0x00000e93) x29 0x00000000
core   0: 0x8000a3d8 (0x800005b7) lui     a1, 0x80000
core   0: 3 0x8000a3d8 (0x800005b7) x11 0x80000000
core   0: 0x8000a3dc (0x80000637) lui     a2, 0x80000
core   0: 3 0x8000a3dc (0x80000637) x12 0x80000000
core   0: 0x8000a3e0 (0x80000937) lui     s2, 0x80000
core   0: 3 0x8000a3e0 (0x80000937) x18 0x80000000
core   0: 0x8000a3e4 (0x80000137) lui     sp, 0x80000
core   0: 3 0x8000a3e4 (0x80000137) x 2 0x80000000
core   0: 0x8000a3e8 (0x41330633) sub     a2, t1, s3
core   0: 3 0x8000a3e8 (0x41330633) x12 0x00000000
core   0: 0x8000a3ec (0x71791337) lui     t1, 0x71791
core   0: 3 0x8000a3ec (0x71791337) x 6 0x71791000
core   0: 0x8000a3f0 (0x00000013) nop
core   0: 3 0x8000a3f0 (0x00000013)
core   0: 0x8000a3f4 (0x8f258513) addi    a0, a1, -1806
core   0: 3 0x8000a3f4 (0x8f258513) x10 0x7ffff8f2
core   0: 0x8000a3f8 (0x169d8eb7) lui     t4, 0x169d8
core   0: 3 0x8000a3f8 (0x169d8eb7) x29 0x169d8000
core   0: 0x8000a3fc (0x40cd0133) sub     sp, s10, a2
core   0: 3 0x8000a3fc (0x40cd0133) x 2 0x09fbcd35
core   0: 0x8000a400 (0xec00f997) auipc   s3, 0xec00f
core   0: 3 0x8000a400 (0xec00f997) x19 0x6c019400
core   0: 0x8000a404 (0x4d110113) addi    sp, sp, 1233
core   0: 3 0x8000a404 (0x4d110113) x 2 0x09fbd206
core   0: 0x8000a408 (0x00000013) nop
core   0: 3 0x8000a408 (0x00000013)
core   0: 0x8000a40c (0x72de4d17) auipc   s10, 0x72de4
core   0: 3 0x8000a40c (0x72de4d17) x26 0xf2dee40c
core   0: 0x8000a410 (0x79fec737) lui     a4, 0x79fec
core   0: 3 0x8000a410 (0x79fec737) x14 0x79fec000
core   0: 0x8000a414 (0x00000013) nop
core   0: 3 0x8000a414 (0x00000013)
core   0: 0x8000a418 (0x4b62f597) auipc   a1, 0x4b62f
core   0: 3 0x8000a418 (0x4b62f597) x11 0xcb639418
core   0: 0x8000a41c (0xdb4c19b7) lui     s3, 0xdb4c1
core   0: 3 0x8000a41c (0xdb4c19b7) x19 0xdb4c1000
core   0: 0x8000a420 (0x00000013) nop
core   0: 3 0x8000a420 (0x00000013)
core   0: 0x8000a424 (0x00000013) nop
core   0: 3 0x8000a424 (0x00000013)
core   0: 0x8000a428 (0x41390933) sub     s2, s2, s3
core   0: 3 0x8000a428 (0x41390933) x18 0xa4b3f000
core   0: 0x8000a42c (0x00000013) nop
core   0: 3 0x8000a42c (0x00000013)
core   0: 0x8000a430 (0x00000013) nop
core   0: 3 0x8000a430 (0x00000013)
core   0: 0x8000a434 (0x00000013) nop
core   0: 3 0x8000a434 (0x00000013)
core   0: 0x8000a438 (0x01a505b3) add     a1, a0, s10
core   0: 3 0x8000a438 (0x01a505b3) x11 0x72dedcfe
core   0: 0x8000a43c (0x40c50633) sub     a2, a0, a2
core   0: 3 0x8000a43c (0x40c50633) x12 0x7ffff8f2
core   0: 0x8000a440 (0xfcf25137) lui     sp, 0xfcf25
core   0: 3 0x8000a440 (0xfcf25137) x 2 0xfcf25000
core   0: 0x8000a444 (0xdc71beb7) lui     t4, 0xdc71b
core   0: 3 0x8000a444 (0xdc71beb7) x29 0xdc71b000
core   0: 0x8000a448 (0xafb3c117) auipc   sp, 0xafb3c
core   0: 3 0x8000a448 (0xafb3c117) x 2 0x2fb46448
core   0: 0x8000a44c (0x00f4abb3) slt     s7, s1, a5
core   0: 3 0x8000a44c (0x00f4abb3) x23 0x00000001
core   0: 0x8000a450 (0x00af9cb3) sll     s9, t6, a0
core   0: 3 0x8000a450 (0x00af9cb3) x25 0x88bc0000
core   0: 0x8000a454 (0xc1734297) auipc   t0, 0xc1734
core   0: 3 0x8000a454 (0xc1734297) x 5 0x4173e454
core   0: 0x8000a458 (0x01da90b3) sll     ra, s5, t4
core   0: 3 0x8000a458 (0x01da90b3) x 1 0x00000000
core   0: 0x8000a45c (0x015ea533) slt     a0, t4, s5
core   0: 3 0x8000a45c (0x015ea533) x10 0x00000001
core   0: 0x8000a460 (0x00ffa5b3) slt     a1, t6, a5
core   0: 3 0x8000a460 (0x00ffa5b3) x11 0x00000001
core   0: 0x8000a464 (0x43ed3bb7) lui     s7, 0x43ed3
core   0: 3 0x8000a464 (0x43ed3bb7) x23 0x43ed3000
core   0: 0x8000a468 (0x00fa1513) slli    a0, s4, 15
core   0: 3 0x8000a468 (0x00fa1513) x10 0x00008000
core   0: 0x8000a46c (0x415d86b3) sub     a3, s11, s5
core   0: 3 0x8000a46c (0x415d86b3) x13 0x00000000
core   0: 0x8000a470 (0x01f94c33) xor     s8, s2, t6
core   0: 3 0x8000a470 (0x01f94c33) x24 0xf6cb922f
core   0: 0x8000a474 (0xd2872c37) lui     s8, 0xd2872
core   0: 3 0x8000a474 (0xd2872c37) x24 0xd2872000
core   0: 0x8000a478 (0x01e80033) add     zero, a6, t5
core   0: 3 0x8000a478 (0x01e80033)
core   0: 0x8000a47c (0x7954bb13) sltiu   s6, s1, 1941
core   0: 3 0x8000a47c (0x7954bb13) x22 0x00000000
core   0: 0x8000a480 (0x0a283db7) lui     s11, 0xa283
core   0: 3 0x8000a480 (0x0a283db7) x27 0x0a283000
core   0: 0x8000a484 (0x00a70f33) add     t5, a4, a0
core   0: 3 0x8000a484 (0x00a70f33) x30 0x79ff4000
core   0: 0x8000a488 (0x00b76a33) or      s4, a4, a1
core   0: 3 0x8000a488 (0x00b76a33) x20 0x79fec001
core   0: 0x8000a48c (0x00ad1f33) sll     t5, s10, a0
core   0: 3 0x8000a48c (0x00ad1f33) x30 0xf2dee40c
core   0: 0x8000a490 (0x00247ab3) and     s5, s0, sp
core   0: 3 0x8000a490 (0x00247ab3) x21 0x00000000
core   0: 0x8000a494 (0xeeacff93) andi    t6, s9, -278
core   0: 3 0x8000a494 (0xeeacff93) x31 0x88bc0000
core   0: 0x8000a498 (0x01ed1993) slli    s3, s10, 30
core   0: 3 0x8000a498 (0x01ed1993) x19 0x00000000
core   0: 0x8000a49c (0x1ab66f13) ori     t5, a2, 427
core   0: 3 0x8000a49c (0x1ab66f13) x30 0x7ffff9fb
core   0: 0x8000a4a0 (0x00000013) nop
core   0: 3 0x8000a4a0 (0x00000013)
core   0: 0x8000a4a4 (0x018f98b3) sll     a7, t6, s8
core   0: 3 0x8000a4a4 (0x018f98b3) x17 0x88bc0000
core   0: 0x8000a4a8 (0x00bb8cb3) add     s9, s7, a1
core   0: 3 0x8000a4a8 (0x00bb8cb3) x25 0x43ed3001
core   0: 0x8000a4ac (0x01a29a13) slli    s4, t0, 26
core   0: 3 0x8000a4ac (0x01a29a13) x20 0x50000000
core   0: 0x8000a4b0 (0x40a4d633) sra     a2, s1, a0
core   0: 3 0x8000a4b0 (0x40a4d633) x12 0x80015ce4
core   0: 0x8000a4b4 (0x01b06a33) or      s4, zero, s11
core   0: 3 0x8000a4b4 (0x01b06a33) x20 0x0a283000
core   0: 0x8000a4b8 (0xad420113) addi    sp, tp, -1324
core   0: 3 0x8000a4b8 (0xad420113) x 2 0xfec38c51
core   0: 0x8000a4bc (0xbe240a13) addi    s4, s0, -1054
core   0: 3 0x8000a4bc (0xbe240a13) x20 0xfffffbe2
core   0: 0x8000a4c0 (0x01352b33) slt     s6, a0, s3
core   0: 3 0x8000a4c0 (0x01352b33) x22 0x00000000
core   0: 0x8000a4c4 (0xffe34a93) xori    s5, t1, -2
core   0: 3 0x8000a4c4 (0xffe34a93) x21 0x8e86effe
core   0: 0x8000a4c8 (0x00701eb3) sll     t4, zero, t2
core   0: 3 0x8000a4c8 (0x00701eb3) x29 0x00000000
core   0: 0x8000a4cc (0x330f38b7) lui     a7, 0x330f3
core   0: 3 0x8000a4cc (0x330f38b7) x17 0x330f3000
core   0: 0x8000a4d0 (0x41b3db13) srai    s6, t2, 27
core   0: 3 0x8000a4d0 (0x41b3db13) x22 0xfffffff0
core   0: 0x8000a4d4 (0x018e51b3) srl     gp, t3, s8
core   0: 3 0x8000a4d4 (0x018e51b3) x 3 0x5682d3b4
core   0: 0x8000a4d8 (0x4056db93) srai    s7, a3, 5
core   0: 3 0x8000a4d8 (0x4056db93) x23 0x00000000
core   0: 0x8000a4dc (0xd6cac893) xori    a7, s5, -660
core   0: 3 0x8000a4dc (0xd6cac893) x17 0x71791292
core   0: 0x8000a4e0 (0x00000013) nop
core   0: 3 0x8000a4e0 (0x00000013)
core   0: 0x8000a4e4 (0xf6a2b593) sltiu   a1, t0, -150
core   0: 3 0x8000a4e4 (0xf6a2b593) x11 0x00000001
core   0: 0x8000a4e8 (0x2955a513) slti    a0, a1, 661
core   0: 3 0x8000a4e8 (0x2955a513) x10 0x00000001
core   0: 0x8000a4ec (0xf0441137) lui     sp, 0xf0441
core   0: 3 0x8000a4ec (0xf0441137) x 2 0xf0441000
core   0: 0x8000a4f0 (0x008d3333) sltu    t1, s10, s0
core   0: 3 0x8000a4f0 (0x008d3333) x 6 0x00000000
core   0: 0x8000a4f4 (0x41fdd033) sra     zero, s11, t6
core   0: 3 0x8000a4f4 (0x41fdd033)
core   0: 0x8000a4f8 (0x01f7d013) srli    zero, a5, 31
core   0: 3 0x8000a4f8 (0x01f7d013)
core   0: 0x8000a4fc (0x418b59b3) sra     s3, s6, s8
core   0: 3 0x8000a4fc (0x418b59b3) x19 0xfffffff0
core   0: 0x8000a500 (0x01602133) slt     sp, zero, s6
core   0: 3 0x8000a500 (0x01602133) x 2 0x00000000
core   0: 0x8000a504 (0x94146093) ori     ra, s0, -1727
core   0: 3 0x8000a504 (0x94146093) x 1 0xfffff941
core   0: 0x8000a508 (0x008a2fb3) slt     t6, s4, s0
core   0: 3 0x8000a508 (0x008a2fb3) x31 0x00000001
core   0: 0x8000a50c (0x00000013) nop
core   0: 3 0x8000a50c (0x00000013)
core   0: 0x8000a510 (0x6f146693) ori     a3, s0, 1777
core   0: 3 0x8000a510 (0x6f146693) x13 0x000006f1
core   0: 0x8000a514 (0x0078edb3) or      s11, a7, t2
core   0: 3 0x8000a514 (0x0078edb3) x27 0xf1791ef6
core   0: 0x8000a518 (0xe926e413) ori     s0, a3, -366
core   0: 3 0x8000a518 (0xe926e413) x 8 0xfffffef3
core   0: 0x8000a51c (0x011e9cb3) sll     s9, t4, a7
core   0: 3 0x8000a51c (0x011e9cb3) x25 0x00000000
core   0: 0x8000a520 (0x01c546b3) xor     a3, a0, t3
core   0: 3 0x8000a520 (0x01c546b3) x13 0x5682d3b5
core   0: 0x8000a524 (0x01e6f733) and     a4, a3, t5
core   0: 3 0x8000a524 (0x01e6f733) x14 0x5682d1b1
core   0: 0x8000a528 (0xc1a412b7) lui     t0, 0xc1a41
core   0: 3 0x8000a528 (0xc1a412b7) x 5 0xc1a41000
core   0: 0x8000a52c (0x004f5b13) srli    s6, t5, 4
core   0: 3 0x8000a52c (0x004f5b13) x22 0x07ffff9f
core   0: 0x8000a530 (0xe243a013) slti    zero, t2, -476
core   0: 3 0x8000a530 (0xe243a013)
core   0: 0x8000a534 (0x00ab6b33) or      s6, s6, a0
core   0: 3 0x8000a534 (0x00ab6b33) x22 0x07ffff9f
core   0: 0x8000a538 (0xf613ff13) andi    t5, t2, -159
core   0: 3 0x8000a538 (0xf613ff13) x30 0x80011e60
core   0: 0x8000a53c (0x011322b3) slt     t0, t1, a7
core   0: 3 0x8000a53c (0x011322b3) x 5 0x00000001
core   0: 0x8000a540 (0x00bdb733) sltu    a4, s11, a1
core   0: 3 0x8000a540 (0x00bdb733) x14 0x00000000
core   0: 0x8000a544 (0xb305c113) xori    sp, a1, -1232
core   0: 3 0x8000a544 (0xb305c113) x 2 0xfffffb31
core   0: 0x8000a548 (0x8fd98b13) addi    s6, s3, -1795
core   0: 3 0x8000a548 (0x8fd98b13) x22 0xfffff8ed
core   0: 0x8000a54c (0x01dc77b3) and     a5, s8, t4
core   0: 3 0x8000a54c (0x01dc77b3) x15 0x00000000
core   0: 0x8000a550 (0x0eff0b93) addi    s7, t5, 239
core   0: 3 0x8000a550 (0x0eff0b93) x23 0x80011f4f
core   0: 0x8000a554 (0xb1ecb313) sltiu   t1, s9, -1250
core   0: 3 0x8000a554 (0xb1ecb313) x 6 0x00000001
core   0: 0x8000a558 (0xf2502c13) slti    s8, zero, -219
core   0: 3 0x8000a558 (0xf2502c13) x24 0x00000000
core   0: 0x8000a55c (0xf0232d37) lui     s10, 0xf0232
core   0: 3 0x8000a55c (0xf0232d37) x26 0xf0232000
core   0: 0x8000a560 (0x003d9f93) slli    t6, s11, 3
core   0: 3 0x8000a560 (0x003d9f93) x31 0x8bc8f7b0
core   0: 0x8000a564 (0x017962b3) or      t0, s2, s7
core   0: 3 0x8000a564 (0x017962b3) x 5 0xa4b3ff4f
core   0: 0x8000a568 (0x408ad033) sra     zero, s5, s0
core   0: 3 0x8000a568 (0x408ad033)
core   0: 0x8000a56c (0x016e00b3) add     ra, t3, s6
core   0: 3 0x8000a56c (0x016e00b3) x 1 0x5682cca1
core   0: 0x8000a570 (0x41e08cb3) sub     s9, ra, t5
core   0: 3 0x8000a570 (0x41e08cb3) x25 0xd681ae41
core   0: 0x8000a574 (0x2484a597) auipc   a1, 0x2484a
core   0: 3 0x8000a574 (0x2484a597) x11 0xa4854574
core   0: 0x8000a578 (0x01b00133) add     sp, zero, s11
core   0: 3 0x8000a578 (0x01b00133) x 2 0xf1791ef6
core   0: 0x8000a57c (0xbe764013) xori    zero, a2, -1049
core   0: 3 0x8000a57c (0xbe764013)
core   0: 0x8000a580 (0x437be193) ori     gp, s7, 1079
core   0: 3 0x8000a580 (0x437be193) x 3 0x80011f7f
core   0: 0x8000a584 (0xb9492f93) slti    t6, s2, -1132
core   0: 3 0x8000a584 (0xb9492f93) x31 0x00000001
core   0: 0x8000a588 (0x00000013) nop
core   0: 3 0x8000a588 (0x00000013)
core   0: 0x8000a58c (0xd02f3693) sltiu   a3, t5, -766
core   0: 3 0x8000a58c (0xd02f3693) x13 0x00000001
core   0: 0x8000a590 (0x78424713) xori    a4, tp, 1924
core   0: 3 0x8000a590 (0x78424713) x14 0xfec396f9
core   0: 0x8000a594 (0xaa216d93) ori     s11, sp, -1374
core   0: 3 0x8000a594 (0xaa216d93) x27 0xfffffef6
core   0: 0x8000a598 (0x9da19437) lui     s0, 0x9da19
core   0: 3 0x8000a598 (0x9da19437) x 8 0x9da19000
core   0: 0x8000a59c (0x00000013) nop
core   0: 3 0x8000a59c (0x00000013)
core   0: 0x8000a5a0 (0x41235333) sra     t1, t1, s2
core   0: 3 0x8000a5a0 (0x41235333) x 6 0x00000001
core   0: 0x8000a5a4 (0x97483d13) sltiu   s10, a6, -1676
core   0: 3 0x8000a5a4 (0x97483d13) x26 0x00000001
core   0: 0x8000a5a8 (0x412a5cb3) sra     s9, s4, s2
core   0: 3 0x8000a5a8 (0x412a5cb3) x25 0xfffffbe2
core   0: 0x8000a5ac (0x017572b3) and     t0, a0, s7
core   0: 3 0x8000a5ac (0x017572b3) x 5 0x00000001
core   0: 0x8000a5b0 (0x00b66a33) or      s4, a2, a1
core   0: 3 0x8000a5b0 (0x00b66a33) x20 0xa4855df4
core   0: 0x8000a5b4 (0x005bf633) and     a2, s7, t0
core   0: 3 0x8000a5b4 (0x005bf633) x12 0x00000001
core   0: 0x8000a5b8 (0x0037e9b3) or      s3, a5, gp
core   0: 3 0x8000a5b8 (0x0037e9b3) x19 0x80011f7f
core   0: 0x8000a5bc (0x01ff9c13) slli    s8, t6, 31
core   0: 3 0x8000a5bc (0x01ff9c13) x24 0x80000000
core   0: 0x8000a5c0 (0x7d92fd93) andi    s11, t0, 2009
core   0: 3 0x8000a5c0 (0x7d92fd93) x27 0x00000001
core   0: 0x8000a5c4 (0x1c3e2f93) slti    t6, t3, 451
core   0: 3 0x8000a5c4 (0x1c3e2f93) x31 0x00000000
core   0: 0x8000a5c8 (0x8d4f3713) sltiu   a4, t5, -1836
core   0: 3 0x8000a5c8 (0x8d4f3713) x14 0x00000001
core   0: 0x8000a5cc (0xd9380f93) addi    t6, a6, -621
core   0: 3 0x8000a5cc (0xd9380f93) x31 0x3f0d9133
core   0: 0x8000a5d0 (0x40b008b3) sub     a7, zero, a1
core   0: 3 0x8000a5d0 (0x40b008b3) x17 0x5b7aba8c
core   0: 0x8000a5d4 (0x3ef8bc13) sltiu   s8, a7, 1007
core   0: 3 0x8000a5d4 (0x3ef8bc13) x24 0x00000000
core   0: 0x8000a5d8 (0xbc1f8797) auipc   a5, 0xbc1f8
core   0: 3 0x8000a5d8 (0xbc1f8797) x15 0x3c2025d8
core   0: 0x8000a5dc (0x40d15133) sra     sp, sp, a3
core   0: 3 0x8000a5dc (0x40d15133) x 2 0xf8bc8f7b
core   0: 0x8000a5e0 (0x008caeb3) slt     t4, s9, s0
core   0: 3 0x8000a5e0 (0x008caeb3) x29 0x00000000
core   0: 0x8000a5e4 (0x0043a0b3) slt     ra, t2, tp
core   0: 3 0x8000a5e4 (0x0043a0b3) x 1 0x00000001
core   0: 0x8000a5e8 (0x8f33a413) slti    s0, t2, -1805
core   0: 3 0x8000a5e8 (0x8f33a413) x 8 0x00000001
core   0: 0x8000a5ec (0x00ed9e93) slli    t4, s11, 14
core   0: 3 0x8000a5ec (0x00ed9e93) x29 0x00004000
core   0: 0x8000a5f0 (0x006c7733) and     a4, s8, t1
core   0: 3 0x8000a5f0 (0x006c7733) x14 0x00000000
core   0: 0x8000a5f4 (0x01645b33) srl     s6, s0, s6
core   0: 3 0x8000a5f4 (0x01645b33) x22 0x00000000
core   0: 0x8000a5f8 (0x0175c6b3) xor     a3, a1, s7
core   0: 3 0x8000a5f8 (0x0175c6b3) x13 0x24845a3b
core   0: 0x8000a5fc (0x004caab3) slt     s5, s9, tp
core   0: 3 0x8000a5fc (0x004caab3) x21 0x00000000
core   0: 0x8000a600 (0xd79cf313) andi    t1, s9, -647
core   0: 3 0x8000a600 (0xd79cf313) x 6 0xfffff960
core   0: 0x8000a604 (0x3bbf0897) auipc   a7, 0x3bbf0
core   0: 3 0x8000a604 (0x3bbf0897) x17 0xbbbfa604
core   0: 0x8000a608 (0x41ac8033) sub     zero, s9, s10
core   0: 3 0x8000a608 (0x41ac8033)
core   0: 0x8000a60c (0x00877b33) and     s6, a4, s0
core   0: 3 0x8000a60c (0x00877b33) x22 0x00000000
core   0: 0x8000a610 (0x0082b933) sltu    s2, t0, s0
core   0: 3 0x8000a610 (0x0082b933) x18 0x00000000
core   0: 0x8000a614 (0x003ed933) srl     s2, t4, gp
core   0: 3 0x8000a614 (0x003ed933) x18 0x00000000
core   0: 0x8000a618 (0x01ae1e13) slli    t3, t3, 26
core   0: 3 0x8000a618 (0x01ae1e13) x28 0xd0000000
core   0: 0x8000a61c (0xf471f013) andi    zero, gp, -185
core   0: 3 0x8000a61c (0xf471f013)
core   0: 0x8000a620 (0x00775c13) srli    s8, a4, 7
core   0: 3 0x8000a620 (0x00775c13) x24 0x00000000
core   0: 0x8000a624 (0x014c3d33) sltu    s10, s8, s4
core   0: 3 0x8000a624 (0x014c3d33) x26 0x00000001
core   0: 0x8000a628 (0x010285b3) add     a1, t0, a6
core   0: 3 0x8000a628 (0x010285b3) x11 0x3f0d93a1
core   0: 0x8000a62c (0x9fdcccb7) lui     s9, 0x9fdcc
core   0: 3 0x8000a62c (0x9fdcccb7) x25 0x9fdcc000
core   0: 0x8000a630 (0x130b6d93) ori     s11, s6, 304
core   0: 3 0x8000a630 (0x130b6d93) x27 0x00000130
core   0: 0x8000a634 (0x02f73017) auipc   zero, 0x2f73
core   0: 3 0x8000a634 (0x02f73017)
core   0: 0x8000a638 (0x0044b133) sltu    sp, s1, tp
core   0: 3 0x8000a638 (0x0044b133) x 2 0x00000001
core   0: 0x8000a63c (0x009b4133) xor     sp, s6, s1
core   0: 3 0x8000a63c (0x009b4133) x 2 0x80015ce4
core   0: 0x8000a640 (0x01181c93) slli    s9, a6, 17
core   0: 3 0x8000a640 (0x01181c93) x25 0x27400000
core   0: 0x8000a644 (0x3c2ce197) auipc   gp, 0x3c2ce
core   0: 3 0x8000a644 (0x3c2ce197) x 3 0xbc2d8644
core   0: 0x8000a648 (0x41fc0133) sub     sp, s8, t6
core   0: 3 0x8000a648 (0x41fc0133) x 2 0xc0f26ecd
core   0: 0x8000a64c (0xb653ed93) ori     s11, t2, -1179
core   0: 3 0x8000a64c (0xb653ed93) x27 0xffffff65
core   0: 0x8000a650 (0x00d53d33) sltu    s10, a0, a3
core   0: 3 0x8000a650 (0x00d53d33) x26 0x00000001
core   0: 0x8000a654 (0x40ee5a13) srai    s4, t3, 14
core   0: 3 0x8000a654 (0x40ee5a13) x20 0xffff4000
core   0: 0x8000a658 (0x67943613) sltiu   a2, s0, 1657
core   0: 3 0x8000a658 (0x67943613) x12 0x00000001
core   0: 0x8000a65c (0x01d2c6b3) xor     a3, t0, t4
core   0: 3 0x8000a65c (0x01d2c6b3) x13 0x00004001
core   0: 0x8000a660 (0x419ed093) srai    ra, t4, 25
core   0: 3 0x8000a660 (0x419ed093) x 1 0x00000000
core   0: 0x8000a664 (0x96f3bd93) sltiu   s11, t2, -1681
core   0: 3 0x8000a664 (0x96f3bd93) x27 0x00000001
core   0: 0x8000a668 (0x2e32a313) slti    t1, t0, 739
core   0: 3 0x8000a668 (0x2e32a313) x 6 0x00000001
core   0: 0x8000a66c (0x00ae8633) add     a2, t4, a0
core   0: 3 0x8000a66c (0x00ae8633) x12 0x00004001
core   0: 0x8000a670 (0x017011b3) sll     gp, zero, s7
core   0: 3 0x8000a670 (0x017011b3) x 3 0x00000000
core   0: 0x8000a674 (0x81388693) addi    a3, a7, -2029
core   0: 3 0x8000a674 (0x81388693) x13 0xbbbf9e17
core   0: 0x8000a678 (0x00064433) xor     s0, a2, zero
core   0: 3 0x8000a678 (0x00064433) x 8 0x00004001
core   0: 0x8000a67c (0x007fe1b3) or      gp, t6, t2
core   0: 3 0x8000a67c (0x007fe1b3) x 3 0xbf0d9f77
core   0: 0x8000a680 (0xeaff0313) addi    t1, t5, -337
core   0: 3 0x8000a680 (0xeaff0313) x 6 0x80011d0f
core   0: 0x8000a684 (0xba2f5a17) auipc   s4, 0xba2f5
core   0: 3 0x8000a684 (0xba2f5a17) x20 0x3a2ff684
core   0: 0x8000a688 (0x000b2db3) slt     s11, s6, zero
core   0: 3 0x8000a688 (0x000b2db3) x27 0x00000000
core   0: 0x8000a68c (0x92618613) addi    a2, gp, -1754
core   0: 3 0x8000a68c (0x92618613) x12 0xbf0d989d
core   0: 0x8000a690 (0xd5116197) auipc   gp, 0xd5116
core   0: 3 0x8000a690 (0xd5116197) x 3 0x55120690
core   0: 0x8000a694 (0x01d5ff33) and     t5, a1, t4
core   0: 3 0x8000a694 (0x01d5ff33) x30 0x00000000
core   0: 0x8000a698 (0xb64eb913) sltiu   s2, t4, -1180
core   0: 3 0x8000a698 (0xb64eb913) x18 0x00000001
core   0: 0x8000a69c (0x01188733) add     a4, a7, a7
core   0: 3 0x8000a69c (0x01188733) x14 0x777f4c08
core   0: 0x8000a6a0 (0x00800333) add     t1, zero, s0
core   0: 3 0x8000a6a0 (0x00800333) x 6 0x00004001
core   0: 0x8000a6a4 (0x007a5c93) srli    s9, s4, 7
core   0: 3 0x8000a6a4 (0x007a5c93) x25 0x00745fed
core   0: 0x8000a6a8 (0x00188db3) add     s11, a7, ra
core   0: 3 0x8000a6a8 (0x00188db3) x27 0xbbbfa604
core   0: 0x8000a6ac (0x301a7c13) andi    s8, s4, 769
core   0: 3 0x8000a6ac (0x301a7c13) x24 0x00000200
core   0: 0x8000a6b0 (0x002bee33) or      t3, s7, sp
core   0: 3 0x8000a6b0 (0x002bee33) x28 0xc0f37fcf
core   0: 0x8000a6b4 (0x001f8033) add     zero, t6, ra
core   0: 3 0x8000a6b4 (0x001f8033)
core   0: 0x8000a6b8 (0x4126d433) sra     s0, a3, s2
core   0: 3 0x8000a6b8 (0x4126d433) x 8 0xdddfcf0b
core   0: 0x8000a6bc (0xf66a8a93) addi    s5, s5, -154
core   0: 3 0x8000a6bc (0xf66a8a93) x21 0xffffff66
core   0: 0x8000a6c0 (0x01013a33) sltu    s4, sp, a6
core   0: 3 0x8000a6c0 (0x01013a33) x20 0x00000000
core   0: 0x8000a6c4 (0x41505793) srai    a5, zero, 21
core   0: 3 0x8000a6c4 (0x41505793) x15 0x00000000
core   0: 0x8000a6c8 (0xe2b8b513) sltiu   a0, a7, -469
core   0: 3 0x8000a6c8 (0xe2b8b513) x10 0x00000001
core   0: 0x8000a6cc (0x016aeeb3) or      t4, s5, s6
core   0: 3 0x8000a6cc (0x016aeeb3) x29 0xffffff66
core   0: 0x8000a6d0 (0x80487193) andi    gp, a6, -2044
core   0: 3 0x8000a6d0 (0x80487193) x 3 0x3f0d9000
core   0: 0x8000a6d4 (0x6ba17593) andi    a1, sp, 1722
core   0: 3 0x8000a6d4 (0x6ba17593) x11 0x00000688
core   0: 0x8000a6d8 (0x003432b3) sltu    t0, s0, gp
core   0: 3 0x8000a6d8 (0x003432b3) x 5 0x00000000
core   0: 0x8000a6dc (0x01fa66b3) or      a3, s4, t6
core   0: 3 0x8000a6dc (0x01fa66b3) x13 0x3f0d9133
core   0: 0x8000a6e0 (0x00e9c2b3) xor     t0, s3, a4
core   0: 3 0x8000a6e0 (0x00e9c2b3) x 5 0xf77e5377
core   0: 0x8000a6e4 (0x0078ed33) or      s10, a7, t2
core   0: 3 0x8000a6e4 (0x0078ed33) x26 0xbbbfbe64
core   0: 0x8000a6e8 (0x0154e733) or      a4, s1, s5
core   0: 3 0x8000a6e8 (0x0154e733) x14 0xffffffe6
core   0: 0x8000a6ec (0x00a7d813) srli    a6, a5, 10
core   0: 3 0x8000a6ec (0x00a7d813) x16 0x00000000
core   0: 0x8000a6f0 (0xf1938593) addi    a1, t2, -231
core   0: 3 0x8000a6f0 (0xf1938593) x11 0x80011d7d
core   0: 0x8000a6f4 (0x41005313) srai    t1, zero, 16
core   0: 3 0x8000a6f4 (0x41005313) x 6 0x00000000
core   0: 0x8000a6f8 (0x01285293) srli    t0, a6, 18
core   0: 3 0x8000a6f8 (0x01285293) x 5 0x00000000
core   0: 0x8000a6fc (0x01d8b9b3) sltu    s3, a7, t4
core   0: 3 0x8000a6fc (0x01d8b9b3) x19 0x00000001
core   0: 0x8000a700 (0x4d143c93) sltiu   s9, s0, 1233
core   0: 3 0x8000a700 (0x4d143c93) x25 0x00000000
core   0: 0x8000a704 (0x41c75b13) srai    s6, a4, 28
core   0: 3 0x8000a704 (0x41c75b13) x22 0xffffffff
core   0: 0x8000a708 (0xf16fb913) sltiu   s2, t6, -234
core   0: 3 0x8000a708 (0xf16fb913) x18 0x00000001
core   0: 0x8000a70c (0x408a88b3) sub     a7, s5, s0
core   0: 3 0x8000a70c (0x408a88b3) x17 0x2220305b
core   0: 0x8000a710 (0x013f9c33) sll     s8, t6, s3
core   0: 3 0x8000a710 (0x013f9c33) x24 0x7e1b2266
core   0: 0x8000a714 (0x20ccbf93) sltiu   t6, s9, 524
core   0: 3 0x8000a714 (0x20ccbf93) x31 0x00000001
core   0: 0x8000a718 (0x003050b3) srl     ra, zero, gp
core   0: 3 0x8000a718 (0x003050b3) x 1 0x00000000
core   0: 0x8000a71c (0x8f45ff13) andi    t5, a1, -1804
core   0: 3 0x8000a71c (0x8f45ff13) x30 0x80011874
core   0: 0x8000a720 (0x014b1e13) slli    t3, s6, 20
core   0: 3 0x8000a720 (0x014b1e13) x28 0xfff00000
core   0: 0x8000a724 (0x0185f1b3) and     gp, a1, s8
core   0: 3 0x8000a724 (0x0185f1b3) x 3 0x00010064
core   0: 0x8000a728 (0x78c00c93) li      s9, 1932
core   0: 3 0x8000a728 (0x78c00c93) x25 0x0000078c
core   0: 0x8000a72c (0x40b5d433) sra     s0, a1, a1
core   0: 3 0x8000a72c (0x40b5d433) x 8 0xfffffffc
core   0: 0x8000a730 (0x010a9c13) slli    s8, s5, 16
core   0: 3 0x8000a730 (0x010a9c13) x24 0xff660000
core   0: 0x8000a734 (0x00aa9113) slli    sp, s5, 10
core   0: 3 0x8000a734 (0x00aa9113) x 2 0xfffd9800
core   0: 0x8000a738 (0x5cb83b97) auipc   s7, 0x5cb83
core   0: 3 0x8000a738 (0x5cb83b97) x23 0xdcb8d738
core   0: 0x8000a73c (0x019ba6b3) slt     a3, s7, s9
core   0: 3 0x8000a73c (0x019ba6b3) x13 0x00000001
core   0: 0x8000a740 (0xa89aeb17) auipc   s6, 0xa89ae
core   0: 3 0x8000a740 (0xa89aeb17) x22 0x289b8740
core   0: 0x8000a744 (0x41375293) srai    t0, a4, 19
core   0: 3 0x8000a744 (0x41375293) x 5 0xffffffff
core   0: 0x8000a748 (0x00162a33) slt     s4, a2, ra
core   0: 3 0x8000a748 (0x00162a33) x20 0x00000001
core   0: 0x8000a74c (0x10cbf793) andi    a5, s7, 268
core   0: 3 0x8000a74c (0x10cbf793) x15 0x00000108
core   0: 0x8000a750 (0x08438d93) addi    s11, t2, 132
core   0: 3 0x8000a750 (0x08438d93) x27 0x80011ee8
core   0: 0x8000a754 (0x0172bc33) sltu    s8, t0, s7
core   0: 3 0x8000a754 (0x0172bc33) x24 0x00000000
core   0: 0x8000a758 (0xef1abcb7) lui     s9, 0xef1ab
core   0: 3 0x8000a758 (0xef1abcb7) x25 0xef1ab000
core   0: 0x8000a75c (0xa8688893) addi    a7, a7, -1402
core   0: 3 0x8000a75c (0xa8688893) x17 0x22202ae1
core   0: 0x8000a760 (0x1101f297) auipc   t0, 0x1101f
core   0: 3 0x8000a760 (0x1101f297) x 5 0x91029760
core   0: 0x8000a764 (0x4084df13) srai    t5, s1, 8
core   0: 3 0x8000a764 (0x4084df13) x30 0xff80015c
core   0: 0x8000a768 (0x00bfc5b3) xor     a1, t6, a1
core   0: 3 0x8000a768 (0x00bfc5b3) x11 0x80011d7c
core   0: 0x8000a76c (0x9cbdfb13) andi    s6, s11, -1589
core   0: 3 0x8000a76c (0x9cbdfb13) x22 0x800118c8
core   0: 0x8000a770 (0x01ee2a33) slt     s4, t3, t5
core   0: 3 0x8000a770 (0x01ee2a33) x20 0x00000000
core   0: 0x8000a774 (0x402087b3) sub     a5, ra, sp
core   0: 3 0x8000a774 (0x402087b3) x15 0x00026800
core   0: 0x8000a778 (0x4163db93) srai    s7, t2, 22
core   0: 3 0x8000a778 (0x4163db93) x23 0xfffffe00
core   0: 0x8000a77c (0x382f3093) sltiu   ra, t5, 898
core   0: 3 0x8000a77c (0x382f3093) x 1 0x00000000
core   0: 0x8000a780 (0x40b5df93) srai    t6, a1, 11
core   0: 3 0x8000a780 (0x40b5df93) x31 0xfff00023
core   0: 0x8000a784 (0xde4b3e93) sltiu   t4, s6, -540
core   0: 3 0x8000a784 (0xde4b3e93) x29 0x00000001
core   0: 0x8000a788 (0x8fb8e317) auipc   t1, 0x8fb8e
core   0: 3 0x8000a788 (0x8fb8e317) x 6 0x0fb98788
core   0: 0x8000a78c (0xa893ee13) ori     t3, t2, -1399
core   0: 3 0x8000a78c (0xa893ee13) x28 0xfffffeed
core   0: 0x8000a790 (0x410f5293) srai    t0, t5, 16
core   0: 3 0x8000a790 (0x410f5293) x 5 0xffffff80
core   0: 0x8000a794 (0x2ebd3f97) auipc   t6, 0x2ebd3
core   0: 3 0x8000a794 (0x2ebd3f97) x31 0xaebdd794
core   0: 0x8000a798 (0x1c11eb93) ori     s7, gp, 449
core   0: 3 0x8000a798 (0x1c11eb93) x23 0x000101e5
core   0: 0x8000a79c (0x4108dc13) srai    s8, a7, 16
core   0: 3 0x8000a79c (0x4108dc13) x24 0x00002220
core   0: 0x8000a7a0 (0x0157f933) and     s2, a5, s5
core   0: 3 0x8000a7a0 (0x0157f933) x18 0x00026800
core   0: 0x8000a7a4 (0x1e680b17) auipc   s6, 0x1e680
core   0: 3 0x8000a7a4 (0x1e680b17) x22 0x9e68a7a4
core   0: 0x8000a7a8 (0x0042fd33) and     s10, t0, tp
core   0: 3 0x8000a7a8 (0x0042fd33) x26 0xfec39100
core   0: 0x8000a7ac (0x00000013) nop
core   0: 3 0x8000a7ac (0x00000013)
core   0: 0x8000a7b0 (0x0011a1b3) slt     gp, gp, ra
core   0: 3 0x8000a7b0 (0x0011a1b3) x 3 0x00000000
core   0: 0x8000a7b4 (0x9e8a2013) slti    zero, s4, -1560
core   0: 3 0x8000a7b4 (0x9e8a2013)
core   0: 0x8000a7b8 (0x00ea6533) or      a0, s4, a4
core   0: 3 0x8000a7b8 (0x00ea6533) x10 0xffffffe6
core   0: 0x8000a7bc (0xc7a06613) ori     a2, zero, -902
core   0: 3 0x8000a7bc (0xc7a06613) x12 0xfffffc7a
core   0: 0x8000a7c0 (0x013d6333) or      t1, s10, s3
core   0: 3 0x8000a7c0 (0x013d6333) x 6 0xfec39101
core   0: 0x8000a7c4 (0x00000013) nop
core   0: 3 0x8000a7c4 (0x00000013)
core   0: 0x8000a7c8 (0x93100a93) li      s5, -1743
core   0: 3 0x8000a7c8 (0x93100a93) x21 0xfffff931
core   0: 0x8000a7cc (0x012f9313) slli    t1, t6, 18
core   0: 3 0x8000a7cc (0x012f9313) x 6 0x5e500000
core   0: 0x8000a7d0 (0x41d45c13) srai    s8, s0, 29
core   0: 3 0x8000a7d0 (0x41d45c13) x24 0xffffffff
core   0: 0x8000a7d4 (0xf9d92f13) slti    t5, s2, -99
core   0: 3 0x8000a7d4 (0xf9d92f13) x30 0x00000000
core   0: 0x8000a7d8 (0xfe7d2013) slti    zero, s10, -25
core   0: 3 0x8000a7d8 (0xfe7d2013)
core   0: 0x8000a7dc (0x00000013) nop
core   0: 3 0x8000a7dc (0x00000013)
core   0: 0x8000a7e0 (0x01fa2b33) slt     s6, s4, t6
core   0: 3 0x8000a7e0 (0x01fa2b33) x22 0x00000000
core   0: 0x8000a7e4 (0x018891b3) sll     gp, a7, s8
core   0: 3 0x8000a7e4 (0x018891b3) x 3 0x80000000
core   0: 0x8000a7e8 (0x0194d033) srl     zero, s1, s9
core   0: 3 0x8000a7e8 (0x0194d033)
core   0: 0x8000a7ec (0x01af31b3) sltu    gp, t5, s10
core   0: 3 0x8000a7ec (0x01af31b3) x 3 0x00000001
core   0: 0x8000a7f0 (0x0097fe33) and     t3, a5, s1
core   0: 3 0x8000a7f0 (0x0097fe33) x28 0x00004800
core   0: 0x8000a7f4 (0xf22a3d17) auipc   s10, 0xf22a3
core   0: 3 0x8000a7f4 (0xf22a3d17) x26 0x722ad7f4
core   0: 0x8000a7f8 (0x01392a33) slt     s4, s2, s3
core   0: 3 0x8000a7f8 (0x01392a33) x20 0x00000000
core   0: 0x8000a7fc (0x0024d033) srl     zero, s1, sp
core   0: 3 0x8000a7fc (0x0024d033)
core   0: 0x8000a800 (0x0190a333) slt     t1, ra, s9
core   0: 3 0x8000a800 (0x0190a333) x 6 0x00000000
core   0: 0x8000a804 (0x005619b3) sll     s3, a2, t0
core   0: 3 0x8000a804 (0x005619b3) x19 0xfffffc7a
core   0: 0x8000a808 (0x00076b37) lui     s6, 0x76
core   0: 3 0x8000a808 (0x00076b37) x22 0x00076000
core   0: 0x8000a80c (0x00adb033) sltu    zero, s11, a0
core   0: 3 0x8000a80c (0x00adb033)
core   0: 0x8000a810 (0x009f3cb3) sltu    s9, t5, s1
core   0: 3 0x8000a810 (0x009f3cb3) x25 0x00000001
core   0: 0x8000a814 (0xfec6bf37) lui     t5, 0xfec6b
core   0: 3 0x8000a814 (0xfec6bf37) x30 0xfec6b000
core   0: 0x8000a818 (0x0108a933) slt     s2, a7, a6
core   0: 3 0x8000a818 (0x0108a933) x18 0x00000000
core   0: 0x8000a81c (0x010c85b3) add     a1, s9, a6
core   0: 3 0x8000a81c (0x010c85b3) x11 0x00000001
core   0: 0x8000a820 (0x40edde13) srai    t3, s11, 14
core   0: 3 0x8000a820 (0x40edde13) x28 0xfffe0004
core   0: 0x8000a824 (0x141466b7) lui     a3, 0x14146
core   0: 3 0x8000a824 (0x141466b7) x13 0x14146000
core   0: 0x8000a828 (0x00ed68b3) or      a7, s10, a4
core   0: 3 0x8000a828 (0x00ed68b3) x17 0xfffffff6
core   0: 0x8000a82c (0x40e75793) srai    a5, a4, 14
core   0: 3 0x8000a82c (0x40e75793) x15 0xffffffff
core   0: 0x8000a830 (0xa9b7c193) xori    gp, a5, -1381
core   0: 3 0x8000a830 (0xa9b7c193) x 3 0x00000564
core   0: 0x8000a834 (0x00268333) add     t1, a3, sp
core   0: 3 0x8000a834 (0x00268333) x 6 0x1411f800
core   0: 0x8000a838 (0xaba54013) xori    zero, a0, -1350
core   0: 3 0x8000a838 (0xaba54013)
core   0: 0x8000a83c (0x01fe9cb3) sll     s9, t4, t6
core   0: 3 0x8000a83c (0x01fe9cb3) x25 0x00100000
core   0: 0x8000a840 (0x01c46bb3) or      s7, s0, t3
core   0: 3 0x8000a840 (0x01c46bb3) x23 0xfffffffc
core   0: 0x8000a844 (0x01058ab3) add     s5, a1, a6
core   0: 3 0x8000a844 (0x01058ab3) x21 0x00000001
core   0: 0x8000a848 (0x01aa2a33) slt     s4, s4, s10
core   0: 3 0x8000a848 (0x01aa2a33) x20 0x00000001
core   0: 0x8000a84c (0x01f0d593) srli    a1, ra, 31
core   0: 3 0x8000a84c (0x01f0d593) x11 0x00000000
core   0: 0x8000a850 (0x80c8b593) sltiu   a1, a7, -2036
core   0: 3 0x8000a850 (0x80c8b593) x11 0x00000000
core   0: 0x8000a854 (0x01bbdab3) srl     s5, s7, s11
core   0: 3 0x8000a854 (0x01bbdab3) x21 0x00ffffff
core   0: 0x8000a858 (0x013e7cb3) and     s9, t3, s3
core   0: 3 0x8000a858 (0x013e7cb3) x25 0xfffe0000
core   0: 0x8000a85c (0x4065d993) srai    s3, a1, 6
core   0: 3 0x8000a85c (0x4065d993) x19 0x00000000
core   0: 0x8000a860 (0x01e47b33) and     s6, s0, t5
core   0: 3 0x8000a860 (0x01e47b33) x22 0xfec6b000
core   0: 0x8000a864 (0xad5ec713) xori    a4, t4, -1323
core   0: 3 0x8000a864 (0xad5ec713) x14 0xfffffad4
core   0: 0x8000a868 (0x35ab8613) addi    a2, s7, 858
core   0: 3 0x8000a868 (0x35ab8613) x12 0x00000356
core   0: 0x8000a86c (0x01331113) slli    sp, t1, 19
core   0: 3 0x8000a86c (0x01331113) x 2 0xc0000000
core   0: 0x8000a870 (0x01a967b3) or      a5, s2, s10
core   0: 3 0x8000a870 (0x01a967b3) x15 0x722ad7f4
core   0: 0x8000a874 (0x01068db3) add     s11, a3, a6
core   0: 3 0x8000a874 (0x01068db3) x27 0x14146000
core   0: 0x8000a878 (0x92cf8c13) addi    s8, t6, -1748
core   0: 3 0x8000a878 (0x92cf8c13) x24 0xaebdd0c0
core   0: 0x8000a87c (0x01491a33) sll     s4, s2, s4
core   0: 3 0x8000a87c (0x01491a33) x20 0x00000000
core   0: 0x8000a880 (0x00949f93) slli    t6, s1, 9
core   0: 3 0x8000a880 (0x00949f93) x31 0x02b9c800
core   0: 0x8000a884 (0x40e3d7b3) sra     a5, t2, a4
core   0: 3 0x8000a884 (0x40e3d7b3) x15 0xfffff800
core   0: 0x8000a888 (0x003c4d33) xor     s10, s8, gp
core   0: 3 0x8000a888 (0x003c4d33) x26 0xaebdd5a4
core   0: 0x8000a88c (0x7b2f8e93) addi    t4, t6, 1970
core   0: 3 0x8000a88c (0x7b2f8e93) x29 0x02b9cfb2
core   0: 0x8000a890 (0xd634e613) ori     a2, s1, -669
core   0: 3 0x8000a890 (0xd634e613) x12 0xfffffde7
core   0: 0x8000a894 (0x003b56b3) srl     a3, s6, gp
core   0: 3 0x8000a894 (0x003b56b3) x13 0x0fec6b00
core   0: 0x8000a898 (0x00eb51b3) srl     gp, s6, a4
core   0: 3 0x8000a898 (0x00eb51b3) x 3 0x00000fec
core   0: 0x8000a89c (0x01ffde33) srl     t3, t6, t6
core   0: 3 0x8000a89c (0x01ffde33) x28 0x02b9c800
core   0: 0x8000a8a0 (0x0047e033) or      zero, a5, tp
core   0: 3 0x8000a8a0 (0x0047e033)
core   0: 0x8000a8a4 (0x01b0a333) slt     t1, ra, s11
core   0: 3 0x8000a8a4 (0x01b0a333) x 6 0x00000001
core   0: 0x8000a8a8 (0xb157af93) slti    t6, a5, -1259
core   0: 3 0x8000a8a8 (0xb157af93) x31 0x00000001
core   0: 0x8000a8ac (0x000d2033) slt     zero, s10, zero
core   0: 3 0x8000a8ac (0x000d2033)
core   0: 0x8000a8b0 (0x00f7c033) xor     zero, a5, a5
core   0: 3 0x8000a8b0 (0x00f7c033)
core   0: 0x8000a8b4 (0x017edd93) srli    s11, t4, 23
core   0: 3 0x8000a8b4 (0x017edd93) x27 0x00000005
core   0: 0x8000a8b8 (0x35b1a713) slti    a4, gp, 859
core   0: 3 0x8000a8b8 (0x35b1a713) x14 0x00000000
core   0: 0x8000a8bc (0x30186613) ori     a2, a6, 769
core   0: 3 0x8000a8bc (0x30186613) x12 0x00000301
core   0: 0x8000a8c0 (0x8f0ffd93) andi    s11, t6, -1808
core   0: 3 0x8000a8c0 (0x8f0ffd93) x27 0x00000000
core   0: 0x8000a8c4 (0x0194d693) srli    a3, s1, 25
core   0: 3 0x8000a8c4 (0x0194d693) x13 0x00000040
core   0: 0x8000a8c8 (0x72ac4197) auipc   gp, 0x72ac4
core   0: 3 0x8000a8c8 (0x72ac4197) x 3 0xf2ace8c8
core   0: 0x8000a8cc (0x0164ce33) xor     t3, s1, s6
core   0: 3 0x8000a8cc (0x0164ce33) x28 0x7ec7ece4
core   0: 0x8000a8d0 (0x00a2abb3) slt     s7, t0, a0
core   0: 3 0x8000a8d0 (0x00a2abb3) x23 0x00000001
core   0: 0x8000a8d4 (0x40070333) sub     t1, a4, zero
core   0: 3 0x8000a8d4 (0x40070333) x 6 0x00000000
core   0: 0x8000a8d8 (0xf251cb93) xori    s7, gp, -219
core   0: 3 0x8000a8d8 (0xf251cb93) x23 0x0d5317ed
core   0: 0x8000a8dc (0x77ff3513) sltiu   a0, t5, 1919
core   0: 3 0x8000a8dc (0x77ff3513) x10 0x00000000
core   0: 0x8000a8e0 (0x00000013) nop
core   0: 3 0x8000a8e0 (0x00000013)
core   0: 0x8000a8e4 (0x61fcee13) ori     t3, s9, 1567
core   0: 3 0x8000a8e4 (0x61fcee13) x28 0xfffe061f
core   0: 0x8000a8e8 (0x0142c1b3) xor     gp, t0, s4
core   0: 3 0x8000a8e8 (0x0142c1b3) x 3 0xffffff80
core   0: 0x8000a8ec (0x007e9693) slli    a3, t4, 7
core   0: 3 0x8000a8ec (0x007e9693) x13 0x5ce7d900
core   0: 0x8000a8f0 (0x008db333) sltu    t1, s11, s0
core   0: 3 0x8000a8f0 (0x008db333) x 6 0x00000001
core   0: 0x8000a8f4 (0x40e85a13) srai    s4, a6, 14
core   0: 3 0x8000a8f4 (0x40e85a13) x20 0x00000000
core   0: 0x8000a8f8 (0x0174bc33) sltu    s8, s1, s7
core   0: 3 0x8000a8f8 (0x0174bc33) x24 0x00000000
core   0: 0x8000a8fc (0xc1b8c2b7) lui     t0, 0xc1b8c
core   0: 3 0x8000a8fc (0xc1b8c2b7) x 5 0xc1b8c000
core   0: 0x8000a900 (0x0074a5b3) slt     a1, s1, t2
core   0: 3 0x8000a900 (0x0074a5b3) x11 0x00000000
core   0: 0x8000a904 (0x677b6d13) ori     s10, s6, 1655
core   0: 3 0x8000a904 (0x677b6d13) x26 0xfec6b677
core   0: 0x8000a908 (0x71c56713) ori     a4, a0, 1820
core   0: 3 0x8000a908 (0x71c56713) x14 0x0000071c
core   0: 0x8000a90c (0x3fde0e93) addi    t4, t3, 1021
core   0: 3 0x8000a90c (0x3fde0e93) x29 0xfffe0a1c
core   0: 0x8000a910 (0x00c9b9b3) sltu    s3, s3, a2
core   0: 3 0x8000a910 (0x00c9b9b3) x19 0x00000001
core   0: 0x8000a914 (0x016a6b33) or      s6, s4, s6
core   0: 3 0x8000a914 (0x016a6b33) x22 0xfec6b000
core   0: 0x8000a918 (0x01286d33) or      s10, a6, s2
core   0: 3 0x8000a918 (0x01286d33) x26 0x00000000
core   0: 0x8000a91c (0x00e9a5b3) slt     a1, s3, a4
core   0: 3 0x8000a91c (0x00e9a5b3) x11 0x00000001
core   0: 0x8000a920 (0x00214333) xor     t1, sp, sp
core   0: 3 0x8000a920 (0x00214333) x 6 0x00000000
core   0: 0x8000a924 (0x01791313) slli    t1, s2, 23
core   0: 3 0x8000a924 (0x01791313) x 6 0x00000000
core   0: 0x8000a928 (0x00539c93) slli    s9, t2, 5
core   0: 3 0x8000a928 (0x00539c93) x25 0x0023cc80
core   0: 0x8000a92c (0x8764b893) sltiu   a7, s1, -1930
core   0: 3 0x8000a92c (0x8764b893) x17 0x00000001
core   0: 0x8000a930 (0x40014413) xori    s0, sp, 1024
core   0: 3 0x8000a930 (0x40014413) x 8 0xc0000400
core   0: 0x8000a934 (0x39e6ba93) sltiu   s5, a3, 926
core   0: 3 0x8000a934 (0x39e6ba93) x21 0x00000000
core   0: 0x8000a938 (0x01c417b3) sll     a5, s0, t3
core   0: 3 0x8000a938 (0x01c417b3) x15 0x00000000
core   0: 0x8000a93c (0x54dded13) ori     s10, s11, 1357
core   0: 3 0x8000a93c (0x54dded13) x26 0x0000054d
core   0: 0x8000a940 (0x01346bb3) or      s7, s0, s3
core   0: 3 0x8000a940 (0x01346bb3) x23 0xc0000401
core   0: 0x8000a944 (0xf54dc193) xori    gp, s11, -172
core   0: 3 0x8000a944 (0xf54dc193) x 3 0xffffff54
core   0: 0x8000a948 (0x9270f617) auipc   a2, 0x9270f
core   0: 3 0x8000a948 (0x9270f617) x12 0x12719948
core   0: 0x8000a94c (0xf68b6613) ori     a2, s6, -152
core   0: 3 0x8000a94c (0xf68b6613) x12 0xffffff68
core   0: 0x8000a950 (0x00000013) nop
core   0: 3 0x8000a950 (0x00000013)
core   0: 0x8000a954 (0x2ecc05b7) lui     a1, 0x2ecc0
core   0: 3 0x8000a954 (0x2ecc05b7) x11 0x2ecc0000
core   0: 0x8000a958 (0x4733a113) slti    sp, t2, 1139
core   0: 3 0x8000a958 (0x4733a113) x 2 0x00000001
core   0: 0x8000a95c (0x3edf6193) ori     gp, t5, 1005
core   0: 3 0x8000a95c (0x3edf6193) x 3 0xfec6b3ed
core   0: 0x8000a960 (0x00f456b3) srl     a3, s0, a5
core   0: 3 0x8000a960 (0x00f456b3) x13 0xc0000400
core   0: 0x8000a964 (0x403ddd93) srai    s11, s11, 3
core   0: 3 0x8000a964 (0x403ddd93) x27 0x00000000
core   0: 0x8000a968 (0x00dbd333) srl     t1, s7, a3
core   0: 3 0x8000a968 (0x00dbd333) x 6 0xc0000401
core   0: 0x8000a96c (0x0bd8d937) lui     s2, 0xbd8d
core   0: 3 0x8000a96c (0x0bd8d937) x18 0x0bd8d000
core   0: 0x8000a970 (0x88ba7d17) auipc   s10, 0x88ba7
core   0: 3 0x8000a970 (0x88ba7d17) x26 0x08bb1970
core   0: 0x8000a974 (0x01d96e33) or      t3, s2, t4
core   0: 3 0x8000a974 (0x01d96e33) x28 0xfffeda1c
core   0: 0x8000a978 (0x012eb1b3) sltu    gp, t4, s2
core   0: 3 0x8000a978 (0x012eb1b3) x 3 0x00000000
core   0: 0x8000a97c (0xe8c9f593) andi    a1, s3, -372
core   0: 3 0x8000a97c (0xe8c9f593) x11 0x00000000
core   0: 0x8000a980 (0x015fdc13) srli    s8, t6, 21
core   0: 3 0x8000a980 (0x015fdc13) x24 0x00000000
core   0: 0x8000a984 (0xa6c4a913) slti    s2, s1, -1428
core   0: 3 0x8000a984 (0xa6c4a913) x18 0x00000001
core   0: 0x8000a988 (0x01ac2d33) slt     s10, s8, s10
core   0: 3 0x8000a988 (0x01ac2d33) x26 0x00000001
core   0: 0x8000a98c (0x004450b3) srl     ra, s0, tp
core   0: 3 0x8000a98c (0x004450b3) x 1 0x00000006
core   0: 0x8000a990 (0x004e5b33) srl     s6, t3, tp
core   0: 3 0x8000a990 (0x004e5b33) x22 0x00000007
core   0: 0x8000a994 (0x0163a0b3) slt     ra, t2, s6
core   0: 3 0x8000a994 (0x0163a0b3) x 1 0x00000001
core   0: 0x8000a998 (0x0192d513) srli    a0, t0, 25
core   0: 3 0x8000a998 (0x0192d513) x10 0x00000060
core   0: 0x8000a99c (0x0186bcb3) sltu    s9, a3, s8
core   0: 3 0x8000a99c (0x0186bcb3) x25 0x00000000
core   0: 0x8000a9a0 (0x415e0633) sub     a2, t3, s5
core   0: 3 0x8000a9a0 (0x415e0633) x12 0xfffeda1c
core   0: 0x8000a9a4 (0x0142a5b3) slt     a1, t0, s4
core   0: 3 0x8000a9a4 (0x0142a5b3) x11 0x00000001
core   0: 0x8000a9a8 (0x968b2e13) slti    t3, s6, -1688
core   0: 3 0x8000a9a8 (0x968b2e13) x28 0x00000000
core   0: 0x8000a9ac (0x41be5db3) sra     s11, t3, s11
core   0: 3 0x8000a9ac (0x41be5db3) x27 0x00000000
core   0: 0x8000a9b0 (0x0158d433) srl     s0, a7, s5
core   0: 3 0x8000a9b0 (0x0158d433) x 8 0x00000001
core   0: 0x8000a9b4 (0x014a77b3) and     a5, s4, s4
core   0: 3 0x8000a9b4 (0x014a77b3) x15 0x00000000
core   0: 0x8000a9b8 (0x00fea333) slt     t1, t4, a5
core   0: 3 0x8000a9b8 (0x00fea333) x 6 0x00000001
core   0: 0x8000a9bc (0x41d2d793) srai    a5, t0, 29
core   0: 3 0x8000a9bc (0x41d2d793) x15 0xfffffffe
core   0: 0x8000a9c0 (0x01715c93) srli    s9, sp, 23
core   0: 3 0x8000a9c0 (0x01715c93) x25 0x00000000
core   0: 0x8000a9c4 (0x3f0c4b37) lui     s6, 0x3f0c4
core   0: 3 0x8000a9c4 (0x3f0c4b37) x22 0x3f0c4000
core   0: 0x8000a9c8 (0x00000013) nop
core   0: 3 0x8000a9c8 (0x00000013)
core   0: 0x8000a9cc (0x010e9813) slli    a6, t4, 16
core   0: 3 0x8000a9cc (0x010e9813) x16 0x0a1c0000
core   0: 0x8000a9d0 (0x01d71513) slli    a0, a4, 29
core   0: 3 0x8000a9d0 (0x01d71513) x10 0x80000000
core   0: 0x8000a9d4 (0x409e8a33) sub     s4, t4, s1
core   0: 3 0x8000a9d4 (0x409e8a33) x20 0x7ffcad38
core   0: 0x8000a9d8 (0x41a185b3) sub     a1, gp, s10
core   0: 3 0x8000a9d8 (0x41a185b3) x11 0xffffffff
core   0: 0x8000a9dc (0x3b252093) slti    ra, a0, 946
core   0: 3 0x8000a9dc (0x3b252093) x 1 0x00000001
core   0: 0x8000a9e0 (0x41ded813) srai    a6, t4, 29
core   0: 3 0x8000a9e0 (0x41ded813) x16 0xffffffff
core   0: 0x8000a9e4 (0xef8f0f93) addi    t6, t5, -264
core   0: 3 0x8000a9e4 (0xef8f0f93) x31 0xfec6aef8
core   0: 0x8000a9e8 (0x01790bb3) add     s7, s2, s7
core   0: 3 0x8000a9e8 (0x01790bb3) x23 0xc0000402
core   0: 0x8000a9ec (0x216c19b7) lui     s3, 0x216c1
core   0: 3 0x8000a9ec (0x216c19b7) x19 0x216c1000
core   0: 0x8000a9f0 (0x018387b3) add     a5, t2, s8
core   0: 3 0x8000a9f0 (0x018387b3) x15 0x80011e64
core   0: 0x8000a9f4 (0x812e7b17) auipc   s6, 0x812e7
core   0: 3 0x8000a9f4 (0x812e7b17) x22 0x012f19f4
core   0: 0x8000a9f8 (0x00768033) add     zero, a3, t2
core   0: 3 0x8000a9f8 (0x00768033)
core   0: 0x8000a9fc (0x2431c693) xori    a3, gp, 579
core   0: 3 0x8000a9fc (0x2431c693) x13 0x00000243
core   0: 0x8000aa00 (0x20d4fb13) andi    s6, s1, 525
core   0: 3 0x8000aa00 (0x20d4fb13) x22 0x00000004
core   0: 0x8000aa04 (0xf5930713) addi    a4, t1, -167
core   0: 3 0x8000aa04 (0xf5930713) x14 0xffffff5a
core   0: 0x8000aa08 (0xa6dcc793) xori    a5, s9, -1427
core   0: 3 0x8000aa08 (0xa6dcc793) x15 0xfffffa6d
core   0: 0x8000aa0c (0x013bc9b3) xor     s3, s7, s3
core   0: 3 0x8000aa0c (0x013bc9b3) x19 0xe16c1402
core   0: 0x8000aa10 (0x40620833) sub     a6, tp, t1
core   0: 3 0x8000aa10 (0x40620833) x16 0xfec3917c
core   0: 0x8000aa14 (0x011f9a33) sll     s4, t6, a7
core   0: 3 0x8000aa14 (0x011f9a33) x20 0xfd8d5df0
core   0: 0x8000aa18 (0xc35a3413) sltiu   s0, s4, -971
core   0: 3 0x8000aa18 (0xc35a3413) x 8 0x00000001
core   0: 0x8000aa1c (0x015b6c33) or      s8, s6, s5
core   0: 3 0x8000aa1c (0x015b6c33) x24 0x00000004
core   0: 0x8000aa20 (0xe1862e13) slti    t3, a2, -488
core   0: 3 0x8000aa20 (0xe1862e13) x28 0x00000001
core   0: 0x8000aa24 (0x00000013) nop
core   0: 3 0x8000aa24 (0x00000013)
core   0: 0x8000aa28 (0xca8b01b7) lui     gp, 0xca8b0
core   0: 3 0x8000aa28 (0xca8b01b7) x 3 0xca8b0000
core   0: 0x8000aa2c (0x93807117) auipc   sp, 0x93807
core   0: 3 0x8000aa2c (0x93807117) x 2 0x13811a2c
core   0: 0x8000aa30 (0x01edd193) srli    gp, s11, 30
core   0: 3 0x8000aa30 (0x01edd193) x 3 0x00000000
core   0: 0x8000aa34 (0x00000013) nop
core   0: 3 0x8000aa34 (0x00000013)
core   0: 0x8000aa38 (0xe4b08f17) auipc   t5, 0xe4b08
core   0: 3 0x8000aa38 (0xe4b08f17) x30 0x64b12a38
core   0: 0x8000aa3c (0x41498a33) sub     s4, s3, s4
core   0: 3 0x8000aa3c (0x41498a33) x20 0xe3deb612
core   0: 0x8000aa40 (0x0a98e193) ori     gp, a7, 169
core   0: 3 0x8000aa40 (0x0a98e193) x 3 0x000000a9
core   0: 0x8000aa44 (0x00000013) nop
core   0: 3 0x8000aa44 (0x00000013)
core   0: 0x8000aa48 (0x008b4db3) xor     s11, s6, s0
core   0: 3 0x8000aa48 (0x008b4db3) x27 0x00000005
core   0: 0x8000aa4c (0x002eae33) slt     t3, t4, sp
core   0: 3 0x8000aa4c (0x002eae33) x28 0x00000001
core   0: 0x8000aa50 (0x01721613) slli    a2, tp, 23
core   0: 3 0x8000aa50 (0x01721613) x12 0xbe800000
core   0: 0x8000aa54 (0xf4be8197) auipc   gp, 0xf4be8
core   0: 3 0x8000aa54 (0xf4be8197) x 3 0x74bf2a54
core   0: 0x8000aa58 (0xde83f613) andi    a2, t2, -536
core   0: 3 0x8000aa58 (0xde83f613) x12 0x80011c60
core   0: 0x8000aa5c (0x00485033) srl     zero, a6, tp
core   0: 3 0x8000aa5c (0x00485033)
core   0: 0x8000aa60 (0x01559b93) slli    s7, a1, 21
core   0: 3 0x8000aa60 (0x01559b93) x23 0xffe00000
core   0: 0x8000aa64 (0x3f897797) auipc   a5, 0x3f897
core   0: 3 0x8000aa64 (0x3f897797) x15 0xbf8a1a64
core   0: 0x8000aa68 (0x7274b1b7) lui     gp, 0x7274b
core   0: 3 0x8000aa68 (0x7274b1b7) x 3 0x7274b000
core   0: 0x8000aa6c (0x0085f733) and     a4, a1, s0
core   0: 3 0x8000aa6c (0x0085f733) x14 0x00000001
core   0: 0x8000aa70 (0x4173dbb3) sra     s7, t2, s7
core   0: 3 0x8000aa70 (0x4173dbb3) x23 0x80011e64
core   0: 0x8000aa74 (0x0157f1b3) and     gp, a5, s5
core   0: 3 0x8000aa74 (0x0157f1b3) x 3 0x00000000
core   0: 0x8000aa78 (0x0093dc93) srli    s9, t2, 9
core   0: 3 0x8000aa78 (0x0093dc93) x25 0x0040008f
core   0: 0x8000aa7c (0x018538b3) sltu    a7, a0, s8
core   0: 3 0x8000aa7c (0x018538b3) x17 0x00000000
core   0: 0x8000aa80 (0x01382d33) slt     s10, a6, s3
core   0: 3 0x8000aa80 (0x01382d33) x26 0x00000000
core   0: 0x8000aa84 (0xe78e3693) sltiu   a3, t3, -392
core   0: 3 0x8000aa84 (0xe78e3693) x13 0x00000001
core   0: 0x8000aa88 (0x00000013) nop
core   0: 3 0x8000aa88 (0x00000013)
core   0: 0x8000aa8c (0x8dcf0f93) addi    t6, t5, -1828
core   0: 3 0x8000aa8c (0x8dcf0f93) x31 0x64b12314
core   0: 0x8000aa90 (0x008e18b3) sll     a7, t3, s0
core   0: 3 0x8000aa90 (0x008e18b3) x17 0x00000002
core   0: 0x8000aa94 (0x01e31f93) slli    t6, t1, 30
core   0: 3 0x8000aa94 (0x01e31f93) x31 0x40000000
core   0: 0x8000aa98 (0x7f908db7) lui     s11, 0x7f908
core   0: 3 0x8000aa98 (0x7f908db7) x27 0x7f908000
core   0: 0x8000aa9c (0x00000013) nop
core   0: 3 0x8000aa9c (0x00000013)
core   0: 0x8000aaa0 (0x00a3a933) slt     s2, t2, a0
core   0: 3 0x8000aaa0 (0x00a3a933) x18 0x00000000
core   0: 0x8000aaa4 (0x0010deb3) srl     t4, ra, ra
core   0: 3 0x8000aaa4 (0x0010deb3) x29 0x00000000
core   0: 0x8000aaa8 (0xfb2aa993) slti    s3, s5, -78
core   0: 3 0x8000aaa8 (0xfb2aa993) x19 0x00000000
core   0: 0x8000aaac (0x0185cc33) xor     s8, a1, s8
core   0: 3 0x8000aaac (0x0185cc33) x24 0xfffffffb
core   0: 0x8000aab0 (0x87af0913) addi    s2, t5, -1926
core   0: 3 0x8000aab0 (0x87af0913) x18 0x64b122b2
core   0: 0x8000aab4 (0x00000013) nop
core   0: 3 0x8000aab4 (0x00000013)
core   0: 0x8000aab8 (0x00ead6b3) srl     a3, s5, a4
core   0: 3 0x8000aab8 (0x00ead6b3) x13 0x00000000
core   0: 0x8000aabc (0x40e80d33) sub     s10, a6, a4
core   0: 3 0x8000aabc (0x40e80d33) x26 0xfec3917b
core   0: 0x8000aac0 (0x00f91733) sll     a4, s2, a5
core   0: 3 0x8000aac0 (0x00f91733) x14 0x4b122b20
core   0: 0x8000aac4 (0x009d4333) xor     t1, s10, s1
core   0: 3 0x8000aac4 (0x009d4333) x 6 0x7ec2cd9f
core   0: 0x8000aac8 (0x01ec8133) add     sp, s9, t5
core   0: 3 0x8000aac8 (0x01ec8133) x 2 0x64f12ac7
core   0: 0x8000aacc (0x01dc21b3) slt     gp, s8, t4
core   0: 3 0x8000aacc (0x01dc21b3) x 3 0x00000001
core   0: 0x8000aad0 (0x0035d893) srli    a7, a1, 3
core   0: 3 0x8000aad0 (0x0035d893) x17 0x1fffffff
core   0: 0x8000aad4 (0xda7a0693) addi    a3, s4, -601
core   0: 3 0x8000aad4 (0xda7a0693) x13 0xe3deb3b9
core   0: 0x8000aad8 (0x0ee0fc13) andi    s8, ra, 238
core   0: 3 0x8000aad8 (0x0ee0fc13) x24 0x00000000
core   0: 0x8000aadc (0x40cdd113) srai    sp, s11, 12
core   0: 3 0x8000aadc (0x40cdd113) x 2 0x0007f908
core   0: 0x8000aae0 (0x006e1913) slli    s2, t3, 6
core   0: 3 0x8000aae0 (0x006e1913) x18 0x00000040
core   0: 0x8000aae4 (0x41e20bb3) sub     s7, tp, t5
core   0: 3 0x8000aae4 (0x41e20bb3) x23 0x9a126745
core   0: 0x8000aae8 (0x5cca3097) auipc   ra, 0x5cca3
core   0: 3 0x8000aae8 (0x5cca3097) x 1 0xdccadae8
core   0: 0x8000aaec (0x26c56513) ori     a0, a0, 620
core   0: 3 0x8000aaec (0x26c56513) x10 0x8000026c
core   0: 0x8000aaf0 (0xb5ecc793) xori    a5, s9, -1186
core   0: 3 0x8000aaf0 (0xb5ecc793) x15 0xffbffbd1
core   0: 0x8000aaf4 (0x0062cab3) xor     s5, t0, t1
core   0: 3 0x8000aaf4 (0x0062cab3) x21 0xbf7a0d9f
core   0: 0x8000aaf8 (0x965b0f93) addi    t6, s6, -1691
core   0: 3 0x8000aaf8 (0x965b0f93) x31 0xfffff969
core   0: 0x8000aafc (0x014a1db3) sll     s11, s4, s4
core   0: 3 0x8000aafc (0x014a1db3) x27 0xd8480000
core   0: 0x8000ab00 (0x015bf6b3) and     a3, s7, s5
core   0: 3 0x8000ab00 (0x015bf6b3) x13 0x9a120505
core   0: 0x8000ab04 (0x005eb7b3) sltu    a5, t4, t0
core   0: 3 0x8000ab04 (0x005eb7b3) x15 0x00000001
core   0: 0x8000ab08 (0x5995ec93) ori     s9, a1, 1433
core   0: 3 0x8000ab08 (0x5995ec93) x25 0xffffffff
core   0: 0x8000ab0c (0x00000013) nop
core   0: 3 0x8000ab0c (0x00000013)
core   0: 0x8000ab10 (0xe5cc6f13) ori     t5, s8, -420
core   0: 3 0x8000ab10 (0xe5cc6f13) x30 0xfffffe5c
core   0: 0x8000ab14 (0x01b08bb3) add     s7, ra, s11
core   0: 3 0x8000ab14 (0x01b08bb3) x23 0xb512dae8
core   0: 0x8000ab18 (0x415f0f33) sub     t5, t5, s5
core   0: 3 0x8000ab18 (0x415f0f33) x30 0x4085f0bd
core   0: 0x8000ab1c (0x00f907b3) add     a5, s2, a5
core   0: 3 0x8000ab1c (0x00f907b3) x15 0x00000041
core   0: 0x8000ab20 (0xcef38fb7) lui     t6, 0xcef38
core   0: 3 0x8000ab20 (0xcef38fb7) x31 0xcef38000
core   0: 0x8000ab24 (0x01efbbb3) sltu    s7, t6, t5
core   0: 3 0x8000ab24 (0x01efbbb3) x23 0x00000000
core   0: 0x8000ab28 (0x01be0633) add     a2, t3, s11
core   0: 3 0x8000ab28 (0x01be0633) x12 0xd8480001
core   0: 0x8000ab2c (0x01efb2b3) sltu    t0, t6, t5
core   0: 3 0x8000ab2c (0x01efb2b3) x 5 0x00000000
core   0: 0x8000ab30 (0x4272bc93) sltiu   s9, t0, 1063
core   0: 3 0x8000ab30 (0x4272bc93) x25 0x00000001
core   0: 0x8000ab34 (0x01da9ab3) sll     s5, s5, t4
core   0: 3 0x8000ab34 (0x01da9ab3) x21 0xbf7a0d9f
core   0: 0x8000ab38 (0x41f35a13) srai    s4, t1, 31
core   0: 3 0x8000ab38 (0x41f35a13) x20 0x00000000
core   0: 0x8000ab3c (0x84028813) addi    a6, t0, -1984
core   0: 3 0x8000ab3c (0x84028813) x16 0xfffff840
core   0: 0x8000ab40 (0x957d0113) addi    sp, s10, -1705
core   0: 3 0x8000ab40 (0x957d0113) x 2 0xfec38ad2
core   0: 0x8000ab44 (0x01029e33) sll     t3, t0, a6
core   0: 3 0x8000ab44 (0x01029e33) x28 0x00000000
core   0: 0x8000ab48 (0x009409b3) add     s3, s0, s1
core   0: 3 0x8000ab48 (0x009409b3) x19 0x80015ce5
core   0: 0x8000ab4c (0x733ef597) auipc   a1, 0x733ef
core   0: 3 0x8000ab4c (0x733ef597) x11 0xf33f9b4c
core   0: 0x8000ab50 (0xdf78be93) sltiu   t4, a7, -521
core   0: 3 0x8000ab50 (0xdf78be93) x29 0x00000001
core   0: 0x8000ab54 (0x01a58ab3) add     s5, a1, s10
core   0: 3 0x8000ab54 (0x01a58ab3) x21 0xf2032cc7
core   0: 0x8000ab58 (0x01535433) srl     s0, t1, s5
core   0: 3 0x8000ab58 (0x01535433) x 8 0x00fd859b
core   0: 0x8000ab5c (0x01f59813) slli    a6, a1, 31
core   0: 3 0x8000ab5c (0x01f59813) x16 0x00000000
core   0: 0x8000ab60 (0x00000013) nop
core   0: 3 0x8000ab60 (0x00000013)
core   0: 0x8000ab64 (0x012ac5b3) xor     a1, s5, s2
core   0: 3 0x8000ab64 (0x012ac5b3) x11 0xf2032c87
core   0: 0x8000ab68 (0x40500133) sub     sp, zero, t0
core   0: 3 0x8000ab68 (0x40500133) x 2 0x00000000
core   0: 0x8000ab6c (0x008b7a33) and     s4, s6, s0
core   0: 3 0x8000ab6c (0x008b7a33) x20 0x00000000
core   0: 0x8000ab70 (0xaeb3fa13) andi    s4, t2, -1301
core   0: 3 0x8000ab70 (0xaeb3fa13) x20 0x80011a60
core   0: 0x8000ab74 (0x00000013) nop
core   0: 3 0x8000ab74 (0x00000013)
core   0: 0x8000ab78 (0x1eafce13) xori    t3, t6, 490
core   0: 3 0x8000ab78 (0x1eafce13) x28 0xcef381ea
core   0: 0x8000ab7c (0x00fe4533) xor     a0, t3, a5
core   0: 3 0x8000ab7c (0x00fe4533) x10 0xcef381ab
core   0: 0x8000ab80 (0x41f15093) srai    ra, sp, 31
core   0: 3 0x8000ab80 (0x41f15093) x 1 0x00000000
core   0: 0x8000ab84 (0x1e200693) li      a3, 482
core   0: 3 0x8000ab84 (0x1e200693) x13 0x000001e2
core   0: 0x8000ab88 (0x015b6b33) or      s6, s6, s5
core   0: 3 0x8000ab88 (0x015b6b33) x22 0xf2032cc7
core   0: 0x8000ab8c (0x00842633) slt     a2, s0, s0
core   0: 3 0x8000ab8c (0x00842633) x12 0x00000000
core   0: 0x8000ab90 (0xb0f80f13) addi    t5, a6, -1265
core   0: 3 0x8000ab90 (0xb0f80f13) x30 0xfffffb0f
core   0: 0x8000ab94 (0x45e2c693) xori    a3, t0, 1118
core   0: 3 0x8000ab94 (0x45e2c693) x13 0x0000045e
core   0: 0x8000ab98 (0xa5d4b613) sltiu   a2, s1, -1443
core   0: 3 0x8000ab98 (0xa5d4b613) x12 0x00000001
core   0: 0x8000ab9c (0x172d7793) andi    a5, s10, 370
core   0: 3 0x8000ab9c (0x172d7793) x15 0x00000172
core   0: 0x8000aba0 (0x012f6733) or      a4, t5, s2
core   0: 3 0x8000aba0 (0x012f6733) x14 0xfffffb4f
core   0: 0x8000aba4 (0xc7c45e37) lui     t3, 0xc7c45
core   0: 3 0x8000aba4 (0xc7c45e37) x28 0xc7c45000
core   0: 0x8000aba8 (0x47c14f13) xori    t5, sp, 1148
core   0: 3 0x8000aba8 (0x47c14f13) x30 0x0000047c
core   0: 0x8000abac (0x01be1513) slli    a0, t3, 27
core   0: 3 0x8000abac (0x01be1513) x10 0x00000000
core   0: 0x8000abb0 (0x019ca333) slt     t1, s9, s9
core   0: 3 0x8000abb0 (0x019ca333) x 6 0x00000000
core   0: 0x8000abb4 (0x00000013) nop
core   0: 3 0x8000abb4 (0x00000013)
core   0: 0x8000abb8 (0x01800633) add     a2, zero, s8
core   0: 3 0x8000abb8 (0x01800633) x12 0x00000000
core   0: 0x8000abbc (0xfc1cb793) sltiu   a5, s9, -63
core   0: 3 0x8000abbc (0xfc1cb793) x15 0x00000001
core   0: 0x8000abc0 (0x6fd8ae13) slti    t3, a7, 1789
core   0: 3 0x8000abc0 (0x6fd8ae13) x28 0x00000000
core   0: 0x8000abc4 (0x375b0a93) addi    s5, s6, 885
core   0: 3 0x8000abc4 (0x375b0a93) x21 0xf203303c
core   0: 0x8000abc8 (0xc58f3a37) lui     s4, 0xc58f3
core   0: 3 0x8000abc8 (0xc58f3a37) x20 0xc58f3000
core   0: 0x8000abcc (0x41b65793) srai    a5, a2, 27
core   0: 3 0x8000abcc (0x41b65793) x15 0x00000000
core   0: 0x8000abd0 (0x15d8b017) auipc   zero, 0x15d8b
core   0: 3 0x8000abd0 (0x15d8b017)
core   0: 0x8000abd4 (0x00000013) nop
core   0: 3 0x8000abd4 (0x00000013)
core   0: 0x8000abd8 (0x00ea9293) slli    t0, s5, 14
core   0: 3 0x8000abd8 (0x00ea9293) x 5 0xcc0f0000
core   0: 0x8000abdc (0x40045bb3) sra     s7, s0, zero
core   0: 3 0x8000abdc (0x40045bb3) x23 0x00fd859b
core   0: 0x8000abe0 (0x362a8913) addi    s2, s5, 866
core   0: 3 0x8000abe0 (0x362a8913) x18 0xf203339e
core   0: 0x8000abe4 (0xb00ae613) ori     a2, s5, -1280
core   0: 3 0x8000abe4 (0xb00ae613) x12 0xfffffb3c
core   0: 0x8000abe8 (0x003895b3) sll     a1, a7, gp
core   0: 3 0x8000abe8 (0x003895b3) x11 0x3ffffffe
core   0: 0x8000abec (0x00000013) nop
core   0: 3 0x8000abec (0x00000013)
core   0: 0x8000abf0 (0x40498633) sub     a2, s3, tp
core   0: 3 0x8000abf0 (0x40498633) x12 0x813dcb68
core   0: 0x8000abf4 (0x518a4c93) xori    s9, s4, 1304
core   0: 3 0x8000abf4 (0x518a4c93) x25 0xc58f3518
core   0: 0x8000abf8 (0xba507893) andi    a7, zero, -1115
core   0: 3 0x8000abf8 (0xba507893) x17 0x00000000
core   0: 0x8000abfc (0x7fa72613) slti    a2, a4, 2042
core   0: 3 0x8000abfc (0x7fa72613) x12 0x00000001
core   0: 0x8000ac00 (0xa2a96e13) ori     t3, s2, -1494
core   0: 3 0x8000ac00 (0xa2a96e13) x28 0xfffffbbe
core   0: 0x8000ac04 (0x01cb76b3) and     a3, s6, t3
core   0: 3 0x8000ac04 (0x01cb76b3) x13 0xf2032886
core   0: 0x8000ac08 (0xfe7ca893) slti    a7, s9, -25
core   0: 3 0x8000ac08 (0xfe7ca893) x17 0x00000001
core   0: 0x8000ac0c (0x0143dcb3) srl     s9, t2, s4
core   0: 3 0x8000ac0c (0x0143dcb3) x25 0x80011e64
core   0: 0x8000ac10 (0x009897b3) sll     a5, a7, s1
core   0: 3 0x8000ac10 (0x009897b3) x15 0x00000010
core   0: 0x8000ac14 (0x00d235b3) sltu    a1, tp, a3
core   0: 3 0x8000ac14 (0x00d235b3) x11 0x00000000
core   0: 0x8000ac18 (0x40d3d6b3) sra     a3, t2, a3
core   0: 3 0x8000ac18 (0x40d3d6b3) x13 0xfe000479
core   0: 0x8000ac1c (0x00c59db3) sll     s11, a1, a2
core   0: 3 0x8000ac1c (0x00c59db3) x27 0x00000000
core   0: 0x8000ac20 (0x65346413) ori     s0, s0, 1619
core   0: 3 0x8000ac20 (0x65346413) x 8 0x00fd87db
core   0: 0x8000ac24 (0x40dad333) sra     t1, s5, a3
core   0: 3 0x8000ac24 (0x40dad333) x 6 0xfffffff9
core   0: 0x8000ac28 (0x41f1d793) srai    a5, gp, 31
core   0: 3 0x8000ac28 (0x41f1d793) x15 0x00000000
core   0: 0x8000ac2c (0x01ecbbb3) sltu    s7, s9, t5
core   0: 3 0x8000ac2c (0x01ecbbb3) x23 0x00000000
core   0: 0x8000ac30 (0x00000013) nop
core   0: 3 0x8000ac30 (0x00000013)
core   0: 0x8000ac34 (0x410f0f33) sub     t5, t5, a6
core   0: 3 0x8000ac34 (0x410f0f33) x30 0x0000047c
core   0: 0x8000ac38 (0x40f9deb3) sra     t4, s3, a5
core   0: 3 0x8000ac38 (0x40f9deb3) x29 0x80015ce5
core   0: 0x8000ac3c (0x008bb533) sltu    a0, s7, s0
core   0: 3 0x8000ac3c (0x008bb533) x10 0x00000001
core   0: 0x8000ac40 (0xb36eaf13) slti    t5, t4, -1226
core   0: 3 0x8000ac40 (0xb36eaf13) x30 0x00000001
core   0: 0x8000ac44 (0x38b53613) sltiu   a2, a0, 907
core   0: 3 0x8000ac44 (0x38b53613) x12 0x00000001
core   0: 0x8000ac48 (0x2549f593) andi    a1, s3, 596
core   0: 3 0x8000ac48 (0x2549f593) x11 0x00000044
core   0: 0x8000ac4c (0x01d12d33) slt     s10, sp, t4
core   0: 3 0x8000ac4c (0x01d12d33) x26 0x00000000
core   0: 0x8000ac50 (0x01a80933) add     s2, a6, s10
core   0: 3 0x8000ac50 (0x01a80933) x18 0x00000000
core   0: 0x8000ac54 (0x009b9933) sll     s2, s7, s1
core   0: 3 0x8000ac54 (0x009b9933) x18 0x00000000
core   0: 0x8000ac58 (0x00d75033) srl     zero, a4, a3
core   0: 3 0x8000ac58 (0x00d75033)
core   0: 0x8000ac5c (0x01c41613) slli    a2, s0, 28
core   0: 3 0x8000ac5c (0x01c41613) x12 0xb0000000
core   0: 0x8000ac60 (0x0102efb3) or      t6, t0, a6
core   0: 3 0x8000ac60 (0x0102efb3) x31 0xcc0f0000
core   0: 0x8000ac64 (0x400f5633) sra     a2, t5, zero
core   0: 3 0x8000ac64 (0x400f5633) x12 0x00000001
core   0: 0x8000ac68 (0x70b49737) lui     a4, 0x70b49
core   0: 3 0x8000ac68 (0x70b49737) x14 0x70b49000
core   0: 0x8000ac6c (0x01e715b3) sll     a1, a4, t5
core   0: 3 0x8000ac6c (0x01e715b3) x11 0xe1692000
core   0: 0x8000ac70 (0xb8dbcd93) xori    s11, s7, -1139
core   0: 3 0x8000ac70 (0xb8dbcd93) x27 0xfffffb8d
core   0: 0x8000ac74 (0x956da713) slti    a4, s11, -1706
core   0: 3 0x8000ac74 (0x956da713) x14 0x00000000
core   0: 0x8000ac78 (0x41b9d8b3) sra     a7, s3, s11
core   0: 3 0x8000ac78 (0x41b9d8b3) x17 0xfffc000a
core   0: 0x8000ac7c (0x01791593) slli    a1, s2, 23
core   0: 3 0x8000ac7c (0x01791593) x11 0x00000000
core   0: 0x8000ac80 (0x00a37a33) and     s4, t1, a0
core   0: 3 0x8000ac80 (0x00a37a33) x20 0x00000001
core   0: 0x8000ac84 (0x01f71513) slli    a0, a4, 31
core   0: 3 0x8000ac84 (0x01f71513) x10 0x00000000
core   0: 0x8000ac88 (0x014ec633) xor     a2, t4, s4
core   0: 3 0x8000ac88 (0x014ec633) x12 0x80015ce4
core   0: 0x8000ac8c (0xa512e613) ori     a2, t0, -1455
core   0: 3 0x8000ac8c (0xa512e613) x12 0xfffffa51
core   0: 0x8000ac90 (0xcdf86093) ori     ra, a6, -801
core   0: 3 0x8000ac90 (0xcdf86093) x 1 0xfffffcdf
core   0: 0x8000ac94 (0x00b508b3) add     a7, a0, a1
core   0: 3 0x8000ac94 (0x00b508b3) x17 0x00000000
core   0: 0x8000ac98 (0x00148b33) add     s6, s1, ra
core   0: 3 0x8000ac98 (0x00148b33) x22 0x800159c3
core   0: 0x8000ac9c (0x00762e33) slt     t3, a2, t2
core   0: 3 0x8000ac9c (0x00762e33) x28 0x00000000
core   0: 0x8000aca0 (0x003f0633) add     a2, t5, gp
core   0: 3 0x8000aca0 (0x003f0633) x12 0x00000002
core   0: 0x8000aca4 (0x41480d33) sub     s10, a6, s4
core   0: 3 0x8000aca4 (0x41480d33) x26 0xffffffff
core   0: 0x8000aca8 (0x79394e93) xori    t4, s2, 1939
core   0: 3 0x8000aca8 (0x79394e93) x29 0x00000793
core   0: 0x8000acac (0x01dda6b3) slt     a3, s11, t4
core   0: 3 0x8000acac (0x01dda6b3) x13 0x00000001
core   0: 0x8000acb0 (0x01cf5633) srl     a2, t5, t3
core   0: 3 0x8000acb0 (0x01cf5633) x12 0x00000001
core   0: 0x8000acb4 (0x003fe7b3) or      a5, t6, gp
core   0: 3 0x8000acb4 (0x003fe7b3) x15 0xcc0f0001
core   0: 0x8000acb8 (0xf40e3f17) auipc   t5, 0xf40e3
core   0: 3 0x8000acb8 (0xf40e3f17) x30 0x740edcb8
core   0: 0x8000acbc (0x00d8d333) srl     t1, a7, a3
core   0: 3 0x8000acbc (0x00d8d333) x 6 0x00000000
core   0: 0x8000acc0 (0x00354433) xor     s0, a0, gp
core   0: 3 0x8000acc0 (0x00354433) x 8 0x00000001
core   0: 0x8000acc4 (0x407b5c33) sra     s8, s6, t2
core   0: 3 0x8000acc4 (0x407b5c33) x24 0xf800159c
core   0: 0x8000acc8 (0x409f5a93) srai    s5, t5, 9
core   0: 3 0x8000acc8 (0x409f5a93) x21 0x003a076e
core   0: 0x8000accc (0x41e85113) srai    sp, a6, 30
core   0: 3 0x8000accc (0x41e85113) x 2 0x00000000
core   0: 0x8000acd0 (0x41d8d313) srai    t1, a7, 29
core   0: 3 0x8000acd0 (0x41d8d313) x 6 0x00000000
core   0: 0x8000acd4 (0x006fba33) sltu    s4, t6, t1
core   0: 3 0x8000acd4 (0x006fba33) x20 0x00000000
core   0: 0x8000acd8 (0x00bd5713) srli    a4, s10, 11
core   0: 3 0x8000acd8 (0x00bd5713) x14 0x001fffff
core   0: 0x8000acdc (0x41da0033) sub     zero, s4, t4
core   0: 3 0x8000acdc (0x41da0033)
core   0: 0x8000ace0 (0x41165593) srai    a1, a2, 17
core   0: 3 0x8000ace0 (0x41165593) x11 0x00000000
core   0: 0x8000ace4 (0xc01c91b7) lui     gp, 0xc01c9
core   0: 3 0x8000ace4 (0xc01c91b7) x 3 0xc01c9000
core   0: 0x8000ace8 (0x4f7a3d17) auipc   s10, 0x4f7a3
core   0: 3 0x8000ace8 (0x4f7a3d17) x26 0xcf7adce8
core   0: 0x8000acec (0x217029b7) lui     s3, 0x21702
core   0: 3 0x8000acec (0x217029b7) x19 0x21702000
core   0: 0x8000acf0 (0x01835e93) srli    t4, t1, 24
core   0: 3 0x8000acf0 (0x01835e93) x29 0x00000000
core   0: 0x8000acf4 (0x00995db3) srl     s11, s2, s1
core   0: 3 0x8000acf4 (0x00995db3) x27 0x00000000
core   0: 0x8000acf8 (0x01817933) and     s2, sp, s8
core   0: 3 0x8000acf8 (0x01817933) x18 0x00000000
core   0: 0x8000acfc (0x40bdd633) sra     a2, s11, a1
core   0: 3 0x8000acfc (0x40bdd633) x12 0x00000000
core   0: 0x8000ad00 (0x00335d33) srl     s10, t1, gp
core   0: 3 0x8000ad00 (0x00335d33) x26 0x00000000
core   0: 0x8000ad04 (0x00512533) slt     a0, sp, t0
core   0: 3 0x8000ad04 (0x00512533) x10 0x00000000
core   0: 0x8000ad08 (0x01af5633) srl     a2, t5, s10
core   0: 3 0x8000ad08 (0x01af5633) x12 0x740edcb8
core   0: 0x8000ad0c (0x00c53db3) sltu    s11, a0, a2
core   0: 3 0x8000ad0c (0x00c53db3) x27 0x00000001
core   0: 0x8000ad10 (0xb0e77813) andi    a6, a4, -1266
core   0: 3 0x8000ad10 (0xb0e77813) x16 0x001ffb0e
core   0: 0x8000ad14 (0x40fa5e93) srai    t4, s4, 15
core   0: 3 0x8000ad14 (0x40fa5e93) x29 0x00000000
core   0: 0x8000ad18 (0x015842b3) xor     t0, a6, s5
core   0: 3 0x8000ad18 (0x015842b3) x 5 0x0025fc60
core   0: 0x8000ad1c (0x498caf13) slti    t5, s9, 1176
core   0: 3 0x8000ad1c (0x498caf13) x30 0x00000001
core   0: 0x8000ad20 (0x000b55b3) srl     a1, s6, zero
core   0: 3 0x8000ad20 (0x000b55b3) x11 0x800159c3
core   0: 0x8000ad24 (0x408f5f13) srai    t5, t5, 8
core   0: 3 0x8000ad24 (0x408f5f13) x30 0x00000000
core   0: 0x8000ad28 (0x0155e733) or      a4, a1, s5
core   0: 3 0x8000ad28 (0x0155e733) x14 0x803b5fef
core   0: 0x8000ad2c (0x9ec61e17) auipc   t3, 0x9ec61
core   0: 3 0x8000ad2c (0x9ec61e17) x28 0x1ec6bd2c
core   0: 0x8000ad30 (0x40f75333) sra     t1, a4, a5
core   0: 3 0x8000ad30 (0x40f75333) x 6 0xc01daff7
core   0: 0x8000ad34 (0x01a377b3) and     a5, t1, s10
core   0: 3 0x8000ad34 (0x01a377b3) x15 0x00000000
core   0: 0x8000ad38 (0x41485433) sra     s0, a6, s4
core   0: 3 0x8000ad38 (0x41485433) x 8 0x001ffb0e
core   0: 0x8000ad3c (0x00000013) nop
core   0: 3 0x8000ad3c (0x00000013)
core   0: 0x8000ad40 (0x00000013) nop
core   0: 3 0x8000ad40 (0x00000013)
core   0: 0x8000ad44 (0x01b35793) srli    a5, t1, 27
core   0: 3 0x8000ad44 (0x01b35793) x15 0x00000018
core   0: 0x8000ad48 (0x402152b3) sra     t0, sp, sp
core   0: 3 0x8000ad48 (0x402152b3) x 5 0x00000000
core   0: 0x8000ad4c (0x56d44693) xori    a3, s0, 1389
core   0: 3 0x8000ad4c (0x56d44693) x13 0x001ffe63
core   0: 0x8000ad50 (0x31576013) ori     zero, a4, 789
core   0: 3 0x8000ad50 (0x31576013)
core   0: 0x8000ad54 (0x01001293) slli    t0, zero, 16
core   0: 3 0x8000ad54 (0x01001293) x 5 0x00000000
core   0: 0x8000ad58 (0x007811b3) sll     gp, a6, t2
core   0: 3 0x8000ad58 (0x007811b3) x 3 0x01ffb0e0
core   0: 0x8000ad5c (0x0196ea33) or      s4, a3, s9
core   0: 3 0x8000ad5c (0x0196ea33) x20 0x801ffe67
core   0: 0x8000ad60 (0xd51f0d13) addi    s10, t5, -687
core   0: 3 0x8000ad60 (0xd51f0d13) x26 0xfffffd51
core   0: 0x8000ad64 (0xd2a53d13) sltiu   s10, a0, -726
core   0: 3 0x8000ad64 (0xd2a53d13) x26 0x00000001
core   0: 0x8000ad68 (0x01331db3) sll     s11, t1, s3
core   0: 3 0x8000ad68 (0x01331db3) x27 0xc01daff7
core   0: 0x8000ad6c (0x26abe793) ori     a5, s7, 618
core   0: 3 0x8000ad6c (0x26abe793) x15 0x0000026a
core   0: 0x8000ad70 (0x0149c133) xor     sp, s3, s4
core   0: 3 0x8000ad70 (0x0149c133) x 2 0xa16fde67
core   0: 0x8000ad74 (0x4141d7b3) sra     a5, gp, s4
core   0: 3 0x8000ad74 (0x4141d7b3) x15 0x0003ff61
core   0: 0x8000ad78 (0x40970d33) sub     s10, a4, s1
core   0: 3 0x8000ad78 (0x40970d33) x26 0x003a030b
core   0: 0x8000ad7c (0x003e2333) slt     t1, t3, gp
core   0: 3 0x8000ad7c (0x003e2333) x 6 0x00000000
core   0: 0x8000ad80 (0x01d49713) slli    a4, s1, 29
core   0: 3 0x8000ad80 (0x01d49713) x14 0x80000000
core   0: 0x8000ad84 (0xfa267037) lui     zero, 0xfa267
core   0: 3 0x8000ad84 (0xfa267037)
core   0: 0x8000ad88 (0x01fa5c33) srl     s8, s4, t6
core   0: 3 0x8000ad88 (0x01fa5c33) x24 0x801ffe67
core   0: 0x8000ad8c (0x0037a733) slt     a4, a5, gp
core   0: 3 0x8000ad8c (0x0037a733) x14 0x00000001
core   0: 0x8000ad90 (0xd90371b7) lui     gp, 0xd9037
core   0: 3 0x8000ad90 (0xd90371b7) x 3 0xd9037000
core   0: 0x8000ad94 (0xe66dac37) lui     s8, 0xe66da
core   0: 3 0x8000ad94 (0xe66dac37) x24 0xe66da000
core   0: 0x8000ad98 (0x5f568813) addi    a6, a3, 1525
core   0: 3 0x8000ad98 (0x5f568813) x16 0x00200458
core   0: 0x8000ad9c (0x00dac6b3) xor     a3, s5, a3
core   0: 3 0x8000ad9c (0x00dac6b3) x13 0x0025f90d
core   0: 0x8000ada0 (0x01a510b3) sll     ra, a0, s10
core   0: 3 0x8000ada0 (0x01a510b3) x 1 0x00000000
core   0: 0x8000ada4 (0x91b52593) slti    a1, a0, -1765
core   0: 3 0x8000ada4 (0x91b52593) x11 0x00000000
core   0: 0x8000ada8 (0x01b95113) srli    sp, s2, 27
core   0: 3 0x8000ada8 (0x01b95113) x 2 0x00000000
core   0: 0x8000adac (0x017aeab3) or      s5, s5, s7
core   0: 3 0x8000adac (0x017aeab3) x21 0x003a076e
core   0: 0x8000adb0 (0x006a87b3) add     a5, s5, t1
core   0: 3 0x8000adb0 (0x006a87b3) x15 0x003a076e
core   0: 0x8000adb4 (0x01112cb3) slt     s9, sp, a7
core   0: 3 0x8000adb4 (0x01112cb3) x25 0x00000000
core   0: 0x8000adb8 (0x4c25f937) lui     s2, 0x4c25f
core   0: 3 0x8000adb8 (0x4c25f937) x18 0x4c25f000
core   0: 0x8000adbc (0x00b1ddb3) srl     s11, gp, a1
core   0: 3 0x8000adbc (0x00b1ddb3) x27 0xd9037000
core   0: 0x8000adc0 (0x41c55cb3) sra     s9, a0, t3
core   0: 3 0x8000adc0 (0x41c55cb3) x25 0x00000000
core   0: 0x8000adc4 (0x00681113) slli    sp, a6, 6
core   0: 3 0x8000adc4 (0x00681113) x 2 0x08011600
core   0: 0x8000adc8 (0x78036d93) ori     s11, t1, 1920
core   0: 3 0x8000adc8 (0x78036d93) x27 0x00000780
core   0: 0x8000adcc (0x00f79313) slli    t1, a5, 15
core   0: 3 0x8000adcc (0x00f79313) x 6 0x03b70000
core   0: 0x8000add0 (0x00add633) srl     a2, s11, a0
core   0: 3 0x8000add0 (0x00add633) x12 0x00000780
core   0: 0x8000add4 (0x82444993) xori    s3, s0, -2012
core   0: 3 0x8000add4 (0x82444993) x19 0xffe0032a
core   0: 0x8000add8 (0x4046d733) sra     a4, a3, tp
core   0: 3 0x8000add8 (0x4046d733) x14 0x00000000
core   0: 0x8000addc (0x16b5ae13) slti    t3, a1, 363
core   0: 3 0x8000addc (0x16b5ae13) x28 0x00000001
core   0: 0x8000ade0 (0x010ef5b3) and     a1, t4, a6
core   0: 3 0x8000ade0 (0x010ef5b3) x11 0x00000000
core   0: 0x8000ade4 (0x00bdf2b3) and     t0, s11, a1
core   0: 3 0x8000ade4 (0x00bdf2b3) x 5 0x00000000
core   0: 0x8000ade8 (0x00685013) srli    zero, a6, 6
core   0: 3 0x8000ade8 (0x00685013)
core   0: 0x8000adec (0x00fcb733) sltu    a4, s9, a5
core   0: 3 0x8000adec (0x00fcb733) x14 0x00000001
core   0: 0x8000adf0 (0x0ea3bc93) sltiu   s9, t2, 234
core   0: 3 0x8000adf0 (0x0ea3bc93) x25 0x00000000
core   0: 0x8000adf4 (0x008100b3) add     ra, sp, s0
core   0: 3 0x8000adf4 (0x008100b3) x 1 0x0821110e
core   0: 0x8000adf8 (0x01bb5ab3) srl     s5, s6, s11
core   0: 3 0x8000adf8 (0x01bb5ab3) x21 0x800159c3
core   0: 0x8000adfc (0x00fefd33) and     s10, t4, a5
core   0: 3 0x8000adfc (0x00fefd33) x26 0x00000000
core   0: 0x8000ae00 (0x01120833) add     a6, tp, a7
core   0: 3 0x8000ae00 (0x01120833) x16 0xfec3917d
core   0: 0x8000ae04 (0x00981c33) sll     s8, a6, s1
core   0: 3 0x8000ae04 (0x00981c33) x24 0xec3917d0
core   0: 0x8000ae08 (0x00540533) add     a0, s0, t0
core   0: 3 0x8000ae08 (0x00540533) x10 0x001ffb0e
core   0: 0x8000ae0c (0x0072c633) xor     a2, t0, t2
core   0: 3 0x8000ae0c (0x0072c633) x12 0x80011e64
core   0: 0x8000ae10 (0x00000013) nop
core   0: 3 0x8000ae10 (0x00000013)
core   0: 0x8000ae14 (0x0128f6b3) and     a3, a7, s2
core   0: 3 0x8000ae14 (0x0128f6b3) x13 0x00000000
core   0: 0x8000ae18 (0x01d2d8b3) srl     a7, t0, t4
core   0: 3 0x8000ae18 (0x01d2d8b3) x17 0x00000000
core   0: 0x8000ae1c (0x008c51b3) srl     gp, s8, s0
core   0: 3 0x8000ae1c (0x008c51b3) x 3 0x0003b0e4
core   0: 0x8000ae20 (0x01aa9a13) slli    s4, s5, 26
core   0: 3 0x8000ae20 (0x01aa9a13) x20 0x0c000000
core   0: 0x8000ae24 (0x010dafb3) slt     t6, s11, a6
core   0: 3 0x8000ae24 (0x010dafb3) x31 0x00000000
core   0: 0x8000ae28 (0x00358433) add     s0, a1, gp
core   0: 3 0x8000ae28 (0x00358433) x 8 0x0003b0e4
core   0: 0x8000ae2c (0xbad03593) sltiu   a1, zero, -1107
core   0: 3 0x8000ae2c (0xbad03593) x11 0x00000001
core   0: 0x8000ae30 (0x01e5d533) srl     a0, a1, t5
core   0: 3 0x8000ae30 (0x01e5d533) x10 0x00000001
core   0: 0x8000ae34 (0x009a5b33) srl     s6, s4, s1
core   0: 3 0x8000ae34 (0x009a5b33) x22 0x00c00000
core   0: 0x8000ae38 (0xf22d8993) addi    s3, s11, -222
core   0: 3 0x8000ae38 (0xf22d8993) x19 0x000006a2
core   0: 0x8000ae3c (0x01c89193) slli    gp, a7, 28
core   0: 3 0x8000ae3c (0x01c89193) x 3 0x00000000
core   0: 0x8000ae40 (0x01ff4eb3) xor     t4, t5, t6
core   0: 3 0x8000ae40 (0x01ff4eb3) x29 0x00000000
core   0: 0x8000ae44 (0x003a6433) or      s0, s4, gp
core   0: 3 0x8000ae44 (0x003a6433) x 8 0x0c000000
core   0: 0x8000ae48 (0x01abe033) or      zero, s7, s10
core   0: 3 0x8000ae48 (0x01abe033)
core   0: 0x8000ae4c (0x00b5f7b3) and     a5, a1, a1
core   0: 3 0x8000ae4c (0x00b5f7b3) x15 0x00000001
core   0: 0x8000ae50 (0x40b3d2b3) sra     t0, t2, a1
core   0: 3 0x8000ae50 (0x40b3d2b3) x 5 0xc0008f32
core   0: 0x8000ae54 (0x00385eb3) srl     t4, a6, gp
core   0: 3 0x8000ae54 (0x00385eb3) x29 0xfec3917d
core   0: 0x8000ae58 (0xbf6e4637) lui     a2, 0xbf6e4
core   0: 3 0x8000ae58 (0xbf6e4637) x12 0xbf6e4000
core   0: 0x8000ae5c (0x7475fb13) andi    s6, a1, 1863
core   0: 3 0x8000ae5c (0x7475fb13) x22 0x00000001
core   0: 0x8000ae60 (0x0165bb33) sltu    s6, a1, s6
core   0: 3 0x8000ae60 (0x0165bb33) x22 0x00000000
core   0: 0x8000ae64 (0x41a45833) sra     a6, s0, s10
core   0: 3 0x8000ae64 (0x41a45833) x16 0x0c000000
core   0: 0x8000ae68 (0x01119813) slli    a6, gp, 17
core   0: 3 0x8000ae68 (0x01119813) x16 0x00000000
core   0: 0x8000ae6c (0x00000013) nop
core   0: 3 0x8000ae6c (0x00000013)
core   0: 0x8000ae70 (0xa2354113) xori    sp, a0, -1501
core   0: 3 0x8000ae70 (0xa2354113) x 2 0xfffffa22
core   0: 0x8000ae74 (0x00a29d13) slli    s10, t0, 10
core   0: 3 0x8000ae74 (0x00a29d13) x26 0x023cc800
core   0: 0x8000ae78 (0x00000013) nop
core   0: 3 0x8000ae78 (0x00000013)
core   0: 0x8000ae7c (0x4198d893) srai    a7, a7, 25
core   0: 3 0x8000ae7c (0x4198d893) x17 0x00000000
core   0: 0x8000ae80 (0x015901b3) add     gp, s2, s5
core   0: 3 0x8000ae80 (0x015901b3) x 3 0xcc2749c3
core   0: 0x8000ae84 (0x01c00133) add     sp, zero, t3
core   0: 3 0x8000ae84 (0x01c00133) x 2 0x00000001
core   0: 0x8000ae88 (0x00e767b3) or      a5, a4, a4
core   0: 3 0x8000ae88 (0x00e767b3) x15 0x00000001
core   0: 0x8000ae8c (0x00e4d7b3) srl     a5, s1, a4
core   0: 3 0x8000ae8c (0x00e4d7b3) x15 0x4000ae72
core   0: 0x8000ae90 (0x0944c513) xori    a0, s1, 148
core   0: 3 0x8000ae90 (0x0944c513) x10 0x80015c70
core   0: 0x8000ae94 (0x4c3ec713) xori    a4, t4, 1219
core   0: 3 0x8000ae94 (0x4c3ec713) x14 0xfec395be
core   0: 0x8000ae98 (0x000d2133) slt     sp, s10, zero
core   0: 3 0x8000ae98 (0x000d2133) x 2 0x00000000
core   0: 0x8000ae9c (0x01c51613) slli    a2, a0, 28
core   0: 3 0x8000ae9c (0x01c51613) x12 0x00000000
core   0: 0x8000aea0 (0x016676b3) and     a3, a2, s6
core   0: 3 0x8000aea0 (0x016676b3) x13 0x00000000
core   0: 0x8000aea4 (0x01d99433) sll     s0, s3, t4
core   0: 3 0x8000aea4 (0x01d99433) x 8 0x40000000
core   0: 0x8000aea8 (0x01b39733) sll     a4, t2, s11
core   0: 3 0x8000aea8 (0x01b39733) x14 0x80011e64
core   0: 0x8000aeac (0x44fce613) ori     a2, s9, 1103
core   0: 3 0x8000aeac (0x44fce613) x12 0x0000044f
core   0: 0x8000aeb0 (0x00000013) nop
core   0: 3 0x8000aeb0 (0x00000013)
core   0: 0x8000aeb4 (0x00000013) nop
core   0: 3 0x8000aeb4 (0x00000013)
core   0: 0x8000aeb8 (0x57a6a597) auipc   a1, 0x57a6a
core   0: 3 0x8000aeb8 (0x57a6a597) x11 0xd7a74eb8
core   0: 0x8000aebc (0x018d5133) srl     sp, s10, s8
core   0: 3 0x8000aebc (0x018d5133) x 2 0x0000023c
core   0: 0x8000aec0 (0xb6ea4e13) xori    t3, s4, -1170
core   0: 3 0x8000aec0 (0xb6ea4e13) x28 0xf3fffb6e
core   0: 0x8000aec4 (0x00b1d813) srli    a6, gp, 11
core   0: 3 0x8000aec4 (0x00b1d813) x16 0x001984e9
core   0: 0x8000aec8 (0x413b52b3) sra     t0, s6, s3
core   0: 3 0x8000aec8 (0x413b52b3) x 5 0x00000000
core   0: 0x8000aecc (0xbf9b3f93) sltiu   t6, s6, -1031
core   0: 3 0x8000aecc (0xbf9b3f93) x31 0x00000001
core   0: 0x8000aed0 (0x40d851b3) sra     gp, a6, a3
core   0: 3 0x8000aed0 (0x40d851b3) x 3 0x001984e9
core   0: 0x8000aed4 (0xcf25b313) sltiu   t1, a1, -782
core   0: 3 0x8000aed4 (0xcf25b313) x 6 0x00000001
core   0: 0x8000aed8 (0x5dffc813) xori    a6, t6, 1503
core   0: 3 0x8000aed8 (0x5dffc813) x16 0x000005de
core   0: 0x8000aedc (0x01a35013) srli    zero, t1, 26
core   0: 3 0x8000aedc (0x01a35013)
core   0: 0x8000aee0 (0x45d32813) slti    a6, t1, 1117
core   0: 3 0x8000aee0 (0x45d32813) x16 0x00000001
core   0: 0x8000aee4 (0x41505193) srai    gp, zero, 21
core   0: 3 0x8000aee4 (0x41505193) x 3 0x00000000
core   0: 0x8000aee8 (0xe55e9117) auipc   sp, 0xe55e9
core   0: 3 0x8000aee8 (0xe55e9117) x 2 0x655f3ee8
core   0: 0x8000aeec (0x006887b3) add     a5, a7, t1
core   0: 3 0x8000aeec (0x006887b3) x15 0x00000001
core   0: 0x8000aef0 (0x7e47eeb7) lui     t4, 0x7e47e
core   0: 3 0x8000aef0 (0x7e47eeb7) x29 0x7e47e000
core   0: 0x8000aef4 (0x01063933) sltu    s2, a2, a6
core   0: 3 0x8000aef4 (0x01063933) x18 0x00000000
core   0: 0x8000aef8 (0x20192013) slti    zero, s2, 513
core   0: 3 0x8000aef8 (0x20192013)
core   0: 0x8000aefc (0x00000013) nop
core   0: 3 0x8000aefc (0x00000013)
core   0: 0x8000af00 (0xa9c7b693) sltiu   a3, a5, -1380
core   0: 3 0x8000af00 (0xa9c7b693) x13 0x00000001
core   0: 0x8000af04 (0x004e9cb3) sll     s9, t4, tp
core   0: 3 0x8000af04 (0x004e9cb3) x25 0x00000000
core   0: 0x8000af08 (0x7c8fba13) sltiu   s4, t6, 1992
core   0: 3 0x8000af08 (0x7c8fba13) x20 0x00000001
core   0: 0x8000af0c (0x00a71113) slli    sp, a4, 10
core   0: 3 0x8000af0c (0x00a71113) x 2 0x04799000
core   0: 0x8000af10 (0x01f8e333) or      t1, a7, t6
core   0: 3 0x8000af10 (0x01f8e333) x 6 0x00000001
core   0: 0x8000af14 (0x326fbf93) sltiu   t6, t6, 806
core   0: 3 0x8000af14 (0x326fbf93) x31 0x00000001
core   0: 0x8000af18 (0x01e0ccb3) xor     s9, ra, t5
core   0: 3 0x8000af18 (0x01e0ccb3) x25 0x0821110e
core   0: 0x8000af1c (0x00b642b3) xor     t0, a2, a1
core   0: 3 0x8000af1c (0x00b642b3) x 5 0xd7a74af7
core   0: 0x8000af20 (0xfc57bc93) sltiu   s9, a5, -59
core   0: 3 0x8000af20 (0xfc57bc93) x25 0x00000001
core   0: 0x8000af24 (0x010ba733) slt     a4, s7, a6
core   0: 3 0x8000af24 (0x010ba733) x14 0x00000001
core   0: 0x8000af28 (0x41135f93) srai    t6, t1, 17
core   0: 3 0x8000af28 (0x41135f93) x31 0x00000000
core   0: 0x8000af2c (0x01379d13) slli    s10, a5, 19
core   0: 3 0x8000af2c (0x01379d13) x26 0x00080000
core   0: 0x8000af30 (0x00b45b13) srli    s6, s0, 11
core   0: 3 0x8000af30 (0x00b45b13) x22 0x00080000
core   0: 0x8000af34 (0xad3d6413) ori     s0, s10, -1325
core   0: 3 0x8000af34 (0xad3d6413) x 8 0xfffffad3
core   0: 0x8000af38 (0xc4a8f293) andi    t0, a7, -950
core   0: 3 0x8000af38 (0xc4a8f293) x 5 0x00000000
core   0: 0x8000af3c (0xa84d3337) lui     t1, 0xa84d3
core   0: 3 0x8000af3c (0xa84d3337) x 6 0xa84d3000
core   0: 0x8000af40 (0x18ec0013) addi    zero, s8, 398
core   0: 3 0x8000af40 (0x18ec0013)
core   0: 0x8000af44 (0x01cec433) xor     s0, t4, t3
core   0: 3 0x8000af44 (0x01cec433) x 8 0x8db81b6e
core   0: 0x8000af48 (0xa6b4e693) ori     a3, s1, -1429
core   0: 3 0x8000af48 (0xa6b4e693) x13 0xfffffeef
core   0: 0x8000af4c (0x01c73e33) sltu    t3, a4, t3
core   0: 3 0x8000af4c (0x01c73e33) x28 0x00000001
core   0: 0x8000af50 (0x018afa33) and     s4, s5, s8
core   0: 3 0x8000af50 (0x018afa33) x20 0x800111c0
core   0: 0x8000af54 (0x012a4e33) xor     t3, s4, s2
core   0: 3 0x8000af54 (0x012a4e33) x28 0x800111c0
core   0: 0x8000af58 (0x6eae4b13) xori    s6, t3, 1770
core   0: 3 0x8000af58 (0x6eae4b13) x22 0x8001172a
core   0: 0x8000af5c (0x35ee2d13) slti    s10, t3, 862
core   0: 3 0x8000af5c (0x35ee2d13) x26 0x00000001
core   0: 0x8000af60 (0x0025c6b3) xor     a3, a1, sp
core   0: 3 0x8000af60 (0x0025c6b3) x13 0xd3dedeb8
core   0: 0x8000af64 (0x0073c333) xor     t1, t2, t2
core   0: 3 0x8000af64 (0x0073c333) x 6 0x00000000
core   0: 0x8000af68 (0xbcb5a613) slti    a2, a1, -1077
core   0: 3 0x8000af68 (0xbcb5a613) x12 0x00000001
core   0: 0x8000af6c (0x01c49333) sll     t1, s1, t3
core   0: 3 0x8000af6c (0x01c49333) x 6 0x80015ce4
core   0: 0x8000af70 (0xb2c17d97) auipc   s11, 0xb2c17
core   0: 3 0x8000af70 (0xb2c17d97) x27 0x32c21f70
core   0: 0x8000af74 (0x01045db3) srl     s11, s0, a6
core   0: 3 0x8000af74 (0x01045db3) x27 0x46dc0db7
core   0: 0x8000af78 (0x413bd533) sra     a0, s7, s3
core   0: 3 0x8000af78 (0x413bd533) x10 0x00000000
core   0: 0x8000af7c (0x00f55813) srli    a6, a0, 15
core   0: 3 0x8000af7c (0x00f55813) x16 0x00000000
core   0: 0x8000af80 (0x00000013) nop
core   0: 3 0x8000af80 (0x00000013)
core   0: 0x8000af84 (0xc3c58113) addi    sp, a1, -964
core   0: 3 0x8000af84 (0xc3c58113) x 2 0xd7a74af4
core   0: 0x8000af88 (0x13af7c13) andi    s8, t5, 314
core   0: 3 0x8000af88 (0x13af7c13) x24 0x00000000
core   0: 0x8000af8c (0x01ab0cb3) add     s9, s6, s10
core   0: 3 0x8000af8c (0x01ab0cb3) x25 0x8001172b
core   0: 0x8000af90 (0x40f68833) sub     a6, a3, a5
core   0: 3 0x8000af90 (0x40f68833) x16 0xd3dedeb7
core   0: 0x8000af94 (0x5a7fe317) auipc   t1, 0x5a7fe
core   0: 3 0x8000af94 (0x5a7fe317) x 6 0xda808f94
core   0: 0x8000af98 (0x010da433) slt     s0, s11, a6
core   0: 3 0x8000af98 (0x010da433) x 8 0x00000000
core   0: 0x8000af9c (0x01914e33) xor     t3, sp, s9
core   0: 3 0x8000af9c (0x01914e33) x28 0x57a65ddf
core   0: 0x8000afa0 (0x00fd5593) srli    a1, s10, 15
core   0: 3 0x8000afa0 (0x00fd5593) x11 0x00000000
core   0: 0x8000afa4 (0x01f9da93) srli    s5, s3, 31
core   0: 3 0x8000afa4 (0x01f9da93) x21 0x00000000
core   0: 0x8000afa8 (0xedbfe113) ori     sp, t6, -293
core   0: 3 0x8000afa8 (0xedbfe113) x 2 0xfffffedb
core   0: 0x8000afac (0x561b0a93) addi    s5, s6, 1377
core   0: 3 0x8000afac (0x561b0a93) x21 0x80011c8b
core   0: 0x8000afb0 (0x41bd5113) srai    sp, s10, 27
core   0: 3 0x8000afb0 (0x41bd5113) x 2 0x00000000
core   0: 0x8000afb4 (0x4efaa893) slti    a7, s5, 1263
core   0: 3 0x8000afb4 (0x4efaa893) x17 0x00000001
core   0: 0x8000afb8 (0x413301b3) sub     gp, t1, s3
core   0: 3 0x8000afb8 (0x413301b3) x 3 0xda8088f2
core   0: 0x8000afbc (0x8d3e8313) addi    t1, t4, -1837
core   0: 3 0x8000afbc (0x8d3e8313) x 6 0x7e47d8d3
core   0: 0x8000afc0 (0x8da5c813) xori    a6, a1, -1830
core   0: 3 0x8000afc0 (0x8da5c813) x16 0xfffff8da
core   0: 0x8000afc4 (0x00000013) nop
core   0: 3 0x8000afc4 (0x00000013)
core   0: 0x8000afc8 (0x6622e7b7) lui     a5, 0x6622e
core   0: 3 0x8000afc8 (0x6622e7b7) x15 0x6622e000
core   0: 0x8000afcc (0xc9080e13) addi    t3, a6, -880
core   0: 3 0x8000afcc (0xc9080e13) x28 0xfffff56a
core   0: 0x8000afd0 (0xca596a13) ori     s4, s2, -859
core   0: 3 0x8000afd0 (0xca596a13) x20 0xfffffca5
core   0: 0x8000afd4 (0x00bf5bb3) srl     s7, t5, a1
core   0: 3 0x8000afd4 (0x00bf5bb3) x23 0x00000000
core   0: 0x8000afd8 (0x009a30b3) sltu    ra, s4, s1
core   0: 3 0x8000afd8 (0x009a30b3) x 1 0x00000000
core   0: 0x8000afdc (0x30e37d93) andi    s11, t1, 782
core   0: 3 0x8000afdc (0x30e37d93) x27 0x00000002
core   0: 0x8000afe0 (0x4edae037) lui     zero, 0x4edae
core   0: 3 0x8000afe0 (0x4edae037)
core   0: 0x8000afe4 (0x010eb133) sltu    sp, t4, a6
core   0: 3 0x8000afe4 (0x010eb133) x 2 0x00000001
core   0: 0x8000afe8 (0x222e3d13) sltiu   s10, t3, 546
core   0: 3 0x8000afe8 (0x222e3d13) x26 0x00000000
core   0: 0x8000afec (0x01cf5c33) srl     s8, t5, t3
core   0: 3 0x8000afec (0x01cf5c33) x24 0x00000000
core   0: 0x8000aff0 (0x00fa8f33) add     t5, s5, a5
core   0: 3 0x8000aff0 (0x00fa8f33) x30 0xe623fc8b
core   0: 0x8000aff4 (0xe99306b7) lui     a3, 0xe9930
core   0: 3 0x8000aff4 (0xe99306b7) x13 0xe9930000
core   0: 0x8000aff8 (0x3ae54e93) xori    t4, a0, 942
core   0: 3 0x8000aff8 (0x3ae54e93) x29 0x000003ae
core   0: 0x8000affc (0x411e5033) sra     zero, t3, a7
core   0: 3 0x8000affc (0x411e5033)
core   0: 0x8000b000 (0x01e2a633) slt     a2, t0, t5
core   0: 3 0x8000b000 (0x01e2a633) x12 0x00000000
core   0: 0x8000b004 (0x40d5dab3) sra     s5, a1, a3
core   0: 3 0x8000b004 (0x40d5dab3) x21 0x00000000
core   0: 0x8000b008 (0x00117db3) and     s11, sp, ra
core   0: 3 0x8000b008 (0x00117db3) x27 0x00000000
core   0: 0x8000b00c (0xda2ec697) auipc   a3, 0xda2ec
core   0: 3 0x8000b00c (0xda2ec697) x13 0x5a2f700c
core   0: 0x8000b010 (0x018052b3) srl     t0, zero, s8
core   0: 3 0x8000b010 (0x018052b3) x 5 0x00000000
core   0: 0x8000b014 (0x53eb2313) slti    t1, s6, 1342
core   0: 3 0x8000b014 (0x53eb2313) x 6 0x00000001
core   0: 0x8000b018 (0x00e5da13) srli    s4, a1, 14
core   0: 3 0x8000b018 (0x00e5da13) x20 0x00000000
core   0: 0x8000b01c (0x412b0f33) sub     t5, s6, s2
core   0: 3 0x8000b01c (0x412b0f33) x30 0x8001172a
core   0: 0x8000b020 (0x003f05b3) add     a1, t5, gp
core   0: 3 0x8000b020 (0x003f05b3) x11 0x5a81a01c
core   0: 0x8000b024 (0x017f5f93) srli    t6, t5, 23
core   0: 3 0x8000b024 (0x017f5f93) x31 0x00000100
core   0: 0x8000b028 (0x014d0db3) add     s11, s10, s4
core   0: 3 0x8000b028 (0x014d0db3) x27 0x00000000
core   0: 0x8000b02c (0x01b45013) srli    zero, s0, 27
core   0: 3 0x8000b02c (0x01b45013)
core   0: 0x8000b030 (0x410c86b3) sub     a3, s9, a6
core   0: 3 0x8000b030 (0x410c86b3) x13 0x80011e51
core   0: 0x8000b034 (0xfba8c793) xori    a5, a7, -70
core   0: 3 0x8000b034 (0xfba8c793) x15 0xffffffbb
core   0: 0x8000b038 (0x006cf5b3) and     a1, s9, t1
core   0: 3 0x8000b038 (0x006cf5b3) x11 0x00000001
core   0: 0x8000b03c (0x0137aeb3) slt     t4, a5, s3
core   0: 3 0x8000b03c (0x0137aeb3) x29 0x00000001
core   0: 0x8000b040 (0xd6908993) addi    s3, ra, -663
core   0: 3 0x8000b040 (0xd6908993) x19 0xfffffd69
core   0: 0x8000b044 (0xff480593) addi    a1, a6, -12
core   0: 3 0x8000b044 (0xff480593) x11 0xfffff8ce
core   0: 0x8000b048 (0x407c3613) sltiu   a2, s8, 1031
core   0: 3 0x8000b048 (0x407c3613) x12 0x00000001
core   0: 0x8000b04c (0x01cf5633) srl     a2, t5, t3
core   0: 3 0x8000b04c (0x01cf5633) x12 0x00200045
core   0: 0x8000b050 (0x1e1ac293) xori    t0, s5, 481
core   0: 3 0x8000b050 (0x1e1ac293) x 5 0x000001e1
core   0: 0x8000b054 (0x00ec5433) srl     s0, s8, a4
core   0: 3 0x8000b054 (0x00ec5433) x 8 0x00000000
core   0: 0x8000b058 (0x00514033) xor     zero, sp, t0
core   0: 3 0x8000b058 (0x00514033)
core   0: 0x8000b05c (0x01f9d2b3) srl     t0, s3, t6
core   0: 3 0x8000b05c (0x01f9d2b3) x 5 0xfffffd69
core   0: 0x8000b060 (0x32eeeb13) ori     s6, t4, 814
core   0: 3 0x8000b060 (0x32eeeb13) x22 0x0000032f
core   0: 0x8000b064 (0xec4b8e93) addi    t4, s7, -316
core   0: 3 0x8000b064 (0xec4b8e93) x29 0xfffffec4
core   0: 0x8000b068 (0x01d011b3) sll     gp, zero, t4
core   0: 3 0x8000b068 (0x01d011b3) x 3 0x00000000
core   0: 0x8000b06c (0xbf8d0813) addi    a6, s10, -1032
core   0: 3 0x8000b06c (0xbf8d0813) x16 0xfffffbf8
core   0: 0x8000b070 (0x00899113) slli    sp, s3, 8
core   0: 3 0x8000b070 (0x00899113) x 2 0xfffd6900
core   0: 0x8000b074 (0xb56cff13) andi    t5, s9, -1194
core   0: 3 0x8000b074 (0xb56cff13) x30 0x80011302
core   0: 0x8000b078 (0x19c20413) addi    s0, tp, 412
core   0: 3 0x8000b078 (0x19c20413) x 8 0xfec39319
core   0: 0x8000b07c (0x00ce1113) slli    sp, t3, 12
core   0: 3 0x8000b07c (0x00ce1113) x 2 0xff56a000
core   0: 0x8000b080 (0x41ee86b3) sub     a3, t4, t5
core   0: 3 0x8000b080 (0x41ee86b3) x13 0x7ffeebc2
core   0: 0x8000b084 (0x6b2bba93) sltiu   s5, s7, 1714
core   0: 3 0x8000b084 (0x6b2bba93) x21 0x00000001
core   0: 0x8000b088 (0x0088b833) sltu    a6, a7, s0
core   0: 3 0x8000b088 (0x0088b833) x16 0x00000001
core   0: 0x8000b08c (0x4a7e8293) addi    t0, t4, 1191
core   0: 3 0x8000b08c (0x4a7e8293) x 5 0x0000036b
core   0: 0x8000b090 (0x00000d93) li      s11, 0
core   0: 3 0x8000b090 (0x00000d93) x27 0x00000000
core   0: 0x8000b094 (0x27e7bc37) lui     s8, 0x27e7b
core   0: 3 0x8000b094 (0x27e7bc37) x24 0x27e7b000
core   0: 0x8000b098 (0x1efc0c13) addi    s8, s8, 495
core   0: 3 0x8000b098 (0x1efc0c13) x24 0x27e7b1ef
core   0: 0x8000b09c (0x6b7040b7) lui     ra, 0x6b704
core   0: 3 0x8000b09c (0x6b7040b7) x 1 0x6b704000
core   0: 0x8000b0a0 (0xfef08093) addi    ra, ra, -17
core   0: 3 0x8000b0a0 (0xfef08093) x 1 0x6b703fef
core   0: 0x8000b0a4 (0xfff00a13) li      s4, -1
core   0: 3 0x8000b0a4 (0xfff00a13) x20 0xffffffff
core   0: 0x8000b0a8 (0xa90ca1b7) lui     gp, 0xa90ca
core   0: 3 0x8000b0a8 (0xa90ca1b7) x 3 0xa90ca000
core   0: 0x8000b0ac (0x64f18193) addi    gp, gp, 1615
core   0: 3 0x8000b0ac (0x64f18193) x 3 0xa90ca64f
core   0: 0x8000b0b0 (0x60db1eb7) lui     t4, 0x60db1
core   0: 3 0x8000b0b0 (0x60db1eb7) x29 0x60db1000
core   0: 0x8000b0b4 (0xd9be8e93) addi    t4, t4, -613
core   0: 3 0x8000b0b4 (0xd9be8e93) x29 0x60db0d9b
core   0: 0x8000b0b8 (0x678cb537) lui     a0, 0x678cb
core   0: 3 0x8000b0b8 (0x678cb537) x10 0x678cb000
core   0: 0x8000b0bc (0x13850513) addi    a0, a0, 312
core   0: 3 0x8000b0bc (0x13850513) x10 0x678cb138
core   0: 0x8000b0c0 (0xba00a637) lui     a2, 0xba00a
core   0: 3 0x8000b0c0 (0xba00a637) x12 0xba00a000
core   0: 0x8000b0c4 (0xec260613) addi    a2, a2, -318
core   0: 3 0x8000b0c4 (0xec260613) x12 0xba009ec2
core   0: 0x8000b0c8 (0xfff00113) li      sp, -1
core   0: 3 0x8000b0c8 (0xfff00113) x 2 0xffffffff
core   0: 0x8000b0cc (0x626559b7) lui     s3, 0x62655
core   0: 3 0x8000b0cc (0x626559b7) x19 0x62655000
core   0: 0x8000b0d0 (0xf3f98993) addi    s3, s3, -193
core   0: 3 0x8000b0d0 (0xf3f98993) x19 0x62654f3f
core   0: 0x8000b0d4 (0x91ed5a17) auipc   s4, 0x91ed5
core   0: 3 0x8000b0d4 (0x91ed5a17) x20 0x11ee00d4
core   0: 0x8000b0d8 (0x40360eb3) sub     t4, a2, gp
core   0: 3 0x8000b0d8 (0x40360eb3) x29 0x10f3f873
core   0: 0x8000b0dc (0xddad8a13) addi    s4, s11, -550
core   0: 3 0x8000b0dc (0xddad8a13) x20 0xfffffdda
core   0: 0x8000b0e0 (0x00000013) nop
core   0: 3 0x8000b0e0 (0x00000013)
core   0: 0x8000b0e4 (0x713ce097) auipc   ra, 0x713ce
core   0: 3 0x8000b0e4 (0x713ce097) x 1 0xf13d90e4
core   0: 0x8000b0e8 (0x00208db3) add     s11, ra, sp
core   0: 3 0x8000b0e8 (0x00208db3) x27 0xf13d90e3
core   0: 0x8000b0ec (0xa1498637) lui     a2, 0xa1498
core   0: 3 0x8000b0ec (0xa1498637) x12 0xa1498000
core   0: 0x8000b0f0 (0x00000013) nop
core   0: 3 0x8000b0f0 (0x00000013)
core   0: 0x8000b0f4 (0x01418633) add     a2, gp, s4
core   0: 3 0x8000b0f4 (0x01418633) x12 0xa90ca429
core   0: 0x8000b0f8 (0xec8ce0b7) lui     ra, 0xec8ce
core   0: 3 0x8000b0f8 (0xec8ce0b7) x 1 0xec8ce000
core   0: 0x8000b0fc (0x40310533) sub     a0, sp, gp
core   0: 3 0x8000b0fc (0x40310533) x10 0x56f359b0
core   0: 0x8000b100 (0x4cf33097) auipc   ra, 0x4cf33
core   0: 3 0x8000b100 (0x4cf33097) x 1 0xccf3e100
core   0: 0x8000b104 (0x00000013) nop
core   0: 3 0x8000b104 (0x00000013)
core   0: 0x8000b108 (0x78318c13) addi    s8, gp, 1923
core   0: 3 0x8000b108 (0x78318c13) x24 0xa90cadd2
core   0: 0x8000b10c (0x40208db3) sub     s11, ra, sp
core   0: 3 0x8000b10c (0x40208db3) x27 0xccf3e101
core   0: 0x8000b110 (0x00000013) nop
core   0: 3 0x8000b110 (0x00000013)
core   0: 0x8000b114 (0x41dc0533) sub     a0, s8, t4
core   0: 3 0x8000b114 (0x41dc0533) x10 0x9818b55f
core   0: 0x8000b118 (0x32be8093) addi    ra, t4, 811
core   0: 3 0x8000b118 (0x32be8093) x 1 0x10f3fb9e
core   0: 0x8000b11c (0x7dda8a17) auipc   s4, 0x7dda8
core   0: 3 0x8000b11c (0x7dda8a17) x20 0xfddb311c
core   0: 0x8000b120 (0x00350c33) add     s8, a0, gp
core   0: 3 0x8000b120 (0x00350c33) x24 0x41255bae
core   0: 0x8000b124 (0x00150633) add     a2, a0, ra
core   0: 3 0x8000b124 (0x00150633) x12 0xa90cb0fd
core   0: 0x8000b128 (0x018189b3) add     s3, gp, s8
core   0: 3 0x8000b128 (0x018189b3) x19 0xea3201fd
core   0: 0x8000b12c (0x018c0c33) add     s8, s8, s8
core   0: 3 0x8000b12c (0x018c0c33) x24 0x824ab75c
core   0: 0x8000b130 (0xbe34d9b7) lui     s3, 0xbe34d
core   0: 3 0x8000b130 (0xbe34d9b7) x19 0xbe34d000
core   0: 0x8000b134 (0x00000013) nop
core   0: 3 0x8000b134 (0x00000013)
core   0: 0x8000b138 (0x40198133) sub     sp, s3, ra
core   0: 3 0x8000b138 (0x40198133) x 2 0xad40d462
core   0: 0x8000b13c (0x00198a33) add     s4, s3, ra
core   0: 3 0x8000b13c (0x00198a33) x20 0xcf28cb9e
core   0: 0x8000b140 (0xcbaff593) andi    a1, t6, -838
core   0: 3 0x8000b140 (0xcbaff593) x11 0x00000000
core   0: 0x8000b144 (0x00000013) nop
core   0: 3 0x8000b144 (0x00000013)
core   0: 0x8000b148 (0x005b9893) slli    a7, s7, 5
core   0: 3 0x8000b148 (0x005b9893) x17 0x00000000
core   0: 0x8000b14c (0xeed5b917) auipc   s2, 0xeed5b
core   0: 3 0x8000b14c (0xeed5b917) x18 0x6ed6614c
core   0: 0x8000b150 (0x00108133) add     sp, ra, ra
core   0: 3 0x8000b150 (0x00108133) x 2 0x21e7f73c
core   0: 0x8000b154 (0x52bc2313) slti    t1, s8, 1323
core   0: 3 0x8000b154 (0x52bc2313) x 6 0x00000001
core   0: 0x8000b158 (0x066fb593) sltiu   a1, t6, 102
core   0: 3 0x8000b158 (0x066fb593) x11 0x00000000
core   0: 0x8000b15c (0x54c97f13) andi    t5, s2, 1356
core   0: 3 0x8000b15c (0x54c97f13) x30 0x0000014c
core   0: 0x8000b160 (0x6dccf293) andi    t0, s9, 1756
core   0: 3 0x8000b160 (0x6dccf293) x 5 0x00000608
core   0: 0x8000b164 (0x3a7d2a13) slti    s4, s10, 935
core   0: 3 0x8000b164 (0x3a7d2a13) x20 0x00000001
core   0: 0x8000b168 (0x40c15c33) sra     s8, sp, a2
core   0: 3 0x8000b168 (0x40c15c33) x24 0x00000001
core   0: 0x8000b16c (0x0095ce33) xor     t3, a1, s1
core   0: 3 0x8000b16c (0x0095ce33) x28 0x80015ce4
core   0: 0x8000b170 (0x0124a1b3) slt     gp, s1, s2
core   0: 3 0x8000b170 (0x0124a1b3) x 3 0x00000001
core   0: 0x8000b174 (0x70a577b7) lui     a5, 0x70a57
core   0: 3 0x8000b174 (0x70a577b7) x15 0x70a57000
core   0: 0x8000b178 (0x0162f1b3) and     gp, t0, s6
core   0: 3 0x8000b178 (0x0162f1b3) x 3 0x00000208
core   0: 0x8000b17c (0x00831013) slli    zero, t1, 8
core   0: 3 0x8000b17c (0x00831013)
core   0: 0x8000b180 (0x00000013) nop
core   0: 3 0x8000b180 (0x00000013)
core   0: 0x8000b184 (0x0132cab3) xor     s5, t0, s3
core   0: 3 0x8000b184 (0x0132cab3) x21 0xbe34d608
core   0: 0x8000b188 (0x0179bd33) sltu    s10, s3, s7
core   0: 3 0x8000b188 (0x0179bd33) x26 0x00000000
core   0: 0x8000b18c (0x00952e33) slt     t3, a0, s1
core   0: 3 0x8000b18c (0x00952e33) x28 0x00000000
core   0: 0x8000b190 (0x40115d93) srai    s11, sp, 1
core   0: 3 0x8000b190 (0x40115d93) x27 0x10f3fb9e
core   0: 0x8000b194 (0x01b62cb3) slt     s9, a2, s11
core   0: 3 0x8000b194 (0x01b62cb3) x25 0x00000001
core   0: 0x8000b198 (0x00ddda93) srli    s5, s11, 13
core   0: 3 0x8000b198 (0x00ddda93) x21 0x0000879f
core   0: 0x8000b19c (0xde0bc093) xori    ra, s7, -544
core   0: 3 0x8000b19c (0xde0bc093) x 1 0xfffffde0
core   0: 0x8000b1a0 (0x418ed613) srai    a2, t4, 24
core   0: 3 0x8000b1a0 (0x418ed613) x12 0x00000010
core   0: 0x8000b1a4 (0x415c8633) sub     a2, s9, s5
core   0: 3 0x8000b1a4 (0x415c8633) x12 0xffff7862
core   0: 0x8000b1a8 (0x01eb27b3) slt     a5, s6, t5
core   0: 3 0x8000b1a8 (0x01eb27b3) x15 0x00000000
core   0: 0x8000b1ac (0xdb987693) andi    a3, a6, -583
core   0: 3 0x8000b1ac (0xdb987693) x13 0x00000001
core   0: 0x8000b1b0 (0xe659c913) xori    s2, s3, -411
core   0: 3 0x8000b1b0 (0xe659c913) x18 0x41cb2e65
core   0: 0x8000b1b4 (0x00000013) nop
core   0: 3 0x8000b1b4 (0x00000013)
core   0: 0x8000b1b8 (0x00d21b93) slli    s7, tp, 13
core   0: 3 0x8000b1b8 (0x00d21b93) x23 0x722fa000
core   0: 0x8000b1bc (0xc462a693) slti    a3, t0, -954
core   0: 3 0x8000b1bc (0xc462a693) x13 0x00000000
core   0: 0x8000b1c0 (0x41f088b3) sub     a7, ra, t6
core   0: 3 0x8000b1c0 (0x41f088b3) x17 0xfffffce0
core   0: 0x8000b1c4 (0x5540b813) sltiu   a6, ra, 1364
core   0: 3 0x8000b1c4 (0x5540b813) x16 0x00000000
core   0: 0x8000b1c8 (0x00e2f5b3) and     a1, t0, a4
core   0: 3 0x8000b1c8 (0x00e2f5b3) x11 0x00000000
core   0: 0x8000b1cc (0x00000013) nop
core   0: 3 0x8000b1cc (0x00000013)
core   0: 0x8000b1d0 (0x008da1b3) slt     gp, s11, s0
core   0: 3 0x8000b1d0 (0x008da1b3) x 3 0x00000000
core   0: 0x8000b1d4 (0x001d3eb3) sltu    t4, s10, ra
core   0: 3 0x8000b1d4 (0x001d3eb3) x29 0x00000001
core   0: 0x8000b1d8 (0x0134e9b3) or      s3, s1, s3
core   0: 3 0x8000b1d8 (0x0134e9b3) x19 0xbe35dce4
core   0: 0x8000b1dc (0x01ccba33) sltu    s4, s9, t3
core   0: 3 0x8000b1dc (0x01ccba33) x20 0x00000000
core   0: 0x8000b1e0 (0x01c0c033) xor     zero, ra, t3
core   0: 3 0x8000b1e0 (0x01c0c033)
core   0: 0x8000b1e4 (0x00000013) nop
core   0: 3 0x8000b1e4 (0x00000013)
core   0: 0x8000b1e8 (0xe43cc5b7) lui     a1, 0xe43cc
core   0: 3 0x8000b1e8 (0xe43cc5b7) x11 0xe43cc000
core   0: 0x8000b1ec (0x413cd193) srai    gp, s9, 19
core   0: 3 0x8000b1ec (0x413cd193) x 3 0x00000000
core   0: 0x8000b1f0 (0x019412b3) sll     t0, s0, s9
core   0: 3 0x8000b1f0 (0x019412b3) x 5 0xfd872632
core   0: 0x8000b1f4 (0x004752b3) srl     t0, a4, tp
core   0: 3 0x8000b1f4 (0x004752b3) x 5 0x00000000
core   0: 0x8000b1f8 (0x41ab8933) sub     s2, s7, s10
core   0: 3 0x8000b1f8 (0x41ab8933) x18 0x722fa000
core   0: 0x8000b1fc (0x05c847b7) lui     a5, 0x5c84
core   0: 3 0x8000b1fc (0x05c847b7) x15 0x05c84000
core   0: 0x8000b200 (0x00000013) nop
core   0: 3 0x8000b200 (0x00000013)
core   0: 0x8000b204 (0x419edb93) srai    s7, t4, 25
core   0: 3 0x8000b204 (0x419edb93) x23 0x00000000
core   0: 0x8000b208 (0x01af18b3) sll     a7, t5, s10
core   0: 3 0x8000b208 (0x01af18b3) x17 0x0000014c
core   0: 0x8000b20c (0xd0123597) auipc   a1, 0xd0123
core   0: 3 0x8000b20c (0xd0123597) x11 0x5012e20c
core   0: 0x8000b210 (0x41c105b3) sub     a1, sp, t3
core   0: 3 0x8000b210 (0x41c105b3) x11 0x21e7f73c
core   0: 0x8000b214 (0x014815b3) sll     a1, a6, s4
core   0: 3 0x8000b214 (0x014815b3) x11 0x00000000
core   0: 0x8000b218 (0x7d503cb7) lui     s9, 0x7d503
core   0: 3 0x8000b218 (0x7d503cb7) x25 0x7d503000
core   0: 0x8000b21c (0x8431be13) sltiu   t3, gp, -1981
core   0: 3 0x8000b21c (0x8431be13) x28 0x00000001
core   0: 0x8000b220 (0xedef8313) addi    t1, t6, -290
core   0: 3 0x8000b220 (0xedef8313) x 6 0xffffffde
core   0: 0x8000b224 (0x95d52513) slti    a0, a0, -1699
core   0: 3 0x8000b224 (0x95d52513) x10 0x00000001
core   0: 0x8000b228 (0x32689917) auipc   s2, 0x32689
core   0: 3 0x8000b228 (0x32689917) x18 0xb2694228
core   0: 0x8000b22c (0x01f43e33) sltu    t3, s0, t6
core   0: 3 0x8000b22c (0x01f43e33) x28 0x00000000
core   0: 0x8000b230 (0x1837b197) auipc   gp, 0x1837b
core   0: 3 0x8000b230 (0x1837b197) x 3 0x98386230
core   0: 0x8000b234 (0xd0290193) addi    gp, s2, -766
core   0: 3 0x8000b234 (0xd0290193) x 3 0xb2693f2a
core   0: 0x8000b238 (0xc272c013) xori    zero, t0, -985
core   0: 3 0x8000b238 (0xc272c013)
core   0: 0x8000b23c (0xe135ee93) ori     t4, a1, -493
core   0: 3 0x8000b23c (0xe135ee93) x29 0xfffffe13
core   0: 0x8000b240 (0xaf0fc613) xori    a2, t6, -1296
core   0: 3 0x8000b240 (0xaf0fc613) x12 0xfffffbf0
core   0: 0x8000b244 (0x0111e333) or      t1, gp, a7
core   0: 3 0x8000b244 (0x0111e333) x 6 0xb2693f6e
core   0: 0x8000b248 (0x012e40b3) xor     ra, t3, s2
core   0: 3 0x8000b248 (0x012e40b3) x 1 0xb2694228
core   0: 0x8000b24c (0x41b7d033) sra     zero, a5, s11
core   0: 3 0x8000b24c (0x41b7d033)
core   0: 0x8000b250 (0x0027de13) srli    t3, a5, 2
core   0: 3 0x8000b250 (0x0027de13) x28 0x01721000
core   0: 0x8000b254 (0xc9fc4c13) xori    s8, s8, -865
core   0: 3 0x8000b254 (0xc9fc4c13) x24 0xfffffc9e
core   0: 0x8000b258 (0x7b37d337) lui     t1, 0x7b37d
core   0: 3 0x8000b258 (0x7b37d337) x 6 0x7b37d000
core   0: 0x8000b25c (0xf759a693) slti    a3, s3, -139
core   0: 3 0x8000b25c (0xf759a693) x13 0x00000001
core   0: 0x8000b260 (0xde09f737) lui     a4, 0xde09f
core   0: 3 0x8000b260 (0xde09f737) x14 0xde09f000
core   0: 0x8000b264 (0x41b7d333) sra     t1, a5, s11
core   0: 3 0x8000b264 (0x41b7d333) x 6 0x00000000
core   0: 0x8000b268 (0x01d7d913) srli    s2, a5, 29
core   0: 3 0x8000b268 (0x01d7d913) x18 0x00000000
core   0: 0x8000b26c (0x76072f93) slti    t6, a4, 1888
core   0: 3 0x8000b26c (0x76072f93) x31 0x00000001
core   0: 0x8000b270 (0x01c89a93) slli    s5, a7, 28
core   0: 3 0x8000b270 (0x01c89a93) x21 0xc0000000
core   0: 0x8000b274 (0x016adf13) srli    t5, s5, 22
core   0: 3 0x8000b274 (0x016adf13) x30 0x00000300
core   0: 0x8000b278 (0x86520993) addi    s3, tp, -1947
core   0: 3 0x8000b278 (0x86520993) x19 0xfec389e2
core   0: 0x8000b27c (0x013ab933) sltu    s2, s5, s3
core   0: 3 0x8000b27c (0x013ab933) x18 0x00000001
core   0: 0x8000b280 (0x0098fcb3) and     s9, a7, s1
core   0: 3 0x8000b280 (0x0098fcb3) x25 0x00000044
core   0: 0x8000b284 (0x41fb5713) srai    a4, s6, 31
core   0: 3 0x8000b284 (0x41fb5713) x14 0x00000000
core   0: 0x8000b288 (0x0046ab33) slt     s6, a3, tp
core   0: 3 0x8000b288 (0x0046ab33) x22 0x00000000
core   0: 0x8000b28c (0x8e242313) slti    t1, s0, -1822
core   0: 3 0x8000b28c (0x8e242313) x 6 0x00000001
core   0: 0x8000b290 (0x46eaa313) slti    t1, s5, 1134
core   0: 3 0x8000b290 (0x46eaa313) x 6 0x00000001
core   0: 0x8000b294 (0x00769eb3) sll     t4, a3, t2
core   0: 3 0x8000b294 (0x00769eb3) x29 0x00000010
core   0: 0x8000b298 (0x01989033) sll     zero, a7, s9
core   0: 3 0x8000b298 (0x01989033)
core   0: 0x8000b29c (0x7c38e113) ori     sp, a7, 1987
core   0: 3 0x8000b29c (0x7c38e113) x 2 0x000007cf
core   0: 0x8000b2a0 (0x00ffbbb3) sltu    s7, t6, a5
core   0: 3 0x8000b2a0 (0x00ffbbb3) x23 0x00000001
core   0: 0x8000b2a4 (0x00000013) nop
core   0: 3 0x8000b2a4 (0x00000013)
core   0: 0x8000b2a8 (0x38e686b7) lui     a3, 0x38e68
core   0: 3 0x8000b2a8 (0x38e686b7) x13 0x38e68000
core   0: 0x8000b2ac (0x01e6d513) srli    a0, a3, 30
core   0: 3 0x8000b2ac (0x01e6d513) x10 0x00000000
core   0: 0x8000b2b0 (0x010262b3) or      t0, tp, a6
core   0: 3 0x8000b2b0 (0x010262b3) x 5 0xfec3917d
core   0: 0x8000b2b4 (0x011f71b3) and     gp, t5, a7
core   0: 3 0x8000b2b4 (0x011f71b3) x 3 0x00000100
core   0: 0x8000b2b8 (0x5fcec9b7) lui     s3, 0x5fcec
core   0: 3 0x8000b2b8 (0x5fcec9b7) x19 0x5fcec000
core   0: 0x8000b2bc (0xa73d1317) auipc   t1, 0xa73d1
core   0: 3 0x8000b2bc (0xa73d1317) x 6 0x273dc2bc
core   0: 0x8000b2c0 (0xd4cb3e13) sltiu   t3, s6, -692
core   0: 3 0x8000b2c0 (0xd4cb3e13) x28 0x00000001
core   0: 0x8000b2c4 (0x00e79db3) sll     s11, a5, a4
core   0: 3 0x8000b2c4 (0x00e79db3) x27 0x05c84000
core   0: 0x8000b2c8 (0x00fbd0b3) srl     ra, s7, a5
core   0: 3 0x8000b2c8 (0x00fbd0b3) x 1 0x00000001
core   0: 0x8000b2cc (0x00000013) nop
core   0: 3 0x8000b2cc (0x00000013)
core   0: 0x8000b2d0 (0x018b0e13) addi    t3, s6, 24
core   0: 3 0x8000b2d0 (0x018b0e13) x28 0x00000018
core   0: 0x8000b2d4 (0x01319633) sll     a2, gp, s3
core   0: 3 0x8000b2d4 (0x01319633) x12 0x00000100
core   0: 0x8000b2d8 (0x4129d0b3) sra     ra, s3, s2
core   0: 3 0x8000b2d8 (0x4129d0b3) x 1 0x2fe76000
core   0: 0x8000b2dc (0x414887b3) sub     a5, a7, s4
core   0: 3 0x8000b2dc (0x414887b3) x15 0x0000014c
core   0: 0x8000b2e0 (0x01f0e7b3) or      a5, ra, t6
core   0: 3 0x8000b2e0 (0x01f0e7b3) x15 0x2fe76001
core   0: 0x8000b2e4 (0x40dc8d33) sub     s10, s9, a3
core   0: 3 0x8000b2e4 (0x40dc8d33) x26 0xc7198044
core   0: 0x8000b2e8 (0x40010533) sub     a0, sp, zero
core   0: 3 0x8000b2e8 (0x40010533) x10 0x000007cf
core   0: 0x8000b2ec (0x004d3e33) sltu    t3, s10, tp
core   0: 3 0x8000b2ec (0x004d3e33) x28 0x00000001
core   0: 0x8000b2f0 (0x01b45f13) srli    t5, s0, 27
core   0: 3 0x8000b2f0 (0x01b45f13) x30 0x0000001f
core   0: 0x8000b2f4 (0x012e5693) srli    a3, t3, 18
core   0: 3 0x8000b2f4 (0x012e5693) x13 0x00000000
core   0: 0x8000b2f8 (0x002a2d33) slt     s10, s4, sp
core   0: 3 0x8000b2f8 (0x002a2d33) x26 0x00000001
core   0: 0x8000b2fc (0x0025f833) and     a6, a1, sp
core   0: 3 0x8000b2fc (0x0025f833) x16 0x00000000
core   0: 0x8000b300 (0x40430f33) sub     t5, t1, tp
core   0: 3 0x8000b300 (0x40430f33) x30 0x287a313f
core   0: 0x8000b304 (0x015ecf33) xor     t5, t4, s5
core   0: 3 0x8000b304 (0x015ecf33) x30 0xc0000010
core   0: 0x8000b308 (0x0130dc33) srl     s8, ra, s3
core   0: 3 0x8000b308 (0x0130dc33) x24 0x2fe76000
core   0: 0x8000b30c (0x674c7b93) andi    s7, s8, 1652
core   0: 3 0x8000b30c (0x674c7b93) x23 0x00000000
core   0: 0x8000b310 (0x00a5e933) or      s2, a1, a0
core   0: 3 0x8000b310 (0x00a5e933) x18 0x000007cf
core   0: 0x8000b314 (0x192afc13) andi    s8, s5, 402
core   0: 3 0x8000b314 (0x192afc13) x24 0x00000000
core   0: 0x8000b318 (0xfb8a4697) auipc   a3, 0xfb8a4
core   0: 3 0x8000b318 (0xfb8a4697) x13 0x7b8af318
core   0: 0x8000b31c (0x00919e33) sll     t3, gp, s1
core   0: 3 0x8000b31c (0x00919e33) x28 0x00001000
core   0: 0x8000b320 (0x91b4af93) slti    t6, s1, -1765
core   0: 3 0x8000b320 (0x91b4af93) x31 0x00000001
core   0: 0x8000b324 (0x00a49bb3) sll     s7, s1, a0
core   0: 3 0x8000b324 (0x00a49bb3) x23 0xae720000
core   0: 0x8000b328 (0x5a9b0593) addi    a1, s6, 1449
core   0: 3 0x8000b328 (0x5a9b0593) x11 0x000005a9
core   0: 0x8000b32c (0x09186413) ori     s0, a6, 145
core   0: 3 0x8000b32c (0x09186413) x 8 0x00000091
core   0: 0x8000b330 (0x010e66b3) or      a3, t3, a6
core   0: 3 0x8000b330 (0x010e66b3) x13 0x00001000
core   0: 0x8000b334 (0x418c5293) srai    t0, s8, 24
core   0: 3 0x8000b334 (0x418c5293) x 5 0x00000000
core   0: 0x8000b338 (0x0015a2b3) slt     t0, a1, ra
core   0: 3 0x8000b338 (0x0015a2b3) x 5 0x00000001
core   0: 0x8000b33c (0xd3798e13) addi    t3, s3, -713
core   0: 3 0x8000b33c (0xd3798e13) x28 0x5fcebd37
core   0: 0x8000b340 (0x01620bb3) add     s7, tp, s6
core   0: 3 0x8000b340 (0x01620bb3) x23 0xfec3917d
core   0: 0x8000b344 (0x018b0bb3) add     s7, s6, s8
core   0: 3 0x8000b344 (0x018b0bb3) x23 0x00000000
core   0: 0x8000b348 (0x01335e93) srli    t4, t1, 19
core   0: 3 0x8000b348 (0x01335e93) x29 0x000004e7
core   0: 0x8000b34c (0x401e0933) sub     s2, t3, ra
core   0: 3 0x8000b34c (0x401e0933) x18 0x2fe75d37
core   0: 0x8000b350 (0x58912713) slti    a4, sp, 1417
core   0: 3 0x8000b350 (0x58912713) x14 0x00000000
core   0: 0x8000b354 (0x01d01993) slli    s3, zero, 29
core   0: 3 0x8000b354 (0x01d01993) x19 0x00000000
core   0: 0x8000b358 (0xc1612713) slti    a4, sp, -1002
core   0: 3 0x8000b358 (0xc1612713) x14 0x00000000
core   0: 0x8000b35c (0x00b01893) slli    a7, zero, 11
core   0: 3 0x8000b35c (0x00b01893) x17 0x00000000
core   0: 0x8000b360 (0x011320b3) slt     ra, t1, a7
core   0: 3 0x8000b360 (0x011320b3) x 1 0x00000000
core   0: 0x8000b364 (0x00000217) auipc   tp, 0x0
core   0: 3 0x8000b364 (0x00000217) x 4 0x8000b364
core   0: 0x8000b368 (0x00c20213) addi    tp, tp, 12
core   0: 3 0x8000b368 (0x00c20213) x 4 0x8000b370
core   0: 0x8000b36c (0x00020067) jr      tp
core   0: 3 0x8000b36c (0x00020067)
core   0: 0x8000b370 (0x00100193) li      gp, 1
core   0: 3 0x8000b370 (0x00100193) x 3 0x00000001
core   0: 0x8000b374 (0x00000073) ecall
core   0: exception trap_machine_ecall, epc 0x8000b374
core   0: >>>>  mtvec_handler
core   0: 0x8000bda0 (0x0400006f) j       pc + 0x40
core   0: 3 0x8000bda0 (0x0400006f)
core   0: 0x8000bde0 (0xffc48493) addi    s1, s1, -4
core   0: 3 0x8000bde0 (0xffc48493) x 9 0x80015ce0
core   0: 0x8000bde4 (0x0074a023) sw      t2, 0(s1)
core   0: 3 0x8000bde4 (0x0074a023) mem 0x80015ce0 0x80011e64
core   0: 0x8000bde8 (0x000483b3) add     t2, s1, zero
core   0: 3 0x8000bde8 (0x000483b3) x 7 0x80015ce0
core   0: 0x8000bdec (0xf8038393) addi    t2, t2, -128
core   0: 3 0x8000bdec (0xf8038393) x 7 0x80015c60
core   0: 0x8000bdf0 (0x0013a223) sw      ra, 4(t2)
core   0: 3 0x8000bdf0 (0x0013a223) mem 0x80015c64 0x00000000
core   0: 0x8000bdf4 (0x0023a423) sw      sp, 8(t2)
core   0: 3 0x8000bdf4 (0x0023a423) mem 0x80015c68 0x000007cf
core   0: 0x8000bdf8 (0x0033a623) sw      gp, 12(t2)
core   0: 3 0x8000bdf8 (0x0033a623) mem 0x80015c6c 0x00000001
core   0: 0x8000bdfc (0x0043a823) sw      tp, 16(t2)
core   0: 3 0x8000bdfc (0x0043a823) mem 0x80015c70 0x8000b370
core   0: 0x8000be00 (0x0053aa23) sw      t0, 20(t2)
core   0: 3 0x8000be00 (0x0053aa23) mem 0x80015c74 0x00000001
core   0: 0x8000be04 (0x0063ac23) sw      t1, 24(t2)
core   0: 3 0x8000be04 (0x0063ac23) mem 0x80015c78 0x273dc2bc
core   0: 0x8000be08 (0x0073ae23) sw      t2, 28(t2)
core   0: 3 0x8000be08 (0x0073ae23) mem 0x80015c7c 0x80015c60
core   0: 0x8000be0c (0x0283a023) sw      s0, 32(t2)
core   0: 3 0x8000be0c (0x0283a023) mem 0x80015c80 0x00000091
core   0: 0x8000be10 (0x0293a223) sw      s1, 36(t2)
core   0: 3 0x8000be10 (0x0293a223) mem 0x80015c84 0x80015ce0
core   0: 0x8000be14 (0x02a3a423) sw      a0, 40(t2)
core   0: 3 0x8000be14 (0x02a3a423) mem 0x80015c88 0x000007cf
core   0: 0x8000be18 (0x02b3a623) sw      a1, 44(t2)
core   0: 3 0x8000be18 (0x02b3a623) mem 0x80015c8c 0x000005a9
core   0: 0x8000be1c (0x02c3a823) sw      a2, 48(t2)
core   0: 3 0x8000be1c (0x02c3a823) mem 0x80015c90 0x00000100
core   0: 0x8000be20 (0x02d3aa23) sw      a3, 52(t2)
core   0: 3 0x8000be20 (0x02d3aa23) mem 0x80015c94 0x00001000
core   0: 0x8000be24 (0x02e3ac23) sw      a4, 56(t2)
core   0: 3 0x8000be24 (0x02e3ac23) mem 0x80015c98 0x00000000
core   0: 0x8000be28 (0x02f3ae23) sw      a5, 60(t2)
core   0: 3 0x8000be28 (0x02f3ae23) mem 0x80015c9c 0x2fe76001
core   0: 0x8000be2c (0x0503a023) sw      a6, 64(t2)
core   0: 3 0x8000be2c (0x0503a023) mem 0x80015ca0 0x00000000
core   0: 0x8000be30 (0x0513a223) sw      a7, 68(t2)
core   0: 3 0x8000be30 (0x0513a223) mem 0x80015ca4 0x00000000
core   0: 0x8000be34 (0x0523a423) sw      s2, 72(t2)
core   0: 3 0x8000be34 (0x0523a423) mem 0x80015ca8 0x2fe75d37
core   0: 0x8000be38 (0x0533a623) sw      s3, 76(t2)
core   0: 3 0x8000be38 (0x0533a623) mem 0x80015cac 0x00000000
core   0: 0x8000be3c (0x0543a823) sw      s4, 80(t2)
core   0: 3 0x8000be3c (0x0543a823) mem 0x80015cb0 0x00000000
core   0: 0x8000be40 (0x0553aa23) sw      s5, 84(t2)
core   0: 3 0x8000be40 (0x0553aa23) mem 0x80015cb4 0xc0000000
core   0: 0x8000be44 (0x0563ac23) sw      s6, 88(t2)
core   0: 3 0x8000be44 (0x0563ac23) mem 0x80015cb8 0x00000000
core   0: 0x8000be48 (0x0573ae23) sw      s7, 92(t2)
core   0: 3 0x8000be48 (0x0573ae23) mem 0x80015cbc 0x00000000
core   0: 0x8000be4c (0x0783a023) sw      s8, 96(t2)
core   0: 3 0x8000be4c (0x0783a023) mem 0x80015cc0 0x00000000
core   0: 0x8000be50 (0x0793a223) sw      s9, 100(t2)
core   0: 3 0x8000be50 (0x0793a223) mem 0x80015cc4 0x00000044
core   0: 0x8000be54 (0x07a3a423) sw      s10, 104(t2)
core   0: 3 0x8000be54 (0x07a3a423) mem 0x80015cc8 0x00000001
core   0: 0x8000be58 (0x07b3a623) sw      s11, 108(t2)
core   0: 3 0x8000be58 (0x07b3a623) mem 0x80015ccc 0x05c84000
core   0: 0x8000be5c (0x07c3a823) sw      t3, 112(t2)
core   0: 3 0x8000be5c (0x07c3a823) mem 0x80015cd0 0x5fcebd37
core   0: 0x8000be60 (0x07d3aa23) sw      t4, 116(t2)
core   0: 3 0x8000be60 (0x07d3aa23) mem 0x80015cd4 0x000004e7
core   0: 0x8000be64 (0x07e3ac23) sw      t5, 120(t2)
core   0: 3 0x8000be64 (0x07e3ac23) mem 0x80015cd8 0xc0000010
core   0: 0x8000be68 (0x07f3ae23) sw      t6, 124(t2)
core   0: 3 0x8000be68 (0x07f3ae23) mem 0x80015cdc 0x00000001
core   0: 0x8000be6c (0x000384b3) add     s1, t2, zero
core   0: 3 0x8000be6c (0x000384b3) x 9 0x80015c60
core   0: 0x8000be70 (0x34102473) csrr    s0, mepc
core   0: 3 0x8000be70 (0x34102473) x 8 0x8000b374
core   0: 0x8000be74 (0x34202473) csrr    s0, mcause
core   0: 3 0x8000be74 (0x34202473) x 8 0x0000000b
core   0: 0x8000be78 (0x00300513) li      a0, 3
core   0: 3 0x8000be78 (0x00300513) x10 0x00000003
core   0: 0x8000be7c (0x2aa40a63) beq     s0, a0, pc + 692
core   0: 3 0x8000be7c (0x2aa40a63)
core   0: 0x8000be80 (0x00800513) li      a0, 8
core   0: 3 0x8000be80 (0x00800513) x10 0x00000008
core   0: 0x8000be84 (0x04a40e63) beq     s0, a0, pc + 92
core   0: 3 0x8000be84 (0x04a40e63)
core   0: 0x8000be88 (0x00900513) li      a0, 9
core   0: 3 0x8000be88 (0x00900513) x10 0x00000009
core   0: 0x8000be8c (0x04a40a63) beq     s0, a0, pc + 84
core   0: 3 0x8000be8c (0x04a40a63)
core   0: 0x8000be90 (0x00b00513) li      a0, 11
core   0: 3 0x8000be90 (0x00b00513) x10 0x0000000b
core   0: 0x8000be94 (0x04a40663) beq     s0, a0, pc + 76
core   0: 3 0x8000be94 (0x04a40663)
core   0: 0x8000bee0 (0xffff4417) auipc   s0, 0xffff4
core   0: 3 0x8000bee0 (0xffff4417) x 8 0x7ffffee0
core   0: 0x8000bee4 (0x12040413) addi    s0, s0, 288
core   0: 3 0x8000bee4 (0x12040413) x 8 0x80000000
core   0: 0x8000bee8 (0x00042023) sw      zero, 0(s0)
core   0: 3 0x8000bee8 (0x00042023) mem 0x80000000 0x00000000
core   0: 0x8000beec (0x00142223) sw      ra, 4(s0)
core   0: 3 0x8000beec (0x00142223) mem 0x80000004 0x00000000
core   0: 0x8000bef0 (0x00242423) sw      sp, 8(s0)
core   0: 3 0x8000bef0 (0x00242423) mem 0x80000008 0x000007cf
core   0: 0x8000bef4 (0x00342623) sw      gp, 12(s0)
core   0: 3 0x8000bef4 (0x00342623) mem 0x8000000c 0x00000001
core   0: 0x8000bef8 (0x00442823) sw      tp, 16(s0)
core   0: 3 0x8000bef8 (0x00442823) mem 0x80000010 0x8000b370
core   0: 0x8000befc (0x00542a23) sw      t0, 20(s0)
core   0: 3 0x8000befc (0x00542a23) mem 0x80000014 0x00000001
core   0: 0x8000bf00 (0x00642c23) sw      t1, 24(s0)
core   0: 3 0x8000bf00 (0x00642c23) mem 0x80000018 0x273dc2bc
core   0: 0x8000bf04 (0x00742e23) sw      t2, 28(s0)
core   0: 3 0x8000bf04 (0x00742e23) mem 0x8000001c 0x80015c60
core   0: 0x8000bf08 (0x02842023) sw      s0, 32(s0)
core   0: 3 0x8000bf08 (0x02842023) mem 0x80000020 0x80000000
core   0: 0x8000bf0c (0x02942223) sw      s1, 36(s0)
core   0: 3 0x8000bf0c (0x02942223) mem 0x80000024 0x80015c60
core   0: 0x8000bf10 (0x02a42423) sw      a0, 40(s0)
core   0: 3 0x8000bf10 (0x02a42423) mem 0x80000028 0x0000000b
core   0: 0x8000bf14 (0x02b42623) sw      a1, 44(s0)
core   0: 3 0x8000bf14 (0x02b42623) mem 0x8000002c 0x000005a9
core   0: 0x8000bf18 (0x02c42823) sw      a2, 48(s0)
core   0: 3 0x8000bf18 (0x02c42823) mem 0x80000030 0x00000100
core   0: 0x8000bf1c (0x02d42a23) sw      a3, 52(s0)
core   0: 3 0x8000bf1c (0x02d42a23) mem 0x80000034 0x00001000
core   0: 0x8000bf20 (0x02e42c23) sw      a4, 56(s0)
core   0: 3 0x8000bf20 (0x02e42c23) mem 0x80000038 0x00000000
core   0: 0x8000bf24 (0x02f42e23) sw      a5, 60(s0)
core   0: 3 0x8000bf24 (0x02f42e23) mem 0x8000003c 0x2fe76001
core   0: 0x8000bf28 (0x05042023) sw      a6, 64(s0)
core   0: 3 0x8000bf28 (0x05042023) mem 0x80000040 0x00000000
core   0: 0x8000bf2c (0x05142223) sw      a7, 68(s0)
core   0: 3 0x8000bf2c (0x05142223) mem 0x80000044 0x00000000
core   0: 0x8000bf30 (0x05242423) sw      s2, 72(s0)
core   0: 3 0x8000bf30 (0x05242423) mem 0x80000048 0x2fe75d37
core   0: 0x8000bf34 (0x05342623) sw      s3, 76(s0)
core   0: 3 0x8000bf34 (0x05342623) mem 0x8000004c 0x00000000
core   0: 0x8000bf38 (0x05442823) sw      s4, 80(s0)
core   0: 3 0x8000bf38 (0x05442823) mem 0x80000050 0x00000000
core   0: 0x8000bf3c (0x05542a23) sw      s5, 84(s0)
core   0: 3 0x8000bf3c (0x05542a23) mem 0x80000054 0xc0000000
core   0: 0x8000bf40 (0x05642c23) sw      s6, 88(s0)
core   0: 3 0x8000bf40 (0x05642c23) mem 0x80000058 0x00000000
core   0: 0x8000bf44 (0x05742e23) sw      s7, 92(s0)
core   0: 3 0x8000bf44 (0x05742e23) mem 0x8000005c 0x00000000
core   0: 0x8000bf48 (0x07842023) sw      s8, 96(s0)
core   0: 3 0x8000bf48 (0x07842023) mem 0x80000060 0x00000000
core   0: 0x8000bf4c (0x07942223) sw      s9, 100(s0)
core   0: 3 0x8000bf4c (0x07942223) mem 0x80000064 0x00000044
core   0: 0x8000bf50 (0x07a42423) sw      s10, 104(s0)
core   0: 3 0x8000bf50 (0x07a42423) mem 0x80000068 0x00000001
core   0: 0x8000bf54 (0x07b42623) sw      s11, 108(s0)
core   0: 3 0x8000bf54 (0x07b42623) mem 0x8000006c 0x05c84000
core   0: 0x8000bf58 (0x07c42823) sw      t3, 112(s0)
core   0: 3 0x8000bf58 (0x07c42823) mem 0x80000070 0x5fcebd37
core   0: 0x8000bf5c (0x07d42a23) sw      t4, 116(s0)
core   0: 3 0x8000bf5c (0x07d42a23) mem 0x80000074 0x000004e7
core   0: 0x8000bf60 (0x07e42c23) sw      t5, 120(s0)
core   0: 3 0x8000bf60 (0x07e42c23) mem 0x80000078 0xc0000010
core   0: 0x8000bf64 (0x07f42e23) sw      t6, 124(s0)
core   0: 3 0x8000bf64 (0x07f42e23) mem 0x8000007c 0x00000001
core   0: 0x8000bf68 (0xfffff217) auipc   tp, 0xfffff
core   0: 3 0x8000bf68 (0xfffff217) x 4 0x8000af68
core   0: 0x8000bf6c (0x41020213) addi    tp, tp, 1040
core   0: 3 0x8000bf6c (0x41020213) x 4 0x8000b378
core   0: 0x8000bf70 (0x00020067) jr      tp
core   0: 3 0x8000bf70 (0x00020067)
core   0: 0x8000b378 (0x00002f17) auipc   t5, 0x2
core   0: 3 0x8000b378 (0x00002f17) x30 0x8000d378
core   0: 0x8000b37c (0xc83f2423) sw      gp, -888(t5)
core   0: 3 0x8000b37c (0xc83f2423) mem 0x8000d000 0x00000001
core   0: 0x8000b380 (0xff9ff06f) j       pc - 0x8
core   0: 3 0x8000b380 (0xff9ff06f)
core   0: 0x8000b378 (0x00002f17) auipc   t5, 0x2
core   0: 3 0x8000b378 (0x00002f17) x30 0x8000d378
core   0: 0x8000b37c (0xc83f2423) sw      gp, -888(t5)
core   0: 3 0x8000b37c (0xc83f2423) mem 0x8000d000 0x00000001
core   0: 0x8000b380 (0xff9ff06f) j       pc - 0x8
core   0: 3 0x8000b380 (0xff9ff06f)
core   0: 0x8000b378 (0x00002f17) auipc   t5, 0x2
core   0: 3 0x8000b378 (0x00002f17) x30 0x8000d378
core   0: 0x8000b37c (0xc83f2423) sw      gp, -888(t5)
core   0: 3 0x8000b37c (0xc83f2423) mem 0x8000d000 0x00000001
core   0: 0x8000b380 (0xff9ff06f) j       pc - 0x8
core   0: 3 0x8000b380 (0xff9ff06f)
core   0: 0x8000b378 (0x00002f17) auipc   t5, 0x2
core   0: 3 0x8000b378 (0x00002f17) x30 0x8000d378
core   0: 0x8000b37c (0xc83f2423) sw      gp, -888(t5)
core   0: 3 0x8000b37c (0xc83f2423) mem 0x8000d000 0x00000001
core   0: 0x8000b380 (0xff9ff06f) j       pc - 0x8
core   0: 3 0x8000b380 (0xff9ff06f)
core   0: 0x8000b378 (0x00002f17) auipc   t5, 0x2
core   0: 3 0x8000b378 (0x00002f17) x30 0x8000d378
core   0: 0x8000b37c (0xc83f2423) sw      gp, -888(t5)
core   0: 3 0x8000b37c (0xc83f2423) mem 0x8000d000 0x00000001
core   0: 0x8000b380 (0xff9ff06f) j       pc - 0x8
core   0: 3 0x8000b380 (0xff9ff06f)
core   0: 0x8000b378 (0x00002f17) auipc   t5, 0x2
core   0: 3 0x8000b378 (0x00002f17) x30 0x8000d378
core   0: 0x8000b37c (0xc83f2423) sw      gp, -888(t5)
core   0: 3 0x8000b37c (0xc83f2423) mem 0x8000d000 0x00000001
core   0: 0x8000b380 (0xff9ff06f) j       pc - 0x8
core   0: 3 0x8000b380 (0xff9ff06f)
core   0: 0x8000b378 (0x00002f17) auipc   t5, 0x2
core   0: 3 0x8000b378 (0x00002f17) x30 0x8000d378
core   0: 0x8000b37c (0xc83f2423) sw      gp, -888(t5)
core   0: 3 0x8000b37c (0xc83f2423) mem 0x8000d000 0x00000001
core   0: 0x8000b380 (0xff9ff06f) j       pc - 0x8
core   0: 3 0x8000b380 (0xff9ff06f)
core   0: 0x8000b378 (0x00002f17) auipc   t5, 0x2
core   0: 3 0x8000b378 (0x00002f17) x30 0x8000d378
core   0: 0x8000b37c (0xc83f2423) sw      gp, -888(t5)
core   0: 3 0x8000b37c (0xc83f2423) mem 0x8000d000 0x00000001
core   0: 0x8000b380 (0xff9ff06f) j       pc - 0x8
core   0: 3 0x8000b380 (0xff9ff06f)
core   0: 0x8000b378 (0x00002f17) auipc   t5, 0x2
core   0: 3 0x8000b378 (0x00002f17) x30 0x8000d378
core   0: 0x8000b37c (0xc83f2423) sw      gp, -888(t5)
core   0: 3 0x8000b37c (0xc83f2423) mem 0x8000d000 0x00000001
core   0: 0x8000b380 (0xff9ff06f) j       pc - 0x8
core   0: 3 0x8000b380 (0xff9ff06f)
core   0: 0x8000b378 (0x00002f17) auipc   t5, 0x2
core   0: 3 0x8000b378 (0x00002f17) x30 0x8000d378
core   0: 0x8000b37c (0xc83f2423) sw      gp, -888(t5)
core   0: 3 0x8000b37c (0xc83f2423) mem 0x8000d000 0x00000001
core   0: 0x8000b380 (0xff9ff06f) j       pc - 0x8
core   0: 3 0x8000b380 (0xff9ff06f)
core   0: 0x8000b378 (0x00002f17) auipc   t5, 0x2
core   0: 3 0x8000b378 (0x00002f17) x30 0x8000d378
core   0: 0x8000b37c (0xc83f2423) sw      gp, -888(t5)
core   0: 3 0x8000b37c (0xc83f2423) mem 0x8000d000 0x00000001
core   0: 0x8000b380 (0xff9ff06f) j       pc - 0x8
core   0: 3 0x8000b380 (0xff9ff06f)
core   0: 0x8000b378 (0x00002f17) auipc   t5, 0x2
core   0: 3 0x8000b378 (0x00002f17) x30 0x8000d378
core   0: 0x8000b37c (0xc83f2423) sw      gp, -888(t5)
core   0: 3 0x8000b37c (0xc83f2423) mem 0x8000d000 0x00000001
core   0: 0x8000b380 (0xff9ff06f) j       pc - 0x8
core   0: 3 0x8000b380 (0xff9ff06f)
core   0: 0x8000b378 (0x00002f17) auipc   t5, 0x2
core   0: 3 0x8000b378 (0x00002f17) x30 0x8000d378
core   0: 0x8000b37c (0xc83f2423) sw      gp, -888(t5)
core   0: 3 0x8000b37c (0xc83f2423) mem 0x8000d000 0x00000001
core   0: 0x8000b380 (0xff9ff06f) j       pc - 0x8
core   0: 3 0x8000b380 (0xff9ff06f)
core   0: 0x8000b378 (0x00002f17) auipc   t5, 0x2
core   0: 3 0x8000b378 (0x00002f17) x30 0x8000d378
core   0: 0x8000b37c (0xc83f2423) sw      gp, -888(t5)
core   0: 3 0x8000b37c (0xc83f2423) mem 0x8000d000 0x00000001
core   0: 0x8000b380 (0xff9ff06f) j       pc - 0x8
core   0: 3 0x8000b380 (0xff9ff06f)
core   0: 0x8000b378 (0x00002f17) auipc   t5, 0x2
core   0: 3 0x8000b378 (0x00002f17) x30 0x8000d378
core   0: 0x8000b37c (0xc83f2423) sw      gp, -888(t5)
core   0: 3 0x8000b37c (0xc83f2423) mem 0x8000d000 0x00000001
core   0: 0x8000b380 (0xff9ff06f) j       pc - 0x8
core   0: 3 0x8000b380 (0xff9ff06f)
core   0: 0x8000b378 (0x00002f17) auipc   t5, 0x2
core   0: 3 0x8000b378 (0x00002f17) x30 0x8000d378
core   0: 0x8000b37c (0xc83f2423) sw      gp, -888(t5)
core   0: 3 0x8000b37c (0xc83f2423) mem 0x8000d000 0x00000001
core   0: 0x8000b380 (0xff9ff06f) j       pc - 0x8
core   0: 3 0x8000b380 (0xff9ff06f)
core   0: 0x8000b378 (0x00002f17) auipc   t5, 0x2
core   0: 3 0x8000b378 (0x00002f17) x30 0x8000d378
core   0: 0x8000b37c (0xc83f2423) sw      gp, -888(t5)
core   0: 3 0x8000b37c (0xc83f2423) mem 0x8000d000 0x00000001
core   0: 0x8000b380 (0xff9ff06f) j       pc - 0x8
core   0: 3 0x8000b380 (0xff9ff06f)
core   0: 0x8000b378 (0x00002f17) auipc   t5, 0x2
core   0: 3 0x8000b378 (0x00002f17) x30 0x8000d378
core   0: 0x8000b37c (0xc83f2423) sw      gp, -888(t5)
core   0: 3 0x8000b37c (0xc83f2423) mem 0x8000d000 0x00000001
core   0: 0x8000b380 (0xff9ff06f) j       pc - 0x8
core   0: 3 0x8000b380 (0xff9ff06f)
core   0: 0x8000b378 (0x00002f17) auipc   t5, 0x2
core   0: 3 0x8000b378 (0x00002f17) x30 0x8000d378
core   0: 0x8000b37c (0xc83f2423) sw      gp, -888(t5)
core   0: 3 0x8000b37c (0xc83f2423) mem 0x8000d000 0x00000001
core   0: 0x8000b380 (0xff9ff06f) j       pc - 0x8
core   0: 3 0x8000b380 (0xff9ff06f)
core   0: 0x8000b378 (0x00002f17) auipc   t5, 0x2
core   0: 3 0x8000b378 (0x00002f17) x30 0x8000d378
core   0: 0x8000b37c (0xc83f2423) sw      gp, -888(t5)
core   0: 3 0x8000b37c (0xc83f2423) mem 0x8000d000 0x00000001
core   0: 0x8000b380 (0xff9ff06f) j       pc - 0x8
core   0: 3 0x8000b380 (0xff9ff06f)
core   0: 0x8000b378 (0x00002f17) auipc   t5, 0x2
core   0: 3 0x8000b378 (0x00002f17) x30 0x8000d378
core   0: 0x8000b37c (0xc83f2423) sw      gp, -888(t5)
core   0: 3 0x8000b37c (0xc83f2423) mem 0x8000d000 0x00000001
core   0: 0x8000b380 (0xff9ff06f) j       pc - 0x8
core   0: 3 0x8000b380 (0xff9ff06f)
core   0: 0x8000b378 (0x00002f17) auipc   t5, 0x2
core   0: 3 0x8000b378 (0x00002f17) x30 0x8000d378
core   0: 0x8000b37c (0xc83f2423) sw      gp, -888(t5)
core   0: 3 0x8000b37c (0xc83f2423) mem 0x8000d000 0x00000001
core   0: 0x8000b380 (0xff9ff06f) j       pc - 0x8
core   0: 3 0x8000b380 (0xff9ff06f)
core   0: 0x8000b378 (0x00002f17) auipc   t5, 0x2
core   0: 3 0x8000b378 (0x00002f17) x30 0x8000d378
core   0: 0x8000b37c (0xc83f2423) sw      gp, -888(t5)
core   0: 3 0x8000b37c (0xc83f2423) mem 0x8000d000 0x00000001
core   0: 0x8000b380 (0xff9ff06f) j       pc - 0x8
core   0: 3 0x8000b380 (0xff9ff06f)
core   0: 0x8000b378 (0x00002f17) auipc   t5, 0x2
core   0: 3 0x8000b378 (0x00002f17) x30 0x8000d378
core   0: 0x8000b37c (0xc83f2423) sw      gp, -888(t5)
core   0: 3 0x8000b37c (0xc83f2423) mem 0x8000d000 0x00000001
core   0: 0x8000b380 (0xff9ff06f) j       pc - 0x8
core   0: 3 0x8000b380 (0xff9ff06f)
core   0: 0x8000b378 (0x00002f17) auipc   t5, 0x2
core   0: 3 0x8000b378 (0x00002f17) x30 0x8000d378
core   0: 0x8000b37c (0xc83f2423) sw      gp, -888(t5)
core   0: 3 0x8000b37c (0xc83f2423) mem 0x8000d000 0x00000001
core   0: 0x8000b380 (0xff9ff06f) j       pc - 0x8
core   0: 3 0x8000b380 (0xff9ff06f)
core   0: 0x8000b378 (0x00002f17) auipc   t5, 0x2
core   0: 3 0x8000b378 (0x00002f17) x30 0x8000d378
core   0: 0x8000b37c (0xc83f2423) sw      gp, -888(t5)
core   0: 3 0x8000b37c (0xc83f2423) mem 0x8000d000 0x00000001
core   0: 0x8000b380 (0xff9ff06f) j       pc - 0x8
core   0: 3 0x8000b380 (0xff9ff06f)
core   0: 0x8000b378 (0x00002f17) auipc   t5, 0x2
core   0: 3 0x8000b378 (0x00002f17) x30 0x8000d378
core   0: 0x8000b37c (0xc83f2423) sw      gp, -888(t5)
core   0: 3 0x8000b37c (0xc83f2423) mem 0x8000d000 0x00000001
core   0: 0x8000b380 (0xff9ff06f) j       pc - 0x8
core   0: 3 0x8000b380 (0xff9ff06f)
core   0: 0x8000b378 (0x00002f17) auipc   t5, 0x2
core   0: 3 0x8000b378 (0x00002f17) x30 0x8000d378
core   0: 0x8000b37c (0xc83f2423) sw      gp, -888(t5)
core   0: 3 0x8000b37c (0xc83f2423) mem 0x8000d000 0x00000001
core   0: 0x8000b380 (0xff9ff06f) j       pc - 0x8
core   0: 3 0x8000b380 (0xff9ff06f)
core   0: 0x8000b378 (0x00002f17) auipc   t5, 0x2
core   0: 3 0x8000b378 (0x00002f17) x30 0x8000d378
core   0: 0x8000b37c (0xc83f2423) sw      gp, -888(t5)
core   0: 3 0x8000b37c (0xc83f2423) mem 0x8000d000 0x00000001
core   0: 0x8000b380 (0xff9ff06f) j       pc - 0x8
core   0: 3 0x8000b380 (0xff9ff06f)
core   0: 0x8000b378 (0x00002f17) auipc   t5, 0x2
core   0: 3 0x8000b378 (0x00002f17) x30 0x8000d378
core   0: 0x8000b37c (0xc83f2423) sw      gp, -888(t5)
core   0: 3 0x8000b37c (0xc83f2423) mem 0x8000d000 0x00000001
core   0: 0x8000b380 (0xff9ff06f) j       pc - 0x8
core   0: 3 0x8000b380 (0xff9ff06f)
core   0: 0x8000b378 (0x00002f17) auipc   t5, 0x2
core   0: 3 0x8000b378 (0x00002f17) x30 0x8000d378
core   0: 0x8000b37c (0xc83f2423) sw      gp, -888(t5)
core   0: 3 0x8000b37c (0xc83f2423) mem 0x8000d000 0x00000001
core   0: 0x8000b380 (0xff9ff06f) j       pc - 0x8
core   0: 3 0x8000b380 (0xff9ff06f)
core   0: 0x8000b378 (0x00002f17) auipc   t5, 0x2
core   0: 3 0x8000b378 (0x00002f17) x30 0x8000d378
core   0: 0x8000b37c (0xc83f2423) sw      gp, -888(t5)
core   0: 3 0x8000b37c (0xc83f2423) mem 0x8000d000 0x00000001
core   0: 0x8000b380 (0xff9ff06f) j       pc - 0x8
core   0: 3 0x8000b380 (0xff9ff06f)
core   0: 0x8000b378 (0x00002f17) auipc   t5, 0x2
core   0: 3 0x8000b378 (0x00002f17) x30 0x8000d378
core   0: 0x8000b37c (0xc83f2423) sw      gp, -888(t5)
core   0: 3 0x8000b37c (0xc83f2423) mem 0x8000d000 0x00000001
core   0: 0x8000b380 (0xff9ff06f) j       pc - 0x8
core   0: 3 0x8000b380 (0xff9ff06f)
core   0: 0x8000b378 (0x00002f17) auipc   t5, 0x2
core   0: 3 0x8000b378 (0x00002f17) x30 0x8000d378
core   0: 0x8000b37c (0xc83f2423) sw      gp, -888(t5)
core   0: 3 0x8000b37c (0xc83f2423) mem 0x8000d000 0x00000001
core   0: 0x8000b380 (0xff9ff06f) j       pc - 0x8
core   0: 3 0x8000b380 (0xff9ff06f)
core   0: 0x8000b378 (0x00002f17) auipc   t5, 0x2
core   0: 3 0x8000b378 (0x00002f17) x30 0x8000d378
core   0: 0x8000b37c (0xc83f2423) sw      gp, -888(t5)
core   0: 3 0x8000b37c (0xc83f2423) mem 0x8000d000 0x00000001
core   0: 0x8000b380 (0xff9ff06f) j       pc - 0x8
core   0: 3 0x8000b380 (0xff9ff06f)
core   0: 0x8000b378 (0x00002f17) auipc   t5, 0x2
core   0: 3 0x8000b378 (0x00002f17) x30 0x8000d378
core   0: 0x8000b37c (0xc83f2423) sw      gp, -888(t5)
core   0: 3 0x8000b37c (0xc83f2423) mem 0x8000d000 0x00000001
core   0: 0x8000b380 (0xff9ff06f) j       pc - 0x8
core   0: 3 0x8000b380 (0xff9ff06f)
core   0: 0x8000b378 (0x00002f17) auipc   t5, 0x2
core   0: 3 0x8000b378 (0x00002f17) x30 0x8000d378
core   0: 0x8000b37c (0xc83f2423) sw      gp, -888(t5)
core   0: 3 0x8000b37c (0xc83f2423) mem 0x8000d000 0x00000001
core   0: 0x8000b380 (0xff9ff06f) j       pc - 0x8
core   0: 3 0x8000b380 (0xff9ff06f)
core   0: 0x8000b378 (0x00002f17) auipc   t5, 0x2
core   0: 3 0x8000b378 (0x00002f17) x30 0x8000d378
core   0: 0x8000b37c (0xc83f2423) sw      gp, -888(t5)
core   0: 3 0x8000b37c (0xc83f2423) mem 0x8000d000 0x00000001
core   0: 0x8000b380 (0xff9ff06f) j       pc - 0x8
core   0: 3 0x8000b380 (0xff9ff06f)
core   0: 0x8000b378 (0x00002f17) auipc   t5, 0x2
core   0: 3 0x8000b378 (0x00002f17) x30 0x8000d378
core   0: 0x8000b37c (0xc83f2423) sw      gp, -888(t5)
core   0: 3 0x8000b37c (0xc83f2423) mem 0x8000d000 0x00000001
core   0: 0x8000b380 (0xff9ff06f) j       pc - 0x8
core   0: 3 0x8000b380 (0xff9ff06f)
core   0: 0x8000b378 (0x00002f17) auipc   t5, 0x2
core   0: 3 0x8000b378 (0x00002f17) x30 0x8000d378
core   0: 0x8000b37c (0xc83f2423) sw      gp, -888(t5)
core   0: 3 0x8000b37c (0xc83f2423) mem 0x8000d000 0x00000001
core   0: 0x8000b380 (0xff9ff06f) j       pc - 0x8
core   0: 3 0x8000b380 (0xff9ff06f)
core   0: 0x8000b378 (0x00002f17) auipc   t5, 0x2
core   0: 3 0x8000b378 (0x00002f17) x30 0x8000d378
core   0: 0x8000b37c (0xc83f2423) sw      gp, -888(t5)
core   0: 3 0x8000b37c (0xc83f2423) mem 0x8000d000 0x00000001
core   0: 0x8000b380 (0xff9ff06f) j       pc - 0x8
core   0: 3 0x8000b380 (0xff9ff06f)
core   0: 0x8000b378 (0x00002f17) auipc   t5, 0x2
core   0: 3 0x8000b378 (0x00002f17) x30 0x8000d378
core   0: 0x8000b37c (0xc83f2423) sw      gp, -888(t5)
core   0: 3 0x8000b37c (0xc83f2423) mem 0x8000d000 0x00000001
core   0: 0x8000b380 (0xff9ff06f) j       pc - 0x8
core   0: 3 0x8000b380 (0xff9ff06f)
core   0: 0x8000b378 (0x00002f17) auipc   t5, 0x2
core   0: 3 0x8000b378 (0x00002f17) x30 0x8000d378
core   0: 0x8000b37c (0xc83f2423) sw      gp, -888(t5)
core   0: 3 0x8000b37c (0xc83f2423) mem 0x8000d000 0x00000001
core   0: 0x8000b380 (0xff9ff06f) j       pc - 0x8
core   0: 3 0x8000b380 (0xff9ff06f)
core   0: 0x8000b378 (0x00002f17) auipc   t5, 0x2
core   0: 3 0x8000b378 (0x00002f17) x30 0x8000d378
core   0: 0x8000b37c (0xc83f2423) sw      gp, -888(t5)
core   0: 3 0x8000b37c (0xc83f2423) mem 0x8000d000 0x00000001
core   0: 0x8000b380 (0xff9ff06f) j       pc - 0x8
core   0: 3 0x8000b380 (0xff9ff06f)
core   0: 0x8000b378 (0x00002f17) auipc   t5, 0x2
core   0: 3 0x8000b378 (0x00002f17) x30 0x8000d378
core   0: 0x8000b37c (0xc83f2423) sw      gp, -888(t5)
core   0: 3 0x8000b37c (0xc83f2423) mem 0x8000d000 0x00000001
core   0: 0x8000b380 (0xff9ff06f) j       pc - 0x8
core   0: 3 0x8000b380 (0xff9ff06f)
core   0: 0x8000b378 (0x00002f17) auipc   t5, 0x2
core   0: 3 0x8000b378 (0x00002f17) x30 0x8000d378
core   0: 0x8000b37c (0xc83f2423) sw      gp, -888(t5)
core   0: 3 0x8000b37c (0xc83f2423) mem 0x8000d000 0x00000001
core   0: 0x8000b380 (0xff9ff06f) j       pc - 0x8
core   0: 3 0x8000b380 (0xff9ff06f)
core   0: 0x8000b378 (0x00002f17) auipc   t5, 0x2
core   0: 3 0x8000b378 (0x00002f17) x30 0x8000d378
core   0: 0x8000b37c (0xc83f2423) sw      gp, -888(t5)
core   0: 3 0x8000b37c (0xc83f2423) mem 0x8000d000 0x00000001
core   0: 0x8000b380 (0xff9ff06f) j       pc - 0x8
core   0: 3 0x8000b380 (0xff9ff06f)
core   0: 0x8000b378 (0x00002f17) auipc   t5, 0x2
core   0: 3 0x8000b378 (0x00002f17) x30 0x8000d378
core   0: 0x8000b37c (0xc83f2423) sw      gp, -888(t5)
core   0: 3 0x8000b37c (0xc83f2423) mem 0x8000d000 0x00000001
core   0: 0x8000b380 (0xff9ff06f) j       pc - 0x8
core   0: 3 0x8000b380 (0xff9ff06f)
core   0: 0x8000b378 (0x00002f17) auipc   t5, 0x2
core   0: 3 0x8000b378 (0x00002f17) x30 0x8000d378
core   0: 0x8000b37c (0xc83f2423) sw      gp, -888(t5)
core   0: 3 0x8000b37c (0xc83f2423) mem 0x8000d000 0x00000001
core   0: 0x8000b380 (0xff9ff06f) j       pc - 0x8
core   0: 3 0x8000b380 (0xff9ff06f)
core   0: 0x8000b378 (0x00002f17) auipc   t5, 0x2
core   0: 3 0x8000b378 (0x00002f17) x30 0x8000d378
core   0: 0x8000b37c (0xc83f2423) sw      gp, -888(t5)
core   0: 3 0x8000b37c (0xc83f2423) mem 0x8000d000 0x00000001
core   0: 0x8000b380 (0xff9ff06f) j       pc - 0x8
core   0: 3 0x8000b380 (0xff9ff06f)
core   0: 0x8000b378 (0x00002f17) auipc   t5, 0x2
core   0: 3 0x8000b378 (0x00002f17) x30 0x8000d378
core   0: 0x8000b37c (0xc83f2423) sw      gp, -888(t5)
core   0: 3 0x8000b37c (0xc83f2423) mem 0x8000d000 0x00000001
core   0: 0x8000b380 (0xff9ff06f) j       pc - 0x8
core   0: 3 0x8000b380 (0xff9ff06f)
core   0: 0x8000b378 (0x00002f17) auipc   t5, 0x2
core   0: 3 0x8000b378 (0x00002f17) x30 0x8000d378
core   0: 0x8000b37c (0xc83f2423) sw      gp, -888(t5)
core   0: 3 0x8000b37c (0xc83f2423) mem 0x8000d000 0x00000001
core   0: 0x8000b380 (0xff9ff06f) j       pc - 0x8
core   0: 3 0x8000b380 (0xff9ff06f)
core   0: 0x8000b378 (0x00002f17) auipc   t5, 0x2
core   0: 3 0x8000b378 (0x00002f17) x30 0x8000d378
core   0: 0x8000b37c (0xc83f2423) sw      gp, -888(t5)
core   0: 3 0x8000b37c (0xc83f2423) mem 0x8000d000 0x00000001
core   0: 0x8000b380 (0xff9ff06f) j       pc - 0x8
core   0: 3 0x8000b380 (0xff9ff06f)
core   0: 0x8000b378 (0x00002f17) auipc   t5, 0x2
core   0: 3 0x8000b378 (0x00002f17) x30 0x8000d378
core   0: 0x8000b37c (0xc83f2423) sw      gp, -888(t5)
core   0: 3 0x8000b37c (0xc83f2423) mem 0x8000d000 0x00000001
core   0: 0x8000b380 (0xff9ff06f) j       pc - 0x8
core   0: 3 0x8000b380 (0xff9ff06f)
core   0: 0x8000b378 (0x00002f17) auipc   t5, 0x2
core   0: 3 0x8000b378 (0x00002f17) x30 0x8000d378
core   0: 0x8000b37c (0xc83f2423) sw      gp, -888(t5)
core   0: 3 0x8000b37c (0xc83f2423) mem 0x8000d000 0x00000001
core   0: 0x8000b380 (0xff9ff06f) j       pc - 0x8
core   0: 3 0x8000b380 (0xff9ff06f)
core   0: 0x8000b378 (0x00002f17) auipc   t5, 0x2
core   0: 3 0x8000b378 (0x00002f17) x30 0x8000d378
core   0: 0x8000b37c (0xc83f2423) sw      gp, -888(t5)
core   0: 3 0x8000b37c (0xc83f2423) mem 0x8000d000 0x00000001
core   0: 0x8000b380 (0xff9ff06f) j       pc - 0x8
core   0: 3 0x8000b380 (0xff9ff06f)
core   0: 0x8000b378 (0x00002f17) auipc   t5, 0x2
core   0: 3 0x8000b378 (0x00002f17) x30 0x8000d378
core   0: 0x8000b37c (0xc83f2423) sw      gp, -888(t5)
core   0: 3 0x8000b37c (0xc83f2423) mem 0x8000d000 0x00000001
core   0: 0x8000b380 (0xff9ff06f) j       pc - 0x8
core   0: 3 0x8000b380 (0xff9ff06f)
core   0: 0x8000b378 (0x00002f17) auipc   t5, 0x2
core   0: 3 0x8000b378 (0x00002f17) x30 0x8000d378
core   0: 0x8000b37c (0xc83f2423) sw      gp, -888(t5)
core   0: 3 0x8000b37c (0xc83f2423) mem 0x8000d000 0x00000001
core   0: 0x8000b380 (0xff9ff06f) j       pc - 0x8
core   0: 3 0x8000b380 (0xff9ff06f)
core   0: 0x8000b378 (0x00002f17) auipc   t5, 0x2
core   0: 3 0x8000b378 (0x00002f17) x30 0x8000d378
core   0: 0x8000b37c (0xc83f2423) sw      gp, -888(t5)
core   0: 3 0x8000b37c (0xc83f2423) mem 0x8000d000 0x00000001
core   0: 0x8000b380 (0xff9ff06f) j       pc - 0x8
core   0: 3 0x8000b380 (0xff9ff06f)
core   0: 0x8000b378 (0x00002f17) auipc   t5, 0x2
core   0: 3 0x8000b378 (0x00002f17) x30 0x8000d378
core   0: 0x8000b37c (0xc83f2423) sw      gp, -888(t5)
core   0: 3 0x8000b37c (0xc83f2423) mem 0x8000d000 0x00000001
core   0: 0x8000b380 (0xff9ff06f) j       pc - 0x8
core   0: 3 0x8000b380 (0xff9ff06f)
core   0: 0x8000b378 (0x00002f17) auipc   t5, 0x2
core   0: 3 0x8000b378 (0x00002f17) x30 0x8000d378
core   0: 0x8000b37c (0xc83f2423) sw      gp, -888(t5)
core   0: 3 0x8000b37c (0xc83f2423) mem 0x8000d000 0x00000001
core   0: 0x8000b380 (0xff9ff06f) j       pc - 0x8
core   0: 3 0x8000b380 (0xff9ff06f)
core   0: 0x8000b378 (0x00002f17) auipc   t5, 0x2
core   0: 3 0x8000b378 (0x00002f17) x30 0x8000d378
core   0: 0x8000b37c (0xc83f2423) sw      gp, -888(t5)
core   0: 3 0x8000b37c (0xc83f2423) mem 0x8000d000 0x00000001
core   0: 0x8000b380 (0xff9ff06f) j       pc - 0x8
core   0: 3 0x8000b380 (0xff9ff06f)
core   0: 0x8000b378 (0x00002f17) auipc   t5, 0x2
core   0: 3 0x8000b378 (0x00002f17) x30 0x8000d378
core   0: 0x8000b37c (0xc83f2423) sw      gp, -888(t5)
core   0: 3 0x8000b37c (0xc83f2423) mem 0x8000d000 0x00000001
core   0: 0x8000b380 (0xff9ff06f) j       pc - 0x8
core   0: 3 0x8000b380 (0xff9ff06f)
core   0: 0x8000b378 (0x00002f17) auipc   t5, 0x2
core   0: 3 0x8000b378 (0x00002f17) x30 0x8000d378
core   0: 0x8000b37c (0xc83f2423) sw      gp, -888(t5)
core   0: 3 0x8000b37c (0xc83f2423) mem 0x8000d000 0x00000001
core   0: 0x8000b380 (0xff9ff06f) j       pc - 0x8
core   0: 3 0x8000b380 (0xff9ff06f)
core   0: 0x8000b378 (0x00002f17) auipc   t5, 0x2
core   0: 3 0x8000b378 (0x00002f17) x30 0x8000d378
core   0: 0x8000b37c (0xc83f2423) sw      gp, -888(t5)
core   0: 3 0x8000b37c (0xc83f2423) mem 0x8000d000 0x00000001
core   0: 0x8000b380 (0xff9ff06f) j       pc - 0x8
core   0: 3 0x8000b380 (0xff9ff06f)
core   0: 0x8000b378 (0x00002f17) auipc   t5, 0x2
core   0: 3 0x8000b378 (0x00002f17) x30 0x8000d378
core   0: 0x8000b37c (0xc83f2423) sw      gp, -888(t5)
core   0: 3 0x8000b37c (0xc83f2423) mem 0x8000d000 0x00000001
core   0: 0x8000b380 (0xff9ff06f) j       pc - 0x8
core   0: 3 0x8000b380 (0xff9ff06f)
core   0: 0x8000b378 (0x00002f17) auipc   t5, 0x2
core   0: 3 0x8000b378 (0x00002f17) x30 0x8000d378
core   0: 0x8000b37c (0xc83f2423) sw      gp, -888(t5)
core   0: 3 0x8000b37c (0xc83f2423) mem 0x8000d000 0x00000001
core   0: 0x8000b380 (0xff9ff06f) j       pc - 0x8
core   0: 3 0x8000b380 (0xff9ff06f)
core   0: 0x8000b378 (0x00002f17) auipc   t5, 0x2
core   0: 3 0x8000b378 (0x00002f17) x30 0x8000d378
core   0: 0x8000b37c (0xc83f2423) sw      gp, -888(t5)
core   0: 3 0x8000b37c (0xc83f2423) mem 0x8000d000 0x00000001
core   0: 0x8000b380 (0xff9ff06f) j       pc - 0x8
core   0: 3 0x8000b380 (0xff9ff06f)
core   0: 0x8000b378 (0x00002f17) auipc   t5, 0x2
core   0: 3 0x8000b378 (0x00002f17) x30 0x8000d378
core   0: 0x8000b37c (0xc83f2423) sw      gp, -888(t5)
core   0: 3 0x8000b37c (0xc83f2423) mem 0x8000d000 0x00000001
core   0: 0x8000b380 (0xff9ff06f) j       pc - 0x8
core   0: 3 0x8000b380 (0xff9ff06f)
core   0: 0x8000b378 (0x00002f17) auipc   t5, 0x2
core   0: 3 0x8000b378 (0x00002f17) x30 0x8000d378
core   0: 0x8000b37c (0xc83f2423) sw      gp, -888(t5)
core   0: 3 0x8000b37c (0xc83f2423) mem 0x8000d000 0x00000001
core   0: 0x8000b380 (0xff9ff06f) j       pc - 0x8
core   0: 3 0x8000b380 (0xff9ff06f)
core   0: 0x8000b378 (0x00002f17) auipc   t5, 0x2
core   0: 3 0x8000b378 (0x00002f17) x30 0x8000d378
core   0: 0x8000b37c (0xc83f2423) sw      gp, -888(t5)
core   0: 3 0x8000b37c (0xc83f2423) mem 0x8000d000 0x00000001
core   0: 0x8000b380 (0xff9ff06f) j       pc - 0x8
core   0: 3 0x8000b380 (0xff9ff06f)
core   0: 0x8000b378 (0x00002f17) auipc   t5, 0x2
core   0: 3 0x8000b378 (0x00002f17) x30 0x8000d378
core   0: 0x8000b37c (0xc83f2423) sw      gp, -888(t5)
core   0: 3 0x8000b37c (0xc83f2423) mem 0x8000d000 0x00000001
core   0: 0x8000b380 (0xff9ff06f) j       pc - 0x8
core   0: 3 0x8000b380 (0xff9ff06f)
core   0: 0x8000b378 (0x00002f17) auipc   t5, 0x2
core   0: 3 0x8000b378 (0x00002f17) x30 0x8000d378
core   0: 0x8000b37c (0xc83f2423) sw      gp, -888(t5)
core   0: 3 0x8000b37c (0xc83f2423) mem 0x8000d000 0x00000001
core   0: 0x8000b380 (0xff9ff06f) j       pc - 0x8
core   0: 3 0x8000b380 (0xff9ff06f)
core   0: 0x8000b378 (0x00002f17) auipc   t5, 0x2
core   0: 3 0x8000b378 (0x00002f17) x30 0x8000d378
core   0: 0x8000b37c (0xc83f2423) sw      gp, -888(t5)
core   0: 3 0x8000b37c (0xc83f2423) mem 0x8000d000 0x00000001
core   0: 0x8000b380 (0xff9ff06f) j       pc - 0x8
core   0: 3 0x8000b380 (0xff9ff06f)
core   0: 0x8000b378 (0x00002f17) auipc   t5, 0x2
core   0: 3 0x8000b378 (0x00002f17) x30 0x8000d378
core   0: 0x8000b37c (0xc83f2423) sw      gp, -888(t5)
core   0: 3 0x8000b37c (0xc83f2423) mem 0x8000d000 0x00000001
core   0: 0x8000b380 (0xff9ff06f) j       pc - 0x8
core   0: 3 0x8000b380 (0xff9ff06f)
core   0: 0x8000b378 (0x00002f17) auipc   t5, 0x2
core   0: 3 0x8000b378 (0x00002f17) x30 0x8000d378
core   0: 0x8000b37c (0xc83f2423) sw      gp, -888(t5)
core   0: 3 0x8000b37c (0xc83f2423) mem 0x8000d000 0x00000001
core   0: 0x8000b380 (0xff9ff06f) j       pc - 0x8
core   0: 3 0x8000b380 (0xff9ff06f)
core   0: 0x8000b378 (0x00002f17) auipc   t5, 0x2
core   0: 3 0x8000b378 (0x00002f17) x30 0x8000d378
core   0: 0x8000b37c (0xc83f2423) sw      gp, -888(t5)
core   0: 3 0x8000b37c (0xc83f2423) mem 0x8000d000 0x00000001
core   0: 0x8000b380 (0xff9ff06f) j       pc - 0x8
core   0: 3 0x8000b380 (0xff9ff06f)
core   0: 0x8000b378 (0x00002f17) auipc   t5, 0x2
core   0: 3 0x8000b378 (0x00002f17) x30 0x8000d378
core   0: 0x8000b37c (0xc83f2423) sw      gp, -888(t5)
core   0: 3 0x8000b37c (0xc83f2423) mem 0x8000d000 0x00000001
core   0: 0x8000b380 (0xff9ff06f) j       pc - 0x8
core   0: 3 0x8000b380 (0xff9ff06f)
core   0: 0x8000b378 (0x00002f17) auipc   t5, 0x2
core   0: 3 0x8000b378 (0x00002f17) x30 0x8000d378
core   0: 0x8000b37c (0xc83f2423) sw      gp, -888(t5)
core   0: 3 0x8000b37c (0xc83f2423) mem 0x8000d000 0x00000001
core   0: 0x8000b380 (0xff9ff06f) j       pc - 0x8
core   0: 3 0x8000b380 (0xff9ff06f)
core   0: 0x8000b378 (0x00002f17) auipc   t5, 0x2
core   0: 3 0x8000b378 (0x00002f17) x30 0x8000d378
core   0: 0x8000b37c (0xc83f2423) sw      gp, -888(t5)
core   0: 3 0x8000b37c (0xc83f2423) mem 0x8000d000 0x00000001
core   0: 0x8000b380 (0xff9ff06f) j       pc - 0x8
core   0: 3 0x8000b380 (0xff9ff06f)
core   0: 0x8000b378 (0x00002f17) auipc   t5, 0x2
core   0: 3 0x8000b378 (0x00002f17) x30 0x8000d378
core   0: 0x8000b37c (0xc83f2423) sw      gp, -888(t5)
core   0: 3 0x8000b37c (0xc83f2423) mem 0x8000d000 0x00000001
core   0: 0x8000b380 (0xff9ff06f) j       pc - 0x8
core   0: 3 0x8000b380 (0xff9ff06f)
core   0: 0x8000b378 (0x00002f17) auipc   t5, 0x2
core   0: 3 0x8000b378 (0x00002f17) x30 0x8000d378
core   0: 0x8000b37c (0xc83f2423) sw      gp, -888(t5)
core   0: 3 0x8000b37c (0xc83f2423) mem 0x8000d000 0x00000001
core   0: 0x8000b380 (0xff9ff06f) j       pc - 0x8
core   0: 3 0x8000b380 (0xff9ff06f)
core   0: 0x8000b378 (0x00002f17) auipc   t5, 0x2
core   0: 3 0x8000b378 (0x00002f17) x30 0x8000d378
core   0: 0x8000b37c (0xc83f2423) sw      gp, -888(t5)
core   0: 3 0x8000b37c (0xc83f2423) mem 0x8000d000 0x00000001
core   0: 0x8000b380 (0xff9ff06f) j       pc - 0x8
core   0: 3 0x8000b380 (0xff9ff06f)
core   0: 0x8000b378 (0x00002f17) auipc   t5, 0x2
core   0: 3 0x8000b378 (0x00002f17) x30 0x8000d378
core   0: 0x8000b37c (0xc83f2423) sw      gp, -888(t5)
core   0: 3 0x8000b37c (0xc83f2423) mem 0x8000d000 0x00000001
core   0: 0x8000b380 (0xff9ff06f) j       pc - 0x8
core   0: 3 0x8000b380 (0xff9ff06f)
core   0: 0x8000b378 (0x00002f17) auipc   t5, 0x2
core   0: 3 0x8000b378 (0x00002f17) x30 0x8000d378
core   0: 0x8000b37c (0xc83f2423) sw      gp, -888(t5)
core   0: 3 0x8000b37c (0xc83f2423) mem 0x8000d000 0x00000001
core   0: 0x8000b380 (0xff9ff06f) j       pc - 0x8
core   0: 3 0x8000b380 (0xff9ff06f)
core   0: 0x8000b378 (0x00002f17) auipc   t5, 0x2
core   0: 3 0x8000b378 (0x00002f17) x30 0x8000d378
core   0: 0x8000b37c (0xc83f2423) sw      gp, -888(t5)
core   0: 3 0x8000b37c (0xc83f2423) mem 0x8000d000 0x00000001
core   0: 0x8000b380 (0xff9ff06f) j       pc - 0x8
core   0: 3 0x8000b380 (0xff9ff06f)
core   0: 0x8000b378 (0x00002f17) auipc   t5, 0x2
core   0: 3 0x8000b378 (0x00002f17) x30 0x8000d378
core   0: 0x8000b37c (0xc83f2423) sw      gp, -888(t5)
core   0: 3 0x8000b37c (0xc83f2423) mem 0x8000d000 0x00000001
core   0: 0x8000b380 (0xff9ff06f) j       pc - 0x8
core   0: 3 0x8000b380 (0xff9ff06f)
core   0: 0x8000b378 (0x00002f17) auipc   t5, 0x2
core   0: 3 0x8000b378 (0x00002f17) x30 0x8000d378
core   0: 0x8000b37c (0xc83f2423) sw      gp, -888(t5)
core   0: 3 0x8000b37c (0xc83f2423) mem 0x8000d000 0x00000001
core   0: 0x8000b380 (0xff9ff06f) j       pc - 0x8
core   0: 3 0x8000b380 (0xff9ff06f)
core   0: 0x8000b378 (0x00002f17) auipc   t5, 0x2
core   0: 3 0x8000b378 (0x00002f17) x30 0x8000d378
core   0: 0x8000b37c (0xc83f2423) sw      gp, -888(t5)
core   0: 3 0x8000b37c (0xc83f2423) mem 0x8000d000 0x00000001
core   0: 0x8000b380 (0xff9ff06f) j       pc - 0x8
core   0: 3 0x8000b380 (0xff9ff06f)
core   0: 0x8000b378 (0x00002f17) auipc   t5, 0x2
core   0: 3 0x8000b378 (0x00002f17) x30 0x8000d378
core   0: 0x8000b37c (0xc83f2423) sw      gp, -888(t5)
core   0: 3 0x8000b37c (0xc83f2423) mem 0x8000d000 0x00000001
core   0: 0x8000b380 (0xff9ff06f) j       pc - 0x8
core   0: 3 0x8000b380 (0xff9ff06f)
core   0: 0x8000b378 (0x00002f17) auipc   t5, 0x2
core   0: 3 0x8000b378 (0x00002f17) x30 0x8000d378
core   0: 0x8000b37c (0xc83f2423) sw      gp, -888(t5)
core   0: 3 0x8000b37c (0xc83f2423) mem 0x8000d000 0x00000001
core   0: 0x8000b380 (0xff9ff06f) j       pc - 0x8
core   0: 3 0x8000b380 (0xff9ff06f)
core   0: 0x8000b378 (0x00002f17) auipc   t5, 0x2
core   0: 3 0x8000b378 (0x00002f17) x30 0x8000d378
core   0: 0x8000b37c (0xc83f2423) sw      gp, -888(t5)
core   0: 3 0x8000b37c (0xc83f2423) mem 0x8000d000 0x00000001
core   0: 0x8000b380 (0xff9ff06f) j       pc - 0x8
core   0: 3 0x8000b380 (0xff9ff06f)
core   0: 0x8000b378 (0x00002f17) auipc   t5, 0x2
core   0: 3 0x8000b378 (0x00002f17) x30 0x8000d378
core   0: 0x8000b37c (0xc83f2423) sw      gp, -888(t5)
core   0: 3 0x8000b37c (0xc83f2423) mem 0x8000d000 0x00000001
core   0: 0x8000b380 (0xff9ff06f) j       pc - 0x8
core   0: 3 0x8000b380 (0xff9ff06f)
core   0: 0x8000b378 (0x00002f17) auipc   t5, 0x2
core   0: 3 0x8000b378 (0x00002f17) x30 0x8000d378
core   0: 0x8000b37c (0xc83f2423) sw      gp, -888(t5)
core   0: 3 0x8000b37c (0xc83f2423) mem 0x8000d000 0x00000001
core   0: 0x8000b380 (0xff9ff06f) j       pc - 0x8
core   0: 3 0x8000b380 (0xff9ff06f)
core   0: 0x8000b378 (0x00002f17) auipc   t5, 0x2
core   0: 3 0x8000b378 (0x00002f17) x30 0x8000d378
core   0: 0x8000b37c (0xc83f2423) sw      gp, -888(t5)
core   0: 3 0x8000b37c (0xc83f2423) mem 0x8000d000 0x00000001
core   0: 0x8000b380 (0xff9ff06f) j       pc - 0x8
core   0: 3 0x8000b380 (0xff9ff06f)
core   0: 0x8000b378 (0x00002f17) auipc   t5, 0x2
core   0: 3 0x8000b378 (0x00002f17) x30 0x8000d378
core   0: 0x8000b37c (0xc83f2423) sw      gp, -888(t5)
core   0: 3 0x8000b37c (0xc83f2423) mem 0x8000d000 0x00000001
core   0: 0x8000b380 (0xff9ff06f) j       pc - 0x8
core   0: 3 0x8000b380 (0xff9ff06f)
core   0: 0x8000b378 (0x00002f17) auipc   t5, 0x2
core   0: 3 0x8000b378 (0x00002f17) x30 0x8000d378
core   0: 0x8000b37c (0xc83f2423) sw      gp, -888(t5)
core   0: 3 0x8000b37c (0xc83f2423) mem 0x8000d000 0x00000001
core   0: 0x8000b380 (0xff9ff06f) j       pc - 0x8
core   0: 3 0x8000b380 (0xff9ff06f)
core   0: 0x8000b378 (0x00002f17) auipc   t5, 0x2
core   0: 3 0x8000b378 (0x00002f17) x30 0x8000d378
core   0: 0x8000b37c (0xc83f2423) sw      gp, -888(t5)
core   0: 3 0x8000b37c (0xc83f2423) mem 0x8000d000 0x00000001
core   0: 0x8000b380 (0xff9ff06f) j       pc - 0x8
core   0: 3 0x8000b380 (0xff9ff06f)
core   0: 0x8000b378 (0x00002f17) auipc   t5, 0x2
core   0: 3 0x8000b378 (0x00002f17) x30 0x8000d378
core   0: 0x8000b37c (0xc83f2423) sw      gp, -888(t5)
core   0: 3 0x8000b37c (0xc83f2423) mem 0x8000d000 0x00000001
core   0: 0x8000b380 (0xff9ff06f) j       pc - 0x8
core   0: 3 0x8000b380 (0xff9ff06f)
core   0: 0x8000b378 (0x00002f17) auipc   t5, 0x2
core   0: 3 0x8000b378 (0x00002f17) x30 0x8000d378
core   0: 0x8000b37c (0xc83f2423) sw      gp, -888(t5)
core   0: 3 0x8000b37c (0xc83f2423) mem 0x8000d000 0x00000001
core   0: 0x8000b380 (0xff9ff06f) j       pc - 0x8
core   0: 3 0x8000b380 (0xff9ff06f)
core   0: 0x8000b378 (0x00002f17) auipc   t5, 0x2
core   0: 3 0x8000b378 (0x00002f17) x30 0x8000d378
core   0: 0x8000b37c (0xc83f2423) sw      gp, -888(t5)
core   0: 3 0x8000b37c (0xc83f2423) mem 0x8000d000 0x00000001
core   0: 0x8000b380 (0xff9ff06f) j       pc - 0x8
core   0: 3 0x8000b380 (0xff9ff06f)
core   0: 0x8000b378 (0x00002f17) auipc   t5, 0x2
core   0: 3 0x8000b378 (0x00002f17) x30 0x8000d378
core   0: 0x8000b37c (0xc83f2423) sw      gp, -888(t5)
core   0: 3 0x8000b37c (0xc83f2423) mem 0x8000d000 0x00000001
core   0: 0x8000b380 (0xff9ff06f) j       pc - 0x8
core   0: 3 0x8000b380 (0xff9ff06f)
core   0: 0x8000b378 (0x00002f17) auipc   t5, 0x2
core   0: 3 0x8000b378 (0x00002f17) x30 0x8000d378
core   0: 0x8000b37c (0xc83f2423) sw      gp, -888(t5)
core   0: 3 0x8000b37c (0xc83f2423) mem 0x8000d000 0x00000001
core   0: 0x8000b380 (0xff9ff06f) j       pc - 0x8
core   0: 3 0x8000b380 (0xff9ff06f)
core   0: 0x8000b378 (0x00002f17) auipc   t5, 0x2
core   0: 3 0x8000b378 (0x00002f17) x30 0x8000d378
core   0: 0x8000b37c (0xc83f2423) sw      gp, -888(t5)
core   0: 3 0x8000b37c (0xc83f2423) mem 0x8000d000 0x00000001
core   0: 0x8000b380 (0xff9ff06f) j       pc - 0x8
core   0: 3 0x8000b380 (0xff9ff06f)
core   0: 0x8000b378 (0x00002f17) auipc   t5, 0x2
core   0: 3 0x8000b378 (0x00002f17) x30 0x8000d378
core   0: 0x8000b37c (0xc83f2423) sw      gp, -888(t5)
core   0: 3 0x8000b37c (0xc83f2423) mem 0x8000d000 0x00000001
core   0: 0x8000b380 (0xff9ff06f) j       pc - 0x8
core   0: 3 0x8000b380 (0xff9ff06f)
core   0: 0x8000b378 (0x00002f17) auipc   t5, 0x2
core   0: 3 0x8000b378 (0x00002f17) x30 0x8000d378
core   0: 0x8000b37c (0xc83f2423) sw      gp, -888(t5)
core   0: 3 0x8000b37c (0xc83f2423) mem 0x8000d000 0x00000001
core   0: 0x8000b380 (0xff9ff06f) j       pc - 0x8
core   0: 3 0x8000b380 (0xff9ff06f)
core   0: 0x8000b378 (0x00002f17) auipc   t5, 0x2
core   0: 3 0x8000b378 (0x00002f17) x30 0x8000d378
core   0: 0x8000b37c (0xc83f2423) sw      gp, -888(t5)
core   0: 3 0x8000b37c (0xc83f2423) mem 0x8000d000 0x00000001
core   0: 0x8000b380 (0xff9ff06f) j       pc - 0x8
core   0: 3 0x8000b380 (0xff9ff06f)
core   0: 0x8000b378 (0x00002f17) auipc   t5, 0x2
core   0: 3 0x8000b378 (0x00002f17) x30 0x8000d378
core   0: 0x8000b37c (0xc83f2423) sw      gp, -888(t5)
core   0: 3 0x8000b37c (0xc83f2423) mem 0x8000d000 0x00000001
core   0: 0x8000b380 (0xff9ff06f) j       pc - 0x8
core   0: 3 0x8000b380 (0xff9ff06f)
core   0: 0x8000b378 (0x00002f17) auipc   t5, 0x2
core   0: 3 0x8000b378 (0x00002f17) x30 0x8000d378
core   0: 0x8000b37c (0xc83f2423) sw      gp, -888(t5)
core   0: 3 0x8000b37c (0xc83f2423) mem 0x8000d000 0x00000001
core   0: 0x8000b380 (0xff9ff06f) j       pc - 0x8
core   0: 3 0x8000b380 (0xff9ff06f)
core   0: 0x8000b378 (0x00002f17) auipc   t5, 0x2
core   0: 3 0x8000b378 (0x00002f17) x30 0x8000d378
core   0: 0x8000b37c (0xc83f2423) sw      gp, -888(t5)
core   0: 3 0x8000b37c (0xc83f2423) mem 0x8000d000 0x00000001
core   0: 0x8000b380 (0xff9ff06f) j       pc - 0x8
core   0: 3 0x8000b380 (0xff9ff06f)
core   0: 0x8000b378 (0x00002f17) auipc   t5, 0x2
core   0: 3 0x8000b378 (0x00002f17) x30 0x8000d378
core   0: 0x8000b37c (0xc83f2423) sw      gp, -888(t5)
core   0: 3 0x8000b37c (0xc83f2423) mem 0x8000d000 0x00000001
core   0: 0x8000b380 (0xff9ff06f) j       pc - 0x8
core   0: 3 0x8000b380 (0xff9ff06f)
core   0: 0x8000b378 (0x00002f17) auipc   t5, 0x2
core   0: 3 0x8000b378 (0x00002f17) x30 0x8000d378
core   0: 0x8000b37c (0xc83f2423) sw      gp, -888(t5)
core   0: 3 0x8000b37c (0xc83f2423) mem 0x8000d000 0x00000001
core   0: 0x8000b380 (0xff9ff06f) j       pc - 0x8
core   0: 3 0x8000b380 (0xff9ff06f)
core   0: 0x8000b378 (0x00002f17) auipc   t5, 0x2
core   0: 3 0x8000b378 (0x00002f17) x30 0x8000d378
core   0: 0x8000b37c (0xc83f2423) sw      gp, -888(t5)
core   0: 3 0x8000b37c (0xc83f2423) mem 0x8000d000 0x00000001
core   0: 0x8000b380 (0xff9ff06f) j       pc - 0x8
core   0: 3 0x8000b380 (0xff9ff06f)
core   0: 0x8000b378 (0x00002f17) auipc   t5, 0x2
core   0: 3 0x8000b378 (0x00002f17) x30 0x8000d378
core   0: 0x8000b37c (0xc83f2423) sw      gp, -888(t5)
core   0: 3 0x8000b37c (0xc83f2423) mem 0x8000d000 0x00000001
core   0: 0x8000b380 (0xff9ff06f) j       pc - 0x8
core   0: 3 0x8000b380 (0xff9ff06f)
core   0: 0x8000b378 (0x00002f17) auipc   t5, 0x2
core   0: 3 0x8000b378 (0x00002f17) x30 0x8000d378
core   0: 0x8000b37c (0xc83f2423) sw      gp, -888(t5)
core   0: 3 0x8000b37c (0xc83f2423) mem 0x8000d000 0x00000001
core   0: 0x8000b380 (0xff9ff06f) j       pc - 0x8
core   0: 3 0x8000b380 (0xff9ff06f)
core   0: 0x8000b378 (0x00002f17) auipc   t5, 0x2
core   0: 3 0x8000b378 (0x00002f17) x30 0x8000d378
core   0: 0x8000b37c (0xc83f2423) sw      gp, -888(t5)
core   0: 3 0x8000b37c (0xc83f2423) mem 0x8000d000 0x00000001
core   0: 0x8000b380 (0xff9ff06f) j       pc - 0x8
core   0: 3 0x8000b380 (0xff9ff06f)
core   0: 0x8000b378 (0x00002f17) auipc   t5, 0x2
core   0: 3 0x8000b378 (0x00002f17) x30 0x8000d378
core   0: 0x8000b37c (0xc83f2423) sw      gp, -888(t5)
core   0: 3 0x8000b37c (0xc83f2423) mem 0x8000d000 0x00000001
core   0: 0x8000b380 (0xff9ff06f) j       pc - 0x8
core   0: 3 0x8000b380 (0xff9ff06f)
core   0: 0x8000b378 (0x00002f17) auipc   t5, 0x2
core   0: 3 0x8000b378 (0x00002f17) x30 0x8000d378
core   0: 0x8000b37c (0xc83f2423) sw      gp, -888(t5)
core   0: 3 0x8000b37c (0xc83f2423) mem 0x8000d000 0x00000001
core   0: 0x8000b380 (0xff9ff06f) j       pc - 0x8
core   0: 3 0x8000b380 (0xff9ff06f)
core   0: 0x8000b378 (0x00002f17) auipc   t5, 0x2
core   0: 3 0x8000b378 (0x00002f17) x30 0x8000d378
core   0: 0x8000b37c (0xc83f2423) sw      gp, -888(t5)
core   0: 3 0x8000b37c (0xc83f2423) mem 0x8000d000 0x00000001
core   0: 0x8000b380 (0xff9ff06f) j       pc - 0x8
core   0: 3 0x8000b380 (0xff9ff06f)
core   0: 0x8000b378 (0x00002f17) auipc   t5, 0x2
core   0: 3 0x8000b378 (0x00002f17) x30 0x8000d378
core   0: 0x8000b37c (0xc83f2423) sw      gp, -888(t5)
core   0: 3 0x8000b37c (0xc83f2423) mem 0x8000d000 0x00000001
core   0: 0x8000b380 (0xff9ff06f) j       pc - 0x8
core   0: 3 0x8000b380 (0xff9ff06f)
core   0: 0x8000b378 (0x00002f17) auipc   t5, 0x2
core   0: 3 0x8000b378 (0x00002f17) x30 0x8000d378
core   0: 0x8000b37c (0xc83f2423) sw      gp, -888(t5)
core   0: 3 0x8000b37c (0xc83f2423) mem 0x8000d000 0x00000001
core   0: 0x8000b380 (0xff9ff06f) j       pc - 0x8
core   0: 3 0x8000b380 (0xff9ff06f)
core   0: 0x8000b378 (0x00002f17) auipc   t5, 0x2
core   0: 3 0x8000b378 (0x00002f17) x30 0x8000d378
core   0: 0x8000b37c (0xc83f2423) sw      gp, -888(t5)
core   0: 3 0x8000b37c (0xc83f2423) mem 0x8000d000 0x00000001
core   0: 0x8000b380 (0xff9ff06f) j       pc - 0x8
core   0: 3 0x8000b380 (0xff9ff06f)
core   0: 0x8000b378 (0x00002f17) auipc   t5, 0x2
core   0: 3 0x8000b378 (0x00002f17) x30 0x8000d378
core   0: 0x8000b37c (0xc83f2423) sw      gp, -888(t5)
core   0: 3 0x8000b37c (0xc83f2423) mem 0x8000d000 0x00000001
core   0: 0x8000b380 (0xff9ff06f) j       pc - 0x8
core   0: 3 0x8000b380 (0xff9ff06f)
core   0: 0x8000b378 (0x00002f17) auipc   t5, 0x2
core   0: 3 0x8000b378 (0x00002f17) x30 0x8000d378
core   0: 0x8000b37c (0xc83f2423) sw      gp, -888(t5)
core   0: 3 0x8000b37c (0xc83f2423) mem 0x8000d000 0x00000001
core   0: 0x8000b380 (0xff9ff06f) j       pc - 0x8
core   0: 3 0x8000b380 (0xff9ff06f)
core   0: 0x8000b378 (0x00002f17) auipc   t5, 0x2
core   0: 3 0x8000b378 (0x00002f17) x30 0x8000d378
core   0: 0x8000b37c (0xc83f2423) sw      gp, -888(t5)
core   0: 3 0x8000b37c (0xc83f2423) mem 0x8000d000 0x00000001
core   0: 0x8000b380 (0xff9ff06f) j       pc - 0x8
core   0: 3 0x8000b380 (0xff9ff06f)
core   0: 0x8000b378 (0x00002f17) auipc   t5, 0x2
core   0: 3 0x8000b378 (0x00002f17) x30 0x8000d378
core   0: 0x8000b37c (0xc83f2423) sw      gp, -888(t5)
core   0: 3 0x8000b37c (0xc83f2423) mem 0x8000d000 0x00000001
core   0: 0x8000b380 (0xff9ff06f) j       pc - 0x8
core   0: 3 0x8000b380 (0xff9ff06f)
core   0: 0x8000b378 (0x00002f17) auipc   t5, 0x2
core   0: 3 0x8000b378 (0x00002f17) x30 0x8000d378
core   0: 0x8000b37c (0xc83f2423) sw      gp, -888(t5)
core   0: 3 0x8000b37c (0xc83f2423) mem 0x8000d000 0x00000001
core   0: 0x8000b380 (0xff9ff06f) j       pc - 0x8
core   0: 3 0x8000b380 (0xff9ff06f)
core   0: 0x8000b378 (0x00002f17) auipc   t5, 0x2
core   0: 3 0x8000b378 (0x00002f17) x30 0x8000d378
core   0: 0x8000b37c (0xc83f2423) sw      gp, -888(t5)
core   0: 3 0x8000b37c (0xc83f2423) mem 0x8000d000 0x00000001
core   0: 0x8000b380 (0xff9ff06f) j       pc - 0x8
core   0: 3 0x8000b380 (0xff9ff06f)
core   0: 0x8000b378 (0x00002f17) auipc   t5, 0x2
core   0: 3 0x8000b378 (0x00002f17) x30 0x8000d378
core   0: 0x8000b37c (0xc83f2423) sw      gp, -888(t5)
core   0: 3 0x8000b37c (0xc83f2423) mem 0x8000d000 0x00000001
core   0: 0x8000b380 (0xff9ff06f) j       pc - 0x8
core   0: 3 0x8000b380 (0xff9ff06f)
core   0: 0x8000b378 (0x00002f17) auipc   t5, 0x2
core   0: 3 0x8000b378 (0x00002f17) x30 0x8000d378
core   0: 0x8000b37c (0xc83f2423) sw      gp, -888(t5)
core   0: 3 0x8000b37c (0xc83f2423) mem 0x8000d000 0x00000001
core   0: 0x8000b380 (0xff9ff06f) j       pc - 0x8
core   0: 3 0x8000b380 (0xff9ff06f)
core   0: 0x8000b378 (0x00002f17) auipc   t5, 0x2
core   0: 3 0x8000b378 (0x00002f17) x30 0x8000d378
core   0: 0x8000b37c (0xc83f2423) sw      gp, -888(t5)
core   0: 3 0x8000b37c (0xc83f2423) mem 0x8000d000 0x00000001
core   0: 0x8000b380 (0xff9ff06f) j       pc - 0x8
core   0: 3 0x8000b380 (0xff9ff06f)
core   0: 0x8000b378 (0x00002f17) auipc   t5, 0x2
core   0: 3 0x8000b378 (0x00002f17) x30 0x8000d378
core   0: 0x8000b37c (0xc83f2423) sw      gp, -888(t5)
core   0: 3 0x8000b37c (0xc83f2423) mem 0x8000d000 0x00000001
core   0: 0x8000b380 (0xff9ff06f) j       pc - 0x8
core   0: 3 0x8000b380 (0xff9ff06f)
core   0: 0x8000b378 (0x00002f17) auipc   t5, 0x2
core   0: 3 0x8000b378 (0x00002f17) x30 0x8000d378
core   0: 0x8000b37c (0xc83f2423) sw      gp, -888(t5)
core   0: 3 0x8000b37c (0xc83f2423) mem 0x8000d000 0x00000001
core   0: 0x8000b380 (0xff9ff06f) j       pc - 0x8
core   0: 3 0x8000b380 (0xff9ff06f)
core   0: 0x8000b378 (0x00002f17) auipc   t5, 0x2
core   0: 3 0x8000b378 (0x00002f17) x30 0x8000d378
core   0: 0x8000b37c (0xc83f2423) sw      gp, -888(t5)
core   0: 3 0x8000b37c (0xc83f2423) mem 0x8000d000 0x00000001
core   0: 0x8000b380 (0xff9ff06f) j       pc - 0x8
core   0: 3 0x8000b380 (0xff9ff06f)
core   0: 0x8000b378 (0x00002f17) auipc   t5, 0x2
core   0: 3 0x8000b378 (0x00002f17) x30 0x8000d378
core   0: 0x8000b37c (0xc83f2423) sw      gp, -888(t5)
core   0: 3 0x8000b37c (0xc83f2423) mem 0x8000d000 0x00000001
core   0: 0x8000b380 (0xff9ff06f) j       pc - 0x8
core   0: 3 0x8000b380 (0xff9ff06f)
core   0: 0x8000b378 (0x00002f17) auipc   t5, 0x2
core   0: 3 0x8000b378 (0x00002f17) x30 0x8000d378
core   0: 0x8000b37c (0xc83f2423) sw      gp, -888(t5)
core   0: 3 0x8000b37c (0xc83f2423) mem 0x8000d000 0x00000001
core   0: 0x8000b380 (0xff9ff06f) j       pc - 0x8
core   0: 3 0x8000b380 (0xff9ff06f)
core   0: 0x8000b378 (0x00002f17) auipc   t5, 0x2
core   0: 3 0x8000b378 (0x00002f17) x30 0x8000d378
core   0: 0x8000b37c (0xc83f2423) sw      gp, -888(t5)
core   0: 3 0x8000b37c (0xc83f2423) mem 0x8000d000 0x00000001
core   0: 0x8000b380 (0xff9ff06f) j       pc - 0x8
core   0: 3 0x8000b380 (0xff9ff06f)
core   0: 0x8000b378 (0x00002f17) auipc   t5, 0x2
core   0: 3 0x8000b378 (0x00002f17) x30 0x8000d378
core   0: 0x8000b37c (0xc83f2423) sw      gp, -888(t5)
core   0: 3 0x8000b37c (0xc83f2423) mem 0x8000d000 0x00000001
core   0: 0x8000b380 (0xff9ff06f) j       pc - 0x8
core   0: 3 0x8000b380 (0xff9ff06f)
core   0: 0x8000b378 (0x00002f17) auipc   t5, 0x2
core   0: 3 0x8000b378 (0x00002f17) x30 0x8000d378
core   0: 0x8000b37c (0xc83f2423) sw      gp, -888(t5)
core   0: 3 0x8000b37c (0xc83f2423) mem 0x8000d000 0x00000001
core   0: 0x8000b380 (0xff9ff06f) j       pc - 0x8
core   0: 3 0x8000b380 (0xff9ff06f)
core   0: 0x8000b378 (0x00002f17) auipc   t5, 0x2
core   0: 3 0x8000b378 (0x00002f17) x30 0x8000d378
core   0: 0x8000b37c (0xc83f2423) sw      gp, -888(t5)
core   0: 3 0x8000b37c (0xc83f2423) mem 0x8000d000 0x00000001
core   0: 0x8000b380 (0xff9ff06f) j       pc - 0x8
core   0: 3 0x8000b380 (0xff9ff06f)
core   0: 0x8000b378 (0x00002f17) auipc   t5, 0x2
core   0: 3 0x8000b378 (0x00002f17) x30 0x8000d378
core   0: 0x8000b37c (0xc83f2423) sw      gp, -888(t5)
core   0: 3 0x8000b37c (0xc83f2423) mem 0x8000d000 0x00000001
core   0: 0x8000b380 (0xff9ff06f) j       pc - 0x8
core   0: 3 0x8000b380 (0xff9ff06f)
core   0: 0x8000b378 (0x00002f17) auipc   t5, 0x2
core   0: 3 0x8000b378 (0x00002f17) x30 0x8000d378
core   0: 0x8000b37c (0xc83f2423) sw      gp, -888(t5)
core   0: 3 0x8000b37c (0xc83f2423) mem 0x8000d000 0x00000001
core   0: 0x8000b380 (0xff9ff06f) j       pc - 0x8
core   0: 3 0x8000b380 (0xff9ff06f)
core   0: 0x8000b378 (0x00002f17) auipc   t5, 0x2
core   0: 3 0x8000b378 (0x00002f17) x30 0x8000d378
core   0: 0x8000b37c (0xc83f2423) sw      gp, -888(t5)
core   0: 3 0x8000b37c (0xc83f2423) mem 0x8000d000 0x00000001
core   0: 0x8000b380 (0xff9ff06f) j       pc - 0x8
core   0: 3 0x8000b380 (0xff9ff06f)
core   0: 0x8000b378 (0x00002f17) auipc   t5, 0x2
core   0: 3 0x8000b378 (0x00002f17) x30 0x8000d378
core   0: 0x8000b37c (0xc83f2423) sw      gp, -888(t5)
core   0: 3 0x8000b37c (0xc83f2423) mem 0x8000d000 0x00000001
core   0: 0x8000b380 (0xff9ff06f) j       pc - 0x8
core   0: 3 0x8000b380 (0xff9ff06f)
core   0: 0x8000b378 (0x00002f17) auipc   t5, 0x2
core   0: 3 0x8000b378 (0x00002f17) x30 0x8000d378
core   0: 0x8000b37c (0xc83f2423) sw      gp, -888(t5)
core   0: 3 0x8000b37c (0xc83f2423) mem 0x8000d000 0x00000001
core   0: 0x8000b380 (0xff9ff06f) j       pc - 0x8
core   0: 3 0x8000b380 (0xff9ff06f)
core   0: 0x8000b378 (0x00002f17) auipc   t5, 0x2
core   0: 3 0x8000b378 (0x00002f17) x30 0x8000d378
core   0: 0x8000b37c (0xc83f2423) sw      gp, -888(t5)
core   0: 3 0x8000b37c (0xc83f2423) mem 0x8000d000 0x00000001
core   0: 0x8000b380 (0xff9ff06f) j       pc - 0x8
core   0: 3 0x8000b380 (0xff9ff06f)
core   0: 0x8000b378 (0x00002f17) auipc   t5, 0x2
core   0: 3 0x8000b378 (0x00002f17) x30 0x8000d378
core   0: 0x8000b37c (0xc83f2423) sw      gp, -888(t5)
core   0: 3 0x8000b37c (0xc83f2423) mem 0x8000d000 0x00000001
core   0: 0x8000b380 (0xff9ff06f) j       pc - 0x8
core   0: 3 0x8000b380 (0xff9ff06f)
core   0: 0x8000b378 (0x00002f17) auipc   t5, 0x2
core   0: 3 0x8000b378 (0x00002f17) x30 0x8000d378
core   0: 0x8000b37c (0xc83f2423) sw      gp, -888(t5)
core   0: 3 0x8000b37c (0xc83f2423) mem 0x8000d000 0x00000001
core   0: 0x8000b380 (0xff9ff06f) j       pc - 0x8
core   0: 3 0x8000b380 (0xff9ff06f)
core   0: 0x8000b378 (0x00002f17) auipc   t5, 0x2
core   0: 3 0x8000b378 (0x00002f17) x30 0x8000d378
core   0: 0x8000b37c (0xc83f2423) sw      gp, -888(t5)
core   0: 3 0x8000b37c (0xc83f2423) mem 0x8000d000 0x00000001
core   0: 0x8000b380 (0xff9ff06f) j       pc - 0x8
core   0: 3 0x8000b380 (0xff9ff06f)
core   0: 0x8000b378 (0x00002f17) auipc   t5, 0x2
core   0: 3 0x8000b378 (0x00002f17) x30 0x8000d378
core   0: 0x8000b37c (0xc83f2423) sw      gp, -888(t5)
core   0: 3 0x8000b37c (0xc83f2423) mem 0x8000d000 0x00000001
core   0: 0x8000b380 (0xff9ff06f) j       pc - 0x8
core   0: 3 0x8000b380 (0xff9ff06f)
core   0: 0x8000b378 (0x00002f17) auipc   t5, 0x2
core   0: 3 0x8000b378 (0x00002f17) x30 0x8000d378
core   0: 0x8000b37c (0xc83f2423) sw      gp, -888(t5)
core   0: 3 0x8000b37c (0xc83f2423) mem 0x8000d000 0x00000001
core   0: 0x8000b380 (0xff9ff06f) j       pc - 0x8
core   0: 3 0x8000b380 (0xff9ff06f)
core   0: 0x8000b378 (0x00002f17) auipc   t5, 0x2
core   0: 3 0x8000b378 (0x00002f17) x30 0x8000d378
core   0: 0x8000b37c (0xc83f2423) sw      gp, -888(t5)
core   0: 3 0x8000b37c (0xc83f2423) mem 0x8000d000 0x00000001
core   0: 0x8000b380 (0xff9ff06f) j       pc - 0x8
core   0: 3 0x8000b380 (0xff9ff06f)
core   0: 0x8000b378 (0x00002f17) auipc   t5, 0x2
core   0: 3 0x8000b378 (0x00002f17) x30 0x8000d378
core   0: 0x8000b37c (0xc83f2423) sw      gp, -888(t5)
core   0: 3 0x8000b37c (0xc83f2423) mem 0x8000d000 0x00000001
core   0: 0x8000b380 (0xff9ff06f) j       pc - 0x8
core   0: 3 0x8000b380 (0xff9ff06f)
core   0: 0x8000b378 (0x00002f17) auipc   t5, 0x2
core   0: 3 0x8000b378 (0x00002f17) x30 0x8000d378
core   0: 0x8000b37c (0xc83f2423) sw      gp, -888(t5)
core   0: 3 0x8000b37c (0xc83f2423) mem 0x8000d000 0x00000001
core   0: 0x8000b380 (0xff9ff06f) j       pc - 0x8
core   0: 3 0x8000b380 (0xff9ff06f)
core   0: 0x8000b378 (0x00002f17) auipc   t5, 0x2
core   0: 3 0x8000b378 (0x00002f17) x30 0x8000d378
core   0: 0x8000b37c (0xc83f2423) sw      gp, -888(t5)
core   0: 3 0x8000b37c (0xc83f2423) mem 0x8000d000 0x00000001
core   0: 0x8000b380 (0xff9ff06f) j       pc - 0x8
core   0: 3 0x8000b380 (0xff9ff06f)
core   0: 0x8000b378 (0x00002f17) auipc   t5, 0x2
core   0: 3 0x8000b378 (0x00002f17) x30 0x8000d378
core   0: 0x8000b37c (0xc83f2423) sw      gp, -888(t5)
core   0: 3 0x8000b37c (0xc83f2423) mem 0x8000d000 0x00000001
core   0: 0x8000b380 (0xff9ff06f) j       pc - 0x8
core   0: 3 0x8000b380 (0xff9ff06f)
core   0: 0x8000b378 (0x00002f17) auipc   t5, 0x2
core   0: 3 0x8000b378 (0x00002f17) x30 0x8000d378
core   0: 0x8000b37c (0xc83f2423) sw      gp, -888(t5)
core   0: 3 0x8000b37c (0xc83f2423) mem 0x8000d000 0x00000001
core   0: 0x8000b380 (0xff9ff06f) j       pc - 0x8
core   0: 3 0x8000b380 (0xff9ff06f)
core   0: 0x8000b378 (0x00002f17) auipc   t5, 0x2
core   0: 3 0x8000b378 (0x00002f17) x30 0x8000d378
core   0: 0x8000b37c (0xc83f2423) sw      gp, -888(t5)
core   0: 3 0x8000b37c (0xc83f2423) mem 0x8000d000 0x00000001
core   0: 0x8000b380 (0xff9ff06f) j       pc - 0x8
core   0: 3 0x8000b380 (0xff9ff06f)
core   0: 0x8000b378 (0x00002f17) auipc   t5, 0x2
core   0: 3 0x8000b378 (0x00002f17) x30 0x8000d378
core   0: 0x8000b37c (0xc83f2423) sw      gp, -888(t5)
core   0: 3 0x8000b37c (0xc83f2423) mem 0x8000d000 0x00000001
core   0: 0x8000b380 (0xff9ff06f) j       pc - 0x8
core   0: 3 0x8000b380 (0xff9ff06f)
core   0: 0x8000b378 (0x00002f17) auipc   t5, 0x2
core   0: 3 0x8000b378 (0x00002f17) x30 0x8000d378
core   0: 0x8000b37c (0xc83f2423) sw      gp, -888(t5)
core   0: 3 0x8000b37c (0xc83f2423) mem 0x8000d000 0x00000001
core   0: 0x8000b380 (0xff9ff06f) j       pc - 0x8
core   0: 3 0x8000b380 (0xff9ff06f)
core   0: 0x8000b378 (0x00002f17) auipc   t5, 0x2
core   0: 3 0x8000b378 (0x00002f17) x30 0x8000d378
core   0: 0x8000b37c (0xc83f2423) sw      gp, -888(t5)
core   0: 3 0x8000b37c (0xc83f2423) mem 0x8000d000 0x00000001
core   0: 0x8000b380 (0xff9ff06f) j       pc - 0x8
core   0: 3 0x8000b380 (0xff9ff06f)
core   0: 0x8000b378 (0x00002f17) auipc   t5, 0x2
core   0: 3 0x8000b378 (0x00002f17) x30 0x8000d378
core   0: 0x8000b37c (0xc83f2423) sw      gp, -888(t5)
core   0: 3 0x8000b37c (0xc83f2423) mem 0x8000d000 0x00000001
core   0: 0x8000b380 (0xff9ff06f) j       pc - 0x8
core   0: 3 0x8000b380 (0xff9ff06f)
core   0: 0x8000b378 (0x00002f17) auipc   t5, 0x2
core   0: 3 0x8000b378 (0x00002f17) x30 0x8000d378
core   0: 0x8000b37c (0xc83f2423) sw      gp, -888(t5)
core   0: 3 0x8000b37c (0xc83f2423) mem 0x8000d000 0x00000001
core   0: 0x8000b380 (0xff9ff06f) j       pc - 0x8
core   0: 3 0x8000b380 (0xff9ff06f)
core   0: 0x8000b378 (0x00002f17) auipc   t5, 0x2
core   0: 3 0x8000b378 (0x00002f17) x30 0x8000d378
core   0: 0x8000b37c (0xc83f2423) sw      gp, -888(t5)
core   0: 3 0x8000b37c (0xc83f2423) mem 0x8000d000 0x00000001
core   0: 0x8000b380 (0xff9ff06f) j       pc - 0x8
core   0: 3 0x8000b380 (0xff9ff06f)
core   0: 0x8000b378 (0x00002f17) auipc   t5, 0x2
core   0: 3 0x8000b378 (0x00002f17) x30 0x8000d378
core   0: 0x8000b37c (0xc83f2423) sw      gp, -888(t5)
core   0: 3 0x8000b37c (0xc83f2423) mem 0x8000d000 0x00000001
core   0: 0x8000b380 (0xff9ff06f) j       pc - 0x8
core   0: 3 0x8000b380 (0xff9ff06f)
core   0: 0x8000b378 (0x00002f17) auipc   t5, 0x2
core   0: 3 0x8000b378 (0x00002f17) x30 0x8000d378
core   0: 0x8000b37c (0xc83f2423) sw      gp, -888(t5)
core   0: 3 0x8000b37c (0xc83f2423) mem 0x8000d000 0x00000001
core   0: 0x8000b380 (0xff9ff06f) j       pc - 0x8
core   0: 3 0x8000b380 (0xff9ff06f)
core   0: 0x8000b378 (0x00002f17) auipc   t5, 0x2
core   0: 3 0x8000b378 (0x00002f17) x30 0x8000d378
core   0: 0x8000b37c (0xc83f2423) sw      gp, -888(t5)
core   0: 3 0x8000b37c (0xc83f2423) mem 0x8000d000 0x00000001
core   0: 0x8000b380 (0xff9ff06f) j       pc - 0x8
core   0: 3 0x8000b380 (0xff9ff06f)
core   0: 0x8000b378 (0x00002f17) auipc   t5, 0x2
core   0: 3 0x8000b378 (0x00002f17) x30 0x8000d378
core   0: 0x8000b37c (0xc83f2423) sw      gp, -888(t5)
core   0: 3 0x8000b37c (0xc83f2423) mem 0x8000d000 0x00000001
core   0: 0x8000b380 (0xff9ff06f) j       pc - 0x8
core   0: 3 0x8000b380 (0xff9ff06f)
core   0: 0x8000b378 (0x00002f17) auipc   t5, 0x2
core   0: 3 0x8000b378 (0x00002f17) x30 0x8000d378
core   0: 0x8000b37c (0xc83f2423) sw      gp, -888(t5)
core   0: 3 0x8000b37c (0xc83f2423) mem 0x8000d000 0x00000001
core   0: 0x8000b380 (0xff9ff06f) j       pc - 0x8
core   0: 3 0x8000b380 (0xff9ff06f)
core   0: 0x8000b378 (0x00002f17) auipc   t5, 0x2
core   0: 3 0x8000b378 (0x00002f17) x30 0x8000d378
core   0: 0x8000b37c (0xc83f2423) sw      gp, -888(t5)
core   0: 3 0x8000b37c (0xc83f2423) mem 0x8000d000 0x00000001
core   0: 0x8000b380 (0xff9ff06f) j       pc - 0x8
core   0: 3 0x8000b380 (0xff9ff06f)
core   0: 0x8000b378 (0x00002f17) auipc   t5, 0x2
core   0: 3 0x8000b378 (0x00002f17) x30 0x8000d378
core   0: 0x8000b37c (0xc83f2423) sw      gp, -888(t5)
core   0: 3 0x8000b37c (0xc83f2423) mem 0x8000d000 0x00000001
core   0: 0x8000b380 (0xff9ff06f) j       pc - 0x8
core   0: 3 0x8000b380 (0xff9ff06f)
core   0: 0x8000b378 (0x00002f17) auipc   t5, 0x2
core   0: 3 0x8000b378 (0x00002f17) x30 0x8000d378
core   0: 0x8000b37c (0xc83f2423) sw      gp, -888(t5)
core   0: 3 0x8000b37c (0xc83f2423) mem 0x8000d000 0x00000001
core   0: 0x8000b380 (0xff9ff06f) j       pc - 0x8
core   0: 3 0x8000b380 (0xff9ff06f)
core   0: 0x8000b378 (0x00002f17) auipc   t5, 0x2
core   0: 3 0x8000b378 (0x00002f17) x30 0x8000d378
core   0: 0x8000b37c (0xc83f2423) sw      gp, -888(t5)
core   0: 3 0x8000b37c (0xc83f2423) mem 0x8000d000 0x00000001
core   0: 0x8000b380 (0xff9ff06f) j       pc - 0x8
core   0: 3 0x8000b380 (0xff9ff06f)
core   0: 0x8000b378 (0x00002f17) auipc   t5, 0x2
core   0: 3 0x8000b378 (0x00002f17) x30 0x8000d378
core   0: 0x8000b37c (0xc83f2423) sw      gp, -888(t5)
core   0: 3 0x8000b37c (0xc83f2423) mem 0x8000d000 0x00000001
core   0: 0x8000b380 (0xff9ff06f) j       pc - 0x8
core   0: 3 0x8000b380 (0xff9ff06f)
core   0: 0x8000b378 (0x00002f17) auipc   t5, 0x2
core   0: 3 0x8000b378 (0x00002f17) x30 0x8000d378
core   0: 0x8000b37c (0xc83f2423) sw      gp, -888(t5)
core   0: 3 0x8000b37c (0xc83f2423) mem 0x8000d000 0x00000001
core   0: 0x8000b380 (0xff9ff06f) j       pc - 0x8
core   0: 3 0x8000b380 (0xff9ff06f)
core   0: 0x8000b378 (0x00002f17) auipc   t5, 0x2
core   0: 3 0x8000b378 (0x00002f17) x30 0x8000d378
core   0: 0x8000b37c (0xc83f2423) sw      gp, -888(t5)
core   0: 3 0x8000b37c (0xc83f2423) mem 0x8000d000 0x00000001
core   0: 0x8000b380 (0xff9ff06f) j       pc - 0x8
core   0: 3 0x8000b380 (0xff9ff06f)
core   0: 0x8000b378 (0x00002f17) auipc   t5, 0x2
core   0: 3 0x8000b378 (0x00002f17) x30 0x8000d378
core   0: 0x8000b37c (0xc83f2423) sw      gp, -888(t5)
core   0: 3 0x8000b37c (0xc83f2423) mem 0x8000d000 0x00000001
core   0: 0x8000b380 (0xff9ff06f) j       pc - 0x8
core   0: 3 0x8000b380 (0xff9ff06f)
core   0: 0x8000b378 (0x00002f17) auipc   t5, 0x2
core   0: 3 0x8000b378 (0x00002f17) x30 0x8000d378
core   0: 0x8000b37c (0xc83f2423) sw      gp, -888(t5)
core   0: 3 0x8000b37c (0xc83f2423) mem 0x8000d000 0x00000001
core   0: 0x8000b380 (0xff9ff06f) j       pc - 0x8
core   0: 3 0x8000b380 (0xff9ff06f)
core   0: 0x8000b378 (0x00002f17) auipc   t5, 0x2
core   0: 3 0x8000b378 (0x00002f17) x30 0x8000d378
core   0: 0x8000b37c (0xc83f2423) sw      gp, -888(t5)
core   0: 3 0x8000b37c (0xc83f2423) mem 0x8000d000 0x00000001
core   0: 0x8000b380 (0xff9ff06f) j       pc - 0x8
core   0: 3 0x8000b380 (0xff9ff06f)
core   0: 0x8000b378 (0x00002f17) auipc   t5, 0x2
core   0: 3 0x8000b378 (0x00002f17) x30 0x8000d378
core   0: 0x8000b37c (0xc83f2423) sw      gp, -888(t5)
core   0: 3 0x8000b37c (0xc83f2423) mem 0x8000d000 0x00000001
core   0: 0x8000b380 (0xff9ff06f) j       pc - 0x8
core   0: 3 0x8000b380 (0xff9ff06f)
core   0: 0x8000b378 (0x00002f17) auipc   t5, 0x2
core   0: 3 0x8000b378 (0x00002f17) x30 0x8000d378
core   0: 0x8000b37c (0xc83f2423) sw      gp, -888(t5)
core   0: 3 0x8000b37c (0xc83f2423) mem 0x8000d000 0x00000001
core   0: 0x8000b380 (0xff9ff06f) j       pc - 0x8
core   0: 3 0x8000b380 (0xff9ff06f)
core   0: 0x8000b378 (0x00002f17) auipc   t5, 0x2
core   0: 3 0x8000b378 (0x00002f17) x30 0x8000d378
core   0: 0x8000b37c (0xc83f2423) sw      gp, -888(t5)
core   0: 3 0x8000b37c (0xc83f2423) mem 0x8000d000 0x00000001
core   0: 0x8000b380 (0xff9ff06f) j       pc - 0x8
core   0: 3 0x8000b380 (0xff9ff06f)
core   0: 0x8000b378 (0x00002f17) auipc   t5, 0x2
core   0: 3 0x8000b378 (0x00002f17) x30 0x8000d378
core   0: 0x8000b37c (0xc83f2423) sw      gp, -888(t5)
core   0: 3 0x8000b37c (0xc83f2423) mem 0x8000d000 0x00000001
core   0: 0x8000b380 (0xff9ff06f) j       pc - 0x8
core   0: 3 0x8000b380 (0xff9ff06f)
core   0: 0x8000b378 (0x00002f17) auipc   t5, 0x2
core   0: 3 0x8000b378 (0x00002f17) x30 0x8000d378
core   0: 0x8000b37c (0xc83f2423) sw      gp, -888(t5)
core   0: 3 0x8000b37c (0xc83f2423) mem 0x8000d000 0x00000001
core   0: 0x8000b380 (0xff9ff06f) j       pc - 0x8
core   0: 3 0x8000b380 (0xff9ff06f)
core   0: 0x8000b378 (0x00002f17) auipc   t5, 0x2
core   0: 3 0x8000b378 (0x00002f17) x30 0x8000d378
core   0: 0x8000b37c (0xc83f2423) sw      gp, -888(t5)
core   0: 3 0x8000b37c (0xc83f2423) mem 0x8000d000 0x00000001
core   0: 0x8000b380 (0xff9ff06f) j       pc - 0x8
core   0: 3 0x8000b380 (0xff9ff06f)
core   0: 0x8000b378 (0x00002f17) auipc   t5, 0x2
core   0: 3 0x8000b378 (0x00002f17) x30 0x8000d378
core   0: 0x8000b37c (0xc83f2423) sw      gp, -888(t5)
core   0: 3 0x8000b37c (0xc83f2423) mem 0x8000d000 0x00000001
core   0: 0x8000b380 (0xff9ff06f) j       pc - 0x8
core   0: 3 0x8000b380 (0xff9ff06f)
core   0: 0x8000b378 (0x00002f17) auipc   t5, 0x2
core   0: 3 0x8000b378 (0x00002f17) x30 0x8000d378
core   0: 0x8000b37c (0xc83f2423) sw      gp, -888(t5)
core   0: 3 0x8000b37c (0xc83f2423) mem 0x8000d000 0x00000001
core   0: 0x8000b380 (0xff9ff06f) j       pc - 0x8
core   0: 3 0x8000b380 (0xff9ff06f)
core   0: 0x8000b378 (0x00002f17) auipc   t5, 0x2
core   0: 3 0x8000b378 (0x00002f17) x30 0x8000d378
core   0: 0x8000b37c (0xc83f2423) sw      gp, -888(t5)
core   0: 3 0x8000b37c (0xc83f2423) mem 0x8000d000 0x00000001
core   0: 0x8000b380 (0xff9ff06f) j       pc - 0x8
core   0: 3 0x8000b380 (0xff9ff06f)
core   0: 0x8000b378 (0x00002f17) auipc   t5, 0x2
core   0: 3 0x8000b378 (0x00002f17) x30 0x8000d378
core   0: 0x8000b37c (0xc83f2423) sw      gp, -888(t5)
core   0: 3 0x8000b37c (0xc83f2423) mem 0x8000d000 0x00000001
core   0: 0x8000b380 (0xff9ff06f) j       pc - 0x8
core   0: 3 0x8000b380 (0xff9ff06f)
core   0: 0x8000b378 (0x00002f17) auipc   t5, 0x2
core   0: 3 0x8000b378 (0x00002f17) x30 0x8000d378
core   0: 0x8000b37c (0xc83f2423) sw      gp, -888(t5)
core   0: 3 0x8000b37c (0xc83f2423) mem 0x8000d000 0x00000001
core   0: 0x8000b380 (0xff9ff06f) j       pc - 0x8
core   0: 3 0x8000b380 (0xff9ff06f)
core   0: 0x8000b378 (0x00002f17) auipc   t5, 0x2
core   0: 3 0x8000b378 (0x00002f17) x30 0x8000d378
core   0: 0x8000b37c (0xc83f2423) sw      gp, -888(t5)
core   0: 3 0x8000b37c (0xc83f2423) mem 0x8000d000 0x00000001
core   0: 0x8000b380 (0xff9ff06f) j       pc - 0x8
core   0: 3 0x8000b380 (0xff9ff06f)
core   0: 0x8000b378 (0x00002f17) auipc   t5, 0x2
core   0: 3 0x8000b378 (0x00002f17) x30 0x8000d378
core   0: 0x8000b37c (0xc83f2423) sw      gp, -888(t5)
core   0: 3 0x8000b37c (0xc83f2423) mem 0x8000d000 0x00000001
core   0: 0x8000b380 (0xff9ff06f) j       pc - 0x8
core   0: 3 0x8000b380 (0xff9ff06f)
core   0: 0x8000b378 (0x00002f17) auipc   t5, 0x2
core   0: 3 0x8000b378 (0x00002f17) x30 0x8000d378
core   0: 0x8000b37c (0xc83f2423) sw      gp, -888(t5)
core   0: 3 0x8000b37c (0xc83f2423) mem 0x8000d000 0x00000001
core   0: 0x8000b380 (0xff9ff06f) j       pc - 0x8
core   0: 3 0x8000b380 (0xff9ff06f)
core   0: 0x8000b378 (0x00002f17) auipc   t5, 0x2
core   0: 3 0x8000b378 (0x00002f17) x30 0x8000d378
core   0: 0x8000b37c (0xc83f2423) sw      gp, -888(t5)
core   0: 3 0x8000b37c (0xc83f2423) mem 0x8000d000 0x00000001
core   0: 0x8000b380 (0xff9ff06f) j       pc - 0x8
core   0: 3 0x8000b380 (0xff9ff06f)
core   0: 0x8000b378 (0x00002f17) auipc   t5, 0x2
core   0: 3 0x8000b378 (0x00002f17) x30 0x8000d378
core   0: 0x8000b37c (0xc83f2423) sw      gp, -888(t5)
core   0: 3 0x8000b37c (0xc83f2423) mem 0x8000d000 0x00000001
core   0: 0x8000b380 (0xff9ff06f) j       pc - 0x8
core   0: 3 0x8000b380 (0xff9ff06f)
core   0: 0x8000b378 (0x00002f17) auipc   t5, 0x2
core   0: 3 0x8000b378 (0x00002f17) x30 0x8000d378
core   0: 0x8000b37c (0xc83f2423) sw      gp, -888(t5)
core   0: 3 0x8000b37c (0xc83f2423) mem 0x8000d000 0x00000001
core   0: 0x8000b380 (0xff9ff06f) j       pc - 0x8
core   0: 3 0x8000b380 (0xff9ff06f)
core   0: 0x8000b378 (0x00002f17) auipc   t5, 0x2
core   0: 3 0x8000b378 (0x00002f17) x30 0x8000d378
core   0: 0x8000b37c (0xc83f2423) sw      gp, -888(t5)
core   0: 3 0x8000b37c (0xc83f2423) mem 0x8000d000 0x00000001
core   0: 0x8000b380 (0xff9ff06f) j       pc - 0x8
core   0: 3 0x8000b380 (0xff9ff06f)
core   0: 0x8000b378 (0x00002f17) auipc   t5, 0x2
core   0: 3 0x8000b378 (0x00002f17) x30 0x8000d378
core   0: 0x8000b37c (0xc83f2423) sw      gp, -888(t5)
core   0: 3 0x8000b37c (0xc83f2423) mem 0x8000d000 0x00000001
core   0: 0x8000b380 (0xff9ff06f) j       pc - 0x8
core   0: 3 0x8000b380 (0xff9ff06f)
core   0: 0x8000b378 (0x00002f17) auipc   t5, 0x2
core   0: 3 0x8000b378 (0x00002f17) x30 0x8000d378
core   0: 0x8000b37c (0xc83f2423) sw      gp, -888(t5)
core   0: 3 0x8000b37c (0xc83f2423) mem 0x8000d000 0x00000001
core   0: 0x8000b380 (0xff9ff06f) j       pc - 0x8
core   0: 3 0x8000b380 (0xff9ff06f)
core   0: 0x8000b378 (0x00002f17) auipc   t5, 0x2
core   0: 3 0x8000b378 (0x00002f17) x30 0x8000d378
core   0: 0x8000b37c (0xc83f2423) sw      gp, -888(t5)
core   0: 3 0x8000b37c (0xc83f2423) mem 0x8000d000 0x00000001
core   0: 0x8000b380 (0xff9ff06f) j       pc - 0x8
core   0: 3 0x8000b380 (0xff9ff06f)
core   0: 0x8000b378 (0x00002f17) auipc   t5, 0x2
core   0: 3 0x8000b378 (0x00002f17) x30 0x8000d378
core   0: 0x8000b37c (0xc83f2423) sw      gp, -888(t5)
core   0: 3 0x8000b37c (0xc83f2423) mem 0x8000d000 0x00000001
core   0: 0x8000b380 (0xff9ff06f) j       pc - 0x8
core   0: 3 0x8000b380 (0xff9ff06f)
core   0: 0x8000b378 (0x00002f17) auipc   t5, 0x2
core   0: 3 0x8000b378 (0x00002f17) x30 0x8000d378
core   0: 0x8000b37c (0xc83f2423) sw      gp, -888(t5)
core   0: 3 0x8000b37c (0xc83f2423) mem 0x8000d000 0x00000001
core   0: 0x8000b380 (0xff9ff06f) j       pc - 0x8
core   0: 3 0x8000b380 (0xff9ff06f)
core   0: 0x8000b378 (0x00002f17) auipc   t5, 0x2
core   0: 3 0x8000b378 (0x00002f17) x30 0x8000d378
core   0: 0x8000b37c (0xc83f2423) sw      gp, -888(t5)
core   0: 3 0x8000b37c (0xc83f2423) mem 0x8000d000 0x00000001
core   0: 0x8000b380 (0xff9ff06f) j       pc - 0x8
core   0: 3 0x8000b380 (0xff9ff06f)
core   0: 0x8000b378 (0x00002f17) auipc   t5, 0x2
core   0: 3 0x8000b378 (0x00002f17) x30 0x8000d378
core   0: 0x8000b37c (0xc83f2423) sw      gp, -888(t5)
core   0: 3 0x8000b37c (0xc83f2423) mem 0x8000d000 0x00000001
core   0: 0x8000b380 (0xff9ff06f) j       pc - 0x8
core   0: 3 0x8000b380 (0xff9ff06f)
core   0: 0x8000b378 (0x00002f17) auipc   t5, 0x2
core   0: 3 0x8000b378 (0x00002f17) x30 0x8000d378
core   0: 0x8000b37c (0xc83f2423) sw      gp, -888(t5)
core   0: 3 0x8000b37c (0xc83f2423) mem 0x8000d000 0x00000001
core   0: 0x8000b380 (0xff9ff06f) j       pc - 0x8
core   0: 3 0x8000b380 (0xff9ff06f)
core   0: 0x8000b378 (0x00002f17) auipc   t5, 0x2
core   0: 3 0x8000b378 (0x00002f17) x30 0x8000d378
core   0: 0x8000b37c (0xc83f2423) sw      gp, -888(t5)
core   0: 3 0x8000b37c (0xc83f2423) mem 0x8000d000 0x00000001
core   0: 0x8000b380 (0xff9ff06f) j       pc - 0x8
core   0: 3 0x8000b380 (0xff9ff06f)
core   0: 0x8000b378 (0x00002f17) auipc   t5, 0x2
core   0: 3 0x8000b378 (0x00002f17) x30 0x8000d378
core   0: 0x8000b37c (0xc83f2423) sw      gp, -888(t5)
core   0: 3 0x8000b37c (0xc83f2423) mem 0x8000d000 0x00000001
core   0: 0x8000b380 (0xff9ff06f) j       pc - 0x8
core   0: 3 0x8000b380 (0xff9ff06f)
core   0: 0x8000b378 (0x00002f17) auipc   t5, 0x2
core   0: 3 0x8000b378 (0x00002f17) x30 0x8000d378
core   0: 0x8000b37c (0xc83f2423) sw      gp, -888(t5)
core   0: 3 0x8000b37c (0xc83f2423) mem 0x8000d000 0x00000001
core   0: 0x8000b380 (0xff9ff06f) j       pc - 0x8
core   0: 3 0x8000b380 (0xff9ff06f)
core   0: 0x8000b378 (0x00002f17) auipc   t5, 0x2
core   0: 3 0x8000b378 (0x00002f17) x30 0x8000d378
core   0: 0x8000b37c (0xc83f2423) sw      gp, -888(t5)
core   0: 3 0x8000b37c (0xc83f2423) mem 0x8000d000 0x00000001
core   0: 0x8000b380 (0xff9ff06f) j       pc - 0x8
core   0: 3 0x8000b380 (0xff9ff06f)
core   0: 0x8000b378 (0x00002f17) auipc   t5, 0x2
core   0: 3 0x8000b378 (0x00002f17) x30 0x8000d378
core   0: 0x8000b37c (0xc83f2423) sw      gp, -888(t5)
core   0: 3 0x8000b37c (0xc83f2423) mem 0x8000d000 0x00000001
core   0: 0x8000b380 (0xff9ff06f) j       pc - 0x8
core   0: 3 0x8000b380 (0xff9ff06f)
core   0: 0x8000b378 (0x00002f17) auipc   t5, 0x2
core   0: 3 0x8000b378 (0x00002f17) x30 0x8000d378
core   0: 0x8000b37c (0xc83f2423) sw      gp, -888(t5)
core   0: 3 0x8000b37c (0xc83f2423) mem 0x8000d000 0x00000001
core   0: 0x8000b380 (0xff9ff06f) j       pc - 0x8
core   0: 3 0x8000b380 (0xff9ff06f)
core   0: 0x8000b378 (0x00002f17) auipc   t5, 0x2
core   0: 3 0x8000b378 (0x00002f17) x30 0x8000d378
core   0: 0x8000b37c (0xc83f2423) sw      gp, -888(t5)
core   0: 3 0x8000b37c (0xc83f2423) mem 0x8000d000 0x00000001
core   0: 0x8000b380 (0xff9ff06f) j       pc - 0x8
core   0: 3 0x8000b380 (0xff9ff06f)
core   0: 0x8000b378 (0x00002f17) auipc   t5, 0x2
core   0: 3 0x8000b378 (0x00002f17) x30 0x8000d378
core   0: 0x8000b37c (0xc83f2423) sw      gp, -888(t5)
core   0: 3 0x8000b37c (0xc83f2423) mem 0x8000d000 0x00000001
core   0: 0x8000b380 (0xff9ff06f) j       pc - 0x8
core   0: 3 0x8000b380 (0xff9ff06f)
core   0: 0x8000b378 (0x00002f17) auipc   t5, 0x2
core   0: 3 0x8000b378 (0x00002f17) x30 0x8000d378
core   0: 0x8000b37c (0xc83f2423) sw      gp, -888(t5)
core   0: 3 0x8000b37c (0xc83f2423) mem 0x8000d000 0x00000001
core   0: 0x8000b380 (0xff9ff06f) j       pc - 0x8
core   0: 3 0x8000b380 (0xff9ff06f)
core   0: 0x8000b378 (0x00002f17) auipc   t5, 0x2
core   0: 3 0x8000b378 (0x00002f17) x30 0x8000d378
core   0: 0x8000b37c (0xc83f2423) sw      gp, -888(t5)
core   0: 3 0x8000b37c (0xc83f2423) mem 0x8000d000 0x00000001
core   0: 0x8000b380 (0xff9ff06f) j       pc - 0x8
core   0: 3 0x8000b380 (0xff9ff06f)
core   0: 0x8000b378 (0x00002f17) auipc   t5, 0x2
core   0: 3 0x8000b378 (0x00002f17) x30 0x8000d378
core   0: 0x8000b37c (0xc83f2423) sw      gp, -888(t5)
core   0: 3 0x8000b37c (0xc83f2423) mem 0x8000d000 0x00000001
core   0: 0x8000b380 (0xff9ff06f) j       pc - 0x8
core   0: 3 0x8000b380 (0xff9ff06f)
core   0: 0x8000b378 (0x00002f17) auipc   t5, 0x2
core   0: 3 0x8000b378 (0x00002f17) x30 0x8000d378
core   0: 0x8000b37c (0xc83f2423) sw      gp, -888(t5)
core   0: 3 0x8000b37c (0xc83f2423) mem 0x8000d000 0x00000001
core   0: 0x8000b380 (0xff9ff06f) j       pc - 0x8
core   0: 3 0x8000b380 (0xff9ff06f)
core   0: 0x8000b378 (0x00002f17) auipc   t5, 0x2
core   0: 3 0x8000b378 (0x00002f17) x30 0x8000d378
core   0: 0x8000b37c (0xc83f2423) sw      gp, -888(t5)
core   0: 3 0x8000b37c (0xc83f2423) mem 0x8000d000 0x00000001
core   0: 0x8000b380 (0xff9ff06f) j       pc - 0x8
core   0: 3 0x8000b380 (0xff9ff06f)
core   0: 0x8000b378 (0x00002f17) auipc   t5, 0x2
core   0: 3 0x8000b378 (0x00002f17) x30 0x8000d378
core   0: 0x8000b37c (0xc83f2423) sw      gp, -888(t5)
core   0: 3 0x8000b37c (0xc83f2423) mem 0x8000d000 0x00000001
core   0: 0x8000b380 (0xff9ff06f) j       pc - 0x8
core   0: 3 0x8000b380 (0xff9ff06f)
core   0: 0x8000b378 (0x00002f17) auipc   t5, 0x2
core   0: 3 0x8000b378 (0x00002f17) x30 0x8000d378
core   0: 0x8000b37c (0xc83f2423) sw      gp, -888(t5)
core   0: 3 0x8000b37c (0xc83f2423) mem 0x8000d000 0x00000001
core   0: 0x8000b380 (0xff9ff06f) j       pc - 0x8
core   0: 3 0x8000b380 (0xff9ff06f)
core   0: 0x8000b378 (0x00002f17) auipc   t5, 0x2
core   0: 3 0x8000b378 (0x00002f17) x30 0x8000d378
core   0: 0x8000b37c (0xc83f2423) sw      gp, -888(t5)
core   0: 3 0x8000b37c (0xc83f2423) mem 0x8000d000 0x00000001
core   0: 0x8000b380 (0xff9ff06f) j       pc - 0x8
core   0: 3 0x8000b380 (0xff9ff06f)
core   0: 0x8000b378 (0x00002f17) auipc   t5, 0x2
core   0: 3 0x8000b378 (0x00002f17) x30 0x8000d378
core   0: 0x8000b37c (0xc83f2423) sw      gp, -888(t5)
core   0: 3 0x8000b37c (0xc83f2423) mem 0x8000d000 0x00000001
core   0: 0x8000b380 (0xff9ff06f) j       pc - 0x8
core   0: 3 0x8000b380 (0xff9ff06f)
core   0: 0x8000b378 (0x00002f17) auipc   t5, 0x2
core   0: 3 0x8000b378 (0x00002f17) x30 0x8000d378
core   0: 0x8000b37c (0xc83f2423) sw      gp, -888(t5)
core   0: 3 0x8000b37c (0xc83f2423) mem 0x8000d000 0x00000001
core   0: 0x8000b380 (0xff9ff06f) j       pc - 0x8
core   0: 3 0x8000b380 (0xff9ff06f)
core   0: 0x8000b378 (0x00002f17) auipc   t5, 0x2
core   0: 3 0x8000b378 (0x00002f17) x30 0x8000d378
core   0: 0x8000b37c (0xc83f2423) sw      gp, -888(t5)
core   0: 3 0x8000b37c (0xc83f2423) mem 0x8000d000 0x00000001
core   0: 0x8000b380 (0xff9ff06f) j       pc - 0x8
core   0: 3 0x8000b380 (0xff9ff06f)
core   0: 0x8000b378 (0x00002f17) auipc   t5, 0x2
core   0: 3 0x8000b378 (0x00002f17) x30 0x8000d378
core   0: 0x8000b37c (0xc83f2423) sw      gp, -888(t5)
core   0: 3 0x8000b37c (0xc83f2423) mem 0x8000d000 0x00000001
core   0: 0x8000b380 (0xff9ff06f) j       pc - 0x8
core   0: 3 0x8000b380 (0xff9ff06f)
core   0: 0x8000b378 (0x00002f17) auipc   t5, 0x2
core   0: 3 0x8000b378 (0x00002f17) x30 0x8000d378
core   0: 0x8000b37c (0xc83f2423) sw      gp, -888(t5)
core   0: 3 0x8000b37c (0xc83f2423) mem 0x8000d000 0x00000001
core   0: 0x8000b380 (0xff9ff06f) j       pc - 0x8
core   0: 3 0x8000b380 (0xff9ff06f)
core   0: 0x8000b378 (0x00002f17) auipc   t5, 0x2
core   0: 3 0x8000b378 (0x00002f17) x30 0x8000d378
core   0: 0x8000b37c (0xc83f2423) sw      gp, -888(t5)
core   0: 3 0x8000b37c (0xc83f2423) mem 0x8000d000 0x00000001
core   0: 0x8000b380 (0xff9ff06f) j       pc - 0x8
core   0: 3 0x8000b380 (0xff9ff06f)
core   0: 0x8000b378 (0x00002f17) auipc   t5, 0x2
core   0: 3 0x8000b378 (0x00002f17) x30 0x8000d378
core   0: 0x8000b37c (0xc83f2423) sw      gp, -888(t5)
core   0: 3 0x8000b37c (0xc83f2423) mem 0x8000d000 0x00000001
core   0: 0x8000b380 (0xff9ff06f) j       pc - 0x8
core   0: 3 0x8000b380 (0xff9ff06f)
core   0: 0x8000b378 (0x00002f17) auipc   t5, 0x2
core   0: 3 0x8000b378 (0x00002f17) x30 0x8000d378
core   0: 0x8000b37c (0xc83f2423) sw      gp, -888(t5)
core   0: 3 0x8000b37c (0xc83f2423) mem 0x8000d000 0x00000001
core   0: 0x8000b380 (0xff9ff06f) j       pc - 0x8
core   0: 3 0x8000b380 (0xff9ff06f)
core   0: 0x8000b378 (0x00002f17) auipc   t5, 0x2
core   0: 3 0x8000b378 (0x00002f17) x30 0x8000d378
core   0: 0x8000b37c (0xc83f2423) sw      gp, -888(t5)
core   0: 3 0x8000b37c (0xc83f2423) mem 0x8000d000 0x00000001
core   0: 0x8000b380 (0xff9ff06f) j       pc - 0x8
core   0: 3 0x8000b380 (0xff9ff06f)
core   0: 0x8000b378 (0x00002f17) auipc   t5, 0x2
core   0: 3 0x8000b378 (0x00002f17) x30 0x8000d378
core   0: 0x8000b37c (0xc83f2423) sw      gp, -888(t5)
core   0: 3 0x8000b37c (0xc83f2423) mem 0x8000d000 0x00000001
core   0: 0x8000b380 (0xff9ff06f) j       pc - 0x8
core   0: 3 0x8000b380 (0xff9ff06f)
core   0: 0x8000b378 (0x00002f17) auipc   t5, 0x2
core   0: 3 0x8000b378 (0x00002f17) x30 0x8000d378
core   0: 0x8000b37c (0xc83f2423) sw      gp, -888(t5)
core   0: 3 0x8000b37c (0xc83f2423) mem 0x8000d000 0x00000001
core   0: 0x8000b380 (0xff9ff06f) j       pc - 0x8
core   0: 3 0x8000b380 (0xff9ff06f)
core   0: 0x8000b378 (0x00002f17) auipc   t5, 0x2
core   0: 3 0x8000b378 (0x00002f17) x30 0x8000d378
core   0: 0x8000b37c (0xc83f2423) sw      gp, -888(t5)
core   0: 3 0x8000b37c (0xc83f2423) mem 0x8000d000 0x00000001
core   0: 0x8000b380 (0xff9ff06f) j       pc - 0x8
core   0: 3 0x8000b380 (0xff9ff06f)
core   0: 0x8000b378 (0x00002f17) auipc   t5, 0x2
core   0: 3 0x8000b378 (0x00002f17) x30 0x8000d378
core   0: 0x8000b37c (0xc83f2423) sw      gp, -888(t5)
core   0: 3 0x8000b37c (0xc83f2423) mem 0x8000d000 0x00000001
core   0: 0x8000b380 (0xff9ff06f) j       pc - 0x8
core   0: 3 0x8000b380 (0xff9ff06f)
core   0: 0x8000b378 (0x00002f17) auipc   t5, 0x2
core   0: 3 0x8000b378 (0x00002f17) x30 0x8000d378
core   0: 0x8000b37c (0xc83f2423) sw      gp, -888(t5)
core   0: 3 0x8000b37c (0xc83f2423) mem 0x8000d000 0x00000001
core   0: 0x8000b380 (0xff9ff06f) j       pc - 0x8
core   0: 3 0x8000b380 (0xff9ff06f)
core   0: 0x8000b378 (0x00002f17) auipc   t5, 0x2
core   0: 3 0x8000b378 (0x00002f17) x30 0x8000d378
core   0: 0x8000b37c (0xc83f2423) sw      gp, -888(t5)
core   0: 3 0x8000b37c (0xc83f2423) mem 0x8000d000 0x00000001
core   0: 0x8000b380 (0xff9ff06f) j       pc - 0x8
core   0: 3 0x8000b380 (0xff9ff06f)
core   0: 0x8000b378 (0x00002f17) auipc   t5, 0x2
core   0: 3 0x8000b378 (0x00002f17) x30 0x8000d378
core   0: 0x8000b37c (0xc83f2423) sw      gp, -888(t5)
core   0: 3 0x8000b37c (0xc83f2423) mem 0x8000d000 0x00000001
core   0: 0x8000b380 (0xff9ff06f) j       pc - 0x8
core   0: 3 0x8000b380 (0xff9ff06f)
core   0: 0x8000b378 (0x00002f17) auipc   t5, 0x2
core   0: 3 0x8000b378 (0x00002f17) x30 0x8000d378
core   0: 0x8000b37c (0xc83f2423) sw      gp, -888(t5)
core   0: 3 0x8000b37c (0xc83f2423) mem 0x8000d000 0x00000001
core   0: 0x8000b380 (0xff9ff06f) j       pc - 0x8
core   0: 3 0x8000b380 (0xff9ff06f)
core   0: 0x8000b378 (0x00002f17) auipc   t5, 0x2
core   0: 3 0x8000b378 (0x00002f17) x30 0x8000d378
core   0: 0x8000b37c (0xc83f2423) sw      gp, -888(t5)
core   0: 3 0x8000b37c (0xc83f2423) mem 0x8000d000 0x00000001
core   0: 0x8000b380 (0xff9ff06f) j       pc - 0x8
core   0: 3 0x8000b380 (0xff9ff06f)
core   0: 0x8000b378 (0x00002f17) auipc   t5, 0x2
core   0: 3 0x8000b378 (0x00002f17) x30 0x8000d378
core   0: 0x8000b37c (0xc83f2423) sw      gp, -888(t5)
core   0: 3 0x8000b37c (0xc83f2423) mem 0x8000d000 0x00000001
core   0: 0x8000b380 (0xff9ff06f) j       pc - 0x8
core   0: 3 0x8000b380 (0xff9ff06f)
core   0: 0x8000b378 (0x00002f17) auipc   t5, 0x2
core   0: 3 0x8000b378 (0x00002f17) x30 0x8000d378
core   0: 0x8000b37c (0xc83f2423) sw      gp, -888(t5)
core   0: 3 0x8000b37c (0xc83f2423) mem 0x8000d000 0x00000001
core   0: 0x8000b380 (0xff9ff06f) j       pc - 0x8
core   0: 3 0x8000b380 (0xff9ff06f)
core   0: 0x8000b378 (0x00002f17) auipc   t5, 0x2
core   0: 3 0x8000b378 (0x00002f17) x30 0x8000d378
core   0: 0x8000b37c (0xc83f2423) sw      gp, -888(t5)
core   0: 3 0x8000b37c (0xc83f2423) mem 0x8000d000 0x00000001
core   0: 0x8000b380 (0xff9ff06f) j       pc - 0x8
core   0: 3 0x8000b380 (0xff9ff06f)
core   0: 0x8000b378 (0x00002f17) auipc   t5, 0x2
core   0: 3 0x8000b378 (0x00002f17) x30 0x8000d378
core   0: 0x8000b37c (0xc83f2423) sw      gp, -888(t5)
core   0: 3 0x8000b37c (0xc83f2423) mem 0x8000d000 0x00000001
core   0: 0x8000b380 (0xff9ff06f) j       pc - 0x8
core   0: 3 0x8000b380 (0xff9ff06f)
core   0: 0x8000b378 (0x00002f17) auipc   t5, 0x2
core   0: 3 0x8000b378 (0x00002f17) x30 0x8000d378
core   0: 0x8000b37c (0xc83f2423) sw      gp, -888(t5)
core   0: 3 0x8000b37c (0xc83f2423) mem 0x8000d000 0x00000001
core   0: 0x8000b380 (0xff9ff06f) j       pc - 0x8
core   0: 3 0x8000b380 (0xff9ff06f)
core   0: 0x8000b378 (0x00002f17) auipc   t5, 0x2
core   0: 3 0x8000b378 (0x00002f17) x30 0x8000d378
core   0: 0x8000b37c (0xc83f2423) sw      gp, -888(t5)
core   0: 3 0x8000b37c (0xc83f2423) mem 0x8000d000 0x00000001
core   0: 0x8000b380 (0xff9ff06f) j       pc - 0x8
core   0: 3 0x8000b380 (0xff9ff06f)
core   0: 0x8000b378 (0x00002f17) auipc   t5, 0x2
core   0: 3 0x8000b378 (0x00002f17) x30 0x8000d378
core   0: 0x8000b37c (0xc83f2423) sw      gp, -888(t5)
core   0: 3 0x8000b37c (0xc83f2423) mem 0x8000d000 0x00000001
core   0: 0x8000b380 (0xff9ff06f) j       pc - 0x8
core   0: 3 0x8000b380 (0xff9ff06f)
core   0: 0x8000b378 (0x00002f17) auipc   t5, 0x2
core   0: 3 0x8000b378 (0x00002f17) x30 0x8000d378
core   0: 0x8000b37c (0xc83f2423) sw      gp, -888(t5)
core   0: 3 0x8000b37c (0xc83f2423) mem 0x8000d000 0x00000001
core   0: 0x8000b380 (0xff9ff06f) j       pc - 0x8
core   0: 3 0x8000b380 (0xff9ff06f)
core   0: 0x8000b378 (0x00002f17) auipc   t5, 0x2
core   0: 3 0x8000b378 (0x00002f17) x30 0x8000d378
core   0: 0x8000b37c (0xc83f2423) sw      gp, -888(t5)
core   0: 3 0x8000b37c (0xc83f2423) mem 0x8000d000 0x00000001
core   0: 0x8000b380 (0xff9ff06f) j       pc - 0x8
core   0: 3 0x8000b380 (0xff9ff06f)
core   0: 0x8000b378 (0x00002f17) auipc   t5, 0x2
core   0: 3 0x8000b378 (0x00002f17) x30 0x8000d378
core   0: 0x8000b37c (0xc83f2423) sw      gp, -888(t5)
core   0: 3 0x8000b37c (0xc83f2423) mem 0x8000d000 0x00000001
core   0: 0x8000b380 (0xff9ff06f) j       pc - 0x8
core   0: 3 0x8000b380 (0xff9ff06f)
core   0: 0x8000b378 (0x00002f17) auipc   t5, 0x2
core   0: 3 0x8000b378 (0x00002f17) x30 0x8000d378
core   0: 0x8000b37c (0xc83f2423) sw      gp, -888(t5)
core   0: 3 0x8000b37c (0xc83f2423) mem 0x8000d000 0x00000001
core   0: 0x8000b380 (0xff9ff06f) j       pc - 0x8
core   0: 3 0x8000b380 (0xff9ff06f)
core   0: 0x8000b378 (0x00002f17) auipc   t5, 0x2
core   0: 3 0x8000b378 (0x00002f17) x30 0x8000d378
core   0: 0x8000b37c (0xc83f2423) sw      gp, -888(t5)
core   0: 3 0x8000b37c (0xc83f2423) mem 0x8000d000 0x00000001
core   0: 0x8000b380 (0xff9ff06f) j       pc - 0x8
core   0: 3 0x8000b380 (0xff9ff06f)
core   0: 0x8000b378 (0x00002f17) auipc   t5, 0x2
core   0: 3 0x8000b378 (0x00002f17) x30 0x8000d378
core   0: 0x8000b37c (0xc83f2423) sw      gp, -888(t5)
core   0: 3 0x8000b37c (0xc83f2423) mem 0x8000d000 0x00000001
core   0: 0x8000b380 (0xff9ff06f) j       pc - 0x8
core   0: 3 0x8000b380 (0xff9ff06f)
core   0: 0x8000b378 (0x00002f17) auipc   t5, 0x2
core   0: 3 0x8000b378 (0x00002f17) x30 0x8000d378
core   0: 0x8000b37c (0xc83f2423) sw      gp, -888(t5)
core   0: 3 0x8000b37c (0xc83f2423) mem 0x8000d000 0x00000001
core   0: 0x8000b380 (0xff9ff06f) j       pc - 0x8
core   0: 3 0x8000b380 (0xff9ff06f)
core   0: 0x8000b378 (0x00002f17) auipc   t5, 0x2
core   0: 3 0x8000b378 (0x00002f17) x30 0x8000d378
core   0: 0x8000b37c (0xc83f2423) sw      gp, -888(t5)
core   0: 3 0x8000b37c (0xc83f2423) mem 0x8000d000 0x00000001
core   0: 0x8000b380 (0xff9ff06f) j       pc - 0x8
core   0: 3 0x8000b380 (0xff9ff06f)
core   0: 0x8000b378 (0x00002f17) auipc   t5, 0x2
core   0: 3 0x8000b378 (0x00002f17) x30 0x8000d378
core   0: 0x8000b37c (0xc83f2423) sw      gp, -888(t5)
core   0: 3 0x8000b37c (0xc83f2423) mem 0x8000d000 0x00000001
core   0: 0x8000b380 (0xff9ff06f) j       pc - 0x8
core   0: 3 0x8000b380 (0xff9ff06f)
core   0: 0x8000b378 (0x00002f17) auipc   t5, 0x2
core   0: 3 0x8000b378 (0x00002f17) x30 0x8000d378
core   0: 0x8000b37c (0xc83f2423) sw      gp, -888(t5)
core   0: 3 0x8000b37c (0xc83f2423) mem 0x8000d000 0x00000001
core   0: 0x8000b380 (0xff9ff06f) j       pc - 0x8
core   0: 3 0x8000b380 (0xff9ff06f)
core   0: 0x8000b378 (0x00002f17) auipc   t5, 0x2
core   0: 3 0x8000b378 (0x00002f17) x30 0x8000d378
core   0: 0x8000b37c (0xc83f2423) sw      gp, -888(t5)
core   0: 3 0x8000b37c (0xc83f2423) mem 0x8000d000 0x00000001
core   0: 0x8000b380 (0xff9ff06f) j       pc - 0x8
core   0: 3 0x8000b380 (0xff9ff06f)
core   0: 0x8000b378 (0x00002f17) auipc   t5, 0x2
core   0: 3 0x8000b378 (0x00002f17) x30 0x8000d378
core   0: 0x8000b37c (0xc83f2423) sw      gp, -888(t5)
core   0: 3 0x8000b37c (0xc83f2423) mem 0x8000d000 0x00000001
core   0: 0x8000b380 (0xff9ff06f) j       pc - 0x8
core   0: 3 0x8000b380 (0xff9ff06f)
core   0: 0x8000b378 (0x00002f17) auipc   t5, 0x2
core   0: 3 0x8000b378 (0x00002f17) x30 0x8000d378
core   0: 0x8000b37c (0xc83f2423) sw      gp, -888(t5)
core   0: 3 0x8000b37c (0xc83f2423) mem 0x8000d000 0x00000001
core   0: 0x8000b380 (0xff9ff06f) j       pc - 0x8
core   0: 3 0x8000b380 (0xff9ff06f)
core   0: 0x8000b378 (0x00002f17) auipc   t5, 0x2
core   0: 3 0x8000b378 (0x00002f17) x30 0x8000d378
core   0: 0x8000b37c (0xc83f2423) sw      gp, -888(t5)
core   0: 3 0x8000b37c (0xc83f2423) mem 0x8000d000 0x00000001
core   0: 0x8000b380 (0xff9ff06f) j       pc - 0x8
core   0: 3 0x8000b380 (0xff9ff06f)
core   0: 0x8000b378 (0x00002f17) auipc   t5, 0x2
core   0: 3 0x8000b378 (0x00002f17) x30 0x8000d378
core   0: 0x8000b37c (0xc83f2423) sw      gp, -888(t5)
core   0: 3 0x8000b37c (0xc83f2423) mem 0x8000d000 0x00000001
core   0: 0x8000b380 (0xff9ff06f) j       pc - 0x8
core   0: 3 0x8000b380 (0xff9ff06f)
core   0: 0x8000b378 (0x00002f17) auipc   t5, 0x2
core   0: 3 0x8000b378 (0x00002f17) x30 0x8000d378
core   0: 0x8000b37c (0xc83f2423) sw      gp, -888(t5)
core   0: 3 0x8000b37c (0xc83f2423) mem 0x8000d000 0x00000001
core   0: 0x8000b380 (0xff9ff06f) j       pc - 0x8
core   0: 3 0x8000b380 (0xff9ff06f)
core   0: 0x8000b378 (0x00002f17) auipc   t5, 0x2
core   0: 3 0x8000b378 (0x00002f17) x30 0x8000d378
core   0: 0x8000b37c (0xc83f2423) sw      gp, -888(t5)
core   0: 3 0x8000b37c (0xc83f2423) mem 0x8000d000 0x00000001
core   0: 0x8000b380 (0xff9ff06f) j       pc - 0x8
core   0: 3 0x8000b380 (0xff9ff06f)
core   0: 0x8000b378 (0x00002f17) auipc   t5, 0x2
core   0: 3 0x8000b378 (0x00002f17) x30 0x8000d378
core   0: 0x8000b37c (0xc83f2423) sw      gp, -888(t5)
core   0: 3 0x8000b37c (0xc83f2423) mem 0x8000d000 0x00000001
core   0: 0x8000b380 (0xff9ff06f) j       pc - 0x8
core   0: 3 0x8000b380 (0xff9ff06f)
core   0: 0x8000b378 (0x00002f17) auipc   t5, 0x2
core   0: 3 0x8000b378 (0x00002f17) x30 0x8000d378
core   0: 0x8000b37c (0xc83f2423) sw      gp, -888(t5)
core   0: 3 0x8000b37c (0xc83f2423) mem 0x8000d000 0x00000001
core   0: 0x8000b380 (0xff9ff06f) j       pc - 0x8
core   0: 3 0x8000b380 (0xff9ff06f)
core   0: 0x8000b378 (0x00002f17) auipc   t5, 0x2
core   0: 3 0x8000b378 (0x00002f17) x30 0x8000d378
core   0: 0x8000b37c (0xc83f2423) sw      gp, -888(t5)
core   0: 3 0x8000b37c (0xc83f2423) mem 0x8000d000 0x00000001
core   0: 0x8000b380 (0xff9ff06f) j       pc - 0x8
core   0: 3 0x8000b380 (0xff9ff06f)
core   0: 0x8000b378 (0x00002f17) auipc   t5, 0x2
core   0: 3 0x8000b378 (0x00002f17) x30 0x8000d378
core   0: 0x8000b37c (0xc83f2423) sw      gp, -888(t5)
core   0: 3 0x8000b37c (0xc83f2423) mem 0x8000d000 0x00000001
core   0: 0x8000b380 (0xff9ff06f) j       pc - 0x8
core   0: 3 0x8000b380 (0xff9ff06f)
core   0: 0x8000b378 (0x00002f17) auipc   t5, 0x2
core   0: 3 0x8000b378 (0x00002f17) x30 0x8000d378
core   0: 0x8000b37c (0xc83f2423) sw      gp, -888(t5)
core   0: 3 0x8000b37c (0xc83f2423) mem 0x8000d000 0x00000001
core   0: 0x8000b380 (0xff9ff06f) j       pc - 0x8
core   0: 3 0x8000b380 (0xff9ff06f)
core   0: 0x8000b378 (0x00002f17) auipc   t5, 0x2
core   0: 3 0x8000b378 (0x00002f17) x30 0x8000d378
core   0: 0x8000b37c (0xc83f2423) sw      gp, -888(t5)
core   0: 3 0x8000b37c (0xc83f2423) mem 0x8000d000 0x00000001
core   0: 0x8000b380 (0xff9ff06f) j       pc - 0x8
core   0: 3 0x8000b380 (0xff9ff06f)
core   0: 0x8000b378 (0x00002f17) auipc   t5, 0x2
core   0: 3 0x8000b378 (0x00002f17) x30 0x8000d378
core   0: 0x8000b37c (0xc83f2423) sw      gp, -888(t5)
core   0: 3 0x8000b37c (0xc83f2423) mem 0x8000d000 0x00000001
core   0: 0x8000b380 (0xff9ff06f) j       pc - 0x8
core   0: 3 0x8000b380 (0xff9ff06f)
core   0: 0x8000b378 (0x00002f17) auipc   t5, 0x2
core   0: 3 0x8000b378 (0x00002f17) x30 0x8000d378
core   0: 0x8000b37c (0xc83f2423) sw      gp, -888(t5)
core   0: 3 0x8000b37c (0xc83f2423) mem 0x8000d000 0x00000001
core   0: 0x8000b380 (0xff9ff06f) j       pc - 0x8
core   0: 3 0x8000b380 (0xff9ff06f)
core   0: 0x8000b378 (0x00002f17) auipc   t5, 0x2
core   0: 3 0x8000b378 (0x00002f17) x30 0x8000d378
core   0: 0x8000b37c (0xc83f2423) sw      gp, -888(t5)
core   0: 3 0x8000b37c (0xc83f2423) mem 0x8000d000 0x00000001
core   0: 0x8000b380 (0xff9ff06f) j       pc - 0x8
core   0: 3 0x8000b380 (0xff9ff06f)
core   0: 0x8000b378 (0x00002f17) auipc   t5, 0x2
core   0: 3 0x8000b378 (0x00002f17) x30 0x8000d378
core   0: 0x8000b37c (0xc83f2423) sw      gp, -888(t5)
core   0: 3 0x8000b37c (0xc83f2423) mem 0x8000d000 0x00000001
core   0: 0x8000b380 (0xff9ff06f) j       pc - 0x8
core   0: 3 0x8000b380 (0xff9ff06f)
core   0: 0x8000b378 (0x00002f17) auipc   t5, 0x2
core   0: 3 0x8000b378 (0x00002f17) x30 0x8000d378
core   0: 0x8000b37c (0xc83f2423) sw      gp, -888(t5)
core   0: 3 0x8000b37c (0xc83f2423) mem 0x8000d000 0x00000001
core   0: 0x8000b380 (0xff9ff06f) j       pc - 0x8
core   0: 3 0x8000b380 (0xff9ff06f)
core   0: 0x8000b378 (0x00002f17) auipc   t5, 0x2
core   0: 3 0x8000b378 (0x00002f17) x30 0x8000d378
core   0: 0x8000b37c (0xc83f2423) sw      gp, -888(t5)
core   0: 3 0x8000b37c (0xc83f2423) mem 0x8000d000 0x00000001
core   0: 0x8000b380 (0xff9ff06f) j       pc - 0x8
core   0: 3 0x8000b380 (0xff9ff06f)
core   0: 0x8000b378 (0x00002f17) auipc   t5, 0x2
core   0: 3 0x8000b378 (0x00002f17) x30 0x8000d378
core   0: 0x8000b37c (0xc83f2423) sw      gp, -888(t5)
core   0: 3 0x8000b37c (0xc83f2423) mem 0x8000d000 0x00000001
core   0: 0x8000b380 (0xff9ff06f) j       pc - 0x8
core   0: 3 0x8000b380 (0xff9ff06f)
core   0: 0x8000b378 (0x00002f17) auipc   t5, 0x2
core   0: 3 0x8000b378 (0x00002f17) x30 0x8000d378
core   0: 0x8000b37c (0xc83f2423) sw      gp, -888(t5)
core   0: 3 0x8000b37c (0xc83f2423) mem 0x8000d000 0x00000001
core   0: 0x8000b380 (0xff9ff06f) j       pc - 0x8
core   0: 3 0x8000b380 (0xff9ff06f)
core   0: 0x8000b378 (0x00002f17) auipc   t5, 0x2
core   0: 3 0x8000b378 (0x00002f17) x30 0x8000d378
core   0: 0x8000b37c (0xc83f2423) sw      gp, -888(t5)
core   0: 3 0x8000b37c (0xc83f2423) mem 0x8000d000 0x00000001
core   0: 0x8000b380 (0xff9ff06f) j       pc - 0x8
core   0: 3 0x8000b380 (0xff9ff06f)
core   0: 0x8000b378 (0x00002f17) auipc   t5, 0x2
core   0: 3 0x8000b378 (0x00002f17) x30 0x8000d378
core   0: 0x8000b37c (0xc83f2423) sw      gp, -888(t5)
core   0: 3 0x8000b37c (0xc83f2423) mem 0x8000d000 0x00000001
core   0: 0x8000b380 (0xff9ff06f) j       pc - 0x8
core   0: 3 0x8000b380 (0xff9ff06f)
core   0: 0x8000b378 (0x00002f17) auipc   t5, 0x2
core   0: 3 0x8000b378 (0x00002f17) x30 0x8000d378
core   0: 0x8000b37c (0xc83f2423) sw      gp, -888(t5)
core   0: 3 0x8000b37c (0xc83f2423) mem 0x8000d000 0x00000001
core   0: 0x8000b380 (0xff9ff06f) j       pc - 0x8
core   0: 3 0x8000b380 (0xff9ff06f)
core   0: 0x8000b378 (0x00002f17) auipc   t5, 0x2
core   0: 3 0x8000b378 (0x00002f17) x30 0x8000d378
core   0: 0x8000b37c (0xc83f2423) sw      gp, -888(t5)
core   0: 3 0x8000b37c (0xc83f2423) mem 0x8000d000 0x00000001
core   0: 0x8000b380 (0xff9ff06f) j       pc - 0x8
core   0: 3 0x8000b380 (0xff9ff06f)
core   0: 0x8000b378 (0x00002f17) auipc   t5, 0x2
core   0: 3 0x8000b378 (0x00002f17) x30 0x8000d378
core   0: 0x8000b37c (0xc83f2423) sw      gp, -888(t5)
core   0: 3 0x8000b37c (0xc83f2423) mem 0x8000d000 0x00000001
core   0: 0x8000b380 (0xff9ff06f) j       pc - 0x8
core   0: 3 0x8000b380 (0xff9ff06f)
core   0: 0x8000b378 (0x00002f17) auipc   t5, 0x2
core   0: 3 0x8000b378 (0x00002f17) x30 0x8000d378
core   0: 0x8000b37c (0xc83f2423) sw      gp, -888(t5)
core   0: 3 0x8000b37c (0xc83f2423) mem 0x8000d000 0x00000001
core   0: 0x8000b380 (0xff9ff06f) j       pc - 0x8
core   0: 3 0x8000b380 (0xff9ff06f)
core   0: 0x8000b378 (0x00002f17) auipc   t5, 0x2
core   0: 3 0x8000b378 (0x00002f17) x30 0x8000d378
core   0: 0x8000b37c (0xc83f2423) sw      gp, -888(t5)
core   0: 3 0x8000b37c (0xc83f2423) mem 0x8000d000 0x00000001
core   0: 0x8000b380 (0xff9ff06f) j       pc - 0x8
core   0: 3 0x8000b380 (0xff9ff06f)
core   0: 0x8000b378 (0x00002f17) auipc   t5, 0x2
core   0: 3 0x8000b378 (0x00002f17) x30 0x8000d378
core   0: 0x8000b37c (0xc83f2423) sw      gp, -888(t5)
core   0: 3 0x8000b37c (0xc83f2423) mem 0x8000d000 0x00000001
core   0: 0x8000b380 (0xff9ff06f) j       pc - 0x8
core   0: 3 0x8000b380 (0xff9ff06f)
core   0: 0x8000b378 (0x00002f17) auipc   t5, 0x2
core   0: 3 0x8000b378 (0x00002f17) x30 0x8000d378
core   0: 0x8000b37c (0xc83f2423) sw      gp, -888(t5)
core   0: 3 0x8000b37c (0xc83f2423) mem 0x8000d000 0x00000001
core   0: 0x8000b380 (0xff9ff06f) j       pc - 0x8
core   0: 3 0x8000b380 (0xff9ff06f)
core   0: 0x8000b378 (0x00002f17) auipc   t5, 0x2
core   0: 3 0x8000b378 (0x00002f17) x30 0x8000d378
core   0: 0x8000b37c (0xc83f2423) sw      gp, -888(t5)
core   0: 3 0x8000b37c (0xc83f2423) mem 0x8000d000 0x00000001
core   0: 0x8000b380 (0xff9ff06f) j       pc - 0x8
core   0: 3 0x8000b380 (0xff9ff06f)
core   0: 0x8000b378 (0x00002f17) auipc   t5, 0x2
core   0: 3 0x8000b378 (0x00002f17) x30 0x8000d378
core   0: 0x8000b37c (0xc83f2423) sw      gp, -888(t5)
core   0: 3 0x8000b37c (0xc83f2423) mem 0x8000d000 0x00000001
core   0: 0x8000b380 (0xff9ff06f) j       pc - 0x8
core   0: 3 0x8000b380 (0xff9ff06f)
core   0: 0x8000b378 (0x00002f17) auipc   t5, 0x2
core   0: 3 0x8000b378 (0x00002f17) x30 0x8000d378
core   0: 0x8000b37c (0xc83f2423) sw      gp, -888(t5)
core   0: 3 0x8000b37c (0xc83f2423) mem 0x8000d000 0x00000001
core   0: 0x8000b380 (0xff9ff06f) j       pc - 0x8
core   0: 3 0x8000b380 (0xff9ff06f)
core   0: 0x8000b378 (0x00002f17) auipc   t5, 0x2
core   0: 3 0x8000b378 (0x00002f17) x30 0x8000d378
core   0: 0x8000b37c (0xc83f2423) sw      gp, -888(t5)
core   0: 3 0x8000b37c (0xc83f2423) mem 0x8000d000 0x00000001
core   0: 0x8000b380 (0xff9ff06f) j       pc - 0x8
core   0: 3 0x8000b380 (0xff9ff06f)
core   0: 0x8000b378 (0x00002f17) auipc   t5, 0x2
core   0: 3 0x8000b378 (0x00002f17) x30 0x8000d378
core   0: 0x8000b37c (0xc83f2423) sw      gp, -888(t5)
core   0: 3 0x8000b37c (0xc83f2423) mem 0x8000d000 0x00000001
core   0: 0x8000b380 (0xff9ff06f) j       pc - 0x8
core   0: 3 0x8000b380 (0xff9ff06f)
core   0: 0x8000b378 (0x00002f17) auipc   t5, 0x2
core   0: 3 0x8000b378 (0x00002f17) x30 0x8000d378
core   0: 0x8000b37c (0xc83f2423) sw      gp, -888(t5)
core   0: 3 0x8000b37c (0xc83f2423) mem 0x8000d000 0x00000001
core   0: 0x8000b380 (0xff9ff06f) j       pc - 0x8
core   0: 3 0x8000b380 (0xff9ff06f)
core   0: 0x8000b378 (0x00002f17) auipc   t5, 0x2
core   0: 3 0x8000b378 (0x00002f17) x30 0x8000d378
core   0: 0x8000b37c (0xc83f2423) sw      gp, -888(t5)
core   0: 3 0x8000b37c (0xc83f2423) mem 0x8000d000 0x00000001
core   0: 0x8000b380 (0xff9ff06f) j       pc - 0x8
core   0: 3 0x8000b380 (0xff9ff06f)
core   0: 0x8000b378 (0x00002f17) auipc   t5, 0x2
core   0: 3 0x8000b378 (0x00002f17) x30 0x8000d378
core   0: 0x8000b37c (0xc83f2423) sw      gp, -888(t5)
core   0: 3 0x8000b37c (0xc83f2423) mem 0x8000d000 0x00000001
core   0: 0x8000b380 (0xff9ff06f) j       pc - 0x8
core   0: 3 0x8000b380 (0xff9ff06f)
core   0: 0x8000b378 (0x00002f17) auipc   t5, 0x2
core   0: 3 0x8000b378 (0x00002f17) x30 0x8000d378
core   0: 0x8000b37c (0xc83f2423) sw      gp, -888(t5)
core   0: 3 0x8000b37c (0xc83f2423) mem 0x8000d000 0x00000001
core   0: 0x8000b380 (0xff9ff06f) j       pc - 0x8
core   0: 3 0x8000b380 (0xff9ff06f)
core   0: 0x8000b378 (0x00002f17) auipc   t5, 0x2
core   0: 3 0x8000b378 (0x00002f17) x30 0x8000d378
core   0: 0x8000b37c (0xc83f2423) sw      gp, -888(t5)
core   0: 3 0x8000b37c (0xc83f2423) mem 0x8000d000 0x00000001
core   0: 0x8000b380 (0xff9ff06f) j       pc - 0x8
core   0: 3 0x8000b380 (0xff9ff06f)
core   0: 0x8000b378 (0x00002f17) auipc   t5, 0x2
core   0: 3 0x8000b378 (0x00002f17) x30 0x8000d378
core   0: 0x8000b37c (0xc83f2423) sw      gp, -888(t5)
core   0: 3 0x8000b37c (0xc83f2423) mem 0x8000d000 0x00000001
core   0: 0x8000b380 (0xff9ff06f) j       pc - 0x8
core   0: 3 0x8000b380 (0xff9ff06f)
core   0: 0x8000b378 (0x00002f17) auipc   t5, 0x2
core   0: 3 0x8000b378 (0x00002f17) x30 0x8000d378
core   0: 0x8000b37c (0xc83f2423) sw      gp, -888(t5)
core   0: 3 0x8000b37c (0xc83f2423) mem 0x8000d000 0x00000001
core   0: 0x8000b380 (0xff9ff06f) j       pc - 0x8
core   0: 3 0x8000b380 (0xff9ff06f)
core   0: 0x8000b378 (0x00002f17) auipc   t5, 0x2
core   0: 3 0x8000b378 (0x00002f17) x30 0x8000d378
core   0: 0x8000b37c (0xc83f2423) sw      gp, -888(t5)
core   0: 3 0x8000b37c (0xc83f2423) mem 0x8000d000 0x00000001
core   0: 0x8000b380 (0xff9ff06f) j       pc - 0x8
core   0: 3 0x8000b380 (0xff9ff06f)
core   0: 0x8000b378 (0x00002f17) auipc   t5, 0x2
core   0: 3 0x8000b378 (0x00002f17) x30 0x8000d378
core   0: 0x8000b37c (0xc83f2423) sw      gp, -888(t5)
core   0: 3 0x8000b37c (0xc83f2423) mem 0x8000d000 0x00000001
core   0: 0x8000b380 (0xff9ff06f) j       pc - 0x8
core   0: 3 0x8000b380 (0xff9ff06f)
core   0: 0x8000b378 (0x00002f17) auipc   t5, 0x2
core   0: 3 0x8000b378 (0x00002f17) x30 0x8000d378
core   0: 0x8000b37c (0xc83f2423) sw      gp, -888(t5)
core   0: 3 0x8000b37c (0xc83f2423) mem 0x8000d000 0x00000001
core   0: 0x8000b380 (0xff9ff06f) j       pc - 0x8
core   0: 3 0x8000b380 (0xff9ff06f)
core   0: 0x8000b378 (0x00002f17) auipc   t5, 0x2
core   0: 3 0x8000b378 (0x00002f17) x30 0x8000d378
core   0: 0x8000b37c (0xc83f2423) sw      gp, -888(t5)
core   0: 3 0x8000b37c (0xc83f2423) mem 0x8000d000 0x00000001
core   0: 0x8000b380 (0xff9ff06f) j       pc - 0x8
core   0: 3 0x8000b380 (0xff9ff06f)
core   0: 0x8000b378 (0x00002f17) auipc   t5, 0x2
core   0: 3 0x8000b378 (0x00002f17) x30 0x8000d378
core   0: 0x8000b37c (0xc83f2423) sw      gp, -888(t5)
core   0: 3 0x8000b37c (0xc83f2423) mem 0x8000d000 0x00000001
core   0: 0x8000b380 (0xff9ff06f) j       pc - 0x8
core   0: 3 0x8000b380 (0xff9ff06f)
core   0: 0x8000b378 (0x00002f17) auipc   t5, 0x2
core   0: 3 0x8000b378 (0x00002f17) x30 0x8000d378
core   0: 0x8000b37c (0xc83f2423) sw      gp, -888(t5)
core   0: 3 0x8000b37c (0xc83f2423) mem 0x8000d000 0x00000001
core   0: 0x8000b380 (0xff9ff06f) j       pc - 0x8
core   0: 3 0x8000b380 (0xff9ff06f)
core   0: 0x8000b378 (0x00002f17) auipc   t5, 0x2
core   0: 3 0x8000b378 (0x00002f17) x30 0x8000d378
core   0: 0x8000b37c (0xc83f2423) sw      gp, -888(t5)
core   0: 3 0x8000b37c (0xc83f2423) mem 0x8000d000 0x00000001
core   0: 0x8000b380 (0xff9ff06f) j       pc - 0x8
core   0: 3 0x8000b380 (0xff9ff06f)
core   0: 0x8000b378 (0x00002f17) auipc   t5, 0x2
core   0: 3 0x8000b378 (0x00002f17) x30 0x8000d378
core   0: 0x8000b37c (0xc83f2423) sw      gp, -888(t5)
core   0: 3 0x8000b37c (0xc83f2423) mem 0x8000d000 0x00000001
core   0: 0x8000b380 (0xff9ff06f) j       pc - 0x8
core   0: 3 0x8000b380 (0xff9ff06f)
core   0: 0x8000b378 (0x00002f17) auipc   t5, 0x2
core   0: 3 0x8000b378 (0x00002f17) x30 0x8000d378
core   0: 0x8000b37c (0xc83f2423) sw      gp, -888(t5)
core   0: 3 0x8000b37c (0xc83f2423) mem 0x8000d000 0x00000001
core   0: 0x8000b380 (0xff9ff06f) j       pc - 0x8
core   0: 3 0x8000b380 (0xff9ff06f)
core   0: 0x8000b378 (0x00002f17) auipc   t5, 0x2
core   0: 3 0x8000b378 (0x00002f17) x30 0x8000d378
core   0: 0x8000b37c (0xc83f2423) sw      gp, -888(t5)
core   0: 3 0x8000b37c (0xc83f2423) mem 0x8000d000 0x00000001
core   0: 0x8000b380 (0xff9ff06f) j       pc - 0x8
core   0: 3 0x8000b380 (0xff9ff06f)
core   0: 0x8000b378 (0x00002f17) auipc   t5, 0x2
core   0: 3 0x8000b378 (0x00002f17) x30 0x8000d378
core   0: 0x8000b37c (0xc83f2423) sw      gp, -888(t5)
core   0: 3 0x8000b37c (0xc83f2423) mem 0x8000d000 0x00000001
core   0: 0x8000b380 (0xff9ff06f) j       pc - 0x8
core   0: 3 0x8000b380 (0xff9ff06f)
core   0: 0x8000b378 (0x00002f17) auipc   t5, 0x2
core   0: 3 0x8000b378 (0x00002f17) x30 0x8000d378
core   0: 0x8000b37c (0xc83f2423) sw      gp, -888(t5)
core   0: 3 0x8000b37c (0xc83f2423) mem 0x8000d000 0x00000001
core   0: 0x8000b380 (0xff9ff06f) j       pc - 0x8
core   0: 3 0x8000b380 (0xff9ff06f)
core   0: 0x8000b378 (0x00002f17) auipc   t5, 0x2
core   0: 3 0x8000b378 (0x00002f17) x30 0x8000d378
core   0: 0x8000b37c (0xc83f2423) sw      gp, -888(t5)
core   0: 3 0x8000b37c (0xc83f2423) mem 0x8000d000 0x00000001
core   0: 0x8000b380 (0xff9ff06f) j       pc - 0x8
core   0: 3 0x8000b380 (0xff9ff06f)
core   0: 0x8000b378 (0x00002f17) auipc   t5, 0x2
core   0: 3 0x8000b378 (0x00002f17) x30 0x8000d378
core   0: 0x8000b37c (0xc83f2423) sw      gp, -888(t5)
core   0: 3 0x8000b37c (0xc83f2423) mem 0x8000d000 0x00000001
core   0: 0x8000b380 (0xff9ff06f) j       pc - 0x8
core   0: 3 0x8000b380 (0xff9ff06f)
core   0: 0x8000b378 (0x00002f17) auipc   t5, 0x2
core   0: 3 0x8000b378 (0x00002f17) x30 0x8000d378
core   0: 0x8000b37c (0xc83f2423) sw      gp, -888(t5)
core   0: 3 0x8000b37c (0xc83f2423) mem 0x8000d000 0x00000001
core   0: 0x8000b380 (0xff9ff06f) j       pc - 0x8
core   0: 3 0x8000b380 (0xff9ff06f)
core   0: 0x8000b378 (0x00002f17) auipc   t5, 0x2
core   0: 3 0x8000b378 (0x00002f17) x30 0x8000d378
core   0: 0x8000b37c (0xc83f2423) sw      gp, -888(t5)
core   0: 3 0x8000b37c (0xc83f2423) mem 0x8000d000 0x00000001
core   0: 0x8000b380 (0xff9ff06f) j       pc - 0x8
core   0: 3 0x8000b380 (0xff9ff06f)
core   0: 0x8000b378 (0x00002f17) auipc   t5, 0x2
core   0: 3 0x8000b378 (0x00002f17) x30 0x8000d378
core   0: 0x8000b37c (0xc83f2423) sw      gp, -888(t5)
core   0: 3 0x8000b37c (0xc83f2423) mem 0x8000d000 0x00000001
core   0: 0x8000b380 (0xff9ff06f) j       pc - 0x8
core   0: 3 0x8000b380 (0xff9ff06f)
core   0: 0x8000b378 (0x00002f17) auipc   t5, 0x2
core   0: 3 0x8000b378 (0x00002f17) x30 0x8000d378
core   0: 0x8000b37c (0xc83f2423) sw      gp, -888(t5)
core   0: 3 0x8000b37c (0xc83f2423) mem 0x8000d000 0x00000001
core   0: 0x8000b380 (0xff9ff06f) j       pc - 0x8
core   0: 3 0x8000b380 (0xff9ff06f)
core   0: 0x8000b378 (0x00002f17) auipc   t5, 0x2
core   0: 3 0x8000b378 (0x00002f17) x30 0x8000d378
core   0: 0x8000b37c (0xc83f2423) sw      gp, -888(t5)
core   0: 3 0x8000b37c (0xc83f2423) mem 0x8000d000 0x00000001
core   0: 0x8000b380 (0xff9ff06f) j       pc - 0x8
core   0: 3 0x8000b380 (0xff9ff06f)
core   0: 0x8000b378 (0x00002f17) auipc   t5, 0x2
core   0: 3 0x8000b378 (0x00002f17) x30 0x8000d378
core   0: 0x8000b37c (0xc83f2423) sw      gp, -888(t5)
core   0: 3 0x8000b37c (0xc83f2423) mem 0x8000d000 0x00000001
core   0: 0x8000b380 (0xff9ff06f) j       pc - 0x8
core   0: 3 0x8000b380 (0xff9ff06f)
core   0: 0x8000b378 (0x00002f17) auipc   t5, 0x2
core   0: 3 0x8000b378 (0x00002f17) x30 0x8000d378
core   0: 0x8000b37c (0xc83f2423) sw      gp, -888(t5)
core   0: 3 0x8000b37c (0xc83f2423) mem 0x8000d000 0x00000001
core   0: 0x8000b380 (0xff9ff06f) j       pc - 0x8
core   0: 3 0x8000b380 (0xff9ff06f)
core   0: 0x8000b378 (0x00002f17) auipc   t5, 0x2
core   0: 3 0x8000b378 (0x00002f17) x30 0x8000d378
core   0: 0x8000b37c (0xc83f2423) sw      gp, -888(t5)
core   0: 3 0x8000b37c (0xc83f2423) mem 0x8000d000 0x00000001
core   0: 0x8000b380 (0xff9ff06f) j       pc - 0x8
core   0: 3 0x8000b380 (0xff9ff06f)
core   0: 0x8000b378 (0x00002f17) auipc   t5, 0x2
core   0: 3 0x8000b378 (0x00002f17) x30 0x8000d378
core   0: 0x8000b37c (0xc83f2423) sw      gp, -888(t5)
core   0: 3 0x8000b37c (0xc83f2423) mem 0x8000d000 0x00000001
core   0: 0x8000b380 (0xff9ff06f) j       pc - 0x8
core   0: 3 0x8000b380 (0xff9ff06f)
core   0: 0x8000b378 (0x00002f17) auipc   t5, 0x2
core   0: 3 0x8000b378 (0x00002f17) x30 0x8000d378
core   0: 0x8000b37c (0xc83f2423) sw      gp, -888(t5)
core   0: 3 0x8000b37c (0xc83f2423) mem 0x8000d000 0x00000001
core   0: 0x8000b380 (0xff9ff06f) j       pc - 0x8
core   0: 3 0x8000b380 (0xff9ff06f)
core   0: 0x8000b378 (0x00002f17) auipc   t5, 0x2
core   0: 3 0x8000b378 (0x00002f17) x30 0x8000d378
core   0: 0x8000b37c (0xc83f2423) sw      gp, -888(t5)
core   0: 3 0x8000b37c (0xc83f2423) mem 0x8000d000 0x00000001
core   0: 0x8000b380 (0xff9ff06f) j       pc - 0x8
core   0: 3 0x8000b380 (0xff9ff06f)
core   0: 0x8000b378 (0x00002f17) auipc   t5, 0x2
core   0: 3 0x8000b378 (0x00002f17) x30 0x8000d378
core   0: 0x8000b37c (0xc83f2423) sw      gp, -888(t5)
core   0: 3 0x8000b37c (0xc83f2423) mem 0x8000d000 0x00000001
core   0: 0x8000b380 (0xff9ff06f) j       pc - 0x8
core   0: 3 0x8000b380 (0xff9ff06f)
core   0: 0x8000b378 (0x00002f17) auipc   t5, 0x2
core   0: 3 0x8000b378 (0x00002f17) x30 0x8000d378
core   0: 0x8000b37c (0xc83f2423) sw      gp, -888(t5)
core   0: 3 0x8000b37c (0xc83f2423) mem 0x8000d000 0x00000001
core   0: 0x8000b380 (0xff9ff06f) j       pc - 0x8
core   0: 3 0x8000b380 (0xff9ff06f)
core   0: 0x8000b378 (0x00002f17) auipc   t5, 0x2
core   0: 3 0x8000b378 (0x00002f17) x30 0x8000d378
core   0: 0x8000b37c (0xc83f2423) sw      gp, -888(t5)
core   0: 3 0x8000b37c (0xc83f2423) mem 0x8000d000 0x00000001
core   0: 0x8000b380 (0xff9ff06f) j       pc - 0x8
core   0: 3 0x8000b380 (0xff9ff06f)
core   0: 0x8000b378 (0x00002f17) auipc   t5, 0x2
core   0: 3 0x8000b378 (0x00002f17) x30 0x8000d378
core   0: 0x8000b37c (0xc83f2423) sw      gp, -888(t5)
core   0: 3 0x8000b37c (0xc83f2423) mem 0x8000d000 0x00000001
core   0: 0x8000b380 (0xff9ff06f) j       pc - 0x8
core   0: 3 0x8000b380 (0xff9ff06f)
core   0: 0x8000b378 (0x00002f17) auipc   t5, 0x2
core   0: 3 0x8000b378 (0x00002f17) x30 0x8000d378
core   0: 0x8000b37c (0xc83f2423) sw      gp, -888(t5)
core   0: 3 0x8000b37c (0xc83f2423) mem 0x8000d000 0x00000001
core   0: 0x8000b380 (0xff9ff06f) j       pc - 0x8
core   0: 3 0x8000b380 (0xff9ff06f)
core   0: 0x8000b378 (0x00002f17) auipc   t5, 0x2
core   0: 3 0x8000b378 (0x00002f17) x30 0x8000d378
core   0: 0x8000b37c (0xc83f2423) sw      gp, -888(t5)
core   0: 3 0x8000b37c (0xc83f2423) mem 0x8000d000 0x00000001
core   0: 0x8000b380 (0xff9ff06f) j       pc - 0x8
core   0: 3 0x8000b380 (0xff9ff06f)
core   0: 0x8000b378 (0x00002f17) auipc   t5, 0x2
core   0: 3 0x8000b378 (0x00002f17) x30 0x8000d378
core   0: 0x8000b37c (0xc83f2423) sw      gp, -888(t5)
core   0: 3 0x8000b37c (0xc83f2423) mem 0x8000d000 0x00000001
core   0: 0x8000b380 (0xff9ff06f) j       pc - 0x8
core   0: 3 0x8000b380 (0xff9ff06f)
core   0: 0x8000b378 (0x00002f17) auipc   t5, 0x2
core   0: 3 0x8000b378 (0x00002f17) x30 0x8000d378
core   0: 0x8000b37c (0xc83f2423) sw      gp, -888(t5)
core   0: 3 0x8000b37c (0xc83f2423) mem 0x8000d000 0x00000001
core   0: 0x8000b380 (0xff9ff06f) j       pc - 0x8
core   0: 3 0x8000b380 (0xff9ff06f)
core   0: 0x8000b378 (0x00002f17) auipc   t5, 0x2
core   0: 3 0x8000b378 (0x00002f17) x30 0x8000d378
core   0: 0x8000b37c (0xc83f2423) sw      gp, -888(t5)
core   0: 3 0x8000b37c (0xc83f2423) mem 0x8000d000 0x00000001
core   0: 0x8000b380 (0xff9ff06f) j       pc - 0x8
core   0: 3 0x8000b380 (0xff9ff06f)
core   0: 0x8000b378 (0x00002f17) auipc   t5, 0x2
core   0: 3 0x8000b378 (0x00002f17) x30 0x8000d378
core   0: 0x8000b37c (0xc83f2423) sw      gp, -888(t5)
core   0: 3 0x8000b37c (0xc83f2423) mem 0x8000d000 0x00000001
core   0: 0x8000b380 (0xff9ff06f) j       pc - 0x8
core   0: 3 0x8000b380 (0xff9ff06f)
core   0: 0x8000b378 (0x00002f17) auipc   t5, 0x2
core   0: 3 0x8000b378 (0x00002f17) x30 0x8000d378
core   0: 0x8000b37c (0xc83f2423) sw      gp, -888(t5)
core   0: 3 0x8000b37c (0xc83f2423) mem 0x8000d000 0x00000001
core   0: 0x8000b380 (0xff9ff06f) j       pc - 0x8
core   0: 3 0x8000b380 (0xff9ff06f)
core   0: 0x8000b378 (0x00002f17) auipc   t5, 0x2
core   0: 3 0x8000b378 (0x00002f17) x30 0x8000d378
core   0: 0x8000b37c (0xc83f2423) sw      gp, -888(t5)
core   0: 3 0x8000b37c (0xc83f2423) mem 0x8000d000 0x00000001
core   0: 0x8000b380 (0xff9ff06f) j       pc - 0x8
core   0: 3 0x8000b380 (0xff9ff06f)
core   0: 0x8000b378 (0x00002f17) auipc   t5, 0x2
core   0: 3 0x8000b378 (0x00002f17) x30 0x8000d378
core   0: 0x8000b37c (0xc83f2423) sw      gp, -888(t5)
core   0: 3 0x8000b37c (0xc83f2423) mem 0x8000d000 0x00000001
core   0: 0x8000b380 (0xff9ff06f) j       pc - 0x8
core   0: 3 0x8000b380 (0xff9ff06f)
core   0: 0x8000b378 (0x00002f17) auipc   t5, 0x2
core   0: 3 0x8000b378 (0x00002f17) x30 0x8000d378
core   0: 0x8000b37c (0xc83f2423) sw      gp, -888(t5)
core   0: 3 0x8000b37c (0xc83f2423) mem 0x8000d000 0x00000001
core   0: 0x8000b380 (0xff9ff06f) j       pc - 0x8
core   0: 3 0x8000b380 (0xff9ff06f)
core   0: 0x8000b378 (0x00002f17) auipc   t5, 0x2
core   0: 3 0x8000b378 (0x00002f17) x30 0x8000d378
core   0: 0x8000b37c (0xc83f2423) sw      gp, -888(t5)
core   0: 3 0x8000b37c (0xc83f2423) mem 0x8000d000 0x00000001
core   0: 0x8000b380 (0xff9ff06f) j       pc - 0x8
core   0: 3 0x8000b380 (0xff9ff06f)
core   0: 0x8000b378 (0x00002f17) auipc   t5, 0x2
core   0: 3 0x8000b378 (0x00002f17) x30 0x8000d378
core   0: 0x8000b37c (0xc83f2423) sw      gp, -888(t5)
core   0: 3 0x8000b37c (0xc83f2423) mem 0x8000d000 0x00000001
core   0: 0x8000b380 (0xff9ff06f) j       pc - 0x8
core   0: 3 0x8000b380 (0xff9ff06f)
core   0: 0x8000b378 (0x00002f17) auipc   t5, 0x2
core   0: 3 0x8000b378 (0x00002f17) x30 0x8000d378
core   0: 0x8000b37c (0xc83f2423) sw      gp, -888(t5)
core   0: 3 0x8000b37c (0xc83f2423) mem 0x8000d000 0x00000001
core   0: 0x8000b380 (0xff9ff06f) j       pc - 0x8
core   0: 3 0x8000b380 (0xff9ff06f)
core   0: 0x8000b378 (0x00002f17) auipc   t5, 0x2
core   0: 3 0x8000b378 (0x00002f17) x30 0x8000d378
core   0: 0x8000b37c (0xc83f2423) sw      gp, -888(t5)
core   0: 3 0x8000b37c (0xc83f2423) mem 0x8000d000 0x00000001
core   0: 0x8000b380 (0xff9ff06f) j       pc - 0x8
core   0: 3 0x8000b380 (0xff9ff06f)
core   0: 0x8000b378 (0x00002f17) auipc   t5, 0x2
core   0: 3 0x8000b378 (0x00002f17) x30 0x8000d378
core   0: 0x8000b37c (0xc83f2423) sw      gp, -888(t5)
core   0: 3 0x8000b37c (0xc83f2423) mem 0x8000d000 0x00000001
core   0: 0x8000b380 (0xff9ff06f) j       pc - 0x8
core   0: 3 0x8000b380 (0xff9ff06f)
core   0: 0x8000b378 (0x00002f17) auipc   t5, 0x2
core   0: 3 0x8000b378 (0x00002f17) x30 0x8000d378
core   0: 0x8000b37c (0xc83f2423) sw      gp, -888(t5)
core   0: 3 0x8000b37c (0xc83f2423) mem 0x8000d000 0x00000001
core   0: 0x8000b380 (0xff9ff06f) j       pc - 0x8
core   0: 3 0x8000b380 (0xff9ff06f)
core   0: 0x8000b378 (0x00002f17) auipc   t5, 0x2
core   0: 3 0x8000b378 (0x00002f17) x30 0x8000d378
core   0: 0x8000b37c (0xc83f2423) sw      gp, -888(t5)
core   0: 3 0x8000b37c (0xc83f2423) mem 0x8000d000 0x00000001
core   0: 0x8000b380 (0xff9ff06f) j       pc - 0x8
core   0: 3 0x8000b380 (0xff9ff06f)
core   0: 0x8000b378 (0x00002f17) auipc   t5, 0x2
core   0: 3 0x8000b378 (0x00002f17) x30 0x8000d378
core   0: 0x8000b37c (0xc83f2423) sw      gp, -888(t5)
core   0: 3 0x8000b37c (0xc83f2423) mem 0x8000d000 0x00000001
core   0: 0x8000b380 (0xff9ff06f) j       pc - 0x8
core   0: 3 0x8000b380 (0xff9ff06f)
core   0: 0x8000b378 (0x00002f17) auipc   t5, 0x2
core   0: 3 0x8000b378 (0x00002f17) x30 0x8000d378
core   0: 0x8000b37c (0xc83f2423) sw      gp, -888(t5)
core   0: 3 0x8000b37c (0xc83f2423) mem 0x8000d000 0x00000001
core   0: 0x8000b380 (0xff9ff06f) j       pc - 0x8
core   0: 3 0x8000b380 (0xff9ff06f)
core   0: 0x8000b378 (0x00002f17) auipc   t5, 0x2
core   0: 3 0x8000b378 (0x00002f17) x30 0x8000d378
core   0: 0x8000b37c (0xc83f2423) sw      gp, -888(t5)
core   0: 3 0x8000b37c (0xc83f2423) mem 0x8000d000 0x00000001
core   0: 0x8000b380 (0xff9ff06f) j       pc - 0x8
core   0: 3 0x8000b380 (0xff9ff06f)
core   0: 0x8000b378 (0x00002f17) auipc   t5, 0x2
core   0: 3 0x8000b378 (0x00002f17) x30 0x8000d378
core   0: 0x8000b37c (0xc83f2423) sw      gp, -888(t5)
core   0: 3 0x8000b37c (0xc83f2423) mem 0x8000d000 0x00000001
core   0: 0x8000b380 (0xff9ff06f) j       pc - 0x8
core   0: 3 0x8000b380 (0xff9ff06f)
core   0: 0x8000b378 (0x00002f17) auipc   t5, 0x2
core   0: 3 0x8000b378 (0x00002f17) x30 0x8000d378
core   0: 0x8000b37c (0xc83f2423) sw      gp, -888(t5)
core   0: 3 0x8000b37c (0xc83f2423) mem 0x8000d000 0x00000001
core   0: 0x8000b380 (0xff9ff06f) j       pc - 0x8
core   0: 3 0x8000b380 (0xff9ff06f)
core   0: 0x8000b378 (0x00002f17) auipc   t5, 0x2
core   0: 3 0x8000b378 (0x00002f17) x30 0x8000d378
core   0: 0x8000b37c (0xc83f2423) sw      gp, -888(t5)
core   0: 3 0x8000b37c (0xc83f2423) mem 0x8000d000 0x00000001
core   0: 0x8000b380 (0xff9ff06f) j       pc - 0x8
core   0: 3 0x8000b380 (0xff9ff06f)
core   0: 0x8000b378 (0x00002f17) auipc   t5, 0x2
core   0: 3 0x8000b378 (0x00002f17) x30 0x8000d378
core   0: 0x8000b37c (0xc83f2423) sw      gp, -888(t5)
core   0: 3 0x8000b37c (0xc83f2423) mem 0x8000d000 0x00000001
core   0: 0x8000b380 (0xff9ff06f) j       pc - 0x8
core   0: 3 0x8000b380 (0xff9ff06f)
core   0: 0x8000b378 (0x00002f17) auipc   t5, 0x2
core   0: 3 0x8000b378 (0x00002f17) x30 0x8000d378
core   0: 0x8000b37c (0xc83f2423) sw      gp, -888(t5)
core   0: 3 0x8000b37c (0xc83f2423) mem 0x8000d000 0x00000001
core   0: 0x8000b380 (0xff9ff06f) j       pc - 0x8
core   0: 3 0x8000b380 (0xff9ff06f)
core   0: 0x8000b378 (0x00002f17) auipc   t5, 0x2
core   0: 3 0x8000b378 (0x00002f17) x30 0x8000d378
core   0: 0x8000b37c (0xc83f2423) sw      gp, -888(t5)
core   0: 3 0x8000b37c (0xc83f2423) mem 0x8000d000 0x00000001
core   0: 0x8000b380 (0xff9ff06f) j       pc - 0x8
core   0: 3 0x8000b380 (0xff9ff06f)
core   0: 0x8000b378 (0x00002f17) auipc   t5, 0x2
core   0: 3 0x8000b378 (0x00002f17) x30 0x8000d378
core   0: 0x8000b37c (0xc83f2423) sw      gp, -888(t5)
core   0: 3 0x8000b37c (0xc83f2423) mem 0x8000d000 0x00000001
core   0: 0x8000b380 (0xff9ff06f) j       pc - 0x8
core   0: 3 0x8000b380 (0xff9ff06f)
core   0: 0x8000b378 (0x00002f17) auipc   t5, 0x2
core   0: 3 0x8000b378 (0x00002f17) x30 0x8000d378
core   0: 0x8000b37c (0xc83f2423) sw      gp, -888(t5)
core   0: 3 0x8000b37c (0xc83f2423) mem 0x8000d000 0x00000001
core   0: 0x8000b380 (0xff9ff06f) j       pc - 0x8
core   0: 3 0x8000b380 (0xff9ff06f)
core   0: 0x8000b378 (0x00002f17) auipc   t5, 0x2
core   0: 3 0x8000b378 (0x00002f17) x30 0x8000d378
core   0: 0x8000b37c (0xc83f2423) sw      gp, -888(t5)
core   0: 3 0x8000b37c (0xc83f2423) mem 0x8000d000 0x00000001
core   0: 0x8000b380 (0xff9ff06f) j       pc - 0x8
core   0: 3 0x8000b380 (0xff9ff06f)
core   0: 0x8000b378 (0x00002f17) auipc   t5, 0x2
core   0: 3 0x8000b378 (0x00002f17) x30 0x8000d378
core   0: 0x8000b37c (0xc83f2423) sw      gp, -888(t5)
core   0: 3 0x8000b37c (0xc83f2423) mem 0x8000d000 0x00000001
core   0: 0x8000b380 (0xff9ff06f) j       pc - 0x8
core   0: 3 0x8000b380 (0xff9ff06f)
core   0: 0x8000b378 (0x00002f17) auipc   t5, 0x2
core   0: 3 0x8000b378 (0x00002f17) x30 0x8000d378
core   0: 0x8000b37c (0xc83f2423) sw      gp, -888(t5)
core   0: 3 0x8000b37c (0xc83f2423) mem 0x8000d000 0x00000001
core   0: 0x8000b380 (0xff9ff06f) j       pc - 0x8
core   0: 3 0x8000b380 (0xff9ff06f)
core   0: 0x8000b378 (0x00002f17) auipc   t5, 0x2
core   0: 3 0x8000b378 (0x00002f17) x30 0x8000d378
core   0: 0x8000b37c (0xc83f2423) sw      gp, -888(t5)
core   0: 3 0x8000b37c (0xc83f2423) mem 0x8000d000 0x00000001
core   0: 0x8000b380 (0xff9ff06f) j       pc - 0x8
core   0: 3 0x8000b380 (0xff9ff06f)
core   0: 0x8000b378 (0x00002f17) auipc   t5, 0x2
core   0: 3 0x8000b378 (0x00002f17) x30 0x8000d378
core   0: 0x8000b37c (0xc83f2423) sw      gp, -888(t5)
core   0: 3 0x8000b37c (0xc83f2423) mem 0x8000d000 0x00000001
core   0: 0x8000b380 (0xff9ff06f) j       pc - 0x8
core   0: 3 0x8000b380 (0xff9ff06f)
core   0: 0x8000b378 (0x00002f17) auipc   t5, 0x2
core   0: 3 0x8000b378 (0x00002f17) x30 0x8000d378
core   0: 0x8000b37c (0xc83f2423) sw      gp, -888(t5)
core   0: 3 0x8000b37c (0xc83f2423) mem 0x8000d000 0x00000001
core   0: 0x8000b380 (0xff9ff06f) j       pc - 0x8
core   0: 3 0x8000b380 (0xff9ff06f)
core   0: 0x8000b378 (0x00002f17) auipc   t5, 0x2
core   0: 3 0x8000b378 (0x00002f17) x30 0x8000d378
core   0: 0x8000b37c (0xc83f2423) sw      gp, -888(t5)
core   0: 3 0x8000b37c (0xc83f2423) mem 0x8000d000 0x00000001
core   0: 0x8000b380 (0xff9ff06f) j       pc - 0x8
core   0: 3 0x8000b380 (0xff9ff06f)
core   0: 0x8000b378 (0x00002f17) auipc   t5, 0x2
core   0: 3 0x8000b378 (0x00002f17) x30 0x8000d378
core   0: 0x8000b37c (0xc83f2423) sw      gp, -888(t5)
core   0: 3 0x8000b37c (0xc83f2423) mem 0x8000d000 0x00000001
core   0: 0x8000b380 (0xff9ff06f) j       pc - 0x8
core   0: 3 0x8000b380 (0xff9ff06f)
core   0: 0x8000b378 (0x00002f17) auipc   t5, 0x2
core   0: 3 0x8000b378 (0x00002f17) x30 0x8000d378
core   0: 0x8000b37c (0xc83f2423) sw      gp, -888(t5)
core   0: 3 0x8000b37c (0xc83f2423) mem 0x8000d000 0x00000001
core   0: 0x8000b380 (0xff9ff06f) j       pc - 0x8
core   0: 3 0x8000b380 (0xff9ff06f)
core   0: 0x8000b378 (0x00002f17) auipc   t5, 0x2
core   0: 3 0x8000b378 (0x00002f17) x30 0x8000d378
core   0: 0x8000b37c (0xc83f2423) sw      gp, -888(t5)
core   0: 3 0x8000b37c (0xc83f2423) mem 0x8000d000 0x00000001
core   0: 0x8000b380 (0xff9ff06f) j       pc - 0x8
core   0: 3 0x8000b380 (0xff9ff06f)
core   0: 0x8000b378 (0x00002f17) auipc   t5, 0x2
core   0: 3 0x8000b378 (0x00002f17) x30 0x8000d378
core   0: 0x8000b37c (0xc83f2423) sw      gp, -888(t5)
core   0: 3 0x8000b37c (0xc83f2423) mem 0x8000d000 0x00000001
core   0: 0x8000b380 (0xff9ff06f) j       pc - 0x8
core   0: 3 0x8000b380 (0xff9ff06f)
core   0: 0x8000b378 (0x00002f17) auipc   t5, 0x2
core   0: 3 0x8000b378 (0x00002f17) x30 0x8000d378
core   0: 0x8000b37c (0xc83f2423) sw      gp, -888(t5)
core   0: 3 0x8000b37c (0xc83f2423) mem 0x8000d000 0x00000001
core   0: 0x8000b380 (0xff9ff06f) j       pc - 0x8
core   0: 3 0x8000b380 (0xff9ff06f)
core   0: 0x8000b378 (0x00002f17) auipc   t5, 0x2
core   0: 3 0x8000b378 (0x00002f17) x30 0x8000d378
core   0: 0x8000b37c (0xc83f2423) sw      gp, -888(t5)
core   0: 3 0x8000b37c (0xc83f2423) mem 0x8000d000 0x00000001
core   0: 0x8000b380 (0xff9ff06f) j       pc - 0x8
core   0: 3 0x8000b380 (0xff9ff06f)
core   0: 0x8000b378 (0x00002f17) auipc   t5, 0x2
core   0: 3 0x8000b378 (0x00002f17) x30 0x8000d378
core   0: 0x8000b37c (0xc83f2423) sw      gp, -888(t5)
core   0: 3 0x8000b37c (0xc83f2423) mem 0x8000d000 0x00000001
core   0: 0x8000b380 (0xff9ff06f) j       pc - 0x8
core   0: 3 0x8000b380 (0xff9ff06f)
core   0: 0x8000b378 (0x00002f17) auipc   t5, 0x2
core   0: 3 0x8000b378 (0x00002f17) x30 0x8000d378
core   0: 0x8000b37c (0xc83f2423) sw      gp, -888(t5)
core   0: 3 0x8000b37c (0xc83f2423) mem 0x8000d000 0x00000001
core   0: 0x8000b380 (0xff9ff06f) j       pc - 0x8
core   0: 3 0x8000b380 (0xff9ff06f)
core   0: 0x8000b378 (0x00002f17) auipc   t5, 0x2
core   0: 3 0x8000b378 (0x00002f17) x30 0x8000d378
core   0: 0x8000b37c (0xc83f2423) sw      gp, -888(t5)
core   0: 3 0x8000b37c (0xc83f2423) mem 0x8000d000 0x00000001
core   0: 0x8000b380 (0xff9ff06f) j       pc - 0x8
core   0: 3 0x8000b380 (0xff9ff06f)
core   0: 0x8000b378 (0x00002f17) auipc   t5, 0x2
core   0: 3 0x8000b378 (0x00002f17) x30 0x8000d378
core   0: 0x8000b37c (0xc83f2423) sw      gp, -888(t5)
core   0: 3 0x8000b37c (0xc83f2423) mem 0x8000d000 0x00000001
core   0: 0x8000b380 (0xff9ff06f) j       pc - 0x8
core   0: 3 0x8000b380 (0xff9ff06f)
core   0: 0x8000b378 (0x00002f17) auipc   t5, 0x2
core   0: 3 0x8000b378 (0x00002f17) x30 0x8000d378
core   0: 0x8000b37c (0xc83f2423) sw      gp, -888(t5)
core   0: 3 0x8000b37c (0xc83f2423) mem 0x8000d000 0x00000001
core   0: 0x8000b380 (0xff9ff06f) j       pc - 0x8
core   0: 3 0x8000b380 (0xff9ff06f)
core   0: 0x8000b378 (0x00002f17) auipc   t5, 0x2
core   0: 3 0x8000b378 (0x00002f17) x30 0x8000d378
core   0: 0x8000b37c (0xc83f2423) sw      gp, -888(t5)
core   0: 3 0x8000b37c (0xc83f2423) mem 0x8000d000 0x00000001
core   0: 0x8000b380 (0xff9ff06f) j       pc - 0x8
core   0: 3 0x8000b380 (0xff9ff06f)
core   0: 0x8000b378 (0x00002f17) auipc   t5, 0x2
core   0: 3 0x8000b378 (0x00002f17) x30 0x8000d378
core   0: 0x8000b37c (0xc83f2423) sw      gp, -888(t5)
core   0: 3 0x8000b37c (0xc83f2423) mem 0x8000d000 0x00000001
core   0: 0x8000b380 (0xff9ff06f) j       pc - 0x8
core   0: 3 0x8000b380 (0xff9ff06f)
core   0: 0x8000b378 (0x00002f17) auipc   t5, 0x2
core   0: 3 0x8000b378 (0x00002f17) x30 0x8000d378
core   0: 0x8000b37c (0xc83f2423) sw      gp, -888(t5)
core   0: 3 0x8000b37c (0xc83f2423) mem 0x8000d000 0x00000001
core   0: 0x8000b380 (0xff9ff06f) j       pc - 0x8
core   0: 3 0x8000b380 (0xff9ff06f)
core   0: 0x8000b378 (0x00002f17) auipc   t5, 0x2
core   0: 3 0x8000b378 (0x00002f17) x30 0x8000d378
core   0: 0x8000b37c (0xc83f2423) sw      gp, -888(t5)
core   0: 3 0x8000b37c (0xc83f2423) mem 0x8000d000 0x00000001
core   0: 0x8000b380 (0xff9ff06f) j       pc - 0x8
core   0: 3 0x8000b380 (0xff9ff06f)
core   0: 0x8000b378 (0x00002f17) auipc   t5, 0x2
core   0: 3 0x8000b378 (0x00002f17) x30 0x8000d378
core   0: 0x8000b37c (0xc83f2423) sw      gp, -888(t5)
core   0: 3 0x8000b37c (0xc83f2423) mem 0x8000d000 0x00000001
core   0: 0x8000b380 (0xff9ff06f) j       pc - 0x8
core   0: 3 0x8000b380 (0xff9ff06f)
core   0: 0x8000b378 (0x00002f17) auipc   t5, 0x2
core   0: 3 0x8000b378 (0x00002f17) x30 0x8000d378
core   0: 0x8000b37c (0xc83f2423) sw      gp, -888(t5)
core   0: 3 0x8000b37c (0xc83f2423) mem 0x8000d000 0x00000001
core   0: 0x8000b380 (0xff9ff06f) j       pc - 0x8
core   0: 3 0x8000b380 (0xff9ff06f)
core   0: 0x8000b378 (0x00002f17) auipc   t5, 0x2
core   0: 3 0x8000b378 (0x00002f17) x30 0x8000d378
core   0: 0x8000b37c (0xc83f2423) sw      gp, -888(t5)
core   0: 3 0x8000b37c (0xc83f2423) mem 0x8000d000 0x00000001
core   0: 0x8000b380 (0xff9ff06f) j       pc - 0x8
core   0: 3 0x8000b380 (0xff9ff06f)
core   0: 0x8000b378 (0x00002f17) auipc   t5, 0x2
core   0: 3 0x8000b378 (0x00002f17) x30 0x8000d378
core   0: 0x8000b37c (0xc83f2423) sw      gp, -888(t5)
core   0: 3 0x8000b37c (0xc83f2423) mem 0x8000d000 0x00000001
core   0: 0x8000b380 (0xff9ff06f) j       pc - 0x8
core   0: 3 0x8000b380 (0xff9ff06f)
core   0: 0x8000b378 (0x00002f17) auipc   t5, 0x2
core   0: 3 0x8000b378 (0x00002f17) x30 0x8000d378
core   0: 0x8000b37c (0xc83f2423) sw      gp, -888(t5)
core   0: 3 0x8000b37c (0xc83f2423) mem 0x8000d000 0x00000001
core   0: 0x8000b380 (0xff9ff06f) j       pc - 0x8
core   0: 3 0x8000b380 (0xff9ff06f)
core   0: 0x8000b378 (0x00002f17) auipc   t5, 0x2
core   0: 3 0x8000b378 (0x00002f17) x30 0x8000d378
core   0: 0x8000b37c (0xc83f2423) sw      gp, -888(t5)
core   0: 3 0x8000b37c (0xc83f2423) mem 0x8000d000 0x00000001
core   0: 0x8000b380 (0xff9ff06f) j       pc - 0x8
core   0: 3 0x8000b380 (0xff9ff06f)
core   0: 0x8000b378 (0x00002f17) auipc   t5, 0x2
core   0: 3 0x8000b378 (0x00002f17) x30 0x8000d378
core   0: 0x8000b37c (0xc83f2423) sw      gp, -888(t5)
core   0: 3 0x8000b37c (0xc83f2423) mem 0x8000d000 0x00000001
core   0: 0x8000b380 (0xff9ff06f) j       pc - 0x8
core   0: 3 0x8000b380 (0xff9ff06f)
core   0: 0x8000b378 (0x00002f17) auipc   t5, 0x2
core   0: 3 0x8000b378 (0x00002f17) x30 0x8000d378
core   0: 0x8000b37c (0xc83f2423) sw      gp, -888(t5)
core   0: 3 0x8000b37c (0xc83f2423) mem 0x8000d000 0x00000001
core   0: 0x8000b380 (0xff9ff06f) j       pc - 0x8
core   0: 3 0x8000b380 (0xff9ff06f)
core   0: 0x8000b378 (0x00002f17) auipc   t5, 0x2
core   0: 3 0x8000b378 (0x00002f17) x30 0x8000d378
core   0: 0x8000b37c (0xc83f2423) sw      gp, -888(t5)
core   0: 3 0x8000b37c (0xc83f2423) mem 0x8000d000 0x00000001
core   0: 0x8000b380 (0xff9ff06f) j       pc - 0x8
core   0: 3 0x8000b380 (0xff9ff06f)
core   0: 0x8000b378 (0x00002f17) auipc   t5, 0x2
core   0: 3 0x8000b378 (0x00002f17) x30 0x8000d378
core   0: 0x8000b37c (0xc83f2423) sw      gp, -888(t5)
core   0: 3 0x8000b37c (0xc83f2423) mem 0x8000d000 0x00000001
core   0: 0x8000b380 (0xff9ff06f) j       pc - 0x8
core   0: 3 0x8000b380 (0xff9ff06f)
core   0: 0x8000b378 (0x00002f17) auipc   t5, 0x2
core   0: 3 0x8000b378 (0x00002f17) x30 0x8000d378
core   0: 0x8000b37c (0xc83f2423) sw      gp, -888(t5)
core   0: 3 0x8000b37c (0xc83f2423) mem 0x8000d000 0x00000001
core   0: 0x8000b380 (0xff9ff06f) j       pc - 0x8
core   0: 3 0x8000b380 (0xff9ff06f)
core   0: 0x8000b378 (0x00002f17) auipc   t5, 0x2
core   0: 3 0x8000b378 (0x00002f17) x30 0x8000d378
core   0: 0x8000b37c (0xc83f2423) sw      gp, -888(t5)
core   0: 3 0x8000b37c (0xc83f2423) mem 0x8000d000 0x00000001
core   0: 0x8000b380 (0xff9ff06f) j       pc - 0x8
core   0: 3 0x8000b380 (0xff9ff06f)
core   0: 0x8000b378 (0x00002f17) auipc   t5, 0x2
core   0: 3 0x8000b378 (0x00002f17) x30 0x8000d378
core   0: 0x8000b37c (0xc83f2423) sw      gp, -888(t5)
core   0: 3 0x8000b37c (0xc83f2423) mem 0x8000d000 0x00000001
core   0: 0x8000b380 (0xff9ff06f) j       pc - 0x8
core   0: 3 0x8000b380 (0xff9ff06f)
core   0: 0x8000b378 (0x00002f17) auipc   t5, 0x2
core   0: 3 0x8000b378 (0x00002f17) x30 0x8000d378
core   0: 0x8000b37c (0xc83f2423) sw      gp, -888(t5)
core   0: 3 0x8000b37c (0xc83f2423) mem 0x8000d000 0x00000001
core   0: 0x8000b380 (0xff9ff06f) j       pc - 0x8
core   0: 3 0x8000b380 (0xff9ff06f)
core   0: 0x8000b378 (0x00002f17) auipc   t5, 0x2
core   0: 3 0x8000b378 (0x00002f17) x30 0x8000d378
core   0: 0x8000b37c (0xc83f2423) sw      gp, -888(t5)
core   0: 3 0x8000b37c (0xc83f2423) mem 0x8000d000 0x00000001
core   0: 0x8000b380 (0xff9ff06f) j       pc - 0x8
core   0: 3 0x8000b380 (0xff9ff06f)
core   0: 0x8000b378 (0x00002f17) auipc   t5, 0x2
core   0: 3 0x8000b378 (0x00002f17) x30 0x8000d378
core   0: 0x8000b37c (0xc83f2423) sw      gp, -888(t5)
core   0: 3 0x8000b37c (0xc83f2423) mem 0x8000d000 0x00000001
core   0: 0x8000b380 (0xff9ff06f) j       pc - 0x8
core   0: 3 0x8000b380 (0xff9ff06f)
core   0: 0x8000b378 (0x00002f17) auipc   t5, 0x2
core   0: 3 0x8000b378 (0x00002f17) x30 0x8000d378
core   0: 0x8000b37c (0xc83f2423) sw      gp, -888(t5)
core   0: 3 0x8000b37c (0xc83f2423) mem 0x8000d000 0x00000001
core   0: 0x8000b380 (0xff9ff06f) j       pc - 0x8
core   0: 3 0x8000b380 (0xff9ff06f)
core   0: 0x8000b378 (0x00002f17) auipc   t5, 0x2
core   0: 3 0x8000b378 (0x00002f17) x30 0x8000d378
core   0: 0x8000b37c (0xc83f2423) sw      gp, -888(t5)
core   0: 3 0x8000b37c (0xc83f2423) mem 0x8000d000 0x00000001
core   0: 0x8000b380 (0xff9ff06f) j       pc - 0x8
core   0: 3 0x8000b380 (0xff9ff06f)
core   0: 0x8000b378 (0x00002f17) auipc   t5, 0x2
core   0: 3 0x8000b378 (0x00002f17) x30 0x8000d378
core   0: 0x8000b37c (0xc83f2423) sw      gp, -888(t5)
core   0: 3 0x8000b37c (0xc83f2423) mem 0x8000d000 0x00000001
core   0: 0x8000b380 (0xff9ff06f) j       pc - 0x8
core   0: 3 0x8000b380 (0xff9ff06f)
core   0: 0x8000b378 (0x00002f17) auipc   t5, 0x2
core   0: 3 0x8000b378 (0x00002f17) x30 0x8000d378
core   0: 0x8000b37c (0xc83f2423) sw      gp, -888(t5)
core   0: 3 0x8000b37c (0xc83f2423) mem 0x8000d000 0x00000001
core   0: 0x8000b380 (0xff9ff06f) j       pc - 0x8
core   0: 3 0x8000b380 (0xff9ff06f)
core   0: 0x8000b378 (0x00002f17) auipc   t5, 0x2
core   0: 3 0x8000b378 (0x00002f17) x30 0x8000d378
core   0: 0x8000b37c (0xc83f2423) sw      gp, -888(t5)
core   0: 3 0x8000b37c (0xc83f2423) mem 0x8000d000 0x00000001
core   0: 0x8000b380 (0xff9ff06f) j       pc - 0x8
core   0: 3 0x8000b380 (0xff9ff06f)
core   0: 0x8000b378 (0x00002f17) auipc   t5, 0x2
core   0: 3 0x8000b378 (0x00002f17) x30 0x8000d378
core   0: 0x8000b37c (0xc83f2423) sw      gp, -888(t5)
core   0: 3 0x8000b37c (0xc83f2423) mem 0x8000d000 0x00000001
core   0: 0x8000b380 (0xff9ff06f) j       pc - 0x8
core   0: 3 0x8000b380 (0xff9ff06f)
core   0: 0x8000b378 (0x00002f17) auipc   t5, 0x2
core   0: 3 0x8000b378 (0x00002f17) x30 0x8000d378
core   0: 0x8000b37c (0xc83f2423) sw      gp, -888(t5)
core   0: 3 0x8000b37c (0xc83f2423) mem 0x8000d000 0x00000001
core   0: 0x8000b380 (0xff9ff06f) j       pc - 0x8
core   0: 3 0x8000b380 (0xff9ff06f)
core   0: 0x8000b378 (0x00002f17) auipc   t5, 0x2
core   0: 3 0x8000b378 (0x00002f17) x30 0x8000d378
core   0: 0x8000b37c (0xc83f2423) sw      gp, -888(t5)
core   0: 3 0x8000b37c (0xc83f2423) mem 0x8000d000 0x00000001
core   0: 0x8000b380 (0xff9ff06f) j       pc - 0x8
core   0: 3 0x8000b380 (0xff9ff06f)
core   0: 0x8000b378 (0x00002f17) auipc   t5, 0x2
core   0: 3 0x8000b378 (0x00002f17) x30 0x8000d378
core   0: 0x8000b37c (0xc83f2423) sw      gp, -888(t5)
core   0: 3 0x8000b37c (0xc83f2423) mem 0x8000d000 0x00000001
core   0: 0x8000b380 (0xff9ff06f) j       pc - 0x8
core   0: 3 0x8000b380 (0xff9ff06f)
core   0: 0x8000b378 (0x00002f17) auipc   t5, 0x2
core   0: 3 0x8000b378 (0x00002f17) x30 0x8000d378
core   0: 0x8000b37c (0xc83f2423) sw      gp, -888(t5)
core   0: 3 0x8000b37c (0xc83f2423) mem 0x8000d000 0x00000001
core   0: 0x8000b380 (0xff9ff06f) j       pc - 0x8
core   0: 3 0x8000b380 (0xff9ff06f)
core   0: 0x8000b378 (0x00002f17) auipc   t5, 0x2
core   0: 3 0x8000b378 (0x00002f17) x30 0x8000d378
core   0: 0x8000b37c (0xc83f2423) sw      gp, -888(t5)
core   0: 3 0x8000b37c (0xc83f2423) mem 0x8000d000 0x00000001
core   0: 0x8000b380 (0xff9ff06f) j       pc - 0x8
core   0: 3 0x8000b380 (0xff9ff06f)
core   0: 0x8000b378 (0x00002f17) auipc   t5, 0x2
core   0: 3 0x8000b378 (0x00002f17) x30 0x8000d378
core   0: 0x8000b37c (0xc83f2423) sw      gp, -888(t5)
core   0: 3 0x8000b37c (0xc83f2423) mem 0x8000d000 0x00000001
core   0: 0x8000b380 (0xff9ff06f) j       pc - 0x8
core   0: 3 0x8000b380 (0xff9ff06f)
core   0: 0x8000b378 (0x00002f17) auipc   t5, 0x2
core   0: 3 0x8000b378 (0x00002f17) x30 0x8000d378
core   0: 0x8000b37c (0xc83f2423) sw      gp, -888(t5)
core   0: 3 0x8000b37c (0xc83f2423) mem 0x8000d000 0x00000001
core   0: 0x8000b380 (0xff9ff06f) j       pc - 0x8
core   0: 3 0x8000b380 (0xff9ff06f)
core   0: 0x8000b378 (0x00002f17) auipc   t5, 0x2
core   0: 3 0x8000b378 (0x00002f17) x30 0x8000d378
core   0: 0x8000b37c (0xc83f2423) sw      gp, -888(t5)
core   0: 3 0x8000b37c (0xc83f2423) mem 0x8000d000 0x00000001
core   0: 0x8000b380 (0xff9ff06f) j       pc - 0x8
core   0: 3 0x8000b380 (0xff9ff06f)
core   0: 0x8000b378 (0x00002f17) auipc   t5, 0x2
core   0: 3 0x8000b378 (0x00002f17) x30 0x8000d378
core   0: 0x8000b37c (0xc83f2423) sw      gp, -888(t5)
core   0: 3 0x8000b37c (0xc83f2423) mem 0x8000d000 0x00000001
core   0: 0x8000b380 (0xff9ff06f) j       pc - 0x8
core   0: 3 0x8000b380 (0xff9ff06f)
core   0: 0x8000b378 (0x00002f17) auipc   t5, 0x2
core   0: 3 0x8000b378 (0x00002f17) x30 0x8000d378
core   0: 0x8000b37c (0xc83f2423) sw      gp, -888(t5)
core   0: 3 0x8000b37c (0xc83f2423) mem 0x8000d000 0x00000001
core   0: 0x8000b380 (0xff9ff06f) j       pc - 0x8
core   0: 3 0x8000b380 (0xff9ff06f)
core   0: 0x8000b378 (0x00002f17) auipc   t5, 0x2
core   0: 3 0x8000b378 (0x00002f17) x30 0x8000d378
core   0: 0x8000b37c (0xc83f2423) sw      gp, -888(t5)
core   0: 3 0x8000b37c (0xc83f2423) mem 0x8000d000 0x00000001
core   0: 0x8000b380 (0xff9ff06f) j       pc - 0x8
core   0: 3 0x8000b380 (0xff9ff06f)
core   0: 0x8000b378 (0x00002f17) auipc   t5, 0x2
core   0: 3 0x8000b378 (0x00002f17) x30 0x8000d378
core   0: 0x8000b37c (0xc83f2423) sw      gp, -888(t5)
core   0: 3 0x8000b37c (0xc83f2423) mem 0x8000d000 0x00000001
core   0: 0x8000b380 (0xff9ff06f) j       pc - 0x8
core   0: 3 0x8000b380 (0xff9ff06f)
core   0: 0x8000b378 (0x00002f17) auipc   t5, 0x2
core   0: 3 0x8000b378 (0x00002f17) x30 0x8000d378
core   0: 0x8000b37c (0xc83f2423) sw      gp, -888(t5)
core   0: 3 0x8000b37c (0xc83f2423) mem 0x8000d000 0x00000001
core   0: 0x8000b380 (0xff9ff06f) j       pc - 0x8
core   0: 3 0x8000b380 (0xff9ff06f)
core   0: 0x8000b378 (0x00002f17) auipc   t5, 0x2
core   0: 3 0x8000b378 (0x00002f17) x30 0x8000d378
core   0: 0x8000b37c (0xc83f2423) sw      gp, -888(t5)
core   0: 3 0x8000b37c (0xc83f2423) mem 0x8000d000 0x00000001
core   0: 0x8000b380 (0xff9ff06f) j       pc - 0x8
core   0: 3 0x8000b380 (0xff9ff06f)
core   0: 0x8000b378 (0x00002f17) auipc   t5, 0x2
core   0: 3 0x8000b378 (0x00002f17) x30 0x8000d378
core   0: 0x8000b37c (0xc83f2423) sw      gp, -888(t5)
core   0: 3 0x8000b37c (0xc83f2423) mem 0x8000d000 0x00000001
core   0: 0x8000b380 (0xff9ff06f) j       pc - 0x8
core   0: 3 0x8000b380 (0xff9ff06f)
core   0: 0x8000b378 (0x00002f17) auipc   t5, 0x2
core   0: 3 0x8000b378 (0x00002f17) x30 0x8000d378
core   0: 0x8000b37c (0xc83f2423) sw      gp, -888(t5)
core   0: 3 0x8000b37c (0xc83f2423) mem 0x8000d000 0x00000001
core   0: 0x8000b380 (0xff9ff06f) j       pc - 0x8
core   0: 3 0x8000b380 (0xff9ff06f)
core   0: 0x8000b378 (0x00002f17) auipc   t5, 0x2
core   0: 3 0x8000b378 (0x00002f17) x30 0x8000d378
core   0: 0x8000b37c (0xc83f2423) sw      gp, -888(t5)
core   0: 3 0x8000b37c (0xc83f2423) mem 0x8000d000 0x00000001
core   0: 0x8000b380 (0xff9ff06f) j       pc - 0x8
core   0: 3 0x8000b380 (0xff9ff06f)
core   0: 0x8000b378 (0x00002f17) auipc   t5, 0x2
core   0: 3 0x8000b378 (0x00002f17) x30 0x8000d378
core   0: 0x8000b37c (0xc83f2423) sw      gp, -888(t5)
core   0: 3 0x8000b37c (0xc83f2423) mem 0x8000d000 0x00000001
core   0: 0x8000b380 (0xff9ff06f) j       pc - 0x8
core   0: 3 0x8000b380 (0xff9ff06f)
core   0: 0x8000b378 (0x00002f17) auipc   t5, 0x2
core   0: 3 0x8000b378 (0x00002f17) x30 0x8000d378
core   0: 0x8000b37c (0xc83f2423) sw      gp, -888(t5)
core   0: 3 0x8000b37c (0xc83f2423) mem 0x8000d000 0x00000001
core   0: 0x8000b380 (0xff9ff06f) j       pc - 0x8
core   0: 3 0x8000b380 (0xff9ff06f)
core   0: 0x8000b378 (0x00002f17) auipc   t5, 0x2
core   0: 3 0x8000b378 (0x00002f17) x30 0x8000d378
core   0: 0x8000b37c (0xc83f2423) sw      gp, -888(t5)
core   0: 3 0x8000b37c (0xc83f2423) mem 0x8000d000 0x00000001
core   0: 0x8000b380 (0xff9ff06f) j       pc - 0x8
core   0: 3 0x8000b380 (0xff9ff06f)
core   0: 0x8000b378 (0x00002f17) auipc   t5, 0x2
core   0: 3 0x8000b378 (0x00002f17) x30 0x8000d378
core   0: 0x8000b37c (0xc83f2423) sw      gp, -888(t5)
core   0: 3 0x8000b37c (0xc83f2423) mem 0x8000d000 0x00000001
core   0: 0x8000b380 (0xff9ff06f) j       pc - 0x8
core   0: 3 0x8000b380 (0xff9ff06f)
core   0: 0x8000b378 (0x00002f17) auipc   t5, 0x2
core   0: 3 0x8000b378 (0x00002f17) x30 0x8000d378
core   0: 0x8000b37c (0xc83f2423) sw      gp, -888(t5)
core   0: 3 0x8000b37c (0xc83f2423) mem 0x8000d000 0x00000001
core   0: 0x8000b380 (0xff9ff06f) j       pc - 0x8
core   0: 3 0x8000b380 (0xff9ff06f)
core   0: 0x8000b378 (0x00002f17) auipc   t5, 0x2
core   0: 3 0x8000b378 (0x00002f17) x30 0x8000d378
core   0: 0x8000b37c (0xc83f2423) sw      gp, -888(t5)
core   0: 3 0x8000b37c (0xc83f2423) mem 0x8000d000 0x00000001
core   0: 0x8000b380 (0xff9ff06f) j       pc - 0x8
core   0: 3 0x8000b380 (0xff9ff06f)
core   0: 0x8000b378 (0x00002f17) auipc   t5, 0x2
core   0: 3 0x8000b378 (0x00002f17) x30 0x8000d378
core   0: 0x8000b37c (0xc83f2423) sw      gp, -888(t5)
core   0: 3 0x8000b37c (0xc83f2423) mem 0x8000d000 0x00000001
core   0: 0x8000b380 (0xff9ff06f) j       pc - 0x8
core   0: 3 0x8000b380 (0xff9ff06f)
core   0: 0x8000b378 (0x00002f17) auipc   t5, 0x2
core   0: 3 0x8000b378 (0x00002f17) x30 0x8000d378
core   0: 0x8000b37c (0xc83f2423) sw      gp, -888(t5)
core   0: 3 0x8000b37c (0xc83f2423) mem 0x8000d000 0x00000001
core   0: 0x8000b380 (0xff9ff06f) j       pc - 0x8
core   0: 3 0x8000b380 (0xff9ff06f)
core   0: 0x8000b378 (0x00002f17) auipc   t5, 0x2
core   0: 3 0x8000b378 (0x00002f17) x30 0x8000d378
core   0: 0x8000b37c (0xc83f2423) sw      gp, -888(t5)
core   0: 3 0x8000b37c (0xc83f2423) mem 0x8000d000 0x00000001
core   0: 0x8000b380 (0xff9ff06f) j       pc - 0x8
core   0: 3 0x8000b380 (0xff9ff06f)
core   0: 0x8000b378 (0x00002f17) auipc   t5, 0x2
core   0: 3 0x8000b378 (0x00002f17) x30 0x8000d378
core   0: 0x8000b37c (0xc83f2423) sw      gp, -888(t5)
core   0: 3 0x8000b37c (0xc83f2423) mem 0x8000d000 0x00000001
core   0: 0x8000b380 (0xff9ff06f) j       pc - 0x8
core   0: 3 0x8000b380 (0xff9ff06f)
core   0: 0x8000b378 (0x00002f17) auipc   t5, 0x2
core   0: 3 0x8000b378 (0x00002f17) x30 0x8000d378
core   0: 0x8000b37c (0xc83f2423) sw      gp, -888(t5)
core   0: 3 0x8000b37c (0xc83f2423) mem 0x8000d000 0x00000001
core   0: 0x8000b380 (0xff9ff06f) j       pc - 0x8
core   0: 3 0x8000b380 (0xff9ff06f)
core   0: 0x8000b378 (0x00002f17) auipc   t5, 0x2
core   0: 3 0x8000b378 (0x00002f17) x30 0x8000d378
core   0: 0x8000b37c (0xc83f2423) sw      gp, -888(t5)
core   0: 3 0x8000b37c (0xc83f2423) mem 0x8000d000 0x00000001
core   0: 0x8000b380 (0xff9ff06f) j       pc - 0x8
core   0: 3 0x8000b380 (0xff9ff06f)
core   0: 0x8000b378 (0x00002f17) auipc   t5, 0x2
core   0: 3 0x8000b378 (0x00002f17) x30 0x8000d378
core   0: 0x8000b37c (0xc83f2423) sw      gp, -888(t5)
core   0: 3 0x8000b37c (0xc83f2423) mem 0x8000d000 0x00000001
core   0: 0x8000b380 (0xff9ff06f) j       pc - 0x8
core   0: 3 0x8000b380 (0xff9ff06f)
core   0: 0x8000b378 (0x00002f17) auipc   t5, 0x2
core   0: 3 0x8000b378 (0x00002f17) x30 0x8000d378
core   0: 0x8000b37c (0xc83f2423) sw      gp, -888(t5)
core   0: 3 0x8000b37c (0xc83f2423) mem 0x8000d000 0x00000001
core   0: 0x8000b380 (0xff9ff06f) j       pc - 0x8
core   0: 3 0x8000b380 (0xff9ff06f)
core   0: 0x8000b378 (0x00002f17) auipc   t5, 0x2
core   0: 3 0x8000b378 (0x00002f17) x30 0x8000d378
core   0: 0x8000b37c (0xc83f2423) sw      gp, -888(t5)
core   0: 3 0x8000b37c (0xc83f2423) mem 0x8000d000 0x00000001
core   0: 0x8000b380 (0xff9ff06f) j       pc - 0x8
core   0: 3 0x8000b380 (0xff9ff06f)
core   0: 0x8000b378 (0x00002f17) auipc   t5, 0x2
core   0: 3 0x8000b378 (0x00002f17) x30 0x8000d378
core   0: 0x8000b37c (0xc83f2423) sw      gp, -888(t5)
core   0: 3 0x8000b37c (0xc83f2423) mem 0x8000d000 0x00000001
core   0: 0x8000b380 (0xff9ff06f) j       pc - 0x8
core   0: 3 0x8000b380 (0xff9ff06f)
core   0: 0x8000b378 (0x00002f17) auipc   t5, 0x2
core   0: 3 0x8000b378 (0x00002f17) x30 0x8000d378
core   0: 0x8000b37c (0xc83f2423) sw      gp, -888(t5)
core   0: 3 0x8000b37c (0xc83f2423) mem 0x8000d000 0x00000001
core   0: 0x8000b380 (0xff9ff06f) j       pc - 0x8
core   0: 3 0x8000b380 (0xff9ff06f)
core   0: 0x8000b378 (0x00002f17) auipc   t5, 0x2
core   0: 3 0x8000b378 (0x00002f17) x30 0x8000d378
core   0: 0x8000b37c (0xc83f2423) sw      gp, -888(t5)
core   0: 3 0x8000b37c (0xc83f2423) mem 0x8000d000 0x00000001
core   0: 0x8000b380 (0xff9ff06f) j       pc - 0x8
core   0: 3 0x8000b380 (0xff9ff06f)
core   0: 0x8000b378 (0x00002f17) auipc   t5, 0x2
core   0: 3 0x8000b378 (0x00002f17) x30 0x8000d378
core   0: 0x8000b37c (0xc83f2423) sw      gp, -888(t5)
core   0: 3 0x8000b37c (0xc83f2423) mem 0x8000d000 0x00000001
core   0: 0x8000b380 (0xff9ff06f) j       pc - 0x8
core   0: 3 0x8000b380 (0xff9ff06f)
core   0: 0x8000b378 (0x00002f17) auipc   t5, 0x2
core   0: 3 0x8000b378 (0x00002f17) x30 0x8000d378
core   0: 0x8000b37c (0xc83f2423) sw      gp, -888(t5)
core   0: 3 0x8000b37c (0xc83f2423) mem 0x8000d000 0x00000001
core   0: 0x8000b380 (0xff9ff06f) j       pc - 0x8
core   0: 3 0x8000b380 (0xff9ff06f)
core   0: 0x8000b378 (0x00002f17) auipc   t5, 0x2
core   0: 3 0x8000b378 (0x00002f17) x30 0x8000d378
core   0: 0x8000b37c (0xc83f2423) sw      gp, -888(t5)
core   0: 3 0x8000b37c (0xc83f2423) mem 0x8000d000 0x00000001
core   0: 0x8000b380 (0xff9ff06f) j       pc - 0x8
core   0: 3 0x8000b380 (0xff9ff06f)
core   0: 0x8000b378 (0x00002f17) auipc   t5, 0x2
core   0: 3 0x8000b378 (0x00002f17) x30 0x8000d378
core   0: 0x8000b37c (0xc83f2423) sw      gp, -888(t5)
core   0: 3 0x8000b37c (0xc83f2423) mem 0x8000d000 0x00000001
core   0: 0x8000b380 (0xff9ff06f) j       pc - 0x8
core   0: 3 0x8000b380 (0xff9ff06f)
core   0: 0x8000b378 (0x00002f17) auipc   t5, 0x2
core   0: 3 0x8000b378 (0x00002f17) x30 0x8000d378
core   0: 0x8000b37c (0xc83f2423) sw      gp, -888(t5)
core   0: 3 0x8000b37c (0xc83f2423) mem 0x8000d000 0x00000001
core   0: 0x8000b380 (0xff9ff06f) j       pc - 0x8
core   0: 3 0x8000b380 (0xff9ff06f)
core   0: 0x8000b378 (0x00002f17) auipc   t5, 0x2
core   0: 3 0x8000b378 (0x00002f17) x30 0x8000d378
core   0: 0x8000b37c (0xc83f2423) sw      gp, -888(t5)
core   0: 3 0x8000b37c (0xc83f2423) mem 0x8000d000 0x00000001
core   0: 0x8000b380 (0xff9ff06f) j       pc - 0x8
core   0: 3 0x8000b380 (0xff9ff06f)
core   0: 0x8000b378 (0x00002f17) auipc   t5, 0x2
core   0: 3 0x8000b378 (0x00002f17) x30 0x8000d378
core   0: 0x8000b37c (0xc83f2423) sw      gp, -888(t5)
core   0: 3 0x8000b37c (0xc83f2423) mem 0x8000d000 0x00000001
core   0: 0x8000b380 (0xff9ff06f) j       pc - 0x8
core   0: 3 0x8000b380 (0xff9ff06f)
core   0: 0x8000b378 (0x00002f17) auipc   t5, 0x2
core   0: 3 0x8000b378 (0x00002f17) x30 0x8000d378
core   0: 0x8000b37c (0xc83f2423) sw      gp, -888(t5)
core   0: 3 0x8000b37c (0xc83f2423) mem 0x8000d000 0x00000001
core   0: 0x8000b380 (0xff9ff06f) j       pc - 0x8
core   0: 3 0x8000b380 (0xff9ff06f)
core   0: 0x8000b378 (0x00002f17) auipc   t5, 0x2
core   0: 3 0x8000b378 (0x00002f17) x30 0x8000d378
core   0: 0x8000b37c (0xc83f2423) sw      gp, -888(t5)
core   0: 3 0x8000b37c (0xc83f2423) mem 0x8000d000 0x00000001
core   0: 0x8000b380 (0xff9ff06f) j       pc - 0x8
core   0: 3 0x8000b380 (0xff9ff06f)
core   0: 0x8000b378 (0x00002f17) auipc   t5, 0x2
core   0: 3 0x8000b378 (0x00002f17) x30 0x8000d378
core   0: 0x8000b37c (0xc83f2423) sw      gp, -888(t5)
core   0: 3 0x8000b37c (0xc83f2423) mem 0x8000d000 0x00000001
core   0: 0x8000b380 (0xff9ff06f) j       pc - 0x8
core   0: 3 0x8000b380 (0xff9ff06f)
core   0: 0x8000b378 (0x00002f17) auipc   t5, 0x2
core   0: 3 0x8000b378 (0x00002f17) x30 0x8000d378
core   0: 0x8000b37c (0xc83f2423) sw      gp, -888(t5)
core   0: 3 0x8000b37c (0xc83f2423) mem 0x8000d000 0x00000001
core   0: 0x8000b380 (0xff9ff06f) j       pc - 0x8
core   0: 3 0x8000b380 (0xff9ff06f)
core   0: 0x8000b378 (0x00002f17) auipc   t5, 0x2
core   0: 3 0x8000b378 (0x00002f17) x30 0x8000d378
core   0: 0x8000b37c (0xc83f2423) sw      gp, -888(t5)
core   0: 3 0x8000b37c (0xc83f2423) mem 0x8000d000 0x00000001
core   0: 0x8000b380 (0xff9ff06f) j       pc - 0x8
core   0: 3 0x8000b380 (0xff9ff06f)
core   0: 0x8000b378 (0x00002f17) auipc   t5, 0x2
core   0: 3 0x8000b378 (0x00002f17) x30 0x8000d378
core   0: 0x8000b37c (0xc83f2423) sw      gp, -888(t5)
core   0: 3 0x8000b37c (0xc83f2423) mem 0x8000d000 0x00000001
core   0: 0x8000b380 (0xff9ff06f) j       pc - 0x8
core   0: 3 0x8000b380 (0xff9ff06f)
core   0: 0x8000b378 (0x00002f17) auipc   t5, 0x2
core   0: 3 0x8000b378 (0x00002f17) x30 0x8000d378
core   0: 0x8000b37c (0xc83f2423) sw      gp, -888(t5)
core   0: 3 0x8000b37c (0xc83f2423) mem 0x8000d000 0x00000001
core   0: 0x8000b380 (0xff9ff06f) j       pc - 0x8
core   0: 3 0x8000b380 (0xff9ff06f)
core   0: 0x8000b378 (0x00002f17) auipc   t5, 0x2
core   0: 3 0x8000b378 (0x00002f17) x30 0x8000d378
core   0: 0x8000b37c (0xc83f2423) sw      gp, -888(t5)
core   0: 3 0x8000b37c (0xc83f2423) mem 0x8000d000 0x00000001
core   0: 0x8000b380 (0xff9ff06f) j       pc - 0x8
core   0: 3 0x8000b380 (0xff9ff06f)
core   0: 0x8000b378 (0x00002f17) auipc   t5, 0x2
core   0: 3 0x8000b378 (0x00002f17) x30 0x8000d378
core   0: 0x8000b37c (0xc83f2423) sw      gp, -888(t5)
core   0: 3 0x8000b37c (0xc83f2423) mem 0x8000d000 0x00000001
core   0: 0x8000b380 (0xff9ff06f) j       pc - 0x8
core   0: 3 0x8000b380 (0xff9ff06f)
core   0: 0x8000b378 (0x00002f17) auipc   t5, 0x2
core   0: 3 0x8000b378 (0x00002f17) x30 0x8000d378
core   0: 0x8000b37c (0xc83f2423) sw      gp, -888(t5)
core   0: 3 0x8000b37c (0xc83f2423) mem 0x8000d000 0x00000001
core   0: 0x8000b380 (0xff9ff06f) j       pc - 0x8
core   0: 3 0x8000b380 (0xff9ff06f)
core   0: 0x8000b378 (0x00002f17) auipc   t5, 0x2
core   0: 3 0x8000b378 (0x00002f17) x30 0x8000d378
core   0: 0x8000b37c (0xc83f2423) sw      gp, -888(t5)
core   0: 3 0x8000b37c (0xc83f2423) mem 0x8000d000 0x00000001
core   0: 0x8000b380 (0xff9ff06f) j       pc - 0x8
core   0: 3 0x8000b380 (0xff9ff06f)
core   0: 0x8000b378 (0x00002f17) auipc   t5, 0x2
core   0: 3 0x8000b378 (0x00002f17) x30 0x8000d378
core   0: 0x8000b37c (0xc83f2423) sw      gp, -888(t5)
core   0: 3 0x8000b37c (0xc83f2423) mem 0x8000d000 0x00000001
core   0: 0x8000b380 (0xff9ff06f) j       pc - 0x8
core   0: 3 0x8000b380 (0xff9ff06f)
core   0: 0x8000b378 (0x00002f17) auipc   t5, 0x2
core   0: 3 0x8000b378 (0x00002f17) x30 0x8000d378
core   0: 0x8000b37c (0xc83f2423) sw      gp, -888(t5)
core   0: 3 0x8000b37c (0xc83f2423) mem 0x8000d000 0x00000001
core   0: 0x8000b380 (0xff9ff06f) j       pc - 0x8
core   0: 3 0x8000b380 (0xff9ff06f)
core   0: 0x8000b378 (0x00002f17) auipc   t5, 0x2
core   0: 3 0x8000b378 (0x00002f17) x30 0x8000d378
core   0: 0x8000b37c (0xc83f2423) sw      gp, -888(t5)
core   0: 3 0x8000b37c (0xc83f2423) mem 0x8000d000 0x00000001
core   0: 0x8000b380 (0xff9ff06f) j       pc - 0x8
core   0: 3 0x8000b380 (0xff9ff06f)
core   0: 0x8000b378 (0x00002f17) auipc   t5, 0x2
core   0: 3 0x8000b378 (0x00002f17) x30 0x8000d378
core   0: 0x8000b37c (0xc83f2423) sw      gp, -888(t5)
core   0: 3 0x8000b37c (0xc83f2423) mem 0x8000d000 0x00000001
core   0: 0x8000b380 (0xff9ff06f) j       pc - 0x8
core   0: 3 0x8000b380 (0xff9ff06f)
core   0: 0x8000b378 (0x00002f17) auipc   t5, 0x2
core   0: 3 0x8000b378 (0x00002f17) x30 0x8000d378
core   0: 0x8000b37c (0xc83f2423) sw      gp, -888(t5)
core   0: 3 0x8000b37c (0xc83f2423) mem 0x8000d000 0x00000001
core   0: 0x8000b380 (0xff9ff06f) j       pc - 0x8
core   0: 3 0x8000b380 (0xff9ff06f)
core   0: 0x8000b378 (0x00002f17) auipc   t5, 0x2
core   0: 3 0x8000b378 (0x00002f17) x30 0x8000d378
core   0: 0x8000b37c (0xc83f2423) sw      gp, -888(t5)
core   0: 3 0x8000b37c (0xc83f2423) mem 0x8000d000 0x00000001
core   0: 0x8000b380 (0xff9ff06f) j       pc - 0x8
core   0: 3 0x8000b380 (0xff9ff06f)
core   0: 0x8000b378 (0x00002f17) auipc   t5, 0x2
core   0: 3 0x8000b378 (0x00002f17) x30 0x8000d378
core   0: 0x8000b37c (0xc83f2423) sw      gp, -888(t5)
core   0: 3 0x8000b37c (0xc83f2423) mem 0x8000d000 0x00000001
core   0: 0x8000b380 (0xff9ff06f) j       pc - 0x8
core   0: 3 0x8000b380 (0xff9ff06f)
core   0: 0x8000b378 (0x00002f17) auipc   t5, 0x2
core   0: 3 0x8000b378 (0x00002f17) x30 0x8000d378
core   0: 0x8000b37c (0xc83f2423) sw      gp, -888(t5)
core   0: 3 0x8000b37c (0xc83f2423) mem 0x8000d000 0x00000001
core   0: 0x8000b380 (0xff9ff06f) j       pc - 0x8
core   0: 3 0x8000b380 (0xff9ff06f)
core   0: 0x8000b378 (0x00002f17) auipc   t5, 0x2
core   0: 3 0x8000b378 (0x00002f17) x30 0x8000d378
core   0: 0x8000b37c (0xc83f2423) sw      gp, -888(t5)
core   0: 3 0x8000b37c (0xc83f2423) mem 0x8000d000 0x00000001
core   0: 0x8000b380 (0xff9ff06f) j       pc - 0x8
core   0: 3 0x8000b380 (0xff9ff06f)
core   0: 0x8000b378 (0x00002f17) auipc   t5, 0x2
core   0: 3 0x8000b378 (0x00002f17) x30 0x8000d378
core   0: 0x8000b37c (0xc83f2423) sw      gp, -888(t5)
core   0: 3 0x8000b37c (0xc83f2423) mem 0x8000d000 0x00000001
core   0: 0x8000b380 (0xff9ff06f) j       pc - 0x8
core   0: 3 0x8000b380 (0xff9ff06f)
core   0: 0x8000b378 (0x00002f17) auipc   t5, 0x2
core   0: 3 0x8000b378 (0x00002f17) x30 0x8000d378
core   0: 0x8000b37c (0xc83f2423) sw      gp, -888(t5)
core   0: 3 0x8000b37c (0xc83f2423) mem 0x8000d000 0x00000001
core   0: 0x8000b380 (0xff9ff06f) j       pc - 0x8
core   0: 3 0x8000b380 (0xff9ff06f)
core   0: 0x8000b378 (0x00002f17) auipc   t5, 0x2
core   0: 3 0x8000b378 (0x00002f17) x30 0x8000d378
core   0: 0x8000b37c (0xc83f2423) sw      gp, -888(t5)
core   0: 3 0x8000b37c (0xc83f2423) mem 0x8000d000 0x00000001
core   0: 0x8000b380 (0xff9ff06f) j       pc - 0x8
core   0: 3 0x8000b380 (0xff9ff06f)
core   0: 0x8000b378 (0x00002f17) auipc   t5, 0x2
core   0: 3 0x8000b378 (0x00002f17) x30 0x8000d378
core   0: 0x8000b37c (0xc83f2423) sw      gp, -888(t5)
core   0: 3 0x8000b37c (0xc83f2423) mem 0x8000d000 0x00000001
core   0: 0x8000b380 (0xff9ff06f) j       pc - 0x8
core   0: 3 0x8000b380 (0xff9ff06f)
core   0: 0x8000b378 (0x00002f17) auipc   t5, 0x2
core   0: 3 0x8000b378 (0x00002f17) x30 0x8000d378
core   0: 0x8000b37c (0xc83f2423) sw      gp, -888(t5)
core   0: 3 0x8000b37c (0xc83f2423) mem 0x8000d000 0x00000001
core   0: 0x8000b380 (0xff9ff06f) j       pc - 0x8
core   0: 3 0x8000b380 (0xff9ff06f)
core   0: 0x8000b378 (0x00002f17) auipc   t5, 0x2
core   0: 3 0x8000b378 (0x00002f17) x30 0x8000d378
core   0: 0x8000b37c (0xc83f2423) sw      gp, -888(t5)
core   0: 3 0x8000b37c (0xc83f2423) mem 0x8000d000 0x00000001
core   0: 0x8000b380 (0xff9ff06f) j       pc - 0x8
core   0: 3 0x8000b380 (0xff9ff06f)
core   0: 0x8000b378 (0x00002f17) auipc   t5, 0x2
core   0: 3 0x8000b378 (0x00002f17) x30 0x8000d378
core   0: 0x8000b37c (0xc83f2423) sw      gp, -888(t5)
core   0: 3 0x8000b37c (0xc83f2423) mem 0x8000d000 0x00000001
core   0: 0x8000b380 (0xff9ff06f) j       pc - 0x8
core   0: 3 0x8000b380 (0xff9ff06f)
core   0: 0x8000b378 (0x00002f17) auipc   t5, 0x2
core   0: 3 0x8000b378 (0x00002f17) x30 0x8000d378
core   0: 0x8000b37c (0xc83f2423) sw      gp, -888(t5)
core   0: 3 0x8000b37c (0xc83f2423) mem 0x8000d000 0x00000001
core   0: 0x8000b380 (0xff9ff06f) j       pc - 0x8
core   0: 3 0x8000b380 (0xff9ff06f)
core   0: 0x8000b378 (0x00002f17) auipc   t5, 0x2
core   0: 3 0x8000b378 (0x00002f17) x30 0x8000d378
core   0: 0x8000b37c (0xc83f2423) sw      gp, -888(t5)
core   0: 3 0x8000b37c (0xc83f2423) mem 0x8000d000 0x00000001
core   0: 0x8000b380 (0xff9ff06f) j       pc - 0x8
core   0: 3 0x8000b380 (0xff9ff06f)
core   0: 0x8000b378 (0x00002f17) auipc   t5, 0x2
core   0: 3 0x8000b378 (0x00002f17) x30 0x8000d378
core   0: 0x8000b37c (0xc83f2423) sw      gp, -888(t5)
core   0: 3 0x8000b37c (0xc83f2423) mem 0x8000d000 0x00000001
core   0: 0x8000b380 (0xff9ff06f) j       pc - 0x8
core   0: 3 0x8000b380 (0xff9ff06f)
core   0: 0x8000b378 (0x00002f17) auipc   t5, 0x2
core   0: 3 0x8000b378 (0x00002f17) x30 0x8000d378
core   0: 0x8000b37c (0xc83f2423) sw      gp, -888(t5)
core   0: 3 0x8000b37c (0xc83f2423) mem 0x8000d000 0x00000001
core   0: 0x8000b380 (0xff9ff06f) j       pc - 0x8
core   0: 3 0x8000b380 (0xff9ff06f)
core   0: 0x8000b378 (0x00002f17) auipc   t5, 0x2
core   0: 3 0x8000b378 (0x00002f17) x30 0x8000d378
core   0: 0x8000b37c (0xc83f2423) sw      gp, -888(t5)
core   0: 3 0x8000b37c (0xc83f2423) mem 0x8000d000 0x00000001
core   0: 0x8000b380 (0xff9ff06f) j       pc - 0x8
core   0: 3 0x8000b380 (0xff9ff06f)
core   0: 0x8000b378 (0x00002f17) auipc   t5, 0x2
core   0: 3 0x8000b378 (0x00002f17) x30 0x8000d378
core   0: 0x8000b37c (0xc83f2423) sw      gp, -888(t5)
core   0: 3 0x8000b37c (0xc83f2423) mem 0x8000d000 0x00000001
core   0: 0x8000b380 (0xff9ff06f) j       pc - 0x8
core   0: 3 0x8000b380 (0xff9ff06f)
core   0: 0x8000b378 (0x00002f17) auipc   t5, 0x2
core   0: 3 0x8000b378 (0x00002f17) x30 0x8000d378
core   0: 0x8000b37c (0xc83f2423) sw      gp, -888(t5)
core   0: 3 0x8000b37c (0xc83f2423) mem 0x8000d000 0x00000001
core   0: 0x8000b380 (0xff9ff06f) j       pc - 0x8
core   0: 3 0x8000b380 (0xff9ff06f)
core   0: 0x8000b378 (0x00002f17) auipc   t5, 0x2
core   0: 3 0x8000b378 (0x00002f17) x30 0x8000d378
core   0: 0x8000b37c (0xc83f2423) sw      gp, -888(t5)
core   0: 3 0x8000b37c (0xc83f2423) mem 0x8000d000 0x00000001
core   0: 0x8000b380 (0xff9ff06f) j       pc - 0x8
core   0: 3 0x8000b380 (0xff9ff06f)
core   0: 0x8000b378 (0x00002f17) auipc   t5, 0x2
core   0: 3 0x8000b378 (0x00002f17) x30 0x8000d378
core   0: 0x8000b37c (0xc83f2423) sw      gp, -888(t5)
core   0: 3 0x8000b37c (0xc83f2423) mem 0x8000d000 0x00000001
core   0: 0x8000b380 (0xff9ff06f) j       pc - 0x8
core   0: 3 0x8000b380 (0xff9ff06f)
core   0: 0x8000b378 (0x00002f17) auipc   t5, 0x2
core   0: 3 0x8000b378 (0x00002f17) x30 0x8000d378
core   0: 0x8000b37c (0xc83f2423) sw      gp, -888(t5)
core   0: 3 0x8000b37c (0xc83f2423) mem 0x8000d000 0x00000001
core   0: 0x8000b380 (0xff9ff06f) j       pc - 0x8
core   0: 3 0x8000b380 (0xff9ff06f)
core   0: 0x8000b378 (0x00002f17) auipc   t5, 0x2
core   0: 3 0x8000b378 (0x00002f17) x30 0x8000d378
core   0: 0x8000b37c (0xc83f2423) sw      gp, -888(t5)
core   0: 3 0x8000b37c (0xc83f2423) mem 0x8000d000 0x00000001
core   0: 0x8000b380 (0xff9ff06f) j       pc - 0x8
core   0: 3 0x8000b380 (0xff9ff06f)
core   0: 0x8000b378 (0x00002f17) auipc   t5, 0x2
core   0: 3 0x8000b378 (0x00002f17) x30 0x8000d378
core   0: 0x8000b37c (0xc83f2423) sw      gp, -888(t5)
core   0: 3 0x8000b37c (0xc83f2423) mem 0x8000d000 0x00000001
core   0: 0x8000b380 (0xff9ff06f) j       pc - 0x8
core   0: 3 0x8000b380 (0xff9ff06f)
core   0: 0x8000b378 (0x00002f17) auipc   t5, 0x2
core   0: 3 0x8000b378 (0x00002f17) x30 0x8000d378
core   0: 0x8000b37c (0xc83f2423) sw      gp, -888(t5)
core   0: 3 0x8000b37c (0xc83f2423) mem 0x8000d000 0x00000001
core   0: 0x8000b380 (0xff9ff06f) j       pc - 0x8
core   0: 3 0x8000b380 (0xff9ff06f)
core   0: 0x8000b378 (0x00002f17) auipc   t5, 0x2
core   0: 3 0x8000b378 (0x00002f17) x30 0x8000d378
core   0: 0x8000b37c (0xc83f2423) sw      gp, -888(t5)
core   0: 3 0x8000b37c (0xc83f2423) mem 0x8000d000 0x00000001
core   0: 0x8000b380 (0xff9ff06f) j       pc - 0x8
core   0: 3 0x8000b380 (0xff9ff06f)
core   0: 0x8000b378 (0x00002f17) auipc   t5, 0x2
core   0: 3 0x8000b378 (0x00002f17) x30 0x8000d378
core   0: 0x8000b37c (0xc83f2423) sw      gp, -888(t5)
core   0: 3 0x8000b37c (0xc83f2423) mem 0x8000d000 0x00000001
core   0: 0x8000b380 (0xff9ff06f) j       pc - 0x8
core   0: 3 0x8000b380 (0xff9ff06f)
core   0: 0x8000b378 (0x00002f17) auipc   t5, 0x2
core   0: 3 0x8000b378 (0x00002f17) x30 0x8000d378
core   0: 0x8000b37c (0xc83f2423) sw      gp, -888(t5)
core   0: 3 0x8000b37c (0xc83f2423) mem 0x8000d000 0x00000001
core   0: 0x8000b380 (0xff9ff06f) j       pc - 0x8
core   0: 3 0x8000b380 (0xff9ff06f)
core   0: 0x8000b378 (0x00002f17) auipc   t5, 0x2
core   0: 3 0x8000b378 (0x00002f17) x30 0x8000d378
core   0: 0x8000b37c (0xc83f2423) sw      gp, -888(t5)
core   0: 3 0x8000b37c (0xc83f2423) mem 0x8000d000 0x00000001
core   0: 0x8000b380 (0xff9ff06f) j       pc - 0x8
core   0: 3 0x8000b380 (0xff9ff06f)
core   0: 0x8000b378 (0x00002f17) auipc   t5, 0x2
core   0: 3 0x8000b378 (0x00002f17) x30 0x8000d378
core   0: 0x8000b37c (0xc83f2423) sw      gp, -888(t5)
core   0: 3 0x8000b37c (0xc83f2423) mem 0x8000d000 0x00000001
core   0: 0x8000b380 (0xff9ff06f) j       pc - 0x8
core   0: 3 0x8000b380 (0xff9ff06f)
core   0: 0x8000b378 (0x00002f17) auipc   t5, 0x2
core   0: 3 0x8000b378 (0x00002f17) x30 0x8000d378
core   0: 0x8000b37c (0xc83f2423) sw      gp, -888(t5)
core   0: 3 0x8000b37c (0xc83f2423) mem 0x8000d000 0x00000001
core   0: 0x8000b380 (0xff9ff06f) j       pc - 0x8
core   0: 3 0x8000b380 (0xff9ff06f)
core   0: 0x8000b378 (0x00002f17) auipc   t5, 0x2
core   0: 3 0x8000b378 (0x00002f17) x30 0x8000d378
core   0: 0x8000b37c (0xc83f2423) sw      gp, -888(t5)
core   0: 3 0x8000b37c (0xc83f2423) mem 0x8000d000 0x00000001
core   0: 0x8000b380 (0xff9ff06f) j       pc - 0x8
core   0: 3 0x8000b380 (0xff9ff06f)
core   0: 0x8000b378 (0x00002f17) auipc   t5, 0x2
core   0: 3 0x8000b378 (0x00002f17) x30 0x8000d378
core   0: 0x8000b37c (0xc83f2423) sw      gp, -888(t5)
core   0: 3 0x8000b37c (0xc83f2423) mem 0x8000d000 0x00000001
core   0: 0x8000b380 (0xff9ff06f) j       pc - 0x8
core   0: 3 0x8000b380 (0xff9ff06f)
core   0: 0x8000b378 (0x00002f17) auipc   t5, 0x2
core   0: 3 0x8000b378 (0x00002f17) x30 0x8000d378
core   0: 0x8000b37c (0xc83f2423) sw      gp, -888(t5)
core   0: 3 0x8000b37c (0xc83f2423) mem 0x8000d000 0x00000001
core   0: 0x8000b380 (0xff9ff06f) j       pc - 0x8
core   0: 3 0x8000b380 (0xff9ff06f)
core   0: 0x8000b378 (0x00002f17) auipc   t5, 0x2
core   0: 3 0x8000b378 (0x00002f17) x30 0x8000d378
core   0: 0x8000b37c (0xc83f2423) sw      gp, -888(t5)
core   0: 3 0x8000b37c (0xc83f2423) mem 0x8000d000 0x00000001
core   0: 0x8000b380 (0xff9ff06f) j       pc - 0x8
core   0: 3 0x8000b380 (0xff9ff06f)
core   0: 0x8000b378 (0x00002f17) auipc   t5, 0x2
core   0: 3 0x8000b378 (0x00002f17) x30 0x8000d378
core   0: 0x8000b37c (0xc83f2423) sw      gp, -888(t5)
core   0: 3 0x8000b37c (0xc83f2423) mem 0x8000d000 0x00000001
core   0: 0x8000b380 (0xff9ff06f) j       pc - 0x8
core   0: 3 0x8000b380 (0xff9ff06f)
core   0: 0x8000b378 (0x00002f17) auipc   t5, 0x2
core   0: 3 0x8000b378 (0x00002f17) x30 0x8000d378
core   0: 0x8000b37c (0xc83f2423) sw      gp, -888(t5)
core   0: 3 0x8000b37c (0xc83f2423) mem 0x8000d000 0x00000001
core   0: 0x8000b380 (0xff9ff06f) j       pc - 0x8
core   0: 3 0x8000b380 (0xff9ff06f)
core   0: 0x8000b378 (0x00002f17) auipc   t5, 0x2
core   0: 3 0x8000b378 (0x00002f17) x30 0x8000d378
core   0: 0x8000b37c (0xc83f2423) sw      gp, -888(t5)
core   0: 3 0x8000b37c (0xc83f2423) mem 0x8000d000 0x00000001
core   0: 0x8000b380 (0xff9ff06f) j       pc - 0x8
core   0: 3 0x8000b380 (0xff9ff06f)
core   0: 0x8000b378 (0x00002f17) auipc   t5, 0x2
core   0: 3 0x8000b378 (0x00002f17) x30 0x8000d378
core   0: 0x8000b37c (0xc83f2423) sw      gp, -888(t5)
core   0: 3 0x8000b37c (0xc83f2423) mem 0x8000d000 0x00000001
core   0: 0x8000b380 (0xff9ff06f) j       pc - 0x8
core   0: 3 0x8000b380 (0xff9ff06f)
core   0: 0x8000b378 (0x00002f17) auipc   t5, 0x2
core   0: 3 0x8000b378 (0x00002f17) x30 0x8000d378
core   0: 0x8000b37c (0xc83f2423) sw      gp, -888(t5)
core   0: 3 0x8000b37c (0xc83f2423) mem 0x8000d000 0x00000001
core   0: 0x8000b380 (0xff9ff06f) j       pc - 0x8
core   0: 3 0x8000b380 (0xff9ff06f)
core   0: 0x8000b378 (0x00002f17) auipc   t5, 0x2
core   0: 3 0x8000b378 (0x00002f17) x30 0x8000d378
core   0: 0x8000b37c (0xc83f2423) sw      gp, -888(t5)
core   0: 3 0x8000b37c (0xc83f2423) mem 0x8000d000 0x00000001
core   0: 0x8000b380 (0xff9ff06f) j       pc - 0x8
core   0: 3 0x8000b380 (0xff9ff06f)
core   0: 0x8000b378 (0x00002f17) auipc   t5, 0x2
core   0: 3 0x8000b378 (0x00002f17) x30 0x8000d378
core   0: 0x8000b37c (0xc83f2423) sw      gp, -888(t5)
core   0: 3 0x8000b37c (0xc83f2423) mem 0x8000d000 0x00000001
core   0: 0x8000b380 (0xff9ff06f) j       pc - 0x8
core   0: 3 0x8000b380 (0xff9ff06f)
core   0: 0x8000b378 (0x00002f17) auipc   t5, 0x2
core   0: 3 0x8000b378 (0x00002f17) x30 0x8000d378
core   0: 0x8000b37c (0xc83f2423) sw      gp, -888(t5)
core   0: 3 0x8000b37c (0xc83f2423) mem 0x8000d000 0x00000001
core   0: 0x8000b380 (0xff9ff06f) j       pc - 0x8
core   0: 3 0x8000b380 (0xff9ff06f)
core   0: 0x8000b378 (0x00002f17) auipc   t5, 0x2
core   0: 3 0x8000b378 (0x00002f17) x30 0x8000d378
core   0: 0x8000b37c (0xc83f2423) sw      gp, -888(t5)
core   0: 3 0x8000b37c (0xc83f2423) mem 0x8000d000 0x00000001
core   0: 0x8000b380 (0xff9ff06f) j       pc - 0x8
core   0: 3 0x8000b380 (0xff9ff06f)
core   0: 0x8000b378 (0x00002f17) auipc   t5, 0x2
core   0: 3 0x8000b378 (0x00002f17) x30 0x8000d378
core   0: 0x8000b37c (0xc83f2423) sw      gp, -888(t5)
core   0: 3 0x8000b37c (0xc83f2423) mem 0x8000d000 0x00000001
core   0: 0x8000b380 (0xff9ff06f) j       pc - 0x8
core   0: 3 0x8000b380 (0xff9ff06f)
core   0: 0x8000b378 (0x00002f17) auipc   t5, 0x2
core   0: 3 0x8000b378 (0x00002f17) x30 0x8000d378
core   0: 0x8000b37c (0xc83f2423) sw      gp, -888(t5)
core   0: 3 0x8000b37c (0xc83f2423) mem 0x8000d000 0x00000001
core   0: 0x8000b380 (0xff9ff06f) j       pc - 0x8
core   0: 3 0x8000b380 (0xff9ff06f)
core   0: 0x8000b378 (0x00002f17) auipc   t5, 0x2
core   0: 3 0x8000b378 (0x00002f17) x30 0x8000d378
core   0: 0x8000b37c (0xc83f2423) sw      gp, -888(t5)
core   0: 3 0x8000b37c (0xc83f2423) mem 0x8000d000 0x00000001
core   0: 0x8000b380 (0xff9ff06f) j       pc - 0x8
core   0: 3 0x8000b380 (0xff9ff06f)
core   0: 0x8000b378 (0x00002f17) auipc   t5, 0x2
core   0: 3 0x8000b378 (0x00002f17) x30 0x8000d378
core   0: 0x8000b37c (0xc83f2423) sw      gp, -888(t5)
core   0: 3 0x8000b37c (0xc83f2423) mem 0x8000d000 0x00000001
core   0: 0x8000b380 (0xff9ff06f) j       pc - 0x8
core   0: 3 0x8000b380 (0xff9ff06f)
core   0: 0x8000b378 (0x00002f17) auipc   t5, 0x2
core   0: 3 0x8000b378 (0x00002f17) x30 0x8000d378
core   0: 0x8000b37c (0xc83f2423) sw      gp, -888(t5)
core   0: 3 0x8000b37c (0xc83f2423) mem 0x8000d000 0x00000001
core   0: 0x8000b380 (0xff9ff06f) j       pc - 0x8
core   0: 3 0x8000b380 (0xff9ff06f)
core   0: 0x8000b378 (0x00002f17) auipc   t5, 0x2
core   0: 3 0x8000b378 (0x00002f17) x30 0x8000d378
core   0: 0x8000b37c (0xc83f2423) sw      gp, -888(t5)
core   0: 3 0x8000b37c (0xc83f2423) mem 0x8000d000 0x00000001
core   0: 0x8000b380 (0xff9ff06f) j       pc - 0x8
core   0: 3 0x8000b380 (0xff9ff06f)
core   0: 0x8000b378 (0x00002f17) auipc   t5, 0x2
core   0: 3 0x8000b378 (0x00002f17) x30 0x8000d378
core   0: 0x8000b37c (0xc83f2423) sw      gp, -888(t5)
core   0: 3 0x8000b37c (0xc83f2423) mem 0x8000d000 0x00000001
core   0: 0x8000b380 (0xff9ff06f) j       pc - 0x8
core   0: 3 0x8000b380 (0xff9ff06f)
core   0: 0x8000b378 (0x00002f17) auipc   t5, 0x2
core   0: 3 0x8000b378 (0x00002f17) x30 0x8000d378
core   0: 0x8000b37c (0xc83f2423) sw      gp, -888(t5)
core   0: 3 0x8000b37c (0xc83f2423) mem 0x8000d000 0x00000001
core   0: 0x8000b380 (0xff9ff06f) j       pc - 0x8
core   0: 3 0x8000b380 (0xff9ff06f)
core   0: 0x8000b378 (0x00002f17) auipc   t5, 0x2
core   0: 3 0x8000b378 (0x00002f17) x30 0x8000d378
core   0: 0x8000b37c (0xc83f2423) sw      gp, -888(t5)
core   0: 3 0x8000b37c (0xc83f2423) mem 0x8000d000 0x00000001
core   0: 0x8000b380 (0xff9ff06f) j       pc - 0x8
core   0: 3 0x8000b380 (0xff9ff06f)
core   0: 0x8000b378 (0x00002f17) auipc   t5, 0x2
core   0: 3 0x8000b378 (0x00002f17) x30 0x8000d378
core   0: 0x8000b37c (0xc83f2423) sw      gp, -888(t5)
core   0: 3 0x8000b37c (0xc83f2423) mem 0x8000d000 0x00000001
core   0: 0x8000b380 (0xff9ff06f) j       pc - 0x8
core   0: 3 0x8000b380 (0xff9ff06f)
core   0: 0x8000b378 (0x00002f17) auipc   t5, 0x2
core   0: 3 0x8000b378 (0x00002f17) x30 0x8000d378
core   0: 0x8000b37c (0xc83f2423) sw      gp, -888(t5)
core   0: 3 0x8000b37c (0xc83f2423) mem 0x8000d000 0x00000001
core   0: 0x8000b380 (0xff9ff06f) j       pc - 0x8
core   0: 3 0x8000b380 (0xff9ff06f)
core   0: 0x8000b378 (0x00002f17) auipc   t5, 0x2
core   0: 3 0x8000b378 (0x00002f17) x30 0x8000d378
core   0: 0x8000b37c (0xc83f2423) sw      gp, -888(t5)
core   0: 3 0x8000b37c (0xc83f2423) mem 0x8000d000 0x00000001
core   0: 0x8000b380 (0xff9ff06f) j       pc - 0x8
core   0: 3 0x8000b380 (0xff9ff06f)
core   0: 0x8000b378 (0x00002f17) auipc   t5, 0x2
core   0: 3 0x8000b378 (0x00002f17) x30 0x8000d378
core   0: 0x8000b37c (0xc83f2423) sw      gp, -888(t5)
core   0: 3 0x8000b37c (0xc83f2423) mem 0x8000d000 0x00000001
core   0: 0x8000b380 (0xff9ff06f) j       pc - 0x8
core   0: 3 0x8000b380 (0xff9ff06f)
core   0: 0x8000b378 (0x00002f17) auipc   t5, 0x2
core   0: 3 0x8000b378 (0x00002f17) x30 0x8000d378
core   0: 0x8000b37c (0xc83f2423) sw      gp, -888(t5)
core   0: 3 0x8000b37c (0xc83f2423) mem 0x8000d000 0x00000001
core   0: 0x8000b380 (0xff9ff06f) j       pc - 0x8
core   0: 3 0x8000b380 (0xff9ff06f)
core   0: 0x8000b378 (0x00002f17) auipc   t5, 0x2
core   0: 3 0x8000b378 (0x00002f17) x30 0x8000d378
core   0: 0x8000b37c (0xc83f2423) sw      gp, -888(t5)
core   0: 3 0x8000b37c (0xc83f2423) mem 0x8000d000 0x00000001
core   0: 0x8000b380 (0xff9ff06f) j       pc - 0x8
core   0: 3 0x8000b380 (0xff9ff06f)
core   0: 0x8000b378 (0x00002f17) auipc   t5, 0x2
core   0: 3 0x8000b378 (0x00002f17) x30 0x8000d378
core   0: 0x8000b37c (0xc83f2423) sw      gp, -888(t5)
core   0: 3 0x8000b37c (0xc83f2423) mem 0x8000d000 0x00000001
core   0: 0x8000b380 (0xff9ff06f) j       pc - 0x8
core   0: 3 0x8000b380 (0xff9ff06f)
core   0: 0x8000b378 (0x00002f17) auipc   t5, 0x2
core   0: 3 0x8000b378 (0x00002f17) x30 0x8000d378
core   0: 0x8000b37c (0xc83f2423) sw      gp, -888(t5)
core   0: 3 0x8000b37c (0xc83f2423) mem 0x8000d000 0x00000001
core   0: 0x8000b380 (0xff9ff06f) j       pc - 0x8
core   0: 3 0x8000b380 (0xff9ff06f)
core   0: 0x8000b378 (0x00002f17) auipc   t5, 0x2
core   0: 3 0x8000b378 (0x00002f17) x30 0x8000d378
core   0: 0x8000b37c (0xc83f2423) sw      gp, -888(t5)
core   0: 3 0x8000b37c (0xc83f2423) mem 0x8000d000 0x00000001
core   0: 0x8000b380 (0xff9ff06f) j       pc - 0x8
core   0: 3 0x8000b380 (0xff9ff06f)
core   0: 0x8000b378 (0x00002f17) auipc   t5, 0x2
core   0: 3 0x8000b378 (0x00002f17) x30 0x8000d378
core   0: 0x8000b37c (0xc83f2423) sw      gp, -888(t5)
core   0: 3 0x8000b37c (0xc83f2423) mem 0x8000d000 0x00000001
core   0: 0x8000b380 (0xff9ff06f) j       pc - 0x8
core   0: 3 0x8000b380 (0xff9ff06f)
core   0: 0x8000b378 (0x00002f17) auipc   t5, 0x2
core   0: 3 0x8000b378 (0x00002f17) x30 0x8000d378
core   0: 0x8000b37c (0xc83f2423) sw      gp, -888(t5)
core   0: 3 0x8000b37c (0xc83f2423) mem 0x8000d000 0x00000001
core   0: 0x8000b380 (0xff9ff06f) j       pc - 0x8
core   0: 3 0x8000b380 (0xff9ff06f)
core   0: 0x8000b378 (0x00002f17) auipc   t5, 0x2
core   0: 3 0x8000b378 (0x00002f17) x30 0x8000d378
core   0: 0x8000b37c (0xc83f2423) sw      gp, -888(t5)
core   0: 3 0x8000b37c (0xc83f2423) mem 0x8000d000 0x00000001
core   0: 0x8000b380 (0xff9ff06f) j       pc - 0x8
core   0: 3 0x8000b380 (0xff9ff06f)
core   0: 0x8000b378 (0x00002f17) auipc   t5, 0x2
core   0: 3 0x8000b378 (0x00002f17) x30 0x8000d378
core   0: 0x8000b37c (0xc83f2423) sw      gp, -888(t5)
core   0: 3 0x8000b37c (0xc83f2423) mem 0x8000d000 0x00000001
core   0: 0x8000b380 (0xff9ff06f) j       pc - 0x8
core   0: 3 0x8000b380 (0xff9ff06f)
core   0: 0x8000b378 (0x00002f17) auipc   t5, 0x2
core   0: 3 0x8000b378 (0x00002f17) x30 0x8000d378
core   0: 0x8000b37c (0xc83f2423) sw      gp, -888(t5)
core   0: 3 0x8000b37c (0xc83f2423) mem 0x8000d000 0x00000001
core   0: 0x8000b380 (0xff9ff06f) j       pc - 0x8
core   0: 3 0x8000b380 (0xff9ff06f)
core   0: 0x8000b378 (0x00002f17) auipc   t5, 0x2
core   0: 3 0x8000b378 (0x00002f17) x30 0x8000d378
core   0: 0x8000b37c (0xc83f2423) sw      gp, -888(t5)
core   0: 3 0x8000b37c (0xc83f2423) mem 0x8000d000 0x00000001
core   0: 0x8000b380 (0xff9ff06f) j       pc - 0x8
core   0: 3 0x8000b380 (0xff9ff06f)
core   0: 0x8000b378 (0x00002f17) auipc   t5, 0x2
core   0: 3 0x8000b378 (0x00002f17) x30 0x8000d378
core   0: 0x8000b37c (0xc83f2423) sw      gp, -888(t5)
core   0: 3 0x8000b37c (0xc83f2423) mem 0x8000d000 0x00000001
core   0: 0x8000b380 (0xff9ff06f) j       pc - 0x8
core   0: 3 0x8000b380 (0xff9ff06f)
core   0: 0x8000b378 (0x00002f17) auipc   t5, 0x2
core   0: 3 0x8000b378 (0x00002f17) x30 0x8000d378
core   0: 0x8000b37c (0xc83f2423) sw      gp, -888(t5)
core   0: 3 0x8000b37c (0xc83f2423) mem 0x8000d000 0x00000001
core   0: 0x8000b380 (0xff9ff06f) j       pc - 0x8
core   0: 3 0x8000b380 (0xff9ff06f)
core   0: 0x8000b378 (0x00002f17) auipc   t5, 0x2
core   0: 3 0x8000b378 (0x00002f17) x30 0x8000d378
core   0: 0x8000b37c (0xc83f2423) sw      gp, -888(t5)
core   0: 3 0x8000b37c (0xc83f2423) mem 0x8000d000 0x00000001
core   0: 0x8000b380 (0xff9ff06f) j       pc - 0x8
core   0: 3 0x8000b380 (0xff9ff06f)
core   0: 0x8000b378 (0x00002f17) auipc   t5, 0x2
core   0: 3 0x8000b378 (0x00002f17) x30 0x8000d378
core   0: 0x8000b37c (0xc83f2423) sw      gp, -888(t5)
core   0: 3 0x8000b37c (0xc83f2423) mem 0x8000d000 0x00000001
core   0: 0x8000b380 (0xff9ff06f) j       pc - 0x8
core   0: 3 0x8000b380 (0xff9ff06f)
core   0: 0x8000b378 (0x00002f17) auipc   t5, 0x2
core   0: 3 0x8000b378 (0x00002f17) x30 0x8000d378
core   0: 0x8000b37c (0xc83f2423) sw      gp, -888(t5)
core   0: 3 0x8000b37c (0xc83f2423) mem 0x8000d000 0x00000001
core   0: 0x8000b380 (0xff9ff06f) j       pc - 0x8
core   0: 3 0x8000b380 (0xff9ff06f)
core   0: 0x8000b378 (0x00002f17) auipc   t5, 0x2
core   0: 3 0x8000b378 (0x00002f17) x30 0x8000d378
core   0: 0x8000b37c (0xc83f2423) sw      gp, -888(t5)
core   0: 3 0x8000b37c (0xc83f2423) mem 0x8000d000 0x00000001
core   0: 0x8000b380 (0xff9ff06f) j       pc - 0x8
core   0: 3 0x8000b380 (0xff9ff06f)
core   0: 0x8000b378 (0x00002f17) auipc   t5, 0x2
core   0: 3 0x8000b378 (0x00002f17) x30 0x8000d378
core   0: 0x8000b37c (0xc83f2423) sw      gp, -888(t5)
core   0: 3 0x8000b37c (0xc83f2423) mem 0x8000d000 0x00000001
core   0: 0x8000b380 (0xff9ff06f) j       pc - 0x8
core   0: 3 0x8000b380 (0xff9ff06f)
core   0: 0x8000b378 (0x00002f17) auipc   t5, 0x2
core   0: 3 0x8000b378 (0x00002f17) x30 0x8000d378
core   0: 0x8000b37c (0xc83f2423) sw      gp, -888(t5)
core   0: 3 0x8000b37c (0xc83f2423) mem 0x8000d000 0x00000001
core   0: 0x8000b380 (0xff9ff06f) j       pc - 0x8
core   0: 3 0x8000b380 (0xff9ff06f)
core   0: 0x8000b378 (0x00002f17) auipc   t5, 0x2
core   0: 3 0x8000b378 (0x00002f17) x30 0x8000d378
core   0: 0x8000b37c (0xc83f2423) sw      gp, -888(t5)
core   0: 3 0x8000b37c (0xc83f2423) mem 0x8000d000 0x00000001
core   0: 0x8000b380 (0xff9ff06f) j       pc - 0x8
core   0: 3 0x8000b380 (0xff9ff06f)
core   0: 0x8000b378 (0x00002f17) auipc   t5, 0x2
core   0: 3 0x8000b378 (0x00002f17) x30 0x8000d378
core   0: 0x8000b37c (0xc83f2423) sw      gp, -888(t5)
core   0: 3 0x8000b37c (0xc83f2423) mem 0x8000d000 0x00000001
core   0: 0x8000b380 (0xff9ff06f) j       pc - 0x8
core   0: 3 0x8000b380 (0xff9ff06f)
core   0: 0x8000b378 (0x00002f17) auipc   t5, 0x2
core   0: 3 0x8000b378 (0x00002f17) x30 0x8000d378
core   0: 0x8000b37c (0xc83f2423) sw      gp, -888(t5)
core   0: 3 0x8000b37c (0xc83f2423) mem 0x8000d000 0x00000001
core   0: 0x8000b380 (0xff9ff06f) j       pc - 0x8
core   0: 3 0x8000b380 (0xff9ff06f)
core   0: 0x8000b378 (0x00002f17) auipc   t5, 0x2
core   0: 3 0x8000b378 (0x00002f17) x30 0x8000d378
core   0: 0x8000b37c (0xc83f2423) sw      gp, -888(t5)
core   0: 3 0x8000b37c (0xc83f2423) mem 0x8000d000 0x00000001
core   0: 0x8000b380 (0xff9ff06f) j       pc - 0x8
core   0: 3 0x8000b380 (0xff9ff06f)
core   0: 0x8000b378 (0x00002f17) auipc   t5, 0x2
core   0: 3 0x8000b378 (0x00002f17) x30 0x8000d378
core   0: 0x8000b37c (0xc83f2423) sw      gp, -888(t5)
core   0: 3 0x8000b37c (0xc83f2423) mem 0x8000d000 0x00000001
core   0: 0x8000b380 (0xff9ff06f) j       pc - 0x8
core   0: 3 0x8000b380 (0xff9ff06f)
core   0: 0x8000b378 (0x00002f17) auipc   t5, 0x2
core   0: 3 0x8000b378 (0x00002f17) x30 0x8000d378
core   0: 0x8000b37c (0xc83f2423) sw      gp, -888(t5)
core   0: 3 0x8000b37c (0xc83f2423) mem 0x8000d000 0x00000001
core   0: 0x8000b380 (0xff9ff06f) j       pc - 0x8
core   0: 3 0x8000b380 (0xff9ff06f)
core   0: 0x8000b378 (0x00002f17) auipc   t5, 0x2
core   0: 3 0x8000b378 (0x00002f17) x30 0x8000d378
core   0: 0x8000b37c (0xc83f2423) sw      gp, -888(t5)
core   0: 3 0x8000b37c (0xc83f2423) mem 0x8000d000 0x00000001
core   0: 0x8000b380 (0xff9ff06f) j       pc - 0x8
core   0: 3 0x8000b380 (0xff9ff06f)
core   0: 0x8000b378 (0x00002f17) auipc   t5, 0x2
core   0: 3 0x8000b378 (0x00002f17) x30 0x8000d378
core   0: 0x8000b37c (0xc83f2423) sw      gp, -888(t5)
core   0: 3 0x8000b37c (0xc83f2423) mem 0x8000d000 0x00000001
core   0: 0x8000b380 (0xff9ff06f) j       pc - 0x8
core   0: 3 0x8000b380 (0xff9ff06f)
core   0: 0x8000b378 (0x00002f17) auipc   t5, 0x2
core   0: 3 0x8000b378 (0x00002f17) x30 0x8000d378
core   0: 0x8000b37c (0xc83f2423) sw      gp, -888(t5)
core   0: 3 0x8000b37c (0xc83f2423) mem 0x8000d000 0x00000001
core   0: 0x8000b380 (0xff9ff06f) j       pc - 0x8
core   0: 3 0x8000b380 (0xff9ff06f)
core   0: 0x8000b378 (0x00002f17) auipc   t5, 0x2
core   0: 3 0x8000b378 (0x00002f17) x30 0x8000d378
core   0: 0x8000b37c (0xc83f2423) sw      gp, -888(t5)
core   0: 3 0x8000b37c (0xc83f2423) mem 0x8000d000 0x00000001
core   0: 0x8000b380 (0xff9ff06f) j       pc - 0x8
core   0: 3 0x8000b380 (0xff9ff06f)
core   0: 0x8000b378 (0x00002f17) auipc   t5, 0x2
core   0: 3 0x8000b378 (0x00002f17) x30 0x8000d378
core   0: 0x8000b37c (0xc83f2423) sw      gp, -888(t5)
core   0: 3 0x8000b37c (0xc83f2423) mem 0x8000d000 0x00000001
core   0: 0x8000b380 (0xff9ff06f) j       pc - 0x8
core   0: 3 0x8000b380 (0xff9ff06f)
core   0: 0x8000b378 (0x00002f17) auipc   t5, 0x2
core   0: 3 0x8000b378 (0x00002f17) x30 0x8000d378
core   0: 0x8000b37c (0xc83f2423) sw      gp, -888(t5)
core   0: 3 0x8000b37c (0xc83f2423) mem 0x8000d000 0x00000001
core   0: 0x8000b380 (0xff9ff06f) j       pc - 0x8
core   0: 3 0x8000b380 (0xff9ff06f)
core   0: 0x8000b378 (0x00002f17) auipc   t5, 0x2
core   0: 3 0x8000b378 (0x00002f17) x30 0x8000d378
core   0: 0x8000b37c (0xc83f2423) sw      gp, -888(t5)
core   0: 3 0x8000b37c (0xc83f2423) mem 0x8000d000 0x00000001
core   0: 0x8000b380 (0xff9ff06f) j       pc - 0x8
core   0: 3 0x8000b380 (0xff9ff06f)
core   0: 0x8000b378 (0x00002f17) auipc   t5, 0x2
core   0: 3 0x8000b378 (0x00002f17) x30 0x8000d378
core   0: 0x8000b37c (0xc83f2423) sw      gp, -888(t5)
core   0: 3 0x8000b37c (0xc83f2423) mem 0x8000d000 0x00000001
core   0: 0x8000b380 (0xff9ff06f) j       pc - 0x8
core   0: 3 0x8000b380 (0xff9ff06f)
core   0: 0x8000b378 (0x00002f17) auipc   t5, 0x2
core   0: 3 0x8000b378 (0x00002f17) x30 0x8000d378
core   0: 0x8000b37c (0xc83f2423) sw      gp, -888(t5)
core   0: 3 0x8000b37c (0xc83f2423) mem 0x8000d000 0x00000001
core   0: 0x8000b380 (0xff9ff06f) j       pc - 0x8
core   0: 3 0x8000b380 (0xff9ff06f)
core   0: 0x8000b378 (0x00002f17) auipc   t5, 0x2
core   0: 3 0x8000b378 (0x00002f17) x30 0x8000d378
core   0: 0x8000b37c (0xc83f2423) sw      gp, -888(t5)
core   0: 3 0x8000b37c (0xc83f2423) mem 0x8000d000 0x00000001
core   0: 0x8000b380 (0xff9ff06f) j       pc - 0x8
core   0: 3 0x8000b380 (0xff9ff06f)
core   0: 0x8000b378 (0x00002f17) auipc   t5, 0x2
core   0: 3 0x8000b378 (0x00002f17) x30 0x8000d378
core   0: 0x8000b37c (0xc83f2423) sw      gp, -888(t5)
core   0: 3 0x8000b37c (0xc83f2423) mem 0x8000d000 0x00000001
core   0: 0x8000b380 (0xff9ff06f) j       pc - 0x8
core   0: 3 0x8000b380 (0xff9ff06f)
core   0: 0x8000b378 (0x00002f17) auipc   t5, 0x2
core   0: 3 0x8000b378 (0x00002f17) x30 0x8000d378
core   0: 0x8000b37c (0xc83f2423) sw      gp, -888(t5)
core   0: 3 0x8000b37c (0xc83f2423) mem 0x8000d000 0x00000001
core   0: 0x8000b380 (0xff9ff06f) j       pc - 0x8
core   0: 3 0x8000b380 (0xff9ff06f)
core   0: 0x8000b378 (0x00002f17) auipc   t5, 0x2
core   0: 3 0x8000b378 (0x00002f17) x30 0x8000d378
core   0: 0x8000b37c (0xc83f2423) sw      gp, -888(t5)
core   0: 3 0x8000b37c (0xc83f2423) mem 0x8000d000 0x00000001
core   0: 0x8000b380 (0xff9ff06f) j       pc - 0x8
core   0: 3 0x8000b380 (0xff9ff06f)
core   0: 0x8000b378 (0x00002f17) auipc   t5, 0x2
core   0: 3 0x8000b378 (0x00002f17) x30 0x8000d378
core   0: 0x8000b37c (0xc83f2423) sw      gp, -888(t5)
core   0: 3 0x8000b37c (0xc83f2423) mem 0x8000d000 0x00000001
core   0: 0x8000b380 (0xff9ff06f) j       pc - 0x8
core   0: 3 0x8000b380 (0xff9ff06f)
core   0: 0x8000b378 (0x00002f17) auipc   t5, 0x2
core   0: 3 0x8000b378 (0x00002f17) x30 0x8000d378
core   0: 0x8000b37c (0xc83f2423) sw      gp, -888(t5)
core   0: 3 0x8000b37c (0xc83f2423) mem 0x8000d000 0x00000001
core   0: 0x8000b380 (0xff9ff06f) j       pc - 0x8
core   0: 3 0x8000b380 (0xff9ff06f)
core   0: 0x8000b378 (0x00002f17) auipc   t5, 0x2
core   0: 3 0x8000b378 (0x00002f17) x30 0x8000d378
core   0: 0x8000b37c (0xc83f2423) sw      gp, -888(t5)
core   0: 3 0x8000b37c (0xc83f2423) mem 0x8000d000 0x00000001
core   0: 0x8000b380 (0xff9ff06f) j       pc - 0x8
core   0: 3 0x8000b380 (0xff9ff06f)
core   0: 0x8000b378 (0x00002f17) auipc   t5, 0x2
core   0: 3 0x8000b378 (0x00002f17) x30 0x8000d378
core   0: 0x8000b37c (0xc83f2423) sw      gp, -888(t5)
core   0: 3 0x8000b37c (0xc83f2423) mem 0x8000d000 0x00000001
core   0: 0x8000b380 (0xff9ff06f) j       pc - 0x8
core   0: 3 0x8000b380 (0xff9ff06f)
core   0: 0x8000b378 (0x00002f17) auipc   t5, 0x2
core   0: 3 0x8000b378 (0x00002f17) x30 0x8000d378
core   0: 0x8000b37c (0xc83f2423) sw      gp, -888(t5)
core   0: 3 0x8000b37c (0xc83f2423) mem 0x8000d000 0x00000001
core   0: 0x8000b380 (0xff9ff06f) j       pc - 0x8
core   0: 3 0x8000b380 (0xff9ff06f)
core   0: 0x8000b378 (0x00002f17) auipc   t5, 0x2
core   0: 3 0x8000b378 (0x00002f17) x30 0x8000d378
core   0: 0x8000b37c (0xc83f2423) sw      gp, -888(t5)
core   0: 3 0x8000b37c (0xc83f2423) mem 0x8000d000 0x00000001
core   0: 0x8000b380 (0xff9ff06f) j       pc - 0x8
core   0: 3 0x8000b380 (0xff9ff06f)
core   0: 0x8000b378 (0x00002f17) auipc   t5, 0x2
core   0: 3 0x8000b378 (0x00002f17) x30 0x8000d378
core   0: 0x8000b37c (0xc83f2423) sw      gp, -888(t5)
core   0: 3 0x8000b37c (0xc83f2423) mem 0x8000d000 0x00000001
core   0: 0x8000b380 (0xff9ff06f) j       pc - 0x8
core   0: 3 0x8000b380 (0xff9ff06f)
core   0: 0x8000b378 (0x00002f17) auipc   t5, 0x2
core   0: 3 0x8000b378 (0x00002f17) x30 0x8000d378
core   0: 0x8000b37c (0xc83f2423) sw      gp, -888(t5)
core   0: 3 0x8000b37c (0xc83f2423) mem 0x8000d000 0x00000001
core   0: 0x8000b380 (0xff9ff06f) j       pc - 0x8
core   0: 3 0x8000b380 (0xff9ff06f)
core   0: 0x8000b378 (0x00002f17) auipc   t5, 0x2
core   0: 3 0x8000b378 (0x00002f17) x30 0x8000d378
core   0: 0x8000b37c (0xc83f2423) sw      gp, -888(t5)
core   0: 3 0x8000b37c (0xc83f2423) mem 0x8000d000 0x00000001
core   0: 0x8000b380 (0xff9ff06f) j       pc - 0x8
core   0: 3 0x8000b380 (0xff9ff06f)
core   0: 0x8000b378 (0x00002f17) auipc   t5, 0x2
core   0: 3 0x8000b378 (0x00002f17) x30 0x8000d378
core   0: 0x8000b37c (0xc83f2423) sw      gp, -888(t5)
core   0: 3 0x8000b37c (0xc83f2423) mem 0x8000d000 0x00000001
core   0: 0x8000b380 (0xff9ff06f) j       pc - 0x8
core   0: 3 0x8000b380 (0xff9ff06f)
core   0: 0x8000b378 (0x00002f17) auipc   t5, 0x2
core   0: 3 0x8000b378 (0x00002f17) x30 0x8000d378
core   0: 0x8000b37c (0xc83f2423) sw      gp, -888(t5)
core   0: 3 0x8000b37c (0xc83f2423) mem 0x8000d000 0x00000001
core   0: 0x8000b380 (0xff9ff06f) j       pc - 0x8
core   0: 3 0x8000b380 (0xff9ff06f)
core   0: 0x8000b378 (0x00002f17) auipc   t5, 0x2
core   0: 3 0x8000b378 (0x00002f17) x30 0x8000d378
core   0: 0x8000b37c (0xc83f2423) sw      gp, -888(t5)
core   0: 3 0x8000b37c (0xc83f2423) mem 0x8000d000 0x00000001
core   0: 0x8000b380 (0xff9ff06f) j       pc - 0x8
core   0: 3 0x8000b380 (0xff9ff06f)
core   0: 0x8000b378 (0x00002f17) auipc   t5, 0x2
core   0: 3 0x8000b378 (0x00002f17) x30 0x8000d378
core   0: 0x8000b37c (0xc83f2423) sw      gp, -888(t5)
core   0: 3 0x8000b37c (0xc83f2423) mem 0x8000d000 0x00000001
core   0: 0x8000b380 (0xff9ff06f) j       pc - 0x8
core   0: 3 0x8000b380 (0xff9ff06f)
core   0: 0x8000b378 (0x00002f17) auipc   t5, 0x2
core   0: 3 0x8000b378 (0x00002f17) x30 0x8000d378
core   0: 0x8000b37c (0xc83f2423) sw      gp, -888(t5)
core   0: 3 0x8000b37c (0xc83f2423) mem 0x8000d000 0x00000001
core   0: 0x8000b380 (0xff9ff06f) j       pc - 0x8
core   0: 3 0x8000b380 (0xff9ff06f)
core   0: 0x8000b378 (0x00002f17) auipc   t5, 0x2
core   0: 3 0x8000b378 (0x00002f17) x30 0x8000d378
core   0: 0x8000b37c (0xc83f2423) sw      gp, -888(t5)
core   0: 3 0x8000b37c (0xc83f2423) mem 0x8000d000 0x00000001
core   0: 0x8000b380 (0xff9ff06f) j       pc - 0x8
core   0: 3 0x8000b380 (0xff9ff06f)
core   0: 0x8000b378 (0x00002f17) auipc   t5, 0x2
core   0: 3 0x8000b378 (0x00002f17) x30 0x8000d378
core   0: 0x8000b37c (0xc83f2423) sw      gp, -888(t5)
core   0: 3 0x8000b37c (0xc83f2423) mem 0x8000d000 0x00000001
core   0: 0x8000b380 (0xff9ff06f) j       pc - 0x8
core   0: 3 0x8000b380 (0xff9ff06f)
core   0: 0x8000b378 (0x00002f17) auipc   t5, 0x2
core   0: 3 0x8000b378 (0x00002f17) x30 0x8000d378
core   0: 0x8000b37c (0xc83f2423) sw      gp, -888(t5)
core   0: 3 0x8000b37c (0xc83f2423) mem 0x8000d000 0x00000001
core   0: 0x8000b380 (0xff9ff06f) j       pc - 0x8
core   0: 3 0x8000b380 (0xff9ff06f)
core   0: 0x8000b378 (0x00002f17) auipc   t5, 0x2
core   0: 3 0x8000b378 (0x00002f17) x30 0x8000d378
core   0: 0x8000b37c (0xc83f2423) sw      gp, -888(t5)
core   0: 3 0x8000b37c (0xc83f2423) mem 0x8000d000 0x00000001
core   0: 0x8000b380 (0xff9ff06f) j       pc - 0x8
core   0: 3 0x8000b380 (0xff9ff06f)
core   0: 0x8000b378 (0x00002f17) auipc   t5, 0x2
core   0: 3 0x8000b378 (0x00002f17) x30 0x8000d378
core   0: 0x8000b37c (0xc83f2423) sw      gp, -888(t5)
core   0: 3 0x8000b37c (0xc83f2423) mem 0x8000d000 0x00000001
core   0: 0x8000b380 (0xff9ff06f) j       pc - 0x8
core   0: 3 0x8000b380 (0xff9ff06f)
core   0: 0x8000b378 (0x00002f17) auipc   t5, 0x2
core   0: 3 0x8000b378 (0x00002f17) x30 0x8000d378
core   0: 0x8000b37c (0xc83f2423) sw      gp, -888(t5)
core   0: 3 0x8000b37c (0xc83f2423) mem 0x8000d000 0x00000001
core   0: 0x8000b380 (0xff9ff06f) j       pc - 0x8
core   0: 3 0x8000b380 (0xff9ff06f)
core   0: 0x8000b378 (0x00002f17) auipc   t5, 0x2
core   0: 3 0x8000b378 (0x00002f17) x30 0x8000d378
core   0: 0x8000b37c (0xc83f2423) sw      gp, -888(t5)
core   0: 3 0x8000b37c (0xc83f2423) mem 0x8000d000 0x00000001
core   0: 0x8000b380 (0xff9ff06f) j       pc - 0x8
core   0: 3 0x8000b380 (0xff9ff06f)
core   0: 0x8000b378 (0x00002f17) auipc   t5, 0x2
core   0: 3 0x8000b378 (0x00002f17) x30 0x8000d378
core   0: 0x8000b37c (0xc83f2423) sw      gp, -888(t5)
core   0: 3 0x8000b37c (0xc83f2423) mem 0x8000d000 0x00000001
core   0: 0x8000b380 (0xff9ff06f) j       pc - 0x8
core   0: 3 0x8000b380 (0xff9ff06f)
core   0: 0x8000b378 (0x00002f17) auipc   t5, 0x2
core   0: 3 0x8000b378 (0x00002f17) x30 0x8000d378
core   0: 0x8000b37c (0xc83f2423) sw      gp, -888(t5)
core   0: 3 0x8000b37c (0xc83f2423) mem 0x8000d000 0x00000001
core   0: 0x8000b380 (0xff9ff06f) j       pc - 0x8
core   0: 3 0x8000b380 (0xff9ff06f)
core   0: 0x8000b378 (0x00002f17) auipc   t5, 0x2
core   0: 3 0x8000b378 (0x00002f17) x30 0x8000d378
core   0: 0x8000b37c (0xc83f2423) sw      gp, -888(t5)
core   0: 3 0x8000b37c (0xc83f2423) mem 0x8000d000 0x00000001
core   0: 0x8000b380 (0xff9ff06f) j       pc - 0x8
core   0: 3 0x8000b380 (0xff9ff06f)
core   0: 0x8000b378 (0x00002f17) auipc   t5, 0x2
core   0: 3 0x8000b378 (0x00002f17) x30 0x8000d378
core   0: 0x8000b37c (0xc83f2423) sw      gp, -888(t5)
core   0: 3 0x8000b37c (0xc83f2423) mem 0x8000d000 0x00000001
core   0: 0x8000b380 (0xff9ff06f) j       pc - 0x8
core   0: 3 0x8000b380 (0xff9ff06f)
core   0: 0x8000b378 (0x00002f17) auipc   t5, 0x2
core   0: 3 0x8000b378 (0x00002f17) x30 0x8000d378
core   0: 0x8000b37c (0xc83f2423) sw      gp, -888(t5)
core   0: 3 0x8000b37c (0xc83f2423) mem 0x8000d000 0x00000001
core   0: 0x8000b380 (0xff9ff06f) j       pc - 0x8
core   0: 3 0x8000b380 (0xff9ff06f)
core   0: 0x8000b378 (0x00002f17) auipc   t5, 0x2
core   0: 3 0x8000b378 (0x00002f17) x30 0x8000d378
core   0: 0x8000b37c (0xc83f2423) sw      gp, -888(t5)
core   0: 3 0x8000b37c (0xc83f2423) mem 0x8000d000 0x00000001
core   0: 0x8000b380 (0xff9ff06f) j       pc - 0x8
core   0: 3 0x8000b380 (0xff9ff06f)
core   0: 0x8000b378 (0x00002f17) auipc   t5, 0x2
core   0: 3 0x8000b378 (0x00002f17) x30 0x8000d378
core   0: 0x8000b37c (0xc83f2423) sw      gp, -888(t5)
core   0: 3 0x8000b37c (0xc83f2423) mem 0x8000d000 0x00000001
core   0: 0x8000b380 (0xff9ff06f) j       pc - 0x8
core   0: 3 0x8000b380 (0xff9ff06f)
core   0: 0x8000b378 (0x00002f17) auipc   t5, 0x2
core   0: 3 0x8000b378 (0x00002f17) x30 0x8000d378
core   0: 0x8000b37c (0xc83f2423) sw      gp, -888(t5)
core   0: 3 0x8000b37c (0xc83f2423) mem 0x8000d000 0x00000001
core   0: 0x8000b380 (0xff9ff06f) j       pc - 0x8
core   0: 3 0x8000b380 (0xff9ff06f)
core   0: 0x8000b378 (0x00002f17) auipc   t5, 0x2
core   0: 3 0x8000b378 (0x00002f17) x30 0x8000d378
core   0: 0x8000b37c (0xc83f2423) sw      gp, -888(t5)
core   0: 3 0x8000b37c (0xc83f2423) mem 0x8000d000 0x00000001
core   0: 0x8000b380 (0xff9ff06f) j       pc - 0x8
core   0: 3 0x8000b380 (0xff9ff06f)
core   0: 0x8000b378 (0x00002f17) auipc   t5, 0x2
core   0: 3 0x8000b378 (0x00002f17) x30 0x8000d378
core   0: 0x8000b37c (0xc83f2423) sw      gp, -888(t5)
core   0: 3 0x8000b37c (0xc83f2423) mem 0x8000d000 0x00000001
core   0: 0x8000b380 (0xff9ff06f) j       pc - 0x8
core   0: 3 0x8000b380 (0xff9ff06f)
core   0: 0x8000b378 (0x00002f17) auipc   t5, 0x2
core   0: 3 0x8000b378 (0x00002f17) x30 0x8000d378
core   0: 0x8000b37c (0xc83f2423) sw      gp, -888(t5)
core   0: 3 0x8000b37c (0xc83f2423) mem 0x8000d000 0x00000001
core   0: 0x8000b380 (0xff9ff06f) j       pc - 0x8
core   0: 3 0x8000b380 (0xff9ff06f)
core   0: 0x8000b378 (0x00002f17) auipc   t5, 0x2
core   0: 3 0x8000b378 (0x00002f17) x30 0x8000d378
core   0: 0x8000b37c (0xc83f2423) sw      gp, -888(t5)
core   0: 3 0x8000b37c (0xc83f2423) mem 0x8000d000 0x00000001
core   0: 0x8000b380 (0xff9ff06f) j       pc - 0x8
core   0: 3 0x8000b380 (0xff9ff06f)
core   0: 0x8000b378 (0x00002f17) auipc   t5, 0x2
core   0: 3 0x8000b378 (0x00002f17) x30 0x8000d378
core   0: 0x8000b37c (0xc83f2423) sw      gp, -888(t5)
core   0: 3 0x8000b37c (0xc83f2423) mem 0x8000d000 0x00000001
core   0: 0x8000b380 (0xff9ff06f) j       pc - 0x8
core   0: 3 0x8000b380 (0xff9ff06f)
core   0: 0x8000b378 (0x00002f17) auipc   t5, 0x2
core   0: 3 0x8000b378 (0x00002f17) x30 0x8000d378
core   0: 0x8000b37c (0xc83f2423) sw      gp, -888(t5)
core   0: 3 0x8000b37c (0xc83f2423) mem 0x8000d000 0x00000001
core   0: 0x8000b380 (0xff9ff06f) j       pc - 0x8
core   0: 3 0x8000b380 (0xff9ff06f)
core   0: 0x8000b378 (0x00002f17) auipc   t5, 0x2
core   0: 3 0x8000b378 (0x00002f17) x30 0x8000d378
core   0: 0x8000b37c (0xc83f2423) sw      gp, -888(t5)
core   0: 3 0x8000b37c (0xc83f2423) mem 0x8000d000 0x00000001
core   0: 0x8000b380 (0xff9ff06f) j       pc - 0x8
core   0: 3 0x8000b380 (0xff9ff06f)
core   0: 0x8000b378 (0x00002f17) auipc   t5, 0x2
core   0: 3 0x8000b378 (0x00002f17) x30 0x8000d378
core   0: 0x8000b37c (0xc83f2423) sw      gp, -888(t5)
core   0: 3 0x8000b37c (0xc83f2423) mem 0x8000d000 0x00000001
core   0: 0x8000b380 (0xff9ff06f) j       pc - 0x8
core   0: 3 0x8000b380 (0xff9ff06f)
core   0: 0x8000b378 (0x00002f17) auipc   t5, 0x2
core   0: 3 0x8000b378 (0x00002f17) x30 0x8000d378
core   0: 0x8000b37c (0xc83f2423) sw      gp, -888(t5)
core   0: 3 0x8000b37c (0xc83f2423) mem 0x8000d000 0x00000001
core   0: 0x8000b380 (0xff9ff06f) j       pc - 0x8
core   0: 3 0x8000b380 (0xff9ff06f)
core   0: 0x8000b378 (0x00002f17) auipc   t5, 0x2
core   0: 3 0x8000b378 (0x00002f17) x30 0x8000d378
core   0: 0x8000b37c (0xc83f2423) sw      gp, -888(t5)
core   0: 3 0x8000b37c (0xc83f2423) mem 0x8000d000 0x00000001
core   0: 0x8000b380 (0xff9ff06f) j       pc - 0x8
core   0: 3 0x8000b380 (0xff9ff06f)
core   0: 0x8000b378 (0x00002f17) auipc   t5, 0x2
core   0: 3 0x8000b378 (0x00002f17) x30 0x8000d378
core   0: 0x8000b37c (0xc83f2423) sw      gp, -888(t5)
core   0: 3 0x8000b37c (0xc83f2423) mem 0x8000d000 0x00000001
core   0: 0x8000b380 (0xff9ff06f) j       pc - 0x8
core   0: 3 0x8000b380 (0xff9ff06f)
core   0: 0x8000b378 (0x00002f17) auipc   t5, 0x2
core   0: 3 0x8000b378 (0x00002f17) x30 0x8000d378
core   0: 0x8000b37c (0xc83f2423) sw      gp, -888(t5)
core   0: 3 0x8000b37c (0xc83f2423) mem 0x8000d000 0x00000001
core   0: 0x8000b380 (0xff9ff06f) j       pc - 0x8
core   0: 3 0x8000b380 (0xff9ff06f)
core   0: 0x8000b378 (0x00002f17) auipc   t5, 0x2
core   0: 3 0x8000b378 (0x00002f17) x30 0x8000d378
core   0: 0x8000b37c (0xc83f2423) sw      gp, -888(t5)
core   0: 3 0x8000b37c (0xc83f2423) mem 0x8000d000 0x00000001
core   0: 0x8000b380 (0xff9ff06f) j       pc - 0x8
core   0: 3 0x8000b380 (0xff9ff06f)
core   0: 0x8000b378 (0x00002f17) auipc   t5, 0x2
core   0: 3 0x8000b378 (0x00002f17) x30 0x8000d378
core   0: 0x8000b37c (0xc83f2423) sw      gp, -888(t5)
core   0: 3 0x8000b37c (0xc83f2423) mem 0x8000d000 0x00000001
core   0: 0x8000b380 (0xff9ff06f) j       pc - 0x8
core   0: 3 0x8000b380 (0xff9ff06f)
core   0: 0x8000b378 (0x00002f17) auipc   t5, 0x2
core   0: 3 0x8000b378 (0x00002f17) x30 0x8000d378
core   0: 0x8000b37c (0xc83f2423) sw      gp, -888(t5)
core   0: 3 0x8000b37c (0xc83f2423) mem 0x8000d000 0x00000001
core   0: 0x8000b380 (0xff9ff06f) j       pc - 0x8
core   0: 3 0x8000b380 (0xff9ff06f)
core   0: 0x8000b378 (0x00002f17) auipc   t5, 0x2
core   0: 3 0x8000b378 (0x00002f17) x30 0x8000d378
core   0: 0x8000b37c (0xc83f2423) sw      gp, -888(t5)
core   0: 3 0x8000b37c (0xc83f2423) mem 0x8000d000 0x00000001
core   0: 0x8000b380 (0xff9ff06f) j       pc - 0x8
core   0: 3 0x8000b380 (0xff9ff06f)
core   0: 0x8000b378 (0x00002f17) auipc   t5, 0x2
core   0: 3 0x8000b378 (0x00002f17) x30 0x8000d378
core   0: 0x8000b37c (0xc83f2423) sw      gp, -888(t5)
core   0: 3 0x8000b37c (0xc83f2423) mem 0x8000d000 0x00000001
core   0: 0x8000b380 (0xff9ff06f) j       pc - 0x8
core   0: 3 0x8000b380 (0xff9ff06f)
core   0: 0x8000b378 (0x00002f17) auipc   t5, 0x2
core   0: 3 0x8000b378 (0x00002f17) x30 0x8000d378
core   0: 0x8000b37c (0xc83f2423) sw      gp, -888(t5)
core   0: 3 0x8000b37c (0xc83f2423) mem 0x8000d000 0x00000001
core   0: 0x8000b380 (0xff9ff06f) j       pc - 0x8
core   0: 3 0x8000b380 (0xff9ff06f)
core   0: 0x8000b378 (0x00002f17) auipc   t5, 0x2
core   0: 3 0x8000b378 (0x00002f17) x30 0x8000d378
core   0: 0x8000b37c (0xc83f2423) sw      gp, -888(t5)
core   0: 3 0x8000b37c (0xc83f2423) mem 0x8000d000 0x00000001
core   0: 0x8000b380 (0xff9ff06f) j       pc - 0x8
core   0: 3 0x8000b380 (0xff9ff06f)
core   0: 0x8000b378 (0x00002f17) auipc   t5, 0x2
core   0: 3 0x8000b378 (0x00002f17) x30 0x8000d378
core   0: 0x8000b37c (0xc83f2423) sw      gp, -888(t5)
core   0: 3 0x8000b37c (0xc83f2423) mem 0x8000d000 0x00000001
core   0: 0x8000b380 (0xff9ff06f) j       pc - 0x8
core   0: 3 0x8000b380 (0xff9ff06f)
core   0: 0x8000b378 (0x00002f17) auipc   t5, 0x2
core   0: 3 0x8000b378 (0x00002f17) x30 0x8000d378
core   0: 0x8000b37c (0xc83f2423) sw      gp, -888(t5)
core   0: 3 0x8000b37c (0xc83f2423) mem 0x8000d000 0x00000001
core   0: 0x8000b380 (0xff9ff06f) j       pc - 0x8
core   0: 3 0x8000b380 (0xff9ff06f)
core   0: 0x8000b378 (0x00002f17) auipc   t5, 0x2
core   0: 3 0x8000b378 (0x00002f17) x30 0x8000d378
core   0: 0x8000b37c (0xc83f2423) sw      gp, -888(t5)
core   0: 3 0x8000b37c (0xc83f2423) mem 0x8000d000 0x00000001
core   0: 0x8000b380 (0xff9ff06f) j       pc - 0x8
core   0: 3 0x8000b380 (0xff9ff06f)
core   0: 0x8000b378 (0x00002f17) auipc   t5, 0x2
core   0: 3 0x8000b378 (0x00002f17) x30 0x8000d378
core   0: 0x8000b37c (0xc83f2423) sw      gp, -888(t5)
core   0: 3 0x8000b37c (0xc83f2423) mem 0x8000d000 0x00000001
core   0: 0x8000b380 (0xff9ff06f) j       pc - 0x8
core   0: 3 0x8000b380 (0xff9ff06f)
core   0: 0x8000b378 (0x00002f17) auipc   t5, 0x2
core   0: 3 0x8000b378 (0x00002f17) x30 0x8000d378
core   0: 0x8000b37c (0xc83f2423) sw      gp, -888(t5)
core   0: 3 0x8000b37c (0xc83f2423) mem 0x8000d000 0x00000001
core   0: 0x8000b380 (0xff9ff06f) j       pc - 0x8
core   0: 3 0x8000b380 (0xff9ff06f)
core   0: 0x8000b378 (0x00002f17) auipc   t5, 0x2
core   0: 3 0x8000b378 (0x00002f17) x30 0x8000d378
core   0: 0x8000b37c (0xc83f2423) sw      gp, -888(t5)
core   0: 3 0x8000b37c (0xc83f2423) mem 0x8000d000 0x00000001
core   0: 0x8000b380 (0xff9ff06f) j       pc - 0x8
core   0: 3 0x8000b380 (0xff9ff06f)
core   0: 0x8000b378 (0x00002f17) auipc   t5, 0x2
core   0: 3 0x8000b378 (0x00002f17) x30 0x8000d378
core   0: 0x8000b37c (0xc83f2423) sw      gp, -888(t5)
core   0: 3 0x8000b37c (0xc83f2423) mem 0x8000d000 0x00000001
core   0: 0x8000b380 (0xff9ff06f) j       pc - 0x8
core   0: 3 0x8000b380 (0xff9ff06f)
core   0: 0x8000b378 (0x00002f17) auipc   t5, 0x2
core   0: 3 0x8000b378 (0x00002f17) x30 0x8000d378
core   0: 0x8000b37c (0xc83f2423) sw      gp, -888(t5)
core   0: 3 0x8000b37c (0xc83f2423) mem 0x8000d000 0x00000001
core   0: 0x8000b380 (0xff9ff06f) j       pc - 0x8
core   0: 3 0x8000b380 (0xff9ff06f)
core   0: 0x8000b378 (0x00002f17) auipc   t5, 0x2
core   0: 3 0x8000b378 (0x00002f17) x30 0x8000d378
core   0: 0x8000b37c (0xc83f2423) sw      gp, -888(t5)
core   0: 3 0x8000b37c (0xc83f2423) mem 0x8000d000 0x00000001
core   0: 0x8000b380 (0xff9ff06f) j       pc - 0x8
core   0: 3 0x8000b380 (0xff9ff06f)
core   0: 0x8000b378 (0x00002f17) auipc   t5, 0x2
core   0: 3 0x8000b378 (0x00002f17) x30 0x8000d378
core   0: 0x8000b37c (0xc83f2423) sw      gp, -888(t5)
core   0: 3 0x8000b37c (0xc83f2423) mem 0x8000d000 0x00000001
core   0: 0x8000b380 (0xff9ff06f) j       pc - 0x8
core   0: 3 0x8000b380 (0xff9ff06f)
core   0: 0x8000b378 (0x00002f17) auipc   t5, 0x2
core   0: 3 0x8000b378 (0x00002f17) x30 0x8000d378
core   0: 0x8000b37c (0xc83f2423) sw      gp, -888(t5)
core   0: 3 0x8000b37c (0xc83f2423) mem 0x8000d000 0x00000001
core   0: 0x8000b380 (0xff9ff06f) j       pc - 0x8
core   0: 3 0x8000b380 (0xff9ff06f)
core   0: 0x8000b378 (0x00002f17) auipc   t5, 0x2
core   0: 3 0x8000b378 (0x00002f17) x30 0x8000d378
core   0: 0x8000b37c (0xc83f2423) sw      gp, -888(t5)
core   0: 3 0x8000b37c (0xc83f2423) mem 0x8000d000 0x00000001
core   0: 0x8000b380 (0xff9ff06f) j       pc - 0x8
core   0: 3 0x8000b380 (0xff9ff06f)
core   0: 0x8000b378 (0x00002f17) auipc   t5, 0x2
core   0: 3 0x8000b378 (0x00002f17) x30 0x8000d378
core   0: 0x8000b37c (0xc83f2423) sw      gp, -888(t5)
core   0: 3 0x8000b37c (0xc83f2423) mem 0x8000d000 0x00000001
core   0: 0x8000b380 (0xff9ff06f) j       pc - 0x8
core   0: 3 0x8000b380 (0xff9ff06f)
core   0: 0x8000b378 (0x00002f17) auipc   t5, 0x2
core   0: 3 0x8000b378 (0x00002f17) x30 0x8000d378
core   0: 0x8000b37c (0xc83f2423) sw      gp, -888(t5)
core   0: 3 0x8000b37c (0xc83f2423) mem 0x8000d000 0x00000001
core   0: 0x8000b380 (0xff9ff06f) j       pc - 0x8
core   0: 3 0x8000b380 (0xff9ff06f)
core   0: 0x8000b378 (0x00002f17) auipc   t5, 0x2
core   0: 3 0x8000b378 (0x00002f17) x30 0x8000d378
core   0: 0x8000b37c (0xc83f2423) sw      gp, -888(t5)
core   0: 3 0x8000b37c (0xc83f2423) mem 0x8000d000 0x00000001
core   0: 0x8000b380 (0xff9ff06f) j       pc - 0x8
core   0: 3 0x8000b380 (0xff9ff06f)
core   0: 0x8000b378 (0x00002f17) auipc   t5, 0x2
core   0: 3 0x8000b378 (0x00002f17) x30 0x8000d378
core   0: 0x8000b37c (0xc83f2423) sw      gp, -888(t5)
core   0: 3 0x8000b37c (0xc83f2423) mem 0x8000d000 0x00000001
core   0: 0x8000b380 (0xff9ff06f) j       pc - 0x8
core   0: 3 0x8000b380 (0xff9ff06f)
core   0: 0x8000b378 (0x00002f17) auipc   t5, 0x2
core   0: 3 0x8000b378 (0x00002f17) x30 0x8000d378
core   0: 0x8000b37c (0xc83f2423) sw      gp, -888(t5)
core   0: 3 0x8000b37c (0xc83f2423) mem 0x8000d000 0x00000001
core   0: 0x8000b380 (0xff9ff06f) j       pc - 0x8
core   0: 3 0x8000b380 (0xff9ff06f)
core   0: 0x8000b378 (0x00002f17) auipc   t5, 0x2
core   0: 3 0x8000b378 (0x00002f17) x30 0x8000d378
core   0: 0x8000b37c (0xc83f2423) sw      gp, -888(t5)
core   0: 3 0x8000b37c (0xc83f2423) mem 0x8000d000 0x00000001
core   0: 0x8000b380 (0xff9ff06f) j       pc - 0x8
core   0: 3 0x8000b380 (0xff9ff06f)
core   0: 0x8000b378 (0x00002f17) auipc   t5, 0x2
core   0: 3 0x8000b378 (0x00002f17) x30 0x8000d378
core   0: 0x8000b37c (0xc83f2423) sw      gp, -888(t5)
core   0: 3 0x8000b37c (0xc83f2423) mem 0x8000d000 0x00000001
core   0: 0x8000b380 (0xff9ff06f) j       pc - 0x8
core   0: 3 0x8000b380 (0xff9ff06f)
core   0: 0x8000b378 (0x00002f17) auipc   t5, 0x2
core   0: 3 0x8000b378 (0x00002f17) x30 0x8000d378
core   0: 0x8000b37c (0xc83f2423) sw      gp, -888(t5)
core   0: 3 0x8000b37c (0xc83f2423) mem 0x8000d000 0x00000001
core   0: 0x8000b380 (0xff9ff06f) j       pc - 0x8
core   0: 3 0x8000b380 (0xff9ff06f)
core   0: 0x8000b378 (0x00002f17) auipc   t5, 0x2
core   0: 3 0x8000b378 (0x00002f17) x30 0x8000d378
core   0: 0x8000b37c (0xc83f2423) sw      gp, -888(t5)
core   0: 3 0x8000b37c (0xc83f2423) mem 0x8000d000 0x00000001
core   0: 0x8000b380 (0xff9ff06f) j       pc - 0x8
core   0: 3 0x8000b380 (0xff9ff06f)
core   0: 0x8000b378 (0x00002f17) auipc   t5, 0x2
core   0: 3 0x8000b378 (0x00002f17) x30 0x8000d378
core   0: 0x8000b37c (0xc83f2423) sw      gp, -888(t5)
core   0: 3 0x8000b37c (0xc83f2423) mem 0x8000d000 0x00000001
core   0: 0x8000b380 (0xff9ff06f) j       pc - 0x8
core   0: 3 0x8000b380 (0xff9ff06f)
core   0: 0x8000b378 (0x00002f17) auipc   t5, 0x2
core   0: 3 0x8000b378 (0x00002f17) x30 0x8000d378
core   0: 0x8000b37c (0xc83f2423) sw      gp, -888(t5)
core   0: 3 0x8000b37c (0xc83f2423) mem 0x8000d000 0x00000001
core   0: 0x8000b380 (0xff9ff06f) j       pc - 0x8
core   0: 3 0x8000b380 (0xff9ff06f)
core   0: 0x8000b378 (0x00002f17) auipc   t5, 0x2
core   0: 3 0x8000b378 (0x00002f17) x30 0x8000d378
core   0: 0x8000b37c (0xc83f2423) sw      gp, -888(t5)
core   0: 3 0x8000b37c (0xc83f2423) mem 0x8000d000 0x00000001
core   0: 0x8000b380 (0xff9ff06f) j       pc - 0x8
core   0: 3 0x8000b380 (0xff9ff06f)
core   0: 0x8000b378 (0x00002f17) auipc   t5, 0x2
core   0: 3 0x8000b378 (0x00002f17) x30 0x8000d378
core   0: 0x8000b37c (0xc83f2423) sw      gp, -888(t5)
core   0: 3 0x8000b37c (0xc83f2423) mem 0x8000d000 0x00000001
core   0: 0x8000b380 (0xff9ff06f) j       pc - 0x8
core   0: 3 0x8000b380 (0xff9ff06f)
core   0: 0x8000b378 (0x00002f17) auipc   t5, 0x2
core   0: 3 0x8000b378 (0x00002f17) x30 0x8000d378
core   0: 0x8000b37c (0xc83f2423) sw      gp, -888(t5)
core   0: 3 0x8000b37c (0xc83f2423) mem 0x8000d000 0x00000001
core   0: 0x8000b380 (0xff9ff06f) j       pc - 0x8
core   0: 3 0x8000b380 (0xff9ff06f)
core   0: 0x8000b378 (0x00002f17) auipc   t5, 0x2
core   0: 3 0x8000b378 (0x00002f17) x30 0x8000d378
core   0: 0x8000b37c (0xc83f2423) sw      gp, -888(t5)
core   0: 3 0x8000b37c (0xc83f2423) mem 0x8000d000 0x00000001
core   0: 0x8000b380 (0xff9ff06f) j       pc - 0x8
core   0: 3 0x8000b380 (0xff9ff06f)
core   0: 0x8000b378 (0x00002f17) auipc   t5, 0x2
core   0: 3 0x8000b378 (0x00002f17) x30 0x8000d378
core   0: 0x8000b37c (0xc83f2423) sw      gp, -888(t5)
core   0: 3 0x8000b37c (0xc83f2423) mem 0x8000d000 0x00000001
core   0: 0x8000b380 (0xff9ff06f) j       pc - 0x8
core   0: 3 0x8000b380 (0xff9ff06f)
core   0: 0x8000b378 (0x00002f17) auipc   t5, 0x2
core   0: 3 0x8000b378 (0x00002f17) x30 0x8000d378
core   0: 0x8000b37c (0xc83f2423) sw      gp, -888(t5)
core   0: 3 0x8000b37c (0xc83f2423) mem 0x8000d000 0x00000001
core   0: 0x8000b380 (0xff9ff06f) j       pc - 0x8
core   0: 3 0x8000b380 (0xff9ff06f)
core   0: 0x8000b378 (0x00002f17) auipc   t5, 0x2
core   0: 3 0x8000b378 (0x00002f17) x30 0x8000d378
core   0: 0x8000b37c (0xc83f2423) sw      gp, -888(t5)
core   0: 3 0x8000b37c (0xc83f2423) mem 0x8000d000 0x00000001
core   0: 0x8000b380 (0xff9ff06f) j       pc - 0x8
core   0: 3 0x8000b380 (0xff9ff06f)
core   0: 0x8000b378 (0x00002f17) auipc   t5, 0x2
core   0: 3 0x8000b378 (0x00002f17) x30 0x8000d378
core   0: 0x8000b37c (0xc83f2423) sw      gp, -888(t5)
core   0: 3 0x8000b37c (0xc83f2423) mem 0x8000d000 0x00000001
core   0: 0x8000b380 (0xff9ff06f) j       pc - 0x8
core   0: 3 0x8000b380 (0xff9ff06f)
core   0: 0x8000b378 (0x00002f17) auipc   t5, 0x2
core   0: 3 0x8000b378 (0x00002f17) x30 0x8000d378
core   0: 0x8000b37c (0xc83f2423) sw      gp, -888(t5)
core   0: 3 0x8000b37c (0xc83f2423) mem 0x8000d000 0x00000001
core   0: 0x8000b380 (0xff9ff06f) j       pc - 0x8
core   0: 3 0x8000b380 (0xff9ff06f)
core   0: 0x8000b378 (0x00002f17) auipc   t5, 0x2
core   0: 3 0x8000b378 (0x00002f17) x30 0x8000d378
core   0: 0x8000b37c (0xc83f2423) sw      gp, -888(t5)
core   0: 3 0x8000b37c (0xc83f2423) mem 0x8000d000 0x00000001
core   0: 0x8000b380 (0xff9ff06f) j       pc - 0x8
core   0: 3 0x8000b380 (0xff9ff06f)
core   0: 0x8000b378 (0x00002f17) auipc   t5, 0x2
core   0: 3 0x8000b378 (0x00002f17) x30 0x8000d378
core   0: 0x8000b37c (0xc83f2423) sw      gp, -888(t5)
core   0: 3 0x8000b37c (0xc83f2423) mem 0x8000d000 0x00000001
core   0: 0x8000b380 (0xff9ff06f) j       pc - 0x8
core   0: 3 0x8000b380 (0xff9ff06f)
core   0: 0x8000b378 (0x00002f17) auipc   t5, 0x2
core   0: 3 0x8000b378 (0x00002f17) x30 0x8000d378
core   0: 0x8000b37c (0xc83f2423) sw      gp, -888(t5)
core   0: 3 0x8000b37c (0xc83f2423) mem 0x8000d000 0x00000001
core   0: 0x8000b380 (0xff9ff06f) j       pc - 0x8
core   0: 3 0x8000b380 (0xff9ff06f)
core   0: 0x8000b378 (0x00002f17) auipc   t5, 0x2
core   0: 3 0x8000b378 (0x00002f17) x30 0x8000d378
core   0: 0x8000b37c (0xc83f2423) sw      gp, -888(t5)
core   0: 3 0x8000b37c (0xc83f2423) mem 0x8000d000 0x00000001
core   0: 0x8000b380 (0xff9ff06f) j       pc - 0x8
core   0: 3 0x8000b380 (0xff9ff06f)
core   0: 0x8000b378 (0x00002f17) auipc   t5, 0x2
core   0: 3 0x8000b378 (0x00002f17) x30 0x8000d378
core   0: 0x8000b37c (0xc83f2423) sw      gp, -888(t5)
core   0: 3 0x8000b37c (0xc83f2423) mem 0x8000d000 0x00000001
core   0: 0x8000b380 (0xff9ff06f) j       pc - 0x8
core   0: 3 0x8000b380 (0xff9ff06f)
core   0: 0x8000b378 (0x00002f17) auipc   t5, 0x2
core   0: 3 0x8000b378 (0x00002f17) x30 0x8000d378
core   0: 0x8000b37c (0xc83f2423) sw      gp, -888(t5)
core   0: 3 0x8000b37c (0xc83f2423) mem 0x8000d000 0x00000001
core   0: 0x8000b380 (0xff9ff06f) j       pc - 0x8
core   0: 3 0x8000b380 (0xff9ff06f)
core   0: 0x8000b378 (0x00002f17) auipc   t5, 0x2
core   0: 3 0x8000b378 (0x00002f17) x30 0x8000d378
core   0: 0x8000b37c (0xc83f2423) sw      gp, -888(t5)
core   0: 3 0x8000b37c (0xc83f2423) mem 0x8000d000 0x00000001
core   0: 0x8000b380 (0xff9ff06f) j       pc - 0x8
core   0: 3 0x8000b380 (0xff9ff06f)
core   0: 0x8000b378 (0x00002f17) auipc   t5, 0x2
core   0: 3 0x8000b378 (0x00002f17) x30 0x8000d378
core   0: 0x8000b37c (0xc83f2423) sw      gp, -888(t5)
core   0: 3 0x8000b37c (0xc83f2423) mem 0x8000d000 0x00000001
core   0: 0x8000b380 (0xff9ff06f) j       pc - 0x8
core   0: 3 0x8000b380 (0xff9ff06f)
core   0: 0x8000b378 (0x00002f17) auipc   t5, 0x2
core   0: 3 0x8000b378 (0x00002f17) x30 0x8000d378
core   0: 0x8000b37c (0xc83f2423) sw      gp, -888(t5)
core   0: 3 0x8000b37c (0xc83f2423) mem 0x8000d000 0x00000001
core   0: 0x8000b380 (0xff9ff06f) j       pc - 0x8
core   0: 3 0x8000b380 (0xff9ff06f)
core   0: 0x8000b378 (0x00002f17) auipc   t5, 0x2
core   0: 3 0x8000b378 (0x00002f17) x30 0x8000d378
core   0: 0x8000b37c (0xc83f2423) sw      gp, -888(t5)
core   0: 3 0x8000b37c (0xc83f2423) mem 0x8000d000 0x00000001
core   0: 0x8000b380 (0xff9ff06f) j       pc - 0x8
core   0: 3 0x8000b380 (0xff9ff06f)
core   0: 0x8000b378 (0x00002f17) auipc   t5, 0x2
core   0: 3 0x8000b378 (0x00002f17) x30 0x8000d378
core   0: 0x8000b37c (0xc83f2423) sw      gp, -888(t5)
core   0: 3 0x8000b37c (0xc83f2423) mem 0x8000d000 0x00000001
core   0: 0x8000b380 (0xff9ff06f) j       pc - 0x8
core   0: 3 0x8000b380 (0xff9ff06f)
core   0: 0x8000b378 (0x00002f17) auipc   t5, 0x2
core   0: 3 0x8000b378 (0x00002f17) x30 0x8000d378
core   0: 0x8000b37c (0xc83f2423) sw      gp, -888(t5)
core   0: 3 0x8000b37c (0xc83f2423) mem 0x8000d000 0x00000001
core   0: 0x8000b380 (0xff9ff06f) j       pc - 0x8
core   0: 3 0x8000b380 (0xff9ff06f)
core   0: 0x8000b378 (0x00002f17) auipc   t5, 0x2
core   0: 3 0x8000b378 (0x00002f17) x30 0x8000d378
core   0: 0x8000b37c (0xc83f2423) sw      gp, -888(t5)
core   0: 3 0x8000b37c (0xc83f2423) mem 0x8000d000 0x00000001
core   0: 0x8000b380 (0xff9ff06f) j       pc - 0x8
core   0: 3 0x8000b380 (0xff9ff06f)
core   0: 0x8000b378 (0x00002f17) auipc   t5, 0x2
core   0: 3 0x8000b378 (0x00002f17) x30 0x8000d378
core   0: 0x8000b37c (0xc83f2423) sw      gp, -888(t5)
core   0: 3 0x8000b37c (0xc83f2423) mem 0x8000d000 0x00000001
core   0: 0x8000b380 (0xff9ff06f) j       pc - 0x8
core   0: 3 0x8000b380 (0xff9ff06f)
core   0: 0x8000b378 (0x00002f17) auipc   t5, 0x2
core   0: 3 0x8000b378 (0x00002f17) x30 0x8000d378
core   0: 0x8000b37c (0xc83f2423) sw      gp, -888(t5)
core   0: 3 0x8000b37c (0xc83f2423) mem 0x8000d000 0x00000001
core   0: 0x8000b380 (0xff9ff06f) j       pc - 0x8
core   0: 3 0x8000b380 (0xff9ff06f)
core   0: 0x8000b378 (0x00002f17) auipc   t5, 0x2
core   0: 3 0x8000b378 (0x00002f17) x30 0x8000d378
core   0: 0x8000b37c (0xc83f2423) sw      gp, -888(t5)
core   0: 3 0x8000b37c (0xc83f2423) mem 0x8000d000 0x00000001
core   0: 0x8000b380 (0xff9ff06f) j       pc - 0x8
core   0: 3 0x8000b380 (0xff9ff06f)
core   0: 0x8000b378 (0x00002f17) auipc   t5, 0x2
core   0: 3 0x8000b378 (0x00002f17) x30 0x8000d378
core   0: 0x8000b37c (0xc83f2423) sw      gp, -888(t5)
core   0: 3 0x8000b37c (0xc83f2423) mem 0x8000d000 0x00000001
core   0: 0x8000b380 (0xff9ff06f) j       pc - 0x8
core   0: 3 0x8000b380 (0xff9ff06f)
core   0: 0x8000b378 (0x00002f17) auipc   t5, 0x2
core   0: 3 0x8000b378 (0x00002f17) x30 0x8000d378
core   0: 0x8000b37c (0xc83f2423) sw      gp, -888(t5)
core   0: 3 0x8000b37c (0xc83f2423) mem 0x8000d000 0x00000001
core   0: 0x8000b380 (0xff9ff06f) j       pc - 0x8
core   0: 3 0x8000b380 (0xff9ff06f)
core   0: 0x8000b378 (0x00002f17) auipc   t5, 0x2
core   0: 3 0x8000b378 (0x00002f17) x30 0x8000d378
core   0: 0x8000b37c (0xc83f2423) sw      gp, -888(t5)
core   0: 3 0x8000b37c (0xc83f2423) mem 0x8000d000 0x00000001
core   0: 0x8000b380 (0xff9ff06f) j       pc - 0x8
core   0: 3 0x8000b380 (0xff9ff06f)
core   0: 0x8000b378 (0x00002f17) auipc   t5, 0x2
core   0: 3 0x8000b378 (0x00002f17) x30 0x8000d378
core   0: 0x8000b37c (0xc83f2423) sw      gp, -888(t5)
core   0: 3 0x8000b37c (0xc83f2423) mem 0x8000d000 0x00000001
core   0: 0x8000b380 (0xff9ff06f) j       pc - 0x8
core   0: 3 0x8000b380 (0xff9ff06f)
core   0: 0x8000b378 (0x00002f17) auipc   t5, 0x2
core   0: 3 0x8000b378 (0x00002f17) x30 0x8000d378
core   0: 0x8000b37c (0xc83f2423) sw      gp, -888(t5)
core   0: 3 0x8000b37c (0xc83f2423) mem 0x8000d000 0x00000001
core   0: 0x8000b380 (0xff9ff06f) j       pc - 0x8
core   0: 3 0x8000b380 (0xff9ff06f)
core   0: 0x8000b378 (0x00002f17) auipc   t5, 0x2
core   0: 3 0x8000b378 (0x00002f17) x30 0x8000d378
core   0: 0x8000b37c (0xc83f2423) sw      gp, -888(t5)
core   0: 3 0x8000b37c (0xc83f2423) mem 0x8000d000 0x00000001
core   0: 0x8000b380 (0xff9ff06f) j       pc - 0x8
core   0: 3 0x8000b380 (0xff9ff06f)
core   0: 0x8000b378 (0x00002f17) auipc   t5, 0x2
core   0: 3 0x8000b378 (0x00002f17) x30 0x8000d378
core   0: 0x8000b37c (0xc83f2423) sw      gp, -888(t5)
core   0: 3 0x8000b37c (0xc83f2423) mem 0x8000d000 0x00000001
core   0: 0x8000b380 (0xff9ff06f) j       pc - 0x8
core   0: 3 0x8000b380 (0xff9ff06f)
core   0: 0x8000b378 (0x00002f17) auipc   t5, 0x2
core   0: 3 0x8000b378 (0x00002f17) x30 0x8000d378
core   0: 0x8000b37c (0xc83f2423) sw      gp, -888(t5)
core   0: 3 0x8000b37c (0xc83f2423) mem 0x8000d000 0x00000001
core   0: 0x8000b380 (0xff9ff06f) j       pc - 0x8
core   0: 3 0x8000b380 (0xff9ff06f)
core   0: 0x8000b378 (0x00002f17) auipc   t5, 0x2
core   0: 3 0x8000b378 (0x00002f17) x30 0x8000d378
core   0: 0x8000b37c (0xc83f2423) sw      gp, -888(t5)
core   0: 3 0x8000b37c (0xc83f2423) mem 0x8000d000 0x00000001
core   0: 0x8000b380 (0xff9ff06f) j       pc - 0x8
core   0: 3 0x8000b380 (0xff9ff06f)
core   0: 0x8000b378 (0x00002f17) auipc   t5, 0x2
core   0: 3 0x8000b378 (0x00002f17) x30 0x8000d378
core   0: 0x8000b37c (0xc83f2423) sw      gp, -888(t5)
core   0: 3 0x8000b37c (0xc83f2423) mem 0x8000d000 0x00000001
core   0: 0x8000b380 (0xff9ff06f) j       pc - 0x8
core   0: 3 0x8000b380 (0xff9ff06f)
core   0: 0x8000b378 (0x00002f17) auipc   t5, 0x2
core   0: 3 0x8000b378 (0x00002f17) x30 0x8000d378
core   0: 0x8000b37c (0xc83f2423) sw      gp, -888(t5)
core   0: 3 0x8000b37c (0xc83f2423) mem 0x8000d000 0x00000001
core   0: 0x8000b380 (0xff9ff06f) j       pc - 0x8
core   0: 3 0x8000b380 (0xff9ff06f)
core   0: 0x8000b378 (0x00002f17) auipc   t5, 0x2
core   0: 3 0x8000b378 (0x00002f17) x30 0x8000d378
core   0: 0x8000b37c (0xc83f2423) sw      gp, -888(t5)
core   0: 3 0x8000b37c (0xc83f2423) mem 0x8000d000 0x00000001
core   0: 0x8000b380 (0xff9ff06f) j       pc - 0x8
core   0: 3 0x8000b380 (0xff9ff06f)
core   0: 0x8000b378 (0x00002f17) auipc   t5, 0x2
core   0: 3 0x8000b378 (0x00002f17) x30 0x8000d378
core   0: 0x8000b37c (0xc83f2423) sw      gp, -888(t5)
core   0: 3 0x8000b37c (0xc83f2423) mem 0x8000d000 0x00000001
core   0: 0x8000b380 (0xff9ff06f) j       pc - 0x8
core   0: 3 0x8000b380 (0xff9ff06f)
core   0: 0x8000b378 (0x00002f17) auipc   t5, 0x2
core   0: 3 0x8000b378 (0x00002f17) x30 0x8000d378
core   0: 0x8000b37c (0xc83f2423) sw      gp, -888(t5)
core   0: 3 0x8000b37c (0xc83f2423) mem 0x8000d000 0x00000001
core   0: 0x8000b380 (0xff9ff06f) j       pc - 0x8
core   0: 3 0x8000b380 (0xff9ff06f)
core   0: 0x8000b378 (0x00002f17) auipc   t5, 0x2
core   0: 3 0x8000b378 (0x00002f17) x30 0x8000d378
core   0: 0x8000b37c (0xc83f2423) sw      gp, -888(t5)
core   0: 3 0x8000b37c (0xc83f2423) mem 0x8000d000 0x00000001
core   0: 0x8000b380 (0xff9ff06f) j       pc - 0x8
core   0: 3 0x8000b380 (0xff9ff06f)
core   0: 0x8000b378 (0x00002f17) auipc   t5, 0x2
core   0: 3 0x8000b378 (0x00002f17) x30 0x8000d378
core   0: 0x8000b37c (0xc83f2423) sw      gp, -888(t5)
core   0: 3 0x8000b37c (0xc83f2423) mem 0x8000d000 0x00000001
core   0: 0x8000b380 (0xff9ff06f) j       pc - 0x8
core   0: 3 0x8000b380 (0xff9ff06f)
core   0: 0x8000b378 (0x00002f17) auipc   t5, 0x2
core   0: 3 0x8000b378 (0x00002f17) x30 0x8000d378
core   0: 0x8000b37c (0xc83f2423) sw      gp, -888(t5)
core   0: 3 0x8000b37c (0xc83f2423) mem 0x8000d000 0x00000001
core   0: 0x8000b380 (0xff9ff06f) j       pc - 0x8
core   0: 3 0x8000b380 (0xff9ff06f)
core   0: 0x8000b378 (0x00002f17) auipc   t5, 0x2
core   0: 3 0x8000b378 (0x00002f17) x30 0x8000d378
core   0: 0x8000b37c (0xc83f2423) sw      gp, -888(t5)
core   0: 3 0x8000b37c (0xc83f2423) mem 0x8000d000 0x00000001
core   0: 0x8000b380 (0xff9ff06f) j       pc - 0x8
core   0: 3 0x8000b380 (0xff9ff06f)
core   0: 0x8000b378 (0x00002f17) auipc   t5, 0x2
core   0: 3 0x8000b378 (0x00002f17) x30 0x8000d378
core   0: 0x8000b37c (0xc83f2423) sw      gp, -888(t5)
core   0: 3 0x8000b37c (0xc83f2423) mem 0x8000d000 0x00000001
core   0: 0x8000b380 (0xff9ff06f) j       pc - 0x8
core   0: 3 0x8000b380 (0xff9ff06f)
core   0: 0x8000b378 (0x00002f17) auipc   t5, 0x2
core   0: 3 0x8000b378 (0x00002f17) x30 0x8000d378
core   0: 0x8000b37c (0xc83f2423) sw      gp, -888(t5)
core   0: 3 0x8000b37c (0xc83f2423) mem 0x8000d000 0x00000001
core   0: 0x8000b380 (0xff9ff06f) j       pc - 0x8
core   0: 3 0x8000b380 (0xff9ff06f)
core   0: 0x8000b378 (0x00002f17) auipc   t5, 0x2
core   0: 3 0x8000b378 (0x00002f17) x30 0x8000d378
core   0: 0x8000b37c (0xc83f2423) sw      gp, -888(t5)
core   0: 3 0x8000b37c (0xc83f2423) mem 0x8000d000 0x00000001
core   0: 0x8000b380 (0xff9ff06f) j       pc - 0x8
core   0: 3 0x8000b380 (0xff9ff06f)
core   0: 0x8000b378 (0x00002f17) auipc   t5, 0x2
core   0: 3 0x8000b378 (0x00002f17) x30 0x8000d378
core   0: 0x8000b37c (0xc83f2423) sw      gp, -888(t5)
core   0: 3 0x8000b37c (0xc83f2423) mem 0x8000d000 0x00000001
core   0: 0x8000b380 (0xff9ff06f) j       pc - 0x8
core   0: 3 0x8000b380 (0xff9ff06f)
core   0: 0x8000b378 (0x00002f17) auipc   t5, 0x2
core   0: 3 0x8000b378 (0x00002f17) x30 0x8000d378
core   0: 0x8000b37c (0xc83f2423) sw      gp, -888(t5)
core   0: 3 0x8000b37c (0xc83f2423) mem 0x8000d000 0x00000001
core   0: 0x8000b380 (0xff9ff06f) j       pc - 0x8
core   0: 3 0x8000b380 (0xff9ff06f)
core   0: 0x8000b378 (0x00002f17) auipc   t5, 0x2
core   0: 3 0x8000b378 (0x00002f17) x30 0x8000d378
core   0: 0x8000b37c (0xc83f2423) sw      gp, -888(t5)
core   0: 3 0x8000b37c (0xc83f2423) mem 0x8000d000 0x00000001
core   0: 0x8000b380 (0xff9ff06f) j       pc - 0x8
core   0: 3 0x8000b380 (0xff9ff06f)
core   0: 0x8000b378 (0x00002f17) auipc   t5, 0x2
core   0: 3 0x8000b378 (0x00002f17) x30 0x8000d378
core   0: 0x8000b37c (0xc83f2423) sw      gp, -888(t5)
core   0: 3 0x8000b37c (0xc83f2423) mem 0x8000d000 0x00000001
core   0: 0x8000b380 (0xff9ff06f) j       pc - 0x8
core   0: 3 0x8000b380 (0xff9ff06f)
core   0: 0x8000b378 (0x00002f17) auipc   t5, 0x2
core   0: 3 0x8000b378 (0x00002f17) x30 0x8000d378
core   0: 0x8000b37c (0xc83f2423) sw      gp, -888(t5)
core   0: 3 0x8000b37c (0xc83f2423) mem 0x8000d000 0x00000001
core   0: 0x8000b380 (0xff9ff06f) j       pc - 0x8
core   0: 3 0x8000b380 (0xff9ff06f)
core   0: 0x8000b378 (0x00002f17) auipc   t5, 0x2
core   0: 3 0x8000b378 (0x00002f17) x30 0x8000d378
core   0: 0x8000b37c (0xc83f2423) sw      gp, -888(t5)
core   0: 3 0x8000b37c (0xc83f2423) mem 0x8000d000 0x00000001
core   0: 0x8000b380 (0xff9ff06f) j       pc - 0x8
core   0: 3 0x8000b380 (0xff9ff06f)
core   0: 0x8000b378 (0x00002f17) auipc   t5, 0x2
core   0: 3 0x8000b378 (0x00002f17) x30 0x8000d378
core   0: 0x8000b37c (0xc83f2423) sw      gp, -888(t5)
core   0: 3 0x8000b37c (0xc83f2423) mem 0x8000d000 0x00000001
core   0: 0x8000b380 (0xff9ff06f) j       pc - 0x8
core   0: 3 0x8000b380 (0xff9ff06f)
core   0: 0x8000b378 (0x00002f17) auipc   t5, 0x2
core   0: 3 0x8000b378 (0x00002f17) x30 0x8000d378
core   0: 0x8000b37c (0xc83f2423) sw      gp, -888(t5)
core   0: 3 0x8000b37c (0xc83f2423) mem 0x8000d000 0x00000001
core   0: 0x8000b380 (0xff9ff06f) j       pc - 0x8
core   0: 3 0x8000b380 (0xff9ff06f)
core   0: 0x8000b378 (0x00002f17) auipc   t5, 0x2
core   0: 3 0x8000b378 (0x00002f17) x30 0x8000d378
core   0: 0x8000b37c (0xc83f2423) sw      gp, -888(t5)
core   0: 3 0x8000b37c (0xc83f2423) mem 0x8000d000 0x00000001
core   0: 0x8000b380 (0xff9ff06f) j       pc - 0x8
core   0: 3 0x8000b380 (0xff9ff06f)
core   0: 0x8000b378 (0x00002f17) auipc   t5, 0x2
core   0: 3 0x8000b378 (0x00002f17) x30 0x8000d378
core   0: 0x8000b37c (0xc83f2423) sw      gp, -888(t5)
core   0: 3 0x8000b37c (0xc83f2423) mem 0x8000d000 0x00000001
core   0: 0x8000b380 (0xff9ff06f) j       pc - 0x8
core   0: 3 0x8000b380 (0xff9ff06f)
core   0: 0x8000b378 (0x00002f17) auipc   t5, 0x2
core   0: 3 0x8000b378 (0x00002f17) x30 0x8000d378
core   0: 0x8000b37c (0xc83f2423) sw      gp, -888(t5)
core   0: 3 0x8000b37c (0xc83f2423) mem 0x8000d000 0x00000001
core   0: 0x8000b380 (0xff9ff06f) j       pc - 0x8
core   0: 3 0x8000b380 (0xff9ff06f)
core   0: 0x8000b378 (0x00002f17) auipc   t5, 0x2
core   0: 3 0x8000b378 (0x00002f17) x30 0x8000d378
core   0: 0x8000b37c (0xc83f2423) sw      gp, -888(t5)
core   0: 3 0x8000b37c (0xc83f2423) mem 0x8000d000 0x00000001
core   0: 0x8000b380 (0xff9ff06f) j       pc - 0x8
core   0: 3 0x8000b380 (0xff9ff06f)
core   0: 0x8000b378 (0x00002f17) auipc   t5, 0x2
core   0: 3 0x8000b378 (0x00002f17) x30 0x8000d378
core   0: 0x8000b37c (0xc83f2423) sw      gp, -888(t5)
core   0: 3 0x8000b37c (0xc83f2423) mem 0x8000d000 0x00000001
core   0: 0x8000b380 (0xff9ff06f) j       pc - 0x8
core   0: 3 0x8000b380 (0xff9ff06f)
core   0: 0x8000b378 (0x00002f17) auipc   t5, 0x2
core   0: 3 0x8000b378 (0x00002f17) x30 0x8000d378
core   0: 0x8000b37c (0xc83f2423) sw      gp, -888(t5)
core   0: 3 0x8000b37c (0xc83f2423) mem 0x8000d000 0x00000001
core   0: 0x8000b380 (0xff9ff06f) j       pc - 0x8
core   0: 3 0x8000b380 (0xff9ff06f)
core   0: 0x8000b378 (0x00002f17) auipc   t5, 0x2
core   0: 3 0x8000b378 (0x00002f17) x30 0x8000d378
core   0: 0x8000b37c (0xc83f2423) sw      gp, -888(t5)
core   0: 3 0x8000b37c (0xc83f2423) mem 0x8000d000 0x00000001
core   0: 0x8000b380 (0xff9ff06f) j       pc - 0x8
core   0: 3 0x8000b380 (0xff9ff06f)
core   0: 0x8000b378 (0x00002f17) auipc   t5, 0x2
core   0: 3 0x8000b378 (0x00002f17) x30 0x8000d378
core   0: 0x8000b37c (0xc83f2423) sw      gp, -888(t5)
core   0: 3 0x8000b37c (0xc83f2423) mem 0x8000d000 0x00000001
core   0: 0x8000b380 (0xff9ff06f) j       pc - 0x8
core   0: 3 0x8000b380 (0xff9ff06f)
core   0: 0x8000b378 (0x00002f17) auipc   t5, 0x2
core   0: 3 0x8000b378 (0x00002f17) x30 0x8000d378
core   0: 0x8000b37c (0xc83f2423) sw      gp, -888(t5)
core   0: 3 0x8000b37c (0xc83f2423) mem 0x8000d000 0x00000001
core   0: 0x8000b380 (0xff9ff06f) j       pc - 0x8
core   0: 3 0x8000b380 (0xff9ff06f)
core   0: 0x8000b378 (0x00002f17) auipc   t5, 0x2
core   0: 3 0x8000b378 (0x00002f17) x30 0x8000d378
core   0: 0x8000b37c (0xc83f2423) sw      gp, -888(t5)
core   0: 3 0x8000b37c (0xc83f2423) mem 0x8000d000 0x00000001
core   0: 0x8000b380 (0xff9ff06f) j       pc - 0x8
core   0: 3 0x8000b380 (0xff9ff06f)
core   0: 0x8000b378 (0x00002f17) auipc   t5, 0x2
core   0: 3 0x8000b378 (0x00002f17) x30 0x8000d378
core   0: 0x8000b37c (0xc83f2423) sw      gp, -888(t5)
core   0: 3 0x8000b37c (0xc83f2423) mem 0x8000d000 0x00000001
core   0: 0x8000b380 (0xff9ff06f) j       pc - 0x8
core   0: 3 0x8000b380 (0xff9ff06f)
core   0: 0x8000b378 (0x00002f17) auipc   t5, 0x2
core   0: 3 0x8000b378 (0x00002f17) x30 0x8000d378
core   0: 0x8000b37c (0xc83f2423) sw      gp, -888(t5)
core   0: 3 0x8000b37c (0xc83f2423) mem 0x8000d000 0x00000001
core   0: 0x8000b380 (0xff9ff06f) j       pc - 0x8
core   0: 3 0x8000b380 (0xff9ff06f)
core   0: 0x8000b378 (0x00002f17) auipc   t5, 0x2
core   0: 3 0x8000b378 (0x00002f17) x30 0x8000d378
core   0: 0x8000b37c (0xc83f2423) sw      gp, -888(t5)
core   0: 3 0x8000b37c (0xc83f2423) mem 0x8000d000 0x00000001
core   0: 0x8000b380 (0xff9ff06f) j       pc - 0x8
core   0: 3 0x8000b380 (0xff9ff06f)
core   0: 0x8000b378 (0x00002f17) auipc   t5, 0x2
core   0: 3 0x8000b378 (0x00002f17) x30 0x8000d378
core   0: 0x8000b37c (0xc83f2423) sw      gp, -888(t5)
core   0: 3 0x8000b37c (0xc83f2423) mem 0x8000d000 0x00000001
core   0: 0x8000b380 (0xff9ff06f) j       pc - 0x8
core   0: 3 0x8000b380 (0xff9ff06f)
core   0: 0x8000b378 (0x00002f17) auipc   t5, 0x2
core   0: 3 0x8000b378 (0x00002f17) x30 0x8000d378
core   0: 0x8000b37c (0xc83f2423) sw      gp, -888(t5)
core   0: 3 0x8000b37c (0xc83f2423) mem 0x8000d000 0x00000001
core   0: 0x8000b380 (0xff9ff06f) j       pc - 0x8
core   0: 3 0x8000b380 (0xff9ff06f)
core   0: 0x8000b378 (0x00002f17) auipc   t5, 0x2
core   0: 3 0x8000b378 (0x00002f17) x30 0x8000d378
core   0: 0x8000b37c (0xc83f2423) sw      gp, -888(t5)
core   0: 3 0x8000b37c (0xc83f2423) mem 0x8000d000 0x00000001
core   0: 0x8000b380 (0xff9ff06f) j       pc - 0x8
core   0: 3 0x8000b380 (0xff9ff06f)
core   0: 0x8000b378 (0x00002f17) auipc   t5, 0x2
core   0: 3 0x8000b378 (0x00002f17) x30 0x8000d378
core   0: 0x8000b37c (0xc83f2423) sw      gp, -888(t5)
core   0: 3 0x8000b37c (0xc83f2423) mem 0x8000d000 0x00000001
core   0: 0x8000b380 (0xff9ff06f) j       pc - 0x8
core   0: 3 0x8000b380 (0xff9ff06f)
core   0: 0x8000b378 (0x00002f17) auipc   t5, 0x2
core   0: 3 0x8000b378 (0x00002f17) x30 0x8000d378
core   0: 0x8000b37c (0xc83f2423) sw      gp, -888(t5)
core   0: 3 0x8000b37c (0xc83f2423) mem 0x8000d000 0x00000001
core   0: 0x8000b380 (0xff9ff06f) j       pc - 0x8
core   0: 3 0x8000b380 (0xff9ff06f)
core   0: 0x8000b378 (0x00002f17) auipc   t5, 0x2
core   0: 3 0x8000b378 (0x00002f17) x30 0x8000d378
core   0: 0x8000b37c (0xc83f2423) sw      gp, -888(t5)
core   0: 3 0x8000b37c (0xc83f2423) mem 0x8000d000 0x00000001
core   0: 0x8000b380 (0xff9ff06f) j       pc - 0x8
core   0: 3 0x8000b380 (0xff9ff06f)
core   0: 0x8000b378 (0x00002f17) auipc   t5, 0x2
core   0: 3 0x8000b378 (0x00002f17) x30 0x8000d378
core   0: 0x8000b37c (0xc83f2423) sw      gp, -888(t5)
core   0: 3 0x8000b37c (0xc83f2423) mem 0x8000d000 0x00000001
core   0: 0x8000b380 (0xff9ff06f) j       pc - 0x8
core   0: 3 0x8000b380 (0xff9ff06f)
core   0: 0x8000b378 (0x00002f17) auipc   t5, 0x2
core   0: 3 0x8000b378 (0x00002f17) x30 0x8000d378
core   0: 0x8000b37c (0xc83f2423) sw      gp, -888(t5)
core   0: 3 0x8000b37c (0xc83f2423) mem 0x8000d000 0x00000001
core   0: 0x8000b380 (0xff9ff06f) j       pc - 0x8
core   0: 3 0x8000b380 (0xff9ff06f)
core   0: 0x8000b378 (0x00002f17) auipc   t5, 0x2
core   0: 3 0x8000b378 (0x00002f17) x30 0x8000d378
core   0: 0x8000b37c (0xc83f2423) sw      gp, -888(t5)
core   0: 3 0x8000b37c (0xc83f2423) mem 0x8000d000 0x00000001
core   0: 0x8000b380 (0xff9ff06f) j       pc - 0x8
core   0: 3 0x8000b380 (0xff9ff06f)
core   0: 0x8000b378 (0x00002f17) auipc   t5, 0x2
core   0: 3 0x8000b378 (0x00002f17) x30 0x8000d378
core   0: 0x8000b37c (0xc83f2423) sw      gp, -888(t5)
core   0: 3 0x8000b37c (0xc83f2423) mem 0x8000d000 0x00000001
core   0: 0x8000b380 (0xff9ff06f) j       pc - 0x8
core   0: 3 0x8000b380 (0xff9ff06f)
core   0: 0x8000b378 (0x00002f17) auipc   t5, 0x2
core   0: 3 0x8000b378 (0x00002f17) x30 0x8000d378
core   0: 0x8000b37c (0xc83f2423) sw      gp, -888(t5)
core   0: 3 0x8000b37c (0xc83f2423) mem 0x8000d000 0x00000001
core   0: 0x8000b380 (0xff9ff06f) j       pc - 0x8
core   0: 3 0x8000b380 (0xff9ff06f)
core   0: 0x8000b378 (0x00002f17) auipc   t5, 0x2
core   0: 3 0x8000b378 (0x00002f17) x30 0x8000d378
core   0: 0x8000b37c (0xc83f2423) sw      gp, -888(t5)
core   0: 3 0x8000b37c (0xc83f2423) mem 0x8000d000 0x00000001
core   0: 0x8000b380 (0xff9ff06f) j       pc - 0x8
core   0: 3 0x8000b380 (0xff9ff06f)
core   0: 0x8000b378 (0x00002f17) auipc   t5, 0x2
core   0: 3 0x8000b378 (0x00002f17) x30 0x8000d378
core   0: 0x8000b37c (0xc83f2423) sw      gp, -888(t5)
core   0: 3 0x8000b37c (0xc83f2423) mem 0x8000d000 0x00000001
core   0: 0x8000b380 (0xff9ff06f) j       pc - 0x8
core   0: 3 0x8000b380 (0xff9ff06f)
core   0: 0x8000b378 (0x00002f17) auipc   t5, 0x2
core   0: 3 0x8000b378 (0x00002f17) x30 0x8000d378
core   0: 0x8000b37c (0xc83f2423) sw      gp, -888(t5)
core   0: 3 0x8000b37c (0xc83f2423) mem 0x8000d000 0x00000001
core   0: 0x8000b380 (0xff9ff06f) j       pc - 0x8
core   0: 3 0x8000b380 (0xff9ff06f)
core   0: 0x8000b378 (0x00002f17) auipc   t5, 0x2
core   0: 3 0x8000b378 (0x00002f17) x30 0x8000d378
core   0: 0x8000b37c (0xc83f2423) sw      gp, -888(t5)
core   0: 3 0x8000b37c (0xc83f2423) mem 0x8000d000 0x00000001
core   0: 0x8000b380 (0xff9ff06f) j       pc - 0x8
core   0: 3 0x8000b380 (0xff9ff06f)
core   0: 0x8000b378 (0x00002f17) auipc   t5, 0x2
core   0: 3 0x8000b378 (0x00002f17) x30 0x8000d378
core   0: 0x8000b37c (0xc83f2423) sw      gp, -888(t5)
core   0: 3 0x8000b37c (0xc83f2423) mem 0x8000d000 0x00000001
core   0: 0x8000b380 (0xff9ff06f) j       pc - 0x8
core   0: 3 0x8000b380 (0xff9ff06f)
core   0: 0x8000b378 (0x00002f17) auipc   t5, 0x2
core   0: 3 0x8000b378 (0x00002f17) x30 0x8000d378
core   0: 0x8000b37c (0xc83f2423) sw      gp, -888(t5)
core   0: 3 0x8000b37c (0xc83f2423) mem 0x8000d000 0x00000001
core   0: 0x8000b380 (0xff9ff06f) j       pc - 0x8
core   0: 3 0x8000b380 (0xff9ff06f)
core   0: 0x8000b378 (0x00002f17) auipc   t5, 0x2
core   0: 3 0x8000b378 (0x00002f17) x30 0x8000d378
core   0: 0x8000b37c (0xc83f2423) sw      gp, -888(t5)
core   0: 3 0x8000b37c (0xc83f2423) mem 0x8000d000 0x00000001
core   0: 0x8000b380 (0xff9ff06f) j       pc - 0x8
core   0: 3 0x8000b380 (0xff9ff06f)
core   0: 0x8000b378 (0x00002f17) auipc   t5, 0x2
core   0: 3 0x8000b378 (0x00002f17) x30 0x8000d378
core   0: 0x8000b37c (0xc83f2423) sw      gp, -888(t5)
core   0: 3 0x8000b37c (0xc83f2423) mem 0x8000d000 0x00000001
core   0: 0x8000b380 (0xff9ff06f) j       pc - 0x8
core   0: 3 0x8000b380 (0xff9ff06f)
core   0: 0x8000b378 (0x00002f17) auipc   t5, 0x2
core   0: 3 0x8000b378 (0x00002f17) x30 0x8000d378
core   0: 0x8000b37c (0xc83f2423) sw      gp, -888(t5)
core   0: 3 0x8000b37c (0xc83f2423) mem 0x8000d000 0x00000001
core   0: 0x8000b380 (0xff9ff06f) j       pc - 0x8
core   0: 3 0x8000b380 (0xff9ff06f)
core   0: 0x8000b378 (0x00002f17) auipc   t5, 0x2
core   0: 3 0x8000b378 (0x00002f17) x30 0x8000d378
core   0: 0x8000b37c (0xc83f2423) sw      gp, -888(t5)
core   0: 3 0x8000b37c (0xc83f2423) mem 0x8000d000 0x00000001
core   0: 0x8000b380 (0xff9ff06f) j       pc - 0x8
core   0: 3 0x8000b380 (0xff9ff06f)
core   0: 0x8000b378 (0x00002f17) auipc   t5, 0x2
core   0: 3 0x8000b378 (0x00002f17) x30 0x8000d378
core   0: 0x8000b37c (0xc83f2423) sw      gp, -888(t5)
core   0: 3 0x8000b37c (0xc83f2423) mem 0x8000d000 0x00000001
core   0: 0x8000b380 (0xff9ff06f) j       pc - 0x8
core   0: 3 0x8000b380 (0xff9ff06f)
core   0: 0x8000b378 (0x00002f17) auipc   t5, 0x2
core   0: 3 0x8000b378 (0x00002f17) x30 0x8000d378
core   0: 0x8000b37c (0xc83f2423) sw      gp, -888(t5)
core   0: 3 0x8000b37c (0xc83f2423) mem 0x8000d000 0x00000001
core   0: 0x8000b380 (0xff9ff06f) j       pc - 0x8
core   0: 3 0x8000b380 (0xff9ff06f)
core   0: 0x8000b378 (0x00002f17) auipc   t5, 0x2
core   0: 3 0x8000b378 (0x00002f17) x30 0x8000d378
core   0: 0x8000b37c (0xc83f2423) sw      gp, -888(t5)
core   0: 3 0x8000b37c (0xc83f2423) mem 0x8000d000 0x00000001
core   0: 0x8000b380 (0xff9ff06f) j       pc - 0x8
core   0: 3 0x8000b380 (0xff9ff06f)
core   0: 0x8000b378 (0x00002f17) auipc   t5, 0x2
core   0: 3 0x8000b378 (0x00002f17) x30 0x8000d378
core   0: 0x8000b37c (0xc83f2423) sw      gp, -888(t5)
core   0: 3 0x8000b37c (0xc83f2423) mem 0x8000d000 0x00000001
core   0: 0x8000b380 (0xff9ff06f) j       pc - 0x8
core   0: 3 0x8000b380 (0xff9ff06f)
core   0: 0x8000b378 (0x00002f17) auipc   t5, 0x2
core   0: 3 0x8000b378 (0x00002f17) x30 0x8000d378
core   0: 0x8000b37c (0xc83f2423) sw      gp, -888(t5)
core   0: 3 0x8000b37c (0xc83f2423) mem 0x8000d000 0x00000001
core   0: 0x8000b380 (0xff9ff06f) j       pc - 0x8
core   0: 3 0x8000b380 (0xff9ff06f)
core   0: 0x8000b378 (0x00002f17) auipc   t5, 0x2
core   0: 3 0x8000b378 (0x00002f17) x30 0x8000d378
core   0: 0x8000b37c (0xc83f2423) sw      gp, -888(t5)
core   0: 3 0x8000b37c (0xc83f2423) mem 0x8000d000 0x00000001
core   0: 0x8000b380 (0xff9ff06f) j       pc - 0x8
core   0: 3 0x8000b380 (0xff9ff06f)
core   0: 0x8000b378 (0x00002f17) auipc   t5, 0x2
core   0: 3 0x8000b378 (0x00002f17) x30 0x8000d378
core   0: 0x8000b37c (0xc83f2423) sw      gp, -888(t5)
core   0: 3 0x8000b37c (0xc83f2423) mem 0x8000d000 0x00000001
core   0: 0x8000b380 (0xff9ff06f) j       pc - 0x8
core   0: 3 0x8000b380 (0xff9ff06f)
core   0: 0x8000b378 (0x00002f17) auipc   t5, 0x2
core   0: 3 0x8000b378 (0x00002f17) x30 0x8000d378
core   0: 0x8000b37c (0xc83f2423) sw      gp, -888(t5)
core   0: 3 0x8000b37c (0xc83f2423) mem 0x8000d000 0x00000001
core   0: 0x8000b380 (0xff9ff06f) j       pc - 0x8
core   0: 3 0x8000b380 (0xff9ff06f)
core   0: 0x8000b378 (0x00002f17) auipc   t5, 0x2
core   0: 3 0x8000b378 (0x00002f17) x30 0x8000d378
core   0: 0x8000b37c (0xc83f2423) sw      gp, -888(t5)
core   0: 3 0x8000b37c (0xc83f2423) mem 0x8000d000 0x00000001
core   0: 0x8000b380 (0xff9ff06f) j       pc - 0x8
core   0: 3 0x8000b380 (0xff9ff06f)
core   0: 0x8000b378 (0x00002f17) auipc   t5, 0x2
core   0: 3 0x8000b378 (0x00002f17) x30 0x8000d378
core   0: 0x8000b37c (0xc83f2423) sw      gp, -888(t5)
core   0: 3 0x8000b37c (0xc83f2423) mem 0x8000d000 0x00000001
core   0: 0x8000b380 (0xff9ff06f) j       pc - 0x8
core   0: 3 0x8000b380 (0xff9ff06f)
core   0: 0x8000b378 (0x00002f17) auipc   t5, 0x2
core   0: 3 0x8000b378 (0x00002f17) x30 0x8000d378
core   0: 0x8000b37c (0xc83f2423) sw      gp, -888(t5)
core   0: 3 0x8000b37c (0xc83f2423) mem 0x8000d000 0x00000001
core   0: 0x8000b380 (0xff9ff06f) j       pc - 0x8
core   0: 3 0x8000b380 (0xff9ff06f)
core   0: 0x8000b378 (0x00002f17) auipc   t5, 0x2
core   0: 3 0x8000b378 (0x00002f17) x30 0x8000d378
core   0: 0x8000b37c (0xc83f2423) sw      gp, -888(t5)
core   0: 3 0x8000b37c (0xc83f2423) mem 0x8000d000 0x00000001
core   0: 0x8000b380 (0xff9ff06f) j       pc - 0x8
core   0: 3 0x8000b380 (0xff9ff06f)
core   0: 0x8000b378 (0x00002f17) auipc   t5, 0x2
core   0: 3 0x8000b378 (0x00002f17) x30 0x8000d378
core   0: 0x8000b37c (0xc83f2423) sw      gp, -888(t5)
core   0: 3 0x8000b37c (0xc83f2423) mem 0x8000d000 0x00000001
core   0: 0x8000b380 (0xff9ff06f) j       pc - 0x8
core   0: 3 0x8000b380 (0xff9ff06f)
core   0: 0x8000b378 (0x00002f17) auipc   t5, 0x2
core   0: 3 0x8000b378 (0x00002f17) x30 0x8000d378
core   0: 0x8000b37c (0xc83f2423) sw      gp, -888(t5)
core   0: 3 0x8000b37c (0xc83f2423) mem 0x8000d000 0x00000001
core   0: 0x8000b380 (0xff9ff06f) j       pc - 0x8
core   0: 3 0x8000b380 (0xff9ff06f)
core   0: 0x8000b378 (0x00002f17) auipc   t5, 0x2
core   0: 3 0x8000b378 (0x00002f17) x30 0x8000d378
core   0: 0x8000b37c (0xc83f2423) sw      gp, -888(t5)
core   0: 3 0x8000b37c (0xc83f2423) mem 0x8000d000 0x00000001
core   0: 0x8000b380 (0xff9ff06f) j       pc - 0x8
core   0: 3 0x8000b380 (0xff9ff06f)
core   0: 0x8000b378 (0x00002f17) auipc   t5, 0x2
core   0: 3 0x8000b378 (0x00002f17) x30 0x8000d378
core   0: 0x8000b37c (0xc83f2423) sw      gp, -888(t5)
core   0: 3 0x8000b37c (0xc83f2423) mem 0x8000d000 0x00000001
core   0: 0x8000b380 (0xff9ff06f) j       pc - 0x8
core   0: 3 0x8000b380 (0xff9ff06f)
core   0: 0x8000b378 (0x00002f17) auipc   t5, 0x2
core   0: 3 0x8000b378 (0x00002f17) x30 0x8000d378
core   0: 0x8000b37c (0xc83f2423) sw      gp, -888(t5)
core   0: 3 0x8000b37c (0xc83f2423) mem 0x8000d000 0x00000001
core   0: 0x8000b380 (0xff9ff06f) j       pc - 0x8
core   0: 3 0x8000b380 (0xff9ff06f)
core   0: 0x8000b378 (0x00002f17) auipc   t5, 0x2
core   0: 3 0x8000b378 (0x00002f17) x30 0x8000d378
core   0: 0x8000b37c (0xc83f2423) sw      gp, -888(t5)
core   0: 3 0x8000b37c (0xc83f2423) mem 0x8000d000 0x00000001
core   0: 0x8000b380 (0xff9ff06f) j       pc - 0x8
core   0: 3 0x8000b380 (0xff9ff06f)
core   0: 0x8000b378 (0x00002f17) auipc   t5, 0x2
core   0: 3 0x8000b378 (0x00002f17) x30 0x8000d378
core   0: 0x8000b37c (0xc83f2423) sw      gp, -888(t5)
core   0: 3 0x8000b37c (0xc83f2423) mem 0x8000d000 0x00000001
core   0: 0x8000b380 (0xff9ff06f) j       pc - 0x8
core   0: 3 0x8000b380 (0xff9ff06f)
core   0: 0x8000b378 (0x00002f17) auipc   t5, 0x2
core   0: 3 0x8000b378 (0x00002f17) x30 0x8000d378
core   0: 0x8000b37c (0xc83f2423) sw      gp, -888(t5)
core   0: 3 0x8000b37c (0xc83f2423) mem 0x8000d000 0x00000001
core   0: 0x8000b380 (0xff9ff06f) j       pc - 0x8
core   0: 3 0x8000b380 (0xff9ff06f)
core   0: 0x8000b378 (0x00002f17) auipc   t5, 0x2
core   0: 3 0x8000b378 (0x00002f17) x30 0x8000d378
core   0: 0x8000b37c (0xc83f2423) sw      gp, -888(t5)
core   0: 3 0x8000b37c (0xc83f2423) mem 0x8000d000 0x00000001
core   0: 0x8000b380 (0xff9ff06f) j       pc - 0x8
core   0: 3 0x8000b380 (0xff9ff06f)
core   0: 0x8000b378 (0x00002f17) auipc   t5, 0x2
core   0: 3 0x8000b378 (0x00002f17) x30 0x8000d378
core   0: 0x8000b37c (0xc83f2423) sw      gp, -888(t5)
core   0: 3 0x8000b37c (0xc83f2423) mem 0x8000d000 0x00000001
core   0: 0x8000b380 (0xff9ff06f) j       pc - 0x8
core   0: 3 0x8000b380 (0xff9ff06f)
core   0: 0x8000b378 (0x00002f17) auipc   t5, 0x2
core   0: 3 0x8000b378 (0x00002f17) x30 0x8000d378
core   0: 0x8000b37c (0xc83f2423) sw      gp, -888(t5)
core   0: 3 0x8000b37c (0xc83f2423) mem 0x8000d000 0x00000001
core   0: 0x8000b380 (0xff9ff06f) j       pc - 0x8
core   0: 3 0x8000b380 (0xff9ff06f)
core   0: 0x8000b378 (0x00002f17) auipc   t5, 0x2
core   0: 3 0x8000b378 (0x00002f17) x30 0x8000d378
core   0: 0x8000b37c (0xc83f2423) sw      gp, -888(t5)
core   0: 3 0x8000b37c (0xc83f2423) mem 0x8000d000 0x00000001
core   0: 0x8000b380 (0xff9ff06f) j       pc - 0x8
core   0: 3 0x8000b380 (0xff9ff06f)
core   0: 0x8000b378 (0x00002f17) auipc   t5, 0x2
core   0: 3 0x8000b378 (0x00002f17) x30 0x8000d378
core   0: 0x8000b37c (0xc83f2423) sw      gp, -888(t5)
core   0: 3 0x8000b37c (0xc83f2423) mem 0x8000d000 0x00000001
core   0: 0x8000b380 (0xff9ff06f) j       pc - 0x8
core   0: 3 0x8000b380 (0xff9ff06f)
core   0: 0x8000b378 (0x00002f17) auipc   t5, 0x2
core   0: 3 0x8000b378 (0x00002f17) x30 0x8000d378
core   0: 0x8000b37c (0xc83f2423) sw      gp, -888(t5)
core   0: 3 0x8000b37c (0xc83f2423) mem 0x8000d000 0x00000001
core   0: 0x8000b380 (0xff9ff06f) j       pc - 0x8
core   0: 3 0x8000b380 (0xff9ff06f)
core   0: 0x8000b378 (0x00002f17) auipc   t5, 0x2
core   0: 3 0x8000b378 (0x00002f17) x30 0x8000d378
core   0: 0x8000b37c (0xc83f2423) sw      gp, -888(t5)
core   0: 3 0x8000b37c (0xc83f2423) mem 0x8000d000 0x00000001
core   0: 0x8000b380 (0xff9ff06f) j       pc - 0x8
core   0: 3 0x8000b380 (0xff9ff06f)
core   0: 0x8000b378 (0x00002f17) auipc   t5, 0x2
core   0: 3 0x8000b378 (0x00002f17) x30 0x8000d378
core   0: 0x8000b37c (0xc83f2423) sw      gp, -888(t5)
core   0: 3 0x8000b37c (0xc83f2423) mem 0x8000d000 0x00000001
core   0: 0x8000b380 (0xff9ff06f) j       pc - 0x8
core   0: 3 0x8000b380 (0xff9ff06f)
core   0: 0x8000b378 (0x00002f17) auipc   t5, 0x2
core   0: 3 0x8000b378 (0x00002f17) x30 0x8000d378
core   0: 0x8000b37c (0xc83f2423) sw      gp, -888(t5)
core   0: 3 0x8000b37c (0xc83f2423) mem 0x8000d000 0x00000001
core   0: 0x8000b380 (0xff9ff06f) j       pc - 0x8
core   0: 3 0x8000b380 (0xff9ff06f)
core   0: 0x8000b378 (0x00002f17) auipc   t5, 0x2
core   0: 3 0x8000b378 (0x00002f17) x30 0x8000d378
core   0: 0x8000b37c (0xc83f2423) sw      gp, -888(t5)
core   0: 3 0x8000b37c (0xc83f2423) mem 0x8000d000 0x00000001
core   0: 0x8000b380 (0xff9ff06f) j       pc - 0x8
core   0: 3 0x8000b380 (0xff9ff06f)
core   0: 0x8000b378 (0x00002f17) auipc   t5, 0x2
core   0: 3 0x8000b378 (0x00002f17) x30 0x8000d378
core   0: 0x8000b37c (0xc83f2423) sw      gp, -888(t5)
core   0: 3 0x8000b37c (0xc83f2423) mem 0x8000d000 0x00000001
core   0: 0x8000b380 (0xff9ff06f) j       pc - 0x8
core   0: 3 0x8000b380 (0xff9ff06f)
core   0: 0x8000b378 (0x00002f17) auipc   t5, 0x2
core   0: 3 0x8000b378 (0x00002f17) x30 0x8000d378
core   0: 0x8000b37c (0xc83f2423) sw      gp, -888(t5)
core   0: 3 0x8000b37c (0xc83f2423) mem 0x8000d000 0x00000001
core   0: 0x8000b380 (0xff9ff06f) j       pc - 0x8
core   0: 3 0x8000b380 (0xff9ff06f)
core   0: 0x8000b378 (0x00002f17) auipc   t5, 0x2
core   0: 3 0x8000b378 (0x00002f17) x30 0x8000d378
core   0: 0x8000b37c (0xc83f2423) sw      gp, -888(t5)
core   0: 3 0x8000b37c (0xc83f2423) mem 0x8000d000 0x00000001
core   0: 0x8000b380 (0xff9ff06f) j       pc - 0x8
core   0: 3 0x8000b380 (0xff9ff06f)
core   0: 0x8000b378 (0x00002f17) auipc   t5, 0x2
core   0: 3 0x8000b378 (0x00002f17) x30 0x8000d378
core   0: 0x8000b37c (0xc83f2423) sw      gp, -888(t5)
core   0: 3 0x8000b37c (0xc83f2423) mem 0x8000d000 0x00000001
core   0: 0x8000b380 (0xff9ff06f) j       pc - 0x8
core   0: 3 0x8000b380 (0xff9ff06f)
core   0: 0x8000b378 (0x00002f17) auipc   t5, 0x2
core   0: 3 0x8000b378 (0x00002f17) x30 0x8000d378
core   0: 0x8000b37c (0xc83f2423) sw      gp, -888(t5)
core   0: 3 0x8000b37c (0xc83f2423) mem 0x8000d000 0x00000001
core   0: 0x8000b380 (0xff9ff06f) j       pc - 0x8
core   0: 3 0x8000b380 (0xff9ff06f)
core   0: 0x8000b378 (0x00002f17) auipc   t5, 0x2
core   0: 3 0x8000b378 (0x00002f17) x30 0x8000d378
core   0: 0x8000b37c (0xc83f2423) sw      gp, -888(t5)
core   0: 3 0x8000b37c (0xc83f2423) mem 0x8000d000 0x00000001
core   0: 0x8000b380 (0xff9ff06f) j       pc - 0x8
core   0: 3 0x8000b380 (0xff9ff06f)
core   0: 0x8000b378 (0x00002f17) auipc   t5, 0x2
core   0: 3 0x8000b378 (0x00002f17) x30 0x8000d378
core   0: 0x8000b37c (0xc83f2423) sw      gp, -888(t5)
core   0: 3 0x8000b37c (0xc83f2423) mem 0x8000d000 0x00000001
core   0: 0x8000b380 (0xff9ff06f) j       pc - 0x8
core   0: 3 0x8000b380 (0xff9ff06f)
core   0: 0x8000b378 (0x00002f17) auipc   t5, 0x2
core   0: 3 0x8000b378 (0x00002f17) x30 0x8000d378
core   0: 0x8000b37c (0xc83f2423) sw      gp, -888(t5)
core   0: 3 0x8000b37c (0xc83f2423) mem 0x8000d000 0x00000001
core   0: 0x8000b380 (0xff9ff06f) j       pc - 0x8
core   0: 3 0x8000b380 (0xff9ff06f)
core   0: 0x8000b378 (0x00002f17) auipc   t5, 0x2
core   0: 3 0x8000b378 (0x00002f17) x30 0x8000d378
core   0: 0x8000b37c (0xc83f2423) sw      gp, -888(t5)
core   0: 3 0x8000b37c (0xc83f2423) mem 0x8000d000 0x00000001
core   0: 0x8000b380 (0xff9ff06f) j       pc - 0x8
core   0: 3 0x8000b380 (0xff9ff06f)
core   0: 0x8000b378 (0x00002f17) auipc   t5, 0x2
core   0: 3 0x8000b378 (0x00002f17) x30 0x8000d378
core   0: 0x8000b37c (0xc83f2423) sw      gp, -888(t5)
core   0: 3 0x8000b37c (0xc83f2423) mem 0x8000d000 0x00000001
core   0: 0x8000b380 (0xff9ff06f) j       pc - 0x8
core   0: 3 0x8000b380 (0xff9ff06f)
core   0: 0x8000b378 (0x00002f17) auipc   t5, 0x2
core   0: 3 0x8000b378 (0x00002f17) x30 0x8000d378
core   0: 0x8000b37c (0xc83f2423) sw      gp, -888(t5)
core   0: 3 0x8000b37c (0xc83f2423) mem 0x8000d000 0x00000001
core   0: 0x8000b380 (0xff9ff06f) j       pc - 0x8
core   0: 3 0x8000b380 (0xff9ff06f)
core   0: 0x8000b378 (0x00002f17) auipc   t5, 0x2
core   0: 3 0x8000b378 (0x00002f17) x30 0x8000d378
core   0: 0x8000b37c (0xc83f2423) sw      gp, -888(t5)
core   0: 3 0x8000b37c (0xc83f2423) mem 0x8000d000 0x00000001
core   0: 0x8000b380 (0xff9ff06f) j       pc - 0x8
core   0: 3 0x8000b380 (0xff9ff06f)
core   0: 0x8000b378 (0x00002f17) auipc   t5, 0x2
core   0: 3 0x8000b378 (0x00002f17) x30 0x8000d378
core   0: 0x8000b37c (0xc83f2423) sw      gp, -888(t5)
core   0: 3 0x8000b37c (0xc83f2423) mem 0x8000d000 0x00000001
core   0: 0x8000b380 (0xff9ff06f) j       pc - 0x8
core   0: 3 0x8000b380 (0xff9ff06f)
core   0: 0x8000b378 (0x00002f17) auipc   t5, 0x2
core   0: 3 0x8000b378 (0x00002f17) x30 0x8000d378
core   0: 0x8000b37c (0xc83f2423) sw      gp, -888(t5)
core   0: 3 0x8000b37c (0xc83f2423) mem 0x8000d000 0x00000001
core   0: 0x8000b380 (0xff9ff06f) j       pc - 0x8
core   0: 3 0x8000b380 (0xff9ff06f)
core   0: 0x8000b378 (0x00002f17) auipc   t5, 0x2
core   0: 3 0x8000b378 (0x00002f17) x30 0x8000d378
core   0: 0x8000b37c (0xc83f2423) sw      gp, -888(t5)
core   0: 3 0x8000b37c (0xc83f2423) mem 0x8000d000 0x00000001
core   0: 0x8000b380 (0xff9ff06f) j       pc - 0x8
core   0: 3 0x8000b380 (0xff9ff06f)
core   0: 0x8000b378 (0x00002f17) auipc   t5, 0x2
core   0: 3 0x8000b378 (0x00002f17) x30 0x8000d378
core   0: 0x8000b37c (0xc83f2423) sw      gp, -888(t5)
core   0: 3 0x8000b37c (0xc83f2423) mem 0x8000d000 0x00000001
core   0: 0x8000b380 (0xff9ff06f) j       pc - 0x8
core   0: 3 0x8000b380 (0xff9ff06f)
core   0: 0x8000b378 (0x00002f17) auipc   t5, 0x2
core   0: 3 0x8000b378 (0x00002f17) x30 0x8000d378
core   0: 0x8000b37c (0xc83f2423) sw      gp, -888(t5)
core   0: 3 0x8000b37c (0xc83f2423) mem 0x8000d000 0x00000001
core   0: 0x8000b380 (0xff9ff06f) j       pc - 0x8
core   0: 3 0x8000b380 (0xff9ff06f)
core   0: 0x8000b378 (0x00002f17) auipc   t5, 0x2
core   0: 3 0x8000b378 (0x00002f17) x30 0x8000d378
core   0: 0x8000b37c (0xc83f2423) sw      gp, -888(t5)
core   0: 3 0x8000b37c (0xc83f2423) mem 0x8000d000 0x00000001
core   0: 0x8000b380 (0xff9ff06f) j       pc - 0x8
core   0: 3 0x8000b380 (0xff9ff06f)
core   0: 0x8000b378 (0x00002f17) auipc   t5, 0x2
core   0: 3 0x8000b378 (0x00002f17) x30 0x8000d378
core   0: 0x8000b37c (0xc83f2423) sw      gp, -888(t5)
core   0: 3 0x8000b37c (0xc83f2423) mem 0x8000d000 0x00000001
core   0: 0x8000b380 (0xff9ff06f) j       pc - 0x8
core   0: 3 0x8000b380 (0xff9ff06f)
core   0: 0x8000b378 (0x00002f17) auipc   t5, 0x2
core   0: 3 0x8000b378 (0x00002f17) x30 0x8000d378
core   0: 0x8000b37c (0xc83f2423) sw      gp, -888(t5)
core   0: 3 0x8000b37c (0xc83f2423) mem 0x8000d000 0x00000001
core   0: 0x8000b380 (0xff9ff06f) j       pc - 0x8
core   0: 3 0x8000b380 (0xff9ff06f)
core   0: 0x8000b378 (0x00002f17) auipc   t5, 0x2
core   0: 3 0x8000b378 (0x00002f17) x30 0x8000d378
core   0: 0x8000b37c (0xc83f2423) sw      gp, -888(t5)
core   0: 3 0x8000b37c (0xc83f2423) mem 0x8000d000 0x00000001
core   0: 0x8000b380 (0xff9ff06f) j       pc - 0x8
core   0: 3 0x8000b380 (0xff9ff06f)
core   0: 0x8000b378 (0x00002f17) auipc   t5, 0x2
core   0: 3 0x8000b378 (0x00002f17) x30 0x8000d378
core   0: 0x8000b37c (0xc83f2423) sw      gp, -888(t5)
core   0: 3 0x8000b37c (0xc83f2423) mem 0x8000d000 0x00000001
core   0: 0x8000b380 (0xff9ff06f) j       pc - 0x8
core   0: 3 0x8000b380 (0xff9ff06f)
core   0: 0x8000b378 (0x00002f17) auipc   t5, 0x2
core   0: 3 0x8000b378 (0x00002f17) x30 0x8000d378
core   0: 0x8000b37c (0xc83f2423) sw      gp, -888(t5)
core   0: 3 0x8000b37c (0xc83f2423) mem 0x8000d000 0x00000001
core   0: 0x8000b380 (0xff9ff06f) j       pc - 0x8
core   0: 3 0x8000b380 (0xff9ff06f)
core   0: 0x8000b378 (0x00002f17) auipc   t5, 0x2
core   0: 3 0x8000b378 (0x00002f17) x30 0x8000d378
core   0: 0x8000b37c (0xc83f2423) sw      gp, -888(t5)
core   0: 3 0x8000b37c (0xc83f2423) mem 0x8000d000 0x00000001
core   0: 0x8000b380 (0xff9ff06f) j       pc - 0x8
core   0: 3 0x8000b380 (0xff9ff06f)
core   0: 0x8000b378 (0x00002f17) auipc   t5, 0x2
core   0: 3 0x8000b378 (0x00002f17) x30 0x8000d378
core   0: 0x8000b37c (0xc83f2423) sw      gp, -888(t5)
core   0: 3 0x8000b37c (0xc83f2423) mem 0x8000d000 0x00000001
core   0: 0x8000b380 (0xff9ff06f) j       pc - 0x8
core   0: 3 0x8000b380 (0xff9ff06f)
core   0: 0x8000b378 (0x00002f17) auipc   t5, 0x2
core   0: 3 0x8000b378 (0x00002f17) x30 0x8000d378
core   0: 0x8000b37c (0xc83f2423) sw      gp, -888(t5)
core   0: 3 0x8000b37c (0xc83f2423) mem 0x8000d000 0x00000001
core   0: 0x8000b380 (0xff9ff06f) j       pc - 0x8
core   0: 3 0x8000b380 (0xff9ff06f)
core   0: 0x8000b378 (0x00002f17) auipc   t5, 0x2
core   0: 3 0x8000b378 (0x00002f17) x30 0x8000d378
core   0: 0x8000b37c (0xc83f2423) sw      gp, -888(t5)
core   0: 3 0x8000b37c (0xc83f2423) mem 0x8000d000 0x00000001
core   0: 0x8000b380 (0xff9ff06f) j       pc - 0x8
core   0: 3 0x8000b380 (0xff9ff06f)
core   0: 0x8000b378 (0x00002f17) auipc   t5, 0x2
core   0: 3 0x8000b378 (0x00002f17) x30 0x8000d378
core   0: 0x8000b37c (0xc83f2423) sw      gp, -888(t5)
core   0: 3 0x8000b37c (0xc83f2423) mem 0x8000d000 0x00000001
core   0: 0x8000b380 (0xff9ff06f) j       pc - 0x8
core   0: 3 0x8000b380 (0xff9ff06f)
core   0: 0x8000b378 (0x00002f17) auipc   t5, 0x2
core   0: 3 0x8000b378 (0x00002f17) x30 0x8000d378
core   0: 0x8000b37c (0xc83f2423) sw      gp, -888(t5)
core   0: 3 0x8000b37c (0xc83f2423) mem 0x8000d000 0x00000001
core   0: 0x8000b380 (0xff9ff06f) j       pc - 0x8
core   0: 3 0x8000b380 (0xff9ff06f)
core   0: 0x8000b378 (0x00002f17) auipc   t5, 0x2
core   0: 3 0x8000b378 (0x00002f17) x30 0x8000d378
core   0: 0x8000b37c (0xc83f2423) sw      gp, -888(t5)
core   0: 3 0x8000b37c (0xc83f2423) mem 0x8000d000 0x00000001
core   0: 0x8000b380 (0xff9ff06f) j       pc - 0x8
core   0: 3 0x8000b380 (0xff9ff06f)
core   0: 0x8000b378 (0x00002f17) auipc   t5, 0x2
core   0: 3 0x8000b378 (0x00002f17) x30 0x8000d378
core   0: 0x8000b37c (0xc83f2423) sw      gp, -888(t5)
core   0: 3 0x8000b37c (0xc83f2423) mem 0x8000d000 0x00000001
core   0: 0x8000b380 (0xff9ff06f) j       pc - 0x8
core   0: 3 0x8000b380 (0xff9ff06f)
core   0: 0x8000b378 (0x00002f17) auipc   t5, 0x2
core   0: 3 0x8000b378 (0x00002f17) x30 0x8000d378
core   0: 0x8000b37c (0xc83f2423) sw      gp, -888(t5)
core   0: 3 0x8000b37c (0xc83f2423) mem 0x8000d000 0x00000001
core   0: 0x8000b380 (0xff9ff06f) j       pc - 0x8
core   0: 3 0x8000b380 (0xff9ff06f)
core   0: 0x8000b378 (0x00002f17) auipc   t5, 0x2
core   0: 3 0x8000b378 (0x00002f17) x30 0x8000d378
core   0: 0x8000b37c (0xc83f2423) sw      gp, -888(t5)
core   0: 3 0x8000b37c (0xc83f2423) mem 0x8000d000 0x00000001
core   0: 0x8000b380 (0xff9ff06f) j       pc - 0x8
core   0: 3 0x8000b380 (0xff9ff06f)
core   0: 0x8000b378 (0x00002f17) auipc   t5, 0x2
core   0: 3 0x8000b378 (0x00002f17) x30 0x8000d378
core   0: 0x8000b37c (0xc83f2423) sw      gp, -888(t5)
core   0: 3 0x8000b37c (0xc83f2423) mem 0x8000d000 0x00000001
core   0: 0x8000b380 (0xff9ff06f) j       pc - 0x8
core   0: 3 0x8000b380 (0xff9ff06f)
core   0: 0x8000b378 (0x00002f17) auipc   t5, 0x2
core   0: 3 0x8000b378 (0x00002f17) x30 0x8000d378
core   0: 0x8000b37c (0xc83f2423) sw      gp, -888(t5)
core   0: 3 0x8000b37c (0xc83f2423) mem 0x8000d000 0x00000001
core   0: 0x8000b380 (0xff9ff06f) j       pc - 0x8
core   0: 3 0x8000b380 (0xff9ff06f)
core   0: 0x8000b378 (0x00002f17) auipc   t5, 0x2
core   0: 3 0x8000b378 (0x00002f17) x30 0x8000d378
core   0: 0x8000b37c (0xc83f2423) sw      gp, -888(t5)
core   0: 3 0x8000b37c (0xc83f2423) mem 0x8000d000 0x00000001
core   0: 0x8000b380 (0xff9ff06f) j       pc - 0x8
core   0: 3 0x8000b380 (0xff9ff06f)
core   0: 0x8000b378 (0x00002f17) auipc   t5, 0x2
core   0: 3 0x8000b378 (0x00002f17) x30 0x8000d378
core   0: 0x8000b37c (0xc83f2423) sw      gp, -888(t5)
core   0: 3 0x8000b37c (0xc83f2423) mem 0x8000d000 0x00000001
core   0: 0x8000b380 (0xff9ff06f) j       pc - 0x8
core   0: 3 0x8000b380 (0xff9ff06f)
core   0: 0x8000b378 (0x00002f17) auipc   t5, 0x2
core   0: 3 0x8000b378 (0x00002f17) x30 0x8000d378
core   0: 0x8000b37c (0xc83f2423) sw      gp, -888(t5)
core   0: 3 0x8000b37c (0xc83f2423) mem 0x8000d000 0x00000001
core   0: 0x8000b380 (0xff9ff06f) j       pc - 0x8
core   0: 3 0x8000b380 (0xff9ff06f)
core   0: 0x8000b378 (0x00002f17) auipc   t5, 0x2
core   0: 3 0x8000b378 (0x00002f17) x30 0x8000d378
core   0: 0x8000b37c (0xc83f2423) sw      gp, -888(t5)
core   0: 3 0x8000b37c (0xc83f2423) mem 0x8000d000 0x00000001
core   0: 0x8000b380 (0xff9ff06f) j       pc - 0x8
core   0: 3 0x8000b380 (0xff9ff06f)
core   0: 0x8000b378 (0x00002f17) auipc   t5, 0x2
core   0: 3 0x8000b378 (0x00002f17) x30 0x8000d378
core   0: 0x8000b37c (0xc83f2423) sw      gp, -888(t5)
core   0: 3 0x8000b37c (0xc83f2423) mem 0x8000d000 0x00000001
core   0: 0x8000b380 (0xff9ff06f) j       pc - 0x8
core   0: 3 0x8000b380 (0xff9ff06f)
core   0: 0x8000b378 (0x00002f17) auipc   t5, 0x2
core   0: 3 0x8000b378 (0x00002f17) x30 0x8000d378
core   0: 0x8000b37c (0xc83f2423) sw      gp, -888(t5)
core   0: 3 0x8000b37c (0xc83f2423) mem 0x8000d000 0x00000001
core   0: 0x8000b380 (0xff9ff06f) j       pc - 0x8
core   0: 3 0x8000b380 (0xff9ff06f)
core   0: 0x8000b378 (0x00002f17) auipc   t5, 0x2
core   0: 3 0x8000b378 (0x00002f17) x30 0x8000d378
core   0: 0x8000b37c (0xc83f2423) sw      gp, -888(t5)
core   0: 3 0x8000b37c (0xc83f2423) mem 0x8000d000 0x00000001
core   0: 0x8000b380 (0xff9ff06f) j       pc - 0x8
core   0: 3 0x8000b380 (0xff9ff06f)
core   0: 0x8000b378 (0x00002f17) auipc   t5, 0x2
core   0: 3 0x8000b378 (0x00002f17) x30 0x8000d378
core   0: 0x8000b37c (0xc83f2423) sw      gp, -888(t5)
core   0: 3 0x8000b37c (0xc83f2423) mem 0x8000d000 0x00000001
core   0: 0x8000b380 (0xff9ff06f) j       pc - 0x8
core   0: 3 0x8000b380 (0xff9ff06f)
core   0: 0x8000b378 (0x00002f17) auipc   t5, 0x2
core   0: 3 0x8000b378 (0x00002f17) x30 0x8000d378
core   0: 0x8000b37c (0xc83f2423) sw      gp, -888(t5)
core   0: 3 0x8000b37c (0xc83f2423) mem 0x8000d000 0x00000001
core   0: 0x8000b380 (0xff9ff06f) j       pc - 0x8
core   0: 3 0x8000b380 (0xff9ff06f)
core   0: 0x8000b378 (0x00002f17) auipc   t5, 0x2
core   0: 3 0x8000b378 (0x00002f17) x30 0x8000d378
core   0: 0x8000b37c (0xc83f2423) sw      gp, -888(t5)
core   0: 3 0x8000b37c (0xc83f2423) mem 0x8000d000 0x00000001
core   0: 0x8000b380 (0xff9ff06f) j       pc - 0x8
core   0: 3 0x8000b380 (0xff9ff06f)
core   0: 0x8000b378 (0x00002f17) auipc   t5, 0x2
core   0: 3 0x8000b378 (0x00002f17) x30 0x8000d378
core   0: 0x8000b37c (0xc83f2423) sw      gp, -888(t5)
core   0: 3 0x8000b37c (0xc83f2423) mem 0x8000d000 0x00000001
core   0: 0x8000b380 (0xff9ff06f) j       pc - 0x8
core   0: 3 0x8000b380 (0xff9ff06f)
core   0: 0x8000b378 (0x00002f17) auipc   t5, 0x2
core   0: 3 0x8000b378 (0x00002f17) x30 0x8000d378
core   0: 0x8000b37c (0xc83f2423) sw      gp, -888(t5)
core   0: 3 0x8000b37c (0xc83f2423) mem 0x8000d000 0x00000001
core   0: 0x8000b380 (0xff9ff06f) j       pc - 0x8
core   0: 3 0x8000b380 (0xff9ff06f)
core   0: 0x8000b378 (0x00002f17) auipc   t5, 0x2
core   0: 3 0x8000b378 (0x00002f17) x30 0x8000d378
core   0: 0x8000b37c (0xc83f2423) sw      gp, -888(t5)
core   0: 3 0x8000b37c (0xc83f2423) mem 0x8000d000 0x00000001
core   0: 0x8000b380 (0xff9ff06f) j       pc - 0x8
core   0: 3 0x8000b380 (0xff9ff06f)
core   0: 0x8000b378 (0x00002f17) auipc   t5, 0x2
core   0: 3 0x8000b378 (0x00002f17) x30 0x8000d378
core   0: 0x8000b37c (0xc83f2423) sw      gp, -888(t5)
core   0: 3 0x8000b37c (0xc83f2423) mem 0x8000d000 0x00000001
core   0: 0x8000b380 (0xff9ff06f) j       pc - 0x8
core   0: 3 0x8000b380 (0xff9ff06f)
core   0: 0x8000b378 (0x00002f17) auipc   t5, 0x2
core   0: 3 0x8000b378 (0x00002f17) x30 0x8000d378
core   0: 0x8000b37c (0xc83f2423) sw      gp, -888(t5)
core   0: 3 0x8000b37c (0xc83f2423) mem 0x8000d000 0x00000001
core   0: 0x8000b380 (0xff9ff06f) j       pc - 0x8
core   0: 3 0x8000b380 (0xff9ff06f)
core   0: 0x8000b378 (0x00002f17) auipc   t5, 0x2
core   0: 3 0x8000b378 (0x00002f17) x30 0x8000d378
core   0: 0x8000b37c (0xc83f2423) sw      gp, -888(t5)
core   0: 3 0x8000b37c (0xc83f2423) mem 0x8000d000 0x00000001
core   0: 0x8000b380 (0xff9ff06f) j       pc - 0x8
core   0: 3 0x8000b380 (0xff9ff06f)
core   0: 0x8000b378 (0x00002f17) auipc   t5, 0x2
core   0: 3 0x8000b378 (0x00002f17) x30 0x8000d378
core   0: 0x8000b37c (0xc83f2423) sw      gp, -888(t5)
core   0: 3 0x8000b37c (0xc83f2423) mem 0x8000d000 0x00000001
core   0: 0x8000b380 (0xff9ff06f) j       pc - 0x8
core   0: 3 0x8000b380 (0xff9ff06f)
core   0: 0x8000b378 (0x00002f17) auipc   t5, 0x2
core   0: 3 0x8000b378 (0x00002f17) x30 0x8000d378
core   0: 0x8000b37c (0xc83f2423) sw      gp, -888(t5)
core   0: 3 0x8000b37c (0xc83f2423) mem 0x8000d000 0x00000001
core   0: 0x8000b380 (0xff9ff06f) j       pc - 0x8
core   0: 3 0x8000b380 (0xff9ff06f)
core   0: 0x8000b378 (0x00002f17) auipc   t5, 0x2
core   0: 3 0x8000b378 (0x00002f17) x30 0x8000d378
core   0: 0x8000b37c (0xc83f2423) sw      gp, -888(t5)
core   0: 3 0x8000b37c (0xc83f2423) mem 0x8000d000 0x00000001
core   0: 0x8000b380 (0xff9ff06f) j       pc - 0x8
core   0: 3 0x8000b380 (0xff9ff06f)
core   0: 0x8000b378 (0x00002f17) auipc   t5, 0x2
core   0: 3 0x8000b378 (0x00002f17) x30 0x8000d378
core   0: 0x8000b37c (0xc83f2423) sw      gp, -888(t5)
core   0: 3 0x8000b37c (0xc83f2423) mem 0x8000d000 0x00000001
core   0: 0x8000b380 (0xff9ff06f) j       pc - 0x8
core   0: 3 0x8000b380 (0xff9ff06f)
core   0: 0x8000b378 (0x00002f17) auipc   t5, 0x2
core   0: 3 0x8000b378 (0x00002f17) x30 0x8000d378
core   0: 0x8000b37c (0xc83f2423) sw      gp, -888(t5)
core   0: 3 0x8000b37c (0xc83f2423) mem 0x8000d000 0x00000001
core   0: 0x8000b380 (0xff9ff06f) j       pc - 0x8
core   0: 3 0x8000b380 (0xff9ff06f)
core   0: 0x8000b378 (0x00002f17) auipc   t5, 0x2
core   0: 3 0x8000b378 (0x00002f17) x30 0x8000d378
core   0: 0x8000b37c (0xc83f2423) sw      gp, -888(t5)
core   0: 3 0x8000b37c (0xc83f2423) mem 0x8000d000 0x00000001
core   0: 0x8000b380 (0xff9ff06f) j       pc - 0x8
core   0: 3 0x8000b380 (0xff9ff06f)
core   0: 0x8000b378 (0x00002f17) auipc   t5, 0x2
core   0: 3 0x8000b378 (0x00002f17) x30 0x8000d378
core   0: 0x8000b37c (0xc83f2423) sw      gp, -888(t5)
core   0: 3 0x8000b37c (0xc83f2423) mem 0x8000d000 0x00000001
core   0: 0x8000b380 (0xff9ff06f) j       pc - 0x8
core   0: 3 0x8000b380 (0xff9ff06f)
core   0: 0x8000b378 (0x00002f17) auipc   t5, 0x2
core   0: 3 0x8000b378 (0x00002f17) x30 0x8000d378
core   0: 0x8000b37c (0xc83f2423) sw      gp, -888(t5)
core   0: 3 0x8000b37c (0xc83f2423) mem 0x8000d000 0x00000001
core   0: 0x8000b380 (0xff9ff06f) j       pc - 0x8
core   0: 3 0x8000b380 (0xff9ff06f)
core   0: 0x8000b378 (0x00002f17) auipc   t5, 0x2
core   0: 3 0x8000b378 (0x00002f17) x30 0x8000d378
core   0: 0x8000b37c (0xc83f2423) sw      gp, -888(t5)
core   0: 3 0x8000b37c (0xc83f2423) mem 0x8000d000 0x00000001
core   0: 0x8000b380 (0xff9ff06f) j       pc - 0x8
core   0: 3 0x8000b380 (0xff9ff06f)
core   0: 0x8000b378 (0x00002f17) auipc   t5, 0x2
core   0: 3 0x8000b378 (0x00002f17) x30 0x8000d378
core   0: 0x8000b37c (0xc83f2423) sw      gp, -888(t5)
core   0: 3 0x8000b37c (0xc83f2423) mem 0x8000d000 0x00000001
core   0: 0x8000b380 (0xff9ff06f) j       pc - 0x8
core   0: 3 0x8000b380 (0xff9ff06f)
core   0: 0x8000b378 (0x00002f17) auipc   t5, 0x2
core   0: 3 0x8000b378 (0x00002f17) x30 0x8000d378
core   0: 0x8000b37c (0xc83f2423) sw      gp, -888(t5)
core   0: 3 0x8000b37c (0xc83f2423) mem 0x8000d000 0x00000001
core   0: 0x8000b380 (0xff9ff06f) j       pc - 0x8
core   0: 3 0x8000b380 (0xff9ff06f)
core   0: 0x8000b378 (0x00002f17) auipc   t5, 0x2
core   0: 3 0x8000b378 (0x00002f17) x30 0x8000d378
core   0: 0x8000b37c (0xc83f2423) sw      gp, -888(t5)
core   0: 3 0x8000b37c (0xc83f2423) mem 0x8000d000 0x00000001
core   0: 0x8000b380 (0xff9ff06f) j       pc - 0x8
core   0: 3 0x8000b380 (0xff9ff06f)
core   0: 0x8000b378 (0x00002f17) auipc   t5, 0x2
core   0: 3 0x8000b378 (0x00002f17) x30 0x8000d378
core   0: 0x8000b37c (0xc83f2423) sw      gp, -888(t5)
core   0: 3 0x8000b37c (0xc83f2423) mem 0x8000d000 0x00000001
core   0: 0x8000b380 (0xff9ff06f) j       pc - 0x8
core   0: 3 0x8000b380 (0xff9ff06f)
core   0: 0x8000b378 (0x00002f17) auipc   t5, 0x2
core   0: 3 0x8000b378 (0x00002f17) x30 0x8000d378
core   0: 0x8000b37c (0xc83f2423) sw      gp, -888(t5)
core   0: 3 0x8000b37c (0xc83f2423) mem 0x8000d000 0x00000001
core   0: 0x8000b380 (0xff9ff06f) j       pc - 0x8
core   0: 3 0x8000b380 (0xff9ff06f)
core   0: 0x8000b378 (0x00002f17) auipc   t5, 0x2
core   0: 3 0x8000b378 (0x00002f17) x30 0x8000d378
core   0: 0x8000b37c (0xc83f2423) sw      gp, -888(t5)
core   0: 3 0x8000b37c (0xc83f2423) mem 0x8000d000 0x00000001
core   0: 0x8000b380 (0xff9ff06f) j       pc - 0x8
core   0: 3 0x8000b380 (0xff9ff06f)
core   0: 0x8000b378 (0x00002f17) auipc   t5, 0x2
core   0: 3 0x8000b378 (0x00002f17) x30 0x8000d378
core   0: 0x8000b37c (0xc83f2423) sw      gp, -888(t5)
core   0: 3 0x8000b37c (0xc83f2423) mem 0x8000d000 0x00000001
core   0: 0x8000b380 (0xff9ff06f) j       pc - 0x8
core   0: 3 0x8000b380 (0xff9ff06f)
core   0: 0x8000b378 (0x00002f17) auipc   t5, 0x2
core   0: 3 0x8000b378 (0x00002f17) x30 0x8000d378
core   0: 0x8000b37c (0xc83f2423) sw      gp, -888(t5)
core   0: 3 0x8000b37c (0xc83f2423) mem 0x8000d000 0x00000001
core   0: 0x8000b380 (0xff9ff06f) j       pc - 0x8
core   0: 3 0x8000b380 (0xff9ff06f)
core   0: 0x8000b378 (0x00002f17) auipc   t5, 0x2
core   0: 3 0x8000b378 (0x00002f17) x30 0x8000d378
core   0: 0x8000b37c (0xc83f2423) sw      gp, -888(t5)
core   0: 3 0x8000b37c (0xc83f2423) mem 0x8000d000 0x00000001
core   0: 0x8000b380 (0xff9ff06f) j       pc - 0x8
core   0: 3 0x8000b380 (0xff9ff06f)
core   0: 0x8000b378 (0x00002f17) auipc   t5, 0x2
core   0: 3 0x8000b378 (0x00002f17) x30 0x8000d378
core   0: 0x8000b37c (0xc83f2423) sw      gp, -888(t5)
core   0: 3 0x8000b37c (0xc83f2423) mem 0x8000d000 0x00000001
core   0: 0x8000b380 (0xff9ff06f) j       pc - 0x8
core   0: 3 0x8000b380 (0xff9ff06f)
core   0: 0x8000b378 (0x00002f17) auipc   t5, 0x2
core   0: 3 0x8000b378 (0x00002f17) x30 0x8000d378
core   0: 0x8000b37c (0xc83f2423) sw      gp, -888(t5)
core   0: 3 0x8000b37c (0xc83f2423) mem 0x8000d000 0x00000001
core   0: 0x8000b380 (0xff9ff06f) j       pc - 0x8
core   0: 3 0x8000b380 (0xff9ff06f)
core   0: 0x8000b378 (0x00002f17) auipc   t5, 0x2
core   0: 3 0x8000b378 (0x00002f17) x30 0x8000d378
core   0: 0x8000b37c (0xc83f2423) sw      gp, -888(t5)
core   0: 3 0x8000b37c (0xc83f2423) mem 0x8000d000 0x00000001
core   0: 0x8000b380 (0xff9ff06f) j       pc - 0x8
core   0: 3 0x8000b380 (0xff9ff06f)
core   0: 0x8000b378 (0x00002f17) auipc   t5, 0x2
core   0: 3 0x8000b378 (0x00002f17) x30 0x8000d378
core   0: 0x8000b37c (0xc83f2423) sw      gp, -888(t5)
core   0: 3 0x8000b37c (0xc83f2423) mem 0x8000d000 0x00000001
core   0: 0x8000b380 (0xff9ff06f) j       pc - 0x8
core   0: 3 0x8000b380 (0xff9ff06f)
core   0: 0x8000b378 (0x00002f17) auipc   t5, 0x2
core   0: 3 0x8000b378 (0x00002f17) x30 0x8000d378
core   0: 0x8000b37c (0xc83f2423) sw      gp, -888(t5)
core   0: 3 0x8000b37c (0xc83f2423) mem 0x8000d000 0x00000001
core   0: 0x8000b380 (0xff9ff06f) j       pc - 0x8
core   0: 3 0x8000b380 (0xff9ff06f)
core   0: 0x8000b378 (0x00002f17) auipc   t5, 0x2
core   0: 3 0x8000b378 (0x00002f17) x30 0x8000d378
core   0: 0x8000b37c (0xc83f2423) sw      gp, -888(t5)
core   0: 3 0x8000b37c (0xc83f2423) mem 0x8000d000 0x00000001
core   0: 0x8000b380 (0xff9ff06f) j       pc - 0x8
core   0: 3 0x8000b380 (0xff9ff06f)
core   0: 0x8000b378 (0x00002f17) auipc   t5, 0x2
core   0: 3 0x8000b378 (0x00002f17) x30 0x8000d378
core   0: 0x8000b37c (0xc83f2423) sw      gp, -888(t5)
core   0: 3 0x8000b37c (0xc83f2423) mem 0x8000d000 0x00000001
core   0: 0x8000b380 (0xff9ff06f) j       pc - 0x8
core   0: 3 0x8000b380 (0xff9ff06f)
core   0: 0x8000b378 (0x00002f17) auipc   t5, 0x2
core   0: 3 0x8000b378 (0x00002f17) x30 0x8000d378
core   0: 0x8000b37c (0xc83f2423) sw      gp, -888(t5)
core   0: 3 0x8000b37c (0xc83f2423) mem 0x8000d000 0x00000001
core   0: 0x8000b380 (0xff9ff06f) j       pc - 0x8
core   0: 3 0x8000b380 (0xff9ff06f)
core   0: 0x8000b378 (0x00002f17) auipc   t5, 0x2
core   0: 3 0x8000b378 (0x00002f17) x30 0x8000d378
core   0: 0x8000b37c (0xc83f2423) sw      gp, -888(t5)
core   0: 3 0x8000b37c (0xc83f2423) mem 0x8000d000 0x00000001
core   0: 0x8000b380 (0xff9ff06f) j       pc - 0x8
core   0: 3 0x8000b380 (0xff9ff06f)
core   0: 0x8000b378 (0x00002f17) auipc   t5, 0x2
core   0: 3 0x8000b378 (0x00002f17) x30 0x8000d378
core   0: 0x8000b37c (0xc83f2423) sw      gp, -888(t5)
core   0: 3 0x8000b37c (0xc83f2423) mem 0x8000d000 0x00000001
core   0: 0x8000b380 (0xff9ff06f) j       pc - 0x8
core   0: 3 0x8000b380 (0xff9ff06f)
core   0: 0x8000b378 (0x00002f17) auipc   t5, 0x2
core   0: 3 0x8000b378 (0x00002f17) x30 0x8000d378
core   0: 0x8000b37c (0xc83f2423) sw      gp, -888(t5)
core   0: 3 0x8000b37c (0xc83f2423) mem 0x8000d000 0x00000001
core   0: 0x8000b380 (0xff9ff06f) j       pc - 0x8
core   0: 3 0x8000b380 (0xff9ff06f)
core   0: 0x8000b378 (0x00002f17) auipc   t5, 0x2
core   0: 3 0x8000b378 (0x00002f17) x30 0x8000d378
core   0: 0x8000b37c (0xc83f2423) sw      gp, -888(t5)
core   0: 3 0x8000b37c (0xc83f2423) mem 0x8000d000 0x00000001
core   0: 0x8000b380 (0xff9ff06f) j       pc - 0x8
core   0: 3 0x8000b380 (0xff9ff06f)
core   0: 0x8000b378 (0x00002f17) auipc   t5, 0x2
core   0: 3 0x8000b378 (0x00002f17) x30 0x8000d378
core   0: 0x8000b37c (0xc83f2423) sw      gp, -888(t5)
core   0: 3 0x8000b37c (0xc83f2423) mem 0x8000d000 0x00000001
core   0: 0x8000b380 (0xff9ff06f) j       pc - 0x8
core   0: 3 0x8000b380 (0xff9ff06f)
core   0: 0x8000b378 (0x00002f17) auipc   t5, 0x2
core   0: 3 0x8000b378 (0x00002f17) x30 0x8000d378
core   0: 0x8000b37c (0xc83f2423) sw      gp, -888(t5)
core   0: 3 0x8000b37c (0xc83f2423) mem 0x8000d000 0x00000001
core   0: 0x8000b380 (0xff9ff06f) j       pc - 0x8
core   0: 3 0x8000b380 (0xff9ff06f)
core   0: 0x8000b378 (0x00002f17) auipc   t5, 0x2
core   0: 3 0x8000b378 (0x00002f17) x30 0x8000d378
core   0: 0x8000b37c (0xc83f2423) sw      gp, -888(t5)
core   0: 3 0x8000b37c (0xc83f2423) mem 0x8000d000 0x00000001
core   0: 0x8000b380 (0xff9ff06f) j       pc - 0x8
core   0: 3 0x8000b380 (0xff9ff06f)
core   0: 0x8000b378 (0x00002f17) auipc   t5, 0x2
core   0: 3 0x8000b378 (0x00002f17) x30 0x8000d378
core   0: 0x8000b37c (0xc83f2423) sw      gp, -888(t5)
core   0: 3 0x8000b37c (0xc83f2423) mem 0x8000d000 0x00000001
core   0: 0x8000b380 (0xff9ff06f) j       pc - 0x8
core   0: 3 0x8000b380 (0xff9ff06f)
core   0: 0x8000b378 (0x00002f17) auipc   t5, 0x2
core   0: 3 0x8000b378 (0x00002f17) x30 0x8000d378
core   0: 0x8000b37c (0xc83f2423) sw      gp, -888(t5)
core   0: 3 0x8000b37c (0xc83f2423) mem 0x8000d000 0x00000001
core   0: 0x8000b380 (0xff9ff06f) j       pc - 0x8
core   0: 3 0x8000b380 (0xff9ff06f)
core   0: 0x8000b378 (0x00002f17) auipc   t5, 0x2
core   0: 3 0x8000b378 (0x00002f17) x30 0x8000d378
core   0: 0x8000b37c (0xc83f2423) sw      gp, -888(t5)
core   0: 3 0x8000b37c (0xc83f2423) mem 0x8000d000 0x00000001
core   0: 0x8000b380 (0xff9ff06f) j       pc - 0x8
core   0: 3 0x8000b380 (0xff9ff06f)
core   0: 0x8000b378 (0x00002f17) auipc   t5, 0x2
core   0: 3 0x8000b378 (0x00002f17) x30 0x8000d378
core   0: 0x8000b37c (0xc83f2423) sw      gp, -888(t5)
core   0: 3 0x8000b37c (0xc83f2423) mem 0x8000d000 0x00000001
core   0: 0x8000b380 (0xff9ff06f) j       pc - 0x8
core   0: 3 0x8000b380 (0xff9ff06f)
core   0: 0x8000b378 (0x00002f17) auipc   t5, 0x2
core   0: 3 0x8000b378 (0x00002f17) x30 0x8000d378
core   0: 0x8000b37c (0xc83f2423) sw      gp, -888(t5)
core   0: 3 0x8000b37c (0xc83f2423) mem 0x8000d000 0x00000001
core   0: 0x8000b380 (0xff9ff06f) j       pc - 0x8
core   0: 3 0x8000b380 (0xff9ff06f)
core   0: 0x8000b378 (0x00002f17) auipc   t5, 0x2
core   0: 3 0x8000b378 (0x00002f17) x30 0x8000d378
core   0: 0x8000b37c (0xc83f2423) sw      gp, -888(t5)
core   0: 3 0x8000b37c (0xc83f2423) mem 0x8000d000 0x00000001
core   0: 0x8000b380 (0xff9ff06f) j       pc - 0x8
core   0: 3 0x8000b380 (0xff9ff06f)
core   0: 0x8000b378 (0x00002f17) auipc   t5, 0x2
core   0: 3 0x8000b378 (0x00002f17) x30 0x8000d378
core   0: 0x8000b37c (0xc83f2423) sw      gp, -888(t5)
core   0: 3 0x8000b37c (0xc83f2423) mem 0x8000d000 0x00000001
core   0: 0x8000b380 (0xff9ff06f) j       pc - 0x8
core   0: 3 0x8000b380 (0xff9ff06f)
core   0: 0x8000b378 (0x00002f17) auipc   t5, 0x2
core   0: 3 0x8000b378 (0x00002f17) x30 0x8000d378
core   0: 0x8000b37c (0xc83f2423) sw      gp, -888(t5)
core   0: 3 0x8000b37c (0xc83f2423) mem 0x8000d000 0x00000001
core   0: 0x8000b380 (0xff9ff06f) j       pc - 0x8
core   0: 3 0x8000b380 (0xff9ff06f)
core   0: 0x8000b378 (0x00002f17) auipc   t5, 0x2
core   0: 3 0x8000b378 (0x00002f17) x30 0x8000d378
core   0: 0x8000b37c (0xc83f2423) sw      gp, -888(t5)
core   0: 3 0x8000b37c (0xc83f2423) mem 0x8000d000 0x00000001
core   0: 0x8000b380 (0xff9ff06f) j       pc - 0x8
core   0: 3 0x8000b380 (0xff9ff06f)
core   0: 0x8000b378 (0x00002f17) auipc   t5, 0x2
core   0: 3 0x8000b378 (0x00002f17) x30 0x8000d378
core   0: 0x8000b37c (0xc83f2423) sw      gp, -888(t5)
core   0: 3 0x8000b37c (0xc83f2423) mem 0x8000d000 0x00000001
core   0: 0x8000b380 (0xff9ff06f) j       pc - 0x8
core   0: 3 0x8000b380 (0xff9ff06f)
core   0: 0x8000b378 (0x00002f17) auipc   t5, 0x2
core   0: 3 0x8000b378 (0x00002f17) x30 0x8000d378
core   0: 0x8000b37c (0xc83f2423) sw      gp, -888(t5)
core   0: 3 0x8000b37c (0xc83f2423) mem 0x8000d000 0x00000001
core   0: 0x8000b380 (0xff9ff06f) j       pc - 0x8
core   0: 3 0x8000b380 (0xff9ff06f)
core   0: 0x8000b378 (0x00002f17) auipc   t5, 0x2
core   0: 3 0x8000b378 (0x00002f17) x30 0x8000d378
core   0: 0x8000b37c (0xc83f2423) sw      gp, -888(t5)
core   0: 3 0x8000b37c (0xc83f2423) mem 0x8000d000 0x00000001
core   0: 0x8000b380 (0xff9ff06f) j       pc - 0x8
core   0: 3 0x8000b380 (0xff9ff06f)
core   0: 0x8000b378 (0x00002f17) auipc   t5, 0x2
core   0: 3 0x8000b378 (0x00002f17) x30 0x8000d378
core   0: 0x8000b37c (0xc83f2423) sw      gp, -888(t5)
core   0: 3 0x8000b37c (0xc83f2423) mem 0x8000d000 0x00000001
core   0: 0x8000b380 (0xff9ff06f) j       pc - 0x8
core   0: 3 0x8000b380 (0xff9ff06f)
core   0: 0x8000b378 (0x00002f17) auipc   t5, 0x2
core   0: 3 0x8000b378 (0x00002f17) x30 0x8000d378
core   0: 0x8000b37c (0xc83f2423) sw      gp, -888(t5)
core   0: 3 0x8000b37c (0xc83f2423) mem 0x8000d000 0x00000001
core   0: 0x8000b380 (0xff9ff06f) j       pc - 0x8
core   0: 3 0x8000b380 (0xff9ff06f)
core   0: 0x8000b378 (0x00002f17) auipc   t5, 0x2
core   0: 3 0x8000b378 (0x00002f17) x30 0x8000d378
core   0: 0x8000b37c (0xc83f2423) sw      gp, -888(t5)
core   0: 3 0x8000b37c (0xc83f2423) mem 0x8000d000 0x00000001
core   0: 0x8000b380 (0xff9ff06f) j       pc - 0x8
core   0: 3 0x8000b380 (0xff9ff06f)
core   0: 0x8000b378 (0x00002f17) auipc   t5, 0x2
core   0: 3 0x8000b378 (0x00002f17) x30 0x8000d378
core   0: 0x8000b37c (0xc83f2423) sw      gp, -888(t5)
core   0: 3 0x8000b37c (0xc83f2423) mem 0x8000d000 0x00000001
core   0: 0x8000b380 (0xff9ff06f) j       pc - 0x8
core   0: 3 0x8000b380 (0xff9ff06f)
core   0: 0x8000b378 (0x00002f17) auipc   t5, 0x2
core   0: 3 0x8000b378 (0x00002f17) x30 0x8000d378
core   0: 0x8000b37c (0xc83f2423) sw      gp, -888(t5)
core   0: 3 0x8000b37c (0xc83f2423) mem 0x8000d000 0x00000001
core   0: 0x8000b380 (0xff9ff06f) j       pc - 0x8
core   0: 3 0x8000b380 (0xff9ff06f)
core   0: 0x8000b378 (0x00002f17) auipc   t5, 0x2
core   0: 3 0x8000b378 (0x00002f17) x30 0x8000d378
core   0: 0x8000b37c (0xc83f2423) sw      gp, -888(t5)
core   0: 3 0x8000b37c (0xc83f2423) mem 0x8000d000 0x00000001
core   0: 0x8000b380 (0xff9ff06f) j       pc - 0x8
core   0: 3 0x8000b380 (0xff9ff06f)
core   0: 0x8000b378 (0x00002f17) auipc   t5, 0x2
core   0: 3 0x8000b378 (0x00002f17) x30 0x8000d378
core   0: 0x8000b37c (0xc83f2423) sw      gp, -888(t5)
core   0: 3 0x8000b37c (0xc83f2423) mem 0x8000d000 0x00000001
core   0: 0x8000b380 (0xff9ff06f) j       pc - 0x8
core   0: 3 0x8000b380 (0xff9ff06f)
core   0: 0x8000b378 (0x00002f17) auipc   t5, 0x2
core   0: 3 0x8000b378 (0x00002f17) x30 0x8000d378
core   0: 0x8000b37c (0xc83f2423) sw      gp, -888(t5)
core   0: 3 0x8000b37c (0xc83f2423) mem 0x8000d000 0x00000001
core   0: 0x8000b380 (0xff9ff06f) j       pc - 0x8
core   0: 3 0x8000b380 (0xff9ff06f)
core   0: 0x8000b378 (0x00002f17) auipc   t5, 0x2
core   0: 3 0x8000b378 (0x00002f17) x30 0x8000d378
core   0: 0x8000b37c (0xc83f2423) sw      gp, -888(t5)
core   0: 3 0x8000b37c (0xc83f2423) mem 0x8000d000 0x00000001
core   0: 0x8000b380 (0xff9ff06f) j       pc - 0x8
core   0: 3 0x8000b380 (0xff9ff06f)
core   0: 0x8000b378 (0x00002f17) auipc   t5, 0x2
core   0: 3 0x8000b378 (0x00002f17) x30 0x8000d378
core   0: 0x8000b37c (0xc83f2423) sw      gp, -888(t5)
core   0: 3 0x8000b37c (0xc83f2423) mem 0x8000d000 0x00000001
core   0: 0x8000b380 (0xff9ff06f) j       pc - 0x8
core   0: 3 0x8000b380 (0xff9ff06f)
core   0: 0x8000b378 (0x00002f17) auipc   t5, 0x2
core   0: 3 0x8000b378 (0x00002f17) x30 0x8000d378
core   0: 0x8000b37c (0xc83f2423) sw      gp, -888(t5)
core   0: 3 0x8000b37c (0xc83f2423) mem 0x8000d000 0x00000001
core   0: 0x8000b380 (0xff9ff06f) j       pc - 0x8
core   0: 3 0x8000b380 (0xff9ff06f)
core   0: 0x8000b378 (0x00002f17) auipc   t5, 0x2
core   0: 3 0x8000b378 (0x00002f17) x30 0x8000d378
core   0: 0x8000b37c (0xc83f2423) sw      gp, -888(t5)
core   0: 3 0x8000b37c (0xc83f2423) mem 0x8000d000 0x00000001
core   0: 0x8000b380 (0xff9ff06f) j       pc - 0x8
core   0: 3 0x8000b380 (0xff9ff06f)
core   0: 0x8000b378 (0x00002f17) auipc   t5, 0x2
core   0: 3 0x8000b378 (0x00002f17) x30 0x8000d378
core   0: 0x8000b37c (0xc83f2423) sw      gp, -888(t5)
core   0: 3 0x8000b37c (0xc83f2423) mem 0x8000d000 0x00000001
core   0: 0x8000b380 (0xff9ff06f) j       pc - 0x8
core   0: 3 0x8000b380 (0xff9ff06f)
core   0: 0x8000b378 (0x00002f17) auipc   t5, 0x2
core   0: 3 0x8000b378 (0x00002f17) x30 0x8000d378
core   0: 0x8000b37c (0xc83f2423) sw      gp, -888(t5)
core   0: 3 0x8000b37c (0xc83f2423) mem 0x8000d000 0x00000001
core   0: 0x8000b380 (0xff9ff06f) j       pc - 0x8
core   0: 3 0x8000b380 (0xff9ff06f)
core   0: 0x8000b378 (0x00002f17) auipc   t5, 0x2
core   0: 3 0x8000b378 (0x00002f17) x30 0x8000d378
core   0: 0x8000b37c (0xc83f2423) sw      gp, -888(t5)
core   0: 3 0x8000b37c (0xc83f2423) mem 0x8000d000 0x00000001
core   0: 0x8000b380 (0xff9ff06f) j       pc - 0x8
core   0: 3 0x8000b380 (0xff9ff06f)
core   0: 0x8000b378 (0x00002f17) auipc   t5, 0x2
core   0: 3 0x8000b378 (0x00002f17) x30 0x8000d378
core   0: 0x8000b37c (0xc83f2423) sw      gp, -888(t5)
core   0: 3 0x8000b37c (0xc83f2423) mem 0x8000d000 0x00000001
core   0: 0x8000b380 (0xff9ff06f) j       pc - 0x8
core   0: 3 0x8000b380 (0xff9ff06f)
core   0: 0x8000b378 (0x00002f17) auipc   t5, 0x2
core   0: 3 0x8000b378 (0x00002f17) x30 0x8000d378
core   0: 0x8000b37c (0xc83f2423) sw      gp, -888(t5)
core   0: 3 0x8000b37c (0xc83f2423) mem 0x8000d000 0x00000001
core   0: 0x8000b380 (0xff9ff06f) j       pc - 0x8
core   0: 3 0x8000b380 (0xff9ff06f)
core   0: 0x8000b378 (0x00002f17) auipc   t5, 0x2
core   0: 3 0x8000b378 (0x00002f17) x30 0x8000d378
core   0: 0x8000b37c (0xc83f2423) sw      gp, -888(t5)
core   0: 3 0x8000b37c (0xc83f2423) mem 0x8000d000 0x00000001
core   0: 0x8000b380 (0xff9ff06f) j       pc - 0x8
core   0: 3 0x8000b380 (0xff9ff06f)
core   0: 0x8000b378 (0x00002f17) auipc   t5, 0x2
core   0: 3 0x8000b378 (0x00002f17) x30 0x8000d378
core   0: 0x8000b37c (0xc83f2423) sw      gp, -888(t5)
core   0: 3 0x8000b37c (0xc83f2423) mem 0x8000d000 0x00000001
core   0: 0x8000b380 (0xff9ff06f) j       pc - 0x8
core   0: 3 0x8000b380 (0xff9ff06f)
core   0: 0x8000b378 (0x00002f17) auipc   t5, 0x2
core   0: 3 0x8000b378 (0x00002f17) x30 0x8000d378
core   0: 0x8000b37c (0xc83f2423) sw      gp, -888(t5)
core   0: 3 0x8000b37c (0xc83f2423) mem 0x8000d000 0x00000001
core   0: 0x8000b380 (0xff9ff06f) j       pc - 0x8
core   0: 3 0x8000b380 (0xff9ff06f)
core   0: 0x8000b378 (0x00002f17) auipc   t5, 0x2
core   0: 3 0x8000b378 (0x00002f17) x30 0x8000d378
core   0: 0x8000b37c (0xc83f2423) sw      gp, -888(t5)
core   0: 3 0x8000b37c (0xc83f2423) mem 0x8000d000 0x00000001
core   0: 0x8000b380 (0xff9ff06f) j       pc - 0x8
core   0: 3 0x8000b380 (0xff9ff06f)
core   0: 0x8000b378 (0x00002f17) auipc   t5, 0x2
core   0: 3 0x8000b378 (0x00002f17) x30 0x8000d378
core   0: 0x8000b37c (0xc83f2423) sw      gp, -888(t5)
core   0: 3 0x8000b37c (0xc83f2423) mem 0x8000d000 0x00000001
core   0: 0x8000b380 (0xff9ff06f) j       pc - 0x8
core   0: 3 0x8000b380 (0xff9ff06f)
core   0: 0x8000b378 (0x00002f17) auipc   t5, 0x2
core   0: 3 0x8000b378 (0x00002f17) x30 0x8000d378
core   0: 0x8000b37c (0xc83f2423) sw      gp, -888(t5)
core   0: 3 0x8000b37c (0xc83f2423) mem 0x8000d000 0x00000001
core   0: 0x8000b380 (0xff9ff06f) j       pc - 0x8
core   0: 3 0x8000b380 (0xff9ff06f)
core   0: 0x8000b378 (0x00002f17) auipc   t5, 0x2
core   0: 3 0x8000b378 (0x00002f17) x30 0x8000d378
core   0: 0x8000b37c (0xc83f2423) sw      gp, -888(t5)
core   0: 3 0x8000b37c (0xc83f2423) mem 0x8000d000 0x00000001
core   0: 0x8000b380 (0xff9ff06f) j       pc - 0x8
core   0: 3 0x8000b380 (0xff9ff06f)
core   0: 0x8000b378 (0x00002f17) auipc   t5, 0x2
core   0: 3 0x8000b378 (0x00002f17) x30 0x8000d378
core   0: 0x8000b37c (0xc83f2423) sw      gp, -888(t5)
core   0: 3 0x8000b37c (0xc83f2423) mem 0x8000d000 0x00000001
core   0: 0x8000b380 (0xff9ff06f) j       pc - 0x8
core   0: 3 0x8000b380 (0xff9ff06f)
core   0: 0x8000b378 (0x00002f17) auipc   t5, 0x2
core   0: 3 0x8000b378 (0x00002f17) x30 0x8000d378
core   0: 0x8000b37c (0xc83f2423) sw      gp, -888(t5)
core   0: 3 0x8000b37c (0xc83f2423) mem 0x8000d000 0x00000001
core   0: 0x8000b380 (0xff9ff06f) j       pc - 0x8
core   0: 3 0x8000b380 (0xff9ff06f)
core   0: 0x8000b378 (0x00002f17) auipc   t5, 0x2
core   0: 3 0x8000b378 (0x00002f17) x30 0x8000d378
core   0: 0x8000b37c (0xc83f2423) sw      gp, -888(t5)
core   0: 3 0x8000b37c (0xc83f2423) mem 0x8000d000 0x00000001
core   0: 0x8000b380 (0xff9ff06f) j       pc - 0x8
core   0: 3 0x8000b380 (0xff9ff06f)
core   0: 0x8000b378 (0x00002f17) auipc   t5, 0x2
core   0: 3 0x8000b378 (0x00002f17) x30 0x8000d378
core   0: 0x8000b37c (0xc83f2423) sw      gp, -888(t5)
core   0: 3 0x8000b37c (0xc83f2423) mem 0x8000d000 0x00000001
core   0: 0x8000b380 (0xff9ff06f) j       pc - 0x8
core   0: 3 0x8000b380 (0xff9ff06f)
core   0: 0x8000b378 (0x00002f17) auipc   t5, 0x2
core   0: 3 0x8000b378 (0x00002f17) x30 0x8000d378
core   0: 0x8000b37c (0xc83f2423) sw      gp, -888(t5)
core   0: 3 0x8000b37c (0xc83f2423) mem 0x8000d000 0x00000001
core   0: 0x8000b380 (0xff9ff06f) j       pc - 0x8
core   0: 3 0x8000b380 (0xff9ff06f)
core   0: 0x8000b378 (0x00002f17) auipc   t5, 0x2
core   0: 3 0x8000b378 (0x00002f17) x30 0x8000d378
core   0: 0x8000b37c (0xc83f2423) sw      gp, -888(t5)
core   0: 3 0x8000b37c (0xc83f2423) mem 0x8000d000 0x00000001
core   0: 0x8000b380 (0xff9ff06f) j       pc - 0x8
core   0: 3 0x8000b380 (0xff9ff06f)
core   0: 0x8000b378 (0x00002f17) auipc   t5, 0x2
core   0: 3 0x8000b378 (0x00002f17) x30 0x8000d378
core   0: 0x8000b37c (0xc83f2423) sw      gp, -888(t5)
core   0: 3 0x8000b37c (0xc83f2423) mem 0x8000d000 0x00000001
core   0: 0x8000b380 (0xff9ff06f) j       pc - 0x8
core   0: 3 0x8000b380 (0xff9ff06f)
core   0: 0x8000b378 (0x00002f17) auipc   t5, 0x2
core   0: 3 0x8000b378 (0x00002f17) x30 0x8000d378
core   0: 0x8000b37c (0xc83f2423) sw      gp, -888(t5)
core   0: 3 0x8000b37c (0xc83f2423) mem 0x8000d000 0x00000001
core   0: 0x8000b380 (0xff9ff06f) j       pc - 0x8
core   0: 3 0x8000b380 (0xff9ff06f)
core   0: 0x8000b378 (0x00002f17) auipc   t5, 0x2
core   0: 3 0x8000b378 (0x00002f17) x30 0x8000d378
core   0: 0x8000b37c (0xc83f2423) sw      gp, -888(t5)
core   0: 3 0x8000b37c (0xc83f2423) mem 0x8000d000 0x00000001
core   0: 0x8000b380 (0xff9ff06f) j       pc - 0x8
core   0: 3 0x8000b380 (0xff9ff06f)
core   0: 0x8000b378 (0x00002f17) auipc   t5, 0x2
core   0: 3 0x8000b378 (0x00002f17) x30 0x8000d378
core   0: 0x8000b37c (0xc83f2423) sw      gp, -888(t5)
core   0: 3 0x8000b37c (0xc83f2423) mem 0x8000d000 0x00000001
core   0: 0x8000b380 (0xff9ff06f) j       pc - 0x8
core   0: 3 0x8000b380 (0xff9ff06f)
core   0: 0x8000b378 (0x00002f17) auipc   t5, 0x2
core   0: 3 0x8000b378 (0x00002f17) x30 0x8000d378
core   0: 0x8000b37c (0xc83f2423) sw      gp, -888(t5)
core   0: 3 0x8000b37c (0xc83f2423) mem 0x8000d000 0x00000001
core   0: 0x8000b380 (0xff9ff06f) j       pc - 0x8
core   0: 3 0x8000b380 (0xff9ff06f)
core   0: 0x8000b378 (0x00002f17) auipc   t5, 0x2
core   0: 3 0x8000b378 (0x00002f17) x30 0x8000d378
core   0: 0x8000b37c (0xc83f2423) sw      gp, -888(t5)
core   0: 3 0x8000b37c (0xc83f2423) mem 0x8000d000 0x00000001
core   0: 0x8000b380 (0xff9ff06f) j       pc - 0x8
core   0: 3 0x8000b380 (0xff9ff06f)
core   0: 0x8000b378 (0x00002f17) auipc   t5, 0x2
core   0: 3 0x8000b378 (0x00002f17) x30 0x8000d378
core   0: 0x8000b37c (0xc83f2423) sw      gp, -888(t5)
core   0: 3 0x8000b37c (0xc83f2423) mem 0x8000d000 0x00000001
core   0: 0x8000b380 (0xff9ff06f) j       pc - 0x8
core   0: 3 0x8000b380 (0xff9ff06f)
core   0: 0x8000b378 (0x00002f17) auipc   t5, 0x2
core   0: 3 0x8000b378 (0x00002f17) x30 0x8000d378
core   0: 0x8000b37c (0xc83f2423) sw      gp, -888(t5)
core   0: 3 0x8000b37c (0xc83f2423) mem 0x8000d000 0x00000001
core   0: 0x8000b380 (0xff9ff06f) j       pc - 0x8
core   0: 3 0x8000b380 (0xff9ff06f)
core   0: 0x8000b378 (0x00002f17) auipc   t5, 0x2
core   0: 3 0x8000b378 (0x00002f17) x30 0x8000d378
core   0: 0x8000b37c (0xc83f2423) sw      gp, -888(t5)
core   0: 3 0x8000b37c (0xc83f2423) mem 0x8000d000 0x00000001
core   0: 0x8000b380 (0xff9ff06f) j       pc - 0x8
core   0: 3 0x8000b380 (0xff9ff06f)
core   0: 0x8000b378 (0x00002f17) auipc   t5, 0x2
core   0: 3 0x8000b378 (0x00002f17) x30 0x8000d378
core   0: 0x8000b37c (0xc83f2423) sw      gp, -888(t5)
core   0: 3 0x8000b37c (0xc83f2423) mem 0x8000d000 0x00000001
core   0: 0x8000b380 (0xff9ff06f) j       pc - 0x8
core   0: 3 0x8000b380 (0xff9ff06f)
core   0: 0x8000b378 (0x00002f17) auipc   t5, 0x2
core   0: 3 0x8000b378 (0x00002f17) x30 0x8000d378
core   0: 0x8000b37c (0xc83f2423) sw      gp, -888(t5)
core   0: 3 0x8000b37c (0xc83f2423) mem 0x8000d000 0x00000001
core   0: 0x8000b380 (0xff9ff06f) j       pc - 0x8
core   0: 3 0x8000b380 (0xff9ff06f)
core   0: 0x8000b378 (0x00002f17) auipc   t5, 0x2
core   0: 3 0x8000b378 (0x00002f17) x30 0x8000d378
core   0: 0x8000b37c (0xc83f2423) sw      gp, -888(t5)
core   0: 3 0x8000b37c (0xc83f2423) mem 0x8000d000 0x00000001
core   0: 0x8000b380 (0xff9ff06f) j       pc - 0x8
core   0: 3 0x8000b380 (0xff9ff06f)
core   0: 0x8000b378 (0x00002f17) auipc   t5, 0x2
core   0: 3 0x8000b378 (0x00002f17) x30 0x8000d378
core   0: 0x8000b37c (0xc83f2423) sw      gp, -888(t5)
core   0: 3 0x8000b37c (0xc83f2423) mem 0x8000d000 0x00000001
core   0: 0x8000b380 (0xff9ff06f) j       pc - 0x8
core   0: 3 0x8000b380 (0xff9ff06f)
core   0: 0x8000b378 (0x00002f17) auipc   t5, 0x2
core   0: 3 0x8000b378 (0x00002f17) x30 0x8000d378
core   0: 0x8000b37c (0xc83f2423) sw      gp, -888(t5)
core   0: 3 0x8000b37c (0xc83f2423) mem 0x8000d000 0x00000001
core   0: 0x8000b380 (0xff9ff06f) j       pc - 0x8
core   0: 3 0x8000b380 (0xff9ff06f)
core   0: 0x8000b378 (0x00002f17) auipc   t5, 0x2
core   0: 3 0x8000b378 (0x00002f17) x30 0x8000d378
core   0: 0x8000b37c (0xc83f2423) sw      gp, -888(t5)
core   0: 3 0x8000b37c (0xc83f2423) mem 0x8000d000 0x00000001
core   0: 0x8000b380 (0xff9ff06f) j       pc - 0x8
core   0: 3 0x8000b380 (0xff9ff06f)
core   0: 0x8000b378 (0x00002f17) auipc   t5, 0x2
core   0: 3 0x8000b378 (0x00002f17) x30 0x8000d378
core   0: 0x8000b37c (0xc83f2423) sw      gp, -888(t5)
core   0: 3 0x8000b37c (0xc83f2423) mem 0x8000d000 0x00000001
core   0: 0x8000b380 (0xff9ff06f) j       pc - 0x8
core   0: 3 0x8000b380 (0xff9ff06f)
core   0: 0x8000b378 (0x00002f17) auipc   t5, 0x2
core   0: 3 0x8000b378 (0x00002f17) x30 0x8000d378
core   0: 0x8000b37c (0xc83f2423) sw      gp, -888(t5)
core   0: 3 0x8000b37c (0xc83f2423) mem 0x8000d000 0x00000001
core   0: 0x8000b380 (0xff9ff06f) j       pc - 0x8
core   0: 3 0x8000b380 (0xff9ff06f)
core   0: 0x8000b378 (0x00002f17) auipc   t5, 0x2
core   0: 3 0x8000b378 (0x00002f17) x30 0x8000d378
core   0: 0x8000b37c (0xc83f2423) sw      gp, -888(t5)
core   0: 3 0x8000b37c (0xc83f2423) mem 0x8000d000 0x00000001
core   0: 0x8000b380 (0xff9ff06f) j       pc - 0x8
core   0: 3 0x8000b380 (0xff9ff06f)
core   0: 0x8000b378 (0x00002f17) auipc   t5, 0x2
core   0: 3 0x8000b378 (0x00002f17) x30 0x8000d378
core   0: 0x8000b37c (0xc83f2423) sw      gp, -888(t5)
core   0: 3 0x8000b37c (0xc83f2423) mem 0x8000d000 0x00000001
core   0: 0x8000b380 (0xff9ff06f) j       pc - 0x8
core   0: 3 0x8000b380 (0xff9ff06f)
core   0: 0x8000b378 (0x00002f17) auipc   t5, 0x2
core   0: 3 0x8000b378 (0x00002f17) x30 0x8000d378
core   0: 0x8000b37c (0xc83f2423) sw      gp, -888(t5)
core   0: 3 0x8000b37c (0xc83f2423) mem 0x8000d000 0x00000001
core   0: 0x8000b380 (0xff9ff06f) j       pc - 0x8
core   0: 3 0x8000b380 (0xff9ff06f)
core   0: 0x8000b378 (0x00002f17) auipc   t5, 0x2
core   0: 3 0x8000b378 (0x00002f17) x30 0x8000d378
core   0: 0x8000b37c (0xc83f2423) sw      gp, -888(t5)
core   0: 3 0x8000b37c (0xc83f2423) mem 0x8000d000 0x00000001
core   0: 0x8000b380 (0xff9ff06f) j       pc - 0x8
core   0: 3 0x8000b380 (0xff9ff06f)
core   0: 0x8000b378 (0x00002f17) auipc   t5, 0x2
core   0: 3 0x8000b378 (0x00002f17) x30 0x8000d378
core   0: 0x8000b37c (0xc83f2423) sw      gp, -888(t5)
core   0: 3 0x8000b37c (0xc83f2423) mem 0x8000d000 0x00000001
core   0: 0x8000b380 (0xff9ff06f) j       pc - 0x8
core   0: 3 0x8000b380 (0xff9ff06f)
core   0: 0x8000b378 (0x00002f17) auipc   t5, 0x2
core   0: 3 0x8000b378 (0x00002f17) x30 0x8000d378
core   0: 0x8000b37c (0xc83f2423) sw      gp, -888(t5)
core   0: 3 0x8000b37c (0xc83f2423) mem 0x8000d000 0x00000001
core   0: 0x8000b380 (0xff9ff06f) j       pc - 0x8
core   0: 3 0x8000b380 (0xff9ff06f)
core   0: 0x8000b378 (0x00002f17) auipc   t5, 0x2
core   0: 3 0x8000b378 (0x00002f17) x30 0x8000d378
core   0: 0x8000b37c (0xc83f2423) sw      gp, -888(t5)
core   0: 3 0x8000b37c (0xc83f2423) mem 0x8000d000 0x00000001
core   0: 0x8000b380 (0xff9ff06f) j       pc - 0x8
core   0: 3 0x8000b380 (0xff9ff06f)
core   0: 0x8000b378 (0x00002f17) auipc   t5, 0x2
core   0: 3 0x8000b378 (0x00002f17) x30 0x8000d378
core   0: 0x8000b37c (0xc83f2423) sw      gp, -888(t5)
core   0: 3 0x8000b37c (0xc83f2423) mem 0x8000d000 0x00000001
core   0: 0x8000b380 (0xff9ff06f) j       pc - 0x8
core   0: 3 0x8000b380 (0xff9ff06f)
core   0: 0x8000b378 (0x00002f17) auipc   t5, 0x2
core   0: 3 0x8000b378 (0x00002f17) x30 0x8000d378
core   0: 0x8000b37c (0xc83f2423) sw      gp, -888(t5)
core   0: 3 0x8000b37c (0xc83f2423) mem 0x8000d000 0x00000001
core   0: 0x8000b380 (0xff9ff06f) j       pc - 0x8
core   0: 3 0x8000b380 (0xff9ff06f)
core   0: 0x8000b378 (0x00002f17) auipc   t5, 0x2
core   0: 3 0x8000b378 (0x00002f17) x30 0x8000d378
core   0: 0x8000b37c (0xc83f2423) sw      gp, -888(t5)
core   0: 3 0x8000b37c (0xc83f2423) mem 0x8000d000 0x00000001
core   0: 0x8000b380 (0xff9ff06f) j       pc - 0x8
core   0: 3 0x8000b380 (0xff9ff06f)
core   0: 0x8000b378 (0x00002f17) auipc   t5, 0x2
core   0: 3 0x8000b378 (0x00002f17) x30 0x8000d378
core   0: 0x8000b37c (0xc83f2423) sw      gp, -888(t5)
core   0: 3 0x8000b37c (0xc83f2423) mem 0x8000d000 0x00000001
core   0: 0x8000b380 (0xff9ff06f) j       pc - 0x8
core   0: 3 0x8000b380 (0xff9ff06f)
core   0: 0x8000b378 (0x00002f17) auipc   t5, 0x2
core   0: 3 0x8000b378 (0x00002f17) x30 0x8000d378
core   0: 0x8000b37c (0xc83f2423) sw      gp, -888(t5)
core   0: 3 0x8000b37c (0xc83f2423) mem 0x8000d000 0x00000001
core   0: 0x8000b380 (0xff9ff06f) j       pc - 0x8
core   0: 3 0x8000b380 (0xff9ff06f)
core   0: 0x8000b378 (0x00002f17) auipc   t5, 0x2
core   0: 3 0x8000b378 (0x00002f17) x30 0x8000d378
core   0: 0x8000b37c (0xc83f2423) sw      gp, -888(t5)
core   0: 3 0x8000b37c (0xc83f2423) mem 0x8000d000 0x00000001
core   0: 0x8000b380 (0xff9ff06f) j       pc - 0x8
core   0: 3 0x8000b380 (0xff9ff06f)
core   0: 0x8000b378 (0x00002f17) auipc   t5, 0x2
core   0: 3 0x8000b378 (0x00002f17) x30 0x8000d378
core   0: 0x8000b37c (0xc83f2423) sw      gp, -888(t5)
core   0: 3 0x8000b37c (0xc83f2423) mem 0x8000d000 0x00000001
core   0: 0x8000b380 (0xff9ff06f) j       pc - 0x8
core   0: 3 0x8000b380 (0xff9ff06f)
core   0: 0x8000b378 (0x00002f17) auipc   t5, 0x2
core   0: 3 0x8000b378 (0x00002f17) x30 0x8000d378
core   0: 0x8000b37c (0xc83f2423) sw      gp, -888(t5)
core   0: 3 0x8000b37c (0xc83f2423) mem 0x8000d000 0x00000001
core   0: 0x8000b380 (0xff9ff06f) j       pc - 0x8
core   0: 3 0x8000b380 (0xff9ff06f)
core   0: 0x8000b378 (0x00002f17) auipc   t5, 0x2
core   0: 3 0x8000b378 (0x00002f17) x30 0x8000d378
core   0: 0x8000b37c (0xc83f2423) sw      gp, -888(t5)
core   0: 3 0x8000b37c (0xc83f2423) mem 0x8000d000 0x00000001
core   0: 0x8000b380 (0xff9ff06f) j       pc - 0x8
core   0: 3 0x8000b380 (0xff9ff06f)
core   0: 0x8000b378 (0x00002f17) auipc   t5, 0x2
core   0: 3 0x8000b378 (0x00002f17) x30 0x8000d378
core   0: 0x8000b37c (0xc83f2423) sw      gp, -888(t5)
core   0: 3 0x8000b37c (0xc83f2423) mem 0x8000d000 0x00000001
core   0: 0x8000b380 (0xff9ff06f) j       pc - 0x8
core   0: 3 0x8000b380 (0xff9ff06f)
core   0: 0x8000b378 (0x00002f17) auipc   t5, 0x2
core   0: 3 0x8000b378 (0x00002f17) x30 0x8000d378
core   0: 0x8000b37c (0xc83f2423) sw      gp, -888(t5)
core   0: 3 0x8000b37c (0xc83f2423) mem 0x8000d000 0x00000001
core   0: 0x8000b380 (0xff9ff06f) j       pc - 0x8
core   0: 3 0x8000b380 (0xff9ff06f)
core   0: 0x8000b378 (0x00002f17) auipc   t5, 0x2
core   0: 3 0x8000b378 (0x00002f17) x30 0x8000d378
core   0: 0x8000b37c (0xc83f2423) sw      gp, -888(t5)
core   0: 3 0x8000b37c (0xc83f2423) mem 0x8000d000 0x00000001
core   0: 0x8000b380 (0xff9ff06f) j       pc - 0x8
core   0: 3 0x8000b380 (0xff9ff06f)
core   0: 0x8000b378 (0x00002f17) auipc   t5, 0x2
core   0: 3 0x8000b378 (0x00002f17) x30 0x8000d378
core   0: 0x8000b37c (0xc83f2423) sw      gp, -888(t5)
core   0: 3 0x8000b37c (0xc83f2423) mem 0x8000d000 0x00000001
core   0: 0x8000b380 (0xff9ff06f) j       pc - 0x8
core   0: 3 0x8000b380 (0xff9ff06f)
core   0: 0x8000b378 (0x00002f17) auipc   t5, 0x2
core   0: 3 0x8000b378 (0x00002f17) x30 0x8000d378
core   0: 0x8000b37c (0xc83f2423) sw      gp, -888(t5)
core   0: 3 0x8000b37c (0xc83f2423) mem 0x8000d000 0x00000001
core   0: 0x8000b380 (0xff9ff06f) j       pc - 0x8
core   0: 3 0x8000b380 (0xff9ff06f)
core   0: 0x8000b378 (0x00002f17) auipc   t5, 0x2
core   0: 3 0x8000b378 (0x00002f17) x30 0x8000d378
core   0: 0x8000b37c (0xc83f2423) sw      gp, -888(t5)
core   0: 3 0x8000b37c (0xc83f2423) mem 0x8000d000 0x00000001
core   0: 0x8000b380 (0xff9ff06f) j       pc - 0x8
core   0: 3 0x8000b380 (0xff9ff06f)
core   0: 0x8000b378 (0x00002f17) auipc   t5, 0x2
core   0: 3 0x8000b378 (0x00002f17) x30 0x8000d378
core   0: 0x8000b37c (0xc83f2423) sw      gp, -888(t5)
core   0: 3 0x8000b37c (0xc83f2423) mem 0x8000d000 0x00000001
core   0: 0x8000b380 (0xff9ff06f) j       pc - 0x8
core   0: 3 0x8000b380 (0xff9ff06f)
core   0: 0x8000b378 (0x00002f17) auipc   t5, 0x2
core   0: 3 0x8000b378 (0x00002f17) x30 0x8000d378
core   0: 0x8000b37c (0xc83f2423) sw      gp, -888(t5)
core   0: 3 0x8000b37c (0xc83f2423) mem 0x8000d000 0x00000001
core   0: 0x8000b380 (0xff9ff06f) j       pc - 0x8
core   0: 3 0x8000b380 (0xff9ff06f)
core   0: 0x8000b378 (0x00002f17) auipc   t5, 0x2
core   0: 3 0x8000b378 (0x00002f17) x30 0x8000d378
core   0: 0x8000b37c (0xc83f2423) sw      gp, -888(t5)
core   0: 3 0x8000b37c (0xc83f2423) mem 0x8000d000 0x00000001
core   0: 0x8000b380 (0xff9ff06f) j       pc - 0x8
core   0: 3 0x8000b380 (0xff9ff06f)
core   0: 0x8000b378 (0x00002f17) auipc   t5, 0x2
core   0: 3 0x8000b378 (0x00002f17) x30 0x8000d378
core   0: 0x8000b37c (0xc83f2423) sw      gp, -888(t5)
core   0: 3 0x8000b37c (0xc83f2423) mem 0x8000d000 0x00000001
core   0: 0x8000b380 (0xff9ff06f) j       pc - 0x8
core   0: 3 0x8000b380 (0xff9ff06f)
core   0: 0x8000b378 (0x00002f17) auipc   t5, 0x2
core   0: 3 0x8000b378 (0x00002f17) x30 0x8000d378
core   0: 0x8000b37c (0xc83f2423) sw      gp, -888(t5)
core   0: 3 0x8000b37c (0xc83f2423) mem 0x8000d000 0x00000001
core   0: 0x8000b380 (0xff9ff06f) j       pc - 0x8
core   0: 3 0x8000b380 (0xff9ff06f)
core   0: 0x8000b378 (0x00002f17) auipc   t5, 0x2
core   0: 3 0x8000b378 (0x00002f17) x30 0x8000d378
core   0: 0x8000b37c (0xc83f2423) sw      gp, -888(t5)
core   0: 3 0x8000b37c (0xc83f2423) mem 0x8000d000 0x00000001
core   0: 0x8000b380 (0xff9ff06f) j       pc - 0x8
core   0: 3 0x8000b380 (0xff9ff06f)
core   0: 0x8000b378 (0x00002f17) auipc   t5, 0x2
core   0: 3 0x8000b378 (0x00002f17) x30 0x8000d378
core   0: 0x8000b37c (0xc83f2423) sw      gp, -888(t5)
core   0: 3 0x8000b37c (0xc83f2423) mem 0x8000d000 0x00000001
core   0: 0x8000b380 (0xff9ff06f) j       pc - 0x8
core   0: 3 0x8000b380 (0xff9ff06f)
core   0: 0x8000b378 (0x00002f17) auipc   t5, 0x2
core   0: 3 0x8000b378 (0x00002f17) x30 0x8000d378
core   0: 0x8000b37c (0xc83f2423) sw      gp, -888(t5)
core   0: 3 0x8000b37c (0xc83f2423) mem 0x8000d000 0x00000001
core   0: 0x8000b380 (0xff9ff06f) j       pc - 0x8
core   0: 3 0x8000b380 (0xff9ff06f)
core   0: 0x8000b378 (0x00002f17) auipc   t5, 0x2
core   0: 3 0x8000b378 (0x00002f17) x30 0x8000d378
core   0: 0x8000b37c (0xc83f2423) sw      gp, -888(t5)
core   0: 3 0x8000b37c (0xc83f2423) mem 0x8000d000 0x00000001
core   0: 0x8000b380 (0xff9ff06f) j       pc - 0x8
core   0: 3 0x8000b380 (0xff9ff06f)
core   0: 0x8000b378 (0x00002f17) auipc   t5, 0x2
core   0: 3 0x8000b378 (0x00002f17) x30 0x8000d378
core   0: 0x8000b37c (0xc83f2423) sw      gp, -888(t5)
core   0: 3 0x8000b37c (0xc83f2423) mem 0x8000d000 0x00000001
core   0: 0x8000b380 (0xff9ff06f) j       pc - 0x8
core   0: 3 0x8000b380 (0xff9ff06f)
core   0: 0x8000b378 (0x00002f17) auipc   t5, 0x2
core   0: 3 0x8000b378 (0x00002f17) x30 0x8000d378
core   0: 0x8000b37c (0xc83f2423) sw      gp, -888(t5)
core   0: 3 0x8000b37c (0xc83f2423) mem 0x8000d000 0x00000001
core   0: 0x8000b380 (0xff9ff06f) j       pc - 0x8
core   0: 3 0x8000b380 (0xff9ff06f)
core   0: 0x8000b378 (0x00002f17) auipc   t5, 0x2
core   0: 3 0x8000b378 (0x00002f17) x30 0x8000d378
core   0: 0x8000b37c (0xc83f2423) sw      gp, -888(t5)
core   0: 3 0x8000b37c (0xc83f2423) mem 0x8000d000 0x00000001
core   0: 0x8000b380 (0xff9ff06f) j       pc - 0x8
core   0: 3 0x8000b380 (0xff9ff06f)
core   0: 0x8000b378 (0x00002f17) auipc   t5, 0x2
core   0: 3 0x8000b378 (0x00002f17) x30 0x8000d378
core   0: 0x8000b37c (0xc83f2423) sw      gp, -888(t5)
core   0: 3 0x8000b37c (0xc83f2423) mem 0x8000d000 0x00000001
core   0: 0x8000b380 (0xff9ff06f) j       pc - 0x8
core   0: 3 0x8000b380 (0xff9ff06f)
core   0: 0x8000b378 (0x00002f17) auipc   t5, 0x2
core   0: 3 0x8000b378 (0x00002f17) x30 0x8000d378
core   0: 0x8000b37c (0xc83f2423) sw      gp, -888(t5)
core   0: 3 0x8000b37c (0xc83f2423) mem 0x8000d000 0x00000001
core   0: 0x8000b380 (0xff9ff06f) j       pc - 0x8
core   0: 3 0x8000b380 (0xff9ff06f)
core   0: 0x8000b378 (0x00002f17) auipc   t5, 0x2
core   0: 3 0x8000b378 (0x00002f17) x30 0x8000d378
core   0: 0x8000b37c (0xc83f2423) sw      gp, -888(t5)
core   0: 3 0x8000b37c (0xc83f2423) mem 0x8000d000 0x00000001
core   0: 0x8000b380 (0xff9ff06f) j       pc - 0x8
core   0: 3 0x8000b380 (0xff9ff06f)
core   0: 0x8000b378 (0x00002f17) auipc   t5, 0x2
core   0: 3 0x8000b378 (0x00002f17) x30 0x8000d378
core   0: 0x8000b37c (0xc83f2423) sw      gp, -888(t5)
core   0: 3 0x8000b37c (0xc83f2423) mem 0x8000d000 0x00000001
core   0: 0x8000b380 (0xff9ff06f) j       pc - 0x8
core   0: 3 0x8000b380 (0xff9ff06f)
core   0: 0x8000b378 (0x00002f17) auipc   t5, 0x2
core   0: 3 0x8000b378 (0x00002f17) x30 0x8000d378
core   0: 0x8000b37c (0xc83f2423) sw      gp, -888(t5)
core   0: 3 0x8000b37c (0xc83f2423) mem 0x8000d000 0x00000001
core   0: 0x8000b380 (0xff9ff06f) j       pc - 0x8
core   0: 3 0x8000b380 (0xff9ff06f)
core   0: 0x8000b378 (0x00002f17) auipc   t5, 0x2
core   0: 3 0x8000b378 (0x00002f17) x30 0x8000d378
core   0: 0x8000b37c (0xc83f2423) sw      gp, -888(t5)
core   0: 3 0x8000b37c (0xc83f2423) mem 0x8000d000 0x00000001
core   0: 0x8000b380 (0xff9ff06f) j       pc - 0x8
core   0: 3 0x8000b380 (0xff9ff06f)
core   0: 0x8000b378 (0x00002f17) auipc   t5, 0x2
core   0: 3 0x8000b378 (0x00002f17) x30 0x8000d378
core   0: 0x8000b37c (0xc83f2423) sw      gp, -888(t5)
core   0: 3 0x8000b37c (0xc83f2423) mem 0x8000d000 0x00000001
core   0: 0x8000b380 (0xff9ff06f) j       pc - 0x8
core   0: 3 0x8000b380 (0xff9ff06f)
core   0: 0x8000b378 (0x00002f17) auipc   t5, 0x2
core   0: 3 0x8000b378 (0x00002f17) x30 0x8000d378
core   0: 0x8000b37c (0xc83f2423) sw      gp, -888(t5)
core   0: 3 0x8000b37c (0xc83f2423) mem 0x8000d000 0x00000001
core   0: 0x8000b380 (0xff9ff06f) j       pc - 0x8
core   0: 3 0x8000b380 (0xff9ff06f)
core   0: 0x8000b378 (0x00002f17) auipc   t5, 0x2
core   0: 3 0x8000b378 (0x00002f17) x30 0x8000d378
core   0: 0x8000b37c (0xc83f2423) sw      gp, -888(t5)
core   0: 3 0x8000b37c (0xc83f2423) mem 0x8000d000 0x00000001
core   0: 0x8000b380 (0xff9ff06f) j       pc - 0x8
core   0: 3 0x8000b380 (0xff9ff06f)
core   0: 0x8000b378 (0x00002f17) auipc   t5, 0x2
core   0: 3 0x8000b378 (0x00002f17) x30 0x8000d378
core   0: 0x8000b37c (0xc83f2423) sw      gp, -888(t5)
core   0: 3 0x8000b37c (0xc83f2423) mem 0x8000d000 0x00000001
core   0: 0x8000b380 (0xff9ff06f) j       pc - 0x8
core   0: 3 0x8000b380 (0xff9ff06f)
core   0: 0x8000b378 (0x00002f17) auipc   t5, 0x2
core   0: 3 0x8000b378 (0x00002f17) x30 0x8000d378
core   0: 0x8000b37c (0xc83f2423) sw      gp, -888(t5)
core   0: 3 0x8000b37c (0xc83f2423) mem 0x8000d000 0x00000001
core   0: 0x8000b380 (0xff9ff06f) j       pc - 0x8
core   0: 3 0x8000b380 (0xff9ff06f)
core   0: 0x8000b378 (0x00002f17) auipc   t5, 0x2
core   0: 3 0x8000b378 (0x00002f17) x30 0x8000d378
core   0: 0x8000b37c (0xc83f2423) sw      gp, -888(t5)
core   0: 3 0x8000b37c (0xc83f2423) mem 0x8000d000 0x00000001
core   0: 0x8000b380 (0xff9ff06f) j       pc - 0x8
core   0: 3 0x8000b380 (0xff9ff06f)
core   0: 0x8000b378 (0x00002f17) auipc   t5, 0x2
core   0: 3 0x8000b378 (0x00002f17) x30 0x8000d378
core   0: 0x8000b37c (0xc83f2423) sw      gp, -888(t5)
core   0: 3 0x8000b37c (0xc83f2423) mem 0x8000d000 0x00000001
core   0: 0x8000b380 (0xff9ff06f) j       pc - 0x8
core   0: 3 0x8000b380 (0xff9ff06f)
core   0: 0x8000b378 (0x00002f17) auipc   t5, 0x2
core   0: 3 0x8000b378 (0x00002f17) x30 0x8000d378
core   0: 0x8000b37c (0xc83f2423) sw      gp, -888(t5)
core   0: 3 0x8000b37c (0xc83f2423) mem 0x8000d000 0x00000001
core   0: 0x8000b380 (0xff9ff06f) j       pc - 0x8
core   0: 3 0x8000b380 (0xff9ff06f)
core   0: 0x8000b378 (0x00002f17) auipc   t5, 0x2
core   0: 3 0x8000b378 (0x00002f17) x30 0x8000d378
core   0: 0x8000b37c (0xc83f2423) sw      gp, -888(t5)
core   0: 3 0x8000b37c (0xc83f2423) mem 0x8000d000 0x00000001
core   0: 0x8000b380 (0xff9ff06f) j       pc - 0x8
core   0: 3 0x8000b380 (0xff9ff06f)
core   0: 0x8000b378 (0x00002f17) auipc   t5, 0x2
core   0: 3 0x8000b378 (0x00002f17) x30 0x8000d378
core   0: 0x8000b37c (0xc83f2423) sw      gp, -888(t5)
core   0: 3 0x8000b37c (0xc83f2423) mem 0x8000d000 0x00000001
core   0: 0x8000b380 (0xff9ff06f) j       pc - 0x8
core   0: 3 0x8000b380 (0xff9ff06f)
core   0: 0x8000b378 (0x00002f17) auipc   t5, 0x2
core   0: 3 0x8000b378 (0x00002f17) x30 0x8000d378
core   0: 0x8000b37c (0xc83f2423) sw      gp, -888(t5)
core   0: 3 0x8000b37c (0xc83f2423) mem 0x8000d000 0x00000001
core   0: 0x8000b380 (0xff9ff06f) j       pc - 0x8
core   0: 3 0x8000b380 (0xff9ff06f)
core   0: 0x8000b378 (0x00002f17) auipc   t5, 0x2
core   0: 3 0x8000b378 (0x00002f17) x30 0x8000d378
core   0: 0x8000b37c (0xc83f2423) sw      gp, -888(t5)
core   0: 3 0x8000b37c (0xc83f2423) mem 0x8000d000 0x00000001
core   0: 0x8000b380 (0xff9ff06f) j       pc - 0x8
core   0: 3 0x8000b380 (0xff9ff06f)
core   0: 0x8000b378 (0x00002f17) auipc   t5, 0x2
core   0: 3 0x8000b378 (0x00002f17) x30 0x8000d378
core   0: 0x8000b37c (0xc83f2423) sw      gp, -888(t5)
core   0: 3 0x8000b37c (0xc83f2423) mem 0x8000d000 0x00000001
core   0: 0x8000b380 (0xff9ff06f) j       pc - 0x8
core   0: 3 0x8000b380 (0xff9ff06f)
core   0: 0x8000b378 (0x00002f17) auipc   t5, 0x2
core   0: 3 0x8000b378 (0x00002f17) x30 0x8000d378
core   0: 0x8000b37c (0xc83f2423) sw      gp, -888(t5)
core   0: 3 0x8000b37c (0xc83f2423) mem 0x8000d000 0x00000001
core   0: 0x8000b380 (0xff9ff06f) j       pc - 0x8
core   0: 3 0x8000b380 (0xff9ff06f)
core   0: 0x8000b378 (0x00002f17) auipc   t5, 0x2
core   0: 3 0x8000b378 (0x00002f17) x30 0x8000d378
core   0: 0x8000b37c (0xc83f2423) sw      gp, -888(t5)
core   0: 3 0x8000b37c (0xc83f2423) mem 0x8000d000 0x00000001
core   0: 0x8000b380 (0xff9ff06f) j       pc - 0x8
core   0: 3 0x8000b380 (0xff9ff06f)
core   0: 0x8000b378 (0x00002f17) auipc   t5, 0x2
core   0: 3 0x8000b378 (0x00002f17) x30 0x8000d378
core   0: 0x8000b37c (0xc83f2423) sw      gp, -888(t5)
core   0: 3 0x8000b37c (0xc83f2423) mem 0x8000d000 0x00000001
core   0: 0x8000b380 (0xff9ff06f) j       pc - 0x8
core   0: 3 0x8000b380 (0xff9ff06f)
core   0: 0x8000b378 (0x00002f17) auipc   t5, 0x2
core   0: 3 0x8000b378 (0x00002f17) x30 0x8000d378
core   0: 0x8000b37c (0xc83f2423) sw      gp, -888(t5)
core   0: 3 0x8000b37c (0xc83f2423) mem 0x8000d000 0x00000001
core   0: 0x8000b380 (0xff9ff06f) j       pc - 0x8
core   0: 3 0x8000b380 (0xff9ff06f)
core   0: 0x8000b378 (0x00002f17) auipc   t5, 0x2
core   0: 3 0x8000b378 (0x00002f17) x30 0x8000d378
core   0: 0x8000b37c (0xc83f2423) sw      gp, -888(t5)
core   0: 3 0x8000b37c (0xc83f2423) mem 0x8000d000 0x00000001
core   0: 0x8000b380 (0xff9ff06f) j       pc - 0x8
core   0: 3 0x8000b380 (0xff9ff06f)
core   0: 0x8000b378 (0x00002f17) auipc   t5, 0x2
core   0: 3 0x8000b378 (0x00002f17) x30 0x8000d378
core   0: 0x8000b37c (0xc83f2423) sw      gp, -888(t5)
core   0: 3 0x8000b37c (0xc83f2423) mem 0x8000d000 0x00000001
core   0: 0x8000b380 (0xff9ff06f) j       pc - 0x8
core   0: 3 0x8000b380 (0xff9ff06f)
core   0: 0x8000b378 (0x00002f17) auipc   t5, 0x2
core   0: 3 0x8000b378 (0x00002f17) x30 0x8000d378
core   0: 0x8000b37c (0xc83f2423) sw      gp, -888(t5)
core   0: 3 0x8000b37c (0xc83f2423) mem 0x8000d000 0x00000001
core   0: 0x8000b380 (0xff9ff06f) j       pc - 0x8
core   0: 3 0x8000b380 (0xff9ff06f)
core   0: 0x8000b378 (0x00002f17) auipc   t5, 0x2
core   0: 3 0x8000b378 (0x00002f17) x30 0x8000d378
core   0: 0x8000b37c (0xc83f2423) sw      gp, -888(t5)
core   0: 3 0x8000b37c (0xc83f2423) mem 0x8000d000 0x00000001
core   0: 0x8000b380 (0xff9ff06f) j       pc - 0x8
core   0: 3 0x8000b380 (0xff9ff06f)
core   0: 0x8000b378 (0x00002f17) auipc   t5, 0x2
core   0: 3 0x8000b378 (0x00002f17) x30 0x8000d378
core   0: 0x8000b37c (0xc83f2423) sw      gp, -888(t5)
core   0: 3 0x8000b37c (0xc83f2423) mem 0x8000d000 0x00000001
core   0: 0x8000b380 (0xff9ff06f) j       pc - 0x8
core   0: 3 0x8000b380 (0xff9ff06f)
core   0: 0x8000b378 (0x00002f17) auipc   t5, 0x2
core   0: 3 0x8000b378 (0x00002f17) x30 0x8000d378
core   0: 0x8000b37c (0xc83f2423) sw      gp, -888(t5)
core   0: 3 0x8000b37c (0xc83f2423) mem 0x8000d000 0x00000001
core   0: 0x8000b380 (0xff9ff06f) j       pc - 0x8
core   0: 3 0x8000b380 (0xff9ff06f)
core   0: 0x8000b378 (0x00002f17) auipc   t5, 0x2
core   0: 3 0x8000b378 (0x00002f17) x30 0x8000d378
core   0: 0x8000b37c (0xc83f2423) sw      gp, -888(t5)
core   0: 3 0x8000b37c (0xc83f2423) mem 0x8000d000 0x00000001
core   0: 0x8000b380 (0xff9ff06f) j       pc - 0x8
core   0: 3 0x8000b380 (0xff9ff06f)
core   0: 0x8000b378 (0x00002f17) auipc   t5, 0x2
core   0: 3 0x8000b378 (0x00002f17) x30 0x8000d378
core   0: 0x8000b37c (0xc83f2423) sw      gp, -888(t5)
core   0: 3 0x8000b37c (0xc83f2423) mem 0x8000d000 0x00000001
core   0: 0x8000b380 (0xff9ff06f) j       pc - 0x8
core   0: 3 0x8000b380 (0xff9ff06f)
core   0: 0x8000b378 (0x00002f17) auipc   t5, 0x2
core   0: 3 0x8000b378 (0x00002f17) x30 0x8000d378
core   0: 0x8000b37c (0xc83f2423) sw      gp, -888(t5)
core   0: 3 0x8000b37c (0xc83f2423) mem 0x8000d000 0x00000001
core   0: 0x8000b380 (0xff9ff06f) j       pc - 0x8
core   0: 3 0x8000b380 (0xff9ff06f)
core   0: 0x8000b378 (0x00002f17) auipc   t5, 0x2
core   0: 3 0x8000b378 (0x00002f17) x30 0x8000d378
core   0: 0x8000b37c (0xc83f2423) sw      gp, -888(t5)
core   0: 3 0x8000b37c (0xc83f2423) mem 0x8000d000 0x00000001
core   0: 0x8000b380 (0xff9ff06f) j       pc - 0x8
core   0: 3 0x8000b380 (0xff9ff06f)
core   0: 0x8000b378 (0x00002f17) auipc   t5, 0x2
core   0: 3 0x8000b378 (0x00002f17) x30 0x8000d378
core   0: 0x8000b37c (0xc83f2423) sw      gp, -888(t5)
core   0: 3 0x8000b37c (0xc83f2423) mem 0x8000d000 0x00000001
core   0: 0x8000b380 (0xff9ff06f) j       pc - 0x8
core   0: 3 0x8000b380 (0xff9ff06f)
core   0: 0x8000b378 (0x00002f17) auipc   t5, 0x2
core   0: 3 0x8000b378 (0x00002f17) x30 0x8000d378
core   0: 0x8000b37c (0xc83f2423) sw      gp, -888(t5)
core   0: 3 0x8000b37c (0xc83f2423) mem 0x8000d000 0x00000001
core   0: 0x8000b380 (0xff9ff06f) j       pc - 0x8
core   0: 3 0x8000b380 (0xff9ff06f)
core   0: 0x8000b378 (0x00002f17) auipc   t5, 0x2
core   0: 3 0x8000b378 (0x00002f17) x30 0x8000d378
core   0: 0x8000b37c (0xc83f2423) sw      gp, -888(t5)
core   0: 3 0x8000b37c (0xc83f2423) mem 0x8000d000 0x00000001
core   0: 0x8000b380 (0xff9ff06f) j       pc - 0x8
core   0: 3 0x8000b380 (0xff9ff06f)
core   0: 0x8000b378 (0x00002f17) auipc   t5, 0x2
core   0: 3 0x8000b378 (0x00002f17) x30 0x8000d378
core   0: 0x8000b37c (0xc83f2423) sw      gp, -888(t5)
core   0: 3 0x8000b37c (0xc83f2423) mem 0x8000d000 0x00000001
core   0: 0x8000b380 (0xff9ff06f) j       pc - 0x8
core   0: 3 0x8000b380 (0xff9ff06f)
core   0: 0x8000b378 (0x00002f17) auipc   t5, 0x2
core   0: 3 0x8000b378 (0x00002f17) x30 0x8000d378
core   0: 0x8000b37c (0xc83f2423) sw      gp, -888(t5)
core   0: 3 0x8000b37c (0xc83f2423) mem 0x8000d000 0x00000001
core   0: 0x8000b380 (0xff9ff06f) j       pc - 0x8
core   0: 3 0x8000b380 (0xff9ff06f)
core   0: 0x8000b378 (0x00002f17) auipc   t5, 0x2
core   0: 3 0x8000b378 (0x00002f17) x30 0x8000d378
core   0: 0x8000b37c (0xc83f2423) sw      gp, -888(t5)
core   0: 3 0x8000b37c (0xc83f2423) mem 0x8000d000 0x00000001
core   0: 0x8000b380 (0xff9ff06f) j       pc - 0x8
core   0: 3 0x8000b380 (0xff9ff06f)
core   0: 0x8000b378 (0x00002f17) auipc   t5, 0x2
core   0: 3 0x8000b378 (0x00002f17) x30 0x8000d378
core   0: 0x8000b37c (0xc83f2423) sw      gp, -888(t5)
core   0: 3 0x8000b37c (0xc83f2423) mem 0x8000d000 0x00000001
core   0: 0x8000b380 (0xff9ff06f) j       pc - 0x8
core   0: 3 0x8000b380 (0xff9ff06f)
core   0: 0x8000b378 (0x00002f17) auipc   t5, 0x2
core   0: 3 0x8000b378 (0x00002f17) x30 0x8000d378
core   0: 0x8000b37c (0xc83f2423) sw      gp, -888(t5)
core   0: 3 0x8000b37c (0xc83f2423) mem 0x8000d000 0x00000001
core   0: 0x8000b380 (0xff9ff06f) j       pc - 0x8
core   0: 3 0x8000b380 (0xff9ff06f)
core   0: 0x8000b378 (0x00002f17) auipc   t5, 0x2
core   0: 3 0x8000b378 (0x00002f17) x30 0x8000d378
core   0: 0x8000b37c (0xc83f2423) sw      gp, -888(t5)
core   0: 3 0x8000b37c (0xc83f2423) mem 0x8000d000 0x00000001
core   0: 0x8000b380 (0xff9ff06f) j       pc - 0x8
core   0: 3 0x8000b380 (0xff9ff06f)
core   0: 0x8000b378 (0x00002f17) auipc   t5, 0x2
core   0: 3 0x8000b378 (0x00002f17) x30 0x8000d378
core   0: 0x8000b37c (0xc83f2423) sw      gp, -888(t5)
core   0: 3 0x8000b37c (0xc83f2423) mem 0x8000d000 0x00000001
core   0: 0x8000b380 (0xff9ff06f) j       pc - 0x8
core   0: 3 0x8000b380 (0xff9ff06f)
core   0: 0x8000b378 (0x00002f17) auipc   t5, 0x2
core   0: 3 0x8000b378 (0x00002f17) x30 0x8000d378
core   0: 0x8000b37c (0xc83f2423) sw      gp, -888(t5)
core   0: 3 0x8000b37c (0xc83f2423) mem 0x8000d000 0x00000001
core   0: 0x8000b380 (0xff9ff06f) j       pc - 0x8
core   0: 3 0x8000b380 (0xff9ff06f)
core   0: 0x8000b378 (0x00002f17) auipc   t5, 0x2
core   0: 3 0x8000b378 (0x00002f17) x30 0x8000d378
core   0: 0x8000b37c (0xc83f2423) sw      gp, -888(t5)
core   0: 3 0x8000b37c (0xc83f2423) mem 0x8000d000 0x00000001
core   0: 0x8000b380 (0xff9ff06f) j       pc - 0x8
core   0: 3 0x8000b380 (0xff9ff06f)
core   0: 0x8000b378 (0x00002f17) auipc   t5, 0x2
core   0: 3 0x8000b378 (0x00002f17) x30 0x8000d378
core   0: 0x8000b37c (0xc83f2423) sw      gp, -888(t5)
core   0: 3 0x8000b37c (0xc83f2423) mem 0x8000d000 0x00000001
core   0: 0x8000b380 (0xff9ff06f) j       pc - 0x8
core   0: 3 0x8000b380 (0xff9ff06f)
core   0: 0x8000b378 (0x00002f17) auipc   t5, 0x2
core   0: 3 0x8000b378 (0x00002f17) x30 0x8000d378
core   0: 0x8000b37c (0xc83f2423) sw      gp, -888(t5)
core   0: 3 0x8000b37c (0xc83f2423) mem 0x8000d000 0x00000001
core   0: 0x8000b380 (0xff9ff06f) j       pc - 0x8
core   0: 3 0x8000b380 (0xff9ff06f)
core   0: 0x8000b378 (0x00002f17) auipc   t5, 0x2
core   0: 3 0x8000b378 (0x00002f17) x30 0x8000d378
core   0: 0x8000b37c (0xc83f2423) sw      gp, -888(t5)
core   0: 3 0x8000b37c (0xc83f2423) mem 0x8000d000 0x00000001
core   0: 0x8000b380 (0xff9ff06f) j       pc - 0x8
core   0: 3 0x8000b380 (0xff9ff06f)
core   0: 0x8000b378 (0x00002f17) auipc   t5, 0x2
core   0: 3 0x8000b378 (0x00002f17) x30 0x8000d378
core   0: 0x8000b37c (0xc83f2423) sw      gp, -888(t5)
core   0: 3 0x8000b37c (0xc83f2423) mem 0x8000d000 0x00000001
core   0: 0x8000b380 (0xff9ff06f) j       pc - 0x8
core   0: 3 0x8000b380 (0xff9ff06f)
core   0: 0x8000b378 (0x00002f17) auipc   t5, 0x2
core   0: 3 0x8000b378 (0x00002f17) x30 0x8000d378
core   0: 0x8000b37c (0xc83f2423) sw      gp, -888(t5)
core   0: 3 0x8000b37c (0xc83f2423) mem 0x8000d000 0x00000001
core   0: 0x8000b380 (0xff9ff06f) j       pc - 0x8
core   0: 3 0x8000b380 (0xff9ff06f)
core   0: 0x8000b378 (0x00002f17) auipc   t5, 0x2
core   0: 3 0x8000b378 (0x00002f17) x30 0x8000d378
core   0: 0x8000b37c (0xc83f2423) sw      gp, -888(t5)
core   0: 3 0x8000b37c (0xc83f2423) mem 0x8000d000 0x00000001
core   0: 0x8000b380 (0xff9ff06f) j       pc - 0x8
core   0: 3 0x8000b380 (0xff9ff06f)
core   0: 0x8000b378 (0x00002f17) auipc   t5, 0x2
core   0: 3 0x8000b378 (0x00002f17) x30 0x8000d378
core   0: 0x8000b37c (0xc83f2423) sw      gp, -888(t5)
core   0: 3 0x8000b37c (0xc83f2423) mem 0x8000d000 0x00000001
core   0: 0x8000b380 (0xff9ff06f) j       pc - 0x8
core   0: 3 0x8000b380 (0xff9ff06f)
core   0: 0x8000b378 (0x00002f17) auipc   t5, 0x2
core   0: 3 0x8000b378 (0x00002f17) x30 0x8000d378
core   0: 0x8000b37c (0xc83f2423) sw      gp, -888(t5)
core   0: 3 0x8000b37c (0xc83f2423) mem 0x8000d000 0x00000001
core   0: 0x8000b380 (0xff9ff06f) j       pc - 0x8
core   0: 3 0x8000b380 (0xff9ff06f)
core   0: 0x8000b378 (0x00002f17) auipc   t5, 0x2
core   0: 3 0x8000b378 (0x00002f17) x30 0x8000d378
core   0: 0x8000b37c (0xc83f2423) sw      gp, -888(t5)
core   0: 3 0x8000b37c (0xc83f2423) mem 0x8000d000 0x00000001
core   0: 0x8000b380 (0xff9ff06f) j       pc - 0x8
core   0: 3 0x8000b380 (0xff9ff06f)
core   0: 0x8000b378 (0x00002f17) auipc   t5, 0x2
core   0: 3 0x8000b378 (0x00002f17) x30 0x8000d378
core   0: 0x8000b37c (0xc83f2423) sw      gp, -888(t5)
core   0: 3 0x8000b37c (0xc83f2423) mem 0x8000d000 0x00000001
core   0: 0x8000b380 (0xff9ff06f) j       pc - 0x8
core   0: 3 0x8000b380 (0xff9ff06f)
core   0: 0x8000b378 (0x00002f17) auipc   t5, 0x2
core   0: 3 0x8000b378 (0x00002f17) x30 0x8000d378
core   0: 0x8000b37c (0xc83f2423) sw      gp, -888(t5)
core   0: 3 0x8000b37c (0xc83f2423) mem 0x8000d000 0x00000001
core   0: 0x8000b380 (0xff9ff06f) j       pc - 0x8
core   0: 3 0x8000b380 (0xff9ff06f)
core   0: 0x8000b378 (0x00002f17) auipc   t5, 0x2
core   0: 3 0x8000b378 (0x00002f17) x30 0x8000d378
core   0: 0x8000b37c (0xc83f2423) sw      gp, -888(t5)
core   0: 3 0x8000b37c (0xc83f2423) mem 0x8000d000 0x00000001
core   0: 0x8000b380 (0xff9ff06f) j       pc - 0x8
core   0: 3 0x8000b380 (0xff9ff06f)
core   0: 0x8000b378 (0x00002f17) auipc   t5, 0x2
core   0: 3 0x8000b378 (0x00002f17) x30 0x8000d378
core   0: 0x8000b37c (0xc83f2423) sw      gp, -888(t5)
core   0: 3 0x8000b37c (0xc83f2423) mem 0x8000d000 0x00000001
core   0: 0x8000b380 (0xff9ff06f) j       pc - 0x8
core   0: 3 0x8000b380 (0xff9ff06f)
core   0: 0x8000b378 (0x00002f17) auipc   t5, 0x2
core   0: 3 0x8000b378 (0x00002f17) x30 0x8000d378
core   0: 0x8000b37c (0xc83f2423) sw      gp, -888(t5)
core   0: 3 0x8000b37c (0xc83f2423) mem 0x8000d000 0x00000001
core   0: 0x8000b380 (0xff9ff06f) j       pc - 0x8
core   0: 3 0x8000b380 (0xff9ff06f)
core   0: 0x8000b378 (0x00002f17) auipc   t5, 0x2
core   0: 3 0x8000b378 (0x00002f17) x30 0x8000d378
core   0: 0x8000b37c (0xc83f2423) sw      gp, -888(t5)
core   0: 3 0x8000b37c (0xc83f2423) mem 0x8000d000 0x00000001
core   0: 0x8000b380 (0xff9ff06f) j       pc - 0x8
core   0: 3 0x8000b380 (0xff9ff06f)
core   0: 0x8000b378 (0x00002f17) auipc   t5, 0x2
core   0: 3 0x8000b378 (0x00002f17) x30 0x8000d378
core   0: 0x8000b37c (0xc83f2423) sw      gp, -888(t5)
core   0: 3 0x8000b37c (0xc83f2423) mem 0x8000d000 0x00000001
core   0: 0x8000b380 (0xff9ff06f) j       pc - 0x8
core   0: 3 0x8000b380 (0xff9ff06f)
core   0: 0x8000b378 (0x00002f17) auipc   t5, 0x2
core   0: 3 0x8000b378 (0x00002f17) x30 0x8000d378
core   0: 0x8000b37c (0xc83f2423) sw      gp, -888(t5)
core   0: 3 0x8000b37c (0xc83f2423) mem 0x8000d000 0x00000001
core   0: 0x8000b380 (0xff9ff06f) j       pc - 0x8
core   0: 3 0x8000b380 (0xff9ff06f)
core   0: 0x8000b378 (0x00002f17) auipc   t5, 0x2
core   0: 3 0x8000b378 (0x00002f17) x30 0x8000d378
core   0: 0x8000b37c (0xc83f2423) sw      gp, -888(t5)
core   0: 3 0x8000b37c (0xc83f2423) mem 0x8000d000 0x00000001
core   0: 0x8000b380 (0xff9ff06f) j       pc - 0x8
core   0: 3 0x8000b380 (0xff9ff06f)
core   0: 0x8000b378 (0x00002f17) auipc   t5, 0x2
core   0: 3 0x8000b378 (0x00002f17) x30 0x8000d378
core   0: 0x8000b37c (0xc83f2423) sw      gp, -888(t5)
core   0: 3 0x8000b37c (0xc83f2423) mem 0x8000d000 0x00000001
core   0: 0x8000b380 (0xff9ff06f) j       pc - 0x8
core   0: 3 0x8000b380 (0xff9ff06f)
core   0: 0x8000b378 (0x00002f17) auipc   t5, 0x2
core   0: 3 0x8000b378 (0x00002f17) x30 0x8000d378
core   0: 0x8000b37c (0xc83f2423) sw      gp, -888(t5)
core   0: 3 0x8000b37c (0xc83f2423) mem 0x8000d000 0x00000001
core   0: 0x8000b380 (0xff9ff06f) j       pc - 0x8
core   0: 3 0x8000b380 (0xff9ff06f)
core   0: 0x8000b378 (0x00002f17) auipc   t5, 0x2
core   0: 3 0x8000b378 (0x00002f17) x30 0x8000d378
core   0: 0x8000b37c (0xc83f2423) sw      gp, -888(t5)
core   0: 3 0x8000b37c (0xc83f2423) mem 0x8000d000 0x00000001
core   0: 0x8000b380 (0xff9ff06f) j       pc - 0x8
core   0: 3 0x8000b380 (0xff9ff06f)
core   0: 0x8000b378 (0x00002f17) auipc   t5, 0x2
core   0: 3 0x8000b378 (0x00002f17) x30 0x8000d378
core   0: 0x8000b37c (0xc83f2423) sw      gp, -888(t5)
core   0: 3 0x8000b37c (0xc83f2423) mem 0x8000d000 0x00000001
core   0: 0x8000b380 (0xff9ff06f) j       pc - 0x8
core   0: 3 0x8000b380 (0xff9ff06f)
core   0: 0x8000b378 (0x00002f17) auipc   t5, 0x2
core   0: 3 0x8000b378 (0x00002f17) x30 0x8000d378
core   0: 0x8000b37c (0xc83f2423) sw      gp, -888(t5)
core   0: 3 0x8000b37c (0xc83f2423) mem 0x8000d000 0x00000001
core   0: 0x8000b380 (0xff9ff06f) j       pc - 0x8
core   0: 3 0x8000b380 (0xff9ff06f)
core   0: 0x8000b378 (0x00002f17) auipc   t5, 0x2
core   0: 3 0x8000b378 (0x00002f17) x30 0x8000d378
core   0: 0x8000b37c (0xc83f2423) sw      gp, -888(t5)
core   0: 3 0x8000b37c (0xc83f2423) mem 0x8000d000 0x00000001
core   0: 0x8000b380 (0xff9ff06f) j       pc - 0x8
core   0: 3 0x8000b380 (0xff9ff06f)
core   0: 0x8000b378 (0x00002f17) auipc   t5, 0x2
core   0: 3 0x8000b378 (0x00002f17) x30 0x8000d378
core   0: 0x8000b37c (0xc83f2423) sw      gp, -888(t5)
core   0: 3 0x8000b37c (0xc83f2423) mem 0x8000d000 0x00000001
core   0: 0x8000b380 (0xff9ff06f) j       pc - 0x8
core   0: 3 0x8000b380 (0xff9ff06f)
core   0: 0x8000b378 (0x00002f17) auipc   t5, 0x2
core   0: 3 0x8000b378 (0x00002f17) x30 0x8000d378
core   0: 0x8000b37c (0xc83f2423) sw      gp, -888(t5)
core   0: 3 0x8000b37c (0xc83f2423) mem 0x8000d000 0x00000001
core   0: 0x8000b380 (0xff9ff06f) j       pc - 0x8
core   0: 3 0x8000b380 (0xff9ff06f)
core   0: 0x8000b378 (0x00002f17) auipc   t5, 0x2
core   0: 3 0x8000b378 (0x00002f17) x30 0x8000d378
core   0: 0x8000b37c (0xc83f2423) sw      gp, -888(t5)
core   0: 3 0x8000b37c (0xc83f2423) mem 0x8000d000 0x00000001
core   0: 0x8000b380 (0xff9ff06f) j       pc - 0x8
core   0: 3 0x8000b380 (0xff9ff06f)
core   0: 0x8000b378 (0x00002f17) auipc   t5, 0x2
core   0: 3 0x8000b378 (0x00002f17) x30 0x8000d378
core   0: 0x8000b37c (0xc83f2423) sw      gp, -888(t5)
core   0: 3 0x8000b37c (0xc83f2423) mem 0x8000d000 0x00000001
core   0: 0x8000b380 (0xff9ff06f) j       pc - 0x8
core   0: 3 0x8000b380 (0xff9ff06f)
core   0: 0x8000b378 (0x00002f17) auipc   t5, 0x2
core   0: 3 0x8000b378 (0x00002f17) x30 0x8000d378
core   0: 0x8000b37c (0xc83f2423) sw      gp, -888(t5)
core   0: 3 0x8000b37c (0xc83f2423) mem 0x8000d000 0x00000001
core   0: 0x8000b380 (0xff9ff06f) j       pc - 0x8
core   0: 3 0x8000b380 (0xff9ff06f)
core   0: 0x8000b378 (0x00002f17) auipc   t5, 0x2
core   0: 3 0x8000b378 (0x00002f17) x30 0x8000d378
core   0: 0x8000b37c (0xc83f2423) sw      gp, -888(t5)
core   0: 3 0x8000b37c (0xc83f2423) mem 0x8000d000 0x00000001
core   0: 0x8000b380 (0xff9ff06f) j       pc - 0x8
core   0: 3 0x8000b380 (0xff9ff06f)
core   0: 0x8000b378 (0x00002f17) auipc   t5, 0x2
core   0: 3 0x8000b378 (0x00002f17) x30 0x8000d378
core   0: 0x8000b37c (0xc83f2423) sw      gp, -888(t5)
core   0: 3 0x8000b37c (0xc83f2423) mem 0x8000d000 0x00000001
core   0: 0x8000b380 (0xff9ff06f) j       pc - 0x8
core   0: 3 0x8000b380 (0xff9ff06f)
core   0: 0x8000b378 (0x00002f17) auipc   t5, 0x2
core   0: 3 0x8000b378 (0x00002f17) x30 0x8000d378
core   0: 0x8000b37c (0xc83f2423) sw      gp, -888(t5)
core   0: 3 0x8000b37c (0xc83f2423) mem 0x8000d000 0x00000001
core   0: 0x8000b380 (0xff9ff06f) j       pc - 0x8
core   0: 3 0x8000b380 (0xff9ff06f)
core   0: 0x8000b378 (0x00002f17) auipc   t5, 0x2
core   0: 3 0x8000b378 (0x00002f17) x30 0x8000d378
core   0: 0x8000b37c (0xc83f2423) sw      gp, -888(t5)
core   0: 3 0x8000b37c (0xc83f2423) mem 0x8000d000 0x00000001
core   0: 0x8000b380 (0xff9ff06f) j       pc - 0x8
core   0: 3 0x8000b380 (0xff9ff06f)
core   0: 0x8000b378 (0x00002f17) auipc   t5, 0x2
core   0: 3 0x8000b378 (0x00002f17) x30 0x8000d378
core   0: 0x8000b37c (0xc83f2423) sw      gp, -888(t5)
core   0: 3 0x8000b37c (0xc83f2423) mem 0x8000d000 0x00000001
core   0: 0x8000b380 (0xff9ff06f) j       pc - 0x8
core   0: 3 0x8000b380 (0xff9ff06f)
core   0: 0x8000b378 (0x00002f17) auipc   t5, 0x2
core   0: 3 0x8000b378 (0x00002f17) x30 0x8000d378
core   0: 0x8000b37c (0xc83f2423) sw      gp, -888(t5)
core   0: 3 0x8000b37c (0xc83f2423) mem 0x8000d000 0x00000001
core   0: 0x8000b380 (0xff9ff06f) j       pc - 0x8
core   0: 3 0x8000b380 (0xff9ff06f)
core   0: 0x8000b378 (0x00002f17) auipc   t5, 0x2
core   0: 3 0x8000b378 (0x00002f17) x30 0x8000d378
core   0: 0x8000b37c (0xc83f2423) sw      gp, -888(t5)
core   0: 3 0x8000b37c (0xc83f2423) mem 0x8000d000 0x00000001
core   0: 0x8000b380 (0xff9ff06f) j       pc - 0x8
core   0: 3 0x8000b380 (0xff9ff06f)
core   0: 0x8000b378 (0x00002f17) auipc   t5, 0x2
core   0: 3 0x8000b378 (0x00002f17) x30 0x8000d378
core   0: 0x8000b37c (0xc83f2423) sw      gp, -888(t5)
core   0: 3 0x8000b37c (0xc83f2423) mem 0x8000d000 0x00000001
core   0: 0x8000b380 (0xff9ff06f) j       pc - 0x8
core   0: 3 0x8000b380 (0xff9ff06f)
core   0: 0x8000b378 (0x00002f17) auipc   t5, 0x2
core   0: 3 0x8000b378 (0x00002f17) x30 0x8000d378
core   0: 0x8000b37c (0xc83f2423) sw      gp, -888(t5)
core   0: 3 0x8000b37c (0xc83f2423) mem 0x8000d000 0x00000001
core   0: 0x8000b380 (0xff9ff06f) j       pc - 0x8
core   0: 3 0x8000b380 (0xff9ff06f)
core   0: 0x8000b378 (0x00002f17) auipc   t5, 0x2
core   0: 3 0x8000b378 (0x00002f17) x30 0x8000d378
core   0: 0x8000b37c (0xc83f2423) sw      gp, -888(t5)
core   0: 3 0x8000b37c (0xc83f2423) mem 0x8000d000 0x00000001
core   0: 0x8000b380 (0xff9ff06f) j       pc - 0x8
core   0: 3 0x8000b380 (0xff9ff06f)
core   0: 0x8000b378 (0x00002f17) auipc   t5, 0x2
core   0: 3 0x8000b378 (0x00002f17) x30 0x8000d378
core   0: 0x8000b37c (0xc83f2423) sw      gp, -888(t5)
core   0: 3 0x8000b37c (0xc83f2423) mem 0x8000d000 0x00000001
core   0: 0x8000b380 (0xff9ff06f) j       pc - 0x8
core   0: 3 0x8000b380 (0xff9ff06f)
core   0: 0x8000b378 (0x00002f17) auipc   t5, 0x2
core   0: 3 0x8000b378 (0x00002f17) x30 0x8000d378
core   0: 0x8000b37c (0xc83f2423) sw      gp, -888(t5)
core   0: 3 0x8000b37c (0xc83f2423) mem 0x8000d000 0x00000001
core   0: 0x8000b380 (0xff9ff06f) j       pc - 0x8
core   0: 3 0x8000b380 (0xff9ff06f)
core   0: 0x8000b378 (0x00002f17) auipc   t5, 0x2
core   0: 3 0x8000b378 (0x00002f17) x30 0x8000d378
core   0: 0x8000b37c (0xc83f2423) sw      gp, -888(t5)
core   0: 3 0x8000b37c (0xc83f2423) mem 0x8000d000 0x00000001
core   0: 0x8000b380 (0xff9ff06f) j       pc - 0x8
core   0: 3 0x8000b380 (0xff9ff06f)
core   0: 0x8000b378 (0x00002f17) auipc   t5, 0x2
core   0: 3 0x8000b378 (0x00002f17) x30 0x8000d378
core   0: 0x8000b37c (0xc83f2423) sw      gp, -888(t5)
core   0: 3 0x8000b37c (0xc83f2423) mem 0x8000d000 0x00000001
core   0: 0x8000b380 (0xff9ff06f) j       pc - 0x8
core   0: 3 0x8000b380 (0xff9ff06f)
core   0: 0x8000b378 (0x00002f17) auipc   t5, 0x2
core   0: 3 0x8000b378 (0x00002f17) x30 0x8000d378
core   0: 0x8000b37c (0xc83f2423) sw      gp, -888(t5)
core   0: 3 0x8000b37c (0xc83f2423) mem 0x8000d000 0x00000001
core   0: 0x8000b380 (0xff9ff06f) j       pc - 0x8
core   0: 3 0x8000b380 (0xff9ff06f)
core   0: 0x8000b378 (0x00002f17) auipc   t5, 0x2
core   0: 3 0x8000b378 (0x00002f17) x30 0x8000d378
core   0: 0x8000b37c (0xc83f2423) sw      gp, -888(t5)
core   0: 3 0x8000b37c (0xc83f2423) mem 0x8000d000 0x00000001
core   0: 0x8000b380 (0xff9ff06f) j       pc - 0x8
core   0: 3 0x8000b380 (0xff9ff06f)
core   0: 0x8000b378 (0x00002f17) auipc   t5, 0x2
core   0: 3 0x8000b378 (0x00002f17) x30 0x8000d378
core   0: 0x8000b37c (0xc83f2423) sw      gp, -888(t5)
core   0: 3 0x8000b37c (0xc83f2423) mem 0x8000d000 0x00000001
core   0: 0x8000b380 (0xff9ff06f) j       pc - 0x8
core   0: 3 0x8000b380 (0xff9ff06f)
core   0: 0x8000b378 (0x00002f17) auipc   t5, 0x2
core   0: 3 0x8000b378 (0x00002f17) x30 0x8000d378
core   0: 0x8000b37c (0xc83f2423) sw      gp, -888(t5)
core   0: 3 0x8000b37c (0xc83f2423) mem 0x8000d000 0x00000001
core   0: 0x8000b380 (0xff9ff06f) j       pc - 0x8
core   0: 3 0x8000b380 (0xff9ff06f)
core   0: 0x8000b378 (0x00002f17) auipc   t5, 0x2
core   0: 3 0x8000b378 (0x00002f17) x30 0x8000d378
core   0: 0x8000b37c (0xc83f2423) sw      gp, -888(t5)
core   0: 3 0x8000b37c (0xc83f2423) mem 0x8000d000 0x00000001
core   0: 0x8000b380 (0xff9ff06f) j       pc - 0x8
core   0: 3 0x8000b380 (0xff9ff06f)
core   0: 0x8000b378 (0x00002f17) auipc   t5, 0x2
core   0: 3 0x8000b378 (0x00002f17) x30 0x8000d378
core   0: 0x8000b37c (0xc83f2423) sw      gp, -888(t5)
core   0: 3 0x8000b37c (0xc83f2423) mem 0x8000d000 0x00000001
core   0: 0x8000b380 (0xff9ff06f) j       pc - 0x8
core   0: 3 0x8000b380 (0xff9ff06f)
core   0: 0x8000b378 (0x00002f17) auipc   t5, 0x2
core   0: 3 0x8000b378 (0x00002f17) x30 0x8000d378
core   0: 0x8000b37c (0xc83f2423) sw      gp, -888(t5)
core   0: 3 0x8000b37c (0xc83f2423) mem 0x8000d000 0x00000001
core   0: 0x8000b380 (0xff9ff06f) j       pc - 0x8
core   0: 3 0x8000b380 (0xff9ff06f)
core   0: 0x8000b378 (0x00002f17) auipc   t5, 0x2
core   0: 3 0x8000b378 (0x00002f17) x30 0x8000d378
core   0: 0x8000b37c (0xc83f2423) sw      gp, -888(t5)
core   0: 3 0x8000b37c (0xc83f2423) mem 0x8000d000 0x00000001
core   0: 0x8000b380 (0xff9ff06f) j       pc - 0x8
core   0: 3 0x8000b380 (0xff9ff06f)
core   0: 0x8000b378 (0x00002f17) auipc   t5, 0x2
core   0: 3 0x8000b378 (0x00002f17) x30 0x8000d378
core   0: 0x8000b37c (0xc83f2423) sw      gp, -888(t5)
core   0: 3 0x8000b37c (0xc83f2423) mem 0x8000d000 0x00000001
core   0: 0x8000b380 (0xff9ff06f) j       pc - 0x8
core   0: 3 0x8000b380 (0xff9ff06f)
core   0: 0x8000b378 (0x00002f17) auipc   t5, 0x2
core   0: 3 0x8000b378 (0x00002f17) x30 0x8000d378
core   0: 0x8000b37c (0xc83f2423) sw      gp, -888(t5)
core   0: 3 0x8000b37c (0xc83f2423) mem 0x8000d000 0x00000001
core   0: 0x8000b380 (0xff9ff06f) j       pc - 0x8
core   0: 3 0x8000b380 (0xff9ff06f)
core   0: 0x8000b378 (0x00002f17) auipc   t5, 0x2
core   0: 3 0x8000b378 (0x00002f17) x30 0x8000d378
core   0: 0x8000b37c (0xc83f2423) sw      gp, -888(t5)
core   0: 3 0x8000b37c (0xc83f2423) mem 0x8000d000 0x00000001
core   0: 0x8000b380 (0xff9ff06f) j       pc - 0x8
core   0: 3 0x8000b380 (0xff9ff06f)
core   0: 0x8000b378 (0x00002f17) auipc   t5, 0x2
core   0: 3 0x8000b378 (0x00002f17) x30 0x8000d378
core   0: 0x8000b37c (0xc83f2423) sw      gp, -888(t5)
core   0: 3 0x8000b37c (0xc83f2423) mem 0x8000d000 0x00000001
core   0: 0x8000b380 (0xff9ff06f) j       pc - 0x8
core   0: 3 0x8000b380 (0xff9ff06f)
core   0: 0x8000b378 (0x00002f17) auipc   t5, 0x2
core   0: 3 0x8000b378 (0x00002f17) x30 0x8000d378
core   0: 0x8000b37c (0xc83f2423) sw      gp, -888(t5)
core   0: 3 0x8000b37c (0xc83f2423) mem 0x8000d000 0x00000001
core   0: 0x8000b380 (0xff9ff06f) j       pc - 0x8
core   0: 3 0x8000b380 (0xff9ff06f)
core   0: 0x8000b378 (0x00002f17) auipc   t5, 0x2
core   0: 3 0x8000b378 (0x00002f17) x30 0x8000d378
core   0: 0x8000b37c (0xc83f2423) sw      gp, -888(t5)
core   0: 3 0x8000b37c (0xc83f2423) mem 0x8000d000 0x00000001
core   0: 0x8000b380 (0xff9ff06f) j       pc - 0x8
core   0: 3 0x8000b380 (0xff9ff06f)
core   0: 0x8000b378 (0x00002f17) auipc   t5, 0x2
core   0: 3 0x8000b378 (0x00002f17) x30 0x8000d378
core   0: 0x8000b37c (0xc83f2423) sw      gp, -888(t5)
core   0: 3 0x8000b37c (0xc83f2423) mem 0x8000d000 0x00000001
core   0: 0x8000b380 (0xff9ff06f) j       pc - 0x8
core   0: 3 0x8000b380 (0xff9ff06f)
core   0: 0x8000b378 (0x00002f17) auipc   t5, 0x2
core   0: 3 0x8000b378 (0x00002f17) x30 0x8000d378
core   0: 0x8000b37c (0xc83f2423) sw      gp, -888(t5)
core   0: 3 0x8000b37c (0xc83f2423) mem 0x8000d000 0x00000001
core   0: 0x8000b380 (0xff9ff06f) j       pc - 0x8
core   0: 3 0x8000b380 (0xff9ff06f)
core   0: 0x8000b378 (0x00002f17) auipc   t5, 0x2
core   0: 3 0x8000b378 (0x00002f17) x30 0x8000d378
core   0: 0x8000b37c (0xc83f2423) sw      gp, -888(t5)
core   0: 3 0x8000b37c (0xc83f2423) mem 0x8000d000 0x00000001
core   0: 0x8000b380 (0xff9ff06f) j       pc - 0x8
core   0: 3 0x8000b380 (0xff9ff06f)
core   0: 0x8000b378 (0x00002f17) auipc   t5, 0x2
core   0: 3 0x8000b378 (0x00002f17) x30 0x8000d378
core   0: 0x8000b37c (0xc83f2423) sw      gp, -888(t5)
core   0: 3 0x8000b37c (0xc83f2423) mem 0x8000d000 0x00000001
core   0: 0x8000b380 (0xff9ff06f) j       pc - 0x8
core   0: 3 0x8000b380 (0xff9ff06f)
core   0: 0x8000b378 (0x00002f17) auipc   t5, 0x2
core   0: 3 0x8000b378 (0x00002f17) x30 0x8000d378
core   0: 0x8000b37c (0xc83f2423) sw      gp, -888(t5)
core   0: 3 0x8000b37c (0xc83f2423) mem 0x8000d000 0x00000001
core   0: 0x8000b380 (0xff9ff06f) j       pc - 0x8
core   0: 3 0x8000b380 (0xff9ff06f)
core   0: 0x8000b378 (0x00002f17) auipc   t5, 0x2
core   0: 3 0x8000b378 (0x00002f17) x30 0x8000d378
core   0: 0x8000b37c (0xc83f2423) sw      gp, -888(t5)
core   0: 3 0x8000b37c (0xc83f2423) mem 0x8000d000 0x00000001
core   0: 0x8000b380 (0xff9ff06f) j       pc - 0x8
core   0: 3 0x8000b380 (0xff9ff06f)
core   0: 0x8000b378 (0x00002f17) auipc   t5, 0x2
core   0: 3 0x8000b378 (0x00002f17) x30 0x8000d378
core   0: 0x8000b37c (0xc83f2423) sw      gp, -888(t5)
core   0: 3 0x8000b37c (0xc83f2423) mem 0x8000d000 0x00000001
core   0: 0x8000b380 (0xff9ff06f) j       pc - 0x8
core   0: 3 0x8000b380 (0xff9ff06f)
core   0: 0x8000b378 (0x00002f17) auipc   t5, 0x2
core   0: 3 0x8000b378 (0x00002f17) x30 0x8000d378
core   0: 0x8000b37c (0xc83f2423) sw      gp, -888(t5)
core   0: 3 0x8000b37c (0xc83f2423) mem 0x8000d000 0x00000001
core   0: 0x8000b380 (0xff9ff06f) j       pc - 0x8
core   0: 3 0x8000b380 (0xff9ff06f)
core   0: 0x8000b378 (0x00002f17) auipc   t5, 0x2
core   0: 3 0x8000b378 (0x00002f17) x30 0x8000d378
core   0: 0x8000b37c (0xc83f2423) sw      gp, -888(t5)
core   0: 3 0x8000b37c (0xc83f2423) mem 0x8000d000 0x00000001
core   0: 0x8000b380 (0xff9ff06f) j       pc - 0x8
core   0: 3 0x8000b380 (0xff9ff06f)
core   0: 0x8000b378 (0x00002f17) auipc   t5, 0x2
core   0: 3 0x8000b378 (0x00002f17) x30 0x8000d378
core   0: 0x8000b37c (0xc83f2423) sw      gp, -888(t5)
core   0: 3 0x8000b37c (0xc83f2423) mem 0x8000d000 0x00000001
core   0: 0x8000b380 (0xff9ff06f) j       pc - 0x8
core   0: 3 0x8000b380 (0xff9ff06f)
core   0: 0x8000b378 (0x00002f17) auipc   t5, 0x2
core   0: 3 0x8000b378 (0x00002f17) x30 0x8000d378
core   0: 0x8000b37c (0xc83f2423) sw      gp, -888(t5)
core   0: 3 0x8000b37c (0xc83f2423) mem 0x8000d000 0x00000001
core   0: 0x8000b380 (0xff9ff06f) j       pc - 0x8
core   0: 3 0x8000b380 (0xff9ff06f)
core   0: 0x8000b378 (0x00002f17) auipc   t5, 0x2
core   0: 3 0x8000b378 (0x00002f17) x30 0x8000d378
core   0: 0x8000b37c (0xc83f2423) sw      gp, -888(t5)
core   0: 3 0x8000b37c (0xc83f2423) mem 0x8000d000 0x00000001
core   0: 0x8000b380 (0xff9ff06f) j       pc - 0x8
core   0: 3 0x8000b380 (0xff9ff06f)
core   0: 0x8000b378 (0x00002f17) auipc   t5, 0x2
core   0: 3 0x8000b378 (0x00002f17) x30 0x8000d378
core   0: 0x8000b37c (0xc83f2423) sw      gp, -888(t5)
core   0: 3 0x8000b37c (0xc83f2423) mem 0x8000d000 0x00000001
core   0: 0x8000b380 (0xff9ff06f) j       pc - 0x8
core   0: 3 0x8000b380 (0xff9ff06f)
core   0: 0x8000b378 (0x00002f17) auipc   t5, 0x2
core   0: 3 0x8000b378 (0x00002f17) x30 0x8000d378
core   0: 0x8000b37c (0xc83f2423) sw      gp, -888(t5)
core   0: 3 0x8000b37c (0xc83f2423) mem 0x8000d000 0x00000001
core   0: 0x8000b380 (0xff9ff06f) j       pc - 0x8
core   0: 3 0x8000b380 (0xff9ff06f)
core   0: 0x8000b378 (0x00002f17) auipc   t5, 0x2
core   0: 3 0x8000b378 (0x00002f17) x30 0x8000d378
core   0: 0x8000b37c (0xc83f2423) sw      gp, -888(t5)
core   0: 3 0x8000b37c (0xc83f2423) mem 0x8000d000 0x00000001
core   0: 0x8000b380 (0xff9ff06f) j       pc - 0x8
core   0: 3 0x8000b380 (0xff9ff06f)
core   0: 0x8000b378 (0x00002f17) auipc   t5, 0x2
core   0: 3 0x8000b378 (0x00002f17) x30 0x8000d378
core   0: 0x8000b37c (0xc83f2423) sw      gp, -888(t5)
core   0: 3 0x8000b37c (0xc83f2423) mem 0x8000d000 0x00000001
core   0: 0x8000b380 (0xff9ff06f) j       pc - 0x8
core   0: 3 0x8000b380 (0xff9ff06f)
core   0: 0x8000b378 (0x00002f17) auipc   t5, 0x2
core   0: 3 0x8000b378 (0x00002f17) x30 0x8000d378
core   0: 0x8000b37c (0xc83f2423) sw      gp, -888(t5)
core   0: 3 0x8000b37c (0xc83f2423) mem 0x8000d000 0x00000001
core   0: 0x8000b380 (0xff9ff06f) j       pc - 0x8
core   0: 3 0x8000b380 (0xff9ff06f)
core   0: 0x8000b378 (0x00002f17) auipc   t5, 0x2
core   0: 3 0x8000b378 (0x00002f17) x30 0x8000d378
core   0: 0x8000b37c (0xc83f2423) sw      gp, -888(t5)
core   0: 3 0x8000b37c (0xc83f2423) mem 0x8000d000 0x00000001
core   0: 0x8000b380 (0xff9ff06f) j       pc - 0x8
core   0: 3 0x8000b380 (0xff9ff06f)
core   0: 0x8000b378 (0x00002f17) auipc   t5, 0x2
core   0: 3 0x8000b378 (0x00002f17) x30 0x8000d378
core   0: 0x8000b37c (0xc83f2423) sw      gp, -888(t5)
core   0: 3 0x8000b37c (0xc83f2423) mem 0x8000d000 0x00000001
core   0: 0x8000b380 (0xff9ff06f) j       pc - 0x8
core   0: 3 0x8000b380 (0xff9ff06f)
core   0: 0x8000b378 (0x00002f17) auipc   t5, 0x2
core   0: 3 0x8000b378 (0x00002f17) x30 0x8000d378
core   0: 0x8000b37c (0xc83f2423) sw      gp, -888(t5)
core   0: 3 0x8000b37c (0xc83f2423) mem 0x8000d000 0x00000001
core   0: 0x8000b380 (0xff9ff06f) j       pc - 0x8
core   0: 3 0x8000b380 (0xff9ff06f)
core   0: 0x8000b378 (0x00002f17) auipc   t5, 0x2
core   0: 3 0x8000b378 (0x00002f17) x30 0x8000d378
core   0: 0x8000b37c (0xc83f2423) sw      gp, -888(t5)
core   0: 3 0x8000b37c (0xc83f2423) mem 0x8000d000 0x00000001
core   0: 0x8000b380 (0xff9ff06f) j       pc - 0x8
core   0: 3 0x8000b380 (0xff9ff06f)
core   0: 0x8000b378 (0x00002f17) auipc   t5, 0x2
core   0: 3 0x8000b378 (0x00002f17) x30 0x8000d378
core   0: 0x8000b37c (0xc83f2423) sw      gp, -888(t5)
core   0: 3 0x8000b37c (0xc83f2423) mem 0x8000d000 0x00000001
core   0: 0x8000b380 (0xff9ff06f) j       pc - 0x8
core   0: 3 0x8000b380 (0xff9ff06f)
core   0: 0x8000b378 (0x00002f17) auipc   t5, 0x2
core   0: 3 0x8000b378 (0x00002f17) x30 0x8000d378
core   0: 0x8000b37c (0xc83f2423) sw      gp, -888(t5)
core   0: 3 0x8000b37c (0xc83f2423) mem 0x8000d000 0x00000001
core   0: 0x8000b380 (0xff9ff06f) j       pc - 0x8
core   0: 3 0x8000b380 (0xff9ff06f)
core   0: 0x8000b378 (0x00002f17) auipc   t5, 0x2
core   0: 3 0x8000b378 (0x00002f17) x30 0x8000d378
core   0: 0x8000b37c (0xc83f2423) sw      gp, -888(t5)
core   0: 3 0x8000b37c (0xc83f2423) mem 0x8000d000 0x00000001
core   0: 0x8000b380 (0xff9ff06f) j       pc - 0x8
core   0: 3 0x8000b380 (0xff9ff06f)
core   0: 0x8000b378 (0x00002f17) auipc   t5, 0x2
core   0: 3 0x8000b378 (0x00002f17) x30 0x8000d378
core   0: 0x8000b37c (0xc83f2423) sw      gp, -888(t5)
core   0: 3 0x8000b37c (0xc83f2423) mem 0x8000d000 0x00000001
core   0: 0x8000b380 (0xff9ff06f) j       pc - 0x8
core   0: 3 0x8000b380 (0xff9ff06f)
core   0: 0x8000b378 (0x00002f17) auipc   t5, 0x2
core   0: 3 0x8000b378 (0x00002f17) x30 0x8000d378
core   0: 0x8000b37c (0xc83f2423) sw      gp, -888(t5)
core   0: 3 0x8000b37c (0xc83f2423) mem 0x8000d000 0x00000001
core   0: 0x8000b380 (0xff9ff06f) j       pc - 0x8
core   0: 3 0x8000b380 (0xff9ff06f)
core   0: 0x8000b378 (0x00002f17) auipc   t5, 0x2
core   0: 3 0x8000b378 (0x00002f17) x30 0x8000d378
core   0: 0x8000b37c (0xc83f2423) sw      gp, -888(t5)
core   0: 3 0x8000b37c (0xc83f2423) mem 0x8000d000 0x00000001
core   0: 0x8000b380 (0xff9ff06f) j       pc - 0x8
core   0: 3 0x8000b380 (0xff9ff06f)
core   0: 0x8000b378 (0x00002f17) auipc   t5, 0x2
core   0: 3 0x8000b378 (0x00002f17) x30 0x8000d378
core   0: 0x8000b37c (0xc83f2423) sw      gp, -888(t5)
core   0: 3 0x8000b37c (0xc83f2423) mem 0x8000d000 0x00000001
core   0: 0x8000b380 (0xff9ff06f) j       pc - 0x8
core   0: 3 0x8000b380 (0xff9ff06f)
core   0: 0x8000b378 (0x00002f17) auipc   t5, 0x2
core   0: 3 0x8000b378 (0x00002f17) x30 0x8000d378
core   0: 0x8000b37c (0xc83f2423) sw      gp, -888(t5)
core   0: 3 0x8000b37c (0xc83f2423) mem 0x8000d000 0x00000001
core   0: 0x8000b380 (0xff9ff06f) j       pc - 0x8
core   0: 3 0x8000b380 (0xff9ff06f)
core   0: 0x8000b378 (0x00002f17) auipc   t5, 0x2
core   0: 3 0x8000b378 (0x00002f17) x30 0x8000d378
core   0: 0x8000b37c (0xc83f2423) sw      gp, -888(t5)
core   0: 3 0x8000b37c (0xc83f2423) mem 0x8000d000 0x00000001
core   0: 0x8000b380 (0xff9ff06f) j       pc - 0x8
core   0: 3 0x8000b380 (0xff9ff06f)
core   0: 0x8000b378 (0x00002f17) auipc   t5, 0x2
core   0: 3 0x8000b378 (0x00002f17) x30 0x8000d378
core   0: 0x8000b37c (0xc83f2423) sw      gp, -888(t5)
core   0: 3 0x8000b37c (0xc83f2423) mem 0x8000d000 0x00000001
core   0: 0x8000b380 (0xff9ff06f) j       pc - 0x8
core   0: 3 0x8000b380 (0xff9ff06f)
core   0: 0x8000b378 (0x00002f17) auipc   t5, 0x2
core   0: 3 0x8000b378 (0x00002f17) x30 0x8000d378
core   0: 0x8000b37c (0xc83f2423) sw      gp, -888(t5)
core   0: 3 0x8000b37c (0xc83f2423) mem 0x8000d000 0x00000001
core   0: 0x8000b380 (0xff9ff06f) j       pc - 0x8
core   0: 3 0x8000b380 (0xff9ff06f)
core   0: 0x8000b378 (0x00002f17) auipc   t5, 0x2
core   0: 3 0x8000b378 (0x00002f17) x30 0x8000d378
core   0: 0x8000b37c (0xc83f2423) sw      gp, -888(t5)
core   0: 3 0x8000b37c (0xc83f2423) mem 0x8000d000 0x00000001
core   0: 0x8000b380 (0xff9ff06f) j       pc - 0x8
core   0: 3 0x8000b380 (0xff9ff06f)
core   0: 0x8000b378 (0x00002f17) auipc   t5, 0x2
core   0: 3 0x8000b378 (0x00002f17) x30 0x8000d378
core   0: 0x8000b37c (0xc83f2423) sw      gp, -888(t5)
core   0: 3 0x8000b37c (0xc83f2423) mem 0x8000d000 0x00000001
core   0: 0x8000b380 (0xff9ff06f) j       pc - 0x8
core   0: 3 0x8000b380 (0xff9ff06f)
core   0: 0x8000b378 (0x00002f17) auipc   t5, 0x2
core   0: 3 0x8000b378 (0x00002f17) x30 0x8000d378
core   0: 0x8000b37c (0xc83f2423) sw      gp, -888(t5)
core   0: 3 0x8000b37c (0xc83f2423) mem 0x8000d000 0x00000001
core   0: 0x8000b380 (0xff9ff06f) j       pc - 0x8
core   0: 3 0x8000b380 (0xff9ff06f)
core   0: 0x8000b378 (0x00002f17) auipc   t5, 0x2
core   0: 3 0x8000b378 (0x00002f17) x30 0x8000d378
core   0: 0x8000b37c (0xc83f2423) sw      gp, -888(t5)
core   0: 3 0x8000b37c (0xc83f2423) mem 0x8000d000 0x00000001
core   0: 0x8000b380 (0xff9ff06f) j       pc - 0x8
core   0: 3 0x8000b380 (0xff9ff06f)
core   0: 0x8000b378 (0x00002f17) auipc   t5, 0x2
core   0: 3 0x8000b378 (0x00002f17) x30 0x8000d378
core   0: 0x8000b37c (0xc83f2423) sw      gp, -888(t5)
core   0: 3 0x8000b37c (0xc83f2423) mem 0x8000d000 0x00000001
core   0: 0x8000b380 (0xff9ff06f) j       pc - 0x8
core   0: 3 0x8000b380 (0xff9ff06f)
core   0: 0x8000b378 (0x00002f17) auipc   t5, 0x2
core   0: 3 0x8000b378 (0x00002f17) x30 0x8000d378
core   0: 0x8000b37c (0xc83f2423) sw      gp, -888(t5)
core   0: 3 0x8000b37c (0xc83f2423) mem 0x8000d000 0x00000001
core   0: 0x8000b380 (0xff9ff06f) j       pc - 0x8
core   0: 3 0x8000b380 (0xff9ff06f)
core   0: 0x8000b378 (0x00002f17) auipc   t5, 0x2
core   0: 3 0x8000b378 (0x00002f17) x30 0x8000d378
core   0: 0x8000b37c (0xc83f2423) sw      gp, -888(t5)
core   0: 3 0x8000b37c (0xc83f2423) mem 0x8000d000 0x00000001
core   0: 0x8000b380 (0xff9ff06f) j       pc - 0x8
core   0: 3 0x8000b380 (0xff9ff06f)
core   0: 0x8000b378 (0x00002f17) auipc   t5, 0x2
core   0: 3 0x8000b378 (0x00002f17) x30 0x8000d378
core   0: 0x8000b37c (0xc83f2423) sw      gp, -888(t5)
core   0: 3 0x8000b37c (0xc83f2423) mem 0x8000d000 0x00000001
core   0: 0x8000b380 (0xff9ff06f) j       pc - 0x8
core   0: 3 0x8000b380 (0xff9ff06f)
core   0: 0x8000b378 (0x00002f17) auipc   t5, 0x2
core   0: 3 0x8000b378 (0x00002f17) x30 0x8000d378
core   0: 0x8000b37c (0xc83f2423) sw      gp, -888(t5)
core   0: 3 0x8000b37c (0xc83f2423) mem 0x8000d000 0x00000001
core   0: 0x8000b380 (0xff9ff06f) j       pc - 0x8
core   0: 3 0x8000b380 (0xff9ff06f)
core   0: 0x8000b378 (0x00002f17) auipc   t5, 0x2
core   0: 3 0x8000b378 (0x00002f17) x30 0x8000d378
core   0: 0x8000b37c (0xc83f2423) sw      gp, -888(t5)
core   0: 3 0x8000b37c (0xc83f2423) mem 0x8000d000 0x00000001
core   0: 0x8000b380 (0xff9ff06f) j       pc - 0x8
core   0: 3 0x8000b380 (0xff9ff06f)
core   0: 0x8000b378 (0x00002f17) auipc   t5, 0x2
core   0: 3 0x8000b378 (0x00002f17) x30 0x8000d378
core   0: 0x8000b37c (0xc83f2423) sw      gp, -888(t5)
core   0: 3 0x8000b37c (0xc83f2423) mem 0x8000d000 0x00000001
core   0: 0x8000b380 (0xff9ff06f) j       pc - 0x8
core   0: 3 0x8000b380 (0xff9ff06f)
core   0: 0x8000b378 (0x00002f17) auipc   t5, 0x2
core   0: 3 0x8000b378 (0x00002f17) x30 0x8000d378
core   0: 0x8000b37c (0xc83f2423) sw      gp, -888(t5)
core   0: 3 0x8000b37c (0xc83f2423) mem 0x8000d000 0x00000001
core   0: 0x8000b380 (0xff9ff06f) j       pc - 0x8
core   0: 3 0x8000b380 (0xff9ff06f)
core   0: 0x8000b378 (0x00002f17) auipc   t5, 0x2
core   0: 3 0x8000b378 (0x00002f17) x30 0x8000d378
core   0: 0x8000b37c (0xc83f2423) sw      gp, -888(t5)
core   0: 3 0x8000b37c (0xc83f2423) mem 0x8000d000 0x00000001
core   0: 0x8000b380 (0xff9ff06f) j       pc - 0x8
core   0: 3 0x8000b380 (0xff9ff06f)
core   0: 0x8000b378 (0x00002f17) auipc   t5, 0x2
core   0: 3 0x8000b378 (0x00002f17) x30 0x8000d378
core   0: 0x8000b37c (0xc83f2423) sw      gp, -888(t5)
core   0: 3 0x8000b37c (0xc83f2423) mem 0x8000d000 0x00000001
core   0: 0x8000b380 (0xff9ff06f) j       pc - 0x8
core   0: 3 0x8000b380 (0xff9ff06f)
core   0: 0x8000b378 (0x00002f17) auipc   t5, 0x2
core   0: 3 0x8000b378 (0x00002f17) x30 0x8000d378
core   0: 0x8000b37c (0xc83f2423) sw      gp, -888(t5)
core   0: 3 0x8000b37c (0xc83f2423) mem 0x8000d000 0x00000001
core   0: 0x8000b380 (0xff9ff06f) j       pc - 0x8
core   0: 3 0x8000b380 (0xff9ff06f)
core   0: 0x8000b378 (0x00002f17) auipc   t5, 0x2
core   0: 3 0x8000b378 (0x00002f17) x30 0x8000d378
core   0: 0x8000b37c (0xc83f2423) sw      gp, -888(t5)
core   0: 3 0x8000b37c (0xc83f2423) mem 0x8000d000 0x00000001
core   0: 0x8000b380 (0xff9ff06f) j       pc - 0x8
core   0: 3 0x8000b380 (0xff9ff06f)
core   0: 0x8000b378 (0x00002f17) auipc   t5, 0x2
core   0: 3 0x8000b378 (0x00002f17) x30 0x8000d378
core   0: 0x8000b37c (0xc83f2423) sw      gp, -888(t5)
core   0: 3 0x8000b37c (0xc83f2423) mem 0x8000d000 0x00000001
core   0: 0x8000b380 (0xff9ff06f) j       pc - 0x8
core   0: 3 0x8000b380 (0xff9ff06f)
core   0: 0x8000b378 (0x00002f17) auipc   t5, 0x2
core   0: 3 0x8000b378 (0x00002f17) x30 0x8000d378
core   0: 0x8000b37c (0xc83f2423) sw      gp, -888(t5)
core   0: 3 0x8000b37c (0xc83f2423) mem 0x8000d000 0x00000001
core   0: 0x8000b380 (0xff9ff06f) j       pc - 0x8
core   0: 3 0x8000b380 (0xff9ff06f)
core   0: 0x8000b378 (0x00002f17) auipc   t5, 0x2
core   0: 3 0x8000b378 (0x00002f17) x30 0x8000d378
core   0: 0x8000b37c (0xc83f2423) sw      gp, -888(t5)
core   0: 3 0x8000b37c (0xc83f2423) mem 0x8000d000 0x00000001
core   0: 0x8000b380 (0xff9ff06f) j       pc - 0x8
core   0: 3 0x8000b380 (0xff9ff06f)
core   0: 0x8000b378 (0x00002f17) auipc   t5, 0x2
core   0: 3 0x8000b378 (0x00002f17) x30 0x8000d378
core   0: 0x8000b37c (0xc83f2423) sw      gp, -888(t5)
core   0: 3 0x8000b37c (0xc83f2423) mem 0x8000d000 0x00000001
core   0: 0x8000b380 (0xff9ff06f) j       pc - 0x8
core   0: 3 0x8000b380 (0xff9ff06f)
core   0: 0x8000b378 (0x00002f17) auipc   t5, 0x2
core   0: 3 0x8000b378 (0x00002f17) x30 0x8000d378
core   0: 0x8000b37c (0xc83f2423) sw      gp, -888(t5)
core   0: 3 0x8000b37c (0xc83f2423) mem 0x8000d000 0x00000001
core   0: 0x8000b380 (0xff9ff06f) j       pc - 0x8
core   0: 3 0x8000b380 (0xff9ff06f)
core   0: 0x8000b378 (0x00002f17) auipc   t5, 0x2
core   0: 3 0x8000b378 (0x00002f17) x30 0x8000d378
core   0: 0x8000b37c (0xc83f2423) sw      gp, -888(t5)
core   0: 3 0x8000b37c (0xc83f2423) mem 0x8000d000 0x00000001
core   0: 0x8000b380 (0xff9ff06f) j       pc - 0x8
core   0: 3 0x8000b380 (0xff9ff06f)
core   0: 0x8000b378 (0x00002f17) auipc   t5, 0x2
core   0: 3 0x8000b378 (0x00002f17) x30 0x8000d378
core   0: 0x8000b37c (0xc83f2423) sw      gp, -888(t5)
core   0: 3 0x8000b37c (0xc83f2423) mem 0x8000d000 0x00000001
core   0: 0x8000b380 (0xff9ff06f) j       pc - 0x8
core   0: 3 0x8000b380 (0xff9ff06f)
core   0: 0x8000b378 (0x00002f17) auipc   t5, 0x2
core   0: 3 0x8000b378 (0x00002f17) x30 0x8000d378
core   0: 0x8000b37c (0xc83f2423) sw      gp, -888(t5)
core   0: 3 0x8000b37c (0xc83f2423) mem 0x8000d000 0x00000001
core   0: 0x8000b380 (0xff9ff06f) j       pc - 0x8
core   0: 3 0x8000b380 (0xff9ff06f)
core   0: 0x8000b378 (0x00002f17) auipc   t5, 0x2
core   0: 3 0x8000b378 (0x00002f17) x30 0x8000d378
core   0: 0x8000b37c (0xc83f2423) sw      gp, -888(t5)
core   0: 3 0x8000b37c (0xc83f2423) mem 0x8000d000 0x00000001
core   0: 0x8000b380 (0xff9ff06f) j       pc - 0x8
core   0: 3 0x8000b380 (0xff9ff06f)
core   0: 0x8000b378 (0x00002f17) auipc   t5, 0x2
core   0: 3 0x8000b378 (0x00002f17) x30 0x8000d378
core   0: 0x8000b37c (0xc83f2423) sw      gp, -888(t5)
core   0: 3 0x8000b37c (0xc83f2423) mem 0x8000d000 0x00000001
core   0: 0x8000b380 (0xff9ff06f) j       pc - 0x8
core   0: 3 0x8000b380 (0xff9ff06f)
core   0: 0x8000b378 (0x00002f17) auipc   t5, 0x2
core   0: 3 0x8000b378 (0x00002f17) x30 0x8000d378
core   0: 0x8000b37c (0xc83f2423) sw      gp, -888(t5)
core   0: 3 0x8000b37c (0xc83f2423) mem 0x8000d000 0x00000001
core   0: 0x8000b380 (0xff9ff06f) j       pc - 0x8
core   0: 3 0x8000b380 (0xff9ff06f)
core   0: 0x8000b378 (0x00002f17) auipc   t5, 0x2
core   0: 3 0x8000b378 (0x00002f17) x30 0x8000d378
core   0: 0x8000b37c (0xc83f2423) sw      gp, -888(t5)
core   0: 3 0x8000b37c (0xc83f2423) mem 0x8000d000 0x00000001
core   0: 0x8000b380 (0xff9ff06f) j       pc - 0x8
core   0: 3 0x8000b380 (0xff9ff06f)
core   0: 0x8000b378 (0x00002f17) auipc   t5, 0x2
core   0: 3 0x8000b378 (0x00002f17) x30 0x8000d378
core   0: 0x8000b37c (0xc83f2423) sw      gp, -888(t5)
core   0: 3 0x8000b37c (0xc83f2423) mem 0x8000d000 0x00000001
core   0: 0x8000b380 (0xff9ff06f) j       pc - 0x8
core   0: 3 0x8000b380 (0xff9ff06f)
core   0: 0x8000b378 (0x00002f17) auipc   t5, 0x2
core   0: 3 0x8000b378 (0x00002f17) x30 0x8000d378
core   0: 0x8000b37c (0xc83f2423) sw      gp, -888(t5)
core   0: 3 0x8000b37c (0xc83f2423) mem 0x8000d000 0x00000001
core   0: 0x8000b380 (0xff9ff06f) j       pc - 0x8
core   0: 3 0x8000b380 (0xff9ff06f)
core   0: 0x8000b378 (0x00002f17) auipc   t5, 0x2
core   0: 3 0x8000b378 (0x00002f17) x30 0x8000d378
core   0: 0x8000b37c (0xc83f2423) sw      gp, -888(t5)
core   0: 3 0x8000b37c (0xc83f2423) mem 0x8000d000 0x00000001
core   0: 0x8000b380 (0xff9ff06f) j       pc - 0x8
core   0: 3 0x8000b380 (0xff9ff06f)
core   0: 0x8000b378 (0x00002f17) auipc   t5, 0x2
core   0: 3 0x8000b378 (0x00002f17) x30 0x8000d378
core   0: 0x8000b37c (0xc83f2423) sw      gp, -888(t5)
core   0: 3 0x8000b37c (0xc83f2423) mem 0x8000d000 0x00000001
core   0: 0x8000b380 (0xff9ff06f) j       pc - 0x8
core   0: 3 0x8000b380 (0xff9ff06f)
core   0: 0x8000b378 (0x00002f17) auipc   t5, 0x2
core   0: 3 0x8000b378 (0x00002f17) x30 0x8000d378
core   0: 0x8000b37c (0xc83f2423) sw      gp, -888(t5)
core   0: 3 0x8000b37c (0xc83f2423) mem 0x8000d000 0x00000001
core   0: 0x8000b380 (0xff9ff06f) j       pc - 0x8
core   0: 3 0x8000b380 (0xff9ff06f)
core   0: 0x8000b378 (0x00002f17) auipc   t5, 0x2
core   0: 3 0x8000b378 (0x00002f17) x30 0x8000d378
core   0: 0x8000b37c (0xc83f2423) sw      gp, -888(t5)
core   0: 3 0x8000b37c (0xc83f2423) mem 0x8000d000 0x00000001
core   0: 0x8000b380 (0xff9ff06f) j       pc - 0x8
core   0: 3 0x8000b380 (0xff9ff06f)
core   0: 0x8000b378 (0x00002f17) auipc   t5, 0x2
core   0: 3 0x8000b378 (0x00002f17) x30 0x8000d378
core   0: 0x8000b37c (0xc83f2423) sw      gp, -888(t5)
core   0: 3 0x8000b37c (0xc83f2423) mem 0x8000d000 0x00000001
core   0: 0x8000b380 (0xff9ff06f) j       pc - 0x8
core   0: 3 0x8000b380 (0xff9ff06f)
core   0: 0x8000b378 (0x00002f17) auipc   t5, 0x2
core   0: 3 0x8000b378 (0x00002f17) x30 0x8000d378
core   0: 0x8000b37c (0xc83f2423) sw      gp, -888(t5)
core   0: 3 0x8000b37c (0xc83f2423) mem 0x8000d000 0x00000001
core   0: 0x8000b380 (0xff9ff06f) j       pc - 0x8
core   0: 3 0x8000b380 (0xff9ff06f)
core   0: 0x8000b378 (0x00002f17) auipc   t5, 0x2
core   0: 3 0x8000b378 (0x00002f17) x30 0x8000d378
core   0: 0x8000b37c (0xc83f2423) sw      gp, -888(t5)
core   0: 3 0x8000b37c (0xc83f2423) mem 0x8000d000 0x00000001
core   0: 0x8000b380 (0xff9ff06f) j       pc - 0x8
core   0: 3 0x8000b380 (0xff9ff06f)
core   0: 0x8000b378 (0x00002f17) auipc   t5, 0x2
core   0: 3 0x8000b378 (0x00002f17) x30 0x8000d378
core   0: 0x8000b37c (0xc83f2423) sw      gp, -888(t5)
core   0: 3 0x8000b37c (0xc83f2423) mem 0x8000d000 0x00000001
core   0: 0x8000b380 (0xff9ff06f) j       pc - 0x8
core   0: 3 0x8000b380 (0xff9ff06f)
core   0: 0x8000b378 (0x00002f17) auipc   t5, 0x2
core   0: 3 0x8000b378 (0x00002f17) x30 0x8000d378
core   0: 0x8000b37c (0xc83f2423) sw      gp, -888(t5)
core   0: 3 0x8000b37c (0xc83f2423) mem 0x8000d000 0x00000001
core   0: 0x8000b380 (0xff9ff06f) j       pc - 0x8
core   0: 3 0x8000b380 (0xff9ff06f)
core   0: 0x8000b378 (0x00002f17) auipc   t5, 0x2
core   0: 3 0x8000b378 (0x00002f17) x30 0x8000d378
core   0: 0x8000b37c (0xc83f2423) sw      gp, -888(t5)
core   0: 3 0x8000b37c (0xc83f2423) mem 0x8000d000 0x00000001
core   0: 0x8000b380 (0xff9ff06f) j       pc - 0x8
core   0: 3 0x8000b380 (0xff9ff06f)
core   0: 0x8000b378 (0x00002f17) auipc   t5, 0x2
core   0: 3 0x8000b378 (0x00002f17) x30 0x8000d378
core   0: 0x8000b37c (0xc83f2423) sw      gp, -888(t5)
core   0: 3 0x8000b37c (0xc83f2423) mem 0x8000d000 0x00000001
core   0: 0x8000b380 (0xff9ff06f) j       pc - 0x8
core   0: 3 0x8000b380 (0xff9ff06f)
core   0: 0x8000b378 (0x00002f17) auipc   t5, 0x2
core   0: 3 0x8000b378 (0x00002f17) x30 0x8000d378
core   0: 0x8000b37c (0xc83f2423) sw      gp, -888(t5)
core   0: 3 0x8000b37c (0xc83f2423) mem 0x8000d000 0x00000001
core   0: 0x8000b380 (0xff9ff06f) j       pc - 0x8
core   0: 3 0x8000b380 (0xff9ff06f)
core   0: 0x8000b378 (0x00002f17) auipc   t5, 0x2
core   0: 3 0x8000b378 (0x00002f17) x30 0x8000d378
core   0: 0x8000b37c (0xc83f2423) sw      gp, -888(t5)
core   0: 3 0x8000b37c (0xc83f2423) mem 0x8000d000 0x00000001
core   0: 0x8000b380 (0xff9ff06f) j       pc - 0x8
core   0: 3 0x8000b380 (0xff9ff06f)
core   0: 0x8000b378 (0x00002f17) auipc   t5, 0x2
core   0: 3 0x8000b378 (0x00002f17) x30 0x8000d378
core   0: 0x8000b37c (0xc83f2423) sw      gp, -888(t5)
core   0: 3 0x8000b37c (0xc83f2423) mem 0x8000d000 0x00000001
core   0: 0x8000b380 (0xff9ff06f) j       pc - 0x8
core   0: 3 0x8000b380 (0xff9ff06f)
core   0: 0x8000b378 (0x00002f17) auipc   t5, 0x2
core   0: 3 0x8000b378 (0x00002f17) x30 0x8000d378
core   0: 0x8000b37c (0xc83f2423) sw      gp, -888(t5)
core   0: 3 0x8000b37c (0xc83f2423) mem 0x8000d000 0x00000001
core   0: 0x8000b380 (0xff9ff06f) j       pc - 0x8
core   0: 3 0x8000b380 (0xff9ff06f)
core   0: 0x8000b378 (0x00002f17) auipc   t5, 0x2
core   0: 3 0x8000b378 (0x00002f17) x30 0x8000d378
core   0: 0x8000b37c (0xc83f2423) sw      gp, -888(t5)
core   0: 3 0x8000b37c (0xc83f2423) mem 0x8000d000 0x00000001
core   0: 0x8000b380 (0xff9ff06f) j       pc - 0x8
core   0: 3 0x8000b380 (0xff9ff06f)
core   0: 0x8000b378 (0x00002f17) auipc   t5, 0x2
core   0: 3 0x8000b378 (0x00002f17) x30 0x8000d378
core   0: 0x8000b37c (0xc83f2423) sw      gp, -888(t5)
core   0: 3 0x8000b37c (0xc83f2423) mem 0x8000d000 0x00000001
core   0: 0x8000b380 (0xff9ff06f) j       pc - 0x8
core   0: 3 0x8000b380 (0xff9ff06f)
core   0: 0x8000b378 (0x00002f17) auipc   t5, 0x2
core   0: 3 0x8000b378 (0x00002f17) x30 0x8000d378
core   0: 0x8000b37c (0xc83f2423) sw      gp, -888(t5)
core   0: 3 0x8000b37c (0xc83f2423) mem 0x8000d000 0x00000001
core   0: 0x8000b380 (0xff9ff06f) j       pc - 0x8
core   0: 3 0x8000b380 (0xff9ff06f)
core   0: 0x8000b378 (0x00002f17) auipc   t5, 0x2
core   0: 3 0x8000b378 (0x00002f17) x30 0x8000d378
core   0: 0x8000b37c (0xc83f2423) sw      gp, -888(t5)
core   0: 3 0x8000b37c (0xc83f2423) mem 0x8000d000 0x00000001
core   0: 0x8000b380 (0xff9ff06f) j       pc - 0x8
core   0: 3 0x8000b380 (0xff9ff06f)
core   0: 0x8000b378 (0x00002f17) auipc   t5, 0x2
core   0: 3 0x8000b378 (0x00002f17) x30 0x8000d378
core   0: 0x8000b37c (0xc83f2423) sw      gp, -888(t5)
core   0: 3 0x8000b37c (0xc83f2423) mem 0x8000d000 0x00000001
core   0: 0x8000b380 (0xff9ff06f) j       pc - 0x8
core   0: 3 0x8000b380 (0xff9ff06f)
core   0: 0x8000b378 (0x00002f17) auipc   t5, 0x2
core   0: 3 0x8000b378 (0x00002f17) x30 0x8000d378
core   0: 0x8000b37c (0xc83f2423) sw      gp, -888(t5)
core   0: 3 0x8000b37c (0xc83f2423) mem 0x8000d000 0x00000001
core   0: 0x8000b380 (0xff9ff06f) j       pc - 0x8
core   0: 3 0x8000b380 (0xff9ff06f)
core   0: 0x8000b378 (0x00002f17) auipc   t5, 0x2
core   0: 3 0x8000b378 (0x00002f17) x30 0x8000d378
core   0: 0x8000b37c (0xc83f2423) sw      gp, -888(t5)
core   0: 3 0x8000b37c (0xc83f2423) mem 0x8000d000 0x00000001
core   0: 0x8000b380 (0xff9ff06f) j       pc - 0x8
core   0: 3 0x8000b380 (0xff9ff06f)
core   0: 0x8000b378 (0x00002f17) auipc   t5, 0x2
core   0: 3 0x8000b378 (0x00002f17) x30 0x8000d378
core   0: 0x8000b37c (0xc83f2423) sw      gp, -888(t5)
core   0: 3 0x8000b37c (0xc83f2423) mem 0x8000d000 0x00000001
core   0: 0x8000b380 (0xff9ff06f) j       pc - 0x8
core   0: 3 0x8000b380 (0xff9ff06f)
core   0: 0x8000b378 (0x00002f17) auipc   t5, 0x2
core   0: 3 0x8000b378 (0x00002f17) x30 0x8000d378
core   0: 0x8000b37c (0xc83f2423) sw      gp, -888(t5)
core   0: 3 0x8000b37c (0xc83f2423) mem 0x8000d000 0x00000001
core   0: 0x8000b380 (0xff9ff06f) j       pc - 0x8
core   0: 3 0x8000b380 (0xff9ff06f)
core   0: 0x8000b378 (0x00002f17) auipc   t5, 0x2
core   0: 3 0x8000b378 (0x00002f17) x30 0x8000d378
core   0: 0x8000b37c (0xc83f2423) sw      gp, -888(t5)
core   0: 3 0x8000b37c (0xc83f2423) mem 0x8000d000 0x00000001
core   0: 0x8000b380 (0xff9ff06f) j       pc - 0x8
core   0: 3 0x8000b380 (0xff9ff06f)
core   0: 0x8000b378 (0x00002f17) auipc   t5, 0x2
core   0: 3 0x8000b378 (0x00002f17) x30 0x8000d378
core   0: 0x8000b37c (0xc83f2423) sw      gp, -888(t5)
core   0: 3 0x8000b37c (0xc83f2423) mem 0x8000d000 0x00000001
core   0: 0x8000b380 (0xff9ff06f) j       pc - 0x8
core   0: 3 0x8000b380 (0xff9ff06f)
core   0: 0x8000b378 (0x00002f17) auipc   t5, 0x2
core   0: 3 0x8000b378 (0x00002f17) x30 0x8000d378
core   0: 0x8000b37c (0xc83f2423) sw      gp, -888(t5)
core   0: 3 0x8000b37c (0xc83f2423) mem 0x8000d000 0x00000001
core   0: 0x8000b380 (0xff9ff06f) j       pc - 0x8
core   0: 3 0x8000b380 (0xff9ff06f)
core   0: 0x8000b378 (0x00002f17) auipc   t5, 0x2
core   0: 3 0x8000b378 (0x00002f17) x30 0x8000d378
core   0: 0x8000b37c (0xc83f2423) sw      gp, -888(t5)
core   0: 3 0x8000b37c (0xc83f2423) mem 0x8000d000 0x00000001
core   0: 0x8000b380 (0xff9ff06f) j       pc - 0x8
core   0: 3 0x8000b380 (0xff9ff06f)
core   0: 0x8000b378 (0x00002f17) auipc   t5, 0x2
core   0: 3 0x8000b378 (0x00002f17) x30 0x8000d378
core   0: 0x8000b37c (0xc83f2423) sw      gp, -888(t5)
core   0: 3 0x8000b37c (0xc83f2423) mem 0x8000d000 0x00000001
core   0: 0x8000b380 (0xff9ff06f) j       pc - 0x8
core   0: 3 0x8000b380 (0xff9ff06f)
core   0: 0x8000b378 (0x00002f17) auipc   t5, 0x2
core   0: 3 0x8000b378 (0x00002f17) x30 0x8000d378
core   0: 0x8000b37c (0xc83f2423) sw      gp, -888(t5)
core   0: 3 0x8000b37c (0xc83f2423) mem 0x8000d000 0x00000001
core   0: 0x8000b380 (0xff9ff06f) j       pc - 0x8
core   0: 3 0x8000b380 (0xff9ff06f)
core   0: 0x8000b378 (0x00002f17) auipc   t5, 0x2
core   0: 3 0x8000b378 (0x00002f17) x30 0x8000d378
core   0: 0x8000b37c (0xc83f2423) sw      gp, -888(t5)
core   0: 3 0x8000b37c (0xc83f2423) mem 0x8000d000 0x00000001
core   0: 0x8000b380 (0xff9ff06f) j       pc - 0x8
core   0: 3 0x8000b380 (0xff9ff06f)
core   0: 0x8000b378 (0x00002f17) auipc   t5, 0x2
core   0: 3 0x8000b378 (0x00002f17) x30 0x8000d378
core   0: 0x8000b37c (0xc83f2423) sw      gp, -888(t5)
core   0: 3 0x8000b37c (0xc83f2423) mem 0x8000d000 0x00000001
core   0: 0x8000b380 (0xff9ff06f) j       pc - 0x8
core   0: 3 0x8000b380 (0xff9ff06f)
core   0: 0x8000b378 (0x00002f17) auipc   t5, 0x2
core   0: 3 0x8000b378 (0x00002f17) x30 0x8000d378
core   0: 0x8000b37c (0xc83f2423) sw      gp, -888(t5)
core   0: 3 0x8000b37c (0xc83f2423) mem 0x8000d000 0x00000001
core   0: 0x8000b380 (0xff9ff06f) j       pc - 0x8
core   0: 3 0x8000b380 (0xff9ff06f)
core   0: 0x8000b378 (0x00002f17) auipc   t5, 0x2
core   0: 3 0x8000b378 (0x00002f17) x30 0x8000d378
core   0: 0x8000b37c (0xc83f2423) sw      gp, -888(t5)
core   0: 3 0x8000b37c (0xc83f2423) mem 0x8000d000 0x00000001
core   0: 0x8000b380 (0xff9ff06f) j       pc - 0x8
core   0: 3 0x8000b380 (0xff9ff06f)
core   0: 0x8000b378 (0x00002f17) auipc   t5, 0x2
core   0: 3 0x8000b378 (0x00002f17) x30 0x8000d378
core   0: 0x8000b37c (0xc83f2423) sw      gp, -888(t5)
core   0: 3 0x8000b37c (0xc83f2423) mem 0x8000d000 0x00000001
core   0: 0x8000b380 (0xff9ff06f) j       pc - 0x8
core   0: 3 0x8000b380 (0xff9ff06f)
core   0: 0x8000b378 (0x00002f17) auipc   t5, 0x2
core   0: 3 0x8000b378 (0x00002f17) x30 0x8000d378
core   0: 0x8000b37c (0xc83f2423) sw      gp, -888(t5)
core   0: 3 0x8000b37c (0xc83f2423) mem 0x8000d000 0x00000001
core   0: 0x8000b380 (0xff9ff06f) j       pc - 0x8
core   0: 3 0x8000b380 (0xff9ff06f)
core   0: 0x8000b378 (0x00002f17) auipc   t5, 0x2
core   0: 3 0x8000b378 (0x00002f17) x30 0x8000d378
core   0: 0x8000b37c (0xc83f2423) sw      gp, -888(t5)
core   0: 3 0x8000b37c (0xc83f2423) mem 0x8000d000 0x00000001
core   0: 0x8000b380 (0xff9ff06f) j       pc - 0x8
core   0: 3 0x8000b380 (0xff9ff06f)
core   0: 0x8000b378 (0x00002f17) auipc   t5, 0x2
core   0: 3 0x8000b378 (0x00002f17) x30 0x8000d378
core   0: 0x8000b37c (0xc83f2423) sw      gp, -888(t5)
core   0: 3 0x8000b37c (0xc83f2423) mem 0x8000d000 0x00000001
core   0: 0x8000b380 (0xff9ff06f) j       pc - 0x8
core   0: 3 0x8000b380 (0xff9ff06f)
core   0: 0x8000b378 (0x00002f17) auipc   t5, 0x2
core   0: 3 0x8000b378 (0x00002f17) x30 0x8000d378
core   0: 0x8000b37c (0xc83f2423) sw      gp, -888(t5)
core   0: 3 0x8000b37c (0xc83f2423) mem 0x8000d000 0x00000001
core   0: 0x8000b380 (0xff9ff06f) j       pc - 0x8
core   0: 3 0x8000b380 (0xff9ff06f)
core   0: 0x8000b378 (0x00002f17) auipc   t5, 0x2
core   0: 3 0x8000b378 (0x00002f17) x30 0x8000d378
core   0: 0x8000b37c (0xc83f2423) sw      gp, -888(t5)
core   0: 3 0x8000b37c (0xc83f2423) mem 0x8000d000 0x00000001
core   0: 0x8000b380 (0xff9ff06f) j       pc - 0x8
core   0: 3 0x8000b380 (0xff9ff06f)
core   0: 0x8000b378 (0x00002f17) auipc   t5, 0x2
core   0: 3 0x8000b378 (0x00002f17) x30 0x8000d378
core   0: 0x8000b37c (0xc83f2423) sw      gp, -888(t5)
core   0: 3 0x8000b37c (0xc83f2423) mem 0x8000d000 0x00000001
core   0: 0x8000b380 (0xff9ff06f) j       pc - 0x8
core   0: 3 0x8000b380 (0xff9ff06f)
core   0: 0x8000b378 (0x00002f17) auipc   t5, 0x2
core   0: 3 0x8000b378 (0x00002f17) x30 0x8000d378
core   0: 0x8000b37c (0xc83f2423) sw      gp, -888(t5)
core   0: 3 0x8000b37c (0xc83f2423) mem 0x8000d000 0x00000001
core   0: 0x8000b380 (0xff9ff06f) j       pc - 0x8
core   0: 3 0x8000b380 (0xff9ff06f)
core   0: 0x8000b378 (0x00002f17) auipc   t5, 0x2
core   0: 3 0x8000b378 (0x00002f17) x30 0x8000d378
core   0: 0x8000b37c (0xc83f2423) sw      gp, -888(t5)
core   0: 3 0x8000b37c (0xc83f2423) mem 0x8000d000 0x00000001
core   0: 0x8000b380 (0xff9ff06f) j       pc - 0x8
core   0: 3 0x8000b380 (0xff9ff06f)
core   0: 0x8000b378 (0x00002f17) auipc   t5, 0x2
core   0: 3 0x8000b378 (0x00002f17) x30 0x8000d378
core   0: 0x8000b37c (0xc83f2423) sw      gp, -888(t5)
core   0: 3 0x8000b37c (0xc83f2423) mem 0x8000d000 0x00000001
core   0: 0x8000b380 (0xff9ff06f) j       pc - 0x8
core   0: 3 0x8000b380 (0xff9ff06f)
core   0: 0x8000b378 (0x00002f17) auipc   t5, 0x2
core   0: 3 0x8000b378 (0x00002f17) x30 0x8000d378
core   0: 0x8000b37c (0xc83f2423) sw      gp, -888(t5)
core   0: 3 0x8000b37c (0xc83f2423) mem 0x8000d000 0x00000001
core   0: 0x8000b380 (0xff9ff06f) j       pc - 0x8
core   0: 3 0x8000b380 (0xff9ff06f)
core   0: 0x8000b378 (0x00002f17) auipc   t5, 0x2
core   0: 3 0x8000b378 (0x00002f17) x30 0x8000d378
core   0: 0x8000b37c (0xc83f2423) sw      gp, -888(t5)
core   0: 3 0x8000b37c (0xc83f2423) mem 0x8000d000 0x00000001
core   0: 0x8000b380 (0xff9ff06f) j       pc - 0x8
core   0: 3 0x8000b380 (0xff9ff06f)
core   0: 0x8000b378 (0x00002f17) auipc   t5, 0x2
core   0: 3 0x8000b378 (0x00002f17) x30 0x8000d378
core   0: 0x8000b37c (0xc83f2423) sw      gp, -888(t5)
core   0: 3 0x8000b37c (0xc83f2423) mem 0x8000d000 0x00000001
core   0: 0x8000b380 (0xff9ff06f) j       pc - 0x8
core   0: 3 0x8000b380 (0xff9ff06f)
core   0: 0x8000b378 (0x00002f17) auipc   t5, 0x2
core   0: 3 0x8000b378 (0x00002f17) x30 0x8000d378
core   0: 0x8000b37c (0xc83f2423) sw      gp, -888(t5)
core   0: 3 0x8000b37c (0xc83f2423) mem 0x8000d000 0x00000001
core   0: 0x8000b380 (0xff9ff06f) j       pc - 0x8
core   0: 3 0x8000b380 (0xff9ff06f)
core   0: 0x8000b378 (0x00002f17) auipc   t5, 0x2
core   0: 3 0x8000b378 (0x00002f17) x30 0x8000d378
core   0: 0x8000b37c (0xc83f2423) sw      gp, -888(t5)
core   0: 3 0x8000b37c (0xc83f2423) mem 0x8000d000 0x00000001
core   0: 0x8000b380 (0xff9ff06f) j       pc - 0x8
core   0: 3 0x8000b380 (0xff9ff06f)
core   0: 0x8000b378 (0x00002f17) auipc   t5, 0x2
core   0: 3 0x8000b378 (0x00002f17) x30 0x8000d378
core   0: 0x8000b37c (0xc83f2423) sw      gp, -888(t5)
core   0: 3 0x8000b37c (0xc83f2423) mem 0x8000d000 0x00000001
core   0: 0x8000b380 (0xff9ff06f) j       pc - 0x8
core   0: 3 0x8000b380 (0xff9ff06f)
core   0: 0x8000b378 (0x00002f17) auipc   t5, 0x2
core   0: 3 0x8000b378 (0x00002f17) x30 0x8000d378
core   0: 0x8000b37c (0xc83f2423) sw      gp, -888(t5)
core   0: 3 0x8000b37c (0xc83f2423) mem 0x8000d000 0x00000001
core   0: 0x8000b380 (0xff9ff06f) j       pc - 0x8
core   0: 3 0x8000b380 (0xff9ff06f)
core   0: 0x8000b378 (0x00002f17) auipc   t5, 0x2
core   0: 3 0x8000b378 (0x00002f17) x30 0x8000d378
core   0: 0x8000b37c (0xc83f2423) sw      gp, -888(t5)
core   0: 3 0x8000b37c (0xc83f2423) mem 0x8000d000 0x00000001
core   0: 0x8000b380 (0xff9ff06f) j       pc - 0x8
core   0: 3 0x8000b380 (0xff9ff06f)
core   0: 0x8000b378 (0x00002f17) auipc   t5, 0x2
core   0: 3 0x8000b378 (0x00002f17) x30 0x8000d378
core   0: 0x8000b37c (0xc83f2423) sw      gp, -888(t5)
core   0: 3 0x8000b37c (0xc83f2423) mem 0x8000d000 0x00000001
core   0: 0x8000b380 (0xff9ff06f) j       pc - 0x8
core   0: 3 0x8000b380 (0xff9ff06f)
core   0: 0x8000b378 (0x00002f17) auipc   t5, 0x2
core   0: 3 0x8000b378 (0x00002f17) x30 0x8000d378
core   0: 0x8000b37c (0xc83f2423) sw      gp, -888(t5)
core   0: 3 0x8000b37c (0xc83f2423) mem 0x8000d000 0x00000001
core   0: 0x8000b380 (0xff9ff06f) j       pc - 0x8
core   0: 3 0x8000b380 (0xff9ff06f)
core   0: 0x8000b378 (0x00002f17) auipc   t5, 0x2
core   0: 3 0x8000b378 (0x00002f17) x30 0x8000d378
core   0: 0x8000b37c (0xc83f2423) sw      gp, -888(t5)
core   0: 3 0x8000b37c (0xc83f2423) mem 0x8000d000 0x00000001
core   0: 0x8000b380 (0xff9ff06f) j       pc - 0x8
core   0: 3 0x8000b380 (0xff9ff06f)
core   0: 0x8000b378 (0x00002f17) auipc   t5, 0x2
core   0: 3 0x8000b378 (0x00002f17) x30 0x8000d378
core   0: 0x8000b37c (0xc83f2423) sw      gp, -888(t5)
core   0: 3 0x8000b37c (0xc83f2423) mem 0x8000d000 0x00000001
core   0: 0x8000b380 (0xff9ff06f) j       pc - 0x8
core   0: 3 0x8000b380 (0xff9ff06f)
core   0: 0x8000b378 (0x00002f17) auipc   t5, 0x2
core   0: 3 0x8000b378 (0x00002f17) x30 0x8000d378
core   0: 0x8000b37c (0xc83f2423) sw      gp, -888(t5)
core   0: 3 0x8000b37c (0xc83f2423) mem 0x8000d000 0x00000001
core   0: 0x8000b380 (0xff9ff06f) j       pc - 0x8
core   0: 3 0x8000b380 (0xff9ff06f)
core   0: 0x8000b378 (0x00002f17) auipc   t5, 0x2
core   0: 3 0x8000b378 (0x00002f17) x30 0x8000d378
core   0: 0x8000b37c (0xc83f2423) sw      gp, -888(t5)
core   0: 3 0x8000b37c (0xc83f2423) mem 0x8000d000 0x00000001
core   0: 0x8000b380 (0xff9ff06f) j       pc - 0x8
core   0: 3 0x8000b380 (0xff9ff06f)
core   0: 0x8000b378 (0x00002f17) auipc   t5, 0x2
core   0: 3 0x8000b378 (0x00002f17) x30 0x8000d378
core   0: 0x8000b37c (0xc83f2423) sw      gp, -888(t5)
core   0: 3 0x8000b37c (0xc83f2423) mem 0x8000d000 0x00000001
core   0: 0x8000b380 (0xff9ff06f) j       pc - 0x8
core   0: 3 0x8000b380 (0xff9ff06f)
core   0: 0x8000b378 (0x00002f17) auipc   t5, 0x2
core   0: 3 0x8000b378 (0x00002f17) x30 0x8000d378
core   0: 0x8000b37c (0xc83f2423) sw      gp, -888(t5)
core   0: 3 0x8000b37c (0xc83f2423) mem 0x8000d000 0x00000001
core   0: 0x8000b380 (0xff9ff06f) j       pc - 0x8
core   0: 3 0x8000b380 (0xff9ff06f)
core   0: 0x8000b378 (0x00002f17) auipc   t5, 0x2
core   0: 3 0x8000b378 (0x00002f17) x30 0x8000d378
core   0: 0x8000b37c (0xc83f2423) sw      gp, -888(t5)
core   0: 3 0x8000b37c (0xc83f2423) mem 0x8000d000 0x00000001
core   0: 0x8000b380 (0xff9ff06f) j       pc - 0x8
core   0: 3 0x8000b380 (0xff9ff06f)
core   0: 0x8000b378 (0x00002f17) auipc   t5, 0x2
core   0: 3 0x8000b378 (0x00002f17) x30 0x8000d378
core   0: 0x8000b37c (0xc83f2423) sw      gp, -888(t5)
core   0: 3 0x8000b37c (0xc83f2423) mem 0x8000d000 0x00000001
core   0: 0x8000b380 (0xff9ff06f) j       pc - 0x8
core   0: 3 0x8000b380 (0xff9ff06f)
core   0: 0x8000b378 (0x00002f17) auipc   t5, 0x2
core   0: 3 0x8000b378 (0x00002f17) x30 0x8000d378
core   0: 0x8000b37c (0xc83f2423) sw      gp, -888(t5)
core   0: 3 0x8000b37c (0xc83f2423) mem 0x8000d000 0x00000001
core   0: 0x8000b380 (0xff9ff06f) j       pc - 0x8
core   0: 3 0x8000b380 (0xff9ff06f)
core   0: 0x8000b378 (0x00002f17) auipc   t5, 0x2
core   0: 3 0x8000b378 (0x00002f17) x30 0x8000d378
core   0: 0x8000b37c (0xc83f2423) sw      gp, -888(t5)
core   0: 3 0x8000b37c (0xc83f2423) mem 0x8000d000 0x00000001
core   0: 0x8000b380 (0xff9ff06f) j       pc - 0x8
core   0: 3 0x8000b380 (0xff9ff06f)
core   0: 0x8000b378 (0x00002f17) auipc   t5, 0x2
core   0: 3 0x8000b378 (0x00002f17) x30 0x8000d378
core   0: 0x8000b37c (0xc83f2423) sw      gp, -888(t5)
core   0: 3 0x8000b37c (0xc83f2423) mem 0x8000d000 0x00000001
core   0: 0x8000b380 (0xff9ff06f) j       pc - 0x8
core   0: 3 0x8000b380 (0xff9ff06f)
core   0: 0x8000b378 (0x00002f17) auipc   t5, 0x2
core   0: 3 0x8000b378 (0x00002f17) x30 0x8000d378
core   0: 0x8000b37c (0xc83f2423) sw      gp, -888(t5)
core   0: 3 0x8000b37c (0xc83f2423) mem 0x8000d000 0x00000001
core   0: 0x8000b380 (0xff9ff06f) j       pc - 0x8
core   0: 3 0x8000b380 (0xff9ff06f)
core   0: 0x8000b378 (0x00002f17) auipc   t5, 0x2
core   0: 3 0x8000b378 (0x00002f17) x30 0x8000d378
core   0: 0x8000b37c (0xc83f2423) sw      gp, -888(t5)
core   0: 3 0x8000b37c (0xc83f2423) mem 0x8000d000 0x00000001
core   0: 0x8000b380 (0xff9ff06f) j       pc - 0x8
core   0: 3 0x8000b380 (0xff9ff06f)
core   0: 0x8000b378 (0x00002f17) auipc   t5, 0x2
core   0: 3 0x8000b378 (0x00002f17) x30 0x8000d378
core   0: 0x8000b37c (0xc83f2423) sw      gp, -888(t5)
core   0: 3 0x8000b37c (0xc83f2423) mem 0x8000d000 0x00000001
core   0: 0x8000b380 (0xff9ff06f) j       pc - 0x8
core   0: 3 0x8000b380 (0xff9ff06f)
core   0: 0x8000b378 (0x00002f17) auipc   t5, 0x2
core   0: 3 0x8000b378 (0x00002f17) x30 0x8000d378
core   0: 0x8000b37c (0xc83f2423) sw      gp, -888(t5)
core   0: 3 0x8000b37c (0xc83f2423) mem 0x8000d000 0x00000001
core   0: 0x8000b380 (0xff9ff06f) j       pc - 0x8
core   0: 3 0x8000b380 (0xff9ff06f)
core   0: 0x8000b378 (0x00002f17) auipc   t5, 0x2
core   0: 3 0x8000b378 (0x00002f17) x30 0x8000d378
core   0: 0x8000b37c (0xc83f2423) sw      gp, -888(t5)
core   0: 3 0x8000b37c (0xc83f2423) mem 0x8000d000 0x00000001
core   0: 0x8000b380 (0xff9ff06f) j       pc - 0x8
core   0: 3 0x8000b380 (0xff9ff06f)
core   0: 0x8000b378 (0x00002f17) auipc   t5, 0x2
core   0: 3 0x8000b378 (0x00002f17) x30 0x8000d378
core   0: 0x8000b37c (0xc83f2423) sw      gp, -888(t5)
core   0: 3 0x8000b37c (0xc83f2423) mem 0x8000d000 0x00000001
core   0: 0x8000b380 (0xff9ff06f) j       pc - 0x8
core   0: 3 0x8000b380 (0xff9ff06f)
core   0: 0x8000b378 (0x00002f17) auipc   t5, 0x2
core   0: 3 0x8000b378 (0x00002f17) x30 0x8000d378
core   0: 0x8000b37c (0xc83f2423) sw      gp, -888(t5)
core   0: 3 0x8000b37c (0xc83f2423) mem 0x8000d000 0x00000001
core   0: 0x8000b380 (0xff9ff06f) j       pc - 0x8
core   0: 3 0x8000b380 (0xff9ff06f)
core   0: 0x8000b378 (0x00002f17) auipc   t5, 0x2
core   0: 3 0x8000b378 (0x00002f17) x30 0x8000d378
core   0: 0x8000b37c (0xc83f2423) sw      gp, -888(t5)
core   0: 3 0x8000b37c (0xc83f2423) mem 0x8000d000 0x00000001
core   0: 0x8000b380 (0xff9ff06f) j       pc - 0x8
core   0: 3 0x8000b380 (0xff9ff06f)
core   0: 0x8000b378 (0x00002f17) auipc   t5, 0x2
core   0: 3 0x8000b378 (0x00002f17) x30 0x8000d378
core   0: 0x8000b37c (0xc83f2423) sw      gp, -888(t5)
core   0: 3 0x8000b37c (0xc83f2423) mem 0x8000d000 0x00000001
core   0: 0x8000b380 (0xff9ff06f) j       pc - 0x8
core   0: 3 0x8000b380 (0xff9ff06f)
core   0: 0x8000b378 (0x00002f17) auipc   t5, 0x2
core   0: 3 0x8000b378 (0x00002f17) x30 0x8000d378
core   0: 0x8000b37c (0xc83f2423) sw      gp, -888(t5)
core   0: 3 0x8000b37c (0xc83f2423) mem 0x8000d000 0x00000001
core   0: 0x8000b380 (0xff9ff06f) j       pc - 0x8
core   0: 3 0x8000b380 (0xff9ff06f)
core   0: 0x8000b378 (0x00002f17) auipc   t5, 0x2
core   0: 3 0x8000b378 (0x00002f17) x30 0x8000d378
core   0: 0x8000b37c (0xc83f2423) sw      gp, -888(t5)
core   0: 3 0x8000b37c (0xc83f2423) mem 0x8000d000 0x00000001
core   0: 0x8000b380 (0xff9ff06f) j       pc - 0x8
core   0: 3 0x8000b380 (0xff9ff06f)
core   0: 0x8000b378 (0x00002f17) auipc   t5, 0x2
core   0: 3 0x8000b378 (0x00002f17) x30 0x8000d378
core   0: 0x8000b37c (0xc83f2423) sw      gp, -888(t5)
core   0: 3 0x8000b37c (0xc83f2423) mem 0x8000d000 0x00000001
core   0: 0x8000b380 (0xff9ff06f) j       pc - 0x8
core   0: 3 0x8000b380 (0xff9ff06f)
core   0: 0x8000b378 (0x00002f17) auipc   t5, 0x2
core   0: 3 0x8000b378 (0x00002f17) x30 0x8000d378
core   0: 0x8000b37c (0xc83f2423) sw      gp, -888(t5)
core   0: 3 0x8000b37c (0xc83f2423) mem 0x8000d000 0x00000001
core   0: 0x8000b380 (0xff9ff06f) j       pc - 0x8
core   0: 3 0x8000b380 (0xff9ff06f)
core   0: 0x8000b378 (0x00002f17) auipc   t5, 0x2
core   0: 3 0x8000b378 (0x00002f17) x30 0x8000d378
core   0: 0x8000b37c (0xc83f2423) sw      gp, -888(t5)
core   0: 3 0x8000b37c (0xc83f2423) mem 0x8000d000 0x00000001
core   0: 0x8000b380 (0xff9ff06f) j       pc - 0x8
core   0: 3 0x8000b380 (0xff9ff06f)
core   0: 0x8000b378 (0x00002f17) auipc   t5, 0x2
core   0: 3 0x8000b378 (0x00002f17) x30 0x8000d378
core   0: 0x8000b37c (0xc83f2423) sw      gp, -888(t5)
core   0: 3 0x8000b37c (0xc83f2423) mem 0x8000d000 0x00000001
core   0: 0x8000b380 (0xff9ff06f) j       pc - 0x8
core   0: 3 0x8000b380 (0xff9ff06f)
core   0: 0x8000b378 (0x00002f17) auipc   t5, 0x2
core   0: 3 0x8000b378 (0x00002f17) x30 0x8000d378
core   0: 0x8000b37c (0xc83f2423) sw      gp, -888(t5)
core   0: 3 0x8000b37c (0xc83f2423) mem 0x8000d000 0x00000001
core   0: 0x8000b380 (0xff9ff06f) j       pc - 0x8
core   0: 3 0x8000b380 (0xff9ff06f)
core   0: 0x8000b378 (0x00002f17) auipc   t5, 0x2
core   0: 3 0x8000b378 (0x00002f17) x30 0x8000d378
core   0: 0x8000b37c (0xc83f2423) sw      gp, -888(t5)
core   0: 3 0x8000b37c (0xc83f2423) mem 0x8000d000 0x00000001
core   0: 0x8000b380 (0xff9ff06f) j       pc - 0x8
core   0: 3 0x8000b380 (0xff9ff06f)
core   0: 0x8000b378 (0x00002f17) auipc   t5, 0x2
core   0: 3 0x8000b378 (0x00002f17) x30 0x8000d378
core   0: 0x8000b37c (0xc83f2423) sw      gp, -888(t5)
core   0: 3 0x8000b37c (0xc83f2423) mem 0x8000d000 0x00000001
core   0: 0x8000b380 (0xff9ff06f) j       pc - 0x8
core   0: 3 0x8000b380 (0xff9ff06f)
core   0: 0x8000b378 (0x00002f17) auipc   t5, 0x2
core   0: 3 0x8000b378 (0x00002f17) x30 0x8000d378
core   0: 0x8000b37c (0xc83f2423) sw      gp, -888(t5)
core   0: 3 0x8000b37c (0xc83f2423) mem 0x8000d000 0x00000001
core   0: 0x8000b380 (0xff9ff06f) j       pc - 0x8
core   0: 3 0x8000b380 (0xff9ff06f)
core   0: 0x8000b378 (0x00002f17) auipc   t5, 0x2
core   0: 3 0x8000b378 (0x00002f17) x30 0x8000d378
core   0: 0x8000b37c (0xc83f2423) sw      gp, -888(t5)
core   0: 3 0x8000b37c (0xc83f2423) mem 0x8000d000 0x00000001
core   0: 0x8000b380 (0xff9ff06f) j       pc - 0x8
core   0: 3 0x8000b380 (0xff9ff06f)
core   0: 0x8000b378 (0x00002f17) auipc   t5, 0x2
core   0: 3 0x8000b378 (0x00002f17) x30 0x8000d378
core   0: 0x8000b37c (0xc83f2423) sw      gp, -888(t5)
core   0: 3 0x8000b37c (0xc83f2423) mem 0x8000d000 0x00000001
core   0: 0x8000b380 (0xff9ff06f) j       pc - 0x8
core   0: 3 0x8000b380 (0xff9ff06f)
core   0: 0x8000b378 (0x00002f17) auipc   t5, 0x2
core   0: 3 0x8000b378 (0x00002f17) x30 0x8000d378
core   0: 0x8000b37c (0xc83f2423) sw      gp, -888(t5)
core   0: 3 0x8000b37c (0xc83f2423) mem 0x8000d000 0x00000001
core   0: 0x8000b380 (0xff9ff06f) j       pc - 0x8
core   0: 3 0x8000b380 (0xff9ff06f)
core   0: 0x8000b378 (0x00002f17) auipc   t5, 0x2
core   0: 3 0x8000b378 (0x00002f17) x30 0x8000d378
core   0: 0x8000b37c (0xc83f2423) sw      gp, -888(t5)
core   0: 3 0x8000b37c (0xc83f2423) mem 0x8000d000 0x00000001
core   0: 0x8000b380 (0xff9ff06f) j       pc - 0x8
core   0: 3 0x8000b380 (0xff9ff06f)
core   0: 0x8000b378 (0x00002f17) auipc   t5, 0x2
core   0: 3 0x8000b378 (0x00002f17) x30 0x8000d378
core   0: 0x8000b37c (0xc83f2423) sw      gp, -888(t5)
core   0: 3 0x8000b37c (0xc83f2423) mem 0x8000d000 0x00000001
core   0: 0x8000b380 (0xff9ff06f) j       pc - 0x8
core   0: 3 0x8000b380 (0xff9ff06f)
core   0: 0x8000b378 (0x00002f17) auipc   t5, 0x2
core   0: 3 0x8000b378 (0x00002f17) x30 0x8000d378
core   0: 0x8000b37c (0xc83f2423) sw      gp, -888(t5)
core   0: 3 0x8000b37c (0xc83f2423) mem 0x8000d000 0x00000001
core   0: 0x8000b380 (0xff9ff06f) j       pc - 0x8
core   0: 3 0x8000b380 (0xff9ff06f)
core   0: 0x8000b378 (0x00002f17) auipc   t5, 0x2
core   0: 3 0x8000b378 (0x00002f17) x30 0x8000d378
core   0: 0x8000b37c (0xc83f2423) sw      gp, -888(t5)
core   0: 3 0x8000b37c (0xc83f2423) mem 0x8000d000 0x00000001
core   0: 0x8000b380 (0xff9ff06f) j       pc - 0x8
core   0: 3 0x8000b380 (0xff9ff06f)
core   0: 0x8000b378 (0x00002f17) auipc   t5, 0x2
core   0: 3 0x8000b378 (0x00002f17) x30 0x8000d378
core   0: 0x8000b37c (0xc83f2423) sw      gp, -888(t5)
core   0: 3 0x8000b37c (0xc83f2423) mem 0x8000d000 0x00000001
core   0: 0x8000b380 (0xff9ff06f) j       pc - 0x8
core   0: 3 0x8000b380 (0xff9ff06f)
core   0: 0x8000b378 (0x00002f17) auipc   t5, 0x2
core   0: 3 0x8000b378 (0x00002f17) x30 0x8000d378
core   0: 0x8000b37c (0xc83f2423) sw      gp, -888(t5)
core   0: 3 0x8000b37c (0xc83f2423) mem 0x8000d000 0x00000001
core   0: 0x8000b380 (0xff9ff06f) j       pc - 0x8
core   0: 3 0x8000b380 (0xff9ff06f)
core   0: 0x8000b378 (0x00002f17) auipc   t5, 0x2
core   0: 3 0x8000b378 (0x00002f17) x30 0x8000d378
core   0: 0x8000b37c (0xc83f2423) sw      gp, -888(t5)
core   0: 3 0x8000b37c (0xc83f2423) mem 0x8000d000 0x00000001
core   0: 0x8000b380 (0xff9ff06f) j       pc - 0x8
core   0: 3 0x8000b380 (0xff9ff06f)
core   0: 0x8000b378 (0x00002f17) auipc   t5, 0x2
core   0: 3 0x8000b378 (0x00002f17) x30 0x8000d378
core   0: 0x8000b37c (0xc83f2423) sw      gp, -888(t5)
core   0: 3 0x8000b37c (0xc83f2423) mem 0x8000d000 0x00000001
core   0: 0x8000b380 (0xff9ff06f) j       pc - 0x8
core   0: 3 0x8000b380 (0xff9ff06f)
core   0: 0x8000b378 (0x00002f17) auipc   t5, 0x2
core   0: 3 0x8000b378 (0x00002f17) x30 0x8000d378
core   0: 0x8000b37c (0xc83f2423) sw      gp, -888(t5)
core   0: 3 0x8000b37c (0xc83f2423) mem 0x8000d000 0x00000001
core   0: 0x8000b380 (0xff9ff06f) j       pc - 0x8
core   0: 3 0x8000b380 (0xff9ff06f)
core   0: 0x8000b378 (0x00002f17) auipc   t5, 0x2
core   0: 3 0x8000b378 (0x00002f17) x30 0x8000d378
core   0: 0x8000b37c (0xc83f2423) sw      gp, -888(t5)
core   0: 3 0x8000b37c (0xc83f2423) mem 0x8000d000 0x00000001
core   0: 0x8000b380 (0xff9ff06f) j       pc - 0x8
core   0: 3 0x8000b380 (0xff9ff06f)
core   0: 0x8000b378 (0x00002f17) auipc   t5, 0x2
core   0: 3 0x8000b378 (0x00002f17) x30 0x8000d378
core   0: 0x8000b37c (0xc83f2423) sw      gp, -888(t5)
core   0: 3 0x8000b37c (0xc83f2423) mem 0x8000d000 0x00000001
core   0: 0x8000b380 (0xff9ff06f) j       pc - 0x8
core   0: 3 0x8000b380 (0xff9ff06f)
core   0: 0x8000b378 (0x00002f17) auipc   t5, 0x2
core   0: 3 0x8000b378 (0x00002f17) x30 0x8000d378
core   0: 0x8000b37c (0xc83f2423) sw      gp, -888(t5)
core   0: 3 0x8000b37c (0xc83f2423) mem 0x8000d000 0x00000001
core   0: 0x8000b380 (0xff9ff06f) j       pc - 0x8
core   0: 3 0x8000b380 (0xff9ff06f)
core   0: 0x8000b378 (0x00002f17) auipc   t5, 0x2
core   0: 3 0x8000b378 (0x00002f17) x30 0x8000d378
core   0: 0x8000b37c (0xc83f2423) sw      gp, -888(t5)
core   0: 3 0x8000b37c (0xc83f2423) mem 0x8000d000 0x00000001
core   0: 0x8000b380 (0xff9ff06f) j       pc - 0x8
core   0: 3 0x8000b380 (0xff9ff06f)
core   0: 0x8000b378 (0x00002f17) auipc   t5, 0x2
core   0: 3 0x8000b378 (0x00002f17) x30 0x8000d378
core   0: 0x8000b37c (0xc83f2423) sw      gp, -888(t5)
core   0: 3 0x8000b37c (0xc83f2423) mem 0x8000d000 0x00000001
core   0: 0x8000b380 (0xff9ff06f) j       pc - 0x8
core   0: 3 0x8000b380 (0xff9ff06f)
core   0: 0x8000b378 (0x00002f17) auipc   t5, 0x2
core   0: 3 0x8000b378 (0x00002f17) x30 0x8000d378
core   0: 0x8000b37c (0xc83f2423) sw      gp, -888(t5)
core   0: 3 0x8000b37c (0xc83f2423) mem 0x8000d000 0x00000001
core   0: 0x8000b380 (0xff9ff06f) j       pc - 0x8
core   0: 3 0x8000b380 (0xff9ff06f)
core   0: 0x8000b378 (0x00002f17) auipc   t5, 0x2
core   0: 3 0x8000b378 (0x00002f17) x30 0x8000d378
core   0: 0x8000b37c (0xc83f2423) sw      gp, -888(t5)
core   0: 3 0x8000b37c (0xc83f2423) mem 0x8000d000 0x00000001
core   0: 0x8000b380 (0xff9ff06f) j       pc - 0x8
core   0: 3 0x8000b380 (0xff9ff06f)
core   0: 0x8000b378 (0x00002f17) auipc   t5, 0x2
core   0: 3 0x8000b378 (0x00002f17) x30 0x8000d378
core   0: 0x8000b37c (0xc83f2423) sw      gp, -888(t5)
core   0: 3 0x8000b37c (0xc83f2423) mem 0x8000d000 0x00000001
core   0: 0x8000b380 (0xff9ff06f) j       pc - 0x8
core   0: 3 0x8000b380 (0xff9ff06f)
core   0: 0x8000b378 (0x00002f17) auipc   t5, 0x2
core   0: 3 0x8000b378 (0x00002f17) x30 0x8000d378
core   0: 0x8000b37c (0xc83f2423) sw      gp, -888(t5)
core   0: 3 0x8000b37c (0xc83f2423) mem 0x8000d000 0x00000001
core   0: 0x8000b380 (0xff9ff06f) j       pc - 0x8
core   0: 3 0x8000b380 (0xff9ff06f)
core   0: 0x8000b378 (0x00002f17) auipc   t5, 0x2
core   0: 3 0x8000b378 (0x00002f17) x30 0x8000d378
core   0: 0x8000b37c (0xc83f2423) sw      gp, -888(t5)
core   0: 3 0x8000b37c (0xc83f2423) mem 0x8000d000 0x00000001
core   0: 0x8000b380 (0xff9ff06f) j       pc - 0x8
core   0: 3 0x8000b380 (0xff9ff06f)
core   0: 0x8000b378 (0x00002f17) auipc   t5, 0x2
core   0: 3 0x8000b378 (0x00002f17) x30 0x8000d378
core   0: 0x8000b37c (0xc83f2423) sw      gp, -888(t5)
core   0: 3 0x8000b37c (0xc83f2423) mem 0x8000d000 0x00000001
core   0: 0x8000b380 (0xff9ff06f) j       pc - 0x8
core   0: 3 0x8000b380 (0xff9ff06f)
core   0: 0x8000b378 (0x00002f17) auipc   t5, 0x2
core   0: 3 0x8000b378 (0x00002f17) x30 0x8000d378
core   0: 0x8000b37c (0xc83f2423) sw      gp, -888(t5)
core   0: 3 0x8000b37c (0xc83f2423) mem 0x8000d000 0x00000001
core   0: 0x8000b380 (0xff9ff06f) j       pc - 0x8
core   0: 3 0x8000b380 (0xff9ff06f)
core   0: 0x8000b378 (0x00002f17) auipc   t5, 0x2
core   0: 3 0x8000b378 (0x00002f17) x30 0x8000d378
core   0: 0x8000b37c (0xc83f2423) sw      gp, -888(t5)
core   0: 3 0x8000b37c (0xc83f2423) mem 0x8000d000 0x00000001
core   0: 0x8000b380 (0xff9ff06f) j       pc - 0x8
core   0: 3 0x8000b380 (0xff9ff06f)
core   0: 0x8000b378 (0x00002f17) auipc   t5, 0x2
core   0: 3 0x8000b378 (0x00002f17) x30 0x8000d378
core   0: 0x8000b37c (0xc83f2423) sw      gp, -888(t5)
core   0: 3 0x8000b37c (0xc83f2423) mem 0x8000d000 0x00000001
core   0: 0x8000b380 (0xff9ff06f) j       pc - 0x8
core   0: 3 0x8000b380 (0xff9ff06f)
core   0: 0x8000b378 (0x00002f17) auipc   t5, 0x2
core   0: 3 0x8000b378 (0x00002f17) x30 0x8000d378
core   0: 0x8000b37c (0xc83f2423) sw      gp, -888(t5)
core   0: 3 0x8000b37c (0xc83f2423) mem 0x8000d000 0x00000001
core   0: 0x8000b380 (0xff9ff06f) j       pc - 0x8
core   0: 3 0x8000b380 (0xff9ff06f)
core   0: 0x8000b378 (0x00002f17) auipc   t5, 0x2
core   0: 3 0x8000b378 (0x00002f17) x30 0x8000d378
core   0: 0x8000b37c (0xc83f2423) sw      gp, -888(t5)
core   0: 3 0x8000b37c (0xc83f2423) mem 0x8000d000 0x00000001
core   0: 0x8000b380 (0xff9ff06f) j       pc - 0x8
core   0: 3 0x8000b380 (0xff9ff06f)
core   0: 0x8000b378 (0x00002f17) auipc   t5, 0x2
core   0: 3 0x8000b378 (0x00002f17) x30 0x8000d378
core   0: 0x8000b37c (0xc83f2423) sw      gp, -888(t5)
core   0: 3 0x8000b37c (0xc83f2423) mem 0x8000d000 0x00000001
core   0: 0x8000b380 (0xff9ff06f) j       pc - 0x8
core   0: 3 0x8000b380 (0xff9ff06f)
core   0: 0x8000b378 (0x00002f17) auipc   t5, 0x2
core   0: 3 0x8000b378 (0x00002f17) x30 0x8000d378
core   0: 0x8000b37c (0xc83f2423) sw      gp, -888(t5)
core   0: 3 0x8000b37c (0xc83f2423) mem 0x8000d000 0x00000001
core   0: 0x8000b380 (0xff9ff06f) j       pc - 0x8
core   0: 3 0x8000b380 (0xff9ff06f)
core   0: 0x8000b378 (0x00002f17) auipc   t5, 0x2
core   0: 3 0x8000b378 (0x00002f17) x30 0x8000d378
core   0: 0x8000b37c (0xc83f2423) sw      gp, -888(t5)
core   0: 3 0x8000b37c (0xc83f2423) mem 0x8000d000 0x00000001
core   0: 0x8000b380 (0xff9ff06f) j       pc - 0x8
core   0: 3 0x8000b380 (0xff9ff06f)
core   0: 0x8000b378 (0x00002f17) auipc   t5, 0x2
core   0: 3 0x8000b378 (0x00002f17) x30 0x8000d378
core   0: 0x8000b37c (0xc83f2423) sw      gp, -888(t5)
core   0: 3 0x8000b37c (0xc83f2423) mem 0x8000d000 0x00000001
core   0: 0x8000b380 (0xff9ff06f) j       pc - 0x8
core   0: 3 0x8000b380 (0xff9ff06f)
core   0: 0x8000b378 (0x00002f17) auipc   t5, 0x2
core   0: 3 0x8000b378 (0x00002f17) x30 0x8000d378
core   0: 0x8000b37c (0xc83f2423) sw      gp, -888(t5)
core   0: 3 0x8000b37c (0xc83f2423) mem 0x8000d000 0x00000001
core   0: 0x8000b380 (0xff9ff06f) j       pc - 0x8
core   0: 3 0x8000b380 (0xff9ff06f)
core   0: 0x8000b378 (0x00002f17) auipc   t5, 0x2
core   0: 3 0x8000b378 (0x00002f17) x30 0x8000d378
core   0: 0x8000b37c (0xc83f2423) sw      gp, -888(t5)
core   0: 3 0x8000b37c (0xc83f2423) mem 0x8000d000 0x00000001
core   0: 0x8000b380 (0xff9ff06f) j       pc - 0x8
core   0: 3 0x8000b380 (0xff9ff06f)
core   0: 0x8000b378 (0x00002f17) auipc   t5, 0x2
core   0: 3 0x8000b378 (0x00002f17) x30 0x8000d378
core   0: 0x8000b37c (0xc83f2423) sw      gp, -888(t5)
core   0: 3 0x8000b37c (0xc83f2423) mem 0x8000d000 0x00000001
core   0: 0x8000b380 (0xff9ff06f) j       pc - 0x8
core   0: 3 0x8000b380 (0xff9ff06f)
core   0: 0x8000b378 (0x00002f17) auipc   t5, 0x2
core   0: 3 0x8000b378 (0x00002f17) x30 0x8000d378
core   0: 0x8000b37c (0xc83f2423) sw      gp, -888(t5)
core   0: 3 0x8000b37c (0xc83f2423) mem 0x8000d000 0x00000001
core   0: 0x8000b380 (0xff9ff06f) j       pc - 0x8
core   0: 3 0x8000b380 (0xff9ff06f)
core   0: 0x8000b378 (0x00002f17) auipc   t5, 0x2
core   0: 3 0x8000b378 (0x00002f17) x30 0x8000d378
core   0: 0x8000b37c (0xc83f2423) sw      gp, -888(t5)
core   0: 3 0x8000b37c (0xc83f2423) mem 0x8000d000 0x00000001
core   0: 0x8000b380 (0xff9ff06f) j       pc - 0x8
core   0: 3 0x8000b380 (0xff9ff06f)
core   0: 0x8000b378 (0x00002f17) auipc   t5, 0x2
core   0: 3 0x8000b378 (0x00002f17) x30 0x8000d378
core   0: 0x8000b37c (0xc83f2423) sw      gp, -888(t5)
core   0: 3 0x8000b37c (0xc83f2423) mem 0x8000d000 0x00000001
core   0: 0x8000b380 (0xff9ff06f) j       pc - 0x8
core   0: 3 0x8000b380 (0xff9ff06f)
core   0: 0x8000b378 (0x00002f17) auipc   t5, 0x2
core   0: 3 0x8000b378 (0x00002f17) x30 0x8000d378
core   0: 0x8000b37c (0xc83f2423) sw      gp, -888(t5)
core   0: 3 0x8000b37c (0xc83f2423) mem 0x8000d000 0x00000001
core   0: 0x8000b380 (0xff9ff06f) j       pc - 0x8
core   0: 3 0x8000b380 (0xff9ff06f)
core   0: 0x8000b378 (0x00002f17) auipc   t5, 0x2
core   0: 3 0x8000b378 (0x00002f17) x30 0x8000d378
core   0: 0x8000b37c (0xc83f2423) sw      gp, -888(t5)
core   0: 3 0x8000b37c (0xc83f2423) mem 0x8000d000 0x00000001
core   0: 0x8000b380 (0xff9ff06f) j       pc - 0x8
core   0: 3 0x8000b380 (0xff9ff06f)
core   0: 0x8000b378 (0x00002f17) auipc   t5, 0x2
core   0: 3 0x8000b378 (0x00002f17) x30 0x8000d378
core   0: 0x8000b37c (0xc83f2423) sw      gp, -888(t5)
core   0: 3 0x8000b37c (0xc83f2423) mem 0x8000d000 0x00000001
core   0: 0x8000b380 (0xff9ff06f) j       pc - 0x8
core   0: 3 0x8000b380 (0xff9ff06f)
core   0: 0x8000b378 (0x00002f17) auipc   t5, 0x2
core   0: 3 0x8000b378 (0x00002f17) x30 0x8000d378
core   0: 0x8000b37c (0xc83f2423) sw      gp, -888(t5)
core   0: 3 0x8000b37c (0xc83f2423) mem 0x8000d000 0x00000001
core   0: 0x8000b380 (0xff9ff06f) j       pc - 0x8
core   0: 3 0x8000b380 (0xff9ff06f)
core   0: 0x8000b378 (0x00002f17) auipc   t5, 0x2
core   0: 3 0x8000b378 (0x00002f17) x30 0x8000d378
core   0: 0x8000b37c (0xc83f2423) sw      gp, -888(t5)
core   0: 3 0x8000b37c (0xc83f2423) mem 0x8000d000 0x00000001
core   0: 0x8000b380 (0xff9ff06f) j       pc - 0x8
core   0: 3 0x8000b380 (0xff9ff06f)
core   0: 0x8000b378 (0x00002f17) auipc   t5, 0x2
core   0: 3 0x8000b378 (0x00002f17) x30 0x8000d378
core   0: 0x8000b37c (0xc83f2423) sw      gp, -888(t5)
core   0: 3 0x8000b37c (0xc83f2423) mem 0x8000d000 0x00000001
core   0: 0x8000b380 (0xff9ff06f) j       pc - 0x8
core   0: 3 0x8000b380 (0xff9ff06f)
core   0: 0x8000b378 (0x00002f17) auipc   t5, 0x2
core   0: 3 0x8000b378 (0x00002f17) x30 0x8000d378
core   0: 0x8000b37c (0xc83f2423) sw      gp, -888(t5)
core   0: 3 0x8000b37c (0xc83f2423) mem 0x8000d000 0x00000001
core   0: 0x8000b380 (0xff9ff06f) j       pc - 0x8
core   0: 3 0x8000b380 (0xff9ff06f)
core   0: 0x8000b378 (0x00002f17) auipc   t5, 0x2
core   0: 3 0x8000b378 (0x00002f17) x30 0x8000d378
core   0: 0x8000b37c (0xc83f2423) sw      gp, -888(t5)
core   0: 3 0x8000b37c (0xc83f2423) mem 0x8000d000 0x00000001
core   0: 0x8000b380 (0xff9ff06f) j       pc - 0x8
core   0: 3 0x8000b380 (0xff9ff06f)
core   0: 0x8000b378 (0x00002f17) auipc   t5, 0x2
core   0: 3 0x8000b378 (0x00002f17) x30 0x8000d378
core   0: 0x8000b37c (0xc83f2423) sw      gp, -888(t5)
core   0: 3 0x8000b37c (0xc83f2423) mem 0x8000d000 0x00000001
core   0: 0x8000b380 (0xff9ff06f) j       pc - 0x8
core   0: 3 0x8000b380 (0xff9ff06f)
core   0: 0x8000b378 (0x00002f17) auipc   t5, 0x2
core   0: 3 0x8000b378 (0x00002f17) x30 0x8000d378
core   0: 0x8000b37c (0xc83f2423) sw      gp, -888(t5)
core   0: 3 0x8000b37c (0xc83f2423) mem 0x8000d000 0x00000001
core   0: 0x8000b380 (0xff9ff06f) j       pc - 0x8
core   0: 3 0x8000b380 (0xff9ff06f)
core   0: 0x8000b378 (0x00002f17) auipc   t5, 0x2
core   0: 3 0x8000b378 (0x00002f17) x30 0x8000d378
core   0: 0x8000b37c (0xc83f2423) sw      gp, -888(t5)
core   0: 3 0x8000b37c (0xc83f2423) mem 0x8000d000 0x00000001
core   0: 0x8000b380 (0xff9ff06f) j       pc - 0x8
core   0: 3 0x8000b380 (0xff9ff06f)
core   0: 0x8000b378 (0x00002f17) auipc   t5, 0x2
core   0: 3 0x8000b378 (0x00002f17) x30 0x8000d378
core   0: 0x8000b37c (0xc83f2423) sw      gp, -888(t5)
core   0: 3 0x8000b37c (0xc83f2423) mem 0x8000d000 0x00000001
core   0: 0x8000b380 (0xff9ff06f) j       pc - 0x8
core   0: 3 0x8000b380 (0xff9ff06f)
core   0: 0x8000b378 (0x00002f17) auipc   t5, 0x2
core   0: 3 0x8000b378 (0x00002f17) x30 0x8000d378
core   0: 0x8000b37c (0xc83f2423) sw      gp, -888(t5)
core   0: 3 0x8000b37c (0xc83f2423) mem 0x8000d000 0x00000001
core   0: 0x8000b380 (0xff9ff06f) j       pc - 0x8
core   0: 3 0x8000b380 (0xff9ff06f)
core   0: 0x8000b378 (0x00002f17) auipc   t5, 0x2
core   0: 3 0x8000b378 (0x00002f17) x30 0x8000d378
core   0: 0x8000b37c (0xc83f2423) sw      gp, -888(t5)
core   0: 3 0x8000b37c (0xc83f2423) mem 0x8000d000 0x00000001
core   0: 0x8000b380 (0xff9ff06f) j       pc - 0x8
core   0: 3 0x8000b380 (0xff9ff06f)
core   0: 0x8000b378 (0x00002f17) auipc   t5, 0x2
core   0: 3 0x8000b378 (0x00002f17) x30 0x8000d378
core   0: 0x8000b37c (0xc83f2423) sw      gp, -888(t5)
core   0: 3 0x8000b37c (0xc83f2423) mem 0x8000d000 0x00000001
core   0: 0x8000b380 (0xff9ff06f) j       pc - 0x8
core   0: 3 0x8000b380 (0xff9ff06f)
core   0: 0x8000b378 (0x00002f17) auipc   t5, 0x2
core   0: 3 0x8000b378 (0x00002f17) x30 0x8000d378
core   0: 0x8000b37c (0xc83f2423) sw      gp, -888(t5)
core   0: 3 0x8000b37c (0xc83f2423) mem 0x8000d000 0x00000001
core   0: 0x8000b380 (0xff9ff06f) j       pc - 0x8
core   0: 3 0x8000b380 (0xff9ff06f)
core   0: 0x8000b378 (0x00002f17) auipc   t5, 0x2
core   0: 3 0x8000b378 (0x00002f17) x30 0x8000d378
core   0: 0x8000b37c (0xc83f2423) sw      gp, -888(t5)
core   0: 3 0x8000b37c (0xc83f2423) mem 0x8000d000 0x00000001
core   0: 0x8000b380 (0xff9ff06f) j       pc - 0x8
core   0: 3 0x8000b380 (0xff9ff06f)
core   0: 0x8000b378 (0x00002f17) auipc   t5, 0x2
core   0: 3 0x8000b378 (0x00002f17) x30 0x8000d378
core   0: 0x8000b37c (0xc83f2423) sw      gp, -888(t5)
core   0: 3 0x8000b37c (0xc83f2423) mem 0x8000d000 0x00000001
core   0: 0x8000b380 (0xff9ff06f) j       pc - 0x8
core   0: 3 0x8000b380 (0xff9ff06f)
core   0: 0x8000b378 (0x00002f17) auipc   t5, 0x2
core   0: 3 0x8000b378 (0x00002f17) x30 0x8000d378
core   0: 0x8000b37c (0xc83f2423) sw      gp, -888(t5)
core   0: 3 0x8000b37c (0xc83f2423) mem 0x8000d000 0x00000001
core   0: 0x8000b380 (0xff9ff06f) j       pc - 0x8
core   0: 3 0x8000b380 (0xff9ff06f)
core   0: 0x8000b378 (0x00002f17) auipc   t5, 0x2
core   0: 3 0x8000b378 (0x00002f17) x30 0x8000d378
core   0: 0x8000b37c (0xc83f2423) sw      gp, -888(t5)
core   0: 3 0x8000b37c (0xc83f2423) mem 0x8000d000 0x00000001
core   0: 0x8000b380 (0xff9ff06f) j       pc - 0x8
core   0: 3 0x8000b380 (0xff9ff06f)
core   0: 0x8000b378 (0x00002f17) auipc   t5, 0x2
core   0: 3 0x8000b378 (0x00002f17) x30 0x8000d378
core   0: 0x8000b37c (0xc83f2423) sw      gp, -888(t5)
core   0: 3 0x8000b37c (0xc83f2423) mem 0x8000d000 0x00000001
core   0: 0x8000b380 (0xff9ff06f) j       pc - 0x8
core   0: 3 0x8000b380 (0xff9ff06f)
core   0: 0x8000b378 (0x00002f17) auipc   t5, 0x2
core   0: 3 0x8000b378 (0x00002f17) x30 0x8000d378
core   0: 0x8000b37c (0xc83f2423) sw      gp, -888(t5)
core   0: 3 0x8000b37c (0xc83f2423) mem 0x8000d000 0x00000001
core   0: 0x8000b380 (0xff9ff06f) j       pc - 0x8
core   0: 3 0x8000b380 (0xff9ff06f)
core   0: 0x8000b378 (0x00002f17) auipc   t5, 0x2
core   0: 3 0x8000b378 (0x00002f17) x30 0x8000d378
core   0: 0x8000b37c (0xc83f2423) sw      gp, -888(t5)
core   0: 3 0x8000b37c (0xc83f2423) mem 0x8000d000 0x00000001
core   0: 0x8000b380 (0xff9ff06f) j       pc - 0x8
core   0: 3 0x8000b380 (0xff9ff06f)
core   0: 0x8000b378 (0x00002f17) auipc   t5, 0x2
core   0: 3 0x8000b378 (0x00002f17) x30 0x8000d378
core   0: 0x8000b37c (0xc83f2423) sw      gp, -888(t5)
core   0: 3 0x8000b37c (0xc83f2423) mem 0x8000d000 0x00000001
core   0: 0x8000b380 (0xff9ff06f) j       pc - 0x8
core   0: 3 0x8000b380 (0xff9ff06f)
core   0: 0x8000b378 (0x00002f17) auipc   t5, 0x2
core   0: 3 0x8000b378 (0x00002f17) x30 0x8000d378
core   0: 0x8000b37c (0xc83f2423) sw      gp, -888(t5)
core   0: 3 0x8000b37c (0xc83f2423) mem 0x8000d000 0x00000001
core   0: 0x8000b380 (0xff9ff06f) j       pc - 0x8
core   0: 3 0x8000b380 (0xff9ff06f)
core   0: 0x8000b378 (0x00002f17) auipc   t5, 0x2
core   0: 3 0x8000b378 (0x00002f17) x30 0x8000d378
core   0: 0x8000b37c (0xc83f2423) sw      gp, -888(t5)
core   0: 3 0x8000b37c (0xc83f2423) mem 0x8000d000 0x00000001
core   0: 0x8000b380 (0xff9ff06f) j       pc - 0x8
core   0: 3 0x8000b380 (0xff9ff06f)
core   0: 0x8000b378 (0x00002f17) auipc   t5, 0x2
core   0: 3 0x8000b378 (0x00002f17) x30 0x8000d378
core   0: 0x8000b37c (0xc83f2423) sw      gp, -888(t5)
core   0: 3 0x8000b37c (0xc83f2423) mem 0x8000d000 0x00000001
core   0: 0x8000b380 (0xff9ff06f) j       pc - 0x8
core   0: 3 0x8000b380 (0xff9ff06f)
core   0: 0x8000b378 (0x00002f17) auipc   t5, 0x2
core   0: 3 0x8000b378 (0x00002f17) x30 0x8000d378
core   0: 0x8000b37c (0xc83f2423) sw      gp, -888(t5)
core   0: 3 0x8000b37c (0xc83f2423) mem 0x8000d000 0x00000001
core   0: 0x8000b380 (0xff9ff06f) j       pc - 0x8
core   0: 3 0x8000b380 (0xff9ff06f)
core   0: 0x8000b378 (0x00002f17) auipc   t5, 0x2
core   0: 3 0x8000b378 (0x00002f17) x30 0x8000d378
core   0: 0x8000b37c (0xc83f2423) sw      gp, -888(t5)
core   0: 3 0x8000b37c (0xc83f2423) mem 0x8000d000 0x00000001
core   0: 0x8000b380 (0xff9ff06f) j       pc - 0x8
core   0: 3 0x8000b380 (0xff9ff06f)
core   0: 0x8000b378 (0x00002f17) auipc   t5, 0x2
core   0: 3 0x8000b378 (0x00002f17) x30 0x8000d378
core   0: 0x8000b37c (0xc83f2423) sw      gp, -888(t5)
core   0: 3 0x8000b37c (0xc83f2423) mem 0x8000d000 0x00000001
core   0: 0x8000b380 (0xff9ff06f) j       pc - 0x8
core   0: 3 0x8000b380 (0xff9ff06f)
core   0: 0x8000b378 (0x00002f17) auipc   t5, 0x2
core   0: 3 0x8000b378 (0x00002f17) x30 0x8000d378
core   0: 0x8000b37c (0xc83f2423) sw      gp, -888(t5)
core   0: 3 0x8000b37c (0xc83f2423) mem 0x8000d000 0x00000001
core   0: 0x8000b380 (0xff9ff06f) j       pc - 0x8
core   0: 3 0x8000b380 (0xff9ff06f)
core   0: 0x8000b378 (0x00002f17) auipc   t5, 0x2
core   0: 3 0x8000b378 (0x00002f17) x30 0x8000d378
core   0: 0x8000b37c (0xc83f2423) sw      gp, -888(t5)
core   0: 3 0x8000b37c (0xc83f2423) mem 0x8000d000 0x00000001
core   0: 0x8000b380 (0xff9ff06f) j       pc - 0x8
core   0: 3 0x8000b380 (0xff9ff06f)
core   0: 0x8000b378 (0x00002f17) auipc   t5, 0x2
core   0: 3 0x8000b378 (0x00002f17) x30 0x8000d378
core   0: 0x8000b37c (0xc83f2423) sw      gp, -888(t5)
core   0: 3 0x8000b37c (0xc83f2423) mem 0x8000d000 0x00000001
core   0: 0x8000b380 (0xff9ff06f) j       pc - 0x8
core   0: 3 0x8000b380 (0xff9ff06f)
core   0: 0x8000b378 (0x00002f17) auipc   t5, 0x2
core   0: 3 0x8000b378 (0x00002f17) x30 0x8000d378
core   0: 0x8000b37c (0xc83f2423) sw      gp, -888(t5)
core   0: 3 0x8000b37c (0xc83f2423) mem 0x8000d000 0x00000001
core   0: 0x8000b380 (0xff9ff06f) j       pc - 0x8
core   0: 3 0x8000b380 (0xff9ff06f)
core   0: 0x8000b378 (0x00002f17) auipc   t5, 0x2
core   0: 3 0x8000b378 (0x00002f17) x30 0x8000d378
core   0: 0x8000b37c (0xc83f2423) sw      gp, -888(t5)
core   0: 3 0x8000b37c (0xc83f2423) mem 0x8000d000 0x00000001
core   0: 0x8000b380 (0xff9ff06f) j       pc - 0x8
core   0: 3 0x8000b380 (0xff9ff06f)
core   0: 0x8000b378 (0x00002f17) auipc   t5, 0x2
core   0: 3 0x8000b378 (0x00002f17) x30 0x8000d378
core   0: 0x8000b37c (0xc83f2423) sw      gp, -888(t5)
core   0: 3 0x8000b37c (0xc83f2423) mem 0x8000d000 0x00000001
core   0: 0x8000b380 (0xff9ff06f) j       pc - 0x8
core   0: 3 0x8000b380 (0xff9ff06f)
core   0: 0x8000b378 (0x00002f17) auipc   t5, 0x2
core   0: 3 0x8000b378 (0x00002f17) x30 0x8000d378
core   0: 0x8000b37c (0xc83f2423) sw      gp, -888(t5)
core   0: 3 0x8000b37c (0xc83f2423) mem 0x8000d000 0x00000001
core   0: 0x8000b380 (0xff9ff06f) j       pc - 0x8
core   0: 3 0x8000b380 (0xff9ff06f)
core   0: 0x8000b378 (0x00002f17) auipc   t5, 0x2
core   0: 3 0x8000b378 (0x00002f17) x30 0x8000d378
core   0: 0x8000b37c (0xc83f2423) sw      gp, -888(t5)
core   0: 3 0x8000b37c (0xc83f2423) mem 0x8000d000 0x00000001
core   0: 0x8000b380 (0xff9ff06f) j       pc - 0x8
core   0: 3 0x8000b380 (0xff9ff06f)
core   0: 0x8000b378 (0x00002f17) auipc   t5, 0x2
core   0: 3 0x8000b378 (0x00002f17) x30 0x8000d378
core   0: 0x8000b37c (0xc83f2423) sw      gp, -888(t5)
core   0: 3 0x8000b37c (0xc83f2423) mem 0x8000d000 0x00000001
core   0: 0x8000b380 (0xff9ff06f) j       pc - 0x8
core   0: 3 0x8000b380 (0xff9ff06f)
core   0: 0x8000b378 (0x00002f17) auipc   t5, 0x2
core   0: 3 0x8000b378 (0x00002f17) x30 0x8000d378
core   0: 0x8000b37c (0xc83f2423) sw      gp, -888(t5)
core   0: 3 0x8000b37c (0xc83f2423) mem 0x8000d000 0x00000001
core   0: 0x8000b380 (0xff9ff06f) j       pc - 0x8
core   0: 3 0x8000b380 (0xff9ff06f)
core   0: 0x8000b378 (0x00002f17) auipc   t5, 0x2
core   0: 3 0x8000b378 (0x00002f17) x30 0x8000d378
core   0: 0x8000b37c (0xc83f2423) sw      gp, -888(t5)
core   0: 3 0x8000b37c (0xc83f2423) mem 0x8000d000 0x00000001
core   0: 0x8000b380 (0xff9ff06f) j       pc - 0x8
core   0: 3 0x8000b380 (0xff9ff06f)
core   0: 0x8000b378 (0x00002f17) auipc   t5, 0x2
core   0: 3 0x8000b378 (0x00002f17) x30 0x8000d378
core   0: 0x8000b37c (0xc83f2423) sw      gp, -888(t5)
core   0: 3 0x8000b37c (0xc83f2423) mem 0x8000d000 0x00000001
core   0: 0x8000b380 (0xff9ff06f) j       pc - 0x8
core   0: 3 0x8000b380 (0xff9ff06f)
core   0: 0x8000b378 (0x00002f17) auipc   t5, 0x2
core   0: 3 0x8000b378 (0x00002f17) x30 0x8000d378
core   0: 0x8000b37c (0xc83f2423) sw      gp, -888(t5)
core   0: 3 0x8000b37c (0xc83f2423) mem 0x8000d000 0x00000001
core   0: 0x8000b380 (0xff9ff06f) j       pc - 0x8
core   0: 3 0x8000b380 (0xff9ff06f)
core   0: 0x8000b378 (0x00002f17) auipc   t5, 0x2
core   0: 3 0x8000b378 (0x00002f17) x30 0x8000d378
core   0: 0x8000b37c (0xc83f2423) sw      gp, -888(t5)
core   0: 3 0x8000b37c (0xc83f2423) mem 0x8000d000 0x00000001
core   0: 0x8000b380 (0xff9ff06f) j       pc - 0x8
core   0: 3 0x8000b380 (0xff9ff06f)
core   0: 0x8000b378 (0x00002f17) auipc   t5, 0x2
core   0: 3 0x8000b378 (0x00002f17) x30 0x8000d378
core   0: 0x8000b37c (0xc83f2423) sw      gp, -888(t5)
core   0: 3 0x8000b37c (0xc83f2423) mem 0x8000d000 0x00000001
core   0: 0x8000b380 (0xff9ff06f) j       pc - 0x8
core   0: 3 0x8000b380 (0xff9ff06f)
core   0: 0x8000b378 (0x00002f17) auipc   t5, 0x2
core   0: 3 0x8000b378 (0x00002f17) x30 0x8000d378
core   0: 0x8000b37c (0xc83f2423) sw      gp, -888(t5)
core   0: 3 0x8000b37c (0xc83f2423) mem 0x8000d000 0x00000001
core   0: 0x8000b380 (0xff9ff06f) j       pc - 0x8
core   0: 3 0x8000b380 (0xff9ff06f)
core   0: 0x8000b378 (0x00002f17) auipc   t5, 0x2
core   0: 3 0x8000b378 (0x00002f17) x30 0x8000d378
core   0: 0x8000b37c (0xc83f2423) sw      gp, -888(t5)
core   0: 3 0x8000b37c (0xc83f2423) mem 0x8000d000 0x00000001
core   0: 0x8000b380 (0xff9ff06f) j       pc - 0x8
core   0: 3 0x8000b380 (0xff9ff06f)
core   0: 0x8000b378 (0x00002f17) auipc   t5, 0x2
core   0: 3 0x8000b378 (0x00002f17) x30 0x8000d378
core   0: 0x8000b37c (0xc83f2423) sw      gp, -888(t5)
core   0: 3 0x8000b37c (0xc83f2423) mem 0x8000d000 0x00000001
core   0: 0x8000b380 (0xff9ff06f) j       pc - 0x8
core   0: 3 0x8000b380 (0xff9ff06f)
core   0: 0x8000b378 (0x00002f17) auipc   t5, 0x2
core   0: 3 0x8000b378 (0x00002f17) x30 0x8000d378
core   0: 0x8000b37c (0xc83f2423) sw      gp, -888(t5)
core   0: 3 0x8000b37c (0xc83f2423) mem 0x8000d000 0x00000001
core   0: 0x8000b380 (0xff9ff06f) j       pc - 0x8
core   0: 3 0x8000b380 (0xff9ff06f)
core   0: 0x8000b378 (0x00002f17) auipc   t5, 0x2
core   0: 3 0x8000b378 (0x00002f17) x30 0x8000d378
core   0: 0x8000b37c (0xc83f2423) sw      gp, -888(t5)
core   0: 3 0x8000b37c (0xc83f2423) mem 0x8000d000 0x00000001
core   0: 0x8000b380 (0xff9ff06f) j       pc - 0x8
core   0: 3 0x8000b380 (0xff9ff06f)
core   0: 0x8000b378 (0x00002f17) auipc   t5, 0x2
core   0: 3 0x8000b378 (0x00002f17) x30 0x8000d378
core   0: 0x8000b37c (0xc83f2423) sw      gp, -888(t5)
core   0: 3 0x8000b37c (0xc83f2423) mem 0x8000d000 0x00000001
core   0: 0x8000b380 (0xff9ff06f) j       pc - 0x8
core   0: 3 0x8000b380 (0xff9ff06f)
core   0: 0x8000b378 (0x00002f17) auipc   t5, 0x2
core   0: 3 0x8000b378 (0x00002f17) x30 0x8000d378
core   0: 0x8000b37c (0xc83f2423) sw      gp, -888(t5)
core   0: 3 0x8000b37c (0xc83f2423) mem 0x8000d000 0x00000001
core   0: 0x8000b380 (0xff9ff06f) j       pc - 0x8
core   0: 3 0x8000b380 (0xff9ff06f)
core   0: 0x8000b378 (0x00002f17) auipc   t5, 0x2
core   0: 3 0x8000b378 (0x00002f17) x30 0x8000d378
core   0: 0x8000b37c (0xc83f2423) sw      gp, -888(t5)
core   0: 3 0x8000b37c (0xc83f2423) mem 0x8000d000 0x00000001
core   0: 0x8000b380 (0xff9ff06f) j       pc - 0x8
core   0: 3 0x8000b380 (0xff9ff06f)
core   0: 0x8000b378 (0x00002f17) auipc   t5, 0x2
core   0: 3 0x8000b378 (0x00002f17) x30 0x8000d378
core   0: 0x8000b37c (0xc83f2423) sw      gp, -888(t5)
core   0: 3 0x8000b37c (0xc83f2423) mem 0x8000d000 0x00000001
core   0: 0x8000b380 (0xff9ff06f) j       pc - 0x8
core   0: 3 0x8000b380 (0xff9ff06f)
core   0: 0x8000b378 (0x00002f17) auipc   t5, 0x2
core   0: 3 0x8000b378 (0x00002f17) x30 0x8000d378
core   0: 0x8000b37c (0xc83f2423) sw      gp, -888(t5)
core   0: 3 0x8000b37c (0xc83f2423) mem 0x8000d000 0x00000001
core   0: 0x8000b380 (0xff9ff06f) j       pc - 0x8
core   0: 3 0x8000b380 (0xff9ff06f)
core   0: 0x8000b378 (0x00002f17) auipc   t5, 0x2
core   0: 3 0x8000b378 (0x00002f17) x30 0x8000d378
core   0: 0x8000b37c (0xc83f2423) sw      gp, -888(t5)
core   0: 3 0x8000b37c (0xc83f2423) mem 0x8000d000 0x00000001
core   0: 0x8000b380 (0xff9ff06f) j       pc - 0x8
core   0: 3 0x8000b380 (0xff9ff06f)
core   0: 0x8000b378 (0x00002f17) auipc   t5, 0x2
core   0: 3 0x8000b378 (0x00002f17) x30 0x8000d378
core   0: 0x8000b37c (0xc83f2423) sw      gp, -888(t5)
core   0: 3 0x8000b37c (0xc83f2423) mem 0x8000d000 0x00000001
core   0: 0x8000b380 (0xff9ff06f) j       pc - 0x8
core   0: 3 0x8000b380 (0xff9ff06f)
core   0: 0x8000b378 (0x00002f17) auipc   t5, 0x2
core   0: 3 0x8000b378 (0x00002f17) x30 0x8000d378
core   0: 0x8000b37c (0xc83f2423) sw      gp, -888(t5)
core   0: 3 0x8000b37c (0xc83f2423) mem 0x8000d000 0x00000001
core   0: 0x8000b380 (0xff9ff06f) j       pc - 0x8
core   0: 3 0x8000b380 (0xff9ff06f)
core   0: 0x8000b378 (0x00002f17) auipc   t5, 0x2
core   0: 3 0x8000b378 (0x00002f17) x30 0x8000d378
core   0: 0x8000b37c (0xc83f2423) sw      gp, -888(t5)
core   0: 3 0x8000b37c (0xc83f2423) mem 0x8000d000 0x00000001
core   0: 0x8000b380 (0xff9ff06f) j       pc - 0x8
core   0: 3 0x8000b380 (0xff9ff06f)
core   0: 0x8000b378 (0x00002f17) auipc   t5, 0x2
core   0: 3 0x8000b378 (0x00002f17) x30 0x8000d378
core   0: 0x8000b37c (0xc83f2423) sw      gp, -888(t5)
core   0: 3 0x8000b37c (0xc83f2423) mem 0x8000d000 0x00000001
core   0: 0x8000b380 (0xff9ff06f) j       pc - 0x8
core   0: 3 0x8000b380 (0xff9ff06f)
core   0: 0x8000b378 (0x00002f17) auipc   t5, 0x2
core   0: 3 0x8000b378 (0x00002f17) x30 0x8000d378
core   0: 0x8000b37c (0xc83f2423) sw      gp, -888(t5)
core   0: 3 0x8000b37c (0xc83f2423) mem 0x8000d000 0x00000001
core   0: 0x8000b380 (0xff9ff06f) j       pc - 0x8
core   0: 3 0x8000b380 (0xff9ff06f)
core   0: 0x8000b378 (0x00002f17) auipc   t5, 0x2
core   0: 3 0x8000b378 (0x00002f17) x30 0x8000d378
core   0: 0x8000b37c (0xc83f2423) sw      gp, -888(t5)
core   0: 3 0x8000b37c (0xc83f2423) mem 0x8000d000 0x00000001
core   0: 0x8000b380 (0xff9ff06f) j       pc - 0x8
core   0: 3 0x8000b380 (0xff9ff06f)
core   0: 0x8000b378 (0x00002f17) auipc   t5, 0x2
core   0: 3 0x8000b378 (0x00002f17) x30 0x8000d378
core   0: 0x8000b37c (0xc83f2423) sw      gp, -888(t5)
core   0: 3 0x8000b37c (0xc83f2423) mem 0x8000d000 0x00000001
core   0: 0x8000b380 (0xff9ff06f) j       pc - 0x8
core   0: 3 0x8000b380 (0xff9ff06f)
core   0: 0x8000b378 (0x00002f17) auipc   t5, 0x2
core   0: 3 0x8000b378 (0x00002f17) x30 0x8000d378
core   0: 0x8000b37c (0xc83f2423) sw      gp, -888(t5)
core   0: 3 0x8000b37c (0xc83f2423) mem 0x8000d000 0x00000001
core   0: 0x8000b380 (0xff9ff06f) j       pc - 0x8
core   0: 3 0x8000b380 (0xff9ff06f)
core   0: 0x8000b378 (0x00002f17) auipc   t5, 0x2
core   0: 3 0x8000b378 (0x00002f17) x30 0x8000d378
core   0: 0x8000b37c (0xc83f2423) sw      gp, -888(t5)
core   0: 3 0x8000b37c (0xc83f2423) mem 0x8000d000 0x00000001
core   0: 0x8000b380 (0xff9ff06f) j       pc - 0x8
core   0: 3 0x8000b380 (0xff9ff06f)
core   0: 0x8000b378 (0x00002f17) auipc   t5, 0x2
core   0: 3 0x8000b378 (0x00002f17) x30 0x8000d378
core   0: 0x8000b37c (0xc83f2423) sw      gp, -888(t5)
core   0: 3 0x8000b37c (0xc83f2423) mem 0x8000d000 0x00000001
core   0: 0x8000b380 (0xff9ff06f) j       pc - 0x8
core   0: 3 0x8000b380 (0xff9ff06f)
core   0: 0x8000b378 (0x00002f17) auipc   t5, 0x2
core   0: 3 0x8000b378 (0x00002f17) x30 0x8000d378
core   0: 0x8000b37c (0xc83f2423) sw      gp, -888(t5)
core   0: 3 0x8000b37c (0xc83f2423) mem 0x8000d000 0x00000001
core   0: 0x8000b380 (0xff9ff06f) j       pc - 0x8
core   0: 3 0x8000b380 (0xff9ff06f)
core   0: 0x8000b378 (0x00002f17) auipc   t5, 0x2
core   0: 3 0x8000b378 (0x00002f17) x30 0x8000d378
core   0: 0x8000b37c (0xc83f2423) sw      gp, -888(t5)
core   0: 3 0x8000b37c (0xc83f2423) mem 0x8000d000 0x00000001
core   0: 0x8000b380 (0xff9ff06f) j       pc - 0x8
core   0: 3 0x8000b380 (0xff9ff06f)
core   0: 0x8000b378 (0x00002f17) auipc   t5, 0x2
core   0: 3 0x8000b378 (0x00002f17) x30 0x8000d378
core   0: 0x8000b37c (0xc83f2423) sw      gp, -888(t5)
core   0: 3 0x8000b37c (0xc83f2423) mem 0x8000d000 0x00000001
core   0: 0x8000b380 (0xff9ff06f) j       pc - 0x8
core   0: 3 0x8000b380 (0xff9ff06f)
core   0: 0x8000b378 (0x00002f17) auipc   t5, 0x2
core   0: 3 0x8000b378 (0x00002f17) x30 0x8000d378
core   0: 0x8000b37c (0xc83f2423) sw      gp, -888(t5)
core   0: 3 0x8000b37c (0xc83f2423) mem 0x8000d000 0x00000001
core   0: 0x8000b380 (0xff9ff06f) j       pc - 0x8
core   0: 3 0x8000b380 (0xff9ff06f)
core   0: 0x8000b378 (0x00002f17) auipc   t5, 0x2
core   0: 3 0x8000b378 (0x00002f17) x30 0x8000d378
core   0: 0x8000b37c (0xc83f2423) sw      gp, -888(t5)
core   0: 3 0x8000b37c (0xc83f2423) mem 0x8000d000 0x00000001
core   0: 0x8000b380 (0xff9ff06f) j       pc - 0x8
core   0: 3 0x8000b380 (0xff9ff06f)
core   0: 0x8000b378 (0x00002f17) auipc   t5, 0x2
core   0: 3 0x8000b378 (0x00002f17) x30 0x8000d378
core   0: 0x8000b37c (0xc83f2423) sw      gp, -888(t5)
core   0: 3 0x8000b37c (0xc83f2423) mem 0x8000d000 0x00000001
core   0: 0x8000b380 (0xff9ff06f) j       pc - 0x8
core   0: 3 0x8000b380 (0xff9ff06f)
core   0: 0x8000b378 (0x00002f17) auipc   t5, 0x2
core   0: 3 0x8000b378 (0x00002f17) x30 0x8000d378
core   0: 0x8000b37c (0xc83f2423) sw      gp, -888(t5)
core   0: 3 0x8000b37c (0xc83f2423) mem 0x8000d000 0x00000001
core   0: 0x8000b380 (0xff9ff06f) j       pc - 0x8
core   0: 3 0x8000b380 (0xff9ff06f)
core   0: 0x8000b378 (0x00002f17) auipc   t5, 0x2
core   0: 3 0x8000b378 (0x00002f17) x30 0x8000d378
core   0: 0x8000b37c (0xc83f2423) sw      gp, -888(t5)
core   0: 3 0x8000b37c (0xc83f2423) mem 0x8000d000 0x00000001
core   0: 0x8000b380 (0xff9ff06f) j       pc - 0x8
core   0: 3 0x8000b380 (0xff9ff06f)
core   0: 0x8000b378 (0x00002f17) auipc   t5, 0x2
core   0: 3 0x8000b378 (0x00002f17) x30 0x8000d378
core   0: 0x8000b37c (0xc83f2423) sw      gp, -888(t5)
core   0: 3 0x8000b37c (0xc83f2423) mem 0x8000d000 0x00000001
core   0: 0x8000b380 (0xff9ff06f) j       pc - 0x8
core   0: 3 0x8000b380 (0xff9ff06f)
core   0: 0x8000b378 (0x00002f17) auipc   t5, 0x2
core   0: 3 0x8000b378 (0x00002f17) x30 0x8000d378
core   0: 0x8000b37c (0xc83f2423) sw      gp, -888(t5)
core   0: 3 0x8000b37c (0xc83f2423) mem 0x8000d000 0x00000001
core   0: 0x8000b380 (0xff9ff06f) j       pc - 0x8
core   0: 3 0x8000b380 (0xff9ff06f)
core   0: 0x8000b378 (0x00002f17) auipc   t5, 0x2
core   0: 3 0x8000b378 (0x00002f17) x30 0x8000d378
core   0: 0x8000b37c (0xc83f2423) sw      gp, -888(t5)
core   0: 3 0x8000b37c (0xc83f2423) mem 0x8000d000 0x00000001
core   0: 0x8000b380 (0xff9ff06f) j       pc - 0x8
core   0: 3 0x8000b380 (0xff9ff06f)
core   0: 0x8000b378 (0x00002f17) auipc   t5, 0x2
core   0: 3 0x8000b378 (0x00002f17) x30 0x8000d378
core   0: 0x8000b37c (0xc83f2423) sw      gp, -888(t5)
core   0: 3 0x8000b37c (0xc83f2423) mem 0x8000d000 0x00000001
core   0: 0x8000b380 (0xff9ff06f) j       pc - 0x8
core   0: 3 0x8000b380 (0xff9ff06f)
core   0: 0x8000b378 (0x00002f17) auipc   t5, 0x2
core   0: 3 0x8000b378 (0x00002f17) x30 0x8000d378
core   0: 0x8000b37c (0xc83f2423) sw      gp, -888(t5)
core   0: 3 0x8000b37c (0xc83f2423) mem 0x8000d000 0x00000001
core   0: 0x8000b380 (0xff9ff06f) j       pc - 0x8
core   0: 3 0x8000b380 (0xff9ff06f)
core   0: 0x8000b378 (0x00002f17) auipc   t5, 0x2
core   0: 3 0x8000b378 (0x00002f17) x30 0x8000d378
core   0: 0x8000b37c (0xc83f2423) sw      gp, -888(t5)
core   0: 3 0x8000b37c (0xc83f2423) mem 0x8000d000 0x00000001
core   0: 0x8000b380 (0xff9ff06f) j       pc - 0x8
core   0: 3 0x8000b380 (0xff9ff06f)
core   0: 0x8000b378 (0x00002f17) auipc   t5, 0x2
core   0: 3 0x8000b378 (0x00002f17) x30 0x8000d378
core   0: 0x8000b37c (0xc83f2423) sw      gp, -888(t5)
core   0: 3 0x8000b37c (0xc83f2423) mem 0x8000d000 0x00000001
core   0: 0x8000b380 (0xff9ff06f) j       pc - 0x8
core   0: 3 0x8000b380 (0xff9ff06f)
core   0: 0x8000b378 (0x00002f17) auipc   t5, 0x2
core   0: 3 0x8000b378 (0x00002f17) x30 0x8000d378
core   0: 0x8000b37c (0xc83f2423) sw      gp, -888(t5)
core   0: 3 0x8000b37c (0xc83f2423) mem 0x8000d000 0x00000001
core   0: 0x8000b380 (0xff9ff06f) j       pc - 0x8
core   0: 3 0x8000b380 (0xff9ff06f)
core   0: 0x8000b378 (0x00002f17) auipc   t5, 0x2
core   0: 3 0x8000b378 (0x00002f17) x30 0x8000d378
core   0: 0x8000b37c (0xc83f2423) sw      gp, -888(t5)
core   0: 3 0x8000b37c (0xc83f2423) mem 0x8000d000 0x00000001
core   0: 0x8000b380 (0xff9ff06f) j       pc - 0x8
core   0: 3 0x8000b380 (0xff9ff06f)
core   0: 0x8000b378 (0x00002f17) auipc   t5, 0x2
core   0: 3 0x8000b378 (0x00002f17) x30 0x8000d378
core   0: 0x8000b37c (0xc83f2423) sw      gp, -888(t5)
core   0: 3 0x8000b37c (0xc83f2423) mem 0x8000d000 0x00000001
core   0: 0x8000b380 (0xff9ff06f) j       pc - 0x8
core   0: 3 0x8000b380 (0xff9ff06f)
core   0: 0x8000b378 (0x00002f17) auipc   t5, 0x2
core   0: 3 0x8000b378 (0x00002f17) x30 0x8000d378
core   0: 0x8000b37c (0xc83f2423) sw      gp, -888(t5)
core   0: 3 0x8000b37c (0xc83f2423) mem 0x8000d000 0x00000001
core   0: 0x8000b380 (0xff9ff06f) j       pc - 0x8
core   0: 3 0x8000b380 (0xff9ff06f)
core   0: 0x8000b378 (0x00002f17) auipc   t5, 0x2
core   0: 3 0x8000b378 (0x00002f17) x30 0x8000d378
core   0: 0x8000b37c (0xc83f2423) sw      gp, -888(t5)
core   0: 3 0x8000b37c (0xc83f2423) mem 0x8000d000 0x00000001
core   0: 0x8000b380 (0xff9ff06f) j       pc - 0x8
core   0: 3 0x8000b380 (0xff9ff06f)
core   0: 0x8000b378 (0x00002f17) auipc   t5, 0x2
core   0: 3 0x8000b378 (0x00002f17) x30 0x8000d378
core   0: 0x8000b37c (0xc83f2423) sw      gp, -888(t5)
core   0: 3 0x8000b37c (0xc83f2423) mem 0x8000d000 0x00000001
core   0: 0x8000b380 (0xff9ff06f) j       pc - 0x8
core   0: 3 0x8000b380 (0xff9ff06f)
core   0: 0x8000b378 (0x00002f17) auipc   t5, 0x2
core   0: 3 0x8000b378 (0x00002f17) x30 0x8000d378
core   0: 0x8000b37c (0xc83f2423) sw      gp, -888(t5)
core   0: 3 0x8000b37c (0xc83f2423) mem 0x8000d000 0x00000001
core   0: 0x8000b380 (0xff9ff06f) j       pc - 0x8
core   0: 3 0x8000b380 (0xff9ff06f)
core   0: 0x8000b378 (0x00002f17) auipc   t5, 0x2
core   0: 3 0x8000b378 (0x00002f17) x30 0x8000d378
core   0: 0x8000b37c (0xc83f2423) sw      gp, -888(t5)
core   0: 3 0x8000b37c (0xc83f2423) mem 0x8000d000 0x00000001
core   0: 0x8000b380 (0xff9ff06f) j       pc - 0x8
core   0: 3 0x8000b380 (0xff9ff06f)
core   0: 0x8000b378 (0x00002f17) auipc   t5, 0x2
core   0: 3 0x8000b378 (0x00002f17) x30 0x8000d378
core   0: 0x8000b37c (0xc83f2423) sw      gp, -888(t5)
core   0: 3 0x8000b37c (0xc83f2423) mem 0x8000d000 0x00000001
core   0: 0x8000b380 (0xff9ff06f) j       pc - 0x8
core   0: 3 0x8000b380 (0xff9ff06f)
core   0: 0x8000b378 (0x00002f17) auipc   t5, 0x2
core   0: 3 0x8000b378 (0x00002f17) x30 0x8000d378
core   0: 0x8000b37c (0xc83f2423) sw      gp, -888(t5)
core   0: 3 0x8000b37c (0xc83f2423) mem 0x8000d000 0x00000001
core   0: 0x8000b380 (0xff9ff06f) j       pc - 0x8
core   0: 3 0x8000b380 (0xff9ff06f)
core   0: 0x8000b378 (0x00002f17) auipc   t5, 0x2
core   0: 3 0x8000b378 (0x00002f17) x30 0x8000d378
core   0: 0x8000b37c (0xc83f2423) sw      gp, -888(t5)
core   0: 3 0x8000b37c (0xc83f2423) mem 0x8000d000 0x00000001
core   0: 0x8000b380 (0xff9ff06f) j       pc - 0x8
core   0: 3 0x8000b380 (0xff9ff06f)
core   0: 0x8000b378 (0x00002f17) auipc   t5, 0x2
core   0: 3 0x8000b378 (0x00002f17) x30 0x8000d378
core   0: 0x8000b37c (0xc83f2423) sw      gp, -888(t5)
core   0: 3 0x8000b37c (0xc83f2423) mem 0x8000d000 0x00000001
core   0: 0x8000b380 (0xff9ff06f) j       pc - 0x8
core   0: 3 0x8000b380 (0xff9ff06f)
core   0: 0x8000b378 (0x00002f17) auipc   t5, 0x2
core   0: 3 0x8000b378 (0x00002f17) x30 0x8000d378
core   0: 0x8000b37c (0xc83f2423) sw      gp, -888(t5)
core   0: 3 0x8000b37c (0xc83f2423) mem 0x8000d000 0x00000001
core   0: 0x8000b380 (0xff9ff06f) j       pc - 0x8
core   0: 3 0x8000b380 (0xff9ff06f)
core   0: 0x8000b378 (0x00002f17) auipc   t5, 0x2
core   0: 3 0x8000b378 (0x00002f17) x30 0x8000d378
core   0: 0x8000b37c (0xc83f2423) sw      gp, -888(t5)
core   0: 3 0x8000b37c (0xc83f2423) mem 0x8000d000 0x00000001
core   0: 0x8000b380 (0xff9ff06f) j       pc - 0x8
core   0: 3 0x8000b380 (0xff9ff06f)
core   0: 0x8000b378 (0x00002f17) auipc   t5, 0x2
core   0: 3 0x8000b378 (0x00002f17) x30 0x8000d378
core   0: 0x8000b37c (0xc83f2423) sw      gp, -888(t5)
core   0: 3 0x8000b37c (0xc83f2423) mem 0x8000d000 0x00000001
core   0: 0x8000b380 (0xff9ff06f) j       pc - 0x8
core   0: 3 0x8000b380 (0xff9ff06f)
core   0: 0x8000b378 (0x00002f17) auipc   t5, 0x2
core   0: 3 0x8000b378 (0x00002f17) x30 0x8000d378
core   0: 0x8000b37c (0xc83f2423) sw      gp, -888(t5)
core   0: 3 0x8000b37c (0xc83f2423) mem 0x8000d000 0x00000001
core   0: 0x8000b380 (0xff9ff06f) j       pc - 0x8
core   0: 3 0x8000b380 (0xff9ff06f)
core   0: 0x8000b378 (0x00002f17) auipc   t5, 0x2
core   0: 3 0x8000b378 (0x00002f17) x30 0x8000d378
core   0: 0x8000b37c (0xc83f2423) sw      gp, -888(t5)
core   0: 3 0x8000b37c (0xc83f2423) mem 0x8000d000 0x00000001
core   0: 0x8000b380 (0xff9ff06f) j       pc - 0x8
core   0: 3 0x8000b380 (0xff9ff06f)
core   0: 0x8000b378 (0x00002f17) auipc   t5, 0x2
core   0: 3 0x8000b378 (0x00002f17) x30 0x8000d378
core   0: 0x8000b37c (0xc83f2423) sw      gp, -888(t5)
core   0: 3 0x8000b37c (0xc83f2423) mem 0x8000d000 0x00000001
core   0: 0x8000b380 (0xff9ff06f) j       pc - 0x8
core   0: 3 0x8000b380 (0xff9ff06f)
core   0: 0x8000b378 (0x00002f17) auipc   t5, 0x2
core   0: 3 0x8000b378 (0x00002f17) x30 0x8000d378
core   0: 0x8000b37c (0xc83f2423) sw      gp, -888(t5)
core   0: 3 0x8000b37c (0xc83f2423) mem 0x8000d000 0x00000001
core   0: 0x8000b380 (0xff9ff06f) j       pc - 0x8
core   0: 3 0x8000b380 (0xff9ff06f)
core   0: 0x8000b378 (0x00002f17) auipc   t5, 0x2
core   0: 3 0x8000b378 (0x00002f17) x30 0x8000d378
core   0: 0x8000b37c (0xc83f2423) sw      gp, -888(t5)
core   0: 3 0x8000b37c (0xc83f2423) mem 0x8000d000 0x00000001
core   0: 0x8000b380 (0xff9ff06f) j       pc - 0x8
core   0: 3 0x8000b380 (0xff9ff06f)
core   0: 0x8000b378 (0x00002f17) auipc   t5, 0x2
core   0: 3 0x8000b378 (0x00002f17) x30 0x8000d378
core   0: 0x8000b37c (0xc83f2423) sw      gp, -888(t5)
core   0: 3 0x8000b37c (0xc83f2423) mem 0x8000d000 0x00000001
core   0: 0x8000b380 (0xff9ff06f) j       pc - 0x8
core   0: 3 0x8000b380 (0xff9ff06f)
core   0: 0x8000b378 (0x00002f17) auipc   t5, 0x2
core   0: 3 0x8000b378 (0x00002f17) x30 0x8000d378
core   0: 0x8000b37c (0xc83f2423) sw      gp, -888(t5)
core   0: 3 0x8000b37c (0xc83f2423) mem 0x8000d000 0x00000001
core   0: 0x8000b380 (0xff9ff06f) j       pc - 0x8
core   0: 3 0x8000b380 (0xff9ff06f)
core   0: 0x8000b378 (0x00002f17) auipc   t5, 0x2
core   0: 3 0x8000b378 (0x00002f17) x30 0x8000d378
core   0: 0x8000b37c (0xc83f2423) sw      gp, -888(t5)
core   0: 3 0x8000b37c (0xc83f2423) mem 0x8000d000 0x00000001
core   0: 0x8000b380 (0xff9ff06f) j       pc - 0x8
core   0: 3 0x8000b380 (0xff9ff06f)
core   0: 0x8000b378 (0x00002f17) auipc   t5, 0x2
core   0: 3 0x8000b378 (0x00002f17) x30 0x8000d378
core   0: 0x8000b37c (0xc83f2423) sw      gp, -888(t5)
core   0: 3 0x8000b37c (0xc83f2423) mem 0x8000d000 0x00000001
core   0: 0x8000b380 (0xff9ff06f) j       pc - 0x8
core   0: 3 0x8000b380 (0xff9ff06f)
core   0: 0x8000b378 (0x00002f17) auipc   t5, 0x2
core   0: 3 0x8000b378 (0x00002f17) x30 0x8000d378
core   0: 0x8000b37c (0xc83f2423) sw      gp, -888(t5)
core   0: 3 0x8000b37c (0xc83f2423) mem 0x8000d000 0x00000001
core   0: 0x8000b380 (0xff9ff06f) j       pc - 0x8
core   0: 3 0x8000b380 (0xff9ff06f)
core   0: 0x8000b378 (0x00002f17) auipc   t5, 0x2
core   0: 3 0x8000b378 (0x00002f17) x30 0x8000d378
core   0: 0x8000b37c (0xc83f2423) sw      gp, -888(t5)
core   0: 3 0x8000b37c (0xc83f2423) mem 0x8000d000 0x00000001
core   0: 0x8000b380 (0xff9ff06f) j       pc - 0x8
core   0: 3 0x8000b380 (0xff9ff06f)
core   0: 0x8000b378 (0x00002f17) auipc   t5, 0x2
core   0: 3 0x8000b378 (0x00002f17) x30 0x8000d378
core   0: 0x8000b37c (0xc83f2423) sw      gp, -888(t5)
core   0: 3 0x8000b37c (0xc83f2423) mem 0x8000d000 0x00000001
core   0: 0x8000b380 (0xff9ff06f) j       pc - 0x8
core   0: 3 0x8000b380 (0xff9ff06f)
core   0: 0x8000b378 (0x00002f17) auipc   t5, 0x2
core   0: 3 0x8000b378 (0x00002f17) x30 0x8000d378
core   0: 0x8000b37c (0xc83f2423) sw      gp, -888(t5)
core   0: 3 0x8000b37c (0xc83f2423) mem 0x8000d000 0x00000001
core   0: 0x8000b380 (0xff9ff06f) j       pc - 0x8
core   0: 3 0x8000b380 (0xff9ff06f)
core   0: 0x8000b378 (0x00002f17) auipc   t5, 0x2
core   0: 3 0x8000b378 (0x00002f17) x30 0x8000d378
core   0: 0x8000b37c (0xc83f2423) sw      gp, -888(t5)
core   0: 3 0x8000b37c (0xc83f2423) mem 0x8000d000 0x00000001
core   0: 0x8000b380 (0xff9ff06f) j       pc - 0x8
core   0: 3 0x8000b380 (0xff9ff06f)
core   0: 0x8000b378 (0x00002f17) auipc   t5, 0x2
core   0: 3 0x8000b378 (0x00002f17) x30 0x8000d378
core   0: 0x8000b37c (0xc83f2423) sw      gp, -888(t5)
core   0: 3 0x8000b37c (0xc83f2423) mem 0x8000d000 0x00000001
core   0: 0x8000b380 (0xff9ff06f) j       pc - 0x8
core   0: 3 0x8000b380 (0xff9ff06f)
core   0: 0x8000b378 (0x00002f17) auipc   t5, 0x2
core   0: 3 0x8000b378 (0x00002f17) x30 0x8000d378
core   0: 0x8000b37c (0xc83f2423) sw      gp, -888(t5)
core   0: 3 0x8000b37c (0xc83f2423) mem 0x8000d000 0x00000001
core   0: 0x8000b380 (0xff9ff06f) j       pc - 0x8
core   0: 3 0x8000b380 (0xff9ff06f)
core   0: 0x8000b378 (0x00002f17) auipc   t5, 0x2
core   0: 3 0x8000b378 (0x00002f17) x30 0x8000d378
core   0: 0x8000b37c (0xc83f2423) sw      gp, -888(t5)
core   0: 3 0x8000b37c (0xc83f2423) mem 0x8000d000 0x00000001
core   0: 0x8000b380 (0xff9ff06f) j       pc - 0x8
core   0: 3 0x8000b380 (0xff9ff06f)
core   0: 0x8000b378 (0x00002f17) auipc   t5, 0x2
core   0: 3 0x8000b378 (0x00002f17) x30 0x8000d378
core   0: 0x8000b37c (0xc83f2423) sw      gp, -888(t5)
core   0: 3 0x8000b37c (0xc83f2423) mem 0x8000d000 0x00000001
core   0: 0x8000b380 (0xff9ff06f) j       pc - 0x8
core   0: 3 0x8000b380 (0xff9ff06f)
core   0: 0x8000b378 (0x00002f17) auipc   t5, 0x2
core   0: 3 0x8000b378 (0x00002f17) x30 0x8000d378
core   0: 0x8000b37c (0xc83f2423) sw      gp, -888(t5)
core   0: 3 0x8000b37c (0xc83f2423) mem 0x8000d000 0x00000001
core   0: 0x8000b380 (0xff9ff06f) j       pc - 0x8
core   0: 3 0x8000b380 (0xff9ff06f)
core   0: 0x8000b378 (0x00002f17) auipc   t5, 0x2
core   0: 3 0x8000b378 (0x00002f17) x30 0x8000d378
core   0: 0x8000b37c (0xc83f2423) sw      gp, -888(t5)
core   0: 3 0x8000b37c (0xc83f2423) mem 0x8000d000 0x00000001
core   0: 0x8000b380 (0xff9ff06f) j       pc - 0x8
core   0: 3 0x8000b380 (0xff9ff06f)
core   0: 0x8000b378 (0x00002f17) auipc   t5, 0x2
core   0: 3 0x8000b378 (0x00002f17) x30 0x8000d378
core   0: 0x8000b37c (0xc83f2423) sw      gp, -888(t5)
core   0: 3 0x8000b37c (0xc83f2423) mem 0x8000d000 0x00000001
core   0: 0x8000b380 (0xff9ff06f) j       pc - 0x8
core   0: 3 0x8000b380 (0xff9ff06f)
core   0: 0x8000b378 (0x00002f17) auipc   t5, 0x2
core   0: 3 0x8000b378 (0x00002f17) x30 0x8000d378
core   0: 0x8000b37c (0xc83f2423) sw      gp, -888(t5)
core   0: 3 0x8000b37c (0xc83f2423) mem 0x8000d000 0x00000001
core   0: 0x8000b380 (0xff9ff06f) j       pc - 0x8
core   0: 3 0x8000b380 (0xff9ff06f)
core   0: 0x8000b378 (0x00002f17) auipc   t5, 0x2
core   0: 3 0x8000b378 (0x00002f17) x30 0x8000d378
core   0: 0x8000b37c (0xc83f2423) sw      gp, -888(t5)
core   0: 3 0x8000b37c (0xc83f2423) mem 0x8000d000 0x00000001
core   0: 0x8000b380 (0xff9ff06f) j       pc - 0x8
core   0: 3 0x8000b380 (0xff9ff06f)
core   0: 0x8000b378 (0x00002f17) auipc   t5, 0x2
core   0: 3 0x8000b378 (0x00002f17) x30 0x8000d378
core   0: 0x8000b37c (0xc83f2423) sw      gp, -888(t5)
core   0: 3 0x8000b37c (0xc83f2423) mem 0x8000d000 0x00000001
core   0: 0x8000b380 (0xff9ff06f) j       pc - 0x8
core   0: 3 0x8000b380 (0xff9ff06f)
core   0: 0x8000b378 (0x00002f17) auipc   t5, 0x2
core   0: 3 0x8000b378 (0x00002f17) x30 0x8000d378
core   0: 0x8000b37c (0xc83f2423) sw      gp, -888(t5)
core   0: 3 0x8000b37c (0xc83f2423) mem 0x8000d000 0x00000001
core   0: 0x8000b380 (0xff9ff06f) j       pc - 0x8
core   0: 3 0x8000b380 (0xff9ff06f)
core   0: 0x8000b378 (0x00002f17) auipc   t5, 0x2
core   0: 3 0x8000b378 (0x00002f17) x30 0x8000d378
core   0: 0x8000b37c (0xc83f2423) sw      gp, -888(t5)
core   0: 3 0x8000b37c (0xc83f2423) mem 0x8000d000 0x00000001
core   0: 0x8000b380 (0xff9ff06f) j       pc - 0x8
core   0: 3 0x8000b380 (0xff9ff06f)
core   0: 0x8000b378 (0x00002f17) auipc   t5, 0x2
core   0: 3 0x8000b378 (0x00002f17) x30 0x8000d378
core   0: 0x8000b37c (0xc83f2423) sw      gp, -888(t5)
core   0: 3 0x8000b37c (0xc83f2423) mem 0x8000d000 0x00000001
core   0: 0x8000b380 (0xff9ff06f) j       pc - 0x8
core   0: 3 0x8000b380 (0xff9ff06f)
core   0: 0x8000b378 (0x00002f17) auipc   t5, 0x2
core   0: 3 0x8000b378 (0x00002f17) x30 0x8000d378
core   0: 0x8000b37c (0xc83f2423) sw      gp, -888(t5)
core   0: 3 0x8000b37c (0xc83f2423) mem 0x8000d000 0x00000001
core   0: 0x8000b380 (0xff9ff06f) j       pc - 0x8
core   0: 3 0x8000b380 (0xff9ff06f)
core   0: 0x8000b378 (0x00002f17) auipc   t5, 0x2
core   0: 3 0x8000b378 (0x00002f17) x30 0x8000d378
core   0: 0x8000b37c (0xc83f2423) sw      gp, -888(t5)
core   0: 3 0x8000b37c (0xc83f2423) mem 0x8000d000 0x00000001
core   0: 0x8000b380 (0xff9ff06f) j       pc - 0x8
core   0: 3 0x8000b380 (0xff9ff06f)
core   0: 0x8000b378 (0x00002f17) auipc   t5, 0x2
core   0: 3 0x8000b378 (0x00002f17) x30 0x8000d378
core   0: 0x8000b37c (0xc83f2423) sw      gp, -888(t5)
core   0: 3 0x8000b37c (0xc83f2423) mem 0x8000d000 0x00000001
core   0: 0x8000b380 (0xff9ff06f) j       pc - 0x8
core   0: 3 0x8000b380 (0xff9ff06f)
core   0: 0x8000b378 (0x00002f17) auipc   t5, 0x2
core   0: 3 0x8000b378 (0x00002f17) x30 0x8000d378
core   0: 0x8000b37c (0xc83f2423) sw      gp, -888(t5)
core   0: 3 0x8000b37c (0xc83f2423) mem 0x8000d000 0x00000001
core   0: 0x8000b380 (0xff9ff06f) j       pc - 0x8
core   0: 3 0x8000b380 (0xff9ff06f)
core   0: 0x8000b378 (0x00002f17) auipc   t5, 0x2
core   0: 3 0x8000b378 (0x00002f17) x30 0x8000d378
core   0: 0x8000b37c (0xc83f2423) sw      gp, -888(t5)
core   0: 3 0x8000b37c (0xc83f2423) mem 0x8000d000 0x00000001
core   0: 0x8000b380 (0xff9ff06f) j       pc - 0x8
core   0: 3 0x8000b380 (0xff9ff06f)
core   0: 0x8000b378 (0x00002f17) auipc   t5, 0x2
core   0: 3 0x8000b378 (0x00002f17) x30 0x8000d378
core   0: 0x8000b37c (0xc83f2423) sw      gp, -888(t5)
core   0: 3 0x8000b37c (0xc83f2423) mem 0x8000d000 0x00000001
core   0: 0x8000b380 (0xff9ff06f) j       pc - 0x8
core   0: 3 0x8000b380 (0xff9ff06f)
core   0: 0x8000b378 (0x00002f17) auipc   t5, 0x2
core   0: 3 0x8000b378 (0x00002f17) x30 0x8000d378
core   0: 0x8000b37c (0xc83f2423) sw      gp, -888(t5)
core   0: 3 0x8000b37c (0xc83f2423) mem 0x8000d000 0x00000001
core   0: 0x8000b380 (0xff9ff06f) j       pc - 0x8
core   0: 3 0x8000b380 (0xff9ff06f)
core   0: 0x8000b378 (0x00002f17) auipc   t5, 0x2
core   0: 3 0x8000b378 (0x00002f17) x30 0x8000d378
core   0: 0x8000b37c (0xc83f2423) sw      gp, -888(t5)
core   0: 3 0x8000b37c (0xc83f2423) mem 0x8000d000 0x00000001
core   0: 0x8000b380 (0xff9ff06f) j       pc - 0x8
core   0: 3 0x8000b380 (0xff9ff06f)
core   0: 0x8000b378 (0x00002f17) auipc   t5, 0x2
core   0: 3 0x8000b378 (0x00002f17) x30 0x8000d378
core   0: 0x8000b37c (0xc83f2423) sw      gp, -888(t5)
core   0: 3 0x8000b37c (0xc83f2423) mem 0x8000d000 0x00000001
core   0: 0x8000b380 (0xff9ff06f) j       pc - 0x8
core   0: 3 0x8000b380 (0xff9ff06f)
core   0: 0x8000b378 (0x00002f17) auipc   t5, 0x2
core   0: 3 0x8000b378 (0x00002f17) x30 0x8000d378
core   0: 0x8000b37c (0xc83f2423) sw      gp, -888(t5)
core   0: 3 0x8000b37c (0xc83f2423) mem 0x8000d000 0x00000001
core   0: 0x8000b380 (0xff9ff06f) j       pc - 0x8
core   0: 3 0x8000b380 (0xff9ff06f)
core   0: 0x8000b378 (0x00002f17) auipc   t5, 0x2
core   0: 3 0x8000b378 (0x00002f17) x30 0x8000d378
core   0: 0x8000b37c (0xc83f2423) sw      gp, -888(t5)
core   0: 3 0x8000b37c (0xc83f2423) mem 0x8000d000 0x00000001
core   0: 0x8000b380 (0xff9ff06f) j       pc - 0x8
core   0: 3 0x8000b380 (0xff9ff06f)
core   0: 0x8000b378 (0x00002f17) auipc   t5, 0x2
core   0: 3 0x8000b378 (0x00002f17) x30 0x8000d378
core   0: 0x8000b37c (0xc83f2423) sw      gp, -888(t5)
core   0: 3 0x8000b37c (0xc83f2423) mem 0x8000d000 0x00000001
core   0: 0x8000b380 (0xff9ff06f) j       pc - 0x8
core   0: 3 0x8000b380 (0xff9ff06f)
core   0: 0x8000b378 (0x00002f17) auipc   t5, 0x2
core   0: 3 0x8000b378 (0x00002f17) x30 0x8000d378
core   0: 0x8000b37c (0xc83f2423) sw      gp, -888(t5)
core   0: 3 0x8000b37c (0xc83f2423) mem 0x8000d000 0x00000001
core   0: 0x8000b380 (0xff9ff06f) j       pc - 0x8
core   0: 3 0x8000b380 (0xff9ff06f)
core   0: 0x8000b378 (0x00002f17) auipc   t5, 0x2
core   0: 3 0x8000b378 (0x00002f17) x30 0x8000d378
core   0: 0x8000b37c (0xc83f2423) sw      gp, -888(t5)
core   0: 3 0x8000b37c (0xc83f2423) mem 0x8000d000 0x00000001
core   0: 0x8000b380 (0xff9ff06f) j       pc - 0x8
core   0: 3 0x8000b380 (0xff9ff06f)
core   0: 0x8000b378 (0x00002f17) auipc   t5, 0x2
core   0: 3 0x8000b378 (0x00002f17) x30 0x8000d378
core   0: 0x8000b37c (0xc83f2423) sw      gp, -888(t5)
core   0: 3 0x8000b37c (0xc83f2423) mem 0x8000d000 0x00000001
core   0: 0x8000b380 (0xff9ff06f) j       pc - 0x8
core   0: 3 0x8000b380 (0xff9ff06f)
core   0: 0x8000b378 (0x00002f17) auipc   t5, 0x2
core   0: 3 0x8000b378 (0x00002f17) x30 0x8000d378
core   0: 0x8000b37c (0xc83f2423) sw      gp, -888(t5)
core   0: 3 0x8000b37c (0xc83f2423) mem 0x8000d000 0x00000001
core   0: 0x8000b380 (0xff9ff06f) j       pc - 0x8
core   0: 3 0x8000b380 (0xff9ff06f)
core   0: 0x8000b378 (0x00002f17) auipc   t5, 0x2
core   0: 3 0x8000b378 (0x00002f17) x30 0x8000d378
core   0: 0x8000b37c (0xc83f2423) sw      gp, -888(t5)
core   0: 3 0x8000b37c (0xc83f2423) mem 0x8000d000 0x00000001
core   0: 0x8000b380 (0xff9ff06f) j       pc - 0x8
core   0: 3 0x8000b380 (0xff9ff06f)
core   0: 0x8000b378 (0x00002f17) auipc   t5, 0x2
core   0: 3 0x8000b378 (0x00002f17) x30 0x8000d378
core   0: 0x8000b37c (0xc83f2423) sw      gp, -888(t5)
core   0: 3 0x8000b37c (0xc83f2423) mem 0x8000d000 0x00000001
core   0: 0x8000b380 (0xff9ff06f) j       pc - 0x8
core   0: 3 0x8000b380 (0xff9ff06f)
core   0: 0x8000b378 (0x00002f17) auipc   t5, 0x2
core   0: 3 0x8000b378 (0x00002f17) x30 0x8000d378
core   0: 0x8000b37c (0xc83f2423) sw      gp, -888(t5)
core   0: 3 0x8000b37c (0xc83f2423) mem 0x8000d000 0x00000001
core   0: 0x8000b380 (0xff9ff06f) j       pc - 0x8
core   0: 3 0x8000b380 (0xff9ff06f)
core   0: 0x8000b378 (0x00002f17) auipc   t5, 0x2
core   0: 3 0x8000b378 (0x00002f17) x30 0x8000d378
core   0: 0x8000b37c (0xc83f2423) sw      gp, -888(t5)
core   0: 3 0x8000b37c (0xc83f2423) mem 0x8000d000 0x00000001
core   0: 0x8000b380 (0xff9ff06f) j       pc - 0x8
core   0: 3 0x8000b380 (0xff9ff06f)
core   0: 0x8000b378 (0x00002f17) auipc   t5, 0x2
core   0: 3 0x8000b378 (0x00002f17) x30 0x8000d378
core   0: 0x8000b37c (0xc83f2423) sw      gp, -888(t5)
core   0: 3 0x8000b37c (0xc83f2423) mem 0x8000d000 0x00000001
core   0: 0x8000b380 (0xff9ff06f) j       pc - 0x8
core   0: 3 0x8000b380 (0xff9ff06f)
core   0: 0x8000b378 (0x00002f17) auipc   t5, 0x2
core   0: 3 0x8000b378 (0x00002f17) x30 0x8000d378
core   0: 0x8000b37c (0xc83f2423) sw      gp, -888(t5)
core   0: 3 0x8000b37c (0xc83f2423) mem 0x8000d000 0x00000001
core   0: 0x8000b380 (0xff9ff06f) j       pc - 0x8
core   0: 3 0x8000b380 (0xff9ff06f)
core   0: 0x8000b378 (0x00002f17) auipc   t5, 0x2
core   0: 3 0x8000b378 (0x00002f17) x30 0x8000d378
core   0: 0x8000b37c (0xc83f2423) sw      gp, -888(t5)
core   0: 3 0x8000b37c (0xc83f2423) mem 0x8000d000 0x00000001
core   0: 0x8000b380 (0xff9ff06f) j       pc - 0x8
core   0: 3 0x8000b380 (0xff9ff06f)
core   0: 0x8000b378 (0x00002f17) auipc   t5, 0x2
core   0: 3 0x8000b378 (0x00002f17) x30 0x8000d378
core   0: 0x8000b37c (0xc83f2423) sw      gp, -888(t5)
core   0: 3 0x8000b37c (0xc83f2423) mem 0x8000d000 0x00000001
core   0: 0x8000b380 (0xff9ff06f) j       pc - 0x8
core   0: 3 0x8000b380 (0xff9ff06f)
core   0: 0x8000b378 (0x00002f17) auipc   t5, 0x2
core   0: 3 0x8000b378 (0x00002f17) x30 0x8000d378
core   0: 0x8000b37c (0xc83f2423) sw      gp, -888(t5)
core   0: 3 0x8000b37c (0xc83f2423) mem 0x8000d000 0x00000001
core   0: 0x8000b380 (0xff9ff06f) j       pc - 0x8
core   0: 3 0x8000b380 (0xff9ff06f)
core   0: 0x8000b378 (0x00002f17) auipc   t5, 0x2
core   0: 3 0x8000b378 (0x00002f17) x30 0x8000d378
core   0: 0x8000b37c (0xc83f2423) sw      gp, -888(t5)
core   0: 3 0x8000b37c (0xc83f2423) mem 0x8000d000 0x00000001
core   0: 0x8000b380 (0xff9ff06f) j       pc - 0x8
core   0: 3 0x8000b380 (0xff9ff06f)
core   0: 0x8000b378 (0x00002f17) auipc   t5, 0x2
core   0: 3 0x8000b378 (0x00002f17) x30 0x8000d378
core   0: 0x8000b37c (0xc83f2423) sw      gp, -888(t5)
core   0: 3 0x8000b37c (0xc83f2423) mem 0x8000d000 0x00000001
core   0: 0x8000b380 (0xff9ff06f) j       pc - 0x8
core   0: 3 0x8000b380 (0xff9ff06f)
core   0: 0x8000b378 (0x00002f17) auipc   t5, 0x2
core   0: 3 0x8000b378 (0x00002f17) x30 0x8000d378
core   0: 0x8000b37c (0xc83f2423) sw      gp, -888(t5)
core   0: 3 0x8000b37c (0xc83f2423) mem 0x8000d000 0x00000001
core   0: 0x8000b380 (0xff9ff06f) j       pc - 0x8
core   0: 3 0x8000b380 (0xff9ff06f)
core   0: 0x8000b378 (0x00002f17) auipc   t5, 0x2
core   0: 3 0x8000b378 (0x00002f17) x30 0x8000d378
core   0: 0x8000b37c (0xc83f2423) sw      gp, -888(t5)
core   0: 3 0x8000b37c (0xc83f2423) mem 0x8000d000 0x00000001
core   0: 0x8000b380 (0xff9ff06f) j       pc - 0x8
core   0: 3 0x8000b380 (0xff9ff06f)
core   0: 0x8000b378 (0x00002f17) auipc   t5, 0x2
core   0: 3 0x8000b378 (0x00002f17) x30 0x8000d378
core   0: 0x8000b37c (0xc83f2423) sw      gp, -888(t5)
core   0: 3 0x8000b37c (0xc83f2423) mem 0x8000d000 0x00000001
core   0: 0x8000b380 (0xff9ff06f) j       pc - 0x8
core   0: 3 0x8000b380 (0xff9ff06f)
core   0: 0x8000b378 (0x00002f17) auipc   t5, 0x2
core   0: 3 0x8000b378 (0x00002f17) x30 0x8000d378
core   0: 0x8000b37c (0xc83f2423) sw      gp, -888(t5)
core   0: 3 0x8000b37c (0xc83f2423) mem 0x8000d000 0x00000001
core   0: 0x8000b380 (0xff9ff06f) j       pc - 0x8
core   0: 3 0x8000b380 (0xff9ff06f)
core   0: 0x8000b378 (0x00002f17) auipc   t5, 0x2
core   0: 3 0x8000b378 (0x00002f17) x30 0x8000d378
core   0: 0x8000b37c (0xc83f2423) sw      gp, -888(t5)
core   0: 3 0x8000b37c (0xc83f2423) mem 0x8000d000 0x00000001
core   0: 0x8000b380 (0xff9ff06f) j       pc - 0x8
core   0: 3 0x8000b380 (0xff9ff06f)
core   0: 0x8000b378 (0x00002f17) auipc   t5, 0x2
core   0: 3 0x8000b378 (0x00002f17) x30 0x8000d378
core   0: 0x8000b37c (0xc83f2423) sw      gp, -888(t5)
core   0: 3 0x8000b37c (0xc83f2423) mem 0x8000d000 0x00000001
core   0: 0x8000b380 (0xff9ff06f) j       pc - 0x8
core   0: 3 0x8000b380 (0xff9ff06f)
core   0: 0x8000b378 (0x00002f17) auipc   t5, 0x2
core   0: 3 0x8000b378 (0x00002f17) x30 0x8000d378
core   0: 0x8000b37c (0xc83f2423) sw      gp, -888(t5)
core   0: 3 0x8000b37c (0xc83f2423) mem 0x8000d000 0x00000001
core   0: 0x8000b380 (0xff9ff06f) j       pc - 0x8
core   0: 3 0x8000b380 (0xff9ff06f)
core   0: 0x8000b378 (0x00002f17) auipc   t5, 0x2
core   0: 3 0x8000b378 (0x00002f17) x30 0x8000d378
core   0: 0x8000b37c (0xc83f2423) sw      gp, -888(t5)
core   0: 3 0x8000b37c (0xc83f2423) mem 0x8000d000 0x00000001
core   0: 0x8000b380 (0xff9ff06f) j       pc - 0x8
core   0: 3 0x8000b380 (0xff9ff06f)
core   0: 0x8000b378 (0x00002f17) auipc   t5, 0x2
core   0: 3 0x8000b378 (0x00002f17) x30 0x8000d378
core   0: 0x8000b37c (0xc83f2423) sw      gp, -888(t5)
core   0: 3 0x8000b37c (0xc83f2423) mem 0x8000d000 0x00000001
core   0: 0x8000b380 (0xff9ff06f) j       pc - 0x8
core   0: 3 0x8000b380 (0xff9ff06f)
core   0: 0x8000b378 (0x00002f17) auipc   t5, 0x2
core   0: 3 0x8000b378 (0x00002f17) x30 0x8000d378
core   0: 0x8000b37c (0xc83f2423) sw      gp, -888(t5)
core   0: 3 0x8000b37c (0xc83f2423) mem 0x8000d000 0x00000001
core   0: 0x8000b380 (0xff9ff06f) j       pc - 0x8
core   0: 3 0x8000b380 (0xff9ff06f)
core   0: 0x8000b378 (0x00002f17) auipc   t5, 0x2
core   0: 3 0x8000b378 (0x00002f17) x30 0x8000d378
core   0: 0x8000b37c (0xc83f2423) sw      gp, -888(t5)
core   0: 3 0x8000b37c (0xc83f2423) mem 0x8000d000 0x00000001
core   0: 0x8000b380 (0xff9ff06f) j       pc - 0x8
core   0: 3 0x8000b380 (0xff9ff06f)
core   0: 0x8000b378 (0x00002f17) auipc   t5, 0x2
core   0: 3 0x8000b378 (0x00002f17) x30 0x8000d378
core   0: 0x8000b37c (0xc83f2423) sw      gp, -888(t5)
core   0: 3 0x8000b37c (0xc83f2423) mem 0x8000d000 0x00000001
core   0: 0x8000b380 (0xff9ff06f) j       pc - 0x8
core   0: 3 0x8000b380 (0xff9ff06f)
core   0: 0x8000b378 (0x00002f17) auipc   t5, 0x2
core   0: 3 0x8000b378 (0x00002f17) x30 0x8000d378
core   0: 0x8000b37c (0xc83f2423) sw      gp, -888(t5)
core   0: 3 0x8000b37c (0xc83f2423) mem 0x8000d000 0x00000001
core   0: 0x8000b380 (0xff9ff06f) j       pc - 0x8
core   0: 3 0x8000b380 (0xff9ff06f)
core   0: 0x8000b378 (0x00002f17) auipc   t5, 0x2
core   0: 3 0x8000b378 (0x00002f17) x30 0x8000d378
core   0: 0x8000b37c (0xc83f2423) sw      gp, -888(t5)
core   0: 3 0x8000b37c (0xc83f2423) mem 0x8000d000 0x00000001
core   0: 0x8000b380 (0xff9ff06f) j       pc - 0x8
core   0: 3 0x8000b380 (0xff9ff06f)
core   0: 0x8000b378 (0x00002f17) auipc   t5, 0x2
core   0: 3 0x8000b378 (0x00002f17) x30 0x8000d378
core   0: 0x8000b37c (0xc83f2423) sw      gp, -888(t5)
core   0: 3 0x8000b37c (0xc83f2423) mem 0x8000d000 0x00000001
core   0: 0x8000b380 (0xff9ff06f) j       pc - 0x8
core   0: 3 0x8000b380 (0xff9ff06f)
core   0: 0x8000b378 (0x00002f17) auipc   t5, 0x2
core   0: 3 0x8000b378 (0x00002f17) x30 0x8000d378
core   0: 0x8000b37c (0xc83f2423) sw      gp, -888(t5)
core   0: 3 0x8000b37c (0xc83f2423) mem 0x8000d000 0x00000001
core   0: 0x8000b380 (0xff9ff06f) j       pc - 0x8
core   0: 3 0x8000b380 (0xff9ff06f)
core   0: 0x8000b378 (0x00002f17) auipc   t5, 0x2
core   0: 3 0x8000b378 (0x00002f17) x30 0x8000d378
core   0: 0x8000b37c (0xc83f2423) sw      gp, -888(t5)
core   0: 3 0x8000b37c (0xc83f2423) mem 0x8000d000 0x00000001
core   0: 0x8000b380 (0xff9ff06f) j       pc - 0x8
core   0: 3 0x8000b380 (0xff9ff06f)
core   0: 0x8000b378 (0x00002f17) auipc   t5, 0x2
core   0: 3 0x8000b378 (0x00002f17) x30 0x8000d378
core   0: 0x8000b37c (0xc83f2423) sw      gp, -888(t5)
core   0: 3 0x8000b37c (0xc83f2423) mem 0x8000d000 0x00000001
core   0: 0x8000b380 (0xff9ff06f) j       pc - 0x8
core   0: 3 0x8000b380 (0xff9ff06f)
core   0: 0x8000b378 (0x00002f17) auipc   t5, 0x2
core   0: 3 0x8000b378 (0x00002f17) x30 0x8000d378
core   0: 0x8000b37c (0xc83f2423) sw      gp, -888(t5)
core   0: 3 0x8000b37c (0xc83f2423) mem 0x8000d000 0x00000001
core   0: 0x8000b380 (0xff9ff06f) j       pc - 0x8
core   0: 3 0x8000b380 (0xff9ff06f)
core   0: 0x8000b378 (0x00002f17) auipc   t5, 0x2
core   0: 3 0x8000b378 (0x00002f17) x30 0x8000d378
core   0: 0x8000b37c (0xc83f2423) sw      gp, -888(t5)
core   0: 3 0x8000b37c (0xc83f2423) mem 0x8000d000 0x00000001
core   0: 0x8000b380 (0xff9ff06f) j       pc - 0x8
core   0: 3 0x8000b380 (0xff9ff06f)
core   0: 0x8000b378 (0x00002f17) auipc   t5, 0x2
core   0: 3 0x8000b378 (0x00002f17) x30 0x8000d378
core   0: 0x8000b37c (0xc83f2423) sw      gp, -888(t5)
core   0: 3 0x8000b37c (0xc83f2423) mem 0x8000d000 0x00000001
core   0: 0x8000b380 (0xff9ff06f) j       pc - 0x8
core   0: 3 0x8000b380 (0xff9ff06f)
core   0: 0x8000b378 (0x00002f17) auipc   t5, 0x2
core   0: 3 0x8000b378 (0x00002f17) x30 0x8000d378
core   0: 0x8000b37c (0xc83f2423) sw      gp, -888(t5)
core   0: 3 0x8000b37c (0xc83f2423) mem 0x8000d000 0x00000001
core   0: 0x8000b380 (0xff9ff06f) j       pc - 0x8
core   0: 3 0x8000b380 (0xff9ff06f)
core   0: 0x8000b378 (0x00002f17) auipc   t5, 0x2
core   0: 3 0x8000b378 (0x00002f17) x30 0x8000d378
core   0: 0x8000b37c (0xc83f2423) sw      gp, -888(t5)
core   0: 3 0x8000b37c (0xc83f2423) mem 0x8000d000 0x00000001
core   0: 0x8000b380 (0xff9ff06f) j       pc - 0x8
core   0: 3 0x8000b380 (0xff9ff06f)
core   0: 0x8000b378 (0x00002f17) auipc   t5, 0x2
core   0: 3 0x8000b378 (0x00002f17) x30 0x8000d378
core   0: 0x8000b37c (0xc83f2423) sw      gp, -888(t5)
core   0: 3 0x8000b37c (0xc83f2423) mem 0x8000d000 0x00000001
core   0: 0x8000b380 (0xff9ff06f) j       pc - 0x8
core   0: 3 0x8000b380 (0xff9ff06f)
core   0: 0x8000b378 (0x00002f17) auipc   t5, 0x2
core   0: 3 0x8000b378 (0x00002f17) x30 0x8000d378
core   0: 0x8000b37c (0xc83f2423) sw      gp, -888(t5)
core   0: 3 0x8000b37c (0xc83f2423) mem 0x8000d000 0x00000001
core   0: 0x8000b380 (0xff9ff06f) j       pc - 0x8
core   0: 3 0x8000b380 (0xff9ff06f)
core   0: 0x8000b378 (0x00002f17) auipc   t5, 0x2
core   0: 3 0x8000b378 (0x00002f17) x30 0x8000d378
core   0: 0x8000b37c (0xc83f2423) sw      gp, -888(t5)
core   0: 3 0x8000b37c (0xc83f2423) mem 0x8000d000 0x00000001
core   0: 0x8000b380 (0xff9ff06f) j       pc - 0x8
core   0: 3 0x8000b380 (0xff9ff06f)
core   0: 0x8000b378 (0x00002f17) auipc   t5, 0x2
core   0: 3 0x8000b378 (0x00002f17) x30 0x8000d378
core   0: 0x8000b37c (0xc83f2423) sw      gp, -888(t5)
core   0: 3 0x8000b37c (0xc83f2423) mem 0x8000d000 0x00000001
core   0: 0x8000b380 (0xff9ff06f) j       pc - 0x8
core   0: 3 0x8000b380 (0xff9ff06f)
core   0: 0x8000b378 (0x00002f17) auipc   t5, 0x2
core   0: 3 0x8000b378 (0x00002f17) x30 0x8000d378
core   0: 0x8000b37c (0xc83f2423) sw      gp, -888(t5)
core   0: 3 0x8000b37c (0xc83f2423) mem 0x8000d000 0x00000001
core   0: 0x8000b380 (0xff9ff06f) j       pc - 0x8
core   0: 3 0x8000b380 (0xff9ff06f)
core   0: 0x8000b378 (0x00002f17) auipc   t5, 0x2
core   0: 3 0x8000b378 (0x00002f17) x30 0x8000d378
core   0: 0x8000b37c (0xc83f2423) sw      gp, -888(t5)
core   0: 3 0x8000b37c (0xc83f2423) mem 0x8000d000 0x00000001
core   0: 0x8000b380 (0xff9ff06f) j       pc - 0x8
core   0: 3 0x8000b380 (0xff9ff06f)
core   0: 0x8000b378 (0x00002f17) auipc   t5, 0x2
core   0: 3 0x8000b378 (0x00002f17) x30 0x8000d378
core   0: 0x8000b37c (0xc83f2423) sw      gp, -888(t5)
core   0: 3 0x8000b37c (0xc83f2423) mem 0x8000d000 0x00000001
core   0: 0x8000b380 (0xff9ff06f) j       pc - 0x8
core   0: 3 0x8000b380 (0xff9ff06f)
core   0: 0x8000b378 (0x00002f17) auipc   t5, 0x2
core   0: 3 0x8000b378 (0x00002f17) x30 0x8000d378
core   0: 0x8000b37c (0xc83f2423) sw      gp, -888(t5)
core   0: 3 0x8000b37c (0xc83f2423) mem 0x8000d000 0x00000001
core   0: 0x8000b380 (0xff9ff06f) j       pc - 0x8
core   0: 3 0x8000b380 (0xff9ff06f)
core   0: 0x8000b378 (0x00002f17) auipc   t5, 0x2
core   0: 3 0x8000b378 (0x00002f17) x30 0x8000d378
core   0: 0x8000b37c (0xc83f2423) sw      gp, -888(t5)
core   0: 3 0x8000b37c (0xc83f2423) mem 0x8000d000 0x00000001
core   0: 0x8000b380 (0xff9ff06f) j       pc - 0x8
core   0: 3 0x8000b380 (0xff9ff06f)
core   0: 0x8000b378 (0x00002f17) auipc   t5, 0x2
core   0: 3 0x8000b378 (0x00002f17) x30 0x8000d378
core   0: 0x8000b37c (0xc83f2423) sw      gp, -888(t5)
core   0: 3 0x8000b37c (0xc83f2423) mem 0x8000d000 0x00000001
core   0: 0x8000b380 (0xff9ff06f) j       pc - 0x8
core   0: 3 0x8000b380 (0xff9ff06f)
core   0: 0x8000b378 (0x00002f17) auipc   t5, 0x2
core   0: 3 0x8000b378 (0x00002f17) x30 0x8000d378
core   0: 0x8000b37c (0xc83f2423) sw      gp, -888(t5)
core   0: 3 0x8000b37c (0xc83f2423) mem 0x8000d000 0x00000001
core   0: 0x8000b380 (0xff9ff06f) j       pc - 0x8
core   0: 3 0x8000b380 (0xff9ff06f)
core   0: 0x8000b378 (0x00002f17) auipc   t5, 0x2
core   0: 3 0x8000b378 (0x00002f17) x30 0x8000d378
core   0: 0x8000b37c (0xc83f2423) sw      gp, -888(t5)
core   0: 3 0x8000b37c (0xc83f2423) mem 0x8000d000 0x00000001
core   0: 0x8000b380 (0xff9ff06f) j       pc - 0x8
core   0: 3 0x8000b380 (0xff9ff06f)
core   0: 0x8000b378 (0x00002f17) auipc   t5, 0x2
core   0: 3 0x8000b378 (0x00002f17) x30 0x8000d378
core   0: 0x8000b37c (0xc83f2423) sw      gp, -888(t5)
core   0: 3 0x8000b37c (0xc83f2423) mem 0x8000d000 0x00000001
core   0: 0x8000b380 (0xff9ff06f) j       pc - 0x8
core   0: 3 0x8000b380 (0xff9ff06f)
core   0: 0x8000b378 (0x00002f17) auipc   t5, 0x2
core   0: 3 0x8000b378 (0x00002f17) x30 0x8000d378
core   0: 0x8000b37c (0xc83f2423) sw      gp, -888(t5)
core   0: 3 0x8000b37c (0xc83f2423) mem 0x8000d000 0x00000001
core   0: 0x8000b380 (0xff9ff06f) j       pc - 0x8
core   0: 3 0x8000b380 (0xff9ff06f)
core   0: 0x8000b378 (0x00002f17) auipc   t5, 0x2
core   0: 3 0x8000b378 (0x00002f17) x30 0x8000d378
core   0: 0x8000b37c (0xc83f2423) sw      gp, -888(t5)
core   0: 3 0x8000b37c (0xc83f2423) mem 0x8000d000 0x00000001
core   0: 0x8000b380 (0xff9ff06f) j       pc - 0x8
core   0: 3 0x8000b380 (0xff9ff06f)
core   0: 0x8000b378 (0x00002f17) auipc   t5, 0x2
core   0: 3 0x8000b378 (0x00002f17) x30 0x8000d378
core   0: 0x8000b37c (0xc83f2423) sw      gp, -888(t5)
core   0: 3 0x8000b37c (0xc83f2423) mem 0x8000d000 0x00000001
core   0: 0x8000b380 (0xff9ff06f) j       pc - 0x8
core   0: 3 0x8000b380 (0xff9ff06f)
core   0: 0x8000b378 (0x00002f17) auipc   t5, 0x2
core   0: 3 0x8000b378 (0x00002f17) x30 0x8000d378
core   0: 0x8000b37c (0xc83f2423) sw      gp, -888(t5)
core   0: 3 0x8000b37c (0xc83f2423) mem 0x8000d000 0x00000001
core   0: 0x8000b380 (0xff9ff06f) j       pc - 0x8
core   0: 3 0x8000b380 (0xff9ff06f)
core   0: 0x8000b378 (0x00002f17) auipc   t5, 0x2
core   0: 3 0x8000b378 (0x00002f17) x30 0x8000d378
core   0: 0x8000b37c (0xc83f2423) sw      gp, -888(t5)
core   0: 3 0x8000b37c (0xc83f2423) mem 0x8000d000 0x00000001
core   0: 0x8000b380 (0xff9ff06f) j       pc - 0x8
core   0: 3 0x8000b380 (0xff9ff06f)
core   0: 0x8000b378 (0x00002f17) auipc   t5, 0x2
core   0: 3 0x8000b378 (0x00002f17) x30 0x8000d378
core   0: 0x8000b37c (0xc83f2423) sw      gp, -888(t5)
core   0: 3 0x8000b37c (0xc83f2423) mem 0x8000d000 0x00000001
core   0: 0x8000b380 (0xff9ff06f) j       pc - 0x8
core   0: 3 0x8000b380 (0xff9ff06f)
core   0: 0x8000b378 (0x00002f17) auipc   t5, 0x2
core   0: 3 0x8000b378 (0x00002f17) x30 0x8000d378
core   0: 0x8000b37c (0xc83f2423) sw      gp, -888(t5)
core   0: 3 0x8000b37c (0xc83f2423) mem 0x8000d000 0x00000001
core   0: 0x8000b380 (0xff9ff06f) j       pc - 0x8
core   0: 3 0x8000b380 (0xff9ff06f)
core   0: 0x8000b378 (0x00002f17) auipc   t5, 0x2
core   0: 3 0x8000b378 (0x00002f17) x30 0x8000d378
core   0: 0x8000b37c (0xc83f2423) sw      gp, -888(t5)
core   0: 3 0x8000b37c (0xc83f2423) mem 0x8000d000 0x00000001
core   0: 0x8000b380 (0xff9ff06f) j       pc - 0x8
core   0: 3 0x8000b380 (0xff9ff06f)
core   0: 0x8000b378 (0x00002f17) auipc   t5, 0x2
core   0: 3 0x8000b378 (0x00002f17) x30 0x8000d378
core   0: 0x8000b37c (0xc83f2423) sw      gp, -888(t5)
core   0: 3 0x8000b37c (0xc83f2423) mem 0x8000d000 0x00000001
core   0: 0x8000b380 (0xff9ff06f) j       pc - 0x8
core   0: 3 0x8000b380 (0xff9ff06f)
core   0: 0x8000b378 (0x00002f17) auipc   t5, 0x2
core   0: 3 0x8000b378 (0x00002f17) x30 0x8000d378
core   0: 0x8000b37c (0xc83f2423) sw      gp, -888(t5)
core   0: 3 0x8000b37c (0xc83f2423) mem 0x8000d000 0x00000001
core   0: 0x8000b380 (0xff9ff06f) j       pc - 0x8
core   0: 3 0x8000b380 (0xff9ff06f)
core   0: 0x8000b378 (0x00002f17) auipc   t5, 0x2
core   0: 3 0x8000b378 (0x00002f17) x30 0x8000d378
core   0: 0x8000b37c (0xc83f2423) sw      gp, -888(t5)
core   0: 3 0x8000b37c (0xc83f2423) mem 0x8000d000 0x00000001
core   0: 0x8000b380 (0xff9ff06f) j       pc - 0x8
core   0: 3 0x8000b380 (0xff9ff06f)
core   0: 0x8000b378 (0x00002f17) auipc   t5, 0x2
core   0: 3 0x8000b378 (0x00002f17) x30 0x8000d378
core   0: 0x8000b37c (0xc83f2423) sw      gp, -888(t5)
core   0: 3 0x8000b37c (0xc83f2423) mem 0x8000d000 0x00000001
core   0: 0x8000b380 (0xff9ff06f) j       pc - 0x8
core   0: 3 0x8000b380 (0xff9ff06f)
core   0: 0x8000b378 (0x00002f17) auipc   t5, 0x2
core   0: 3 0x8000b378 (0x00002f17) x30 0x8000d378
core   0: 0x8000b37c (0xc83f2423) sw      gp, -888(t5)
core   0: 3 0x8000b37c (0xc83f2423) mem 0x8000d000 0x00000001
core   0: 0x8000b380 (0xff9ff06f) j       pc - 0x8
core   0: 3 0x8000b380 (0xff9ff06f)
core   0: 0x8000b378 (0x00002f17) auipc   t5, 0x2
core   0: 3 0x8000b378 (0x00002f17) x30 0x8000d378
core   0: 0x8000b37c (0xc83f2423) sw      gp, -888(t5)
core   0: 3 0x8000b37c (0xc83f2423) mem 0x8000d000 0x00000001
core   0: 0x8000b380 (0xff9ff06f) j       pc - 0x8
core   0: 3 0x8000b380 (0xff9ff06f)
core   0: 0x8000b378 (0x00002f17) auipc   t5, 0x2
core   0: 3 0x8000b378 (0x00002f17) x30 0x8000d378
core   0: 0x8000b37c (0xc83f2423) sw      gp, -888(t5)
core   0: 3 0x8000b37c (0xc83f2423) mem 0x8000d000 0x00000001
core   0: 0x8000b380 (0xff9ff06f) j       pc - 0x8
core   0: 3 0x8000b380 (0xff9ff06f)
core   0: 0x8000b378 (0x00002f17) auipc   t5, 0x2
core   0: 3 0x8000b378 (0x00002f17) x30 0x8000d378
core   0: 0x8000b37c (0xc83f2423) sw      gp, -888(t5)
core   0: 3 0x8000b37c (0xc83f2423) mem 0x8000d000 0x00000001
core   0: 0x8000b380 (0xff9ff06f) j       pc - 0x8
core   0: 3 0x8000b380 (0xff9ff06f)
core   0: 0x8000b378 (0x00002f17) auipc   t5, 0x2
core   0: 3 0x8000b378 (0x00002f17) x30 0x8000d378
core   0: 0x8000b37c (0xc83f2423) sw      gp, -888(t5)
core   0: 3 0x8000b37c (0xc83f2423) mem 0x8000d000 0x00000001
core   0: 0x8000b380 (0xff9ff06f) j       pc - 0x8
core   0: 3 0x8000b380 (0xff9ff06f)
core   0: 0x8000b378 (0x00002f17) auipc   t5, 0x2
core   0: 3 0x8000b378 (0x00002f17) x30 0x8000d378
core   0: 0x8000b37c (0xc83f2423) sw      gp, -888(t5)
core   0: 3 0x8000b37c (0xc83f2423) mem 0x8000d000 0x00000001
core   0: 0x8000b380 (0xff9ff06f) j       pc - 0x8
core   0: 3 0x8000b380 (0xff9ff06f)
core   0: 0x8000b378 (0x00002f17) auipc   t5, 0x2
core   0: 3 0x8000b378 (0x00002f17) x30 0x8000d378
core   0: 0x8000b37c (0xc83f2423) sw      gp, -888(t5)
core   0: 3 0x8000b37c (0xc83f2423) mem 0x8000d000 0x00000001
core   0: 0x8000b380 (0xff9ff06f) j       pc - 0x8
core   0: 3 0x8000b380 (0xff9ff06f)
core   0: 0x8000b378 (0x00002f17) auipc   t5, 0x2
core   0: 3 0x8000b378 (0x00002f17) x30 0x8000d378
core   0: 0x8000b37c (0xc83f2423) sw      gp, -888(t5)
core   0: 3 0x8000b37c (0xc83f2423) mem 0x8000d000 0x00000001
core   0: 0x8000b380 (0xff9ff06f) j       pc - 0x8
core   0: 3 0x8000b380 (0xff9ff06f)
core   0: 0x8000b378 (0x00002f17) auipc   t5, 0x2
core   0: 3 0x8000b378 (0x00002f17) x30 0x8000d378
core   0: 0x8000b37c (0xc83f2423) sw      gp, -888(t5)
core   0: 3 0x8000b37c (0xc83f2423) mem 0x8000d000 0x00000001
core   0: 0x8000b380 (0xff9ff06f) j       pc - 0x8
core   0: 3 0x8000b380 (0xff9ff06f)
core   0: 0x8000b378 (0x00002f17) auipc   t5, 0x2
core   0: 3 0x8000b378 (0x00002f17) x30 0x8000d378
core   0: 0x8000b37c (0xc83f2423) sw      gp, -888(t5)
core   0: 3 0x8000b37c (0xc83f2423) mem 0x8000d000 0x00000001
core   0: 0x8000b380 (0xff9ff06f) j       pc - 0x8
core   0: 3 0x8000b380 (0xff9ff06f)
core   0: 0x8000b378 (0x00002f17) auipc   t5, 0x2
core   0: 3 0x8000b378 (0x00002f17) x30 0x8000d378
core   0: 0x8000b37c (0xc83f2423) sw      gp, -888(t5)
core   0: 3 0x8000b37c (0xc83f2423) mem 0x8000d000 0x00000001
core   0: 0x8000b380 (0xff9ff06f) j       pc - 0x8
core   0: 3 0x8000b380 (0xff9ff06f)
core   0: 0x8000b378 (0x00002f17) auipc   t5, 0x2
core   0: 3 0x8000b378 (0x00002f17) x30 0x8000d378
core   0: 0x8000b37c (0xc83f2423) sw      gp, -888(t5)
core   0: 3 0x8000b37c (0xc83f2423) mem 0x8000d000 0x00000001
core   0: 0x8000b380 (0xff9ff06f) j       pc - 0x8
core   0: 3 0x8000b380 (0xff9ff06f)
core   0: 0x8000b378 (0x00002f17) auipc   t5, 0x2
core   0: 3 0x8000b378 (0x00002f17) x30 0x8000d378
core   0: 0x8000b37c (0xc83f2423) sw      gp, -888(t5)
core   0: 3 0x8000b37c (0xc83f2423) mem 0x8000d000 0x00000001
core   0: 0x8000b380 (0xff9ff06f) j       pc - 0x8
core   0: 3 0x8000b380 (0xff9ff06f)
core   0: 0x8000b378 (0x00002f17) auipc   t5, 0x2
core   0: 3 0x8000b378 (0x00002f17) x30 0x8000d378
core   0: 0x8000b37c (0xc83f2423) sw      gp, -888(t5)
core   0: 3 0x8000b37c (0xc83f2423) mem 0x8000d000 0x00000001
core   0: 0x8000b380 (0xff9ff06f) j       pc - 0x8
core   0: 3 0x8000b380 (0xff9ff06f)
core   0: 0x8000b378 (0x00002f17) auipc   t5, 0x2
core   0: 3 0x8000b378 (0x00002f17) x30 0x8000d378
core   0: 0x8000b37c (0xc83f2423) sw      gp, -888(t5)
core   0: 3 0x8000b37c (0xc83f2423) mem 0x8000d000 0x00000001
core   0: 0x8000b380 (0xff9ff06f) j       pc - 0x8
core   0: 3 0x8000b380 (0xff9ff06f)
core   0: 0x8000b378 (0x00002f17) auipc   t5, 0x2
core   0: 3 0x8000b378 (0x00002f17) x30 0x8000d378
core   0: 0x8000b37c (0xc83f2423) sw      gp, -888(t5)
core   0: 3 0x8000b37c (0xc83f2423) mem 0x8000d000 0x00000001
core   0: 0x8000b380 (0xff9ff06f) j       pc - 0x8
core   0: 3 0x8000b380 (0xff9ff06f)
core   0: 0x8000b378 (0x00002f17) auipc   t5, 0x2
core   0: 3 0x8000b378 (0x00002f17) x30 0x8000d378
core   0: 0x8000b37c (0xc83f2423) sw      gp, -888(t5)
core   0: 3 0x8000b37c (0xc83f2423) mem 0x8000d000 0x00000001
core   0: 0x8000b380 (0xff9ff06f) j       pc - 0x8
core   0: 3 0x8000b380 (0xff9ff06f)
core   0: 0x8000b378 (0x00002f17) auipc   t5, 0x2
core   0: 3 0x8000b378 (0x00002f17) x30 0x8000d378
core   0: 0x8000b37c (0xc83f2423) sw      gp, -888(t5)
core   0: 3 0x8000b37c (0xc83f2423) mem 0x8000d000 0x00000001
core   0: 0x8000b380 (0xff9ff06f) j       pc - 0x8
core   0: 3 0x8000b380 (0xff9ff06f)
core   0: 0x8000b378 (0x00002f17) auipc   t5, 0x2
core   0: 3 0x8000b378 (0x00002f17) x30 0x8000d378
core   0: 0x8000b37c (0xc83f2423) sw      gp, -888(t5)
core   0: 3 0x8000b37c (0xc83f2423) mem 0x8000d000 0x00000001
core   0: 0x8000b380 (0xff9ff06f) j       pc - 0x8
core   0: 3 0x8000b380 (0xff9ff06f)
core   0: 0x8000b378 (0x00002f17) auipc   t5, 0x2
core   0: 3 0x8000b378 (0x00002f17) x30 0x8000d378
core   0: 0x8000b37c (0xc83f2423) sw      gp, -888(t5)
core   0: 3 0x8000b37c (0xc83f2423) mem 0x8000d000 0x00000001
core   0: 0x8000b380 (0xff9ff06f) j       pc - 0x8
core   0: 3 0x8000b380 (0xff9ff06f)
core   0: 0x8000b378 (0x00002f17) auipc   t5, 0x2
core   0: 3 0x8000b378 (0x00002f17) x30 0x8000d378
core   0: 0x8000b37c (0xc83f2423) sw      gp, -888(t5)
core   0: 3 0x8000b37c (0xc83f2423) mem 0x8000d000 0x00000001
core   0: 0x8000b380 (0xff9ff06f) j       pc - 0x8
core   0: 3 0x8000b380 (0xff9ff06f)
core   0: 0x8000b378 (0x00002f17) auipc   t5, 0x2
core   0: 3 0x8000b378 (0x00002f17) x30 0x8000d378
core   0: 0x8000b37c (0xc83f2423) sw      gp, -888(t5)
core   0: 3 0x8000b37c (0xc83f2423) mem 0x8000d000 0x00000001
core   0: 0x8000b380 (0xff9ff06f) j       pc - 0x8
core   0: 3 0x8000b380 (0xff9ff06f)
core   0: 0x8000b378 (0x00002f17) auipc   t5, 0x2
core   0: 3 0x8000b378 (0x00002f17) x30 0x8000d378
core   0: 0x8000b37c (0xc83f2423) sw      gp, -888(t5)
core   0: 3 0x8000b37c (0xc83f2423) mem 0x8000d000 0x00000001
core   0: 0x8000b380 (0xff9ff06f) j       pc - 0x8
core   0: 3 0x8000b380 (0xff9ff06f)
core   0: 0x8000b378 (0x00002f17) auipc   t5, 0x2
core   0: 3 0x8000b378 (0x00002f17) x30 0x8000d378
core   0: 0x8000b37c (0xc83f2423) sw      gp, -888(t5)
core   0: 3 0x8000b37c (0xc83f2423) mem 0x8000d000 0x00000001
core   0: 0x8000b380 (0xff9ff06f) j       pc - 0x8
core   0: 3 0x8000b380 (0xff9ff06f)
core   0: 0x8000b378 (0x00002f17) auipc   t5, 0x2
core   0: 3 0x8000b378 (0x00002f17) x30 0x8000d378
core   0: 0x8000b37c (0xc83f2423) sw      gp, -888(t5)
core   0: 3 0x8000b37c (0xc83f2423) mem 0x8000d000 0x00000001
core   0: 0x8000b380 (0xff9ff06f) j       pc - 0x8
core   0: 3 0x8000b380 (0xff9ff06f)
core   0: 0x8000b378 (0x00002f17) auipc   t5, 0x2
core   0: 3 0x8000b378 (0x00002f17) x30 0x8000d378
core   0: 0x8000b37c (0xc83f2423) sw      gp, -888(t5)
core   0: 3 0x8000b37c (0xc83f2423) mem 0x8000d000 0x00000001
core   0: 0x8000b380 (0xff9ff06f) j       pc - 0x8
core   0: 3 0x8000b380 (0xff9ff06f)
core   0: 0x8000b378 (0x00002f17) auipc   t5, 0x2
core   0: 3 0x8000b378 (0x00002f17) x30 0x8000d378
core   0: 0x8000b37c (0xc83f2423) sw      gp, -888(t5)
core   0: 3 0x8000b37c (0xc83f2423) mem 0x8000d000 0x00000001
core   0: 0x8000b380 (0xff9ff06f) j       pc - 0x8
core   0: 3 0x8000b380 (0xff9ff06f)
core   0: 0x8000b378 (0x00002f17) auipc   t5, 0x2
core   0: 3 0x8000b378 (0x00002f17) x30 0x8000d378
core   0: 0x8000b37c (0xc83f2423) sw      gp, -888(t5)
core   0: 3 0x8000b37c (0xc83f2423) mem 0x8000d000 0x00000001
core   0: 0x8000b380 (0xff9ff06f) j       pc - 0x8
core   0: 3 0x8000b380 (0xff9ff06f)
core   0: 0x8000b378 (0x00002f17) auipc   t5, 0x2
core   0: 3 0x8000b378 (0x00002f17) x30 0x8000d378
core   0: 0x8000b37c (0xc83f2423) sw      gp, -888(t5)
core   0: 3 0x8000b37c (0xc83f2423) mem 0x8000d000 0x00000001
core   0: 0x8000b380 (0xff9ff06f) j       pc - 0x8
core   0: 3 0x8000b380 (0xff9ff06f)
core   0: 0x8000b378 (0x00002f17) auipc   t5, 0x2
core   0: 3 0x8000b378 (0x00002f17) x30 0x8000d378
core   0: 0x8000b37c (0xc83f2423) sw      gp, -888(t5)
core   0: 3 0x8000b37c (0xc83f2423) mem 0x8000d000 0x00000001
core   0: 0x8000b380 (0xff9ff06f) j       pc - 0x8
core   0: 3 0x8000b380 (0xff9ff06f)
core   0: 0x8000b378 (0x00002f17) auipc   t5, 0x2
core   0: 3 0x8000b378 (0x00002f17) x30 0x8000d378
core   0: 0x8000b37c (0xc83f2423) sw      gp, -888(t5)
core   0: 3 0x8000b37c (0xc83f2423) mem 0x8000d000 0x00000001
core   0: 0x8000b380 (0xff9ff06f) j       pc - 0x8
core   0: 3 0x8000b380 (0xff9ff06f)
core   0: 0x8000b378 (0x00002f17) auipc   t5, 0x2
core   0: 3 0x8000b378 (0x00002f17) x30 0x8000d378
core   0: 0x8000b37c (0xc83f2423) sw      gp, -888(t5)
core   0: 3 0x8000b37c (0xc83f2423) mem 0x8000d000 0x00000001
core   0: 0x8000b380 (0xff9ff06f) j       pc - 0x8
core   0: 3 0x8000b380 (0xff9ff06f)
core   0: 0x8000b378 (0x00002f17) auipc   t5, 0x2
core   0: 3 0x8000b378 (0x00002f17) x30 0x8000d378
core   0: 0x8000b37c (0xc83f2423) sw      gp, -888(t5)
core   0: 3 0x8000b37c (0xc83f2423) mem 0x8000d000 0x00000001
core   0: 0x8000b380 (0xff9ff06f) j       pc - 0x8
core   0: 3 0x8000b380 (0xff9ff06f)
core   0: 0x8000b378 (0x00002f17) auipc   t5, 0x2
core   0: 3 0x8000b378 (0x00002f17) x30 0x8000d378
core   0: 0x8000b37c (0xc83f2423) sw      gp, -888(t5)
core   0: 3 0x8000b37c (0xc83f2423) mem 0x8000d000 0x00000001
core   0: 0x8000b380 (0xff9ff06f) j       pc - 0x8
core   0: 3 0x8000b380 (0xff9ff06f)
core   0: 0x8000b378 (0x00002f17) auipc   t5, 0x2
core   0: 3 0x8000b378 (0x00002f17) x30 0x8000d378
core   0: 0x8000b37c (0xc83f2423) sw      gp, -888(t5)
core   0: 3 0x8000b37c (0xc83f2423) mem 0x8000d000 0x00000001
core   0: 0x8000b380 (0xff9ff06f) j       pc - 0x8
core   0: 3 0x8000b380 (0xff9ff06f)
core   0: 0x8000b378 (0x00002f17) auipc   t5, 0x2
core   0: 3 0x8000b378 (0x00002f17) x30 0x8000d378
core   0: 0x8000b37c (0xc83f2423) sw      gp, -888(t5)
core   0: 3 0x8000b37c (0xc83f2423) mem 0x8000d000 0x00000001
core   0: 0x8000b380 (0xff9ff06f) j       pc - 0x8
core   0: 3 0x8000b380 (0xff9ff06f)
core   0: 0x8000b378 (0x00002f17) auipc   t5, 0x2
core   0: 3 0x8000b378 (0x00002f17) x30 0x8000d378
core   0: 0x8000b37c (0xc83f2423) sw      gp, -888(t5)
core   0: 3 0x8000b37c (0xc83f2423) mem 0x8000d000 0x00000001
core   0: 0x8000b380 (0xff9ff06f) j       pc - 0x8
core   0: 3 0x8000b380 (0xff9ff06f)
core   0: 0x8000b378 (0x00002f17) auipc   t5, 0x2
core   0: 3 0x8000b378 (0x00002f17) x30 0x8000d378
core   0: 0x8000b37c (0xc83f2423) sw      gp, -888(t5)
core   0: 3 0x8000b37c (0xc83f2423) mem 0x8000d000 0x00000001
core   0: 0x8000b380 (0xff9ff06f) j       pc - 0x8
core   0: 3 0x8000b380 (0xff9ff06f)
core   0: 0x8000b378 (0x00002f17) auipc   t5, 0x2
core   0: 3 0x8000b378 (0x00002f17) x30 0x8000d378
core   0: 0x8000b37c (0xc83f2423) sw      gp, -888(t5)
core   0: 3 0x8000b37c (0xc83f2423) mem 0x8000d000 0x00000001
core   0: 0x8000b380 (0xff9ff06f) j       pc - 0x8
core   0: 3 0x8000b380 (0xff9ff06f)
core   0: 0x8000b378 (0x00002f17) auipc   t5, 0x2
core   0: 3 0x8000b378 (0x00002f17) x30 0x8000d378
core   0: 0x8000b37c (0xc83f2423) sw      gp, -888(t5)
core   0: 3 0x8000b37c (0xc83f2423) mem 0x8000d000 0x00000001
core   0: 0x8000b380 (0xff9ff06f) j       pc - 0x8
core   0: 3 0x8000b380 (0xff9ff06f)
core   0: 0x8000b378 (0x00002f17) auipc   t5, 0x2
core   0: 3 0x8000b378 (0x00002f17) x30 0x8000d378
core   0: 0x8000b37c (0xc83f2423) sw      gp, -888(t5)
core   0: 3 0x8000b37c (0xc83f2423) mem 0x8000d000 0x00000001
core   0: 0x8000b380 (0xff9ff06f) j       pc - 0x8
core   0: 3 0x8000b380 (0xff9ff06f)
core   0: 0x8000b378 (0x00002f17) auipc   t5, 0x2
core   0: 3 0x8000b378 (0x00002f17) x30 0x8000d378
core   0: 0x8000b37c (0xc83f2423) sw      gp, -888(t5)
core   0: 3 0x8000b37c (0xc83f2423) mem 0x8000d000 0x00000001
core   0: 0x8000b380 (0xff9ff06f) j       pc - 0x8
core   0: 3 0x8000b380 (0xff9ff06f)
core   0: 0x8000b378 (0x00002f17) auipc   t5, 0x2
core   0: 3 0x8000b378 (0x00002f17) x30 0x8000d378
core   0: 0x8000b37c (0xc83f2423) sw      gp, -888(t5)
core   0: 3 0x8000b37c (0xc83f2423) mem 0x8000d000 0x00000001
core   0: 0x8000b380 (0xff9ff06f) j       pc - 0x8
core   0: 3 0x8000b380 (0xff9ff06f)
core   0: 0x8000b378 (0x00002f17) auipc   t5, 0x2
core   0: 3 0x8000b378 (0x00002f17) x30 0x8000d378
core   0: 0x8000b37c (0xc83f2423) sw      gp, -888(t5)
core   0: 3 0x8000b37c (0xc83f2423) mem 0x8000d000 0x00000001
core   0: 0x8000b380 (0xff9ff06f) j       pc - 0x8
core   0: 3 0x8000b380 (0xff9ff06f)
core   0: 0x8000b378 (0x00002f17) auipc   t5, 0x2
core   0: 3 0x8000b378 (0x00002f17) x30 0x8000d378
core   0: 0x8000b37c (0xc83f2423) sw      gp, -888(t5)
core   0: 3 0x8000b37c (0xc83f2423) mem 0x8000d000 0x00000001
core   0: 0x8000b380 (0xff9ff06f) j       pc - 0x8
core   0: 3 0x8000b380 (0xff9ff06f)
core   0: 0x8000b378 (0x00002f17) auipc   t5, 0x2
core   0: 3 0x8000b378 (0x00002f17) x30 0x8000d378
core   0: 0x8000b37c (0xc83f2423) sw      gp, -888(t5)
core   0: 3 0x8000b37c (0xc83f2423) mem 0x8000d000 0x00000001
core   0: 0x8000b380 (0xff9ff06f) j       pc - 0x8
core   0: 3 0x8000b380 (0xff9ff06f)
core   0: 0x8000b378 (0x00002f17) auipc   t5, 0x2
core   0: 3 0x8000b378 (0x00002f17) x30 0x8000d378
core   0: 0x8000b37c (0xc83f2423) sw      gp, -888(t5)
core   0: 3 0x8000b37c (0xc83f2423) mem 0x8000d000 0x00000001
core   0: 0x8000b380 (0xff9ff06f) j       pc - 0x8
core   0: 3 0x8000b380 (0xff9ff06f)
core   0: 0x8000b378 (0x00002f17) auipc   t5, 0x2
core   0: 3 0x8000b378 (0x00002f17) x30 0x8000d378
core   0: 0x8000b37c (0xc83f2423) sw      gp, -888(t5)
core   0: 3 0x8000b37c (0xc83f2423) mem 0x8000d000 0x00000001
core   0: 0x8000b380 (0xff9ff06f) j       pc - 0x8
core   0: 3 0x8000b380 (0xff9ff06f)
core   0: 0x8000b378 (0x00002f17) auipc   t5, 0x2
core   0: 3 0x8000b378 (0x00002f17) x30 0x8000d378
core   0: 0x8000b37c (0xc83f2423) sw      gp, -888(t5)
core   0: 3 0x8000b37c (0xc83f2423) mem 0x8000d000 0x00000001
core   0: 0x8000b380 (0xff9ff06f) j       pc - 0x8
core   0: 3 0x8000b380 (0xff9ff06f)
core   0: 0x8000b378 (0x00002f17) auipc   t5, 0x2
core   0: 3 0x8000b378 (0x00002f17) x30 0x8000d378
core   0: 0x8000b37c (0xc83f2423) sw      gp, -888(t5)
core   0: 3 0x8000b37c (0xc83f2423) mem 0x8000d000 0x00000001
core   0: 0x8000b380 (0xff9ff06f) j       pc - 0x8
core   0: 3 0x8000b380 (0xff9ff06f)
core   0: 0x8000b378 (0x00002f17) auipc   t5, 0x2
core   0: 3 0x8000b378 (0x00002f17) x30 0x8000d378
core   0: 0x8000b37c (0xc83f2423) sw      gp, -888(t5)
core   0: 3 0x8000b37c (0xc83f2423) mem 0x8000d000 0x00000001
core   0: 0x8000b380 (0xff9ff06f) j       pc - 0x8
core   0: 3 0x8000b380 (0xff9ff06f)
core   0: 0x8000b378 (0x00002f17) auipc   t5, 0x2
core   0: 3 0x8000b378 (0x00002f17) x30 0x8000d378
core   0: 0x8000b37c (0xc83f2423) sw      gp, -888(t5)
core   0: 3 0x8000b37c (0xc83f2423) mem 0x8000d000 0x00000001
core   0: 0x8000b380 (0xff9ff06f) j       pc - 0x8
core   0: 3 0x8000b380 (0xff9ff06f)
core   0: 0x8000b378 (0x00002f17) auipc   t5, 0x2
core   0: 3 0x8000b378 (0x00002f17) x30 0x8000d378
core   0: 0x8000b37c (0xc83f2423) sw      gp, -888(t5)
core   0: 3 0x8000b37c (0xc83f2423) mem 0x8000d000 0x00000001
core   0: 0x8000b380 (0xff9ff06f) j       pc - 0x8
core   0: 3 0x8000b380 (0xff9ff06f)
core   0: 0x8000b378 (0x00002f17) auipc   t5, 0x2
core   0: 3 0x8000b378 (0x00002f17) x30 0x8000d378
core   0: 0x8000b37c (0xc83f2423) sw      gp, -888(t5)
core   0: 3 0x8000b37c (0xc83f2423) mem 0x8000d000 0x00000001
core   0: 0x8000b380 (0xff9ff06f) j       pc - 0x8
core   0: 3 0x8000b380 (0xff9ff06f)
core   0: 0x8000b378 (0x00002f17) auipc   t5, 0x2
core   0: 3 0x8000b378 (0x00002f17) x30 0x8000d378
core   0: 0x8000b37c (0xc83f2423) sw      gp, -888(t5)
core   0: 3 0x8000b37c (0xc83f2423) mem 0x8000d000 0x00000001
core   0: 0x8000b380 (0xff9ff06f) j       pc - 0x8
core   0: 3 0x8000b380 (0xff9ff06f)
core   0: 0x8000b378 (0x00002f17) auipc   t5, 0x2
core   0: 3 0x8000b378 (0x00002f17) x30 0x8000d378
core   0: 0x8000b37c (0xc83f2423) sw      gp, -888(t5)
core   0: 3 0x8000b37c (0xc83f2423) mem 0x8000d000 0x00000001
core   0: 0x8000b380 (0xff9ff06f) j       pc - 0x8
core   0: 3 0x8000b380 (0xff9ff06f)
core   0: 0x8000b378 (0x00002f17) auipc   t5, 0x2
core   0: 3 0x8000b378 (0x00002f17) x30 0x8000d378
core   0: 0x8000b37c (0xc83f2423) sw      gp, -888(t5)
core   0: 3 0x8000b37c (0xc83f2423) mem 0x8000d000 0x00000001
core   0: 0x8000b380 (0xff9ff06f) j       pc - 0x8
core   0: 3 0x8000b380 (0xff9ff06f)
core   0: 0x8000b378 (0x00002f17) auipc   t5, 0x2
core   0: 3 0x8000b378 (0x00002f17) x30 0x8000d378
core   0: 0x8000b37c (0xc83f2423) sw      gp, -888(t5)
core   0: 3 0x8000b37c (0xc83f2423) mem 0x8000d000 0x00000001
core   0: 0x8000b380 (0xff9ff06f) j       pc - 0x8
core   0: 3 0x8000b380 (0xff9ff06f)
core   0: 0x8000b378 (0x00002f17) auipc   t5, 0x2
core   0: 3 0x8000b378 (0x00002f17) x30 0x8000d378
core   0: 0x8000b37c (0xc83f2423) sw      gp, -888(t5)
core   0: 3 0x8000b37c (0xc83f2423) mem 0x8000d000 0x00000001
core   0: 0x8000b380 (0xff9ff06f) j       pc - 0x8
core   0: 3 0x8000b380 (0xff9ff06f)
core   0: 0x8000b378 (0x00002f17) auipc   t5, 0x2
core   0: 3 0x8000b378 (0x00002f17) x30 0x8000d378
core   0: 0x8000b37c (0xc83f2423) sw      gp, -888(t5)
core   0: 3 0x8000b37c (0xc83f2423) mem 0x8000d000 0x00000001
core   0: 0x8000b380 (0xff9ff06f) j       pc - 0x8
core   0: 3 0x8000b380 (0xff9ff06f)
core   0: 0x8000b378 (0x00002f17) auipc   t5, 0x2
core   0: 3 0x8000b378 (0x00002f17) x30 0x8000d378
core   0: 0x8000b37c (0xc83f2423) sw      gp, -888(t5)
core   0: 3 0x8000b37c (0xc83f2423) mem 0x8000d000 0x00000001
core   0: 0x8000b380 (0xff9ff06f) j       pc - 0x8
core   0: 3 0x8000b380 (0xff9ff06f)
core   0: 0x8000b378 (0x00002f17) auipc   t5, 0x2
core   0: 3 0x8000b378 (0x00002f17) x30 0x8000d378
core   0: 0x8000b37c (0xc83f2423) sw      gp, -888(t5)
core   0: 3 0x8000b37c (0xc83f2423) mem 0x8000d000 0x00000001
core   0: 0x8000b380 (0xff9ff06f) j       pc - 0x8
core   0: 3 0x8000b380 (0xff9ff06f)
core   0: 0x8000b378 (0x00002f17) auipc   t5, 0x2
core   0: 3 0x8000b378 (0x00002f17) x30 0x8000d378
core   0: 0x8000b37c (0xc83f2423) sw      gp, -888(t5)
core   0: 3 0x8000b37c (0xc83f2423) mem 0x8000d000 0x00000001
core   0: 0x8000b380 (0xff9ff06f) j       pc - 0x8
core   0: 3 0x8000b380 (0xff9ff06f)
core   0: 0x8000b378 (0x00002f17) auipc   t5, 0x2
core   0: 3 0x8000b378 (0x00002f17) x30 0x8000d378
core   0: 0x8000b37c (0xc83f2423) sw      gp, -888(t5)
core   0: 3 0x8000b37c (0xc83f2423) mem 0x8000d000 0x00000001
core   0: 0x8000b380 (0xff9ff06f) j       pc - 0x8
core   0: 3 0x8000b380 (0xff9ff06f)
core   0: 0x8000b378 (0x00002f17) auipc   t5, 0x2
core   0: 3 0x8000b378 (0x00002f17) x30 0x8000d378
core   0: 0x8000b37c (0xc83f2423) sw      gp, -888(t5)
core   0: 3 0x8000b37c (0xc83f2423) mem 0x8000d000 0x00000001
core   0: 0x8000b380 (0xff9ff06f) j       pc - 0x8
core   0: 3 0x8000b380 (0xff9ff06f)
core   0: 0x8000b378 (0x00002f17) auipc   t5, 0x2
core   0: 3 0x8000b378 (0x00002f17) x30 0x8000d378
core   0: 0x8000b37c (0xc83f2423) sw      gp, -888(t5)
core   0: 3 0x8000b37c (0xc83f2423) mem 0x8000d000 0x00000001
core   0: 0x8000b380 (0xff9ff06f) j       pc - 0x8
core   0: 3 0x8000b380 (0xff9ff06f)
core   0: 0x8000b378 (0x00002f17) auipc   t5, 0x2
core   0: 3 0x8000b378 (0x00002f17) x30 0x8000d378
core   0: 0x8000b37c (0xc83f2423) sw      gp, -888(t5)
core   0: 3 0x8000b37c (0xc83f2423) mem 0x8000d000 0x00000001
core   0: 0x8000b380 (0xff9ff06f) j       pc - 0x8
core   0: 3 0x8000b380 (0xff9ff06f)
core   0: 0x8000b378 (0x00002f17) auipc   t5, 0x2
core   0: 3 0x8000b378 (0x00002f17) x30 0x8000d378
core   0: 0x8000b37c (0xc83f2423) sw      gp, -888(t5)
core   0: 3 0x8000b37c (0xc83f2423) mem 0x8000d000 0x00000001
core   0: 0x8000b380 (0xff9ff06f) j       pc - 0x8
core   0: 3 0x8000b380 (0xff9ff06f)
core   0: 0x8000b378 (0x00002f17) auipc   t5, 0x2
core   0: 3 0x8000b378 (0x00002f17) x30 0x8000d378
core   0: 0x8000b37c (0xc83f2423) sw      gp, -888(t5)
core   0: 3 0x8000b37c (0xc83f2423) mem 0x8000d000 0x00000001
core   0: 0x8000b380 (0xff9ff06f) j       pc - 0x8
core   0: 3 0x8000b380 (0xff9ff06f)
core   0: 0x8000b378 (0x00002f17) auipc   t5, 0x2
core   0: 3 0x8000b378 (0x00002f17) x30 0x8000d378
core   0: 0x8000b37c (0xc83f2423) sw      gp, -888(t5)
core   0: 3 0x8000b37c (0xc83f2423) mem 0x8000d000 0x00000001
core   0: 0x8000b380 (0xff9ff06f) j       pc - 0x8
core   0: 3 0x8000b380 (0xff9ff06f)
core   0: 0x8000b378 (0x00002f17) auipc   t5, 0x2
core   0: 3 0x8000b378 (0x00002f17) x30 0x8000d378
core   0: 0x8000b37c (0xc83f2423) sw      gp, -888(t5)
core   0: 3 0x8000b37c (0xc83f2423) mem 0x8000d000 0x00000001
core   0: 0x8000b380 (0xff9ff06f) j       pc - 0x8
core   0: 3 0x8000b380 (0xff9ff06f)
core   0: 0x8000b378 (0x00002f17) auipc   t5, 0x2
core   0: 3 0x8000b378 (0x00002f17) x30 0x8000d378
core   0: 0x8000b37c (0xc83f2423) sw      gp, -888(t5)
core   0: 3 0x8000b37c (0xc83f2423) mem 0x8000d000 0x00000001
core   0: 0x8000b380 (0xff9ff06f) j       pc - 0x8
core   0: 3 0x8000b380 (0xff9ff06f)
core   0: 0x8000b378 (0x00002f17) auipc   t5, 0x2
core   0: 3 0x8000b378 (0x00002f17) x30 0x8000d378
core   0: 0x8000b37c (0xc83f2423) sw      gp, -888(t5)
core   0: 3 0x8000b37c (0xc83f2423) mem 0x8000d000 0x00000001
core   0: 0x8000b380 (0xff9ff06f) j       pc - 0x8
core   0: 3 0x8000b380 (0xff9ff06f)
core   0: 0x8000b378 (0x00002f17) auipc   t5, 0x2
core   0: 3 0x8000b378 (0x00002f17) x30 0x8000d378
core   0: 0x8000b37c (0xc83f2423) sw      gp, -888(t5)
core   0: 3 0x8000b37c (0xc83f2423) mem 0x8000d000 0x00000001
core   0: 0x8000b380 (0xff9ff06f) j       pc - 0x8
core   0: 3 0x8000b380 (0xff9ff06f)
core   0: 0x8000b378 (0x00002f17) auipc   t5, 0x2
core   0: 3 0x8000b378 (0x00002f17) x30 0x8000d378
core   0: 0x8000b37c (0xc83f2423) sw      gp, -888(t5)
core   0: 3 0x8000b37c (0xc83f2423) mem 0x8000d000 0x00000001
core   0: 0x8000b380 (0xff9ff06f) j       pc - 0x8
core   0: 3 0x8000b380 (0xff9ff06f)
core   0: 0x8000b378 (0x00002f17) auipc   t5, 0x2
core   0: 3 0x8000b378 (0x00002f17) x30 0x8000d378
core   0: 0x8000b37c (0xc83f2423) sw      gp, -888(t5)
core   0: 3 0x8000b37c (0xc83f2423) mem 0x8000d000 0x00000001
core   0: 0x8000b380 (0xff9ff06f) j       pc - 0x8
core   0: 3 0x8000b380 (0xff9ff06f)
core   0: 0x8000b378 (0x00002f17) auipc   t5, 0x2
core   0: 3 0x8000b378 (0x00002f17) x30 0x8000d378
core   0: 0x8000b37c (0xc83f2423) sw      gp, -888(t5)
core   0: 3 0x8000b37c (0xc83f2423) mem 0x8000d000 0x00000001
core   0: 0x8000b380 (0xff9ff06f) j       pc - 0x8
core   0: 3 0x8000b380 (0xff9ff06f)
core   0: 0x8000b378 (0x00002f17) auipc   t5, 0x2
core   0: 3 0x8000b378 (0x00002f17) x30 0x8000d378
core   0: 0x8000b37c (0xc83f2423) sw      gp, -888(t5)
core   0: 3 0x8000b37c (0xc83f2423) mem 0x8000d000 0x00000001
core   0: 0x8000b380 (0xff9ff06f) j       pc - 0x8
core   0: 3 0x8000b380 (0xff9ff06f)
core   0: 0x8000b378 (0x00002f17) auipc   t5, 0x2
core   0: 3 0x8000b378 (0x00002f17) x30 0x8000d378
core   0: 0x8000b37c (0xc83f2423) sw      gp, -888(t5)
core   0: 3 0x8000b37c (0xc83f2423) mem 0x8000d000 0x00000001
core   0: 0x8000b380 (0xff9ff06f) j       pc - 0x8
core   0: 3 0x8000b380 (0xff9ff06f)
core   0: 0x8000b378 (0x00002f17) auipc   t5, 0x2
core   0: 3 0x8000b378 (0x00002f17) x30 0x8000d378
core   0: 0x8000b37c (0xc83f2423) sw      gp, -888(t5)
core   0: 3 0x8000b37c (0xc83f2423) mem 0x8000d000 0x00000001
core   0: 0x8000b380 (0xff9ff06f) j       pc - 0x8
core   0: 3 0x8000b380 (0xff9ff06f)
core   0: 0x8000b378 (0x00002f17) auipc   t5, 0x2
core   0: 3 0x8000b378 (0x00002f17) x30 0x8000d378
core   0: 0x8000b37c (0xc83f2423) sw      gp, -888(t5)
core   0: 3 0x8000b37c (0xc83f2423) mem 0x8000d000 0x00000001
core   0: 0x8000b380 (0xff9ff06f) j       pc - 0x8
core   0: 3 0x8000b380 (0xff9ff06f)
core   0: 0x8000b378 (0x00002f17) auipc   t5, 0x2
core   0: 3 0x8000b378 (0x00002f17) x30 0x8000d378
core   0: 0x8000b37c (0xc83f2423) sw      gp, -888(t5)
core   0: 3 0x8000b37c (0xc83f2423) mem 0x8000d000 0x00000001
core   0: 0x8000b380 (0xff9ff06f) j       pc - 0x8
core   0: 3 0x8000b380 (0xff9ff06f)
core   0: 0x8000b378 (0x00002f17) auipc   t5, 0x2
core   0: 3 0x8000b378 (0x00002f17) x30 0x8000d378
core   0: 0x8000b37c (0xc83f2423) sw      gp, -888(t5)
core   0: 3 0x8000b37c (0xc83f2423) mem 0x8000d000 0x00000001
core   0: 0x8000b380 (0xff9ff06f) j       pc - 0x8
core   0: 3 0x8000b380 (0xff9ff06f)
core   0: 0x8000b378 (0x00002f17) auipc   t5, 0x2
core   0: 3 0x8000b378 (0x00002f17) x30 0x8000d378
core   0: 0x8000b37c (0xc83f2423) sw      gp, -888(t5)
core   0: 3 0x8000b37c (0xc83f2423) mem 0x8000d000 0x00000001
core   0: 0x8000b380 (0xff9ff06f) j       pc - 0x8
core   0: 3 0x8000b380 (0xff9ff06f)
core   0: 0x8000b378 (0x00002f17) auipc   t5, 0x2
core   0: 3 0x8000b378 (0x00002f17) x30 0x8000d378
core   0: 0x8000b37c (0xc83f2423) sw      gp, -888(t5)
core   0: 3 0x8000b37c (0xc83f2423) mem 0x8000d000 0x00000001
core   0: 0x8000b380 (0xff9ff06f) j       pc - 0x8
core   0: 3 0x8000b380 (0xff9ff06f)
core   0: 0x8000b378 (0x00002f17) auipc   t5, 0x2
core   0: 3 0x8000b378 (0x00002f17) x30 0x8000d378
core   0: 0x8000b37c (0xc83f2423) sw      gp, -888(t5)
core   0: 3 0x8000b37c (0xc83f2423) mem 0x8000d000 0x00000001
core   0: 0x8000b380 (0xff9ff06f) j       pc - 0x8
core   0: 3 0x8000b380 (0xff9ff06f)
core   0: 0x8000b378 (0x00002f17) auipc   t5, 0x2
core   0: 3 0x8000b378 (0x00002f17) x30 0x8000d378
core   0: 0x8000b37c (0xc83f2423) sw      gp, -888(t5)
core   0: 3 0x8000b37c (0xc83f2423) mem 0x8000d000 0x00000001
core   0: 0x8000b380 (0xff9ff06f) j       pc - 0x8
core   0: 3 0x8000b380 (0xff9ff06f)
core   0: 0x8000b378 (0x00002f17) auipc   t5, 0x2
core   0: 3 0x8000b378 (0x00002f17) x30 0x8000d378
core   0: 0x8000b37c (0xc83f2423) sw      gp, -888(t5)
core   0: 3 0x8000b37c (0xc83f2423) mem 0x8000d000 0x00000001
core   0: 0x8000b380 (0xff9ff06f) j       pc - 0x8
core   0: 3 0x8000b380 (0xff9ff06f)
core   0: 0x8000b378 (0x00002f17) auipc   t5, 0x2
core   0: 3 0x8000b378 (0x00002f17) x30 0x8000d378
core   0: 0x8000b37c (0xc83f2423) sw      gp, -888(t5)
core   0: 3 0x8000b37c (0xc83f2423) mem 0x8000d000 0x00000001
core   0: 0x8000b380 (0xff9ff06f) j       pc - 0x8
core   0: 3 0x8000b380 (0xff9ff06f)
core   0: 0x8000b378 (0x00002f17) auipc   t5, 0x2
core   0: 3 0x8000b378 (0x00002f17) x30 0x8000d378
core   0: 0x8000b37c (0xc83f2423) sw      gp, -888(t5)
core   0: 3 0x8000b37c (0xc83f2423) mem 0x8000d000 0x00000001
core   0: 0x8000b380 (0xff9ff06f) j       pc - 0x8
core   0: 3 0x8000b380 (0xff9ff06f)
core   0: 0x8000b378 (0x00002f17) auipc   t5, 0x2
core   0: 3 0x8000b378 (0x00002f17) x30 0x8000d378
core   0: 0x8000b37c (0xc83f2423) sw      gp, -888(t5)
core   0: 3 0x8000b37c (0xc83f2423) mem 0x8000d000 0x00000001
core   0: 0x8000b380 (0xff9ff06f) j       pc - 0x8
core   0: 3 0x8000b380 (0xff9ff06f)
core   0: 0x8000b378 (0x00002f17) auipc   t5, 0x2
core   0: 3 0x8000b378 (0x00002f17) x30 0x8000d378
core   0: 0x8000b37c (0xc83f2423) sw      gp, -888(t5)
core   0: 3 0x8000b37c (0xc83f2423) mem 0x8000d000 0x00000001
core   0: 0x8000b380 (0xff9ff06f) j       pc - 0x8
core   0: 3 0x8000b380 (0xff9ff06f)
core   0: 0x8000b378 (0x00002f17) auipc   t5, 0x2
core   0: 3 0x8000b378 (0x00002f17) x30 0x8000d378
core   0: 0x8000b37c (0xc83f2423) sw      gp, -888(t5)
core   0: 3 0x8000b37c (0xc83f2423) mem 0x8000d000 0x00000001
core   0: 0x8000b380 (0xff9ff06f) j       pc - 0x8
core   0: 3 0x8000b380 (0xff9ff06f)
core   0: 0x8000b378 (0x00002f17) auipc   t5, 0x2
core   0: 3 0x8000b378 (0x00002f17) x30 0x8000d378
core   0: 0x8000b37c (0xc83f2423) sw      gp, -888(t5)
core   0: 3 0x8000b37c (0xc83f2423) mem 0x8000d000 0x00000001
core   0: 0x8000b380 (0xff9ff06f) j       pc - 0x8
core   0: 3 0x8000b380 (0xff9ff06f)
core   0: 0x8000b378 (0x00002f17) auipc   t5, 0x2
core   0: 3 0x8000b378 (0x00002f17) x30 0x8000d378
core   0: 0x8000b37c (0xc83f2423) sw      gp, -888(t5)
core   0: 3 0x8000b37c (0xc83f2423) mem 0x8000d000 0x00000001
core   0: 0x8000b380 (0xff9ff06f) j       pc - 0x8
core   0: 3 0x8000b380 (0xff9ff06f)
core   0: 0x8000b378 (0x00002f17) auipc   t5, 0x2
core   0: 3 0x8000b378 (0x00002f17) x30 0x8000d378
core   0: 0x8000b37c (0xc83f2423) sw      gp, -888(t5)
core   0: 3 0x8000b37c (0xc83f2423) mem 0x8000d000 0x00000001
core   0: 0x8000b380 (0xff9ff06f) j       pc - 0x8
core   0: 3 0x8000b380 (0xff9ff06f)
core   0: 0x8000b378 (0x00002f17) auipc   t5, 0x2
core   0: 3 0x8000b378 (0x00002f17) x30 0x8000d378
core   0: 0x8000b37c (0xc83f2423) sw      gp, -888(t5)
core   0: 3 0x8000b37c (0xc83f2423) mem 0x8000d000 0x00000001
core   0: 0x8000b380 (0xff9ff06f) j       pc - 0x8
core   0: 3 0x8000b380 (0xff9ff06f)
core   0: 0x8000b378 (0x00002f17) auipc   t5, 0x2
core   0: 3 0x8000b378 (0x00002f17) x30 0x8000d378
core   0: 0x8000b37c (0xc83f2423) sw      gp, -888(t5)
core   0: 3 0x8000b37c (0xc83f2423) mem 0x8000d000 0x00000001
core   0: 0x8000b380 (0xff9ff06f) j       pc - 0x8
core   0: 3 0x8000b380 (0xff9ff06f)
core   0: 0x8000b378 (0x00002f17) auipc   t5, 0x2
core   0: 3 0x8000b378 (0x00002f17) x30 0x8000d378
core   0: 0x8000b37c (0xc83f2423) sw      gp, -888(t5)
core   0: 3 0x8000b37c (0xc83f2423) mem 0x8000d000 0x00000001
core   0: 0x8000b380 (0xff9ff06f) j       pc - 0x8
core   0: 3 0x8000b380 (0xff9ff06f)
core   0: 0x8000b378 (0x00002f17) auipc   t5, 0x2
core   0: 3 0x8000b378 (0x00002f17) x30 0x8000d378
core   0: 0x8000b37c (0xc83f2423) sw      gp, -888(t5)
core   0: 3 0x8000b37c (0xc83f2423) mem 0x8000d000 0x00000001
core   0: 0x8000b380 (0xff9ff06f) j       pc - 0x8
core   0: 3 0x8000b380 (0xff9ff06f)
core   0: 0x8000b378 (0x00002f17) auipc   t5, 0x2
core   0: 3 0x8000b378 (0x00002f17) x30 0x8000d378
core   0: 0x8000b37c (0xc83f2423) sw      gp, -888(t5)
core   0: 3 0x8000b37c (0xc83f2423) mem 0x8000d000 0x00000001
core   0: 0x8000b380 (0xff9ff06f) j       pc - 0x8
core   0: 3 0x8000b380 (0xff9ff06f)
core   0: 0x8000b378 (0x00002f17) auipc   t5, 0x2
core   0: 3 0x8000b378 (0x00002f17) x30 0x8000d378
core   0: 0x8000b37c (0xc83f2423) sw      gp, -888(t5)
core   0: 3 0x8000b37c (0xc83f2423) mem 0x8000d000 0x00000001
core   0: 0x8000b380 (0xff9ff06f) j       pc - 0x8
core   0: 3 0x8000b380 (0xff9ff06f)
core   0: 0x8000b378 (0x00002f17) auipc   t5, 0x2
core   0: 3 0x8000b378 (0x00002f17) x30 0x8000d378
core   0: 0x8000b37c (0xc83f2423) sw      gp, -888(t5)
core   0: 3 0x8000b37c (0xc83f2423) mem 0x8000d000 0x00000001
core   0: 0x8000b380 (0xff9ff06f) j       pc - 0x8
core   0: 3 0x8000b380 (0xff9ff06f)
core   0: 0x8000b378 (0x00002f17) auipc   t5, 0x2
core   0: 3 0x8000b378 (0x00002f17) x30 0x8000d378
core   0: 0x8000b37c (0xc83f2423) sw      gp, -888(t5)
core   0: 3 0x8000b37c (0xc83f2423) mem 0x8000d000 0x00000001
core   0: 0x8000b380 (0xff9ff06f) j       pc - 0x8
core   0: 3 0x8000b380 (0xff9ff06f)
core   0: 0x8000b378 (0x00002f17) auipc   t5, 0x2
core   0: 3 0x8000b378 (0x00002f17) x30 0x8000d378
core   0: 0x8000b37c (0xc83f2423) sw      gp, -888(t5)
core   0: 3 0x8000b37c (0xc83f2423) mem 0x8000d000 0x00000001
core   0: 0x8000b380 (0xff9ff06f) j       pc - 0x8
core   0: 3 0x8000b380 (0xff9ff06f)
core   0: 0x8000b378 (0x00002f17) auipc   t5, 0x2
core   0: 3 0x8000b378 (0x00002f17) x30 0x8000d378
core   0: 0x8000b37c (0xc83f2423) sw      gp, -888(t5)
core   0: 3 0x8000b37c (0xc83f2423) mem 0x8000d000 0x00000001
core   0: 0x8000b380 (0xff9ff06f) j       pc - 0x8
core   0: 3 0x8000b380 (0xff9ff06f)
core   0: 0x8000b378 (0x00002f17) auipc   t5, 0x2
core   0: 3 0x8000b378 (0x00002f17) x30 0x8000d378
core   0: 0x8000b37c (0xc83f2423) sw      gp, -888(t5)
core   0: 3 0x8000b37c (0xc83f2423) mem 0x8000d000 0x00000001
core   0: 0x8000b380 (0xff9ff06f) j       pc - 0x8
core   0: 3 0x8000b380 (0xff9ff06f)
core   0: 0x8000b378 (0x00002f17) auipc   t5, 0x2
core   0: 3 0x8000b378 (0x00002f17) x30 0x8000d378
core   0: 0x8000b37c (0xc83f2423) sw      gp, -888(t5)
core   0: 3 0x8000b37c (0xc83f2423) mem 0x8000d000 0x00000001
core   0: 0x8000b380 (0xff9ff06f) j       pc - 0x8
core   0: 3 0x8000b380 (0xff9ff06f)
core   0: 0x8000b378 (0x00002f17) auipc   t5, 0x2
core   0: 3 0x8000b378 (0x00002f17) x30 0x8000d378
core   0: 0x8000b37c (0xc83f2423) sw      gp, -888(t5)
core   0: 3 0x8000b37c (0xc83f2423) mem 0x8000d000 0x00000001
core   0: 0x8000b380 (0xff9ff06f) j       pc - 0x8
core   0: 3 0x8000b380 (0xff9ff06f)
core   0: 0x8000b378 (0x00002f17) auipc   t5, 0x2
core   0: 3 0x8000b378 (0x00002f17) x30 0x8000d378
core   0: 0x8000b37c (0xc83f2423) sw      gp, -888(t5)
core   0: 3 0x8000b37c (0xc83f2423) mem 0x8000d000 0x00000001
core   0: 0x8000b380 (0xff9ff06f) j       pc - 0x8
core   0: 3 0x8000b380 (0xff9ff06f)
core   0: 0x8000b378 (0x00002f17) auipc   t5, 0x2
core   0: 3 0x8000b378 (0x00002f17) x30 0x8000d378
core   0: 0x8000b37c (0xc83f2423) sw      gp, -888(t5)
core   0: 3 0x8000b37c (0xc83f2423) mem 0x8000d000 0x00000001
core   0: 0x8000b380 (0xff9ff06f) j       pc - 0x8
core   0: 3 0x8000b380 (0xff9ff06f)
core   0: 0x8000b378 (0x00002f17) auipc   t5, 0x2
core   0: 3 0x8000b378 (0x00002f17) x30 0x8000d378
core   0: 0x8000b37c (0xc83f2423) sw      gp, -888(t5)
core   0: 3 0x8000b37c (0xc83f2423) mem 0x8000d000 0x00000001
core   0: 0x8000b380 (0xff9ff06f) j       pc - 0x8
core   0: 3 0x8000b380 (0xff9ff06f)
core   0: 0x8000b378 (0x00002f17) auipc   t5, 0x2
core   0: 3 0x8000b378 (0x00002f17) x30 0x8000d378
core   0: 0x8000b37c (0xc83f2423) sw      gp, -888(t5)
core   0: 3 0x8000b37c (0xc83f2423) mem 0x8000d000 0x00000001
core   0: 0x8000b380 (0xff9ff06f) j       pc - 0x8
core   0: 3 0x8000b380 (0xff9ff06f)
core   0: 0x8000b378 (0x00002f17) auipc   t5, 0x2
core   0: 3 0x8000b378 (0x00002f17) x30 0x8000d378
core   0: 0x8000b37c (0xc83f2423) sw      gp, -888(t5)
core   0: 3 0x8000b37c (0xc83f2423) mem 0x8000d000 0x00000001
core   0: 0x8000b380 (0xff9ff06f) j       pc - 0x8
core   0: 3 0x8000b380 (0xff9ff06f)
core   0: 0x8000b378 (0x00002f17) auipc   t5, 0x2
core   0: 3 0x8000b378 (0x00002f17) x30 0x8000d378
core   0: 0x8000b37c (0xc83f2423) sw      gp, -888(t5)
core   0: 3 0x8000b37c (0xc83f2423) mem 0x8000d000 0x00000001
core   0: 0x8000b380 (0xff9ff06f) j       pc - 0x8
core   0: 3 0x8000b380 (0xff9ff06f)
core   0: 0x8000b378 (0x00002f17) auipc   t5, 0x2
core   0: 3 0x8000b378 (0x00002f17) x30 0x8000d378
core   0: 0x8000b37c (0xc83f2423) sw      gp, -888(t5)
core   0: 3 0x8000b37c (0xc83f2423) mem 0x8000d000 0x00000001
core   0: 0x8000b380 (0xff9ff06f) j       pc - 0x8
core   0: 3 0x8000b380 (0xff9ff06f)
core   0: 0x8000b378 (0x00002f17) auipc   t5, 0x2
core   0: 3 0x8000b378 (0x00002f17) x30 0x8000d378
core   0: 0x8000b37c (0xc83f2423) sw      gp, -888(t5)
core   0: 3 0x8000b37c (0xc83f2423) mem 0x8000d000 0x00000001
core   0: 0x8000b380 (0xff9ff06f) j       pc - 0x8
core   0: 3 0x8000b380 (0xff9ff06f)
core   0: 0x8000b378 (0x00002f17) auipc   t5, 0x2
core   0: 3 0x8000b378 (0x00002f17) x30 0x8000d378
core   0: 0x8000b37c (0xc83f2423) sw      gp, -888(t5)
core   0: 3 0x8000b37c (0xc83f2423) mem 0x8000d000 0x00000001
core   0: 0x8000b380 (0xff9ff06f) j       pc - 0x8
core   0: 3 0x8000b380 (0xff9ff06f)
core   0: 0x8000b378 (0x00002f17) auipc   t5, 0x2
core   0: 3 0x8000b378 (0x00002f17) x30 0x8000d378
core   0: 0x8000b37c (0xc83f2423) sw      gp, -888(t5)
core   0: 3 0x8000b37c (0xc83f2423) mem 0x8000d000 0x00000001
core   0: 0x8000b380 (0xff9ff06f) j       pc - 0x8
core   0: 3 0x8000b380 (0xff9ff06f)
core   0: 0x8000b378 (0x00002f17) auipc   t5, 0x2
core   0: 3 0x8000b378 (0x00002f17) x30 0x8000d378
core   0: 0x8000b37c (0xc83f2423) sw      gp, -888(t5)
core   0: 3 0x8000b37c (0xc83f2423) mem 0x8000d000 0x00000001
core   0: 0x8000b380 (0xff9ff06f) j       pc - 0x8
core   0: 3 0x8000b380 (0xff9ff06f)
core   0: 0x8000b378 (0x00002f17) auipc   t5, 0x2
core   0: 3 0x8000b378 (0x00002f17) x30 0x8000d378
core   0: 0x8000b37c (0xc83f2423) sw      gp, -888(t5)
core   0: 3 0x8000b37c (0xc83f2423) mem 0x8000d000 0x00000001
core   0: 0x8000b380 (0xff9ff06f) j       pc - 0x8
core   0: 3 0x8000b380 (0xff9ff06f)
core   0: 0x8000b378 (0x00002f17) auipc   t5, 0x2
core   0: 3 0x8000b378 (0x00002f17) x30 0x8000d378
core   0: 0x8000b37c (0xc83f2423) sw      gp, -888(t5)
core   0: 3 0x8000b37c (0xc83f2423) mem 0x8000d000 0x00000001
core   0: 0x8000b380 (0xff9ff06f) j       pc - 0x8
core   0: 3 0x8000b380 (0xff9ff06f)
core   0: 0x8000b378 (0x00002f17) auipc   t5, 0x2
core   0: 3 0x8000b378 (0x00002f17) x30 0x8000d378
core   0: 0x8000b37c (0xc83f2423) sw      gp, -888(t5)
core   0: 3 0x8000b37c (0xc83f2423) mem 0x8000d000 0x00000001
core   0: 0x8000b380 (0xff9ff06f) j       pc - 0x8
core   0: 3 0x8000b380 (0xff9ff06f)
core   0: 0x8000b378 (0x00002f17) auipc   t5, 0x2
core   0: 3 0x8000b378 (0x00002f17) x30 0x8000d378
core   0: 0x8000b37c (0xc83f2423) sw      gp, -888(t5)
core   0: 3 0x8000b37c (0xc83f2423) mem 0x8000d000 0x00000001
core   0: 0x8000b380 (0xff9ff06f) j       pc - 0x8
core   0: 3 0x8000b380 (0xff9ff06f)
core   0: 0x8000b378 (0x00002f17) auipc   t5, 0x2
core   0: 3 0x8000b378 (0x00002f17) x30 0x8000d378
core   0: 0x8000b37c (0xc83f2423) sw      gp, -888(t5)
core   0: 3 0x8000b37c (0xc83f2423) mem 0x8000d000 0x00000001
core   0: 0x8000b380 (0xff9ff06f) j       pc - 0x8
core   0: 3 0x8000b380 (0xff9ff06f)
core   0: 0x8000b378 (0x00002f17) auipc   t5, 0x2
core   0: 3 0x8000b378 (0x00002f17) x30 0x8000d378
core   0: 0x8000b37c (0xc83f2423) sw      gp, -888(t5)
core   0: 3 0x8000b37c (0xc83f2423) mem 0x8000d000 0x00000001
core   0: 0x8000b380 (0xff9ff06f) j       pc - 0x8
core   0: 3 0x8000b380 (0xff9ff06f)
core   0: 0x8000b378 (0x00002f17) auipc   t5, 0x2
core   0: 3 0x8000b378 (0x00002f17) x30 0x8000d378
core   0: 0x8000b37c (0xc83f2423) sw      gp, -888(t5)
core   0: 3 0x8000b37c (0xc83f2423) mem 0x8000d000 0x00000001
core   0: 0x8000b380 (0xff9ff06f) j       pc - 0x8
core   0: 3 0x8000b380 (0xff9ff06f)
core   0: 0x8000b378 (0x00002f17) auipc   t5, 0x2
core   0: 3 0x8000b378 (0x00002f17) x30 0x8000d378
core   0: 0x8000b37c (0xc83f2423) sw      gp, -888(t5)
core   0: 3 0x8000b37c (0xc83f2423) mem 0x8000d000 0x00000001
core   0: 0x8000b380 (0xff9ff06f) j       pc - 0x8
core   0: 3 0x8000b380 (0xff9ff06f)
core   0: 0x8000b378 (0x00002f17) auipc   t5, 0x2
core   0: 3 0x8000b378 (0x00002f17) x30 0x8000d378
core   0: 0x8000b37c (0xc83f2423) sw      gp, -888(t5)
core   0: 3 0x8000b37c (0xc83f2423) mem 0x8000d000 0x00000001
core   0: 0x8000b380 (0xff9ff06f) j       pc - 0x8
core   0: 3 0x8000b380 (0xff9ff06f)
core   0: 0x8000b378 (0x00002f17) auipc   t5, 0x2
core   0: 3 0x8000b378 (0x00002f17) x30 0x8000d378
core   0: 0x8000b37c (0xc83f2423) sw      gp, -888(t5)
core   0: 3 0x8000b37c (0xc83f2423) mem 0x8000d000 0x00000001
core   0: 0x8000b380 (0xff9ff06f) j       pc - 0x8
core   0: 3 0x8000b380 (0xff9ff06f)
core   0: 0x8000b378 (0x00002f17) auipc   t5, 0x2
core   0: 3 0x8000b378 (0x00002f17) x30 0x8000d378
core   0: 0x8000b37c (0xc83f2423) sw      gp, -888(t5)
core   0: 3 0x8000b37c (0xc83f2423) mem 0x8000d000 0x00000001
core   0: 0x8000b380 (0xff9ff06f) j       pc - 0x8
core   0: 3 0x8000b380 (0xff9ff06f)
core   0: 0x8000b378 (0x00002f17) auipc   t5, 0x2
core   0: 3 0x8000b378 (0x00002f17) x30 0x8000d378
core   0: 0x8000b37c (0xc83f2423) sw      gp, -888(t5)
core   0: 3 0x8000b37c (0xc83f2423) mem 0x8000d000 0x00000001
core   0: 0x8000b380 (0xff9ff06f) j       pc - 0x8
core   0: 3 0x8000b380 (0xff9ff06f)
core   0: 0x8000b378 (0x00002f17) auipc   t5, 0x2
core   0: 3 0x8000b378 (0x00002f17) x30 0x8000d378
core   0: 0x8000b37c (0xc83f2423) sw      gp, -888(t5)
core   0: 3 0x8000b37c (0xc83f2423) mem 0x8000d000 0x00000001
core   0: 0x8000b380 (0xff9ff06f) j       pc - 0x8
core   0: 3 0x8000b380 (0xff9ff06f)
core   0: 0x8000b378 (0x00002f17) auipc   t5, 0x2
core   0: 3 0x8000b378 (0x00002f17) x30 0x8000d378
core   0: 0x8000b37c (0xc83f2423) sw      gp, -888(t5)
core   0: 3 0x8000b37c (0xc83f2423) mem 0x8000d000 0x00000001
core   0: 0x8000b380 (0xff9ff06f) j       pc - 0x8
core   0: 3 0x8000b380 (0xff9ff06f)
core   0: 0x8000b378 (0x00002f17) auipc   t5, 0x2
core   0: 3 0x8000b378 (0x00002f17) x30 0x8000d378
core   0: 0x8000b37c (0xc83f2423) sw      gp, -888(t5)
core   0: 3 0x8000b37c (0xc83f2423) mem 0x8000d000 0x00000001
core   0: 0x8000b380 (0xff9ff06f) j       pc - 0x8
core   0: 3 0x8000b380 (0xff9ff06f)
core   0: 0x8000b378 (0x00002f17) auipc   t5, 0x2
core   0: 3 0x8000b378 (0x00002f17) x30 0x8000d378
core   0: 0x8000b37c (0xc83f2423) sw      gp, -888(t5)
core   0: 3 0x8000b37c (0xc83f2423) mem 0x8000d000 0x00000001
core   0: 0x8000b380 (0xff9ff06f) j       pc - 0x8
core   0: 3 0x8000b380 (0xff9ff06f)
core   0: 0x8000b378 (0x00002f17) auipc   t5, 0x2
core   0: 3 0x8000b378 (0x00002f17) x30 0x8000d378
core   0: 0x8000b37c (0xc83f2423) sw      gp, -888(t5)
core   0: 3 0x8000b37c (0xc83f2423) mem 0x8000d000 0x00000001
core   0: 0x8000b380 (0xff9ff06f) j       pc - 0x8
core   0: 3 0x8000b380 (0xff9ff06f)
core   0: 0x8000b378 (0x00002f17) auipc   t5, 0x2
core   0: 3 0x8000b378 (0x00002f17) x30 0x8000d378
core   0: 0x8000b37c (0xc83f2423) sw      gp, -888(t5)
core   0: 3 0x8000b37c (0xc83f2423) mem 0x8000d000 0x00000001
core   0: 0x8000b380 (0xff9ff06f) j       pc - 0x8
core   0: 3 0x8000b380 (0xff9ff06f)
core   0: 0x8000b378 (0x00002f17) auipc   t5, 0x2
core   0: 3 0x8000b378 (0x00002f17) x30 0x8000d378
core   0: 0x8000b37c (0xc83f2423) sw      gp, -888(t5)
core   0: 3 0x8000b37c (0xc83f2423) mem 0x8000d000 0x00000001
core   0: 0x8000b380 (0xff9ff06f) j       pc - 0x8
core   0: 3 0x8000b380 (0xff9ff06f)
core   0: 0x8000b378 (0x00002f17) auipc   t5, 0x2
core   0: 3 0x8000b378 (0x00002f17) x30 0x8000d378
core   0: 0x8000b37c (0xc83f2423) sw      gp, -888(t5)
core   0: 3 0x8000b37c (0xc83f2423) mem 0x8000d000 0x00000001
core   0: 0x8000b380 (0xff9ff06f) j       pc - 0x8
core   0: 3 0x8000b380 (0xff9ff06f)
core   0: 0x8000b378 (0x00002f17) auipc   t5, 0x2
core   0: 3 0x8000b378 (0x00002f17) x30 0x8000d378
core   0: 0x8000b37c (0xc83f2423) sw      gp, -888(t5)
core   0: 3 0x8000b37c (0xc83f2423) mem 0x8000d000 0x00000001
core   0: 0x8000b380 (0xff9ff06f) j       pc - 0x8
core   0: 3 0x8000b380 (0xff9ff06f)
core   0: 0x8000b378 (0x00002f17) auipc   t5, 0x2
core   0: 3 0x8000b378 (0x00002f17) x30 0x8000d378
core   0: 0x8000b37c (0xc83f2423) sw      gp, -888(t5)
core   0: 3 0x8000b37c (0xc83f2423) mem 0x8000d000 0x00000001
core   0: 0x8000b380 (0xff9ff06f) j       pc - 0x8
core   0: 3 0x8000b380 (0xff9ff06f)
core   0: 0x8000b378 (0x00002f17) auipc   t5, 0x2
core   0: 3 0x8000b378 (0x00002f17) x30 0x8000d378
core   0: 0x8000b37c (0xc83f2423) sw      gp, -888(t5)
core   0: 3 0x8000b37c (0xc83f2423) mem 0x8000d000 0x00000001
core   0: 0x8000b380 (0xff9ff06f) j       pc - 0x8
core   0: 3 0x8000b380 (0xff9ff06f)
core   0: 0x8000b378 (0x00002f17) auipc   t5, 0x2
core   0: 3 0x8000b378 (0x00002f17) x30 0x8000d378
core   0: 0x8000b37c (0xc83f2423) sw      gp, -888(t5)
core   0: 3 0x8000b37c (0xc83f2423) mem 0x8000d000 0x00000001
core   0: 0x8000b380 (0xff9ff06f) j       pc - 0x8
core   0: 3 0x8000b380 (0xff9ff06f)
core   0: 0x8000b378 (0x00002f17) auipc   t5, 0x2
core   0: 3 0x8000b378 (0x00002f17) x30 0x8000d378
core   0: 0x8000b37c (0xc83f2423) sw      gp, -888(t5)
core   0: 3 0x8000b37c (0xc83f2423) mem 0x8000d000 0x00000001
core   0: 0x8000b380 (0xff9ff06f) j       pc - 0x8
core   0: 3 0x8000b380 (0xff9ff06f)
core   0: 0x8000b378 (0x00002f17) auipc   t5, 0x2
core   0: 3 0x8000b378 (0x00002f17) x30 0x8000d378
core   0: 0x8000b37c (0xc83f2423) sw      gp, -888(t5)
core   0: 3 0x8000b37c (0xc83f2423) mem 0x8000d000 0x00000001
core   0: 0x8000b380 (0xff9ff06f) j       pc - 0x8
core   0: 3 0x8000b380 (0xff9ff06f)
core   0: 0x8000b378 (0x00002f17) auipc   t5, 0x2
core   0: 3 0x8000b378 (0x00002f17) x30 0x8000d378
core   0: 0x8000b37c (0xc83f2423) sw      gp, -888(t5)
core   0: 3 0x8000b37c (0xc83f2423) mem 0x8000d000 0x00000001
core   0: 0x8000b380 (0xff9ff06f) j       pc - 0x8
core   0: 3 0x8000b380 (0xff9ff06f)
core   0: 0x8000b378 (0x00002f17) auipc   t5, 0x2
core   0: 3 0x8000b378 (0x00002f17) x30 0x8000d378
core   0: 0x8000b37c (0xc83f2423) sw      gp, -888(t5)
core   0: 3 0x8000b37c (0xc83f2423) mem 0x8000d000 0x00000001
core   0: 0x8000b380 (0xff9ff06f) j       pc - 0x8
core   0: 3 0x8000b380 (0xff9ff06f)
core   0: 0x8000b378 (0x00002f17) auipc   t5, 0x2
core   0: 3 0x8000b378 (0x00002f17) x30 0x8000d378
core   0: 0x8000b37c (0xc83f2423) sw      gp, -888(t5)
core   0: 3 0x8000b37c (0xc83f2423) mem 0x8000d000 0x00000001
core   0: 0x8000b380 (0xff9ff06f) j       pc - 0x8
core   0: 3 0x8000b380 (0xff9ff06f)
core   0: 0x8000b378 (0x00002f17) auipc   t5, 0x2
core   0: 3 0x8000b378 (0x00002f17) x30 0x8000d378
core   0: 0x8000b37c (0xc83f2423) sw      gp, -888(t5)
core   0: 3 0x8000b37c (0xc83f2423) mem 0x8000d000 0x00000001
core   0: 0x8000b380 (0xff9ff06f) j       pc - 0x8
core   0: 3 0x8000b380 (0xff9ff06f)
core   0: 0x8000b378 (0x00002f17) auipc   t5, 0x2
core   0: 3 0x8000b378 (0x00002f17) x30 0x8000d378
core   0: 0x8000b37c (0xc83f2423) sw      gp, -888(t5)
core   0: 3 0x8000b37c (0xc83f2423) mem 0x8000d000 0x00000001
core   0: 0x8000b380 (0xff9ff06f) j       pc - 0x8
core   0: 3 0x8000b380 (0xff9ff06f)
core   0: 0x8000b378 (0x00002f17) auipc   t5, 0x2
core   0: 3 0x8000b378 (0x00002f17) x30 0x8000d378
core   0: 0x8000b37c (0xc83f2423) sw      gp, -888(t5)
core   0: 3 0x8000b37c (0xc83f2423) mem 0x8000d000 0x00000001
core   0: 0x8000b380 (0xff9ff06f) j       pc - 0x8
core   0: 3 0x8000b380 (0xff9ff06f)
core   0: 0x8000b378 (0x00002f17) auipc   t5, 0x2
core   0: 3 0x8000b378 (0x00002f17) x30 0x8000d378
core   0: 0x8000b37c (0xc83f2423) sw      gp, -888(t5)
core   0: 3 0x8000b37c (0xc83f2423) mem 0x8000d000 0x00000001
core   0: 0x8000b380 (0xff9ff06f) j       pc - 0x8
core   0: 3 0x8000b380 (0xff9ff06f)
core   0: 0x8000b378 (0x00002f17) auipc   t5, 0x2
core   0: 3 0x8000b378 (0x00002f17) x30 0x8000d378
core   0: 0x8000b37c (0xc83f2423) sw      gp, -888(t5)
core   0: 3 0x8000b37c (0xc83f2423) mem 0x8000d000 0x00000001
core   0: 0x8000b380 (0xff9ff06f) j       pc - 0x8
core   0: 3 0x8000b380 (0xff9ff06f)
core   0: 0x8000b378 (0x00002f17) auipc   t5, 0x2
core   0: 3 0x8000b378 (0x00002f17) x30 0x8000d378
core   0: 0x8000b37c (0xc83f2423) sw      gp, -888(t5)
core   0: 3 0x8000b37c (0xc83f2423) mem 0x8000d000 0x00000001
core   0: 0x8000b380 (0xff9ff06f) j       pc - 0x8
core   0: 3 0x8000b380 (0xff9ff06f)
core   0: 0x8000b378 (0x00002f17) auipc   t5, 0x2
core   0: 3 0x8000b378 (0x00002f17) x30 0x8000d378
core   0: 0x8000b37c (0xc83f2423) sw      gp, -888(t5)
core   0: 3 0x8000b37c (0xc83f2423) mem 0x8000d000 0x00000001
core   0: 0x8000b380 (0xff9ff06f) j       pc - 0x8
core   0: 3 0x8000b380 (0xff9ff06f)
core   0: 0x8000b378 (0x00002f17) auipc   t5, 0x2
core   0: 3 0x8000b378 (0x00002f17) x30 0x8000d378
core   0: 0x8000b37c (0xc83f2423) sw      gp, -888(t5)
core   0: 3 0x8000b37c (0xc83f2423) mem 0x8000d000 0x00000001
core   0: 0x8000b380 (0xff9ff06f) j       pc - 0x8
core   0: 3 0x8000b380 (0xff9ff06f)
core   0: 0x8000b378 (0x00002f17) auipc   t5, 0x2
core   0: 3 0x8000b378 (0x00002f17) x30 0x8000d378
core   0: 0x8000b37c (0xc83f2423) sw      gp, -888(t5)
core   0: 3 0x8000b37c (0xc83f2423) mem 0x8000d000 0x00000001
core   0: 0x8000b380 (0xff9ff06f) j       pc - 0x8
core   0: 3 0x8000b380 (0xff9ff06f)
core   0: 0x8000b378 (0x00002f17) auipc   t5, 0x2
core   0: 3 0x8000b378 (0x00002f17) x30 0x8000d378
core   0: 0x8000b37c (0xc83f2423) sw      gp, -888(t5)
core   0: 3 0x8000b37c (0xc83f2423) mem 0x8000d000 0x00000001
core   0: 0x8000b380 (0xff9ff06f) j       pc - 0x8
core   0: 3 0x8000b380 (0xff9ff06f)
core   0: 0x8000b378 (0x00002f17) auipc   t5, 0x2
core   0: 3 0x8000b378 (0x00002f17) x30 0x8000d378
core   0: 0x8000b37c (0xc83f2423) sw      gp, -888(t5)
core   0: 3 0x8000b37c (0xc83f2423) mem 0x8000d000 0x00000001
core   0: 0x8000b380 (0xff9ff06f) j       pc - 0x8
core   0: 3 0x8000b380 (0xff9ff06f)
core   0: 0x8000b378 (0x00002f17) auipc   t5, 0x2
core   0: 3 0x8000b378 (0x00002f17) x30 0x8000d378
core   0: 0x8000b37c (0xc83f2423) sw      gp, -888(t5)
core   0: 3 0x8000b37c (0xc83f2423) mem 0x8000d000 0x00000001
core   0: 0x8000b380 (0xff9ff06f) j       pc - 0x8
core   0: 3 0x8000b380 (0xff9ff06f)
core   0: 0x8000b378 (0x00002f17) auipc   t5, 0x2
core   0: 3 0x8000b378 (0x00002f17) x30 0x8000d378
core   0: 0x8000b37c (0xc83f2423) sw      gp, -888(t5)
core   0: 3 0x8000b37c (0xc83f2423) mem 0x8000d000 0x00000001
core   0: 0x8000b380 (0xff9ff06f) j       pc - 0x8
core   0: 3 0x8000b380 (0xff9ff06f)
core   0: 0x8000b378 (0x00002f17) auipc   t5, 0x2
core   0: 3 0x8000b378 (0x00002f17) x30 0x8000d378
core   0: 0x8000b37c (0xc83f2423) sw      gp, -888(t5)
core   0: 3 0x8000b37c (0xc83f2423) mem 0x8000d000 0x00000001
core   0: 0x8000b380 (0xff9ff06f) j       pc - 0x8
core   0: 3 0x8000b380 (0xff9ff06f)
core   0: 0x8000b378 (0x00002f17) auipc   t5, 0x2
core   0: 3 0x8000b378 (0x00002f17) x30 0x8000d378
core   0: 0x8000b37c (0xc83f2423) sw      gp, -888(t5)
core   0: 3 0x8000b37c (0xc83f2423) mem 0x8000d000 0x00000001
core   0: 0x8000b380 (0xff9ff06f) j       pc - 0x8
core   0: 3 0x8000b380 (0xff9ff06f)
core   0: 0x8000b378 (0x00002f17) auipc   t5, 0x2
core   0: 3 0x8000b378 (0x00002f17) x30 0x8000d378
core   0: 0x8000b37c (0xc83f2423) sw      gp, -888(t5)
core   0: 3 0x8000b37c (0xc83f2423) mem 0x8000d000 0x00000001
core   0: 0x8000b380 (0xff9ff06f) j       pc - 0x8
core   0: 3 0x8000b380 (0xff9ff06f)
core   0: 0x8000b378 (0x00002f17) auipc   t5, 0x2
core   0: 3 0x8000b378 (0x00002f17) x30 0x8000d378
core   0: 0x8000b37c (0xc83f2423) sw      gp, -888(t5)
core   0: 3 0x8000b37c (0xc83f2423) mem 0x8000d000 0x00000001
core   0: 0x8000b380 (0xff9ff06f) j       pc - 0x8
core   0: 3 0x8000b380 (0xff9ff06f)
core   0: 0x8000b378 (0x00002f17) auipc   t5, 0x2
core   0: 3 0x8000b378 (0x00002f17) x30 0x8000d378
core   0: 0x8000b37c (0xc83f2423) sw      gp, -888(t5)
core   0: 3 0x8000b37c (0xc83f2423) mem 0x8000d000 0x00000001
core   0: 0x8000b380 (0xff9ff06f) j       pc - 0x8
core   0: 3 0x8000b380 (0xff9ff06f)
core   0: 0x8000b378 (0x00002f17) auipc   t5, 0x2
core   0: 3 0x8000b378 (0x00002f17) x30 0x8000d378
core   0: 0x8000b37c (0xc83f2423) sw      gp, -888(t5)
core   0: 3 0x8000b37c (0xc83f2423) mem 0x8000d000 0x00000001
core   0: 0x8000b380 (0xff9ff06f) j       pc - 0x8
core   0: 3 0x8000b380 (0xff9ff06f)
core   0: 0x8000b378 (0x00002f17) auipc   t5, 0x2
core   0: 3 0x8000b378 (0x00002f17) x30 0x8000d378
core   0: 0x8000b37c (0xc83f2423) sw      gp, -888(t5)
core   0: 3 0x8000b37c (0xc83f2423) mem 0x8000d000 0x00000001
core   0: 0x8000b380 (0xff9ff06f) j       pc - 0x8
core   0: 3 0x8000b380 (0xff9ff06f)
core   0: 0x8000b378 (0x00002f17) auipc   t5, 0x2
core   0: 3 0x8000b378 (0x00002f17) x30 0x8000d378
core   0: 0x8000b37c (0xc83f2423) sw      gp, -888(t5)
core   0: 3 0x8000b37c (0xc83f2423) mem 0x8000d000 0x00000001
core   0: 0x8000b380 (0xff9ff06f) j       pc - 0x8
core   0: 3 0x8000b380 (0xff9ff06f)
core   0: 0x8000b378 (0x00002f17) auipc   t5, 0x2
core   0: 3 0x8000b378 (0x00002f17) x30 0x8000d378
core   0: 0x8000b37c (0xc83f2423) sw      gp, -888(t5)
core   0: 3 0x8000b37c (0xc83f2423) mem 0x8000d000 0x00000001
core   0: 0x8000b380 (0xff9ff06f) j       pc - 0x8
core   0: 3 0x8000b380 (0xff9ff06f)
core   0: 0x8000b378 (0x00002f17) auipc   t5, 0x2
core   0: 3 0x8000b378 (0x00002f17) x30 0x8000d378
core   0: 0x8000b37c (0xc83f2423) sw      gp, -888(t5)
core   0: 3 0x8000b37c (0xc83f2423) mem 0x8000d000 0x00000001
core   0: 0x8000b380 (0xff9ff06f) j       pc - 0x8
core   0: 3 0x8000b380 (0xff9ff06f)
core   0: 0x8000b378 (0x00002f17) auipc   t5, 0x2
core   0: 3 0x8000b378 (0x00002f17) x30 0x8000d378
core   0: 0x8000b37c (0xc83f2423) sw      gp, -888(t5)
core   0: 3 0x8000b37c (0xc83f2423) mem 0x8000d000 0x00000001
core   0: 0x8000b380 (0xff9ff06f) j       pc - 0x8
core   0: 3 0x8000b380 (0xff9ff06f)
core   0: 0x8000b378 (0x00002f17) auipc   t5, 0x2
core   0: 3 0x8000b378 (0x00002f17) x30 0x8000d378
core   0: 0x8000b37c (0xc83f2423) sw      gp, -888(t5)
core   0: 3 0x8000b37c (0xc83f2423) mem 0x8000d000 0x00000001
core   0: 0x8000b380 (0xff9ff06f) j       pc - 0x8
core   0: 3 0x8000b380 (0xff9ff06f)
core   0: 0x8000b378 (0x00002f17) auipc   t5, 0x2
core   0: 3 0x8000b378 (0x00002f17) x30 0x8000d378
core   0: 0x8000b37c (0xc83f2423) sw      gp, -888(t5)
core   0: 3 0x8000b37c (0xc83f2423) mem 0x8000d000 0x00000001
core   0: 0x8000b380 (0xff9ff06f) j       pc - 0x8
core   0: 3 0x8000b380 (0xff9ff06f)
core   0: 0x8000b378 (0x00002f17) auipc   t5, 0x2
core   0: 3 0x8000b378 (0x00002f17) x30 0x8000d378
core   0: 0x8000b37c (0xc83f2423) sw      gp, -888(t5)
core   0: 3 0x8000b37c (0xc83f2423) mem 0x8000d000 0x00000001
core   0: 0x8000b380 (0xff9ff06f) j       pc - 0x8
core   0: 3 0x8000b380 (0xff9ff06f)
core   0: 0x8000b378 (0x00002f17) auipc   t5, 0x2
core   0: 3 0x8000b378 (0x00002f17) x30 0x8000d378
core   0: 0x8000b37c (0xc83f2423) sw      gp, -888(t5)
core   0: 3 0x8000b37c (0xc83f2423) mem 0x8000d000 0x00000001
core   0: 0x8000b380 (0xff9ff06f) j       pc - 0x8
core   0: 3 0x8000b380 (0xff9ff06f)
core   0: 0x8000b378 (0x00002f17) auipc   t5, 0x2
core   0: 3 0x8000b378 (0x00002f17) x30 0x8000d378
core   0: 0x8000b37c (0xc83f2423) sw      gp, -888(t5)
core   0: 3 0x8000b37c (0xc83f2423) mem 0x8000d000 0x00000001
core   0: 0x8000b380 (0xff9ff06f) j       pc - 0x8
core   0: 3 0x8000b380 (0xff9ff06f)
core   0: 0x8000b378 (0x00002f17) auipc   t5, 0x2
core   0: 3 0x8000b378 (0x00002f17) x30 0x8000d378
core   0: 0x8000b37c (0xc83f2423) sw      gp, -888(t5)
core   0: 3 0x8000b37c (0xc83f2423) mem 0x8000d000 0x00000001
core   0: 0x8000b380 (0xff9ff06f) j       pc - 0x8
core   0: 3 0x8000b380 (0xff9ff06f)
core   0: 0x8000b378 (0x00002f17) auipc   t5, 0x2
core   0: 3 0x8000b378 (0x00002f17) x30 0x8000d378
core   0: 0x8000b37c (0xc83f2423) sw      gp, -888(t5)
core   0: 3 0x8000b37c (0xc83f2423) mem 0x8000d000 0x00000001
core   0: 0x8000b380 (0xff9ff06f) j       pc - 0x8
core   0: 3 0x8000b380 (0xff9ff06f)
core   0: 0x8000b378 (0x00002f17) auipc   t5, 0x2
core   0: 3 0x8000b378 (0x00002f17) x30 0x8000d378
core   0: 0x8000b37c (0xc83f2423) sw      gp, -888(t5)
core   0: 3 0x8000b37c (0xc83f2423) mem 0x8000d000 0x00000001
core   0: 0x8000b380 (0xff9ff06f) j       pc - 0x8
core   0: 3 0x8000b380 (0xff9ff06f)
core   0: 0x8000b378 (0x00002f17) auipc   t5, 0x2
core   0: 3 0x8000b378 (0x00002f17) x30 0x8000d378
core   0: 0x8000b37c (0xc83f2423) sw      gp, -888(t5)
core   0: 3 0x8000b37c (0xc83f2423) mem 0x8000d000 0x00000001
core   0: 0x8000b380 (0xff9ff06f) j       pc - 0x8
core   0: 3 0x8000b380 (0xff9ff06f)
core   0: 0x8000b378 (0x00002f17) auipc   t5, 0x2
core   0: 3 0x8000b378 (0x00002f17) x30 0x8000d378
core   0: 0x8000b37c (0xc83f2423) sw      gp, -888(t5)
core   0: 3 0x8000b37c (0xc83f2423) mem 0x8000d000 0x00000001
core   0: 0x8000b380 (0xff9ff06f) j       pc - 0x8
core   0: 3 0x8000b380 (0xff9ff06f)
core   0: 0x8000b378 (0x00002f17) auipc   t5, 0x2
core   0: 3 0x8000b378 (0x00002f17) x30 0x8000d378
core   0: 0x8000b37c (0xc83f2423) sw      gp, -888(t5)
core   0: 3 0x8000b37c (0xc83f2423) mem 0x8000d000 0x00000001
core   0: 0x8000b380 (0xff9ff06f) j       pc - 0x8
core   0: 3 0x8000b380 (0xff9ff06f)
core   0: 0x8000b378 (0x00002f17) auipc   t5, 0x2
core   0: 3 0x8000b378 (0x00002f17) x30 0x8000d378
core   0: 0x8000b37c (0xc83f2423) sw      gp, -888(t5)
core   0: 3 0x8000b37c (0xc83f2423) mem 0x8000d000 0x00000001
core   0: 0x8000b380 (0xff9ff06f) j       pc - 0x8
core   0: 3 0x8000b380 (0xff9ff06f)
core   0: 0x8000b378 (0x00002f17) auipc   t5, 0x2
core   0: 3 0x8000b378 (0x00002f17) x30 0x8000d378
core   0: 0x8000b37c (0xc83f2423) sw      gp, -888(t5)
core   0: 3 0x8000b37c (0xc83f2423) mem 0x8000d000 0x00000001
core   0: 0x8000b380 (0xff9ff06f) j       pc - 0x8
core   0: 3 0x8000b380 (0xff9ff06f)
core   0: 0x8000b378 (0x00002f17) auipc   t5, 0x2
core   0: 3 0x8000b378 (0x00002f17) x30 0x8000d378
core   0: 0x8000b37c (0xc83f2423) sw      gp, -888(t5)
core   0: 3 0x8000b37c (0xc83f2423) mem 0x8000d000 0x00000001
core   0: 0x8000b380 (0xff9ff06f) j       pc - 0x8
core   0: 3 0x8000b380 (0xff9ff06f)
core   0: 0x8000b378 (0x00002f17) auipc   t5, 0x2
core   0: 3 0x8000b378 (0x00002f17) x30 0x8000d378
core   0: 0x8000b37c (0xc83f2423) sw      gp, -888(t5)
core   0: 3 0x8000b37c (0xc83f2423) mem 0x8000d000 0x00000001
core   0: 0x8000b380 (0xff9ff06f) j       pc - 0x8
core   0: 3 0x8000b380 (0xff9ff06f)
core   0: 0x8000b378 (0x00002f17) auipc   t5, 0x2
core   0: 3 0x8000b378 (0x00002f17) x30 0x8000d378
core   0: 0x8000b37c (0xc83f2423) sw      gp, -888(t5)
core   0: 3 0x8000b37c (0xc83f2423) mem 0x8000d000 0x00000001
core   0: 0x8000b380 (0xff9ff06f) j       pc - 0x8
core   0: 3 0x8000b380 (0xff9ff06f)
core   0: 0x8000b378 (0x00002f17) auipc   t5, 0x2
core   0: 3 0x8000b378 (0x00002f17) x30 0x8000d378
core   0: 0x8000b37c (0xc83f2423) sw      gp, -888(t5)
core   0: 3 0x8000b37c (0xc83f2423) mem 0x8000d000 0x00000001
core   0: 0x8000b380 (0xff9ff06f) j       pc - 0x8
core   0: 3 0x8000b380 (0xff9ff06f)
core   0: 0x8000b378 (0x00002f17) auipc   t5, 0x2
core   0: 3 0x8000b378 (0x00002f17) x30 0x8000d378
core   0: 0x8000b37c (0xc83f2423) sw      gp, -888(t5)
core   0: 3 0x8000b37c (0xc83f2423) mem 0x8000d000 0x00000001
core   0: 0x8000b380 (0xff9ff06f) j       pc - 0x8
core   0: 3 0x8000b380 (0xff9ff06f)
core   0: 0x8000b378 (0x00002f17) auipc   t5, 0x2
core   0: 3 0x8000b378 (0x00002f17) x30 0x8000d378
core   0: 0x8000b37c (0xc83f2423) sw      gp, -888(t5)
core   0: 3 0x8000b37c (0xc83f2423) mem 0x8000d000 0x00000001
core   0: 0x8000b380 (0xff9ff06f) j       pc - 0x8
core   0: 3 0x8000b380 (0xff9ff06f)
core   0: 0x8000b378 (0x00002f17) auipc   t5, 0x2
core   0: 3 0x8000b378 (0x00002f17) x30 0x8000d378
core   0: 0x8000b37c (0xc83f2423) sw      gp, -888(t5)
core   0: 3 0x8000b37c (0xc83f2423) mem 0x8000d000 0x00000001
core   0: 0x8000b380 (0xff9ff06f) j       pc - 0x8
core   0: 3 0x8000b380 (0xff9ff06f)
core   0: 0x8000b378 (0x00002f17) auipc   t5, 0x2
core   0: 3 0x8000b378 (0x00002f17) x30 0x8000d378
core   0: 0x8000b37c (0xc83f2423) sw      gp, -888(t5)
core   0: 3 0x8000b37c (0xc83f2423) mem 0x8000d000 0x00000001
core   0: 0x8000b380 (0xff9ff06f) j       pc - 0x8
core   0: 3 0x8000b380 (0xff9ff06f)
core   0: 0x8000b378 (0x00002f17) auipc   t5, 0x2
core   0: 3 0x8000b378 (0x00002f17) x30 0x8000d378
core   0: 0x8000b37c (0xc83f2423) sw      gp, -888(t5)
core   0: 3 0x8000b37c (0xc83f2423) mem 0x8000d000 0x00000001
core   0: 0x8000b380 (0xff9ff06f) j       pc - 0x8
core   0: 3 0x8000b380 (0xff9ff06f)
core   0: 0x8000b378 (0x00002f17) auipc   t5, 0x2
core   0: 3 0x8000b378 (0x00002f17) x30 0x8000d378
core   0: 0x8000b37c (0xc83f2423) sw      gp, -888(t5)
core   0: 3 0x8000b37c (0xc83f2423) mem 0x8000d000 0x00000001
core   0: 0x8000b380 (0xff9ff06f) j       pc - 0x8
core   0: 3 0x8000b380 (0xff9ff06f)
core   0: 0x8000b378 (0x00002f17) auipc   t5, 0x2
core   0: 3 0x8000b378 (0x00002f17) x30 0x8000d378
core   0: 0x8000b37c (0xc83f2423) sw      gp, -888(t5)
core   0: 3 0x8000b37c (0xc83f2423) mem 0x8000d000 0x00000001
core   0: 0x8000b380 (0xff9ff06f) j       pc - 0x8
core   0: 3 0x8000b380 (0xff9ff06f)
core   0: 0x8000b378 (0x00002f17) auipc   t5, 0x2
core   0: 3 0x8000b378 (0x00002f17) x30 0x8000d378
core   0: 0x8000b37c (0xc83f2423) sw      gp, -888(t5)
core   0: 3 0x8000b37c (0xc83f2423) mem 0x8000d000 0x00000001
core   0: 0x8000b380 (0xff9ff06f) j       pc - 0x8
core   0: 3 0x8000b380 (0xff9ff06f)
core   0: 0x8000b378 (0x00002f17) auipc   t5, 0x2
core   0: 3 0x8000b378 (0x00002f17) x30 0x8000d378
core   0: 0x8000b37c (0xc83f2423) sw      gp, -888(t5)
core   0: 3 0x8000b37c (0xc83f2423) mem 0x8000d000 0x00000001
core   0: 0x8000b380 (0xff9ff06f) j       pc - 0x8
core   0: 3 0x8000b380 (0xff9ff06f)
core   0: 0x8000b378 (0x00002f17) auipc   t5, 0x2
core   0: 3 0x8000b378 (0x00002f17) x30 0x8000d378
core   0: 0x8000b37c (0xc83f2423) sw      gp, -888(t5)
core   0: 3 0x8000b37c (0xc83f2423) mem 0x8000d000 0x00000001
core   0: 0x8000b380 (0xff9ff06f) j       pc - 0x8
core   0: 3 0x8000b380 (0xff9ff06f)
core   0: 0x8000b378 (0x00002f17) auipc   t5, 0x2
core   0: 3 0x8000b378 (0x00002f17) x30 0x8000d378
core   0: 0x8000b37c (0xc83f2423) sw      gp, -888(t5)
core   0: 3 0x8000b37c (0xc83f2423) mem 0x8000d000 0x00000001
core   0: 0x8000b380 (0xff9ff06f) j       pc - 0x8
core   0: 3 0x8000b380 (0xff9ff06f)
core   0: 0x8000b378 (0x00002f17) auipc   t5, 0x2
core   0: 3 0x8000b378 (0x00002f17) x30 0x8000d378
core   0: 0x8000b37c (0xc83f2423) sw      gp, -888(t5)
core   0: 3 0x8000b37c (0xc83f2423) mem 0x8000d000 0x00000001
core   0: 0x8000b380 (0xff9ff06f) j       pc - 0x8
core   0: 3 0x8000b380 (0xff9ff06f)
core   0: 0x8000b378 (0x00002f17) auipc   t5, 0x2
core   0: 3 0x8000b378 (0x00002f17) x30 0x8000d378
core   0: 0x8000b37c (0xc83f2423) sw      gp, -888(t5)
core   0: 3 0x8000b37c (0xc83f2423) mem 0x8000d000 0x00000001
core   0: 0x8000b380 (0xff9ff06f) j       pc - 0x8
core   0: 3 0x8000b380 (0xff9ff06f)
core   0: 0x8000b378 (0x00002f17) auipc   t5, 0x2
core   0: 3 0x8000b378 (0x00002f17) x30 0x8000d378
core   0: 0x8000b37c (0xc83f2423) sw      gp, -888(t5)
core   0: 3 0x8000b37c (0xc83f2423) mem 0x8000d000 0x00000001
core   0: 0x8000b380 (0xff9ff06f) j       pc - 0x8
core   0: 3 0x8000b380 (0xff9ff06f)
core   0: 0x8000b378 (0x00002f17) auipc   t5, 0x2
core   0: 3 0x8000b378 (0x00002f17) x30 0x8000d378
core   0: 0x8000b37c (0xc83f2423) sw      gp, -888(t5)
core   0: 3 0x8000b37c (0xc83f2423) mem 0x8000d000 0x00000001
core   0: 0x8000b380 (0xff9ff06f) j       pc - 0x8
core   0: 3 0x8000b380 (0xff9ff06f)
core   0: 0x8000b378 (0x00002f17) auipc   t5, 0x2
core   0: 3 0x8000b378 (0x00002f17) x30 0x8000d378
core   0: 0x8000b37c (0xc83f2423) sw      gp, -888(t5)
core   0: 3 0x8000b37c (0xc83f2423) mem 0x8000d000 0x00000001
core   0: 0x8000b380 (0xff9ff06f) j       pc - 0x8
core   0: 3 0x8000b380 (0xff9ff06f)
core   0: 0x8000b378 (0x00002f17) auipc   t5, 0x2
core   0: 3 0x8000b378 (0x00002f17) x30 0x8000d378
core   0: 0x8000b37c (0xc83f2423) sw      gp, -888(t5)
core   0: 3 0x8000b37c (0xc83f2423) mem 0x8000d000 0x00000001
core   0: 0x8000b380 (0xff9ff06f) j       pc - 0x8
core   0: 3 0x8000b380 (0xff9ff06f)
core   0: 0x8000b378 (0x00002f17) auipc   t5, 0x2
core   0: 3 0x8000b378 (0x00002f17) x30 0x8000d378
core   0: 0x8000b37c (0xc83f2423) sw      gp, -888(t5)
core   0: 3 0x8000b37c (0xc83f2423) mem 0x8000d000 0x00000001
core   0: 0x8000b380 (0xff9ff06f) j       pc - 0x8
core   0: 3 0x8000b380 (0xff9ff06f)
core   0: 0x8000b378 (0x00002f17) auipc   t5, 0x2
core   0: 3 0x8000b378 (0x00002f17) x30 0x8000d378
core   0: 0x8000b37c (0xc83f2423) sw      gp, -888(t5)
core   0: 3 0x8000b37c (0xc83f2423) mem 0x8000d000 0x00000001
core   0: 0x8000b380 (0xff9ff06f) j       pc - 0x8
core   0: 3 0x8000b380 (0xff9ff06f)
core   0: 0x8000b378 (0x00002f17) auipc   t5, 0x2
core   0: 3 0x8000b378 (0x00002f17) x30 0x8000d378
core   0: 0x8000b37c (0xc83f2423) sw      gp, -888(t5)
core   0: 3 0x8000b37c (0xc83f2423) mem 0x8000d000 0x00000001
core   0: 0x8000b380 (0xff9ff06f) j       pc - 0x8
core   0: 3 0x8000b380 (0xff9ff06f)
core   0: 0x8000b378 (0x00002f17) auipc   t5, 0x2
core   0: 3 0x8000b378 (0x00002f17) x30 0x8000d378
core   0: 0x8000b37c (0xc83f2423) sw      gp, -888(t5)
core   0: 3 0x8000b37c (0xc83f2423) mem 0x8000d000 0x00000001
core   0: 0x8000b380 (0xff9ff06f) j       pc - 0x8
core   0: 3 0x8000b380 (0xff9ff06f)
core   0: 0x8000b378 (0x00002f17) auipc   t5, 0x2
core   0: 3 0x8000b378 (0x00002f17) x30 0x8000d378
core   0: 0x8000b37c (0xc83f2423) sw      gp, -888(t5)
core   0: 3 0x8000b37c (0xc83f2423) mem 0x8000d000 0x00000001
core   0: 0x8000b380 (0xff9ff06f) j       pc - 0x8
core   0: 3 0x8000b380 (0xff9ff06f)
core   0: 0x8000b378 (0x00002f17) auipc   t5, 0x2
core   0: 3 0x8000b378 (0x00002f17) x30 0x8000d378
core   0: 0x8000b37c (0xc83f2423) sw      gp, -888(t5)
core   0: 3 0x8000b37c (0xc83f2423) mem 0x8000d000 0x00000001
core   0: 0x8000b380 (0xff9ff06f) j       pc - 0x8
core   0: 3 0x8000b380 (0xff9ff06f)
core   0: 0x8000b378 (0x00002f17) auipc   t5, 0x2
core   0: 3 0x8000b378 (0x00002f17) x30 0x8000d378
core   0: 0x8000b37c (0xc83f2423) sw      gp, -888(t5)
core   0: 3 0x8000b37c (0xc83f2423) mem 0x8000d000 0x00000001
core   0: 0x8000b380 (0xff9ff06f) j       pc - 0x8
core   0: 3 0x8000b380 (0xff9ff06f)
core   0: 0x8000b378 (0x00002f17) auipc   t5, 0x2
core   0: 3 0x8000b378 (0x00002f17) x30 0x8000d378
core   0: 0x8000b37c (0xc83f2423) sw      gp, -888(t5)
core   0: 3 0x8000b37c (0xc83f2423) mem 0x8000d000 0x00000001
core   0: 0x8000b380 (0xff9ff06f) j       pc - 0x8
core   0: 3 0x8000b380 (0xff9ff06f)
core   0: 0x8000b378 (0x00002f17) auipc   t5, 0x2
core   0: 3 0x8000b378 (0x00002f17) x30 0x8000d378
core   0: 0x8000b37c (0xc83f2423) sw      gp, -888(t5)
core   0: 3 0x8000b37c (0xc83f2423) mem 0x8000d000 0x00000001
core   0: 0x8000b380 (0xff9ff06f) j       pc - 0x8
core   0: 3 0x8000b380 (0xff9ff06f)
core   0: 0x8000b378 (0x00002f17) auipc   t5, 0x2
core   0: 3 0x8000b378 (0x00002f17) x30 0x8000d378
core   0: 0x8000b37c (0xc83f2423) sw      gp, -888(t5)
core   0: 3 0x8000b37c (0xc83f2423) mem 0x8000d000 0x00000001
core   0: 0x8000b380 (0xff9ff06f) j       pc - 0x8
core   0: 3 0x8000b380 (0xff9ff06f)
core   0: 0x8000b378 (0x00002f17) auipc   t5, 0x2
core   0: 3 0x8000b378 (0x00002f17) x30 0x8000d378
core   0: 0x8000b37c (0xc83f2423) sw      gp, -888(t5)
core   0: 3 0x8000b37c (0xc83f2423) mem 0x8000d000 0x00000001
core   0: 0x8000b380 (0xff9ff06f) j       pc - 0x8
core   0: 3 0x8000b380 (0xff9ff06f)
core   0: 0x8000b378 (0x00002f17) auipc   t5, 0x2
core   0: 3 0x8000b378 (0x00002f17) x30 0x8000d378
core   0: 0x8000b37c (0xc83f2423) sw      gp, -888(t5)
core   0: 3 0x8000b37c (0xc83f2423) mem 0x8000d000 0x00000001
core   0: 0x8000b380 (0xff9ff06f) j       pc - 0x8
core   0: 3 0x8000b380 (0xff9ff06f)
core   0: 0x8000b378 (0x00002f17) auipc   t5, 0x2
core   0: 3 0x8000b378 (0x00002f17) x30 0x8000d378
core   0: 0x8000b37c (0xc83f2423) sw      gp, -888(t5)
core   0: 3 0x8000b37c (0xc83f2423) mem 0x8000d000 0x00000001
core   0: 0x8000b380 (0xff9ff06f) j       pc - 0x8
core   0: 3 0x8000b380 (0xff9ff06f)
core   0: 0x8000b378 (0x00002f17) auipc   t5, 0x2
core   0: 3 0x8000b378 (0x00002f17) x30 0x8000d378
core   0: 0x8000b37c (0xc83f2423) sw      gp, -888(t5)
core   0: 3 0x8000b37c (0xc83f2423) mem 0x8000d000 0x00000001
core   0: 0x8000b380 (0xff9ff06f) j       pc - 0x8
core   0: 3 0x8000b380 (0xff9ff06f)
core   0: 0x8000b378 (0x00002f17) auipc   t5, 0x2
core   0: 3 0x8000b378 (0x00002f17) x30 0x8000d378
core   0: 0x8000b37c (0xc83f2423) sw      gp, -888(t5)
core   0: 3 0x8000b37c (0xc83f2423) mem 0x8000d000 0x00000001
core   0: 0x8000b380 (0xff9ff06f) j       pc - 0x8
core   0: 3 0x8000b380 (0xff9ff06f)
core   0: 0x8000b378 (0x00002f17) auipc   t5, 0x2
core   0: 3 0x8000b378 (0x00002f17) x30 0x8000d378
core   0: 0x8000b37c (0xc83f2423) sw      gp, -888(t5)
core   0: 3 0x8000b37c (0xc83f2423) mem 0x8000d000 0x00000001
core   0: 0x8000b380 (0xff9ff06f) j       pc - 0x8
core   0: 3 0x8000b380 (0xff9ff06f)
core   0: 0x8000b378 (0x00002f17) auipc   t5, 0x2
core   0: 3 0x8000b378 (0x00002f17) x30 0x8000d378
core   0: 0x8000b37c (0xc83f2423) sw      gp, -888(t5)
core   0: 3 0x8000b37c (0xc83f2423) mem 0x8000d000 0x00000001
core   0: 0x8000b380 (0xff9ff06f) j       pc - 0x8
core   0: 3 0x8000b380 (0xff9ff06f)
core   0: 0x8000b378 (0x00002f17) auipc   t5, 0x2
core   0: 3 0x8000b378 (0x00002f17) x30 0x8000d378
core   0: 0x8000b37c (0xc83f2423) sw      gp, -888(t5)
core   0: 3 0x8000b37c (0xc83f2423) mem 0x8000d000 0x00000001
core   0: 0x8000b380 (0xff9ff06f) j       pc - 0x8
core   0: 3 0x8000b380 (0xff9ff06f)
core   0: 0x8000b378 (0x00002f17) auipc   t5, 0x2
core   0: 3 0x8000b378 (0x00002f17) x30 0x8000d378
core   0: 0x8000b37c (0xc83f2423) sw      gp, -888(t5)
core   0: 3 0x8000b37c (0xc83f2423) mem 0x8000d000 0x00000001
core   0: 0x8000b380 (0xff9ff06f) j       pc - 0x8
core   0: 3 0x8000b380 (0xff9ff06f)
core   0: 0x8000b378 (0x00002f17) auipc   t5, 0x2
core   0: 3 0x8000b378 (0x00002f17) x30 0x8000d378
core   0: 0x8000b37c (0xc83f2423) sw      gp, -888(t5)
core   0: 3 0x8000b37c (0xc83f2423) mem 0x8000d000 0x00000001
core   0: 0x8000b380 (0xff9ff06f) j       pc - 0x8
core   0: 3 0x8000b380 (0xff9ff06f)
core   0: 0x8000b378 (0x00002f17) auipc   t5, 0x2
core   0: 3 0x8000b378 (0x00002f17) x30 0x8000d378
core   0: 0x8000b37c (0xc83f2423) sw      gp, -888(t5)
core   0: 3 0x8000b37c (0xc83f2423) mem 0x8000d000 0x00000001
core   0: 0x8000b380 (0xff9ff06f) j       pc - 0x8
core   0: 3 0x8000b380 (0xff9ff06f)
core   0: 0x8000b378 (0x00002f17) auipc   t5, 0x2
core   0: 3 0x8000b378 (0x00002f17) x30 0x8000d378
core   0: 0x8000b37c (0xc83f2423) sw      gp, -888(t5)
core   0: 3 0x8000b37c (0xc83f2423) mem 0x8000d000 0x00000001
core   0: 0x8000b380 (0xff9ff06f) j       pc - 0x8
core   0: 3 0x8000b380 (0xff9ff06f)
core   0: 0x8000b378 (0x00002f17) auipc   t5, 0x2
core   0: 3 0x8000b378 (0x00002f17) x30 0x8000d378
core   0: 0x8000b37c (0xc83f2423) sw      gp, -888(t5)
core   0: 3 0x8000b37c (0xc83f2423) mem 0x8000d000 0x00000001
core   0: 0x8000b380 (0xff9ff06f) j       pc - 0x8
core   0: 3 0x8000b380 (0xff9ff06f)
core   0: 0x8000b378 (0x00002f17) auipc   t5, 0x2
core   0: 3 0x8000b378 (0x00002f17) x30 0x8000d378
core   0: 0x8000b37c (0xc83f2423) sw      gp, -888(t5)
core   0: 3 0x8000b37c (0xc83f2423) mem 0x8000d000 0x00000001
core   0: 0x8000b380 (0xff9ff06f) j       pc - 0x8
core   0: 3 0x8000b380 (0xff9ff06f)
core   0: 0x8000b378 (0x00002f17) auipc   t5, 0x2
core   0: 3 0x8000b378 (0x00002f17) x30 0x8000d378
core   0: 0x8000b37c (0xc83f2423) sw      gp, -888(t5)
core   0: 3 0x8000b37c (0xc83f2423) mem 0x8000d000 0x00000001
core   0: 0x8000b380 (0xff9ff06f) j       pc - 0x8
core   0: 3 0x8000b380 (0xff9ff06f)
core   0: 0x8000b378 (0x00002f17) auipc   t5, 0x2
core   0: 3 0x8000b378 (0x00002f17) x30 0x8000d378
core   0: 0x8000b37c (0xc83f2423) sw      gp, -888(t5)
core   0: 3 0x8000b37c (0xc83f2423) mem 0x8000d000 0x00000001
core   0: 0x8000b380 (0xff9ff06f) j       pc - 0x8
core   0: 3 0x8000b380 (0xff9ff06f)
core   0: 0x8000b378 (0x00002f17) auipc   t5, 0x2
core   0: 3 0x8000b378 (0x00002f17) x30 0x8000d378
core   0: 0x8000b37c (0xc83f2423) sw      gp, -888(t5)
core   0: 3 0x8000b37c (0xc83f2423) mem 0x8000d000 0x00000001
core   0: 0x8000b380 (0xff9ff06f) j       pc - 0x8
core   0: 3 0x8000b380 (0xff9ff06f)
core   0: 0x8000b378 (0x00002f17) auipc   t5, 0x2
core   0: 3 0x8000b378 (0x00002f17) x30 0x8000d378
core   0: 0x8000b37c (0xc83f2423) sw      gp, -888(t5)
core   0: 3 0x8000b37c (0xc83f2423) mem 0x8000d000 0x00000001
core   0: 0x8000b380 (0xff9ff06f) j       pc - 0x8
core   0: 3 0x8000b380 (0xff9ff06f)
core   0: 0x8000b378 (0x00002f17) auipc   t5, 0x2
core   0: 3 0x8000b378 (0x00002f17) x30 0x8000d378
core   0: 0x8000b37c (0xc83f2423) sw      gp, -888(t5)
core   0: 3 0x8000b37c (0xc83f2423) mem 0x8000d000 0x00000001
core   0: 0x8000b380 (0xff9ff06f) j       pc - 0x8
core   0: 3 0x8000b380 (0xff9ff06f)
core   0: 0x8000b378 (0x00002f17) auipc   t5, 0x2
core   0: 3 0x8000b378 (0x00002f17) x30 0x8000d378
core   0: 0x8000b37c (0xc83f2423) sw      gp, -888(t5)
core   0: 3 0x8000b37c (0xc83f2423) mem 0x8000d000 0x00000001
core   0: 0x8000b380 (0xff9ff06f) j       pc - 0x8
core   0: 3 0x8000b380 (0xff9ff06f)
core   0: 0x8000b378 (0x00002f17) auipc   t5, 0x2
core   0: 3 0x8000b378 (0x00002f17) x30 0x8000d378
core   0: 0x8000b37c (0xc83f2423) sw      gp, -888(t5)
core   0: 3 0x8000b37c (0xc83f2423) mem 0x8000d000 0x00000001
