core   0: 0x00001000 (0x00000297) auipc   t0, 0x0
core   0: 3 0x00001000 (0x00000297) x 5 0x00001000
core   0: 0x00001004 (0x02028593) addi    a1, t0, 32
core   0: 3 0x00001004 (0x02028593) x11 0x00001020
core   0: 0x00001008 (0xf1402573) csrr    a0, mhartid
core   0: 3 0x00001008 (0xf1402573) x10 0x00000000
core   0: 0x0000100c (0x0182a283) lw      t0, 24(t0)
core   0: 3 0x0000100c (0x0182a283) x 5 0x80000000 mem 0x00001018
core   0: 0x00001010 (0x00028067) jr      t0
core   0: 3 0x00001010 (0x00028067)
core   0: 0x80000000 (0xf14022f3) csrr    t0, mhartid
core   0: 3 0x80000000 (0xf14022f3) x 5 0x00000000
core   0: 0x80000004 (0x00000313) li      t1, 0
core   0: 3 0x80000004 (0x00000313) x 6 0x00000000
core   0: 0x80000008 (0x00628263) beq     t0, t1, pc + 4
core   0: 3 0x80000008 (0x00628263)
core   0: 0x8000000c (0x00000697) auipc   a3, 0x0
core   0: 3 0x8000000c (0x00000697) x13 0x8000000c
core   0: 0x80000010 (0x00c68693) addi    a3, a3, 12
core   0: 3 0x80000010 (0x00c68693) x13 0x80000018
core   0: 0x80000014 (0x00068067) jr      a3
core   0: 3 0x80000014 (0x00068067)
core   0: 0x80000018 (0x40000c37) lui     s8, 0x40000
core   0: 3 0x80000018 (0x40000c37) x24 0x40000000
core   0: 0x8000001c (0x100c0c13) addi    s8, s8, 256
core   0: 3 0x8000001c (0x100c0c13) x24 0x40000100
core   0: 0x80000020 (0x301c1073) csrw    misa, s8
core   0: 3 0x80000020 (0x301c1073) c769_misa 0x40140100
core   0: 0x80000024 (0x0002f117) auipc   sp, 0x2f
core   0: 3 0x80000024 (0x0002f117) x 2 0x8002f024
core   0: 0x80000028 (0xcc010113) addi    sp, sp, -832
core   0: 3 0x80000028 (0xcc010113) x 2 0x8002ece4
core   0: 0x8000002c (0x00014c17) auipc   s8, 0x14
core   0: 3 0x8000002c (0x00014c17) x24 0x8001402c
core   0: 0x80000030 (0xcbcc0c13) addi    s8, s8, -836
core   0: 3 0x80000030 (0xcbcc0c13) x24 0x80013ce8
core   0: 0x80000034 (0x000c6c13) ori     s8, s8, 0
core   0: 3 0x80000034 (0x000c6c13) x24 0x80013ce8
core   0: 0x80000038 (0x305c1073) csrw    mtvec, s8
core   0: 3 0x80000038 (0x305c1073) c773_mtvec 0x80013ce8
core   0: 0x8000003c (0x00000c17) auipc   s8, 0x0
core   0: 3 0x8000003c (0x00000c17) x24 0x8000003c
core   0: 0x80000040 (0x028c0c13) addi    s8, s8, 40
core   0: 3 0x80000040 (0x028c0c13) x24 0x80000064
core   0: 0x80000044 (0x341c1073) csrw    mepc, s8
core   0: 3 0x80000044 (0x341c1073) c833_mepc 0x80000064
core   0: 0x80000048 (0x00000013) nop
core   0: 3 0x80000048 (0x00000013)
core   0: 0x8000004c (0x00002c37) lui     s8, 0x2
core   0: 3 0x8000004c (0x00002c37) x24 0x00002000
core   0: 0x80000050 (0x800c0c13) addi    s8, s8, -2048
core   0: 3 0x80000050 (0x800c0c13) x24 0x00001800
core   0: 0x80000054 (0x300c1073) csrw    mstatus, s8
core   0: 3 0x80000054 (0x300c1073) c768_mstatus 0x00001800
core   0: 0x80000058 (0x00000c13) li      s8, 0
core   0: 3 0x80000058 (0x00000c13) x24 0x00000000
core   0: 0x8000005c (0x304c1073) csrw    mie, s8
core   0: 3 0x8000005c (0x304c1073) c772_mie 0x00000000
core   0: 0x80000060 (0x30200073) mret
core   0: 3 0x80000060 (0x30200073) c768_mstatus 0x00000080
core   0: >>>>  init
core   0: 0x80000064 (0xfd1af037) lui     zero, 0xfd1af
core   0: 3 0x80000064 (0xfd1af037)
core   0: 0x80000068 (0xffa00013) li      zero, -6
core   0: 3 0x80000068 (0xffa00013)
core   0: 0x8000006c (0x800000b7) lui     ra, 0x80000
core   0: 3 0x8000006c (0x800000b7) x 1 0x80000000
core   0: 0x80000070 (0x00f00193) li      gp, 15
core   0: 3 0x80000070 (0x00f00193) x 3 0x0000000f
core   0: 0x80000074 (0x80000237) lui     tp, 0x80000
core   0: 3 0x80000074 (0x80000237) x 4 0x80000000
core   0: 0x80000078 (0x00f00293) li      t0, 15
core   0: 3 0x80000078 (0x00f00293) x 5 0x0000000f
core   0: 0x8000007c (0x1568c337) lui     t1, 0x1568c
core   0: 3 0x8000007c (0x1568c337) x 6 0x1568c000
core   0: 0x80000080 (0x93a30313) addi    t1, t1, -1734
core   0: 3 0x80000080 (0x93a30313) x 6 0x1568b93a
core   0: 0x80000084 (0x00d00393) li      t2, 13
core   0: 3 0x80000084 (0x00d00393) x 7 0x0000000d
core   0: 0x80000088 (0xfadaa437) lui     s0, 0xfadaa
core   0: 3 0x80000088 (0xfadaa437) x 8 0xfadaa000
core   0: 0x8000008c (0x33540413) addi    s0, s0, 821
core   0: 3 0x8000008c (0x33540413) x 8 0xfadaa335
core   0: 0x80000090 (0x800004b7) lui     s1, 0x80000
core   0: 3 0x80000090 (0x800004b7) x 9 0x80000000
core   0: 0x80000094 (0x00000513) li      a0, 0
core   0: 3 0x80000094 (0x00000513) x10 0x00000000
core   0: 0x80000098 (0x00000593) li      a1, 0
core   0: 3 0x80000098 (0x00000593) x11 0x00000000
core   0: 0x8000009c (0x4aff2637) lui     a2, 0x4aff2
core   0: 3 0x8000009c (0x4aff2637) x12 0x4aff2000
core   0: 0x800000a0 (0x3a560613) addi    a2, a2, 933
core   0: 3 0x800000a0 (0x3a560613) x12 0x4aff23a5
core   0: 0x800000a4 (0x800006b7) lui     a3, 0x80000
core   0: 3 0x800000a4 (0x800006b7) x13 0x80000000
core   0: 0x800000a8 (0xe7aed737) lui     a4, 0xe7aed
core   0: 3 0x800000a8 (0xe7aed737) x14 0xe7aed000
core   0: 0x800000ac (0x0df70713) addi    a4, a4, 223
core   0: 3 0x800000ac (0x0df70713) x14 0xe7aed0df
core   0: 0x800000b0 (0x00000793) li      a5, 0
core   0: 3 0x800000b0 (0x00000793) x15 0x00000000
core   0: 0x800000b4 (0x00000813) li      a6, 0
core   0: 3 0x800000b4 (0x00000813) x16 0x00000000
core   0: 0x800000b8 (0x00d00893) li      a7, 13
core   0: 3 0x800000b8 (0x00d00893) x17 0x0000000d
core   0: 0x800000bc (0x141dc937) lui     s2, 0x141dc
core   0: 3 0x800000bc (0x141dc937) x18 0x141dc000
core   0: 0x800000c0 (0xb3890913) addi    s2, s2, -1224
core   0: 3 0x800000c0 (0xb3890913) x18 0x141dbb38
core   0: 0x800000c4 (0xfe64fa37) lui     s4, 0xfe64f
core   0: 3 0x800000c4 (0xfe64fa37) x20 0xfe64f000
core   0: 0x800000c8 (0xc9ca0a13) addi    s4, s4, -868
core   0: 3 0x800000c8 (0xc9ca0a13) x20 0xfe64ec9c
core   0: 0x800000cc (0x00000a93) li      s5, 0
core   0: 3 0x800000cc (0x00000a93) x21 0x00000000
core   0: 0x800000d0 (0x80000b37) lui     s6, 0x80000
core   0: 3 0x800000d0 (0x80000b37) x22 0x80000000
core   0: 0x800000d4 (0x80000bb7) lui     s7, 0x80000
core   0: 3 0x800000d4 (0x80000bb7) x23 0x80000000
core   0: 0x800000d8 (0xfd3cbc37) lui     s8, 0xfd3cb
core   0: 3 0x800000d8 (0xfd3cbc37) x24 0xfd3cb000
core   0: 0x800000dc (0x6dac0c13) addi    s8, s8, 1754
core   0: 3 0x800000dc (0x6dac0c13) x24 0xfd3cb6da
core   0: 0x800000e0 (0xf71e8cb7) lui     s9, 0xf71e8
core   0: 3 0x800000e0 (0xf71e8cb7) x25 0xf71e8000
core   0: 0x800000e4 (0x06ec8c93) addi    s9, s9, 110
core   0: 3 0x800000e4 (0x06ec8c93) x25 0xf71e806e
core   0: 0x800000e8 (0xdb643d37) lui     s10, 0xdb643
core   0: 3 0x800000e8 (0xdb643d37) x26 0xdb643000
core   0: 0x800000ec (0xcc6d0d13) addi    s10, s10, -826
core   0: 3 0x800000ec (0xcc6d0d13) x26 0xdb642cc6
core   0: 0x800000f0 (0x80000db7) lui     s11, 0x80000
core   0: 3 0x800000f0 (0x80000db7) x27 0x80000000
core   0: 0x800000f4 (0xfbc8ee37) lui     t3, 0xfbc8e
core   0: 3 0x800000f4 (0xfbc8ee37) x28 0xfbc8e000
core   0: 0x800000f8 (0x957e0e13) addi    t3, t3, -1705
core   0: 3 0x800000f8 (0x957e0e13) x28 0xfbc8d957
core   0: 0x800000fc (0xfc355eb7) lui     t4, 0xfc355
core   0: 3 0x800000fc (0xfc355eb7) x29 0xfc355000
core   0: 0x80000100 (0x6b8e8e93) addi    t4, t4, 1720
core   0: 3 0x80000100 (0x6b8e8e93) x29 0xfc3556b8
core   0: 0x80000104 (0x80000f37) lui     t5, 0x80000
core   0: 3 0x80000104 (0x80000f37) x30 0x80000000
core   0: 0x80000108 (0xc3321fb7) lui     t6, 0xc3321
core   0: 3 0x80000108 (0xc3321fb7) x31 0xc3321000
core   0: 0x8000010c (0x096f8f93) addi    t6, t6, 150
core   0: 3 0x8000010c (0x096f8f93) x31 0xc3321096
core   0: 0x80000110 (0x0002b997) auipc   s3, 0x2b
core   0: 3 0x80000110 (0x0002b997) x19 0x8002b110
core   0: 0x80000114 (0xd5498993) addi    s3, s3, -684
core   0: 3 0x80000114 (0xd5498993) x19 0x8002ae64
core   0: 0x80000118 (0x0001d517) auipc   a0, 0x1d
core   0: 3 0x80000118 (0x0001d517) x10 0x8001d118
core   0: 0x8000011c (0xbb550513) addi    a0, a0, -1099
core   0: 3 0x8000011c (0xbb550513) x10 0x8001cccd
core   0: 0x80000120 (0xd2d504a3) sb      a3, -727(a0)
core   0: 3 0x80000120 (0xd2d504a3) mem 0x8001c9f6 0x0
core   0: 0x80000124 (0x7865a437) lui     s0, 0x7865a
core   0: 3 0x80000124 (0x7865a437) x 8 0x7865a000
core   0: 0x80000128 (0xa04512a3) sh      tp, -1531(a0)
core   0: 3 0x80000128 (0xa04512a3) mem 0x8001c6d2 0x0000
core   0: 0x8000012c (0x4ca50b03) lb      s6, 1226(a0)
core   0: 3 0x8000012c (0x4ca50b03) x22 0x0000004c mem 0x8001d197
core   0: 0x80000130 (0x93650783) lb      a5, -1738(a0)
core   0: 3 0x80000130 (0x93650783) x15 0xffffffb8 mem 0x8001c603
core   0: 0x80000134 (0x01cc90b3) sll     ra, s9, t3
core   0: 3 0x80000134 (0x01cc90b3) x 1 0x37000000
core   0: 0x80000138 (0x009a35b3) sltu    a1, s4, s1
core   0: 3 0x80000138 (0x009a35b3) x11 0x00000000
core   0: 0x8000013c (0x69250c83) lb      s9, 1682(a0)
core   0: 3 0x8000013c (0x69250c83) x25 0x00000014 mem 0x8001d35f
core   0: 0x80000140 (0xe859c937) lui     s2, 0xe859c
core   0: 3 0x80000140 (0xe859c937) x18 0xe859c000
core   0: 0x80000144 (0x365503a3) sb      t0, 871(a0)
core   0: 3 0x80000144 (0x365503a3) mem 0x8001d034 0xf
core   0: 0x80000148 (0x00099c13) slli    s8, s3, 0
core   0: 3 0x80000148 (0x00099c13) x24 0x8002ae64
core   0: 0x8000014c (0x56d50723) sb      a3, 1390(a0)
core   0: 3 0x8000014c (0x56d50723) mem 0x8001d23b 0x0
core   0: 0x80000150 (0xddc50d03) lb      s10, -548(a0)
core   0: 3 0x80000150 (0xddc50d03) x26 0x00000062 mem 0x8001caa9
core   0: 0x80000154 (0x40150a23) sb      ra, 1044(a0)
core   0: 3 0x80000154 (0x40150a23) mem 0x8001d0e1 0x0
core   0: 0x80000158 (0xe6d50ca3) sb      a3, -391(a0)
core   0: 3 0x80000158 (0xe6d50ca3) mem 0x8001cb46 0x0
core   0: 0x8000015c (0x5ee50783) lb      a5, 1518(a0)
core   0: 3 0x8000015c (0x5ee50783) x15 0x00000070 mem 0x8001d2bb
core   0: 0x80000160 (0x0ff0000f) fence   iorw,iorw
core   0: 3 0x80000160 (0x0ff0000f)
core   0: 0x80000164 (0xa5c50883) lb      a7, -1444(a0)
core   0: 3 0x80000164 (0xa5c50883) x17 0xffffffe2 mem 0x8001c729
core   0: 0x80000168 (0x7ac51fa3) sh      a2, 1983(a0)
core   0: 3 0x80000168 (0x7ac51fa3) mem 0x8001d48c 0x23a5
core   0: 0x8000016c (0x7df55783) lhu     a5, 2015(a0)
core   0: 3 0x8000016c (0x7df55783) x15 0x00006667 mem 0x8001d4ac
core   0: 0x80000170 (0x010ebc33) sltu    s8, t4, a6
core   0: 3 0x80000170 (0x010ebc33) x24 0x00000000
core   0: 0x80000174 (0x53cf6c93) ori     s9, t5, 1340
core   0: 3 0x80000174 (0x53cf6c93) x25 0x8000053c
core   0: 0x80000178 (0x99a54783) lbu     a5, -1638(a0)
core   0: 3 0x80000178 (0x99a54783) x15 0x0000001c mem 0x8001c667
core   0: 0x8000017c (0x41e984b3) sub     s1, s3, t5
core   0: 3 0x8000017c (0x41e984b3) x 9 0x0002ae64
core   0: 0x80000180 (0x0c454383) lbu     t2, 196(a0)
core   0: 3 0x80000180 (0x0c454383) x 7 0x0000004a mem 0x8001cd91
core   0: 0x80000184 (0x65751303) lh      t1, 1623(a0)
core   0: 3 0x80000184 (0x65751303) x 6 0xffffdedf mem 0x8001d324
core   0: 0x80000188 (0x7cd50123) sb      a3, 1986(a0)
core   0: 3 0x80000188 (0x7cd50123) mem 0x8001d48f 0x0
core   0: 0x8000018c (0x17352a03) lw      s4, 371(a0)
core   0: 3 0x8000018c (0x17352a03) x20 0xf8f9fafb mem 0x8001ce40
core   0: 0x80000190 (0xbe9d2a93) slti    s5, s10, -1047
core   0: 3 0x80000190 (0xbe9d2a93) x21 0x00000000
core   0: 0x80000194 (0x0030c633) xor     a2, ra, gp
core   0: 3 0x80000194 (0x0030c633) x12 0x3700000f
core   0: 0x80000198 (0x07e50e23) sb      t5, 124(a0)
core   0: 3 0x80000198 (0x07e50e23) mem 0x8001cd49 0x0
core   0: 0x8000019c (0x2bb36413) ori     s0, t1, 699
core   0: 3 0x8000019c (0x2bb36413) x 8 0xffffdeff
core   0: 0x800001a0 (0x00c16933) or      s2, sp, a2
core   0: 3 0x800001a0 (0x00c16933) x18 0xb702ecef
core   0: 0x800001a4 (0x9eaa5237) lui     tp, 0x9eaa5
core   0: 3 0x800001a4 (0x9eaa5237) x 4 0x9eaa5000
core   0: 0x800001a8 (0x4a2523a3) sw      sp, 1191(a0)
core   0: 3 0x800001a8 (0x4a2523a3) mem 0x8001d174 0x8002ece4
core   0: 0x800001ac (0x59454d83) lbu     s11, 1428(a0)
core   0: 3 0x800001ac (0x59454d83) x27 0x0000001a mem 0x8001d261
core   0: 0x800001b0 (0x09351703) lh      a4, 147(a0)
core   0: 3 0x800001b0 (0x09351703) x14 0x00001a1b mem 0x8001cd60
core   0: 0x800001b4 (0x00015417) auipc   s0, 0x15
core   0: 3 0x800001b4 (0x00015417) x 8 0x800151b4
core   0: 0x800001b8 (0x0f140413) addi    s0, s0, 241
core   0: 3 0x800001b8 (0x0f140413) x 8 0x800152a5
core   0: 0x800001bc (0x06a40703) lb      a4, 106(s0)
core   0: 3 0x800001bc (0x06a40703) x14 0xffffffc4 mem 0x8001530f
core   0: 0x800001c0 (0x07d40523) sb      t4, 106(s0)
core   0: 3 0x800001c0 (0x07d40523) mem 0x8001530f 0xb8
core   0: 0x800001c4 (0x01eec533) xor     a0, t4, t5
core   0: 3 0x800001c4 (0x01eec533) x10 0x7c3556b8
core   0: 0x800001c8 (0x018fe8b3) or      a7, t6, s8
core   0: 3 0x800001c8 (0x018fe8b3) x17 0xc3321096
core   0: 0x800001cc (0x0083a1b3) slt     gp, t2, s0
core   0: 3 0x800001cc (0x0083a1b3) x 3 0x00000000
core   0: 0x800001d0 (0x01c40603) lb      a2, 28(s0)
core   0: 3 0x800001d0 (0x01c40603) x12 0x0000007a mem 0x800152c1
core   0: 0x800001d4 (0x01c44903) lbu     s2, 28(s0)
core   0: 3 0x800001d4 (0x01c44903) x18 0x0000007a mem 0x800152c1
core   0: 0x800001d8 (0x01c40503) lb      a0, 28(s0)
core   0: 3 0x800001d8 (0x01c40503) x10 0x0000007a mem 0x800152c1
core   0: 0x800001dc (0x01c40b83) lb      s7, 28(s0)
core   0: 3 0x800001dc (0x01c40b83) x23 0x0000007a mem 0x800152c1
core   0: 0x800001e0 (0x00540e23) sb      t0, 28(s0)
core   0: 3 0x800001e0 (0x00540e23) mem 0x800152c1 0xf
core   0: 0x800001e4 (0x001b3d37) lui     s10, 0x1b3
core   0: 3 0x800001e4 (0x001b3d37) x26 0x001b3000
core   0: 0x800001e8 (0x01040e23) sb      a6, 28(s0)
core   0: 3 0x800001e8 (0x01040e23) mem 0x800152c1 0x0
core   0: 0x800001ec (0x00371eb3) sll     t4, a4, gp
core   0: 3 0x800001ec (0x00371eb3) x29 0xffffffc4
core   0: 0x800001f0 (0x01c40f03) lb      t5, 28(s0)
core   0: 3 0x800001f0 (0x01c40f03) x30 0x00000000 mem 0x800152c1
core   0: 0x800001f4 (0x01c40883) lb      a7, 28(s0)
core   0: 3 0x800001f4 (0x01c40883) x17 0x00000000 mem 0x800152c1
core   0: 0x800001f8 (0x01745903) lhu     s2, 23(s0)
core   0: 3 0x800001f8 (0x01745903) x18 0x00007677 mem 0x800152bc
core   0: 0x800001fc (0x00015597) auipc   a1, 0x15
core   0: 3 0x800001fc (0x00015597) x11 0x800151fc
core   0: 0x80000200 (0xff058593) addi    a1, a1, -16
core   0: 3 0x80000200 (0xff058593) x11 0x800151ec
core   0: 0x80000204 (0x0f65d183) lhu     gp, 246(a1)
core   0: 3 0x80000204 (0x0f65d183) x 3 0x00009899 mem 0x800152e2
core   0: 0x80000208 (0x0f558b23) sb      s5, 246(a1)
core   0: 3 0x80000208 (0x0f558b23) mem 0x800152e2 0x0
core   0: 0x8000020c (0x0f058183) lb      gp, 240(a1)
core   0: 3 0x8000020c (0x0f058183) x 3 0xffffff97 mem 0x800152dc
core   0: 0x80000210 (0x0f05cf83) lbu     t6, 240(a1)
core   0: 3 0x80000210 (0x0f05cf83) x31 0x00000097 mem 0x800152dc
core   0: 0x80000214 (0x09d5ce83) lbu     t4, 157(a1)
core   0: 3 0x80000214 (0x09d5ce83) x29 0x00000042 mem 0x80015289
core   0: 0x80000218 (0x09d58903) lb      s2, 157(a1)
core   0: 3 0x80000218 (0x09d58903) x18 0x00000042 mem 0x80015289
core   0: 0x8000021c (0x09d58183) lb      gp, 157(a1)
core   0: 3 0x8000021c (0x09d58183) x 3 0x00000042 mem 0x80015289
core   0: 0x80000220 (0x09d5ca03) lbu     s4, 157(a1)
core   0: 3 0x80000220 (0x09d5ca03) x20 0x00000042 mem 0x80015289
core   0: 0x80000224 (0xf8159f23) sh      ra, -98(a1)
core   0: 3 0x80000224 (0xf8159f23) mem 0x8001518a 0x0000
core   0: 0x80000228 (0x41a0deb3) sra     t4, ra, s10
core   0: 3 0x80000228 (0x41a0deb3) x29 0x37000000
core   0: 0x8000022c (0x007ef933) and     s2, t4, t2
core   0: 3 0x8000022c (0x007ef933) x18 0x00000000
core   0: 0x80000230 (0xe9ab2513) slti    a0, s6, -358
core   0: 3 0x80000230 (0xe9ab2513) x10 0x00000000
core   0: 0x80000234 (0xf9e5d003) lhu     zero, -98(a1)
core   0: 3 0x80000234 (0xf9e5d003) mem 0x8001518a
core   0: 0x80000238 (0xf9659f23) sh      s6, -98(a1)
core   0: 3 0x80000238 (0xf9659f23) mem 0x8001518a 0x004c
core   0: 0x8000023c (0xf9e59d03) lh      s10, -98(a1)
core   0: 3 0x8000023c (0xf9e59d03) x26 0x0000004c mem 0x8001518a
core   0: 0x80000240 (0x03758503) lb      a0, 55(a1)
core   0: 3 0x80000240 (0x03758503) x10 0xffffffd8 mem 0x80015223
core   0: 0x80000244 (0x01863e33) sltu    t3, a2, s8
core   0: 3 0x80000244 (0x01863e33) x28 0x00000000
core   0: 0x80000248 (0xf7b58883) lb      a7, -133(a1)
core   0: 3 0x80000248 (0xf7b58883) x17 0x0000001c mem 0x80015167
core   0: 0x8000024c (0x07e9cf17) auipc   t5, 0x7e9c
core   0: 3 0x8000024c (0x07e9cf17) x30 0x87e9c24c
core   0: 0x80000250 (0x403a5eb3) sra     t4, s4, gp
core   0: 3 0x80000250 (0x403a5eb3) x29 0x00000010
core   0: 0x80000254 (0x01666bb3) or      s7, a2, s6
core   0: 3 0x80000254 (0x01666bb3) x23 0x0000007e
core   0: 0x80000258 (0xf6958da3) sb      s1, -133(a1)
core   0: 3 0x80000258 (0xf6958da3) mem 0x80015167 0x64
core   0: 0x8000025c (0xfdc584a3) sb      t3, -55(a1)
core   0: 3 0x8000025c (0xfdc584a3) mem 0x800151b5 0x0
core   0: 0x80000260 (0xf8d583a3) sb      a3, -121(a1)
core   0: 3 0x80000260 (0xf8d583a3) mem 0x80015173 0x0
core   0: 0x80000264 (0x0001c317) auipc   t1, 0x1c
core   0: 3 0x80000264 (0x0001c317) x 6 0x8001c264
core   0: 0x80000268 (0x47230313) addi    t1, t1, 1138
core   0: 3 0x80000268 (0x47230313) x 6 0x8001c6d6
core   0: 0x8000026c (0x005b37b3) sltu    a5, s6, t0
core   0: 3 0x8000026c (0x005b37b3) x15 0x00000000
core   0: 0x80000270 (0x03f30023) sb      t6, 32(t1)
core   0: 3 0x80000270 (0x03f30023) mem 0x8001c6f6 0x97
core   0: 0x80000274 (0x010ddc33) srl     s8, s11, a6
core   0: 3 0x80000274 (0x010ddc33) x24 0x0000001a
core   0: 0x80000278 (0x01b30a83) lb      s5, 27(t1)
core   0: 3 0x80000278 (0x01b30a83) x21 0xffffffaa mem 0x8001c6f1
core   0: 0x8000027c (0x90230513) addi    a0, t1, -1790
core   0: 3 0x8000027c (0x90230513) x10 0x8001bfd8
core   0: 0x80000280 (0x41b40933) sub     s2, s0, s11
core   0: 3 0x80000280 (0x41b40933) x18 0x8001528b
core   0: 0x80000284 (0x0ff0000f) fence   iorw,iorw
core   0: 3 0x80000284 (0x0ff0000f)
core   0: 0x80000288 (0x62b4ed93) ori     s11, s1, 1579
core   0: 3 0x80000288 (0x62b4ed93) x27 0x0002ae6f
core   0: 0x8000028c (0xfd230a83) lb      s5, -46(t1)
core   0: 3 0x8000028c (0xfd230a83) x21 0x00000063 mem 0x8001c6a8
core   0: 0x80000290 (0x02230903) lb      s2, 34(t1)
core   0: 3 0x80000290 (0x02230903) x18 0xffffffb3 mem 0x8001c6f8
core   0: 0x80000294 (0xfe130a03) lb      s4, -31(t1)
core   0: 3 0x80000294 (0xfe130a03) x20 0x0000006c mem 0x8001c6b7
core   0: 0x80000298 (0x01a32123) sw      s10, 2(t1)
core   0: 3 0x80000298 (0x01a32123) mem 0x8001c6d8 0x0000004c
core   0: 0x8000029c (0xff632903) lw      s2, -10(t1)
core   0: 3 0x8000029c (0xff632903) x18 0x84858687 mem 0x8001c6cc
core   0: 0x800002a0 (0xfd831623) sh      s8, -52(t1)
core   0: 3 0x800002a0 (0xfd831623) mem 0x8001c6a2 0x001a
core   0: 0x800002a4 (0x02030ba3) sb      zero, 55(t1)
core   0: 3 0x800002a4 (0x02030ba3) mem 0x8001c70d 0x0
core   0: 0x800002a8 (0xfe134383) lbu     t2, -31(t1)
core   0: 3 0x800002a8 (0xfe134383) x 7 0x0000006c mem 0x8001c6b7
core   0: 0x800002ac (0xfe530703) lb      a4, -27(t1)
core   0: 3 0x800002ac (0xfe530703) x14 0x00000070 mem 0x8001c6bb
core   0: 0x800002b0 (0x0ff0000f) fence   iorw,iorw
core   0: 3 0x800002b0 (0x0ff0000f)
core   0: 0x800002b4 (0x7b876a93) ori     s5, a4, 1976
core   0: 3 0x800002b4 (0x7b876a93) x21 0x000007f8
core   0: 0x800002b8 (0xfdc5ce93) xori    t4, a1, -36
core   0: 3 0x800002b8 (0xfdc5ce93) x29 0x7ffeae30
core   0: 0x800002bc (0xb067f193) andi    gp, a5, -1274
core   0: 3 0x800002bc (0xb067f193) x 3 0x00000000
core   0: 0x800002c0 (0x00b902b3) add     t0, s2, a1
core   0: 3 0x800002c0 (0x00b902b3) x 5 0x0486d873
core   0: 0x800002c4 (0xfd835a03) lhu     s4, -40(t1)
core   0: 3 0x800002c4 (0xfd835a03) x20 0x00006465 mem 0x8001c6ae
core   0: 0x800002c8 (0x0ff0000f) fence   iorw,iorw
core   0: 3 0x800002c8 (0x0ff0000f)
core   0: 0x800002cc (0x00f306a3) sb      a5, 13(t1)
core   0: 3 0x800002cc (0x00f306a3) mem 0x8001c6e3 0x0
core   0: 0x800002d0 (0x00e22233) slt     tp, tp, a4
core   0: 3 0x800002d0 (0x00e22233) x 4 0x00000001
core   0: 0x800002d4 (0x8be36e97) auipc   t4, 0x8be36
core   0: 3 0x800002d4 (0x8be36e97) x29 0x0be362d4
core   0: 0x800002d8 (0xfc831503) lh      a0, -56(t1)
core   0: 3 0x800002d8 (0xfc831503) x10 0x00005455 mem 0x8001c69e
core   0: 0x800002dc (0x00021197) auipc   gp, 0x21
core   0: 3 0x800002dc (0x00021197) x 3 0x800212dc
core   0: 0x800002e0 (0xf8a18193) addi    gp, gp, -118
core   0: 3 0x800002e0 (0xf8a18193) x 3 0x80021266
core   0: 0x800002e4 (0x00fb6a33) or      s4, s6, a5
core   0: 3 0x800002e4 (0x00fb6a33) x20 0x0000004c
core   0: 0x800002e8 (0x406c0fb3) sub     t6, s8, t1
core   0: 3 0x800002e8 (0x406c0fb3) x31 0x7ffe3944
core   0: 0x800002ec (0xfe3188a3) sb      gp, -15(gp)
core   0: 3 0x800002ec (0xfe3188a3) mem 0x80021257 0x66
core   0: 0x800002f0 (0x040eee13) ori     t3, t4, 64
core   0: 3 0x800002f0 (0x040eee13) x28 0x0be362d4
core   0: 0x800002f4 (0xe709cc13) xori    s8, s3, -400
core   0: 3 0x800002f4 (0xe709cc13) x24 0x7ffd5014
core   0: 0x800002f8 (0xff11c083) lbu     ra, -15(gp)
core   0: 3 0x800002f8 (0xff11c083) x 1 0x00000066 mem 0x80021257
core   0: 0x800002fc (0xeea3c713) xori    a4, t2, -278
core   0: 3 0x800002fc (0xeea3c713) x14 0xfffffe86
core   0: 0x80000300 (0xff118483) lb      s1, -15(gp)
core   0: 3 0x80000300 (0xff118483) x 9 0x00000066 mem 0x80021257
core   0: 0x80000304 (0x0ff0000f) fence   iorw,iorw
core   0: 3 0x80000304 (0x0ff0000f)
core   0: 0x80000308 (0xfe9188a3) sb      s1, -15(gp)
core   0: 3 0x80000308 (0xfe9188a3) mem 0x80021257 0x66
core   0: 0x8000030c (0xff118703) lb      a4, -15(gp)
core   0: 3 0x8000030c (0xff118703) x14 0x00000066 mem 0x80021257
core   0: 0x80000310 (0x40230233) sub     tp, t1, sp
core   0: 3 0x80000310 (0x40230233) x 4 0xfffed9f2
core   0: 0x80000314 (0x00419503) lh      a0, 4(gp)
core   0: 3 0x80000314 (0x00419503) x10 0x00002021 mem 0x8002126a
core   0: 0x80000318 (0x00418203) lb      tp, 4(gp)
core   0: 3 0x80000318 (0x00418203) x 4 0x00000021 mem 0x8002126a
core   0: 0x8000031c (0x0001d083) lhu     ra, 0(gp)
core   0: 3 0x8000031c (0x0001d083) x 1 0x00001c1d mem 0x80021266
core   0: 0x80000320 (0x00519023) sh      t0, 0(gp)
core   0: 3 0x80000320 (0x00519023) mem 0x80021266 0xd873
core   0: 0x80000324 (0xffe1aa83) lw      s5, -2(gp)
core   0: 3 0x80000324 (0xffe1aa83) x21 0xd8731e1f mem 0x80021264
core   0: 0x80000328 (0xfef18f23) sb      a5, -2(gp)
core   0: 3 0x80000328 (0xfef18f23) mem 0x80021264 0x0
core   0: 0x8000032c (0x00016a97) auipc   s5, 0x16
core   0: 3 0x8000032c (0x00016a97) x21 0x8001632c
core   0: 0x80000330 (0x2a8a8a93) addi    s5, s5, 680
core   0: 3 0x80000330 (0x2a8a8a93) x21 0x800165d4
core   0: 0x80000334 (0x004ada03) lhu     s4, 4(s5)
core   0: 3 0x80000334 (0x004ada03) x20 0x00009293 mem 0x800165d8
core   0: 0x80000338 (0x004a8283) lb      t0, 4(s5)
core   0: 3 0x80000338 (0x004a8283) x 5 0xffffff93 mem 0x800165d8
core   0: 0x8000033c (0xff5a8e83) lb      t4, -11(s5)
core   0: 3 0x8000033c (0xff5a8e83) x29 0xffffff82 mem 0x800165c9
core   0: 0x80000340 (0x41665f33) sra     t5, a2, s6
core   0: 3 0x80000340 (0x41665f33) x30 0x00000000
core   0: 0x80000344 (0x001a8283) lb      t0, 1(s5)
core   0: 3 0x80000344 (0x001a8283) x 5 0xffffff8e mem 0x800165d5
core   0: 0x80000348 (0x01daa623) sw      t4, 12(s5)
core   0: 3 0x80000348 (0x01daa623) mem 0x800165e0 0xffffff82
core   0: 0x8000034c (0x012a8623) sb      s2, 12(s5)
core   0: 3 0x8000034c (0x012a8623) mem 0x800165e0 0x87
core   0: 0x80000350 (0x00cad083) lhu     ra, 12(s5)
core   0: 3 0x80000350 (0x00cad083) x 1 0x0000ff87 mem 0x800165e0
core   0: 0x80000354 (0x002a8223) sb      sp, 4(s5)
core   0: 3 0x80000354 (0x002a8223) mem 0x800165d8 0xe4
core   0: 0x80000358 (0x008a8523) sb      s0, 10(s5)
core   0: 3 0x80000358 (0x008a8523) mem 0x800165de 0xa5
core   0: 0x8000035c (0x009aca03) lbu     s4, 9(s5)
core   0: 3 0x8000035c (0x009aca03) x20 0x00000096 mem 0x800165dd
core   0: 0x80000360 (0x00bac503) lbu     a0, 11(s5)
core   0: 3 0x80000360 (0x00bac503) x10 0x00000094 mem 0x800165df
core   0: 0x80000364 (0x007a8283) lb      t0, 7(s5)
core   0: 3 0x80000364 (0x007a8283) x 5 0xffffff90 mem 0x800165db
core   0: 0x80000368 (0x010a83a3) sb      a6, 7(s5)
core   0: 3 0x80000368 (0x010a83a3) mem 0x800165db 0x0
core   0: 0x8000036c (0x00caa383) lw      t2, 12(s5)
core   0: 3 0x8000036c (0x00caa383) x 7 0xffffff87 mem 0x800165e0
core   0: 0x80000370 (0x00aa8623) sb      a0, 12(s5)
core   0: 3 0x80000370 (0x00aa8623) mem 0x800165e0 0x94
core   0: 0x80000374 (0x00ca9903) lh      s2, 12(s5)
core   0: 3 0x80000374 (0x00ca9903) x18 0xffffff94 mem 0x800165e0
core   0: 0x80000378 (0x00f65733) srl     a4, a2, a5
core   0: 3 0x80000378 (0x00f65733) x14 0x0000007a
core   0: 0x8000037c (0x00eaa623) sw      a4, 12(s5)
core   0: 3 0x8000037c (0x00eaa623) mem 0x800165e0 0x0000007a
core   0: 0x80000380 (0x01ba80a3) sb      s11, 1(s5)
core   0: 3 0x80000380 (0x01ba80a3) mem 0x800165d5 0x6f
core   0: 0x80000384 (0x006a8623) sb      t1, 12(s5)
core   0: 3 0x80000384 (0x006a8623) mem 0x800165e0 0xd6
core   0: 0x80000388 (0x00021397) auipc   t2, 0x21
core   0: 3 0x80000388 (0x00021397) x 7 0x80021388
core   0: 0x8000038c (0xf0638393) addi    t2, t2, -250
core   0: 3 0x8000038c (0xf0638393) x 7 0x8002128e
core   0: 0x80000390 (0x00639783) lh      a5, 6(t2)
core   0: 3 0x80000390 (0x00639783) x15 0x00004e4f mem 0x80021294
core   0: 0x80000394 (0x00016c97) auipc   s9, 0x16
core   0: 3 0x80000394 (0x00016c97) x25 0x80016394
core   0: 0x80000398 (0xccec8c93) addi    s9, s9, -818
core   0: 3 0x80000398 (0xccec8c93) x25 0x80016062
core   0: 0x8000039c (0x03339723) sh      s3, 46(t2)
core   0: 3 0x8000039c (0x03339723) mem 0x800212bc 0xae64
core   0: 0x800003a0 (0x006c9783) lh      a5, 6(s9)
core   0: 3 0x800003a0 (0x006c9783) x15 0x00002223 mem 0x80016068
core   0: 0x800003a4 (0x0001aa97) auipc   s5, 0x1a
core   0: 3 0x800003a4 (0x0001aa97) x21 0x8001a3a4
core   0: 0x800003a8 (0x8eca8a93) addi    s5, s5, -1812
core   0: 3 0x800003a8 (0x8eca8a93) x21 0x80019c90
core   0: 0x800003ac (0x0633ce03) lbu     t3, 99(t2)
core   0: 3 0x800003ac (0x0633ce03) x28 0x000000aa mem 0x800212f1
core   0: 0x800003b0 (0x00ccca03) lbu     s4, 12(s9)
core   0: 3 0x800003b0 (0x00ccca03) x20 0x00000025 mem 0x8001606e
core   0: 0x800003b4 (0x03c388a3) sb      t3, 49(t2)
core   0: 3 0x800003b4 (0x03c388a3) mem 0x800212bf 0xaa
core   0: 0x800003b8 (0x00022f97) auipc   t6, 0x22
core   0: 3 0x800003b8 (0x00022f97) x31 0x800223b8
core   0: 0x800003bc (0x99bf8f93) addi    t6, t6, -1637
core   0: 3 0x800003bc (0x99bf8f93) x31 0x80021d53
core   0: 0x800003c0 (0x02da8b03) lb      s6, 45(s5)
core   0: 3 0x800003c0 (0x02da8b03) x22 0x00000076 mem 0x80019cbd
core   0: 0x800003c4 (0x035f8083) lb      ra, 53(t6)
core   0: 3 0x800003c4 (0x035f8083) x 1 0x00000043 mem 0x80021d88
core   0: 0x800003c8 (0x023f8223) sb      gp, 36(t6)
core   0: 3 0x800003c8 (0x023f8223) mem 0x80021d77 0x66
core   0: 0x800003cc (0xfdeacb83) lbu     s7, -34(s5)
core   0: 3 0x800003cc (0xfdeacb83) x23 0x00000025 mem 0x80019c6e
core   0: 0x800003d0 (0x004a9c03) lh      s8, 4(s5)
core   0: 3 0x800003d0 (0x004a9c03) x24 0x00004e4f mem 0x80019c94
core   0: 0x800003d4 (0x02df96a3) sh      a3, 45(t6)
core   0: 3 0x800003d4 (0x02df96a3) mem 0x80021d80 0x0000
core   0: 0x800003d8 (0xffec8883) lb      a7, -2(s9)
core   0: 3 0x800003d8 (0xffec8883) x17 0x0000001b mem 0x80016060
core   0: 0x800003dc (0xf2838503) lb      a0, -216(t2)
core   0: 3 0x800003dc (0xf2838503) x10 0x0000006d mem 0x800211b6
core   0: 0x800003e0 (0xff0c8ba3) sb      a6, -9(s9)
core   0: 3 0x800003e0 (0xff0c8ba3) mem 0x80016059 0x0
core   0: 0x800003e4 (0x032ac783) lbu     a5, 50(s5)
core   0: 3 0x800003e4 (0x032ac783) x15 0x00000079 mem 0x80019cc2
core   0: 0x800003e8 (0xf3f384a3) sb      t6, -215(t2)
core   0: 3 0x800003e8 (0xf3f384a3) mem 0x800211b7 0x53
core   0: 0x800003ec (0x00cad903) lhu     s2, 12(s5)
core   0: 3 0x800003ec (0x00cad903) x18 0x00005657 mem 0x80019c9c
core   0: 0x800003f0 (0x018f8883) lb      a7, 24(t6)
core   0: 3 0x800003f0 (0x018f8883) x17 0x00000020 mem 0x80021d6b
core   0: 0x800003f4 (0xfc938803) lb      a6, -55(t2)
core   0: 3 0x800003f4 (0xfc938803) x16 0x00000066 mem 0x80021257
core   0: 0x800003f8 (0x002c8b03) lb      s6, 2(s9)
core   0: 3 0x800003f8 (0x002c8b03) x22 0x0000001f mem 0x80016064
core   0: 0x800003fc (0xfeafce83) lbu     t4, -22(t6)
core   0: 3 0x800003fc (0xfeafce83) x29 0x000000f6 mem 0x80021d3d
core   0: 0x80000400 (0xfcca83a3) sb      a2, -57(s5)
core   0: 3 0x80000400 (0xfcca83a3) mem 0x80019c57 0x7a
core   0: 0x80000404 (0x029f8003) lb      zero, 41(t6)
core   0: 3 0x80000404 (0x029f8003) mem 0x80021d7c
core   0: 0x80000408 (0x033f8723) sb      s3, 46(t6)
core   0: 3 0x80000408 (0x033f8723) mem 0x80021d81 0x64
core   0: 0x8000040c (0xfc6385a3) sb      t1, -53(t2)
core   0: 3 0x8000040c (0xfc6385a3) mem 0x80021259 0xd6
core   0: 0x80000410 (0xff53c003) lbu     zero, -11(t2)
core   0: 3 0x80000410 (0xff53c003) mem 0x80021283
core   0: 0x80000414 (0xfd6ad483) lhu     s1, -42(s5)
core   0: 3 0x80000414 (0xfd6ad483) x 9 0x00001c1d mem 0x80019c66
core   0: 0x80000418 (0x00016317) auipc   t1, 0x16
core   0: 3 0x80000418 (0x00016317) x 6 0x80016418
core   0: 0x8000041c (0x75130313) addi    t1, t1, 1873
core   0: 3 0x8000041c (0x75130313) x 6 0x80016b69
core   0: 0x80000420 (0xc7acb213) sltiu   tp, s9, -902
core   0: 3 0x80000420 (0xc7acb213) x 4 0x00000001
core   0: 0x80000424 (0x00630823) sb      t1, 16(t1)
core   0: 3 0x80000424 (0x00630823) mem 0x80016b79 0x69
core   0: 0x80000428 (0x01034703) lbu     a4, 16(t1)
core   0: 3 0x80000428 (0x01034703) x14 0x00000069 mem 0x80016b79
core   0: 0x8000042c (0x01034883) lbu     a7, 16(t1)
core   0: 3 0x8000042c (0x01034883) x17 0x00000069 mem 0x80016b79
core   0: 0x80000430 (0x01030583) lb      a1, 16(t1)
core   0: 3 0x80000430 (0x01030583) x11 0x00000069 mem 0x80016b79
core   0: 0x80000434 (0x01030603) lb      a2, 16(t1)
core   0: 3 0x80000434 (0x01030603) x12 0x00000069 mem 0x80016b79
core   0: 0x80000438 (0x01730823) sb      s7, 16(t1)
core   0: 3 0x80000438 (0x01730823) mem 0x80016b79 0x25
core   0: 0x8000043c (0x00430823) sb      tp, 16(t1)
core   0: 3 0x8000043c (0x00430823) mem 0x80016b79 0x1
core   0: 0x80000440 (0x00b32703) lw      a4, 11(t1)
core   0: 3 0x80000440 (0x00b32703) x14 0x2c2d2e2f mem 0x80016b74
core   0: 0x80000444 (0x00b30c03) lb      s8, 11(t1)
core   0: 3 0x80000444 (0x00b30c03) x24 0x0000002f mem 0x80016b74
core   0: 0x80000448 (0x014f9bb3) sll     s7, t6, s4
core   0: 3 0x80000448 (0x014f9bb3) x23 0x0043aa60
core   0: 0x8000044c (0x01f325a3) sw      t6, 11(t1)
core   0: 3 0x8000044c (0x01f325a3) mem 0x80016b74 0x80021d53
core   0: 0x80000450 (0xff030e23) sb      a6, -4(t1)
core   0: 3 0x80000450 (0xff030e23) mem 0x80016b65 0x66
core   0: 0x80000454 (0x9e03aa93) slti    s5, t2, -1568
core   0: 3 0x80000454 (0x9e03aa93) x21 0x00000001
core   0: 0x80000458 (0x00735703) lhu     a4, 7(t1)
core   0: 3 0x80000458 (0x00735703) x14 0x00002a2b mem 0x80016b70
core   0: 0x8000045c (0x1b4c9297) auipc   t0, 0x1b4c9
core   0: 3 0x8000045c (0x1b4c9297) x 5 0x9b4c945c
core   0: 0x80000460 (0x00731003) lh      zero, 7(t1)
core   0: 3 0x80000460 (0x00731003) mem 0x80016b70
core   0: 0x80000464 (0x00c30c83) lb      s9, 12(t1)
core   0: 3 0x80000464 (0x00c30c83) x25 0x0000001d mem 0x80016b75
core   0: 0x80000468 (0x00016817) auipc   a6, 0x16
core   0: 3 0x80000468 (0x00016817) x16 0x80016468
core   0: 0x8000046c (0x9e280813) addi    a6, a6, -1566
core   0: 3 0x8000046c (0x9e280813) x16 0x80015e4a
core   0: 0x80000470 (0x60b4bf93) sltiu   t6, s1, 1547
core   0: 3 0x80000470 (0x60b4bf93) x31 0x00000000
core   0: 0x80000474 (0xff685e83) lhu     t4, -10(a6)
core   0: 3 0x80000474 (0xff685e83) x29 0x0000fafb mem 0x80015e40
core   0: 0x80000478 (0xff880c03) lb      s8, -8(a6)
core   0: 3 0x80000478 (0xff880c03) x24 0xfffffff9 mem 0x80015e42
core   0: 0x8000047c (0x00bc97b3) sll     a5, s9, a1
core   0: 3 0x8000047c (0x00bc97b3) x15 0x00003a00
core   0: 0x80000480 (0xff685483) lhu     s1, -10(a6)
core   0: 3 0x80000480 (0xff685483) x 9 0x0000fafb mem 0x80015e40
core   0: 0x80000484 (0x01a81623) sh      s10, 12(a6)
core   0: 3 0x80000484 (0x01a81623) mem 0x80015e56 0x004c
core   0: 0x80000488 (0x00496333) or      t1, s2, tp
core   0: 3 0x80000488 (0x00496333) x 6 0x00005657
core   0: 0x8000048c (0x414cdbb3) sra     s7, s9, s4
core   0: 3 0x8000048c (0x414cdbb3) x23 0x00000000
core   0: 0x80000490 (0xff880ca3) sb      s8, -7(a6)
core   0: 3 0x80000490 (0xff880ca3) mem 0x80015e43 0xf9
core   0: 0x80000494 (0x41868ab3) sub     s5, a3, s8
core   0: 3 0x80000494 (0x41868ab3) x21 0x80000007
core   0: 0x80000498 (0x00480883) lb      a7, 4(a6)
core   0: 3 0x80000498 (0x00480883) x17 0x00000005 mem 0x80015e4e
core   0: 0x8000049c (0x00a84283) lbu     t0, 10(a6)
core   0: 3 0x8000049c (0x00a84283) x 5 0x0000000f mem 0x80015e54
core   0: 0x800004a0 (0xff384b03) lbu     s6, -13(a6)
core   0: 3 0x800004a0 (0xff384b03) x22 0x000000f6 mem 0x80015e3d
core   0: 0x800004a4 (0x00b9c1b3) xor     gp, s3, a1
core   0: 3 0x800004a4 (0x00b9c1b3) x 3 0x8002ae0d
core   0: 0x800004a8 (0xff184603) lbu     a2, -15(a6)
core   0: 3 0x800004a8 (0xff184603) x12 0x000000f0 mem 0x80015e3b
core   0: 0x800004ac (0xffa81923) sh      s10, -14(a6)
core   0: 3 0x800004ac (0xffa81923) mem 0x80015e3c 0x004c
core   0: 0x800004b0 (0xffc84d03) lbu     s10, -4(a6)
core   0: 3 0x800004b0 (0xffc84d03) x26 0x000000fd mem 0x80015e46
core   0: 0x800004b4 (0xff480183) lb      gp, -12(a6)
core   0: 3 0x800004b4 (0xff480183) x 3 0xfffffff5 mem 0x80015e3e
core   0: 0x800004b8 (0xc5208f13) addi    t5, ra, -942
core   0: 3 0x800004b8 (0xc5208f13) x30 0xfffffc95
core   0: 0x800004bc (0xffd82923) sw      t4, -14(a6)
core   0: 3 0x800004bc (0xffd82923) mem 0x80015e3c 0x0000fafb
core   0: 0x800004c0 (0x40955033) sra     zero, a0, s1
core   0: 3 0x800004c0 (0x40955033)
core   0: 0x800004c4 (0x00080e83) lb      t4, 0(a6)
core   0: 3 0x800004c4 (0x00080e83) x29 0x00000001 mem 0x80015e4a
core   0: 0x800004c8 (0xfe980d23) sb      s1, -6(a6)
core   0: 3 0x800004c8 (0xfe980d23) mem 0x80015e44 0xfb
core   0: 0x800004cc (0x0747c893) xori    a7, a5, 116
core   0: 3 0x800004cc (0x0747c893) x17 0x00003a74
core   0: 0x800004d0 (0x00085603) lhu     a2, 0(a6)
core   0: 3 0x800004d0 (0x00085603) x12 0x00000001 mem 0x80015e4a
core   0: 0x800004d4 (0xff780203) lb      tp, -9(a6)
core   0: 3 0x800004d4 (0xff780203) x 4 0xfffffffa mem 0x80015e41
core   0: 0x800004d8 (0x00682703) lw      a4, 6(a6)
core   0: 3 0x800004d8 (0x00682703) x14 0x08090a0b mem 0x80015e50
core   0: 0x800004dc (0x01edd913) srli    s2, s11, 30
core   0: 3 0x800004dc (0x01edd913) x18 0x00000000
core   0: 0x800004e0 (0x01cf9e93) slli    t4, t6, 28
core   0: 3 0x800004e0 (0x01cf9e93) x29 0x00000000
core   0: 0x800004e4 (0x29d17897) auipc   a7, 0x29d17
core   0: 3 0x800004e4 (0x29d17897) x17 0xa9d174e4
core   0: 0x800004e8 (0x00384603) lbu     a2, 3(a6)
core   0: 3 0x800004e8 (0x00384603) x12 0x00000006 mem 0x80015e4d
core   0: 0x800004ec (0x00780883) lb      a7, 7(a6)
core   0: 3 0x800004ec (0x00780883) x17 0x0000000a mem 0x80015e51
core   0: 0x800004f0 (0xffd84c03) lbu     s8, -3(a6)
core   0: 3 0x800004f0 (0xffd84c03) x24 0x000000fc mem 0x80015e47
core   0: 0x800004f4 (0xb11c8c93) addi    s9, s9, -1263
core   0: 3 0x800004f4 (0xb11c8c93) x25 0xfffffb2e
core   0: 0x800004f8 (0x41065913) srai    s2, a2, 16
core   0: 3 0x800004f8 (0x41065913) x18 0x00000000
core   0: 0x800004fc (0x0175a933) slt     s2, a1, s7
core   0: 3 0x800004fc (0x0175a933) x18 0x00000000
core   0: 0x80000500 (0x7f9160b7) lui     ra, 0x7f916
core   0: 3 0x80000500 (0x7f9160b7) x 1 0x7f916000
core   0: 0x80000504 (0x015edab3) srl     s5, t4, s5
core   0: 3 0x80000504 (0x015edab3) x21 0x00000000
core   0: 0x80000508 (0x01081583) lh      a1, 16(a6)
core   0: 3 0x80000508 (0x01081583) x11 0x00001011 mem 0x80015e5a
core   0: 0x8000050c (0x00a82e03) lw      t3, 10(a6)
core   0: 3 0x8000050c (0x00a82e03) x28 0x004c0e0f mem 0x80015e54
core   0: 0x80000510 (0x1c21f393) andi    t2, gp, 450
core   0: 3 0x80000510 (0x1c21f393) x 7 0x000001c0
core   0: 0x80000514 (0xff880303) lb      t1, -8(a6)
core   0: 3 0x80000514 (0xff880303) x 6 0xfffffff9 mem 0x80015e42
core   0: 0x80000518 (0xff984383) lbu     t2, -7(a6)
core   0: 3 0x80000518 (0xff984383) x 7 0x000000f9 mem 0x80015e43
core   0: 0x8000051c (0x8688e893) ori     a7, a7, -1944
core   0: 3 0x8000051c (0x8688e893) x17 0xfffff86a
core   0: 0x80000520 (0x00682283) lw      t0, 6(a6)
core   0: 3 0x80000520 (0x00682283) x 5 0x08090a0b mem 0x80015e50
core   0: 0x80000524 (0xa6932493) slti    s1, t1, -1431
core   0: 3 0x80000524 (0xa6932493) x 9 0x00000000
core   0: 0x80000528 (0x01479c93) slli    s9, a5, 20
core   0: 3 0x80000528 (0x01479c93) x25 0xa0000000
core   0: 0x8000052c (0x01572ab3) slt     s5, a4, s5
core   0: 3 0x8000052c (0x01572ab3) x21 0x00000000
core   0: 0x80000530 (0x007325b3) slt     a1, t1, t2
core   0: 3 0x80000530 (0x007325b3) x11 0x00000001
core   0: 0x80000534 (0x002bfbb3) and     s7, s7, sp
core   0: 3 0x80000534 (0x002bfbb3) x23 0x00000000
core   0: 0x80000538 (0xfff84703) lbu     a4, -1(a6)
core   0: 3 0x80000538 (0xfff84703) x14 0x00000002 mem 0x80015e49
core   0: 0x8000053c (0x46acf213) andi    tp, s9, 1130
core   0: 3 0x8000053c (0x46acf213) x 4 0x00000000
core   0: 0x80000540 (0x005c3db3) sltu    s11, s8, t0
core   0: 3 0x80000540 (0x005c3db3) x27 0x00000001
core   0: 0x80000544 (0x4127d433) sra     s0, a5, s2
core   0: 3 0x80000544 (0x4127d433) x 8 0x00003a00
core   0: 0x80000548 (0x009dd593) srli    a1, s11, 9
core   0: 3 0x80000548 (0x009dd593) x11 0x00000000
core   0: 0x8000054c (0x3249ca17) auipc   s4, 0x3249c
core   0: 3 0x8000054c (0x3249ca17) x20 0xb249c54c
core   0: 0x80000550 (0x00084383) lbu     t2, 0(a6)
core   0: 3 0x80000550 (0x00084383) x 7 0x00000001 mem 0x80015e4a
core   0: 0x80000554 (0xffd80e03) lb      t3, -3(a6)
core   0: 3 0x80000554 (0xffd80e03) x28 0xfffffffc mem 0x80015e47
core   0: 0x80000558 (0xffb80ca3) sb      s11, -7(a6)
core   0: 3 0x80000558 (0xffb80ca3) mem 0x80015e43 0x1
core   0: 0x8000055c (0x0001ee97) auipc   t4, 0x1e
core   0: 3 0x8000055c (0x0001ee97) x29 0x8001e55c
core   0: 0x80000560 (0xb59e8e93) addi    t4, t4, -1191
core   0: 3 0x80000560 (0xb59e8e93) x29 0x8001e0b5
core   0: 0x80000564 (0x57480b13) addi    s6, a6, 1396
core   0: 3 0x80000564 (0x57480b13) x22 0x800163be
core   0: 0x80000568 (0x1a6ea1a3) sw      t1, 419(t4)
core   0: 3 0x80000568 (0x1a6ea1a3) mem 0x8001e258 0xfffffff9
core   0: 0x8000056c (0xf17e8e23) sb      s7, -228(t4)
core   0: 3 0x8000056c (0xf17e8e23) mem 0x8001dfd1 0x0
core   0: 0x80000570 (0x0cce8503) lb      a0, 204(t4)
core   0: 3 0x80000570 (0x0cce8503) x10 0x0000003a mem 0x8001e181
core   0: 0x80000574 (0x4bfe96a3) sh      t6, 1197(t4)
core   0: 3 0x80000574 (0x4bfe96a3) mem 0x8001e562 0x0000
core   0: 0x80000578 (0x016f1d13) slli    s10, t5, 22
core   0: 3 0x80000578 (0x016f1d13) x26 0x25400000
core   0: 0x8000057c (0x00117b13) andi    s6, sp, 1
core   0: 3 0x8000057c (0x00117b13) x22 0x00000000
core   0: 0x80000580 (0xaf2ec583) lbu     a1, -1294(t4)
core   0: 3 0x80000580 (0xaf2ec583) x11 0x0000005c mem 0x8001dba7
core   0: 0x80000584 (0xa70f0a97) auipc   s5, 0xa70f0
core   0: 3 0x80000584 (0xa70f0a97) x21 0x270f0584
core   0: 0x80000588 (0x9f130c93) addi    s9, t1, -1551
core   0: 3 0x80000588 (0x9f130c93) x25 0xfffff9ea
core   0: 0x8000058c (0x00779c93) slli    s9, a5, 7
core   0: 3 0x8000058c (0x00779c93) x25 0x001d0000
core   0: 0x80000590 (0x00a19d13) slli    s10, gp, 10
core   0: 3 0x80000590 (0x00a19d13) x26 0xffffd400
core   0: 0x80000594 (0x40645cb3) sra     s9, s0, t1
core   0: 3 0x80000594 (0x40645cb3) x25 0x00000000
core   0: 0x80000598 (0xac69f813) andi    a6, s3, -1338
core   0: 3 0x80000598 (0xac69f813) x16 0x8002aa44
core   0: 0x8000059c (0x00000013) nop
core   0: 3 0x8000059c (0x00000013)
core   0: 0x800005a0 (0x019bf633) and     a2, s7, s9
core   0: 3 0x800005a0 (0x019bf633) x12 0x00000000
core   0: 0x800005a4 (0x00000013) nop
core   0: 3 0x800005a4 (0x00000013)
core   0: 0x800005a8 (0x90aec703) lbu     a4, -1782(t4)
core   0: 3 0x800005a8 (0x90aec703) x14 0x00000074 mem 0x8001d9bf
core   0: 0x800005ac (0x005fca33) xor     s4, t6, t0
core   0: 3 0x800005ac (0x005fca33) x20 0x08090a0b
core   0: 0x800005b0 (0x000bc333) xor     t1, s7, zero
core   0: 3 0x800005b0 (0x000bc333) x 6 0x00000000
core   0: 0x800005b4 (0x00b49033) sll     zero, s1, a1
core   0: 3 0x800005b4 (0x00b49033)
core   0: 0x800005b8 (0x012e7633) and     a2, t3, s2
core   0: 3 0x800005b8 (0x012e7633) x12 0x00000000
core   0: 0x800005bc (0x0000100f) fence.i
core   0: 3 0x800005bc (0x0000100f)
core   0: 0x800005c0 (0x881ea9a3) sw      ra, -1901(t4)
core   0: 3 0x800005c0 (0x881ea9a3) mem 0x8001d948 0x7f916000
core   0: 0x800005c4 (0x0000100f) fence.i
core   0: 3 0x800005c4 (0x0000100f)
core   0: 0x800005c8 (0x00000013) nop
core   0: 3 0x800005c8 (0x00000013)
core   0: 0x800005cc (0xad5e81a3) sb      s5, -1341(t4)
core   0: 3 0x800005cc (0xad5e81a3) mem 0x8001db78 0x84
core   0: 0x800005d0 (0x009360b3) or      ra, t1, s1
core   0: 3 0x800005d0 (0x009360b3) x 1 0x00000000
core   0: 0x800005d4 (0x01d9a1b3) slt     gp, s3, t4
core   0: 3 0x800005d4 (0x01d9a1b3) x 3 0x00000000
core   0: 0x800005d8 (0x40a1dd13) srai    s10, gp, 10
core   0: 3 0x800005d8 (0x40a1dd13) x26 0x00000000
core   0: 0x800005dc (0x0bbea383) lw      t2, 187(t4)
core   0: 3 0x800005dc (0x0bbea383) x 7 0x28292a2b mem 0x8001e170
core   0: 0x800005e0 (0x5b4e98a3) sh      s4, 1457(t4)
core   0: 3 0x800005e0 (0x5b4e98a3) mem 0x8001e666 0x0a0b
core   0: 0x800005e4 (0x014a3533) sltu    a0, s4, s4
core   0: 3 0x800005e4 (0x014a3533) x10 0x00000000
core   0: 0x800005e8 (0xf6d8a393) slti    t2, a7, -147
core   0: 3 0x800005e8 (0xf6d8a393) x 7 0x00000001
core   0: 0x800005ec (0x1c8ec903) lbu     s2, 456(t4)
core   0: 3 0x800005ec (0x1c8ec903) x18 0x00000036 mem 0x8001e27d
core   0: 0x800005f0 (0x00015c17) auipc   s8, 0x15
core   0: 3 0x800005f0 (0x00015c17) x24 0x800155f0
core   0: 0x800005f4 (0xf15c0c13) addi    s8, s8, -235
core   0: 3 0x800005f4 (0xf15c0c13) x24 0x80015505
core   0: 0x800005f8 (0x00ec4f83) lbu     t6, 14(s8)
core   0: 3 0x800005f8 (0x00ec4f83) x31 0x000000c8 mem 0x80015513
core   0: 0x800005fc (0x00ec0183) lb      gp, 14(s8)
core   0: 3 0x800005fc (0x00ec0183) x 3 0xffffffc8 mem 0x80015513
core   0: 0x80000600 (0x00ec4203) lbu     tp, 14(s8)
core   0: 3 0x80000600 (0x00ec4203) x 4 0x000000c8 mem 0x80015513
core   0: 0x80000604 (0x00ec0383) lb      t2, 14(s8)
core   0: 3 0x80000604 (0x00ec0383) x 7 0xffffffc8 mem 0x80015513
core   0: 0x80000608 (0x00ec0383) lb      t2, 14(s8)
core   0: 3 0x80000608 (0x00ec0383) x 7 0xffffffc8 mem 0x80015513
core   0: 0x8000060c (0x003c0723) sb      gp, 14(s8)
core   0: 3 0x8000060c (0x003c0723) mem 0x80015513 0xc8
core   0: 0x80000610 (0x01fc0723) sb      t6, 14(s8)
core   0: 3 0x80000610 (0x01fc0723) mem 0x80015513 0xc8
core   0: 0x80000614 (0x00ec0b03) lb      s6, 14(s8)
core   0: 3 0x80000614 (0x00ec0b03) x22 0xffffffc8 mem 0x80015513
core   0: 0x80000618 (0x00fe9613) slli    a2, t4, 15
core   0: 3 0x80000618 (0x00fe9613) x12 0xf05a8000
core   0: 0x8000061c (0x018c0723) sb      s8, 14(s8)
core   0: 3 0x8000061c (0x018c0723) mem 0x80015513 0x5
core   0: 0x80000620 (0x01bc0023) sb      s11, 0(s8)
core   0: 3 0x80000620 (0x01bc0023) mem 0x80015505 0x1
core   0: 0x80000624 (0x004c4d83) lbu     s11, 4(s8)
core   0: 3 0x80000624 (0x004c4d83) x27 0x000000c2 mem 0x80015509
core   0: 0x80000628 (0x004c4d83) lbu     s11, 4(s8)
core   0: 3 0x80000628 (0x004c4d83) x27 0x000000c2 mem 0x80015509
core   0: 0x8000062c (0x004c4d03) lbu     s10, 4(s8)
core   0: 3 0x8000062c (0x004c4d03) x26 0x000000c2 mem 0x80015509
core   0: 0x80000630 (0x004c0483) lb      s1, 4(s8)
core   0: 3 0x80000630 (0x004c0483) x 9 0xffffffc2 mem 0x80015509
core   0: 0x80000634 (0x01ec0223) sb      t5, 4(s8)
core   0: 3 0x80000634 (0x01ec0223) mem 0x80015509 0x95
core   0: 0x80000638 (0x004c4003) lbu     zero, 4(s8)
core   0: 3 0x80000638 (0x004c4003) mem 0x80015509
core   0: 0x8000063c (0x001c0623) sb      ra, 12(s8)
core   0: 3 0x8000063c (0x001c0623) mem 0x80015511 0x0
core   0: 0x80000640 (0x00cc0403) lb      s0, 12(s8)
core   0: 3 0x80000640 (0x00cc0403) x 8 0x00000000 mem 0x80015511
core   0: 0x80000644 (0x00fc0623) sb      a5, 12(s8)
core   0: 3 0x80000644 (0x00fc0623) mem 0x80015511 0x0
core   0: 0x80000648 (0x00015e17) auipc   t3, 0x15
core   0: 3 0x80000648 (0x00015e17) x28 0x80015648
core   0: 0x8000064c (0xe4ee0e13) addi    t3, t3, -434
core   0: 3 0x8000064c (0xe4ee0e13) x28 0x80015496
core   0: 0x80000650 (0xfe4e1823) sh      tp, -16(t3)
core   0: 3 0x80000650 (0xfe4e1823) mem 0x80015486 0x00c8
core   0: 0x80000654 (0x00ee00a3) sb      a4, 1(t3)
core   0: 3 0x80000654 (0x00ee00a3) mem 0x80015497 0x74
core   0: 0x80000658 (0x010e5b83) lhu     s7, 16(t3)
core   0: 3 0x80000658 (0x010e5b83) x23 0x00005c5d mem 0x800154a6
core   0: 0x8000065c (0xffae2e83) lw      t4, -6(t3)
core   0: 3 0x8000065c (0xffae2e83) x29 0x48494a4b mem 0x80015490
core   0: 0x80000660 (0x002e2603) lw      a2, 2(t3)
core   0: 3 0x80000660 (0x002e2603) x12 0x50515253 mem 0x80015498
core   0: 0x80000664 (0x007f1513) slli    a0, t5, 7
core   0: 3 0x80000664 (0x007f1513) x10 0xfffe4a80
core   0: 0x80000668 (0x0ff0000f) fence   iorw,iorw
core   0: 3 0x80000668 (0x0ff0000f)
core   0: 0x8000066c (0x40d404b3) sub     s1, s0, a3
core   0: 3 0x8000066c (0x40d404b3) x 9 0x80000000
core   0: 0x80000670 (0xc5fe4213) xori    tp, t3, -929
core   0: 3 0x80000670 (0xc5fe4213) x 4 0x7ffea8c9
core   0: 0x80000674 (0xff3e0f83) lb      t6, -13(t3)
core   0: 3 0x80000674 (0xff3e0f83) x31 0x00000042 mem 0x80015489
core   0: 0x80000678 (0x40da50b3) sra     ra, s4, a3
core   0: 3 0x80000678 (0x40da50b3) x 1 0x08090a0b
core   0: 0x8000067c (0x004e1f03) lh      t5, 4(t3)
core   0: 3 0x8000067c (0x004e1f03) x30 0x00005051 mem 0x8001549a
core   0: 0x80000680 (0x28d38913) addi    s2, t2, 653
core   0: 3 0x80000680 (0x28d38913) x18 0x00000255
core   0: 0x80000684 (0xff8e5383) lhu     t2, -8(t3)
core   0: 3 0x80000684 (0xff8e5383) x 7 0x00004445 mem 0x8001548e
core   0: 0x80000688 (0x95fe8093) addi    ra, t4, -1697
core   0: 3 0x80000688 (0x95fe8093) x 1 0x484943aa
core   0: 0x8000068c (0x00f26ab3) or      s5, tp, a5
core   0: 3 0x8000068c (0x00f26ab3) x21 0x7ffebac9
core   0: 0x80000690 (0x71803413) sltiu   s0, zero, 1816
core   0: 3 0x80000690 (0x71803413) x 8 0x00000001
core   0: 0x80000694 (0xff7e0fa3) sb      s7, -1(t3)
core   0: 3 0x80000694 (0xff7e0fa3) mem 0x80015495 0x5d
core   0: 0x80000698 (0xeffacc13) xori    s8, s5, -257
core   0: 3 0x80000698 (0xeffacc13) x24 0x80014436
core   0: 0x8000069c (0x4135d093) srai    ra, a1, 19
core   0: 3 0x8000069c (0x4135d093) x 1 0x00000000
core   0: 0x800006a0 (0x002e1403) lh      s0, 2(t3)
core   0: 3 0x800006a0 (0x002e1403) x 8 0x00005253 mem 0x80015498
core   0: 0x800006a4 (0xd9da6e93) ori     t4, s4, -611
core   0: 3 0x800006a4 (0xd9da6e93) x29 0xffffff9f
core   0: 0x800006a8 (0x5f8de193) ori     gp, s11, 1528
core   0: 3 0x800006a8 (0x5f8de193) x 3 0x000005fa
core   0: 0x800006ac (0x00ae1883) lh      a7, 10(t3)
core   0: 3 0x800006ac (0x00ae1883) x17 0x00005a5b mem 0x800154a0
core   0: 0x800006b0 (0xefa12593) slti    a1, sp, -262
core   0: 3 0x800006b0 (0xefa12593) x11 0x00000001
core   0: 0x800006b4 (0x00ae0583) lb      a1, 10(t3)
core   0: 3 0x800006b4 (0x00ae0583) x11 0x0000005b mem 0x800154a0
core   0: 0x800006b8 (0x002e0123) sb      sp, 2(t3)
core   0: 3 0x800006b8 (0x002e0123) mem 0x80015498 0xe4
core   0: 0x800006bc (0x00659613) slli    a2, a1, 6
core   0: 3 0x800006bc (0x00659613) x12 0x000016c0
core   0: 0x800006c0 (0x005e1623) sh      t0, 12(t3)
core   0: 3 0x800006c0 (0x005e1623) mem 0x800154a2 0x0a0b
core   0: 0x800006c4 (0x006e1403) lh      s0, 6(t3)
core   0: 3 0x800006c4 (0x006e1403) x 8 0x00005657 mem 0x8001549c
core   0: 0x800006c8 (0xfe4e0ba3) sb      tp, -9(t3)
core   0: 3 0x800006c8 (0xfe4e0ba3) mem 0x8001548d 0xc9
core   0: 0x800006cc (0x00aa95b3) sll     a1, s5, a0
core   0: 3 0x800006cc (0x00aa95b3) x11 0x7ffebac9
core   0: 0x800006d0 (0x008e5b03) lhu     s6, 8(t3)
core   0: 3 0x800006d0 (0x008e5b03) x22 0x00005455 mem 0x8001549e
core   0: 0x800006d4 (0xff4e0d83) lb      s11, -12(t3)
core   0: 3 0x800006d4 (0xff4e0d83) x27 0x00000041 mem 0x8001548a
core   0: 0x800006d8 (0x000e1a83) lh      s5, 0(t3)
core   0: 3 0x800006d8 (0x000e1a83) x21 0x0000744d mem 0x80015496
core   0: 0x800006dc (0xffae4d83) lbu     s11, -6(t3)
core   0: 3 0x800006dc (0xffae4d83) x27 0x0000004b mem 0x80015490
core   0: 0x800006e0 (0x00331cb3) sll     s9, t1, gp
core   0: 3 0x800006e0 (0x00331cb3) x25 0x00000000
core   0: 0x800006e4 (0x0097c5b3) xor     a1, a5, s1
core   0: 3 0x800006e4 (0x0097c5b3) x11 0x80003a00
core   0: 0x800006e8 (0xfffe1c23) sh      t6, -8(t3)
core   0: 3 0x800006e8 (0xfffe1c23) mem 0x8001548e 0x0042
core   0: 0x800006ec (0x00ee0003) lb      zero, 14(t3)
core   0: 3 0x800006ec (0x00ee0003) mem 0x800154a4
core   0: 0x800006f0 (0xffae5283) lhu     t0, -6(t3)
core   0: 3 0x800006f0 (0xffae5283) x 5 0x00004a4b mem 0x80015490
core   0: 0x800006f4 (0xff7e4483) lbu     s1, -9(t3)
core   0: 3 0x800006f4 (0xff7e4483) x 9 0x000000c9 mem 0x8001548d
core   0: 0x800006f8 (0x006e2d83) lw      s11, 6(t3)
core   0: 3 0x800006f8 (0x006e2d83) x27 0x54555657 mem 0x8001549c
core   0: 0x800006fc (0x0b9b3bb7) lui     s7, 0xb9b3
core   0: 3 0x800006fc (0x0b9b3bb7) x23 0x0b9b3000
core   0: 0x80000700 (0x4155d293) srai    t0, a1, 21
core   0: 3 0x80000700 (0x4155d293) x 5 0xfffffc00
core   0: 0x80000704 (0xfffe0a83) lb      s5, -1(t3)
core   0: 3 0x80000704 (0xfffe0a83) x21 0x0000005d mem 0x80015495
core   0: 0x80000708 (0x01dee8b3) or      a7, t4, t4
core   0: 3 0x80000708 (0x01dee8b3) x17 0xffffff9f
core   0: 0x8000070c (0x00ae1083) lh      ra, 10(t3)
core   0: 3 0x8000070c (0x00ae1083) x 1 0x00005a5b mem 0x800154a0
core   0: 0x80000710 (0x0041f333) and     t1, gp, tp
core   0: 3 0x80000710 (0x0041f333) x 6 0x000000c8
core   0: 0x80000714 (0x00792933) slt     s2, s2, t2
core   0: 3 0x80000714 (0x00792933) x18 0x00000001
core   0: 0x80000718 (0x9a627013) andi    zero, tp, -1626
core   0: 3 0x80000718 (0x9a627013)
core   0: 0x8000071c (0x01f172b3) and     t0, sp, t6
core   0: 3 0x8000071c (0x01f172b3) x 5 0x00000040
core   0: 0x80000720 (0x008e1723) sh      s0, 14(t3)
core   0: 3 0x80000720 (0x008e1723) mem 0x800154a4 0x5657
core   0: 0x80000724 (0xffde4803) lbu     a6, -3(t3)
core   0: 3 0x80000724 (0xffde4803) x16 0x00000048 mem 0x80015493
core   0: 0x80000728 (0x00019517) auipc   a0, 0x19
core   0: 3 0x80000728 (0x00019517) x10 0x80019728
core   0: 0x8000072c (0xc1350513) addi    a0, a0, -1005
core   0: 3 0x8000072c (0xc1350513) x10 0x8001933b
core   0: 0x80000730 (0x883fb213) sltiu   tp, t6, -1917
core   0: 3 0x80000730 (0x883fb213) x 4 0x00000001
core   0: 0x80000734 (0x6f1b6b93) ori     s7, s6, 1777
core   0: 3 0x80000734 (0x6f1b6b93) x23 0x000056f5
core   0: 0x80000738 (0x01654f03) lbu     t5, 22(a0)
core   0: 3 0x80000738 (0x01654f03) x30 0x0000000a mem 0x80019351
core   0: 0x8000073c (0xe497ef13) ori     t5, a5, -439
core   0: 3 0x8000073c (0xe497ef13) x30 0xfffffe49
core   0: 0x80000740 (0x00fc6f33) or      t5, s8, a5
core   0: 3 0x80000740 (0x00fc6f33) x30 0x80017e36
core   0: 0x80000744 (0xfec50a23) sb      a2, -12(a0)
core   0: 3 0x80000744 (0xfec50a23) mem 0x8001932f 0xc0
core   0: 0x80000748 (0x007511a3) sh      t2, 3(a0)
core   0: 3 0x80000748 (0x007511a3) mem 0x8001933e 0x4445
core   0: 0x8000074c (0x01d52e83) lw      t4, 29(a0)
core   0: 3 0x8000074c (0x01d52e83) x29 0x10111213 mem 0x80019358
core   0: 0x80000750 (0x40875893) srai    a7, a4, 8
core   0: 3 0x80000750 (0x40875893) x17 0x00000000
core   0: 0x80000754 (0x594ffc13) andi    s8, t6, 1428
core   0: 3 0x80000754 (0x594ffc13) x24 0x00000000
core   0: 0x80000758 (0x404a8bb3) sub     s7, s5, tp
core   0: 3 0x80000758 (0x404a8bb3) x23 0x0000005c
core   0: 0x8000075c (0x001e9d33) sll     s10, t4, ra
core   0: 3 0x8000075c (0x001e9d33) x26 0x98000000
core   0: 0x80000760 (0x01525e33) srl     t3, tp, s5
core   0: 3 0x80000760 (0x01525e33) x28 0x00000000
core   0: 0x80000764 (0xfde50383) lb      t2, -34(a0)
core   0: 3 0x80000764 (0xfde50383) x 7 0xffffffd2 mem 0x80019319
core   0: 0x80000768 (0x00f5a7b3) slt     a5, a1, a5
core   0: 3 0x80000768 (0x00f5a7b3) x15 0x00000001
core   0: 0x8000076c (0x41400f33) sub     t5, zero, s4
core   0: 3 0x8000076c (0x41400f33) x30 0xf7f6f5f5
core   0: 0x80000770 (0x02450403) lb      s0, 36(a0)
core   0: 3 0x80000770 (0x02450403) x 8 0x00000014 mem 0x8001935f
core   0: 0x80000774 (0x01d84bb3) xor     s7, a6, t4
core   0: 3 0x80000774 (0x01d84bb3) x23 0x1011125b
core   0: 0x80000778 (0x01666933) or      s2, a2, s6
core   0: 3 0x80000778 (0x01666933) x18 0x000056d5
core   0: 0x8000077c (0x83ffc413) xori    s0, t6, -1985
core   0: 3 0x8000077c (0x83ffc413) x 8 0xfffff87d
core   0: 0x80000780 (0x01454283) lbu     t0, 20(a0)
core   0: 3 0x80000780 (0x01454283) x 5 0x00000004 mem 0x8001934f
core   0: 0x80000784 (0xffa54403) lbu     s0, -6(a0)
core   0: 3 0x80000784 (0xffa54403) x 8 0x000000ee mem 0x80019335
core   0: 0x80000788 (0xfdc50f23) sb      t3, -34(a0)
core   0: 3 0x80000788 (0xfdc50f23) mem 0x80019319 0x0
core   0: 0x8000078c (0xc7f90193) addi    gp, s2, -897
core   0: 3 0x8000078c (0xc7f90193) x 3 0x00005354
core   0: 0x80000790 (0x03555903) lhu     s2, 53(a0)
core   0: 3 0x80000790 (0x03555903) x18 0x00002a2b mem 0x80019370
core   0: 0x80000794 (0x03554183) lbu     gp, 53(a0)
core   0: 3 0x80000794 (0x03554183) x 3 0x0000002b mem 0x80019370
core   0: 0x80000798 (0x02755303) lhu     t1, 39(a0)
core   0: 3 0x80000798 (0x02755303) x 6 0x00001819 mem 0x80019362
core   0: 0x8000079c (0xfe550423) sb      t0, -24(a0)
core   0: 3 0x8000079c (0xfe550423) mem 0x80019323 0x4
core   0: 0x800007a0 (0xfe1501a3) sb      ra, -29(a0)
core   0: 3 0x800007a0 (0xfe1501a3) mem 0x8001931e 0x5b
core   0: 0x800007a4 (0x01054203) lbu     tp, 16(a0)
core   0: 3 0x800007a4 (0x01054203) x 4 0x00000000 mem 0x8001934b
core   0: 0x800007a8 (0x0ff0000f) fence   iorw,iorw
core   0: 3 0x800007a8 (0x0ff0000f)
core   0: 0x800007ac (0x596b3497) auipc   s1, 0x596b3
core   0: 3 0x800007ac (0x596b3497) x 9 0xd96b37ac
core   0: 0x800007b0 (0x62239437) lui     s0, 0x62239
core   0: 3 0x800007b0 (0x62239437) x 8 0x62239000
core   0: 0x800007b4 (0xffc50003) lb      zero, -4(a0)
core   0: 3 0x800007b4 (0xffc50003) mem 0x80019337
core   0: 0x800007b8 (0xf59b6893) ori     a7, s6, -167
core   0: 3 0x800007b8 (0xf59b6893) x17 0xffffff5d
core   0: 0x800007bc (0x01435413) srli    s0, t1, 20
core   0: 3 0x800007bc (0x01435413) x 8 0x00000000
core   0: 0x800007c0 (0xff254803) lbu     a6, -14(a0)
core   0: 3 0x800007c0 (0xff254803) x16 0x000000e6 mem 0x8001932d
core   0: 0x800007c4 (0x0001ba97) auipc   s5, 0x1b
core   0: 3 0x800007c4 (0x0001ba97) x21 0x8001b7c4
core   0: 0x800007c8 (0x856a8a93) addi    s5, s5, -1962
core   0: 3 0x800007c8 (0x856a8a93) x21 0x8001b01a
core   0: 0x800007cc (0xff6a9383) lh      t2, -10(s5)
core   0: 3 0x800007cc (0xff6a9383) x 7 0xffffcacb mem 0x8001b010
core   0: 0x800007d0 (0xff2a8f83) lb      t6, -14(s5)
core   0: 3 0x800007d0 (0xff2a8f83) x31 0xffffffc7 mem 0x8001b00c
core   0: 0x800007d4 (0xff6a8003) lb      zero, -10(s5)
core   0: 3 0x800007d4 (0xff6a8003) mem 0x8001b010
core   0: 0x800007d8 (0xbeaa8297) auipc   t0, 0xbeaa8
core   0: 3 0x800007d8 (0xbeaa8297) x 5 0x3eaa87d8
core   0: 0x800007dc (0x00baca03) lbu     s4, 11(s5)
core   0: 3 0x800007dc (0x00baca03) x20 0x000000de mem 0x8001b025
core   0: 0x800007e0 (0xff6ad183) lhu     gp, -10(s5)
core   0: 3 0x800007e0 (0xff6ad183) x 3 0x0000cacb mem 0x8001b010
core   0: 0x800007e4 (0xffbaab23) sw      s11, -10(s5)
core   0: 3 0x800007e4 (0xffbaab23) mem 0x8001b010 0x54555657
core   0: 0x800007e8 (0xff6a8283) lb      t0, -10(s5)
core   0: 3 0x800007e8 (0xff6a8283) x 5 0x00000057 mem 0x8001b010
core   0: 0x800007ec (0x0000100f) fence.i
core   0: 3 0x800007ec (0x0000100f)
core   0: 0x800007f0 (0xff6ad483) lhu     s1, -10(s5)
core   0: 3 0x800007f0 (0xff6ad483) x 9 0x00005657 mem 0x8001b010
core   0: 0x800007f4 (0xff0a8b23) sb      a6, -10(s5)
core   0: 3 0x800007f4 (0xff0a8b23) mem 0x8001b010 0xe6
core   0: 0x800007f8 (0xff6a9883) lh      a7, -10(s5)
core   0: 3 0x800007f8 (0xff6a9883) x17 0x000056e6 mem 0x8001b010
core   0: 0x800007fc (0xc8ac0f13) addi    t5, s8, -886
core   0: 3 0x800007fc (0xc8ac0f13) x30 0xfffffc8a
core   0: 0x80000800 (0x005a8283) lb      t0, 5(s5)
core   0: 3 0x80000800 (0x005a8283) x 5 0xffffffd4 mem 0x8001b01f
core   0: 0x80000804 (0x005a8003) lb      zero, 5(s5)
core   0: 3 0x80000804 (0x005a8003) mem 0x8001b01f
core   0: 0x80000808 (0x005ac003) lbu     zero, 5(s5)
core   0: 3 0x80000808 (0x005ac003) mem 0x8001b01f
core   0: 0x8000080c (0xff1ac483) lbu     s1, -15(s5)
core   0: 3 0x8000080c (0xff1ac483) x 9 0x000000c0 mem 0x8001b00b
core   0: 0x80000810 (0x00017f17) auipc   t5, 0x17
core   0: 3 0x80000810 (0x00017f17) x30 0x80017810
core   0: 0x80000814 (0x072f0f13) addi    t5, t5, 114
core   0: 3 0x80000814 (0x072f0f13) x30 0x80017882
core   0: 0x80000818 (0x00bf4a83) lbu     s5, 11(t5)
core   0: 3 0x80000818 (0x00bf4a83) x21 0x00000046 mem 0x8001788d
core   0: 0x8000081c (0x018f72b3) and     t0, t5, s8
core   0: 3 0x8000081c (0x018f72b3) x 5 0x00000000
core   0: 0x80000820 (0x008f05a3) sb      s0, 11(t5)
core   0: 3 0x80000820 (0x008f05a3) mem 0x8001788d 0x0
core   0: 0x80000824 (0x58ee7e13) andi    t3, t3, 1422
core   0: 3 0x80000824 (0x58ee7e13) x28 0x00000000
core   0: 0x80000828 (0x00bf4a83) lbu     s5, 11(t5)
core   0: 3 0x80000828 (0x00bf4a83) x21 0x00000000 mem 0x8001788d
core   0: 0x8000082c (0x005f1513) slli    a0, t5, 5
core   0: 3 0x8000082c (0x005f1513) x10 0x002f1040
core   0: 0x80000830 (0x00e3b1b3) sltu    gp, t2, a4
core   0: 3 0x80000830 (0x00e3b1b3) x 3 0x00000000
core   0: 0x80000834 (0x0ff0000f) fence   iorw,iorw
core   0: 3 0x80000834 (0x0ff0000f)
core   0: 0x80000838 (0x01df05a3) sb      t4, 11(t5)
core   0: 3 0x80000838 (0x01df05a3) mem 0x8001788d 0x13
core   0: 0x8000083c (0x00bf4883) lbu     a7, 11(t5)
core   0: 3 0x8000083c (0x00bf4883) x17 0x00000013 mem 0x8001788d
core   0: 0x80000840 (0x005f0c83) lb      s9, 5(t5)
core   0: 3 0x80000840 (0x005f0c83) x25 0x0000003c mem 0x80017887
core   0: 0x80000844 (0xa7f7b213) sltiu   tp, a5, -1409
core   0: 3 0x80000844 (0xa7f7b213) x 4 0x00000001
core   0: 0x80000848 (0x00cf02a3) sb      a2, 5(t5)
core   0: 3 0x80000848 (0x00cf02a3) mem 0x80017887 0xc0
core   0: 0x8000084c (0xff3f0a83) lb      s5, -13(t5)
core   0: 3 0x8000084c (0xff3f0a83) x21 0x0000002e mem 0x80017875
core   0: 0x80000850 (0xe662a5b7) lui     a1, 0xe662a
core   0: 3 0x80000850 (0xe662a5b7) x11 0xe662a000
core   0: 0x80000854 (0xff3f0003) lb      zero, -13(t5)
core   0: 3 0x80000854 (0xff3f0003) mem 0x80017875
core   0: 0x80000858 (0x00cf05a3) sb      a2, 11(t5)
core   0: 3 0x80000858 (0x00cf05a3) mem 0x8001788d 0xc0
core   0: 0x8000085c (0x00021297) auipc   t0, 0x21
core   0: 3 0x8000085c (0x00021297) x 5 0x8002185c
core   0: 0x80000860 (0xc3828293) addi    t0, t0, -968
core   0: 3 0x80000860 (0xc3828293) x 5 0x80021494
core   0: 0x80000864 (0x00a28ea3) sb      a0, 29(t0)
core   0: 3 0x80000864 (0x00a28ea3) mem 0x800214b1 0x40
core   0: 0x80000868 (0xff02d503) lhu     a0, -16(t0)
core   0: 3 0x80000868 (0xff02d503) x10 0x00003e3f mem 0x80021484
core   0: 0x8000086c (0xfc229c03) lh      s8, -62(t0)
core   0: 3 0x8000086c (0xfc229c03) x24 0x00000c0d mem 0x80021456
core   0: 0x80000870 (0xfe429223) sh      tp, -28(t0)
core   0: 3 0x80000870 (0xfe429223) mem 0x80021478 0x0001
core   0: 0x80000874 (0xfe42c583) lbu     a1, -28(t0)
core   0: 3 0x80000874 (0xfe42c583) x11 0x00000001 mem 0x80021478
core   0: 0x80000878 (0xf0469f17) auipc   t5, 0xf0469
core   0: 3 0x80000878 (0xf0469f17) x30 0x70469878
core   0: 0x8000087c (0x03428083) lb      ra, 52(t0)
core   0: 3 0x8000087c (0x03428083) x 1 0xffffff83 mem 0x800214c8
core   0: 0x80000880 (0xfeb2cc83) lbu     s9, -21(t0)
core   0: 3 0x80000880 (0xfeb2cc83) x25 0x00000034 mem 0x8002147f
core   0: 0x80000884 (0x44890c93) addi    s9, s2, 1096
core   0: 3 0x80000884 (0x44890c93) x25 0x00002e73
core   0: 0x80000888 (0x00f28883) lb      a7, 15(t0)
core   0: 3 0x80000888 (0x00f28883) x17 0x00000058 mem 0x800214a3
core   0: 0x8000088c (0x01428223) sb      s4, 4(t0)
core   0: 3 0x8000088c (0x01428223) mem 0x80021498 0xde
core   0: 0x80000890 (0x03d29923) sh      t4, 50(t0)
core   0: 3 0x80000890 (0x03d29923) mem 0x800214c6 0x1213
core   0: 0x80000894 (0x0322c383) lbu     t2, 50(t0)
core   0: 3 0x80000894 (0x0322c383) x 7 0x00000013 mem 0x800214c6
core   0: 0x80000898 (0x01f2c383) lbu     t2, 31(t0)
core   0: 3 0x80000898 (0x01f2c383) x 7 0x00000068 mem 0x800214b3
core   0: 0x8000089c (0x0132c003) lbu     zero, 19(t0)
core   0: 3 0x8000089c (0x0132c003) mem 0x800214a7
core   0: 0x800008a0 (0x00629483) lh      s1, 6(t0)
core   0: 3 0x800008a0 (0x00629483) x 9 0x00005051 mem 0x8002149a
core   0: 0x800008a4 (0x00629183) lh      gp, 6(t0)
core   0: 3 0x800008a4 (0x00629183) x 3 0x00005051 mem 0x8002149a
core   0: 0x800008a8 (0x00c2a303) lw      t1, 12(t0)
core   0: 3 0x800008a8 (0x00c2a303) x 6 0x58595a5b mem 0x800214a0
core   0: 0x800008ac (0x01e2d383) lhu     t2, 30(t0)
core   0: 3 0x800008ac (0x01e2d383) x 7 0x00006869 mem 0x800214b2
core   0: 0x800008b0 (0x00021c17) auipc   s8, 0x21
core   0: 3 0x800008b0 (0x00021c17) x24 0x800218b0
core   0: 0x800008b4 (0x71ac0c13) addi    s8, s8, 1818
core   0: 3 0x800008b4 (0x71ac0c13) x24 0x80021fca
core   0: 0x800008b8 (0x66ac0ea3) sb      a0, 1661(s8)
core   0: 3 0x800008b8 (0x66ac0ea3) mem 0x80022647 0x3f
core   0: 0x800008bc (0x480c1923) sh      zero, 1170(s8)
core   0: 3 0x800008bc (0x480c1923) mem 0x8002245c 0x0000
core   0: 0x800008c0 (0x00e354b3) srl     s1, t1, a4
core   0: 3 0x800008c0 (0x00e354b3) x 9 0x00000585
core   0: 0x800008c4 (0xc01c0c83) lb      s9, -1023(s8)
core   0: 3 0x800008c4 (0xc01c0c83) x25 0xffffff80 mem 0x80021bcb
core   0: 0x800008c8 (0xedfb0393) addi    t2, s6, -289
core   0: 3 0x800008c8 (0xedfb0393) x 7 0x00005334
core   0: 0x800008cc (0x4abc0ca3) sb      a1, 1209(s8)
core   0: 3 0x800008cc (0x4abc0ca3) mem 0x80022483 0x1
core   0: 0x800008d0 (0xe39c0d83) lb      s11, -455(s8)
core   0: 3 0x800008d0 (0xe39c0d83) x27 0xffffffb8 mem 0x80021e03
core   0: 0x800008d4 (0x00283ab3) sltu    s5, a6, sp
core   0: 3 0x800008d4 (0x00283ab3) x21 0x00000001
core   0: 0x800008d8 (0x441c4f83) lbu     t6, 1089(s8)
core   0: 3 0x800008d8 (0x441c4f83) x31 0x000000c0 mem 0x8002240b
core   0: 0x800008dc (0x00201eb3) sll     t4, zero, sp
core   0: 3 0x800008dc (0x00201eb3) x29 0x00000000
core   0: 0x800008e0 (0xcb7c0703) lb      a4, -841(s8)
core   0: 3 0x800008e0 (0xcb7c0703) x14 0x0000003a mem 0x80021c81
core   0: 0x800008e4 (0x004b5493) srli    s1, s6, 4
core   0: 3 0x800008e4 (0x004b5493) x 9 0x00000545
core   0: 0x800008e8 (0x7bac09a3) sb      s10, 1971(s8)
core   0: 3 0x800008e8 (0x7bac09a3) mem 0x8002277d 0x0
core   0: 0x800008ec (0x778c4d03) lbu     s10, 1912(s8)
core   0: 3 0x800008ec (0x778c4d03) x26 0x000000f9 mem 0x80022742
core   0: 0x800008f0 (0x5f2c1883) lh      a7, 1522(s8)
core   0: 3 0x800008f0 (0x5f2c1883) x17 0x00007677 mem 0x800225bc
core   0: 0x800008f4 (0x004df7b3) and     a5, s11, tp
core   0: 3 0x800008f4 (0x004df7b3) x15 0x00000000
core   0: 0x800008f8 (0x0ff0000f) fence   iorw,iorw
core   0: 3 0x800008f8 (0x0ff0000f)
core   0: 0x800008fc (0x00921b33) sll     s6, tp, s1
core   0: 3 0x800008fc (0x00921b33) x22 0x00000020
core   0: 0x80000900 (0x0c5c0da3) sb      t0, 219(s8)
core   0: 3 0x80000900 (0x0c5c0da3) mem 0x800220a5 0x94
core   0: 0x80000904 (0x01cb1033) sll     zero, s6, t3
core   0: 3 0x80000904 (0x01cb1033)
core   0: 0x80000908 (0xf4fc4183) lbu     gp, -177(s8)
core   0: 3 0x80000908 (0xf4fc4183) x 3 0x000000d2 mem 0x80021f19
core   0: 0x8000090c (0x00cd9933) sll     s2, s11, a2
core   0: 3 0x8000090c (0x00cd9933) x18 0xffffffb8
core   0: 0x80000910 (0x007f2533) slt     a0, t5, t2
core   0: 3 0x80000910 (0x007f2533) x10 0x00000000
core   0: 0x80000914 (0x836c0623) sb      s6, -2004(s8)
core   0: 3 0x80000914 (0x836c0623) mem 0x800217f6 0x20
core   0: 0x80000918 (0xbe3cbf13) sltiu   t5, s9, -1053
core   0: 3 0x80000918 (0xbe3cbf13) x30 0x00000000
core   0: 0x8000091c (0x01231f93) slli    t6, t1, 18
core   0: 3 0x8000091c (0x01231f93) x31 0x696c0000
core   0: 0x80000920 (0x40698f33) sub     t5, s3, t1
core   0: 3 0x80000920 (0x40698f33) x30 0x27a95409
core   0: 0x80000924 (0x00b9dc93) srli    s9, s3, 11
core   0: 3 0x80000924 (0x00b9dc93) x25 0x00100055
core   0: 0x80000928 (0x221c4303) lbu     t1, 545(s8)
core   0: 3 0x80000928 (0x221c4303) x 6 0x000000a0 mem 0x800221eb
core   0: 0x8000092c (0x850e0593) addi    a1, t3, -1968
core   0: 3 0x8000092c (0x850e0593) x11 0xfffff850
core   0: 0x80000930 (0x875c04a3) sb      s5, -1943(s8)
core   0: 3 0x80000930 (0x875c04a3) mem 0x80021833 0x1
core   0: 0x80000934 (0x00c62bb3) slt     s7, a2, a2
core   0: 3 0x80000934 (0x00c62bb3) x23 0x00000000
core   0: 0x80000938 (0xf61c4d03) lbu     s10, -159(s8)
core   0: 3 0x80000938 (0xf61c4d03) x26 0x000000e0 mem 0x80021f2b
core   0: 0x8000093c (0x00e443b3) xor     t2, s0, a4
core   0: 3 0x8000093c (0x00e443b3) x 7 0x0000003a
core   0: 0x80000940 (0xe68c1583) lh      a1, -408(s8)
core   0: 3 0x80000940 (0xe68c1583) x11 0xffffe8e9 mem 0x80021e32
core   0: 0x80000944 (0x00e81533) sll     a0, a6, a4
core   0: 3 0x80000944 (0x00e81533) x10 0x98000000
core   0: 0x80000948 (0xe68c0303) lb      t1, -408(s8)
core   0: 3 0x80000948 (0xe68c0303) x 6 0xffffffe9 mem 0x80021e32
core   0: 0x8000094c (0x6e960813) addi    a6, a2, 1769
core   0: 3 0x8000094c (0x6e960813) x16 0x00001da9
core   0: 0x80000950 (0x0151fcb3) and     s9, gp, s5
core   0: 3 0x80000950 (0x0151fcb3) x25 0x00000000
core   0: 0x80000954 (0x01317733) and     a4, sp, s3
core   0: 3 0x80000954 (0x01317733) x14 0x8002ac64
core   0: 0x80000958 (0xbb1d2713) slti    a4, s10, -1103
core   0: 3 0x80000958 (0xbb1d2713) x14 0x00000000
core   0: 0x8000095c (0xd933b193) sltiu   gp, t2, -621
core   0: 3 0x8000095c (0xd933b193) x 3 0x00000001
core   0: 0x80000960 (0x97e98213) addi    tp, s3, -1666
core   0: 3 0x80000960 (0x97e98213) x 4 0x8002a7e2
core   0: 0x80000964 (0x0ff0000f) fence   iorw,iorw
core   0: 3 0x80000964 (0x0ff0000f)
core   0: 0x80000968 (0x085c0603) lb      a2, 133(s8)
core   0: 3 0x80000968 (0x085c0603) x12 0x00000004 mem 0x8002204f
core   0: 0x8000096c (0x837c0da3) sb      s7, -1989(s8)
core   0: 3 0x8000096c (0x837c0da3) mem 0x80021805 0x0
core   0: 0x80000970 (0x0104edb3) or      s11, s1, a6
core   0: 3 0x80000970 (0x0104edb3) x27 0x00001ded
core   0: 0x80000974 (0x00bb68b3) or      a7, s6, a1
core   0: 3 0x80000974 (0x00bb68b3) x17 0xffffe8e9
core   0: 0x80000978 (0x00e47fb3) and     t6, s0, a4
core   0: 3 0x80000978 (0x00e47fb3) x31 0x00000000
core   0: 0x8000097c (0x013f9a93) slli    s5, t6, 19
core   0: 3 0x8000097c (0x013f9a93) x21 0x00000000
core   0: 0x80000980 (0x77bc0583) lb      a1, 1915(s8)
core   0: 3 0x80000980 (0x77bc0583) x11 0xfffffffe mem 0x80022745
core   0: 0x80000984 (0x00015617) auipc   a2, 0x15
core   0: 3 0x80000984 (0x00015617) x12 0x80015984
core   0: 0x80000988 (0x46260613) addi    a2, a2, 1122
core   0: 3 0x80000988 (0x46260613) x12 0x80015de6
core   0: 0x8000098c (0x1a155737) lui     a4, 0x1a155
core   0: 3 0x8000098c (0x1a155737) x14 0x1a155000
core   0: 0x80000990 (0x019dcc33) xor     s8, s11, s9
core   0: 3 0x80000990 (0x019dcc33) x24 0x00001ded
core   0: 0x80000994 (0xfe362b23) sw      gp, -10(a2)
core   0: 3 0x80000994 (0xfe362b23) mem 0x80015ddc 0x00000001
core   0: 0x80000998 (0x003f9a13) slli    s4, t6, 3
core   0: 3 0x80000998 (0x003f9a13) x20 0x00000000
core   0: 0x8000099c (0xff661283) lh      t0, -10(a2)
core   0: 3 0x8000099c (0xff661283) x 5 0x00000001 mem 0x80015ddc
core   0: 0x800009a0 (0x50302893) slti    a7, zero, 1283
core   0: 3 0x800009a0 (0x50302893) x17 0x00000001
core   0: 0x800009a4 (0x4121da93) srai    s5, gp, 18
core   0: 3 0x800009a4 (0x4121da93) x21 0x00000000
core   0: 0x800009a8 (0xff360f83) lb      t6, -13(a2)
core   0: 3 0x800009a8 (0xff360f83) x31 0xffffff92 mem 0x80015dd9
core   0: 0x800009ac (0xed7afd13) andi    s10, s5, -297
core   0: 3 0x800009ac (0xed7afd13) x26 0x00000000
core   0: 0x800009b0 (0xef97ae93) slti    t4, a5, -263
core   0: 3 0x800009b0 (0xef97ae93) x29 0x00000000
core   0: 0x800009b4 (0x000b6513) ori     a0, s6, 0
core   0: 3 0x800009b4 (0x000b6513) x10 0x00000020
core   0: 0x800009b8 (0x405704b3) sub     s1, a4, t0
core   0: 3 0x800009b8 (0x405704b3) x 9 0x1a154fff
core   0: 0x800009bc (0x00b64b83) lbu     s7, 11(a2)
core   0: 3 0x800009bc (0x00b64b83) x23 0x000000aa mem 0x80015df1
core   0: 0x800009c0 (0x01b6edb3) or      s11, a3, s11
core   0: 3 0x800009c0 (0x01b6edb3) x27 0x80001ded
core   0: 0x800009c4 (0x41dada33) sra     s4, s5, t4
core   0: 3 0x800009c4 (0x41dada33) x20 0x00000000
core   0: 0x800009c8 (0x00864a03) lbu     s4, 8(a2)
core   0: 3 0x800009c8 (0x00864a03) x20 0x000000a5 mem 0x80015dee
core   0: 0x800009cc (0xfe9608a3) sb      s1, -15(a2)
core   0: 3 0x800009cc (0xfe9608a3) mem 0x80015dd7 0xff
core   0: 0x800009d0 (0x01a61223) sh      s10, 4(a2)
core   0: 3 0x800009d0 (0x01a61223) mem 0x80015dea 0x0000
core   0: 0x800009d4 (0xffb62f23) sw      s11, -2(a2)
core   0: 3 0x800009d4 (0xffb62f23) mem 0x80015de4 0x80001ded
core   0: 0x800009d8 (0x009607a3) sb      s1, 15(a2)
core   0: 3 0x800009d8 (0x009607a3) mem 0x80015df5 0xff
core   0: 0x800009dc (0x00c5adb3) slt     s11, a1, a2
core   0: 3 0x800009dc (0x00c5adb3) x27 0x00000000
core   0: 0x800009e0 (0x00760b03) lb      s6, 7(a2)
core   0: 3 0x800009e0 (0x00760b03) x22 0xffffffa6 mem 0x80015ded
core   0: 0x800009e4 (0x402ad1b3) sra     gp, s5, sp
core   0: 3 0x800009e4 (0x402ad1b3) x 3 0x00000000
core   0: 0x800009e8 (0x01261223) sh      s2, 4(a2)
core   0: 3 0x800009e8 (0x01261223) mem 0x80015dea 0xffb8
core   0: 0x800009ec (0x002607a3) sb      sp, 15(a2)
core   0: 3 0x800009ec (0x002607a3) mem 0x80015df5 0xe4
core   0: 0x800009f0 (0x00946333) or      t1, s0, s1
core   0: 3 0x800009f0 (0x00946333) x 6 0x1a154fff
core   0: 0x800009f4 (0x00065c03) lhu     s8, 0(a2)
core   0: 3 0x800009f4 (0x00065c03) x24 0x00008000 mem 0x80015de6
core   0: 0x800009f8 (0x009848b3) xor     a7, a6, s1
core   0: 3 0x800009f8 (0x009848b3) x17 0x1a155256
core   0: 0x800009fc (0x00964083) lbu     ra, 9(a2)
core   0: 3 0x800009fc (0x00964083) x 1 0x000000a4 mem 0x80015def
core   0: 0x80000a00 (0x00164703) lbu     a4, 1(a2)
core   0: 3 0x80000a00 (0x00164703) x14 0x00000080 mem 0x80015de7
core   0: 0x80000a04 (0x00564303) lbu     t1, 5(a2)
core   0: 3 0x80000a04 (0x00564303) x 6 0x000000ff mem 0x80015deb
core   0: 0x80000a08 (0x00e606a3) sb      a4, 13(a2)
core   0: 3 0x80000a08 (0x00e606a3) mem 0x80015df3 0x80
core   0: 0x80000a0c (0xff360da3) sb      s3, -5(a2)
core   0: 3 0x80000a0c (0xff360da3) mem 0x80015de1 0x64
core   0: 0x80000a10 (0x00e42f33) slt     t5, s0, a4
core   0: 3 0x80000a10 (0x00e42f33) x30 0x00000001
core   0: 0x80000a14 (0x013603a3) sb      s3, 7(a2)
core   0: 3 0x80000a14 (0x013603a3) mem 0x80015ded 0x64
core   0: 0x80000a18 (0xff964c83) lbu     s9, -7(a2)
core   0: 3 0x80000a18 (0xff964c83) x25 0x00000000 mem 0x80015ddf
core   0: 0x80000a1c (0x4450bd13) sltiu   s10, ra, 1093
core   0: 3 0x80000a1c (0x4450bd13) x26 0x00000001
core   0: 0x80000a20 (0xdc1df4b7) lui     s1, 0xdc1df
core   0: 3 0x80000a20 (0xdc1df4b7) x 9 0xdc1df000
core   0: 0x80000a24 (0xff760ca3) sb      s7, -7(a2)
core   0: 3 0x80000a24 (0xff760ca3) mem 0x80015ddf 0xaa
core   0: 0x80000a28 (0xff064583) lbu     a1, -16(a2)
core   0: 3 0x80000a28 (0xff064583) x11 0x0000008d mem 0x80015dd6
core   0: 0x80000a2c (0x014170b3) and     ra, sp, s4
core   0: 3 0x80000a2c (0x014170b3) x 1 0x000000a4
core   0: 0x80000a30 (0x00c65503) lhu     a0, 12(a2)
core   0: 3 0x80000a30 (0x00c65503) x10 0x000080a9 mem 0x80015df2
core   0: 0x80000a34 (0x016dfb33) and     s6, s11, s6
core   0: 3 0x80000a34 (0x016dfb33) x22 0x00000000
core   0: 0x80000a38 (0xfe8608a3) sb      s0, -15(a2)
core   0: 3 0x80000a38 (0xfe8608a3) mem 0x80015dd7 0x0
core   0: 0x80000a3c (0x01459eb3) sll     t4, a1, s4
core   0: 3 0x80000a3c (0x01459eb3) x29 0x000011a0
core   0: 0x80000a40 (0x01061083) lh      ra, 16(a2)
core   0: 3 0x80000a40 (0x01061083) x 1 0xffffacad mem 0x80015df6
core   0: 0x80000a44 (0x009605a3) sb      s1, 11(a2)
core   0: 3 0x80000a44 (0x009605a3) mem 0x80015df1 0x0
core   0: 0x80000a48 (0x01960723) sb      s9, 14(a2)
core   0: 3 0x80000a48 (0x01960723) mem 0x80015df4 0x0
core   0: 0x80000a4c (0x00014c97) auipc   s9, 0x14
core   0: 3 0x80000a4c (0x00014c97) x25 0x80014a4c
core   0: 0x80000a50 (0x7ebc8c93) addi    s9, s9, 2027
core   0: 3 0x80000a50 (0x7ebc8c93) x25 0x80015237
core   0: 0x80000a54 (0x02fcc383) lbu     t2, 47(s9)
core   0: 3 0x80000a54 (0x02fcc383) x 7 0x0000001d mem 0x80015266
core   0: 0x80000a58 (0x025c87a3) sb      t0, 47(s9)
core   0: 3 0x80000a58 (0x025c87a3) mem 0x80015266 0x1
core   0: 0x80000a5c (0x01dc9f83) lh      t6, 29(s9)
core   0: 3 0x80000a5c (0x01dc9f83) x31 0x00000e0f mem 0x80015254
core   0: 0x80000a60 (0x01ac8f23) sb      s10, 30(s9)
core   0: 3 0x80000a60 (0x01ac8f23) mem 0x80015255 0x1
core   0: 0x80000a64 (0xfe9cca83) lbu     s5, -23(s9)
core   0: 3 0x80000a64 (0xfe9cca83) x21 0x000000db mem 0x80015220
core   0: 0x80000a68 (0x012cc083) lbu     ra, 18(s9)
core   0: 3 0x80000a68 (0x012cc083) x 1 0x00000002 mem 0x80015249
core   0: 0x80000a6c (0x012c8d03) lb      s10, 18(s9)
core   0: 3 0x80000a6c (0x012c8d03) x26 0x00000002 mem 0x80015249
core   0: 0x80000a70 (0x03dc9a03) lh      s4, 61(s9)
core   0: 3 0x80000a70 (0x03dc9a03) x20 0x00002e2f mem 0x80015274
core   0: 0x80000a74 (0x005cc303) lbu     t1, 5(s9)
core   0: 3 0x80000a74 (0x005cc303) x 6 0x000000f7 mem 0x8001523c
core   0: 0x80000a78 (0x005ca883) lw      a7, 5(s9)
core   0: 3 0x80000a78 (0x005ca883) x17 0xf4f5f6f7 mem 0x8001523c
core   0: 0x80000a7c (0xfe3c9f03) lh      t5, -29(s9)
core   0: 3 0x80000a7c (0xfe3c9f03) x30 0xffffd0d1 mem 0x8001521a
core   0: 0x80000a80 (0xffbc8403) lb      s0, -5(s9)
core   0: 3 0x80000a80 (0xffbc8403) x 8 0xffffffe9 mem 0x80015232
core   0: 0x80000a84 (0xff3c9e03) lh      t3, -13(s9)
core   0: 3 0x80000a84 (0xff3c9e03) x28 0xffffe0e1 mem 0x8001522a
core   0: 0x80000a88 (0x01e6c7b3) xor     a5, a3, t5
core   0: 3 0x80000a88 (0x01e6c7b3) x15 0x7fffd0d1
core   0: 0x80000a8c (0xfedc85a3) sb      a3, -21(s9)
core   0: 3 0x80000a8c (0xfedc85a3) mem 0x80015222 0x0
core   0: 0x80000a90 (0xfccc8b23) sb      a2, -42(s9)
core   0: 3 0x80000a90 (0xfccc8b23) mem 0x8001520d 0xe6
core   0: 0x80000a94 (0xfd6cca03) lbu     s4, -42(s9)
core   0: 3 0x80000a94 (0xfd6cca03) x20 0x000000e6 mem 0x8001520d
core   0: 0x80000a98 (0x02cc87a3) sb      a2, 47(s9)
core   0: 3 0x80000a98 (0x02cc87a3) mem 0x80015266 0xe6
core   0: 0x80000a9c (0x039c87a3) sb      s9, 47(s9)
core   0: 3 0x80000a9c (0x039c87a3) mem 0x80015266 0x37
core   0: 0x80000aa0 (0xfd7cc883) lbu     a7, -41(s9)
core   0: 3 0x80000aa0 (0xfd7cc883) x17 0x000000c5 mem 0x8001520e
core   0: 0x80000aa4 (0xfd7cd903) lhu     s2, -41(s9)
core   0: 3 0x80000aa4 (0xfd7cd903) x18 0x0000c4c5 mem 0x8001520e
core   0: 0x80000aa8 (0x00015197) auipc   gp, 0x15
core   0: 3 0x80000aa8 (0x00015197) x 3 0x80015aa8
core   0: 0x80000aac (0xd0718193) addi    gp, gp, -761
core   0: 3 0x80000aac (0xd0718193) x 3 0x800157af
core   0: 0x80000ab0 (0x57a18923) sb      s10, 1394(gp)
core   0: 3 0x80000ab0 (0x57a18923) mem 0x80015d21 0x2
core   0: 0x80000ab4 (0x00021b17) auipc   s6, 0x21
core   0: 3 0x80000ab4 (0x00021b17) x22 0x80021ab4
core   0: 0x80000ab8 (0xc3bb0b13) addi    s6, s6, -965
core   0: 3 0x80000ab8 (0xc3bb0b13) x22 0x800216ef
core   0: 0x80000abc (0xfa31d783) lhu     a5, -93(gp)
core   0: 3 0x80000abc (0xfa31d783) x15 0x00000809 mem 0x80015752
core   0: 0x80000ac0 (0x004b05a3) sb      tp, 11(s6)
core   0: 3 0x80000ac0 (0x004b05a3) mem 0x800216fa 0xe2
core   0: 0x80000ac4 (0x001b1483) lh      s1, 1(s6)
core   0: 3 0x80000ac4 (0x001b1483) x 9 0xffffaaab mem 0x800216f0
core   0: 0x80000ac8 (0x00ab4c83) lbu     s9, 10(s6)
core   0: 3 0x80000ac8 (0x00ab4c83) x25 0x000000b2 mem 0x800216f9
core   0: 0x80000acc (0x73319783) lh      a5, 1843(gp)
core   0: 3 0x80000acc (0x73319783) x15 0xffff9899 mem 0x80015ee2
core   0: 0x80000ad0 (0xff5b0a03) lb      s4, -11(s6)
core   0: 3 0x80000ad0 (0xff5b0a03) x20 0xffffff9f mem 0x800216e4
core   0: 0x80000ad4 (0x3ac18f03) lb      t5, 940(gp)
core   0: 3 0x80000ad4 (0x3ac18f03) x30 0x00000010 mem 0x80015b5b
core   0: 0x80000ad8 (0x0061ce83) lbu     t4, 6(gp)
core   0: 3 0x80000ad8 (0x0061ce83) x29 0x0000006e mem 0x800157b5
core   0: 0x80000adc (0xffab0b23) sb      s10, -10(s6)
core   0: 3 0x80000adc (0xffab0b23) mem 0x800216e5 0x2
core   0: 0x80000ae0 (0xecc18da3) sb      a2, -293(gp)
core   0: 3 0x80000ae0 (0xecc18da3) mem 0x8001568a 0xe6
core   0: 0x80000ae4 (0xfecb0ba3) sb      a2, -9(s6)
core   0: 3 0x80000ae4 (0xfecb0ba3) mem 0x800216e6 0xe6
core   0: 0x80000ae8 (0x37718523) sb      s7, 874(gp)
core   0: 3 0x80000ae8 (0x37718523) mem 0x80015b19 0xaa
core   0: 0x80000aec (0xf361c803) lbu     a6, -202(gp)
core   0: 3 0x80000aec (0xf361c803) x16 0x0000009e mem 0x800156e5
core   0: 0x80000af0 (0x010b4703) lbu     a4, 16(s6)
core   0: 3 0x80000af0 (0x010b4703) x14 0x000000b4 mem 0x800216ff
core   0: 0x80000af4 (0x0001ae97) auipc   t4, 0x1a
core   0: 3 0x80000af4 (0x0001ae97) x29 0x8001aaf4
core   0: 0x80000af8 (0x36fe8e93) addi    t4, t4, 879
core   0: 3 0x80000af8 (0x36fe8e93) x29 0x8001ae63
core   0: 0x80000afc (0x008eca03) lbu     s4, 8(t4)
core   0: 3 0x80000afc (0x008eca03) x20 0x00000020 mem 0x8001ae6b
core   0: 0x80000b00 (0x008e8403) lb      s0, 8(t4)
core   0: 3 0x80000b00 (0x008e8403) x 8 0x00000020 mem 0x8001ae6b
core   0: 0x80000b04 (0x01b55d13) srli    s10, a0, 27
core   0: 3 0x80000b04 (0x01b55d13) x26 0x00000000
core   0: 0x80000b08 (0x41478333) sub     t1, a5, s4
core   0: 3 0x80000b08 (0x41478333) x 6 0xffff9879
core   0: 0x80000b0c (0x008e8503) lb      a0, 8(t4)
core   0: 3 0x80000b0c (0x008e8503) x10 0x00000020 mem 0x8001ae6b
core   0: 0x80000b10 (0x008ecb83) lbu     s7, 8(t4)
core   0: 3 0x80000b10 (0x008ecb83) x23 0x00000020 mem 0x8001ae6b
core   0: 0x80000b14 (0x00213e33) sltu    t3, sp, sp
core   0: 3 0x80000b14 (0x00213e33) x28 0x00000000
core   0: 0x80000b18 (0x21124a93) xori    s5, tp, 529
core   0: 3 0x80000b18 (0x21124a93) x21 0x8002a5f3
core   0: 0x80000b1c (0x025e9aa3) sh      t0, 53(t4)
core   0: 3 0x80000b1c (0x025e9aa3) mem 0x8001ae98 0x0001
core   0: 0x80000b20 (0xfd6e8fa3) sb      s6, -33(t4)
core   0: 3 0x80000b20 (0xfd6e8fa3) mem 0x8001ae42 0xef
core   0: 0x80000b24 (0xfdfec183) lbu     gp, -33(t4)
core   0: 3 0x80000b24 (0xfdfec183) x 3 0x000000ef mem 0x8001ae42
core   0: 0x80000b28 (0xfdfec783) lbu     a5, -33(t4)
core   0: 3 0x80000b28 (0xfdfec783) x15 0x000000ef mem 0x8001ae42
core   0: 0x80000b2c (0xfc6e9fa3) sh      t1, -33(t4)
core   0: 3 0x80000b2c (0xfc6e9fa3) mem 0x8001ae42 0x9879
core   0: 0x80000b30 (0xfdfe8d03) lb      s10, -33(t4)
core   0: 3 0x80000b30 (0xfdfe8d03) x26 0x00000079 mem 0x8001ae42
core   0: 0x80000b34 (0xfdfe8083) lb      ra, -33(t4)
core   0: 3 0x80000b34 (0xfdfe8083) x 1 0x00000079 mem 0x8001ae42
core   0: 0x80000b38 (0xfdfe9783) lh      a5, -33(t4)
core   0: 3 0x80000b38 (0xfdfe9783) x15 0xffff9879 mem 0x8001ae42
core   0: 0x80000b3c (0x028ec403) lbu     s0, 40(t4)
core   0: 3 0x80000b3c (0x028ec403) x 8 0x00000040 mem 0x8001ae8b
core   0: 0x80000b40 (0x007b98b3) sll     a7, s7, t2
core   0: 3 0x80000b40 (0x007b98b3) x17 0x00000000
core   0: 0x80000b44 (0x028ec603) lbu     a2, 40(t4)
core   0: 3 0x80000b44 (0x028ec603) x12 0x00000040 mem 0x8001ae8b
core   0: 0x80000b48 (0x01deaf83) lw      t6, 29(t4)
core   0: 3 0x80000b48 (0x01deaf83) x31 0x38393a3b mem 0x8001ae80
core   0: 0x80000b4c (0x0001ea97) auipc   s5, 0x1e
core   0: 3 0x80000b4c (0x0001ea97) x21 0x8001eb4c
core   0: 0x80000b50 (0x3f5a8a93) addi    s5, s5, 1013
core   0: 3 0x80000b50 (0x3f5a8a93) x21 0x8001ef41
core   0: 0x80000b54 (0x35aa8b23) sb      s10, 854(s5)
core   0: 3 0x80000b54 (0x35aa8b23) mem 0x8001f297 0x79
core   0: 0x80000b58 (0x658a8b83) lb      s7, 1624(s5)
core   0: 3 0x80000b58 (0x658a8b83) x23 0x00000052 mem 0x8001f599
core   0: 0x80000b5c (0x0188d333) srl     t1, a7, s8
core   0: 3 0x80000b5c (0x0188d333) x 6 0x00000000
core   0: 0x80000b60 (0x366a8e23) sb      t1, 892(s5)
core   0: 3 0x80000b60 (0x366a8e23) mem 0x8001f2bd 0x0
core   0: 0x80000b64 (0x49baa303) lw      t1, 1179(s5)
core   0: 3 0x80000b64 (0x49baa303) x 6 0x94959697 mem 0x8001f3dc
core   0: 0x80000b68 (0xe5ca7f93) andi    t6, s4, -420
core   0: 3 0x80000b68 (0xe5ca7f93) x31 0x00000000
core   0: 0x80000b6c (0x3d5b8e93) addi    t4, s7, 981
core   0: 3 0x80000b6c (0x3d5b8e93) x29 0x00000427
core   0: 0x80000b70 (0xef4a80a3) sb      s4, -287(s5)
core   0: 3 0x80000b70 (0xef4a80a3) mem 0x8001ee22 0x20
core   0: 0x80000b74 (0x003ca2b3) slt     t0, s9, gp
core   0: 3 0x80000b74 (0x003ca2b3) x 5 0x00000001
core   0: 0x80000b78 (0x491ba493) slti    s1, s7, 1169
core   0: 3 0x80000b78 (0x491ba493) x 9 0x00000001
core   0: 0x80000b7c (0x409401b3) sub     gp, s0, s1
core   0: 3 0x80000b7c (0x409401b3) x 3 0x0000003f
core   0: 0x80000b80 (0xc0fa8ca3) sb      a5, -999(s5)
core   0: 3 0x80000b80 (0xc0fa8ca3) mem 0x8001eb5a 0x79
core   0: 0x80000b84 (0xfe106913) ori     s2, zero, -31
core   0: 3 0x80000b84 (0xfe106913) x18 0xffffffe1
core   0: 0x80000b88 (0xd46a8203) lb      tp, -698(s5)
core   0: 3 0x80000b88 (0xd46a8203) x 4 0x0000003c mem 0x8001ec87
core   0: 0x80000b8c (0x41955833) sra     a6, a0, s9
core   0: 3 0x80000b8c (0x41955833) x16 0x00000000
core   0: 0x80000b90 (0x1c1a8f23) sb      ra, 478(s5)
core   0: 3 0x80000b90 (0x1c1a8f23) mem 0x8001f11f 0x79
core   0: 0x80000b94 (0x89396313) ori     t1, s2, -1901
core   0: 3 0x80000b94 (0x89396313) x 6 0xfffffff3
core   0: 0x80000b98 (0x4140d833) sra     a6, ra, s4
core   0: 3 0x80000b98 (0x4140d833) x16 0x00000079
core   0: 0x80000b9c (0x017483b3) add     t2, s1, s7
core   0: 3 0x80000b9c (0x017483b3) x 7 0x00000053
core   0: 0x80000ba0 (0x7c5a9c83) lh      s9, 1989(s5)
core   0: 3 0x80000ba0 (0x7c5a9c83) x25 0xffffbcbd mem 0x8001f706
core   0: 0x80000ba4 (0x13366a17) auipc   s4, 0x13366
core   0: 3 0x80000ba4 (0x13366a17) x20 0x93366ba4
core   0: 0x80000ba8 (0xcf8a8a23) sb      s8, -780(s5)
core   0: 3 0x80000ba8 (0xcf8a8a23) mem 0x8001ec35 0x0
core   0: 0x80000bac (0xc20acd03) lbu     s10, -992(s5)
core   0: 3 0x80000bac (0xc20acd03) x26 0x0000001a mem 0x8001eb61
core   0: 0x80000bb0 (0xc8dade83) lhu     t4, -883(s5)
core   0: 3 0x80000bb0 (0xc8dade83) x29 0x00008485 mem 0x8001ebce
core   0: 0x80000bb4 (0x2aba8ba3) sb      a1, 695(s5)
core   0: 3 0x80000bb4 (0x2aba8ba3) mem 0x8001f1f8 0x8d
core   0: 0x80000bb8 (0x017cb7b3) sltu    a5, s9, s7
core   0: 3 0x80000bb8 (0x017cb7b3) x15 0x00000000
core   0: 0x80000bbc (0x5c4ac883) lbu     a7, 1476(s5)
core   0: 3 0x80000bbc (0x5c4ac883) x17 0x000000be mem 0x8001f505
core   0: 0x80000bc0 (0x9dea8a23) sb      t5, -1580(s5)
core   0: 3 0x80000bc0 (0x9dea8a23) mem 0x8001e915 0x10
core   0: 0x80000bc4 (0xccbaada3) sw      a1, -805(s5)
core   0: 3 0x80000bc4 (0xccbaada3) mem 0x8001ec1c 0x0000008d
core   0: 0x80000bc8 (0x0f2a8383) lb      t2, 242(s5)
core   0: 3 0x80000bc8 (0x0f2a8383) x 7 0xffffffe8 mem 0x8001f033
core   0: 0x80000bcc (0xe68a8183) lb      gp, -408(s5)
core   0: 3 0x80000bcc (0xe68a8183) x 3 0x00000062 mem 0x8001eda9
core   0: 0x80000bd0 (0x00b11533) sll     a0, sp, a1
core   0: 3 0x80000bd0 (0x00b11533) x10 0x5d9c8000
core   0: 0x80000bd4 (0x41e30a33) sub     s4, t1, t5
core   0: 3 0x80000bd4 (0x41e30a33) x20 0xffffffe3
core   0: 0x80000bd8 (0x861ac403) lbu     s0, -1951(s5)
core   0: 3 0x80000bd8 (0x861ac403) x 8 0x00000059 mem 0x8001e7a2
core   0: 0x80000bdc (0x00014897) auipc   a7, 0x14
core   0: 3 0x80000bdc (0x00014897) x17 0x80014bdc
core   0: 0x80000be0 (0x46e88893) addi    a7, a7, 1134
core   0: 3 0x80000be0 (0x46e88893) x17 0x8001504a
core   0: 0x80000be4 (0x72788203) lb      tp, 1831(a7)
core   0: 3 0x80000be4 (0x72788203) x 4 0x0000002a mem 0x80015771
core   0: 0x80000be8 (0x72788e83) lb      t4, 1831(a7)
core   0: 3 0x80000be8 (0x72788e83) x29 0x0000002a mem 0x80015771
core   0: 0x80000bec (0x72788e83) lb      t4, 1831(a7)
core   0: 3 0x80000bec (0x72788e83) x29 0x0000002a mem 0x80015771
core   0: 0x80000bf0 (0x7dd8cf83) lbu     t6, 2013(a7)
core   0: 3 0x80000bf0 (0x7dd8cf83) x31 0x000000dc mem 0x80015827
core   0: 0x80000bf4 (0x40308d33) sub     s10, ra, gp
core   0: 3 0x80000bf4 (0x40308d33) x26 0x00000017
core   0: 0x80000bf8 (0x04289383) lh      t2, 66(a7)
core   0: 3 0x80000bf8 (0x04289383) x 7 0x00004647 mem 0x8001508c
core   0: 0x80000bfc (0x04289a83) lh      s5, 66(a7)
core   0: 3 0x80000bfc (0x04289a83) x21 0x00004647 mem 0x8001508c
core   0: 0x80000c00 (0x0428cf03) lbu     t5, 66(a7)
core   0: 3 0x80000c00 (0x0428cf03) x30 0x00000047 mem 0x8001508c
core   0: 0x80000c04 (0x04d89123) sh      a3, 66(a7)
core   0: 3 0x80000c04 (0x04d89123) mem 0x8001508c 0x0000
core   0: 0x80000c08 (0x04288c83) lb      s9, 66(a7)
core   0: 3 0x80000c08 (0x04288c83) x25 0x00000000 mem 0x8001508c
core   0: 0x80000c0c (0x66e88e83) lb      t4, 1646(a7)
core   0: 3 0x80000c0c (0x66e88e83) x29 0x00000073 mem 0x800156b8
core   0: 0x80000c10 (0x006d0033) add     zero, s10, t1
core   0: 3 0x80000c10 (0x006d0033)
core   0: 0x80000c14 (0x66e88f03) lb      t5, 1646(a7)
core   0: 3 0x80000c14 (0x66e88f03) x30 0x00000073 mem 0x800156b8
core   0: 0x80000c18 (0x739885a3) sb      s9, 1835(a7)
core   0: 3 0x80000c18 (0x739885a3) mem 0x80015775 0x0
core   0: 0x80000c1c (0xd7ca2517) auipc   a0, 0xd7ca2
core   0: 3 0x80000c1c (0xd7ca2517) x10 0x57ca2c1c
core   0: 0x80000c20 (0x72b8c203) lbu     tp, 1835(a7)
core   0: 3 0x80000c20 (0x72b8c203) x 4 0x00000000 mem 0x80015775
core   0: 0x80000c24 (0x00a4a0b3) slt     ra, s1, a0
core   0: 3 0x80000c24 (0x00a4a0b3) x 1 0x00000001
core   0: 0x80000c28 (0x72b8ce83) lbu     t4, 1835(a7)
core   0: 3 0x80000c28 (0x72b8ce83) x29 0x00000000 mem 0x80015775
core   0: 0x80000c2c (0x00015197) auipc   gp, 0x15
core   0: 3 0x80000c2c (0x00015197) x 3 0x80015c2c
core   0: 0x80000c30 (0xfb118193) addi    gp, gp, -79
core   0: 3 0x80000c30 (0xfb118193) x 3 0x80015bdd
core   0: 0x80000c34 (0xfe31ada3) sw      gp, -5(gp)
core   0: 3 0x80000c34 (0xfe31ada3) mem 0x80015bd8 0x80015bdd
core   0: 0x80000c38 (0xff31c483) lbu     s1, -13(gp)
core   0: 3 0x80000c38 (0xff31c483) x 9 0x0000008b mem 0x80015bd0
core   0: 0x80000c3c (0x0241a7a3) sw      tp, 47(gp)
core   0: 3 0x80000c3c (0x0241a7a3) mem 0x80015c0c 0x00000000
core   0: 0x80000c40 (0xfcb1d603) lhu     a2, -53(gp)
core   0: 3 0x80000c40 (0xfcb1d603) x12 0x00006263 mem 0x80015ba8
core   0: 0x80000c44 (0xfdd184a3) sb      t4, -55(gp)
core   0: 3 0x80000c44 (0xfdd184a3) mem 0x80015ba6 0x0
core   0: 0x80000c48 (0x01811a13) slli    s4, sp, 24
core   0: 3 0x80000c48 (0x01811a13) x20 0xe4000000
core   0: 0x80000c4c (0xfd319483) lh      s1, -45(gp)
core   0: 3 0x80000c4c (0xfd319483) x 9 0x00006a6b mem 0x80015bb0
core   0: 0x80000c50 (0x0221c883) lbu     a7, 34(gp)
core   0: 3 0x80000c50 (0x0221c883) x17 0x000000b4 mem 0x80015bff
core   0: 0x80000c54 (0xfe9194a3) sh      s1, -23(gp)
core   0: 3 0x80000c54 (0xfe9194a3) mem 0x80015bc6 0x6a6b
core   0: 0x80000c58 (0xfe51c503) lbu     a0, -27(gp)
core   0: 3 0x80000c58 (0xfe51c503) x10 0x00000079 mem 0x80015bc2
core   0: 0x80000c5c (0x03f19e03) lh      t3, 63(gp)
core   0: 3 0x80000c5c (0x03f19e03) x28 0xffffd6d7 mem 0x80015c1c
core   0: 0x80000c60 (0x014cb4b3) sltu    s1, s9, s4
core   0: 3 0x80000c60 (0x014cb4b3) x 9 0x00000001
core   0: 0x80000c64 (0x01d18f23) sb      t4, 30(gp)
core   0: 3 0x80000c64 (0x01d18f23) mem 0x80015bfb 0x0
core   0: 0x80000c68 (0x0111a333) slt     t1, gp, a7
core   0: 3 0x80000c68 (0x0111a333) x 6 0x00000001
core   0: 0x80000c6c (0x006cc8b3) xor     a7, s9, t1
core   0: 3 0x80000c6c (0x006cc8b3) x17 0x00000001
core   0: 0x80000c70 (0x0000100f) fence.i
core   0: 3 0x80000c70 (0x0000100f)
core   0: 0x80000c74 (0x01fc9bb3) sll     s7, s9, t6
core   0: 3 0x80000c74 (0x01fc9bb3) x23 0x00000000
core   0: 0x80000c78 (0x0000100f) fence.i
core   0: 3 0x80000c78 (0x0000100f)
core   0: 0x80000c7c (0x0001c903) lbu     s2, 0(gp)
core   0: 3 0x80000c7c (0x0001c903) x18 0x00000096 mem 0x80015bdd
core   0: 0x80000c80 (0xff11ca83) lbu     s5, -15(gp)
core   0: 3 0x80000c80 (0xff11ca83) x21 0x00000085 mem 0x80015bce
core   0: 0x80000c84 (0xfee18c03) lb      s8, -18(gp)
core   0: 3 0x80000c84 (0xfee18c03) x24 0xffffff80 mem 0x80015bcb
core   0: 0x80000c88 (0xff0182a3) sb      a6, -27(gp)
core   0: 3 0x80000c88 (0xff0182a3) mem 0x80015bc2 0x79
core   0: 0x80000c8c (0x02618303) lb      t1, 38(gp)
core   0: 3 0x80000c8c (0x02618303) x 6 0xffffffb8 mem 0x80015c03
core   0: 0x80000c90 (0x00015897) auipc   a7, 0x15
core   0: 3 0x80000c90 (0x00015897) x17 0x80015c90
core   0: 0x80000c94 (0xfe288893) addi    a7, a7, -30
core   0: 3 0x80000c94 (0xfe288893) x17 0x80015c72
core   0: 0x80000c98 (0x01188783) lb      a5, 17(a7)
core   0: 3 0x80000c98 (0x01188783) x15 0x00000038 mem 0x80015c83
core   0: 0x80000c9c (0x01188903) lb      s2, 17(a7)
core   0: 3 0x80000c9c (0x01188903) x18 0x00000038 mem 0x80015c83
core   0: 0x80000ca0 (0x02b8a923) sw      a1, 50(a7)
core   0: 3 0x80000ca0 (0x02b8a923) mem 0x80015ca4 0x0000008d
core   0: 0x80000ca4 (0x03288703) lb      a4, 50(a7)
core   0: 3 0x80000ca4 (0x03288703) x14 0xffffff8d mem 0x80015ca4
core   0: 0x80000ca8 (0x0ff0000f) fence   iorw,iorw
core   0: 3 0x80000ca8 (0x0ff0000f)
core   0: 0x80000cac (0x02588923) sb      t0, 50(a7)
core   0: 3 0x80000cac (0x02588923) mem 0x80015ca4 0x1
core   0: 0x80000cb0 (0x0328d283) lhu     t0, 50(a7)
core   0: 3 0x80000cb0 (0x0328d283) x 5 0x00000001 mem 0x80015ca4
core   0: 0x80000cb4 (0x03289403) lh      s0, 50(a7)
core   0: 3 0x80000cb4 (0x03289403) x 8 0x00000001 mem 0x80015ca4
core   0: 0x80000cb8 (0x0328a083) lw      ra, 50(a7)
core   0: 3 0x80000cb8 (0x0328a083) x 1 0x00000001 mem 0x80015ca4
core   0: 0x80000cbc (0x0038ce03) lbu     t3, 3(a7)
core   0: 3 0x80000cbc (0x0038ce03) x28 0x0000002e mem 0x80015c75
core   0: 0x80000cc0 (0x00388e83) lb      t4, 3(a7)
core   0: 3 0x80000cc0 (0x00388e83) x29 0x0000002e mem 0x80015c75
core   0: 0x80000cc4 (0x00388e03) lb      t3, 3(a7)
core   0: 3 0x80000cc4 (0x00388e03) x28 0x0000002e mem 0x80015c75
core   0: 0x80000cc8 (0x00388483) lb      s1, 3(a7)
core   0: 3 0x80000cc8 (0x00388483) x 9 0x0000002e mem 0x80015c75
core   0: 0x80000ccc (0x0001cd97) auipc   s11, 0x1c
core   0: 3 0x80000ccc (0x0001cd97) x27 0x8001cccc
core   0: 0x80000cd0 (0x935d8d93) addi    s11, s11, -1739
core   0: 3 0x80000cd0 (0x935d8d93) x27 0x8001c601
core   0: 0x80000cd4 (0xff6dc083) lbu     ra, -10(s11)
core   0: 3 0x80000cd4 (0xff6dc083) x 1 0x000000ac mem 0x8001c5f7
core   0: 0x80000cd8 (0x010d8e83) lb      t4, 16(s11)
core   0: 3 0x80000cd8 (0x010d8e83) x29 0xffffffca mem 0x8001c611
core   0: 0x80000cdc (0x010dcf83) lbu     t6, 16(s11)
core   0: 3 0x80000cdc (0x010dcf83) x31 0x000000ca mem 0x8001c611
core   0: 0x80000ce0 (0xcba1e897) auipc   a7, 0xcba1e
core   0: 3 0x80000ce0 (0xcba1e897) x17 0x4ba1ece0
core   0: 0x80000ce4 (0x010dca03) lbu     s4, 16(s11)
core   0: 3 0x80000ce4 (0x010dca03) x20 0x000000ca mem 0x8001c611
core   0: 0x80000ce8 (0x01bd8823) sb      s11, 16(s11)
core   0: 3 0x80000ce8 (0x01bd8823) mem 0x8001c611 0x1
core   0: 0x80000cec (0x0000100f) fence.i
core   0: 3 0x80000cec (0x0000100f)
core   0: 0x80000cf0 (0x003d8823) sb      gp, 16(s11)
core   0: 3 0x80000cf0 (0x003d8823) mem 0x8001c611 0xdd
core   0: 0x80000cf4 (0xff8d88a3) sb      s8, -15(s11)
core   0: 3 0x80000cf4 (0xff8d88a3) mem 0x8001c5f2 0x80
core   0: 0x80000cf8 (0xff1d9183) lh      gp, -15(s11)
core   0: 3 0x80000cf8 (0xff1d9183) x 3 0xffffa880 mem 0x8001c5f2
core   0: 0x80000cfc (0x558cc293) xori    t0, s9, 1368
core   0: 3 0x80000cfc (0x558cc293) x 5 0x00000558
core   0: 0x80000d00 (0xfe6d98a3) sh      t1, -15(s11)
core   0: 3 0x80000d00 (0xfe6d98a3) mem 0x8001c5f2 0xffb8
core   0: 0x80000d04 (0xff1d9903) lh      s2, -15(s11)
core   0: 3 0x80000d04 (0xff1d9903) x18 0xffffffb8 mem 0x8001c5f2
core   0: 0x80000d08 (0x0189eb33) or      s6, s3, s8
core   0: 3 0x80000d08 (0x0189eb33) x22 0xffffffe4
core   0: 0x80000d0c (0xff1d8803) lb      a6, -15(s11)
core   0: 3 0x80000d0c (0xff1d8803) x16 0xffffffb8 mem 0x8001c5f2
core   0: 0x80000d10 (0x01eb9213) slli    tp, s7, 30
core   0: 3 0x80000d10 (0x01eb9213) x 4 0x00000000
core   0: 0x80000d14 (0x000d8723) sb      zero, 14(s11)
core   0: 3 0x80000d14 (0x000d8723) mem 0x8001c60f 0x0
core   0: 0x80000d18 (0x00edce83) lbu     t4, 14(s11)
core   0: 3 0x80000d18 (0x00edce83) x29 0x00000000 mem 0x8001c60f
core   0: 0x80000d1c (0x01cd8823) sb      t3, 16(s11)
core   0: 3 0x80000d1c (0x01cd8823) mem 0x8001c611 0x2e
core   0: 0x80000d20 (0x00cd8823) sb      a2, 16(s11)
core   0: 3 0x80000d20 (0x00cd8823) mem 0x8001c611 0x63
core   0: 0x80000d24 (0x0001a917) auipc   s2, 0x1a
core   0: 3 0x80000d24 (0x0001a917) x18 0x8001ad24
core   0: 0x80000d28 (0x17d90913) addi    s2, s2, 381
core   0: 3 0x80000d28 (0x17d90913) x18 0x8001aea1
core   0: 0x80000d2c (0x0192cdb3) xor     s11, t0, s9
core   0: 3 0x80000d2c (0x0192cdb3) x27 0x00000558
core   0: 0x80000d30 (0x9ed90d23) sb      a3, -1542(s2)
core   0: 3 0x80000d30 (0x9ed90d23) mem 0x8001a89b 0x0
core   0: 0x80000d34 (0x8d792c83) lw      s9, -1833(s2)
core   0: 3 0x80000d34 (0x8d792c83) x25 0x30313233 mem 0x8001a778
core   0: 0x80000d38 (0x16094883) lbu     a7, 352(s2)
core   0: 3 0x80000d38 (0x16094883) x17 0x000000ba mem 0x8001b001
core   0: 0x80000d3c (0x0d1927a3) sw      a7, 207(s2)
core   0: 3 0x80000d3c (0x0d1927a3) mem 0x8001af70 0x000000ba
core   0: 0x80000d40 (0x408e8a33) sub     s4, t4, s0
core   0: 3 0x80000d40 (0x408e8a33) x20 0xffffffff
core   0: 0x80000d44 (0x43e91fa3) sh      t5, 1087(s2)
core   0: 3 0x80000d44 (0x43e91fa3) mem 0x8001b2e0 0x0073
core   0: 0x80000d48 (0x0ff0000f) fence   iorw,iorw
core   0: 3 0x80000d48 (0x0ff0000f)
core   0: 0x80000d4c (0x91894183) lbu     gp, -1768(s2)
core   0: 3 0x80000d4c (0x91894183) x 3 0x00000072 mem 0x8001a7b9
core   0: 0x80000d50 (0xc5391803) lh      a6, -941(s2)
core   0: 3 0x80000d50 (0xc5391803) x16 0xffffaeaf mem 0x8001aaf4
core   0: 0x80000d54 (0x01209333) sll     t1, ra, s2
core   0: 3 0x80000d54 (0x01209333) x 6 0x00000158
core   0: 0x80000d58 (0xd6c907a3) sb      a2, -657(s2)
core   0: 3 0x80000d58 (0xd6c907a3) mem 0x8001ac10 0x63
core   0: 0x80000d5c (0xb6194b03) lbu     s6, -1183(s2)
core   0: 3 0x80000d5c (0xb6194b03) x22 0x000000b9 mem 0x8001aa02
core   0: 0x80000d60 (0x01828533) add     a0, t0, s8
core   0: 3 0x80000d60 (0x01828533) x10 0x000004d8
core   0: 0x80000d64 (0xc4394b83) lbu     s7, -957(s2)
core   0: 3 0x80000d64 (0xc4394b83) x23 0x0000009f mem 0x8001aae4
core   0: 0x80000d68 (0x92d90623) sb      a3, -1748(s2)
core   0: 3 0x80000d68 (0x92d90623) mem 0x8001a7cd 0x0
core   0: 0x80000d6c (0x43890323) sb      s8, 1062(s2)
core   0: 3 0x80000d6c (0x43890323) mem 0x8001b2c7 0x80
core   0: 0x80000d70 (0x15a94803) lbu     a6, 346(s2)
core   0: 3 0x80000d70 (0x15a94803) x16 0x000000b0 mem 0x8001affb
core   0: 0x80000d74 (0x00371613) slli    a2, a4, 3
core   0: 3 0x80000d74 (0x00371613) x12 0xfffffc68
core   0: 0x80000d78 (0x0ff0000f) fence   iorw,iorw
core   0: 3 0x80000d78 (0x0ff0000f)
core   0: 0x80000d7c (0xf8991d83) lh      s11, -119(s2)
core   0: 3 0x80000d7c (0xf8991d83) x27 0xffffe0e1 mem 0x8001ae2a
core   0: 0x80000d80 (0xd7a90403) lb      s0, -646(s2)
core   0: 3 0x80000d80 (0xd7a90403) x 8 0xffffffd0 mem 0x8001ac1b
core   0: 0x80000d84 (0xbe18b7b7) lui     a5, 0xbe18b
core   0: 3 0x80000d84 (0xbe18b7b7) x15 0xbe18b000
core   0: 0x80000d88 (0xe5b94503) lbu     a0, -421(s2)
core   0: 3 0x80000d88 (0xe5b94503) x10 0x000000b7 mem 0x8001acfc
core   0: 0x80000d8c (0x35692da3) sw      s6, 859(s2)
core   0: 3 0x80000d8c (0x35692da3) mem 0x8001b1fc 0x000000b9
core   0: 0x80000d90 (0x00000013) nop
core   0: 3 0x80000d90 (0x00000013)
core   0: 0x80000d94 (0x8bc90403) lb      s0, -1860(s2)
core   0: 3 0x80000d94 (0x8bc90403) x 8 0x00000016 mem 0x8001a75d
core   0: 0x80000d98 (0xaf7dff93) andi    t6, s11, -1289
core   0: 3 0x80000d98 (0xaf7dff93) x31 0xffffe0e1
core   0: 0x80000d9c (0x09b92da3) sw      s11, 155(s2)
core   0: 3 0x80000d9c (0x09b92da3) mem 0x8001af3c 0xffffe0e1
core   0: 0x80000da0 (0xbd992da3) sw      s9, -1061(s2)
core   0: 3 0x80000da0 (0xbd992da3) mem 0x8001aa7c 0x30313233
core   0: 0x80000da4 (0x06d95183) lhu     gp, 109(s2)
core   0: 3 0x80000da4 (0x06d95183) x 3 0x0000c4c5 mem 0x8001af0e
core   0: 0x80000da8 (0xa4e92ba3) sw      a4, -1449(s2)
core   0: 3 0x80000da8 (0xa4e92ba3) mem 0x8001a8f8 0xffffff8d
core   0: 0x80000dac (0x13090003) lb      zero, 304(s2)
core   0: 3 0x80000dac (0x13090003) mem 0x8001afd1
core   0: 0x80000db0 (0x93794503) lbu     a0, -1737(s2)
core   0: 3 0x80000db0 (0x93794503) x10 0x00000093 mem 0x8001a7d8
core   0: 0x80000db4 (0x84a94e03) lbu     t3, -1974(s2)
core   0: 3 0x80000db4 (0x84a94e03) x28 0x000000a0 mem 0x8001a6eb
core   0: 0x80000db8 (0xf1d94303) lbu     t1, -227(s2)
core   0: 3 0x80000db8 (0xf1d94303) x 6 0x00000075 mem 0x8001adbe
core   0: 0x80000dbc (0xcc894383) lbu     t2, -824(s2)
core   0: 3 0x80000dbc (0xcc894383) x 7 0x00000022 mem 0x8001ab69
core   0: 0x80000dc0 (0x01305d33) srl     s10, zero, s3
core   0: 3 0x80000dc0 (0x01305d33) x26 0x00000000
core   0: 0x80000dc4 (0xb6294783) lbu     a5, -1182(s2)
core   0: 3 0x80000dc4 (0xb6294783) x15 0x000000b8 mem 0x8001aa03
core   0: 0x80000dc8 (0x0ff0000f) fence   iorw,iorw
core   0: 3 0x80000dc8 (0x0ff0000f)
core   0: 0x80000dcc (0x41c2d613) srai    a2, t0, 28
core   0: 3 0x80000dcc (0x41c2d613) x12 0x00000000
core   0: 0x80000dd0 (0xfb990203) lb      tp, -71(s2)
core   0: 3 0x80000dd0 (0xfb990203) x 4 0x00000011 mem 0x8001ae5a
core   0: 0x80000dd4 (0x10a91ca3) sh      a0, 281(s2)
core   0: 3 0x80000dd4 (0x10a91ca3) mem 0x8001afba 0x0093
core   0: 0x80000dd8 (0x0001b817) auipc   a6, 0x1b
core   0: 3 0x80000dd8 (0x0001b817) x16 0x8001bdd8
core   0: 0x80000ddc (0xa2580813) addi    a6, a6, -1499
core   0: 3 0x80000ddc (0xa2580813) x16 0x8001b7fd
core   0: 0x80000de0 (0x00080403) lb      s0, 0(a6)
core   0: 3 0x80000de0 (0x00080403) x 8 0xffffffb6 mem 0x8001b7fd
core   0: 0x80000de4 (0x7ffab913) sltiu   s2, s5, 2047
core   0: 3 0x80000de4 (0x7ffab913) x18 0x00000001
core   0: 0x80000de8 (0x2ff24493) xori    s1, tp, 767
core   0: 3 0x80000de8 (0x2ff24493) x 9 0x000002ee
core   0: 0x80000dec (0x01e6adb3) slt     s11, a3, t5
core   0: 3 0x80000dec (0x01e6adb3) x27 0x00000001
core   0: 0x80000df0 (0xfd984f03) lbu     t5, -39(a6)
core   0: 3 0x80000df0 (0xfd984f03) x30 0x0000008d mem 0x8001b7d6
core   0: 0x80000df4 (0x03680ca3) sb      s6, 57(a6)
core   0: 3 0x80000df4 (0x03680ca3) mem 0x8001b836 0xb9
core   0: 0x80000df8 (0x01a84f03) lbu     t5, 26(a6)
core   0: 3 0x80000df8 (0x01a84f03) x30 0x000000cc mem 0x8001b817
core   0: 0x80000dfc (0x016640b3) xor     ra, a2, s6
core   0: 3 0x80000dfc (0x016640b3) x 1 0x000000b9
core   0: 0x80000e00 (0x00000013) nop
core   0: 3 0x80000e00 (0x00000013)
core   0: 0x80000e04 (0xfe280603) lb      a2, -30(a6)
core   0: 3 0x80000e04 (0xfe280603) x12 0xffffff94 mem 0x8001b7df
core   0: 0x80000e08 (0x00a79f93) slli    t6, a5, 10
core   0: 3 0x80000e08 (0x00a79f93) x31 0x0002e000
core   0: 0x80000e0c (0xff3803a3) sb      s3, -25(a6)
core   0: 3 0x80000e0c (0xff3803a3) mem 0x8001b7e4 0x64
core   0: 0x80000e10 (0x00000013) nop
core   0: 3 0x80000e10 (0x00000013)
core   0: 0x80000e14 (0x00c47fb3) and     t6, s0, a2
core   0: 3 0x80000e14 (0x00c47fb3) x31 0xffffff94
core   0: 0x80000e18 (0xfdf808a3) sb      t6, -47(a6)
core   0: 3 0x80000e18 (0xfdf808a3) mem 0x8001b7ce 0x94
core   0: 0x80000e1c (0x00c80d83) lb      s11, 12(a6)
core   0: 3 0x80000e1c (0x00c80d83) x27 0xffffffc2 mem 0x8001b809
core   0: 0x80000e20 (0x017c1633) sll     a2, s8, s7
core   0: 3 0x80000e20 (0x017c1633) x12 0x00000000
core   0: 0x80000e24 (0xfc980903) lb      s2, -55(a6)
core   0: 3 0x80000e24 (0xfc980903) x18 0x0000007d mem 0x8001b7c6
core   0: 0x80000e28 (0x00aa1593) slli    a1, s4, 10
core   0: 3 0x80000e28 (0x00aa1593) x11 0xfffffc00
core   0: 0x80000e2c (0x0040b933) sltu    s2, ra, tp
core   0: 3 0x80000e2c (0x0040b933) x18 0x00000000
core   0: 0x80000e30 (0x02480603) lb      a2, 36(a6)
core   0: 3 0x80000e30 (0x02480603) x12 0xffffffda mem 0x8001b821
core   0: 0x80000e34 (0x4eddcc13) xori    s8, s11, 1261
core   0: 3 0x80000e34 (0x4eddcc13) x24 0xfffffb2f
core   0: 0x80000e38 (0xfd5815a3) sh      s5, -53(a6)
core   0: 3 0x80000e38 (0xfd5815a3) mem 0x8001b7c8 0x0085
core   0: 0x80000e3c (0x003dd193) srli    gp, s11, 3
core   0: 3 0x80000e3c (0x003dd193) x 3 0x1ffffff8
core   0: 0x80000e40 (0xaadcfc93) andi    s9, s9, -1363
core   0: 3 0x80000e40 (0xaadcfc93) x25 0x30313221
core   0: 0x80000e44 (0x00284783) lbu     a5, 2(a6)
core   0: 3 0x80000e44 (0x00284783) x15 0x000000b4 mem 0x8001b7ff
core   0: 0x80000e48 (0x03080883) lb      a7, 48(a6)
core   0: 3 0x80000e48 (0x03080883) x17 0xffffffe6 mem 0x8001b82d
core   0: 0x80000e4c (0xfd585a03) lhu     s4, -43(a6)
core   0: 3 0x80000e4c (0xfd585a03) x20 0x00008889 mem 0x8001b7d2
core   0: 0x80000e50 (0xff684203) lbu     tp, -10(a6)
core   0: 3 0x80000e50 (0xff684203) x 4 0x000000a8 mem 0x8001b7f3
core   0: 0x80000e54 (0x00e99a33) sll     s4, s3, a4
core   0: 3 0x80000e54 (0x00e99a33) x20 0x55cc8000
core   0: 0x80000e58 (0xff084383) lbu     t2, -16(a6)
core   0: 3 0x80000e58 (0xff084383) x 7 0x000000a6 mem 0x8001b7ed
core   0: 0x80000e5c (0x009a0633) add     a2, s4, s1
core   0: 3 0x80000e5c (0x009a0633) x12 0x55cc82ee
core   0: 0x80000e60 (0x0146acb3) slt     s9, a3, s4
core   0: 3 0x80000e60 (0x0146acb3) x25 0x00000001
core   0: 0x80000e64 (0x018dd413) srli    s0, s11, 24
core   0: 3 0x80000e64 (0x018dd413) x 8 0x000000ff
core   0: 0x80000e68 (0x011a2c33) slt     s8, s4, a7
core   0: 3 0x80000e68 (0x011a2c33) x24 0x00000000
core   0: 0x80000e6c (0x01ade233) or      tp, s11, s10
core   0: 3 0x80000e6c (0x01ade233) x 4 0xffffffc2
core   0: 0x80000e70 (0x02480d03) lb      s10, 36(a6)
core   0: 3 0x80000e70 (0x02480d03) x26 0xffffffda mem 0x8001b821
core   0: 0x80000e74 (0x0000100f) fence.i
core   0: 3 0x80000e74 (0x0000100f)
core   0: 0x80000e78 (0xffc80003) lb      zero, -4(a6)
core   0: 3 0x80000e78 (0xffc80003) mem 0x8001b7f9
core   0: 0x80000e7c (0x03782183) lw      gp, 55(a6)
core   0: 3 0x80000e7c (0x03782183) x 3 0xecb9eeef mem 0x8001b834
core   0: 0x80000e80 (0xfc181303) lh      t1, -63(a6)
core   0: 3 0x80000e80 (0xfc181303) x 6 0x00007475 mem 0x8001b7be
core   0: 0x80000e84 (0xfee84a03) lbu     s4, -18(a6)
core   0: 3 0x80000e84 (0xfee84a03) x20 0x000000a0 mem 0x8001b7eb
core   0: 0x80000e88 (0x021819a3) sh      ra, 51(a6)
core   0: 3 0x80000e88 (0x021819a3) mem 0x8001b830 0x00b9
core   0: 0x80000e8c (0xfce80ea3) sb      a4, -35(a6)
core   0: 3 0x80000e8c (0xfce80ea3) mem 0x8001b7da 0x8d
core   0: 0x80000e90 (0x01f84e83) lbu     t4, 31(a6)
core   0: 3 0x80000e90 (0x01f84e83) x29 0x000000d7 mem 0x8001b81c
core   0: 0x80000e94 (0x00280b83) lb      s7, 2(a6)
core   0: 3 0x80000e94 (0x00280b83) x23 0xffffffb4 mem 0x8001b7ff
core   0: 0x80000e98 (0xfc080023) sb      zero, -64(a6)
core   0: 3 0x80000e98 (0xfc080023) mem 0x8001b7bd 0x0
core   0: 0x80000e9c (0x00020797) auipc   a5, 0x20
core   0: 3 0x80000e9c (0x00020797) x15 0x80020e9c
core   0: 0x80000ea0 (0xfc378793) addi    a5, a5, -61
core   0: 3 0x80000ea0 (0xfc378793) x15 0x80020e5f
core   0: 0x80000ea4 (0x354c5c97) auipc   s9, 0x354c5
core   0: 3 0x80000ea4 (0x354c5c97) x25 0xb54c5ea4
core   0: 0x80000ea8 (0x03978a23) sb      s9, 52(a5)
core   0: 3 0x80000ea8 (0x03978a23) mem 0x80020e93 0xa4
core   0: 0x80000eac (0xfd579fa3) sh      s5, -33(a5)
core   0: 3 0x80000eac (0xfd579fa3) mem 0x80020e3e 0x0085
core   0: 0x80000eb0 (0x03878e03) lb      t3, 56(a5)
core   0: 3 0x80000eb0 (0x03878e03) x28 0x0000004c mem 0x80020e97
core   0: 0x80000eb4 (0xfda7cb83) lbu     s7, -38(a5)
core   0: 3 0x80000eb4 (0xfda7cb83) x23 0x000000f2 mem 0x80020e39
core   0: 0x80000eb8 (0x01818333) add     t1, gp, s8
core   0: 3 0x80000eb8 (0x01818333) x 6 0xecb9eeef
core   0: 0x80000ebc (0x0084e633) or      a2, s1, s0
core   0: 3 0x80000ebc (0x0084e633) x12 0x000002ff
core   0: 0x80000ec0 (0xfde78083) lb      ra, -34(a5)
core   0: 3 0x80000ec0 (0xfde78083) x 1 0xfffffff6 mem 0x80020e3d
core   0: 0x80000ec4 (0x001722b3) slt     t0, a4, ra
core   0: 3 0x80000ec4 (0x001722b3) x 5 0x00000001
core   0: 0x80000ec8 (0x00e7ce03) lbu     t3, 14(a5)
core   0: 3 0x80000ec8 (0x00e7ce03) x28 0x00000026 mem 0x80020e6d
core   0: 0x80000ecc (0x00b7dd83) lhu     s11, 11(a5)
core   0: 3 0x80000ecc (0x00b7dd83) x27 0x00002021 mem 0x80020e6a
core   0: 0x80000ed0 (0x01378823) sb      s3, 16(a5)
core   0: 3 0x80000ed0 (0x01378823) mem 0x80020e6f 0x64
core   0: 0x80000ed4 (0xff47cb83) lbu     s7, -12(a5)
core   0: 3 0x80000ed4 (0xff47cb83) x23 0x00000008 mem 0x80020e53
core   0: 0x80000ed8 (0xfca78203) lb      tp, -54(a5)
core   0: 3 0x80000ed8 (0xfca78203) x 4 0xffffffe2 mem 0x80020e29
core   0: 0x80000edc (0x00e795a3) sh      a4, 11(a5)
core   0: 3 0x80000edc (0x00e795a3) mem 0x80020e6a 0xff8d
core   0: 0x80000ee0 (0xfdb79583) lh      a1, -37(a5)
core   0: 3 0x80000ee0 (0xfdb79583) x11 0xfffff0f1 mem 0x80020e3a
core   0: 0x80000ee4 (0x0037d003) lhu     zero, 3(a5)
core   0: 3 0x80000ee4 (0x0037d003) mem 0x80020e62
core   0: 0x80000ee8 (0x0277c583) lbu     a1, 39(a5)
core   0: 3 0x80000ee8 (0x0277c583) x11 0x0000003d mem 0x80020e86
core   0: 0x80000eec (0xfce78223) sb      a4, -60(a5)
core   0: 3 0x80000eec (0xfce78223) mem 0x80020e23 0x8d
core   0: 0x80000ef0 (0xfc678023) sb      t1, -64(a5)
core   0: 3 0x80000ef0 (0xfc678023) mem 0x80020e1f 0xef
core   0: 0x80000ef4 (0x00b7db83) lhu     s7, 11(a5)
core   0: 3 0x80000ef4 (0x00b7db83) x23 0x0000ff8d mem 0x80020e6a
core   0: 0x80000ef8 (0xc1f93413) sltiu   s0, s2, -993
core   0: 3 0x80000ef8 (0xc1f93413) x 8 0x00000001
core   0: 0x80000efc (0x00ea5593) srli    a1, s4, 14
core   0: 3 0x80000efc (0x00ea5593) x11 0x00000000
core   0: 0x80000f00 (0xfcf78f03) lb      t5, -49(a5)
core   0: 3 0x80000f00 (0xfcf78f03) x30 0xffffffe5 mem 0x80020e2e
core   0: 0x80000f04 (0x01810c33) add     s8, sp, s8
core   0: 3 0x80000f04 (0x01810c33) x24 0x8002ece4
core   0: 0x80000f08 (0x0177d703) lhu     a4, 23(a5)
core   0: 3 0x80000f08 (0x0177d703) x14 0x00002c2d mem 0x80020e76
core   0: 0x80000f0c (0x01f7d903) lhu     s2, 31(a5)
core   0: 3 0x80000f0c (0x01f7d903) x18 0x00003435 mem 0x80020e7e
core   0: 0x80000f10 (0xff078303) lb      t1, -16(a5)
core   0: 3 0x80000f10 (0xff078303) x 6 0x00000004 mem 0x80020e4f
core   0: 0x80000f14 (0x02c78803) lb      a6, 44(a5)
core   0: 3 0x80000f14 (0x02c78803) x16 0x00000040 mem 0x80020e8b
core   0: 0x80000f18 (0xfff793a3) sh      t6, -25(a5)
core   0: 3 0x80000f18 (0xfff793a3) mem 0x80020e46 0xff94
core   0: 0x80000f1c (0xdc8ab313) sltiu   t1, s5, -568
core   0: 3 0x80000f1c (0xdc8ab313) x 6 0x00000001
core   0: 0x80000f20 (0x40ff5c93) srai    s9, t5, 15
core   0: 3 0x80000f20 (0x40ff5c93) x25 0xffffffff
core   0: 0x80000f24 (0x00000013) nop
core   0: 3 0x80000f24 (0x00000013)
core   0: 0x80000f28 (0xffc78603) lb      a2, -4(a5)
core   0: 3 0x80000f28 (0xffc78603) x12 0x00000010 mem 0x80020e5b
core   0: 0x80000f2c (0x00479593) slli    a1, a5, 4
core   0: 3 0x80000f2c (0x00479593) x11 0x0020e5f0
core   0: 0x80000f30 (0x03b78f23) sb      s11, 62(a5)
core   0: 3 0x80000f30 (0x03b78f23) mem 0x80020e9d 0x21
core   0: 0x80000f34 (0x00ac2f33) slt     t5, s8, a0
core   0: 3 0x80000f34 (0x00ac2f33) x30 0x00000001
core   0: 0x80000f38 (0xfdb79883) lh      a7, -37(a5)
core   0: 3 0x80000f38 (0xfdb79883) x17 0xfffff0f1 mem 0x80020e3a
core   0: 0x80000f3c (0x0181db33) srl     s6, gp, s8
core   0: 3 0x80000f3c (0x0181db33) x22 0x0ecb9eee
core   0: 0x80000f40 (0x91c0f613) andi    a2, ra, -1764
core   0: 3 0x80000f40 (0x91c0f613) x12 0xfffff914
core   0: 0x80000f44 (0xdd597397) auipc   t2, 0xdd597
core   0: 3 0x80000f44 (0xdd597397) x 7 0x5d597f44
core   0: 0x80000f48 (0x02e7cb03) lbu     s6, 46(a5)
core   0: 3 0x80000f48 (0x02e7cb03) x22 0x00000046 mem 0x80020e8d
core   0: 0x80000f4c (0xfd07ca03) lbu     s4, -48(a5)
core   0: 3 0x80000f4c (0xfd07ca03) x20 0x000000e4 mem 0x80020e2f
core   0: 0x80000f50 (0xfcb79383) lh      t2, -53(a5)
core   0: 3 0x80000f50 (0xfcb79383) x 7 0xffffe0e1 mem 0x80020e2a
core   0: 0x80000f54 (0x00014e97) auipc   t4, 0x14
core   0: 3 0x80000f54 (0x00014e97) x29 0x80014f54
core   0: 0x80000f58 (0x563e8e93) addi    t4, t4, 1379
core   0: 3 0x80000f58 (0x563e8e93) x29 0x800154b7
core   0: 0x80000f5c (0x00017197) auipc   gp, 0x17
core   0: 3 0x80000f5c (0x00017197) x 3 0x80017f5c
core   0: 0x80000f60 (0x97018193) addi    gp, gp, -1680
core   0: 3 0x80000f60 (0x97018193) x 3 0x800178cc
core   0: 0x80000f64 (0x002ec603) lbu     a2, 2(t4)
core   0: 3 0x80000f64 (0x002ec603) x12 0x00000072 mem 0x800154b9
core   0: 0x80000f68 (0x03918123) sb      s9, 34(gp)
core   0: 3 0x80000f68 (0x03918123) mem 0x800178ee 0xff
core   0: 0x80000f6c (0xfda19503) lh      a0, -38(gp)
core   0: 3 0x80000f6c (0xfda19503) x10 0x00005c5d mem 0x800178a6
core   0: 0x80000f70 (0x003ece03) lbu     t3, 3(t4)
core   0: 3 0x80000f70 (0x003ece03) x28 0x00000071 mem 0x800154ba
core   0: 0x80000f74 (0x010ec883) lbu     a7, 16(t4)
core   0: 3 0x80000f74 (0x010ec883) x17 0x0000007c mem 0x800154c7
core   0: 0x80000f78 (0xfda18d03) lb      s10, -38(gp)
core   0: 3 0x80000f78 (0xfda18d03) x26 0x0000005d mem 0x800178a6
core   0: 0x80000f7c (0x01c1cb83) lbu     s7, 28(gp)
core   0: 3 0x80000f7c (0x01c1cb83) x23 0x000000a3 mem 0x800178e8
core   0: 0x80000f80 (0xff8ec903) lbu     s2, -8(t4)
core   0: 3 0x80000f80 (0xff8ec903) x18 0x00000064 mem 0x800154af
core   0: 0x80000f84 (0xfdf19623) sh      t6, -52(gp)
core   0: 3 0x80000f84 (0xfdf19623) mem 0x80017898 0xff94
core   0: 0x80000f88 (0xff0ec083) lbu     ra, -16(t4)
core   0: 3 0x80000f88 (0xff0ec083) x 1 0x0000005c mem 0x800154a7
core   0: 0x80000f8c (0x00318d83) lb      s11, 3(gp)
core   0: 3 0x80000f8c (0x00318d83) x27 0xffffff84 mem 0x800178cf
core   0: 0x80000f90 (0xfed18323) sb      a3, -26(gp)
core   0: 3 0x80000f90 (0xfed18323) mem 0x800178b2 0x0
core   0: 0x80000f94 (0xfd71c883) lbu     a7, -41(gp)
core   0: 3 0x80000f94 (0xfd71c883) x17 0x00000058 mem 0x800178a3
core   0: 0x80000f98 (0x02b187a3) sb      a1, 47(gp)
core   0: 3 0x80000f98 (0x02b187a3) mem 0x800178fb 0xf0
core   0: 0x80000f9c (0x02a19b23) sh      a0, 54(gp)
core   0: 3 0x80000f9c (0x02a19b23) mem 0x80017902 0x5c5d
core   0: 0x80000fa0 (0x010e8803) lb      a6, 16(t4)
core   0: 3 0x80000fa0 (0x010e8803) x16 0x0000007c mem 0x800154c7
core   0: 0x80000fa4 (0x0001ba97) auipc   s5, 0x1b
core   0: 3 0x80000fa4 (0x0001ba97) x21 0x8001bfa4
core   0: 0x80000fa8 (0xf11a8a93) addi    s5, s5, -239
core   0: 3 0x80000fa8 (0xf11a8a93) x21 0x8001beb5
core   0: 0x80000fac (0xf316c193) xori    gp, a3, -207
core   0: 3 0x80000fac (0xf316c193) x 3 0x7fffff31
core   0: 0x80000fb0 (0x017de533) or      a0, s11, s7
core   0: 3 0x80000fb0 (0x017de533) x10 0xffffffa7
core   0: 0x80000fb4 (0xfd2ac803) lbu     a6, -46(s5)
core   0: 3 0x80000fb4 (0xfd2ac803) x16 0x0000003c mem 0x8001be87
core   0: 0x80000fb8 (0x01958eb3) add     t4, a1, s9
core   0: 3 0x80000fb8 (0x01958eb3) x29 0x0020e5ef
core   0: 0x80000fbc (0x02ba9ca3) sh      a1, 57(s5)
core   0: 3 0x80000fbc (0x02ba9ca3) mem 0x8001beee 0xe5f0
core   0: 0x80000fc0 (0x9d2e4337) lui     t1, 0x9d2e4
core   0: 3 0x80000fc0 (0x9d2e4337) x 6 0x9d2e4000
core   0: 0x80000fc4 (0xa4178313) addi    t1, a5, -1471
core   0: 3 0x80000fc4 (0xa4178313) x 6 0x800208a0
core   0: 0x80000fc8 (0x49323097) auipc   ra, 0x49323
core   0: 3 0x80000fc8 (0x49323097) x 1 0xc9323fc8
core   0: 0x80000fcc (0xbe443713) sltiu   a4, s0, -1052
core   0: 3 0x80000fcc (0xbe443713) x14 0x00000001
core   0: 0x80000fd0 (0xfcea8423) sb      a4, -56(s5)
core   0: 3 0x80000fd0 (0xfcea8423) mem 0x8001be7d 0x1
core   0: 0x80000fd4 (0xb83d7a13) andi    s4, s10, -1149
core   0: 3 0x80000fd4 (0xb83d7a13) x20 0x00000001
core   0: 0x80000fd8 (0xfdaa8783) lb      a5, -38(s5)
core   0: 3 0x80000fd8 (0xfdaa8783) x15 0x00000044 mem 0x8001be8f
core   0: 0x80000fdc (0x40dcd393) srai    t2, s9, 13
core   0: 3 0x80000fdc (0x40dcd393) x 7 0xffffffff
core   0: 0x80000fe0 (0xffdac403) lbu     s0, -3(s5)
core   0: 3 0x80000fe0 (0xffdac403) x 8 0x00000069 mem 0x8001beb2
core   0: 0x80000fe4 (0x030a87a3) sb      a6, 47(s5)
core   0: 3 0x80000fe4 (0x030a87a3) mem 0x8001bee4 0x3c
core   0: 0x80000fe8 (0xfeaaa9a3) sw      a0, -13(s5)
core   0: 3 0x80000fe8 (0xfeaaa9a3) mem 0x8001bea8 0xffffffa7
core   0: 0x80000fec (0x007aaf83) lw      t6, 7(s5)
core   0: 3 0x80000fec (0x007aaf83) x31 0x74757677 mem 0x8001bebc
core   0: 0x80000ff0 (0x038a8583) lb      a1, 56(s5)
core   0: 3 0x80000ff0 (0x038a8583) x11 0xffffffa6 mem 0x8001beed
core   0: 0x80000ff4 (0xfdfa8d23) sb      t6, -38(s5)
core   0: 3 0x80000ff4 (0xfdfa8d23) mem 0x8001be8f 0x77
core   0: 0x80000ff8 (0x027a9e83) lh      t4, 39(s5)
core   0: 3 0x80000ff8 (0x027a9e83) x29 0xffff9697 mem 0x8001bedc
core   0: 0x80000ffc (0x0ff0000f) fence   iorw,iorw
core   0: 3 0x80000ffc (0x0ff0000f)
core   0: 0x80001000 (0x01daa9a3) sw      t4, 19(s5)
core   0: 3 0x80001000 (0x01daa9a3) mem 0x8001bec8 0xffff9697
core   0: 0x80001004 (0x3d5e1897) auipc   a7, 0x3d5e1
core   0: 3 0x80001004 (0x3d5e1897) x17 0xbd5e2004
core   0: 0x80001008 (0x01faa603) lw      a2, 31(s5)
core   0: 3 0x80001008 (0x01faa603) x12 0x8c8d8e8f mem 0x8001bed4
core   0: 0x8000100c (0x05961817) auipc   a6, 0x5961
core   0: 3 0x8000100c (0x05961817) x16 0x8596200c
core   0: 0x80001010 (0x00724e33) xor     t3, tp, t2
core   0: 3 0x80001010 (0x00724e33) x28 0x0000001d
core   0: 0x80001014 (0x0078c5b3) xor     a1, a7, t2
core   0: 3 0x80001014 (0x0078c5b3) x11 0x42a1dffb
core   0: 0x80001018 (0x21897793) andi    a5, s2, 536
core   0: 3 0x80001018 (0x21897793) x15 0x00000000
core   0: 0x8000101c (0xfdcaa1a3) sw      t3, -61(s5)
core   0: 3 0x8000101c (0xfdcaa1a3) mem 0x8001be78 0x0000001d
core   0: 0x80001020 (0x024ac303) lbu     t1, 36(s5)
core   0: 3 0x80001020 (0x024ac303) x 6 0x00000092 mem 0x8001bed9
core   0: 0x80001024 (0x4186d1b3) sra     gp, a3, s8
core   0: 3 0x80001024 (0x4186d1b3) x 3 0xf8000000
core   0: 0x80001028 (0x0ff0000f) fence   iorw,iorw
core   0: 3 0x80001028 (0x0ff0000f)
core   0: 0x8000102c (0x00fd1293) slli    t0, s10, 15
core   0: 3 0x8000102c (0x00fd1293) x 5 0x002e8000
core   0: 0x80001030 (0x0000100f) fence.i
core   0: 3 0x80001030 (0x0000100f)
core   0: 0x80001034 (0xfe5a8e23) sb      t0, -4(s5)
core   0: 3 0x80001034 (0xfe5a8e23) mem 0x8001beb1 0x0
core   0: 0x80001038 (0x013d6433) or      s0, s10, s3
core   0: 3 0x80001038 (0x013d6433) x 8 0x8002ae7d
core   0: 0x8000103c (0xf265bf97) auipc   t6, 0xf265b
core   0: 3 0x8000103c (0xf265bf97) x31 0x7265c03c
core   0: 0x80001040 (0xc902d917) auipc   s2, 0xc902d
core   0: 3 0x80001040 (0xc902d917) x18 0x4902e040
core   0: 0x80001044 (0x01bbd733) srl     a4, s7, s11
core   0: 3 0x80001044 (0x01bbd733) x14 0x0000000a
core   0: 0x80001048 (0x014a8c03) lb      s8, 20(s5)
core   0: 3 0x80001048 (0x014a8c03) x24 0xffffff96 mem 0x8001bec9
core   0: 0x8000104c (0x40f557b3) sra     a5, a0, a5
core   0: 3 0x8000104c (0x40f557b3) x15 0xffffffa7
core   0: 0x80001050 (0x44b3cc13) xori    s8, t2, 1099
core   0: 3 0x80001050 (0x44b3cc13) x24 0xfffffbb4
core   0: 0x80001054 (0x037aafa3) sw      s7, 63(s5)
core   0: 3 0x80001054 (0x037aafa3) mem 0x8001bef4 0x000000a3
core   0: 0x80001058 (0x41b603b3) sub     t2, a2, s11
core   0: 3 0x80001058 (0x41b603b3) x 7 0x8c8d8f0b
core   0: 0x8000105c (0x00321d13) slli    s10, tp, 3
core   0: 3 0x8000105c (0x00321d13) x26 0xffffff10
core   0: 0x80001060 (0x018ac883) lbu     a7, 24(s5)
core   0: 3 0x80001060 (0x018ac883) x17 0x00000086 mem 0x8001becd
core   0: 0x80001064 (0x0000100f) fence.i
core   0: 3 0x80001064 (0x0000100f)
core   0: 0x80001068 (0xfd2a90a3) sh      s2, -63(s5)
core   0: 3 0x80001068 (0xfd2a90a3) mem 0x8001be76 0xe040
core   0: 0x8000106c (0xfeca8223) sb      a2, -28(s5)
core   0: 3 0x8000106c (0xfeca8223) mem 0x8001be99 0x8f
core   0: 0x80001070 (0xc731a297) auipc   t0, 0xc731a
core   0: 3 0x80001070 (0xc731a297) x 5 0x4731b070
core   0: 0x80001074 (0xff5a8f23) sb      s5, -2(s5)
core   0: 3 0x80001074 (0xff5a8f23) mem 0x8001beb3 0xb5
core   0: 0x80001078 (0xfc4ac583) lbu     a1, -60(s5)
core   0: 3 0x80001078 (0xfc4ac583) x11 0x00000000 mem 0x8001be79
core   0: 0x8000107c (0xfd7ad003) lhu     zero, -41(s5)
core   0: 3 0x8000107c (0xfd7ad003) mem 0x8001be8c
core   0: 0x80001080 (0x00024597) auipc   a1, 0x24
core   0: 3 0x80001080 (0x00024597) x11 0x80025080
core   0: 0x80001084 (0xd4658593) addi    a1, a1, -698
core   0: 3 0x80001084 (0xd4658593) x11 0x80024dc6
core   0: 0x80001088 (0xfea59823) sh      a0, -16(a1)
core   0: 3 0x80001088 (0xfea59823) mem 0x80024db6 0xffa7
core   0: 0x8000108c (0xff05d903) lhu     s2, -16(a1)
core   0: 3 0x8000108c (0xff05d903) x18 0x0000ffa7 mem 0x80024db6
core   0: 0x80001090 (0xfe158823) sb      ra, -16(a1)
core   0: 3 0x80001090 (0xfe158823) mem 0x80024db6 0xc8
core   0: 0x80001094 (0xfe558823) sb      t0, -16(a1)
core   0: 3 0x80001094 (0xfe558823) mem 0x80024db6 0x70
core   0: 0x80001098 (0xff059803) lh      a6, -16(a1)
core   0: 3 0x80001098 (0xff059803) x16 0xffffff70 mem 0x80024db6
core   0: 0x8000109c (0xfff5c283) lbu     t0, -1(a1)
core   0: 3 0x8000109c (0xfff5c283) x 5 0x0000007e mem 0x80024dc5
core   0: 0x800010a0 (0xfff5c883) lbu     a7, -1(a1)
core   0: 3 0x800010a0 (0xfff5c883) x17 0x0000007e mem 0x80024dc5
core   0: 0x800010a4 (0xff058ea3) sb      a6, -3(a1)
core   0: 3 0x800010a4 (0xff058ea3) mem 0x80024dc3 0x70
core   0: 0x800010a8 (0x0085c283) lbu     t0, 8(a1)
core   0: 3 0x800010a8 (0x0085c283) x 5 0x00000085 mem 0x80024dce
core   0: 0x800010ac (0x01658423) sb      s6, 8(a1)
core   0: 3 0x800010ac (0x01658423) mem 0x80024dce 0x46
core   0: 0x800010b0 (0x0085c083) lbu     ra, 8(a1)
core   0: 3 0x800010b0 (0x0085c083) x 1 0x00000046 mem 0x80024dce
core   0: 0x800010b4 (0x0036d3b3) srl     t2, a3, gp
core   0: 3 0x800010b4 (0x0036d3b3) x 7 0x80000000
core   0: 0x800010b8 (0x00858403) lb      s0, 8(a1)
core   0: 3 0x800010b8 (0x00858403) x 8 0x00000046 mem 0x80024dce
core   0: 0x800010bc (0x0085d183) lhu     gp, 8(a1)
core   0: 3 0x800010bc (0x0085d183) x 3 0x00008446 mem 0x80024dce
core   0: 0x800010c0 (0x0085db03) lhu     s6, 8(a1)
core   0: 3 0x800010c0 (0x0085db03) x22 0x00008446 mem 0x80024dce
core   0: 0x800010c4 (0x00a58423) sb      a0, 8(a1)
core   0: 3 0x800010c4 (0x00a58423) mem 0x80024dce 0xa7
core   0: 0x800010c8 (0x0019ebb3) or      s7, s3, ra
core   0: 3 0x800010c8 (0x0019ebb3) x23 0x8002ae66
core   0: 0x800010cc (0x0085c183) lbu     gp, 8(a1)
core   0: 3 0x800010cc (0x0085c183) x 3 0x000000a7 mem 0x80024dce
core   0: 0x800010d0 (0x00859403) lh      s0, 8(a1)
core   0: 3 0x800010d0 (0x00859403) x 8 0xffff84a7 mem 0x80024dce
core   0: 0x800010d4 (0x00858003) lb      zero, 8(a1)
core   0: 3 0x800010d4 (0x00858003) mem 0x80024dce
core   0: 0x800010d8 (0x00f58423) sb      a5, 8(a1)
core   0: 3 0x800010d8 (0x00f58423) mem 0x80024dce 0xa7
core   0: 0x800010dc (0x0001de17) auipc   t3, 0x1d
core   0: 3 0x800010dc (0x0001de17) x28 0x8001e0dc
core   0: 0x800010e0 (0x5b2e0e13) addi    t3, t3, 1458
core   0: 3 0x800010e0 (0x5b2e0e13) x28 0x8001e68e
core   0: 0x800010e4 (0xfede0da3) sb      a3, -5(t3)
core   0: 3 0x800010e4 (0xfede0da3) mem 0x8001e689 0x0
core   0: 0x800010e8 (0x96d4b513) sltiu   a0, s1, -1683
core   0: 3 0x800010e8 (0x96d4b513) x10 0x00000001
core   0: 0x800010ec (0xffbe0483) lb      s1, -5(t3)
core   0: 3 0x800010ec (0xffbe0483) x 9 0x00000000 mem 0x8001e689
core   0: 0x800010f0 (0x719e4883) lbu     a7, 1817(t3)
core   0: 3 0x800010f0 (0x719e4883) x17 0x0000005c mem 0x8001eda7
core   0: 0x800010f4 (0x71fe0ca3) sb      t6, 1817(t3)
core   0: 3 0x800010f4 (0x71fe0ca3) mem 0x8001eda7 0x3c
core   0: 0x800010f8 (0x705e0ca3) sb      t0, 1817(t3)
core   0: 3 0x800010f8 (0x705e0ca3) mem 0x8001eda7 0x85
core   0: 0x800010fc (0x708e0ca3) sb      s0, 1817(t3)
core   0: 3 0x800010fc (0x708e0ca3) mem 0x8001eda7 0xa7
core   0: 0x80001100 (0x719e4483) lbu     s1, 1817(t3)
core   0: 3 0x80001100 (0x719e4483) x 9 0x000000a7 mem 0x8001eda7
core   0: 0x80001104 (0xf68e02a3) sb      s0, -155(t3)
core   0: 3 0x80001104 (0xf68e02a3) mem 0x8001e5f3 0xa7
core   0: 0x80001108 (0xf67e02a3) sb      t2, -155(t3)
core   0: 3 0x80001108 (0xf67e02a3) mem 0x8001e5f3 0x0
core   0: 0x8000110c (0xf65e4483) lbu     s1, -155(t3)
core   0: 3 0x8000110c (0xf65e4483) x 9 0x00000000 mem 0x8001e5f3
core   0: 0x80001110 (0x00b21d33) sll     s10, tp, a1
core   0: 3 0x80001110 (0x00b21d33) x26 0xfffff880
core   0: 0x80001114 (0xfb6e07a3) sb      s6, -81(t3)
core   0: 3 0x80001114 (0xfb6e07a3) mem 0x8001e63d 0x46
core   0: 0x80001118 (0xfbde07a3) sb      t4, -81(t3)
core   0: 3 0x80001118 (0xfbde07a3) mem 0x8001e63d 0x97
core   0: 0x8000111c (0x019ad633) srl     a2, s5, s9
core   0: 3 0x8000111c (0x019ad633) x12 0x00000001
core   0: 0x80001120 (0xfa6e07a3) sb      t1, -81(t3)
core   0: 3 0x80001120 (0xfa6e07a3) mem 0x8001e63d 0x92
core   0: 0x80001124 (0xfafe0003) lb      zero, -81(t3)
core   0: 3 0x80001124 (0xfafe0003) mem 0x8001e63d
core   0: 0x80001128 (0xfb2e07a3) sb      s2, -81(t3)
core   0: 3 0x80001128 (0xfb2e07a3) mem 0x8001e63d 0xa7
core   0: 0x8000112c (0x8eda8313) addi    t1, s5, -1811
core   0: 3 0x8000112c (0x8eda8313) x 6 0x8001b7a2
core   0: 0x80001130 (0xfbfe07a3) sb      t6, -81(t3)
core   0: 3 0x80001130 (0xfbfe07a3) mem 0x8001e63d 0x3c
core   0: 0x80001134 (0x00014c97) auipc   s9, 0x14
core   0: 3 0x80001134 (0x00014c97) x25 0x80015134
core   0: 0x80001138 (0x578c8c93) addi    s9, s9, 1400
core   0: 3 0x80001138 (0x578c8c93) x25 0x800156ac
core   0: 0x8000113c (0x7fbc2013) slti    zero, s8, 2043
core   0: 3 0x8000113c (0x7fbc2013)
core   0: 0x80001140 (0x8e64ec13) ori     s8, s1, -1818
core   0: 3 0x80001140 (0x8e64ec13) x24 0xfffff8e6
core   0: 0x80001144 (0x98091237) lui     tp, 0x98091
core   0: 3 0x80001144 (0x98091237) x 4 0x98091000
core   0: 0x80001148 (0x015e2833) slt     a6, t3, s5
core   0: 3 0x80001148 (0x015e2833) x16 0x00000000
core   0: 0x8000114c (0x01be8eb3) add     t4, t4, s11
core   0: 3 0x8000114c (0x01be8eb3) x29 0xffff961b
core   0: 0x80001150 (0xa76c8e23) sb      s6, -1412(s9)
core   0: 3 0x80001150 (0xa76c8e23) mem 0x80015128 0x46
core   0: 0x80001154 (0x00a95193) srli    gp, s2, 10
core   0: 3 0x80001154 (0x00a95193) x 3 0x0000003f
core   0: 0x80001158 (0x409f5c13) srai    s8, t5, 9
core   0: 3 0x80001158 (0x409f5c13) x24 0x00000000
core   0: 0x8000115c (0x68bc8403) lb      s0, 1675(s9)
core   0: 3 0x8000115c (0x68bc8403) x 8 0xffffffec mem 0x80015d37
core   0: 0x80001160 (0x00e59393) slli    t2, a1, 14
core   0: 3 0x80001160 (0x00e59393) x 7 0x93718000
core   0: 0x80001164 (0x90ba3713) sltiu   a4, s4, -1781
core   0: 3 0x80001164 (0x90ba3713) x14 0x00000001
core   0: 0x80001168 (0xd17c80a3) sb      s7, -767(s9)
core   0: 3 0x80001168 (0xd17c80a3) mem 0x800153ad 0x66
core   0: 0x8000116c (0x0000100f) fence.i
core   0: 3 0x8000116c (0x0000100f)
core   0: 0x80001170 (0x01f99d33) sll     s10, s3, t6
core   0: 3 0x80001170 (0x01f99d33) x26 0x40000000
core   0: 0x80001174 (0xbefcc003) lbu     zero, -1041(s9)
core   0: 3 0x80001174 (0xbefcc003) mem 0x8001529b
core   0: 0x80001178 (0xef526f37) lui     t5, 0xef526
core   0: 3 0x80001178 (0xef526f37) x30 0xef526000
core   0: 0x8000117c (0x739c8f83) lb      t6, 1849(s9)
core   0: 3 0x8000117c (0x739c8f83) x31 0x0000001d mem 0x80015de5
core   0: 0x80001180 (0x12dcc203) lbu     tp, 301(s9)
core   0: 3 0x80001180 (0x12dcc203) x 4 0x00000092 mem 0x800157d9
core   0: 0x80001184 (0x363c8003) lb      zero, 867(s9)
core   0: 3 0x80001184 (0x363c8003) mem 0x80015a0f
core   0: 0x80001188 (0x021c8403) lb      s0, 33(s9)
core   0: 3 0x80001188 (0x021c8403) x 8 0xffffff86 mem 0x800156cd
core   0: 0x8000118c (0x0c1c88a3) sb      ra, 209(s9)
core   0: 3 0x8000118c (0x0c1c88a3) mem 0x8001577d 0x46
core   0: 0x80001190 (0xa89c8883) lb      a7, -1399(s9)
core   0: 3 0x80001190 (0xa89c8883) x17 0xffffffee mem 0x80015135
core   0: 0x80001194 (0xaa2cc283) lbu     t0, -1374(s9)
core   0: 3 0x80001194 (0xaa2cc283) x 5 0x00000005 mem 0x8001514e
core   0: 0x80001198 (0xb61c8b03) lb      s6, -1183(s9)
core   0: 3 0x80001198 (0xb61c8b03) x22 0xffffffe6 mem 0x8001520d
core   0: 0x8000119c (0x321ccf83) lbu     t6, 801(s9)
core   0: 3 0x8000119c (0x321ccf83) x31 0x00000086 mem 0x800159cd
core   0: 0x800011a0 (0xa3dc8183) lb      gp, -1475(s9)
core   0: 3 0x800011a0 (0xa3dc8183) x 3 0xffffffa2 mem 0x800150e9
core   0: 0x800011a4 (0x406a5393) srai    t2, s4, 6
core   0: 3 0x800011a4 (0x406a5393) x 7 0x00000000
core   0: 0x800011a8 (0x231c8b23) sb      a7, 566(s9)
core   0: 3 0x800011a8 (0x231c8b23) mem 0x800158e2 0xee
core   0: 0x800011ac (0x675ccd83) lbu     s11, 1653(s9)
core   0: 3 0x800011ac (0x675ccd83) x27 0x00000002 mem 0x80015d21
core   0: 0x800011b0 (0x0d9c88a3) sb      s9, 209(s9)
core   0: 3 0x800011b0 (0x0d9c88a3) mem 0x8001577d 0xac
core   0: 0x800011b4 (0x017b9433) sll     s0, s7, s7
core   0: 3 0x800011b4 (0x017b9433) x 8 0x00ab9980
core   0: 0x800011b8 (0x512c8303) lb      t1, 1298(s9)
core   0: 3 0x800011b8 (0x512c8303) x 6 0x00000075 mem 0x80015bbe
core   0: 0x800011bc (0x01d93533) sltu    a0, s2, t4
core   0: 3 0x800011bc (0x01d93533) x10 0x00000001
core   0: 0x800011c0 (0xe27cca03) lbu     s4, -473(s9)
core   0: 3 0x800011c0 (0xe27cca03) x20 0x00000088 mem 0x800154d3
core   0: 0x800011c4 (0x150c9223) sh      a6, 324(s9)
core   0: 3 0x800011c4 (0x150c9223) mem 0x800157f0 0x0000
core   0: 0x800011c8 (0xab8c8923) sb      s8, -1358(s9)
core   0: 3 0x800011c8 (0xab8c8923) mem 0x8001515e 0x0
core   0: 0x800011cc (0xd91c8483) lb      s1, -623(s9)
core   0: 3 0x800011cc (0xd91c8483) x 9 0xfffffff6 mem 0x8001543d
core   0: 0x800011d0 (0x00023097) auipc   ra, 0x23
core   0: 3 0x800011d0 (0x00023097) x 1 0x800241d0
core   0: 0x800011d4 (0x1ac08093) addi    ra, ra, 428
core   0: 3 0x800011d4 (0x1ac08093) x 1 0x8002437c
core   0: 0x800011d8 (0x00e0dc83) lhu     s9, 14(ra)
core   0: 3 0x800011d8 (0x00e0dc83) x25 0x00004041 mem 0x8002438a
core   0: 0x800011dc (0x00ed34b3) sltu    s1, s10, a4
core   0: 3 0x800011dc (0x00ed34b3) x 9 0x00000000
core   0: 0x800011e0 (0x00c09723) sh      a2, 14(ra)
core   0: 3 0x800011e0 (0x00c09723) mem 0x8002438a 0x0001
core   0: 0x800011e4 (0x01b09723) sh      s11, 14(ra)
core   0: 3 0x800011e4 (0x01b09723) mem 0x8002438a 0x0002
core   0: 0x800011e8 (0x01609723) sh      s6, 14(ra)
core   0: 3 0x800011e8 (0x01609723) mem 0x8002438a 0xffe6
core   0: 0x800011ec (0x2f9cf493) andi    s1, s9, 761
core   0: 3 0x800011ec (0x2f9cf493) x 9 0x00000041
core   0: 0x800011f0 (0x002d2433) slt     s0, s10, sp
core   0: 3 0x800011f0 (0x002d2433) x 8 0x00000000
core   0: 0x800011f4 (0x00e0de83) lhu     t4, 14(ra)
core   0: 3 0x800011f4 (0x00e0de83) x29 0x0000ffe6 mem 0x8002438a
core   0: 0x800011f8 (0x00e08e03) lb      t3, 14(ra)
core   0: 3 0x800011f8 (0x00e08e03) x28 0xffffffe6 mem 0x8002438a
core   0: 0x800011fc (0x015637b3) sltu    a5, a2, s5
core   0: 3 0x800011fc (0x015637b3) x15 0x00000001
core   0: 0x80001200 (0x00e09783) lh      a5, 14(ra)
core   0: 3 0x80001200 (0x00e09783) x15 0xffffffe6 mem 0x8002438a
core   0: 0x80001204 (0x00e09283) lh      t0, 14(ra)
core   0: 3 0x80001204 (0x00e09283) x 5 0xffffffe6 mem 0x8002438a
core   0: 0x80001208 (0xff008583) lb      a1, -16(ra)
core   0: 3 0x80001208 (0xff008583) x11 0x00000027 mem 0x8002436c
core   0: 0x8000120c (0xff508823) sb      s5, -16(ra)
core   0: 3 0x8000120c (0xff508823) mem 0x8002436c 0xb5
core   0: 0x80001210 (0x00e08e03) lb      t3, 14(ra)
core   0: 3 0x80001210 (0x00e08e03) x28 0xffffffe6 mem 0x8002438a
core   0: 0x80001214 (0x013cbbb3) sltu    s7, s9, s3
core   0: 3 0x80001214 (0x013cbbb3) x23 0x00000001
core   0: 0x80001218 (0x00e08483) lb      s1, 14(ra)
core   0: 3 0x80001218 (0x00e08483) x 9 0xffffffe6 mem 0x8002438a
core   0: 0x8000121c (0x481a8d13) addi    s10, s5, 1153
core   0: 3 0x8000121c (0x481a8d13) x26 0x8001c336
core   0: 0x80001220 (0x00e08483) lb      s1, 14(ra)
core   0: 3 0x80001220 (0x00e08483) x 9 0xffffffe6 mem 0x8002438a
core   0: 0x80001224 (0x00019317) auipc   t1, 0x19
core   0: 3 0x80001224 (0x00019317) x 6 0x8001a224
core   0: 0x80001228 (0x1e730313) addi    t1, t1, 487
core   0: 3 0x80001228 (0x1e730313) x 6 0x8001a40b
core   0: 0x8000122c (0x40fc0c33) sub     s8, s8, a5
core   0: 3 0x8000122c (0x40fc0c33) x24 0x0000001a
core   0: 0x80001230 (0x13230903) lb      s2, 306(t1)
core   0: 3 0x80001230 (0x13230903) x18 0xfffffff6 mem 0x8001a53d
core   0: 0x80001234 (0x00000013) nop
core   0: 3 0x80001234 (0x00000013)
core   0: 0x80001238 (0x0c930b23) sb      s1, 214(t1)
core   0: 3 0x80001238 (0x0c930b23) mem 0x8001a4e1 0xe6
core   0: 0x8000123c (0x75a322a3) sw      s10, 1861(t1)
core   0: 3 0x8000123c (0x75a322a3) mem 0x8001ab50 0x8001c336
core   0: 0x80001240 (0x0031db93) srli    s7, gp, 3
core   0: 3 0x80001240 (0x0031db93) x23 0x1ffffff4
core   0: 0x80001244 (0x9e834f83) lbu     t6, -1560(t1)
core   0: 3 0x80001244 (0x9e834f83) x31 0x000000a8 mem 0x80019df3
core   0: 0x80001248 (0x01eba033) slt     zero, s7, t5
core   0: 3 0x80001248 (0x01eba033)
core   0: 0x8000124c (0x944fb093) sltiu   ra, t6, -1724
core   0: 3 0x8000124c (0x944fb093) x 1 0x00000001
core   0: 0x80001250 (0x59f30d23) sb      t6, 1434(t1)
core   0: 3 0x80001250 (0x59f30d23) mem 0x8001a9a5 0xa8
core   0: 0x80001254 (0x018adc93) srli    s9, s5, 24
core   0: 3 0x80001254 (0x018adc93) x25 0x00000080
core   0: 0x80001258 (0x04f305a3) sb      a5, 75(t1)
core   0: 3 0x80001258 (0x04f305a3) mem 0x8001a456 0xe6
core   0: 0x8000125c (0x2de317a3) sh      t5, 719(t1)
core   0: 3 0x8000125c (0x2de317a3) mem 0x8001a6da 0x6000
core   0: 0x80001260 (0xef834c03) lbu     s8, -264(t1)
core   0: 3 0x80001260 (0xef834c03) x24 0x000000b8 mem 0x8001a303
core   0: 0x80001264 (0x09830d23) sb      s8, 154(t1)
core   0: 3 0x80001264 (0x09830d23) mem 0x8001a4a5 0xb8
core   0: 0x80001268 (0x012d5ab3) srl     s5, s10, s2
core   0: 3 0x80001268 (0x012d5ab3) x21 0x00000200
core   0: 0x8000126c (0x988328a3) sw      s0, -1647(t1)
core   0: 3 0x8000126c (0x988328a3) mem 0x80019d9c 0x00000000
core   0: 0x80001270 (0x96330823) sb      gp, -1680(t1)
core   0: 3 0x80001270 (0x96330823) mem 0x80019d7b 0xa2
core   0: 0x80001274 (0x3dc7ab93) slti    s7, a5, 988
core   0: 3 0x80001274 (0x3dc7ab93) x23 0x00000001
core   0: 0x80001278 (0x47634d83) lbu     s11, 1142(t1)
core   0: 3 0x80001278 (0x47634d83) x27 0x0000003a mem 0x8001a881
core   0: 0x8000127c (0xce5302a3) sb      t0, -795(t1)
core   0: 3 0x8000127c (0xce5302a3) mem 0x8001a0f0 0xe6
core   0: 0x80001280 (0xcca34083) lbu     ra, -822(t1)
core   0: 3 0x80001280 (0xcca34083) x 1 0x0000008e mem 0x8001a0d5
core   0: 0x80001284 (0x9f932c83) lw      s9, -1543(t1)
core   0: 3 0x80001284 (0x9f932c83) x25 0xbcbdbebf mem 0x80019e04
core   0: 0x80001288 (0x14234403) lbu     s0, 322(t1)
core   0: 3 0x80001288 (0x14234403) x 8 0x00000006 mem 0x8001a54d
core   0: 0x8000128c (0x94132c83) lw      s9, -1727(t1)
core   0: 3 0x8000128c (0x94132c83) x25 0x04050607 mem 0x80019d4c
core   0: 0x80001290 (0xcc735703) lhu     a4, -825(t1)
core   0: 3 0x80001290 (0xcc735703) x14 0x00008889 mem 0x8001a0d2
core   0: 0x80001294 (0xf5430923) sb      s4, -174(t1)
core   0: 3 0x80001294 (0xf5430923) mem 0x8001a35d 0x88
core   0: 0x80001298 (0xe9b30323) sb      s11, -378(t1)
core   0: 3 0x80001298 (0xe9b30323) mem 0x8001a291 0x3a
core   0: 0x8000129c (0x4146dd93) srai    s11, a3, 20
core   0: 3 0x8000129c (0x4146dd93) x27 0xfffff800
core   0: 0x800012a0 (0xc7e42a93) slti    s5, s0, -898
core   0: 3 0x800012a0 (0xc7e42a93) x21 0x00000000
core   0: 0x800012a4 (0x7c030323) sb      zero, 1990(t1)
core   0: 3 0x800012a4 (0x7c030323) mem 0x8001abd1 0x0
core   0: 0x800012a8 (0xe1834503) lbu     a0, -488(t1)
core   0: 3 0x800012a8 (0xe1834503) x10 0x000000d8 mem 0x8001a223
core   0: 0x800012ac (0xbbe31ca3) sh      t5, -1095(t1)
core   0: 3 0x800012ac (0xbbe31ca3) mem 0x80019fc4 0x6000
core   0: 0x800012b0 (0x00014597) auipc   a1, 0x14
core   0: 3 0x800012b0 (0x00014597) x11 0x800152b0
core   0: 0x800012b4 (0x44c58593) addi    a1, a1, 1100
core   0: 3 0x800012b4 (0x44c58593) x11 0x800156fc
core   0: 0x800012b8 (0x00e5db83) lhu     s7, 14(a1)
core   0: 3 0x800012b8 (0x00e5db83) x23 0x0000c0c1 mem 0x8001570a
core   0: 0x800012bc (0xb140a213) slti    tp, ra, -1260
core   0: 3 0x800012bc (0xb140a213) x 4 0x00000000
core   0: 0x800012c0 (0x415383b3) sub     t2, t2, s5
core   0: 3 0x800012c0 (0x415383b3) x 7 0x00000000
core   0: 0x800012c4 (0x9af58723) sb      a5, -1618(a1)
core   0: 3 0x800012c4 (0x9af58723) mem 0x800150aa 0xe6
core   0: 0x800012c8 (0x00000013) nop
core   0: 3 0x800012c8 (0x00000013)
core   0: 0x800012cc (0x16d58503) lb      a0, 365(a1)
core   0: 3 0x800012cc (0x16d58503) x10 0x00000022 mem 0x80015869
core   0: 0x800012d0 (0x7798bc13) sltiu   s8, a7, 1913
core   0: 3 0x800012d0 (0x7798bc13) x24 0x00000000
core   0: 0x800012d4 (0xbe67a7b7) lui     a5, 0xbe67a
core   0: 3 0x800012d4 (0xbe67a7b7) x15 0xbe67a000
core   0: 0x800012d8 (0xe29b8497) auipc   s1, 0xe29b8
core   0: 3 0x800012d8 (0xe29b8497) x 9 0x629b92d8
core   0: 0x800012dc (0xcc558f23) sb      t0, -802(a1)
core   0: 3 0x800012dc (0xcc558f23) mem 0x800153da 0xe6
core   0: 0x800012e0 (0x004b02b3) add     t0, s6, tp
core   0: 3 0x800012e0 (0x004b02b3) x 5 0xffffffe6
core   0: 0x800012e4 (0x55458da3) sb      s4, 1371(a1)
core   0: 3 0x800012e4 (0x55458da3) mem 0x80015c57 0x88
core   0: 0x800012e8 (0xe6a58483) lb      s1, -406(a1)
core   0: 3 0x800012e8 (0xe6a58483) x 9 0x0000001d mem 0x80015566
core   0: 0x800012ec (0x398581a3) sb      s8, 899(a1)
core   0: 3 0x800012ec (0x398581a3) mem 0x80015a7f 0x0
core   0: 0x800012f0 (0x8fc93c13) sltiu   s8, s2, -1796
core   0: 3 0x800012f0 (0x8fc93c13) x24 0x00000000
core   0: 0x800012f4 (0xe4c586a3) sb      a2, -435(a1)
core   0: 3 0x800012f4 (0xe4c586a3) mem 0x80015549 0x1
core   0: 0x800012f8 (0x0000100f) fence.i
core   0: 3 0x800012f8 (0x0000100f)
core   0: 0x800012fc (0x5f4581a3) sb      s4, 1507(a1)
core   0: 3 0x800012fc (0x5f4581a3) mem 0x80015cdf 0x88
core   0: 0x80001300 (0xe72581a3) sb      s2, -413(a1)
core   0: 3 0x80001300 (0xe72581a3) mem 0x8001555f 0xf6
core   0: 0x80001304 (0x0006d193) srli    gp, a3, 0
core   0: 3 0x80001304 (0x0006d193) x 3 0x80000000
core   0: 0x80001308 (0x70a58ba3) sb      a0, 1815(a1)
core   0: 3 0x80001308 (0x70a58ba3) mem 0x80015e13 0x22
core   0: 0x8000130c (0x5685ae03) lw      t3, 1384(a1)
core   0: 3 0x8000130c (0x5685ae03) x28 0x1c1d1e1f mem 0x80015c64
core   0: 0x80001310 (0x40965f93) srai    t6, a2, 9
core   0: 3 0x80001310 (0x40965f93) x31 0x00000000
core   0: 0x80001314 (0xcd35c483) lbu     s1, -813(a1)
core   0: 3 0x80001314 (0xcd35c483) x 9 0x00000084 mem 0x800153cf
core   0: 0x80001318 (0x006fe1b3) or      gp, t6, t1
core   0: 3 0x80001318 (0x006fe1b3) x 3 0x8001a40b
core   0: 0x8000131c (0x9fb58823) sb      s11, -1552(a1)
core   0: 3 0x8000131c (0x9fb58823) mem 0x800150ec 0x0
core   0: 0x80001320 (0x1ca58883) lb      a7, 458(a1)
core   0: 3 0x80001320 (0x1ca58883) x17 0x0000007d mem 0x800158c6
core   0: 0x80001324 (0x8f1297b7) lui     a5, 0x8f129
core   0: 3 0x80001324 (0x8f1297b7) x15 0x8f129000
core   0: 0x80001328 (0x0189d513) srli    a0, s3, 24
core   0: 3 0x80001328 (0x0189d513) x10 0x00000080
core   0: 0x8000132c (0x23858d23) sb      s8, 570(a1)
core   0: 3 0x8000132c (0x23858d23) mem 0x80015936 0x0
core   0: 0x80001330 (0x015b4d33) xor     s10, s6, s5
core   0: 3 0x80001330 (0x015b4d33) x26 0xffffffe6
core   0: 0x80001334 (0xba55c283) lbu     t0, -1115(a1)
core   0: 3 0x80001334 (0xba55c283) x 5 0x0000005a mem 0x800152a1
core   0: 0x80001338 (0x62e59003) lh      zero, 1582(a1)
core   0: 3 0x80001338 (0x62e59003) mem 0x80015d2a
core   0: 0x8000133c (0x24295337) lui     t1, 0x24295
core   0: 3 0x8000133c (0x24295337) x 6 0x24295000
core   0: 0x80001340 (0x38de0793) addi    a5, t3, 909
core   0: 3 0x80001340 (0x38de0793) x15 0x1c1d21ac
core   0: 0x80001344 (0x01317033) and     zero, sp, s3
core   0: 3 0x80001344 (0x01317033)
core   0: 0x80001348 (0x000350b3) srl     ra, t1, zero
core   0: 3 0x80001348 (0x000350b3) x 1 0x24295000
core   0: 0x8000134c (0x005cadb3) slt     s11, s9, t0
core   0: 3 0x8000134c (0x005cadb3) x27 0x00000000
core   0: 0x80001350 (0x01cb1833) sll     a6, s6, t3
core   0: 3 0x80001350 (0x01cb1833) x16 0x00000000
core   0: 0x80001354 (0x7d4580a3) sb      s4, 1985(a1)
core   0: 3 0x80001354 (0x7d4580a3) mem 0x80015ebd 0x88
core   0: 0x80001358 (0x00019f17) auipc   t5, 0x19
core   0: 3 0x80001358 (0x00019f17) x30 0x8001a358
core   0: 0x8000135c (0x79cf0f13) addi    t5, t5, 1948
core   0: 3 0x8000135c (0x79cf0f13) x30 0x8001aaf4
core   0: 0x80001360 (0x0c4f1d23) sh      tp, 218(t5)
core   0: 3 0x80001360 (0x0c4f1d23) mem 0x8001abce 0x0000
core   0: 0x80001364 (0xf99f0e83) lb      t4, -103(t5)
core   0: 3 0x80001364 (0xf99f0e83) x29 0x00000046 mem 0x8001aa8d
core   0: 0x80001368 (0x0914b413) sltiu   s0, s1, 145
core   0: 3 0x80001368 (0x0914b413) x 8 0x00000001
core   0: 0x8000136c (0x059f0c83) lb      s9, 89(t5)
core   0: 3 0x8000136c (0x059f0c83) x25 0x00000006 mem 0x8001ab4d
core   0: 0x80001370 (0x01003933) snez    s2, a6
core   0: 3 0x80001370 (0x01003933) x18 0x00000000
core   0: 0x80001374 (0x108f1023) sh      s0, 256(t5)
core   0: 3 0x80001374 (0x108f1023) mem 0x8001abf4 0x0001
core   0: 0x80001378 (0xff1f0a23) sb      a7, -12(t5)
core   0: 3 0x80001378 (0xff1f0a23) mem 0x8001aae8 0x7d
core   0: 0x8000137c (0x0cbf2423) sw      a1, 200(t5)
core   0: 3 0x8000137c (0x0cbf2423) mem 0x8001abbc 0x800156fc
core   0: 0x80001380 (0xfa7f03a3) sb      t2, -89(t5)
core   0: 3 0x80001380 (0xfa7f03a3) mem 0x8001aa9b 0x0
core   0: 0x80001384 (0x012f1b03) lh      s6, 18(t5)
core   0: 3 0x80001384 (0x012f1b03) x22 0xffffbcbd mem 0x8001ab06
core   0: 0x80001388 (0xfcff06a3) sb      a5, -51(t5)
core   0: 3 0x80001388 (0xfcff06a3) mem 0x8001aac1 0xac
core   0: 0x8000138c (0x403ad3b3) sra     t2, s5, gp
core   0: 3 0x8000138c (0x403ad3b3) x 7 0x00000000
core   0: 0x80001390 (0x00b43393) sltiu   t2, s0, 11
core   0: 3 0x80001390 (0x00b43393) x 7 0x00000001
core   0: 0x80001394 (0xf34f0383) lb      t2, -204(t5)
core   0: 3 0x80001394 (0xf34f0383) x 7 0xffffffe3 mem 0x8001aa28
core   0: 0x80001398 (0xf05f4703) lbu     a4, -251(t5)
core   0: 3 0x80001398 (0xf05f4703) x14 0x000000b2 mem 0x8001a9f9
core   0: 0x8000139c (0x0c9f0c03) lb      s8, 201(t5)
core   0: 3 0x8000139c (0x0c9f0c03) x24 0x00000056 mem 0x8001abbd
core   0: 0x800013a0 (0xfccf2b03) lw      s6, -52(t5)
core   0: 3 0x800013a0 (0xfccf2b03) x22 0x7879ac7b mem 0x8001aac0
core   0: 0x800013a4 (0x0bdf4783) lbu     a5, 189(t5)
core   0: 3 0x800013a4 (0x0bdf4783) x15 0x0000006a mem 0x8001abb1
core   0: 0x800013a8 (0x000955b3) srl     a1, s2, zero
core   0: 3 0x800013a8 (0x000955b3) x11 0x00000000
core   0: 0x800013ac (0x00165613) srli    a2, a2, 1
core   0: 3 0x800013ac (0x00165613) x12 0x00000000
core   0: 0x800013b0 (0xffcf0ba3) sb      t3, -9(t5)
core   0: 3 0x800013b0 (0xffcf0ba3) mem 0x8001aaeb 0x1f
core   0: 0x800013b4 (0xfa6f2a23) sw      t1, -76(t5)
core   0: 3 0x800013b4 (0xfa6f2a23) mem 0x8001aaa8 0x24295000
core   0: 0x800013b8 (0xf4df2e23) sw      a3, -164(t5)
core   0: 3 0x800013b8 (0xf4df2e23) mem 0x8001aa50 0x80000000
core   0: 0x800013bc (0x82656813) ori     a6, a0, -2010
core   0: 3 0x800013bc (0x82656813) x16 0xfffff8a6
core   0: 0x800013c0 (0x0cdf4e83) lbu     t4, 205(t5)
core   0: 3 0x800013c0 (0x0cdf4e83) x29 0x0000007a mem 0x8001abc1
core   0: 0x800013c4 (0x05bf4003) lbu     zero, 91(t5)
core   0: 3 0x800013c4 (0x05bf4003) mem 0x8001ab4f
core   0: 0x800013c8 (0xfe7f1823) sh      t2, -16(t5)
core   0: 3 0x800013c8 (0xfe7f1823) mem 0x8001aae4 0xffe3
core   0: 0x800013cc (0x010f1803) lh      a6, 16(t5)
core   0: 3 0x800013cc (0x010f1803) x16 0xffffbebf mem 0x8001ab04
core   0: 0x800013d0 (0xe739ca13) xori    s4, s3, -397
core   0: 3 0x800013d0 (0xe739ca13) x20 0x7ffd5017
core   0: 0x800013d4 (0x5bd5f293) andi    t0, a1, 1469
core   0: 3 0x800013d4 (0x5bd5f293) x 5 0x00000000
core   0: 0x800013d8 (0x027f0703) lb      a4, 39(t5)
core   0: 3 0x800013d8 (0x027f0703) x14 0xffffffd0 mem 0x8001ab1b
core   0: 0x800013dc (0x0ff0000f) fence   iorw,iorw
core   0: 3 0x800013dc (0x0ff0000f)
core   0: 0x800013e0 (0x00398db3) add     s11, s3, gp
core   0: 3 0x800013e0 (0x00398db3) x27 0x0004526f
core   0: 0x800013e4 (0x01ef5b93) srli    s7, t5, 30
core   0: 3 0x800013e4 (0x01ef5b93) x23 0x00000002
core   0: 0x800013e8 (0x02ff0ea3) sb      a5, 61(t5)
core   0: 3 0x800013e8 (0x02ff0ea3) mem 0x8001ab31 0x6a
core   0: 0x800013ec (0x00020197) auipc   gp, 0x20
core   0: 3 0x800013ec (0x00020197) x 3 0x800213ec
core   0: 0x800013f0 (0xc9018193) addi    gp, gp, -880
core   0: 3 0x800013f0 (0xc9018193) x 3 0x8002107c
core   0: 0x800013f4 (0x005ca5b3) slt     a1, s9, t0
core   0: 3 0x800013f4 (0x005ca5b3) x11 0x00000000
core   0: 0x800013f8 (0x8d488913) addi    s2, a7, -1836
core   0: 3 0x800013f8 (0x8d488913) x18 0xfffff951
core   0: 0x800013fc (0x011bdeb3) srl     t4, s7, a7
core   0: 3 0x800013fc (0x011bdeb3) x29 0x00000000
core   0: 0x80001400 (0x00e8b0b3) sltu    ra, a7, a4
core   0: 3 0x80001400 (0x00e8b0b3) x 1 0x00000001
core   0: 0x80001404 (0x00c1c083) lbu     ra, 12(gp)
core   0: 3 0x80001404 (0x00c1c083) x 1 0x00000043 mem 0x80021088
core   0: 0x80001408 (0x0101c083) lbu     ra, 16(gp)
core   0: 3 0x80001408 (0x0101c083) x 1 0x00000047 mem 0x8002108c
core   0: 0x8000140c (0xfd81c003) lbu     zero, -40(gp)
core   0: 3 0x8000140c (0xfd81c003) mem 0x80021054
core   0: 0x80001410 (0x1756ff13) andi    t5, a3, 373
core   0: 3 0x80001410 (0x1756ff13) x30 0x00000000
core   0: 0x80001414 (0x41f254b3) sra     s1, tp, t6
core   0: 3 0x80001414 (0x41f254b3) x 9 0x00000000
core   0: 0x80001418 (0x85094613) xori    a2, s2, -1968
core   0: 3 0x80001418 (0x85094613) x12 0x00000101
core   0: 0x8000141c (0x0ff0000f) fence   iorw,iorw
core   0: 3 0x8000141c (0x0ff0000f)
core   0: 0x80001420 (0x4326b237) lui     tp, 0x4326b
core   0: 3 0x80001420 (0x4326b237) x 4 0x4326b000
core   0: 0x80001424 (0xfdf1c083) lbu     ra, -33(gp)
core   0: 3 0x80001424 (0xfdf1c083) x 1 0x00000010 mem 0x8002105b
core   0: 0x80001428 (0x01091cb3) sll     s9, s2, a6
core   0: 3 0x80001428 (0x01091cb3) x25 0x80000000
core   0: 0x8000142c (0xfdb18503) lb      a0, -37(gp)
core   0: 3 0x8000142c (0xfdb18503) x10 0x0000000c mem 0x80021057
core   0: 0x80001430 (0x0ff0000f) fence   iorw,iorw
core   0: 3 0x80001430 (0x0ff0000f)
core   0: 0x80001434 (0x0ff0000f) fence   iorw,iorw
core   0: 3 0x80001434 (0x0ff0000f)
core   0: 0x80001438 (0x4061d613) srai    a2, gp, 6
core   0: 3 0x80001438 (0x4061d613) x12 0xfe000841
core   0: 0x8000143c (0x00353233) sltu    tp, a0, gp
core   0: 3 0x8000143c (0x00353233) x 4 0x00000001
core   0: 0x80001440 (0x6365a813) slti    a6, a1, 1590
core   0: 3 0x80001440 (0x6365a813) x16 0x00000001
core   0: 0x80001444 (0x00b15fb3) srl     t6, sp, a1
core   0: 3 0x80001444 (0x00b15fb3) x31 0x8002ece4
core   0: 0x80001448 (0xfff18803) lb      a6, -1(gp)
core   0: 3 0x80001448 (0xfff18803) x16 0x00000030 mem 0x8002107b
core   0: 0x8000144c (0x4fe6f013) andi    zero, a3, 1278
core   0: 3 0x8000144c (0x4fe6f013)
core   0: 0x80001450 (0x4165d2b3) sra     t0, a1, s6
core   0: 3 0x80001450 (0x4165d2b3) x 5 0x00000000
core   0: 0x80001454 (0x0000100f) fence.i
core   0: 3 0x80001454 (0x0000100f)
core   0: 0x80001458 (0xfc119323) sh      ra, -58(gp)
core   0: 3 0x80001458 (0xfc119323) mem 0x80021042 0x0010
core   0: 0x8000145c (0x00a73e33) sltu    t3, a4, a0
core   0: 3 0x8000145c (0x00a73e33) x28 0x00000000
core   0: 0x80001460 (0x0100d893) srli    a7, ra, 16
core   0: 3 0x80001460 (0x0100d893) x17 0x00000000
core   0: 0x80001464 (0x0ff0000f) fence   iorw,iorw
core   0: 3 0x80001464 (0x0ff0000f)
core   0: 0x80001468 (0x0000100f) fence.i
core   0: 3 0x80001468 (0x0000100f)
core   0: 0x8000146c (0x00d718b3) sll     a7, a4, a3
core   0: 3 0x8000146c (0x00d718b3) x17 0xffffffd0
core   0: 0x80001470 (0x00ce9c13) slli    s8, t4, 12
core   0: 3 0x80001470 (0x00ce9c13) x24 0x00000000
core   0: 0x80001474 (0xff8dac13) slti    s8, s11, -8
core   0: 3 0x80001474 (0xff8dac13) x24 0x00000000
core   0: 0x80001478 (0xfcd18c83) lb      s9, -51(gp)
core   0: 3 0x80001478 (0xfcd18c83) x25 0x00000002 mem 0x80021049
core   0: 0x8000147c (0x01e1d483) lhu     s1, 30(gp)
core   0: 3 0x8000147c (0x01e1d483) x 9 0x00005051 mem 0x8002109a
core   0: 0x80001480 (0x001188a3) sb      ra, 17(gp)
core   0: 3 0x80001480 (0x001188a3) mem 0x8002108d 0x10
core   0: 0x80001484 (0x00018623) sb      zero, 12(gp)
core   0: 3 0x80001484 (0x00018623) mem 0x80021088 0x0
core   0: 0x80001488 (0x41595493) srai    s1, s2, 21
core   0: 3 0x80001488 (0x41595493) x 9 0xffffffff
core   0: 0x8000148c (0x13dc6913) ori     s2, s8, 317
core   0: 3 0x8000148c (0x13dc6913) x18 0x0000013d
core   0: 0x80001490 (0xbe4fa813) slti    a6, t6, -1052
core   0: 3 0x80001490 (0xbe4fa813) x16 0x00000001
core   0: 0x80001494 (0xff81d603) lhu     a2, -8(gp)
core   0: 3 0x80001494 (0xff81d603) x12 0x00002e2f mem 0x80021074
core   0: 0x80001498 (0xfe819d83) lh      s11, -24(gp)
core   0: 3 0x80001498 (0xfe819d83) x27 0x00001e1f mem 0x80021064
core   0: 0x8000149c (0x03b18ea3) sb      s11, 61(gp)
core   0: 3 0x8000149c (0x03b18ea3) mem 0x800210b9 0x1f
core   0: 0x800014a0 (0x40f0d613) srai    a2, ra, 15
core   0: 3 0x800014a0 (0x40f0d613) x12 0x00000000
core   0: 0x800014a4 (0xff118e83) lb      t4, -15(gp)
core   0: 3 0x800014a4 (0xff118e83) x29 0x00000026 mem 0x8002106d
core   0: 0x800014a8 (0x00014f97) auipc   t6, 0x14
core   0: 3 0x800014a8 (0x00014f97) x31 0x800154a8
core   0: 0x800014ac (0x608f8f93) addi    t6, t6, 1544
core   0: 3 0x800014ac (0x608f8f93) x31 0x80015ab0
core   0: 0x800014b0 (0x002fd783) lhu     a5, 2(t6)
core   0: 3 0x800014b0 (0x002fd783) x15 0x00006869 mem 0x80015ab2
core   0: 0x800014b4 (0x002fd583) lhu     a1, 2(t6)
core   0: 3 0x800014b4 (0x002fd583) x11 0x00006869 mem 0x80015ab2
core   0: 0x800014b8 (0x01ff88a3) sb      t6, 17(t6)
core   0: 3 0x800014b8 (0x01ff88a3) mem 0x80015ac1 0xb0
core   0: 0x800014bc (0x003f88a3) sb      gp, 17(t6)
core   0: 3 0x800014bc (0x003f88a3) mem 0x80015ac1 0x7c
core   0: 0x800014c0 (0x001fcbb3) xor     s7, t6, ra
core   0: 3 0x800014c0 (0x001fcbb3) x23 0x80015aa0
core   0: 0x800014c4 (0x011f8283) lb      t0, 17(t6)
core   0: 3 0x800014c4 (0x011f8283) x 5 0x0000007c mem 0x80015ac1
core   0: 0x800014c8 (0x00000013) nop
core   0: 3 0x800014c8 (0x00000013)
core   0: 0x800014cc (0x014f88a3) sb      s4, 17(t6)
core   0: 3 0x800014cc (0x014f88a3) mem 0x80015ac1 0x17
core   0: 0x800014d0 (0xdc017c93) andi    s9, sp, -576
core   0: 3 0x800014d0 (0xdc017c93) x25 0x8002ecc0
core   0: 0x800014d4 (0x4173de93) srai    t4, t2, 23
core   0: 3 0x800014d4 (0x4173de93) x29 0xffffffff
core   0: 0x800014d8 (0x008cf233) and     tp, s9, s0
core   0: 3 0x800014d8 (0x008cf233) x 4 0x00000000
core   0: 0x800014dc (0x011fc303) lbu     t1, 17(t6)
core   0: 3 0x800014dc (0x011fc303) x 6 0x00000017 mem 0x80015ac1
core   0: 0x800014e0 (0x023f86a3) sb      gp, 45(t6)
core   0: 3 0x800014e0 (0x023f86a3) mem 0x80015add 0x7c
core   0: 0x800014e4 (0xff5f9d23) sh      s5, -6(t6)
core   0: 3 0x800014e4 (0xff5f9d23) mem 0x80015aaa 0x0000
core   0: 0x800014e8 (0xfcbf84a3) sb      a1, -55(t6)
core   0: 3 0x800014e8 (0xfcbf84a3) mem 0x80015a79 0x69
core   0: 0x800014ec (0x00014517) auipc   a0, 0x14
core   0: 3 0x800014ec (0x00014517) x10 0x800154ec
core   0: 0x800014f0 (0x1e550513) addi    a0, a0, 485
core   0: 3 0x800014f0 (0x1e550513) x10 0x800156d1
core   0: 0x800014f4 (0x004fd493) srli    s1, t6, 4
core   0: 3 0x800014f4 (0x004fd493) x 9 0x080015ab
core   0: 0x800014f8 (0x396b3213) sltiu   tp, s6, 918
core   0: 3 0x800014f8 (0x396b3213) x 4 0x00000000
core   0: 0x800014fc (0x00550b23) sb      t0, 22(a0)
core   0: 3 0x800014fc (0x00550b23) mem 0x800156e7 0x7c
core   0: 0x80001500 (0xfc650203) lb      tp, -58(a0)
core   0: 3 0x80001500 (0xfc650203) x 4 0x0000004c mem 0x80015697
core   0: 0x80001504 (0x03752303) lw      t1, 55(a0)
core   0: 3 0x80001504 (0x03752303) x 6 0xc0c1c2c3 mem 0x80015708
core   0: 0x80001508 (0x02c527a3) sw      a2, 47(a0)
core   0: 3 0x80001508 (0x02c527a3) mem 0x80015700 0x00000000
core   0: 0x8000150c (0xfd850383) lb      t2, -40(a0)
core   0: 3 0x8000150c (0xfd850383) x 7 0x00000062 mem 0x800156a9
core   0: 0x80001510 (0x00dbd2b3) srl     t0, s7, a3
core   0: 3 0x80001510 (0x00dbd2b3) x 5 0x80015aa0
core   0: 0x80001514 (0x00e54883) lbu     a7, 14(a0)
core   0: 3 0x80001514 (0x00e54883) x17 0x00000094 mem 0x800156df
core   0: 0x80001518 (0x01f55d83) lhu     s11, 31(a0)
core   0: 3 0x80001518 (0x01f55d83) x27 0x0000aaab mem 0x800156f0
core   0: 0x8000151c (0x01e50723) sb      t5, 14(a0)
core   0: 3 0x8000151c (0x01e50723) mem 0x800156df 0x0
core   0: 0x80001520 (0x9137ba93) sltiu   s5, a5, -1773
core   0: 3 0x80001520 (0x9137ba93) x21 0x00000001
core   0: 0x80001524 (0xfe250ca3) sb      sp, -7(a0)
core   0: 3 0x80001524 (0xfe250ca3) mem 0x800156ca 0xe4
core   0: 0x80001528 (0xffa50f23) sb      s10, -2(a0)
core   0: 3 0x80001528 (0xffa50f23) mem 0x800156cf 0xe6
core   0: 0x8000152c (0x02051aa3) sh      zero, 53(a0)
core   0: 3 0x8000152c (0x02051aa3) mem 0x80015706 0x0000
core   0: 0x80001530 (0xfdc50e23) sb      t3, -36(a0)
core   0: 3 0x80001530 (0xfdc50e23) mem 0x800156ad 0x0
core   0: 0x80001534 (0xfc054b83) lbu     s7, -64(a0)
core   0: 3 0x80001534 (0xfc054b83) x23 0x0000004a mem 0x80015691
core   0: 0x80001538 (0xfc8514a3) sh      s0, -55(a0)
core   0: 3 0x80001538 (0xfc8514a3) mem 0x8001569a 0x0001
core   0: 0x8000153c (0xfd550783) lb      a5, -43(a0)
core   0: 3 0x8000153c (0xfd550783) x15 0x0000005d mem 0x800156a6
core   0: 0x80001540 (0x41f8d913) srai    s2, a7, 31
core   0: 3 0x80001540 (0x41f8d913) x18 0x00000000
core   0: 0x80001544 (0x0149fe33) and     t3, s3, s4
core   0: 3 0x80001544 (0x0149fe33) x28 0x00000004
core   0: 0x80001548 (0x6cffe413) ori     s0, t6, 1743
core   0: 3 0x80001548 (0x6cffe413) x 8 0x80015eff
core   0: 0x8000154c (0x010f11b3) sll     gp, t5, a6
core   0: 3 0x8000154c (0x010f11b3) x 3 0x00000000
core   0: 0x80001550 (0x01250783) lb      a5, 18(a0)
core   0: 3 0x80001550 (0x01250783) x15 0xffffff98 mem 0x800156e3
core   0: 0x80001554 (0x028503a3) sb      s0, 39(a0)
core   0: 3 0x80001554 (0x028503a3) mem 0x800156f8 0xff
core   0: 0x80001558 (0xfe555583) lhu     a1, -27(a0)
core   0: 3 0x80001558 (0xfe555583) x11 0x00006c6d mem 0x800156b6
core   0: 0x8000155c (0x8c14fd93) andi    s11, s1, -1855
core   0: 3 0x8000155c (0x8c14fd93) x27 0x08001081
core   0: 0x80001560 (0x0078d793) srli    a5, a7, 7
core   0: 3 0x80001560 (0x0078d793) x15 0x00000001
core   0: 0x80001564 (0x01f51403) lh      s0, 31(a0)
core   0: 3 0x80001564 (0x01f51403) x 8 0xffffaaab mem 0x800156f0
core   0: 0x80001568 (0x03250003) lb      zero, 50(a0)
core   0: 3 0x80001568 (0x03250003) mem 0x80015703
core   0: 0x8000156c (0x01150423) sb      a7, 8(a0)
core   0: 3 0x8000156c (0x01150423) mem 0x800156d9 0x94
core   0: 0x80001570 (0x41645933) sra     s2, s0, s6
core   0: 3 0x80001570 (0x41645933) x18 0xffffffff
core   0: 0x80001574 (0x00b52ba3) sw      a1, 23(a0)
core   0: 3 0x80001574 (0x00b52ba3) mem 0x800156e8 0x00006c6d
core   0: 0x80001578 (0x03b50123) sb      s11, 34(a0)
core   0: 3 0x80001578 (0x03b50123) mem 0x800156f3 0x81
core   0: 0x8000157c (0xfcf50623) sb      a5, -52(a0)
core   0: 3 0x8000157c (0xfcf50623) mem 0x8001569d 0x1
core   0: 0x80001580 (0x00000013) nop
core   0: 3 0x80001580 (0x00000013)
core   0: 0x80001584 (0x012d12b3) sll     t0, s10, s2
core   0: 3 0x80001584 (0x012d12b3) x 5 0x00000000
core   0: 0x80001588 (0xff150323) sb      a7, -26(a0)
core   0: 3 0x80001588 (0xff150323) mem 0x800156b7 0x94
core   0: 0x8000158c (0x01319b93) slli    s7, gp, 19
core   0: 3 0x8000158c (0x01319b93) x23 0x00000000
core   0: 0x80001590 (0x03650523) sb      s6, 42(a0)
core   0: 3 0x80001590 (0x03650523) mem 0x800156fb 0x7b
core   0: 0x80001594 (0x41715313) srai    t1, sp, 23
core   0: 3 0x80001594 (0x41715313) x 6 0xffffff00
core   0: 0x80001598 (0x03151303) lh      t1, 49(a0)
core   0: 3 0x80001598 (0x03151303) x 6 0x00000000 mem 0x80015702
core   0: 0x8000159c (0x00017597) auipc   a1, 0x17
core   0: 3 0x8000159c (0x00017597) x11 0x8001859c
core   0: 0x800015a0 (0xeb058593) addi    a1, a1, -336
core   0: 3 0x800015a0 (0xeb058593) x11 0x8001844c
core   0: 0x800015a4 (0x01f15393) srli    t2, sp, 31
core   0: 3 0x800015a4 (0x01f15393) x 7 0x00000001
core   0: 0x800015a8 (0x98e5dc83) lhu     s9, -1650(a1)
core   0: 3 0x800015a8 (0x98e5dc83) x25 0x00009091 mem 0x80017dda
core   0: 0x800015ac (0xb7458523) sb      s4, -1174(a1)
core   0: 3 0x800015ac (0xb7458523) mem 0x80017fb6 0x17
core   0: 0x800015b0 (0x24207913) andi    s2, zero, 578
core   0: 3 0x800015b0 (0x24207913) x18 0x00000000
core   0: 0x800015b4 (0xda35c903) lbu     s2, -605(a1)
core   0: 3 0x800015b4 (0xda35c903) x18 0x000000a4 mem 0x800181ef
core   0: 0x800015b8 (0x3a458f83) lb      t6, 932(a1)
core   0: 3 0x800015b8 (0x3a458f83) x31 0xffffffab mem 0x800187f0
core   0: 0x800015bc (0x6e547f93) andi    t6, s0, 1765
core   0: 3 0x800015bc (0x6e547f93) x31 0x000002a1
core   0: 0x800015c0 (0x0073d893) srli    a7, t2, 7
core   0: 3 0x800015c0 (0x0073d893) x17 0x00000000
core   0: 0x800015c4 (0xec55c203) lbu     tp, -315(a1)
core   0: 3 0x800015c4 (0xec55c203) x 4 0x000000ca mem 0x80018311
core   0: 0x800015c8 (0xaf66a193) slti    gp, a3, -1290
core   0: 3 0x800015c8 (0xaf66a193) x 3 0x00000001
core   0: 0x800015cc (0x01b48233) add     tp, s1, s11
core   0: 3 0x800015cc (0x01b48233) x 4 0x1000262c
core   0: 0x800015d0 (0x0055bd33) sltu    s10, a1, t0
core   0: 3 0x800015d0 (0x0055bd33) x26 0x00000000
core   0: 0x800015d4 (0xca358183) lb      gp, -861(a1)
core   0: 3 0x800015d4 (0xca358183) x 3 0xffffffa4 mem 0x800180ef
core   0: 0x800015d8 (0x04bb8493) addi    s1, s7, 75
core   0: 3 0x800015d8 (0x04bb8493) x 9 0x0000004b
core   0: 0x800015dc (0x01c63333) sltu    t1, a2, t3
core   0: 3 0x800015dc (0x01c63333) x 6 0x00000001
core   0: 0x800015e0 (0x93a581a3) sb      s10, -1757(a1)
core   0: 3 0x800015e0 (0x93a581a3) mem 0x80017d6f 0x0
core   0: 0x800015e4 (0x0015a223) sw      ra, 4(a1)
core   0: 3 0x800015e4 (0x0015a223) mem 0x80018450 0x00000010
core   0: 0x800015e8 (0xf285d303) lhu     t1, -216(a1)
core   0: 3 0x800015e8 (0xf285d303) x 6 0x00002e2f mem 0x80018374
core   0: 0x800015ec (0x01bbd393) srli    t2, s7, 27
core   0: 3 0x800015ec (0x01bbd393) x 7 0x00000000
core   0: 0x800015f0 (0x00000013) nop
core   0: 3 0x800015f0 (0x00000013)
core   0: 0x800015f4 (0x1eb5c503) lbu     a0, 491(a1)
core   0: 3 0x800015f4 (0x1eb5c503) x10 0x000000ec mem 0x80018637
core   0: 0x800015f8 (0x00d6ae93) slti    t4, a3, 13
core   0: 3 0x800015f8 (0x00d6ae93) x29 0x00000001
core   0: 0x800015fc (0x8455a623) sw      t0, -1972(a1)
core   0: 3 0x800015fc (0x8455a623) mem 0x80017c98 0x00000000
core   0: 0x80001600 (0x0088ba33) sltu    s4, a7, s0
core   0: 3 0x80001600 (0x0088ba33) x20 0x00000001
core   0: 0x80001604 (0x2e659e83) lh      t4, 742(a1)
core   0: 3 0x80001604 (0x2e659e83) x29 0xffffe8e9 mem 0x80018732
core   0: 0x80001608 (0xd1558383) lb      t2, -747(a1)
core   0: 3 0x80001608 (0xd1558383) x 7 0x0000001a mem 0x80018161
core   0: 0x8000160c (0x7dbeae93) slti    t4, t4, 2011
core   0: 3 0x8000160c (0x7dbeae93) x29 0x00000001
core   0: 0x80001610 (0x73c5d383) lhu     t2, 1852(a1)
core   0: 3 0x80001610 (0x73c5d383) x 7 0x00004243 mem 0x80018b88
core   0: 0x80001614 (0x00036433) or      s0, t1, zero
core   0: 3 0x80001614 (0x00036433) x 8 0x00002e2f
core   0: 0x80001618 (0xccb5a423) sw      a1, -824(a1)
core   0: 3 0x80001618 (0xccb5a423) mem 0x80018114 0x8001844c
core   0: 0x8000161c (0x56c5dc83) lhu     s9, 1388(a1)
core   0: 3 0x8000161c (0x56c5dc83) x25 0x00007273 mem 0x800189b8
core   0: 0x80001620 (0x41b45f93) srai    t6, s0, 27
core   0: 3 0x80001620 (0x41b45f93) x31 0x00000000
core   0: 0x80001624 (0x623bb093) sltiu   ra, s7, 1571
core   0: 3 0x80001624 (0x623bb093) x 1 0x00000001
core   0: 0x80001628 (0x7084b037) lui     zero, 0x7084b
core   0: 3 0x80001628 (0x7084b037)
core   0: 0x8000162c (0x00086833) or      a6, a6, zero
core   0: 3 0x8000162c (0x00086833) x16 0x00000001
core   0: 0x80001630 (0x00000013) nop
core   0: 3 0x80001630 (0x00000013)
core   0: 0x80001634 (0x60758f83) lb      t6, 1543(a1)
core   0: 3 0x80001634 (0x60758f83) x31 0x00000008 mem 0x80018a53
core   0: 0x80001638 (0x01326933) or      s2, tp, s3
core   0: 3 0x80001638 (0x01326933) x18 0x9002ae6c
core   0: 0x8000163c (0x141e5e37) lui     t3, 0x141e5
core   0: 3 0x8000163c (0x141e5e37) x28 0x141e5000
core   0: 0x80001640 (0x7f858b83) lb      s7, 2040(a1)
core   0: 3 0x80001640 (0x7f858b83) x23 0xffffffff mem 0x80018c44
core   0: 0x80001644 (0x012b8633) add     a2, s7, s2
core   0: 3 0x80001644 (0x012b8633) x12 0x9002ae6b
core   0: 0x80001648 (0x64787393) andi    t2, a6, 1607
core   0: 3 0x80001648 (0x64787393) x 7 0x00000001
core   0: 0x8000164c (0x1d95cb03) lbu     s6, 473(a1)
core   0: 3 0x8000164c (0x1d95cb03) x22 0x000000de mem 0x80018625
core   0: 0x80001650 (0xdf25cd83) lbu     s11, -526(a1)
core   0: 3 0x80001650 (0xdf25cd83) x27 0x000000f5 mem 0x8001823e
core   0: 0x80001654 (0x0001dc97) auipc   s9, 0x1d
core   0: 3 0x80001654 (0x0001dc97) x25 0x8001e654
core   0: 0x80001658 (0x651c8c93) addi    s9, s9, 1617
core   0: 3 0x80001658 (0x651c8c93) x25 0x8001eca5
core   0: 0x8000165c (0x01ee1793) slli    a5, t3, 30
core   0: 3 0x8000165c (0x01ee1793) x15 0x00000000
core   0: 0x80001660 (0xf98ca3a3) sw      s8, -121(s9)
core   0: 3 0x80001660 (0xf98ca3a3) mem 0x8001ec2c 0x00000000
core   0: 0x80001664 (0x00000013) nop
core   0: 3 0x80001664 (0x00000013)
core   0: 0x80001668 (0x06ec8423) sb      a4, 104(s9)
core   0: 3 0x80001668 (0x06ec8423) mem 0x8001ed0d 0xd0
core   0: 0x8000166c (0x068c8883) lb      a7, 104(s9)
core   0: 3 0x8000166c (0x068c8883) x17 0xffffffd0 mem 0x8001ed0d
core   0: 0x80001670 (0xfabcd583) lhu     a1, -85(s9)
core   0: 3 0x80001670 (0xfabcd583) x11 0x00000a0b mem 0x8001ec50
core   0: 0x80001674 (0x0abc9283) lh      t0, 171(s9)
core   0: 3 0x80001674 (0x0abc9283) x 5 0x00000a0b mem 0x8001ed50
core   0: 0x80001678 (0x011c7f33) and     t5, s8, a7
core   0: 3 0x80001678 (0x011c7f33) x30 0x00000000
core   0: 0x8000167c (0x0abc9c03) lh      s8, 171(s9)
core   0: 3 0x8000167c (0x0abc9c03) x24 0x00000a0b mem 0x8001ed50
core   0: 0x80001680 (0x01339f33) sll     t5, t2, s3
core   0: 3 0x80001680 (0x01339f33) x30 0x00000010
core   0: 0x80001684 (0x4107dd13) srai    s10, a5, 16
core   0: 3 0x80001684 (0x4107dd13) x26 0x00000000
core   0: 0x80001688 (0x0abc9603) lh      a2, 171(s9)
core   0: 3 0x80001688 (0x0abc9603) x12 0x00000a0b mem 0x8001ed50
core   0: 0x8000168c (0x0abca583) lw      a1, 171(s9)
core   0: 3 0x8000168c (0x0abca583) x11 0x08090a0b mem 0x8001ed50
core   0: 0x80001690 (0xfeac8223) sb      a0, -28(s9)
core   0: 3 0x80001690 (0xfeac8223) mem 0x8001ec89 0xec
core   0: 0x80001694 (0x0dfc9ca3) sh      t6, 217(s9)
core   0: 3 0x80001694 (0x0dfc9ca3) mem 0x8001ed7e 0x0008
core   0: 0x80001698 (0x03cccb83) lbu     s7, 60(s9)
core   0: 3 0x80001698 (0x03cccb83) x23 0x0000009a mem 0x8001ece1
core   0: 0x8000169c (0x03cc8803) lb      a6, 60(s9)
core   0: 3 0x8000169c (0x03cc8803) x16 0xffffff9a mem 0x8001ece1
core   0: 0x800016a0 (0x00014617) auipc   a2, 0x14
core   0: 3 0x800016a0 (0x00014617) x12 0x800156a0
core   0: 0x800016a4 (0x51e60613) addi    a2, a2, 1310
core   0: 3 0x800016a4 (0x51e60613) x12 0x80015bbe
core   0: 0x800016a8 (0x00014e97) auipc   t4, 0x14
core   0: 3 0x800016a8 (0x00014e97) x29 0x800156a8
core   0: 0x800016ac (0x281e8e93) addi    t4, t4, 641
core   0: 3 0x800016ac (0x281e8e93) x29 0x80015929
core   0: 0x800016b0 (0x00015c17) auipc   s8, 0x15
core   0: 3 0x800016b0 (0x00015c17) x24 0x800166b0
core   0: 0x800016b4 (0x8eac0c13) addi    s8, s8, -1814
core   0: 3 0x800016b4 (0x8eac0c13) x24 0x80015f9a
core   0: 0x800016b8 (0x00662523) sw      t1, 10(a2)
core   0: 3 0x800016b8 (0x00662523) mem 0x80015bc8 0x00002e2f
core   0: 0x800016bc (0x00014817) auipc   a6, 0x14
core   0: 3 0x800016bc (0x00014817) x16 0x800156bc
core   0: 0x800016c0 (0x9b480813) addi    a6, a6, -1612
core   0: 3 0x800016c0 (0x9b480813) x16 0x80015070
core   0: 0x800016c4 (0x02762f23) sw      t2, 62(a2)
core   0: 3 0x800016c4 (0x02762f23) mem 0x80015bfc 0x00000001
core   0: 0x800016c8 (0x03560003) lb      zero, 53(a2)
core   0: 3 0x800016c8 (0x03560003) mem 0x80015bf3
core   0: 0x800016cc (0x0bc802a3) sb      t3, 165(a6)
core   0: 3 0x800016cc (0x0bc802a3) mem 0x80015115 0x0
core   0: 0x800016d0 (0xfef60f03) lb      t5, -17(a2)
core   0: 3 0x800016d0 (0xfef60f03) x30 0x00000066 mem 0x80015bad
core   0: 0x800016d4 (0x402e8d83) lb      s11, 1026(t4)
core   0: 3 0x800016d4 (0x402e8d83) x27 0xffffffe0 mem 0x80015d2b
core   0: 0x800016d8 (0xa41c4503) lbu     a0, -1471(s8)
core   0: 3 0x800016d8 (0xa41c4503) x10 0x00000090 mem 0x800159db
core   0: 0x800016dc (0x09ac2283) lw      t0, 154(s8)
core   0: 3 0x800016dc (0x09ac2283) x 5 0xecedeeef mem 0x80016034
core   0: 0x800016e0 (0x06380123) sb      gp, 98(a6)
core   0: 3 0x800016e0 (0x06380123) mem 0x800150d2 0xa4
core   0: 0x800016e4 (0x02481a83) lh      s5, 36(a6)
core   0: 3 0x800016e4 (0x02481a83) x21 0x00004e4f mem 0x80015094
core   0: 0x800016e8 (0xa63c08a3) sb      gp, -1423(s8)
core   0: 3 0x800016e8 (0xa63c08a3) mem 0x80015a0b 0xa4
core   0: 0x800016ec (0x00764a03) lbu     s4, 7(a2)
core   0: 3 0x800016ec (0x00764a03) x20 0x0000007e mem 0x80015bc5
core   0: 0x800016f0 (0x8e7ecb83) lbu     s7, -1817(t4)
core   0: 3 0x800016f0 (0x8e7ecb83) x23 0x000000cb mem 0x80015210
core   0: 0x800016f4 (0xbfae8d23) sb      s10, -1030(t4)
core   0: 3 0x800016f4 (0xbfae8d23) mem 0x80015523 0x0
core   0: 0x800016f8 (0x05c84003) lbu     zero, 92(a6)
core   0: 3 0x800016f8 (0x05c84003) mem 0x800150cc
core   0: 0x800016fc (0xffd60e03) lb      t3, -3(a2)
core   0: 3 0x800016fc (0xffd60e03) x28 0x00000070 mem 0x80015bbb
core   0: 0x80001700 (0xb00e8003) lb      zero, -1280(t4)
core   0: 3 0x80001700 (0xb00e8003) mem 0x80015429
core   0: 0x80001704 (0xfd360483) lb      s1, -45(a2)
core   0: 3 0x80001704 (0xfd360483) x 9 0x0000004a mem 0x80015b91
core   0: 0x80001708 (0x887c0903) lb      s2, -1913(s8)
core   0: 3 0x80001708 (0x887c0903) x18 0xffffffda mem 0x80015821
core   0: 0x8000170c (0xffc61c83) lh      s9, -4(a2)
core   0: 3 0x8000170c (0xffc61c83) x25 0x00007071 mem 0x80015bba
core   0: 0x80001710 (0x03184083) lbu     ra, 49(a6)
core   0: 3 0x80001710 (0x03184083) x 1 0x0000005a mem 0x800150a1
core   0: 0x80001714 (0xa15ec203) lbu     tp, -1515(t4)
core   0: 3 0x80001714 (0xa15ec203) x 4 0x000000f5 mem 0x8001533e
core   0: 0x80001718 (0xff8c0c23) sb      s8, -8(s8)
core   0: 3 0x80001718 (0xff8c0c23) mem 0x80015f92 0x9a
core   0: 0x8000171c (0x09f809a3) sb      t6, 147(a6)
core   0: 3 0x8000171c (0x09f809a3) mem 0x80015103 0x8
core   0: 0x80001720 (0x06e82823) sw      a4, 112(a6)
core   0: 3 0x80001720 (0x06e82823) mem 0x800150e0 0xffffffd0
core   0: 0x80001724 (0x89ce8b03) lb      s6, -1892(t4)
core   0: 3 0x80001724 (0x89ce8b03) x22 0x0000007e mem 0x800151c5
core   0: 0x80001728 (0x4a2e8403) lb      s0, 1186(t4)
core   0: 3 0x80001728 (0x4a2e8403) x 8 0xffffff80 mem 0x80015dcb
core   0: 0x8000172c (0xff164283) lbu     t0, -15(a2)
core   0: 3 0x8000172c (0xff164283) x 5 0x00000064 mem 0x80015baf
core   0: 0x80001730 (0xfdc81503) lh      a0, -36(a6)
core   0: 3 0x80001730 (0xfdc81503) x10 0x00000607 mem 0x8001504c
core   0: 0x80001734 (0x0ce80da3) sb      a4, 219(a6)
core   0: 3 0x80001734 (0x0ce80da3) mem 0x8001514b 0xd0
core   0: 0x80001738 (0x00021b17) auipc   s6, 0x21
core   0: 3 0x80001738 (0x00021b17) x22 0x80022738
core   0: 0x8000173c (0x02eb0b13) addi    s6, s6, 46
core   0: 3 0x8000173c (0x02eb0b13) x22 0x80022766
core   0: 0x80001740 (0x368eec93) ori     s9, t4, 872
core   0: 3 0x80001740 (0x368eec93) x25 0x80015b69
core   0: 0x80001744 (0x00479613) slli    a2, a5, 4
core   0: 3 0x80001744 (0x00479613) x12 0x00000000
core   0: 0x80001748 (0x030b01a3) sb      a6, 35(s6)
core   0: 3 0x80001748 (0x030b01a3) mem 0x80022789 0x70
core   0: 0x8000174c (0xfe8b04a3) sb      s0, -23(s6)
core   0: 3 0x8000174c (0xfe8b04a3) mem 0x8002274f 0x80
core   0: 0x80001750 (0xcd333a13) sltiu   s4, t1, -813
core   0: 3 0x80001750 (0xcd333a13) x20 0x00000001
core   0: 0x80001754 (0xb98ca917) auipc   s2, 0xb98ca
core   0: 3 0x80001754 (0xb98ca917) x18 0x398cb754
core   0: 0x80001758 (0x00481593) slli    a1, a6, 4
core   0: 3 0x80001758 (0x00481593) x11 0x00150700
core   0: 0x8000175c (0xff8b1903) lh      s2, -8(s6)
core   0: 3 0x8000175c (0xff8b1903) x18 0x00001415 mem 0x8002275e
core   0: 0x80001760 (0x00000013) nop
core   0: 3 0x80001760 (0x00000013)
core   0: 0x80001764 (0x01db4503) lbu     a0, 29(s6)
core   0: 3 0x80001764 (0x01db4503) x10 0x00000038 mem 0x80022783
core   0: 0x80001768 (0x0ff0000f) fence   iorw,iorw
core   0: 3 0x80001768 (0x0ff0000f)
core   0: 0x8000176c (0x014b4d83) lbu     s11, 20(s6)
core   0: 3 0x8000176c (0x014b4d83) x27 0x00000031 mem 0x8002277a
core   0: 0x80001770 (0x00bb11b3) sll     gp, s6, a1
core   0: 3 0x80001770 (0x00bb11b3) x 3 0x80022766
core   0: 0x80001774 (0x000b0783) lb      a5, 0(s6)
core   0: 3 0x80001774 (0x000b0783) x15 0x0000001d mem 0x80022766
core   0: 0x80001778 (0xfccb06a3) sb      a2, -51(s6)
core   0: 3 0x80001778 (0xfccb06a3) mem 0x80022733 0x0
core   0: 0x8000177c (0x0006dd93) srli    s11, a3, 0
core   0: 3 0x8000177c (0x0006dd93) x27 0x80000000
core   0: 0x80001780 (0x013a5533) srl     a0, s4, s3
core   0: 3 0x80001780 (0x013a5533) x10 0x00000000
core   0: 0x80001784 (0x03eb05a3) sb      t5, 43(s6)
core   0: 3 0x80001784 (0x03eb05a3) mem 0x80022791 0x66
core   0: 0x80001788 (0x028b0903) lb      s2, 40(s6)
core   0: 3 0x80001788 (0x028b0903) x18 0x00000045 mem 0x8002278e
core   0: 0x8000178c (0x1133dd97) auipc   s11, 0x1133d
core   0: 3 0x8000178c (0x1133dd97) x27 0x9133e78c
core   0: 0x80001790 (0x407955b3) sra     a1, s2, t2
core   0: 3 0x80001790 (0x407955b3) x11 0x00000022
core   0: 0x80001794 (0x00cc1593) slli    a1, s8, 12
core   0: 3 0x80001794 (0x00cc1593) x11 0x15f9a000
core   0: 0x80001798 (0xfebb4a03) lbu     s4, -21(s6)
core   0: 3 0x80001798 (0xfebb4a03) x20 0x0000000a mem 0x80022751
core   0: 0x8000179c (0x028b5583) lhu     a1, 40(s6)
core   0: 3 0x8000179c (0x028b5583) x11 0x00004445 mem 0x8002278e
core   0: 0x800017a0 (0x0ad50f13) addi    t5, a0, 173
core   0: 3 0x800017a0 (0x0ad50f13) x30 0x000000ad
core   0: 0x800017a4 (0x00000013) nop
core   0: 3 0x800017a4 (0x00000013)
core   0: 0x800017a8 (0x02cb0383) lb      t2, 44(s6)
core   0: 3 0x800017a8 (0x02cb0383) x 7 0x00000049 mem 0x80022792
core   0: 0x800017ac (0xfc8b0503) lb      a0, -56(s6)
core   0: 3 0x800017ac (0xfc8b0503) x10 0xffffffe5 mem 0x8002272e
core   0: 0x800017b0 (0xff2b2f23) sw      s2, -2(s6)
core   0: 3 0x800017b0 (0xff2b2f23) mem 0x80022764 0x00000045
core   0: 0x800017b4 (0x014d4333) xor     t1, s10, s4
core   0: 3 0x800017b4 (0x014d4333) x 6 0x0000000a
core   0: 0x800017b8 (0x00cb1703) lh      a4, 12(s6)
core   0: 3 0x800017b8 (0x00cb1703) x14 0x00002829 mem 0x80022772
core   0: 0x800017bc (0xfe3b4303) lbu     t1, -29(s6)
core   0: 3 0x800017bc (0xfe3b4303) x 6 0x00000002 mem 0x80022749
core   0: 0x800017c0 (0x43b62293) slti    t0, a2, 1083
core   0: 3 0x800017c0 (0x43b62293) x 5 0x00000001
core   0: 0x800017c4 (0xfc8b5903) lhu     s2, -56(s6)
core   0: 3 0x800017c4 (0xfc8b5903) x18 0x0000e4e5 mem 0x8002272e
core   0: 0x800017c8 (0x40298333) sub     t1, s3, sp
core   0: 3 0x800017c8 (0x40298333) x 6 0xffffc180
core   0: 0x800017cc (0xfe5b1123) sh      t0, -30(s6)
core   0: 3 0x800017cc (0xfe5b1123) mem 0x80022748 0x0001
core   0: 0x800017d0 (0xfe2b07a3) sb      sp, -17(s6)
core   0: 3 0x800017d0 (0xfe2b07a3) mem 0x80022755 0xe4
core   0: 0x800017d4 (0xbd13e093) ori     ra, t2, -1071
core   0: 3 0x800017d4 (0xbd13e093) x 1 0xfffffbd9
core   0: 0x800017d8 (0xfd3b4a83) lbu     s5, -45(s6)
core   0: 3 0x800017d8 (0xfd3b4a83) x21 0x000000f2 mem 0x80022739
core   0: 0x800017dc (0x00e42733) slt     a4, s0, a4
core   0: 3 0x800017dc (0x00e42733) x14 0x00000001
core   0: 0x800017e0 (0x013b1423) sh      s3, 8(s6)
core   0: 3 0x800017e0 (0x013b1423) mem 0x8002276e 0xae64
core   0: 0x800017e4 (0xfeab0283) lb      t0, -22(s6)
core   0: 3 0x800017e4 (0xfeab0283) x 5 0x0000000b mem 0x80022750
core   0: 0x800017e8 (0x007b0383) lb      t2, 7(s6)
core   0: 3 0x800017e8 (0x007b0383) x 7 0x00000026 mem 0x8002276d
core   0: 0x800017ec (0xffdb0e83) lb      t4, -3(s6)
core   0: 3 0x800017ec (0xffdb0e83) x29 0x00000018 mem 0x80022763
core   0: 0x800017f0 (0x00014c97) auipc   s9, 0x14
core   0: 3 0x800017f0 (0x00014c97) x25 0x800157f0
core   0: 0x800017f4 (0xe59c8c93) addi    s9, s9, -423
core   0: 3 0x800017f4 (0xe59c8c93) x25 0x80015649
core   0: 0x800017f8 (0xff6c8e03) lb      t3, -10(s9)
core   0: 3 0x800017f8 (0xff6c8e03) x28 0xfffffff4 mem 0x8001563f
core   0: 0x800017fc (0x002c8f03) lb      t5, 2(s9)
core   0: 3 0x800017fc (0x002c8f03) x30 0x00000000 mem 0x8001564b
core   0: 0x80001800 (0x008c8723) sb      s0, 14(s9)
core   0: 3 0x80001800 (0x008c8723) mem 0x80015657 0x80
core   0: 0x80001804 (0x00bc9b83) lh      s7, 11(s9)
core   0: 3 0x80001804 (0x00bc9b83) x23 0x00000e0f mem 0x80015654
core   0: 0x80001808 (0x006cc803) lbu     a6, 6(s9)
core   0: 3 0x80001808 (0x006cc803) x16 0x00000004 mem 0x8001564f
core   0: 0x8000180c (0xff9cd003) lhu     zero, -7(s9)
core   0: 3 0x8000180c (0xff9cd003) mem 0x80015642
core   0: 0x80001810 (0xffcc9fa3) sh      t3, -1(s9)
core   0: 3 0x80001810 (0xffcc9fa3) mem 0x80015648 0xfff4
core   0: 0x80001814 (0x005cc903) lbu     s2, 5(s9)
core   0: 3 0x80001814 (0x005cc903) x18 0x00000005 mem 0x8001564e
core   0: 0x80001818 (0xff5cce83) lbu     t4, -11(s9)
core   0: 3 0x80001818 (0xff5cce83) x29 0x000000f5 mem 0x8001563e
core   0: 0x8000181c (0xff5cc803) lbu     a6, -11(s9)
core   0: 3 0x8000181c (0xff5cc803) x16 0x000000f5 mem 0x8001563e
core   0: 0x80001820 (0xff5cc003) lbu     zero, -11(s9)
core   0: 3 0x80001820 (0xff5cc003) mem 0x8001563e
core   0: 0x80001824 (0xff2cc403) lbu     s0, -14(s9)
core   0: 3 0x80001824 (0xff2cc403) x 8 0x000000f0 mem 0x8001563b
core   0: 0x80001828 (0x002cca83) lbu     s5, 2(s9)
core   0: 3 0x80001828 (0x002cca83) x21 0x00000000 mem 0x8001564b
core   0: 0x8000182c (0x01cc8223) sb      t3, 4(s9)
core   0: 3 0x8000182c (0x01cc8223) mem 0x8001564d 0xf4
core   0: 0x80001830 (0x000c8203) lb      tp, 0(s9)
core   0: 3 0x80001830 (0x000c8203) x 4 0xffffffff mem 0x80015649
core   0: 0x80001834 (0x00dc9783) lh      a5, 13(s9)
core   0: 3 0x80001834 (0x00dc9783) x15 0xffff800d mem 0x80015656
core   0: 0x80001838 (0x00dcd703) lhu     a4, 13(s9)
core   0: 3 0x80001838 (0x00dcd703) x14 0x0000800d mem 0x80015656
core   0: 0x8000183c (0x002c8903) lb      s2, 2(s9)
core   0: 3 0x8000183c (0x002c8903) x18 0x00000000 mem 0x8001564b
core   0: 0x80001840 (0x008998b3) sll     a7, s3, s0
core   0: 3 0x80001840 (0x008998b3) x17 0xae640000
core   0: 0x80001844 (0x00dcdd03) lhu     s10, 13(s9)
core   0: 3 0x80001844 (0x00dcdd03) x26 0x0000800d mem 0x80015656
core   0: 0x80001848 (0x00ecc003) lbu     zero, 14(s9)
core   0: 3 0x80001848 (0x00ecc003) mem 0x80015657
core   0: 0x8000184c (0x00014217) auipc   tp, 0x14
core   0: 3 0x8000184c (0x00014217) x 4 0x8001584c
core   0: 0x80001850 (0x07320213) addi    tp, tp, 115
core   0: 3 0x80001850 (0x07320213) x 4 0x800158bf
core   0: 0x80001854 (0xfc020723) sb      zero, -50(tp)
core   0: 3 0x80001854 (0xfc020723) mem 0x8001588d 0x0
core   0: 0x80001858 (0x03220c83) lb      s9, 50(tp)
core   0: 3 0x80001858 (0x03220c83) x25 0xffffffaa mem 0x800158f1
core   0: 0x8000185c (0x00014297) auipc   t0, 0x14
core   0: 3 0x8000185c (0x00014297) x 5 0x8001585c
core   0: 0x80001860 (0x75a28293) addi    t0, t0, 1882
core   0: 3 0x80001860 (0x75a28293) x 5 0x80015fb6
core   0: 0x80001864 (0xd7c2ab23) sw      t3, -650(t0)
core   0: 3 0x80001864 (0xd7c2ab23) mem 0x80015d2c 0xfffffff4
core   0: 0x80001868 (0xc5d28e83) lb      t4, -931(t0)
core   0: 3 0x80001868 (0xc5d28e83) x29 0xffffffc8 mem 0x80015c13
core   0: 0x8000186c (0xc7a2da83) lhu     s5, -902(t0)
core   0: 3 0x8000186c (0xc7a2da83) x21 0x0000eaeb mem 0x80015c30
core   0: 0x80001870 (0x03321783) lh      a5, 51(tp)
core   0: 3 0x80001870 (0x03321783) x15 0xffffa8a9 mem 0x800158f2
core   0: 0x80001874 (0xf7b28fa3) sb      s11, -129(t0)
core   0: 3 0x80001874 (0xf7b28fa3) mem 0x80015f35 0x8c
core   0: 0x80001878 (0x00624f83) lbu     t6, 6(tp)
core   0: 3 0x80001878 (0x00624f83) x31 0x0000007e mem 0x800158c5
core   0: 0x8000187c (0x9b628a03) lb      s4, -1610(t0)
core   0: 3 0x8000187c (0x9b628a03) x20 0x00000027 mem 0x8001596c
core   0: 0x80001880 (0xeb42d903) lhu     s2, -332(t0)
core   0: 3 0x80001880 (0xeb42d903) x18 0x00002021 mem 0x80015e6a
core   0: 0x80001884 (0x03224903) lbu     s2, 50(tp)
core   0: 3 0x80001884 (0x03224903) x18 0x000000aa mem 0x800158f1
core   0: 0x80001888 (0xebb2c783) lbu     a5, -325(t0)
core   0: 3 0x80001888 (0xebb2c783) x15 0x0000002a mem 0x80015e71
core   0: 0x8000188c (0x03724583) lbu     a1, 55(tp)
core   0: 3 0x8000188c (0x03724583) x11 0x000000ad mem 0x800158f6
core   0: 0x80001890 (0x03324183) lbu     gp, 51(tp)
core   0: 3 0x80001890 (0x03324183) x 3 0x000000a9 mem 0x800158f2
core   0: 0x80001894 (0xf9b28d23) sb      s11, -102(t0)
core   0: 3 0x80001894 (0xf9b28d23) mem 0x80015f50 0x8c
core   0: 0x80001898 (0xf00288a3) sb      zero, -239(t0)
core   0: 3 0x80001898 (0xf00288a3) mem 0x80015ec7 0x0
core   0: 0x8000189c (0xc792cd03) lbu     s10, -903(t0)
core   0: 3 0x8000189c (0xc792cd03) x26 0x000000e4 mem 0x80015c2f
core   0: 0x800018a0 (0x00014a97) auipc   s5, 0x14
core   0: 3 0x800018a0 (0x00014a97) x21 0x800158a0
core   0: 0x800018a4 (0xa17a8a93) addi    s5, s5, -1513
core   0: 3 0x800018a4 (0xa17a8a93) x21 0x800152b7
core   0: 0x800018a8 (0x00000013) nop
core   0: 3 0x800018a8 (0x00000013)
core   0: 0x800018ac (0xff6a8ea3) sb      s6, -3(s5)
core   0: 3 0x800018ac (0xff6a8ea3) mem 0x800152b4 0x66
core   0: 0x800018b0 (0x008ac903) lbu     s2, 8(s5)
core   0: 3 0x800018b0 (0x008ac903) x18 0x00000074 mem 0x800152bf
core   0: 0x800018b4 (0x008a8703) lb      a4, 8(s5)
core   0: 3 0x800018b4 (0x008a8703) x14 0x00000074 mem 0x800152bf
core   0: 0x800018b8 (0xff6ac283) lbu     t0, -10(s5)
core   0: 3 0x800018b8 (0xff6ac283) x 5 0x00000066 mem 0x800152ad
core   0: 0x800018bc (0x00a66bb3) or      s7, a2, a0
core   0: 3 0x800018bc (0x00a66bb3) x23 0xffffffe5
core   0: 0x800018c0 (0x002a8b83) lb      s7, 2(s5)
core   0: 3 0x800018c0 (0x002a8b83) x23 0x00000072 mem 0x800152b9
core   0: 0x800018c4 (0x00cac303) lbu     t1, 12(s5)
core   0: 3 0x800018c4 (0x00cac303) x 6 0x00000078 mem 0x800152c3
core   0: 0x800018c8 (0x01cd3033) sltu    zero, s10, t3
core   0: 3 0x800018c8 (0x01cd3033)
core   0: 0x800018cc (0xff7acb83) lbu     s7, -9(s5)
core   0: 3 0x800018cc (0xff7acb83) x23 0x00000065 mem 0x800152ae
core   0: 0x800018d0 (0x00bad483) lhu     s1, 11(s5)
core   0: 3 0x800018d0 (0x00bad483) x 9 0x00007879 mem 0x800152c2
core   0: 0x800018d4 (0x003aa6a3) sw      gp, 13(s5)
core   0: 3 0x800018d4 (0x003aa6a3) mem 0x800152c4 0x000000a9
core   0: 0x800018d8 (0x008a8503) lb      a0, 8(s5)
core   0: 3 0x800018d8 (0x008a8503) x10 0x00000074 mem 0x800152bf
core   0: 0x800018dc (0x1106ab17) auipc   s6, 0x1106a
core   0: 3 0x800018dc (0x1106ab17) x22 0x9106b8dc
core   0: 0x800018e0 (0x003acf03) lbu     t5, 3(s5)
core   0: 3 0x800018e0 (0x003acf03) x30 0x00000071 mem 0x800152ba
core   0: 0x800018e4 (0x014e1e33) sll     t3, t3, s4
core   0: 3 0x800018e4 (0x014e1e33) x28 0xfffffa00
core   0: 0x800018e8 (0xc26f2e93) slti    t4, t5, -986
core   0: 3 0x800018e8 (0xc26f2e93) x29 0x00000000
core   0: 0x800018ec (0xff3acf83) lbu     t6, -13(s5)
core   0: 3 0x800018ec (0xff3acf83) x31 0x00000061 mem 0x800152aa
core   0: 0x800018f0 (0x00014297) auipc   t0, 0x14
core   0: 3 0x800018f0 (0x00014297) x 5 0x800158f0
core   0: 0x800018f4 (0x03428293) addi    t0, t0, 52
core   0: 3 0x800018f4 (0x03428293) x 5 0x80015924
core   0: 0x800018f8 (0xf1028da3) sb      a6, -229(t0)
core   0: 3 0x800018f8 (0xf1028da3) mem 0x8001583f 0xf5
core   0: 0x800018fc (0x2c7dbd93) sltiu   s11, s11, 711
core   0: 3 0x800018fc (0x2c7dbd93) x27 0x00000000
core   0: 0x80001900 (0x0000100f) fence.i
core   0: 3 0x80001900 (0x0000100f)
core   0: 0x80001904 (0x0ff0000f) fence   iorw,iorw
core   0: 3 0x80001904 (0x0ff0000f)
core   0: 0x80001908 (0x4c8a7a13) andi    s4, s4, 1224
core   0: 3 0x80001908 (0x4c8a7a13) x20 0x00000000
core   0: 0x8000190c (0x40e28db3) sub     s11, t0, a4
core   0: 3 0x8000190c (0x40e28db3) x27 0x800158b0
core   0: 0x80001910 (0x09428203) lb      tp, 148(t0)
core   0: 3 0x80001910 (0x09428203) x 4 0x00000073 mem 0x800159b8
core   0: 0x80001914 (0x07e29b23) sh      t5, 118(t0)
core   0: 3 0x80001914 (0x07e29b23) mem 0x8001599a 0x0071
core   0: 0x80001918 (0x56e27613) andi    a2, tp, 1390
core   0: 3 0x80001918 (0x56e27613) x12 0x00000062
core   0: 0x8000191c (0x41455d13) srai    s10, a0, 20
core   0: 3 0x8000191c (0x41455d13) x26 0x00000000
core   0: 0x80001920 (0x00aed893) srli    a7, t4, 10
core   0: 3 0x80001920 (0x00aed893) x17 0x00000000
core   0: 0x80001924 (0x02029d83) lh      s11, 32(t0)
core   0: 3 0x80001924 (0x02029d83) x27 0xfffffeff mem 0x80015944
core   0: 0x80001928 (0x08b2ca83) lbu     s5, 139(t0)
core   0: 3 0x80001928 (0x08b2ca83) x21 0x00000064 mem 0x800159af
core   0: 0x8000192c (0xf652c483) lbu     s1, -155(t0)
core   0: 3 0x8000192c (0xf652c483) x 9 0x00000042 mem 0x80015889
core   0: 0x80001930 (0x405c5493) srai    s1, s8, 5
core   0: 3 0x80001930 (0x405c5493) x 9 0xfc000afc
core   0: 0x80001934 (0x01c6cf33) xor     t5, a3, t3
core   0: 3 0x80001934 (0x01c6cf33) x30 0x7ffffa00
core   0: 0x80001938 (0xf4a29e03) lh      t3, -182(t0)
core   0: 3 0x80001938 (0xf4a29e03) x28 0x00002425 mem 0x8001586e
core   0: 0x8000193c (0x40b35c93) srai    s9, t1, 11
core   0: 3 0x8000193c (0x40b35c93) x25 0x00000000
core   0: 0x80001940 (0x01353633) sltu    a2, a0, s3
core   0: 3 0x80001940 (0x01353633) x12 0x00000001
core   0: 0x80001944 (0x00000013) nop
core   0: 3 0x80001944 (0x00000013)
core   0: 0x80001948 (0xfe69bf93) sltiu   t6, s3, -26
core   0: 3 0x80001948 (0xfe69bf93) x31 0x00000001
core   0: 0x8000194c (0x41855433) sra     s0, a0, s8
core   0: 3 0x8000194c (0x41855433) x 8 0x00000000
core   0: 0x80001950 (0x00c63ab3) sltu    s5, a2, a2
core   0: 3 0x80001950 (0x00c63ab3) x21 0x00000000
core   0: 0x80001954 (0x0ff28a83) lb      s5, 255(t0)
core   0: 3 0x80001954 (0x0ff28a83) x21 0xffffffd8 mem 0x80015a23
core   0: 0x80001958 (0x00d31b13) slli    s6, t1, 13
core   0: 3 0x80001958 (0x00d31b13) x22 0x000f0000
core   0: 0x8000195c (0x0e928123) sb      s1, 226(t0)
core   0: 3 0x8000195c (0x0e928123) mem 0x80015a06 0xfc
core   0: 0x80001960 (0xf7528a83) lb      s5, -139(t0)
core   0: 3 0x80001960 (0xf7528a83) x21 0x00000052 mem 0x80015899
core   0: 0x80001964 (0x0000100f) fence.i
core   0: 3 0x80001964 (0x0000100f)
core   0: 0x80001968 (0x01528703) lb      a4, 21(t0)
core   0: 3 0x80001968 (0x01528703) x14 0xfffffff2 mem 0x80015939
core   0: 0x8000196c (0x016fafb3) slt     t6, t6, s6
core   0: 3 0x8000196c (0x016fafb3) x31 0x00000001
core   0: 0x80001970 (0x41a508b3) sub     a7, a0, s10
core   0: 3 0x80001970 (0x41a508b3) x17 0x00000074
core   0: 0x80001974 (0xefcb6013) ori     zero, s6, -260
core   0: 3 0x80001974 (0xefcb6013)
core   0: 0x80001978 (0xf3a280a3) sb      s10, -223(t0)
core   0: 3 0x80001978 (0xf3a280a3) mem 0x80015845 0x0
core   0: 0x8000197c (0xfec2df03) lhu     t5, -20(t0)
core   0: 3 0x8000197c (0xfec2df03) x30 0x0000cacb mem 0x80015910
core   0: 0x80001980 (0xf7528d23) sb      s5, -134(t0)
core   0: 3 0x80001980 (0xf7528d23) mem 0x8001589e 0x52
core   0: 0x80001984 (0x01a3df33) srl     t5, t2, s10
core   0: 3 0x80001984 (0x01a3df33) x30 0x00000026
core   0: 0x80001988 (0x0045e233) or      tp, a1, tp
core   0: 3 0x80001988 (0x0045e233) x 4 0x000000ff
core   0: 0x8000198c (0x0262d603) lhu     a2, 38(t0)
core   0: 3 0x8000198c (0x0262d603) x12 0x00000001 mem 0x8001594a
core   0: 0x80001990 (0x0142a223) sw      s4, 4(t0)
core   0: 3 0x80001990 (0x0142a223) mem 0x80015928 0x00000000
core   0: 0x80001994 (0x00014f17) auipc   t5, 0x14
core   0: 3 0x80001994 (0x00014f17) x30 0x80015994
core   0: 0x80001998 (0x8f9f0f13) addi    t5, t5, -1799
core   0: 3 0x80001998 (0x8f9f0f13) x30 0x8001528d
core   0: 0x8000199c (0xc142c293) xori    t0, t0, -1004
core   0: 3 0x8000199c (0xc142c293) x 5 0x7ffea530
core   0: 0x800019a0 (0x00a8bb33) sltu    s6, a7, a0
core   0: 3 0x800019a0 (0x00a8bb33) x22 0x00000000
core   0: 0x800019a4 (0xff2f0803) lb      a6, -14(t5)
core   0: 3 0x800019a4 (0xff2f0803) x16 0x00000034 mem 0x8001527f
core   0: 0x800019a8 (0x00566cb3) or      s9, a2, t0
core   0: 3 0x800019a8 (0x00566cb3) x25 0x7ffea531
core   0: 0x800019ac (0x001f12a3) sh      ra, 5(t5)
core   0: 3 0x800019ac (0x001f12a3) mem 0x80015292 0xfbd9
core   0: 0x800019b0 (0xff6f4503) lbu     a0, -10(t5)
core   0: 3 0x800019b0 (0xff6f4503) x10 0x00000038 mem 0x80015283
core   0: 0x800019b4 (0x00ef0823) sb      a4, 16(t5)
core   0: 3 0x800019b4 (0x00ef0823) mem 0x8001529d 0xf2
core   0: 0x800019b8 (0x01877bb3) and     s7, a4, s8
core   0: 3 0x800019b8 (0x01877bb3) x23 0x80015f92
core   0: 0x800019bc (0x004f06a3) sb      tp, 13(t5)
core   0: 3 0x800019bc (0x004f06a3) mem 0x8001529a 0xff
core   0: 0x800019c0 (0xf834fd17) auipc   s10, 0xf834f
core   0: 3 0x800019c0 (0xf834fd17) x26 0x783509c0
core   0: 0x800019c4 (0x00bf0003) lb      zero, 11(t5)
core   0: 3 0x800019c4 (0x00bf0003) mem 0x80015298
core   0: 0x800019c8 (0x00480b33) add     s6, a6, tp
core   0: 3 0x800019c8 (0x00480b33) x22 0x00000133
core   0: 0x800019cc (0x14d2c913) xori    s2, t0, 333
core   0: 3 0x800019cc (0x14d2c913) x18 0x7ffea47d
core   0: 0x800019d0 (0xff3f2b03) lw      s6, -13(t5)
core   0: 3 0x800019d0 (0xff3f2b03) x22 0x38393a3b mem 0x80015280
core   0: 0x800019d4 (0x40d58333) sub     t1, a1, a3
core   0: 3 0x800019d4 (0x40d58333) x 6 0x800000ad
core   0: 0x800019d8 (0x00df4e83) lbu     t4, 13(t5)
core   0: 3 0x800019d8 (0x00df4e83) x29 0x000000ff mem 0x8001529a
core   0: 0x800019dc (0x01949393) slli    t2, s1, 25
core   0: 3 0x800019dc (0x01949393) x 7 0xf8000000
core   0: 0x800019e0 (0xffcf4b83) lbu     s7, -4(t5)
core   0: 3 0x800019e0 (0xffcf4b83) x23 0x00000042 mem 0x80015289
core   0: 0x800019e4 (0x017f0823) sb      s7, 16(t5)
core   0: 3 0x800019e4 (0x017f0823) mem 0x8001529d 0x42
core   0: 0x800019e8 (0xff6f4d03) lbu     s10, -10(t5)
core   0: 3 0x800019e8 (0xff6f4d03) x26 0x00000038 mem 0x80015283
core   0: 0x800019ec (0x009598b3) sll     a7, a1, s1
core   0: 3 0x800019ec (0x009598b3) x17 0xd0000000
core   0: 0x800019f0 (0xff8f0823) sb      s8, -16(t5)
core   0: 3 0x800019f0 (0xff8f0823) mem 0x8001527d 0x9a
core   0: 0x800019f4 (0xfe4f1fa3) sh      tp, -1(t5)
core   0: 3 0x800019f4 (0xfe4f1fa3) mem 0x8001528c 0x00ff
core   0: 0x800019f8 (0x00cf4183) lbu     gp, 12(t5)
core   0: 3 0x800019f8 (0x00cf4183) x 3 0x00000052 mem 0x80015299
core   0: 0x800019fc (0x01681a33) sll     s4, a6, s6
core   0: 3 0x800019fc (0x01681a33) x20 0xa0000000
core   0: 0x80001a00 (0x006f4503) lbu     a0, 6(t5)
core   0: 3 0x80001a00 (0x006f4503) x10 0x000000fb mem 0x80015293
core   0: 0x80001a04 (0x00bf0b83) lb      s7, 11(t5)
core   0: 3 0x80001a04 (0x00bf0b83) x23 0x00000053 mem 0x80015298
core   0: 0x80001a08 (0x01df00a3) sb      t4, 1(t5)
core   0: 3 0x80001a08 (0x01df00a3) mem 0x8001528e 0xff
core   0: 0x80001a0c (0x007f0623) sb      t2, 12(t5)
core   0: 3 0x80001a0c (0x007f0623) mem 0x80015299 0x0
core   0: 0x80001a10 (0xffdf5903) lhu     s2, -3(t5)
core   0: 3 0x80001a10 (0xffdf5903) x18 0x00004041 mem 0x8001528a
core   0: 0x80001a14 (0x9c36fa93) andi    s5, a3, -1597
core   0: 3 0x80001a14 (0x9c36fa93) x21 0x80000000
core   0: 0x80001a18 (0x0071da93) srli    s5, gp, 7
core   0: 3 0x80001a18 (0x0071da93) x21 0x00000000
core   0: 0x80001a1c (0x00000013) nop
core   0: 3 0x80001a1c (0x00000013)
core   0: 0x80001a20 (0xff6f1ba3) sh      s6, -9(t5)
core   0: 3 0x80001a20 (0xff6f1ba3) mem 0x80015284 0x3a3b
core   0: 0x80001a24 (0x01472a33) slt     s4, a4, s4
core   0: 3 0x80001a24 (0x01472a33) x20 0x00000000
core   0: 0x80001a28 (0x009f4883) lbu     a7, 9(t5)
core   0: 3 0x80001a28 (0x009f4883) x17 0x0000004d mem 0x80015296
core   0: 0x80001a2c (0x00015d17) auipc   s10, 0x15
core   0: 3 0x80001a2c (0x00015d17) x26 0x80016a2c
core   0: 0x80001a30 (0x09dd0d13) addi    s10, s10, 157
core   0: 3 0x80001a30 (0x09dd0d13) x26 0x80016ac9
core   0: 0x80001a34 (0xfdbd0e23) sb      s11, -36(s10)
core   0: 3 0x80001a34 (0xfdbd0e23) mem 0x80016aa5 0xff
core   0: 0x80001a38 (0xfdcd0303) lb      t1, -36(s10)
core   0: 3 0x80001a38 (0xfdcd0303) x 6 0xffffffff mem 0x80016aa5
core   0: 0x80001a3c (0x029d1703) lh      a4, 41(s10)
core   0: 3 0x80001a3c (0x029d1703) x14 0xffffa8a9 mem 0x80016af2
core   0: 0x80001a40 (0xff0d4903) lbu     s2, -16(s10)
core   0: 3 0x80001a40 (0xff0d4903) x18 0x00000072 mem 0x80016ab9
core   0: 0x80001a44 (0xff0d0603) lb      a2, -16(s10)
core   0: 3 0x80001a44 (0xff0d0603) x12 0x00000072 mem 0x80016ab9
core   0: 0x80001a48 (0xfcad0a23) sb      a0, -44(s10)
core   0: 3 0x80001a48 (0xfcad0a23) mem 0x80016a9d 0xfb
core   0: 0x80001a4c (0x035d4e83) lbu     t4, 53(s10)
core   0: 3 0x80001a4c (0x035d4e83) x29 0x000000b5 mem 0x80016afe
core   0: 0x80001a50 (0xfc2d2da3) sw      sp, -37(s10)
core   0: 3 0x80001a50 (0xfc2d2da3) mem 0x80016aa4 0x8002ece4
core   0: 0x80001a54 (0xfc9d1da3) sh      s1, -37(s10)
core   0: 3 0x80001a54 (0xfc9d1da3) mem 0x80016aa4 0x0afc
core   0: 0x80001a58 (0xfe8d0083) lb      ra, -24(s10)
core   0: 3 0x80001a58 (0xfe8d0083) x 1 0x0000006a mem 0x80016ab1
core   0: 0x80001a5c (0xfe3d0423) sb      gp, -24(s10)
core   0: 3 0x80001a5c (0xfe3d0423) mem 0x80016ab1 0x52
core   0: 0x80001a60 (0x017d5803) lhu     a6, 23(s10)
core   0: 3 0x80001a60 (0x017d5803) x16 0x00009a9b mem 0x80016ae0
core   0: 0x80001a64 (0x00ed2ba3) sw      a4, 23(s10)
core   0: 3 0x80001a64 (0x00ed2ba3) mem 0x80016ae0 0xffffa8a9
core   0: 0x80001a68 (0x017d2483) lw      s1, 23(s10)
core   0: 3 0x80001a68 (0x017d2483) x 9 0xffffa8a9 mem 0x80016ae0
core   0: 0x80001a6c (0x01bd0923) sb      s11, 18(s10)
core   0: 3 0x80001a6c (0x01bd0923) mem 0x80016adb 0xff
core   0: 0x80001a70 (0x00bd0923) sb      a1, 18(s10)
core   0: 3 0x80001a70 (0x00bd0923) mem 0x80016adb 0xad
core   0: 0x80001a74 (0x013d0a83) lb      s5, 19(s10)
core   0: 3 0x80001a74 (0x013d0a83) x21 0xffffff97 mem 0x80016adc
core   0: 0x80001a78 (0xb3d16193) ori     gp, sp, -1219
core   0: 3 0x80001a78 (0xb3d16193) x 3 0xfffffffd
core   0: 0x80001a7c (0x01c184b3) add     s1, gp, t3
core   0: 3 0x80001a7c (0x01c184b3) x 9 0x00002422
core   0: 0x80001a80 (0x28bab293) sltiu   t0, s5, 651
core   0: 3 0x80001a80 (0x28bab293) x 5 0x00000000
core   0: 0x80001a84 (0xfe8d14a3) sh      s0, -23(s10)
core   0: 3 0x80001a84 (0xfe8d14a3) mem 0x80016ab2 0x0000
core   0: 0x80001a88 (0xfe4d0503) lb      a0, -28(s10)
core   0: 3 0x80001a88 (0xfe4d0503) x10 0x00000066 mem 0x80016aad
core   0: 0x80001a8c (0x0001a097) auipc   ra, 0x1a
core   0: 3 0x80001a8c (0x0001a097) x 1 0x8001ba8c
core   0: 0x80001a90 (0x67f08093) addi    ra, ra, 1663
core   0: 3 0x80001a90 (0x67f08093) x 1 0x8001c10b
core   0: 0x80001a94 (0x01a0c703) lbu     a4, 26(ra)
core   0: 3 0x80001a94 (0x01a0c703) x14 0x000000de mem 0x8001c125
core   0: 0x80001a98 (0x0001a317) auipc   t1, 0x1a
core   0: 3 0x80001a98 (0x0001a317) x 6 0x8001ba98
core   0: 0x80001a9c (0x36730313) addi    t1, t1, 871
core   0: 3 0x80001a9c (0x36730313) x 6 0x8001bdff
core   0: 0x80001aa0 (0xff508b23) sb      s5, -10(ra)
core   0: 3 0x80001aa0 (0xff508b23) mem 0x8001c101 0x97
core   0: 0x80001aa4 (0x01808b23) sb      s8, 22(ra)
core   0: 3 0x80001aa4 (0x01808b23) mem 0x8001c121 0x9a
core   0: 0x80001aa8 (0x16135603) lhu     a2, 353(t1)
core   0: 3 0x80001aa8 (0x16135603) x12 0x00001a1b mem 0x8001bf60
core   0: 0x80001aac (0xfc008da3) sb      zero, -37(ra)
core   0: 3 0x80001aac (0xfc008da3) mem 0x8001c0e6 0x0
core   0: 0x80001ab0 (0x0001ac17) auipc   s8, 0x1a
core   0: 3 0x80001ab0 (0x0001ac17) x24 0x8001bab0
core   0: 0x80001ab4 (0x98dc0c13) addi    s8, s8, -1651
core   0: 3 0x80001ab4 (0x98dc0c13) x24 0x8001b43d
core   0: 0x80001ab8 (0x0b6c0f03) lb      t5, 182(s8)
core   0: 3 0x80001ab8 (0x0b6c0f03) x30 0xffffffa8 mem 0x8001b4f3
core   0: 0x80001abc (0x64e30b23) sb      a4, 1622(t1)
core   0: 3 0x80001abc (0x64e30b23) mem 0x8001c455 0xde
core   0: 0x80001ac0 (0x083c0a03) lb      s4, 131(s8)
core   0: 3 0x80001ac0 (0x083c0a03) x20 0x0000007b mem 0x8001b4c0
core   0: 0x80001ac4 (0x5a735003) lhu     zero, 1447(t1)
core   0: 3 0x80001ac4 (0x5a735003) mem 0x8001c3a6
core   0: 0x80001ac8 (0xf74c0603) lb      a2, -140(s8)
core   0: 3 0x80001ac8 (0xf74c0603) x12 0x0000006a mem 0x8001b3b1
core   0: 0x80001acc (0xf4bc0723) sb      a1, -178(s8)
core   0: 3 0x80001acc (0xf4bc0723) mem 0x8001b38b 0xad
core   0: 0x80001ad0 (0xfd8c4883) lbu     a7, -40(s8)
core   0: 3 0x80001ad0 (0xfd8c4883) x17 0x000000ce mem 0x8001b415
core   0: 0x80001ad4 (0xad530b23) sb      s5, -1322(t1)
core   0: 3 0x80001ad4 (0xad530b23) mem 0x8001b8d5 0x97
core   0: 0x80001ad8 (0x0de34583) lbu     a1, 222(t1)
core   0: 3 0x80001ad8 (0x0de34583) x11 0x00000096 mem 0x8001bedd
core   0: 0x80001adc (0xfd80cb03) lbu     s6, -40(ra)
core   0: 3 0x80001adc (0xfd80cb03) x22 0x00000098 mem 0x8001c0e3
core   0: 0x80001ae0 (0x1fd319a3) sh      t4, 499(t1)
core   0: 3 0x80001ae0 (0x1fd319a3) mem 0x8001bff2 0x00b5
core   0: 0x80001ae4 (0x02ac29a3) sw      a0, 51(s8)
core   0: 3 0x80001ae4 (0x02ac29a3) mem 0x8001b470 0x00000066
core   0: 0x80001ae8 (0x7b530a83) lb      s5, 1973(t1)
core   0: 3 0x80001ae8 (0x7b530a83) x21 0x0000006f mem 0x8001c5b4
core   0: 0x80001aec (0x0000cf03) lbu     t5, 0(ra)
core   0: 3 0x80001aec (0x0000cf03) x30 0x000000c0 mem 0x8001c10b
core   0: 0x80001af0 (0xfec0c583) lbu     a1, -20(ra)
core   0: 3 0x80001af0 (0xfec0c583) x11 0x000000ac mem 0x8001c0f7
core   0: 0x80001af4 (0xfc6c0f03) lb      t5, -58(s8)
core   0: 3 0x80001af4 (0xfc6c0f03) x30 0xffffffb8 mem 0x8001b403
core   0: 0x80001af8 (0xf75c5703) lhu     a4, -139(s8)
core   0: 3 0x80001af8 (0xf75c5703) x14 0x00006869 mem 0x8001b3b2
core   0: 0x80001afc (0x00208903) lb      s2, 2(ra)
core   0: 3 0x80001afc (0x00208903) x18 0xffffffc6 mem 0x8001c10d
core   0: 0x80001b00 (0xf4ac1aa3) sh      a0, -171(s8)
core   0: 3 0x80001b00 (0xf4ac1aa3) mem 0x8001b392 0x0066
core   0: 0x80001b04 (0x032085a3) sb      s2, 43(ra)
core   0: 3 0x80001b04 (0x032085a3) mem 0x8001c136 0xc6
core   0: 0x80001b08 (0x0dfc0fa3) sb      t6, 223(s8)
core   0: 3 0x80001b08 (0x0dfc0fa3) mem 0x8001b51c 0x1
core   0: 0x80001b0c (0x0001e317) auipc   t1, 0x1e
core   0: 3 0x80001b0c (0x0001e317) x 6 0x8001fb0c
core   0: 0x80001b10 (0x59030313) addi    t1, t1, 1424
core   0: 3 0x80001b10 (0x59030313) x 6 0x8002009c
core   0: 0x80001b14 (0xae530f83) lb      t6, -1307(t1)
core   0: 3 0x80001b14 (0xae530f83) x31 0x0000003a mem 0x8001fb81
core   0: 0x80001b18 (0xae2302a3) sb      sp, -1307(t1)
core   0: 3 0x80001b18 (0xae2302a3) mem 0x8001fb81 0xe4
core   0: 0x80001b1c (0xae530483) lb      s1, -1307(t1)
core   0: 3 0x80001b1c (0xae530483) x 9 0xffffffe4 mem 0x8001fb81
core   0: 0x80001b20 (0x0000100f) fence.i
core   0: 3 0x80001b20 (0x0000100f)
core   0: 0x80001b24 (0x40b7d433) sra     s0, a5, a1
core   0: 3 0x80001b24 (0x40b7d433) x 8 0x00000000
core   0: 0x80001b28 (0x123be613) ori     a2, s7, 291
core   0: 3 0x80001b28 (0x123be613) x12 0x00000173
core   0: 0x80001b2c (0xae530e83) lb      t4, -1307(t1)
core   0: 3 0x80001b2c (0xae530e83) x29 0xffffffe4 mem 0x8001fb81
core   0: 0x80001b30 (0x00d98bb3) add     s7, s3, a3
core   0: 3 0x80001b30 (0x00d98bb3) x23 0x0002ae64
core   0: 0x80001b34 (0xae530183) lb      gp, -1307(t1)
core   0: 3 0x80001b34 (0xae530183) x 3 0xffffffe4 mem 0x8001fb81
core   0: 0x80001b38 (0x4559ab93) slti    s7, s3, 1109
core   0: 3 0x80001b38 (0x4559ab93) x23 0x00000001
core   0: 0x80001b3c (0x092307a3) sb      s2, 143(t1)
core   0: 3 0x80001b3c (0x092307a3) mem 0x8002012b 0xc6
core   0: 0x80001b40 (0x0052b0b3) sltu    ra, t0, t0
core   0: 3 0x80001b40 (0x0052b0b3) x 1 0x00000000
core   0: 0x80001b44 (0x08f30b83) lb      s7, 143(t1)
core   0: 3 0x80001b44 (0x08f30b83) x23 0xffffffc6 mem 0x8002012b
core   0: 0x80001b48 (0x08f34503) lbu     a0, 143(t1)
core   0: 3 0x80001b48 (0x08f34503) x10 0x000000c6 mem 0x8002012b
core   0: 0x80001b4c (0x08f30203) lb      tp, 143(t1)
core   0: 3 0x80001b4c (0x08f30203) x 4 0xffffffc6 mem 0x8002012b
core   0: 0x80001b50 (0x08f30d83) lb      s11, 143(t1)
core   0: 3 0x80001b50 (0x08f30d83) x27 0xffffffc6 mem 0x8002012b
core   0: 0x80001b54 (0x0104dab3) srl     s5, s1, a6
core   0: 3 0x80001b54 (0x0104dab3) x21 0x0000001f
core   0: 0x80001b58 (0x088307a3) sb      s0, 143(t1)
core   0: 3 0x80001b58 (0x088307a3) mem 0x8002012b 0x0
core   0: 0x80001b5c (0x00014d97) auipc   s11, 0x14
core   0: 3 0x80001b5c (0x00014d97) x27 0x80015b5c
core   0: 0x80001b60 (0x330d8d93) addi    s11, s11, 816
core   0: 3 0x80001b60 (0x330d8d93) x27 0x80015e8c
core   0: 0x80001b64 (0x00a87eb3) and     t4, a6, a0
core   0: 3 0x80001b64 (0x00a87eb3) x29 0x00000082
core   0: 0x80001b68 (0x008dca83) lbu     s5, 8(s11)
core   0: 3 0x80001b68 (0x008dca83) x21 0x0000004f mem 0x80015e94
core   0: 0x80001b6c (0x008dd203) lhu     tp, 8(s11)
core   0: 3 0x80001b6c (0x008dd203) x 4 0x00004e4f mem 0x80015e94
core   0: 0x80001b70 (0x032d8423) sb      s2, 40(s11)
core   0: 3 0x80001b70 (0x032d8423) mem 0x80015eb4 0xc6
core   0: 0x80001b74 (0x032d8423) sb      s2, 40(s11)
core   0: 3 0x80001b74 (0x032d8423) mem 0x80015eb4 0xc6
core   0: 0x80001b78 (0x028dc703) lbu     a4, 40(s11)
core   0: 3 0x80001b78 (0x028dc703) x14 0x000000c6 mem 0x80015eb4
core   0: 0x80001b7c (0x028da503) lw      a0, 40(s11)
core   0: 3 0x80001b7c (0x028da503) x10 0x6c6d6ec6 mem 0x80015eb4
core   0: 0x80001b80 (0x0188ec33) or      s8, a7, s8
core   0: 3 0x80001b80 (0x0188ec33) x24 0x8001b4ff
core   0: 0x80001b84 (0xfd7d8383) lb      t2, -41(s11)
core   0: 3 0x80001b84 (0xfd7d8383) x 7 0x00000018 mem 0x80015e63
core   0: 0x80001b88 (0x0000100f) fence.i
core   0: 3 0x80001b88 (0x0000100f)
core   0: 0x80001b8c (0xfd7d8d03) lb      s10, -41(s11)
core   0: 3 0x80001b8c (0xfd7d8d03) x26 0x00000018 mem 0x80015e63
core   0: 0x80001b90 (0xffad8b23) sb      s10, -10(s11)
core   0: 3 0x80001b90 (0xffad8b23) mem 0x80015e82 0x18
core   0: 0x80001b94 (0xff6d9903) lh      s2, -10(s11)
core   0: 3 0x80001b94 (0xff6d9903) x18 0x00003818 mem 0x80015e82
core   0: 0x80001b98 (0xff6dc003) lbu     zero, -10(s11)
core   0: 3 0x80001b98 (0xff6dc003) mem 0x80015e82
core   0: 0x80001b9c (0xffcd8b23) sb      t3, -10(s11)
core   0: 3 0x80001b9c (0xffcd8b23) mem 0x80015e82 0x25
core   0: 0x80001ba0 (0x41085913) srai    s2, a6, 16
core   0: 3 0x80001ba0 (0x41085913) x18 0x00000000
core   0: 0x80001ba4 (0x0ff0000f) fence   iorw,iorw
core   0: 3 0x80001ba4 (0x0ff0000f)
core   0: 0x80001ba8 (0x007d8083) lb      ra, 7(s11)
core   0: 3 0x80001ba8 (0x007d8083) x 1 0x00000048 mem 0x80015e93
core   0: 0x80001bac (0x00019517) auipc   a0, 0x19
core   0: 3 0x80001bac (0x00019517) x10 0x8001abac
core   0: 0x80001bb0 (0xade50513) addi    a0, a0, -1314
core   0: 3 0x80001bb0 (0xade50513) x10 0x8001a68a
core   0: 0x80001bb4 (0x00022617) auipc   a2, 0x22
core   0: 3 0x80001bb4 (0x00022617) x12 0x80023bb4
core   0: 0x80001bb8 (0xf2a60613) addi    a2, a2, -214
core   0: 3 0x80001bb8 (0xf2a60613) x12 0x80023ade
core   0: 0x80001bbc (0x00018b97) auipc   s7, 0x18
core   0: 3 0x80001bbc (0x00018b97) x23 0x80019bbc
core   0: 0x80001bc0 (0xb98b8b93) addi    s7, s7, -1128
core   0: 3 0x80001bc0 (0xb98b8b93) x23 0x80019754
core   0: 0x80001bc4 (0x00023d97) auipc   s11, 0x23
core   0: 3 0x80001bc4 (0x00023d97) x27 0x80024bc4
core   0: 0x80001bc8 (0x043d8d93) addi    s11, s11, 67
core   0: 3 0x80001bc8 (0x043d8d93) x27 0x80024c07
core   0: 0x80001bcc (0xfddbc883) lbu     a7, -35(s7)
core   0: 3 0x80001bcc (0xfddbc883) x17 0x000000ea mem 0x80019731
core   0: 0x80001bd0 (0x0001ef97) auipc   t6, 0x1e
core   0: 3 0x80001bd0 (0x0001ef97) x31 0x8001fbd0
core   0: 0x80001bd4 (0xccaf8f93) addi    t6, t6, -822
core   0: 3 0x80001bd4 (0xccaf8f93) x31 0x8001f89a
core   0: 0x80001bd8 (0xf58503a3) sb      s8, -185(a0)
core   0: 3 0x80001bd8 (0xf58503a3) mem 0x8001a5d1 0xff
core   0: 0x80001bdc (0x02cd8483) lb      s1, 44(s11)
core   0: 3 0x80001bdc (0x02cd8483) x 9 0xffffffe8 mem 0x80024c33
core   0: 0x80001be0 (0x02bd9e03) lh      t3, 43(s11)
core   0: 3 0x80001be0 (0x02bd9e03) x28 0xffffe8e9 mem 0x80024c32
core   0: 0x80001be4 (0x002607a3) sb      sp, 15(a2)
core   0: 3 0x80001be4 (0x002607a3) mem 0x80023aed 0xe4
core   0: 0x80001be8 (0x00e61583) lh      a1, 14(a2)
core   0: 3 0x80001be8 (0x00e61583) x11 0xffffe4a7 mem 0x80023aec
core   0: 0x80001bec (0x03ed8a83) lb      s5, 62(s11)
core   0: 3 0x80001bec (0x03ed8a83) x21 0xfffffffe mem 0x80024c45
core   0: 0x80001bf0 (0xfffd96a3) sh      t6, -19(s11)
core   0: 3 0x80001bf0 (0xfffd96a3) mem 0x80024bf4 0xf89a
core   0: 0x80001bf4 (0xa8bf80a3) sb      a1, -1407(t6)
core   0: 3 0x80001bf4 (0xa8bf80a3) mem 0x8001f31b 0xa7
core   0: 0x80001bf8 (0x645fc283) lbu     t0, 1605(t6)
core   0: 3 0x80001bf8 (0x645fc283) x 5 0x00000094 mem 0x8001fedf
core   0: 0x80001bfc (0xf77b82a3) sb      s7, -155(s7)
core   0: 3 0x80001bfc (0xf77b82a3) mem 0x800196b9 0x54
core   0: 0x80001c00 (0xfdadc403) lbu     s0, -38(s11)
core   0: 3 0x80001c00 (0xfdadc403) x 8 0x0000009a mem 0x80024be1
core   0: 0x80001c04 (0xfec50c83) lb      s9, -20(a0)
core   0: 3 0x80001c04 (0xfec50c83) x25 0x0000002d mem 0x8001a676
core   0: 0x80001c08 (0xfd7d8583) lb      a1, -41(s11)
core   0: 3 0x80001c08 (0xfd7d8583) x11 0xffffff95 mem 0x80024bde
core   0: 0x80001c0c (0x0b351923) sh      s3, 178(a0)
core   0: 3 0x80001c0c (0x0b351923) mem 0x8001a73c 0xae64
core   0: 0x80001c10 (0x0b9b9123) sh      s9, 162(s7)
core   0: 3 0x80001c10 (0x0b9b9123) mem 0x800197f6 0x002d
core   0: 0x80001c14 (0xff052b23) sw      a6, -10(a0)
core   0: 3 0x80001c14 (0xff052b23) mem 0x8001a680 0x00009a9b
core   0: 0x80001c18 (0x08954083) lbu     ra, 137(a0)
core   0: 3 0x80001c18 (0x08954083) x 1 0x000000c8 mem 0x8001a713
core   0: 0x80001c1c (0xfe3ddf03) lhu     t5, -29(s11)
core   0: 3 0x80001c1c (0xfe3ddf03) x30 0x0000a0a1 mem 0x80024bea
core   0: 0x80001c20 (0x0e7bc383) lbu     t2, 231(s7)
core   0: 3 0x80001c20 (0x0e7bc383) x 7 0x000000f0 mem 0x8001983b
core   0: 0x80001c24 (0x0d6bd083) lhu     ra, 214(s7)
core   0: 3 0x80001c24 (0x0d6bd083) x 1 0x0000e0e1 mem 0x8001982a
core   0: 0x80001c28 (0xd9df8a83) lb      s5, -611(t6)
core   0: 3 0x80001c28 (0xd9df8a83) x21 0xffffffec mem 0x8001f637
core   0: 0x80001c2c (0x0e550da3) sb      t0, 251(a0)
core   0: 3 0x80001c2c (0x0e550da3) mem 0x8001a785 0x94
core   0: 0x80001c30 (0x00964e83) lbu     t4, 9(a2)
core   0: 3 0x80001c30 (0x00964e83) x29 0x0000009c mem 0x80023ae7
core   0: 0x80001c34 (0xf7f51523) sh      t6, -150(a0)
core   0: 3 0x80001c34 (0xf7f51523) mem 0x8001a5f4 0xf89a
core   0: 0x80001c38 (0x00b64d03) lbu     s10, 11(a2)
core   0: 3 0x80001c38 (0x00b64d03) x26 0x000000a2 mem 0x80023ae9
core   0: 0x80001c3c (0xff1d8423) sb      a7, -24(s11)
core   0: 3 0x80001c3c (0xff1d8423) mem 0x80024bef 0xea
core   0: 0x80001c40 (0xfa951b23) sh      s1, -74(a0)
core   0: 3 0x80001c40 (0xfa951b23) mem 0x8001a640 0xffe8
core   0: 0x80001c44 (0xfe060ca3) sb      zero, -7(a2)
core   0: 3 0x80001c44 (0xfe060ca3) mem 0x80023ad7 0x0
core   0: 0x80001c48 (0x031d8a23) sb      a7, 52(s11)
core   0: 3 0x80001c48 (0x031d8a23) mem 0x80024c3b 0xea
core   0: 0x80001c4c (0x1c1fce03) lbu     t3, 449(t6)
core   0: 3 0x80001c4c (0x1c1fce03) x28 0x00000010 mem 0x8001fa5b
core   0: 0x80001c50 (0xffb64f03) lbu     t5, -5(a2)
core   0: 3 0x80001c50 (0xffb64f03) x30 0x00000092 mem 0x80023ad9
core   0: 0x80001c54 (0x86ff9023) sh      a5, -1952(t6)
core   0: 3 0x80001c54 (0x86ff9023) mem 0x8001f0fa 0x002a
core   0: 0x80001c58 (0xf9350723) sb      s3, -114(a0)
core   0: 3 0x80001c58 (0xf9350723) mem 0x8001a618 0x64
core   0: 0x80001c5c (0xfa1b8703) lb      a4, -95(s7)
core   0: 3 0x80001c5c (0xfa1b8703) x14 0xffffffae mem 0x800196f5
core   0: 0x80001c60 (0xb54fd003) lhu     zero, -1196(t6)
core   0: 3 0x80001c60 (0xb54fd003) mem 0x8001f3ee
core   0: 0x80001c64 (0x005602a3) sb      t0, 5(a2)
core   0: 3 0x80001c64 (0x005602a3) mem 0x80023ae3 0x94
core   0: 0x80001c68 (0x00dda2a3) sw      a3, 5(s11)
core   0: 3 0x80001c68 (0x00dda2a3) mem 0x80024c0c 0x80000000
core   0: 0x80001c6c (0x00017717) auipc   a4, 0x17
core   0: 3 0x80001c6c (0x00017717) x14 0x80018c6c
core   0: 0x80001c70 (0x63870713) addi    a4, a4, 1592
core   0: 3 0x80001c70 (0x63870713) x14 0x800192a4
core   0: 0x80001c74 (0xd5370203) lb      tp, -685(a4)
core   0: 3 0x80001c74 (0xd5370203) x 4 0xffffffac mem 0x80018ff7
core   0: 0x80001c78 (0xce770403) lb      s0, -793(a4)
core   0: 3 0x80001c78 (0xce770403) x 8 0x00000040 mem 0x80018f8b
core   0: 0x80001c7c (0x40b70523) sb      a1, 1034(a4)
core   0: 3 0x80001c7c (0x40b70523) mem 0x800196ae 0x95
core   0: 0x80001c80 (0x410e8533) sub     a0, t4, a6
core   0: 3 0x80001c80 (0x410e8533) x10 0xffff6601
core   0: 0x80001c84 (0xddc71383) lh      t2, -548(a4)
core   0: 3 0x80001c84 (0xddc71383) x 7 0x00003a3b mem 0x80019080
core   0: 0x80001c88 (0x0242cc17) auipc   s8, 0x242c
core   0: 3 0x80001c88 (0x0242cc17) x24 0x8242dc88
core   0: 0x80001c8c (0x3b370da3) sb      s3, 955(a4)
core   0: 3 0x80001c8c (0x3b370da3) mem 0x8001965f 0x64
core   0: 0x80001c90 (0x00f70803) lb      a6, 15(a4)
core   0: 3 0x80001c90 (0x00f70803) x16 0x00000068 mem 0x800192b3
core   0: 0x80001c94 (0xce970583) lb      a1, -791(a4)
core   0: 3 0x80001c94 (0xce970583) x11 0x00000046 mem 0x80018f8d
core   0: 0x80001c98 (0x2ad70583) lb      a1, 685(a4)
core   0: 3 0x80001c98 (0x2ad70583) x11 0x0000000a mem 0x80019551
core   0: 0x80001c9c (0x07d74383) lbu     t2, 125(a4)
core   0: 3 0x80001c9c (0x07d74383) x 7 0x000000da mem 0x80019321
core   0: 0x80001ca0 (0x69275283) lhu     t0, 1682(a4)
core   0: 3 0x80001ca0 (0x69275283) x 5 0x0000eced mem 0x80019936
core   0: 0x80001ca4 (0xa6b70483) lb      s1, -1429(a4)
core   0: 3 0x80001ca4 (0xa6b70483) x 9 0xffffffc4 mem 0x80018d0f
core   0: 0x80001ca8 (0xb43709a3) sb      gp, -1197(a4)
core   0: 3 0x80001ca8 (0xb43709a3) mem 0x80018df7 0xe4
core   0: 0x80001cac (0x002de433) or      s0, s11, sp
core   0: 3 0x80001cac (0x002de433) x 8 0x8002ece7
core   0: 0x80001cb0 (0x011b6b33) or      s6, s6, a7
core   0: 3 0x80001cb0 (0x011b6b33) x22 0x000000fa
core   0: 0x80001cb4 (0x85cdb293) sltiu   t0, s11, -1956
core   0: 3 0x80001cb4 (0x85cdb293) x 5 0x00000001
core   0: 0x80001cb8 (0x4093d3b3) sra     t2, t2, s1
core   0: 3 0x80001cb8 (0x4093d3b3) x 7 0x0000000d
core   0: 0x80001cbc (0xe05a0393) addi    t2, s4, -507
core   0: 3 0x80001cbc (0xe05a0393) x 7 0xfffffe80
core   0: 0x80001cc0 (0x01d7b633) sltu    a2, a5, t4
core   0: 3 0x80001cc0 (0x01d7b633) x12 0x00000001
core   0: 0x80001cc4 (0xe9f70583) lb      a1, -353(a4)
core   0: 3 0x80001cc4 (0xe9f70583) x11 0xfffffff8 mem 0x80019143
core   0: 0x80001cc8 (0x062704a3) sb      sp, 105(a4)
core   0: 3 0x80001cc8 (0x062704a3) mem 0x8001930d 0xe4
core   0: 0x80001ccc (0x0000100f) fence.i
core   0: 3 0x80001ccc (0x0000100f)
core   0: 0x80001cd0 (0x00cc87b3) add     a5, s9, a2
core   0: 3 0x80001cd0 (0x00cc87b3) x15 0x0000002e
core   0: 0x80001cd4 (0x41905ab3) sra     s5, zero, s9
core   0: 3 0x80001cd4 (0x41905ab3) x21 0x00000000
core   0: 0x80001cd8 (0x4a974003) lbu     zero, 1193(a4)
core   0: 3 0x80001cd8 (0x4a974003) mem 0x8001974d
core   0: 0x80001cdc (0xd5071283) lh      t0, -688(a4)
core   0: 3 0x80001cdc (0xd5071283) x 5 0xffffaeaf mem 0x80018ff4
core   0: 0x80001ce0 (0x4972f193) andi    gp, t0, 1175
core   0: 3 0x80001ce0 (0x4972f193) x 3 0x00000487
core   0: 0x80001ce4 (0x2dd709a3) sb      t4, 723(a4)
core   0: 3 0x80001ce4 (0x2dd709a3) mem 0x80019577 0x9c
core   0: 0x80001ce8 (0x8ef70823) sb      a5, -1808(a4)
core   0: 3 0x80001ce8 (0x8ef70823) mem 0x80018b94 0x2e
core   0: 0x80001cec (0x84357b37) lui     s6, 0x84357
core   0: 3 0x80001cec (0x84357b37) x22 0x84357000
core   0: 0x80001cf0 (0xe2898613) addi    a2, s3, -472
core   0: 3 0x80001cf0 (0xe2898613) x12 0x8002ac8c
core   0: 0x80001cf4 (0x16006ab7) lui     s5, 0x16006
core   0: 3 0x80001cf4 (0x16006ab7) x21 0x16006000
core   0: 0x80001cf8 (0xcba77313) andi    t1, a4, -838
core   0: 3 0x80001cf8 (0xcba77313) x 6 0x800190a0
core   0: 0x80001cfc (0xb7472c03) lw      s8, -1164(a4)
core   0: 3 0x80001cfc (0xb7472c03) x24 0xd0d1d2d3 mem 0x80018e18
core   0: 0x80001d00 (0x00c2da13) srli    s4, t0, 12
core   0: 3 0x80001d00 (0x00c2da13) x20 0x000ffffa
core   0: 0x80001d04 (0x55670ea3) sb      s6, 1373(a4)
core   0: 3 0x80001d04 (0x55670ea3) mem 0x80019801 0x0
core   0: 0x80001d08 (0x00ba9a33) sll     s4, s5, a1
core   0: 3 0x80001d08 (0x00ba9a33) x20 0x00000000
core   0: 0x80001d0c (0x0defc513) xori    a0, t6, 222
core   0: 3 0x80001d0c (0x0defc513) x10 0x8001f844
core   0: 0x80001d10 (0x30c70323) sb      a2, 774(a4)
core   0: 3 0x80001d10 (0x30c70323) mem 0x800195aa 0x8c
core   0: 0x80001d14 (0x40a60db3) sub     s11, a2, a0
core   0: 3 0x80001d14 (0x40a60db3) x27 0x0000b448
core   0: 0x80001d18 (0xc7b70183) lb      gp, -901(a4)
core   0: 3 0x80001d18 (0xc7b70183) x 3 0xffffffd4 mem 0x80018f1f
core   0: 0x80001d1c (0x0c82de97) auipc   t4, 0xc82d
core   0: 3 0x80001d1c (0x0c82de97) x29 0x8c82ed1c
core   0: 0x80001d20 (0x10374e83) lbu     t4, 259(a4)
core   0: 3 0x80001d20 (0x10374e83) x29 0x0000005c mem 0x800193a7
core   0: 0x80001d24 (0x4c770503) lb      a0, 1223(a4)
core   0: 3 0x80001d24 (0x4c770503) x10 0x00000020 mem 0x8001976b
core   0: 0x80001d28 (0x00dbbd33) sltu    s10, s7, a3
core   0: 3 0x80001d28 (0x00dbbd33) x26 0x00000000
core   0: 0x80001d2c (0x47622c13) slti    s8, tp, 1142
core   0: 3 0x80001d2c (0x47622c13) x24 0x00000001
core   0: 0x80001d30 (0x014dd2b3) srl     t0, s11, s4
core   0: 3 0x80001d30 (0x014dd2b3) x 5 0x0000b448
core   0: 0x80001d34 (0x0113d793) srli    a5, t2, 17
core   0: 3 0x80001d34 (0x0113d793) x15 0x00007fff
core   0: 0x80001d38 (0x1f170903) lb      s2, 497(a4)
core   0: 3 0x80001d38 (0x1f170903) x18 0x0000004e mem 0x80019495
core   0: 0x80001d3c (0x0001f097) auipc   ra, 0x1f
core   0: 3 0x80001d3c (0x0001f097) x 1 0x80020d3c
core   0: 0x80001d40 (0x11a08093) addi    ra, ra, 282
core   0: 3 0x80001d40 (0x11a08093) x 1 0x80020e56
core   0: 0x80001d44 (0x03a08fa3) sb      s10, 63(ra)
core   0: 3 0x80001d44 (0x03a08fa3) mem 0x80020e95 0x0
core   0: 0x80001d48 (0x00014d17) auipc   s10, 0x14
core   0: 3 0x80001d48 (0x00014d17) x26 0x80015d48
core   0: 0x80001d4c (0xbc6d0d13) addi    s10, s10, -1082
core   0: 3 0x80001d4c (0xbc6d0d13) x26 0x8001590e
core   0: 0x80001d50 (0x01408d23) sb      s4, 26(ra)
core   0: 3 0x80001d50 (0x01408d23) mem 0x80020e70 0x0
core   0: 0x80001d54 (0xdd6d0f23) sb      s6, -546(s10)
core   0: 3 0x80001d54 (0xdd6d0f23) mem 0x800156ec 0x0
core   0: 0x80001d58 (0xff3d0903) lb      s2, -13(s10)
core   0: 3 0x80001d58 (0xff3d0903) x18 0xffffffba mem 0x80015901
core   0: 0x80001d5c (0x02708483) lb      s1, 39(ra)
core   0: 3 0x80001d5c (0x02708483) x 9 0x00000036 mem 0x80020e7d
core   0: 0x80001d60 (0xfd609c23) sh      s6, -40(ra)
core   0: 3 0x80001d60 (0xfd609c23) mem 0x80020e2e 0x7000
core   0: 0x80001d64 (0x03d0cf03) lbu     t5, 61(ra)
core   0: 3 0x80001d64 (0x03d0cf03) x30 0x000000a4 mem 0x80020e93
core   0: 0x80001d68 (0x1c4d1723) sh      tp, 462(s10)
core   0: 3 0x80001d68 (0x1c4d1723) mem 0x80015adc 0xffac
core   0: 0x80001d6c (0xfd209a23) sh      s2, -44(ra)
core   0: 3 0x80001d6c (0xfd209a23) mem 0x80020e2a 0xffba
core   0: 0x80001d70 (0x4f7d4583) lbu     a1, 1271(s10)
core   0: 3 0x80001d70 (0x4f7d4583) x11 0x000000be mem 0x80015e05
core   0: 0x80001d74 (0x0190cb03) lbu     s6, 25(ra)
core   0: 3 0x80001d74 (0x0190cb03) x22 0x00000064 mem 0x80020e6f
core   0: 0x80001d78 (0xea6d1623) sh      t1, -340(s10)
core   0: 3 0x80001d78 (0xea6d1623) mem 0x800157ba 0x90a0
core   0: 0x80001d7c (0x830d1583) lh      a1, -2000(s10)
core   0: 3 0x80001d7c (0x830d1583) x11 0xfffff4f5 mem 0x8001513e
core   0: 0x80001d80 (0xfe009203) lh      tp, -32(ra)
core   0: 3 0x80001d80 (0xfe009203) x 4 0xffffeced mem 0x80020e36
core   0: 0x80001d84 (0x3dad5b83) lhu     s7, 986(s10)
core   0: 3 0x80001d84 (0x3dad5b83) x23 0x0000a2a3 mem 0x80015ce8
core   0: 0x80001d88 (0x0001b817) auipc   a6, 0x1b
core   0: 3 0x80001d88 (0x0001b817) x16 0x8001cd88
core   0: 0x80001d8c (0xbe480813) addi    a6, a6, -1052
core   0: 3 0x80001d8c (0xbe480813) x16 0x8001c96c
core   0: 0x80001d90 (0x2936c793) xori    a5, a3, 659
core   0: 3 0x80001d90 (0x2936c793) x15 0x80000293
core   0: 0x80001d94 (0x00a1f1b3) and     gp, gp, a0
core   0: 3 0x80001d94 (0x00a1f1b3) x 3 0x00000000
core   0: 0x80001d98 (0x2e3f1797) auipc   a5, 0x2e3f1
core   0: 3 0x80001d98 (0x2e3f1797) x15 0xae3f2d98
core   0: 0x80001d9c (0xfff80da3) sb      t6, -5(a6)
core   0: 3 0x80001d9c (0xfff80da3) mem 0x8001c967 0x9a
core   0: 0x80001da0 (0xfe184303) lbu     t1, -31(a6)
core   0: 3 0x80001da0 (0xfe184303) x 6 0x00000006 mem 0x8001c94d
core   0: 0x80001da4 (0x01082903) lw      s2, 16(a6)
core   0: 3 0x80001da4 (0x01082903) x18 0x34353637 mem 0x8001c97c
core   0: 0x80001da8 (0xc331cc13) xori    s8, gp, -973
core   0: 3 0x80001da8 (0xc331cc13) x24 0xfffffc33
core   0: 0x80001dac (0x002dfbb3) and     s7, s11, sp
core   0: 3 0x80001dac (0x002dfbb3) x23 0x0000a440
core   0: 0x80001db0 (0x8f338793) addi    a5, t2, -1805
core   0: 3 0x80001db0 (0x8f338793) x15 0xfffff773
core   0: 0x80001db4 (0x00eaa333) slt     t1, s5, a4
core   0: 3 0x80001db4 (0x00eaa333) x 6 0x00000000
core   0: 0x80001db8 (0xfea805a3) sb      a0, -21(a6)
core   0: 3 0x80001db8 (0xfea805a3) mem 0x8001c957 0x20
core   0: 0x80001dbc (0x5c177897) auipc   a7, 0x5c177
core   0: 3 0x80001dbc (0x5c177897) x17 0xdc178dbc
core   0: 0x80001dc0 (0x019e0d33) add     s10, t3, s9
core   0: 3 0x80001dc0 (0x019e0d33) x26 0x0000003d
core   0: 0x80001dc4 (0x525f7913) andi    s2, t5, 1317
core   0: 3 0x80001dc4 (0x525f7913) x18 0x00000024
core   0: 0x80001dc8 (0xfce84e83) lbu     t4, -50(a6)
core   0: 3 0x80001dc8 (0xfce84e83) x29 0x000000f1 mem 0x8001c93a
core   0: 0x80001dcc (0xff980783) lb      a5, -7(a6)
core   0: 3 0x80001dcc (0xff980783) x15 0x0000001e mem 0x8001c965
core   0: 0x80001dd0 (0xfd081c23) sh      a6, -40(a6)
core   0: 3 0x80001dd0 (0xfd081c23) mem 0x8001c944 0xc96c
core   0: 0x80001dd4 (0x00255513) srli    a0, a0, 2
core   0: 3 0x80001dd4 (0x00255513) x10 0x00000008
core   0: 0x80001dd8 (0x016f9c93) slli    s9, t6, 22
core   0: 3 0x80001dd8 (0x016f9c93) x25 0x26800000
core   0: 0x80001ddc (0x08209317) auipc   t1, 0x8209
core   0: 3 0x80001ddc (0x08209317) x 6 0x8820addc
core   0: 0x80001de0 (0xd51d3d93) sltiu   s11, s10, -687
core   0: 3 0x80001de0 (0xd51d3d93) x27 0x00000001
core   0: 0x80001de4 (0xdb107e93) andi    t4, zero, -591
core   0: 3 0x80001de4 (0xdb107e93) x29 0x00000000
core   0: 0x80001de8 (0x40bdd413) srai    s0, s11, 11
core   0: 3 0x80001de8 (0x40bdd413) x 8 0x00000000
core   0: 0x80001dec (0x01aaebb3) or      s7, s5, s10
core   0: 3 0x80001dec (0x01aaebb3) x23 0x1600603d
core   0: 0x80001df0 (0x953bd737) lui     a4, 0x953bd
core   0: 3 0x80001df0 (0x953bd737) x14 0x953bd000
core   0: 0x80001df4 (0x00d80d23) sb      a3, 26(a6)
core   0: 3 0x80001df4 (0x00d80d23) mem 0x8001c986 0x0
core   0: 0x80001df8 (0x00000013) nop
core   0: 3 0x80001df8 (0x00000013)
core   0: 0x80001dfc (0xfc485383) lhu     t2, -60(a6)
core   0: 3 0x80001dfc (0xfc485383) x 7 0x0000eaeb mem 0x8001c930
core   0: 0x80001e00 (0xff181b23) sh      a7, -10(a6)
core   0: 3 0x80001e00 (0xff181b23) mem 0x8001c962 0x8dbc
core   0: 0x80001e04 (0x68f98413) addi    s0, s3, 1679
core   0: 3 0x80001e04 (0x68f98413) x 8 0x8002b4f3
core   0: 0x80001e08 (0x03280d03) lb      s10, 50(a6)
core   0: 3 0x80001e08 (0x03280d03) x26 0x00000055 mem 0x8001c99e
core   0: 0x80001e0c (0x009f1933) sll     s2, t5, s1
core   0: 3 0x80001e0c (0x009f1933) x18 0x29000000
core   0: 0x80001e10 (0xff3800a3) sb      s3, -31(a6)
core   0: 3 0x80001e10 (0xff3800a3) mem 0x8001c94d 0x64
core   0: 0x80001e14 (0x00014b17) auipc   s6, 0x14
core   0: 3 0x80001e14 (0x00014b17) x22 0x80015e14
core   0: 0x80001e18 (0xb5eb0b13) addi    s6, s6, -1186
core   0: 3 0x80001e18 (0xb5eb0b13) x22 0x80015972
core   0: 0x80001e1c (0x00014397) auipc   t2, 0x14
core   0: 3 0x80001e1c (0x00014397) x 7 0x80015e1c
core   0: 0x80001e20 (0x22738393) addi    t2, t2, 551
core   0: 3 0x80001e20 (0x22738393) x 7 0x80016043
core   0: 0x80001e24 (0xff83c483) lbu     s1, -8(t2)
core   0: 3 0x80001e24 (0xff83c483) x 9 0x000000f0 mem 0x8001603b
core   0: 0x80001e28 (0xeafb4803) lbu     a6, -337(s6)
core   0: 3 0x80001e28 (0xeafb4803) x16 0x000000da mem 0x80015821
core   0: 0x80001e2c (0x00013c97) auipc   s9, 0x13
core   0: 3 0x80001e2c (0x00013c97) x25 0x80014e2c
core   0: 0x80001e30 (0x24fc8c93) addi    s9, s9, 591
core   0: 3 0x80001e30 (0x24fc8c93) x25 0x8001507b
core   0: 0x80001e34 (0xffb39fa3) sh      s11, -1(t2)
core   0: 3 0x80001e34 (0xffb39fa3) mem 0x80016042 0x0001
core   0: 0x80001e38 (0x00013d17) auipc   s10, 0x13
core   0: 3 0x80001e38 (0x00013d17) x26 0x80014e38
core   0: 0x80001e3c (0x262d0d13) addi    s10, s10, 610
core   0: 3 0x80001e3c (0x262d0d13) x26 0x8001509a
core   0: 0x80001e40 (0x004cc603) lbu     a2, 4(s9)
core   0: 3 0x80001e40 (0x004cc603) x12 0x00000034 mem 0x8001507f
core   0: 0x80001e44 (0x00013517) auipc   a0, 0x13
core   0: 3 0x80001e44 (0x00013517) x10 0x80014e44
core   0: 0x80001e48 (0x64150513) addi    a0, a0, 1601
core   0: 3 0x80001e48 (0x64150513) x10 0x80015485
core   0: 0x80001e4c (0x5c954783) lbu     a5, 1481(a0)
core   0: 3 0x80001e4c (0x5c954783) x15 0x00000005 mem 0x80015a4e
core   0: 0x80001e50 (0x0c1d0aa3) sb      ra, 213(s10)
core   0: 3 0x80001e50 (0x0c1d0aa3) mem 0x8001516f 0x56
core   0: 0x80001e54 (0x33c50283) lb      t0, 828(a0)
core   0: 3 0x80001e54 (0x33c50283) x 5 0x0000007a mem 0x800157c1
core   0: 0x80001e58 (0x17551403) lh      s0, 373(a0)
core   0: 3 0x80001e58 (0x17551403) x 8 0xffffb0b1 mem 0x800155fa
core   0: 0x80001e5c (0xa88b0903) lb      s2, -1400(s6)
core   0: 3 0x80001e5c (0xa88b0903) x18 0xffffffb1 mem 0x800153fa
core   0: 0x80001e60 (0x257d0ca3) sb      s7, 601(s10)
core   0: 3 0x80001e60 (0x257d0ca3) mem 0x800152f3 0x3d
core   0: 0x80001e64 (0xc4250023) sb      sp, -960(a0)
core   0: 3 0x80001e64 (0xc4250023) mem 0x800150c5 0xe4
core   0: 0x80001e68 (0xfebcd283) lhu     t0, -21(s9)
core   0: 3 0x80001e68 (0xfebcd283) x 5 0x00001c1d mem 0x80015066
core   0: 0x80001e6c (0xfdbcc883) lbu     a7, -37(s9)
core   0: 3 0x80001e6c (0xfdbcc883) x17 0x0000000d mem 0x80015056
core   0: 0x80001e70 (0x14db4c03) lbu     s8, 333(s6)
core   0: 3 0x80001e70 (0x14db4c03) x24 0x00000074 mem 0x80015abf
core   0: 0x80001e74 (0x024cca83) lbu     s5, 36(s9)
core   0: 3 0x80001e74 (0x024cca83) x21 0x00000054 mem 0x8001509f
core   0: 0x80001e78 (0xcb9b0883) lb      a7, -839(s6)
core   0: 3 0x80001e78 (0xcb9b0883) x17 0xffffffe0 mem 0x8001562b
core   0: 0x80001e7c (0x009ca8a3) sw      s1, 17(s9)
core   0: 3 0x80001e7c (0x009ca8a3) mem 0x8001508c 0x000000f0
core   0: 0x80001e80 (0xd14b5903) lhu     s2, -748(s6)
core   0: 3 0x80001e80 (0xd14b5903) x18 0x00003c3d mem 0x80015686
core   0: 0x80001e84 (0x00138023) sb      ra, 0(t2)
core   0: 3 0x80001e84 (0x00138023) mem 0x80016043 0x56
core   0: 0x80001e88 (0x2fb51c03) lh      s8, 763(a0)
core   0: 3 0x80001e88 (0x2fb51c03) x24 0x00003a3b mem 0x80015780
core   0: 0x80001e8c (0xfd8cc303) lbu     t1, -40(s9)
core   0: 3 0x80001e8c (0xfd8cc303) x 6 0x00000008 mem 0x80015053
core   0: 0x80001e90 (0x0fbd0b83) lb      s7, 251(s10)
core   0: 3 0x80001e90 (0x0fbd0b83) x23 0x0000004e mem 0x80015195
core   0: 0x80001e94 (0x2dbd0183) lb      gp, 731(s10)
core   0: 3 0x80001e94 (0x2dbd0183) x 3 0x0000002e mem 0x80015375
core   0: 0x80001e98 (0x01ec8723) sb      t5, 14(s9)
core   0: 3 0x80001e98 (0x01ec8723) mem 0x80015089 0xa4
core   0: 0x80001e9c (0x461b0ea3) sb      ra, 1149(s6)
core   0: 3 0x80001e9c (0x461b0ea3) mem 0x80015def 0x56
core   0: 0x80001ea0 (0xdffb4483) lbu     s1, -513(s6)
core   0: 3 0x80001ea0 (0xdffb4483) x 9 0x0000002a mem 0x80015771
core   0: 0x80001ea4 (0x7bed2b83) lw      s7, 1982(s10)
core   0: 3 0x80001ea4 (0x7bed2b83) x23 0x10111213 mem 0x80015858
core   0: 0x80001ea8 (0xd5850003) lb      zero, -680(a0)
core   0: 3 0x80001ea8 (0xd5850003) mem 0x800151dd
core   0: 0x80001eac (0x00339583) lh      a1, 3(t2)
core   0: 3 0x80001eac (0x00339583) x11 0xfffffcfd mem 0x80016046
core   0: 0x80001eb0 (0x038c8423) sb      s8, 40(s9)
core   0: 3 0x80001eb0 (0x038c8423) mem 0x800150a3 0x3b
core   0: 0x80001eb4 (0xff938003) lb      zero, -7(t2)
core   0: 3 0x80001eb4 (0xff938003) mem 0x8001603c
core   0: 0x80001eb8 (0x03dc8ca3) sb      t4, 57(s9)
core   0: 3 0x80001eb8 (0x03dc8ca3) mem 0x800150b4 0x0
core   0: 0x80001ebc (0x01538223) sb      s5, 4(t2)
core   0: 3 0x80001ebc (0x01538223) mem 0x80016047 0x54
core   0: 0x80001ec0 (0xb55b0aa3) sb      s5, -1195(s6)
core   0: 3 0x80001ec0 (0xb55b0aa3) mem 0x800154c7 0x54
core   0: 0x80001ec4 (0xff23ce03) lbu     t3, -14(t2)
core   0: 3 0x80001ec4 (0xff23ce03) x28 0x000000ee mem 0x80016035
core   0: 0x80001ec8 (0xd28508a3) sb      s0, -719(a0)
core   0: 3 0x80001ec8 (0xd28508a3) mem 0x800151b6 0xb1
core   0: 0x80001ecc (0x02fc8783) lb      a5, 47(s9)
core   0: 3 0x80001ecc (0x02fc8783) x15 0xffffffe6 mem 0x800150aa
core   0: 0x80001ed0 (0xc21b0ea3) sb      ra, -963(s6)
core   0: 3 0x80001ed0 (0xc21b0ea3) mem 0x800155af 0x56
core   0: 0x80001ed4 (0x76ad5183) lhu     gp, 1898(s10)
core   0: 3 0x80001ed4 (0x76ad5183) x 3 0x0000bebf mem 0x80015804
core   0: 0x80001ed8 (0x0001b497) auipc   s1, 0x1b
core   0: 3 0x80001ed8 (0x0001b497) x 9 0x8001ced8
core   0: 0x80001edc (0x2b548493) addi    s1, s1, 693
core   0: 3 0x80001edc (0x2b548493) x 9 0x8001d18d
core   0: 0x80001ee0 (0xbead8817) auipc   a6, 0xbead8
core   0: 3 0x80001ee0 (0xbead8817) x16 0x3ead9ee0
core   0: 0x80001ee4 (0x0381a837) lui     a6, 0x381a
core   0: 3 0x80001ee4 (0x0381a837) x16 0x0381a000
core   0: 0x80001ee8 (0x0054d003) lhu     zero, 5(s1)
core   0: 3 0x80001ee8 (0x0054d003) mem 0x8001d192
core   0: 0x80001eec (0x009afbb3) and     s7, s5, s1
core   0: 3 0x80001eec (0x009afbb3) x23 0x00000004
core   0: 0x80001ef0 (0xfd948223) sb      s9, -60(s1)
core   0: 3 0x80001ef0 (0xfd948223) mem 0x8001d151 0x7b
core   0: 0x80001ef4 (0xfc84c383) lbu     t2, -56(s1)
core   0: 3 0x80001ef4 (0xfc84c383) x 7 0x0000000e mem 0x8001d155
core   0: 0x80001ef8 (0x0038b0b3) sltu    ra, a7, gp
core   0: 3 0x80001ef8 (0x0038b0b3) x 1 0x00000000
core   0: 0x80001efc (0xfdd4d403) lhu     s0, -35(s1)
core   0: 3 0x80001efc (0xfdd4d403) x 8 0x00002021 mem 0x8001d16a
core   0: 0x80001f00 (0xfd14a3a3) sw      a7, -57(s1)
core   0: 3 0x80001f00 (0xfd14a3a3) mem 0x8001d154 0xffffffe0
core   0: 0x80001f04 (0xff7499a3) sh      s7, -13(s1)
core   0: 3 0x80001f04 (0xff7499a3) mem 0x8001d180 0x0004
core   0: 0x80001f08 (0x00f0b633) sltu    a2, ra, a5
core   0: 3 0x80001f08 (0x00f0b633) x12 0x00000001
core   0: 0x80001f0c (0x00337f33) and     t5, t1, gp
core   0: 3 0x80001f0c (0x00337f33) x30 0x00000008
core   0: 0x80001f10 (0xfdb4afa3) sw      s11, -33(s1)
core   0: 3 0x80001f10 (0xfdb4afa3) mem 0x8001d16c 0x00000001
core   0: 0x80001f14 (0xfc548c23) sb      t0, -40(s1)
core   0: 3 0x80001f14 (0xfc548c23) mem 0x8001d165 0x1d
core   0: 0x80001f18 (0x01c4c603) lbu     a2, 28(s1)
core   0: 3 0x80001f18 (0x01c4c603) x12 0x00000062 mem 0x8001d1a9
core   0: 0x80001f1c (0x01f48123) sb      t6, 2(s1)
core   0: 3 0x80001f1c (0x01f48123) mem 0x8001d18f 0x9a
core   0: 0x80001f20 (0x00448383) lb      t2, 4(s1)
core   0: 3 0x80001f20 (0x00448383) x 7 0x0000004a mem 0x8001d191
core   0: 0x80001f24 (0x40ae01b3) sub     gp, t3, a0
core   0: 3 0x80001f24 (0x40ae01b3) x 3 0x7ffeac69
core   0: 0x80001f28 (0x802f6b13) ori     s6, t5, -2046
core   0: 3 0x80001f28 (0x802f6b13) x22 0xfffff80a
core   0: 0x80001f2c (0x00749a03) lh      s4, 7(s1)
core   0: 3 0x80001f2c (0x00749a03) x20 0x00004e4f mem 0x8001d194
core   0: 0x80001f30 (0x27ef0437) lui     s0, 0x27ef0
core   0: 3 0x80001f30 (0x27ef0437) x 8 0x27ef0000
core   0: 0x80001f34 (0x00668e33) add     t3, a3, t1
core   0: 3 0x80001f34 (0x00668e33) x28 0x80000008
core   0: 0x80001f38 (0x03c4c003) lbu     zero, 60(s1)
core   0: 3 0x80001f38 (0x03c4c003) mem 0x8001d1c9
core   0: 0x80001f3c (0x02a48d23) sb      a0, 58(s1)
core   0: 3 0x80001f3c (0x02a48d23) mem 0x8001d1c7 0x85
core   0: 0x80001f40 (0xfca4c303) lbu     t1, -54(s1)
core   0: 3 0x80001f40 (0xfca4c303) x 6 0x000000ff mem 0x8001d157
core   0: 0x80001f44 (0x00021517) auipc   a0, 0x21
core   0: 3 0x80001f44 (0x00021517) x10 0x80022f44
core   0: 0x80001f48 (0x03f50513) addi    a0, a0, 63
core   0: 3 0x80001f48 (0x03f50513) x10 0x80022f83
core   0: 0x80001f4c (0x1774d497) auipc   s1, 0x1774d
core   0: 3 0x80001f4c (0x1774d497) x 9 0x9774ef4c
core   0: 0x80001f50 (0x01887733) and     a4, a6, s8
core   0: 3 0x80001f50 (0x01887733) x14 0x00002000
core   0: 0x80001f54 (0xff650083) lb      ra, -10(a0)
core   0: 3 0x80001f54 (0xff650083) x 1 0x00000032 mem 0x80022f79
core   0: 0x80001f58 (0xffb54303) lbu     t1, -5(a0)
core   0: 3 0x80001f58 (0xffb54303) x 6 0x00000035 mem 0x80022f7e
core   0: 0x80001f5c (0x19156937) lui     s2, 0x19156
core   0: 3 0x80001f5c (0x19156937) x18 0x19156000
core   0: 0x80001f60 (0xff150583) lb      a1, -15(a0)
core   0: 3 0x80001f60 (0xff150583) x11 0x0000002f mem 0x80022f74
core   0: 0x80001f64 (0x00450823) sb      tp, 16(a0)
core   0: 3 0x80001f64 (0x00450823) mem 0x80022f93 0xed
core   0: 0x80001f68 (0xff551183) lh      gp, -11(a0)
core   0: 3 0x80001f68 (0xff551183) x 3 0x00003233 mem 0x80022f78
core   0: 0x80001f6c (0x00551c83) lh      s9, 5(a0)
core   0: 3 0x80001f6c (0x00551c83) x25 0x00004243 mem 0x80022f88
core   0: 0x80001f70 (0x402e0bb3) sub     s7, t3, sp
core   0: 3 0x80001f70 (0x402e0bb3) x23 0xfffd1324
core   0: 0x80001f74 (0x00951a03) lh      s4, 9(a0)
core   0: 3 0x80001f74 (0x00951a03) x20 0x00004647 mem 0x80022f8c
core   0: 0x80001f78 (0x00254903) lbu     s2, 2(a0)
core   0: 3 0x80001f78 (0x00254903) x18 0x0000003e mem 0x80022f85
core   0: 0x80001f7c (0xff151c03) lh      s8, -15(a0)
core   0: 3 0x80001f7c (0xff151c03) x24 0x00002e2f mem 0x80022f74
core   0: 0x80001f80 (0x65d43893) sltiu   a7, s0, 1629
core   0: 3 0x80001f80 (0x65d43893) x17 0x00000000
core   0: 0x80001f84 (0x0ff0000f) fence   iorw,iorw
core   0: 3 0x80001f84 (0x0ff0000f)
core   0: 0x80001f88 (0x00c50f83) lb      t6, 12(a0)
core   0: 3 0x80001f88 (0x00c50f83) x31 0x00000044 mem 0x80022f8f
core   0: 0x80001f8c (0x00d55003) lhu     zero, 13(a0)
core   0: 3 0x80001f8c (0x00d55003) mem 0x80022f90
core   0: 0x80001f90 (0x0036b2b3) sltu    t0, a3, gp
core   0: 3 0x80001f90 (0x0036b2b3) x 5 0x00000000
core   0: 0x80001f94 (0xff950ba3) sb      s9, -9(a0)
core   0: 3 0x80001f94 (0xff950ba3) mem 0x80022f7a 0x43
core   0: 0x80001f98 (0x00e107b3) add     a5, sp, a4
core   0: 3 0x80001f98 (0x00e107b3) x15 0x80030ce4
core   0: 0x80001f9c (0x61cf57b7) lui     a5, 0x61cf5
core   0: 3 0x80001f9c (0x61cf57b7) x15 0x61cf5000
core   0: 0x80001fa0 (0x0ff0000f) fence   iorw,iorw
core   0: 3 0x80001fa0 (0x0ff0000f)
core   0: 0x80001fa4 (0x6698afb7) lui     t6, 0x6698a
core   0: 3 0x80001fa4 (0x6698afb7) x31 0x6698a000
core   0: 0x80001fa8 (0x01054803) lbu     a6, 16(a0)
core   0: 3 0x80001fa8 (0x01054803) x16 0x000000ed mem 0x80022f93
core   0: 0x80001fac (0xff254283) lbu     t0, -14(a0)
core   0: 3 0x80001fac (0xff254283) x 5 0x0000002e mem 0x80022f75
core   0: 0x80001fb0 (0x00351283) lh      t0, 3(a0)
core   0: 3 0x80001fb0 (0x00351283) x 5 0x00003c3d mem 0x80022f86
core   0: 0x80001fb4 (0x00000013) nop
core   0: 3 0x80001fb4 (0x00000013)
core   0: 0x80001fb8 (0x00552b83) lw      s7, 5(a0)
core   0: 3 0x80001fb8 (0x00552b83) x23 0x40414243 mem 0x80022f88
core   0: 0x80001fbc (0xffc50b23) sb      t3, -10(a0)
core   0: 3 0x80001fbc (0xffc50b23) mem 0x80022f79 0x8
core   0: 0x80001fc0 (0x00cb7db3) and     s11, s6, a2
core   0: 3 0x80001fc0 (0x00cb7db3) x27 0x00000002
core   0: 0x80001fc4 (0x01a9a333) slt     t1, s3, s10
core   0: 3 0x80001fc4 (0x01a9a333) x 6 0x00000000
core   0: 0x80001fc8 (0xffd50e23) sb      t4, -4(a0)
core   0: 3 0x80001fc8 (0xffd50e23) mem 0x80022f7f 0x0
core   0: 0x80001fcc (0x03548893) addi    a7, s1, 53
core   0: 3 0x80001fcc (0x03548893) x17 0x9774ef81
core   0: 0x80001fd0 (0xffb55703) lhu     a4, -5(a0)
core   0: 3 0x80001fd0 (0xffb55703) x14 0x00000035 mem 0x80022f7e
core   0: 0x80001fd4 (0x00e50623) sb      a4, 12(a0)
core   0: 3 0x80001fd4 (0x00e50623) mem 0x80022f8f 0x35
core   0: 0x80001fd8 (0xffe50283) lb      t0, -2(a0)
core   0: 3 0x80001fd8 (0xffe50283) x 5 0x0000003a mem 0x80022f81
core   0: 0x80001fdc (0xff654003) lbu     zero, -10(a0)
core   0: 3 0x80001fdc (0xff654003) mem 0x80022f79
core   0: 0x80001fe0 (0x0001f417) auipc   s0, 0x1f
core   0: 3 0x80001fe0 (0x0001f417) x 8 0x80020fe0
core   0: 0x80001fe4 (0x3b140413) addi    s0, s0, 945
core   0: 3 0x80001fe4 (0x3b140413) x 8 0x80021391
core   0: 0x80001fe8 (0x0117df33) srl     t5, a5, a7
core   0: 3 0x80001fe8 (0x0117df33) x30 0x30e7a800
core   0: 0x80001fec (0x41d10033) sub     zero, sp, t4
core   0: 3 0x80001fec (0x41d10033)
core   0: 0x80001ff0 (0x8d854013) xori    zero, a0, -1832
core   0: 3 0x80001ff0 (0x8d854013)
core   0: 0x80001ff4 (0x04444583) lbu     a1, 68(s0)
core   0: 3 0x80001ff4 (0x04444583) x11 0x0000008e mem 0x800213d5
core   0: 0x80001ff8 (0x40dfde93) srai    t4, t6, 13
core   0: 3 0x80001ff8 (0x40dfde93) x29 0x000334c5
core   0: 0x80001ffc (0x7e6f4393) xori    t2, t5, 2022
core   0: 3 0x80001ffc (0x7e6f4393) x 7 0x30e7afe6
core   0: 0x80002000 (0x5f882b93) slti    s7, a6, 1528
core   0: 3 0x80002000 (0x5f882b93) x23 0x00000001
core   0: 0x80002004 (0x0142ccb3) xor     s9, t0, s4
core   0: 3 0x80002004 (0x0142ccb3) x25 0x0000467d
core   0: 0x80002008 (0x0eb40123) sb      a1, 226(s0)
core   0: 3 0x80002008 (0x0eb40123) mem 0x80021473 0x8e
core   0: 0x8000200c (0x05f40423) sb      t6, 72(s0)
core   0: 3 0x8000200c (0x05f40423) mem 0x800213d9 0x0
core   0: 0x80002010 (0x6e6a0893) addi    a7, s4, 1766
core   0: 3 0x80002010 (0x6e6a0893) x17 0x00004d2d
core   0: 0x80002014 (0x06044483) lbu     s1, 96(s0)
core   0: 3 0x80002014 (0x06044483) x 9 0x000000aa mem 0x800213f1
core   0: 0x80002018 (0x0ff0000f) fence   iorw,iorw
core   0: 3 0x80002018 (0x0ff0000f)
core   0: 0x8000201c (0x060403a3) sb      zero, 103(s0)
core   0: 3 0x8000201c (0x060403a3) mem 0x800213f8 0x0
core   0: 0x80002020 (0x01bb1493) slli    s1, s6, 27
core   0: 3 0x80002020 (0x01bb1493) x 9 0x50000000
core   0: 0x80002024 (0xfba40383) lb      t2, -70(s0)
core   0: 3 0x80002024 (0xfba40383) x 7 0x00000000 mem 0x8002134b
core   0: 0x80002028 (0x00472cb3) slt     s9, a4, tp
core   0: 3 0x80002028 (0x00472cb3) x25 0x00000000
core   0: 0x8000202c (0x63cf2c93) slti    s9, t5, 1596
core   0: 3 0x8000202c (0x63cf2c93) x25 0x00000000
core   0: 0x80002030 (0x894eff93) andi    t6, t4, -1900
core   0: 3 0x80002030 (0x894eff93) x31 0x00033084
core   0: 0x80002034 (0x013a9393) slli    t2, s5, 19
core   0: 3 0x80002034 (0x013a9393) x 7 0x02a00000
core   0: 0x80002038 (0x0fa40783) lb      a5, 250(s0)
core   0: 3 0x80002038 (0x0fa40783) x15 0x00000040 mem 0x8002148b
core   0: 0x8000203c (0x0a0416a3) sh      zero, 173(s0)
core   0: 3 0x8000203c (0x0a0416a3) mem 0x8002143e 0x0000
core   0: 0x80002040 (0xf6044783) lbu     a5, -160(s0)
core   0: 3 0x80002040 (0xf6044783) x15 0x000000aa mem 0x800212f1
core   0: 0x80002044 (0x010eba33) sltu    s4, t4, a6
core   0: 3 0x80002044 (0x010eba33) x20 0x00000000
core   0: 0x80002048 (0x018ad293) srli    t0, s5, 24
core   0: 3 0x80002048 (0x018ad293) x 5 0x00000000
core   0: 0x8000204c (0x01969533) sll     a0, a3, s9
core   0: 3 0x8000204c (0x01969533) x10 0x80000000
core   0: 0x80002050 (0x5bf04713) xori    a4, zero, 1471
core   0: 3 0x80002050 (0x5bf04713) x14 0x000005bf
core   0: 0x80002054 (0x0000100f) fence.i
core   0: 3 0x80002054 (0x0000100f)
core   0: 0x80002058 (0x414cdd13) srai    s10, s9, 20
core   0: 3 0x80002058 (0x414cdd13) x26 0x00000000
core   0: 0x8000205c (0xffc44e03) lbu     t3, -4(s0)
core   0: 3 0x8000205c (0xffc44e03) x28 0x00000046 mem 0x8002138d
core   0: 0x80002060 (0xf1740ea3) sb      s7, -227(s0)
core   0: 3 0x80002060 (0xf1740ea3) mem 0x800212ae 0x1
core   0: 0x80002064 (0x01389eb3) sll     t4, a7, s3
core   0: 3 0x80002064 (0x01389eb3) x29 0x0004d2d0
core   0: 0x80002068 (0x9d5ff197) auipc   gp, 0x9d5ff
core   0: 3 0x80002068 (0x9d5ff197) x 3 0x1d601068
core   0: 0x8000206c (0xdfeff013) andi    zero, t6, -514
core   0: 3 0x8000206c (0xdfeff013)
core   0: 0x80002070 (0x00f7cc33) xor     s8, a5, a5
core   0: 3 0x80002070 (0x00f7cc33) x24 0x00000000
core   0: 0x80002074 (0xdc562593) slti    a1, a2, -571
core   0: 3 0x80002074 (0xdc562593) x11 0x00000000
core   0: 0x80002078 (0x0029c293) xori    t0, s3, 2
core   0: 3 0x80002078 (0x0029c293) x 5 0x8002ae66
core   0: 0x8000207c (0x01d41a83) lh      s5, 29(s0)
core   0: 3 0x8000207c (0x01d41a83) x21 0x00006465 mem 0x800213ae
core   0: 0x80002080 (0x00014517) auipc   a0, 0x14
core   0: 3 0x80002080 (0x00014517) x10 0x80016080
core   0: 0x80002084 (0xa1250513) addi    a0, a0, -1518
core   0: 3 0x80002084 (0xa1250513) x10 0x80015a92
core   0: 0x80002088 (0x00013417) auipc   s0, 0x13
core   0: 3 0x80002088 (0x00013417) x 8 0x80015088
core   0: 0x8000208c (0x7f040413) addi    s0, s0, 2032
core   0: 3 0x8000208c (0x7f040413) x 8 0x80015878
core   0: 0x80002090 (0x01d402a3) sb      t4, 5(s0)
core   0: 3 0x80002090 (0x01d402a3) mem 0x8001587d 0xd0
core   0: 0x80002094 (0x00014e17) auipc   t3, 0x14
core   0: 3 0x80002094 (0x00014e17) x28 0x80016094
core   0: 0x80002098 (0xb7ce0e13) addi    t3, t3, -1156
core   0: 3 0x80002098 (0xb7ce0e13) x28 0x80015c10
core   0: 0x8000209c (0x00013b17) auipc   s6, 0x13
core   0: 3 0x8000209c (0x00013b17) x22 0x8001509c
core   0: 0x800020a0 (0x3d0b0b13) addi    s6, s6, 976
core   0: 3 0x800020a0 (0x3d0b0b13) x22 0x8001546c
core   0: 0x800020a4 (0x00ab5a03) lhu     s4, 10(s6)
core   0: 3 0x800020a4 (0x00ab5a03) x20 0x00002c2d mem 0x80015476
core   0: 0x800020a8 (0x019e07a3) sb      s9, 15(t3)
core   0: 3 0x800020a8 (0x019e07a3) mem 0x80015c1f 0x0
core   0: 0x800020ac (0x00014d17) auipc   s10, 0x14
core   0: 3 0x800020ac (0x00014d17) x26 0x800160ac
core   0: 0x800020b0 (0xa52d0d13) addi    s10, s10, -1454
core   0: 3 0x800020b0 (0xa52d0d13) x26 0x80015afe
core   0: 0x800020b4 (0xfc8e1b83) lh      s7, -56(t3)
core   0: 3 0x800020b4 (0xfc8e1b83) x23 0x00005bdd mem 0x80015bd8
core   0: 0x800020b8 (0x00740a03) lb      s4, 7(s0)
core   0: 3 0x800020b8 (0x00740a03) x20 0x00000034 mem 0x8001587f
core   0: 0x800020bc (0xfb7d08a3) sb      s7, -79(s10)
core   0: 3 0x800020bc (0xfb7d08a3) mem 0x80015aaf 0xdd
core   0: 0x800020c0 (0x022e0923) sb      sp, 50(t3)
core   0: 3 0x800020c0 (0x022e0923) mem 0x80015c42 0xe4
core   0: 0x800020c4 (0xff8b0003) lb      zero, -8(s6)
core   0: 3 0x800020c4 (0xff8b0003) mem 0x80015464
core   0: 0x800020c8 (0x00bb0f03) lb      t5, 11(s6)
core   0: 3 0x800020c8 (0x00bb0f03) x30 0x0000002c mem 0x80015477
core   0: 0x800020cc (0x052d2123) sw      s2, 66(s10)
core   0: 3 0x800020cc (0x052d2123) mem 0x80015b40 0x0000003e
core   0: 0x800020d0 (0x01ce5a03) lhu     s4, 28(t3)
core   0: 3 0x800020d0 (0x01ce5a03) x20 0x0000e6e7 mem 0x80015c2c
core   0: 0x800020d4 (0x00b40483) lb      s1, 11(s0)
core   0: 3 0x800020d4 (0x00b40483) x 9 0x00000038 mem 0x80015883
core   0: 0x800020d8 (0x007b4d83) lbu     s11, 7(s6)
core   0: 3 0x800020d8 (0x007b4d83) x27 0x00000028 mem 0x80015473
core   0: 0x800020dc (0xf5fd0183) lb      gp, -161(s10)
core   0: 3 0x800020dc (0xf5fd0183) x 3 0x00000016 mem 0x80015a5d
core   0: 0x800020e0 (0xff940903) lb      s2, -7(s0)
core   0: 3 0x800020e0 (0xff940903) x18 0x0000002a mem 0x80015871
core   0: 0x800020e4 (0x00651903) lh      s2, 6(a0)
core   0: 3 0x800020e4 (0x00651903) x18 0x00005253 mem 0x80015a98
core   0: 0x800020e8 (0xfd3d4583) lbu     a1, -45(s10)
core   0: 3 0x800020e8 (0xfd3d4583) x11 0x0000008a mem 0x80015ad1
core   0: 0x800020ec (0x02ee1183) lh      gp, 46(t3)
core   0: 3 0x800020ec (0x02ee1183) x 3 0xfffff4f5 mem 0x80015c3e
core   0: 0x800020f0 (0x001b4f83) lbu     t6, 1(s6)
core   0: 3 0x800020f0 (0x001b4f83) x31 0x00000026 mem 0x8001546d
core   0: 0x800020f4 (0x0bbd0123) sb      s11, 162(s10)
core   0: 3 0x800020f4 (0x0bbd0123) mem 0x80015ba0 0x28
core   0: 0x800020f8 (0x01452523) sw      s4, 10(a0)
core   0: 3 0x800020f8 (0x01452523) mem 0x80015a9c 0x0000e6e7
core   0: 0x800020fc (0x01055803) lhu     a6, 16(a0)
core   0: 3 0x800020fc (0x01055803) x16 0x00005859 mem 0x80015aa2
core   0: 0x80002100 (0xfadd0483) lb      s1, -83(s10)
core   0: 3 0x80002100 (0xfadd0483) x 9 0x00000000 mem 0x80015aab
core   0: 0x80002104 (0xfd6e01a3) sb      s6, -61(t3)
core   0: 3 0x80002104 (0xfd6e01a3) mem 0x80015bd3 0x6c
core   0: 0x80002108 (0xfe6408a3) sb      t1, -15(s0)
core   0: 3 0x80002108 (0xfe6408a3) mem 0x80015869 0x0
core   0: 0x8000210c (0x08cd1883) lh      a7, 140(s10)
core   0: 3 0x8000210c (0x08cd1883) x17 0x00004041 mem 0x80015b8a
core   0: 0x80002110 (0xff750083) lb      ra, -9(a0)
core   0: 3 0x80002110 (0xff750083) x 1 0x00000042 mem 0x80015a89
core   0: 0x80002114 (0x01a501a3) sb      s10, 3(a0)
core   0: 3 0x80002114 (0x01a501a3) mem 0x80015a95 0xfe
core   0: 0x80002118 (0xfe5e09a3) sb      t0, -13(t3)
core   0: 3 0x80002118 (0xfe5e09a3) mem 0x80015c03 0x66
core   0: 0x8000211c (0x00db4903) lbu     s2, 13(s6)
core   0: 3 0x8000211c (0x00db4903) x18 0x00000032 mem 0x80015479
core   0: 0x80002120 (0x00d54383) lbu     t2, 13(a0)
core   0: 3 0x80002120 (0x00d54383) x 7 0x00000000 mem 0x80015a9f
core   0: 0x80002124 (0xfc1d0783) lb      a5, -63(s10)
core   0: 3 0x80002124 (0xfc1d0783) x15 0x00000074 mem 0x80015abf
core   0: 0x80002128 (0x01a404a3) sb      s10, 9(s0)
core   0: 3 0x80002128 (0x01a404a3) mem 0x80015881 0xfe
core   0: 0x8000212c (0xfbdd07a3) sb      t4, -81(s10)
core   0: 3 0x8000212c (0xfbdd07a3) mem 0x80015aad 0xd0
core   0: 0x80002130 (0x00455c03) lhu     s8, 4(a0)
core   0: 3 0x80002130 (0x00455c03) x24 0x00004c4d mem 0x80015a96
core   0: 0x80002134 (0x028e5903) lhu     s2, 40(t3)
core   0: 3 0x80002134 (0x028e5903) x18 0x0000f2f3 mem 0x80015c38
core   0: 0x80002138 (0x00eb5483) lhu     s1, 14(s6)
core   0: 3 0x80002138 (0x00eb5483) x 9 0x00003031 mem 0x8001547a
core   0: 0x8000213c (0xf52d1d23) sh      s2, -166(s10)
core   0: 3 0x8000213c (0xf52d1d23) mem 0x80015a58 0xf2f3
core   0: 0x80002140 (0x014e4803) lbu     a6, 20(t3)
core   0: 3 0x80002140 (0x014e4803) x16 0x000000df mem 0x80015c24
core   0: 0x80002144 (0xffc52f23) sw      t3, -2(a0)
core   0: 3 0x80002144 (0xffc52f23) mem 0x80015a90 0x80015c10
core   0: 0x80002148 (0xff540703) lb      a4, -11(s0)
core   0: 3 0x80002148 (0xff540703) x14 0x00000026 mem 0x8001586d
core   0: 0x8000214c (0x00013917) auipc   s2, 0x13
core   0: 3 0x8000214c (0x00013917) x18 0x8001514c
core   0: 0x80002150 (0x20290913) addi    s2, s2, 514
core   0: 3 0x80002150 (0x20290913) x18 0x8001534e
core   0: 0x80002154 (0x09292d83) lw      s11, 146(s2)
core   0: 3 0x80002154 (0x09292d83) x27 0x98999a9b mem 0x800153e0
core   0: 0x80002158 (0xf4d94503) lbu     a0, -179(s2)
core   0: 3 0x80002158 (0xf4d94503) x10 0x00000050 mem 0x8001529b
core   0: 0x8000215c (0xf44906a3) sb      tp, -179(s2)
core   0: 3 0x8000215c (0xf44906a3) mem 0x8001529b 0xed
core   0: 0x80002160 (0x00de6eb3) or      t4, t3, a3
core   0: 3 0x80002160 (0x00de6eb3) x29 0x80015c10
core   0: 0x80002164 (0xf4d94d83) lbu     s11, -179(s2)
core   0: 3 0x80002164 (0xf4d94d83) x27 0x000000ed mem 0x8001529b
core   0: 0x80002168 (0xfd394c03) lbu     s8, -45(s2)
core   0: 3 0x80002168 (0xfd394c03) x24 0x000000da mem 0x80015321
core   0: 0x8000216c (0xf1794d03) lbu     s10, -233(s2)
core   0: 3 0x8000216c (0xf1794d03) x26 0x0000001e mem 0x80015265
core   0: 0x80002170 (0xf1790e83) lb      t4, -233(s2)
core   0: 3 0x80002170 (0xf1790e83) x29 0x0000001e mem 0x80015265
core   0: 0x80002174 (0xf1794183) lbu     gp, -233(s2)
core   0: 3 0x80002174 (0xf1794183) x 3 0x0000001e mem 0x80015265
core   0: 0x80002178 (0xf1790e83) lb      t4, -233(s2)
core   0: 3 0x80002178 (0xf1790e83) x29 0x0000001e mem 0x80015265
core   0: 0x8000217c (0x00627233) and     tp, tp, t1
core   0: 3 0x8000217c (0x00627233) x 4 0x00000000
core   0: 0x80002180 (0xf37908a3) sb      s7, -207(s2)
core   0: 3 0x80002180 (0xf37908a3) mem 0x8001527f 0xdd
core   0: 0x80002184 (0xf37908a3) sb      s7, -207(s2)
core   0: 3 0x80002184 (0xf37908a3) mem 0x8001527f 0xdd
core   0: 0x80002188 (0xf3190383) lb      t2, -207(s2)
core   0: 3 0x80002188 (0xf3190383) x 7 0xffffffdd mem 0x8001527f
core   0: 0x8000218c (0x1102cf93) xori    t6, t0, 272
core   0: 3 0x8000218c (0x1102cf93) x31 0x8002af76
core   0: 0x80002190 (0xf3194883) lbu     a7, -207(s2)
core   0: 3 0x80002190 (0xf3194883) x17 0x000000dd mem 0x8001527f
core   0: 0x80002194 (0xf3194c03) lbu     s8, -207(s2)
core   0: 3 0x80002194 (0xf3194c03) x24 0x000000dd mem 0x8001527f
core   0: 0x80002198 (0x00514233) xor     tp, sp, t0
core   0: 3 0x80002198 (0x00514233) x 4 0x00004282
core   0: 0x8000219c (0x839ab493) sltiu   s1, s5, -1991
core   0: 3 0x8000219c (0x839ab493) x 9 0x00000001
core   0: 0x800021a0 (0xf3194c83) lbu     s9, -207(s2)
core   0: 3 0x800021a0 (0xf3194c83) x25 0x000000dd mem 0x8001527f
core   0: 0x800021a4 (0x25993393) sltiu   t2, s2, 601
core   0: 3 0x800021a4 (0x25993393) x 7 0x00000000
core   0: 0x800021a8 (0xf3194c83) lbu     s9, -207(s2)
core   0: 3 0x800021a8 (0xf3194c83) x25 0x000000dd mem 0x8001527f
core   0: 0x800021ac (0x00014e97) auipc   t4, 0x14
core   0: 3 0x800021ac (0x00014e97) x29 0x800161ac
core   0: 0x800021b0 (0xadee8e93) addi    t4, t4, -1314
core   0: 3 0x800021b0 (0xadee8e93) x29 0x80015c8a
core   0: 0x800021b4 (0xfddec083) lbu     ra, -35(t4)
core   0: 3 0x800021b4 (0xfddec083) x 1 0x0000001c mem 0x80015c67
core   0: 0x800021b8 (0x0001de17) auipc   t3, 0x1d
core   0: 3 0x800021b8 (0x0001de17) x28 0x8001f1b8
core   0: 0x800021bc (0x9f0e0e13) addi    t3, t3, -1552
core   0: 3 0x800021bc (0x9f0e0e13) x28 0x8001eba8
core   0: 0x800021c0 (0xfc4e09a3) sb      tp, -45(t3)
core   0: 3 0x800021c0 (0xfc4e09a3) mem 0x8001eb7b 0x82
core   0: 0x800021c4 (0x01ae8da3) sb      s10, 27(t4)
core   0: 3 0x800021c4 (0x01ae8da3) mem 0x80015ca5 0x1e
core   0: 0x800021c8 (0x002e9a23) sh      sp, 20(t4)
core   0: 3 0x800021c8 (0x002e9a23) mem 0x80015c9e 0xece4
core   0: 0x800021cc (0x007e4b03) lbu     s6, 7(t3)
core   0: 3 0x800021cc (0x007e4b03) x22 0x00000064 mem 0x8001ebaf
core   0: 0x800021d0 (0x028e1b03) lh      s6, 40(t3)
core   0: 3 0x800021d0 (0x028e1b03) x22 0xffff8a8b mem 0x8001ebd0
core   0: 0x800021d4 (0xfc7e8283) lb      t0, -57(t4)
core   0: 3 0x800021d4 (0xfc7e8283) x 5 0x0000000a mem 0x80015c51
core   0: 0x800021d8 (0xff9e02a3) sb      s9, -27(t3)
core   0: 3 0x800021d8 (0xff9e02a3) mem 0x8001eb8d 0xdd
core   0: 0x800021dc (0xff7ecf83) lbu     t6, -9(t4)
core   0: 3 0x800021dc (0xff7ecf83) x31 0x0000003a mem 0x80015c81
core   0: 0x800021e0 (0x015e06a3) sb      s5, 13(t3)
core   0: 3 0x800021e0 (0x015e06a3) mem 0x8001ebb5 0x65
core   0: 0x800021e4 (0xfe9e4f03) lbu     t5, -23(t3)
core   0: 3 0x800021e4 (0xfe9e4f03) x30 0x0000004a mem 0x8001eb91
core   0: 0x800021e8 (0xfc8e4583) lbu     a1, -56(t3)
core   0: 3 0x800021e8 (0xfc8e4583) x11 0x0000002b mem 0x8001eb70
core   0: 0x800021ec (0xfecedf03) lhu     t5, -20(t4)
core   0: 3 0x800021ec (0xfecedf03) x30 0x00002c2d mem 0x80015c76
core   0: 0x800021f0 (0x028e9703) lh      a4, 40(t4)
core   0: 3 0x800021f0 (0x028e9703) x14 0x00006869 mem 0x80015cb2
core   0: 0x800021f4 (0x005e8ea3) sb      t0, 29(t4)
core   0: 3 0x800021f4 (0x005e8ea3) mem 0x80015ca7 0xa
core   0: 0x800021f8 (0xfcfe1723) sh      a5, -50(t3)
core   0: 3 0x800021f8 (0xfcfe1723) mem 0x8001eb76 0x0074
core   0: 0x800021fc (0xfc3e8583) lb      a1, -61(t4)
core   0: 3 0x800021fc (0xfc3e8583) x11 0x00000006 mem 0x80015c4d
core   0: 0x80002200 (0x004e4f83) lbu     t6, 4(t3)
core   0: 3 0x80002200 (0x004e4f83) x31 0x00000067 mem 0x8001ebac
core   0: 0x80002204 (0xfebe0ca3) sb      a1, -7(t3)
core   0: 3 0x80002204 (0xfebe0ca3) mem 0x8001eba1 0x6
core   0: 0x80002208 (0x0001a917) auipc   s2, 0x1a
core   0: 3 0x80002208 (0x0001a917) x18 0x8001c208
core   0: 0x8000220c (0x78f90913) addi    s2, s2, 1935
core   0: 3 0x8000220c (0x78f90913) x18 0x8001c997
core   0: 0x80002210 (0x03f94b03) lbu     s6, 63(s2)
core   0: 3 0x80002210 (0x03f94b03) x22 0x0000008d mem 0x8001c9d6
core   0: 0x80002214 (0xd0e85c97) auipc   s9, 0xd0e85
core   0: 3 0x80002214 (0xd0e85c97) x25 0x50e87214
core   0: 0x80002218 (0x069905a3) sb      s1, 107(s2)
core   0: 3 0x80002218 (0x069905a3) mem 0x8001ca02 0x1
core   0: 0x8000221c (0x00f35c33) srl     s8, t1, a5
core   0: 3 0x8000221c (0x00f35c33) x24 0x00000000
core   0: 0x80002220 (0x00c2d293) srli    t0, t0, 12
core   0: 3 0x80002220 (0x00c2d293) x 5 0x00000000
core   0: 0x80002224 (0x414c0633) sub     a2, s8, s4
core   0: 3 0x80002224 (0x414c0633) x12 0xffff1919
core   0: 0x80002228 (0xf8094f03) lbu     t5, -128(s2)
core   0: 3 0x80002228 (0xf8094f03) x30 0x000000cc mem 0x8001c917
core   0: 0x8000222c (0x08592d83) lw      s11, 133(s2)
core   0: 3 0x8000222c (0x08592d83) x27 0xd4d5d6d7 mem 0x8001ca1c
core   0: 0x80002230 (0x7748f093) andi    ra, a7, 1908
core   0: 3 0x80002230 (0x7748f093) x 1 0x00000054
core   0: 0x80002234 (0xfdf92ea3) sw      t6, -35(s2)
core   0: 3 0x80002234 (0xfdf92ea3) mem 0x8001c974 0x00000067
core   0: 0x80002238 (0x41da82b3) sub     t0, s5, t4
core   0: 3 0x80002238 (0x41da82b3) x 5 0x7fff07db
core   0: 0x8000223c (0x657f0b13) addi    s6, t5, 1623
core   0: 3 0x8000223c (0x657f0b13) x22 0x00000723
core   0: 0x80002240 (0xfd192e83) lw      t4, -47(s2)
core   0: 3 0x80002240 (0xfd192e83) x29 0x20212223 mem 0x8001c968
core   0: 0x80002244 (0x00ddff33) and     t5, s11, a3
core   0: 3 0x80002244 (0x00ddff33) x30 0x80000000
core   0: 0x80002248 (0x00000013) nop
core   0: 3 0x80002248 (0x00000013)
core   0: 0x8000224c (0xfb8922a3) sw      s8, -91(s2)
core   0: 3 0x8000224c (0xfb8922a3) mem 0x8001c93c 0x00000000
core   0: 0x80002250 (0xf0794803) lbu     a6, -249(s2)
core   0: 3 0x80002250 (0xf0794803) x16 0x00000055 mem 0x8001c89e
core   0: 0x80002254 (0x00d1b533) sltu    a0, gp, a3
core   0: 3 0x80002254 (0x00d1b533) x10 0x00000001
core   0: 0x80002258 (0x01b8e8b3) or      a7, a7, s11
core   0: 3 0x80002258 (0x01b8e8b3) x17 0xd4d5d6df
core   0: 0x8000225c (0x6ccffa93) andi    s5, t6, 1740
core   0: 3 0x8000225c (0x6ccffa93) x21 0x00000044
core   0: 0x80002260 (0x0c395f83) lhu     t6, 195(s2)
core   0: 3 0x80002260 (0x0c395f83) x31 0x00001011 mem 0x8001ca5a
core   0: 0x80002264 (0x004eb2b3) sltu    t0, t4, tp
core   0: 3 0x80002264 (0x004eb2b3) x 5 0x00000000
core   0: 0x80002268 (0x01daa2b3) slt     t0, s5, t4
core   0: 3 0x80002268 (0x01daa2b3) x 5 0x00000001
core   0: 0x8000226c (0x018a9f33) sll     t5, s5, s8
core   0: 3 0x8000226c (0x018a9f33) x30 0x00000044
core   0: 0x80002270 (0x00e40bb3) add     s7, s0, a4
core   0: 3 0x80002270 (0x00e40bb3) x23 0x8001c0e1
core   0: 0x80002274 (0xdead3093) sltiu   ra, s10, -534
core   0: 3 0x80002274 (0xdead3093) x 1 0x00000001
core   0: 0x80002278 (0x01c08033) add     zero, ra, t3
core   0: 3 0x80002278 (0x01c08033)
core   0: 0x8000227c (0x8af40d17) auipc   s10, 0x8af40
core   0: 3 0x8000227c (0x8af40d17) x26 0x0af4227c
core   0: 0x80002280 (0x0ff0000f) fence   iorw,iorw
core   0: 3 0x80002280 (0x0ff0000f)
core   0: 0x80002284 (0x07f95183) lhu     gp, 127(s2)
core   0: 3 0x80002284 (0x07f95183) x 3 0x0000cccd mem 0x8001ca16
core   0: 0x80002288 (0x00013717) auipc   a4, 0x13
core   0: 3 0x80002288 (0x00013717) x14 0x80015288
core   0: 0x8000228c (0x08c70713) addi    a4, a4, 140
core   0: 3 0x8000228c (0x08c70713) x14 0x80015314
core   0: 0x80002290 (0x00378233) add     tp, a5, gp
core   0: 3 0x80002290 (0x00378233) x 4 0x0000cd41
core   0: 0x80002294 (0x00971023) sh      s1, 0(a4)
core   0: 3 0x80002294 (0x00971023) mem 0x80015314 0x0001
core   0: 0x80002298 (0x919ce493) ori     s1, s9, -1767
core   0: 3 0x80002298 (0x919ce493) x 9 0xfffffb1d
core   0: 0x8000229c (0x00f702a3) sb      a5, 5(a4)
core   0: 3 0x8000229c (0x00f702a3) mem 0x80015319 0x74
core   0: 0x800022a0 (0x41eedf33) sra     t5, t4, t5
core   0: 3 0x800022a0 (0x41eedf33) x30 0x02021222
core   0: 0x800022a4 (0x00974903) lbu     s2, 9(a4)
core   0: 3 0x800022a4 (0x00974903) x18 0x000000d6 mem 0x8001531d
core   0: 0x800022a8 (0x41805893) srai    a7, zero, 24
core   0: 3 0x800022a8 (0x41805893) x17 0x00000000
core   0: 0x800022ac (0x01b65b33) srl     s6, a2, s11
core   0: 3 0x800022ac (0x01b65b33) x22 0x000001ff
core   0: 0x800022b0 (0x01dabdb3) sltu    s11, s5, t4
core   0: 3 0x800022b0 (0x01dabdb3) x27 0x00000001
core   0: 0x800022b4 (0x8d1ea913) slti    s2, t4, -1839
core   0: 3 0x800022b4 (0x8d1ea913) x18 0x00000000
core   0: 0x800022b8 (0x1910a493) slti    s1, ra, 401
core   0: 3 0x800022b8 (0x1910a493) x 9 0x00000001
core   0: 0x800022bc (0x00c71d83) lh      s11, 12(a4)
core   0: 3 0x800022bc (0x00c71d83) x27 0xffffdadb mem 0x80015320
core   0: 0x800022c0 (0x00974803) lbu     a6, 9(a4)
core   0: 3 0x800022c0 (0x00974803) x16 0x000000d6 mem 0x8001531d
core   0: 0x800022c4 (0x0ff0000f) fence   iorw,iorw
core   0: 3 0x800022c4 (0x0ff0000f)
core   0: 0x800022c8 (0x005d42b3) xor     t0, s10, t0
core   0: 3 0x800022c8 (0x005d42b3) x 5 0x0af4227d
core   0: 0x800022cc (0x01d79033) sll     zero, a5, t4
core   0: 3 0x800022cc (0x01d79033)
core   0: 0x800022d0 (0x12ed3493) sltiu   s1, s10, 302
core   0: 3 0x800022d0 (0x12ed3493) x 9 0x00000000
core   0: 0x800022d4 (0x41bf0e33) sub     t3, t5, s11
core   0: 3 0x800022d4 (0x41bf0e33) x28 0x02023747
core   0: 0x800022d8 (0x00ade4b3) or      s1, s11, a0
core   0: 3 0x800022d8 (0x00ade4b3) x 9 0xffffdadb
core   0: 0x800022dc (0x0000100f) fence.i
core   0: 3 0x800022dc (0x0000100f)
core   0: 0x800022e0 (0xff2708a3) sb      s2, -15(a4)
core   0: 3 0x800022e0 (0xff2708a3) mem 0x80015305 0x0
core   0: 0x800022e4 (0xffe74503) lbu     a0, -2(a4)
core   0: 3 0x800022e4 (0xffe74503) x10 0x000000c9 mem 0x80015312
core   0: 0x800022e8 (0x00072303) lw      t1, 0(a4)
core   0: 3 0x800022e8 (0x00072303) x 6 0xcccd0001 mem 0x80015314
core   0: 0x800022ec (0x53c44c13) xori    s8, s0, 1340
core   0: 3 0x800022ec (0x53c44c13) x24 0x80015d44
core   0: 0x800022f0 (0x010108b3) add     a7, sp, a6
core   0: 3 0x800022f0 (0x010108b3) x17 0x8002edba
core   0: 0x800022f4 (0x68976f97) auipc   t6, 0x68976
core   0: 3 0x800022f4 (0x68976f97) x31 0xe89782f4
core   0: 0x800022f8 (0x91cc2393) slti    t2, s8, -1764
core   0: 3 0x800022f8 (0x91cc2393) x 7 0x00000001
core   0: 0x800022fc (0x00871603) lh      a2, 8(a4)
core   0: 3 0x800022fc (0x00871603) x12 0xffffd6d7 mem 0x8001531c
core   0: 0x80002300 (0x0000100f) fence.i
core   0: 3 0x80002300 (0x0000100f)
core   0: 0x80002304 (0x00850b33) add     s6, a0, s0
core   0: 3 0x80002304 (0x00850b33) x22 0x80015941
core   0: 0x80002308 (0x90c34293) xori    t0, t1, -1780
core   0: 3 0x80002308 (0x90c34293) x 5 0x3332f90d
core   0: 0x8000230c (0x00282ab3) slt     s5, a6, sp
core   0: 3 0x8000230c (0x00282ab3) x21 0x00000000
core   0: 0x80002310 (0x00b70783) lb      a5, 11(a4)
core   0: 3 0x80002310 (0x00b70783) x15 0xffffffd4 mem 0x8001531f
core   0: 0x80002314 (0x40e3d093) srai    ra, t2, 14
core   0: 3 0x80002314 (0x40e3d093) x 1 0x00000000
core   0: 0x80002318 (0x008571b3) and     gp, a0, s0
core   0: 3 0x80002318 (0x008571b3) x 3 0x00000048
core   0: 0x8000231c (0x3177ae93) slti    t4, a5, 791
core   0: 3 0x8000231c (0x3177ae93) x29 0x00000001
core   0: 0x80002320 (0x41550933) sub     s2, a0, s5
core   0: 3 0x80002320 (0x41550933) x18 0x000000c9
core   0: 0x80002324 (0xff470483) lb      s1, -12(a4)
core   0: 3 0x80002324 (0xff470483) x 9 0xffffffc3 mem 0x80015308
core   0: 0x80002328 (0x00a06bb3) or      s7, zero, a0
core   0: 3 0x80002328 (0x00a06bb3) x23 0x000000c9
core   0: 0x8000232c (0xfff74b83) lbu     s7, -1(a4)
core   0: 3 0x8000232c (0xfff74b83) x23 0x000000c8 mem 0x80015313
core   0: 0x80002330 (0x0ff0000f) fence   iorw,iorw
core   0: 3 0x80002330 (0x0ff0000f)
core   0: 0x80002334 (0xfff70fa3) sb      t6, -1(a4)
core   0: 3 0x80002334 (0xfff70fa3) mem 0x80015313 0xf4
core   0: 0x80002338 (0x1174fe13) andi    t3, s1, 279
core   0: 3 0x80002338 (0x1174fe13) x28 0x00000103
core   0: 0x8000233c (0x00070583) lb      a1, 0(a4)
core   0: 3 0x8000233c (0x00070583) x11 0x00000001 mem 0x80015314
core   0: 0x80002340 (0x0001a297) auipc   t0, 0x1a
core   0: 3 0x80002340 (0x0001a297) x 5 0x8001c340
core   0: 0x80002344 (0x93428293) addi    t0, t0, -1740
core   0: 3 0x80002344 (0x93428293) x 5 0x8001bc74
core   0: 0x80002348 (0x9e528603) lb      a2, -1563(t0)
core   0: 3 0x80002348 (0x9e528603) x12 0x00000012 mem 0x8001b659
core   0: 0x8000234c (0xd548ce93) xori    t4, a7, -684
core   0: 3 0x8000234c (0xd548ce93) x29 0x7ffd10ee
core   0: 0x80002350 (0xa822d203) lhu     tp, -1406(t0)
core   0: 3 0x80002350 (0xa822d203) x 4 0x0000acad mem 0x8001b6f6
core   0: 0x80002354 (0xa822d083) lhu     ra, -1406(t0)
core   0: 3 0x80002354 (0xa822d083) x 1 0x0000acad mem 0x8001b6f6
core   0: 0x80002358 (0xa9c29123) sh      t3, -1406(t0)
core   0: 3 0x80002358 (0xa9c29123) mem 0x8001b6f6 0x0103
core   0: 0x8000235c (0xcac29323) sh      a2, -858(t0)
core   0: 3 0x8000235c (0xcac29323) mem 0x8001b91a 0x0012
core   0: 0x80002360 (0x000be233) or      tp, s7, zero
core   0: 3 0x80002360 (0x000be233) x 4 0x000000c8
core   0: 0x80002364 (0x45fe8d93) addi    s11, t4, 1119
core   0: 3 0x80002364 (0x45fe8d93) x27 0x7ffd154d
core   0: 0x80002368 (0x013a81b3) add     gp, s5, s3
core   0: 3 0x80002368 (0x013a81b3) x 3 0x8002ae64
core   0: 0x8000236c (0xc7728403) lb      s0, -905(t0)
core   0: 3 0x8000236c (0xc7728403) x 8 0xffffffa0 mem 0x8001b8eb
core   0: 0x80002370 (0x8ac281a3) sb      a2, -1885(t0)
core   0: 3 0x80002370 (0x8ac281a3) mem 0x8001b517 0x12
core   0: 0x80002374 (0xc2e2d483) lhu     s1, -978(t0)
core   0: 3 0x80002374 (0xc2e2d483) x 9 0x00005859 mem 0x8001b8a2
core   0: 0x80002378 (0xb1328ba3) sb      s3, -1257(t0)
core   0: 3 0x80002378 (0xb1328ba3) mem 0x8001b78b 0x64
core   0: 0x8000237c (0x0322c883) lbu     a7, 50(t0)
core   0: 3 0x8000237c (0x0322c883) x17 0x0000005d mem 0x8001bca6
core   0: 0x80002380 (0x4148d533) sra     a0, a7, s4
core   0: 3 0x80002380 (0x4148d533) x10 0x00000000
core   0: 0x80002384 (0x0000100f) fence.i
core   0: 3 0x80002384 (0x0000100f)
core   0: 0x80002388 (0x02a28923) sb      a0, 50(t0)
core   0: 3 0x80002388 (0x02a28923) mem 0x8001bca6 0x0
core   0: 0x8000238c (0x706283a3) sb      t1, 1799(t0)
core   0: 3 0x8000238c (0x706283a3) mem 0x8001c37b 0x1
core   0: 0x80002390 (0x7072ce83) lbu     t4, 1799(t0)
core   0: 3 0x80002390 (0x7072ce83) x29 0x00000001 mem 0x8001c37b
core   0: 0x80002394 (0x01f2dab3) srl     s5, t0, t6
core   0: 3 0x80002394 (0x01f2dab3) x21 0x00000800
core   0: 0x80002398 (0x484282a3) sb      tp, 1157(t0)
core   0: 3 0x80002398 (0x484282a3) mem 0x8001c0f9 0xc8
core   0: 0x8000239c (0x0001ab17) auipc   s6, 0x1a
core   0: 3 0x8000239c (0x0001ab17) x22 0x8001c39c
core   0: 0x800023a0 (0xef9b0b13) addi    s6, s6, -263
core   0: 3 0x800023a0 (0xef9b0b13) x22 0x8001c295
core   0: 0x800023a4 (0x0ff0000f) fence   iorw,iorw
core   0: 3 0x800023a4 (0x0ff0000f)
core   0: 0x800023a8 (0xf84b4d03) lbu     s10, -124(s6)
core   0: 3 0x800023a8 (0xf84b4d03) x26 0x000000d2 mem 0x8001c219
core   0: 0x800023ac (0xa9d4e793) ori     a5, s1, -1379
core   0: 3 0x800023ac (0xa9d4e793) x15 0xfffffadd
core   0: 0x800023b0 (0x315b0503) lb      a0, 789(s6)
core   0: 3 0x800023b0 (0x315b0503) x10 0x00000061 mem 0x8001c5aa
core   0: 0x800023b4 (0x003620b3) slt     ra, a2, gp
core   0: 3 0x800023b4 (0x003620b3) x 1 0x00000000
core   0: 0x800023b8 (0x40585f93) srai    t6, a6, 5
core   0: 3 0x800023b8 (0x40585f93) x31 0x00000006
core   0: 0x800023bc (0x01711193) slli    gp, sp, 23
core   0: 3 0x800023bc (0x01711193) x 3 0x72000000
core   0: 0x800023c0 (0x01d53233) sltu    tp, a0, t4
core   0: 3 0x800023c0 (0x01d53233) x 4 0x00000000
core   0: 0x800023c4 (0xe55b4c83) lbu     s9, -427(s6)
core   0: 3 0x800023c4 (0xe55b4c83) x25 0x000000a1 mem 0x8001c0ea
core   0: 0x800023c8 (0x0036dd13) srli    s10, a3, 3
core   0: 3 0x800023c8 (0x0036dd13) x26 0x10000000
core   0: 0x800023cc (0x6e2b4c03) lbu     s8, 1762(s6)
core   0: 3 0x800023cc (0x6e2b4c03) x24 0x00000000 mem 0x8001c977
core   0: 0x800023d0 (0x2b5b4503) lbu     a0, 693(s6)
core   0: 3 0x800023d0 (0x2b5b4503) x10 0x00000001 mem 0x8001c54a
core   0: 0x800023d4 (0x28fb1c03) lh      s8, 655(s6)
core   0: 3 0x800023d4 (0x28fb1c03) x24 0xffffdedf mem 0x8001c524
core   0: 0x800023d8 (0xb56e4b93) xori    s7, t3, -1194
core   0: 3 0x800023d8 (0xb56e4b93) x23 0xfffffa55
core   0: 0x800023dc (0xd70b0f03) lb      t5, -656(s6)
core   0: 3 0x800023dc (0xd70b0f03) x30 0xffffffbe mem 0x8001c005
core   0: 0x800023e0 (0x00000013) nop
core   0: 3 0x800023e0 (0x00000013)
core   0: 0x800023e4 (0x192b0523) sb      s2, 394(s6)
core   0: 3 0x800023e4 (0x192b0523) mem 0x8001c41f 0xc9
core   0: 0x800023e8 (0x012d9093) slli    ra, s11, 18
core   0: 3 0x800023e8 (0x012d9093) x 1 0x55340000
core   0: 0x800023ec (0xc2e3df17) auipc   t5, 0xc2e3d
core   0: 3 0x800023ec (0xc2e3df17) x30 0x42e3f3ec
core   0: 0x800023f0 (0xce250093) addi    ra, a0, -798
core   0: 3 0x800023f0 (0xce250093) x 1 0xfffffce3
core   0: 0x800023f4 (0x00516733) or      a4, sp, t0
core   0: 3 0x800023f4 (0x00516733) x14 0x8003fcf4
core   0: 0x800023f8 (0x600b0aa3) sb      zero, 1557(s6)
core   0: 3 0x800023f8 (0x600b0aa3) mem 0x8001c8aa 0x0
core   0: 0x800023fc (0x0ff0000f) fence   iorw,iorw
core   0: 3 0x800023fc (0x0ff0000f)
core   0: 0x80002400 (0xbb0b0a03) lb      s4, -1104(s6)
core   0: 3 0x80002400 (0xbb0b0a03) x20 0xfffffffe mem 0x8001be45
core   0: 0x80002404 (0x0112c033) xor     zero, t0, a7
core   0: 3 0x80002404 (0x0112c033)
core   0: 0x80002408 (0x00d288b3) add     a7, t0, a3
core   0: 3 0x80002408 (0x00d288b3) x17 0x0001bc74
core   0: 0x8000240c (0x019e9513) slli    a0, t4, 25
core   0: 3 0x8000240c (0x019e9513) x10 0x02000000
core   0: 0x80002410 (0x0000100f) fence.i
core   0: 3 0x80002410 (0x0000100f)
core   0: 0x80002414 (0x0069d333) srl     t1, s3, t1
core   0: 3 0x80002414 (0x0069d333) x 6 0x40015732
core   0: 0x80002418 (0xde0b0303) lb      t1, -544(s6)
core   0: 3 0x80002418 (0xde0b0303) x 6 0x0000002e mem 0x8001c075
core   0: 0x8000241c (0x000dfdb3) and     s11, s11, zero
core   0: 3 0x8000241c (0x000dfdb3) x27 0x00000000
core   0: 0x80002420 (0x132b4883) lbu     a7, 306(s6)
core   0: 3 0x80002420 (0x132b4883) x17 0x0000007c mem 0x8001c3c7
core   0: 0x80002424 (0x40c60cb3) sub     s9, a2, a2
core   0: 3 0x80002424 (0x40c60cb3) x25 0x00000000
core   0: 0x80002428 (0xfc7b1483) lh      s1, -57(s6)
core   0: 3 0x80002428 (0xfc7b1483) x 9 0x00001617 mem 0x8001c25c
core   0: 0x8000242c (0x00027d33) and     s10, tp, zero
core   0: 3 0x8000242c (0x00027d33) x26 0x00000000
core   0: 0x80002430 (0x448b0a23) sb      s0, 1108(s6)
core   0: 3 0x80002430 (0x448b0a23) mem 0x8001c6e9 0xa0
core   0: 0x80002434 (0x417e0eb3) sub     t4, t3, s7
core   0: 3 0x80002434 (0x417e0eb3) x29 0x000006ae
core   0: 0x80002438 (0x732b4903) lbu     s2, 1842(s6)
core   0: 3 0x80002438 (0x732b4903) x18 0x0000007c mem 0x8001c9c7
core   0: 0x8000243c (0x0037d733) srl     a4, a5, gp
core   0: 3 0x8000243c (0x0037d733) x14 0xfffffadd
core   0: 0x80002440 (0xf0db1203) lh      tp, -243(s6)
core   0: 3 0x80002440 (0xf0db1203) x 4 0x00005859 mem 0x8001c1a2
core   0: 0x80002444 (0x00c25e33) srl     t3, tp, a2
core   0: 3 0x80002444 (0x00c25e33) x28 0x00000000
core   0: 0x80002448 (0x4c4dff13) andi    t5, s11, 1220
core   0: 3 0x80002448 (0x4c4dff13) x30 0x00000000
core   0: 0x8000244c (0x78db1503) lh      a0, 1933(s6)
core   0: 3 0x8000244c (0x78db1503) x10 0xffffd8d9 mem 0x8001ca22
core   0: 0x80002450 (0x405cd833) sra     a6, s9, t0
core   0: 3 0x80002450 (0x405cd833) x16 0x00000000
core   0: 0x80002454 (0x012692b3) sll     t0, a3, s2
core   0: 3 0x80002454 (0x012692b3) x 5 0x00000000
core   0: 0x80002458 (0xefdb4f83) lbu     t6, -259(s6)
core   0: 3 0x80002458 (0xefdb4f83) x31 0x00000049 mem 0x8001c192
core   0: 0x8000245c (0x00024597) auipc   a1, 0x24
core   0: 3 0x8000245c (0x00024597) x11 0x8002645c
core   0: 0x80002460 (0xa4158593) addi    a1, a1, -1471
core   0: 3 0x80002460 (0xa4158593) x11 0x80025e9d
core   0: 0x80002464 (0x0105b2b3) sltu    t0, a1, a6
core   0: 3 0x80002464 (0x0105b2b3) x 5 0x00000000
core   0: 0x80002468 (0x00cc5ab3) srl     s5, s8, a2
core   0: 3 0x80002468 (0x00cc5ab3) x21 0x00003fff
core   0: 0x8000246c (0x01a228b3) slt     a7, tp, s10
core   0: 3 0x8000246c (0x01a228b3) x17 0x00000000
core   0: 0x80002470 (0x0039c533) xor     a0, s3, gp
core   0: 3 0x80002470 (0x0039c533) x10 0xf202ae64
core   0: 0x80002474 (0x01c5a7a3) sw      t3, 15(a1)
core   0: 3 0x80002474 (0x01c5a7a3) mem 0x80025eac 0x00000000
core   0: 0x80002478 (0x00c5c783) lbu     a5, 12(a1)
core   0: 3 0x80002478 (0x00c5c783) x15 0x00000062 mem 0x80025ea9
core   0: 0x8000247c (0xe602c413) xori    s0, t0, -416
core   0: 3 0x8000247c (0xe602c413) x 8 0xfffffe60
core   0: 0x80002480 (0x27d2b013) sltiu   zero, t0, 637
core   0: 3 0x80002480 (0x27d2b013)
core   0: 0x80002484 (0x41ecdf13) srai    t5, s9, 30
core   0: 3 0x80002484 (0x41ecdf13) x30 0x00000000
core   0: 0x80002488 (0x01a461b3) or      gp, s0, s10
core   0: 3 0x80002488 (0x01a461b3) x 3 0xfffffe60
core   0: 0x8000248c (0x00bad2b3) srl     t0, s5, a1
core   0: 3 0x8000248c (0x00bad2b3) x 5 0x00000000
core   0: 0x80002490 (0x010fc233) xor     tp, t6, a6
core   0: 3 0x80002490 (0x010fc233) x 4 0x00000049
core   0: 0x80002494 (0x00458e83) lb      t4, 4(a1)
core   0: 3 0x80002494 (0x00458e83) x29 0x0000005a mem 0x80025ea1
core   0: 0x80002498 (0x00305c33) srl     s8, zero, gp
core   0: 3 0x80002498 (0x00305c33) x24 0x00000000
core   0: 0x8000249c (0xff45cf83) lbu     t6, -12(a1)
core   0: 3 0x8000249c (0xff45cf83) x31 0x0000004a mem 0x80025e91
core   0: 0x800024a0 (0xffa5c183) lbu     gp, -6(a1)
core   0: 3 0x800024a0 (0xffa5c183) x 3 0x0000004c mem 0x80025e97
core   0: 0x800024a4 (0x0015d483) lhu     s1, 1(a1)
core   0: 3 0x800024a4 (0x0015d483) x 9 0x00005455 mem 0x80025e9e
core   0: 0x800024a8 (0xfe258c23) sb      sp, -8(a1)
core   0: 3 0x800024a8 (0xfe258c23) mem 0x80025e95 0xe4
core   0: 0x800024ac (0x01cedc93) srli    s9, t4, 28
core   0: 3 0x800024ac (0x01cedc93) x25 0x00000000
core   0: 0x800024b0 (0x00000013) nop
core   0: 3 0x800024b0 (0x00000013)
core   0: 0x800024b4 (0xffc59fa3) sh      t3, -1(a1)
core   0: 3 0x800024b4 (0xffc59fa3) mem 0x80025e9c 0x0000
core   0: 0x800024b8 (0x599fd397) auipc   t2, 0x599fd
core   0: 3 0x800024b8 (0x599fd397) x 7 0xd99ff4b8
core   0: 0x800024bc (0xfe658ea3) sb      t1, -3(a1)
core   0: 3 0x800024bc (0xfe658ea3) mem 0x80025e9a 0x2e
core   0: 0x800024c0 (0x00e78633) add     a2, a5, a4
core   0: 3 0x800024c0 (0x00e78633) x12 0xfffffb3f
core   0: 0x800024c4 (0x01058f03) lb      t5, 16(a1)
core   0: 3 0x800024c4 (0x01058f03) x30 0x00000000 mem 0x80025ead
core   0: 0x800024c8 (0x37da0f13) addi    t5, s4, 893
core   0: 3 0x800024c8 (0x37da0f13) x30 0x0000037b
core   0: 0x800024cc (0x00258483) lb      s1, 2(a1)
core   0: 3 0x800024cc (0x00258483) x 9 0x00000054 mem 0x80025e9f
core   0: 0x800024d0 (0x00e58003) lb      zero, 14(a1)
core   0: 3 0x800024d0 (0x00e58003) mem 0x80025eab
core   0: 0x800024d4 (0x92afb413) sltiu   s0, t6, -1750
core   0: 3 0x800024d4 (0x92afb413) x 8 0x00000001
core   0: 0x800024d8 (0x00bdd833) srl     a6, s11, a1
core   0: 3 0x800024d8 (0x00bdd833) x16 0x00000000
core   0: 0x800024dc (0x00000013) nop
core   0: 3 0x800024dc (0x00000013)
core   0: 0x800024e0 (0x00d595a3) sh      a3, 11(a1)
core   0: 3 0x800024e0 (0x00d595a3) mem 0x80025ea8 0x0000
core   0: 0x800024e4 (0x382447b7) lui     a5, 0x38244
core   0: 3 0x800024e4 (0x382447b7) x15 0x38244000
core   0: 0x800024e8 (0x00c587a3) sb      a2, 15(a1)
core   0: 3 0x800024e8 (0x00c587a3) mem 0x80025eac 0x3f
core   0: 0x800024ec (0x0015a5a3) sw      ra, 11(a1)
core   0: 3 0x800024ec (0x0015a5a3) mem 0x80025ea8 0xfffffce3
core   0: 0x800024f0 (0xb0d10437) lui     s0, 0xb0d10
core   0: 3 0x800024f0 (0xb0d10437) x 8 0xb0d10000
core   0: 0x800024f4 (0x00658e03) lb      t3, 6(a1)
core   0: 3 0x800024f4 (0x00658e03) x28 0x00000058 mem 0x80025ea3
core   0: 0x800024f8 (0x00e5ca83) lbu     s5, 14(a1)
core   0: 3 0x800024f8 (0x00e5ca83) x21 0x000000ff mem 0x80025eab
core   0: 0x800024fc (0xeb6d6a93) ori     s5, s10, -330
core   0: 3 0x800024fc (0xeb6d6a93) x21 0xfffffeb6
core   0: 0x80002500 (0x00fa20b3) slt     ra, s4, a5
core   0: 3 0x80002500 (0x00fa20b3) x 1 0x00000001
core   0: 0x80002504 (0x01458523) sb      s4, 10(a1)
core   0: 3 0x80002504 (0x01458523) mem 0x80025ea7 0xfe
core   0: 0x80002508 (0x41950033) sub     zero, a0, s9
core   0: 3 0x80002508 (0x41950033)
core   0: 0x8000250c (0x0015c283) lbu     t0, 1(a1)
core   0: 3 0x8000250c (0x0015c283) x 5 0x00000055 mem 0x80025e9e
core   0: 0x80002510 (0x01454f33) xor     t5, a0, s4
core   0: 3 0x80002510 (0x01454f33) x30 0x0dfd519a
core   0: 0x80002514 (0xfff58303) lb      t1, -1(a1)
core   0: 3 0x80002514 (0xfff58303) x 6 0x00000000 mem 0x80025e9c
core   0: 0x80002518 (0x00058383) lb      t2, 0(a1)
core   0: 3 0x80002518 (0x00058383) x 7 0x00000000 mem 0x80025e9d
core   0: 0x8000251c (0xd560fb97) auipc   s7, 0xd560f
core   0: 3 0x8000251c (0xd560fb97) x23 0x5561151c
core   0: 0x80002520 (0xd1476f17) auipc   t5, 0xd1476
core   0: 3 0x80002520 (0xd1476f17) x30 0x51478520
core   0: 0x80002524 (0x01ff7b33) and     s6, t5, t6
core   0: 3 0x80002524 (0x01ff7b33) x22 0x00000000
core   0: 0x80002528 (0x41405b13) srai    s6, zero, 20
core   0: 3 0x80002528 (0x41405b13) x22 0x00000000
core   0: 0x8000252c (0x6bf8ed13) ori     s10, a7, 1727
core   0: 3 0x8000252c (0x6bf8ed13) x26 0x000006bf
core   0: 0x80002530 (0x0115a5a3) sw      a7, 11(a1)
core   0: 3 0x80002530 (0x0115a5a3) mem 0x80025ea8 0x00000000
core   0: 0x80002534 (0x00014b97) auipc   s7, 0x14
core   0: 3 0x80002534 (0x00014b97) x23 0x80016534
core   0: 0x80002538 (0xa1bb8b93) addi    s7, s7, -1509
core   0: 3 0x80002538 (0xa1bb8b93) x23 0x80015f4f
core   0: 0x8000253c (0x008b8f03) lb      t5, 8(s7)
core   0: 3 0x8000253c (0x008b8f03) x30 0x0000000c mem 0x80015f57
core   0: 0x80002540 (0x008b8583) lb      a1, 8(s7)
core   0: 3 0x80002540 (0x008b8583) x11 0x0000000c mem 0x80015f57
core   0: 0x80002544 (0x008bc883) lbu     a7, 8(s7)
core   0: 3 0x80002544 (0x008bc883) x17 0x0000000c mem 0x80015f57
core   0: 0x80002548 (0x008b8283) lb      t0, 8(s7)
core   0: 3 0x80002548 (0x008b8283) x 5 0x0000000c mem 0x80015f57
core   0: 0x8000254c (0x008b8083) lb      ra, 8(s7)
core   0: 3 0x8000254c (0x008b8083) x 1 0x0000000c mem 0x80015f57
core   0: 0x80002550 (0x008bcc83) lbu     s9, 8(s7)
core   0: 3 0x80002550 (0x008bcc83) x25 0x0000000c mem 0x80015f57
core   0: 0x80002554 (0x008bc803) lbu     a6, 8(s7)
core   0: 3 0x80002554 (0x008bc803) x16 0x0000000c mem 0x80015f57
core   0: 0x80002558 (0x008b8803) lb      a6, 8(s7)
core   0: 3 0x80002558 (0x008b8803) x16 0x0000000c mem 0x80015f57
core   0: 0x8000255c (0x008bcf83) lbu     t6, 8(s7)
core   0: 3 0x8000255c (0x008bcf83) x31 0x0000000c mem 0x80015f57
core   0: 0x80002560 (0x008b8383) lb      t2, 8(s7)
core   0: 3 0x80002560 (0x008b8383) x 7 0x0000000c mem 0x80015f57
core   0: 0x80002564 (0x008bc503) lbu     a0, 8(s7)
core   0: 3 0x80002564 (0x008bc503) x10 0x0000000c mem 0x80015f57
core   0: 0x80002568 (0x008bcd83) lbu     s11, 8(s7)
core   0: 3 0x80002568 (0x008bcd83) x27 0x0000000c mem 0x80015f57
core   0: 0x8000256c (0x008b8703) lb      a4, 8(s7)
core   0: 3 0x8000256c (0x008b8703) x14 0x0000000c mem 0x80015f57
core   0: 0x80002570 (0xaf37f793) andi    a5, a5, -1293
core   0: 3 0x80002570 (0xaf37f793) x15 0x38244000
core   0: 0x80002574 (0x008b8f83) lb      t6, 8(s7)
core   0: 3 0x80002574 (0x008b8f83) x31 0x0000000c mem 0x80015f57
core   0: 0x80002578 (0x008b8283) lb      t0, 8(s7)
core   0: 3 0x80002578 (0x008b8283) x 5 0x0000000c mem 0x80015f57
core   0: 0x8000257c (0x008b8583) lb      a1, 8(s7)
core   0: 3 0x8000257c (0x008b8583) x11 0x0000000c mem 0x80015f57
core   0: 0x80002580 (0x008bc003) lbu     zero, 8(s7)
core   0: 3 0x80002580 (0x008bc003) mem 0x80015f57
core   0: 0x80002584 (0x716478b7) lui     a7, 0x71647
core   0: 3 0x80002584 (0x716478b7) x17 0x71647000
core   0: 0x80002588 (0x00aa9633) sll     a2, s5, a0
core   0: 3 0x80002588 (0x00aa9633) x12 0xffeb6000
core   0: 0x8000258c (0x008b8903) lb      s2, 8(s7)
core   0: 3 0x8000258c (0x008b8903) x18 0x0000000c mem 0x80015f57
core   0: 0x80002590 (0x012b8423) sb      s2, 8(s7)
core   0: 3 0x80002590 (0x012b8423) mem 0x80015f57 0xc
core   0: 0x80002594 (0x0001ca97) auipc   s5, 0x1c
core   0: 3 0x80002594 (0x0001ca97) x21 0x8001e594
core   0: 0x80002598 (0xc4ba8a93) addi    s5, s5, -949
core   0: 3 0x80002598 (0xc4ba8a93) x21 0x8001e1df
core   0: 0x8000259c (0xae2ac403) lbu     s0, -1310(s5)
core   0: 3 0x8000259c (0xae2ac403) x 8 0x0000007a mem 0x8001dcc1
core   0: 0x800025a0 (0x00882c33) slt     s8, a6, s0
core   0: 3 0x800025a0 (0x00882c33) x24 0x00000001
core   0: 0x800025a4 (0x0068cd33) xor     s10, a7, t1
core   0: 3 0x800025a4 (0x0068cd33) x26 0x71647000
core   0: 0x800025a8 (0xfc54ad93) slti    s11, s1, -59
core   0: 3 0x800025a8 (0xfc54ad93) x27 0x00000000
core   0: 0x800025ac (0xd56a8a03) lb      s4, -682(s5)
core   0: 3 0x800025ac (0xd56a8a03) x20 0xffffffee mem 0x8001df35
core   0: 0x800025b0 (0x24ba8d03) lb      s10, 587(s5)
core   0: 3 0x800025b0 (0x24ba8d03) x26 0xffffffe1 mem 0x8001e42a
core   0: 0x800025b4 (0x86c73b93) sltiu   s7, a4, -1940
core   0: 3 0x800025b4 (0x86c73b93) x23 0x00000001
core   0: 0x800025b8 (0x421a8b03) lb      s6, 1057(s5)
core   0: 3 0x800025b8 (0x421a8b03) x22 0xffffffbb mem 0x8001e600
core   0: 0x800025bc (0xce907b13) andi    s6, zero, -791
core   0: 3 0x800025bc (0xce907b13) x22 0x00000000
core   0: 0x800025c0 (0x009cff33) and     t5, s9, s1
core   0: 3 0x800025c0 (0x009cff33) x30 0x00000004
core   0: 0x800025c4 (0xb18a8523) sb      s8, -1270(s5)
core   0: 3 0x800025c4 (0xb18a8523) mem 0x8001dce9 0x1
core   0: 0x800025c8 (0xf07ace03) lbu     t3, -249(s5)
core   0: 3 0x800025c8 (0xf07ace03) x28 0x0000009d mem 0x8001e0e6
core   0: 0x800025cc (0x0a5ac903) lbu     s2, 165(s5)
core   0: 3 0x800025cc (0x0a5ac903) x18 0x0000003f mem 0x8001e284
core   0: 0x800025d0 (0x01dd25b3) slt     a1, s10, t4
core   0: 3 0x800025d0 (0x01dd25b3) x11 0x00000001
core   0: 0x800025d4 (0x896ac283) lbu     t0, -1898(s5)
core   0: 3 0x800025d4 (0x896ac283) x 5 0x0000002e mem 0x8001da75
core   0: 0x800025d8 (0xe2f57317) auipc   t1, 0xe2f57
core   0: 3 0x800025d8 (0xe2f57317) x 6 0x62f595d8
core   0: 0x800025dc (0x41398bb3) sub     s7, s3, s3
core   0: 3 0x800025dc (0x41398bb3) x23 0x00000000
core   0: 0x800025e0 (0xeb02b513) sltiu   a0, t0, -336
core   0: 3 0x800025e0 (0xeb02b513) x10 0x00000001
core   0: 0x800025e4 (0x01f6ae33) slt     t3, a3, t6
core   0: 3 0x800025e4 (0x01f6ae33) x28 0x00000001
core   0: 0x800025e8 (0x16facb83) lbu     s7, 367(s5)
core   0: 3 0x800025e8 (0x16facb83) x23 0x00000005 mem 0x8001e34e
core   0: 0x800025ec (0xe44ac883) lbu     a7, -444(s5)
core   0: 3 0x800025ec (0xe44ac883) x17 0x000000d8 mem 0x8001e023
core   0: 0x800025f0 (0xa74acd03) lbu     s10, -1420(s5)
core   0: 3 0x800025f0 (0xa74acd03) x26 0x00000008 mem 0x8001dc53
core   0: 0x800025f4 (0xa4ba8b83) lb      s7, -1461(s5)
core   0: 3 0x800025f4 (0xa4ba8b83) x23 0xffffffe1 mem 0x8001dc2a
core   0: 0x800025f8 (0x00fdc033) xor     zero, s11, a5
core   0: 3 0x800025f8 (0x00fdc033)
core   0: 0x800025fc (0x013ed013) srli    zero, t4, 19
core   0: 3 0x800025fc (0x013ed013)
core   0: 0x80002600 (0x018782b3) add     t0, a5, s8
core   0: 3 0x80002600 (0x018782b3) x 5 0x38244001
core   0: 0x80002604 (0x25ca8f03) lb      t5, 604(s5)
core   0: 3 0x80002604 (0x25ca8f03) x30 0xfffffff0 mem 0x8001e43b
core   0: 0x80002608 (0x12b52093) slti    ra, a0, 299
core   0: 3 0x80002608 (0x12b52093) x 1 0x00000001
core   0: 0x8000260c (0xe7ba9183) lh      gp, -389(s5)
core   0: 3 0x8000260c (0xe7ba9183) x 3 0x00001011 mem 0x8001e05a
core   0: 0x80002610 (0x265aa083) lw      ra, 613(s5)
core   0: 3 0x80002610 (0x265aa083) x 1 0xfcfdfeff mem 0x8001e444
core   0: 0x80002614 (0x0105a0b3) slt     ra, a1, a6
core   0: 3 0x80002614 (0x0105a0b3) x 1 0x00000001
core   0: 0x80002618 (0x71250013) addi    zero, a0, 1810
core   0: 3 0x80002618 (0x71250013)
core   0: 0x8000261c (0x013dc833) xor     a6, s11, s3
core   0: 3 0x8000261c (0x013dc833) x16 0x8002ae64
core   0: 0x80002620 (0x007a2bb3) slt     s7, s4, t2
core   0: 3 0x80002620 (0x007a2bb3) x23 0x00000001
core   0: 0x80002624 (0x0ff0000f) fence   iorw,iorw
core   0: 3 0x80002624 (0x0ff0000f)
core   0: 0x80002628 (0x00015bb3) srl     s7, sp, zero
core   0: 3 0x80002628 (0x00015bb3) x23 0x8002ece4
core   0: 0x8000262c (0xa0e2f013) andi    zero, t0, -1522
core   0: 3 0x8000262c (0xa0e2f013)
core   0: 0x80002630 (0xf182b413) sltiu   s0, t0, -232
core   0: 3 0x80002630 (0xf182b413) x 8 0x00000001
core   0: 0x80002634 (0x62ea92a3) sh      a4, 1573(s5)
core   0: 3 0x80002634 (0x62ea92a3) mem 0x8001e804 0x000c
core   0: 0x80002638 (0x16862813) slti    a6, a2, 360
core   0: 3 0x80002638 (0x16862813) x16 0x00000001
core   0: 0x8000263c (0xe0d5e013) ori     zero, a1, -499
core   0: 3 0x8000263c (0xe0d5e013)
core   0: 0x80002640 (0x14600fb7) lui     t6, 0x14600
core   0: 3 0x80002640 (0x14600fb7) x31 0x14600000
core   0: 0x80002644 (0x4183d4b3) sra     s1, t2, s8
core   0: 3 0x80002644 (0x4183d4b3) x 9 0x00000006
core   0: 0x80002648 (0x533ac403) lbu     s0, 1331(s5)
core   0: 3 0x80002648 (0x533ac403) x 8 0x000000c9 mem 0x8001e712
core   0: 0x8000264c (0x1b1ac483) lbu     s1, 433(s5)
core   0: 3 0x8000264c (0x1b1ac483) x 9 0x0000004b mem 0x8001e390
core   0: 0x80002650 (0x92aace83) lbu     t4, -1750(s5)
core   0: 3 0x80002650 (0x92aace83) x29 0x000000c2 mem 0x8001db09
core   0: 0x80002654 (0x00013917) auipc   s2, 0x13
core   0: 3 0x80002654 (0x00013917) x18 0x80015654
core   0: 0x80002658 (0x47090913) addi    s2, s2, 1136
core   0: 3 0x80002658 (0x47090913) x18 0x80015ac4
core   0: 0x8000265c (0xf5a94203) lbu     tp, -166(s2)
core   0: 3 0x8000265c (0xf5a94203) x 4 0x000000d5 mem 0x80015a1e
core   0: 0x80002660 (0x9814d337) lui     t1, 0x9814d
core   0: 3 0x80002660 (0x9814d337) x 6 0x9814d000
core   0: 0x80002664 (0x40dbdb33) sra     s6, s7, a3
core   0: 3 0x80002664 (0x40dbdb33) x22 0x8002ece4
core   0: 0x80002668 (0xf4390d23) sb      gp, -166(s2)
core   0: 3 0x80002668 (0xf4390d23) mem 0x80015a1e 0x11
core   0: 0x8000266c (0xf5a95f03) lhu     t5, -166(s2)
core   0: 3 0x8000266c (0xf5a95f03) x30 0x0000d411 mem 0x80015a1e
core   0: 0x80002670 (0xfac90883) lb      a7, -84(s2)
core   0: 3 0x80002670 (0xfac90883) x17 0x0000002b mem 0x80015a70
core   0: 0x80002674 (0x01690323) sb      s6, 6(s2)
core   0: 3 0x80002674 (0x01690323) mem 0x80015aca 0xe4
core   0: 0x80002678 (0x00694283) lbu     t0, 6(s2)
core   0: 3 0x80002678 (0x00694283) x 5 0x000000e4 mem 0x80015aca
core   0: 0x8000267c (0x00690583) lb      a1, 6(s2)
core   0: 3 0x8000267c (0x00690583) x11 0xffffffe4 mem 0x80015aca
core   0: 0x80002680 (0x00c92703) lw      a4, 12(s2)
core   0: 3 0x80002680 (0x00c92703) x14 0x88898a8b mem 0x80015ad0
core   0: 0x80002684 (0x05391f23) sh      s3, 94(s2)
core   0: 3 0x80002684 (0x05391f23) mem 0x80015b22 0xae64
core   0: 0x80002688 (0x04791f23) sh      t2, 94(s2)
core   0: 3 0x80002688 (0x04791f23) mem 0x80015b22 0x000c
core   0: 0x8000268c (0x05c91f23) sh      t3, 94(s2)
core   0: 3 0x8000268c (0x05c91f23) mem 0x80015b22 0x0001
core   0: 0x80002690 (0x05e94f03) lbu     t5, 94(s2)
core   0: 3 0x80002690 (0x05e94f03) x30 0x00000001 mem 0x80015b22
core   0: 0x80002694 (0x648cb813) sltiu   a6, s9, 1608
core   0: 3 0x80002694 (0x648cb813) x16 0x00000001
core   0: 0x80002698 (0x01a2ff33) and     t5, t0, s10
core   0: 3 0x80002698 (0x01a2ff33) x30 0x00000000
core   0: 0x8000269c (0x05e90a83) lb      s5, 94(s2)
core   0: 3 0x8000269c (0x05e90a83) x21 0x00000001 mem 0x80015b22
core   0: 0x800026a0 (0x0001ba17) auipc   s4, 0x1b
core   0: 3 0x800026a0 (0x0001ba17) x20 0x8001d6a0
core   0: 0x800026a4 (0x42ca0a13) addi    s4, s4, 1068
core   0: 3 0x800026a4 (0x42ca0a13) x20 0x8001dacc
core   0: 0x800026a8 (0x03da0f83) lb      t6, 61(s4)
core   0: 3 0x800026a8 (0x03da0f83) x31 0xffffffc2 mem 0x8001db09
core   0: 0x800026ac (0x032a0ea3) sb      s2, 61(s4)
core   0: 3 0x800026ac (0x032a0ea3) mem 0x8001db09 0xc4
core   0: 0x800026b0 (0x030a0ea3) sb      a6, 61(s4)
core   0: 3 0x800026b0 (0x030a0ea3) mem 0x8001db09 0x1
core   0: 0x800026b4 (0x032a0ea3) sb      s2, 61(s4)
core   0: 3 0x800026b4 (0x032a0ea3) mem 0x8001db09 0xc4
core   0: 0x800026b8 (0x03da0e83) lb      t4, 61(s4)
core   0: 3 0x800026b8 (0x03da0e83) x29 0xffffffc4 mem 0x8001db09
core   0: 0x800026bc (0x03da4b03) lbu     s6, 61(s4)
core   0: 3 0x800026bc (0x03da4b03) x22 0x000000c4 mem 0x8001db09
core   0: 0x800026c0 (0x03da0083) lb      ra, 61(s4)
core   0: 3 0x800026c0 (0x03da0083) x 1 0xffffffc4 mem 0x8001db09
core   0: 0x800026c4 (0x02ea0ea3) sb      a4, 61(s4)
core   0: 3 0x800026c4 (0x02ea0ea3) mem 0x8001db09 0x8b
core   0: 0x800026c8 (0x037a0ea3) sb      s7, 61(s4)
core   0: 3 0x800026c8 (0x037a0ea3) mem 0x8001db09 0xe4
core   0: 0x800026cc (0x03da4283) lbu     t0, 61(s4)
core   0: 3 0x800026cc (0x03da4283) x 5 0x000000e4 mem 0x8001db09
core   0: 0x800026d0 (0x03ea0ea3) sb      t5, 61(s4)
core   0: 3 0x800026d0 (0x03ea0ea3) mem 0x8001db09 0x0
core   0: 0x800026d4 (0x01d7df33) srl     t5, a5, t4
core   0: 3 0x800026d4 (0x01d7df33) x30 0x03824400
core   0: 0x800026d8 (0x40b4d593) srai    a1, s1, 11
core   0: 3 0x800026d8 (0x40b4d593) x11 0x00000000
core   0: 0x800026dc (0x410fd593) srai    a1, t6, 16
core   0: 3 0x800026dc (0x410fd593) x11 0xffffffff
core   0: 0x800026e0 (0x03da0203) lb      tp, 61(s4)
core   0: 3 0x800026e0 (0x03da0203) x 4 0x00000000 mem 0x8001db09
core   0: 0x800026e4 (0x037a0ea3) sb      s7, 61(s4)
core   0: 3 0x800026e4 (0x037a0ea3) mem 0x8001db09 0xe4
core   0: 0x800026e8 (0x010f9013) slli    zero, t6, 16
core   0: 3 0x800026e8 (0x010f9013)
core   0: 0x800026ec (0x029a0ea3) sb      s1, 61(s4)
core   0: 3 0x800026ec (0x029a0ea3) mem 0x8001db09 0x4b
core   0: 0x800026f0 (0x03ba0ea3) sb      s11, 61(s4)
core   0: 3 0x800026f0 (0x03ba0ea3) mem 0x8001db09 0x0
core   0: 0x800026f4 (0x03da0383) lb      t2, 61(s4)
core   0: 3 0x800026f4 (0x03da0383) x 7 0x00000000 mem 0x8001db09
core   0: 0x800026f8 (0xf96a0d83) lb      s11, -106(s4)
core   0: 3 0x800026f8 (0xf96a0d83) x27 0x00000019 mem 0x8001da62
core   0: 0x800026fc (0x2cdee913) ori     s2, t4, 717
core   0: 3 0x800026fc (0x2cdee913) x18 0xffffffcd
core   0: 0x80002700 (0xf96a0283) lb      t0, -106(s4)
core   0: 3 0x80002700 (0xf96a0283) x 5 0x00000019 mem 0x8001da62
core   0: 0x80002704 (0xf96a1883) lh      a7, -106(s4)
core   0: 3 0x80002704 (0xf96a1883) x17 0x00001819 mem 0x8001da62
core   0: 0x80002708 (0x0001c397) auipc   t2, 0x1c
core   0: 3 0x80002708 (0x0001c397) x 7 0x8001e708
core   0: 0x8000270c (0x76c38393) addi    t2, t2, 1900
core   0: 3 0x8000270c (0x76c38393) x 7 0x8001ee74
core   0: 0x80002710 (0x52fe4a93) xori    s5, t3, 1327
core   0: 3 0x80002710 (0x52fe4a93) x21 0x0000052e
core   0: 0x80002714 (0x08c38c23) sb      a2, 152(t2)
core   0: 3 0x80002714 (0x08c38c23) mem 0x8001ef0c 0x0
core   0: 0x80002718 (0xbaaba893) slti    a7, s7, -1110
core   0: 3 0x80002718 (0xbaaba893) x17 0x00000001
core   0: 0x8000271c (0x555f9417) auipc   s0, 0x555f9
core   0: 3 0x8000271c (0x555f9417) x 8 0xd55fb71c
core   0: 0x80002720 (0x1cf6f913) andi    s2, a3, 463
core   0: 3 0x80002720 (0x1cf6f913) x18 0x00000000
core   0: 0x80002724 (0x0f93cd83) lbu     s11, 249(t2)
core   0: 3 0x80002724 (0x0f93cd83) x27 0x00000026 mem 0x8001ef6d
core   0: 0x80002728 (0x005917b3) sll     a5, s2, t0
core   0: 3 0x80002728 (0x005917b3) x15 0x00000000
core   0: 0x8000272c (0xbb48a037) lui     zero, 0xbb48a
core   0: 3 0x8000272c (0xbb48a037)
core   0: 0x80002730 (0x40e1d513) srai    a0, gp, 14
core   0: 3 0x80002730 (0x40e1d513) x10 0x00000000
core   0: 0x80002734 (0x0af39223) sh      a5, 164(t2)
core   0: 3 0x80002734 (0x0af39223) mem 0x8001ef18 0x0000
core   0: 0x80002738 (0x0f938783) lb      a5, 249(t2)
core   0: 3 0x80002738 (0x0f938783) x15 0x00000026 mem 0x8001ef6d
core   0: 0x8000273c (0xfdc38923) sb      t3, -46(t2)
core   0: 3 0x8000273c (0xfdc38923) mem 0x8001ee46 0x1
core   0: 0x80002740 (0x30258e37) lui     t3, 0x30258
core   0: 3 0x80002740 (0x30258e37) x28 0x30258000
core   0: 0x80002744 (0x41f38c33) sub     s8, t2, t6
core   0: 3 0x80002744 (0x41f38c33) x24 0x8001eeb2
core   0: 0x80002748 (0x0ee3c903) lbu     s2, 238(t2)
core   0: 3 0x80002748 (0x0ee3c903) x18 0x00000019 mem 0x8001ef62
core   0: 0x8000274c (0x40325933) sra     s2, tp, gp
core   0: 3 0x8000274c (0x40325933) x18 0x00000000
core   0: 0x80002750 (0x00571313) slli    t1, a4, 5
core   0: 3 0x80002750 (0x00571313) x 6 0x11315160
core   0: 0x80002754 (0x00253933) sltu    s2, a0, sp
core   0: 3 0x80002754 (0x00253933) x18 0x00000001
core   0: 0x80002758 (0x7c3cb737) lui     a4, 0x7c3cb
core   0: 3 0x80002758 (0x7c3cb737) x14 0x7c3cb000
core   0: 0x8000275c (0x003fd733) srl     a4, t6, gp
core   0: 3 0x8000275c (0x003fd733) x14 0x00007fff
core   0: 0x80002760 (0x00d2f2b3) and     t0, t0, a3
core   0: 3 0x80002760 (0x00d2f2b3) x 5 0x00000000
core   0: 0x80002764 (0x0a638523) sb      t1, 170(t2)
core   0: 3 0x80002764 (0x0a638523) mem 0x8001ef1e 0x60
core   0: 0x80002768 (0xf7b3c603) lbu     a2, -133(t2)
core   0: 3 0x80002768 (0xf7b3c603) x12 0x000000a4 mem 0x8001edef
core   0: 0x8000276c (0x00278d33) add     s10, a5, sp
core   0: 3 0x8000276c (0x00278d33) x26 0x8002ed0a
core   0: 0x80002770 (0x01fd7a33) and     s4, s10, t6
core   0: 3 0x80002770 (0x01fd7a33) x20 0x8002ed02
core   0: 0x80002774 (0x1fdb6193) ori     gp, s6, 509
core   0: 3 0x80002774 (0x1fdb6193) x 3 0x000001fd
core   0: 0x80002778 (0xf9638523) sb      s6, -118(t2)
core   0: 3 0x80002778 (0xf9638523) mem 0x8001edfe 0xc4
core   0: 0x8000277c (0xf6c38923) sb      a2, -142(t2)
core   0: 3 0x8000277c (0xf6c38923) mem 0x8001ede6 0xa4
core   0: 0x80002780 (0xcb844413) xori    s0, s0, -840
core   0: 3 0x80002780 (0xcb844413) x 8 0x2aa04ba4
core   0: 0x80002784 (0x00072933) slt     s2, a4, zero
core   0: 3 0x80002784 (0x00072933) x18 0x00000000
core   0: 0x80002788 (0x0cc39783) lh      a5, 204(t2)
core   0: 3 0x80002788 (0x0cc39783) x15 0xfffffafb mem 0x8001ef40
core   0: 0x8000278c (0x0cb38d03) lb      s10, 203(t2)
core   0: 3 0x8000278c (0x0cb38d03) x26 0xfffffff4 mem 0x8001ef3f
core   0: 0x80002790 (0x0fd38783) lb      a5, 253(t2)
core   0: 3 0x80002790 (0x0fd38783) x15 0x0000002a mem 0x8001ef71
core   0: 0x80002794 (0x00189613) slli    a2, a7, 1
core   0: 3 0x80002794 (0x00189613) x12 0x00000002
core   0: 0x80002798 (0x07938583) lb      a1, 121(t2)
core   0: 3 0x80002798 (0x07938583) x11 0xffffffa6 mem 0x8001eeed
core   0: 0x8000279c (0x0001e217) auipc   tp, 0x1e
core   0: 3 0x8000279c (0x0001e217) x 4 0x8002079c
core   0: 0x800027a0 (0x22c20213) addi    tp, tp, 556
core   0: 3 0x800027a0 (0x22c20213) x 4 0x800209c8
core   0: 0x800027a4 (0xff924283) lbu     t0, -7(tp)
core   0: 3 0x800027a4 (0xff924283) x 5 0x0000007a mem 0x800209c1
core   0: 0x800027a8 (0x40f65613) srai    a2, a2, 15
core   0: 3 0x800027a8 (0x40f65613) x12 0x00000000
core   0: 0x800027ac (0xfd921a23) sh      s9, -44(tp)
core   0: 3 0x800027ac (0xfd921a23) mem 0x8002099c 0x000c
core   0: 0x800027b0 (0x37a38a13) addi    s4, t2, 890
core   0: 3 0x800027b0 (0x37a38a13) x20 0x8001f1ee
core   0: 0x800027b4 (0x03b24183) lbu     gp, 59(tp)
core   0: 3 0x800027b4 (0x03b24183) x 3 0x000000b8 mem 0x80020a03
core   0: 0x800027b8 (0x03020da3) sb      a6, 59(tp)
core   0: 3 0x800027b8 (0x03020da3) mem 0x80020a03 0x1
core   0: 0x800027bc (0x02221783) lh      a5, 34(tp)
core   0: 3 0x800027bc (0x02221783) x15 0xffffa0a1 mem 0x800209ea
core   0: 0x800027c0 (0x03a20b83) lb      s7, 58(tp)
core   0: 3 0x800027c0 (0x03a20b83) x23 0xffffffb9 mem 0x80020a02
core   0: 0x800027c4 (0x03a25603) lhu     a2, 58(tp)
core   0: 3 0x800027c4 (0x03a25603) x12 0x000001b9 mem 0x80020a02
core   0: 0x800027c8 (0x01b20903) lb      s2, 27(tp)
core   0: 3 0x800027c8 (0x01b20903) x18 0xffffff98 mem 0x800209e3
core   0: 0x800027cc (0xfce20b23) sb      a4, -42(tp)
core   0: 3 0x800027cc (0xfce20b23) mem 0x8002099e 0xff
core   0: 0x800027d0 (0xfd624483) lbu     s1, -42(tp)
core   0: 3 0x800027d0 (0xfd624483) x 9 0x000000ff mem 0x8002099e
core   0: 0x800027d4 (0xfce20c03) lb      s8, -50(tp)
core   0: 3 0x800027d4 (0xfce20c03) x24 0x0000004d mem 0x80020996
core   0: 0x800027d8 (0x00021597) auipc   a1, 0x21
core   0: 3 0x800027d8 (0x00021597) x11 0x800237d8
core   0: 0x800027dc (0x8f158593) addi    a1, a1, -1807
core   0: 3 0x800027dc (0x8f158593) x11 0x800230c9
core   0: 0x800027e0 (0x00bdca33) xor     s4, s11, a1
core   0: 3 0x800027e0 (0x00bdca33) x20 0x800230ef
core   0: 0x800027e4 (0xcc16e313) ori     t1, a3, -831
core   0: 3 0x800027e4 (0xcc16e313) x 6 0xfffffcc1
core   0: 0x800027e8 (0x0000100f) fence.i
core   0: 3 0x800027e8 (0x0000100f)
core   0: 0x800027ec (0x20f6a297) auipc   t0, 0x20f6a
core   0: 3 0x800027ec (0x20f6a297) x 5 0xa0f6c7ec
core   0: 0x800027f0 (0x6e458b83) lb      s7, 1764(a1)
core   0: 3 0x800027f0 (0x6e458b83) x23 0x00000066 mem 0x800237ad
core   0: 0x800027f4 (0x00153733) sltu    a4, a0, ra
core   0: 3 0x800027f4 (0x00153733) x14 0x00000001
core   0: 0x800027f8 (0x41b98b33) sub     s6, s3, s11
core   0: 3 0x800027f8 (0x41b98b33) x22 0x8002ae3e
core   0: 0x800027fc (0xa0b589a3) sb      a1, -1517(a1)
core   0: 3 0x800027fc (0xa0b589a3) mem 0x80022adc 0xc9
core   0: 0x80002800 (0xde158483) lb      s1, -543(a1)
core   0: 3 0x80002800 (0xde158483) x 9 0x00000061 mem 0x80022eaa
core   0: 0x80002804 (0x00d94033) xor     zero, s2, a3
core   0: 3 0x80002804 (0x00d94033)
core   0: 0x80002808 (0x00000013) nop
core   0: 3 0x80002808 (0x00000013)
core   0: 0x8000280c (0x5cd5de83) lhu     t4, 1485(a1)
core   0: 3 0x8000280c (0x5cd5de83) x29 0x00004c4d mem 0x80023696
core   0: 0x80002810 (0xf1158b83) lb      s7, -239(a1)
core   0: 3 0x80002810 (0xf1158b83) x23 0xffffff91 mem 0x80022fda
core   0: 0x80002814 (0x5b1597a3) sh      a7, 1455(a1)
core   0: 3 0x80002814 (0x5b1597a3) mem 0x80023678 0x0001
core   0: 0x80002818 (0x00f5a8b3) slt     a7, a1, a5
core   0: 3 0x80002818 (0x00f5a8b3) x17 0x00000001
core   0: 0x8000281c (0x3065c783) lbu     a5, 774(a1)
core   0: 3 0x8000281c (0x3065c783) x15 0x00000084 mem 0x800233cf
core   0: 0x80002820 (0x03f58483) lb      s1, 63(a1)
core   0: 3 0x80002820 (0x03f58483) x 9 0xffffffc3 mem 0x80023108
core   0: 0x80002824 (0x0000100f) fence.i
core   0: 3 0x80002824 (0x0000100f)
core   0: 0x80002828 (0xba866093) ori     ra, a2, -1112
core   0: 3 0x80002828 (0xba866093) x 1 0xfffffbb9
core   0: 0x8000282c (0x450062b7) lui     t0, 0x45006
core   0: 3 0x8000282c (0x450062b7) x 5 0x45006000
core   0: 0x80002830 (0x66a58523) sb      a0, 1642(a1)
core   0: 3 0x80002830 (0x66a58523) mem 0x80023733 0x0
core   0: 0x80002834 (0x006d6f33) or      t5, s10, t1
core   0: 3 0x80002834 (0x006d6f33) x30 0xfffffff5
core   0: 0x80002838 (0xc3b80797) auipc   a5, 0xc3b80
core   0: 3 0x80002838 (0xc3b80797) x15 0x43b82838
core   0: 0x8000283c (0x63e5ca03) lbu     s4, 1598(a1)
core   0: 3 0x8000283c (0x63e5ca03) x20 0x000000bc mem 0x80023707
core   0: 0x80002840 (0x5e258623) sb      sp, 1516(a1)
core   0: 3 0x80002840 (0x5e258623) mem 0x800236b5 0xe4
core   0: 0x80002844 (0x01eb10b3) sll     ra, s6, t5
core   0: 3 0x80002844 (0x01eb10b3) x 1 0xc7c00000
core   0: 0x80002848 (0x7dd5dd83) lhu     s11, 2013(a1)
core   0: 3 0x80002848 (0x7dd5dd83) x27 0x00005c5d mem 0x800238a6
core   0: 0x8000284c (0x73e58a03) lb      s4, 1854(a1)
core   0: 3 0x8000284c (0x73e58a03) x20 0xffffffbc mem 0x80023807
core   0: 0x80002850 (0xbdf58d83) lb      s11, -1057(a1)
core   0: 3 0x80002850 (0xbdf58d83) x27 0x00000063 mem 0x80022ca8
core   0: 0x80002854 (0x5365c783) lbu     a5, 1334(a1)
core   0: 3 0x80002854 (0x5365c783) x15 0x000000b4 mem 0x800235ff
core   0: 0x80002858 (0x40db50b3) sra     ra, s6, a3
core   0: 3 0x80002858 (0x40db50b3) x 1 0x8002ae3e
core   0: 0x8000285c (0x01a157b3) srl     a5, sp, s10
core   0: 3 0x8000285c (0x01a157b3) x15 0x00000800
core   0: 0x80002860 (0xe5e58c23) sb      t5, -424(a1)
core   0: 3 0x80002860 (0xe5e58c23) mem 0x80022f21 0xf5
core   0: 0x80002864 (0x00021597) auipc   a1, 0x21
core   0: 3 0x80002864 (0x00021597) x11 0x80023864
core   0: 0x80002868 (0x80e58593) addi    a1, a1, -2034
core   0: 3 0x80002868 (0x80e58593) x11 0x80023072
core   0: 0x8000286c (0x03758f03) lb      t5, 55(a1)
core   0: 3 0x8000286c (0x03758f03) x30 0x00000062 mem 0x800230a9
core   0: 0x80002870 (0x00000013) nop
core   0: 3 0x80002870 (0x00000013)
core   0: 0x80002874 (0xffc58c23) sb      t3, -8(a1)
core   0: 3 0x80002874 (0xffc58c23) mem 0x8002306a 0x0
core   0: 0x80002878 (0x0000100f) fence.i
core   0: 3 0x80002878 (0x0000100f)
core   0: 0x8000287c (0xe7302793) slti    a5, zero, -397
core   0: 3 0x8000287c (0xe7302793) x15 0x00000000
core   0: 0x80002880 (0xfd859c83) lh      s9, -40(a1)
core   0: 3 0x80002880 (0xfd859c83) x25 0x00000001 mem 0x8002304a
core   0: 0x80002884 (0xfd858b83) lb      s7, -40(a1)
core   0: 3 0x80002884 (0xfd858b83) x23 0x00000001 mem 0x8002304a
core   0: 0x80002888 (0x0145d083) lhu     ra, 20(a1)
core   0: 3 0x80002888 (0x0145d083) x 1 0x00003c3d mem 0x80023086
core   0: 0x8000288c (0xfd158c03) lb      s8, -47(a1)
core   0: 3 0x8000288c (0xfd158c03) x24 0xfffffff8 mem 0x80023043
core   0: 0x80002890 (0xfd15ce83) lbu     t4, -47(a1)
core   0: 3 0x80002890 (0xfd15ce83) x29 0x000000f8 mem 0x80023043
core   0: 0x80002894 (0xfd15c203) lbu     tp, -47(a1)
core   0: 3 0x80002894 (0xfd15c203) x 4 0x000000f8 mem 0x80023043
core   0: 0x80002898 (0x6dfacd13) xori    s10, s5, 1759
core   0: 3 0x80002898 (0x6dfacd13) x26 0x000003f1
core   0: 0x8000289c (0xc4e9b197) auipc   gp, 0xc4e9b
core   0: 3 0x8000289c (0xc4e9b197) x 3 0x44e9d89c
core   0: 0x800028a0 (0xfce588a3) sb      a4, -47(a1)
core   0: 3 0x800028a0 (0xfce588a3) mem 0x80023043 0x1
core   0: 0x800028a4 (0x02a580a3) sb      a0, 33(a1)
core   0: 3 0x800028a4 (0x02a580a3) mem 0x80023093 0x0
core   0: 0x800028a8 (0x02358303) lb      t1, 35(a1)
core   0: 3 0x800028a8 (0x02358303) x 6 0x0000004e mem 0x80023095
core   0: 0x800028ac (0xfd2581a3) sb      s2, -61(a1)
core   0: 3 0x800028ac (0xfd2581a3) mem 0x80023035 0x98
core   0: 0x800028b0 (0xfc35ce03) lbu     t3, -61(a1)
core   0: 3 0x800028b0 (0xfc35ce03) x28 0x00000098 mem 0x80023035
core   0: 0x800028b4 (0x00018817) auipc   a6, 0x18
core   0: 3 0x800028b4 (0x00018817) x16 0x8001a8b4
core   0: 0x800028b8 (0x1a580813) addi    a6, a6, 421
core   0: 3 0x800028b8 (0x1a580813) x16 0x8001aa59
core   0: 0x800028bc (0x00280603) lb      a2, 2(a6)
core   0: 3 0x800028bc (0x00280603) x12 0x00000010 mem 0x8001aa5b
core   0: 0x800028c0 (0x00980123) sb      s1, 2(a6)
core   0: 3 0x800028c0 (0x00980123) mem 0x8001aa5b 0xc3
core   0: 0x800028c4 (0x00280e83) lb      t4, 2(a6)
core   0: 3 0x800028c4 (0x00280e83) x29 0xffffffc3 mem 0x8001aa5b
core   0: 0x800028c8 (0x4119d433) sra     s0, s3, a7
core   0: 3 0x800028c8 (0x4119d433) x 8 0xc0015732
core   0: 0x800028cc (0x00f80123) sb      a5, 2(a6)
core   0: 3 0x800028cc (0x00f80123) mem 0x8001aa5b 0x0
core   0: 0x800028d0 (0x01235733) srl     a4, t1, s2
core   0: 3 0x800028d0 (0x01235733) x14 0x00000000
core   0: 0x800028d4 (0x00284083) lbu     ra, 2(a6)
core   0: 3 0x800028d4 (0x00284083) x 1 0x00000000 mem 0x8001aa5b
core   0: 0x800028d8 (0x00284f03) lbu     t5, 2(a6)
core   0: 3 0x800028d8 (0x00284f03) x30 0x00000000 mem 0x8001aa5b
core   0: 0x800028dc (0x0189e233) or      tp, s3, s8
core   0: 3 0x800028dc (0x0189e233) x 4 0xfffffffc
core   0: 0x800028e0 (0x00284183) lbu     gp, 2(a6)
core   0: 3 0x800028e0 (0x00284183) x 3 0x00000000 mem 0x8001aa5b
core   0: 0x800028e4 (0x00284303) lbu     t1, 2(a6)
core   0: 3 0x800028e4 (0x00284303) x 6 0x00000000 mem 0x8001aa5b
core   0: 0x800028e8 (0x4149d793) srai    a5, s3, 20
core   0: 3 0x800028e8 (0x4149d793) x15 0xfffff800
core   0: 0x800028ec (0x00480123) sb      tp, 2(a6)
core   0: 3 0x800028ec (0x00480123) mem 0x8001aa5b 0xfc
core   0: 0x800028f0 (0x01c80123) sb      t3, 2(a6)
core   0: 3 0x800028f0 (0x01c80123) mem 0x8001aa5b 0x98
core   0: 0x800028f4 (0x9a962017) auipc   zero, 0x9a962
core   0: 3 0x800028f4 (0x9a962017)
core   0: 0x800028f8 (0x00284b83) lbu     s7, 2(a6)
core   0: 3 0x800028f8 (0x00284b83) x23 0x00000098 mem 0x8001aa5b
core   0: 0x800028fc (0x00284e03) lbu     t3, 2(a6)
core   0: 3 0x800028fc (0x00284e03) x28 0x00000098 mem 0x8001aa5b
core   0: 0x80002900 (0x00280b03) lb      s6, 2(a6)
core   0: 3 0x80002900 (0x00280b03) x22 0xffffff98 mem 0x8001aa5b
core   0: 0x80002904 (0x00020097) auipc   ra, 0x20
core   0: 3 0x80002904 (0x00020097) x 1 0x80022904
core   0: 0x80002908 (0xce808093) addi    ra, ra, -792
core   0: 3 0x80002908 (0xce808093) x 1 0x800225ec
core   0: 0x8000290c (0xff30c803) lbu     a6, -13(ra)
core   0: 3 0x8000290c (0xff30c803) x16 0x00000094 mem 0x800225df
core   0: 0x80002910 (0xff308283) lb      t0, -13(ra)
core   0: 3 0x80002910 (0xff308283) x 5 0xffffff94 mem 0x800225df
core   0: 0x80002914 (0xff308c03) lb      s8, -13(ra)
core   0: 3 0x80002914 (0xff308c03) x24 0xffffff94 mem 0x800225df
core   0: 0x80002918 (0xff30cc03) lbu     s8, -13(ra)
core   0: 3 0x80002918 (0xff30cc03) x24 0x00000094 mem 0x800225df
core   0: 0x8000291c (0x7e19e013) ori     zero, s3, 2017
core   0: 3 0x8000291c (0x7e19e013)
core   0: 0x80002920 (0xff30c203) lbu     tp, -13(ra)
core   0: 3 0x80002920 (0xff30c203) x 4 0x00000094 mem 0x800225df
core   0: 0x80002924 (0x01f2e2b3) or      t0, t0, t6
core   0: 3 0x80002924 (0x01f2e2b3) x 5 0xffffffd6
core   0: 0x80002928 (0xff80ad03) lw      s10, -8(ra)
core   0: 3 0x80002928 (0xff80ad03) x26 0x9c9d9e9f mem 0x800225e4
core   0: 0x8000292c (0x0122e1b3) or      gp, t0, s2
core   0: 3 0x8000292c (0x0122e1b3) x 3 0xffffffde
core   0: 0x80002930 (0xff809b83) lh      s7, -8(ra)
core   0: 3 0x80002930 (0xff809b83) x23 0xffff9e9f mem 0x800225e4
core   0: 0x80002934 (0x00a0df83) lhu     t6, 10(ra)
core   0: 3 0x80002934 (0x00a0df83) x31 0x0000acad mem 0x800225f6
core   0: 0x80002938 (0x00a0ce03) lbu     t3, 10(ra)
core   0: 3 0x80002938 (0x00a0ce03) x28 0x000000ad mem 0x800225f6
core   0: 0x8000293c (0x00a0c603) lbu     a2, 10(ra)
core   0: 3 0x8000293c (0x00a0c603) x12 0x000000ad mem 0x800225f6
core   0: 0x80002940 (0x00108b03) lb      s6, 1(ra)
core   0: 3 0x80002940 (0x00108b03) x22 0xffffffa6 mem 0x800225ed
core   0: 0x80002944 (0x00023b97) auipc   s7, 0x23
core   0: 3 0x80002944 (0x00023b97) x23 0x80025944
core   0: 0x80002948 (0x21eb8b93) addi    s7, s7, 542
core   0: 3 0x80002948 (0x21eb8b93) x23 0x80025b62
core   0: 0x8000294c (0xfd5bcc03) lbu     s8, -43(s7)
core   0: 3 0x8000294c (0xfd5bcc03) x24 0x000000ec mem 0x80025b37
core   0: 0x80002950 (0xff5bc083) lbu     ra, -11(s7)
core   0: 3 0x80002950 (0xff5bc083) x 1 0x0000000c mem 0x80025b57
core   0: 0x80002954 (0x03bbc203) lbu     tp, 59(s7)
core   0: 3 0x80002954 (0x03bbc203) x 4 0x00000056 mem 0x80025b9d
core   0: 0x80002958 (0xfddb9e23) sh      t4, -36(s7)
core   0: 3 0x80002958 (0xfddb9e23) mem 0x80025b3e 0xffc3
core   0: 0x8000295c (0xfedb8f03) lb      t5, -19(s7)
core   0: 3 0x8000295c (0xfedb8f03) x30 0x00000004 mem 0x80025b4f
core   0: 0x80002960 (0xfedbc803) lbu     a6, -19(s7)
core   0: 3 0x80002960 (0xfedbc803) x16 0x00000004 mem 0x80025b4f
core   0: 0x80002964 (0x00d0c1b3) xor     gp, ra, a3
core   0: 3 0x80002964 (0x00d0c1b3) x 3 0x8000000c
core   0: 0x80002968 (0x00fb8d03) lb      s10, 15(s7)
core   0: 3 0x80002968 (0x00fb8d03) x26 0x0000002a mem 0x80025b71
core   0: 0x8000296c (0xffcb8c03) lb      s8, -4(s7)
core   0: 3 0x8000296c (0xffcb8c03) x24 0x00000015 mem 0x80025b5e
core   0: 0x80002970 (0xfc7bcf83) lbu     t6, -57(s7)
core   0: 3 0x80002970 (0xfc7bcf83) x31 0x000000e2 mem 0x80025b29
core   0: 0x80002974 (0x0097a2b3) slt     t0, a5, s1
core   0: 3 0x80002974 (0x0097a2b3) x 5 0x00000001
core   0: 0x80002978 (0xfc4bc603) lbu     a2, -60(s7)
core   0: 3 0x80002978 (0xfc4bc603) x12 0x000000dd mem 0x80025b26
core   0: 0x8000297c (0x00018f17) auipc   t5, 0x18
core   0: 3 0x8000297c (0x00018f17) x30 0x8001a97c
core   0: 0x80002980 (0x2fef0f13) addi    t5, t5, 766
core   0: 3 0x80002980 (0x2fef0f13) x30 0x8001ac7a
core   0: 0x80002984 (0x632a8d13) addi    s10, s5, 1586
core   0: 3 0x80002984 (0x632a8d13) x26 0x00000b60
core   0: 0x80002988 (0x01677533) and     a0, a4, s6
core   0: 3 0x80002988 (0x01677533) x10 0x00000000
core   0: 0x8000298c (0x100fec13) ori     s8, t6, 256
core   0: 3 0x8000298c (0x100fec13) x24 0x000001e2
core   0: 0x80002990 (0x007f1823) sh      t2, 16(t5)
core   0: 3 0x80002990 (0x007f1823) mem 0x8001ac8a 0xee74
core   0: 0x80002994 (0xff6f0e03) lb      t3, -10(t5)
core   0: 3 0x80002994 (0xff6f0e03) x28 0x0000002b mem 0x8001ac70
core   0: 0x80002998 (0x0102f3b3) and     t2, t0, a6
core   0: 3 0x80002998 (0x0102f3b3) x 7 0x00000000
core   0: 0x8000299c (0x001a7bb3) and     s7, s4, ra
core   0: 3 0x8000299c (0x001a7bb3) x23 0x0000000c
core   0: 0x800029a0 (0xa0e4ce13) xori    t3, s1, -1522
core   0: 3 0x800029a0 (0xa0e4ce13) x28 0x000005cd
core   0: 0x800029a4 (0x004f0283) lb      t0, 4(t5)
core   0: 3 0x800029a4 (0x004f0283) x 5 0x00000035 mem 0x8001ac7e
core   0: 0x800029a8 (0x8eeffd13) andi    s10, t6, -1810
core   0: 3 0x800029a8 (0x8eeffd13) x26 0x000000e2
core   0: 0x800029ac (0x6946fb93) andi    s7, a3, 1684
core   0: 3 0x800029ac (0x6946fb93) x23 0x00000000
core   0: 0x800029b0 (0xff9f4783) lbu     a5, -7(t5)
core   0: 3 0x800029b0 (0xff9f4783) x15 0x00000028 mem 0x8001ac73
core   0: 0x800029b4 (0x7e58b193) sltiu   gp, a7, 2021
core   0: 3 0x800029b4 (0x7e58b193) x 3 0x00000001
core   0: 0x800029b8 (0x00d7d893) srli    a7, a5, 13
core   0: 3 0x800029b8 (0x00d7d893) x17 0x00000000
core   0: 0x800029bc (0x014f07a3) sb      s4, 15(t5)
core   0: 3 0x800029bc (0x014f07a3) mem 0x8001ac89 0xbc
core   0: 0x800029c0 (0x28153793) sltiu   a5, a0, 641
core   0: 3 0x800029c0 (0x28153793) x15 0x00000001
core   0: 0x800029c4 (0xbbcbeb13) ori     s6, s7, -1092
core   0: 3 0x800029c4 (0xbbcbeb13) x22 0xfffffbbc
core   0: 0x800029c8 (0x1b893737) lui     a4, 0x1b893
core   0: 3 0x800029c8 (0x1b893737) x14 0x1b893000
core   0: 0x800029cc (0x11722c13) slti    s8, tp, 279
core   0: 3 0x800029cc (0x11722c13) x24 0x00000001
core   0: 0x800029d0 (0x0000100f) fence.i
core   0: 3 0x800029d0 (0x0000100f)
core   0: 0x800029d4 (0x0000100f) fence.i
core   0: 3 0x800029d4 (0x0000100f)
core   0: 0x800029d8 (0x010f0723) sb      a6, 14(t5)
core   0: 3 0x800029d8 (0x010f0723) mem 0x8001ac88 0x4
core   0: 0x800029dc (0x019f07a3) sb      s9, 15(t5)
core   0: 3 0x800029dc (0x019f07a3) mem 0x8001ac89 0x1
core   0: 0x800029e0 (0x00ecd333) srl     t1, s9, a4
core   0: 3 0x800029e0 (0x00ecd333) x 6 0x00000001
core   0: 0x800029e4 (0x01adc733) xor     a4, s11, s10
core   0: 3 0x800029e4 (0x01adc733) x14 0x00000081
core   0: 0x800029e8 (0x001f4b83) lbu     s7, 1(t5)
core   0: 3 0x800029e8 (0x001f4b83) x23 0x00000030 mem 0x8001ac7b
core   0: 0x800029ec (0x010f04a3) sb      a6, 9(t5)
core   0: 3 0x800029ec (0x010f04a3) mem 0x8001ac83 0x4
core   0: 0x800029f0 (0x006f2603) lw      a2, 6(t5)
core   0: 3 0x800029f0 (0x006f2603) x12 0x04393a3b mem 0x8001ac80
core   0: 0x800029f4 (0xe4ed2913) slti    s2, s10, -434
core   0: 3 0x800029f4 (0xe4ed2913) x18 0x00000000
core   0: 0x800029f8 (0x006f1823) sh      t1, 16(t5)
core   0: 3 0x800029f8 (0x006f1823) mem 0x8001ac8a 0x0001
core   0: 0x800029fc (0x00013a97) auipc   s5, 0x13
core   0: 3 0x800029fc (0x00013a97) x21 0x800159fc
core   0: 0x80002a00 (0x0fda8a93) addi    s5, s5, 253
core   0: 3 0x80002a00 (0x0fda8a93) x21 0x80015af9
core   0: 0x80002a04 (0x01ea82a3) sb      t5, 5(s5)
core   0: 3 0x80002a04 (0x01ea82a3) mem 0x80015afe 0x7a
core   0: 0x80002a08 (0x9a8eea13) ori     s4, t4, -1624
core   0: 3 0x80002a08 (0x9a8eea13) x20 0xffffffeb
core   0: 0x80002a0c (0x005a8403) lb      s0, 5(s5)
core   0: 3 0x80002a0c (0x005a8403) x 8 0x0000007a mem 0x80015afe
core   0: 0x80002a10 (0x005ad283) lhu     t0, 5(s5)
core   0: 3 0x80002a10 (0x005ad283) x 5 0x0000b47a mem 0x80015afe
core   0: 0x80002a14 (0x005a9903) lh      s2, 5(s5)
core   0: 3 0x80002a14 (0x005a9903) x18 0xffffb47a mem 0x80015afe
core   0: 0x80002a18 (0x005ac003) lbu     zero, 5(s5)
core   0: 3 0x80002a18 (0x005ac003) mem 0x80015afe
core   0: 0x80002a1c (0x011a82a3) sb      a7, 5(s5)
core   0: 3 0x80002a1c (0x011a82a3) mem 0x80015afe 0x0
core   0: 0x80002a20 (0x41be5433) sra     s0, t3, s11
core   0: 3 0x80002a20 (0x41be5433) x 8 0x000000b9
core   0: 0x80002a24 (0x00bd2e33) slt     t3, s10, a1
core   0: 3 0x80002a24 (0x00bd2e33) x28 0x00000000
core   0: 0x80002a28 (0x005a9803) lh      a6, 5(s5)
core   0: 3 0x80002a28 (0x005a9803) x16 0xffffb400 mem 0x80015afe
core   0: 0x80002a2c (0x004a92a3) sh      tp, 5(s5)
core   0: 3 0x80002a2c (0x004a92a3) mem 0x80015afe 0x0056
core   0: 0x80002a30 (0x010a82a3) sb      a6, 5(s5)
core   0: 3 0x80002a30 (0x010a82a3) mem 0x80015afe 0x0
core   0: 0x80002a34 (0x00000013) nop
core   0: 3 0x80002a34 (0x00000013)
core   0: 0x80002a38 (0x005ac503) lbu     a0, 5(s5)
core   0: 3 0x80002a38 (0x005ac503) x10 0x00000000 mem 0x80015afe
core   0: 0x80002a3c (0x005a8083) lb      ra, 5(s5)
core   0: 3 0x80002a3c (0x005a8083) x 1 0x00000000 mem 0x80015afe
core   0: 0x80002a40 (0x003ace03) lbu     t3, 3(s5)
core   0: 3 0x80002a40 (0x003ace03) x28 0x000000b7 mem 0x80015afc
core   0: 0x80002a44 (0x004a81a3) sb      tp, 3(s5)
core   0: 3 0x80002a44 (0x004a81a3) mem 0x80015afc 0x56
core   0: 0x80002a48 (0x006a81a3) sb      t1, 3(s5)
core   0: 3 0x80002a48 (0x006a81a3) mem 0x80015afc 0x1
core   0: 0x80002a4c (0x0000100f) fence.i
core   0: 3 0x80002a4c (0x0000100f)
core   0: 0x80002a50 (0x005a81a3) sb      t0, 3(s5)
core   0: 3 0x80002a50 (0x005a81a3) mem 0x80015afc 0x7a
core   0: 0x80002a54 (0x003a8203) lb      tp, 3(s5)
core   0: 3 0x80002a54 (0x003a8203) x 4 0x0000007a mem 0x80015afc
core   0: 0x80002a58 (0x000aa1a3) sw      zero, 3(s5)
core   0: 3 0x80002a58 (0x000aa1a3) mem 0x80015afc 0x00000000
core   0: 0x80002a5c (0x003a9b03) lh      s6, 3(s5)
core   0: 3 0x80002a5c (0x003a9b03) x22 0x00000000 mem 0x80015afc
core   0: 0x80002a60 (0x003aad83) lw      s11, 3(s5)
core   0: 3 0x80002a60 (0x003aad83) x27 0x00000000 mem 0x80015afc
core   0: 0x80002a64 (0x00023517) auipc   a0, 0x23
core   0: 3 0x80002a64 (0x00023517) x10 0x80025a64
core   0: 0x80002a68 (0x1d750513) addi    a0, a0, 471
core   0: 3 0x80002a68 (0x1d750513) x10 0x80025c3b
core   0: 0x80002a6c (0xc1d51603) lh      a2, -995(a0)
core   0: 3 0x80002a6c (0xc1d51603) x12 0x00001213 mem 0x80025858
core   0: 0x80002a70 (0x00021c17) auipc   s8, 0x21
core   0: 3 0x80002a70 (0x00021c17) x24 0x80023a70
core   0: 0x80002a74 (0xb45c0c13) addi    s8, s8, -1211
core   0: 3 0x80002a74 (0xb45c0c13) x24 0x800235b5
core   0: 0x80002a78 (0x3ff54a83) lbu     s5, 1023(a0)
core   0: 3 0x80002a78 (0x3ff54a83) x21 0x000000f1 mem 0x8002603a
core   0: 0x80002a7c (0x0b3c2e83) lw      t4, 179(s8)
core   0: 3 0x80002a7c (0x0b3c2e83) x29 0x20212223 mem 0x80023668
core   0: 0x80002a80 (0x00017497) auipc   s1, 0x17
core   0: 3 0x80002a80 (0x00017497) x 9 0x80019a80
core   0: 0x80002a84 (0xff148493) addi    s1, s1, -15
core   0: 3 0x80002a84 (0xff148493) x 9 0x80019a71
core   0: 0x80002a88 (0x00022c97) auipc   s9, 0x22
core   0: 3 0x80002a88 (0x00022c97) x25 0x80024a88
core   0: 0x80002a8c (0x34cc8c93) addi    s9, s9, 844
core   0: 3 0x80002a8c (0x34cc8c93) x25 0x80024dd4
core   0: 0x80002a90 (0x00022417) auipc   s0, 0x22
core   0: 3 0x80002a90 (0x00022417) x 8 0x80024a90
core   0: 0x80002a94 (0xbb640413) addi    s0, s0, -1098
core   0: 3 0x80002a94 (0xbb640413) x 8 0x80024646
core   0: 0x80002a98 (0xff1c8903) lb      s2, -15(s9)
core   0: 3 0x80002a98 (0xff1c8903) x18 0x0000007e mem 0x80024dc5
core   0: 0x80002a9c (0xff341c23) sh      s3, -8(s0)
core   0: 3 0x80002a9c (0xff341c23) mem 0x8002463e 0xae64
core   0: 0x80002aa0 (0x00d44603) lbu     a2, 13(s0)
core   0: 3 0x80002aa0 (0x00d44603) x12 0x00000008 mem 0x80024653
core   0: 0x80002aa4 (0x00ac81a3) sb      a0, 3(s9)
core   0: 3 0x80002aa4 (0x00ac81a3) mem 0x80024dd7 0x3b
core   0: 0x80002aa8 (0xe79c5d83) lhu     s11, -391(s8)
core   0: 3 0x80002aa8 (0xe79c5d83) x27 0x0000e4e5 mem 0x8002342e
core   0: 0x80002aac (0xfe648e03) lb      t3, -26(s1)
core   0: 3 0x80002aac (0xfe648e03) x28 0x0000000c mem 0x80019a57
core   0: 0x80002ab0 (0xf1a50783) lb      a5, -230(a0)
core   0: 3 0x80002ab0 (0xf1a50783) x15 0x0000000e mem 0x80025b55
core   0: 0x80002ab4 (0x2b850583) lb      a1, 696(a0)
core   0: 3 0x80002ab4 (0x2b850583) x11 0xffffffa8 mem 0x80025ef3
core   0: 0x80002ab8 (0xfc948d03) lb      s10, -55(s1)
core   0: 3 0x80002ab8 (0xfc948d03) x26 0xfffffff1 mem 0x80019a3a
core   0: 0x80002abc (0x0fc502a3) sb      t3, 229(a0)
core   0: 3 0x80002abc (0x0fc502a3) mem 0x80025d20 0xc
core   0: 0x80002ac0 (0x29ec4203) lbu     tp, 670(s8)
core   0: 3 0x80002ac0 (0x29ec4203) x 4 0x00000008 mem 0x80023853
core   0: 0x80002ac4 (0x00344a03) lbu     s4, 3(s0)
core   0: 3 0x80002ac4 (0x00344a03) x20 0x00000002 mem 0x80024649
core   0: 0x80002ac8 (0x012400a3) sb      s2, 1(s0)
core   0: 3 0x80002ac8 (0x012400a3) mem 0x80024647 0x7e
core   0: 0x80002acc (0x30751603) lh      a2, 775(a0)
core   0: 3 0x80002acc (0x30751603) x12 0xfffff8f9 mem 0x80025f42
core   0: 0x80002ad0 (0x00bc8083) lb      ra, 11(s9)
core   0: 3 0x80002ad0 (0x00bc8083) x 1 0xffffff94 mem 0x80024ddf
core   0: 0x80002ad4 (0x9f9c5003) lhu     zero, -1543(s8)
core   0: 3 0x80002ad4 (0x9f9c5003) mem 0x80022fae
core   0: 0x80002ad8 (0xa0dc1e03) lh      t3, -1523(s8)
core   0: 3 0x80002ad8 (0xa0dc1e03) x28 0x00007879 mem 0x80022fc2
core   0: 0x80002adc (0xff8c9b83) lh      s7, -8(s9)
core   0: 3 0x80002adc (0xff8c9b83) x23 0xffff8687 mem 0x80024dcc
core   0: 0x80002ae0 (0xffccce83) lbu     t4, -4(s9)
core   0: 3 0x80002ae0 (0xffccce83) x29 0x0000008b mem 0x80024dd0
core   0: 0x80002ae4 (0x00241f83) lh      t6, 2(s0)
core   0: 3 0x80002ae4 (0x00241f83) x31 0x00000203 mem 0x80024648
core   0: 0x80002ae8 (0x01248603) lb      a2, 18(s1)
core   0: 3 0x80002ae8 (0x01248603) x12 0x00000038 mem 0x80019a83
core   0: 0x80002aec (0x03f48823) sb      t6, 48(s1)
core   0: 3 0x80002aec (0x03f48823) mem 0x80019aa1 0x3
core   0: 0x80002af0 (0x82c50023) sb      a2, -2016(a0)
core   0: 3 0x80002af0 (0x82c50023) mem 0x8002545b 0x38
core   0: 0x80002af4 (0xffc41783) lh      a5, -4(s0)
core   0: 3 0x80002af4 (0xffc41783) x15 0xfffff8f9 mem 0x80024642
core   0: 0x80002af8 (0x001405a3) sb      ra, 11(s0)
core   0: 3 0x80002af8 (0x001405a3) mem 0x80024651 0x94
core   0: 0x80002afc (0xfd14c083) lbu     ra, -47(s1)
core   0: 3 0x80002afc (0xfd14c083) x 1 0x000000f9 mem 0x80019a42
core   0: 0x80002b00 (0xe6f55883) lhu     a7, -401(a0)
core   0: 3 0x80002b00 (0xe6f55883) x17 0x00006061 mem 0x80025aaa
core   0: 0x80002b04 (0xc2e54783) lbu     a5, -978(a0)
core   0: 3 0x80002b04 (0xc2e54783) x15 0x00000022 mem 0x80025869
core   0: 0x80002b08 (0x1c0c18a3) sh      zero, 465(s8)
core   0: 3 0x80002b08 (0x1c0c18a3) mem 0x80023786 0x0000
core   0: 0x80002b0c (0xf34c0d83) lb      s11, -204(s8)
core   0: 3 0x80002b0c (0xf34c0d83) x27 0xffffffa2 mem 0x800234e9
core   0: 0x80002b10 (0x00a41183) lh      gp, 10(s0)
core   0: 3 0x80002b10 (0x00a41183) x 3 0xffff940b mem 0x80024650
core   0: 0x80002b14 (0xec454783) lbu     a5, -316(a0)
core   0: 3 0x80002b14 (0xec454783) x15 0x000000b4 mem 0x80025aff
core   0: 0x80002b18 (0xff944203) lbu     tp, -7(s0)
core   0: 3 0x80002b18 (0xff944203) x 4 0x000000ae mem 0x8002463f
core   0: 0x80002b1c (0xfe24ada3) sw      sp, -5(s1)
core   0: 3 0x80002b1c (0xfe24ada3) mem 0x80019a6c 0x8002ece4
core   0: 0x80002b20 (0x02748603) lb      a2, 39(s1)
core   0: 3 0x80002b20 (0x02748603) x12 0x00000053 mem 0x80019a98
core   0: 0x80002b24 (0xff841f03) lh      t5, -8(s0)
core   0: 3 0x80002b24 (0xff841f03) x30 0xffffae64 mem 0x8002463e
core   0: 0x80002b28 (0x0001bc17) auipc   s8, 0x1b
core   0: 3 0x80002b28 (0x0001bc17) x24 0x8001db28
core   0: 0x80002b2c (0x1e0c0c13) addi    s8, s8, 480
core   0: 3 0x80002b2c (0x1e0c0c13) x24 0x8001dd08
core   0: 0x80002b30 (0x014c06a3) sb      s4, 13(s8)
core   0: 3 0x80002b30 (0x014c06a3) mem 0x8001dd15 0x2
core   0: 0x80002b34 (0x018c06a3) sb      s8, 13(s8)
core   0: 3 0x80002b34 (0x018c06a3) mem 0x8001dd15 0x8
core   0: 0x80002b38 (0x00dc0e83) lb      t4, 13(s8)
core   0: 3 0x80002b38 (0x00dc0e83) x29 0x00000008 mem 0x8001dd15
core   0: 0x80002b3c (0x00ec06a3) sb      a4, 13(s8)
core   0: 3 0x80002b3c (0x00ec06a3) mem 0x8001dd15 0x81
core   0: 0x80002b40 (0xffac1403) lh      s0, -6(s8)
core   0: 3 0x80002b40 (0xffac1403) x 8 0xffffb8b9 mem 0x8001dd02
core   0: 0x80002b44 (0xffac0803) lb      a6, -6(s8)
core   0: 3 0x80002b44 (0xffac0803) x16 0xffffffb9 mem 0x8001dd02
core   0: 0x80002b48 (0xffac5e03) lhu     t3, -6(s8)
core   0: 3 0x80002b48 (0xffac5e03) x28 0x0000b8b9 mem 0x8001dd02
core   0: 0x80002b4c (0x0058d093) srli    ra, a7, 5
core   0: 3 0x80002b4c (0x0058d093) x 1 0x00000303
core   0: 0x80002b50 (0xffac5b03) lhu     s6, -6(s8)
core   0: 3 0x80002b50 (0xffac5b03) x22 0x0000b8b9 mem 0x8001dd02
core   0: 0x80002b54 (0xffac1f03) lh      t5, -6(s8)
core   0: 3 0x80002b54 (0xffac1f03) x30 0xffffb8b9 mem 0x8001dd02
core   0: 0x80002b58 (0xffac4d03) lbu     s10, -6(s8)
core   0: 3 0x80002b58 (0xffac4d03) x26 0x000000b9 mem 0x8001dd02
core   0: 0x80002b5c (0xfe6c1d23) sh      t1, -6(s8)
core   0: 3 0x80002b5c (0xfe6c1d23) mem 0x8001dd02 0x0001
core   0: 0x80002b60 (0xffac0003) lb      zero, -6(s8)
core   0: 3 0x80002b60 (0xffac0003) mem 0x8001dd02
core   0: 0x80002b64 (0x00019e97) auipc   t4, 0x19
core   0: 3 0x80002b64 (0x00019e97) x29 0x8001bb64
core   0: 0x80002b68 (0x695e8e93) addi    t4, t4, 1685
core   0: 3 0x80002b68 (0x695e8e93) x29 0x8001c1f9
core   0: 0x80002b6c (0x00013797) auipc   a5, 0x13
core   0: 3 0x80002b6c (0x00013797) x15 0x80015b6c
core   0: 0x80002b70 (0xf2678793) addi    a5, a5, -218
core   0: 3 0x80002b70 (0xf2678793) x15 0x80015a92
core   0: 0x80002b74 (0xf6fedf03) lhu     t5, -145(t4)
core   0: 3 0x80002b74 (0xf6fedf03) x30 0x00002223 mem 0x8001c168
core   0: 0x80002b78 (0x9a279803) lh      a6, -1630(a5)
core   0: 3 0x80002b78 (0x9a279803) x16 0xffffeeef mem 0x80015434
core   0: 0x80002b7c (0x85b78b83) lb      s7, -1957(a5)
core   0: 3 0x80002b7c (0x85b78b83) x23 0xffffffa6 mem 0x800152ed
core   0: 0x80002b80 (0x0a6eafa3) sw      t1, 191(t4)
core   0: 3 0x80002b80 (0x0a6eafa3) mem 0x8001c2b8 0x00000001
core   0: 0x80002b84 (0x004e8703) lb      a4, 4(t4)
core   0: 3 0x80002b84 (0x004e8703) x14 0xffffffb6 mem 0x8001c1fd
core   0: 0x80002b88 (0xd2878823) sb      s0, -720(a5)
core   0: 3 0x80002b88 (0xd2878823) mem 0x800157c2 0xb9
core   0: 0x80002b8c (0x083e8623) sb      gp, 140(t4)
core   0: 3 0x80002b8c (0x083e8623) mem 0x8001c285 0xb
core   0: 0x80002b90 (0xf63eaa83) lw      s5, -157(t4)
core   0: 3 0x80002b90 (0xf63eaa83) x21 0x14151617 mem 0x8001c15c
core   0: 0x80002b94 (0x1be7aa83) lw      s5, 446(a5)
core   0: 3 0x80002b94 (0x1be7aa83) x21 0x08090a0b mem 0x80015c50
core   0: 0x80002b98 (0x57b788a3) sb      s11, 1393(a5)
core   0: 3 0x80002b98 (0x57b788a3) mem 0x80016003 0xa2
core   0: 0x80002b9c (0x00012f97) auipc   t6, 0x12
core   0: 3 0x80002b9c (0x00012f97) x31 0x80014b9c
core   0: 0x80002ba0 (0x6d7f8f93) addi    t6, t6, 1751
core   0: 3 0x80002ba0 (0x6d7f8f93) x31 0x80015273
core   0: 0x80002ba4 (0x001893b3) sll     t2, a7, ra
core   0: 3 0x80002ba4 (0x001893b3) x 7 0x00030308
core   0: 0x80002ba8 (0x7b573f13) sltiu   t5, a4, 1973
core   0: 3 0x80002ba8 (0x7b573f13) x30 0x00000000
core   0: 0x80002bac (0x00ef8203) lb      tp, 14(t6)
core   0: 3 0x80002bac (0x00ef8203) x 4 0x0000003a mem 0x80015281
core   0: 0x80002bb0 (0x00ef8c83) lb      s9, 14(t6)
core   0: 3 0x80002bb0 (0x00ef8c83) x25 0x0000003a mem 0x80015281
core   0: 0x80002bb4 (0x009fd303) lhu     t1, 9(t6)
core   0: 3 0x80002bb4 (0x009fd303) x 6 0x00009a37 mem 0x8001527c
core   0: 0x80002bb8 (0x009f8903) lb      s2, 9(t6)
core   0: 3 0x80002bb8 (0x009f8903) x18 0x00000037 mem 0x8001527c
core   0: 0x80002bbc (0x54284793) xori    a5, a6, 1346
core   0: 3 0x80002bbc (0x54284793) x15 0xffffebad
core   0: 0x80002bc0 (0x008fcf03) lbu     t5, 8(t6)
core   0: 3 0x80002bc0 (0x008fcf03) x30 0x00000030 mem 0x8001527b
core   0: 0x80002bc4 (0x016f8423) sb      s6, 8(t6)
core   0: 3 0x80002bc4 (0x016f8423) mem 0x8001527b 0xb9
core   0: 0x80002bc8 (0x001fca03) lbu     s4, 1(t6)
core   0: 3 0x80002bc8 (0x001fca03) x20 0x0000002f mem 0x80015274
core   0: 0x80002bcc (0x01df8523) sb      t4, 10(t6)
core   0: 3 0x80002bcc (0x01df8523) mem 0x8001527d 0xf9
core   0: 0x80002bd0 (0x41528733) sub     a4, t0, s5
core   0: 3 0x80002bd0 (0x41528733) x14 0xf7f7aa6f
core   0: 0x80002bd4 (0x004b1293) slli    t0, s6, 4
core   0: 3 0x80002bd4 (0x004b1293) x 5 0x000b8b90
core   0: 0x80002bd8 (0x0029adb3) slt     s11, s3, sp
core   0: 3 0x80002bd8 (0x0029adb3) x27 0x00000001
core   0: 0x80002bdc (0x001f8383) lb      t2, 1(t6)
core   0: 3 0x80002bdc (0x001f8383) x 7 0x0000002f mem 0x80015274
core   0: 0x80002be0 (0xff7f9a03) lh      s4, -9(t6)
core   0: 3 0x80002be0 (0xff7f9a03) x20 0x00002021 mem 0x8001526a
core   0: 0x80002be4 (0xff7f8d03) lb      s10, -9(t6)
core   0: 3 0x80002be4 (0xff7f8d03) x26 0x00000021 mem 0x8001526a
core   0: 0x80002be8 (0xff1f9d83) lh      s11, -15(t6)
core   0: 3 0x80002be8 (0xff1f9d83) x27 0x00001e1f mem 0x80015264
core   0: 0x80002bec (0xff1f9803) lh      a6, -15(t6)
core   0: 3 0x80002bec (0xff1f9803) x16 0x00001e1f mem 0x80015264
core   0: 0x80002bf0 (0x00cf8023) sb      a2, 0(t6)
core   0: 3 0x80002bf0 (0x00cf8023) mem 0x80015273 0x53
core   0: 0x80002bf4 (0x000fc803) lbu     a6, 0(t6)
core   0: 3 0x80002bf4 (0x000fc803) x16 0x00000053 mem 0x80015273
core   0: 0x80002bf8 (0x00013217) auipc   tp, 0x13
core   0: 3 0x80002bf8 (0x00013217) x 4 0x80015bf8
core   0: 0x80002bfc (0xa5d20213) addi    tp, tp, -1443
core   0: 3 0x80002bfc (0xa5d20213) x 4 0x80015655
core   0: 0x80002c00 (0x02720923) sb      t2, 50(tp)
core   0: 3 0x80002c00 (0x02720923) mem 0x80015687 0x2f
core   0: 0x80002c04 (0x00013317) auipc   t1, 0x13
core   0: 3 0x80002c04 (0x00013317) x 6 0x80015c04
core   0: 0x80002c08 (0xe9230313) addi    t1, t1, -366
core   0: 3 0x80002c08 (0xe9230313) x 6 0x80015a96
core   0: 0x80002c0c (0x00830d03) lb      s10, 8(t1)
core   0: 3 0x80002c0c (0x00830d03) x26 0x00000000 mem 0x80015a9e
core   0: 0x80002c10 (0xf2020583) lb      a1, -224(tp)
core   0: 3 0x80002c10 (0xf2020583) x11 0x0000002e mem 0x80015575
core   0: 0x80002c14 (0xffe32403) lw      s0, -2(t1)
core   0: 3 0x80002c14 (0xffe32403) x 8 0x4c4dfe4f mem 0x80015a94
core   0: 0x80002c18 (0x017304a3) sb      s7, 9(t1)
core   0: 3 0x80002c18 (0x017304a3) mem 0x80015a9f 0xa6
core   0: 0x80002c1c (0xfb824903) lbu     s2, -72(tp)
core   0: 3 0x80002c1c (0xfb824903) x18 0x000000c6 mem 0x8001560d
core   0: 0x80002c20 (0xf4d21083) lh      ra, -179(tp)
core   0: 3 0x80002c20 (0xf4d21083) x 1 0x00005859 mem 0x800155a2
core   0: 0x80002c24 (0x00d30283) lb      t0, 13(t1)
core   0: 3 0x80002c24 (0x00d30283) x 5 0x00000058 mem 0x80015aa3
core   0: 0x80002c28 (0x0b720383) lb      t2, 183(tp)
core   0: 3 0x80002c28 (0x0b720383) x 7 0xffffffc7 mem 0x8001570c
core   0: 0x80002c2c (0x00334603) lbu     a2, 3(t1)
core   0: 3 0x80002c2c (0x00334603) x12 0x00000052 mem 0x80015a99
core   0: 0x80002c30 (0xfe430c23) sb      tp, -8(t1)
core   0: 3 0x80002c30 (0xfe430c23) mem 0x80015a8e 0x55
core   0: 0x80002c34 (0x05a20803) lb      a6, 90(tp)
core   0: 3 0x80002c34 (0x05a20803) x16 0x00000064 mem 0x800156af
core   0: 0x80002c38 (0xff631e03) lh      t3, -10(t1)
core   0: 3 0x80002c38 (0xff631e03) x28 0x00004647 mem 0x80015a8c
core   0: 0x80002c3c (0x07c20d23) sb      t3, 122(tp)
core   0: 3 0x80002c3c (0x07c20d23) mem 0x800156cf 0x47
core   0: 0x80002c40 (0x00334e83) lbu     t4, 3(t1)
core   0: 3 0x80002c40 (0x00334e83) x29 0x00000052 mem 0x80015a99
core   0: 0x80002c44 (0xf0f24f83) lbu     t6, -241(tp)
core   0: 3 0x80002c44 (0xf0f24f83) x31 0x0000001f mem 0x80015564
core   0: 0x80002c48 (0x00021c97) auipc   s9, 0x21
core   0: 3 0x80002c48 (0x00021c97) x25 0x80023c48
core   0: 0x80002c4c (0xcc4c8c93) addi    s9, s9, -828
core   0: 3 0x80002c4c (0xcc4c8c93) x25 0x8002390c
core   0: 0x80002c50 (0xfdecc883) lbu     a7, -34(s9)
core   0: 3 0x80002c50 (0xfdecc883) x17 0x000000a1 mem 0x800238ea
core   0: 0x80002c54 (0xfdec9503) lh      a0, -34(s9)
core   0: 3 0x80002c54 (0xfdec9503) x10 0xffffa0a1 mem 0x800238ea
core   0: 0x80002c58 (0xfcdc9f23) sh      a3, -34(s9)
core   0: 3 0x80002c58 (0xfcdc9f23) mem 0x800238ea 0x0000
core   0: 0x80002c5c (0x020c9323) sh      zero, 38(s9)
core   0: 3 0x80002c5c (0x020c9323) mem 0x80023932 0x0000
core   0: 0x80002c60 (0x026cc583) lbu     a1, 38(s9)
core   0: 3 0x80002c60 (0x026cc583) x11 0x00000000 mem 0x80023932
core   0: 0x80002c64 (0x00cc89a3) sb      a2, 19(s9)
core   0: 3 0x80002c64 (0x00cc89a3) mem 0x8002391f 0x52
core   0: 0x80002c68 (0x013cce03) lbu     t3, 19(s9)
core   0: 3 0x80002c68 (0x013cce03) x28 0x00000052 mem 0x8002391f
core   0: 0x80002c6c (0x013cc383) lbu     t2, 19(s9)
core   0: 3 0x80002c6c (0x013cc383) x 7 0x00000052 mem 0x8002391f
core   0: 0x80002c70 (0xff2c9a03) lh      s4, -14(s9)
core   0: 3 0x80002c70 (0xff2c9a03) x20 0xffffb4b5 mem 0x800238fe
core   0: 0x80002c74 (0x00cc89a3) sb      a2, 19(s9)
core   0: 3 0x80002c74 (0x00cc89a3) mem 0x8002391f 0x52
core   0: 0x80002c78 (0x013cc183) lbu     gp, 19(s9)
core   0: 3 0x80002c78 (0x013cc183) x 3 0x00000052 mem 0x8002391f
core   0: 0x80002c7c (0xfdec9d23) sh      t5, -38(s9)
core   0: 3 0x80002c7c (0xfdec9d23) mem 0x800238e6 0x0030
core   0: 0x80002c80 (0x8aff0b93) addi    s7, t5, -1873
core   0: 3 0x80002c80 (0x8aff0b93) x23 0xfffff8df
core   0: 0x80002c84 (0xfdac8783) lb      a5, -38(s9)
core   0: 3 0x80002c84 (0xfdac8783) x15 0x00000030 mem 0x800238e6
core   0: 0x80002c88 (0x003cc383) lbu     t2, 3(s9)
core   0: 3 0x80002c88 (0x003cc383) x 7 0x000000c4 mem 0x8002390f
core   0: 0x80002c8c (0x024c80a3) sb      tp, 33(s9)
core   0: 3 0x80002c8c (0x024c80a3) mem 0x8002392d 0x55
core   0: 0x80002c90 (0x007c8923) sb      t2, 18(s9)
core   0: 3 0x80002c90 (0x007c8923) mem 0x8002391e 0xc4
core   0: 0x80002c94 (0xa8f48e13) addi    t3, s1, -1393
core   0: 3 0x80002c94 (0xa8f48e13) x28 0x80019500
core   0: 0x80002c98 (0xfcaccf03) lbu     t5, -54(s9)
core   0: 3 0x80002c98 (0xfcaccf03) x30 0x0000008d mem 0x800238d6
core   0: 0x80002c9c (0xfd9c9523) sh      s9, -54(s9)
core   0: 3 0x80002c9c (0xfd9c9523) mem 0x800238d6 0x390c
core   0: 0x80002ca0 (0x013267b3) or      a5, tp, s3
core   0: 3 0x80002ca0 (0x013267b3) x15 0x8003fe75
core   0: 0x80002ca4 (0xff1c89a3) sb      a7, -13(s9)
core   0: 3 0x80002ca4 (0xff1c89a3) mem 0x800238ff 0xa1
core   0: 0x80002ca8 (0x00013917) auipc   s2, 0x13
core   0: 3 0x80002ca8 (0x00013917) x18 0x80015ca8
core   0: 0x80002cac (0x91190913) addi    s2, s2, -1775
core   0: 3 0x80002cac (0x91190913) x18 0x800155b9
core   0: 0x80002cb0 (0x00228533) add     a0, t0, sp
core   0: 3 0x80002cb0 (0x00228533) x10 0x8002ed3c
core   0: 0x80002cb4 (0x75b94c03) lbu     s8, 1883(s2)
core   0: 3 0x80002cb4 (0x75b94c03) x24 0x000000cf mem 0x80015d14
core   0: 0x80002cb8 (0xe1690a03) lb      s4, -490(s2)
core   0: 3 0x80002cb8 (0xe1690a03) x20 0xffffff84 mem 0x800153cf
core   0: 0x80002cbc (0x41288eb3) sub     t4, a7, s2
core   0: 3 0x80002cbc (0x41288eb3) x29 0x7ffeaae8
core   0: 0x80002cc0 (0x0000100f) fence.i
core   0: 3 0x80002cc0 (0x0000100f)
core   0: 0x80002cc4 (0x18090d83) lb      s11, 384(s2)
core   0: 3 0x80002cc4 (0x18090d83) x27 0xfffffff2 mem 0x80015739
core   0: 0x80002cc8 (0x01c90923) sb      t3, 18(s2)
core   0: 3 0x80002cc8 (0x01c90923) mem 0x800155cb 0x0
core   0: 0x80002ccc (0x2ad906a3) sb      a3, 685(s2)
core   0: 3 0x80002ccc (0x2ad906a3) mem 0x80015866 0x0
core   0: 0x80002cd0 (0x006c4033) xor     zero, s8, t1
core   0: 3 0x80002cd0 (0x006c4033)
core   0: 0x80002cd4 (0x000a0d33) add     s10, s4, zero
core   0: 3 0x80002cd4 (0x000a0d33) x26 0xffffff84
core   0: 0x80002cd8 (0x0ff0000f) fence   iorw,iorw
core   0: 3 0x80002cd8 (0x0ff0000f)
core   0: 0x80002cdc (0x00000013) nop
core   0: 3 0x80002cdc (0x00000013)
core   0: 0x80002ce0 (0x419652b3) sra     t0, a2, s9
core   0: 3 0x80002ce0 (0x419652b3) x 5 0x00000000
core   0: 0x80002ce4 (0x00539bb3) sll     s7, t2, t0
core   0: 3 0x80002ce4 (0x00539bb3) x23 0x000000c4
core   0: 0x80002ce8 (0x79d91003) lh      zero, 1949(s2)
core   0: 3 0x80002ce8 (0x79d91003) mem 0x80015d56
core   0: 0x80002cec (0xbfef02b7) lui     t0, 0xbfef0
core   0: 3 0x80002cec (0xbfef02b7) x 5 0xbfef0000
core   0: 0x80002cf0 (0x51892ba3) sw      s8, 1303(s2)
core   0: 3 0x80002cf0 (0x51892ba3) mem 0x80015ad0 0x000000cf
core   0: 0x80002cf4 (0x412fde93) srai    t4, t6, 18
core   0: 3 0x80002cf4 (0x412fde93) x29 0x00000000
core   0: 0x80002cf8 (0x27c925a3) sw      t3, 619(s2)
core   0: 3 0x80002cf8 (0x27c925a3) mem 0x80015824 0x80019500
core   0: 0x80002cfc (0x405d5713) srai    a4, s10, 5
core   0: 3 0x80002cfc (0x405d5713) x14 0xfffffffc
core   0: 0x80002d00 (0x00000013) nop
core   0: 3 0x80002d00 (0x00000013)
core   0: 0x80002d04 (0xa79c4093) xori    ra, s8, -1415
core   0: 3 0x80002d04 (0xa79c4093) x 1 0xfffffab6
core   0: 0x80002d08 (0xe2490223) sb      tp, -476(s2)
core   0: 3 0x80002d08 (0xe2490223) mem 0x800153dd 0x55
core   0: 0x80002d0c (0xa664a513) slti    a0, s1, -1434
core   0: 3 0x80002d0c (0xa664a513) x10 0x00000001
core   0: 0x80002d10 (0xece90823) sb      a4, -304(s2)
core   0: 3 0x80002d10 (0xece90823) mem 0x80015489 0xfc
core   0: 0x80002d14 (0x00014c97) auipc   s9, 0x14
core   0: 3 0x80002d14 (0x00014c97) x25 0x80016d14
core   0: 0x80002d18 (0x55dc8c93) addi    s9, s9, 1373
core   0: 3 0x80002d18 (0x55dc8c93) x25 0x80017271
core   0: 0x80002d1c (0x00000013) nop
core   0: 3 0x80002d1c (0x00000013)
core   0: 0x80002d20 (0x40708033) sub     zero, ra, t2
core   0: 3 0x80002d20 (0x40708033)
core   0: 0x80002d24 (0xfe7c8b23) sb      t2, -10(s9)
core   0: 3 0x80002d24 (0xfe7c8b23) mem 0x80017267 0xc4
core   0: 0x80002d28 (0x00fc9c03) lh      s8, 15(s9)
core   0: 3 0x80002d28 (0x00fc9c03) x24 0x00003a3b mem 0x80017280
core   0: 0x80002d2c (0xff1cdb83) lhu     s7, -15(s9)
core   0: 3 0x80002d2c (0xff1cdb83) x23 0x00001819 mem 0x80017262
core   0: 0x80002d30 (0x0ff0000f) fence   iorw,iorw
core   0: 3 0x80002d30 (0x0ff0000f)
core   0: 0x80002d34 (0x0196c3b3) xor     t2, a3, s9
core   0: 3 0x80002d34 (0x0196c3b3) x 7 0x00017271
core   0: 0x80002d38 (0x8041de37) lui     t3, 0x8041d
core   0: 3 0x80002d38 (0x8041de37) x28 0x8041d000
core   0: 0x80002d3c (0x00664733) xor     a4, a2, t1
core   0: 3 0x80002d3c (0x00664733) x14 0x80015ac4
core   0: 0x80002d40 (0xff0c8b83) lb      s7, -16(s9)
core   0: 3 0x80002d40 (0xff0c8b83) x23 0x0000001a mem 0x80017261
core   0: 0x80002d44 (0x002da333) slt     t1, s11, sp
core   0: 3 0x80002d44 (0x002da333) x 6 0x00000000
core   0: 0x80002d48 (0x0125e3b3) or      t2, a1, s2
core   0: 3 0x80002d48 (0x0125e3b3) x 7 0x800155b9
core   0: 0x80002d4c (0x44ca3613) sltiu   a2, s4, 1100
core   0: 3 0x80002d4c (0x44ca3613) x12 0x00000000
core   0: 0x80002d50 (0x006cc483) lbu     s1, 6(s9)
core   0: 3 0x80002d50 (0x006cc483) x 9 0x0000002c mem 0x80017277
core   0: 0x80002d54 (0xfe8c8e23) sb      s0, -4(s9)
core   0: 3 0x80002d54 (0xfe8c8e23) mem 0x8001726d 0x4f
core   0: 0x80002d58 (0x001f9c13) slli    s8, t6, 1
core   0: 3 0x80002d58 (0x001f9c13) x24 0x0000003e
core   0: 0x80002d5c (0x403ddd33) sra     s10, s11, gp
core   0: 3 0x80002d5c (0x403ddd33) x26 0xffffffff
core   0: 0x80002d60 (0x01fc8223) sb      t6, 4(s9)
core   0: 3 0x80002d60 (0x01fc8223) mem 0x80017275 0x1f
core   0: 0x80002d64 (0x40f15933) sra     s2, sp, a5
core   0: 3 0x80002d64 (0x40f15933) x18 0xfffffc00
core   0: 0x80002d68 (0x55ac6b13) ori     s6, s8, 1370
core   0: 3 0x80002d68 (0x55ac6b13) x22 0x0000057e
core   0: 0x80002d6c (0x004ccd03) lbu     s10, 4(s9)
core   0: 3 0x80002d6c (0x004ccd03) x26 0x0000001f mem 0x80017275
core   0: 0x80002d70 (0x40bc5293) srai    t0, s8, 11
core   0: 3 0x80002d70 (0x40bc5293) x 5 0x00000000
core   0: 0x80002d74 (0x00254c33) xor     s8, a0, sp
core   0: 3 0x80002d74 (0x00254c33) x24 0x8002ece5
core   0: 0x80002d78 (0xe1046413) ori     s0, s0, -496
core   0: 3 0x80002d78 (0xe1046413) x 8 0xfffffe5f
core   0: 0x80002d7c (0x000c8223) sb      zero, 4(s9)
core   0: 3 0x80002d7c (0x000c8223) mem 0x80017275 0x0
core   0: 0x80002d80 (0xffdcd583) lhu     a1, -3(s9)
core   0: 3 0x80002d80 (0xffdcd583) x11 0x00002425 mem 0x8001726e
core   0: 0x80002d84 (0x00014f17) auipc   t5, 0x14
core   0: 3 0x80002d84 (0x00014f17) x30 0x80016d84
core   0: 0x80002d88 (0x85bf0f13) addi    t5, t5, -1957
core   0: 3 0x80002d88 (0x85bf0f13) x30 0x800165df
core   0: 0x80002d8c (0x3a66fd17) auipc   s10, 0x3a66f
core   0: 3 0x80002d8c (0x3a66fd17) x26 0xba671d8c
core   0: 0x80002d90 (0x0c6f0583) lb      a1, 198(t5)
core   0: 3 0x80002d90 (0x0c6f0583) x11 0x0000005e mem 0x800166a5
core   0: 0x80002d94 (0xf58f0283) lb      t0, -168(t5)
core   0: 3 0x80002d94 (0xf58f0283) x 5 0xffffffec mem 0x80016537
core   0: 0x80002d98 (0x00cbf5b3) and     a1, s7, a2
core   0: 3 0x80002d98 (0x00cbf5b3) x11 0x00000000
core   0: 0x80002d9c (0x40bc5713) srai    a4, s8, 11
core   0: 3 0x80002d9c (0x40bc5713) x14 0xfff0005d
core   0: 0x80002da0 (0x008dedb3) or      s11, s11, s0
core   0: 3 0x80002da0 (0x008dedb3) x27 0xffffffff
core   0: 0x80002da4 (0x011a2cb3) slt     s9, s4, a7
core   0: 3 0x80002da4 (0x011a2cb3) x25 0x00000001
core   0: 0x80002da8 (0xb479c317) auipc   t1, 0xb479c
core   0: 3 0x80002da8 (0xb479c317) x 6 0x3479eda8
core   0: 0x80002dac (0x0c0f4e83) lbu     t4, 192(t5)
core   0: 3 0x80002dac (0x0c0f4e83) x29 0x00000054 mem 0x8001669f
core   0: 0x80002db0 (0xf4bf0f83) lb      t6, -181(t5)
core   0: 3 0x80002db0 (0xf4bf0f83) x31 0xffffffe1 mem 0x8001652a
core   0: 0x80002db4 (0x1c1ab013) sltiu   zero, s5, 449
core   0: 3 0x80002db4 (0x1c1ab013)
core   0: 0x80002db8 (0x01a2ffb3) and     t6, t0, s10
core   0: 3 0x80002db8 (0x01a2ffb3) x31 0xba671d8c
core   0: 0x80002dbc (0x017f5883) lhu     a7, 23(t5)
core   0: 3 0x80002dbc (0x017f5883) x17 0x0000acad mem 0x800165f6
core   0: 0x80002dc0 (0x00b45193) srli    gp, s0, 11
core   0: 3 0x80002dc0 (0x00b45193) x 3 0x001fffff
core   0: 0x80002dc4 (0x010efc33) and     s8, t4, a6
core   0: 3 0x80002dc4 (0x010efc33) x24 0x00000044
core   0: 0x80002dc8 (0x9d14b937) lui     s2, 0x9d14b
core   0: 3 0x80002dc8 (0x9d14b937) x18 0x9d14b000
core   0: 0x80002dcc (0x01dd7333) and     t1, s10, t4
core   0: 3 0x80002dcc (0x01dd7333) x 6 0x00000004
core   0: 0x80002dd0 (0x41295cb3) sra     s9, s2, s2
core   0: 3 0x80002dd0 (0x41295cb3) x25 0x9d14b000
core   0: 0x80002dd4 (0x046f0a23) sb      t1, 84(t5)
core   0: 3 0x80002dd4 (0x046f0a23) mem 0x80016633 0x4
core   0: 0x80002dd8 (0x00d45db3) srl     s11, s0, a3
core   0: 3 0x80002dd8 (0x00d45db3) x27 0xfffffe5f
core   0: 0x80002ddc (0x063f06a3) sb      gp, 109(t5)
core   0: 3 0x80002ddc (0x063f06a3) mem 0x8001664c 0xff
core   0: 0x80002de0 (0x796cf393) andi    t2, s9, 1942
core   0: 3 0x80002de0 (0x796cf393) x 7 0x00000000
core   0: 0x80002de4 (0xfe7f0483) lb      s1, -25(t5)
core   0: 3 0x80002de4 (0xfe7f0483) x 9 0x0000007d mem 0x800165c6
core   0: 0x80002de8 (0x004a1393) slli    t2, s4, 4
core   0: 3 0x80002de8 (0x004a1393) x 7 0xfffff840
core   0: 0x80002dec (0x00de2933) slt     s2, t3, a3
core   0: 3 0x80002dec (0x00de2933) x18 0x00000000
core   0: 0x80002df0 (0x0ff0000f) fence   iorw,iorw
core   0: 3 0x80002df0 (0x0ff0000f)
core   0: 0x80002df4 (0x01028733) add     a4, t0, a6
core   0: 3 0x80002df4 (0x01028733) x14 0x00000050
core   0: 0x80002df8 (0x00cf1713) slli    a4, t5, 12
core   0: 3 0x80002df8 (0x00cf1713) x14 0x165df000
core   0: 0x80002dfc (0xb6630293) addi    t0, t1, -1178
core   0: 3 0x80002dfc (0xb6630293) x 5 0xfffffb6a
core   0: 0x80002e00 (0x010a3933) sltu    s2, s4, a6
core   0: 3 0x80002e00 (0x010a3933) x18 0x00000000
core   0: 0x80002e04 (0x068f0503) lb      a0, 104(t5)
core   0: 3 0x80002e04 (0x068f0503) x10 0xfffffffc mem 0x80016647
core   0: 0x80002e08 (0x0cef4b03) lbu     s6, 206(t5)
core   0: 3 0x80002e08 (0x0cef4b03) x22 0x00000066 mem 0x800166ad
core   0: 0x80002e0c (0x41668ab3) sub     s5, a3, s6
core   0: 3 0x80002e0c (0x41668ab3) x21 0x7fffff9a
core   0: 0x80002e10 (0xf87f1803) lh      a6, -121(t5)
core   0: 3 0x80002e10 (0xf87f1803) x16 0x00001c1d mem 0x80016566
core   0: 0x80002e14 (0xfbef0283) lb      t0, -66(t5)
core   0: 3 0x80002e14 (0xfbef0283) x 5 0x00000056 mem 0x8001659d
core   0: 0x80002e18 (0x067f0da3) sb      t2, 123(t5)
core   0: 3 0x80002e18 (0x067f0da3) mem 0x8001665a 0x40
core   0: 0x80002e1c (0x6eb0b713) sltiu   a4, ra, 1771
core   0: 3 0x80002e1c (0x6eb0b713) x14 0x00000000
core   0: 0x80002e20 (0x0a0f04a3) sb      zero, 169(t5)
core   0: 3 0x80002e20 (0x0a0f04a3) mem 0x80016688 0x0
core   0: 0x80002e24 (0x0001f197) auipc   gp, 0x1f
core   0: 3 0x80002e24 (0x0001f197) x 3 0x80021e24
core   0: 0x80002e28 (0xc9518193) addi    gp, gp, -875
core   0: 3 0x80002e28 (0xc9518193) x 3 0x80021ab9
core   0: 0x80002e2c (0x46cca793) slti    a5, s9, 1132
core   0: 3 0x80002e2c (0x46cca793) x15 0x00000001
core   0: 0x80002e30 (0x0053f033) and     zero, t2, t0
core   0: 3 0x80002e30 (0x0053f033)
core   0: 0x80002e34 (0x0ff0000f) fence   iorw,iorw
core   0: 3 0x80002e34 (0x0ff0000f)
core   0: 0x80002e38 (0x00000013) nop
core   0: 3 0x80002e38 (0x00000013)
core   0: 0x80002e3c (0x664184a3) sb      tp, 1641(gp)
core   0: 3 0x80002e3c (0x664184a3) mem 0x80022122 0x55
core   0: 0x80002e40 (0x26418f03) lb      t5, 612(gp)
core   0: 3 0x80002e40 (0x26418f03) x30 0xffffffd6 mem 0x80021d1d
core   0: 0x80002e44 (0x4191d633) sra     a2, gp, s9
core   0: 3 0x80002e44 (0x4191d633) x12 0x80021ab9
core   0: 0x80002e48 (0xb3a73a93) sltiu   s5, a4, -1222
core   0: 3 0x80002e48 (0xb3a73a93) x21 0x00000001
core   0: 0x80002e4c (0xf2718ba3) sb      t2, -201(gp)
core   0: 3 0x80002e4c (0xf2718ba3) mem 0x800219f0 0x40
core   0: 0x80002e50 (0xa4518423) sb      t0, -1464(gp)
core   0: 3 0x80002e50 (0xa4518423) mem 0x80021501 0x56
core   0: 0x80002e54 (0x49518a83) lb      s5, 1173(gp)
core   0: 3 0x80002e54 (0x49518a83) x21 0x00000005 mem 0x80021f4e
core   0: 0x80002e58 (0x7a91ad13) slti    s10, gp, 1961
core   0: 3 0x80002e58 (0x7a91ad13) x26 0x00000001
core   0: 0x80002e5c (0x00289d13) slli    s10, a7, 2
core   0: 3 0x80002e5c (0x00289d13) x26 0x0002b2b4
core   0: 0x80002e60 (0xd6e18603) lb      a2, -658(gp)
core   0: 3 0x80002e60 (0xd6e18603) x12 0xffffffdc mem 0x80021827
core   0: 0x80002e64 (0x00925313) srli    t1, tp, 9
core   0: 3 0x80002e64 (0x00925313) x 6 0x004000ab
core   0: 0x80002e68 (0x19e18623) sb      t5, 396(gp)
core   0: 3 0x80002e68 (0x19e18623) mem 0x80021c45 0xd6
core   0: 0x80002e6c (0xd491d583) lhu     a1, -695(gp)
core   0: 3 0x80002e6c (0xd491d583) x11 0x0000b8b9 mem 0x80021802
core   0: 0x80002e70 (0x69c18e03) lb      t3, 1692(gp)
core   0: 3 0x80002e70 (0x69c18e03) x28 0x0000000e mem 0x80022155
core   0: 0x80002e74 (0x3f818503) lb      a0, 1016(gp)
core   0: 3 0x80002e74 (0x3f818503) x10 0x0000006a mem 0x80021eb1
core   0: 0x80002e78 (0x6ab22e93) slti    t4, tp, 1707
core   0: 3 0x80002e78 (0x6ab22e93) x29 0x00000001
core   0: 0x80002e7c (0x8f218c03) lb      s8, -1806(gp)
core   0: 3 0x80002e7c (0x8f218c03) x24 0x00000060 mem 0x800213ab
core   0: 0x80002e80 (0x5f0afb93) andi    s7, s5, 1520
core   0: 3 0x80002e80 (0x5f0afb93) x23 0x00000000
core   0: 0x80002e84 (0x0000100f) fence.i
core   0: 3 0x80002e84 (0x0000100f)
core   0: 0x80002e88 (0xf8518883) lb      a7, -123(gp)
core   0: 3 0x80002e88 (0xf8518883) x17 0xfffffff5 mem 0x80021a3e
core   0: 0x80002e8c (0x53718603) lb      a2, 1335(gp)
core   0: 3 0x80002e8c (0x53718603) x12 0xffffffab mem 0x80021ff0
core   0: 0x80002e90 (0xca21c483) lbu     s1, -862(gp)
core   0: 3 0x80002e90 (0xca21c483) x 9 0x00000010 mem 0x8002175b
core   0: 0x80002e94 (0x80a1a9a3) sw      a0, -2029(gp)
core   0: 3 0x80002e94 (0x80a1a9a3) mem 0x800212cc 0x0000006a
core   0: 0x80002e98 (0x8a36a293) slti    t0, a3, -1885
core   0: 3 0x80002e98 (0x8a36a293) x 5 0x00000001
core   0: 0x80002e9c (0x7dd194a3) sh      t4, 1993(gp)
core   0: 3 0x80002e9c (0x7dd194a3) mem 0x80022282 0x0001
core   0: 0x80002ea0 (0x8da18c03) lb      s8, -1830(gp)
core   0: 3 0x80002ea0 (0x8da18c03) x24 0x00000048 mem 0x80021393
core   0: 0x80002ea4 (0x472189a3) sb      s2, 1139(gp)
core   0: 3 0x80002ea4 (0x472189a3) mem 0x80021f2c 0x0
core   0: 0x80002ea8 (0x42d18603) lb      a2, 1069(gp)
core   0: 3 0x80002ea8 (0x42d18603) x12 0xffffff9d mem 0x80021ee6
core   0: 0x80002eac (0x5e11c703) lbu     a4, 1505(gp)
core   0: 3 0x80002eac (0x5e11c703) x14 0x00000051 mem 0x8002209a
core   0: 0x80002eb0 (0xe1918db7) lui     s11, 0xe1918
core   0: 3 0x80002eb0 (0xe1918db7) x27 0xe1918000
core   0: 0x80002eb4 (0x1d918503) lb      a0, 473(gp)
core   0: 3 0x80002eb4 (0x1d918503) x10 0x00000049 mem 0x80021c92
core   0: 0x80002eb8 (0x48a18f03) lb      t5, 1162(gp)
core   0: 3 0x80002eb8 (0x48a18f03) x30 0xfffffff8 mem 0x80021f43
core   0: 0x80002ebc (0x00000013) nop
core   0: 3 0x80002ebc (0x00000013)
core   0: 0x80002ec0 (0x95618423) sb      s6, -1720(gp)
core   0: 3 0x80002ec0 (0x95618423) mem 0x80021401 0x66
core   0: 0x80002ec4 (0x01c7a933) slt     s2, a5, t3
core   0: 3 0x80002ec4 (0x01c7a933) x18 0x00000001
core   0: 0x80002ec8 (0xbe01c883) lbu     a7, -1056(gp)
core   0: 3 0x80002ec8 (0xbe01c883) x17 0x00000052 mem 0x80021699
core   0: 0x80002ecc (0x0107b5b3) sltu    a1, a5, a6
core   0: 3 0x80002ecc (0x0107b5b3) x11 0x00000001
core   0: 0x80002ed0 (0x01e21db3) sll     s11, tp, t5
core   0: 3 0x80002ed0 (0x01e21db3) x27 0x55000000
core   0: 0x80002ed4 (0x0d11db03) lhu     s6, 209(gp)
core   0: 3 0x80002ed4 (0x0d11db03) x22 0x00004041 mem 0x80021b8a
core   0: 0x80002ed8 (0x37719d83) lh      s11, 887(gp)
core   0: 3 0x80002ed8 (0x37719d83) x27 0xffffeaeb mem 0x80021e30
core   0: 0x80002edc (0x39807913) andi    s2, zero, 920
core   0: 3 0x80002edc (0x39807913) x18 0x00000000
core   0: 0x80002ee0 (0x15418823) sb      s4, 336(gp)
core   0: 3 0x80002ee0 (0x15418823) mem 0x80021c09 0x84
core   0: 0x80002ee4 (0x7ec1ca03) lbu     s4, 2028(gp)
core   0: 3 0x80002ee4 (0x7ec1ca03) x20 0x0000005e mem 0x800222a5
core   0: 0x80002ee8 (0x9761cb83) lbu     s7, -1674(gp)
core   0: 3 0x80002ee8 (0x9761cb83) x23 0x000000e4 mem 0x8002142f
core   0: 0x80002eec (0x8eb18523) sb      a1, -1814(gp)
core   0: 3 0x80002eec (0x8eb18523) mem 0x800213a3 0x1
core   0: 0x80002ef0 (0x00013597) auipc   a1, 0x13
core   0: 3 0x80002ef0 (0x00013597) x11 0x80015ef0
core   0: 0x80002ef4 (0x97c58593) addi    a1, a1, -1668
core   0: 3 0x80002ef4 (0x97c58593) x11 0x8001586c
core   0: 0x80002ef8 (0x01278833) add     a6, a5, s2
core   0: 3 0x80002ef8 (0x01278833) x16 0x00000001
core   0: 0x80002efc (0x00c58083) lb      ra, 12(a1)
core   0: 3 0x80002efc (0x00c58083) x 1 0x00000033 mem 0x80015878
core   0: 0x80002f00 (0xff358e03) lb      t3, -13(a1)
core   0: 3 0x80002f00 (0xff358e03) x28 0x00000014 mem 0x8001585f
core   0: 0x80002f04 (0xff258aa3) sb      s2, -11(a1)
core   0: 3 0x80002f04 (0xff258aa3) mem 0x80015861 0x0
core   0: 0x80002f08 (0x0065cd83) lbu     s11, 6(a1)
core   0: 3 0x80002f08 (0x0065cd83) x27 0x00000029 mem 0x80015872
core   0: 0x80002f0c (0xff358303) lb      t1, -13(a1)
core   0: 3 0x80002f0c (0xff358303) x 6 0x00000014 mem 0x8001585f
core   0: 0x80002f10 (0x00858e83) lb      t4, 8(a1)
core   0: 3 0x80002f10 (0x00858e83) x29 0x0000002f mem 0x80015874
core   0: 0x80002f14 (0x0085dd83) lhu     s11, 8(a1)
core   0: 3 0x80002f14 (0x0085dd83) x27 0x00002e2f mem 0x80015874
core   0: 0x80002f18 (0x0045cf83) lbu     t6, 4(a1)
core   0: 3 0x80002f18 (0x0045cf83) x31 0x0000002b mem 0x80015870
core   0: 0x80002f1c (0x00459783) lh      a5, 4(a1)
core   0: 3 0x80002f1c (0x00459783) x15 0x00002a2b mem 0x80015870
core   0: 0x80002f20 (0xfec588a3) sb      a2, -15(a1)
core   0: 3 0x80002f20 (0xfec588a3) mem 0x8001585d 0x9d
core   0: 0x80002f24 (0xff859f03) lh      t5, -8(a1)
core   0: 3 0x80002f24 (0xff859f03) x30 0x00001e1f mem 0x80015864
core   0: 0x80002f28 (0x00017e97) auipc   t4, 0x17
core   0: 3 0x80002f28 (0x00017e97) x29 0x80019f28
core   0: 0x80002f2c (0xe00e8e93) addi    t4, t4, -512
core   0: 3 0x80002f2c (0xe00e8e93) x29 0x80019d28
core   0: 0x80002f30 (0xfcfec083) lbu     ra, -49(t4)
core   0: 3 0x80002f30 (0xfcfec083) x 1 0x000000ac mem 0x80019cf7
core   0: 0x80002f34 (0xfcfe8783) lb      a5, -49(t4)
core   0: 3 0x80002f34 (0xfcfe8783) x15 0xffffffac mem 0x80019cf7
core   0: 0x80002f38 (0xfcfe8c83) lb      s9, -49(t4)
core   0: 3 0x80002f38 (0xfcfe8c83) x25 0xffffffac mem 0x80019cf7
core   0: 0x80002f3c (0xfcfe8703) lb      a4, -49(t4)
core   0: 3 0x80002f3c (0xfcfe8703) x14 0xffffffac mem 0x80019cf7
core   0: 0x80002f40 (0xfc1e87a3) sb      ra, -49(t4)
core   0: 3 0x80002f40 (0xfc1e87a3) mem 0x80019cf7 0xac
core   0: 0x80002f44 (0xfcee87a3) sb      a4, -49(t4)
core   0: 3 0x80002f44 (0xfcee87a3) mem 0x80019cf7 0xac
core   0: 0x80002f48 (0xfcfec383) lbu     t2, -49(t4)
core   0: 3 0x80002f48 (0xfcfec383) x 7 0x000000ac mem 0x80019cf7
core   0: 0x80002f4c (0xfcfecf83) lbu     t6, -49(t4)
core   0: 3 0x80002f4c (0xfcfecf83) x31 0x000000ac mem 0x80019cf7
core   0: 0x80002f50 (0xfcfe8903) lb      s2, -49(t4)
core   0: 3 0x80002f50 (0xfcfe8903) x18 0xffffffac mem 0x80019cf7
core   0: 0x80002f54 (0x01215093) srli    ra, sp, 18
core   0: 3 0x80002f54 (0x01215093) x 1 0x00002000
core   0: 0x80002f58 (0xfcfece03) lbu     t3, -49(t4)
core   0: 3 0x80002f58 (0xfcfece03) x28 0x000000ac mem 0x80019cf7
core   0: 0x80002f5c (0xfc6e87a3) sb      t1, -49(t4)
core   0: 3 0x80002f5c (0xfc6e87a3) mem 0x80019cf7 0x14
core   0: 0x80002f60 (0xfcfe8503) lb      a0, -49(t4)
core   0: 3 0x80002f60 (0xfcfe8503) x10 0x00000014 mem 0x80019cf7
core   0: 0x80002f64 (0xfcfe8603) lb      a2, -49(t4)
core   0: 3 0x80002f64 (0xfcfe8603) x12 0x00000014 mem 0x80019cf7
core   0: 0x80002f68 (0xfcee87a3) sb      a4, -49(t4)
core   0: 3 0x80002f68 (0xfcee87a3) mem 0x80019cf7 0xac
core   0: 0x80002f6c (0xfcfec583) lbu     a1, -49(t4)
core   0: 3 0x80002f6c (0xfcfec583) x11 0x000000ac mem 0x80019cf7
core   0: 0x80002f70 (0x00013c17) auipc   s8, 0x13
core   0: 3 0x80002f70 (0x00013c17) x24 0x80015f70
core   0: 0x80002f74 (0xe0dc0c13) addi    s8, s8, -499
core   0: 3 0x80002f74 (0xe0dc0c13) x24 0x80015d7d
core   0: 0x80002f78 (0x00ae64b3) or      s1, t3, a0
core   0: 3 0x80002f78 (0x00ae64b3) x 9 0x000000bc
core   0: 0x80002f7c (0xf88c4e83) lbu     t4, -120(s8)
core   0: 3 0x80002f7c (0xf88c4e83) x29 0x000000be mem 0x80015d05
core   0: 0x80002f80 (0x0bbc25a3) sw      s11, 171(s8)
core   0: 3 0x80002f80 (0x0bbc25a3) mem 0x80015e28 0x00002e2f
core   0: 0x80002f84 (0x0abc1b83) lh      s7, 171(s8)
core   0: 3 0x80002f84 (0x0abc1b83) x23 0x00002e2f mem 0x80015e28
core   0: 0x80002f88 (0x0abc2a03) lw      s4, 171(s8)
core   0: 3 0x80002f88 (0x0abc2a03) x20 0x00002e2f mem 0x80015e28
core   0: 0x80002f8c (0x0abc1b03) lh      s6, 171(s8)
core   0: 3 0x80002f8c (0x0abc1b03) x22 0x00002e2f mem 0x80015e28
core   0: 0x80002f90 (0x00dfb633) sltu    a2, t6, a3
core   0: 3 0x80002f90 (0x00dfb633) x12 0x00000001
core   0: 0x80002f94 (0x0abc4d03) lbu     s10, 171(s8)
core   0: 3 0x80002f94 (0x0abc4d03) x26 0x0000002f mem 0x80015e28
core   0: 0x80002f98 (0x0abc5083) lhu     ra, 171(s8)
core   0: 3 0x80002f98 (0x0abc5083) x 1 0x00002e2f mem 0x80015e28
core   0: 0x80002f9c (0x0abc1a03) lh      s4, 171(s8)
core   0: 3 0x80002f9c (0x0abc1a03) x20 0x00002e2f mem 0x80015e28
core   0: 0x80002fa0 (0x0abc4e83) lbu     t4, 171(s8)
core   0: 3 0x80002fa0 (0x0abc4e83) x29 0x0000002f mem 0x80015e28
core   0: 0x80002fa4 (0x0abc5b83) lhu     s7, 171(s8)
core   0: 3 0x80002fa4 (0x0abc5b83) x23 0x00002e2f mem 0x80015e28
core   0: 0x80002fa8 (0xfa7c09a3) sb      t2, -77(s8)
core   0: 3 0x80002fa8 (0xfa7c09a3) mem 0x80015d30 0xac
core   0: 0x80002fac (0xf00c21a3) sw      zero, -253(s8)
core   0: 3 0x80002fac (0xf00c21a3) mem 0x80015c80 0x00000000
core   0: 0x80002fb0 (0xf03c2903) lw      s2, -253(s8)
core   0: 3 0x80002fb0 (0xf03c2903) x18 0x00000000 mem 0x80015c80
core   0: 0x80002fb4 (0xf03c2883) lw      a7, -253(s8)
core   0: 3 0x80002fb4 (0xf03c2883) x17 0x00000000 mem 0x80015c80
core   0: 0x80002fb8 (0xfb8c4483) lbu     s1, -72(s8)
core   0: 3 0x80002fb8 (0xfb8c4483) x 9 0x000000ee mem 0x80015d35
core   0: 0x80002fbc (0x00015317) auipc   t1, 0x15
core   0: 3 0x80002fbc (0x00015317) x 6 0x80017fbc
core   0: 0x80002fc0 (0x42730313) addi    t1, t1, 1063
core   0: 3 0x80002fc0 (0x42730313) x 6 0x800183e3
core   0: 0x80002fc4 (0x0001ea17) auipc   s4, 0x1e
core   0: 3 0x80002fc4 (0x0001ea17) x20 0x80020fc4
core   0: 0x80002fc8 (0x9eda0a13) addi    s4, s4, -1555
core   0: 3 0x80002fc8 (0x9eda0a13) x20 0x800209b1
core   0: 0x80002fcc (0xff034203) lbu     tp, -16(t1)
core   0: 3 0x80002fcc (0xff034203) x 4 0x00000088 mem 0x800183d3
core   0: 0x80002fd0 (0x038a0903) lb      s2, 56(s4)
core   0: 3 0x80002fd0 (0x038a0903) x18 0xffffffa2 mem 0x800209e9
core   0: 0x80002fd4 (0x00330583) lb      a1, 3(t1)
core   0: 3 0x80002fd4 (0x00330583) x11 0xffffff9d mem 0x800183e6
core   0: 0x80002fd8 (0xff730a23) sb      s7, -12(t1)
core   0: 3 0x80002fd8 (0xff730a23) mem 0x800183d7 0x2f
core   0: 0x80002fdc (0xfeaa4183) lbu     gp, -22(s4)
core   0: 3 0x80002fdc (0xfeaa4183) x 3 0x00000050 mem 0x8002099b
core   0: 0x80002fe0 (0x00135e83) lhu     t4, 1(t1)
core   0: 3 0x80002fe0 (0x00135e83) x29 0x00009e9f mem 0x800183e4
core   0: 0x80002fe4 (0x00c34203) lbu     tp, 12(t1)
core   0: 3 0x80002fe4 (0x00c34203) x 4 0x000000a4 mem 0x800183ef
core   0: 0x80002fe8 (0xff630803) lb      a6, -10(t1)
core   0: 3 0x80002fe8 (0xff630803) x16 0xffffff92 mem 0x800183d9
core   0: 0x80002fec (0x008a1aa3) sh      s0, 21(s4)
core   0: 3 0x80002fec (0x008a1aa3) mem 0x800209c6 0xfe5f
core   0: 0x80002ff0 (0xfe8a12a3) sh      s0, -27(s4)
core   0: 3 0x80002ff0 (0xfe8a12a3) mem 0x80020996 0xfe5f
core   0: 0x80002ff4 (0x00f35203) lhu     tp, 15(t1)
core   0: 3 0x80002ff4 (0x00f35203) x 4 0x0000a8a9 mem 0x800183f2
core   0: 0x80002ff8 (0xfc0a0f23) sb      zero, -34(s4)
core   0: 3 0x80002ff8 (0xfc0a0f23) mem 0x8002098f 0x0
core   0: 0x80002ffc (0x007315a3) sh      t2, 11(t1)
core   0: 3 0x80002ffc (0x007315a3) mem 0x800183ee 0x00ac
core   0: 0x80003000 (0xfdea4c83) lbu     s9, -34(s4)
core   0: 3 0x80003000 (0xfdea4c83) x25 0x00000000 mem 0x8002098f
core   0: 0x80003004 (0x00aa0b03) lb      s6, 10(s4)
core   0: 3 0x80003004 (0x00aa0b03) x22 0x00000070 mem 0x800209bb
core   0: 0x80003008 (0xff430d83) lb      s11, -12(t1)
core   0: 3 0x80003008 (0xff430d83) x27 0x0000002f mem 0x800183d7
core   0: 0x8000300c (0x037a0fa3) sb      s7, 63(s4)
core   0: 3 0x8000300c (0x037a0fa3) mem 0x800209f0 0x2f
core   0: 0x80003010 (0x00017497) auipc   s1, 0x17
core   0: 3 0x80003010 (0x00017497) x 9 0x8001a010
core   0: 0x80003014 (0x23e48493) addi    s1, s1, 574
core   0: 3 0x80003014 (0x23e48493) x 9 0x8001a24e
core   0: 0x80003018 (0x0e24ae83) lw      t4, 226(s1)
core   0: 3 0x80003018 (0x0e24ae83) x29 0xe8e9eaeb mem 0x8001a330
core   0: 0x8000301c (0x0e24d783) lhu     a5, 226(s1)
core   0: 3 0x8000301c (0x0e24d783) x15 0x0000eaeb mem 0x8001a330
core   0: 0x80003020 (0x0fc49123) sh      t3, 226(s1)
core   0: 3 0x80003020 (0x0fc49123) mem 0x8001a330 0x00ac
core   0: 0x80003024 (0x0ea4a123) sw      a0, 226(s1)
core   0: 3 0x80003024 (0x0ea4a123) mem 0x8001a330 0x00000014
core   0: 0x80003028 (0x0e24d303) lhu     t1, 226(s1)
core   0: 3 0x80003028 (0x0e24d303) x 6 0x00000014 mem 0x8001a330
core   0: 0x8000302c (0x0e248e83) lb      t4, 226(s1)
core   0: 3 0x8000302c (0x0e248e83) x29 0x00000014 mem 0x8001a330
core   0: 0x80003030 (0xfa548d83) lb      s11, -91(s1)
core   0: 3 0x80003030 (0xfa548d83) x27 0xffffffa8 mem 0x8001a1f3
core   0: 0x80003034 (0xfa548783) lb      a5, -91(s1)
core   0: 3 0x80003034 (0xfa548783) x15 0xffffffa8 mem 0x8001a1f3
core   0: 0x80003038 (0x04348a23) sb      gp, 84(s1)
core   0: 3 0x80003038 (0x04348a23) mem 0x8001a2a2 0x50
core   0: 0x8000303c (0x00e49c03) lh      s8, 14(s1)
core   0: 3 0x8000303c (0x00e49c03) x24 0x00001617 mem 0x8001a25c
core   0: 0x80003040 (0x0ff0000f) fence   iorw,iorw
core   0: 3 0x80003040 (0x0ff0000f)
core   0: 0x80003044 (0x00f48723) sb      a5, 14(s1)
core   0: 3 0x80003044 (0x00f48723) mem 0x8001a25c 0xa8
core   0: 0x80003048 (0x00012917) auipc   s2, 0x12
core   0: 3 0x80003048 (0x00012917) x18 0x80015048
core   0: 0x8000304c (0x6f790913) addi    s2, s2, 1783
core   0: 3 0x8000304c (0x6f790913) x18 0x8001573f
core   0: 0x80003050 (0x02892ca3) sw      s0, 57(s2)
core   0: 3 0x80003050 (0x02892ca3) mem 0x80015778 0xfffffe5f
core   0: 0x80003054 (0x03994403) lbu     s0, 57(s2)
core   0: 3 0x80003054 (0x03994403) x 8 0x0000005f mem 0x80015778
core   0: 0x80003058 (0x03992783) lw      a5, 57(s2)
core   0: 3 0x80003058 (0x03992783) x15 0xfffffe5f mem 0x80015778
core   0: 0x8000305c (0x03991503) lh      a0, 57(s2)
core   0: 3 0x8000305c (0x03991503) x10 0xfffffe5f mem 0x80015778
core   0: 0x80003060 (0x02790ca3) sb      t2, 57(s2)
core   0: 3 0x80003060 (0x02790ca3) mem 0x80015778 0xac
core   0: 0x80003064 (0x03995703) lhu     a4, 57(s2)
core   0: 3 0x80003064 (0x03995703) x14 0x0000feac mem 0x80015778
core   0: 0x80003068 (0x03994883) lbu     a7, 57(s2)
core   0: 3 0x80003068 (0x03994883) x17 0x000000ac mem 0x80015778
core   0: 0x8000306c (0x03990703) lb      a4, 57(s2)
core   0: 3 0x8000306c (0x03990703) x14 0xffffffac mem 0x80015778
core   0: 0x80003070 (0x03995d83) lhu     s11, 57(s2)
core   0: 3 0x80003070 (0x03995d83) x27 0x0000feac mem 0x80015778
core   0: 0x80003074 (0x184cae93) slti    t4, s9, 388
core   0: 3 0x80003074 (0x184cae93) x29 0x00000001
core   0: 0x80003078 (0x03992e83) lw      t4, 57(s2)
core   0: 3 0x80003078 (0x03992e83) x29 0xfffffeac mem 0x80015778
core   0: 0x8000307c (0x02a91ca3) sh      a0, 57(s2)
core   0: 3 0x8000307c (0x02a91ca3) mem 0x80015778 0xfe5f
core   0: 0x80003080 (0x03995083) lhu     ra, 57(s2)
core   0: 3 0x80003080 (0x03995083) x 1 0x0000fe5f mem 0x80015778
core   0: 0x80003084 (0x03995603) lhu     a2, 57(s2)
core   0: 3 0x80003084 (0x03995603) x12 0x0000fe5f mem 0x80015778
core   0: 0x80003088 (0x5a303313) sltiu   t1, zero, 1443
core   0: 3 0x80003088 (0x5a303313) x 6 0x00000001
core   0: 0x8000308c (0x03995803) lhu     a6, 57(s2)
core   0: 3 0x8000308c (0x03995803) x16 0x0000fe5f mem 0x80015778
core   0: 0x80003090 (0xada4b893) sltiu   a7, s1, -1318
core   0: 3 0x80003090 (0xada4b893) x17 0x00000001
core   0: 0x80003094 (0x03995883) lhu     a7, 57(s2)
core   0: 3 0x80003094 (0x03995883) x17 0x0000fe5f mem 0x80015778
core   0: 0x80003098 (0x03991783) lh      a5, 57(s2)
core   0: 3 0x80003098 (0x03991783) x15 0xfffffe5f mem 0x80015778
core   0: 0x8000309c (0x03390ca3) sb      s3, 57(s2)
core   0: 3 0x8000309c (0x03390ca3) mem 0x80015778 0x64
core   0: 0x800030a0 (0x03994d83) lbu     s11, 57(s2)
core   0: 3 0x800030a0 (0x03994d83) x27 0x00000064 mem 0x80015778
core   0: 0x800030a4 (0x02a91ca3) sh      a0, 57(s2)
core   0: 3 0x800030a4 (0x02a91ca3) mem 0x80015778 0xfe5f
core   0: 0x800030a8 (0x03991203) lh      tp, 57(s2)
core   0: 3 0x800030a8 (0x03991203) x 4 0xfffffe5f mem 0x80015778
core   0: 0x800030ac (0x0001c397) auipc   t2, 0x1c
core   0: 3 0x800030ac (0x0001c397) x 7 0x8001f0ac
core   0: 0x800030b0 (0x21c38393) addi    t2, t2, 540
core   0: 3 0x800030b0 (0x21c38393) x 7 0x8001f2c8
core   0: 0x800030b4 (0x0db38423) sb      s11, 200(t2)
core   0: 3 0x800030b4 (0x0db38423) mem 0x8001f390 0x64
core   0: 0x800030b8 (0x01289033) sll     zero, a7, s2
core   0: 3 0x800030b8 (0x01289033)
core   0: 0x800030bc (0x0dd38423) sb      t4, 200(t2)
core   0: 3 0x800030bc (0x0dd38423) mem 0x8001f390 0xac
core   0: 0x800030c0 (0x0c83a303) lw      t1, 200(t2)
core   0: 3 0x800030c0 (0x0c83a303) x 6 0x48494aac mem 0x8001f390
core   0: 0x800030c4 (0x0c83a603) lw      a2, 200(t2)
core   0: 3 0x800030c4 (0x0c83a603) x12 0x48494aac mem 0x8001f390
core   0: 0x800030c8 (0x0c838c03) lb      s8, 200(t2)
core   0: 3 0x800030c8 (0x0c838c03) x24 0xffffffac mem 0x8001f390
core   0: 0x800030cc (0x0da3a423) sw      s10, 200(t2)
core   0: 3 0x800030cc (0x0da3a423) mem 0x8001f390 0x0000002f
core   0: 0x800030d0 (0x0e23ca83) lbu     s5, 226(t2)
core   0: 3 0x800030d0 (0x0e23ca83) x21 0x00000061 mem 0x8001f3aa
core   0: 0x800030d4 (0x0d03ab83) lw      s7, 208(t2)
core   0: 3 0x800030d4 (0x0d03ab83) x23 0x50515253 mem 0x8001f398
core   0: 0x800030d8 (0xf683a183) lw      gp, -152(t2)
core   0: 3 0x800030d8 (0xf683a183) x 3 0xe8e9eaeb mem 0x8001f230
core   0: 0x800030dc (0xf6738e03) lb      t3, -153(t2)
core   0: 3 0x800030dc (0xf6738e03) x28 0xffffffe4 mem 0x8001f22f
core   0: 0x800030e0 (0xf673c003) lbu     zero, -153(t2)
core   0: 3 0x800030e0 (0xf673c003) mem 0x8001f22f
core   0: 0x800030e4 (0x00a8df33) srl     t5, a7, a0
core   0: 3 0x800030e4 (0x00a8df33) x30 0x00000000
core   0: 0x800030e8 (0x0aa3d003) lhu     zero, 170(t2)
core   0: 3 0x800030e8 (0x0aa3d003) mem 0x8001f372
core   0: 0x800030ec (0xfcc2ac93) slti    s9, t0, -52
core   0: 3 0x800030ec (0xfcc2ac93) x25 0x00000000
core   0: 0x800030f0 (0x0aa38603) lb      a2, 170(t2)
core   0: 3 0x800030f0 (0x0aa38603) x12 0x00000029 mem 0x8001f372
core   0: 0x800030f4 (0x0aa38b03) lb      s6, 170(t2)
core   0: 3 0x800030f4 (0x0aa38b03) x22 0x00000029 mem 0x8001f372
core   0: 0x800030f8 (0x00018e17) auipc   t3, 0x18
core   0: 3 0x800030f8 (0x00018e17) x28 0x8001b0f8
core   0: 0x800030fc (0x632e0e13) addi    t3, t3, 1586
core   0: 3 0x800030fc (0x632e0e13) x28 0x8001b72a
core   0: 0x80003100 (0xffae5083) lhu     ra, -6(t3)
core   0: 3 0x80003100 (0xffae5083) x 1 0x0000dedf mem 0x8001b724
core   0: 0x80003104 (0xffae5203) lhu     tp, -6(t3)
core   0: 3 0x80003104 (0xffae5203) x 4 0x0000dedf mem 0x8001b724
core   0: 0x80003108 (0xfe6e08a3) sb      t1, -15(t3)
core   0: 3 0x80003108 (0xfe6e08a3) mem 0x8001b71b 0xac
core   0: 0x8000310c (0x01889d13) slli    s10, a7, 24
core   0: 3 0x8000310c (0x01889d13) x26 0x5f000000
core   0: 0x80003110 (0xff1e0283) lb      t0, -15(t3)
core   0: 3 0x80003110 (0xff1e0283) x 5 0xffffffac mem 0x8001b71b
core   0: 0x80003114 (0xff1e0003) lb      zero, -15(t3)
core   0: 3 0x80003114 (0xff1e0003) mem 0x8001b71b
core   0: 0x80003118 (0xff8e4a83) lbu     s5, -8(t3)
core   0: 3 0x80003118 (0xff8e4a83) x21 0x000000d9 mem 0x8001b722
core   0: 0x8000311c (0xffae0923) sb      s10, -14(t3)
core   0: 3 0x8000311c (0xffae0923) mem 0x8001b71c 0x0
core   0: 0x80003120 (0x01f86433) or      s0, a6, t6
core   0: 3 0x80003120 (0x01f86433) x 8 0x0000feff
core   0: 0x80003124 (0xffae4303) lbu     t1, -6(t3)
core   0: 3 0x80003124 (0xffae4303) x 6 0x000000df mem 0x8001b724
core   0: 0x80003128 (0xff8e0003) lb      zero, -8(t3)
core   0: 3 0x80003128 (0xff8e0003) mem 0x8001b722
core   0: 0x8000312c (0x007e0203) lb      tp, 7(t3)
core   0: 3 0x8000312c (0x007e0203) x 4 0xffffffea mem 0x8001b731
core   0: 0x80003130 (0x007e0f03) lb      t5, 7(t3)
core   0: 3 0x80003130 (0x007e0f03) x30 0xffffffea mem 0x8001b731
core   0: 0x80003134 (0x62abaa93) slti    s5, s7, 1578
core   0: 3 0x80003134 (0x62abaa93) x21 0x00000000
core   0: 0x80003138 (0x40d08833) sub     a6, ra, a3
core   0: 3 0x80003138 (0x40d08833) x16 0x8000dedf
core   0: 0x8000313c (0x01a49033) sll     zero, s1, s10
core   0: 3 0x8000313c (0x01a49033)
core   0: 0x80003140 (0x01adc1b3) xor     gp, s11, s10
core   0: 3 0x80003140 (0x01adc1b3) x 3 0x5f000064
core   0: 0x80003144 (0x01a002b3) add     t0, zero, s10
core   0: 3 0x80003144 (0x01a002b3) x 5 0x5f000000
core   0: 0x80003148 (0x007e4e83) lbu     t4, 7(t3)
core   0: 3 0x80003148 (0x007e4e83) x29 0x000000ea mem 0x8001b731
core   0: 0x8000314c (0xffde1c23) sh      t4, -8(t3)
core   0: 3 0x8000314c (0xffde1c23) mem 0x8001b722 0x00ea
core   0: 0x80003150 (0xfe5e1c23) sh      t0, -8(t3)
core   0: 3 0x80003150 (0xfe5e1c23) mem 0x8001b722 0x0000
core   0: 0x80003154 (0xff7e0c83) lb      s9, -9(t3)
core   0: 3 0x80003154 (0xff7e0c83) x25 0xffffffda mem 0x8001b721
core   0: 0x80003158 (0xffae0fa3) sb      s10, -1(t3)
core   0: 3 0x80003158 (0xffae0fa3) mem 0x8001b729 0x0
core   0: 0x8000315c (0xfe8e0fa3) sb      s0, -1(t3)
core   0: 3 0x8000315c (0xfe8e0fa3) mem 0x8001b729 0xff
core   0: 0x80003160 (0x00012a97) auipc   s5, 0x12
core   0: 3 0x80003160 (0x00012a97) x21 0x80015160
core   0: 0x80003164 (0x2e0a8a93) addi    s5, s5, 736
core   0: 3 0x80003164 (0x2e0a8a93) x21 0x80015440
core   0: 0x80003168 (0x00012817) auipc   a6, 0x12
core   0: 3 0x80003168 (0x00012817) x16 0x80015168
core   0: 0x8000316c (0x43c80813) addi    a6, a6, 1084
core   0: 3 0x8000316c (0x43c80813) x16 0x800155a4
core   0: 0x80003170 (0x00013497) auipc   s1, 0x13
core   0: 3 0x80003170 (0x00013497) x 9 0x80016170
core   0: 0x80003174 (0xa7e48493) addi    s1, s1, -1410
core   0: 3 0x80003174 (0xa7e48493) x 9 0x80015bee
core   0: 0x80003178 (0x04fac203) lbu     tp, 79(s5)
core   0: 3 0x80003178 (0x04fac203) x 4 0x00000000 mem 0x8001548f
core   0: 0x8000317c (0xf8484e83) lbu     t4, -124(a6)
core   0: 3 0x8000317c (0xf8484e83) x29 0x000000e3 mem 0x80015528
core   0: 0x80003180 (0x0164d903) lhu     s2, 22(s1)
core   0: 3 0x80003180 (0x0164d903) x18 0x0000bebf mem 0x80015c04
core   0: 0x80003184 (0x02a85903) lhu     s2, 42(a6)
core   0: 3 0x80003184 (0x02a85903) x18 0x00008485 mem 0x800155ce
core   0: 0x80003188 (0x00013517) auipc   a0, 0x13
core   0: 3 0x80003188 (0x00013517) x10 0x80016188
core   0: 0x8000318c (0xe0b50513) addi    a0, a0, -501
core   0: 3 0x8000318c (0xe0b50513) x10 0x80015f93
core   0: 0x80003190 (0xfc0484a3) sb      zero, -55(s1)
core   0: 3 0x80003190 (0xfc0484a3) mem 0x80015bb7 0x0
core   0: 0x80003194 (0x00880123) sb      s0, 2(a6)
core   0: 3 0x80003194 (0x00880123) mem 0x800155a6 0xff
core   0: 0x80003198 (0x08c54383) lbu     t2, 140(a0)
core   0: 3 0x80003198 (0x08c54383) x 7 0x000000d4 mem 0x8001601f
core   0: 0x8000319c (0xf96ace83) lbu     t4, -106(s5)
core   0: 3 0x8000319c (0xf96ace83) x29 0x0000008d mem 0x800153d6
core   0: 0x800031a0 (0x032509a3) sb      s2, 51(a0)
core   0: 3 0x800031a0 (0x032509a3) mem 0x80015fc6 0x85
core   0: 0x800031a4 (0xff4a8ea3) sb      s4, -3(s5)
core   0: 3 0x800031a4 (0xff4a8ea3) mem 0x8001543d 0xb1
core   0: 0x800031a8 (0x04285603) lhu     a2, 66(a6)
core   0: 3 0x800031a8 (0x04285603) x12 0x00009c9d mem 0x800155e6
core   0: 0x800031ac (0xf8955403) lhu     s0, -119(a0)
core   0: 3 0x800031ac (0xf8955403) x 8 0x0000d6d7 mem 0x80015f1c
core   0: 0x800031b0 (0x036485a3) sb      s6, 43(s1)
core   0: 3 0x800031b0 (0x036485a3) mem 0x80015c19 0x29
core   0: 0x800031b4 (0x0ed84883) lbu     a7, 237(a6)
core   0: 3 0x800031b4 (0x0ed84883) x17 0x0000004a mem 0x80015691
core   0: 0x800031b8 (0x0e3a85a3) sb      gp, 235(s5)
core   0: 3 0x800031b8 (0x0e3a85a3) mem 0x8001552b 0x64
core   0: 0x800031bc (0xf0e50c83) lb      s9, -242(a0)
core   0: 3 0x800031bc (0xf0e50c83) x25 0x0000005a mem 0x80015ea1
core   0: 0x800031c0 (0xff84ab23) sw      s8, -10(s1)
core   0: 3 0x800031c0 (0xff84ab23) mem 0x80015be4 0xffffffac
core   0: 0x800031c4 (0xfcb55b83) lhu     s7, -53(a0)
core   0: 3 0x800031c4 (0xfcb55b83) x23 0x00001415 mem 0x80015f5e
core   0: 0x800031c8 (0x041a8c03) lb      s8, 65(s5)
core   0: 3 0x800031c8 (0x041a8c03) x24 0x0000003a mem 0x80015481
core   0: 0x800031cc (0xfc148183) lb      gp, -63(s1)
core   0: 3 0x800031cc (0xfc148183) x 3 0x00000064 mem 0x80015baf
core   0: 0x800031d0 (0x0c284c83) lbu     s9, 194(a6)
core   0: 3 0x800031d0 (0x0c284c83) x25 0x0000001d mem 0x80015666
core   0: 0x800031d4 (0xfe5a8b03) lb      s6, -27(s5)
core   0: 3 0x800031d4 (0xfe5a8b03) x22 0xffffffde mem 0x80015425
core   0: 0x800031d8 (0xf2b51e83) lh      t4, -213(a0)
core   0: 3 0x800031d8 (0xf2b51e83) x29 0x00007475 mem 0x80015ebe
core   0: 0x800031dc (0xf9d54a03) lbu     s4, -99(a0)
core   0: 3 0x800031dc (0xf9d54a03) x20 0x000000eb mem 0x80015f30
core   0: 0x800031e0 (0xfd250a23) sb      s2, -44(a0)
core   0: 3 0x800031e0 (0xfd250a23) mem 0x80015f67 0x85
core   0: 0x800031e4 (0xfcc48e03) lb      t3, -52(s1)
core   0: 3 0x800031e4 (0xfcc48e03) x28 0x00000071 mem 0x80015bba
core   0: 0x800031e8 (0xfbd50b83) lb      s7, -67(a0)
core   0: 3 0x800031e8 (0xfbd50b83) x23 0xffffff8c mem 0x80015f50
core   0: 0x800031ec (0xf5950903) lb      s2, -167(a0)
core   0: 3 0x800031ec (0xf5950903) x18 0xffffffa7 mem 0x80015eec
core   0: 0x800031f0 (0x00022c17) auipc   s8, 0x22
core   0: 3 0x800031f0 (0x00022c17) x24 0x800251f0
core   0: 0x800031f4 (0x824c0c13) addi    s8, s8, -2012
core   0: 3 0x800031f4 (0x824c0c13) x24 0x80024a14
core   0: 0x800031f8 (0xff2c1d83) lh      s11, -14(s8)
core   0: 3 0x800031f8 (0xff2c1d83) x27 0xffffbcbd mem 0x80024a06
core   0: 0x800031fc (0xfc8c4783) lbu     a5, -56(s8)
core   0: 3 0x800031fc (0xfc8c4783) x15 0x00000097 mem 0x800249dc
core   0: 0x80003200 (0xfdac0423) sb      s10, -56(s8)
core   0: 3 0x80003200 (0xfdac0423) mem 0x800249dc 0x0
core   0: 0x80003204 (0xfddc0883) lb      a7, -35(s8)
core   0: 3 0x80003204 (0xfddc0883) x17 0xffffffaa mem 0x800249f1
core   0: 0x80003208 (0xfddc0203) lb      tp, -35(s8)
core   0: 3 0x80003208 (0xfddc0203) x 4 0xffffffaa mem 0x800249f1
core   0: 0x8000320c (0xfc4c2003) lw      zero, -60(s8)
core   0: 3 0x8000320c (0xfc4c2003) mem 0x800249d8
core   0: 0x80003210 (0xfc4c0383) lb      t2, -60(s8)
core   0: 3 0x80003210 (0xfc4c0383) x 7 0xffffff93 mem 0x800249d8
core   0: 0x80003214 (0x00000013) nop
core   0: 3 0x80003214 (0x00000013)
core   0: 0x80003218 (0x002dd233) srl     tp, s11, sp
core   0: 3 0x80003218 (0x002dd233) x 4 0x0ffffbcb
core   0: 0x8000321c (0xfc4c1503) lh      a0, -60(s8)
core   0: 3 0x8000321c (0xfc4c1503) x10 0xffff9293 mem 0x800249d8
core   0: 0x80003220 (0xfdbc4a83) lbu     s5, -37(s8)
core   0: 3 0x80003220 (0xfdbc4a83) x21 0x000000a4 mem 0x800249ef
core   0: 0x80003224 (0xfd1c0da3) sb      a7, -37(s8)
core   0: 3 0x80003224 (0xfd1c0da3) mem 0x800249ef 0xaa
core   0: 0x80003228 (0x7c7d8213) addi    tp, s11, 1991
core   0: 3 0x80003228 (0x7c7d8213) x 4 0xffffc484
core   0: 0x8000322c (0xfc1c0da3) sb      ra, -37(s8)
core   0: 3 0x8000322c (0xfc1c0da3) mem 0x800249ef 0xdf
core   0: 0x80003230 (0x00017297) auipc   t0, 0x17
core   0: 3 0x80003230 (0x00017297) x 5 0x8001a230
core   0: 0x80003234 (0xaeb28293) addi    t0, t0, -1301
core   0: 3 0x80003234 (0xaeb28293) x 5 0x80019d1b
core   0: 0x80003238 (0x00017917) auipc   s2, 0x17
core   0: 3 0x80003238 (0x00017917) x18 0x8001a238
core   0: 0x8000323c (0xe8a90913) addi    s2, s2, -374
core   0: 3 0x8000323c (0xe8a90913) x18 0x8001a0c2
core   0: 0x80003240 (0x0001b517) auipc   a0, 0x1b
core   0: 3 0x80003240 (0x0001b517) x10 0x8001e240
core   0: 0x80003244 (0xc3b50513) addi    a0, a0, -965
core   0: 3 0x80003244 (0xc3b50513) x10 0x8001de7b
core   0: 0x80003248 (0xf1d288a3) sb      t4, -239(t0)
core   0: 3 0x80003248 (0xf1d288a3) mem 0x80019c2c 0x75
core   0: 0x8000324c (0x03b2c383) lbu     t2, 59(t0)
core   0: 3 0x8000324c (0x03b2c383) x 7 0x0000000d mem 0x80019d56
core   0: 0x80003250 (0x00013597) auipc   a1, 0x13
core   0: 3 0x80003250 (0x00013597) x11 0x80016250
core   0: 0x80003254 (0x23358593) addi    a1, a1, 563
core   0: 3 0x80003254 (0x23358593) x11 0x80016483
core   0: 0x80003258 (0xe1e50223) sb      t5, -508(a0)
core   0: 3 0x80003258 (0xe1e50223) mem 0x8001dc7f 0xea
core   0: 0x8000325c (0xfc22cf03) lbu     t5, -62(t0)
core   0: 3 0x8000325c (0xfc22cf03) x30 0x00000096 mem 0x80019cdd
core   0: 0x80003260 (0x03f58403) lb      s0, 63(a1)
core   0: 3 0x80003260 (0x03f58403) x 8 0x00000079 mem 0x800164c2
core   0: 0x80003264 (0xfe858e03) lb      t3, -24(a1)
core   0: 3 0x80003264 (0xfe858e03) x28 0x00000020 mem 0x8001646b
core   0: 0x80003268 (0xff75da83) lhu     s5, -9(a1)
core   0: 3 0x80003268 (0xff75da83) x21 0x00003031 mem 0x8001647a
core   0: 0x8000326c (0xe6c54803) lbu     a6, -404(a0)
core   0: 3 0x8000326c (0xe6c54803) x16 0x0000009c mem 0x8001dce7
core   0: 0x80003270 (0xfc695403) lhu     s0, -58(s2)
core   0: 3 0x80003270 (0xfc695403) x 8 0x00004243 mem 0x8001a088
core   0: 0x80003274 (0x0205ce83) lbu     t4, 32(a1)
core   0: 3 0x80003274 (0x0205ce83) x29 0x00000058 mem 0x800164a3
core   0: 0x80003278 (0xffd29603) lh      a2, -3(t0)
core   0: 3 0x80003278 (0xffd29603) x12 0xffffd2d3 mem 0x80019d18
core   0: 0x8000327c (0x0d22c883) lbu     a7, 210(t0)
core   0: 3 0x8000327c (0x0d22c883) x17 0x000000a6 mem 0x80019ded
core   0: 0x80003280 (0x0385c183) lbu     gp, 56(a1)
core   0: 3 0x80003280 (0x0385c183) x 3 0x00000070 mem 0x800164bb
core   0: 0x80003284 (0x0d52cc83) lbu     s9, 213(t0)
core   0: 3 0x80003284 (0x0d52cc83) x25 0x000000ab mem 0x80019df0
core   0: 0x80003288 (0x00594783) lbu     a5, 5(s2)
core   0: 3 0x80003288 (0x00594783) x15 0x0000007c mem 0x8001a0c7
core   0: 0x8000328c (0xe5050483) lb      s1, -432(a0)
core   0: 3 0x8000328c (0xe5050483) x 9 0xffffff80 mem 0x8001dccb
core   0: 0x80003290 (0x03c5c483) lbu     s1, 60(a1)
core   0: 3 0x80003290 (0x03c5c483) x 9 0x00000074 mem 0x800164bf
core   0: 0x80003294 (0xfdf51a03) lh      s4, -33(a0)
core   0: 3 0x80003294 (0xfdf51a03) x20 0x00001011 mem 0x8001de5a
core   0: 0x80003298 (0x0b92c783) lbu     a5, 185(t0)
core   0: 3 0x80003298 (0x0b92c783) x15 0x0000008f mem 0x80019dd4
core   0: 0x8000329c (0xfdc90083) lb      ra, -36(s2)
core   0: 3 0x8000329c (0xfdc90083) x 1 0x00000055 mem 0x8001a09e
core   0: 0x800032a0 (0x2db54883) lbu     a7, 731(a0)
core   0: 3 0x800032a0 (0x2db54883) x17 0x0000000d mem 0x8001e156
core   0: 0x800032a4 (0x02a90203) lb      tp, 42(s2)
core   0: 3 0x800032a4 (0x02a90203) x 4 0xffffffa7 mem 0x8001a0ec
core   0: 0x800032a8 (0xfd990ea3) sb      s9, -35(s2)
core   0: 3 0x800032a8 (0xfd990ea3) mem 0x8001a09f 0xab
core   0: 0x800032ac (0xa2050e03) lb      t3, -1504(a0)
core   0: 3 0x800032ac (0xa2050e03) x28 0x00000050 mem 0x8001d89b
core   0: 0x800032b0 (0xfdf94b03) lbu     s6, -33(s2)
core   0: 3 0x800032b0 (0xfdf94b03) x22 0x0000005a mem 0x8001a0a1
core   0: 0x800032b4 (0x45a54a03) lbu     s4, 1114(a0)
core   0: 3 0x800032b4 (0x45a54a03) x20 0x0000008e mem 0x8001e2d5
core   0: 0x800032b8 (0x03f90403) lb      s0, 63(s2)
core   0: 3 0x800032b8 (0x03f90403) x 8 0xffffffba mem 0x8001a101
core   0: 0x800032bc (0xfc329ca3) sh      gp, -39(t0)
core   0: 3 0x800032bc (0xfc329ca3) mem 0x80019cf4 0x0070
core   0: 0x800032c0 (0xf892ca83) lbu     s5, -119(t0)
core   0: 3 0x800032c0 (0xf892ca83) x21 0x0000005f mem 0x80019ca4
core   0: 0x800032c4 (0x0262c183) lbu     gp, 38(t0)
core   0: 3 0x800032c4 (0x0262c183) x 3 0x000000fa mem 0x80019d41
core   0: 0x800032c8 (0xc5f50823) sb      t6, -944(a0)
core   0: 3 0x800032c8 (0xc5f50823) mem 0x8001dacb 0xac
core   0: 0x800032cc (0xfee58203) lb      tp, -18(a1)
core   0: 3 0x800032cc (0xfee58203) x 4 0x0000002a mem 0x80016471
core   0: 0x800032d0 (0xfd290403) lb      s0, -46(s2)
core   0: 3 0x800032d0 (0xfd290403) x 8 0x0000004f mem 0x8001a094
core   0: 0x800032d4 (0x00013897) auipc   a7, 0x13
core   0: 3 0x800032d4 (0x00013897) x17 0x800162d4
core   0: 0x800032d8 (0xc0b88893) addi    a7, a7, -1013
core   0: 3 0x800032d8 (0xc0b88893) x17 0x80015edf
core   0: 0x800032dc (0xfd189ba3) sh      a7, -41(a7)
core   0: 3 0x800032dc (0xfd189ba3) mem 0x80015eb6 0x5edf
core   0: 0x800032e0 (0x00018517) auipc   a0, 0x18
core   0: 3 0x800032e0 (0x00018517) x10 0x8001b2e0
core   0: 0x800032e4 (0x7ca50513) addi    a0, a0, 1994
core   0: 3 0x800032e4 (0x7ca50513) x10 0x8001baaa
core   0: 0x800032e8 (0xfdc501a3) sb      t3, -61(a0)
core   0: 3 0x800032e8 (0xfdc501a3) mem 0x8001ba6d 0x50
core   0: 0x800032ec (0xfc850d83) lb      s11, -56(a0)
core   0: 3 0x800032ec (0xfc850d83) x27 0x00000029 mem 0x8001ba72
core   0: 0x800032f0 (0x03950603) lb      a2, 57(a0)
core   0: 3 0x800032f0 (0x03950603) x12 0xffffff98 mem 0x8001bae3
core   0: 0x800032f4 (0xfc78dd03) lhu     s10, -57(a7)
core   0: 3 0x800032f4 (0xfc78dd03) x26 0x00005c5d mem 0x80015ea6
core   0: 0x800032f8 (0x02c54603) lbu     a2, 44(a0)
core   0: 3 0x800032f8 (0x02c54603) x12 0x0000008d mem 0x8001bad6
core   0: 0x800032fc (0x03b54b83) lbu     s7, 59(a0)
core   0: 3 0x800032fc (0x03b54b83) x23 0x0000009e mem 0x8001bae5
core   0: 0x80003300 (0xfda8c003) lbu     zero, -38(a7)
core   0: 3 0x80003300 (0xfda8c003) mem 0x80015eb9
core   0: 0x80003304 (0xffe8c183) lbu     gp, -2(a7)
core   0: 3 0x80003304 (0xffe8c183) x 3 0x00000096 mem 0x80015edd
core   0: 0x80003308 (0xfc251b03) lh      s6, -62(a0)
core   0: 3 0x80003308 (0xfc251b03) x22 0x00005027 mem 0x8001ba6c
core   0: 0x8000330c (0x010897a3) sh      a6, 15(a7)
core   0: 3 0x8000330c (0x010897a3) mem 0x80015eee 0x009c
core   0: 0x80003310 (0x03e8c183) lbu     gp, 62(a7)
core   0: 3 0x80003310 (0x03e8c183) x 3 0x000000d6 mem 0x80015f1d
core   0: 0x80003314 (0x03854c83) lbu     s9, 56(a0)
core   0: 3 0x80003314 (0x03854c83) x25 0x00000099 mem 0x8001bae2
core   0: 0x80003318 (0xfdc88203) lb      tp, -36(a7)
core   0: 3 0x80003318 (0xfdc88203) x 4 0x00000070 mem 0x80015ebb
core   0: 0x8000331c (0x00851783) lh      a5, 8(a0)
core   0: 3 0x8000331c (0x00851783) x15 0x00006869 mem 0x8001bab2
core   0: 0x80003320 (0x03d88223) sb      t4, 36(a7)
core   0: 3 0x80003320 (0x03d88223) mem 0x80015f03 0x58
core   0: 0x80003324 (0x02988d23) sb      s1, 58(a7)
core   0: 3 0x80003324 (0x02988d23) mem 0x80015f19 0x74
core   0: 0x80003328 (0xfec88783) lb      a5, -20(a7)
core   0: 3 0x80003328 (0xfec88783) x15 0xffffff80 mem 0x80015ecb
core   0: 0x8000332c (0x01954f83) lbu     t6, 25(a0)
core   0: 3 0x8000332c (0x01954f83) x31 0x00000078 mem 0x8001bac3
core   0: 0x80003330 (0xfdf50ca3) sb      t6, -39(a0)
core   0: 3 0x80003330 (0xfdf50ca3) mem 0x8001ba83 0x78
core   0: 0x80003334 (0x00012517) auipc   a0, 0x12
core   0: 3 0x80003334 (0x00012517) x10 0x80015334
core   0: 0x80003338 (0x10b50513) addi    a0, a0, 267
core   0: 3 0x80003338 (0x10b50513) x10 0x8001543f
core   0: 0x8000333c (0xfc454f83) lbu     t6, -60(a0)
core   0: 3 0x8000333c (0xfc454f83) x31 0x000000b8 mem 0x80015403
core   0: 0x80003340 (0xfdf50223) sb      t6, -60(a0)
core   0: 3 0x80003340 (0xfdf50223) mem 0x80015403 0xb8
core   0: 0x80003344 (0x01d3c833) xor     a6, t2, t4
core   0: 3 0x80003344 (0x01d3c833) x16 0x00000055
core   0: 0x80003348 (0xfc450203) lb      tp, -60(a0)
core   0: 3 0x80003348 (0xfc450203) x 4 0xffffffb8 mem 0x80015403
core   0: 0x8000334c (0xfc450483) lb      s1, -60(a0)
core   0: 3 0x8000334c (0xfc450483) x 9 0xffffffb8 mem 0x80015403
core   0: 0x80003350 (0xfc454483) lbu     s1, -60(a0)
core   0: 3 0x80003350 (0xfc454483) x 9 0x000000b8 mem 0x80015403
core   0: 0x80003354 (0x0000100f) fence.i
core   0: 3 0x80003354 (0x0000100f)
core   0: 0x80003358 (0x1d662293) slti    t0, a2, 470
core   0: 3 0x80003358 (0x1d662293) x 5 0x00000001
core   0: 0x8000335c (0x40977813) andi    a6, a4, 1033
core   0: 3 0x8000335c (0x40977813) x16 0x00000408
core   0: 0x80003360 (0xfc050223) sb      zero, -60(a0)
core   0: 3 0x80003360 (0xfc050223) mem 0x80015403 0x0
core   0: 0x80003364 (0x41a9d0b3) sra     ra, s3, s10
core   0: 3 0x80003364 (0x41a9d0b3) x 1 0xfffffffc
core   0: 0x80003368 (0x00376733) or      a4, a4, gp
core   0: 3 0x80003368 (0x00376733) x14 0xfffffffe
core   0: 0x8000336c (0x009cbc33) sltu    s8, s9, s1
core   0: 3 0x8000336c (0x009cbc33) x24 0x00000001
core   0: 0x80003370 (0xfc454583) lbu     a1, -60(a0)
core   0: 3 0x80003370 (0xfc454583) x11 0x00000000 mem 0x80015403
core   0: 0x80003374 (0xfc450e83) lb      t4, -60(a0)
core   0: 3 0x80003374 (0xfc450e83) x29 0x00000000 mem 0x80015403
core   0: 0x80003378 (0xfc850223) sb      s0, -60(a0)
core   0: 3 0x80003378 (0xfc850223) mem 0x80015403 0x4f
core   0: 0x8000337c (0xfc450883) lb      a7, -60(a0)
core   0: 3 0x8000337c (0xfc450883) x17 0x0000004f mem 0x80015403
core   0: 0x80003380 (0x00012e17) auipc   t3, 0x12
core   0: 3 0x80003380 (0x00012e17) x28 0x80015380
core   0: 0x80003384 (0x1d9e0e13) addi    t3, t3, 473
core   0: 3 0x80003384 (0x1d9e0e13) x28 0x80015559
core   0: 0x80003388 (0x00000013) nop
core   0: 3 0x80003388 (0x00000013)
core   0: 0x8000338c (0x0125cb33) xor     s6, a1, s2
core   0: 3 0x8000338c (0x0125cb33) x22 0x8001a0c2
core   0: 0x80003390 (0x005e4283) lbu     t0, 5(t3)
core   0: 3 0x80003390 (0x005e4283) x 5 0x00000015 mem 0x8001555e
core   0: 0x80003394 (0x41e2df93) srai    t6, t0, 30
core   0: 3 0x80003394 (0x41e2df93) x31 0x00000000
core   0: 0x80003398 (0x00ee4a83) lbu     s5, 14(t3)
core   0: 3 0x80003398 (0x00ee4a83) x21 0x0000001c mem 0x80015567
core   0: 0x8000339c (0x009e0423) sb      s1, 8(t3)
core   0: 3 0x8000339c (0x009e0423) mem 0x80015561 0xb8
core   0: 0x800033a0 (0x00ae06a3) sb      a0, 13(t3)
core   0: 3 0x800033a0 (0x00ae06a3) mem 0x80015566 0x3f
core   0: 0x800033a4 (0xffde5c83) lhu     s9, -3(t3)
core   0: 3 0x800033a4 (0xffde5c83) x25 0x00000c0d mem 0x80015556
core   0: 0x800033a8 (0xff6e0b23) sb      s6, -10(t3)
core   0: 3 0x800033a8 (0xff6e0b23) mem 0x8001554f 0xc2
core   0: 0x800033ac (0x00de21a3) sw      a3, 3(t3)
core   0: 3 0x800033ac (0x00de21a3) mem 0x8001555c 0x80000000
core   0: 0x800033b0 (0x00ae0c03) lb      s8, 10(t3)
core   0: 3 0x800033b0 (0x00ae0c03) x24 0x00000018 mem 0x80015563
core   0: 0x800033b4 (0x291abd13) sltiu   s10, s5, 657
core   0: 3 0x800033b4 (0x291abd13) x26 0x00000001
core   0: 0x800033b8 (0x2d583013) sltiu   zero, a6, 725
core   0: 3 0x800033b8 (0x2d583013)
core   0: 0x800033bc (0xffce0903) lb      s2, -4(t3)
core   0: 3 0x800033bc (0xffce0903) x18 0x0000000e mem 0x80015555
core   0: 0x800033c0 (0x406a5b93) srai    s7, s4, 6
core   0: 3 0x800033c0 (0x406a5b93) x23 0x00000002
core   0: 0x800033c4 (0x72fe0f13) addi    t5, t3, 1839
core   0: 3 0x800033c4 (0x72fe0f13) x30 0x80015c88
core   0: 0x800033c8 (0xff8e4a03) lbu     s4, -8(t3)
core   0: 3 0x800033c8 (0xff8e4a03) x20 0x0000000a mem 0x80015551
core   0: 0x800033cc (0x008e12a3) sh      s0, 5(t3)
core   0: 3 0x800033cc (0x008e12a3) mem 0x8001555e 0x004f
core   0: 0x800033d0 (0x0ba84097) auipc   ra, 0xba84
core   0: 3 0x800033d0 (0x0ba84097) x 1 0x8ba873d0
core   0: 0x800033d4 (0x1583bf93) sltiu   t6, t2, 344
core   0: 3 0x800033d4 (0x1583bf93) x31 0x00000001
core   0: 0x800033d8 (0x0000100f) fence.i
core   0: 3 0x800033d8 (0x0000100f)
core   0: 0x800033dc (0x00efbdb3) sltu    s11, t6, a4
core   0: 3 0x800033dc (0x00efbdb3) x27 0x00000001
core   0: 0x800033e0 (0xcd14e297) auipc   t0, 0xcd14e
core   0: 3 0x800033e0 (0xcd14e297) x 5 0x4d1513e0
core   0: 0x800033e4 (0xe00a8e97) auipc   t4, 0xe00a8
core   0: 3 0x800033e4 (0xe00a8e97) x29 0x600ab3e4
core   0: 0x800033e8 (0x01148633) add     a2, s1, a7
core   0: 3 0x800033e8 (0x01148633) x12 0x00000107
core   0: 0x800033ec (0x001e1783) lh      a5, 1(t3)
core   0: 3 0x800033ec (0x001e1783) x15 0x00001011 mem 0x8001555a
core   0: 0x800033f0 (0x404d5f33) sra     t5, s10, tp
core   0: 3 0x800033f0 (0x404d5f33) x30 0x00000000
core   0: 0x800033f4 (0x41dbd233) sra     tp, s7, t4
core   0: 3 0x800033f4 (0x41dbd233) x 4 0x00000000
core   0: 0x800033f8 (0xff6e0e83) lb      t4, -10(t3)
core   0: 3 0x800033f8 (0xff6e0e83) x29 0xffffffc2 mem 0x8001554f
core   0: 0x800033fc (0x0001b597) auipc   a1, 0x1b
core   0: 3 0x800033fc (0x0001b597) x11 0x8001e3fc
core   0: 0x80003400 (0x9ab58593) addi    a1, a1, -1621
core   0: 3 0x80003400 (0x9ab58593) x11 0x8001dda7
core   0: 0x80003404 (0xffe58d83) lb      s11, -2(a1)
core   0: 3 0x80003404 (0xffe58d83) x27 0x0000005e mem 0x8001dda5
core   0: 0x80003408 (0xffe5c783) lbu     a5, -2(a1)
core   0: 3 0x80003408 (0xffe5c783) x15 0x0000005e mem 0x8001dda5
core   0: 0x8000340c (0xfe058f23) sb      zero, -2(a1)
core   0: 3 0x8000340c (0xfe058f23) mem 0x8001dda5 0x0
core   0: 0x80003410 (0x00f592a3) sh      a5, 5(a1)
core   0: 3 0x80003410 (0x00f592a3) mem 0x8001ddac 0x005e
core   0: 0x80003414 (0x01e5a2a3) sw      t5, 5(a1)
core   0: 3 0x80003414 (0x01e5a2a3) mem 0x8001ddac 0x00000000
core   0: 0x80003418 (0x00e586a3) sb      a4, 13(a1)
core   0: 3 0x80003418 (0x00e586a3) mem 0x8001ddb4 0xfe
core   0: 0x8000341c (0xffe58383) lb      t2, -2(a1)
core   0: 3 0x8000341c (0xffe58383) x 7 0x00000000 mem 0x8001dda5
core   0: 0x80003420 (0xffe58a83) lb      s5, -2(a1)
core   0: 3 0x80003420 (0xffe58a83) x21 0x00000000 mem 0x8001dda5
core   0: 0x80003424 (0x00c5cd83) lbu     s11, 12(a1)
core   0: 3 0x80003424 (0x00c5cd83) x27 0x00000068 mem 0x8001ddb3
core   0: 0x80003428 (0x00758623) sb      t2, 12(a1)
core   0: 3 0x80003428 (0x00758623) mem 0x8001ddb3 0x0
core   0: 0x8000342c (0x01258623) sb      s2, 12(a1)
core   0: 3 0x8000342c (0x01258623) mem 0x8001ddb3 0xe
core   0: 0x80003430 (0x27b44193) xori    gp, s0, 635
core   0: 3 0x80003430 (0x27b44193) x 3 0x00000234
core   0: 0x80003434 (0x00e5c003) lbu     zero, 14(a1)
core   0: 3 0x80003434 (0x00e5c003) mem 0x8001ddb5
core   0: 0x80003438 (0xfe159ca3) sh      ra, -7(a1)
core   0: 3 0x80003438 (0xfe159ca3) mem 0x8001dda0 0x73d0
core   0: 0x8000343c (0x0075d283) lhu     t0, 7(a1)
core   0: 3 0x8000343c (0x0075d283) x 5 0x00000000 mem 0x8001ddae
core   0: 0x80003440 (0xff159503) lh      a0, -15(a1)
core   0: 3 0x80003440 (0xff159503) x10 0x00005253 mem 0x8001dd98
core   0: 0x80003444 (0x00012e97) auipc   t4, 0x12
core   0: 3 0x80003444 (0x00012e97) x29 0x80015444
core   0: 0x80003448 (0x0aae8e93) addi    t4, t4, 170
core   0: 3 0x80003448 (0x0aae8e93) x29 0x800154ee
core   0: 0x8000344c (0x1fa03c93) sltiu   s9, zero, 506
core   0: 3 0x8000344c (0x1fa03c93) x25 0x00000001
core   0: 0x80003450 (0x00000013) nop
core   0: 3 0x80003450 (0x00000013)
core   0: 0x80003454 (0x8ef06517) auipc   a0, 0x8ef06
core   0: 3 0x80003454 (0x8ef06517) x10 0x0ef09454
core   0: 0x80003458 (0x87144097) auipc   ra, 0x87144
core   0: 3 0x80003458 (0x87144097) x 1 0x07147458
core   0: 0x8000345c (0x00de82a3) sb      a3, 5(t4)
core   0: 3 0x8000345c (0x00de82a3) mem 0x800154f3 0x0
core   0: 0x80003460 (0x004e8d03) lb      s10, 4(t4)
core   0: 3 0x80003460 (0x004e8d03) x26 0xffffffa9 mem 0x800154f2
core   0: 0x80003464 (0x00e5f5b3) and     a1, a1, a4
core   0: 3 0x80003464 (0x00e5f5b3) x11 0x8001dda6
core   0: 0x80003468 (0x000e8b83) lb      s7, 0(t4)
core   0: 3 0x80003468 (0x000e8b83) x23 0xffffffa5 mem 0x800154ee
core   0: 0x8000346c (0x0007b933) sltu    s2, a5, zero
core   0: 3 0x8000346c (0x0007b933) x18 0x00000000
core   0: 0x80003470 (0xfc41fb93) andi    s7, gp, -60
core   0: 3 0x80003470 (0xfc41fb93) x23 0x00000204
core   0: 0x80003474 (0x001e8703) lb      a4, 1(t4)
core   0: 3 0x80003474 (0x001e8703) x14 0xffffffa4 mem 0x800154ef
core   0: 0x80003478 (0xff2e9583) lh      a1, -14(t4)
core   0: 3 0x80003478 (0xff2e9583) x11 0xffff9a9b mem 0x800154e0
core   0: 0x8000347c (0x00ae04b3) add     s1, t3, a0
core   0: 3 0x8000347c (0x00ae04b3) x 9 0x8ef1e9ad
core   0: 0x80003480 (0x00eec303) lbu     t1, 14(t4)
core   0: 3 0x80003480 (0x00eec303) x 6 0x000000b7 mem 0x800154fc
core   0: 0x80003484 (0xf9948813) addi    a6, s1, -103
core   0: 3 0x80003484 (0xf9948813) x16 0x8ef1e946
core   0: 0x80003488 (0x40f68ab3) sub     s5, a3, a5
core   0: 3 0x80003488 (0x40f68ab3) x21 0x7fffffa2
core   0: 0x8000348c (0x004ed603) lhu     a2, 4(t4)
core   0: 3 0x8000348c (0x004ed603) x12 0x000000a9 mem 0x800154f2
core   0: 0x80003490 (0x00a55db3) srl     s11, a0, a0
core   0: 3 0x80003490 (0x00a55db3) x27 0x000000ef
core   0: 0x80003494 (0xfffe8d03) lb      s10, -1(t4)
core   0: 3 0x80003494 (0xfffe8d03) x26 0xffffffa6 mem 0x800154ed
core   0: 0x80003498 (0x40aed7b3) sra     a5, t4, a0
core   0: 3 0x80003498 (0x40aed7b3) x15 0xfffff800
core   0: 0x8000349c (0xff5ecb03) lbu     s6, -11(t4)
core   0: 3 0x8000349c (0xff5ecb03) x22 0x00000098 mem 0x800154e3
core   0: 0x800034a0 (0x973e7713) andi    a4, t3, -1677
core   0: 3 0x800034a0 (0x973e7713) x14 0x80015151
core   0: 0x800034a4 (0xff7ea923) sw      s7, -14(t4)
core   0: 3 0x800034a4 (0xff7ea923) mem 0x800154e0 0x00000204
core   0: 0x800034a8 (0xffcec903) lbu     s2, -4(t4)
core   0: 3 0x800034a8 (0xffcec903) x18 0x000000a1 mem 0x800154ea
core   0: 0x800034ac (0x010e8a83) lb      s5, 16(t4)
core   0: 3 0x800034ac (0x010e8a83) x21 0xffffffb5 mem 0x800154fe
core   0: 0x800034b0 (0x0ff0000f) fence   iorw,iorw
core   0: 3 0x800034b0 (0x0ff0000f)
core   0: 0x800034b4 (0xff1e8783) lb      a5, -15(t4)
core   0: 3 0x800034b4 (0xff1e8783) x15 0xffffff94 mem 0x800154df
core   0: 0x800034b8 (0xfe0e8d23) sb      zero, -6(t4)
core   0: 3 0x800034b8 (0xfe0e8d23) mem 0x800154e8 0x0
core   0: 0x800034bc (0x005591b3) sll     gp, a1, t0
core   0: 3 0x800034bc (0x005591b3) x 3 0xffff9a9b
core   0: 0x800034c0 (0x001c8bb3) add     s7, s9, ra
core   0: 3 0x800034c0 (0x001c8bb3) x23 0x07147459
core   0: 0x800034c4 (0x2735f517) auipc   a0, 0x2735f
core   0: 3 0x800034c4 (0x2735f517) x10 0xa73624c4
core   0: 0x800034c8 (0xa9c92493) slti    s1, s2, -1380
core   0: 3 0x800034c8 (0xa9c92493) x 9 0x00000000
core   0: 0x800034cc (0xff8e8783) lb      a5, -8(t4)
core   0: 3 0x800034cc (0xff8e8783) x15 0xffffff9d mem 0x800154e6
core   0: 0x800034d0 (0x007e8603) lb      a2, 7(t4)
core   0: 3 0x800034d0 (0x007e8603) x12 0xffffffae mem 0x800154f5
core   0: 0x800034d4 (0xff2ea183) lw      gp, -14(t4)
core   0: 3 0x800034d4 (0xff2ea183) x 3 0x00000204 mem 0x800154e0
core   0: 0x800034d8 (0x001e85a3) sb      ra, 11(t4)
core   0: 3 0x800034d8 (0x001e85a3) mem 0x800154f9 0x58
core   0: 0x800034dc (0x002ec383) lbu     t2, 2(t4)
core   0: 3 0x800034dc (0x002ec383) x 7 0x000000ab mem 0x800154f0
core   0: 0x800034e0 (0xff1e8283) lb      t0, -15(t4)
core   0: 3 0x800034e0 (0xff1e8283) x 5 0xffffff94 mem 0x800154df
core   0: 0x800034e4 (0x900bf7b7) lui     a5, 0x900bf
core   0: 3 0x800034e4 (0x900bf7b7) x15 0x900bf000
core   0: 0x800034e8 (0x418fd933) sra     s2, t6, s8
core   0: 3 0x800034e8 (0x418fd933) x18 0x00000000
core   0: 0x800034ec (0x007e8183) lb      gp, 7(t4)
core   0: 3 0x800034ec (0x007e8183) x 3 0xffffffae mem 0x800154f5
core   0: 0x800034f0 (0x01dbd813) srli    a6, s7, 29
core   0: 3 0x800034f0 (0x01dbd813) x16 0x00000000
core   0: 0x800034f4 (0x0149e5b3) or      a1, s3, s4
core   0: 3 0x800034f4 (0x0149e5b3) x11 0x8002ae6e
core   0: 0x800034f8 (0x013e83a3) sb      s3, 7(t4)
core   0: 3 0x800034f8 (0x013e83a3) mem 0x800154f5 0x64
core   0: 0x800034fc (0x0001a897) auipc   a7, 0x1a
core   0: 3 0x800034fc (0x0001a897) x17 0x8001d4fc
core   0: 0x80003500 (0x83f88893) addi    a7, a7, -1985
core   0: 3 0x80003500 (0x83f88893) x17 0x8001cd3b
core   0: 0x80003504 (0xf3c88523) sb      t3, -214(a7)
core   0: 3 0x80003504 (0xf3c88523) mem 0x8001cc65 0x59
core   0: 0x80003508 (0x408c55b3) sra     a1, s8, s0
core   0: 3 0x80003508 (0x408c55b3) x11 0x00000000
core   0: 0x8000350c (0x00ba5e13) srli    t3, s4, 11
core   0: 3 0x8000350c (0x00ba5e13) x28 0x00000000
core   0: 0x80003510 (0x0096b033) sltu    zero, a3, s1
core   0: 3 0x80003510 (0x0096b033)
core   0: 0x80003514 (0x003cd713) srli    a4, s9, 3
core   0: 3 0x80003514 (0x003cd713) x14 0x00000000
core   0: 0x80003518 (0x4c088b23) sb      zero, 1238(a7)
core   0: 3 0x80003518 (0x4c088b23) mem 0x8001d211 0x0
core   0: 0x8000351c (0x01e332b3) sltu    t0, t1, t5
core   0: 3 0x8000351c (0x01e332b3) x 5 0x00000000
core   0: 0x80003520 (0x015bdd93) srli    s11, s7, 21
core   0: 3 0x80003520 (0x015bdd93) x27 0x00000038
core   0: 0x80003524 (0x00a64f33) xor     t5, a2, a0
core   0: 3 0x80003524 (0x00a64f33) x30 0x58c9db6a
core   0: 0x80003528 (0xcbd893a3) sh      t4, -857(a7)
core   0: 3 0x80003528 (0xcbd893a3) mem 0x8001c9e2 0x54ee
core   0: 0x8000352c (0x015e3c33) sltu    s8, t3, s5
core   0: 3 0x8000352c (0x015e3c33) x24 0x00000001
core   0: 0x80003530 (0x41badb93) srai    s7, s5, 27
core   0: 3 0x80003530 (0x41badb93) x23 0xffffffff
core   0: 0x80003534 (0x00000013) nop
core   0: 3 0x80003534 (0x00000013)
core   0: 0x80003538 (0x74423d13) sltiu   s10, tp, 1860
core   0: 3 0x80003538 (0x74423d13) x26 0x00000001
core   0: 0x8000353c (0x628afc13) andi    s8, s5, 1576
core   0: 3 0x8000353c (0x628afc13) x24 0x00000620
core   0: 0x80003540 (0xfbe8ce03) lbu     t3, -66(a7)
core   0: 3 0x80003540 (0xfbe8ce03) x28 0x000000b2 mem 0x8001ccf9
core   0: 0x80003544 (0xa3fd33b7) lui     t2, 0xa3fd3
core   0: 3 0x80003544 (0xa3fd33b7) x 7 0xa3fd3000
core   0: 0x80003548 (0x8dd8af03) lw      t5, -1827(a7)
core   0: 3 0x80003548 (0x8dd8af03) x30 0xd0d1d2d3 mem 0x8001c618
core   0: 0x8000354c (0x36f88003) lb      zero, 879(a7)
core   0: 3 0x8000354c (0x36f88003) mem 0x8001d0aa
core   0: 0x80003550 (0x8cf88f83) lb      t6, -1841(a7)
core   0: 3 0x80003550 (0x8cf88f83) x31 0xffffffc1 mem 0x8001c60a
core   0: 0x80003554 (0x4ce88e23) sb      a4, 1244(a7)
core   0: 3 0x80003554 (0x4ce88e23) mem 0x8001d217 0x0
core   0: 0x80003558 (0xac288d03) lb      s10, -1342(a7)
core   0: 3 0x80003558 (0xac288d03) x26 0xffffffb6 mem 0x8001c7fd
core   0: 0x8000355c (0x0101d913) srli    s2, gp, 16
core   0: 3 0x8000355c (0x0101d913) x18 0x0000ffff
core   0: 0x80003560 (0xd92bff93) andi    t6, s7, -622
core   0: 3 0x80003560 (0xd92bff93) x31 0xfffffd92
core   0: 0x80003564 (0x8638aea3) sw      gp, -1923(a7)
core   0: 3 0x80003564 (0x8638aea3) mem 0x8001c5b8 0xffffffae
core   0: 0x80003568 (0x0109a4b3) slt     s1, s3, a6
core   0: 3 0x80003568 (0x0109a4b3) x 9 0x00000001
core   0: 0x8000356c (0x07f89603) lh      a2, 127(a7)
core   0: 3 0x8000356c (0x07f89603) x12 0x00007071 mem 0x8001cdba
core   0: 0x80003570 (0x0ff0000f) fence   iorw,iorw
core   0: 3 0x80003570 (0x0ff0000f)
core   0: 0x80003574 (0x2ba8cd83) lbu     s11, 698(a7)
core   0: 3 0x80003574 (0x2ba8cd83) x27 0x000000ae mem 0x8001cff5
core   0: 0x80003578 (0x41fed5b3) sra     a1, t4, t6
core   0: 3 0x80003578 (0x41fed5b3) x11 0xffffe000
core   0: 0x8000357c (0xd6789ea3) sh      t2, -643(a7)
core   0: 3 0x8000357c (0xd6789ea3) mem 0x8001cab8 0x3000
core   0: 0x80003580 (0x01a55b13) srli    s6, a0, 26
core   0: 3 0x80003580 (0x01a55b13) x22 0x00000029
core   0: 0x80003584 (0x5788c203) lbu     tp, 1400(a7)
core   0: 3 0x80003584 (0x5788c203) x 4 0x00000068 mem 0x8001d2b3
core   0: 0x80003588 (0x3c88cb83) lbu     s7, 968(a7)
core   0: 3 0x80003588 (0x3c88cb83) x23 0x000000b8 mem 0x8001d103
core   0: 0x8000358c (0x8068c703) lbu     a4, -2042(a7)
core   0: 3 0x8000358c (0x8068c703) x14 0x000000fa mem 0x8001c541
core   0: 0x80003590 (0xab189d83) lh      s11, -1359(a7)
core   0: 3 0x80003590 (0xab189d83) x27 0xffffa6a7 mem 0x8001c7ec
core   0: 0x80003594 (0xd3e88223) sb      t5, -732(a7)
core   0: 3 0x80003594 (0xd3e88223) mem 0x8001ca5f 0xd3
core   0: 0x80003598 (0xe328cc83) lbu     s9, -462(a7)
core   0: 3 0x80003598 (0xe328cc83) x25 0x00000026 mem 0x8001cb6d
core   0: 0x8000359c (0xa4b89f03) lh      t5, -1461(a7)
core   0: 3 0x8000359c (0xa4b89f03) x30 0x00003c3d mem 0x8001c786
core   0: 0x800035a0 (0x2c28cc03) lbu     s8, 706(a7)
core   0: 3 0x800035a0 (0x2c28cc03) x24 0x000000b6 mem 0x8001cffd
core   0: 0x800035a4 (0x0001bc97) auipc   s9, 0x1b
core   0: 3 0x800035a4 (0x0001bc97) x25 0x8001e5a4
core   0: 0x800035a8 (0xfd5c8c93) addi    s9, s9, -43
core   0: 3 0x800035a8 (0xfd5c8c93) x25 0x8001e579
core   0: 0x800035ac (0x41ff51b3) sra     gp, t5, t6
core   0: 3 0x800035ac (0x41ff51b3) x 3 0x00000000
core   0: 0x800035b0 (0x7bc92d93) slti    s11, s2, 1980
core   0: 3 0x800035b0 (0x7bc92d93) x27 0x00000000
core   0: 0x800035b4 (0x56f384b7) lui     s1, 0x56f38
core   0: 3 0x800035b4 (0x56f384b7) x 9 0x56f38000
core   0: 0x800035b8 (0x3c35f397) auipc   t2, 0x3c35f
core   0: 3 0x800035b8 (0x3c35f397) x 7 0xbc3625b8
core   0: 0x800035bc (0x01ec8723) sb      t5, 14(s9)
core   0: 3 0x800035bc (0x01ec8723) mem 0x8001e587 0x3d
core   0: 0x800035c0 (0x00cc8483) lb      s1, 12(s9)
core   0: 3 0x800035c0 (0x00cc8483) x 9 0x0000003e mem 0x8001e585
core   0: 0x800035c4 (0xff6c8a03) lb      s4, -10(s9)
core   0: 3 0x800035c4 (0xff6c8a03) x20 0x00000024 mem 0x8001e56f
core   0: 0x800035c8 (0xffdcc203) lbu     tp, -3(s9)
core   0: 3 0x800035c8 (0xffdcc203) x 4 0x0000002d mem 0x8001e576
core   0: 0x800035cc (0x5bba8493) addi    s1, s5, 1467
core   0: 3 0x800035cc (0x5bba8493) x 9 0x00000570
core   0: 0x800035d0 (0x4023d013) srai    zero, t2, 2
core   0: 3 0x800035d0 (0x4023d013)
core   0: 0x800035d4 (0x01713db3) sltu    s11, sp, s7
core   0: 3 0x800035d4 (0x01713db3) x27 0x00000000
core   0: 0x800035d8 (0xff4c8d83) lb      s11, -12(s9)
core   0: 3 0x800035d8 (0xff4c8d83) x27 0x00000026 mem 0x8001e56d
core   0: 0x800035dc (0x00fcaf83) lw      t6, 15(s9)
core   0: 3 0x800035dc (0x00fcaf83) x31 0x40414243 mem 0x8001e588
core   0: 0x800035e0 (0x01ec92a3) sh      t5, 5(s9)
core   0: 3 0x800035e0 (0x01ec92a3) mem 0x8001e57e 0x3c3d
core   0: 0x800035e4 (0xa13dda97) auipc   s5, 0xa13dd
core   0: 3 0x800035e4 (0xa13dda97) x21 0x213e05e4
core   0: 0x800035e8 (0x00fcc383) lbu     t2, 15(s9)
core   0: 3 0x800035e8 (0x00fcc383) x 7 0x00000043 mem 0x8001e588
core   0: 0x800035ec (0x017d71b3) and     gp, s10, s7
core   0: 3 0x800035ec (0x017d71b3) x 3 0x000000b0
core   0: 0x800035f0 (0x01cca7a3) sw      t3, 15(s9)
core   0: 3 0x800035f0 (0x01cca7a3) mem 0x8001e588 0x000000b2
core   0: 0x800035f4 (0x003e0ab3) add     s5, t3, gp
core   0: 3 0x800035f4 (0x003e0ab3) x21 0x00000162
core   0: 0x800035f8 (0xff5c9f03) lh      t5, -11(s9)
core   0: 3 0x800035f8 (0xff5c9f03) x30 0x00002425 mem 0x8001e56e
core   0: 0x800035fc (0x0000100f) fence.i
core   0: 3 0x800035fc (0x0000100f)
core   0: 0x80003600 (0x00000013) nop
core   0: 3 0x80003600 (0x00000013)
core   0: 0x80003604 (0x002c8e03) lb      t3, 2(s9)
core   0: 3 0x80003604 (0x002c8e03) x28 0x00000030 mem 0x8001e57b
core   0: 0x80003608 (0xff9cc903) lbu     s2, -7(s9)
core   0: 3 0x80003608 (0xff9cc903) x18 0x00000029 mem 0x8001e572
core   0: 0x8000360c (0x019f7d33) and     s10, t5, s9
core   0: 3 0x8000360c (0x019f7d33) x26 0x00002421
core   0: 0x80003610 (0xffbccc03) lbu     s8, -5(s9)
core   0: 3 0x80003610 (0xffbccc03) x24 0x0000002f mem 0x8001e574
core   0: 0x80003614 (0xa1d43f93) sltiu   t6, s0, -1507
core   0: 3 0x80003614 (0xa1d43f93) x31 0x00000001
core   0: 0x80003618 (0x000ccf83) lbu     t6, 0(s9)
core   0: 3 0x80003618 (0x000ccf83) x31 0x00000032 mem 0x8001e579
core   0: 0x8000361c (0x00012197) auipc   gp, 0x12
core   0: 3 0x8000361c (0x00012197) x 3 0x8001561c
core   0: 0x80003620 (0x59218193) addi    gp, gp, 1426
core   0: 3 0x80003620 (0x59218193) x 3 0x80015bae
core   0: 0x80003624 (0x01c11313) slli    t1, sp, 28
core   0: 3 0x80003624 (0x01c11313) x 6 0x40000000
core   0: 0x80003628 (0xc79b0893) addi    a7, s6, -903
core   0: 3 0x80003628 (0xc79b0893) x17 0xfffffca2
core   0: 0x8000362c (0x00b78d33) add     s10, a5, a1
core   0: 3 0x8000362c (0x00b78d33) x26 0x900bd000
core   0: 0x80003630 (0x0000100f) fence.i
core   0: 3 0x80003630 (0x0000100f)
core   0: 0x80003634 (0x0141c883) lbu     a7, 20(gp)
core   0: 3 0x80003634 (0x0141c883) x17 0x00000079 mem 0x80015bc2
core   0: 0x80003638 (0x00599433) sll     s0, s3, t0
core   0: 3 0x80003638 (0x00599433) x 8 0x8002ae64
core   0: 0x8000363c (0x01689933) sll     s2, a7, s6
core   0: 3 0x8000363c (0x01689933) x18 0x0000f200
core   0: 0x80003640 (0x01b18503) lb      a0, 27(gp)
core   0: 3 0x80003640 (0x01b18503) x10 0x0000002e mem 0x80015bc9
core   0: 0x80003644 (0x0151e7b3) or      a5, gp, s5
core   0: 3 0x80003644 (0x0151e7b3) x15 0x80015bee
core   0: 0x80003648 (0xfc119523) sh      ra, -54(gp)
core   0: 3 0x80003648 (0xfc119523) mem 0x80015b78 0x7458
core   0: 0x8000364c (0x01ced7b3) srl     a5, t4, t3
core   0: 3 0x8000364c (0x01ced7b3) x15 0x00008001
core   0: 0x80003650 (0x0091ce83) lbu     t4, 9(gp)
core   0: 3 0x80003650 (0x0091ce83) x29 0x00000000 mem 0x80015bb7
core   0: 0x80003654 (0x00000013) nop
core   0: 3 0x80003654 (0x00000013)
core   0: 0x80003658 (0x0321c903) lbu     s2, 50(gp)
core   0: 3 0x80003658 (0x0321c903) x18 0x0000009b mem 0x80015be0
core   0: 0x8000365c (0x4d6ce793) ori     a5, s9, 1238
core   0: 3 0x8000365c (0x4d6ce793) x15 0x8001e5ff
core   0: 0x80003660 (0x00044633) xor     a2, s0, zero
core   0: 3 0x80003660 (0x00044633) x12 0x8002ae64
core   0: 0x80003664 (0x009a1213) slli    tp, s4, 9
core   0: 3 0x80003664 (0x009a1213) x 4 0x00004800
core   0: 0x80003668 (0xffc18903) lb      s2, -4(gp)
core   0: 3 0x80003668 (0xffc18903) x18 0x00000061 mem 0x80015baa
core   0: 0x8000366c (0xfd11c503) lbu     a0, -47(gp)
core   0: 3 0x8000366c (0xfd11c503) x10 0x00000034 mem 0x80015b7f
core   0: 0x80003670 (0x0241c403) lbu     s0, 36(gp)
core   0: 3 0x80003670 (0x0241c403) x 8 0x00000089 mem 0x80015bd2
core   0: 0x80003674 (0x00bec8b3) xor     a7, t4, a1
core   0: 3 0x80003674 (0x00bec8b3) x17 0xffffe000
core   0: 0x80003678 (0x0021ae83) lw      t4, 2(gp)
core   0: 3 0x80003678 (0x0021ae83) x29 0x68696a6b mem 0x80015bb0
core   0: 0x8000367c (0xf3a56393) ori     t2, a0, -198
core   0: 3 0x8000367c (0xf3a56393) x 7 0xffffff3e
core   0: 0x80003680 (0x03e19423) sh      t5, 40(gp)
core   0: 3 0x80003680 (0x03e19423) mem 0x80015bd6 0x2425
core   0: 0x80003684 (0xff71cc03) lbu     s8, -9(gp)
core   0: 3 0x80003684 (0xff71cc03) x24 0x0000005e mem 0x80015ba5
core   0: 0x80003688 (0x03418003) lb      zero, 52(gp)
core   0: 3 0x80003688 (0x03418003) mem 0x80015be2
core   0: 0x8000368c (0x02718ea3) sb      t2, 61(gp)
core   0: 3 0x8000368c (0x02718ea3) mem 0x80015beb 0x3e
core   0: 0x80003690 (0x61d10d93) addi    s11, sp, 1565
core   0: 3 0x80003690 (0x61d10d93) x27 0x8002f301
core   0: 0x80003694 (0xfef18903) lb      s2, -17(gp)
core   0: 3 0x80003694 (0xfef18903) x18 0x00000056 mem 0x80015b9d
core   0: 0x80003698 (0x9e05f2b7) lui     t0, 0x9e05f
core   0: 3 0x80003698 (0x9e05f2b7) x 5 0x9e05f000
core   0: 0x8000369c (0xffc1d403) lhu     s0, -4(gp)
core   0: 3 0x8000369c (0xffc1d403) x 8 0x00006061 mem 0x80015baa
core   0: 0x800036a0 (0x0a8d7813) andi    a6, s10, 168
core   0: 3 0x800036a0 (0x0a8d7813) x16 0x00000000
core   0: 0x800036a4 (0xa7870337) lui     t1, 0xa7870
core   0: 3 0x800036a4 (0xa7870337) x 6 0xa7870000
core   0: 0x800036a8 (0x1d892893) slti    a7, s2, 472
core   0: 3 0x800036a8 (0x1d892893) x17 0x00000001
core   0: 0x800036ac (0xfe61ce03) lbu     t3, -26(gp)
core   0: 3 0x800036ac (0xfe61ce03) x28 0x0000004f mem 0x80015b94
core   0: 0x800036b0 (0x00020317) auipc   t1, 0x20
core   0: 3 0x800036b0 (0x00020317) x 6 0x800236b0
core   0: 0x800036b4 (0x60d30313) addi    t1, t1, 1549
core   0: 3 0x800036b4 (0x60d30313) x 6 0x80023cbd
core   0: 0x800036b8 (0xb11a6a93) ori     s5, s4, -1263
core   0: 3 0x800036b8 (0xb11a6a93) x21 0xfffffb35
core   0: 0x800036bc (0xf8bdb893) sltiu   a7, s11, -117
core   0: 3 0x800036bc (0xf8bdb893) x17 0x00000001
core   0: 0x800036c0 (0x7d130883) lb      a7, 2001(t1)
core   0: 3 0x800036c0 (0x7d130883) x17 0x00000045 mem 0x8002448e
core   0: 0x800036c4 (0xd9030b13) addi    s6, t1, -624
core   0: 3 0x800036c4 (0xd9030b13) x22 0x80023a4d
core   0: 0x800036c8 (0x006cbcb3) sltu    s9, s9, t1
core   0: 3 0x800036c8 (0x006cbcb3) x25 0x00000001
core   0: 0x800036cc (0x0ff0000f) fence   iorw,iorw
core   0: 3 0x800036cc (0x0ff0000f)
core   0: 0x800036d0 (0x41df5933) sra     s2, t5, t4
core   0: 3 0x800036d0 (0x41df5933) x18 0x00000004
core   0: 0x800036d4 (0x8f370637) lui     a2, 0x8f370
core   0: 3 0x800036d4 (0x8f370637) x12 0x8f370000
core   0: 0x800036d8 (0x0059dc93) srli    s9, s3, 5
core   0: 3 0x800036d8 (0x0059dc93) x25 0x04001573
core   0: 0x800036dc (0x2100bf93) sltiu   t6, ra, 528
core   0: 3 0x800036dc (0x2100bf93) x31 0x00000000
core   0: 0x800036e0 (0xa3e34013) xori    zero, t1, -1474
core   0: 3 0x800036e0 (0xa3e34013)
core   0: 0x800036e4 (0x62331283) lh      t0, 1571(t1)
core   0: 3 0x800036e4 (0x62331283) x 5 0xffff9a9b mem 0x800242e0
core   0: 0x800036e8 (0x52031ca3) sh      zero, 1337(t1)
core   0: 3 0x800036e8 (0x52031ca3) mem 0x800241f6 0x0000
core   0: 0x800036ec (0x00000013) nop
core   0: 3 0x800036ec (0x00000013)
core   0: 0x800036f0 (0x13534083) lbu     ra, 309(t1)
core   0: 3 0x800036f0 (0x13534083) x 1 0x000000a9 mem 0x80023df2
core   0: 0x800036f4 (0x00000013) nop
core   0: 3 0x800036f4 (0x00000013)
core   0: 0x800036f8 (0xde430283) lb      t0, -540(t1)
core   0: 3 0x800036f8 (0xde430283) x 5 0x0000005a mem 0x80023aa1
core   0: 0x800036fc (0xd6730123) sb      t2, -670(t1)
core   0: 3 0x800036fc (0xd6730123) mem 0x80023a1f 0x3e
core   0: 0x80003700 (0x9c596593) ori     a1, s2, -1595
core   0: 3 0x80003700 (0x9c596593) x11 0xfffff9c5
core   0: 0x80003704 (0x81830023) sb      s8, -2048(t1)
core   0: 3 0x80003704 (0x81830023) mem 0x800234bd 0x5e
core   0: 0x80003708 (0x86456b93) ori     s7, a0, -1948
core   0: 3 0x80003708 (0x86456b93) x23 0xfffff874
core   0: 0x8000370c (0xd5eb8b93) addi    s7, s7, -674
core   0: 3 0x8000370c (0xd5eb8b93) x23 0xfffff5d2
core   0: 0x80003710 (0xfc6304a3) sb      t1, -55(t1)
core   0: 3 0x80003710 (0xfc6304a3) mem 0x80023c86 0xbd
core   0: 0x80003714 (0xd5f8ac93) slti    s9, a7, -673
core   0: 3 0x80003714 (0xd5f8ac93) x25 0x00000000
core   0: 0x80003718 (0x7c730383) lb      t2, 1991(t1)
core   0: 3 0x80003718 (0x7c730383) x 7 0x0000003f mem 0x80024484
core   0: 0x8000371c (0xdfe30003) lb      zero, -514(t1)
core   0: 3 0x8000371c (0xdfe30003) mem 0x80023abb
core   0: 0x80003720 (0x87afe513) ori     a0, t6, -1926
core   0: 3 0x80003720 (0x87afe513) x10 0xfffff87a
core   0: 0x80003724 (0x702303a3) sb      sp, 1799(t1)
core   0: 3 0x80003724 (0x702303a3) mem 0x800243c4 0xe4
core   0: 0x80003728 (0x28234583) lbu     a1, 642(t1)
core   0: 3 0x80003728 (0x28234583) x11 0x000000f4 mem 0x80023f3f
core   0: 0x8000372c (0x407bd8b3) sra     a7, s7, t2
core   0: 3 0x8000372c (0x407bd8b3) x17 0xffffffff
core   0: 0x80003730 (0x0f230e83) lb      t4, 242(t1)
core   0: 3 0x80003730 (0x0f230e83) x29 0x00000064 mem 0x80023daf
core   0: 0x80003734 (0x6c630c83) lb      s9, 1734(t1)
core   0: 3 0x80003734 (0x6c630c83) x25 0x00000038 mem 0x80024383
core   0: 0x80003738 (0x5c630b83) lb      s7, 1478(t1)
core   0: 3 0x80003738 (0x5c630b83) x23 0x00000038 mem 0x80024283
core   0: 0x8000373c (0xa6e34b03) lbu     s6, -1426(t1)
core   0: 3 0x8000373c (0xa6e34b03) x22 0x000000e0 mem 0x8002372b
core   0: 0x80003740 (0x00f1a7b3) slt     a5, gp, a5
core   0: 3 0x80003740 (0x00f1a7b3) x15 0x00000001
core   0: 0x80003744 (0x3237b297) auipc   t0, 0x3237b
core   0: 3 0x80003744 (0x3237b297) x 5 0xb237e744
core   0: 0x80003748 (0x01f807b3) add     a5, a6, t6
core   0: 3 0x80003748 (0x01f807b3) x15 0x00000000
core   0: 0x8000374c (0xb5a30583) lb      a1, -1190(t1)
core   0: 3 0x8000374c (0xb5a30583) x11 0xffffffcc mem 0x80023817
core   0: 0x80003750 (0xf5f34f03) lbu     t5, -161(t1)
core   0: 3 0x80003750 (0xf5f34f03) x30 0x000000d7 mem 0x80023c1c
core   0: 0x80003754 (0x049317a3) sh      s1, 79(t1)
core   0: 3 0x80003754 (0x049317a3) mem 0x80023d0c 0x0570
core   0: 0x80003758 (0x01854733) xor     a4, a0, s8
core   0: 3 0x80003758 (0x01854733) x14 0xfffff824
core   0: 0x8000375c (0x6cc30423) sb      a2, 1736(t1)
core   0: 3 0x8000375c (0x6cc30423) mem 0x80024385 0x0
core   0: 0x80003760 (0x00000013) nop
core   0: 3 0x80003760 (0x00000013)
core   0: 0x80003764 (0x33f35d83) lhu     s11, 831(t1)
core   0: 3 0x80003764 (0x33f35d83) x27 0x0000b6b7 mem 0x80023ffc
core   0: 0x80003768 (0xe3735283) lhu     t0, -457(t1)
core   0: 3 0x80003768 (0xe3735283) x 5 0x0000aeaf mem 0x80023af4
core   0: 0x8000376c (0x92027b13) andi    s6, tp, -1760
core   0: 3 0x8000376c (0x92027b13) x22 0x00004800
core   0: 0x80003770 (0x9e332b03) lw      s6, -1565(t1)
core   0: 3 0x80003770 (0x9e332b03) x22 0x58595a5b mem 0x800236a0
core   0: 0x80003774 (0x00000013) nop
core   0: 3 0x80003774 (0x00000013)
core   0: 0x80003778 (0x12730c23) sb      t2, 312(t1)
core   0: 3 0x80003778 (0x12730c23) mem 0x80023df5 0x3f
core   0: 0x8000377c (0x67d35483) lhu     s1, 1661(t1)
core   0: 3 0x8000377c (0x67d35483) x 9 0x0000f0f1 mem 0x8002433a
core   0: 0x80003780 (0x00000013) nop
core   0: 3 0x80003780 (0x00000013)
core   0: 0x80003784 (0x18e329a3) sw      a4, 403(t1)
core   0: 3 0x80003784 (0x18e329a3) mem 0x80023e50 0xfffff824
core   0: 0x80003788 (0x0ff0000f) fence   iorw,iorw
core   0: 3 0x80003788 (0x0ff0000f)
core   0: 0x8000378c (0xce130723) sb      ra, -786(t1)
core   0: 3 0x8000378c (0xce130723) mem 0x800239ab 0xa9
core   0: 0x80003790 (0xf9430f23) sb      s4, -98(t1)
core   0: 3 0x80003790 (0xf9430f23) mem 0x80023c5b 0x24
core   0: 0x80003794 (0x8ca34603) lbu     a2, -1846(t1)
core   0: 3 0x80003794 (0x8ca34603) x12 0x0000003c mem 0x80023587
core   0: 0x80003798 (0x01f49a33) sll     s4, s1, t6
core   0: 3 0x80003798 (0x01f49a33) x20 0x0000f0f1
core   0: 0x8000379c (0x00b05db3) srl     s11, zero, a1
core   0: 3 0x8000379c (0x00b05db3) x27 0x00000000
core   0: 0x800037a0 (0x1e730b23) sb      t2, 502(t1)
core   0: 3 0x800037a0 (0x1e730b23) mem 0x80023eb3 0x3f
core   0: 0x800037a4 (0x0001d097) auipc   ra, 0x1d
core   0: 3 0x800037a4 (0x0001d097) x 1 0x800207a4
core   0: 0x800037a8 (0x79808093) addi    ra, ra, 1944
core   0: 3 0x800037a8 (0x79808093) x 1 0x80020f3c
core   0: 0x800037ac (0x00012d97) auipc   s11, 0x12
core   0: 3 0x800037ac (0x00012d97) x27 0x800157ac
core   0: 0x800037b0 (0x5a3d8d93) addi    s11, s11, 1443
core   0: 3 0x800037b0 (0x5a3d8d93) x27 0x80015d4f
core   0: 0x800037b4 (0x033d8b23) sb      s3, 54(s11)
core   0: 3 0x800037b4 (0x033d8b23) mem 0x80015d85 0x64
core   0: 0x800037b8 (0x077d99a3) sh      s7, 115(s11)
core   0: 3 0x800037b8 (0x077d99a3) mem 0x80015dc2 0x0038
core   0: 0x800037bc (0xf47d9583) lh      a1, -185(s11)
core   0: 3 0x800037bc (0xf47d9583) x11 0x00004c4d mem 0x80015c96
core   0: 0x800037c0 (0xb5008c23) sb      a6, -1192(ra)
core   0: 3 0x800037c0 (0xb5008c23) mem 0x80020a94 0x0
core   0: 0x800037c4 (0x0a7d89a3) sb      t2, 179(s11)
core   0: 3 0x800037c4 (0x0a7d89a3) mem 0x80015e02 0x3f
core   0: 0x800037c8 (0xeec087a3) sb      a2, -273(ra)
core   0: 3 0x800037c8 (0xeec087a3) mem 0x80020e2b 0x3c
core   0: 0x800037cc (0xf06dc483) lbu     s1, -250(s11)
core   0: 3 0x800037cc (0xf06dc483) x 9 0x0000000e mem 0x80015c55
core   0: 0x800037d0 (0x093d9c83) lh      s9, 147(s11)
core   0: 3 0x800037d0 (0x093d9c83) x25 0xffff9899 mem 0x80015de2
core   0: 0x800037d4 (0xefd08aa3) sb      t4, -267(ra)
core   0: 3 0x800037d4 (0xefd08aa3) mem 0x80020e31 0x64
core   0: 0x800037d8 (0xf8fd9283) lh      t0, -113(s11)
core   0: 3 0x800037d8 (0xf8fd9283) x 5 0xffff8895 mem 0x80015cde
core   0: 0x800037dc (0x19c0d603) lhu     a2, 412(ra)
core   0: 3 0x800037dc (0x19c0d603) x12 0x00009293 mem 0x800210d8
core   0: 0x800037e0 (0xfbed81a3) sb      t5, -93(s11)
core   0: 3 0x800037e0 (0xfbed81a3) mem 0x80015cf2 0xd7
core   0: 0x800037e4 (0x53308503) lb      a0, 1331(ra)
core   0: 3 0x800037e4 (0x53308503) x10 0x00000024 mem 0x8002146f
core   0: 0x800037e8 (0x9b70a423) sw      s7, -1624(ra)
core   0: 3 0x800037e8 (0x9b70a423) mem 0x800208e4 0x00000038
core   0: 0x800037ec (0x0001f097) auipc   ra, 0x1f
core   0: 3 0x800037ec (0x0001f097) x 1 0x800227ec
core   0: 0x800037f0 (0xfd508093) addi    ra, ra, -43
core   0: 3 0x800037f0 (0xfd508093) x 1 0x800227c1
core   0: 0x800037f4 (0x0750c183) lbu     gp, 117(ra)
core   0: 3 0x800037f4 (0x0750c183) x 3 0x000000ed mem 0x80022836
core   0: 0x800037f8 (0x0fb08123) sb      s11, 226(ra)
core   0: 3 0x800037f8 (0x0fb08123) mem 0x800228a3 0x4f
core   0: 0x800037fc (0xfba08183) lb      gp, -70(ra)
core   0: 3 0x800037fc (0xfba08183) x 3 0x00000030 mem 0x8002277b
core   0: 0x80003800 (0x07208823) sb      s2, 112(ra)
core   0: 3 0x80003800 (0x07208823) mem 0x80022831 0x4
core   0: 0x80003804 (0x00302633) slt     a2, zero, gp
core   0: 3 0x80003804 (0x00302633) x12 0x00000001
core   0: 0x80003808 (0x00d2ce33) xor     t3, t0, a3
core   0: 3 0x80003808 (0x00d2ce33) x28 0x7fff8895
core   0: 0x8000380c (0xf830a9a3) sw      gp, -109(ra)
core   0: 3 0x8000380c (0xf830a9a3) mem 0x80022754 0x00000030
core   0: 0x80003810 (0x0c608f23) sb      t1, 222(ra)
core   0: 3 0x80003810 (0x0c608f23) mem 0x8002289f 0xbd
core   0: 0x80003814 (0x0e90c283) lbu     t0, 233(ra)
core   0: 3 0x80003814 (0x0e90c283) x 5 0x00000061 mem 0x800228aa
core   0: 0x80003818 (0x00000013) nop
core   0: 3 0x80003818 (0x00000013)
core   0: 0x8000381c (0x01d62eb3) slt     t4, a2, t4
core   0: 3 0x8000381c (0x01d62eb3) x29 0x00000001
core   0: 0x80003820 (0x416cd293) srai    t0, s9, 22
core   0: 3 0x80003820 (0x416cd293) x 5 0xffffffff
core   0: 0x80003824 (0xf0108da3) sb      ra, -229(ra)
core   0: 3 0x80003824 (0xf0108da3) mem 0x800226dc 0xc1
core   0: 0x80003828 (0xfe208003) lb      zero, -30(ra)
core   0: 3 0x80003828 (0xfe208003) mem 0x800227a3
core   0: 0x8000382c (0xf400ce03) lbu     t3, -192(ra)
core   0: 3 0x8000382c (0xf400ce03) x28 0x000000ba mem 0x80022701
core   0: 0x80003830 (0xfe208123) sb      sp, -30(ra)
core   0: 3 0x80003830 (0xfe208123) mem 0x800227a3 0xe4
core   0: 0x80003834 (0x07c08c03) lb      s8, 124(ra)
core   0: 3 0x80003834 (0x07c08c03) x24 0xfffffff6 mem 0x8002283d
core   0: 0x80003838 (0xf3b08283) lb      t0, -197(ra)
core   0: 3 0x80003838 (0xf3b08283) x 5 0xffffffb7 mem 0x800226fc
core   0: 0x8000383c (0xf550da03) lhu     s4, -171(ra)
core   0: 3 0x8000383c (0xf550da03) x20 0x0000cccd mem 0x80022716
core   0: 0x80003840 (0xf0a0cf83) lbu     t6, -246(ra)
core   0: 3 0x80003840 (0xf0a0cf83) x31 0x00000080 mem 0x800226cb
core   0: 0x80003844 (0x08008623) sb      zero, 140(ra)
core   0: 3 0x80003844 (0x08008623) mem 0x8002284d 0x0
core   0: 0x80003848 (0x01f65493) srli    s1, a2, 31
core   0: 3 0x80003848 (0x01f65493) x 9 0x00000000
core   0: 0x8000384c (0x64aaf237) lui     tp, 0x64aaf
core   0: 3 0x8000384c (0x64aaf237) x 4 0x64aaf000
core   0: 0x80003850 (0x0a709ea3) sh      t2, 189(ra)
core   0: 3 0x80003850 (0x0a709ea3) mem 0x8002287e 0x003f
core   0: 0x80003854 (0xfdf08323) sb      t6, -58(ra)
core   0: 3 0x80003854 (0xfdf08323) mem 0x80022787 0x80
core   0: 0x80003858 (0x06208883) lb      a7, 98(ra)
core   0: 3 0x80003858 (0x06208883) x17 0xffffffd8 mem 0x80022823
core   0: 0x8000385c (0xf7408fa3) sb      s4, -129(ra)
core   0: 3 0x8000385c (0xf7408fa3) mem 0x80022740 0xcd
core   0: 0x80003860 (0xa52f2013) slti    zero, t5, -1454
core   0: 3 0x80003860 (0xa52f2013)
core   0: 0x80003864 (0x0000100f) fence.i
core   0: 3 0x80003864 (0x0000100f)
core   0: 0x80003868 (0x00e75f33) srl     t5, a4, a4
core   0: 3 0x80003868 (0x00e75f33) x30 0x0fffff82
core   0: 0x8000386c (0x0b109603) lh      a2, 177(ra)
core   0: 3 0x8000386c (0x0b109603) x12 0x00002829 mem 0x80022872
core   0: 0x80003870 (0x4178de33) sra     t3, a7, s7
core   0: 3 0x80003870 (0x4178de33) x28 0xffffffff
core   0: 0x80003874 (0x01f8e3b3) or      t2, a7, t6
core   0: 3 0x80003874 (0x01f8e3b3) x 7 0xffffffd8
core   0: 0x80003878 (0xfa50c583) lbu     a1, -91(ra)
core   0: 3 0x80003878 (0xfa50c583) x11 0x00000000 mem 0x80022766
core   0: 0x8000387c (0x00808803) lb      a6, 8(ra)
core   0: 3 0x8000387c (0x00808803) x16 0xffffff82 mem 0x800227c9
core   0: 0x80003880 (0x41d0d533) sra     a0, ra, t4
core   0: 3 0x80003880 (0x41d0d533) x10 0xc00113e0
core   0: 0x80003884 (0x0ff0c883) lbu     a7, 255(ra)
core   0: 3 0x80003884 (0x0ff0c883) x17 0x0000007b mem 0x800228c0
core   0: 0x80003888 (0xfbc08823) sb      t3, -80(ra)
core   0: 3 0x80003888 (0xfbc08823) mem 0x80022771 0xff
core   0: 0x8000388c (0x02c0cc03) lbu     s8, 44(ra)
core   0: 3 0x8000388c (0x02c0cc03) x24 0x000000a6 mem 0x800227ed
core   0: 0x80003890 (0x0d808123) sb      s8, 194(ra)
core   0: 3 0x80003890 (0x0d808123) mem 0x80022883 0xa6
core   0: 0x80003894 (0x00000013) nop
core   0: 3 0x80003894 (0x00000013)
core   0: 0x80003898 (0x0ff0000f) fence   iorw,iorw
core   0: 3 0x80003898 (0x0ff0000f)
core   0: 0x8000389c (0xf5a082a3) sb      s10, -187(ra)
core   0: 3 0x8000389c (0xf5a082a3) mem 0x80022706 0x0
core   0: 0x800038a0 (0x00022197) auipc   gp, 0x22
core   0: 3 0x800038a0 (0x00022197) x 3 0x800258a0
core   0: 0x800038a4 (0x76418193) addi    gp, gp, 1892
core   0: 3 0x800038a4 (0x76418193) x 3 0x80026004
core   0: 0x800038a8 (0x00f18823) sb      a5, 16(gp)
core   0: 3 0x800038a8 (0x00f18823) mem 0x80026014 0x0
core   0: 0x800038ac (0x00012a17) auipc   s4, 0x12
core   0: 3 0x800038ac (0x00012a17) x20 0x800158ac
core   0: 0x800038b0 (0xb79a0a13) addi    s4, s4, -1159
core   0: 3 0x800038b0 (0xb79a0a13) x20 0x80015425
core   0: 0x800038b4 (0xfec18ea3) sb      a2, -3(gp)
core   0: 3 0x800038b4 (0xfec18ea3) mem 0x80026001 0x29
core   0: 0x800038b8 (0x00f1ce03) lbu     t3, 15(gp)
core   0: 3 0x800038b8 (0x00f1ce03) x28 0x000000c8 mem 0x80026013
core   0: 0x800038bc (0x00e186a3) sb      a4, 13(gp)
core   0: 3 0x800038bc (0x00e186a3) mem 0x80026011 0x24
core   0: 0x800038c0 (0x02ba09a3) sb      a1, 51(s4)
core   0: 3 0x800038c0 (0x02ba09a3) mem 0x80015458 0x0
core   0: 0x800038c4 (0xfc6a0f23) sb      t1, -34(s4)
core   0: 3 0x800038c4 (0xfc6a0f23) mem 0x80015403 0xbd
core   0: 0x800038c8 (0x00118f03) lb      t5, 1(gp)
core   0: 3 0x800038c8 (0x00118f03) x30 0xffffffbe mem 0x80026005
core   0: 0x800038cc (0x008a0a23) sb      s0, 20(s4)
core   0: 3 0x800038cc (0x008a0a23) mem 0x80015439 0x61
core   0: 0x800038d0 (0xfe918e23) sb      s1, -4(gp)
core   0: 3 0x800038d0 (0xfe918e23) mem 0x80026000 0x0
core   0: 0x800038d4 (0xff918903) lb      s2, -7(gp)
core   0: 3 0x800038d4 (0xff918903) x18 0xffffffb6 mem 0x80025ffd
core   0: 0x800038d8 (0xfd0a4903) lbu     s2, -48(s4)
core   0: 3 0x800038d8 (0xfd0a4903) x18 0x000000ae mem 0x800153f5
core   0: 0x800038dc (0xfeea0283) lb      t0, -18(s4)
core   0: 3 0x800038dc (0xfeea0283) x 5 0xffffffc8 mem 0x80015413
core   0: 0x800038e0 (0x00319523) sh      gp, 10(gp)
core   0: 3 0x800038e0 (0x00319523) mem 0x8002600e 0x6004
core   0: 0x800038e4 (0xfd4a00a3) sb      s4, -63(s4)
core   0: 3 0x800038e4 (0xfd4a00a3) mem 0x800153e6 0x25
core   0: 0x800038e8 (0x0021db03) lhu     s6, 2(gp)
core   0: 3 0x800038e8 (0x0021db03) x22 0x0000bcbd mem 0x80026006
core   0: 0x800038ec (0x012a4603) lbu     a2, 18(s4)
core   0: 3 0x800038ec (0x012a4603) x12 0x000000ec mem 0x80015437
core   0: 0x800038f0 (0x00012297) auipc   t0, 0x12
core   0: 3 0x800038f0 (0x00012297) x 5 0x800158f0
core   0: 0x800038f4 (0x82d28293) addi    t0, t0, -2003
core   0: 3 0x800038f4 (0x82d28293) x 5 0x8001511d
core   0: 0x800038f8 (0x00d28723) sb      a3, 14(t0)
core   0: 3 0x800038f8 (0x00d28723) mem 0x8001512b 0x0
core   0: 0x800038fc (0x00e2ce83) lbu     t4, 14(t0)
core   0: 3 0x800038fc (0x00e2ce83) x29 0x00000000 mem 0x8001512b
core   0: 0x80003900 (0x012bc8b3) xor     a7, s7, s2
core   0: 3 0x80003900 (0x012bc8b3) x17 0x00000096
core   0: 0x80003904 (0x00e2ca03) lbu     s4, 14(t0)
core   0: 3 0x80003904 (0x00e2ca03) x20 0x00000000 mem 0x8001512b
core   0: 0x80003908 (0xe532e913) ori     s2, t0, -429
core   0: 3 0x80003908 (0xe532e913) x18 0xffffff5f
core   0: 0x8000390c (0x01928723) sb      s9, 14(t0)
core   0: 3 0x8000390c (0x01928723) mem 0x8001512b 0x99
core   0: 0x80003910 (0x00e2c903) lbu     s2, 14(t0)
core   0: 3 0x80003910 (0x00e2c903) x18 0x00000099 mem 0x8001512b
core   0: 0x80003914 (0x00e28d83) lb      s11, 14(t0)
core   0: 3 0x80003914 (0x00e28d83) x27 0xffffff99 mem 0x8001512b
core   0: 0x80003918 (0x4024df33) sra     t5, s1, sp
core   0: 3 0x80003918 (0x4024df33) x30 0x00000000
core   0: 0x8000391c (0x00e28083) lb      ra, 14(t0)
core   0: 3 0x8000391c (0x00e28083) x 1 0xffffff99 mem 0x8001512b
core   0: 0x80003920 (0x00e28a03) lb      s4, 14(t0)
core   0: 3 0x80003920 (0x00e28a03) x20 0xffffff99 mem 0x8001512b
core   0: 0x80003924 (0x00e28723) sb      a4, 14(t0)
core   0: 3 0x80003924 (0x00e28723) mem 0x8001512b 0x24
core   0: 0x80003928 (0x00328723) sb      gp, 14(t0)
core   0: 3 0x80003928 (0x00328723) mem 0x8001512b 0x4
core   0: 0x8000392c (0x00728723) sb      t2, 14(t0)
core   0: 3 0x8000392c (0x00728723) mem 0x8001512b 0xd8
core   0: 0x80003930 (0x00e2c903) lbu     s2, 14(t0)
core   0: 3 0x80003930 (0x00e2c903) x18 0x000000d8 mem 0x8001512b
core   0: 0x80003934 (0x00e2cb83) lbu     s7, 14(t0)
core   0: 3 0x80003934 (0x00e2cb83) x23 0x000000d8 mem 0x8001512b
core   0: 0x80003938 (0x1bff8513) addi    a0, t6, 447
core   0: 3 0x80003938 (0x1bff8513) x10 0x0000023f
core   0: 0x8000393c (0x0042ca83) lbu     s5, 4(t0)
core   0: 3 0x8000393c (0x0042ca83) x21 0x000000da mem 0x80015121
core   0: 0x80003940 (0x00428303) lb      t1, 4(t0)
core   0: 3 0x80003940 (0x00428303) x 6 0xffffffda mem 0x80015121
core   0: 0x80003944 (0x01328223) sb      s3, 4(t0)
core   0: 3 0x80003944 (0x01328223) mem 0x80015121 0x64
core   0: 0x80003948 (0x0143b7b3) sltu    a5, t2, s4
core   0: 3 0x80003948 (0x0143b7b3) x15 0x00000000
core   0: 0x8000394c (0x0042cd83) lbu     s11, 4(t0)
core   0: 3 0x8000394c (0x0042cd83) x27 0x00000064 mem 0x80015121
core   0: 0x80003950 (0x00428583) lb      a1, 4(t0)
core   0: 3 0x80003950 (0x00428583) x11 0x00000064 mem 0x80015121
core   0: 0x80003954 (0x00428003) lb      zero, 4(t0)
core   0: 3 0x80003954 (0x00428003) mem 0x80015121
core   0: 0x80003958 (0x00428f03) lb      t5, 4(t0)
core   0: 3 0x80003958 (0x00428f03) x30 0x00000064 mem 0x80015121
core   0: 0x8000395c (0x00012d97) auipc   s11, 0x12
core   0: 3 0x8000395c (0x00012d97) x27 0x8001595c
core   0: 0x80003960 (0xed6d8d93) addi    s11, s11, -298
core   0: 3 0x80003960 (0xed6d8d93) x27 0x80015832
core   0: 0x80003964 (0x707d8a03) lb      s4, 1799(s11)
core   0: 3 0x80003964 (0x707d8a03) x20 0xfffffff2 mem 0x80015f39
core   0: 0x80003968 (0x00016b97) auipc   s7, 0x16
core   0: 3 0x80003968 (0x00016b97) x23 0x80019968
core   0: 0x8000396c (0x00eb8b93) addi    s7, s7, 14
core   0: 3 0x8000396c (0x00eb8b93) x23 0x80019976
core   0: 0x80003970 (0x346d8423) sb      t1, 840(s11)
core   0: 3 0x80003970 (0x346d8423) mem 0x80015b7a 0xda
core   0: 0x80003974 (0x896d8f03) lb      t5, -1898(s11)
core   0: 3 0x80003974 (0x896d8f03) x30 0xffffff83 mem 0x800150c8
core   0: 0x80003978 (0xf82dd383) lhu     t2, -126(s11)
core   0: 3 0x80003978 (0xf82dd383) x 7 0x00006e6f mem 0x800157b4
core   0: 0x8000397c (0x00eba883) lw      a7, 14(s7)
core   0: 3 0x8000397c (0x00eba883) x17 0x3c3d3e3f mem 0x80019984
core   0: 0x80003980 (0x008b9f83) lh      t6, 8(s7)
core   0: 3 0x80003980 (0x008b9f83) x31 0x00003435 mem 0x8001997e
core   0: 0x80003984 (0x1d2d8483) lb      s1, 466(s11)
core   0: 3 0x80003984 (0x1d2d8483) x 9 0xffffffbf mem 0x80015a04
core   0: 0x80003988 (0x009b8383) lb      t2, 9(s7)
core   0: 3 0x80003988 (0x009b8383) x 7 0x00000034 mem 0x8001997f
core   0: 0x8000398c (0xdebd8183) lb      gp, -533(s11)
core   0: 3 0x8000398c (0xdebd8183) x 3 0xffffffd6 mem 0x8001561d
core   0: 0x80003990 (0xff9b8483) lb      s1, -7(s7)
core   0: 3 0x80003990 (0xff9b8483) x 9 0x00000024 mem 0x8001996f
core   0: 0x80003994 (0x79fd8ba3) sb      t6, 1943(s11)
core   0: 3 0x80003994 (0x79fd8ba3) mem 0x80015fc9 0x35
core   0: 0x80003998 (0xff5b8f83) lb      t6, -11(s7)
core   0: 3 0x80003998 (0xff5b8f83) x31 0x00000020 mem 0x8001996b
core   0: 0x8000399c (0xda9d8f03) lb      t5, -599(s11)
core   0: 3 0x8000399c (0xda9d8f03) x30 0xffffff90 mem 0x800155db
core   0: 0x800039a0 (0x34fd8da3) sb      a5, 859(s11)
core   0: 3 0x800039a0 (0x34fd8da3) mem 0x80015b8d 0x0
core   0: 0x800039a4 (0xcc4d9183) lh      gp, -828(s11)
core   0: 3 0x800039a4 (0xcc4d9183) x 3 0xffffacad mem 0x800154f6
core   0: 0x800039a8 (0xff0b8783) lb      a5, -16(s7)
core   0: 3 0x800039a8 (0xff0b8783) x15 0x0000001d mem 0x80019966
core   0: 0x800039ac (0x00012897) auipc   a7, 0x12
core   0: 3 0x800039ac (0x00012897) x17 0x800159ac
core   0: 0x800039b0 (0x34288893) addi    a7, a7, 834
core   0: 3 0x800039b0 (0x34288893) x17 0x80015cee
core   0: 0x800039b4 (0xff68a183) lw      gp, -10(a7)
core   0: 3 0x800039b4 (0xff68a183) x 3 0x9c9d9e9f mem 0x80015ce4
core   0: 0x800039b8 (0x00017517) auipc   a0, 0x17
core   0: 3 0x800039b8 (0x00017517) x10 0x8001a9b8
core   0: 0x800039bc (0xbb650513) addi    a0, a0, -1098
core   0: 3 0x800039bc (0xbb650513) x10 0x8001a56e
core   0: 0x800039c0 (0xff289f23) sh      s2, -2(a7)
core   0: 3 0x800039c0 (0xff289f23) mem 0x80015cec 0x00d8
core   0: 0x800039c4 (0x0fb54203) lbu     tp, 251(a0)
core   0: 3 0x800039c4 (0x0fb54203) x 4 0x00000022 mem 0x8001a669
core   0: 0x800039c8 (0xff488483) lb      s1, -12(a7)
core   0: 3 0x800039c8 (0xff488483) x 9 0xffffff99 mem 0x80015ce2
core   0: 0x800039cc (0xd2d50c83) lb      s9, -723(a0)
core   0: 3 0x800039cc (0xd2d50c83) x25 0x00000050 mem 0x8001a29b
core   0: 0x800039d0 (0xff48c303) lbu     t1, -12(a7)
core   0: 3 0x800039d0 (0xff48c303) x 6 0x00000099 mem 0x80015ce2
core   0: 0x800039d4 (0xd0751d23) sh      t2, -742(a0)
core   0: 3 0x800039d4 (0xd0751d23) mem 0x8001a288 0x0034
core   0: 0x800039d8 (0xbeb50fa3) sb      a1, -1025(a0)
core   0: 3 0x800039d8 (0xbeb50fa3) mem 0x8001a16d 0x64
core   0: 0x800039dc (0x00388a03) lb      s4, 3(a7)
core   0: 3 0x800039dc (0x00388a03) x20 0xffffffaa mem 0x80015cf1
core   0: 0x800039e0 (0xa2154183) lbu     gp, -1503(a0)
core   0: 3 0x800039e0 (0xa2154183) x 3 0x00000044 mem 0x80019f8f
core   0: 0x800039e4 (0xffa88823) sb      s10, -16(a7)
core   0: 3 0x800039e4 (0xffa88823) mem 0x80015cde 0x0
core   0: 0x800039e8 (0xee1502a3) sb      ra, -283(a0)
core   0: 3 0x800039e8 (0xee1502a3) mem 0x8001a453 0x99
core   0: 0x800039ec (0xfea89e23) sh      a0, -4(a7)
core   0: 3 0x800039ec (0xfea89e23) mem 0x80015cea 0xa56e
core   0: 0x800039f0 (0xa8251a23) sh      sp, -1388(a0)
core   0: 3 0x800039f0 (0xa8251a23) mem 0x8001a002 0xece4
core   0: 0x800039f4 (0x00012a17) auipc   s4, 0x12
core   0: 3 0x800039f4 (0x00012a17) x20 0x800159f4
core   0: 0x800039f8 (0x2efa0a13) addi    s4, s4, 751
core   0: 3 0x800039f8 (0x2efa0a13) x20 0x80015ce3
core   0: 0x800039fc (0x40e904b3) sub     s1, s2, a4
core   0: 3 0x800039fc (0x40e904b3) x 9 0x000008b4
core   0: 0x80003a00 (0x00485933) srl     s2, a6, tp
core   0: 3 0x80003a00 (0x00485933) x18 0x3fffffe0
core   0: 0x80003a04 (0x00000013) nop
core   0: 3 0x80003a04 (0x00000013)
core   0: 0x80003a08 (0xc29a2803) lw      a6, -983(s4)
core   0: 3 0x80003a08 (0xc29a2803) x16 0xc4c5c6c7 mem 0x8001590c
core   0: 0x80003a0c (0x40afdc93) srai    s9, t6, 10
core   0: 3 0x80003a0c (0x40afdc93) x25 0x00000000
core   0: 0x80003a10 (0x77d43913) sltiu   s2, s0, 1917
core   0: 3 0x80003a10 (0x77d43913) x18 0x00000000
core   0: 0x80003a14 (0x00ad0233) add     tp, s10, a0
core   0: 3 0x80003a14 (0x00ad0233) x 4 0x100d756e
core   0: 0x80003a18 (0x998a0283) lb      t0, -1640(s4)
core   0: 3 0x80003a18 (0x998a0283) x 5 0x00000030 mem 0x8001567b
core   0: 0x80003a1c (0x00d64ab3) xor     s5, a2, a3
core   0: 3 0x80003a1c (0x00d64ab3) x21 0x800000ec
core   0: 0x80003a20 (0x0aca0523) sb      a2, 170(s4)
core   0: 3 0x80003a20 (0x0aca0523) mem 0x80015d8d 0xec
core   0: 0x80003a24 (0x13b34493) xori    s1, t1, 315
core   0: 3 0x80003a24 (0x13b34493) x 9 0x000001a2
core   0: 0x80003a28 (0xa3ca4e83) lbu     t4, -1476(s4)
core   0: 3 0x80003a28 (0xa3ca4e83) x29 0x000000d4 mem 0x8001571f
core   0: 0x80003a2c (0x323e7b13) andi    s6, t3, 803
core   0: 3 0x80003a2c (0x323e7b13) x22 0x00000000
core   0: 0x80003a30 (0x01079e33) sll     t3, a5, a6
core   0: 3 0x80003a30 (0x01079e33) x28 0x00000e80
core   0: 0x80003a34 (0x0000100f) fence.i
core   0: 3 0x80003a34 (0x0000100f)
core   0: 0x80003a38 (0xfcdfab13) slti    s6, t6, -51
core   0: 3 0x80003a38 (0xfcdfab13) x22 0x00000000
core   0: 0x80003a3c (0x00aa4903) lbu     s2, 10(s4)
core   0: 3 0x80003a3c (0x00aa4903) x18 0x00000000 mem 0x80015ced
core   0: 0x80003a40 (0x403855b3) sra     a1, a6, gp
core   0: 3 0x80003a40 (0x403855b3) x11 0xfc4c5c6c
core   0: 0x80003a44 (0xadcc0897) auipc   a7, 0xadcc0
core   0: 3 0x80003a44 (0xadcc0897) x17 0x2dcc3a44
core   0: 0x80003a48 (0x07da2283) lw      t0, 125(s4)
core   0: 3 0x80003a48 (0x07da2283) x 5 0x18191a1b mem 0x80015d60
core   0: 0x80003a4c (0x173a1603) lh      a2, 371(s4)
core   0: 3 0x80003a4c (0x173a1603) x12 0x0000004c mem 0x80015e56
core   0: 0x80003a50 (0xf9ea0d03) lb      s10, -98(s4)
core   0: 3 0x80003a50 (0xf9ea0d03) x26 0x00000000 mem 0x80015c81
core   0: 0x80003a54 (0x0160b333) sltu    t1, ra, s6
core   0: 3 0x80003a54 (0x0160b333) x 6 0x00000000
core   0: 0x80003a58 (0xc9ca0823) sb      t3, -880(s4)
core   0: 3 0x80003a58 (0xc9ca0823) mem 0x80015973 0x80
core   0: 0x80003a5c (0x1d7a1183) lh      gp, 471(s4)
core   0: 3 0x80003a5c (0x1d7a1183) x 3 0x00007071 mem 0x80015eba
core   0: 0x80003a60 (0xb0ea4503) lbu     a0, -1266(s4)
core   0: 3 0x80003a60 (0xb0ea4503) x10 0x00000000 mem 0x800157f1
core   0: 0x80003a64 (0xd35a0303) lb      t1, -715(s4)
core   0: 3 0x80003a64 (0xd35a0303) x 6 0xffffffd3 mem 0x80015a18
core   0: 0x80003a68 (0x4122dc33) sra     s8, t0, s2
core   0: 3 0x80003a68 (0x4122dc33) x24 0x18191a1b
core   0: 0x80003a6c (0xc26a28a3) sw      t1, -975(s4)
core   0: 3 0x80003a6c (0xc26a28a3) mem 0x80015914 0xffffffd3
core   0: 0x80003a70 (0x41fe5633) sra     a2, t3, t6
core   0: 3 0x80003a70 (0x41fe5633) x12 0x00000e80
core   0: 0x80003a74 (0x00aa5d33) srl     s10, s4, a0
core   0: 3 0x80003a74 (0x00aa5d33) x26 0x80015ce3
core   0: 0x80003a78 (0x1dba1ea3) sh      s11, 477(s4)
core   0: 3 0x80003a78 (0x1dba1ea3) mem 0x80015ec0 0x5832
core   0: 0x80003a7c (0x2b6a4703) lbu     a4, 694(s4)
core   0: 3 0x80003a7c (0x2b6a4703) x14 0x00000052 mem 0x80015f99
core   0: 0x80003a80 (0x40485a93) srai    s5, a6, 4
core   0: 3 0x80003a80 (0x40485a93) x21 0xfc4c5c6c
core   0: 0x80003a84 (0x00674233) xor     tp, a4, t1
core   0: 3 0x80003a84 (0x00674233) x 4 0xffffff81
core   0: 0x80003a88 (0xf1abceb7) lui     t4, 0xf1abc
core   0: 3 0x80003a88 (0xf1abceb7) x29 0xf1abc000
core   0: 0x80003a8c (0x0ff0000f) fence   iorw,iorw
core   0: 3 0x80003a8c (0x0ff0000f)
core   0: 0x80003a90 (0x0072d313) srli    t1, t0, 7
core   0: 3 0x80003a90 (0x0072d313) x 6 0x00303234
core   0: 0x80003a94 (0x5bce8d13) addi    s10, t4, 1468
core   0: 3 0x80003a94 (0x5bce8d13) x26 0xf1abc5bc
core   0: 0x80003a98 (0xdcca0523) sb      a2, -566(s4)
core   0: 3 0x80003a98 (0xdcca0523) mem 0x80015aad 0x80
core   0: 0x80003a9c (0xb2ca0723) sb      a2, -1234(s4)
core   0: 3 0x80003a9c (0xb2ca0723) mem 0x80015811 0x80
core   0: 0x80003aa0 (0x00012c97) auipc   s9, 0x12
core   0: 3 0x80003aa0 (0x00012c97) x25 0x80015aa0
core   0: 0x80003aa4 (0x1bdc8c93) addi    s9, s9, 445
core   0: 3 0x80003aa4 (0x1bdc8c93) x25 0x80015c5d
core   0: 0x80003aa8 (0x7bd2ba93) sltiu   s5, t0, 1981
core   0: 3 0x80003aa8 (0x7bd2ba93) x21 0x00000000
core   0: 0x80003aac (0x40355ab3) sra     s5, a0, gp
core   0: 3 0x80003aac (0x40355ab3) x21 0x00000000
core   0: 0x80003ab0 (0x412d5a33) sra     s4, s10, s2
core   0: 3 0x80003ab0 (0x412d5a33) x20 0xf1abc5bc
core   0: 0x80003ab4 (0xefbfcf13) xori    t5, t6, -261
core   0: 3 0x80003ab4 (0xefbfcf13) x30 0xfffffedb
core   0: 0x80003ab8 (0x0102d613) srli    a2, t0, 16
core   0: 3 0x80003ab8 (0x0102d613) x12 0x00001819
core   0: 0x80003abc (0xff4c8823) sb      s4, -16(s9)
core   0: 3 0x80003abc (0xff4c8823) mem 0x80015c4d 0xbc
core   0: 0x80003ac0 (0x0000100f) fence.i
core   0: 3 0x80003ac0 (0x0000100f)
core   0: 0x80003ac4 (0x001c9403) lh      s0, 1(s9)
core   0: 3 0x80003ac4 (0x001c9403) x 8 0x00001415 mem 0x80015c5e
core   0: 0x80003ac8 (0x0000100f) fence.i
core   0: 3 0x80003ac8 (0x0000100f)
core   0: 0x80003acc (0x00cb0bb3) add     s7, s6, a2
core   0: 3 0x80003acc (0x00cb0bb3) x23 0x00001819
core   0: 0x80003ad0 (0xff4c8e23) sb      s4, -4(s9)
core   0: 3 0x80003ad0 (0xff4c8e23) mem 0x80015c59 0xbc
core   0: 0x80003ad4 (0xffac8303) lb      t1, -6(s9)
core   0: 3 0x80003ad4 (0xffac8303) x 6 0xffffff88 mem 0x80015c57
core   0: 0x80003ad8 (0x00cc8b83) lb      s7, 12(s9)
core   0: 3 0x80003ad8 (0x00cc8b83) x23 0x00000022 mem 0x80015c69
core   0: 0x80003adc (0x00fc81a3) sb      a5, 3(s9)
core   0: 3 0x80003adc (0x00fc81a3) mem 0x80015c60 0x1d
core   0: 0x80003ae0 (0xffdc8183) lb      gp, -3(s9)
core   0: 3 0x80003ae0 (0xffdc8183) x 3 0x00000011 mem 0x80015c5a
core   0: 0x80003ae4 (0x00f6ec33) or      s8, a3, a5
core   0: 3 0x80003ae4 (0x00f6ec33) x24 0x8000001d
core   0: 0x80003ae8 (0xffbc9ca3) sh      s11, -7(s9)
core   0: 3 0x80003ae8 (0xffbc9ca3) mem 0x80015c56 0x5832
core   0: 0x80003aec (0xfe2cada3) sw      sp, -5(s9)
core   0: 3 0x80003aec (0xfe2cada3) mem 0x80015c58 0x8002ece4
core   0: 0x80003af0 (0xff7cada3) sw      s7, -5(s9)
core   0: 3 0x80003af0 (0xff7cada3) mem 0x80015c58 0x00000022
core   0: 0x80003af4 (0x007cc503) lbu     a0, 7(s9)
core   0: 3 0x80003af4 (0x007cc503) x10 0x0000001f mem 0x80015c64
core   0: 0x80003af8 (0x01cbda33) srl     s4, s7, t3
core   0: 3 0x80003af8 (0x01cbda33) x20 0x00000022
core   0: 0x80003afc (0xbbd3c493) xori    s1, t2, -1091
core   0: 3 0x80003afc (0xbbd3c493) x 9 0xfffffb89
core   0: 0x80003b00 (0xfe1c9ba3) sh      ra, -9(s9)
core   0: 3 0x80003b00 (0xfe1c9ba3) mem 0x80015c54 0xff99
core   0: 0x80003b04 (0x00e700b3) add     ra, a4, a4
core   0: 3 0x80003b04 (0x00e700b3) x 1 0x000000a4
core   0: 0x80003b08 (0x0ff0000f) fence   iorw,iorw
core   0: 3 0x80003b08 (0x0ff0000f)
core   0: 0x80003b0c (0x010cc583) lbu     a1, 16(s9)
core   0: 3 0x80003b0c (0x010cc583) x11 0x00000026 mem 0x80015c6d
core   0: 0x80003b10 (0xe1f8d3b7) lui     t2, 0xe1f8d
core   0: 3 0x80003b10 (0xe1f8d3b7) x 7 0xe1f8d000
core   0: 0x80003b14 (0x007b48b3) xor     a7, s6, t2
core   0: 3 0x80003b14 (0x007b48b3) x17 0xe1f8d000
core   0: 0x80003b18 (0x4038d293) srai    t0, a7, 3
core   0: 3 0x80003b18 (0x4038d293) x 5 0xfc3f1a00
core   0: 0x80003b1c (0x00885633) srl     a2, a6, s0
core   0: 3 0x80003b1c (0x00885633) x12 0x00000626
core   0: 0x80003b20 (0x0ff0000f) fence   iorw,iorw
core   0: 3 0x80003b20 (0x0ff0000f)
core   0: 0x80003b24 (0x000c8d03) lb      s10, 0(s9)
core   0: 3 0x80003b24 (0x000c8d03) x26 0x00000016 mem 0x80015c5d
core   0: 0x80003b28 (0xff7c9b83) lh      s7, -9(s9)
core   0: 3 0x80003b28 (0xff7c9b83) x23 0xffffff99 mem 0x80015c54
core   0: 0x80003b2c (0x00e26833) or      a6, tp, a4
core   0: 3 0x80003b2c (0x00e26833) x16 0xffffffd3
core   0: 0x80003b30 (0xff3c9703) lh      a4, -13(s9)
core   0: 3 0x80003b30 (0xff3c9703) x14 0x00000a0b mem 0x80015c50
core   0: 0x80003b34 (0x009cc883) lbu     a7, 9(s9)
core   0: 3 0x80003b34 (0x009cc883) x17 0x0000001d mem 0x80015c66
core   0: 0x80003b38 (0x00f17233) and     tp, sp, a5
core   0: 3 0x80003b38 (0x00f17233) x 4 0x00000004
core   0: 0x80003b3c (0x6a1d3313) sltiu   t1, s10, 1697
core   0: 3 0x80003b3c (0x6a1d3313) x 6 0x00000001
core   0: 0x80003b40 (0x577bb913) sltiu   s2, s7, 1399
core   0: 3 0x80003b40 (0x577bb913) x18 0x00000000
core   0: 0x80003b44 (0xffcc8e83) lb      t4, -4(s9)
core   0: 3 0x80003b44 (0xffcc8e83) x29 0x00000000 mem 0x80015c59
core   0: 0x80003b48 (0x0ff0000f) fence   iorw,iorw
core   0: 3 0x80003b48 (0x0ff0000f)
core   0: 0x80003b4c (0x010ccd83) lbu     s11, 16(s9)
core   0: 3 0x80003b4c (0x010ccd83) x27 0x00000026 mem 0x80015c6d
core   0: 0x80003b50 (0x8b278513) addi    a0, a5, -1870
core   0: 3 0x80003b50 (0x8b278513) x10 0xfffff8cf
core   0: 0x80003b54 (0x82e78713) addi    a4, a5, -2002
core   0: 3 0x80003b54 (0x82e78713) x14 0xfffff84b
core   0: 0x80003b58 (0x00130933) add     s2, t1, ra
core   0: 3 0x80003b58 (0x00130933) x18 0x000000a5
core   0: 0x80003b5c (0xff4c8583) lb      a1, -12(s9)
core   0: 3 0x80003b5c (0xff4c8583) x11 0x0000000a mem 0x80015c51
core   0: 0x80003b60 (0x85e46893) ori     a7, s0, -1954
core   0: 3 0x80003b60 (0x85e46893) x17 0xfffffc5f
core   0: 0x80003b64 (0xff4c8603) lb      a2, -12(s9)
core   0: 3 0x80003b64 (0xff4c8603) x12 0x0000000a mem 0x80015c51
core   0: 0x80003b68 (0x0001c597) auipc   a1, 0x1c
core   0: 3 0x80003b68 (0x0001c597) x11 0x8001fb68
core   0: 0x80003b6c (0x8c358593) addi    a1, a1, -1853
core   0: 3 0x80003b6c (0x8c358593) x11 0x8001f42b
core   0: 0x80003b70 (0xf4a4ff93) andi    t6, s1, -182
core   0: 3 0x80003b70 (0xf4a4ff93) x31 0xfffffb08
core   0: 0x80003b74 (0xffb58b23) sb      s11, -10(a1)
core   0: 3 0x80003b74 (0xffb58b23) mem 0x8001f421 0x26
core   0: 0x80003b78 (0x006580a3) sb      t1, 1(a1)
core   0: 3 0x80003b78 (0x006580a3) mem 0x8001f42c 0x1
core   0: 0x80003b7c (0xff55c483) lbu     s1, -11(a1)
core   0: 3 0x80003b7c (0xff55c483) x 9 0x000000db mem 0x8001f420
core   0: 0x80003b80 (0xff55a183) lw      gp, -11(a1)
core   0: 3 0x80003b80 (0xff55a183) x 3 0xd8d926db mem 0x8001f420
core   0: 0x80003b84 (0x012b1db3) sll     s11, s6, s2
core   0: 3 0x80003b84 (0x012b1db3) x27 0x00000000
core   0: 0x80003b88 (0xff759ea3) sh      s7, -3(a1)
core   0: 3 0x80003b88 (0xff759ea3) mem 0x8001f428 0xff99
core   0: 0x80003b8c (0x0000100f) fence.i
core   0: 3 0x80003b8c (0x0000100f)
core   0: 0x80003b90 (0x0ff0000f) fence   iorw,iorw
core   0: 3 0x80003b90 (0x0ff0000f)
core   0: 0x80003b94 (0xffb58503) lb      a0, -5(a1)
core   0: 3 0x80003b94 (0xffb58503) x10 0xffffffdd mem 0x8001f426
core   0: 0x80003b98 (0x0025cf03) lbu     t5, 2(a1)
core   0: 3 0x80003b98 (0x0025cf03) x30 0x000000e6 mem 0x8001f42d
core   0: 0x80003b9c (0xfe058a23) sb      zero, -12(a1)
core   0: 3 0x80003b9c (0xfe058a23) mem 0x8001f41f 0x0
core   0: 0x80003ba0 (0xff058183) lb      gp, -16(a1)
core   0: 3 0x80003ba0 (0xff058183) x 3 0xffffffd0 mem 0x8001f41b
core   0: 0x80003ba4 (0x00f58283) lb      t0, 15(a1)
core   0: 3 0x80003ba4 (0x00f58283) x 5 0xfffffff1 mem 0x8001f43a
core   0: 0x80003ba8 (0x00a58883) lb      a7, 10(a1)
core   0: 3 0x80003ba8 (0x00a58883) x17 0xffffffee mem 0x8001f435
core   0: 0x80003bac (0x0ff0000f) fence   iorw,iorw
core   0: 3 0x80003bac (0x0ff0000f)
core   0: 0x80003bb0 (0xffb58b23) sb      s11, -10(a1)
core   0: 3 0x80003bb0 (0xffb58b23) mem 0x8001f421 0x0
core   0: 0x80003bb4 (0xff658803) lb      a6, -10(a1)
core   0: 3 0x80003bb4 (0xff658803) x16 0x00000000 mem 0x8001f421
core   0: 0x80003bb8 (0xfa5453b7) lui     t2, 0xfa545
core   0: 3 0x80003bb8 (0xfa5453b7) x 7 0xfa545000
core   0: 0x80003bbc (0xfe458923) sb      tp, -14(a1)
core   0: 3 0x80003bbc (0xfe458923) mem 0x8001f41d 0x4
core   0: 0x80003bc0 (0x00012e17) auipc   t3, 0x12
core   0: 3 0x80003bc0 (0x00012e17) x28 0x80015bc0
core   0: 0x80003bc4 (0x419e0e13) addi    t3, t3, 1049
core   0: 3 0x80003bc4 (0x419e0e13) x28 0x80015fd9
core   0: 0x80003bc8 (0x0ff0000f) fence   iorw,iorw
core   0: 3 0x80003bc8 (0x0ff0000f)
core   0: 0x80003bcc (0x01bd1e93) slli    t4, s10, 27
core   0: 3 0x80003bcc (0x01bd1e93) x29 0xb0000000
core   0: 0x80003bd0 (0x8dee0923) sb      t5, -1838(t3)
core   0: 3 0x80003bd0 (0x8dee0923) mem 0x800158ab 0xe6
core   0: 0x80003bd4 (0x01e367b3) or      a5, t1, t5
core   0: 3 0x80003bd4 (0x01e367b3) x15 0x000000e7
core   0: 0x80003bd8 (0x943e1503) lh      a0, -1725(t3)
core   0: 3 0x80003bd8 (0x943e1503) x10 0xffffd6d7 mem 0x8001591c
core   0: 0x80003bdc (0x8ade0423) sb      a3, -1880(t3)
core   0: 3 0x80003bdc (0x8ade0423) mem 0x80015881 0x0
core   0: 0x80003be0 (0x00e31933) sll     s2, t1, a4
core   0: 3 0x80003be0 (0x00e31933) x18 0x00000800
core   0: 0x80003be4 (0x3ffdac17) auipc   s8, 0x3ffda
core   0: 3 0x80003be4 (0x3ffdac17) x24 0xbffddbe4
core   0: 0x80003be8 (0x56fe6b93) ori     s7, t3, 1391
core   0: 3 0x80003be8 (0x56fe6b93) x23 0x80015fff
core   0: 0x80003bec (0x0000100f) fence.i
core   0: 3 0x80003bec (0x0000100f)
core   0: 0x80003bf0 (0x0ff0000f) fence   iorw,iorw
core   0: 3 0x80003bf0 (0x0ff0000f)
core   0: 0x80003bf4 (0x0000100f) fence.i
core   0: 3 0x80003bf4 (0x0000100f)
core   0: 0x80003bf8 (0x36bfa017) auipc   zero, 0x36bfa
core   0: 3 0x80003bf8 (0x36bfa017)
core   0: 0x80003bfc (0x01971bb3) sll     s7, a4, s9
core   0: 3 0x80003bfc (0x01971bb3) x23 0x60000000
core   0: 0x80003c00 (0x0ff0000f) fence   iorw,iorw
core   0: 3 0x80003c00 (0x0ff0000f)
core   0: 0x80003c04 (0x00000013) nop
core   0: 3 0x80003c04 (0x00000013)
core   0: 0x80003c08 (0x00ea6933) or      s2, s4, a4
core   0: 3 0x80003c08 (0x00ea6933) x18 0xfffff86b
core   0: 0x80003c0c (0x008a7933) and     s2, s4, s0
core   0: 3 0x80003c0c (0x008a7933) x18 0x00000000
core   0: 0x80003c10 (0x50c33513) sltiu   a0, t1, 1292
core   0: 3 0x80003c10 (0x50c33513) x10 0x00000001
core   0: 0x80003c14 (0xa43e5603) lhu     a2, -1469(t3)
core   0: 3 0x80003c14 (0xa43e5603) x12 0x0000d6d7 mem 0x80015a1c
core   0: 0x80003c18 (0x414287b3) sub     a5, t0, s4
core   0: 3 0x80003c18 (0x414287b3) x15 0xffffffcf
core   0: 0x80003c1c (0x00b3a633) slt     a2, t2, a1
core   0: 3 0x80003c1c (0x00b3a633) x12 0x00000000
core   0: 0x80003c20 (0xee2e0e83) lb      t4, -286(t3)
core   0: 3 0x80003c20 (0xee2e0e83) x29 0x00000070 mem 0x80015ebb
core   0: 0x80003c24 (0x0ff0000f) fence   iorw,iorw
core   0: 3 0x80003c24 (0x0ff0000f)
core   0: 0x80003c28 (0x00f49d93) slli    s11, s1, 15
core   0: 3 0x80003c28 (0x00f49d93) x27 0x006d8000
core   0: 0x80003c2c (0x013dd213) srli    tp, s11, 19
core   0: 3 0x80003c2c (0x013dd213) x 4 0x0000000d
core   0: 0x80003c30 (0xa0ce0b03) lb      s6, -1524(t3)
core   0: 3 0x80003c30 (0xa0ce0b03) x22 0xffffff9e mem 0x800159e5
core   0: 0x80003c34 (0x0128d613) srli    a2, a7, 18
core   0: 3 0x80003c34 (0x0128d613) x12 0x00003fff
core   0: 0x80003c38 (0x6953f413) andi    s0, t2, 1685
core   0: 3 0x80003c38 (0x6953f413) x 8 0x00000000
core   0: 0x80003c3c (0xe24e0403) lb      s0, -476(t3)
core   0: 3 0x80003c3c (0xe24e0403) x 8 0xffffffb6 mem 0x80015dfd
core   0: 0x80003c40 (0x00904db3) xor     s11, zero, s1
core   0: 3 0x80003c40 (0x00904db3) x27 0x000000db
core   0: 0x80003c44 (0x0174c333) xor     t1, s1, s7
core   0: 3 0x80003c44 (0x0174c333) x 6 0x600000db
core   0: 0x80003c48 (0xcbee0903) lb      s2, -834(t3)
core   0: 3 0x80003c48 (0xcbee0903) x18 0x0000004c mem 0x80015c97
core   0: 0x80003c4c (0x0052ac33) slt     s8, t0, t0
core   0: 3 0x80003c4c (0x0052ac33) x24 0x00000000
core   0: 0x80003c50 (0xb65e1383) lh      t2, -1179(t3)
core   0: 3 0x80003c50 (0xb65e1383) x 7 0xfffff4f5 mem 0x80015b3e
core   0: 0x80003c54 (0x00e987b3) add     a5, s3, a4
core   0: 3 0x80003c54 (0x00e987b3) x15 0x8002a6af
core   0: 0x80003c58 (0xa7be4203) lbu     tp, -1413(t3)
core   0: 3 0x80003c58 (0xa7be4203) x 4 0x0000000f mem 0x80015a54
core   0: 0x80003c5c (0x00020717) auipc   a4, 0x20
core   0: 3 0x80003c5c (0x00020717) x14 0x80023c5c
core   0: 0x80003c60 (0xb9570713) addi    a4, a4, -1131
core   0: 3 0x80003c60 (0xb9570713) x14 0x800237f1
core   0: 0x80003c64 (0x02775b83) lhu     s7, 39(a4)
core   0: 3 0x80003c64 (0x02775b83) x23 0x0000d2d3 mem 0x80023818
core   0: 0x80003c68 (0xfa674803) lbu     a6, -90(a4)
core   0: 3 0x80003c68 (0xfa674803) x16 0x0000004c mem 0x80023797
core   0: 0x80003c6c (0x00000013) nop
core   0: 3 0x80003c6c (0x00000013)
core   0: 0x80003c70 (0xfc370883) lb      a7, -61(a4)
core   0: 3 0x80003c70 (0xfc370883) x17 0x0000006f mem 0x800237b4
core   0: 0x80003c74 (0xf8670aa3) sb      t1, -107(a4)
core   0: 3 0x80003c74 (0xf8670aa3) mem 0x80023786 0xdb
core   0: 0x80003c78 (0xfef72ba3) sw      a5, -9(a4)
core   0: 3 0x80003c78 (0xfef72ba3) mem 0x800237e8 0x8002a6af
core   0: 0x80003c7c (0x0fa70503) lb      a0, 250(a4)
core   0: 3 0x80003c7c (0x0fa70503) x10 0x00000000 mem 0x800238eb
core   0: 0x80003c80 (0x0cf75003) lhu     zero, 207(a4)
core   0: 3 0x80003c80 (0x0cf75003) mem 0x800238c0
core   0: 0x80003c84 (0xf63d8e97) auipc   t4, 0xf63d8
core   0: 3 0x80003c84 (0xf63d8e97) x29 0x763dbc84
core   0: 0x80003c88 (0x07a74903) lbu     s2, 122(a4)
core   0: 3 0x80003c88 (0x07a74903) x18 0x00000020 mem 0x8002386b
core   0: 0x80003c8c (0x04170c23) sb      ra, 88(a4)
core   0: 3 0x80003c8c (0x04170c23) mem 0x80023849 0xa4
core   0: 0x80003c90 (0xfa470a83) lb      s5, -92(a4)
core   0: 3 0x80003c90 (0xfa470a83) x21 0x0000004e mem 0x80023795
core   0: 0x80003c94 (0x0f570803) lb      a6, 245(a4)
core   0: 3 0x80003c94 (0x0f570803) x16 0x00000030 mem 0x800238e6
core   0: 0x80003c98 (0x003d2db3) slt     s11, s10, gp
core   0: 3 0x80003c98 (0x003d2db3) x27 0x00000000
core   0: 0x80003c9c (0x06970303) lb      t1, 105(a4)
core   0: 3 0x80003c9c (0x06970303) x 6 0x00000011 mem 0x8002385a
core   0: 0x80003ca0 (0xfec721a3) sw      a2, -29(a4)
core   0: 3 0x80003ca0 (0xfec721a3) mem 0x800237d4 0x00003fff
core   0: 0x80003ca4 (0x0001f617) auipc   a2, 0x1f
core   0: 3 0x80003ca4 (0x0001f617) x12 0x80022ca4
core   0: 0x80003ca8 (0x1ca60613) addi    a2, a2, 458
core   0: 3 0x80003ca8 (0x1ca60613) x12 0x80022e6e
core   0: 0x80003cac (0x02f64903) lbu     s2, 47(a2)
core   0: 3 0x80003cac (0x02f64903) x18 0x00000056 mem 0x80022e9d
core   0: 0x80003cb0 (0x00c0b533) sltu    a0, ra, a2
core   0: 3 0x80003cb0 (0x00c0b533) x10 0x00000001
core   0: 0x80003cb4 (0xff065e03) lhu     t3, -16(a2)
core   0: 3 0x80003cb4 (0xff065e03) x28 0x00001415 mem 0x80022e5e
core   0: 0x80003cb8 (0x0de62f03) lw      t5, 222(a2)
core   0: 3 0x80003cb8 (0x0de62f03) x30 0x04050607 mem 0x80022f4c
core   0: 0x80003cbc (0xf5b64f03) lbu     t5, -165(a2)
core   0: 3 0x80003cbc (0xf5b64f03) x30 0x00000082 mem 0x80022dc9
core   0: 0x80003cc0 (0x004e1e33) sll     t3, t3, tp
core   0: 3 0x80003cc0 (0x004e1e33) x28 0x0a0a8000
core   0: 0x80003cc4 (0xfbb64b03) lbu     s6, -69(a2)
core   0: 3 0x80003cc4 (0xfbb64b03) x22 0x000000e2 mem 0x80022e29
core   0: 0x80003cc8 (0xfb664d03) lbu     s10, -74(a2)
core   0: 3 0x80003cc8 (0xfb664d03) x26 0x000000df mem 0x80022e24
core   0: 0x80003ccc (0x00891493) slli    s1, s2, 8
core   0: 3 0x80003ccc (0x00891493) x 9 0x00005600
core   0: 0x80003cd0 (0x08260a23) sb      sp, 148(a2)
core   0: 3 0x80003cd0 (0x08260a23) mem 0x80022f02 0xe4
core   0: 0x80003cd4 (0x05e62b03) lw      s6, 94(a2)
core   0: 3 0x80003cd4 (0x05e62b03) x22 0x84858687 mem 0x80022ecc
core   0: 0x80003cd8 (0x9851a493) slti    s1, gp, -1659
core   0: 3 0x80003cd8 (0x9851a493) x 9 0x00000000
core   0: 0x80003cdc (0xff064903) lbu     s2, -16(a2)
core   0: 3 0x80003cdc (0xff064903) x18 0x00000015 mem 0x80022e5e
core   0: 0x80003ce0 (0xfa564383) lbu     t2, -91(a2)
core   0: 3 0x80003ce0 (0xfa564383) x 7 0x000000c8 mem 0x80022e13
core   0: 0x80003ce4 (0xfd960b83) lb      s7, -39(a2)
core   0: 3 0x80003ce4 (0xfd960b83) x23 0xfffffffc mem 0x80022e47
core   0: 0x80003ce8 (0xfab64c83) lbu     s9, -85(a2)
core   0: 3 0x80003ce8 (0xfab64c83) x25 0x000000d2 mem 0x80022e19
core   0: 0x80003cec (0x01eff8b3) and     a7, t6, t5
core   0: 3 0x80003cec (0x01eff8b3) x17 0x00000000
core   0: 0x80003cf0 (0xfe960023) sb      s1, -32(a2)
core   0: 3 0x80003cf0 (0xfe960023) mem 0x80022e4e 0x0
core   0: 0x80003cf4 (0x00b04f33) xor     t5, zero, a1
core   0: 3 0x80003cf4 (0x00b04f33) x30 0x8001f42b
core   0: 0x80003cf8 (0x0e961323) sh      s1, 230(a2)
core   0: 3 0x80003cf8 (0x0e961323) mem 0x80022f54 0x0000
core   0: 0x80003cfc (0xff460e83) lb      t4, -12(a2)
core   0: 3 0x80003cfc (0xff460e83) x29 0x00000019 mem 0x80022e62
core   0: 0x80003d00 (0x015c83b3) add     t2, s9, s5
core   0: 3 0x80003d00 (0x015c83b3) x 7 0x00000120
core   0: 0x80003d04 (0x07d60883) lb      a7, 125(a2)
core   0: 3 0x80003d04 (0x07d60883) x17 0xffffffa0 mem 0x80022eeb
core   0: 0x80003d08 (0x01262283) lw      t0, 18(a2)
core   0: 3 0x80003d08 (0x01262283) x 5 0x38393a3b mem 0x80022e80
core   0: 0x80003d0c (0x0ff0000f) fence   iorw,iorw
core   0: 3 0x80003d0c (0x0ff0000f)
core   0: 0x80003d10 (0xfe960ba3) sb      s1, -9(a2)
core   0: 3 0x80003d10 (0xfe960ba3) mem 0x80022e65 0x0
core   0: 0x80003d14 (0x01364503) lbu     a0, 19(a2)
core   0: 3 0x80003d14 (0x01364503) x10 0x0000003a mem 0x80022e81
core   0: 0x80003d18 (0x0ea600a3) sb      a0, 225(a2)
core   0: 3 0x80003d18 (0x0ea600a3) mem 0x80022f4f 0x3a
core   0: 0x80003d1c (0x0119db33) srl     s6, s3, a7
core   0: 3 0x80003d1c (0x0119db33) x22 0x8002ae64
core   0: 0x80003d20 (0x00355db3) srl     s11, a0, gp
core   0: 3 0x80003d20 (0x00355db3) x27 0x00000000
core   0: 0x80003d24 (0xf6465d83) lhu     s11, -156(a2)
core   0: 3 0x80003d24 (0xf6465d83) x27 0x00008889 mem 0x80022dd2
core   0: 0x80003d28 (0xfd660403) lb      s0, -42(a2)
core   0: 3 0x80003d28 (0xfd660403) x 8 0xffffffff mem 0x80022e44
core   0: 0x80003d2c (0xf3661923) sh      s6, -206(a2)
core   0: 3 0x80003d2c (0xf3661923) mem 0x80022da0 0xae64
core   0: 0x80003d30 (0x007a9d13) slli    s10, s5, 7
core   0: 3 0x80003d30 (0x007a9d13) x26 0x00002700
core   0: 0x80003d34 (0x005e5db3) srl     s11, t3, t0
core   0: 3 0x80003d34 (0x005e5db3) x27 0x00000001
core   0: 0x80003d38 (0x41b1dab3) sra     s5, gp, s11
core   0: 3 0x80003d38 (0x41b1dab3) x21 0xffffffe8
core   0: 0x80003d3c (0x3f9a8213) addi    tp, s5, 1017
core   0: 3 0x80003d3c (0x3f9a8213) x 4 0x000003e1
core   0: 0x80003d40 (0xf0961123) sh      s1, -254(a2)
core   0: 3 0x80003d40 (0xf0961123) mem 0x80022d70 0x0000
core   0: 0x80003d44 (0x00014b97) auipc   s7, 0x14
core   0: 3 0x80003d44 (0x00014b97) x23 0x80017d44
core   0: 0x80003d48 (0xb23b8b93) addi    s7, s7, -1245
core   0: 3 0x80003d48 (0xb23b8b93) x23 0x80017867
core   0: 0x80003d4c (0x00d77393) andi    t2, a4, 13
core   0: 3 0x80003d4c (0x00d77393) x 7 0x00000001
core   0: 0x80003d50 (0x00db8e23) sb      a3, 28(s7)
core   0: 3 0x80003d50 (0x00db8e23) mem 0x80017883 0x0
core   0: 0x80003d54 (0x00741593) slli    a1, s0, 7
core   0: 3 0x80003d54 (0x00741593) x11 0xffffff80
core   0: 0x80003d58 (0x003b72b3) and     t0, s6, gp
core   0: 3 0x80003d58 (0x003b72b3) x 5 0x8002ae40
core   0: 0x80003d5c (0x0ff0000f) fence   iorw,iorw
core   0: 3 0x80003d5c (0x0ff0000f)
core   0: 0x80003d60 (0x717aa793) slti    a5, s5, 1815
core   0: 3 0x80003d60 (0x717aa793) x15 0x00000001
core   0: 0x80003d64 (0x00da7433) and     s0, s4, a3
core   0: 3 0x80003d64 (0x00da7433) x 8 0x00000000
core   0: 0x80003d68 (0x019bc003) lbu     zero, 25(s7)
core   0: 3 0x80003d68 (0x019bc003) mem 0x80017880
core   0: 0x80003d6c (0x00000013) nop
core   0: 3 0x80003d6c (0x00000013)
core   0: 0x80003d70 (0xfceb8a03) lb      s4, -50(s7)
core   0: 3 0x80003d70 (0xfceb8a03) x20 0xffffffee mem 0x80017835
core   0: 0x80003d74 (0x0000100f) fence.i
core   0: 3 0x80003d74 (0x0000100f)
core   0: 0x80003d78 (0xfe1b8183) lb      gp, -31(s7)
core   0: 3 0x80003d78 (0xfe1b8183) x 3 0x00000003 mem 0x80017848
core   0: 0x80003d7c (0x00353fb3) sltu    t6, a0, gp
core   0: 3 0x80003d7c (0x00353fb3) x31 0x00000000
core   0: 0x80003d80 (0xfd0b8d03) lb      s10, -48(s7)
core   0: 3 0x80003d80 (0xfd0b8d03) x26 0xffffffec mem 0x80017837
core   0: 0x80003d84 (0xbbef8d93) addi    s11, t6, -1090
core   0: 3 0x80003d84 (0xbbef8d93) x27 0xfffffbbe
core   0: 0x80003d88 (0x01667db3) and     s11, a2, s6
core   0: 3 0x80003d88 (0x01667db3) x27 0x80022e64
core   0: 0x80003d8c (0x6652bf13) sltiu   t5, t0, 1637
core   0: 3 0x80003d8c (0x6652bf13) x30 0x00000000
core   0: 0x80003d90 (0x00cfb933) sltu    s2, t6, a2
core   0: 3 0x80003d90 (0x00cfb933) x18 0x00000001
core   0: 0x80003d94 (0x41265013) srai    zero, a2, 18
core   0: 3 0x80003d94 (0x41265013)
core   0: 0x80003d98 (0x008bc083) lbu     ra, 8(s7)
core   0: 3 0x80003d98 (0x008bc083) x 1 0x00000024 mem 0x8001786f
core   0: 0x80003d9c (0x00103433) snez    s0, ra
core   0: 3 0x80003d9c (0x00103433) x 8 0x00000001
core   0: 0x80003da0 (0x054b8023) sb      s4, 64(s7)
core   0: 3 0x80003da0 (0x054b8023) mem 0x800178a7 0xee
core   0: 0x80003da4 (0xdff14193) xori    gp, sp, -513
core   0: 3 0x80003da4 (0xdff14193) x 3 0x7ffd111b
core   0: 0x80003da8 (0x00674633) xor     a2, a4, t1
core   0: 3 0x80003da8 (0x00674633) x12 0x800237e0
core   0: 0x80003dac (0xa21bc513) xori    a0, s7, -1503
core   0: 3 0x80003dac (0xa21bc513) x10 0x7ffe8246
core   0: 0x80003db0 (0x01e95b13) srli    s6, s2, 30
core   0: 3 0x80003db0 (0x01e95b13) x22 0x00000000
core   0: 0x80003db4 (0x028b8303) lb      t1, 40(s7)
core   0: 3 0x80003db4 (0x028b8303) x 6 0x00000044 mem 0x8001788f
core   0: 0x80003db8 (0x019d5293) srli    t0, s10, 25
core   0: 3 0x80003db8 (0x019d5293) x 5 0x0000007f
core   0: 0x80003dbc (0x41ced3b3) sra     t2, t4, t3
core   0: 3 0x80003dbc (0x41ced3b3) x 7 0x00000019
core   0: 0x80003dc0 (0x00735233) srl     tp, t1, t2
core   0: 3 0x80003dc0 (0x00735233) x 4 0x00000000
core   0: 0x80003dc4 (0xae3aed93) ori     s11, s5, -1309
core   0: 3 0x80003dc4 (0xae3aed93) x27 0xffffffeb
core   0: 0x80003dc8 (0x01481c33) sll     s8, a6, s4
core   0: 3 0x80003dc8 (0x01481c33) x24 0x000c0000
core   0: 0x80003dcc (0xfebbcb03) lbu     s6, -21(s7)
core   0: 3 0x80003dcc (0xfebbcb03) x22 0x00000009 mem 0x80017852
core   0: 0x80003dd0 (0x46defd13) andi    s10, t4, 1133
core   0: 3 0x80003dd0 (0x46defd13) x26 0x00000009
core   0: 0x80003dd4 (0xf6a9ee13) ori     t3, s3, -150
core   0: 3 0x80003dd4 (0xf6a9ee13) x28 0xffffff6e
core   0: 0x80003dd8 (0x97ab8093) addi    ra, s7, -1670
core   0: 3 0x80003dd8 (0x97ab8093) x 1 0x800171e1
core   0: 0x80003ddc (0xfeab8a23) sb      a0, -12(s7)
core   0: 3 0x80003ddc (0xfeab8a23) mem 0x8001785b 0x46
core   0: 0x80003de0 (0x014c4ab3) xor     s5, s8, s4
core   0: 3 0x80003de0 (0x014c4ab3) x21 0xfff3ffee
core   0: 0x80003de4 (0x021b9d03) lh      s10, 33(s7)
core   0: 3 0x80003de4 (0x021b9d03) x26 0x00004243 mem 0x80017888
core   0: 0x80003de8 (0x0001f717) auipc   a4, 0x1f
core   0: 3 0x80003de8 (0x0001f717) x14 0x80022de8
core   0: 0x80003dec (0xd6c70713) addi    a4, a4, -660
core   0: 3 0x80003dec (0xd6c70713) x14 0x80022b54
core   0: 0x80003df0 (0x02671303) lh      t1, 38(a4)
core   0: 3 0x80003df0 (0x02671303) x 6 0x00003031 mem 0x80022b7a
core   0: 0x80003df4 (0x02671d03) lh      s10, 38(a4)
core   0: 3 0x80003df4 (0x02671d03) x26 0x00003031 mem 0x80022b7a
core   0: 0x80003df8 (0x02670c03) lb      s8, 38(a4)
core   0: 3 0x80003df8 (0x02670c03) x24 0x00000031 mem 0x80022b7a
core   0: 0x80003dfc (0x01f70b83) lb      s7, 31(a4)
core   0: 3 0x80003dfc (0x01f70b83) x23 0x00000028 mem 0x80022b73
core   0: 0x80003e00 (0x01f74483) lbu     s1, 31(a4)
core   0: 3 0x80003e00 (0x01f74483) x 9 0x00000028 mem 0x80022b73
core   0: 0x80003e04 (0x00072603) lw      a2, 0(a4)
core   0: 3 0x80003e04 (0x00072603) x12 0x0c0d0e0f mem 0x80022b54
core   0: 0x80003e08 (0x00074f83) lbu     t6, 0(a4)
core   0: 3 0x80003e08 (0x00074f83) x31 0x0000000f mem 0x80022b54
core   0: 0x80003e0c (0x00670023) sb      t1, 0(a4)
core   0: 3 0x80003e0c (0x00670023) mem 0x80022b54 0x31
core   0: 0x80003e10 (0x00071b83) lh      s7, 0(a4)
core   0: 3 0x80003e10 (0x00071b83) x23 0x00000e31 mem 0x80022b54
core   0: 0x80003e14 (0x01370383) lb      t2, 19(a4)
core   0: 3 0x80003e14 (0x01370383) x 7 0x0000001c mem 0x80022b67
core   0: 0x80003e18 (0x01370b03) lb      s6, 19(a4)
core   0: 3 0x80003e18 (0x01370b03) x22 0x0000001c mem 0x80022b67
core   0: 0x80003e1c (0x01374a83) lbu     s5, 19(a4)
core   0: 3 0x80003e1c (0x01374a83) x21 0x0000001c mem 0x80022b67
core   0: 0x80003e20 (0x02870ea3) sb      s0, 61(a4)
core   0: 3 0x80003e20 (0x02870ea3) mem 0x80022b91 0x1
core   0: 0x80003e24 (0x01271023) sh      s2, 0(a4)
core   0: 3 0x80003e24 (0x01271023) mem 0x80022b54 0x0001
core   0: 0x80003e28 (0x00071083) lh      ra, 0(a4)
core   0: 3 0x80003e28 (0x00071083) x 1 0x00000001 mem 0x80022b54
core   0: 0x80003e2c (0x014c65b3) or      a1, s8, s4
core   0: 3 0x80003e2c (0x014c65b3) x11 0xffffffff
core   0: 0x80003e30 (0x0033f833) and     a6, t2, gp
core   0: 3 0x80003e30 (0x0033f833) x16 0x00000018
core   0: 0x80003e34 (0x00672023) sw      t1, 0(a4)
core   0: 3 0x80003e34 (0x00672023) mem 0x80022b54 0x00003031
core   0: 0x80003e38 (0x01b70023) sb      s11, 0(a4)
core   0: 3 0x80003e38 (0x01b70023) mem 0x80022b54 0xeb
core   0: 0x80003e3c (0xbdab8393) addi    t2, s7, -1062
core   0: 3 0x80003e3c (0xbdab8393) x 7 0x00000a0b
core   0: 0x80003e40 (0x00070a83) lb      s5, 0(a4)
core   0: 3 0x80003e40 (0x00070a83) x21 0xffffffeb mem 0x80022b54
core   0: 0x80003e44 (0xfe071783) lh      a5, -32(a4)
core   0: 3 0x80003e44 (0xfe071783) x15 0xffffeeef mem 0x80022b34
core   0: 0x80003e48 (0x00012797) auipc   a5, 0x12
core   0: 3 0x80003e48 (0x00012797) x15 0x80015e48
core   0: 0x80003e4c (0x09878793) addi    a5, a5, 152
core   0: 3 0x80003e4c (0x09878793) x15 0x80015ee0
core   0: 0x80003e50 (0x7a0dcb13) xori    s6, s11, 1952
core   0: 3 0x80003e50 (0x7a0dcb13) x22 0xfffff84b
core   0: 0x80003e54 (0x004342b3) xor     t0, t1, tp
core   0: 3 0x80003e54 (0x004342b3) x 5 0x00003031
core   0: 0x80003e58 (0x02b7c003) lbu     zero, 43(a5)
core   0: 3 0x80003e58 (0x02b7c003) mem 0x80015f0b
core   0: 0x80003e5c (0x0c679583) lh      a1, 198(a5)
core   0: 3 0x80003e5c (0x0c679583) x11 0x00005c5d mem 0x80015fa6
core   0: 0x80003e60 (0x73a54293) xori    t0, a0, 1850
core   0: 3 0x80003e60 (0x73a54293) x 5 0x7ffe857c
core   0: 0x80003e64 (0x0038a8b3) slt     a7, a7, gp
core   0: 3 0x80003e64 (0x0038a8b3) x17 0x00000001
core   0: 0x80003e68 (0xfe679a23) sh      t1, -12(a5)
core   0: 3 0x80003e68 (0xfe679a23) mem 0x80015ed4 0x3031
core   0: 0x80003e6c (0x1531ab93) slti    s7, gp, 339
core   0: 3 0x80003e6c (0x1531ab93) x23 0x00000000
core   0: 0x80003e70 (0x016a2f33) slt     t5, s4, s6
core   0: 3 0x80003e70 (0x016a2f33) x30 0x00000000
core   0: 0x80003e74 (0xf7479403) lh      s0, -140(a5)
core   0: 3 0x80003e74 (0xf7479403) x 8 0x00000e0f mem 0x80015e54
core   0: 0x80003e78 (0xfc878ba3) sb      s0, -41(a5)
core   0: 3 0x80003e78 (0xfc878ba3) mem 0x80015eb7 0xf
core   0: 0x80003e7c (0x0ff0000f) fence   iorw,iorw
core   0: 3 0x80003e7c (0x0ff0000f)
core   0: 0x80003e80 (0x01569933) sll     s2, a3, s5
core   0: 3 0x80003e80 (0x01569933) x18 0x00000000
core   0: 0x80003e84 (0x004fe2b3) or      t0, t6, tp
core   0: 3 0x80003e84 (0x004fe2b3) x 5 0x0000000f
core   0: 0x80003e88 (0xf5f7ca83) lbu     s5, -161(a5)
core   0: 3 0x80003e88 (0xf5f7ca83) x21 0x00000000 mem 0x80015e3f
core   0: 0x80003e8c (0x07079883) lh      a7, 112(a5)
core   0: 3 0x80003e8c (0x07079883) x17 0x00000a8c mem 0x80015f50
core   0: 0x80003e90 (0xf5d7c883) lbu     a7, -163(a5)
core   0: 3 0x80003e90 (0xf5d7c883) x17 0x000000fa mem 0x80015e3d
core   0: 0x80003e94 (0x01807433) and     s0, zero, s8
core   0: 3 0x80003e94 (0x01807433) x 8 0x00000000
core   0: 0x80003e98 (0x404a5533) sra     a0, s4, tp
core   0: 3 0x80003e98 (0x404a5533) x10 0xffffffee
core   0: 0x80003e9c (0x90aeef93) ori     t6, t4, -1782
core   0: 3 0x80003e9c (0x90aeef93) x31 0xfffff91b
core   0: 0x80003ea0 (0x5a3de613) ori     a2, s11, 1443
core   0: 3 0x80003ea0 (0x5a3de613) x12 0xffffffeb
core   0: 0x80003ea4 (0x00a9bcb3) sltu    s9, s3, a0
core   0: 3 0x80003ea4 (0x00a9bcb3) x25 0x00000001
core   0: 0x80003ea8 (0x00a78e83) lb      t4, 10(a5)
core   0: 3 0x80003ea8 (0x00a78e83) x29 0xffffffa1 mem 0x80015eea
core   0: 0x80003eac (0x1d516193) ori     gp, sp, 469
core   0: 3 0x80003eac (0x1d516193) x 3 0x8002edf5
core   0: 0x80003eb0 (0xf6f78e83) lb      t4, -145(a5)
core   0: 3 0x80003eb0 (0xf6f78e83) x29 0x00000004 mem 0x80015e4f
core   0: 0x80003eb4 (0x0b378ba3) sb      s3, 183(a5)
core   0: 3 0x80003eb4 (0x0b378ba3) mem 0x80015f97 0x64
core   0: 0x80003eb8 (0x00c761b3) or      gp, a4, a2
core   0: 3 0x80003eb8 (0x00c761b3) x 3 0xffffffff
core   0: 0x80003ebc (0x003a1a13) slli    s4, s4, 3
core   0: 3 0x80003ebc (0x003a1a13) x20 0xffffff70
core   0: 0x80003ec0 (0x01a7d603) lhu     a2, 26(a5)
core   0: 3 0x80003ec0 (0x01a7d603) x12 0x0000b0b1 mem 0x80015efa
core   0: 0x80003ec4 (0x6ab72493) slti    s1, a4, 1707
core   0: 3 0x80003ec4 (0x6ab72493) x 9 0x00000001
core   0: 0x80003ec8 (0xf2b7cd83) lbu     s11, -213(a5)
core   0: 3 0x80003ec8 (0xf2b7cd83) x27 0x000000c0 mem 0x80015e0b
core   0: 0x80003ecc (0x41b551b3) sra     gp, a0, s11
core   0: 3 0x80003ecc (0x41b551b3) x 3 0xffffffee
core   0: 0x80003ed0 (0x01ad85b3) add     a1, s11, s10
core   0: 3 0x80003ed0 (0x01ad85b3) x11 0x000030f1
core   0: 0x80003ed4 (0x04a7db83) lhu     s7, 74(a5)
core   0: 3 0x80003ed4 (0x04a7db83) x23 0x0000e0e1 mem 0x80015f2a
core   0: 0x80003ed8 (0xcabac313) xori    t1, s5, -853
core   0: 3 0x80003ed8 (0xcabac313) x 6 0xfffffcab
core   0: 0x80003edc (0x00000013) nop
core   0: 3 0x80003edc (0x00000013)
core   0: 0x80003ee0 (0x0957cd03) lbu     s10, 149(a5)
core   0: 3 0x80003ee0 (0x0957cd03) x26 0x0000002e mem 0x80015f75
core   0: 0x80003ee4 (0x00b32b33) slt     s6, t1, a1
core   0: 3 0x80003ee4 (0x00b32b33) x22 0x00000001
core   0: 0x80003ee8 (0xfd378003) lb      zero, -45(a5)
core   0: 3 0x80003ee8 (0xfd378003) mem 0x80015eb3
core   0: 0x80003eec (0x004b2d33) slt     s10, s6, tp
core   0: 3 0x80003eec (0x004b2d33) x26 0x00000000
core   0: 0x80003ef0 (0x0457c303) lbu     t1, 69(a5)
core   0: 3 0x80003ef0 (0x0457c303) x 6 0x000000de mem 0x80015f25
core   0: 0x80003ef4 (0x00cddc33) srl     s8, s11, a2
core   0: 3 0x80003ef4 (0x00cddc33) x24 0x00000000
core   0: 0x80003ef8 (0x0217c183) lbu     gp, 33(a5)
core   0: 3 0x80003ef8 (0x0217c183) x 3 0x000000ba mem 0x80015f01
core   0: 0x80003efc (0xf4378e03) lb      t3, -189(a5)
core   0: 3 0x80003efc (0xf4378e03) x28 0xffffffd8 mem 0x80015e23
core   0: 0x80003f00 (0xf5f7c603) lbu     a2, -161(a5)
core   0: 3 0x80003f00 (0xf5f7c603) x12 0x00000000 mem 0x80015e3f
core   0: 0x80003f04 (0x00017597) auipc   a1, 0x17
core   0: 3 0x80003f04 (0x00017597) x11 0x8001af04
core   0: 0x80003f08 (0xd9958593) addi    a1, a1, -615
core   0: 3 0x80003f08 (0xd9958593) x11 0x8001ac9d
core   0: 0x80003f0c (0x0af58183) lb      gp, 175(a1)
core   0: 3 0x80003f0c (0x0af58183) x 3 0x00000007 mem 0x8001ad4c
core   0: 0x80003f10 (0x0ba58d83) lb      s11, 186(a1)
core   0: 3 0x80003f10 (0x0ba58d83) x27 0x0000000c mem 0x8001ad57
core   0: 0x80003f14 (0xf49590a3) sh      s1, -191(a1)
core   0: 3 0x80003f14 (0xf49590a3) mem 0x8001abde 0x0001
core   0: 0x80003f18 (0x0b05cb03) lbu     s6, 176(a1)
core   0: 3 0x80003f18 (0x0b05cb03) x22 0x00000006 mem 0x8001ad4d
core   0: 0x80003f1c (0x410d0633) sub     a2, s10, a6
core   0: 3 0x80003f1c (0x410d0633) x12 0xffffffe8
core   0: 0x80003f20 (0x0675af83) lw      t6, 103(a1)
core   0: 3 0x80003f20 (0x0675af83) x31 0xbcbdbebf mem 0x8001ad04
core   0: 0x80003f24 (0x06759e83) lh      t4, 103(a1)
core   0: 3 0x80003f24 (0x06759e83) x29 0xffffbebf mem 0x8001ad04
core   0: 0x80003f28 (0xfaa58303) lb      t1, -86(a1)
core   0: 3 0x80003f28 (0xfaa58303) x 6 0xfffffffc mem 0x8001ac47
core   0: 0x80003f2c (0xf655c203) lbu     tp, -155(a1)
core   0: 3 0x80003f2c (0xf655c203) x 4 0x000000b9 mem 0x8001ac02
core   0: 0x80003f30 (0xf64582a3) sb      tp, -155(a1)
core   0: 3 0x80003f30 (0xf64582a3) mem 0x8001ac02 0xb9
core   0: 0x80003f34 (0x0c45cf03) lbu     t5, 196(a1)
core   0: 3 0x80003f34 (0x0c45cf03) x30 0x0000001a mem 0x8001ad61
core   0: 0x80003f38 (0x0c45c883) lbu     a7, 196(a1)
core   0: 3 0x80003f38 (0x0c45c883) x17 0x0000001a mem 0x8001ad61
core   0: 0x80003f3c (0xfdd5d083) lhu     ra, -35(a1)
core   0: 3 0x80003f3c (0xfdd5d083) x 1 0x00003031 mem 0x8001ac7a
core   0: 0x80003f40 (0x006b1eb3) sll     t4, s6, t1
core   0: 3 0x80003f40 (0x006b1eb3) x29 0x60000000
core   0: 0x80003f44 (0x0125c203) lbu     tp, 18(a1)
core   0: 3 0x80003f44 (0x0125c203) x 4 0x00000064 mem 0x8001acaf
core   0: 0x80003f48 (0xfc45c783) lbu     a5, -60(a1)
core   0: 3 0x80003f48 (0xfc45c783) x15 0x0000001a mem 0x8001ac61
core   0: 0x80003f4c (0xfcb58223) sb      a1, -60(a1)
core   0: 3 0x80003f4c (0xfcb58223) mem 0x8001ac61 0x9d
core   0: 0x80003f50 (0xfc758223) sb      t2, -60(a1)
core   0: 3 0x80003f50 (0xfc758223) mem 0x8001ac61 0xb
core   0: 0x80003f54 (0x0105cb83) lbu     s7, 16(a1)
core   0: 3 0x80003f54 (0x0105cb83) x23 0x00000066 mem 0x8001acad
core   0: 0x80003f58 (0x01df5b93) srli    s7, t5, 29
core   0: 3 0x80003f58 (0x01df5b93) x23 0x00000000
core   0: 0x80003f5c (0x40abd3b3) sra     t2, s7, a0
core   0: 3 0x80003f5c (0x40abd3b3) x 7 0x00000000
core   0: 0x80003f60 (0x0b6595a3) sh      s6, 171(a1)
core   0: 3 0x80003f60 (0x0b6595a3) mem 0x8001ad48 0x0006
core   0: 0x80003f64 (0xf825cc83) lbu     s9, -126(a1)
core   0: 3 0x80003f64 (0xf825cc83) x25 0x000000d4 mem 0x8001ac1f
core   0: 0x80003f68 (0x070587a3) sb      a6, 111(a1)
core   0: 3 0x80003f68 (0x070587a3) mem 0x8001ad0c 0x18
core   0: 0x80003f6c (0x00015b97) auipc   s7, 0x15
core   0: 3 0x80003f6c (0x00015b97) x23 0x80018f6c
core   0: 0x80003f70 (0xe60b8b93) addi    s7, s7, -416
core   0: 3 0x80003f70 (0xe60b8b93) x23 0x80018dcc
core   0: 0x80003f74 (0xff5b8523) sb      s5, -22(s7)
core   0: 3 0x80003f74 (0xff5b8523) mem 0x80018db6 0x0
core   0: 0x80003f78 (0x016bae23) sw      s6, 28(s7)
core   0: 3 0x80003f78 (0x016bae23) mem 0x80018de8 0x00000006
core   0: 0x80003f7c (0x003bc283) lbu     t0, 3(s7)
core   0: 3 0x80003f7c (0x003bc283) x 5 0x00000084 mem 0x80018dcf
core   0: 0x80003f80 (0xfedbac23) sw      a3, -8(s7)
core   0: 3 0x80003f80 (0xfedbac23) mem 0x80018dc4 0x80000000
core   0: 0x80003f84 (0x019b8703) lb      a4, 25(s7)
core   0: 3 0x80003f84 (0x019b8703) x14 0xffffff9e mem 0x80018de5
core   0: 0x80003f88 (0xffebda03) lhu     s4, -2(s7)
core   0: 3 0x80003f88 (0xffebda03) x20 0x00008081 mem 0x80018dca
core   0: 0x80003f8c (0x010b8003) lb      zero, 16(s7)
core   0: 3 0x80003f8c (0x010b8003) mem 0x80018ddc
core   0: 0x80003f90 (0x02fb86a3) sb      a5, 45(s7)
core   0: 3 0x80003f90 (0x02fb86a3) mem 0x80018df9 0x1a
core   0: 0x80003f94 (0xfe2b9483) lh      s1, -30(s7)
core   0: 3 0x80003f94 (0xfe2b9483) x 9 0x00006465 mem 0x80018dae
core   0: 0x80003f98 (0x026b8123) sb      t1, 34(s7)
core   0: 3 0x80003f98 (0x026b8123) mem 0x80018dee 0xfc
core   0: 0x80003f9c (0x0199ecb3) or      s9, s3, s9
core   0: 3 0x80003f9c (0x0199ecb3) x25 0x8002aef4
core   0: 0x80003fa0 (0xff6b9883) lh      a7, -10(s7)
core   0: 3 0x80003fa0 (0xff6b9883) x17 0x00007879 mem 0x80018dc2
core   0: 0x80003fa4 (0x021b8323) sb      ra, 38(s7)
core   0: 3 0x80003fa4 (0x021b8323) mem 0x80018df2 0x31
core   0: 0x80003fa8 (0x5ea3e193) ori     gp, t2, 1514
core   0: 3 0x80003fa8 (0x5ea3e193) x 3 0x000005ea
core   0: 0x80003fac (0xfdfb86a3) sb      t6, -51(s7)
core   0: 3 0x80003fac (0xfdfb86a3) mem 0x80018d99 0xbf
core   0: 0x80003fb0 (0x01dc72b3) and     t0, s8, t4
core   0: 3 0x80003fb0 (0x01dc72b3) x 5 0x00000000
core   0: 0x80003fb4 (0x029b8e23) sb      s1, 60(s7)
core   0: 3 0x80003fb4 (0x029b8e23) mem 0x80018e08 0x65
core   0: 0x80003fb8 (0xfe7b8d83) lb      s11, -25(s7)
core   0: 3 0x80003fb8 (0xfe7b8d83) x27 0x00000068 mem 0x80018db3
core   0: 0x80003fbc (0xc61d2b13) slti    s6, s10, -927
core   0: 3 0x80003fbc (0xc61d2b13) x22 0x00000000
core   0: 0x80003fc0 (0x4053dab3) sra     s5, t2, t0
core   0: 3 0x80003fc0 (0x4053dab3) x21 0x00000000
core   0: 0x80003fc4 (0xfdabd783) lhu     a5, -38(s7)
core   0: 3 0x80003fc4 (0xfdabd783) x15 0x00005c5d mem 0x80018da6
core   0: 0x80003fc8 (0x016bc583) lbu     a1, 22(s7)
core   0: 3 0x80003fc8 (0x016bc583) x11 0x00000099 mem 0x80018de2
core   0: 0x80003fcc (0xfffb84a3) sb      t6, -23(s7)
core   0: 3 0x80003fcc (0xfffb84a3) mem 0x80018db5 0xbf
core   0: 0x80003fd0 (0xfc4baa23) sw      tp, -44(s7)
core   0: 3 0x80003fd0 (0xfc4baa23) mem 0x80018da0 0x00000064
core   0: 0x80003fd4 (0x00e3f1b3) and     gp, t2, a4
core   0: 3 0x80003fd4 (0x00e3f1b3) x 3 0x00000000
core   0: 0x80003fd8 (0x01635313) srli    t1, t1, 22
core   0: 3 0x80003fd8 (0x01635313) x 6 0x000003ff
core   0: 0x80003fdc (0x016488b3) add     a7, s1, s6
core   0: 3 0x80003fdc (0x016488b3) x17 0x00006465
core   0: 0x80003fe0 (0xfcfb8da3) sb      a5, -37(s7)
core   0: 3 0x80003fe0 (0xfcfb8da3) mem 0x80018da7 0x5d
core   0: 0x80003fe4 (0x00b1ffb3) and     t6, gp, a1
core   0: 3 0x80003fe4 (0x00b1ffb3) x31 0x00000000
core   0: 0x80003fe8 (0x0ff0000f) fence   iorw,iorw
core   0: 3 0x80003fe8 (0x0ff0000f)
core   0: 0x80003fec (0x03cb9d83) lh      s11, 60(s7)
core   0: 3 0x80003fec (0x03cb9d83) x27 0xffffc265 mem 0x80018e08
core   0: 0x80003ff0 (0x01bac7b3) xor     a5, s5, s11
core   0: 3 0x80003ff0 (0x01bac7b3) x15 0xffffc265
core   0: 0x80003ff4 (0x0ff0000f) fence   iorw,iorw
core   0: 3 0x80003ff4 (0x0ff0000f)
core   0: 0x80003ff8 (0x01ee01b3) add     gp, t3, t5
core   0: 3 0x80003ff8 (0x01ee01b3) x 3 0xfffffff2
core   0: 0x80003ffc (0x00000013) nop
core   0: 3 0x80003ffc (0x00000013)
core   0: 0x80004000 (0xfe1b8283) lb      t0, -31(s7)
core   0: 3 0x80004000 (0xfe1b8283) x 5 0x00000066 mem 0x80018dad
core   0: 0x80004004 (0x56447c97) auipc   s9, 0x56447
core   0: 3 0x80004004 (0x56447c97) x25 0xd644b004
core   0: 0x80004008 (0x016b9803) lh      a6, 22(s7)
core   0: 3 0x80004008 (0x016b9803) x16 0xffff9899 mem 0x80018de2
core   0: 0x8000400c (0x7923a637) lui     a2, 0x7923a
core   0: 3 0x8000400c (0x7923a637) x12 0x7923a000
core   0: 0x80004010 (0x01a755b3) srl     a1, a4, s10
core   0: 3 0x80004010 (0x01a755b3) x11 0xffffff9e
core   0: 0x80004014 (0x028b8d03) lb      s10, 40(s7)
core   0: 3 0x80004014 (0x028b8d03) x26 0xffffffaf mem 0x80018df4
core   0: 0x80004018 (0x00493f33) sltu    t5, s2, tp
core   0: 3 0x80004018 (0x00493f33) x30 0x00000001
core   0: 0x8000401c (0x00000013) nop
core   0: 3 0x8000401c (0x00000013)
core   0: 0x80004020 (0xf7ee0213) addi    tp, t3, -130
core   0: 3 0x80004020 (0xf7ee0213) x 4 0xffffff56
core   0: 0x80004024 (0x009b8fa3) sb      s1, 31(s7)
core   0: 3 0x80004024 (0x009b8fa3) mem 0x80018deb 0x65
core   0: 0x80004028 (0x00012617) auipc   a2, 0x12
core   0: 3 0x80004028 (0x00012617) x12 0x80016028
core   0: 0x8000402c (0x9b260613) addi    a2, a2, -1614
core   0: 3 0x8000402c (0x9b260613) x12 0x800159da
core   0: 0x80004030 (0xec461d23) sh      tp, -294(a2)
core   0: 3 0x80004030 (0xec461d23) mem 0x800158b4 0xff56
core   0: 0x80004034 (0x95760b83) lb      s7, -1705(a2)
core   0: 3 0x80004034 (0x95760b83) x23 0xffffffea mem 0x80015331
core   0: 0x80004038 (0x95860ba3) sb      s8, -1705(a2)
core   0: 3 0x80004038 (0x95860ba3) mem 0x80015331 0x0
core   0: 0x8000403c (0xf7260e03) lb      t3, -142(a2)
core   0: 3 0x8000403c (0xf7260e03) x28 0x00000007 mem 0x8001594c
core   0: 0x80004040 (0x36460da3) sb      tp, 891(a2)
core   0: 3 0x80004040 (0x36460da3) mem 0x80015d55 0x56
core   0: 0x80004044 (0x37b64e83) lbu     t4, 891(a2)
core   0: 3 0x80004044 (0x37b64e83) x29 0x00000056 mem 0x80015d55
core   0: 0x80004048 (0x14b61223) sh      a1, 324(a2)
core   0: 3 0x80004048 (0x14b61223) mem 0x80015b1e 0xff9e
core   0: 0x8000404c (0x14460183) lb      gp, 324(a2)
core   0: 3 0x8000404c (0x14460183) x 3 0xffffff9e mem 0x80015b1e
core   0: 0x80004050 (0x0109c5b3) xor     a1, s3, a6
core   0: 3 0x80004050 (0x0109c5b3) x11 0x7ffd36fd
core   0: 0x80004054 (0x2b160583) lb      a1, 689(a2)
core   0: 3 0x80004054 (0x2b160583) x11 0x00000040 mem 0x80015c8b
core   0: 0x80004058 (0x96e60323) sb      a4, -1690(a2)
core   0: 3 0x80004058 (0x96e60323) mem 0x80015340 0x9e
core   0: 0x8000405c (0x96260323) sb      sp, -1690(a2)
core   0: 3 0x8000405c (0x96260323) mem 0x80015340 0xe4
core   0: 0x80004060 (0x91a600a3) sb      s10, -1791(a2)
core   0: 3 0x80004060 (0x91a600a3) mem 0x800152db 0xaf
core   0: 0x80004064 (0x27a64803) lbu     a6, 634(a2)
core   0: 3 0x80004064 (0x27a64803) x16 0x00000099 mem 0x80015c54
core   0: 0x80004068 (0xbf960f83) lb      t6, -1031(a2)
core   0: 3 0x80004068 (0xbf960f83) x31 0xffffff88 mem 0x800155d3
core   0: 0x8000406c (0x2c164b03) lbu     s6, 705(a2)
core   0: 3 0x8000406c (0x2c164b03) x22 0x00000050 mem 0x80015c9b
core   0: 0x80004070 (0x0001f817) auipc   a6, 0x1f
core   0: 3 0x80004070 (0x0001f817) x16 0x80023070
core   0: 0x80004074 (0x54980813) addi    a6, a6, 1353
core   0: 3 0x80004074 (0x54980813) x16 0x800235b9
core   0: 0x80004078 (0x01c97c33) and     s8, s2, t3
core   0: 3 0x80004078 (0x01c97c33) x24 0x00000000
core   0: 0x8000407c (0x6d432d13) slti    s10, t1, 1748
core   0: 3 0x8000407c (0x6d432d13) x26 0x00000001
core   0: 0x80004080 (0xfcc84483) lbu     s1, -52(a6)
core   0: 3 0x80004080 (0xfcc84483) x 9 0x0000003e mem 0x80023585
core   0: 0x80004084 (0xfcc84883) lbu     a7, -52(a6)
core   0: 3 0x80004084 (0xfcc84883) x17 0x0000003e mem 0x80023585
core   0: 0x80004088 (0xfcc84f83) lbu     t6, -52(a6)
core   0: 3 0x80004088 (0xfcc84f83) x31 0x0000003e mem 0x80023585
core   0: 0x8000408c (0xfd780623) sb      s7, -52(a6)
core   0: 3 0x8000408c (0xfd780623) mem 0x80023585 0xea
core   0: 0x80004090 (0xfcc84d83) lbu     s11, -52(a6)
core   0: 3 0x80004090 (0xfcc84d83) x27 0x000000ea mem 0x80023585
core   0: 0x80004094 (0xffb816a3) sh      s11, -19(a6)
core   0: 3 0x80004094 (0xffb816a3) mem 0x800235a6 0x00ea
core   0: 0x80004098 (0x0104f0b3) and     ra, s1, a6
core   0: 3 0x80004098 (0x0104f0b3) x 1 0x00000038
core   0: 0x8000409c (0xffa80723) sb      s10, -18(a6)
core   0: 3 0x8000409c (0xffa80723) mem 0x800235a7 0x1
core   0: 0x800040a0 (0xfe680723) sb      t1, -18(a6)
core   0: 3 0x800040a0 (0xfe680723) mem 0x800235a7 0xff
core   0: 0x800040a4 (0xfee80903) lb      s2, -18(a6)
core   0: 3 0x800040a4 (0xfee80903) x18 0xffffffff mem 0x800235a7
core   0: 0x800040a8 (0x00280e23) sb      sp, 28(a6)
core   0: 3 0x800040a8 (0x00280e23) mem 0x800235d5 0xe4
core   0: 0x800040ac (0x00013a17) auipc   s4, 0x13
core   0: 3 0x800040ac (0x00013a17) x20 0x800170ac
core   0: 0x800040b0 (0xfa6a0a13) addi    s4, s4, -90
core   0: 3 0x800040b0 (0xfa6a0a13) x20 0x80017052
core   0: 0x800040b4 (0x0aca0f03) lb      t5, 172(s4)
core   0: 3 0x800040b4 (0x0aca0f03) x30 0xffffffb5 mem 0x800170fe
core   0: 0x800040b8 (0x0000100f) fence.i
core   0: 3 0x800040b8 (0x0000100f)
core   0: 0x800040bc (0x00fa09a3) sb      a5, 19(s4)
core   0: 3 0x800040bc (0x00fa09a3) mem 0x80017065 0x65
core   0: 0x800040c0 (0x0f1a07a3) sb      a7, 239(s4)
core   0: 3 0x800040c0 (0x0f1a07a3) mem 0x80017141 0x3e
core   0: 0x800040c4 (0xfeda1b23) sh      a3, -10(s4)
core   0: 3 0x800040c4 (0xfeda1b23) mem 0x80017048 0x0000
core   0: 0x800040c8 (0x906dc013) xori    zero, s11, -1786
core   0: 3 0x800040c8 (0x906dc013)
core   0: 0x800040cc (0x0028a333) slt     t1, a7, sp
core   0: 3 0x800040cc (0x0028a333) x 6 0x00000000
core   0: 0x800040d0 (0xa0479db7) lui     s11, 0xa0479
core   0: 3 0x800040d0 (0xa0479db7) x27 0xa0479000
core   0: 0x800040d4 (0xfcfa01a3) sb      a5, -61(s4)
core   0: 3 0x800040d4 (0xfcfa01a3) mem 0x80017015 0x65
core   0: 0x800040d8 (0x03ba0d03) lb      s10, 59(s4)
core   0: 3 0x800040d8 (0x03ba0d03) x26 0x00000046 mem 0x8001708d
core   0: 0x800040dc (0x41488e33) sub     t3, a7, s4
core   0: 3 0x800040dc (0x41488e33) x28 0x7ffe8fec
core   0: 0x800040e0 (0x4015d913) srai    s2, a1, 1
core   0: 3 0x800040e0 (0x4015d913) x18 0x00000020
core   0: 0x800040e4 (0x2e134c93) xori    s9, t1, 737
core   0: 3 0x800040e4 (0x2e134c93) x25 0x000002e1
core   0: 0x800040e8 (0x00000013) nop
core   0: 3 0x800040e8 (0x00000013)
core   0: 0x800040ec (0x0000100f) fence.i
core   0: 3 0x800040ec (0x0000100f)
core   0: 0x800040f0 (0xf3ba01a3) sb      s11, -221(s4)
core   0: 3 0x800040f0 (0xf3ba01a3) mem 0x80016f75 0x0
core   0: 0x800040f4 (0x0d8a1603) lh      a2, 216(s4)
core   0: 3 0x800040f4 (0x0d8a1603) x12 0xffffe0e1 mem 0x8001712a
core   0: 0x800040f8 (0x013445b3) xor     a1, s0, s3
core   0: 3 0x800040f8 (0x013445b3) x11 0x8002ae64
core   0: 0x800040fc (0xf17a4803) lbu     a6, -233(s4)
core   0: 3 0x800040fc (0xf17a4803) x16 0x00000022 mem 0x80016f69
core   0: 0x80004100 (0x01c56e33) or      t3, a0, t3
core   0: 3 0x80004100 (0x01c56e33) x28 0xffffffee
core   0: 0x80004104 (0xf2fa4883) lbu     a7, -209(s4)
core   0: 3 0x80004104 (0xf2fa4883) x17 0x0000003a mem 0x80016f81
core   0: 0x80004108 (0x00d1a633) slt     a2, gp, a3
core   0: 3 0x80004108 (0x00d1a633) x12 0x00000000
core   0: 0x8000410c (0x40ed01b3) sub     gp, s10, a4
core   0: 3 0x8000410c (0x40ed01b3) x 3 0x000000a8
core   0: 0x80004110 (0x017d1cb3) sll     s9, s10, s7
core   0: 3 0x80004110 (0x017d1cb3) x25 0x00011800
core   0: 0x80004114 (0xf91a0b83) lb      s7, -111(s4)
core   0: 3 0x80004114 (0xf91a0b83) x23 0xffffff98 mem 0x80016fe3
core   0: 0x80004118 (0xfafa0f03) lb      t5, -81(s4)
core   0: 3 0x80004118 (0xfafa0f03) x30 0xffffffba mem 0x80017001
core   0: 0x8000411c (0xfd8a4883) lbu     a7, -40(s4)
core   0: 3 0x8000411c (0xfd8a4883) x17 0x000000e1 mem 0x8001702a
core   0: 0x80004120 (0x2a537713) andi    a4, t1, 677
core   0: 3 0x80004120 (0x2a537713) x14 0x00000000
core   0: 0x80004124 (0x089a4083) lbu     ra, 137(s4)
core   0: 3 0x80004124 (0x089a4083) x 1 0x00000090 mem 0x800170db
core   0: 0x80004128 (0x00022317) auipc   t1, 0x22
core   0: 3 0x80004128 (0x00022317) x 6 0x80026128
core   0: 0x8000412c (0xadf30313) addi    t1, t1, -1313
core   0: 3 0x8000412c (0xadf30313) x 6 0x80025c07
core   0: 0x80004130 (0x00019d97) auipc   s11, 0x19
core   0: 3 0x80004130 (0x00019d97) x27 0x8001d130
core   0: 0x80004134 (0xf93d8d93) addi    s11, s11, -109
core   0: 3 0x80004134 (0xf93d8d93) x27 0x8001d0c3
core   0: 0x80004138 (0x00020b97) auipc   s7, 0x20
core   0: 3 0x80004138 (0x00020b97) x23 0x80024138
core   0: 0x8000413c (0xc53b8b93) addi    s7, s7, -941
core   0: 3 0x8000413c (0xc53b8b93) x23 0x80023d8b
core   0: 0x80004140 (0xffebc083) lbu     ra, -2(s7)
core   0: 3 0x80004140 (0xffebc083) x 1 0x00000042 mem 0x80023d89
core   0: 0x80004144 (0x001baa83) lw      s5, 1(s7)
core   0: 3 0x80004144 (0x001baa83) x21 0x44454647 mem 0x80023d8c
core   0: 0x80004148 (0x036313a3) sh      s6, 39(t1)
core   0: 3 0x80004148 (0x036313a3) mem 0x80025c2e 0x0050
core   0: 0x8000414c (0xffedc203) lbu     tp, -2(s11)
core   0: 3 0x8000414c (0xffedc203) x 4 0x0000007a mem 0x8001d0c1
core   0: 0x80004150 (0x006b8c83) lb      s9, 6(s7)
core   0: 3 0x80004150 (0x006b8c83) x25 0x0000004a mem 0x80023d91
core   0: 0x80004154 (0x02e30f83) lb      t6, 46(t1)
core   0: 3 0x80004154 (0x02e30f83) x31 0xffffffee mem 0x80025c35
core   0: 0x80004158 (0x03b34803) lbu     a6, 59(t1)
core   0: 3 0x80004158 (0x03b34803) x16 0x000000f9 mem 0x80025c42
core   0: 0x8000415c (0xfd030f23) sb      a6, -34(t1)
core   0: 3 0x8000415c (0xfd030f23) mem 0x80025be5 0xf9
core   0: 0x80004160 (0xfd9d8123) sb      s9, -62(s11)
core   0: 3 0x80004160 (0xfd9d8123) mem 0x8001d085 0x4a
core   0: 0x80004164 (0xff6b8603) lb      a2, -10(s7)
core   0: 3 0x80004164 (0xff6b8603) x12 0x0000003a mem 0x80023d81
core   0: 0x80004168 (0x03d34183) lbu     gp, 61(t1)
core   0: 3 0x80004168 (0x03d34183) x 3 0x000000ff mem 0x80025c44
core   0: 0x8000416c (0x021d9f83) lh      t6, 33(s11)
core   0: 3 0x8000416c (0x021d9f83) x31 0xffff9e9f mem 0x8001d0e4
core   0: 0x80004170 (0xfdbd92a3) sh      s11, -59(s11)
core   0: 3 0x80004170 (0xfdbd92a3) mem 0x8001d088 0xd0c3
core   0: 0x80004174 (0x01fb87a3) sb      t6, 15(s7)
core   0: 3 0x80004174 (0x01fb87a3) mem 0x80023d9a 0x9f
core   0: 0x80004178 (0xff2b89a3) sb      s2, -13(s7)
core   0: 3 0x80004178 (0xff2b89a3) mem 0x80023d7e 0x20
core   0: 0x8000417c (0x006b8123) sb      t1, 2(s7)
core   0: 3 0x8000417c (0x006b8123) mem 0x80023d8d 0x7
core   0: 0x80004180 (0x03530c23) sb      s5, 56(t1)
core   0: 3 0x80004180 (0x03530c23) mem 0x80025c3f 0x47
core   0: 0x80004184 (0xfedd8e83) lb      t4, -19(s11)
core   0: 3 0x80004184 (0xfedd8e83) x29 0x0000006b mem 0x8001d0b0
core   0: 0x80004188 (0x03834003) lbu     zero, 56(t1)
core   0: 3 0x80004188 (0x03834003) mem 0x80025c3f
core   0: 0x8000418c (0xff0bc183) lbu     gp, -16(s7)
core   0: 3 0x8000418c (0xff0bc183) x 3 0x00000030 mem 0x80023d7b
core   0: 0x80004190 (0xfcd30323) sb      a3, -58(t1)
core   0: 3 0x80004190 (0xfcd30323) mem 0x80025bcd 0x0
core   0: 0x80004194 (0x00018617) auipc   a2, 0x18
core   0: 3 0x80004194 (0x00018617) x12 0x8001c194
core   0: 0x80004198 (0x58860613) addi    a2, a2, 1416
core   0: 3 0x80004198 (0x58860613) x12 0x8001c71c
core   0: 0x8000419c (0x47b60803) lb      a6, 1147(a2)
core   0: 3 0x8000419c (0x47b60803) x16 0x0000004c mem 0x8001cb97
core   0: 0x800041a0 (0x81560d83) lb      s11, -2027(a2)
core   0: 3 0x800041a0 (0x81560d83) x27 0xffffffea mem 0x8001bf31
core   0: 0x800041a4 (0xb1661203) lh      tp, -1258(a2)
core   0: 3 0x800041a4 (0xb1661203) x 4 0xffffe8e9 mem 0x8001c232
core   0: 0x800041a8 (0x41296913) ori     s2, s2, 1042
core   0: 3 0x800041a8 (0x41296913) x18 0x00000432
core   0: 0x800041ac (0x075f8e93) addi    t4, t6, 117
core   0: 3 0x800041ac (0x075f8e93) x29 0xffff9f14
core   0: 0x800041b0 (0x008f0b33) add     s6, t5, s0
core   0: 3 0x800041b0 (0x008f0b33) x22 0xffffffba
core   0: 0x800041b4 (0x00c4b1b3) sltu    gp, s1, a2
core   0: 3 0x800041b4 (0x00c4b1b3) x 3 0x00000001
core   0: 0x800041b8 (0x75f60b83) lb      s7, 1887(a2)
core   0: 3 0x800041b8 (0x75f60b83) x23 0x00000030 mem 0x8001ce7b
core   0: 0x800041bc (0xc7861b03) lh      s6, -904(a2)
core   0: 3 0x800041bc (0xc7861b03) x22 0x00004e4f mem 0x8001c394
core   0: 0x800041c0 (0xa2e61a23) sh      a4, -1484(a2)
core   0: 3 0x800041c0 (0xa2e61a23) mem 0x8001c150 0x0000
core   0: 0x800041c4 (0x6a760d03) lb      s10, 1703(a2)
core   0: 3 0x800041c4 (0x6a760d03) x26 0x00000078 mem 0x8001cdc3
core   0: 0x800041c8 (0x4b761723) sh      s7, 1198(a2)
core   0: 3 0x800041c8 (0x4b761723) mem 0x8001cbca 0x0030
core   0: 0x800041cc (0x9a460703) lb      a4, -1628(a2)
core   0: 3 0x800041cc (0x9a460703) x14 0x0000007b mem 0x8001c0c0
core   0: 0x800041d0 (0x94066f93) ori     t6, a2, -1728
core   0: 3 0x800041d0 (0x94066f93) x31 0xffffff5c
core   0: 0x800041d4 (0xc9160303) lb      t1, -879(a2)
core   0: 3 0x800041d4 (0xc9160303) x 6 0x00000066 mem 0x8001c3ad
core   0: 0x800041d8 (0x010d6033) or      zero, s10, a6
core   0: 3 0x800041d8 (0x010d6033)
core   0: 0x800041dc (0x4b260903) lb      s2, 1202(a2)
core   0: 3 0x800041dc (0x4b260903) x18 0xffffff85 mem 0x8001cbce
core   0: 0x800041e0 (0x2f960fa3) sb      s9, 767(a2)
core   0: 3 0x800041e0 (0x2f960fa3) mem 0x8001ca1b 0x4a
core   0: 0x800041e4 (0xb1161723) sh      a7, -1266(a2)
core   0: 3 0x800041e4 (0xb1161723) mem 0x8001c22a 0x00e1
core   0: 0x800041e8 (0xd145f713) andi    a4, a1, -748
core   0: 3 0x800041e8 (0xd145f713) x14 0x8002ac04
core   0: 0x800041ec (0xee661f03) lh      t5, -282(a2)
core   0: 3 0x800041ec (0xee661f03) x30 0xffffb8b9 mem 0x8001c602
core   0: 0x800041f0 (0x018f9a13) slli    s4, t6, 24
core   0: 3 0x800041f0 (0x018f9a13) x20 0x5c000000
core   0: 0x800041f4 (0xbb161f23) sh      a7, -1090(a2)
core   0: 3 0x800041f4 (0xbb161f23) mem 0x8001c2da 0x00e1
core   0: 0x800041f8 (0x41ee0bb3) sub     s7, t3, t5
core   0: 3 0x800041f8 (0x41ee0bb3) x23 0x00004735
core   0: 0x800041fc (0xe4e62223) sw      a4, -444(a2)
core   0: 3 0x800041fc (0xe4e62223) mem 0x8001c560 0x8002ac04
core   0: 0x80004200 (0xba162223) sw      ra, -1116(a2)
core   0: 3 0x80004200 (0xba162223) mem 0x8001c2c0 0x00000042
core   0: 0x80004204 (0xec360c83) lb      s9, -317(a2)
core   0: 3 0x80004204 (0xec360c83) x25 0xffffff94 mem 0x8001c5df
core   0: 0x80004208 (0xcdb62823) sw      s11, -816(a2)
core   0: 3 0x80004208 (0xcdb62823) mem 0x8001c3ec 0xffffffea
core   0: 0x8000420c (0x1d1fff93) andi    t6, t6, 465
core   0: 3 0x8000420c (0x1d1fff93) x31 0x00000150
core   0: 0x80004210 (0x7ecfa493) slti    s1, t6, 2028
core   0: 3 0x80004210 (0x7ecfa493) x 9 0x00000001
core   0: 0x80004214 (0x775604a3) sb      s5, 1897(a2)
core   0: 3 0x80004214 (0x775604a3) mem 0x8001ce85 0x47
core   0: 0x80004218 (0x8c4602a3) sb      tp, -1851(a2)
core   0: 3 0x80004218 (0x8c4602a3) mem 0x8001bfe1 0xe9
core   0: 0x8000421c (0x0148f5b3) and     a1, a7, s4
core   0: 3 0x8000421c (0x0148f5b3) x11 0x00000000
core   0: 0x80004220 (0x0077d893) srli    a7, a5, 7
core   0: 3 0x80004220 (0x0077d893) x17 0x01ffff84
core   0: 0x80004224 (0x7139fa13) andi    s4, s3, 1811
core   0: 3 0x80004224 (0x7139fa13) x20 0x00000600
core   0: 0x80004228 (0xe3764583) lbu     a1, -457(a2)
core   0: 3 0x80004228 (0xe3764583) x11 0x00000008 mem 0x8001c553
core   0: 0x8000422c (0x0ff0000f) fence   iorw,iorw
core   0: 3 0x8000422c (0x0ff0000f)
core   0: 0x80004230 (0x669a3913) sltiu   s2, s4, 1641
core   0: 3 0x80004230 (0x669a3913) x18 0x00000001
core   0: 0x80004234 (0x4d560883) lb      a7, 1237(a2)
core   0: 3 0x80004234 (0x4d560883) x17 0xffffffaa mem 0x8001cbf1
core   0: 0x80004238 (0xdaa60ba3) sb      a0, -585(a2)
core   0: 3 0x80004238 (0xdaa60ba3) mem 0x8001c4d3 0xee
core   0: 0x8000423c (0x56560f03) lb      t5, 1381(a2)
core   0: 3 0x8000423c (0x56560f03) x30 0x0000003a mem 0x8001cc81
core   0: 0x80004240 (0x0ff0000f) fence   iorw,iorw
core   0: 3 0x80004240 (0x0ff0000f)
core   0: 0x80004244 (0x65b60283) lb      t0, 1627(a2)
core   0: 3 0x80004244 (0x65b60283) x 5 0x0000002c mem 0x8001cd77
core   0: 0x80004248 (0x66360503) lb      a0, 1635(a2)
core   0: 3 0x80004248 (0x66360503) x10 0x00000034 mem 0x8001cd7f
core   0: 0x8000424c (0xf4161e23) sh      ra, -164(a2)
core   0: 3 0x8000424c (0xf4161e23) mem 0x8001c678 0x0042
core   0: 0x80004250 (0x00a1d293) srli    t0, gp, 10
core   0: 3 0x80004250 (0x00a1d293) x 5 0x00000000
core   0: 0x80004254 (0x0000100f) fence.i
core   0: 3 0x80004254 (0x0000100f)
core   0: 0x80004258 (0xd2f24793) xori    a5, tp, -721
core   0: 3 0x80004258 (0xd2f24793) x15 0x000015c6
core   0: 0x8000425c (0xd1561323) sh      s5, -762(a2)
core   0: 3 0x8000425c (0xd1561323) mem 0x8001c422 0x4647
core   0: 0x80004260 (0x00011a97) auipc   s5, 0x11
core   0: 3 0x80004260 (0x00011a97) x21 0x80015260
core   0: 0x80004264 (0x022a8a93) addi    s5, s5, 34
core   0: 3 0x80004264 (0x022a8a93) x21 0x80015282
core   0: 0x80004268 (0x001a8f03) lb      t5, 1(s5)
core   0: 3 0x80004268 (0x001a8f03) x30 0x00000038 mem 0x80015283
core   0: 0x8000426c (0x007acf83) lbu     t6, 7(s5)
core   0: 3 0x8000426c (0x007acf83) x31 0x00000042 mem 0x80015289
core   0: 0x80004270 (0x00013c17) auipc   s8, 0x13
core   0: 3 0x80004270 (0x00013c17) x24 0x80017270
core   0: 0x80004274 (0x177c0c13) addi    s8, s8, 375
core   0: 3 0x80004274 (0x177c0c13) x24 0x800173e7
core   0: 0x80004278 (0xec0c4383) lbu     t2, -320(s8)
core   0: 3 0x80004278 (0xec0c4383) x 7 0x0000005c mem 0x800172a7
core   0: 0x8000427c (0xff7ac083) lbu     ra, -9(s5)
core   0: 3 0x8000427c (0xff7ac083) x 1 0x00000032 mem 0x80015279
core   0: 0x80004280 (0x001a84a3) sb      ra, 9(s5)
core   0: 3 0x80004280 (0x001a84a3) mem 0x8001528b 0x32
core   0: 0x80004284 (0x1e8c0d83) lb      s11, 488(s8)
core   0: 3 0x80004284 (0x1e8c0d83) x27 0xffffff84 mem 0x800175cf
core   0: 0x80004288 (0x003a8b03) lb      s6, 3(s5)
core   0: 3 0x80004288 (0x003a8b03) x22 0x0000003a mem 0x80015285
core   0: 0x8000428c (0xeeec09a3) sb      a4, -269(s8)
core   0: 3 0x8000428c (0xeeec09a3) mem 0x800172da 0x4
core   0: 0x80004290 (0x000a9b83) lh      s7, 0(s5)
core   0: 3 0x80004290 (0x000a9b83) x23 0x00003839 mem 0x80015282
core   0: 0x80004294 (0x009a8183) lb      gp, 9(s5)
core   0: 3 0x80004294 (0x009a8183) x 3 0x00000032 mem 0x8001528b
core   0: 0x80004298 (0x0a3c0e03) lb      t3, 163(s8)
core   0: 3 0x80004298 (0x0a3c0e03) x28 0x00000041 mem 0x8001748a
core   0: 0x8000429c (0x01ca82a3) sb      t3, 5(s5)
core   0: 3 0x8000429c (0x01ca82a3) mem 0x80015287 0x41
core   0: 0x800042a0 (0xfffac083) lbu     ra, -1(s5)
core   0: 3 0x800042a0 (0xfffac083) x 1 0x0000003a mem 0x80015281
core   0: 0x800042a4 (0x003a84a3) sb      gp, 9(s5)
core   0: 3 0x800042a4 (0x003a84a3) mem 0x8001528b 0x32
core   0: 0x800042a8 (0xf99c4e03) lbu     t3, -103(s8)
core   0: 3 0x800042a8 (0xf99c4e03) x28 0x0000003b mem 0x80017380
core   0: 0x800042ac (0x3bcc14a3) sh      t3, 937(s8)
core   0: 3 0x800042ac (0x3bcc14a3) mem 0x80017790 0x003b
core   0: 0x800042b0 (0x0001ea97) auipc   s5, 0x1e
core   0: 3 0x800042b0 (0x0001ea97) x21 0x800222b0
core   0: 0x800042b4 (0xb90a8a93) addi    s5, s5, -1136
core   0: 3 0x800042b4 (0xb90a8a93) x21 0x80021e40
core   0: 0x800042b8 (0x070a8483) lb      s1, 112(s5)
core   0: 3 0x800042b8 (0x070a8483) x 9 0x0000006b mem 0x80021eb0
core   0: 0x800042bc (0x0b7a8c83) lb      s9, 183(s5)
core   0: 3 0x800042bc (0x0b7a8c83) x25 0xffffffac mem 0x80021ef7
core   0: 0x800042c0 (0xf41a8aa3) sb      ra, -171(s5)
core   0: 3 0x800042c0 (0xf41a8aa3) mem 0x80021d95 0x3a
core   0: 0x800042c4 (0x005498b3) sll     a7, s1, t0
core   0: 3 0x800042c4 (0x005498b3) x17 0x0000006b
core   0: 0x800042c8 (0x0ff0000f) fence   iorw,iorw
core   0: 3 0x800042c8 (0x0ff0000f)
core   0: 0x800042cc (0xff9a9f23) sh      s9, -2(s5)
core   0: 3 0x800042cc (0xff9a9f23) mem 0x80021e3e 0xffac
core   0: 0x800042d0 (0xff8a9f23) sh      s8, -2(s5)
core   0: 3 0x800042d0 (0xff8a9f23) mem 0x80021e3e 0x73e7
core   0: 0x800042d4 (0x009b1533) sll     a0, s6, s1
core   0: 3 0x800042d4 (0x009b1533) x10 0x0001d000
core   0: 0x800042d8 (0xf82a8783) lb      a5, -126(s5)
core   0: 3 0x800042d8 (0xf82a8783) x15 0x00000079 mem 0x80021dc2
core   0: 0x800042dc (0x008acb03) lbu     s6, 8(s5)
core   0: 3 0x800042dc (0x008acb03) x22 0x00000003 mem 0x80021e48
core   0: 0x800042e0 (0x005ad4b3) srl     s1, s5, t0
core   0: 3 0x800042e0 (0x005ad4b3) x 9 0x80021e40
core   0: 0x800042e4 (0x008ade03) lhu     t3, 8(s5)
core   0: 3 0x800042e4 (0x008ade03) x28 0x00000203 mem 0x80021e48
core   0: 0x800042e8 (0x008ad183) lhu     gp, 8(s5)
core   0: 3 0x800042e8 (0x008ad183) x 3 0x00000203 mem 0x80021e48
core   0: 0x800042ec (0x6b26c213) xori    tp, a3, 1714
core   0: 3 0x800042ec (0x6b26c213) x 4 0x800006b2
core   0: 0x800042f0 (0x0a9ac803) lbu     a6, 169(s5)
core   0: 3 0x800042f0 (0x0a9ac803) x16 0x000000a2 mem 0x80021ee9
core   0: 0x800042f4 (0x0a9a8183) lb      gp, 169(s5)
core   0: 3 0x800042f4 (0x0a9a8183) x 3 0xffffffa2 mem 0x80021ee9
core   0: 0x800042f8 (0x400eea13) ori     s4, t4, 1024
core   0: 3 0x800042f8 (0x400eea13) x20 0xffff9f14
core   0: 0x800042fc (0x0daa9183) lh      gp, 218(s5)
core   0: 3 0x800042fc (0x0daa9183) x 3 0xffffd0d1 mem 0x80021f1a
core   0: 0x80004300 (0x00011a97) auipc   s5, 0x11
core   0: 3 0x80004300 (0x00011a97) x21 0x80015300
core   0: 0x80004304 (0x78ca8a93) addi    s5, s5, 1932
core   0: 3 0x80004304 (0x78ca8a93) x21 0x80015a8c
core   0: 0x80004308 (0x00ba9923) sh      a1, 18(s5)
core   0: 3 0x80004308 (0x00ba9923) mem 0x80015a9e 0x0008
core   0: 0x8000430c (0x029a8903) lb      s2, 41(s5)
core   0: 3 0x8000430c (0x029a8903) x18 0x0000006e mem 0x80015ab5
core   0: 0x80004310 (0x029a8283) lb      t0, 41(s5)
core   0: 3 0x80004310 (0x029a8283) x 5 0x0000006e mem 0x80015ab5
core   0: 0x80004314 (0x029a8c03) lb      s8, 41(s5)
core   0: 3 0x80004314 (0x029a8c03) x24 0x0000006e mem 0x80015ab5
core   0: 0x80004318 (0x036a84a3) sb      s6, 41(s5)
core   0: 3 0x80004318 (0x036a84a3) mem 0x80015ab5 0x3
core   0: 0x8000431c (0x016a8083) lb      ra, 22(s5)
core   0: 3 0x8000431c (0x016a8083) x 1 0x00000059 mem 0x80015aa2
core   0: 0x80004320 (0x01b0a733) slt     a4, ra, s11
core   0: 3 0x80004320 (0x01b0a733) x14 0x00000000
core   0: 0x80004324 (0x016ac183) lbu     gp, 22(s5)
core   0: 3 0x80004324 (0x016ac183) x 3 0x00000059 mem 0x80015aa2
core   0: 0x80004328 (0x008ac783) lbu     a5, 8(s5)
core   0: 3 0x80004328 (0x008ac783) x15 0x0000004f mem 0x80015a94
core   0: 0x8000432c (0x008aa803) lw      a6, 8(s5)
core   0: 3 0x8000432c (0x008aa803) x16 0x4c4dfe4f mem 0x80015a94
core   0: 0x80004330 (0xbf4085b7) lui     a1, 0xbf408
core   0: 3 0x80004330 (0xbf4085b7) x11 0xbf408000
core   0: 0x80004334 (0x008a8583) lb      a1, 8(s5)
core   0: 3 0x80004334 (0x008a8583) x11 0x0000004f mem 0x80015a94
core   0: 0x80004338 (0x008a9183) lh      gp, 8(s5)
core   0: 3 0x80004338 (0x008a9183) x 3 0xfffffe4f mem 0x80015a94
core   0: 0x8000433c (0x015a8ca3) sb      s5, 25(s5)
core   0: 3 0x8000433c (0x015a8ca3) mem 0x80015aa5 0x8c
core   0: 0x80004340 (0x02ba89a3) sb      a1, 51(s5)
core   0: 3 0x80004340 (0x02ba89a3) mem 0x80015abf 0x4f
core   0: 0x80004344 (0x021a89a3) sb      ra, 51(s5)
core   0: 3 0x80004344 (0x021a89a3) mem 0x80015abf 0x59
core   0: 0x80004348 (0x033ac203) lbu     tp, 51(s5)
core   0: 3 0x80004348 (0x033ac203) x 4 0x00000059 mem 0x80015abf
core   0: 0x8000434c (0x018ce2b3) or      t0, s9, s8
core   0: 3 0x8000434c (0x018ce2b3) x 5 0xffffffee
core   0: 0x80004350 (0x03da89a3) sb      t4, 51(s5)
core   0: 3 0x80004350 (0x03da89a3) mem 0x80015abf 0x14
core   0: 0x80004354 (0xffaa8823) sb      s10, -16(s5)
core   0: 3 0x80004354 (0xffaa8823) mem 0x80015a7c 0x78
core   0: 0x80004358 (0xff0ad083) lhu     ra, -16(s5)
core   0: 3 0x80004358 (0xff0ad083) x 1 0x00003678 mem 0x80015a7c
core   0: 0x8000435c (0xff0adf83) lhu     t6, -16(s5)
core   0: 3 0x8000435c (0xff0adf83) x31 0x00003678 mem 0x80015a7c
core   0: 0x80004360 (0x01dd0733) add     a4, s10, t4
core   0: 3 0x80004360 (0x01dd0733) x14 0xffff9f8c
core   0: 0x80004364 (0xff0aa803) lw      a6, -16(s5)
core   0: 3 0x80004364 (0xff0aa803) x16 0x00353678 mem 0x80015a7c
core   0: 0x80004368 (0x00011897) auipc   a7, 0x11
core   0: 3 0x80004368 (0x00011897) x17 0x80015368
core   0: 0x8000436c (0x09d88893) addi    a7, a7, 157
core   0: 3 0x8000436c (0x09d88893) x17 0x80015405
core   0: 0x80004370 (0x0001f817) auipc   a6, 0x1f
core   0: 3 0x80004370 (0x0001f817) x16 0x80023370
core   0: 0x80004374 (0x09b80813) addi    a6, a6, 155
core   0: 3 0x80004374 (0x09b80813) x16 0x8002340b
core   0: 0x80004378 (0x04d88223) sb      a3, 68(a7)
core   0: 3 0x80004378 (0x04d88223) mem 0x80015449 0x0
core   0: 0x8000437c (0x0308c503) lbu     a0, 48(a7)
core   0: 3 0x8000437c (0x0308c503) x10 0x000000ee mem 0x80015435
core   0: 0x80004380 (0xfe288c83) lb      s9, -30(a7)
core   0: 3 0x80004380 (0xfe288c83) x25 0xffffff9c mem 0x800153e7
core   0: 0x80004384 (0x0b888003) lb      zero, 184(a7)
core   0: 3 0x80004384 (0x0b888003) mem 0x800154bd
core   0: 0x80004388 (0x0b989f03) lh      t5, 185(a7)
core   0: 3 0x80004388 (0x0b989f03) x30 0x00007475 mem 0x800154be
core   0: 0x8000438c (0xffa80b03) lb      s6, -6(a6)
core   0: 3 0x8000438c (0xffa80b03) x22 0xffffffbe mem 0x80023405
core   0: 0x80004390 (0xffc80da3) sb      t3, -5(a6)
core   0: 3 0x80004390 (0xffc80da3) mem 0x80023406 0x3
core   0: 0x80004394 (0x02180e83) lb      t4, 33(a6)
core   0: 3 0x80004394 (0x02180e83) x29 0xffffffe7 mem 0x8002342c
core   0: 0x80004398 (0xfc488223) sb      tp, -60(a7)
core   0: 3 0x80004398 (0xfc488223) mem 0x800153c9 0x59
core   0: 0x8000439c (0xfd381aa3) sh      s3, -43(a6)
core   0: 3 0x8000439c (0xfd381aa3) mem 0x800233e0 0xae64
core   0: 0x800043a0 (0xfdf84003) lbu     zero, -33(a6)
core   0: 3 0x800043a0 (0xfdf84003) mem 0x800233ea
core   0: 0x800043a4 (0x0001e597) auipc   a1, 0x1e
core   0: 3 0x800043a4 (0x0001e597) x11 0x800223a4
core   0: 0x800043a8 (0xf5058593) addi    a1, a1, -176
core   0: 3 0x800043a8 (0xf5058593) x11 0x800222f4
core   0: 0x800043ac (0x4029de93) srai    t4, s3, 2
core   0: 3 0x800043ac (0x4029de93) x29 0xe000ab99
core   0: 0x800043b0 (0xf1c58283) lb      t0, -228(a1)
core   0: 3 0x800043b0 (0xf1c58283) x 5 0xffffffcb mem 0x80022210
core   0: 0x800043b4 (0xf6758283) lb      t0, -153(a1)
core   0: 3 0x800043b4 (0xf6758283) x 5 0x00000010 mem 0x8002225b
core   0: 0x800043b8 (0xf675cd83) lbu     s11, -153(a1)
core   0: 3 0x800043b8 (0xf675cd83) x27 0x00000010 mem 0x8002225b
core   0: 0x800043bc (0x08b58183) lb      gp, 139(a1)
core   0: 3 0x800043bc (0x08b58183) x 3 0x00000034 mem 0x8002237f
core   0: 0x800043c0 (0x0ad59d23) sh      a3, 186(a1)
core   0: 3 0x800043c0 (0x0ad59d23) mem 0x800223ae 0x0000
core   0: 0x800043c4 (0x0ba58a83) lb      s5, 186(a1)
core   0: 3 0x800043c4 (0x0ba58a83) x21 0x00000000 mem 0x800223ae
core   0: 0x800043c8 (0x09a5dc03) lhu     s8, 154(a1)
core   0: 3 0x800043c8 (0x09a5dc03) x24 0x00004445 mem 0x8002238e
core   0: 0x800043cc (0x0017ea33) or      s4, a5, ra
core   0: 3 0x800043cc (0x0017ea33) x20 0x0000367f
core   0: 0x800043d0 (0x09a59b83) lh      s7, 154(a1)
core   0: 3 0x800043d0 (0x09a59b83) x23 0x00004445 mem 0x8002238e
core   0: 0x800043d4 (0xfb2585a3) sb      s2, -85(a1)
core   0: 3 0x800043d4 (0xfb2585a3) mem 0x8002229f 0x6e
core   0: 0x800043d8 (0x07f5cc83) lbu     s9, 127(a1)
core   0: 3 0x800043d8 (0x07f5cc83) x25 0x00000028 mem 0x80022373
core   0: 0x800043dc (0xf95582a3) sb      s5, -123(a1)
core   0: 3 0x800043dc (0xf95582a3) mem 0x80022279 0x0
core   0: 0x800043e0 (0x0033a7b3) slt     a5, t2, gp
core   0: 3 0x800043e0 (0x0033a7b3) x15 0x00000000
core   0: 0x800043e4 (0x87818f13) addi    t5, gp, -1928
core   0: 3 0x800043e4 (0x87818f13) x30 0xfffff8ac
core   0: 0x800043e8 (0xf855c203) lbu     tp, -123(a1)
core   0: 3 0x800043e8 (0xf855c203) x 4 0x00000000 mem 0x80022279
core   0: 0x800043ec (0x09e5c003) lbu     zero, 158(a1)
core   0: 3 0x800043ec (0x09e5c003) mem 0x80022392
core   0: 0x800043f0 (0x06659003) lh      zero, 102(a1)
core   0: 3 0x800043f0 (0x06659003) mem 0x8002235a
core   0: 0x800043f4 (0x0ea59903) lh      s2, 234(a1)
core   0: 3 0x800043f4 (0x0ea59903) x18 0xffff9495 mem 0x800223de
core   0: 0x800043f8 (0x0ea5da83) lhu     s5, 234(a1)
core   0: 3 0x800043f8 (0x0ea5da83) x21 0x00009495 mem 0x800223de
core   0: 0x800043fc (0xf2558aa3) sb      t0, -203(a1)
core   0: 3 0x800043fc (0xf2558aa3) mem 0x80022229 0x10
core   0: 0x80004400 (0xf9191b37) lui     s6, 0xf9191
core   0: 3 0x80004400 (0xf9191b37) x22 0xf9191000
core   0: 0x80004404 (0xf3558003) lb      zero, -203(a1)
core   0: 3 0x80004404 (0xf3558003) mem 0x80022229
core   0: 0x80004408 (0x0001ed17) auipc   s10, 0x1e
core   0: 3 0x80004408 (0x0001ed17) x26 0x80022408
core   0: 0x8000440c (0x8c6d0d13) addi    s10, s10, -1850
core   0: 3 0x8000440c (0x8c6d0d13) x26 0x80021cce
core   0: 0x80004410 (0xa3178613) addi    a2, a5, -1487
core   0: 3 0x80004410 (0xa3178613) x12 0xfffffa31
core   0: 0x80004414 (0x00d0f8b3) and     a7, ra, a3
core   0: 3 0x80004414 (0x00d0f8b3) x17 0x00000000
core   0: 0x80004418 (0x004f5813) srli    a6, t5, 4
core   0: 3 0x80004418 (0x004f5813) x16 0x0fffff8a
core   0: 0x8000441c (0xb7e1c493) xori    s1, gp, -1154
core   0: 3 0x8000441c (0xb7e1c493) x 9 0xfffffb4a
core   0: 0x80004420 (0x1c3ded93) ori     s11, s11, 451
core   0: 3 0x80004420 (0x1c3ded93) x27 0x000001d3
core   0: 0x80004424 (0x01ea9733) sll     a4, s5, t5
core   0: 3 0x80004424 (0x01ea9733) x14 0x09495000
core   0: 0x80004428 (0xb30c2913) slti    s2, s8, -1232
core   0: 3 0x80004428 (0xb30c2913) x18 0x00000000
core   0: 0x8000442c (0x01da61b3) or      gp, s4, t4
core   0: 3 0x8000442c (0x01da61b3) x 3 0xe000bfff
core   0: 0x80004430 (0x012ce4b3) or      s1, s9, s2
core   0: 3 0x80004430 (0x012ce4b3) x 9 0x00000028
core   0: 0x80004434 (0x018864b3) or      s1, a6, s8
core   0: 3 0x80004434 (0x018864b3) x 9 0x0fffffcf
core   0: 0x80004438 (0x3bbd0da3) sb      s11, 955(s10)
core   0: 3 0x80004438 (0x3bbd0da3) mem 0x80022089 0xd3
core   0: 0x8000443c (0xda9d0483) lb      s1, -599(s10)
core   0: 3 0x8000443c (0xda9d0483) x 9 0x0000002c mem 0x80021a77
core   0: 0x80004440 (0x7dd18593) addi    a1, gp, 2013
core   0: 3 0x80004440 (0x7dd18593) x11 0xe000c7dc
core   0: 0x80004444 (0x046d2b83) lw      s7, 70(s10)
core   0: 3 0x80004444 (0x046d2b83) x23 0xcccdcecf mem 0x80021d14
core   0: 0x80004448 (0xb9b63a93) sltiu   s5, a2, -1125
core   0: 3 0x80004448 (0xb9b63a93) x21 0x00000001
core   0: 0x8000444c (0x41c10e33) sub     t3, sp, t3
core   0: 3 0x8000444c (0x41c10e33) x28 0x8002eae1
core   0: 0x80004450 (0xea5c4313) xori    t1, s8, -347
core   0: 3 0x80004450 (0xea5c4313) x 6 0xffffbae0
core   0: 0x80004454 (0x51ad4583) lbu     a1, 1306(s10)
core   0: 3 0x80004454 (0x51ad4583) x11 0x000000a3 mem 0x800221e8
core   0: 0x80004458 (0x01e89c33) sll     s8, a7, t5
core   0: 3 0x80004458 (0x01e89c33) x24 0x00000000
core   0: 0x8000445c (0xe60d0fa3) sb      zero, -385(s10)
core   0: 3 0x8000445c (0xe60d0fa3) mem 0x80021b4d 0x0
core   0: 0x80004460 (0x41955cb3) sra     s9, a0, s9
core   0: 3 0x80004460 (0x41955cb3) x25 0x00000000
core   0: 0x80004464 (0x00244cb3) xor     s9, s0, sp
core   0: 3 0x80004464 (0x00244cb3) x25 0x8002ece4
core   0: 0x80004468 (0x168d0023) sb      s0, 352(s10)
core   0: 3 0x80004468 (0x168d0023) mem 0x80021e2e 0x0
core   0: 0x8000446c (0x82fd0283) lb      t0, -2001(s10)
core   0: 3 0x8000446c (0x82fd0283) x 5 0xffffffb6 mem 0x800214fd
core   0: 0x80004470 (0xf5ad1783) lh      a5, -166(s10)
core   0: 3 0x80004470 (0xf5ad1783) x15 0xffffe2e3 mem 0x80021c28
core   0: 0x80004474 (0x0005d893) srli    a7, a1, 0
core   0: 3 0x80004474 (0x0005d893) x17 0x000000a3
core   0: 0x80004478 (0x0174d393) srli    t2, s1, 23
core   0: 3 0x80004478 (0x0174d393) x 7 0x00000000
core   0: 0x8000447c (0xd93e8c13) addi    s8, t4, -621
core   0: 3 0x8000447c (0xd93e8c13) x24 0xe000a92c
core   0: 0x80004480 (0x005e4b33) xor     s6, t3, t0
core   0: 3 0x80004480 (0x005e4b33) x22 0x7ffd1557
core   0: 0x80004484 (0x9b1d4f03) lbu     t5, -1615(s10)
core   0: 3 0x80004484 (0x9b1d4f03) x30 0x00000034 mem 0x8002167f
core   0: 0x80004488 (0x40e50ab3) sub     s5, a0, a4
core   0: 3 0x80004488 (0x40e50ab3) x21 0xf6b6b0ee
core   0: 0x8000448c (0x0ff0000f) fence   iorw,iorw
core   0: 3 0x8000448c (0x0ff0000f)
core   0: 0x80004490 (0x170d5b83) lhu     s7, 368(s10)
core   0: 3 0x80004490 (0x170d5b83) x23 0x000073e7 mem 0x80021e3e
core   0: 0x80004494 (0x5d0d09a3) sb      a6, 1491(s10)
core   0: 3 0x80004494 (0x5d0d09a3) mem 0x800222a1 0x8a
core   0: 0x80004498 (0xabdb6e93) ori     t4, s6, -1347
core   0: 3 0x80004498 (0xabdb6e93) x29 0xffffffff
core   0: 0x8000449c (0x332d1283) lh      t0, 818(s10)
core   0: 3 0x8000449c (0x332d1283) x 5 0xffffbabb mem 0x80022000
core   0: 0x800044a0 (0x00b892b3) sll     t0, a7, a1
core   0: 3 0x800044a0 (0x00b892b3) x 5 0x00000518
core   0: 0x800044a4 (0x01e4ca33) xor     s4, s1, t5
core   0: 3 0x800044a4 (0x01e4ca33) x20 0x00000018
core   0: 0x800044a8 (0x945f4813) xori    a6, t5, -1723
core   0: 3 0x800044a8 (0x945f4813) x16 0xfffff971
core   0: 0x800044ac (0x006401b3) add     gp, s0, t1
core   0: 3 0x800044ac (0x006401b3) x 3 0xffffbae0
core   0: 0x800044b0 (0xe300f1b7) lui     gp, 0xe300f
core   0: 3 0x800044b0 (0xe300f1b7) x 3 0xe300f000
core   0: 0x800044b4 (0xf23d4303) lbu     t1, -221(s10)
core   0: 3 0x800044b4 (0xf23d4303) x 6 0x000000aa mem 0x80021bf1
core   0: 0x800044b8 (0x00012197) auipc   gp, 0x12
core   0: 3 0x800044b8 (0x00012197) x 3 0x800164b8
core   0: 0x800044bc (0x91518193) addi    gp, gp, -1771
core   0: 3 0x800044bc (0x91518193) x 3 0x80015dcd
core   0: 0x800044c0 (0xa7118903) lb      s2, -1423(gp)
core   0: 3 0x800044c0 (0xa7118903) x18 0xfffffff5 mem 0x8001583e
core   0: 0x800044c4 (0x84a1c483) lbu     s1, -1974(gp)
core   0: 3 0x800044c4 (0x84a1c483) x 9 0x000000cc mem 0x80015617
core   0: 0x800044c8 (0xec0196a3) sh      zero, -307(gp)
core   0: 3 0x800044c8 (0xec0196a3) mem 0x80015c9a 0x0000
core   0: 0x800044cc (0x0ac18403) lb      s0, 172(gp)
core   0: 3 0x800044cc (0x0ac18403) x 8 0x00000032 mem 0x80015e79
core   0: 0x800044d0 (0x017d9893) slli    a7, s11, 23
core   0: 3 0x800044d0 (0x017d9893) x17 0xe9800000
core   0: 0x800044d4 (0x0000100f) fence.i
core   0: 3 0x800044d4 (0x0000100f)
core   0: 0x800044d8 (0xe001c603) lbu     a2, -512(gp)
core   0: 3 0x800044d8 (0xe001c603) x12 0x00000086 mem 0x80015bcd
core   0: 0x800044dc (0x00c925b3) slt     a1, s2, a2
core   0: 3 0x800044dc (0x00c925b3) x11 0x00000001
core   0: 0x800044e0 (0x63cdae17) auipc   t3, 0x63cda
core   0: 3 0x800044e0 (0x63cdae17) x28 0xe3cde4e0
core   0: 0x800044e4 (0x0051e633) or      a2, gp, t0
core   0: 3 0x800044e4 (0x0051e633) x12 0x80015ddd
core   0: 0x800044e8 (0x8df1a403) lw      s0, -1825(gp)
core   0: 3 0x800044e8 (0x8df1a403) x 8 0x64650067 mem 0x800156ac
core   0: 0x800044ec (0x01575db3) srl     s11, a4, s5
core   0: 3 0x800044ec (0x01575db3) x27 0x00002525
core   0: 0x800044f0 (0x77c8a593) slti    a1, a7, 1916
core   0: 3 0x800044f0 (0x77c8a593) x11 0x00000001
core   0: 0x800044f4 (0x01688cb3) add     s9, a7, s6
core   0: 3 0x800044f4 (0x01688cb3) x25 0x697d1557
core   0: 0x800044f8 (0xcc71cb03) lbu     s6, -825(gp)
core   0: 3 0x800044f8 (0xcc71cb03) x22 0x0000004f mem 0x80015a94
core   0: 0x800044fc (0xd951afa3) sw      s5, -609(gp)
core   0: 3 0x800044fc (0xd951afa3) mem 0x80015b6c 0xf6b6b0ee
core   0: 0x80004500 (0x00a18d83) lb      s11, 10(gp)
core   0: 3 0x80004500 (0x00a18d83) x27 0x00000000 mem 0x80015dd7
core   0: 0x80004504 (0xe711de03) lhu     t3, -399(gp)
core   0: 3 0x80004504 (0xe711de03) x28 0x0000f4f5 mem 0x80015c3e
core   0: 0x80004508 (0x0ff0000f) fence   iorw,iorw
core   0: 3 0x80004508 (0x0ff0000f)
core   0: 0x8000450c (0x0f51d083) lhu     ra, 245(gp)
core   0: 3 0x8000450c (0x0f51d083) x 1 0x00007879 mem 0x80015ec2
core   0: 0x80004510 (0x70266b93) ori     s7, a2, 1794
core   0: 3 0x80004510 (0x70266b93) x23 0x80015fdf
core   0: 0x80004514 (0x00ab1913) slli    s2, s6, 10
core   0: 3 0x80004514 (0x00ab1913) x18 0x00013c00
core   0: 0x80004518 (0xb4c1cf83) lbu     t6, -1204(gp)
core   0: 3 0x80004518 (0xb4c1cf83) x31 0x000000d2 mem 0x80015919
core   0: 0x8000451c (0xad71df83) lhu     t6, -1321(gp)
core   0: 3 0x8000451c (0xad71df83) x31 0x00005e5f mem 0x800158a4
core   0: 0x80004520 (0xd661c383) lbu     t2, -666(gp)
core   0: 3 0x80004520 (0xd661c383) x 7 0x000000e8 mem 0x80015b33
core   0: 0x80004524 (0x00719c33) sll     s8, gp, t2
core   0: 3 0x80004524 (0x00719c33) x24 0x015dcd00
core   0: 0x80004528 (0x01b078b3) and     a7, zero, s11
core   0: 3 0x80004528 (0x01b078b3) x17 0x00000000
core   0: 0x8000452c (0x40425bb3) sra     s7, tp, tp
core   0: 3 0x8000452c (0x40425bb3) x23 0x00000000
core   0: 0x80004530 (0x009a1a13) slli    s4, s4, 9
core   0: 3 0x80004530 (0x009a1a13) x20 0x00003000
core   0: 0x80004534 (0xc9a1ca83) lbu     s5, -870(gp)
core   0: 3 0x80004534 (0xc9a1ca83) x21 0x0000001c mem 0x80015a67
core   0: 0x80004538 (0x0074d4b3) srl     s1, s1, t2
core   0: 3 0x80004538 (0x0074d4b3) x 9 0x00000000
core   0: 0x8000453c (0xf781c883) lbu     a7, -136(gp)
core   0: 3 0x8000453c (0xf781c883) x17 0x000000fe mem 0x80015d45
core   0: 0x80004540 (0x0ff0000f) fence   iorw,iorw
core   0: 3 0x80004540 (0x0ff0000f)
core   0: 0x80004544 (0xa0618723) sb      t1, -1522(gp)
core   0: 3 0x80004544 (0xa0618723) mem 0x800157db 0xaa
core   0: 0x80004548 (0x14718ea3) sb      t2, 349(gp)
core   0: 3 0x80004548 (0x14718ea3) mem 0x80015f2a 0xe8
core   0: 0x8000454c (0x401ad313) srai    t1, s5, 1
core   0: 3 0x8000454c (0x401ad313) x 6 0x0000000e
core   0: 0x80004550 (0x00000013) nop
core   0: 3 0x80004550 (0x00000013)
core   0: 0x80004554 (0xa031db03) lhu     s6, -1533(gp)
core   0: 3 0x80004554 (0xa031db03) x22 0x00008a8b mem 0x800157d0
core   0: 0x80004558 (0x00011c17) auipc   s8, 0x11
core   0: 3 0x80004558 (0x00011c17) x24 0x80015558
core   0: 0x8000455c (0x38ac0c13) addi    s8, s8, 906
core   0: 3 0x8000455c (0x38ac0c13) x24 0x800158e2
core   0: 0x80004560 (0xffcc5903) lhu     s2, -4(s8)
core   0: 3 0x80004560 (0xffcc5903) x18 0x00009495 mem 0x800158de
core   0: 0x80004564 (0xfedc1e23) sh      a3, -4(s8)
core   0: 3 0x80004564 (0xfedc1e23) mem 0x800158de 0x0000
core   0: 0x80004568 (0xfe2c0e23) sb      sp, -4(s8)
core   0: 3 0x80004568 (0xfe2c0e23) mem 0x800158de 0xe4
core   0: 0x8000456c (0x0126db13) srli    s6, a3, 18
core   0: 3 0x8000456c (0x0126db13) x22 0x00002000
core   0: 0x80004570 (0xff8c0e23) sb      s8, -4(s8)
core   0: 3 0x80004570 (0xff8c0e23) mem 0x800158de 0xe2
core   0: 0x80004574 (0xff8c0e23) sb      s8, -4(s8)
core   0: 3 0x80004574 (0xff8c0e23) mem 0x800158de 0xe2
core   0: 0x80004578 (0x0044a0b3) slt     ra, s1, tp
core   0: 3 0x80004578 (0x0044a0b3) x 1 0x00000000
core   0: 0x8000457c (0x82ce4d13) xori    s10, t3, -2004
core   0: 3 0x8000457c (0x82ce4d13) x26 0xffff0cd9
core   0: 0x80004580 (0x1dda8e93) addi    t4, s5, 477
core   0: 3 0x80004580 (0x1dda8e93) x29 0x000001f9
core   0: 0x80004584 (0x0000100f) fence.i
core   0: 3 0x80004584 (0x0000100f)
core   0: 0x80004588 (0xffcc1b83) lh      s7, -4(s8)
core   0: 3 0x80004588 (0xffcc1b83) x23 0x000000e2 mem 0x800158de
core   0: 0x8000458c (0xffcc1903) lh      s2, -4(s8)
core   0: 3 0x8000458c (0xffcc1903) x18 0x000000e2 mem 0x800158de
core   0: 0x80004590 (0xffcc4b83) lbu     s7, -4(s8)
core   0: 3 0x80004590 (0xffcc4b83) x23 0x000000e2 mem 0x800158de
core   0: 0x80004594 (0xff4c0e23) sb      s4, -4(s8)
core   0: 3 0x80004594 (0xff4c0e23) mem 0x800158de 0x0
core   0: 0x80004598 (0xffcc4503) lbu     a0, -4(s8)
core   0: 3 0x80004598 (0xffcc4503) x10 0x00000000 mem 0x800158de
core   0: 0x8000459c (0xffcc0f83) lb      t6, -4(s8)
core   0: 3 0x8000459c (0xffcc0f83) x31 0x00000000 mem 0x800158de
core   0: 0x800045a0 (0xffcc4383) lbu     t2, -4(s8)
core   0: 3 0x800045a0 (0xffcc4383) x 7 0x00000000 mem 0x800158de
core   0: 0x800045a4 (0xff9c1e23) sh      s9, -4(s8)
core   0: 3 0x800045a4 (0xff9c1e23) mem 0x800158de 0x1557
core   0: 0x800045a8 (0xff5c1e23) sh      s5, -4(s8)
core   0: 3 0x800045a8 (0xff5c1e23) mem 0x800158de 0x001c
core   0: 0x800045ac (0xfebc1e23) sh      a1, -4(s8)
core   0: 3 0x800045ac (0xfebc1e23) mem 0x800158de 0x0001
core   0: 0x800045b0 (0xffcc1903) lh      s2, -4(s8)
core   0: 3 0x800045b0 (0xffcc1903) x18 0x00000001 mem 0x800158de
core   0: 0x800045b4 (0x00000013) nop
core   0: 3 0x800045b4 (0x00000013)
core   0: 0x800045b8 (0xffcc0183) lb      gp, -4(s8)
core   0: 3 0x800045b8 (0xffcc0183) x 3 0x00000001 mem 0x800158de
core   0: 0x800045bc (0x01db8d33) add     s10, s7, t4
core   0: 3 0x800045bc (0x01db8d33) x26 0x000002db
core   0: 0x800045c0 (0xfe9c1e23) sh      s1, -4(s8)
core   0: 3 0x800045c0 (0xfe9c1e23) mem 0x800158de 0x0000
core   0: 0x800045c4 (0xffcc4603) lbu     a2, -4(s8)
core   0: 3 0x800045c4 (0xffcc4603) x12 0x00000000 mem 0x800158de
core   0: 0x800045c8 (0x00011917) auipc   s2, 0x11
core   0: 3 0x800045c8 (0x00011917) x18 0x800155c8
core   0: 0x800045cc (0x22190913) addi    s2, s2, 545
core   0: 3 0x800045cc (0x22190913) x18 0x800157e9
core   0: 0x800045d0 (0x00e53633) sltu    a2, a0, a4
core   0: 3 0x800045d0 (0x00e53633) x12 0x00000001
core   0: 0x800045d4 (0x010d4633) xor     a2, s10, a6
core   0: 3 0x800045d4 (0x010d4633) x12 0xfffffbaa
core   0: 0x800045d8 (0xbfc94483) lbu     s1, -1028(s2)
core   0: 3 0x800045d8 (0xbfc94483) x 9 0x0000009e mem 0x800153e5
core   0: 0x800045dc (0xe650ff13) andi    t5, ra, -411
core   0: 3 0x800045dc (0xe650ff13) x30 0x00000000
core   0: 0x800045e0 (0x0b9912a3) sh      s9, 165(s2)
core   0: 3 0x800045e0 (0x0b9912a3) mem 0x8001588e 0x1557
core   0: 0x800045e4 (0x79b90303) lb      t1, 1947(s2)
core   0: 3 0x800045e4 (0x79b90303) x 6 0x0000003f mem 0x80015f84
core   0: 0x800045e8 (0xf0f91b03) lh      s6, -241(s2)
core   0: 3 0x800045e8 (0xf0f91b03) x22 0xffffb2ff mem 0x800156f8
core   0: 0x800045ec (0x6c667a13) andi    s4, a2, 1734
core   0: 3 0x800045ec (0x6c667a13) x20 0x00000282
core   0: 0x800045f0 (0x2fd90583) lb      a1, 765(s2)
core   0: 3 0x800045f0 (0x2fd90583) x11 0xffffff9d mem 0x80015ae6
core   0: 0x800045f4 (0xd3f88b13) addi    s6, a7, -705
core   0: 3 0x800045f4 (0xd3f88b13) x22 0xfffffe3d
core   0: 0x800045f8 (0x3ba90523) sb      s10, 938(s2)
core   0: 3 0x800045f8 (0x3ba90523) mem 0x80015b93 0xdb
core   0: 0x800045fc (0x0000100f) fence.i
core   0: 3 0x800045fc (0x0000100f)
core   0: 0x80004600 (0x00000013) nop
core   0: 3 0x80004600 (0x00000013)
core   0: 0x80004604 (0x0f694a83) lbu     s5, 246(s2)
core   0: 3 0x80004604 (0x0f694a83) x21 0x00000000 mem 0x800158df
core   0: 0x80004608 (0xe58919a3) sh      s8, -429(s2)
core   0: 3 0x80004608 (0xe58919a3) mem 0x8001563c 0x58e2
core   0: 0x8000460c (0x0052f1b3) and     gp, t0, t0
core   0: 3 0x8000460c (0x0052f1b3) x 3 0x00000518
core   0: 0x80004610 (0x004d25b3) slt     a1, s10, tp
core   0: 3 0x80004610 (0x004d25b3) x11 0x00000000
core   0: 0x80004614 (0x1f290703) lb      a4, 498(s2)
core   0: 3 0x80004614 (0x1f290703) x14 0xffffff90 mem 0x800159db
core   0: 0x80004618 (0x852d0713) addi    a4, s10, -1966
core   0: 3 0x80004618 (0x852d0713) x14 0xfffffb2d
core   0: 0x8000461c (0x41a5dcb3) sra     s9, a1, s10
core   0: 3 0x8000461c (0x41a5dcb3) x25 0x00000000
core   0: 0x80004620 (0x18f927a3) sw      a5, 399(s2)
core   0: 3 0x80004620 (0x18f927a3) mem 0x80015978 0xffffe2e3
core   0: 0x80004624 (0x0ff0000f) fence   iorw,iorw
core   0: 3 0x80004624 (0x0ff0000f)
core   0: 0x80004628 (0x17a3bb13) sltiu   s6, t2, 378
core   0: 3 0x80004628 (0x17a3bb13) x22 0x00000001
core   0: 0x8000462c (0x6a490783) lb      a5, 1700(s2)
core   0: 3 0x8000462c (0x6a490783) x15 0x00000046 mem 0x80015e8d
core   0: 0x80004630 (0xeec94603) lbu     a2, -276(s2)
core   0: 3 0x80004630 (0xeec94603) x12 0x0000008e mem 0x800156d5
core   0: 0x80004634 (0x0000100f) fence.i
core   0: 3 0x80004634 (0x0000100f)
core   0: 0x80004638 (0x00000013) nop
core   0: 3 0x80004638 (0x00000013)
core   0: 0x8000463c (0x9dd90523) sb      t4, -1590(s2)
core   0: 3 0x8000463c (0x9dd90523) mem 0x800151b3 0xf9
core   0: 0x80004640 (0x98a90583) lb      a1, -1654(s2)
core   0: 3 0x80004640 (0x98a90583) x11 0x00000000 mem 0x80015173
core   0: 0x80004644 (0x8d573b17) auipc   s6, 0x8d573
core   0: 3 0x80004644 (0x8d573b17) x22 0x0d577644
core   0: 0x80004648 (0x41c55b93) srai    s7, a0, 28
core   0: 3 0x80004648 (0x41c55b93) x23 0x00000000
core   0: 0x8000464c (0x3a04d337) lui     t1, 0x3a04d
core   0: 3 0x8000464c (0x3a04d337) x 6 0x3a04d000
core   0: 0x80004650 (0x8ca94003) lbu     zero, -1846(s2)
core   0: 3 0x80004650 (0x8ca94003) mem 0x800150b3
core   0: 0x80004654 (0x00b627b3) slt     a5, a2, a1
core   0: 3 0x80004654 (0x00b627b3) x15 0x00000000
core   0: 0x80004658 (0x43690083) lb      ra, 1078(s2)
core   0: 3 0x80004658 (0x43690083) x 1 0x00000000 mem 0x80015c1f
core   0: 0x8000465c (0xb1b95783) lhu     a5, -1253(s2)
core   0: 3 0x8000465c (0xb1b95783) x15 0x000000bf mem 0x80015304
core   0: 0x80004660 (0xb4f95a03) lhu     s4, -1201(s2)
core   0: 3 0x80004660 (0xb4f95a03) x20 0x0000f2f3 mem 0x80015338
core   0: 0x80004664 (0xb1594183) lbu     gp, -1259(s2)
core   0: 3 0x80004664 (0xb1594183) x 3 0x000000b5 mem 0x800152fe
core   0: 0x80004668 (0x39f5dd17) auipc   s10, 0x39f5d
core   0: 3 0x80004668 (0x39f5dd17) x26 0xb9f61668
core   0: 0x8000466c (0x011a21b3) slt     gp, s4, a7
core   0: 3 0x8000466c (0x011a21b3) x 3 0x00000000
core   0: 0x80004670 (0x40295613) srai    a2, s2, 2
core   0: 3 0x80004670 (0x40295613) x12 0xe00055fa
core   0: 0x80004674 (0x92680713) addi    a4, a6, -1754
core   0: 3 0x80004674 (0x92680713) x14 0xfffff297
core   0: 0x80004678 (0x00431c33) sll     s8, t1, tp
core   0: 3 0x80004678 (0x00431c33) x24 0x3a04d000
core   0: 0x8000467c (0x7dd95d83) lhu     s11, 2013(s2)
core   0: 3 0x8000467c (0x7dd95d83) x27 0x00007c85 mem 0x80015fc6
core   0: 0x80004680 (0x4ee90b23) sb      a4, 1270(s2)
core   0: 3 0x80004680 (0x4ee90b23) mem 0x80015cdf 0x97
core   0: 0x80004684 (0x861909a3) sb      ra, -1933(s2)
core   0: 3 0x80004684 (0x861909a3) mem 0x8001505c 0x0
core   0: 0x80004688 (0xd7390323) sb      s3, -666(s2)
core   0: 3 0x80004688 (0xd7390323) mem 0x8001554f 0x64
core   0: 0x8000468c (0x01ace8b3) or      a7, s9, s10
core   0: 3 0x8000468c (0x01ace8b3) x17 0xb9f61668
core   0: 0x80004690 (0x0e890603) lb      a2, 232(s2)
core   0: 3 0x80004690 (0x0e890603) x12 0xffffff8a mem 0x800158d1
core   0: 0x80004694 (0x00011397) auipc   t2, 0x11
core   0: 3 0x80004694 (0x00011397) x 7 0x80015694
core   0: 0x80004698 (0xc9b38393) addi    t2, t2, -869
core   0: 3 0x80004698 (0xc9b38393) x 7 0x8001532f
core   0: 0x8000469c (0x51638c03) lb      s8, 1302(t2)
core   0: 3 0x8000469c (0x51638c03) x24 0x00000000 mem 0x80015845
core   0: 0x800046a0 (0xb469b937) lui     s2, 0xb469b
core   0: 3 0x800046a0 (0xb469b937) x18 0xb469b000
core   0: 0x800046a4 (0x51238b23) sb      s2, 1302(t2)
core   0: 3 0x800046a4 (0x51238b23) mem 0x80015845 0x0
core   0: 0x800046a8 (0x51f38b23) sb      t6, 1302(t2)
core   0: 3 0x800046a8 (0x51f38b23) mem 0x80015845 0x0
core   0: 0x800046ac (0x00271e93) slli    t4, a4, 2
core   0: 3 0x800046ac (0x00271e93) x29 0xffffca5c
core   0: 0x800046b0 (0x51638783) lb      a5, 1302(t2)
core   0: 3 0x800046b0 (0x51638783) x15 0x00000000 mem 0x80015845
core   0: 0x800046b4 (0x5163c203) lbu     tp, 1302(t2)
core   0: 3 0x800046b4 (0x5163c203) x 4 0x00000000 mem 0x80015845
core   0: 0x800046b8 (0x5163ce03) lbu     t3, 1302(t2)
core   0: 3 0x800046b8 (0x5163ce03) x28 0x00000000 mem 0x80015845
core   0: 0x800046bc (0x5163ce83) lbu     t4, 1302(t2)
core   0: 3 0x800046bc (0x5163ce83) x29 0x00000000 mem 0x80015845
core   0: 0x800046c0 (0x51638603) lb      a2, 1302(t2)
core   0: 3 0x800046c0 (0x51638603) x12 0x00000000 mem 0x80015845
core   0: 0x800046c4 (0x50c38b23) sb      a2, 1302(t2)
core   0: 3 0x800046c4 (0x50c38b23) mem 0x80015845 0x0
core   0: 0x800046c8 (0x51a38b23) sb      s10, 1302(t2)
core   0: 3 0x800046c8 (0x51a38b23) mem 0x80015845 0x68
core   0: 0x800046cc (0x1d33d483) lhu     s1, 467(t2)
core   0: 3 0x800046cc (0x1d33d483) x 9 0x0000b8b9 mem 0x80015502
core   0: 0x800046d0 (0x1d2389a3) sb      s2, 467(t2)
core   0: 3 0x800046d0 (0x1d2389a3) mem 0x80015502 0x0
core   0: 0x800046d4 (0x002725b3) slt     a1, a4, sp
core   0: 3 0x800046d4 (0x002725b3) x11 0x00000000
core   0: 0x800046d8 (0x1d33d183) lhu     gp, 467(t2)
core   0: 3 0x800046d8 (0x1d33d183) x 3 0x0000b800 mem 0x80015502
core   0: 0x800046dc (0x1d33db83) lhu     s7, 467(t2)
core   0: 3 0x800046dc (0x1d33db83) x23 0x0000b800 mem 0x80015502
core   0: 0x800046e0 (0x1dc389a3) sb      t3, 467(t2)
core   0: 3 0x800046e0 (0x1dc389a3) mem 0x80015502 0x0
core   0: 0x800046e4 (0x40955593) srai    a1, a0, 9
core   0: 3 0x800046e4 (0x40955593) x11 0x00000000
core   0: 0x800046e8 (0x1d338483) lb      s1, 467(t2)
core   0: 3 0x800046e8 (0x1d338483) x 9 0x00000000 mem 0x80015502
core   0: 0x800046ec (0x1d338583) lb      a1, 467(t2)
core   0: 3 0x800046ec (0x1d338583) x11 0x00000000 mem 0x80015502
core   0: 0x800046f0 (0x1d4389a3) sb      s4, 467(t2)
core   0: 3 0x800046f0 (0x1d4389a3) mem 0x80015502 0xf3
core   0: 0x800046f4 (0x1d338603) lb      a2, 467(t2)
core   0: 3 0x800046f4 (0x1d338603) x12 0xfffffff3 mem 0x80015502
core   0: 0x800046f8 (0x1dc399a3) sh      t3, 467(t2)
core   0: 3 0x800046f8 (0x1dc399a3) mem 0x80015502 0x0000
core   0: 0x800046fc (0x00011a97) auipc   s5, 0x11
core   0: 3 0x800046fc (0x00011a97) x21 0x800156fc
core   0: 0x80004700 (0x151a8a93) addi    s5, s5, 337
core   0: 3 0x80004700 (0x151a8a93) x21 0x8001584d
core   0: 0x80004704 (0x52852813) slti    a6, a0, 1320
core   0: 3 0x80004704 (0x52852813) x16 0x00000001
core   0: 0x80004708 (0x4115d613) srai    a2, a1, 17
core   0: 3 0x80004708 (0x4115d613) x12 0x00000000
core   0: 0x8000470c (0xfbfaa183) lw      gp, -65(s5)
core   0: 3 0x8000470c (0xfbfaa183) x 3 0xc4c5c6c7 mem 0x8001580c
core   0: 0x80004710 (0x01b31a13) slli    s4, t1, 27
core   0: 3 0x80004710 (0x01b31a13) x20 0x00000000
core   0: 0x80004714 (0x10aa8023) sb      a0, 256(s5)
core   0: 3 0x80004714 (0x10aa8023) mem 0x8001594d 0x0
core   0: 0x80004718 (0x55012b13) slti    s6, sp, 1360
core   0: 3 0x80004718 (0x55012b13) x22 0x00000001
core   0: 0x8000471c (0xfc3acf03) lbu     t5, -61(s5)
core   0: 3 0x8000471c (0xfc3acf03) x30 0x000000cb mem 0x80015810
core   0: 0x80004720 (0x0b2a8b83) lb      s7, 178(s5)
core   0: 3 0x80004720 (0x0b2a8b83) x23 0xffffffb4 mem 0x800158ff
core   0: 0x80004724 (0x652f2793) slti    a5, t5, 1618
core   0: 3 0x80004724 (0x652f2793) x15 0x00000001
core   0: 0x80004728 (0x070a8403) lb      s0, 112(s5)
core   0: 3 0x80004728 (0x070a8403) x 8 0x00000076 mem 0x800158bd
core   0: 0x8000472c (0x00a090b3) sll     ra, ra, a0
core   0: 3 0x8000472c (0x00a090b3) x 1 0x00000000
core   0: 0x80004730 (0x068ac183) lbu     gp, 104(s5)
core   0: 3 0x80004730 (0x068ac183) x 3 0x000000ff mem 0x800158b5
core   0: 0x80004734 (0xf36a8a03) lb      s4, -202(s5)
core   0: 3 0x80004734 (0xf36a8a03) x20 0x00000038 mem 0x80015783
core   0: 0x80004738 (0xfd2a8f03) lb      t5, -46(s5)
core   0: 3 0x80004738 (0xfd2a8f03) x30 0xffffffd4 mem 0x8001581f
core   0: 0x8000473c (0xf07aab83) lw      s7, -249(s5)
core   0: 3 0x8000473c (0xf07aab83) x23 0x0c0d0e0f mem 0x80015754
core   0: 0x80004740 (0x0ebad283) lhu     t0, 235(s5)
core   0: 3 0x80004740 (0x0ebad283) x 5 0x0000f2f3 mem 0x80015938
core   0: 0x80004744 (0xbff32e13) slti    t3, t1, -1025
core   0: 3 0x80004744 (0xbff32e13) x28 0x00000000
core   0: 0x80004748 (0xfb2ac603) lbu     a2, -78(s5)
core   0: 3 0x80004748 (0xfb2ac603) x12 0x000000b4 mem 0x800157ff
core   0: 0x8000474c (0x0b5a9c03) lh      s8, 181(s5)
core   0: 3 0x8000474c (0x0b5a9c03) x24 0xffffb8b9 mem 0x80015902
core   0: 0x80004750 (0x078a95a3) sh      s8, 107(s5)
core   0: 3 0x80004750 (0x078a95a3) mem 0x800158b8 0xb8b9
core   0: 0x80004754 (0xf85a8883) lb      a7, -123(s5)
core   0: 3 0x80004754 (0xf85a8883) x17 0xffffff89 mem 0x800157d2
core   0: 0x80004758 (0x72056813) ori     a6, a0, 1824
core   0: 3 0x80004758 (0x72056813) x16 0x00000720
core   0: 0x8000475c (0xf1ca8903) lb      s2, -228(s5)
core   0: 3 0x8000475c (0xf1ca8903) x18 0x00000022 mem 0x80015769
core   0: 0x80004760 (0x051a8023) sb      a7, 64(s5)
core   0: 3 0x80004760 (0x051a8023) mem 0x8001588d 0x89
core   0: 0x80004764 (0x00f69b93) slli    s7, a3, 15
core   0: 3 0x80004764 (0x00f69b93) x23 0x00000000
core   0: 0x80004768 (0xff3aa803) lw      a6, -13(s5)
core   0: 3 0x80004768 (0xff3aa803) x16 0xf8f9fafb mem 0x80015840
core   0: 0x8000476c (0x25e6f793) andi    a5, a3, 606
core   0: 3 0x8000476c (0x25e6f793) x15 0x00000000
core   0: 0x80004770 (0x41830eb3) sub     t4, t1, s8
core   0: 3 0x80004770 (0x41830eb3) x29 0x3a051747
core   0: 0x80004774 (0x0cba80a3) sb      a1, 193(s5)
core   0: 3 0x80004774 (0x0cba80a3) mem 0x8001590e 0x0
core   0: 0x80004778 (0x01f3d213) srli    tp, t2, 31
core   0: 3 0x80004778 (0x01f3d213) x 4 0x00000001
core   0: 0x8000477c (0xf71ad803) lhu     a6, -143(s5)
core   0: 3 0x8000477c (0xf71ad803) x16 0x00007475 mem 0x800157be
core   0: 0x80004780 (0xfa4acd03) lbu     s10, -92(s5)
core   0: 3 0x80004780 (0xfa4acd03) x26 0x00000000 mem 0x800157f1
core   0: 0x80004784 (0x00015317) auipc   t1, 0x15
core   0: 3 0x80004784 (0x00015317) x 6 0x80019784
core   0: 0x80004788 (0xc0130313) addi    t1, t1, -1023
core   0: 3 0x80004788 (0xc0130313) x 6 0x80019385
core   0: 0x8000478c (0x0117d413) srli    s0, a5, 17
core   0: 3 0x8000478c (0x0117d413) x 8 0x00000000
core   0: 0x80004790 (0x0196d093) srli    ra, a3, 25
core   0: 3 0x80004790 (0x0196d093) x 1 0x00000040
core   0: 0x80004794 (0xb32597b7) lui     a5, 0xb3259
core   0: 3 0x80004794 (0xb32597b7) x15 0xb3259000
core   0: 0x80004798 (0xfcd35b03) lhu     s6, -51(t1)
core   0: 3 0x80004798 (0xfcd35b03) x22 0x00000809 mem 0x80019352
core   0: 0x8000479c (0xfdf31583) lh      a1, -33(t1)
core   0: 3 0x8000479c (0xfdf31583) x11 0x00001e1f mem 0x80019364
core   0: 0x800047a0 (0x41ad54b3) sra     s1, s10, s10
core   0: 3 0x800047a0 (0x41ad54b3) x 9 0x00000000
core   0: 0x800047a4 (0x00530b83) lb      s7, 5(t1)
core   0: 3 0x800047a4 (0x00530b83) x23 0x00000041 mem 0x8001938a
core   0: 0x800047a8 (0x63ea0a93) addi    s5, s4, 1598
core   0: 3 0x800047a8 (0x63ea0a93) x21 0x00000676
core   0: 0x800047ac (0x4962f813) andi    a6, t0, 1174
core   0: 3 0x800047ac (0x4962f813) x16 0x00000092
core   0: 0x800047b0 (0xfca30483) lb      s1, -54(t1)
core   0: 3 0x800047b0 (0xfca30483) x 9 0x00000004 mem 0x8001934f
core   0: 0x800047b4 (0xfef32803) lw      a6, -17(t1)
core   0: 3 0x800047b4 (0xfef32803) x16 0x2c2d2e2f mem 0x80019374
core   0: 0x800047b8 (0x00785d13) srli    s10, a6, 7
core   0: 3 0x800047b8 (0x00785d13) x26 0x00585a5c
core   0: 0x800047bc (0x41f755b3) sra     a1, a4, t6
core   0: 3 0x800047bc (0x41f755b3) x11 0xfffff297
core   0: 0x800047c0 (0x008f9593) slli    a1, t6, 8
core   0: 3 0x800047c0 (0x008f9593) x11 0x00000000
core   0: 0x800047c4 (0x00000013) nop
core   0: 3 0x800047c4 (0x00000013)
core   0: 0x800047c8 (0x0000100f) fence.i
core   0: 3 0x800047c8 (0x0000100f)
core   0: 0x800047cc (0x02c30903) lb      s2, 44(t1)
core   0: 3 0x800047cc (0x02c30903) x18 0x0000006a mem 0x800193b1
core   0: 0x800047d0 (0xff234903) lbu     s2, -14(t1)
core   0: 3 0x800047d0 (0xff234903) x18 0x0000002c mem 0x80019377
core   0: 0x800047d4 (0x011f5e13) srli    t3, t5, 17
core   0: 3 0x800047d4 (0x011f5e13) x28 0x00007fff
core   0: 0x800047d8 (0xfcf31b03) lh      s6, -49(t1)
core   0: 3 0x800047d8 (0xfcf31b03) x22 0x00000e0f mem 0x80019354
core   0: 0x800047dc (0xe81fa193) slti    gp, t6, -383
core   0: 3 0x800047dc (0xe81fa193) x 3 0x00000000
core   0: 0x800047e0 (0x400f8533) sub     a0, t6, zero
core   0: 3 0x800047e0 (0x400f8533) x10 0x00000000
core   0: 0x800047e4 (0x00dc7cb3) and     s9, s8, a3
core   0: 3 0x800047e4 (0x00dc7cb3) x25 0x80000000
core   0: 0x800047e8 (0xfc230423) sb      sp, -56(t1)
core   0: 3 0x800047e8 (0xfc230423) mem 0x8001934d 0xe4
core   0: 0x800047ec (0x40cbd2b3) sra     t0, s7, a2
core   0: 3 0x800047ec (0x40cbd2b3) x 5 0x00000000
core   0: 0x800047f0 (0x41efdd33) sra     s10, t6, t5
core   0: 3 0x800047f0 (0x41efdd33) x26 0x00000000
core   0: 0x800047f4 (0x01230023) sb      s2, 0(t1)
core   0: 3 0x800047f4 (0x01230023) mem 0x80019385 0x2c
core   0: 0x800047f8 (0x01aeadb3) slt     s11, t4, s10
core   0: 3 0x800047f8 (0x01aeadb3) x27 0x00000000
core   0: 0x800047fc (0xcb67bf13) sltiu   t5, a5, -842
core   0: 3 0x800047fc (0xcb67bf13) x30 0x00000001
core   0: 0x80004800 (0x01580433) add     s0, a6, s5
core   0: 3 0x80004800 (0x01580433) x 8 0x2c2d34a5
core   0: 0x80004804 (0x0000100f) fence.i
core   0: 3 0x80004804 (0x0000100f)
core   0: 0x80004808 (0xffb305a3) sb      s11, -21(t1)
core   0: 3 0x80004808 (0xffb305a3) mem 0x80019370 0x0
core   0: 0x8000480c (0x32198c93) addi    s9, s3, 801
core   0: 3 0x8000480c (0x32198c93) x25 0x8002b185
core   0: 0x80004810 (0xfc230223) sb      sp, -60(t1)
core   0: 3 0x80004810 (0xfc230223) mem 0x80019349 0xe4
core   0: 0x80004814 (0x17e77b13) andi    s6, a4, 382
core   0: 3 0x80004814 (0x17e77b13) x22 0x00000016
core   0: 0x80004818 (0x01db6c33) or      s8, s6, t4
core   0: 3 0x80004818 (0x01db6c33) x24 0x3a051757
core   0: 0x8000481c (0x00582633) slt     a2, a6, t0
core   0: 3 0x8000481c (0x00582633) x12 0x00000000
core   0: 0x80004820 (0x0ff0000f) fence   iorw,iorw
core   0: 3 0x80004820 (0x0ff0000f)
core   0: 0x80004824 (0x00630a03) lb      s4, 6(t1)
core   0: 3 0x80004824 (0x00630a03) x20 0x00000040 mem 0x8001938b
core   0: 0x80004828 (0x02630783) lb      a5, 38(t1)
core   0: 3 0x80004828 (0x02630783) x15 0x00000060 mem 0x800193ab
core   0: 0x8000482c (0x00011e97) auipc   t4, 0x11
core   0: 3 0x8000482c (0x00011e97) x29 0x8001582c
core   0: 0x80004830 (0xbbce8e93) addi    t4, t4, -1092
core   0: 3 0x80004830 (0xbbce8e93) x29 0x800153e8
core   0: 0x80004834 (0xcd0e8403) lb      s0, -816(t4)
core   0: 3 0x80004834 (0xcd0e8403) x 8 0x00000073 mem 0x800150b8
core   0: 0x80004838 (0x0001e817) auipc   a6, 0x1e
core   0: 3 0x80004838 (0x0001e817) x16 0x80022838
core   0: 0x8000483c (0x32c80813) addi    a6, a6, 812
core   0: 3 0x8000483c (0x32c80813) x16 0x80022b64
core   0: 0x80004840 (0x5f3e9823) sh      s3, 1520(t4)
core   0: 3 0x80004840 (0x5f3e9823) mem 0x800159d8 0xae64
core   0: 0x80004844 (0x8a280923) sb      sp, -1870(a6)
core   0: 3 0x80004844 (0x8a280923) mem 0x80022416 0xe4
core   0: 0x80004848 (0x246edf83) lhu     t6, 582(t4)
core   0: 3 0x80004848 (0x246edf83) x31 0x0000e4e5 mem 0x8001562e
core   0: 0x8000484c (0x154e8ca3) sb      s4, 345(t4)
core   0: 3 0x8000484c (0x154e8ca3) mem 0x80015541 0x40
core   0: 0x80004850 (0x33584e03) lbu     t3, 821(a6)
core   0: 3 0x80004850 (0x33584e03) x28 0x00000052 mem 0x80022e99
core   0: 0x80004854 (0x62ce8b03) lb      s6, 1580(t4)
core   0: 3 0x80004854 (0x62ce8b03) x22 0xffffffcf mem 0x80015a14
core   0: 0x80004858 (0xccc82e03) lw      t3, -820(a6)
core   0: 3 0x80004858 (0xccc82e03) x28 0xe8e904eb mem 0x80022830
core   0: 0x8000485c (0x38c80ca3) sb      a2, 921(a6)
core   0: 3 0x8000485c (0x38c80ca3) mem 0x80022efd 0x0
core   0: 0x80004860 (0xf7c800a3) sb      t3, -159(a6)
core   0: 3 0x80004860 (0xf7c800a3) mem 0x80022ac5 0xeb
core   0: 0x80004864 (0x00011a17) auipc   s4, 0x11
core   0: 3 0x80004864 (0x00011a17) x20 0x80015864
core   0: 0x80004868 (0x3c8a0a13) addi    s4, s4, 968
core   0: 3 0x80004868 (0x3c8a0a13) x20 0x80015c2c
core   0: 0x8000486c (0x00aa4383) lbu     t2, 10(s4)
core   0: 3 0x8000486c (0x00aa4383) x 7 0x000000ed mem 0x80015c36
core   0: 0x80004870 (0x001a4e03) lbu     t3, 1(s4)
core   0: 3 0x80004870 (0x001a4e03) x28 0x000000e6 mem 0x80015c2d
core   0: 0x80004874 (0x0000100f) fence.i
core   0: 3 0x80004874 (0x0000100f)
core   0: 0x80004878 (0x0000100f) fence.i
core   0: 3 0x80004878 (0x0000100f)
core   0: 0x8000487c (0xfffa4883) lbu     a7, -1(s4)
core   0: 3 0x8000487c (0xfffa4883) x17 0x000000e0 mem 0x80015c2b
core   0: 0x80004880 (0x85102213) slti    tp, zero, -1967
core   0: 3 0x80004880 (0x85102213) x 4 0x00000000
core   0: 0x80004884 (0x01550fb3) add     t6, a0, s5
core   0: 3 0x80004884 (0x01550fb3) x31 0x00000676
core   0: 0x80004888 (0x01ea0723) sb      t5, 14(s4)
core   0: 3 0x80004888 (0x01ea0723) mem 0x80015c3a 0x1
core   0: 0x8000488c (0xff2a0fa3) sb      s2, -1(s4)
core   0: 3 0x8000488c (0xff2a0fa3) mem 0x80015c2b 0x2c
core   0: 0x80004890 (0x41a1dcb3) sra     s9, gp, s10
core   0: 3 0x80004890 (0x41a1dcb3) x25 0x00000000
core   0: 0x80004894 (0x40835db3) sra     s11, t1, s0
core   0: 3 0x80004894 (0x40835db3) x27 0xfffff000
core   0: 0x80004898 (0x7c717313) andi    t1, sp, 1991
core   0: 3 0x80004898 (0x7c717313) x 6 0x000004c4
core   0: 0x8000489c (0x00ca4c83) lbu     s9, 12(s4)
core   0: 3 0x8000489c (0x00ca4c83) x25 0x000000f3 mem 0x80015c38
core   0: 0x800048a0 (0x00ca0023) sb      a2, 0(s4)
core   0: 3 0x800048a0 (0x00ca0023) mem 0x80015c2c 0x0
core   0: 0x800048a4 (0xffba1c23) sh      s11, -8(s4)
core   0: 3 0x800048a4 (0xffba1c23) mem 0x80015c24 0xf000
core   0: 0x800048a8 (0x001d6613) ori     a2, s10, 1
core   0: 3 0x800048a8 (0x001d6613) x12 0x00000001
core   0: 0x800048ac (0xf3347913) andi    s2, s0, -205
core   0: 3 0x800048ac (0xf3347913) x18 0x00000033
core   0: 0x800048b0 (0xff7a0383) lb      t2, -9(s4)
core   0: 3 0x800048b0 (0xff7a0383) x 7 0xffffffd8 mem 0x80015c23
core   0: 0x800048b4 (0xffaa0d03) lb      s10, -6(s4)
core   0: 3 0x800048b4 (0xffaa0d03) x26 0xffffffdd mem 0x80015c26
core   0: 0x800048b8 (0x00e7adb3) slt     s11, a5, a4
core   0: 3 0x800048b8 (0x00e7adb3) x27 0x00000000
core   0: 0x800048bc (0x007a0503) lb      a0, 7(s4)
core   0: 3 0x800048bc (0x007a0503) x10 0xffffffe8 mem 0x80015c33
core   0: 0x800048c0 (0xff9a0003) lb      zero, -7(s4)
core   0: 3 0x800048c0 (0xff9a0003) mem 0x80015c25
core   0: 0x800048c4 (0x42620e13) addi    t3, tp, 1062
core   0: 3 0x800048c4 (0x42620e13) x28 0x00000426
core   0: 0x800048c8 (0xffaa4c83) lbu     s9, -6(s4)
core   0: 3 0x800048c8 (0xffaa4c83) x25 0x000000dd mem 0x80015c26
core   0: 0x800048cc (0xfe7a09a3) sb      t2, -13(s4)
core   0: 3 0x800048cc (0xfe7a09a3) mem 0x80015c1f 0xd8
core   0: 0x800048d0 (0xff6a0f83) lb      t6, -10(s4)
core   0: 3 0x800048d0 (0xff6a0f83) x31 0xffffffd9 mem 0x80015c22
core   0: 0x800048d4 (0x00ca2803) lw      a6, 12(s4)
core   0: 3 0x800048d4 (0x00ca2803) x16 0xf001f2f3 mem 0x80015c38
core   0: 0x800048d8 (0x701e3893) sltiu   a7, t3, 1793
core   0: 3 0x800048d8 (0x701e3893) x17 0x00000001
core   0: 0x800048dc (0x007a4b03) lbu     s6, 7(s4)
core   0: 3 0x800048dc (0x007a4b03) x22 0x000000e8 mem 0x80015c33
core   0: 0x800048e0 (0x01b29c13) slli    s8, t0, 27
core   0: 3 0x800048e0 (0x01b29c13) x24 0x00000000
core   0: 0x800048e4 (0x001ba333) slt     t1, s7, ra
core   0: 3 0x800048e4 (0x001ba333) x 6 0x00000000
core   0: 0x800048e8 (0x0ff0000f) fence   iorw,iorw
core   0: 3 0x800048e8 (0x0ff0000f)
core   0: 0x800048ec (0x015eb433) sltu    s0, t4, s5
core   0: 3 0x800048ec (0x015eb433) x 8 0x00000000
core   0: 0x800048f0 (0x4ad02193) slti    gp, zero, 1197
core   0: 3 0x800048f0 (0x4ad02193) x 3 0x00000001
core   0: 0x800048f4 (0xc77bed93) ori     s11, s7, -905
core   0: 3 0x800048f4 (0xc77bed93) x27 0xfffffc77
core   0: 0x800048f8 (0x002a9493) slli    s1, s5, 2
core   0: 3 0x800048f8 (0x002a9493) x 9 0x000019d8
core   0: 0x800048fc (0x41c587b3) sub     a5, a1, t3
core   0: 3 0x800048fc (0x41c587b3) x15 0xfffffbda
core   0: 0x80004900 (0x9faa8913) addi    s2, s5, -1542
core   0: 3 0x80004900 (0x9faa8913) x18 0x00000070
core   0: 0x80004904 (0x007257b3) srl     a5, tp, t2
core   0: 3 0x80004904 (0x007257b3) x15 0x00000000
core   0: 0x80004908 (0x006a4703) lbu     a4, 6(s4)
core   0: 3 0x80004908 (0x006a4703) x14 0x000000e9 mem 0x80015c32
core   0: 0x8000490c (0x01258d33) add     s10, a1, s2
core   0: 3 0x8000490c (0x01258d33) x26 0x00000070
core   0: 0x80004910 (0x005a0d83) lb      s11, 5(s4)
core   0: 3 0x80004910 (0x005a0d83) x27 0xffffffea mem 0x80015c31
core   0: 0x80004914 (0x01724db3) xor     s11, tp, s7
core   0: 3 0x80004914 (0x01724db3) x27 0x00000041
core   0: 0x80004918 (0x004a1083) lh      ra, 4(s4)
core   0: 3 0x80004918 (0x004a1083) x 1 0xffffeaeb mem 0x80015c30
core   0: 0x8000491c (0xff0a2c03) lw      s8, -16(s4)
core   0: 3 0x8000491c (0xff0a2c03) x24 0xd8d5d6d7 mem 0x80015c1c
core   0: 0x80004920 (0x622ec593) xori    a1, t4, 1570
core   0: 3 0x80004920 (0x622ec593) x11 0x800155ca
core   0: 0x80004924 (0xff7a4f03) lbu     t5, -9(s4)
core   0: 3 0x80004924 (0xff7a4f03) x30 0x000000d8 mem 0x80015c23
core   0: 0x80004928 (0xe7e01e17) auipc   t3, 0xe7e01
core   0: 3 0x80004928 (0xe7e01e17) x28 0x67e05928
core   0: 0x8000492c (0x76aef513) andi    a0, t4, 1898
core   0: 3 0x8000492c (0x76aef513) x10 0x00000368
core   0: 0x80004930 (0x01f0a633) slt     a2, ra, t6
core   0: 3 0x80004930 (0x01f0a633) x12 0x00000001
core   0: 0x80004934 (0x410b5f93) srai    t6, s6, 16
core   0: 3 0x80004934 (0x410b5f93) x31 0x00000000
core   0: 0x80004938 (0x01786bb3) or      s7, a6, s7
core   0: 3 0x80004938 (0x01786bb3) x23 0xf001f2f3
core   0: 0x8000493c (0x001a01a3) sb      ra, 3(s4)
core   0: 3 0x8000493c (0x001a01a3) mem 0x80015c2f 0xeb
core   0: 0x80004940 (0x00014317) auipc   t1, 0x14
core   0: 3 0x80004940 (0x00014317) x 6 0x80018940
core   0: 0x80004944 (0xa3430313) addi    t1, t1, -1484
core   0: 3 0x80004944 (0xa3430313) x 6 0x80018374
core   0: 0x80004948 (0x011305a3) sb      a7, 11(t1)
core   0: 3 0x80004948 (0x011305a3) mem 0x8001837f 0x1
core   0: 0x8000494c (0xfec30a23) sb      a2, -12(t1)
core   0: 3 0x8000494c (0xfec30a23) mem 0x80018368 0x1
core   0: 0x80004950 (0x00c35883) lhu     a7, 12(t1)
core   0: 3 0x80004950 (0x00c35883) x17 0x00003a3b mem 0x80018380
core   0: 0x80004954 (0xb090ff13) andi    t5, ra, -1271
core   0: 3 0x80004954 (0xb090ff13) x30 0xffffea09
core   0: 0x80004958 (0x0000100f) fence.i
core   0: 3 0x80004958 (0x0000100f)
core   0: 0x8000495c (0x00734283) lbu     t0, 7(t1)
core   0: 3 0x8000495c (0x00734283) x 5 0x00000030 mem 0x8001837b
core   0: 0x80004960 (0x0159fcb3) and     s9, s3, s5
core   0: 3 0x80004960 (0x0159fcb3) x25 0x00000664
core   0: 0x80004964 (0x00235283) lhu     t0, 2(t1)
core   0: 3 0x80004964 (0x00235283) x 5 0x00002c2d mem 0x80018376
core   0: 0x80004968 (0x00000013) nop
core   0: 3 0x80004968 (0x00000013)
core   0: 0x8000496c (0xff834383) lbu     t2, -8(t1)
core   0: 3 0x8000496c (0xff834383) x 7 0x00000027 mem 0x8001836c
core   0: 0x80004970 (0xac923893) sltiu   a7, tp, -1335
core   0: 3 0x80004970 (0xac923893) x17 0x00000001
core   0: 0x80004974 (0x00099093) slli    ra, s3, 0
core   0: 3 0x80004974 (0x00099093) x 1 0x8002ae64
core   0: 0x80004978 (0x41635533) sra     a0, t1, s6
core   0: 3 0x80004978 (0x41635533) x10 0xff800183
core   0: 0x8000497c (0x54efe493) ori     s1, t6, 1358
core   0: 3 0x8000497c (0x54efe493) x 9 0x0000054e
core   0: 0x80004980 (0x4050da33) sra     s4, ra, t0
core   0: 3 0x80004980 (0x4050da33) x20 0xfffc0015
core   0: 0x80004984 (0x006fe033) or      zero, t6, t1
core   0: 3 0x80004984 (0x006fe033)
core   0: 0x80004988 (0x0030dd33) srl     s10, ra, gp
core   0: 3 0x80004988 (0x0030dd33) x26 0x40015732
core   0: 0x8000498c (0x002eda93) srli    s5, t4, 2
core   0: 3 0x8000498c (0x002eda93) x21 0x200054fa
core   0: 0x80004990 (0x011817b3) sll     a5, a6, a7
core   0: 3 0x80004990 (0x011817b3) x15 0xe003e5e6
core   0: 0x80004994 (0xfe730923) sb      t2, -14(t1)
core   0: 3 0x80004994 (0xfe730923) mem 0x80018366 0x27
core   0: 0x80004998 (0x06cb6813) ori     a6, s6, 108
core   0: 3 0x80004998 (0x06cb6813) x16 0x000000ec
core   0: 0x8000499c (0x01651b93) slli    s7, a0, 22
core   0: 3 0x8000499c (0x01651b93) x23 0x60c00000
core   0: 0x800049a0 (0xff531e23) sh      s5, -4(t1)
core   0: 3 0x800049a0 (0xff531e23) mem 0x80018370 0x54fa
core   0: 0x800049a4 (0xff830883) lb      a7, -8(t1)
core   0: 3 0x800049a4 (0xff830883) x17 0x00000027 mem 0x8001836c
core   0: 0x800049a8 (0x00e59593) slli    a1, a1, 14
core   0: 3 0x800049a8 (0x00e59593) x11 0x55728000
core   0: 0x800049ac (0x3b9a7c93) andi    s9, s4, 953
core   0: 3 0x800049ac (0x3b9a7c93) x25 0x00000011
core   0: 0x800049b0 (0x414ad413) srai    s0, s5, 20
core   0: 3 0x800049b0 (0x414ad413) x 8 0x00000200
core   0: 0x800049b4 (0x00c31123) sh      a2, 2(t1)
core   0: 3 0x800049b4 (0x00c31123) mem 0x80018376 0x0001
core   0: 0x800049b8 (0x00d34883) lbu     a7, 13(t1)
core   0: 3 0x800049b8 (0x00d34883) x17 0x0000003a mem 0x80018381
core   0: 0x800049bc (0xfe332a23) sw      gp, -12(t1)
core   0: 3 0x800049bc (0xfe332a23) mem 0x80018368 0x00000001
core   0: 0x800049c0 (0x40b2d833) sra     a6, t0, a1
core   0: 3 0x800049c0 (0x40b2d833) x16 0x00002c2d
core   0: 0x800049c4 (0x00720a33) add     s4, tp, t2
core   0: 3 0x800049c4 (0x00720a33) x20 0x00000027
core   0: 0x800049c8 (0xfed31b23) sh      a3, -10(t1)
core   0: 3 0x800049c8 (0xfed31b23) mem 0x8001836a 0x0000
core   0: 0x800049cc (0x01c684b3) add     s1, a3, t3
core   0: 3 0x800049cc (0x01c684b3) x 9 0xe7e05928
core   0: 0x800049d0 (0xffe35e83) lhu     t4, -2(t1)
core   0: 3 0x800049d0 (0xffe35e83) x29 0x00002829 mem 0x80018372
core   0: 0x800049d4 (0xff830703) lb      a4, -8(t1)
core   0: 3 0x800049d4 (0xff830703) x14 0x00000027 mem 0x8001836c
core   0: 0x800049d8 (0xffc30fa3) sb      t3, -1(t1)
core   0: 3 0x800049d8 (0xffc30fa3) mem 0x80018373 0x28
core   0: 0x800049dc (0xfe830da3) sb      s0, -5(t1)
core   0: 3 0x800049dc (0xfe830da3) mem 0x8001836f 0x0
core   0: 0x800049e0 (0x0092f633) and     a2, t0, s1
core   0: 3 0x800049e0 (0x0092f633) x12 0x00000828
core   0: 0x800049e4 (0x00761933) sll     s2, a2, t2
core   0: 3 0x800049e4 (0x00761933) x18 0x00041400
core   0: 0x800049e8 (0x01a2dcb3) srl     s9, t0, s10
core   0: 3 0x800049e8 (0x01a2dcb3) x25 0x00000000
core   0: 0x800049ec (0x00291f33) sll     t5, s2, sp
core   0: 3 0x800049ec (0x00291f33) x30 0x00414000
core   0: 0x800049f0 (0xff831823) sh      s8, -16(t1)
core   0: 3 0x800049f0 (0xff831823) mem 0x80018364 0xd6d7
core   0: 0x800049f4 (0x00f30883) lb      a7, 15(t1)
core   0: 3 0x800049f4 (0x00f30883) x17 0x00000038 mem 0x80018383
core   0: 0x800049f8 (0x00020f17) auipc   t5, 0x20
core   0: 3 0x800049f8 (0x00020f17) x30 0x800249f8
core   0: 0x800049fc (0x09ef0f13) addi    t5, t5, 158
core   0: 3 0x800049fc (0x09ef0f13) x30 0x80024a96
core   0: 0x80004a00 (0x0165a3b3) slt     t2, a1, s6
core   0: 3 0x80004a00 (0x0165a3b3) x 7 0x00000000
core   0: 0x80004a04 (0x0106c033) xor     zero, a3, a6
core   0: 3 0x80004a04 (0x0106c033)
core   0: 0x80004a08 (0x0117f1b3) and     gp, a5, a7
core   0: 3 0x80004a08 (0x0117f1b3) x 3 0x00000020
core   0: 0x80004a0c (0xffcf08a3) sb      t3, -15(t5)
core   0: 3 0x80004a0c (0xffcf08a3) mem 0x80024a87 0x28
core   0: 0x80004a10 (0x01a41413) slli    s0, s0, 26
core   0: 3 0x80004a10 (0x01a41413) x 8 0x00000000
core   0: 0x80004a14 (0x00bf03a3) sb      a1, 7(t5)
core   0: 3 0x80004a14 (0x00bf03a3) mem 0x80024a9d 0x0
core   0: 0x80004a18 (0x002f0ea3) sb      sp, 29(t5)
core   0: 3 0x80004a18 (0x002f0ea3) mem 0x80024ab3 0xe4
core   0: 0x80004a1c (0x011d1eb3) sll     t4, s10, a7
core   0: 3 0x80004a1c (0x011d1eb3) x29 0x32000000
core   0: 0x80004a20 (0x1e3b3413) sltiu   s0, s6, 483
core   0: 3 0x80004a20 (0x1e3b3413) x 8 0x00000001
core   0: 0x80004a24 (0xb1656913) ori     s2, a0, -1258
core   0: 3 0x80004a24 (0xb1656913) x18 0xfffffb97
core   0: 0x80004a28 (0xfdff4883) lbu     a7, -33(t5)
core   0: 3 0x80004a28 (0xfdff4883) x17 0x0000002e mem 0x80024a75
core   0: 0x80004a2c (0x41af83b3) sub     t2, t6, s10
core   0: 3 0x80004a2c (0x41af83b3) x 7 0xbffea8ce
core   0: 0x80004a30 (0x03d96893) ori     a7, s2, 61
core   0: 3 0x80004a30 (0x03d96893) x17 0xfffffbbf
core   0: 0x80004a34 (0x6a840413) addi    s0, s0, 1704
core   0: 3 0x80004a34 (0x6a840413) x 8 0x000006a9
core   0: 0x80004a38 (0x73d8f317) auipc   t1, 0x73d8f
core   0: 3 0x80004a38 (0x73d8f317) x 6 0xf3d93a38
core   0: 0x80004a3c (0x0004d8b3) srl     a7, s1, zero
core   0: 3 0x80004a3c (0x0004d8b3) x17 0xe7e05928
core   0: 0x80004a40 (0x01cf0303) lb      t1, 28(t5)
core   0: 3 0x80004a40 (0x01cf0303) x 6 0x00000069 mem 0x80024ab2
core   0: 0x80004a44 (0x007f0233) add     tp, t5, t2
core   0: 3 0x80004a44 (0x007f0233) x 4 0x4000f364
core   0: 0x80004a48 (0x037f4203) lbu     tp, 55(t5)
core   0: 3 0x80004a48 (0x037f4203) x 4 0x00000086 mem 0x80024acd
core   0: 0x80004a4c (0x011f0403) lb      s0, 17(t5)
core   0: 3 0x80004a4c (0x011f0403) x 8 0x0000005c mem 0x80024aa7
core   0: 0x80004a50 (0xfd2f4303) lbu     t1, -46(t5)
core   0: 3 0x80004a50 (0xfd2f4303) x 6 0x00000023 mem 0x80024a68
core   0: 0x80004a54 (0x0090b633) sltu    a2, ra, s1
core   0: 3 0x80004a54 (0x0090b633) x12 0x00000001
core   0: 0x80004a58 (0xfe9f0423) sb      s1, -24(t5)
core   0: 3 0x80004a58 (0xfe9f0423) mem 0x80024a7e 0x28
core   0: 0x80004a5c (0x02df02a3) sb      a3, 37(t5)
core   0: 3 0x80004a5c (0x02df02a3) mem 0x80024abb 0x0
core   0: 0x80004a60 (0x014c1733) sll     a4, s8, s4
core   0: 3 0x80004a60 (0x014c1733) x14 0x6aeb6b80
core   0: 0x80004a64 (0x41385733) sra     a4, a6, s3
core   0: 3 0x80004a64 (0x41385733) x14 0x000002c2
core   0: 0x80004a68 (0x00ca1613) slli    a2, s4, 12
core   0: 3 0x80004a68 (0x00ca1613) x12 0x00027000
core   0: 0x80004a6c (0x408304b3) sub     s1, t1, s0
core   0: 3 0x80004a6c (0x408304b3) x 9 0xffffffc7
core   0: 0x80004a70 (0x006f2803) lw      a6, 6(t5)
core   0: 3 0x80004a70 (0x006f2803) x16 0x54550057 mem 0x80024a9c
core   0: 0x80004a74 (0x01af0083) lb      ra, 26(t5)
core   0: 3 0x80004a74 (0x01af0083) x 1 0x0000006b mem 0x80024ab0
core   0: 0x80004a78 (0x026f1a03) lh      s4, 38(t5)
core   0: 3 0x80004a78 (0x026f1a03) x20 0x00007677 mem 0x80024abc
core   0: 0x80004a7c (0x0182b233) sltu    tp, t0, s8
core   0: 3 0x80004a7c (0x0182b233) x 4 0x00000001
core   0: 0x80004a80 (0x40018db3) sub     s11, gp, zero
core   0: 3 0x80004a80 (0x40018db3) x27 0x00000020
core   0: 0x80004a84 (0xfddf1a23) sh      t4, -44(t5)
core   0: 3 0x80004a84 (0xfddf1a23) mem 0x80024a6a 0x0000
core   0: 0x80004a88 (0x017f0083) lb      ra, 23(t5)
core   0: 3 0x80004a88 (0x017f0083) x 1 0x00000066 mem 0x80024aad
core   0: 0x80004a8c (0x01ff0c03) lb      s8, 31(t5)
core   0: 3 0x80004a8c (0x01ff0c03) x24 0x0000006e mem 0x80024ab5
core   0: 0x80004a90 (0xfd0f0da3) sb      a6, -37(t5)
core   0: 3 0x80004a90 (0xfd0f0da3) mem 0x80024a71 0x57
core   0: 0x80004a94 (0x018f4303) lbu     t1, 24(t5)
core   0: 3 0x80004a94 (0x018f4303) x 6 0x00000065 mem 0x80024aae
core   0: 0x80004a98 (0x0ff0000f) fence   iorw,iorw
core   0: 3 0x80004a98 (0x0ff0000f)
core   0: 0x80004a9c (0xf3548893) addi    a7, s1, -203
core   0: 3 0x80004a9c (0xf3548893) x17 0xfffffefc
core   0: 0x80004aa0 (0xfd9f4d03) lbu     s10, -39(t5)
core   0: 3 0x80004aa0 (0xfd9f4d03) x26 0x00000024 mem 0x80024a6f
core   0: 0x80004aa4 (0x013d9c93) slli    s9, s11, 19
core   0: 3 0x80004aa4 (0x013d9c93) x25 0x01000000
core   0: 0x80004aa8 (0x001e0eb3) add     t4, t3, ra
core   0: 3 0x80004aa8 (0x001e0eb3) x29 0x67e0598e
core   0: 0x80004aac (0xfc5f0183) lb      gp, -59(t5)
core   0: 3 0x80004aac (0xfc5f0183) x 3 0x00000010 mem 0x80024a5b
core   0: 0x80004ab0 (0x00011b97) auipc   s7, 0x11
core   0: 3 0x80004ab0 (0x00011b97) x23 0x80015ab0
core   0: 0x80004ab4 (0x176b8b93) addi    s7, s7, 374
core   0: 3 0x80004ab4 (0x176b8b93) x23 0x80015c26
core   0: 0x80004ab8 (0x82bbce83) lbu     t4, -2005(s7)
core   0: 3 0x80004ab8 (0x82bbce83) x29 0x0000000a mem 0x80015451
core   0: 0x80004abc (0x80cd2d93) slti    s11, s10, -2036
core   0: 3 0x80004abc (0x80cd2d93) x27 0x00000000
core   0: 0x80004ac0 (0x1d4bd703) lhu     a4, 468(s7)
core   0: 3 0x80004ac0 (0x1d4bd703) x14 0x0000b0b1 mem 0x80015dfa
core   0: 0x80004ac4 (0x0005cab3) xor     s5, a1, zero
core   0: 3 0x80004ac4 (0x0005cab3) x21 0x55728000
core   0: 0x80004ac8 (0xcb60a213) slti    tp, ra, -842
core   0: 3 0x80004ac8 (0xcb60a213) x 4 0x00000000
core   0: 0x80004acc (0x87ebd583) lhu     a1, -1922(s7)
core   0: 3 0x80004acc (0x87ebd583) x11 0x00005657 mem 0x800154a4
core   0: 0x80004ad0 (0xaf0b8aa3) sb      a6, -1291(s7)
core   0: 3 0x80004ad0 (0xaf0b8aa3) mem 0x8001571b 0x57
core   0: 0x80004ad4 (0xeb1b9323) sh      a7, -346(s7)
core   0: 3 0x80004ad4 (0xeb1b9323) mem 0x80015acc 0xfefc
core   0: 0x80004ad8 (0xf7eb81a3) sb      t5, -157(s7)
core   0: 3 0x80004ad8 (0xf7eb81a3) mem 0x80015b89 0x96
core   0: 0x80004adc (0x00c79613) slli    a2, a5, 12
core   0: 3 0x80004adc (0x00c79613) x12 0x3e5e6000
core   0: 0x80004ae0 (0x016ed813) srli    a6, t4, 22
core   0: 3 0x80004ae0 (0x016ed813) x16 0x00000000
core   0: 0x80004ae4 (0x022bd903) lhu     s2, 34(s7)
core   0: 3 0x80004ae4 (0x022bd903) x18 0x00000203 mem 0x80015c48
core   0: 0x80004ae8 (0x0ff0000f) fence   iorw,iorw
core   0: 3 0x80004ae8 (0x0ff0000f)
core   0: 0x80004aec (0xc30b9f23) sh      a6, -962(s7)
core   0: 3 0x80004aec (0xc30b9f23) mem 0x80015864 0x0000
core   0: 0x80004af0 (0x467de713) ori     a4, s11, 1127
core   0: 3 0x80004af0 (0x467de713) x14 0x00000467
core   0: 0x80004af4 (0x828bc383) lbu     t2, -2008(s7)
core   0: 3 0x80004af4 (0x828bc383) x 7 0x00000005 mem 0x8001544e
core   0: 0x80004af8 (0xcf3b83a3) sb      s3, -793(s7)
core   0: 3 0x80004af8 (0xcf3b83a3) mem 0x8001590d 0x64
core   0: 0x80004afc (0xb05bc483) lbu     s1, -1275(s7)
core   0: 3 0x80004afc (0xb05bc483) x 9 0x000000e0 mem 0x8001572b
core   0: 0x80004b00 (0x3b0bdd03) lhu     s10, 944(s7)
core   0: 3 0x80004b00 (0x3b0bdd03) x26 0x00008c8d mem 0x80015fd6
core   0: 0x80004b04 (0x0ff0000f) fence   iorw,iorw
core   0: 3 0x80004b04 (0x0ff0000f)
core   0: 0x80004b08 (0xd71bc583) lbu     a1, -655(s7)
core   0: 3 0x80004b08 (0xd71bc583) x11 0x0000004c mem 0x80015997
core   0: 0x80004b0c (0x01d6e5b3) or      a1, a3, t4
core   0: 3 0x80004b0c (0x01d6e5b3) x11 0x8000000a
core   0: 0x80004b10 (0x976bab23) sw      s6, -1674(s7)
core   0: 3 0x80004b10 (0x976bab23) mem 0x8001559c 0x000000e8
core   0: 0x80004b14 (0x01b14033) xor     zero, sp, s11
core   0: 3 0x80004b14 (0x01b14033)
core   0: 0x80004b18 (0x995bce83) lbu     t4, -1643(s7)
core   0: 3 0x80004b18 (0x995bce83) x29 0x00000070 mem 0x800155bb
core   0: 0x80004b1c (0xa6bb89a3) sb      a1, -1421(s7)
core   0: 3 0x80004b1c (0xa6bb89a3) mem 0x80015699 0xa
core   0: 0x80004b20 (0x0000f533) and     a0, ra, zero
core   0: 3 0x80004b20 (0x0000f533) x10 0x00000000
core   0: 0x80004b24 (0xf39bc703) lbu     a4, -199(s7)
core   0: 3 0x80004b24 (0xf39bc703) x14 0x00000014 mem 0x80015b5f
core   0: 0x80004b28 (0x1b5fba13) sltiu   s4, t6, 437
core   0: 3 0x80004b28 (0x1b5fba13) x20 0x00000001
core   0: 0x80004b2c (0x028b9f23) sh      s0, 62(s7)
core   0: 3 0x80004b2c (0x028b9f23) mem 0x80015c64 0x005c
core   0: 0x80004b30 (0xdbcb9903) lh      s2, -580(s7)
core   0: 3 0x80004b30 (0xdbcb9903) x18 0xffff9899 mem 0x800159e2
core   0: 0x80004b34 (0x003dbfb3) sltu    t6, s11, gp
core   0: 3 0x80004b34 (0x003dbfb3) x31 0x00000001
core   0: 0x80004b38 (0x0090de93) srli    t4, ra, 9
core   0: 3 0x80004b38 (0x0090de93) x29 0x00000000
core   0: 0x80004b3c (0x005bcb03) lbu     s6, 5(s7)
core   0: 3 0x80004b3c (0x005bcb03) x22 0x0000002c mem 0x80015c2b
core   0: 0x80004b40 (0xc6fb8fa3) sb      a5, -897(s7)
core   0: 3 0x80004b40 (0xc6fb8fa3) mem 0x800158a5 0xe6
core   0: 0x80004b44 (0xb50bc603) lbu     a2, -1200(s7)
core   0: 3 0x80004b44 (0xb50bc603) x12 0x0000002d mem 0x80015776
core   0: 0x80004b48 (0x0a1bc603) lbu     a2, 161(s7)
core   0: 3 0x80004b48 (0x0a1bc603) x12 0x0000007c mem 0x80015cc7
core   0: 0x80004b4c (0x965b8f23) sb      t0, -1666(s7)
core   0: 3 0x80004b4c (0x965b8f23) mem 0x800155a4 0x2d
core   0: 0x80004b50 (0x003d3db3) sltu    s11, s10, gp
core   0: 3 0x80004b50 (0x003d3db3) x27 0x00000000
core   0: 0x80004b54 (0xdcdb8183) lb      gp, -563(s7)
core   0: 3 0x80004b54 (0xdcdb8183) x 3 0xffffffa8 mem 0x800159f3
core   0: 0x80004b58 (0xfaebc003) lbu     zero, -82(s7)
core   0: 3 0x80004b58 (0xfaebc003) mem 0x80015bd4
core   0: 0x80004b5c (0x00011a97) auipc   s5, 0x11
core   0: 3 0x80004b5c (0x00011a97) x21 0x80015b5c
core   0: 0x80004b60 (0xbb5a8a93) addi    s5, s5, -1099
core   0: 3 0x80004b60 (0xbb5a8a93) x21 0x80015711
core   0: 0x80004b64 (0x2cc10013) addi    zero, sp, 716
core   0: 3 0x80004b64 (0x2cc10013)
core   0: 0x80004b68 (0x02dace83) lbu     t4, 45(s5)
core   0: 3 0x80004b68 (0x02dace83) x29 0x000000f5 mem 0x8001573e
core   0: 0x80004b6c (0xfc6a9da3) sh      t1, -37(s5)
core   0: 3 0x80004b6c (0xfc6a9da3) mem 0x800156ec 0x0065
core   0: 0x80004b70 (0x037ac203) lbu     tp, 55(s5)
core   0: 3 0x80004b70 (0x037ac203) x 4 0x00000003 mem 0x80015748
core   0: 0x80004b74 (0x0ff0000f) fence   iorw,iorw
core   0: 3 0x80004b74 (0x0ff0000f)
core   0: 0x80004b78 (0x017ac637) lui     a2, 0x17ac
core   0: 3 0x80004b78 (0x017ac637) x12 0x017ac000
core   0: 0x80004b7c (0xfc7a8c23) sb      t2, -40(s5)
core   0: 3 0x80004b7c (0xfc7a8c23) mem 0x800156e9 0x5
core   0: 0x80004b80 (0x00fa86a3) sb      a5, 13(s5)
core   0: 3 0x80004b80 (0x00fa86a3) mem 0x8001571e 0xe6
core   0: 0x80004b84 (0x035a9e83) lh      t4, 53(s5)
core   0: 3 0x80004b84 (0x035a9e83) x29 0xfffffcfd mem 0x80015746
core   0: 0x80004b88 (0x03da8883) lb      a7, 61(s5)
core   0: 3 0x80004b88 (0x03da8883) x17 0x00000005 mem 0x8001574e
core   0: 0x80004b8c (0x01faa883) lw      a7, 31(s5)
core   0: 3 0x80004b8c (0x01faa883) x17 0xe8e9eaeb mem 0x80015730
core   0: 0x80004b90 (0x01159bb3) sll     s7, a1, a7
core   0: 3 0x80004b90 (0x01159bb3) x23 0x00005000
core   0: 0x80004b94 (0xfdaa8a03) lb      s4, -38(s5)
core   0: 3 0x80004b94 (0xfdaa8a03) x20 0x00000000 mem 0x800156eb
core   0: 0x80004b98 (0xf14ec213) xori    tp, t4, -236
core   0: 3 0x80004b98 (0xf14ec213) x 4 0x000003e9
core   0: 0x80004b9c (0xbf1a0a37) lui     s4, 0xbf1a0
core   0: 3 0x80004b9c (0xbf1a0a37) x20 0xbf1a0000
core   0: 0x80004ba0 (0x005b5c13) srli    s8, s6, 5
core   0: 3 0x80004ba0 (0x005b5c13) x24 0x00000001
core   0: 0x80004ba4 (0x0154c533) xor     a0, s1, s5
core   0: 3 0x80004ba4 (0x0154c533) x10 0x800157f1
core   0: 0x80004ba8 (0xfc6a8903) lb      s2, -58(s5)
core   0: 3 0x80004ba8 (0xfc6a8903) x18 0xffffff8c mem 0x800156d7
core   0: 0x80004bac (0xe01bc293) xori    t0, s7, -511
core   0: 3 0x80004bac (0xe01bc293) x 5 0xffffae01
core   0: 0x80004bb0 (0x007540b3) xor     ra, a0, t2
core   0: 3 0x80004bb0 (0x007540b3) x 1 0x800157f4
core   0: 0x80004bb4 (0x00eacb03) lbu     s6, 14(s5)
core   0: 3 0x80004bb4 (0x00eacb03) x22 0x000000d4 mem 0x8001571f
core   0: 0x80004bb8 (0x01ba8aa3) sb      s11, 21(s5)
core   0: 3 0x80004bb8 (0x01ba8aa3) mem 0x80015726 0x0
core   0: 0x80004bbc (0x0014e2b3) or      t0, s1, ra
core   0: 3 0x80004bbc (0x0014e2b3) x 5 0x800157f4
core   0: 0x80004bc0 (0x01c568b3) or      a7, a0, t3
core   0: 3 0x80004bc0 (0x01c568b3) x17 0xe7e15ff9
core   0: 0x80004bc4 (0x00ba8423) sb      a1, 8(s5)
core   0: 3 0x80004bc4 (0x00ba8423) mem 0x80015719 0xa
core   0: 0x80004bc8 (0xfd7a8e83) lb      t4, -41(s5)
core   0: 3 0x80004bc8 (0xfd7a8e83) x29 0x0000006d mem 0x800156e8
core   0: 0x80004bcc (0xfe3aa603) lw      a2, -29(s5)
core   0: 3 0x80004bcc (0xfe3aa603) x12 0xacadaeaf mem 0x800156f4
core   0: 0x80004bd0 (0x03ea8123) sb      t5, 34(s5)
core   0: 3 0x80004bd0 (0x03ea8123) mem 0x80015733 0x96
core   0: 0x80004bd4 (0x01ea8223) sb      t5, 4(s5)
core   0: 3 0x80004bd4 (0x01ea8223) mem 0x80015715 0x96
core   0: 0x80004bd8 (0x028a8ea3) sb      s0, 61(s5)
core   0: 3 0x80004bd8 (0x028a8ea3) mem 0x8001574e 0x5c
core   0: 0x80004bdc (0x1e9fc613) xori    a2, t6, 489
core   0: 3 0x80004bdc (0x1e9fc613) x12 0x000001e8
core   0: 0x80004be0 (0x014c5093) srli    ra, s8, 20
core   0: 3 0x80004be0 (0x014c5093) x 1 0x00000000
core   0: 0x80004be4 (0x01f204b3) add     s1, tp, t6
core   0: 3 0x80004be4 (0x01f204b3) x 9 0x000003ea
core   0: 0x80004be8 (0xfdba9ca3) sh      s11, -39(s5)
core   0: 3 0x80004be8 (0xfdba9ca3) mem 0x800156ea 0x0000
core   0: 0x80004bec (0x0305c5b7) lui     a1, 0x305c
core   0: 3 0x80004bec (0x0305c5b7) x11 0x0305c000
core   0: 0x80004bf0 (0x031a9ea3) sh      a7, 61(s5)
core   0: 3 0x80004bf0 (0x031a9ea3) mem 0x8001574e 0x5ff9
core   0: 0x80004bf4 (0xfd3aa903) lw      s2, -45(s5)
core   0: 3 0x80004bf4 (0xfd3aa903) x18 0x7c9d9e9f mem 0x800156e4
core   0: 0x80004bf8 (0xff8ace83) lbu     t4, -8(s5)
core   0: 3 0x80004bf8 (0xff8ace83) x29 0x000000c2 mem 0x80015709
core   0: 0x80004bfc (0x032a8783) lb      a5, 50(s5)
core   0: 3 0x80004bfc (0x032a8783) x15 0xfffffff8 mem 0x80015743
core   0: 0x80004c00 (0x002ac703) lbu     a4, 2(s5)
core   0: 3 0x80004c00 (0x002ac703) x14 0x000000c8 mem 0x80015713
core   0: 0x80004c04 (0xfcaac383) lbu     t2, -54(s5)
core   0: 3 0x80004c04 (0xfcaac383) x 7 0x00000090 mem 0x800156db
core   0: 0x80004c08 (0x028a8223) sb      s0, 36(s5)
core   0: 3 0x80004c08 (0x028a8223) mem 0x80015735 0x5c
core   0: 0x80004c0c (0x00010b17) auipc   s6, 0x10
core   0: 3 0x80004c0c (0x00010b17) x22 0x80014c0c
core   0: 0x80004c10 (0x44db0b13) addi    s6, s6, 1101
core   0: 3 0x80004c10 (0x44db0b13) x22 0x80015059
core   0: 0x80004c14 (0x218b0523) sb      s8, 522(s6)
core   0: 3 0x80004c14 (0x218b0523) mem 0x80015263 0x1
core   0: 0x80004c18 (0x002ae033) or      zero, s5, sp
core   0: 3 0x80004c18 (0x002ae033)
core   0: 0x80004c1c (0x20ab4f03) lbu     t5, 522(s6)
core   0: 3 0x80004c1c (0x20ab4f03) x30 0x00000001 mem 0x80015263
core   0: 0x80004c20 (0x31db0603) lb      a2, 797(s6)
core   0: 3 0x80004c20 (0x31db0603) x12 0x0000002d mem 0x80015376
core   0: 0x80004c24 (0x7cab4e83) lbu     t4, 1994(s6)
core   0: 3 0x80004c24 (0x7cab4e83) x29 0x000000d8 mem 0x80015823
core   0: 0x80004c28 (0x7cab4003) lbu     zero, 1994(s6)
core   0: 3 0x80004c28 (0x7cab4003) mem 0x80015823
core   0: 0x80004c2c (0x7c3b0523) sb      gp, 1994(s6)
core   0: 3 0x80004c2c (0x7c3b0523) mem 0x80015823 0xa8
core   0: 0x80004c30 (0x7cab4903) lbu     s2, 1994(s6)
core   0: 3 0x80004c30 (0x7cab4903) x18 0x000000a8 mem 0x80015823
core   0: 0x80004c34 (0x7cab4c83) lbu     s9, 1994(s6)
core   0: 3 0x80004c34 (0x7cab4c83) x25 0x000000a8 mem 0x80015823
core   0: 0x80004c38 (0x5d3b0323) sb      s3, 1478(s6)
core   0: 3 0x80004c38 (0x5d3b0323) mem 0x8001561f 0x64
core   0: 0x80004c3c (0x5c6b4483) lbu     s1, 1478(s6)
core   0: 3 0x80004c3c (0x5c6b4483) x 9 0x00000064 mem 0x8001561f
core   0: 0x80004c40 (0x5cfb0323) sb      a5, 1478(s6)
core   0: 3 0x80004c40 (0x5cfb0323) mem 0x8001561f 0xf8
core   0: 0x80004c44 (0x0001d497) auipc   s1, 0x1d
core   0: 3 0x80004c44 (0x0001d497) x 9 0x80021c44
core   0: 0x80004c48 (0xde848493) addi    s1, s1, -536
core   0: 3 0x80004c48 (0xde848493) x 9 0x80021a2c
core   0: 0x80004c4c (0xf984d903) lhu     s2, -104(s1)
core   0: 3 0x80004c4c (0xf984d903) x18 0x00007e7f mem 0x800219c4
core   0: 0x80004c50 (0xffc48823) sb      t3, -16(s1)
core   0: 3 0x80004c50 (0xffc48823) mem 0x80021a1c 0x28
core   0: 0x80004c54 (0x9a868f93) addi    t6, a3, -1624
core   0: 3 0x80004c54 (0x9a868f93) x31 0x7ffff9a8
core   0: 0x80004c58 (0x06f48d83) lb      s11, 111(s1)
core   0: 3 0x80004c58 (0x06f48d83) x27 0x00000050 mem 0x80021a9b
core   0: 0x80004c5c (0x37cc3e93) sltiu   t4, s8, 892
core   0: 3 0x80004c5c (0x37cc3e93) x29 0x00000001
core   0: 0x80004c60 (0x35190437) lui     s0, 0x35190
core   0: 3 0x80004c60 (0x35190437) x 8 0x35190000
core   0: 0x80004c64 (0xccf92b93) slti    s7, s2, -817
core   0: 3 0x80004c64 (0xccf92b93) x23 0x00000000
core   0: 0x80004c68 (0xbc8a2d97) auipc   s11, 0xbc8a2
core   0: 3 0x80004c68 (0xbc8a2d97) x27 0x3c8a6c68
core   0: 0x80004c6c (0xa909b513) sltiu   a0, s3, -1392
core   0: 3 0x80004c6c (0xa909b513) x10 0x00000001
core   0: 0x80004c70 (0x6373ba93) sltiu   s5, t2, 1591
core   0: 3 0x80004c70 (0x6373ba93) x21 0x00000001
core   0: 0x80004c74 (0x01d49893) slli    a7, s1, 29
core   0: 3 0x80004c74 (0x01d49893) x17 0x80000000
core   0: 0x80004c78 (0x40e2d393) srai    t2, t0, 14
core   0: 3 0x80004c78 (0x40e2d393) x 7 0xfffe0005
core   0: 0x80004c7c (0x0d94cf03) lbu     t5, 217(s1)
core   0: 3 0x80004c7c (0x0d94cf03) x30 0x000000be mem 0x80021b05
core   0: 0x80004c80 (0x011580b3) add     ra, a1, a7
core   0: 3 0x80004c80 (0x011580b3) x 1 0x8305c000
core   0: 0x80004c84 (0x0fe4df03) lhu     t5, 254(s1)
core   0: 3 0x80004c84 (0x0fe4df03) x30 0x0000e0e1 mem 0x80021b2a
core   0: 0x80004c88 (0xf80489a3) sb      zero, -109(s1)
core   0: 3 0x80004c88 (0xf80489a3) mem 0x800219bf 0x0
core   0: 0x80004c8c (0xf8a4d883) lhu     a7, -118(s1)
core   0: 3 0x80004c8c (0xf8a4d883) x17 0x00006c6d mem 0x800219b6
core   0: 0x80004c90 (0xf47a0193) addi    gp, s4, -185
core   0: 3 0x80004c90 (0xf47a0193) x 3 0xbf19ff47
core   0: 0x80004c94 (0x40e55f33) sra     t5, a0, a4
core   0: 3 0x80004c94 (0x40e55f33) x30 0x00000000
core   0: 0x80004c98 (0x0b049223) sh      a6, 164(s1)
core   0: 3 0x80004c98 (0x0b049223) mem 0x80021ad0 0x0000
core   0: 0x80004c9c (0x01e92713) slti    a4, s2, 30
core   0: 3 0x80004c9c (0x01e92713) x14 0x00000000
core   0: 0x80004ca0 (0x15db0d13) addi    s10, s6, 349
core   0: 3 0x80004ca0 (0x15db0d13) x26 0x800151b6
core   0: 0x80004ca4 (0xc0cc0393) addi    t2, s8, -1012
core   0: 3 0x80004ca4 (0xc0cc0393) x 7 0xfffffc0d
core   0: 0x80004ca8 (0x4b597b93) andi    s7, s2, 1205
core   0: 3 0x80004ca8 (0x4b597b93) x23 0x00000435
core   0: 0x80004cac (0x0de48223) sb      t5, 196(s1)
core   0: 3 0x80004cac (0x0de48223) mem 0x80021af0 0x0
core   0: 0x80004cb0 (0x0be49f03) lh      t5, 190(s1)
core   0: 3 0x80004cb0 (0x0be49f03) x30 0xffffa0a1 mem 0x80021aea
core   0: 0x80004cb4 (0x010b5c33) srl     s8, s6, a6
core   0: 3 0x80004cb4 (0x010b5c33) x24 0x80015059
core   0: 0x80004cb8 (0xdad44793) xori    a5, s0, -595
core   0: 3 0x80004cb8 (0xdad44793) x15 0xcae6fdad
core   0: 0x80004cbc (0x40b35913) srai    s2, t1, 11
core   0: 3 0x80004cbc (0x40b35913) x18 0x00000000
core   0: 0x80004cc0 (0x00000013) nop
core   0: 3 0x80004cc0 (0x00000013)
core   0: 0x80004cc4 (0x06c48623) sb      a2, 108(s1)
core   0: 3 0x80004cc4 (0x06c48623) mem 0x80021a98 0x2d
core   0: 0x80004cc8 (0xf3249d23) sh      s2, -198(s1)
core   0: 3 0x80004cc8 (0xf3249d23) mem 0x80021966 0x0000
core   0: 0x80004ccc (0x0004dc03) lhu     s8, 0(s1)
core   0: 3 0x80004ccc (0x0004dc03) x24 0x0000e6e7 mem 0x80021a2c
core   0: 0x80004cd0 (0x097484a3) sb      s7, 137(s1)
core   0: 3 0x80004cd0 (0x097484a3) mem 0x80021ab5 0x35
core   0: 0x80004cd4 (0x0000100f) fence.i
core   0: 3 0x80004cd4 (0x0000100f)
core   0: 0x80004cd8 (0x0136feb3) and     t4, a3, s3
core   0: 3 0x80004cd8 (0x0136feb3) x29 0x80000000
core   0: 0x80004cdc (0x08a48523) sb      a0, 138(s1)
core   0: 3 0x80004cdc (0x08a48523) mem 0x80021ab6 0x1
core   0: 0x80004ce0 (0x078482a3) sb      s8, 101(s1)
core   0: 3 0x80004ce0 (0x078482a3) mem 0x80021a91 0xe7
core   0: 0x80004ce4 (0x00011097) auipc   ra, 0x11
core   0: 3 0x80004ce4 (0x00011097) x 1 0x80015ce4
core   0: 0x80004ce8 (0x2fa08093) addi    ra, ra, 762
core   0: 3 0x80004ce8 (0x2fa08093) x 1 0x80015fde
core   0: 0x80004cec (0x02f0cf03) lbu     t5, 47(ra)
core   0: 3 0x80004cec (0x02f0cf03) x30 0x000000c6 mem 0x8001600d
core   0: 0x80004cf0 (0x033087a3) sb      s3, 47(ra)
core   0: 3 0x80004cf0 (0x033087a3) mem 0x8001600d 0x64
core   0: 0x80004cf4 (0x02f0cf83) lbu     t6, 47(ra)
core   0: 3 0x80004cf4 (0x02f0cf83) x31 0x00000064 mem 0x8001600d
core   0: 0x80004cf8 (0x02f0cc83) lbu     s9, 47(ra)
core   0: 3 0x80004cf8 (0x02f0cc83) x25 0x00000064 mem 0x8001600d
core   0: 0x80004cfc (0x03e087a3) sb      t5, 47(ra)
core   0: 3 0x80004cfc (0x03e087a3) mem 0x8001600d 0xc6
core   0: 0x80004d00 (0x02008883) lb      a7, 32(ra)
core   0: 3 0x80004d00 (0x02008883) x17 0xffffffb5 mem 0x80015ffe
core   0: 0x80004d04 (0x40268b33) sub     s6, a3, sp
core   0: 3 0x80004d04 (0x40268b33) x22 0xfffd131c
core   0: 0x80004d08 (0x037087a3) sb      s7, 47(ra)
core   0: 3 0x80004d08 (0x037087a3) mem 0x8001600d 0x35
core   0: 0x80004d0c (0x01d08523) sb      t4, 10(ra)
core   0: 3 0x80004d0c (0x01d08523) mem 0x80015fe8 0x0
core   0: 0x80004d10 (0x0000100f) fence.i
core   0: 3 0x80004d10 (0x0000100f)
core   0: 0x80004d14 (0xfc20a903) lw      s2, -62(ra)
core   0: 3 0x80004d14 (0xfc20a903) x18 0x58595a5b mem 0x80015fa0
core   0: 0x80004d18 (0x40e15293) srai    t0, sp, 14
core   0: 3 0x80004d18 (0x40e15293) x 5 0xfffe000b
core   0: 0x80004d1c (0xfc20c403) lbu     s0, -62(ra)
core   0: 3 0x80004d1c (0xfc20c403) x 8 0x0000005b mem 0x80015fa0
core   0: 0x80004d20 (0xfd708e23) sb      s7, -36(ra)
core   0: 3 0x80004d20 (0xfd708e23) mem 0x80015fba 0x35
core   0: 0x80004d24 (0x0390ca83) lbu     s5, 57(ra)
core   0: 3 0x80004d24 (0x0390ca83) x21 0x000000cc mem 0x80016017
core   0: 0x80004d28 (0x03908583) lb      a1, 57(ra)
core   0: 3 0x80004d28 (0x03908583) x11 0xffffffcc mem 0x80016017
core   0: 0x80004d2c (0x00011517) auipc   a0, 0x11
core   0: 3 0x80004d2c (0x00011517) x10 0x80015d2c
core   0: 0x80004d30 (0xe3a50513) addi    a0, a0, -454
core   0: 3 0x80004d30 (0xe3a50513) x10 0x80015b66
core   0: 0x80004d34 (0x0001d817) auipc   a6, 0x1d
core   0: 3 0x80004d34 (0x0001d817) x16 0x80021d34
core   0: 0x80004d38 (0x95180813) addi    a6, a6, -1711
core   0: 3 0x80004d38 (0x95180813) x16 0x80021685
core   0: 0x80004d3c (0x03c54e03) lbu     t3, 60(a0)
core   0: 3 0x80004d3c (0x03c54e03) x28 0x00000059 mem 0x80015ba2
core   0: 0x80004d40 (0x00284903) lbu     s2, 2(a6)
core   0: 3 0x80004d40 (0x00284903) x18 0x0000003c mem 0x80021687
core   0: 0x80004d44 (0x01480623) sb      s4, 12(a6)
core   0: 3 0x80004d44 (0x01480623) mem 0x80021691 0x0
core   0: 0x80004d48 (0x00f85283) lhu     t0, 15(a6)
core   0: 3 0x80004d48 (0x00f85283) x 5 0x00004e4f mem 0x80021694
core   0: 0x80004d4c (0x00181283) lh      t0, 1(a6)
core   0: 3 0x80004d4c (0x00181283) x 5 0x00003c3d mem 0x80021686
core   0: 0x80004d50 (0xff650f23) sb      s6, -2(a0)
core   0: 3 0x80004d50 (0xff650f23) mem 0x80015b64 0x1c
core   0: 0x80004d54 (0xfec54783) lbu     a5, -20(a0)
core   0: 3 0x80004d54 (0xfec54783) x15 0x00000009 mem 0x80015b52
core   0: 0x80004d58 (0xff784083) lbu     ra, -9(a6)
core   0: 3 0x80004d58 (0xff784083) x 1 0x00000037 mem 0x8002167c
core   0: 0x80004d5c (0xfc251623) sh      sp, -52(a0)
core   0: 3 0x80004d5c (0xfc251623) mem 0x80015b32 0xece4
core   0: 0x80004d60 (0xff182ba3) sw      a7, -9(a6)
core   0: 3 0x80004d60 (0xff182ba3) mem 0x8002167c 0xffffffb5
core   0: 0x80004d64 (0xfdd504a3) sb      t4, -55(a0)
core   0: 3 0x80004d64 (0xfdd504a3) mem 0x80015b2f 0x0
core   0: 0x80004d68 (0x02750a83) lb      s5, 39(a0)
core   0: 3 0x80004d68 (0x02750a83) x21 0x00000000 mem 0x80015b8d
core   0: 0x80004d6c (0x01c80123) sb      t3, 2(a6)
core   0: 3 0x80004d6c (0x01c80123) mem 0x80021687 0x59
core   0: 0x80004d70 (0xff884a83) lbu     s5, -8(a6)
core   0: 3 0x80004d70 (0xff884a83) x21 0x000000ff mem 0x8002167d
core   0: 0x80004d74 (0x00010f17) auipc   t5, 0x10
core   0: 3 0x80004d74 (0x00010f17) x30 0x80014d74
core   0: 0x80004d78 (0x307f0f13) addi    t5, t5, 775
core   0: 3 0x80004d78 (0x307f0f13) x30 0x8001507b
core   0: 0x80004d7c (0x00018a97) auipc   s5, 0x18
core   0: 3 0x80004d7c (0x00018a97) x21 0x8001cd7c
core   0: 0x80004d80 (0xa88a8a93) addi    s5, s5, -1400
core   0: 3 0x80004d80 (0xa88a8a93) x21 0x8001c804
core   0: 0x80004d84 (0xfdbac783) lbu     a5, -37(s5)
core   0: 3 0x80004d84 (0xfdbac783) x15 0x00000094 mem 0x8001c7df
core   0: 0x80004d88 (0x039f4a03) lbu     s4, 57(t5)
core   0: 3 0x80004d88 (0x039f4a03) x20 0x00000000 mem 0x800150b4
core   0: 0x80004d8c (0x040adc03) lhu     s8, 64(s5)
core   0: 3 0x80004d8c (0x040adc03) x24 0x0000feff mem 0x8001c844
core   0: 0x80004d90 (0x003f0123) sb      gp, 2(t5)
core   0: 3 0x80004d90 (0x003f0123) mem 0x8001507d 0x47
core   0: 0x80004d94 (0xfdbf0823) sb      s11, -48(t5)
core   0: 3 0x80004d94 (0xfdbf0823) mem 0x8001504b 0x68
core   0: 0x80004d98 (0x03ff1783) lh      a5, 63(t5)
core   0: 3 0x80004d98 (0x03ff1783) x15 0x00007071 mem 0x800150ba
core   0: 0x80004d9c (0xfc2add83) lhu     s11, -62(s5)
core   0: 3 0x80004d9c (0xfc2add83) x27 0x00007c7d mem 0x8001c7c6
core   0: 0x80004da0 (0x03af2ca3) sw      s10, 57(t5)
core   0: 3 0x80004da0 (0x03af2ca3) mem 0x800150b4 0x800151b6
core   0: 0x80004da4 (0x010ade03) lhu     t3, 16(s5)
core   0: 3 0x80004da4 (0x010ade03) x28 0x0000cecf mem 0x8001c814
core   0: 0x80004da8 (0x004f4703) lbu     a4, 4(t5)
core   0: 3 0x80004da8 (0x004f4703) x14 0x00000034 mem 0x8001507f
core   0: 0x80004dac (0x026f0c03) lb      s8, 38(t5)
core   0: 3 0x80004dac (0x026f0c03) x24 0x0000005a mem 0x800150a1
core   0: 0x80004db0 (0x000aa183) lw      gp, 0(s5)
core   0: 3 0x80004db0 (0x000aa183) x 3 0xbcbdbebf mem 0x8001c804
core   0: 0x80004db4 (0x017a8d03) lb      s10, 23(s5)
core   0: 3 0x80004db4 (0x017a8d03) x26 0xffffffd0 mem 0x8001c81b
core   0: 0x80004db8 (0xfd1f0f23) sb      a7, -34(t5)
core   0: 3 0x80004db8 (0xfd1f0f23) mem 0x80015059 0xb5
core   0: 0x80004dbc (0xffcf4083) lbu     ra, -4(t5)
core   0: 3 0x80004dbc (0xffcf4083) x 1 0x0000002c mem 0x80015077
core   0: 0x80004dc0 (0x00011797) auipc   a5, 0x11
core   0: 3 0x80004dc0 (0x00011797) x15 0x80015dc0
core   0: 0x80004dc4 (0x00078793) mv      a5, a5
core   0: 3 0x80004dc4 (0x00078793) x15 0x80015dc0
core   0: 0x80004dc8 (0x00c2dcb3) srl     s9, t0, a2
core   0: 3 0x80004dc8 (0x00c2dcb3) x25 0x00000001
core   0: 0x80004dcc (0x0077c483) lbu     s1, 7(a5)
core   0: 3 0x80004dcc (0x0077c483) x 9 0x0000007c mem 0x80015dc7
core   0: 0x80004dd0 (0xfde79423) sh      t5, -56(a5)
core   0: 3 0x80004dd0 (0xfde79423) mem 0x80015d88 0x507b
core   0: 0x80004dd4 (0x03f7c183) lbu     gp, 63(a5)
core   0: 3 0x80004dd4 (0x03f7c183) x 3 0x000000b4 mem 0x80015dff
core   0: 0x80004dd8 (0x00b78d83) lb      s11, 11(a5)
core   0: 3 0x80004dd8 (0x00b78d83) x27 0xffffff80 mem 0x80015dcb
core   0: 0x80004ddc (0xc64aad97) auipc   s11, 0xc64aa
core   0: 3 0x80004ddc (0xc64aad97) x27 0x464aeddc
core   0: 0x80004de0 (0xfe67cb03) lbu     s6, -26(a5)
core   0: 3 0x80004de0 (0xfe67cb03) x22 0x0000005d mem 0x80015da6
core   0: 0x80004de4 (0xfe778503) lb      a0, -25(a5)
core   0: 3 0x80004de4 (0xfe778503) x10 0x0000005c mem 0x80015da7
core   0: 0x80004de8 (0x01d37633) and     a2, t1, t4
core   0: 3 0x80004de8 (0x01d37633) x12 0x00000000
core   0: 0x80004dec (0xff878223) sb      s8, -28(a5)
core   0: 3 0x80004dec (0xff878223) mem 0x80015da4 0x5a
core   0: 0x80004df0 (0x0307c883) lbu     a7, 48(a5)
core   0: 3 0x80004df0 (0x0307c883) x17 0x000000ab mem 0x80015df0
core   0: 0x80004df4 (0x0ff0000f) fence   iorw,iorw
core   0: 3 0x80004df4 (0x0ff0000f)
core   0: 0x80004df8 (0x671a6b13) ori     s6, s4, 1649
core   0: 3 0x80004df8 (0x671a6b13) x22 0x00000671
core   0: 0x80004dfc (0x02a78ba3) sb      a0, 55(a5)
core   0: 3 0x80004dfc (0x02a78ba3) mem 0x80015df7 0x5c
core   0: 0x80004e00 (0x0000100f) fence.i
core   0: 3 0x80004e00 (0x0000100f)
core   0: 0x80004e04 (0x00979d23) sh      s1, 26(a5)
core   0: 3 0x80004e04 (0x00979d23) mem 0x80015dda 0x007c
core   0: 0x80004e08 (0xfd578f83) lb      t6, -43(a5)
core   0: 3 0x80004e08 (0xfd578f83) x31 0x0000004e mem 0x80015d95
core   0: 0x80004e0c (0xfd378c03) lb      s8, -45(a5)
core   0: 3 0x80004e0c (0xfd378c03) x24 0x00000048 mem 0x80015d93
core   0: 0x80004e10 (0x0000100f) fence.i
core   0: 3 0x80004e10 (0x0000100f)
core   0: 0x80004e14 (0xfd47db03) lhu     s6, -44(a5)
core   0: 3 0x80004e14 (0xfd47db03) x22 0x00004e4f mem 0x80015d94
core   0: 0x80004e18 (0x02b78fa3) sb      a1, 63(a5)
core   0: 3 0x80004e18 (0x02b78fa3) mem 0x80015dff 0xcc
core   0: 0x80004e1c (0x03f781a3) sb      t6, 35(a5)
core   0: 3 0x80004e1c (0x03f781a3) mem 0x80015de3 0x4e
core   0: 0x80004e20 (0xcbff4913) xori    s2, t5, -833
core   0: 3 0x80004e20 (0xcbff4913) x18 0x7ffeacc4
core   0: 0x80004e24 (0x01279203) lh      tp, 18(a5)
core   0: 3 0x80004e24 (0x01279203) x 4 0xffff8889 mem 0x80015dd2
core   0: 0x80004e28 (0x02778883) lb      a7, 39(a5)
core   0: 3 0x80004e28 (0x02778883) x17 0xffffff80 mem 0x80015de7
core   0: 0x80004e2c (0x03079003) lh      zero, 48(a5)
core   0: 3 0x80004e2c (0x03079003) mem 0x80015df0
core   0: 0x80004e30 (0x03cb4013) xori    zero, s6, 60
core   0: 3 0x80004e30 (0x03cb4013)
core   0: 0x80004e34 (0xc160c913) xori    s2, ra, -1002
core   0: 3 0x80004e34 (0xc160c913) x18 0xfffffc3a
core   0: 0x80004e38 (0x0000100f) fence.i
core   0: 3 0x80004e38 (0x0000100f)
core   0: 0x80004e3c (0x7502ac37) lui     s8, 0x7502a
core   0: 3 0x80004e3c (0x7502ac37) x24 0x7502a000
core   0: 0x80004e40 (0x01d55d93) srli    s11, a0, 29
core   0: 3 0x80004e40 (0x01d55d93) x27 0x00000000
core   0: 0x80004e44 (0x00a7c583) lbu     a1, 10(a5)
core   0: 3 0x80004e44 (0x00a7c583) x11 0x00000081 mem 0x80015dca
core   0: 0x80004e48 (0xfe878aa3) sb      s0, -11(a5)
core   0: 3 0x80004e48 (0xfe878aa3) mem 0x80015db5 0x5b
core   0: 0x80004e4c (0xfee79003) lh      zero, -18(a5)
core   0: 3 0x80004e4c (0xfee79003) mem 0x80015dae
core   0: 0x80004e50 (0x03d78b23) sb      t4, 54(a5)
core   0: 3 0x80004e50 (0x03d78b23) mem 0x80015df6 0x0
core   0: 0x80004e54 (0x0ff0000f) fence   iorw,iorw
core   0: 3 0x80004e54 (0x0ff0000f)
core   0: 0x80004e58 (0xfc679f83) lh      t6, -58(a5)
core   0: 3 0x80004e58 (0xfc679f83) x31 0x00003c3d mem 0x80015d86
core   0: 0x80004e5c (0xff079023) sh      a6, -32(a5)
core   0: 3 0x80004e5c (0xff079023) mem 0x80015da0 0x1685
core   0: 0x80004e60 (0x02478523) sb      tp, 42(a5)
core   0: 3 0x80004e60 (0x02478523) mem 0x80015dea 0x89
core   0: 0x80004e64 (0x626a8913) addi    s2, s5, 1574
core   0: 3 0x80004e64 (0x626a8913) x18 0x8001ce2a
core   0: 0x80004e68 (0x03578303) lb      t1, 53(a5)
core   0: 3 0x80004e68 (0x03578303) x 6 0xffffffe4 mem 0x80015df5
core   0: 0x80004e6c (0xfee7a023) sw      a4, -32(a5)
core   0: 3 0x80004e6c (0xfee7a023) mem 0x80015da0 0x00000034
core   0: 0x80004e70 (0x02e79023) sh      a4, 32(a5)
core   0: 3 0x80004e70 (0x02e79023) mem 0x80015de0 0x0034
core   0: 0x80004e74 (0xfcc79a23) sh      a2, -44(a5)
core   0: 3 0x80004e74 (0xfcc79a23) mem 0x80015d94 0x0000
core   0: 0x80004e78 (0x00011797) auipc   a5, 0x11
core   0: 3 0x80004e78 (0x00011797) x15 0x80015e78
core   0: 0x80004e7c (0xa7178793) addi    a5, a5, -1423
core   0: 3 0x80004e7c (0xa7178793) x15 0x800158e9
core   0: 0x80004e80 (0x41175e93) srai    t4, a4, 17
core   0: 3 0x80004e80 (0x41175e93) x29 0x00000000
core   0: 0x80004e84 (0x00079c13) slli    s8, a5, 0
core   0: 3 0x80004e84 (0x00079c13) x24 0x800158e9
core   0: 0x80004e88 (0xfc27c003) lbu     zero, -62(a5)
core   0: 3 0x80004e88 (0xfc27c003) mem 0x800158ab
core   0: 0x80004e8c (0xfe1796a3) sh      ra, -19(a5)
core   0: 3 0x80004e8c (0xfe1796a3) mem 0x800158d6 0x002c
core   0: 0x80004e90 (0x03b7c603) lbu     a2, 59(a5)
core   0: 3 0x80004e90 (0x03b7c603) x12 0x000000df mem 0x80015924
core   0: 0x80004e94 (0x3429ac93) slti    s9, s3, 834
core   0: 3 0x80004e94 (0x3429ac93) x25 0x00000001
core   0: 0x80004e98 (0xffe78003) lb      zero, -2(a5)
core   0: 3 0x80004e98 (0xffe78003) mem 0x800158e7
core   0: 0x80004e9c (0xffe7c483) lbu     s1, -2(a5)
core   0: 3 0x80004e9c (0xffe7c483) x 9 0x0000009c mem 0x800158e7
core   0: 0x80004ea0 (0xfe078803) lb      a6, -32(a5)
core   0: 3 0x80004ea0 (0xfe078803) x16 0xffffff82 mem 0x800158c9
core   0: 0x80004ea4 (0x61176217) auipc   tp, 0x61176
core   0: 3 0x80004ea4 (0x61176217) x 4 0xe117aea4
core   0: 0x80004ea8 (0x00378d23) sb      gp, 26(a5)
core   0: 3 0x80004ea8 (0x00378d23) mem 0x80015903 0xb4
core   0: 0x80004eac (0xa4933893) sltiu   a7, t1, -1463
core   0: 3 0x80004eac (0xa4933893) x17 0x00000000
core   0: 0x80004eb0 (0x0167c883) lbu     a7, 22(a5)
core   0: 3 0x80004eb0 (0x0167c883) x17 0x000000b4 mem 0x800158ff
core   0: 0x80004eb4 (0x40ff0293) addi    t0, t5, 1039
core   0: 3 0x80004eb4 (0x40ff0293) x 5 0x8001548a
core   0: 0x80004eb8 (0x0185e2b3) or      t0, a1, s8
core   0: 3 0x80004eb8 (0x0185e2b3) x 5 0x800158e9
core   0: 0x80004ebc (0x01b78b83) lb      s7, 27(a5)
core   0: 3 0x80004ebc (0x01b78b83) x23 0xffffffbf mem 0x80015904
core   0: 0x80004ec0 (0xfed7a7a3) sw      a3, -17(a5)
core   0: 3 0x80004ec0 (0xfed7a7a3) mem 0x800158d8 0x80000000
core   0: 0x80004ec4 (0xfea7ca83) lbu     s5, -22(a5)
core   0: 3 0x80004ec4 (0xfea7ca83) x21 0x00000088 mem 0x800158d3
core   0: 0x80004ec8 (0xfd47c603) lbu     a2, -44(a5)
core   0: 3 0x80004ec8 (0xfd47c603) x12 0x00000076 mem 0x800158bd
core   0: 0x80004ecc (0xfe078f23) sb      zero, -2(a5)
core   0: 3 0x80004ecc (0xfe078f23) mem 0x800158e7 0x0
core   0: 0x80004ed0 (0x01ef0033) add     zero, t5, t5
core   0: 3 0x80004ed0 (0x01ef0033)
core   0: 0x80004ed4 (0x01d87a33) and     s4, a6, t4
core   0: 3 0x80004ed4 (0x01d87a33) x20 0x00000000
core   0: 0x80004ed8 (0x01d7be33) sltu    t3, a5, t4
core   0: 3 0x80004ed8 (0x01d7be33) x28 0x00000000
core   0: 0x80004edc (0x019eb1b3) sltu    gp, t4, s9
core   0: 3 0x80004edc (0x019eb1b3) x 3 0x00000001
core   0: 0x80004ee0 (0x97423317) auipc   t1, 0x97423
core   0: 3 0x80004ee0 (0x97423317) x 6 0x17427ee0
core   0: 0x80004ee4 (0x03578723) sb      s5, 46(a5)
core   0: 3 0x80004ee4 (0x03578723) mem 0x80015917 0x88
core   0: 0x80004ee8 (0x00f0e433) or      s0, ra, a5
core   0: 3 0x80004ee8 (0x00f0e433) x 8 0x800158ed
core   0: 0x80004eec (0x005bbfb3) sltu    t6, s7, t0
core   0: 3 0x80004eec (0x005bbfb3) x31 0x00000000
core   0: 0x80004ef0 (0xfd27c703) lbu     a4, -46(a5)
core   0: 3 0x80004ef0 (0xfd27c703) x14 0x00000070 mem 0x800158bb
core   0: 0x80004ef4 (0x00000013) nop
core   0: 3 0x80004ef4 (0x00000013)
core   0: 0x80004ef8 (0xffd79b03) lh      s6, -3(a5)
core   0: 3 0x80004ef8 (0xffd79b03) x22 0x0000009d mem 0x800158e6
core   0: 0x80004efc (0x27728f13) addi    t5, t0, 631
core   0: 3 0x80004efc (0x27728f13) x30 0x80015b60
core   0: 0x80004f00 (0x03c78603) lb      a2, 60(a5)
core   0: 3 0x80004f00 (0x03c78603) x12 0xffffffde mem 0x80015925
core   0: 0x80004f04 (0x00a3d713) srli    a4, t2, 10
core   0: 3 0x80004f04 (0x00a3d713) x14 0x003fffff
core   0: 0x80004f08 (0x0122efb3) or      t6, t0, s2
core   0: 3 0x80004f08 (0x0122efb3) x31 0x8001deeb
core   0: 0x80004f0c (0x40b88f33) sub     t5, a7, a1
core   0: 3 0x80004f0c (0x40b88f33) x30 0x00000033
core   0: 0x80004f10 (0x02678223) sb      t1, 36(a5)
core   0: 3 0x80004f10 (0x02678223) mem 0x8001590d 0xe0
core   0: 0x80004f14 (0x00528d33) add     s10, t0, t0
core   0: 3 0x80004f14 (0x00528d33) x26 0x0002b1d2
core   0: 0x80004f18 (0x02b7d303) lhu     t1, 43(a5)
core   0: 3 0x80004f18 (0x02b7d303) x 6 0x0000ffd3 mem 0x80015914
core   0: 0x80004f1c (0xfdb7c583) lbu     a1, -37(a5)
core   0: 3 0x80004f1c (0xfdb7c583) x11 0x0000007f mem 0x800158c4
core   0: 0x80004f20 (0x00018b97) auipc   s7, 0x18
core   0: 3 0x80004f20 (0x00018b97) x23 0x8001cf20
core   0: 0x80004f24 (0x590b8b93) addi    s7, s7, 1424
core   0: 3 0x80004f24 (0x590b8b93) x23 0x8001d4b0
core   0: 0x80004f28 (0x0ff0000f) fence   iorw,iorw
core   0: 3 0x80004f28 (0x0ff0000f)
core   0: 0x80004f2c (0xef2b0a13) addi    s4, s6, -270
core   0: 3 0x80004f2c (0xef2b0a13) x20 0xffffff8f
core   0: 0x80004f30 (0x85c2f193) andi    gp, t0, -1956
core   0: 3 0x80004f30 (0x85c2f193) x 3 0x80015848
core   0: 0x80004f34 (0x9975b517) auipc   a0, 0x9975b
core   0: 3 0x80004f34 (0x9975b517) x10 0x1975ff34
core   0: 0x80004f38 (0xfc4baa83) lw      s5, -60(s7)
core   0: 3 0x80004f38 (0xfc4baa83) x21 0x2c2d2e2f mem 0x8001d474
core   0: 0x80004f3c (0x276b2e93) slti    t4, s6, 630
core   0: 3 0x80004f3c (0x276b2e93) x29 0x00000001
core   0: 0x80004f40 (0x00000013) nop
core   0: 3 0x80004f40 (0x00000013)
core   0: 0x80004f44 (0x012b9c03) lh      s8, 18(s7)
core   0: 3 0x80004f44 (0x012b9c03) x24 0x00007879 mem 0x8001d4c2
core   0: 0x80004f48 (0x009a1a93) slli    s5, s4, 9
core   0: 3 0x80004f48 (0x009a1a93) x21 0xffff1e00
core   0: 0x80004f4c (0xfdebc503) lbu     a0, -34(s7)
core   0: 3 0x80004f4c (0xfdebc503) x10 0x00000045 mem 0x8001d48e
core   0: 0x80004f50 (0x00ddd533) srl     a0, s11, a3
core   0: 3 0x80004f50 (0x00ddd533) x10 0x00000000
core   0: 0x80004f54 (0x41800d33) sub     s10, zero, s8
core   0: 3 0x80004f54 (0x41800d33) x26 0xffff8787
core   0: 0x80004f58 (0xfd2bd503) lhu     a0, -46(s7)
core   0: 3 0x80004f58 (0xfd2bd503) x10 0x00003839 mem 0x8001d482
core   0: 0x80004f5c (0xfe9b86a3) sb      s1, -19(s7)
core   0: 3 0x80004f5c (0xfe9b86a3) mem 0x8001d49d 0x9c
core   0: 0x80004f60 (0x020b9823) sh      zero, 48(s7)
core   0: 3 0x80004f60 (0x020b9823) mem 0x8001d4e0 0x0000
core   0: 0x80004f64 (0xfe9b89a3) sb      s1, -13(s7)
core   0: 3 0x80004f64 (0xfe9b89a3) mem 0x8001d4a3 0x9c
core   0: 0x80004f68 (0x4a290cb7) lui     s9, 0x4a290
core   0: 3 0x80004f68 (0x4a290cb7) x25 0x4a290000
core   0: 0x80004f6c (0xfdfbc483) lbu     s1, -33(s7)
core   0: 3 0x80004f6c (0xfdfbc483) x 9 0x00000000 mem 0x8001d48f
core   0: 0x80004f70 (0xfc2b83a3) sb      sp, -57(s7)
core   0: 3 0x80004f70 (0xfc2b83a3) mem 0x8001d477 0xe4
core   0: 0x80004f74 (0xfc3b8483) lb      s1, -61(s7)
core   0: 3 0x80004f74 (0xfc3b8483) x 9 0x00000028 mem 0x8001d473
core   0: 0x80004f78 (0xff5bc303) lbu     t1, -11(s7)
core   0: 3 0x80004f78 (0xff5bc303) x 6 0x0000005e mem 0x8001d4a5
core   0: 0x80004f7c (0x023b8303) lb      t1, 35(s7)
core   0: 3 0x80004f7c (0x023b8303) x 6 0xffffff88 mem 0x8001d4d3
core   0: 0x80004f80 (0xfccbad83) lw      s11, -52(s7)
core   0: 3 0x80004f80 (0xfccbad83) x27 0x34353637 mem 0x8001d47c
core   0: 0x80004f84 (0x5f765717) auipc   a4, 0x5f765
core   0: 3 0x80004f84 (0x5f765717) x14 0xdf769f84
core   0: 0x80004f88 (0x0000100f) fence.i
core   0: 3 0x80004f88 (0x0000100f)
core   0: 0x80004f8c (0xea38ff13) andi    t5, a7, -349
core   0: 3 0x80004f8c (0xea38ff13) x30 0x000000a0
core   0: 0x80004f90 (0x0000100f) fence.i
core   0: 3 0x80004f90 (0x0000100f)
core   0: 0x80004f94 (0xbbacfa13) andi    s4, s9, -1094
core   0: 3 0x80004f94 (0xbbacfa13) x20 0x4a290000
core   0: 0x80004f98 (0x0ff0000f) fence   iorw,iorw
core   0: 3 0x80004f98 (0x0ff0000f)
core   0: 0x80004f9c (0xb1c6f893) andi    a7, a3, -1252
core   0: 3 0x80004f9c (0xb1c6f893) x17 0x80000000
core   0: 0x80004fa0 (0x00921f13) slli    t5, tp, 9
core   0: 3 0x80004fa0 (0x00921f13) x30 0x2f5d4800
core   0: 0x80004fa4 (0xfe9b8fa3) sb      s1, -1(s7)
core   0: 3 0x80004fa4 (0xfe9b8fa3) mem 0x8001d4af 0x28
core   0: 0x80004fa8 (0xff2b9603) lh      a2, -14(s7)
core   0: 3 0x80004fa8 (0xff2b9603) x12 0xffff9c59 mem 0x8001d4a2
core   0: 0x80004fac (0xca1a7e13) andi    t3, s4, -863
core   0: 3 0x80004fac (0xca1a7e13) x28 0x4a290000
core   0: 0x80004fb0 (0xfecb9c83) lh      s9, -20(s7)
core   0: 3 0x80004fb0 (0xfecb9c83) x25 0xffff9c57 mem 0x8001d49c
core   0: 0x80004fb4 (0x4078deb3) sra     t4, a7, t2
core   0: 3 0x80004fb4 (0x4078deb3) x29 0xfffc0000
core   0: 0x80004fb8 (0xfc4b9303) lh      t1, -60(s7)
core   0: 3 0x80004fb8 (0xfc4b9303) x 6 0x00002e2f mem 0x8001d474
core   0: 0x80004fbc (0x01116933) or      s2, sp, a7
core   0: 3 0x80004fbc (0x01116933) x18 0x8002ece4
core   0: 0x80004fc0 (0x2c580513) addi    a0, a6, 709
core   0: 3 0x80004fc0 (0x2c580513) x10 0x00000247
core   0: 0x80004fc4 (0xff7b81a3) sb      s7, -29(s7)
core   0: 3 0x80004fc4 (0xff7b81a3) mem 0x8001d493 0xb0
core   0: 0x80004fc8 (0xfefba023) sw      a5, -32(s7)
core   0: 3 0x80004fc8 (0xfefba023) mem 0x8001d490 0x800158e9
core   0: 0x80004fcc (0x00014d97) auipc   s11, 0x14
core   0: 3 0x80004fcc (0x00014d97) x27 0x80018fcc
core   0: 0x80004fd0 (0x6ced8d93) addi    s11, s11, 1742
core   0: 3 0x80004fd0 (0x6ced8d93) x27 0x8001969a
core   0: 0x80004fd4 (0xff0dce83) lbu     t4, -16(s11)
core   0: 3 0x80004fd4 (0xff0dce83) x29 0x00000041 mem 0x8001968a
core   0: 0x80004fd8 (0x00bd8c03) lb      s8, 11(s11)
core   0: 3 0x80004fd8 (0x00bd8c03) x24 0x0000005e mem 0x800196a5
core   0: 0x80004fdc (0x004d8d03) lb      s10, 4(s11)
core   0: 3 0x80004fdc (0x004d8d03) x26 0x00000055 mem 0x8001969e
core   0: 0x80004fe0 (0x5e412313) slti    t1, sp, 1508
core   0: 3 0x80004fe0 (0x5e412313) x 6 0x00000001
core   0: 0x80004fe4 (0x004d8123) sb      tp, 2(s11)
core   0: 3 0x80004fe4 (0x004d8123) mem 0x8001969c 0xa4
core   0: 0x80004fe8 (0x001d8803) lb      a6, 1(s11)
core   0: 3 0x80004fe8 (0x001d8803) x16 0x00000050 mem 0x8001969b
core   0: 0x80004fec (0x00edaa83) lw      s5, 14(s11)
core   0: 3 0x80004fec (0x00edaa83) x21 0x60616263 mem 0x800196a8
core   0: 0x80004ff0 (0xff3d8603) lb      a2, -13(s11)
core   0: 3 0x80004ff0 (0xff3d8603) x12 0x00000046 mem 0x8001968d
core   0: 0x80004ff4 (0x00a921b3) slt     gp, s2, a0
core   0: 3 0x80004ff4 (0x00a921b3) x 3 0x00000001
core   0: 0x80004ff8 (0xff9dcd03) lbu     s10, -7(s11)
core   0: 3 0x80004ff8 (0xff9dcd03) x26 0x00000048 mem 0x80019693
core   0: 0x80004ffc (0xff5d8c83) lb      s9, -11(s11)
core   0: 3 0x80004ffc (0xff5d8c83) x25 0x00000044 mem 0x8001968f
core   0: 0x80005000 (0x6c72f293) andi    t0, t0, 1735
core   0: 3 0x80005000 (0x6c72f293) x 5 0x000000c1
core   0: 0x80005004 (0x00ada523) sw      a0, 10(s11)
core   0: 3 0x80005004 (0x00ada523) mem 0x800196a4 0x00000247
core   0: 0x80005008 (0x02044a93) xori    s5, s0, 32
core   0: 3 0x80005008 (0x02044a93) x21 0x800158cd
core   0: 0x8000500c (0xff3d9f23) sh      s3, -2(s11)
core   0: 3 0x8000500c (0xff3d9f23) mem 0x80019698 0xae64
core   0: 0x80005010 (0x00ed8283) lb      t0, 14(s11)
core   0: 3 0x80005010 (0x00ed8283) x 5 0x00000063 mem 0x800196a8
core   0: 0x80005014 (0x01dc61b3) or      gp, s8, t4
core   0: 3 0x80005014 (0x01dc61b3) x 3 0x0000005f
core   0: 0x80005018 (0xfffd8e03) lb      t3, -1(s11)
core   0: 3 0x80005018 (0xfffd8e03) x28 0xffffffae mem 0x80019699
core   0: 0x8000501c (0x000d8503) lb      a0, 0(s11)
core   0: 3 0x8000501c (0x000d8503) x10 0x00000051 mem 0x8001969a
core   0: 0x80005020 (0xffbdc883) lbu     a7, -5(s11)
core   0: 3 0x80005020 (0xffbdc883) x17 0x0000004e mem 0x80019695
core   0: 0x80005024 (0xff3dc003) lbu     zero, -13(s11)
core   0: 3 0x80005024 (0xff3dc003) mem 0x8001968d
core   0: 0x80005028 (0x4174d5b3) sra     a1, s1, s7
core   0: 3 0x80005028 (0x4174d5b3) x11 0x00000000
core   0: 0x8000502c (0xffdd8703) lb      a4, -3(s11)
core   0: 3 0x8000502c (0xffdd8703) x14 0x0000004c mem 0x80019697
core   0: 0x80005030 (0x018d84a3) sb      s8, 9(s11)
core   0: 3 0x80005030 (0x018d84a3) mem 0x800196a3 0x5e
core   0: 0x80005034 (0x00bdc783) lbu     a5, 11(s11)
core   0: 3 0x80005034 (0x00bdc783) x15 0x00000002 mem 0x800196a5
core   0: 0x80005038 (0xff8ddf83) lhu     t6, -8(s11)
core   0: 3 0x80005038 (0xff8ddf83) x31 0x00004849 mem 0x80019692
core   0: 0x8000503c (0x00000013) nop
core   0: 3 0x8000503c (0x00000013)
core   0: 0x80005040 (0x013d9123) sh      s3, 2(s11)
core   0: 3 0x80005040 (0x013d9123) mem 0x8001969c 0xae64
core   0: 0x80005044 (0x007ef0b3) and     ra, t4, t2
core   0: 3 0x80005044 (0x007ef0b3) x 1 0x00000001
core   0: 0x80005048 (0x4fc9f337) lui     t1, 0x4fc9f
core   0: 3 0x80005048 (0x4fc9f337) x 6 0x4fc9f000
core   0: 0x8000504c (0xff1daf23) sw      a7, -2(s11)
core   0: 3 0x8000504c (0xff1daf23) mem 0x80019698 0x0000004e
core   0: 0x80005050 (0x008b6ab3) or      s5, s6, s0
core   0: 3 0x80005050 (0x008b6ab3) x21 0x800158fd
core   0: 0x80005054 (0x0116d893) srli    a7, a3, 17
core   0: 3 0x80005054 (0x0116d893) x17 0x00004000
core   0: 0x80005058 (0x418edb93) srai    s7, t4, 24
core   0: 3 0x80005058 (0x418edb93) x23 0x00000000
core   0: 0x8000505c (0x005d8783) lb      a5, 5(s11)
core   0: 3 0x8000505c (0x005d8783) x15 0x00000054 mem 0x8001969f
core   0: 0x80005060 (0xff4dc803) lbu     a6, -12(s11)
core   0: 3 0x80005060 (0xff4dc803) x16 0x00000045 mem 0x8001968e
core   0: 0x80005064 (0x006daa83) lw      s5, 6(s11)
core   0: 3 0x80005064 (0x006daa83) x21 0x5e595a5b mem 0x800196a0
core   0: 0x80005068 (0x008d9603) lh      a2, 8(s11)
core   0: 3 0x80005068 (0x008d9603) x12 0x00005e59 mem 0x800196a2
core   0: 0x8000506c (0xffbd88a3) sb      s11, -15(s11)
core   0: 3 0x8000506c (0xffbd88a3) mem 0x8001968b 0x9a
core   0: 0x80005070 (0x9e27bf13) sltiu   t5, a5, -1566
core   0: 3 0x80005070 (0x9e27bf13) x30 0x00000001
core   0: 0x80005074 (0x003c5613) srli    a2, s8, 3
core   0: 3 0x80005074 (0x003c5613) x12 0x0000000b
core   0: 0x80005078 (0x36c88f93) addi    t6, a7, 876
core   0: 3 0x80005078 (0x36c88f93) x31 0x0000436c
core   0: 0x8000507c (0x010d9603) lh      a2, 16(s11)
core   0: 3 0x8000507c (0x010d9603) x12 0x00006061 mem 0x800196aa
core   0: 0x80005080 (0x00011e17) auipc   t3, 0x11
core   0: 3 0x80005080 (0x00011e17) x28 0x80016080
core   0: 0x80005084 (0xa4fe0e13) addi    t3, t3, -1457
core   0: 3 0x80005084 (0xa4fe0e13) x28 0x80015acf
core   0: 0x80005088 (0x00f7ceb3) xor     t4, a5, a5
core   0: 3 0x80005088 (0x00f7ceb3) x29 0x00000000
core   0: 0x8000508c (0x00fe1d83) lh      s11, 15(t3)
core   0: 3 0x8000508c (0x00fe1d83) x27 0xffff9495 mem 0x80015ade
core   0: 0x80005090 (0xff9e2803) lw      a6, -7(t3)
core   0: 3 0x80005090 (0xff9e2803) x16 0x80e48283 mem 0x80015ac8
core   0: 0x80005094 (0x003e1783) lh      a5, 3(t3)
core   0: 3 0x80005094 (0x003e1783) x15 0x00000000 mem 0x80015ad2
core   0: 0x80005098 (0x01c92033) slt     zero, s2, t3
core   0: 3 0x80005098 (0x01c92033)
core   0: 0x8000509c (0xa1dc6f93) ori     t6, s8, -1507
core   0: 3 0x8000509c (0xa1dc6f93) x31 0xfffffa5f
core   0: 0x800050a0 (0x41250933) sub     s2, a0, s2
core   0: 3 0x800050a0 (0x41250933) x18 0x7ffd136d
core   0: 0x800050a4 (0x006903b3) add     t2, s2, t1
core   0: 3 0x800050a4 (0x006903b3) x 7 0xcfc7036d
core   0: 0x800050a8 (0x5550e713) ori     a4, ra, 1365
core   0: 3 0x800050a8 (0x5550e713) x14 0x00000555
core   0: 0x800050ac (0x00041cb3) sll     s9, s0, zero
core   0: 3 0x800050ac (0x00041cb3) x25 0x800158ed
core   0: 0x800050b0 (0x66530613) addi    a2, t1, 1637
core   0: 3 0x800050b0 (0x66530613) x12 0x4fc9f665
core   0: 0x800050b4 (0x00fe1603) lh      a2, 15(t3)
core   0: 3 0x800050b4 (0x00fe1603) x12 0xffff9495 mem 0x80015ade
core   0: 0x800050b8 (0xff3e4303) lbu     t1, -13(t3)
core   0: 3 0x800050b8 (0xff3e4303) x 6 0x00000079 mem 0x80015ac2
core   0: 0x800050bc (0x000c2433) slt     s0, s8, zero
core   0: 3 0x800050bc (0x000c2433) x 8 0x00000000
core   0: 0x800050c0 (0x002e0d03) lb      s10, 2(t3)
core   0: 3 0x800050c0 (0x002e0d03) x26 0x00000000 mem 0x80015ad1
core   0: 0x800050c4 (0xff1e4f83) lbu     t6, -15(t3)
core   0: 3 0x800050c4 (0xff1e4f83) x31 0x0000007b mem 0x80015ac0
core   0: 0x800050c8 (0x006b5b13) srli    s6, s6, 6
core   0: 3 0x800050c8 (0x006b5b13) x22 0x00000002
core   0: 0x800050cc (0xffee4c03) lbu     s8, -2(t3)
core   0: 3 0x800050cc (0xffee4c03) x24 0x000000fe mem 0x80015acd
core   0: 0x800050d0 (0x004fd493) srli    s1, t6, 4
core   0: 3 0x800050d0 (0x004fd493) x 9 0x00000007
core   0: 0x800050d4 (0x0163dc93) srli    s9, t2, 22
core   0: 3 0x800050d4 (0x0163dc93) x25 0x0000033f
core   0: 0x800050d8 (0x000e4483) lbu     s1, 0(t3)
core   0: 3 0x800050d8 (0x000e4483) x 9 0x00000084 mem 0x80015acf
core   0: 0x800050dc (0xd87fce93) xori    t4, t6, -633
core   0: 3 0x800050dc (0xd87fce93) x29 0xfffffdfc
core   0: 0x800050e0 (0x0ff0000f) fence   iorw,iorw
core   0: 3 0x800050e0 (0x0ff0000f)
core   0: 0x800050e4 (0x00de5783) lhu     a5, 13(t3)
core   0: 3 0x800050e4 (0x00de5783) x15 0x0000ffac mem 0x80015adc
core   0: 0x800050e8 (0x015c2433) slt     s0, s8, s5
core   0: 3 0x800050e8 (0x015c2433) x 8 0x00000001
core   0: 0x800050ec (0x0140ad33) slt     s10, ra, s4
core   0: 3 0x800050ec (0x0140ad33) x26 0x00000001
core   0: 0x800050f0 (0x601e3a17) auipc   s4, 0x601e3
core   0: 3 0x800050f0 (0x601e3a17) x20 0xe01e80f0
core   0: 0x800050f4 (0x41b458b3) sra     a7, s0, s11
core   0: 3 0x800050f4 (0x41b458b3) x17 0x00000000
core   0: 0x800050f8 (0x0ff0000f) fence   iorw,iorw
core   0: 3 0x800050f8 (0x0ff0000f)
core   0: 0x800050fc (0x001e0823) sb      ra, 16(t3)
core   0: 3 0x800050fc (0x001e0823) mem 0x80015adf 0x1
core   0: 0x80005100 (0x0167c0b3) xor     ra, a5, s6
core   0: 3 0x80005100 (0x0167c0b3) x 1 0x0000ffae
core   0: 0x80005104 (0xff3e1803) lh      a6, -13(t3)
core   0: 3 0x80005104 (0xff3e1803) x16 0x00007879 mem 0x80015ac2
core   0: 0x80005108 (0xd15bd217) auipc   tp, 0xd15bd
core   0: 3 0x80005108 (0xd15bd217) x 4 0x515c2108
core   0: 0x8000510c (0x0000100f) fence.i
core   0: 3 0x8000510c (0x0000100f)
core   0: 0x80005110 (0x00a5c8b3) xor     a7, a1, a0
core   0: 3 0x80005110 (0x00a5c8b3) x17 0x00000051
core   0: 0x80005114 (0x00555093) srli    ra, a0, 5
core   0: 3 0x80005114 (0x00555093) x 1 0x00000002
core   0: 0x80005118 (0xff2e4583) lbu     a1, -14(t3)
core   0: 3 0x80005118 (0xff2e4583) x11 0x00000017 mem 0x80015ac1
core   0: 0x8000511c (0x00010417) auipc   s0, 0x10
core   0: 3 0x8000511c (0x00010417) x 8 0x8001511c
core   0: 0x80005120 (0x47240413) addi    s0, s0, 1138
core   0: 3 0x80005120 (0x47240413) x 8 0x8001558e
core   0: 0x80005124 (0xffa44783) lbu     a5, -6(s0)
core   0: 3 0x80005124 (0xffa44783) x15 0x00000043 mem 0x80015588
core   0: 0x80005128 (0x0001ea97) auipc   s5, 0x1e
core   0: 3 0x80005128 (0x0001ea97) x21 0x80023128
core   0: 0x8000512c (0x587a8a93) addi    s5, s5, 1415
core   0: 3 0x8000512c (0x587a8a93) x21 0x800236af
core   0: 0x80005130 (0x008400a3) sb      s0, 1(s0)
core   0: 3 0x80005130 (0x008400a3) mem 0x8001558f 0x8e
core   0: 0x80005134 (0x01baa0a3) sw      s11, 1(s5)
core   0: 3 0x80005134 (0x01baa0a3) mem 0x800236b0 0xffff9495
core   0: 0x80005138 (0x010a8e83) lb      t4, 16(s5)
core   0: 3 0x80005138 (0x010a8e83) x29 0x00000074 mem 0x800236bf
core   0: 0x8000513c (0x00242883) lw      a7, 2(s0)
core   0: 3 0x8000513c (0x00242883) x17 0x48494a4b mem 0x80015590
core   0: 0x80005140 (0x00eacf03) lbu     t5, 14(s5)
core   0: 3 0x80005140 (0x00eacf03) x30 0x00000076 mem 0x800236bd
core   0: 0x80005144 (0xff940883) lb      a7, -7(s0)
core   0: 3 0x80005144 (0xff940883) x17 0x0000003c mem 0x80015587
core   0: 0x80005148 (0xfe241f23) sh      sp, -2(s0)
core   0: 3 0x80005148 (0xfe241f23) mem 0x8001558c 0xece4
core   0: 0x8000514c (0xfeca8c23) sb      a2, -8(s5)
core   0: 3 0x8000514c (0xfeca8c23) mem 0x800236a7 0x95
core   0: 0x80005150 (0x00b44483) lbu     s1, 11(s0)
core   0: 3 0x80005150 (0x00b44483) x 9 0x00000052 mem 0x80015599
core   0: 0x80005154 (0xfffa8d23) sb      t6, -6(s5)
core   0: 3 0x80005154 (0xfffa8d23) mem 0x800236a9 0x7b
core   0: 0x80005158 (0x003ada03) lhu     s4, 3(s5)
core   0: 3 0x80005158 (0x003ada03) x20 0x0000ffff mem 0x800236b2
core   0: 0x8000515c (0x00044183) lbu     gp, 0(s0)
core   0: 3 0x8000515c (0x00044183) x 3 0x00000045 mem 0x8001558e
core   0: 0x80005160 (0x005aa503) lw      a0, 5(s5)
core   0: 3 0x80005160 (0x005aa503) x10 0x6c6de46f mem 0x800236b4
core   0: 0x80005164 (0x00016817) auipc   a6, 0x16
core   0: 3 0x80005164 (0x00016817) x16 0x8001b164
core   0: 0x80005168 (0x5a280813) addi    a6, a6, 1442
core   0: 3 0x80005168 (0x5a280813) x16 0x8001b706
core   0: 0x8000516c (0xa855f193) andi    gp, a1, -1403
core   0: 3 0x8000516c (0xa855f193) x 3 0x00000005
core   0: 0x80005170 (0xffe81c03) lh      s8, -2(a6)
core   0: 3 0x80005170 (0xffe81c03) x24 0xffffbebf mem 0x8001b704
core   0: 0x80005174 (0xffe82b03) lw      s6, -2(a6)
core   0: 3 0x80005174 (0xffe82b03) x22 0xbcbdbebf mem 0x8001b704
core   0: 0x80005178 (0xfff801a3) sb      t6, -29(a6)
core   0: 3 0x80005178 (0xfff801a3) mem 0x8001b6e9 0x7b
core   0: 0x8000517c (0x2b931a97) auipc   s5, 0x2b931
core   0: 3 0x8000517c (0x2b931a97) x21 0xab93617c
core   0: 0x80005180 (0xfef801a3) sb      a5, -29(a6)
core   0: 3 0x80005180 (0xfef801a3) mem 0x8001b6e9 0x43
core   0: 0x80005184 (0xff4801a3) sb      s4, -29(a6)
core   0: 3 0x80005184 (0xff4801a3) mem 0x8001b6e9 0xff
core   0: 0x80005188 (0xfe384b83) lbu     s7, -29(a6)
core   0: 3 0x80005188 (0xfe384b83) x23 0x000000ff mem 0x8001b6e9
core   0: 0x8000518c (0x01ed2eb3) slt     t4, s10, t5
core   0: 3 0x8000518c (0x01ed2eb3) x29 0x00000001
core   0: 0x80005190 (0x93f32f93) slti    t6, t1, -1729
core   0: 3 0x80005190 (0x93f32f93) x31 0x00000000
core   0: 0x80005194 (0xfe384c03) lbu     s8, -29(a6)
core   0: 3 0x80005194 (0xfe384c03) x24 0x000000ff mem 0x8001b6e9
core   0: 0x80005198 (0x16ebbf13) sltiu   t5, s7, 366
core   0: 3 0x80005198 (0x16ebbf13) x30 0x00000001
core   0: 0x8000519c (0xfe380603) lb      a2, -29(a6)
core   0: 3 0x8000519c (0xfe380603) x12 0xffffffff mem 0x8001b6e9
core   0: 0x800051a0 (0xffd81623) sh      t4, -20(a6)
core   0: 3 0x800051a0 (0xffd81623) mem 0x8001b6f2 0x0001
core   0: 0x800051a4 (0xbf08bd93) sltiu   s11, a7, -1040
core   0: 3 0x800051a4 (0xbf08bd93) x27 0x00000001
core   0: 0x800051a8 (0xfda84d83) lbu     s11, -38(a6)
core   0: 3 0x800051a8 (0xfda84d83) x27 0x0000009b mem 0x8001b6e0
core   0: 0x800051ac (0x00011c17) auipc   s8, 0x11
core   0: 3 0x800051ac (0x00011c17) x24 0x800161ac
core   0: 0x800051b0 (0xc8cc0c13) addi    s8, s8, -884
core   0: 3 0x800051b0 (0xc8cc0c13) x24 0x80015e38
core   0: 0x800051b4 (0x00011497) auipc   s1, 0x11
core   0: 3 0x800051b4 (0x00011497) x 9 0x800161b4
core   0: 0x800051b8 (0xb1e48493) addi    s1, s1, -1250
core   0: 3 0x800051b8 (0xb1e48493) x 9 0x80015cd2
core   0: 0x800051bc (0x00010517) auipc   a0, 0x10
core   0: 3 0x800051bc (0x00010517) x10 0x800151bc
core   0: 0x800051c0 (0x29e50513) addi    a0, a0, 670
core   0: 3 0x800051c0 (0x29e50513) x10 0x8001545a
core   0: 0x800051c4 (0x00c49923) sh      a2, 18(s1)
core   0: 3 0x800051c4 (0x00c49923) mem 0x80015ce4 0xffff
core   0: 0x800051c8 (0x06950a23) sb      s1, 116(a0)
core   0: 3 0x800051c8 (0x06950a23) mem 0x800154ce 0xd2
core   0: 0x800051cc (0xfef4c183) lbu     gp, -17(s1)
core   0: 3 0x800051cc (0xfef4c183) x 3 0x0000007a mem 0x80015cc1
core   0: 0x800051d0 (0xf22c2823) sw      sp, -208(s8)
core   0: 3 0x800051d0 (0xf22c2823) mem 0x80015d68 0x8002ece4
core   0: 0x800051d4 (0x02948ba3) sb      s1, 55(s1)
core   0: 3 0x800051d4 (0x02948ba3) mem 0x80015d09 0xd2
core   0: 0x800051d8 (0xfe0c0403) lb      s0, -32(s8)
core   0: 3 0x800051d8 (0xfe0c0403) x 8 0xffffffd3 mem 0x80015e18
core   0: 0x800051dc (0xfd948c23) sb      s9, -40(s1)
core   0: 3 0x800051dc (0xfd948c23) mem 0x80015caa 0x3f
core   0: 0x800051e0 (0xfb550d83) lb      s11, -75(a0)
core   0: 3 0x800051e0 (0xfb550d83) x27 0xffffffc4 mem 0x8001540f
core   0: 0x800051e4 (0xfda4df03) lhu     t5, -38(s1)
core   0: 3 0x800051e4 (0xfda4df03) x30 0x00006667 mem 0x80015cac
core   0: 0x800051e8 (0xf1b50783) lb      a5, -229(a0)
core   0: 3 0x800051e8 (0xf1b50783) x15 0x0000002e mem 0x80015375
core   0: 0x800051ec (0x00010e97) auipc   t4, 0x10
core   0: 3 0x800051ec (0x00010e97) x29 0x800151ec
core   0: 0x800051f0 (0x5bce8e93) addi    t4, t4, 1468
core   0: 3 0x800051f0 (0x5bce8e93) x29 0x800157a8
core   0: 0x800051f4 (0xcdce9b23) sh      t3, -810(t4)
core   0: 3 0x800051f4 (0xcdce9b23) mem 0x8001547e 0x5acf
core   0: 0x800051f8 (0xf8d50883) lb      a7, -115(a0)
core   0: 3 0x800051f8 (0xf8d50883) x17 0xffffff9c mem 0x800153e7
core   0: 0x800051fc (0x2a7e81a3) sb      t2, 675(t4)
core   0: 3 0x800051fc (0x2a7e81a3) mem 0x80015a4b 0x6d
core   0: 0x80005200 (0xff54cc83) lbu     s9, -11(s1)
core   0: 3 0x80005200 (0xff54cc83) x25 0x0000007c mem 0x80015cc7
core   0: 0x80005204 (0x02c54a03) lbu     s4, 44(a0)
core   0: 3 0x80005204 (0x02c54a03) x20 0x000000c8 mem 0x80015486
core   0: 0x80005208 (0xf5cc2783) lw      a5, -164(s8)
core   0: 3 0x80005208 (0xf5cc2783) x15 0x4c4d0000 mem 0x80015d94
core   0: 0x8000520c (0xf1650a23) sb      s6, -236(a0)
core   0: 3 0x8000520c (0xf1650a23) mem 0x8001536e 0xbf
core   0: 0x80005210 (0x0b350023) sb      s3, 160(a0)
core   0: 3 0x80005210 (0x0b350023) mem 0x800154fa 0x64
core   0: 0x80005214 (0x06ec5703) lhu     a4, 110(s8)
core   0: 3 0x80005214 (0x06ec5703) x14 0x00005c5d mem 0x80015ea6
core   0: 0x80005218 (0x05055a03) lhu     s4, 80(a0)
core   0: 3 0x80005218 (0x05055a03) x20 0x00006061 mem 0x800154aa
core   0: 0x8000521c (0x093c4d83) lbu     s11, 147(s8)
core   0: 3 0x8000521c (0x093c4d83) x27 0x00000080 mem 0x80015ecb
core   0: 0x80005220 (0xfd8489a3) sb      s8, -45(s1)
core   0: 3 0x80005220 (0xfd8489a3) mem 0x80015ca5 0x38
core   0: 0x80005224 (0xfbb50a83) lb      s5, -69(a0)
core   0: 3 0x80005224 (0xfbb50a83) x21 0xffffffce mem 0x80015415
core   0: 0x80005228 (0xfe548a03) lb      s4, -27(s1)
core   0: 3 0x80005228 (0xfe548a03) x20 0x0000006c mem 0x80015cb7
core   0: 0x8000522c (0x949ec383) lbu     t2, -1719(t4)
core   0: 3 0x8000522c (0x949ec383) x 7 0x000000aa mem 0x800150f1
core   0: 0x80005230 (0xec2e8303) lb      t1, -318(t4)
core   0: 3 0x80005230 (0xec2e8303) x 6 0x00000021 mem 0x8001566a
core   0: 0x80005234 (0xf4550423) sb      t0, -184(a0)
core   0: 3 0x80005234 (0xf4550423) mem 0x800153a2 0x63
core   0: 0x80005238 (0x033c4e03) lbu     t3, 51(s8)
core   0: 3 0x80005238 (0x033c4e03) x28 0x00000020 mem 0x80015e6b
core   0: 0x8000523c (0xfda4c003) lbu     zero, -38(s1)
core   0: 3 0x8000523c (0xfda4c003) mem 0x80015cac
core   0: 0x80005240 (0x32aecd83) lbu     s11, 810(t4)
core   0: 3 0x80005240 (0x32aecd83) x27 0x00000000 mem 0x80015ad2
core   0: 0x80005244 (0x00011a17) auipc   s4, 0x11
core   0: 3 0x80005244 (0x00011a17) x20 0x80016244
core   0: 0x80005248 (0xa88a0a13) addi    s4, s4, -1400
core   0: 3 0x80005248 (0xa88a0a13) x20 0x80015ccc
core   0: 0x8000524c (0xff0a0d23) sb      a6, -6(s4)
core   0: 3 0x8000524c (0xff0a0d23) mem 0x80015cc6 0x6
core   0: 0x80005250 (0x00011517) auipc   a0, 0x11
core   0: 3 0x80005250 (0x00011517) x10 0x80016250
core   0: 0x80005254 (0x93750513) addi    a0, a0, -1737
core   0: 3 0x80005254 (0x93750513) x10 0x80015b87
core   0: 0x80005258 (0x01ea01a3) sb      t5, 3(s4)
core   0: 3 0x80005258 (0x01ea01a3) mem 0x80015ccf 0x67
core   0: 0x8000525c (0x00011917) auipc   s2, 0x11
core   0: 3 0x8000525c (0x00011917) x18 0x8001625c
core   0: 0x80005260 (0xb8290913) addi    s2, s2, -1150
core   0: 3 0x80005260 (0xb8290913) x18 0x80015dde
core   0: 0x80005264 (0x00010217) auipc   tp, 0x10
core   0: 3 0x80005264 (0x00010217) x 4 0x80015264
core   0: 0x80005268 (0xeaa20213) addi    tp, tp, -342
core   0: 3 0x80005268 (0xeaa20213) x 4 0x8001510e
core   0: 0x8000526c (0xffea1003) lh      zero, -2(s4)
core   0: 3 0x8000526c (0xffea1003) mem 0x80015cca
core   0: 0x80005270 (0x00011197) auipc   gp, 0x11
core   0: 3 0x80005270 (0x00011197) x 3 0x80016270
core   0: 0x80005274 (0xcc318193) addi    gp, gp, -829
core   0: 3 0x80005274 (0xcc318193) x 3 0x80015f33
core   0: 0x80005278 (0x009a0883) lb      a7, 9(s4)
core   0: 3 0x80005278 (0x009a0883) x17 0xffffff8e mem 0x80015cd5
core   0: 0x8000527c (0xf1c92523) sw      t3, -246(s2)
core   0: 3 0x8000527c (0xf1c92523) mem 0x80015ce8 0x00000020
core   0: 0x80005280 (0xb5f51d03) lh      s10, -1185(a0)
core   0: 3 0x80005280 (0xb5f51d03) x26 0x00007c9d mem 0x800156e6
core   0: 0x80005284 (0xff8a1003) lh      zero, -8(s4)
core   0: 3 0x80005284 (0xff8a1003) mem 0x80015cc4
core   0: 0x80005288 (0x00ca1023) sh      a2, 0(s4)
core   0: 3 0x80005288 (0x00ca1023) mem 0x80015ccc 0xffff
core   0: 0x8000528c (0xfd520b83) lb      s7, -43(tp)
core   0: 3 0x8000528c (0xfd520b83) x23 0xffffffff mem 0x800150e3
core   0: 0x80005290 (0x9b350d23) sb      s3, -1606(a0)
core   0: 3 0x80005290 (0x9b350d23) mem 0x80015541 0x64
core   0: 0x80005294 (0x29355b03) lhu     s6, 659(a0)
core   0: 3 0x80005294 (0x29355b03) x22 0x0000d0d1 mem 0x80015e1a
core   0: 0x80005298 (0x03f1c303) lbu     t1, 63(gp)
core   0: 3 0x80005298 (0x03f1c303) x 6 0x00000029 mem 0x80015f72
core   0: 0x8000529c (0xfd01cd03) lbu     s10, -48(gp)
core   0: 3 0x8000529c (0xfd01cd03) x26 0x00000058 mem 0x80015f03
core   0: 0x800052a0 (0x03f90083) lb      ra, 63(s2)
core   0: 3 0x800052a0 (0x03f90083) x 1 0xffffffd6 mem 0x80015e1d
core   0: 0x800052a4 (0xfce18b23) sb      a4, -42(gp)
core   0: 3 0x800052a4 (0xfce18b23) mem 0x80015f09 0x5d
core   0: 0x800052a8 (0xdc454e83) lbu     t4, -572(a0)
core   0: 3 0x800052a8 (0xdc454e83) x29 0x00000000 mem 0x8001594b
core   0: 0x800052ac (0x08f909a3) sb      a5, 147(s2)
core   0: 3 0x800052ac (0x08f909a3) mem 0x80015e71 0x0
core   0: 0x800052b0 (0xff1a0a83) lb      s5, -15(s4)
core   0: 3 0x800052b0 (0xff1a0a83) x21 0x00000076 mem 0x80015cbd
core   0: 0x800052b4 (0x01f18d03) lb      s10, 31(gp)
core   0: 3 0x800052b4 (0x01f18d03) x26 0x00000009 mem 0x80015f52
core   0: 0x800052b8 (0xfeb18003) lb      zero, -21(gp)
core   0: 3 0x800052b8 (0xfeb18003) mem 0x80015f1e
core   0: 0x800052bc (0xf6894483) lbu     s1, -152(s2)
core   0: 3 0x800052bc (0xf6894483) x 9 0x000000fd mem 0x80015d46
core   0: 0x800052c0 (0x8e854483) lbu     s1, -1816(a0)
core   0: 3 0x800052c0 (0x8e854483) x 9 0x00000024 mem 0x8001546f
core   0: 0x800052c4 (0xcd650223) sb      s6, -828(a0)
core   0: 3 0x800052c4 (0xcd650223) mem 0x8001584b 0xd1
core   0: 0x800052c8 (0x026199a3) sh      t1, 51(gp)
core   0: 3 0x800052c8 (0x026199a3) mem 0x80015f66 0x0029
core   0: 0x800052cc (0xf9c50aa3) sb      t3, -107(a0)
core   0: 3 0x800052cc (0xf9c50aa3) mem 0x80015b1c 0x20
core   0: 0x800052d0 (0xfe524b83) lbu     s7, -27(tp)
core   0: 3 0x800052d0 (0xfe524b83) x23 0x000000a8 mem 0x800150f3
core   0: 0x800052d4 (0x003a0e03) lb      t3, 3(s4)
core   0: 3 0x800052d4 (0x003a0e03) x28 0x00000067 mem 0x80015ccf
core   0: 0x800052d8 (0x02920c03) lb      s8, 41(tp)
core   0: 3 0x800052d8 (0x02920c03) x24 0xffffffec mem 0x80015137
core   0: 0x800052dc (0xfe520303) lb      t1, -27(tp)
core   0: 3 0x800052dc (0xfe520303) x 6 0xffffffa8 mem 0x800150f3
core   0: 0x800052e0 (0x25a54883) lbu     a7, 602(a0)
core   0: 3 0x800052e0 (0x25a54883) x17 0x00000000 mem 0x80015de1
core   0: 0x800052e4 (0x00650403) lb      s0, 6(a0)
core   0: 3 0x800052e4 (0x00650403) x 8 0x00000000 mem 0x80015b8d
core   0: 0x800052e8 (0xfdc21c83) lh      s9, -36(tp)
core   0: 3 0x800052e8 (0xfdc21c83) x25 0xffffa0a1 mem 0x800150ea
core   0: 0x800052ec (0xff0a2783) lw      a5, -16(s4)
core   0: 3 0x800052ec (0xff0a2783) x15 0x74757677 mem 0x80015cbc
core   0: 0x800052f0 (0x01221803) lh      a6, 18(tp)
core   0: 3 0x800052f0 (0x01221803) x16 0x000064db mem 0x80015120
core   0: 0x800052f4 (0x0c690aa3) sb      t1, 213(s2)
core   0: 3 0x800052f4 (0x0c690aa3) mem 0x80015eb3 0xa8
core   0: 0x800052f8 (0xfed18303) lb      t1, -19(gp)
core   0: 3 0x800052f8 (0xfed18303) x 6 0xffffffdb mem 0x80015f20
core   0: 0x800052fc (0x00011c97) auipc   s9, 0x11
core   0: 3 0x800052fc (0x00011c97) x25 0x800162fc
core   0: 0x80005300 (0xb61c8c93) addi    s9, s9, -1183
core   0: 3 0x80005300 (0xb61c8c93) x25 0x80015e5d
core   0: 0x80005304 (0x0001d797) auipc   a5, 0x1d
core   0: 3 0x80005304 (0x0001d797) x15 0x80022304
core   0: 0x80005308 (0xde878793) addi    a5, a5, -536
core   0: 3 0x80005308 (0xde878793) x15 0x800220ec
core   0: 0x8000530c (0xfb0cca03) lbu     s4, -80(s9)
core   0: 3 0x8000530c (0xfb0cca03) x20 0x000000c6 mem 0x80015e0d
core   0: 0x80005310 (0xffa79303) lh      t1, -6(a5)
core   0: 3 0x80005310 (0xffa79303) x 6 0xffff9c9d mem 0x800220e6
core   0: 0x80005314 (0x017782a3) sb      s7, 5(a5)
core   0: 3 0x80005314 (0x017782a3) mem 0x800220f1 0xa8
core   0: 0x80005318 (0x046c8483) lb      s1, 70(s9)
core   0: 3 0x80005318 (0x046c8483) x 9 0x00000058 mem 0x80015ea3
core   0: 0x8000531c (0x01378723) sb      s3, 14(a5)
core   0: 3 0x8000531c (0x01378723) mem 0x800220fa 0x64
core   0: 0x80005320 (0x04bc9183) lh      gp, 75(s9)
core   0: 3 0x80005320 (0x04bc9183) x 3 0x00006263 mem 0x80015ea8
core   0: 0x80005324 (0x01078b03) lb      s6, 16(a5)
core   0: 3 0x80005324 (0x01078b03) x22 0xffffffb7 mem 0x800220fc
core   0: 0x80005328 (0xff27da83) lhu     s5, -14(a5)
core   0: 3 0x80005328 (0xff27da83) x21 0x00009495 mem 0x800220de
core   0: 0x8000532c (0x01c78023) sb      t3, 0(a5)
core   0: 3 0x8000532c (0x01c78023) mem 0x800220ec 0x67
core   0: 0x80005330 (0xff878803) lb      a6, -8(a5)
core   0: 3 0x80005330 (0xff878803) x16 0xffffff9f mem 0x800220e4
core   0: 0x80005334 (0xff67d003) lhu     zero, -10(a5)
core   0: 3 0x80005334 (0xff67d003) mem 0x800220e2
core   0: 0x80005338 (0x0dac8003) lb      zero, 218(s9)
core   0: 3 0x80005338 (0x0dac8003) mem 0x80015f37
core   0: 0x8000533c (0xffb78903) lb      s2, -5(a5)
core   0: 3 0x8000533c (0xffb78903) x18 0xffffff9c mem 0x800220e7
core   0: 0x80005340 (0xf49c8e03) lb      t3, -183(s9)
core   0: 3 0x80005340 (0xf49c8e03) x28 0x0000005d mem 0x80015da6
core   0: 0x80005344 (0xf01cd703) lhu     a4, -255(s9)
core   0: 3 0x80005344 (0xf01cd703) x14 0x00001415 mem 0x80015d5e
core   0: 0x80005348 (0xff678fa3) sb      s6, -1(a5)
core   0: 3 0x80005348 (0xff678fa3) mem 0x800220eb 0xb7
core   0: 0x8000534c (0x0001bc17) auipc   s8, 0x1b
core   0: 3 0x8000534c (0x0001bc17) x24 0x8002034c
core   0: 0x80005350 (0xdacc0c13) addi    s8, s8, -596
core   0: 3 0x80005350 (0xdacc0c13) x24 0x800200f8
core   0: 0x80005354 (0x008093b3) sll     t2, ra, s0
core   0: 3 0x80005354 (0x008093b3) x 7 0xffffffd6
core   0: 0x80005358 (0x40058ab3) sub     s5, a1, zero
core   0: 3 0x80005358 (0x40058ab3) x21 0x00000017
core   0: 0x8000535c (0x418cd2b3) sra     t0, s9, s8
core   0: 3 0x8000535c (0x418cd2b3) x 5 0xffffff80
core   0: 0x80005360 (0x06dc4583) lbu     a1, 109(s8)
core   0: 3 0x80005360 (0x06dc4583) x11 0x0000001e mem 0x80020165
core   0: 0x80005364 (0x0c0c4003) lbu     zero, 192(s8)
core   0: 3 0x80005364 (0x0c0c4003) mem 0x800201b8
core   0: 0x80005368 (0x01274a33) xor     s4, a4, s2
core   0: 3 0x80005368 (0x01274a33) x20 0xffffeb89
core   0: 0x8000536c (0x0cdc4183) lbu     gp, 205(s8)
core   0: 3 0x8000536c (0x0cdc4183) x 3 0x0000007e mem 0x800201c5
core   0: 0x80005370 (0xf86c4d03) lbu     s10, -122(s8)
core   0: 3 0x80005370 (0xf86c4d03) x26 0x00000035 mem 0x8002007e
core   0: 0x80005374 (0x417a0e33) sub     t3, s4, s7
core   0: 3 0x80005374 (0x417a0e33) x28 0xffffeae1
core   0: 0x80005378 (0xf21c4a03) lbu     s4, -223(s8)
core   0: 3 0x80005378 (0xf21c4a03) x20 0x000000d2 mem 0x80020019
core   0: 0x8000537c (0x5d202013) slti    zero, zero, 1490
core   0: 3 0x8000537c (0x5d202013)
core   0: 0x80005380 (0xf4bc4e83) lbu     t4, -181(s8)
core   0: 3 0x80005380 (0xf4bc4e83) x29 0x000000f8 mem 0x80020043
core   0: 0x80005384 (0xfe8c2423) sw      s0, -24(s8)
core   0: 3 0x80005384 (0xfe8c2423) mem 0x800200e0 0x00000000
core   0: 0x80005388 (0x007c0583) lb      a1, 7(s8)
core   0: 3 0x80005388 (0x007c0583) x11 0xffffffb4 mem 0x800200ff
core   0: 0x8000538c (0x00b275b3) and     a1, tp, a1
core   0: 3 0x8000538c (0x00b275b3) x11 0x80015104
core   0: 0x80005390 (0xfafc1d23) sh      a5, -70(s8)
core   0: 3 0x80005390 (0xfafc1d23) mem 0x800200b2 0x20ec
core   0: 0x80005394 (0xb8817613) andi    a2, sp, -1144
core   0: 3 0x80005394 (0xb8817613) x12 0x8002e880
core   0: 0x80005398 (0x01681433) sll     s0, a6, s6
core   0: 3 0x80005398 (0x01681433) x 8 0xcf800000
core   0: 0x8000539c (0xfcec1003) lh      zero, -50(s8)
core   0: 3 0x8000539c (0xfcec1003) mem 0x800200c6
core   0: 0x800053a0 (0xf23c1b23) sh      gp, -202(s8)
core   0: 3 0x800053a0 (0xf23c1b23) mem 0x8002002e 0x007e
core   0: 0x800053a4 (0x401cd733) sra     a4, s9, ra
core   0: 3 0x800053a4 (0x401cd733) x14 0xfffffe00
core   0: 0x800053a8 (0x0e0c1583) lh      a1, 224(s8)
core   0: 3 0x800053a8 (0x0e0c1583) x11 0xffff9293 mem 0x800201d8
core   0: 0x800053ac (0xfcbc06a3) sb      a1, -51(s8)
core   0: 3 0x800053ac (0xfcbc06a3) mem 0x800200c5 0x93
core   0: 0x800053b0 (0x0dcc2c83) lw      s9, 220(s8)
core   0: 3 0x800053b0 (0x0dcc2c83) x25 0x8c8d8e8f mem 0x800201d4
core   0: 0x800053b4 (0x4023d4b3) sra     s1, t2, sp
core   0: 3 0x800053b4 (0x4023d4b3) x 9 0xfffffffd
core   0: 0x800053b8 (0xf12c4883) lbu     a7, -238(s8)
core   0: 3 0x800053b8 (0xf12c4883) x17 0x000000c1 mem 0x8002000a
core   0: 0x800053bc (0xfc9c04a3) sb      s1, -55(s8)
core   0: 3 0x800053bc (0xfc9c04a3) mem 0x800200c1 0xfd
core   0: 0x800053c0 (0xf8ec0123) sb      a4, -126(s8)
core   0: 3 0x800053c0 (0xf8ec0123) mem 0x8002007a 0x0
core   0: 0x800053c4 (0x41cb5293) srai    t0, s6, 28
core   0: 3 0x800053c4 (0x41cb5293) x 5 0xffffffff
core   0: 0x800053c8 (0x009ef733) and     a4, t4, s1
core   0: 3 0x800053c8 (0x009ef733) x14 0x000000f8
core   0: 0x800053cc (0x0149d793) srli    a5, s3, 20
core   0: 3 0x800053cc (0x0149d793) x15 0x00000800
core   0: 0x800053d0 (0x01b2a933) slt     s2, t0, s11
core   0: 3 0x800053d0 (0x01b2a933) x18 0x00000001
core   0: 0x800053d4 (0xf7cc5f83) lhu     t6, -132(s8)
core   0: 3 0x800053d4 (0xf7cc5f83) x31 0x00002e2f mem 0x80020074
core   0: 0x800053d8 (0x036c4b03) lbu     s6, 54(s8)
core   0: 3 0x800053d8 (0x036c4b03) x22 0x000000e5 mem 0x8002012e
core   0: 0x800053dc (0x00011e97) auipc   t4, 0x11
core   0: 3 0x800053dc (0x00011e97) x29 0x800163dc
core   0: 0x800053e0 (0x864e8e93) addi    t4, t4, -1948
core   0: 3 0x800053e0 (0x864e8e93) x29 0x80015c40
core   0: 0x800053e4 (0xb3ced383) lhu     t2, -1220(t4)
core   0: 3 0x800053e4 (0xb3ced383) x 7 0x0000ac37 mem 0x8001577c
core   0: 0x800053e8 (0xb3cede03) lhu     t3, -1220(t4)
core   0: 3 0x800053e8 (0xb3cede03) x28 0x0000ac37 mem 0x8001577c
core   0: 0x800053ec (0xb3ced703) lhu     a4, -1220(t4)
core   0: 3 0x800053ec (0xb3ced703) x14 0x0000ac37 mem 0x8001577c
core   0: 0x800053f0 (0xb3cea383) lw      t2, -1220(t4)
core   0: 3 0x800053f0 (0xb3cea383) x 7 0x3435ac37 mem 0x8001577c
core   0: 0x800053f4 (0xb3cecf83) lbu     t6, -1220(t4)
core   0: 3 0x800053f4 (0xb3cecf83) x31 0x00000037 mem 0x8001577c
core   0: 0x800053f8 (0xb3ced083) lhu     ra, -1220(t4)
core   0: 3 0x800053f8 (0xb3ced083) x 1 0x0000ac37 mem 0x8001577c
core   0: 0x800053fc (0xb3ceaf83) lw      t6, -1220(t4)
core   0: 3 0x800053fc (0xb3ceaf83) x31 0x3435ac37 mem 0x8001577c
core   0: 0x80005400 (0xb3cec283) lbu     t0, -1220(t4)
core   0: 3 0x80005400 (0xb3cec283) x 5 0x00000037 mem 0x8001577c
core   0: 0x80005404 (0x002b3033) sltu    zero, s6, sp
core   0: 3 0x80005404 (0x002b3033)
core   0: 0x80005408 (0xb3cecc83) lbu     s9, -1220(t4)
core   0: 3 0x80005408 (0xb3cecc83) x25 0x00000037 mem 0x8001577c
core   0: 0x8000540c (0xd1eb6513) ori     a0, s6, -738
core   0: 3 0x8000540c (0xd1eb6513) x10 0xfffffdff
core   0: 0x80005410 (0xb3be8e23) sb      s11, -1220(t4)
core   0: 3 0x80005410 (0xb3be8e23) mem 0x8001577c 0x0
core   0: 0x80005414 (0x00bad913) srli    s2, s5, 11
core   0: 3 0x80005414 (0x00bad913) x18 0x00000000
core   0: 0x80005418 (0xb26e8e23) sb      t1, -1220(t4)
core   0: 3 0x80005418 (0xb26e8e23) mem 0x8001577c 0x9d
core   0: 0x8000541c (0xb3ce8f83) lb      t6, -1220(t4)
core   0: 3 0x8000541c (0xb3ce8f83) x31 0xffffff9d mem 0x8001577c
core   0: 0x80005420 (0x00012b97) auipc   s7, 0x12
core   0: 3 0x80005420 (0x00012b97) x23 0x80017420
core   0: 0x80005424 (0x555b8b93) addi    s7, s7, 1365
core   0: 3 0x80005424 (0x555b8b93) x23 0x80017975
core   0: 0x80005428 (0x00017817) auipc   a6, 0x17
core   0: 3 0x80005428 (0x00017817) x16 0x8001c428
core   0: 0x8000542c (0xab480813) addi    a6, a6, -1356
core   0: 3 0x8000542c (0xab480813) x16 0x8001bedc
core   0: 0x80005430 (0xfda85e03) lhu     t3, -38(a6)
core   0: 3 0x80005430 (0xfda85e03) x28 0x00006c6d mem 0x8001beb6
core   0: 0x80005434 (0x0001a797) auipc   a5, 0x1a
core   0: 3 0x80005434 (0x0001a797) x15 0x8001f434
core   0: 0x80005438 (0x4b078793) addi    a5, a5, 1200
core   0: 3 0x80005438 (0x4b078793) x15 0x8001f8e4
core   0: 0x8000543c (0xaffba883) lw      a7, -1281(s7)
core   0: 3 0x8000543c (0xaffba883) x17 0x2c2d2e2f mem 0x80017474
core   0: 0x80005440 (0x03380f03) lb      t5, 51(a6)
core   0: 3 0x80005440 (0x03380f03) x30 0xffffffc4 mem 0x8001bf0f
core   0: 0x80005444 (0x58f78483) lb      s1, 1423(a5)
core   0: 3 0x80005444 (0x58f78483) x 9 0x00000028 mem 0x8001fe73
core   0: 0x80005448 (0xed3bd483) lhu     s1, -301(s7)
core   0: 3 0x80005448 (0xed3bd483) x 9 0x00000203 mem 0x80017848
core   0: 0x8000544c (0xce0bc503) lbu     a0, -800(s7)
core   0: 3 0x8000544c (0xce0bc503) x10 0x0000000e mem 0x80017655
core   0: 0x80005450 (0x40c7dc03) lhu     s8, 1036(a5)
core   0: 3 0x80005450 (0x40c7dc03) x24 0x0000aaab mem 0x8001fcf0
core   0: 0x80005454 (0x87b78ba3) sb      s11, -1929(a5)
core   0: 3 0x80005454 (0x87b78ba3) mem 0x8001f15b 0x0
core   0: 0x80005458 (0x8a9b8403) lb      s0, -1879(s7)
core   0: 3 0x80005458 (0x8a9b8403) x 8 0xffffffd5 mem 0x8001721e
core   0: 0x8000545c (0xfc5805a3) sb      t0, -53(a6)
core   0: 3 0x8000545c (0xfc5805a3) mem 0x8001bea7 0x37
core   0: 0x80005460 (0xb7479023) sh      s4, -1184(a5)
core   0: 3 0x80005460 (0xb7479023) mem 0x8001f444 0x00d2
core   0: 0x80005464 (0x64eb8703) lb      a4, 1614(s7)
core   0: 3 0x80005464 (0x64eb8703) x14 0x00000078 mem 0x80017fc3
core   0: 0x80005468 (0xfe084003) lbu     zero, -32(a6)
core   0: 3 0x80005468 (0xfe084003) mem 0x8001bebc
core   0: 0x8000546c (0xfda81283) lh      t0, -38(a6)
core   0: 3 0x8000546c (0xfda81283) x 5 0x00006c6d mem 0x8001beb6
core   0: 0x80005470 (0xe8b79d23) sh      a1, -358(a5)
core   0: 3 0x80005470 (0xe8b79d23) mem 0x8001f77e 0x9293
core   0: 0x80005474 (0x153bc883) lbu     a7, 339(s7)
core   0: 3 0x80005474 (0x153bc883) x17 0x00000083 mem 0x80017ac8
core   0: 0x80005478 (0xfdb80183) lb      gp, -37(a6)
core   0: 3 0x80005478 (0xfdb80183) x 3 0x0000006c mem 0x8001beb7
core   0: 0x8000547c (0x90a7da83) lhu     s5, -1782(a5)
core   0: 3 0x8000547c (0x90a7da83) x21 0x0000a4a5 mem 0x8001f1ee
core   0: 0x80005480 (0x00f84903) lbu     s2, 15(a6)
core   0: 3 0x80005480 (0x00f84903) x18 0x000000a0 mem 0x8001beeb
core   0: 0x80005484 (0x397b8423) sb      s7, 904(s7)
core   0: 3 0x80005484 (0x397b8423) mem 0x80017cfd 0x75
core   0: 0x80005488 (0x0001d397) auipc   t2, 0x1d
core   0: 3 0x80005488 (0x0001d397) x 7 0x80022488
core   0: 0x8000548c (0xad938393) addi    t2, t2, -1319
core   0: 3 0x8000548c (0xad938393) x 7 0x80021f61
core   0: 0x80005490 (0x66938a23) sb      s1, 1652(t2)
core   0: 3 0x80005490 (0x66938a23) mem 0x800225d5 0x3
core   0: 0x80005494 (0x00010497) auipc   s1, 0x10
core   0: 3 0x80005494 (0x00010497) x 9 0x80015494
core   0: 0x80005498 (0x31448493) addi    s1, s1, 788
core   0: 3 0x80005498 (0x31448493) x 9 0x800157a8
core   0: 0x8000549c (0x1ec38023) sb      a2, 480(t2)
core   0: 3 0x8000549c (0x1ec38023) mem 0x80022141 0x80
core   0: 0x800054a0 (0xff249303) lh      t1, -14(s1)
core   0: 3 0x800054a0 (0xff249303) x 6 0x00005051 mem 0x8001579a
core   0: 0x800054a4 (0xe1e3c583) lbu     a1, -482(t2)
core   0: 3 0x800054a4 (0xe1e3c583) x11 0x00000034 mem 0x80021d7f
core   0: 0x800054a8 (0xcc13cc83) lbu     s9, -831(t2)
core   0: 3 0x800054a8 (0xcc13cc83) x25 0x000000d9 mem 0x80021c22
core   0: 0x800054ac (0xffb4c603) lbu     a2, -5(s1)
core   0: 3 0x800054ac (0xffb4c603) x12 0x00000058 mem 0x800157a3
core   0: 0x800054b0 (0x014485a3) sb      s4, 11(s1)
core   0: 3 0x800054b0 (0x014485a3) mem 0x800157b3 0xd2
core   0: 0x800054b4 (0xccb3a083) lw      ra, -821(t2)
core   0: 3 0x800054b4 (0xccb3a083) x 1 0xe4e5e6e7 mem 0x80021c2c
core   0: 0x800054b8 (0xff04d783) lhu     a5, -16(s1)
core   0: 3 0x800054b8 (0xff04d783) x15 0x00005253 mem 0x80015798
core   0: 0x800054bc (0xe3d3cb83) lbu     s7, -451(t2)
core   0: 3 0x800054bc (0xe3d3cb83) x23 0x00000055 mem 0x80021d9e
core   0: 0x800054c0 (0x15c3c083) lbu     ra, 348(t2)
core   0: 3 0x800054c0 (0x15c3c083) x 1 0x00000076 mem 0x800220bd
core   0: 0x800054c4 (0xff548a03) lb      s4, -11(s1)
core   0: 3 0x800054c4 (0xff548a03) x20 0x00000056 mem 0x8001579d
core   0: 0x800054c8 (0xffc4a283) lw      t0, -4(s1)
core   0: 3 0x800054c8 (0xffc4a283) x 5 0x5c5d5e5f mem 0x800157a4
core   0: 0x800054cc (0x7413d083) lhu     ra, 1857(t2)
core   0: 3 0x800054cc (0x7413d083) x 1 0x00005859 mem 0x800226a2
core   0: 0x800054d0 (0x01a480a3) sb      s10, 1(s1)
core   0: 3 0x800054d0 (0x01a480a3) mem 0x800157a9 0x35
core   0: 0x800054d4 (0xaf838783) lb      a5, -1288(t2)
core   0: 3 0x800054d4 (0xaf838783) x15 0x00000012 mem 0x80021a59
core   0: 0x800054d8 (0x00049e83) lh      t4, 0(s1)
core   0: 3 0x800054d8 (0x00049e83) x29 0x00003563 mem 0x800157a8
core   0: 0x800054dc (0x0034c883) lbu     a7, 3(s1)
core   0: 3 0x800054dc (0x0034c883) x17 0x00000060 mem 0x800157ab
core   0: 0x800054e0 (0x01349323) sh      s3, 6(s1)
core   0: 3 0x800054e0 (0x01349323) mem 0x800157ae 0xae64
core   0: 0x800054e4 (0x00010797) auipc   a5, 0x10
core   0: 3 0x800054e4 (0x00010797) x15 0x800154e4
core   0: 0x800054e8 (0x28978793) addi    a5, a5, 649
core   0: 3 0x800054e8 (0x28978793) x15 0x8001576d
core   0: 0x800054ec (0x0ef78883) lb      a7, 239(a5)
core   0: 3 0x800054ec (0x0ef78883) x17 0x00000017 mem 0x8001585c
core   0: 0x800054f0 (0x0ef7d003) lhu     zero, 239(a5)
core   0: 3 0x800054f0 (0x0ef7d003) mem 0x8001585c
core   0: 0x800054f4 (0x03b7a183) lw      gp, 59(a5)
core   0: 3 0x800054f4 (0x03b7a183) x 3 0x60613563 mem 0x800157a8
core   0: 0x800054f8 (0x0c278323) sb      sp, 198(a5)
core   0: 3 0x800054f8 (0x0c278323) mem 0x80015833 0xe4
core   0: 0x800054fc (0xf5178323) sb      a7, -186(a5)
core   0: 3 0x800054fc (0xf5178323) mem 0x800156b3 0x17
core   0: 0x80005500 (0xf467c283) lbu     t0, -186(a5)
core   0: 3 0x80005500 (0xf467c283) x 5 0x00000017 mem 0x800156b3
core   0: 0x80005504 (0x0607ca83) lbu     s5, 96(a5)
core   0: 3 0x80005504 (0x0607ca83) x21 0x00000086 mem 0x800157cd
core   0: 0x80005508 (0x00ec9f93) slli    t6, s9, 14
core   0: 3 0x80005508 (0x00ec9f93) x31 0x00364000
core   0: 0x8000550c (0xf2b78923) sb      a1, -206(a5)
core   0: 3 0x8000550c (0xf2b78923) mem 0x8001569f 0x34
core   0: 0x80005510 (0xfe779503) lh      a0, -25(a5)
core   0: 3 0x80005510 (0xfe779503) x10 0x00000e0f mem 0x80015754
core   0: 0x80005514 (0xf567c883) lbu     a7, -170(a5)
core   0: 3 0x80005514 (0xf567c883) x17 0x00000078 mem 0x800156c3
core   0: 0x80005518 (0xf4778b23) sb      t2, -170(a5)
core   0: 3 0x80005518 (0xf4778b23) mem 0x800156c3 0x61
core   0: 0x8000551c (0x00000013) nop
core   0: 3 0x8000551c (0x00000013)
core   0: 0x80005520 (0xfe17a3a3) sw      ra, -25(a5)
core   0: 3 0x80005520 (0xfe17a3a3) mem 0x80015754 0x00005859
core   0: 0x80005524 (0xffb7a3a3) sw      s11, -25(a5)
core   0: 3 0x80005524 (0xffb7a3a3) mem 0x80015754 0x00000000
core   0: 0x80005528 (0x41fd5f33) sra     t5, s10, t6
core   0: 3 0x80005528 (0x41fd5f33) x30 0x00000035
core   0: 0x8000552c (0x01bc1d33) sll     s10, s8, s11
core   0: 3 0x8000552c (0x01bc1d33) x26 0x0000aaab
core   0: 0x80005530 (0xfe77c383) lbu     t2, -25(a5)
core   0: 3 0x80005530 (0xfe77c383) x 7 0x00000000 mem 0x80015754
core   0: 0x80005534 (0xe7808913) addi    s2, ra, -392
core   0: 3 0x80005534 (0xe7808913) x18 0x000056d1
core   0: 0x80005538 (0xfe77c603) lbu     a2, -25(a5)
core   0: 3 0x80005538 (0xfe77c603) x12 0x00000000 mem 0x80015754
core   0: 0x8000553c (0x00010f97) auipc   t6, 0x10
core   0: 3 0x8000553c (0x00010f97) x31 0x8001553c
core   0: 0x80005540 (0xe7ef8f93) addi    t6, t6, -386
core   0: 3 0x80005540 (0xe7ef8f93) x31 0x800153ba
core   0: 0x80005544 (0xff3f8483) lb      s1, -13(t6)
core   0: 3 0x80005544 (0xff3f8483) x 9 0x00000066 mem 0x800153ad
core   0: 0x80005548 (0xfe8f89a3) sb      s0, -13(t6)
core   0: 3 0x80005548 (0xfe8f89a3) mem 0x800153ad 0xd5
core   0: 0x8000554c (0xfe4f89a3) sb      tp, -13(t6)
core   0: 3 0x8000554c (0xfe4f89a3) mem 0x800153ad 0xe
core   0: 0x80005550 (0xa9cd4937) lui     s2, 0xa9cd4
core   0: 3 0x80005550 (0xa9cd4937) x18 0xa9cd4000
core   0: 0x80005554 (0xfe0f89a3) sb      zero, -13(t6)
core   0: 3 0x80005554 (0xfe0f89a3) mem 0x800153ad 0x0
core   0: 0x80005558 (0xfedf89a3) sb      a3, -13(t6)
core   0: 3 0x80005558 (0xfedf89a3) mem 0x800153ad 0x0
core   0: 0x8000555c (0xff3f8083) lb      ra, -13(t6)
core   0: 3 0x8000555c (0xff3f8083) x 1 0x00000000 mem 0x800153ad
core   0: 0x80005560 (0xfeef89a3) sb      a4, -13(t6)
core   0: 3 0x80005560 (0xfeef89a3) mem 0x800153ad 0x78
core   0: 0x80005564 (0xfecf9383) lh      t2, -20(t6)
core   0: 3 0x80005564 (0xfecf9383) x 7 0x00005c5d mem 0x800153a6
core   0: 0x80005568 (0xff2f8623) sb      s2, -20(t6)
core   0: 3 0x80005568 (0xff2f8623) mem 0x800153a6 0x0
core   0: 0x8000556c (0x0edb4413) xori    s0, s6, 237
core   0: 3 0x8000556c (0x0edb4413) x 8 0x00000008
core   0: 0x80005570 (0xfecf9383) lh      t2, -20(t6)
core   0: 3 0x80005570 (0xfecf9383) x 7 0x00005c00 mem 0x800153a6
core   0: 0x80005574 (0x0165c633) xor     a2, a1, s6
core   0: 3 0x80005574 (0x0165c633) x12 0x000000d1
core   0: 0x80005578 (0x019f8c03) lb      s8, 25(t6)
core   0: 3 0x80005578 (0x019f8c03) x24 0xffffff88 mem 0x800153d3
core   0: 0x8000557c (0x00015c17) auipc   s8, 0x15
core   0: 3 0x8000557c (0x00015c17) x24 0x8001a57c
core   0: 0x80005580 (0x6d8c0c13) addi    s8, s8, 1752
core   0: 3 0x80005580 (0x6d8c0c13) x24 0x8001ac54
core   0: 0x80005584 (0xdb3c4883) lbu     a7, -589(s8)
core   0: 3 0x80005584 (0xdb3c4883) x17 0x000000bc mem 0x8001aa07
core   0: 0x80005588 (0xdb3c0883) lb      a7, -589(s8)
core   0: 3 0x80005588 (0xdb3c0883) x17 0xffffffbc mem 0x8001aa07
core   0: 0x8000558c (0xda4c09a3) sb      tp, -589(s8)
core   0: 3 0x8000558c (0xda4c09a3) mem 0x8001aa07 0xe
core   0: 0x80005590 (0xda8c09a3) sb      s0, -589(s8)
core   0: 3 0x80005590 (0xda8c09a3) mem 0x8001aa07 0x8
core   0: 0x80005594 (0xdb3c0c83) lb      s9, -589(s8)
core   0: 3 0x80005594 (0xdb3c0c83) x25 0x00000008 mem 0x8001aa07
core   0: 0x80005598 (0xda5c09a3) sb      t0, -589(s8)
core   0: 3 0x80005598 (0xda5c09a3) mem 0x8001aa07 0x17
core   0: 0x8000559c (0xdbac09a3) sb      s10, -589(s8)
core   0: 3 0x8000559c (0xdbac09a3) mem 0x8001aa07 0xab
core   0: 0x800055a0 (0xdb3c0803) lb      a6, -589(s8)
core   0: 3 0x800055a0 (0xdb3c0803) x16 0xffffffab mem 0x8001aa07
core   0: 0x800055a4 (0xdb7c09a3) sb      s7, -589(s8)
core   0: 3 0x800055a4 (0xdb7c09a3) mem 0x8001aa07 0x55
core   0: 0x800055a8 (0xda0c09a3) sb      zero, -589(s8)
core   0: 3 0x800055a8 (0xda0c09a3) mem 0x8001aa07 0x0
core   0: 0x800055ac (0xdbac09a3) sb      s10, -589(s8)
core   0: 3 0x800055ac (0xdbac09a3) mem 0x8001aa07 0xab
core   0: 0x800055b0 (0x97fd6e13) ori     t3, s10, -1665
core   0: 3 0x800055b0 (0x97fd6e13) x28 0xfffffbff
core   0: 0x800055b4 (0xdb3c4f83) lbu     t6, -589(s8)
core   0: 3 0x800055b4 (0xdb3c4f83) x31 0x000000ab mem 0x8001aa07
core   0: 0x800055b8 (0xdaec09a3) sb      a4, -589(s8)
core   0: 3 0x800055b8 (0xdaec09a3) mem 0x8001aa07 0x78
core   0: 0x800055bc (0xdb3c4f83) lbu     t6, -589(s8)
core   0: 3 0x800055bc (0xdb3c4f83) x31 0x00000078 mem 0x8001aa07
core   0: 0x800055c0 (0xdb3c0d03) lb      s10, -589(s8)
core   0: 3 0x800055c0 (0xdb3c0d03) x26 0x00000078 mem 0x8001aa07
core   0: 0x800055c4 (0xdb3c0d03) lb      s10, -589(s8)
core   0: 3 0x800055c4 (0xdb3c0d03) x26 0x00000078 mem 0x8001aa07
core   0: 0x800055c8 (0xdb3c0503) lb      a0, -589(s8)
core   0: 3 0x800055c8 (0xdb3c0503) x10 0x00000078 mem 0x8001aa07
core   0: 0x800055cc (0xdb4c09a3) sb      s4, -589(s8)
core   0: 3 0x800055cc (0xdb4c09a3) mem 0x8001aa07 0x56
core   0: 0x800055d0 (0xdaac09a3) sb      a0, -589(s8)
core   0: 3 0x800055d0 (0xdaac09a3) mem 0x8001aa07 0x78
core   0: 0x800055d4 (0xdb3c0b83) lb      s7, -589(s8)
core   0: 3 0x800055d4 (0xdb3c0b83) x23 0x00000078 mem 0x8001aa07
core   0: 0x800055d8 (0x00010a17) auipc   s4, 0x10
core   0: 3 0x800055d8 (0x00010a17) x20 0x800155d8
core   0: 0x800055dc (0xe8fa0a13) addi    s4, s4, -369
core   0: 3 0x800055dc (0xe8fa0a13) x20 0x80015467
core   0: 0x800055e0 (0x003a0223) sb      gp, 4(s4)
core   0: 3 0x800055e0 (0x003a0223) mem 0x8001546b 0x63
core   0: 0x800055e4 (0x004a0183) lb      gp, 4(s4)
core   0: 3 0x800055e4 (0x004a0183) x 3 0x00000063 mem 0x8001546b
core   0: 0x800055e8 (0x00aa0223) sb      a0, 4(s4)
core   0: 3 0x800055e8 (0x00aa0223) mem 0x8001546b 0x78
core   0: 0x800055ec (0x010a0b83) lb      s7, 16(s4)
core   0: 3 0x800055ec (0x010a0b83) x23 0x0000002c mem 0x80015477
core   0: 0x800055f0 (0x010a4883) lbu     a7, 16(s4)
core   0: 3 0x800055f0 (0x010a4883) x17 0x0000002c mem 0x80015477
core   0: 0x800055f4 (0x00ca0503) lb      a0, 12(s4)
core   0: 3 0x800055f4 (0x00ca0503) x10 0x00000028 mem 0x80015473
core   0: 0x800055f8 (0xff6a0923) sb      s6, -14(s4)
core   0: 3 0x800055f8 (0xff6a0923) mem 0x80015459 0xe5
core   0: 0x800055fc (0x15ae7e13) andi    t3, t3, 346
core   0: 3 0x800055fc (0x15ae7e13) x28 0x0000015a
core   0: 0x80005600 (0x00ea0e03) lb      t3, 14(s4)
core   0: 3 0x80005600 (0x00ea0e03) x28 0x0000002e mem 0x80015475
core   0: 0x80005604 (0x00ba4183) lbu     gp, 11(s4)
core   0: 3 0x80005604 (0x00ba4183) x 3 0x00000029 mem 0x80015472
core   0: 0x80005608 (0x00ba0503) lb      a0, 11(s4)
core   0: 3 0x80005608 (0x00ba0503) x10 0x00000029 mem 0x80015472
core   0: 0x8000560c (0xfe7a1fa3) sh      t2, -1(s4)
core   0: 3 0x8000560c (0xfe7a1fa3) mem 0x80015466 0x5c00
core   0: 0x80005610 (0x00aa4903) lbu     s2, 10(s4)
core   0: 3 0x80005610 (0x00aa4903) x18 0x0000002a mem 0x80015471
core   0: 0x80005614 (0x00aa0403) lb      s0, 10(s4)
core   0: 3 0x80005614 (0x00aa0403) x 8 0x0000002a mem 0x80015471
core   0: 0x80005618 (0x00aa4883) lbu     a7, 10(s4)
core   0: 3 0x80005618 (0x00aa4883) x17 0x0000002a mem 0x80015471
core   0: 0x8000561c (0x016a26a3) sw      s6, 13(s4)
core   0: 3 0x8000561c (0x016a26a3) mem 0x80015474 0x000000e5
core   0: 0x80005620 (0x008a0e03) lb      t3, 8(s4)
core   0: 3 0x80005620 (0x008a0e03) x28 0x00000024 mem 0x8001546f
core   0: 0x80005624 (0x002a0903) lb      s2, 2(s4)
core   0: 3 0x80005624 (0x002a0903) x18 0x00000022 mem 0x80015469
core   0: 0x80005628 (0x0001e197) auipc   gp, 0x1e
core   0: 3 0x80005628 (0x0001e197) x 3 0x80023628
core   0: 0x8000562c (0x97318193) addi    gp, gp, -1677
core   0: 3 0x8000562c (0x97318193) x 3 0x80022f9b
core   0: 0x80005630 (0xafd5f893) andi    a7, a1, -1283
core   0: 3 0x80005630 (0xafd5f893) x17 0x00000034
core   0: 0x80005634 (0x08418803) lb      a6, 132(gp)
core   0: 3 0x80005634 (0x08418803) x16 0xffffffd4 mem 0x8002301f
core   0: 0x80005638 (0x008f2d33) slt     s10, t5, s0
core   0: 3 0x80005638 (0x008f2d33) x26 0x00000000
core   0: 0x8000563c (0x08963013) sltiu   zero, a2, 137
core   0: 3 0x8000563c (0x08963013)
core   0: 0x80005640 (0xce61c003) lbu     zero, -794(gp)
core   0: 3 0x80005640 (0xce61c003) mem 0x80022c81
core   0: 0x80005644 (0xffb18223) sb      s11, -28(gp)
core   0: 3 0x80005644 (0xffb18223) mem 0x80022f7f 0x0
core   0: 0x80005648 (0x40f08bb3) sub     s7, ra, a5
core   0: 3 0x80005648 (0x40f08bb3) x23 0x7ffea893
core   0: 0x8000564c (0x7fc18403) lb      s0, 2044(gp)
core   0: 3 0x8000564c (0x7fc18403) x 8 0x0000004c mem 0x80023797
core   0: 0x80005650 (0x001d1413) slli    s0, s10, 1
core   0: 3 0x80005650 (0x001d1413) x 8 0x00000000
core   0: 0x80005654 (0x2d0194a3) sh      a6, 713(gp)
core   0: 3 0x80005654 (0x2d0194a3) mem 0x80023264 0xffd4
core   0: 0x80005658 (0x006ddd33) srl     s10, s11, t1
core   0: 3 0x80005658 (0x006ddd33) x26 0x00000000
core   0: 0x8000565c (0x00985713) srli    a4, a6, 9
core   0: 3 0x8000565c (0x00985713) x14 0x007fffff
core   0: 0x80005660 (0x0030a933) slt     s2, ra, gp
core   0: 3 0x80005660 (0x0030a933) x18 0x00000000
core   0: 0x80005664 (0x4059d893) srai    a7, s3, 5
core   0: 3 0x80005664 (0x4059d893) x17 0xfc001573
core   0: 0x80005668 (0x00fb6fb3) or      t6, s6, a5
core   0: 3 0x80005668 (0x00fb6fb3) x31 0x800157ed
core   0: 0x8000566c (0x01cf8033) add     zero, t6, t3
core   0: 3 0x8000566c (0x01cf8033)
core   0: 0x80005670 (0x6debdb97) auipc   s7, 0x6debd
core   0: 3 0x80005670 (0x6debdb97) x23 0xedec2670
core   0: 0x80005674 (0xd6e18b23) sb      a4, -650(gp)
core   0: 3 0x80005674 (0xd6e18b23) mem 0x80022d11 0xff
core   0: 0x80005678 (0xfd618b03) lb      s6, -42(gp)
core   0: 3 0x80005678 (0xfd618b03) x22 0x0000002a mem 0x80022f71
core   0: 0x8000567c (0x0000100f) fence.i
core   0: 3 0x8000567c (0x0000100f)
core   0: 0x80005680 (0x00e87933) and     s2, a6, a4
core   0: 3 0x80005680 (0x00e87933) x18 0x007fffd4
core   0: 0x80005684 (0x7e8e6817) auipc   a6, 0x7e8e6
core   0: 3 0x80005684 (0x7e8e6817) x16 0xfe8eb684
core   0: 0x80005688 (0xce4cfb93) andi    s7, s9, -796
core   0: 3 0x80005688 (0xce4cfb93) x23 0x00000000
core   0: 0x8000568c (0x40830733) sub     a4, t1, s0
core   0: 3 0x8000568c (0x40830733) x14 0x00005051
core   0: 0x80005690 (0x00f2f733) and     a4, t0, a5
core   0: 3 0x80005690 (0x00f2f733) x14 0x00000005
core   0: 0x80005694 (0x414d8eb3) sub     t4, s11, s4
core   0: 3 0x80005694 (0x414d8eb3) x29 0x7ffeab99
core   0: 0x80005698 (0xe1718ea3) sb      s7, -483(gp)
core   0: 3 0x80005698 (0xe1718ea3) mem 0x80022db8 0x0
core   0: 0x8000569c (0x14c1c903) lbu     s2, 332(gp)
core   0: 3 0x8000569c (0x14c1c903) x18 0x0000009c mem 0x800230e7
core   0: 0x800056a0 (0x4145dd93) srai    s11, a1, 20
core   0: 3 0x800056a0 (0x4145dd93) x27 0x00000000
core   0: 0x800056a4 (0x2d518123) sb      s5, 706(gp)
core   0: 3 0x800056a4 (0x2d518123) mem 0x8002325d 0x86
core   0: 0x800056a8 (0x577d0737) lui     a4, 0x577d0
core   0: 3 0x800056a8 (0x577d0737) x14 0x577d0000
core   0: 0x800056ac (0xcc818b23) sb      s0, -810(gp)
core   0: 3 0x800056ac (0xcc818b23) mem 0x80022c71 0x0
core   0: 0x800056b0 (0x008074b3) and     s1, zero, s0
core   0: 3 0x800056b0 (0x008074b3) x 9 0x00000000
core   0: 0x800056b4 (0x64feaf93) slti    t6, t4, 1615
core   0: 3 0x800056b4 (0x64feaf93) x31 0x00000000
core   0: 0x800056b8 (0x5c61c703) lbu     a4, 1478(gp)
core   0: 3 0x800056b8 (0x5c61c703) x14 0x0000001a mem 0x80023561
core   0: 0x800056bc (0xc1518223) sb      s5, -1020(gp)
core   0: 3 0x800056bc (0xc1518223) mem 0x80022b9f 0x86
core   0: 0x800056c0 (0x00001533) sll     a0, zero, zero
core   0: 3 0x800056c0 (0x00001533) x10 0x00000000
core   0: 0x800056c4 (0x3ab18423) sb      a1, 936(gp)
core   0: 3 0x800056c4 (0x3ab18423) mem 0x80023343 0x34
core   0: 0x800056c8 (0x00010e97) auipc   t4, 0x10
core   0: 3 0x800056c8 (0x00010e97) x29 0x800156c8
core   0: 0x800056cc (0x674e8e93) addi    t4, t4, 1652
core   0: 3 0x800056cc (0x674e8e93) x29 0x80015d3c
core   0: 0x800056d0 (0x026ec883) lbu     a7, 38(t4)
core   0: 3 0x800056d0 (0x026ec883) x17 0x00000019 mem 0x80015d62
core   0: 0x800056d4 (0x57034317) auipc   t1, 0x57034
core   0: 3 0x800056d4 (0x57034317) x 6 0xd70396d4
core   0: 0x800056d8 (0xfc6e9183) lh      gp, -58(t4)
core   0: 3 0x800056d8 (0xfc6e9183) x 3 0xffffb8b9 mem 0x80015d02
core   0: 0x800056dc (0x4046dcb3) sra     s9, a3, tp
core   0: 3 0x800056dc (0x4046dcb3) x25 0xfffe0000
core   0: 0x800056e0 (0x0032af33) slt     t5, t0, gp
core   0: 3 0x800056e0 (0x0032af33) x30 0x00000000
core   0: 0x800056e4 (0xfc6e9d03) lh      s10, -58(t4)
core   0: 3 0x800056e4 (0xfc6e9d03) x26 0xffffb8b9 mem 0x80015d02
core   0: 0x800056e8 (0xd17e8923) sb      s7, -750(t4)
core   0: 3 0x800056e8 (0xd17e8923) mem 0x80015a4e 0x0
core   0: 0x800056ec (0x78d37313) andi    t1, t1, 1933
core   0: 3 0x800056ec (0x78d37313) x 6 0x00000684
core   0: 0x800056f0 (0xf3e48f93) addi    t6, s1, -194
core   0: 3 0x800056f0 (0xf3e48f93) x31 0xffffff3e
core   0: 0x800056f4 (0x250e87a3) sb      a6, 591(t4)
core   0: 3 0x800056f4 (0x250e87a3) mem 0x80015f8b 0x84
core   0: 0x800056f8 (0x99ee9303) lh      t1, -1634(t4)
core   0: 3 0x800056f8 (0x99ee9303) x 6 0xffff9091 mem 0x800156da
core   0: 0x800056fc (0x260fa893) slti    a7, t6, 608
core   0: 3 0x800056fc (0x260fa893) x17 0x00000001
core   0: 0x80005700 (0xa3fe8483) lb      s1, -1473(t4)
core   0: 3 0x80005700 (0xa3fe8483) x 9 0xffffffff mem 0x8001577b
core   0: 0x80005704 (0xa3fe8d83) lb      s11, -1473(t4)
core   0: 3 0x80005704 (0xa3fe8d83) x27 0xffffffff mem 0x8001577b
core   0: 0x80005708 (0xa3fe8503) lb      a0, -1473(t4)
core   0: 3 0x80005708 (0xa3fe8503) x10 0xffffffff mem 0x8001577b
core   0: 0x8000570c (0xb14eda83) lhu     s5, -1260(t4)
core   0: 3 0x8000570c (0xb14eda83) x21 0x00000a0b mem 0x80015850
core   0: 0x80005710 (0x00015f97) auipc   t6, 0x15
core   0: 3 0x80005710 (0x00015f97) x31 0x8001a710
core   0: 0x80005714 (0x108f8f93) addi    t6, t6, 264
core   0: 3 0x80005714 (0x108f8f93) x31 0x8001a818
core   0: 0x80005718 (0xcfbfcd83) lbu     s11, -773(t6)
core   0: 3 0x80005718 (0xcfbfcd83) x27 0x000000c8 mem 0x8001a513
core   0: 0x8000571c (0xddffcb03) lbu     s6, -545(t6)
core   0: 3 0x8000571c (0xddffcb03) x22 0x000000ac mem 0x8001a5f7
core   0: 0x80005720 (0x5f8f07b7) lui     a5, 0x5f8f0
core   0: 3 0x80005720 (0x5f8f07b7) x15 0x5f8f0000
core   0: 0x80005724 (0x005ac3b3) xor     t2, s5, t0
core   0: 3 0x80005724 (0x005ac3b3) x 7 0x00000a1c
core   0: 0x80005728 (0xdf7fc183) lbu     gp, -521(t6)
core   0: 3 0x80005728 (0xdf7fc183) x 3 0x000000c4 mem 0x8001a60f
core   0: 0x8000572c (0xae1fce83) lbu     t4, -1311(t6)
core   0: 3 0x8000572c (0xae1fce83) x29 0x000000b2 mem 0x8001a2f9
core   0: 0x80005730 (0x00cf8cb3) add     s9, t6, a2
core   0: 3 0x80005730 (0x00cf8cb3) x25 0x8001a8e9
core   0: 0x80005734 (0x618f9d23) sh      s8, 1562(t6)
core   0: 3 0x80005734 (0x618f9d23) mem 0x8001ae32 0xac54
core   0: 0x80005738 (0xa59fc183) lbu     gp, -1447(t6)
core   0: 3 0x80005738 (0xa59fc183) x 3 0x0000002a mem 0x8001a271
core   0: 0x8000573c (0x0150fc33) and     s8, ra, s5
core   0: 3 0x8000573c (0x0150fc33) x24 0x00000000
core   0: 0x80005740 (0xe4d6a893) slti    a7, a3, -435
core   0: 3 0x80005740 (0xe4d6a893) x17 0x00000001
core   0: 0x80005744 (0x4c8f9803) lh      a6, 1224(t6)
core   0: 3 0x80005744 (0x4c8f9803) x16 0xffff9a9b mem 0x8001ace0
core   0: 0x80005748 (0x937f8483) lb      s1, -1737(t6)
core   0: 3 0x80005748 (0x937f8483) x 9 0x00000004 mem 0x8001a14f
core   0: 0x8000574c (0x41175c93) srai    s9, a4, 17
core   0: 3 0x8000574c (0x41175c93) x25 0x00000000
core   0: 0x80005750 (0xb94fcd03) lbu     s10, -1132(t6)
core   0: 3 0x80005750 (0xb94fcd03) x26 0x00000067 mem 0x8001a3ac
core   0: 0x80005754 (0xf2df9423) sh      a3, -216(t6)
core   0: 3 0x80005754 (0xf2df9423) mem 0x8001a740 0x0000
core   0: 0x80005758 (0x952b3193) sltiu   gp, s6, -1710
core   0: 3 0x80005758 (0x952b3193) x 3 0x00000001
core   0: 0x8000575c (0xb70f84a3) sb      a6, -1175(t6)
core   0: 3 0x8000575c (0xb70f84a3) mem 0x8001a381 0x9b
core   0: 0x80005760 (0x019e5393) srli    t2, t3, 25
core   0: 3 0x80005760 (0x019e5393) x 7 0x00000000
core   0: 0x80005764 (0xd43f8503) lb      a0, -701(t6)
core   0: 3 0x80005764 (0xd43f8503) x10 0x00000010 mem 0x8001a55b
core   0: 0x80005768 (0xf29f8c83) lb      s9, -215(t6)
core   0: 3 0x80005768 (0xf29f8c83) x25 0x00000000 mem 0x8001a741
core   0: 0x8000576c (0x401b5b93) srai    s7, s6, 1
core   0: 3 0x8000576c (0x401b5b93) x23 0x00000056
core   0: 0x80005770 (0x66f0c637) lui     a2, 0x66f0c
core   0: 3 0x80005770 (0x66f0c637) x12 0x66f0c000
core   0: 0x80005774 (0x0ff0000f) fence   iorw,iorw
core   0: 3 0x80005774 (0x0ff0000f)
core   0: 0x80005778 (0xaaafc403) lbu     s0, -1366(t6)
core   0: 3 0x80005778 (0xaaafc403) x 8 0x00000079 mem 0x8001a2c2
core   0: 0x8000577c (0x01f75e93) srli    t4, a4, 31
core   0: 3 0x8000577c (0x01f75e93) x29 0x00000000
core   0: 0x80005780 (0x0ff0000f) fence   iorw,iorw
core   0: 3 0x80005780 (0x0ff0000f)
core   0: 0x80005784 (0x002f3433) sltu    s0, t5, sp
core   0: 3 0x80005784 (0x002f3433) x 8 0x00000001
core   0: 0x80005788 (0xe79aa493) slti    s1, s5, -391
core   0: 3 0x80005788 (0xe79aa493) x 9 0x00000000
core   0: 0x8000578c (0x00ae6ab3) or      s5, t3, a0
core   0: 3 0x8000578c (0x00ae6ab3) x21 0x00000034
core   0: 0x80005790 (0x01c3fc33) and     s8, t2, t3
core   0: 3 0x80005790 (0x01c3fc33) x24 0x00000000
core   0: 0x80005794 (0x00819f33) sll     t5, gp, s0
core   0: 3 0x80005794 (0x00819f33) x30 0x00000002
core   0: 0x80005798 (0x439fce03) lbu     t3, 1081(t6)
core   0: 3 0x80005798 (0x439fce03) x28 0x0000000a mem 0x8001ac51
core   0: 0x8000579c (0x00c35293) srli    t0, t1, 12
core   0: 3 0x8000579c (0x00c35293) x 5 0x000ffff9
core   0: 0x800057a0 (0xb13b4413) xori    s0, s6, -1261
core   0: 3 0x800057a0 (0xb13b4413) x 8 0xfffffbbf
core   0: 0x800057a4 (0xc0b77313) andi    t1, a4, -1013
core   0: 3 0x800057a4 (0xc0b77313) x 6 0x0000000a
core   0: 0x800057a8 (0x00304d33) xor     s10, zero, gp
core   0: 3 0x800057a8 (0x00304d33) x26 0x00000001
core   0: 0x800057ac (0x01509093) slli    ra, ra, 21
core   0: 3 0x800057ac (0x01509093) x 1 0x00000000
core   0: 0x800057b0 (0x145f8ea3) sb      t0, 349(t6)
core   0: 3 0x800057b0 (0x145f8ea3) mem 0x8001a975 0xf9
core   0: 0x800057b4 (0x0234b193) sltiu   gp, s1, 35
core   0: 3 0x800057b4 (0x0234b193) x 3 0x00000001
core   0: 0x800057b8 (0x86d73893) sltiu   a7, a4, -1939
core   0: 3 0x800057b8 (0x86d73893) x17 0x00000001
core   0: 0x800057bc (0x9aea8793) addi    a5, s5, -1618
core   0: 3 0x800057bc (0x9aea8793) x15 0xfffff9e2
core   0: 0x800057c0 (0x01b59433) sll     s0, a1, s11
core   0: 3 0x800057c0 (0x01b59433) x 8 0x00003400
core   0: 0x800057c4 (0x01e99733) sll     a4, s3, t5
core   0: 3 0x800057c4 (0x01e99733) x14 0x000ab990
core   0: 0x800057c8 (0x53efde83) lhu     t4, 1342(t6)
core   0: 3 0x800057c8 (0x53efde83) x29 0x00000c0d mem 0x8001ad56
core   0: 0x800057cc (0x00011197) auipc   gp, 0x11
core   0: 3 0x800057cc (0x00011197) x 3 0x800167cc
core   0: 0x800057d0 (0xa8618193) addi    gp, gp, -1402
core   0: 3 0x800057d0 (0xa8618193) x 3 0x80016252
core   0: 0x800057d4 (0xbc73bf93) sltiu   t6, t2, -1081
core   0: 3 0x800057d4 (0xbc73bf93) x31 0x00000001
core   0: 0x800057d8 (0x65118403) lb      s0, 1617(gp)
core   0: 3 0x800057d8 (0x65118403) x 8 0x00000058 mem 0x800168a3
core   0: 0x800057dc (0xf5658fb7) lui     t6, 0xf5658
core   0: 3 0x800057dc (0xf5658fb7) x31 0xf5658000
core   0: 0x800057e0 (0x00629b93) slli    s7, t0, 6
core   0: 3 0x800057e0 (0x00629b93) x23 0x03fffe40
core   0: 0x800057e4 (0x10319e23) sh      gp, 284(gp)
core   0: 3 0x800057e4 (0x10319e23) mem 0x8001636e 0x6252
core   0: 0x800057e8 (0x001b5613) srli    a2, s6, 1
core   0: 3 0x800057e8 (0x001b5613) x12 0x00000056
core   0: 0x800057ec (0x018878b3) and     a7, a6, s8
core   0: 3 0x800057ec (0x018878b3) x17 0x00000000
core   0: 0x800057f0 (0x5551cb83) lbu     s7, 1365(gp)
core   0: 3 0x800057f0 (0x5551cb83) x23 0x0000005c mem 0x800167a7
core   0: 0x800057f4 (0x0e118903) lb      s2, 225(gp)
core   0: 3 0x800057f4 (0x0e118903) x18 0xffffffe8 mem 0x80016333
core   0: 0x800057f8 (0x0071c003) lbu     zero, 7(gp)
core   0: 3 0x800057f8 (0x0071c003) mem 0x80016259
core   0: 0x800057fc (0x001d6d33) or      s10, s10, ra
core   0: 3 0x800057fc (0x001d6d33) x26 0x00000001
core   0: 0x80005800 (0x4631af23) sw      gp, 1150(gp)
core   0: 3 0x80005800 (0x4631af23) mem 0x800166d0 0x80016252
core   0: 0x80005804 (0xf7918403) lb      s0, -135(gp)
core   0: 3 0x80005804 (0xf7918403) x 8 0xffffff80 mem 0x800161cb
core   0: 0x80005808 (0x01e21d33) sll     s10, tp, t5
core   0: 3 0x80005808 (0x01e21d33) x26 0x00054438
core   0: 0x8000580c (0x0ff0000f) fence   iorw,iorw
core   0: 3 0x8000580c (0x0ff0000f)
core   0: 0x80005810 (0x3041d003) lhu     zero, 772(gp)
core   0: 3 0x80005810 (0x3041d003) mem 0x80016556
core   0: 0x80005814 (0x003dc633) xor     a2, s11, gp
core   0: 3 0x80005814 (0x003dc633) x12 0x8001629a
core   0: 0x80005818 (0x0ff0000f) fence   iorw,iorw
core   0: 3 0x80005818 (0x0ff0000f)
core   0: 0x8000581c (0x2fe1d403) lhu     s0, 766(gp)
core   0: 3 0x8000581c (0x2fe1d403) x 8 0x00000a0b mem 0x80016550
core   0: 0x80005820 (0x05f18883) lb      a7, 95(gp)
core   0: 3 0x80005820 (0x05f18883) x17 0x0000006a mem 0x800162b1
core   0: 0x80005824 (0x00195db3) srl     s11, s2, ra
core   0: 3 0x80005824 (0x00195db3) x27 0xffffffe8
core   0: 0x80005828 (0x7f0181a3) sb      a6, 2019(gp)
core   0: 3 0x80005828 (0x7f0181a3) mem 0x80016a35 0x9b
core   0: 0x8000582c (0x1d01a723) sw      a6, 462(gp)
core   0: 3 0x8000582c (0x1d01a723) mem 0x80016420 0xffff9a9b
core   0: 0x80005830 (0xc3b54913) xori    s2, a0, -965
core   0: 3 0x80005830 (0xc3b54913) x18 0xfffffc2b
core   0: 0x80005834 (0xf41183a3) sb      ra, -185(gp)
core   0: 3 0x80005834 (0xf41183a3) mem 0x80016199 0x0
core   0: 0x80005838 (0x00949893) slli    a7, s1, 9
core   0: 3 0x80005838 (0x00949893) x17 0x00000000
core   0: 0x8000583c (0x25d1af23) sw      t4, 606(gp)
core   0: 3 0x8000583c (0x25d1af23) mem 0x800164b0 0x00000c0d
core   0: 0x80005840 (0x409ed413) srai    s0, t4, 9
core   0: 3 0x80005840 (0x409ed413) x 8 0x00000006
core   0: 0x80005844 (0x0ff0000f) fence   iorw,iorw
core   0: 3 0x80005844 (0x0ff0000f)
core   0: 0x80005848 (0x004b9c33) sll     s8, s7, tp
core   0: 3 0x80005848 (0x004b9c33) x24 0x00170000
core   0: 0x8000584c (0xd990bc93) sltiu   s9, ra, -615
core   0: 3 0x8000584c (0xd990bc93) x25 0x00000001
core   0: 0x80005850 (0x36118ca3) sb      ra, 889(gp)
core   0: 3 0x80005850 (0x36118ca3) mem 0x800165cb 0x0
core   0: 0x80005854 (0xc953f097) auipc   ra, 0xc953f
core   0: 3 0x80005854 (0xc953f097) x 1 0x49544854
core   0: 0x80005858 (0x4eb18aa3) sb      a1, 1269(gp)
core   0: 3 0x80005858 (0x4eb18aa3) mem 0x80016747 0x34
core   0: 0x8000585c (0x0001e517) auipc   a0, 0x1e
core   0: 3 0x8000585c (0x0001e517) x10 0x8002385c
core   0: 0x80005860 (0x90450513) addi    a0, a0, -1788
core   0: 3 0x80005860 (0x90450513) x10 0x80023160
core   0: 0x80005864 (0xa1050883) lb      a7, -1520(a0)
core   0: 3 0x80005864 (0xa1050883) x17 0x0000002b mem 0x80022b70
core   0: 0x80005868 (0x84151e23) sh      ra, -1956(a0)
core   0: 3 0x80005868 (0x84151e23) mem 0x800229bc 0x4854
core   0: 0x8000586c (0xce554a03) lbu     s4, -795(a0)
core   0: 3 0x8000586c (0xce554a03) x20 0x000000fe mem 0x80022e45
core   0: 0x80005870 (0xced502a3) sb      a3, -795(a0)
core   0: 3 0x80005870 (0xced502a3) mem 0x80022e45 0x0
core   0: 0x80005874 (0x01c0db33) srl     s6, ra, t3
core   0: 3 0x80005874 (0x01c0db33) x22 0x00125512
core   0: 0x80005878 (0xba050623) sb      zero, -1108(a0)
core   0: 3 0x80005878 (0xba050623) mem 0x80022d0c 0x0
core   0: 0x8000587c (0x469505a3) sb      s1, 1131(a0)
core   0: 3 0x8000587c (0x469505a3) mem 0x800235cb 0x0
core   0: 0x80005880 (0x27050083) lb      ra, 624(a0)
core   0: 3 0x80005880 (0x27050083) x 1 0xffffff8b mem 0x800233d0
core   0: 0x80005884 (0x27154203) lbu     tp, 625(a0)
core   0: 3 0x80005884 (0x27154203) x 4 0x0000008a mem 0x800233d1
core   0: 0x80005888 (0x27150083) lb      ra, 625(a0)
core   0: 3 0x80005888 (0x27150083) x 1 0xffffff8a mem 0x800233d1
core   0: 0x8000588c (0x27154f83) lbu     t6, 625(a0)
core   0: 3 0x8000588c (0x27154f83) x31 0x0000008a mem 0x800233d1
core   0: 0x80005890 (0x27150603) lb      a2, 625(a0)
core   0: 3 0x80005890 (0x27150603) x12 0xffffff8a mem 0x800233d1
core   0: 0x80005894 (0xedf50b03) lb      s6, -289(a0)
core   0: 3 0x80005894 (0xedf50b03) x22 0xfffffff4 mem 0x8002303f
core   0: 0x80005898 (0xbb952023) sw      s9, -1120(a0)
core   0: 3 0x80005898 (0xbb952023) mem 0x80022d00 0x00000001
core   0: 0x8000589c (0x4e754e03) lbu     t3, 1255(a0)
core   0: 3 0x8000589c (0x4e754e03) x28 0x000000fc mem 0x80023647
core   0: 0x800058a0 (0x0ff0000f) fence   iorw,iorw
core   0: 3 0x800058a0 (0x0ff0000f)
core   0: 0x800058a4 (0x4e754c83) lbu     s9, 1255(a0)
core   0: 3 0x800058a4 (0x4e754c83) x25 0x000000fc mem 0x80023647
core   0: 0x800058a8 (0x4e750203) lb      tp, 1255(a0)
core   0: 3 0x800058a8 (0x4e750203) x 4 0xfffffffc mem 0x80023647
core   0: 0x800058ac (0x61b54d03) lbu     s10, 1563(a0)
core   0: 3 0x800058ac (0x61b54d03) x26 0x00000030 mem 0x8002377b
core   0: 0x800058b0 (0x9a851e23) sh      s0, -1604(a0)
core   0: 3 0x800058b0 (0x9a851e23) mem 0x80022b1c 0x0006
core   0: 0x800058b4 (0xb9754383) lbu     t2, -1129(a0)
core   0: 3 0x800058b4 (0xb9754383) x 7 0x000000ac mem 0x80022cf7
core   0: 0x800058b8 (0x00020597) auipc   a1, 0x20
core   0: 3 0x800058b8 (0x00020597) x11 0x800258b8
core   0: 0x800058bc (0x0b958593) addi    a1, a1, 185
core   0: 3 0x800058bc (0x0b958593) x11 0x80025971
core   0: 0x800058c0 (0x00010c17) auipc   s8, 0x10
core   0: 3 0x800058c0 (0x00010c17) x24 0x800158c0
core   0: 0x800058c4 (0xab6c0c13) addi    s8, s8, -1354
core   0: 3 0x800058c4 (0xab6c0c13) x24 0x80015376
core   0: 0x800058c8 (0xff25c283) lbu     t0, -14(a1)
core   0: 3 0x800058c8 (0xff25c283) x 5 0x00000018 mem 0x80025963
core   0: 0x800058cc (0xfeb58ea3) sb      a1, -3(a1)
core   0: 3 0x800058cc (0xfeb58ea3) mem 0x8002596e 0x71
core   0: 0x800058d0 (0x23fc4e83) lbu     t4, 575(s8)
core   0: 3 0x800058d0 (0x23fc4e83) x29 0x0000006e mem 0x800155b5
core   0: 0x800058d4 (0xff858e03) lb      t3, -8(a1)
core   0: 3 0x800058d4 (0xff858e03) x28 0x00000022 mem 0x80025969
core   0: 0x800058d8 (0xff25c483) lbu     s1, -14(a1)
core   0: 3 0x800058d8 (0xff25c483) x 9 0x00000018 mem 0x80025963
core   0: 0x800058dc (0xffb5a303) lw      t1, -5(a1)
core   0: 3 0x800058dc (0xffb5a303) x 6 0x24712627 mem 0x8002596c
core   0: 0x800058e0 (0x00258f03) lb      t5, 2(a1)
core   0: 3 0x800058e0 (0x00258f03) x30 0x00000028 mem 0x80025973
core   0: 0x800058e4 (0xf42c0a83) lb      s5, -190(s8)
core   0: 3 0x800058e4 (0xf42c0a83) x21 0x00000073 mem 0x800152b8
core   0: 0x800058e8 (0x00a58223) sb      a0, 4(a1)
core   0: 3 0x800058e8 (0x00a58223) mem 0x80025975 0x60
core   0: 0x800058ec (0x01658523) sb      s6, 10(a1)
core   0: 3 0x800058ec (0x01658523) mem 0x8002597b 0xf4
core   0: 0x800058f0 (0x77dc0903) lb      s2, 1917(s8)
core   0: 3 0x800058f0 (0x77dc0903) x18 0xffffffa8 mem 0x80015af3
core   0: 0x800058f4 (0x657c4d03) lbu     s10, 1623(s8)
core   0: 3 0x800058f4 (0x657c4d03) x26 0x00000086 mem 0x800159cd
core   0: 0x800058f8 (0x7bcc4803) lbu     a6, 1980(s8)
core   0: 3 0x800058f8 (0x7bcc4803) x16 0x000000e4 mem 0x80015b32
core   0: 0x800058fc (0x40bc0a83) lb      s5, 1035(s8)
core   0: 3 0x800058fc (0x40bc0a83) x21 0x0000003a mem 0x80015781
core   0: 0x80005900 (0x00558603) lb      a2, 5(a1)
core   0: 3 0x80005900 (0x00558603) x12 0x0000002d mem 0x80025976
core   0: 0x80005904 (0xe56c2f03) lw      t5, -426(s8)
core   0: 3 0x80005904 (0xe56c2f03) x30 0x84858687 mem 0x800151cc
core   0: 0x80005908 (0xff75da83) lhu     s5, -9(a1)
core   0: 3 0x80005908 (0xff75da83) x21 0x00002223 mem 0x80025968
core   0: 0x8000590c (0x048c07a3) sb      s0, 79(s8)
core   0: 3 0x8000590c (0x048c07a3) mem 0x800153c5 0x6
core   0: 0x80005910 (0x0001b297) auipc   t0, 0x1b
core   0: 3 0x80005910 (0x0001b297) x 5 0x80020910
core   0: 0x80005914 (0x8c228293) addi    t0, t0, -1854
core   0: 3 0x80005914 (0x8c228293) x 5 0x800201d2
core   0: 0x80005918 (0xff228da3) sb      s2, -5(t0)
core   0: 3 0x80005918 (0xff228da3) mem 0x800201cd 0xa8
core   0: 0x8000591c (0xffa2db83) lhu     s7, -6(t0)
core   0: 3 0x8000591c (0xffa2db83) x23 0x0000a887 mem 0x800201cc
core   0: 0x80005920 (0x0000100f) fence.i
core   0: 3 0x80005920 (0x0000100f)
core   0: 0x80005924 (0xffa2ac83) lw      s9, -6(t0)
core   0: 3 0x80005924 (0xffa2ac83) x25 0x8485a887 mem 0x800201cc
core   0: 0x80005928 (0xebbd4393) xori    t2, s10, -325
core   0: 3 0x80005928 (0xebbd4393) x 7 0xfffffe3d
core   0: 0x8000592c (0xffb28383) lb      t2, -5(t0)
core   0: 3 0x8000592c (0xffb28383) x 7 0xffffffa8 mem 0x800201cd
core   0: 0x80005930 (0x0000100f) fence.i
core   0: 3 0x80005930 (0x0000100f)
core   0: 0x80005934 (0xe246ef93) ori     t6, a3, -476
core   0: 3 0x80005934 (0xe246ef93) x31 0xfffffe24
core   0: 0x80005938 (0xc8d7aa13) slti    s4, a5, -883
core   0: 3 0x80005938 (0xc8d7aa13) x20 0x00000001
core   0: 0x8000593c (0x01e28223) sb      t5, 4(t0)
core   0: 3 0x8000593c (0x01e28223) mem 0x800201d6 0x87
core   0: 0x80005940 (0x01eb4db3) xor     s11, s6, t5
core   0: 3 0x80005940 (0x01eb4db3) x27 0x7b7a7973
core   0: 0x80005944 (0xff12cb83) lbu     s7, -15(t0)
core   0: 3 0x80005944 (0xff12cb83) x23 0x00000078 mem 0x800201c3
core   0: 0x80005948 (0x00d28883) lb      a7, 13(t0)
core   0: 3 0x80005948 (0x00d28883) x17 0xffffff94 mem 0x800201df
core   0: 0x8000594c (0x00a2d603) lhu     a2, 10(t0)
core   0: 3 0x8000594c (0x00a2d603) x12 0x00009697 mem 0x800201dc
core   0: 0x80005950 (0x00a2a523) sw      a0, 10(t0)
core   0: 3 0x80005950 (0x00a2a523) mem 0x800201dc 0x80023160
core   0: 0x80005954 (0xff528303) lb      t1, -11(t0)
core   0: 3 0x80005954 (0xff528303) x 6 0x0000007c mem 0x800201c7
core   0: 0x80005958 (0x00c6db13) srli    s6, a3, 12
core   0: 3 0x80005958 (0x00c6db13) x22 0x00080000
core   0: 0x8000595c (0x00b2c383) lbu     t2, 11(t0)
core   0: 3 0x8000595c (0x00b2c383) x 7 0x00000031 mem 0x800201dd
core   0: 0x80005960 (0x01f281a3) sb      t6, 3(t0)
core   0: 3 0x80005960 (0x01f281a3) mem 0x800201d5 0x24
core   0: 0x80005964 (0x00010797) auipc   a5, 0x10
core   0: 3 0x80005964 (0x00010797) x15 0x80015964
core   0: 0x80005968 (0x32078793) addi    a5, a5, 800
core   0: 3 0x80005968 (0x32078793) x15 0x80015c84
core   0: 0x8000596c (0xaf07a203) lw      tp, -1296(a5)
core   0: 3 0x8000596c (0xaf07a203) x 4 0x2c2d002f mem 0x80015774
core   0: 0x80005970 (0x95e78383) lb      t2, -1698(a5)
core   0: 3 0x80005970 (0x95e78383) x 7 0xffffff99 mem 0x800155e2
core   0: 0x80005974 (0x27099917) auipc   s2, 0x27099
core   0: 3 0x80005974 (0x27099917) x18 0xa709e974
core   0: 0x80005978 (0x00dd11b3) sll     gp, s10, a3
core   0: 3 0x80005978 (0x00dd11b3) x 3 0x00000086
core   0: 0x8000597c (0xc1479723) sh      s4, -1010(a5)
core   0: 3 0x8000597c (0xc1479723) mem 0x80015892 0x0001
core   0: 0x80005980 (0xb1f783a3) sb      t6, -1273(a5)
core   0: 3 0x80005980 (0xb1f783a3) mem 0x8001578b 0x24
core   0: 0x80005984 (0xb077c883) lbu     a7, -1273(a5)
core   0: 3 0x80005984 (0xb077c883) x17 0x00000024 mem 0x8001578b
core   0: 0x80005988 (0x8857c403) lbu     s0, -1915(a5)
core   0: 3 0x80005988 (0x8857c403) x 8 0x00000095 mem 0x80015509
core   0: 0x8000598c (0x880782a3) sb      zero, -1915(a5)
core   0: 3 0x8000598c (0x880782a3) mem 0x80015509 0x0
core   0: 0x80005990 (0x01385b13) srli    s6, a6, 19
core   0: 3 0x80005990 (0x01385b13) x22 0x00000000
core   0: 0x80005994 (0xf1e79503) lh      a0, -226(a5)
core   0: 3 0x80005994 (0xf1e79503) x10 0x00005859 mem 0x80015ba2
core   0: 0x80005998 (0x41d15033) sra     zero, sp, t4
core   0: 3 0x80005998 (0x41d15033)
core   0: 0x8000599c (0xf647ae03) lw      t3, -156(a5)
core   0: 3 0x8000599c (0xf647ae03) x28 0x3ea1a2a3 mem 0x80015be8
core   0: 0x800059a0 (0xf647a503) lw      a0, -156(a5)
core   0: 3 0x800059a0 (0xf647a503) x10 0x3ea1a2a3 mem 0x80015be8
core   0: 0x800059a4 (0xf647a183) lw      gp, -156(a5)
core   0: 3 0x800059a4 (0xf647a183) x 3 0x3ea1a2a3 mem 0x80015be8
core   0: 0x800059a8 (0xf2179e23) sh      ra, -196(a5)
core   0: 3 0x800059a8 (0xf2179e23) mem 0x80015bc0 0xff8a
core   0: 0x800059ac (0xf3c79e83) lh      t4, -196(a5)
core   0: 3 0x800059ac (0xf3c79e83) x29 0xffffff8a mem 0x80015bc0
core   0: 0x800059b0 (0x00010597) auipc   a1, 0x10
core   0: 3 0x800059b0 (0x00010597) x11 0x800159b0
core   0: 0x800059b4 (0x98c58593) addi    a1, a1, -1652
core   0: 3 0x800059b4 (0x98c58593) x11 0x8001533c
core   0: 0x800059b8 (0x00010817) auipc   a6, 0x10
core   0: 3 0x800059b8 (0x00010817) x16 0x800159b8
core   0: 0x800059bc (0x26480813) addi    a6, a6, 612
core   0: 3 0x800059bc (0x26480813) x16 0x80015c1c
core   0: 0x800059c0 (0x00010217) auipc   tp, 0x10
core   0: 3 0x800059c0 (0x00010217) x 4 0x800159c0
core   0: 0x800059c4 (0x62d20213) addi    tp, tp, 1581
core   0: 3 0x800059c4 (0x62d20213) x 4 0x80015fed
core   0: 0x800059c8 (0x03059f83) lh      t6, 48(a1)
core   0: 3 0x800059c8 (0x03059f83) x31 0x00002627 mem 0x8001536c
core   0: 0x800059cc (0x00010417) auipc   s0, 0x10
core   0: 3 0x800059cc (0x00010417) x 8 0x800159cc
core   0: 0x800059d0 (0xf8740413) addi    s0, s0, -121
core   0: 3 0x800059d0 (0xf8740413) x 8 0x80015953
core   0: 0x800059d4 (0x002213a3) sh      sp, 7(tp)
core   0: 3 0x800059d4 (0x002213a3) mem 0x80015ff4 0xece4
core   0: 0x800059d8 (0x00010e17) auipc   t3, 0x10
core   0: 3 0x800059d8 (0x00010e17) x28 0x800159d8
core   0: 0x800059dc (0x0b2e0e13) addi    t3, t3, 178
core   0: 3 0x800059dc (0x0b2e0e13) x28 0x80015a8a
core   0: 0x800059e0 (0xff524283) lbu     t0, -11(tp)
core   0: 3 0x800059e0 (0xff524283) x 5 0x00000099 mem 0x80015fe2
core   0: 0x800059e4 (0x00b20483) lb      s1, 11(tp)
core   0: 3 0x800059e4 (0x00b20483) x 9 0xffffffb3 mem 0x80015ff8
core   0: 0x800059e8 (0x00a59003) lh      zero, 10(a1)
core   0: 3 0x800059e8 (0x00a59003) mem 0x80015346
core   0: 0x800059ec (0xc6f40523) sb      a5, -918(s0)
core   0: 3 0x800059ec (0xc6f40523) mem 0x800155bd 0x84
core   0: 0x800059f0 (0xff7589a3) sb      s7, -13(a1)
core   0: 3 0x800059f0 (0xff7589a3) mem 0x8001532f 0x78
core   0: 0x800059f4 (0x05380da3) sb      s3, 91(a6)
core   0: 3 0x800059f4 (0x05380da3) mem 0x80015c77 0x64
core   0: 0x800059f8 (0xfc681883) lh      a7, -58(a6)
core   0: 3 0x800059f8 (0xfc681883) x17 0xffff9899 mem 0x80015be2
core   0: 0x800059fc (0x95b41503) lh      a0, -1701(s0)
core   0: 3 0x800059fc (0x95b41503) x10 0x00006465 mem 0x800152ae
core   0: 0x80005a00 (0xffb20b23) sb      s11, -10(tp)
core   0: 3 0x80005a00 (0xffb20b23) mem 0x80015fe3 0x73
core   0: 0x80005a04 (0xfae80783) lb      a5, -82(a6)
core   0: 3 0x80005a04 (0xfae80783) x15 0x00000000 mem 0x80015bca
core   0: 0x80005a08 (0xffd58c03) lb      s8, -3(a1)
core   0: 3 0x80005a08 (0xffd58c03) x24 0xfffffff2 mem 0x80015339
core   0: 0x80005a0c (0x014e4c03) lbu     s8, 20(t3)
core   0: 3 0x80005a0c (0x014e4c03) x24 0x00000008 mem 0x80015a9e
core   0: 0x80005a10 (0x0a984083) lbu     ra, 169(a6)
core   0: 3 0x80005a10 (0x0a984083) x 1 0x0000007e mem 0x80015cc5
core   0: 0x80005a14 (0xffa20b23) sb      s10, -10(tp)
core   0: 3 0x80005a14 (0xffa20b23) mem 0x80015fe3 0x86
core   0: 0x80005a18 (0x072e1c03) lh      s8, 114(t3)
core   0: 3 0x80005a18 (0x072e1c03) x24 0x00000000 mem 0x80015afc
core   0: 0x80005a1c (0x0f680023) sb      s6, 224(a6)
core   0: 3 0x80005a1c (0x0f680023) mem 0x80015cfc 0x0
core   0: 0x80005a20 (0xff85ac83) lw      s9, -8(a1)
core   0: 3 0x80005a20 (0xff85ac83) x25 0xecedeeef mem 0x80015334
core   0: 0x80005a24 (0x008e1783) lh      a5, 8(t3)
core   0: 3 0x80005a24 (0x008e1783) x15 0xffff8001 mem 0x80015a92
core   0: 0x80005a28 (0xf2e44003) lbu     zero, -210(s0)
core   0: 3 0x80005a28 (0xf2e44003) mem 0x80015881
core   0: 0x80005a2c (0x014201a3) sb      s4, 3(tp)
core   0: 3 0x80005a2c (0x014201a3) mem 0x80015ff0 0x1
core   0: 0x80005a30 (0x0eb80823) sb      a1, 240(a6)
core   0: 3 0x80005a30 (0x0eb80823) mem 0x80015d0c 0x3c
core   0: 0x80005a34 (0xfd6e5503) lhu     a0, -42(t3)
core   0: 3 0x80005a34 (0xfd6e5503) x10 0x00001a1b mem 0x80015a60
core   0: 0x80005a38 (0xfef5c503) lbu     a0, -17(a1)
core   0: 3 0x80005a38 (0xfef5c503) x10 0x000000e0 mem 0x8001532b
core   0: 0x80005a3c (0x01858283) lb      t0, 24(a1)
core   0: 3 0x80005a3c (0x01858283) x 5 0x0000000f mem 0x80015354
core   0: 0x80005a40 (0xfd384e83) lbu     t4, -45(a6)
core   0: 3 0x80005a40 (0xfd384e83) x29 0x000000a4 mem 0x80015bef
core   0: 0x80005a44 (0x00f22903) lw      s2, 15(tp)
core   0: 3 0x80005a44 (0x00f22903) x18 0xb4b5b6b7 mem 0x80015ffc
core   0: 0x80005a48 (0xe5d422a3) sw      t4, -443(s0)
core   0: 3 0x80005a48 (0xe5d422a3) mem 0x80015798 0x000000a4
core   0: 0x80005a4c (0xfaae2c83) lw      s9, -86(t3)
core   0: 3 0x80005a4c (0xfaae2c83) x25 0xecedeeef mem 0x80015a34
core   0: 0x80005a50 (0xfca58623) sb      a0, -52(a1)
core   0: 3 0x80005a50 (0xfca58623) mem 0x80015308 0xe0
core   0: 0x80005a54 (0x05ce0123) sb      t3, 66(t3)
core   0: 3 0x80005a54 (0x05ce0123) mem 0x80015acc 0x8a
core   0: 0x80005a58 (0x86f40883) lb      a7, -1937(s0)
core   0: 3 0x80005a58 (0x86f40883) x17 0x00000079 mem 0x800151c2
core   0: 0x80005a5c (0x01a58f23) sb      s10, 30(a1)
core   0: 3 0x80005a5c (0x01a58f23) mem 0x8001535a 0x86
core   0: 0x80005a60 (0xfdf82023) sw      t6, -64(a6)
core   0: 3 0x80005a60 (0xfdf82023) mem 0x80015bdc 0x00002627
core   0: 0x80005a64 (0xfd5e4b03) lbu     s6, -43(t3)
core   0: 3 0x80005a64 (0xfd5e4b03) x22 0x00000014 mem 0x80015a5f
core   0: 0x80005a68 (0xd4b45b03) lhu     s6, -693(s0)
core   0: 3 0x80005a68 (0xd4b45b03) x22 0x00003455 mem 0x8001569e
core   0: 0x80005a6c (0x0ca40e83) lb      t4, 202(s0)
core   0: 3 0x80005a6c (0x0ca40e83) x29 0xffffffd6 mem 0x80015a1d
core   0: 0x80005a70 (0x06580483) lb      s1, 101(a6)
core   0: 3 0x80005a70 (0x06580483) x 9 0x00000000 mem 0x80015c81
core   0: 0x80005a74 (0x00224183) lbu     gp, 2(tp)
core   0: 3 0x80005a74 (0x00224183) x 3 0x000000a4 mem 0x80015fef
core   0: 0x80005a78 (0x00018797) auipc   a5, 0x18
core   0: 3 0x80005a78 (0x00018797) x15 0x8001da78
core   0: 0x80005a7c (0x43978793) addi    a5, a5, 1081
core   0: 3 0x80005a7c (0x43978793) x15 0x8001deb1
core   0: 0x80005a80 (0x00010597) auipc   a1, 0x10
core   0: 3 0x80005a80 (0x00010597) x11 0x80015a80
core   0: 0x80005a84 (0x22258593) addi    a1, a1, 546
core   0: 3 0x80005a84 (0x22258593) x11 0x80015ca2
core   0: 0x80005a88 (0xf9758123) sb      s7, -126(a1)
core   0: 3 0x80005a88 (0xf9758123) mem 0x80015c24 0x78
core   0: 0x80005a8c (0x0d579803) lh      a6, 213(a5)
core   0: 3 0x80005a8c (0x0d579803) x16 0x00003c3d mem 0x8001df86
core   0: 0x80005a90 (0x97358f83) lb      t6, -1677(a1)
core   0: 3 0x80005a90 (0x97358f83) x31 0xffffffce mem 0x80015615
core   0: 0x80005a94 (0xf507c703) lbu     a4, -176(a5)
core   0: 3 0x80005a94 (0xf507c703) x14 0x000000ba mem 0x8001de01
core   0: 0x80005a98 (0x06578483) lb      s1, 101(a5)
core   0: 3 0x80005a98 (0x06578483) x 9 0xffffffcd mem 0x8001df16
core   0: 0x80005a9c (0xb5958283) lb      t0, -1191(a1)
core   0: 3 0x80005a9c (0xb5958283) x 5 0xffffffb0 mem 0x800157fb
core   0: 0x80005aa0 (0xfa07c283) lbu     t0, -96(a5)
core   0: 3 0x80005aa0 (0xfa07c283) x 5 0x0000000a mem 0x8001de51
core   0: 0x80005aa4 (0x0c57cd83) lbu     s11, 197(a5)
core   0: 3 0x80005aa4 (0x0c57cd83) x27 0x0000002d mem 0x8001df76
core   0: 0x80005aa8 (0xd155ca03) lbu     s4, -747(a1)
core   0: 3 0x80005aa8 (0xd155ca03) x20 0x0000006c mem 0x800159b7
core   0: 0x80005aac (0xbdd5cb83) lbu     s7, -1059(a1)
core   0: 3 0x80005aac (0xbdd5cb83) x23 0x00000034 mem 0x8001587f
core   0: 0x80005ab0 (0x05e7cc83) lbu     s9, 94(a5)
core   0: 3 0x80005ab0 (0x05e7cc83) x25 0x000000c4 mem 0x8001df0f
core   0: 0x80005ab4 (0x02e78003) lb      zero, 46(a5)
core   0: 3 0x80005ab4 (0x02e78003) mem 0x8001dedf
core   0: 0x80005ab8 (0xf2978ea3) sb      s1, -195(a5)
core   0: 3 0x80005ab8 (0xf2978ea3) mem 0x8001ddee 0xcd
core   0: 0x80005abc (0xf0459623) sh      tp, -244(a1)
core   0: 3 0x80005abc (0xf0459623) mem 0x80015bae 0x5fed
core   0: 0x80005ac0 (0xf1579703) lh      a4, -235(a5)
core   0: 3 0x80005ac0 (0xf1579703) x14 0x00007c7d mem 0x8001ddc6
core   0: 0x80005ac4 (0xe565dc83) lhu     s9, -426(a1)
core   0: 3 0x80005ac4 (0xe565dc83) x25 0x0000b2b3 mem 0x80015af8
core   0: 0x80005ac8 (0x00010217) auipc   tp, 0x10
core   0: 3 0x80005ac8 (0x00010217) x 4 0x80015ac8
core   0: 0x80005acc (0xdb720213) addi    tp, tp, -585
core   0: 3 0x80005acc (0xdb720213) x 4 0x8001587f
core   0: 0x80005ad0 (0x50325183) lhu     gp, 1283(tp)
core   0: 3 0x80005ad0 (0x50325183) x 3 0x00003839 mem 0x80015d82
core   0: 0x80005ad4 (0x40820a33) sub     s4, tp, s0
core   0: 3 0x80005ad4 (0x40820a33) x20 0xffffff2c
core   0: 0x80005ad8 (0x6bb20003) lb      zero, 1723(tp)
core   0: 3 0x80005ad8 (0x6bb20003) mem 0x80015f3a
core   0: 0x80005adc (0x6e0209a3) sb      zero, 1779(tp)
core   0: 3 0x80005adc (0x6e0209a3) mem 0x80015f72 0x0
core   0: 0x80005ae0 (0x80820e23) sb      s0, -2020(tp)
core   0: 3 0x80005ae0 (0x80820e23) mem 0x8001509b 0x53
core   0: 0x80005ae4 (0x0113db33) srl     s6, t2, a7
core   0: 3 0x80005ae4 (0x0113db33) x22 0x0000007f
core   0: 0x80005ae8 (0x01d26c33) or      s8, tp, t4
core   0: 3 0x80005ae8 (0x01d26c33) x24 0xffffffff
core   0: 0x80005aec (0x9fe24283) lbu     t0, -1538(tp)
core   0: 3 0x80005aec (0x9fe24283) x 5 0x000000f9 mem 0x8001527d
core   0: 0x80005af0 (0x82f20523) sb      a5, -2006(tp)
core   0: 3 0x80005af0 (0x82f20523) mem 0x800150a9 0xb1
core   0: 0x80005af4 (0x00197e33) and     t3, s2, ra
core   0: 3 0x80005af4 (0x00197e33) x28 0x00000036
core   0: 0x80005af8 (0x934210a3) sh      s4, -1759(tp)
core   0: 3 0x80005af8 (0x934210a3) mem 0x800151a0 0xff2c
core   0: 0x80005afc (0x41c6d793) srai    a5, a3, 28
core   0: 3 0x80005afc (0x41c6d793) x15 0xfffffff8
core   0: 0x80005b00 (0x930220a3) sw      a6, -1759(tp)
core   0: 3 0x80005b00 (0x930220a3) mem 0x800151a0 0x00003c3d
core   0: 0x80005b04 (0xedc210a3) sh      t3, -319(tp)
core   0: 3 0x80005b04 (0xedc210a3) mem 0x80015740 0x0036
core   0: 0x80005b08 (0xe3424d83) lbu     s11, -460(tp)
core   0: 3 0x80005b08 (0xe3424d83) x27 0x00000017 mem 0x800156b3
core   0: 0x80005b0c (0x82624f03) lbu     t5, -2010(tp)
core   0: 3 0x80005b0c (0x82624f03) x30 0x0000005e mem 0x800150a5
core   0: 0x80005b10 (0x00010217) auipc   tp, 0x10
core   0: 3 0x80005b10 (0x00010217) x 4 0x80015b10
core   0: 0x80005b14 (0x83120213) addi    tp, tp, -1999
core   0: 3 0x80005b14 (0x83120213) x 4 0x80015341
core   0: 0x80005b18 (0x01b20223) sb      s11, 4(tp)
core   0: 3 0x80005b18 (0x01b20223) mem 0x80015345 0x17
core   0: 0x80005b1c (0x005884b3) add     s1, a7, t0
core   0: 3 0x80005b1c (0x005884b3) x 9 0x00000172
core   0: 0x80005b20 (0x3f8214a3) sh      s8, 1001(tp)
core   0: 3 0x80005b20 (0x3f8214a3) mem 0x8001572a 0xffff
core   0: 0x80005b24 (0xdd424903) lbu     s2, -556(tp)
core   0: 3 0x80005b24 (0xdd424903) x18 0x00000000 mem 0x80015115
core   0: 0x80005b28 (0x00ad45b3) xor     a1, s10, a0
core   0: 3 0x80005b28 (0x00ad45b3) x11 0x00000066
core   0: 0x80005b2c (0x00e812b3) sll     t0, a6, a4
core   0: 3 0x80005b2c (0x00e812b3) x 5 0xa0000000
core   0: 0x80005b30 (0x00000013) nop
core   0: 3 0x80005b30 (0x00000013)
core   0: 0x80005b34 (0x41540a33) sub     s4, s0, s5
core   0: 3 0x80005b34 (0x41540a33) x20 0x80013730
core   0: 0x80005b38 (0x005f5593) srli    a1, t5, 5
core   0: 3 0x80005b38 (0x005f5593) x11 0x00000002
core   0: 0x80005b3c (0x90886a97) auipc   s5, 0x90886
core   0: 3 0x80005b3c (0x90886a97) x21 0x1088bb3c
core   0: 0x80005b40 (0x0aa20283) lb      t0, 170(tp)
core   0: 3 0x80005b40 (0x0aa20283) x 5 0xffffffa0 mem 0x800153eb
core   0: 0x80005b44 (0xef520023) sb      s5, -288(tp)
core   0: 3 0x80005b44 (0xef520023) mem 0x80015221 0x3c
core   0: 0x80005b48 (0xaeb3ba97) auipc   s5, 0xaeb3b
core   0: 3 0x80005b48 (0xaeb3ba97) x21 0x2eb40b48
core   0: 0x80005b4c (0x5cc20503) lb      a0, 1484(tp)
core   0: 3 0x80005b4c (0x5cc20503) x10 0xffffffe0 mem 0x8001590d
core   0: 0x80005b50 (0xf0f20b23) sb      a5, -234(tp)
core   0: 3 0x80005b50 (0xf0f20b23) mem 0x80015257 0xf8
core   0: 0x80005b54 (0x06c20e83) lb      t4, 108(tp)
core   0: 3 0x80005b54 (0x06c20e83) x29 0x00000078 mem 0x800153ad
core   0: 0x80005b58 (0xde7c2b93) slti    s7, s8, -537
core   0: 3 0x80005b58 (0xde7c2b93) x23 0x00000000
core   0: 0x80005b5c (0x00a681b3) add     gp, a3, a0
core   0: 3 0x80005b5c (0x00a681b3) x 3 0x7fffffe0
core   0: 0x80005b60 (0xdee72493) slti    s1, a4, -530
core   0: 3 0x80005b60 (0xdee72493) x 9 0x00000000
core   0: 0x80005b64 (0xeeb25d03) lhu     s10, -277(tp)
core   0: 3 0x80005b64 (0xeeb25d03) x26 0x0000e6e7 mem 0x8001522c
core   0: 0x80005b68 (0x019b4333) xor     t1, s6, s9
core   0: 3 0x80005b68 (0x019b4333) x 6 0x0000b2cc
core   0: 0x80005b6c (0xf0520b23) sb      t0, -234(tp)
core   0: 3 0x80005b6c (0xf0520b23) mem 0x80015257 0xa0
core   0: 0x80005b70 (0xe2e24283) lbu     t0, -466(tp)
core   0: 3 0x80005b70 (0xe2e24283) x 5 0x00000056 mem 0x8001516f
core   0: 0x80005b74 (0x0044a3b3) slt     t2, s1, tp
core   0: 3 0x80005b74 (0x0044a3b3) x 7 0x00000000
core   0: 0x80005b78 (0x36321783) lh      a5, 867(tp)
core   0: 3 0x80005b78 (0x36321783) x15 0x00005e5f mem 0x800156a4
core   0: 0x80005b7c (0x01b12bb3) slt     s7, sp, s11
core   0: 3 0x80005b7c (0x01b12bb3) x23 0x00000001
core   0: 0x80005b80 (0x0000100f) fence.i
core   0: 3 0x80005b80 (0x0000100f)
core   0: 0x80005b84 (0x4f520a23) sb      s5, 1268(tp)
core   0: 3 0x80005b84 (0x4f520a23) mem 0x80015835 0x48
core   0: 0x80005b88 (0xec321003) lh      zero, -317(tp)
core   0: 3 0x80005b88 (0xec321003) mem 0x80015204
core   0: 0x80005b8c (0x042227a3) sw      sp, 79(tp)
core   0: 3 0x80005b8c (0x042227a3) mem 0x80015390 0x8002ece4
core   0: 0x80005b90 (0x008824b3) slt     s1, a6, s0
core   0: 3 0x80005b90 (0x008824b3) x 9 0x00000000
core   0: 0x80005b94 (0x6f722e83) lw      t4, 1783(tp)
core   0: 3 0x80005b94 (0x6f722e83) x29 0xf0f1f2f3 mem 0x80015a38
core   0: 0x80005b98 (0x005f6733) or      a4, t5, t0
core   0: 3 0x80005b98 (0x005f6733) x14 0x0000005e
core   0: 0x80005b9c (0x40ddd513) srai    a0, s11, 13
core   0: 3 0x80005b9c (0x40ddd513) x10 0x00000000
core   0: 0x80005ba0 (0x40fb04b3) sub     s1, s6, a5
core   0: 3 0x80005ba0 (0x40fb04b3) x 9 0xffffa220
core   0: 0x80005ba4 (0x29020d23) sb      a6, 666(tp)
core   0: 3 0x80005ba4 (0x29020d23) mem 0x800155db 0x3d
core   0: 0x80005ba8 (0x4f624f03) lbu     t5, 1270(tp)
core   0: 3 0x80005ba8 (0x4f624f03) x30 0x000000ec mem 0x80015837
core   0: 0x80005bac (0x00a24303) lbu     t1, 10(tp)
core   0: 3 0x80005bac (0x00a24303) x 6 0x00000000 mem 0x8001534b
core   0: 0x80005bb0 (0x01fe5633) srl     a2, t3, t6
core   0: 3 0x80005bb0 (0x01fe5633) x12 0x00000000
core   0: 0x80005bb4 (0x2de20883) lb      a7, 734(tp)
core   0: 3 0x80005bb4 (0x2de20883) x17 0xfffffff8 mem 0x8001561f
core   0: 0x80005bb8 (0xf1bda193) slti    gp, s11, -229
core   0: 3 0x80005bb8 (0xf1bda193) x 3 0x00000000
core   0: 0x80005bbc (0x007f1493) slli    s1, t5, 7
core   0: 3 0x80005bbc (0x007f1493) x 9 0x00007600
core   0: 0x80005bc0 (0x61a10e97) auipc   t4, 0x61a10
core   0: 3 0x80005bc0 (0x61a10e97) x29 0xe1a15bc0
core   0: 0x80005bc4 (0x62524583) lbu     a1, 1573(tp)
core   0: 3 0x80005bc4 (0x62524583) x11 0x0000001d mem 0x80015966
core   0: 0x80005bc8 (0x07217d13) andi    s10, sp, 114
core   0: 3 0x80005bc8 (0x07217d13) x26 0x00000060
core   0: 0x80005bcc (0x11220223) sb      s2, 260(tp)
core   0: 3 0x80005bcc (0x11220223) mem 0x80015445 0x0
core   0: 0x80005bd0 (0x0ff0000f) fence   iorw,iorw
core   0: 3 0x80005bd0 (0x0ff0000f)
core   0: 0x80005bd4 (0x16024283) lbu     t0, 352(tp)
core   0: 3 0x80005bd4 (0x16024283) x 5 0x0000005a mem 0x800154a1
core   0: 0x80005bd8 (0x00015e17) auipc   t3, 0x15
core   0: 3 0x80005bd8 (0x00015e17) x28 0x8001abd8
core   0: 0x80005bdc (0xa16e0e13) addi    t3, t3, -1514
core   0: 3 0x80005bdc (0xa16e0e13) x28 0x8001a5ee
core   0: 0x80005be0 (0x00010197) auipc   gp, 0x10
core   0: 3 0x80005be0 (0x00010197) x 3 0x80015be0
core   0: 0x80005be4 (0xd5018193) addi    gp, gp, -688
core   0: 3 0x80005be4 (0xd5018193) x 3 0x80015930
core   0: 0x80005be8 (0xc81e4083) lbu     ra, -895(t3)
core   0: 3 0x80005be8 (0xc81e4083) x 1 0x00000024 mem 0x8001a26f
core   0: 0x80005bec (0x03a180a3) sb      s10, 33(gp)
core   0: 3 0x80005bec (0x03a180a3) mem 0x80015951 0x60
core   0: 0x80005bf0 (0x273e4783) lbu     a5, 627(t3)
core   0: 3 0x80005bf0 (0x273e4783) x15 0x0000001a mem 0x8001a861
core   0: 0x80005bf4 (0xfc918d23) sb      s1, -38(gp)
core   0: 3 0x80005bf4 (0xfc918d23) mem 0x8001590a 0x0
core   0: 0x80005bf8 (0x0d1e4783) lbu     a5, 209(t3)
core   0: 3 0x80005bf8 (0x0d1e4783) x15 0x00000074 mem 0x8001a6bf
core   0: 0x80005bfc (0x000e1a03) lh      s4, 0(t3)
core   0: 3 0x80005bfc (0x000e1a03) x20 0xffffa4a5 mem 0x8001a5ee
core   0: 0x80005c00 (0xa34e4a83) lbu     s5, -1484(t3)
core   0: 3 0x80005c00 (0xa34e4a83) x21 0x000000d9 mem 0x8001a022
core   0: 0x80005c04 (0xfeb18903) lb      s2, -21(gp)
core   0: 3 0x80005c04 (0xfeb18903) x18 0xffffffd0 mem 0x8001591b
core   0: 0x80005c08 (0x161e0da3) sb      ra, 379(t3)
core   0: 3 0x80005c08 (0x161e0da3) mem 0x8001a769 0x24
core   0: 0x80005c0c (0xfcf1cf83) lbu     t6, -49(gp)
core   0: 3 0x80005c0c (0xfcf1cf83) x31 0x000000b4 mem 0x800158ff
core   0: 0x80005c10 (0xfe9186a3) sb      s1, -19(gp)
core   0: 3 0x80005c10 (0xfe9186a3) mem 0x8001591d 0x0
core   0: 0x80005c14 (0xb79e4503) lbu     a0, -1159(t3)
core   0: 3 0x80005c14 (0xb79e4503) x10 0x0000001c mem 0x8001a167
core   0: 0x80005c18 (0xfd71cf03) lbu     t5, -41(gp)
core   0: 3 0x80005c18 (0xfd71cf03) x30 0x000000bc mem 0x80015907
core   0: 0x80005c1c (0x39ee1603) lh      a2, 926(t3)
core   0: 3 0x80005c1c (0x39ee1603) x12 0x00004647 mem 0x8001a98c
core   0: 0x80005c20 (0x01118f03) lb      t5, 17(gp)
core   0: 3 0x80005c20 (0x01118f03) x30 0xfffffffa mem 0x80015941
core   0: 0x80005c24 (0xfcb18323) sb      a1, -58(gp)
core   0: 3 0x80005c24 (0xfcb18323) mem 0x800158f6 0x1d
core   0: 0x80005c28 (0x01c19383) lh      t2, 28(gp)
core   0: 3 0x80005c28 (0x01c19383) x 7 0x00000007 mem 0x8001594c
core   0: 0x80005c2c (0x663e0583) lb      a1, 1635(t3)
core   0: 3 0x80005c2c (0x663e0583) x11 0x0000000a mem 0x8001ac51
core   0: 0x80005c30 (0x01518ba3) sb      s5, 23(gp)
core   0: 3 0x80005c30 (0x01518ba3) mem 0x80015947 0xd9
core   0: 0x80005c34 (0x8c7e0083) lb      ra, -1849(t3)
core   0: 3 0x80005c34 (0x8c7e0083) x 1 0x0000006e mem 0x80019eb5
core   0: 0x80005c38 (0x00010b97) auipc   s7, 0x10
core   0: 3 0x80005c38 (0x00010b97) x23 0x80015c38
core   0: 0x80005c3c (0xdc2b8b93) addi    s7, s7, -574
core   0: 3 0x80005c3c (0xdc2b8b93) x23 0x800159fa
core   0: 0x80005c40 (0x002bab03) lw      s6, 2(s7)
core   0: 3 0x80005c40 (0x002bab03) x22 0xb4b5b6b7 mem 0x800159fc
core   0: 0x80005c44 (0x00745393) srli    t2, s0, 7
core   0: 3 0x80005c44 (0x00745393) x 7 0x010002b2
core   0: 0x80005c48 (0x41d65593) srai    a1, a2, 29
core   0: 3 0x80005c48 (0x41d65593) x11 0x00000000
core   0: 0x80005c4c (0x41f25813) srai    a6, tp, 31
core   0: 3 0x80005c4c (0x41f25813) x16 0xffffffff
core   0: 0x80005c50 (0xffeb8c23) sb      t5, -8(s7)
core   0: 3 0x80005c50 (0xffeb8c23) mem 0x800159f2 0xfa
core   0: 0x80005c54 (0xfeeec313) xori    t1, t4, -18
core   0: 3 0x80005c54 (0xfeeec313) x 6 0x1e5ea42e
core   0: 0x80005c58 (0x00000013) nop
core   0: 3 0x80005c58 (0x00000013)
core   0: 0x80005c5c (0xfffb8aa3) sb      t6, -11(s7)
core   0: 3 0x80005c5c (0xfffb8aa3) mem 0x800159ef 0xb4
core   0: 0x80005c60 (0x3d254b17) auipc   s6, 0x3d254
core   0: 3 0x80005c60 (0x3d254b17) x22 0xbd259c60
core   0: 0x80005c64 (0x00000013) nop
core   0: 3 0x80005c64 (0x00000013)
core   0: 0x80005c68 (0xff1b8c83) lb      s9, -15(s7)
core   0: 3 0x80005c68 (0xff1b8c83) x25 0xffffffa0 mem 0x800159eb
core   0: 0x80005c6c (0xa2aca393) slti    t2, s9, -1494
core   0: 3 0x80005c6c (0xa2aca393) x 7 0x00000000
core   0: 0x80005c70 (0xfffb8d03) lb      s10, -1(s7)
core   0: 3 0x80005c70 (0xfffb8d03) x26 0xffffffb2 mem 0x800159f9
core   0: 0x80005c74 (0x46dbf813) andi    a6, s7, 1133
core   0: 3 0x80005c74 (0x46dbf813) x16 0x00000068
core   0: 0x80005c78 (0x591ac893) xori    a7, s5, 1425
core   0: 3 0x80005c78 (0x591ac893) x17 0x00000548
core   0: 0x80005c7c (0x00eb9f83) lh      t6, 14(s7)
core   0: 3 0x80005c7c (0x00eb9f83) x31 0xffffc2c3 mem 0x80015a08
core   0: 0x80005c80 (0xff4bd183) lhu     gp, -12(s7)
core   0: 3 0x80005c80 (0xff4bd183) x 3 0x0000b4a5 mem 0x800159ee
core   0: 0x80005c84 (0x1686bdb7) lui     s11, 0x1686b
core   0: 3 0x80005c84 (0x1686bdb7) x27 0x1686b000
core   0: 0x80005c88 (0x00abd603) lhu     a2, 10(s7)
core   0: 3 0x80005c88 (0x00abd603) x12 0x0000bebf mem 0x80015a04
core   0: 0x80005c8c (0x003aeb33) or      s6, s5, gp
core   0: 3 0x80005c8c (0x003aeb33) x22 0x0000b4fd
core   0: 0x80005c90 (0x41975b33) sra     s6, a4, s9
core   0: 3 0x80005c90 (0x41975b33) x22 0x0000005e
core   0: 0x80005c94 (0xe7386f13) ori     t5, a6, -397
core   0: 3 0x80005c94 (0xe7386f13) x30 0xfffffe7b
core   0: 0x80005c98 (0x00e16933) or      s2, sp, a4
core   0: 3 0x80005c98 (0x00e16933) x18 0x8002ecfe
core   0: 0x80005c9c (0x0000100f) fence.i
core   0: 3 0x80005c9c (0x0000100f)
core   0: 0x80005ca0 (0x83dd4513) xori    a0, s10, -1987
core   0: 3 0x80005ca0 (0x83dd4513) x10 0x0000078f
core   0: 0x80005ca4 (0x54a4c197) auipc   gp, 0x54a4c
core   0: 3 0x80005ca4 (0x54a4c197) x 3 0xd4a51ca4
core   0: 0x80005ca8 (0x88ccb893) sltiu   a7, s9, -1908
core   0: 3 0x80005ca8 (0x88ccb893) x17 0x00000000
core   0: 0x80005cac (0xfe6b8d23) sb      t1, -6(s7)
core   0: 3 0x80005cac (0xfe6b8d23) mem 0x800159f4 0x2e
core   0: 0x80005cb0 (0x004b9803) lh      a6, 4(s7)
core   0: 3 0x80005cb0 (0x004b9803) x16 0xffffb4b5 mem 0x800159fe
core   0: 0x80005cb4 (0xff0b8083) lb      ra, -16(s7)
core   0: 3 0x80005cb4 (0xff0b8083) x 1 0xffffffa1 mem 0x800159ea
core   0: 0x80005cb8 (0x6d783513) sltiu   a0, a6, 1751
core   0: 3 0x80005cb8 (0x6d783513) x10 0x00000000
core   0: 0x80005cbc (0xff5bcd83) lbu     s11, -11(s7)
core   0: 3 0x80005cbc (0xff5bcd83) x27 0x000000b4 mem 0x800159ef
core   0: 0x80005cc0 (0x00bb9623) sh      a1, 12(s7)
core   0: 3 0x80005cc0 (0x00bb9623) mem 0x80015a06 0x0000
core   0: 0x80005cc4 (0xff4b9c23) sh      s4, -8(s7)
core   0: 3 0x80005cc4 (0xff4b9c23) mem 0x800159f2 0xa4a5
core   0: 0x80005cc8 (0x00ade0b3) or      ra, s11, a0
core   0: 3 0x80005cc8 (0x00ade0b3) x 1 0x000000b4
core   0: 0x80005ccc (0xff5ba923) sw      s5, -14(s7)
core   0: 3 0x80005ccc (0xff5ba923) mem 0x800159ec 0x000000d9
core   0: 0x80005cd0 (0x00013417) auipc   s0, 0x13
core   0: 3 0x80005cd0 (0x00013417) x 8 0x80018cd0
core   0: 0x80005cd4 (0xfbd40413) addi    s0, s0, -67
core   0: 3 0x80005cd4 (0xfbd40413) x 8 0x80018c8d
core   0: 0x80005cd8 (0x00018717) auipc   a4, 0x18
core   0: 3 0x80005cd8 (0x00018717) x14 0x8001dcd8
core   0: 0x80005cdc (0x1d370713) addi    a4, a4, 467
core   0: 3 0x80005cdc (0x1d370713) x14 0x8001deab
core   0: 0x80005ce0 (0x00017217) auipc   tp, 0x17
core   0: 3 0x80005ce0 (0x00017217) x 4 0x8001cce0
core   0: 0x80005ce4 (0xcab20213) addi    tp, tp, -853
core   0: 3 0x80005ce4 (0xcab20213) x 4 0x8001c98b
core   0: 0x80005ce8 (0x0001f517) auipc   a0, 0x1f
core   0: 3 0x80005ce8 (0x0001f517) x10 0x80024ce8
core   0: 0x80005cec (0x66e50513) addi    a0, a0, 1646
core   0: 3 0x80005cec (0x66e50513) x10 0x80025356
core   0: 0x80005cf0 (0x00320f83) lb      t6, 3(tp)
core   0: 3 0x80005cf0 (0x00320f83) x31 0x00000045 mem 0x8001c98e
core   0: 0x80005cf4 (0xfee70e83) lb      t4, -18(a4)
core   0: 3 0x80005cf4 (0xfee70e83) x29 0x00000052 mem 0x8001de99
core   0: 0x80005cf8 (0xfeb51823) sh      a1, -16(a0)
core   0: 3 0x80005cf8 (0xfeb51823) mem 0x80025346 0x0000
core   0: 0x80005cfc (0xfd324c03) lbu     s8, -45(tp)
core   0: 3 0x80005cfc (0xfd324c03) x24 0x00000015 mem 0x8001c95e
core   0: 0x80005d00 (0x00011597) auipc   a1, 0x11
core   0: 3 0x80005d00 (0x00011597) x11 0x80016d00
core   0: 0x80005d04 (0x18058593) addi    a1, a1, 384
core   0: 3 0x80005d04 (0x18058593) x11 0x80016e80
core   0: 0x80005d08 (0x6c141e03) lh      t3, 1729(s0)
core   0: 3 0x80005d08 (0x6c141e03) x28 0x00000405 mem 0x8001934e
core   0: 0x80005d0c (0xff65d303) lhu     t1, -10(a1)
core   0: 3 0x80005d0c (0xff65d303) x 6 0x00002c2d mem 0x80016e76
core   0: 0x80005d10 (0xfea50e23) sb      a0, -4(a0)
core   0: 3 0x80005d10 (0xfea50e23) mem 0x80025352 0x56
core   0: 0x80005d14 (0x02922283) lw      t0, 41(tp)
core   0: 3 0x80005d14 (0x02922283) x 5 0x6c6d6e6f mem 0x8001c9b4
core   0: 0x80005d18 (0x04250523) sb      sp, 74(a0)
core   0: 3 0x80005d18 (0x04250523) mem 0x800253a0 0xe4
core   0: 0x80005d1c (0x6ff45903) lhu     s2, 1791(s0)
core   0: 3 0x80005d1c (0x6ff45903) x18 0x00004647 mem 0x8001938c
core   0: 0x80005d20 (0xffb58a03) lb      s4, -5(a1)
core   0: 3 0x80005d20 (0xffb58a03) x20 0x00000030 mem 0x80016e7b
core   0: 0x80005d24 (0x00424d03) lbu     s10, 4(tp)
core   0: 3 0x80005d24 (0x00424d03) x26 0x00000044 mem 0x8001c98f
core   0: 0x80005d28 (0x2e141d83) lh      s11, 737(s0)
core   0: 3 0x80005d28 (0x2e141d83) x27 0x00002425 mem 0x80018f6e
core   0: 0x80005d2c (0x8a740923) sb      t2, -1870(s0)
core   0: 3 0x80005d2c (0x8a740923) mem 0x8001853f 0x0
core   0: 0x80005d30 (0x04d54083) lbu     ra, 77(a0)
core   0: 3 0x80005d30 (0x04d54083) x 1 0x00000058 mem 0x800253a3
core   0: 0x80005d34 (0x00558183) lb      gp, 5(a1)
core   0: 3 0x80005d34 (0x00558183) x 3 0x0000003e mem 0x80016e85
core   0: 0x80005d38 (0x01821da3) sh      s8, 27(tp)
core   0: 3 0x80005d38 (0x01821da3) mem 0x8001c9a6 0x0015
core   0: 0x80005d3c (0x03a70c03) lb      s8, 58(a4)
core   0: 3 0x80005d3c (0x03a70c03) x24 0xffffff9e mem 0x8001dee5
core   0: 0x80005d40 (0x66640803) lb      a6, 1638(s0)
core   0: 3 0x80005d40 (0x66640803) x16 0xffffffa8 mem 0x800192f3
core   0: 0x80005d44 (0xffb24c83) lbu     s9, -5(tp)
core   0: 3 0x80005d44 (0xffb24c83) x25 0x00000000 mem 0x8001c986
core   0: 0x80005d48 (0x87840003) lb      zero, -1928(s0)
core   0: 3 0x80005d48 (0x87840003) mem 0x80018505
core   0: 0x80005d4c (0xff454483) lbu     s1, -12(a0)
core   0: 3 0x80005d4c (0xff454483) x 9 0x00000001 mem 0x8002534a
core   0: 0x80005d50 (0xff754483) lbu     s1, -9(a0)
core   0: 3 0x80005d50 (0xff754483) x 9 0x00000006 mem 0x8002534d
core   0: 0x80005d54 (0xfdf71283) lh      t0, -33(a4)
core   0: 3 0x80005d54 (0xfdf71283) x 5 0x00004041 mem 0x8001de8a
core   0: 0x80005d58 (0xf8140da3) sb      ra, -101(s0)
core   0: 3 0x80005d58 (0xf8140da3) mem 0x80018c28 0x58
core   0: 0x80005d5c (0x00521903) lh      s2, 5(tp)
core   0: 3 0x80005d5c (0x00521903) x18 0x00004a4b mem 0x8001c990
core   0: 0x80005d60 (0x8a844603) lbu     a2, -1880(s0)
core   0: 3 0x80005d60 (0x8a844603) x12 0x000000ee mem 0x80018535
core   0: 0x80005d64 (0x00c74803) lbu     a6, 12(a4)
core   0: 3 0x80005d64 (0x00c74803) x16 0x0000006c mem 0x8001deb7
core   0: 0x80005d68 (0x01524783) lbu     a5, 21(tp)
core   0: 3 0x80005d68 (0x01524783) x15 0x0000005b mem 0x8001c9a0
core   0: 0x80005d6c (0xd7044b03) lbu     s6, -656(s0)
core   0: 3 0x80005d6c (0xd7044b03) x22 0x000000b6 mem 0x800189fd
core   0: 0x80005d70 (0x00b58283) lb      t0, 11(a1)
core   0: 3 0x80005d70 (0x00b58283) x 5 0x00000040 mem 0x80016e8b
core   0: 0x80005d74 (0x0055a023) sw      t0, 0(a1)
core   0: 3 0x80005d74 (0x0055a023) mem 0x80016e80 0x00000040
core   0: 0x80005d78 (0xf6051523) sh      zero, -150(a0)
core   0: 3 0x80005d78 (0xf6051523) mem 0x800252c0 0x0000
core   0: 0x80005d7c (0x52044783) lbu     a5, 1312(s0)
core   0: 3 0x80005d7c (0x52044783) x15 0x00000066 mem 0x800191ad
core   0: 0x80005d80 (0x0055ce83) lbu     t4, 5(a1)
core   0: 3 0x80005d80 (0x0055ce83) x29 0x0000003e mem 0x80016e85
core   0: 0x80005d84 (0x01270a83) lb      s5, 18(a4)
core   0: 3 0x80005d84 (0x01270a83) x21 0x00000076 mem 0x8001debd
core   0: 0x80005d88 (0xffd70b03) lb      s6, -3(a4)
core   0: 3 0x80005d88 (0xffd70b03) x22 0x00000063 mem 0x8001dea8
core   0: 0x80005d8c (0x00259183) lh      gp, 2(a1)
core   0: 3 0x80005d8c (0x00259183) x 3 0x00000000 mem 0x80016e82
core   0: 0x80005d90 (0x00f58e83) lb      t4, 15(a1)
core   0: 3 0x80005d90 (0x00f58e83) x29 0x00000044 mem 0x80016e8f
core   0: 0x80005d94 (0x00051803) lh      a6, 0(a0)
core   0: 3 0x80005d94 (0x00051803) x16 0x00000c0d mem 0x80025356
core   0: 0x80005d98 (0x00010d97) auipc   s11, 0x10
core   0: 3 0x80005d98 (0x00010d97) x27 0x80015d98
core   0: 0x80005d9c (0x138d8d93) addi    s11, s11, 312
core   0: 3 0x80005d9c (0x138d8d93) x27 0x80015ed0
core   0: 0x80005da0 (0x01c6de13) srli    t3, a3, 28
core   0: 3 0x80005da0 (0x01c6de13) x28 0x00000008
core   0: 0x80005da4 (0x0000100f) fence.i
core   0: 3 0x80005da4 (0x0000100f)
core   0: 0x80005da8 (0xfe5d9723) sh      t0, -18(s11)
core   0: 3 0x80005da8 (0xfe5d9723) mem 0x80015ebe 0x0040
core   0: 0x80005dac (0xfe2d9723) sh      sp, -18(s11)
core   0: 3 0x80005dac (0xfe2d9723) mem 0x80015ebe 0xece4
core   0: 0x80005db0 (0xfeed8303) lb      t1, -18(s11)
core   0: 3 0x80005db0 (0xfeed8303) x 6 0xffffffe4 mem 0x80015ebe
core   0: 0x80005db4 (0xfeed9723) sh      a4, -18(s11)
core   0: 3 0x80005db4 (0xfeed9723) mem 0x80015ebe 0xdeab
core   0: 0x80005db8 (0x41125cb3) sra     s9, tp, a7
core   0: 3 0x80005db8 (0x41125cb3) x25 0x8001c98b
core   0: 0x80005dbc (0xfeedc283) lbu     t0, -18(s11)
core   0: 3 0x80005dbc (0xfeedc283) x 5 0x000000ab mem 0x80015ebe
core   0: 0x80005dc0 (0xfeedd483) lhu     s1, -18(s11)
core   0: 3 0x80005dc0 (0xfeedd483) x 9 0x0000deab mem 0x80015ebe
core   0: 0x80005dc4 (0xfeedc583) lbu     a1, -18(s11)
core   0: 3 0x80005dc4 (0xfeedc583) x11 0x000000ab mem 0x80015ebe
core   0: 0x80005dc8 (0xb7a52a93) slti    s5, a0, -1158
core   0: 3 0x80005dc8 (0xb7a52a93) x21 0x00000001
core   0: 0x80005dcc (0x3acd0497) auipc   s1, 0x3acd0
core   0: 3 0x80005dcc (0x3acd0497) x 9 0xbacd5dcc
core   0: 0x80005dd0 (0x00a0bf33) sltu    t5, ra, a0
core   0: 3 0x80005dd0 (0x00a0bf33) x30 0x00000001
core   0: 0x80005dd4 (0xfeed9003) lh      zero, -18(s11)
core   0: 3 0x80005dd4 (0xfeed9003) mem 0x80015ebe
core   0: 0x80005dd8 (0xfeedd003) lhu     zero, -18(s11)
core   0: 3 0x80005dd8 (0xfeedd003) mem 0x80015ebe
core   0: 0x80005ddc (0xffed9723) sh      t5, -18(s11)
core   0: 3 0x80005ddc (0xffed9723) mem 0x80015ebe 0x0001
core   0: 0x80005de0 (0xfeeddc83) lhu     s9, -18(s11)
core   0: 3 0x80005de0 (0xfeeddc83) x25 0x00000001 mem 0x80015ebe
core   0: 0x80005de4 (0xfe6d9723) sh      t1, -18(s11)
core   0: 3 0x80005de4 (0xfe6d9723) mem 0x80015ebe 0xffe4
core   0: 0x80005de8 (0x41aa0533) sub     a0, s4, s10
core   0: 3 0x80005de8 (0x41aa0533) x10 0xffffffec
core   0: 0x80005dec (0xfeedc203) lbu     tp, -18(s11)
core   0: 3 0x80005dec (0xfeedc203) x 4 0x000000e4 mem 0x80015ebe
core   0: 0x80005df0 (0xfeedcf03) lbu     t5, -18(s11)
core   0: 3 0x80005df0 (0xfeedcf03) x30 0x000000e4 mem 0x80015ebe
core   0: 0x80005df4 (0x018d8e23) sb      s8, 28(s11)
core   0: 3 0x80005df4 (0x018d8e23) mem 0x80015eec 0x9e
core   0: 0x80005df8 (0x0000fb97) auipc   s7, 0xf
core   0: 3 0x80005df8 (0x0000fb97) x23 0x80014df8
core   0: 0x80005dfc (0x636b8b93) addi    s7, s7, 1590
core   0: 3 0x80005dfc (0x636b8b93) x23 0x8001542e
core   0: 0x80005e00 (0xfedbca03) lbu     s4, -19(s7)
core   0: 3 0x80005e00 (0xfedbca03) x20 0x000000d0 mem 0x8001541b
core   0: 0x80005e04 (0xfccbab23) sw      a2, -42(s7)
core   0: 3 0x80005e04 (0xfccbab23) mem 0x80015404 0x000000ee
core   0: 0x80005e08 (0xfccb8d83) lb      s11, -52(s7)
core   0: 3 0x80005e08 (0xfccb8d83) x27 0xffffffb1 mem 0x800153fa
core   0: 0x80005e0c (0x0ff0000f) fence   iorw,iorw
core   0: 3 0x80005e0c (0x0ff0000f)
core   0: 0x80005e10 (0xfcbb8d83) lb      s11, -53(s7)
core   0: 3 0x80005e10 (0xfcbb8d83) x27 0xffffffb2 mem 0x800153f9
core   0: 0x80005e14 (0xfceb85a3) sb      a4, -53(s7)
core   0: 3 0x80005e14 (0xfceb85a3) mem 0x800153f9 0xab
core   0: 0x80005e18 (0xfcbb8883) lb      a7, -53(s7)
core   0: 3 0x80005e18 (0xfcbb8883) x17 0xffffffab mem 0x800153f9
core   0: 0x80005e1c (0x014ba723) sw      s4, 14(s7)
core   0: 3 0x80005e1c (0x014ba723) mem 0x8001543c 0x000000d0
core   0: 0x80005e20 (0x00eb9383) lh      t2, 14(s7)
core   0: 3 0x80005e20 (0x00eb9383) x 7 0x000000d0 mem 0x8001543c
core   0: 0x80005e24 (0xfe3bc203) lbu     tp, -29(s7)
core   0: 3 0x80005e24 (0xfe3bc203) x 4 0x000000ca mem 0x80015411
core   0: 0x80005e28 (0x039b9c23) sh      s9, 56(s7)
core   0: 3 0x80005e28 (0x039b9c23) mem 0x80015466 0x0001
core   0: 0x80005e2c (0x0112b3b3) sltu    t2, t0, a7
core   0: 3 0x80005e2c (0x0112b3b3) x 7 0x00000001
core   0: 0x80005e30 (0xfd0bd883) lhu     a7, -48(s7)
core   0: 3 0x80005e30 (0xfd0bd883) x17 0x0000b4b5 mem 0x800153fe
core   0: 0x80005e34 (0xfd0bcc03) lbu     s8, -48(s7)
core   0: 3 0x80005e34 (0xfd0bcc03) x24 0x000000b5 mem 0x800153fe
core   0: 0x80005e38 (0x02eb8383) lb      t2, 46(s7)
core   0: 3 0x80005e38 (0x02eb8383) x 7 0x00000017 mem 0x8001545c
core   0: 0x80005e3c (0x03fbc083) lbu     ra, 63(s7)
core   0: 3 0x80005e3c (0x03fbc083) x 1 0x00000026 mem 0x8001546d
core   0: 0x80005e40 (0xfffbce83) lbu     t4, -1(s7)
core   0: 3 0x80005e40 (0xfffbce83) x29 0x000000e6 mem 0x8001542d
core   0: 0x80005e44 (0xfd2ba703) lw      a4, -46(s7)
core   0: 3 0x80005e44 (0xfd2ba703) x14 0xbdb9babb mem 0x80015400
core   0: 0x80005e48 (0x00010f97) auipc   t6, 0x10
core   0: 3 0x80005e48 (0x00010f97) x31 0x80015e48
core   0: 0x80005e4c (0x84ef8f93) addi    t6, t6, -1970
core   0: 3 0x80005e4c (0x84ef8f93) x31 0x80015696
core   0: 0x80005e50 (0x010f84a3) sb      a6, 9(t6)
core   0: 3 0x80005e50 (0x010f84a3) mem 0x8001569f 0xd
core   0: 0x80005e54 (0x009f8b83) lb      s7, 9(t6)
core   0: 3 0x80005e54 (0x009f8b83) x23 0x0000000d mem 0x8001569f
core   0: 0x80005e58 (0x01fc1d93) slli    s11, s8, 31
core   0: 3 0x80005e58 (0x01fc1d93) x27 0x80000000
core   0: 0x80005e5c (0x000fa323) sw      zero, 6(t6)
core   0: 3 0x80005e5c (0x000fa323) mem 0x8001569c 0x00000000
core   0: 0x80005e60 (0xff1fcc03) lbu     s8, -15(t6)
core   0: 3 0x80005e60 (0xff1fcc03) x24 0x0000002f mem 0x80015687
core   0: 0x80005e64 (0x010fc383) lbu     t2, 16(t6)
core   0: 3 0x80005e64 (0x010fc383) x 7 0x0000005d mem 0x800156a6
core   0: 0x80005e68 (0xff4fd503) lhu     a0, -12(t6)
core   0: 3 0x80005e68 (0xff4fd503) x10 0x000040e6 mem 0x8001568a
core   0: 0x80005e6c (0x40585033) sra     zero, a6, t0
core   0: 3 0x80005e6c (0x40585033)
core   0: 0x80005e70 (0x004f87a3) sb      tp, 15(t6)
core   0: 3 0x80005e70 (0x004f87a3) mem 0x800156a5 0xca
core   0: 0x80005e74 (0x01894eb3) xor     t4, s2, s8
core   0: 3 0x80005e74 (0x01894eb3) x29 0x00004a64
core   0: 0x80005e78 (0x01cfa523) sw      t3, 10(t6)
core   0: 3 0x80005e78 (0x01cfa523) mem 0x800156a0 0x00000008
core   0: 0x80005e7c (0xff4fcd83) lbu     s11, -12(t6)
core   0: 3 0x80005e7c (0xff4fcd83) x27 0x000000e6 mem 0x8001568a
core   0: 0x80005e80 (0x01aae733) or      a4, s5, s10
core   0: 3 0x80005e80 (0x01aae733) x14 0x00000045
core   0: 0x80005e84 (0xf0dfcc13) xori    s8, t6, -243
core   0: 3 0x80005e84 (0xf0dfcc13) x24 0x7ffea99b
core   0: 0x80005e88 (0x01583333) sltu    t1, a6, s5
core   0: 3 0x80005e88 (0x01583333) x 6 0x00000000
core   0: 0x80005e8c (0x40e85eb3) sra     t4, a6, a4
core   0: 3 0x80005e8c (0x40e85eb3) x29 0x00000060
core   0: 0x80005e90 (0x01056d33) or      s10, a0, a6
core   0: 3 0x80005e90 (0x01056d33) x26 0x00004cef
core   0: 0x80005e94 (0x00ef9383) lh      t2, 14(t6)
core   0: 3 0x80005e94 (0x00ef9383) x 7 0xffffca5f mem 0x800156a4
core   0: 0x80005e98 (0x00ff8903) lb      s2, 15(t6)
core   0: 3 0x80005e98 (0x00ff8903) x18 0xffffffca mem 0x800156a5
core   0: 0x80005e9c (0x014f8223) sb      s4, 4(t6)
core   0: 3 0x80005e9c (0x014f8223) mem 0x8001569a 0xd0
core   0: 0x80005ea0 (0xe4636c13) ori     s8, t1, -442
core   0: 3 0x80005ea0 (0xe4636c13) x24 0xfffffe46
core   0: 0x80005ea4 (0x00af8d83) lb      s11, 10(t6)
core   0: 3 0x80005ea4 (0x00af8d83) x27 0x00000008 mem 0x800156a0
core   0: 0x80005ea8 (0x002f8323) sb      sp, 6(t6)
core   0: 3 0x80005ea8 (0x002f8323) mem 0x8001569c 0xe4
core   0: 0x80005eac (0x01dbf633) and     a2, s7, t4
core   0: 3 0x80005eac (0x01dbf633) x12 0x00000000
core   0: 0x80005eb0 (0xff7fcd83) lbu     s11, -9(t6)
core   0: 3 0x80005eb0 (0xff7fcd83) x27 0x00000046 mem 0x8001568d
core   0: 0x80005eb4 (0x016f81a3) sb      s6, 3(t6)
core   0: 3 0x80005eb4 (0x016f81a3) mem 0x80015699 0x63
core   0: 0x80005eb8 (0x00574e33) xor     t3, a4, t0
core   0: 3 0x80005eb8 (0x00574e33) x28 0x000000ee
core   0: 0x80005ebc (0x00ed2533) slt     a0, s10, a4
core   0: 3 0x80005ebc (0x00ed2533) x10 0x00000000
core   0: 0x80005ec0 (0x013b9233) sll     tp, s7, s3
core   0: 3 0x80005ec0 (0x013b9233) x 4 0x000000d0
core   0: 0x80005ec4 (0x00f82233) slt     tp, a6, a5
core   0: 3 0x80005ec4 (0x00f82233) x 4 0x00000000
core   0: 0x80005ec8 (0x002a9313) slli    t1, s5, 2
core   0: 3 0x80005ec8 (0x002a9313) x 6 0x00000004
core   0: 0x80005ecc (0x0160d8b3) srl     a7, ra, s6
core   0: 3 0x80005ecc (0x0160d8b3) x17 0x00000004
core   0: 0x80005ed0 (0x004f8703) lb      a4, 4(t6)
core   0: 3 0x80005ed0 (0x004f8703) x14 0xffffffd0 mem 0x8001569a
core   0: 0x80005ed4 (0x9a0a2213) slti    tp, s4, -1632
core   0: 3 0x80005ed4 (0x9a0a2213) x 4 0x00000000
core   0: 0x80005ed8 (0x58bbc593) xori    a1, s7, 1419
core   0: 3 0x80005ed8 (0x58bbc593) x11 0x00000586
core   0: 0x80005edc (0x01f72bb3) slt     s7, a4, t6
core   0: 3 0x80005edc (0x01f72bb3) x23 0x00000000
core   0: 0x80005ee0 (0x00ff82a3) sb      a5, 5(t6)
core   0: 3 0x80005ee0 (0x00ff82a3) mem 0x8001569b 0x66
core   0: 0x80005ee4 (0x00011d97) auipc   s11, 0x11
core   0: 3 0x80005ee4 (0x00011d97) x27 0x80016ee4
core   0: 0x80005ee8 (0xe74d8d93) addi    s11, s11, -396
core   0: 3 0x80005ee8 (0xe74d8d93) x27 0x80016d58
core   0: 0x80005eec (0x01685233) srl     tp, a6, s6
core   0: 3 0x80005eec (0x01685233) x 4 0x00000181
core   0: 0x80005ef0 (0xa4ed84a3) sb      a4, -1463(s11)
core   0: 3 0x80005ef0 (0xa4ed84a3) mem 0x800167a1 0xd0
core   0: 0x80005ef4 (0xbd1fef93) ori     t6, t6, -1071
core   0: 3 0x80005ef4 (0xbd1fef93) x31 0xffffffd7
core   0: 0x80005ef8 (0x362d9f03) lh      t5, 866(s11)
core   0: 3 0x80005ef8 (0x362d9f03) x30 0x00007071 mem 0x800170ba
core   0: 0x80005efc (0xf27dc603) lbu     a2, -217(s11)
core   0: 3 0x80005efc (0xf27dc603) x12 0x00000034 mem 0x80016c7f
core   0: 0x80005f00 (0xf4217a13) andi    s4, sp, -190
core   0: 3 0x80005f00 (0xf4217a13) x20 0x8002ec40
core   0: 0x80005f04 (0x00f0d0b3) srl     ra, ra, a5
core   0: 3 0x80005f04 (0x00f0d0b3) x 1 0x00000000
core   0: 0x80005f08 (0x92ab2893) slti    a7, s6, -1750
core   0: 3 0x80005f08 (0x92ab2893) x17 0x00000000
core   0: 0x80005f0c (0x8d7f6c93) ori     s9, t5, -1833
core   0: 3 0x80005f0c (0x8d7f6c93) x25 0xfffff8f7
core   0: 0x80005f10 (0x014742b3) xor     t0, a4, s4
core   0: 3 0x80005f10 (0x014742b3) x 5 0x7ffd1390
core   0: 0x80005f14 (0x00926fb3) or      t6, tp, s1
core   0: 3 0x80005f14 (0x00926fb3) x31 0xbacd5dcd
core   0: 0x80005f18 (0x7bdd8ea3) sb      t4, 1981(s11)
core   0: 3 0x80005f18 (0x7bdd8ea3) mem 0x80017515 0x60
core   0: 0x80005f1c (0x00f21a33) sll     s4, tp, a5
core   0: 3 0x80005f1c (0x00f21a33) x20 0x00006040
core   0: 0x80005f20 (0x167d8ea3) sb      t2, 381(s11)
core   0: 3 0x80005f20 (0x167d8ea3) mem 0x80016ed5 0x5f
core   0: 0x80005f24 (0x56dd8303) lb      t1, 1389(s11)
core   0: 3 0x80005f24 (0x56dd8303) x 6 0x0000007e mem 0x800172c5
core   0: 0x80005f28 (0xea72e437) lui     s0, 0xea72e
core   0: 3 0x80005f28 (0xea72e437) x 8 0xea72e000
core   0: 0x80005f2c (0x836ec393) xori    t2, t4, -1994
core   0: 3 0x80005f2c (0x836ec393) x 7 0xfffff856
core   0: 0x80005f30 (0x0000100f) fence.i
core   0: 3 0x80005f30 (0x0000100f)
core   0: 0x80005f34 (0x0310b493) sltiu   s1, ra, 49
core   0: 3 0x80005f34 (0x0310b493) x 9 0x00000001
core   0: 0x80005f38 (0x00000013) nop
core   0: 3 0x80005f38 (0x00000013)
core   0: 0x80005f3c (0x01aa15b3) sll     a1, s4, s10
core   0: 3 0x80005f3c (0x01aa15b3) x11 0x30200000
core   0: 0x80005f40 (0x3f9d8903) lb      s2, 1017(s11)
core   0: 3 0x80005f40 (0x3f9d8903) x18 0x0000000a mem 0x80017151
core   0: 0x80005f44 (0xe72d9783) lh      a5, -398(s11)
core   0: 3 0x80005f44 (0xe72d9783) x15 0xffff8081 mem 0x80016bca
core   0: 0x80005f48 (0x16d77c17) auipc   s8, 0x16d77
core   0: 3 0x80005f48 (0x16d77c17) x24 0x96d7cf48
core   0: 0x80005f4c (0x4dab2f93) slti    t6, s6, 1242
core   0: 3 0x80005f4c (0x4dab2f93) x31 0x00000001
core   0: 0x80005f50 (0x476d82a3) sb      s6, 1125(s11)
core   0: 3 0x80005f50 (0x476d82a3) mem 0x800171bd 0x63
core   0: 0x80005f54 (0x413c5233) sra     tp, s8, s3
core   0: 3 0x80005f54 (0x413c5233) x 4 0xf96d7cf4
core   0: 0x80005f58 (0x9bbd9b23) sh      s11, -1610(s11)
core   0: 3 0x80005f58 (0x9bbd9b23) mem 0x8001670e 0x6d58
core   0: 0x80005f5c (0x0145ccb3) xor     s9, a1, s4
core   0: 3 0x80005f5c (0x0145ccb3) x25 0x30206040
core   0: 0x80005f60 (0x01a46fb3) or      t6, s0, s10
core   0: 3 0x80005f60 (0x01a46fb3) x31 0xea72ecef
core   0: 0x80005f64 (0x01ae5793) srli    a5, t3, 26
core   0: 3 0x80005f64 (0x01ae5793) x15 0x00000000
core   0: 0x80005f68 (0x9eaefc17) auipc   s8, 0x9eaef
core   0: 3 0x80005f68 (0x9eaefc17) x24 0x1eaf4f68
core   0: 0x80005f6c (0x4a5d8603) lb      a2, 1189(s11)
core   0: 3 0x80005f6c (0x4a5d8603) x12 0xffffffb6 mem 0x800171fd
core   0: 0x80005f70 (0x8cadc383) lbu     t2, -1846(s11)
core   0: 3 0x80005f70 (0x8cadc383) x 7 0x000000d9 mem 0x80016622
core   0: 0x80005f74 (0x73fd8ea3) sb      t6, 1853(s11)
core   0: 3 0x80005f74 (0x73fd8ea3) mem 0x80017495 0xef
core   0: 0x80005f78 (0x3ffd8083) lb      ra, 1023(s11)
core   0: 3 0x80005f78 (0x3ffd8083) x 1 0x0000000c mem 0x80017157
core   0: 0x80005f7c (0x0eddca83) lbu     s5, 237(s11)
core   0: 3 0x80005f7c (0x0eddca83) x21 0x000000fe mem 0x80016e45
core   0: 0x80005f80 (0x4e5dc183) lbu     gp, 1253(s11)
core   0: 3 0x80005f80 (0x4e5dc183) x 3 0x000000f6 mem 0x8001723d
core   0: 0x80005f84 (0x00375e33) srl     t3, a4, gp
core   0: 3 0x80005f84 (0x00375e33) x28 0x000003ff
core   0: 0x80005f88 (0x27c67413) andi    s0, a2, 636
core   0: 3 0x80005f88 (0x27c67413) x 8 0x00000234
core   0: 0x80005f8c (0x705d8783) lb      a5, 1797(s11)
core   0: 3 0x80005f8c (0x705d8783) x15 0x00000016 mem 0x8001745d
core   0: 0x80005f90 (0x83ad8f83) lb      t6, -1990(s11)
core   0: 3 0x80005f90 (0x83ad8f83) x31 0x00000049 mem 0x80016592
core   0: 0x80005f94 (0x00019a17) auipc   s4, 0x19
core   0: 3 0x80005f94 (0x00019a17) x20 0x8001ef94
core   0: 0x80005f98 (0x8eea0a13) addi    s4, s4, -1810
core   0: 3 0x80005f98 (0x8eea0a13) x20 0x8001e882
core   0: 0x80005f9c (0xab08c813) xori    a6, a7, -1360
core   0: 3 0x80005f9c (0xab08c813) x16 0xfffffab0
core   0: 0x80005fa0 (0x002f5b13) srli    s6, t5, 2
core   0: 3 0x80005fa0 (0x002f5b13) x22 0x00001c1c
core   0: 0x80005fa4 (0x006fe233) or      tp, t6, t1
core   0: 3 0x80005fa4 (0x006fe233) x 4 0x0000007f
core   0: 0x80005fa8 (0x41a002b3) sub     t0, zero, s10
core   0: 3 0x80005fa8 (0x41a002b3) x 5 0xffffb311
core   0: 0x80005fac (0x01131893) slli    a7, t1, 17
core   0: 3 0x80005fac (0x01131893) x17 0x00fc0000
core   0: 0x80005fb0 (0x00eadb33) srl     s6, s5, a4
core   0: 3 0x80005fb0 (0x00eadb33) x22 0x00000000
core   0: 0x80005fb4 (0x3f0a0183) lb      gp, 1008(s4)
core   0: 3 0x80005fb4 (0x3f0a0183) x 3 0x00000029 mem 0x8001ec72
core   0: 0x80005fb8 (0x96d09937) lui     s2, 0x96d09
core   0: 3 0x80005fb8 (0x96d09937) x18 0x96d09000
core   0: 0x80005fbc (0x0ff0000f) fence   iorw,iorw
core   0: 3 0x80005fbc (0x0ff0000f)
core   0: 0x80005fc0 (0x84ea02a3) sb      a4, -1979(s4)
core   0: 3 0x80005fc0 (0x84ea02a3) mem 0x8001e0c7 0xd0
core   0: 0x80005fc4 (0x0184a4b3) slt     s1, s1, s8
core   0: 3 0x80005fc4 (0x0184a4b3) x 9 0x00000001
core   0: 0x80005fc8 (0x001a3b33) sltu    s6, s4, ra
core   0: 3 0x80005fc8 (0x001a3b33) x22 0x00000000
core   0: 0x80005fcc (0x3b2a4803) lbu     a6, 946(s4)
core   0: 3 0x80005fcc (0x3b2a4803) x16 0x000000ef mem 0x8001ec34
core   0: 0x80005fd0 (0x27224d93) xori    s11, tp, 626
core   0: 3 0x80005fd0 (0x27224d93) x27 0x0000020d
core   0: 0x80005fd4 (0x01683033) sltu    zero, a6, s6
core   0: 3 0x80005fd4 (0x01683033)
core   0: 0x80005fd8 (0x17e230b7) lui     ra, 0x17e23
core   0: 3 0x80005fd8 (0x17e230b7) x 1 0x17e23000
core   0: 0x80005fdc (0x751d7913) andi    s2, s10, 1873
core   0: 3 0x80005fdc (0x751d7913) x18 0x00000441
core   0: 0x80005fe0 (0x4c3a1c23) sh      gp, 1240(s4)
core   0: 3 0x80005fe0 (0x4c3a1c23) mem 0x8001ed5a 0x0029
core   0: 0x80005fe4 (0xe8ba2f23) sw      a1, -354(s4)
core   0: 3 0x80005fe4 (0xe8ba2f23) mem 0x8001e720 0x30200000
core   0: 0x80005fe8 (0xf33a03a3) sb      s3, -217(s4)
core   0: 3 0x80005fe8 (0xf33a03a3) mem 0x8001e7a9 0x64
core   0: 0x80005fec (0x0000100f) fence.i
core   0: 3 0x80005fec (0x0000100f)
core   0: 0x80005ff0 (0xc6542d13) slti    s10, s0, -923
core   0: 3 0x80005ff0 (0xc6542d13) x26 0x00000000
core   0: 0x80005ff4 (0x760a2523) sw      zero, 1898(s4)
core   0: 3 0x80005ff4 (0x760a2523) mem 0x8001efec 0x00000000
core   0: 0x80005ff8 (0x7b0a1623) sh      a6, 1964(s4)
core   0: 3 0x80005ff8 (0x7b0a1623) mem 0x8001f02e 0x00ef
core   0: 0x80005ffc (0xed1f27b7) lui     a5, 0xed1f2
core   0: 3 0x80005ffc (0xed1f27b7) x15 0xed1f2000
core   0: 0x80006000 (0x00f29d13) slli    s10, t0, 15
core   0: 3 0x80006000 (0x00f29d13) x26 0xd9888000
core   0: 0x80006004 (0xcc8a1823) sh      s0, -816(s4)
core   0: 3 0x80006004 (0xcc8a1823) mem 0x8001e552 0x0234
core   0: 0x80006008 (0x4eaa0603) lb      a2, 1258(s4)
core   0: 3 0x80006008 (0x4eaa0603) x12 0x00000027 mem 0x8001ed6c
core   0: 0x8000600c (0x418bf497) auipc   s1, 0x418bf
core   0: 3 0x8000600c (0x418bf497) x 9 0xc18c500c
core   0: 0x80006010 (0x0f0a4883) lbu     a7, 240(s4)
core   0: 3 0x80006010 (0x0f0a4883) x17 0x00000029 mem 0x8001e972
core   0: 0x80006014 (0xaf3a0f03) lb      t5, -1293(s4)
core   0: 3 0x80006014 (0xaf3a0f03) x30 0x0000002e mem 0x8001e375
core   0: 0x80006018 (0x70ba4603) lbu     a2, 1803(s4)
core   0: 3 0x80006018 (0x70ba4603) x12 0x00000046 mem 0x8001ef8d
core   0: 0x8000601c (0x01f31eb3) sll     t4, t1, t6
core   0: 3 0x8000601c (0x01f31eb3) x29 0x0000fc00
core   0: 0x80006020 (0x40aa5db3) sra     s11, s4, a0
core   0: 3 0x80006020 (0x40aa5db3) x27 0x8001e882
core   0: 0x80006024 (0xa17a1e23) sh      s7, -1508(s4)
core   0: 3 0x80006024 (0xa17a1e23) mem 0x8001e29e 0x0000
core   0: 0x80006028 (0x00010817) auipc   a6, 0x10
core   0: 3 0x80006028 (0x00010817) x16 0x80016028
core   0: 0x8000602c (0xeb780813) addi    a6, a6, -329
core   0: 3 0x8000602c (0xeb780813) x16 0x80015edf
core   0: 0x80006030 (0xdd585b83) lhu     s7, -555(a6)
core   0: 3 0x80006030 (0xdd585b83) x23 0x00006e6f mem 0x80015cb4
core   0: 0x80006034 (0x0e752793) slti    a5, a0, 231
core   0: 3 0x80006034 (0x0e752793) x15 0x00000001
core   0: 0x80006038 (0x00e15f33) srl     t5, sp, a4
core   0: 3 0x80006038 (0x00e15f33) x30 0x00008002
core   0: 0x8000603c (0xdd585e83) lhu     t4, -555(a6)
core   0: 3 0x8000603c (0xdd585e83) x29 0x00006e6f mem 0x80015cb4
core   0: 0x80006040 (0xdd182aa3) sw      a7, -555(a6)
core   0: 3 0x80006040 (0xdd182aa3) mem 0x80015cb4 0x00000029
core   0: 0x80006044 (0x016781b3) add     gp, a5, s6
core   0: 3 0x80006044 (0x016781b3) x 3 0x00000001
core   0: 0x80006048 (0xdd081aa3) sh      a6, -555(a6)
core   0: 3 0x80006048 (0xdd081aa3) mem 0x80015cb4 0x5edf
core   0: 0x8000604c (0xdd582003) lw      zero, -555(a6)
core   0: 3 0x8000604c (0xdd582003) mem 0x80015cb4
core   0: 0x80006050 (0xc6e80aa3) sb      a4, -907(a6)
core   0: 3 0x80006050 (0xc6e80aa3) mem 0x80015b54 0xd0
core   0: 0x80006054 (0x9a381903) lh      s2, -1629(a6)
core   0: 3 0x80006054 (0x9a381903) x18 0x00003839 mem 0x80015882
core   0: 0x80006058 (0x9a384283) lbu     t0, -1629(a6)
core   0: 3 0x80006058 (0x9a384283) x 5 0x00000039 mem 0x80015882
core   0: 0x8000605c (0x9a380403) lb      s0, -1629(a6)
core   0: 3 0x8000605c (0x9a380403) x 8 0x00000039 mem 0x80015882
core   0: 0x80006060 (0x8eb84b03) lbu     s6, -1813(a6)
core   0: 3 0x80006060 (0x8eb84b03) x22 0x00000081 mem 0x800157ca
core   0: 0x80006064 (0x8e4805a3) sb      tp, -1813(a6)
core   0: 3 0x80006064 (0x8e4805a3) mem 0x800157ca 0x7f
core   0: 0x80006068 (0x8e9805a3) sb      s1, -1813(a6)
core   0: 3 0x80006068 (0x8e9805a3) mem 0x800157ca 0xc
core   0: 0x8000606c (0x95084b03) lbu     s6, -1712(a6)
core   0: 3 0x8000606c (0x95084b03) x22 0x000000e4 mem 0x8001582f
core   0: 0x80006070 (0x00011817) auipc   a6, 0x11
core   0: 3 0x80006070 (0x00011817) x16 0x80017070
core   0: 0x80006074 (0x27c80813) addi    a6, a6, 636
core   0: 3 0x80006074 (0x27c80813) x16 0x800172ec
core   0: 0x80006078 (0x0001ad97) auipc   s11, 0x1a
core   0: 3 0x80006078 (0x0001ad97) x27 0x80020078
core   0: 0x8000607c (0x0add8d93) addi    s11, s11, 173
core   0: 3 0x8000607c (0x0add8d93) x27 0x80020125
core   0: 0x80006080 (0xfd581523) sh      s5, -54(a6)
core   0: 3 0x80006080 (0xfd581523) mem 0x800172b6 0x00fe
core   0: 0x80006084 (0x00019c17) auipc   s8, 0x19
core   0: 3 0x80006084 (0x00019c17) x24 0x8001f084
core   0: 0x80006088 (0xb92c0c13) addi    s8, s8, -1134
core   0: 3 0x80006088 (0xb92c0c13) x24 0x8001ec16
core   0: 0x8000608c (0x00017397) auipc   t2, 0x17
core   0: 3 0x8000608c (0x00017397) x 7 0x8001d08c
core   0: 0x80006090 (0xf2938393) addi    t2, t2, -215
core   0: 3 0x80006090 (0xf2938393) x 7 0x8001cfb5
core   0: 0x80006094 (0xff838783) lb      a5, -8(t2)
core   0: 3 0x80006094 (0xff838783) x15 0x00000066 mem 0x8001cfad
core   0: 0x80006098 (0x57ed8903) lb      s2, 1406(s11)
core   0: 3 0x80006098 (0x57ed8903) x18 0x00000058 mem 0x800206a3
core   0: 0x8000609c (0x1f5d96a3) sh      s5, 493(s11)
core   0: 3 0x8000609c (0x1f5d96a3) mem 0x80020312 0x00fe
core   0: 0x800060a0 (0x00e802a3) sb      a4, 5(a6)
core   0: 3 0x800060a0 (0x00e802a3) mem 0x800172f1 0xd0
core   0: 0x800060a4 (0xff980c83) lb      s9, -7(a6)
core   0: 3 0x800060a4 (0xff980c83) x25 0xffffff9e mem 0x800172e5
core   0: 0x800060a8 (0xff139a03) lh      s4, -15(t2)
core   0: 3 0x800060a8 (0xff139a03) x20 0x00005c5d mem 0x8001cfa6
core   0: 0x800060ac (0x192d8d03) lb      s10, 402(s11)
core   0: 3 0x800060ac (0x192d8d03) x26 0x0000006c mem 0x800202b7
core   0: 0x800060b0 (0x296c4603) lbu     a2, 662(s8)
core   0: 3 0x800060b0 (0x296c4603) x12 0x00000067 mem 0x8001eeac
core   0: 0x800060b4 (0xfed39ea3) sh      a3, -3(t2)
core   0: 3 0x800060b4 (0xfed39ea3) mem 0x8001cfb2 0x0000
core   0: 0x800060b8 (0x02580203) lb      tp, 37(a6)
core   0: 3 0x800060b8 (0x02580203) x 4 0xffffffca mem 0x80017311
core   0: 0x800060bc (0xff139e83) lh      t4, -15(t2)
core   0: 3 0x800060bc (0xff139e83) x29 0x00005c5d mem 0x8001cfa6
core   0: 0x800060c0 (0xc6ddcf83) lbu     t6, -915(s11)
core   0: 3 0x800060c0 (0xc6ddcf83) x31 0x00000049 mem 0x8001fd92
core   0: 0x800060c4 (0x2f5c4a83) lbu     s5, 757(s8)
core   0: 3 0x800060c4 (0x2f5c4a83) x21 0x000000c0 mem 0x8001ef0b
core   0: 0x800060c8 (0xfd181423) sh      a7, -56(a6)
core   0: 3 0x800060c8 (0xfd181423) mem 0x800172b4 0x0029
core   0: 0x800060cc (0xff73ca03) lbu     s4, -9(t2)
core   0: 3 0x800060cc (0xff73ca03) x20 0x00000067 mem 0x8001cfac
core   0: 0x800060d0 (0x03184183) lbu     gp, 49(a6)
core   0: 3 0x800060d0 (0x03184183) x 3 0x000000d6 mem 0x8001731d
core   0: 0x800060d4 (0x3f8c01a3) sb      s8, 995(s8)
core   0: 3 0x800060d4 (0x3f8c01a3) mem 0x8001eff9 0x16
core   0: 0x800060d8 (0xff684203) lbu     tp, -10(a6)
core   0: 3 0x800060d8 (0xff684203) x 4 0x00000099 mem 0x800172e2
core   0: 0x800060dc (0x970c0223) sb      a6, -1692(s8)
core   0: 3 0x800060dc (0x970c0223) mem 0x8001e57a 0xec
core   0: 0x800060e0 (0x057d8f23) sb      s7, 94(s11)
core   0: 3 0x800060e0 (0x057d8f23) mem 0x80020183 0x6f
core   0: 0x800060e4 (0x00b39903) lh      s2, 11(t2)
core   0: 3 0x800060e4 (0x00b39903) x18 0x00007a7b mem 0x8001cfc0
core   0: 0x800060e8 (0x30ddd583) lhu     a1, 781(s11)
core   0: 3 0x800060e8 (0x30ddd583) x11 0x0000e8e9 mem 0x80020432
core   0: 0x800060ec (0x7bec4883) lbu     a7, 1982(s8)
core   0: 3 0x800060ec (0x7bec4883) x17 0x0000008f mem 0x8001f3d4
core   0: 0x800060f0 (0x01580f83) lb      t6, 21(a6)
core   0: 3 0x800060f0 (0x01580f83) x31 0xffffffba mem 0x80017301
core   0: 0x800060f4 (0x2cbc0aa3) sb      a1, 725(s8)
core   0: 3 0x800060f4 (0x2cbc0aa3) mem 0x8001eeeb 0xe9
core   0: 0x800060f8 (0x692dc783) lbu     a5, 1682(s11)
core   0: 3 0x800060f8 (0x692dc783) x15 0x0000006c mem 0x800207b7
core   0: 0x800060fc (0x5e6d8603) lb      a2, 1510(s11)
core   0: 3 0x800060fc (0x5e6d8603) x12 0xffffffc0 mem 0x8002070b
core   0: 0x80006100 (0xbebd8023) sb      a1, -1056(s11)
core   0: 3 0x80006100 (0xbebd8023) mem 0x8001fd05 0xe9
core   0: 0x80006104 (0x0033a283) lw      t0, 3(t2)
core   0: 3 0x80006104 (0x0033a283) x 5 0x70717273 mem 0x8001cfb8
core   0: 0x80006108 (0x00019f97) auipc   t6, 0x19
core   0: 3 0x80006108 (0x00019f97) x31 0x8001f108
core   0: 0x8000610c (0xc02f8f93) addi    t6, t6, -1022
core   0: 3 0x8000610c (0xc02f8f93) x31 0x8001ed0a
core   0: 0x80006110 (0x00011e17) auipc   t3, 0x11
core   0: 3 0x80006110 (0x00011e17) x28 0x80017110
core   0: 0x80006114 (0x606e0e13) addi    t3, t3, 1542
core   0: 3 0x80006114 (0x606e0e13) x28 0x80017716
core   0: 0x80006118 (0xf4af81a3) sb      a0, -189(t6)
core   0: 3 0x80006118 (0xf4af81a3) mem 0x8001ec4d 0x0
core   0: 0x8000611c (0x532e1e83) lh      t4, 1330(t3)
core   0: 3 0x8000611c (0x532e1e83) x29 0x00000203 mem 0x80017c48
core   0: 0x80006120 (0x0c1fcc83) lbu     s9, 193(t6)
core   0: 3 0x80006120 (0x0c1fcc83) x25 0x00000080 mem 0x8001edcb
core   0: 0x80006124 (0xa0fe02a3) sb      a5, -1531(t3)
core   0: 3 0x80006124 (0xa0fe02a3) mem 0x8001711b 0x6c
core   0: 0x80006128 (0xe38e5283) lhu     t0, -456(t3)
core   0: 3 0x80006128 (0xe38e5283) x 5 0x00000405 mem 0x8001754e
core   0: 0x8000612c (0x0fbfc503) lbu     a0, 251(t6)
core   0: 3 0x8000612c (0x0fbfc503) x10 0x000000be mem 0x8001ee05
core   0: 0x80006130 (0x904e1803) lh      a6, -1788(t3)
core   0: 3 0x80006130 (0x904e1803) x16 0xffffd0d1 mem 0x8001701a
core   0: 0x80006134 (0x0f8f9303) lh      t1, 248(t6)
core   0: 3 0x80006134 (0x0f8f9303) x 6 0xffffb8b9 mem 0x8001ee02
core   0: 0x80006138 (0x8eae00a3) sb      a0, -1823(t3)
core   0: 3 0x80006138 (0x8eae00a3) mem 0x80016ff7 0xbe
core   0: 0x8000613c (0x974e0e23) sb      s4, -1668(t3)
core   0: 3 0x8000613c (0x974e0e23) mem 0x80017092 0x67
core   0: 0x80006140 (0x05ff8fa3) sb      t6, 95(t6)
core   0: 3 0x80006140 (0x05ff8fa3) mem 0x8001ed69 0xa
core   0: 0x80006144 (0xfc1e4b83) lbu     s7, -63(t3)
core   0: 3 0x80006144 (0xfc1e4b83) x23 0x0000008c mem 0x800176d7
core   0: 0x80006148 (0x055fc503) lbu     a0, 85(t6)
core   0: 3 0x80006148 (0x055fc503) x10 0x00000014 mem 0x8001ed5f
core   0: 0x8000614c (0xa70e0383) lb      t2, -1424(t3)
core   0: 3 0x8000614c (0xa70e0383) x 7 0x0000003d mem 0x80017186
core   0: 0x80006150 (0xfb8f9383) lh      t2, -72(t6)
core   0: 3 0x80006150 (0xfb8f9383) x 7 0x00007879 mem 0x8001ecc2
core   0: 0x80006154 (0x00014d97) auipc   s11, 0x14
core   0: 3 0x80006154 (0x00014d97) x27 0x8001a154
core   0: 0x80006158 (0x7e8d8d93) addi    s11, s11, 2024
core   0: 3 0x80006158 (0x7e8d8d93) x27 0x8001a93c
core   0: 0x8000615c (0x0131b1b3) sltu    gp, gp, s3
core   0: 3 0x8000615c (0x0131b1b3) x 3 0x00000001
core   0: 0x80006160 (0x026dc703) lbu     a4, 38(s11)
core   0: 3 0x80006160 (0x026dc703) x14 0x00000019 mem 0x8001a962
core   0: 0x80006164 (0x01c102b3) add     t0, sp, t3
core   0: 3 0x80006164 (0x01c102b3) x 5 0x000463fa
core   0: 0x80006168 (0x040dd183) lhu     gp, 64(s11)
core   0: 3 0x80006168 (0x040dd183) x 3 0x00003637 mem 0x8001a97c
core   0: 0x8000616c (0x0f7dcb03) lbu     s6, 247(s11)
core   0: 3 0x8000616c (0x0f7dcb03) x22 0x000000e8 mem 0x8001aa33
core   0: 0x80006170 (0xf17dc783) lbu     a5, -233(s11)
core   0: 3 0x80006170 (0xf17dc783) x15 0x00000008 mem 0x8001a853
core   0: 0x80006174 (0xeeb3b913) sltiu   s2, t2, -277
core   0: 3 0x80006174 (0xeeb3b913) x18 0x00000001
core   0: 0x80006178 (0xf14d9e23) sh      s4, -228(s11)
core   0: 3 0x80006178 (0xf14d9e23) mem 0x8001a858 0x0067
core   0: 0x8000617c (0x0019c1b3) xor     gp, s3, ra
core   0: 3 0x8000617c (0x0019c1b3) x 3 0x97e09e64
core   0: 0x80006180 (0x00000013) nop
core   0: 3 0x80006180 (0x00000013)
core   0: 0x80006184 (0xfb4d9583) lh      a1, -76(s11)
core   0: 3 0x80006184 (0xfb4d9583) x11 0xffffaaab mem 0x8001a8f0
core   0: 0x80006188 (0xf4ad9903) lh      s2, -182(s11)
core   0: 3 0x80006188 (0xf4ad9903) x18 0x00003c3d mem 0x8001a886
core   0: 0x8000618c (0x4188d0b3) sra     ra, a7, s8
core   0: 3 0x8000618c (0x4188d0b3) x 1 0x00000000
core   0: 0x80006190 (0x01072e33) slt     t3, a4, a6
core   0: 3 0x80006190 (0x01072e33) x28 0x00000000
core   0: 0x80006194 (0x0cad81a3) sb      a0, 195(s11)
core   0: 3 0x80006194 (0x0cad81a3) mem 0x8001a9ff 0x14
core   0: 0x80006198 (0x00c8a0b3) slt     ra, a7, a2
core   0: 3 0x80006198 (0x00c8a0b3) x 1 0x00000000
core   0: 0x8000619c (0x0ff0000f) fence   iorw,iorw
core   0: 3 0x8000619c (0x0ff0000f)
core   0: 0x800061a0 (0x0015c513) xori    a0, a1, 1
core   0: 3 0x800061a0 (0x0015c513) x10 0xffffaaaa
core   0: 0x800061a4 (0x0aad86a3) sb      a0, 173(s11)
core   0: 3 0x800061a4 (0x0aad86a3) mem 0x8001a9e9 0xaa
core   0: 0x800061a8 (0x000dcf03) lbu     t5, 0(s11)
core   0: 3 0x800061a8 (0x000dcf03) x30 0x000000f7 mem 0x8001a93c
core   0: 0x800061ac (0xa1e4cf93) xori    t6, s1, -1506
core   0: 3 0x800061ac (0xa1e4cf93) x31 0x3e73aa12
core   0: 0x800061b0 (0xee952313) slti    t1, a0, -279
core   0: 3 0x800061b0 (0xee952313) x 6 0x00000001
core   0: 0x800061b4 (0x01edd583) lhu     a1, 30(s11)
core   0: 3 0x800061b4 (0x01edd583) x11 0x00001011 mem 0x8001a95a
core   0: 0x800061b8 (0xfe7dc703) lbu     a4, -25(s11)
core   0: 3 0x800061b8 (0xfe7dc703) x14 0x000000d8 mem 0x8001a923
core   0: 0x800061bc (0xfd0d87a3) sb      a6, -49(s11)
core   0: 3 0x800061bc (0xfd0d87a3) mem 0x8001a90b 0xd1
core   0: 0x800061c0 (0xff1dc283) lbu     t0, -15(s11)
core   0: 3 0x800061c0 (0xff1dc283) x 5 0x000000e6 mem 0x8001a92d
core   0: 0x800061c4 (0x042d8503) lb      a0, 66(s11)
core   0: 3 0x800061c4 (0x042d8503) x10 0x00000035 mem 0x8001a97e
core   0: 0x800061c8 (0x010c11b3) sll     gp, s8, a6
core   0: 3 0x800061c8 (0x010c11b3) x 3 0xd82c0000
core   0: 0x800061cc (0xf5bd8703) lb      a4, -165(s11)
core   0: 3 0x800061cc (0xf5bd8703) x14 0x0000004c mem 0x8001a897
core   0: 0x800061d0 (0x00010e97) auipc   t4, 0x10
core   0: 3 0x800061d0 (0x00010e97) x29 0x800161d0
core   0: 0x800061d4 (0x553e8e93) addi    t4, t4, 1363
core   0: 3 0x800061d4 (0x553e8e93) x29 0x80016723
core   0: 0x800061d8 (0x00010217) auipc   tp, 0x10
core   0: 3 0x800061d8 (0x00010217) x 4 0x800161d8
core   0: 0x800061dc (0xe8620213) addi    tp, tp, -378
core   0: 3 0x800061dc (0xe8620213) x 4 0x8001605e
core   0: 0x800061e0 (0x017e8523) sb      s7, 10(t4)
core   0: 3 0x800061e0 (0x017e8523) mem 0x8001672d 0x8c
core   0: 0x800061e4 (0x0001f917) auipc   s2, 0x1f
core   0: 3 0x800061e4 (0x0001f917) x18 0x800251e4
core   0: 0x800061e8 (0x80390913) addi    s2, s2, -2045
core   0: 3 0x800061e8 (0x80390913) x18 0x800249e7
core   0: 0x800061ec (0x00016397) auipc   t2, 0x16
core   0: 3 0x800061ec (0x00016397) x 7 0x8001c1ec
core   0: 0x800061f0 (0xb2838393) addi    t2, t2, -1240
core   0: 3 0x800061f0 (0xb2838393) x 7 0x8001bd14
core   0: 0x800061f4 (0xff5e89a3) sb      s5, -13(t4)
core   0: 3 0x800061f4 (0xff5e89a3) mem 0x80016716 0xc0
core   0: 0x800061f8 (0x0a638183) lb      gp, 166(t2)
core   0: 3 0x800061f8 (0x0a638183) x 3 0x00000071 mem 0x8001bdba
core   0: 0x800061fc (0x03f20483) lb      s1, 63(tp)
core   0: 3 0x800061fc (0x03f20483) x 9 0x00000056 mem 0x8001609d
core   0: 0x80006200 (0xfab3c403) lbu     s0, -85(t2)
core   0: 3 0x80006200 (0xfab3c403) x 8 0x00000074 mem 0x8001bcbf
core   0: 0x80006204 (0x003e8023) sb      gp, 0(t4)
core   0: 3 0x80006204 (0x003e8023) mem 0x80016723 0x71
core   0: 0x80006208 (0x00013317) auipc   t1, 0x13
core   0: 3 0x80006208 (0x00013317) x 6 0x80019208
core   0: 0x8000620c (0x0f230313) addi    t1, t1, 242
core   0: 3 0x8000620c (0x0f230313) x 6 0x800192fa
core   0: 0x80006210 (0xfe822f23) sw      s0, -2(tp)
core   0: 3 0x80006210 (0xfe822f23) mem 0x8001605c 0x00000074
core   0: 0x80006214 (0x0e73c603) lbu     a2, 231(t2)
core   0: 3 0x80006214 (0x0e73c603) x12 0x000000b0 mem 0x8001bdfb
core   0: 0x80006218 (0xff821803) lh      a6, -8(tp)
core   0: 3 0x80006218 (0xff821803) x16 0x00000c0d mem 0x80016056
core   0: 0x8000621c (0x01090c83) lb      s9, 16(s2)
core   0: 3 0x8000621c (0x01090c83) x25 0xffffffac mem 0x800249f7
core   0: 0x80006220 (0x00635783) lhu     a5, 6(t1)
core   0: 3 0x80006220 (0x00635783) x15 0x0000babb mem 0x80019300
core   0: 0x80006224 (0xfed20c83) lb      s9, -19(tp)
core   0: 3 0x80006224 (0xfed20c83) x25 0x00000000 mem 0x8001604b
core   0: 0x80006228 (0x0a33cb83) lbu     s7, 163(t2)
core   0: 3 0x80006228 (0x0a33cb83) x23 0x0000006c mem 0x8001bdb7
core   0: 0x8000622c (0x00831803) lh      a6, 8(t1)
core   0: 3 0x8000622c (0x00831803) x16 0xffffb8b9 mem 0x80019302
core   0: 0x80006230 (0xff530883) lb      a7, -11(t1)
core   0: 3 0x80006230 (0xff530883) x17 0xffffffa4 mem 0x800192ef
core   0: 0x80006234 (0x02e20b03) lb      s6, 46(tp)
core   0: 3 0x80006234 (0x02e20b03) x22 0x00000047 mem 0x8001608c
core   0: 0x80006238 (0x02922123) sw      s1, 34(tp)
core   0: 3 0x80006238 (0x02922123) mem 0x80016080 0x00000056
core   0: 0x8000623c (0xfbe3c603) lbu     a2, -66(t2)
core   0: 3 0x8000623c (0xfbe3c603) x12 0x00000089 mem 0x8001bcd2
core   0: 0x80006240 (0xffc21f83) lh      t6, -4(tp)
core   0: 3 0x80006240 (0xffc21f83) x31 0x00001011 mem 0x8001605a
core   0: 0x80006244 (0xfa93c403) lbu     s0, -87(t2)
core   0: 3 0x80006244 (0xfa93c403) x 8 0x00000076 mem 0x8001bcbd
core   0: 0x80006248 (0x00c90403) lb      s0, 12(s2)
core   0: 3 0x80006248 (0x00c90403) x 8 0xffffffa8 mem 0x800249f3
core   0: 0x8000624c (0x007e9583) lh      a1, 7(t4)
core   0: 3 0x8000624c (0x007e9583) x11 0xffffe0e1 mem 0x8001672a
core   0: 0x80006250 (0xf8038b83) lb      s7, -128(t2)
core   0: 3 0x80006250 (0xf8038b83) x23 0x0000004f mem 0x8001bc94
core   0: 0x80006254 (0xff9ec003) lbu     zero, -7(t4)
core   0: 3 0x80006254 (0xff9ec003) mem 0x8001671c
core   0: 0x80006258 (0xff4e8c83) lb      s9, -12(t4)
core   0: 3 0x80006258 (0xff4e8c83) x25 0xffffffcc mem 0x80016717
core   0: 0x8000625c (0xfe692aa3) sw      t1, -11(s2)
core   0: 3 0x8000625c (0xfe692aa3) mem 0x800249dc 0x800192fa
core   0: 0x80006260 (0x01f300a3) sb      t6, 1(t1)
core   0: 3 0x80006260 (0x01f300a3) mem 0x800192fb 0x11
core   0: 0x80006264 (0xffce8803) lb      a6, -4(t4)
core   0: 3 0x80006264 (0xffce8803) x16 0xffffffd4 mem 0x8001671f
core   0: 0x80006268 (0xfe290c23) sb      sp, -8(s2)
core   0: 3 0x80006268 (0xfe290c23) mem 0x800249df 0xe4
core   0: 0x8000626c (0x03a24e03) lbu     t3, 58(tp)
core   0: 3 0x8000626c (0x03a24e03) x28 0x00000053 mem 0x80016098
core   0: 0x80006270 (0x00821503) lh      a0, 8(tp)
core   0: 3 0x80006270 (0x00821503) x10 0x00001c1d mem 0x80016066
core   0: 0x80006274 (0xff6ec283) lbu     t0, -10(t4)
core   0: 3 0x80006274 (0xff6ec283) x 5 0x000000d2 mem 0x80016719
core   0: 0x80006278 (0x01b24703) lbu     a4, 27(tp)
core   0: 3 0x80006278 (0x01b24703) x14 0x00000032 mem 0x80016079
core   0: 0x8000627c (0x00194783) lbu     a5, 1(s2)
core   0: 3 0x8000627c (0x00194783) x15 0x000000a3 mem 0x800249e8
core   0: 0x80006280 (0x009e9783) lh      a5, 9(t4)
core   0: 3 0x80006280 (0x009e9783) x15 0xffff8ce7 mem 0x8001672c
core   0: 0x80006284 (0xffe32883) lw      a7, -2(t1)
core   0: 3 0x80006284 (0xffe32883) x17 0x11b1b2b3 mem 0x800192f8
core   0: 0x80006288 (0xfe790a23) sb      t2, -12(s2)
core   0: 3 0x80006288 (0xfe790a23) mem 0x800249db 0x14
core   0: 0x8000628c (0xfa63c583) lbu     a1, -90(t2)
core   0: 3 0x8000628c (0xfa63c583) x11 0x00000071 mem 0x8001bcba
core   0: 0x80006290 (0x00732523) sw      t2, 10(t1)
core   0: 3 0x80006290 (0x00732523) mem 0x80019304 0x8001bd14
core   0: 0x80006294 (0x00931823) sh      s1, 16(t1)
core   0: 3 0x80006294 (0x00931823) mem 0x8001930a 0x0056
core   0: 0x80006298 (0xffde88a3) sb      t4, -15(t4)
core   0: 3 0x80006298 (0xffde88a3) mem 0x80016714 0x23
core   0: 0x8000629c (0x0000f417) auipc   s0, 0xf
core   0: 3 0x8000629c (0x0000f417) x 8 0x8001529c
core   0: 0x800062a0 (0x71a40413) addi    s0, s0, 1818
core   0: 3 0x800062a0 (0x71a40413) x 8 0x800159b6
core   0: 0x800062a4 (0x01308db3) add     s11, ra, s3
core   0: 3 0x800062a4 (0x01308db3) x27 0x8002ae64
core   0: 0x800062a8 (0x01a44483) lbu     s1, 26(s0)
core   0: 3 0x800062a8 (0x01a44483) x 9 0x0000008b mem 0x800159d0
core   0: 0x800062ac (0x00340d23) sb      gp, 26(s0)
core   0: 3 0x800062ac (0x00340d23) mem 0x800159d0 0x71
core   0: 0x800062b0 (0x01a44603) lbu     a2, 26(s0)
core   0: 3 0x800062b0 (0x01a44603) x12 0x00000071 mem 0x800159d0
core   0: 0x800062b4 (0x01a45c83) lhu     s9, 26(s0)
core   0: 3 0x800062b4 (0x01a45c83) x25 0x00008a71 mem 0x800159d0
core   0: 0x800062b8 (0x01a42e83) lw      t4, 26(s0)
core   0: 3 0x800062b8 (0x01a42e83) x29 0x88898a71 mem 0x800159d0
core   0: 0x800062bc (0x01a44e83) lbu     t4, 26(s0)
core   0: 3 0x800062bc (0x01a44e83) x29 0x00000071 mem 0x800159d0
core   0: 0x800062c0 (0x17273817) auipc   a6, 0x17273
core   0: 3 0x800062c0 (0x17273817) x16 0x972792c0
core   0: 0x800062c4 (0x01a45b83) lhu     s7, 26(s0)
core   0: 3 0x800062c4 (0x01a45b83) x23 0x00008a71 mem 0x800159d0
core   0: 0x800062c8 (0x01a40483) lb      s1, 26(s0)
core   0: 3 0x800062c8 (0x01a40483) x 9 0x00000071 mem 0x800159d0
core   0: 0x800062cc (0x01742d23) sw      s7, 26(s0)
core   0: 3 0x800062cc (0x01742d23) mem 0x800159d0 0x00008a71
core   0: 0x800062d0 (0x341cad13) slti    s10, s9, 833
core   0: 3 0x800062d0 (0x341cad13) x26 0x00000000
core   0: 0x800062d4 (0x01a41b03) lh      s6, 26(s0)
core   0: 3 0x800062d4 (0x01a41b03) x22 0xffff8a71 mem 0x800159d0
core   0: 0x800062d8 (0x01941d23) sh      s9, 26(s0)
core   0: 3 0x800062d8 (0x01941d23) mem 0x800159d0 0x8a71
core   0: 0x800062dc (0x00a93db3) sltu    s11, s2, a0
core   0: 3 0x800062dc (0x00a93db3) x27 0x00000000
core   0: 0x800062e0 (0x01441d23) sh      s4, 26(s0)
core   0: 3 0x800062e0 (0x01441d23) mem 0x800159d0 0x0067
core   0: 0x800062e4 (0x01a45783) lhu     a5, 26(s0)
core   0: 3 0x800062e4 (0x01a45783) x15 0x00000067 mem 0x800159d0
core   0: 0x800062e8 (0x02d400a3) sb      a3, 33(s0)
core   0: 3 0x800062e8 (0x02d400a3) mem 0x800159d7 0x0
core   0: 0x800062ec (0x03f400a3) sb      t6, 33(s0)
core   0: 3 0x800062ec (0x03f400a3) mem 0x800159d7 0x11
core   0: 0x800062f0 (0x4042d4b3) sra     s1, t0, tp
core   0: 3 0x800062f0 (0x4042d4b3) x 9 0x00000000
core   0: 0x800062f4 (0x02144603) lbu     a2, 33(s0)
core   0: 3 0x800062f4 (0x02144603) x12 0x00000011 mem 0x800159d7
core   0: 0x800062f8 (0xfdb40d83) lb      s11, -37(s0)
core   0: 3 0x800062f8 (0xfdb40d83) x27 0x0000004a mem 0x80015991
core   0: 0x800062fc (0x00010c17) auipc   s8, 0x10
core   0: 3 0x800062fc (0x00010c17) x24 0x800162fc
core   0: 0x80006300 (0xd2bc0c13) addi    s8, s8, -725
core   0: 3 0x80006300 (0xd2bc0c13) x24 0x80016027
core   0: 0x80006304 (0xffdc2b83) lw      s7, -3(s8)
core   0: 3 0x80006304 (0xffdc2b83) x23 0xdcdddedf mem 0x80016024
core   0: 0x80006308 (0xffdc0a83) lb      s5, -3(s8)
core   0: 3 0x80006308 (0xffdc0a83) x21 0xffffffdf mem 0x80016024
core   0: 0x8000630c (0xfffc0f83) lb      t6, -1(s8)
core   0: 3 0x8000630c (0xfffc0f83) x31 0xffffffdd mem 0x80016026
core   0: 0x80006310 (0x003c5083) lhu     ra, 3(s8)
core   0: 3 0x80006310 (0x003c5083) x 1 0x0000e0e1 mem 0x8001602a
core   0: 0x80006314 (0x00cc07a3) sb      a2, 15(s8)
core   0: 3 0x80006314 (0x00cc07a3) mem 0x80016036 0x11
core   0: 0x80006318 (0x3a85ae13) slti    t3, a1, 936
core   0: 3 0x80006318 (0x3a85ae13) x28 0x00000001
core   0: 0x8000631c (0xff9c0f83) lb      t6, -7(s8)
core   0: 3 0x8000631c (0xff9c0f83) x31 0xffffffdb mem 0x80016020
core   0: 0x80006320 (0x00bc14a3) sh      a1, 9(s8)
core   0: 3 0x80006320 (0x00bc14a3) mem 0x80016030 0x0071
core   0: 0x80006324 (0x01fc14a3) sh      t6, 9(s8)
core   0: 3 0x80006324 (0x01fc14a3) mem 0x80016030 0xffdb
core   0: 0x80006328 (0x010ae733) or      a4, s5, a6
core   0: 3 0x80006328 (0x010ae733) x14 0xffffffdf
core   0: 0x8000632c (0xffcc0da3) sb      t3, -5(s8)
core   0: 3 0x8000632c (0xffcc0da3) mem 0x80016022 0x1
core   0: 0x80006330 (0xff1c4e03) lbu     t3, -15(s8)
core   0: 3 0x80006330 (0xff1c4e03) x28 0x000000d3 mem 0x80016018
core   0: 0x80006334 (0x00010e97) auipc   t4, 0x10
core   0: 3 0x80006334 (0x00010e97) x29 0x80016334
core   0: 0x80006338 (0xa05e8e93) addi    t4, t4, -1531
core   0: 3 0x80006338 (0xa05e8e93) x29 0x80015d39
core   0: 0x8000633c (0xfc8e8783) lb      a5, -56(t4)
core   0: 3 0x8000633c (0xfc8e8783) x15 0xffffffba mem 0x80015d01
core   0: 0x80006340 (0xfd7e8183) lb      gp, -41(t4)
core   0: 3 0x80006340 (0xfd7e8183) x 3 0xffffffcb mem 0x80015d10
core   0: 0x80006344 (0x011127b3) slt     a5, sp, a7
core   0: 3 0x80006344 (0x011127b3) x15 0x00000001
core   0: 0x80006348 (0xfd7e8a03) lb      s4, -41(t4)
core   0: 3 0x80006348 (0xfd7e8a03) x20 0xffffffcb mem 0x80015d10
core   0: 0x8000634c (0xfe7ea183) lw      gp, -25(t4)
core   0: 3 0x8000634c (0xfe7ea183) x 3 0xd8d902db mem 0x80015d20
core   0: 0x80006350 (0xfe7e83a3) sb      t2, -25(t4)
core   0: 3 0x80006350 (0xfe7e83a3) mem 0x80015d20 0x14
core   0: 0x80006354 (0x0636c593) xori    a1, a3, 99
core   0: 3 0x80006354 (0x0636c593) x11 0x80000063
core   0: 0x80006358 (0x0ff0000f) fence   iorw,iorw
core   0: 3 0x80006358 (0x0ff0000f)
core   0: 0x8000635c (0x023ec783) lbu     a5, 35(t4)
core   0: 3 0x8000635c (0x023ec783) x15 0x00000017 mem 0x80015d5c
core   0: 0x80006360 (0x02ee81a3) sb      a4, 35(t4)
core   0: 3 0x80006360 (0x02ee81a3) mem 0x80015d5c 0xdf
core   0: 0x80006364 (0x023eac03) lw      s8, 35(t4)
core   0: 3 0x80006364 (0x023eac03) x24 0x141516df mem 0x80015d5c
core   0: 0x80006368 (0x02ae91a3) sh      a0, 35(t4)
core   0: 3 0x80006368 (0x02ae91a3) mem 0x80015d5c 0x1c1d
core   0: 0x8000636c (0x023e9d03) lh      s10, 35(t4)
core   0: 3 0x8000636c (0x023e9d03) x26 0x00001c1d mem 0x80015d5c
core   0: 0x80006370 (0xfc0e8c83) lb      s9, -64(t4)
core   0: 3 0x80006370 (0xfc0e8c83) x25 0xffffffb2 mem 0x80015cf9
core   0: 0x80006374 (0xfdbe8023) sb      s11, -64(t4)
core   0: 3 0x80006374 (0xfdbe8023) mem 0x80015cf9 0x4a
core   0: 0x80006378 (0xfc4e8023) sb      tp, -64(t4)
core   0: 3 0x80006378 (0xfc4e8023) mem 0x80015cf9 0x5e
core   0: 0x8000637c (0x023e8923) sb      gp, 50(t4)
core   0: 3 0x8000637c (0x023e8923) mem 0x80015d6b 0xdb
core   0: 0x80006380 (0x020e8923) sb      zero, 50(t4)
core   0: 3 0x80006380 (0x020e8923) mem 0x80015d6b 0x0
core   0: 0x80006384 (0x032eca83) lbu     s5, 50(t4)
core   0: 3 0x80006384 (0x032eca83) x21 0x00000000 mem 0x80015d6b
core   0: 0x80006388 (0x02cea9a3) sw      a2, 51(t4)
core   0: 3 0x80006388 (0x02cea9a3) mem 0x80015d6c 0x00000011
core   0: 0x8000638c (0x033e8283) lb      t0, 51(t4)
core   0: 3 0x8000638c (0x033e8283) x 5 0x00000011 mem 0x80015d6c
core   0: 0x80006390 (0x02de9e03) lh      t3, 45(t4)
core   0: 3 0x80006390 (0x02de9e03) x28 0x00001c1d mem 0x80015d66
core   0: 0x80006394 (0x00011897) auipc   a7, 0x11
core   0: 3 0x80006394 (0x00011897) x17 0x80017394
core   0: 0x80006398 (0x90488893) addi    a7, a7, -1788
core   0: 3 0x80006398 (0x90488893) x17 0x80016c98
core   0: 0x8000639c (0xf0f8ce83) lbu     t4, -241(a7)
core   0: 3 0x8000639c (0xf0f8ce83) x29 0x0000005c mem 0x80016ba7
core   0: 0x800063a0 (0xf1e887a3) sb      t5, -241(a7)
core   0: 3 0x800063a0 (0xf1e887a3) mem 0x80016ba7 0xf7
core   0: 0x800063a4 (0xf198ce83) lbu     t4, -231(a7)
core   0: 3 0x800063a4 (0xf198ce83) x29 0x0000006a mem 0x80016bb1
core   0: 0x800063a8 (0x0028e7b3) or      a5, a7, sp
core   0: 3 0x800063a8 (0x0028e7b3) x15 0x8003ecfc
core   0: 0x800063ac (0xf1888ca3) sb      s8, -231(a7)
core   0: 3 0x800063ac (0xf1888ca3) mem 0x80016bb1 0xdf
core   0: 0x800063b0 (0x015f0933) add     s2, t5, s5
core   0: 3 0x800063b0 (0x015f0933) x18 0x000000f7
core   0: 0x800063b4 (0x00980533) add     a0, a6, s1
core   0: 3 0x800063b4 (0x00980533) x10 0x972792c0
core   0: 0x800063b8 (0xa0584c93) xori    s9, a6, -1531
core   0: 3 0x800063b8 (0xa0584c93) x25 0x68d868c5
core   0: 0x800063bc (0xf0b8cf83) lbu     t6, -245(a7)
core   0: 3 0x800063bc (0xf0b8cf83) x31 0x00000058 mem 0x80016ba3
core   0: 0x800063c0 (0xf05885a3) sb      t0, -245(a7)
core   0: 3 0x800063c0 (0xf05885a3) mem 0x80016ba3 0x11
core   0: 0x800063c4 (0xfac88ca3) sb      a2, -71(a7)
core   0: 3 0x800063c4 (0xfac88ca3) mem 0x80016c51 0x11
core   0: 0x800063c8 (0x0bc88f83) lb      t6, 188(a7)
core   0: 3 0x800063c8 (0x0bc88f83) x31 0x0000000f mem 0x80016d54
core   0: 0x800063cc (0x0b388e23) sb      s3, 188(a7)
core   0: 3 0x800063cc (0x0b388e23) mem 0x80016d54 0x64
core   0: 0x800063d0 (0x0bc89a83) lh      s5, 188(a7)
core   0: 3 0x800063d0 (0x0bc89a83) x21 0x00000e64 mem 0x80016d54
core   0: 0x800063d4 (0x0a589e23) sh      t0, 188(a7)
core   0: 3 0x800063d4 (0x0a589e23) mem 0x80016d54 0x0011
core   0: 0x800063d8 (0xfce8ce03) lbu     t3, -50(a7)
core   0: 3 0x800063d8 (0xfce8ce03) x28 0x0000001d mem 0x80016c66
core   0: 0x800063dc (0x02889903) lh      s2, 40(a7)
core   0: 3 0x800063dc (0x02889903) x18 0x00007a7b mem 0x80016cc0
core   0: 0x800063e0 (0x02489423) sh      tp, 40(a7)
core   0: 3 0x800063e0 (0x02489423) mem 0x80016cc0 0x605e
core   0: 0x800063e4 (0x02c8a423) sw      a2, 40(a7)
core   0: 3 0x800063e4 (0x02c8a423) mem 0x80016cc0 0x00000011
core   0: 0x800063e8 (0x57460e13) addi    t3, a2, 1396
core   0: 3 0x800063e8 (0x57460e13) x28 0x00000585
core   0: 0x800063ec (0x02a8a423) sw      a0, 40(a7)
core   0: 3 0x800063ec (0x02a8a423) mem 0x80016cc0 0x972792c0
core   0: 0x800063f0 (0x0288d083) lhu     ra, 40(a7)
core   0: 3 0x800063f0 (0x0288d083) x 1 0x000092c0 mem 0x80016cc0
core   0: 0x800063f4 (0x0ff0000f) fence   iorw,iorw
core   0: 3 0x800063f4 (0x0ff0000f)
core   0: 0x800063f8 (0x0288cd83) lbu     s11, 40(a7)
core   0: 3 0x800063f8 (0x0288cd83) x27 0x000000c0 mem 0x80016cc0
core   0: 0x800063fc (0x02a89423) sh      a0, 40(a7)
core   0: 3 0x800063fc (0x02a89423) mem 0x80016cc0 0x92c0
core   0: 0x80006400 (0x0001e917) auipc   s2, 0x1e
core   0: 3 0x80006400 (0x0001e917) x18 0x80024400
core   0: 0x80006404 (0x1d290913) addi    s2, s2, 466
core   0: 3 0x80006404 (0x1d290913) x18 0x800245d2
core   0: 0x80006408 (0x0000fc97) auipc   s9, 0xf
core   0: 3 0x80006408 (0x0000fc97) x25 0x80015408
core   0: 0x8000640c (0xc5fc8c93) addi    s9, s9, -929
core   0: 3 0x8000640c (0xc5fc8c93) x25 0x80015067
core   0: 0x80006410 (0x016c83a3) sb      s6, 7(s9)
core   0: 3 0x80006410 (0x016c83a3) mem 0x8001506e 0x71
core   0: 0x80006414 (0x0b594a03) lbu     s4, 181(s2)
core   0: 3 0x80006414 (0x0b594a03) x20 0x0000003c mem 0x80024687
core   0: 0x80006418 (0xff4ccb03) lbu     s6, -12(s9)
core   0: 3 0x80006418 (0xff4ccb03) x22 0x00000010 mem 0x8001505b
core   0: 0x8000641c (0x30c90e23) sb      a2, 796(s2)
core   0: 3 0x8000641c (0x30c90e23) mem 0x800248ee 0x11
core   0: 0x80006420 (0x008c8523) sb      s0, 10(s9)
core   0: 3 0x80006420 (0x008c8523) mem 0x80015071 0xb6
core   0: 0x80006424 (0xa1e900a3) sb      t5, -1535(s2)
core   0: 3 0x80006424 (0xa1e900a3) mem 0x80023fd3 0xf7
core   0: 0x80006428 (0xe9090ea3) sb      a6, -355(s2)
core   0: 3 0x80006428 (0xe9090ea3) mem 0x8002446f 0xc0
core   0: 0x8000642c (0x01cc80a3) sb      t3, 1(s9)
core   0: 3 0x8000642c (0x01cc80a3) mem 0x80015068 0x85
core   0: 0x80006430 (0x41b90383) lb      t2, 1051(s2)
core   0: 3 0x80006430 (0x41b90383) x 7 0xffffffa6 mem 0x800249ed
core   0: 0x80006434 (0xbbf901a3) sb      t6, -1117(s2)
core   0: 3 0x80006434 (0xbbf901a3) mem 0x80024175 0xf
core   0: 0x80006438 (0x002c8e83) lb      t4, 2(s9)
core   0: 3 0x80006438 (0x002c8e83) x29 0x00000022 mem 0x80015069
core   0: 0x8000643c (0x912903a3) sb      s2, -1785(s2)
core   0: 3 0x8000643c (0x912903a3) mem 0x80023ed9 0xd2
core   0: 0x80006440 (0x009cc383) lbu     t2, 9(s9)
core   0: 3 0x80006440 (0x009cc383) x 7 0x0000002b mem 0x80015070
core   0: 0x80006444 (0x0001cc97) auipc   s9, 0x1c
core   0: 3 0x80006444 (0x0001cc97) x25 0x80022444
core   0: 0x80006448 (0xb62c8c93) addi    s9, s9, -1182
core   0: 3 0x80006448 (0xb62c8c93) x25 0x80021fa6
core   0: 0x8000644c (0xfb24bb13) sltiu   s6, s1, -78
core   0: 3 0x8000644c (0xfb24bb13) x22 0x00000001
core   0: 0x80006450 (0x003401b3) add     gp, s0, gp
core   0: 3 0x80006450 (0x003401b3) x 3 0x58da5c91
core   0: 0x80006454 (0x00a53ab3) sltu    s5, a0, a0
core   0: 3 0x80006454 (0x00a53ab3) x21 0x00000000
core   0: 0x80006458 (0x60714193) xori    gp, sp, 1543
core   0: 3 0x80006458 (0x60714193) x 3 0x8002eae3
core   0: 0x8000645c (0x033ccd83) lbu     s11, 51(s9)
core   0: 3 0x8000645c (0x033ccd83) x27 0x00000092 mem 0x80021fd9
core   0: 0x80006460 (0x411ed033) sra     zero, t4, a7
core   0: 3 0x80006460 (0x411ed033)
core   0: 0x80006464 (0xff1c80a3) sb      a7, -31(s9)
core   0: 3 0x80006464 (0xff1c80a3) mem 0x80021f87 0x98
core   0: 0x80006468 (0xc4ea0337) lui     t1, 0xc4ea0
core   0: 3 0x80006468 (0xc4ea0337) x 6 0xc4ea0000
core   0: 0x8000646c (0xfcdc8883) lb      a7, -51(s9)
core   0: 3 0x8000646c (0xfcdc8883) x17 0x00000028 mem 0x80021f73
core   0: 0x80006470 (0x5dedf513) andi    a0, s11, 1502
core   0: 3 0x80006470 (0x5dedf513) x10 0x00000092
core   0: 0x80006474 (0xfdacc803) lbu     a6, -38(s9)
core   0: 3 0x80006474 (0xfdacc803) x16 0x0000003b mem 0x80021f80
core   0: 0x80006478 (0x07830097) auipc   ra, 0x7830
core   0: 3 0x80006478 (0x07830097) x 1 0x87836478
core   0: 0x8000647c (0x020cc183) lbu     gp, 32(s9)
core   0: 3 0x8000647c (0x020cc183) x 3 0x0000007d mem 0x80021fc6
core   0: 0x80006480 (0x01f4b933) sltu    s2, s1, t6
core   0: 3 0x80006480 (0x01f4b933) x18 0x00000001
core   0: 0x80006484 (0x00cc8ea3) sb      a2, 29(s9)
core   0: 3 0x80006484 (0x00cc8ea3) mem 0x80021fc3 0x11
core   0: 0x80006488 (0x02aca303) lw      t1, 42(s9)
core   0: 3 0x80006488 (0x02aca303) x 6 0x88898a8b mem 0x80021fd0
core   0: 0x8000648c (0x0025d533) srl     a0, a1, sp
core   0: 3 0x8000648c (0x0025d533) x10 0x08000006
core   0: 0x80006490 (0x0000100f) fence.i
core   0: 3 0x80006490 (0x0000100f)
core   0: 0x80006494 (0xfc9c85a3) sb      s1, -53(s9)
core   0: 3 0x80006494 (0xfc9c85a3) mem 0x80021f71 0x0
core   0: 0x80006498 (0xfa7e0337) lui     t1, 0xfa7e0
core   0: 3 0x80006498 (0xfa7e0337) x 6 0xfa7e0000
core   0: 0x8000649c (0xb8d34713) xori    a4, t1, -1139
core   0: 3 0x8000649c (0xb8d34713) x14 0x0581fb8d
core   0: 0x800064a0 (0x01b61793) slli    a5, a2, 27
core   0: 3 0x800064a0 (0x01b61793) x15 0x88000000
core   0: 0x800064a4 (0x71e8cd93) xori    s11, a7, 1822
core   0: 3 0x800064a4 (0x71e8cd93) x27 0x00000736
core   0: 0x800064a8 (0x025c9623) sh      t0, 44(s9)
core   0: 3 0x800064a8 (0x025c9623) mem 0x80021fd2 0x0011
core   0: 0x800064ac (0x40670eb3) sub     t4, a4, t1
core   0: 3 0x800064ac (0x40670eb3) x29 0x0b03fb8d
core   0: 0x800064b0 (0x5c4e6437) lui     s0, 0x5c4e6
core   0: 3 0x800064b0 (0x5c4e6437) x 8 0x5c4e6000
core   0: 0x800064b4 (0x28534313) xori    t1, t1, 645
core   0: 3 0x800064b4 (0x28534313) x 6 0xfa7e0285
core   0: 0x800064b8 (0x01f561b3) or      gp, a0, t6
core   0: 3 0x800064b8 (0x01f561b3) x 3 0x0800000f
core   0: 0x800064bc (0x0ff0000f) fence   iorw,iorw
core   0: 3 0x800064bc (0x0ff0000f)
core   0: 0x800064c0 (0x004c8aa3) sb      tp, 21(s9)
core   0: 3 0x800064c0 (0x004c8aa3) mem 0x80021fbb 0x5e
core   0: 0x800064c4 (0x1823ef93) ori     t6, t2, 386
core   0: 3 0x800064c4 (0x1823ef93) x31 0x000001ab
core   0: 0x800064c8 (0x008cdd03) lhu     s10, 8(s9)
core   0: 3 0x800064c8 (0x008cdd03) x26 0x00006465 mem 0x80021fae
core   0: 0x800064cc (0x35603f37) lui     t5, 0x35603
core   0: 3 0x800064cc (0x35603f37) x30 0x35603000
core   0: 0x800064d0 (0x01dc8783) lb      a5, 29(s9)
core   0: 3 0x800064d0 (0x01dc8783) x15 0x00000011 mem 0x80021fc3
core   0: 0x800064d4 (0x0186c2b3) xor     t0, a3, s8
core   0: 3 0x800064d4 (0x0186c2b3) x 5 0x941516df
core   0: 0x800064d8 (0x00000013) nop
core   0: 3 0x800064d8 (0x00000013)
core   0: 0x800064dc (0x00c47e33) and     t3, s0, a2
core   0: 3 0x800064dc (0x00c47e33) x28 0x00000000
core   0: 0x800064e0 (0xfd4cc703) lbu     a4, -44(s9)
core   0: 3 0x800064e0 (0xfd4cc703) x14 0x00000031 mem 0x80021f7a
core   0: 0x800064e4 (0xfd7cc803) lbu     a6, -41(s9)
core   0: 3 0x800064e4 (0xfd7cc803) x16 0x00000036 mem 0x80021f7d
core   0: 0x800064e8 (0x031cab23) sw      a7, 54(s9)
core   0: 3 0x800064e8 (0x031cab23) mem 0x80021fdc 0x00000028
core   0: 0x800064ec (0x015cc803) lbu     a6, 21(s9)
core   0: 3 0x800064ec (0x015cc803) x16 0x0000005e mem 0x80021fbb
core   0: 0x800064f0 (0xfcbc8883) lb      a7, -53(s9)
core   0: 3 0x800064f0 (0xfcbc8883) x17 0x00000000 mem 0x80021f71
core   0: 0x800064f4 (0xa23dc213) xori    tp, s11, -1501
core   0: 3 0x800064f4 (0xa23dc213) x 4 0xfffffd15
core   0: 0x800064f8 (0xc3163013) sltiu   zero, a2, -975
core   0: 3 0x800064f8 (0xc3163013)
core   0: 0x800064fc (0x025cc183) lbu     gp, 37(s9)
core   0: 3 0x800064fc (0x025cc183) x 3 0x00000080 mem 0x80021fcb
core   0: 0x80006500 (0xbd796893) ori     a7, s2, -1065
core   0: 3 0x80006500 (0xbd796893) x17 0xfffffbd7
core   0: 0x80006504 (0x024c8603) lb      a2, 36(s9)
core   0: 3 0x80006504 (0x024c8603) x12 0xffffff81 mem 0x80021fca
core   0: 0x80006508 (0x013c8283) lb      t0, 19(s9)
core   0: 3 0x80006508 (0x013c8283) x 5 0x00000072 mem 0x80021fb9
core   0: 0x8000650c (0x40110033) sub     zero, sp, ra
core   0: 3 0x8000650c (0x40110033)
core   0: 0x80006510 (0xfd7c8a03) lb      s4, -41(s9)
core   0: 3 0x80006510 (0xfd7c8a03) x20 0x00000036 mem 0x80021f7d
core   0: 0x80006514 (0x0000f417) auipc   s0, 0xf
core   0: 3 0x80006514 (0x0000f417) x 8 0x80015514
core   0: 0x80006518 (0x36140413) addi    s0, s0, 865
core   0: 3 0x80006518 (0x36140413) x 8 0x80015875
core   0: 0x8000651c (0x05340423) sb      s3, 72(s0)
core   0: 3 0x8000651c (0x05340423) mem 0x800158bd 0x64
core   0: 0x80006520 (0x04844283) lbu     t0, 72(s0)
core   0: 3 0x80006520 (0x04844283) x 5 0x00000064 mem 0x800158bd
core   0: 0x80006524 (0x05b42f83) lw      t6, 91(s0)
core   0: 3 0x80006524 (0x05b42f83) x31 0x88898a8b mem 0x800158d0
core   0: 0x80006528 (0x04f41da3) sh      a5, 91(s0)
core   0: 3 0x80006528 (0x04f41da3) mem 0x800158d0 0x0011
core   0: 0x8000652c (0x05a40903) lb      s2, 90(s0)
core   0: 3 0x8000652c (0x05a40903) x18 0xffffff84 mem 0x800158cf
core   0: 0x80006530 (0x0c341b03) lh      s6, 195(s0)
core   0: 3 0x80006530 (0x0c341b03) x22 0xfffff2f3 mem 0x80015938
core   0: 0x80006534 (0x03a419a3) sh      s10, 51(s0)
core   0: 3 0x80006534 (0x03a419a3) mem 0x800158a8 0x6465
core   0: 0x80006538 (0x003821b3) slt     gp, a6, gp
core   0: 3 0x80006538 (0x003821b3) x 3 0x00000001
core   0: 0x8000653c (0xf9644083) lbu     ra, -106(s0)
core   0: 3 0x8000653c (0xf9644083) x 1 0x000000c0 mem 0x8001580b
core   0: 0x80006540 (0xf4d45c03) lhu     s8, -179(s0)
core   0: 3 0x80006540 (0xf4d45c03) x24 0x000078b9 mem 0x800157c2
core   0: 0x80006544 (0x01ab7fb3) and     t6, s6, s10
core   0: 3 0x80006544 (0x01ab7fb3) x31 0x00006061
core   0: 0x80006548 (0x07840c23) sb      s8, 120(s0)
core   0: 3 0x80006548 (0x07840c23) mem 0x800158ed 0xb9
core   0: 0x8000654c (0x0000f717) auipc   a4, 0xf
core   0: 3 0x8000654c (0x0000f717) x14 0x8001554c
core   0: 0x80006550 (0x58a70713) addi    a4, a4, 1418
core   0: 3 0x80006550 (0x58a70713) x14 0x80015ad6
core   0: 0x80006554 (0x043701a3) sb      gp, 67(a4)
core   0: 3 0x80006554 (0x043701a3) mem 0x80015b19 0x1
core   0: 0x80006558 (0x0ff0000f) fence   iorw,iorw
core   0: 3 0x80006558 (0x0ff0000f)
core   0: 0x8000655c (0x04374503) lbu     a0, 67(a4)
core   0: 3 0x8000655c (0x04374503) x10 0x00000001 mem 0x80015b19
core   0: 0x80006560 (0x048701a3) sb      s0, 67(a4)
core   0: 3 0x80006560 (0x048701a3) mem 0x80015b19 0x75
core   0: 0x80006564 (0x0a104513) xori    a0, zero, 161
core   0: 3 0x80006564 (0x0a104513) x10 0x000000a1
core   0: 0x80006568 (0x4d53af93) slti    t6, t2, 1237
core   0: 3 0x80006568 (0x4d53af93) x31 0x00000001
core   0: 0x8000656c (0xff592193) slti    gp, s2, -11
core   0: 3 0x8000656c (0xff592193) x 3 0x00000001
core   0: 0x80006570 (0x052701a3) sb      s2, 67(a4)
core   0: 3 0x80006570 (0x052701a3) mem 0x80015b19 0x84
core   0: 0x80006574 (0x056701a3) sb      s6, 67(a4)
core   0: 3 0x80006574 (0x056701a3) mem 0x80015b19 0xf3
core   0: 0x80006578 (0x0f774e83) lbu     t4, 247(a4)
core   0: 3 0x80006578 (0x0f774e83) x29 0x00000086 mem 0x80015bcd
core   0: 0x8000657c (0x0f770083) lb      ra, 247(a4)
core   0: 3 0x8000657c (0x0f770083) x 1 0xffffff86 mem 0x80015bcd
core   0: 0x80006580 (0x0f774383) lbu     t2, 247(a4)
core   0: 3 0x80006580 (0x0f774383) x 7 0x00000086 mem 0x80015bcd
core   0: 0x80006584 (0xf6c75203) lhu     tp, -148(a4)
core   0: 3 0x80006584 (0xf6c75203) x 4 0x0000f8f9 mem 0x80015a42
core   0: 0x80006588 (0xf6c75583) lhu     a1, -148(a4)
core   0: 3 0x80006588 (0xf6c75583) x11 0x0000f8f9 mem 0x80015a42
core   0: 0x8000658c (0xf6170623) sb      ra, -148(a4)
core   0: 3 0x8000658c (0xf6170623) mem 0x80015a42 0x86
core   0: 0x80006590 (0xd8497093) andi    ra, s2, -636
core   0: 3 0x80006590 (0xd8497093) x 1 0xfffffd84
core   0: 0x80006594 (0x00000013) nop
core   0: 3 0x80006594 (0x00000013)
core   0: 0x80006598 (0xf6c75b83) lhu     s7, -148(a4)
core   0: 3 0x80006598 (0xf6c75b83) x23 0x0000f886 mem 0x80015a42
core   0: 0x8000659c (0xf6c75c83) lhu     s9, -148(a4)
core   0: 3 0x8000659c (0xf6c75c83) x25 0x0000f886 mem 0x80015a42
core   0: 0x800065a0 (0xf6f71623) sh      a5, -148(a4)
core   0: 3 0x800065a0 (0xf6f71623) mem 0x80015a42 0x0011
core   0: 0x800065a4 (0xf7471623) sh      s4, -148(a4)
core   0: 3 0x800065a4 (0xf7471623) mem 0x80015a42 0x0036
core   0: 0x800065a8 (0xffe70b23) sb      t5, -10(a4)
core   0: 3 0x800065a8 (0xffe70b23) mem 0x80015acc 0x0
core   0: 0x800065ac (0x0b370283) lb      t0, 179(a4)
core   0: 3 0x800065ac (0x0b370283) x 5 0xffffff96 mem 0x80015b89
core   0: 0x800065b0 (0x0000f597) auipc   a1, 0xf
core   0: 3 0x800065b0 (0x0000f597) x11 0x800155b0
core   0: 0x800065b4 (0x42058593) addi    a1, a1, 1056
core   0: 3 0x800065b4 (0x42058593) x11 0x800159d0
core   0: 0x800065b8 (0x01a5aa23) sw      s10, 20(a1)
core   0: 3 0x800065b8 (0x01a5aa23) mem 0x800159e4 0x00006465
core   0: 0x800065bc (0x03c586a3) sb      t3, 45(a1)
core   0: 3 0x800065bc (0x03c586a3) mem 0x800159fd 0x0
core   0: 0x800065c0 (0xff75c903) lbu     s2, -9(a1)
core   0: 3 0x800065c0 (0xff75c903) x18 0x0000007c mem 0x800159c7
core   0: 0x800065c4 (0x004a4d33) xor     s10, s4, tp
core   0: 3 0x800065c4 (0x004a4d33) x26 0x0000f8cf
core   0: 0x800065c8 (0x02558403) lb      s0, 37(a1)
core   0: 3 0x800065c8 (0x02558403) x 8 0xffffffae mem 0x800159f5
core   0: 0x800065cc (0xfde58f03) lb      t5, -34(a1)
core   0: 3 0x800065cc (0xfde58f03) x30 0x00000065 mem 0x800159ae
core   0: 0x800065d0 (0xfc658d03) lb      s10, -58(a1)
core   0: 3 0x800065d0 (0xfc658d03) x26 0x0000004d mem 0x80015996
core   0: 0x800065d4 (0xfcd58383) lb      t2, -51(a1)
core   0: 3 0x800065d4 (0xfcd58383) x 7 0x00000056 mem 0x8001599d
core   0: 0x800065d8 (0xfee58703) lb      a4, -18(a1)
core   0: 3 0x800065d8 (0xfee58703) x14 0x00000075 mem 0x800159be
core   0: 0x800065dc (0x01b4ea33) or      s4, s1, s11
core   0: 3 0x800065dc (0x01b4ea33) x20 0x00000736
core   0: 0x800065e0 (0xfea58f23) sb      a0, -2(a1)
core   0: 3 0x800065e0 (0xfea58f23) mem 0x800159ce 0xa1
core   0: 0x800065e4 (0x01458aa3) sb      s4, 21(a1)
core   0: 3 0x800065e4 (0x01458aa3) mem 0x800159e5 0x36
core   0: 0x800065e8 (0x0155c903) lbu     s2, 21(a1)
core   0: 3 0x800065e8 (0x0155c903) x18 0x00000036 mem 0x800159e5
core   0: 0x800065ec (0x0005db33) srl     s6, a1, zero
core   0: 3 0x800065ec (0x0005db33) x22 0x800159d0
core   0: 0x800065f0 (0x03a5d703) lhu     a4, 58(a1)
core   0: 3 0x800065f0 (0x03a5d703) x14 0x0000a4c1 mem 0x80015a0a
core   0: 0x800065f4 (0x00f5a423) sw      a5, 8(a1)
core   0: 3 0x800065f4 (0x00f5a423) mem 0x800159d8 0x00000011
core   0: 0x800065f8 (0xfca59723) sh      a0, -50(a1)
core   0: 3 0x800065f8 (0xfca59723) mem 0x8001599e 0x00a1
core   0: 0x800065fc (0x15236a97) auipc   s5, 0x15236
core   0: 3 0x800065fc (0x15236a97) x21 0x9523c5fc
core   0: 0x80006600 (0x00957db3) and     s11, a0, s1
core   0: 3 0x80006600 (0x00957db3) x27 0x00000000
core   0: 0x80006604 (0x00718bb3) add     s7, gp, t2
core   0: 3 0x80006604 (0x00718bb3) x23 0x00000057
core   0: 0x80006608 (0x02358603) lb      a2, 35(a1)
core   0: 3 0x80006608 (0x02358603) x12 0xffffffa4 mem 0x800159f3
core   0: 0x8000660c (0xfbc1cc13) xori    s8, gp, -68
core   0: 3 0x8000660c (0xfbc1cc13) x24 0xffffffbd
core   0: 0x80006610 (0x02d5c303) lbu     t1, 45(a1)
core   0: 3 0x80006610 (0x02d5c303) x 6 0x00000000 mem 0x800159fd
core   0: 0x80006614 (0xa27d7893) andi    a7, s10, -1497
core   0: 3 0x80006614 (0xa27d7893) x17 0x00000005
core   0: 0x80006618 (0x00559923) sh      t0, 18(a1)
core   0: 3 0x80006618 (0x00559923) mem 0x800159e2 0xff96
core   0: 0x8000661c (0x00f581b3) add     gp, a1, a5
core   0: 3 0x8000661c (0x00f581b3) x 3 0x800159e1
core   0: 0x80006620 (0x81343d93) sltiu   s11, s0, -2029
core   0: 3 0x80006620 (0x81343d93) x27 0x00000000
core   0: 0x80006624 (0x003d8933) add     s2, s11, gp
core   0: 3 0x80006624 (0x003d8933) x18 0x800159e1
core   0: 0x80006628 (0xfcd58283) lb      t0, -51(a1)
core   0: 3 0x80006628 (0xfcd58283) x 5 0x00000056 mem 0x8001599d
core   0: 0x8000662c (0x00c583a3) sb      a2, 7(a1)
core   0: 3 0x8000662c (0x00c583a3) mem 0x800159d7 0xa4
core   0: 0x80006630 (0x00458b03) lb      s6, 4(a1)
core   0: 3 0x80006630 (0x00458b03) x22 0xffffff8f mem 0x800159d4
core   0: 0x80006634 (0x00000013) nop
core   0: 3 0x80006634 (0x00000013)
core   0: 0x80006638 (0x03359323) sh      s3, 38(a1)
core   0: 3 0x80006638 (0x03359323) mem 0x800159f6 0xae64
core   0: 0x8000663c (0x00018517) auipc   a0, 0x18
core   0: 3 0x8000663c (0x00018517) x10 0x8001e63c
core   0: 0x80006640 (0x6f850513) addi    a0, a0, 1784
core   0: 3 0x80006640 (0x6f850513) x10 0x8001ed34
core   0: 0x80006644 (0x00018617) auipc   a2, 0x18
core   0: 3 0x80006644 (0x00018617) x12 0x8001e644
core   0: 0x80006648 (0x71b60613) addi    a2, a2, 1819
core   0: 3 0x80006648 (0x71b60613) x12 0x8001ed5f
core   0: 0x8000664c (0x03a60e83) lb      t4, 58(a2)
core   0: 3 0x8000664c (0x03a60e83) x29 0x00000052 mem 0x8001ed99
core   0: 0x80006650 (0xfe365183) lhu     gp, -29(a2)
core   0: 3 0x80006650 (0xfe365183) x 3 0x0000f8f9 mem 0x8001ed42
core   0: 0x80006654 (0x03351523) sh      s3, 42(a0)
core   0: 3 0x80006654 (0x03351523) mem 0x8001ed5e 0xae64
core   0: 0x80006658 (0x03e55c83) lhu     s9, 62(a0)
core   0: 3 0x80006658 (0x03e55c83) x25 0x00002829 mem 0x8001ed72
core   0: 0x8000665c (0x00014e17) auipc   t3, 0x14
core   0: 3 0x8000665c (0x00014e17) x28 0x8001a65c
core   0: 0x80006660 (0x554e0e13) addi    t3, t3, 1364
core   0: 3 0x80006660 (0x554e0e13) x28 0x8001abb0
core   0: 0x80006664 (0xf38e0523) sb      s8, -214(t3)
core   0: 3 0x80006664 (0xf38e0523) mem 0x8001aada 0xbd
core   0: 0x80006668 (0x01b504a3) sb      s11, 9(a0)
core   0: 3 0x80006668 (0x01b504a3) mem 0x8001ed3d 0x0
core   0: 0x8000666c (0x01f60183) lb      gp, 31(a2)
core   0: 3 0x8000666c (0x01f60183) x 3 0x00000008 mem 0x8001ed7e
core   0: 0x80006670 (0x017605a3) sb      s7, 11(a2)
core   0: 3 0x80006670 (0x017605a3) mem 0x8001ed6a 0x57
core   0: 0x80006674 (0xfee51d03) lh      s10, -18(a0)
core   0: 3 0x80006674 (0xfee51d03) x26 0xffffd8d9 mem 0x8001ed22
core   0: 0x80006678 (0x03450c83) lb      s9, 52(a0)
core   0: 3 0x80006678 (0x03450c83) x25 0x00000023 mem 0x8001ed68
core   0: 0x8000667c (0xfd7e00a3) sb      s7, -63(t3)
core   0: 3 0x8000667c (0xfd7e00a3) mem 0x8001ab71 0x57
core   0: 0x80006680 (0xfafe4c83) lbu     s9, -81(t3)
core   0: 3 0x80006680 (0xfafe4c83) x25 0x00000014 mem 0x8001ab5f
core   0: 0x80006684 (0x01765a83) lhu     s5, 23(a2)
core   0: 3 0x80006684 (0x01765a83) x21 0x00002c2d mem 0x8001ed76
core   0: 0x80006688 (0xfd950c23) sb      s9, -40(a0)
core   0: 3 0x80006688 (0xfd950c23) mem 0x8001ed0c 0x14
core   0: 0x8000668c (0xf01e0d03) lb      s10, -255(t3)
core   0: 3 0x8000668c (0xf01e0d03) x26 0x0000006a mem 0x8001aab1
core   0: 0x80006690 (0x05ae4883) lbu     a7, 90(t3)
core   0: 3 0x80006690 (0x05ae4883) x17 0x000000c1 mem 0x8001ac0a
core   0: 0x80006694 (0x01455903) lhu     s2, 20(a0)
core   0: 3 0x80006694 (0x01455903) x18 0x00000203 mem 0x8001ed48
core   0: 0x80006698 (0xfcc50383) lb      t2, -52(a0)
core   0: 3 0x80006698 (0xfcc50383) x 7 0xffffffbb mem 0x8001ed00
core   0: 0x8000669c (0xfe664183) lbu     gp, -26(a2)
core   0: 3 0x8000669c (0xfe664183) x 3 0x000000fe mem 0x8001ed45
core   0: 0x800066a0 (0xfbde0583) lb      a1, -67(t3)
core   0: 3 0x800066a0 (0xfbde0583) x11 0x00000026 mem 0x8001ab6d
core   0: 0x800066a4 (0x02f50903) lb      s2, 47(a0)
core   0: 3 0x800066a4 (0x02f50903) x18 0x00000018 mem 0x8001ed63
core   0: 0x800066a8 (0x00019817) auipc   a6, 0x19
core   0: 3 0x800066a8 (0x00019817) x16 0x8001f6a8
core   0: 0x800066ac (0xa3180813) addi    a6, a6, -1487
core   0: 3 0x800066ac (0xa3180813) x16 0x8001f0d9
core   0: 0x800066b0 (0x00a84703) lbu     a4, 10(a6)
core   0: 3 0x800066b0 (0x00a84703) x14 0x00000098 mem 0x8001f0e3
core   0: 0x800066b4 (0x01180523) sb      a7, 10(a6)
core   0: 3 0x800066b4 (0x01180523) mem 0x8001f0e3 0xc1
core   0: 0x800066b8 (0xff782783) lw      a5, -9(a6)
core   0: 3 0x800066b8 (0xff782783) x15 0x88898a8b mem 0x8001f0d0
core   0: 0x800066bc (0xff785703) lhu     a4, -9(a6)
core   0: 3 0x800066bc (0xff785703) x14 0x00008a8b mem 0x8001f0d0
core   0: 0x800066c0 (0xff781503) lh      a0, -9(a6)
core   0: 3 0x800066c0 (0xff781503) x10 0xffff8a8b mem 0x8001f0d0
core   0: 0x800066c4 (0xff780403) lb      s0, -9(a6)
core   0: 3 0x800066c4 (0xff780403) x 8 0xffffff8b mem 0x8001f0d0
core   0: 0x800066c8 (0x40ecdc33) sra     s8, s9, a4
core   0: 3 0x800066c8 (0x40ecdc33) x24 0x00000000
core   0: 0x800066cc (0xfed82ba3) sw      a3, -9(a6)
core   0: 3 0x800066cc (0xfed82ba3) mem 0x8001f0d0 0x80000000
core   0: 0x800066d0 (0x00680023) sb      t1, 0(a6)
core   0: 3 0x800066d0 (0x00680023) mem 0x8001f0d9 0x0
core   0: 0x800066d4 (0x01f80023) sb      t6, 0(a6)
core   0: 3 0x800066d4 (0x01f80023) mem 0x8001f0d9 0x1
core   0: 0x800066d8 (0x00080d83) lb      s11, 0(a6)
core   0: 3 0x800066d8 (0x00080d83) x27 0x00000001 mem 0x8001f0d9
core   0: 0x800066dc (0x00080903) lb      s2, 0(a6)
core   0: 3 0x800066dc (0x00080903) x18 0x00000001 mem 0x8001f0d9
core   0: 0x800066e0 (0x00580023) sb      t0, 0(a6)
core   0: 3 0x800066e0 (0x00580023) mem 0x8001f0d9 0x56
core   0: 0x800066e4 (0x0000f917) auipc   s2, 0xf
core   0: 3 0x800066e4 (0x0000f917) x18 0x800156e4
core   0: 0x800066e8 (0xfb990913) addi    s2, s2, -71
core   0: 3 0x800066e8 (0xfb990913) x18 0x8001569d
core   0: 0x800066ec (0x00016417) auipc   s0, 0x16
core   0: 3 0x800066ec (0x00016417) x 8 0x8001c6ec
core   0: 0x800066f0 (0xa2c40413) addi    s0, s0, -1492
core   0: 3 0x800066f0 (0xa2c40413) x 8 0x8001c118
core   0: 0x800066f4 (0x00a40203) lb      tp, 10(s0)
core   0: 3 0x800066f4 (0x00a40203) x 4 0xffffffd9 mem 0x8001c122
core   0: 0x800066f8 (0x00340703) lb      a4, 3(s0)
core   0: 3 0x800066f8 (0x00340703) x14 0xffffffd0 mem 0x8001c11b
core   0: 0x800066fc (0x73e918a3) sh      t5, 1841(s2)
core   0: 3 0x800066fc (0x73e918a3) mem 0x80015dce 0x0065
core   0: 0x80006700 (0x51191003) lh      zero, 1297(s2)
core   0: 3 0x80006700 (0x51191003) mem 0x80015bae
core   0: 0x80006704 (0xffe45503) lhu     a0, -2(s0)
core   0: 3 0x80006704 (0xffe45503) x10 0x0000cccd mem 0x8001c116
core   0: 0x80006708 (0x2f894203) lbu     tp, 760(s2)
core   0: 3 0x80006708 (0x2f894203) x 4 0x0000004e mem 0x80015995
core   0: 0x8000670c (0xa7590e03) lb      t3, -1419(s2)
core   0: 3 0x8000670c (0xa7590e03) x28 0xffffffc9 mem 0x80015112
core   0: 0x80006710 (0x00640c03) lb      s8, 6(s0)
core   0: 3 0x80006710 (0x00640c03) x24 0xffffffd5 mem 0x8001c11e
core   0: 0x80006714 (0xca690b23) sb      t1, -842(s2)
core   0: 3 0x80006714 (0xca690b23) mem 0x80015353 0x0
core   0: 0x80006718 (0x39294483) lbu     s1, 914(s2)
core   0: 3 0x80006718 (0x39294483) x 9 0x000000e4 mem 0x80015a2f
core   0: 0x8000671c (0x18d90583) lb      a1, 397(s2)
core   0: 3 0x8000671c (0x18d90583) x11 0xffffffe1 mem 0x8001582a
core   0: 0x80006720 (0x01441523) sh      s4, 10(s0)
core   0: 3 0x80006720 (0x01441523) mem 0x8001c122 0x0736
core   0: 0x80006724 (0xcd394b03) lbu     s6, -813(s2)
core   0: 3 0x80006724 (0xcd394b03) x22 0x0000002b mem 0x80015370
core   0: 0x80006728 (0x012403a3) sb      s2, 7(s0)
core   0: 3 0x80006728 (0x012403a3) mem 0x8001c11f 0x9d
core   0: 0x8000672c (0x00045f03) lhu     t5, 0(s0)
core   0: 3 0x8000672c (0x00045f03) x30 0x0000d2d3 mem 0x8001c118
core   0: 0x80006730 (0x00010217) auipc   tp, 0x10
core   0: 3 0x80006730 (0x00010217) x 4 0x80016730
core   0: 0x80006734 (0x81120213) addi    tp, tp, -2031
core   0: 3 0x80006734 (0x81120213) x 4 0x80015f41
core   0: 0x80006738 (0xd1920c23) sb      s9, -744(tp)
core   0: 3 0x80006738 (0xd1920c23) mem 0x80015c59 0x14
core   0: 0x8000673c (0x40b9d1b3) sra     gp, s3, a1
core   0: 3 0x8000673c (0x40b9d1b3) x 3 0xc0015732
core   0: 0x80006740 (0xe31ab313) sltiu   t1, s5, -463
core   0: 3 0x80006740 (0xe31ab313) x 6 0x00000001
core   0: 0x80006744 (0x01b295b3) sll     a1, t0, s11
core   0: 3 0x80006744 (0x01b295b3) x11 0x000000ac
core   0: 0x80006748 (0xc8a24583) lbu     a1, -886(tp)
core   0: 3 0x80006748 (0xc8a24583) x11 0x00000000 mem 0x80015bcb
core   0: 0x8000674c (0x403203b3) sub     t2, tp, gp
core   0: 3 0x8000674c (0x403203b3) x 7 0xc000080f
core   0: 0x80006750 (0xa2420023) sb      tp, -1504(tp)
core   0: 3 0x80006750 (0xa2420023) mem 0x80015961 0x41
core   0: 0x80006754 (0x0121fbb3) and     s7, gp, s2
core   0: 3 0x80006754 (0x0121fbb3) x23 0x80015610
core   0: 0x80006758 (0xd1e24a03) lbu     s4, -738(tp)
core   0: 3 0x80006758 (0xd1e24a03) x20 0x00000014 mem 0x80015c5f
core   0: 0x8000675c (0x29106613) ori     a2, zero, 657
core   0: 3 0x8000675c (0x29106613) x12 0x00000291
core   0: 0x80006760 (0x003df1b3) and     gp, s11, gp
core   0: 3 0x80006760 (0x003df1b3) x 3 0x00000000
core   0: 0x80006764 (0xe7a20c83) lb      s9, -390(tp)
core   0: 3 0x80006764 (0xe7a20c83) x25 0x00000070 mem 0x80015dbb
core   0: 0x80006768 (0xf8820903) lb      s2, -120(tp)
core   0: 3 0x80006768 (0xf8820903) x18 0xffffff82 mem 0x80015ec9
core   0: 0x8000676c (0xeec24c83) lbu     s9, -276(tp)
core   0: 3 0x8000676c (0xeec24c83) x25 0x000000e6 mem 0x80015e2d
core   0: 0x80006770 (0x07b25083) lhu     ra, 123(tp)
core   0: 3 0x80006770 (0x07b25083) x 1 0x00007677 mem 0x80015fbc
core   0: 0x80006774 (0x94c20603) lb      a2, -1716(tp)
core   0: 3 0x80006774 (0x94c20603) x12 0xffffff89 mem 0x8001588d
core   0: 0x80006778 (0x0d124383) lbu     t2, 209(tp)
core   0: 3 0x80006778 (0x0d124383) x 7 0x000000c9 mem 0x80016012
core   0: 0x8000677c (0xeab22883) lw      a7, -341(tp)
core   0: 3 0x8000677c (0xeab22883) x17 0x56a564a7 mem 0x80015dec
core   0: 0x80006780 (0x4178d913) srai    s2, a7, 23
core   0: 3 0x80006780 (0x4178d913) x18 0x000000ad
core   0: 0x80006784 (0x013a2c33) slt     s8, s4, s3
core   0: 3 0x80006784 (0x013a2c33) x24 0x00000000
core   0: 0x80006788 (0xc661c813) xori    a6, gp, -922
core   0: 3 0x80006788 (0xc661c813) x16 0xfffffc66
core   0: 0x8000678c (0xb3c24483) lbu     s1, -1220(tp)
core   0: 3 0x8000678c (0xb3c24483) x 9 0x00000036 mem 0x80015a7d
core   0: 0x80006790 (0x011264b3) or      s1, tp, a7
core   0: 3 0x80006790 (0x011264b3) x 9 0xd6a57fe7
core   0: 0x80006794 (0x01a23933) sltu    s2, tp, s10
core   0: 3 0x80006794 (0x01a23933) x18 0x00000000
core   0: 0x80006798 (0x1ad13393) sltiu   t2, sp, 429
core   0: 3 0x80006798 (0x1ad13393) x 7 0x00000000
core   0: 0x8000679c (0xdb020903) lb      s2, -592(tp)
core   0: 3 0x8000679c (0xdb020903) x18 0xffffffaa mem 0x80015cf1
core   0: 0x800067a0 (0x810c3e13) sltiu   t3, s8, -2032
core   0: 3 0x800067a0 (0x810c3e13) x28 0x00000001
core   0: 0x800067a4 (0x03424283) lbu     t0, 52(tp)
core   0: 3 0x800067a4 (0x03424283) x 5 0x0000002e mem 0x80015f75
core   0: 0x800067a8 (0x00000013) nop
core   0: 3 0x800067a8 (0x00000013)
core   0: 0x800067ac (0x0f4208a3) sb      s4, 241(tp)
core   0: 3 0x800067ac (0x0f4208a3) mem 0x80016032 0x14
core   0: 0x800067b0 (0xf93215a3) sh      s3, -117(tp)
core   0: 3 0x800067b0 (0xf93215a3) mem 0x80015ecc 0xae64
core   0: 0x800067b4 (0xcaf20723) sb      a5, -850(tp)
core   0: 3 0x800067b4 (0xcaf20723) mem 0x80015bef 0x8b
core   0: 0x800067b8 (0x91324603) lbu     a2, -1773(tp)
core   0: 3 0x800067b8 (0x91324603) x12 0x0000000f mem 0x80015854
core   0: 0x800067bc (0xc6420a23) sb      tp, -908(tp)
core   0: 3 0x800067bc (0xc6420a23) mem 0x80015bb5 0x41
core   0: 0x800067c0 (0x00fdd613) srli    a2, s11, 15
core   0: 3 0x800067c0 (0x00fdd613) x12 0x00000000
core   0: 0x800067c4 (0xded25603) lhu     a2, -531(tp)
core   0: 3 0x800067c4 (0xded25603) x12 0x0000ffff mem 0x80015d2e
core   0: 0x800067c8 (0xfdb207a3) sb      s11, -49(tp)
core   0: 3 0x800067c8 (0xfdb207a3) mem 0x80015f10 0x1
core   0: 0x800067cc (0xda525303) lhu     t1, -603(tp)
core   0: 3 0x800067cc (0xda525303) x 6 0x00009c9d mem 0x80015ce6
core   0: 0x800067d0 (0x92a8aa13) slti    s4, a7, -1750
core   0: 3 0x800067d0 (0x92a8aa13) x20 0x00000000
core   0: 0x800067d4 (0xb4c20603) lb      a2, -1204(tp)
core   0: 3 0x800067d4 (0xb4c20603) x12 0x00000046 mem 0x80015a8d
core   0: 0x800067d8 (0x0151cfb3) xor     t6, gp, s5
core   0: 3 0x800067d8 (0x0151cfb3) x31 0x00002c2d
core   0: 0x800067dc (0x419a0333) sub     t1, s4, s9
core   0: 3 0x800067dc (0x419a0333) x 6 0xffffff1a
core   0: 0x800067e0 (0xb59212a3) sh      s9, -1211(tp)
core   0: 3 0x800067e0 (0xb59212a3) mem 0x80015a86 0x00e6
core   0: 0x800067e4 (0x41e78b33) sub     s6, a5, t5
core   0: 3 0x800067e4 (0x41e78b33) x22 0x8888b7b8
core   0: 0x800067e8 (0x8aa20b83) lb      s7, -1878(tp)
core   0: 3 0x800067e8 (0x8aa20b83) x23 0xffffffa0 mem 0x800157eb
core   0: 0x800067ec (0x04320c23) sb      gp, 88(tp)
core   0: 3 0x800067ec (0x04320c23) mem 0x80015f99 0x0
core   0: 0x800067f0 (0x9da20523) sb      s10, -1590(tp)
core   0: 3 0x800067f0 (0x9da20523) mem 0x8001590b 0x6a
core   0: 0x800067f4 (0x0000f397) auipc   t2, 0xf
core   0: 3 0x800067f4 (0x0000f397) x 7 0x800157f4
core   0: 0x800067f8 (0x5aa38393) addi    t2, t2, 1450
core   0: 3 0x800067f8 (0x5aa38393) x 7 0x80015d9e
core   0: 0x800067fc (0x09f3c783) lbu     a5, 159(t2)
core   0: 3 0x800067fc (0x09f3c783) x15 0x000000fa mem 0x80015e3d
core   0: 0x80006800 (0x01399fb3) sll     t6, s3, s3
core   0: 3 0x80006800 (0x01399fb3) x31 0x002ae640
core   0: 0x80006804 (0xa733c283) lbu     t0, -1421(t2)
core   0: 3 0x80006804 (0xa733c283) x 5 0x00000080 mem 0x80015811
core   0: 0x80006808 (0x0fa38c03) lb      s8, 250(t2)
core   0: 3 0x80006808 (0x0fa38c03) x24 0x00000053 mem 0x80015e98
core   0: 0x8000680c (0x98f39e23) sh      a5, -1636(t2)
core   0: 3 0x8000680c (0x98f39e23) mem 0x8001573a 0x00fa
core   0: 0x80006810 (0x01ef70b3) and     ra, t5, t5
core   0: 3 0x80006810 (0x01ef70b3) x 1 0x0000d2d3
core   0: 0x80006814 (0x0ff0000f) fence   iorw,iorw
core   0: 3 0x80006814 (0x0ff0000f)
core   0: 0x80006818 (0xe38a4817) auipc   a6, 0xe38a4
core   0: 3 0x80006818 (0xe38a4817) x16 0x638aa818
core   0: 0x8000681c (0x401207b3) sub     a5, tp, ra
core   0: 3 0x8000681c (0x401207b3) x15 0x80008c6e
core   0: 0x80006820 (0x854d3e13) sltiu   t3, s10, -1964
core   0: 3 0x80006820 (0x854d3e13) x28 0x00000001
core   0: 0x80006824 (0xfc020193) addi    gp, tp, -64
core   0: 3 0x80006824 (0xfc020193) x 3 0x80015f01
core   0: 0x80006828 (0xe6338fa3) sb      gp, -385(t2)
core   0: 3 0x80006828 (0xe6338fa3) mem 0x80015c1d 0x1
core   0: 0x8000682c (0x40228633) sub     a2, t0, sp
core   0: 3 0x8000682c (0x40228633) x12 0x7ffd139c
core   0: 0x80006830 (0x01342eb3) slt     t4, s0, s3
core   0: 3 0x80006830 (0x01342eb3) x29 0x00000001
core   0: 0x80006834 (0x00994f33) xor     t5, s2, s1
core   0: 3 0x80006834 (0x00994f33) x30 0x295a804d
core   0: 0x80006838 (0x0c73c403) lbu     s0, 199(t2)
core   0: 3 0x80006838 (0x0c73c403) x 8 0x0000001e mem 0x80015e65
core   0: 0x8000683c (0xb263d503) lhu     a0, -1242(t2)
core   0: 3 0x8000683c (0xb263d503) x10 0x00007e7f mem 0x800158c4
core   0: 0x80006840 (0x07939723) sh      s9, 110(t2)
core   0: 3 0x80006840 (0x07939723) mem 0x80015e0c 0x00e6
core   0: 0x80006844 (0xd513c603) lbu     a2, -687(t2)
core   0: 3 0x80006844 (0xd513c603) x12 0x000000a4 mem 0x80015aef
core   0: 0x80006848 (0x12538aa3) sb      t0, 309(t2)
core   0: 3 0x80006848 (0x12538aa3) mem 0x80015ed3 0x80
core   0: 0x8000684c (0x40b5d313) srai    t1, a1, 11
core   0: 3 0x8000684c (0x40b5d313) x 6 0x00000000
core   0: 0x80006850 (0x01c71a13) slli    s4, a4, 28
core   0: 3 0x80006850 (0x01c71a13) x20 0x00000000
core   0: 0x80006854 (0x4013d7b3) sra     a5, t2, ra
core   0: 3 0x80006854 (0x4013d7b3) x15 0xfffff000
core   0: 0x80006858 (0x41b78d33) sub     s10, a5, s11
core   0: 3 0x80006858 (0x41b78d33) x26 0xffffefff
core   0: 0x8000685c (0xea83a523) sw      s0, -342(t2)
core   0: 3 0x8000685c (0xea83a523) mem 0x80015c48 0x0000001e
core   0: 0x80006860 (0x0000f497) auipc   s1, 0xf
core   0: 3 0x80006860 (0x0000f497) x 9 0x80015860
core   0: 0x80006864 (0x3e348493) addi    s1, s1, 995
core   0: 3 0x80006864 (0x3e348493) x 9 0x80015c43
core   0: 0x80006868 (0xfe349783) lh      a5, -29(s1)
core   0: 3 0x80006868 (0xfe349783) x15 0xffffdcdd mem 0x80015c26
core   0: 0x8000686c (0x0b24c503) lbu     a0, 178(s1)
core   0: 3 0x8000686c (0x0b24c503) x10 0x000000ae mem 0x80015cf5
core   0: 0x80006870 (0x00a52333) slt     t1, a0, a0
core   0: 3 0x80006870 (0x00a52333) x 6 0x00000000
core   0: 0x80006874 (0xf4c4c303) lbu     t1, -180(s1)
core   0: 3 0x80006874 (0xf4c4c303) x 6 0x00000044 mem 0x80015b8f
core   0: 0x80006878 (0xf2c48623) sb      a2, -212(s1)
core   0: 3 0x80006878 (0xf2c48623) mem 0x80015b6f 0xa4
core   0: 0x8000687c (0x01b99633) sll     a2, s3, s11
core   0: 3 0x8000687c (0x01b99633) x12 0x00055cc8
core   0: 0x80006880 (0xfaf485a3) sb      a5, -85(s1)
core   0: 3 0x80006880 (0xfaf485a3) mem 0x80015bee 0xdd
core   0: 0x80006884 (0xf144cd03) lbu     s10, -236(s1)
core   0: 3 0x80006884 (0xf144cd03) x26 0x0000000c mem 0x80015b57
core   0: 0x80006888 (0x0000100f) fence.i
core   0: 3 0x80006888 (0x0000100f)
core   0: 0x8000688c (0x02f49d03) lh      s10, 47(s1)
core   0: 3 0x8000688c (0x02f49d03) x26 0x00002829 mem 0x80015c72
core   0: 0x80006890 (0x0015a0b3) slt     ra, a1, ra
core   0: 3 0x80006890 (0x0015a0b3) x 1 0x00000001
core   0: 0x80006894 (0xfe94d083) lhu     ra, -23(s1)
core   0: 3 0x80006894 (0xfe94d083) x 1 0x0000e600 mem 0x80015c2c
core   0: 0x80006898 (0x0c94d283) lhu     t0, 201(s1)
core   0: 3 0x80006898 (0x0c94d283) x 5 0x0000c63c mem 0x80015d0c
core   0: 0x8000689c (0x0234c083) lbu     ra, 35(s1)
core   0: 3 0x8000689c (0x0234c083) x 1 0x0000001d mem 0x80015c66
core   0: 0x800068a0 (0x0724c883) lbu     a7, 114(s1)
core   0: 3 0x800068a0 (0x0724c883) x17 0x0000005e mem 0x80015cb5
core   0: 0x800068a4 (0xf2248083) lb      ra, -222(s1)
core   0: 3 0x800068a4 (0xf2248083) x 1 0x0000001e mem 0x80015b65
core   0: 0x800068a8 (0x0c148583) lb      a1, 193(s1)
core   0: 3 0x800068a8 (0x0c148583) x11 0xffffffbf mem 0x80015d04
core   0: 0x800068ac (0x00fb4733) xor     a4, s6, a5
core   0: 3 0x800068ac (0x00fb4733) x14 0x77776b65
core   0: 0x800068b0 (0xbab3a013) slti    zero, t2, -1109
core   0: 3 0x800068b0 (0xbab3a013)
core   0: 0x800068b4 (0xf344c583) lbu     a1, -204(s1)
core   0: 3 0x800068b4 (0xf344c583) x11 0x0000002c mem 0x80015b77
core   0: 0x800068b8 (0x07a48e83) lb      t4, 122(s1)
core   0: 3 0x800068b8 (0x07a48e83) x29 0x00000076 mem 0x80015cbd
core   0: 0x800068bc (0x01e86cb3) or      s9, a6, t5
core   0: 3 0x800068bc (0x01e86cb3) x25 0x6bdaa85d
core   0: 0x800068c0 (0xf734aea3) sw      s3, -131(s1)
core   0: 3 0x800068c0 (0xf734aea3) mem 0x80015bc0 0x8002ae64
core   0: 0x800068c4 (0x40c80b33) sub     s6, a6, a2
core   0: 3 0x800068c4 (0x40c80b33) x22 0x63854b50
core   0: 0x800068c8 (0x6966b793) sltiu   a5, a3, 1686
core   0: 3 0x800068c8 (0x6966b793) x15 0x00000000
core   0: 0x800068cc (0x001b02b3) add     t0, s6, ra
core   0: 3 0x800068cc (0x001b02b3) x 5 0x63854b6e
core   0: 0x800068d0 (0x41245d13) srai    s10, s0, 18
core   0: 3 0x800068d0 (0x41245d13) x26 0x00000000
core   0: 0x800068d4 (0x010f43b3) xor     t2, t5, a6
core   0: 3 0x800068d4 (0x010f43b3) x 7 0x4ad02855
core   0: 0x800068d8 (0x365db313) sltiu   t1, s11, 869
core   0: 3 0x800068d8 (0x365db313) x 6 0x00000001
core   0: 0x800068dc (0xfb149803) lh      a6, -79(s1)
core   0: 3 0x800068dc (0xfb149803) x16 0xffffaeaf mem 0x80015bf4
core   0: 0x800068e0 (0x01f07233) and     tp, zero, t6
core   0: 3 0x800068e0 (0x01f07233) x 4 0x00000000
core   0: 0x800068e4 (0x67469b97) auipc   s7, 0x67469
core   0: 3 0x800068e4 (0x67469b97) x23 0xe746f8e4
core   0: 0x800068e8 (0xf8148923) sb      ra, -110(s1)
core   0: 3 0x800068e8 (0xf8148923) mem 0x80015bd5 0x1e
core   0: 0x800068ec (0xec68ae13) slti    t3, a7, -314
core   0: 3 0x800068ec (0xec68ae13) x28 0x00000000
core   0: 0x800068f0 (0x0aac2537) lui     a0, 0xaac2
core   0: 3 0x800068f0 (0x0aac2537) x10 0x0aac2000
core   0: 0x800068f4 (0x0584cc83) lbu     s9, 88(s1)
core   0: 3 0x800068f4 (0x0584cc83) x25 0x00000000 mem 0x80015c9b
core   0: 0x800068f8 (0x0244a6a3) sw      tp, 45(s1)
core   0: 3 0x800068f8 (0x0244a6a3) mem 0x80015c70 0x00000000
core   0: 0x800068fc (0x08648b23) sb      t1, 150(s1)
core   0: 3 0x800068fc (0x08648b23) mem 0x80015cd9 0x1
core   0: 0x80006900 (0x0e048903) lb      s2, 224(s1)
core   0: 3 0x80006900 (0x0e048903) x18 0xffffffd8 mem 0x80015d23
core   0: 0x80006904 (0x00018d97) auipc   s11, 0x18
core   0: 3 0x80006904 (0x00018d97) x27 0x8001e904
core   0: 0x80006908 (0x69fd8d93) addi    s11, s11, 1695
core   0: 3 0x80006908 (0x69fd8d93) x27 0x8001efa3
core   0: 0x8000690c (0xb8b9b793) sltiu   a5, s3, -1141
core   0: 3 0x8000690c (0xb8b9b793) x15 0x00000001
core   0: 0x80006910 (0x04bffc93) andi    s9, t6, 75
core   0: 3 0x80006910 (0x04bffc93) x25 0x00000040
core   0: 0x80006914 (0x770dcb83) lbu     s7, 1904(s11)
core   0: 3 0x80006914 (0x770dcb83) x23 0x000000c8 mem 0x8001f713
core   0: 0x80006918 (0x765d8823) sb      t0, 1904(s11)
core   0: 3 0x80006918 (0x765d8823) mem 0x8001f713 0x6e
core   0: 0x8000691c (0x0d3d8023) sb      s3, 192(s11)
core   0: 3 0x8000691c (0x0d3d8023) mem 0x8001f063 0x64
core   0: 0x80006920 (0x0c0dc603) lbu     a2, 192(s11)
core   0: 3 0x80006920 (0x0c0dc603) x12 0x00000064 mem 0x8001f063
core   0: 0x80006924 (0x8c08f213) andi    tp, a7, -1856
core   0: 3 0x80006924 (0x8c08f213) x 4 0x00000040
core   0: 0x80006928 (0x3d0d8083) lb      ra, 976(s11)
core   0: 3 0x80006928 (0x3d0d8083) x 1 0x00000028 mem 0x8001f373
core   0: 0x8000692c (0x8dbe0713) addi    a4, t3, -1829
core   0: 3 0x8000692c (0x8dbe0713) x14 0xfffff8db
core   0: 0x80006930 (0x3c4d8823) sb      tp, 976(s11)
core   0: 3 0x80006930 (0x3c4d8823) mem 0x8001f373 0x40
core   0: 0x80006934 (0x403dd913) srai    s2, s11, 3
core   0: 3 0x80006934 (0x403dd913) x18 0xf0003df4
core   0: 0x80006938 (0xabadc083) lbu     ra, -1350(s11)
core   0: 3 0x80006938 (0xabadc083) x 1 0x00000016 mem 0x8001ea5d
core   0: 0x8000693c (0xabadc883) lbu     a7, -1350(s11)
core   0: 3 0x8000693c (0xabadc883) x17 0x00000016 mem 0x8001ea5d
core   0: 0x80006940 (0xaa8d8d23) sb      s0, -1350(s11)
core   0: 3 0x80006940 (0xaa8d8d23) mem 0x8001ea5d 0x1e
core   0: 0x80006944 (0xceab3413) sltiu   s0, s6, -790
core   0: 3 0x80006944 (0xceab3413) x 8 0x00000001
core   0: 0x80006948 (0xaa4d8d23) sb      tp, -1350(s11)
core   0: 3 0x80006948 (0xaa4d8d23) mem 0x8001ea5d 0x40
core   0: 0x8000694c (0x00010e17) auipc   t3, 0x10
core   0: 3 0x8000694c (0x00010e17) x28 0x8001694c
core   0: 0x80006950 (0xfb2e0e13) addi    t3, t3, -78
core   0: 3 0x80006950 (0xfb2e0e13) x28 0x800168fe
core   0: 0x80006954 (0x0000f597) auipc   a1, 0xf
core   0: 3 0x80006954 (0x0000f597) x11 0x80015954
core   0: 0x80006958 (0x25f58593) addi    a1, a1, 607
core   0: 3 0x80006958 (0x25f58593) x11 0x80015bb3
core   0: 0x8000695c (0xf035c483) lbu     s1, -253(a1)
core   0: 3 0x8000695c (0xf035c483) x 9 0x0000006d mem 0x80015ab6
core   0: 0x80006960 (0x00ee0123) sb      a4, 2(t3)
core   0: 3 0x80006960 (0x00ee0123) mem 0x80016900 0xdb
core   0: 0x80006964 (0xff2e0823) sb      s2, -16(t3)
core   0: 3 0x80006964 (0xff2e0823) mem 0x800168ee 0xf4
core   0: 0x80006968 (0xff3e4383) lbu     t2, -13(t3)
core   0: 3 0x80006968 (0xff3e4383) x 7 0x000000aa mem 0x800168f1
core   0: 0x8000696c (0xfa85c903) lbu     s2, -88(a1)
core   0: 3 0x8000696c (0xfa85c903) x18 0x00000010 mem 0x80015b5b
core   0: 0x80006970 (0x001e0303) lb      t1, 1(t3)
core   0: 3 0x80006970 (0x001e0303) x 6 0xffffffb4 mem 0x800168ff
core   0: 0x80006974 (0xf3a58323) sb      s10, -218(a1)
core   0: 3 0x80006974 (0xf3a58323) mem 0x80015ad9 0x0
core   0: 0x80006978 (0x06e5cb83) lbu     s7, 110(a1)
core   0: 3 0x80006978 (0x06e5cb83) x23 0x000000da mem 0x80015c21
core   0: 0x8000697c (0x001e0203) lb      tp, 1(t3)
core   0: 3 0x8000697c (0x001e0203) x 4 0xffffffb4 mem 0x800168ff
core   0: 0x80006980 (0xf445c903) lbu     s2, -188(a1)
core   0: 3 0x80006980 (0xf445c903) x18 0x000000ac mem 0x80015af7
core   0: 0x80006984 (0xf2758a03) lb      s4, -217(a1)
core   0: 3 0x80006984 (0xf2758a03) x20 0xffffff91 mem 0x80015ada
core   0: 0x80006988 (0xff2e4f03) lbu     t5, -14(t3)
core   0: 3 0x80006988 (0xff2e4f03) x30 0x000000ab mem 0x800168f0
core   0: 0x8000698c (0x0000f217) auipc   tp, 0xf
core   0: 3 0x8000698c (0x0000f217) x 4 0x8001598c
core   0: 0x80006990 (0x60620213) addi    tp, tp, 1542
core   0: 3 0x80006990 (0x60620213) x 4 0x80015f92
core   0: 0x80006994 (0x04221a03) lh      s4, 66(tp)
core   0: 3 0x80006994 (0x04221a03) x20 0xffff8e8f mem 0x80015fd4
core   0: 0x80006998 (0x04120123) sb      ra, 66(tp)
core   0: 3 0x80006998 (0x04120123) mem 0x80015fd4 0x16
core   0: 0x8000699c (0x4eb2c293) xori    t0, t0, 1259
core   0: 3 0x8000699c (0x4eb2c293) x 5 0x63854f85
core   0: 0x800069a0 (0x04220783) lb      a5, 66(tp)
core   0: 3 0x800069a0 (0x04220783) x15 0x00000016 mem 0x80015fd4
core   0: 0x800069a4 (0x00556e33) or      t3, a0, t0
core   0: 3 0x800069a4 (0x00556e33) x28 0x6bad6f85
core   0: 0x800069a8 (0xf9520583) lb      a1, -107(tp)
core   0: 3 0x800069a8 (0xf9520583) x11 0xffffffdc mem 0x80015f27
core   0: 0x800069ac (0xf9524503) lbu     a0, -107(tp)
core   0: 3 0x800069ac (0xf9524503) x10 0x000000dc mem 0x80015f27
core   0: 0x800069b0 (0xf6120b83) lb      s7, -159(tp)
core   0: 3 0x800069b0 (0xf6120b83) x23 0xffffffa8 mem 0x80015ef3
core   0: 0x800069b4 (0x014d77b3) and     a5, s10, s4
core   0: 3 0x800069b4 (0x014d77b3) x15 0x00000000
core   0: 0x800069b8 (0xf0724d83) lbu     s11, -249(tp)
core   0: 3 0x800069b8 (0xf0724d83) x27 0x00000052 mem 0x80015e99
core   0: 0x800069bc (0xf17203a3) sb      s7, -249(tp)
core   0: 3 0x800069bc (0xf17203a3) mem 0x80015e99 0xa8
core   0: 0x800069c0 (0x0ff0000f) fence   iorw,iorw
core   0: 3 0x800069c0 (0x0ff0000f)
core   0: 0x800069c4 (0xf18203a3) sb      s8, -249(tp)
core   0: 3 0x800069c4 (0xf18203a3) mem 0x80015e99 0x53
core   0: 0x800069c8 (0xf0720a03) lb      s4, -249(tp)
core   0: 3 0x800069c8 (0xf0720a03) x20 0x00000053 mem 0x80015e99
core   0: 0x800069cc (0xf13203a3) sb      s3, -249(tp)
core   0: 3 0x800069cc (0xf13203a3) mem 0x80015e99 0x64
core   0: 0x800069d0 (0xf0720e03) lb      t3, -249(tp)
core   0: 3 0x800069d0 (0xf0720e03) x28 0x00000064 mem 0x80015e99
core   0: 0x800069d4 (0x00679593) slli    a1, a5, 6
core   0: 3 0x800069d4 (0x00679593) x11 0x00000000
core   0: 0x800069d8 (0xf2824003) lbu     zero, -216(tp)
core   0: 3 0x800069d8 (0xf2824003) mem 0x80015eba
core   0: 0x800069dc (0x0000f717) auipc   a4, 0xf
core   0: 3 0x800069dc (0x0000f717) x14 0x800159dc
core   0: 0x800069e0 (0xff770713) addi    a4, a4, -9
core   0: 3 0x800069e0 (0xff770713) x14 0x800159d3
core   0: 0x800069e4 (0xd60eed13) ori     s10, t4, -672
core   0: 3 0x800069e4 (0xd60eed13) x26 0xfffffd76
core   0: 0x800069e8 (0x9d172583) lw      a1, -1583(a4)
core   0: 3 0x800069e8 (0x9d172583) x11 0x5c005e5f mem 0x800153a4
core   0: 0x800069ec (0xd4470883) lb      a7, -700(a4)
core   0: 3 0x800069ec (0xd4470883) x17 0xffffffcc mem 0x80015717
core   0: 0x800069f0 (0xe9a705a3) sb      s10, -373(a4)
core   0: 3 0x800069f0 (0xe9a705a3) mem 0x8001585e 0x76
core   0: 0x800069f4 (0x49e70283) lb      t0, 1182(a4)
core   0: 3 0x800069f4 (0x49e70283) x 5 0x00000000 mem 0x80015e71
core   0: 0x800069f8 (0x5becea13) ori     s4, s9, 1470
core   0: 3 0x800069f8 (0x5becea13) x20 0x000005fe
core   0: 0x800069fc (0x126b7293) andi    t0, s6, 294
core   0: 3 0x800069fc (0x126b7293) x 5 0x00000100
core   0: 0x80006a00 (0x41925233) sra     tp, tp, s9
core   0: 3 0x80006a00 (0x41925233) x 4 0x80015f92
core   0: 0x80006a04 (0xeb470e23) sb      s4, -324(a4)
core   0: 3 0x80006a04 (0xeb470e23) mem 0x8001588f 0xfe
core   0: 0x80006a08 (0x41b981b3) sub     gp, s3, s11
core   0: 3 0x80006a08 (0x41b981b3) x 3 0x8002ae12
core   0: 0x80006a0c (0xd8270723) sb      sp, -626(a4)
core   0: 3 0x80006a0c (0xd8270723) mem 0x80015761 0xe4
core   0: 0x80006a10 (0xef670503) lb      a0, -266(a4)
core   0: 3 0x80006a10 (0xef670503) x10 0xffffff82 mem 0x800158c9
core   0: 0x80006a14 (0x38d75783) lhu     a5, 909(a4)
core   0: 3 0x80006a14 (0x38d75783) x15 0x00001a1b mem 0x80015d60
core   0: 0x80006a18 (0x2cb17397) auipc   t2, 0x2cb17
core   0: 3 0x80006a18 (0x2cb17397) x 7 0xacb1da18
core   0: 0x80006a1c (0x38d75d83) lhu     s11, 909(a4)
core   0: 3 0x80006a1c (0x38d75d83) x27 0x00001a1b mem 0x80015d60
core   0: 0x80006a20 (0xb0a72aa3) sw      a0, -1259(a4)
core   0: 3 0x80006a20 (0xb0a72aa3) mem 0x800154e8 0xffffff82
core   0: 0x80006a24 (0x95b71f03) lh      t5, -1701(a4)
core   0: 3 0x80006a24 (0x95b71f03) x30 0x000078e5 mem 0x8001532e
core   0: 0x80006a28 (0x9b372ca3) sw      s3, -1607(a4)
core   0: 3 0x80006a28 (0x9b372ca3) mem 0x8001538c 0x8002ae64
core   0: 0x80006a2c (0x00010f97) auipc   t6, 0x10
core   0: 3 0x80006a2c (0x00010f97) x31 0x80016a2c
core   0: 0x80006a30 (0x969f8f93) addi    t6, t6, -1687
core   0: 3 0x80006a30 (0x969f8f93) x31 0x80016395
core   0: 0x80006a34 (0xe98f9aa3) sh      s8, -363(t6)
core   0: 3 0x80006a34 (0xe98f9aa3) mem 0x8001622a 0x0053
core   0: 0x80006a38 (0x395fcc83) lbu     s9, 917(t6)
core   0: 3 0x80006a38 (0x395fcc83) x25 0x000000e1 mem 0x8001672a
core   0: 0x80006a3c (0x4c6f8603) lb      a2, 1222(t6)
core   0: 3 0x80006a3c (0x4c6f8603) x12 0x00000010 mem 0x8001685b
core   0: 0x80006a40 (0x3e52aa93) slti    s5, t0, 997
core   0: 3 0x80006a40 (0x3e52aa93) x21 0x00000001
core   0: 0x80006a44 (0x8c215b97) auipc   s7, 0x8c215
core   0: 3 0x80006a44 (0x8c215b97) x23 0x0c21ba44
core   0: 0x80006a48 (0xfe0f8a23) sb      zero, -12(t6)
core   0: 3 0x80006a48 (0xfe0f8a23) mem 0x80016389 0x0
core   0: 0x80006a4c (0x00279293) slli    t0, a5, 2
core   0: 3 0x80006a4c (0x00279293) x 5 0x0000686c
core   0: 0x80006a50 (0xcdbfab03) lw      s6, -805(t6)
core   0: 3 0x80006a50 (0xcdbfab03) x22 0x28292a2b mem 0x80016070
core   0: 0x80006a54 (0x0000100f) fence.i
core   0: 3 0x80006a54 (0x0000100f)
core   0: 0x80006a58 (0x00e1fdb3) and     s11, gp, a4
core   0: 3 0x80006a58 (0x00e1fdb3) x27 0x80000812
core   0: 0x80006a5c (0x31afaba3) sw      s10, 791(t6)
core   0: 3 0x80006a5c (0x31afaba3) mem 0x800166ac 0xfffffd76
core   0: 0x80006a60 (0x00379833) sll     a6, a5, gp
core   0: 3 0x80006a60 (0x00379833) x16 0x686c0000
core   0: 0x80006a64 (0x371fcd83) lbu     s11, 881(t6)
core   0: 3 0x80006a64 (0x371fcd83) x27 0x000000bd mem 0x80016706
core   0: 0x80006a68 (0x4067d713) srai    a4, a5, 6
core   0: 3 0x80006a68 (0x4067d713) x14 0x00000068
core   0: 0x80006a6c (0x08efcf03) lbu     t5, 142(t6)
core   0: 3 0x80006a6c (0x08efcf03) x30 0x000000ff mem 0x80016423
core   0: 0x80006a70 (0x6e9f8b83) lb      s7, 1769(t6)
core   0: 3 0x80006a70 (0x6e9f8b83) x23 0x00000035 mem 0x80016a7e
core   0: 0x80006a74 (0x23e12b93) slti    s7, sp, 574
core   0: 3 0x80006a74 (0x23e12b93) x23 0x00000001
core   0: 0x80006a78 (0xf54fc403) lbu     s0, -172(t6)
core   0: 3 0x80006a78 (0xf54fc403) x 8 0x000000a2 mem 0x800162e9
core   0: 0x80006a7c (0x46af8e83) lb      t4, 1130(t6)
core   0: 3 0x80006a7c (0x46af8e83) x29 0xffffffb4 mem 0x800167ff
core   0: 0x80006a80 (0x25df9b03) lh      s6, 605(t6)
core   0: 3 0x80006a80 (0x25df9b03) x22 0xffffa8a9 mem 0x800165f2
core   0: 0x80006a84 (0x1cafcc03) lbu     s8, 458(t6)
core   0: 3 0x80006a84 (0x1cafcc03) x24 0x00000014 mem 0x8001655f
core   0: 0x80006a88 (0x0ff0000f) fence   iorw,iorw
core   0: 3 0x80006a88 (0x0ff0000f)
core   0: 0x80006a8c (0x40e6d1b3) sra     gp, a3, a4
core   0: 3 0x80006a8c (0x40e6d1b3) x 3 0xff800000
core   0: 0x80006a90 (0x773fa303) lw      t1, 1907(t6)
core   0: 3 0x80006a90 (0x773fa303) x 6 0xc0c1c2c3 mem 0x80016b08
core   0: 0x80006a94 (0xe20bb793) sltiu   a5, s7, -480
core   0: 3 0x80006a94 (0xe20bb793) x15 0x00000001
core   0: 0x80006a98 (0x00000013) nop
core   0: 3 0x80006a98 (0x00000013)
core   0: 0x80006a9c (0x5a8fce03) lbu     t3, 1448(t6)
core   0: 3 0x80006a9c (0x5a8fce03) x28 0x000000f6 mem 0x8001693d
core   0: 0x80006aa0 (0x569fd483) lhu     s1, 1385(t6)
core   0: 3 0x80006aa0 (0x569fd483) x 9 0x0000b4b5 mem 0x800168fe
core   0: 0x80006aa4 (0xccafc003) lbu     zero, -822(t6)
core   0: 3 0x80006aa4 (0xccafc003) mem 0x8001605f
core   0: 0x80006aa8 (0x017fd933) srl     s2, t6, s7
core   0: 3 0x80006aa8 (0x017fd933) x18 0x4000b1ca
core   0: 0x80006aac (0x054faba3) sw      s4, 87(t6)
core   0: 3 0x80006aac (0x054faba3) mem 0x800163ec 0x000005fe
core   0: 0x80006ab0 (0x3d5f9d83) lh      s11, 981(t6)
core   0: 3 0x80006ab0 (0x3d5f9d83) x27 0x00002021 mem 0x8001676a
core   0: 0x80006ab4 (0x41e581b3) sub     gp, a1, t5
core   0: 3 0x80006ab4 (0x41e581b3) x 3 0x5c005d60
core   0: 0x80006ab8 (0x0000100f) fence.i
core   0: 3 0x80006ab8 (0x0000100f)
core   0: 0x80006abc (0x6c0fca83) lbu     s5, 1728(t6)
core   0: 3 0x80006abc (0x6c0fca83) x21 0x0000000e mem 0x80016a55
core   0: 0x80006ac0 (0x017fdd13) srli    s10, t6, 23
core   0: 3 0x80006ac0 (0x017fdd13) x26 0x00000100
core   0: 0x80006ac4 (0xef59ee93) ori     t4, s3, -267
core   0: 3 0x80006ac4 (0xef59ee93) x29 0xfffffef5
core   0: 0x80006ac8 (0x013951b3) srl     gp, s2, s3
core   0: 3 0x80006ac8 (0x013951b3) x 3 0x04000b1c
core   0: 0x80006acc (0xb02cd537) lui     a0, 0xb02cd
core   0: 3 0x80006acc (0xb02cd537) x10 0xb02cd000
core   0: 0x80006ad0 (0xea3f8b83) lb      s7, -349(t6)
core   0: 3 0x80006ad0 (0xea3f8b83) x23 0xfffffff3 mem 0x80016238
core   0: 0x80006ad4 (0x71cf8223) sb      t3, 1796(t6)
core   0: 3 0x80006ad4 (0x71cf8223) mem 0x80016a99 0xf6
core   0: 0x80006ad8 (0x79df9783) lh      a5, 1949(t6)
core   0: 3 0x80006ad8 (0x79df9783) x15 0xffffe8e9 mem 0x80016b32
core   0: 0x80006adc (0xdd6f8c83) lb      s9, -554(t6)
core   0: 3 0x80006adc (0xdd6f8c83) x25 0x00000020 mem 0x8001616b
core   0: 0x80006ae0 (0xf6bfde83) lhu     t4, -149(t6)
core   0: 3 0x80006ae0 (0xf6bfde83) x29 0x0000babb mem 0x80016300
core   0: 0x80006ae4 (0x4a7f8a23) sb      t2, 1204(t6)
core   0: 3 0x80006ae4 (0x4a7f8a23) mem 0x80016849 0x18
core   0: 0x80006ae8 (0x4a3fa803) lw      a6, 1187(t6)
core   0: 3 0x80006ae8 (0x4a3fa803) x16 0xf0f1f2f3 mem 0x80016838
core   0: 0x80006aec (0x7b7faa83) lw      s5, 1975(t6)
core   0: 3 0x80006aec (0x7b7faa83) x21 0x04050607 mem 0x80016b4c
core   0: 0x80006af0 (0x0000e617) auipc   a2, 0xe
core   0: 3 0x80006af0 (0x0000e617) x12 0x80014af0
core   0: 0x80006af4 (0x5ee60613) addi    a2, a2, 1518
core   0: 3 0x80006af4 (0x5ee60613) x12 0x800150de
core   0: 0x80006af8 (0xf7d608a3) sb      t4, -143(a2)
core   0: 3 0x80006af8 (0xf7d608a3) mem 0x8001504f 0xbb
core   0: 0x80006afc (0x00000013) nop
core   0: 3 0x80006afc (0x00000013)
core   0: 0x80006b00 (0xf7164c83) lbu     s9, -143(a2)
core   0: 3 0x80006b00 (0xf7164c83) x25 0x000000bb mem 0x8001504f
core   0: 0x80006b04 (0x018d93b3) sll     t2, s11, s8
core   0: 3 0x80006b04 (0x018d93b3) x 7 0x02100000
core   0: 0x80006b08 (0xf7164203) lbu     tp, -143(a2)
core   0: 3 0x80006b08 (0xf7164203) x 4 0x000000bb mem 0x8001504f
core   0: 0x80006b0c (0xb2c77497) auipc   s1, 0xb2c77
core   0: 3 0x80006b0c (0xb2c77497) x 9 0x32c7db0c
core   0: 0x80006b10 (0x002b74b3) and     s1, s6, sp
core   0: 3 0x80006b10 (0x002b74b3) x 9 0x8002a8a0
core   0: 0x80006b14 (0xf7164383) lbu     t2, -143(a2)
core   0: 3 0x80006b14 (0xf7164383) x 7 0x000000bb mem 0x8001504f
core   0: 0x80006b18 (0x008d62b3) or      t0, s10, s0
core   0: 3 0x80006b18 (0x008d62b3) x 5 0x000001a2
core   0: 0x80006b1c (0xfc3602a3) sb      gp, -59(a2)
core   0: 3 0x80006b1c (0xfc3602a3) mem 0x800150a3 0x1c
core   0: 0x80006b20 (0xfc560183) lb      gp, -59(a2)
core   0: 3 0x80006b20 (0xfc560183) x 3 0x0000001c mem 0x800150a3
core   0: 0x80006b24 (0xc0974913) xori    s2, a4, -1015
core   0: 3 0x80006b24 (0xc0974913) x18 0xfffffc61
core   0: 0x80006b28 (0xfc560a03) lb      s4, -59(a2)
core   0: 3 0x80006b28 (0xfc560a03) x20 0x0000001c mem 0x800150a3
core   0: 0x80006b2c (0x02265583) lhu     a1, 34(a2)
core   0: 3 0x80006b2c (0x02265583) x11 0x0000babb mem 0x80015100
core   0: 0x80006b30 (0x03364883) lbu     a7, 51(a2)
core   0: 3 0x80006b30 (0x03364883) x17 0x000000ca mem 0x80015111
core   0: 0x80006b34 (0x037609a3) sb      s7, 51(a2)
core   0: 3 0x80006b34 (0x037609a3) mem 0x80015111 0xf3
core   0: 0x80006b38 (0x0001e097) auipc   ra, 0x1e
core   0: 3 0x80006b38 (0x0001e097) x 1 0x80024b38
core   0: 0x80006b3c (0x2ba08093) addi    ra, ra, 698
core   0: 3 0x80006b3c (0x2ba08093) x 1 0x80024df2
core   0: 0x80006b40 (0x75409003) lh      zero, 1876(ra)
core   0: 3 0x80006b40 (0x75409003) mem 0x80025546
core   0: 0x80006b44 (0x0006da93) srli    s5, a3, 0
core   0: 3 0x80006b44 (0x0006da93) x21 0x80000000
core   0: 0x80006b48 (0x5f10c783) lbu     a5, 1521(ra)
core   0: 3 0x80006b48 (0x5f10c783) x15 0x00000098 mem 0x800253e3
core   0: 0x80006b4c (0x1a80cf03) lbu     t5, 424(ra)
core   0: 3 0x80006b4c (0x1a80cf03) x30 0x00000051 mem 0x80024f9a
core   0: 0x80006b50 (0xaee0a803) lw      a6, -1298(ra)
core   0: 3 0x80006b50 (0xaee0a803) x16 0x98999a9b mem 0x800248e0
core   0: 0x80006b54 (0x0500da83) lhu     s5, 80(ra)
core   0: 3 0x80006b54 (0x0500da83) x21 0x0000f8f9 mem 0x80024e42
core   0: 0x80006b58 (0x9960de03) lhu     t3, -1642(ra)
core   0: 3 0x80006b58 (0x9960de03) x28 0x00004243 mem 0x80024788
core   0: 0x80006b5c (0x005e6b33) or      s6, t3, t0
core   0: 3 0x80006b5c (0x005e6b33) x22 0x000043e3
core   0: 0x80006b60 (0x16a3b913) sltiu   s2, t2, 362
core   0: 3 0x80006b60 (0x16a3b913) x18 0x00000001
core   0: 0x80006b64 (0x00a61a13) slli    s4, a2, 10
core   0: 3 0x80006b64 (0x00a61a13) x20 0x05437800
core   0: 0x80006b68 (0xa3b58513) addi    a0, a1, -1477
core   0: 3 0x80006b68 (0xa3b58513) x10 0x0000b4f6
core   0: 0x80006b6c (0x00906933) or      s2, zero, s1
core   0: 3 0x80006b6c (0x00906933) x18 0x8002a8a0
core   0: 0x80006b70 (0x41735633) sra     a2, t1, s7
core   0: 3 0x80006b70 (0x41735633) x12 0xfffff818
core   0: 0x80006b74 (0xa700c603) lbu     a2, -1424(ra)
core   0: 3 0x80006b74 (0xa700c603) x12 0x00000019 mem 0x80024862
core   0: 0x80006b78 (0x4c6e2193) slti    gp, t3, 1222
core   0: 3 0x80006b78 (0x4c6e2193) x 3 0x00000000
core   0: 0x80006b7c (0x86b96013) ori     zero, s2, -1941
core   0: 3 0x80006b7c (0x86b96013)
core   0: 0x80006b80 (0xc520f813) andi    a6, ra, -942
core   0: 3 0x80006b80 (0xc520f813) x16 0x80024c52
core   0: 0x80006b84 (0x326aa513) slti    a0, s5, 806
core   0: 3 0x80006b84 (0x326aa513) x10 0x00000000
core   0: 0x80006b88 (0x01f7f033) and     zero, a5, t6
core   0: 3 0x80006b88 (0x01f7f033)
core   0: 0x80006b8c (0x01adec33) or      s8, s11, s10
core   0: 3 0x80006b8c (0x01adec33) x24 0x00002121
core   0: 0x80006b90 (0x0031d333) srl     t1, gp, gp
core   0: 3 0x80006b90 (0x0031d333) x 6 0x00000000
core   0: 0x80006b94 (0x01c65e33) srl     t3, a2, t3
core   0: 3 0x80006b94 (0x01c65e33) x28 0x00000003
core   0: 0x80006b98 (0xb270cb83) lbu     s7, -1241(ra)
core   0: 3 0x80006b98 (0xb270cb83) x23 0x000000d2 mem 0x80024919
core   0: 0x80006b9c (0x86f0cc13) xori    s8, ra, -1937
core   0: 3 0x80006b9c (0x86f0cc13) x24 0x7ffdb59d
core   0: 0x80006ba0 (0xd618c213) xori    tp, a7, -671
core   0: 3 0x80006ba0 (0xd618c213) x 4 0xfffffdab
core   0: 0x80006ba4 (0xa2167d13) andi    s10, a2, -1503
core   0: 3 0x80006ba4 (0xa2167d13) x26 0x00000001
core   0: 0x80006ba8 (0x95108fa3) sb      a7, -1697(ra)
core   0: 3 0x80006ba8 (0x95108fa3) mem 0x80024751 0xca
core   0: 0x80006bac (0x2640de03) lhu     t3, 612(ra)
core   0: 3 0x80006bac (0x2640de03) x28 0x00000c0d mem 0x80025056
core   0: 0x80006bb0 (0xff909b23) sh      s9, -10(ra)
core   0: 3 0x80006bb0 (0xff909b23) mem 0x80024de8 0x00bb
core   0: 0x80006bb4 (0x005fc1b3) xor     gp, t6, t0
core   0: 3 0x80006bb4 (0x005fc1b3) x 3 0x80016237
core   0: 0x80006bb8 (0x4164fd13) andi    s10, s1, 1046
core   0: 3 0x80006bb8 (0x4164fd13) x26 0x00000000
core   0: 0x80006bbc (0x59926637) lui     a2, 0x59926
core   0: 3 0x80006bbc (0x59926637) x12 0x59926000
core   0: 0x80006bc0 (0x4069dd33) sra     s10, s3, t1
core   0: 3 0x80006bc0 (0x4069dd33) x26 0x8002ae64
core   0: 0x80006bc4 (0xa7d08503) lb      a0, -1411(ra)
core   0: 3 0x80006bc4 (0xa7d08503) x10 0x00000024 mem 0x8002486f
core   0: 0x80006bc8 (0xfef088a3) sb      a5, -15(ra)
core   0: 3 0x80006bc8 (0xfef088a3) mem 0x80024de3 0x98
core   0: 0x80006bcc (0x00011b97) auipc   s7, 0x11
core   0: 3 0x80006bcc (0x00011b97) x23 0x80017bcc
core   0: 0x80006bd0 (0x2dcb8b93) addi    s7, s7, 732
core   0: 3 0x80006bd0 (0x2dcb8b93) x23 0x80017ea8
core   0: 0x80006bd4 (0x0000fe97) auipc   t4, 0xf
core   0: 3 0x80006bd4 (0x0000fe97) x29 0x80015bd4
core   0: 0x80006bd8 (0xb71e8e93) addi    t4, t4, -1167
core   0: 3 0x80006bd8 (0xb71e8e93) x29 0x80015745
core   0: 0x80006bdc (0x010ec083) lbu     ra, 16(t4)
core   0: 3 0x80006bdc (0x010ec083) x 1 0x00000000 mem 0x80015755
core   0: 0x80006be0 (0x03abae23) sw      s10, 60(s7)
core   0: 3 0x80006be0 (0x03abae23) mem 0x80017ee4 0x8002ae64
core   0: 0x80006be4 (0xfb7b88a3) sb      s7, -79(s7)
core   0: 3 0x80006be4 (0xfb7b88a3) mem 0x80017e59 0xa8
core   0: 0x80006be8 (0xfffe9f83) lh      t6, -1(t4)
core   0: 3 0x80006be8 (0xfffe9f83) x31 0xfffffeff mem 0x80015744
core   0: 0x80006bec (0x09ebcb03) lbu     s6, 158(s7)
core   0: 3 0x80006bec (0x09ebcb03) x22 0x000000fd mem 0x80017f46
core   0: 0x80006bf0 (0x016e82a3) sb      s6, 5(t4)
core   0: 3 0x80006bf0 (0x016e82a3) mem 0x8001574a 0xfd
core   0: 0x80006bf4 (0x086bd903) lhu     s2, 134(s7)
core   0: 3 0x80006bf4 (0x086bd903) x18 0x0000e4e5 mem 0x80017f2e
core   0: 0x80006bf8 (0xfe8e9da3) sh      s0, -5(t4)
core   0: 3 0x80006bf8 (0xfe8e9da3) mem 0x80015740 0x00a2
core   0: 0x80006bfc (0xf8bb8403) lb      s0, -117(s7)
core   0: 3 0x80006bfc (0xf8bb8403) x 8 0xffffffe8 mem 0x80017e33
core   0: 0x80006c00 (0xffbec903) lbu     s2, -5(t4)
core   0: 3 0x80006c00 (0xffbec903) x18 0x000000a2 mem 0x80015740
core   0: 0x80006c04 (0x003eae03) lw      t3, 3(t4)
core   0: 3 0x80006c04 (0x003eae03) x28 0x00fd0203 mem 0x80015748
core   0: 0x80006c08 (0xf0ebd403) lhu     s0, -242(s7)
core   0: 3 0x80006c08 (0xf0ebd403) x 8 0x00006c6d mem 0x80017db6
core   0: 0x80006c0c (0xf7fb8fa3) sb      t6, -129(s7)
core   0: 3 0x80006c0c (0xf7fb8fa3) mem 0x80017e27 0xff
core   0: 0x80006c10 (0xff0e89a3) sb      a6, -13(t4)
core   0: 3 0x80006c10 (0xff0e89a3) mem 0x80015738 0x52
core   0: 0x80006c14 (0x086b8a23) sb      t1, 148(s7)
core   0: 3 0x80006c14 (0x086b8a23) mem 0x80017f3c 0x0
core   0: 0x80006c18 (0x019e8523) sb      s9, 10(t4)
core   0: 3 0x80006c18 (0x019e8523) mem 0x8001574f 0xbb
core   0: 0x80006c1c (0xfe9e8b23) sb      s1, -10(t4)
core   0: 3 0x80006c1c (0xfe9e8b23) mem 0x8001573b 0xa0
core   0: 0x80006c20 (0xfb4bd003) lhu     zero, -76(s7)
core   0: 3 0x80006c20 (0xfb4bd003) mem 0x80017e5c
core   0: 0x80006c24 (0xffded383) lhu     t2, -3(t4)
core   0: 3 0x80006c24 (0xffded383) x 7 0x0000f8f9 mem 0x80015742
core   0: 0x80006c28 (0x0000fb97) auipc   s7, 0xf
core   0: 3 0x80006c28 (0x0000fb97) x23 0x80015c28
core   0: 0x80006c2c (0x263b8b93) addi    s7, s7, 611
core   0: 3 0x80006c2c (0x263b8b93) x23 0x80015e8b
core   0: 0x80006c30 (0xcbaba6a3) sw      s10, -851(s7)
core   0: 3 0x80006c30 (0xcbaba6a3) mem 0x80015b38 0x8002ae64
core   0: 0x80006c34 (0x00000013) nop
core   0: 3 0x80006c34 (0x00000013)
core   0: 0x80006c38 (0xb6cb8a83) lb      s5, -1172(s7)
core   0: 3 0x80006c38 (0xb6cb8a83) x21 0xffffffae mem 0x800159f7
core   0: 0x80006c3c (0xeb1b0213) addi    tp, s6, -335
core   0: 3 0x80006c3c (0xeb1b0213) x 4 0xffffffae
core   0: 0x80006c40 (0x00000013) nop
core   0: 3 0x80006c40 (0x00000013)
core   0: 0x80006c44 (0x8d9bce93) xori    t4, s7, -1831
core   0: 3 0x80006c44 (0x8d9bce93) x29 0x7ffea652
core   0: 0x80006c48 (0xbb05a737) lui     a4, 0xbb05a
core   0: 3 0x80006c48 (0xbb05a737) x14 0xbb05a000
core   0: 0x80006c4c (0x01381933) sll     s2, a6, s3
core   0: 3 0x80006c4c (0x01381933) x18 0x0024c520
core   0: 0x80006c50 (0x00b2f833) and     a6, t0, a1
core   0: 3 0x80006c50 (0x00b2f833) x16 0x000000a2
core   0: 0x80006c54 (0x0c8b8283) lb      t0, 200(s7)
core   0: 3 0x80006c54 (0x0c8b8283) x 5 0x00000008 mem 0x80015f53
core   0: 0x80006c58 (0x009ed2b3) srl     t0, t4, s1
core   0: 3 0x80006c58 (0x009ed2b3) x 5 0x7ffea652
core   0: 0x80006c5c (0x413dd913) srai    s2, s11, 19
core   0: 3 0x80006c5c (0x413dd913) x18 0x00000000
core   0: 0x80006c60 (0x41de0233) sub     tp, t3, t4
core   0: 3 0x80006c60 (0x41de0233) x 4 0x80fe5bb1
core   0: 0x80006c64 (0xb5bb85a3) sb      s11, -1205(s7)
core   0: 3 0x80006c64 (0xb5bb85a3) mem 0x800159d6 0x21
core   0: 0x80006c68 (0xca1ba183) lw      gp, -863(s7)
core   0: 3 0x80006c68 (0xca1ba183) x 3 0x00e5e6e7 mem 0x80015b2c
core   0: 0x80006c6c (0xbd1b8283) lb      t0, -1071(s7)
core   0: 3 0x80006c6c (0xbd1b8283) x 5 0x00000017 mem 0x80015a5c
core   0: 0x80006c70 (0xac21fa13) andi    s4, gp, -1342
core   0: 3 0x80006c70 (0xac21fa13) x20 0x00e5e2c2
core   0: 0x80006c74 (0x00177333) and     t1, a4, ra
core   0: 3 0x80006c74 (0x00177333) x 6 0x00000000
core   0: 0x80006c78 (0xf36b8383) lb      t2, -202(s7)
core   0: 3 0x80006c78 (0xf36b8383) x 7 0x0000007a mem 0x80015dc1
core   0: 0x80006c7c (0xe67b8aa3) sb      t2, -395(s7)
core   0: 3 0x80006c7c (0xe67b8aa3) mem 0x80015d00 0x7a
core   0: 0x80006c80 (0x79acb317) auipc   t1, 0x79acb
core   0: 3 0x80006c80 (0x79acb317) x 6 0xf9ad1c80
core   0: 0x80006c84 (0x2d832e17) auipc   t3, 0x2d832
core   0: 3 0x80006c84 (0x2d832e17) x28 0xad838c84
core   0: 0x80006c88 (0x802bca03) lbu     s4, -2046(s7)
core   0: 3 0x80006c88 (0x802bca03) x20 0x00000046 mem 0x8001568d
core   0: 0x80006c8c (0x00ad58b3) srl     a7, s10, a0
core   0: 3 0x80006c8c (0x00ad58b3) x17 0x08002ae6
core   0: 0x80006c90 (0xccdb8523) sb      a3, -822(s7)
core   0: 3 0x80006c90 (0xccdb8523) mem 0x80015b55 0x0
core   0: 0x80006c94 (0x41975d37) lui     s10, 0x41975
core   0: 3 0x80006c94 (0x41975d37) x26 0x41975000
core   0: 0x80006c98 (0xe3cb8383) lb      t2, -452(s7)
core   0: 3 0x80006c98 (0xe3cb8383) x 7 0x0000007c mem 0x80015cc7
core   0: 0x80006c9c (0x00877c33) and     s8, a4, s0
core   0: 3 0x80006c9c (0x00877c33) x24 0x00002000
core   0: 0x80006ca0 (0x179b9703) lh      a4, 377(s7)
core   0: 3 0x80006ca0 (0x179b9703) x14 0xffffbebf mem 0x80016004
core   0: 0x80006ca4 (0xfacbce03) lbu     t3, -84(s7)
core   0: 3 0x80006ca4 (0xfacbce03) x28 0x000000ec mem 0x80015e37
core   0: 0x80006ca8 (0x00000013) nop
core   0: 3 0x80006ca8 (0x00000013)
core   0: 0x80006cac (0x00241eb3) sll     t4, s0, sp
core   0: 3 0x80006cac (0x00241eb3) x29 0x0006c6d0
core   0: 0x80006cb0 (0x00000013) nop
core   0: 3 0x80006cb0 (0x00000013)
core   0: 0x80006cb4 (0x41d5d833) sra     a6, a1, t4
core   0: 3 0x80006cb4 (0x41d5d833) x16 0x00000000
core   0: 0x80006cb8 (0x003000b3) add     ra, zero, gp
core   0: 3 0x80006cb8 (0x003000b3) x 1 0x00e5e6e7
core   0: 0x80006cbc (0x2c0a3617) auipc   a2, 0x2c0a3
core   0: 3 0x80006cbc (0x2c0a3617) x12 0xac0a9cbc
core   0: 0x80006cc0 (0x013398b3) sll     a7, t2, s3
core   0: 3 0x80006cc0 (0x013398b3) x17 0x000007c0
core   0: 0x80006cc4 (0x800b85a3) sb      zero, -2037(s7)
core   0: 3 0x80006cc4 (0x800b85a3) mem 0x80015696 0x0
core   0: 0x80006cc8 (0x0000f497) auipc   s1, 0xf
core   0: 3 0x80006cc8 (0x0000f497) x 9 0x80015cc8
core   0: 0x80006ccc (0x0c348493) addi    s1, s1, 195
core   0: 3 0x80006ccc (0x0c348493) x 9 0x80015d8b
core   0: 0x80006cd0 (0xabc48623) sb      t3, -1364(s1)
core   0: 3 0x80006cd0 (0xabc48623) mem 0x80015837 0xec
core   0: 0x80006cd4 (0x0001cc97) auipc   s9, 0x1c
core   0: 3 0x80006cd4 (0x0001cc97) x25 0x80022cd4
core   0: 0x80006cd8 (0xfefc8c93) addi    s9, s9, -17
core   0: 3 0x80006cd8 (0xfefc8c93) x25 0x80022cc3
core   0: 0x80006cdc (0x30bcc503) lbu     a0, 779(s9)
core   0: 3 0x80006cdc (0x30bcc503) x10 0x00000085 mem 0x80022fce
core   0: 0x80006ce0 (0x567c8503) lb      a0, 1383(s9)
core   0: 3 0x80006ce0 (0x567c8503) x10 0xffffffe1 mem 0x8002322a
core   0: 0x80006ce4 (0xa994cd83) lbu     s11, -1383(s1)
core   0: 3 0x80006ce4 (0xa994cd83) x27 0x00000000 mem 0x80015824
core   0: 0x80006ce8 (0x63fc9d03) lh      s10, 1599(s9)
core   0: 3 0x80006ce8 (0x63fc9d03) x26 0xffffb8b9 mem 0x80023302
core   0: 0x80006cec (0xf734ca03) lbu     s4, -141(s1)
core   0: 3 0x80006cec (0xf734ca03) x20 0x000000b5 mem 0x80015cfe
core   0: 0x80006cf0 (0x387c8523) sb      t2, 906(s9)
core   0: 3 0x80006cf0 (0x387c8523) mem 0x8002304d 0x7c
core   0: 0x80006cf4 (0x8aacc903) lbu     s2, -1878(s9)
core   0: 3 0x80006cf4 (0x8aacc903) x18 0x00000026 mem 0x8002256d
core   0: 0x80006cf8 (0x4bdcab03) lw      s6, 1213(s9)
core   0: 3 0x80006cf8 (0x4bdcab03) x22 0x38393a3b mem 0x80023180
core   0: 0x80006cfc (0x43ec83a3) sb      t5, 1063(s9)
core   0: 3 0x80006cfc (0x43ec83a3) mem 0x800230ea 0x51
core   0: 0x80006d00 (0x1de4c583) lbu     a1, 478(s1)
core   0: 3 0x80006d00 (0x1de4c583) x11 0x00000022 mem 0x80015f69
core   0: 0x80006d04 (0x731c8123) sb      a7, 1826(s9)
core   0: 3 0x80006d04 (0x731c8123) mem 0x800233e5 0xc0
core   0: 0x80006d08 (0xfd248aa3) sb      s2, -43(s1)
core   0: 3 0x80006d08 (0xfd248aa3) mem 0x80015d60 0x26
core   0: 0x80006d0c (0x11549da3) sh      s5, 283(s1)
core   0: 3 0x80006d0c (0x11549da3) mem 0x80015ea6 0xffae
core   0: 0x80006d10 (0xe44cc203) lbu     tp, -444(s9)
core   0: 3 0x80006d10 (0xe44cc203) x 4 0x000000bc mem 0x80022b07
core   0: 0x80006d14 (0x0000f897) auipc   a7, 0xf
core   0: 3 0x80006d14 (0x0000f897) x17 0x80015d14
core   0: 0x80006d18 (0xf6088893) addi    a7, a7, -160
core   0: 3 0x80006d18 (0xf6088893) x17 0x80015c74
core   0: 0x80006d1c (0xfe389423) sh      gp, -24(a7)
core   0: 3 0x80006d1c (0xfe389423) mem 0x80015c5c 0xe6e7
core   0: 0x80006d20 (0xfe88c903) lbu     s2, -24(a7)
core   0: 3 0x80006d20 (0xfe88c903) x18 0x000000e7 mem 0x80015c5c
core   0: 0x80006d24 (0x0268dd83) lhu     s11, 38(a7)
core   0: 3 0x80006d24 (0x0268dd83) x27 0x00000000 mem 0x80015c9a
core   0: 0x80006d28 (0xffd89723) sh      t4, -18(a7)
core   0: 3 0x80006d28 (0xffd89723) mem 0x80015c62 0xc6d0
core   0: 0x80006d2c (0x00d882a3) sb      a3, 5(a7)
core   0: 3 0x80006d2c (0x00d882a3) mem 0x80015c79 0x0
core   0: 0x80006d30 (0x016cd793) srli    a5, s9, 22
core   0: 3 0x80006d30 (0x016cd793) x15 0x00000200
core   0: 0x80006d34 (0x03a8c283) lbu     t0, 58(a7)
core   0: 3 0x80006d34 (0x03a8c283) x 5 0x00000065 mem 0x80015cae
core   0: 0x80006d38 (0x02288903) lb      s2, 34(a7)
core   0: 3 0x80006d38 (0x02288903) x18 0x0000004d mem 0x80015c96
core   0: 0x80006d3c (0xfc088283) lb      t0, -64(a7)
core   0: 3 0x80006d3c (0xfc088283) x 5 0xffffffef mem 0x80015c34
core   0: 0x80006d40 (0xfc08a283) lw      t0, -64(a7)
core   0: 3 0x80006d40 (0xfc08a283) x 5 0xecedeeef mem 0x80015c34
core   0: 0x80006d44 (0x03989123) sh      s9, 34(a7)
core   0: 3 0x80006d44 (0x03989123) mem 0x80015c96 0x2cc3
core   0: 0x80006d48 (0xfec89b83) lh      s7, -20(a7)
core   0: 3 0x80006d48 (0xfec89b83) x23 0x00001a1d mem 0x80015c60
core   0: 0x80006d4c (0xff78c383) lbu     t2, -9(a7)
core   0: 3 0x80006d4c (0xff78c383) x 7 0x00000020 mem 0x80015c6b
core   0: 0x80006d50 (0x011884a3) sb      a7, 9(a7)
core   0: 3 0x80006d50 (0x011884a3) mem 0x80015c7d 0x74
core   0: 0x80006d54 (0x00988383) lb      t2, 9(a7)
core   0: 3 0x80006d54 (0x00988383) x 7 0x00000074 mem 0x80015c7d
core   0: 0x80006d58 (0xfcf88523) sb      a5, -54(a7)
core   0: 3 0x80006d58 (0xfcf88523) mem 0x80015c3e 0x0
core   0: 0x80006d5c (0x00011c97) auipc   s9, 0x11
core   0: 3 0x80006d5c (0x00011c97) x25 0x80017d5c
core   0: 0x80006d60 (0x41bc8c93) addi    s9, s9, 1051
core   0: 3 0x80006d60 (0x41bc8c93) x25 0x80018177
core   0: 0x80006d64 (0xff0c8903) lb      s2, -16(s9)
core   0: 3 0x80006d64 (0xff0c8903) x18 0x0000001c mem 0x80018167
core   0: 0x80006d68 (0xffaccc03) lbu     s8, -6(s9)
core   0: 3 0x80006d68 (0xffaccc03) x24 0x0000002a mem 0x80018171
core   0: 0x80006d6c (0x00013897) auipc   a7, 0x13
core   0: 3 0x80006d6c (0x00013897) x17 0x80019d6c
core   0: 0x80006d70 (0x6b388893) addi    a7, a7, 1715
core   0: 3 0x80006d70 (0x6b388893) x17 0x8001a41f
core   0: 0x80006d74 (0xff7c8a23) sb      s7, -12(s9)
core   0: 3 0x80006d74 (0xff7c8a23) mem 0x8001816b 0x1d
core   0: 0x80006d78 (0x6d1893a3) sh      a7, 1735(a7)
core   0: 3 0x80006d78 (0x6d1893a3) mem 0x8001aae6 0xa41f
core   0: 0x80006d7c (0x018c8223) sb      s8, 4(s9)
core   0: 3 0x80006d7c (0x018c8223) mem 0x8001817b 0x2a
core   0: 0x80006d80 (0xffcc8d03) lb      s10, -4(s9)
core   0: 3 0x80006d80 (0xffcc8d03) x26 0x00000028 mem 0x80018173
core   0: 0x80006d84 (0x2fe8c303) lbu     t1, 766(a7)
core   0: 3 0x80006d84 (0x2fe8c303) x 6 0x000000d6 mem 0x8001a71d
core   0: 0x80006d88 (0x00ecca83) lbu     s5, 14(s9)
core   0: 3 0x80006d88 (0x00ecca83) x21 0x0000003e mem 0x80018185
core   0: 0x80006d8c (0x35189283) lh      t0, 849(a7)
core   0: 3 0x80006d8c (0x35189283) x 5 0x00002a2b mem 0x8001a770
core   0: 0x80006d90 (0x0bf89b03) lh      s6, 191(a7)
core   0: 3 0x80006d90 (0x0bf89b03) x22 0xffff9495 mem 0x8001a4de
core   0: 0x80006d94 (0xff8cca03) lbu     s4, -8(s9)
core   0: 3 0x80006d94 (0xff8cca03) x20 0x00000024 mem 0x8001816f
core   0: 0x80006d98 (0x0bf8de03) lhu     t3, 191(a7)
core   0: 3 0x80006d98 (0x0bf8de03) x28 0x00009495 mem 0x8001a4de
core   0: 0x80006d9c (0x6fb89a03) lh      s4, 1787(a7)
core   0: 3 0x80006d9c (0x6fb89a03) x20 0xffffd0d1 mem 0x8001ab1a
core   0: 0x80006da0 (0x0000e397) auipc   t2, 0xe
core   0: 3 0x80006da0 (0x0000e397) x 7 0x80014da0
core   0: 0x80006da4 (0x7e438393) addi    t2, t2, 2020
core   0: 3 0x80006da4 (0x7e438393) x 7 0x80015584
core   0: 0x80006da8 (0x0000f597) auipc   a1, 0xf
core   0: 3 0x80006da8 (0x0000f597) x11 0x80015da8
core   0: 0x80006dac (0xb8558593) addi    a1, a1, -1147
core   0: 3 0x80006dac (0xb8558593) x11 0x8001592d
core   0: 0x80006db0 (0x0000e197) auipc   gp, 0xe
core   0: 3 0x80006db0 (0x0000e197) x 3 0x80014db0
core   0: 0x80006db4 (0x70718193) addi    gp, gp, 1799
core   0: 3 0x80006db4 (0x70718193) x 3 0x800154b7
core   0: 0x80006db8 (0xff918f23) sb      s9, -2(gp)
core   0: 3 0x80006db8 (0xff918f23) mem 0x800154b5 0x77
core   0: 0x80006dbc (0xd1438623) sb      s4, -756(t2)
core   0: 3 0x80006dbc (0xd1438623) mem 0x80015290 0xd1
core   0: 0x80006dc0 (0x0f15dd83) lhu     s11, 241(a1)
core   0: 3 0x80006dc0 (0x0f15dd83) x27 0x0000d411 mem 0x80015a1e
core   0: 0x80006dc4 (0x0041c003) lbu     zero, 4(gp)
core   0: 3 0x80006dc4 (0x0041c003) mem 0x800154bb
core   0: 0x80006dc8 (0x7683d803) lhu     a6, 1896(t2)
core   0: 3 0x80006dc8 (0x7683d803) x16 0x000000d8 mem 0x80015cec
core   0: 0x80006dcc (0x0000fa17) auipc   s4, 0xf
core   0: 3 0x80006dcc (0x0000fa17) x20 0x80015dcc
core   0: 0x80006dd0 (0xe0ba0a13) addi    s4, s4, -501
core   0: 3 0x80006dd0 (0xe0ba0a13) x20 0x80015bd7
core   0: 0x80006dd4 (0xf9d5db83) lhu     s7, -99(a1)
core   0: 3 0x80006dd4 (0xf9d5db83) x23 0x00008081 mem 0x800158ca
core   0: 0x80006dd8 (0xff11d503) lhu     a0, -15(gp)
core   0: 3 0x80006dd8 (0xff11d503) x10 0x00006263 mem 0x800154a8
core   0: 0x80006ddc (0x0f95d403) lhu     s0, 249(a1)
core   0: 3 0x80006ddc (0x0f95d403) x 8 0x0000dcdd mem 0x80015a26
core   0: 0x80006de0 (0xf3b59483) lh      s1, -197(a1)
core   0: 3 0x80006de0 (0xf3b59483) x 9 0x00000023 mem 0x80015868
core   0: 0x80006de4 (0x4ed381a3) sb      a3, 1251(t2)
core   0: 3 0x80006de4 (0x4ed381a3) mem 0x80015a67 0x0
core   0: 0x80006de8 (0x59b38e03) lb      t3, 1435(t2)
core   0: 3 0x80006de8 (0x59b38e03) x28 0xffffffff mem 0x80015b1f
core   0: 0x80006dec (0x0405cf03) lbu     t5, 64(a1)
core   0: 3 0x80006dec (0x0405cf03) x30 0x00000026 mem 0x8001596d
core   0: 0x80006df0 (0x014197a3) sh      s4, 15(gp)
core   0: 3 0x80006df0 (0x014197a3) mem 0x800154c6 0x5bd7
core   0: 0x80006df4 (0xf08a4503) lbu     a0, -248(s4)
core   0: 3 0x80006df4 (0xf08a4503) x10 0x00000001 mem 0x80015adf
core   0: 0x80006df8 (0xf055ce03) lbu     t3, -251(a1)
core   0: 3 0x80006df8 (0xf055ce03) x28 0x000000e9 mem 0x80015832
core   0: 0x80006dfc (0x0e7a0d83) lb      s11, 231(s4)
core   0: 3 0x80006dfc (0x0e7a0d83) x27 0x00000075 mem 0x80015cbe
core   0: 0x80006e00 (0x012186a3) sb      s2, 13(gp)
core   0: 3 0x80006e00 (0x012186a3) mem 0x800154c4 0x1c
core   0: 0x80006e04 (0xf64a0e03) lb      t3, -156(s4)
core   0: 3 0x80006e04 (0xf64a0e03) x28 0xffffff80 mem 0x80015b3b
core   0: 0x80006e08 (0xf3f3aa23) sw      t6, -204(t2)
core   0: 3 0x80006e08 (0xf3f3aa23) mem 0x800154b8 0xfffffeff
core   0: 0x80006e0c (0x00718c83) lb      s9, 7(gp)
core   0: 3 0x80006e0c (0x00718c83) x25 0x00000075 mem 0x800154be
core   0: 0x80006e10 (0xff41c603) lbu     a2, -12(gp)
core   0: 3 0x80006e10 (0xff41c603) x12 0x00000060 mem 0x800154ab
core   0: 0x80006e14 (0xdc138f03) lb      t5, -575(t2)
core   0: 3 0x80006e14 (0xdc138f03) x30 0x00000017 mem 0x80015345
core   0: 0x80006e18 (0xf34a0ea3) sb      s4, -195(s4)
core   0: 3 0x80006e18 (0xf34a0ea3) mem 0x80015b14 0xd7
core   0: 0x80006e1c (0xfcf59203) lh      tp, -49(a1)
core   0: 3 0x80006e1c (0xfcf59203) x 4 0xffffb6b7 mem 0x800158fc
core   0: 0x80006e20 (0x0efa1ca3) sh      a5, 249(s4)
core   0: 3 0x80006e20 (0x0efa1ca3) mem 0x80015cd0 0x0200
core   0: 0x80006e24 (0x0f158083) lb      ra, 241(a1)
core   0: 3 0x80006e24 (0x0f158083) x 1 0x00000011 mem 0x80015a1e
core   0: 0x80006e28 (0x00519c83) lh      s9, 5(gp)
core   0: 3 0x80006e28 (0x00519c83) x25 0x00007677 mem 0x800154bc
core   0: 0x80006e2c (0x093a0d83) lb      s11, 147(s4)
core   0: 3 0x80006e2c (0x093a0d83) x27 0x00000021 mem 0x80015c6a
core   0: 0x80006e30 (0x039a0ea3) sb      s9, 61(s4)
core   0: 3 0x80006e30 (0x039a0ea3) mem 0x80015c14 0x77
core   0: 0x80006e34 (0xff119ba3) sh      a7, -9(gp)
core   0: 3 0x80006e34 (0xff119ba3) mem 0x800154ae 0xa41f
core   0: 0x80006e38 (0x00011097) auipc   ra, 0x11
core   0: 3 0x80006e38 (0x00011097) x 1 0x80017e38
core   0: 0x80006e3c (0x50b08093) addi    ra, ra, 1291
core   0: 3 0x80006e3c (0x50b08093) x 1 0x80018343
core   0: 0x80006e40 (0x297abf97) auipc   t6, 0x297ab
core   0: 3 0x80006e40 (0x297abf97) x31 0xa97b1e40
core   0: 0x80006e44 (0x011658b3) srl     a7, a2, a7
core   0: 3 0x80006e44 (0x011658b3) x17 0x00000000
core   0: 0x80006e48 (0x0de08ba3) sb      t5, 215(ra)
core   0: 3 0x80006e48 (0x0de08ba3) mem 0x8001841a 0x17
core   0: 0x80006e4c (0x0d70cf03) lbu     t5, 215(ra)
core   0: 3 0x80006e4c (0x0d70cf03) x30 0x00000017 mem 0x8001841a
core   0: 0x80006e50 (0x0d808ba3) sb      s8, 215(ra)
core   0: 3 0x80006e50 (0x0d808ba3) mem 0x8001841a 0x2a
core   0: 0x80006e54 (0x0d708003) lb      zero, 215(ra)
core   0: 3 0x80006e54 (0x0d708003) mem 0x8001841a
core   0: 0x80006e58 (0x0a80c903) lbu     s2, 168(ra)
core   0: 3 0x80006e58 (0x0a80c903) x18 0x000000a0 mem 0x800183eb
core   0: 0x80006e5c (0x0be08423) sb      t5, 168(ra)
core   0: 3 0x80006e5c (0x0be08423) mem 0x800183eb 0x17
core   0: 0x80006e60 (0x0a80ca03) lbu     s4, 168(ra)
core   0: 3 0x80006e60 (0x0a80ca03) x20 0x00000017 mem 0x800183eb
core   0: 0x80006e64 (0x0a808d83) lb      s11, 168(ra)
core   0: 3 0x80006e64 (0x0a808d83) x27 0x00000017 mem 0x800183eb
core   0: 0x80006e68 (0x0a308423) sb      gp, 168(ra)
core   0: 3 0x80006e68 (0x0a308423) mem 0x800183eb 0xb7
core   0: 0x80006e6c (0x0a808203) lb      tp, 168(ra)
core   0: 3 0x80006e6c (0x0a808203) x 4 0xffffffb7 mem 0x800183eb
core   0: 0x80006e70 (0x01709803) lh      a6, 23(ra)
core   0: 3 0x80006e70 (0x01709803) x16 0x00001011 mem 0x8001835a
core   0: 0x80006e74 (0x4091db13) srai    s6, gp, 9
core   0: 3 0x80006e74 (0x4091db13) x22 0xffc000aa
core   0: 0x80006e78 (0x009f12b3) sll     t0, t5, s1
core   0: 3 0x80006e78 (0x009f12b3) x 5 0x000000b8
core   0: 0x80006e7c (0x0170d783) lhu     a5, 23(ra)
core   0: 3 0x80006e7c (0x0170d783) x15 0x00001011 mem 0x8001835a
core   0: 0x80006e80 (0x017a25b3) slt     a1, s4, s7
core   0: 3 0x80006e80 (0x017a25b3) x11 0x00000001
core   0: 0x80006e84 (0x08b0cf83) lbu     t6, 139(ra)
core   0: 3 0x80006e84 (0x08b0cf83) x31 0x00000085 mem 0x800183ce
core   0: 0x80006e88 (0x60aed017) auipc   zero, 0x60aed
core   0: 3 0x80006e88 (0x60aed017)
core   0: 0x80006e8c (0x08b08703) lb      a4, 139(ra)
core   0: 3 0x80006e8c (0x08b08703) x14 0xffffff85 mem 0x800183ce
core   0: 0x80006e90 (0x08b08783) lb      a5, 139(ra)
core   0: 3 0x80006e90 (0x08b08783) x15 0xffffff85 mem 0x800183ce
core   0: 0x80006e94 (0x08b09f83) lh      t6, 139(ra)
core   0: 3 0x80006e94 (0x08b09f83) x31 0xffff8485 mem 0x800183ce
core   0: 0x80006e98 (0x08b0c503) lbu     a0, 139(ra)
core   0: 3 0x80006e98 (0x08b0c503) x10 0x00000085 mem 0x800183ce
core   0: 0x80006e9c (0x084095a3) sh      tp, 139(ra)
core   0: 3 0x80006e9c (0x084095a3) mem 0x800183ce 0xffb7
core   0: 0x80006ea0 (0x0000f217) auipc   tp, 0xf
core   0: 3 0x80006ea0 (0x0000f217) x 4 0x80015ea0
core   0: 0x80006ea4 (0xe1820213) addi    tp, tp, -488
core   0: 3 0x80006ea4 (0xe1820213) x 4 0x80015cb8
core   0: 0x80006ea8 (0x00010e97) auipc   t4, 0x10
core   0: 3 0x80006ea8 (0x00010e97) x29 0x80016ea8
core   0: 0x80006eac (0xe17e8e93) addi    t4, t4, -489
core   0: 3 0x80006eac (0xe17e8e93) x29 0x80016cbf
core   0: 0x80006eb0 (0xff5e98a3) sh      s5, -15(t4)
core   0: 3 0x80006eb0 (0xff5e98a3) mem 0x80016cb0 0x003e
core   0: 0x80006eb4 (0x361ecd83) lbu     s11, 865(t4)
core   0: 3 0x80006eb4 (0x361ecd83) x27 0x000000db mem 0x80017020
core   0: 0x80006eb8 (0x91d24403) lbu     s0, -1763(tp)
core   0: 3 0x80006eb8 (0x91d24403) x 8 0x0000008e mem 0x800155d5
core   0: 0x80006ebc (0x062ec083) lbu     ra, 98(t4)
core   0: 3 0x80006ebc (0x062ec083) x 1 0x000000da mem 0x80016d21
core   0: 0x80006ec0 (0x10a25403) lhu     s0, 266(tp)
core   0: 3 0x80006ec0 (0x10a25403) x 8 0x00000038 mem 0x80015dc2
core   0: 0x80006ec4 (0x01dec803) lbu     a6, 29(t4)
core   0: 3 0x80006ec4 (0x01dec803) x16 0x00000097 mem 0x80016cdc
core   0: 0x80006ec8 (0xabb24003) lbu     zero, -1349(tp)
core   0: 3 0x80006ec8 (0xabb24003) mem 0x80015773
core   0: 0x80006ecc (0xd76e8483) lb      s1, -650(t4)
core   0: 3 0x80006ecc (0xd76e8483) x 9 0xffffff9b mem 0x80016a35
core   0: 0x80006ed0 (0xd5720603) lb      a2, -681(tp)
core   0: 3 0x80006ed0 (0xd5720603) x12 0xffffffc4 mem 0x80015a0f
core   0: 0x80006ed4 (0xa4a21c83) lh      s9, -1462(tp)
core   0: 3 0x80006ed4 (0xa4a21c83) x25 0x00000000 mem 0x80015702
core   0: 0x80006ed8 (0x16c24783) lbu     a5, 364(tp)
core   0: 3 0x80006ed8 (0x16c24783) x15 0x000000df mem 0x80015e24
core   0: 0x80006edc (0xdaeecd83) lbu     s11, -594(t4)
core   0: 3 0x80006edc (0xdaeecd83) x27 0x00000026 mem 0x80016a6d
core   0: 0x80006ee0 (0xf9f24c83) lbu     s9, -97(tp)
core   0: 3 0x80006ee0 (0xf9f24c83) x25 0x00000058 mem 0x80015c57
core   0: 0x80006ee4 (0x026ea4a3) sw      t1, 41(t4)
core   0: 3 0x80006ee4 (0x026ea4a3) mem 0x80016ce8 0x000000d6
core   0: 0x80006ee8 (0xf5225003) lhu     zero, -174(tp)
core   0: 3 0x80006ee8 (0xf5225003) mem 0x80015c0a
core   0: 0x80006eec (0xcc1e8223) sb      ra, -828(t4)
core   0: 3 0x80006eec (0xcc1e8223) mem 0x80016983 0xda
core   0: 0x80006ef0 (0x6cbe8603) lb      a2, 1739(t4)
core   0: 3 0x80006ef0 (0x6cbe8603) x12 0x00000041 mem 0x8001738a
core   0: 0x80006ef4 (0xd6324a03) lbu     s4, -669(tp)
core   0: 3 0x80006ef4 (0xd6324a03) x20 0x000000d0 mem 0x80015a1b
core   0: 0x80006ef8 (0xcb625303) lhu     t1, -842(tp)
core   0: 3 0x80006ef8 (0xcb625303) x 6 0x00002425 mem 0x8001596e
core   0: 0x80006efc (0x3f8ec603) lbu     a2, 1016(t4)
core   0: 3 0x80006efc (0x3f8ec603) x12 0x0000006c mem 0x800170b7
core   0: 0x80006f00 (0x0000fd97) auipc   s11, 0xf
core   0: 3 0x80006f00 (0x0000fd97) x27 0x80015f00
core   0: 0x80006f04 (0xaafd8d93) addi    s11, s11, -1361
core   0: 3 0x80006f04 (0xaafd8d93) x27 0x800159af
core   0: 0x80006f08 (0x4febbf13) sltiu   t5, s7, 1278
core   0: 3 0x80006f08 (0x4febbf13) x30 0x00000000
core   0: 0x80006f0c (0xff4dc303) lbu     t1, -12(s11)
core   0: 3 0x80006f0c (0xff4dc303) x 6 0x00000058 mem 0x800159a3
core   0: 0x80006f10 (0xff4d8503) lb      a0, -12(s11)
core   0: 3 0x80006f10 (0xff4d8503) x10 0x00000058 mem 0x800159a3
core   0: 0x80006f14 (0xfc4d8203) lb      tp, -60(s11)
core   0: 3 0x80006f14 (0xfc4d8203) x 4 0xffffff80 mem 0x80015973
core   0: 0x80006f18 (0x00dda783) lw      a5, 13(s11)
core   0: 3 0x80006f18 (0x00dda783) x15 0x74757677 mem 0x800159bc
core   0: 0x80006f1c (0xfcadcb83) lbu     s7, -54(s11)
core   0: 3 0x80006f1c (0xfcadcb83) x23 0x000000e2 mem 0x80015979
core   0: 0x80006f20 (0xffedc203) lbu     tp, -2(s11)
core   0: 3 0x80006f20 (0xffedc203) x 4 0x00000066 mem 0x800159ad
core   0: 0x80006f24 (0x03bdcf83) lbu     t6, 59(s11)
core   0: 3 0x80006f24 (0x03bdcf83) x31 0x000000a1 mem 0x800159ea
core   0: 0x80006f28 (0xfcfdc403) lbu     s0, -49(s11)
core   0: 3 0x80006f28 (0xfcfdc403) x 8 0x00000035 mem 0x8001597e
core   0: 0x80006f2c (0xfcfdde83) lhu     t4, -49(s11)
core   0: 3 0x80006f2c (0xfcfdde83) x29 0x00003435 mem 0x8001597e
core   0: 0x80006f30 (0xfcfdcc83) lbu     s9, -49(s11)
core   0: 3 0x80006f30 (0xfcfdcc83) x25 0x00000035 mem 0x8001597e
core   0: 0x80006f34 (0xffedc603) lbu     a2, -2(s11)
core   0: 3 0x80006f34 (0xffedc603) x12 0x00000066 mem 0x800159ad
core   0: 0x80006f38 (0xfe1d8f23) sb      ra, -2(s11)
core   0: 3 0x80006f38 (0xfe1d8f23) mem 0x800159ad 0xda
core   0: 0x80006f3c (0xfecd8f23) sb      a2, -2(s11)
core   0: 3 0x80006f3c (0xfecd8f23) mem 0x800159ad 0x66
core   0: 0x80006f40 (0x03ad8883) lb      a7, 58(s11)
core   0: 3 0x80006f40 (0x03ad8883) x17 0xffffffa2 mem 0x800159e9
core   0: 0x80006f44 (0x021da503) lw      a0, 33(s11)
core   0: 3 0x80006f44 (0x021da503) x10 0x00000067 mem 0x800159d0
core   0: 0x80006f48 (0x0001d797) auipc   a5, 0x1d
core   0: 3 0x80006f48 (0x0001d797) x15 0x80023f48
core   0: 0x80006f4c (0xffb78793) addi    a5, a5, -5
core   0: 3 0x80006f4c (0xffb78793) x15 0x80023f43
core   0: 0x80006f50 (0x00e78b03) lb      s6, 14(a5)
core   0: 3 0x80006f50 (0x00e78b03) x22 0x0000000a mem 0x80023f51
core   0: 0x80006f54 (0xfef78b23) sb      a5, -10(a5)
core   0: 3 0x80006f54 (0xfef78b23) mem 0x80023f39 0x43
core   0: 0x80006f58 (0x0000e317) auipc   t1, 0xe
core   0: 3 0x80006f58 (0x0000e317) x 6 0x80014f58
core   0: 0x80006f5c (0x55830313) addi    t1, t1, 1368
core   0: 3 0x80006f5c (0x55830313) x 6 0x800154b0
core   0: 0x80006f60 (0xffd79003) lh      zero, -3(a5)
core   0: 3 0x80006f60 (0xffd79003) mem 0x80023f40
core   0: 0x80006f64 (0x0f235883) lhu     a7, 242(t1)
core   0: 3 0x80006f64 (0x0f235883) x17 0x00005859 mem 0x800155a2
core   0: 0x80006f68 (0x0097c583) lbu     a1, 9(a5)
core   0: 3 0x80006f68 (0x0097c583) x11 0x00000007 mem 0x80023f4c
core   0: 0x80006f6c (0xfa734183) lbu     gp, -89(t1)
core   0: 3 0x80006f6c (0xfa734183) x 3 0x0000000c mem 0x80015457
core   0: 0x80006f70 (0x01c780a3) sb      t3, 1(a5)
core   0: 3 0x80006f70 (0x01c780a3) mem 0x80023f44 0x80
core   0: 0x80006f74 (0x00c32d83) lw      s11, 12(t1)
core   0: 3 0x80006f74 (0x00c32d83) x27 0x74757677 mem 0x800154bc
core   0: 0x80006f78 (0x00b79d83) lh      s11, 11(a5)
core   0: 3 0x80006f78 (0x00b79d83) x27 0x00000405 mem 0x80023f4e
core   0: 0x80006f7c (0x00e78023) sb      a4, 0(a5)
core   0: 3 0x80006f7c (0x00e78023) mem 0x80023f43 0x85
core   0: 0x80006f80 (0xfe078a23) sb      zero, -12(a5)
core   0: 3 0x80006f80 (0xfe078a23) mem 0x80023f37 0x0
core   0: 0x80006f84 (0x0dd30da3) sb      t4, 219(t1)
core   0: 3 0x80006f84 (0x0dd30da3) mem 0x8001558b 0x35
core   0: 0x80006f88 (0x016305a3) sb      s6, 11(t1)
core   0: 3 0x80006f88 (0x016305a3) mem 0x800154bb 0xa
core   0: 0x80006f8c (0x0001ce17) auipc   t3, 0x1c
core   0: 3 0x80006f8c (0x0001ce17) x28 0x80022f8c
core   0: 0x80006f90 (0x6b0e0e13) addi    t3, t3, 1712
core   0: 3 0x80006f90 (0x6b0e0e13) x28 0x8002363c
core   0: 0x80006f94 (0x1c1e4883) lbu     a7, 449(t3)
core   0: 3 0x80006f94 (0x1c1e4883) x17 0x000000b6 mem 0x800237fd
core   0: 0x80006f98 (0x67609537) lui     a0, 0x67609
core   0: 3 0x80006f98 (0x67609537) x10 0x67609000
core   0: 0x80006f9c (0x8afe4483) lbu     s1, -1873(t3)
core   0: 3 0x80006f9c (0x8afe4483) x 9 0x000000a0 mem 0x80022eeb
core   0: 0x80006fa0 (0x029e4a03) lbu     s4, 41(t3)
core   0: 3 0x80006fa0 (0x029e4a03) x20 0x0000001e mem 0x80023665
core   0: 0x80006fa4 (0x3f68fd13) andi    s10, a7, 1014
core   0: 3 0x80006fa4 (0x3f68fd13) x26 0x000000b6
core   0: 0x80006fa8 (0x003a4eb3) xor     t4, s4, gp
core   0: 3 0x80006fa8 (0x003a4eb3) x29 0x00000012
core   0: 0x80006fac (0x5b8e0783) lb      a5, 1464(t3)
core   0: 3 0x80006fac (0x5b8e0783) x15 0xffffffaf mem 0x80023bf4
core   0: 0x80006fb0 (0xa1de0923) sb      t4, -1518(t3)
core   0: 3 0x80006fb0 (0xa1de0923) mem 0x8002304e 0x12
core   0: 0x80006fb4 (0x401c0db3) sub     s11, s8, ra
core   0: 3 0x80006fb4 (0x401c0db3) x27 0xffffff50
core   0: 0x80006fb8 (0xccde0403) lb      s0, -819(t3)
core   0: 3 0x80006fb8 (0xccde0403) x 8 0xffffffc2 mem 0x80023309
core   0: 0x80006fbc (0x8f2e0623) sb      s2, -1812(t3)
core   0: 3 0x80006fbc (0x8f2e0623) mem 0x80022f28 0xa0
core   0: 0x80006fc0 (0x86ae4b03) lbu     s6, -1942(t3)
core   0: 3 0x80006fc0 (0x86ae4b03) x22 0x0000005d mem 0x80022ea6
core   0: 0x80006fc4 (0x35be1323) sh      s11, 838(t3)
core   0: 3 0x80006fc4 (0x35be1323) mem 0x80023982 0xff50
core   0: 0x80006fc8 (0x009bab33) slt     s6, s7, s1
core   0: 3 0x80006fc8 (0x009bab33) x22 0x00000000
core   0: 0x80006fcc (0xbaae0ba3) sb      a0, -1097(t3)
core   0: 3 0x80006fcc (0xbaae0ba3) mem 0x800231f3 0x0
core   0: 0x80006fd0 (0x00000013) nop
core   0: 3 0x80006fd0 (0x00000013)
core   0: 0x80006fd4 (0x32c1d737) lui     a4, 0x32c1d
core   0: 3 0x80006fd4 (0x32c1d737) x14 0x32c1d000
core   0: 0x80006fd8 (0x404850b3) sra     ra, a6, tp
core   0: 3 0x80006fd8 (0x404850b3) x 1 0x00000002
core   0: 0x80006fdc (0x165e0a83) lb      s5, 357(t3)
core   0: 3 0x80006fdc (0x165e0a83) x21 0x0000005a mem 0x800237a1
core   0: 0x80006fe0 (0x0128d633) srl     a2, a7, s2
core   0: 3 0x80006fe0 (0x0128d633) x12 0x000000b6
core   0: 0x80006fe4 (0x0ff0000f) fence   iorw,iorw
core   0: 3 0x80006fe4 (0x0ff0000f)
core   0: 0x80006fe8 (0x015e71b3) and     gp, t3, s5
core   0: 3 0x80006fe8 (0x015e71b3) x 3 0x00000018
core   0: 0x80006fec (0x681e0883) lb      a7, 1665(t3)
core   0: 3 0x80006fec (0x681e0883) x17 0x00000076 mem 0x80023cbd
core   0: 0x80006ff0 (0x00f3cbb3) xor     s7, t2, a5
core   0: 3 0x80006ff0 (0x00f3cbb3) x23 0x7ffeaa2b
core   0: 0x80006ff4 (0xeb5e0903) lb      s2, -331(t3)
core   0: 3 0x80006ff4 (0xeb5e0903) x18 0xffffffaa mem 0x800234f1
core   0: 0x80006ff8 (0x00129633) sll     a2, t0, ra
core   0: 3 0x80006ff8 (0x00129633) x12 0x000002e0
core   0: 0x80006ffc (0x39de0da3) sb      t4, 923(t3)
core   0: 3 0x80006ffc (0x39de0da3) mem 0x800239d7 0x12
core   0: 0x80007000 (0x0067d093) srli    ra, a5, 6
core   0: 3 0x80007000 (0x0067d093) x 1 0x03fffffe
core   0: 0x80007004 (0x11ee1703) lh      a4, 286(t3)
core   0: 3 0x80007004 (0x11ee1703) x14 0x00001011 mem 0x8002375a
core   0: 0x80007008 (0x9b3e0c03) lb      s8, -1613(t3)
core   0: 3 0x80007008 (0x9b3e0c03) x24 0xffffffa4 mem 0x80022fef
core   0: 0x8000700c (0x0000e417) auipc   s0, 0xe
core   0: 3 0x8000700c (0x0000e417) x 8 0x8001500c
core   0: 0x80007010 (0x3a040413) addi    s0, s0, 928
core   0: 3 0x80007010 (0x3a040413) x 8 0x800153ac
core   0: 0x80007014 (0x00a71ab3) sll     s5, a4, a0
core   0: 3 0x80007014 (0x00a71ab3) x21 0x00001011
core   0: 0x80007018 (0xf8644d83) lbu     s11, -122(s0)
core   0: 3 0x80007018 (0xf8644d83) x27 0x000000e9 mem 0x80015332
core   0: 0x8000701c (0x004ad793) srli    a5, s5, 4
core   0: 3 0x8000701c (0x004ad793) x15 0x00000101
core   0: 0x80007020 (0xf2d407a3) sb      a3, -209(s0)
core   0: 3 0x80007020 (0xf2d407a3) mem 0x800152db 0x0
core   0: 0x80007024 (0x00dde4b3) or      s1, s11, a3
core   0: 3 0x80007024 (0x00dde4b3) x 9 0x800000e9
core   0: 0x80007028 (0xf6645083) lhu     ra, -154(s0)
core   0: 3 0x80007028 (0xf6645083) x 1 0x0000f4c9 mem 0x80015312
core   0: 0x8000702c (0xfb141923) sh      a7, -78(s0)
core   0: 3 0x8000702c (0xfb141923) mem 0x8001535e 0x0076
core   0: 0x80007030 (0x0b045283) lhu     t0, 176(s0)
core   0: 3 0x80007030 (0x0b045283) x 5 0x00001617 mem 0x8001545c
core   0: 0x80007034 (0x0000100f) fence.i
core   0: 3 0x80007034 (0x0000100f)
core   0: 0x80007038 (0x04240703) lb      a4, 66(s0)
core   0: 3 0x80007038 (0x04240703) x14 0xffffffa5 mem 0x800153ee
core   0: 0x8000703c (0x016d0fb3) add     t6, s10, s6
core   0: 3 0x8000703c (0x016d0fb3) x31 0x000000b6
core   0: 0x80007040 (0x01db3db3) sltu    s11, s6, t4
core   0: 3 0x80007040 (0x01db3db3) x27 0x00000001
core   0: 0x80007044 (0x01f78ab3) add     s5, a5, t6
core   0: 3 0x80007044 (0x01f78ab3) x21 0x000001b7
core   0: 0x80007048 (0x49a1fdb7) lui     s11, 0x49a1f
core   0: 3 0x80007048 (0x49a1fdb7) x27 0x49a1f000
core   0: 0x8000704c (0x41755c13) srai    s8, a0, 23
core   0: 3 0x8000704c (0x41755c13) x24 0x000000ce
core   0: 0x80007050 (0xfae40b23) sb      a4, -74(s0)
core   0: 3 0x80007050 (0xfae40b23) mem 0x80015362 0xa5
core   0: 0x80007054 (0xfb441803) lh      a6, -76(s0)
core   0: 3 0x80007054 (0xfb441803) x16 0x00001a1b mem 0x80015360
core   0: 0x80007058 (0x814ffcb7) lui     s9, 0x814ff
core   0: 3 0x80007058 (0x814ffcb7) x25 0x814ff000
core   0: 0x8000705c (0x03b41623) sh      s11, 44(s0)
core   0: 3 0x8000705c (0x03b41623) mem 0x800153d8 0xf000
core   0: 0x80007060 (0x0041d193) srli    gp, gp, 4
core   0: 3 0x80007060 (0x0041d193) x 3 0x00000001
core   0: 0x80007064 (0x02744783) lbu     a5, 39(s0)
core   0: 3 0x80007064 (0x02744783) x15 0x00000088 mem 0x800153d3
core   0: 0x80007068 (0xf5240ea3) sb      s2, -163(s0)
core   0: 3 0x80007068 (0xf5240ea3) mem 0x80015309 0xaa
core   0: 0x8000706c (0x085f9017) auipc   zero, 0x85f9
core   0: 3 0x8000706c (0x085f9017)
core   0: 0x80007070 (0xa7b77313) andi    t1, a4, -1413
core   0: 3 0x80007070 (0xa7b77313) x 6 0xfffffa21
core   0: 0x80007074 (0x01ecd093) srli    ra, s9, 30
core   0: 3 0x80007074 (0x01ecd093) x 1 0x00000002
core   0: 0x80007078 (0x02340183) lb      gp, 35(s0)
core   0: 3 0x80007078 (0x02340183) x 3 0xffffff84 mem 0x800153cf
core   0: 0x8000707c (0x08741323) sh      t2, 134(s0)
core   0: 3 0x8000707c (0x08741323) mem 0x80015432 0x5584
core   0: 0x80007080 (0x0197dc93) srli    s9, a5, 25
core   0: 3 0x80007080 (0x0197dc93) x25 0x00000000
core   0: 0x80007084 (0xfe045583) lhu     a1, -32(s0)
core   0: 3 0x80007084 (0xfe045583) x11 0x0000ae64 mem 0x8001538c
core   0: 0x80007088 (0x0c4403a3) sb      tp, 199(s0)
core   0: 3 0x80007088 (0x0c4403a3) mem 0x80015473 0x66
core   0: 0x8000708c (0x01bddc33) srl     s8, s11, s11
core   0: 3 0x8000708c (0x01bddc33) x24 0x49a1f000
core   0: 0x80007090 (0xd9ca0b93) addi    s7, s4, -612
core   0: 3 0x80007090 (0xd9ca0b93) x23 0xfffffdba
core   0: 0x80007094 (0xf3444583) lbu     a1, -204(s0)
core   0: 3 0x80007094 (0xf3444583) x11 0x0000009b mem 0x800152e0
core   0: 0x80007098 (0x00018497) auipc   s1, 0x18
core   0: 3 0x80007098 (0x00018497) x 9 0x8001f098
core   0: 0x8000709c (0x8d748493) addi    s1, s1, -1833
core   0: 3 0x8000709c (0x8d748493) x 9 0x8001e96f
core   0: 0x800070a0 (0x00e48223) sb      a4, 4(s1)
core   0: 3 0x800070a0 (0x00e48223) mem 0x8001e973 0xa5
core   0: 0x800070a4 (0x0084c403) lbu     s0, 8(s1)
core   0: 3 0x800070a4 (0x0084c403) x 8 0x0000002c mem 0x8001e977
core   0: 0x800070a8 (0xf967ee17) auipc   t3, 0xf967e
core   0: 3 0x800070a8 (0xf967ee17) x28 0x796850a8
core   0: 0x800070ac (0xff34aca3) sw      s3, -7(s1)
core   0: 3 0x800070ac (0xff34aca3) mem 0x8001e968 0x8002ae64
core   0: 0x800070b0 (0x8073ce93) xori    t4, t2, -2041
core   0: 3 0x800070b0 (0x8073ce93) x29 0x7ffead83
core   0: 0x800070b4 (0xffd48823) sb      t4, -16(s1)
core   0: 3 0x800070b4 (0xffd48823) mem 0x8001e95f 0x83
core   0: 0x800070b8 (0xfff4c083) lbu     ra, -1(s1)
core   0: 3 0x800070b8 (0xfff4c083) x 1 0x00000025 mem 0x8001e96e
core   0: 0x800070bc (0x00f48823) sb      a5, 16(s1)
core   0: 3 0x800070bc (0x00f48823) mem 0x8001e97f 0x88
core   0: 0x800070c0 (0xffb48a03) lb      s4, -5(s1)
core   0: 3 0x800070c0 (0xffb48a03) x20 0x00000002 mem 0x8001e96a
core   0: 0x800070c4 (0x0004a4a3) sw      zero, 9(s1)
core   0: 3 0x800070c4 (0x0004a4a3) mem 0x8001e978 0x00000000
core   0: 0x800070c8 (0x01fe2e33) slt     t3, t3, t6
core   0: 3 0x800070c8 (0x01fe2e33) x28 0x00000000
core   0: 0x800070cc (0xff94d783) lhu     a5, -7(s1)
core   0: 3 0x800070cc (0xff94d783) x15 0x0000ae64 mem 0x8001e968
core   0: 0x800070d0 (0x00a4c703) lbu     a4, 10(s1)
core   0: 3 0x800070d0 (0x00a4c703) x14 0x00000000 mem 0x8001e979
core   0: 0x800070d4 (0x0000100f) fence.i
core   0: 3 0x800070d4 (0x0000100f)
core   0: 0x800070d8 (0xad20b937) lui     s2, 0xad20b
core   0: 3 0x800070d8 (0xad20b937) x18 0xad20b000
core   0: 0x800070dc (0x004c2633) slt     a2, s8, tp
core   0: 3 0x800070dc (0x004c2633) x12 0x00000000
core   0: 0x800070e0 (0x00a48e03) lb      t3, 10(s1)
core   0: 3 0x800070e0 (0x00a48e03) x28 0x00000000 mem 0x8001e979
core   0: 0x800070e4 (0xff44cb03) lbu     s6, -12(s1)
core   0: 3 0x800070e4 (0xff44cb03) x22 0x00000018 mem 0x8001e963
core   0: 0x800070e8 (0x4189d613) srai    a2, s3, 24
core   0: 3 0x800070e8 (0x4189d613) x12 0xffffff80
core   0: 0x800070ec (0xff149803) lh      a6, -15(s1)
core   0: 3 0x800070ec (0xff149803) x16 0x00001a1b mem 0x8001e960
core   0: 0x800070f0 (0x0054d903) lhu     s2, 5(s1)
core   0: 3 0x800070f0 (0x0054d903) x18 0x00002e2f mem 0x8001e974
core   0: 0x800070f4 (0x00848423) sb      s0, 8(s1)
core   0: 3 0x800070f4 (0x00848423) mem 0x8001e977 0x2c
core   0: 0x800070f8 (0x41515b13) srai    s6, sp, 21
core   0: 3 0x800070f8 (0x41515b13) x22 0xfffffc00
core   0: 0x800070fc (0x64137f13) andi    t5, t1, 1601
core   0: 3 0x800070fc (0x64137f13) x30 0x00000201
core   0: 0x80007100 (0x640c3b13) sltiu   s6, s8, 1600
core   0: 3 0x80007100 (0x640c3b13) x22 0x00000000
core   0: 0x80007104 (0x01f84933) xor     s2, a6, t6
core   0: 3 0x80007104 (0x01f84933) x18 0x00001aad
core   0: 0x80007108 (0x00ed6bb3) or      s7, s10, a4
core   0: 3 0x80007108 (0x00ed6bb3) x23 0x000000b6
core   0: 0x8000710c (0xffc48b03) lb      s6, -4(s1)
core   0: 3 0x8000710c (0xffc48b03) x22 0xffffff80 mem 0x8001e96b
core   0: 0x80007110 (0x012497a3) sh      s2, 15(s1)
core   0: 3 0x80007110 (0x012497a3) mem 0x8001e97e 0x1aad
core   0: 0x80007114 (0x004492a3) sh      tp, 5(s1)
core   0: 3 0x80007114 (0x004492a3) mem 0x8001e974 0x0066
core   0: 0x80007118 (0x00248283) lb      t0, 2(s1)
core   0: 3 0x80007118 (0x00248283) x 5 0x0000002a mem 0x8001e971
core   0: 0x8000711c (0x00b4c183) lbu     gp, 11(s1)
core   0: 3 0x8000711c (0x00b4c183) x 3 0x00000000 mem 0x8001e97a
core   0: 0x80007120 (0x00748883) lb      a7, 7(s1)
core   0: 3 0x80007120 (0x00748883) x17 0x0000002d mem 0x8001e976
core   0: 0x80007124 (0x01348523) sb      s3, 10(s1)
core   0: 3 0x80007124 (0x01348523) mem 0x8001e979 0x64
core   0: 0x80007128 (0x0055c333) xor     t1, a1, t0
core   0: 3 0x80007128 (0x0055c333) x 6 0x000000b1
core   0: 0x8000712c (0x0024c083) lbu     ra, 2(s1)
core   0: 3 0x8000712c (0x0024c083) x 1 0x0000002a mem 0x8001e971
core   0: 0x80007130 (0x0074cc03) lbu     s8, 7(s1)
core   0: 3 0x80007130 (0x0074cc03) x24 0x0000002d mem 0x8001e976
core   0: 0x80007134 (0x00019e17) auipc   t3, 0x19
core   0: 3 0x80007134 (0x00019e17) x28 0x80020134
core   0: 0x80007138 (0x023e0e13) addi    t3, t3, 35
core   0: 3 0x80007138 (0x023e0e13) x28 0x80020157
core   0: 0x8000713c (0xffde2283) lw      t0, -3(t3)
core   0: 3 0x8000713c (0xffde2283) x 5 0x0c0d0e0f mem 0x80020154
core   0: 0x80007140 (0xffde0b83) lb      s7, -3(t3)
core   0: 3 0x80007140 (0xffde0b83) x23 0x0000000f mem 0x80020154
core   0: 0x80007144 (0xff5e4083) lbu     ra, -11(t3)
core   0: 3 0x80007144 (0xff5e4083) x 1 0x00000007 mem 0x8002014c
core   0: 0x80007148 (0x1536df17) auipc   t5, 0x1536d
core   0: 3 0x80007148 (0x1536df17) x30 0x95374148
core   0: 0x8000714c (0xff9e2aa3) sw      s9, -11(t3)
core   0: 3 0x8000714c (0xff9e2aa3) mem 0x8002014c 0x00000000
core   0: 0x80007150 (0x41f78833) sub     a6, a5, t6
core   0: 3 0x80007150 (0x41f78833) x16 0x0000adae
core   0: 0x80007154 (0xffce1ba3) sh      t3, -9(t3)
core   0: 3 0x80007154 (0xffce1ba3) mem 0x8002014e 0x0157
core   0: 0x80007158 (0xff7e5203) lhu     tp, -9(t3)
core   0: 3 0x80007158 (0xff7e5203) x 4 0x00000157 mem 0x8002014e
core   0: 0x8000715c (0x01c93333) sltu    t1, s2, t3
core   0: 3 0x8000715c (0x01c93333) x 6 0x00000001
core   0: 0x80007160 (0xfe8e1ba3) sh      s0, -9(t3)
core   0: 3 0x80007160 (0xfe8e1ba3) mem 0x8002014e 0x002c
core   0: 0x80007164 (0xff7e1c03) lh      s8, -9(t3)
core   0: 3 0x80007164 (0xff7e1c03) x24 0x0000002c mem 0x8002014e
core   0: 0x80007168 (0xff7e1c03) lh      s8, -9(t3)
core   0: 3 0x80007168 (0xff7e1c03) x24 0x0000002c mem 0x8002014e
core   0: 0x8000716c (0xff7e1a03) lh      s4, -9(t3)
core   0: 3 0x8000716c (0xff7e1a03) x20 0x0000002c mem 0x8002014e
core   0: 0x80007170 (0x017dbbb3) sltu    s7, s11, s7
core   0: 3 0x80007170 (0x017dbbb3) x23 0x00000000
core   0: 0x80007174 (0x41ec8db3) sub     s11, s9, t5
core   0: 3 0x80007174 (0x41ec8db3) x27 0x6ac8beb8
core   0: 0x80007178 (0xff7e1a83) lh      s5, -9(t3)
core   0: 3 0x80007178 (0xff7e1a83) x21 0x0000002c mem 0x8002014e
core   0: 0x8000717c (0x00b49d93) slli    s11, s1, 11
core   0: 3 0x8000717c (0x00b49d93) x27 0x0f4b7800
core   0: 0x80007180 (0x005e2f83) lw      t6, 5(t3)
core   0: 3 0x80007180 (0x005e2f83) x31 0x14151617 mem 0x8002015c
core   0: 0x80007184 (0x005e4283) lbu     t0, 5(t3)
core   0: 3 0x80007184 (0x005e4283) x 5 0x00000017 mem 0x8002015c
core   0: 0x80007188 (0x01ae22a3) sw      s10, 5(t3)
core   0: 3 0x80007188 (0x01ae22a3) mem 0x8002015c 0x000000b6
core   0: 0x8000718c (0x00de02a3) sb      a3, 5(t3)
core   0: 3 0x8000718c (0x00de02a3) mem 0x8002015c 0x0
core   0: 0x80007190 (0x0ff0000f) fence   iorw,iorw
core   0: 3 0x80007190 (0x0ff0000f)
core   0: 0x80007194 (0xffde5303) lhu     t1, -3(t3)
core   0: 3 0x80007194 (0xffde5303) x 6 0x00000e0f mem 0x80020154
core   0: 0x80007198 (0xfe6e0ca3) sb      t1, -7(t3)
core   0: 3 0x80007198 (0xfe6e0ca3) mem 0x80020150 0xf
core   0: 0x8000719c (0xff9e5b83) lhu     s7, -7(t3)
core   0: 3 0x8000719c (0xff9e5b83) x23 0x00000a0f mem 0x80020150
core   0: 0x800071a0 (0xffee4583) lbu     a1, -2(t3)
core   0: 3 0x800071a0 (0xffee4583) x11 0x0000000e mem 0x80020155
core   0: 0x800071a4 (0xffee0383) lb      t2, -2(t3)
core   0: 3 0x800071a4 (0xffee0383) x 7 0x0000000e mem 0x80020155
core   0: 0x800071a8 (0x0000ed17) auipc   s10, 0xe
core   0: 3 0x800071a8 (0x0000ed17) x26 0x800151a8
core   0: 0x800071ac (0xf04d0d13) addi    s10, s10, -252
core   0: 3 0x800071ac (0xf04d0d13) x26 0x800150ac
core   0: 0x800071b0 (0x0ff0000f) fence   iorw,iorw
core   0: 3 0x800071b0 (0x0ff0000f)
core   0: 0x800071b4 (0xffdd0ca3) sb      t4, -7(s10)
core   0: 3 0x800071b4 (0xffdd0ca3) mem 0x800150a5 0x83
core   0: 0x800071b8 (0x010d2803) lw      a6, 16(s10)
core   0: 3 0x800071b8 (0x010d2803) x16 0x74757677 mem 0x800150bc
core   0: 0x800071bc (0x003a4fb3) xor     t6, s4, gp
core   0: 3 0x800071bc (0x003a4fb3) x31 0x0000002c
core   0: 0x800071c0 (0x0112d733) srl     a4, t0, a7
core   0: 3 0x800071c0 (0x0112d733) x14 0x00000000
core   0: 0x800071c4 (0x0017ee33) or      t3, a5, ra
core   0: 3 0x800071c4 (0x0017ee33) x28 0x0000ae67
core   0: 0x800071c8 (0x79443f93) sltiu   t6, s0, 1940
core   0: 3 0x800071c8 (0x79443f93) x31 0x00000001
core   0: 0x800071cc (0x4f6ccf17) auipc   t5, 0x4f6cc
core   0: 3 0x800071cc (0x4f6ccf17) x30 0xcf6d31cc
core   0: 0x800071d0 (0x41708db3) sub     s11, ra, s7
core   0: 3 0x800071d0 (0x41708db3) x27 0xfffff5f8
core   0: 0x800071d4 (0xffdd0e83) lb      t4, -3(s10)
core   0: 3 0x800071d4 (0xffdd0e83) x29 0xffffffb1 mem 0x800150a9
core   0: 0x800071d8 (0xffbd1923) sh      s11, -14(s10)
core   0: 3 0x800071d8 (0xffbd1923) mem 0x8001509e 0xf5f8
core   0: 0x800071dc (0x0032bdb3) sltu    s11, t0, gp
core   0: 3 0x800071dc (0x0032bdb3) x27 0x00000000
core   0: 0x800071e0 (0x0000100f) fence.i
core   0: 3 0x800071e0 (0x0000100f)
core   0: 0x800071e4 (0x58373c13) sltiu   s8, a4, 1411
core   0: 3 0x800071e4 (0x58373c13) x24 0x00000001
core   0: 0x800071e8 (0xff0d0ea3) sb      a6, -3(s10)
core   0: 3 0x800071e8 (0xff0d0ea3) mem 0x800150a9 0x77
core   0: 0x800071ec (0x411b0833) sub     a6, s6, a7
core   0: 3 0x800071ec (0x411b0833) x16 0xffffff53
core   0: 0x800071f0 (0x6b0fdb17) auipc   s6, 0x6b0fd
core   0: 3 0x800071f0 (0x6b0fdb17) x22 0xeb1041f0
core   0: 0x800071f4 (0x00ba8533) add     a0, s5, a1
core   0: 3 0x800071f4 (0x00ba8533) x10 0x0000003a
core   0: 0x800071f8 (0x012cb5b3) sltu    a1, s9, s2
core   0: 3 0x800071f8 (0x012cb5b3) x11 0x00000001
core   0: 0x800071fc (0x40fa5793) srai    a5, s4, 15
core   0: 3 0x800071fc (0x40fa5793) x15 0x00000000
core   0: 0x80007200 (0xa63b4f13) xori    t5, s6, -1437
core   0: 3 0x80007200 (0xa63b4f13) x30 0x14efbb93
core   0: 0x80007204 (0x00ad0203) lb      tp, 10(s10)
core   0: 3 0x80007204 (0x00ad0203) x 4 0x00000001 mem 0x800150b6
core   0: 0x80007208 (0xffad1803) lh      a6, -6(s10)
core   0: 3 0x80007208 (0xffad1803) x16 0x00005c5d mem 0x800150a6
core   0: 0x8000720c (0x52216793) ori     a5, sp, 1314
core   0: 3 0x8000720c (0x52216793) x15 0x8002ede6
core   0: 0x80007210 (0x00fd0a83) lb      s5, 15(s10)
core   0: 3 0x80007210 (0x00fd0a83) x21 0x00000070 mem 0x800150bb
core   0: 0x80007214 (0xb50b6c17) auipc   s8, 0xb50b6
core   0: 3 0x80007214 (0xb50b6c17) x24 0x350bd214
core   0: 0x80007218 (0x010d2a03) lw      s4, 16(s10)
core   0: 3 0x80007218 (0x010d2a03) x20 0x74757677 mem 0x800150bc
core   0: 0x8000721c (0xff4d0603) lb      a2, -12(s10)
core   0: 3 0x8000721c (0xff4d0603) x12 0x0000005b mem 0x800150a0
core   0: 0x80007220 (0x00fdddb3) srl     s11, s11, a5
core   0: 3 0x80007220 (0x00fdddb3) x27 0x00000000
core   0: 0x80007224 (0xff8d1e23) sh      s8, -4(s10)
core   0: 3 0x80007224 (0xff8d1e23) mem 0x800150a8 0xd214
core   0: 0x80007228 (0x009d0383) lb      t2, 9(s10)
core   0: 3 0x80007228 (0x009d0383) x 7 0x00000051 mem 0x800150b5
core   0: 0x8000722c (0x0000c533) xor     a0, ra, zero
core   0: 3 0x8000722c (0x0000c533) x10 0x00000007
core   0: 0x80007230 (0x4d902b93) slti    s7, zero, 1241
core   0: 3 0x80007230 (0x4d902b93) x23 0x00000001
core   0: 0x80007234 (0x003d8c33) add     s8, s11, gp
core   0: 3 0x80007234 (0x003d8c33) x24 0x00000000
core   0: 0x80007238 (0x41ff0c33) sub     s8, t5, t6
core   0: 3 0x80007238 (0x41ff0c33) x24 0x14efbb92
core   0: 0x8000723c (0xb96d4c13) xori    s8, s10, -1130
core   0: 3 0x8000723c (0xb96d4c13) x24 0x7ffeab3a
core   0: 0x80007240 (0x41d0d2b3) sra     t0, ra, t4
core   0: 3 0x80007240 (0x41d0d2b3) x 5 0x00000000
core   0: 0x80007244 (0x001d4a03) lbu     s4, 1(s10)
core   0: 3 0x80007244 (0x001d4a03) x20 0x00000066 mem 0x800150ad
core   0: 0x80007248 (0x00000013) nop
core   0: 3 0x80007248 (0x00000013)
core   0: 0x8000724c (0x018d01a3) sb      s8, 3(s10)
core   0: 3 0x8000724c (0x018d01a3) mem 0x800150af 0x3a
core   0: 0x80007250 (0x001d0f83) lb      t6, 1(s10)
core   0: 3 0x80007250 (0x001d0f83) x31 0x00000066 mem 0x800150ad
core   0: 0x80007254 (0x008d0283) lb      t0, 8(s10)
core   0: 3 0x80007254 (0x008d0283) x 5 0xffffffb6 mem 0x800150b4
core   0: 0x80007258 (0x006d00a3) sb      t1, 1(s10)
core   0: 3 0x80007258 (0x006d00a3) mem 0x800150ad 0xf
core   0: 0x8000725c (0x3a9c6293) ori     t0, s8, 937
core   0: 3 0x8000725c (0x3a9c6293) x 5 0x7ffeabbb
core   0: 0x80007260 (0xffad4783) lbu     a5, -6(s10)
core   0: 3 0x80007260 (0xffad4783) x15 0x0000005d mem 0x800150a6
core   0: 0x80007264 (0x76cbeb13) ori     s6, s7, 1900
core   0: 3 0x80007264 (0x76cbeb13) x22 0x0000076d
core   0: 0x80007268 (0x8ced8717) auipc   a4, 0x8ced8
core   0: 3 0x80007268 (0x8ced8717) x14 0x0cedf268
core   0: 0x8000726c (0x4043d7b3) sra     a5, t2, tp
core   0: 3 0x8000726c (0x4043d7b3) x15 0x00000028
core   0: 0x80007270 (0x00ed5c03) lhu     s8, 14(s10)
core   0: 3 0x80007270 (0x00ed5c03) x24 0x00007071 mem 0x800150ba
core   0: 0x80007274 (0x0000e297) auipc   t0, 0xe
core   0: 3 0x80007274 (0x0000e297) x 5 0x80015274
core   0: 0x80007278 (0x17728293) addi    t0, t0, 375
core   0: 3 0x80007278 (0x17728293) x 5 0x800153eb
core   0: 0x8000727c (0xd94283a3) sb      s4, -633(t0)
core   0: 3 0x8000727c (0xd94283a3) mem 0x80015172 0x66
core   0: 0x80007280 (0xd4a9c913) xori    s2, s3, -694
core   0: 3 0x80007280 (0xd4a9c913) x18 0x7ffd532e
core   0: 0x80007284 (0x60d2ae83) lw      t4, 1549(t0)
core   0: 3 0x80007284 (0x60d2ae83) x29 0xb0b1b2b3 mem 0x800159f8
core   0: 0x80007288 (0x5e029fa3) sh      zero, 1535(t0)
core   0: 3 0x80007288 (0x5e029fa3) mem 0x800159ea 0x0000
core   0: 0x8000728c (0x59356793) ori     a5, a0, 1427
core   0: 3 0x8000728c (0x59356793) x15 0x00000597
core   0: 0x80007290 (0x07e28323) sb      t5, 102(t0)
core   0: 3 0x80007290 (0x07e28323) mem 0x80015451 0x93
core   0: 0x80007294 (0x1d728b23) sb      s7, 470(t0)
core   0: 3 0x80007294 (0x1d728b23) mem 0x800155c1 0x1
core   0: 0x80007298 (0x76328d23) sb      gp, 1914(t0)
core   0: 3 0x80007298 (0x76328d23) mem 0x80015b65 0x0
core   0: 0x8000729c (0x56e28783) lb      a5, 1390(t0)
core   0: 3 0x8000729c (0x56e28783) x15 0x00000012 mem 0x80015959
core   0: 0x800072a0 (0x2462ca83) lbu     s5, 582(t0)
core   0: 3 0x800072a0 (0x2462ca83) x21 0x000000ea mem 0x80015631
core   0: 0x800072a4 (0x00000013) nop
core   0: 3 0x800072a4 (0x00000013)
core   0: 0x800072a8 (0xe892aca3) sw      s1, -359(t0)
core   0: 3 0x800072a8 (0xe892aca3) mem 0x80015284 0x8001e96f
core   0: 0x800072ac (0x01be4bb3) xor     s7, t3, s11
core   0: 3 0x800072ac (0x01be4bb3) x23 0x0000ae67
core   0: 0x800072b0 (0xf272d883) lhu     a7, -217(t0)
core   0: 3 0x800072b0 (0xf272d883) x17 0x0000f4c9 mem 0x80015312
core   0: 0x800072b4 (0x40dc0bb3) sub     s7, s8, a3
core   0: 3 0x800072b4 (0x40dc0bb3) x23 0x80007071
core   0: 0x800072b8 (0x008358b3) srl     a7, t1, s0
core   0: 3 0x800072b8 (0x008358b3) x17 0x00000000
core   0: 0x800072bc (0x38f27493) andi    s1, tp, 911
core   0: 3 0x800072bc (0x38f27493) x 9 0x00000001
core   0: 0x800072c0 (0x12037c13) andi    s8, t1, 288
core   0: 3 0x800072c0 (0x12037c13) x24 0x00000000
core   0: 0x800072c4 (0x1832c703) lbu     a4, 387(t0)
core   0: 3 0x800072c4 (0x1832c703) x14 0x00000025 mem 0x8001556e
core   0: 0x800072c8 (0x404f8e33) sub     t3, t6, tp
core   0: 3 0x800072c8 (0x404f8e33) x28 0x00000065
core   0: 0x800072cc (0x705283a3) sb      t0, 1799(t0)
core   0: 3 0x800072cc (0x705283a3) mem 0x80015af2 0xeb
core   0: 0x800072d0 (0x00d8b7b3) sltu    a5, a7, a3
core   0: 3 0x800072d0 (0x00d8b7b3) x15 0x00000001
core   0: 0x800072d4 (0x33328383) lb      t2, 819(t0)
core   0: 3 0x800072d4 (0x33328383) x 7 0xffffffe6 mem 0x8001571e
core   0: 0x800072d8 (0x6cd2ca03) lbu     s4, 1741(t0)
core   0: 3 0x800072d8 (0x6cd2ca03) x20 0x00000073 mem 0x80015ab8
core   0: 0x800072dc (0x01963a33) sltu    s4, a2, s9
core   0: 3 0x800072dc (0x01963a33) x20 0x00000000
core   0: 0x800072e0 (0x2cf29903) lh      s2, 719(t0)
core   0: 3 0x800072e0 (0x2cf29903) x18 0x00007071 mem 0x800156ba
core   0: 0x800072e4 (0x18428f23) sb      tp, 414(t0)
core   0: 3 0x800072e4 (0x18428f23) mem 0x80015589 0x1
core   0: 0x800072e8 (0x2402ca83) lbu     s5, 576(t0)
core   0: 3 0x800072e8 (0x2402ca83) x21 0x000000e0 mem 0x8001562b
core   0: 0x800072ec (0x428287a3) sb      s0, 1071(t0)
core   0: 3 0x800072ec (0x428287a3) mem 0x8001581a 0x2c
core   0: 0x800072f0 (0x33128203) lb      tp, 817(t0)
core   0: 3 0x800072f0 (0x33128203) x 4 0xffffffd7 mem 0x8001571c
core   0: 0x800072f4 (0x3a12ca83) lbu     s5, 929(t0)
core   0: 3 0x800072f4 (0x3a12ca83) x21 0x00000047 mem 0x8001578c
core   0: 0x800072f8 (0x7f3297a3) sh      s3, 2031(t0)
core   0: 3 0x800072f8 (0x7f3297a3) mem 0x80015bda 0xae64
core   0: 0x800072fc (0x3e72d603) lhu     a2, 999(t0)
core   0: 3 0x800072fc (0x3e72d603) x12 0x00008889 mem 0x800157d2
core   0: 0x80007300 (0x0e016f13) ori     t5, sp, 224
core   0: 3 0x80007300 (0x0e016f13) x30 0x8002ece4
core   0: 0x80007304 (0xbe053913) sltiu   s2, a0, -1056
core   0: 3 0x80007304 (0xbe053913) x18 0x00000001
core   0: 0x80007308 (0x17429ea3) sh      s4, 381(t0)
core   0: 3 0x80007308 (0x17429ea3) mem 0x80015568 0x0000
core   0: 0x8000730c (0x41c28023) sb      t3, 1024(t0)
core   0: 3 0x8000730c (0x41c28023) mem 0x800157eb 0x65
core   0: 0x80007310 (0x0000e397) auipc   t2, 0xe
core   0: 3 0x80007310 (0x0000e397) x 7 0x80015310
core   0: 0x80007314 (0x77f38393) addi    t2, t2, 1919
core   0: 3 0x80007314 (0x77f38393) x 7 0x80015a8f
core   0: 0x80007318 (0x0000f717) auipc   a4, 0xf
core   0: 3 0x80007318 (0x0000f717) x14 0x80016318
core   0: 0x8000731c (0xc8170713) addi    a4, a4, -895
core   0: 3 0x8000731c (0xc8170713) x14 0x80015f99
core   0: 0x80007320 (0x0000e417) auipc   s0, 0xe
core   0: 3 0x80007320 (0x0000e417) x 8 0x80015320
core   0: 0x80007324 (0x58040413) addi    s0, s0, 1408
core   0: 3 0x80007324 (0x58040413) x 8 0x800158a0
core   0: 0x80007328 (0x0000ea97) auipc   s5, 0xe
core   0: 3 0x80007328 (0x0000ea97) x21 0x80015328
core   0: 0x8000732c (0x4f0a8a93) addi    s5, s5, 1264
core   0: 3 0x8000732c (0x4f0a8a93) x21 0x80015818
core   0: 0x80007330 (0x01870883) lb      a7, 24(a4)
core   0: 3 0x80007330 (0x01870883) x17 0x0000006a mem 0x80015fb1
core   0: 0x80007334 (0x0cd39e83) lh      t4, 205(t2)
core   0: 3 0x80007334 (0x0cd39e83) x29 0x00001617 mem 0x80015b5c
core   0: 0x80007338 (0x00974583) lbu     a1, 9(a4)
core   0: 3 0x80007338 (0x00974583) x11 0x00000059 mem 0x80015fa2
core   0: 0x8000733c (0xc29404a3) sb      s1, -983(s0)
core   0: 3 0x8000733c (0xc29404a3) mem 0x800154c9 0x1
core   0: 0x80007340 (0xfe0a8ea3) sb      zero, -3(s5)
core   0: 3 0x80007340 (0xfe0a8ea3) mem 0x80015815 0x0
core   0: 0x80007344 (0xfce74003) lbu     zero, -50(a4)
core   0: 3 0x80007344 (0xfce74003) mem 0x80015f67
core   0: 0x80007348 (0x000a9203) lh      tp, 0(s5)
core   0: 3 0x80007348 (0x000a9203) x 4 0xffffd2d3 mem 0x80015818
core   0: 0x8000734c (0x08538483) lb      s1, 133(t2)
core   0: 3 0x8000734c (0x08538483) x 9 0xffffffd7 mem 0x80015b14
core   0: 0x80007350 (0xf6e409a3) sb      a4, -141(s0)
core   0: 3 0x80007350 (0xf6e409a3) mem 0x80015813 0x99
core   0: 0x80007354 (0x03c3cf83) lbu     t6, 60(t2)
core   0: 3 0x80007354 (0x03c3cf83) x31 0x00000080 mem 0x80015acb
core   0: 0x80007358 (0xf4338e83) lb      t4, -189(t2)
core   0: 3 0x80007358 (0xf4338e83) x29 0x00000000 mem 0x800159d2
core   0: 0x8000735c (0xf9539783) lh      a5, -107(t2)
core   0: 3 0x8000735c (0xf9539783) x15 0xffffdedf mem 0x80015a24
core   0: 0x80007360 (0xffea8903) lb      s2, -2(s5)
core   0: 3 0x80007360 (0xffea8903) x18 0xffffffcd mem 0x80015816
core   0: 0x80007364 (0x04a41803) lh      a6, 74(s0)
core   0: 3 0x80007364 (0x04a41803) x16 0xffffa0a1 mem 0x800158ea
core   0: 0x80007368 (0x01ea8623) sb      t5, 12(s5)
core   0: 3 0x80007368 (0x01ea8623) mem 0x80015824 0xe4
core   0: 0x8000736c (0x05b383a3) sb      s11, 71(t2)
core   0: 3 0x8000736c (0x05b383a3) mem 0x80015ad6 0x0
core   0: 0x80007370 (0xeb645b03) lhu     s6, -330(s0)
core   0: 3 0x80007370 (0xeb645b03) x22 0x00000000 mem 0x80015756
core   0: 0x80007374 (0x01975183) lhu     gp, 25(a4)
core   0: 3 0x80007374 (0x01975183) x 3 0x00006869 mem 0x80015fb2
core   0: 0x80007378 (0x006a9183) lh      gp, 6(s5)
core   0: 3 0x80007378 (0x006a9183) x 3 0xffffd4d5 mem 0x8001581e
core   0: 0x8000737c (0xd9a45783) lhu     a5, -614(s0)
core   0: 3 0x8000737c (0xd9a45783) x15 0x0000f0f1 mem 0x8001563a
core   0: 0x80007380 (0xf2d41023) sh      a3, -224(s0)
core   0: 3 0x80007380 (0xf2d41023) mem 0x800157c0 0x0000
core   0: 0x80007384 (0x02670e23) sb      t1, 60(a4)
core   0: 3 0x80007384 (0x02670e23) mem 0x80015fd5 0xf
core   0: 0x80007388 (0x03739483) lh      s1, 55(t2)
core   0: 3 0x80007388 (0x03739483) x 9 0x00007c7d mem 0x80015ac6
core   0: 0x8000738c (0xfc470e83) lb      t4, -60(a4)
core   0: 3 0x8000738c (0xfc470e83) x29 0x00000016 mem 0x80015f5d
core   0: 0x80007390 (0xfe43cb83) lbu     s7, -28(t2)
core   0: 3 0x80007390 (0xfe43cb83) x23 0x00000028 mem 0x80015a73
core   0: 0x80007394 (0x00016f97) auipc   t6, 0x16
core   0: 3 0x80007394 (0x00016f97) x31 0x8001d394
core   0: 0x80007398 (0x9b6f8f93) addi    t6, t6, -1610
core   0: 3 0x80007398 (0x9b6f8f93) x31 0x8001cd4a
core   0: 0x8000739c (0x401ad433) sra     s0, s5, ra
core   0: 3 0x8000739c (0x401ad433) x 8 0xff0002b0
core   0: 0x800073a0 (0xfb2fc483) lbu     s1, -78(t6)
core   0: 3 0x800073a0 (0xfb2fc483) x 9 0x000000b7 mem 0x8001ccfc
core   0: 0x800073a4 (0x01cdb5b3) sltu    a1, s11, t3
core   0: 3 0x800073a4 (0x01cdb5b3) x11 0x00000001
core   0: 0x800073a8 (0x174fdc83) lhu     s9, 372(t6)
core   0: 3 0x800073a8 (0x174fdc83) x25 0x00007475 mem 0x8001cebe
core   0: 0x800073ac (0xbabf8b03) lb      s6, -1109(t6)
core   0: 3 0x800073ac (0xbabf8b03) x22 0xffffffae mem 0x8001c8f5
core   0: 0x800073b0 (0x0000100f) fence.i
core   0: 3 0x800073b0 (0x0000100f)
core   0: 0x800073b4 (0x00000013) nop
core   0: 3 0x800073b4 (0x00000013)
core   0: 0x800073b8 (0x7acfc283) lbu     t0, 1964(t6)
core   0: 3 0x800073b8 (0x7acfc283) x 5 0x000000ad mem 0x8001d4f6
core   0: 0x800073bc (0x4cef84a3) sb      a4, 1225(t6)
core   0: 3 0x800073bc (0x4cef84a3) mem 0x8001d213 0x99
core   0: 0x800073c0 (0xd01f88a3) sb      ra, -751(t6)
core   0: 3 0x800073c0 (0xd01f88a3) mem 0x8001ca5b 0x7
core   0: 0x800073c4 (0x6abd6093) ori     ra, s10, 1707
core   0: 3 0x800073c4 (0x6abd6093) x 1 0x800156af
core   0: 0x800073c8 (0x21ff87a3) sb      t6, 527(t6)
core   0: 3 0x800073c8 (0x21ff87a3) mem 0x8001cf59 0x4a
core   0: 0x800073cc (0x77331bb7) lui     s7, 0x77331
core   0: 3 0x800073cc (0x77331bb7) x23 0x77331000
core   0: 0x800073d0 (0x00be5633) srl     a2, t3, a1
core   0: 3 0x800073d0 (0x00be5633) x12 0x00000032
core   0: 0x800073d4 (0x74f23637) lui     a2, 0x74f23
core   0: 3 0x800073d4 (0x74f23637) x12 0x74f23000
core   0: 0x800073d8 (0x00e2a8b3) slt     a7, t0, a4
core   0: 3 0x800073d8 (0x00e2a8b3) x17 0x00000000
core   0: 0x800073dc (0x4abfc503) lbu     a0, 1195(t6)
core   0: 3 0x800073dc (0x4abfc503) x10 0x000000ae mem 0x8001d1f5
core   0: 0x800073e0 (0x01fc9813) slli    a6, s9, 31
core   0: 3 0x800073e0 (0x01fc9813) x16 0x80000000
core   0: 0x800073e4 (0x4115b293) sltiu   t0, a1, 1041
core   0: 3 0x800073e4 (0x4115b293) x 5 0x00000001
core   0: 0x800073e8 (0x00b2c633) xor     a2, t0, a1
core   0: 3 0x800073e8 (0x00b2c633) x12 0x00000000
core   0: 0x800073ec (0x412c5313) srai    t1, s8, 18
core   0: 3 0x800073ec (0x412c5313) x 6 0x00000000
core   0: 0x800073f0 (0x40ac8633) sub     a2, s9, a0
core   0: 3 0x800073f0 (0x40ac8633) x12 0x000073c7
core   0: 0x800073f4 (0x01edb3b3) sltu    t2, s11, t5
core   0: 3 0x800073f4 (0x01edb3b3) x 7 0x00000001
core   0: 0x800073f8 (0xec4f9603) lh      a2, -316(t6)
core   0: 3 0x800073f8 (0xec4f9603) x12 0xffffc4c5 mem 0x8001cc0e
core   0: 0x800073fc (0x8ef2b493) sltiu   s1, t0, -1809
core   0: 3 0x800073fc (0x8ef2b493) x 9 0x00000001
core   0: 0x80007400 (0x01921193) slli    gp, tp, 25
core   0: 3 0x80007400 (0x01921193) x 3 0xa6000000
core   0: 0x80007404 (0x547fc383) lbu     t2, 1351(t6)
core   0: 3 0x80007404 (0x547fc383) x 7 0x0000004a mem 0x8001d291
core   0: 0x80007408 (0xfa9f8783) lb      a5, -87(t6)
core   0: 3 0x80007408 (0xfa9f8783) x15 0xffffffa8 mem 0x8001ccf3
core   0: 0x8000740c (0x0000fb17) auipc   s6, 0xf
core   0: 3 0x8000740c (0x0000fb17) x22 0x8001640c
core   0: 0x80007410 (0x974b0b13) addi    s6, s6, -1676
core   0: 3 0x80007410 (0x974b0b13) x22 0x80015d80
core   0: 0x80007414 (0x41e18eb3) sub     t4, gp, t5
core   0: 3 0x80007414 (0x41e18eb3) x29 0x25fd131c
core   0: 0x80007418 (0x03fb0ca3) sb      t6, 57(s6)
core   0: 3 0x80007418 (0x03fb0ca3) mem 0x80015db9 0x4a
core   0: 0x8000741c (0x007b4883) lbu     a7, 7(s6)
core   0: 3 0x8000741c (0x007b4883) x17 0x0000003c mem 0x80015d87
core   0: 0x80007420 (0x004a45b3) xor     a1, s4, tp
core   0: 3 0x80007420 (0x004a45b3) x11 0xffffd2d3
core   0: 0x80007424 (0x01ab03a3) sb      s10, 7(s6)
core   0: 3 0x80007424 (0x01ab03a3) mem 0x80015d87 0xac
core   0: 0x80007428 (0x031b4303) lbu     t1, 49(s6)
core   0: 3 0x80007428 (0x031b4303) x 6 0x0000006a mem 0x80015db1
core   0: 0x8000742c (0x02eb08a3) sb      a4, 49(s6)
core   0: 3 0x8000742c (0x02eb08a3) mem 0x80015db1 0x99
core   0: 0x80007430 (0x0ff0000f) fence   iorw,iorw
core   0: 3 0x80007430 (0x0ff0000f)
core   0: 0x80007434 (0xfc1b0123) sb      ra, -62(s6)
core   0: 3 0x80007434 (0xfc1b0123) mem 0x80015d42 0xaf
core   0: 0x80007438 (0xfc3b0ba3) sb      gp, -41(s6)
core   0: 3 0x80007438 (0xfc3b0ba3) mem 0x80015d57 0x0
core   0: 0x8000743c (0x008b01a3) sb      s0, 3(s6)
core   0: 3 0x8000743c (0x008b01a3) mem 0x80015d83 0xb0
core   0: 0x80007440 (0x031b01a3) sb      a7, 35(s6)
core   0: 3 0x80007440 (0x031b01a3) mem 0x80015da3 0x3c
core   0: 0x80007444 (0x06f89517) auipc   a0, 0x6f89
core   0: 3 0x80007444 (0x06f89517) x10 0x86f90444
core   0: 0x80007448 (0xffcb0003) lb      zero, -4(s6)
core   0: 3 0x80007448 (0xffcb0003) mem 0x80015d7c
core   0: 0x8000744c (0x03db0f83) lb      t6, 61(s6)
core   0: 3 0x8000744c (0x03db0f83) x31 0x00000076 mem 0x80015dbd
core   0: 0x80007450 (0x010b1f23) sh      a6, 30(s6)
core   0: 3 0x80007450 (0x010b1f23) mem 0x80015d9e 0x0000
core   0: 0x80007454 (0xfeab2e23) sw      a0, -4(s6)
core   0: 3 0x80007454 (0xfeab2e23) mem 0x80015d7c 0x86f90444
core   0: 0x80007458 (0x0000e517) auipc   a0, 0xe
core   0: 3 0x80007458 (0x0000e517) x10 0x80015458
core   0: 0x8000745c (0x1ce50513) addi    a0, a0, 462
core   0: 3 0x8000745c (0x1ce50513) x10 0x80015626
core   0: 0x80007460 (0x00a1fc33) and     s8, gp, a0
core   0: 3 0x80007460 (0x00a1fc33) x24 0x80000000
core   0: 0x80007464 (0x091502a3) sb      a7, 133(a0)
core   0: 3 0x80007464 (0x091502a3) mem 0x800156ab 0x3c
core   0: 0x80007468 (0xea6c7197) auipc   gp, 0xea6c7
core   0: 3 0x80007468 (0xea6c7197) x 3 0x6a6ce468
core   0: 0x8000746c (0x0ff0000f) fence   iorw,iorw
core   0: 3 0x8000746c (0x0ff0000f)
core   0: 0x80007470 (0x4028d733) sra     a4, a7, sp
core   0: 3 0x80007470 (0x4028d733) x14 0x00000003
core   0: 0x80007474 (0x0b250483) lb      s1, 178(a0)
core   0: 3 0x80007474 (0x0b250483) x 9 0xffffff93 mem 0x800156d8
core   0: 0x80007478 (0x00c00633) add     a2, zero, a2
core   0: 3 0x80007478 (0x00c00633) x12 0xffffc4c5
core   0: 0x8000747c (0xfc4503a3) sb      tp, -57(a0)
core   0: 3 0x8000747c (0xfc4503a3) mem 0x800155ed 0xd3
core   0: 0x80007480 (0x0d251223) sh      s2, 196(a0)
core   0: 3 0x80007480 (0x0d251223) mem 0x800156ea 0xffcd
core   0: 0x80007484 (0x01676033) or      zero, a4, s6
core   0: 3 0x80007484 (0x01676033)
core   0: 0x80007488 (0x041500a3) sb      ra, 65(a0)
core   0: 3 0x80007488 (0x041500a3) mem 0x80015667 0xaf
core   0: 0x8000748c (0x0000100f) fence.i
core   0: 3 0x8000748c (0x0000100f)
core   0: 0x80007490 (0x0000100f) fence.i
core   0: 3 0x80007490 (0x0000100f)
core   0: 0x80007494 (0x6079e313) ori     t1, s3, 1543
core   0: 3 0x80007494 (0x6079e313) x 6 0x8002ae67
core   0: 0x80007498 (0x0e354f83) lbu     t6, 227(a0)
core   0: 3 0x80007498 (0x0e354f83) x31 0x000000c2 mem 0x80015709
core   0: 0x8000749c (0xf9554b03) lbu     s6, -107(a0)
core   0: 3 0x8000749c (0xf9554b03) x22 0x00000070 mem 0x800155bb
core   0: 0x800074a0 (0xf7254903) lbu     s2, -142(a0)
core   0: 3 0x800074a0 (0xf7254903) x18 0x00000053 mem 0x80015598
core   0: 0x800074a4 (0x78922593) slti    a1, tp, 1929
core   0: 3 0x800074a4 (0x78922593) x11 0x00000001
core   0: 0x800074a8 (0x01beef13) ori     t5, t4, 27
core   0: 3 0x800074a8 (0x01beef13) x30 0x25fd131f
core   0: 0x800074ac (0x006fb033) sltu    zero, t6, t1
core   0: 3 0x800074ac (0x006fb033)
core   0: 0x800074b0 (0x01a5bab3) sltu    s5, a1, s10
core   0: 3 0x800074b0 (0x01a5bab3) x21 0x00000001
core   0: 0x800074b4 (0x01cb5c33) srl     s8, s6, t3
core   0: 3 0x800074b4 (0x01cb5c33) x24 0x00000003
core   0: 0x800074b8 (0x0e4507a3) sb      tp, 239(a0)
core   0: 3 0x800074b8 (0x0e4507a3) mem 0x80015715 0xd3
core   0: 0x800074bc (0x1cd08013) addi    zero, ra, 461
core   0: 3 0x800074bc (0x1cd08013)
core   0: 0x800074c0 (0x0cd50a03) lb      s4, 205(a0)
core   0: 3 0x800074c0 (0x0cd50a03) x20 0xffffff81 mem 0x800156f3
core   0: 0x800074c4 (0x00fc0333) add     t1, s8, a5
core   0: 3 0x800074c4 (0x00fc0333) x 6 0xffffffab
core   0: 0x800074c8 (0x01f281b3) add     gp, t0, t6
core   0: 3 0x800074c8 (0x01f281b3) x 3 0x000000c3
core   0: 0x800074cc (0x04a50da3) sb      a0, 91(a0)
core   0: 3 0x800074cc (0x04a50da3) mem 0x80015681 0x26
core   0: 0x800074d0 (0xfa551023) sh      t0, -96(a0)
core   0: 3 0x800074d0 (0xfa551023) mem 0x800155c6 0x0001
core   0: 0x800074d4 (0x40c9d413) srai    s0, s3, 12
core   0: 3 0x800074d4 (0x40c9d413) x 8 0xfff8002a
core   0: 0x800074d8 (0x01b50003) lb      zero, 27(a0)
core   0: 3 0x800074d8 (0x01b50003) mem 0x80015641
core   0: 0x800074dc (0x8afc2713) slti    a4, s8, -1873
core   0: 3 0x800074dc (0x8afc2713) x14 0x00000000
core   0: 0x800074e0 (0xf7e509a3) sb      t5, -141(a0)
core   0: 3 0x800074e0 (0xf7e509a3) mem 0x80015599 0x1f
core   0: 0x800074e4 (0x405edab3) sra     s5, t4, t0
core   0: 3 0x800074e4 (0x405edab3) x21 0x12fe898e
core   0: 0x800074e8 (0xff1505a3) sb      a7, -21(a0)
core   0: 3 0x800074e8 (0xff1505a3) mem 0x80015611 0x3c
core   0: 0x800074ec (0x0d5505a3) sb      s5, 203(a0)
core   0: 3 0x800074ec (0x0d5505a3) mem 0x800156f1 0x8e
core   0: 0x800074f0 (0x0002ffb3) and     t6, t0, zero
core   0: 3 0x800074f0 (0x0002ffb3) x31 0x00000000
core   0: 0x800074f4 (0x43dc3093) sltiu   ra, s8, 1085
core   0: 3 0x800074f4 (0x43dc3093) x 1 0x00000001
core   0: 0x800074f8 (0x01e51603) lh      a2, 30(a0)
core   0: 3 0x800074f8 (0x01e51603) x12 0xfffffeff mem 0x80015644
core   0: 0x800074fc (0x05754d83) lbu     s11, 87(a0)
core   0: 3 0x800074fc (0x05754d83) x27 0x00000036 mem 0x8001567d
core   0: 0x80007500 (0x0f850403) lb      s0, 248(a0)
core   0: 3 0x80007500 (0x0f850403) x 8 0xffffffe6 mem 0x8001571e
core   0: 0x80007504 (0x0000100f) fence.i
core   0: 3 0x80007504 (0x0000100f)
core   0: 0x80007508 (0x267c4f93) xori    t6, s8, 615
core   0: 3 0x80007508 (0x267c4f93) x31 0x00000264
core   0: 0x8000750c (0x01a74633) xor     a2, a4, s10
core   0: 3 0x8000750c (0x01a74633) x12 0x800150ac
core   0: 0x80007510 (0xf9251283) lh      t0, -110(a0)
core   0: 3 0x80007510 (0xf9251283) x 5 0x00007273 mem 0x800155b8
core   0: 0x80007514 (0xf3150a03) lb      s4, -207(a0)
core   0: 3 0x80007514 (0xf3150a03) x20 0x0000000c mem 0x80015557
core   0: 0x80007518 (0x0000e897) auipc   a7, 0xe
core   0: 3 0x80007518 (0x0000e897) x17 0x80015518
core   0: 0x8000751c (0x5b388893) addi    a7, a7, 1459
core   0: 3 0x8000751c (0x5b388893) x17 0x80015acb
core   0: 0x80007520 (0x0000f497) auipc   s1, 0xf
core   0: 3 0x80007520 (0x0000f497) x 9 0x80016520
core   0: 0x80007524 (0x85c48493) addi    s1, s1, -1956
core   0: 3 0x80007524 (0x85c48493) x 9 0x80015d7c
core   0: 0x80007528 (0x01c8a2a3) sw      t3, 5(a7)
core   0: 3 0x80007528 (0x01c8a2a3) mem 0x80015ad0 0x00000065
core   0: 0x8000752c (0x0000ec97) auipc   s9, 0xe
core   0: 3 0x8000752c (0x0000ec97) x25 0x8001552c
core   0: 0x80007530 (0xc9ac8c93) addi    s9, s9, -870
core   0: 3 0x80007530 (0xc9ac8c93) x25 0x800151c6
core   0: 0x80007534 (0x0000ea17) auipc   s4, 0xe
core   0: 3 0x80007534 (0x0000ea17) x20 0x80015534
core   0: 0x80007538 (0x460a0a13) addi    s4, s4, 1120
core   0: 3 0x80007538 (0x460a0a13) x20 0x80015994
core   0: 0x8000753c (0xfcfcce03) lbu     t3, -49(s9)
core   0: 3 0x8000753c (0xfcfcce03) x28 0x0000004e mem 0x80015195
core   0: 0x80007540 (0x01688223) sb      s6, 4(a7)
core   0: 3 0x80007540 (0x01688223) mem 0x80015acf 0x70
core   0: 0x80007544 (0x0000e197) auipc   gp, 0xe
core   0: 3 0x80007544 (0x0000e197) x 3 0x80015544
core   0: 0x80007548 (0x41418193) addi    gp, gp, 1044
core   0: 3 0x80007548 (0x41418193) x 3 0x80015958
core   0: 0x8000754c (0xfeec81a3) sb      a4, -29(s9)
core   0: 3 0x8000754c (0xfeec81a3) mem 0x800151a9 0x0
core   0: 0x80007550 (0x025cc203) lbu     tp, 37(s9)
core   0: 3 0x80007550 (0x025cc203) x 4 0x000000a0 mem 0x800151eb
core   0: 0x80007554 (0xfe34c403) lbu     s0, -29(s1)
core   0: 3 0x80007554 (0xfe34c403) x 8 0x00000014 mem 0x80015d5f
core   0: 0x80007558 (0xfd84ab83) lw      s7, -40(s1)
core   0: 3 0x80007558 (0xfd84ab83) x23 0x000d560f mem 0x80015d54
core   0: 0x8000755c (0x013c8ea3) sb      s3, 29(s9)
core   0: 3 0x8000755c (0x013c8ea3) mem 0x800151e3 0x64
core   0: 0x80007560 (0x00618e83) lb      t4, 6(gp)
core   0: 3 0x80007560 (0x00618e83) x29 0x00000015 mem 0x8001595e
core   0: 0x80007564 (0xff1c8c03) lb      s8, -15(s9)
core   0: 3 0x80007564 (0xff1c8c03) x24 0x0000006c mem 0x800151b7
core   0: 0x80007568 (0x00d88703) lb      a4, 13(a7)
core   0: 3 0x80007568 (0x00d88703) x14 0xffffff93 mem 0x80015ad8
core   0: 0x8000756c (0x01f4cb83) lbu     s7, 31(s1)
core   0: 3 0x8000756c (0x01f4cb83) x23 0x00000050 mem 0x80015d9b
core   0: 0x80007570 (0x01f485a3) sb      t6, 11(s1)
core   0: 3 0x80007570 (0x01f485a3) mem 0x80015d87 0x64
core   0: 0x80007574 (0x0081ab03) lw      s6, 8(gp)
core   0: 3 0x80007574 (0x0081ab03) x22 0x1819411b mem 0x80015960
core   0: 0x80007578 (0x0384cf83) lbu     t6, 56(s1)
core   0: 3 0x80007578 (0x0384cf83) x31 0x0000006f mem 0x80015db4
core   0: 0x8000757c (0x0061c603) lbu     a2, 6(gp)
core   0: 3 0x8000757c (0x0061c603) x12 0x00000015 mem 0x8001595e
core   0: 0x80007580 (0x01f19723) sh      t6, 14(gp)
core   0: 3 0x80007580 (0x01f19723) mem 0x80015966 0x006f
core   0: 0x80007584 (0xfe1c9c23) sh      ra, -8(s9)
core   0: 3 0x80007584 (0xfe1c9c23) mem 0x800151be 0x0001
core   0: 0x80007588 (0xfe5a09a3) sb      t0, -13(s4)
core   0: 3 0x80007588 (0xfe5a09a3) mem 0x80015987 0x73
core   0: 0x8000758c (0x01e885a3) sb      t5, 11(a7)
core   0: 3 0x8000758c (0x01e885a3) mem 0x80015ad6 0x1f
core   0: 0x80007590 (0xffd486a3) sb      t4, -19(s1)
core   0: 3 0x80007590 (0xffd486a3) mem 0x80015d69 0x15
core   0: 0x80007594 (0x01888323) sb      s8, 6(a7)
core   0: 3 0x80007594 (0x01888323) mem 0x80015ad1 0x6c
core   0: 0x80007598 (0xff518503) lb      a0, -11(gp)
core   0: 3 0x80007598 (0xff518503) x10 0x00000000 mem 0x8001594d
core   0: 0x8000759c (0xff2a0ca3) sb      s2, -7(s4)
core   0: 3 0x8000759c (0xff2a0ca3) mem 0x8001598d 0x53
core   0: 0x800075a0 (0xffa88803) lb      a6, -6(a7)
core   0: 3 0x800075a0 (0xffa88803) x16 0x0000007e mem 0x80015ac5
core   0: 0x800075a4 (0x036cd703) lhu     a4, 54(s9)
core   0: 3 0x800075a4 (0x036cd703) x14 0x0000b6b7 mem 0x800151fc
core   0: 0x800075a8 (0xffea0b03) lb      s6, -2(s4)
core   0: 3 0x800075a8 (0xffea0b03) x22 0x00000049 mem 0x80015992
core   0: 0x800075ac (0xfe6a1823) sh      t1, -16(s4)
core   0: 3 0x800075ac (0xfe6a1823) mem 0x80015984 0xffab
core   0: 0x800075b0 (0xff21d003) lhu     zero, -14(gp)
core   0: 3 0x800075b0 (0xff21d003) mem 0x8001594a
core   0: 0x800075b4 (0x01e48723) sb      t5, 14(s1)
core   0: 3 0x800075b4 (0x01e48723) mem 0x80015d8a 0x1f
core   0: 0x800075b8 (0xfe1c8203) lb      tp, -31(s9)
core   0: 3 0x800075b8 (0xfe1c8203) x 4 0x0000005c mem 0x800151a7
core   0: 0x800075bc (0x00d181a3) sb      a3, 3(gp)
core   0: 3 0x800075bc (0x00d181a3) mem 0x8001595b 0x0
core   0: 0x800075c0 (0x00088203) lb      tp, 0(a7)
core   0: 3 0x800075c0 (0x00088203) x 4 0xffffff80 mem 0x80015acb
core   0: 0x800075c4 (0x001a0283) lb      t0, 1(s4)
core   0: 3 0x800075c4 (0x001a0283) x 5 0x0000004e mem 0x80015995
core   0: 0x800075c8 (0xff619083) lh      ra, -10(gp)
core   0: 3 0x800075c8 (0xff619083) x 1 0x00000405 mem 0x8001594e
core   0: 0x800075cc (0x03a4d703) lhu     a4, 58(s1)
core   0: 3 0x800075cc (0x03a4d703) x14 0x00006c6d mem 0x80015db6
core   0: 0x800075d0 (0x0001be17) auipc   t3, 0x1b
core   0: 3 0x800075d0 (0x0001be17) x28 0x800225d0
core   0: 0x800075d4 (0xbf7e0e13) addi    t3, t3, -1033
core   0: 3 0x800075d4 (0xbf7e0e13) x28 0x800221c7
core   0: 0x800075d8 (0xfca06713) ori     a4, zero, -54
core   0: 3 0x800075d8 (0xfca06713) x14 0xffffffca
core   0: 0x800075dc (0x00754733) xor     a4, a0, t2
core   0: 3 0x800075dc (0x00754733) x14 0x0000004a
core   0: 0x800075e0 (0x95712397) auipc   t2, 0x95712
core   0: 3 0x800075e0 (0x95712397) x 7 0x157195e0
core   0: 0x800075e4 (0x005287b3) add     a5, t0, t0
core   0: 3 0x800075e4 (0x005287b3) x15 0x0000009c
core   0: 0x800075e8 (0x00ffcc33) xor     s8, t6, a5
core   0: 3 0x800075e8 (0x00ffcc33) x24 0x000000f3
core   0: 0x800075ec (0xef348f17) auipc   t5, 0xef348
core   0: 3 0x800075ec (0xef348f17) x30 0x6f34f5ec
core   0: 0x800075f0 (0x3f6dd617) auipc   a2, 0x3f6dd
core   0: 3 0x800075f0 (0x3f6dd617) x12 0xbf6e45f0
core   0: 0x800075f4 (0x00055b13) srli    s6, a0, 0
core   0: 3 0x800075f4 (0x00055b13) x22 0x00000000
core   0: 0x800075f8 (0x2bee4283) lbu     t0, 702(t3)
core   0: 3 0x800075f8 (0x2bee4283) x 5 0x0000003e mem 0x80022485
core   0: 0x800075fc (0x5adfed93) ori     s11, t6, 1453
core   0: 3 0x800075fc (0x5adfed93) x27 0x000005ef
core   0: 0x80007600 (0x4e5e0ea3) sb      t0, 1277(t3)
core   0: 3 0x80007600 (0x4e5e0ea3) mem 0x800226c4 0x3e
core   0: 0x80007604 (0x8351c393) xori    t2, gp, -1995
core   0: 3 0x80007604 (0x8351c393) x 7 0x7ffea16d
core   0: 0x80007608 (0xa7bd3493) sltiu   s1, s10, -1413
core   0: 3 0x80007608 (0xa7bd3493) x 9 0x00000001
core   0: 0x8000760c (0x01a14cb3) xor     s9, sp, s10
core   0: 3 0x8000760c (0x01a14cb3) x25 0x0003bc48
core   0: 0x80007610 (0x28048313) addi    t1, s1, 640
core   0: 3 0x80007610 (0x28048313) x 6 0x00000281
core   0: 0x80007614 (0xa773f793) andi    a5, t2, -1417
core   0: 3 0x80007614 (0xa773f793) x15 0x7ffea065
core   0: 0x80007618 (0x0d1e08a3) sb      a7, 209(t3)
core   0: 3 0x80007618 (0x0d1e08a3) mem 0x80022298 0xcb
core   0: 0x8000761c (0x01549a33) sll     s4, s1, s5
core   0: 3 0x8000761c (0x01549a33) x20 0x00004000
core   0: 0x80007620 (0xb16e4a03) lbu     s4, -1258(t3)
core   0: 3 0x80007620 (0xb16e4a03) x20 0x00000096 mem 0x80021cdd
core   0: 0x80007624 (0xfa468bb7) lui     s7, 0xfa468
core   0: 3 0x80007624 (0xfa468bb7) x23 0xfa468000
core   0: 0x80007628 (0x8b5e5903) lhu     s2, -1867(t3)
core   0: 3 0x80007628 (0x8b5e5903) x18 0x00003637 mem 0x80021a7c
core   0: 0x8000762c (0x8fe22d13) slti    s10, tp, -1794
core   0: 3 0x8000762c (0x8fe22d13) x26 0x00000000
core   0: 0x80007630 (0x00bd9a13) slli    s4, s11, 11
core   0: 3 0x80007630 (0x00bd9a13) x20 0x002f7800
core   0: 0x80007634 (0x00fd1733) sll     a4, s10, a5
core   0: 3 0x80007634 (0x00fd1733) x14 0x00000000
core   0: 0x80007638 (0x0000100f) fence.i
core   0: 3 0x80007638 (0x0000100f)
core   0: 0x8000763c (0x0182d233) srl     tp, t0, s8
core   0: 3 0x8000763c (0x0182d233) x 4 0x00000000
core   0: 0x80007640 (0x01662eb3) slt     t4, a2, s6
core   0: 3 0x80007640 (0x01662eb3) x29 0x00000001
core   0: 0x80007644 (0x09c30f37) lui     t5, 0x9c30
core   0: 3 0x80007644 (0x09c30f37) x30 0x09c30000
core   0: 0x80007648 (0x0033ebb3) or      s7, t2, gp
core   0: 3 0x80007648 (0x0033ebb3) x23 0xfffff97d
core   0: 0x8000764c (0x00000013) nop
core   0: 3 0x8000764c (0x00000013)
core   0: 0x80007650 (0xc7ee0c83) lb      s9, -898(t3)
core   0: 3 0x80007650 (0xc7ee0c83) x25 0xfffffffe mem 0x80021e45
core   0: 0x80007654 (0x81ac5837) lui     a6, 0x81ac5
core   0: 3 0x80007654 (0x81ac5837) x16 0x81ac5000
core   0: 0x80007658 (0xef42fa13) andi    s4, t0, -268
core   0: 3 0x80007658 (0xef42fa13) x20 0x00000034
core   0: 0x8000765c (0x41ee0183) lb      gp, 1054(t3)
core   0: 3 0x8000765c (0x41ee0183) x 3 0xffffff9e mem 0x800225e5
core   0: 0x80007660 (0x2d0e0ba3) sb      a6, 727(t3)
core   0: 3 0x80007660 (0x2d0e0ba3) mem 0x8002249e 0x0
core   0: 0x80007664 (0x511e5483) lhu     s1, 1297(t3)
core   0: 3 0x80007664 (0x511e5483) x 9 0x00009293 mem 0x800226d8
core   0: 0x80007668 (0x49596313) ori     t1, s2, 1173
core   0: 3 0x80007668 (0x49596313) x 6 0x000036b7
core   0: 0x8000766c (0xa67e1783) lh      a5, -1433(t3)
core   0: 3 0x8000766c (0xa67e1783) x15 0xffffe4e5 mem 0x80021c2e
core   0: 0x80007670 (0x0000f797) auipc   a5, 0xf
core   0: 3 0x80007670 (0x0000f797) x15 0x80016670
core   0: 0x80007674 (0x8b178793) addi    a5, a5, -1871
core   0: 3 0x80007674 (0x8b178793) x15 0x80015f21
core   0: 0x80007678 (0xbd5cc613) xori    a2, s9, -1067
core   0: 3 0x80007678 (0xbd5cc613) x12 0x0000042b
core   0: 0x8000767c (0x0097d883) lhu     a7, 9(a5)
core   0: 3 0x8000767c (0x0097d883) x17 0x0000e0e8 mem 0x80015f2a
core   0: 0x80007680 (0x00478383) lb      t2, 4(a5)
core   0: 3 0x80007680 (0x00478383) x 7 0xffffffde mem 0x80015f25
core   0: 0x80007684 (0x00a78403) lb      s0, 10(a5)
core   0: 3 0x80007684 (0x00a78403) x 8 0xffffffe0 mem 0x80015f2b
core   0: 0x80007688 (0x0097c283) lbu     t0, 9(a5)
core   0: 3 0x80007688 (0x0097c283) x 5 0x000000e8 mem 0x80015f2a
core   0: 0x8000768c (0x00f78523) sb      a5, 10(a5)
core   0: 3 0x8000768c (0x00f78523) mem 0x80015f2b 0x21
core   0: 0x80007690 (0xffe78b83) lb      s7, -2(a5)
core   0: 3 0x80007690 (0xffe78b83) x23 0xffffffd4 mem 0x80015f1f
core   0: 0x80007694 (0x0007c183) lbu     gp, 0(a5)
core   0: 3 0x80007694 (0x0007c183) x 3 0x000000da mem 0x80015f21
core   0: 0x80007698 (0x0016e8b3) or      a7, a3, ra
core   0: 3 0x80007698 (0x0016e8b3) x17 0x80000405
core   0: 0x8000769c (0x01478223) sb      s4, 4(a5)
core   0: 3 0x8000769c (0x01478223) mem 0x80015f25 0x34
core   0: 0x800076a0 (0x0ff0000f) fence   iorw,iorw
core   0: 3 0x800076a0 (0x0ff0000f)
core   0: 0x800076a4 (0xfe97aba3) sw      s1, -9(a5)
core   0: 3 0x800076a4 (0xfe97aba3) mem 0x80015f18 0x00009293
core   0: 0x800076a8 (0x01dceeb3) or      t4, s9, t4
core   0: 3 0x800076a8 (0x01dceeb3) x29 0xffffffff
core   0: 0x800076ac (0x00f7cf03) lbu     t5, 15(a5)
core   0: 3 0x800076ac (0x00f7cf03) x30 0x000000eb mem 0x80015f30
core   0: 0x800076b0 (0x16330313) addi    t1, t1, 355
core   0: 3 0x800076b0 (0x16330313) x 6 0x0000381a
core   0: 0x800076b4 (0x74924213) xori    tp, tp, 1865
core   0: 3 0x800076b4 (0x74924213) x 4 0x00000749
core   0: 0x800076b8 (0xff77a283) lw      t0, -9(a5)
core   0: 3 0x800076b8 (0xff77a283) x 5 0x00009293 mem 0x80015f18
core   0: 0x800076bc (0x41bdd013) srai    zero, s11, 27
core   0: 3 0x800076bc (0x41bdd013)
core   0: 0x800076c0 (0x01078603) lb      a2, 16(a5)
core   0: 3 0x800076c0 (0x01078603) x12 0xffffffea mem 0x80015f31
core   0: 0x800076c4 (0x00118cb3) add     s9, gp, ra
core   0: 3 0x800076c4 (0x00118cb3) x25 0x000004df
core   0: 0x800076c8 (0x40575033) sra     zero, a4, t0
core   0: 3 0x800076c8 (0x40575033)
core   0: 0x800076cc (0x40cadc33) sra     s8, s5, a2
core   0: 3 0x800076cc (0x40cadc33) x24 0x0004bfa2
core   0: 0x800076d0 (0x0000100f) fence.i
core   0: 3 0x800076d0 (0x0000100f)
core   0: 0x800076d4 (0x003791a3) sh      gp, 3(a5)
core   0: 3 0x800076d4 (0x003791a3) mem 0x80015f24 0x00da
core   0: 0x800076d8 (0x00ddee33) or      t3, s11, a3
core   0: 3 0x800076d8 (0x00ddee33) x28 0x800005ef
core   0: 0x800076dc (0x151baa13) slti    s4, s7, 337
core   0: 3 0x800076dc (0x151baa13) x20 0x00000001
core   0: 0x800076e0 (0x0ff0000f) fence   iorw,iorw
core   0: 3 0x800076e0 (0x0ff0000f)
core   0: 0x800076e4 (0x21c96a13) ori     s4, s2, 540
core   0: 3 0x800076e4 (0x21c96a13) x20 0x0000363f
core   0: 0x800076e8 (0x3741aa93) slti    s5, gp, 884
core   0: 3 0x800076e8 (0x3741aa93) x21 0x00000001
core   0: 0x800076ec (0xc2e13713) sltiu   a4, sp, -978
core   0: 3 0x800076ec (0xc2e13713) x14 0x00000001
core   0: 0x800076f0 (0xffc7c083) lbu     ra, -4(a5)
core   0: 3 0x800076f0 (0xffc7c083) x 1 0x000000d6 mem 0x80015f1d
core   0: 0x800076f4 (0x0000fe17) auipc   t3, 0xf
core   0: 3 0x800076f4 (0x0000fe17) x28 0x800166f4
core   0: 0x800076f8 (0x90ae0e13) addi    t3, t3, -1782
core   0: 3 0x800076f8 (0x90ae0e13) x28 0x80015ffe
core   0: 0x800076fc (0x001e0c03) lb      s8, 1(t3)
core   0: 3 0x800076fc (0x001e0c03) x24 0xffffffb4 mem 0x80015fff
core   0: 0x80007700 (0x018e00a3) sb      s8, 1(t3)
core   0: 3 0x80007700 (0x018e00a3) mem 0x80015fff 0xb4
core   0: 0x80007704 (0x001e0183) lb      gp, 1(t3)
core   0: 3 0x80007704 (0x001e0183) x 3 0xffffffb4 mem 0x80015fff
core   0: 0x80007708 (0x001e0783) lb      a5, 1(t3)
core   0: 3 0x80007708 (0x001e0783) x15 0xffffffb4 mem 0x80015fff
core   0: 0x8000770c (0x001e0a03) lb      s4, 1(t3)
core   0: 3 0x8000770c (0x001e0a03) x20 0xffffffb4 mem 0x80015fff
core   0: 0x80007710 (0x001e4c83) lbu     s9, 1(t3)
core   0: 3 0x80007710 (0x001e4c83) x25 0x000000b4 mem 0x80015fff
core   0: 0x80007714 (0x005e4c83) lbu     s9, 5(t3)
core   0: 3 0x80007714 (0x005e4c83) x25 0x000000a2 mem 0x80016003
core   0: 0x80007718 (0xfe3e1823) sh      gp, -16(t3)
core   0: 3 0x80007718 (0xfe3e1823) mem 0x80015fee 0xffb4
core   0: 0x8000771c (0xff0e5403) lhu     s0, -16(t3)
core   0: 3 0x8000771c (0xff0e5403) x 8 0x0000ffb4 mem 0x80015fee
core   0: 0x80007720 (0x004e1183) lh      gp, 4(t3)
core   0: 3 0x80007720 (0x004e1183) x 3 0xffffa2b9 mem 0x80016002
core   0: 0x80007724 (0xffde0f83) lb      t6, -3(t3)
core   0: 3 0x80007724 (0xffde0f83) x31 0xffffffb0 mem 0x80015ffb
core   0: 0x80007728 (0xff8e0ea3) sb      s8, -3(t3)
core   0: 3 0x80007728 (0xff8e0ea3) mem 0x80015ffb 0xb4
core   0: 0x8000772c (0xffde4803) lbu     a6, -3(t3)
core   0: 3 0x8000772c (0xffde4803) x16 0x000000b4 mem 0x80015ffb
core   0: 0x80007730 (0x47a37893) andi    a7, t1, 1146
core   0: 3 0x80007730 (0x47a37893) x17 0x0000001a
core   0: 0x80007734 (0xffde0703) lb      a4, -3(t3)
core   0: 3 0x80007734 (0xffde0703) x14 0xffffffb4 mem 0x80015ffb
core   0: 0x80007738 (0xfebe0ea3) sb      a1, -3(t3)
core   0: 3 0x80007738 (0xfebe0ea3) mem 0x80015ffb 0x1
core   0: 0x8000773c (0xffde4183) lbu     gp, -3(t3)
core   0: 3 0x8000773c (0xffde4183) x 3 0x00000001 mem 0x80015ffb
core   0: 0x80007740 (0xff9e0ea3) sb      s9, -3(t3)
core   0: 3 0x80007740 (0xff9e0ea3) mem 0x80015ffb 0xa2
core   0: 0x80007744 (0xffde0d03) lb      s10, -3(t3)
core   0: 3 0x80007744 (0xffde0d03) x26 0xffffffa2 mem 0x80015ffb
core   0: 0x80007748 (0x009e4d03) lbu     s10, 9(t3)
core   0: 3 0x80007748 (0x009e4d03) x26 0x000000bc mem 0x80016007
core   0: 0x8000774c (0x009e0b83) lb      s7, 9(t3)
core   0: 3 0x8000774c (0x009e0b83) x23 0xffffffbc mem 0x80016007
core   0: 0x80007750 (0x0000e917) auipc   s2, 0xe
core   0: 3 0x80007750 (0x0000e917) x18 0x80015750
core   0: 0x80007754 (0x95a90913) addi    s2, s2, -1702
core   0: 3 0x80007754 (0x95a90913) x18 0x800150aa
core   0: 0x80007758 (0x0be95883) lhu     a7, 190(s2)
core   0: 3 0x80007758 (0x0be95883) x17 0x00002223 mem 0x80015168
core   0: 0x8000775c (0x0000ed97) auipc   s11, 0xe
core   0: 3 0x8000775c (0x0000ed97) x27 0x8001575c
core   0: 0x80007760 (0x7f2d8d93) addi    s11, s11, 2034
core   0: 3 0x80007760 (0x7f2d8d93) x27 0x80015f4e
core   0: 0x80007764 (0x0000e517) auipc   a0, 0xe
core   0: 3 0x80007764 (0x0000e517) x10 0x80015764
core   0: 0x80007768 (0x93b50513) addi    a0, a0, -1733
core   0: 3 0x80007768 (0x93b50513) x10 0x8001509f
core   0: 0x8000776c (0x013dcd03) lbu     s10, 19(s11)
core   0: 3 0x8000776c (0x013dcd03) x26 0x0000001a mem 0x80015f61
core   0: 0x80007770 (0x03a92723) sw      s10, 46(s2)
core   0: 3 0x80007770 (0x03a92723) mem 0x800150d8 0x0000001a
core   0: 0x80007774 (0xff450d03) lb      s10, -12(a0)
core   0: 3 0x80007774 (0xff450d03) x26 0x00000048 mem 0x80015093
core   0: 0x80007778 (0x0f8906a3) sb      s8, 237(s2)
core   0: 3 0x80007778 (0x0f8906a3) mem 0x80015197 0xb4
core   0: 0x8000777c (0x09590003) lb      zero, 149(s2)
core   0: 3 0x8000777c (0x09590003) mem 0x8001513f
core   0: 0x80007780 (0x08e90c23) sb      a4, 152(s2)
core   0: 3 0x80007780 (0x08e90c23) mem 0x80015142 0xb4
core   0: 0x80007784 (0x015513a3) sh      s5, 7(a0)
core   0: 3 0x80007784 (0x015513a3) mem 0x800150a6 0x0001
core   0: 0x80007788 (0x01cd9783) lh      a5, 28(s11)
core   0: 3 0x80007788 (0x01cd9783) x15 0x00002021 mem 0x80015f6a
core   0: 0x8000778c (0xfeddc283) lbu     t0, -19(s11)
core   0: 3 0x8000778c (0xfeddc283) x 5 0x000000f0 mem 0x80015f3b
core   0: 0x80007790 (0x01fd8aa3) sb      t6, 21(s11)
core   0: 3 0x80007790 (0x01fd8aa3) mem 0x80015f63 0xb0
core   0: 0x80007794 (0x00c95583) lhu     a1, 12(s2)
core   0: 3 0x80007794 (0x00c95583) x11 0x00008001 mem 0x800150b6
core   0: 0x80007798 (0x01c50623) sb      t3, 12(a0)
core   0: 3 0x80007798 (0x01c50623) mem 0x800150ab 0xfe
core   0: 0x8000779c (0xfe850f23) sb      s0, -2(a0)
core   0: 3 0x8000779c (0xfe850f23) mem 0x8001509d 0xb4
core   0: 0x800077a0 (0xfeb94b83) lbu     s7, -21(s2)
core   0: 3 0x800077a0 (0xfeb94b83) x23 0x0000004e mem 0x80015095
core   0: 0x800077a4 (0x00454183) lbu     gp, 4(a0)
core   0: 3 0x800077a4 (0x00454183) x 3 0x0000001c mem 0x800150a3
core   0: 0x800077a8 (0x03fd80a3) sb      t6, 33(s11)
core   0: 3 0x800077a8 (0x03fd80a3) mem 0x80015f6f 0xb0
core   0: 0x800077ac (0x03e95e03) lhu     t3, 62(s2)
core   0: 3 0x800077ac (0x03e95e03) x28 0x0000a2a3 mem 0x800150e8
core   0: 0x800077b0 (0x00550c83) lb      s9, 5(a0)
core   0: 3 0x800077b0 (0x00550c83) x25 0x0000005f mem 0x800150a4
core   0: 0x800077b4 (0x001522a3) sw      ra, 5(a0)
core   0: 3 0x800077b4 (0x001522a3) mem 0x800150a4 0x000000d6
core   0: 0x800077b8 (0xfb790023) sb      s7, -96(s2)
core   0: 3 0x800077b8 (0xfb790023) mem 0x8001504a 0x4e
core   0: 0x800077bc (0xfc9d8423) sb      s1, -56(s11)
core   0: 3 0x800077bc (0xfc9d8423) mem 0x80015f16 0x93
core   0: 0x800077c0 (0x09794003) lbu     zero, 151(s2)
core   0: 3 0x800077c0 (0x09794003) mem 0x80015141
core   0: 0x800077c4 (0x00f54283) lbu     t0, 15(a0)
core   0: 3 0x800077c4 (0x00f54283) x 5 0x00000065 mem 0x800150ae
core   0: 0x800077c8 (0x00010497) auipc   s1, 0x10
core   0: 3 0x800077c8 (0x00010497) x 9 0x800177c8
core   0: 0x800077cc (0xaa448493) addi    s1, s1, -1372
core   0: 3 0x800077cc (0xaa448493) x 9 0x8001726c
core   0: 0x800077d0 (0x03048183) lb      gp, 48(s1)
core   0: 3 0x800077d0 (0x03048183) x 3 0x00000057 mem 0x8001729c
core   0: 0x800077d4 (0x02348d83) lb      s11, 35(s1)
core   0: 3 0x800077d4 (0x02348d83) x27 0x00000044 mem 0x8001728f
core   0: 0x800077d8 (0xffc484a3) sb      t3, -23(s1)
core   0: 3 0x800077d8 (0xffc484a3) mem 0x80017255 0xa3
core   0: 0x800077dc (0x0000100f) fence.i
core   0: 3 0x800077dc (0x0000100f)
core   0: 0x800077e0 (0xff7482a3) sb      s7, -27(s1)
core   0: 3 0x800077e0 (0xff7482a3) mem 0x80017251 0x4e
core   0: 0x800077e4 (0x43c9fa97) auipc   s5, 0x43c9f
core   0: 3 0x800077e4 (0x43c9fa97) x21 0xc3ca67e4
core   0: 0x800077e8 (0xfca48b83) lb      s7, -54(s1)
core   0: 3 0x800077e8 (0xfca48b83) x23 0xffffffed mem 0x80017236
core   0: 0x800077ec (0xfca4df03) lhu     t5, -54(s1)
core   0: 3 0x800077ec (0xfca4df03) x30 0x0000eced mem 0x80017236
core   0: 0x800077f0 (0xfd748223) sb      s7, -60(s1)
core   0: 3 0x800077f0 (0xfd748223) mem 0x80017230 0xed
core   0: 0x800077f4 (0xfe24ae23) sw      sp, -4(s1)
core   0: 3 0x800077f4 (0xfe24ae23) mem 0x80017268 0x8002ece4
core   0: 0x800077f8 (0xff249e23) sh      s2, -4(s1)
core   0: 3 0x800077f8 (0xff249e23) mem 0x80017268 0x50aa
core   0: 0x800077fc (0x31efa913) slti    s2, t6, 798
core   0: 3 0x800077fc (0x31efa913) x18 0x00000001
core   0: 0x80007800 (0x364b4393) xori    t2, s6, 868
core   0: 3 0x80007800 (0x364b4393) x 7 0x00000364
core   0: 0x80007804 (0xfc5489a3) sb      t0, -45(s1)
core   0: 3 0x80007804 (0xfc5489a3) mem 0x8001723f 0x65
core   0: 0x80007808 (0xfda48783) lb      a5, -38(s1)
core   0: 3 0x80007808 (0xfda48783) x15 0xfffffffd mem 0x80017246
core   0: 0x8000780c (0xfd248d23) sb      s2, -38(s1)
core   0: 3 0x8000780c (0xfd248d23) mem 0x80017246 0x1
core   0: 0x80007810 (0x01d480a3) sb      t4, 1(s1)
core   0: 3 0x80007810 (0x01d480a3) mem 0x8001726d 0xff
core   0: 0x80007814 (0xff049f83) lh      t6, -16(s1)
core   0: 3 0x80007814 (0xff049f83) x31 0x00001617 mem 0x8001725c
core   0: 0x80007818 (0xfc8aca13) xori    s4, s5, -56
core   0: 3 0x80007818 (0xfc8aca13) x20 0x3c35982c
core   0: 0x8000781c (0x004c5433) srl     s0, s8, tp
core   0: 3 0x8000781c (0x004c5433) x 8 0x007fffff
core   0: 0x80007820 (0xffe49823) sh      t5, -16(s1)
core   0: 3 0x80007820 (0xffe49823) mem 0x8001725c 0xeced
core   0: 0x80007824 (0x015ce033) or      zero, s9, s5
core   0: 3 0x80007824 (0x015ce033)
core   0: 0x80007828 (0xff048e83) lb      t4, -16(s1)
core   0: 3 0x80007828 (0xff048e83) x29 0xffffffed mem 0x8001725c
core   0: 0x8000782c (0x0000ea97) auipc   s5, 0xe
core   0: 3 0x8000782c (0x0000ea97) x21 0x8001582c
core   0: 0x80007830 (0xab1a8a93) addi    s5, s5, -1359
core   0: 3 0x80007830 (0xab1a8a93) x21 0x800152dd
core   0: 0x80007834 (0x00c12e33) slt     t3, sp, a2
core   0: 3 0x80007834 (0x00c12e33) x28 0x00000001
core   0: 0x80007838 (0x6666a293) slti    t0, a3, 1638
core   0: 3 0x80007838 (0x6666a293) x 5 0x00000001
core   0: 0x8000783c (0x0b2a8603) lb      a2, 178(s5)
core   0: 3 0x8000783c (0x0b2a8603) x12 0xffffff80 mem 0x8001538f
core   0: 0x80007840 (0x0017d313) srli    t1, a5, 1
core   0: 3 0x80007840 (0x0017d313) x 6 0x7ffffffe
core   0: 0x80007844 (0x011c20b3) slt     ra, s8, a7
core   0: 3 0x80007844 (0x011c20b3) x 1 0x00000001
core   0: 0x80007848 (0x0ff0000f) fence   iorw,iorw
core   0: 3 0x80007848 (0x0ff0000f)
core   0: 0x8000784c (0x01e75733) srl     a4, a4, t5
core   0: 3 0x8000784c (0x01e75733) x14 0x0007ffff
core   0: 0x80007850 (0x6e9a9fa3) sh      s1, 1791(s5)
core   0: 3 0x80007850 (0x6e9a9fa3) mem 0x800159dc 0x726c
core   0: 0x80007854 (0x2e8aca03) lbu     s4, 744(s5)
core   0: 3 0x80007854 (0x2e8aca03) x20 0x0000007e mem 0x800155c5
core   0: 0x80007858 (0x0000100f) fence.i
core   0: 3 0x80007858 (0x0000100f)
core   0: 0x8000785c (0x0000100f) fence.i
core   0: 3 0x8000785c (0x0000100f)
core   0: 0x80007860 (0x1c3ad603) lhu     a2, 451(s5)
core   0: 3 0x80007860 (0x1c3ad603) x12 0x00005a5b mem 0x800154a0
core   0: 0x80007864 (0x7eba93a3) sh      a1, 2023(s5)
core   0: 3 0x80007864 (0x7eba93a3) mem 0x80015ac4 0x8001
core   0: 0x80007868 (0x676aa7a3) sw      s6, 1647(s5)
core   0: 3 0x80007868 (0x676aa7a3) mem 0x8001594c 0x00000000
core   0: 0x8000786c (0x07ea8723) sb      t5, 110(s5)
core   0: 3 0x8000786c (0x07ea8723) mem 0x8001534b 0xed
core   0: 0x80007870 (0xf6aaa3a3) sw      a0, -153(s5)
core   0: 3 0x80007870 (0xf6aaa3a3) mem 0x80015244 0x8001509f
core   0: 0x80007874 (0xcde32493) slti    s1, t1, -802
core   0: 3 0x80007874 (0xcde32493) x 9 0x00000000
core   0: 0x80007878 (0x5b6a81a3) sb      s6, 1443(s5)
core   0: 3 0x80007878 (0x5b6a81a3) mem 0x80015880 0x0
core   0: 0x8000787c (0x764ac203) lbu     tp, 1892(s5)
core   0: 3 0x8000787c (0x764ac203) x 4 0x000000fa mem 0x80015a41
core   0: 0x80007880 (0x41c45733) sra     a4, s0, t3
core   0: 3 0x80007880 (0x41c45733) x14 0x003fffff
core   0: 0x80007884 (0xde1a9083) lh      ra, -543(s5)
core   0: 3 0x80007884 (0xde1a9083) x 1 0x00007475 mem 0x800150be
core   0: 0x80007888 (0x00075d33) srl     s10, a4, zero
core   0: 3 0x80007888 (0x00075d33) x26 0x003fffff
core   0: 0x8000788c (0x41b45bb3) sra     s7, s0, s11
core   0: 3 0x8000788c (0x41b45bb3) x23 0x0007ffff
core   0: 0x80007890 (0x44ea8083) lb      ra, 1102(s5)
core   0: 3 0x80007890 (0x44ea8083) x 1 0xffffffff mem 0x8001572b
core   0: 0x80007894 (0x41c881b3) sub     gp, a7, t3
core   0: 3 0x80007894 (0x41c881b3) x 3 0x00002222
core   0: 0x80007898 (0x406b8c33) sub     s8, s7, t1
core   0: 3 0x80007898 (0x406b8c33) x24 0x80080001
core   0: 0x8000789c (0x40175f33) sra     t5, a4, ra
core   0: 3 0x8000789c (0x40175f33) x30 0x00000000
core   0: 0x800078a0 (0x1cd12c93) slti    s9, sp, 461
core   0: 3 0x800078a0 (0x1cd12c93) x25 0x00000001
core   0: 0x800078a4 (0x01e634b3) sltu    s1, a2, t5
core   0: 3 0x800078a4 (0x01e634b3) x 9 0x00000000
core   0: 0x800078a8 (0x70ca8f23) sb      a2, 1822(s5)
core   0: 3 0x800078a8 (0x70ca8f23) mem 0x800159fb 0x5b
core   0: 0x800078ac (0x4f2a8483) lb      s1, 1266(s5)
core   0: 3 0x800078ac (0x4f2a8483) x 9 0xffffff84 mem 0x800157cf
core   0: 0x800078b0 (0x232acf83) lbu     t6, 562(s5)
core   0: 3 0x800078b0 (0x232acf83) x31 0x000000c4 mem 0x8001550f
core   0: 0x800078b4 (0x0ff0000f) fence   iorw,iorw
core   0: 3 0x800078b4 (0x0ff0000f)
core   0: 0x800078b8 (0x5f9a8083) lb      ra, 1529(s5)
core   0: 3 0x800078b8 (0x5f9a8083) x 1 0x0000002c mem 0x800158d6
core   0: 0x800078bc (0x126ac503) lbu     a0, 294(s5)
core   0: 3 0x800078bc (0x126ac503) x10 0x000000bd mem 0x80015403
core   0: 0x800078c0 (0x00000013) nop
core   0: 3 0x800078c0 (0x00000013)
core   0: 0x800078c4 (0x4dfa8a23) sb      t6, 1236(s5)
core   0: 3 0x800078c4 (0x4dfa8a23) mem 0x800157b1 0xc4
core   0: 0x800078c8 (0x3f380913) addi    s2, a6, 1011
core   0: 3 0x800078c8 (0x3f380913) x18 0x000004a7
core   0: 0x800078cc (0x0080c2b3) xor     t0, ra, s0
core   0: 3 0x800078cc (0x0080c2b3) x 5 0x007fffd3
core   0: 0x800078d0 (0x7a149197) auipc   gp, 0x7a149
core   0: 3 0x800078d0 (0x7a149197) x 3 0xfa1508d0
core   0: 0x800078d4 (0xa55c4293) xori    t0, s8, -1451
core   0: 3 0x800078d4 (0xa55c4293) x 5 0x7ff7fa54
core   0: 0x800078d8 (0xe1aac283) lbu     t0, -486(s5)
core   0: 3 0x800078d8 (0xe1aac283) x 5 0x000000ac mem 0x800150f7
core   0: 0x800078dc (0x014558b3) srl     a7, a0, s4
core   0: 3 0x800078dc (0x014558b3) x17 0x00000000
core   0: 0x800078e0 (0x25eac583) lbu     a1, 606(s5)
core   0: 3 0x800078e0 (0x25eac583) x11 0x000000f0 mem 0x8001553b
core   0: 0x800078e4 (0x556a8323) sb      s6, 1350(s5)
core   0: 3 0x800078e4 (0x556a8323) mem 0x80015823 0x0
core   0: 0x800078e8 (0x01aa6d33) or      s10, s4, s10
core   0: 3 0x800078e8 (0x01aa6d33) x26 0x003fffff
core   0: 0x800078ec (0x00eb3333) sltu    t1, s6, a4
core   0: 3 0x800078ec (0x00eb3333) x 6 0x00000001
core   0: 0x800078f0 (0x799a8323) sb      s9, 1926(s5)
core   0: 3 0x800078f0 (0x799a8323) mem 0x80015a63 0x1
core   0: 0x800078f4 (0x0000100f) fence.i
core   0: 3 0x800078f4 (0x0000100f)
core   0: 0x800078f8 (0x01ecccb3) xor     s9, s9, t5
core   0: 3 0x800078f8 (0x01ecccb3) x25 0x00000001
core   0: 0x800078fc (0xda7a9ca3) sh      t2, -583(s5)
core   0: 3 0x800078fc (0xda7a9ca3) mem 0x80015096 0x0364
core   0: 0x80007900 (0x648a99a3) sh      s0, 1619(s5)
core   0: 3 0x80007900 (0x648a99a3) mem 0x80015930 0xffff
core   0: 0x80007904 (0x77ba8223) sb      s11, 1892(s5)
core   0: 3 0x80007904 (0x77ba8223) mem 0x80015a41 0x44
core   0: 0x80007908 (0xe6ca8223) sb      a2, -412(s5)
core   0: 3 0x80007908 (0xe6ca8223) mem 0x80015141 0x5b
core   0: 0x8000790c (0xfcdad703) lhu     a4, -51(s5)
core   0: 3 0x8000790c (0xfcdad703) x14 0x00006061 mem 0x800152aa
core   0: 0x80007910 (0x4caac503) lbu     a0, 1226(s5)
core   0: 3 0x80007910 (0x4caac503) x10 0x0000005c mem 0x800157a7
core   0: 0x80007914 (0x2c1ac403) lbu     s0, 705(s5)
core   0: 3 0x80007914 (0x2c1ac403) x 8 0x00000000 mem 0x8001559e
core   0: 0x80007918 (0x0001e617) auipc   a2, 0x1e
core   0: 3 0x80007918 (0x0001e617) x12 0x80025918
core   0: 0x8000791c (0x70b60613) addi    a2, a2, 1803
core   0: 3 0x8000791c (0x70b60613) x12 0x80026023
core   0: 0x80007920 (0x0ff0000f) fence   iorw,iorw
core   0: 3 0x80007920 (0x0ff0000f)
core   0: 0x80007924 (0x01a021b3) slt     gp, zero, s10
core   0: 3 0x80007924 (0x01a021b3) x 3 0x00000001
core   0: 0x80007928 (0xfeb65203) lhu     tp, -21(a2)
core   0: 3 0x80007928 (0xfeb65203) x 4 0x00006004 mem 0x8002600e
core   0: 0x8000792c (0xff461da3) sh      s4, -5(a2)
core   0: 3 0x8000792c (0xff461da3) mem 0x8002601e 0x007e
core   0: 0x80007930 (0x01d27db3) and     s11, tp, t4
core   0: 3 0x80007930 (0x01d27db3) x27 0x00006004
core   0: 0x80007934 (0x010bf933) and     s2, s7, a6
core   0: 3 0x80007934 (0x010bf933) x18 0x000000b4
core   0: 0x80007938 (0xfee60d83) lb      s11, -18(a2)
core   0: 3 0x80007938 (0xfee60d83) x27 0x00000024 mem 0x80026011
core   0: 0x8000793c (0xfeb604a3) sb      a1, -23(a2)
core   0: 3 0x8000793c (0xfeb604a3) mem 0x8002600c 0xf0
core   0: 0x80007940 (0x014e8933) add     s2, t4, s4
core   0: 3 0x80007940 (0x014e8933) x18 0x0000006b
core   0: 0x80007944 (0x00965833) srl     a6, a2, s1
core   0: 3 0x80007944 (0x00965833) x16 0x08002602
core   0: 0x80007948 (0x0ff0000f) fence   iorw,iorw
core   0: 3 0x80007948 (0x0ff0000f)
core   0: 0x8000794c (0x027611a3) sh      t2, 35(a2)
core   0: 3 0x8000794c (0x027611a3) mem 0x80026046 0x0364
core   0: 0x80007950 (0x002c0b33) add     s6, s8, sp
core   0: 3 0x80007950 (0x002c0b33) x22 0x000aece5
core   0: 0x80007954 (0x8bb7ea13) ori     s4, a5, -1861
core   0: 3 0x80007954 (0x8bb7ea13) x20 0xffffffff
core   0: 0x80007958 (0x01701013) slli    zero, zero, 23
core   0: 3 0x80007958 (0x01701013)
core   0: 0x8000795c (0x008601a3) sb      s0, 3(a2)
core   0: 3 0x8000795c (0x008601a3) mem 0x80026026 0x0
core   0: 0x80007960 (0x0f514593) xori    a1, sp, 245
core   0: 3 0x80007960 (0x0f514593) x11 0x8002ec11
core   0: 0x80007964 (0xfd361203) lh      tp, -45(a2)
core   0: 3 0x80007964 (0xfd361203) x 4 0xffffacad mem 0x80025ff6
core   0: 0x80007968 (0x01218833) add     a6, gp, s2
core   0: 3 0x80007968 (0x01218833) x16 0x0000006c
core   0: 0x8000796c (0xfde64303) lbu     t1, -34(a2)
core   0: 3 0x8000796c (0xfde64303) x 6 0x00000029 mem 0x80026001
core   0: 0x80007970 (0xfcc60383) lb      t2, -52(a2)
core   0: 3 0x80007970 (0xfcc60383) x 7 0xffffffa4 mem 0x80025fef
core   0: 0x80007974 (0xfee616a3) sh      a4, -19(a2)
core   0: 3 0x80007974 (0xfee616a3) mem 0x80026010 0x6061
core   0: 0x80007978 (0x01eb5933) srl     s2, s6, t5
core   0: 3 0x80007978 (0x01eb5933) x18 0x000aece5
core   0: 0x8000797c (0xcd0e04b7) lui     s1, 0xcd0e0
core   0: 3 0x8000797c (0xcd0e04b7) x 9 0xcd0e0000
core   0: 0x80007980 (0x40275333) sra     t1, a4, sp
core   0: 3 0x80007980 (0x40275333) x 6 0x00000606
core   0: 0x80007984 (0xfec60123) sb      a2, -30(a2)
core   0: 3 0x80007984 (0xfec60123) mem 0x80026005 0x23
core   0: 0x80007988 (0xff664403) lbu     s0, -10(a2)
core   0: 3 0x80007988 (0xff664403) x 8 0x000000d2 mem 0x80026019
core   0: 0x8000798c (0x02264e03) lbu     t3, 34(a2)
core   0: 3 0x8000798c (0x02264e03) x28 0x000000fe mem 0x80026045
core   0: 0x80007990 (0xfd664883) lbu     a7, -42(a2)
core   0: 3 0x80007990 (0xfd664883) x17 0x000000b2 mem 0x80025ff9
core   0: 0x80007994 (0x01165c03) lhu     s8, 17(a2)
core   0: 3 0x80007994 (0x01165c03) x24 0x0000eeef mem 0x80026034
core   0: 0x80007998 (0x0094cf33) xor     t5, s1, s1
core   0: 3 0x80007998 (0x0094cf33) x30 0x00000000
core   0: 0x8000799c (0x01005333) srl     t1, zero, a6
core   0: 3 0x8000799c (0x01005333) x 6 0x00000000
core   0: 0x800079a0 (0x40775213) srai    tp, a4, 7
core   0: 3 0x800079a0 (0x40775213) x 4 0x000000c0
core   0: 0x800079a4 (0xff860e23) sb      s8, -4(a2)
core   0: 3 0x800079a4 (0xff860e23) mem 0x8002601f 0xef
core   0: 0x800079a8 (0x01a38fb3) add     t6, t2, s10
core   0: 3 0x800079a8 (0x01a38fb3) x31 0x003fffa3
core   0: 0x800079ac (0xfe565883) lhu     a7, -27(a2)
core   0: 3 0x800079ac (0xfe565883) x17 0x0000c2c3 mem 0x80026008
core   0: 0x800079b0 (0x0000100f) fence.i
core   0: 3 0x800079b0 (0x0000100f)
core   0: 0x800079b4 (0xfce60483) lb      s1, -50(a2)
core   0: 3 0x800079b4 (0xfce60483) x 9 0xffffffaa mem 0x80025ff1
core   0: 0x800079b8 (0xfc860403) lb      s0, -56(a2)
core   0: 3 0x800079b8 (0xfc860403) x 8 0xffffffa0 mem 0x80025feb
core   0: 0x800079bc (0x03860023) sb      s8, 32(a2)
core   0: 3 0x800079bc (0x03860023) mem 0x80026043 0xef
core   0: 0x800079c0 (0xfe364283) lbu     t0, -29(a2)
core   0: 3 0x800079c0 (0xfe364283) x 5 0x000000bd mem 0x80026006
core   0: 0x800079c4 (0x002ae533) or      a0, s5, sp
core   0: 3 0x800079c4 (0x002ae533) x10 0x8003fefd
core   0: 0x800079c8 (0x01d61f83) lh      t6, 29(a2)
core   0: 3 0x800079c8 (0x01d61f83) x31 0xfffffafb mem 0x80026040
core   0: 0x800079cc (0x03260023) sb      s2, 32(a2)
core   0: 3 0x800079cc (0x03260023) mem 0x80026043 0xe5
core   0: 0x800079d0 (0xfd365703) lhu     a4, -45(a2)
core   0: 3 0x800079d0 (0xfd365703) x14 0x0000acad mem 0x80025ff6
core   0: 0x800079d4 (0xfc761c03) lh      s8, -57(a2)
core   0: 3 0x800079d4 (0xfc761c03) x24 0xffffa0a1 mem 0x80025fea
core   0: 0x800079d8 (0x40185333) sra     t1, a6, ra
core   0: 3 0x800079d8 (0x40185333) x 6 0x00000000
core   0: 0x800079dc (0x528dc817) auipc   a6, 0x528dc
core   0: 3 0x800079dc (0x528dc817) x16 0xd28e39dc
core   0: 0x800079e0 (0x01260e03) lb      t3, 18(a2)
core   0: 3 0x800079e0 (0x01260e03) x28 0xffffffee mem 0x80026035
core   0: 0x800079e4 (0x00019a97) auipc   s5, 0x19
core   0: 3 0x800079e4 (0x00019a97) x21 0x800209e4
core   0: 0x800079e8 (0xbd6a8a93) addi    s5, s5, -1066
core   0: 3 0x800079e8 (0xbd6a8a93) x21 0x800205ba
core   0: 0x800079ec (0x419651b3) sra     gp, a2, s9
core   0: 3 0x800079ec (0x419651b3) x 3 0xc0013011
core   0: 0x800079f0 (0x008a1c13) slli    s8, s4, 8
core   0: 3 0x800079f0 (0x008a1c13) x24 0xffffff00
core   0: 0x800079f4 (0x091a8003) lb      zero, 145(s5)
core   0: 3 0x800079f4 (0x091a8003) mem 0x8002064b
core   0: 0x800079f8 (0x091a8b83) lb      s7, 145(s5)
core   0: 3 0x800079f8 (0x091a8b83) x23 0x00000000 mem 0x8002064b
core   0: 0x800079fc (0xf37a8883) lb      a7, -201(s5)
core   0: 3 0x800079fc (0xf37a8883) x17 0xffffffaa mem 0x800204f1
core   0: 0x80007a00 (0xf37a8b83) lb      s7, -201(s5)
core   0: 3 0x80007a00 (0xf37a8b83) x23 0xffffffaa mem 0x800204f1
core   0: 0x80007a04 (0xf37a8583) lb      a1, -201(s5)
core   0: 3 0x80007a04 (0xf37a8583) x11 0xffffffaa mem 0x800204f1
core   0: 0x80007a08 (0x41f7d333) sra     t1, a5, t6
core   0: 3 0x80007a08 (0x41f7d333) x 6 0xffffffff
core   0: 0x80007a0c (0x40305613) srai    a2, zero, 3
core   0: 3 0x80007a0c (0x40305613) x12 0x00000000
core   0: 0x80007a10 (0xf37acb03) lbu     s6, -201(s5)
core   0: 3 0x80007a10 (0xf37acb03) x22 0x000000aa mem 0x800204f1
core   0: 0x80007a14 (0xfc5a8623) sb      t0, -52(s5)
core   0: 3 0x80007a14 (0xfc5a8623) mem 0x80020586 0xbd
core   0: 0x80007a18 (0x0aaa81a3) sb      a0, 163(s5)
core   0: 3 0x80007a18 (0x0aaa81a3) mem 0x8002065d 0xfd
core   0: 0x80007a1c (0x0a3a8c03) lb      s8, 163(s5)
core   0: 3 0x80007a1c (0x0a3a8c03) x24 0xfffffffd mem 0x8002065d
core   0: 0x80007a20 (0x0a3a8303) lb      t1, 163(s5)
core   0: 3 0x80007a20 (0x0a3a8303) x 6 0xfffffffd mem 0x8002065d
core   0: 0x80007a24 (0x09ca8ea3) sb      t3, 157(s5)
core   0: 3 0x80007a24 (0x09ca8ea3) mem 0x80020657 0xee
core   0: 0x80007a28 (0x09dacd03) lbu     s10, 157(s5)
core   0: 3 0x80007a28 (0x09dacd03) x26 0x000000ee mem 0x80020657
core   0: 0x80007a2c (0x09da8083) lb      ra, 157(s5)
core   0: 3 0x80007a2c (0x09da8083) x 1 0xffffffee mem 0x80020657
core   0: 0x80007a30 (0x088a8ea3) sb      s0, 157(s5)
core   0: 3 0x80007a30 (0x088a8ea3) mem 0x80020657 0xa0
core   0: 0x80007a34 (0xdee70793) addi    a5, a4, -530
core   0: 3 0x80007a34 (0xdee70793) x15 0x0000aa9b
core   0: 0x80007a38 (0x09dacd03) lbu     s10, 157(s5)
core   0: 3 0x80007a38 (0x09dacd03) x26 0x000000a0 mem 0x80020657
core   0: 0x80007a3c (0x05bac303) lbu     t1, 91(s5)
core   0: 3 0x80007a3c (0x05bac303) x 6 0x000000ce mem 0x80020615
core   0: 0x80007a40 (0xf4aa8703) lb      a4, -182(s5)
core   0: 3 0x80007a40 (0xf4aa8703) x14 0xffffffbf mem 0x80020504
core   0: 0x80007a44 (0xf4aa8603) lb      a2, -182(s5)
core   0: 3 0x80007a44 (0xf4aa8603) x12 0xffffffbf mem 0x80020504
core   0: 0x80007a48 (0x0000e497) auipc   s1, 0xe
core   0: 3 0x80007a48 (0x0000e497) x 9 0x80015a48
core   0: 0x80007a4c (0x31248493) addi    s1, s1, 786
core   0: 3 0x80007a4c (0x31248493) x 9 0x80015d5a
core   0: 0x80007a50 (0x06248a23) sb      sp, 116(s1)
core   0: 3 0x80007a50 (0x06248a23) mem 0x80015dce 0xe4
core   0: 0x80007a54 (0x00000013) nop
core   0: 3 0x80007a54 (0x00000013)
core   0: 0x80007a58 (0x19f2ab93) slti    s7, t0, 415
core   0: 3 0x80007a58 (0x19f2ab93) x23 0x00000001
core   0: 0x80007a5c (0xf2048ba3) sb      zero, -201(s1)
core   0: 3 0x80007a5c (0xf2048ba3) mem 0x80015c91 0x0
core   0: 0x80007a60 (0x014bdc33) srl     s8, s7, s4
core   0: 3 0x80007a60 (0x014bdc33) x24 0x00000000
core   0: 0x80007a64 (0xfa648ba3) sb      t1, -73(s1)
core   0: 3 0x80007a64 (0xfa648ba3) mem 0x80015d11 0xce
core   0: 0x80007a68 (0xf5d488a3) sb      t4, -175(s1)
core   0: 3 0x80007a68 (0xf5d488a3) mem 0x80015cab 0xed
core   0: 0x80007a6c (0x03a48883) lb      a7, 58(s1)
core   0: 3 0x80007a6c (0x03a48883) x17 0x00000000 mem 0x80015d94
core   0: 0x80007a70 (0x05348d83) lb      s11, 83(s1)
core   0: 3 0x80007a70 (0x05348d83) x27 0x00000066 mem 0x80015dad
core   0: 0x80007a74 (0x41be5233) sra     tp, t3, s11
core   0: 3 0x80007a74 (0x41be5233) x 4 0xffffffff
core   0: 0x80007a78 (0xfca4ae83) lw      t4, -54(s1)
core   0: 3 0x80007a78 (0xfca4ae83) x29 0xdcdddedf mem 0x80015d24
core   0: 0x80007a7c (0x416edeb3) sra     t4, t4, s6
core   0: 3 0x80007a7c (0x416edeb3) x29 0xfff73777
core   0: 0x80007a80 (0xc879b093) sltiu   ra, s3, -889
core   0: 3 0x80007a80 (0xc879b093) x 1 0x00000001
core   0: 0x80007a84 (0xf484d883) lhu     a7, -184(s1)
core   0: 3 0x80007a84 (0xf484d883) x17 0x00005859 mem 0x80015ca2
core   0: 0x80007a88 (0xfd94a923) sw      s9, -46(s1)
core   0: 3 0x80007a88 (0xfd94a923) mem 0x80015d2c 0x00000001
core   0: 0x80007a8c (0xff04c183) lbu     gp, -16(s1)
core   0: 3 0x80007a8c (0xff04c183) x 3 0x00000001 mem 0x80015d4a
core   0: 0x80007a90 (0x30538213) addi    tp, t2, 773
core   0: 3 0x80007a90 (0x30538213) x 4 0x000002a9
core   0: 0x80007a94 (0x0b048e03) lb      t3, 176(s1)
core   0: 3 0x80007a94 (0x0b048e03) x28 0xffffffc1 mem 0x80015e0a
core   0: 0x80007a98 (0xb3206d13) ori     s10, zero, -1230
core   0: 3 0x80007a98 (0xb3206d13) x26 0xfffffb32
core   0: 0x80007a9c (0x406f8933) sub     s2, t6, t1
core   0: 3 0x80007a9c (0x406f8933) x18 0xfffffa2d
core   0: 0x80007aa0 (0x6f328d93) addi    s11, t0, 1779
core   0: 3 0x80007aa0 (0x6f328d93) x27 0x000007b0
core   0: 0x80007aa4 (0x0fe4de83) lhu     t4, 254(s1)
core   0: 3 0x80007aa4 (0x0fe4de83) x29 0x00001213 mem 0x80015e58
core   0: 0x80007aa8 (0xf6c48b03) lb      s6, -148(s1)
core   0: 3 0x80007aa8 (0xf6c48b03) x22 0x00000006 mem 0x80015cc6
core   0: 0x80007aac (0x06c4a723) sw      a2, 110(s1)
core   0: 3 0x80007aac (0x06c4a723) mem 0x80015dc8 0xffffffbf
core   0: 0x80007ab0 (0xf8803913) sltiu   s2, zero, -120
core   0: 3 0x80007ab0 (0xf8803913) x18 0x00000001
core   0: 0x80007ab4 (0x0ff0000f) fence   iorw,iorw
core   0: 3 0x80007ab4 (0x0ff0000f)
core   0: 0x80007ab8 (0x07849f23) sh      s8, 126(s1)
core   0: 3 0x80007ab8 (0x07849f23) mem 0x80015dd8 0x0000
core   0: 0x80007abc (0x4fab3813) sltiu   a6, s6, 1274
core   0: 3 0x80007abc (0x4fab3813) x16 0x00000001
core   0: 0x80007ac0 (0x0171d833) srl     a6, gp, s7
core   0: 3 0x80007ac0 (0x0171d833) x16 0x00000000
core   0: 0x80007ac4 (0xf3f4c083) lbu     ra, -193(s1)
core   0: 3 0x80007ac4 (0xf3f4c083) x 1 0x00000052 mem 0x80015c99
core   0: 0x80007ac8 (0x0ff0000f) fence   iorw,iorw
core   0: 3 0x80007ac8 (0x0ff0000f)
core   0: 0x80007acc (0x0ff0000f) fence   iorw,iorw
core   0: 3 0x80007acc (0x0ff0000f)
core   0: 0x80007ad0 (0x9e61c093) xori    ra, gp, -1562
core   0: 3 0x80007ad0 (0x9e61c093) x 1 0xfffff9e7
core   0: 0x80007ad4 (0x081487a3) sb      ra, 143(s1)
core   0: 3 0x80007ad4 (0x081487a3) mem 0x80015de9 0xe7
core   0: 0x80007ad8 (0x009f65b3) or      a1, t5, s1
core   0: 3 0x80007ad8 (0x009f65b3) x11 0x80015d5a
core   0: 0x80007adc (0x01020cb3) add     s9, tp, a6
core   0: 3 0x80007adc (0x01020cb3) x25 0x000002a9
core   0: 0x80007ae0 (0x00d8d8b3) srl     a7, a7, a3
core   0: 3 0x80007ae0 (0x00d8d8b3) x17 0x00005859
core   0: 0x80007ae4 (0x90bb8d93) addi    s11, s7, -1781
core   0: 3 0x80007ae4 (0x90bb8d93) x27 0xfffff90c
core   0: 0x80007ae8 (0x011761b3) or      gp, a4, a7
core   0: 3 0x80007ae8 (0x011761b3) x 3 0xffffffff
core   0: 0x80007aec (0x0234c303) lbu     t1, 35(s1)
core   0: 3 0x80007aec (0x0234c303) x 6 0x00000004 mem 0x80015d7d
core   0: 0x80007af0 (0x03549c23) sh      s5, 56(s1)
core   0: 3 0x80007af0 (0x03549c23) mem 0x80015d92 0x05ba
core   0: 0x80007af4 (0xf1c4ce03) lbu     t3, -228(s1)
core   0: 3 0x80007af4 (0xf1c4ce03) x28 0x0000002d mem 0x80015c76
core   0: 0x80007af8 (0x217c4317) auipc   t1, 0x217c4
core   0: 3 0x80007af8 (0x217c4317) x 6 0xa17cbaf8
core   0: 0x80007afc (0x00000013) nop
core   0: 3 0x80007afc (0x00000013)
core   0: 0x80007b00 (0x00d355b3) srl     a1, t1, a3
core   0: 3 0x80007b00 (0x00d355b3) x11 0xa17cbaf8
core   0: 0x80007b04 (0x00148383) lb      t2, 1(s1)
core   0: 3 0x80007b04 (0x00148383) x 7 0x00000010 mem 0x80015d5b
core   0: 0x80007b08 (0x000f5a93) srli    s5, t5, 0
core   0: 3 0x80007b08 (0x000f5a93) x21 0x00000000
core   0: 0x80007b0c (0x0ef48a83) lb      s5, 239(s1)
core   0: 3 0x80007b0c (0x0ef48a83) x21 0x00000002 mem 0x80015e49
core   0: 0x80007b10 (0xfe9486a3) sb      s1, -19(s1)
core   0: 3 0x80007b10 (0xfe9486a3) mem 0x80015d47 0x5a
core   0: 0x80007b14 (0xfad48303) lb      t1, -83(s1)
core   0: 3 0x80007b14 (0xfad48303) x 6 0xffffffbc mem 0x80015d07
core   0: 0x80007b18 (0x00018f17) auipc   t5, 0x18
core   0: 3 0x80007b18 (0x00018f17) x30 0x8001fb18
core   0: 0x80007b1c (0x1c1f0f13) addi    t5, t5, 449
core   0: 3 0x80007b1c (0x1c1f0f13) x30 0x8001fcd9
core   0: 0x80007b20 (0x00019317) auipc   t1, 0x19
core   0: 3 0x80007b20 (0x00019317) x 6 0x80020b20
core   0: 0x80007b24 (0xb9830313) addi    t1, t1, -1128
core   0: 3 0x80007b24 (0xb9830313) x 6 0x800206b8
core   0: 0x80007b28 (0x00016817) auipc   a6, 0x16
core   0: 3 0x80007b28 (0x00016817) x16 0x8001db28
core   0: 0x80007b2c (0xc7080813) addi    a6, a6, -912
core   0: 3 0x80007b2c (0xc7080813) x16 0x8001d798
core   0: 0x80007b30 (0x0001e717) auipc   a4, 0x1e
core   0: 3 0x80007b30 (0x0001e717) x14 0x80025b30
core   0: 0x80007b34 (0xc2470713) addi    a4, a4, -988
core   0: 3 0x80007b34 (0xc2470713) x14 0x80025754
core   0: 0x80007b38 (0x0000f797) auipc   a5, 0xf
core   0: 3 0x80007b38 (0x0000f797) x15 0x80016b38
core   0: 0x80007b3c (0xe9078793) addi    a5, a5, -368
core   0: 3 0x80007b3c (0xe9078793) x15 0x800169c8
core   0: 0x80007b40 (0x01e70903) lb      s2, 30(a4)
core   0: 3 0x80007b40 (0x01e70903) x18 0x00000029 mem 0x80025772
core   0: 0x80007b44 (0xfaa30203) lb      tp, -86(t1)
core   0: 3 0x80007b44 (0xfaa30203) x 4 0x00000019 mem 0x80020662
core   0: 0x80007b48 (0xffef0203) lb      tp, -2(t5)
core   0: 3 0x80007b48 (0xffef0203) x 4 0xffffff8c mem 0x8001fcd7
core   0: 0x80007b4c (0x00bf5403) lhu     s0, 11(t5)
core   0: 3 0x80007b4c (0x00bf5403) x 8 0x00009e9f mem 0x8001fce4
core   0: 0x80007b50 (0xb6780a03) lb      s4, -1177(a6)
core   0: 3 0x80007b50 (0xb6780a03) x20 0xffffffb4 mem 0x8001d2ff
core   0: 0x80007b54 (0x00c31603) lh      a2, 12(t1)
core   0: 3 0x80007b54 (0x00c31603) x12 0x00007e7f mem 0x800206c4
core   0: 0x80007b58 (0xfc6f0483) lb      s1, -58(t5)
core   0: 3 0x80007b58 (0xfc6f0483) x 9 0x00000054 mem 0x8001fc9f
core   0: 0x80007b5c (0xff378aa3) sb      s3, -11(a5)
core   0: 3 0x80007b5c (0xff378aa3) mem 0x800169bd 0x64
core   0: 0x80007b60 (0xfcef1ea3) sh      a4, -35(t5)
core   0: 3 0x80007b60 (0xfcef1ea3) mem 0x8001fcb6 0x5754
core   0: 0x80007b64 (0x65284883) lbu     a7, 1618(a6)
core   0: 3 0x80007b64 (0x65284883) x17 0x000000a1 mem 0x8001ddea
core   0: 0x80007b68 (0x29f84403) lbu     s0, 671(a6)
core   0: 3 0x80007b68 (0x29f84403) x 8 0x000000ec mem 0x8001da37
core   0: 0x80007b6c (0x030f0e83) lb      t4, 48(t5)
core   0: 3 0x80007b6c (0x030f0e83) x29 0xffffffc2 mem 0x8001fd09
core   0: 0x80007b70 (0xfca703a3) sb      a0, -57(a4)
core   0: 3 0x80007b70 (0xfca703a3) mem 0x8002571b 0xfd
core   0: 0x80007b74 (0xb5d80323) sb      t4, -1210(a6)
core   0: 3 0x80007b74 (0xb5d80323) mem 0x8001d2de 0xc2
core   0: 0x80007b78 (0x01c31c03) lh      s8, 28(t1)
core   0: 3 0x80007b78 (0x01c31c03) x24 0xffff8e8f mem 0x800206d4
core   0: 0x80007b7c (0xfcef0403) lb      s0, -50(t5)
core   0: 3 0x80007b7c (0xfcef0403) x 8 0x0000005c mem 0x8001fca7
core   0: 0x80007b80 (0x6b685903) lhu     s2, 1718(a6)
core   0: 3 0x80007b80 (0x6b685903) x18 0x00000405 mem 0x8001de4e
core   0: 0x80007b84 (0xf7734583) lbu     a1, -137(t1)
core   0: 3 0x80007b84 (0xf7734583) x11 0x000000e4 mem 0x8002062f
core   0: 0x80007b88 (0x0057cb03) lbu     s6, 5(a5)
core   0: 3 0x80007b88 (0x0057cb03) x22 0x00000086 mem 0x800169cd
core   0: 0x80007b8c (0x002f0823) sb      sp, 16(t5)
core   0: 3 0x80007b8c (0x002f0823) mem 0x8001fce9 0xe4
core   0: 0x80007b90 (0x019f5403) lhu     s0, 25(t5)
core   0: 3 0x80007b90 (0x019f5403) x 8 0x0000a8a9 mem 0x8001fcf2
core   0: 0x80007b94 (0x75684203) lbu     tp, 1878(a6)
core   0: 3 0x80007b94 (0x75684203) x 4 0x000000a5 mem 0x8001deee
core   0: 0x80007b98 (0xfe0789a3) sb      zero, -13(a5)
core   0: 3 0x80007b98 (0xfe0789a3) mem 0x800169bb 0x0
core   0: 0x80007b9c (0x7fd84083) lbu     ra, 2045(a6)
core   0: 3 0x80007b9c (0x7fd84083) x 1 0x0000004e mem 0x8001df95
core   0: 0x80007ba0 (0xfd9f0c23) sb      s9, -40(t5)
core   0: 3 0x80007ba0 (0xfd9f0c23) mem 0x8001fcb1 0xa9
core   0: 0x80007ba4 (0xd7f84203) lbu     tp, -641(a6)
core   0: 3 0x80007ba4 (0xd7f84203) x 4 0x000000cc mem 0x8001d517
core   0: 0x80007ba8 (0xf8534b03) lbu     s6, -123(t1)
core   0: 3 0x80007ba8 (0xf8534b03) x22 0x000000f6 mem 0x8002063d
core   0: 0x80007bac (0x01d704a3) sb      t4, 9(a4)
core   0: 3 0x80007bac (0x01d704a3) mem 0x8002575d 0xc2
core   0: 0x80007bb0 (0x031f4f83) lbu     t6, 49(t5)
core   0: 3 0x80007bb0 (0x031f4f83) x31 0x000000c1 mem 0x8001fd0a
core   0: 0x80007bb4 (0x016786a3) sb      s6, 13(a5)
core   0: 3 0x80007bb4 (0x016786a3) mem 0x800169d5 0xf6
core   0: 0x80007bb8 (0x0e435603) lhu     a2, 228(t1)
core   0: 3 0x80007bb8 (0x0e435603) x12 0x00005657 mem 0x8002079c
core   0: 0x80007bbc (0xff578603) lb      a2, -11(a5)
core   0: 3 0x80007bbc (0xff578603) x12 0x00000064 mem 0x800169bd
core   0: 0x80007bc0 (0x92980903) lb      s2, -1751(a6)
core   0: 3 0x80007bc0 (0x92980903) x18 0x0000007a mem 0x8001d0c1
core   0: 0x80007bc4 (0xff270aa3) sb      s2, -11(a4)
core   0: 3 0x80007bc4 (0xff270aa3) mem 0x80025749 0x7a
core   0: 0x80007bc8 (0x5a680f23) sb      t1, 1470(a6)
core   0: 3 0x80007bc8 (0x5a680f23) mem 0x8001dd56 0xb8
core   0: 0x80007bcc (0xf4e34503) lbu     a0, -178(t1)
core   0: 3 0x80007bcc (0xf4e34503) x10 0x000000bd mem 0x80020606
core   0: 0x80007bd0 (0xfd370383) lb      t2, -45(a4)
core   0: 3 0x80007bd0 (0xfd370383) x 7 0xffffffdc mem 0x80025727
core   0: 0x80007bd4 (0x0000e597) auipc   a1, 0xe
core   0: 3 0x80007bd4 (0x0000e597) x11 0x80015bd4
core   0: 0x80007bd8 (0xce758593) addi    a1, a1, -793
core   0: 3 0x80007bd8 (0xce758593) x11 0x800158bb
core   0: 0x80007bdc (0xf0158b23) sb      ra, -234(a1)
core   0: 3 0x80007bdc (0xf0158b23) mem 0x800157d1 0x4e
core   0: 0x80007be0 (0x0d45c303) lbu     t1, 212(a1)
core   0: 3 0x80007be0 (0x0d45c303) x 6 0x00000044 mem 0x8001598f
core   0: 0x80007be4 (0x00000013) nop
core   0: 3 0x80007be4 (0x00000013)
core   0: 0x80007be8 (0xfe258003) lb      zero, -30(a1)
core   0: 3 0x80007be8 (0xfe258003) mem 0x8001589d
core   0: 0x80007bec (0x0bf58d23) sb      t6, 186(a1)
core   0: 3 0x80007bec (0x0bf58d23) mem 0x80015975 0xc1
core   0: 0x80007bf0 (0xfad58923) sb      a3, -78(a1)
core   0: 3 0x80007bf0 (0xfad58923) mem 0x8001586d 0x0
core   0: 0x80007bf4 (0x01afce33) xor     t3, t6, s10
core   0: 3 0x80007bf4 (0x01afce33) x28 0xfffffbf3
core   0: 0x80007bf8 (0x0e358783) lb      a5, 227(a1)
core   0: 3 0x80007bf8 (0x0e358783) x15 0xffffffa1 mem 0x8001599e
core   0: 0x80007bfc (0xfa858903) lb      s2, -88(a1)
core   0: 3 0x80007bfc (0xfa858903) x18 0x00000018 mem 0x80015863
core   0: 0x80007c00 (0x01783c33) sltu    s8, a6, s7
core   0: 3 0x80007c00 (0x01783c33) x24 0x00000000
core   0: 0x80007c04 (0x0000100f) fence.i
core   0: 3 0x80007c04 (0x0000100f)
core   0: 0x80007c08 (0xfdfba813) slti    a6, s7, -33
core   0: 3 0x80007c08 (0xfdfba813) x16 0x00000000
core   0: 0x80007c0c (0x0d258723) sb      s2, 206(a1)
core   0: 3 0x80007c0c (0x0d258723) mem 0x80015989 0x18
core   0: 0x80007c10 (0x0df58c03) lb      s8, 223(a1)
core   0: 3 0x80007c10 (0x0df58c03) x24 0x00000071 mem 0x8001599a
core   0: 0x80007c14 (0x0a958123) sb      s1, 162(a1)
core   0: 3 0x80007c14 (0x0a958123) mem 0x8001595d 0x54
core   0: 0x80007c18 (0xe5a9a713) slti    a4, s3, -422
core   0: 3 0x80007c18 (0xe5a9a713) x14 0x00000001
core   0: 0x80007c1c (0x08458d03) lb      s10, 132(a1)
core   0: 3 0x80007c1c (0x08458d03) x26 0xfffffff4 mem 0x8001593f
core   0: 0x80007c20 (0x01e5c203) lbu     tp, 30(a1)
core   0: 3 0x80007c20 (0x01e5c203) x 4 0x00000000 mem 0x800158d9
core   0: 0x80007c24 (0x0b65cb83) lbu     s7, 182(a1)
core   0: 3 0x80007c24 (0x0b65cb83) x23 0x0000002a mem 0x80015971
core   0: 0x80007c28 (0x0d65c083) lbu     ra, 214(a1)
core   0: 3 0x80007c28 (0x0d65c083) x 1 0x0000004a mem 0x80015991
core   0: 0x80007c2c (0x0000100f) fence.i
core   0: 3 0x80007c2c (0x0000100f)
core   0: 0x80007c30 (0x07c58f03) lb      t5, 124(a1)
core   0: 3 0x80007c30 (0x07c58f03) x30 0xffffffec mem 0x80015937
core   0: 0x80007c34 (0x0145c303) lbu     t1, 20(a1)
core   0: 3 0x80007c34 (0x0145c303) x 6 0x00000084 mem 0x800158cf
core   0: 0x80007c38 (0xfc558323) sb      t0, -58(a1)
core   0: 3 0x80007c38 (0xfc558323) mem 0x80015881 0xbd
core   0: 0x80007c3c (0x00000013) nop
core   0: 3 0x80007c3c (0x00000013)
core   0: 0x80007c40 (0x07958b23) sb      s9, 118(a1)
core   0: 3 0x80007c40 (0x07958b23) mem 0x80015931 0xa9
core   0: 0x80007c44 (0x0f5592a3) sh      s5, 229(a1)
core   0: 3 0x80007c44 (0x0f5592a3) mem 0x800159a0 0x0002
core   0: 0x80007c48 (0x01a26733) or      a4, tp, s10
core   0: 3 0x80007c48 (0x01a26733) x14 0xfffffff4
core   0: 0x80007c4c (0x001d1f33) sll     t5, s10, ra
core   0: 3 0x80007c4c (0x001d1f33) x30 0xffffd000
core   0: 0x80007c50 (0x0d3594a3) sh      s3, 201(a1)
core   0: 3 0x80007c50 (0x0d3594a3) mem 0x80015984 0xae64
core   0: 0x80007c54 (0x6986af93) slti    t6, a3, 1688
core   0: 3 0x80007c54 (0x6986af93) x31 0x00000001
core   0: 0x80007c58 (0x0cd5a783) lw      a5, 205(a1)
core   0: 3 0x80007c58 (0x0cd5a783) x15 0x40411843 mem 0x80015988
core   0: 0x80007c5c (0x0ba58183) lb      gp, 186(a1)
core   0: 3 0x80007c5c (0x0ba58183) x 3 0xffffffc1 mem 0x80015975
core   0: 0x80007c60 (0xfe558f03) lb      t5, -27(a1)
core   0: 3 0x80007c60 (0xfe558f03) x30 0x0000005b mem 0x800158a0
core   0: 0x80007c64 (0x40bc8fb3) sub     t6, s9, a1
core   0: 3 0x80007c64 (0x40bc8fb3) x31 0x7ffea9ee
core   0: 0x80007c68 (0xf7a594a3) sh      s10, -151(a1)
core   0: 3 0x80007c68 (0xf7a594a3) mem 0x80015824 0xfff4
core   0: 0x80007c6c (0x015c74b3) and     s1, s8, s5
core   0: 3 0x80007c6c (0x015c74b3) x 9 0x00000000
core   0: 0x80007c70 (0x41248933) sub     s2, s1, s2
core   0: 3 0x80007c70 (0x41248933) x18 0xffffffe8
core   0: 0x80007c74 (0xfbe58723) sb      t5, -82(a1)
core   0: 3 0x80007c74 (0xfbe58723) mem 0x80015869 0x5b
core   0: 0x80007c78 (0xf7b59b03) lh      s6, -133(a1)
core   0: 3 0x80007c78 (0xf7b59b03) x22 0xffffeced mem 0x80015836
core   0: 0x80007c7c (0x619b5e97) auipc   t4, 0x619b5
core   0: 3 0x80007c7c (0x619b5e97) x29 0xe19bcc7c
core   0: 0x80007c80 (0x0025c483) lbu     s1, 2(a1)
core   0: 3 0x80007c80 (0x0025c483) x 9 0x00000064 mem 0x800158bd
core   0: 0x80007c84 (0xfb05c503) lbu     a0, -80(a1)
core   0: 3 0x80007c84 (0xfb05c503) x10 0x00000020 mem 0x8001586b
core   0: 0x80007c88 (0xf2e5c483) lbu     s1, -210(a1)
core   0: 3 0x80007c88 (0xf2e5c483) x 9 0x000000a2 mem 0x800157e9
core   0: 0x80007c8c (0x0001b617) auipc   a2, 0x1b
core   0: 3 0x80007c8c (0x0001b617) x12 0x80022c8c
core   0: 0x80007c90 (0x1ea60613) addi    a2, a2, 490
core   0: 3 0x80007c90 (0x1ea60613) x12 0x80022e76
core   0: 0x80007c94 (0x05a62f23) sw      s10, 94(a2)
core   0: 3 0x80007c94 (0x05a62f23) mem 0x80022ed4 0xfffffff4
core   0: 0x80007c98 (0xf5964583) lbu     a1, -167(a2)
core   0: 3 0x80007c98 (0xf5964583) x11 0x00000084 mem 0x80022dcf
core   0: 0x80007c9c (0x00a172b3) and     t0, sp, a0
core   0: 3 0x80007c9c (0x00a172b3) x 5 0x00000020
core   0: 0x80007ca0 (0xf5d64b83) lbu     s7, -163(a2)
core   0: 3 0x80007ca0 (0xf5d64b83) x23 0x00000088 mem 0x80022dd3
core   0: 0x80007ca4 (0xf5d64283) lbu     t0, -163(a2)
core   0: 3 0x80007ca4 (0xf5d64283) x 5 0x00000088 mem 0x80022dd3
core   0: 0x80007ca8 (0x4163de93) srai    t4, t2, 22
core   0: 3 0x80007ca8 (0x4163de93) x29 0xffffffff
core   0: 0x80007cac (0xf5d60e03) lb      t3, -163(a2)
core   0: 3 0x80007cac (0xf5d60e03) x28 0xffffff88 mem 0x80022dd3
core   0: 0x80007cb0 (0x0fe61a03) lh      s4, 254(a2)
core   0: 3 0x80007cb0 (0x0fe61a03) x20 0x00002e2f mem 0x80022f74
core   0: 0x80007cb4 (0xf6e61423) sh      a4, -152(a2)
core   0: 3 0x80007cb4 (0xf6e61423) mem 0x80022dde 0xfff4
core   0: 0x80007cb8 (0xf6864403) lbu     s0, -152(a2)
core   0: 3 0x80007cb8 (0xf6864403) x 8 0x000000f4 mem 0x80022dde
core   0: 0x80007cbc (0x0000100f) fence.i
core   0: 3 0x80007cbc (0x0000100f)
core   0: 0x80007cc0 (0xf6860883) lb      a7, -152(a2)
core   0: 3 0x80007cc0 (0xf6860883) x17 0xfffffff4 mem 0x80022dde
core   0: 0x80007cc4 (0x0a4603a3) sb      tp, 167(a2)
core   0: 3 0x80007cc4 (0x0a4603a3) mem 0x80022f1d 0x0
core   0: 0x80007cc8 (0x0a5603a3) sb      t0, 167(a2)
core   0: 3 0x80007cc8 (0x0a5603a3) mem 0x80022f1d 0x88
core   0: 0x80007ccc (0x0e760003) lb      zero, 231(a2)
core   0: 3 0x80007ccc (0x0e760003) mem 0x80022f5d
core   0: 0x80007cd0 (0x0eb603a3) sb      a1, 231(a2)
core   0: 3 0x80007cd0 (0x0eb603a3) mem 0x80022f5d 0x84
core   0: 0x80007cd4 (0x0ee603a3) sb      a4, 231(a2)
core   0: 3 0x80007cd4 (0x0ee603a3) mem 0x80022f5d 0xf4
core   0: 0x80007cd8 (0x00910033) add     zero, sp, s1
core   0: 3 0x80007cd8 (0x00910033)
core   0: 0x80007cdc (0x0000100f) fence.i
core   0: 3 0x80007cdc (0x0000100f)
core   0: 0x80007ce0 (0xf8c60fa3) sb      a2, -97(a2)
core   0: 3 0x80007ce0 (0xf8c60fa3) mem 0x80022e15 0x76
core   0: 0x80007ce4 (0x017b0533) add     a0, s6, s7
core   0: 3 0x80007ce4 (0x017b0533) x10 0xffffed75
core   0: 0x80007ce8 (0x0cc64903) lbu     s2, 204(a2)
core   0: 3 0x80007ce8 (0x0cc64903) x18 0x000000f9 mem 0x80022f42
core   0: 0x80007cec (0x03560b03) lb      s6, 53(a2)
core   0: 3 0x80007cec (0x03560b03) x22 0x00000060 mem 0x80022eab
core   0: 0x80007cf0 (0x00609233) sll     tp, ra, t1
core   0: 3 0x80007cf0 (0x00609233) x 4 0x000004a0
core   0: 0x80007cf4 (0x04562f23) sw      t0, 94(a2)
core   0: 3 0x80007cf4 (0x04562f23) mem 0x80022ed4 0x00000088
core   0: 0x80007cf8 (0x05e60503) lb      a0, 94(a2)
core   0: 3 0x80007cf8 (0x05e60503) x10 0xffffff88 mem 0x80022ed4
core   0: 0x80007cfc (0x0000d917) auipc   s2, 0xd
core   0: 3 0x80007cfc (0x0000d917) x18 0x80014cfc
core   0: 0x80007d00 (0x7d490913) addi    s2, s2, 2004
core   0: 3 0x80007d00 (0x7d490913) x18 0x800154d0
core   0: 0x80007d04 (0x50d90283) lb      t0, 1293(s2)
core   0: 3 0x80007d04 (0x50d90283) x 5 0x00000072 mem 0x800159dd
core   0: 0x80007d08 (0x017b4bb3) xor     s7, s6, s7
core   0: 3 0x80007d08 (0x017b4bb3) x23 0x000000e8
core   0: 0x80007d0c (0x018eb1b3) sltu    gp, t4, s8
core   0: 3 0x80007d0c (0x018eb1b3) x 3 0x00000000
core   0: 0x80007d10 (0xdb394583) lbu     a1, -589(s2)
core   0: 3 0x80007d10 (0xdb394583) x11 0x00000038 mem 0x80015283
core   0: 0x80007d14 (0x07f90603) lb      a2, 127(s2)
core   0: 3 0x80007d14 (0x07f90603) x12 0x00000064 mem 0x8001554f
core   0: 0x80007d18 (0x011adf93) srli    t6, s5, 17
core   0: 3 0x80007d18 (0x011adf93) x31 0x00000000
core   0: 0x80007d1c (0x29c95703) lhu     a4, 668(s2)
core   0: 3 0x80007d1c (0x29c95703) x14 0x00002627 mem 0x8001576c
core   0: 0x80007d20 (0x0fbf7593) andi    a1, t5, 251
core   0: 3 0x80007d20 (0x0fbf7593) x11 0x0000005b
core   0: 0x80007d24 (0x09491783) lh      a5, 148(s2)
core   0: 3 0x80007d24 (0x09491783) x15 0x00001e1f mem 0x80015564
core   0: 0x80007d28 (0x006707b3) add     a5, a4, t1
core   0: 3 0x80007d28 (0x006707b3) x15 0x000026ab
core   0: 0x80007d2c (0x019dd7b3) srl     a5, s11, s9
core   0: 3 0x80007d2c (0x019dd7b3) x15 0x007ffffc
core   0: 0x80007d30 (0x43286193) ori     gp, a6, 1074
core   0: 3 0x80007d30 (0x43286193) x 3 0x00000432
core   0: 0x80007d34 (0x2db94383) lbu     t2, 731(s2)
core   0: 3 0x80007d34 (0x2db94383) x 7 0x00000060 mem 0x800157ab
core   0: 0x80007d38 (0xe89a0c17) auipc   s8, 0xe89a0
core   0: 3 0x80007d38 (0xe89a0c17) x24 0x689a7d38
core   0: 0x80007d3c (0xbaf90183) lb      gp, -1105(s2)
core   0: 3 0x80007d3c (0xbaf90183) x 3 0x00000034 mem 0x8001507f
core   0: 0x80007d40 (0x49d90aa3) sb      t4, 1173(s2)
core   0: 3 0x80007d40 (0x49d90aa3) mem 0x80015965 0xff
core   0: 0x80007d44 (0x49a90a03) lb      s4, 1178(s2)
core   0: 3 0x80007d44 (0x49a90a03) x20 0x00000021 mem 0x8001596a
core   0: 0x80007d48 (0x012e3fb3) sltu    t6, t3, s2
core   0: 3 0x80007d48 (0x012e3fb3) x31 0x00000000
core   0: 0x80007d4c (0xf45f0593) addi    a1, t5, -187
core   0: 3 0x80007d4c (0xf45f0593) x11 0xffffffa0
core   0: 0x80007d50 (0x0da95503) lhu     a0, 218(s2)
core   0: 3 0x80007d50 (0x0da95503) x10 0x00006061 mem 0x800155aa
core   0: 0x80007d54 (0x0189ab33) slt     s6, s3, s8
core   0: 3 0x80007d54 (0x0189ab33) x22 0x00000001
core   0: 0x80007d58 (0xb8594503) lbu     a0, -1147(s2)
core   0: 3 0x80007d58 (0xb8594503) x10 0x0000000e mem 0x80015055
core   0: 0x80007d5c (0x01fd02b3) add     t0, s10, t6
core   0: 3 0x80007d5c (0x01fd02b3) x 5 0xfffffff4
core   0: 0x80007d60 (0x1cc95303) lhu     t1, 460(s2)
core   0: 3 0x80007d60 (0x1cc95303) x 6 0x000000e4 mem 0x8001569c
core   0: 0x80007d64 (0x76194303) lbu     t1, 1889(s2)
core   0: 3 0x80007d64 (0x76194303) x 6 0x000000ea mem 0x80015c31
core   0: 0x80007d68 (0x46898f93) addi    t6, s3, 1128
core   0: 3 0x80007d68 (0x46898f93) x31 0x8002b2cc
core   0: 0x80007d6c (0x6d895b03) lhu     s6, 1752(s2)
core   0: 3 0x80007d6c (0x6d895b03) x22 0x00006263 mem 0x80015ba8
core   0: 0x80007d70 (0x16790083) lb      ra, 359(s2)
core   0: 3 0x80007d70 (0x16790083) x 1 0xffffffec mem 0x80015637
core   0: 0x80007d74 (0x406900a3) sb      t1, 1025(s2)
core   0: 3 0x80007d74 (0x406900a3) mem 0x800158d1 0xea
core   0: 0x80007d78 (0x00270633) add     a2, a4, sp
core   0: 3 0x80007d78 (0x00270633) x12 0x8003130b
core   0: 0x80007d7c (0x00000013) nop
core   0: 3 0x80007d7c (0x00000013)
core   0: 0x80007d80 (0xf3c90a23) sb      t3, -204(s2)
core   0: 3 0x80007d80 (0xf3c90a23) mem 0x80015404 0x88
core   0: 0x80007d84 (0x00017d97) auipc   s11, 0x17
core   0: 3 0x80007d84 (0x00017d97) x27 0x8001ed84
core   0: 0x80007d88 (0x6bed8d93) addi    s11, s11, 1726
core   0: 3 0x80007d88 (0x6bed8d93) x27 0x8001f442
core   0: 0x80007d8c (0x00533fb3) sltu    t6, t1, t0
core   0: 3 0x80007d8c (0x00533fb3) x31 0x00000001
core   0: 0x80007d90 (0x007d8823) sb      t2, 16(s11)
core   0: 3 0x80007d90 (0x007d8823) mem 0x8001f452 0x60
core   0: 0x80007d94 (0xfc7d82a3) sb      t2, -59(s11)
core   0: 3 0x80007d94 (0xfc7d82a3) mem 0x8001f407 0x60
core   0: 0x80007d98 (0x415ede33) sra     t3, t4, s5
core   0: 3 0x80007d98 (0x415ede33) x28 0xffffffff
core   0: 0x80007d9c (0x001615b3) sll     a1, a2, ra
core   0: 3 0x80007d9c (0x001615b3) x11 0x3130b000
core   0: 0x80007da0 (0x01b363b3) or      t2, t1, s11
core   0: 3 0x80007da0 (0x01b363b3) x 7 0x8001f4ea
core   0: 0x80007da4 (0x01064fb3) xor     t6, a2, a6
core   0: 3 0x80007da4 (0x01064fb3) x31 0x8003130b
core   0: 0x80007da8 (0xfeedcf83) lbu     t6, -18(s11)
core   0: 3 0x80007da8 (0xfeedcf83) x31 0x000000eb mem 0x8001f430
core   0: 0x80007dac (0xff0d8f03) lb      t5, -16(s11)
core   0: 3 0x80007dac (0xff0d8f03) x30 0xffffffe9 mem 0x8001f432
core   0: 0x80007db0 (0x011befb3) or      t6, s7, a7
core   0: 3 0x80007db0 (0x011befb3) x31 0xfffffffc
core   0: 0x80007db4 (0x5b5b2593) slti    a1, s6, 1461
core   0: 3 0x80007db4 (0x5b5b2593) x11 0x00000000
core   0: 0x80007db8 (0xfebdcd03) lbu     s10, -21(s11)
core   0: 3 0x80007db8 (0xfebdcd03) x26 0x000000e6 mem 0x8001f42d
core   0: 0x80007dbc (0x03eda123) sw      t5, 34(s11)
core   0: 3 0x80007dbc (0x03eda123) mem 0x8001f464 0xffffffe9
core   0: 0x80007dc0 (0xfd9d8a03) lb      s4, -39(s11)
core   0: 3 0x80007dc0 (0xfd9d8a03) x20 0xffffffd0 mem 0x8001f41b
core   0: 0x80007dc4 (0x00599f33) sll     t5, s3, t0
core   0: 3 0x80007dc4 (0x00599f33) x30 0xe6400000
core   0: 0x80007dc8 (0xfead8c23) sb      a0, -8(s11)
core   0: 3 0x80007dc8 (0xfead8c23) mem 0x8001f43a 0xe
core   0: 0x80007dcc (0x0ff0000f) fence   iorw,iorw
core   0: 3 0x80007dcc (0x0ff0000f)
core   0: 0x80007dd0 (0x009dcc03) lbu     s8, 9(s11)
core   0: 3 0x80007dd0 (0x009dcc03) x24 0x00000000 mem 0x8001f44b
core   0: 0x80007dd4 (0x037d8583) lb      a1, 55(s11)
core   0: 3 0x80007dd4 (0x037d8583) x11 0x00000032 mem 0x8001f479
core   0: 0x80007dd8 (0x014e1413) slli    s0, t3, 20
core   0: 3 0x80007dd8 (0x014e1413) x 8 0xfff00000
core   0: 0x80007ddc (0x00426233) or      tp, tp, tp
core   0: 3 0x80007ddc (0x00426233) x 4 0x000004a0
core   0: 0x80007de0 (0x9b5d0b93) addi    s7, s10, -1611
core   0: 3 0x80007de0 (0x9b5d0b93) x23 0xfffffa9b
core   0: 0x80007de4 (0xfc4d8f03) lb      t5, -60(s11)
core   0: 3 0x80007de4 (0xfc4d8f03) x30 0xffffffbd mem 0x8001f406
core   0: 0x80007de8 (0xff0d8f03) lb      t5, -16(s11)
core   0: 3 0x80007de8 (0xff0d8f03) x30 0xffffffe9 mem 0x8001f432
core   0: 0x80007dec (0xf4dacd13) xori    s10, s5, -179
core   0: 3 0x80007dec (0xf4dacd13) x26 0xffffff4f
core   0: 0x80007df0 (0x01e89733) sll     a4, a7, t5
core   0: 3 0x80007df0 (0x01e89733) x14 0xffffe800
core   0: 0x80007df4 (0x013d8e83) lb      t4, 19(s11)
core   0: 3 0x80007df4 (0x013d8e83) x29 0x0000000e mem 0x8001f455
core   0: 0x80007df8 (0x01ed9603) lh      a2, 30(s11)
core   0: 3 0x80007df8 (0x01ed9603) x12 0x00001a1b mem 0x8001f460
core   0: 0x80007dfc (0xfd9d82a3) sb      s9, -59(s11)
core   0: 3 0x80007dfc (0xfd9d82a3) mem 0x8001f407 0xa9
core   0: 0x80007e00 (0xff6dcc83) lbu     s9, -10(s11)
core   0: 3 0x80007e00 (0xff6dcc83) x25 0x000000f3 mem 0x8001f438
core   0: 0x80007e04 (0xfd9dcc83) lbu     s9, -39(s11)
core   0: 3 0x80007e04 (0xfd9dcc83) x25 0x000000d0 mem 0x8001f41b
core   0: 0x80007e08 (0x00000013) nop
core   0: 3 0x80007e08 (0x00000013)
core   0: 0x80007e0c (0xffcdc783) lbu     a5, -4(s11)
core   0: 3 0x80007e0c (0xffcdc783) x15 0x000000f5 mem 0x8001f43e
core   0: 0x80007e10 (0xff3d8903) lb      s2, -13(s11)
core   0: 3 0x80007e10 (0xff3d8903) x18 0xffffffee mem 0x8001f435
core   0: 0x80007e14 (0xfc3d8183) lb      gp, -61(s11)
core   0: 3 0x80007e14 (0xfc3d8183) x 3 0xffffffbe mem 0x8001f405
core   0: 0x80007e18 (0xe26e5317) auipc   t1, 0xe26e5
core   0: 3 0x80007e18 (0xe26e5317) x 6 0x626ece18
core   0: 0x80007e1c (0x004d87a3) sb      tp, 15(s11)
core   0: 3 0x80007e1c (0x004d87a3) mem 0x8001f451 0xa0
core   0: 0x80007e20 (0xffcd9a23) sh      t3, -12(s11)
core   0: 3 0x80007e20 (0xffcd9a23) mem 0x8001f436 0xffff
core   0: 0x80007e24 (0x0000100f) fence.i
core   0: 3 0x80007e24 (0x0000100f)
core   0: 0x80007e28 (0x00595533) srl     a0, s2, t0
core   0: 3 0x80007e28 (0x00595533) x10 0x00000fff
core   0: 0x80007e2c (0x01865633) srl     a2, a2, s8
core   0: 3 0x80007e2c (0x01865633) x12 0x00001a1b
core   0: 0x80007e30 (0x40ea07b3) sub     a5, s4, a4
core   0: 3 0x80007e30 (0x40ea07b3) x15 0x000017d0
core   0: 0x80007e34 (0xfe8d9d03) lh      s10, -24(s11)
core   0: 3 0x80007e34 (0xfe8d9d03) x26 0xffffe0e1 mem 0x8001f42a
core   0: 0x80007e38 (0xffcdd083) lhu     ra, -4(s11)
core   0: 3 0x80007e38 (0xffcdd083) x 1 0x0000f4f5 mem 0x8001f43e
core   0: 0x80007e3c (0xfd0dd503) lhu     a0, -48(s11)
core   0: 3 0x80007e3c (0xfd0dd503) x10 0x0000c8c9 mem 0x8001f412
core   0: 0x80007e40 (0x01ca1593) slli    a1, s4, 28
core   0: 3 0x80007e40 (0x01ca1593) x11 0x00000000
core   0: 0x80007e44 (0x006e7293) andi    t0, t3, 6
core   0: 3 0x80007e44 (0x006e7293) x 5 0x00000006
core   0: 0x80007e48 (0xff4ddd03) lhu     s10, -12(s11)
core   0: 3 0x80007e48 (0xff4ddd03) x26 0x0000ffff mem 0x8001f436
core   0: 0x80007e4c (0x0000da17) auipc   s4, 0xd
core   0: 3 0x80007e4c (0x0000da17) x20 0x80014e4c
core   0: 0x80007e50 (0x2b3a0a13) addi    s4, s4, 691
core   0: 3 0x80007e50 (0x2b3a0a13) x20 0x800150ff
core   0: 0x80007e54 (0x006a0b83) lb      s7, 6(s4)
core   0: 3 0x80007e54 (0x006a0b83) x23 0xffffffbe mem 0x80015105
core   0: 0x80007e58 (0x0025fd33) and     s10, a1, sp
core   0: 3 0x80007e58 (0x0025fd33) x26 0x00000000
core   0: 0x80007e5c (0x0179b4b3) sltu    s1, s3, s7
core   0: 3 0x80007e5c (0x0179b4b3) x 9 0x00000001
core   0: 0x80007e60 (0xff3a0223) sb      s3, -28(s4)
core   0: 3 0x80007e60 (0xff3a0223) mem 0x800150e3 0x64
core   0: 0x80007e64 (0x038a4003) lbu     zero, 56(s4)
core   0: 3 0x80007e64 (0x038a4003) mem 0x80015137
core   0: 0x80007e68 (0x01da4303) lbu     t1, 29(s4)
core   0: 3 0x80007e68 (0x01da4303) x 6 0x000000d7 mem 0x8001511c
core   0: 0x80007e6c (0xf6223213) sltiu   tp, tp, -158
core   0: 3 0x80007e6c (0xf6223213) x 4 0x00000001
core   0: 0x80007e70 (0xfc9a0f23) sb      s1, -34(s4)
core   0: 3 0x80007e70 (0xfc9a0f23) mem 0x800150dd 0x1
core   0: 0x80007e74 (0x005c5d93) srli    s11, s8, 5
core   0: 3 0x80007e74 (0x005c5d93) x27 0x00000000
core   0: 0x80007e78 (0x035a1c83) lh      s9, 53(s4)
core   0: 3 0x80007e78 (0x035a1c83) x25 0xffffeeef mem 0x80015134
core   0: 0x80007e7c (0x40dfdbb3) sra     s7, t6, a3
core   0: 3 0x80007e7c (0x40dfdbb3) x23 0xfffffffc
core   0: 0x80007e80 (0x010a4b83) lbu     s7, 16(s4)
core   0: 3 0x80007e80 (0x010a4b83) x23 0x000000c4 mem 0x8001510f
core   0: 0x80007e84 (0x00e298b3) sll     a7, t0, a4
core   0: 3 0x80007e84 (0x00e298b3) x17 0x00000006
core   0: 0x80007e88 (0x03ea4f03) lbu     t5, 62(s4)
core   0: 3 0x80007e88 (0x03ea4f03) x30 0x000000f6 mem 0x8001513d
core   0: 0x80007e8c (0x017a1783) lh      a5, 23(s4)
core   0: 3 0x80007e8c (0x017a1783) x15 0xffffcccd mem 0x80015116
core   0: 0x80007e90 (0x014a0483) lb      s1, 20(s4)
core   0: 3 0x80007e90 (0x014a0483) x 9 0xffffffc8 mem 0x80015113
core   0: 0x80007e94 (0x014d5793) srli    a5, s10, 20
core   0: 3 0x80007e94 (0x014d5793) x15 0x00000000
core   0: 0x80007e98 (0x0ff0000f) fence   iorw,iorw
core   0: 3 0x80007e98 (0x0ff0000f)
core   0: 0x80007e9c (0x41d55233) sra     tp, a0, t4
core   0: 3 0x80007e9c (0x41d55233) x 4 0x00000003
core   0: 0x80007ea0 (0x03aa26a3) sw      s10, 45(s4)
core   0: 3 0x80007ea0 (0x03aa26a3) mem 0x8001512c 0x00000000
core   0: 0x80007ea4 (0x41ae8833) sub     a6, t4, s10
core   0: 3 0x80007ea4 (0x41ae8833) x16 0x0000000e
core   0: 0x80007ea8 (0x01622ab3) slt     s5, tp, s6
core   0: 3 0x80007ea8 (0x01622ab3) x21 0x00000001
core   0: 0x80007eac (0x018408b3) add     a7, s0, s8
core   0: 3 0x80007eac (0x018408b3) x17 0xfff00000
core   0: 0x80007eb0 (0x014e82b3) add     t0, t4, s4
core   0: 3 0x80007eb0 (0x014e82b3) x 5 0x8001510d
core   0: 0x80007eb4 (0xfc6a06a3) sb      t1, -51(s4)
core   0: 3 0x80007eb4 (0xfc6a06a3) mem 0x800150cc 0xd7
core   0: 0x80007eb8 (0xfd2a4783) lbu     a5, -46(s4)
core   0: 3 0x80007eb8 (0xfd2a4783) x15 0x0000008a mem 0x800150d1
core   0: 0x80007ebc (0x0132b833) sltu    a6, t0, s3
core   0: 3 0x80007ebc (0x0132b833) x16 0x00000001
core   0: 0x80007ec0 (0x01608e33) add     t3, ra, s6
core   0: 3 0x80007ec0 (0x01608e33) x28 0x00015758
core   0: 0x80007ec4 (0xff3a0603) lb      a2, -13(s4)
core   0: 3 0x80007ec4 (0xff3a0603) x12 0xffffffa9 mem 0x800150f2
core   0: 0x80007ec8 (0x006a4003) lbu     zero, 6(s4)
core   0: 3 0x80007ec8 (0x006a4003) mem 0x80015105
core   0: 0x80007ecc (0x94228293) addi    t0, t0, -1726
core   0: 3 0x80007ecc (0x94228293) x 5 0x80014a4f
core   0: 0x80007ed0 (0x00ec8d33) add     s10, s9, a4
core   0: 3 0x80007ed0 (0x00ec8d33) x26 0xffffd6ef
core   0: 0x80007ed4 (0xfeea0f23) sb      a4, -2(s4)
core   0: 3 0x80007ed4 (0xfeea0f23) mem 0x800150fd 0x0
core   0: 0x80007ed8 (0xffaa0c83) lb      s9, -6(s4)
core   0: 3 0x80007ed8 (0xffaa0c83) x25 0xffffffb2 mem 0x800150f9
core   0: 0x80007edc (0x013e3633) sltu    a2, t3, s3
core   0: 3 0x80007edc (0x013e3633) x12 0x00000001
core   0: 0x80007ee0 (0xfeea0083) lb      ra, -18(s4)
core   0: 3 0x80007ee0 (0xfeea0083) x 1 0xffffffa6 mem 0x800150ed
core   0: 0x80007ee4 (0xfcfa1083) lh      ra, -49(s4)
core   0: 3 0x80007ee4 (0xfcfa1083) x 1 0xffff8485 mem 0x800150ce
core   0: 0x80007ee8 (0xfeca4e03) lbu     t3, -20(s4)
core   0: 3 0x80007ee8 (0xfeca4e03) x28 0x000000a0 mem 0x800150eb
core   0: 0x80007eec (0x0000f197) auipc   gp, 0xf
core   0: 3 0x80007eec (0x0000f197) x 3 0x80016eec
core   0: 0x80007ef0 (0xa6a18193) addi    gp, gp, -1430
core   0: 3 0x80007ef0 (0xa6a18193) x 3 0x80016956
core   0: 0x80007ef4 (0x1b3f8a13) addi    s4, t6, 435
core   0: 3 0x80007ef4 (0x1b3f8a13) x20 0x000001af
core   0: 0x80007ef8 (0x00519323) sh      t0, 6(gp)
core   0: 3 0x80007ef8 (0x00519323) mem 0x8001695c 0x4a4f
core   0: 0x80007efc (0x0161a323) sw      s6, 6(gp)
core   0: 3 0x80007efc (0x0161a323) mem 0x8001695c 0x00006263
core   0: 0x80007f00 (0x0061dd83) lhu     s11, 6(gp)
core   0: 3 0x80007f00 (0x0061dd83) x27 0x00006263 mem 0x8001695c
core   0: 0x80007f04 (0x008185a3) sb      s0, 11(gp)
core   0: 3 0x80007f04 (0x008185a3) mem 0x80016961 0x0
core   0: 0x80007f08 (0x001185a3) sb      ra, 11(gp)
core   0: 3 0x80007f08 (0x001185a3) mem 0x80016961 0x85
core   0: 0x80007f0c (0x011185a3) sb      a7, 11(gp)
core   0: 3 0x80007f0c (0x011185a3) mem 0x80016961 0x0
core   0: 0x80007f10 (0x0ff0000f) fence   iorw,iorw
core   0: 3 0x80007f10 (0x0ff0000f)
core   0: 0x80007f14 (0x00b1c903) lbu     s2, 11(gp)
core   0: 3 0x80007f14 (0x00b1c903) x18 0x00000000 mem 0x80016961
core   0: 0x80007f18 (0x00b18783) lb      a5, 11(gp)
core   0: 3 0x80007f18 (0x00b18783) x15 0x00000000 mem 0x80016961
core   0: 0x80007f1c (0x00b1c483) lbu     s1, 11(gp)
core   0: 3 0x80007f1c (0x00b1c483) x 9 0x00000000 mem 0x80016961
core   0: 0x80007f20 (0x007185a3) sb      t2, 11(gp)
core   0: 3 0x80007f20 (0x007185a3) mem 0x80016961 0xea
core   0: 0x80007f24 (0x40c95333) sra     t1, s2, a2
core   0: 3 0x80007f24 (0x40c95333) x 6 0x00000000
core   0: 0x80007f28 (0x0012dc13) srli    s8, t0, 1
core   0: 3 0x80007f28 (0x0012dc13) x24 0x4000a527
core   0: 0x80007f2c (0x85e88d13) addi    s10, a7, -1954
core   0: 3 0x80007f2c (0x85e88d13) x26 0xffeff85e
core   0: 0x80007f30 (0x014185a3) sb      s4, 11(gp)
core   0: 3 0x80007f30 (0x014185a3) mem 0x80016961 0xaf
core   0: 0x80007f34 (0x5f3685b7) lui     a1, 0x5f368
core   0: 3 0x80007f34 (0x5f3685b7) x11 0x5f368000
core   0: 0x80007f38 (0x00000013) nop
core   0: 3 0x80007f38 (0x00000013)
core   0: 0x80007f3c (0x00b1cb83) lbu     s7, 11(gp)
core   0: 3 0x80007f3c (0x00b1cb83) x23 0x000000af mem 0x80016961
core   0: 0x80007f40 (0x01a185a3) sb      s10, 11(gp)
core   0: 3 0x80007f40 (0x01a185a3) mem 0x80016961 0x5e
core   0: 0x80007f44 (0x001185a3) sb      ra, 11(gp)
core   0: 3 0x80007f44 (0x001185a3) mem 0x80016961 0x85
core   0: 0x80007f48 (0x0001bc97) auipc   s9, 0x1b
core   0: 3 0x80007f48 (0x0001bc97) x25 0x80022f48
core   0: 0x80007f4c (0xe1dc8c93) addi    s9, s9, -483
core   0: 3 0x80007f4c (0xe1dc8c93) x25 0x80022d65
core   0: 0x80007f50 (0xfefccf83) lbu     t6, -17(s9)
core   0: 3 0x80007f50 (0xfefccf83) x31 0x0000000f mem 0x80022d54
core   0: 0x80007f54 (0xfefcdb83) lhu     s7, -17(s9)
core   0: 3 0x80007f54 (0xfefcdb83) x23 0x00000e0f mem 0x80022d54
core   0: 0x80007f58 (0xfefcc003) lbu     zero, -17(s9)
core   0: 3 0x80007f58 (0xfefcc003) mem 0x80022d54
core   0: 0x80007f5c (0xfebca7a3) sw      a1, -17(s9)
core   0: 3 0x80007f5c (0xfebca7a3) mem 0x80022d54 0x5f368000
core   0: 0x80007f60 (0xfefca803) lw      a6, -17(s9)
core   0: 3 0x80007f60 (0xfefca803) x16 0x5f368000 mem 0x80022d54
core   0: 0x80007f64 (0xfefcd483) lhu     s1, -17(s9)
core   0: 3 0x80007f64 (0xfefcd483) x 9 0x00008000 mem 0x80022d54
core   0: 0x80007f68 (0xff3c87a3) sb      s3, -17(s9)
core   0: 3 0x80007f68 (0xff3c87a3) mem 0x80022d54 0x64
core   0: 0x80007f6c (0xfefca203) lw      tp, -17(s9)
core   0: 3 0x80007f6c (0xfefca203) x 4 0x5f368064 mem 0x80022d54
core   0: 0x80007f70 (0x15c74f13) xori    t5, a4, 348
core   0: 3 0x80007f70 (0x15c74f13) x30 0xffffe95c
core   0: 0x80007f74 (0x400e5733) sra     a4, t3, zero
core   0: 3 0x80007f74 (0x400e5733) x14 0x000000a0
core   0: 0x80007f78 (0xfefc8903) lb      s2, -17(s9)
core   0: 3 0x80007f78 (0xfefc8903) x18 0x00000064 mem 0x80022d54
core   0: 0x80007f7c (0xfefca903) lw      s2, -17(s9)
core   0: 3 0x80007f7c (0xfefca903) x18 0x5f368064 mem 0x80022d54
core   0: 0x80007f80 (0xff6ca7a3) sw      s6, -17(s9)
core   0: 3 0x80007f80 (0xff6ca7a3) mem 0x80022d54 0x00006263
core   0: 0x80007f84 (0xff7c97a3) sh      s7, -17(s9)
core   0: 3 0x80007f84 (0xff7c97a3) mem 0x80022d54 0x0e0f
core   0: 0x80007f88 (0xfefcc403) lbu     s0, -17(s9)
core   0: 3 0x80007f88 (0xfefcc403) x 8 0x0000000f mem 0x80022d54
core   0: 0x80007f8c (0xfefcaf83) lw      t6, -17(s9)
core   0: 3 0x80007f8c (0xfefcaf83) x31 0x00000e0f mem 0x80022d54
core   0: 0x80007f90 (0x0000e197) auipc   gp, 0xe
core   0: 3 0x80007f90 (0x0000e197) x 3 0x80015f90
core   0: 0x80007f94 (0xb5218193) addi    gp, gp, -1198
core   0: 3 0x80007f94 (0xb5218193) x 3 0x80015ae2
core   0: 0x80007f98 (0x853ce093) ori     ra, s9, -1965
core   0: 3 0x80007f98 (0x853ce093) x 1 0xfffffd77
core   0: 0x80007f9c (0x015ba033) slt     zero, s7, s5
core   0: 3 0x80007f9c (0x015ba033)
core   0: 0x80007fa0 (0x0008ec33) or      s8, a7, zero
core   0: 3 0x80007fa0 (0x0008ec33) x24 0xfff00000
core   0: 0x80007fa4 (0x0184dc13) srli    s8, s1, 24
core   0: 3 0x80007fa4 (0x0184dc13) x24 0x00000000
core   0: 0x80007fa8 (0x09818aa3) sb      s8, 149(gp)
core   0: 3 0x80007fa8 (0x09818aa3) mem 0x80015b77 0x0
core   0: 0x80007fac (0xb94d4097) auipc   ra, 0xb94d4
core   0: 3 0x80007fac (0xb94d4097) x 1 0x394dbfac
core   0: 0x80007fb0 (0x0ff0000f) fence   iorw,iorw
core   0: 3 0x80007fb0 (0x0ff0000f)
core   0: 0x80007fb4 (0x0128c933) xor     s2, a7, s2
core   0: 3 0x80007fb4 (0x0128c933) x18 0xa0c68064
core   0: 0x80007fb8 (0x0118fdb3) and     s11, a7, a7
core   0: 3 0x80007fb8 (0x0118fdb3) x27 0xfff00000
core   0: 0x80007fbc (0x0f443093) sltiu   ra, s0, 244
core   0: 3 0x80007fbc (0x0f443093) x 1 0x00000001
core   0: 0x80007fc0 (0x0fb18d03) lb      s10, 251(gp)
core   0: 3 0x80007fc0 (0x0fb18d03) x26 0x00000026 mem 0x80015bdd
core   0: 0x80007fc4 (0x0421ad83) lw      s11, 66(gp)
core   0: 3 0x80007fc4 (0x0421ad83) x27 0xdcdddedf mem 0x80015b24
core   0: 0x80007fc8 (0x00b6d433) srl     s0, a3, a1
core   0: 3 0x80007fc8 (0x00b6d433) x 8 0x80000000
core   0: 0x80007fcc (0x00ee1333) sll     t1, t3, a4
core   0: 3 0x80007fcc (0x00ee1333) x 6 0x000000a0
core   0: 0x80007fd0 (0x02618da3) sb      t1, 59(gp)
core   0: 3 0x80007fd0 (0x02618da3) mem 0x80015b1d 0xa0
core   0: 0x80007fd4 (0x0010d733) srl     a4, ra, ra
core   0: 3 0x80007fd4 (0x0010d733) x14 0x00000000
core   0: 0x80007fd8 (0xf6e1ca03) lbu     s4, -146(gp)
core   0: 3 0x80007fd8 (0xf6e1ca03) x20 0x0000000b mem 0x80015a50
core   0: 0x80007fdc (0x01279bb3) sll     s7, a5, s2
core   0: 3 0x80007fdc (0x01279bb3) x23 0x00000000
core   0: 0x80007fe0 (0x3916b913) sltiu   s2, a3, 913
core   0: 3 0x80007fe0 (0x3916b913) x18 0x00000000
core   0: 0x80007fe4 (0x08318703) lb      a4, 131(gp)
core   0: 3 0x80007fe4 (0x08318703) x14 0x00000000 mem 0x80015b65
core   0: 0x80007fe8 (0x01117433) and     s0, sp, a7
core   0: 3 0x80007fe8 (0x01117433) x 8 0x80000000
core   0: 0x80007fec (0xf461c803) lbu     a6, -186(gp)
core   0: 3 0x80007fec (0xf461c803) x16 0x000000e3 mem 0x80015a28
core   0: 0x80007ff0 (0xfad18823) sb      a3, -80(gp)
core   0: 3 0x80007ff0 (0xfad18823) mem 0x80015a92 0x0
core   0: 0x80007ff4 (0x00ce5f33) srl     t5, t3, a2
core   0: 3 0x80007ff4 (0x00ce5f33) x30 0x00000050
core   0: 0x80007ff8 (0xdb776793) ori     a5, a4, -585
core   0: 3 0x80007ff8 (0xdb776793) x15 0xfffffdb7
core   0: 0x80007ffc (0x519d3313) sltiu   t1, s10, 1305
core   0: 3 0x80007ffc (0x519d3313) x 6 0x00000001
core   0: 0x80008000 (0x0000100f) fence.i
core   0: 3 0x80008000 (0x0000100f)
core   0: 0x80008004 (0x40f058b3) sra     a7, zero, a5
core   0: 3 0x80008004 (0x40f058b3) x17 0x00000000
core   0: 0x80008008 (0xff418da3) sb      s4, -5(gp)
core   0: 3 0x80008008 (0xff418da3) mem 0x80015add 0xb
core   0: 0x8000800c (0x01d31813) slli    a6, t1, 29
core   0: 3 0x8000800c (0x01d31813) x16 0x20000000
core   0: 0x80008010 (0xfcb18c03) lb      s8, -53(gp)
core   0: 3 0x80008010 (0xfcb18c03) x24 0xffffff80 mem 0x80015aad
core   0: 0x80008014 (0x0000d517) auipc   a0, 0xd
core   0: 3 0x80008014 (0x0000d517) x10 0x80015014
core   0: 0x80008018 (0x15550513) addi    a0, a0, 341
core   0: 3 0x80008018 (0x15550513) x10 0x80015169
core   0: 0x8000801c (0x01ca8633) add     a2, s5, t3
core   0: 3 0x8000801c (0x01ca8633) x12 0x000000a1
core   0: 0x80008020 (0x00954903) lbu     s2, 9(a0)
core   0: 3 0x80008020 (0x00954903) x18 0x00000066 mem 0x80015172
core   0: 0x80008024 (0xff250c03) lb      s8, -14(a0)
core   0: 3 0x80008024 (0xff250c03) x24 0x00000010 mem 0x8001515b
core   0: 0x80008028 (0xff250803) lb      a6, -14(a0)
core   0: 3 0x80008028 (0xff250803) x16 0x00000010 mem 0x8001515b
core   0: 0x8000802c (0x00355783) lhu     a5, 3(a0)
core   0: 3 0x8000802c (0x00355783) x15 0x00002627 mem 0x8001516c
core   0: 0x80008030 (0x004511a3) sh      tp, 3(a0)
core   0: 3 0x80008030 (0x004511a3) mem 0x8001516c 0x8064
core   0: 0x80008034 (0x0ff0000f) fence   iorw,iorw
core   0: 3 0x80008034 (0x0ff0000f)
core   0: 0x80008038 (0x00351c83) lh      s9, 3(a0)
core   0: 3 0x80008038 (0x00351c83) x25 0xffff8064 mem 0x8001516c
core   0: 0x8000803c (0x01694833) xor     a6, s2, s6
core   0: 3 0x8000803c (0x01694833) x16 0x00006205
core   0: 0x80008040 (0x004521a3) sw      tp, 3(a0)
core   0: 3 0x80008040 (0x004521a3) mem 0x8001516c 0x5f368064
core   0: 0x80008044 (0x01f523a3) sw      t6, 7(a0)
core   0: 3 0x80008044 (0x01f523a3) mem 0x80015170 0x00000e0f
core   0: 0x80008048 (0x01e5d0b3) srl     ra, a1, t5
core   0: 3 0x80008048 (0x01e5d0b3) x 1 0x00005f36
core   0: 0x8000804c (0x008523a3) sw      s0, 7(a0)
core   0: 3 0x8000804c (0x008523a3) mem 0x80015170 0x80000000
core   0: 0x80008050 (0x016513a3) sh      s6, 7(a0)
core   0: 3 0x80008050 (0x016513a3) mem 0x80015170 0x6263
core   0: 0x80008054 (0x01054783) lbu     a5, 16(a0)
core   0: 3 0x80008054 (0x01054783) x15 0x00000032 mem 0x80015179
core   0: 0x80008058 (0x01054303) lbu     t1, 16(a0)
core   0: 3 0x80008058 (0x01054303) x 6 0x00000032 mem 0x80015179
core   0: 0x8000805c (0x0000100f) fence.i
core   0: 3 0x8000805c (0x0000100f)
core   0: 0x80008060 (0x00454603) lbu     a2, 4(a0)
core   0: 3 0x80008060 (0x00454603) x12 0x00000080 mem 0x8001516d
core   0: 0x80008064 (0x01005413) srli    s0, zero, 16
core   0: 3 0x80008064 (0x01005413) x 8 0x00000000
core   0: 0x80008068 (0x0ba90613) addi    a2, s2, 186
core   0: 3 0x80008068 (0x0ba90613) x12 0x00000120
core   0: 0x8000806c (0x00450303) lb      t1, 4(a0)
core   0: 3 0x8000806c (0x00450303) x 6 0xffffff80 mem 0x8001516d
core   0: 0x80008070 (0x00450e83) lb      t4, 4(a0)
core   0: 3 0x80008070 (0x00450e83) x29 0xffffff80 mem 0x8001516d
core   0: 0x80008074 (0xff751283) lh      t0, -9(a0)
core   0: 3 0x80008074 (0xff751283) x 5 0x00001a1b mem 0x80015160
core   0: 0x80008078 (0x00010217) auipc   tp, 0x10
core   0: 3 0x80008078 (0x00010217) x 4 0x80018078
core   0: 0x8000807c (0x7bb20213) addi    tp, tp, 1979
core   0: 3 0x8000807c (0x7bb20213) x 4 0x80018833
core   0: 0x80008080 (0x407f5c13) srai    s8, t5, 7
core   0: 3 0x80008080 (0x407f5c13) x24 0x00000000
core   0: 0x80008084 (0xff525583) lhu     a1, -11(tp)
core   0: 3 0x80008084 (0xff525583) x11 0x0000e2e3 mem 0x80018828
core   0: 0x80008088 (0xff925183) lhu     gp, -7(tp)
core   0: 3 0x80008088 (0xff925183) x 3 0x0000e6e7 mem 0x8001882c
core   0: 0x8000808c (0x012df1b3) and     gp, s11, s2
core   0: 3 0x8000808c (0x012df1b3) x 3 0x00000046
core   0: 0x80008090 (0x00c20b03) lb      s6, 12(tp)
core   0: 3 0x80008090 (0x00c20b03) x22 0xfffffff4 mem 0x8001883f
core   0: 0x80008094 (0x00c20603) lb      a2, 12(tp)
core   0: 3 0x80008094 (0x00c20603) x12 0xfffffff4 mem 0x8001883f
core   0: 0x80008098 (0x00c20603) lb      a2, 12(tp)
core   0: 3 0x80008098 (0x00c20603) x12 0xfffffff4 mem 0x8001883f
core   0: 0x8000809c (0x006224a3) sw      t1, 9(tp)
core   0: 3 0x8000809c (0x006224a3) mem 0x8001883c 0xffffff80
core   0: 0x800080a0 (0x00b550b3) srl     ra, a0, a1
core   0: 3 0x800080a0 (0x00b550b3) x 1 0x10002a2d
core   0: 0x800080a4 (0x00922583) lw      a1, 9(tp)
core   0: 3 0x800080a4 (0x00922583) x11 0xffffff80 mem 0x8001883c
core   0: 0x800080a8 (0x00720123) sb      t2, 2(tp)
core   0: 3 0x800080a8 (0x00720123) mem 0x80018835 0xea
core   0: 0x800080ac (0xff320d03) lb      s10, -13(tp)
core   0: 3 0x800080ac (0xff320d03) x26 0xffffffdd mem 0x80018826
core   0: 0x800080b0 (0xd9dffab7) lui     s5, 0xd9dff
core   0: 3 0x800080b0 (0xd9dffab7) x21 0xd9dff000
core   0: 0x800080b4 (0x00d20423) sb      a3, 8(tp)
core   0: 3 0x800080b4 (0x00d20423) mem 0x8001883b 0x0
core   0: 0x800080b8 (0x01420423) sb      s4, 8(tp)
core   0: 3 0x800080b8 (0x01420423) mem 0x8001883b 0xb
core   0: 0x800080bc (0x01a20123) sb      s10, 2(tp)
core   0: 3 0x800080bc (0x01a20123) mem 0x80018835 0xdd
core   0: 0x800080c0 (0x00224883) lbu     a7, 2(tp)
core   0: 3 0x800080c0 (0x00224883) x17 0x000000dd mem 0x80018835
core   0: 0x800080c4 (0x000dd4b3) srl     s1, s11, zero
core   0: 3 0x800080c4 (0x000dd4b3) x 9 0xdcdddedf
core   0: 0x800080c8 (0xff320483) lb      s1, -13(tp)
core   0: 3 0x800080c8 (0xff320483) x 9 0xffffffdd mem 0x80018826
core   0: 0x800080cc (0x00e20303) lb      t1, 14(tp)
core   0: 3 0x800080cc (0x00e20303) x 6 0xfffffffa mem 0x80018841
core   0: 0x800080d0 (0x00e24d03) lbu     s10, 14(tp)
core   0: 3 0x800080d0 (0x00e24d03) x26 0x000000fa mem 0x80018841
core   0: 0x800080d4 (0x00e20083) lb      ra, 14(tp)
core   0: 3 0x800080d4 (0x00e20083) x 1 0xfffffffa mem 0x80018841
core   0: 0x800080d8 (0x00c20e03) lb      t3, 12(tp)
core   0: 3 0x800080d8 (0x00c20e03) x28 0xffffffff mem 0x8001883f
core   0: 0x800080dc (0xffa24283) lbu     t0, -6(tp)
core   0: 3 0x800080dc (0xffa24283) x 5 0x000000e6 mem 0x8001882d
core   0: 0x800080e0 (0x0000d397) auipc   t2, 0xd
core   0: 3 0x800080e0 (0x0000d397) x 7 0x800150e0
core   0: 0x800080e4 (0x04738393) addi    t2, t2, 71
core   0: 3 0x800080e4 (0x04738393) x 7 0x80015127
core   0: 0x800080e8 (0x417a5b93) srai    s7, s4, 23
core   0: 3 0x800080e8 (0x417a5b93) x23 0x00000000
core   0: 0x800080ec (0x00f3db83) lhu     s7, 15(t2)
core   0: 3 0x800080ec (0x00f3db83) x23 0x0000eced mem 0x80015136
core   0: 0x800080f0 (0x00738303) lb      t1, 7(t2)
core   0: 3 0x800080f0 (0x00738303) x 6 0x00000000 mem 0x8001512e
core   0: 0x800080f4 (0xfff38f03) lb      t5, -1(t2)
core   0: 3 0x800080f4 (0xfff38f03) x30 0xffffffdd mem 0x80015126
core   0: 0x800080f8 (0x2098b213) sltiu   tp, a7, 521
core   0: 3 0x800080f8 (0x2098b213) x 4 0x00000001
core   0: 0x800080fc (0x870ff313) andi    t1, t6, -1936
core   0: 3 0x800080fc (0x870ff313) x 6 0x00000800
core   0: 0x80008100 (0xfec39ca3) sh      a2, -7(t2)
core   0: 3 0x80008100 (0xfec39ca3) mem 0x80015120 0xfff4
core   0: 0x80008104 (0x2c1ee613) ori     a2, t4, 705
core   0: 3 0x80008104 (0x2c1ee613) x12 0xffffffc1
core   0: 0x80008108 (0x0043c203) lbu     tp, 4(t2)
core   0: 3 0x80008108 (0x0043c203) x 4 0x000000d8 mem 0x8001512b
core   0: 0x8000810c (0xfec38f23) sb      a2, -2(t2)
core   0: 3 0x8000810c (0xfec38f23) mem 0x80015125 0xc1
core   0: 0x80008110 (0x01205a93) srli    s5, zero, 18
core   0: 3 0x80008110 (0x01205a93) x21 0x00000000
core   0: 0x80008114 (0x008397a3) sh      s0, 15(t2)
core   0: 3 0x80008114 (0x008397a3) mem 0x80015136 0x0000
core   0: 0x80008118 (0xff038483) lb      s1, -16(t2)
core   0: 3 0x80008118 (0xff038483) x 9 0xffffffcc mem 0x80015117
core   0: 0x8000811c (0x0023ce83) lbu     t4, 2(t2)
core   0: 3 0x8000811c (0x0023ce83) x29 0x000000e2 mem 0x80015129
core   0: 0x80008120 (0x4128d893) srai    a7, a7, 18
core   0: 3 0x80008120 (0x4128d893) x17 0x00000000
core   0: 0x80008124 (0x0063cc83) lbu     s9, 6(t2)
core   0: 3 0x80008124 (0x0063cc83) x25 0x00000000 mem 0x8001512d
core   0: 0x80008128 (0x019395a3) sh      s9, 11(t2)
core   0: 3 0x80008128 (0x019395a3) mem 0x80015132 0x0000
core   0: 0x8000812c (0x01fac8b3) xor     a7, s5, t6
core   0: 3 0x8000812c (0x01fac8b3) x17 0x00000e0f
core   0: 0x80008130 (0xfe33aca3) sw      gp, -7(t2)
core   0: 3 0x80008130 (0xfe33aca3) mem 0x80015120 0x00000046
core   0: 0x80008134 (0x00c38723) sb      a2, 14(t2)
core   0: 3 0x80008134 (0x00c38723) mem 0x80015135 0xc1
core   0: 0x80008138 (0x00f396a3) sh      a5, 13(t2)
core   0: 3 0x80008138 (0x00f396a3) mem 0x80015134 0x0032
core   0: 0x8000813c (0xff43cb83) lbu     s7, -12(t2)
core   0: 3 0x8000813c (0xff43cb83) x23 0x000000d0 mem 0x8001511b
core   0: 0x80008140 (0xffc3aca3) sw      t3, -7(t2)
core   0: 3 0x80008140 (0xffc3aca3) mem 0x80015120 0xffffffff
core   0: 0x80008144 (0xf2fe2037) lui     zero, 0xf2fe2
core   0: 3 0x80008144 (0xf2fe2037)
core   0: 0x80008148 (0x69bf6b93) ori     s7, t5, 1691
core   0: 3 0x80008148 (0x69bf6b93) x23 0xffffffdf
core   0: 0x8000814c (0xffd38c23) sb      t4, -8(t2)
core   0: 3 0x8000814c (0xffd38c23) mem 0x8001511f 0xe2
core   0: 0x80008150 (0xc998a413) slti    s0, a7, -871
core   0: 3 0x80008150 (0xc998a413) x 8 0x00000000
core   0: 0x80008154 (0x0036b633) sltu    a2, a3, gp
core   0: 3 0x80008154 (0x0036b633) x12 0x00000000
core   0: 0x80008158 (0x01768733) add     a4, a3, s7
core   0: 3 0x80008158 (0x01768733) x14 0x7fffffdf
core   0: 0x8000815c (0x00b38823) sb      a1, 16(t2)
core   0: 3 0x8000815c (0x00b38823) mem 0x80015137 0x80
core   0: 0x80008160 (0x0043ce83) lbu     t4, 4(t2)
core   0: 3 0x80008160 (0x0043ce83) x29 0x000000d8 mem 0x8001512b
core   0: 0x80008164 (0x99167193) andi    gp, a2, -1647
core   0: 3 0x80008164 (0x99167193) x 3 0x00000000
core   0: 0x80008168 (0x00015293) srli    t0, sp, 0
core   0: 3 0x80008168 (0x00015293) x 5 0x8002ece4
core   0: 0x8000816c (0x00b3c303) lbu     t1, 11(t2)
core   0: 3 0x8000816c (0x00b3c303) x 6 0x00000000 mem 0x80015132
core   0: 0x80008170 (0x2243b193) sltiu   gp, t2, 548
core   0: 3 0x80008170 (0x2243b193) x 3 0x00000000
core   0: 0x80008174 (0x01059613) slli    a2, a1, 16
core   0: 3 0x80008174 (0x01059613) x12 0xff800000
core   0: 0x80008178 (0xff33c703) lbu     a4, -13(t2)
core   0: 3 0x80008178 (0xff33c703) x14 0x000000d1 mem 0x8001511a
core   0: 0x8000817c (0x00014a97) auipc   s5, 0x14
core   0: 3 0x8000817c (0x00014a97) x21 0x8001c17c
core   0: 0x80008180 (0x5a2a8a93) addi    s5, s5, 1442
core   0: 3 0x80008180 (0x5a2a8a93) x21 0x8001c71e
core   0: 0x80008184 (0x005a9423) sh      t0, 8(s5)
core   0: 3 0x80008184 (0x005a9423) mem 0x8001c726 0xece4
core   0: 0x80008188 (0x00eadc83) lhu     s9, 14(s5)
core   0: 3 0x80008188 (0x00eadc83) x25 0x0000e6e7 mem 0x8001c72c
core   0: 0x8000818c (0x008aa323) sw      s0, 6(s5)
core   0: 3 0x8000818c (0x008aa323) mem 0x8001c724 0x00000000
core   0: 0x80008190 (0x014a84a3) sb      s4, 9(s5)
core   0: 3 0x80008190 (0x014a84a3) mem 0x8001c727 0xb
core   0: 0x80008194 (0xfeea8823) sb      a4, -16(s5)
core   0: 3 0x80008194 (0xfeea8823) mem 0x8001c70e 0xd1
core   0: 0x80008198 (0x00da8e83) lb      t4, 13(s5)
core   0: 3 0x80008198 (0x00da8e83) x29 0xffffffe0 mem 0x8001c72b
core   0: 0x8000819c (0x018a8123) sb      s8, 2(s5)
core   0: 3 0x8000819c (0x018a8123) mem 0x8001c720 0x0
core   0: 0x800081a0 (0x01e104b3) add     s1, sp, t5
core   0: 3 0x800081a0 (0x01e104b3) x 9 0x8002ecc1
core   0: 0x800081a4 (0x014a84a3) sb      s4, 9(s5)
core   0: 3 0x800081a4 (0x014a84a3) mem 0x8001c727 0xb
core   0: 0x800081a8 (0x000a8a03) lb      s4, 0(s5)
core   0: 3 0x800081a8 (0x000a8a03) x20 0xffffffd5 mem 0x8001c71e
core   0: 0x800081ac (0x008ac883) lbu     a7, 8(s5)
core   0: 3 0x800081ac (0x008ac883) x17 0x00000000 mem 0x8001c726
core   0: 0x800081b0 (0xfefa9823) sh      a5, -16(s5)
core   0: 3 0x800081b0 (0xfefa9823) mem 0x8001c70e 0x0032
core   0: 0x800081b4 (0xffaadd03) lhu     s10, -6(s5)
core   0: 3 0x800081b4 (0xffaadd03) x26 0x0000d2d3 mem 0x8001c718
core   0: 0x800081b8 (0x000f6eb3) or      t4, t5, zero
core   0: 3 0x800081b8 (0x000f6eb3) x29 0xffffffdd
core   0: 0x800081bc (0xeb1c8513) addi    a0, s9, -335
core   0: 3 0x800081bc (0xeb1c8513) x10 0x0000e598
core   0: 0x800081c0 (0xfe5a8ca3) sb      t0, -7(s5)
core   0: 3 0x800081c0 (0xfe5a8ca3) mem 0x8001c717 0xe4
core   0: 0x800081c4 (0x002aa123) sw      sp, 2(s5)
core   0: 3 0x800081c4 (0x002aa123) mem 0x8001c720 0x8002ece4
core   0: 0x800081c8 (0x01aa8523) sb      s10, 10(s5)
core   0: 3 0x800081c8 (0x01aa8523) mem 0x8001c728 0xd3
core   0: 0x800081cc (0xff5acc83) lbu     s9, -11(s5)
core   0: 3 0x800081cc (0xff5acc83) x25 0x000000c8 mem 0x8001c713
core   0: 0x800081d0 (0x008acd03) lbu     s10, 8(s5)
core   0: 3 0x800081d0 (0x008acd03) x26 0x00000000 mem 0x8001c726
core   0: 0x800081d4 (0x007a8d83) lb      s11, 7(s5)
core   0: 3 0x800081d4 (0x007a8d83) x27 0x00000000 mem 0x8001c725
core   0: 0x800081d8 (0x00dacc83) lbu     s9, 13(s5)
core   0: 3 0x800081d8 (0x00dacc83) x25 0x000000e0 mem 0x8001c72b
core   0: 0x800081dc (0xffda8d03) lb      s10, -3(s5)
core   0: 3 0x800081dc (0xffda8d03) x26 0xffffffd0 mem 0x8001c71b
core   0: 0x800081e0 (0x00eaa283) lw      t0, 14(s5)
core   0: 3 0x800081e0 (0x00eaa283) x 5 0xe4e5e6e7 mem 0x8001c72c
core   0: 0x800081e4 (0x010f1b13) slli    s6, t5, 16
core   0: 3 0x800081e4 (0x010f1b13) x22 0xffdd0000
core   0: 0x800081e8 (0x41ebd013) srai    zero, s7, 30
core   0: 3 0x800081e8 (0x41ebd013)
core   0: 0x800081ec (0x40740233) sub     tp, s0, t2
core   0: 3 0x800081ec (0x40740233) x 4 0x7ffeaed9
core   0: 0x800081f0 (0xfeba88a3) sb      a1, -15(s5)
core   0: 3 0x800081f0 (0xfeba88a3) mem 0x8001c70f 0x80
core   0: 0x800081f4 (0x067f4413) xori    s0, t5, 103
core   0: 3 0x800081f4 (0x067f4413) x 8 0xffffffba
core   0: 0x800081f8 (0x00b36033) or      zero, t1, a1
core   0: 3 0x800081f8 (0x00b36033)
core   0: 0x800081fc (0x00ad0bb3) add     s7, s10, a0
core   0: 3 0x800081fc (0x00ad0bb3) x23 0x0000e568
core   0: 0x80008200 (0xea470513) addi    a0, a4, -348
core   0: 3 0x80008200 (0xea470513) x10 0xffffff75
core   0: 0x80008204 (0x00cadf83) lhu     t6, 12(s5)
core   0: 3 0x80008204 (0x00cadf83) x31 0x0000e0e1 mem 0x8001c72a
core   0: 0x80008208 (0x00fa82a3) sb      a5, 5(s5)
core   0: 3 0x80008208 (0x00fa82a3) mem 0x8001c723 0x32
core   0: 0x8000820c (0x00000013) nop
core   0: 3 0x8000820c (0x00000013)
core   0: 0x80008210 (0xfffac083) lbu     ra, -1(s5)
core   0: 3 0x80008210 (0xfffac083) x 1 0x000000d6 mem 0x8001c71d
core   0: 0x80008214 (0x256ec893) xori    a7, t4, 598
core   0: 3 0x80008214 (0x256ec893) x17 0xfffffd8b
core   0: 0x80008218 (0xff8a9e03) lh      t3, -8(s5)
core   0: 3 0x80008218 (0xff8a9e03) x28 0xffffe4cd mem 0x8001c716
core   0: 0x8000821c (0xe8e8a613) slti    a2, a7, -370
core   0: 3 0x8000821c (0xe8e8a613) x12 0x00000001
core   0: 0x80008220 (0xfe3a8aa3) sb      gp, -11(s5)
core   0: 3 0x80008220 (0xfe3a8aa3) mem 0x8001c713 0x0
core   0: 0x80008224 (0x001a8c83) lb      s9, 1(s5)
core   0: 3 0x80008224 (0x001a8c83) x25 0xffffffd4 mem 0x8001c71f
core   0: 0x80008228 (0x263c0b13) addi    s6, s8, 611
core   0: 3 0x80008228 (0x263c0b13) x22 0x00000263
core   0: 0x8000822c (0xf0e62f93) slti    t6, a2, -242
core   0: 3 0x8000822c (0xf0e62f93) x31 0x00000000
core   0: 0x80008230 (0xfe9aad23) sw      s1, -6(s5)
core   0: 3 0x80008230 (0xfe9aad23) mem 0x8001c718 0x8002ecc1
core   0: 0x80008234 (0x0000d897) auipc   a7, 0xd
core   0: 3 0x80008234 (0x0000d897) x17 0x80015234
core   0: 0x80008238 (0x68488893) addi    a7, a7, 1668
core   0: 3 0x80008238 (0x68488893) x17 0x800158b8
core   0: 0x8000823c (0x01a79933) sll     s2, a5, s10
core   0: 3 0x8000823c (0x01a79933) x18 0x00320000
core   0: 0x80008240 (0x04c8a783) lw      a5, 76(a7)
core   0: 3 0x80008240 (0x04c8a783) x15 0xbcbdbebf mem 0x80015904
core   0: 0x80008244 (0x04c8c403) lbu     s0, 76(a7)
core   0: 3 0x80008244 (0x04c8c403) x 8 0x000000bf mem 0x80015904
core   0: 0x80008248 (0x009dc933) xor     s2, s11, s1
core   0: 3 0x80008248 (0x009dc933) x18 0x8002ecc1
core   0: 0x8000824c (0xecb66513) ori     a0, a2, -309
core   0: 3 0x8000824c (0xecb66513) x10 0xfffffecb
core   0: 0x80008250 (0xfba88123) sb      s10, -94(a7)
core   0: 3 0x80008250 (0xfba88123) mem 0x8001585a 0xd0
core   0: 0x80008254 (0x90a43837) lui     a6, 0x90a43
core   0: 3 0x80008254 (0x90a43837) x16 0x90a43000
core   0: 0x80008258 (0xfa28c903) lbu     s2, -94(a7)
core   0: 3 0x80008258 (0xfa28c903) x18 0x000000d0 mem 0x8001585a
core   0: 0x8000825c (0xfa28d783) lhu     a5, -94(a7)
core   0: 3 0x8000825c (0xfa28d783) x15 0x000010d0 mem 0x8001585a
core   0: 0x80008260 (0xfa28dd03) lhu     s10, -94(a7)
core   0: 3 0x80008260 (0xfa28dd03) x26 0x000010d0 mem 0x8001585a
core   0: 0x80008264 (0x003a9913) slli    s2, s5, 3
core   0: 3 0x80008264 (0x003a9913) x18 0x000e38f0
core   0: 0x80008268 (0xfb089123) sh      a6, -94(a7)
core   0: 3 0x80008268 (0xfb089123) mem 0x8001585a 0x3000
core   0: 0x8000826c (0xfa288123) sb      sp, -94(a7)
core   0: 3 0x8000826c (0xfa288123) mem 0x8001585a 0xe4
core   0: 0x80008270 (0x0f28d183) lhu     gp, 242(a7)
core   0: 3 0x80008270 (0x0f28d183) x 3 0x00006061 mem 0x800159aa
core   0: 0x80008274 (0xf848c903) lbu     s2, -124(a7)
core   0: 3 0x80008274 (0xf848c903) x18 0x000000f7 mem 0x8001583c
core   0: 0x80008278 (0x0001a417) auipc   s0, 0x1a
core   0: 3 0x80008278 (0x0001a417) x 8 0x80022278
core   0: 0x8000827c (0xb3740413) addi    s0, s0, -1225
core   0: 3 0x8000827c (0xb3740413) x 8 0x80021daf
core   0: 0x80008280 (0x0000100f) fence.i
core   0: 3 0x80008280 (0x0000100f)
core   0: 0x80008284 (0x93a44b83) lbu     s7, -1734(s0)
core   0: 3 0x80008284 (0x93a44b83) x23 0x000000a2 mem 0x800216e9
core   0: 0x80008288 (0x3b144b83) lbu     s7, 945(s0)
core   0: 3 0x80008288 (0x3b144b83) x23 0x0000001b mem 0x80022160
core   0: 0x8000828c (0xdec44703) lbu     a4, -532(s0)
core   0: 3 0x8000828c (0xdec44703) x14 0x00000050 mem 0x80021b9b
core   0: 0x80008290 (0x0000100f) fence.i
core   0: 3 0x80008290 (0x0000100f)
core   0: 0x80008294 (0x0000100f) fence.i
core   0: 3 0x80008294 (0x0000100f)
core   0: 0x80008298 (0xbf5417a3) sh      s5, -1041(s0)
core   0: 3 0x80008298 (0xbf5417a3) mem 0x8002199e 0xc71e
core   0: 0x8000829c (0xe8844703) lbu     a4, -376(s0)
core   0: 3 0x8000829c (0xe8844703) x14 0x000000ec mem 0x80021c37
core   0: 0x800082a0 (0x7fa40c03) lb      s8, 2042(s0)
core   0: 3 0x800082a0 (0x7fa40c03) x24 0x00000062 mem 0x800225a9
core   0: 0x800082a4 (0x80337293) andi    t0, t1, -2045
core   0: 3 0x800082a4 (0x80337293) x 5 0x00000000
core   0: 0x800082a8 (0x01f19093) slli    ra, gp, 31
core   0: 3 0x800082a8 (0x01f19093) x 1 0x80000000
core   0: 0x800082ac (0xe6240003) lb      zero, -414(s0)
core   0: 3 0x800082ac (0xe6240003) mem 0x80021c11
core   0: 0x800082b0 (0x30044e83) lbu     t4, 768(s0)
core   0: 3 0x800082b0 (0x30044e83) x29 0x00000064 mem 0x800220af
core   0: 0x800082b4 (0x407c5733) sra     a4, s8, t2
core   0: 3 0x800082b4 (0x407c5733) x14 0x00000000
core   0: 0x800082b8 (0x00640903) lb      s2, 6(s0)
core   0: 3 0x800082b8 (0x00640903) x18 0x0000006e mem 0x80021db5
core   0: 0x800082bc (0x6f640283) lb      t0, 1782(s0)
core   0: 3 0x800082bc (0x6f640283) x 5 0x0000005e mem 0x800224a5
core   0: 0x800082c0 (0x7b8a7d13) andi    s10, s4, 1976
core   0: 3 0x800082c0 (0x7b8a7d13) x26 0x00000790
core   0: 0x800082c4 (0x18c40e03) lb      t3, 396(s0)
core   0: 3 0x800082c4 (0x18c40e03) x28 0xfffffff0 mem 0x80021f3b
core   0: 0x800082c8 (0x0ff0000f) fence   iorw,iorw
core   0: 3 0x800082c8 (0x0ff0000f)
core   0: 0x800082cc (0x787e9897) auipc   a7, 0x787e9
core   0: 3 0x800082cc (0x787e9897) x17 0xf87f12cc
core   0: 0x800082d0 (0x74340523) sb      gp, 1866(s0)
core   0: 3 0x800082d0 (0x74340523) mem 0x800224f9 0x61
core   0: 0x800082d4 (0xc1840123) sb      s8, -1022(s0)
core   0: 3 0x800082d4 (0xc1840123) mem 0x800219b1 0x62
core   0: 0x800082d8 (0x00aeda13) srli    s4, t4, 10
core   0: 3 0x800082d8 (0x00aeda13) x20 0x00000000
core   0: 0x800082dc (0xa6a40503) lb      a0, -1430(s0)
core   0: 3 0x800082dc (0xa6a40503) x10 0xffffffd2 mem 0x80021819
core   0: 0x800082e0 (0x00e80333) add     t1, a6, a4
core   0: 3 0x800082e0 (0x00e80333) x 6 0x90a43000
core   0: 0x800082e4 (0x0f583a93) sltiu   s5, a6, 245
core   0: 3 0x800082e4 (0x0f583a93) x21 0x00000000
core   0: 0x800082e8 (0x27e40203) lb      tp, 638(s0)
core   0: 3 0x800082e8 (0x27e40203) x 4 0xffffffe6 mem 0x8002202d
core   0: 0x800082ec (0x0154d733) srl     a4, s1, s5
core   0: 3 0x800082ec (0x0154d733) x14 0x8002ecc1
core   0: 0x800082f0 (0x013fb533) sltu    a0, t6, s3
core   0: 3 0x800082f0 (0x013fb533) x10 0x00000001
core   0: 0x800082f4 (0x1ad80817) auipc   a6, 0x1ad80
core   0: 3 0x800082f4 (0x1ad80817) x16 0x9ad882f4
core   0: 0x800082f8 (0xa2d0cc37) lui     s8, 0xa2d0c
core   0: 3 0x800082f8 (0xa2d0cc37) x24 0xa2d0c000
core   0: 0x800082fc (0x586c8213) addi    tp, s9, 1414
core   0: 3 0x800082fc (0x586c8213) x 4 0x0000055a
core   0: 0x80008300 (0x017d1893) slli    a7, s10, 23
core   0: 3 0x80008300 (0x017d1893) x17 0xc8000000
core   0: 0x80008304 (0x4068dbb3) sra     s7, a7, t1
core   0: 3 0x80008304 (0x4068dbb3) x23 0xc8000000
core   0: 0x80008308 (0xf7013393) sltiu   t2, sp, -144
core   0: 3 0x80008308 (0xf7013393) x 7 0x00000001
core   0: 0x8000830c (0x6bc44d03) lbu     s10, 1724(s0)
core   0: 3 0x8000830c (0x6bc44d03) x26 0x00000020 mem 0x8002246b
core   0: 0x80008310 (0x27341283) lh      t0, 627(s0)
core   0: 3 0x80008310 (0x27341283) x 5 0xffffd8d9 mem 0x80022022
core   0: 0x80008314 (0x13940823) sb      s9, 304(s0)
core   0: 3 0x80008314 (0x13940823) mem 0x80021edf 0xd4
core   0: 0x80008318 (0x40a08fb3) sub     t6, ra, a0
core   0: 3 0x80008318 (0x40a08fb3) x31 0x7fffffff
core   0: 0x8000831c (0x2f544c03) lbu     s8, 757(s0)
core   0: 3 0x8000831c (0x2f544c03) x24 0x0000005f mem 0x800220a4
core   0: 0x80008320 (0x4dd40c83) lb      s9, 1245(s0)
core   0: 3 0x80008320 (0x4dd40c83) x25 0x00000047 mem 0x8002228c
core   0: 0x80008324 (0x29f40c93) addi    s9, s0, 671
core   0: 3 0x80008324 (0x29f40c93) x25 0x8002204e
core   0: 0x80008328 (0x00d40123) sb      a3, 2(s0)
core   0: 3 0x80008328 (0x00d40123) mem 0x80021db1 0x0
core   0: 0x8000832c (0x0ff0000f) fence   iorw,iorw
core   0: 3 0x8000832c (0x0ff0000f)
core   0: 0x80008330 (0x272408a3) sb      s2, 625(s0)
core   0: 3 0x80008330 (0x272408a3) mem 0x80022020 0x6e
core   0: 0x80008334 (0x01123bb3) sltu    s7, tp, a7
core   0: 3 0x80008334 (0x01123bb3) x23 0x00000001
core   0: 0x80008338 (0x0059ab33) slt     s6, s3, t0
core   0: 3 0x80008338 (0x0059ab33) x22 0x00000001
core   0: 0x8000833c (0xf6a40903) lb      s2, -150(s0)
core   0: 3 0x8000833c (0xf6a40903) x18 0xffffffd2 mem 0x80021d19
core   0: 0x80008340 (0xbe040c03) lb      s8, -1056(s0)
core   0: 3 0x80008340 (0xbe040c03) x24 0x00000044 mem 0x8002198f
core   0: 0x80008344 (0xd7f409a3) sb      t6, -653(s0)
core   0: 3 0x80008344 (0xd7f409a3) mem 0x80021b22 0xff
core   0: 0x80008348 (0xc7a44783) lbu     a5, -902(s0)
core   0: 3 0x80008348 (0xc7a44783) x15 0x000000e2 mem 0x80021a29
core   0: 0x8000834c (0x00cd9eb3) sll     t4, s11, a2
core   0: 3 0x8000834c (0x00cd9eb3) x29 0x00000000
core   0: 0x80008350 (0xed444483) lbu     s1, -300(s0)
core   0: 3 0x80008350 (0xed444483) x 9 0x00000038 mem 0x80021c83
core   0: 0x80008354 (0x2b2410a3) sh      s2, 673(s0)
core   0: 3 0x80008354 (0x2b2410a3) mem 0x80022050 0xffd2
core   0: 0x80008358 (0x0000d717) auipc   a4, 0xd
core   0: 3 0x80008358 (0x0000d717) x14 0x80015358
core   0: 0x8000835c (0x6db70713) addi    a4, a4, 1755
core   0: 3 0x8000835c (0x6db70713) x14 0x80015a33
core   0: 0x80008360 (0x25274483) lbu     s1, 594(a4)
core   0: 3 0x80008360 (0x25274483) x 9 0x0000003e mem 0x80015c85
core   0: 0x80008364 (0xe8975303) lhu     t1, -375(a4)
core   0: 3 0x80008364 (0xe8975303) x 6 0x00006477 mem 0x800158bc
core   0: 0x80008368 (0xb68700a3) sb      s0, -1183(a4)
core   0: 3 0x80008368 (0xb68700a3) mem 0x80015594 0xaf
core   0: 0x8000836c (0xb8e716a3) sh      a4, -1139(a4)
core   0: 3 0x8000836c (0xb8e716a3) mem 0x800155c0 0x5a33
core   0: 0x80008370 (0x01f8c4b3) xor     s1, a7, t6
core   0: 3 0x80008370 (0x01f8c4b3) x 9 0xb7ffffff
core   0: 0x80008374 (0x3f370e03) lb      t3, 1011(a4)
core   0: 3 0x80008374 (0x3f370e03) x28 0xffffffdd mem 0x80015e26
core   0: 0x80008378 (0xf0b70883) lb      a7, -245(a4)
core   0: 3 0x80008378 (0xf0b70883) x17 0xfffffff5 mem 0x8001593e
core   0: 0x8000837c (0x41735e93) srai    t4, t1, 23
core   0: 3 0x8000837c (0x41735e93) x29 0x00000000
core   0: 0x80008380 (0xce170623) sb      ra, -788(a4)
core   0: 3 0x80008380 (0xce170623) mem 0x8001571f 0x0
core   0: 0x80008384 (0x00baac33) slt     s8, s5, a1
core   0: 3 0x80008384 (0x00baac33) x24 0x00000000
core   0: 0x80008388 (0x52484f13) xori    t5, a6, 1316
core   0: 3 0x80008388 (0x52484f13) x30 0x9ad887d0
core   0: 0x8000838c (0x0ff0000f) fence   iorw,iorw
core   0: 3 0x8000838c (0x0ff0000f)
core   0: 0x80008390 (0x94370203) lb      tp, -1725(a4)
core   0: 3 0x80008390 (0x94370203) x 4 0x0000002d mem 0x80015376
core   0: 0x80008394 (0x28874e83) lbu     t4, 648(a4)
core   0: 3 0x80008394 (0x28874e83) x29 0x00000070 mem 0x80015cbb
core   0: 0x80008398 (0xc4670483) lb      s1, -954(a4)
core   0: 3 0x80008398 (0xc4670483) x 9 0x00000032 mem 0x80015679
core   0: 0x8000839c (0xfaf71ca3) sh      a5, -71(a4)
core   0: 3 0x8000839c (0xfaf71ca3) mem 0x800159ec 0x00e2
core   0: 0x800083a0 (0x0b274d83) lbu     s11, 178(a4)
core   0: 3 0x800083a0 (0x0b274d83) x27 0x0000009e mem 0x80015ae5
core   0: 0x800083a4 (0x41328f33) sub     t5, t0, s3
core   0: 3 0x800083a4 (0x41328f33) x30 0x7ffd2a75
core   0: 0x800083a8 (0x15d74203) lbu     tp, 349(a4)
core   0: 3 0x800083a8 (0x15d74203) x 4 0x0000004b mem 0x80015b90
core   0: 0x800083ac (0x01aa0eb3) add     t4, s4, s10
core   0: 3 0x800083ac (0x01aa0eb3) x29 0x00000020
core   0: 0x800083b0 (0x00000013) nop
core   0: 3 0x800083b0 (0x00000013)
core   0: 0x800083b4 (0xfa366637) lui     a2, 0xfa366
core   0: 3 0x800083b4 (0xfa366637) x12 0xfa366000
core   0: 0x800083b8 (0x015a5a13) srli    s4, s4, 21
core   0: 3 0x800083b8 (0x015a5a13) x20 0x00000000
core   0: 0x800083bc (0xd3f74003) lbu     zero, -705(a4)
core   0: 3 0x800083bc (0xd3f74003) mem 0x80015772
core   0: 0x800083c0 (0x81771da3) sh      s7, -2021(a4)
core   0: 3 0x800083c0 (0x81771da3) mem 0x8001524e 0x0001
core   0: 0x800083c4 (0x1d270f03) lb      t5, 466(a4)
core   0: 3 0x800083c4 (0x1d270f03) x30 0xffffffbe mem 0x80015c05
core   0: 0x800083c8 (0x0000dc97) auipc   s9, 0xd
core   0: 3 0x800083c8 (0x0000dc97) x25 0x800153c8
core   0: 0x800083cc (0x5e4c8c93) addi    s9, s9, 1508
core   0: 3 0x800083cc (0x5e4c8c93) x25 0x800159ac
core   0: 0x800083d0 (0xffbcc183) lbu     gp, -5(s9)
core   0: 3 0x800083d0 (0xffbcc183) x 3 0x0000005c mem 0x800159a7
core   0: 0x800083d4 (0xffbc8b83) lb      s7, -5(s9)
core   0: 3 0x800083d4 (0xffbc8b83) x23 0x0000005c mem 0x800159a7
core   0: 0x800083d8 (0x008c9f03) lh      t5, 8(s9)
core   0: 3 0x800083d8 (0x008c9f03) x30 0x00006e6f mem 0x800159b4
core   0: 0x800083dc (0xff8ca403) lw      s0, -8(s9)
core   0: 3 0x800083dc (0xff8ca403) x 8 0x5c5d5e5f mem 0x800159a4
core   0: 0x800083e0 (0xff8c8503) lb      a0, -8(s9)
core   0: 3 0x800083e0 (0xff8c8503) x10 0x0000005f mem 0x800159a4
core   0: 0x800083e4 (0xff8c8403) lb      s0, -8(s9)
core   0: 3 0x800083e4 (0xff8c8403) x 8 0x0000005f mem 0x800159a4
core   0: 0x800083e8 (0x00fc81a3) sb      a5, 3(s9)
core   0: 3 0x800083e8 (0x00fc81a3) mem 0x800159af 0xe2
core   0: 0x800083ec (0x00dccb03) lbu     s6, 13(s9)
core   0: 3 0x800083ec (0x00dccb03) x22 0x00000072 mem 0x800159b9
core   0: 0x800083f0 (0x40225f93) srai    t6, tp, 2
core   0: 3 0x800083f0 (0x40225f93) x31 0x00000012
core   0: 0x800083f4 (0xff4c8923) sb      s4, -14(s9)
core   0: 3 0x800083f4 (0xff4c8923) mem 0x8001599e 0x0
core   0: 0x800083f8 (0xff1c8f83) lb      t6, -15(s9)
core   0: 3 0x800083f8 (0xff1c8f83) x31 0x00000056 mem 0x8001599d
core   0: 0x800083fc (0xfe0c88a3) sb      zero, -15(s9)
core   0: 3 0x800083fc (0xfe0c88a3) mem 0x8001599d 0x0
core   0: 0x80008400 (0x00481c13) slli    s8, a6, 4
core   0: 3 0x80008400 (0x00481c13) x24 0xad882f40
core   0: 0x80008404 (0xff7c8083) lb      ra, -9(s9)
core   0: 3 0x80008404 (0xff7c8083) x 1 0x00000058 mem 0x800159a3
core   0: 0x80008408 (0x01ef5e33) srl     t3, t5, t5
core   0: 3 0x80008408 (0x01ef5e33) x28 0x00000000
core   0: 0x8000840c (0xff7c8e83) lb      t4, -9(s9)
core   0: 3 0x8000840c (0xff7c8e83) x29 0x00000058 mem 0x800159a3
core   0: 0x80008410 (0xff7cc183) lbu     gp, -9(s9)
core   0: 3 0x80008410 (0xff7cc183) x 3 0x00000058 mem 0x800159a3
core   0: 0x80008414 (0xff7cca03) lbu     s4, -9(s9)
core   0: 3 0x80008414 (0xff7cca03) x20 0x00000058 mem 0x800159a3
core   0: 0x80008418 (0xff7c8083) lb      ra, -9(s9)
core   0: 3 0x80008418 (0xff7c8083) x 1 0x00000058 mem 0x800159a3
core   0: 0x8000841c (0xff7c8283) lb      t0, -9(s9)
core   0: 3 0x8000841c (0xff7c8283) x 5 0x00000058 mem 0x800159a3
core   0: 0x80008420 (0xff8cc583) lbu     a1, -8(s9)
core   0: 3 0x80008420 (0xff8cc583) x11 0x0000005f mem 0x800159a4
core   0: 0x80008424 (0x0000d897) auipc   a7, 0xd
core   0: 3 0x80008424 (0x0000d897) x17 0x80015424
core   0: 0x80008428 (0x64788893) addi    a7, a7, 1607
core   0: 3 0x80008428 (0x64788893) x17 0x80015a6b
core   0: 0x8000842c (0x2d789da3) sh      s7, 731(a7)
core   0: 3 0x8000842c (0x2d789da3) mem 0x80015d46 0x005c
core   0: 0x80008430 (0x2db89183) lh      gp, 731(a7)
core   0: 3 0x80008430 (0x2db89183) x 3 0x0000005c mem 0x80015d46
core   0: 0x80008434 (0x2db89483) lh      s1, 731(a7)
core   0: 3 0x80008434 (0x2db89483) x 9 0x0000005c mem 0x80015d46
core   0: 0x80008438 (0x2db8d203) lhu     tp, 731(a7)
core   0: 3 0x80008438 (0x2db8d203) x 4 0x0000005c mem 0x80015d46
core   0: 0x8000843c (0x95012c37) lui     s8, 0x95012
core   0: 3 0x8000843c (0x95012c37) x24 0x95012000
core   0: 0x80008440 (0x2db8db83) lhu     s7, 731(a7)
core   0: 3 0x80008440 (0x2db8db83) x23 0x0000005c mem 0x80015d46
core   0: 0x80008444 (0x2db88da3) sb      s11, 731(a7)
core   0: 3 0x80008444 (0x2db88da3) mem 0x80015d46 0x9e
core   0: 0x80008448 (0x2c289da3) sh      sp, 731(a7)
core   0: 3 0x80008448 (0x2c289da3) mem 0x80015d46 0xece4
core   0: 0x8000844c (0x2db88803) lb      a6, 731(a7)
core   0: 3 0x8000844c (0x2db88803) x16 0xffffffe4 mem 0x80015d46
core   0: 0x80008450 (0x2db88583) lb      a1, 731(a7)
core   0: 3 0x80008450 (0x2db88583) x11 0xffffffe4 mem 0x80015d46
core   0: 0x80008454 (0x2cf88da3) sb      a5, 731(a7)
core   0: 3 0x80008454 (0x2cf88da3) mem 0x80015d46 0xe2
core   0: 0x80008458 (0x2db89a83) lh      s5, 731(a7)
core   0: 3 0x80008458 (0x2db89a83) x21 0xffffece2 mem 0x80015d46
core   0: 0x8000845c (0x2db8c903) lbu     s2, 731(a7)
core   0: 3 0x8000845c (0x2db8c903) x18 0x000000e2 mem 0x80015d46
core   0: 0x80008460 (0x2db89383) lh      t2, 731(a7)
core   0: 3 0x80008460 (0x2db89383) x 7 0xffffece2 mem 0x80015d46
core   0: 0x80008464 (0x2c288da3) sb      sp, 731(a7)
core   0: 3 0x80008464 (0x2c288da3) mem 0x80015d46 0xe4
core   0: 0x80008468 (0x2db8ca03) lbu     s4, 731(a7)
core   0: 3 0x80008468 (0x2db8ca03) x20 0x000000e4 mem 0x80015d46
core   0: 0x8000846c (0x2dd88da3) sb      t4, 731(a7)
core   0: 3 0x8000846c (0x2dd88da3) mem 0x80015d46 0x58
core   0: 0x80008470 (0x00010417) auipc   s0, 0x10
core   0: 3 0x80008470 (0x00010417) x 8 0x80018470
core   0: 0x80008474 (0x22540413) addi    s0, s0, 549
core   0: 3 0x80008474 (0x22540413) x 8 0x80018695
core   0: 0x80008478 (0x419d5d93) srai    s11, s10, 25
core   0: 3 0x80008478 (0x419d5d93) x27 0x00000000
core   0: 0x8000847c (0x01a44703) lbu     a4, 26(s0)
core   0: 3 0x8000847c (0x01a44703) x14 0x00000064 mem 0x800186af
core   0: 0x80008480 (0xfc940d23) sb      s1, -38(s0)
core   0: 3 0x80008480 (0xfc940d23) mem 0x8001866f 0x5c
core   0: 0x80008484 (0xfdb400a3) sb      s11, -63(s0)
core   0: 3 0x80008484 (0xfdb400a3) mem 0x80018656 0x0
core   0: 0x80008488 (0xfee40c03) lb      s8, -18(s0)
core   0: 3 0x80008488 (0xfee40c03) x24 0x00000038 mem 0x80018683
core   0: 0x8000848c (0x0094e0b3) or      ra, s1, s1
core   0: 3 0x8000848c (0x0094e0b3) x 1 0x0000005c
core   0: 0x80008490 (0x41e7d5b3) sra     a1, a5, t5
core   0: 3 0x80008490 (0x41e7d5b3) x11 0x00000000
core   0: 0x80008494 (0xfeb41da3) sh      a1, -5(s0)
core   0: 3 0x80008494 (0xfeb41da3) mem 0x80018690 0x0000
core   0: 0x80008498 (0x00444383) lbu     t2, 4(s0)
core   0: 3 0x80008498 (0x00444383) x 7 0x00000052 mem 0x80018699
core   0: 0x8000849c (0xfdc44a03) lbu     s4, -36(s0)
core   0: 3 0x8000849c (0xfdc44a03) x20 0x0000002a mem 0x80018671
core   0: 0x800084a0 (0xfed40223) sb      a3, -28(s0)
core   0: 3 0x800084a0 (0xfed40223) mem 0x80018679 0x0
core   0: 0x800084a4 (0xff540023) sb      s5, -32(s0)
core   0: 3 0x800084a4 (0xff540023) mem 0x80018675 0xe2
core   0: 0x800084a8 (0x9e3a4d17) auipc   s10, 0x9e3a4
core   0: 3 0x800084a8 (0x9e3a4d17) x26 0x1e3ac4a8
core   0: 0x800084ac (0x3e550293) addi    t0, a0, 997
core   0: 3 0x800084ac (0x3e550293) x 5 0x00000444
core   0: 0x800084b0 (0x8cd50613) addi    a2, a0, -1843
core   0: 3 0x800084b0 (0x8cd50613) x12 0xfffff92c
core   0: 0x800084b4 (0x01a40c23) sb      s10, 24(s0)
core   0: 3 0x800084b4 (0x01a40c23) mem 0x800186ad 0xa8
core   0: 0x800084b8 (0x2537a513) slti    a0, a5, 595
core   0: 3 0x800084b8 (0x2537a513) x10 0x00000001
core   0: 0x800084bc (0x0034acb3) slt     s9, s1, gp
core   0: 3 0x800084bc (0x0034acb3) x25 0x00000000
core   0: 0x800084c0 (0xfe540583) lb      a1, -27(s0)
core   0: 3 0x800084c0 (0xfe540583) x11 0x00000031 mem 0x8001867a
core   0: 0x800084c4 (0x00b40ea3) sb      a1, 29(s0)
core   0: 3 0x800084c4 (0x00b40ea3) mem 0x800186b2 0x31
core   0: 0x800084c8 (0xfc644b03) lbu     s6, -58(s0)
core   0: 3 0x800084c8 (0xfc644b03) x22 0x00000010 mem 0x8001865b
core   0: 0x800084cc (0xfed40f23) sb      a3, -2(s0)
core   0: 3 0x800084cc (0xfed40f23) mem 0x80018693 0x0
core   0: 0x800084d0 (0xff644b83) lbu     s7, -10(s0)
core   0: 3 0x800084d0 (0xff644b83) x23 0x00000040 mem 0x8001868b
core   0: 0x800084d4 (0xfd044703) lbu     a4, -48(s0)
core   0: 3 0x800084d4 (0xfd044703) x14 0x0000001e mem 0x80018665
core   0: 0x800084d8 (0x0049c4b3) xor     s1, s3, tp
core   0: 3 0x800084d8 (0x0049c4b3) x 9 0x8002ae38
core   0: 0x800084dc (0x00440e83) lb      t4, 4(s0)
core   0: 3 0x800084dc (0x00440e83) x29 0x00000052 mem 0x80018699
core   0: 0x800084e0 (0x03240823) sb      s2, 48(s0)
core   0: 3 0x800084e0 (0x03240823) mem 0x800186c5 0xe2
core   0: 0x800084e4 (0x018ef1b3) and     gp, t4, s8
core   0: 3 0x800084e4 (0x018ef1b3) x 3 0x00000010
core   0: 0x800084e8 (0xff545a03) lhu     s4, -11(s0)
core   0: 3 0x800084e8 (0xff545a03) x20 0x00004041 mem 0x8001868a
core   0: 0x800084ec (0xfe340d23) sb      gp, -6(s0)
core   0: 3 0x800084ec (0xfe340d23) mem 0x8001868f 0x10
core   0: 0x800084f0 (0x00b41fa3) sh      a1, 31(s0)
core   0: 3 0x800084f0 (0x00b41fa3) mem 0x800186b4 0x0031
core   0: 0x800084f4 (0x9321b613) sltiu   a2, gp, -1742
core   0: 3 0x800084f4 (0x9321b613) x12 0x00000001
core   0: 0x800084f8 (0x59de7097) auipc   ra, 0x59de7
core   0: 3 0x800084f8 (0x59de7097) x 1 0xd9def4f8
core   0: 0x800084fc (0x409a8bb3) sub     s7, s5, s1
core   0: 3 0x800084fc (0x409a8bb3) x23 0x7ffd3eaa
core   0: 0x80008500 (0x01f42083) lw      ra, 31(s0)
core   0: 3 0x80008500 (0x01f42083) x 1 0x6c6d0031 mem 0x800186b4
core   0: 0x80008504 (0xfe2421a3) sw      sp, -29(s0)
core   0: 3 0x80008504 (0xfe2421a3) mem 0x80018678 0x8002ece4
core   0: 0x80008508 (0x02244b83) lbu     s7, 34(s0)
core   0: 3 0x80008508 (0x02244b83) x23 0x0000006c mem 0x800186b7
core   0: 0x8000850c (0xff644903) lbu     s2, -10(s0)
core   0: 3 0x8000850c (0xff644903) x18 0x00000040 mem 0x8001868b
core   0: 0x80008510 (0xfd044e03) lbu     t3, -48(s0)
core   0: 3 0x80008510 (0xfd044e03) x28 0x0000001e mem 0x80018665
core   0: 0x80008514 (0x02244003) lbu     zero, 34(s0)
core   0: 3 0x80008514 (0x02244003) mem 0x800186b7
core   0: 0x80008518 (0xfc240fa3) sb      sp, -33(s0)
core   0: 3 0x80008518 (0xfc240fa3) mem 0x80018674 0xe4
core   0: 0x8000851c (0x5983ed93) ori     s11, t2, 1432
core   0: 3 0x8000851c (0x5983ed93) x27 0x000005da
core   0: 0x80008520 (0x003a1e93) slli    t4, s4, 3
core   0: 3 0x80008520 (0x003a1e93) x29 0x00020208
core   0: 0x80008524 (0xfdd40183) lb      gp, -35(s0)
core   0: 3 0x80008524 (0xfdd40183) x 3 0x00000029 mem 0x80018672
core   0: 0x80008528 (0x00018417) auipc   s0, 0x18
core   0: 3 0x80008528 (0x00018417) x 8 0x80020528
core   0: 0x8000852c (0xb0440413) addi    s0, s0, -1276
core   0: 3 0x8000852c (0xb0440413) x 8 0x8002002c
core   0: 0x80008530 (0xf5c41c83) lh      s9, -164(s0)
core   0: 3 0x80008530 (0xf5c41c83) x25 0x00004243 mem 0x8001ff88
core   0: 0x80008534 (0xfce40c83) lb      s9, -50(s0)
core   0: 3 0x80008534 (0xfce40c83) x25 0xffffffb1 mem 0x8001fffa
core   0: 0x80008538 (0x0007fcb3) and     s9, a5, zero
core   0: 3 0x80008538 (0x0007fcb3) x25 0x00000000
core   0: 0x8000853c (0x0071bb33) sltu    s6, gp, t2
core   0: 3 0x8000853c (0x0071bb33) x22 0x00000001
core   0: 0x80008540 (0xfa845583) lhu     a1, -88(s0)
core   0: 3 0x80008540 (0xfa845583) x11 0x00008e8f mem 0x8001ffd4
core   0: 0x80008544 (0x105d7e13) andi    t3, s10, 261
core   0: 3 0x80008544 (0x105d7e13) x28 0x00000000
core   0: 0x80008548 (0xf8240803) lb      a6, -126(s0)
core   0: 3 0x80008548 (0xf8240803) x16 0x00000065 mem 0x8001ffae
core   0: 0x8000854c (0xa145a617) auipc   a2, 0xa145a
core   0: 3 0x8000854c (0xa145a617) x12 0x2146254c
core   0: 0x80008550 (0x5b366013) ori     zero, a2, 1459
core   0: 3 0x80008550 (0x5b366013)
core   0: 0x80008554 (0x0fb40723) sb      s11, 238(s0)
core   0: 3 0x80008554 (0x0fb40723) mem 0x8002011a 0xda
core   0: 0x80008558 (0x413f0e33) sub     t3, t5, s3
core   0: 3 0x80008558 (0x413f0e33) x28 0x7ffdc00b
core   0: 0x8000855c (0x04842c83) lw      s9, 72(s0)
core   0: 3 0x8000855c (0x04842c83) x25 0x2c2d2e2f mem 0x80020074
core   0: 0x80008560 (0xfbc44e03) lbu     t3, -68(s0)
core   0: 3 0x80008560 (0xfbc44e03) x28 0x000000a3 mem 0x8001ffe8
core   0: 0x80008564 (0x013bd8b3) srl     a7, s7, s3
core   0: 3 0x80008564 (0x013bd8b3) x17 0x00000006
core   0: 0x80008568 (0x0f7409a3) sb      s7, 243(s0)
core   0: 3 0x80008568 (0x0f7409a3) mem 0x8002011f 0x6c
core   0: 0x8000856c (0x548e8813) addi    a6, t4, 1352
core   0: 3 0x8000856c (0x548e8813) x16 0x00020750
core   0: 0x80008570 (0x0fc42203) lw      tp, 252(s0)
core   0: 3 0x80008570 (0x0fc42203) x 4 0x00e1e2e3 mem 0x80020128
core   0: 0x80008574 (0x0bc40623) sb      t3, 172(s0)
core   0: 3 0x80008574 (0x0bc40623) mem 0x800200d8 0xa3
core   0: 0x80008578 (0x006732b3) sltu    t0, a4, t1
core   0: 3 0x80008578 (0x006732b3) x 5 0x00000001
core   0: 0x8000857c (0x01b02493) slti    s1, zero, 27
core   0: 3 0x8000857c (0x01b02493) x 9 0x00000001
core   0: 0x80008580 (0xf7340183) lb      gp, -141(s0)
core   0: 3 0x80008580 (0xf7340183) x 3 0x00000054 mem 0x8001ff9f
core   0: 0x80008584 (0x00471193) slli    gp, a4, 4
core   0: 3 0x80008584 (0x00471193) x 3 0x000001e0
core   0: 0x80008588 (0x051400a3) sb      a7, 65(s0)
core   0: 3 0x80008588 (0x051400a3) mem 0x8002006d 0x6
core   0: 0x8000858c (0x0f040fa3) sb      a6, 255(s0)
core   0: 3 0x8000858c (0x0f040fa3) mem 0x8002012b 0x50
core   0: 0x80008590 (0x00017717) auipc   a4, 0x17
core   0: 3 0x80008590 (0x00017717) x14 0x8001f590
core   0: 0x80008594 (0xa3270713) addi    a4, a4, -1486
core   0: 3 0x80008594 (0xa3270713) x14 0x8001efc2
core   0: 0x80008598 (0xfce71a03) lh      s4, -50(a4)
core   0: 3 0x80008598 (0xfce71a03) x20 0x00004a4b mem 0x8001ef90
core   0: 0x8000859c (0xfcf71723) sh      a5, -50(a4)
core   0: 3 0x8000859c (0xfcf71723) mem 0x8001ef90 0x00e2
core   0: 0x800085a0 (0x01b74383) lbu     t2, 27(a4)
core   0: 3 0x800085a0 (0x01b74383) x 7 0x00000096 mem 0x8001efdd
core   0: 0x800085a4 (0x01b74f03) lbu     t5, 27(a4)
core   0: 3 0x800085a4 (0x01b74f03) x30 0x00000096 mem 0x8001efdd
core   0: 0x800085a8 (0x01b74f83) lbu     t6, 27(a4)
core   0: 3 0x800085a8 (0x01b74f83) x31 0x00000096 mem 0x8001efdd
core   0: 0x800085ac (0x72f6c493) xori    s1, a3, 1839
core   0: 3 0x800085ac (0x72f6c493) x 9 0x8000072f
core   0: 0x800085b0 (0x01b70903) lb      s2, 27(a4)
core   0: 3 0x800085b0 (0x01b70903) x18 0xffffff96 mem 0x8001efdd
core   0: 0x800085b4 (0x01b70a83) lb      s5, 27(a4)
core   0: 3 0x800085b4 (0x01b70a83) x21 0xffffff96 mem 0x8001efdd
core   0: 0x800085b8 (0x01b74183) lbu     gp, 27(a4)
core   0: 3 0x800085b8 (0x01b74183) x 3 0x00000096 mem 0x8001efdd
core   0: 0x800085bc (0x41edd0b3) sra     ra, s11, t5
core   0: 3 0x800085bc (0x41edd0b3) x 1 0x00000000
core   0: 0x800085c0 (0x0000100f) fence.i
core   0: 3 0x800085c0 (0x0000100f)
core   0: 0x800085c4 (0x01b74b03) lbu     s6, 27(a4)
core   0: 3 0x800085c4 (0x01b74b03) x22 0x00000096 mem 0x8001efdd
core   0: 0x800085c8 (0xfd174d83) lbu     s11, -47(a4)
core   0: 3 0x800085c8 (0xfd174d83) x27 0x00000048 mem 0x8001ef93
core   0: 0x800085cc (0xfd170e03) lb      t3, -47(a4)
core   0: 3 0x800085cc (0xfd170e03) x28 0x00000048 mem 0x8001ef93
core   0: 0x800085d0 (0xfdd708a3) sb      t4, -47(a4)
core   0: 3 0x800085d0 (0xfdd708a3) mem 0x8001ef93 0x8
core   0: 0x800085d4 (0xfd174903) lbu     s2, -47(a4)
core   0: 3 0x800085d4 (0xfd174903) x18 0x00000008 mem 0x8001ef93
core   0: 0x800085d8 (0xfd170f03) lb      t5, -47(a4)
core   0: 3 0x800085d8 (0xfd170f03) x30 0x00000008 mem 0x8001ef93
core   0: 0x800085dc (0xfcf708a3) sb      a5, -47(a4)
core   0: 3 0x800085dc (0xfcf708a3) mem 0x8001ef93 0xe2
core   0: 0x800085e0 (0x00013c17) auipc   s8, 0x13
core   0: 3 0x800085e0 (0x00013c17) x24 0x8001b5e0
core   0: 0x800085e4 (0x8cbc0c13) addi    s8, s8, -1845
core   0: 3 0x800085e4 (0x8cbc0c13) x24 0x8001aeab
core   0: 0x800085e8 (0x0000d617) auipc   a2, 0xd
core   0: 3 0x800085e8 (0x0000d617) x12 0x800155e8
core   0: 0x800085ec (0xac660613) addi    a2, a2, -1338
core   0: 3 0x800085ec (0xac660613) x12 0x800150ae
core   0: 0x800085f0 (0xfe061b83) lh      s7, -32(a2)
core   0: 3 0x800085f0 (0xfe061b83) x23 0x00000000 mem 0x8001508e
core   0: 0x800085f4 (0xff8c4883) lbu     a7, -8(s8)
core   0: 3 0x800085f4 (0xff8c4883) x17 0x00000058 mem 0x8001aea3
core   0: 0x800085f8 (0xfdb64803) lbu     a6, -37(a2)
core   0: 3 0x800085f8 (0xfdb64803) x16 0x000000a4 mem 0x80015089
core   0: 0x800085fc (0xff4c4f83) lbu     t6, -12(s8)
core   0: 3 0x800085fc (0xff4c4f83) x31 0x00000054 mem 0x8001ae9f
core   0: 0x80008600 (0x00bc5e03) lhu     t3, 11(s8)
core   0: 3 0x80008600 (0x00bc5e03) x28 0x00006c6d mem 0x8001aeb6
core   0: 0x80008604 (0xfc960aa3) sb      s1, -43(a2)
core   0: 3 0x80008604 (0xfc960aa3) mem 0x80015083 0x2f
core   0: 0x80008608 (0xffdc1f83) lh      t6, -3(s8)
core   0: 3 0x80008608 (0xffdc1f83) x31 0x00006263 mem 0x8001aea8
core   0: 0x8000860c (0xffd64303) lbu     t1, -3(a2)
core   0: 3 0x8000860c (0xffd64303) x 6 0x000000fe mem 0x800150ab
core   0: 0x80008610 (0xffdc0083) lb      ra, -3(s8)
core   0: 3 0x80008610 (0xffdc0083) x 1 0x00000063 mem 0x8001aea8
core   0: 0x80008614 (0x02161023) sh      ra, 32(a2)
core   0: 3 0x80008614 (0x02161023) mem 0x800150ce 0x0063
core   0: 0x80008618 (0xff8c4b03) lbu     s6, -8(s8)
core   0: 3 0x80008618 (0xff8c4b03) x22 0x00000058 mem 0x8001aea3
core   0: 0x8000861c (0x04061083) lh      ra, 64(a2)
core   0: 3 0x8000861c (0x04061083) x 1 0xffffa4a5 mem 0x800150ee
core   0: 0x80008620 (0xff5c0f23) sb      s5, -2(s8)
core   0: 3 0x80008620 (0xff5c0f23) mem 0x8001aea9 0x96
core   0: 0x80008624 (0x01b64003) lbu     zero, 27(a2)
core   0: 3 0x80008624 (0x01b64003) mem 0x800150c9
core   0: 0x80008628 (0xffb601a3) sb      s11, -29(a2)
core   0: 3 0x80008628 (0xffb601a3) mem 0x80015091 0x48
core   0: 0x8000862c (0x01bc15a3) sh      s11, 11(s8)
core   0: 3 0x8000862c (0x01bc15a3) mem 0x8001aeb6 0x0048
core   0: 0x80008630 (0x0000d717) auipc   a4, 0xd
core   0: 3 0x80008630 (0x0000d717) x14 0x80015630
core   0: 0x80008634 (0xd9470713) addi    a4, a4, -620
core   0: 3 0x80008634 (0xd9470713) x14 0x800153c4
core   0: 0x80008638 (0x02f70603) lb      a2, 47(a4)
core   0: 3 0x80008638 (0x02f70603) x12 0xffffffa8 mem 0x800153f3
core   0: 0x8000863c (0x011a84b3) add     s1, s5, a7
core   0: 3 0x8000863c (0x011a84b3) x 9 0xffffffee
core   0: 0x80008640 (0x5bf6c613) xori    a2, a3, 1471
core   0: 3 0x80008640 (0x5bf6c613) x12 0x800005bf
core   0: 0x80008644 (0x0168cbb3) xor     s7, a7, s6
core   0: 3 0x80008644 (0x0168cbb3) x23 0x00000000
core   0: 0x80008648 (0x784a4793) xori    a5, s4, 1924
core   0: 3 0x80008648 (0x784a4793) x15 0x00004dcf
core   0: 0x8000864c (0xc3c56013) ori     zero, a0, -964
core   0: 3 0x8000864c (0xc3c56013)
core   0: 0x80008650 (0x00ce1b13) slli    s6, t3, 12
core   0: 3 0x80008650 (0x00ce1b13) x22 0x06c6d000
core   0: 0x80008654 (0xfd074c83) lbu     s9, -48(a4)
core   0: 3 0x80008654 (0xfd074c83) x25 0x0000004f mem 0x80015394
core   0: 0x80008658 (0x00072e83) lw      t4, 0(a4)
core   0: 3 0x80008658 (0x00072e83) x29 0x7c7d067f mem 0x800153c4
core   0: 0x8000865c (0xff271c83) lh      s9, -14(a4)
core   0: 3 0x8000865c (0xff271c83) x25 0x00006c6d mem 0x800153b6
core   0: 0x80008660 (0xa7228393) addi    t2, t0, -1422
core   0: 3 0x80008660 (0xa7228393) x 7 0xfffffa73
core   0: 0x80008664 (0x02a75d83) lhu     s11, 42(a4)
core   0: 3 0x80008664 (0x02a75d83) x27 0x0000a4a5 mem 0x800153ee
core   0: 0x80008668 (0x02170d83) lb      s11, 33(a4)
core   0: 3 0x80008668 (0x02170d83) x27 0xffffff9e mem 0x800153e5
core   0: 0x8000866c (0x006d84b3) add     s1, s11, t1
core   0: 3 0x8000866c (0x006d84b3) x 9 0x0000009c
core   0: 0x80008670 (0x00a71483) lh      s1, 10(a4)
core   0: 3 0x80008670 (0x00a71483) x 9 0xffff8485 mem 0x800153ce
core   0: 0x80008674 (0x03070c03) lb      s8, 48(a4)
core   0: 3 0x80008674 (0x03070c03) x24 0xffffffaf mem 0x800153f4
core   0: 0x80008678 (0x02770a03) lb      s4, 39(a4)
core   0: 3 0x80008678 (0x02770a03) x20 0xffffffa0 mem 0x800153eb
core   0: 0x8000867c (0x02470783) lb      a5, 36(a4)
core   0: 3 0x8000867c (0x02470783) x15 0xffffffa3 mem 0x800153e8
core   0: 0x80008680 (0x0bbd4a93) xori    s5, s10, 187
core   0: 3 0x80008680 (0x0bbd4a93) x21 0x1e3ac413
core   0: 0x80008684 (0xfc170903) lb      s2, -63(a4)
core   0: 3 0x80008684 (0xfc170903) x18 0x0000003e mem 0x80015385
core   0: 0x80008688 (0x84092e13) slti    t3, s2, -1984
core   0: 3 0x80008688 (0x84092e13) x28 0x00000000
core   0: 0x8000868c (0x00d3bf33) sltu    t5, t2, a3
core   0: 3 0x8000868c (0x00d3bf33) x30 0x00000000
core   0: 0x80008690 (0xfef74f03) lbu     t5, -17(a4)
core   0: 3 0x80008690 (0xfef74f03) x30 0x00000068 mem 0x800153b3
core   0: 0x80008694 (0x41875f93) srai    t6, a4, 24
core   0: 3 0x80008694 (0x41875f93) x31 0xffffff80
core   0: 0x80008698 (0xb8252a13) slti    s4, a0, -1150
core   0: 3 0x80008698 (0xb8252a13) x20 0x00000000
core   0: 0x8000869c (0xffc75883) lhu     a7, -4(a4)
core   0: 3 0x8000869c (0xffc75883) x17 0x00007a7b mem 0x800153c0
core   0: 0x800086a0 (0xfda71c03) lh      s8, -38(a4)
core   0: 3 0x800086a0 (0xfda71c03) x24 0x00005455 mem 0x8001539e
core   0: 0x800086a4 (0x01ff5ab3) srl     s5, t5, t6
core   0: 3 0x800086a4 (0x01ff5ab3) x21 0x00000068
core   0: 0x800086a8 (0x018bd7b3) srl     a5, s7, s8
core   0: 3 0x800086a8 (0x018bd7b3) x15 0x00000000
core   0: 0x800086ac (0xfd8701a3) sb      s8, -61(a4)
core   0: 3 0x800086ac (0xfd8701a3) mem 0x80015387 0x55
core   0: 0x800086b0 (0xfef70d03) lb      s10, -17(a4)
core   0: 3 0x800086b0 (0xfef70d03) x26 0x00000068 mem 0x800153b3
core   0: 0x800086b4 (0x01c2e433) or      s0, t0, t3
core   0: 3 0x800086b4 (0x01c2e433) x 8 0x00000001
core   0: 0x800086b8 (0xfc774583) lbu     a1, -57(a4)
core   0: 3 0x800086b8 (0xfc774583) x11 0x00000040 mem 0x8001538b
core   0: 0x800086bc (0x00b61d93) slli    s11, a2, 11
core   0: 3 0x800086bc (0x00b61d93) x27 0x002df800
core   0: 0x800086c0 (0x04071a03) lh      s4, 64(a4)
core   0: 3 0x800086c0 (0x04071a03) x20 0x00000088 mem 0x80015404
core   0: 0x800086c4 (0x03670fa3) sb      s6, 63(a4)
core   0: 3 0x800086c4 (0x03670fa3) mem 0x80015403 0x0
core   0: 0x800086c8 (0xfd274483) lbu     s1, -46(a4)
core   0: 3 0x800086c8 (0xfd274483) x 9 0x0000004d mem 0x80015396
core   0: 0x800086cc (0x01774003) lbu     zero, 23(a4)
core   0: 3 0x800086cc (0x01774003) mem 0x800153db
core   0: 0x800086d0 (0x03070b23) sb      a6, 54(a4)
core   0: 3 0x800086d0 (0x03070b23) mem 0x800153fa 0xa4
core   0: 0x800086d4 (0xfe174f03) lbu     t5, -31(a4)
core   0: 3 0x800086d4 (0xfe174f03) x30 0x0000005e mem 0x800153a5
core   0: 0x800086d8 (0x01acb033) sltu    zero, s9, s10
core   0: 3 0x800086d8 (0x01acb033)
core   0: 0x800086dc (0xea927d17) auipc   s10, 0xea927
core   0: 3 0x800086dc (0xea927d17) x26 0x6a92f6dc
core   0: 0x800086e0 (0x00000013) nop
core   0: 3 0x800086e0 (0x00000013)
core   0: 0x800086e4 (0x0000100f) fence.i
core   0: 3 0x800086e4 (0x0000100f)
core   0: 0x800086e8 (0xbfd56913) ori     s2, a0, -1027
core   0: 3 0x800086e8 (0xbfd56913) x18 0xfffffbfd
core   0: 0x800086ec (0x007711b3) sll     gp, a4, t2
core   0: 3 0x800086ec (0x007711b3) x 3 0x9e200000
core   0: 0x800086f0 (0x90dcad93) slti    s11, s9, -1779
core   0: 3 0x800086f0 (0x90dcad93) x27 0x00000000
core   0: 0x800086f4 (0xfdf70303) lb      t1, -33(a4)
core   0: 3 0x800086f4 (0xfdf70303) x 6 0x00000058 mem 0x800153a3
core   0: 0x800086f8 (0x00df1a13) slli    s4, t5, 13
core   0: 3 0x800086f8 (0x00df1a13) x20 0x000bc000
core   0: 0x800086fc (0xfc374a83) lbu     s5, -61(a4)
core   0: 3 0x800086fc (0xfc374a83) x21 0x00000055 mem 0x80015387
core   0: 0x80008700 (0xfe374303) lbu     t1, -29(a4)
core   0: 3 0x80008700 (0xfe374303) x 6 0x0000005c mem 0x800153a7
core   0: 0x80008704 (0x01770b83) lb      s7, 23(a4)
core   0: 3 0x80008704 (0x01770b83) x23 0xffffff90 mem 0x800153db
core   0: 0x80008708 (0x00015f97) auipc   t6, 0x15
core   0: 3 0x80008708 (0x00015f97) x31 0x8001d708
core   0: 0x8000870c (0xbc3f8f93) addi    t6, t6, -1085
core   0: 3 0x8000870c (0xbc3f8f93) x31 0x8001d2cb
core   0: 0x80008710 (0x003a7c97) auipc   s9, 0x3a7
core   0: 3 0x80008710 (0x003a7c97) x25 0x803af710
core   0: 0x80008714 (0xff0fc883) lbu     a7, -16(t6)
core   0: 3 0x80008714 (0xff0fc883) x17 0x00000070 mem 0x8001d2bb
core   0: 0x80008718 (0xffefc283) lbu     t0, -2(t6)
core   0: 3 0x80008718 (0xffefc283) x 5 0x00000082 mem 0x8001d2c9
core   0: 0x8000871c (0x002aadb3) slt     s11, s5, sp
core   0: 3 0x8000871c (0x002aadb3) x27 0x00000000
core   0: 0x80008720 (0x40790d33) sub     s10, s2, t2
core   0: 3 0x80008720 (0x40790d33) x26 0x0000018a
core   0: 0x80008724 (0x00359093) slli    ra, a1, 3
core   0: 3 0x80008724 (0x00359093) x 1 0x00000200
core   0: 0x80008728 (0x001f8483) lb      s1, 1(t6)
core   0: 3 0x80008728 (0x001f8483) x 9 0xffffff87 mem 0x8001d2cc
core   0: 0x8000872c (0x00cc9293) slli    t0, s9, 12
core   0: 3 0x8000872c (0x00cc9293) x 5 0xaf710000
core   0: 0x80008730 (0xff9fd603) lhu     a2, -7(t6)
core   0: 3 0x80008730 (0xff9fd603) x12 0x00007e7f mem 0x8001d2c4
core   0: 0x80008734 (0xf3accc17) auipc   s8, 0xf3acc
core   0: 3 0x80008734 (0xf3accc17) x24 0x73ad4734
core   0: 0x80008738 (0x00cf8b83) lb      s7, 12(t6)
core   0: 3 0x80008738 (0x00cf8b83) x23 0xffffff8c mem 0x8001d2d7
core   0: 0x8000873c (0x0000100f) fence.i
core   0: 3 0x8000873c (0x0000100f)
core   0: 0x80008740 (0x00000013) nop
core   0: 3 0x80008740 (0x00000013)
core   0: 0x80008744 (0xd7532a13) slti    s4, t1, -651
core   0: 3 0x80008744 (0xd7532a13) x20 0x00000000
core   0: 0x80008748 (0xf0804813) xori    a6, zero, -248
core   0: 3 0x80008748 (0xf0804813) x16 0xffffff08
core   0: 0x8000874c (0x9b4f3db7) lui     s11, 0x9b4f3
core   0: 3 0x8000874c (0x9b4f3db7) x27 0x9b4f3000
core   0: 0x80008750 (0xff4f8d23) sb      s4, -6(t6)
core   0: 3 0x80008750 (0xff4f8d23) mem 0x8001d2c5 0x0
core   0: 0x80008754 (0x012bdb93) srli    s7, s7, 18
core   0: 3 0x80008754 (0x012bdb93) x23 0x00003fff
core   0: 0x80008758 (0x01139bb3) sll     s7, t2, a7
core   0: 3 0x80008758 (0x01139bb3) x23 0xfa730000
core   0: 0x8000875c (0x0186c633) xor     a2, a3, s8
core   0: 3 0x8000875c (0x0186c633) x12 0xf3ad4734
core   0: 0x80008760 (0xd9643613) sltiu   a2, s0, -618
core   0: 3 0x80008760 (0xd9643613) x12 0x00000001
core   0: 0x80008764 (0x3623a893) slti    a7, t2, 866
core   0: 3 0x80008764 (0x3623a893) x17 0x00000001
core   0: 0x80008768 (0x00cf44b3) xor     s1, t5, a2
core   0: 3 0x80008768 (0x00cf44b3) x 9 0x0000005f
core   0: 0x8000876c (0x009f81a3) sb      s1, 3(t6)
core   0: 3 0x8000876c (0x009f81a3) mem 0x8001d2ce 0x5f
core   0: 0x80008770 (0x01595313) srli    t1, s2, 21
core   0: 3 0x80008770 (0x01595313) x 6 0x000007ff
core   0: 0x80008774 (0x008fc183) lbu     gp, 8(t6)
core   0: 3 0x80008774 (0x008fc183) x 3 0x00000088 mem 0x8001d2d3
core   0: 0x80008778 (0xffcf8603) lb      a2, -4(t6)
core   0: 3 0x80008778 (0xffcf8603) x12 0x0000007c mem 0x8001d2c7
core   0: 0x8000877c (0x0067a1b3) slt     gp, a5, t1
core   0: 3 0x8000877c (0x0067a1b3) x 3 0x00000001
core   0: 0x80008780 (0x00bfc303) lbu     t1, 11(t6)
core   0: 3 0x80008780 (0x00bfc303) x 6 0x0000008d mem 0x8001d2d6
core   0: 0x80008784 (0xff5faa83) lw      s5, -11(t6)
core   0: 3 0x80008784 (0xff5faa83) x21 0x78797a7b mem 0x8001d2c0
core   0: 0x80008788 (0x00cfcf03) lbu     t5, 12(t6)
core   0: 3 0x80008788 (0x00cfcf03) x30 0x0000008c mem 0x8001d2d7
core   0: 0x8000878c (0x01a3b633) sltu    a2, t2, s10
core   0: 3 0x8000878c (0x01a3b633) x12 0x00000000
core   0: 0x80008790 (0xffbf8a83) lb      s5, -5(t6)
core   0: 3 0x80008790 (0xffbf8a83) x21 0x0000007d mem 0x8001d2c6
core   0: 0x80008794 (0x00cf97a3) sh      a2, 15(t6)
core   0: 3 0x80008794 (0x00cf97a3) mem 0x8001d2da 0x0000
core   0: 0x80008798 (0x41618db3) sub     s11, gp, s6
core   0: 3 0x80008798 (0x41618db3) x27 0xf9393001
core   0: 0x8000879c (0xffcfaea3) sw      t3, -3(t6)
core   0: 3 0x8000879c (0xffcfaea3) mem 0x8001d2c8 0x00000000
core   0: 0x800087a0 (0x012f8223) sb      s2, 4(t6)
core   0: 3 0x800087a0 (0x012f8223) mem 0x8001d2cf 0xfd
core   0: 0x800087a4 (0x00f283b3) add     t2, t0, a5
core   0: 3 0x800087a4 (0x00f283b3) x 7 0xaf710000
core   0: 0x800087a8 (0xffbf9b03) lh      s6, -5(t6)
core   0: 3 0x800087a8 (0xffbf9b03) x22 0x00007c7d mem 0x8001d2c6
core   0: 0x800087ac (0xffdfdd83) lhu     s11, -3(t6)
core   0: 3 0x800087ac (0xffdfdd83) x27 0x00000000 mem 0x8001d2c8
core   0: 0x800087b0 (0xff3fcd03) lbu     s10, -13(t6)
core   0: 3 0x800087b0 (0xff3fcd03) x26 0x00000075 mem 0x8001d2be
core   0: 0x800087b4 (0xff7f9483) lh      s1, -9(t6)
core   0: 3 0x800087b4 (0xff7f9483) x 9 0x00007879 mem 0x8001d2c2
core   0: 0x800087b8 (0x1c68c013) xori    zero, a7, 454
core   0: 3 0x800087b8 (0x1c68c013)
core   0: 0x800087bc (0x7ef6cc93) xori    s9, a3, 2031
core   0: 3 0x800087bc (0x7ef6cc93) x25 0x800007ef
core   0: 0x800087c0 (0x76706413) ori     s0, zero, 1895
core   0: 3 0x800087c0 (0x76706413) x 8 0x00000767
core   0: 0x800087c4 (0x00aec3b3) xor     t2, t4, a0
core   0: 3 0x800087c4 (0x00aec3b3) x 7 0x7c7d067e
core   0: 0x800087c8 (0x01d95ab3) srl     s5, s2, t4
core   0: 3 0x800087c8 (0x01d95ab3) x21 0x00000001
core   0: 0x800087cc (0xfeffaca3) sw      a5, -7(t6)
core   0: 3 0x800087cc (0xfeffaca3) mem 0x8001d2c4 0x00000000
core   0: 0x800087d0 (0x005f8283) lb      t0, 5(t6)
core   0: 3 0x800087d0 (0x005f8283) x 5 0xffffff8b mem 0x8001d2d0
core   0: 0x800087d4 (0xff9f8f03) lb      t5, -7(t6)
core   0: 3 0x800087d4 (0xff9f8f03) x30 0x00000000 mem 0x8001d2c4
core   0: 0x800087d8 (0x0000db17) auipc   s6, 0xd
core   0: 3 0x800087d8 (0x0000db17) x22 0x800157d8
core   0: 0x800087dc (0x4a7b0b13) addi    s6, s6, 1191
core   0: 3 0x800087dc (0x4a7b0b13) x22 0x80015c7f
core   0: 0x800087e0 (0x0000d817) auipc   a6, 0xd
core   0: 3 0x800087e0 (0x0000d817) x16 0x800157e0
core   0: 0x800087e4 (0x71b80813) addi    a6, a6, 1819
core   0: 3 0x800087e4 (0x71b80813) x16 0x80015efb
core   0: 0x800087e8 (0x0000d717) auipc   a4, 0xd
core   0: 3 0x800087e8 (0x0000d717) x14 0x800157e8
core   0: 0x800087ec (0x21670713) addi    a4, a4, 534
core   0: 3 0x800087ec (0x21670713) x14 0x800159fe
core   0: 0x800087f0 (0xffc80583) lb      a1, -4(a6)
core   0: 3 0x800087f0 (0xffc80583) x11 0xffffffac mem 0x80015ef7
core   0: 0x800087f4 (0xffdb1503) lh      a0, -3(s6)
core   0: 3 0x800087f4 (0xffdb1503) x10 0x00007437 mem 0x80015c7c
core   0: 0x800087f8 (0xfcf70403) lb      s0, -49(a4)
core   0: 3 0x800087f8 (0xfcf70403) x 8 0xffffff86 mem 0x800159cd
core   0: 0x800087fc (0x008b17a3) sh      s0, 15(s6)
core   0: 3 0x800087fc (0x008b17a3) mem 0x80015c8e 0xff86
core   0: 0x80008800 (0x02180f03) lb      t5, 33(a6)
core   0: 3 0x80008800 (0x02180f03) x30 0xffffffd7 mem 0x80015f1c
core   0: 0x80008804 (0x0000d197) auipc   gp, 0xd
core   0: 3 0x80008804 (0x0000d197) x 3 0x80015804
core   0: 0x80008808 (0x1bb18193) addi    gp, gp, 443
core   0: 3 0x80008808 (0x1bb18193) x 3 0x800159bf
core   0: 0x8000880c (0xff918583) lb      a1, -7(gp)
core   0: 3 0x8000880c (0xff918583) x11 0x00000073 mem 0x800159b8
core   0: 0x80008810 (0x01a80c03) lb      s8, 26(a6)
core   0: 3 0x80008810 (0x01a80c03) x24 0xffffffce mem 0x80015f15
core   0: 0x80008814 (0x00db4c83) lbu     s9, 13(s6)
core   0: 3 0x80008814 (0x00db4c83) x25 0x00000047 mem 0x80015c8c
core   0: 0x80008818 (0xfe470283) lb      t0, -28(a4)
core   0: 3 0x80008818 (0xfe470283) x 5 0xffffff96 mem 0x800159e2
core   0: 0x8000881c (0x03284603) lbu     a2, 50(a6)
core   0: 3 0x8000881c (0x03284603) x12 0x000000e6 mem 0x80015f2d
core   0: 0x80008820 (0xff318c23) sb      s3, -8(gp)
core   0: 3 0x80008820 (0xff318c23) mem 0x800159b7 0x64
core   0: 0x80008824 (0x0031da03) lhu     s4, 3(gp)
core   0: 3 0x80008824 (0x0031da03) x20 0x00007879 mem 0x800159c2
core   0: 0x80008828 (0xfc084303) lbu     t1, -64(a6)
core   0: 3 0x80008828 (0xfc084303) x 6 0x00000070 mem 0x80015ebb
core   0: 0x8000882c (0xffdb0e83) lb      t4, -3(s6)
core   0: 3 0x8000882c (0xffdb0e83) x29 0x00000037 mem 0x80015c7c
core   0: 0x80008830 (0xfe718a23) sb      t2, -12(gp)
core   0: 3 0x80008830 (0xfe718a23) mem 0x800159b3 0x7e
core   0: 0x80008834 (0xff970003) lb      zero, -7(a4)
core   0: 3 0x80008834 (0xff970003) mem 0x800159f7
core   0: 0x80008838 (0x03671d83) lh      s11, 54(a4)
core   0: 3 0x80008838 (0x03671d83) x27 0xffffeeef mem 0x80015a34
core   0: 0x8000883c (0xff7b0aa3) sb      s7, -11(s6)
core   0: 3 0x8000883c (0xff7b0aa3) mem 0x80015c74 0x0
core   0: 0x80008840 (0x02385d83) lhu     s11, 35(a6)
core   0: 3 0x80008840 (0x02385d83) x27 0x0000d4d5 mem 0x80015f1e
core   0: 0x80008844 (0xfe170f03) lb      t5, -31(a4)
core   0: 3 0x80008844 (0xfe170f03) x30 0xffffff94 mem 0x800159df
core   0: 0x80008848 (0x00181003) lh      zero, 1(a6)
core   0: 3 0x80008848 (0x00181003) mem 0x80015efc
core   0: 0x8000884c (0x00580aa3) sb      t0, 21(a6)
core   0: 3 0x8000884c (0x00580aa3) mem 0x80015f10 0x96
core   0: 0x80008850 (0xffe18583) lb      a1, -2(gp)
core   0: 3 0x80008850 (0xffe18583) x11 0x00000076 mem 0x800159bd
core   0: 0x80008854 (0xff518823) sb      s5, -16(gp)
core   0: 3 0x80008854 (0xff518823) mem 0x800159af 0x1
core   0: 0x80008858 (0xfff1d503) lhu     a0, -1(gp)
core   0: 3 0x80008858 (0xfff1d503) x10 0x00007475 mem 0x800159be
core   0: 0x8000885c (0xff0b0c03) lb      s8, -16(s6)
core   0: 3 0x8000885c (0xff0b0c03) x24 0x00000024 mem 0x80015c6f
core   0: 0x80008860 (0xfea80c23) sb      a0, -8(a6)
core   0: 3 0x80008860 (0xfea80c23) mem 0x80015ef3 0x75
core   0: 0x80008864 (0x02771723) sh      t2, 46(a4)
core   0: 3 0x80008864 (0x02771723) mem 0x80015a2c 0x067e
core   0: 0x80008868 (0x0000d417) auipc   s0, 0xd
core   0: 3 0x80008868 (0x0000d417) x 8 0x80015868
core   0: 0x8000886c (0xdcc40413) addi    s0, s0, -564
core   0: 3 0x8000886c (0xdcc40413) x 8 0x80015634
core   0: 0x80008870 (0xf9644e83) lbu     t4, -106(s0)
core   0: 3 0x80008870 (0xf9644e83) x29 0x00000081 mem 0x800155ca
core   0: 0x80008874 (0x01d7d093) srli    ra, a5, 29
core   0: 3 0x80008874 (0x01d7d093) x 1 0x00000000
core   0: 0x80008878 (0xf9640183) lb      gp, -106(s0)
core   0: 3 0x80008878 (0xf9640183) x 3 0xffffff81 mem 0x800155ca
core   0: 0x8000887c (0xf9644503) lbu     a0, -106(s0)
core   0: 3 0x8000887c (0xf9644503) x10 0x00000081 mem 0x800155ca
core   0: 0x80008880 (0x63656b93) ori     s7, a0, 1590
core   0: 3 0x80008880 (0x63656b93) x23 0x000006b7
core   0: 0x80008884 (0xf9640f83) lb      t6, -106(s0)
core   0: 3 0x80008884 (0xf9640f83) x31 0xffffff81 mem 0x800155ca
core   0: 0x80008888 (0x01c01a93) slli    s5, zero, 28
core   0: 3 0x80008888 (0x01c01a93) x21 0x00000000
core   0: 0x8000888c (0xf9645783) lhu     a5, -106(s0)
core   0: 3 0x8000888c (0xf9645783) x15 0x00000081 mem 0x800155ca
core   0: 0x80008890 (0xf9644b03) lbu     s6, -106(s0)
core   0: 3 0x80008890 (0xf9644b03) x22 0x00000081 mem 0x800155ca
core   0: 0x80008894 (0xf9d41b23) sh      t4, -106(s0)
core   0: 3 0x80008894 (0xf9d41b23) mem 0x800155ca 0x0081
core   0: 0x80008898 (0x017b1333) sll     t1, s6, s7
core   0: 3 0x80008898 (0x017b1333) x 6 0x40800000
core   0: 0x8000889c (0xf8144c03) lbu     s8, -127(s0)
core   0: 3 0x8000889c (0xf8144c03) x24 0x0000006e mem 0x800155b5
core   0: 0x800088a0 (0x41ce5633) sra     a2, t3, t3
core   0: 3 0x800088a0 (0x41ce5633) x12 0x00000000
core   0: 0x800088a4 (0x0189a4b3) slt     s1, s3, s8
core   0: 3 0x800088a4 (0x0189a4b3) x 9 0x00000001
core   0: 0x800088a8 (0x03d44d83) lbu     s11, 61(s0)
core   0: 3 0x800088a8 (0x03d44d83) x27 0x0000002a mem 0x80015671
core   0: 0x800088ac (0xfa245383) lhu     t2, -94(s0)
core   0: 3 0x800088ac (0xfa245383) x 7 0x00008c8d mem 0x800155d6
core   0: 0x800088b0 (0xfa245483) lhu     s1, -94(s0)
core   0: 3 0x800088b0 (0xfa245483) x 9 0x00008c8d mem 0x800155d6
core   0: 0x800088b4 (0x0fc40aa3) sb      t3, 245(s0)
core   0: 3 0x800088b4 (0x0fc40aa3) mem 0x80015729 0x0
core   0: 0x800088b8 (0x0f544603) lbu     a2, 245(s0)
core   0: 3 0x800088b8 (0x0f544603) x12 0x00000000 mem 0x80015729
core   0: 0x800088bc (0x0f540583) lb      a1, 245(s0)
core   0: 3 0x800088bc (0x0f540583) x11 0x00000000 mem 0x80015729
core   0: 0x800088c0 (0x0ff0000f) fence   iorw,iorw
core   0: 3 0x800088c0 (0x0ff0000f)
core   0: 0x800088c4 (0x0ea40aa3) sb      a0, 245(s0)
core   0: 3 0x800088c4 (0x0ea40aa3) mem 0x80015729 0x81
core   0: 0x800088c8 (0x00c44183) lbu     gp, 12(s0)
core   0: 3 0x800088c8 (0x00c44183) x 3 0x000000fb mem 0x80015640
core   0: 0x800088cc (0x01b42623) sw      s11, 12(s0)
core   0: 3 0x800088cc (0x01b42623) mem 0x80015640 0x0000002a
core   0: 0x800088d0 (0x0000e397) auipc   t2, 0xe
core   0: 3 0x800088d0 (0x0000e397) x 7 0x800168d0
core   0: 0x800088d4 (0xb2338393) addi    t2, t2, -1245
core   0: 3 0x800088d4 (0xb2338393) x 7 0x800163f3
core   0: 0x800088d8 (0xbeeb3d13) sltiu   s10, s6, -1042
core   0: 3 0x800088d8 (0xbeeb3d13) x26 0x00000001
core   0: 0x800088dc (0x2d238ba3) sb      s2, 727(t2)
core   0: 3 0x800088dc (0x2d238ba3) mem 0x800166ca 0xfd
core   0: 0x800088e0 (0x77faca93) xori    s5, s5, 1919
core   0: 3 0x800088e0 (0x77faca93) x21 0x0000077f
core   0: 0x800088e4 (0x18338403) lb      s0, 387(t2)
core   0: 3 0x800088e4 (0x18338403) x 8 0x0000002d mem 0x80016576
core   0: 0x800088e8 (0xf943cd83) lbu     s11, -108(t2)
core   0: 3 0x800088e8 (0xf943cd83) x27 0x0000003c mem 0x80016387
core   0: 0x800088ec (0xe08b4617) auipc   a2, 0xe08b4
core   0: 3 0x800088ec (0xe08b4617) x12 0x608bc8ec
core   0: 0x800088f0 (0xf943c203) lbu     tp, -108(t2)
core   0: 3 0x800088f0 (0xf943c203) x 4 0x0000003c mem 0x80016387
core   0: 0x800088f4 (0x2f4399a3) sh      s4, 755(t2)
core   0: 3 0x800088f4 (0x2f4399a3) mem 0x800166e6 0x7879
core   0: 0x800088f8 (0x2f33d703) lhu     a4, 755(t2)
core   0: 3 0x800088f8 (0x2f33d703) x14 0x00007879 mem 0x800166e6
core   0: 0x800088fc (0x56538423) sb      t0, 1384(t2)
core   0: 3 0x800088fc (0x56538423) mem 0x8001695b 0x96
core   0: 0x80008900 (0x00000013) nop
core   0: 3 0x80008900 (0x00000013)
core   0: 0x80008904 (0x25f3d183) lhu     gp, 607(t2)
core   0: 3 0x80008904 (0x25f3d183) x 3 0x00000809 mem 0x80016652
core   0: 0x80008908 (0x25f3d283) lhu     t0, 607(t2)
core   0: 3 0x80008908 (0x25f3d283) x 5 0x00000809 mem 0x80016652
core   0: 0x8000890c (0x25f3d803) lhu     a6, 607(t2)
core   0: 3 0x8000890c (0x25f3d803) x16 0x00000809 mem 0x80016652
core   0: 0x80008910 (0x44138a23) sb      ra, 1108(t2)
core   0: 3 0x80008910 (0x44138a23) mem 0x80016847 0x0
core   0: 0x80008914 (0x4543cf83) lbu     t6, 1108(t2)
core   0: 3 0x80008914 (0x4543cf83) x31 0x00000000 mem 0x80016847
core   0: 0x80008918 (0x0000d917) auipc   s2, 0xd
core   0: 3 0x80008918 (0x0000d917) x18 0x80015918
core   0: 0x8000891c (0x0b990913) addi    s2, s2, 185
core   0: 3 0x8000891c (0x0b990913) x18 0x800159d1
core   0: 0x80008920 (0x00756d33) or      s10, a0, t2
core   0: 3 0x80008920 (0x00756d33) x26 0x800163f3
core   0: 0x80008924 (0x1acf2a13) slti    s4, t5, 428
core   0: 3 0x80008924 (0x1acf2a13) x20 0x00000001
core   0: 0x80008928 (0x01c464b3) or      s1, s0, t3
core   0: 3 0x80008928 (0x01c464b3) x 9 0x0000002d
core   0: 0x8000892c (0x40f8dc33) sra     s8, a7, a5
core   0: 3 0x8000892c (0x40f8dc33) x24 0x00000000
core   0: 0x80008930 (0x09734793) xori    a5, t1, 151
core   0: 3 0x80008930 (0x09734793) x15 0x40800097
core   0: 0x80008934 (0x361908a3) sb      ra, 881(s2)
core   0: 3 0x80008934 (0x361908a3) mem 0x80015d42 0x0
core   0: 0x80008938 (0x62690483) lb      s1, 1574(s2)
core   0: 3 0x80008938 (0x62690483) x 9 0xffffffac mem 0x80015ff7
core   0: 0x8000893c (0x619aad13) slti    s10, s5, 1561
core   0: 3 0x8000893c (0x619aad13) x26 0x00000000
core   0: 0x80008940 (0x4df90223) sb      t6, 1220(s2)
core   0: 3 0x80008940 (0x4df90223) mem 0x80015e95 0x0
core   0: 0x80008944 (0x01ec5193) srli    gp, s8, 30
core   0: 3 0x80008944 (0x01ec5193) x 3 0x00000000
core   0: 0x80008948 (0x0ff0000f) fence   iorw,iorw
core   0: 3 0x80008948 (0x0ff0000f)
core   0: 0x8000894c (0x01957833) and     a6, a0, s9
core   0: 3 0x8000894c (0x01957833) x16 0x00000001
core   0: 0x80008950 (0x7ea0ec93) ori     s9, ra, 2026
core   0: 3 0x80008950 (0x7ea0ec93) x25 0x000007ea
core   0: 0x80008954 (0xc5594703) lbu     a4, -939(s2)
core   0: 3 0x80008954 (0xc5594703) x14 0x000000dd mem 0x80015626
core   0: 0x80008958 (0x2f290b03) lb      s6, 754(s2)
core   0: 3 0x80008958 (0x2f290b03) x22 0x00000078 mem 0x80015cc3
core   0: 0x8000895c (0x004b1c93) slli    s9, s6, 4
core   0: 3 0x8000895c (0x004b1c93) x25 0x00000780
core   0: 0x80008960 (0x29294403) lbu     s0, 658(s2)
core   0: 3 0x80008960 (0x29294403) x 8 0x000000c6 mem 0x80015c63
core   0: 0x80008964 (0x2d191da3) sh      a7, 731(s2)
core   0: 3 0x80008964 (0x2d191da3) mem 0x80015cac 0x0001
core   0: 0x80008968 (0x41285e93) srai    t4, a6, 18
core   0: 3 0x80008968 (0x41285e93) x29 0x00000000
core   0: 0x8000896c (0xf07900a3) sb      t2, -255(s2)
core   0: 3 0x8000896c (0xf07900a3) mem 0x800158d2 0xf3
core   0: 0x80008970 (0x010153b3) srl     t2, sp, a6
core   0: 3 0x80008970 (0x010153b3) x 7 0x40017672
core   0: 0x80008974 (0x2bd90323) sb      t4, 678(s2)
core   0: 3 0x80008974 (0x2bd90323) mem 0x80015c77 0x0
core   0: 0x80008978 (0x00e95c33) srl     s8, s2, a4
core   0: 3 0x80008978 (0x00e95c33) x24 0x00000004
core   0: 0x8000897c (0x30690e23) sb      t1, 796(s2)
core   0: 3 0x8000897c (0x30690e23) mem 0x80015ced 0x0
core   0: 0x80008980 (0x0ff0000f) fence   iorw,iorw
core   0: 3 0x80008980 (0x0ff0000f)
core   0: 0x80008984 (0x00641d13) slli    s10, s0, 6
core   0: 3 0x80008984 (0x00641d13) x26 0x00003180
core   0: 0x80008988 (0xade908a3) sb      t5, -1327(s2)
core   0: 3 0x80008988 (0xade908a3) mem 0x800154a2 0x94
core   0: 0x8000898c (0x0e894b83) lbu     s7, 232(s2)
core   0: 3 0x8000898c (0x0e894b83) x23 0x00000072 mem 0x80015ab9
core   0: 0x80008990 (0x5eb90023) sb      a1, 1504(s2)
core   0: 3 0x80008990 (0x5eb90023) mem 0x80015fb1 0x0
core   0: 0x80008994 (0x48d90383) lb      t2, 1165(s2)
core   0: 3 0x80008994 (0x48d90383) x 7 0x00000015 mem 0x80015e5e
core   0: 0x80008998 (0x596bea93) ori     s5, s7, 1430
core   0: 3 0x80008998 (0x596bea93) x21 0x000005f6
core   0: 0x8000899c (0xcc094303) lbu     t1, -832(s2)
core   0: 3 0x8000899c (0xcc094303) x 6 0x0000004a mem 0x80015691
core   0: 0x800089a0 (0x69f8ac93) slti    s9, a7, 1695
core   0: 3 0x800089a0 (0x69f8ac93) x25 0x00000001
core   0: 0x800089a4 (0x012c5fb3) srl     t6, s8, s2
core   0: 3 0x800089a4 (0x012c5fb3) x31 0x00000000
core   0: 0x800089a8 (0x148a0513) addi    a0, s4, 328
core   0: 3 0x800089a8 (0x148a0513) x10 0x00000149
core   0: 0x800089ac (0xe1f91003) lh      zero, -481(s2)
core   0: 3 0x800089ac (0xe1f91003) mem 0x800157f0
core   0: 0x800089b0 (0x00016397) auipc   t2, 0x16
core   0: 3 0x800089b0 (0x00016397) x 7 0x8001e9b0
core   0: 0x800089b4 (0x76738393) addi    t2, t2, 1895
core   0: 3 0x800089b4 (0x76738393) x 7 0x8001f117
core   0: 0x800089b8 (0x0190cd33) xor     s10, ra, s9
core   0: 3 0x800089b8 (0x0190cd33) x26 0x00000001
core   0: 0x800089bc (0x2693dd83) lhu     s11, 617(t2)
core   0: 3 0x800089bc (0x2693dd83) x27 0x00003a3b mem 0x8001f380
core   0: 0x800089c0 (0x41c1deb3) sra     t4, gp, t3
core   0: 3 0x800089c0 (0x41c1deb3) x29 0x00000000
core   0: 0x800089c4 (0x01510933) add     s2, sp, s5
core   0: 3 0x800089c4 (0x01510933) x18 0x8002f2da
core   0: 0x800089c8 (0xcb339a83) lh      s5, -845(t2)
core   0: 3 0x800089c8 (0xcb339a83) x21 0xffff8081 mem 0x8001edca
core   0: 0x800089cc (0xa0d47e37) lui     t3, 0xa0d47
core   0: 3 0x800089cc (0xa0d47e37) x28 0xa0d47000
core   0: 0x800089d0 (0x39338c03) lb      s8, 915(t2)
core   0: 3 0x800089d0 (0x39338c03) x24 0x00000061 mem 0x8001f4aa
core   0: 0x800089d4 (0xafb3aea3) sw      s11, -1283(t2)
core   0: 3 0x800089d4 (0xafb3aea3) mem 0x8001ec14 0x00003a3b
core   0: 0x800089d8 (0x28e38a23) sb      a4, 660(t2)
core   0: 3 0x800089d8 (0x28e38a23) mem 0x8001f3ab 0xdd
core   0: 0x800089dc (0x30438203) lb      tp, 772(t2)
core   0: 3 0x800089dc (0x30438203) x 4 0xffffffd0 mem 0x8001f41b
core   0: 0x800089e0 (0x01274933) xor     s2, a4, s2
core   0: 3 0x800089e0 (0x01274933) x18 0x8002f207
core   0: 0x800089e4 (0x3db52293) slti    t0, a0, 987
core   0: 3 0x800089e4 (0x3db52293) x 5 0x00000001
core   0: 0x800089e8 (0xc6638583) lb      a1, -922(t2)
core   0: 3 0x800089e8 (0xc6638583) x11 0x00000036 mem 0x8001ed7d
core   0: 0x800089ec (0x00471833) sll     a6, a4, tp
core   0: 3 0x800089ec (0x00471833) x16 0x00dd0000
core   0: 0x800089f0 (0xbf6387a3) sb      s6, -1041(t2)
core   0: 3 0x800089f0 (0xbf6387a3) mem 0x8001ed06 0x78
core   0: 0x800089f4 (0x01d921b3) slt     gp, s2, t4
core   0: 3 0x800089f4 (0x01d921b3) x 3 0x00000001
core   0: 0x800089f8 (0x0c357eb7) lui     t4, 0xc357
core   0: 3 0x800089f8 (0x0c357eb7) x29 0x0c357000
core   0: 0x800089fc (0x0fa3c003) lbu     zero, 250(t2)
core   0: 3 0x800089fc (0x0fa3c003) mem 0x8001f211
core   0: 0x80008a00 (0x7be38183) lb      gp, 1982(t2)
core   0: 3 0x80008a00 (0x7be38183) x 3 0xffffff8e mem 0x8001f8d5
core   0: 0x80008a04 (0x00860f33) add     t5, a2, s0
core   0: 3 0x80008a04 (0x00860f33) x30 0x608bc9b2
core   0: 0x80008a08 (0xb83398a3) sh      gp, -1135(t2)
core   0: 3 0x80008a08 (0xb83398a3) mem 0x8001eca8 0xff8e
core   0: 0x80008a0c (0x0173c883) lbu     a7, 23(t2)
core   0: 3 0x80008a0c (0x0173c883) x17 0x000000e5 mem 0x8001f12e
core   0: 0x80008a10 (0x9f0384a3) sb      a6, -1559(t2)
core   0: 3 0x80008a10 (0x9f0384a3) mem 0x8001eb00 0x0
core   0: 0x80008a14 (0xe0e38c03) lb      s8, -498(t2)
core   0: 3 0x80008a14 (0xe0e38c03) x24 0xffffffde mem 0x8001ef25
core   0: 0x80008a18 (0x82938483) lb      s1, -2007(t2)
core   0: 3 0x80008a18 (0x82938483) x 9 0xfffffffb mem 0x8001e940
core   0: 0x80008a1c (0x3a6dc213) xori    tp, s11, 934
core   0: 3 0x80008a1c (0x3a6dc213) x 4 0x0000399d
core   0: 0x80008a20 (0x6e8397a3) sh      s0, 1775(t2)
core   0: 3 0x80008a20 (0x6e8397a3) mem 0x8001f806 0x00c6
core   0: 0x80008a24 (0x00b5b533) sltu    a0, a1, a1
core   0: 3 0x80008a24 (0x00b5b533) x10 0x00000000
core   0: 0x80008a28 (0x4b5383a3) sb      s5, 1191(t2)
core   0: 3 0x80008a28 (0x4b5383a3) mem 0x8001f5be 0x81
core   0: 0x80008a2c (0xee938b23) sb      s1, -266(t2)
core   0: 3 0x80008a2c (0xee938b23) mem 0x8001f00d 0xfb
core   0: 0x80008a30 (0x0000d597) auipc   a1, 0xd
core   0: 3 0x80008a30 (0x0000d597) x11 0x80015a30
core   0: 0x80008a34 (0xf2f58593) addi    a1, a1, -209
core   0: 3 0x80008a34 (0xf2f58593) x11 0x8001595f
core   0: 0x80008a38 (0x12eeea37) lui     s4, 0x12eee
core   0: 3 0x80008a38 (0x12eeea37) x20 0x12eee000
core   0: 0x80008a3c (0xf1a5cd83) lbu     s11, -230(a1)
core   0: 3 0x80008a3c (0xf1a5cd83) x27 0x00000032 mem 0x80015879
core   0: 0x80008a40 (0xf5e58523) sb      t5, -182(a1)
core   0: 3 0x80008a40 (0xf5e58523) mem 0x800158a9 0xb2
core   0: 0x80008a44 (0x413f8e33) sub     t3, t6, s3
core   0: 3 0x80008a44 (0x413f8e33) x28 0x7ffd519c
core   0: 0x80008a48 (0x002e18b3) sll     a7, t3, sp
core   0: 3 0x80008a48 (0x002e18b3) x17 0xffd519c0
core   0: 0x80008a4c (0x0aa58a03) lb      s4, 170(a1)
core   0: 3 0x80008a4c (0x0aa58a03) x20 0xffffffc2 mem 0x80015a09
core   0: 0x80008a50 (0x0865c783) lbu     a5, 134(a1)
core   0: 3 0x80008a50 (0x0865c783) x15 0x00000036 mem 0x800159e5
core   0: 0x80008a54 (0x0005c403) lbu     s0, 0(a1)
core   0: 3 0x80008a54 (0x0005c403) x 8 0x00000014 mem 0x8001595f
core   0: 0x80008a58 (0x01f79033) sll     zero, a5, t6
core   0: 3 0x80008a58 (0x01f79033)
core   0: 0x80008a5c (0x00bb9193) slli    gp, s7, 11
core   0: 3 0x80008a5c (0x00bb9193) x 3 0x00039000
core   0: 0x80008a60 (0x06958723) sb      s1, 110(a1)
core   0: 3 0x80008a60 (0x06958723) mem 0x800159cd 0xfb
core   0: 0x80008a64 (0x00620bb3) add     s7, tp, t1
core   0: 3 0x80008a64 (0x00620bb3) x23 0x000039e7
core   0: 0x80008a68 (0x5eae3913) sltiu   s2, t3, 1514
core   0: 3 0x80008a68 (0x5eae3913) x18 0x00000000
core   0: 0x80008a6c (0x0955d483) lhu     s1, 149(a1)
core   0: 3 0x80008a6c (0x0955d483) x 9 0x0000ae2e mem 0x800159f4
core   0: 0x80008a70 (0x41a5d613) srai    a2, a1, 26
core   0: 3 0x80008a70 (0x41a5d613) x12 0xffffffe0
core   0: 0x80008a74 (0xff92f713) andi    a4, t0, -7
core   0: 3 0x80008a74 (0xff92f713) x14 0x00000001
core   0: 0x80008a78 (0x0a159a03) lh      s4, 161(a1)
core   0: 3 0x80008a78 (0x0a159a03) x20 0xffffbabb mem 0x80015a00
core   0: 0x80008a7c (0xfd35dc03) lhu     s8, -45(a1)
core   0: 3 0x80008a7c (0xfd35dc03) x24 0x0000e8e9 mem 0x80015932
core   0: 0x80008a80 (0x0425cc03) lbu     s8, 66(a1)
core   0: 3 0x80008a80 (0x0425cc03) x24 0x00000000 mem 0x800159a1
core   0: 0x80008a84 (0x00e58923) sb      a4, 18(a1)
core   0: 3 0x80008a84 (0x00e58923) mem 0x80015971 0x1
core   0: 0x80008a88 (0xb31ece13) xori    t3, t4, -1231
core   0: 3 0x80008a88 (0xb31ece13) x28 0xf3ca8b31
core   0: 0x80008a8c (0x412bd893) srai    a7, s7, 18
core   0: 3 0x80008a8c (0x412bd893) x17 0x00000000
core   0: 0x80008a90 (0x01d80933) add     s2, a6, t4
core   0: 3 0x80008a90 (0x01d80933) x18 0x0d127000
core   0: 0x80008a94 (0x0c358fa3) sb      gp, 223(a1)
core   0: 3 0x80008a94 (0x0c358fa3) mem 0x80015a3e 0x0
core   0: 0x80008a98 (0x00013f17) auipc   t5, 0x13
core   0: 3 0x80008a98 (0x00013f17) x30 0x8001ba98
core   0: 0x80008a9c (0xc6af0f13) addi    t5, t5, -918
core   0: 3 0x80008a9c (0xc6af0f13) x30 0x8001b702
core   0: 0x80008aa0 (0x03cf1703) lh      a4, 60(t5)
core   0: 3 0x80008aa0 (0x03cf1703) x14 0xfffff4f5 mem 0x8001b73e
core   0: 0x80008aa4 (0x03cf4703) lbu     a4, 60(t5)
core   0: 3 0x80008aa4 (0x03cf4703) x14 0x000000f5 mem 0x8001b73e
core   0: 0x80008aa8 (0xfd1f4383) lbu     t2, -47(t5)
core   0: 3 0x80008aa8 (0xfd1f4383) x 7 0x00000088 mem 0x8001b6d3
core   0: 0x80008aac (0xa042b513) sltiu   a0, t0, -1532
core   0: 3 0x80008aac (0xa042b513) x10 0x00000001
core   0: 0x80008ab0 (0x01df4183) lbu     gp, 29(t5)
core   0: 3 0x80008ab0 (0x01df4183) x 3 0x000000d4 mem 0x8001b71f
core   0: 0x80008ab4 (0x03df2523) sw      t4, 42(t5)
core   0: 3 0x80008ab4 (0x03df2523) mem 0x8001b72c 0x0c357000
core   0: 0x80008ab8 (0xfc1f4c03) lbu     s8, -63(t5)
core   0: 3 0x80008ab8 (0xfc1f4c03) x24 0x00000078 mem 0x8001b6c3
core   0: 0x80008abc (0xfdaf0ba3) sb      s10, -41(t5)
core   0: 3 0x80008abc (0xfdaf0ba3) mem 0x8001b6d9 0x1
core   0: 0x80008ac0 (0xfc9f4383) lbu     t2, -55(t5)
core   0: 3 0x80008ac0 (0xfc9f4383) x 7 0x00000080 mem 0x8001b6cb
core   0: 0x80008ac4 (0xfc9f4d03) lbu     s10, -55(t5)
core   0: 3 0x80008ac4 (0xfc9f4d03) x26 0x00000080 mem 0x8001b6cb
core   0: 0x80008ac8 (0xff4f1a83) lh      s5, -12(t5)
core   0: 3 0x80008ac8 (0xff4f1a83) x21 0x00000103 mem 0x8001b6f6
core   0: 0x80008acc (0xfe2f0a23) sb      sp, -12(t5)
core   0: 3 0x80008acc (0xfe2f0a23) mem 0x8001b6f6 0xe4
core   0: 0x80008ad0 (0x03ff0183) lb      gp, 63(t5)
core   0: 3 0x80008ad0 (0x03ff0183) x 3 0xfffffffa mem 0x8001b741
core   0: 0x80008ad4 (0x009f4933) xor     s2, t5, s1
core   0: 3 0x80008ad4 (0x009f4933) x18 0x8001192c
core   0: 0x80008ad8 (0x02bf0fa3) sb      a1, 63(t5)
core   0: 3 0x80008ad8 (0x02bf0fa3) mem 0x8001b741 0x5f
core   0: 0x80008adc (0x03ff4783) lbu     a5, 63(t5)
core   0: 3 0x80008adc (0x03ff4783) x15 0x0000005f mem 0x8001b741
core   0: 0x80008ae0 (0xc7968313) addi    t1, a3, -903
core   0: 3 0x80008ae0 (0xc7968313) x 6 0x7ffffc79
core   0: 0x80008ae4 (0x03ff4d83) lbu     s11, 63(t5)
core   0: 3 0x80008ae4 (0x03ff4d83) x27 0x0000005f mem 0x8001b741
core   0: 0x80008ae8 (0x00014517) auipc   a0, 0x14
core   0: 3 0x80008ae8 (0x00014517) x10 0x8001cae8
core   0: 0x80008aec (0x4db50513) addi    a0, a0, 1243
core   0: 3 0x80008aec (0x4db50513) x10 0x8001cfc3
core   0: 0x80008af0 (0x08e50a83) lb      s5, 142(a0)
core   0: 3 0x80008af0 (0x08e50a83) x21 0x0000000a mem 0x8001d051
core   0: 0x80008af4 (0x0119acb3) slt     s9, s3, a7
core   0: 3 0x80008af4 (0x0119acb3) x25 0x00000001
core   0: 0x80008af8 (0xf6350623) sb      gp, -148(a0)
core   0: 3 0x80008af8 (0xf6350623) mem 0x8001cf2f 0xfa
core   0: 0x80008afc (0x108ed0b7) lui     ra, 0x108ed
core   0: 3 0x80008afc (0x108ed0b7) x 1 0x108ed000
core   0: 0x80008b00 (0x00990a33) add     s4, s2, s1
core   0: 3 0x80008b00 (0x00990a33) x20 0x8001c75a
core   0: 0x80008b04 (0x6fa4c713) xori    a4, s1, 1786
core   0: 3 0x80008b04 (0x6fa4c713) x14 0x0000a8d4
core   0: 0x80008b08 (0xf2555303) lhu     t1, -219(a0)
core   0: 3 0x80008b08 (0xf2555303) x 6 0x0000a2a3 mem 0x8001cee8
core   0: 0x80008b0c (0x08c50583) lb      a1, 140(a0)
core   0: 3 0x80008b0c (0x08c50583) x11 0x00000004 mem 0x8001d04f
core   0: 0x80008b10 (0x00150aa3) sb      ra, 21(a0)
core   0: 3 0x80008b10 (0x00150aa3) mem 0x8001cfd8 0x0
core   0: 0x80008b14 (0x0009ad33) slt     s10, s3, zero
core   0: 3 0x80008b14 (0x0009ad33) x26 0x00000001
core   0: 0x80008b18 (0x40775d93) srai    s11, a4, 7
core   0: 3 0x80008b18 (0x40775d93) x27 0x00000151
core   0: 0x80008b1c (0x01381593) slli    a1, a6, 19
core   0: 3 0x80008b1c (0x01381593) x11 0x00000000
core   0: 0x80008b20 (0x00000013) nop
core   0: 3 0x80008b20 (0x00000013)
core   0: 0x80008b24 (0x4012d913) srai    s2, t0, 1
core   0: 3 0x80008b24 (0x4012d913) x18 0x00000000
core   0: 0x80008b28 (0x00817bb3) and     s7, sp, s0
core   0: 3 0x80008b28 (0x00817bb3) x23 0x00000004
core   0: 0x80008b2c (0x06b50f83) lb      t6, 107(a0)
core   0: 3 0x80008b2c (0x06b50f83) x31 0xffffffe5 mem 0x8001d02e
core   0: 0x80008b30 (0xfb3520a3) sw      s3, -95(a0)
core   0: 3 0x80008b30 (0xfb3520a3) mem 0x8001cf64 0x8002ae64
core   0: 0x80008b34 (0x42688297) auipc   t0, 0x42688
core   0: 3 0x80008b34 (0x42688297) x 5 0xc2690b34
core   0: 0x80008b38 (0x0bd52303) lw      t1, 189(a0)
core   0: 3 0x80008b38 (0x0bd52303) x 6 0x38393a3b mem 0x8001d080
core   0: 0x80008b3c (0x0ff0000f) fence   iorw,iorw
core   0: 3 0x80008b3c (0x0ff0000f)
core   0: 0x80008b40 (0x06050223) sb      zero, 100(a0)
core   0: 3 0x80008b40 (0x06050223) mem 0x8001d027 0x0
core   0: 0x80008b44 (0x57c56213) ori     tp, a0, 1404
core   0: 3 0x80008b44 (0x57c56213) x 4 0x8001cfff
core   0: 0x80008b48 (0x81c5a813) slti    a6, a1, -2020
core   0: 3 0x80008b48 (0x81c5a813) x16 0x00000000
core   0: 0x80008b4c (0x03751003) lh      zero, 55(a0)
core   0: 3 0x80008b4c (0x03751003) mem 0x8001cffa
core   0: 0x80008b50 (0x925db193) sltiu   gp, s11, -1755
core   0: 3 0x80008b50 (0x925db193) x 3 0x00000001
core   0: 0x80008b54 (0x0cd55203) lhu     tp, 205(a0)
core   0: 3 0x80008b54 (0x0cd55203) x 4 0x00004a4b mem 0x8001d090
core   0: 0x80008b58 (0x0144c713) xori    a4, s1, 20
core   0: 3 0x80008b58 (0x0144c713) x14 0x0000ae3a
core   0: 0x80008b5c (0x00c71093) slli    ra, a4, 12
core   0: 3 0x80008b5c (0x00c71093) x 1 0x0ae3a000
core   0: 0x80008b60 (0x0ba50a83) lb      s5, 186(a0)
core   0: 3 0x80008b60 (0x0ba50a83) x21 0x00000036 mem 0x8001d07d
core   0: 0x80008b64 (0x01e4e633) or      a2, s1, t5
core   0: 3 0x80008b64 (0x01e4e633) x12 0x8001bf2e
core   0: 0x80008b68 (0x3de78213) addi    tp, a5, 990
core   0: 3 0x80008b68 (0x3de78213) x 4 0x0000043d
core   0: 0x80008b6c (0xffe54e03) lbu     t3, -2(a0)
core   0: 3 0x80008b6c (0xffe54e03) x28 0x0000007a mem 0x8001cfc1
core   0: 0x80008b70 (0x72c3ee13) ori     t3, t2, 1836
core   0: 3 0x80008b70 (0x72c3ee13) x28 0x000007ac
core   0: 0x80008b74 (0xf8e50d83) lb      s11, -114(a0)
core   0: 3 0x80008b74 (0xf8e50d83) x27 0x0000000a mem 0x8001cf51
core   0: 0x80008b78 (0x45124d13) xori    s10, tp, 1105
core   0: 3 0x80008b78 (0x45124d13) x26 0x0000006c
core   0: 0x80008b7c (0x00f55a03) lhu     s4, 15(a0)
core   0: 3 0x80008b7c (0x00f55a03) x20 0x00008889 mem 0x8001cfd2
core   0: 0x80008b80 (0xf5754b03) lbu     s6, -169(a0)
core   0: 3 0x80008b80 (0xf5754b03) x22 0x000000d1 mem 0x8001cf1a
core   0: 0x80008b84 (0x0000df17) auipc   t5, 0xd
core   0: 3 0x80008b84 (0x0000df17) x30 0x80015b84
core   0: 0x80008b88 (0xfb5f0f13) addi    t5, t5, -75
core   0: 3 0x80008b88 (0xfb5f0f13) x30 0x80015b39
core   0: 0x80008b8c (0xbafe9e97) auipc   t4, 0xbafe9
core   0: 3 0x80008b8c (0xbafe9e97) x29 0x3aff1b8c
core   0: 0x80008b90 (0x016f4d83) lbu     s11, 22(t5)
core   0: 3 0x80008b90 (0x016f4d83) x27 0x00000004 mem 0x80015b4f
core   0: 0x80008b94 (0x016f4383) lbu     t2, 22(t5)
core   0: 3 0x80008b94 (0x016f4383) x 7 0x00000004 mem 0x80015b4f
core   0: 0x80008b98 (0xffbf0823) sb      s11, -16(t5)
core   0: 3 0x80008b98 (0xffbf0823) mem 0x80015b29 0x4
core   0: 0x80008b9c (0x1f1a2937) lui     s2, 0x1f1a2
core   0: 3 0x80008b9c (0x1f1a2937) x18 0x1f1a2000
core   0: 0x80008ba0 (0xfeff0823) sb      a5, -16(t5)
core   0: 3 0x80008ba0 (0xfeff0823) mem 0x80015b29 0x5f
core   0: 0x80008ba4 (0xff0f0583) lb      a1, -16(t5)
core   0: 3 0x80008ba4 (0xff0f0583) x11 0x0000005f mem 0x80015b29
core   0: 0x80008ba8 (0xfe9f1e83) lh      t4, -23(t5)
core   0: 3 0x80008ba8 (0xfe9f1e83) x29 0x00000001 mem 0x80015b22
core   0: 0x80008bac (0xfe1f04a3) sb      ra, -23(t5)
core   0: 3 0x80008bac (0xfe1f04a3) mem 0x80015b22 0x0
core   0: 0x80008bb0 (0xffaf0a83) lb      s5, -6(t5)
core   0: 3 0x80008bb0 (0xffaf0a83) x21 0xffffffec mem 0x80015b33
core   0: 0x80008bb4 (0x41928e33) sub     t3, t0, s9
core   0: 3 0x80008bb4 (0x41928e33) x28 0xc2690b33
core   0: 0x80008bb8 (0xfe8f4a83) lbu     s5, -24(t5)
core   0: 3 0x80008bb8 (0xfe8f4a83) x21 0x000000da mem 0x80015b21
core   0: 0x80008bbc (0xfdbf18a3) sh      s11, -47(t5)
core   0: 3 0x80008bbc (0xfdbf18a3) mem 0x80015b0a 0x0004
core   0: 0x80008bc0 (0x012f0d03) lb      s10, 18(t5)
core   0: 3 0x80008bc0 (0x012f0d03) x26 0x00000000 mem 0x80015b4b
core   0: 0x80008bc4 (0x022f4483) lbu     s1, 34(t5)
core   0: 3 0x80008bc4 (0x022f4483) x 9 0x00000010 mem 0x80015b5b
core   0: 0x80008bc8 (0x01c89233) sll     tp, a7, t3
core   0: 3 0x80008bc8 (0x01c89233) x 4 0x00000000
core   0: 0x80008bcc (0x022f0303) lb      t1, 34(t5)
core   0: 3 0x80008bcc (0x022f0303) x 6 0x00000010 mem 0x80015b5b
core   0: 0x80008bd0 (0x022f4783) lbu     a5, 34(t5)
core   0: 3 0x80008bd0 (0x022f4783) x15 0x00000010 mem 0x80015b5b
core   0: 0x80008bd4 (0x038f0123) sb      s8, 34(t5)
core   0: 3 0x80008bd4 (0x038f0123) mem 0x80015b5b 0x78
core   0: 0x80008bd8 (0x0000d897) auipc   a7, 0xd
core   0: 3 0x80008bd8 (0x0000d897) x17 0x80015bd8
core   0: 0x80008bdc (0xf6188893) addi    a7, a7, -159
core   0: 3 0x80008bdc (0xf6188893) x17 0x80015b39
core   0: 0x80008be0 (0xff088903) lb      s2, -16(a7)
core   0: 3 0x80008be0 (0xff088903) x18 0x0000005f mem 0x80015b29
core   0: 0x80008be4 (0xfe389ba3) sh      gp, -9(a7)
core   0: 3 0x80008be4 (0xfe389ba3) mem 0x80015b30 0x0001
core   0: 0x80008be8 (0x0001b097) auipc   ra, 0x1b
core   0: 3 0x80008be8 (0x0001b097) x 1 0x80023be8
core   0: 0x80008bec (0x01c08093) addi    ra, ra, 28
core   0: 3 0x80008bec (0x01c08093) x 1 0x80023c04
core   0: 0x80008bf0 (0x01688123) sb      s6, 2(a7)
core   0: 3 0x80008bf0 (0x01688123) mem 0x80015b3b 0xd1
core   0: 0x80008bf4 (0xff788803) lb      a6, -9(a7)
core   0: 3 0x80008bf4 (0xff788803) x16 0x00000001 mem 0x80015b30
core   0: 0x80008bf8 (0xf1009123) sh      a6, -254(ra)
core   0: 3 0x80008bf8 (0xf1009123) mem 0x80023b06 0x0001
core   0: 0x80008bfc (0x00c88c83) lb      s9, 12(a7)
core   0: 3 0x80008bfc (0x00c88c83) x25 0xfffffffe mem 0x80015b45
core   0: 0x80008c00 (0xffa8c003) lbu     zero, -6(a7)
core   0: 3 0x80008c00 (0xffa8c003) mem 0x80015b33
core   0: 0x80008c04 (0x0590c403) lbu     s0, 89(ra)
core   0: 3 0x80008c04 (0x0590c403) x 8 0x00000016 mem 0x80023c5d
core   0: 0x80008c08 (0x0620cc03) lbu     s8, 98(ra)
core   0: 3 0x80008c08 (0x0620cc03) x24 0x0000001d mem 0x80023c66
core   0: 0x80008c0c (0xff28c003) lbu     zero, -14(a7)
core   0: 3 0x80008c0c (0xff28c003) mem 0x80015b2b
core   0: 0x80008c10 (0xfff89d83) lh      s11, -1(a7)
core   0: 3 0x80008c10 (0xfff89d83) x27 0xffffae64 mem 0x80015b38
core   0: 0x80008c14 (0x06b0ca83) lbu     s5, 107(ra)
core   0: 3 0x80008c14 (0x06b0ca83) x21 0x00000024 mem 0x80023c6f
core   0: 0x80008c18 (0x0fc0c203) lbu     tp, 252(ra)
core   0: 3 0x80008c18 (0x0fc0c203) x 4 0x000000bb mem 0x80023d00
core   0: 0x80008c1c (0x0000d517) auipc   a0, 0xd
core   0: 3 0x80008c1c (0x0000d517) x10 0x80015c1c
core   0: 0x80008c20 (0xa9950513) addi    a0, a0, -1383
core   0: 3 0x80008c20 (0xa9950513) x10 0x800156b5
core   0: 0x80008c24 (0x00010d97) auipc   s11, 0x10
core   0: 3 0x80008c24 (0x00010d97) x27 0x80018c24
core   0: 0x80008c28 (0xfded8d93) addi    s11, s11, -34
core   0: 3 0x80008c28 (0xfded8d93) x27 0x80018c02
core   0: 0x80008c2c (0x04fd8903) lb      s2, 79(s11)
core   0: 3 0x80008c2c (0x04fd8903) x18 0x0000000a mem 0x80018c51
core   0: 0x80008c30 (0xaed51c83) lh      s9, -1299(a0)
core   0: 3 0x80008c30 (0xaed51c83) x25 0x00000000 mem 0x800151a2
core   0: 0x80008c34 (0x03ad8c23) sb      s10, 56(s11)
core   0: 3 0x80008c34 (0x03ad8c23) mem 0x80018c3a 0x0
core   0: 0x80008c38 (0x0b2dd803) lhu     a6, 178(s11)
core   0: 3 0x80008c38 (0x0b2dd803) x16 0x00006e6f mem 0x80018cb4
core   0: 0x80008c3c (0xbf850e83) lb      t4, -1032(a0)
core   0: 3 0x80008c3c (0xbf850e83) x29 0x00000066 mem 0x800152ad
core   0: 0x80008c40 (0x35154003) lbu     zero, 849(a0)
core   0: 3 0x80008c40 (0x35154003) mem 0x80015a06
core   0: 0x80008c44 (0x74d54a03) lbu     s4, 1869(a0)
core   0: 3 0x80008c44 (0x74d54a03) x20 0x0000003f mem 0x80015e02
core   0: 0x80008c48 (0xfd4dd483) lhu     s1, -44(s11)
core   0: 3 0x80008c48 (0xfd4dd483) x 9 0x00008c8d mem 0x80018bd6
core   0: 0x80008c4c (0xf56d9f83) lh      t6, -170(s11)
core   0: 3 0x80008c4c (0xf56d9f83) x31 0x00001213 mem 0x80018b58
core   0: 0x80008c50 (0x33555703) lhu     a4, 821(a0)
core   0: 3 0x80008c50 (0x33555703) x14 0x00000000 mem 0x800159ea
core   0: 0x80008c54 (0x64f50903) lb      s2, 1615(a0)
core   0: 3 0x80008c54 (0x64f50903) x18 0xffffffbf mem 0x80015d04
core   0: 0x80008c58 (0xd2054403) lbu     s0, -736(a0)
core   0: 3 0x80008c58 (0xd2054403) x 8 0x0000008e mem 0x800153d5
core   0: 0x80008c5c (0x054d86a3) sb      s4, 77(s11)
core   0: 3 0x80008c5c (0x054d86a3) mem 0x80018c4f 0x3f
core   0: 0x80008c60 (0xf1ad8ea3) sb      s10, -227(s11)
core   0: 3 0x80008c60 (0xf1ad8ea3) mem 0x80018b1f 0x0
core   0: 0x80008c64 (0xf21d8f23) sb      ra, -194(s11)
core   0: 3 0x80008c64 (0xf21d8f23) mem 0x80018b40 0x4
core   0: 0x80008c68 (0x24150323) sb      ra, 582(a0)
core   0: 3 0x80008c68 (0x24150323) mem 0x800158fb 0x4
core   0: 0x80008c6c (0x014d8403) lb      s0, 20(s11)
core   0: 3 0x80008c6c (0x014d8403) x 8 0xffffffcd mem 0x80018c16
core   0: 0x80008c70 (0x00011897) auipc   a7, 0x11
core   0: 3 0x80008c70 (0x00011897) x17 0x80019c70
core   0: 0x80008c74 (0xf9688893) addi    a7, a7, -106
core   0: 3 0x80008c74 (0xf9688893) x17 0x80019c06
core   0: 0x80008c78 (0xf118c303) lbu     t1, -239(a7)
core   0: 3 0x80008c78 (0xf118c303) x 6 0x000000cc mem 0x80019b17
core   0: 0x80008c7c (0xf118cb03) lbu     s6, -239(a7)
core   0: 3 0x80008c7c (0xf118cb03) x22 0x000000cc mem 0x80019b17
core   0: 0x80008c80 (0xda26d797) auipc   a5, 0xda26d
core   0: 3 0x80008c80 (0xda26d797) x15 0x5a275c80
core   0: 0x80008c84 (0xe2c5e817) auipc   a6, 0xe2c5e
core   0: 3 0x80008c84 (0xe2c5e817) x16 0x62c66c84
core   0: 0x80008c88 (0xf488d183) lhu     gp, -184(a7)
core   0: 3 0x80008c88 (0xf488d183) x 3 0x00000405 mem 0x80019b4e
core   0: 0x80008c8c (0x07b8ab23) sw      s11, 118(a7)
core   0: 3 0x80008c8c (0x07b8ab23) mem 0x80019c7c 0x80018c02
core   0: 0x80008c90 (0x0768d503) lhu     a0, 118(a7)
core   0: 3 0x80008c90 (0x0768d503) x10 0x00008c02 mem 0x80019c7c
core   0: 0x80008c94 (0xf8588703) lb      a4, -123(a7)
core   0: 3 0x80008c94 (0xf8588703) x14 0x00000040 mem 0x80019b8b
core   0: 0x80008c98 (0xfa988783) lb      a5, -87(a7)
core   0: 3 0x80008c98 (0xfa988783) x15 0x00000064 mem 0x80019baf
core   0: 0x80008c9c (0xf5489a23) sh      s4, -172(a7)
core   0: 3 0x80008c9c (0xf5489a23) mem 0x80019b5a 0x003f
core   0: 0x80008ca0 (0xf548d903) lhu     s2, -172(a7)
core   0: 3 0x80008ca0 (0xf548d903) x18 0x0000003f mem 0x80019b5a
core   0: 0x80008ca4 (0xf5489403) lh      s0, -172(a7)
core   0: 3 0x80008ca4 (0xf5489403) x 8 0x0000003f mem 0x80019b5a
core   0: 0x80008ca8 (0xffa888a3) sb      s10, -15(a7)
core   0: 3 0x80008ca8 (0xffa888a3) mem 0x80019bf7 0x0
core   0: 0x80008cac (0x41bad513) srai    a0, s5, 27
core   0: 3 0x80008cac (0x41bad513) x10 0x00000000
core   0: 0x80008cb0 (0xff188083) lb      ra, -15(a7)
core   0: 3 0x80008cb0 (0xff188083) x 1 0x00000000 mem 0x80019bf7
core   0: 0x80008cb4 (0xff18cc83) lbu     s9, -15(a7)
core   0: 3 0x80008cb4 (0xff18cc83) x25 0x00000000 mem 0x80019bf7
core   0: 0x80008cb8 (0x84328493) addi    s1, t0, -1981
core   0: 3 0x80008cb8 (0x84328493) x 9 0xc2690377
core   0: 0x80008cbc (0xff18c803) lbu     a6, -15(a7)
core   0: 3 0x80008cbc (0xff18c803) x16 0x00000000 mem 0x80019bf7
core   0: 0x80008cc0 (0x0c988a03) lb      s4, 201(a7)
core   0: 3 0x80008cc0 (0x0c988a03) x20 0xffffff84 mem 0x80019ccf
core   0: 0x80008cc4 (0x27bce213) ori     tp, s9, 635
core   0: 3 0x80008cc4 (0x27bce213) x 4 0x0000027b
core   0: 0x80008cc8 (0x0da884a3) sb      s10, 201(a7)
core   0: 3 0x80008cc8 (0x0da884a3) mem 0x80019ccf 0x0
core   0: 0x80008ccc (0x0000de17) auipc   t3, 0xd
core   0: 3 0x80008ccc (0x0000de17) x28 0x80015ccc
core   0: 0x80008cd0 (0xe5ee0e13) addi    t3, t3, -418
core   0: 3 0x80008cd0 (0xe5ee0e13) x28 0x80015b2a
core   0: 0x80008cd4 (0x01f76a33) or      s4, a4, t6
core   0: 3 0x80008cd4 (0x01f76a33) x20 0x00001253
core   0: 0x80008cd8 (0x320e03a3) sb      zero, 807(t3)
core   0: 3 0x80008cd8 (0x320e03a3) mem 0x80015e51 0x0
core   0: 0x80008cdc (0xeaf62513) slti    a0, a2, -337
core   0: 3 0x80008cdc (0xeaf62513) x10 0x00000001
core   0: 0x80008ce0 (0xf84e0d83) lb      s11, -124(t3)
core   0: 3 0x80008ce0 (0xf84e0d83) x27 0x00000065 mem 0x80015aae
core   0: 0x80008ce4 (0x011e9733) sll     a4, t4, a7
core   0: 3 0x80008ce4 (0x011e9733) x14 0x00001980
core   0: 0x80008ce8 (0x3146eb93) ori     s7, a3, 788
core   0: 3 0x80008ce8 (0x3146eb93) x23 0x80000314
core   0: 0x80008cec (0x38135437) lui     s0, 0x38135
core   0: 3 0x80008cec (0x38135437) x 8 0x38135000
core   0: 0x80008cf0 (0x41860833) sub     a6, a2, s8
core   0: 3 0x80008cf0 (0x41860833) x16 0x8001bf11
core   0: 0x80008cf4 (0x413e80b3) sub     ra, t4, s3
core   0: 3 0x80008cf4 (0x413e80b3) x 1 0x7ffd5202
core   0: 0x80008cf8 (0x999bbb93) sltiu   s7, s7, -1639
core   0: 3 0x80008cf8 (0x999bbb93) x23 0x00000001
core   0: 0x80008cfc (0x0146ecb3) or      s9, a3, s4
core   0: 3 0x80008cfc (0x0146ecb3) x25 0x80001253
core   0: 0x80008d00 (0x4fce1603) lh      a2, 1276(t3)
core   0: 3 0x80008d00 (0x4fce1603) x12 0xffffdcdd mem 0x80016026
core   0: 0x80008d04 (0x012c2eb3) slt     t4, s8, s2
core   0: 3 0x80008d04 (0x012c2eb3) x29 0x00000001
core   0: 0x80008d08 (0x41e10fb3) sub     t6, sp, t5
core   0: 3 0x80008d08 (0x41e10fb3) x31 0x000191ab
core   0: 0x80008d0c (0x005175b3) and     a1, sp, t0
core   0: 3 0x80008d0c (0x005175b3) x11 0x80000824
core   0: 0x80008d10 (0x92ae0f83) lb      t6, -1750(t3)
core   0: 3 0x80008d10 (0x92ae0f83) x31 0x0000000f mem 0x80015454
core   0: 0x80008d14 (0xe13e04a3) sb      s3, -503(t3)
core   0: 3 0x80008d14 (0xe13e04a3) mem 0x80015933 0x64
core   0: 0x80008d18 (0x74264813) xori    a6, a2, 1858
core   0: 3 0x80008d18 (0x74264813) x16 0xffffdb9f
core   0: 0x80008d1c (0x0179adb3) slt     s11, s3, s7
core   0: 3 0x80008d1c (0x0179adb3) x27 0x00000001
core   0: 0x80008d20 (0x914e0823) sb      s4, -1776(t3)
core   0: 3 0x80008d20 (0x914e0823) mem 0x8001543a 0x53
core   0: 0x80008d24 (0x0ff0000f) fence   iorw,iorw
core   0: 3 0x80008d24 (0x0ff0000f)
core   0: 0x80008d28 (0xcfcdec13) ori     s8, s11, -772
core   0: 3 0x80008d28 (0xcfcdec13) x24 0xfffffcfd
core   0: 0x80008d2c (0x450e0b23) sb      a6, 1110(t3)
core   0: 3 0x80008d2c (0x450e0b23) mem 0x80015f80 0x9f
core   0: 0x80008d30 (0x94ae4a03) lbu     s4, -1718(t3)
core   0: 3 0x80008d30 (0x94ae4a03) x20 0x000000e5 mem 0x80015474
core   0: 0x80008d34 (0xbe0e09a3) sb      zero, -1037(t3)
core   0: 3 0x80008d34 (0xbe0e09a3) mem 0x8001571d 0x0
core   0: 0x80008d38 (0x293e0703) lb      a4, 659(t3)
core   0: 3 0x80008d38 (0x293e0703) x14 0x00000076 mem 0x80015dbd
core   0: 0x80008d3c (0x41592593) slti    a1, s2, 1045
core   0: 3 0x80008d3c (0x41592593) x11 0x00000001
core   0: 0x80008d40 (0x326e5283) lhu     t0, 806(t3)
core   0: 3 0x80008d40 (0x326e5283) x 5 0x0000000b mem 0x80015e50
core   0: 0x80008d44 (0x40d8d513) srai    a0, a7, 13
core   0: 3 0x80008d44 (0x40d8d513) x10 0xfffc000c
core   0: 0x80008d48 (0x424e5503) lhu     a0, 1060(t3)
core   0: 3 0x80008d48 (0x424e5503) x10 0x00000405 mem 0x80015f4e
core   0: 0x80008d4c (0x35ee0003) lb      zero, 862(t3)
core   0: 3 0x80008d4c (0x35ee0003) mem 0x80015e88
core   0: 0x80008d50 (0x92ecbd13) sltiu   s10, s9, -1746
core   0: 3 0x80008d50 (0x92ecbd13) x26 0x00000001
core   0: 0x80008d54 (0x1b8e0423) sb      s8, 424(t3)
core   0: 3 0x80008d54 (0x1b8e0423) mem 0x80015cd2 0xfd
core   0: 0x80008d58 (0x241e2923) sw      ra, 594(t3)
core   0: 3 0x80008d58 (0x241e2923) mem 0x80015d7c 0x7ffd5202
core   0: 0x80008d5c (0x819e4483) lbu     s1, -2023(t3)
core   0: 3 0x80008d5c (0x819e4483) x 9 0x000000f8 mem 0x80015343
core   0: 0x80008d60 (0x4752f937) lui     s2, 0x4752f
core   0: 3 0x80008d60 (0x4752f937) x18 0x4752f000
core   0: 0x80008d64 (0x8629ed93) ori     s11, s3, -1950
core   0: 3 0x80008d64 (0x8629ed93) x27 0xfffffe66
core   0: 0x80008d68 (0x0cce2b17) auipc   s6, 0xcce2
core   0: 3 0x80008d68 (0x0cce2b17) x22 0x8ccead68
core   0: 0x80008d6c (0x461e0183) lb      gp, 1121(t3)
core   0: 3 0x80008d6c (0x461e0183) x 3 0xffffff84 mem 0x80015f8b
core   0: 0x80008d70 (0x4bb54493) xori    s1, a0, 1211
core   0: 3 0x80008d70 (0x4bb54493) x 9 0x000000be
core   0: 0x80008d74 (0x23945497) auipc   s1, 0x23945
core   0: 3 0x80008d74 (0x23945497) x 9 0xa394dd74
core   0: 0x80008d78 (0x00a61193) slli    gp, a2, 10
core   0: 3 0x80008d78 (0x00a61193) x 3 0xff737400
core   0: 0x80008d7c (0xba7e4e83) lbu     t4, -1113(t3)
core   0: 3 0x80008d7c (0xba7e4e83) x29 0x0000008a mem 0x800156d1
core   0: 0x80008d80 (0x01c08333) add     t1, ra, t3
core   0: 3 0x80008d80 (0x01c08333) x 6 0xfffead2c
core   0: 0x80008d84 (0x01b33f33) sltu    t5, t1, s11
core   0: 3 0x80008d84 (0x01b33f33) x30 0x00000001
core   0: 0x80008d88 (0x059e0a83) lb      s5, 89(t3)
core   0: 3 0x80008d88 (0x059e0a83) x21 0x00000038 mem 0x80015b83
core   0: 0x80008d8c (0x0ff0000f) fence   iorw,iorw
core   0: 3 0x80008d8c (0x0ff0000f)
core   0: 0x80008d90 (0x505e01a3) sb      t0, 1283(t3)
core   0: 3 0x80008d90 (0x505e01a3) mem 0x8001602d 0xb
core   0: 0x80008d94 (0xec6e5583) lhu     a1, -314(t3)
core   0: 3 0x80008d94 (0xec6e5583) x11 0x0000aaab mem 0x800159f0
core   0: 0x80008d98 (0x37466f93) ori     t6, a2, 884
core   0: 3 0x80008d98 (0x37466f93) x31 0xffffdffd
core   0: 0x80008d9c (0x22be4403) lbu     s0, 555(t3)
core   0: 3 0x80008d9c (0x22be4403) x 8 0x00000056 mem 0x80015d55
core   0: 0x80008da0 (0x4e0e4383) lbu     t2, 1248(t3)
core   0: 3 0x80008da0 (0x4e0e4383) x 7 0x000000c1 mem 0x8001600a
core   0: 0x80008da4 (0xba0e0e23) sb      zero, -1092(t3)
core   0: 3 0x80008da4 (0xba0e0e23) mem 0x800156e6 0x0
core   0: 0x80008da8 (0x0000c397) auipc   t2, 0xc
core   0: 3 0x80008da8 (0x0000c397) x 7 0x80014da8
core   0: 0x80008dac (0x31938393) addi    t2, t2, 793
core   0: 3 0x80008dac (0x31938393) x 7 0x800150c1
core   0: 0x80008db0 (0x00c6f4b3) and     s1, a3, a2
core   0: 3 0x80008db0 (0x00c6f4b3) x 9 0x80000000
core   0: 0x80008db4 (0x566a4e13) xori    t3, s4, 1382
core   0: 3 0x80008db4 (0x566a4e13) x28 0x00000583
core   0: 0x80008db8 (0x406684b3) sub     s1, a3, t1
core   0: 3 0x80008db8 (0x406684b3) x 9 0x800152d4
core   0: 0x80008dbc (0x0000100f) fence.i
core   0: 3 0x80008dbc (0x0000100f)
core   0: 0x80008dc0 (0x42538e23) sb      t0, 1084(t2)
core   0: 3 0x80008dc0 (0x42538e23) mem 0x800154fd 0xb
core   0: 0x80008dc4 (0x3cb38f23) sb      a1, 990(t2)
core   0: 3 0x80008dc4 (0x3cb38f23) mem 0x8001549f 0xab
core   0: 0x80008dc8 (0x7bb3a483) lw      s1, 1979(t2)
core   0: 3 0x80008dc8 (0x7bb3a483) x 9 0x3435d037 mem 0x8001587c
core   0: 0x80008dcc (0x25f3cf03) lbu     t5, 607(t2)
core   0: 3 0x80008dcc (0x25f3cf03) x30 0x000000db mem 0x80015320
core   0: 0x80008dd0 (0x007f1b13) slli    s6, t5, 7
core   0: 3 0x80008dd0 (0x007f1b13) x22 0x00006d80
core   0: 0x80008dd4 (0x00125f33) srl     t5, tp, ra
core   0: 3 0x80008dd4 (0x00125f33) x30 0x0000009e
core   0: 0x80008dd8 (0xfb938323) sb      s9, -90(t2)
core   0: 3 0x80008dd8 (0xfb938323) mem 0x80015067 0x53
core   0: 0x80008ddc (0x003372b3) and     t0, t1, gp
core   0: 3 0x80008ddc (0x003372b3) x 5 0xff722400
core   0: 0x80008de0 (0x7293d083) lhu     ra, 1833(t2)
core   0: 3 0x80008de0 (0x7293d083) x 1 0x000065a1 mem 0x800157ea
core   0: 0x80008de4 (0x6ff7b293) sltiu   t0, a5, 1791
core   0: 3 0x80008de4 (0x6ff7b293) x 5 0x00000001
core   0: 0x80008de8 (0x41845313) srai    t1, s0, 24
core   0: 3 0x80008de8 (0x41845313) x 6 0x00000000
core   0: 0x80008dec (0x0873ae83) lw      t4, 135(t2)
core   0: 3 0x80008dec (0x0873ae83) x29 0xd0010203 mem 0x80015148
core   0: 0x80008df0 (0x52638003) lb      zero, 1318(t2)
core   0: 3 0x80008df0 (0x52638003) mem 0x800155e7
core   0: 0x80008df4 (0x4f03c803) lbu     a6, 1264(t2)
core   0: 3 0x80008df4 (0x4f03c803) x16 0x0000006a mem 0x800155b1
core   0: 0x80008df8 (0x22738423) sb      t2, 552(t2)
core   0: 3 0x80008df8 (0x22738423) mem 0x800152e9 0xc1
core   0: 0x80008dfc (0x44638623) sb      t1, 1100(t2)
core   0: 3 0x80008dfc (0x44638623) mem 0x8001550d 0x0
core   0: 0x80008e00 (0x22163513) sltiu   a0, a2, 545
core   0: 3 0x80008e00 (0x22163513) x10 0x00000000
core   0: 0x80008e04 (0x7e138623) sb      ra, 2028(t2)
core   0: 3 0x80008e04 (0x7e138623) mem 0x800158ad 0xa1
core   0: 0x80008e08 (0x00f5c633) xor     a2, a1, a5
core   0: 3 0x80008e08 (0x00f5c633) x12 0x0000aacf
core   0: 0x80008e0c (0x01591eb3) sll     t4, s2, s5
core   0: 3 0x80008e0c (0x01591eb3) x29 0x00000000
core   0: 0x80008e10 (0x015a8633) add     a2, s5, s5
core   0: 3 0x80008e10 (0x015a8633) x12 0x00000070
core   0: 0x80008e14 (0xa2a4ba93) sltiu   s5, s1, -1494
core   0: 3 0x80008e14 (0xa2a4ba93) x21 0x00000001
core   0: 0x80008e18 (0xc5662197) auipc   gp, 0xc5662
core   0: 3 0x80008e18 (0xc5662197) x 3 0x4566ae18
core   0: 0x80008e1c (0x2479eb13) ori     s6, s3, 583
core   0: 3 0x80008e1c (0x2479eb13) x22 0x8002ae67
core   0: 0x80008e20 (0x3223a7a3) sw      sp, 815(t2)
core   0: 3 0x80008e20 (0x3223a7a3) mem 0x800153f0 0x8002ece4
core   0: 0x80008e24 (0x62038e83) lb      t4, 1568(t2)
core   0: 3 0x80008e24 (0x62038e83) x29 0xffffff9a mem 0x800156e1
core   0: 0x80008e28 (0x01a52633) slt     a2, a0, s10
core   0: 3 0x80008e28 (0x01a52633) x12 0x00000001
core   0: 0x80008e2c (0x70e3cc03) lbu     s8, 1806(t2)
core   0: 3 0x80008e2c (0x70e3cc03) x24 0x00000084 mem 0x800157cf
core   0: 0x80008e30 (0x01046b33) or      s6, s0, a6
core   0: 3 0x80008e30 (0x01046b33) x22 0x0000007e
core   0: 0x80008e34 (0x0e274c17) auipc   s8, 0xe274
core   0: 3 0x80008e34 (0x0e274c17) x24 0x8e27ce34
core   0: 0x80008e38 (0x0b538923) sb      s5, 178(t2)
core   0: 3 0x80008e38 (0x0b538923) mem 0x80015173 0x1
core   0: 0x80008e3c (0x01262433) slt     s0, a2, s2
core   0: 3 0x80008e3c (0x01262433) x 8 0x00000001
core   0: 0x80008e40 (0x74a38303) lb      t1, 1866(t2)
core   0: 3 0x80008e40 (0x74a38303) x 6 0xffffffc0 mem 0x8001580b
core   0: 0x80008e44 (0x77e8ac93) slti    s9, a7, 1918
core   0: 3 0x80008e44 (0x77e8ac93) x25 0x00000001
core   0: 0x80008e48 (0x41555a33) sra     s4, a0, s5
core   0: 3 0x80008e48 (0x41555a33) x20 0x00000000
core   0: 0x80008e4c (0x00d100b3) add     ra, sp, a3
core   0: 3 0x80008e4c (0x00d100b3) x 1 0x0002ece4
core   0: 0x80008e50 (0x71b38203) lb      tp, 1819(t2)
core   0: 3 0x80008e50 (0x71b38203) x 4 0xffffff97 mem 0x800157dc
core   0: 0x80008e54 (0x0ff0000f) fence   iorw,iorw
core   0: 3 0x80008e54 (0x0ff0000f)
core   0: 0x80008e58 (0x414dd433) sra     s0, s11, s4
core   0: 3 0x80008e58 (0x414dd433) x 8 0xfffffe66
core   0: 0x80008e5c (0xd9860b93) addi    s7, a2, -616
core   0: 3 0x80008e5c (0xd9860b93) x23 0xfffffd99
core   0: 0x80008e60 (0x51138ea3) sb      a7, 1309(t2)
core   0: 3 0x80008e60 (0x51138ea3) mem 0x800155de 0x6
core   0: 0x80008e64 (0x0ff0000f) fence   iorw,iorw
core   0: 3 0x80008e64 (0x0ff0000f)
core   0: 0x80008e68 (0x015dab33) slt     s6, s11, s5
core   0: 3 0x80008e68 (0x015dab33) x22 0x00000001
core   0: 0x80008e6c (0xffd38283) lb      t0, -3(t2)
core   0: 3 0x80008e6c (0xffd38283) x 5 0x00000075 mem 0x800150be
core   0: 0x80008e70 (0x8e803613) sltiu   a2, zero, -1816
core   0: 3 0x80008e70 (0x8e803613) x12 0x00000001
core   0: 0x80008e74 (0x2fd39183) lh      gp, 765(t2)
core   0: 3 0x80008e74 (0x2fd39183) x 3 0x00007475 mem 0x800153be
core   0: 0x80008e78 (0x05238903) lb      s2, 82(t2)
core   0: 3 0x80008e78 (0x05238903) x18 0xffffffc8 mem 0x80015113
core   0: 0x80008e7c (0x24338c23) sb      gp, 600(t2)
core   0: 3 0x80008e7c (0x24338c23) mem 0x80015319 0x75
core   0: 0x80008e80 (0x0c538aa3) sb      t0, 213(t2)
core   0: 3 0x80008e80 (0x0c538aa3) mem 0x80015196 0x75
core   0: 0x80008e84 (0x00a69bb3) sll     s7, a3, a0
core   0: 3 0x80008e84 (0x00a69bb3) x23 0x80000000
core   0: 0x80008e88 (0x37438023) sb      s4, 864(t2)
core   0: 3 0x80008e88 (0x37438023) mem 0x80015421 0x0
core   0: 0x80008e8c (0x0000cd17) auipc   s10, 0xc
core   0: 3 0x80008e8c (0x0000cd17) x26 0x80014e8c
core   0: 0x80008e90 (0x228d0d13) addi    s10, s10, 552
core   0: 3 0x80008e90 (0x228d0d13) x26 0x800150b4
core   0: 0x80008e94 (0x1f5d2e23) sw      s5, 508(s10)
core   0: 3 0x80008e94 (0x1f5d2e23) mem 0x800152b0 0x00000001
core   0: 0x80008e98 (0x00b89513) slli    a0, a7, 11
core   0: 3 0x80008e98 (0x00b89513) x10 0x0ce03000
core   0: 0x80008e9c (0x601d0e83) lb      t4, 1537(s10)
core   0: 3 0x80008e9c (0x601d0e83) x29 0x0000006e mem 0x800156b5
core   0: 0x80008ea0 (0x601d4e03) lbu     t3, 1537(s10)
core   0: 3 0x80008ea0 (0x601d4e03) x28 0x0000006e mem 0x800156b5
core   0: 0x80008ea4 (0x3d1c0f93) addi    t6, s8, 977
core   0: 3 0x80008ea4 (0x3d1c0f93) x31 0x8e27d205
core   0: 0x80008ea8 (0x486d1503) lh      a0, 1158(s10)
core   0: 3 0x80008ea8 (0x486d1503) x10 0xfffff0f1 mem 0x8001553a
core   0: 0x80008eac (0x06ad4783) lbu     a5, 106(s10)
core   0: 3 0x80008eac (0x06ad4783) x15 0x000000d5 mem 0x8001511e
core   0: 0x80008eb0 (0x00759193) slli    gp, a1, 7
core   0: 3 0x80008eb0 (0x00759193) x 3 0x00555580
core   0: 0x80008eb4 (0x102d5d83) lhu     s11, 258(s10)
core   0: 3 0x80008eb4 (0x102d5d83) x27 0x00006cb1 mem 0x800151b6
core   0: 0x80008eb8 (0x6c3d0283) lb      t0, 1731(s10)
core   0: 3 0x80008eb8 (0x6c3d0283) x 5 0x0000002c mem 0x80015777
core   0: 0x80008ebc (0x0ddd04a3) sb      t4, 201(s10)
core   0: 3 0x80008ebc (0x0ddd04a3) mem 0x8001517d 0x6e
core   0: 0x80008ec0 (0x41e5d633) sra     a2, a1, t5
core   0: 3 0x80008ec0 (0x41e5d633) x12 0x00000000
core   0: 0x80008ec4 (0x0c9d0e83) lb      t4, 201(s10)
core   0: 3 0x80008ec4 (0x0c9d0e83) x29 0x0000006e mem 0x8001517d
core   0: 0x80008ec8 (0x552d0ca3) sb      s2, 1369(s10)
core   0: 3 0x80008ec8 (0x552d0ca3) mem 0x8001560d 0xc8
core   0: 0x80008ecc (0x0000d717) auipc   a4, 0xd
core   0: 3 0x80008ecc (0x0000d717) x14 0x80015ecc
core   0: 0x80008ed0 (0xa6f70713) addi    a4, a4, -1425
core   0: 3 0x80008ed0 (0xa6f70713) x14 0x8001593b
core   0: 0x80008ed4 (0x46440193) addi    gp, s0, 1124
core   0: 3 0x80008ed4 (0x46440193) x 3 0x000002ca
core   0: 0x80008ed8 (0x4fd2e893) ori     a7, t0, 1277
core   0: 3 0x80008ed8 (0x4fd2e893) x17 0x000004fd
core   0: 0x80008edc (0x0041e933) or      s2, gp, tp
core   0: 3 0x80008edc (0x0041e933) x18 0xffffffdf
core   0: 0x80008ee0 (0x5deac093) xori    ra, s5, 1502
core   0: 3 0x80008ee0 (0x5deac093) x 1 0x000005df
core   0: 0x80008ee4 (0x017475b3) and     a1, s0, s7
core   0: 3 0x80008ee4 (0x017475b3) x11 0x80000000
core   0: 0x80008ee8 (0x0000100f) fence.i
core   0: 3 0x80008ee8 (0x0000100f)
core   0: 0x80008eec (0x82175d03) lhu     s10, -2015(a4)
core   0: 3 0x80008eec (0x82175d03) x26 0x00001617 mem 0x8001515c
core   0: 0x80008ef0 (0x00592cb3) slt     s9, s2, t0
core   0: 3 0x80008ef0 (0x00592cb3) x25 0x00000001
core   0: 0x80008ef4 (0x00ff9313) slli    t1, t6, 15
core   0: 3 0x80008ef4 (0x00ff9313) x 6 0xe9028000
core   0: 0x80008ef8 (0x44114497) auipc   s1, 0x44114
core   0: 3 0x80008ef8 (0x44114497) x 9 0xc411cef8
core   0: 0x80008efc (0x40065e13) srai    t3, a2, 0
core   0: 3 0x80008efc (0x40065e13) x28 0x00000000
core   0: 0x80008f00 (0x00feca33) xor     s4, t4, a5
core   0: 3 0x80008f00 (0x00feca33) x20 0x000000bb
core   0: 0x80008f04 (0x00e650b3) srl     ra, a2, a4
core   0: 3 0x80008f04 (0x00e650b3) x 1 0x00000000
core   0: 0x80008f08 (0x0151e5b3) or      a1, gp, s5
core   0: 3 0x80008f08 (0x0151e5b3) x11 0x000002cb
core   0: 0x80008f0c (0x0000100f) fence.i
core   0: 3 0x80008f0c (0x0000100f)
core   0: 0x80008f10 (0xe8371b83) lh      s7, -381(a4)
core   0: 3 0x80008f10 (0xe8371b83) x23 0x00007475 mem 0x800157be
core   0: 0x80008f14 (0x9db74283) lbu     t0, -1573(a4)
core   0: 3 0x80008f14 (0x9db74283) x 5 0x000000cd mem 0x80015316
core   0: 0x80008f18 (0xa1975e83) lhu     t4, -1511(a4)
core   0: 3 0x80008f18 (0xa1975e83) x29 0x00000e0f mem 0x80015354
core   0: 0x80008f1c (0x40358ab3) sub     s5, a1, gp
core   0: 3 0x80008f1c (0x40358ab3) x21 0x00000001
core   0: 0x80008f20 (0x41775f93) srai    t6, a4, 23
core   0: 3 0x80008f20 (0x41775f93) x31 0xffffff00
core   0: 0x80008f24 (0x01b49f93) slli    t6, s1, 27
core   0: 3 0x80008f24 (0x01b49f93) x31 0xc0000000
core   0: 0x80008f28 (0xb8b97813) andi    a6, s2, -1141
core   0: 3 0x80008f28 (0xb8b97813) x16 0xfffffb8b
core   0: 0x80008f2c (0xa162fb13) andi    s6, t0, -1514
core   0: 3 0x80008f2c (0xa162fb13) x22 0x00000004
core   0: 0x80008f30 (0xfaf75503) lhu     a0, -81(a4)
core   0: 3 0x80008f30 (0xfaf75503) x10 0x0000a0a1 mem 0x800158ea
core   0: 0x80008f34 (0x86074803) lbu     a6, -1952(a4)
core   0: 3 0x80008f34 (0x86074803) x16 0x00000050 mem 0x8001519b
core   0: 0x80008f38 (0x01cf7b33) and     s6, t5, t3
core   0: 3 0x80008f38 (0x01cf7b33) x22 0x00000000
core   0: 0x80008f3c (0x22d70023) sb      a3, 544(a4)
core   0: 3 0x80008f3c (0x22d70023) mem 0x80015b5b 0x0
core   0: 0x80008f40 (0x0028d7b3) srl     a5, a7, sp
core   0: 3 0x80008f40 (0x0028d7b3) x15 0x0000004f
core   0: 0x80008f44 (0xb289ca13) xori    s4, s3, -1240
core   0: 3 0x80008f44 (0xb289ca13) x20 0x7ffd554c
core   0: 0x80008f48 (0xc398d497) auipc   s1, 0xc398d
core   0: 3 0x80008f48 (0xc398d497) x 9 0x43995f48
core   0: 0x80008f4c (0x33b7b013) sltiu   zero, a5, 827
core   0: 3 0x80008f4c (0x33b7b013)
core   0: 0x80008f50 (0x00fb5013) srli    zero, s6, 15
core   0: 3 0x80008f50 (0x00fb5013)
core   0: 0x80008f54 (0x00061f33) sll     t5, a2, zero
core   0: 3 0x80008f54 (0x00061f33) x30 0x00000000
core   0: 0x80008f58 (0xafd71ba3) sh      t4, -1289(a4)
core   0: 3 0x80008f58 (0xafd71ba3) mem 0x80015432 0x0e0f
core   0: 0x80008f5c (0x4d971e83) lh      t4, 1241(a4)
core   0: 3 0x80008f5c (0x4d971e83) x29 0xffffcecf mem 0x80015e14
core   0: 0x80008f60 (0x24fbafb7) lui     t6, 0x24fba
core   0: 3 0x80008f60 (0x24fbafb7) x31 0x24fba000
core   0: 0x80008f64 (0x00b71c33) sll     s8, a4, a1
core   0: 3 0x80008f64 (0x00b71c33) x24 0x0ac9d800
core   0: 0x80008f68 (0x2a371583) lh      a1, 675(a4)
core   0: 3 0x80008f68 (0x2a371583) x11 0x00000000 mem 0x80015bde
core   0: 0x80008f6c (0xd4074a03) lbu     s4, -704(a4)
core   0: 3 0x80008f6c (0xd4074a03) x20 0x00000030 mem 0x8001567b
core   0: 0x80008f70 (0xa7d71303) lh      t1, -1411(a4)
core   0: 3 0x80008f70 (0xa7d71303) x 6 0x00007273 mem 0x800153b8
core   0: 0x80008f74 (0x0f770323) sb      s7, 230(a4)
core   0: 3 0x80008f74 (0x0f770323) mem 0x80015a21 0x75
core   0: 0x80008f78 (0x00016c97) auipc   s9, 0x16
core   0: 3 0x80008f78 (0x00016c97) x25 0x8001ef78
core   0: 0x80008f7c (0x74bc8c93) addi    s9, s9, 1867
core   0: 3 0x80008f7c (0x74bc8c93) x25 0x8001f6c3
core   0: 0x80008f80 (0xaaac8283) lb      t0, -1366(s9)
core   0: 3 0x80008f80 (0xaaac8283) x 5 0x00000026 mem 0x8001f16d
core   0: 0x80008f84 (0xaaacc483) lbu     s1, -1366(s9)
core   0: 3 0x80008f84 (0xaaacc483) x 9 0x00000026 mem 0x8001f16d
core   0: 0x80008f88 (0x0000100f) fence.i
core   0: 3 0x80008f88 (0x0000100f)
core   0: 0x80008f8c (0xaaacc883) lbu     a7, -1366(s9)
core   0: 3 0x80008f8c (0xaaacc883) x17 0x00000026 mem 0x8001f16d
core   0: 0x80008f90 (0x0eec8503) lb      a0, 238(s9)
core   0: 3 0x80008f90 (0x0eec8503) x10 0x0000006a mem 0x8001f7b1
core   0: 0x80008f94 (0x00233b33) sltu    s6, t1, sp
core   0: 3 0x80008f94 (0x00233b33) x22 0x00000001
core   0: 0x80008f98 (0x015cac03) lw      s8, 21(s9)
core   0: 3 0x80008f98 (0x015cac03) x24 0x90919293 mem 0x8001f6d8
core   0: 0x80008f9c (0x015c9183) lh      gp, 21(s9)
core   0: 3 0x80008f9c (0x015c9183) x 3 0xffff9293 mem 0x8001f6d8
core   0: 0x80008fa0 (0x015cac03) lw      s8, 21(s9)
core   0: 3 0x80008fa0 (0x015cac03) x24 0x90919293 mem 0x8001f6d8
core   0: 0x80008fa4 (0x2f8c8a83) lb      s5, 760(s9)
core   0: 3 0x80008fa4 (0x2f8c8a83) x21 0x00000070 mem 0x8001f9bb
core   0: 0x80008fa8 (0xc91cae17) auipc   t3, 0xc91ca
core   0: 3 0x80008fa8 (0xc91cae17) x28 0x491d2fa8
core   0: 0x80008fac (0x40da5fb3) sra     t6, s4, a3
core   0: 3 0x80008fac (0x40da5fb3) x31 0x00000030
core   0: 0x80008fb0 (0x2fec8c23) sb      t5, 760(s9)
core   0: 3 0x80008fb0 (0x2fec8c23) mem 0x8001f9bb 0x0
core   0: 0x80008fb4 (0xe1dcab83) lw      s7, -483(s9)
core   0: 3 0x80008fb4 (0xe1dcab83) x23 0x98999a9b mem 0x8001f4e0
core   0: 0x80008fb8 (0xe0ec9ea3) sh      a4, -483(s9)
core   0: 3 0x80008fb8 (0xe0ec9ea3) mem 0x8001f4e0 0x593b
core   0: 0x80008fbc (0x00000013) nop
core   0: 3 0x80008fbc (0x00000013)
core   0: 0x80008fc0 (0x7cac8a23) sb      a0, 2004(s9)
core   0: 3 0x80008fc0 (0x7cac8a23) mem 0x8001fe97 0x6a
core   0: 0x80008fc4 (0x014f0b33) add     s6, t5, s4
core   0: 3 0x80008fc4 (0x014f0b33) x22 0x00000030
core   0: 0x80008fc8 (0x7d4c8d83) lb      s11, 2004(s9)
core   0: 3 0x80008fc8 (0x7d4c8d83) x27 0x0000006a mem 0x8001fe97
core   0: 0x80008fcc (0x0000c897) auipc   a7, 0xc
core   0: 3 0x80008fcc (0x0000c897) x17 0x80014fcc
core   0: 0x80008fd0 (0x46d88893) addi    a7, a7, 1133
core   0: 3 0x80008fd0 (0x46d88893) x17 0x80015439
core   0: 0x80008fd4 (0x7b2c2937) lui     s2, 0x7b2c2
core   0: 3 0x80008fd4 (0x7b2c2937) x18 0x7b2c2000
core   0: 0x80008fd8 (0x40b35ab3) sra     s5, t1, a1
core   0: 3 0x80008fd8 (0x40b35ab3) x21 0x00007273
core   0: 0x80008fdc (0x72488483) lb      s1, 1828(a7)
core   0: 3 0x80008fdc (0x72488483) x 9 0x00000016 mem 0x80015b5d
core   0: 0x80008fe0 (0xd178aa03) lw      s4, -745(a7)
core   0: 3 0x80008fe0 (0xd178aa03) x20 0x08090a0b mem 0x80015150
core   0: 0x80008fe4 (0x0042b633) sltu    a2, t0, tp
core   0: 3 0x80008fe4 (0x0042b633) x12 0x00000001
core   0: 0x80008fe8 (0x00b1b733) sltu    a4, gp, a1
core   0: 3 0x80008fe8 (0x00b1b733) x14 0x00000000
core   0: 0x80008fec (0x4d5d4f13) xori    t5, s10, 1237
core   0: 3 0x80008fec (0x4d5d4f13) x30 0x000012c2
core   0: 0x80008ff0 (0x6522bc13) sltiu   s8, t0, 1618
core   0: 3 0x80008ff0 (0x6522bc13) x24 0x00000001
core   0: 0x80008ff4 (0x58e60597) auipc   a1, 0x58e60
core   0: 3 0x80008ff4 (0x58e60597) x11 0xd8e68ff4
core   0: 0x80008ff8 (0x0ff0000f) fence   iorw,iorw
core   0: 3 0x80008ff8 (0x0ff0000f)
core   0: 0x80008ffc (0xecf8a503) lw      a0, -305(a7)
core   0: 3 0x80008ffc (0xecf8a503) x10 0xc0c1aae0 mem 0x80015308
core   0: 0x80009000 (0x9ddcf3b7) lui     t2, 0x9ddcf
core   0: 3 0x80009000 (0x9ddcf3b7) x 7 0x9ddcf000
core   0: 0x80009004 (0xe8988a83) lb      s5, -375(a7)
core   0: 3 0x80009004 (0xe8988a83) x21 0x00000079 mem 0x800152c2
core   0: 0x80009008 (0x41785a33) sra     s4, a6, s7
core   0: 3 0x80009008 (0x41785a33) x20 0x00000000
core   0: 0x8000900c (0x6c688da3) sb      t1, 1755(a7)
core   0: 3 0x8000900c (0x6c688da3) mem 0x80015b14 0x73
core   0: 0x80009010 (0xe3b88623) sb      s11, -468(a7)
core   0: 3 0x80009010 (0xe3b88623) mem 0x80015265 0x6a
core   0: 0x80009014 (0x72a88523) sb      a0, 1834(a7)
core   0: 3 0x80009014 (0x72a88523) mem 0x80015b63 0xe0
core   0: 0x80009018 (0xe1838bb7) lui     s7, 0xe1838
core   0: 3 0x80009018 (0xe1838bb7) x23 0xe1838000
core   0: 0x8000901c (0x0189a533) slt     a0, s3, s8
core   0: 3 0x8000901c (0x0189a533) x10 0x00000001
core   0: 0x80009020 (0x0000100f) fence.i
core   0: 3 0x80009020 (0x0000100f)
core   0: 0x80009024 (0x00000013) nop
core   0: 3 0x80009024 (0x00000013)
core   0: 0x80009028 (0xcc342393) slti    t2, s0, -829
core   0: 3 0x80009028 (0xcc342393) x 7 0x00000000
core   0: 0x8000902c (0x00000013) nop
core   0: 3 0x8000902c (0x00000013)
core   0: 0x80009030 (0x1b75e413) ori     s0, a1, 439
core   0: 3 0x80009030 (0x1b75e413) x 8 0xd8e68ff7
core   0: 0x80009034 (0xd9b8ca83) lbu     s5, -613(a7)
core   0: 3 0x80009034 (0xd9b8ca83) x21 0x0000008f mem 0x800151d4
core   0: 0x80009038 (0x43288e03) lb      t3, 1074(a7)
core   0: 3 0x80009038 (0x43288e03) x28 0x00000020 mem 0x8001586b
core   0: 0x8000903c (0xb591cb13) xori    s6, gp, -1191
core   0: 3 0x8000903c (0xb591cb13) x22 0x000069ca
core   0: 0x80009040 (0x1bc88403) lb      s0, 444(a7)
core   0: 3 0x80009040 (0x1bc88403) x 8 0xffffffae mem 0x800155f5
core   0: 0x80009044 (0x0de8c783) lbu     a5, 222(a7)
core   0: 3 0x80009044 (0x0de8c783) x15 0x000000cc mem 0x80015517
core   0: 0x80009048 (0xc7988b23) sb      s9, -906(a7)
core   0: 3 0x80009048 (0xc7988b23) mem 0x800150af 0xc3
core   0: 0x8000904c (0xd7b8a1a3) sw      s11, -669(a7)
core   0: 3 0x8000904c (0xd7b8a1a3) mem 0x8001519c 0x0000006a
core   0: 0x80009050 (0x6bc88383) lb      t2, 1724(a7)
core   0: 3 0x80009050 (0x6bc88383) x 7 0xffffffae mem 0x80015af5
core   0: 0x80009054 (0x0000d897) auipc   a7, 0xd
core   0: 3 0x80009054 (0x0000d897) x17 0x80016054
core   0: 0x80009058 (0xa2388893) addi    a7, a7, -1501
core   0: 3 0x80009058 (0xa2388893) x17 0x80015a77
core   0: 0x8000905c (0x0001a517) auipc   a0, 0x1a
core   0: 3 0x8000905c (0x0001a517) x10 0x8002305c
core   0: 0x80009060 (0xbfe50513) addi    a0, a0, -1026
core   0: 3 0x80009060 (0xbfe50513) x10 0x80022c5a
core   0: 0x80009064 (0x01450523) sb      s4, 10(a0)
core   0: 3 0x80009064 (0x01450523) mem 0x80022c64 0x0
core   0: 0x80009068 (0x00754803) lbu     a6, 7(a0)
core   0: 3 0x80009068 (0x00754803) x16 0x0000001a mem 0x80022c61
core   0: 0x8000906c (0xfc988323) sb      s1, -58(a7)
core   0: 3 0x8000906c (0xfc988323) mem 0x80015a3d 0x16
core   0: 0x80009070 (0x01051f03) lh      t5, 16(a0)
core   0: 3 0x80009070 (0x01051f03) x30 0x00002021 mem 0x80022c6a
core   0: 0x80009074 (0x00055e03) lhu     t3, 0(a0)
core   0: 3 0x80009074 (0x00055e03) x28 0x00001011 mem 0x80022c5a
core   0: 0x80009078 (0xff554c03) lbu     s8, -11(a0)
core   0: 3 0x80009078 (0xff554c03) x24 0x00000004 mem 0x80022c4f
core   0: 0x8000907c (0x0108c583) lbu     a1, 16(a7)
core   0: 3 0x8000907c (0x0108c583) x11 0x00000000 mem 0x80015a87
core   0: 0x80009080 (0xfd088a83) lb      s5, -48(a7)
core   0: 3 0x80009080 (0xfd088a83) x21 0xfffffffc mem 0x80015a47
core   0: 0x80009084 (0x00a51f03) lh      t5, 10(a0)
core   0: 3 0x80009084 (0x00a51f03) x30 0x00001e00 mem 0x80022c64
core   0: 0x80009088 (0xff588003) lb      zero, -11(a7)
core   0: 3 0x80009088 (0xff588003) mem 0x80015a6c
core   0: 0x8000908c (0xfd58d383) lhu     t2, -43(a7)
core   0: 3 0x8000908c (0xfd58d383) x 7 0x00000607 mem 0x80015a4c
core   0: 0x80009090 (0x00954303) lbu     t1, 9(a0)
core   0: 3 0x80009090 (0x00954303) x 6 0x00000018 mem 0x80022c63
core   0: 0x80009094 (0xffc8cd83) lbu     s11, -4(a7)
core   0: 3 0x80009094 (0xffc8cd83) x27 0x00000028 mem 0x80015a73
core   0: 0x80009098 (0x0268cb03) lbu     s6, 38(a7)
core   0: 3 0x80009098 (0x0268cb03) x22 0x000000e6 mem 0x80015a9d
core   0: 0x8000909c (0xff68c803) lbu     a6, -10(a7)
core   0: 3 0x8000909c (0xff68c803) x16 0x00000026 mem 0x80015a6d
core   0: 0x800090a0 (0xff050083) lb      ra, -16(a0)
core   0: 3 0x800090a0 (0xff050083) x 1 0x00000001 mem 0x80022c4a
core   0: 0x800090a4 (0x0338c083) lbu     ra, 51(a7)
core   0: 3 0x800090a4 (0x0338c083) x 1 0x00000000 mem 0x80015aaa
core   0: 0x800090a8 (0x0018aca3) sw      ra, 25(a7)
core   0: 3 0x800090a8 (0x0018aca3) mem 0x80015a90 0x00000000
core   0: 0x800090ac (0x01051a03) lh      s4, 16(a0)
core   0: 3 0x800090ac (0x01051a03) x20 0x00002021 mem 0x80022c6a
core   0: 0x800090b0 (0x0000cf97) auipc   t6, 0xc
core   0: 3 0x800090b0 (0x0000cf97) x31 0x800150b0
core   0: 0x800090b4 (0x32ef8f93) addi    t6, t6, 814
core   0: 3 0x800090b4 (0x32ef8f93) x31 0x800153de
core   0: 0x800090b8 (0x5c1fcb83) lbu     s7, 1473(t6)
core   0: 3 0x800090b8 (0x5c1fcb83) x23 0x00000000 mem 0x8001599f
core   0: 0x800090bc (0xc4bb7d37) lui     s10, 0xc4bb7
core   0: 3 0x800090bc (0xc4bb7d37) x26 0xc4bb7000
core   0: 0x800090c0 (0xfc2f8623) sb      sp, -52(t6)
core   0: 3 0x800090c0 (0xfc2f8623) mem 0x800153aa 0xe4
core   0: 0x800090c4 (0x048e4513) xori    a0, t3, 72
core   0: 3 0x800090c4 (0x048e4513) x10 0x00001059
core   0: 0x800090c8 (0x21dfc703) lbu     a4, 541(t6)
core   0: 3 0x800090c8 (0x21dfc703) x14 0x000000b0 mem 0x800155fb
core   0: 0x800090cc (0x6def9e23) sh      t5, 1756(t6)
core   0: 3 0x800090cc (0x6def9e23) mem 0x80015aba 0x1e00
core   0: 0x800090d0 (0x35240413) addi    s0, s0, 850
core   0: 3 0x800090d0 (0x35240413) x 8 0x00000300
core   0: 0x800090d4 (0x2d2f8aa3) sb      s2, 725(t6)
core   0: 3 0x800090d4 (0x2d2f8aa3) mem 0x800156b3 0x0
core   0: 0x800090d8 (0x650fda83) lhu     s5, 1616(t6)
core   0: 3 0x800090d8 (0x650fda83) x21 0x0000e4e5 mem 0x80015a2e
core   0: 0x800090dc (0x1a3ec393) xori    t2, t4, 419
core   0: 3 0x800090dc (0x1a3ec393) x 7 0xffffcf6c
core   0: 0x800090e0 (0xc31e0893) addi    a7, t3, -975
core   0: 3 0x800090e0 (0xc31e0893) x17 0x00000c42
core   0: 0x800090e4 (0x6caf8da3) sb      a0, 1755(t6)
core   0: 3 0x800090e4 (0x6caf8da3) mem 0x80015ab9 0x59
core   0: 0x800090e8 (0x0d892013) slti    zero, s2, 216
core   0: 3 0x800090e8 (0x0d892013)
core   0: 0x800090ec (0xe71f8183) lb      gp, -399(t6)
core   0: 3 0x800090ec (0xe71f8183) x 3 0x00000000 mem 0x8001524f
core   0: 0x800090f0 (0x43ff8903) lb      s2, 1087(t6)
core   0: 3 0x800090f0 (0x43ff8903) x18 0xffffffd6 mem 0x8001581d
core   0: 0x800090f4 (0x146fdc83) lhu     s9, 326(t6)
core   0: 3 0x800090f4 (0x146fdc83) x25 0x0000dedf mem 0x80015524
core   0: 0x800090f8 (0x00f0ef33) or      t5, ra, a5
core   0: 3 0x800090f8 (0x00f0ef33) x30 0x000000cc
core   0: 0x800090fc (0xde1f8003) lb      zero, -543(t6)
core   0: 3 0x800090fc (0xde1f8003) mem 0x800151bf
core   0: 0x80009100 (0x201fc303) lbu     t1, 513(t6)
core   0: 3 0x80009100 (0x201fc303) x 6 0x00000094 mem 0x800155df
core   0: 0x80009104 (0x248fc403) lbu     s0, 584(t6)
core   0: 3 0x80009104 (0x248fc403) x 8 0x000000dd mem 0x80015626
core   0: 0x80009108 (0x3ccf86a3) sb      a2, 973(t6)
core   0: 3 0x80009108 (0x3ccf86a3) mem 0x800157ab 0x1
core   0: 0x8000910c (0xd6cf8003) lb      zero, -660(t6)
core   0: 3 0x8000910c (0xd6cf8003) mem 0x8001514a
core   0: 0x80009110 (0x00000013) nop
core   0: 3 0x80009110 (0x00000013)
core   0: 0x80009114 (0xf96ca717) auipc   a4, 0xf96ca
core   0: 3 0x80009114 (0xf96ca717) x14 0x796d3114
core   0: 0x80009118 (0x7caf88a3) sb      a0, 2001(t6)
core   0: 3 0x80009118 (0x7caf88a3) mem 0x80015baf 0x59
core   0: 0x8000911c (0x1cff8a83) lb      s5, 463(t6)
core   0: 3 0x8000911c (0x1cff8a83) x21 0x00000066 mem 0x800155ad
core   0: 0x80009120 (0x729b4513) xori    a0, s6, 1833
core   0: 3 0x80009120 (0x729b4513) x10 0x000007cf
core   0: 0x80009124 (0x00815713) srli    a4, sp, 8
core   0: 3 0x80009124 (0x00815713) x14 0x008002ec
core   0: 0x80009128 (0x01a7ef33) or      t5, a5, s10
core   0: 3 0x80009128 (0x01a7ef33) x30 0xc4bb70cc
core   0: 0x8000912c (0xd9ff87a3) sb      t6, -625(t6)
core   0: 3 0x8000912c (0xd9ff87a3) mem 0x8001516d 0xde
core   0: 0x80009130 (0x6b16a513) slti    a0, a3, 1713
core   0: 3 0x80009130 (0x6b16a513) x10 0x00000001
core   0: 0x80009134 (0x302f9283) lh      t0, 770(t6)
core   0: 3 0x80009134 (0x302f9283) x 5 0xffff9a9b mem 0x800156e0
core   0: 0x80009138 (0x00000013) nop
core   0: 3 0x80009138 (0x00000013)
core   0: 0x8000913c (0x60af9523) sh      a0, 1546(t6)
core   0: 3 0x8000913c (0x60af9523) mem 0x800159e8 0x0001
core   0: 0x80009140 (0xc8b06793) ori     a5, zero, -885
core   0: 3 0x80009140 (0xc8b06793) x15 0xfffffc8b
core   0: 0x80009144 (0x0067a8b3) slt     a7, a5, t1
core   0: 3 0x80009144 (0x0067a8b3) x17 0x00000001
core   0: 0x80009148 (0x005bceb3) xor     t4, s7, t0
core   0: 3 0x80009148 (0x005bceb3) x29 0xffff9a9b
core   0: 0x8000914c (0xcb6f8723) sb      s6, -850(t6)
core   0: 3 0x8000914c (0xcb6f8723) mem 0x8001508c 0xe6
core   0: 0x80009150 (0x007517b3) sll     a5, a0, t2
core   0: 3 0x80009150 (0x007517b3) x15 0x00001000
core   0: 0x80009154 (0x00945833) srl     a6, s0, s1
core   0: 3 0x80009154 (0x00945833) x16 0x00000000
core   0: 0x80009158 (0x000d71b3) and     gp, s10, zero
core   0: 3 0x80009158 (0x000d71b3) x 3 0x00000000
core   0: 0x8000915c (0xc04421b7) lui     gp, 0xc0442
core   0: 3 0x8000915c (0xc04421b7) x 3 0xc0442000
core   0: 0x80009160 (0xef5f8383) lb      t2, -267(t6)
core   0: 3 0x80009160 (0xef5f8383) x 7 0xffffff88 mem 0x800152d3
core   0: 0x80009164 (0x63b70797) auipc   a5, 0x63b70
core   0: 3 0x80009164 (0x63b70797) x15 0xe3b79164
core   0: 0x80009168 (0x186f8383) lb      t2, 390(t6)
core   0: 3 0x80009168 (0x186f8383) x 7 0x0000001f mem 0x80015564
core   0: 0x8000916c (0x0000100f) fence.i
core   0: 3 0x8000916c (0x0000100f)
core   0: 0x80009170 (0x6d2f8523) sb      s2, 1738(t6)
core   0: 3 0x80009170 (0x6d2f8523) mem 0x80015aa8 0xd6
core   0: 0x80009174 (0xe6ffaf23) sw      a5, -386(t6)
core   0: 3 0x80009174 (0xe6ffaf23) mem 0x8001525c 0xe3b79164
core   0: 0x80009178 (0xdb8fdb83) lhu     s7, -584(t6)
core   0: 3 0x80009178 (0xdb8fdb83) x23 0x0000b475 mem 0x80015196
core   0: 0x8000917c (0x00017297) auipc   t0, 0x17
core   0: 3 0x8000917c (0x00017297) x 5 0x8002017c
core   0: 0x80009180 (0xa8128293) addi    t0, t0, -1407
core   0: 3 0x80009180 (0xa8128293) x 5 0x8001fbfd
core   0: 0x80009184 (0x00000013) nop
core   0: 3 0x80009184 (0x00000013)
core   0: 0x80009188 (0x40428d33) sub     s10, t0, tp
core   0: 3 0x80009188 (0x40428d33) x26 0x8001fc66
core   0: 0x8000918c (0x8a50c913) xori    s2, ra, -1883
core   0: 3 0x8000918c (0x8a50c913) x18 0xfffff8a5
core   0: 0x80009190 (0x01a811b3) sll     gp, a6, s10
core   0: 3 0x80009190 (0x01a811b3) x 3 0x00000000
core   0: 0x80009194 (0x01b11313) slli    t1, sp, 27
core   0: 3 0x80009194 (0x01b11313) x 6 0x20000000
core   0: 0x80009198 (0x00db4833) xor     a6, s6, a3
core   0: 3 0x80009198 (0x00db4833) x16 0x800000e6
core   0: 0x8000919c (0xffb28a03) lb      s4, -5(t0)
core   0: 3 0x8000919c (0xffb28a03) x20 0xffffffb3 mem 0x8001fbf8
core   0: 0x800091a0 (0x410ca893) slti    a7, s9, 1040
core   0: 3 0x800091a0 (0x410ca893) x17 0x00000000
core   0: 0x800091a4 (0x0042cf03) lbu     t5, 4(t0)
core   0: 3 0x800091a4 (0x0042cf03) x30 0x000000ba mem 0x8001fc01
core   0: 0x800091a8 (0x00f2ad83) lw      s11, 15(t0)
core   0: 3 0x800091a8 (0x00f2ad83) x27 0xc4c5c6c7 mem 0x8001fc0c
core   0: 0x800091ac (0x4bb7d097) auipc   ra, 0x4bb7d
core   0: 3 0x800091ac (0x4bb7d097) x 1 0xcbb861ac
core   0: 0x800091b0 (0x012f9493) slli    s1, t6, 18
core   0: 3 0x800091b0 (0x012f9493) x 9 0x4f780000
core   0: 0x800091b4 (0x0ff0000f) fence   iorw,iorw
core   0: 3 0x800091b4 (0x0ff0000f)
core   0: 0x800091b8 (0xde5fc213) xori    tp, t6, -539
core   0: 3 0x800091b8 (0xde5fc213) x 4 0x7ffeae3b
core   0: 0x800091bc (0x0032c383) lbu     t2, 3(t0)
core   0: 3 0x800091bc (0x0032c383) x 7 0x000000bb mem 0x8001fc00
core   0: 0x800091c0 (0x00000013) nop
core   0: 3 0x800091c0 (0x00000013)
core   0: 0x800091c4 (0x01d3d313) srli    t1, t2, 29
core   0: 3 0x800091c4 (0x01d3d313) x 6 0x00000000
core   0: 0x800091c8 (0x0000100f) fence.i
core   0: 3 0x800091c8 (0x0000100f)
core   0: 0x800091cc (0x00c295a3) sh      a2, 11(t0)
core   0: 3 0x800091cc (0x00c295a3) mem 0x8001fc08 0x0001
core   0: 0x800091d0 (0xdc6c1437) lui     s0, 0xdc6c1
core   0: 3 0x800091d0 (0xdc6c1437) x 8 0xdc6c1000
core   0: 0x800091d4 (0xff128d23) sb      a7, -6(t0)
core   0: 3 0x800091d4 (0xff128d23) mem 0x8001fbf7 0x0
core   0: 0x800091d8 (0xbca01d97) auipc   s11, 0xbca01
core   0: 3 0x800091d8 (0xbca01d97) x27 0x3ca0a1d8
core   0: 0x800091dc (0x41dd5c93) srai    s9, s10, 29
core   0: 3 0x800091dc (0x41dd5c93) x25 0xfffffffc
core   0: 0x800091e0 (0x00ef1c93) slli    s9, t5, 14
core   0: 3 0x800091e0 (0x00ef1c93) x25 0x002e8000
core   0: 0x800091e4 (0x01b28023) sb      s11, 0(t0)
core   0: 3 0x800091e4 (0x01b28023) mem 0x8001fbfd 0xd8
core   0: 0x800091e8 (0xffb2ae83) lw      t4, -5(t0)
core   0: 3 0x800091e8 (0xffb2ae83) x29 0xb0b1b2b3 mem 0x8001fbf8
core   0: 0x800091ec (0xff62ce83) lbu     t4, -10(t0)
core   0: 3 0x800091ec (0xff62ce83) x29 0x000000a8 mem 0x8001fbf3
core   0: 0x800091f0 (0xff929b83) lh      s7, -7(t0)
core   0: 3 0x800091f0 (0xff929b83) x23 0x000000ad mem 0x8001fbf6
core   0: 0x800091f4 (0x00f28123) sb      a5, 2(t0)
core   0: 3 0x800091f4 (0x00f28123) mem 0x8001fbff 0x64
core   0: 0x800091f8 (0xffe2cf83) lbu     t6, -2(t0)
core   0: 3 0x800091f8 (0xffe2cf83) x31 0x000000b0 mem 0x8001fbfb
core   0: 0x800091fc (0x0000100f) fence.i
core   0: 3 0x800091fc (0x0000100f)
core   0: 0x80009200 (0xff32de83) lhu     t4, -13(t0)
core   0: 3 0x80009200 (0xff32de83) x29 0x0000aaab mem 0x8001fbf0
core   0: 0x80009204 (0x0022c303) lbu     t1, 2(t0)
core   0: 3 0x80009204 (0x0022c303) x 6 0x00000064 mem 0x8001fbff
core   0: 0x80009208 (0xfff29e83) lh      t4, -1(t0)
core   0: 3 0x80009208 (0xfff29e83) x29 0xffffd8b7 mem 0x8001fbfc
core   0: 0x8000920c (0x002e8a33) add     s4, t4, sp
core   0: 3 0x8000920c (0x002e8a33) x20 0x8002c59b
core   0: 0x80009210 (0xff028503) lb      a0, -16(t0)
core   0: 3 0x80009210 (0xff028503) x10 0xffffffa6 mem 0x8001fbed
core   0: 0x80009214 (0x0001bf17) auipc   t5, 0x1b
core   0: 3 0x80009214 (0x0001bf17) x30 0x80024214
core   0: 0x80009218 (0xe0bf0f13) addi    t5, t5, -501
core   0: 3 0x80009218 (0xe0bf0f13) x30 0x8002401f
core   0: 0x8000921c (0x01df2d83) lw      s11, 29(t5)
core   0: 3 0x8000921c (0x01df2d83) x27 0xf4f5f6f7 mem 0x8002403c
core   0: 0x80009220 (0x01df2483) lw      s1, 29(t5)
core   0: 3 0x80009220 (0x01df2483) x 9 0xf4f5f6f7 mem 0x8002403c
core   0: 0x80009224 (0x1f4ce493) ori     s1, s9, 500
core   0: 3 0x80009224 (0x1f4ce493) x 9 0x002e81f4
core   0: 0x80009228 (0x01c384b3) add     s1, t2, t3
core   0: 3 0x80009228 (0x01c384b3) x 9 0x000010cc
core   0: 0x8000922c (0xff8f0d23) sb      s8, -6(t5)
core   0: 3 0x8000922c (0xff8f0d23) mem 0x80024019 0x4
core   0: 0x80009230 (0xfeaf0623) sb      a0, -20(t5)
core   0: 3 0x80009230 (0xfeaf0623) mem 0x8002400b 0xa6
core   0: 0x80009234 (0x4135d3b3) sra     t2, a1, s3
core   0: 3 0x80009234 (0x4135d3b3) x 7 0x00000000
core   0: 0x80009238 (0x01bf5b03) lhu     s6, 27(t5)
core   0: 3 0x80009238 (0x01bf5b03) x22 0x0000f0f1 mem 0x8002403a
core   0: 0x8000923c (0x002f0783) lb      a5, 2(t5)
core   0: 3 0x8000923c (0x002f0783) x15 0xffffffda mem 0x80024021
core   0: 0x80009240 (0x00cf0923) sb      a2, 18(t5)
core   0: 3 0x80009240 (0x00cf0923) mem 0x80024031 0x1
core   0: 0x80009244 (0x7a43a513) slti    a0, t2, 1956
core   0: 3 0x80009244 (0x7a43a513) x10 0x00000001
core   0: 0x80009248 (0x00cbc733) xor     a4, s7, a2
core   0: 3 0x80009248 (0x00cbc733) x14 0x000000ac
core   0: 0x8000924c (0x012f0903) lb      s2, 18(t5)
core   0: 3 0x8000924c (0x012f0903) x18 0x00000001 mem 0x80024031
core   0: 0x80009250 (0x00c54db3) xor     s11, a0, a2
core   0: 3 0x80009250 (0x00c54db3) x27 0x00000000
core   0: 0x80009254 (0x034f0883) lb      a7, 52(t5)
core   0: 3 0x80009254 (0x034f0883) x17 0x00000008 mem 0x80024053
core   0: 0x80009258 (0x034f0203) lb      tp, 52(t5)
core   0: 3 0x80009258 (0x034f0203) x 4 0x00000008 mem 0x80024053
core   0: 0x8000925c (0x029f0583) lb      a1, 41(t5)
core   0: 3 0x8000925c (0x029f0583) x11 0x00000003 mem 0x80024048
core   0: 0x80009260 (0x029f1e03) lh      t3, 41(t5)
core   0: 3 0x80009260 (0x029f1e03) x28 0x00000203 mem 0x80024048
core   0: 0x80009264 (0x029f5783) lhu     a5, 41(t5)
core   0: 3 0x80009264 (0x029f5783) x15 0x00000203 mem 0x80024048
core   0: 0x80009268 (0x6fd50e13) addi    t3, a0, 1789
core   0: 3 0x80009268 (0x6fd50e13) x28 0x000006fe
core   0: 0x8000926c (0x037f04a3) sb      s7, 41(t5)
core   0: 3 0x8000926c (0x037f04a3) mem 0x80024048 0xad
core   0: 0x80009270 (0x0000cf17) auipc   t5, 0xc
core   0: 3 0x80009270 (0x0000cf17) x30 0x80015270
core   0: 0x80009274 (0x4fcf0f13) addi    t5, t5, 1276
core   0: 3 0x80009274 (0x4fcf0f13) x30 0x8001576c
core   0: 0x80009278 (0xff3f4083) lbu     ra, -13(t5)
core   0: 3 0x80009278 (0xff3f4083) x 1 0x00000014 mem 0x8001575f
core   0: 0x8000927c (0x00df0183) lb      gp, 13(t5)
core   0: 3 0x8000927c (0x00df0183) x 3 0xfffffffe mem 0x80015779
core   0: 0x80009280 (0x03bf4883) lbu     a7, 59(t5)
core   0: 3 0x80009280 (0x03bf4883) x17 0x0000005c mem 0x800157a7
core   0: 0x80009284 (0x00000013) nop
core   0: 3 0x80009284 (0x00000013)
core   0: 0x80009288 (0x032f0aa3) sb      s2, 53(t5)
core   0: 3 0x80009288 (0x032f0aa3) mem 0x800157a1 0x1
core   0: 0x8000928c (0x3b0d8793) addi    a5, s11, 944
core   0: 3 0x8000928c (0x3b0d8793) x15 0x000003b0
core   0: 0x80009290 (0xfebf0ba3) sb      a1, -9(t5)
core   0: 3 0x80009290 (0xfebf0ba3) mem 0x80015763 0x3
core   0: 0x80009294 (0x003f0303) lb      t1, 3(t5)
core   0: 3 0x80009294 (0x003f0303) x 6 0x00000024 mem 0x8001576f
core   0: 0x80009298 (0x01cca033) slt     zero, s9, t3
core   0: 3 0x80009298 (0x01cca033)
core   0: 0x8000929c (0xfe1f0803) lb      a6, -31(t5)
core   0: 3 0x8000929c (0xfe1f0803) x16 0x00000006 mem 0x8001574d
core   0: 0x800092a0 (0xffaf0d03) lb      s10, -6(t5)
core   0: 3 0x800092a0 (0xffaf0d03) x26 0x0000001d mem 0x80015766
core   0: 0x800092a4 (0xe11ae613) ori     a2, s5, -495
core   0: 3 0x800092a4 (0xe11ae613) x12 0xfffffe77
core   0: 0x800092a8 (0xfcdf4503) lbu     a0, -51(t5)
core   0: 3 0x800092a8 (0xfcdf4503) x10 0x000000f2 mem 0x80015739
core   0: 0x800092ac (0xfedf04a3) sb      a3, -23(t5)
core   0: 3 0x800092ac (0xfedf04a3) mem 0x80015755 0x0
core   0: 0x800092b0 (0x2ca0bc13) sltiu   s8, ra, 714
core   0: 3 0x800092b0 (0x2ca0bc13) x24 0x00000001
core   0: 0x800092b4 (0x00e13ab3) sltu    s5, sp, a4
core   0: 3 0x800092b4 (0x00e13ab3) x21 0x00000000
core   0: 0x800092b8 (0x027f0d23) sb      t2, 58(t5)
core   0: 3 0x800092b8 (0x027f0d23) mem 0x800157a6 0x0
core   0: 0x800092bc (0x0000100f) fence.i
core   0: 3 0x800092bc (0x0000100f)
core   0: 0x800092c0 (0x01c20c33) add     s8, tp, t3
core   0: 3 0x800092c0 (0x01c20c33) x24 0x00000706
core   0: 0x800092c4 (0xfeff03a3) sb      a5, -25(t5)
core   0: 3 0x800092c4 (0xfeff03a3) mem 0x80015753 0xb0
core   0: 0x800092c8 (0x00660c33) add     s8, a2, t1
core   0: 3 0x800092c8 (0x00660c33) x24 0xfffffe9b
core   0: 0x800092cc (0x008cd933) srl     s2, s9, s0
core   0: 3 0x800092cc (0x008cd933) x18 0x002e8000
core   0: 0x800092d0 (0x00989613) slli    a2, a7, 9
core   0: 3 0x800092d0 (0x00989613) x12 0x0000b800
core   0: 0x800092d4 (0xfecf1923) sh      a2, -14(t5)
core   0: 3 0x800092d4 (0xfecf1923) mem 0x8001575e 0xb800
core   0: 0x800092d8 (0x9c000913) li      s2, -1600
core   0: 3 0x800092d8 (0x9c000913) x18 0xfffff9c0
core   0: 0x800092dc (0x00cf0123) sb      a2, 2(t5)
core   0: 3 0x800092dc (0x00cf0123) mem 0x8001576e 0x0
core   0: 0x800092e0 (0xfc1f0e23) sb      ra, -36(t5)
core   0: 3 0x800092e0 (0xfc1f0e23) mem 0x80015748 0x14
core   0: 0x800092e4 (0x017f0b83) lb      s7, 23(t5)
core   0: 3 0x800092e4 (0x017f0b83) x23 0x00000038 mem 0x80015783
core   0: 0x800092e8 (0x00a244b3) xor     s1, tp, a0
core   0: 3 0x800092e8 (0x00a244b3) x 9 0x000000fa
core   0: 0x800092ec (0xfc5f05a3) sb      t0, -53(t5)
core   0: 3 0x800092ec (0xfc5f05a3) mem 0x80015737 0xfd
core   0: 0x800092f0 (0xffff0383) lb      t2, -1(t5)
core   0: 3 0x800092f0 (0xffff0383) x 7 0x00000020 mem 0x8001576b
core   0: 0x800092f4 (0xfe7f4783) lbu     a5, -25(t5)
core   0: 3 0x800092f4 (0xfe7f4783) x15 0x000000b0 mem 0x80015753
core   0: 0x800092f8 (0x0000100f) fence.i
core   0: 3 0x800092f8 (0x0000100f)
core   0: 0x800092fc (0x0199bcb3) sltu    s9, s3, s9
core   0: 3 0x800092fc (0x0199bcb3) x25 0x00000000
core   0: 0x80009300 (0x01e6e2b3) or      t0, a3, t5
core   0: 3 0x80009300 (0x01e6e2b3) x 5 0x8001576c
core   0: 0x80009304 (0xbd003c93) sltiu   s9, zero, -1072
core   0: 3 0x80009304 (0xbd003c93) x25 0x00000001
core   0: 0x80009308 (0x03bf4283) lbu     t0, 59(t5)
core   0: 3 0x80009308 (0x03bf4283) x 5 0x0000005c mem 0x800157a7
core   0: 0x8000930c (0x00000013) nop
core   0: 3 0x8000930c (0x00000013)
core   0: 0x80009310 (0x10d58e13) addi    t3, a1, 269
core   0: 3 0x80009310 (0x10d58e13) x28 0x00000110
core   0: 0x80009314 (0x404fd093) srai    ra, t6, 4
core   0: 3 0x80009314 (0x404fd093) x 1 0x0000000b
core   0: 0x80009318 (0x00df6533) or      a0, t5, a3
core   0: 3 0x80009318 (0x00df6533) x10 0x8001576c
core   0: 0x8000931c (0xffbf0da3) sb      s11, -5(t5)
core   0: 3 0x8000931c (0xffbf0da3) mem 0x80015767 0x0
core   0: 0x80009320 (0xfedf4003) lbu     zero, -19(t5)
core   0: 3 0x80009320 (0xfedf4003) mem 0x80015759
core   0: 0x80009324 (0x00015597) auipc   a1, 0x15
core   0: 3 0x80009324 (0x00015597) x11 0x8001e324
core   0: 0x80009328 (0x72158593) addi    a1, a1, 1825
core   0: 3 0x80009328 (0x72158593) x11 0x8001ea45
core   0: 0x8000932c (0xf5b5dd83) lhu     s11, -165(a1)
core   0: 3 0x8000932c (0xf5b5dd83) x27 0x00005a5b mem 0x8001e9a0
core   0: 0x80009330 (0xebbb6c13) ori     s8, s6, -325
core   0: 3 0x80009330 (0xebbb6c13) x24 0xfffffefb
core   0: 0x80009334 (0x0975de03) lhu     t3, 151(a1)
core   0: 3 0x80009334 (0x0975de03) x28 0x00009697 mem 0x8001eadc
core   0: 0x80009338 (0x07158703) lb      a4, 113(a1)
core   0: 3 0x80009338 (0x07158703) x14 0x0000006d mem 0x8001eab6
core   0: 0x8000933c (0x075588a3) sb      s5, 113(a1)
core   0: 3 0x8000933c (0x075588a3) mem 0x8001eab6 0x0
core   0: 0x80009340 (0x0715db03) lhu     s6, 113(a1)
core   0: 3 0x80009340 (0x0715db03) x22 0x00006c00 mem 0x8001eab6
core   0: 0x80009344 (0x06f598a3) sh      a5, 113(a1)
core   0: 3 0x80009344 (0x06f598a3) mem 0x8001eab6 0x00b0
core   0: 0x80009348 (0x07159d83) lh      s11, 113(a1)
core   0: 3 0x80009348 (0x07159d83) x27 0x000000b0 mem 0x8001eab6
core   0: 0x8000934c (0x00158883) lb      a7, 1(a1)
core   0: 3 0x8000934c (0x00158883) x17 0xfffffffd mem 0x8001ea46
core   0: 0x80009350 (0x08c5c783) lbu     a5, 140(a1)
core   0: 3 0x80009350 (0x08c5c783) x15 0x0000008a mem 0x8001ead1
core   0: 0x80009354 (0x09d58923) sb      t4, 146(a1)
core   0: 3 0x80009354 (0x09d58923) mem 0x8001ead7 0xb7
core   0: 0x80009358 (0x0107c1b3) xor     gp, a5, a6
core   0: 3 0x80009358 (0x0107c1b3) x 3 0x0000008c
core   0: 0x8000935c (0x0fa5c503) lbu     a0, 250(a1)
core   0: 3 0x8000935c (0x0fa5c503) x10 0x000000f4 mem 0x8001eb3f
core   0: 0x80009360 (0xf7158da3) sb      a7, -133(a1)
core   0: 3 0x80009360 (0xf7158da3) mem 0x8001e9c0 0xfd
core   0: 0x80009364 (0xf7b5c083) lbu     ra, -133(a1)
core   0: 3 0x80009364 (0xf7b5c083) x 1 0x000000fd mem 0x8001e9c0
core   0: 0x80009368 (0x00010a17) auipc   s4, 0x10
core   0: 3 0x80009368 (0x00010a17) x20 0x80019368
core   0: 0x8000936c (0x953a0a13) addi    s4, s4, -1709
core   0: 3 0x8000936c (0x953a0a13) x20 0x80018cbb
core   0: 0x80009370 (0xff4a0483) lb      s1, -12(s4)
core   0: 3 0x80009370 (0xff4a0483) x 9 0x00000064 mem 0x80018caf
core   0: 0x80009374 (0xffda2f03) lw      t5, -3(s4)
core   0: 3 0x80009374 (0xffda2f03) x30 0x70717273 mem 0x80018cb8
core   0: 0x80009378 (0xffda2303) lw      t1, -3(s4)
core   0: 3 0x80009378 (0xffda2303) x 6 0x70717273 mem 0x80018cb8
core   0: 0x8000937c (0xffda1003) lh      zero, -3(s4)
core   0: 3 0x8000937c (0xffda1003) mem 0x80018cb8
core   0: 0x80009380 (0x00ea4803) lbu     a6, 14(s4)
core   0: 3 0x80009380 (0x00ea4803) x16 0x00000082 mem 0x80018cc9
core   0: 0x80009384 (0xff6a0b83) lb      s7, -10(s4)
core   0: 3 0x80009384 (0xff6a0b83) x23 0x0000006a mem 0x80018cb1
core   0: 0x80009388 (0x006a02a3) sb      t1, 5(s4)
core   0: 3 0x80009388 (0x006a02a3) mem 0x80018cc0 0x73
core   0: 0x8000938c (0x018b6fb3) or      t6, s6, s8
core   0: 3 0x8000938c (0x018b6fb3) x31 0xfffffefb
core   0: 0x80009390 (0x005a2b83) lw      s7, 5(s4)
core   0: 3 0x80009390 (0x005a2b83) x23 0x78797a73 mem 0x80018cc0
core   0: 0x80009394 (0xffca0b03) lb      s6, -4(s4)
core   0: 3 0x80009394 (0xffca0b03) x22 0x0000006c mem 0x80018cb7
core   0: 0x80009398 (0xffba1ba3) sh      s11, -9(s4)
core   0: 3 0x80009398 (0xffba1ba3) mem 0x80018cb2 0x00b0
core   0: 0x8000939c (0xfeba1ba3) sh      a1, -9(s4)
core   0: 3 0x8000939c (0xfeba1ba3) mem 0x80018cb2 0xea45
core   0: 0x800093a0 (0xff7a4883) lbu     a7, -9(s4)
core   0: 3 0x800093a0 (0xff7a4883) x17 0x00000045 mem 0x80018cb2
core   0: 0x800093a4 (0x0ff0000f) fence   iorw,iorw
core   0: 3 0x800093a4 (0x0ff0000f)
core   0: 0x800093a8 (0xfe6a1ba3) sh      t1, -9(s4)
core   0: 3 0x800093a8 (0xfe6a1ba3) mem 0x80018cb2 0x7273
core   0: 0x800093ac (0x009a4b83) lbu     s7, 9(s4)
core   0: 3 0x800093ac (0x009a4b83) x23 0x0000007f mem 0x80018cc4
core   0: 0x800093b0 (0x01911193) slli    gp, sp, 25
core   0: 3 0x800093b0 (0x01911193) x 3 0xc8000000
core   0: 0x800093b4 (0x00da0523) sb      a3, 10(s4)
core   0: 3 0x800093b4 (0x00da0523) mem 0x80018cc5 0x0
core   0: 0x800093b8 (0x0000db17) auipc   s6, 0xd
core   0: 3 0x800093b8 (0x0000db17) x22 0x800163b8
core   0: 0x800093bc (0xa02b0b13) addi    s6, s6, -1534
core   0: 3 0x800093bc (0xa02b0b13) x22 0x80015dba
core   0: 0x800093c0 (0x0000d197) auipc   gp, 0xd
core   0: 3 0x800093c0 (0x0000d197) x 3 0x800163c0
core   0: 0x800093c4 (0x99d18193) addi    gp, gp, -1635
core   0: 3 0x800093c4 (0x99d18193) x 3 0x80015d5d
core   0: 0x800093c8 (0xff3b0403) lb      s0, -13(s6)
core   0: 3 0x800093c8 (0xff3b0403) x 8 0x00000066 mem 0x80015dad
core   0: 0x800093cc (0xfd218903) lb      s2, -46(gp)
core   0: 3 0x800093cc (0xfd218903) x18 0x00000000 mem 0x80015d2f
core   0: 0x800093d0 (0x0000dc17) auipc   s8, 0xd
core   0: 3 0x800093d0 (0x0000dc17) x24 0x800163d0
core   0: 0x800093d4 (0xb3dc0c13) addi    s8, s8, -1219
core   0: 3 0x800093d4 (0xb3dc0c13) x24 0x80015f0d
core   0: 0x800093d8 (0x03618b83) lb      s7, 54(gp)
core   0: 3 0x800093d8 (0x03618b83) x23 0x00000005 mem 0x80015d93
core   0: 0x800093dc (0x00db0503) lb      a0, 13(s6)
core   0: 3 0x800093dc (0x00db0503) x10 0x0000007c mem 0x80015dc7
core   0: 0x800093e0 (0xfffb0aa3) sb      t6, -11(s6)
core   0: 3 0x800093e0 (0xfffb0aa3) mem 0x80015daf 0xfb
core   0: 0x800093e4 (0x032c4283) lbu     t0, 50(s8)
core   0: 3 0x800093e4 (0x032c4283) x 5 0x000000f4 mem 0x80015f3f
core   0: 0x800093e8 (0x0000cc97) auipc   s9, 0xc
core   0: 3 0x800093e8 (0x0000cc97) x25 0x800153e8
core   0: 0x800093ec (0x12cc8c93) addi    s9, s9, 300
core   0: 3 0x800093ec (0x12cc8c93) x25 0x80015514
core   0: 0x800093f0 (0xfd5c4383) lbu     t2, -43(s8)
core   0: 3 0x800093f0 (0xfd5c4383) x 7 0x00000099 mem 0x80015ee2
core   0: 0x800093f4 (0x129cce83) lbu     t4, 297(s9)
core   0: 3 0x800093f4 (0x129cce83) x29 0x00000058 mem 0x8001563d
core   0: 0x800093f8 (0x00ab1d03) lh      s10, 10(s6)
core   0: 3 0x800093f8 (0x00ab1d03) x26 0x00007e7f mem 0x80015dc4
core   0: 0x800093fc (0xfc2c4483) lbu     s1, -62(s8)
core   0: 3 0x800093fc (0xfc2c4483) x 9 0x00000084 mem 0x80015ecf
core   0: 0x80009400 (0x01e1c403) lbu     s0, 30(gp)
core   0: 3 0x80009400 (0x01e1c403) x 8 0x00000030 mem 0x80015d7b
core   0: 0x80009404 (0xff3cc903) lbu     s2, -13(s9)
core   0: 3 0x80009404 (0xff3cc903) x18 0x000000bc mem 0x80015507
core   0: 0x80009408 (0xff9c0583) lb      a1, -7(s8)
core   0: 3 0x80009408 (0xff9c0583) x11 0xffffffbd mem 0x80015f06
core   0: 0x8000940c (0x1ddcc083) lbu     ra, 477(s9)
core   0: 3 0x8000940c (0x1ddcc083) x 1 0x0000008e mem 0x800156f1
core   0: 0x80009410 (0xfc818483) lb      s1, -56(gp)
core   0: 3 0x80009410 (0xfc818483) x 9 0xffffffde mem 0x80015d25
core   0: 0x80009414 (0x0181a7a3) sw      s8, 15(gp)
core   0: 3 0x80009414 (0x0181a7a3) mem 0x80015d6c 0x80015f0d
core   0: 0x80009418 (0xff7b4f03) lbu     t5, -9(s6)
core   0: 3 0x80009418 (0xff7b4f03) x30 0x00000099 mem 0x80015db1
core   0: 0x8000941c (0xfd61c003) lbu     zero, -42(gp)
core   0: 3 0x8000941c (0xfd61c003) mem 0x80015d33
core   0: 0x80009420 (0x00218a03) lb      s4, 2(gp)
core   0: 3 0x80009420 (0x00218a03) x20 0x00000014 mem 0x80015d5f
core   0: 0x80009424 (0x029c0823) sb      s1, 48(s8)
core   0: 3 0x80009424 (0x029c0823) mem 0x80015f3d 0xde
core   0: 0x80009428 (0x03dc4603) lbu     a2, 61(s8)
core   0: 3 0x80009428 (0x03dc4603) x12 0x00000001 mem 0x80015f4a
core   0: 0x8000942c (0x4d3c9123) sh      s3, 1218(s9)
core   0: 3 0x8000942c (0x4d3c9123) mem 0x800159d6 0xae64
core   0: 0x80009430 (0xfc0c0c23) sb      zero, -40(s8)
core   0: 3 0x80009430 (0xfc0c0c23) mem 0x80015ee5 0x0
core   0: 0x80009434 (0xff5c0523) sb      s5, -22(s8)
core   0: 3 0x80009434 (0xff5c0523) mem 0x80015ef7 0x0
core   0: 0x80009438 (0x0121c783) lbu     a5, 18(gp)
core   0: 3 0x80009438 (0x0121c783) x15 0x00000080 mem 0x80015d6f
core   0: 0x8000943c (0xff6b0483) lb      s1, -10(s6)
core   0: 3 0x8000943c (0xff6b0483) x 9 0x0000006b mem 0x80015db0
core   0: 0x80009440 (0xfc9c1903) lh      s2, -55(s8)
core   0: 3 0x80009440 (0xfc9c1903) x18 0xffff8c8d mem 0x80015ed6
core   0: 0x80009444 (0x662c9783) lh      a5, 1634(s9)
core   0: 3 0x80009444 (0x662c9783) x15 0x0000002d mem 0x80015b76
core   0: 0x80009448 (0x019b1523) sh      s9, 10(s6)
core   0: 3 0x80009448 (0x019b1523) mem 0x80015dc4 0x5514
core   0: 0x8000944c (0x1d3cc883) lbu     a7, 467(s9)
core   0: 3 0x8000944c (0x1d3cc883) x17 0x0000007c mem 0x800156e7
core   0: 0x80009450 (0xffcb5403) lhu     s0, -4(s6)
core   0: 3 0x80009450 (0xffcb5403) x 8 0x00006c6d mem 0x80015db6
core   0: 0x80009454 (0x0000d917) auipc   s2, 0xd
core   0: 3 0x80009454 (0x0000d917) x18 0x80016454
core   0: 0x80009458 (0x9c390913) addi    s2, s2, -1597
core   0: 3 0x80009458 (0x9c390913) x18 0x80015e17
core   0: 0x8000945c (0x13094383) lbu     t2, 304(s2)
core   0: 3 0x8000945c (0x13094383) x 7 0x000000fc mem 0x80015f47
core   0: 0x80009460 (0x4dee6d13) ori     s10, t3, 1246
core   0: 3 0x80009460 (0x4dee6d13) x26 0x000096df
core   0: 0x80009464 (0x99394e83) lbu     t4, -1645(s2)
core   0: 3 0x80009464 (0x99394e83) x29 0x00000061 mem 0x800157aa
core   0: 0x80009468 (0x99394d03) lbu     s10, -1645(s2)
core   0: 3 0x80009468 (0x99394d03) x26 0x00000061 mem 0x800157aa
core   0: 0x8000946c (0xef791da3) sh      s7, -261(s2)
core   0: 3 0x8000946c (0xef791da3) mem 0x80015d12 0x0005
core   0: 0x80009470 (0x40cc04b3) sub     s1, s8, a2
core   0: 3 0x80009470 (0x40cc04b3) x 9 0x80015f0c
core   0: 0x80009474 (0x99a90223) sb      s10, -1660(s2)
core   0: 3 0x80009474 (0x99a90223) mem 0x8001579b 0x61
core   0: 0x80009478 (0xe8192503) lw      a0, -383(s2)
core   0: 3 0x80009478 (0xe8192503) x10 0x00005253 mem 0x80015c98
core   0: 0x8000947c (0xdbc90d03) lb      s10, -580(s2)
core   0: 3 0x8000947c (0xdbc90d03) x26 0x0000006c mem 0x80015bd3
core   0: 0x80009480 (0xd6990923) sb      s1, -654(s2)
core   0: 3 0x80009480 (0xd6990923) mem 0x80015b89 0xc
core   0: 0x80009484 (0xd3890e03) lb      t3, -712(s2)
core   0: 3 0x80009484 (0xd3890e03) x28 0x00000004 mem 0x80015b4f
core   0: 0x80009488 (0xbe9909a3) sb      s1, -1037(s2)
core   0: 3 0x80009488 (0xbe9909a3) mem 0x80015a0a 0xc
core   0: 0x8000948c (0xbf395a03) lhu     s4, -1037(s2)
core   0: 3 0x8000948c (0xbf395a03) x20 0x0000a40c mem 0x80015a0a
core   0: 0x80009490 (0xbf390183) lb      gp, -1037(s2)
core   0: 3 0x80009490 (0xbf390183) x 3 0x0000000c mem 0x80015a0a
core   0: 0x80009494 (0x81c94d83) lbu     s11, -2020(s2)
core   0: 3 0x80009494 (0x81c94d83) x27 0x000000e8 mem 0x80015633
core   0: 0x80009498 (0xaa090003) lb      zero, -1376(s2)
core   0: 3 0x80009498 (0xaa090003) mem 0x800158b7
core   0: 0x8000949c (0x0000c097) auipc   ra, 0xc
core   0: 3 0x8000949c (0x0000c097) x 1 0x8001549c
core   0: 0x800094a0 (0x60608093) addi    ra, ra, 1542
core   0: 3 0x800094a0 (0x60608093) x 1 0x80015aa2
core   0: 0x800094a4 (0xc8e0d703) lhu     a4, -882(ra)
core   0: 3 0x800094a4 (0xc8e0d703) x14 0x0000eaeb mem 0x80015730
core   0: 0x800094a8 (0xc8e0aa03) lw      s4, -882(ra)
core   0: 3 0x800094a8 (0xc8e0aa03) x20 0x96e9eaeb mem 0x80015730
core   0: 0x800094ac (0x87c0c313) xori    t1, ra, -1924
core   0: 3 0x800094ac (0x87c0c313) x 6 0x7ffea2de
core   0: 0x800094b0 (0xc8e09583) lh      a1, -882(ra)
core   0: 3 0x800094b0 (0xc8e09583) x11 0xffffeaeb mem 0x80015730
core   0: 0x800094b4 (0xc8e09f03) lh      t5, -882(ra)
core   0: 3 0x800094b4 (0xc8e09f03) x30 0xffffeaeb mem 0x80015730
core   0: 0x800094b8 (0xc8e0d503) lhu     a0, -882(ra)
core   0: 3 0x800094b8 (0xc8e0d503) x10 0x0000eaeb mem 0x80015730
core   0: 0x800094bc (0xc8e0c803) lbu     a6, -882(ra)
core   0: 3 0x800094bc (0xc8e0c803) x16 0x000000eb mem 0x80015730
core   0: 0x800094c0 (0x8a84ad93) slti    s11, s1, -1880
core   0: 3 0x800094c0 (0x8a84ad93) x27 0x00000001
core   0: 0x800094c4 (0xc8e0d603) lhu     a2, -882(ra)
core   0: 3 0x800094c4 (0xc8e0d603) x12 0x0000eaeb mem 0x80015730
core   0: 0x800094c8 (0xd620cd93) xori    s11, ra, -670
core   0: 3 0x800094c8 (0xd620cd93) x27 0x7ffea7c0
core   0: 0x800094cc (0x33f4ae13) slti    t3, s1, 831
core   0: 3 0x800094cc (0x33f4ae13) x28 0x00000001
core   0: 0x800094d0 (0xc8e0cd83) lbu     s11, -882(ra)
core   0: 3 0x800094d0 (0xc8e0cd83) x27 0x000000eb mem 0x80015730
core   0: 0x800094d4 (0xc8e09503) lh      a0, -882(ra)
core   0: 3 0x800094d4 (0xc8e09503) x10 0xffffeaeb mem 0x80015730
core   0: 0x800094d8 (0xc8e09c03) lh      s8, -882(ra)
core   0: 3 0x800094d8 (0xc8e09c03) x24 0xffffeaeb mem 0x80015730
core   0: 0x800094dc (0xc8e09183) lh      gp, -882(ra)
core   0: 3 0x800094dc (0xc8e09183) x 3 0xffffeaeb mem 0x80015730
core   0: 0x800094e0 (0xc890a723) sw      s1, -882(ra)
core   0: 3 0x800094e0 (0xc890a723) mem 0x80015730 0x80015f0c
core   0: 0x800094e4 (0xc8e08783) lb      a5, -882(ra)
core   0: 3 0x800094e4 (0xc8e08783) x15 0x0000000c mem 0x80015730
core   0: 0x800094e8 (0xc8e0d503) lhu     a0, -882(ra)
core   0: 3 0x800094e8 (0xc8e0d503) x10 0x00005f0c mem 0x80015730
core   0: 0x800094ec (0x00e00033) add     zero, zero, a4
core   0: 3 0x800094ec (0x00e00033)
core   0: 0x800094f0 (0xc9d09723) sh      t4, -882(ra)
core   0: 3 0x800094f0 (0xc9d09723) mem 0x80015730 0x0061
core   0: 0x800094f4 (0xc950a723) sw      s5, -882(ra)
core   0: 3 0x800094f4 (0xc950a723) mem 0x80015730 0x00000000
core   0: 0x800094f8 (0xc8e09883) lh      a7, -882(ra)
core   0: 3 0x800094f8 (0xc8e09883) x17 0x00000000 mem 0x80015730
core   0: 0x800094fc (0xfc513b93) sltiu   s7, sp, -59
core   0: 3 0x800094fc (0xfc513b93) x23 0x00000001
core   0: 0x80009500 (0xc8e0c603) lbu     a2, -882(ra)
core   0: 3 0x80009500 (0xc8e0c603) x12 0x00000000 mem 0x80015730
core   0: 0x80009504 (0xc8e0a783) lw      a5, -882(ra)
core   0: 3 0x80009504 (0xc8e0a783) x15 0x00000000 mem 0x80015730
core   0: 0x80009508 (0xc930a723) sw      s3, -882(ra)
core   0: 3 0x80009508 (0xc930a723) mem 0x80015730 0x8002ae64
core   0: 0x8000950c (0x0000d097) auipc   ra, 0xd
core   0: 3 0x8000950c (0x0000d097) x 1 0x8001650c
core   0: 0x80009510 (0x8c008093) addi    ra, ra, -1856
core   0: 3 0x80009510 (0x8c008093) x 1 0x80015dcc
core   0: 0x80009514 (0x00f0c203) lbu     tp, 15(ra)
core   0: 3 0x80009514 (0x00f0c203) x 4 0x00000000 mem 0x80015ddb
core   0: 0x80009518 (0xff609b83) lh      s7, -10(ra)
core   0: 3 0x80009518 (0xff609b83) x23 0x00000038 mem 0x80015dc2
core   0: 0x8000951c (0x03c0d783) lhu     a5, 60(ra)
core   0: 3 0x8000951c (0x03c0d783) x15 0x0000c2c3 mem 0x80015e08
core   0: 0x80009520 (0x03d09b23) sh      t4, 54(ra)
core   0: 3 0x80009520 (0x03d09b23) mem 0x80015e02 0x0061
core   0: 0x80009524 (0x03609e03) lh      t3, 54(ra)
core   0: 3 0x80009524 (0x03609e03) x28 0x00000061 mem 0x80015e02
core   0: 0x80009528 (0x03308b23) sb      s3, 54(ra)
core   0: 3 0x80009528 (0x03308b23) mem 0x80015e02 0x64
core   0: 0x8000952c (0x69b84a13) xori    s4, a6, 1691
core   0: 3 0x8000952c (0x69b84a13) x20 0x00000670
core   0: 0x80009530 (0x001dfeb3) and     t4, s11, ra
core   0: 3 0x80009530 (0x001dfeb3) x29 0x000000c8
core   0: 0x80009534 (0x00f084a3) sb      a5, 9(ra)
core   0: 3 0x80009534 (0x00f084a3) mem 0x80015dd5 0xc3
core   0: 0x80009538 (0x014ba633) slt     a2, s7, s4
core   0: 3 0x80009538 (0x014ba633) x12 0x00000001
core   0: 0x8000953c (0x003063b3) or      t2, zero, gp
core   0: 3 0x8000953c (0x003063b3) x 7 0xffffeaeb
core   0: 0x80009540 (0x0090c283) lbu     t0, 9(ra)
core   0: 3 0x80009540 (0x0090c283) x 5 0x000000c3 mem 0x80015dd5
core   0: 0x80009544 (0x41dd8633) sub     a2, s11, t4
core   0: 3 0x80009544 (0x41dd8633) x12 0x00000023
core   0: 0x80009548 (0x00908303) lb      t1, 9(ra)
core   0: 3 0x80009548 (0x00908303) x 6 0xffffffc3 mem 0x80015dd5
core   0: 0x8000954c (0x03f08e83) lb      t4, 63(ra)
core   0: 3 0x8000954c (0x03f08e83) x29 0xffffffc0 mem 0x80015e0b
core   0: 0x80009550 (0x00214733) xor     a4, sp, sp
core   0: 3 0x80009550 (0x00214733) x14 0x00000000
core   0: 0x80009554 (0x03f0cb83) lbu     s7, 63(ra)
core   0: 3 0x80009554 (0x03f0cb83) x23 0x000000c0 mem 0x80015e0b
core   0: 0x80009558 (0x03f08903) lb      s2, 63(ra)
core   0: 3 0x80009558 (0x03f08903) x18 0xffffffc0 mem 0x80015e0b
core   0: 0x8000955c (0xfc908783) lb      a5, -55(ra)
core   0: 3 0x8000955c (0xfc908783) x15 0x00000000 mem 0x80015d95
core   0: 0x80009560 (0x0000cb17) auipc   s6, 0xc
core   0: 3 0x80009560 (0x0000cb17) x22 0x80015560
core   0: 0x80009564 (0x145b0b13) addi    s6, s6, 325
core   0: 3 0x80009564 (0x145b0b13) x22 0x800156a5
core   0: 0x80009568 (0xfc1b0a03) lb      s4, -63(s6)
core   0: 3 0x80009568 (0xfc1b0a03) x20 0x0000001d mem 0x80015666
core   0: 0x8000956c (0xb5e84813) xori    a6, a6, -1186
core   0: 3 0x8000956c (0xb5e84813) x16 0xfffffbb5
core   0: 0x80009570 (0x00b11033) sll     zero, sp, a1
core   0: 3 0x80009570 (0x00b11033)
core   0: 0x80009574 (0x02db1c03) lh      s8, 45(s6)
core   0: 3 0x80009574 (0x02db1c03) x24 0xffff8889 mem 0x800156d2
core   0: 0x80009578 (0x001b1903) lh      s2, 1(s6)
core   0: 3 0x80009578 (0x001b1903) x18 0x00005c5d mem 0x800156a6
core   0: 0x8000957c (0x00559c13) slli    s8, a1, 5
core   0: 3 0x8000957c (0x00559c13) x24 0xfffd5d60
core   0: 0x80009580 (0x0000100f) fence.i
core   0: 3 0x80009580 (0x0000100f)
core   0: 0x80009584 (0x41898eb3) sub     t4, s3, s8
core   0: 3 0x80009584 (0x41898eb3) x29 0x80055104
core   0: 0x80009588 (0x01ab4f03) lbu     t5, 26(s6)
core   0: 3 0x80009588 (0x01ab4f03) x30 0x00000074 mem 0x800156bf
core   0: 0x8000958c (0x41175eb3) sra     t4, a4, a7
core   0: 3 0x8000958c (0x41175eb3) x29 0x00000000
core   0: 0x80009590 (0x00a990b3) sll     ra, s3, a0
core   0: 3 0x80009590 (0x00a990b3) x 1 0x2ae64000
core   0: 0x80009594 (0x00000013) nop
core   0: 3 0x80009594 (0x00000013)
core   0: 0x80009598 (0xfd7b0b83) lb      s7, -41(s6)
core   0: 3 0x80009598 (0xfd7b0b83) x23 0x00000037 mem 0x8001567c
core   0: 0x8000959c (0xfc2b4783) lbu     a5, -62(s6)
core   0: 3 0x8000959c (0xfc2b4783) x15 0x000000af mem 0x80015667
core   0: 0x800095a0 (0xffeb4a83) lbu     s5, -2(s6)
core   0: 3 0x800095a0 (0xffeb4a83) x21 0x00000000 mem 0x800156a3
core   0: 0x800095a4 (0x417dda93) srai    s5, s11, 23
core   0: 3 0x800095a4 (0x417dda93) x21 0x00000000
core   0: 0x800095a8 (0x0133aeb3) slt     t4, t2, s3
core   0: 3 0x800095a8 (0x0133aeb3) x29 0x00000000
core   0: 0x800095ac (0x01b38833) add     a6, t2, s11
core   0: 3 0x800095ac (0x01b38833) x16 0xffffebd6
core   0: 0x800095b0 (0x6988c3b7) lui     t2, 0x6988c
core   0: 3 0x800095b0 (0x6988c3b7) x 7 0x6988c000
core   0: 0x800095b4 (0x02cb4303) lbu     t1, 44(s6)
core   0: 3 0x800095b4 (0x02cb4303) x 6 0x0000008a mem 0x800156d1
core   0: 0x800095b8 (0x0ce99617) auipc   a2, 0xce99
core   0: 3 0x800095b8 (0x0ce99617) x12 0x8cea25b8
core   0: 0x800095bc (0x012aa7b3) slt     a5, s5, s2
core   0: 3 0x800095bc (0x012aa7b3) x15 0x00000001
core   0: 0x800095c0 (0x016b0e23) sb      s6, 28(s6)
core   0: 3 0x800095c0 (0x016b0e23) mem 0x800156c1 0xa5
core   0: 0x800095c4 (0x67487793) andi    a5, a6, 1652
core   0: 3 0x800095c4 (0x67487793) x15 0x00000254
core   0: 0x800095c8 (0x03eb0023) sb      t5, 32(s6)
core   0: 3 0x800095c8 (0x03eb0023) mem 0x800156c5 0x74
core   0: 0x800095cc (0x5dc23f13) sltiu   t5, tp, 1500
core   0: 3 0x800095cc (0x5dc23f13) x30 0x00000001
core   0: 0x800095d0 (0x40175493) srai    s1, a4, 1
core   0: 3 0x800095d0 (0x40175493) x 9 0x00000000
core   0: 0x800095d4 (0x0ff0000f) fence   iorw,iorw
core   0: 3 0x800095d4 (0x0ff0000f)
core   0: 0x800095d8 (0x01c77cb3) and     s9, a4, t3
core   0: 3 0x800095d8 (0x01c77cb3) x25 0x00000000
core   0: 0x800095dc (0x40885613) srai    a2, a6, 8
core   0: 3 0x800095dc (0x40885613) x12 0xffffffeb
core   0: 0x800095e0 (0x51c54493) xori    s1, a0, 1308
core   0: 3 0x800095e0 (0x51c54493) x 9 0x00005a10
core   0: 0x800095e4 (0xc434c793) xori    a5, s1, -957
core   0: 3 0x800095e4 (0xc434c793) x15 0xffffa653
core   0: 0x800095e8 (0xff5b0123) sb      s5, -30(s6)
core   0: 3 0x800095e8 (0xff5b0123) mem 0x80015687 0x0
core   0: 0x800095ec (0xc42d8913) addi    s2, s11, -958
core   0: 3 0x800095ec (0xc42d8913) x18 0xfffffd2d
core   0: 0x800095f0 (0x01b51333) sll     t1, a0, s11
core   0: 3 0x800095f0 (0x01b51333) x 6 0x02f86000
core   0: 0x800095f4 (0x40685733) sra     a4, a6, t1
core   0: 3 0x800095f4 (0x40685733) x14 0xffffebd6
core   0: 0x800095f8 (0x009b0823) sb      s1, 16(s6)
core   0: 3 0x800095f8 (0x009b0823) mem 0x800156b5 0x10
core   0: 0x800095fc (0x00bb16a3) sh      a1, 13(s6)
core   0: 3 0x800095fc (0x00bb16a3) mem 0x800156b2 0xeaeb
core   0: 0x80009600 (0x01b41893) slli    a7, s0, 27
core   0: 3 0x80009600 (0x01b41893) x17 0x68000000
core   0: 0x80009604 (0x042b0023) sb      sp, 64(s6)
core   0: 3 0x80009604 (0x042b0023) mem 0x800156e5 0xe4
core   0: 0x80009608 (0xe0b7c517) auipc   a0, 0xe0b7c
core   0: 3 0x80009608 (0xe0b7c517) x10 0x60b85608
core   0: 0x8000960c (0x0ff0000f) fence   iorw,iorw
core   0: 3 0x8000960c (0x0ff0000f)
core   0: 0x80009610 (0xfdfb1503) lh      a0, -33(s6)
core   0: 3 0x80009610 (0xfdfb1503) x10 0x00003e3f mem 0x80015684
core   0: 0x80009614 (0x00c32bb3) slt     s7, t1, a2
core   0: 3 0x80009614 (0x00c32bb3) x23 0x00000000
core   0: 0x80009618 (0x000b4f03) lbu     t5, 0(s6)
core   0: 3 0x80009618 (0x000b4f03) x30 0x000000ca mem 0x800156a5
core   0: 0x8000961c (0x028b0883) lb      a7, 40(s6)
core   0: 3 0x8000961c (0x028b0883) x17 0xffffff86 mem 0x800156cd
core   0: 0x80009620 (0x0000e417) auipc   s0, 0xe
core   0: 3 0x80009620 (0x0000e417) x 8 0x80017620
core   0: 0x80009624 (0xa0c40413) addi    s0, s0, -1524
core   0: 3 0x80009624 (0xa0c40413) x 8 0x8001702c
core   0: 0x80009628 (0xff845f83) lhu     t6, -8(s0)
core   0: 3 0x80009628 (0xff845f83) x31 0x0000dedf mem 0x80017024
core   0: 0x8000962c (0xfe440c23) sb      tp, -8(s0)
core   0: 3 0x8000962c (0xfe440c23) mem 0x80017024 0x0
core   0: 0x80009630 (0xfec42c23) sw      a2, -8(s0)
core   0: 3 0x80009630 (0xfec42c23) mem 0x80017024 0xffffffeb
core   0: 0x80009634 (0xff840c83) lb      s9, -8(s0)
core   0: 3 0x80009634 (0xff840c83) x25 0xffffffeb mem 0x80017024
core   0: 0x80009638 (0xfec41c23) sh      a2, -8(s0)
core   0: 3 0x80009638 (0xfec41c23) mem 0x80017024 0xffeb
core   0: 0x8000963c (0x5e568e93) addi    t4, a3, 1509
core   0: 3 0x8000963c (0x5e568e93) x29 0x800005e5
core   0: 0x80009640 (0xff842c83) lw      s9, -8(s0)
core   0: 3 0x80009640 (0xff842c83) x25 0xffffffeb mem 0x80017024
core   0: 0x80009644 (0xc4aefa13) andi    s4, t4, -950
core   0: 3 0x80009644 (0xc4aefa13) x20 0x80000440
core   0: 0x80009648 (0x4c098093) addi    ra, s3, 1216
core   0: 3 0x80009648 (0x4c098093) x 1 0x8002b324
core   0: 0x8000964c (0xff845603) lhu     a2, -8(s0)
core   0: 3 0x8000964c (0xff845603) x12 0x0000ffeb mem 0x80017024
core   0: 0x80009650 (0xff844e03) lbu     t3, -8(s0)
core   0: 3 0x80009650 (0xff844e03) x28 0x000000eb mem 0x80017024
core   0: 0x80009654 (0xffd40903) lb      s2, -3(s0)
core   0: 3 0x80009654 (0xffd40903) x18 0xffffffe2 mem 0x80017029
core   0: 0x80009658 (0xffd44203) lbu     tp, -3(s0)
core   0: 3 0x80009658 (0xffd44203) x 4 0x000000e2 mem 0x80017029
core   0: 0x8000965c (0x0000cc97) auipc   s9, 0xc
core   0: 3 0x8000965c (0x0000cc97) x25 0x8001565c
core   0: 0x80009660 (0xed8c8c93) addi    s9, s9, -296
core   0: 3 0x80009660 (0xed8c8c93) x25 0x80015534
core   0: 0x80009664 (0xfd5c81a3) sb      s5, -61(s9)
core   0: 3 0x80009664 (0xfd5c81a3) mem 0x800154f7 0x0
core   0: 0x80009668 (0x0000c817) auipc   a6, 0xc
core   0: 3 0x80009668 (0x0000c817) x16 0x80015668
core   0: 0x8000966c (0x04880813) addi    a6, a6, 72
core   0: 3 0x8000966c (0x04880813) x16 0x800156b0
core   0: 0x80009670 (0x070cae03) lw      t3, 112(s9)
core   0: 3 0x80009670 (0x070cae03) x28 0x5cff5e2d mem 0x800155a4
core   0: 0x80009674 (0xf96cd483) lhu     s1, -106(s9)
core   0: 3 0x80009674 (0xf96cd483) x 9 0x00008081 mem 0x800154ca
core   0: 0x80009678 (0x532803a3) sb      s2, 1319(a6)
core   0: 3 0x80009678 (0x532803a3) mem 0x80015bd7 0xe2
core   0: 0x8000967c (0xf7ecc503) lbu     a0, -130(s9)
core   0: 3 0x8000967c (0xf7ecc503) x10 0x00000069 mem 0x800154b2
core   0: 0x80009680 (0x42f84c03) lbu     s8, 1071(a6)
core   0: 3 0x80009680 (0x42f84c03) x24 0x00000001 mem 0x80015adf
core   0: 0x80009684 (0xf1ac9e83) lh      t4, -230(s9)
core   0: 3 0x80009684 (0xf1ac9e83) x29 0x00000405 mem 0x8001544e
core   0: 0x80009688 (0xa7084583) lbu     a1, -1424(a6)
core   0: 3 0x80009688 (0xa7084583) x11 0x000000ff mem 0x80015120
core   0: 0x8000968c (0xdbe81b83) lh      s7, -578(a6)
core   0: 3 0x8000968c (0xdbe81b83) x23 0x00002425 mem 0x8001546e
core   0: 0x80009690 (0xff3ccf03) lbu     t5, -13(s9)
core   0: 3 0x80009690 (0xff3ccf03) x30 0x000000dc mem 0x80015527
core   0: 0x80009694 (0x000cae83) lw      t4, 0(s9)
core   0: 3 0x80009694 (0x000cae83) x29 0xecedeeef mem 0x80015534
core   0: 0x80009698 (0xc0581023) sh      t0, -1024(a6)
core   0: 3 0x80009698 (0xc0581023) mem 0x800152b0 0x00c3
core   0: 0x8000969c (0xfc9c8423) sb      s1, -56(s9)
core   0: 3 0x8000969c (0xfc9c8423) mem 0x800154fc 0x81
core   0: 0x800096a0 (0x3e280903) lb      s2, 994(a6)
core   0: 3 0x800096a0 (0x3e280903) x18 0x00000000 mem 0x80015a92
core   0: 0x800096a4 (0xc6f84383) lbu     t2, -913(a6)
core   0: 3 0x800096a4 (0xc6f84383) x 7 0x000000d4 mem 0x8001531f
core   0: 0x800096a8 (0x0000cf17) auipc   t5, 0xc
core   0: 3 0x800096a8 (0x0000cf17) x30 0x800156a8
core   0: 0x800096ac (0x5fff0f13) addi    t5, t5, 1535
core   0: 3 0x800096ac (0x5fff0f13) x30 0x80015ca7
core   0: 0x800096b0 (0xfdaf0603) lb      a2, -38(t5)
core   0: 3 0x800096b0 (0xfdaf0603) x12 0x00000000 mem 0x80015c81
core   0: 0x800096b4 (0x0134fb93) andi    s7, s1, 19
core   0: 3 0x800096b4 (0x0134fb93) x23 0x00000001
core   0: 0x800096b8 (0x02cf4b03) lbu     s6, 44(t5)
core   0: 3 0x800096b8 (0x02cf4b03) x22 0x00000088 mem 0x80015cd3
core   0: 0x800096bc (0x03ff5a03) lhu     s4, 63(t5)
core   0: 3 0x800096bc (0x03ff5a03) x20 0x00009c9d mem 0x80015ce6
core   0: 0x800096c0 (0xfeff5003) lhu     zero, -17(t5)
core   0: 3 0x800096c0 (0xfeff5003) mem 0x80015c96
core   0: 0x800096c4 (0x0187ddb3) srl     s11, a5, s8
core   0: 3 0x800096c4 (0x0187ddb3) x27 0x7fffd329
core   0: 0x800096c8 (0x696ee293) ori     t0, t4, 1686
core   0: 3 0x800096c8 (0x696ee293) x 5 0xecedeeff
core   0: 0x800096cc (0x51ff0513) addi    a0, t5, 1311
core   0: 3 0x800096cc (0x51ff0513) x10 0x800161c6
core   0: 0x800096d0 (0xff7f1b03) lh      s6, -9(t5)
core   0: 3 0x800096d0 (0xff7f1b03) x22 0xffffece4 mem 0x80015c9e
core   0: 0x800096d4 (0x1f3ebc13) sltiu   s8, t4, 499
core   0: 3 0x800096d4 (0x1f3ebc13) x24 0x00000000
core   0: 0x800096d8 (0x0000100f) fence.i
core   0: 3 0x800096d8 (0x0000100f)
core   0: 0x800096dc (0xe8e37097) auipc   ra, 0xe8e37
core   0: 3 0x800096dc (0xe8e37097) x 1 0x68e406dc
core   0: 0x800096e0 (0x0139c933) xor     s2, s3, s3
core   0: 3 0x800096e0 (0x0139c933) x18 0x00000000
core   0: 0x800096e4 (0x7c4fee13) ori     t3, t6, 1988
core   0: 3 0x800096e4 (0x7c4fee13) x28 0x0000dfdf
core   0: 0x800096e8 (0x22ad8793) addi    a5, s11, 554
core   0: 3 0x800096e8 (0x22ad8793) x15 0x7fffd553
core   0: 0x800096ec (0xfd3f1403) lh      s0, -45(t5)
core   0: 3 0x800096ec (0xfd3f1403) x 8 0x00003031 mem 0x80015c7a
core   0: 0x800096f0 (0x01ff5783) lhu     a5, 31(t5)
core   0: 3 0x800096f0 (0x01ff5783) x15 0x00007c06 mem 0x80015cc6
core   0: 0x800096f4 (0x0000100f) fence.i
core   0: 3 0x800096f4 (0x0000100f)
core   0: 0x800096f8 (0x016f0c03) lb      s8, 22(t5)
core   0: 3 0x800096f8 (0x016f0c03) x24 0x00000076 mem 0x80015cbd
core   0: 0x800096fc (0x028f4203) lbu     tp, 40(t5)
core   0: 3 0x800096fc (0x028f4203) x 4 0x00000067 mem 0x80015ccf
core   0: 0x80009700 (0x3eeb7d17) auipc   s10, 0x3eeb7
core   0: 3 0x80009700 (0x3eeb7d17) x26 0xbeec0700
core   0: 0x80009704 (0x016f12a3) sh      s6, 5(t5)
core   0: 3 0x80009704 (0x016f12a3) mem 0x80015cac 0xece4
core   0: 0x80009708 (0x70d87a93) andi    s5, a6, 1805
core   0: 3 0x80009708 (0x70d87a93) x21 0x00000600
core   0: 0x8000970c (0x001d0633) add     a2, s10, ra
core   0: 3 0x8000970c (0x001d0633) x12 0x27d00ddc
core   0: 0x80009710 (0x41140533) sub     a0, s0, a7
core   0: 3 0x80009710 (0x41140533) x10 0x000030ab
core   0: 0x80009714 (0xaaa23f93) sltiu   t6, tp, -1366
core   0: 3 0x80009714 (0xaaa23f93) x31 0x00000001
core   0: 0x80009718 (0x035f0583) lb      a1, 53(t5)
core   0: 3 0x80009718 (0x035f0583) x11 0xffffff97 mem 0x80015cdc
core   0: 0x8000971c (0x016dc533) xor     a0, s11, s6
core   0: 3 0x8000971c (0x016dc533) x10 0x80003fcd
core   0: 0x80009720 (0x0064cc33) xor     s8, s1, t1
core   0: 3 0x80009720 (0x0064cc33) x24 0x02f8e081
core   0: 0x80009724 (0x00a95913) srli    s2, s2, 10
core   0: 3 0x80009724 (0x00a95913) x18 0x00000000
core   0: 0x80009728 (0x01cf0c03) lb      s8, 28(t5)
core   0: 3 0x80009728 (0x01cf0c03) x24 0x00000078 mem 0x80015cc3
core   0: 0x8000972c (0x83262b13) slti    s6, a2, -1998
core   0: 3 0x8000972c (0x83262b13) x22 0x00000000
core   0: 0x80009730 (0x040f0083) lb      ra, 64(t5)
core   0: 3 0x80009730 (0x040f0083) x 1 0xffffff9c mem 0x80015ce7
core   0: 0x80009734 (0xd2ca3193) sltiu   gp, s4, -724
core   0: 3 0x80009734 (0xd2ca3193) x 3 0x00000001
core   0: 0x80009738 (0x019f21b3) slt     gp, t5, s9
core   0: 3 0x80009738 (0x019f21b3) x 3 0x00000000
core   0: 0x8000973c (0x01ff14a3) sh      t6, 9(t5)
core   0: 3 0x8000973c (0x01ff14a3) mem 0x80015cb0 0x0001
core   0: 0x80009740 (0x028f0303) lb      t1, 40(t5)
core   0: 3 0x80009740 (0x028f0303) x 6 0x00000067 mem 0x80015ccf
core   0: 0x80009744 (0xd4726613) ori     a2, tp, -697
core   0: 3 0x80009744 (0xd4726613) x12 0xfffffd67
core   0: 0x80009748 (0x2fb82093) slti    ra, a6, 763
core   0: 3 0x80009748 (0x2fb82093) x 1 0x00000001
core   0: 0x8000974c (0x000f4603) lbu     a2, 0(t5)
core   0: 3 0x8000974c (0x000f4603) x12 0x0000000a mem 0x80015ca7
core   0: 0x80009750 (0xff9f4c03) lbu     s8, -7(t5)
core   0: 3 0x80009750 (0xff9f4c03) x24 0x0000005b mem 0x80015ca0
core   0: 0x80009754 (0xfc5f0a23) sb      t0, -44(t5)
core   0: 3 0x80009754 (0xfc5f0a23) mem 0x80015c7b 0xff
core   0: 0x80009758 (0x01859fb3) sll     t6, a1, s8
core   0: 3 0x80009758 (0x01859fb3) x31 0xb8000000
core   0: 0x8000975c (0xfdbf0823) sb      s11, -48(t5)
core   0: 3 0x8000975c (0xfdbf0823) mem 0x80015c77 0x29
core   0: 0x80009760 (0xfcdf0523) sb      a3, -54(t5)
core   0: 3 0x80009760 (0xfcdf0523) mem 0x80015c71 0x0
core   0: 0x80009764 (0x0000c797) auipc   a5, 0xc
core   0: 3 0x80009764 (0x0000c797) x15 0x80015764
core   0: 0x80009768 (0x52c78793) addi    a5, a5, 1324
core   0: 3 0x80009768 (0x52c78793) x15 0x80015c90
core   0: 0x8000976c (0x01df2333) slt     t1, t5, t4
core   0: 3 0x8000976c (0x01df2333) x 6 0x00000001
core   0: 0x80009770 (0x2d978803) lb      a6, 729(a5)
core   0: 3 0x80009770 (0x2d978803) x16 0x00000022 mem 0x80015f69
core   0: 0x80009774 (0x2d978503) lb      a0, 729(a5)
core   0: 3 0x80009774 (0x2d978503) x10 0x00000022 mem 0x80015f69
core   0: 0x80009778 (0x2d97c183) lbu     gp, 729(a5)
core   0: 3 0x80009778 (0x2d97c183) x 3 0x00000022 mem 0x80015f69
core   0: 0x8000977c (0x2d978803) lb      a6, 729(a5)
core   0: 3 0x8000977c (0x2d978803) x16 0x00000022 mem 0x80015f69
core   0: 0x80009780 (0x017e7ab3) and     s5, t3, s7
core   0: 3 0x80009780 (0x017e7ab3) x21 0x00000001
core   0: 0x80009784 (0x1527c903) lbu     s2, 338(a5)
core   0: 3 0x80009784 (0x1527c903) x18 0x00000099 mem 0x80015de2
core   0: 0x80009788 (0x15279d03) lh      s10, 338(a5)
core   0: 3 0x80009788 (0x15279d03) x26 0x00004e99 mem 0x80015de2
core   0: 0x8000978c (0x1527c403) lbu     s0, 338(a5)
core   0: 3 0x8000978c (0x1527c403) x 8 0x00000099 mem 0x80015de2
core   0: 0x80009790 (0x1527d283) lhu     t0, 338(a5)
core   0: 3 0x80009790 (0x1527d283) x 5 0x00004e99 mem 0x80015de2
core   0: 0x80009794 (0x012ddb33) srl     s6, s11, s2
core   0: 3 0x80009794 (0x012ddb33) x22 0x0000003f
core   0: 0x80009798 (0x15179923) sh      a7, 338(a5)
core   0: 3 0x80009798 (0x15179923) mem 0x80015de2 0xff86
core   0: 0x8000979c (0x15c78923) sb      t3, 338(a5)
core   0: 3 0x8000979c (0x15c78923) mem 0x80015de2 0xdf
core   0: 0x800097a0 (0x15278003) lb      zero, 338(a5)
core   0: 3 0x800097a0 (0x15278003) mem 0x80015de2
core   0: 0x800097a4 (0x0000100f) fence.i
core   0: 3 0x800097a4 (0x0000100f)
core   0: 0x800097a8 (0x15479923) sh      s4, 338(a5)
core   0: 3 0x800097a8 (0x15479923) mem 0x80015de2 0x9c9d
core   0: 0x800097ac (0x15278a83) lb      s5, 338(a5)
core   0: 3 0x800097ac (0x15278a83) x21 0xffffff9d mem 0x80015de2
core   0: 0x800097b0 (0x15278a83) lb      s5, 338(a5)
core   0: 3 0x800097b0 (0x15278a83) x21 0xffffff9d mem 0x80015de2
core   0: 0x800097b4 (0x15279e83) lh      t4, 338(a5)
core   0: 3 0x800097b4 (0x15279e83) x29 0xffff9c9d mem 0x80015de2
core   0: 0x800097b8 (0x15278e83) lb      t4, 338(a5)
core   0: 3 0x800097b8 (0x15278e83) x29 0xffffff9d mem 0x80015de2
core   0: 0x800097bc (0x14b78923) sb      a1, 338(a5)
core   0: 3 0x800097bc (0x14b78923) mem 0x80015de2 0x97
core   0: 0x800097c0 (0x15278803) lb      a6, 338(a5)
core   0: 3 0x800097c0 (0x15278803) x16 0xffffff97 mem 0x80015de2
core   0: 0x800097c4 (0x0000c617) auipc   a2, 0xc
core   0: 3 0x800097c4 (0x0000c617) x12 0x800157c4
core   0: 0x800097c8 (0xbcf60613) addi    a2, a2, -1073
core   0: 3 0x800097c8 (0xbcf60613) x12 0x80015393
core   0: 0x800097cc (0x03d60f03) lb      t5, 61(a2)
core   0: 3 0x800097cc (0x03d60f03) x30 0xffffff8b mem 0x800153d0
core   0: 0x800097d0 (0xf4960f23) sb      s1, -162(a2)
core   0: 3 0x800097d0 (0xf4960f23) mem 0x800152f1 0x81
core   0: 0x800097d4 (0xf5e64703) lbu     a4, -162(a2)
core   0: 3 0x800097d4 (0xf5e64703) x14 0x00000081 mem 0x800152f1
core   0: 0x800097d8 (0x04760883) lb      a7, 71(a2)
core   0: 3 0x800097d8 (0x04760883) x17 0xffffffe6 mem 0x800153da
core   0: 0x800097dc (0x0bf608a3) sb      t6, 177(a2)
core   0: 3 0x800097dc (0x0bf608a3) mem 0x80015444 0x0
core   0: 0x800097e0 (0x01200233) add     tp, zero, s2
core   0: 3 0x800097e0 (0x01200233) x 4 0x00000099
core   0: 0x800097e4 (0x0aa60e03) lb      t3, 170(a2)
core   0: 3 0x800097e4 (0x0aa60e03) x28 0x00000000 mem 0x8001543d
core   0: 0x800097e8 (0x06060323) sb      zero, 102(a2)
core   0: 3 0x800097e8 (0x06060323) mem 0x800153f9 0x0
core   0: 0x800097ec (0x06660583) lb      a1, 102(a2)
core   0: 3 0x800097ec (0x06660583) x11 0x00000000 mem 0x800153f9
core   0: 0x800097f0 (0xf6d609a3) sb      a3, -141(a2)
core   0: 3 0x800097f0 (0xf6d609a3) mem 0x80015306 0x0
core   0: 0x800097f4 (0xf7361f03) lh      t5, -141(a2)
core   0: 3 0x800097f4 (0xf7361f03) x30 0xffffbc00 mem 0x80015306
core   0: 0x800097f8 (0x0bd64283) lbu     t0, 189(a2)
core   0: 3 0x800097f8 (0x0bd64283) x 5 0x0000000b mem 0x80015450
core   0: 0x800097fc (0x0aa62ea3) sw      a0, 189(a2)
core   0: 3 0x800097fc (0x0aa62ea3) mem 0x80015450 0x00000022
core   0: 0x80009800 (0x0ff60723) sb      t6, 238(a2)
core   0: 3 0x80009800 (0x0ff60723) mem 0x80015481 0x0
core   0: 0x80009804 (0x0001a597) auipc   a1, 0x1a
core   0: 3 0x80009804 (0x0001a597) x11 0x80023804
core   0: 0x80009808 (0x63158593) addi    a1, a1, 1585
core   0: 3 0x80009808 (0x63158593) x11 0x80023e35
core   0: 0x8000980c (0x9cb595a3) sh      a1, -1589(a1)
core   0: 3 0x8000980c (0x9cb595a3) mem 0x80023800 0x3e35
core   0: 0x80009810 (0x44d5dc83) lhu     s9, 1101(a1)
core   0: 3 0x80009810 (0x44d5dc83) x25 0x00003839 mem 0x80024282
core   0: 0x80009814 (0x1455df03) lhu     t5, 325(a1)
core   0: 3 0x80009814 (0x1455df03) x30 0x00003031 mem 0x80023f7a
core   0: 0x80009818 (0x01374033) xor     zero, a4, s3
core   0: 3 0x80009818 (0x01374033)
core   0: 0x8000981c (0xf2959b83) lh      s7, -215(a1)
core   0: 3 0x8000981c (0xf2959b83) x23 0x00001415 mem 0x80023d5e
core   0: 0x80009820 (0x7bb59d83) lh      s11, 1979(a1)
core   0: 3 0x80009820 (0x7bb59d83) x27 0xffffaaab mem 0x800245f0
core   0: 0x80009824 (0x7bb5a183) lw      gp, 1979(a1)
core   0: 3 0x80009824 (0x7bb5a183) x 3 0xa8a9aaab mem 0x800245f0
core   0: 0x80009828 (0xbfd588a3) sb      t4, -1039(a1)
core   0: 3 0x80009828 (0xbfd588a3) mem 0x80023a26 0x9d
core   0: 0x8000982c (0xb685c083) lbu     ra, -1176(a1)
core   0: 3 0x8000982c (0xb685c083) x 1 0x00000056 mem 0x8002399d
core   0: 0x80009830 (0xb6858c03) lb      s8, -1176(a1)
core   0: 3 0x80009830 (0xb6858c03) x24 0x00000056 mem 0x8002399d
core   0: 0x80009834 (0xe1258d83) lb      s11, -494(a1)
core   0: 3 0x80009834 (0xe1258d83) x27 0xfffffffc mem 0x80023c47
core   0: 0x80009838 (0xe1258383) lb      t2, -494(a1)
core   0: 3 0x80009838 (0xe1258383) x 7 0xfffffffc mem 0x80023c47
core   0: 0x8000983c (0xf6768d93) addi    s11, a3, -153
core   0: 3 0x8000983c (0xf6768d93) x27 0x7fffff67
core   0: 0x80009840 (0x4121da93) srai    s5, gp, 18
core   0: 3 0x80009840 (0x4121da93) x21 0xffffea2a
core   0: 0x80009844 (0xe1258803) lb      a6, -494(a1)
core   0: 3 0x80009844 (0xe1258803) x16 0xfffffffc mem 0x80023c47
core   0: 0x80009848 (0xd6d59603) lh      a2, -659(a1)
core   0: 3 0x80009848 (0xd6d59603) x12 0x00005859 mem 0x80023ba2
core   0: 0x8000984c (0x5805c503) lbu     a0, 1408(a1)
core   0: 3 0x8000984c (0x5805c503) x10 0x0000006e mem 0x800243b5
core   0: 0x80009850 (0x8f05cd83) lbu     s11, -1808(a1)
core   0: 3 0x80009850 (0x8f05cd83) x27 0x000000de mem 0x80023725
core   0: 0x80009854 (0x8f058783) lb      a5, -1808(a1)
core   0: 3 0x80009854 (0x8f058783) x15 0xffffffde mem 0x80023725
core   0: 0x80009858 (0x8f058003) lb      zero, -1808(a1)
core   0: 3 0x80009858 (0x8f058003) mem 0x80023725
core   0: 0x8000985c (0x00018717) auipc   a4, 0x18
core   0: 3 0x8000985c (0x00018717) x14 0x8002185c
core   0: 0x80009860 (0x67170713) addi    a4, a4, 1649
core   0: 3 0x80009860 (0x67170713) x14 0x80021ecd
core   0: 0x80009864 (0x082708a3) sb      sp, 145(a4)
core   0: 3 0x80009864 (0x082708a3) mem 0x80021f5e 0xe4
core   0: 0x80009868 (0xc16b7313) andi    t1, s6, -1002
core   0: 3 0x80009868 (0xc16b7313) x 6 0x00000016
core   0: 0x8000986c (0x09174f83) lbu     t6, 145(a4)
core   0: 3 0x8000986c (0x09174f83) x31 0x000000e4 mem 0x80021f5e
core   0: 0x80009870 (0x0ff0000f) fence   iorw,iorw
core   0: 3 0x80009870 (0x0ff0000f)
core   0: 0x80009874 (0x09175283) lhu     t0, 145(a4)
core   0: 3 0x80009874 (0x09175283) x 5 0x000014e4 mem 0x80021f5e
core   0: 0x80009878 (0x09171d83) lh      s11, 145(a4)
core   0: 3 0x80009878 (0x09171d83) x27 0x000014e4 mem 0x80021f5e
core   0: 0x8000987c (0x097708a3) sb      s7, 145(a4)
core   0: 3 0x8000987c (0x097708a3) mem 0x80021f5e 0x15
core   0: 0x80009880 (0x09175003) lhu     zero, 145(a4)
core   0: 3 0x80009880 (0x09175003) mem 0x80021f5e
core   0: 0x80009884 (0x09174003) lbu     zero, 145(a4)
core   0: 3 0x80009884 (0x09174003) mem 0x80021f5e
core   0: 0x80009888 (0x15a88793) addi    a5, a7, 346
core   0: 3 0x80009888 (0x15a88793) x15 0x00000140
core   0: 0x8000988c (0x09174b83) lbu     s7, 145(a4)
core   0: 3 0x8000988c (0x09174b83) x23 0x00000015 mem 0x80021f5e
core   0: 0x80009890 (0x00bc5b13) srli    s6, s8, 11
core   0: 3 0x80009890 (0x00bc5b13) x22 0x00000000
core   0: 0x80009894 (0x151a8213) addi    tp, s5, 337
core   0: 3 0x80009894 (0x151a8213) x 4 0xffffeb7b
core   0: 0x80009898 (0x09171783) lh      a5, 145(a4)
core   0: 3 0x80009898 (0x09171783) x15 0x00001415 mem 0x80021f5e
core   0: 0x8000989c (0x09170f83) lb      t6, 145(a4)
core   0: 3 0x8000989c (0x09170f83) x31 0x00000015 mem 0x80021f5e
core   0: 0x800098a0 (0x09174a03) lbu     s4, 145(a4)
core   0: 3 0x800098a0 (0x09174a03) x20 0x00000015 mem 0x80021f5e
core   0: 0x800098a4 (0x00013f97) auipc   t6, 0x13
core   0: 3 0x800098a4 (0x00013f97) x31 0x8001c8a4
core   0: 0x800098a8 (0x6f5f8f93) addi    t6, t6, 1781
core   0: 3 0x800098a8 (0x6f5f8f93) x31 0x8001cf99
core   0: 0x800098ac (0x40202393) slti    t2, zero, 1026
core   0: 3 0x800098ac (0x40202393) x 7 0x00000001
core   0: 0x800098b0 (0xd0cf8f03) lb      t5, -756(t6)
core   0: 3 0x800098b0 (0xd0cf8f03) x30 0x0000005e mem 0x8001cca5
core   0: 0x800098b4 (0x007ad8b3) srl     a7, s5, t2
core   0: 3 0x800098b4 (0x007ad8b3) x17 0x7ffff515
core   0: 0x800098b8 (0xd2802813) slti    a6, zero, -728
core   0: 3 0x800098b8 (0xd2802813) x16 0x00000000
core   0: 0x800098bc (0xe1102793) slti    a5, zero, -495
core   0: 3 0x800098bc (0xe1102793) x15 0x00000000
core   0: 0x800098c0 (0x7f5f9383) lh      t2, 2037(t6)
core   0: 3 0x800098c0 (0x7f5f9383) x 7 0x00004445 mem 0x8001d78e
core   0: 0x800098c4 (0x02b12513) slti    a0, sp, 43
core   0: 3 0x800098c4 (0x02b12513) x10 0x00000001
core   0: 0x800098c8 (0xacbe8c17) auipc   s8, 0xacbe8
core   0: 3 0x800098c8 (0xacbe8c17) x24 0x2cbf18c8
core   0: 0x800098cc (0x985eec93) ori     s9, t4, -1659
core   0: 3 0x800098cc (0x985eec93) x25 0xffffff9d
core   0: 0x800098d0 (0x811f8283) lb      t0, -2031(t6)
core   0: 3 0x800098d0 (0x811f8283) x 5 0x00000061 mem 0x8001c7aa
core   0: 0x800098d4 (0xe4fdb013) sltiu   zero, s11, -433
core   0: 3 0x800098d4 (0xe4fdb013)
core   0: 0x800098d8 (0x68bf9083) lh      ra, 1675(t6)
core   0: 3 0x800098d8 (0x68bf9083) x 1 0xffffdedf mem 0x8001d624
core   0: 0x800098dc (0x934fcf03) lbu     t5, -1740(t6)
core   0: 3 0x800098dc (0x934fcf03) x30 0x00000086 mem 0x8001c8cd
core   0: 0x800098e0 (0xe3bfa703) lw      a4, -453(t6)
core   0: 3 0x800098e0 (0xe3bfa703) x14 0x8c8d8e8f mem 0x8001cdd4
core   0: 0x800098e4 (0x000bee33) or      t3, s7, zero
core   0: 3 0x800098e4 (0x000bee33) x28 0x00000015
core   0: 0x800098e8 (0xecc7af13) slti    t5, a5, -308
core   0: 3 0x800098e8 (0xecc7af13) x30 0x00000000
core   0: 0x800098ec (0x314f6437) lui     s0, 0x314f6
core   0: 3 0x800098ec (0x314f6437) x 8 0x314f6000
core   0: 0x800098f0 (0xbd8f8423) sb      s8, -1080(t6)
core   0: 3 0x800098f0 (0xbd8f8423) mem 0x8001cb61 0xc8
core   0: 0x800098f4 (0x277fcb03) lbu     s6, 631(t6)
core   0: 3 0x800098f4 (0x277fcb03) x22 0x000000cb mem 0x8001d210
core   0: 0x800098f8 (0x112f8e83) lb      t4, 274(t6)
core   0: 3 0x800098f8 (0x112f8e83) x29 0x00000060 mem 0x8001d0ab
core   0: 0x800098fc (0x01d222b3) slt     t0, tp, t4
core   0: 3 0x800098fc (0x01d222b3) x 5 0x00000001
core   0: 0x80009900 (0xf5ff8503) lb      a0, -161(t6)
core   0: 3 0x80009900 (0xf5ff8503) x10 0xffffffb3 mem 0x8001cef8
core   0: 0x80009904 (0x3945a513) slti    a0, a1, 916
core   0: 3 0x80009904 (0x3945a513) x10 0x00000001
core   0: 0x80009908 (0xb96f8023) sb      s6, -1152(t6)
core   0: 3 0x80009908 (0xb96f8023) mem 0x8001cb19 0xcb
core   0: 0x8000990c (0x0ff0000f) fence   iorw,iorw
core   0: 3 0x8000990c (0x0ff0000f)
core   0: 0x80009910 (0xbe12e1b7) lui     gp, 0xbe12e
core   0: 3 0x80009910 (0xbe12e1b7) x 3 0xbe12e000
core   0: 0x80009914 (0x840f8a23) sb      zero, -1964(t6)
core   0: 3 0x80009914 (0x840f8a23) mem 0x8001c7ed 0x0
core   0: 0x80009918 (0xa09f8383) lb      t2, -1527(t6)
core   0: 3 0x80009918 (0xa09f8383) x 7 0x00000059 mem 0x8001c9a2
core   0: 0x8000991c (0xad0f8f03) lb      t5, -1328(t6)
core   0: 3 0x8000991c (0xad0f8f03) x30 0x00000022 mem 0x8001ca69
core   0: 0x80009920 (0x6f2b2213) slti    tp, s6, 1778
core   0: 3 0x80009920 (0x6f2b2213) x 4 0x00000001
core   0: 0x80009924 (0x6a6af913) andi    s2, s5, 1702
core   0: 3 0x80009924 (0x6a6af913) x18 0x00000222
core   0: 0x80009928 (0x4b9f96a3) sh      s9, 1197(t6)
core   0: 3 0x80009928 (0x4b9f96a3) mem 0x8001d446 0xff9d
core   0: 0x8000992c (0xbdaf8383) lb      t2, -1062(t6)
core   0: 3 0x8000992c (0xbdaf8383) x 7 0x00000028 mem 0x8001cb73
core   0: 0x80009930 (0x3eff8d23) sb      a5, 1018(t6)
core   0: 3 0x80009930 (0x3eff8d23) mem 0x8001d393 0x0
core   0: 0x80009934 (0x73cfa3a3) sw      t3, 1831(t6)
core   0: 3 0x80009934 (0x73cfa3a3) mem 0x8001d6c0 0x00000015
core   0: 0x80009938 (0x517f8623) sb      s7, 1292(t6)
core   0: 3 0x80009938 (0x517f8623) mem 0x8001d4a5 0x15
core   0: 0x8000993c (0x00807933) and     s2, zero, s0
core   0: 3 0x8000993c (0x00807933) x18 0x00000000
core   0: 0x80009940 (0xcb9fcd03) lbu     s10, -839(t6)
core   0: 3 0x80009940 (0xcb9fcd03) x26 0x00000009 mem 0x8001cc52
core   0: 0x80009944 (0x90dfc203) lbu     tp, -1779(t6)
core   0: 3 0x80009944 (0x90dfc203) x 4 0x0000005d mem 0x8001c8a6
core   0: 0x80009948 (0x4fdfd483) lhu     s1, 1277(t6)
core   0: 3 0x80009948 (0x4fdfd483) x 9 0x00004c4d mem 0x8001d496
core   0: 0x8000994c (0x24df9583) lh      a1, 589(t6)
core   0: 3 0x8000994c (0x24df9583) x11 0xffff9c9d mem 0x8001d1e6
core   0: 0x80009950 (0x92cf97a3) sh      a2, -1745(t6)
core   0: 3 0x80009950 (0x92cf97a3) mem 0x8001c8c8 0x5859
core   0: 0x80009954 (0x0076fbb3) and     s7, a3, t2
core   0: 3 0x80009954 (0x0076fbb3) x23 0x00000000
core   0: 0x80009958 (0x0137b233) sltu    tp, a5, s3
core   0: 3 0x80009958 (0x0137b233) x 4 0x00000001
core   0: 0x8000995c (0xc29f88a3) sb      s1, -975(t6)
core   0: 3 0x8000995c (0xc29f88a3) mem 0x8001cbca 0x4d
core   0: 0x80009960 (0xd17f95a3) sh      s7, -757(t6)
core   0: 3 0x80009960 (0xd17f95a3) mem 0x8001cca4 0x0000
core   0: 0x80009964 (0x0000cc17) auipc   s8, 0xc
core   0: 3 0x80009964 (0x0000cc17) x24 0x80015964
core   0: 0x80009968 (0x430c0c13) addi    s8, s8, 1072
core   0: 3 0x80009968 (0x430c0c13) x24 0x80015d94
core   0: 0x8000996c (0x00010497) auipc   s1, 0x10
core   0: 3 0x8000996c (0x00010497) x 9 0x8001996c
core   0: 0x80009970 (0x84d48493) addi    s1, s1, -1971
core   0: 3 0x80009970 (0x84d48493) x 9 0x800191b9
core   0: 0x80009974 (0xfa9c4503) lbu     a0, -87(s8)
core   0: 3 0x80009974 (0xfa9c4503) x10 0x000000f6 mem 0x80015d3d
core   0: 0x80009978 (0x0bac0a03) lb      s4, 186(s8)
core   0: 3 0x80009978 (0x0bac0a03) x20 0x00000005 mem 0x80015e4e
core   0: 0x8000997c (0xfd648283) lb      t0, -42(s1)
core   0: 3 0x8000997c (0xfd648283) x 5 0x00000044 mem 0x8001918f
core   0: 0x80009980 (0x03cc0703) lb      a4, 60(s8)
core   0: 3 0x80009980 (0x03cc0703) x14 0xffffff8b mem 0x80015dd0
core   0: 0x80009984 (0x03948b23) sb      s9, 54(s1)
core   0: 3 0x80009984 (0x03948b23) mem 0x800191ef 0x9d
core   0: 0x80009988 (0xfe548ca3) sb      t0, -7(s1)
core   0: 3 0x80009988 (0xfe548ca3) mem 0x800191b2 0x44
core   0: 0x8000998c (0x0d2c5303) lhu     t1, 210(s8)
core   0: 3 0x8000998c (0x0d2c5303) x 6 0x00001c1d mem 0x80015e66
core   0: 0x80009990 (0x02c4ce83) lbu     t4, 44(s1)
core   0: 3 0x80009990 (0x02c4ce83) x29 0x0000009e mem 0x800191e5
core   0: 0x80009994 (0x02648583) lb      a1, 38(s1)
core   0: 3 0x80009994 (0x02648583) x11 0xffffff94 mem 0x800191df
core   0: 0x80009998 (0xf1bc1f23) sh      s11, -226(s8)
core   0: 3 0x80009998 (0xf1bc1f23) mem 0x80015cb2 0x14e4
core   0: 0x8000999c (0xf24c0f03) lb      t5, -220(s8)
core   0: 3 0x8000999c (0xf24c0f03) x30 0x00000073 mem 0x80015cb8
core   0: 0x800099a0 (0x0354c883) lbu     a7, 53(s1)
core   0: 3 0x800099a0 (0x0354c883) x17 0x000000a5 mem 0x800191ee
core   0: 0x800099a4 (0x0114db03) lhu     s6, 17(s1)
core   0: 3 0x800099a4 (0x0114db03) x22 0x00008081 mem 0x800191ca
core   0: 0x800099a8 (0xf96c5083) lhu     ra, -106(s8)
core   0: 3 0x800099a8 (0xf96c5083) x 1 0x0000e0e1 mem 0x80015d2a
core   0: 0x800099ac (0xf69c4a03) lbu     s4, -151(s8)
core   0: 3 0x800099ac (0xf69c4a03) x20 0x000000b6 mem 0x80015cfd
core   0: 0x800099b0 (0x031c0ba3) sb      a7, 55(s8)
core   0: 3 0x800099b0 (0x031c0ba3) mem 0x80015dcb 0xa5
core   0: 0x800099b4 (0x01c4c383) lbu     t2, 28(s1)
core   0: 3 0x800099b4 (0x01c4c383) x 7 0x0000008e mem 0x800191d5
core   0: 0x800099b8 (0x0000c397) auipc   t2, 0xc
core   0: 3 0x800099b8 (0x0000c397) x 7 0x800159b8
core   0: 0x800099bc (0x53c38393) addi    t2, t2, 1340
core   0: 3 0x800099bc (0x53c38393) x 7 0x80015ef4
core   0: 0x800099c0 (0x0003a783) lw      a5, 0(t2)
core   0: 3 0x800099c0 (0x0003a783) x15 0x00adaeaf mem 0x80015ef4
core   0: 0x800099c4 (0xb72f3893) sltiu   a7, t5, -1166
core   0: 3 0x800099c4 (0xb72f3893) x17 0x00000001
core   0: 0x800099c8 (0x00039503) lh      a0, 0(t2)
core   0: 3 0x800099c8 (0x00039503) x10 0xffffaeaf mem 0x80015ef4
core   0: 0x800099cc (0x87794893) xori    a7, s2, -1929
core   0: 3 0x800099cc (0x87794893) x17 0xfffff877
core   0: 0x800099d0 (0x0003ac03) lw      s8, 0(t2)
core   0: 3 0x800099d0 (0x0003ac03) x24 0x00adaeaf mem 0x80015ef4
core   0: 0x800099d4 (0x012bd213) srli    tp, s7, 18
core   0: 3 0x800099d4 (0x012bd213) x 4 0x00000000
core   0: 0x800099d8 (0x01938023) sb      s9, 0(t2)
core   0: 3 0x800099d8 (0x01938023) mem 0x80015ef4 0x9d
core   0: 0x800099dc (0x01738023) sb      s7, 0(t2)
core   0: 3 0x800099dc (0x01738023) mem 0x80015ef4 0x0
core   0: 0x800099e0 (0x0063d303) lhu     t1, 6(t2)
core   0: 3 0x800099e0 (0x0063d303) x 6 0x0000b0b1 mem 0x80015efa
core   0: 0x800099e4 (0x048b7d93) andi    s11, s6, 72
core   0: 3 0x800099e4 (0x048b7d93) x27 0x00000000
core   0: 0x800099e8 (0x00638183) lb      gp, 6(t2)
core   0: 3 0x800099e8 (0x00638183) x 3 0xffffffb1 mem 0x80015efa
core   0: 0x800099ec (0x00639b03) lh      s6, 6(t2)
core   0: 3 0x800099ec (0x00639b03) x22 0xffffb0b1 mem 0x80015efa
core   0: 0x800099f0 (0x042ab613) sltiu   a2, s5, 66
core   0: 3 0x800099f0 (0x042ab613) x12 0x00000000
core   0: 0x800099f4 (0x01e39323) sh      t5, 6(t2)
core   0: 3 0x800099f4 (0x01e39323) mem 0x80015efa 0x0073
core   0: 0x800099f8 (0xff138e83) lb      t4, -15(t2)
core   0: 3 0x800099f8 (0xff138e83) x29 0x00000000 mem 0x80015ee5
core   0: 0x800099fc (0xff138083) lb      ra, -15(t2)
core   0: 3 0x800099fc (0xff138083) x 1 0x00000000 mem 0x80015ee5
core   0: 0x80009a00 (0xff13c703) lbu     a4, -15(t2)
core   0: 3 0x80009a00 (0xff13c703) x14 0x00000000 mem 0x80015ee5
core   0: 0x80009a04 (0xf824f337) lui     t1, 0xf824f
core   0: 3 0x80009a04 (0xf824f337) x 6 0xf824f000
core   0: 0x80009a08 (0x01709b13) slli    s6, ra, 23
core   0: 3 0x80009a08 (0x01709b13) x22 0x00000000
core   0: 0x80009a0c (0xff138c03) lb      s8, -15(t2)
core   0: 3 0x80009a0c (0xff138c03) x24 0x00000000 mem 0x80015ee5
core   0: 0x80009a10 (0x0000c617) auipc   a2, 0xc
core   0: 3 0x80009a10 (0x0000c617) x12 0x80015a10
core   0: 0x80009a14 (0x3cc60613) addi    a2, a2, 972
core   0: 3 0x80009a14 (0x3cc60613) x12 0x80015ddc
core   0: 0x80009a18 (0xf7764483) lbu     s1, -137(a2)
core   0: 3 0x80009a18 (0xf7764483) x 9 0x00000008 mem 0x80015d53
core   0: 0x80009a1c (0xf7764903) lbu     s2, -137(a2)
core   0: 3 0x80009a1c (0xf7764903) x18 0x00000008 mem 0x80015d53
core   0: 0x80009a20 (0x41c38733) sub     a4, t2, t3
core   0: 3 0x80009a20 (0x41c38733) x14 0x80015edf
core   0: 0x80009a24 (0xf7764b83) lbu     s7, -137(a2)
core   0: 3 0x80009a24 (0xf7764b83) x23 0x00000008 mem 0x80015d53
core   0: 0x80009a28 (0xf7764a83) lbu     s5, -137(a2)
core   0: 3 0x80009a28 (0xf7764a83) x21 0x00000008 mem 0x80015d53
core   0: 0x80009a2c (0x0c760fa3) sb      t2, 223(a2)
core   0: 3 0x80009a2c (0x0c760fa3) mem 0x80015ebb 0xf4
core   0: 0x80009a30 (0x0df60583) lb      a1, 223(a2)
core   0: 3 0x80009a30 (0x0df60583) x11 0xfffffff4 mem 0x80015ebb
core   0: 0x80009a34 (0x0df60a03) lb      s4, 223(a2)
core   0: 3 0x80009a34 (0x0df60a03) x20 0xfffffff4 mem 0x80015ebb
core   0: 0x80009a38 (0xc4de4b13) xori    s6, t3, -947
core   0: 3 0x80009a38 (0xc4de4b13) x22 0xfffffc58
core   0: 0x80009a3c (0x86c9af13) slti    t5, s3, -1940
core   0: 3 0x80009a3c (0x86c9af13) x30 0x00000001
core   0: 0x80009a40 (0xf3c62903) lw      s2, -196(a2)
core   0: 3 0x80009a40 (0xf3c62903) x18 0xd0d1d2d3 mem 0x80015d18
core   0: 0x80009a44 (0x00760da3) sb      t2, 27(a2)
core   0: 3 0x80009a44 (0x00760da3) mem 0x80015df7 0xf4
core   0: 0x80009a48 (0xcb54a897) auipc   a7, 0xcb54a
core   0: 3 0x80009a48 (0xcb54a897) x17 0x4b553a48
core   0: 0x80009a4c (0xf1761823) sh      s7, -240(a2)
core   0: 3 0x80009a4c (0xf1761823) mem 0x80015cec 0x0008
core   0: 0x80009a50 (0xf1060883) lb      a7, -240(a2)
core   0: 3 0x80009a50 (0xf1060883) x17 0x00000008 mem 0x80015cec
core   0: 0x80009a54 (0xf1062d83) lw      s11, -240(a2)
core   0: 3 0x80009a54 (0xf1062d83) x27 0xa4a50008 mem 0x80015cec
core   0: 0x80009a58 (0xf8564703) lbu     a4, -123(a2)
core   0: 3 0x80009a58 (0xf8564703) x14 0x0000001a mem 0x80015d61
core   0: 0x80009a5c (0x00d35b13) srli    s6, t1, 13
core   0: 3 0x80009a5c (0x00d35b13) x22 0x0007c127
core   0: 0x80009a60 (0x015380b3) add     ra, t2, s5
core   0: 3 0x80009a60 (0x015380b3) x 1 0x80015efc
core   0: 0x80009a64 (0xf9b602a3) sb      s11, -123(a2)
core   0: 3 0x80009a64 (0xf9b602a3) mem 0x80015d61 0x8
core   0: 0x80009a68 (0xf8564503) lbu     a0, -123(a2)
core   0: 3 0x80009a68 (0xf8564503) x10 0x00000008 mem 0x80015d61
core   0: 0x80009a6c (0x0a764283) lbu     t0, 167(a2)
core   0: 3 0x80009a6c (0x0a764283) x 5 0x00000038 mem 0x80015e83
core   0: 0x80009a70 (0x06860323) sb      s0, 102(a2)
core   0: 3 0x80009a70 (0x06860323) mem 0x80015e42 0x0
core   0: 0x80009a74 (0x060602a3) sb      zero, 101(a2)
core   0: 3 0x80009a74 (0x060602a3) mem 0x80015e41 0x0
core   0: 0x80009a78 (0x0000c617) auipc   a2, 0xc
core   0: 3 0x80009a78 (0x0000c617) x12 0x80015a78
core   0: 0x80009a7c (0xfd860613) addi    a2, a2, -40
core   0: 3 0x80009a7c (0xfd860613) x12 0x80015a50
core   0: 0x80009a80 (0x00a60b03) lb      s6, 10(a2)
core   0: 3 0x80009a80 (0x00a60b03) x22 0x00000011 mem 0x80015a5a
core   0: 0x80009a84 (0x00a60203) lb      tp, 10(a2)
core   0: 3 0x80009a84 (0x00a60203) x 4 0x00000011 mem 0x80015a5a
core   0: 0x80009a88 (0x00b64703) lbu     a4, 11(a2)
core   0: 3 0x80009a88 (0x00b64703) x14 0x00000010 mem 0x80015a5b
core   0: 0x80009a8c (0x016605a3) sb      s6, 11(a2)
core   0: 3 0x80009a8c (0x016605a3) mem 0x80015a5b 0x11
core   0: 0x80009a90 (0x01060003) lb      zero, 16(a2)
core   0: 3 0x80009a90 (0x01060003) mem 0x80015a60
core   0: 0x80009a94 (0x01060a83) lb      s5, 16(a2)
core   0: 3 0x80009a94 (0x01060a83) x21 0x0000001b mem 0x80015a60
core   0: 0x80009a98 (0x00261823) sh      sp, 16(a2)
core   0: 3 0x80009a98 (0x00261823) mem 0x80015a60 0xece4
core   0: 0x80009a9c (0x0000100f) fence.i
core   0: 3 0x80009a9c (0x0000100f)
core   0: 0x80009aa0 (0x01064483) lbu     s1, 16(a2)
core   0: 3 0x80009aa0 (0x01064483) x 9 0x000000e4 mem 0x80015a60
core   0: 0x80009aa4 (0xfec60da3) sb      a2, -5(a2)
core   0: 3 0x80009aa4 (0xfec60da3) mem 0x80015a4b 0x50
core   0: 0x80009aa8 (0x00aafeb3) and     t4, s5, a0
core   0: 3 0x80009aa8 (0x00aafeb3) x29 0x00000008
core   0: 0x80009aac (0xfe060da3) sb      zero, -5(a2)
core   0: 3 0x80009aac (0xfe060da3) mem 0x80015a4b 0x0
core   0: 0x80009ab0 (0x00d60f03) lb      t5, 13(a2)
core   0: 3 0x80009ab0 (0x00d60f03) x30 0x00000016 mem 0x80015a5d
core   0: 0x80009ab4 (0xfea60aa3) sb      a0, -11(a2)
core   0: 3 0x80009ab4 (0xfea60aa3) mem 0x80015a45 0x8
core   0: 0x80009ab8 (0xff964d83) lbu     s11, -7(a2)
core   0: 3 0x80009ab8 (0xff964d83) x27 0x00000002 mem 0x80015a49
core   0: 0x80009abc (0x00d722b3) slt     t0, a4, a3
core   0: 3 0x80009abc (0x00d722b3) x 5 0x00000000
core   0: 0x80009ac0 (0x00560403) lb      s0, 5(a2)
core   0: 3 0x80009ac0 (0x00560403) x 8 0x0000000e mem 0x80015a55
core   0: 0x80009ac4 (0x00564303) lbu     t1, 5(a2)
core   0: 3 0x80009ac4 (0x00564303) x 6 0x0000000e mem 0x80015a55
core   0: 0x80009ac8 (0x00564803) lbu     a6, 5(a2)
core   0: 3 0x80009ac8 (0x00564803) x16 0x0000000e mem 0x80015a55
core   0: 0x80009acc (0x00010517) auipc   a0, 0x10
core   0: 3 0x80009acc (0x00010517) x10 0x80019acc
core   0: 0x80009ad0 (0x3c850513) addi    a0, a0, 968
core   0: 3 0x80009ad0 (0x3c850513) x10 0x80019e94
core   0: 0x80009ad4 (0xfa551323) sh      t0, -90(a0)
core   0: 3 0x80009ad4 (0xfa551323) mem 0x80019e3a 0x0000
core   0: 0x80009ad8 (0x4124d593) srai    a1, s1, 18
core   0: 3 0x80009ad8 (0x4124d593) x11 0x00000000
core   0: 0x80009adc (0x019502a3) sb      s9, 5(a0)
core   0: 3 0x80009adc (0x019502a3) mem 0x80019e99 0x9d
core   0: 0x80009ae0 (0xf3c54f83) lbu     t6, -196(a0)
core   0: 3 0x80009ae0 (0xf3c54f83) x31 0x0000008b mem 0x80019dd0
core   0: 0x80009ae4 (0xea52ea93) ori     s5, t0, -347
core   0: 3 0x80009ae4 (0xea52ea93) x21 0xfffffea5
core   0: 0x80009ae8 (0xff350183) lb      gp, -13(a0)
core   0: 3 0x80009ae8 (0xff350183) x 3 0x0000003c mem 0x80019e87
core   0: 0x80009aec (0xffa55903) lhu     s2, -6(a0)
core   0: 3 0x80009aec (0xffa55903) x18 0x00004445 mem 0x80019e8e
core   0: 0x80009af0 (0x09852603) lw      a2, 152(a0)
core   0: 3 0x80009af0 (0x09852603) x12 0xe4e5e6e7 mem 0x80019f2c
core   0: 0x80009af4 (0x00c52c23) sw      a2, 24(a0)
core   0: 3 0x80009af4 (0x00c52c23) mem 0x80019eac 0xe4e5e6e7
core   0: 0x80009af8 (0xfb354383) lbu     t2, -77(a0)
core   0: 3 0x80009af8 (0xfb354383) x 7 0x000000fc mem 0x80019e47
core   0: 0x80009afc (0xa775a393) slti    t2, a1, -1417
core   0: 3 0x80009afc (0xa775a393) x 7 0x00000000
core   0: 0x80009b00 (0xfae50aa3) sb      a4, -75(a0)
core   0: 3 0x80009b00 (0xfae50aa3) mem 0x80019e49 0x10
core   0: 0x80009b04 (0x06e54203) lbu     tp, 110(a0)
core   0: 3 0x80009b04 (0x06e54203) x 4 0x000000b9 mem 0x80019f02
core   0: 0x80009b08 (0x01a15fb3) srl     t6, sp, s10
core   0: 3 0x80009b08 (0x01a15fb3) x31 0x00400176
core   0: 0x80009b0c (0xfe254483) lbu     s1, -30(a0)
core   0: 3 0x80009b0c (0xfe254483) x 9 0x0000002d mem 0x80019e76
core   0: 0x80009b10 (0x6e1ebbb7) lui     s7, 0x6e1eb
core   0: 3 0x80009b10 (0x6e1ebbb7) x23 0x6e1eb000
core   0: 0x80009b14 (0x00154a83) lbu     s5, 1(a0)
core   0: 3 0x80009b14 (0x00154a83) x21 0x0000004e mem 0x80019e95
core   0: 0x80009b18 (0x00254303) lbu     t1, 2(a0)
core   0: 3 0x80009b18 (0x00254303) x 6 0x0000004d mem 0x80019e96
core   0: 0x80009b1c (0x013c4eb3) xor     t4, s8, s3
core   0: 3 0x80009b1c (0x013c4eb3) x29 0x8002ae64
core   0: 0x80009b20 (0xfa054f03) lbu     t5, -96(a0)
core   0: 3 0x80009b20 (0xfa054f03) x30 0x000000ef mem 0x80019e34
core   0: 0x80009b24 (0xfae52023) sw      a4, -96(a0)
core   0: 3 0x80009b24 (0xfae52023) mem 0x80019e34 0x00000010
core   0: 0x80009b28 (0x0000ca97) auipc   s5, 0xc
core   0: 3 0x80009b28 (0x0000ca97) x21 0x80015b28
core   0: 0x80009b2c (0x1eaa8a93) addi    s5, s5, 490
core   0: 3 0x80009b2c (0x1eaa8a93) x21 0x80015d12
core   0: 0x80009b30 (0x0013aeb3) slt     t4, t2, ra
core   0: 3 0x80009b30 (0x0013aeb3) x29 0x00000000
core   0: 0x80009b34 (0x8feac493) xori    s1, s5, -1794
core   0: 3 0x80009b34 (0x8feac493) x 9 0x7ffea5ec
core   0: 0x80009b38 (0x004b9013) slli    zero, s7, 4
core   0: 3 0x80009b38 (0x004b9013)
core   0: 0x80009b3c (0x91263637) lui     a2, 0x91263
core   0: 3 0x80009b3c (0x91263637) x12 0x91263000
core   0: 0x80009b40 (0xfd0ad003) lhu     zero, -48(s5)
core   0: 3 0x80009b40 (0xfd0ad003) mem 0x80015ce2
core   0: 0x80009b44 (0xfc8ac383) lbu     t2, -56(s5)
core   0: 3 0x80009b44 (0xfc8ac383) x 7 0x00000091 mem 0x80015cda
core   0: 0x80009b48 (0x40c5d2b3) sra     t0, a1, a2
core   0: 3 0x80009b48 (0x40c5d2b3) x 5 0x00000000
core   0: 0x80009b4c (0x021ac003) lbu     zero, 33(s5)
core   0: 3 0x80009b4c (0x021ac003) mem 0x80015d33
core   0: 0x80009b50 (0xfcca8883) lb      a7, -52(s5)
core   0: 3 0x80009b50 (0xfcca8883) x17 0x00000000 mem 0x80015cde
core   0: 0x80009b54 (0x012ac303) lbu     t1, 18(s5)
core   0: 3 0x80009b54 (0x012ac303) x 6 0x000000df mem 0x80015d24
core   0: 0x80009b58 (0xfeca8603) lb      a2, -20(s5)
core   0: 3 0x80009b58 (0xfeca8603) x12 0xffffffb5 mem 0x80015cfe
core   0: 0x80009b5c (0xff8a9923) sh      s8, -14(s5)
core   0: 3 0x80009b5c (0xff8a9923) mem 0x80015d04 0x0000
core   0: 0x80009b60 (0x0ff0000f) fence   iorw,iorw
core   0: 3 0x80009b60 (0x0ff0000f)
core   0: 0x80009b64 (0xfc9a8283) lb      t0, -55(s5)
core   0: 3 0x80009b64 (0xfc9a8283) x 5 0xffffff90 mem 0x80015cdb
core   0: 0x80009b68 (0x015a8403) lb      s0, 21(s5)
core   0: 3 0x80009b68 (0x015a8403) x 8 0xffffffdc mem 0x80015d27
core   0: 0x80009b6c (0x03ca8e23) sb      t3, 60(s5)
core   0: 3 0x80009b6c (0x03ca8e23) mem 0x80015d4e 0x15
core   0: 0x80009b70 (0xb7780f93) addi    t6, a6, -1161
core   0: 3 0x80009b70 (0xb7780f93) x31 0xfffffb85
core   0: 0x80009b74 (0xc334cb93) xori    s7, s1, -973
core   0: 3 0x80009b74 (0xc334cb93) x23 0x800159df
core   0: 0x80009b78 (0x69664213) xori    tp, a2, 1686
core   0: 3 0x80009b78 (0x69664213) x 4 0xfffff923
core   0: 0x80009b7c (0xfd8a9283) lh      t0, -40(s5)
core   0: 3 0x80009b7c (0xfd8a9283) x 5 0x00000000 mem 0x80015cea
core   0: 0x80009b80 (0x4083d533) sra     a0, t2, s0
core   0: 3 0x80009b80 (0x4083d533) x10 0x00000000
core   0: 0x80009b84 (0x016fdb93) srli    s7, t6, 22
core   0: 3 0x80009b84 (0x016fdb93) x23 0x000003ff
core   0: 0x80009b88 (0x016a8aa3) sb      s6, 21(s5)
core   0: 3 0x80009b88 (0x016a8aa3) mem 0x80015d27 0x11
core   0: 0x80009b8c (0x035a8f03) lb      t5, 53(s5)
core   0: 3 0x80009b8c (0x035a8f03) x30 0xffffffec mem 0x80015d47
core   0: 0x80009b90 (0x011c2e33) slt     t3, s8, a7
core   0: 3 0x80009b90 (0x011c2e33) x28 0x00000000
core   0: 0x80009b94 (0x022a85a3) sb      sp, 43(s5)
core   0: 3 0x80009b94 (0x022a85a3) mem 0x80015d3d 0xe4
core   0: 0x80009b98 (0x000e1833) sll     a6, t3, zero
core   0: 3 0x80009b98 (0x000e1833) x16 0x00000000
core   0: 0x80009b9c (0x01fa8003) lb      zero, 31(s5)
core   0: 3 0x80009b9c (0x01fa8003) mem 0x80015d31
core   0: 0x80009ba0 (0x00abf233) and     tp, s7, a0
core   0: 3 0x80009ba0 (0x00abf233) x 4 0x00000000
core   0: 0x80009ba4 (0x009ac703) lbu     a4, 9(s5)
core   0: 3 0x80009ba4 (0x009ac703) x14 0x000000d0 mem 0x80015d1b
core   0: 0x80009ba8 (0x002aa783) lw      a5, 2(s5)
core   0: 3 0x80009ba8 (0x002aa783) x15 0xcccdcecf mem 0x80015d14
core   0: 0x80009bac (0xfeaaab83) lw      s7, -22(s5)
core   0: 3 0x80009bac (0xfeaaab83) x23 0xb4b5b600 mem 0x80015cfc
core   0: 0x80009bb0 (0xe1a9e613) ori     a2, s3, -486
core   0: 3 0x80009bb0 (0xe1a9e613) x12 0xfffffe7e
core   0: 0x80009bb4 (0xfffacf03) lbu     t5, -1(s5)
core   0: 3 0x80009bb4 (0xfffacf03) x30 0x000000ce mem 0x80015d11
core   0: 0x80009bb8 (0x0000c097) auipc   ra, 0xc
core   0: 3 0x80009bb8 (0x0000c097) x 1 0x80015bb8
core   0: 0x80009bbc (0x44708093) addi    ra, ra, 1095
core   0: 3 0x80009bbc (0x44708093) x 1 0x80015fff
core   0: 0x80009bc0 (0x0000c217) auipc   tp, 0xc
core   0: 3 0x80009bc0 (0x0000c217) x 4 0x80015bc0
core   0: 0x80009bc4 (0x40220213) addi    tp, tp, 1026
core   0: 3 0x80009bc4 (0x40220213) x 4 0x80015fc2
core   0: 0x80009bc8 (0xfed08023) sb      a3, -32(ra)
core   0: 3 0x80009bc8 (0xfed08023) mem 0x80015fdf 0x0
core   0: 0x80009bcc (0x0000c297) auipc   t0, 0xc
core   0: 3 0x80009bcc (0x0000c297) x 5 0x80015bcc
core   0: 0x80009bd0 (0x14c28293) addi    t0, t0, 332
core   0: 3 0x80009bd0 (0x14c28293) x 5 0x80015d18
core   0: 0x80009bd4 (0xfc109d03) lh      s10, -63(ra)
core   0: 3 0x80009bd4 (0xfc109d03) x26 0x00007a7b mem 0x80015fc0
core   0: 0x80009bd8 (0xff528f03) lb      t5, -11(t0)
core   0: 3 0x80009bd8 (0xff528f03) x30 0xffffffc6 mem 0x80015d0d
core   0: 0x80009bdc (0xf2b09c03) lh      s8, -213(ra)
core   0: 3 0x80009bdc (0xf2b09c03) x24 0x000021e8 mem 0x80015f2a
core   0: 0x80009be0 (0xfe8206a3) sb      s0, -19(tp)
core   0: 3 0x80009be0 (0xfe8206a3) mem 0x80015faf 0xdc
core   0: 0x80009be4 (0x00a28503) lb      a0, 10(t0)
core   0: 3 0x80009be4 (0x00a28503) x10 0xffffffd9 mem 0x80015d22
core   0: 0x80009be8 (0x01d20da3) sb      t4, 27(tp)
core   0: 3 0x80009be8 (0x01d20da3) mem 0x80015fdd 0x0
core   0: 0x80009bec (0xffa22f23) sw      s10, -2(tp)
core   0: 3 0x80009bec (0xffa22f23) mem 0x80015fc0 0x00007a7b
core   0: 0x80009bf0 (0x00f28603) lb      a2, 15(t0)
core   0: 3 0x80009bf0 (0x00f28603) x12 0x00000011 mem 0x80015d27
core   0: 0x80009bf4 (0xfd924b83) lbu     s7, -39(tp)
core   0: 3 0x80009bf4 (0xfd924b83) x23 0x00000050 mem 0x80015f9b
core   0: 0x80009bf8 (0xfc70c483) lbu     s1, -57(ra)
core   0: 3 0x80009bf8 (0xfc70c483) x 9 0x00000085 mem 0x80015fc6
core   0: 0x80009bfc (0x01620b23) sb      s6, 22(tp)
core   0: 3 0x80009bfc (0x01620b23) mem 0x80015fd8 0x11
core   0: 0x80009c00 (0x00429303) lh      t1, 4(t0)
core   0: 3 0x80009c00 (0x00429303) x 6 0xffffd6d7 mem 0x80015d1c
core   0: 0x80009c04 (0xf64096a3) sh      tp, -147(ra)
core   0: 3 0x80009c04 (0xf64096a3) mem 0x80015f6c 0x5fc2
core   0: 0x80009c08 (0xff920003) lb      zero, -7(tp)
core   0: 3 0x80009c08 (0xff920003) mem 0x80015fbb
core   0: 0x80009c0c (0xfb40aea3) sw      s4, -67(ra)
core   0: 3 0x80009c0c (0xfb40aea3) mem 0x80015fbc 0xfffffff4
core   0: 0x80009c10 (0xf590aaa3) sw      s9, -171(ra)
core   0: 3 0x80009c10 (0xf590aaa3) mem 0x80015f54 0xffffff9d
core   0: 0x80009c14 (0xfc824b03) lbu     s6, -56(tp)
core   0: 3 0x80009c14 (0xfc824b03) x22 0x00000041 mem 0x80015f8a
core   0: 0x80009c18 (0x00320603) lb      a2, 3(tp)
core   0: 3 0x80009c18 (0x00320603) x12 0x0000007e mem 0x80015fc5
core   0: 0x80009c1c (0xfe408fa3) sb      tp, -1(ra)
core   0: 3 0x80009c1c (0xfe408fa3) mem 0x80015ffe 0xc2
core   0: 0x80009c20 (0x01128623) sb      a7, 12(t0)
core   0: 3 0x80009c20 (0x01128623) mem 0x80015d24 0x0
core   0: 0x80009c24 (0xfa208483) lb      s1, -94(ra)
core   0: 3 0x80009c24 (0xfa208483) x 9 0x0000005a mem 0x80015fa1
core   0: 0x80009c28 (0xff02a903) lw      s2, -16(t0)
core   0: 3 0x80009c28 (0xff02a903) x18 0xc0c1d2c3 mem 0x80015d08
core   0: 0x80009c2c (0x01c21c83) lh      s9, 28(tp)
core   0: 3 0x80009c2c (0x01c21c83) x25 0x00000095 mem 0x80015fde
core   0: 0x80009c30 (0xff429883) lh      a7, -12(t0)
core   0: 3 0x80009c30 (0xff429883) x17 0xffffc63c mem 0x80015d0c
core   0: 0x80009c34 (0x0001c297) auipc   t0, 0x1c
core   0: 3 0x80009c34 (0x0001c297) x 5 0x80025c34
core   0: 0x80009c38 (0xcbc28293) addi    t0, t0, -836
core   0: 3 0x80009c38 (0xcbc28293) x 5 0x800258f0
core   0: 0x80009c3c (0xeb328da3) sb      s3, -325(t0)
core   0: 3 0x80009c3c (0xeb328da3) mem 0x800257ab 0x64
core   0: 0x80009c40 (0xebb28c83) lb      s9, -325(t0)
core   0: 3 0x80009c40 (0xebb28c83) x25 0x00000064 mem 0x800257ab
core   0: 0x80009c44 (0xebb2c303) lbu     t1, -325(t0)
core   0: 3 0x80009c44 (0xebb2c303) x 6 0x00000064 mem 0x800257ab
core   0: 0x80009c48 (0x20c22413) slti    s0, tp, 524
core   0: 3 0x80009c48 (0x20c22413) x 8 0x00000001
core   0: 0x80009c4c (0xebb28483) lb      s1, -325(t0)
core   0: 3 0x80009c4c (0xebb28483) x 9 0x00000064 mem 0x800257ab
core   0: 0x80009c50 (0x0ff0000f) fence   iorw,iorw
core   0: 3 0x80009c50 (0x0ff0000f)
core   0: 0x80009c54 (0x3c397a13) andi    s4, s2, 963
core   0: 3 0x80009c54 (0x3c397a13) x20 0x000002c3
core   0: 0x80009c58 (0x0ff0000f) fence   iorw,iorw
core   0: 3 0x80009c58 (0x0ff0000f)
core   0: 0x80009c5c (0xea028da3) sb      zero, -325(t0)
core   0: 3 0x80009c5c (0xea028da3) mem 0x800257ab 0x0
core   0: 0x80009c60 (0xebb2cb03) lbu     s6, -325(t0)
core   0: 3 0x80009c60 (0xebb2cb03) x22 0x00000000 mem 0x800257ab
core   0: 0x80009c64 (0x4cf28203) lb      tp, 1231(t0)
core   0: 3 0x80009c64 (0x4cf28203) x 4 0x00000074 mem 0x80025dbf
core   0: 0x80009c68 (0x4cd287a3) sb      a3, 1231(t0)
core   0: 3 0x80009c68 (0x4cd287a3) mem 0x80025dbf 0x0
core   0: 0x80009c6c (0x4cf28803) lb      a6, 1231(t0)
core   0: 3 0x80009c6c (0x4cf28803) x16 0x00000000 mem 0x80025dbf
core   0: 0x80009c70 (0x600285a3) sb      zero, 1547(t0)
core   0: 3 0x80009c70 (0x600285a3) mem 0x80025efb 0x0
core   0: 0x80009c74 (0x60b28603) lb      a2, 1547(t0)
core   0: 3 0x80009c74 (0x60b28603) x12 0x00000000 mem 0x80025efb
core   0: 0x80009c78 (0x60b2c603) lbu     a2, 1547(t0)
core   0: 3 0x80009c78 (0x60b2c603) x12 0x00000000 mem 0x80025efb
core   0: 0x80009c7c (0x74c2c703) lbu     a4, 1868(t0)
core   0: 3 0x80009c7c (0x74c2c703) x14 0x000000f7 mem 0x8002603c
core   0: 0x80009c80 (0xa8a2dc83) lhu     s9, -1398(t0)
core   0: 3 0x80009c80 (0xa8a2dc83) x25 0x00003031 mem 0x8002537a
core   0: 0x80009c84 (0xa8a29a83) lh      s5, -1398(t0)
core   0: 3 0x80009c84 (0xa8a29a83) x21 0x00003031 mem 0x8002537a
core   0: 0x80009c88 (0x38b28503) lb      a0, 907(t0)
core   0: 3 0x80009c88 (0x38b28503) x10 0x00000030 mem 0x80025c7b
core   0: 0x80009c8c (0x0e128783) lb      a5, 225(t0)
core   0: 3 0x80009c8c (0x0e128783) x15 0xffffff8a mem 0x800259d1
core   0: 0x80009c90 (0x0f7280a3) sb      s7, 225(t0)
core   0: 3 0x80009c90 (0x0f7280a3) mem 0x800259d1 0x50
core   0: 0x80009c94 (0x00000013) nop
core   0: 3 0x80009c94 (0x00000013)
core   0: 0x80009c98 (0x0ef280a3) sb      a5, 225(t0)
core   0: 3 0x80009c98 (0x0ef280a3) mem 0x800259d1 0x8a
core   0: 0x80009c9c (0x0000c497) auipc   s1, 0xc
core   0: 3 0x80009c9c (0x0000c497) x 9 0x80015c9c
core   0: 0x80009ca0 (0x14c48493) addi    s1, s1, 332
core   0: 3 0x80009ca0 (0x14c48493) x 9 0x80015de8
core   0: 0x80009ca4 (0x01449923) sh      s4, 18(s1)
core   0: 3 0x80009ca4 (0x01449923) mem 0x80015dfa 0x02c3
core   0: 0x80009ca8 (0x383fe713) ori     a4, t6, 899
core   0: 3 0x80009ca8 (0x383fe713) x14 0xfffffb87
core   0: 0x80009cac (0x00849923) sh      s0, 18(s1)
core   0: 3 0x80009cac (0x00849923) mem 0x80015dfa 0x0001
core   0: 0x80009cb0 (0xfdc48803) lb      a6, -36(s1)
core   0: 3 0x80009cb0 (0xfdc48803) x16 0x00000014 mem 0x80015dc4
core   0: 0x80009cb4 (0xfcf48f03) lb      t5, -49(s1)
core   0: 3 0x80009cb4 (0xfcf48f03) x30 0x0000006c mem 0x80015db7
core   0: 0x80009cb8 (0xfcf487a3) sb      a5, -49(s1)
core   0: 3 0x80009cb8 (0xfcf487a3) mem 0x80015db7 0x8a
core   0: 0x80009cbc (0xfcf48d83) lb      s11, -49(s1)
core   0: 3 0x80009cbc (0xfcf48d83) x27 0xffffff8a mem 0x80015db7
core   0: 0x80009cc0 (0xfcb48c83) lb      s9, -53(s1)
core   0: 3 0x80009cc0 (0xfcb48c83) x25 0x00000068 mem 0x80015db3
core   0: 0x80009cc4 (0x004b9193) slli    gp, s7, 4
core   0: 3 0x80009cc4 (0x004b9193) x 3 0x00000500
core   0: 0x80009cc8 (0x0264a223) sw      t1, 36(s1)
core   0: 3 0x80009cc8 (0x0264a223) mem 0x80015e0c 0x00000064
core   0: 0x80009ccc (0x01748b03) lb      s6, 23(s1)
core   0: 3 0x80009ccc (0x01748b03) x22 0xffffffcc mem 0x80015dff
core   0: 0x80009cd0 (0x3ca0f193) andi    gp, ra, 970
core   0: 3 0x80009cd0 (0x3ca0f193) x 3 0x000003ca
core   0: 0x80009cd4 (0xb9244293) xori    t0, s0, -1134
core   0: 3 0x80009cd4 (0xb9244293) x 5 0xfffffb93
core   0: 0x80009cd8 (0x4194dd33) sra     s10, s1, s9
core   0: 3 0x80009cd8 (0x4194dd33) x26 0xff80015d
core   0: 0x80009cdc (0x03b4cd83) lbu     s11, 59(s1)
core   0: 3 0x80009cdc (0x03b4cd83) x27 0x000000d8 mem 0x80015e23
core   0: 0x80009ce0 (0xfe54c003) lbu     zero, -27(s1)
core   0: 3 0x80009ce0 (0xfe54c003) mem 0x80015dcd
core   0: 0x80009ce4 (0x0127ebb3) or      s7, a5, s2
core   0: 3 0x80009ce4 (0x0127ebb3) x23 0xffffffcb
core   0: 0x80009ce8 (0xfe548f83) lb      t6, -27(s1)
core   0: 3 0x80009ce8 (0xfe548f83) x31 0xffffff86 mem 0x80015dcd
core   0: 0x80009cec (0xfeb482a3) sb      a1, -27(s1)
core   0: 3 0x80009cec (0xfeb482a3) mem 0x80015dcd 0x0
core   0: 0x80009cf0 (0xf5506f93) ori     t6, zero, -171
core   0: 3 0x80009cf0 (0xf5506f93) x31 0xffffff55
core   0: 0x80009cf4 (0x03f487a3) sb      t6, 47(s1)
core   0: 3 0x80009cf4 (0x03f487a3) mem 0x80015e17 0x55
core   0: 0x80009cf8 (0x038487a3) sb      s8, 47(s1)
core   0: 3 0x80009cf8 (0x038487a3) mem 0x80015e17 0xe8
core   0: 0x80009cfc (0x00018817) auipc   a6, 0x18
core   0: 3 0x80009cfc (0x00018817) x16 0x80021cfc
core   0: 0x80009d00 (0x8e080813) addi    a6, a6, -1824
core   0: 3 0x80009d00 (0x8e080813) x16 0x800215dc
core   0: 0x80009d04 (0x09e85483) lhu     s1, 158(a6)
core   0: 3 0x80009d04 (0x09e85483) x 9 0x00003031 mem 0x8002167a
core   0: 0x80009d08 (0x09e85083) lhu     ra, 158(a6)
core   0: 3 0x80009d08 (0x09e85083) x 1 0x00003031 mem 0x8002167a
core   0: 0x80009d0c (0xf7780a03) lb      s4, -137(a6)
core   0: 3 0x80009d0c (0xf7780a03) x20 0x00000008 mem 0x80021553
core   0: 0x80009d10 (0xf7780a03) lb      s4, -137(a6)
core   0: 3 0x80009d10 (0xf7780a03) x20 0x00000008 mem 0x80021553
core   0: 0x80009d14 (0xf7780783) lb      a5, -137(a6)
core   0: 3 0x80009d14 (0xf7780783) x15 0x00000008 mem 0x80021553
core   0: 0x80009d18 (0x01f2e1b3) or      gp, t0, t6
core   0: 3 0x80009d18 (0x01f2e1b3) x 3 0xffffffd7
core   0: 0x80009d1c (0xf7f84b03) lbu     s6, -129(a6)
core   0: 3 0x80009d1c (0xf7f84b03) x22 0x00000010 mem 0x8002155b
core   0: 0x80009d20 (0x03780123) sb      s7, 34(a6)
core   0: 3 0x80009d20 (0x03780123) mem 0x800215fe 0xcb
core   0: 0x80009d24 (0x02285783) lhu     a5, 34(a6)
core   0: 3 0x80009d24 (0x02285783) x15 0x0000b4cb mem 0x800215fe
core   0: 0x80009d28 (0x00000013) nop
core   0: 3 0x80009d28 (0x00000013)
core   0: 0x80009d2c (0xf0085c83) lhu     s9, -256(a6)
core   0: 3 0x80009d2c (0xf0085c83) x25 0x00009697 mem 0x800214dc
core   0: 0x80009d30 (0x06e81483) lh      s1, 110(a6)
core   0: 3 0x80009d30 (0x06e81483) x 9 0x00000001 mem 0x8002164a
core   0: 0x80009d34 (0x014ed933) srl     s2, t4, s4
core   0: 3 0x80009d34 (0x014ed933) x18 0x00000000
core   0: 0x80009d38 (0x0b285283) lhu     t0, 178(a6)
core   0: 3 0x80009d38 (0x0b285283) x 5 0x00004445 mem 0x8002168e
core   0: 0x80009d3c (0xfaa85903) lhu     s2, -86(a6)
core   0: 3 0x80009d3c (0xfaa85903) x18 0x00003c3d mem 0x80021586
core   0: 0x80009d40 (0x05784783) lbu     a5, 87(a6)
core   0: 3 0x80009d40 (0x05784783) x15 0x000000e8 mem 0x80021633
core   0: 0x80009d44 (0x09a80583) lb      a1, 154(a6)
core   0: 3 0x80009d44 (0x09a80583) x11 0x0000002d mem 0x80021676
core   0: 0x80009d48 (0x09a81f83) lh      t6, 154(a6)
core   0: 3 0x80009d48 (0x09a81f83) x31 0x00002c2d mem 0x80021676
core   0: 0x80009d4c (0x04a81083) lh      ra, 74(a6)
core   0: 3 0x80009d4c (0x04a81083) x 1 0xffffdcdd mem 0x80021626
core   0: 0x80009d50 (0x04a84883) lbu     a7, 74(a6)
core   0: 3 0x80009d50 (0x04a84883) x17 0x000000dd mem 0x80021626
core   0: 0x80009d54 (0x04a81603) lh      a2, 74(a6)
core   0: 3 0x80009d54 (0x04a81603) x12 0xffffdcdd mem 0x80021626
core   0: 0x80009d58 (0xfc780483) lb      s1, -57(a6)
core   0: 3 0x80009d58 (0xfc780483) x 9 0x00000058 mem 0x800215a3
core   0: 0x80009d5c (0x0000ce17) auipc   t3, 0xc
core   0: 3 0x80009d5c (0x0000ce17) x28 0x80015d5c
core   0: 0x80009d60 (0xd34e0e13) addi    t3, t3, -716
core   0: 3 0x80009d60 (0xd34e0e13) x28 0x80015a90
core   0: 0x80009d64 (0x50138213) addi    tp, t2, 1281
core   0: 3 0x80009d64 (0x50138213) x 4 0x00000592
core   0: 0x80009d68 (0x417301b3) sub     gp, t1, s7
core   0: 3 0x80009d68 (0x417301b3) x 3 0x00000099
core   0: 0x80009d6c (0x018e1e23) sh      s8, 28(t3)
core   0: 3 0x80009d6c (0x018e1e23) mem 0x80015aac 0x21e8
core   0: 0x80009d70 (0x005e4483) lbu     s1, 5(t3)
core   0: 3 0x80009d70 (0x005e4483) x 9 0x000000fe mem 0x80015a95
core   0: 0x80009d74 (0xfefe0d83) lb      s11, -17(t3)
core   0: 3 0x80009d74 (0xfefe0d83) x27 0x00000000 mem 0x80015a7f
core   0: 0x80009d78 (0x011e0aa3) sb      a7, 21(t3)
core   0: 3 0x80009d78 (0x011e0aa3) mem 0x80015aa5 0xdd
core   0: 0x80009d7c (0xfe5e0123) sb      t0, -30(t3)
core   0: 3 0x80009d7c (0xfe5e0123) mem 0x80015a72 0x45
core   0: 0x80009d80 (0x026e5583) lhu     a1, 38(t3)
core   0: 3 0x80009d80 (0x026e5583) x11 0x00006c6d mem 0x80015ab6
core   0: 0x80009d84 (0xffee08a3) sb      t5, -15(t3)
core   0: 3 0x80009d84 (0xffee08a3) mem 0x80015a81 0x6c
core   0: 0x80009d88 (0xff7e4f83) lbu     t6, -9(t3)
core   0: 3 0x80009d88 (0xff7e4f83) x31 0x00000000 mem 0x80015a87
core   0: 0x80009d8c (0x0000100f) fence.i
core   0: 3 0x80009d8c (0x0000100f)
core   0: 0x80009d90 (0x008e4a03) lbu     s4, 8(t3)
core   0: 3 0x80009d90 (0x008e4a03) x20 0x00000053 mem 0x80015a98
core   0: 0x80009d94 (0x41dfd013) srai    zero, t6, 29
core   0: 3 0x80009d94 (0x41dfd013)
core   0: 0x80009d98 (0xfdde4003) lbu     zero, -35(t3)
core   0: 3 0x80009d98 (0xfdde4003) mem 0x80015a6d
core   0: 0x80009d9c (0x01be4383) lbu     t2, 27(t3)
core   0: 3 0x80009d9c (0x01be4383) x 7 0x00000000 mem 0x80015aab
core   0: 0x80009da0 (0x003d08b3) add     a7, s10, gp
core   0: 3 0x80009da0 (0x003d08b3) x17 0xff8001f6
core   0: 0x80009da4 (0x0000100f) fence.i
core   0: 3 0x80009da4 (0x0000100f)
core   0: 0x80009da8 (0x00d62a33) slt     s4, a2, a3
core   0: 3 0x80009da8 (0x00d62a33) x20 0x00000000
core   0: 0x80009dac (0xa7b22293) slti    t0, tp, -1413
core   0: 3 0x80009dac (0xa7b22293) x 5 0x00000000
core   0: 0x80009db0 (0x002edb93) srli    s7, t4, 2
core   0: 3 0x80009db0 (0x002edb93) x23 0x00000000
core   0: 0x80009db4 (0x3ee3ad13) slti    s10, t2, 1006
core   0: 3 0x80009db4 (0x3ee3ad13) x26 0x00000001
core   0: 0x80009db8 (0x40e25293) srai    t0, tp, 14
core   0: 3 0x80009db8 (0x40e25293) x 5 0x00000000
core   0: 0x80009dbc (0x029e4b83) lbu     s7, 41(t3)
core   0: 3 0x80009dbc (0x029e4b83) x23 0x00000059 mem 0x80015ab9
core   0: 0x80009dc0 (0x00d2d7b3) srl     a5, t0, a3
core   0: 3 0x80009dc0 (0x00d2d7b3) x15 0x00000000
core   0: 0x80009dc4 (0x40b5d933) sra     s2, a1, a1
core   0: 3 0x80009dc4 (0x40b5d933) x18 0x00000003
core   0: 0x80009dc8 (0x02de06a3) sb      a3, 45(t3)
core   0: 3 0x80009dc8 (0x02de06a3) mem 0x80015abd 0x0
core   0: 0x80009dcc (0x01a07033) and     zero, zero, s10
core   0: 3 0x80009dcc (0x01a07033)
core   0: 0x80009dd0 (0x96bb0213) addi    tp, s6, -1685
core   0: 3 0x80009dd0 (0x96bb0213) x 4 0xfffff97b
core   0: 0x80009dd4 (0x026e02a3) sb      t1, 37(t3)
core   0: 3 0x80009dd4 (0x026e02a3) mem 0x80015ab5 0x64
core   0: 0x80009dd8 (0x00a851b3) srl     gp, a6, a0
core   0: 3 0x80009dd8 (0x00a851b3) x 3 0x00008002
core   0: 0x80009ddc (0xac806093) ori     ra, zero, -1336
core   0: 3 0x80009ddc (0xac806093) x 1 0xfffffac8
core   0: 0x80009de0 (0x017ffa63) bgeu    t6, s7, pc + 20
core   0: 3 0x80009de0 (0x017ffa63)
core   0: 0x80009de4 (0x6be74a37) lui     s4, 0x6be74
core   0: 3 0x80009de4 (0x6be74a37) x20 0x6be74000
core   0: 0x80009de8 (0x01d9c3b3) xor     t2, s3, t4
core   0: 3 0x80009de8 (0x01d9c3b3) x 7 0x8002ae64
core   0: 0x80009dec (0x033a1a63) bne     s4, s3, pc + 52
core   0: 3 0x80009dec (0x033a1a63)
core   0: 0x80009e20 (0xa4aecd93) xori    s11, t4, -1462
core   0: 3 0x80009e20 (0xa4aecd93) x27 0xfffffa4a
core   0: 0x80009e24 (0x40c6da93) srai    s5, a3, 12
core   0: 3 0x80009e24 (0x40c6da93) x21 0xfff80000
core   0: 0x80009e28 (0x00b938b3) sltu    a7, s2, a1
core   0: 3 0x80009e28 (0x00b938b3) x17 0x00000001
core   0: 0x80009e2c (0x4083d613) srai    a2, t2, 8
core   0: 3 0x80009e2c (0x4083d613) x12 0xff8002ae
core   0: 0x80009e30 (0x01858463) beq     a1, s8, pc + 8
core   0: 3 0x80009e30 (0x01858463)
core   0: 0x80009e34 (0x00000013) nop
core   0: 3 0x80009e34 (0x00000013)
core   0: 0x80009e38 (0x00519d93) slli    s11, gp, 5
core   0: 3 0x80009e38 (0x00519d93) x27 0x00100040
core   0: 0x80009e3c (0x98f9ab13) slti    s6, s3, -1649
core   0: 3 0x80009e3c (0x98f9ab13) x22 0x00000001
core   0: 0x80009e40 (0x0117dc63) bge     a5, a7, pc + 24
core   0: 3 0x80009e40 (0x0117dc63)
core   0: 0x80009e44 (0x00b3efb3) or      t6, t2, a1
core   0: 3 0x80009e44 (0x00b3efb3) x31 0x8002ee6d
core   0: 0x80009e48 (0x6d5b4893) xori    a7, s6, 1749
core   0: 3 0x80009e48 (0x6d5b4893) x17 0x000006d4
core   0: 0x80009e4c (0x03a19063) bne     gp, s10, pc + 32
core   0: 3 0x80009e4c (0x03a19063)
core   0: 0x80009e6c (0x00868263) beq     a3, s0, pc + 4
core   0: 3 0x80009e6c (0x00868263)
core   0: 0x80009e70 (0x0ff0000f) fence   iorw,iorw
core   0: 3 0x80009e70 (0x0ff0000f)
core   0: 0x80009e74 (0xf06ccbb7) lui     s7, 0xf06cc
core   0: 3 0x80009e74 (0xf06ccbb7) x23 0xf06cc000
core   0: 0x80009e78 (0x01c1da93) srli    s5, gp, 28
core   0: 3 0x80009e78 (0x01c1da93) x21 0x00000000
core   0: 0x80009e7c (0xa8a67813) andi    a6, a2, -1398
core   0: 3 0x80009e7c (0xa8a67813) x16 0xff80028a
core   0: 0x80009e80 (0x056f9063) bne     t6, s6, pc + 64
core   0: 3 0x80009e80 (0x056f9063)
core   0: 0x80009ec0 (0x01974233) xor     tp, a4, s9
core   0: 3 0x80009ec0 (0x01974233) x 4 0xffff6d10
core   0: 0x80009ec4 (0xaa1e2b13) slti    s6, t3, -1375
core   0: 3 0x80009ec4 (0xaa1e2b13) x22 0x00000001
core   0: 0x80009ec8 (0xb2f63813) sltiu   a6, a2, -1233
core   0: 3 0x80009ec8 (0xb2f63813) x16 0x00000001
core   0: 0x80009ecc (0x651b0213) addi    tp, s6, 1617
core   0: 3 0x80009ecc (0x651b0213) x 4 0x00000652
core   0: 0x80009ed0 (0x0000100f) fence.i
core   0: 3 0x80009ed0 (0x0000100f)
core   0: 0x80009ed4 (0x00829733) sll     a4, t0, s0
core   0: 3 0x80009ed4 (0x00829733) x14 0x00000000
core   0: 0x80009ed8 (0x418d5a13) srai    s4, s10, 24
core   0: 3 0x80009ed8 (0x418d5a13) x20 0x00000000
core   0: 0x80009edc (0xbf1e3897) auipc   a7, 0xbf1e3
core   0: 3 0x80009edc (0xbf1e3897) x17 0x3f1ecedc
core   0: 0x80009ee0 (0x014a2db3) slt     s11, s4, s4
core   0: 3 0x80009ee0 (0x014a2db3) x27 0x00000000
core   0: 0x80009ee4 (0x70f1a193) slti    gp, gp, 1807
core   0: 3 0x80009ee4 (0x70f1a193) x 3 0x00000000
core   0: 0x80009ee8 (0x2c8a2c13) slti    s8, s4, 712
core   0: 3 0x80009ee8 (0x2c8a2c13) x24 0x00000001
core   0: 0x80009eec (0x00af5233) srl     tp, t5, a0
core   0: 3 0x80009eec (0x00af5233) x 4 0x00000000
core   0: 0x80009ef0 (0xb4b93893) sltiu   a7, s2, -1205
core   0: 3 0x80009ef0 (0xb4b93893) x17 0x00000001
core   0: 0x80009ef4 (0x015715b3) sll     a1, a4, s5
core   0: 3 0x80009ef4 (0x015715b3) x11 0x00000000
core   0: 0x80009ef8 (0xbe6a2e97) auipc   t4, 0xbe6a2
core   0: 3 0x80009ef8 (0xbe6a2e97) x29 0x3e6abef8
core   0: 0x80009efc (0x00f1f2b3) and     t0, gp, a5
core   0: 3 0x80009efc (0x00f1f2b3) x 5 0x00000000
core   0: 0x80009f00 (0x0ff0000f) fence   iorw,iorw
core   0: 3 0x80009f00 (0x0ff0000f)
core   0: 0x80009f04 (0x6f007293) andi    t0, zero, 1776
core   0: 3 0x80009f04 (0x6f007293) x 5 0x00000000
core   0: 0x80009f08 (0x02c8ca63) blt     a7, a2, pc + 52
core   0: 3 0x80009f08 (0x02c8ca63)
core   0: 0x80009f0c (0x00c23733) sltu    a4, tp, a2
core   0: 3 0x80009f0c (0x00c23733) x14 0x00000001
core   0: 0x80009f10 (0x00fbf8b3) and     a7, s7, a5
core   0: 3 0x80009f10 (0x00fbf8b3) x17 0x00000000
core   0: 0x80009f14 (0x02a7e463) bltu    a5, a0, pc + 40
core   0: 3 0x80009f14 (0x02a7e463)
core   0: 0x80009f3c (0x000565b3) or      a1, a0, zero
core   0: 3 0x80009f3c (0x000565b3) x11 0x00000030
core   0: 0x80009f40 (0x0000100f) fence.i
core   0: 3 0x80009f40 (0x0000100f)
core   0: 0x80009f44 (0x8aac35b7) lui     a1, 0x8aac3
core   0: 3 0x80009f44 (0x8aac35b7) x11 0x8aac3000
core   0: 0x80009f48 (0x01bb0813) addi    a6, s6, 27
core   0: 3 0x80009f48 (0x01bb0813) x16 0x0000001c
core   0: 0x80009f4c (0x00000013) nop
core   0: 3 0x80009f4c (0x00000013)
core   0: 0x80009f50 (0x40135d93) srai    s11, t1, 1
core   0: 3 0x80009f50 (0x40135d93) x27 0x00000032
core   0: 0x80009f54 (0x01954263) blt     a0, s9, pc + 4
core   0: 3 0x80009f54 (0x01954263)
core   0: 0x80009f58 (0x04641063) bne     s0, t1, pc + 64
core   0: 3 0x80009f58 (0x04641063)
core   0: 0x80009f98 (0x0cfe1db7) lui     s11, 0xcfe1
core   0: 3 0x80009f98 (0x0cfe1db7) x27 0x0cfe1000
core   0: 0x80009f9c (0x00468033) add     zero, a3, tp
core   0: 3 0x80009f9c (0x00468033)
core   0: 0x80009fa0 (0xddbafe37) lui     t3, 0xddbaf
core   0: 3 0x80009fa0 (0xddbafe37) x28 0xddbaf000
core   0: 0x80009fa4 (0x01eb5a33) srl     s4, s6, t5
core   0: 3 0x80009fa4 (0x01eb5a33) x20 0x00000000
core   0: 0x80009fa8 (0x010041b3) xor     gp, zero, a6
core   0: 3 0x80009fa8 (0x010041b3) x 3 0x0000001c
core   0: 0x80009fac (0x68ba4193) xori    gp, s4, 1675
core   0: 3 0x80009fac (0x68ba4193) x 3 0x0000068b
core   0: 0x80009fb0 (0xfddfb593) sltiu   a1, t6, -35
core   0: 3 0x80009fb0 (0xfddfb593) x11 0x00000001
core   0: 0x80009fb4 (0x4fddfd97) auipc   s11, 0x4fddf
core   0: 3 0x80009fb4 (0x4fddfd97) x27 0xcfde8fb4
core   0: 0x80009fb8 (0x00791ab3) sll     s5, s2, t2
core   0: 3 0x80009fb8 (0x00791ab3) x21 0x00000030
core   0: 0x80009fbc (0x407bd893) srai    a7, s7, 7
core   0: 3 0x80009fbc (0x407bd893) x17 0xffe0d980
core   0: 0x80009fc0 (0x04819463) bne     gp, s0, pc + 72
core   0: 3 0x80009fc0 (0x04819463)
core   0: 0x8000a008 (0x0ff0000f) fence   iorw,iorw
core   0: 3 0x8000a008 (0x0ff0000f)
core   0: 0x8000a00c (0x0ff0000f) fence   iorw,iorw
core   0: 3 0x8000a00c (0x0ff0000f)
core   0: 0x8000a010 (0x0023c5b3) xor     a1, t2, sp
core   0: 3 0x8000a010 (0x0023c5b3) x11 0x00004280
core   0: 0x8000a014 (0x0403f663) bgeu    t2, zero, pc + 76
core   0: 3 0x8000a014 (0x0403f663)
core   0: 0x8000a060 (0xa1428713) addi    a4, t0, -1516
core   0: 3 0x8000a060 (0xa1428713) x14 0xfffffa14
core   0: 0x8000a064 (0x01d4e433) or      s0, s1, t4
core   0: 3 0x8000a064 (0x01d4e433) x 8 0x3e6abefe
core   0: 0x8000a068 (0x40140ab3) sub     s5, s0, ra
core   0: 3 0x8000a068 (0x40140ab3) x21 0x3e6ac436
core   0: 0x8000a06c (0x803f0013) addi    zero, t5, -2045
core   0: 3 0x8000a06c (0x803f0013)
core   0: 0x8000a070 (0x416d5193) srai    gp, s10, 22
core   0: 3 0x8000a070 (0x416d5193) x 3 0x00000000
core   0: 0x8000a074 (0x05570a63) beq     a4, s5, pc + 84
core   0: 3 0x8000a074 (0x05570a63)
core   0: 0x8000a078 (0x4c088593) addi    a1, a7, 1216
core   0: 3 0x8000a078 (0x4c088593) x11 0xffe0de40
core   0: 0x8000a07c (0x04a39c63) bne     t2, a0, pc + 88
core   0: 3 0x8000a07c (0x04a39c63)
core   0: 0x8000a0d4 (0xfb54c093) xori    ra, s1, -75
core   0: 3 0x8000a0d4 (0xfb54c093) x 1 0xffffff4b
core   0: 0x8000a0d8 (0x408e0ab3) sub     s5, t3, s0
core   0: 3 0x8000a0d8 (0x408e0ab3) x21 0x9f503102
core   0: 0x8000a0dc (0x8dc28837) lui     a6, 0x8dc28
core   0: 3 0x8000a0dc (0x8dc28837) x16 0x8dc28000
core   0: 0x8000a0e0 (0x0108afb3) slt     t6, a7, a6
core   0: 3 0x8000a0e0 (0x0108afb3) x31 0x00000000
core   0: 0x8000a0e4 (0x4b8abd93) sltiu   s11, s5, 1208
core   0: 3 0x8000a0e4 (0x4b8abd93) x27 0x00000000
core   0: 0x8000a0e8 (0x05b9c263) blt     s3, s11, pc + 68
core   0: 3 0x8000a0e8 (0x05b9c263)
core   0: 0x8000a12c (0x040ff063) bgeu    t6, zero, pc + 64
core   0: 3 0x8000a12c (0x040ff063)
core   0: 0x8000a16c (0x002f5c33) srl     s8, t5, sp
core   0: 3 0x8000a16c (0x002f5c33) x24 0x00000006
core   0: 0x8000a170 (0x004d4db3) xor     s11, s10, tp
core   0: 3 0x8000a170 (0x004d4db3) x27 0x00000001
core   0: 0x8000a174 (0x00e4f0b3) and     ra, s1, a4
core   0: 3 0x8000a174 (0x00e4f0b3) x 1 0x00000014
core   0: 0x8000a178 (0x6d17c793) xori    a5, a5, 1745
core   0: 3 0x8000a178 (0x6d17c793) x15 0x000006d1
core   0: 0x8000a17c (0xcd6eb593) sltiu   a1, t4, -810
core   0: 3 0x8000a17c (0xcd6eb593) x11 0x00000001
core   0: 0x8000a180 (0x0ff0000f) fence   iorw,iorw
core   0: 3 0x8000a180 (0x0ff0000f)
core   0: 0x8000a184 (0xdb4c0193) addi    gp, s8, -588
core   0: 3 0x8000a184 (0xdb4c0193) x 3 0xfffffdba
core   0: 0x8000a188 (0x01e6f463) bgeu    a3, t5, pc + 8
core   0: 3 0x8000a188 (0x01e6f463)
core   0: 0x8000a190 (0x86fcff93) andi    t6, s9, -1937
core   0: 3 0x8000a190 (0x86fcff93) x31 0x00009007
core   0: 0x8000a194 (0x47e2e813) ori     a6, t0, 1150
core   0: 3 0x8000a194 (0x47e2e813) x16 0x0000047e
core   0: 0x8000a198 (0x03b2c063) blt     t0, s11, pc + 32
core   0: 3 0x8000a198 (0x03b2c063)
core   0: 0x8000a1b8 (0x001cee63) bltu    s9, ra, pc + 28
core   0: 3 0x8000a1b8 (0x001cee63)
core   0: 0x8000a1bc (0x000e2bb3) slt     s7, t3, zero
core   0: 3 0x8000a1bc (0x000e2bb3) x23 0x00000001
core   0: 0x8000a1c0 (0x00191b93) slli    s7, s2, 1
core   0: 3 0x8000a1c0 (0x00191b93) x23 0x00000006
core   0: 0x8000a1c4 (0x41ccd533) sra     a0, s9, t3
core   0: 3 0x8000a1c4 (0x41ccd533) x10 0x00009697
core   0: 0x8000a1c8 (0x00505a33) srl     s4, zero, t0
core   0: 3 0x8000a1c8 (0x00505a33) x20 0x00000000
core   0: 0x8000a1cc (0x20a0ff93) andi    t6, ra, 522
core   0: 3 0x8000a1cc (0x20a0ff93) x31 0x00000000
core   0: 0x8000a1d0 (0x03bdea63) bltu    s11, s11, pc + 52
core   0: 3 0x8000a1d0 (0x03bdea63)
core   0: 0x8000a1d4 (0x008a7c63) bgeu    s4, s0, pc + 24
core   0: 3 0x8000a1d4 (0x008a7c63)
core   0: 0x8000a1d8 (0x9dffc197) auipc   gp, 0x9dffc
core   0: 3 0x8000a1d8 (0x9dffc197) x 3 0x1e0061d8
core   0: 0x8000a1dc (0x01d7cf33) xor     t5, a5, t4
core   0: 3 0x8000a1dc (0x01d7cf33) x30 0x3e6ab829
core   0: 0x8000a1e0 (0x010e9c93) slli    s9, t4, 16
core   0: 3 0x8000a1e0 (0x010e9c93) x25 0xbef80000
core   0: 0x8000a1e4 (0x018e7eb3) and     t4, t3, s8
core   0: 3 0x8000a1e4 (0x018e7eb3) x29 0x00000000
core   0: 0x8000a1e8 (0x7e43a893) slti    a7, t2, 2020
core   0: 3 0x8000a1e8 (0x7e43a893) x17 0x00000001
core   0: 0x8000a1ec (0x01e79933) sll     s2, a5, t5
core   0: 3 0x8000a1ec (0x01e79933) x18 0x000da200
core   0: 0x8000a1f0 (0xf2e36813) ori     a6, t1, -210
core   0: 3 0x8000a1f0 (0xf2e36813) x16 0xffffff6e
core   0: 0x8000a1f4 (0x0ff0000f) fence   iorw,iorw
core   0: 3 0x8000a1f4 (0x0ff0000f)
core   0: 0x8000a1f8 (0x03f51e63) bne     a0, t6, pc + 60
core   0: 3 0x8000a1f8 (0x03f51e63)
core   0: 0x8000a234 (0xc1da7293) andi    t0, s4, -995
core   0: 3 0x8000a234 (0xc1da7293) x 5 0x00000000
core   0: 0x8000a238 (0x09a94263) blt     s2, s10, pc + 132
core   0: 3 0x8000a238 (0x09a94263)
core   0: 0x8000a23c (0x015fbe33) sltu    t3, t6, s5
core   0: 3 0x8000a23c (0x015fbe33) x28 0x00000001
core   0: 0x8000a240 (0xcb93b813) sltiu   a6, t2, -839
core   0: 3 0x8000a240 (0xcb93b813) x16 0x00000001
core   0: 0x8000a244 (0x0101a433) slt     s0, gp, a6
core   0: 3 0x8000a244 (0x0101a433) x 8 0x00000000
core   0: 0x8000a248 (0xa97beb13) ori     s6, s7, -1385
core   0: 3 0x8000a248 (0xa97beb13) x22 0xfffffa97
core   0: 0x8000a24c (0x07f98063) beq     s3, t6, pc + 96
core   0: 3 0x8000a24c (0x07f98063)
core   0: 0x8000a250 (0x00011797) auipc   a5, 0x11
core   0: 3 0x8000a250 (0x00011797) x15 0x8001b250
core   0: 0x8000a254 (0x43a78793) addi    a5, a5, 1082
core   0: 3 0x8000a254 (0x43a78793) x15 0x8001b68a
core   0: 0x8000a258 (0xff379f23) sh      s3, -2(a5)
core   0: 3 0x8000a258 (0xff379f23) mem 0x8001b688 0xae64
core   0: 0x8000a25c (0xff678a23) sb      s6, -12(a5)
core   0: 3 0x8000a25c (0xff678a23) mem 0x8001b67e 0x97
core   0: 0x8000a260 (0x0087c303) lbu     t1, 8(a5)
core   0: 3 0x8000a260 (0x0087c303) x 6 0x00000049 mem 0x8001b692
core   0: 0x8000a264 (0x01079083) lh      ra, 16(a5)
core   0: 3 0x8000a264 (0x01079083) x 1 0x00005051 mem 0x8001b69a
core   0: 0x8000a268 (0x0000100f) fence.i
core   0: 3 0x8000a268 (0x0000100f)
core   0: 0x8000a26c (0x000787a3) sb      zero, 15(a5)
core   0: 3 0x8000a26c (0x000787a3) mem 0x8001b699 0x0
core   0: 0x8000a270 (0x01e69033) sll     zero, a3, t5
core   0: 3 0x8000a270 (0x01e69033)
core   0: 0x8000a274 (0x00f7c503) lbu     a0, 15(a5)
core   0: 3 0x8000a274 (0x00f7c503) x10 0x00000000 mem 0x8001b699
core   0: 0x8000a278 (0x00e787a3) sb      a4, 15(a5)
core   0: 3 0x8000a278 (0x00e787a3) mem 0x8001b699 0x14
core   0: 0x8000a27c (0x0027c883) lbu     a7, 2(a5)
core   0: 3 0x8000a27c (0x0027c883) x17 0x00000047 mem 0x8001b68c
core   0: 0x8000a280 (0x01279123) sh      s2, 2(a5)
core   0: 3 0x8000a280 (0x01279123) mem 0x8001b68c 0xa200
core   0: 0x8000a284 (0x01d7a123) sw      t4, 2(a5)
core   0: 3 0x8000a284 (0x01d7a123) mem 0x8001b68c 0x00000000
core   0: 0x8000a288 (0x0ff0000f) fence   iorw,iorw
core   0: 3 0x8000a288 (0x0ff0000f)
core   0: 0x8000a28c (0x0003c263) bltz    t2, pc + 4
core   0: 3 0x8000a28c (0x0003c263)
core   0: 0x8000a290 (0x000cd893) srli    a7, s9, 0
core   0: 3 0x8000a290 (0x000cd893) x17 0xbef80000
core   0: 0x8000a294 (0x027f8c63) beq     t6, t2, pc + 56
core   0: 3 0x8000a294 (0x027f8c63)
core   0: 0x8000a298 (0x012904b3) add     s1, s2, s2
core   0: 3 0x8000a298 (0x012904b3) x 9 0x001b4400
core   0: 0x8000a29c (0x00bcafb3) slt     t6, s9, a1
core   0: 3 0x8000a29c (0x00bcafb3) x31 0x00000001
core   0: 0x8000a2a0 (0x01e2f5b3) and     a1, t0, t5
core   0: 3 0x8000a2a0 (0x01e2f5b3) x11 0x00000000
core   0: 0x8000a2a4 (0x3c5bb513) sltiu   a0, s7, 965
core   0: 3 0x8000a2a4 (0x3c5bb513) x10 0x00000001
core   0: 0x8000a2a8 (0x009ad833) srl     a6, s5, s1
core   0: 3 0x8000a2a8 (0x009ad833) x16 0x9f503102
core   0: 0x8000a2ac (0x013d23b3) slt     t2, s10, s3
core   0: 3 0x8000a2ac (0x013d23b3) x 7 0x00000000
core   0: 0x8000a2b0 (0x005b10b3) sll     ra, s6, t0
core   0: 3 0x8000a2b0 (0x005b10b3) x 1 0xfffffa97
core   0: 0x8000a2b4 (0x36fe8f13) addi    t5, t4, 879
core   0: 3 0x8000a2b4 (0x36fe8f13) x30 0x0000036f
core   0: 0x8000a2b8 (0x04a9f663) bgeu    s3, a0, pc + 76
core   0: 3 0x8000a2b8 (0x04a9f663)
core   0: 0x8000a304 (0x41c38e33) sub     t3, t2, t3
core   0: 3 0x8000a304 (0x41c38e33) x28 0xffffffff
core   0: 0x8000a308 (0x4108df13) srai    t5, a7, 16
core   0: 3 0x8000a308 (0x4108df13) x30 0xffffbef8
core   0: 0x8000a30c (0x0ff0000f) fence   iorw,iorw
core   0: 3 0x8000a30c (0x0ff0000f)
core   0: 0x8000a310 (0x01483533) sltu    a0, a6, s4
core   0: 3 0x8000a310 (0x01483533) x10 0x00000000
core   0: 0x8000a314 (0xae37f037) lui     zero, 0xae37f
core   0: 3 0x8000a314 (0xae37f037)
core   0: 0x8000a318 (0x406cd933) sra     s2, s9, t1
core   0: 3 0x8000a318 (0x406cd933) x18 0xffdf7c00
core   0: 0x8000a31c (0xec850f93) addi    t6, a0, -312
core   0: 3 0x8000a31c (0xec850f93) x31 0xfffffec8
core   0: 0x8000a320 (0x00000013) nop
core   0: 3 0x8000a320 (0x00000013)
core   0: 0x8000a324 (0x00000013) nop
core   0: 3 0x8000a324 (0x00000013)
core   0: 0x8000a328 (0x040f7263) bgeu    t5, zero, pc + 68
core   0: 3 0x8000a328 (0x040f7263)
core   0: 0x8000a36c (0x059df063) bgeu    s11, s9, pc + 64
core   0: 3 0x8000a36c (0x059df063)
core   0: 0x8000a370 (0x006bc863) blt     s7, t1, pc + 16
core   0: 3 0x8000a370 (0x006bc863)
core   0: 0x8000a380 (0x04371663) bne     a4, gp, pc + 76
core   0: 3 0x8000a380 (0x04371663)
core   0: 0x8000a3cc (0x033cec63) bltu    s9, s3, pc + 56
core   0: 3 0x8000a3cc (0x033cec63)
core   0: 0x8000a3d0 (0x483c4d13) xori    s10, s8, 1155
core   0: 3 0x8000a3d0 (0x483c4d13) x26 0x00000485
core   0: 0x8000a3d4 (0x01d1ec63) bltu    gp, t4, pc + 24
core   0: 3 0x8000a3d4 (0x01d1ec63)
core   0: 0x8000a3d8 (0x0103a033) slt     zero, t2, a6
core   0: 3 0x8000a3d8 (0x0103a033)
core   0: 0x8000a3dc (0x0000100f) fence.i
core   0: 3 0x8000a3dc (0x0000100f)
core   0: 0x8000a3e0 (0x414c82b3) sub     t0, s9, s4
core   0: 3 0x8000a3e0 (0x414c82b3) x 5 0xbef80000
core   0: 0x8000a3e4 (0x0174dab3) srl     s5, s1, s7
core   0: 3 0x8000a3e4 (0x0174dab3) x21 0x00006d10
core   0: 0x8000a3e8 (0x004d7433) and     s0, s10, tp
core   0: 3 0x8000a3e8 (0x004d7433) x 8 0x00000000
core   0: 0x8000a3ec (0x004fe2b3) or      t0, t6, tp
core   0: 3 0x8000a3ec (0x004fe2b3) x 5 0xfffffec8
core   0: 0x8000a3f0 (0x01c9fdb3) and     s11, s3, t3
core   0: 3 0x8000a3f0 (0x01c9fdb3) x27 0x8002ae64
core   0: 0x8000a3f4 (0x017603b3) add     t2, a2, s7
core   0: 3 0x8000a3f4 (0x017603b3) x 7 0xff8002b4
core   0: 0x8000a3f8 (0x01789e13) slli    t3, a7, 23
core   0: 3 0x8000a3f8 (0x01789e13) x28 0x00000000
core   0: 0x8000a3fc (0x01dc1263) bne     s8, t4, pc + 4
core   0: 3 0x8000a3fc (0x01dc1263)
core   0: 0x8000a400 (0x01d22db3) slt     s11, tp, t4
core   0: 3 0x8000a400 (0x01d22db3) x27 0x00000000
core   0: 0x8000a404 (0x40fa5233) sra     tp, s4, a5
core   0: 3 0x8000a404 (0x40fa5233) x 4 0x00000000
core   0: 0x8000a408 (0x05e74463) blt     a4, t5, pc + 72
core   0: 3 0x8000a408 (0x05e74463)
core   0: 0x8000a40c (0x018438b3) sltu    a7, s0, s8
core   0: 3 0x8000a40c (0x018438b3) x17 0x00000001
core   0: 0x8000a410 (0x01c60a33) add     s4, a2, t3
core   0: 3 0x8000a410 (0x01c60a33) x20 0xff8002ae
core   0: 0x8000a414 (0x015ebe33) sltu    t3, t4, s5
core   0: 3 0x8000a414 (0x015ebe33) x28 0x00000001
core   0: 0x8000a418 (0x40ebd233) sra     tp, s7, a4
core   0: 3 0x8000a418 (0x40ebd233) x 4 0x00000000
core   0: 0x8000a41c (0x0ff0000f) fence   iorw,iorw
core   0: 3 0x8000a41c (0x0ff0000f)
core   0: 0x8000a420 (0x01710463) beq     sp, s7, pc + 8
core   0: 3 0x8000a420 (0x01710463)
core   0: 0x8000a424 (0x00674463) blt     a4, t1, pc + 8
core   0: 3 0x8000a424 (0x00674463)
core   0: 0x8000a42c (0x007f1813) slli    a6, t5, 7
core   0: 3 0x8000a42c (0x007f1813) x16 0xffdf7c00
core   0: 0x8000a430 (0x0ff0000f) fence   iorw,iorw
core   0: 3 0x8000a430 (0x0ff0000f)
core   0: 0x8000a434 (0x3f462093) slti    ra, a2, 1012
core   0: 3 0x8000a434 (0x3f462093) x 1 0x00000001
core   0: 0x8000a438 (0x402780b3) sub     ra, a5, sp
core   0: 3 0x8000a438 (0x402780b3) x 1 0xfffec9a6
core   0: 0x8000a43c (0x00639533) sll     a0, t2, t1
core   0: 3 0x8000a43c (0x00639533) x10 0x00056800
core   0: 0x8000a440 (0x441907b7) lui     a5, 0x44190
core   0: 3 0x8000a440 (0x441907b7) x15 0x44190000
core   0: 0x8000a444 (0x03ab7263) bgeu    s6, s10, pc + 36
core   0: 3 0x8000a444 (0x03ab7263)
core   0: 0x8000a468 (0xbb3d3513) sltiu   a0, s10, -1101
core   0: 3 0x8000a468 (0xbb3d3513) x10 0x00000001
core   0: 0x8000a46c (0x41c0d1b3) sra     gp, ra, t3
core   0: 3 0x8000a46c (0x41c0d1b3) x 3 0xffff64d3
core   0: 0x8000a470 (0x5de29a97) auipc   s5, 0x5de29
core   0: 3 0x8000a470 (0x5de29a97) x21 0xdde33470
core   0: 0x8000a474 (0x56344713) xori    a4, s0, 1379
core   0: 3 0x8000a474 (0x56344713) x14 0x00000563
core   0: 0x8000a478 (0x00f14a63) blt     sp, a5, pc + 20
core   0: 3 0x8000a478 (0x00f14a63)
core   0: 0x8000a48c (0x009d7733) and     a4, s10, s1
core   0: 3 0x8000a48c (0x009d7733) x14 0x00000400
core   0: 0x8000a490 (0x43dcb613) sltiu   a2, s9, 1085
core   0: 3 0x8000a490 (0x43dcb613) x12 0x00000000
core   0: 0x8000a494 (0x010be463) bltu    s7, a6, pc + 8
core   0: 3 0x8000a494 (0x010be463)
core   0: 0x8000a49c (0x014d5c63) bge     s10, s4, pc + 24
core   0: 3 0x8000a49c (0x014d5c63)
core   0: 0x8000a4b4 (0x019bd193) srli    gp, s7, 25
core   0: 3 0x8000a4b4 (0x019bd193) x 3 0x00000000
core   0: 0x8000a4b8 (0x8f45b093) sltiu   ra, a1, -1804
core   0: 3 0x8000a4b8 (0x8f45b093) x 1 0x00000001
core   0: 0x8000a4bc (0xee11f913) andi    s2, gp, -287
core   0: 3 0x8000a4bc (0xee11f913) x18 0x00000000
core   0: 0x8000a4c0 (0x4f52adb7) lui     s11, 0x4f52a
core   0: 3 0x8000a4c0 (0x4f52adb7) x27 0x4f52a000
core   0: 0x8000a4c4 (0x0158d463) bge     a7, s5, pc + 8
core   0: 3 0x8000a4c4 (0x0158d463)
core   0: 0x8000a4cc (0x04571663) bne     a4, t0, pc + 76
core   0: 3 0x8000a4cc (0x04571663)
core   0: 0x8000a518 (0x74730e13) addi    t3, t1, 1863
core   0: 3 0x8000a518 (0x74730e13) x28 0x00000790
core   0: 0x8000a51c (0x40e153b3) sra     t2, sp, a4
core   0: 3 0x8000a51c (0x40e153b3) x 7 0x8002ece4
core   0: 0x8000a520 (0x5b9c8893) addi    a7, s9, 1465
core   0: 3 0x8000a520 (0x5b9c8893) x17 0xbef805b9
core   0: 0x8000a524 (0x40eb5193) srai    gp, s6, 14
core   0: 3 0x8000a524 (0x40eb5193) x 3 0xffffffff
core   0: 0x8000a528 (0x017a1c13) slli    s8, s4, 23
core   0: 3 0x8000a528 (0x017a1c13) x24 0x57000000
core   0: 0x8000a52c (0x01bbda33) srl     s4, s7, s11
core   0: 3 0x8000a52c (0x01bbda33) x20 0x00000006
core   0: 0x8000a530 (0x00c2f933) and     s2, t0, a2
core   0: 3 0x8000a530 (0x00c2f933) x18 0x00000000
core   0: 0x8000a534 (0x01156b33) or      s6, a0, a7
core   0: 3 0x8000a534 (0x01156b33) x22 0xbef805b9
core   0: 0x8000a538 (0x679d3193) sltiu   gp, s10, 1657
core   0: 3 0x8000a538 (0x679d3193) x 3 0x00000001
core   0: 0x8000a53c (0x03aa4a63) blt     s4, s10, pc + 52
core   0: 3 0x8000a53c (0x03aa4a63)
core   0: 0x8000a570 (0x00f51263) bne     a0, a5, pc + 4
core   0: 3 0x8000a570 (0x00f51263)
core   0: 0x8000a574 (0x00f33933) sltu    s2, t1, a5
core   0: 3 0x8000a574 (0x00f33933) x18 0x00000001
core   0: 0x8000a578 (0x00000013) nop
core   0: 3 0x8000a578 (0x00000013)
core   0: 0x8000a57c (0x407a8033) sub     zero, s5, t2
core   0: 3 0x8000a57c (0x407a8033)
core   0: 0x8000a580 (0x0ff0000f) fence   iorw,iorw
core   0: 3 0x8000a580 (0x0ff0000f)
core   0: 0x8000a584 (0x01f63fb3) sltu    t6, a2, t6
core   0: 3 0x8000a584 (0x01f63fb3) x31 0x00000001
core   0: 0x8000a588 (0x00ebd933) srl     s2, s7, a4
core   0: 3 0x8000a588 (0x00ebd933) x18 0x00000006
core   0: 0x8000a58c (0x41b6d733) sra     a4, a3, s11
core   0: 3 0x8000a58c (0x41b6d733) x14 0x80000000
core   0: 0x8000a590 (0x00ed5533) srl     a0, s10, a4
core   0: 3 0x8000a590 (0x00ed5533) x10 0x00000485
core   0: 0x8000a594 (0x04ef6463) bltu    t5, a4, pc + 72
core   0: 3 0x8000a594 (0x04ef6463)
core   0: 0x8000a598 (0x01c5feb3) and     t4, a1, t3
core   0: 3 0x8000a598 (0x01c5feb3) x29 0x00000000
core   0: 0x8000a59c (0x03115263) bge     sp, a7, pc + 36
core   0: 3 0x8000a59c (0x03115263)
core   0: 0x8000a5a0 (0x009fdc63) bge     t6, s1, pc + 24
core   0: 3 0x8000a5a0 (0x009fdc63)
core   0: 0x8000a5a4 (0x0162b933) sltu    s2, t0, s6
core   0: 3 0x8000a5a4 (0x0162b933) x18 0x00000000
core   0: 0x8000a5a8 (0x41535f13) srai    t5, t1, 21
core   0: 3 0x8000a5a8 (0x41535f13) x30 0x00000000
core   0: 0x8000a5ac (0x00866263) bltu    a2, s0, pc + 4
core   0: 3 0x8000a5ac (0x00866263)
core   0: 0x8000a5b0 (0x01ce4863) blt     t3, t3, pc + 16
core   0: 3 0x8000a5b0 (0x01ce4863)
core   0: 0x8000a5b4 (0x00139933) sll     s2, t2, ra
core   0: 3 0x8000a5b4 (0x00139933) x18 0x0005d9c8
core   0: 0x8000a5b8 (0x41818933) sub     s2, gp, s8
core   0: 3 0x8000a5b8 (0x41818933) x18 0xa9000001
core   0: 0x8000a5bc (0x01b56333) or      t1, a0, s11
core   0: 3 0x8000a5bc (0x01b56333) x 6 0x4f52a485
core   0: 0x8000a5c0 (0x8b509cb7) lui     s9, 0x8b509
core   0: 3 0x8000a5c0 (0x8b509cb7) x25 0x8b509000
core   0: 0x8000a5c4 (0x67d02013) slti    zero, zero, 1661
core   0: 3 0x8000a5c4 (0x67d02013)
core   0: 0x8000a5c8 (0x00712ab3) slt     s5, sp, t2
core   0: 3 0x8000a5c8 (0x00712ab3) x21 0x00000000
core   0: 0x8000a5cc (0x00b21e63) bne     tp, a1, pc + 28
core   0: 3 0x8000a5cc (0x00b21e63)
core   0: 0x8000a5d0 (0x01c10333) add     t1, sp, t3
core   0: 3 0x8000a5d0 (0x01c10333) x 6 0x8002f474
core   0: 0x8000a5d4 (0x88f9e193) ori     gp, s3, -1905
core   0: 3 0x8000a5d4 (0x88f9e193) x 3 0xfffffeef
core   0: 0x8000a5d8 (0x02158c63) beq     a1, ra, pc + 56
core   0: 3 0x8000a5d8 (0x02158c63)
core   0: 0x8000a5dc (0x01eb3b33) sltu    s6, s6, t5
core   0: 3 0x8000a5dc (0x01eb3b33) x22 0x00000000
core   0: 0x8000a5e0 (0x03880a63) beq     a6, s8, pc + 52
core   0: 3 0x8000a5e0 (0x03880a63)
core   0: 0x8000a5e4 (0x0140f333) and     t1, ra, s4
core   0: 3 0x8000a5e4 (0x0140f333) x 6 0x00000000
core   0: 0x8000a5e8 (0x41138cb3) sub     s9, t2, a7
core   0: 3 0x8000a5e8 (0x41138cb3) x25 0xc10ae72b
core   0: 0x8000a5ec (0x00000013) nop
core   0: 3 0x8000a5ec (0x00000013)
core   0: 0x8000a5f0 (0x004a5c93) srli    s9, s4, 4
core   0: 3 0x8000a5f0 (0x004a5c93) x25 0x00000000
core   0: 0x8000a5f4 (0x8786e813) ori     a6, a3, -1928
core   0: 3 0x8000a5f4 (0x8786e813) x16 0xfffff878
core   0: 0x8000a5f8 (0x006c5233) srl     tp, s8, t1
core   0: 3 0x8000a5f8 (0x006c5233) x 4 0x57000000
core   0: 0x8000a5fc (0x01374733) xor     a4, a4, s3
core   0: 3 0x8000a5fc (0x01374733) x14 0x0002ae64
core   0: 0x8000a600 (0xa7bafa93) andi    s5, s5, -1413
core   0: 3 0x8000a600 (0xa7bafa93) x21 0x00000000
core   0: 0x8000a604 (0xec93aa93) slti    s5, t2, -311
core   0: 3 0x8000a604 (0xec93aa93) x21 0x00000001
core   0: 0x8000a608 (0x416ddeb3) sra     t4, s11, s6
core   0: 3 0x8000a608 (0x416ddeb3) x29 0x4f52a000
core   0: 0x8000a60c (0x61497637) lui     a2, 0x61497
core   0: 3 0x8000a60c (0x61497637) x12 0x61497000
core   0: 0x8000a610 (0xeac67297) auipc   t0, 0xeac67
core   0: 3 0x8000a610 (0xeac67297) x 5 0x6ac71610
core   0: 0x8000a614 (0x074a9c63) bne     s5, s4, pc + 120
core   0: 3 0x8000a614 (0x074a9c63)
core   0: 0x8000a68c (0x01a39ab3) sll     s5, t2, s10
core   0: 3 0x8000a68c (0x01a39ab3) x21 0x005d9c80
core   0: 0x8000a690 (0x00000013) nop
core   0: 3 0x8000a690 (0x00000013)
core   0: 0x8000a694 (0x41875493) srai    s1, a4, 24
core   0: 3 0x8000a694 (0x41875493) x 9 0x00000000
core   0: 0x8000a698 (0x046f0063) beq     t5, t1, pc + 64
core   0: 3 0x8000a698 (0x046f0063)
core   0: 0x8000a6d8 (0x028bda63) bge     s7, s0, pc + 52
core   0: 3 0x8000a6d8 (0x028bda63)
core   0: 0x8000a70c (0x00e4b533) sltu    a0, s1, a4
core   0: 3 0x8000a70c (0x00e4b533) x10 0x00000001
core   0: 0x8000a710 (0x00000013) nop
core   0: 3 0x8000a710 (0x00000013)
core   0: 0x8000a714 (0x2953c093) xori    ra, t2, 661
core   0: 3 0x8000a714 (0x2953c093) x 1 0x8002ee71
core   0: 0x8000a718 (0x3dc33d93) sltiu   s11, t1, 988
core   0: 3 0x8000a718 (0x3dc33d93) x27 0x00000001
core   0: 0x8000a71c (0xa20f2293) slti    t0, t5, -1504
core   0: 3 0x8000a71c (0xa20f2293) x 5 0x00000000
core   0: 0x8000a720 (0x006c3fb3) sltu    t6, s8, t1
core   0: 3 0x8000a720 (0x006c3fb3) x31 0x00000000
core   0: 0x8000a724 (0x056af063) bgeu    s5, s6, pc + 64
core   0: 3 0x8000a724 (0x056af063)
core   0: 0x8000a764 (0x00000013) nop
core   0: 3 0x8000a764 (0x00000013)
core   0: 0x8000a768 (0x007e0333) add     t1, t3, t2
core   0: 3 0x8000a768 (0x007e0333) x 6 0x8002f474
core   0: 0x8000a76c (0x00b054b3) srl     s1, zero, a1
core   0: 3 0x8000a76c (0x00b054b3) x 9 0x00000000
core   0: 0x8000a770 (0x00000013) nop
core   0: 3 0x8000a770 (0x00000013)
core   0: 0x8000a774 (0x01db47b3) xor     a5, s6, t4
core   0: 3 0x8000a774 (0x01db47b3) x15 0x4f52a000
core   0: 0x8000a778 (0x003dc833) xor     a6, s11, gp
core   0: 3 0x8000a778 (0x003dc833) x16 0xfffffeee
core   0: 0x8000a77c (0x01e00233) add     tp, zero, t5
core   0: 3 0x8000a77c (0x01e00233) x 4 0x00000000
core   0: 0x8000a780 (0x00000013) nop
core   0: 3 0x8000a780 (0x00000013)
core   0: 0x8000a784 (0x00720bb3) add     s7, tp, t2
core   0: 3 0x8000a784 (0x00720bb3) x23 0x8002ece4
core   0: 0x8000a788 (0x41fec093) xori    ra, t4, 1055
core   0: 3 0x8000a788 (0x41fec093) x 1 0x4f52a41f
core   0: 0x8000a78c (0x33df2c93) slti    s9, t5, 829
core   0: 3 0x8000a78c (0x33df2c93) x25 0x00000001
core   0: 0x8000a790 (0x032aca63) blt     s5, s2, pc + 52
core   0: 3 0x8000a790 (0x032aca63)
core   0: 0x8000a794 (0x01d16893) ori     a7, sp, 29
core   0: 3 0x8000a794 (0x01d16893) x17 0x8002ecfd
core   0: 0x8000a798 (0x4175dbb3) sra     s7, a1, s7
core   0: 3 0x8000a798 (0x4175dbb3) x23 0x00000000
core   0: 0x8000a79c (0x016032b3) snez    t0, s6
core   0: 3 0x8000a79c (0x016032b3) x 5 0x00000000
core   0: 0x8000a7a0 (0x019d1033) sll     zero, s10, s9
core   0: 3 0x8000a7a0 (0x019d1033)
core   0: 0x8000a7a4 (0x96200b13) li      s6, -1694
core   0: 3 0x8000a7a4 (0x96200b13) x22 0xfffff962
core   0: 0x8000a7a8 (0x007297b3) sll     a5, t0, t2
core   0: 3 0x8000a7a8 (0x007297b3) x15 0x00000000
core   0: 0x8000a7ac (0x00b1d193) srli    gp, gp, 11
core   0: 3 0x8000a7ac (0x00b1d193) x 3 0x001fffff
core   0: 0x8000a7b0 (0xa4bb7d13) andi    s10, s6, -1461
core   0: 3 0x8000a7b0 (0xa4bb7d13) x26 0xfffff842
core   0: 0x8000a7b4 (0x04ab9663) bne     s7, a0, pc + 76
core   0: 3 0x8000a7b4 (0x04ab9663)
core   0: 0x8000a800 (0x00000013) nop
core   0: 3 0x8000a800 (0x00000013)
core   0: 0x8000a804 (0x04970063) beq     a4, s1, pc + 64
core   0: 3 0x8000a804 (0x04970063)
core   0: 0x8000a808 (0x01dbdc93) srli    s9, s7, 29
core   0: 3 0x8000a808 (0x01dbdc93) x25 0x00000000
core   0: 0x8000a80c (0x24ca4493) xori    s1, s4, 588
core   0: 3 0x8000a80c (0x24ca4493) x 9 0x0000024a
core   0: 0x8000a810 (0x00000013) nop
core   0: 3 0x8000a810 (0x00000013)
core   0: 0x8000a814 (0x0197b433) sltu    s0, a5, s9
core   0: 3 0x8000a814 (0x0197b433) x 8 0x00000000
core   0: 0x8000a818 (0x41c05a13) srai    s4, zero, 28
core   0: 3 0x8000a818 (0x41c05a13) x20 0x00000000
core   0: 0x8000a81c (0x00d7f2b3) and     t0, a5, a3
core   0: 3 0x8000a81c (0x00d7f2b3) x 5 0x00000000
core   0: 0x8000a820 (0x00999593) slli    a1, s3, 9
core   0: 3 0x8000a820 (0x00999593) x11 0x055cc800
core   0: 0x8000a824 (0xe904f4b7) lui     s1, 0xe904f
core   0: 3 0x8000a824 (0xe904f4b7) x 9 0xe904f000
core   0: 0x8000a828 (0x414d57b3) sra     a5, s10, s4
core   0: 3 0x8000a828 (0x414d57b3) x15 0xfffff842
core   0: 0x8000a82c (0x01c2f263) bgeu    t0, t3, pc + 4
core   0: 3 0x8000a82c (0x01c2f263)
core   0: 0x8000a830 (0xb21ff293) andi    t0, t6, -1247
core   0: 3 0x8000a830 (0xb21ff293) x 5 0x00000000
core   0: 0x8000a834 (0x2addf213) andi    tp, s11, 685
core   0: 3 0x8000a834 (0x2addf213) x 4 0x00000001
core   0: 0x8000a838 (0x0000100f) fence.i
core   0: 3 0x8000a838 (0x0000100f)
core   0: 0x8000a83c (0x01fdac33) slt     s8, s11, t6
core   0: 3 0x8000a83c (0x01fdac33) x24 0x00000000
core   0: 0x8000a840 (0x03dec063) blt     t4, t4, pc + 32
core   0: 3 0x8000a840 (0x03dec063)
core   0: 0x8000a844 (0x7c143f13) sltiu   t5, s0, 1985
core   0: 3 0x8000a844 (0x7c143f13) x30 0x00000001
core   0: 0x8000a848 (0x016f0233) add     tp, t5, s6
core   0: 3 0x8000a848 (0x016f0233) x 4 0xfffff963
core   0: 0x8000a84c (0x00761d93) slli    s11, a2, 7
core   0: 3 0x8000a84c (0x00761d93) x27 0xa4b80000
core   0: 0x8000a850 (0x15199517) auipc   a0, 0x15199
core   0: 3 0x8000a850 (0x15199517) x10 0x951a3850
core   0: 0x8000a854 (0x018a4533) xor     a0, s4, s8
core   0: 3 0x8000a854 (0x018a4533) x10 0x00000000
core   0: 0x8000a858 (0xc57a7b13) andi    s6, s4, -937
core   0: 3 0x8000a858 (0xc57a7b13) x22 0x00000000
core   0: 0x8000a85c (0x010792b3) sll     t0, a5, a6
core   0: 3 0x8000a85c (0x010792b3) x 5 0xfe108000
core   0: 0x8000a860 (0x00081d33) sll     s10, a6, zero
core   0: 3 0x8000a860 (0x00081d33) x26 0xfffffeee
core   0: 0x8000a864 (0x0066c533) xor     a0, a3, t1
core   0: 3 0x8000a864 (0x0066c533) x10 0x0002f474
core   0: 0x8000a868 (0x3d5d6793) ori     a5, s10, 981
core   0: 3 0x8000a868 (0x3d5d6793) x15 0xffffffff
core   0: 0x8000a86c (0x0ff0000f) fence   iorw,iorw
core   0: 3 0x8000a86c (0x0ff0000f)
core   0: 0x8000a870 (0x013dc233) xor     tp, s11, s3
core   0: 3 0x8000a870 (0x013dc233) x 4 0x24baae64
core   0: 0x8000a874 (0x010eb533) sltu    a0, t4, a6
core   0: 3 0x8000a874 (0x010eb533) x10 0x00000001
core   0: 0x8000a878 (0x0131ec63) bltu    gp, s3, pc + 24
core   0: 3 0x8000a878 (0x0131ec63)
core   0: 0x8000a890 (0x00000013) nop
core   0: 3 0x8000a890 (0x00000013)
core   0: 0x8000a894 (0x01d061b3) or      gp, zero, t4
core   0: 3 0x8000a894 (0x01d061b3) x 3 0x4f52a000
core   0: 0x8000a898 (0x0ff0000f) fence   iorw,iorw
core   0: 3 0x8000a898 (0x0ff0000f)
core   0: 0x8000a89c (0x41a35093) srai    ra, t1, 26
core   0: 3 0x8000a89c (0x41a35093) x 1 0xffffffe0
core   0: 0x8000a8a0 (0x0ff0000f) fence   iorw,iorw
core   0: 3 0x8000a8a0 (0x0ff0000f)
core   0: 0x8000a8a4 (0x4041acb7) lui     s9, 0x4041a
core   0: 3 0x8000a8a4 (0x4041acb7) x25 0x4041a000
core   0: 0x8000a8a8 (0x40e05c13) srai    s8, zero, 14
core   0: 3 0x8000a8a8 (0x40e05c13) x24 0x00000000
core   0: 0x8000a8ac (0x0ff0000f) fence   iorw,iorw
core   0: 3 0x8000a8ac (0x0ff0000f)
core   0: 0x8000a8b0 (0x0139f933) and     s2, s3, s3
core   0: 3 0x8000a8b0 (0x0139f933) x18 0x8002ae64
core   0: 0x8000a8b4 (0x49f22e13) slti    t3, tp, 1183
core   0: 3 0x8000a8b4 (0x49f22e13) x28 0x00000000
core   0: 0x8000a8b8 (0x65c7c393) xori    t2, a5, 1628
core   0: 3 0x8000a8b8 (0x65c7c393) x 7 0xfffff9a3
core   0: 0x8000a8bc (0x41e78e33) sub     t3, a5, t5
core   0: 3 0x8000a8bc (0x41e78e33) x28 0xfffffffe
core   0: 0x8000a8c0 (0x0582f263) bgeu    t0, s8, pc + 68
core   0: 3 0x8000a8c0 (0x0582f263)
core   0: 0x8000a904 (0x0066fe63) bgeu    a3, t1, pc + 28
core   0: 3 0x8000a904 (0x0066fe63)
core   0: 0x8000a908 (0x004f58b3) srl     a7, t5, tp
core   0: 3 0x8000a908 (0x004f58b3) x17 0x00000000
core   0: 0x8000a90c (0x01233c33) sltu    s8, t1, s2
core   0: 3 0x8000a90c (0x01233c33) x24 0x00000000
core   0: 0x8000a910 (0x93897e93) andi    t4, s2, -1736
core   0: 3 0x8000a910 (0x93897e93) x29 0x8002a820
core   0: 0x8000a914 (0x6e307a13) andi    s4, zero, 1763
core   0: 3 0x8000a914 (0x6e307a13) x20 0x00000000
core   0: 0x8000a918 (0x03acc463) blt     s9, s10, pc + 40
core   0: 3 0x8000a918 (0x03acc463)
core   0: 0x8000a91c (0x009f8463) beq     t6, s1, pc + 8
core   0: 3 0x8000a91c (0x009f8463)
core   0: 0x8000a920 (0xb3482e93) slti    t4, a6, -1228
core   0: 3 0x8000a920 (0xb3482e93) x29 0x00000000
core   0: 0x8000a924 (0x007e1713) slli    a4, t3, 7
core   0: 3 0x8000a924 (0x007e1713) x14 0xffffff00
core   0: 0x8000a928 (0xe7673313) sltiu   t1, a4, -394
core   0: 3 0x8000a928 (0xe7673313) x 6 0x00000000
core   0: 0x8000a92c (0x01061013) slli    zero, a2, 16
core   0: 3 0x8000a92c (0x01061013)
core   0: 0x8000a930 (0x00759263) bne     a1, t2, pc + 4
core   0: 3 0x8000a930 (0x00759263)
core   0: 0x8000a934 (0x4be7c093) xori    ra, a5, 1214
core   0: 3 0x8000a934 (0x4be7c093) x 1 0xfffffb41
core   0: 0x8000a938 (0x0ff0000f) fence   iorw,iorw
core   0: 3 0x8000a938 (0x0ff0000f)
core   0: 0x8000a93c (0x2bfb9317) auipc   t1, 0x2bfb9
core   0: 3 0x8000a93c (0x2bfb9317) x 6 0xabfc393c
core   0: 0x8000a940 (0x40e700b3) sub     ra, a4, a4
core   0: 3 0x8000a940 (0x40e700b3) x 1 0x00000000
core   0: 0x8000a944 (0x01aa8733) add     a4, s5, s10
core   0: 3 0x8000a944 (0x01aa8733) x14 0x005d9b6e
core   0: 0x8000a948 (0x77480b17) auipc   s6, 0x77480
core   0: 3 0x8000a948 (0x77480b17) x22 0xf748a948
core   0: 0x8000a94c (0x02991e63) bne     s2, s1, pc + 60
core   0: 3 0x8000a94c (0x02991e63)
core   0: 0x8000a988 (0x41cb0cb3) sub     s9, s6, t3
core   0: 3 0x8000a988 (0x41cb0cb3) x25 0xf748a94a
core   0: 0x8000a98c (0x04787463) bgeu    a6, t2, pc + 72
core   0: 3 0x8000a98c (0x04787463)
core   0: 0x8000a9d4 (0x01f3fbb3) and     s7, t2, t6
core   0: 3 0x8000a9d4 (0x01f3fbb3) x23 0x00000000
core   0: 0x8000a9d8 (0x00000013) nop
core   0: 3 0x8000a9d8 (0x00000013)
core   0: 0x8000a9dc (0x053d5263) bge     s10, s3, pc + 68
core   0: 3 0x8000a9dc (0x053d5263)
core   0: 0x8000aa20 (0x40e2ddb3) sra     s11, t0, a4
core   0: 3 0x8000aa20 (0x40e2ddb3) x27 0xfffff842
core   0: 0x8000aa24 (0x6db10b93) addi    s7, sp, 1755
core   0: 3 0x8000aa24 (0x6db10b93) x23 0x8002f3bf
core   0: 0x8000aa28 (0x01c25eb3) srl     t4, tp, t3
core   0: 3 0x8000aa28 (0x01c25eb3) x29 0x00000000
core   0: 0x8000aa2c (0x011adc63) bge     s5, a7, pc + 24
core   0: 3 0x8000aa2c (0x011adc63)
core   0: 0x8000aa44 (0x1547af93) slti    t6, a5, 340
core   0: 3 0x8000aa44 (0x1547af93) x31 0x00000001
core   0: 0x8000aa48 (0xee60fc93) andi    s9, ra, -282
core   0: 3 0x8000aa48 (0xee60fc93) x25 0x00000000
core   0: 0x8000aa4c (0x00604463) blt     zero, t1, pc + 8
core   0: 3 0x8000aa4c (0x00604463)
core   0: 0x8000aa50 (0x00000013) nop
core   0: 3 0x8000aa50 (0x00000013)
core   0: 0x8000aa54 (0x00000013) nop
core   0: 3 0x8000aa54 (0x00000013)
core   0: 0x8000aa58 (0x01031933) sll     s2, t1, a6
core   0: 3 0x8000aa58 (0x01031933) x18 0x0e4f0000
core   0: 0x8000aa5c (0x01241213) slli    tp, s0, 18
core   0: 3 0x8000aa5c (0x01241213) x 4 0x00000000
core   0: 0x8000aa60 (0x74993a93) sltiu   s5, s2, 1865
core   0: 3 0x8000aa60 (0x74993a93) x21 0x00000000
core   0: 0x8000aa64 (0x00009bb3) sll     s7, ra, zero
core   0: 3 0x8000aa64 (0x00009bb3) x23 0x00000000
core   0: 0x8000aa68 (0x0303ca63) blt     t2, a6, pc + 52
core   0: 3 0x8000aa68 (0x0303ca63)
core   0: 0x8000aa9c (0x00b2c463) blt     t0, a1, pc + 8
core   0: 3 0x8000aa9c (0x00b2c463)
core   0: 0x8000aaa4 (0x65747a13) andi    s4, s0, 1623
core   0: 3 0x8000aaa4 (0x65747a13) x20 0x00000000
core   0: 0x8000aaa8 (0x00107463) bgeu    zero, ra, pc + 8
core   0: 3 0x8000aaa8 (0x00107463)
core   0: 0x8000aab0 (0x00000013) nop
core   0: 3 0x8000aab0 (0x00000013)
core   0: 0x8000aab4 (0x405751b3) sra     gp, a4, t0
core   0: 3 0x8000aab4 (0x405751b3) x 3 0x005d9b6e
core   0: 0x8000aab8 (0x01f10933) add     s2, sp, t6
core   0: 3 0x8000aab8 (0x01f10933) x18 0x8002ece5
core   0: 0x8000aabc (0x99836b13) ori     s6, t1, -1640
core   0: 3 0x8000aabc (0x99836b13) x22 0xfffff9bc
core   0: 0x8000aac0 (0x57316513) ori     a0, sp, 1395
core   0: 3 0x8000aac0 (0x57316513) x10 0x8002edf7
core   0: 0x8000aac4 (0x01751c63) bne     a0, s7, pc + 24
core   0: 3 0x8000aac4 (0x01751c63)
core   0: 0x8000aadc (0x41425493) srai    s1, tp, 20
core   0: 3 0x8000aadc (0x41425493) x 9 0x00000000
core   0: 0x8000aae0 (0x01775e93) srli    t4, a4, 23
core   0: 3 0x8000aae0 (0x01775e93) x29 0x00000000
core   0: 0x8000aae4 (0x002b7a33) and     s4, s6, sp
core   0: 3 0x8000aae4 (0x002b7a33) x20 0x8002e8a4
core   0: 0x8000aae8 (0x000c97b3) sll     a5, s9, zero
core   0: 3 0x8000aae8 (0x000c97b3) x15 0x00000000
core   0: 0x8000aaec (0x437ef013) andi    zero, t4, 1079
core   0: 3 0x8000aaec (0x437ef013)
core   0: 0x8000aaf0 (0x00e1db93) srli    s7, gp, 14
core   0: 3 0x8000aaf0 (0x00e1db93) x23 0x00000176
core   0: 0x8000aaf4 (0x81328913) addi    s2, t0, -2029
core   0: 3 0x8000aaf4 (0x81328913) x18 0xfe107813
core   0: 0x8000aaf8 (0x4095df93) srai    t6, a1, 9
core   0: 3 0x8000aaf8 (0x4095df93) x31 0x0002ae64
core   0: 0x8000aafc (0x0111a733) slt     a4, gp, a7
core   0: 3 0x8000aafc (0x0111a733) x14 0x00000000
core   0: 0x8000ab00 (0x404d5533) sra     a0, s10, tp
core   0: 3 0x8000ab00 (0x404d5533) x10 0xfffffeee
core   0: 0x8000ab04 (0x02635a63) bge     t1, t1, pc + 52
core   0: 3 0x8000ab04 (0x02635a63)
core   0: 0x8000ab38 (0x6de68793) addi    a5, a3, 1758
core   0: 3 0x8000ab38 (0x6de68793) x15 0x800006de
core   0: 0x8000ab3c (0x01b0f263) bgeu    ra, s11, pc + 4
core   0: 3 0x8000ab3c (0x01b0f263)
core   0: 0x8000ab40 (0x01c31893) slli    a7, t1, 28
core   0: 3 0x8000ab40 (0x01c31893) x17 0xc0000000
core   0: 0x8000ab44 (0x02684063) blt     a6, t1, pc + 32
core   0: 3 0x8000ab44 (0x02684063)
core   0: 0x8000ab48 (0x4156d493) srai    s1, a3, 21
core   0: 3 0x8000ab48 (0x4156d493) x 9 0xfffffc00
core   0: 0x8000ab4c (0xcf780d97) auipc   s11, 0xcf780
core   0: 3 0x8000ab4c (0xcf780d97) x27 0x4f78ab4c
core   0: 0x8000ab50 (0x28732893) slti    a7, t1, 647
core   0: 3 0x8000ab50 (0x28732893) x17 0x00000001
core   0: 0x8000ab54 (0x007a8ab3) add     s5, s5, t2
core   0: 3 0x8000ab54 (0x007a8ab3) x21 0xfffff9a3
core   0: 0x8000ab58 (0x05359063) bne     a1, s3, pc + 64
core   0: 3 0x8000ab58 (0x05359063)
core   0: 0x8000ab98 (0x0165fc63) bgeu    a1, s6, pc + 24
core   0: 3 0x8000ab98 (0x0165fc63)
core   0: 0x8000ab9c (0x0166b4b3) sltu    s1, a3, s6
core   0: 3 0x8000ab9c (0x0166b4b3) x 9 0x00000001
core   0: 0x8000aba0 (0x00e804b3) add     s1, a6, a4
core   0: 3 0x8000aba0 (0x00e804b3) x 9 0xfffffeee
core   0: 0x8000aba4 (0xf77fe813) ori     a6, t6, -137
core   0: 3 0x8000aba4 (0xf77fe813) x16 0xffffff77
core   0: 0x8000aba8 (0x78643613) sltiu   a2, s0, 1926
core   0: 3 0x8000aba8 (0x78643613) x12 0x00000001
core   0: 0x8000abac (0x02d60a63) beq     a2, a3, pc + 52
core   0: 3 0x8000abac (0x02d60a63)
core   0: 0x8000abb0 (0x41715fb3) sra     t6, sp, s7
core   0: 3 0x8000abb0 (0x41715fb3) x31 0xfffffe00
core   0: 0x8000abb4 (0x418a5793) srai    a5, s4, 24
core   0: 3 0x8000abb4 (0x418a5793) x15 0xffffff80
core   0: 0x8000abb8 (0x0043dd13) srli    s10, t2, 4
core   0: 3 0x8000abb8 (0x0043dd13) x26 0x0fffff9a
core   0: 0x8000abbc (0x037d1c63) bne     s10, s7, pc + 56
core   0: 3 0x8000abbc (0x037d1c63)
core   0: 0x8000abf4 (0x0129f2b3) and     t0, s3, s2
core   0: 3 0x8000abf4 (0x0129f2b3) x 5 0x80002800
core   0: 0x8000abf8 (0x007d6863) bltu    s10, t2, pc + 16
core   0: 3 0x8000abf8 (0x007d6863)
core   0: 0x8000ac08 (0x01580ab3) add     s5, a6, s5
core   0: 3 0x8000ac08 (0x01580ab3) x21 0xfffff91a
core   0: 0x8000ac0c (0x0000100f) fence.i
core   0: 3 0x8000ac0c (0x0000100f)
core   0: 0x8000ac10 (0xdf6ff193) andi    gp, t6, -522
core   0: 3 0x8000ac10 (0xdf6ff193) x 3 0xfffffc00
core   0: 0x8000ac14 (0x40608033) sub     zero, ra, t1
core   0: 3 0x8000ac14 (0x40608033)
core   0: 0x8000ac18 (0x01b70c33) add     s8, a4, s11
core   0: 3 0x8000ac18 (0x01b70c33) x24 0x4f78ab4c
core   0: 0x8000ac1c (0x00d15f93) srli    t6, sp, 13
core   0: 3 0x8000ac1c (0x00d15f93) x31 0x00040017
core   0: 0x8000ac20 (0x01062633) slt     a2, a2, a6
core   0: 3 0x8000ac20 (0x01062633) x12 0x00000000
core   0: 0x8000ac24 (0x41250db3) sub     s11, a0, s2
core   0: 3 0x8000ac24 (0x41250db3) x27 0x01ef86db
core   0: 0x8000ac28 (0x9e709417) auipc   s0, 0x9e709
core   0: 3 0x8000ac28 (0x9e709417) x 8 0x1e713c28
core   0: 0x8000ac2c (0x01675c63) bge     a4, s6, pc + 24
core   0: 3 0x8000ac2c (0x01675c63)
core   0: 0x8000ac44 (0x011bd5b3) srl     a1, s7, a7
core   0: 3 0x8000ac44 (0x011bd5b3) x11 0x000000bb
core   0: 0x8000ac48 (0x0437e063) bltu    a5, gp, pc + 64
core   0: 3 0x8000ac48 (0x0437e063)
core   0: 0x8000ac4c (0x403385b3) sub     a1, t2, gp
core   0: 3 0x8000ac4c (0x403385b3) x11 0xfffffda3
core   0: 0x8000ac50 (0x01f485b3) add     a1, s1, t6
core   0: 3 0x8000ac50 (0x01f485b3) x11 0x0003ff05
core   0: 0x8000ac54 (0x05686663) bltu    a6, s6, pc + 76
core   0: 3 0x8000ac54 (0x05686663)
core   0: 0x8000ac58 (0x41140633) sub     a2, s0, a7
core   0: 3 0x8000ac58 (0x41140633) x12 0x1e713c27
core   0: 0x8000ac5c (0x00000013) nop
core   0: 3 0x8000ac5c (0x00000013)
core   0: 0x8000ac60 (0x41f78933) sub     s2, a5, t6
core   0: 3 0x8000ac60 (0x41f78933) x18 0xfffbff69
core   0: 0x8000ac64 (0x0ff0000f) fence   iorw,iorw
core   0: 3 0x8000ac64 (0x0ff0000f)
core   0: 0x8000ac68 (0x0055f813) andi    a6, a1, 5
core   0: 3 0x8000ac68 (0x0055f813) x16 0x00000005
core   0: 0x8000ac6c (0x01871513) slli    a0, a4, 24
core   0: 3 0x8000ac6c (0x01871513) x10 0x00000000
core   0: 0x8000ac70 (0x4169d033) sra     zero, s3, s6
core   0: 3 0x8000ac70 (0x4169d033)
core   0: 0x8000ac74 (0x0000100f) fence.i
core   0: 3 0x8000ac74 (0x0000100f)
core   0: 0x8000ac78 (0x0ff0000f) fence   iorw,iorw
core   0: 3 0x8000ac78 (0x0ff0000f)
core   0: 0x8000ac7c (0x01df0433) add     s0, t5, t4
core   0: 3 0x8000ac7c (0x01df0433) x 8 0x00000001
core   0: 0x8000ac80 (0x0000100f) fence.i
core   0: 3 0x8000ac80 (0x0000100f)
core   0: 0x8000ac84 (0xa815ef13) ori     t5, a1, -1407
core   0: 3 0x8000ac84 (0xa815ef13) x30 0xffffff85
core   0: 0x8000ac88 (0x4087d393) srai    t2, a5, 8
core   0: 3 0x8000ac88 (0x4087d393) x 7 0xffffffff
core   0: 0x8000ac8c (0x410fd893) srai    a7, t6, 16
core   0: 3 0x8000ac8c (0x410fd893) x17 0x00000004
core   0: 0x8000ac90 (0x68c88293) addi    t0, a7, 1676
core   0: 3 0x8000ac90 (0x68c88293) x 5 0x00000690
core   0: 0x8000ac94 (0x00db5463) bge     s6, a3, pc + 8
core   0: 3 0x8000ac94 (0x00db5463)
core   0: 0x8000ac9c (0x05ea9063) bne     s5, t5, pc + 64
core   0: 3 0x8000ac9c (0x05ea9063)
core   0: 0x8000acdc (0x41508b33) sub     s6, ra, s5
core   0: 3 0x8000acdc (0x41508b33) x22 0x000006e6
core   0: 0x8000ace0 (0x01bdb333) sltu    t1, s11, s11
core   0: 3 0x8000ace0 (0x01bdb333) x 6 0x00000000
core   0: 0x8000ace4 (0xf0e3a513) slti    a0, t2, -242
core   0: 3 0x8000ace4 (0xf0e3a513) x10 0x00000000
core   0: 0x8000ace8 (0x77e98e97) auipc   t4, 0x77e98
core   0: 3 0x8000ace8 (0x77e98e97) x29 0xf7ea2ce8
core   0: 0x8000acec (0x45de2913) slti    s2, t3, 1117
core   0: 3 0x8000acec (0x45de2913) x18 0x00000001
core   0: 0x8000acf0 (0x6bf355b7) lui     a1, 0x6bf35
core   0: 3 0x8000acf0 (0x6bf355b7) x11 0x6bf35000
core   0: 0x8000acf4 (0xf2b5d097) auipc   ra, 0xf2b5d
core   0: 3 0x8000acf4 (0xf2b5d097) x 1 0x72b67cf4
core   0: 0x8000acf8 (0x01f6ac33) slt     s8, a3, t6
core   0: 3 0x8000acf8 (0x01f6ac33) x24 0x00000001
core   0: 0x8000acfc (0x01ce03b3) add     t2, t3, t3
core   0: 3 0x8000acfc (0x01ce03b3) x 7 0xfffffffc
core   0: 0x8000ad00 (0x02b3f263) bgeu    t2, a1, pc + 36
core   0: 3 0x8000ad00 (0x02b3f263)
core   0: 0x8000ad24 (0x0000100f) fence.i
core   0: 3 0x8000ad24 (0x0000100f)
core   0: 0x8000ad28 (0x0000100f) fence.i
core   0: 3 0x8000ad28 (0x0000100f)
core   0: 0x8000ad2c (0x012a3fb3) sltu    t6, s4, s2
core   0: 3 0x8000ad2c (0x012a3fb3) x31 0x00000000
core   0: 0x8000ad30 (0x02606a63) bltu    zero, t1, pc + 52
core   0: 3 0x8000ad30 (0x02606a63)
core   0: 0x8000ad34 (0x4012d313) srai    t1, t0, 1
core   0: 3 0x8000ad34 (0x4012d313) x 6 0x00000348
core   0: 0x8000ad38 (0xacd60013) addi    zero, a2, -1331
core   0: 3 0x8000ad38 (0xacd60013)
core   0: 0x8000ad3c (0x412bdb93) srai    s7, s7, 18
core   0: 3 0x8000ad3c (0x412bdb93) x23 0x00000000
core   0: 0x8000ad40 (0x003f4933) xor     s2, t5, gp
core   0: 3 0x8000ad40 (0x003f4933) x18 0x00000385
core   0: 0x8000ad44 (0x007d21b3) slt     gp, s10, t2
core   0: 3 0x8000ad44 (0x007d21b3) x 3 0x00000000
core   0: 0x8000ad48 (0x01e65a63) bge     a2, t5, pc + 20
core   0: 3 0x8000ad48 (0x01e65a63)
core   0: 0x8000ad5c (0x00bd6433) or      s0, s10, a1
core   0: 3 0x8000ad5c (0x00bd6433) x 8 0x6fffff9a
core   0: 0x8000ad60 (0x22bfc293) xori    t0, t6, 555
core   0: 3 0x8000ad60 (0x22bfc293) x 5 0x0000022b
core   0: 0x8000ad64 (0x01c99463) bne     s3, t3, pc + 8
core   0: 3 0x8000ad64 (0x01c99463)
core   0: 0x8000ad6c (0x5372cf13) xori    t5, t0, 1335
core   0: 3 0x8000ad6c (0x5372cf13) x30 0x0000071c
core   0: 0x8000ad70 (0x2910ea93) ori     s5, ra, 657
core   0: 3 0x8000ad70 (0x2910ea93) x21 0x72b67ef5
core   0: 0x8000ad74 (0x00971593) slli    a1, a4, 9
core   0: 3 0x8000ad74 (0x00971593) x11 0x00000000
core   0: 0x8000ad78 (0x4147d633) sra     a2, a5, s4
core   0: 3 0x8000ad78 (0x4147d633) x12 0xfffffff8
core   0: 0x8000ad7c (0x4193d213) srai    tp, t2, 25
core   0: 3 0x8000ad7c (0x4193d213) x 4 0xffffffff
core   0: 0x8000ad80 (0x016ca3b3) slt     t2, s9, s6
core   0: 3 0x8000ad80 (0x016ca3b3) x 7 0x00000001
core   0: 0x8000ad84 (0x0000ae97) auipc   t4, 0xa
core   0: 3 0x8000ad84 (0x0000ae97) x29 0x80014d84
core   0: 0x8000ad88 (0x47fe8e93) addi    t4, t4, 1151
core   0: 3 0x8000ad88 (0x47fe8e93) x29 0x80015203
core   0: 0x8000ad8c (0x009e9da3) sh      s1, 27(t4)
core   0: 3 0x8000ad8c (0x009e9da3) mem 0x8001521e 0xfeee
core   0: 0x8000ad90 (0x00115633) srl     a2, sp, ra
core   0: 3 0x8000ad90 (0x00115633) x12 0x00000800
core   0: 0x8000ad94 (0x40528833) sub     a6, t0, t0
core   0: 3 0x8000ad94 (0x40528833) x16 0x00000000
core   0: 0x8000ad98 (0x02be8323) sb      a1, 38(t4)
core   0: 3 0x8000ad98 (0x02be8323) mem 0x80015229 0x0
core   0: 0x8000ad9c (0x028e8a83) lb      s5, 40(t4)
core   0: 3 0x8000ad9c (0x028e8a83) x21 0xffffffe0 mem 0x8001522b
core   0: 0x8000ada0 (0x5c3c3813) sltiu   a6, s8, 1475
core   0: 3 0x8000ada0 (0x5c3c3813) x16 0x00000001
core   0: 0x8000ada4 (0x040e8803) lb      a6, 64(t4)
core   0: 3 0x8000ada4 (0x040e8803) x16 0xfffffff8 mem 0x80015243
core   0: 0x8000ada8 (0x0122ef33) or      t5, t0, s2
core   0: 3 0x8000ada8 (0x0122ef33) x30 0x000003af
core   0: 0x8000adac (0xfc3ed483) lhu     s1, -61(t4)
core   0: 3 0x8000adac (0xfc3ed483) x 9 0x00007c7d mem 0x800151c6
core   0: 0x8000adb0 (0x00fcf733) and     a4, s9, a5
core   0: 3 0x8000adb0 (0x00fcf733) x14 0x00000000
core   0: 0x8000adb4 (0x58121017) auipc   zero, 0x58121
core   0: 3 0x8000adb4 (0x58121017)
core   0: 0x8000adb8 (0x1919ad13) slti    s10, s3, 401
core   0: 3 0x8000adb8 (0x1919ad13) x26 0x00000001
core   0: 0x8000adbc (0x40135e13) srai    t3, t1, 1
core   0: 3 0x8000adbc (0x40135e13) x28 0x000001a4
core   0: 0x8000adc0 (0x02eea4a3) sw      a4, 41(t4)
core   0: 3 0x8000adc0 (0x02eea4a3) mem 0x8001522c 0x00000000
core   0: 0x8000adc4 (0x00fa1933) sll     s2, s4, a5
core   0: 3 0x8000adc4 (0x00fa1933) x18 0x8002e8a4
core   0: 0x8000adc8 (0xffae80a3) sb      s10, -31(t4)
core   0: 3 0x8000adc8 (0xffae80a3) mem 0x800151e4 0x1
core   0: 0x8000adcc (0x03de8823) sb      t4, 48(t4)
core   0: 3 0x8000adcc (0x03de8823) mem 0x80015233 0x3
core   0: 0x8000add0 (0x07115917) auipc   s2, 0x7115
core   0: 3 0x8000add0 (0x07115917) x18 0x8711fdd0
core   0: 0x8000add4 (0x00ce8523) sb      a2, 10(t4)
core   0: 3 0x8000add4 (0x00ce8523) mem 0x8001520d 0x0
core   0: 0x8000add8 (0xf676ed93) ori     s11, a3, -153
core   0: 3 0x8000add8 (0xf676ed93) x27 0xffffff67
core   0: 0x8000addc (0xfe7e8f23) sb      t2, -2(t4)
core   0: 3 0x8000addc (0xfe7e8f23) mem 0x80015201 0x1
core   0: 0x8000ade0 (0xfc7e8fa3) sb      t2, -33(t4)
core   0: 3 0x8000ade0 (0xfc7e8fa3) mem 0x800151e2 0x1
core   0: 0x8000ade4 (0x009d51b3) srl     gp, s10, s1
core   0: 3 0x8000ade4 (0x009d51b3) x 3 0x00000000
core   0: 0x8000ade8 (0x01a44fb3) xor     t6, s0, s10
core   0: 3 0x8000ade8 (0x01a44fb3) x31 0x6fffff9b
core   0: 0x8000adec (0x018ecc83) lbu     s9, 24(t4)
core   0: 3 0x8000adec (0x018ecc83) x25 0x000000d0 mem 0x8001521b
core   0: 0x8000adf0 (0x012ea0a3) sw      s2, 1(t4)
core   0: 3 0x8000adf0 (0x012ea0a3) mem 0x80015204 0x8711fdd0
core   0: 0x8000adf4 (0x0188b5b3) sltu    a1, a7, s8
core   0: 3 0x8000adf4 (0x0188b5b3) x11 0x00000000
core   0: 0x8000adf8 (0x03ee8303) lb      t1, 62(t4)
core   0: 3 0x8000adf8 (0x03ee8303) x 6 0xfffffffa mem 0x80015241
core   0: 0x8000adfc (0x039eae03) lw      t3, 57(t4)
core   0: 3 0x8000adfc (0x039eae03) x28 0xf4f5f6f7 mem 0x8001523c
core   0: 0x8000ae00 (0x555c3713) sltiu   a4, s8, 1365
core   0: 3 0x8000ae00 (0x555c3713) x14 0x00000001
core   0: 0x8000ae04 (0x10b7a893) slti    a7, a5, 267
core   0: 3 0x8000ae04 (0x10b7a893) x17 0x00000001
core   0: 0x8000ae08 (0x0ff0000f) fence   iorw,iorw
core   0: 3 0x8000ae08 (0x0ff0000f)
core   0: 0x8000ae0c (0xfe9e9583) lh      a1, -23(t4)
core   0: 3 0x8000ae0c (0xfe9e9583) x11 0xffffa6a7 mem 0x800151ec
core   0: 0x8000ae10 (0x00349933) sll     s2, s1, gp
core   0: 3 0x8000ae10 (0x00349933) x18 0x00007c7d
core   0: 0x8000ae14 (0x02aecd03) lbu     s10, 42(t4)
core   0: 3 0x8000ae14 (0x02aecd03) x26 0x00000000 mem 0x8001522d
core   0: 0x8000ae18 (0xff9e8583) lb      a1, -7(t4)
core   0: 3 0x8000ae18 (0xff9e8583) x11 0xffffffb7 mem 0x800151fc
core   0: 0x8000ae1c (0x01ff0c33) add     s8, t5, t6
core   0: 3 0x8000ae1c (0x01ff0c33) x24 0x7000034a
core   0: 0x8000ae20 (0x406d01b3) sub     gp, s10, t1
core   0: 3 0x8000ae20 (0x406d01b3) x 3 0x00000006
core   0: 0x8000ae24 (0xfd4e8723) sb      s4, -50(t4)
core   0: 3 0x8000ae24 (0xfd4e8723) mem 0x800151d1 0xa4
core   0: 0x8000ae28 (0x40320cb3) sub     s9, tp, gp
core   0: 3 0x8000ae28 (0x40320cb3) x25 0xfffffff9
core   0: 0x8000ae2c (0x52257f13) andi    t5, a0, 1314
core   0: 3 0x8000ae2c (0x52257f13) x30 0x00000000
core   0: 0x8000ae30 (0x034e8f03) lb      t5, 52(t4)
core   0: 3 0x8000ae30 (0x034e8f03) x30 0xffffffec mem 0x80015237
core   0: 0x8000ae34 (0x012d1f93) slli    t6, s10, 18
core   0: 3 0x8000ae34 (0x012d1f93) x31 0x00000000
core   0: 0x8000ae38 (0x0063e833) or      a6, t2, t1
core   0: 3 0x8000ae38 (0x0063e833) x16 0xfffffffb
core   0: 0x8000ae3c (0x0005e633) or      a2, a1, zero
core   0: 3 0x8000ae3c (0x0005e633) x12 0xffffffb7
core   0: 0x8000ae40 (0x003f0cb3) add     s9, t5, gp
core   0: 3 0x8000ae40 (0x003f0cb3) x25 0xfffffff2
core   0: 0x8000ae44 (0x0ff0000f) fence   iorw,iorw
core   0: 3 0x8000ae44 (0x0ff0000f)
core   0: 0x8000ae48 (0x03de8523) sb      t4, 42(t4)
core   0: 3 0x8000ae48 (0x03de8523) mem 0x8001522d 0x3
core   0: 0x8000ae4c (0xff9e8703) lb      a4, -7(t4)
core   0: 3 0x8000ae4c (0xff9e8703) x14 0xffffffb7 mem 0x800151fc
core   0: 0x8000ae50 (0x75eebc17) auipc   s8, 0x75eeb
core   0: 3 0x8000ae50 (0x75eebc17) x24 0xf5ef5e50
core   0: 0x8000ae54 (0xfdfedd03) lhu     s10, -33(t4)
core   0: 3 0x8000ae54 (0xfdfedd03) x26 0x00006401 mem 0x800151e2
core   0: 0x8000ae58 (0xfd2e8b23) sb      s2, -42(t4)
core   0: 3 0x8000ae58 (0xfd2e8b23) mem 0x800151d9 0x7d
core   0: 0x8000ae5c (0xfe9ea883) lw      a7, -23(t4)
core   0: 3 0x8000ae5c (0xfe9ea883) x17 0xa4a5a6a7 mem 0x800151ec
core   0: 0x8000ae60 (0xfcde8aa3) sb      a3, -43(t4)
core   0: 3 0x8000ae60 (0xfcde8aa3) mem 0x800151d8 0x0
core   0: 0x8000ae64 (0xb93db713) sltiu   a4, s11, -1133
core   0: 3 0x8000ae64 (0xb93db713) x14 0x00000000
core   0: 0x8000ae68 (0x02be8323) sb      a1, 38(t4)
core   0: 3 0x8000ae68 (0x02be8323) mem 0x80015229 0xb7
core   0: 0x8000ae6c (0x02fe9ca3) sh      a5, 57(t4)
core   0: 3 0x8000ae6c (0x02fe9ca3) mem 0x8001523c 0xff80
core   0: 0x8000ae70 (0x0024d613) srli    a2, s1, 2
core   0: 3 0x8000ae70 (0x0024d613) x12 0x00001f1f
core   0: 0x8000ae74 (0x0ff0000f) fence   iorw,iorw
core   0: 3 0x8000ae74 (0x0ff0000f)
core   0: 0x8000ae78 (0x4e25bf93) sltiu   t6, a1, 1250
core   0: 3 0x8000ae78 (0x4e25bf93) x31 0x00000000
core   0: 0x8000ae7c (0x03819463) bne     gp, s8, pc + 40
core   0: 3 0x8000ae7c (0x03819463)
core   0: 0x8000aea4 (0x00000013) nop
core   0: 3 0x8000aea4 (0x00000013)
core   0: 0x8000aea8 (0x20b9f813) andi    a6, s3, 523
core   0: 3 0x8000aea8 (0x20b9f813) x16 0x00000200
core   0: 0x8000aeac (0x0000100f) fence.i
core   0: 3 0x8000aeac (0x0000100f)
core   0: 0x8000aeb0 (0x40085313) srai    t1, a6, 0
core   0: 3 0x8000aeb0 (0x40085313) x 6 0x00000200
core   0: 0x8000aeb4 (0x01b7c0b3) xor     ra, a5, s11
core   0: 3 0x8000aeb4 (0x01b7c0b3) x 1 0x000000e7
core   0: 0x8000aeb8 (0xd3d4b613) sltiu   a2, s1, -707
core   0: 3 0x8000aeb8 (0xd3d4b613) x12 0x00000001
core   0: 0x8000aebc (0xfc707497) auipc   s1, 0xfc707
core   0: 3 0x8000aebc (0xfc707497) x 9 0x7c711ebc
core   0: 0x8000aec0 (0x04ed4263) blt     s10, a4, pc + 68
core   0: 3 0x8000aec0 (0x04ed4263)
core   0: 0x8000aec4 (0x00000013) nop
core   0: 3 0x8000aec4 (0x00000013)
core   0: 0x8000aec8 (0x002a9ab3) sll     s5, s5, sp
core   0: 3 0x8000aec8 (0x002a9ab3) x21 0xfffffe00
core   0: 0x8000aecc (0x41b18fb3) sub     t6, gp, s11
core   0: 3 0x8000aecc (0x41b18fb3) x31 0x0000009f
core   0: 0x8000aed0 (0x0012c733) xor     a4, t0, ra
core   0: 3 0x8000aed0 (0x0012c733) x14 0x000002cc
core   0: 0x8000aed4 (0x00921a13) slli    s4, tp, 9
core   0: 3 0x8000aed4 (0x00921a13) x20 0xfffffe00
core   0: 0x8000aed8 (0x00434233) xor     tp, t1, tp
core   0: 3 0x8000aed8 (0x00434233) x 4 0xfffffdff
core   0: 0x8000aedc (0x009864b3) or      s1, a6, s1
core   0: 3 0x8000aedc (0x009864b3) x 9 0x7c711ebc
core   0: 0x8000aee0 (0x40915833) sra     a6, sp, s1
core   0: 3 0x8000aee0 (0x40915833) x16 0xfffffff8
core   0: 0x8000aee4 (0x2d512f93) slti    t6, sp, 725
core   0: 3 0x8000aee4 (0x2d512f93) x31 0x00000001
core   0: 0x8000aee8 (0x00cbb2b3) sltu    t0, s7, a2
core   0: 3 0x8000aee8 (0x00cbb2b3) x 5 0x00000001
core   0: 0x8000aeec (0x039dc063) blt     s11, s9, pc + 32
core   0: 3 0x8000aeec (0x039dc063)
core   0: 0x8000af0c (0xb3972b13) slti    s6, a4, -1223
core   0: 3 0x8000af0c (0xb3972b13) x22 0x00000000
core   0: 0x8000af10 (0x00000013) nop
core   0: 3 0x8000af10 (0x00000013)
core   0: 0x8000af14 (0x41c05793) srai    a5, zero, 28
core   0: 3 0x8000af14 (0x41c05793) x15 0x00000000
core   0: 0x8000af18 (0x015ea1b3) slt     gp, t4, s5
core   0: 3 0x8000af18 (0x015ea1b3) x 3 0x00000001
core   0: 0x8000af1c (0x00000013) nop
core   0: 3 0x8000af1c (0x00000013)
core   0: 0x8000af20 (0x002c9a63) bne     s9, sp, pc + 20
core   0: 3 0x8000af20 (0x002c9a63)
core   0: 0x8000af34 (0x01cd1ab3) sll     s5, s10, t3
core   0: 3 0x8000af34 (0x01cd1ab3) x21 0x00800000
core   0: 0x8000af38 (0x03915a63) bge     sp, s9, pc + 52
core   0: 3 0x8000af38 (0x03915a63)
core   0: 0x8000af3c (0x01cbce63) blt     s7, t3, pc + 28
core   0: 3 0x8000af3c (0x01cbce63)
core   0: 0x8000af40 (0x4a99bd13) sltiu   s10, s3, 1193
core   0: 3 0x8000af40 (0x4a99bd13) x26 0x00000000
core   0: 0x8000af44 (0x002931b3) sltu    gp, s2, sp
core   0: 3 0x8000af44 (0x002931b3) x 3 0x00000001
core   0: 0x8000af48 (0x011aa8b3) slt     a7, s5, a7
core   0: 3 0x8000af48 (0x011aa8b3) x17 0x00000000
core   0: 0x8000af4c (0x0122fdb3) and     s11, t0, s2
core   0: 3 0x8000af4c (0x0122fdb3) x27 0x00000001
core   0: 0x8000af50 (0x00e1f263) bgeu    gp, a4, pc + 4
core   0: 3 0x8000af50 (0x00e1f263)
core   0: 0x8000af54 (0x014e0033) add     zero, t3, s4
core   0: 3 0x8000af54 (0x014e0033)
core   0: 0x8000af58 (0x3abe3293) sltiu   t0, t3, 939
core   0: 3 0x8000af58 (0x3abe3293) x 5 0x00000000
core   0: 0x8000af5c (0x00be63b3) or      t2, t3, a1
core   0: 3 0x8000af5c (0x00be63b3) x 7 0xfffffff7
core   0: 0x8000af60 (0x050cf063) bgeu    s9, a6, pc + 64
core   0: 3 0x8000af60 (0x050cf063)
core   0: 0x8000af64 (0x0279ee63) bltu    s3, t2, pc + 60
core   0: 3 0x8000af64 (0x0279ee63)
core   0: 0x8000afa0 (0x00f17933) and     s2, sp, a5
core   0: 3 0x8000afa0 (0x00f17933) x18 0x00000000
core   0: 0x8000afa4 (0x0037b8b3) sltu    a7, a5, gp
core   0: 3 0x8000afa4 (0x0037b8b3) x17 0x00000001
core   0: 0x8000afa8 (0x03ab5c63) bge     s6, s10, pc + 56
core   0: 3 0x8000afa8 (0x03ab5c63)
core   0: 0x8000afe0 (0x406f02b3) sub     t0, t5, t1
core   0: 3 0x8000afe0 (0x406f02b3) x 5 0xfffffdec
core   0: 0x8000afe4 (0x00295313) srli    t1, s2, 2
core   0: 3 0x8000afe4 (0x00295313) x 6 0x00000000
core   0: 0x8000afe8 (0x01031813) slli    a6, t1, 16
core   0: 3 0x8000afe8 (0x01031813) x16 0x00000000
core   0: 0x8000afec (0x4028d493) srai    s1, a7, 2
core   0: 3 0x8000afec (0x4028d493) x 9 0x00000000
core   0: 0x8000aff0 (0x897a0893) addi    a7, s4, -1897
core   0: 3 0x8000aff0 (0x897a0893) x17 0xfffff697
core   0: 0x8000aff4 (0xa1328793) addi    a5, t0, -1517
core   0: 3 0x8000aff4 (0xa1328793) x15 0xfffff7ff
core   0: 0x8000aff8 (0x005d6e33) or      t3, s10, t0
core   0: 3 0x8000aff8 (0x005d6e33) x28 0xfffffdec
core   0: 0x8000affc (0x00c9d013) srli    zero, s3, 12
core   0: 3 0x8000affc (0x00c9d013)
core   0: 0x8000b000 (0x852a7837) lui     a6, 0x852a7
core   0: 3 0x8000b000 (0x852a7837) x16 0x852a7000
core   0: 0x8000b004 (0x0ff0000f) fence   iorw,iorw
core   0: 3 0x8000b004 (0x0ff0000f)
core   0: 0x8000b008 (0x406d57b3) sra     a5, s10, t1
core   0: 3 0x8000b008 (0x406d57b3) x15 0x00000000
core   0: 0x8000b00c (0x00e262b3) or      t0, tp, a4
core   0: 3 0x8000b00c (0x00e262b3) x 5 0xffffffff
core   0: 0x8000b010 (0x4f0f4a93) xori    s5, t5, 1264
core   0: 3 0x8000b010 (0x4f0f4a93) x21 0xfffffb1c
core   0: 0x8000b014 (0x014b5ab3) srl     s5, s6, s4
core   0: 3 0x8000b014 (0x014b5ab3) x21 0x00000000
core   0: 0x8000b018 (0x01471413) slli    s0, a4, 20
core   0: 3 0x8000b018 (0x01471413) x 8 0x2cc00000
core   0: 0x8000b01c (0x00fc92b3) sll     t0, s9, a5
core   0: 3 0x8000b01c (0x00fc92b3) x 5 0xfffffff2
core   0: 0x8000b020 (0x0000100f) fence.i
core   0: 3 0x8000b020 (0x0000100f)
core   0: 0x8000b024 (0xe2037b13) andi    s6, t1, -480
core   0: 3 0x8000b024 (0xe2037b13) x22 0x00000000
core   0: 0x8000b028 (0x014247b3) xor     a5, tp, s4
core   0: 3 0x8000b028 (0x014247b3) x15 0x000003ff
core   0: 0x8000b02c (0x4153e813) ori     a6, t2, 1045
core   0: 3 0x8000b02c (0x4153e813) x16 0xfffffff7
core   0: 0x8000b030 (0x026d7c63) bgeu    s10, t1, pc + 56
core   0: 3 0x8000b030 (0x026d7c63)
core   0: 0x8000b068 (0x30aef593) andi    a1, t4, 778
core   0: 3 0x8000b068 (0x30aef593) x11 0x00000202
core   0: 0x8000b06c (0x007ae1b3) or      gp, s5, t2
core   0: 3 0x8000b06c (0x007ae1b3) x 3 0xfffffff7
core   0: 0x8000b070 (0x6ee1ad13) slti    s10, gp, 1774
core   0: 3 0x8000b070 (0x6ee1ad13) x26 0x00000001
core   0: 0x8000b074 (0x0112a933) slt     s2, t0, a7
core   0: 3 0x8000b074 (0x0112a933) x18 0x00000000
core   0: 0x8000b078 (0x01bf1fb3) sll     t6, t5, s11
core   0: 3 0x8000b078 (0x01bf1fb3) x31 0xffffffd8
core   0: 0x8000b07c (0x0163d193) srli    gp, t2, 22
core   0: 3 0x8000b07c (0x0163d193) x 3 0x000003ff
core   0: 0x8000b080 (0x400c5593) srai    a1, s8, 0
core   0: 3 0x8000b080 (0x400c5593) x11 0xf5ef5e50
core   0: 0x8000b084 (0x017e9a13) slli    s4, t4, 23
core   0: 3 0x8000b084 (0x017e9a13) x20 0x01800000
core   0: 0x8000b088 (0x1f18b793) sltiu   a5, a7, 497
core   0: 3 0x8000b088 (0x1f18b793) x15 0x00000000
core   0: 0x8000b08c (0x008e6863) bltu    t3, s0, pc + 16
core   0: 3 0x8000b08c (0x008e6863)
core   0: 0x8000b090 (0xdce6f793) andi    a5, a3, -562
core   0: 3 0x8000b090 (0xdce6f793) x15 0x80000000
core   0: 0x8000b094 (0x023ac463) blt     s5, gp, pc + 40
core   0: 3 0x8000b094 (0x023ac463)
core   0: 0x8000b0bc (0x758eec13) ori     s8, t4, 1880
core   0: 3 0x8000b0bc (0x758eec13) x24 0x8001575b
core   0: 0x8000b0c0 (0xe12ced13) ori     s10, s9, -494
core   0: 3 0x8000b0c0 (0xe12ced13) x26 0xfffffff2
core   0: 0x8000b0c4 (0x01b72f33) slt     t5, a4, s11
core   0: 3 0x8000b0c4 (0x01b72f33) x30 0x00000000
core   0: 0x8000b0c8 (0xe588c093) xori    ra, a7, -424
core   0: 3 0x8000b0c8 (0xe588c093) x 1 0x000008cf
core   0: 0x8000b0cc (0x0071edb3) or      s11, gp, t2
core   0: 3 0x8000b0cc (0x0071edb3) x27 0xffffffff
core   0: 0x8000b0d0 (0x05966263) bltu    a2, s9, pc + 68
core   0: 3 0x8000b0d0 (0x05966263)
core   0: 0x8000b114 (0x04d3f463) bgeu    t2, a3, pc + 72
core   0: 3 0x8000b114 (0x04d3f463)
core   0: 0x8000b15c (0x00ded193) srli    gp, t4, 13
core   0: 3 0x8000b15c (0x00ded193) x 3 0x0004000a
core   0: 0x8000b160 (0x01355a63) bge     a0, s3, pc + 20
core   0: 3 0x8000b160 (0x01355a63)
core   0: 0x8000b174 (0x0ff0000f) fence   iorw,iorw
core   0: 3 0x8000b174 (0x0ff0000f)
core   0: 0x8000b178 (0x840050b7) lui     ra, 0x84005
core   0: 3 0x8000b178 (0x840050b7) x 1 0x84005000
core   0: 0x8000b17c (0x01aa9913) slli    s2, s5, 26
core   0: 3 0x8000b17c (0x01aa9913) x18 0x00000000
core   0: 0x8000b180 (0x41000b33) sub     s6, zero, a6
core   0: 3 0x8000b180 (0x41000b33) x22 0x00000009
core   0: 0x8000b184 (0x01295093) srli    ra, s2, 18
core   0: 3 0x8000b184 (0x01295093) x 1 0x00000000
core   0: 0x8000b188 (0x00000013) nop
core   0: 3 0x8000b188 (0x00000013)
core   0: 0x8000b18c (0x001f8c63) beq     t6, ra, pc + 24
core   0: 3 0x8000b18c (0x001f8c63)
core   0: 0x8000b190 (0x0000100f) fence.i
core   0: 3 0x8000b190 (0x0000100f)
core   0: 0x8000b194 (0x01da40b3) xor     ra, s4, t4
core   0: 3 0x8000b194 (0x01da40b3) x 1 0x81815203
core   0: 0x8000b198 (0x03c05c63) bge     zero, t3, pc + 56
core   0: 3 0x8000b198 (0x03c05c63)
core   0: 0x8000b1d0 (0x00491293) slli    t0, s2, 4
core   0: 3 0x8000b1d0 (0x00491293) x 5 0x00000000
core   0: 0x8000b1d4 (0x017ff7b3) and     a5, t6, s7
core   0: 3 0x8000b1d4 (0x017ff7b3) x15 0x00000000
core   0: 0x8000b1d8 (0x6a174e97) auipc   t4, 0x6a174
core   0: 3 0x8000b1d8 (0x6a174e97) x29 0xea17f1d8
core   0: 0x8000b1dc (0x4097d4b3) sra     s1, a5, s1
core   0: 3 0x8000b1dc (0x4097d4b3) x 9 0x00000000
core   0: 0x8000b1e0 (0x004da833) slt     a6, s11, tp
core   0: 3 0x8000b1e0 (0x004da833) x16 0x00000000
core   0: 0x8000b1e4 (0x01bb7c63) bgeu    s6, s11, pc + 24
core   0: 3 0x8000b1e4 (0x01bb7c63)
core   0: 0x8000b1e8 (0x077f7db7) lui     s11, 0x77f7
core   0: 3 0x8000b1e8 (0x077f7db7) x27 0x077f7000
core   0: 0x8000b1ec (0x0000100f) fence.i
core   0: 3 0x8000b1ec (0x0000100f)
core   0: 0x8000b1f0 (0x00b36b33) or      s6, t1, a1
core   0: 3 0x8000b1f0 (0x00b36b33) x22 0xf5ef5e50
core   0: 0x8000b1f4 (0x01f7a1b3) slt     gp, a5, t6
core   0: 3 0x8000b1f4 (0x01f7a1b3) x 3 0x00000000
core   0: 0x8000b1f8 (0x00577263) bgeu    a4, t0, pc + 4
core   0: 3 0x8000b1f8 (0x00577263)
core   0: 0x8000b1fc (0x0001d913) srli    s2, gp, 0
core   0: 3 0x8000b1fc (0x0001d913) x18 0x00000000
core   0: 0x8000b200 (0x0000bd97) auipc   s11, 0xb
core   0: 3 0x8000b200 (0x0000bd97) x27 0x80016200
core   0: 0x8000b204 (0xc91d8d93) addi    s11, s11, -879
core   0: 3 0x8000b204 (0xc91d8d93) x27 0x80015e91
core   0: 0x8000b208 (0x0000a717) auipc   a4, 0xa
core   0: 3 0x8000b208 (0x0000a717) x14 0x80015208
core   0: 0x8000b20c (0xe9170713) addi    a4, a4, -367
core   0: 3 0x8000b20c (0xe9170713) x14 0x80015099
core   0: 0x8000b210 (0x3b670823) sb      s6, 944(a4)
core   0: 3 0x8000b210 (0x3b670823) mem 0x80015449 0x50
core   0: 0x8000b214 (0x0000ae17) auipc   t3, 0xa
core   0: 3 0x8000b214 (0x0000ae17) x28 0x80015214
core   0: 0x8000b218 (0x60ce0e13) addi    t3, t3, 1548
core   0: 3 0x8000b218 (0x60ce0e13) x28 0x80015820
core   0: 0x8000b21c (0x0000ab17) auipc   s6, 0xa
core   0: 3 0x8000b21c (0x0000ab17) x22 0x8001521c
core   0: 0x8000b220 (0x32fb0b13) addi    s6, s6, 815
core   0: 3 0x8000b220 (0x32fb0b13) x22 0x8001554b
core   0: 0x8000b224 (0x7ae70c83) lb      s9, 1966(a4)
core   0: 3 0x8000b224 (0x7ae70c83) x25 0xfffffffc mem 0x80015847
core   0: 0x8000b228 (0x00edcc83) lbu     s9, 14(s11)
core   0: 3 0x8000b228 (0x00edcc83) x25 0x00000054 mem 0x80015e9f
core   0: 0x8000b22c (0x174b4783) lbu     a5, 372(s6)
core   0: 3 0x8000b22c (0x174b4783) x15 0x00000074 mem 0x800156bf
core   0: 0x8000b230 (0x000dc203) lbu     tp, 0(s11)
core   0: 3 0x8000b230 (0x000dc203) x 4 0x0000004a mem 0x80015e91
core   0: 0x8000b234 (0xff5d9ea3) sh      s5, -3(s11)
core   0: 3 0x8000b234 (0xff5d9ea3) mem 0x80015e8e 0x0000
core   0: 0x8000b238 (0x0000b517) auipc   a0, 0xb
core   0: 3 0x8000b238 (0x0000b517) x10 0x80016238
core   0: 0x8000b23c (0x82e50513) addi    a0, a0, -2002
core   0: 3 0x8000b23c (0x82e50513) x10 0x80015a66
core   0: 0x8000b240 (0xfecd8923) sb      a2, -14(s11)
core   0: 3 0x8000b240 (0xfecd8923) mem 0x80015e83 0x1
core   0: 0x8000b244 (0x5a574083) lbu     ra, 1445(a4)
core   0: 3 0x8000b244 (0x5a574083) x 1 0x000000f5 mem 0x8001563e
core   0: 0x8000b248 (0x2d9b5e83) lhu     t4, 729(s6)
core   0: 3 0x8000b248 (0x2d9b5e83) x29 0x0000fff4 mem 0x80015824
core   0: 0x8000b24c (0xfc554c83) lbu     s9, -59(a0)
core   0: 3 0x8000b24c (0xfc554c83) x25 0x000000e0 mem 0x80015a2b
core   0: 0x8000b250 (0x666b0783) lb      a5, 1638(s6)
core   0: 3 0x8000b250 (0x666b0783) x15 0x0000006a mem 0x80015bb1
core   0: 0x8000b254 (0x007e4f03) lbu     t5, 7(t3)
core   0: 3 0x8000b254 (0x007e4f03) x30 0x00000080 mem 0x80015827
core   0: 0x8000b258 (0x3b8708a3) sb      s8, 945(a4)
core   0: 3 0x8000b258 (0x3b8708a3) mem 0x8001544a 0x5b
core   0: 0x8000b25c (0x020e0123) sb      zero, 34(t3)
core   0: 3 0x8000b25c (0x020e0123) mem 0x80015842 0x0
core   0: 0x8000b260 (0xe35b5603) lhu     a2, -459(s6)
core   0: 3 0x8000b260 (0xe35b5603) x12 0x00003a3b mem 0x80015380
core   0: 0x8000b264 (0x7d870923) sb      s8, 2002(a4)
core   0: 3 0x8000b264 (0x7d870923) mem 0x8001586b 0x5b
core   0: 0x8000b268 (0x033e4c83) lbu     s9, 51(t3)
core   0: 3 0x8000b268 (0x033e4c83) x25 0x00000008 mem 0x80015853
core   0: 0x8000b26c (0xffbd99a3) sh      s11, -13(s11)
core   0: 3 0x8000b26c (0xffbd99a3) mem 0x80015e84 0x5e91
core   0: 0x8000b270 (0xfdbe0003) lb      zero, -37(t3)
core   0: 3 0x8000b270 (0xfdbe0003) mem 0x800157fb
core   0: 0x8000b274 (0x09a55f03) lhu     t5, 154(a0)
core   0: 3 0x8000b274 (0x09a55f03) x30 0x0000babb mem 0x80015b00
core   0: 0x8000b278 (0x614b0883) lb      a7, 1556(s6)
core   0: 3 0x8000b278 (0x614b0883) x17 0x00000014 mem 0x80015b5f
core   0: 0x8000b27c (0xf0651203) lh      tp, -250(a0)
core   0: 3 0x8000b27c (0xf0651203) x 4 0x00002627 mem 0x8001596c
core   0: 0x8000b280 (0xf4655583) lhu     a1, -186(a0)
core   0: 3 0x8000b280 (0xf4655583) x11 0x00006667 mem 0x800159ac
core   0: 0x8000b284 (0x00cdc803) lbu     a6, 12(s11)
core   0: 3 0x8000b284 (0x00cdc803) x16 0x00000056 mem 0x80015e9d
core   0: 0x8000b288 (0x614b0123) sb      s4, 1538(s6)
core   0: 3 0x8000b288 (0x614b0123) mem 0x80015b4d 0x0
core   0: 0x8000b28c (0xff1dcf83) lbu     t6, -15(s11)
core   0: 3 0x8000b28c (0xff1dcf83) x31 0x00000025 mem 0x80015e82
core   0: 0x8000b290 (0x41975303) lhu     t1, 1049(a4)
core   0: 3 0x8000b290 (0x41975303) x 6 0x00006869 mem 0x800154b2
core   0: 0x8000b294 (0xdb0b0383) lb      t2, -592(s6)
core   0: 3 0x8000b294 (0xdb0b0383) x 7 0xffffffb0 mem 0x800152fb
core   0: 0x8000b298 (0x00fe0403) lb      s0, 15(t3)
core   0: 3 0x8000b298 (0x00fe0403) x 8 0xffffffe4 mem 0x8001582f
core   0: 0x8000b29c (0xfb050883) lb      a7, -80(a0)
core   0: 3 0x8000b29c (0xfb050883) x17 0xffffffcd mem 0x80015a16
core   0: 0x8000b2a0 (0x57b75183) lhu     gp, 1403(a4)
core   0: 3 0x8000b2a0 (0x57b75183) x 3 0x0000cecf mem 0x80015614
core   0: 0x8000b2a4 (0x47f70523) sb      t6, 1130(a4)
core   0: 3 0x8000b2a4 (0x47f70523) mem 0x80015503 0x25
core   0: 0x8000b2a8 (0xffbd9283) lh      t0, -5(s11)
core   0: 3 0x8000b2a8 (0xffbd9283) x 5 0x00004647 mem 0x80015e8c
core   0: 0x8000b2ac (0x007d8903) lb      s2, 7(s11)
core   0: 3 0x8000b2ac (0x007d8903) x18 0x00000053 mem 0x80015e98
core   0: 0x8000b2b0 (0x07450623) sb      s4, 108(a0)
core   0: 3 0x8000b2b0 (0x07450623) mem 0x80015ad2 0x0
core   0: 0x8000b2b4 (0x26ab0083) lb      ra, 618(s6)
core   0: 3 0x8000b2b4 (0x26ab0083) x 1 0x0000006e mem 0x800157b5
core   0: 0x8000b2b8 (0x1d574e83) lbu     t4, 469(a4)
core   0: 3 0x8000b2b8 (0x1d574e83) x29 0x00000025 mem 0x8001526e
core   0: 0x8000b2bc (0x00729733) sll     a4, t0, t2
core   0: 3 0x8000b2bc (0x00729733) x14 0x46470000
core   0: 0x8000b2c0 (0x9db19517) auipc   a0, 0x9db19
core   0: 3 0x8000b2c0 (0x9db19517) x10 0x1db242c0
core   0: 0x8000b2c4 (0x0ff0000f) fence   iorw,iorw
core   0: 3 0x8000b2c4 (0x0ff0000f)
core   0: 0x8000b2c8 (0x04e8f063) bgeu    a7, a4, pc + 64
core   0: 3 0x8000b2c8 (0x04e8f063)
core   0: 0x8000b308 (0x0461c663) blt     gp, t1, pc + 76
core   0: 3 0x8000b308 (0x0461c663)
core   0: 0x8000b30c (0x00b86733) or      a4, a6, a1
core   0: 3 0x8000b30c (0x00b86733) x14 0x00006677
core   0: 0x8000b310 (0x0ff0000f) fence   iorw,iorw
core   0: 3 0x8000b310 (0x0ff0000f)
core   0: 0x8000b314 (0x0bab0b13) addi    s6, s6, 186
core   0: 3 0x8000b314 (0x0bab0b13) x22 0x80015605
core   0: 0x8000b318 (0x007c4463) blt     s8, t2, pc + 8
core   0: 3 0x8000b318 (0x007c4463)
core   0: 0x8000b320 (0x01a8de63) bge     a7, s10, pc + 28
core   0: 3 0x8000b320 (0x01a8de63)
core   0: 0x8000b324 (0xf951beb7) lui     t4, 0xf951b
core   0: 3 0x8000b324 (0xf951beb7) x29 0xf951b000
core   0: 0x8000b328 (0x01b74933) xor     s2, a4, s11
core   0: 3 0x8000b328 (0x01b74933) x18 0x800138e6
core   0: 0x8000b32c (0x04104063) blt     zero, ra, pc + 64
core   0: 3 0x8000b32c (0x04104063)
core   0: 0x8000b36c (0x026fee63) bltu    t6, t1, pc + 60
core   0: 3 0x8000b36c (0x026fee63)
core   0: 0x8000b3a8 (0x009cde13) srli    t3, s9, 9
core   0: 3 0x8000b3a8 (0x009cde13) x28 0x00000000
core   0: 0x8000b3ac (0x00000013) nop
core   0: 3 0x8000b3ac (0x00000013)
core   0: 0x8000b3b0 (0x01c518b3) sll     a7, a0, t3
core   0: 3 0x8000b3b0 (0x01c518b3) x17 0x1db242c0
core   0: 0x8000b3b4 (0x00736eb3) or      t4, t1, t2
core   0: 3 0x8000b3b4 (0x00736eb3) x29 0xfffffff9
core   0: 0x8000b3b8 (0xe3286913) ori     s2, a6, -462
core   0: 3 0x8000b3b8 (0xe3286913) x18 0xfffffe76
core   0: 0x8000b3bc (0x0092d093) srli    ra, t0, 9
core   0: 3 0x8000b3bc (0x0092d093) x 1 0x00000023
core   0: 0x8000b3c0 (0x01adcd33) xor     s10, s11, s10
core   0: 3 0x8000b3c0 (0x01adcd33) x26 0x7ffea163
core   0: 0x8000b3c4 (0xbd485817) auipc   a6, 0xbd485
core   0: 3 0x8000b3c4 (0xbd485817) x16 0x3d4903c4
core   0: 0x8000b3c8 (0xf68ce513) ori     a0, s9, -152
core   0: 3 0x8000b3c8 (0xf68ce513) x10 0xffffff68
core   0: 0x8000b3cc (0x04b6c063) blt     a3, a1, pc + 64
core   0: 3 0x8000b3cc (0x04b6c063)
core   0: 0x8000b40c (0x042b6063) bltu    s6, sp, pc + 64
core   0: 3 0x8000b40c (0x042b6063)
core   0: 0x8000b44c (0x013672b3) and     t0, a2, s3
core   0: 3 0x8000b44c (0x013672b3) x 5 0x00002a20
core   0: 0x8000b450 (0x00c30d33) add     s10, t1, a2
core   0: 3 0x8000b450 (0x00c30d33) x26 0x0000a2a4
core   0: 0x8000b454 (0x94108f93) addi    t6, ra, -1727
core   0: 3 0x8000b454 (0x94108f93) x31 0xfffff964
core   0: 0x8000b458 (0x5f48ee93) ori     t4, a7, 1524
core   0: 3 0x8000b458 (0x5f48ee93) x29 0x1db247f4
core   0: 0x8000b45c (0x0176d393) srli    t2, a3, 23
core   0: 3 0x8000b45c (0x0176d393) x 7 0x00000100
core   0: 0x8000b460 (0x0064c463) blt     s1, t1, pc + 8
core   0: 3 0x8000b460 (0x0064c463)
core   0: 0x8000b468 (0x02910a63) beq     sp, s1, pc + 52
core   0: 3 0x8000b468 (0x02910a63)
core   0: 0x8000b46c (0x404adb33) sra     s6, s5, tp
core   0: 3 0x8000b46c (0x404adb33) x22 0x00000000
core   0: 0x8000b470 (0x00819fb3) sll     t6, gp, s0
core   0: 3 0x8000b470 (0x00819fb3) x31 0x000cecf0
core   0: 0x8000b474 (0x00484e33) xor     t3, a6, tp
core   0: 3 0x8000b474 (0x00484e33) x28 0x3d4925e3
core   0: 0x8000b478 (0x00370fb3) add     t6, a4, gp
core   0: 3 0x8000b478 (0x00370fb3) x31 0x00013546
core   0: 0x8000b47c (0x02baea63) bltu    s5, a1, pc + 52
core   0: 3 0x8000b47c (0x02baea63)
core   0: 0x8000b4b0 (0x01c35513) srli    a0, t1, 28
core   0: 3 0x8000b4b0 (0x01c35513) x10 0x00000000
core   0: 0x8000b4b4 (0x55a17893) andi    a7, sp, 1370
core   0: 3 0x8000b4b4 (0x55a17893) x17 0x00000440
core   0: 0x8000b4b8 (0x01c80263) beq     a6, t3, pc + 4
core   0: 3 0x8000b4b8 (0x01c80263)
core   0: 0x8000b4bc (0x048cf263) bgeu    s9, s0, pc + 68
core   0: 3 0x8000b4bc (0x048cf263)
core   0: 0x8000b4c0 (0x0222f713) andi    a4, t0, 34
core   0: 3 0x8000b4c0 (0x0222f713) x14 0x00000020
core   0: 0x8000b4c4 (0x10e84a13) xori    s4, a6, 270
core   0: 3 0x8000b4c4 (0x10e84a13) x20 0x3d4902ca
core   0: 0x8000b4c8 (0x008b1033) sll     zero, s6, s0
core   0: 3 0x8000b4c8 (0x008b1033)
core   0: 0x8000b4cc (0x2a1d4713) xori    a4, s10, 673
core   0: 3 0x8000b4cc (0x2a1d4713) x14 0x0000a005
core   0: 0x8000b4d0 (0x02855e63) bge     a0, s0, pc + 60
core   0: 3 0x8000b4d0 (0x02855e63)
core   0: 0x8000b50c (0x002570b3) and     ra, a0, sp
core   0: 3 0x8000b50c (0x002570b3) x 1 0x00000000
core   0: 0x8000b510 (0x006e9493) slli    s1, t4, 6
core   0: 3 0x8000b510 (0x006e9493) x 9 0x6c91fd00
core   0: 0x8000b514 (0x0468d663) bge     a7, t1, pc + 76
core   0: 3 0x8000b514 (0x0468d663)
core   0: 0x8000b518 (0x1b1c7bb7) lui     s7, 0x1b1c7
core   0: 3 0x8000b518 (0x1b1c7bb7) x23 0x1b1c7000
core   0: 0x8000b51c (0x04bde063) bltu    s11, a1, pc + 64
core   0: 3 0x8000b51c (0x04bde063)
core   0: 0x8000b520 (0x0ff0000f) fence   iorw,iorw
core   0: 3 0x8000b520 (0x0ff0000f)
core   0: 0x8000b524 (0x008b5cb3) srl     s9, s6, s0
core   0: 3 0x8000b524 (0x008b5cb3) x25 0x00000000
core   0: 0x8000b528 (0x01f6db13) srli    s6, a3, 31
core   0: 3 0x8000b528 (0x01f6db13) x22 0x00000001
core   0: 0x8000b52c (0x40645233) sra     tp, s0, t1
core   0: 3 0x8000b52c (0x40645233) x 4 0xffffffff
core   0: 0x8000b530 (0x00ab0263) beq     s6, a0, pc + 4
core   0: 3 0x8000b530 (0x00ab0263)
core   0: 0x8000b534 (0x41a685b3) sub     a1, a3, s10
core   0: 3 0x8000b534 (0x41a685b3) x11 0x7fff5d5c
core   0: 0x8000b538 (0x00820cb3) add     s9, tp, s0
core   0: 3 0x8000b538 (0x00820cb3) x25 0xffffffe3
core   0: 0x8000b53c (0x00700463) beq     zero, t2, pc + 8
core   0: 3 0x8000b53c (0x00700463)
core   0: 0x8000b540 (0xae884793) xori    a5, a6, -1304
core   0: 3 0x8000b540 (0xae884793) x15 0xc2b6f92c
core   0: 0x8000b544 (0x4005df93) srai    t6, a1, 0
core   0: 3 0x8000b544 (0x4005df93) x31 0x7fff5d5c
core   0: 0x8000b548 (0xd648ca13) xori    s4, a7, -668
core   0: 3 0x8000b548 (0xd648ca13) x20 0xfffff924
core   0: 0x8000b54c (0x019a15b3) sll     a1, s4, s9
core   0: 3 0x8000b54c (0x019a15b3) x11 0xffffc920
core   0: 0x8000b550 (0x00214e63) blt     sp, sp, pc + 28
core   0: 3 0x8000b550 (0x00214e63)
core   0: 0x8000b554 (0x01616463) bltu    sp, s6, pc + 8
core   0: 3 0x8000b554 (0x01616463)
core   0: 0x8000b558 (0x00989c93) slli    s9, a7, 9
core   0: 3 0x8000b558 (0x00989c93) x25 0x00088000
core   0: 0x8000b55c (0x000f8db3) add     s11, t6, zero
core   0: 3 0x8000b55c (0x000f8db3) x27 0x7fff5d5c
core   0: 0x8000b560 (0x00fbdd13) srli    s10, s7, 15
core   0: 3 0x8000b560 (0x00fbdd13) x26 0x00003638
core   0: 0x8000b564 (0x400802b3) sub     t0, a6, zero
core   0: 3 0x8000b564 (0x400802b3) x 5 0x3d4903c4
core   0: 0x8000b568 (0x010485b3) add     a1, s1, a6
core   0: 3 0x8000b568 (0x010485b3) x11 0xa9db00c4
core   0: 0x8000b56c (0x40f35633) sra     a2, t1, a5
core   0: 3 0x8000b56c (0x40f35633) x12 0x00000006
core   0: 0x8000b570 (0x417a8233) sub     tp, s5, s7
core   0: 3 0x8000b570 (0x417a8233) x 4 0xe4e39000
core   0: 0x8000b574 (0xbc422193) slti    gp, tp, -1084
core   0: 3 0x8000b574 (0xbc422193) x 3 0x00000001
core   0: 0x8000b578 (0xa3335797) auipc   a5, 0xa3335
core   0: 3 0x8000b578 (0xa3335797) x15 0x23340578
core   0: 0x8000b57c (0x00b53cb3) sltu    s9, a0, a1
core   0: 3 0x8000b57c (0x00b53cb3) x25 0x00000001
core   0: 0x8000b580 (0x01ca9b13) slli    s6, s5, 28
core   0: 3 0x8000b580 (0x01ca9b13) x22 0x00000000
core   0: 0x8000b584 (0x427eff93) andi    t6, t4, 1063
core   0: 3 0x8000b584 (0x427eff93) x31 0x00000424
core   0: 0x8000b588 (0x00d7de63) bge     a5, a3, pc + 28
core   0: 3 0x8000b588 (0x00d7de63)
core   0: 0x8000b5a4 (0x02c49263) bne     s1, a2, pc + 36
core   0: 3 0x8000b5a4 (0x02c49263)
core   0: 0x8000b5c8 (0x40e40f33) sub     t5, s0, a4
core   0: 3 0x8000b5c8 (0x40e40f33) x30 0xffff5fdf
core   0: 0x8000b5cc (0x534bdb17) auipc   s6, 0x534bd
core   0: 3 0x8000b5cc (0x534bdb17) x22 0xd34c85cc
core   0: 0x8000b5d0 (0x7fbaec93) ori     s9, s5, 2043
core   0: 3 0x8000b5d0 (0x7fbaec93) x25 0x000007fb
core   0: 0x8000b5d4 (0x0134c263) blt     s1, s3, pc + 4
core   0: 3 0x8000b5d4 (0x0134c263)
core   0: 0x8000b5d8 (0x40add193) srai    gp, s11, 10
core   0: 3 0x8000b5d8 (0x40add193) x 3 0x001fffd7
core   0: 0x8000b5dc (0x00741bb3) sll     s7, s0, t2
core   0: 3 0x8000b5dc (0x00741bb3) x23 0xffffffe4
core   0: 0x8000b5e0 (0x00a3e7b3) or      a5, t2, a0
core   0: 3 0x8000b5e0 (0x00a3e7b3) x15 0x00000100
core   0: 0x8000b5e4 (0x00a5fc63) bgeu    a1, a0, pc + 24
core   0: 3 0x8000b5e4 (0x00a5fc63)
core   0: 0x8000b5fc (0x561dc8b7) lui     a7, 0x561dc
core   0: 3 0x8000b5fc (0x561dc8b7) x17 0x561dc000
core   0: 0x8000b600 (0x0ff0000f) fence   iorw,iorw
core   0: 3 0x8000b600 (0x0ff0000f)
core   0: 0x8000b604 (0x412287b3) sub     a5, t0, s2
core   0: 3 0x8000b604 (0x412287b3) x15 0x3d49054e
core   0: 0x8000b608 (0x009a9f33) sll     t5, s5, s1
core   0: 3 0x8000b608 (0x009a9f33) x30 0x00000000
core   0: 0x8000b60c (0x014fac33) slt     s8, t6, s4
core   0: 3 0x8000b60c (0x014fac33) x24 0x00000000
core   0: 0x8000b610 (0x0146b333) sltu    t1, a3, s4
core   0: 3 0x8000b610 (0x0146b333) x 6 0x00000001
core   0: 0x8000b614 (0x003b9b33) sll     s6, s7, gp
core   0: 3 0x8000b614 (0x003b9b33) x22 0xf2000000
core   0: 0x8000b618 (0xb3997493) andi    s1, s2, -1223
core   0: 3 0x8000b618 (0xb3997493) x 9 0xfffffa30
core   0: 0x8000b61c (0x008a2933) slt     s2, s4, s0
core   0: 3 0x8000b61c (0x008a2933) x18 0x00000001
core   0: 0x8000b620 (0x01365a93) srli    s5, a2, 19
core   0: 3 0x8000b620 (0x01365a93) x21 0x00000000
core   0: 0x8000b624 (0xe9888013) addi    zero, a7, -360
core   0: 3 0x8000b624 (0xe9888013)
core   0: 0x8000b628 (0xeb9da293) slti    t0, s11, -327
core   0: 3 0x8000b628 (0xeb9da293) x 5 0x00000000
core   0: 0x8000b62c (0x01cbe7b3) or      a5, s7, t3
core   0: 3 0x8000b62c (0x01cbe7b3) x15 0xffffffe7
core   0: 0x8000b630 (0x6d232c93) slti    s9, t1, 1746
core   0: 3 0x8000b630 (0x6d232c93) x25 0x00000001
core   0: 0x8000b634 (0x056cd663) bge     s9, s6, pc + 76
core   0: 3 0x8000b634 (0x056cd663)
core   0: 0x8000b680 (0x00ecf333) and     t1, s9, a4
core   0: 3 0x8000b680 (0x00ecf333) x 6 0x00000001
core   0: 0x8000b684 (0xbc743413) sltiu   s0, s0, -1081
core   0: 3 0x8000b684 (0xbc743413) x 8 0x00000000
core   0: 0x8000b688 (0x4087df13) srai    t5, a5, 8
core   0: 3 0x8000b688 (0x4087df13) x30 0xffffffff
core   0: 0x8000b68c (0x0000100f) fence.i
core   0: 3 0x8000b68c (0x0000100f)
core   0: 0x8000b690 (0x03a3fc63) bgeu    t2, s10, pc + 56
core   0: 3 0x8000b690 (0x03a3fc63)
core   0: 0x8000b694 (0x04b4f463) bgeu    s1, a1, pc + 72
core   0: 3 0x8000b694 (0x04b4f463)
core   0: 0x8000b6dc (0x40e751b3) sra     gp, a4, a4
core   0: 3 0x8000b6dc (0x40e751b3) x 3 0x00000500
core   0: 0x8000b6e0 (0x01f11933) sll     s2, sp, t6
core   0: 3 0x8000b6e0 (0x01f11933) x18 0x002ece40
core   0: 0x8000b6e4 (0x4056d913) srai    s2, a3, 5
core   0: 3 0x8000b6e4 (0x4056d913) x18 0xfc000000
core   0: 0x8000b6e8 (0x8dffe013) ori     zero, t6, -1825
core   0: 3 0x8000b6e8 (0x8dffe013)
core   0: 0x8000b6ec (0x8914a713) slti    a4, s1, -1903
core   0: 3 0x8000b6ec (0x8914a713) x14 0x00000000
core   0: 0x8000b6f0 (0x49c76e13) ori     t3, a4, 1180
core   0: 3 0x8000b6f0 (0x49c76e13) x28 0x0000049c
core   0: 0x8000b6f4 (0x01da1263) bne     s4, t4, pc + 4
core   0: 3 0x8000b6f4 (0x01da1263)
core   0: 0x8000b6f8 (0x00fa7633) and     a2, s4, a5
core   0: 3 0x8000b6f8 (0x00fa7633) x12 0xfffff924
core   0: 0x8000b6fc (0x41110eb3) sub     t4, sp, a7
core   0: 3 0x8000b6fc (0x41110eb3) x29 0x29e52ce4
core   0: 0x8000b700 (0x006173b3) and     t2, sp, t1
core   0: 3 0x8000b700 (0x006173b3) x 7 0x00000000
core   0: 0x8000b704 (0xb5396c93) ori     s9, s2, -1197
core   0: 3 0x8000b704 (0xb5396c93) x25 0xfffffb53
core   0: 0x8000b708 (0x5fcb3393) sltiu   t2, s6, 1532
core   0: 3 0x8000b708 (0x5fcb3393) x 7 0x00000000
core   0: 0x8000b70c (0x002f90b3) sll     ra, t6, sp
core   0: 3 0x8000b70c (0x002f90b3) x 1 0x00004240
core   0: 0x8000b710 (0x01ddc463) blt     s11, t4, pc + 8
core   0: 3 0x8000b710 (0x01ddc463)
core   0: 0x8000b714 (0x00a53db3) sltu    s11, a0, a0
core   0: 3 0x8000b714 (0x00a53db3) x27 0x00000000
core   0: 0x8000b718 (0x21713e93) sltiu   t4, sp, 535
core   0: 3 0x8000b718 (0x21713e93) x29 0x00000000
core   0: 0x8000b71c (0x00367db3) and     s11, a2, gp
core   0: 3 0x8000b71c (0x00367db3) x27 0x00000100
core   0: 0x8000b720 (0xb63d2593) slti    a1, s10, -1181
core   0: 3 0x8000b720 (0xb63d2593) x11 0x00000000
core   0: 0x8000b724 (0x000fd333) srl     t1, t6, zero
core   0: 3 0x8000b724 (0x000fd333) x 6 0x00000424
core   0: 0x8000b728 (0x40358933) sub     s2, a1, gp
core   0: 3 0x8000b728 (0x40358933) x18 0xfffffb00
core   0: 0x8000b72c (0x78bc4517) auipc   a0, 0x78bc4
core   0: 3 0x8000b72c (0x78bc4517) x10 0xf8bcf72c
core   0: 0x8000b730 (0x0078deb3) srl     t4, a7, t2
core   0: 3 0x8000b730 (0x0078deb3) x29 0x561dc000
core   0: 0x8000b734 (0x01d49893) slli    a7, s1, 29
core   0: 3 0x8000b734 (0x01d49893) x17 0x00000000
core   0: 0x8000b738 (0x419c0433) sub     s0, s8, s9
core   0: 3 0x8000b738 (0x419c0433) x 8 0x000004ad
core   0: 0x8000b73c (0x1e2b7917) auipc   s2, 0x1e2b7
core   0: 3 0x8000b73c (0x1e2b7917) x18 0x9e2c273c
core   0: 0x8000b740 (0x4170deb3) sra     t4, ra, s7
core   0: 3 0x8000b740 (0x4170deb3) x29 0x00000424
core   0: 0x8000b744 (0x413f5413) srai    s0, t5, 19
core   0: 3 0x8000b744 (0x413f5413) x 8 0xffffffff
core   0: 0x8000b748 (0x01e75833) srl     a6, a4, t5
core   0: 3 0x8000b748 (0x01e75833) x16 0x00000000
core   0: 0x8000b74c (0x00fd4433) xor     s0, s10, a5
core   0: 3 0x8000b74c (0x00fd4433) x 8 0xffffc9df
core   0: 0x8000b750 (0x015c9d13) slli    s10, s9, 21
core   0: 3 0x8000b750 (0x015c9d13) x26 0x6a600000
core   0: 0x8000b754 (0x0000100f) fence.i
core   0: 3 0x8000b754 (0x0000100f)
core   0: 0x8000b758 (0x405881b3) sub     gp, a7, t0
core   0: 3 0x8000b758 (0x405881b3) x 3 0x00000000
core   0: 0x8000b75c (0x0ff0000f) fence   iorw,iorw
core   0: 3 0x8000b75c (0x0ff0000f)
core   0: 0x8000b760 (0x01e3f733) and     a4, t2, t5
core   0: 3 0x8000b760 (0x01e3f733) x14 0x00000000
core   0: 0x8000b764 (0x02b81463) bne     a6, a1, pc + 40
core   0: 3 0x8000b764 (0x02b81463)
core   0: 0x8000b768 (0x33220313) addi    t1, tp, 818
core   0: 3 0x8000b768 (0x33220313) x 6 0xe4e39332
core   0: 0x8000b76c (0x6a9384b7) lui     s1, 0x6a938
core   0: 3 0x8000b76c (0x6a9384b7) x 9 0x6a938000
core   0: 0x8000b770 (0x01c11913) slli    s2, sp, 28
core   0: 3 0x8000b770 (0x01c11913) x18 0x40000000
core   0: 0x8000b774 (0x6f1f2b93) slti    s7, t5, 1777
core   0: 3 0x8000b774 (0x6f1f2b93) x23 0x00000001
core   0: 0x8000b778 (0x0152fe33) and     t3, t0, s5
core   0: 3 0x8000b778 (0x0152fe33) x28 0x00000000
core   0: 0x8000b77c (0x01da6c63) bltu    s4, t4, pc + 24
core   0: 3 0x8000b77c (0x01da6c63)
core   0: 0x8000b780 (0x006100b3) add     ra, sp, t1
core   0: 3 0x8000b780 (0x006100b3) x 1 0x64e68016
core   0: 0x8000b784 (0x40609317) auipc   t1, 0x40609
core   0: 3 0x8000b784 (0x40609317) x 6 0xc0614784
core   0: 0x8000b788 (0x40cb07b3) sub     a5, s6, a2
core   0: 3 0x8000b788 (0x40cb07b3) x15 0xf20006dc
core   0: 0x8000b78c (0x00000013) nop
core   0: 3 0x8000b78c (0x00000013)
core   0: 0x8000b790 (0xe3c3c513) xori    a0, t2, -452
core   0: 3 0x8000b790 (0xe3c3c513) x10 0xfffffe3c
core   0: 0x8000b794 (0x00780db3) add     s11, a6, t2
core   0: 3 0x8000b794 (0x00780db3) x27 0x00000000
core   0: 0x8000b798 (0x0504d663) bge     s1, a6, pc + 76
core   0: 3 0x8000b798 (0x0504d663)
core   0: 0x8000b7e4 (0x37c2c597) auipc   a1, 0x37c2c
core   0: 3 0x8000b7e4 (0x37c2c597) x11 0xb7c377e4
core   0: 0x8000b7e8 (0x0027f1b3) and     gp, a5, sp
core   0: 3 0x8000b7e8 (0x0027f1b3) x 3 0x800004c4
core   0: 0x8000b7ec (0x00cb4cb3) xor     s9, s6, a2
core   0: 3 0x8000b7ec (0x00cb4cb3) x25 0x0dfff924
core   0: 0x8000b7f0 (0x41205493) srai    s1, zero, 18
core   0: 3 0x8000b7f0 (0x41205493) x 9 0x00000000
core   0: 0x8000b7f4 (0x41bddf13) srai    t5, s11, 27
core   0: 3 0x8000b7f4 (0x41bddf13) x30 0x00000000
core   0: 0x8000b7f8 (0x41f5d033) sra     zero, a1, t6
core   0: 3 0x8000b7f8 (0x41f5d033)
core   0: 0x8000b7fc (0x00ba7863) bgeu    s4, a1, pc + 16
core   0: 3 0x8000b7fc (0x00ba7863)
core   0: 0x8000b80c (0x00a7c733) xor     a4, a5, a0
core   0: 3 0x8000b80c (0x00a7c733) x14 0x0dfff8e0
core   0: 0x8000b810 (0x01ea8933) add     s2, s5, t5
core   0: 3 0x8000b810 (0x01ea8933) x18 0x00000000
core   0: 0x8000b814 (0x01f4c033) xor     zero, s1, t6
core   0: 3 0x8000b814 (0x01f4c033)
core   0: 0x8000b818 (0x601120b7) lui     ra, 0x60112
core   0: 3 0x8000b818 (0x601120b7) x 1 0x60112000
core   0: 0x8000b81c (0x00e11813) slli    a6, sp, 14
core   0: 3 0x8000b81c (0x00e11813) x16 0xbb390000
core   0: 0x8000b820 (0x01245eb3) srl     t4, s0, s2
core   0: 3 0x8000b820 (0x01245eb3) x29 0xffffc9df
core   0: 0x8000b824 (0x00b758b3) srl     a7, a4, a1
core   0: 3 0x8000b824 (0x00b758b3) x17 0x00dfff8e
core   0: 0x8000b828 (0x010dbcb3) sltu    s9, s11, a6
core   0: 3 0x8000b828 (0x010dbcb3) x25 0x00000001
core   0: 0x8000b82c (0x029cda63) bge     s9, s1, pc + 52
core   0: 3 0x8000b82c (0x029cda63)
core   0: 0x8000b860 (0x0ff0000f) fence   iorw,iorw
core   0: 3 0x8000b860 (0x0ff0000f)
core   0: 0x8000b864 (0x404b0ab3) sub     s5, s6, tp
core   0: 3 0x8000b864 (0x404b0ab3) x21 0x0d1c7000
core   0: 0x8000b868 (0x560b8217) auipc   tp, 0x560b8
core   0: 3 0x8000b868 (0x560b8217) x 4 0xd60c3868
core   0: 0x8000b86c (0x01b89393) slli    t2, a7, 27
core   0: 3 0x8000b86c (0x01b89393) x 7 0x70000000
core   0: 0x8000b870 (0x019d87b3) add     a5, s11, s9
core   0: 3 0x8000b870 (0x019d87b3) x15 0x00000001
core   0: 0x8000b874 (0xc4b1b093) sltiu   ra, gp, -949
core   0: 3 0x8000b874 (0xc4b1b093) x 1 0x00000001
core   0: 0x8000b878 (0x010953b3) srl     t2, s2, a6
core   0: 3 0x8000b878 (0x010953b3) x 7 0x00000000
core   0: 0x8000b87c (0x408fdbb3) sra     s7, t6, s0
core   0: 3 0x8000b87c (0x408fdbb3) x23 0x00000000
core   0: 0x8000b880 (0x010c3733) sltu    a4, s8, a6
core   0: 3 0x8000b880 (0x010c3733) x14 0x00000001
core   0: 0x8000b884 (0x002cc233) xor     tp, s9, sp
core   0: 3 0x8000b884 (0x002cc233) x 4 0x8002ece5
core   0: 0x8000b888 (0x98910737) lui     a4, 0x98910
core   0: 3 0x8000b888 (0x98910737) x14 0x98910000
core   0: 0x8000b88c (0x01b8b933) sltu    s2, a7, s11
core   0: 3 0x8000b88c (0x01b8b933) x18 0x00000000
core   0: 0x8000b890 (0x3ea10897) auipc   a7, 0x3ea10
core   0: 3 0x8000b890 (0x3ea10897) x17 0xbea1b890
core   0: 0x8000b894 (0xe33bb613) sltiu   a2, s7, -461
core   0: 3 0x8000b894 (0xe33bb613) x12 0x00000001
core   0: 0x8000b898 (0x00f55013) srli    zero, a0, 15
core   0: 3 0x8000b898 (0x00f55013)
core   0: 0x8000b89c (0x002cb633) sltu    a2, s9, sp
core   0: 3 0x8000b89c (0x002cb633) x12 0x00000001
core   0: 0x8000b8a0 (0x9dc72237) lui     tp, 0x9dc72
core   0: 3 0x8000b8a0 (0x9dc72237) x 4 0x9dc72000
core   0: 0x8000b8a4 (0x406a5493) srai    s1, s4, 6
core   0: 3 0x8000b8a4 (0x406a5493) x 9 0xffffffe4
core   0: 0x8000b8a8 (0x379cda37) lui     s4, 0x379cd
core   0: 3 0x8000b8a8 (0x379cda37) x20 0x379cd000
core   0: 0x8000b8ac (0x0095ce33) xor     t3, a1, s1
core   0: 3 0x8000b8ac (0x0095ce33) x28 0x483c8800
core   0: 0x8000b8b0 (0x00aa2833) slt     a6, s4, a0
core   0: 3 0x8000b8b0 (0x00aa2833) x16 0x00000000
core   0: 0x8000b8b4 (0x00000013) nop
core   0: 3 0x8000b8b4 (0x00000013)
core   0: 0x8000b8b8 (0x00c631b3) sltu    gp, a2, a2
core   0: 3 0x8000b8b8 (0x00c631b3) x 3 0x00000000
core   0: 0x8000b8bc (0x01bee0b3) or      ra, t4, s11
core   0: 3 0x8000b8bc (0x01bee0b3) x 1 0xffffc9df
core   0: 0x8000b8c0 (0x00bfa1b3) slt     gp, t6, a1
core   0: 3 0x8000b8c0 (0x00bfa1b3) x 3 0x00000000
core   0: 0x8000b8c4 (0x001b5cb3) srl     s9, s6, ra
core   0: 3 0x8000b8c4 (0x001b5cb3) x25 0x00000001
core   0: 0x8000b8c8 (0x012e8463) beq     t4, s2, pc + 8
core   0: 3 0x8000b8c8 (0x012e8463)
core   0: 0x8000b8cc (0x0ff0000f) fence   iorw,iorw
core   0: 3 0x8000b8cc (0x0ff0000f)
core   0: 0x8000b8d0 (0x004b3db3) sltu    s11, s6, tp
core   0: 3 0x8000b8d0 (0x004b3db3) x27 0x00000000
core   0: 0x8000b8d4 (0x01295733) srl     a4, s2, s2
core   0: 3 0x8000b8d4 (0x01295733) x14 0x00000000
core   0: 0x8000b8d8 (0x00bf8733) add     a4, t6, a1
core   0: 3 0x8000b8d8 (0x00bf8733) x14 0xb7c37c08
core   0: 0x8000b8dc (0x003d9db3) sll     s11, s11, gp
core   0: 3 0x8000b8dc (0x003d9db3) x27 0x00000000
core   0: 0x8000b8e0 (0xe99a3713) sltiu   a4, s4, -359
core   0: 3 0x8000b8e0 (0xe99a3713) x14 0x00000001
core   0: 0x8000b8e4 (0x01ed4233) xor     tp, s10, t5
core   0: 3 0x8000b8e4 (0x01ed4233) x 4 0x6a600000
core   0: 0x8000b8e8 (0xdd7f4b93) xori    s7, t5, -553
core   0: 3 0x8000b8e8 (0xdd7f4b93) x23 0xfffffdd7
core   0: 0x8000b8ec (0x0ff0000f) fence   iorw,iorw
core   0: 3 0x8000b8ec (0x0ff0000f)
core   0: 0x8000b8f0 (0x41725d33) sra     s10, tp, s7
core   0: 3 0x8000b8f0 (0x41725d33) x26 0x000000d4
core   0: 0x8000b8f4 (0x5afcb793) sltiu   a5, s9, 1455
core   0: 3 0x8000b8f4 (0x5afcb793) x15 0x00000001
core   0: 0x8000b8f8 (0x0000100f) fence.i
core   0: 3 0x8000b8f8 (0x0000100f)
core   0: 0x8000b8fc (0x01409b13) slli    s6, ra, 20
core   0: 3 0x8000b8fc (0x01409b13) x22 0x9df00000
core   0: 0x8000b900 (0xbd14a813) slti    a6, s1, -1071
core   0: 3 0x8000b900 (0xbd14a813) x16 0x00000000
core   0: 0x8000b904 (0x41f351b3) sra     gp, t1, t6
core   0: 3 0x8000b904 (0x41f351b3) x 3 0xfc061478
core   0: 0x8000b908 (0x403bd493) srai    s1, s7, 3
core   0: 3 0x8000b908 (0x403bd493) x 9 0xffffffba
core   0: 0x8000b90c (0x02eae263) bltu    s5, a4, pc + 36
core   0: 3 0x8000b90c (0x02eae263)
core   0: 0x8000b910 (0xb8531517) auipc   a0, 0xb8531
core   0: 3 0x8000b910 (0xb8531517) x10 0x3853c910
core   0: 0x8000b914 (0xafad2493) slti    s1, s10, -1286
core   0: 3 0x8000b914 (0xafad2493) x 9 0x00000000
core   0: 0x8000b918 (0x0071d513) srli    a0, gp, 7
core   0: 3 0x8000b918 (0x0071d513) x10 0x01f80c28
core   0: 0x8000b91c (0x416a5d33) sra     s10, s4, s6
core   0: 3 0x8000b91c (0x416a5d33) x26 0x379cd000
core   0: 0x8000b920 (0x03761c63) bne     a2, s7, pc + 56
core   0: 3 0x8000b920 (0x03761c63)
core   0: 0x8000b958 (0x0ff0000f) fence   iorw,iorw
core   0: 3 0x8000b958 (0x0ff0000f)
core   0: 0x8000b95c (0x00ab4263) blt     s6, a0, pc + 4
core   0: 3 0x8000b95c (0x00ab4263)
core   0: 0x8000b960 (0x017bd1b3) srl     gp, s7, s7
core   0: 3 0x8000b960 (0x017bd1b3) x 3 0x000001ff
core   0: 0x8000b964 (0x00c5db93) srli    s7, a1, 12
core   0: 3 0x8000b964 (0x00c5db93) x23 0x000b7c37
core   0: 0x8000b968 (0x00ced863) bge     t4, a2, pc + 16
core   0: 3 0x8000b968 (0x00ced863)
core   0: 0x8000b96c (0x00c66a63) bltu    a2, a2, pc + 20
core   0: 3 0x8000b96c (0x00c66a63)
core   0: 0x8000b970 (0x0358da63) bge     a7, s5, pc + 52
core   0: 3 0x8000b970 (0x0358da63)
core   0: 0x8000b974 (0x04dbf463) bgeu    s7, a3, pc + 72
core   0: 3 0x8000b974 (0x04dbf463)
core   0: 0x8000b978 (0x0000100f) fence.i
core   0: 3 0x8000b978 (0x0000100f)
core   0: 0x8000b97c (0x896af313) andi    t1, s5, -1898
core   0: 3 0x8000b97c (0x896af313) x 6 0x0d1c7000
core   0: 0x8000b980 (0x0000100f) fence.i
core   0: 3 0x8000b980 (0x0000100f)
core   0: 0x8000b984 (0x74fc4513) xori    a0, s8, 1871
core   0: 3 0x8000b984 (0x74fc4513) x10 0x0000074f
core   0: 0x8000b988 (0x01f4f633) and     a2, s1, t6
core   0: 3 0x8000b988 (0x01f4f633) x12 0x00000000
core   0: 0x8000b98c (0x013f8fb3) add     t6, t6, s3
core   0: 3 0x8000b98c (0x013f8fb3) x31 0x8002b288
core   0: 0x8000b990 (0x01134233) xor     tp, t1, a7
core   0: 3 0x8000b990 (0x01134233) x 4 0xb3bdc890
core   0: 0x8000b994 (0xa0ea4a93) xori    s5, s4, -1522
core   0: 3 0x8000b994 (0xa0ea4a93) x21 0xc8632a0e
core   0: 0x8000b998 (0x41d58433) sub     s0, a1, t4
core   0: 3 0x8000b998 (0x41d58433) x 8 0xb7c3ae05
core   0: 0x8000b99c (0x0000100f) fence.i
core   0: 3 0x8000b99c (0x0000100f)
core   0: 0x8000b9a0 (0x01a66c63) bltu    a2, s10, pc + 24
core   0: 3 0x8000b9a0 (0x01a66c63)
core   0: 0x8000b9b8 (0xa46d7d93) andi    s11, s10, -1466
core   0: 3 0x8000b9b8 (0xa46d7d93) x27 0x379cd000
core   0: 0x8000b9bc (0x00155433) srl     s0, a0, ra
core   0: 3 0x8000b9bc (0x00155433) x 8 0x00000000
core   0: 0x8000b9c0 (0x01a67d33) and     s10, a2, s10
core   0: 3 0x8000b9c0 (0x01a67d33) x26 0x00000000
core   0: 0x8000b9c4 (0x04520063) beq     tp, t0, pc + 64
core   0: 3 0x8000b9c4 (0x04520063)
core   0: 0x8000b9c8 (0x0210c893) xori    a7, ra, 33
core   0: 3 0x8000b9c8 (0x0210c893) x17 0xffffc9fe
core   0: 0x8000b9cc (0x0ff0000f) fence   iorw,iorw
core   0: 3 0x8000b9cc (0x0ff0000f)
core   0: 0x8000b9d0 (0x02659263) bne     a1, t1, pc + 36
core   0: 3 0x8000b9d0 (0x02659263)
core   0: 0x8000b9f4 (0x005708b3) add     a7, a4, t0
core   0: 3 0x8000b9f4 (0x005708b3) x17 0x00000001
core   0: 0x8000b9f8 (0x0000100f) fence.i
core   0: 3 0x8000b9f8 (0x0000100f)
core   0: 0x8000b9fc (0x01705eb3) srl     t4, zero, s7
core   0: 3 0x8000b9fc (0x01705eb3) x29 0x00000000
core   0: 0x8000ba00 (0xd20af293) andi    t0, s5, -736
core   0: 3 0x8000ba00 (0xd20af293) x 5 0xc8632800
core   0: 0x8000ba04 (0x00000013) nop
core   0: 3 0x8000ba04 (0x00000013)
core   0: 0x8000ba08 (0x400800b3) sub     ra, a6, zero
core   0: 3 0x8000ba08 (0x400800b3) x 1 0x00000000
core   0: 0x8000ba0c (0x00000013) nop
core   0: 3 0x8000ba0c (0x00000013)
core   0: 0x8000ba10 (0x6817eb13) ori     s6, a5, 1665
core   0: 3 0x8000ba10 (0x6817eb13) x22 0x00000681
core   0: 0x8000ba14 (0x00fb08b3) add     a7, s6, a5
core   0: 3 0x8000ba14 (0x00fb08b3) x17 0x00000682
core   0: 0x8000ba18 (0x4043d193) srai    gp, t2, 4
core   0: 3 0x8000ba18 (0x4043d193) x 3 0x00000000
core   0: 0x8000ba1c (0x0069d613) srli    a2, s3, 6
core   0: 3 0x8000ba1c (0x0069d613) x12 0x02000ab9
core   0: 0x8000ba20 (0x4127dc13) srai    s8, a5, 18
core   0: 3 0x8000ba20 (0x4127dc13) x24 0x00000000
core   0: 0x8000ba24 (0x416d01b3) sub     gp, s10, s6
core   0: 3 0x8000ba24 (0x416d01b3) x 3 0xfffff97f
core   0: 0x8000ba28 (0x002732b3) sltu    t0, a4, sp
core   0: 3 0x8000ba28 (0x002732b3) x 5 0x00000001
core   0: 0x8000ba2c (0x0122ee33) or      t3, t0, s2
core   0: 3 0x8000ba2c (0x0122ee33) x28 0x00000001
core   0: 0x8000ba30 (0x00e1c8b3) xor     a7, gp, a4
core   0: 3 0x8000ba30 (0x00e1c8b3) x17 0xfffff97e
core   0: 0x8000ba34 (0x00974e63) blt     a4, s1, pc + 28
core   0: 3 0x8000ba34 (0x00974e63)
core   0: 0x8000ba38 (0x0000100f) fence.i
core   0: 3 0x8000ba38 (0x0000100f)
core   0: 0x8000ba3c (0x00f3fab3) and     s5, t2, a5
core   0: 3 0x8000ba3c (0x00f3fab3) x21 0x00000000
core   0: 0x8000ba40 (0x03f20a63) beq     tp, t6, pc + 52
core   0: 3 0x8000ba40 (0x03f20a63)
core   0: 0x8000ba44 (0xc5d16f13) ori     t5, sp, -931
core   0: 3 0x8000ba44 (0xc5d16f13) x30 0xfffffcfd
core   0: 0x8000ba48 (0xbdfe8893) addi    a7, t4, -1057
core   0: 3 0x8000ba48 (0xbdfe8893) x17 0xfffffbdf
core   0: 0x8000ba4c (0xdfe2a037) lui     zero, 0xdfe2a
core   0: 3 0x8000ba4c (0xdfe2a037)
core   0: 0x8000ba50 (0x00000013) nop
core   0: 3 0x8000ba50 (0x00000013)
core   0: 0x8000ba54 (0x00478a33) add     s4, a5, tp
core   0: 3 0x8000ba54 (0x00478a33) x20 0xb3bdc891
core   0: 0x8000ba58 (0x054e8663) beq     t4, s4, pc + 76
core   0: 3 0x8000ba58 (0x054e8663)
core   0: 0x8000ba5c (0x02d1cc63) blt     gp, a3, pc + 56
core   0: 3 0x8000ba5c (0x02d1cc63)
core   0: 0x8000ba60 (0x004a1eb3) sll     t4, s4, tp
core   0: 3 0x8000ba60 (0x004a1eb3) x29 0xc8910000
core   0: 0x8000ba64 (0x0ff0000f) fence   iorw,iorw
core   0: 3 0x8000ba64 (0x0ff0000f)
core   0: 0x8000ba68 (0x01c5e463) bltu    a1, t3, pc + 8
core   0: 3 0x8000ba68 (0x01c5e463)
core   0: 0x8000ba6c (0x7d5be493) ori     s1, s7, 2005
core   0: 3 0x8000ba6c (0x7d5be493) x 9 0x000b7ff7
core   0: 0x8000ba70 (0xfe437193) andi    gp, t1, -28
core   0: 3 0x8000ba70 (0xfe437193) x 3 0x0d1c7000
core   0: 0x8000ba74 (0x12e24413) xori    s0, tp, 302
core   0: 3 0x8000ba74 (0x12e24413) x 8 0xb3bdc9be
core   0: 0x8000ba78 (0x0000100f) fence.i
core   0: 3 0x8000ba78 (0x0000100f)
core   0: 0x8000ba7c (0x0012a833) slt     a6, t0, ra
core   0: 3 0x8000ba7c (0x0012a833) x16 0x00000000
core   0: 0x8000ba80 (0x41f283b3) sub     t2, t0, t6
core   0: 3 0x8000ba80 (0x41f283b3) x 7 0x7ffd4d79
core   0: 0x8000ba84 (0x039f9c63) bne     t6, s9, pc + 56
core   0: 3 0x8000ba84 (0x039f9c63)
core   0: 0x8000babc (0x406f5093) srai    ra, t5, 6
core   0: 3 0x8000babc (0x406f5093) x 1 0xfffffff3
core   0: 0x8000bac0 (0x83ef3437) lui     s0, 0x83ef3
core   0: 3 0x8000bac0 (0x83ef3437) x 8 0x83ef3000
core   0: 0x8000bac4 (0x014a35b3) sltu    a1, s4, s4
core   0: 3 0x8000bac4 (0x014a35b3) x11 0x00000000
core   0: 0x8000bac8 (0x41988933) sub     s2, a7, s9
core   0: 3 0x8000bac8 (0x41988933) x18 0xfffffbde
core   0: 0x8000bacc (0x028f8e63) beq     t6, s0, pc + 60
core   0: 3 0x8000bacc (0x028f8e63)
core   0: 0x8000bad0 (0xa57fef13) ori     t5, t6, -1449
core   0: 3 0x8000bad0 (0xa57fef13) x30 0xfffffadf
core   0: 0x8000bad4 (0x01747463) bgeu    s0, s7, pc + 8
core   0: 3 0x8000bad4 (0x01747463)
core   0: 0x8000badc (0x05194063) blt     s2, a7, pc + 64
core   0: 3 0x8000badc (0x05194063)
core   0: 0x8000bb1c (0x01f15e93) srli    t4, sp, 31
core   0: 3 0x8000bb1c (0x01f15e93) x29 0x00000001
core   0: 0x8000bb20 (0xd9f9c193) xori    gp, s3, -609
core   0: 3 0x8000bb20 (0xd9f9c193) x 3 0x7ffd53fb
core   0: 0x8000bb24 (0xf5180913) addi    s2, a6, -175
core   0: 3 0x8000bb24 (0xf5180913) x18 0xffffff51
core   0: 0x8000bb28 (0x41bd07b3) sub     a5, s10, s11
core   0: 3 0x8000bb28 (0x41bd07b3) x15 0xc8633000
core   0: 0x8000bb2c (0x007ce233) or      tp, s9, t2
core   0: 3 0x8000bb2c (0x007ce233) x 4 0x7ffd4d79
core   0: 0x8000bb30 (0x01743033) sltu    zero, s0, s7
core   0: 3 0x8000bb30 (0x01743033)
core   0: 0x8000bb34 (0xd83ab197) auipc   gp, 0xd83ab
core   0: 3 0x8000bb34 (0xd83ab197) x 3 0x583b6b34
core   0: 0x8000bb38 (0x00409263) bne     ra, tp, pc + 4
core   0: 3 0x8000bb38 (0x00409263)
core   0: 0x8000bb3c (0x40e185b3) sub     a1, gp, a4
core   0: 3 0x8000bb3c (0x40e185b3) x11 0x583b6b33
core   0: 0x8000bb40 (0x00000013) nop
core   0: 3 0x8000bb40 (0x00000013)
core   0: 0x8000bb44 (0x013c9933) sll     s2, s9, s3
core   0: 3 0x8000bb44 (0x013c9933) x18 0x00000010
core   0: 0x8000bb48 (0xc914f297) auipc   t0, 0xc914f
core   0: 3 0x8000bb48 (0xc914f297) x 5 0x4915ab48
core   0: 0x8000bb4c (0x8b41c893) xori    a7, gp, -1868
core   0: 3 0x8000bb4c (0x8b41c893) x17 0xa7c49380
core   0: 0x8000bb50 (0x402fd313) srai    t1, t6, 2
core   0: 3 0x8000bb50 (0x402fd313) x 6 0xe000aca2
core   0: 0x8000bb54 (0xd65dec93) ori     s9, s11, -667
core   0: 3 0x8000bb54 (0xd65dec93) x25 0xfffffd65
core   0: 0x8000bb58 (0x01809c13) slli    s8, ra, 24
core   0: 3 0x8000bb58 (0x01809c13) x24 0xf3000000
core   0: 0x8000bb5c (0x0ff0000f) fence   iorw,iorw
core   0: 3 0x8000bb5c (0x0ff0000f)
core   0: 0x8000bb60 (0x86c06e13) ori     t3, zero, -1940
core   0: 3 0x8000bb60 (0x86c06e13) x28 0xfffff86c
core   0: 0x8000bb64 (0x00aa7263) bgeu    s4, a0, pc + 4
core   0: 3 0x8000bb64 (0x00aa7263)
core   0: 0x8000bb68 (0x00001c13) slli    s8, zero, 0
core   0: 3 0x8000bb68 (0x00001c13) x24 0x00000000
core   0: 0x8000bb6c (0x00780333) add     t1, a6, t2
core   0: 3 0x8000bb6c (0x00780333) x 6 0x7ffd4d79
core   0: 0x8000bb70 (0x01fd9d93) slli    s11, s11, 31
core   0: 3 0x8000bb70 (0x01fd9d93) x27 0x00000000
core   0: 0x8000bb74 (0x006603b3) add     t2, a2, t1
core   0: 3 0x8000bb74 (0x006603b3) x 7 0x81fd5832
core   0: 0x8000bb78 (0x00000013) nop
core   0: 3 0x8000bb78 (0x00000013)
core   0: 0x8000bb7c (0xa4607717) auipc   a4, 0xa4607
core   0: 3 0x8000bb7c (0xa4607717) x14 0x24612b7c
core   0: 0x8000bb80 (0x001e7fb3) and     t6, t3, ra
core   0: 3 0x8000bb80 (0x001e7fb3) x31 0xfffff860
core   0: 0x8000bb84 (0x00e61593) slli    a1, a2, 14
core   0: 3 0x8000bb84 (0x00e61593) x11 0x02ae4000
core   0: 0x8000bb88 (0x407f0cb3) sub     s9, t5, t2
core   0: 3 0x8000bb88 (0x407f0cb3) x25 0x7e02a2ad
core   0: 0x8000bb8c (0x6bfc0893) addi    a7, s8, 1727
core   0: 3 0x8000bb8c (0x6bfc0893) x17 0x000006bf
core   0: 0x8000bb90 (0xa03fb4b7) lui     s1, 0xa03fb
core   0: 3 0x8000bb90 (0xa03fb4b7) x 9 0xa03fb000
core   0: 0x8000bb94 (0x0153cc33) xor     s8, t2, s5
core   0: 3 0x8000bb94 (0x0153cc33) x24 0x81fd5832
core   0: 0x8000bb98 (0x411ad793) srai    a5, s5, 17
core   0: 3 0x8000bb98 (0x411ad793) x15 0x00000000
core   0: 0x8000bb9c (0x418b87b3) sub     a5, s7, s8
core   0: 3 0x8000bb9c (0x418b87b3) x15 0x7e0e2405
core   0: 0x8000bba0 (0xbeb4af93) slti    t6, s1, -1045
core   0: 3 0x8000bba0 (0xbeb4af93) x31 0x00000001
core   0: 0x8000bba4 (0x00dc8733) add     a4, s9, a3
core   0: 3 0x8000bba4 (0x00dc8733) x14 0xfe02a2ad
core   0: 0x8000bba8 (0x016c9033) sll     zero, s9, s6
core   0: 3 0x8000bba8 (0x016c9033)
core   0: 0x8000bbac (0x01aae033) or      zero, s5, s10
core   0: 3 0x8000bbac (0x01aae033)
core   0: 0x8000bbb0 (0xa87c6c97) auipc   s9, 0xa87c6
core   0: 3 0x8000bbb0 (0xa87c6c97) x25 0x287d1bb0
core   0: 0x8000bbb4 (0x41f6deb3) sra     t4, a3, t6
core   0: 3 0x8000bbb4 (0x41f6deb3) x29 0xc0000000
core   0: 0x8000bbb8 (0xe279f393) andi    t2, s3, -473
core   0: 3 0x8000bbb8 (0xe279f393) x 7 0x8002ae24
core   0: 0x8000bbbc (0x036bfa63) bgeu    s7, s6, pc + 52
core   0: 3 0x8000bbbc (0x036bfa63)
core   0: 0x8000bbf0 (0x0000100f) fence.i
core   0: 3 0x8000bbf0 (0x0000100f)
core   0: 0x8000bbf4 (0x4056d893) srai    a7, a3, 5
core   0: 3 0x8000bbf4 (0x4056d893) x17 0xfc000000
core   0: 0x8000bbf8 (0xeb536393) ori     t2, t1, -331
core   0: 3 0x8000bbf8 (0xeb536393) x 7 0xfffffffd
core   0: 0x8000bbfc (0x000a0263) beqz    s4, pc + 4
core   0: 3 0x8000bbfc (0x000a0263)
core   0: 0x8000bc00 (0x00f26eb3) or      t4, tp, a5
core   0: 3 0x8000bc00 (0x00f26eb3) x29 0x7fff6d7d
core   0: 0x8000bc04 (0x98ab1f37) lui     t5, 0x98ab1
core   0: 3 0x8000bc04 (0x98ab1f37) x30 0x98ab1000
core   0: 0x8000bc08 (0x41148533) sub     a0, s1, a7
core   0: 3 0x8000bc08 (0x41148533) x10 0xa43fb000
core   0: 0x8000bc0c (0x0ff0000f) fence   iorw,iorw
core   0: 3 0x8000bc0c (0x0ff0000f)
core   0: 0x8000bc10 (0x40788733) sub     a4, a7, t2
core   0: 3 0x8000bc10 (0x40788733) x14 0xfc000003
core   0: 0x8000bc14 (0x009fca63) blt     t6, s1, pc + 20
core   0: 3 0x8000bc14 (0x009fca63)
core   0: 0x8000bc18 (0x4f00b017) auipc   zero, 0x4f00b
core   0: 3 0x8000bc18 (0x4f00b017)
core   0: 0x8000bc1c (0xcf3e2497) auipc   s1, 0xcf3e2
core   0: 3 0x8000bc1c (0xcf3e2497) x 9 0x4f3edc1c
core   0: 0x8000bc20 (0x0000100f) fence.i
core   0: 3 0x8000bc20 (0x0000100f)
core   0: 0x8000bc24 (0x0000100f) fence.i
core   0: 3 0x8000bc24 (0x0000100f)
core   0: 0x8000bc28 (0xb85f6037) lui     zero, 0xb85f6
core   0: 3 0x8000bc28 (0xb85f6037)
core   0: 0x8000bc2c (0x40ec5793) srai    a5, s8, 14
core   0: 3 0x8000bc2c (0x40ec5793) x15 0xfffe07f5
core   0: 0x8000bc30 (0x00690e63) beq     s2, t1, pc + 28
core   0: 3 0x8000bc30 (0x00690e63)
core   0: 0x8000bc34 (0x40d50bb3) sub     s7, a0, a3
core   0: 3 0x8000bc34 (0x40d50bb3) x23 0x243fb000
core   0: 0x8000bc38 (0x03ea4463) blt     s4, t5, pc + 40
core   0: 3 0x8000bc38 (0x03ea4463)
core   0: 0x8000bc3c (0x002333b3) sltu    t2, t1, sp
core   0: 3 0x8000bc3c (0x002333b3) x 7 0x00000001
core   0: 0x8000bc40 (0xd73e4493) xori    s1, t3, -653
core   0: 3 0x8000bc40 (0xd73e4493) x 9 0x0000051f
core   0: 0x8000bc44 (0x2c48ec93) ori     s9, a7, 708
core   0: 3 0x8000bc44 (0x2c48ec93) x25 0xfc0002c4
core   0: 0x8000bc48 (0x01307e63) bgeu    zero, s3, pc + 28
core   0: 3 0x8000bc48 (0x01307e63)
core   0: 0x8000bc4c (0xbfb3f713) andi    a4, t2, -1029
core   0: 3 0x8000bc4c (0xbfb3f713) x14 0x00000001
core   0: 0x8000bc50 (0x00000013) nop
core   0: 3 0x8000bc50 (0x00000013)
core   0: 0x8000bc54 (0x01fdd463) bge     s11, t6, pc + 8
core   0: 3 0x8000bc54 (0x01fdd463)
core   0: 0x8000bc58 (0xffa90a97) auipc   s5, 0xffa90
core   0: 3 0x8000bc58 (0xffa90a97) x21 0x7fa9bc58
core   0: 0x8000bc5c (0x9bc97193) andi    gp, s2, -1604
core   0: 3 0x8000bc5c (0x9bc97193) x 3 0x00000010
core   0: 0x8000bc60 (0x9b1ab513) sltiu   a0, s5, -1615
core   0: 3 0x8000bc60 (0x9b1ab513) x10 0x00000001
core   0: 0x8000bc64 (0x2b907b93) andi    s7, zero, 697
core   0: 3 0x8000bc64 (0x2b907b93) x23 0x00000000
core   0: 0x8000bc68 (0xe35efc93) andi    s9, t4, -459
core   0: 3 0x8000bc68 (0xe35efc93) x25 0x7fff6c35
core   0: 0x8000bc6c (0x00eb8c63) beq     s7, a4, pc + 24
core   0: 3 0x8000bc6c (0x00eb8c63)
core   0: 0x8000bc70 (0x01d61933) sll     s2, a2, t4
core   0: 3 0x8000bc70 (0x01d61933) x18 0x20000000
core   0: 0x8000bc74 (0x414d01b3) sub     gp, s10, s4
core   0: 3 0x8000bc74 (0x414d01b3) x 3 0x4c42376f
core   0: 0x8000bc78 (0x00953333) sltu    t1, a0, s1
core   0: 3 0x8000bc78 (0x00953333) x 6 0x00000001
core   0: 0x8000bc7c (0x037a6263) bltu    s4, s7, pc + 36
core   0: 3 0x8000bc7c (0x037a6263)
core   0: 0x8000bc80 (0x9d82f713) andi    a4, t0, -1576
core   0: 3 0x8000bc80 (0x9d82f713) x14 0x4915a948
core   0: 0x8000bc84 (0xcd06bb13) sltiu   s6, a3, -816
core   0: 3 0x8000bc84 (0xcd06bb13) x22 0x00000001
core   0: 0x8000bc88 (0x0ff0000f) fence   iorw,iorw
core   0: 3 0x8000bc88 (0x0ff0000f)
core   0: 0x8000bc8c (0x01a59a13) slli    s4, a1, 26
core   0: 3 0x8000bc8c (0x01a59a13) x20 0x00000000
core   0: 0x8000bc90 (0x119e4063) blt     t3, s9, pc + 256
core   0: 3 0x8000bc90 (0x119e4063)
core   0: 0x8000bd90 (0x40b087b3) sub     a5, ra, a1
core   0: 3 0x8000bd90 (0x40b087b3) x15 0xfd51bff3
core   0: 0x8000bd94 (0x40755413) srai    s0, a0, 7
core   0: 3 0x8000bd94 (0x40755413) x 8 0x00000000
core   0: 0x8000bd98 (0x41cf5213) srai    tp, t5, 28
core   0: 3 0x8000bd98 (0x41cf5213) x 4 0xfffffff9
core   0: 0x8000bd9c (0x014d5533) srl     a0, s10, s4
core   0: 3 0x8000bd9c (0x014d5533) x10 0x00000000
core   0: 0x8000bda0 (0x41058533) sub     a0, a1, a6
core   0: 3 0x8000bda0 (0x41058533) x10 0x02ae4000
core   0: 0x8000bda4 (0x01e8dd93) srli    s11, a7, 30
core   0: 3 0x8000bda4 (0x01e8dd93) x27 0x00000003
core   0: 0x8000bda8 (0xea14aa13) slti    s4, s1, -351
core   0: 3 0x8000bda8 (0xea14aa13) x20 0x00000000
core   0: 0x8000bdac (0x0366e463) bltu    a3, s6, pc + 40
core   0: 3 0x8000bdac (0x0366e463)
core   0: 0x8000bdb0 (0x008cd3b3) srl     t2, s9, s0
core   0: 3 0x8000bdb0 (0x008cd3b3) x 7 0x7fff6c35
core   0: 0x8000bdb4 (0x007e6463) bltu    t3, t2, pc + 8
core   0: 3 0x8000bdb4 (0x007e6463)
core   0: 0x8000bdb8 (0x0000100f) fence.i
core   0: 3 0x8000bdb8 (0x0000100f)
core   0: 0x8000bdbc (0x00591533) sll     a0, s2, t0
core   0: 3 0x8000bdbc (0x00591533) x10 0x00000000
core   0: 0x8000bdc0 (0x41cd5813) srai    a6, s10, 28
core   0: 3 0x8000bdc0 (0x41cd5813) x16 0x00000000
core   0: 0x8000bdc4 (0x01ac2bb3) slt     s7, s8, s10
core   0: 3 0x8000bdc4 (0x01ac2bb3) x23 0x00000001
core   0: 0x8000bdc8 (0xcdca7613) andi    a2, s4, -804
core   0: 3 0x8000bdc8 (0xcdca7613) x12 0x00000000
core   0: 0x8000bdcc (0x0008dc33) srl     s8, a7, zero
core   0: 3 0x8000bdcc (0x0008dc33) x24 0xfc000000
core   0: 0x8000bdd0 (0x033bce63) blt     s7, s3, pc + 60
core   0: 3 0x8000bdd0 (0x033bce63)
core   0: 0x8000bdd4 (0x07e6be13) sltiu   t3, a3, 126
core   0: 3 0x8000bdd4 (0x07e6be13) x28 0x00000000
core   0: 0x8000bdd8 (0x4048d593) srai    a1, a7, 4
core   0: 3 0x8000bdd8 (0x4048d593) x11 0xffc00000
core   0: 0x8000bddc (0x80f58f93) addi    t6, a1, -2033
core   0: 3 0x8000bddc (0x80f58f93) x31 0xffbff80f
core   0: 0x8000bde0 (0xe0e86313) ori     t1, a6, -498
core   0: 3 0x8000bde0 (0xe0e86313) x 6 0xfffffe0e
core   0: 0x8000bde4 (0x03665c63) bge     a2, s6, pc + 56
core   0: 3 0x8000bde4 (0x03665c63)
core   0: 0x8000bde8 (0xc7fdc093) xori    ra, s11, -897
core   0: 3 0x8000bde8 (0xc7fdc093) x 1 0xfffffc7c
core   0: 0x8000bdec (0xb5053617) auipc   a2, 0xb5053
core   0: 3 0x8000bdec (0xb5053617) x12 0x3505edec
core   0: 0x8000bdf0 (0xd9883d13) sltiu   s10, a6, -616
core   0: 3 0x8000bdf0 (0xd9883d13) x26 0x00000001
core   0: 0x8000bdf4 (0x26364013) xori    zero, a2, 611
core   0: 3 0x8000bdf4 (0x26364013)
core   0: 0x8000bdf8 (0x04e45263) bge     s0, a4, pc + 68
core   0: 3 0x8000bdf8 (0x04e45263)
core   0: 0x8000bdfc (0x015f0533) add     a0, t5, s5
core   0: 3 0x8000bdfc (0x015f0533) x10 0x1854cc58
core   0: 0x8000be00 (0x41085333) sra     t1, a6, a6
core   0: 3 0x8000be00 (0x41085333) x 6 0x00000000
core   0: 0x8000be04 (0x015ef933) and     s2, t4, s5
core   0: 3 0x8000be04 (0x015ef933) x18 0x7fa92c58
core   0: 0x8000be08 (0x00031d93) slli    s11, t1, 0
core   0: 3 0x8000be08 (0x00031d93) x27 0x00000000
core   0: 0x8000be0c (0x00ccc463) blt     s9, a2, pc + 8
core   0: 3 0x8000be0c (0x00ccc463)
core   0: 0x8000be10 (0x403bd233) sra     tp, s7, gp
core   0: 3 0x8000be10 (0x403bd233) x 4 0x00000000
core   0: 0x8000be14 (0x41875493) srai    s1, a4, 24
core   0: 3 0x8000be14 (0x41875493) x 9 0x00000049
core   0: 0x8000be18 (0x01048263) beq     s1, a6, pc + 4
core   0: 3 0x8000be18 (0x01048263)
core   0: 0x8000be1c (0x00904c33) xor     s8, zero, s1
core   0: 3 0x8000be1c (0x00904c33) x24 0x00000049
core   0: 0x8000be20 (0x9dba7513) andi    a0, s4, -1573
core   0: 3 0x8000be20 (0x9dba7513) x10 0x00000000
core   0: 0x8000be24 (0x00000013) nop
core   0: 3 0x8000be24 (0x00000013)
core   0: 0x8000be28 (0x0067de33) srl     t3, a5, t1
core   0: 3 0x8000be28 (0x0067de33) x28 0xfd51bff3
core   0: 0x8000be2c (0x05a36063) bltu    t1, s10, pc + 64
core   0: 3 0x8000be2c (0x05a36063)
core   0: 0x8000be6c (0x00879b93) slli    s7, a5, 8
core   0: 3 0x8000be6c (0x00879b93) x23 0x51bff300
core   0: 0x8000be70 (0x40d8da33) sra     s4, a7, a3
core   0: 3 0x8000be70 (0x40d8da33) x20 0xfc000000
core   0: 0x8000be74 (0x018a1033) sll     zero, s4, s8
core   0: 3 0x8000be74 (0x018a1033)
core   0: 0x8000be78 (0x01a315b3) sll     a1, t1, s10
core   0: 3 0x8000be78 (0x01a315b3) x11 0x00000000
core   0: 0x8000be7c (0xdd9f8d97) auipc   s11, 0xdd9f8
core   0: 3 0x8000be7c (0xdd9f8d97) x27 0x5da03e7c
core   0: 0x8000be80 (0x6e14ab13) slti    s6, s1, 1761
core   0: 3 0x8000be80 (0x6e14ab13) x22 0x00000001
core   0: 0x8000be84 (0x3540bb93) sltiu   s7, ra, 852
core   0: 3 0x8000be84 (0x3540bb93) x23 0x00000000
core   0: 0x8000be88 (0x8baaaa13) slti    s4, s5, -1862
core   0: 3 0x8000be88 (0x8baaaa13) x20 0x00000000
core   0: 0x8000be8c (0x00ec6a63) bltu    s8, a4, pc + 20
core   0: 3 0x8000be8c (0x00ec6a63)
core   0: 0x8000bea0 (0x019b2a33) slt     s4, s6, s9
core   0: 3 0x8000bea0 (0x019b2a33) x20 0x00000001
core   0: 0x8000bea4 (0x01521c13) slli    s8, tp, 21
core   0: 3 0x8000bea4 (0x01521c13) x24 0x00000000
core   0: 0x8000bea8 (0x4021d4b3) sra     s1, gp, sp
core   0: 3 0x8000bea8 (0x4021d4b3) x 9 0x04c42376
core   0: 0x8000beac (0xd665bf17) auipc   t5, 0xd665b
core   0: 3 0x8000beac (0xd665bf17) x30 0x56666eac
core   0: 0x8000beb0 (0xd0438793) addi    a5, t2, -764
core   0: 3 0x8000beb0 (0xd0438793) x15 0x7fff6939
core   0: 0x8000beb4 (0x01e15533) srl     a0, sp, t5
core   0: 3 0x8000beb4 (0x01e15533) x10 0x0008002e
core   0: 0x8000beb8 (0x4fbaee37) lui     t3, 0x4fbae
core   0: 3 0x8000beb8 (0x4fbaee37) x28 0x4fbae000
core   0: 0x8000bebc (0x4055d893) srai    a7, a1, 5
core   0: 3 0x8000bebc (0x4055d893) x17 0x00000000
core   0: 0x8000bec0 (0x01585713) srli    a4, a6, 21
core   0: 3 0x8000bec0 (0x01585713) x14 0x00000000
core   0: 0x8000bec4 (0x05426063) bltu    tp, s4, pc + 64
core   0: 3 0x8000bec4 (0x05426063)
core   0: 0x8000bf04 (0x016af1b3) and     gp, s5, s6
core   0: 3 0x8000bf04 (0x016af1b3) x 3 0x00000000
core   0: 0x8000bf08 (0x00829613) slli    a2, t0, 8
core   0: 3 0x8000bf08 (0x00829613) x12 0x15ab4800
core   0: 0x8000bf0c (0x046fc663) blt     t6, t1, pc + 76
core   0: 3 0x8000bf0c (0x046fc663)
core   0: 0x8000bf58 (0x0442e463) bltu    t0, tp, pc + 72
core   0: 3 0x8000bf58 (0x0442e463)
core   0: 0x8000bf5c (0xeb530a93) addi    s5, t1, -331
core   0: 3 0x8000bf5c (0xeb530a93) x21 0xfffffeb5
core   0: 0x8000bf60 (0x01fac033) xor     zero, s5, t6
core   0: 3 0x8000bf60 (0x01fac033)
core   0: 0x8000bf64 (0x03349463) bne     s1, s3, pc + 40
core   0: 3 0x8000bf64 (0x03349463)
core   0: 0x8000bf8c (0x40df03b3) sub     t2, t5, a3
core   0: 3 0x8000bf8c (0x40df03b3) x 7 0xd6666eac
core   0: 0x8000bf90 (0x00000013) nop
core   0: 3 0x8000bf90 (0x00000013)
core   0: 0x8000bf94 (0x0098adb3) slt     s11, a7, s1
core   0: 3 0x8000bf94 (0x0098adb3) x27 0x00000001
core   0: 0x8000bf98 (0x0ff0000f) fence   iorw,iorw
core   0: 3 0x8000bf98 (0x0ff0000f)
core   0: 0x8000bf9c (0x00357833) and     a6, a0, gp
core   0: 3 0x8000bf9c (0x00357833) x16 0x00000000
core   0: 0x8000bfa0 (0x004d0a33) add     s4, s10, tp
core   0: 3 0x8000bfa0 (0x004d0a33) x20 0x00000001
core   0: 0x8000bfa4 (0x00a8d913) srli    s2, a7, 10
core   0: 3 0x8000bfa4 (0x00a8d913) x18 0x00000000
core   0: 0x8000bfa8 (0x03b3d263) bge     t2, s11, pc + 36
core   0: 3 0x8000bfa8 (0x03b3d263)
core   0: 0x8000bfac (0x01b3db93) srli    s7, t2, 27
core   0: 3 0x8000bfac (0x01b3db93) x23 0x0000001a
core   0: 0x8000bfb0 (0x40bb0e33) sub     t3, s6, a1
core   0: 3 0x8000bfb0 (0x40bb0e33) x28 0x00000001
core   0: 0x8000bfb4 (0x009267b3) or      a5, tp, s1
core   0: 3 0x8000bfb4 (0x009267b3) x15 0x04c42376
core   0: 0x8000bfb8 (0x01145433) srl     s0, s0, a7
core   0: 3 0x8000bfb8 (0x01145433) x 8 0x00000000
core   0: 0x8000bfbc (0xdff50893) addi    a7, a0, -513
core   0: 3 0x8000bfbc (0xdff50893) x17 0x0007fe2d
core   0: 0x8000bfc0 (0x91307537) lui     a0, 0x91307
core   0: 3 0x8000bfc0 (0x91307537) x10 0x91307000
core   0: 0x8000bfc4 (0x00904263) blt     zero, s1, pc + 4
core   0: 3 0x8000bfc4 (0x00904263)
core   0: 0x8000bfc8 (0x0171e8b3) or      a7, gp, s7
core   0: 3 0x8000bfc8 (0x0171e8b3) x17 0x0000001a
core   0: 0x8000bfcc (0x01a42cb3) slt     s9, s0, s10
core   0: 3 0x8000bfcc (0x01a42cb3) x25 0x00000001
core   0: 0x8000bfd0 (0x0134e533) or      a0, s1, s3
core   0: 3 0x8000bfd0 (0x0134e533) x10 0x84c6af76
core   0: 0x8000bfd4 (0xa6ffe013) ori     zero, t6, -1425
core   0: 3 0x8000bfd4 (0xa6ffe013)
core   0: 0x8000bfd8 (0x099e5263) bge     t3, s9, pc + 132
core   0: 3 0x8000bfd8 (0x099e5263)
core   0: 0x8000c05c (0x01709463) bne     ra, s7, pc + 8
core   0: 3 0x8000c05c (0x01709463)
core   0: 0x8000c064 (0x0260cc63) blt     ra, t1, pc + 56
core   0: 3 0x8000c064 (0x0260cc63)
core   0: 0x8000c09c (0x0da80863) beq     a6, s10, pc + 208
core   0: 3 0x8000c09c (0x0da80863)
core   0: 0x8000c0a0 (0x002a4633) xor     a2, s4, sp
core   0: 3 0x8000c0a0 (0x002a4633) x12 0x8002ece5
core   0: 0x8000c0a4 (0x00014f17) auipc   t5, 0x14
core   0: 3 0x8000c0a4 (0x00014f17) x30 0x800200a4
core   0: 0x8000c0a8 (0xf31f0f13) addi    t5, t5, -207
core   0: 3 0x8000c0a8 (0xf31f0f13) x30 0x8001ffd5
core   0: 0x8000c0ac (0x00360233) add     tp, a2, gp
core   0: 3 0x8000c0ac (0x00360233) x 4 0x8002ece5
core   0: 0x8000c0b0 (0x70df09a3) sb      a3, 1811(t5)
core   0: 3 0x8000c0b0 (0x70df09a3) mem 0x800206e8 0x0
core   0: 0x8000c0b4 (0x00abe2b3) or      t0, s7, a0
core   0: 3 0x8000c0b4 (0x00abe2b3) x 5 0x84c6af7e
core   0: 0x8000c0b8 (0x767f07a3) sb      t2, 1903(t5)
core   0: 3 0x8000c0b8 (0x767f07a3) mem 0x80020744 0xac
core   0: 0x8000c0bc (0x0ff0000f) fence   iorw,iorw
core   0: 3 0x8000c0bc (0x0ff0000f)
core   0: 0x8000c0c0 (0xcfbf4803) lbu     a6, -773(t5)
core   0: 3 0x8000c0c0 (0xcfbf4803) x16 0x0000008b mem 0x8001fcd0
core   0: 0x8000c0c4 (0x7a34afb7) lui     t6, 0x7a34a
core   0: 3 0x8000c0c4 (0x7a34afb7) x31 0x7a34a000
core   0: 0x8000c0c8 (0xe7ff4483) lbu     s1, -385(t5)
core   0: 3 0x8000c0c8 (0xe7ff4483) x 9 0x0000000f mem 0x8001fe54
core   0: 0x8000c0cc (0xdb5f0823) sb      s5, -592(t5)
core   0: 3 0x8000c0cc (0xdb5f0823) mem 0x8001fd85 0xb5
core   0: 0x8000c0d0 (0x64ef0123) sb      a4, 1602(t5)
core   0: 3 0x8000c0d0 (0x64ef0123) mem 0x80020617 0x0
core   0: 0x8000c0d4 (0x9a21f493) andi    s1, gp, -1630
core   0: 3 0x8000c0d4 (0x9a21f493) x 9 0x00000000
core   0: 0x8000c0d8 (0x00000013) nop
core   0: 3 0x8000c0d8 (0x00000013)
core   0: 0x8000c0dc (0x448f0e83) lb      t4, 1096(t5)
core   0: 3 0x8000c0dc (0x448f0e83) x29 0xffffffd6 mem 0x8002041d
core   0: 0x8000c0e0 (0x0000100f) fence.i
core   0: 3 0x8000c0e0 (0x0000100f)
core   0: 0x8000c0e4 (0x0000100f) fence.i
core   0: 3 0x8000c0e4 (0x0000100f)
core   0: 0x8000c0e8 (0x683f5c83) lhu     s9, 1667(t5)
core   0: 3 0x8000c0e8 (0x683f5c83) x25 0x00001213 mem 0x80020658
core   0: 0x8000c0ec (0x35af4883) lbu     a7, 858(t5)
core   0: 3 0x8000c0ec (0x35af4883) x17 0x000000e4 mem 0x8002032f
core   0: 0x8000c0f0 (0xb8df1583) lh      a1, -1139(t5)
core   0: 3 0x8000c0f0 (0xb8df1583) x11 0x00001819 mem 0x8001fb62
core   0: 0x8000c0f4 (0xb59f4483) lbu     s1, -1191(t5)
core   0: 3 0x8000c0f4 (0xb59f4483) x 9 0x000000e5 mem 0x8001fb2e
core   0: 0x8000c0f8 (0x0000100f) fence.i
core   0: 3 0x8000c0f8 (0x0000100f)
core   0: 0x8000c0fc (0xe4ef0c83) lb      s9, -434(t5)
core   0: 3 0x8000c0fc (0xe4ef0c83) x25 0xffffffd8 mem 0x8001fe23
core   0: 0x8000c100 (0xfbc6f913) andi    s2, a3, -68
core   0: 3 0x8000c100 (0xfbc6f913) x18 0x80000000
core   0: 0x8000c104 (0x868f0783) lb      a5, -1944(t5)
core   0: 3 0x8000c104 (0x868f0783) x15 0xfffffff6 mem 0x8001f83d
core   0: 0x8000c108 (0x53ff2503) lw      a0, 1343(t5)
core   0: 3 0x8000c108 (0x53ff2503) x10 0xcccdcecf mem 0x80020514
core   0: 0x8000c10c (0x01afd193) srli    gp, t6, 26
core   0: 3 0x8000c10c (0x01afd193) x 3 0x0000001e
core   0: 0x8000c110 (0x0000100f) fence.i
core   0: 3 0x8000c110 (0x0000100f)
core   0: 0x8000c114 (0x7f5f16a3) sh      s5, 2029(t5)
core   0: 3 0x8000c114 (0x7f5f16a3) mem 0x800207c2 0xfeb5
core   0: 0x8000c118 (0x019e91b3) sll     gp, t4, s9
core   0: 3 0x8000c118 (0x019e91b3) x 3 0xd6000000
core   0: 0x8000c11c (0xcea7a913) slti    s2, a5, -790
core   0: 3 0x8000c11c (0xcea7a913) x18 0x00000000
core   0: 0x8000c120 (0x01ac9c93) slli    s9, s9, 26
core   0: 3 0x8000c120 (0x01ac9c93) x25 0x60000000
core   0: 0x8000c124 (0x72692193) slti    gp, s2, 1830
core   0: 3 0x8000c124 (0x72692193) x 3 0x00000001
core   0: 0x8000c128 (0x4c5f0123) sb      t0, 1218(t5)
core   0: 3 0x8000c128 (0x4c5f0123) mem 0x80020497 0x7e
core   0: 0x8000c12c (0xcd6f0723) sb      s6, -818(t5)
core   0: 3 0x8000c12c (0xcd6f0723) mem 0x8001fca3 0x1
core   0: 0x8000c130 (0xde4f0c03) lb      s8, -540(t5)
core   0: 3 0x8000c130 (0xde4f0c03) x24 0x00000072 mem 0x8001fdb9
core   0: 0x8000c134 (0x8f737293) andi    t0, t1, -1801
core   0: 3 0x8000c134 (0x8f737293) x 5 0x00000000
core   0: 0x8000c138 (0x01821413) slli    s0, tp, 24
core   0: 3 0x8000c138 (0x01821413) x 8 0xe5000000
core   0: 0x8000c13c (0x750f0623) sb      a6, 1868(t5)
core   0: 3 0x8000c13c (0x750f0623) mem 0x80020721 0x8b
core   0: 0x8000c140 (0x00000013) nop
core   0: 3 0x8000c140 (0x00000013)
core   0: 0x8000c144 (0x130f0f23) sb      a6, 318(t5)
core   0: 3 0x8000c144 (0x130f0f23) mem 0x80020113 0x8b
core   0: 0x8000c148 (0x3ddccb97) auipc   s7, 0x3ddcc
core   0: 3 0x8000c148 (0x3ddccb97) x23 0xbddd8148
core   0: 0x8000c14c (0xc9bf0323) sb      s11, -890(t5)
core   0: 3 0x8000c14c (0xc9bf0323) mem 0x8001fc5b 0x1
core   0: 0x8000c150 (0x699f10a3) sh      s9, 1665(t5)
core   0: 3 0x8000c150 (0x699f10a3) mem 0x80020656 0x0000
core   0: 0x8000c154 (0xa78b2313) slti    t1, s6, -1416
core   0: 3 0x8000c154 (0xa78b2313) x 6 0x00000000
core   0: 0x8000c158 (0x39ff9817) auipc   a6, 0x39ff9
core   0: 3 0x8000c158 (0x39ff9817) x16 0xba005158
core   0: 0x8000c15c (0x0000100f) fence.i
core   0: 3 0x8000c15c (0x0000100f)
core   0: 0x8000c160 (0x0000100f) fence.i
core   0: 3 0x8000c160 (0x0000100f)
core   0: 0x8000c164 (0x00000013) nop
core   0: 3 0x8000c164 (0x00000013)
core   0: 0x8000c168 (0x41d55c33) sra     s8, a0, t4
core   0: 3 0x8000c168 (0x41d55c33) x24 0xffffff33
core   0: 0x8000c16c (0x015adc93) srli    s9, s5, 21
core   0: 3 0x8000c16c (0x015adc93) x25 0x000007ff
core   0: 0x8000c170 (0x43be6917) auipc   s2, 0x43be6
core   0: 3 0x8000c170 (0x43be6917) x18 0xc3bf2170
core   0: 0x8000c174 (0x0ff0000f) fence   iorw,iorw
core   0: 3 0x8000c174 (0x0ff0000f)
core   0: 0x8000c178 (0x00000013) nop
core   0: 3 0x8000c178 (0x00000013)
core   0: 0x8000c17c (0x90d96d13) ori     s10, s2, -1779
core   0: 3 0x8000c17c (0x90d96d13) x26 0xfffff97d
core   0: 0x8000c180 (0x409cde93) srai    t4, s9, 9
core   0: 3 0x8000c180 (0x409cde93) x29 0x00000003
core   0: 0x8000c184 (0x7f510593) addi    a1, sp, 2037
core   0: 3 0x8000c184 (0x7f510593) x11 0x8002f4d9
core   0: 0x8000c188 (0x0add4e13) xori    t3, s10, 173
core   0: 3 0x8000c188 (0x0add4e13) x28 0xfffff9d0
core   0: 0x8000c18c (0x01056d33) or      s10, a0, a6
core   0: 3 0x8000c18c (0x01056d33) x26 0xfecddfdf
core   0: 0x8000c190 (0x006d1d33) sll     s10, s10, t1
core   0: 3 0x8000c190 (0x006d1d33) x26 0xfecddfdf
core   0: 0x8000c194 (0x64fbff17) auipc   t5, 0x64fbf
core   0: 3 0x8000c194 (0x64fbff17) x30 0xe4fcb194
core   0: 0x8000c198 (0x016a6a63) bltu    s4, s6, pc + 20
core   0: 3 0x8000c198 (0x016a6a63)
core   0: 0x8000c19c (0x0018ae33) slt     t3, a7, ra
core   0: 3 0x8000c19c (0x0018ae33) x28 0x00000000
core   0: 0x8000c1a0 (0x013934b3) sltu    s1, s2, s3
core   0: 3 0x8000c1a0 (0x013934b3) x 9 0x00000000
core   0: 0x8000c1a4 (0x0035dcb3) srl     s9, a1, gp
core   0: 3 0x8000c1a4 (0x0035dcb3) x25 0x40017a6c
core   0: 0x8000c1a8 (0x01b167b3) or      a5, sp, s11
core   0: 3 0x8000c1a8 (0x01b167b3) x15 0x8002ece5
core   0: 0x8000c1ac (0x016ed2b3) srl     t0, t4, s6
core   0: 3 0x8000c1ac (0x016ed2b3) x 5 0x00000001
core   0: 0x8000c1b0 (0x014d18b3) sll     a7, s10, s4
core   0: 3 0x8000c1b0 (0x014d18b3) x17 0xfd9bbfbe
core   0: 0x8000c1b4 (0x004fd893) srli    a7, t6, 4
core   0: 3 0x8000c1b4 (0x004fd893) x17 0x07a34a00
core   0: 0x8000c1b8 (0x00a41233) sll     tp, s0, a0
core   0: 3 0x8000c1b8 (0x00a41233) x 4 0x00000000
core   0: 0x8000c1bc (0x7de26e93) ori     t4, tp, 2014
core   0: 3 0x8000c1bc (0x7de26e93) x29 0x000007de
core   0: 0x8000c1c0 (0x01765c63) bge     a2, s7, pc + 24
core   0: 3 0x8000c1c0 (0x01765c63)
core   0: 0x8000c1c4 (0xab9b6613) ori     a2, s6, -1351
core   0: 3 0x8000c1c4 (0xab9b6613) x12 0xfffffab9
core   0: 0x8000c1c8 (0x00c49733) sll     a4, s1, a2
core   0: 3 0x8000c1c8 (0x00c49733) x14 0x00000000
core   0: 0x8000c1cc (0x0029d2b3) srl     t0, s3, sp
core   0: 3 0x8000c1cc (0x0029d2b3) x 5 0x08002ae6
core   0: 0x8000c1d0 (0x1024eb13) ori     s6, s1, 258
core   0: 3 0x8000c1d0 (0x1024eb13) x22 0x00000102
core   0: 0x8000c1d4 (0x0318fc63) bgeu    a7, a7, pc + 56
core   0: 3 0x8000c1d4 (0x0318fc63)
core   0: 0x8000c20c (0x073b8463) beq     s7, s3, pc + 104
core   0: 3 0x8000c20c (0x073b8463)
core   0: 0x8000c210 (0x2e9d4293) xori    t0, s10, 745
core   0: 3 0x8000c210 (0x2e9d4293) x 5 0xfecddd36
core   0: 0x8000c214 (0x005f08b3) add     a7, t5, t0
core   0: 3 0x8000c214 (0x005f08b3) x17 0xe3ca8eca
core   0: 0x8000c218 (0x40eddf13) srai    t5, s11, 14
core   0: 3 0x8000c218 (0x40eddf13) x30 0x00000000
core   0: 0x8000c21c (0x00b041b3) xor     gp, zero, a1
core   0: 3 0x8000c21c (0x00b041b3) x 3 0x8002f4d9
core   0: 0x8000c220 (0x0000100f) fence.i
core   0: 3 0x8000c220 (0x0000100f)
core   0: 0x8000c224 (0x00004497) auipc   s1, 0x4
core   0: 3 0x8000c224 (0x00004497) x 9 0x80010224
core   0: 0x8000c228 (0x20448493) addi    s1, s1, 516
core   0: 3 0x8000c228 (0x20448493) x 9 0x80010428
core   0: 0x8000c22c (0x010f2bb3) slt     s7, t5, a6
core   0: 3 0x8000c22c (0x010f2bb3) x23 0x00000000
core   0: 0x8000c230 (0x3b348493) addi    s1, s1, 947
core   0: 3 0x8000c230 (0x3b348493) x 9 0x800107db
core   0: 0x8000c234 (0x0000100f) fence.i
core   0: 3 0x8000c234 (0x0000100f)
core   0: 0x8000c238 (0xc4e48367) jalr    t1, s1, -946
core   0: 3 0x8000c238 (0xc4e48367) x 6 0x8000c23c
core   0: 0x80010428 (0x0040a433) slt     s0, ra, tp
core   0: 3 0x80010428 (0x0040a433) x 8 0x00000001
core   0: 0x8001042c (0x0ff0000f) fence   iorw,iorw
core   0: 3 0x8001042c (0x0ff0000f)
core   0: 0x80010430 (0x000ad4b3) srl     s1, s5, zero
core   0: 3 0x80010430 (0x000ad4b3) x 9 0xfffffeb5
core   0: 0x80010434 (0xff498993) addi    s3, s3, -12
core   0: 3 0x80010434 (0xff498993) x19 0x8002ae58
core   0: 0x80010438 (0x0069a223) sw      t1, 4(s3)
core   0: 3 0x80010438 (0x0069a223) mem 0x8002ae5c 0x8000c23c
core   0: 0x8001043c (0x41130fb3) sub     t6, t1, a7
core   0: 3 0x8001043c (0x41130fb3) x31 0x9c363372
core   0: 0x80010440 (0xc5ff5937) lui     s2, 0xc5ff5
core   0: 3 0x80010440 (0xc5ff5937) x18 0xc5ff5000
core   0: 0x80010444 (0x01c25d13) srli    s10, tp, 28
core   0: 3 0x80010444 (0x01c25d13) x26 0x00000000
core   0: 0x80010448 (0x00000013) nop
core   0: 3 0x80010448 (0x00000013)
core   0: 0x8001044c (0x006e1c93) slli    s9, t3, 6
core   0: 3 0x8001044c (0x006e1c93) x25 0x00000000
core   0: 0x80010450 (0x00005297) auipc   t0, 0x5
core   0: 3 0x80010450 (0x00005297) x 5 0x80015450
core   0: 0x80010454 (0x5bf28293) addi    t0, t0, 1471
core   0: 3 0x80010454 (0x5bf28293) x 5 0x80015a0f
core   0: 0x80010458 (0xff92da03) lhu     s4, -7(t0)
core   0: 3 0x80010458 (0xff92da03) x20 0x0000c2c3 mem 0x80015a08
core   0: 0x8001045c (0xfdd28603) lb      a2, -35(t0)
core   0: 3 0x8001045c (0xfdd28603) x12 0xffffffe2 mem 0x800159ec
core   0: 0x80010460 (0xff12a0a3) sw      a7, -31(t0)
core   0: 3 0x80010460 (0xff12a0a3) mem 0x800159f0 0xe3ca8eca
core   0: 0x80010464 (0x7dcd9397) auipc   t2, 0x7dcd9
core   0: 3 0x80010464 (0x7dcd9397) x 7 0xfdce9464
core   0: 0x80010468 (0x013c2eb3) slt     t4, s8, s3
core   0: 3 0x80010468 (0x013c2eb3) x29 0x00000000
core   0: 0x8001046c (0x0eda0013) addi    zero, s4, 237
core   0: 3 0x8001046c (0x0eda0013)
core   0: 0x80010470 (0x02828703) lb      a4, 40(t0)
core   0: 3 0x80010470 (0x02828703) x14 0xffffffec mem 0x80015a37
core   0: 0x80010474 (0x31cb2a93) slti    s5, s6, 796
core   0: 3 0x80010474 (0x31cb2a93) x21 0x00000001
core   0: 0x80010478 (0xfd62a0a3) sw      s6, -63(t0)
core   0: 3 0x80010478 (0xfd62a0a3) mem 0x800159d0 0x00000102
core   0: 0x8001047c (0xffa28d83) lb      s11, -6(t0)
core   0: 3 0x8001047c (0xffa28d83) x27 0xffffffc2 mem 0x80015a09
core   0: 0x80010480 (0xfc928d23) sb      s1, -38(t0)
core   0: 3 0x80010480 (0xfc928d23) mem 0x800159e9 0xb5
core   0: 0x80010484 (0x0009fcb3) and     s9, s3, zero
core   0: 3 0x80010484 (0x0009fcb3) x25 0x00000000
core   0: 0x80010488 (0xcf013a13) sltiu   s4, sp, -784
core   0: 3 0x80010488 (0xcf013a13) x20 0x00000001
core   0: 0x8001048c (0x9acecd93) xori    s11, t4, -1620
core   0: 3 0x8001048c (0x9acecd93) x27 0xfffff9ac
core   0: 0x80010490 (0xd8ab6737) lui     a4, 0xd8ab6
core   0: 3 0x80010490 (0xd8ab6737) x14 0xd8ab6000
core   0: 0x80010494 (0x55b87e93) andi    t4, a6, 1371
core   0: 3 0x80010494 (0x55b87e93) x29 0x00000158
core   0: 0x80010498 (0x0000100f) fence.i
core   0: 3 0x80010498 (0x0000100f)
core   0: 0x8001049c (0xffd28aa3) sb      t4, -11(t0)
core   0: 3 0x8001049c (0xffd28aa3) mem 0x80015a04 0x58
core   0: 0x800104a0 (0x0000100f) fence.i
core   0: 3 0x800104a0 (0x0000100f)
core   0: 0x800104a4 (0x000b1c13) slli    s8, s6, 0
core   0: 3 0x800104a4 (0x000b1c13) x24 0x00000102
core   0: 0x800104a8 (0xff52dd03) lhu     s10, -11(t0)
core   0: 3 0x800104a8 (0xff52dd03) x26 0x0000be58 mem 0x80015a04
core   0: 0x800104ac (0x0069d933) srl     s2, s3, t1
core   0: 3 0x800104ac (0x0069d933) x18 0x00000008
core   0: 0x800104b0 (0xfd328ba3) sb      s3, -41(t0)
core   0: 3 0x800104b0 (0xfd328ba3) mem 0x800159e6 0x58
core   0: 0x800104b4 (0xfe1286a3) sb      ra, -19(t0)
core   0: 3 0x800104b4 (0xfe1286a3) mem 0x800159fc 0x7c
core   0: 0x800104b8 (0xfdf28f83) lb      t6, -33(t0)
core   0: 3 0x800104b8 (0xfdf28f83) x31 0x00000000 mem 0x800159ee
core   0: 0x800104bc (0x01128823) sb      a7, 16(t0)
core   0: 3 0x800104bc (0x01128823) mem 0x80015a1f 0xca
core   0: 0x800104c0 (0x006f1a33) sll     s4, t5, t1
core   0: 3 0x800104c0 (0x006f1a33) x20 0x00000000
core   0: 0x800104c4 (0xfd628ca3) sb      s6, -39(t0)
core   0: 3 0x800104c4 (0xfd628ca3) mem 0x800159e8 0x2
core   0: 0x800104c8 (0x00016317) auipc   t1, 0x16
core   0: 3 0x800104c8 (0x00016317) x 6 0x800264c8
core   0: 0x800104cc (0x81730313) addi    t1, t1, -2025
core   0: 3 0x800104cc (0x81730313) x 6 0x80025cdf
core   0: 0x800104d0 (0xfe630823) sb      t1, -16(t1)
core   0: 3 0x800104d0 (0xfe630823) mem 0x80025ccf 0xdf
core   0: 0x800104d4 (0xff030283) lb      t0, -16(t1)
core   0: 3 0x800104d4 (0xff030283) x 5 0xffffffdf mem 0x80025ccf
core   0: 0x800104d8 (0x0000100f) fence.i
core   0: 3 0x800104d8 (0x0000100f)
core   0: 0x800104dc (0x00b30803) lb      a6, 11(t1)
core   0: 3 0x800104dc (0x00b30803) x16 0xffffffa1 mem 0x80025cea
core   0: 0x800104e0 (0x003305a3) sb      gp, 11(t1)
core   0: 3 0x800104e0 (0x003305a3) mem 0x80025cea 0xd9
core   0: 0x800104e4 (0xfe230d23) sb      sp, -6(t1)
core   0: 3 0x800104e4 (0xfe230d23) mem 0x80025cd9 0xe4
core   0: 0x800104e8 (0x7ddaca13) xori    s4, s5, 2013
core   0: 3 0x800104e8 (0x7ddaca13) x20 0x000007dc
core   0: 0x800104ec (0xff130d23) sb      a7, -6(t1)
core   0: 3 0x800104ec (0xff130d23) mem 0x80025cd9 0xca
core   0: 0x800104f0 (0x00419813) slli    a6, gp, 4
core   0: 3 0x800104f0 (0x00419813) x16 0x002f4d90
core   0: 0x800104f4 (0x00f424b3) slt     s1, s0, a5
core   0: 3 0x800104f4 (0x00f424b3) x 9 0x00000000
core   0: 0x800104f8 (0xff030703) lb      a4, -16(t1)
core   0: 3 0x800104f8 (0xff030703) x14 0xffffffdf mem 0x80025ccf
core   0: 0x800104fc (0xffa34903) lbu     s2, -6(t1)
core   0: 3 0x800104fc (0xffa34903) x18 0x000000ca mem 0x80025cd9
core   0: 0x80010500 (0x018043b3) xor     t2, zero, s8
core   0: 3 0x80010500 (0x018043b3) x 7 0x00000102
core   0: 0x80010504 (0x00251cb3) sll     s9, a0, sp
core   0: 3 0x80010504 (0x00251cb3) x25 0xccdcecf0
core   0: 0x80010508 (0x00c34883) lbu     a7, 12(t1)
core   0: 3 0x80010508 (0x00c34883) x17 0x000000a0 mem 0x80025ceb
core   0: 0x8001050c (0x00c30883) lb      a7, 12(t1)
core   0: 3 0x8001050c (0x00c30883) x17 0xffffffa0 mem 0x80025ceb
core   0: 0x80010510 (0x00c30b03) lb      s6, 12(t1)
core   0: 3 0x80010510 (0x00c30b03) x22 0xffffffa0 mem 0x80025ceb
core   0: 0x80010514 (0x00015f97) auipc   t6, 0x15
core   0: 3 0x80010514 (0x00015f97) x31 0x80025514
core   0: 0x80010518 (0xc26f8f93) addi    t6, t6, -986
core   0: 3 0x80010518 (0xc26f8f93) x31 0x8002513a
core   0: 0x8001051c (0xfe2f8483) lb      s1, -30(t6)
core   0: 3 0x8001051c (0xfe2f8483) x 9 0xffffffd7 mem 0x8002511c
core   0: 0x80010520 (0xfc6f89a3) sb      t1, -45(t6)
core   0: 3 0x80010520 (0xfc6f89a3) mem 0x8002510d 0xdf
core   0: 0x80010524 (0xffef8e83) lb      t4, -2(t6)
core   0: 3 0x80010524 (0xffef8e83) x29 0xfffffff3 mem 0x80025138
core   0: 0x80010528 (0x413f8f33) sub     t5, t6, s3
core   0: 3 0x80010528 (0x413f8f33) x30 0xffffa2e2
core   0: 0x8001052c (0xb6773a13) sltiu   s4, a4, -1177
core   0: 3 0x8001052c (0xb6773a13) x20 0x00000000
core   0: 0x80010530 (0x7c663eb7) lui     t4, 0x7c663
core   0: 3 0x80010530 (0x7c663eb7) x29 0x7c663000
core   0: 0x80010534 (0xfe0f8923) sb      zero, -14(t6)
core   0: 3 0x80010534 (0xfe0f8923) mem 0x8002512c 0x0
core   0: 0x80010538 (0xfdaf9d83) lh      s11, -38(t6)
core   0: 3 0x80010538 (0xfdaf9d83) x27 0xffffcecf mem 0x80025114
core   0: 0x8001053c (0x01479d93) slli    s11, a5, 20
core   0: 3 0x8001053c (0x01479d93) x27 0xce500000
core   0: 0x80010540 (0xef664393) xori    t2, a2, -266
core   0: 3 0x80010540 (0xef664393) x 7 0x00000114
core   0: 0x80010544 (0x000fd803) lhu     a6, 0(t6)
core   0: 3 0x80010544 (0x000fd803) x16 0x0000f0f1 mem 0x8002513a
core   0: 0x80010548 (0xfe2fcf03) lbu     t5, -30(t6)
core   0: 3 0x80010548 (0xfe2fcf03) x30 0x000000d7 mem 0x8002511c
core   0: 0x8001054c (0xc169c713) xori    a4, s3, -1002
core   0: 3 0x8001054c (0xc169c713) x14 0x7ffd524e
core   0: 0x80010550 (0xfc7f9c23) sh      t2, -40(t6)
core   0: 3 0x80010550 (0xfc7f9c23) mem 0x80025112 0x0114
core   0: 0x80010554 (0x00ecbdb3) sltu    s11, s9, a4
core   0: 3 0x80010554 (0x00ecbdb3) x27 0x00000000
core   0: 0x80010558 (0x63f00a93) li      s5, 1599
core   0: 3 0x80010558 (0x63f00a93) x21 0x0000063f
core   0: 0x8001055c (0x012b5933) srl     s2, s6, s2
core   0: 3 0x8001055c (0x012b5933) x18 0x003fffff
core   0: 0x80010560 (0x007c3b33) sltu    s6, s8, t2
core   0: 3 0x80010560 (0x007c3b33) x22 0x00000001
core   0: 0x80010564 (0xfebfab23) sw      a1, -10(t6)
core   0: 3 0x80010564 (0xfebfab23) mem 0x80025130 0x8002f4d9
core   0: 0x80010568 (0x03cf9923) sh      t3, 50(t6)
core   0: 3 0x80010568 (0x03cf9923) mem 0x8002516c 0x0000
core   0: 0x8001056c (0x4bb50d37) lui     s10, 0x4bb50
core   0: 3 0x8001056c (0x4bb50d37) x26 0x4bb50000
core   0: 0x80010570 (0x019300b3) add     ra, t1, s9
core   0: 3 0x80010570 (0x019300b3) x 1 0x4cdf49cf
core   0: 0x80010574 (0xfe1f8723) sb      ra, -18(t6)
core   0: 3 0x80010574 (0xfe1f8723) mem 0x80025128 0xcf
core   0: 0x80010578 (0x0ff0000f) fence   iorw,iorw
core   0: 3 0x80010578 (0x0ff0000f)
core   0: 0x8001057c (0x029fc283) lbu     t0, 41(t6)
core   0: 3 0x8001057c (0x029fc283) x 5 0x00000018 mem 0x80025163
core   0: 0x80010580 (0x0000100f) fence.i
core   0: 3 0x80010580 (0x0000100f)
core   0: 0x80010584 (0x010fdd83) lhu     s11, 16(t6)
core   0: 3 0x80010584 (0x010fdd83) x27 0x00000001 mem 0x8002514a
core   0: 0x80010588 (0x001cc5b3) xor     a1, s9, ra
core   0: 3 0x80010588 (0x001cc5b3) x11 0x8003a53f
core   0: 0x8001058c (0xa5be2213) slti    tp, t3, -1445
core   0: 3 0x8001058c (0xa5be2213) x 4 0x00000000
core   0: 0x80010590 (0x0102d493) srli    s1, t0, 16
core   0: 3 0x80010590 (0x0102d493) x 9 0x00000000
core   0: 0x80010594 (0xfd7f8583) lb      a1, -41(t6)
core   0: 3 0x80010594 (0xfd7f8583) x11 0xffffffca mem 0x80025111
core   0: 0x80010598 (0x013f8d83) lb      s11, 19(t6)
core   0: 3 0x80010598 (0x013f8d83) x27 0x00000006 mem 0x8002514d
core   0: 0x8001059c (0xfdcf8283) lb      t0, -36(t6)
core   0: 3 0x8001059c (0xfdcf8283) x 5 0xffffffcd mem 0x80025116
core   0: 0x800105a0 (0x0060f2b3) and     t0, ra, t1
core   0: 3 0x800105a0 (0x0060f2b3) x 5 0x000248cf
core   0: 0x800105a4 (0x0164da13) srli    s4, s1, 22
core   0: 3 0x800105a4 (0x0164da13) x20 0x00000000
core   0: 0x800105a8 (0x00000013) nop
core   0: 3 0x800105a8 (0x00000013)
core   0: 0x800105ac (0x03df8903) lb      s2, 61(t6)
core   0: 3 0x800105ac (0x03df8903) x18 0x0000002c mem 0x80025177
core   0: 0x800105b0 (0x01efc803) lbu     a6, 30(t6)
core   0: 3 0x800105b0 (0x01efc803) x16 0x00000013 mem 0x80025158
core   0: 0x800105b4 (0xfc9fc003) lbu     zero, -55(t6)
core   0: 3 0x800105b4 (0xfc9fc003) mem 0x80025103
core   0: 0x800105b8 (0x0117fc33) and     s8, a5, a7
core   0: 3 0x800105b8 (0x0117fc33) x24 0x8002eca0
core   0: 0x800105bc (0x9b40a713) slti    a4, ra, -1612
core   0: 3 0x800105bc (0x9b40a713) x14 0x00000000
core   0: 0x800105c0 (0x02cf81a3) sb      a2, 35(t6)
core   0: 3 0x800105c0 (0x02cf81a3) mem 0x8002515d 0xe2
core   0: 0x800105c4 (0xfd8f8e03) lb      t3, -40(t6)
core   0: 3 0x800105c4 (0xfd8f8e03) x28 0x00000014 mem 0x80025112
core   0: 0x800105c8 (0x00041633) sll     a2, s0, zero
core   0: 3 0x800105c8 (0x00041633) x12 0x00000001
core   0: 0x800105cc (0x021f8d03) lb      s10, 33(t6)
core   0: 3 0x800105cc (0x021f8d03) x26 0x00000010 mem 0x8002515b
core   0: 0x800105d0 (0xff5fce03) lbu     t3, -11(t6)
core   0: 3 0x800105d0 (0xff5fce03) x28 0x000000e4 mem 0x8002512f
core   0: 0x800105d4 (0x24ba0897) auipc   a7, 0x24ba0
core   0: 3 0x800105d4 (0x24ba0897) x17 0xa4bb05d4
core   0: 0x800105d8 (0x0075a2b3) slt     t0, a1, t2
core   0: 3 0x800105d8 (0x0075a2b3) x 5 0x00000001
core   0: 0x800105dc (0xfc4f8903) lb      s2, -60(t6)
core   0: 3 0x800105dc (0xfc4f8903) x18 0xffffffb5 mem 0x800250fe
core   0: 0x800105e0 (0x017f8803) lb      a6, 23(t6)
core   0: 3 0x800105e0 (0x017f8803) x16 0x0000000a mem 0x80025151
core   0: 0x800105e4 (0x0008c4b3) xor     s1, a7, zero
core   0: 3 0x800105e4 (0x0008c4b3) x 9 0xa4bb05d4
core   0: 0x800105e8 (0x026f8fa3) sb      t1, 63(t6)
core   0: 3 0x800105e8 (0x026f8fa3) mem 0x80025179 0xdf
core   0: 0x800105ec (0x00007317) auipc   t1, 0x7
core   0: 3 0x800105ec (0x00007317) x 6 0x800175ec
core   0: 0x800105f0 (0xb0030313) addi    t1, t1, -1280
core   0: 3 0x800105f0 (0xb0030313) x 6 0x800170ec
core   0: 0x800105f4 (0x803f0513) addi    a0, t5, -2045
core   0: 3 0x800105f4 (0x803f0513) x10 0xfffff8da
core   0: 0x800105f8 (0xf4e30d83) lb      s11, -178(t1)
core   0: 3 0x800105f8 (0xf4e30d83) x27 0xfffffff1 mem 0x8001703a
core   0: 0x800105fc (0xf4e34383) lbu     t2, -178(t1)
core   0: 3 0x800105fc (0xf4e34383) x 7 0x000000f1 mem 0x8001703a
core   0: 0x80010600 (0xf5331723) sh      s3, -178(t1)
core   0: 3 0x80010600 (0xf5331723) mem 0x8001703a 0xae58
core   0: 0x80010604 (0xf2634783) lbu     a5, -218(t1)
core   0: 3 0x80010604 (0xf2634783) x15 0x000000c9 mem 0x80017012
core   0: 0x80010608 (0x00051613) slli    a2, a0, 0
core   0: 3 0x80010608 (0x00051613) x12 0xfffff8da
core   0: 0x8001060c (0xf2630a83) lb      s5, -218(t1)
core   0: 3 0x8001060c (0xf2630a83) x21 0xffffffc9 mem 0x80017012
core   0: 0x80010610 (0x08b34d83) lbu     s11, 139(t1)
core   0: 3 0x80010610 (0x08b34d83) x27 0x0000002c mem 0x80017177
core   0: 0x80010614 (0x02930883) lb      a7, 41(t1)
core   0: 3 0x80010614 (0x02930883) x17 0xffffffce mem 0x80017115
core   0: 0x80010618 (0x02930703) lb      a4, 41(t1)
core   0: 3 0x80010618 (0x02930703) x14 0xffffffce mem 0x80017115
core   0: 0x8001061c (0x02930083) lb      ra, 41(t1)
core   0: 3 0x8001061c (0x02930083) x 1 0xffffffce mem 0x80017115
core   0: 0x80010620 (0x0be31d83) lh      s11, 190(t1)
core   0: 3 0x80010620 (0x0be31d83) x27 0x00006061 mem 0x800171aa
core   0: 0x80010624 (0x0be31f23) sh      t5, 190(t1)
core   0: 3 0x80010624 (0x0be31f23) mem 0x800171aa 0x00d7
core   0: 0x80010628 (0xf6030183) lb      gp, -160(t1)
core   0: 3 0x80010628 (0xf6030183) x 3 0x00000007 mem 0x8001704c
core   0: 0x8001062c (0xfaf30d83) lb      s11, -81(t1)
core   0: 3 0x8001062c (0xfaf30d83) x27 0x00000050 mem 0x8001709b
core   0: 0x80010630 (0x00d34f83) lbu     t6, 13(t1)
core   0: 3 0x80010630 (0x00d34f83) x31 0x000000b2 mem 0x800170f9
core   0: 0x80010634 (0x05b30a03) lb      s4, 91(t1)
core   0: 3 0x80010634 (0x05b30a03) x20 0xfffffffc mem 0x80017147
core   0: 0x80010638 (0xa473ec13) ori     s8, t2, -1465
core   0: 3 0x80010638 (0xa473ec13) x24 0xfffffaf7
core   0: 0x8001063c (0x05b34c83) lbu     s9, 91(t1)
core   0: 3 0x8001063c (0x05b34c83) x25 0x000000fc mem 0x80017147
core   0: 0x80010640 (0x0000df97) auipc   t6, 0xd
core   0: 3 0x80010640 (0x0000df97) x31 0x8001d640
core   0: 0x80010644 (0xe44f8f93) addi    t6, t6, -444
core   0: 3 0x80010644 (0xe44f8f93) x31 0x8001d484
core   0: 0x80010648 (0x0ff0000f) fence   iorw,iorw
core   0: 3 0x80010648 (0x0ff0000f)
core   0: 0x8001064c (0xfdcfdf03) lhu     t5, -36(t6)
core   0: 3 0x8001064c (0xfdcfdf03) x30 0x00001a1b mem 0x8001d460
core   0: 0x80010650 (0x01cf84a3) sb      t3, 9(t6)
core   0: 3 0x80010650 (0x01cf84a3) mem 0x8001d48d 0xe4
core   0: 0x80010654 (0xa87aee93) ori     t4, s5, -1401
core   0: 3 0x80010654 (0xa87aee93) x29 0xffffffcf
core   0: 0x80010658 (0x54c8ba13) sltiu   s4, a7, 1356
core   0: 3 0x80010658 (0x54c8ba13) x20 0x00000000
core   0: 0x8001065c (0xff7f8a03) lb      s4, -9(t6)
core   0: 3 0x8001065c (0xff7f8a03) x20 0x00000030 mem 0x8001d47b
core   0: 0x80010660 (0x0110da13) srli    s4, ra, 17
core   0: 3 0x80010660 (0x0110da13) x20 0x00007fff
core   0: 0x80010664 (0x01309a33) sll     s4, ra, s3
core   0: 3 0x80010664 (0x01309a33) x20 0xce000000
core   0: 0x80010668 (0x03ef86a3) sb      t5, 45(t6)
core   0: 3 0x80010668 (0x03ef86a3) mem 0x8001d4b1 0x1b
core   0: 0x8001066c (0x01c6fbb3) and     s7, a3, t3
core   0: 3 0x8001066c (0x01c6fbb3) x23 0x00000000
core   0: 0x80010670 (0x008fce83) lbu     t4, 8(t6)
core   0: 3 0x80010670 (0x008fce83) x29 0x000000a5 mem 0x8001d48c
core   0: 0x80010674 (0xff9fc383) lbu     t2, -7(t6)
core   0: 3 0x80010674 (0xff9fc383) x 7 0x00000036 mem 0x8001d47d
core   0: 0x80010678 (0x028fc503) lbu     a0, 40(t6)
core   0: 3 0x80010678 (0x028fc503) x10 0x00000067 mem 0x8001d4ac
core   0: 0x8001067c (0xfd6f8a03) lb      s4, -42(t6)
core   0: 3 0x8001067c (0xfd6f8a03) x20 0x00000011 mem 0x8001d45a
core   0: 0x80010680 (0xfe9fc583) lbu     a1, -23(t6)
core   0: 3 0x80010680 (0xfe9fc583) x11 0x00000026 mem 0x8001d46d
core   0: 0x80010684 (0x017bd833) srl     a6, s7, s7
core   0: 3 0x80010684 (0x017bd833) x16 0x00000000
core   0: 0x80010688 (0x003fc003) lbu     zero, 3(t6)
core   0: 3 0x80010688 (0x003fc003) mem 0x8001d487
core   0: 0x8001068c (0x02df8aa3) sb      a3, 53(t6)
core   0: 3 0x8001068c (0x02df8aa3) mem 0x8001d4b9 0x0
core   0: 0x80010690 (0x004b1413) slli    s0, s6, 4
core   0: 3 0x80010690 (0x004b1413) x 8 0x00000010
core   0: 0x80010694 (0xe210b1b7) lui     gp, 0xe210b
core   0: 3 0x80010694 (0xe210b1b7) x 3 0xe210b000
core   0: 0x80010698 (0x4100d033) sra     zero, ra, a6
core   0: 3 0x80010698 (0x4100d033)
core   0: 0x8001069c (0x003a9e13) slli    t3, s5, 3
core   0: 3 0x8001069c (0x003a9e13) x28 0xfffffe48
core   0: 0x800106a0 (0x0000100f) fence.i
core   0: 3 0x800106a0 (0x0000100f)
core   0: 0x800106a4 (0x0031bdb3) sltu    s11, gp, gp
core   0: 3 0x800106a4 (0x0031bdb3) x27 0x00000000
core   0: 0x800106a8 (0xfdcfad83) lw      s11, -36(t6)
core   0: 3 0x800106a8 (0xfdcfad83) x27 0x18191a1b mem 0x8001d460
core   0: 0x800106ac (0x01cf8ba3) sb      t3, 23(t6)
core   0: 3 0x800106ac (0x01cf8ba3) mem 0x8001d49b 0x48
core   0: 0x800106b0 (0xfdbfc503) lbu     a0, -37(t6)
core   0: 3 0x800106b0 (0xfdbfc503) x10 0x00000014 mem 0x8001d45f
core   0: 0x800106b4 (0xaaa97413) andi    s0, s2, -1366
core   0: 3 0x800106b4 (0xaaa97413) x 8 0xfffffaa0
core   0: 0x800106b8 (0x0000100f) fence.i
core   0: 3 0x800106b8 (0x0000100f)
core   0: 0x800106bc (0x02bfca83) lbu     s5, 43(t6)
core   0: 3 0x800106bc (0x02bfca83) x21 0x00000028 mem 0x8001d4af
core   0: 0x800106c0 (0x002fde83) lhu     t4, 2(t6)
core   0: 3 0x800106c0 (0x002fde83) x29 0x00003c3d mem 0x8001d486
core   0: 0x800106c4 (0x77f78793) addi    a5, a5, 1919
core   0: 3 0x800106c4 (0x77f78793) x15 0x00000848
core   0: 0x800106c8 (0x027f8583) lb      a1, 39(t6)
core   0: 3 0x800106c8 (0x027f8583) x11 0x00000060 mem 0x8001d4ab
core   0: 0x800106cc (0x0ff0000f) fence   iorw,iorw
core   0: 3 0x800106cc (0x0ff0000f)
core   0: 0x800106d0 (0x019fc903) lbu     s2, 25(t6)
core   0: 3 0x800106d0 (0x019fc903) x18 0x0000009c mem 0x8001d49d
core   0: 0x800106d4 (0xfdaf8ba3) sb      s10, -41(t6)
core   0: 3 0x800106d4 (0xfdaf8ba3) mem 0x8001d45b 0x10
core   0: 0x800106d8 (0x03af82a3) sb      s10, 37(t6)
core   0: 3 0x800106d8 (0x03af82a3) mem 0x8001d4a9 0x10
core   0: 0x800106dc (0x03ff8883) lb      a7, 63(t6)
core   0: 3 0x800106dc (0x03ff8883) x17 0x00000078 mem 0x8001d4c3
core   0: 0x800106e0 (0xffaf8c23) sb      s10, -8(t6)
core   0: 3 0x800106e0 (0xffaf8c23) mem 0x8001d47c 0x10
core   0: 0x800106e4 (0x02df8883) lb      a7, 45(t6)
core   0: 3 0x800106e4 (0x02df8883) x17 0x0000001b mem 0x8001d4b1
core   0: 0x800106e8 (0x00012597) auipc   a1, 0x12
core   0: 3 0x800106e8 (0x00012597) x11 0x800226e8
core   0: 0x800106ec (0xa8358593) addi    a1, a1, -1405
core   0: 3 0x800106ec (0xa8358593) x11 0x8002216b
core   0: 0x800106f0 (0x0000d717) auipc   a4, 0xd
core   0: 3 0x800106f0 (0x0000d717) x14 0x8001d6f0
core   0: 0x800106f4 (0x62d70713) addi    a4, a4, 1581
core   0: 3 0x800106f4 (0x62d70713) x14 0x8001dd1d
core   0: 0x800106f8 (0x00274083) lbu     ra, 2(a4)
core   0: 3 0x800106f8 (0x00274083) x 1 0x000000d4 mem 0x8001dd1f
core   0: 0x800106fc (0x00013d17) auipc   s10, 0x13
core   0: 3 0x800106fc (0x00013d17) x26 0x800236fc
core   0: 0x80010700 (0x3edd0d13) addi    s10, s10, 1005
core   0: 3 0x80010700 (0x3edd0d13) x26 0x80023ae9
core   0: 0x80010704 (0x00013f17) auipc   t5, 0x13
core   0: 3 0x80010704 (0x00013f17) x30 0x80023704
core   0: 0x80010708 (0x498f0f13) addi    t5, t5, 1176
core   0: 3 0x80010708 (0x498f0f13) x30 0x80023b9c
core   0: 0x8001070c (0xfc45ca03) lbu     s4, -60(a1)
core   0: 3 0x8001070c (0xfc45ca03) x20 0x000000e4 mem 0x8002212f
core   0: 0x80010710 (0xfff72383) lw      t2, -1(a4)
core   0: 3 0x80010710 (0xfff72383) x 7 0xd4d5d6d7 mem 0x8001dd1c
core   0: 0x80010714 (0xebcf2183) lw      gp, -324(t5)
core   0: 3 0x80010714 (0xebcf2183) x 3 0x10111213 mem 0x80023a58
core   0: 0x80010718 (0x0c65c803) lbu     a6, 198(a1)
core   0: 3 0x80010718 (0x0c65c803) x16 0x000000ea mem 0x80022231
core   0: 0x8001071c (0x678d18a3) sh      s8, 1649(s10)
core   0: 3 0x8001071c (0x678d18a3) mem 0x8002415a 0xfaf7
core   0: 0x80010720 (0xfaf5c883) lbu     a7, -81(a1)
core   0: 3 0x80010720 (0xfaf5c883) x17 0x000000d1 mem 0x8002211a
core   0: 0x80010724 (0x017721a3) sw      s7, 3(a4)
core   0: 3 0x80010724 (0x017721a3) mem 0x8001dd20 0x00000000
core   0: 0x80010728 (0x91bf0da3) sb      s11, -1765(t5)
core   0: 3 0x80010728 (0x91bf0da3) mem 0x800234b7 0x1b
core   0: 0x8001072c (0x012704a3) sb      s2, 9(a4)
core   0: 3 0x8001072c (0x012704a3) mem 0x8001dd26 0x9c
core   0: 0x80010730 (0x91fd12a3) sh      t6, -1787(s10)
core   0: 3 0x80010730 (0x91fd12a3) mem 0x800233ee 0xd484
core   0: 0x80010734 (0xc48f4a03) lbu     s4, -952(t5)
core   0: 3 0x80010734 (0xc48f4a03) x20 0x0000009f mem 0x800237e4
core   0: 0x80010738 (0x2baf03a3) sb      s10, 679(t5)
core   0: 3 0x80010738 (0x2baf03a3) mem 0x80023e43 0xe9
core   0: 0x8001073c (0xb3ef1b23) sh      t5, -1226(t5)
core   0: 3 0x8001073c (0xb3ef1b23) mem 0x800236d2 0x3b9c
core   0: 0x80010740 (0x07058323) sb      a6, 102(a1)
core   0: 3 0x80010740 (0x07058323) mem 0x800221d1 0xea
core   0: 0x80010744 (0xff572da3) sw      s5, -5(a4)
core   0: 3 0x80010744 (0xff572da3) mem 0x8001dd18 0x00000028
core   0: 0x80010748 (0xde7f0283) lb      t0, -537(t5)
core   0: 3 0x80010748 (0xde7f0283) x 5 0xffffffff mem 0x80023983
core   0: 0x8001074c (0x0b458503) lb      a0, 180(a1)
core   0: 3 0x8001074c (0x0b458503) x10 0xffffffd4 mem 0x8002221f
core   0: 0x80010750 (0xacbd5903) lhu     s2, -1333(s10)
core   0: 3 0x80010750 (0xacbd5903) x18 0x00006e6f mem 0x800235b4
core   0: 0x80010754 (0x9c9f0223) sb      s1, -1596(t5)
core   0: 3 0x80010754 (0x9c9f0223) mem 0x80023560 0xd4
core   0: 0x80010758 (0x71ef0fa3) sb      t5, 1823(t5)
core   0: 3 0x80010758 (0x71ef0fa3) mem 0x800242bb 0x9c
core   0: 0x8001075c (0xff274403) lbu     s0, -14(a4)
core   0: 3 0x8001075c (0xff274403) x 8 0x000000c4 mem 0x8001dd0f
core   0: 0x80010760 (0x2c0d0a03) lb      s4, 704(s10)
core   0: 3 0x80010760 (0x2c0d0a03) x20 0x00000062 mem 0x80023da9
core   0: 0x80010764 (0x25cd25a3) sw      t3, 587(s10)
core   0: 3 0x80010764 (0x25cd25a3) mem 0x80023d34 0xfffffe48
core   0: 0x80010768 (0xfe871ca3) sh      s0, -7(a4)
core   0: 3 0x80010768 (0xfe871ca3) mem 0x8001dd16 0x00c4
core   0: 0x8001076c (0x58ed0303) lb      t1, 1422(s10)
core   0: 3 0x8001076c (0x58ed0303) x 6 0x0000002c mem 0x80024077
core   0: 0x80010770 (0x858d4783) lbu     a5, -1960(s10)
core   0: 3 0x80010770 (0x858d4783) x15 0x000000fa mem 0x80023341
core   0: 0x80010774 (0x0ea58423) sb      a0, 232(a1)
core   0: 3 0x80010774 (0x0ea58423) mem 0x80022253 0xd4
core   0: 0x80010778 (0x09258e03) lb      t3, 146(a1)
core   0: 3 0x80010778 (0x09258e03) x28 0xffffffb6 mem 0x800221fd
core   0: 0x8001077c (0x00c70503) lb      a0, 12(a4)
core   0: 3 0x8001077c (0x00c70503) x10 0xffffffe2 mem 0x8001dd29
core   0: 0x80010780 (0x0415ae03) lw      t3, 65(a1)
core   0: 3 0x80010780 (0x0415ae03) x28 0x64656667 mem 0x800221ac
core   0: 0x80010784 (0x345d0783) lb      a5, 837(s10)
core   0: 3 0x80010784 (0x345d0783) x15 0xffffffe5 mem 0x80023e2e
core   0: 0x80010788 (0x258f1d83) lh      s11, 600(t5)
core   0: 3 0x80010788 (0x258f1d83) x27 0x00003faf mem 0x80023df4
core   0: 0x8001078c (0x00270883) lb      a7, 2(a4)
core   0: 3 0x8001078c (0x00270883) x17 0xffffffd4 mem 0x8001dd1f
core   0: 0x80010790 (0x72df0b83) lb      s7, 1837(t5)
core   0: 3 0x80010790 (0x72df0b83) x23 0xffffff82 mem 0x800242c9
core   0: 0x80010794 (0x332d4783) lbu     a5, 818(s10)
core   0: 3 0x80010794 (0x332d4783) x15 0x000000d0 mem 0x80023e1b
core   0: 0x80010798 (0x0765c503) lbu     a0, 118(a1)
core   0: 3 0x80010798 (0x0765c503) x10 0x0000009a mem 0x800221e1
core   0: 0x8001079c (0xbd2d0223) sb      s2, -1084(s10)
core   0: 3 0x8001079c (0xbd2d0223) mem 0x800236ad 0x6f
core   0: 0x800107a0 (0x00005197) auipc   gp, 0x5
core   0: 3 0x800107a0 (0x00005197) x 3 0x800157a0
core   0: 0x800107a4 (0x76918193) addi    gp, gp, 1897
core   0: 3 0x800107a4 (0x76918193) x 3 0x80015f09
core   0: 0x800107a8 (0x00318223) sb      gp, 4(gp)
core   0: 3 0x800107a8 (0x00318223) mem 0x80015f0d 0x9
core   0: 0x800107ac (0x01418123) sb      s4, 2(gp)
core   0: 3 0x800107ac (0x01418123) mem 0x80015f0b 0x62
core   0: 0x800107b0 (0x01118123) sb      a7, 2(gp)
core   0: 3 0x800107b0 (0x01118123) mem 0x80015f0b 0xd4
core   0: 0x800107b4 (0x00a18123) sb      a0, 2(gp)
core   0: 3 0x800107b4 (0x00a18123) mem 0x80015f0b 0x9a
core   0: 0x800107b8 (0x017ad493) srli    s1, s5, 23
core   0: 3 0x800107b8 (0x017ad493) x 9 0x00000000
core   0: 0x800107bc (0x95cffa93) andi    s5, t6, -1700
core   0: 3 0x800107bc (0x95cffa93) x21 0x8001d004
core   0: 0x800107c0 (0x0021c583) lbu     a1, 2(gp)
core   0: 3 0x800107c0 (0x0021c583) x11 0x0000009a mem 0x80015f0b
core   0: 0x800107c4 (0xff618903) lb      s2, -10(gp)
core   0: 3 0x800107c4 (0xff618903) x18 0xffffffb4 mem 0x80015eff
core   0: 0x800107c8 (0x00b1a883) lw      a7, 11(gp)
core   0: 3 0x800107c8 (0x00b1a883) x17 0xcc93cecf mem 0x80015f14
core   0: 0x800107cc (0xff518583) lb      a1, -11(gp)
core   0: 3 0x800107cc (0xff518583) x11 0xffffffb5 mem 0x80015efe
core   0: 0x800107d0 (0xff519d83) lh      s11, -11(gp)
core   0: 3 0x800107d0 (0xff519d83) x27 0xffffb4b5 mem 0x80015efe
core   0: 0x800107d4 (0xffc18303) lb      t1, -4(gp)
core   0: 3 0x800107d4 (0xffc18303) x 6 0xffffffbe mem 0x80015f05
core   0: 0x800107d8 (0x00e1cb83) lbu     s7, 14(gp)
core   0: 3 0x800107d8 (0x00e1cb83) x23 0x000000cc mem 0x80015f17
core   0: 0x800107dc (0x00005e17) auipc   t3, 0x5
core   0: 3 0x800107dc (0x00005e17) x28 0x800157dc
core   0: 0x800107e0 (0x156e0e13) addi    t3, t3, 342
core   0: 3 0x800107e0 (0x156e0e13) x28 0x80015932
core   0: 0x800107e4 (0xf7ce1083) lh      ra, -132(t3)
core   0: 3 0x800107e4 (0xf7ce1083) x 1 0x00006465 mem 0x800158ae
core   0: 0x800107e8 (0x41678a33) sub     s4, a5, s6
core   0: 3 0x800107e8 (0x41678a33) x20 0x000000cf
core   0: 0x800107ec (0x01deb7b3) sltu    a5, t4, t4
core   0: 3 0x800107ec (0x01deb7b3) x15 0x00000000
core   0: 0x800107f0 (0x0afe0fa3) sb      a5, 191(t3)
core   0: 3 0x800107f0 (0x0afe0fa3) mem 0x800159f1 0x0
core   0: 0x800107f4 (0xf4be04a3) sb      a1, -183(t3)
core   0: 3 0x800107f4 (0xf4be04a3) mem 0x8001587b 0xb5
core   0: 0x800107f8 (0x00f35813) srli    a6, t1, 15
core   0: 3 0x800107f8 (0x00f35813) x16 0x0001ffff
core   0: 0x800107fc (0xf37e09a3) sb      s7, -205(t3)
core   0: 3 0x800107fc (0xf37e09a3) mem 0x80015865 0xcc
core   0: 0x80010800 (0x41e95a13) srai    s4, s2, 30
core   0: 3 0x80010800 (0x41e95a13) x20 0xffffffff
core   0: 0x80010804 (0x01e265b3) or      a1, tp, t5
core   0: 3 0x80010804 (0x01e265b3) x11 0x80023b9c
core   0: 0x80010808 (0x014e1503) lh      a0, 20(t3)
core   0: 3 0x80010808 (0x014e1503) x10 0xffffd9fd mem 0x80015946
core   0: 0x8001080c (0x415d8ab3) sub     s5, s11, s5
core   0: 3 0x8001080c (0x415d8ab3) x21 0x7ffde4b1
core   0: 0x80010810 (0x0c1e0883) lb      a7, 193(t3)
core   0: 3 0x80010810 (0x0c1e0883) x17 0xffffffe3 mem 0x800159f3
core   0: 0x80010814 (0x0c8e4403) lbu     s0, 200(t3)
core   0: 3 0x80010814 (0x0c8e4403) x 8 0x000000b1 mem 0x800159fa
core   0: 0x80010818 (0xfefe0c83) lb      s9, -17(t3)
core   0: 3 0x80010818 (0xfefe0c83) x25 0xffffffda mem 0x80015921
core   0: 0x8001081c (0x04ae2283) lw      t0, 74(t3)
core   0: 3 0x8001081c (0x04ae2283) x 5 0x34353637 mem 0x8001597c
core   0: 0x80010820 (0x81d90193) addi    gp, s2, -2019
core   0: 3 0x80010820 (0x81d90193) x 3 0xfffff7d1
core   0: 0x80010824 (0x0bee1c03) lh      s8, 190(t3)
core   0: 3 0x80010824 (0x0bee1c03) x24 0x000000ca mem 0x800159f0
core   0: 0x80010828 (0x033e2f23) sw      s3, 62(t3)
core   0: 3 0x80010828 (0x033e2f23) mem 0x80015970 0x8002ae58
core   0: 0x8001082c (0x02ce0da3) sb      a2, 59(t3)
core   0: 3 0x8001082c (0x02ce0da3) mem 0x8001596d 0xda
core   0: 0x80010830 (0x098e5083) lhu     ra, 152(t3)
core   0: 3 0x80010830 (0x098e5083) x 1 0x00008081 mem 0x800159ca
core   0: 0x80010834 (0x0e9e2d23) sw      s1, 250(t3)
core   0: 3 0x80010834 (0x0e9e2d23) mem 0x80015a2c 0x00000000
core   0: 0x80010838 (0x0c2e5783) lhu     a5, 194(t3)
core   0: 3 0x80010838 (0x0c2e5783) x15 0x0000ae2e mem 0x800159f4
core   0: 0x8001083c (0xf79e4083) lbu     ra, -135(t3)
core   0: 3 0x8001083c (0xf79e4083) x 1 0x000000e6 mem 0x800158ab
core   0: 0x80010840 (0xf065e893) ori     a7, a1, -250
core   0: 3 0x80010840 (0xf065e893) x17 0xffffff9e
core   0: 0x80010844 (0x04fe1f23) sh      a5, 94(t3)
core   0: 3 0x80010844 (0x04fe1f23) mem 0x80015990 0xae2e
core   0: 0x80010848 (0x58c08413) addi    s0, ra, 1420
core   0: 3 0x80010848 (0x58c08413) x 8 0x00000672
core   0: 0x8001084c (0x61b8f493) andi    s1, a7, 1563
core   0: 3 0x8001084c (0x61b8f493) x 9 0x0000061a
core   0: 0x80010850 (0x01f01db3) sll     s11, zero, t6
core   0: 3 0x80010850 (0x01f01db3) x27 0x00000000
core   0: 0x80010854 (0x058e0783) lb      a5, 88(t3)
core   0: 3 0x80010854 (0x058e0783) x15 0x00000041 mem 0x8001598a
core   0: 0x80010858 (0x022e1f23) sh      sp, 62(t3)
core   0: 3 0x80010858 (0x022e1f23) mem 0x80015970 0xece4
core   0: 0x8001085c (0x5e9f4d13) xori    s10, t5, 1513
core   0: 3 0x8001085c (0x5e9f4d13) x26 0x80023e75
core   0: 0x80010860 (0x4046dd33) sra     s10, a3, tp
core   0: 3 0x80010860 (0x4046dd33) x26 0x80000000
core   0: 0x80010864 (0xf26e5c03) lhu     s8, -218(t3)
core   0: 3 0x80010864 (0xf26e5c03) x24 0x00001213 mem 0x80015858
core   0: 0x80010868 (0xf11e0ea3) sb      a7, -227(t3)
core   0: 3 0x80010868 (0xf11e0ea3) mem 0x8001584f 0x9e
core   0: 0x8001086c (0x00d6efb3) or      t6, a3, a3
core   0: 3 0x8001086c (0x00d6efb3) x31 0x80000000
core   0: 0x80010870 (0x066e2d83) lw      s11, 102(t3)
core   0: 3 0x80010870 (0x066e2d83) x27 0x00715253 mem 0x80015998
core   0: 0x80010874 (0x03ce0e23) sb      t3, 60(t3)
core   0: 3 0x80010874 (0x03ce0e23) mem 0x8001596e 0x32
core   0: 0x80010878 (0x3db60d93) addi    s11, a2, 987
core   0: 3 0x80010878 (0x3db60d93) x27 0xfffffcb5
core   0: 0x8001087c (0xf6fe0003) lb      zero, -145(t3)
core   0: 3 0x8001087c (0xf6fe0003) mem 0x800158a1
core   0: 0x80010880 (0xb8d4e293) ori     t0, s1, -1139
core   0: 3 0x80010880 (0xb8d4e293) x 5 0xffffff9f
core   0: 0x80010884 (0xfa5e4283) lbu     t0, -91(t3)
core   0: 3 0x80010884 (0xfa5e4283) x 5 0x00000000 mem 0x800158d7
core   0: 0x80010888 (0x03de0183) lb      gp, 61(t3)
core   0: 3 0x80010888 (0x03de0183) x 3 0x00000024 mem 0x8001596f
core   0: 0x8001088c (0xfabe0d03) lb      s10, -85(t3)
core   0: 3 0x8001088c (0xfabe0d03) x26 0xffffff96 mem 0x800158dd
core   0: 0x80010890 (0xf0de4303) lbu     t1, -243(t3)
core   0: 3 0x80010890 (0xf0de4303) x 6 0x000000f5 mem 0x8001583f
core   0: 0x80010894 (0x00005c97) auipc   s9, 0x5
core   0: 3 0x80010894 (0x00005c97) x25 0x80015894
core   0: 0x80010898 (0x0aec8c93) addi    s9, s9, 174
core   0: 3 0x80010898 (0x0aec8c93) x25 0x80015942
core   0: 0x8001089c (0x40320eb3) sub     t4, tp, gp
core   0: 3 0x8001089c (0x40320eb3) x29 0xffffffdc
core   0: 0x800108a0 (0x9b3d8e93) addi    t4, s11, -1613
core   0: 3 0x800108a0 (0x9b3d8e93) x29 0xfffff668
core   0: 0x800108a4 (0x00000013) nop
core   0: 3 0x800108a4 (0x00000013)
core   0: 0x800108a8 (0xfe1c8d03) lb      s10, -31(s9)
core   0: 3 0x800108a8 (0xfe1c8d03) x26 0xffffffd8 mem 0x80015923
core   0: 0x800108ac (0x03cc9423) sh      t3, 40(s9)
core   0: 3 0x800108ac (0x03cc9423) mem 0x8001596a 0x5932
core   0: 0x800108b0 (0xfd6c84a3) sb      s6, -55(s9)
core   0: 3 0x800108b0 (0xfd6c84a3) mem 0x8001590b 0x1
core   0: 0x800108b4 (0xfd6cd183) lhu     gp, -42(s9)
core   0: 3 0x800108b4 (0xfd6cd183) x 3 0x0000d2d3 mem 0x80015918
core   0: 0x800108b8 (0x0ff0000f) fence   iorw,iorw
core   0: 3 0x800108b8 (0x0ff0000f)
core   0: 0x800108bc (0xffcc8723) sb      t3, -18(s9)
core   0: 3 0x800108bc (0xffcc8723) mem 0x80015930 0x32
core   0: 0x800108c0 (0xfe1c8703) lb      a4, -31(s9)
core   0: 3 0x800108c0 (0xfe1c8703) x14 0xffffffd8 mem 0x80015923
core   0: 0x800108c4 (0x001c8883) lb      a7, 1(s9)
core   0: 3 0x800108c4 (0x001c8883) x17 0xfffffff8 mem 0x80015943
core   0: 0x800108c8 (0xfdfcc303) lbu     t1, -33(s9)
core   0: 3 0x800108c8 (0xfdfcc303) x 6 0x000000da mem 0x80015921
core   0: 0x800108cc (0x0182ae33) slt     t3, t0, s8
core   0: 3 0x800108cc (0x0182ae33) x28 0x00000001
core   0: 0x800108d0 (0xb32d8413) addi    s0, s11, -1230
core   0: 3 0x800108d0 (0xb32d8413) x 8 0xfffff7e7
core   0: 0x800108d4 (0x01904eb3) xor     t4, zero, s9
core   0: 3 0x800108d4 (0x01904eb3) x29 0x80015942
core   0: 0x800108d8 (0x011684b3) add     s1, a3, a7
core   0: 3 0x800108d8 (0x011684b3) x 9 0x7ffffff8
core   0: 0x800108dc (0xfefc8c03) lb      s8, -17(s9)
core   0: 3 0x800108dc (0xfefc8c03) x24 0xffffffa9 mem 0x80015931
core   0: 0x800108e0 (0xfc9c8923) sb      s1, -46(s9)
core   0: 3 0x800108e0 (0xfc9c8923) mem 0x80015914 0xf8
core   0: 0x800108e4 (0x035c8303) lb      t1, 53(s9)
core   0: 3 0x800108e4 (0x035c8303) x 6 0x0000002c mem 0x80015977
core   0: 0x800108e8 (0x024c9623) sh      tp, 44(s9)
core   0: 3 0x800108e8 (0x024c9623) mem 0x8001596e 0x0000
core   0: 0x800108ec (0x00000013) nop
core   0: 3 0x800108ec (0x00000013)
core   0: 0x800108f0 (0x01ec83a3) sb      t5, 7(s9)
core   0: 3 0x800108f0 (0x01ec83a3) mem 0x80015949 0x9c
core   0: 0x800108f4 (0x033c8623) sb      s3, 44(s9)
core   0: 3 0x800108f4 (0x033c8623) mem 0x8001596e 0x58
core   0: 0x800108f8 (0x01da7bb3) and     s7, s4, t4
core   0: 3 0x800108f8 (0x01da7bb3) x23 0x80015942
core   0: 0x800108fc (0xfe5c8623) sb      t0, -20(s9)
core   0: 3 0x800108fc (0xfe5c8623) mem 0x8001592e 0x0
core   0: 0x80010900 (0xff5c7d93) andi    s11, s8, -11
core   0: 3 0x80010900 (0xff5c7d93) x27 0xffffffa1
core   0: 0x80010904 (0x41cc82b3) sub     t0, s9, t3
core   0: 3 0x80010904 (0x41cc82b3) x 5 0x80015941
core   0: 0x80010908 (0x02dccd03) lbu     s10, 45(s9)
core   0: 3 0x80010908 (0x02dccd03) x26 0x00000000 mem 0x8001596f
core   0: 0x8001090c (0xfe2cdd03) lhu     s10, -30(s9)
core   0: 3 0x8001090c (0xfe2cdd03) x26 0x0000dedf mem 0x80015924
core   0: 0x80010910 (0x036c84a3) sb      s6, 41(s9)
core   0: 3 0x80010910 (0x036c84a3) mem 0x8001596b 0x1
core   0: 0x80010914 (0xfd1cc283) lbu     t0, -47(s9)
core   0: 3 0x80010914 (0xfd1cc283) x 5 0x000000c8 mem 0x80015913
core   0: 0x80010918 (0x63096893) ori     a7, s2, 1584
core   0: 3 0x80010918 (0x63096893) x17 0xffffffb4
core   0: 0x8001091c (0xff3c8503) lb      a0, -13(s9)
core   0: 3 0x8001091c (0xff3c8503) x10 0xffffffee mem 0x80015935
core   0: 0x80010920 (0x01fc8783) lb      a5, 31(s9)
core   0: 3 0x80010920 (0x01fc8783) x15 0x00000041 mem 0x80015961
core   0: 0x80010924 (0x021dc097) auipc   ra, 0x21dc
core   0: 3 0x80010924 (0x021dc097) x 1 0x821ec924
core   0: 0x80010928 (0x4301ae93) slti    t4, gp, 1072
core   0: 3 0x80010928 (0x4301ae93) x29 0x00000000
core   0: 0x8001092c (0x034c8fa3) sb      s4, 63(s9)
core   0: 3 0x8001092c (0x034c8fa3) mem 0x80015981 0xff
core   0: 0x80010930 (0x00009f17) auipc   t5, 0x9
core   0: 3 0x80010930 (0x00009f17) x30 0x80019930
core   0: 0x80010934 (0xaf0f0f13) addi    t5, t5, -1296
core   0: 3 0x80010934 (0xaf0f0f13) x30 0x80019420
core   0: 0x80010938 (0xfd3f4003) lbu     zero, -45(t5)
core   0: 3 0x80010938 (0xfd3f4003) mem 0x800193f3
core   0: 0x8001093c (0x4fe8c413) xori    s0, a7, 1278
core   0: 3 0x8001093c (0x4fe8c413) x 8 0xfffffb4a
core   0: 0x80010940 (0x012d1a33) sll     s4, s10, s2
core   0: 3 0x80010940 (0x012d1a33) x20 0xedf00000
core   0: 0x80010944 (0x008dab33) slt     s6, s11, s0
core   0: 3 0x80010944 (0x008dab33) x22 0x00000000
core   0: 0x80010948 (0xfc8f4783) lbu     a5, -56(t5)
core   0: 3 0x80010948 (0xfc8f4783) x15 0x000000a3 mem 0x800193e8
core   0: 0x8001094c (0x01fe4933) xor     s2, t3, t6
core   0: 3 0x8001094c (0x01fe4933) x18 0x80000001
core   0: 0x80010950 (0x0000100f) fence.i
core   0: 3 0x80010950 (0x0000100f)
core   0: 0x80010954 (0x032f4a03) lbu     s4, 50(t5)
core   0: 3 0x80010954 (0x032f4a03) x20 0x00000009 mem 0x80019452
core   0: 0x80010958 (0xffcf07a3) sb      t3, -17(t5)
core   0: 3 0x80010958 (0xffcf07a3) mem 0x8001940f 0x1
core   0: 0x8001095c (0x30772e13) slti    t3, a4, 775
core   0: 3 0x8001095c (0x30772e13) x28 0x00000001
core   0: 0x80010960 (0x2a644b13) xori    s6, s0, 678
core   0: 3 0x80010960 (0x2a644b13) x22 0xfffff9ec
core   0: 0x80010964 (0x000f0823) sb      zero, 16(t5)
core   0: 3 0x80010964 (0x000f0823) mem 0x80019430 0x0
core   0: 0x80010968 (0x030f4203) lbu     tp, 48(t5)
core   0: 3 0x80010968 (0x030f4203) x 4 0x0000000b mem 0x80019450
core   0: 0x8001096c (0x03ff4283) lbu     t0, 63(t5)
core   0: 3 0x8001096c (0x03ff4283) x 5 0x00000014 mem 0x8001945f
core   0: 0x80010970 (0x07d0a893) slti    a7, ra, 125
core   0: 3 0x80010970 (0x07d0a893) x17 0x00000001
core   0: 0x80010974 (0x039f0923) sb      s9, 50(t5)
core   0: 3 0x80010974 (0x039f0923) mem 0x80019452 0x42
core   0: 0x80010978 (0x003f4883) lbu     a7, 3(t5)
core   0: 3 0x80010978 (0x003f4883) x17 0x000000d8 mem 0x80019423
core   0: 0x8001097c (0x00cf1b83) lh      s7, 12(t5)
core   0: 3 0x8001097c (0x00cf1b83) x23 0xffffe6e7 mem 0x8001942c
core   0: 0x80010980 (0x03df0503) lb      a0, 61(t5)
core   0: 3 0x80010980 (0x03df0503) x10 0x00000016 mem 0x8001945d
core   0: 0x80010984 (0x008f2583) lw      a1, 8(t5)
core   0: 3 0x80010984 (0x008f2583) x11 0xe0e1e2e3 mem 0x80019428
core   0: 0x80010988 (0x022f2823) sw      sp, 48(t5)
core   0: 3 0x80010988 (0x022f2823) mem 0x80019450 0x8002ece4
core   0: 0x8001098c (0x1a3be213) ori     tp, s7, 419
core   0: 3 0x8001098c (0x1a3be213) x 4 0xffffe7e7
core   0: 0x80010990 (0x036f0a03) lb      s4, 54(t5)
core   0: 3 0x80010990 (0x036f0a03) x20 0x0000000d mem 0x80019456
core   0: 0x80010994 (0x228fd397) auipc   t2, 0x228fd
core   0: 3 0x80010994 (0x228fd397) x 7 0xa290d994
core   0: 0x80010998 (0x001f0aa3) sb      ra, 21(t5)
core   0: 3 0x80010998 (0x001f0aa3) mem 0x80019435 0x24
core   0: 0x8001099c (0xfc3f0f83) lb      t6, -61(t5)
core   0: 3 0x8001099c (0xfc3f0f83) x31 0xffffff98 mem 0x800193e3
core   0: 0x800109a0 (0x0000100f) fence.i
core   0: 3 0x800109a0 (0x0000100f)
core   0: 0x800109a4 (0x00cb44b3) xor     s1, s6, a2
core   0: 3 0x800109a4 (0x00cb44b3) x 9 0x00000136
core   0: 0x800109a8 (0xfcff0b83) lb      s7, -49(t5)
core   0: 3 0x800109a8 (0xfcff0b83) x23 0xffffffa4 mem 0x800193ef
core   0: 0x800109ac (0x02bf0ba3) sb      a1, 55(t5)
core   0: 3 0x800109ac (0x02bf0ba3) mem 0x80019457 0xe3
core   0: 0x800109b0 (0x00ebd333) srl     t1, s7, a4
core   0: 3 0x800109b0 (0x00ebd333) x 6 0x000000ff
core   0: 0x800109b4 (0x40ced3b3) sra     t2, t4, a2
core   0: 3 0x800109b4 (0x40ced3b3) x 7 0x00000000
core   0: 0x800109b8 (0x1794b393) sltiu   t2, s1, 377
core   0: 3 0x800109b8 (0x1794b393) x 7 0x00000001
core   0: 0x800109bc (0x022f08a3) sb      sp, 49(t5)
core   0: 3 0x800109bc (0x022f08a3) mem 0x80019451 0xe4
core   0: 0x800109c0 (0xfc0f2183) lw      gp, -64(t5)
core   0: 3 0x800109c0 (0xfc0f2183) x 3 0x98999a9b mem 0x800193e0
core   0: 0x800109c4 (0xfc2f4a83) lbu     s5, -62(t5)
core   0: 3 0x800109c4 (0xfc2f4a83) x21 0x00000099 mem 0x800193e2
core   0: 0x800109c8 (0x01ff0203) lb      tp, 31(t5)
core   0: 3 0x800109c8 (0x01ff0203) x 4 0xfffffff4 mem 0x8001943f
core   0: 0x800109cc (0x02ff0183) lb      gp, 47(t5)
core   0: 3 0x800109cc (0x02ff0183) x 3 0x00000004 mem 0x8001944f
core   0: 0x800109d0 (0x02df05a3) sb      a3, 43(t5)
core   0: 3 0x800109d0 (0x02df05a3) mem 0x8001944b 0x0
core   0: 0x800109d4 (0x00cca5b3) slt     a1, s9, a2
core   0: 3 0x800109d4 (0x00cca5b3) x11 0x00000001
core   0: 0x800109d8 (0xfc8f0903) lb      s2, -56(t5)
core   0: 3 0x800109d8 (0xfc8f0903) x18 0xffffffa3 mem 0x800193e8
core   0: 0x800109dc (0xfddf1823) sh      t4, -48(t5)
core   0: 3 0x800109dc (0xfddf1823) mem 0x800193f0 0x0000
core   0: 0x800109e0 (0xfedf0d83) lb      s11, -19(t5)
core   0: 3 0x800109e0 (0xfedf0d83) x27 0xffffffc6 mem 0x8001940d
core   0: 0x800109e4 (0xfdcf0fa3) sb      t3, -33(t5)
core   0: 3 0x800109e4 (0xfdcf0fa3) mem 0x800193ff 0x1
core   0: 0x800109e8 (0x0000f897) auipc   a7, 0xf
core   0: 3 0x800109e8 (0x0000f897) x17 0x8001f9e8
core   0: 0x800109ec (0x50888893) addi    a7, a7, 1288
core   0: 3 0x800109ec (0x50888893) x17 0x8001fef0
core   0: 0x800109f0 (0x52c89b23) sh      a2, 1334(a7)
core   0: 3 0x800109f0 (0x52c89b23) mem 0x80020426 0xf8da
core   0: 0x800109f4 (0x53688a03) lb      s4, 1334(a7)
core   0: 3 0x800109f4 (0x53688a03) x20 0xffffffda mem 0x80020426
core   0: 0x800109f8 (0xd4588223) sb      t0, -700(a7)
core   0: 3 0x800109f8 (0xd4588223) mem 0x8001fc34 0x14
core   0: 0x800109fc (0xae68d083) lhu     ra, -1306(a7)
core   0: 3 0x800109fc (0xae68d083) x 1 0x00008c8d mem 0x8001f9d6
core   0: 0x80010a00 (0xae688783) lb      a5, -1306(a7)
core   0: 3 0x80010a00 (0xae688783) x15 0xffffff8d mem 0x8001f9d6
core   0: 0x80010a04 (0xae68d483) lhu     s1, -1306(a7)
core   0: 3 0x80010a04 (0xae68d483) x 9 0x00008c8d mem 0x8001f9d6
core   0: 0x80010a08 (0x46a89d03) lh      s10, 1130(a7)
core   0: 3 0x80010a08 (0x46a89d03) x26 0x00001011 mem 0x8002035a
core   0: 0x80010a0c (0x0ff0000f) fence   iorw,iorw
core   0: 3 0x80010a0c (0x0ff0000f)
core   0: 0x80010a10 (0x47b88523) sb      s11, 1130(a7)
core   0: 3 0x80010a10 (0x47b88523) mem 0x8002035a 0xc6
core   0: 0x80010a14 (0x46a8de83) lhu     t4, 1130(a7)
core   0: 3 0x80010a14 (0x46a8de83) x29 0x000010c6 mem 0x8002035a
core   0: 0x80010a18 (0x46889523) sh      s0, 1130(a7)
core   0: 3 0x80010a18 (0x46889523) mem 0x8002035a 0xfb4a
core   0: 0x80010a1c (0x46a8ca83) lbu     s5, 1130(a7)
core   0: 3 0x80010a1c (0x46a8ca83) x21 0x0000004a mem 0x8002035a
core   0: 0x80010a20 (0x46e88523) sb      a4, 1130(a7)
core   0: 3 0x80010a20 (0x46e88523) mem 0x8002035a 0xd8
core   0: 0x80010a24 (0x00005597) auipc   a1, 0x5
core   0: 3 0x80010a24 (0x00005597) x11 0x80015a24
core   0: 0x80010a28 (0xcd058593) addi    a1, a1, -816
core   0: 3 0x80010a28 (0xcd058593) x11 0x800156f4
core   0: 0x80010a2c (0x00065db3) srl     s11, a2, zero
core   0: 3 0x80010a2c (0x00065db3) x27 0xfffff8da
core   0: 0x80010a30 (0x5d27ac13) slti    s8, a5, 1490
core   0: 3 0x80010a30 (0x5d27ac13) x24 0x00000001
core   0: 0x80010a34 (0x0045cb83) lbu     s7, 4(a1)
core   0: 3 0x80010a34 (0x0045cb83) x23 0x000000ff mem 0x800156f8
core   0: 0x80010a38 (0x00f58403) lb      s0, 15(a1)
core   0: 3 0x80010a38 (0x00f58403) x 8 0x00000000 mem 0x80015703
core   0: 0x80010a3c (0x0018e333) or      t1, a7, ra
core   0: 3 0x80010a3c (0x0018e333) x 6 0x8001fefd
core   0: 0x80010a40 (0x018587a3) sb      s8, 15(a1)
core   0: 3 0x80010a40 (0x018587a3) mem 0x80015703 0x1
core   0: 0x80010a44 (0x010582a3) sb      a6, 5(a1)
core   0: 3 0x80010a44 (0x010582a3) mem 0x800156f9 0xff
core   0: 0x80010a48 (0x00459183) lh      gp, 4(a1)
core   0: 3 0x80010a48 (0x00459183) x 3 0xffffffff mem 0x800156f8
core   0: 0x80010a4c (0x01ea04b3) add     s1, s4, t5
core   0: 3 0x80010a4c (0x01ea04b3) x 9 0x800193fa
core   0: 0x80010a50 (0x01592733) slt     a4, s2, s5
core   0: 3 0x80010a50 (0x01592733) x14 0x00000001
core   0: 0x80010a54 (0xffb5c503) lbu     a0, -5(a1)
core   0: 3 0x80010a54 (0xffb5c503) x10 0x000000a4 mem 0x800156ef
core   0: 0x80010a58 (0xb172b437) lui     s0, 0xb172b
core   0: 3 0x80010a58 (0xb172b437) x 8 0xb172b000
core   0: 0x80010a5c (0x00c571b3) and     gp, a0, a2
core   0: 3 0x80010a5c (0x00c571b3) x 3 0x00000080
core   0: 0x80010a60 (0x0167b933) sltu    s2, a5, s6
core   0: 3 0x80010a60 (0x0167b933) x18 0x00000000
core   0: 0x80010a64 (0xffe59f03) lh      t5, -2(a1)
core   0: 3 0x80010a64 (0xffe59f03) x30 0xffff81a9 mem 0x800156f2
core   0: 0x80010a68 (0x0181a4b3) slt     s1, gp, s8
core   0: 3 0x80010a68 (0x0181a4b3) x 9 0x00000000
core   0: 0x80010a6c (0x48610093) addi    ra, sp, 1158
core   0: 3 0x80010a6c (0x48610093) x 1 0x8002f16a
core   0: 0x80010a70 (0x01c587a3) sb      t3, 15(a1)
core   0: 3 0x80010a70 (0x01c587a3) mem 0x80015703 0x1
core   0: 0x80010a74 (0x41d54d13) xori    s10, a0, 1053
core   0: 3 0x80010a74 (0x41d54d13) x26 0x000004b9
core   0: 0x80010a78 (0x0065d383) lhu     t2, 6(a1)
core   0: 3 0x80010a78 (0x0065d383) x 7 0x00007bb1 mem 0x800156fa
core   0: 0x80010a7c (0xff05c183) lbu     gp, -16(a1)
core   0: 3 0x80010a7c (0xff05c183) x 3 0x0000009f mem 0x800156e4
core   0: 0x80010a80 (0x0015ca83) lbu     s5, 1(a1)
core   0: 3 0x80010a80 (0x0015ca83) x21 0x000000ae mem 0x800156f5
core   0: 0x80010a84 (0x401ed313) srai    t1, t4, 1
core   0: 3 0x80010a84 (0x401ed313) x 6 0x00000863
core   0: 0x80010a88 (0x00a9d913) srli    s2, s3, 10
core   0: 3 0x80010a88 (0x00a9d913) x18 0x002000ab
core   0: 0x80010a8c (0x41245bb3) sra     s7, s0, s2
core   0: 3 0x80010a8c (0x41245bb3) x23 0xfff62e56
core   0: 0x80010a90 (0xf0e3be37) lui     t3, 0xf0e3b
core   0: 3 0x80010a90 (0xf0e3be37) x28 0xf0e3b000
core   0: 0x80010a94 (0x009fe833) or      a6, t6, s1
core   0: 3 0x80010a94 (0x009fe833) x16 0xffffff98
core   0: 0x80010a98 (0x4080d533) sra     a0, ra, s0
core   0: 3 0x80010a98 (0x4080d533) x10 0x8002f16a
core   0: 0x80010a9c (0x50906493) ori     s1, zero, 1289
core   0: 3 0x80010a9c (0x50906493) x 9 0x00000509
core   0: 0x80010aa0 (0x416ed313) srai    t1, t4, 22
core   0: 3 0x80010aa0 (0x416ed313) x 6 0x00000000
core   0: 0x80010aa4 (0x00bd5393) srli    t2, s10, 11
core   0: 3 0x80010aa4 (0x00bd5393) x 7 0x00000000
core   0: 0x80010aa8 (0xda2ba913) slti    s2, s7, -606
core   0: 3 0x80010aa8 (0xda2ba913) x18 0x00000001
core   0: 0x80010aac (0x01ab92b3) sll     t0, s7, s10
core   0: 3 0x80010aac (0x01ab92b3) x 5 0xac000000
core   0: 0x80010ab0 (0x00958a03) lb      s4, 9(a1)
core   0: 3 0x80010ab0 (0x00958a03) x20 0xffffffb6 mem 0x800156fd
core   0: 0x80010ab4 (0x00859123) sh      s0, 2(a1)
core   0: 3 0x80010ab4 (0x00859123) mem 0x800156f6 0xb000
core   0: 0x80010ab8 (0x00000013) nop
core   0: 3 0x80010ab8 (0x00000013)
core   0: 0x80010abc (0x00d5a423) sw      a3, 8(a1)
core   0: 3 0x80010abc (0x00d5a423) mem 0x800156fc 0x80000000
core   0: 0x80010ac0 (0x00358783) lb      a5, 3(a1)
core   0: 3 0x80010ac0 (0x00358783) x15 0xffffffb0 mem 0x800156f7
core   0: 0x80010ac4 (0x00758783) lb      a5, 7(a1)
core   0: 3 0x80010ac4 (0x00758783) x15 0x0000007b mem 0x800156fb
core   0: 0x80010ac8 (0xff358183) lb      gp, -13(a1)
core   0: 3 0x80010ac8 (0xff358183) x 3 0x0000007c mem 0x800156e7
core   0: 0x80010acc (0x00601893) slli    a7, zero, 6
core   0: 3 0x80010acc (0x00601893) x17 0x00000000
core   0: 0x80010ad0 (0x0045c483) lbu     s1, 4(a1)
core   0: 3 0x80010ad0 (0x0045c483) x 9 0x000000ff mem 0x800156f8
core   0: 0x80010ad4 (0x00f58403) lb      s0, 15(a1)
core   0: 3 0x80010ad4 (0x00f58403) x 8 0x00000001 mem 0x80015703
core   0: 0x80010ad8 (0xff358083) lb      ra, -13(a1)
core   0: 3 0x80010ad8 (0xff358083) x 1 0x0000007c mem 0x800156e7
core   0: 0x80010adc (0x019dabb3) slt     s7, s11, s9
core   0: 3 0x80010adc (0x019dabb3) x23 0x00000000
core   0: 0x80010ae0 (0xff558483) lb      s1, -11(a1)
core   0: 3 0x80010ae0 (0xff558483) x 9 0x00000005 mem 0x800156e9
core   0: 0x80010ae4 (0x00f5d733) srl     a4, a1, a5
core   0: 3 0x80010ae4 (0x00f5d733) x14 0x00000010
core   0: 0x80010ae8 (0xff758c03) lb      s8, -9(a1)
core   0: 3 0x80010ae8 (0xff758c03) x24 0xffffffff mem 0x800156eb
core   0: 0x80010aec (0xfe858fa3) sb      s0, -1(a1)
core   0: 3 0x80010aec (0xfe858fa3) mem 0x800156f3 0x1
core   0: 0x80010af0 (0x016e4eb3) xor     t4, t3, s6
core   0: 3 0x80010af0 (0x016e4eb3) x29 0x0f1c49ec
core   0: 0x80010af4 (0x6a623917) auipc   s2, 0x6a623
core   0: 3 0x80010af4 (0x6a623917) x18 0xea633af4
core   0: 0x80010af8 (0xfef58da3) sb      a5, -5(a1)
core   0: 3 0x80010af8 (0xfef58da3) mem 0x800156ef 0x7b
core   0: 0x80010afc (0x0000d597) auipc   a1, 0xd
core   0: 3 0x80010afc (0x0000d597) x11 0x8001dafc
core   0: 0x80010b00 (0xab458593) addi    a1, a1, -1356
core   0: 3 0x80010b00 (0xab458593) x11 0x8001d5b0
core   0: 0x80010b04 (0x404ed093) srai    ra, t4, 4
core   0: 3 0x80010b04 (0x404ed093) x 1 0x00f1c49e
core   0: 0x80010b08 (0xae958ea3) sb      s1, -1283(a1)
core   0: 3 0x80010b08 (0xae958ea3) mem 0x8001d0ad 0x5
core   0: 0x80010b0c (0x46458703) lb      a4, 1124(a1)
core   0: 3 0x80010b0c (0x46458703) x14 0xffffffcf mem 0x8001da14
core   0: 0x80010b10 (0x0ff0000f) fence   iorw,iorw
core   0: 3 0x80010b10 (0x0ff0000f)
core   0: 0x80010b14 (0x664589a3) sb      tp, 1651(a1)
core   0: 3 0x80010b14 (0x664589a3) mem 0x8001dc23 0xf4
core   0: 0x80010b18 (0x0028d533) srl     a0, a7, sp
core   0: 3 0x80010b18 (0x0028d533) x10 0x00000000
core   0: 0x80010b1c (0x00000013) nop
core   0: 3 0x80010b1c (0x00000013)
core   0: 0x80010b20 (0x8dc58c23) sb      t3, -1832(a1)
core   0: 3 0x80010b20 (0x8dc58c23) mem 0x8001ce88 0x0
core   0: 0x80010b24 (0x414d5a33) sra     s4, s10, s4
core   0: 3 0x80010b24 (0x414d5a33) x20 0x00000000
core   0: 0x80010b28 (0xbafe6393) ori     t2, t3, -1105
core   0: 3 0x80010b28 (0xbafe6393) x 7 0xfffffbaf
core   0: 0x80010b2c (0x0ff0000f) fence   iorw,iorw
core   0: 3 0x80010b2c (0x0ff0000f)
core   0: 0x80010b30 (0xa13580a3) sb      s3, -1535(a1)
core   0: 3 0x80010b30 (0xa13580a3) mem 0x8001cfb1 0x58
core   0: 0x80010b34 (0xca85dc83) lhu     s9, -856(a1)
core   0: 3 0x80010b34 (0xca85dc83) x25 0x00001213 mem 0x8001d258
core   0: 0x80010b38 (0x0a259903) lh      s2, 162(a1)
core   0: 3 0x80010b38 (0x0a259903) x18 0x00000809 mem 0x8001d652
core   0: 0x80010b3c (0xb1958e23) sb      s9, -1252(a1)
core   0: 3 0x80010b3c (0xb1958e23) mem 0x8001d0cc 0x13
core   0: 0x80010b40 (0xcee58f23) sb      a4, -770(a1)
core   0: 3 0x80010b40 (0xcee58f23) mem 0x8001d2ae 0xcf
core   0: 0x80010b44 (0x00000013) nop
core   0: 3 0x80010b44 (0x00000013)
core   0: 0x80010b48 (0x0063dc93) srli    s9, t2, 6
core   0: 3 0x80010b48 (0x0063dc93) x25 0x03ffffee
core   0: 0x80010b4c (0xfdd5ce83) lbu     t4, -35(a1)
core   0: 3 0x80010b4c (0xfdd5ce83) x29 0x00000046 mem 0x8001d58d
core   0: 0x80010b50 (0x01605f93) srli    t6, zero, 22
core   0: 3 0x80010b50 (0x01605f93) x31 0x00000000
core   0: 0x80010b54 (0x0050e533) or      a0, ra, t0
core   0: 3 0x80010b54 (0x0050e533) x10 0xacf1c49e
core   0: 0x80010b58 (0x84ac6d37) lui     s10, 0x84ac6
core   0: 3 0x80010b58 (0x84ac6d37) x26 0x84ac6000
core   0: 0x80010b5c (0x58b53b93) sltiu   s7, a0, 1419
core   0: 3 0x80010b5c (0x58b53b93) x23 0x00000000
core   0: 0x80010b60 (0x41715033) sra     zero, sp, s7
core   0: 3 0x80010b60 (0x41715033)
core   0: 0x80010b64 (0x00ce2433) slt     s0, t3, a2
core   0: 3 0x80010b64 (0x00ce2433) x 8 0x00000001
core   0: 0x80010b68 (0x9cb58303) lb      t1, -1589(a1)
core   0: 3 0x80010b68 (0x9cb58303) x 6 0x00000030 mem 0x8001cf7b
core   0: 0x80010b6c (0x1ab5a823) sw      a1, 432(a1)
core   0: 3 0x80010b6c (0x1ab5a823) mem 0x8001d760 0x8001d5b0
core   0: 0x80010b70 (0xc1558a83) lb      s5, -1003(a1)
core   0: 3 0x80010b70 (0xc1558a83) x21 0x0000007e mem 0x8001d1c5
core   0: 0x80010b74 (0x01bf1bb3) sll     s7, t5, s11
core   0: 3 0x80010b74 (0x01bf1bb3) x23 0xa4000000
core   0: 0x80010b78 (0x24f58fa3) sb      a5, 607(a1)
core   0: 3 0x80010b78 (0x24f58fa3) mem 0x8001d80f 0x7b
core   0: 0x80010b7c (0xbda59d03) lh      s10, -1062(a1)
core   0: 3 0x80010b7c (0xbda59d03) x26 0x00004041 mem 0x8001d18a
core   0: 0x80010b80 (0x9f19e213) ori     tp, s3, -1551
core   0: 3 0x80010b80 (0x9f19e213) x 4 0xfffffff9
core   0: 0x80010b84 (0x4d05d083) lhu     ra, 1232(a1)
core   0: 3 0x80010b84 (0x4d05d083) x 1 0x00003a3b mem 0x8001da80
core   0: 0x80010b88 (0x7e95c183) lbu     gp, 2025(a1)
core   0: 3 0x80010b88 (0x7e95c183) x 3 0x00000052 mem 0x8001dd99
core   0: 0x80010b8c (0xed92af37) lui     t5, 0xed92a
core   0: 3 0x80010b8c (0xed92af37) x30 0xed92a000
core   0: 0x80010b90 (0x2f359423) sh      s3, 744(a1)
core   0: 3 0x80010b90 (0x2f359423) mem 0x8001d898 0xae58
core   0: 0x80010b94 (0x2595a823) sw      s9, 592(a1)
core   0: 3 0x80010b94 (0x2595a823) mem 0x8001d800 0x03ffffee
core   0: 0x80010b98 (0x00fe7b33) and     s6, t3, a5
core   0: 3 0x80010b98 (0x00fe7b33) x22 0x00000000
core   0: 0x80010b9c (0x6d5a7813) andi    a6, s4, 1749
core   0: 3 0x80010b9c (0x6d5a7813) x16 0x00000000
core   0: 0x80010ba0 (0x6cf588a3) sb      a5, 1745(a1)
core   0: 3 0x80010ba0 (0x6cf588a3) mem 0x8001dc81 0x7b
core   0: 0x80010ba4 (0x41d05813) srai    a6, zero, 29
core   0: 3 0x80010ba4 (0x41d05813) x16 0x00000000
core   0: 0x80010ba8 (0x80e59183) lh      gp, -2034(a1)
core   0: 3 0x80010ba8 (0x80e59183) x 3 0x00007475 mem 0x8001cdbe
core   0: 0x80010bac (0x0049fbb3) and     s7, s3, tp
core   0: 3 0x80010bac (0x0049fbb3) x23 0x8002ae58
core   0: 0x80010bb0 (0x00e37cb3) and     s9, t1, a4
core   0: 3 0x80010bb0 (0x00e37cb3) x25 0x00000000
core   0: 0x80010bb4 (0xfaa59823) sh      a0, -80(a1)
core   0: 3 0x80010bb4 (0xfaa59823) mem 0x8001d560 0xc49e
core   0: 0x80010bb8 (0x0ff0000f) fence   iorw,iorw
core   0: 3 0x80010bb8 (0x0ff0000f)
core   0: 0x80010bbc (0x7c458883) lb      a7, 1988(a1)
core   0: 3 0x80010bbc (0x7c458883) x17 0x0000002f mem 0x8001dd74
core   0: 0x80010bc0 (0x015bb1b3) sltu    gp, s7, s5
core   0: 3 0x80010bc0 (0x015bb1b3) x 3 0x00000000
core   0: 0x80010bc4 (0x7e259d83) lh      s11, 2018(a1)
core   0: 3 0x80010bc4 (0x7e259d83) x27 0x00004849 mem 0x8001dd92
core   0: 0x80010bc8 (0x00005517) auipc   a0, 0x5
core   0: 3 0x80010bc8 (0x00005517) x10 0x80015bc8
core   0: 0x80010bcc (0x9c350513) addi    a0, a0, -1597
core   0: 3 0x80010bcc (0x9c350513) x10 0x8001558b
core   0: 0x80010bd0 (0xffa54803) lbu     a6, -6(a0)
core   0: 3 0x80010bd0 (0xffa54803) x16 0x0000003e mem 0x80015585
core   0: 0x80010bd4 (0xffe54d03) lbu     s10, -2(a0)
core   0: 3 0x80010bd4 (0xffe54d03) x26 0x00000001 mem 0x80015589
core   0: 0x80010bd8 (0xffe50783) lb      a5, -2(a0)
core   0: 3 0x80010bd8 (0xffe50783) x15 0x00000001 mem 0x80015589
core   0: 0x80010bdc (0x00850023) sb      s0, 0(a0)
core   0: 3 0x80010bdc (0x00850023) mem 0x8001558b 0x1
core   0: 0x80010be0 (0x00f50023) sb      a5, 0(a0)
core   0: 3 0x80010be0 (0x00f50023) mem 0x8001558b 0x1
core   0: 0x80010be4 (0x00050b03) lb      s6, 0(a0)
core   0: 3 0x80010be4 (0x00050b03) x22 0x00000001 mem 0x8001558b
core   0: 0x80010be8 (0x019712b3) sll     t0, a4, s9
core   0: 3 0x80010be8 (0x019712b3) x 5 0xffffffcf
core   0: 0x80010bec (0x00054703) lbu     a4, 0(a0)
core   0: 3 0x80010bec (0x00054703) x14 0x00000001 mem 0x8001558b
core   0: 0x80010bf0 (0x00054d03) lbu     s10, 0(a0)
core   0: 3 0x80010bf0 (0x00054d03) x26 0x00000001 mem 0x8001558b
core   0: 0x80010bf4 (0x00054803) lbu     a6, 0(a0)
core   0: 3 0x80010bf4 (0x00054803) x16 0x00000001 mem 0x8001558b
core   0: 0x80010bf8 (0x00350c03) lb      s8, 3(a0)
core   0: 3 0x80010bf8 (0x00350c03) x24 0x00000045 mem 0x8001558e
core   0: 0x80010bfc (0xffe50803) lb      a6, -2(a0)
core   0: 3 0x80010bfc (0xffe50803) x16 0x00000001 mem 0x80015589
core   0: 0x80010c00 (0x00a50003) lb      zero, 10(a0)
core   0: 3 0x80010c00 (0x00a50003) mem 0x80015595
core   0: 0x80010c04 (0x00f50f83) lb      t6, 15(a0)
core   0: 3 0x80010c04 (0x00f50f83) x31 0x00000051 mem 0x8001559a
core   0: 0x80010c08 (0x00750423) sb      t2, 8(a0)
core   0: 3 0x80010c08 (0x00750423) mem 0x80015593 0xaf
core   0: 0x80010c0c (0x00c54403) lbu     s0, 12(a0)
core   0: 3 0x80010c0c (0x00c54403) x 8 0x0000004c mem 0x80015597
core   0: 0x80010c10 (0x00004b97) auipc   s7, 0x4
core   0: 3 0x80010c10 (0x00004b97) x23 0x80014c10
core   0: 0x80010c14 (0x5a0b8b93) addi    s7, s7, 1440
core   0: 3 0x80010c14 (0x5a0b8b93) x23 0x800151b0
core   0: 0x80010c18 (0x68cb8f83) lb      t6, 1676(s7)
core   0: 3 0x80010c18 (0x68cb8f83) x31 0xfffffff7 mem 0x8001583c
core   0: 0x80010c1c (0x235bcf03) lbu     t5, 565(s7)
core   0: 3 0x80010c1c (0x235bcf03) x30 0x0000009e mem 0x800153e5
core   0: 0x80010c20 (0x22cb8aa3) sb      a2, 565(s7)
core   0: 3 0x80010c20 (0x22cb8aa3) mem 0x800153e5 0xda
core   0: 0x80010c24 (0x312bd303) lhu     t1, 786(s7)
core   0: 3 0x80010c24 (0x312bd303) x 6 0x00007879 mem 0x800154c2
core   0: 0x80010c28 (0xab669237) lui     tp, 0xab669
core   0: 3 0x80010c28 (0xab669237) x 4 0xab669000
core   0: 0x80010c2c (0x312bc583) lbu     a1, 786(s7)
core   0: 3 0x80010c2c (0x312bc583) x11 0x00000079 mem 0x800154c2
core   0: 0x80010c30 (0x307b8923) sb      t2, 786(s7)
core   0: 3 0x80010c30 (0x307b8923) mem 0x800154c2 0xaf
core   0: 0x80010c34 (0x312bd383) lhu     t2, 786(s7)
core   0: 3 0x80010c34 (0x312bd383) x 7 0x000078af mem 0x800154c2
core   0: 0x80010c38 (0x189b8aa3) sb      s1, 405(s7)
core   0: 3 0x80010c38 (0x189b8aa3) mem 0x80015345 0x5
core   0: 0x80010c3c (0x199b8aa3) sb      s9, 405(s7)
core   0: 3 0x80010c3c (0x199b8aa3) mem 0x80015345 0x0
core   0: 0x80010c40 (0x185b8aa3) sb      t0, 405(s7)
core   0: 3 0x80010c40 (0x185b8aa3) mem 0x80015345 0xcf
core   0: 0x80010c44 (0x195bc783) lbu     a5, 405(s7)
core   0: 3 0x80010c44 (0x195bc783) x15 0x000000cf mem 0x80015345
core   0: 0x80010c48 (0x714b85a3) sb      s4, 1803(s7)
core   0: 3 0x80010c48 (0x714b85a3) mem 0x800158bb 0x0
core   0: 0x80010c4c (0x70bbca03) lbu     s4, 1803(s7)
core   0: 3 0x80010c4c (0x70bbca03) x20 0x00000000 mem 0x800158bb
core   0: 0x80010c50 (0x52eb9003) lh      zero, 1326(s7)
core   0: 3 0x80010c50 (0x52eb9003) mem 0x800156de
core   0: 0x80010c54 (0x00261293) slli    t0, a2, 2
core   0: 3 0x80010c54 (0x00261293) x 5 0xffffe368
core   0: 0x80010c58 (0x7f4b9d23) sh      s4, 2042(s7)
core   0: 3 0x80010c58 (0x7f4b9d23) mem 0x800159aa 0x0000
core   0: 0x80010c5c (0x01a0fa33) and     s4, ra, s10
core   0: 3 0x80010c5c (0x01a0fa33) x20 0x00000001
core   0: 0x80010c60 (0x4aab9d23) sh      a0, 1210(s7)
core   0: 3 0x80010c60 (0x4aab9d23) mem 0x8001566a 0x558b
core   0: 0x80010c64 (0xee1b8d03) lb      s10, -287(s7)
core   0: 3 0x80010c64 (0xee1b8d03) x26 0x00000048 mem 0x80015091
core   0: 0x80010c68 (0xee1bc183) lbu     gp, -287(s7)
core   0: 3 0x80010c68 (0xee1bc183) x 3 0x00000048 mem 0x80015091
core   0: 0x80010c6c (0xefeb80a3) sb      t5, -287(s7)
core   0: 3 0x80010c6c (0xefeb80a3) mem 0x80015091 0x9e
core   0: 0x80010c70 (0x20c01917) auipc   s2, 0x20c01
core   0: 3 0x80010c70 (0x20c01917) x18 0xa0c11c70
core   0: 0x80010c74 (0xee1bcc83) lbu     s9, -287(s7)
core   0: 3 0x80010c74 (0xee1bcc83) x25 0x0000009e mem 0x80015091
core   0: 0x80010c78 (0x0000ce17) auipc   t3, 0xc
core   0: 3 0x80010c78 (0x0000ce17) x28 0x8001cc78
core   0: 0x80010c7c (0xf86e0e13) addi    t3, t3, -122
core   0: 3 0x80010c7c (0xf86e0e13) x28 0x8001cbfe
core   0: 0x80010c80 (0x005e0503) lb      a0, 5(t3)
core   0: 3 0x80010c80 (0x005e0503) x10 0xffffffb8 mem 0x8001cc03
core   0: 0x80010c84 (0x0127b1b3) sltu    gp, a5, s2
core   0: 3 0x80010c84 (0x0127b1b3) x 3 0x00000001
core   0: 0x80010c88 (0xff9e1c23) sh      s9, -8(t3)
core   0: 3 0x80010c88 (0xff9e1c23) mem 0x8001cbf6 0x009e
core   0: 0x80010c8c (0x00be0d03) lb      s10, 11(t3)
core   0: 3 0x80010c8c (0x00be0d03) x26 0xffffffc2 mem 0x8001cc09
core   0: 0x80010c90 (0x8a5f5237) lui     tp, 0x8a5f5
core   0: 3 0x80010c90 (0x8a5f5237) x 4 0x8a5f5000
core   0: 0x80010c94 (0x013e05a3) sb      s3, 11(t3)
core   0: 3 0x80010c94 (0x013e05a3) mem 0x8001cc09 0x58
core   0: 0x80010c98 (0x005b4633) xor     a2, s6, t0
core   0: 3 0x80010c98 (0x005b4633) x12 0xffffe369
core   0: 0x80010c9c (0x00805a33) srl     s4, zero, s0
core   0: 3 0x80010c9c (0x00805a33) x20 0x00000000
core   0: 0x80010ca0 (0xfeae2d23) sw      a0, -6(t3)
core   0: 3 0x80010ca0 (0xfeae2d23) mem 0x8001cbf8 0xffffffb8
core   0: 0x80010ca4 (0x0000100f) fence.i
core   0: 3 0x80010ca4 (0x0000100f)
core   0: 0x80010ca8 (0xfffe0f03) lb      t5, -1(t3)
core   0: 3 0x80010ca8 (0xfffe0f03) x30 0xffffffb6 mem 0x8001cbfd
core   0: 0x80010cac (0xffce1883) lh      a7, -4(t3)
core   0: 3 0x80010cac (0xffce1883) x17 0xffffffff mem 0x8001cbfa
core   0: 0x80010cb0 (0x004e03a3) sb      tp, 7(t3)
core   0: 3 0x80010cb0 (0x004e03a3) mem 0x8001cc05 0x0
core   0: 0x80010cb4 (0x007e4b83) lbu     s7, 7(t3)
core   0: 3 0x80010cb4 (0x007e4b83) x23 0x00000000 mem 0x8001cc05
core   0: 0x80010cb8 (0xff4e0003) lb      zero, -12(t3)
core   0: 3 0x80010cb8 (0xff4e0003) mem 0x8001cbf2
core   0: 0x80010cbc (0x0ff0000f) fence   iorw,iorw
core   0: 3 0x80010cbc (0x0ff0000f)
core   0: 0x80010cc0 (0x0ff0000f) fence   iorw,iorw
core   0: 3 0x80010cc0 (0x0ff0000f)
core   0: 0x80010cc4 (0x00ae1c03) lh      s8, 10(t3)
core   0: 3 0x80010cc4 (0x00ae1c03) x24 0x000058c3 mem 0x8001cc08
core   0: 0x80010cc8 (0x01fe2523) sw      t6, 10(t3)
core   0: 3 0x80010cc8 (0x01fe2523) mem 0x8001cc08 0xfffffff7
core   0: 0x80010ccc (0x01be0523) sb      s11, 10(t3)
core   0: 3 0x80010ccc (0x01be0523) mem 0x8001cc08 0x49
core   0: 0x80010cd0 (0xfe0e2f23) sw      zero, -2(t3)
core   0: 3 0x80010cd0 (0xfe0e2f23) mem 0x8001cbfc 0x00000000
core   0: 0x80010cd4 (0x00be4483) lbu     s1, 11(t3)
core   0: 3 0x80010cd4 (0x00be4483) x 9 0x000000ff mem 0x8001cc09
core   0: 0x80010cd8 (0xffee1303) lh      t1, -2(t3)
core   0: 3 0x80010cd8 (0xffee1303) x 6 0x00000000 mem 0x8001cbfc
core   0: 0x80010cdc (0x0000e197) auipc   gp, 0xe
core   0: 3 0x80010cdc (0x0000e197) x 3 0x8001ecdc
core   0: 0x80010ce0 (0x1a118193) addi    gp, gp, 417
core   0: 3 0x80010ce0 (0x1a118193) x 3 0x8001ee7d
core   0: 0x80010ce4 (0x00006e97) auipc   t4, 0x6
core   0: 3 0x80010ce4 (0x00006e97) x29 0x80016ce4
core   0: 0x80010ce8 (0x4e7e8e93) addi    t4, t4, 1255
core   0: 3 0x80010ce8 (0x4e7e8e93) x29 0x800171cb
core   0: 0x80010cec (0x00011f17) auipc   t5, 0x11
core   0: 3 0x80010cec (0x00011f17) x30 0x80021cec
core   0: 0x80010cf0 (0x07ef0f13) addi    t5, t5, 126
core   0: 3 0x80010cf0 (0x07ef0f13) x30 0x80021d6a
core   0: 0x80010cf4 (0xfc3f4c83) lbu     s9, -61(t5)
core   0: 3 0x80010cf4 (0xfc3f4c83) x25 0x000000e6 mem 0x80021d2d
core   0: 0x80010cf8 (0x03a18483) lb      s1, 58(gp)
core   0: 3 0x80010cf8 (0x03a18483) x 9 0x0000006c mem 0x8001eeb7
core   0: 0x80010cfc (0xff018d03) lb      s10, -16(gp)
core   0: 3 0x80010cfc (0xff018d03) x26 0x00000026 mem 0x8001ee6d
core   0: 0x80010d00 (0x00010897) auipc   a7, 0x10
core   0: 3 0x80010d00 (0x00010897) x17 0x80020d00
core   0: 0x80010d04 (0xc8688893) addi    a7, a7, -890
core   0: 3 0x80010d04 (0xc8688893) x17 0x80020986
core   0: 0x80010d08 (0x01be9383) lh      t2, 27(t4)
core   0: 3 0x80010d08 (0x01be9383) x 7 0xffff9c9d mem 0x800171e6
core   0: 0x80010d0c (0x099f0923) sb      s9, 146(t5)
core   0: 3 0x80010d0c (0x099f0923) mem 0x80021dfc 0xe6
core   0: 0x80010d10 (0x026e89a3) sb      t1, 51(t4)
core   0: 3 0x80010d10 (0x026e89a3) mem 0x800171fe 0x0
core   0: 0x80010d14 (0xff7198a3) sh      s7, -15(gp)
core   0: 3 0x80010d14 (0xff7198a3) mem 0x8001ee6e 0x0000
core   0: 0x80010d18 (0x00588d03) lb      s10, 5(a7)
core   0: 3 0x80010d18 (0x00588d03) x26 0x00000040 mem 0x8002098b
core   0: 0x80010d1c (0xf9ef2a03) lw      s4, -98(t5)
core   0: 3 0x80010d1c (0xf9ef2a03) x20 0xc0c1c2c3 mem 0x80021d08
core   0: 0x80010d20 (0x02a18f83) lb      t6, 42(gp)
core   0: 3 0x80010d20 (0x02a18f83) x31 0x0000005c mem 0x8001eea7
core   0: 0x80010d24 (0xfed18a83) lb      s5, -19(gp)
core   0: 3 0x80010d24 (0xfed18a83) x21 0x00000021 mem 0x8001ee6a
core   0: 0x80010d28 (0xfde18003) lb      zero, -34(gp)
core   0: 3 0x80010d28 (0xfde18003) mem 0x8001ee5b
core   0: 0x80010d2c (0x064f1383) lh      t2, 100(t5)
core   0: 3 0x80010d2c (0x064f1383) x 7 0xffff8485 mem 0x80021dce
core   0: 0x80010d30 (0xff8e98a3) sh      s8, -15(t4)
core   0: 3 0x80010d30 (0xff8e98a3) mem 0x800171bc 0x58c3
core   0: 0x80010d34 (0x0c4f1083) lh      ra, 196(t5)
core   0: 3 0x80010d34 (0x0c4f1083) x 1 0xffffe400 mem 0x80021e2e
core   0: 0x80010d38 (0x02319a03) lh      s4, 35(gp)
core   0: 3 0x80010d38 (0x02319a03) x20 0x00005a5b mem 0x8001eea0
core   0: 0x80010d3c (0xfe68dd83) lhu     s11, -26(a7)
core   0: 3 0x80010d3c (0xfe68dd83) x27 0x00002627 mem 0x8002096c
core   0: 0x80010d40 (0x0f3f03a3) sb      s3, 231(t5)
core   0: 3 0x80010d40 (0x0f3f03a3) mem 0x80021e51 0x58
core   0: 0x80010d44 (0x023e8a23) sb      gp, 52(t4)
core   0: 3 0x80010d44 (0x023e8a23) mem 0x800171ff 0x7d
core   0: 0x80010d48 (0xff51c703) lbu     a4, -11(gp)
core   0: 3 0x80010d48 (0xff51c703) x14 0x00000029 mem 0x8001ee72
core   0: 0x80010d4c (0x03d886a3) sb      t4, 45(a7)
core   0: 3 0x80010d4c (0x03d886a3) mem 0x800209b3 0xcb
core   0: 0x80010d50 (0xf38f0083) lb      ra, -200(t5)
core   0: 3 0x80010d50 (0xf38f0083) x 1 0x00000059 mem 0x80021ca2
core   0: 0x80010d54 (0xff889923) sh      s8, -14(a7)
core   0: 3 0x80010d54 (0xff889923) mem 0x80020978 0x58c3
core   0: 0x80010d58 (0x03919fa3) sh      s9, 63(gp)
core   0: 3 0x80010d58 (0x03919fa3) mem 0x8001eebc 0x00e6
core   0: 0x80010d5c (0x039e8083) lb      ra, 57(t4)
core   0: 3 0x80010d5c (0x039e8083) x 1 0xffffffbf mem 0x80017204
core   0: 0x80010d60 (0x059f4a03) lbu     s4, 89(t5)
core   0: 3 0x80010d60 (0x059f4a03) x20 0x00000078 mem 0x80021dc3
core   0: 0x80010d64 (0x02e18823) sb      a4, 48(gp)
core   0: 3 0x80010d64 (0x02e18823) mem 0x8001eead 0x29
core   0: 0x80010d68 (0x03588c23) sb      s5, 56(a7)
core   0: 3 0x80010d68 (0x03588c23) mem 0x800209be 0x21
core   0: 0x80010d6c (0x00012217) auipc   tp, 0x12
core   0: 3 0x80010d6c (0x00012217) x 4 0x80022d6c
core   0: 0x80010d70 (0x66b20213) addi    tp, tp, 1643
core   0: 3 0x80010d70 (0x66b20213) x 4 0x800233d7
core   0: 0x80010d74 (0x00004c97) auipc   s9, 0x4
core   0: 3 0x80010d74 (0x00004c97) x25 0x80014d74
core   0: 0x80010d78 (0x542c8c93) addi    s9, s9, 1346
core   0: 3 0x80010d78 (0x542c8c93) x25 0x800152b6
core   0: 0x80010d7c (0x01fc8ca3) sb      t6, 25(s9)
core   0: 3 0x80010d7c (0x01fc8ca3) mem 0x800152cf 0x5c
core   0: 0x80010d80 (0xfe2ca303) lw      t1, -30(s9)
core   0: 3 0x80010d80 (0xfe2ca303) x 6 0xedff0053 mem 0x80015298
core   0: 0x80010d84 (0xf4120c23) sb      ra, -168(tp)
core   0: 3 0x80010d84 (0xf4120c23) mem 0x8002332f 0xbf
core   0: 0x80010d88 (0xffdc8483) lb      s1, -3(s9)
core   0: 3 0x80010d88 (0xffdc8483) x 9 0x00000000 mem 0x800152b3
core   0: 0x80010d8c (0xfc5cca03) lbu     s4, -59(s9)
core   0: 3 0x80010d8c (0xfc5cca03) x20 0x000000b9 mem 0x8001527b
core   0: 0x80010d90 (0x0bb24c03) lbu     s8, 187(tp)
core   0: 3 0x80010d90 (0x0bb24c03) x24 0x00000049 mem 0x80023492
core   0: 0x80010d94 (0xfc4c8ca3) sb      tp, -39(s9)
core   0: 3 0x80010d94 (0xfc4c8ca3) mem 0x8001528f 0xd7
core   0: 0x80010d98 (0xfd4cd583) lhu     a1, -44(s9)
core   0: 3 0x80010d98 (0xfd4cd583) x11 0x00003241 mem 0x8001528a
core   0: 0x80010d9c (0xf7b20623) sb      s11, -148(tp)
core   0: 3 0x80010d9c (0xf7b20623) mem 0x80023343 0x27
core   0: 0x80010da0 (0x07f20c23) sb      t6, 120(tp)
core   0: 3 0x80010da0 (0x07f20c23) mem 0x8002344f 0x5c
core   0: 0x80010da4 (0xf4a20583) lb      a1, -182(tp)
core   0: 3 0x80010da4 (0xf4a20583) x11 0xffffffda mem 0x80023321
core   0: 0x80010da8 (0x01cc8323) sb      t3, 6(s9)
core   0: 3 0x80010da8 (0x01cc8323) mem 0x800152bc 0xfe
core   0: 0x80010dac (0xfdc24383) lbu     t2, -36(tp)
core   0: 3 0x80010dac (0xfdc24383) x 7 0x00000068 mem 0x800233b3
core   0: 0x80010db0 (0xfebcc603) lbu     a2, -21(s9)
core   0: 3 0x80010db0 (0xfebcc603) x12 0x0000005a mem 0x800152a1
core   0: 0x80010db4 (0x00005d97) auipc   s11, 0x5
core   0: 3 0x80010db4 (0x00005d97) x27 0x80015db4
core   0: 0x80010db8 (0x137d8d93) addi    s11, s11, 311
core   0: 3 0x80010db8 (0x137d8d93) x27 0x80015eeb
core   0: 0x80010dbc (0x0000ee97) auipc   t4, 0xe
core   0: 3 0x80010dbc (0x0000ee97) x29 0x8001edbc
core   0: 0x80010dc0 (0xc3ee8e93) addi    t4, t4, -962
core   0: 3 0x80010dc0 (0xc3ee8e93) x29 0x8001e9fa
core   0: 0x80010dc4 (0xf0becf83) lbu     t6, -245(t4)
core   0: 3 0x80010dc4 (0xf0becf83) x31 0x000000be mem 0x8001e905
core   0: 0x80010dc8 (0xfeed8e23) sb      a4, -4(s11)
core   0: 3 0x80010dc8 (0xfeed8e23) mem 0x80015ee7 0x29
core   0: 0x80010dcc (0xfc6e8883) lb      a7, -58(t4)
core   0: 3 0x80010dcc (0xfc6e8883) x17 0xfffffffd mem 0x8001e9c0
core   0: 0x80010dd0 (0xff0d8503) lb      a0, -16(s11)
core   0: 3 0x80010dd0 (0xff0d8503) x10 0xffffff90 mem 0x80015edb
core   0: 0x80010dd4 (0x04aea903) lw      s2, 74(t4)
core   0: 3 0x80010dd4 (0x04aea903) x18 0xfcfdfeff mem 0x8001ea44
core   0: 0x80010dd8 (0xffdda583) lw      a1, -3(s11)
core   0: 3 0x80010dd8 (0xffdda583) x11 0xa0a1a2a3 mem 0x80015ee8
core   0: 0x80010ddc (0x010d91a3) sh      a6, 3(s11)
core   0: 3 0x80010ddc (0x010d91a3) mem 0x80015eee 0x0001
core   0: 0x80010de0 (0x0d4e9723) sh      s4, 206(t4)
core   0: 3 0x80010de0 (0x0d4e9723) mem 0x8001eac8 0x00b9
core   0: 0x80010de4 (0xf06e85a3) sb      t1, -245(t4)
core   0: 3 0x80010de4 (0xf06e85a3) mem 0x8001e905 0x53
core   0: 0x80010de8 (0x012d8223) sb      s2, 4(s11)
core   0: 3 0x80010de8 (0x012d8223) mem 0x80015eef 0xff
core   0: 0x80010dec (0x0c8e9283) lh      t0, 200(t4)
core   0: 3 0x80010dec (0x0c8e9283) x 5 0x00007879 mem 0x8001eac2
core   0: 0x80010df0 (0xff0d8303) lb      t1, -16(s11)
core   0: 3 0x80010df0 (0xff0d8303) x 6 0xffffff90 mem 0x80015edb
core   0: 0x80010df4 (0xf0ce8123) sb      a2, -254(t4)
core   0: 3 0x80010df4 (0xf0ce8123) mem 0x8001e8fc 0x5a
core   0: 0x80010df8 (0x0a0e9703) lh      a4, 160(t4)
core   0: 3 0x80010df8 (0x0a0e9703) x14 0x00005051 mem 0x8001ea9a
core   0: 0x80010dfc (0x00004797) auipc   a5, 0x4
core   0: 3 0x80010dfc (0x00004797) x15 0x80014dfc
core   0: 0x80010e00 (0x73278793) addi    a5, a5, 1842
core   0: 3 0x80010e00 (0x73278793) x15 0x8001552e
core   0: 0x80010e04 (0x00c78183) lb      gp, 12(a5)
core   0: 3 0x80010e04 (0x00c78183) x 3 0xfffffff1 mem 0x8001553a
core   0: 0x80010e08 (0x01379623) sh      s3, 12(a5)
core   0: 3 0x80010e08 (0x01379623) mem 0x8001553a 0xae58
core   0: 0x80010e0c (0x01478623) sb      s4, 12(a5)
core   0: 3 0x80010e0c (0x01478623) mem 0x8001553a 0xb9
core   0: 0x80010e10 (0x00c7d803) lhu     a6, 12(a5)
core   0: 3 0x80010e10 (0x00c7d803) x16 0x0000aeb9 mem 0x8001553a
core   0: 0x80010e14 (0x01779623) sh      s7, 12(a5)
core   0: 3 0x80010e14 (0x01779623) mem 0x8001553a 0x0000
core   0: 0x80010e18 (0x00c79883) lh      a7, 12(a5)
core   0: 3 0x80010e18 (0x00c79883) x17 0x00000000 mem 0x8001553a
core   0: 0x80010e1c (0x00c79903) lh      s2, 12(a5)
core   0: 3 0x80010e1c (0x00c79903) x18 0x00000000 mem 0x8001553a
core   0: 0x80010e20 (0x01978623) sb      s9, 12(a5)
core   0: 3 0x80010e20 (0x01978623) mem 0x8001553a 0xb6
core   0: 0x80010e24 (0x00c78903) lb      s2, 12(a5)
core   0: 3 0x80010e24 (0x00c78903) x18 0xffffffb6 mem 0x8001553a
core   0: 0x80010e28 (0x001da0b3) slt     ra, s11, ra
core   0: 3 0x80010e28 (0x001da0b3) x 1 0x00000001
core   0: 0x80010e2c (0x12e84013) xori    zero, a6, 302
core   0: 3 0x80010e2c (0x12e84013)
core   0: 0x80010e30 (0x0000100f) fence.i
core   0: 3 0x80010e30 (0x0000100f)
core   0: 0x80010e34 (0x00c7d903) lhu     s2, 12(a5)
core   0: 3 0x80010e34 (0x00c7d903) x18 0x000000b6 mem 0x8001553a
core   0: 0x80010e38 (0x00c7c903) lbu     s2, 12(a5)
core   0: 3 0x80010e38 (0x00c7c903) x18 0x000000b6 mem 0x8001553a
core   0: 0x80010e3c (0x01978623) sb      s9, 12(a5)
core   0: 3 0x80010e3c (0x01978623) mem 0x8001553a 0xb6
core   0: 0x80010e40 (0x00c79f83) lh      t6, 12(a5)
core   0: 3 0x80010e40 (0x00c79f83) x31 0x000000b6 mem 0x8001553a
core   0: 0x80010e44 (0x00a75733) srl     a4, a4, a0
core   0: 3 0x80010e44 (0x00a75733) x14 0x00000000
core   0: 0x80010e48 (0x00373a33) sltu    s4, a4, gp
core   0: 3 0x80010e48 (0x00373a33) x20 0x00000001
core   0: 0x80010e4c (0x014ce733) or      a4, s9, s4
core   0: 3 0x80010e4c (0x014ce733) x14 0x800152b7
core   0: 0x80010e50 (0x4024d513) srai    a0, s1, 2
core   0: 3 0x80010e50 (0x4024d513) x10 0x00000000
core   0: 0x80010e54 (0x2c47e413) ori     s0, a5, 708
core   0: 3 0x80010e54 (0x2c47e413) x 8 0x800157ee
core   0: 0x80010e58 (0x0214c263) blt     s1, ra, pc + 36
core   0: 3 0x80010e58 (0x0214c263)
core   0: 0x80010e7c (0x01b63c33) sltu    s8, a2, s11
core   0: 3 0x80010e7c (0x01b63c33) x24 0x00000001
core   0: 0x80010e80 (0x017d3db3) sltu    s11, s10, s7
core   0: 3 0x80010e80 (0x017d3db3) x27 0x00000000
core   0: 0x80010e84 (0x03087e63) bgeu    a6, a6, pc + 60
core   0: 3 0x80010e84 (0x03087e63)
core   0: 0x80010ec0 (0x04b41463) bne     s0, a1, pc + 72
core   0: 3 0x80010ec0 (0x04b41463)
core   0: 0x80010f08 (0x0000100f) fence.i
core   0: 3 0x80010f08 (0x0000100f)
core   0: 0x80010f0c (0x01d80d33) add     s10, a6, t4
core   0: 3 0x80010f0c (0x01d80d33) x26 0x800298b3
core   0: 0x80010f10 (0x40d4d333) sra     t1, s1, a3
core   0: 3 0x80010f10 (0x40d4d333) x 6 0x00000000
core   0: 0x80010f14 (0x0138ebb3) or      s7, a7, s3
core   0: 3 0x80010f14 (0x0138ebb3) x23 0x8002ae58
core   0: 0x80010f18 (0x0091bfb3) sltu    t6, gp, s1
core   0: 3 0x80010f18 (0x0091bfb3) x31 0x00000000
core   0: 0x80010f1c (0x01d90833) add     a6, s2, t4
core   0: 3 0x80010f1c (0x01d90833) x16 0x8001eab0
core   0: 0x80010f20 (0x01521533) sll     a0, tp, s5
core   0: 3 0x80010f20 (0x01521533) x10 0x000467ae
core   0: 0x80010f24 (0x41008f33) sub     t5, ra, a6
core   0: 3 0x80010f24 (0x41008f33) x30 0x7ffe1551
core   0: 0x80010f28 (0xf6930f13) addi    t5, t1, -151
core   0: 3 0x80010f28 (0xf6930f13) x30 0xffffff69
core   0: 0x80010f2c (0xefc36393) ori     t2, t1, -260
core   0: 3 0x80010f2c (0xefc36393) x 7 0xfffffefc
core   0: 0x80010f30 (0x01438d33) add     s10, t2, s4
core   0: 3 0x80010f30 (0x01438d33) x26 0xfffffefd
core   0: 0x80010f34 (0x054f6263) bltu    t5, s4, pc + 68
core   0: 3 0x80010f34 (0x054f6263)
core   0: 0x80010f38 (0x030e0863) beq     t3, a6, pc + 48
core   0: 3 0x80010f38 (0x030e0863)
core   0: 0x80010f3c (0xc009ec17) auipc   s8, 0xc009e
core   0: 3 0x80010f3c (0xc009ec17) x24 0x400aef3c
core   0: 0x80010f40 (0x019d5263) bge     s10, s9, pc + 4
core   0: 3 0x80010f40 (0x019d5263)
core   0: 0x80010f44 (0x03185663) bge     a6, a7, pc + 44
core   0: 3 0x80010f44 (0x03185663)
core   0: 0x80010f48 (0x4188d913) srai    s2, a7, 24
core   0: 3 0x80010f48 (0x4188d913) x18 0x00000000
core   0: 0x80010f4c (0x8d608d13) addi    s10, ra, -1834
core   0: 3 0x80010f4c (0x8d608d13) x26 0xfffff8d7
core   0: 0x80010f50 (0x01f75793) srli    a5, a4, 31
core   0: 3 0x80010f50 (0x01f75793) x15 0x00000001
core   0: 0x80010f54 (0x6a006f93) ori     t6, zero, 1696
core   0: 3 0x80010f54 (0x6a006f93) x31 0x000006a0
core   0: 0x80010f58 (0x40d3dd93) srai    s11, t2, 13
core   0: 3 0x80010f58 (0x40d3dd93) x27 0xffffffff
core   0: 0x80010f5c (0x419cdd93) srai    s11, s9, 25
core   0: 3 0x80010f5c (0x419cdd93) x27 0xffffffc0
core   0: 0x80010f60 (0x013a0863) beq     s4, s3, pc + 16
core   0: 3 0x80010f60 (0x013a0863)
core   0: 0x80010f64 (0x6c330893) addi    a7, t1, 1731
core   0: 3 0x80010f64 (0x6c330893) x17 0x000006c3
core   0: 0x80010f68 (0x0000100f) fence.i
core   0: 3 0x80010f68 (0x0000100f)
core   0: 0x80010f6c (0x6eef8813) addi    a6, t6, 1774
core   0: 3 0x80010f6c (0x6eef8813) x16 0x00000d8e
core   0: 0x80010f70 (0xd282a293) slti    t0, t0, -728
core   0: 3 0x80010f70 (0xd282a293) x 5 0x00000000
core   0: 0x80010f74 (0xc498ccb7) lui     s9, 0xc498c
core   0: 3 0x80010f74 (0xc498ccb7) x25 0xc498c000
core   0: 0x80010f78 (0x036b9a63) bne     s7, s6, pc + 52
core   0: 3 0x80010f78 (0x036b9a63)
core   0: 0x80010fac (0x00fecc63) blt     t4, a5, pc + 24
core   0: 3 0x80010fac (0x00fecc63)
core   0: 0x80010fc4 (0x0a1cb313) sltiu   t1, s9, 161
core   0: 3 0x80010fc4 (0x0a1cb313) x 6 0x00000000
core   0: 0x80010fc8 (0x01eceab3) or      s5, s9, t5
core   0: 3 0x80010fc8 (0x01eceab3) x21 0xffffff69
core   0: 0x80010fcc (0x0ff0000f) fence   iorw,iorw
core   0: 3 0x80010fcc (0x0ff0000f)
core   0: 0x80010fd0 (0x022e8497) auipc   s1, 0x22e8
core   0: 3 0x80010fd0 (0x022e8497) x 9 0x822f8fd0
core   0: 0x80010fd4 (0x009104b3) add     s1, sp, s1
core   0: 3 0x80010fd4 (0x009104b3) x 9 0x02327cb4
core   0: 0x80010fd8 (0x02cdda63) bge     s11, a2, pc + 52
core   0: 3 0x80010fd8 (0x02cdda63)
core   0: 0x80010fdc (0x40280db3) sub     s11, a6, sp
core   0: 3 0x80010fdc (0x40280db3) x27 0x7ffd20aa
core   0: 0x80010fe0 (0x014d9a33) sll     s4, s11, s4
core   0: 3 0x80010fe0 (0x014d9a33) x20 0xfffa4154
core   0: 0x80010fe4 (0x01f763b3) or      t2, a4, t6
core   0: 3 0x80010fe4 (0x01f763b3) x 7 0x800156b7
core   0: 0x80010fe8 (0x417edeb3) sra     t4, t4, s7
core   0: 3 0x80010fe8 (0x417edeb3) x29 0xffffff80
core   0: 0x80010fec (0x148af317) auipc   t1, 0x148af
core   0: 3 0x80010fec (0x148af317) x 6 0x948bffec
core   0: 0x80010ff0 (0x017d9863) bne     s11, s7, pc + 16
core   0: 3 0x80010ff0 (0x017d9863)
core   0: 0x80011000 (0x02d79c63) bne     a5, a3, pc + 56
core   0: 3 0x80011000 (0x02d79c63)
core   0: 0x80011038 (0x40d15893) srai    a7, sp, 13
core   0: 3 0x80011038 (0x40d15893) x17 0xfffc0017
core   0: 0x8001103c (0x0344d063) bge     s1, s4, pc + 32
core   0: 3 0x8001103c (0x0344d063)
core   0: 0x8001105c (0x00755663) bge     a0, t2, pc + 12
core   0: 3 0x8001105c (0x00755663)
core   0: 0x80011068 (0x01b2a833) slt     a6, t0, s11
core   0: 3 0x80011068 (0x01b2a833) x16 0x00000001
core   0: 0x8001106c (0x871550b7) lui     ra, 0x87155
core   0: 3 0x8001106c (0x871550b7) x 1 0x87155000
core   0: 0x80011070 (0x03c78663) beq     a5, t3, pc + 44
core   0: 3 0x80011070 (0x03c78663)
core   0: 0x80011074 (0x04e30863) beq     t1, a4, pc + 80
core   0: 3 0x80011074 (0x04e30863)
core   0: 0x80011078 (0x01e4fa63) bgeu    s1, t5, pc + 20
core   0: 3 0x80011078 (0x01e4fa63)
core   0: 0x8001107c (0x3b432f13) slti    t5, t1, 948
core   0: 3 0x8001107c (0x3b432f13) x30 0x00000001
core   0: 0x80011080 (0x01712b33) slt     s6, sp, s7
core   0: 3 0x80011080 (0x01712b33) x22 0x00000000
core   0: 0x80011084 (0xa0fd3893) sltiu   a7, s10, -1521
core   0: 3 0x80011084 (0xa0fd3893) x17 0x00000001
core   0: 0x80011088 (0xadda3413) sltiu   s0, s4, -1315
core   0: 3 0x80011088 (0xadda3413) x 8 0x00000001
core   0: 0x8001108c (0x00b611b3) sll     gp, a2, a1
core   0: 3 0x8001108c (0x00b611b3) x 3 0x000002d0
core   0: 0x80011090 (0x41c6dbb3) sra     s7, a3, t3
core   0: 3 0x80011090 (0x41c6dbb3) x23 0xfffffffe
core   0: 0x80011094 (0x01df5d33) srl     s10, t5, t4
core   0: 3 0x80011094 (0x01df5d33) x26 0x00000001
core   0: 0x80011098 (0x1ad4ab93) slti    s7, s1, 429
core   0: 3 0x80011098 (0x1ad4ab93) x23 0x00000000
core   0: 0x8001109c (0x29f3bd13) sltiu   s10, t2, 671
core   0: 3 0x8001109c (0x29f3bd13) x26 0x00000000
core   0: 0x800110a0 (0x2e9fc913) xori    s2, t6, 745
core   0: 3 0x800110a0 (0x2e9fc913) x18 0x00000449
core   0: 0x800110a4 (0x8ad43037) lui     zero, 0x8ad43
core   0: 3 0x800110a4 (0x8ad43037)
core   0: 0x800110a8 (0x00000013) nop
core   0: 3 0x800110a8 (0x00000013)
core   0: 0x800110ac (0x00f91a13) slli    s4, s2, 15
core   0: 3 0x800110ac (0x00f91a13) x20 0x02248000
core   0: 0x800110b0 (0x009d88b3) add     a7, s11, s1
core   0: 3 0x800110b0 (0x009d88b3) x17 0x822f9d5e
core   0: 0x800110b4 (0x017997b3) sll     a5, s3, s7
core   0: 3 0x800110b4 (0x017997b3) x15 0x8002ae58
core   0: 0x800110b8 (0x4143d8b3) sra     a7, t2, s4
core   0: 3 0x800110b8 (0x4143d8b3) x17 0x800156b7
core   0: 0x800110bc (0x95a1c593) xori    a1, gp, -1702
core   0: 3 0x800110bc (0x95a1c593) x11 0xfffffb8a
core   0: 0x800110c0 (0x4bcef313) andi    t1, t4, 1212
core   0: 3 0x800110c0 (0x4bcef313) x 6 0x00000480
core   0: 0x800110c4 (0x41c20fb3) sub     t6, tp, t3
core   0: 3 0x800110c4 (0x41c20fb3) x31 0x000067d9
core   0: 0x800110c8 (0x02d974b7) lui     s1, 0x2d97
core   0: 3 0x800110c8 (0x02d974b7) x 9 0x02d97000
core   0: 0x800110cc (0x016b5263) bge     s6, s6, pc + 4
core   0: 3 0x800110cc (0x016b5263)
core   0: 0x800110d0 (0x01912533) slt     a0, sp, s9
core   0: 3 0x800110d0 (0x01912533) x10 0x00000001
core   0: 0x800110d4 (0x86d53793) sltiu   a5, a0, -1939
core   0: 3 0x800110d4 (0x86d53793) x15 0x00000001
core   0: 0x800110d8 (0x0562f663) bgeu    t0, s6, pc + 76
core   0: 3 0x800110d8 (0x0562f663)
core   0: 0x80011124 (0x01d9a633) slt     a2, s3, t4
core   0: 3 0x80011124 (0x01d9a633) x12 0x00000001
core   0: 0x80011128 (0x01f30733) add     a4, t1, t6
core   0: 3 0x80011128 (0x01f30733) x14 0x00006c59
core   0: 0x8001112c (0x41ae8d33) sub     s10, t4, s10
core   0: 3 0x8001112c (0x41ae8d33) x26 0xffffff80
core   0: 0x80011130 (0x7225f813) andi    a6, a1, 1826
core   0: 3 0x80011130 (0x7225f813) x16 0x00000302
core   0: 0x80011134 (0x015cec63) bltu    s9, s5, pc + 24
core   0: 3 0x80011134 (0x015cec63)
core   0: 0x8001114c (0xf1fbea93) ori     s5, s7, -225
core   0: 3 0x8001114c (0xf1fbea93) x21 0xffffff1f
core   0: 0x80011150 (0x00bfbdb3) sltu    s11, t6, a1
core   0: 3 0x80011150 (0x00bfbdb3) x27 0x00000001
core   0: 0x80011154 (0x81468f93) addi    t6, a3, -2028
core   0: 3 0x80011154 (0x81468f93) x31 0x7ffff814
core   0: 0x80011158 (0x6b6aeab7) lui     s5, 0x6b6ae
core   0: 3 0x80011158 (0x6b6aeab7) x21 0x6b6ae000
core   0: 0x8001115c (0x9c2fd637) lui     a2, 0x9c2fd
core   0: 3 0x8001115c (0x9c2fd637) x12 0x9c2fd000
core   0: 0x80011160 (0x00ca5613) srli    a2, s4, 12
core   0: 3 0x80011160 (0x00ca5613) x12 0x00002248
core   0: 0x80011164 (0x0ff0000f) fence   iorw,iorw
core   0: 3 0x80011164 (0x0ff0000f)
core   0: 0x80011168 (0x01a66b33) or      s6, a2, s10
core   0: 3 0x80011168 (0x01a66b33) x22 0xffffffc8
core   0: 0x8001116c (0x002b22b3) slt     t0, s6, sp
core   0: 3 0x8001116c (0x002b22b3) x 5 0x00000000
core   0: 0x80011170 (0x00d8d293) srli    t0, a7, 13
core   0: 3 0x80011170 (0x00d8d293) x 5 0x0004000a
core   0: 0x80011174 (0x00c2f263) bgeu    t0, a2, pc + 4
core   0: 3 0x80011174 (0x00c2f263)
core   0: 0x80011178 (0x2863af13) slti    t5, t2, 646
core   0: 3 0x80011178 (0x2863af13) x30 0x00000001
core   0: 0x8001117c (0x227f3b13) sltiu   s6, t5, 551
core   0: 3 0x8001117c (0x227f3b13) x22 0x00000001
core   0: 0x80011180 (0x01ffd293) srli    t0, t6, 31
core   0: 3 0x80011180 (0x01ffd293) x 5 0x00000000
core   0: 0x80011184 (0x01769193) slli    gp, a3, 23
core   0: 3 0x80011184 (0x01769193) x 3 0x00000000
core   0: 0x80011188 (0x0049a303) lw      t1, 4(s3)
core   0: 3 0x80011188 (0x0049a303) x 6 0x8000c23c mem 0x8002ae5c
core   0: 0x8001118c (0x40270733) sub     a4, a4, sp
core   0: 3 0x8001118c (0x40270733) x14 0x7ffd7f75
core   0: 0x80011190 (0x41265a13) srai    s4, a2, 18
core   0: 3 0x80011190 (0x41265a13) x20 0x00000000
core   0: 0x80011194 (0x005c54b3) srl     s1, s8, t0
core   0: 3 0x80011194 (0x005c54b3) x 9 0x400aef3c
core   0: 0x80011198 (0x00c98993) addi    s3, s3, 12
core   0: 3 0x80011198 (0x00c98993) x19 0x8002ae64
core   0: 0x8001119c (0x00584eb3) xor     t4, a6, t0
core   0: 3 0x8001119c (0x00584eb3) x29 0x00000302
core   0: 0x800111a0 (0xb2d0b093) sltiu   ra, ra, -1235
core   0: 3 0x800111a0 (0xb2d0b093) x 1 0x00000001
core   0: 0x800111a4 (0x006b08b3) add     a7, s6, t1
core   0: 3 0x800111a4 (0x006b08b3) x17 0x8000c23d
core   0: 0x800111a8 (0x00000013) nop
core   0: 3 0x800111a8 (0x00000013)
core   0: 0x800111ac (0x00030213) mv      tp, t1
core   0: 3 0x800111ac (0x00030213) x 4 0x8000c23c
core   0: 0x800111b0 (0x00020267) jalr    tp, tp, 0
core   0: 3 0x800111b0 (0x00020267) x 4 0x800111b4
core   0: 0x8000c23c (0x0ff0000f) fence   iorw,iorw
core   0: 3 0x8000c23c (0x0ff0000f)
core   0: 0x8000c240 (0x00c70f33) add     t5, a4, a2
core   0: 3 0x8000c240 (0x00c70f33) x30 0x7ffda1bd
core   0: 0x8000c244 (0xbe2d6893) ori     a7, s10, -1054
core   0: 3 0x8000c244 (0xbe2d6893) x17 0xffffffe2
core   0: 0x8000c248 (0x4ff54637) lui     a2, 0x4ff54
core   0: 3 0x8000c248 (0x4ff54637) x12 0x4ff54000
core   0: 0x8000c24c (0xcdd24e93) xori    t4, tp, -803
core   0: 3 0x8000c24c (0xcdd24e93) x29 0x7ffeed69
core   0: 0x8000c250 (0x33b98737) lui     a4, 0x33b98
core   0: 3 0x8000c250 (0x33b98737) x14 0x33b98000
core   0: 0x8000c254 (0x00165463) bge     a2, ra, pc + 8
core   0: 3 0x8000c254 (0x00165463)
core   0: 0x8000c25c (0xa010ce93) xori    t4, ra, -1535
core   0: 3 0x8000c25c (0xa010ce93) x29 0xfffffa00
core   0: 0x8000c260 (0x0052c263) blt     t0, t0, pc + 4
core   0: 3 0x8000c260 (0x0052c263)
core   0: 0x8000c264 (0x01b450b3) srl     ra, s0, s11
core   0: 3 0x8000c264 (0x01b450b3) x 1 0x00000000
core   0: 0x8000c268 (0x00889813) slli    a6, a7, 8
core   0: 3 0x8000c268 (0x00889813) x16 0xffffe200
core   0: 0x8000c26c (0x0045c463) blt     a1, tp, pc + 8
core   0: 3 0x8000c26c (0x0045c463)
core   0: 0x8000c270 (0x00124463) blt     tp, ra, pc + 8
core   0: 3 0x8000c270 (0x00124463)
core   0: 0x8000c278 (0x6c534413) xori    s0, t1, 1733
core   0: 3 0x8000c278 (0x6c534413) x 8 0x8000c4f9
core   0: 0x8000c27c (0x9770bd13) sltiu   s10, ra, -1673
core   0: 3 0x8000c27c (0x9770bd13) x26 0x00000001
core   0: 0x8000c280 (0x40c15933) sra     s2, sp, a2
core   0: 3 0x8000c280 (0x40c15933) x18 0x8002ece4
core   0: 0x8000c284 (0x58a67793) andi    a5, a2, 1418
core   0: 3 0x8000c284 (0x58a67793) x15 0x00000000
core   0: 0x8000c288 (0x01d988b3) add     a7, s3, t4
core   0: 3 0x8000c288 (0x01d988b3) x17 0x8002a864
core   0: 0x8000c28c (0x0000100f) fence.i
core   0: 3 0x8000c28c (0x0000100f)
core   0: 0x8000c290 (0x68443513) sltiu   a0, s0, 1668
core   0: 3 0x8000c290 (0x68443513) x10 0x00000000
core   0: 0x8000c294 (0x41610333) sub     t1, sp, s6
core   0: 3 0x8000c294 (0x41610333) x 6 0x8002ece3
core   0: 0x8000c298 (0x00000013) nop
core   0: 3 0x8000c298 (0x00000013)
core   0: 0x8000c29c (0x045ef663) bgeu    t4, t0, pc + 76
core   0: 3 0x8000c29c (0x045ef663)
core   0: 0x8000c2e8 (0x4022dd13) srai    s10, t0, 2
core   0: 3 0x8000c2e8 (0x4022dd13) x26 0x00000000
core   0: 0x8000c2ec (0x00000013) nop
core   0: 3 0x8000c2ec (0x00000013)
core   0: 0x8000c2f0 (0x48b43893) sltiu   a7, s0, 1163
core   0: 3 0x8000c2f0 (0x48b43893) x17 0x00000000
core   0: 0x8000c2f4 (0x0018d193) srli    gp, a7, 1
core   0: 3 0x8000c2f4 (0x0018d193) x 3 0x00000000
core   0: 0x8000c2f8 (0x05077663) bgeu    a4, a6, pc + 76
core   0: 3 0x8000c2f8 (0x05077663)
core   0: 0x8000c2fc (0x45030397) auipc   t2, 0x45030
core   0: 3 0x8000c2fc (0x45030397) x 7 0xc503c2fc
core   0: 0x8000c300 (0x015c5793) srli    a5, s8, 21
core   0: 3 0x8000c300 (0x015c5793) x15 0x00000200
core   0: 0x8000c304 (0x00985833) srl     a6, a6, s1
core   0: 3 0x8000c304 (0x00985833) x16 0x0000000f
core   0: 0x8000c308 (0x00a54e63) blt     a0, a0, pc + 28
core   0: 3 0x8000c308 (0x00a54e63)
core   0: 0x8000c30c (0x0024fd33) and     s10, s1, sp
core   0: 3 0x8000c30c (0x0024fd33) x26 0x0002ec24
core   0: 0x8000c310 (0x40275e93) srai    t4, a4, 2
core   0: 3 0x8000c310 (0x40275e93) x29 0x0cee6000
core   0: 0x8000c314 (0x0ff0000f) fence   iorw,iorw
core   0: 3 0x8000c314 (0x0ff0000f)
core   0: 0x8000c318 (0x0000100f) fence.i
core   0: 3 0x8000c318 (0x0000100f)
core   0: 0x8000c31c (0x410851b3) sra     gp, a6, a6
core   0: 3 0x8000c31c (0x410851b3) x 3 0x00000000
core   0: 0x8000c320 (0xf6b84b13) xori    s6, a6, -149
core   0: 3 0x8000c320 (0xf6b84b13) x22 0xffffff64
core   0: 0x8000c324 (0x00d4d263) bge     s1, a3, pc + 4
core   0: 3 0x8000c324 (0x00d4d263)
core   0: 0x8000c328 (0xbf813797) auipc   a5, 0xbf813
core   0: 3 0x8000c328 (0xbf813797) x15 0x3f81f328
core   0: 0x8000c32c (0x01aaacb3) slt     s9, s5, s10
core   0: 3 0x8000c32c (0x01aaacb3) x25 0x00000000
core   0: 0x8000c330 (0x0ff0000f) fence   iorw,iorw
core   0: 3 0x8000c330 (0x0ff0000f)
core   0: 0x8000c334 (0x01b8cbb3) xor     s7, a7, s11
core   0: 3 0x8000c334 (0x01b8cbb3) x23 0x00000001
core   0: 0x8000c338 (0x00681a63) bne     a6, t1, pc + 20
core   0: 3 0x8000c338 (0x00681a63)
core   0: 0x8000c34c (0x408f0f33) sub     t5, t5, s0
core   0: 3 0x8000c34c (0x408f0f33) x30 0xfffcdcc4
core   0: 0x8000c350 (0x33ba2f97) auipc   t6, 0x33ba2
core   0: 3 0x8000c350 (0x33ba2f97) x31 0xb3bae350
core   0: 0x8000c354 (0x044d6063) bltu    s10, tp, pc + 64
core   0: 3 0x8000c354 (0x044d6063)
core   0: 0x8000c394 (0x038a4c63) blt     s4, s8, pc + 56
core   0: 3 0x8000c394 (0x038a4c63)
core   0: 0x8000c3cc (0x00640233) add     tp, s0, t1
core   0: 3 0x8000c3cc (0x00640233) x 4 0x0003b1dc
core   0: 0x8000c3d0 (0x0233da63) bge     t2, gp, pc + 52
core   0: 3 0x8000c3d0 (0x0233da63)
core   0: 0x8000c3d4 (0xbb1fb093) sltiu   ra, t6, -1103
core   0: 3 0x8000c3d4 (0xbb1fb093) x 1 0x00000001
core   0: 0x8000c3d8 (0x0028c533) xor     a0, a7, sp
core   0: 3 0x8000c3d8 (0x0028c533) x10 0x8002ece4
core   0: 0x8000c3dc (0x00a61293) slli    t0, a2, 10
core   0: 3 0x8000c3dc (0x00a61293) x 5 0xd5000000
core   0: 0x8000c3e0 (0x0094d813) srli    a6, s1, 9
core   0: 3 0x8000c3e0 (0x0094d813) x16 0x00200577
core   0: 0x8000c3e4 (0x0039aa33) slt     s4, s3, gp
core   0: 3 0x8000c3e4 (0x0039aa33) x20 0x00000001
core   0: 0x8000c3e8 (0x96e1f593) andi    a1, gp, -1682
core   0: 3 0x8000c3e8 (0x96e1f593) x11 0x00000000
core   0: 0x8000c3ec (0x00148a33) add     s4, s1, ra
core   0: 3 0x8000c3ec (0x00148a33) x20 0x400aef3d
core   0: 0x8000c3f0 (0x415d0bb3) sub     s7, s10, s5
core   0: 3 0x8000c3f0 (0x415d0bb3) x23 0x94980c24
core   0: 0x8000c3f4 (0x01b8d313) srli    t1, a7, 27
core   0: 3 0x8000c3f4 (0x01b8d313) x 6 0x00000000
core   0: 0x8000c3f8 (0x00a90863) beq     s2, a0, pc + 16
core   0: 3 0x8000c3f8 (0x00a90863)
core   0: 0x8000c408 (0x02fb1463) bne     s6, a5, pc + 40
core   0: 3 0x8000c408 (0x02fb1463)
core   0: 0x8000c430 (0x006f9f13) slli    t5, t6, 6
core   0: 3 0x8000c430 (0x006f9f13) x30 0xeeb8d400
core   0: 0x8000c434 (0x3b3ce713) ori     a4, s9, 947
core   0: 3 0x8000c434 (0x3b3ce713) x14 0x000003b3
core   0: 0x8000c438 (0x007a9eb3) sll     t4, s5, t2
core   0: 3 0x8000c438 (0x007a9eb3) x29 0x00000000
core   0: 0x8000c43c (0x045c5063) bge     s8, t0, pc + 64
core   0: 3 0x8000c43c (0x045c5063)
core   0: 0x8000c47c (0x0764f513) andi    a0, s1, 118
core   0: 3 0x8000c47c (0x0764f513) x10 0x00000034
core   0: 0x8000c480 (0x5d4fa637) lui     a2, 0x5d4fa
core   0: 3 0x8000c480 (0x5d4fa637) x12 0x5d4fa000
core   0: 0x8000c484 (0x02d5ea63) bltu    a1, a3, pc + 52
core   0: 3 0x8000c484 (0x02d5ea63)
core   0: 0x8000c4b8 (0x00461713) slli    a4, a2, 4
core   0: 3 0x8000c4b8 (0x00461713) x14 0xd4fa0000
core   0: 0x8000c4bc (0x01466463) bltu    a2, s4, pc + 8
core   0: 3 0x8000c4bc (0x01466463)
core   0: 0x8000c4c0 (0x00f25e93) srli    t4, tp, 15
core   0: 3 0x8000c4c0 (0x00f25e93) x29 0x00000007
core   0: 0x8000c4c4 (0xff50af93) slti    t6, ra, -11
core   0: 3 0x8000c4c4 (0xff50af93) x31 0x00000000
core   0: 0x8000c4c8 (0x292ba893) slti    a7, s7, 658
core   0: 3 0x8000c4c8 (0x292ba893) x17 0x00000001
core   0: 0x8000c4cc (0x00edd033) srl     zero, s11, a4
core   0: 3 0x8000c4cc (0x00edd033)
core   0: 0x8000c4d0 (0x40155893) srai    a7, a0, 1
core   0: 3 0x8000c4d0 (0x40155893) x17 0x0000001a
core   0: 0x8000c4d4 (0x01456ab3) or      s5, a0, s4
core   0: 3 0x8000c4d4 (0x01456ab3) x21 0x400aef3d
core   0: 0x8000c4d8 (0x0084b833) sltu    a6, s1, s0
core   0: 3 0x8000c4d8 (0x0084b833) x16 0x00000001
core   0: 0x8000c4dc (0x9c3a0193) addi    gp, s4, -1597
core   0: 3 0x8000c4dc (0x9c3a0193) x 3 0x400ae900
core   0: 0x8000c4e0 (0x181d6a93) ori     s5, s10, 385
core   0: 3 0x8000c4e0 (0x181d6a93) x21 0x0002eda5
core   0: 0x8000c4e4 (0x01ae3833) sltu    a6, t3, s10
core   0: 3 0x8000c4e4 (0x01ae3833) x16 0x00000000
core   0: 0x8000c4e8 (0x011a8eb3) add     t4, s5, a7
core   0: 3 0x8000c4e8 (0x011a8eb3) x29 0x0002edbf
core   0: 0x8000c4ec (0x01e79f33) sll     t5, a5, t5
core   0: 3 0x8000c4ec (0x01e79f33) x30 0x3f81f328
core   0: 0x8000c4f0 (0x01c59f93) slli    t6, a1, 28
core   0: 3 0x8000c4f0 (0x01c59f93) x31 0x00000000
core   0: 0x8000c4f4 (0xc9470913) addi    s2, a4, -876
core   0: 3 0x8000c4f4 (0xc9470913) x18 0xd4f9fc94
core   0: 0x8000c4f8 (0x41f451b3) sra     gp, s0, t6
core   0: 3 0x8000c4f8 (0x41f451b3) x 3 0x8000c4f9
core   0: 0x8000c4fc (0x01bb74b3) and     s1, s6, s11
core   0: 3 0x8000c4fc (0x01bb74b3) x 9 0x00000000
core   0: 0x8000c500 (0x0130b1b3) sltu    gp, ra, s3
core   0: 3 0x8000c500 (0x0130b1b3) x 3 0x00000001
core   0: 0x8000c504 (0x791b3393) sltiu   t2, s6, 1937
core   0: 3 0x8000c504 (0x791b3393) x 7 0x00000000
core   0: 0x8000c508 (0x41060eb3) sub     t4, a2, a6
core   0: 3 0x8000c508 (0x41060eb3) x29 0x5d4fa000
core   0: 0x8000c50c (0x0000100f) fence.i
core   0: 3 0x8000c50c (0x0000100f)
core   0: 0x8000c510 (0x87ba4d97) auipc   s11, 0x87ba4
core   0: 3 0x8000c510 (0x87ba4d97) x27 0x07bb0510
core   0: 0x8000c514 (0x0158a633) slt     a2, a7, s5
core   0: 3 0x8000c514 (0x0158a633) x12 0x00000001
core   0: 0x8000c518 (0x0381ee13) ori     t3, gp, 56
core   0: 3 0x8000c518 (0x0381ee13) x28 0x00000039
core   0: 0x8000c51c (0x003891b3) sll     gp, a7, gp
core   0: 3 0x8000c51c (0x003891b3) x 3 0x00000034
core   0: 0x8000c520 (0x0174de63) bge     s1, s7, pc + 28
core   0: 3 0x8000c520 (0x0174de63)
core   0: 0x8000c53c (0x01ff3533) sltu    a0, t5, t6
core   0: 3 0x8000c53c (0x01ff3533) x10 0x00000000
core   0: 0x8000c540 (0x00befa63) bgeu    t4, a1, pc + 20
core   0: 3 0x8000c540 (0x00befa63)
core   0: 0x8000c554 (0x0000100f) fence.i
core   0: 3 0x8000c554 (0x0000100f)
core   0: 0x8000c558 (0x055bd463) bge     s7, s5, pc + 72
core   0: 3 0x8000c558 (0x055bd463)
core   0: 0x8000c55c (0x02f79263) bne     a5, a5, pc + 36
core   0: 3 0x8000c55c (0x02f79263)
core   0: 0x8000c560 (0x4427eb97) auipc   s7, 0x4427e
core   0: 3 0x8000c560 (0x4427eb97) x23 0xc428a560
core   0: 0x8000c564 (0xf33bb293) sltiu   t0, s7, -205
core   0: 3 0x8000c564 (0xf33bb293) x 5 0x00000001
core   0: 0x8000c568 (0x00bde933) or      s2, s11, a1
core   0: 3 0x8000c568 (0x00bde933) x18 0x07bb0510
core   0: 0x8000c56c (0x1e9f6e93) ori     t4, t5, 489
core   0: 3 0x8000c56c (0x1e9f6e93) x29 0x3f81f3e9
core   0: 0x8000c570 (0x010b1433) sll     s0, s6, a6
core   0: 3 0x8000c570 (0x010b1433) x 8 0xffffff64
core   0: 0x8000c574 (0x6238d717) auipc   a4, 0x6238d
core   0: 3 0x8000c574 (0x6238d717) x14 0xe2399574
core   0: 0x8000c578 (0x01b4da63) bge     s1, s11, pc + 20
core   0: 3 0x8000c578 (0x01b4da63)
core   0: 0x8000c57c (0x00f68933) add     s2, a3, a5
core   0: 3 0x8000c57c (0x00f68933) x18 0xbf81f328
core   0: 0x8000c580 (0x00c3dbb3) srl     s7, t2, a2
core   0: 3 0x8000c580 (0x00c3dbb3) x23 0x00000000
core   0: 0x8000c584 (0x013747b3) xor     a5, a4, s3
core   0: 3 0x8000c584 (0x013747b3) x15 0x623b3b10
core   0: 0x8000c588 (0x012f0263) beq     t5, s2, pc + 4
core   0: 3 0x8000c588 (0x012f0263)
core   0: 0x8000c58c (0x51a2b893) sltiu   a7, t0, 1306
core   0: 3 0x8000c58c (0x51a2b893) x17 0x00000001
core   0: 0x8000c590 (0x40e68633) sub     a2, a3, a4
core   0: 3 0x8000c590 (0x40e68633) x12 0x9dc66a8c
core   0: 0x8000c594 (0x0ff0000f) fence   iorw,iorw
core   0: 3 0x8000c594 (0x0ff0000f)
core   0: 0x8000c598 (0xd5853013) sltiu   zero, a0, -680
core   0: 3 0x8000c598 (0xd5853013)
core   0: 0x8000c59c (0x41015fb3) sra     t6, sp, a6
core   0: 3 0x8000c59c (0x41015fb3) x31 0x8002ece4
core   0: 0x8000c5a0 (0x002a31b3) sltu    gp, s4, sp
core   0: 3 0x8000c5a0 (0x002a31b3) x 3 0x00000001
core   0: 0x8000c5a4 (0x00f5f033) and     zero, a1, a5
core   0: 3 0x8000c5a4 (0x00f5f033)
core   0: 0x8000c5a8 (0xd932f613) andi    a2, t0, -621
core   0: 3 0x8000c5a8 (0xd932f613) x12 0x00000001
core   0: 0x8000c5ac (0xa8b97593) andi    a1, s2, -1397
core   0: 3 0x8000c5ac (0xa8b97593) x11 0xbf81f208
core   0: 0x8000c5b0 (0x00de5e13) srli    t3, t3, 13
core   0: 3 0x8000c5b0 (0x00de5e13) x28 0x00000000
core   0: 0x8000c5b4 (0x038e5a63) bge     t3, s8, pc + 52
core   0: 3 0x8000c5b4 (0x038e5a63)
core   0: 0x8000c5b8 (0x0000100f) fence.i
core   0: 3 0x8000c5b8 (0x0000100f)
core   0: 0x8000c5bc (0x0019dcb3) srl     s9, s3, ra
core   0: 3 0x8000c5bc (0x0019dcb3) x25 0x40015732
core   0: 0x8000c5c0 (0x4be23813) sltiu   a6, tp, 1214
core   0: 3 0x8000c5c0 (0x4be23813) x16 0x00000000
core   0: 0x8000c5c4 (0xcedf5cb7) lui     s9, 0xcedf5
core   0: 3 0x8000c5c4 (0xcedf5cb7) x25 0xcedf5000
core   0: 0x8000c5c8 (0x01891a13) slli    s4, s2, 24
core   0: 3 0x8000c5c8 (0x01891a13) x20 0x28000000
core   0: 0x8000c5cc (0x04c18263) beq     gp, a2, pc + 68
core   0: 3 0x8000c5cc (0x04c18263)
core   0: 0x8000c610 (0xecbeee17) auipc   t3, 0xecbee
core   0: 3 0x8000c610 (0xecbeee17) x28 0x6cbfa610
core   0: 0x8000c614 (0x01f13db3) sltu    s11, sp, t6
core   0: 3 0x8000c614 (0x01f13db3) x27 0x00000000
core   0: 0x8000c618 (0x31b9fe93) andi    t4, s3, 795
core   0: 3 0x8000c618 (0x31b9fe93) x29 0x00000200
core   0: 0x8000c61c (0x761e7e17) auipc   t3, 0x761e7
core   0: 3 0x8000c61c (0x761e7e17) x28 0xf61f361c
core   0: 0x8000c620 (0x01148633) add     a2, s1, a7
core   0: 3 0x8000c620 (0x01148633) x12 0x00000001
core   0: 0x8000c624 (0x03281c63) bne     a6, s2, pc + 56
core   0: 3 0x8000c624 (0x03281c63)
core   0: 0x8000c65c (0x34be7513) andi    a0, t3, 843
core   0: 3 0x8000c65c (0x34be7513) x10 0x00000208
core   0: 0x8000c660 (0xb10f0a13) addi    s4, t5, -1264
core   0: 3 0x8000c660 (0xb10f0a13) x20 0x3f81ee38
core   0: 0x8000c664 (0x69a26e97) auipc   t4, 0x69a26
core   0: 3 0x8000c664 (0x69a26e97) x29 0xe9a32664
core   0: 0x8000c668 (0x03cb4a63) blt     s6, t3, pc + 52
core   0: 3 0x8000c668 (0x03cb4a63)
core   0: 0x8000c66c (0x85a84497) auipc   s1, 0x85a84
core   0: 3 0x8000c66c (0x85a84497) x 9 0x05a9066c
core   0: 0x8000c670 (0xfe8d3b13) sltiu   s6, s10, -24
core   0: 3 0x8000c670 (0xfe8d3b13) x22 0x00000001
core   0: 0x8000c674 (0xfefc2913) slti    s2, s8, -17
core   0: 3 0x8000c674 (0xfefc2913) x18 0x00000000
core   0: 0x8000c678 (0x01a5dc33) srl     s8, a1, s10
core   0: 3 0x8000c678 (0x01a5dc33) x24 0x0bf81f20
core   0: 0x8000c67c (0x02ca6463) bltu    s4, a2, pc + 40
core   0: 3 0x8000c67c (0x02ca6463)
core   0: 0x8000c680 (0x01595263) bge     s2, s5, pc + 4
core   0: 3 0x8000c680 (0x01595263)
core   0: 0x8000c684 (0x00ebf863) bgeu    s7, a4, pc + 16
core   0: 3 0x8000c684 (0x00ebf863)
core   0: 0x8000c688 (0x0ff0000f) fence   iorw,iorw
core   0: 3 0x8000c688 (0x0ff0000f)
core   0: 0x8000c68c (0x00517eb3) and     t4, sp, t0
core   0: 3 0x8000c68c (0x00517eb3) x29 0x00000000
core   0: 0x8000c690 (0x0ff0000f) fence   iorw,iorw
core   0: 3 0x8000c690 (0x0ff0000f)
core   0: 0x8000c694 (0x41c00b33) sub     s6, zero, t3
core   0: 3 0x8000c694 (0x41c00b33) x22 0x09e0c9e4
core   0: 0x8000c698 (0x00dfc2b3) xor     t0, t6, a3
core   0: 3 0x8000c698 (0x00dfc2b3) x 5 0x0002ece4
core   0: 0x8000c69c (0x0016e833) or      a6, a3, ra
core   0: 3 0x8000c69c (0x0016e833) x16 0x80000001
core   0: 0x8000c6a0 (0x00c4a8b3) slt     a7, s1, a2
core   0: 3 0x8000c6a0 (0x00c4a8b3) x17 0x00000000
core   0: 0x8000c6a4 (0x08018617) auipc   a2, 0x8018
core   0: 3 0x8000c6a4 (0x08018617) x12 0x880246a4
core   0: 0x8000c6a8 (0x0088fd33) and     s10, a7, s0
core   0: 3 0x8000c6a8 (0x0088fd33) x26 0x00000000
core   0: 0x8000c6ac (0x00000013) nop
core   0: 3 0x8000c6ac (0x00000013)
core   0: 0x8000c6b0 (0x0000100f) fence.i
core   0: 3 0x8000c6b0 (0x0000100f)
core   0: 0x8000c6b4 (0x03608463) beq     ra, s6, pc + 40
core   0: 3 0x8000c6b4 (0x03608463)
core   0: 0x8000c6b8 (0x004788b3) add     a7, a5, tp
core   0: 3 0x8000c6b8 (0x004788b3) x17 0x623eecec
core   0: 0x8000c6bc (0x1f718c13) addi    s8, gp, 503
core   0: 3 0x8000c6bc (0x1f718c13) x24 0x000001f8
core   0: 0x8000c6c0 (0x00000013) nop
core   0: 3 0x8000c6c0 (0x00000013)
core   0: 0x8000c6c4 (0x40ed0333) sub     t1, s10, a4
core   0: 3 0x8000c6c4 (0x40ed0333) x 6 0x1dc66a8c
core   0: 0x8000c6c8 (0x00e51733) sll     a4, a0, a4
core   0: 3 0x8000c6c8 (0x00e51733) x14 0x20800000
core   0: 0x8000c6cc (0x01c161b3) or      gp, sp, t3
core   0: 3 0x8000c6cc (0x01c161b3) x 3 0xf61ffefc
core   0: 0x8000c6d0 (0x00000013) nop
core   0: 3 0x8000c6d0 (0x00000013)
core   0: 0x8000c6d4 (0x01398463) beq     s3, s3, pc + 8
core   0: 3 0x8000c6d4 (0x01398463)
core   0: 0x8000c6dc (0x669b3293) sltiu   t0, s6, 1641
core   0: 3 0x8000c6dc (0x669b3293) x 5 0x00000000
core   0: 0x8000c6e0 (0x01a7f263) bgeu    a5, s10, pc + 4
core   0: 3 0x8000c6e0 (0x01a7f263)
core   0: 0x8000c6e4 (0x02540c63) beq     s0, t0, pc + 56
core   0: 3 0x8000c6e4 (0x02540c63)
core   0: 0x8000c6e8 (0xd24bae13) slti    t3, s7, -732
core   0: 3 0x8000c6e8 (0xd24bae13) x28 0x00000000
core   0: 0x8000c6ec (0x28c72413) slti    s0, a4, 652
core   0: 3 0x8000c6ec (0x28c72413) x 8 0x00000000
core   0: 0x8000c6f0 (0x04729063) bne     t0, t2, pc + 64
core   0: 3 0x8000c6f0 (0x04729063)
core   0: 0x8000c6f4 (0x014c9db3) sll     s11, s9, s4
core   0: 3 0x8000c6f4 (0x014c9db3) x27 0x00000000
core   0: 0x8000c6f8 (0x009f54b3) srl     s1, t5, s1
core   0: 3 0x8000c6f8 (0x009f54b3) x 9 0x0003f81f
core   0: 0x8000c6fc (0x4162d013) srai    zero, t0, 22
core   0: 3 0x8000c6fc (0x4162d013)
core   0: 0x8000c700 (0x0469e063) bltu    s3, t1, pc + 64
core   0: 3 0x8000c700 (0x0469e063)
core   0: 0x8000c704 (0x92fc7a13) andi    s4, s8, -1745
core   0: 3 0x8000c704 (0x92fc7a13) x20 0x00000128
core   0: 0x8000c708 (0x003a2b33) slt     s6, s4, gp
core   0: 3 0x8000c708 (0x003a2b33) x22 0x00000000
core   0: 0x8000c70c (0x00692733) slt     a4, s2, t1
core   0: 3 0x8000c70c (0x00692733) x14 0x00000001
core   0: 0x8000c710 (0xf2ecae13) slti    t3, s9, -210
core   0: 3 0x8000c710 (0xf2ecae13) x28 0x00000001
core   0: 0x8000c714 (0x40efd2b3) sra     t0, t6, a4
core   0: 3 0x8000c714 (0x40efd2b3) x 5 0xc0017672
core   0: 0x8000c718 (0x80a5a713) slti    a4, a1, -2038
core   0: 3 0x8000c718 (0x80a5a713) x14 0x00000001
core   0: 0x8000c71c (0x0000100f) fence.i
core   0: 3 0x8000c71c (0x0000100f)
core   0: 0x8000c720 (0x00eb8433) add     s0, s7, a4
core   0: 3 0x8000c720 (0x00eb8433) x 8 0x00000001
core   0: 0x8000c724 (0x403f5333) sra     t1, t5, gp
core   0: 3 0x8000c724 (0x403f5333) x 6 0x00000003
core   0: 0x8000c728 (0x00184cb3) xor     s9, a6, ra
core   0: 3 0x8000c728 (0x00184cb3) x25 0x80000000
core   0: 0x8000c72c (0x9bca3793) sltiu   a5, s4, -1604
core   0: 3 0x8000c72c (0x9bca3793) x15 0x00000001
core   0: 0x8000c730 (0x9b86e513) ori     a0, a3, -1608
core   0: 3 0x8000c730 (0x9b86e513) x10 0xfffff9b8
core   0: 0x8000c734 (0x04b05063) bge     zero, a1, pc + 64
core   0: 3 0x8000c734 (0x04b05063)
core   0: 0x8000c774 (0x0143d913) srli    s2, t2, 20
core   0: 3 0x8000c774 (0x0143d913) x18 0x00000000
core   0: 0x8000c778 (0xb99c0393) addi    t2, s8, -1127
core   0: 3 0x8000c778 (0xb99c0393) x 7 0xfffffd91
core   0: 0x8000c77c (0x01596333) or      t1, s2, s5
core   0: 3 0x8000c77c (0x01596333) x 6 0x0002eda5
core   0: 0x8000c780 (0x417f8db3) sub     s11, t6, s7
core   0: 3 0x8000c780 (0x417f8db3) x27 0x8002ece4
core   0: 0x8000c784 (0x00d743b3) xor     t2, a4, a3
core   0: 3 0x8000c784 (0x00d743b3) x 7 0x80000001
core   0: 0x8000c788 (0x6a085397) auipc   t2, 0x6a085
core   0: 3 0x8000c788 (0x6a085397) x 7 0xea091788
core   0: 0x8000c78c (0x61fdb897) auipc   a7, 0x61fdb
core   0: 3 0x8000c78c (0x61fdb897) x17 0xe1fe778c
core   0: 0x8000c790 (0x4149de93) srai    t4, s3, 20
core   0: 3 0x8000c790 (0x4149de93) x29 0xfffff800
core   0: 0x8000c794 (0x00a45e33) srl     t3, s0, a0
core   0: 3 0x8000c794 (0x00a45e33) x28 0x00000000
core   0: 0x8000c798 (0x007ca1b3) slt     gp, s9, t2
core   0: 3 0x8000c798 (0x007ca1b3) x 3 0x00000001
core   0: 0x8000c79c (0x0202f263) bgeu    t0, zero, pc + 36
core   0: 3 0x8000c79c (0x0202f263)
core   0: 0x8000c7c0 (0x00b61a33) sll     s4, a2, a1
core   0: 3 0x8000c7c0 (0x00b61a33) x20 0x0246a400
core   0: 0x8000c7c4 (0x01e4bd33) sltu    s10, s1, t5
core   0: 3 0x8000c7c4 (0x01e4bd33) x26 0x00000001
core   0: 0x8000c7c8 (0x4103d1b3) sra     gp, t2, a6
core   0: 3 0x8000c7c8 (0x4103d1b3) x 3 0xf5048bc4
core   0: 0x8000c7cc (0xc236bc13) sltiu   s8, a3, -989
core   0: 3 0x8000c7cc (0xc236bc13) x24 0x00000001
core   0: 0x8000c7d0 (0x314b8393) addi    t2, s7, 788
core   0: 3 0x8000c7d0 (0x314b8393) x 7 0x00000314
core   0: 0x8000c7d4 (0x006b5793) srli    a5, s6, 6
core   0: 3 0x8000c7d4 (0x006b5793) x15 0x00000000
core   0: 0x8000c7d8 (0x00536333) or      t1, t1, t0
core   0: 3 0x8000c7d8 (0x00536333) x 6 0xc003fff7
core   0: 0x8000c7dc (0x04111063) bne     sp, ra, pc + 64
core   0: 3 0x8000c7dc (0x04111063)
core   0: 0x8000c81c (0x01c97263) bgeu    s2, t3, pc + 4
core   0: 3 0x8000c81c (0x01c97263)
core   0: 0x8000c820 (0x02d65c63) bge     a2, a3, pc + 56
core   0: 3 0x8000c820 (0x02d65c63)
core   0: 0x8000c858 (0xd0cf4c13) xori    s8, t5, -756
core   0: 3 0x8000c858 (0xd0cf4c13) x24 0xc07e0e24
core   0: 0x8000c85c (0x045e1063) bne     t3, t0, pc + 64
core   0: 3 0x8000c85c (0x045e1063)
core   0: 0x8000c89c (0x017aaf33) slt     t5, s5, s7
core   0: 3 0x8000c89c (0x017aaf33) x30 0x00000000
core   0: 0x8000c8a0 (0xd226a437) lui     s0, 0xd226a
core   0: 3 0x8000c8a0 (0xd226a437) x 8 0xd226a000
core   0: 0x8000c8a4 (0x0359ca63) blt     s3, s5, pc + 52
core   0: 3 0x8000c8a4 (0x0359ca63)
core   0: 0x8000c8d8 (0x01cb7733) and     a4, s6, t3
core   0: 3 0x8000c8d8 (0x01cb7733) x14 0x00000000
core   0: 0x8000c8dc (0x00c32533) slt     a0, t1, a2
core   0: 3 0x8000c8dc (0x00c32533) x10 0x00000000
core   0: 0x8000c8e0 (0x019524b3) slt     s1, a0, s9
core   0: 3 0x8000c8e0 (0x019524b3) x 9 0x00000000
core   0: 0x8000c8e4 (0x01695613) srli    a2, s2, 22
core   0: 3 0x8000c8e4 (0x01695613) x12 0x00000000
core   0: 0x8000c8e8 (0x01b8c463) blt     a7, s11, pc + 8
core   0: 3 0x8000c8e8 (0x01b8c463)
core   0: 0x8000c8ec (0x00bac733) xor     a4, s5, a1
core   0: 3 0x8000c8ec (0x00bac733) x14 0xbf831fad
core   0: 0x8000c8f0 (0x01315463) bge     sp, s3, pc + 8
core   0: 3 0x8000c8f0 (0x01315463)
core   0: 0x8000c8f8 (0x0221ce63) blt     gp, sp, pc + 60
core   0: 3 0x8000c8f8 (0x0221ce63)
core   0: 0x8000c8fc (0x00085393) srli    t2, a6, 0
core   0: 3 0x8000c8fc (0x00085393) x 7 0x80000001
core   0: 0x8000c900 (0x00bc5c63) bge     s8, a1, pc + 24
core   0: 3 0x8000c900 (0x00bc5c63)
core   0: 0x8000c918 (0x51bf6e93) ori     t4, t5, 1307
core   0: 3 0x8000c918 (0x51bf6e93) x29 0x0000051b
core   0: 0x8000c91c (0x0ff0000f) fence   iorw,iorw
core   0: 3 0x8000c91c (0x0ff0000f)
core   0: 0x8000c920 (0x01854633) xor     a2, a0, s8
core   0: 3 0x8000c920 (0x01854633) x12 0xc07e0e24
core   0: 0x8000c924 (0x3fa16813) ori     a6, sp, 1018
core   0: 3 0x8000c924 (0x3fa16813) x16 0x8002effe
core   0: 0x8000c928 (0x40530933) sub     s2, t1, t0
core   0: 3 0x8000c928 (0x40530933) x18 0x00028985
core   0: 0x8000c92c (0xfd81c013) xori    zero, gp, -40
core   0: 3 0x8000c92c (0xfd81c013)
core   0: 0x8000c930 (0x0dd83493) sltiu   s1, a6, 221
core   0: 3 0x8000c930 (0x0dd83493) x 9 0x00000000
core   0: 0x8000c934 (0x695abe93) sltiu   t4, s5, 1685
core   0: 3 0x8000c934 (0x695abe93) x29 0x00000000
core   0: 0x8000c938 (0x03194463) blt     s2, a7, pc + 40
core   0: 3 0x8000c938 (0x03194463)
core   0: 0x8000c93c (0x40a70db3) sub     s11, a4, a0
core   0: 3 0x8000c93c (0x40a70db3) x27 0xbf831fad
core   0: 0x8000c940 (0x014cd013) srli    zero, s9, 20
core   0: 3 0x8000c940 (0x014cd013)
core   0: 0x8000c944 (0x048e1063) bne     t3, s0, pc + 64
core   0: 3 0x8000c944 (0x048e1063)
core   0: 0x8000c984 (0x41cfdb13) srai    s6, t6, 28
core   0: 3 0x8000c984 (0x41cfdb13) x22 0xfffffff8
core   0: 0x8000c988 (0x42ccf193) andi    gp, s9, 1068
core   0: 3 0x8000c988 (0x42ccf193) x 3 0x00000000
core   0: 0x8000c98c (0x01d44c33) xor     s8, s0, t4
core   0: 3 0x8000c98c (0x01d44c33) x24 0xd226a000
core   0: 0x8000c990 (0x01d17c33) and     s8, sp, t4
core   0: 3 0x8000c990 (0x01d17c33) x24 0x00000000
core   0: 0x8000c994 (0x2e37b193) sltiu   gp, a5, 739
core   0: 3 0x8000c994 (0x2e37b193) x 3 0x00000001
core   0: 0x8000c998 (0x40975b33) sra     s6, a4, s1
core   0: 3 0x8000c998 (0x40975b33) x22 0xbf831fad
core   0: 0x8000c99c (0x00000013) nop
core   0: 3 0x8000c99c (0x00000013)
core   0: 0x8000c9a0 (0x00009517) auipc   a0, 0x9
core   0: 3 0x8000c9a0 (0x00009517) x10 0x800159a0
core   0: 0x8000c9a4 (0x92e50513) addi    a0, a0, -1746
core   0: 3 0x8000c9a4 (0x92e50513) x10 0x800152ce
core   0: 0x8000c9a8 (0xf4454d83) lbu     s11, -188(a0)
core   0: 3 0x8000c9a8 (0xf4454d83) x27 0x000000c9 mem 0x80015212
core   0: 0x8000c9ac (0xf5e51223) sh      t5, -188(a0)
core   0: 3 0x8000c9ac (0xf5e51223) mem 0x80015212 0x0000
core   0: 0x8000c9b0 (0x0e051d03) lh      s10, 224(a0)
core   0: 3 0x8000c9b0 (0x0e051d03) x26 0x00006465 mem 0x800153ae
core   0: 0x8000c9b4 (0x01ab33b3) sltu    t2, s6, s10
core   0: 3 0x8000c9b4 (0x01ab33b3) x 7 0x00000000
core   0: 0x8000c9b8 (0x0c950023) sb      s1, 192(a0)
core   0: 3 0x8000c9b8 (0x0c950023) mem 0x8001538e 0x0
core   0: 0x8000c9bc (0x0c351023) sh      gp, 192(a0)
core   0: 3 0x8000c9bc (0x0c351023) mem 0x8001538e 0x0001
core   0: 0x8000c9c0 (0x4143dc13) srai    s8, t2, 20
core   0: 3 0x8000c9c0 (0x4143dc13) x24 0x00000000
core   0: 0x8000c9c4 (0xf0150ca3) sb      ra, -231(a0)
core   0: 3 0x8000c9c4 (0xf0150ca3) mem 0x800151e7 0x1
core   0: 0x8000c9c8 (0xf3652203) lw      tp, -202(a0)
core   0: 3 0x8000c9c8 (0xf3652203) x 4 0x8711fdd0 mem 0x80015204
core   0: 0x8000c9cc (0x92db3193) sltiu   gp, s6, -1747
core   0: 3 0x8000c9cc (0x92db3193) x 3 0x00000001
core   0: 0x8000c9d0 (0x0a2d7a93) andi    s5, s10, 162
core   0: 3 0x8000c9d0 (0x0a2d7a93) x21 0x00000020
core   0: 0x8000c9d4 (0xf3a52b23) sw      s10, -202(a0)
core   0: 3 0x8000c9d4 (0xf3a52b23) mem 0x80015204 0x00006465
core   0: 0x8000c9d8 (0xf2251b23) sh      sp, -202(a0)
core   0: 3 0x8000c9d8 (0xf2251b23) mem 0x80015204 0xece4
core   0: 0x8000c9dc (0xf3650383) lb      t2, -202(a0)
core   0: 3 0x8000c9dc (0xf3650383) x 7 0xffffffe4 mem 0x80015204
core   0: 0x8000c9e0 (0x00ae9413) slli    s0, t4, 10
core   0: 3 0x8000c9e0 (0x00ae9413) x 8 0x00000000
core   0: 0x8000c9e4 (0xf3655883) lhu     a7, -202(a0)
core   0: 3 0x8000c9e4 (0xf3655883) x17 0x0000ece4 mem 0x80015204
core   0: 0x8000c9e8 (0x40485193) srai    gp, a6, 4
core   0: 3 0x8000c9e8 (0x40485193) x 3 0xf8002eff
core   0: 0x8000c9ec (0x0ff0000f) fence   iorw,iorw
core   0: 3 0x8000c9ec (0x0ff0000f)
core   0: 0x8000c9f0 (0x0068e863) bltu    a7, t1, pc + 16
core   0: 3 0x8000c9f0 (0x0068e863)
core   0: 0x8000ca00 (0x01532ab3) slt     s5, t1, s5
core   0: 3 0x8000ca00 (0x01532ab3) x21 0x00000001
core   0: 0x8000ca04 (0x41ecdeb3) sra     t4, s9, t5
core   0: 3 0x8000ca04 (0x41ecdeb3) x29 0x80000000
core   0: 0x8000ca08 (0x018dde33) srl     t3, s11, s8
core   0: 3 0x8000ca08 (0x018dde33) x28 0x000000c9
core   0: 0x8000ca0c (0x01d4a4b3) slt     s1, s1, t4
core   0: 3 0x8000ca0c (0x01d4a4b3) x 9 0x00000000
core   0: 0x8000ca10 (0x0132ad33) slt     s10, t0, s3
core   0: 3 0x8000ca10 (0x0132ad33) x26 0x00000000
core   0: 0x8000ca14 (0x051c7463) bgeu    s8, a7, pc + 72
core   0: 3 0x8000ca14 (0x051c7463)
core   0: 0x8000ca18 (0x2bb47b93) andi    s7, s0, 699
core   0: 3 0x8000ca18 (0x2bb47b93) x23 0x00000000
core   0: 0x8000ca1c (0x0278ca63) blt     a7, t2, pc + 52
core   0: 3 0x8000ca1c (0x0278ca63)
core   0: 0x8000ca20 (0x401cdb93) srai    s7, s9, 1
core   0: 3 0x8000ca20 (0x401cdb93) x23 0xc0000000
core   0: 0x8000ca24 (0xd081b597) auipc   a1, 0xd081b
core   0: 3 0x8000ca24 (0xd081b597) x11 0x50827a24
core   0: 0x8000ca28 (0x03f40a63) beq     s0, t6, pc + 52
core   0: 3 0x8000ca28 (0x03f40a63)
core   0: 0x8000ca2c (0x009ea5b3) slt     a1, t4, s1
core   0: 3 0x8000ca2c (0x009ea5b3) x11 0x00000001
core   0: 0x8000ca30 (0x010f0c63) beq     t5, a6, pc + 24
core   0: 3 0x8000ca30 (0x010f0c63)
core   0: 0x8000ca34 (0x00f161b3) or      gp, sp, a5
core   0: 3 0x8000ca34 (0x00f161b3) x 3 0x8002ece4
core   0: 0x8000ca38 (0xaed7f093) andi    ra, a5, -1299
core   0: 3 0x8000ca38 (0xaed7f093) x 1 0x00000000
core   0: 0x8000ca3c (0x01134863) blt     t1, a7, pc + 16
core   0: 3 0x8000ca3c (0x01134863)
core   0: 0x8000ca4c (0x009a6e63) bltu    s4, s1, pc + 28
core   0: 3 0x8000ca4c (0x009a6e63)
core   0: 0x8000ca50 (0x011b8833) add     a6, s7, a7
core   0: 3 0x8000ca50 (0x011b8833) x16 0xc000ece4
core   0: 0x8000ca54 (0x015bb1b3) sltu    gp, s7, s5
core   0: 3 0x8000ca54 (0x015bb1b3) x 3 0x00000000
core   0: 0x8000ca58 (0x40bd5c13) srai    s8, s10, 11
core   0: 3 0x8000ca58 (0x40bd5c13) x24 0x00000000
core   0: 0x8000ca5c (0x00099d13) slli    s10, s3, 0
core   0: 3 0x8000ca5c (0x00099d13) x26 0x8002ae64
core   0: 0x8000ca60 (0x00c25f13) srli    t5, tp, 12
core   0: 3 0x8000ca60 (0x00c25f13) x30 0x0008711f
core   0: 0x8000ca64 (0x40795bb3) sra     s7, s2, t2
core   0: 3 0x8000ca64 (0x40795bb3) x23 0x00002898
core   0: 0x8000ca68 (0x01bb0463) beq     s6, s11, pc + 8
core   0: 3 0x8000ca68 (0x01bb0463)
core   0: 0x8000ca6c (0x00000013) nop
core   0: 3 0x8000ca6c (0x00000013)
core   0: 0x8000ca70 (0x01742a33) slt     s4, s0, s7
core   0: 3 0x8000ca70 (0x01742a33) x20 0x00000001
core   0: 0x8000ca74 (0x00a70f33) add     t5, a4, a0
core   0: 3 0x8000ca74 (0x00a70f33) x30 0x3f84727b
core   0: 0x8000ca78 (0xba537893) andi    a7, t1, -1115
core   0: 3 0x8000ca78 (0xba537893) x17 0xc003fba5
core   0: 0x8000ca7c (0x25567213) andi    tp, a2, 597
core   0: 3 0x8000ca7c (0x25567213) x 4 0x00000204
core   0: 0x8000ca80 (0x01c6e933) or      s2, a3, t3
core   0: 3 0x8000ca80 (0x01c6e933) x18 0x800000c9
core   0: 0x8000ca84 (0x80378313) addi    t1, a5, -2045
core   0: 3 0x8000ca84 (0x80378313) x 6 0xfffff803
core   0: 0x8000ca88 (0x44597193) andi    gp, s2, 1093
core   0: 3 0x8000ca88 (0x44597193) x 3 0x00000041
core   0: 0x8000ca8c (0x02c2d063) bge     t0, a2, pc + 32
core   0: 3 0x8000ca8c (0x02c2d063)
core   0: 0x8000ca90 (0x034dc463) blt     s11, s4, pc + 40
core   0: 3 0x8000ca90 (0x034dc463)
core   0: 0x8000ca94 (0x0000100f) fence.i
core   0: 3 0x8000ca94 (0x0000100f)
core   0: 0x8000ca98 (0xcde9cc93) xori    s9, s3, -802
core   0: 3 0x8000ca98 (0xcde9cc93) x25 0x7ffd52ba
core   0: 0x8000ca9c (0x286f3797) auipc   a5, 0x286f3
core   0: 3 0x8000ca9c (0x286f3797) x15 0xa86ffa9c
core   0: 0x8000caa0 (0x01962d33) slt     s10, a2, s9
core   0: 3 0x8000caa0 (0x01962d33) x26 0x00000001
core   0: 0x8000caa4 (0x004a9213) slli    tp, s5, 4
core   0: 3 0x8000caa4 (0x004a9213) x 4 0x00000010
core   0: 0x8000caa8 (0x0000100f) fence.i
core   0: 3 0x8000caa8 (0x0000100f)
core   0: 0x8000caac (0x7b483fb7) lui     t6, 0x7b483
core   0: 3 0x8000caac (0x7b483fb7) x31 0x7b483000
core   0: 0x8000cab0 (0x41f2d8b3) sra     a7, t0, t6
core   0: 3 0x8000cab0 (0x41f2d8b3) x17 0xc0017672
core   0: 0x8000cab4 (0x89bdbfb7) lui     t6, 0x89bdb
core   0: 3 0x8000cab4 (0x89bdbfb7) x31 0x89bdb000
core   0: 0x8000cab8 (0x03b7d263) bge     a5, s11, pc + 36
core   0: 3 0x8000cab8 (0x03b7d263)
core   0: 0x8000cabc (0x016f5413) srli    s0, t5, 22
core   0: 3 0x8000cabc (0x016f5413) x 8 0x000000fe
core   0: 0x8000cac0 (0x00e82533) slt     a0, a6, a4
core   0: 3 0x8000cac0 (0x00e82533) x10 0x00000000
core   0: 0x8000cac4 (0x19270c93) addi    s9, a4, 402
core   0: 3 0x8000cac4 (0x19270c93) x25 0xbf83213f
core   0: 0x8000cac8 (0xba4d2513) slti    a0, s10, -1116
core   0: 3 0x8000cac8 (0xba4d2513) x10 0x00000000
core   0: 0x8000cacc (0x01c2de93) srli    t4, t0, 28
core   0: 3 0x8000cacc (0x01c2de93) x29 0x0000000c
core   0: 0x8000cad0 (0x4a271f97) auipc   t6, 0x4a271
core   0: 3 0x8000cad0 (0x4a271f97) x31 0xca27dad0
core   0: 0x8000cad4 (0x00f550b3) srl     ra, a0, a5
core   0: 3 0x8000cad4 (0x00f550b3) x 1 0x00000000
core   0: 0x8000cad8 (0x03f74a63) blt     a4, t6, pc + 52
core   0: 3 0x8000cad8 (0x03f74a63)
core   0: 0x8000cb0c (0x22114713) xori    a4, sp, 545
core   0: 3 0x8000cb0c (0x22114713) x14 0x8002eec5
core   0: 0x8000cb10 (0x410c5b93) srai    s7, s8, 16
core   0: 3 0x8000cb10 (0x410c5b93) x23 0x00000000
core   0: 0x8000cb14 (0x00ac5733) srl     a4, s8, a0
core   0: 3 0x8000cb14 (0x00ac5733) x14 0x00000000
core   0: 0x8000cb18 (0x8ca13d13) sltiu   s10, sp, -1846
core   0: 3 0x8000cb18 (0x8ca13d13) x26 0x00000001
core   0: 0x8000cb1c (0xe52d2c17) auipc   s8, 0xe52d2
core   0: 3 0x8000cb1c (0xe52d2c17) x24 0x652deb1c
core   0: 0x8000cb20 (0x0000100f) fence.i
core   0: 3 0x8000cb20 (0x0000100f)
core   0: 0x8000cb24 (0x081f3493) sltiu   s1, t5, 129
core   0: 3 0x8000cb24 (0x081f3493) x 9 0x00000000
core   0: 0x8000cb28 (0xf0f97a13) andi    s4, s2, -241
core   0: 3 0x8000cb28 (0xf0f97a13) x20 0x80000009
core   0: 0x8000cb2c (0xd9c9ed93) ori     s11, s3, -612
core   0: 3 0x8000cb2c (0xd9c9ed93) x27 0xfffffffc
core   0: 0x8000cb30 (0x416c00b3) sub     ra, s8, s6
core   0: 3 0x8000cb30 (0x416c00b3) x 1 0xa5aacb6f
core   0: 0x8000cb34 (0x407bd933) sra     s2, s7, t2
core   0: 3 0x8000cb34 (0x407bd933) x18 0x00000000
core   0: 0x8000cb38 (0x00f0d263) bge     ra, a5, pc + 4
core   0: 3 0x8000cb38 (0x00f0d263)
core   0: 0x8000cb3c (0x008d8cb3) add     s9, s11, s0
core   0: 3 0x8000cb3c (0x008d8cb3) x25 0x000000fa
core   0: 0x8000cb40 (0x709ea613) slti    a2, t4, 1801
core   0: 3 0x8000cb40 (0x709ea613) x12 0x00000001
core   0: 0x8000cb44 (0xf67ff613) andi    a2, t6, -153
core   0: 3 0x8000cb44 (0xf67ff613) x12 0xca27da40
core   0: 0x8000cb48 (0x0ff0000f) fence   iorw,iorw
core   0: 3 0x8000cb48 (0x0ff0000f)
core   0: 0x8000cb4c (0x0196f463) bgeu    a3, s9, pc + 8
core   0: 3 0x8000cb4c (0x0196f463)
core   0: 0x8000cb54 (0x4b416737) lui     a4, 0x4b416
core   0: 3 0x8000cb54 (0x4b416737) x14 0x4b416000
core   0: 0x8000cb58 (0x00000013) nop
core   0: 3 0x8000cb58 (0x00000013)
core   0: 0x8000cb5c (0x04760663) beq     a2, t2, pc + 76
core   0: 3 0x8000cb5c (0x04760663)
core   0: 0x8000cb60 (0x20ab0013) addi    zero, s6, 522
core   0: 3 0x8000cb60 (0x20ab0013)
core   0: 0x8000cb64 (0x9d358793) addi    a5, a1, -1581
core   0: 3 0x8000cb64 (0x9d358793) x15 0xfffff9d4
core   0: 0x8000cb68 (0x004dca63) blt     s11, tp, pc + 20
core   0: 3 0x8000cb68 (0x004dca63)
core   0: 0x8000cb7c (0x6b70b793) sltiu   a5, ra, 1719
core   0: 3 0x8000cb7c (0x6b70b793) x15 0x00000000
core   0: 0x8000cb80 (0x00eca4b3) slt     s1, s9, a4
core   0: 3 0x8000cb80 (0x00eca4b3) x 9 0x00000001
core   0: 0x8000cb84 (0x85adfe93) andi    t4, s11, -1958
core   0: 3 0x8000cb84 (0x85adfe93) x29 0xfffff858
core   0: 0x8000cb88 (0x03a60463) beq     a2, s10, pc + 40
core   0: 3 0x8000cb88 (0x03a60463)
core   0: 0x8000cb8c (0x00db9393) slli    t2, s7, 13
core   0: 3 0x8000cb8c (0x00db9393) x 7 0x00000000
core   0: 0x8000cb90 (0x9e20dc37) lui     s8, 0x9e20d
core   0: 3 0x8000cb90 (0x9e20dc37) x24 0x9e20d000
core   0: 0x8000cb94 (0x0556e063) bltu    a3, s5, pc + 64
core   0: 3 0x8000cb94 (0x0556e063)
core   0: 0x8000cb98 (0xbd78f193) andi    gp, a7, -1065
core   0: 3 0x8000cb98 (0xbd78f193) x 3 0xc0017252
core   0: 0x8000cb9c (0x0e7a90b7) lui     ra, 0xe7a9
core   0: 3 0x8000cb9c (0x0e7a90b7) x 1 0x0e7a9000
core   0: 0x8000cba0 (0x014432b3) sltu    t0, s0, s4
core   0: 3 0x8000cba0 (0x014432b3) x 5 0x00000001
core   0: 0x8000cba4 (0x40dcdbb3) sra     s7, s9, a3
core   0: 3 0x8000cba4 (0x40dcdbb3) x23 0x000000fa
core   0: 0x8000cba8 (0x41eddb93) srai    s7, s11, 30
core   0: 3 0x8000cba8 (0x41eddb93) x23 0xffffffff
core   0: 0x8000cbac (0x01def533) and     a0, t4, t4
core   0: 3 0x8000cbac (0x01def533) x10 0xfffff858
core   0: 0x8000cbb0 (0x00bc11b3) sll     gp, s8, a1
core   0: 3 0x8000cbb0 (0x00bc11b3) x 3 0x3c41a000
core   0: 0x8000cbb4 (0x01d421b3) slt     gp, s0, t4
core   0: 3 0x8000cbb4 (0x01d421b3) x 3 0x00000000
core   0: 0x8000cbb8 (0x00000013) nop
core   0: 3 0x8000cbb8 (0x00000013)
core   0: 0x8000cbbc (0x009ed333) srl     t1, t4, s1
core   0: 3 0x8000cbbc (0x009ed333) x 6 0x7ffffc2c
core   0: 0x8000cbc0 (0x006dd533) srl     a0, s11, t1
core   0: 3 0x8000cbc0 (0x006dd533) x10 0x000fffff
core   0: 0x8000cbc4 (0x00d59b13) slli    s6, a1, 13
core   0: 3 0x8000cbc4 (0x00d59b13) x22 0x00002000
core   0: 0x8000cbc8 (0x009655b3) srl     a1, a2, s1
core   0: 3 0x8000cbc8 (0x009655b3) x11 0x6513ed20
core   0: 0x8000cbcc (0x00000013) nop
core   0: 3 0x8000cbcc (0x00000013)
core   0: 0x8000cbd0 (0xe841e713) ori     a4, gp, -380
core   0: 3 0x8000cbd0 (0xe841e713) x14 0xfffffe84
core   0: 0x8000cbd4 (0x0177fcb3) and     s9, a5, s7
core   0: 3 0x8000cbd4 (0x0177fcb3) x25 0x00000000
core   0: 0x8000cbd8 (0x01845633) srl     a2, s0, s8
core   0: 3 0x8000cbd8 (0x01845633) x12 0x000000fe
core   0: 0x8000cbdc (0x05fa6463) bltu    s4, t6, pc + 72
core   0: 3 0x8000cbdc (0x05fa6463)
core   0: 0x8000cc24 (0xd7adad13) slti    s10, s11, -646
core   0: 3 0x8000cc24 (0xd7adad13) x26 0x00000000
core   0: 0x8000cc28 (0x402c8633) sub     a2, s9, sp
core   0: 3 0x8000cc28 (0x402c8633) x12 0x7ffd131c
core   0: 0x8000cc2c (0x02b01c63) bne     zero, a1, pc + 56
core   0: 3 0x8000cc2c (0x02b01c63)
core   0: 0x8000cc64 (0x41715a13) srai    s4, sp, 23
core   0: 3 0x8000cc64 (0x41715a13) x20 0xffffff00
core   0: 0x8000cc68 (0x013047b3) xor     a5, zero, s3
core   0: 3 0x8000cc68 (0x013047b3) x15 0x8002ae64
core   0: 0x8000cc6c (0x6ccd7f93) andi    t6, s10, 1740
core   0: 3 0x8000cc6c (0x6ccd7f93) x31 0x00000000
core   0: 0x8000cc70 (0x74dd0f37) lui     t5, 0x74dd0
core   0: 3 0x8000cc70 (0x74dd0f37) x30 0x74dd0000
core   0: 0x8000cc74 (0xa9314193) xori    gp, sp, -1389
core   0: 3 0x8000cc74 (0xa9314193) x 3 0x7ffd1677
core   0: 0x8000cc78 (0x0000100f) fence.i
core   0: 3 0x8000cc78 (0x0000100f)
core   0: 0x8000cc7c (0x83eee893) ori     a7, t4, -1986
core   0: 3 0x8000cc7c (0x83eee893) x17 0xfffff87e
core   0: 0x8000cc80 (0x03768e63) beq     a3, s7, pc + 60
core   0: 3 0x8000cc80 (0x03768e63)
core   0: 0x8000cc84 (0x7c913437) lui     s0, 0x7c913
core   0: 3 0x8000cc84 (0x7c913437) x 8 0x7c913000
core   0: 0x8000cc88 (0x40910833) sub     a6, sp, s1
core   0: 3 0x8000cc88 (0x40910833) x16 0x8002ece3
core   0: 0x8000cc8c (0xb7a93197) auipc   gp, 0xb7a93
core   0: 3 0x8000cc8c (0xb7a93197) x 3 0x37a9fc8c
core   0: 0x8000cc90 (0x46106d13) ori     s10, zero, 1121
core   0: 3 0x8000cc90 (0x46106d13) x26 0x00000461
core   0: 0x8000cc94 (0x053e6263) bltu    t3, s3, pc + 68
core   0: 3 0x8000cc94 (0x053e6263)
core   0: 0x8000ccd8 (0x0ff0000f) fence   iorw,iorw
core   0: 3 0x8000ccd8 (0x0ff0000f)
core   0: 0x8000ccdc (0x0000100f) fence.i
core   0: 3 0x8000ccdc (0x0000100f)
core   0: 0x8000cce0 (0x001173b3) and     t2, sp, ra
core   0: 3 0x8000cce0 (0x001173b3) x 7 0x00028000
core   0: 0x8000cce4 (0x015de263) bltu    s11, s5, pc + 4
core   0: 3 0x8000cce4 (0x015de263)
core   0: 0x8000cce8 (0x00c13733) sltu    a4, sp, a2
core   0: 3 0x8000cce8 (0x00c13733) x14 0x00000000
core   0: 0x8000ccec (0x050ee063) bltu    t4, a6, pc + 64
core   0: 3 0x8000ccec (0x050ee063)
core   0: 0x8000ccf0 (0x416cd733) sra     a4, s9, s6
core   0: 3 0x8000ccf0 (0x416cd733) x14 0x00000000
core   0: 0x8000ccf4 (0x41328fb3) sub     t6, t0, s3
core   0: 3 0x8000ccf4 (0x41328fb3) x31 0x7ffd519d
core   0: 0x8000ccf8 (0x4f05dfb7) lui     t6, 0x4f05d
core   0: 3 0x8000ccf8 (0x4f05dfb7) x31 0x4f05d000
core   0: 0x8000ccfc (0x01d9dc13) srli    s8, s3, 29
core   0: 3 0x8000ccfc (0x01d9dc13) x24 0x00000004
core   0: 0x8000cd00 (0x7baa3537) lui     a0, 0x7baa3
core   0: 3 0x8000cd00 (0x7baa3537) x10 0x7baa3000
core   0: 0x8000cd04 (0x01a0e433) or      s0, ra, s10
core   0: 3 0x8000cd04 (0x01a0e433) x 8 0x0e7a9461
core   0: 0x8000cd08 (0x0012d4b3) srl     s1, t0, ra
core   0: 3 0x8000cd08 (0x0012d4b3) x 9 0x00000001
core   0: 0x8000cd0c (0x00465633) srl     a2, a2, tp
core   0: 3 0x8000cd0c (0x00465633) x12 0x00007ffd
core   0: 0x8000cd10 (0x017935b3) sltu    a1, s2, s7
core   0: 3 0x8000cd10 (0x017935b3) x11 0x00000001
core   0: 0x8000cd14 (0x1652c393) xori    t2, t0, 357
core   0: 3 0x8000cd14 (0x1652c393) x 7 0x00000164
core   0: 0x8000cd18 (0x00399e33) sll     t3, s3, gp
core   0: 3 0x8000cd18 (0x00399e33) x28 0x2ae64000
core   0: 0x8000cd1c (0x5358b913) sltiu   s2, a7, 1333
core   0: 3 0x8000cd1c (0x5358b913) x18 0x00000000
core   0: 0x8000cd20 (0x00881793) slli    a5, a6, 8
core   0: 3 0x8000cd20 (0x00881793) x15 0x02ece300
core   0: 0x8000cd24 (0x308dbd13) sltiu   s10, s11, 776
core   0: 3 0x8000cd24 (0x308dbd13) x26 0x00000000
core   0: 0x8000cd28 (0x015f02b3) add     t0, t5, s5
core   0: 3 0x8000cd28 (0x015f02b3) x 5 0x74dd0001
core   0: 0x8000cd2c (0x00e01b93) slli    s7, zero, 14
core   0: 3 0x8000cd2c (0x00e01b93) x23 0x00000000
core   0: 0x8000cd30 (0x00a2fe63) bgeu    t0, a0, pc + 28
core   0: 3 0x8000cd30 (0x00a2fe63)
core   0: 0x8000cd34 (0x38b53193) sltiu   gp, a0, 907
core   0: 3 0x8000cd34 (0x38b53193) x 3 0x00000000
core   0: 0x8000cd38 (0x0b154e63) blt     a0, a7, pc + 188
core   0: 3 0x8000cd38 (0x0b154e63)
core   0: 0x8000cd3c (0x00000013) nop
core   0: 3 0x8000cd3c (0x00000013)
core   0: 0x8000cd40 (0xbed26713) ori     a4, tp, -1043
core   0: 3 0x8000cd40 (0xbed26713) x14 0xfffffbfd
core   0: 0x8000cd44 (0x08f90663) beq     s2, a5, pc + 140
core   0: 3 0x8000cd44 (0x08f90663)
core   0: 0x8000cd48 (0x40f35c93) srai    s9, t1, 15
core   0: 3 0x8000cd48 (0x40f35c93) x25 0x0000ffff
core   0: 0x8000cd4c (0x0a142a13) slti    s4, s0, 161
core   0: 3 0x8000cd4c (0x0a142a13) x20 0x00000000
core   0: 0x8000cd50 (0x0000e217) auipc   tp, 0xe
core   0: 3 0x8000cd50 (0x0000e217) x 4 0x8001ad50
core   0: 0x8000cd54 (0x5bd20213) addi    tp, tp, 1469
core   0: 3 0x8000cd54 (0x5bd20213) x 4 0x8001b30d
core   0: 0x8000cd58 (0x0aa20123) sb      a0, 162(tp)
core   0: 3 0x8000cd58 (0x0aa20123) mem 0x8001b3af 0x0
core   0: 0x8000cd5c (0x0a220903) lb      s2, 162(tp)
core   0: 3 0x8000cd5c (0x0a220903) x18 0x00000000 mem 0x8001b3af
core   0: 0x8000cd60 (0x0a220883) lb      a7, 162(tp)
core   0: 3 0x8000cd60 (0x0a220883) x17 0x00000000 mem 0x8001b3af
core   0: 0x8000cd64 (0x0a220f83) lb      t6, 162(tp)
core   0: 3 0x8000cd64 (0x0a220f83) x31 0x00000000 mem 0x8001b3af
core   0: 0x8000cd68 (0x9bbfcb13) xori    s6, t6, -1605
core   0: 3 0x8000cd68 (0x9bbfcb13) x22 0xfffff9bb
core   0: 0x8000cd6c (0x0a224483) lbu     s1, 162(tp)
core   0: 3 0x8000cd6c (0x0a224483) x 9 0x00000000 mem 0x8001b3af
core   0: 0x8000cd70 (0x01bc4db3) xor     s11, s8, s11
core   0: 3 0x8000cd70 (0x01bc4db3) x27 0xfffffff8
core   0: 0x8000cd74 (0x7e6bca93) xori    s5, s7, 2022
core   0: 3 0x8000cd74 (0x7e6bca93) x21 0x000007e6
core   0: 0x8000cd78 (0x0a224c83) lbu     s9, 162(tp)
core   0: 3 0x8000cd78 (0x0a224c83) x25 0x00000000 mem 0x8001b3af
core   0: 0x8000cd7c (0x0a220183) lb      gp, 162(tp)
core   0: 3 0x8000cd7c (0x0a220183) x 3 0x00000000 mem 0x8001b3af
core   0: 0x8000cd80 (0x0a520123) sb      t0, 162(tp)
core   0: 3 0x8000cd80 (0x0a520123) mem 0x8001b3af 0x1
core   0: 0x8000cd84 (0x0d925883) lhu     a7, 217(tp)
core   0: 3 0x8000cd84 (0x0d925883) x17 0x00009c9d mem 0x8001b3e6
core   0: 0x8000cd88 (0x0e224c83) lbu     s9, 226(tp)
core   0: 3 0x8000cd88 (0x0e224c83) x25 0x000000a4 mem 0x8001b3ef
core   0: 0x8000cd8c (0x0e720123) sb      t2, 226(tp)
core   0: 3 0x8000cd8c (0x0e720123) mem 0x8001b3ef 0x64
core   0: 0x8000cd90 (0x0e224f03) lbu     t5, 226(tp)
core   0: 3 0x8000cd90 (0x0e224f03) x30 0x00000064 mem 0x8001b3ef
core   0: 0x8000cd94 (0x0e224e83) lbu     t4, 226(tp)
core   0: 3 0x8000cd94 (0x0e224e83) x29 0x00000064 mem 0x8001b3ef
core   0: 0x8000cd98 (0x0fc20123) sb      t3, 226(tp)
core   0: 3 0x8000cd98 (0x0fc20123) mem 0x8001b3ef 0x0
core   0: 0x8000cd9c (0x00420123) sb      tp, 2(tp)
core   0: 3 0x8000cd9c (0x00420123) mem 0x8001b30f 0xd
core   0: 0x8000cda0 (0x40915d33) sra     s10, sp, s1
core   0: 3 0x8000cda0 (0x40915d33) x26 0x8002ece4
core   0: 0x8000cda4 (0x00220d83) lb      s11, 2(tp)
core   0: 3 0x8000cda4 (0x00220d83) x27 0x0000000d mem 0x8001b30f
core   0: 0x8000cda8 (0x012f83b3) add     t2, t6, s2
core   0: 3 0x8000cda8 (0x012f83b3) x 7 0x00000000
core   0: 0x8000cdac (0x00733333) sltu    t1, t1, t2
core   0: 3 0x8000cdac (0x00733333) x 6 0x00000000
core   0: 0x8000cdb0 (0x01020123) sb      a6, 2(tp)
core   0: 3 0x8000cdb0 (0x01020123) mem 0x8001b30f 0xe3
core   0: 0x8000cdb4 (0x00b20123) sb      a1, 2(tp)
core   0: 3 0x8000cdb4 (0x00b20123) mem 0x8001b30f 0x1
core   0: 0x8000cdb8 (0x41c0d4b3) sra     s1, ra, t3
core   0: 3 0x8000cdb8 (0x41c0d4b3) x 9 0x0e7a9000
core   0: 0x8000cdbc (0xf9424d83) lbu     s11, -108(tp)
core   0: 3 0x8000cdbc (0xf9424d83) x27 0x0000005a mem 0x8001b2a1
core   0: 0x8000cdc0 (0xf9420d03) lb      s10, -108(tp)
core   0: 3 0x8000cdc0 (0xf9420d03) x26 0x0000005a mem 0x8001b2a1
core   0: 0x8000cdc4 (0x0ff0000f) fence   iorw,iorw
core   0: 3 0x8000cdc4 (0x0ff0000f)
core   0: 0x8000cdc8 (0x4043d4b3) sra     s1, t2, tp
core   0: 3 0x8000cdc8 (0x4043d4b3) x 9 0x00000000
core   0: 0x8000cdcc (0x4189d2b3) sra     t0, s3, s8
core   0: 3 0x8000cdcc (0x4189d2b3) x 5 0xf8002ae6
core   0: 0x8000cdd0 (0x03d0fa63) bgeu    ra, t4, pc + 52
core   0: 3 0x8000cdd0 (0x03d0fa63)
core   0: 0x8000ce04 (0x0116d613) srli    a2, a3, 17
core   0: 3 0x8000ce04 (0x0116d613) x12 0x00004000
core   0: 0x8000ce08 (0x00bedf13) srli    t5, t4, 11
core   0: 3 0x8000ce08 (0x00bedf13) x30 0x00000000
core   0: 0x8000ce0c (0x0000100f) fence.i
core   0: 3 0x8000ce0c (0x0000100f)
core   0: 0x8000ce10 (0x3c3be8b7) lui     a7, 0x3c3be
core   0: 3 0x8000ce10 (0x3c3be8b7) x17 0x3c3be000
core   0: 0x8000ce14 (0x244b3613) sltiu   a2, s6, 580
core   0: 3 0x8000ce14 (0x244b3613) x12 0x00000000
core   0: 0x8000ce18 (0x016960b3) or      ra, s2, s6
core   0: 3 0x8000ce18 (0x016960b3) x 1 0xfffff9bb
core   0: 0x8000ce1c (0x04961063) bne     a2, s1, pc + 64
core   0: 3 0x8000ce1c (0x04961063)
core   0: 0x8000ce20 (0x00e610b3) sll     ra, a2, a4
core   0: 3 0x8000ce20 (0x00e610b3) x 1 0x00000000
core   0: 0x8000ce24 (0x011c41b3) xor     gp, s8, a7
core   0: 3 0x8000ce24 (0x011c41b3) x 3 0x3c3be004
core   0: 0x8000ce28 (0x018f1d33) sll     s10, t5, s8
core   0: 3 0x8000ce28 (0x018f1d33) x26 0x00000000
core   0: 0x8000ce2c (0x1606b637) lui     a2, 0x1606b
core   0: 3 0x8000ce2c (0x1606b637) x12 0x1606b000
core   0: 0x8000ce30 (0x03181463) bne     a6, a7, pc + 40
core   0: 3 0x8000ce30 (0x03181463)
core   0: 0x8000ce58 (0x016dc833) xor     a6, s11, s6
core   0: 3 0x8000ce58 (0x016dc833) x16 0xfffff9e1
core   0: 0x8000ce5c (0x3f207413) andi    s0, zero, 1010
core   0: 3 0x8000ce5c (0x3f207413) x 8 0x00000000
core   0: 0x8000ce60 (0x5cb4e293) ori     t0, s1, 1483
core   0: 3 0x8000ce60 (0x5cb4e293) x 5 0x000005cb
core   0: 0x8000ce64 (0x00d0d713) srli    a4, ra, 13
core   0: 3 0x8000ce64 (0x00d0d713) x14 0x00000000
core   0: 0x8000ce68 (0x01060933) add     s2, a2, a6
core   0: 3 0x8000ce68 (0x01060933) x18 0x1606a9e1
core   0: 0x8000ce6c (0x41ff0fb3) sub     t6, t5, t6
core   0: 3 0x8000ce6c (0x41ff0fb3) x31 0x00000000
core   0: 0x8000ce70 (0x3e69c013) xori    zero, s3, 998
core   0: 3 0x8000ce70 (0x3e69c013)
core   0: 0x8000ce74 (0x9e57ca13) xori    s4, a5, -1563
core   0: 3 0x8000ce74 (0x9e57ca13) x20 0xfd131ae5
core   0: 0x8000ce78 (0x42c38793) addi    a5, t2, 1068
core   0: 3 0x8000ce78 (0x42c38793) x15 0x0000042c
core   0: 0x8000ce7c (0x414305b3) sub     a1, t1, s4
core   0: 3 0x8000ce7c (0x414305b3) x11 0x02ece51b
core   0: 0x8000ce80 (0x8564e893) ori     a7, s1, -1962
core   0: 3 0x8000ce80 (0x8564e893) x17 0xfffff856
core   0: 0x8000ce84 (0x02359463) bne     a1, gp, pc + 40
core   0: 3 0x8000ce84 (0x02359463)
core   0: 0x8000ceac (0x0110a2b3) slt     t0, ra, a7
core   0: 3 0x8000ceac (0x0110a2b3) x 5 0x00000000
core   0: 0x8000ceb0 (0x002ade63) bge     s5, sp, pc + 28
core   0: 3 0x8000ceb0 (0x002ade63)
core   0: 0x8000cecc (0xce3a6637) lui     a2, 0xce3a6
core   0: 3 0x8000cecc (0xce3a6637) x12 0xce3a6000
core   0: 0x8000ced0 (0x01ce3bb3) sltu    s7, t3, t3
core   0: 3 0x8000ced0 (0x01ce3bb3) x23 0x00000000
core   0: 0x8000ced4 (0x0188d493) srli    s1, a7, 24
core   0: 3 0x8000ced4 (0x0188d493) x 9 0x000000ff
core   0: 0x8000ced8 (0x410ed033) sra     zero, t4, a6
core   0: 3 0x8000ced8 (0x410ed033)
core   0: 0x8000cedc (0x0412c063) blt     t0, ra, pc + 64
core   0: 3 0x8000cedc (0x0412c063)
core   0: 0x8000cee0 (0xf0a3cd13) xori    s10, t2, -246
core   0: 3 0x8000cee0 (0xf0a3cd13) x26 0xffffff0a
core   0: 0x8000cee4 (0x04cd1263) bne     s10, a2, pc + 68
core   0: 3 0x8000cee4 (0x04cd1263)
core   0: 0x8000cf28 (0x01344a63) blt     s0, s3, pc + 20
core   0: 3 0x8000cf28 (0x01344a63)
core   0: 0x8000cf2c (0x0ff0000f) fence   iorw,iorw
core   0: 3 0x8000cf2c (0x0ff0000f)
core   0: 0x8000cf30 (0xde6c8313) addi    t1, s9, -538
core   0: 3 0x8000cf30 (0xde6c8313) x 6 0xfffffe8a
core   0: 0x8000cf34 (0x99e66413) ori     s0, a2, -1634
core   0: 3 0x8000cf34 (0x99e66413) x 8 0xfffff99e
core   0: 0x8000cf38 (0xe0d18417) auipc   s0, 0xe0d18
core   0: 3 0x8000cf38 (0xe0d18417) x 8 0x60d24f38
core   0: 0x8000cf3c (0xf92e4b13) xori    s6, t3, -110
core   0: 3 0x8000cf3c (0xf92e4b13) x22 0xd519bf92
core   0: 0x8000cf40 (0x400ad333) sra     t1, s5, zero
core   0: 3 0x8000cf40 (0x400ad333) x 6 0x000007e6
core   0: 0x8000cf44 (0x0072a833) slt     a6, t0, t2
core   0: 3 0x8000cf44 (0x0072a833) x16 0x00000000
core   0: 0x8000cf48 (0x01920933) add     s2, tp, s9
core   0: 3 0x8000cf48 (0x01920933) x18 0x8001b3b1
core   0: 0x8000cf4c (0x0ff0000f) fence   iorw,iorw
core   0: 3 0x8000cf4c (0x0ff0000f)
core   0: 0x8000cf50 (0xc8ecc837) lui     a6, 0xc8ecc
core   0: 3 0x8000cf50 (0xc8ecc837) x16 0xc8ecc000
core   0: 0x8000cf54 (0xe7c69d97) auipc   s11, 0xe7c69
core   0: 3 0x8000cf54 (0xe7c69d97) x27 0x67c75f54
core   0: 0x8000cf58 (0x011785b3) add     a1, a5, a7
core   0: 3 0x8000cf58 (0x011785b3) x11 0xfffffc82
core   0: 0x8000cf5c (0x400988b3) sub     a7, s3, zero
core   0: 3 0x8000cf5c (0x400988b3) x17 0x8002ae64
core   0: 0x8000cf60 (0x0023f533) and     a0, t2, sp
core   0: 3 0x8000cf60 (0x0023f533) x10 0x00000000
core   0: 0x8000cf64 (0x0087e633) or      a2, a5, s0
core   0: 3 0x8000cf64 (0x0087e633) x12 0x60d24f3c
core   0: 0x8000cf68 (0x406d5433) sra     s0, s10, t1
core   0: 3 0x8000cf68 (0x406d5433) x 8 0xfffffffc
core   0: 0x8000cf6c (0x40628b33) sub     s6, t0, t1
core   0: 3 0x8000cf6c (0x40628b33) x22 0xfffff81a
core   0: 0x8000cf70 (0x10da0e93) addi    t4, s4, 269
core   0: 3 0x8000cf70 (0x10da0e93) x29 0xfd131bf2
core   0: 0x8000cf74 (0x00000013) nop
core   0: 3 0x8000cf74 (0x00000013)
core   0: 0x8000cf78 (0x95edf4b7) lui     s1, 0x95edf
core   0: 3 0x8000cf78 (0x95edf4b7) x 9 0x95edf000
core   0: 0x8000cf7c (0x7d54cd13) xori    s10, s1, 2005
core   0: 3 0x8000cf7c (0x7d54cd13) x26 0x95edf7d5
core   0: 0x8000cf80 (0x00008c33) add     s8, ra, zero
core   0: 3 0x8000cf80 (0x00008c33) x24 0x00000000
core   0: 0x8000cf84 (0x41e75a13) srai    s4, a4, 30
core   0: 3 0x8000cf84 (0x41e75a13) x20 0x00000000
core   0: 0x8000cf88 (0xad99e713) ori     a4, s3, -1319
core   0: 3 0x8000cf88 (0xad99e713) x14 0xfffffefd
core   0: 0x8000cf8c (0x0ff0000f) fence   iorw,iorw
core   0: 3 0x8000cf8c (0x0ff0000f)
core   0: 0x8000cf90 (0x78f03713) sltiu   a4, zero, 1935
core   0: 3 0x8000cf90 (0x78f03713) x14 0x00000001
core   0: 0x8000cf94 (0x01841a93) slli    s5, s0, 24
core   0: 3 0x8000cf94 (0x01841a93) x21 0xfc000000
core   0: 0x8000cf98 (0x00d0ff33) and     t5, ra, a3
core   0: 3 0x8000cf98 (0x00d0ff33) x30 0x00000000
core   0: 0x8000cf9c (0x5102bd93) sltiu   s11, t0, 1296
core   0: 3 0x8000cf9c (0x5102bd93) x27 0x00000001
core   0: 0x8000cfa0 (0x0131cc63) blt     gp, s3, pc + 24
core   0: 3 0x8000cfa0 (0x0131cc63)
core   0: 0x8000cfa4 (0xcbcb6813) ori     a6, s6, -836
core   0: 3 0x8000cfa4 (0xcbcb6813) x16 0xfffffcbe
core   0: 0x8000cfa8 (0x02760c63) beq     a2, t2, pc + 56
core   0: 3 0x8000cfa8 (0x02760c63)
core   0: 0x8000cfac (0x415e5933) sra     s2, t3, s5
core   0: 3 0x8000cfac (0x415e5933) x18 0x2ae64000
core   0: 0x8000cfb0 (0x0ff0000f) fence   iorw,iorw
core   0: 3 0x8000cfb0 (0x0ff0000f)
core   0: 0x8000cfb4 (0x001a7233) and     tp, s4, ra
core   0: 3 0x8000cfb4 (0x001a7233) x 4 0x00000000
core   0: 0x8000cfb8 (0x03230063) beq     t1, s2, pc + 32
core   0: 3 0x8000cfb8 (0x03230063)
core   0: 0x8000cfbc (0x01845033) srl     zero, s0, s8
core   0: 3 0x8000cfbc (0x01845033)
core   0: 0x8000cfc0 (0x01357733) and     a4, a0, s3
core   0: 3 0x8000cfc0 (0x01357733) x14 0x00000000
core   0: 0x8000cfc4 (0x0000100f) fence.i
core   0: 3 0x8000cfc4 (0x0000100f)
core   0: 0x8000cfc8 (0xcf64ec13) ori     s8, s1, -778
core   0: 3 0x8000cfc8 (0xcf64ec13) x24 0xfffffcf6
core   0: 0x8000cfcc (0x00ef5333) srl     t1, t5, a4
core   0: 3 0x8000cfcc (0x00ef5333) x 6 0x00000000
core   0: 0x8000cfd0 (0x01fef463) bgeu    t4, t6, pc + 8
core   0: 3 0x8000cfd0 (0x01fef463)
core   0: 0x8000cfd8 (0x0183d493) srli    s1, t2, 24
core   0: 3 0x8000cfd8 (0x0183d493) x 9 0x00000000
core   0: 0x8000cfdc (0x017f5f93) srli    t6, t5, 23
core   0: 3 0x8000cfdc (0x017f5f93) x31 0x00000000
core   0: 0x8000cfe0 (0x0ff0000f) fence   iorw,iorw
core   0: 3 0x8000cfe0 (0x0ff0000f)
core   0: 0x8000cfe4 (0x2caf7493) andi    s1, t5, 714
core   0: 3 0x8000cfe4 (0x2caf7493) x 9 0x00000000
core   0: 0x8000cfe8 (0xc24c3317) auipc   t1, 0xc24c3
core   0: 3 0x8000cfe8 (0xc24c3317) x 6 0x424cffe8
core   0: 0x8000cfec (0x979a7793) andi    a5, s4, -1671
core   0: 3 0x8000cfec (0x979a7793) x15 0x00000000
core   0: 0x8000cff0 (0x01785413) srli    s0, a6, 23
core   0: 3 0x8000cff0 (0x01785413) x 8 0x000001ff
core   0: 0x8000cff4 (0x00000013) nop
core   0: 3 0x8000cff4 (0x00000013)
core   0: 0x8000cff8 (0xb1113d13) sltiu   s10, sp, -1263
core   0: 3 0x8000cff8 (0xb1113d13) x26 0x00000001
core   0: 0x8000cffc (0x03176a63) bltu    a4, a7, pc + 52
core   0: 3 0x8000cffc (0x03176a63)
core   0: 0x8000d030 (0x44f27613) andi    a2, tp, 1103
core   0: 3 0x8000d030 (0x44f27613) x12 0x00000000
core   0: 0x8000d034 (0x005c1913) slli    s2, s8, 5
core   0: 3 0x8000d034 (0x005c1913) x18 0xffff9ec0
core   0: 0x8000d038 (0x00937c33) and     s8, t1, s1
core   0: 3 0x8000d038 (0x00937c33) x24 0x00000000
core   0: 0x8000d03c (0x054f7663) bgeu    t5, s4, pc + 76
core   0: 3 0x8000d03c (0x054f7663)
core   0: 0x8000d088 (0x0198e533) or      a0, a7, s9
core   0: 3 0x8000d088 (0x0198e533) x10 0x8002aee4
core   0: 0x8000d08c (0xb850c793) xori    a5, ra, -1147
core   0: 3 0x8000d08c (0xb850c793) x15 0xfffffb85
core   0: 0x8000d090 (0x019c14b3) sll     s1, s8, s9
core   0: 3 0x8000d090 (0x019c14b3) x 9 0x00000000
core   0: 0x8000d094 (0x9045cd97) auipc   s11, 0x9045c
core   0: 3 0x8000d094 (0x9045cd97) x27 0x10469094
core   0: 0x8000d098 (0x409b5c13) srai    s8, s6, 9
core   0: 3 0x8000d098 (0x409b5c13) x24 0xfffffffc
core   0: 0x8000d09c (0x00a01bb3) sll     s7, zero, a0
core   0: 3 0x8000d09c (0x00a01bb3) x23 0x00000000
core   0: 0x8000d0a0 (0x008ffa63) bgeu    t6, s0, pc + 20
core   0: 3 0x8000d0a0 (0x008ffa63)
core   0: 0x8000d0a4 (0x0049dc13) srli    s8, s3, 4
core   0: 3 0x8000d0a4 (0x0049dc13) x24 0x08002ae6
core   0: 0x8000d0a8 (0x0000100f) fence.i
core   0: 3 0x8000d0a8 (0x0000100f)
core   0: 0x8000d0ac (0x007042b3) xor     t0, zero, t2
core   0: 3 0x8000d0ac (0x007042b3) x 5 0x00000000
core   0: 0x8000d0b0 (0x00000013) nop
core   0: 3 0x8000d0b0 (0x00000013)
core   0: 0x8000d0b4 (0x000b3d33) sltu    s10, s6, zero
core   0: 3 0x8000d0b4 (0x000b3d33) x26 0x00000000
core   0: 0x8000d0b8 (0x40ea8733) sub     a4, s5, a4
core   0: 3 0x8000d0b8 (0x40ea8733) x14 0xfc000000
core   0: 0x8000d0bc (0x0ff0000f) fence   iorw,iorw
core   0: 3 0x8000d0bc (0x0ff0000f)
core   0: 0x8000d0c0 (0x00000013) nop
core   0: 3 0x8000d0c0 (0x00000013)
core   0: 0x8000d0c4 (0x007e3533) sltu    a0, t3, t2
core   0: 3 0x8000d0c4 (0x007e3533) x10 0x00000000
core   0: 0x8000d0c8 (0x248e4093) xori    ra, t3, 584
core   0: 3 0x8000d0c8 (0x248e4093) x 1 0x2ae64248
core   0: 0x8000d0cc (0x419a8833) sub     a6, s5, s9
core   0: 3 0x8000d0cc (0x419a8833) x16 0xfbffff5c
core   0: 0x8000d0d0 (0x01f575b3) and     a1, a0, t6
core   0: 3 0x8000d0d0 (0x01f575b3) x11 0x00000000
core   0: 0x8000d0d4 (0x1ea1e513) ori     a0, gp, 490
core   0: 3 0x8000d0d4 (0x1ea1e513) x10 0x3c3be1ee
core   0: 0x8000d0d8 (0x00ae62b3) or      t0, t3, a0
core   0: 3 0x8000d0d8 (0x00ae62b3) x 5 0x3effe1ee
core   0: 0x8000d0dc (0x01d7fe63) bgeu    a5, t4, pc + 28
core   0: 3 0x8000d0dc (0x01d7fe63)
core   0: 0x8000d0f8 (0x00611c33) sll     s8, sp, t1
core   0: 3 0x8000d0f8 (0x00611c33) x24 0x02ece400
core   0: 0x8000d0fc (0x01aa9e33) sll     t3, s5, s10
core   0: 3 0x8000d0fc (0x01aa9e33) x28 0xfc000000
core   0: 0x8000d100 (0xd2542037) lui     zero, 0xd2542
core   0: 3 0x8000d100 (0xd2542037)
core   0: 0x8000d104 (0x00050833) add     a6, a0, zero
core   0: 3 0x8000d104 (0x00050833) x16 0x3c3be1ee
core   0: 0x8000d108 (0x0000100f) fence.i
core   0: 3 0x8000d108 (0x0000100f)
core   0: 0x8000d10c (0x004b13b3) sll     t2, s6, tp
core   0: 3 0x8000d10c (0x004b13b3) x 7 0xfffff81a
core   0: 0x8000d110 (0x0ff0000f) fence   iorw,iorw
core   0: 3 0x8000d110 (0x0ff0000f)
core   0: 0x8000d114 (0x006591b3) sll     gp, a1, t1
core   0: 3 0x8000d114 (0x006591b3) x 3 0x00000000
core   0: 0x8000d118 (0x00b66463) bltu    a2, a1, pc + 8
core   0: 3 0x8000d118 (0x00b66463)
core   0: 0x8000d11c (0x006a8633) add     a2, s5, t1
core   0: 3 0x8000d11c (0x006a8633) x12 0x3e4cffe8
core   0: 0x8000d120 (0x008d9a13) slli    s4, s11, 8
core   0: 3 0x8000d120 (0x008d9a13) x20 0x46909400
core   0: 0x8000d124 (0xabc87793) andi    a5, a6, -1348
core   0: 3 0x8000d124 (0xabc87793) x15 0x3c3be0ac
core   0: 0x8000d128 (0x007ca4b3) slt     s1, s9, t2
core   0: 3 0x8000d128 (0x007ca4b3) x 9 0x00000000
core   0: 0x8000d12c (0x186bed93) ori     s11, s7, 390
core   0: 3 0x8000d12c (0x186bed93) x27 0x00000186
core   0: 0x8000d130 (0x0083dab3) srl     s5, t2, s0
core   0: 3 0x8000d130 (0x0083dab3) x21 0x00000001
core   0: 0x8000d134 (0x00049533) sll     a0, s1, zero
core   0: 3 0x8000d134 (0x00049533) x10 0x00000000
core   0: 0x8000d138 (0x70adb293) sltiu   t0, s11, 1802
core   0: 3 0x8000d138 (0x70adb293) x 5 0x00000001
core   0: 0x8000d13c (0x0471f663) bgeu    gp, t2, pc + 76
core   0: 3 0x8000d13c (0x0471f663)
core   0: 0x8000d140 (0x00e90033) add     zero, s2, a4
core   0: 3 0x8000d140 (0x00e90033)
core   0: 0x8000d144 (0x0ff0000f) fence   iorw,iorw
core   0: 3 0x8000d144 (0x0ff0000f)
core   0: 0x8000d148 (0x40ecd433) sra     s0, s9, a4
core   0: 3 0x8000d148 (0x40ecd433) x 8 0x000000a4
core   0: 0x8000d14c (0x4154d5b3) sra     a1, s1, s5
core   0: 3 0x8000d14c (0x4154d5b3) x11 0x00000000
core   0: 0x8000d150 (0x00abe8b3) or      a7, s7, a0
core   0: 3 0x8000d150 (0x00abe8b3) x17 0x00000000
core   0: 0x8000d154 (0x404058b3) sra     a7, zero, tp
core   0: 3 0x8000d154 (0x404058b3) x17 0x00000000
core   0: 0x8000d158 (0x00afc1b3) xor     gp, t6, a0
core   0: 3 0x8000d158 (0x00afc1b3) x 3 0x00000000
core   0: 0x8000d15c (0x41d30db3) sub     s11, t1, t4
core   0: 3 0x8000d15c (0x41d30db3) x27 0x4539e3f6
core   0: 0x8000d160 (0x0035e2b3) or      t0, a1, gp
core   0: 3 0x8000d160 (0x0035e2b3) x 5 0x00000000
core   0: 0x8000d164 (0x00e61533) sll     a0, a2, a4
core   0: 3 0x8000d164 (0x00e61533) x10 0x3e4cffe8
core   0: 0x8000d168 (0x027f4c63) blt     t5, t2, pc + 56
core   0: 3 0x8000d168 (0x027f4c63)
core   0: 0x8000d16c (0x03ee6a63) bltu    t3, t5, pc + 52
core   0: 3 0x8000d16c (0x03ee6a63)
core   0: 0x8000d170 (0x007b8a33) add     s4, s7, t2
core   0: 3 0x8000d170 (0x007b8a33) x20 0xfffff81a
core   0: 0x8000d174 (0x4143de93) srai    t4, t2, 20
core   0: 3 0x8000d174 (0x4143de93) x29 0xffffffff
core   0: 0x8000d178 (0x00000013) nop
core   0: 3 0x8000d178 (0x00000013)
core   0: 0x8000d17c (0x021b1a63) bne     s6, ra, pc + 52
core   0: 3 0x8000d17c (0x021b1a63)
core   0: 0x8000d1b0 (0x73ceae97) auipc   t4, 0x73cea
core   0: 3 0x8000d1b0 (0x73ceae97) x29 0xf3cf71b0
core   0: 0x8000d1b4 (0x41e78733) sub     a4, a5, t5
core   0: 3 0x8000d1b4 (0x41e78733) x14 0x3c3be0ac
core   0: 0x8000d1b8 (0x01940e33) add     t3, s0, s9
core   0: 3 0x8000d1b8 (0x01940e33) x28 0x00000148
core   0: 0x8000d1bc (0x00fc5fb3) srl     t6, s8, a5
core   0: 3 0x8000d1bc (0x00fc5fb3) x31 0x00002ece
core   0: 0x8000d1c0 (0x01890263) beq     s2, s8, pc + 4
core   0: 3 0x8000d1c0 (0x01890263)
core   0: 0x8000d1c4 (0x12c29317) auipc   t1, 0x12c29
core   0: 3 0x8000d1c4 (0x12c29317) x 6 0x92c361c4
core   0: 0x8000d1c8 (0x0084e263) bltu    s1, s0, pc + 4
core   0: 3 0x8000d1c8 (0x0084e263)
core   0: 0x8000d1cc (0x0463e063) bltu    t2, t1, pc + 64
core   0: 3 0x8000d1cc (0x0463e063)
core   0: 0x8000d1d0 (0xdfabfb13) andi    s6, s7, -518
core   0: 3 0x8000d1d0 (0xdfabfb13) x22 0x00000000
core   0: 0x8000d1d4 (0x0000100f) fence.i
core   0: 3 0x8000d1d4 (0x0000100f)
core   0: 0x8000d1d8 (0x01b24bb3) xor     s7, tp, s11
core   0: 3 0x8000d1d8 (0x01b24bb3) x23 0x4539e3f6
core   0: 0x8000d1dc (0x00000013) nop
core   0: 3 0x8000d1dc (0x00000013)
core   0: 0x8000d1e0 (0x409102b3) sub     t0, sp, s1
core   0: 3 0x8000d1e0 (0x409102b3) x 5 0x8002ece4
core   0: 0x8000d1e4 (0x01f27433) and     s0, tp, t6
core   0: 3 0x8000d1e4 (0x01f27433) x 8 0x00000000
core   0: 0x8000d1e8 (0x00aa8933) add     s2, s5, a0
core   0: 3 0x8000d1e8 (0x00aa8933) x18 0x3e4cffe9
core   0: 0x8000d1ec (0x2ae83b13) sltiu   s6, a6, 686
core   0: 3 0x8000d1ec (0x2ae83b13) x22 0x00000000
core   0: 0x8000d1f0 (0x012ee263) bltu    t4, s2, pc + 4
core   0: 3 0x8000d1f0 (0x012ee263)
core   0: 0x8000d1f4 (0x41d50b33) sub     s6, a0, t4
core   0: 3 0x8000d1f4 (0x41d50b33) x22 0x4a7d8e38
core   0: 0x8000d1f8 (0x416e02b3) sub     t0, t3, s6
core   0: 3 0x8000d1f8 (0x416e02b3) x 5 0xb5827310
core   0: 0x8000d1fc (0x03345463) bge     s0, s3, pc + 40
core   0: 3 0x8000d1fc (0x03345463)
core   0: 0x8000d224 (0x010b01b3) add     gp, s6, a6
core   0: 3 0x8000d224 (0x010b01b3) x 3 0x86b97026
core   0: 0x8000d228 (0x0f819663) bne     gp, s8, pc + 236
core   0: 3 0x8000d228 (0x0f819663)
core   0: 0x8000d314 (0x05985463) bge     a6, s9, pc + 72
core   0: 3 0x8000d314 (0x05985463)
core   0: 0x8000d35c (0xdda60c97) auipc   s9, 0xdda60
core   0: 3 0x8000d35c (0xdda60c97) x25 0x5da6d35c
core   0: 0x8000d360 (0x0ff0000f) fence   iorw,iorw
core   0: 3 0x8000d360 (0x0ff0000f)
core   0: 0x8000d364 (0x006b1c63) bne     s6, t1, pc + 24
core   0: 3 0x8000d364 (0x006b1c63)
core   0: 0x8000d37c (0x0039a5b3) slt     a1, s3, gp
core   0: 3 0x8000d37c (0x0039a5b3) x11 0x00000001
core   0: 0x8000d380 (0x00fa9d33) sll     s10, s5, a5
core   0: 3 0x8000d380 (0x00fa9d33) x26 0x00001000
core   0: 0x8000d384 (0x016e9e93) slli    t4, t4, 22
core   0: 3 0x8000d384 (0x016e9e93) x29 0x6c000000
core   0: 0x8000d388 (0x003cfa63) bgeu    s9, gp, pc + 20
core   0: 3 0x8000d388 (0x003cfa63)
core   0: 0x8000d38c (0x01eca1b3) slt     gp, s9, t5
core   0: 3 0x8000d38c (0x01eca1b3) x 3 0x00000000
core   0: 0x8000d390 (0x019fd1b3) srl     gp, t6, s9
core   0: 3 0x8000d390 (0x019fd1b3) x 3 0x00000000
core   0: 0x8000d394 (0xe9d94513) xori    a0, s2, -355
core   0: 3 0x8000d394 (0xe9d94513) x10 0xc1b30174
core   0: 0x8000d398 (0x01368033) add     zero, a3, s3
core   0: 3 0x8000d398 (0x01368033)
core   0: 0x8000d39c (0x01a03bb3) snez    s7, s10
core   0: 3 0x8000d39c (0x01a03bb3) x23 0x00000001
core   0: 0x8000d3a0 (0x01788933) add     s2, a7, s7
core   0: 3 0x8000d3a0 (0x01788933) x18 0x00000001
core   0: 0x8000d3a4 (0x0176de63) bge     a3, s7, pc + 28
core   0: 3 0x8000d3a4 (0x0176de63)
core   0: 0x8000d3a8 (0x019a8863) beq     s5, s9, pc + 16
core   0: 3 0x8000d3a8 (0x019a8863)
core   0: 0x8000d3ac (0xf5bec493) xori    s1, t4, -165
core   0: 3 0x8000d3ac (0xf5bec493) x 9 0x93ffff5b
core   0: 0x8000d3b0 (0x7d364413) xori    s0, a2, 2003
core   0: 3 0x8000d3b0 (0x7d364413) x 8 0x3e4cf83b
core   0: 0x8000d3b4 (0x8ec87517) auipc   a0, 0x8ec87
core   0: 3 0x8000d3b4 (0x8ec87517) x10 0x0ec943b4
core   0: 0x8000d3b8 (0x010bc3b3) xor     t2, s7, a6
core   0: 3 0x8000d3b8 (0x010bc3b3) x 7 0x3c3be1ef
core   0: 0x8000d3bc (0x028a9063) bne     s5, s0, pc + 32
core   0: 3 0x8000d3bc (0x028a9063)
core   0: 0x8000d3dc (0x40e08cb3) sub     s9, ra, a4
core   0: 3 0x8000d3dc (0x40e08cb3) x25 0xeeaa619c
core   0: 0x8000d3e0 (0x41a65713) srai    a4, a2, 26
core   0: 3 0x8000d3e0 (0x41a65713) x14 0x0000000f
core   0: 0x8000d3e4 (0x0ff0000f) fence   iorw,iorw
core   0: 3 0x8000d3e4 (0x0ff0000f)
core   0: 0x8000d3e8 (0x8eb45c97) auipc   s9, 0x8eb45
core   0: 3 0x8000d3e8 (0x8eb45c97) x25 0x0eb523e8
core   0: 0x8000d3ec (0x5e27c493) xori    s1, a5, 1506
core   0: 3 0x8000d3ec (0x5e27c493) x 9 0x3c3be54e
core   0: 0x8000d3f0 (0x00e0ef33) or      t5, ra, a4
core   0: 3 0x8000d3f0 (0x00e0ef33) x30 0x2ae6424f
core   0: 0x8000d3f4 (0x19bd4893) xori    a7, s10, 411
core   0: 3 0x8000d3f4 (0x19bd4893) x17 0x0000119b
core   0: 0x8000d3f8 (0x00cc88b3) add     a7, s9, a2
core   0: 3 0x8000d3f8 (0x00cc88b3) x17 0x4d0223d0
core   0: 0x8000d3fc (0x0018a2b3) slt     t0, a7, ra
core   0: 3 0x8000d3fc (0x0018a2b3) x 5 0x00000000
core   0: 0x8000d400 (0x40bede33) sra     t3, t4, a1
core   0: 3 0x8000d400 (0x40bede33) x28 0x36000000
core   0: 0x8000d404 (0x4188d893) srai    a7, a7, 24
core   0: 3 0x8000d404 (0x4188d893) x17 0x0000004d
core   0: 0x8000d408 (0x007f3633) sltu    a2, t5, t2
core   0: 3 0x8000d408 (0x007f3633) x12 0x00000001
core   0: 0x8000d40c (0x05cdc063) blt     s11, t3, pc + 64
core   0: 3 0x8000d40c (0x05cdc063)
core   0: 0x8000d410 (0x019ffbb3) and     s7, t6, s9
core   0: 3 0x8000d410 (0x019ffbb3) x23 0x000022c8
core   0: 0x8000d414 (0x0000100f) fence.i
core   0: 3 0x8000d414 (0x0000100f)
core   0: 0x8000d418 (0x388f2017) auipc   zero, 0x388f2
core   0: 3 0x8000d418 (0x388f2017)
core   0: 0x8000d41c (0x00856a63) bltu    a0, s0, pc + 20
core   0: 3 0x8000d41c (0x00856a63)
core   0: 0x8000d430 (0x00000013) nop
core   0: 3 0x8000d430 (0x00000013)
core   0: 0x8000d434 (0x94c9c913) xori    s2, s3, -1716
core   0: 3 0x8000d434 (0x94c9c913) x18 0x7ffd5728
core   0: 0x8000d438 (0x4dc4be93) sltiu   t4, s1, 1244
core   0: 3 0x8000d438 (0x4dc4be93) x29 0x00000000
core   0: 0x8000d43c (0xa68cc913) xori    s2, s9, -1432
core   0: 3 0x8000d43c (0xa68cc913) x18 0xf14ad980
core   0: 0x8000d440 (0x31498493) addi    s1, s3, 788
core   0: 3 0x8000d440 (0x31498493) x 9 0x8002b178
core   0: 0x8000d444 (0x01be4bb3) xor     s7, t3, s11
core   0: 3 0x8000d444 (0x01be4bb3) x23 0x7339e3f6
core   0: 0x8000d448 (0xd081ee13) ori     t3, gp, -760
core   0: 3 0x8000d448 (0xd081ee13) x28 0xfffffd08
core   0: 0x8000d44c (0x41a58db3) sub     s11, a1, s10
core   0: 3 0x8000d44c (0x41a58db3) x27 0xfffff001
core   0: 0x8000d450 (0x01468733) add     a4, a3, s4
core   0: 3 0x8000d450 (0x01468733) x14 0x7ffff81a
core   0: 0x8000d454 (0x40f258b3) sra     a7, tp, a5
core   0: 3 0x8000d454 (0x40f258b3) x17 0x00000000
core   0: 0x8000d458 (0x3b606593) ori     a1, zero, 950
core   0: 3 0x8000d458 (0x3b606593) x11 0x000003b6
core   0: 0x8000d45c (0x85efa293) slti    t0, t6, -1954
core   0: 3 0x8000d45c (0x85efa293) x 5 0x00000000
core   0: 0x8000d460 (0x04ad1663) bne     s10, a0, pc + 76
core   0: 3 0x8000d460 (0x04ad1663)
core   0: 0x8000d4ac (0x0148de63) bge     a7, s4, pc + 28
core   0: 3 0x8000d4ac (0x0148de63)
core   0: 0x8000d4c8 (0x00275193) srli    gp, a4, 2
core   0: 3 0x8000d4c8 (0x00275193) x 3 0x1ffffe06
core   0: 0x8000d4cc (0x03d44463) blt     s0, t4, pc + 40
core   0: 3 0x8000d4cc (0x03d44463)
core   0: 0x8000d4d0 (0x039b9c63) bne     s7, s9, pc + 56
core   0: 3 0x8000d4d0 (0x039b9c63)
core   0: 0x8000d508 (0xef01a593) slti    a1, gp, -272
core   0: 3 0x8000d508 (0xef01a593) x11 0x00000000
core   0: 0x8000d50c (0x00000013) nop
core   0: 3 0x8000d50c (0x00000013)
core   0: 0x8000d510 (0x00725613) srli    a2, tp, 7
core   0: 3 0x8000d510 (0x00725613) x12 0x00000000
core   0: 0x8000d514 (0x0000100f) fence.i
core   0: 3 0x8000d514 (0x0000100f)
core   0: 0x8000d518 (0x00f6ae33) slt     t3, a3, a5
core   0: 3 0x8000d518 (0x00f6ae33) x28 0x00000001
core   0: 0x8000d51c (0x00000013) nop
core   0: 3 0x8000d51c (0x00000013)
core   0: 0x8000d520 (0x01ae2bb3) slt     s7, t3, s10
core   0: 3 0x8000d520 (0x01ae2bb3) x23 0x00000001
core   0: 0x8000d524 (0x0037b1b3) sltu    gp, a5, gp
core   0: 3 0x8000d524 (0x0037b1b3) x 3 0x00000000
core   0: 0x8000d528 (0x17240e93) addi    t4, s0, 370
core   0: 3 0x8000d528 (0x17240e93) x29 0x3e4cf9ad
core   0: 0x8000d52c (0x40d45313) srai    t1, s0, 13
core   0: 3 0x8000d52c (0x40d45313) x 6 0x0001f267
core   0: 0x8000d530 (0x0000100f) fence.i
core   0: 3 0x8000d530 (0x0000100f)
core   0: 0x8000d534 (0x268b3513) sltiu   a0, s6, 616
core   0: 3 0x8000d534 (0x268b3513) x10 0x00000000
core   0: 0x8000d538 (0x01a09293) slli    t0, ra, 26
core   0: 3 0x8000d538 (0x01a09293) x 5 0x20000000
core   0: 0x8000d53c (0x01dee733) or      a4, t4, t4
core   0: 3 0x8000d53c (0x01dee733) x14 0x3e4cf9ad
core   0: 0x8000d540 (0x0889fd93) andi    s11, s3, 136
core   0: 3 0x8000d540 (0x0889fd93) x27 0x00000000
core   0: 0x8000d544 (0x0000100f) fence.i
core   0: 3 0x8000d544 (0x0000100f)
core   0: 0x8000d548 (0x008034b3) snez    s1, s0
core   0: 3 0x8000d548 (0x008034b3) x 9 0x00000001
core   0: 0x8000d54c (0x39d3d037) lui     zero, 0x39d3d
core   0: 3 0x8000d54c (0x39d3d037)
core   0: 0x8000d550 (0x01f14ab3) xor     s5, sp, t6
core   0: 3 0x8000d550 (0x01f14ab3) x21 0x8002c22a
core   0: 0x8000d554 (0x007ec533) xor     a0, t4, t2
core   0: 3 0x8000d554 (0x007ec533) x10 0x02771842
core   0: 0x8000d558 (0x0137f3b3) and     t2, a5, s3
core   0: 3 0x8000d558 (0x0137f3b3) x 7 0x0002a024
core   0: 0x8000d55c (0x01a98833) add     a6, s3, s10
core   0: 3 0x8000d55c (0x01a98833) x16 0x8002be64
core   0: 0x8000d560 (0x009aab33) slt     s6, s5, s1
core   0: 3 0x8000d560 (0x009aab33) x22 0x00000001
core   0: 0x8000d564 (0xcd86f513) andi    a0, a3, -808
core   0: 3 0x8000d564 (0xcd86f513) x10 0x80000000
core   0: 0x8000d568 (0x043c7063) bgeu    s8, gp, pc + 64
core   0: 3 0x8000d568 (0x043c7063)
core   0: 0x8000d5a8 (0xb78d4793) xori    a5, s10, -1160
core   0: 3 0x8000d5a8 (0xb78d4793) x15 0xffffeb78
core   0: 0x8000d5ac (0x77be4517) auipc   a0, 0x77be4
core   0: 3 0x8000d5ac (0x77be4517) x10 0xf7bf15ac
core   0: 0x8000d5b0 (0x012933b3) sltu    t2, s2, s2
core   0: 3 0x8000d5b0 (0x012933b3) x 7 0x00000000
core   0: 0x8000d5b4 (0x00000013) nop
core   0: 3 0x8000d5b4 (0x00000013)
core   0: 0x8000d5b8 (0xc12ce913) ori     s2, s9, -1006
core   0: 3 0x8000d5b8 (0xc12ce913) x18 0xfffffffa
core   0: 0x8000d5bc (0x40640833) sub     a6, s0, t1
core   0: 3 0x8000d5bc (0x40640833) x16 0x3e4b05d4
core   0: 0x8000d5c0 (0xf1974c13) xori    s8, a4, -231
core   0: 3 0x8000d5c0 (0xf1974c13) x24 0xc1b306b4
core   0: 0x8000d5c4 (0x04975463) bge     a4, s1, pc + 72
core   0: 3 0x8000d5c4 (0x04975463)
core   0: 0x8000d60c (0xfc8a2f93) slti    t6, s4, -56
core   0: 3 0x8000d60c (0xfc8a2f93) x31 0x00000001
core   0: 0x8000d610 (0x03faf063) bgeu    s5, t6, pc + 32
core   0: 3 0x8000d610 (0x03faf063)
core   0: 0x8000d630 (0x415883b3) sub     t2, a7, s5
core   0: 3 0x8000d630 (0x415883b3) x 7 0x7ffd3dd6
core   0: 0x8000d634 (0x05868063) beq     a3, s8, pc + 64
core   0: 3 0x8000d634 (0x05868063)
core   0: 0x8000d638 (0x0ea1f097) auipc   ra, 0xea1f
core   0: 3 0x8000d638 (0x0ea1f097) x 1 0x8ea2c638
core   0: 0x8000d63c (0x00460533) add     a0, a2, tp
core   0: 3 0x8000d63c (0x00460533) x10 0x00000000
core   0: 0x8000d640 (0x00000013) nop
core   0: 3 0x8000d640 (0x00000013)
core   0: 0x8000d644 (0x00c63c33) sltu    s8, a2, a2
core   0: 3 0x8000d644 (0x00c63c33) x24 0x00000000
core   0: 0x8000d648 (0x00c822b3) slt     t0, a6, a2
core   0: 3 0x8000d648 (0x00c822b3) x 5 0x00000000
core   0: 0x8000d64c (0x00000013) nop
core   0: 3 0x8000d64c (0x00000013)
core   0: 0x8000d650 (0x0000100f) fence.i
core   0: 3 0x8000d650 (0x0000100f)
core   0: 0x8000d654 (0x0112dc93) srli    s9, t0, 17
core   0: 3 0x8000d654 (0x0112dc93) x25 0x00000000
core   0: 0x8000d658 (0xd350c513) xori    a0, ra, -715
core   0: 3 0x8000d658 (0xd350c513) x10 0x715d3b0d
core   0: 0x8000d65c (0x01ae90b3) sll     ra, t4, s10
core   0: 3 0x8000d65c (0x01ae90b3) x 1 0x3e4cf9ad
core   0: 0x8000d660 (0x41710533) sub     a0, sp, s7
core   0: 3 0x8000d660 (0x41710533) x10 0x8002ece3
core   0: 0x8000d664 (0x40aa5933) sra     s2, s4, a0
core   0: 3 0x8000d664 (0x40aa5933) x18 0xffffff03
core   0: 0x8000d668 (0xe605cd13) xori    s10, a1, -416
core   0: 3 0x8000d668 (0xe605cd13) x26 0xfffffe60
core   0: 0x8000d66c (0x3b5fb193) sltiu   gp, t6, 949
core   0: 3 0x8000d66c (0x3b5fb193) x 3 0x00000001
core   0: 0x8000d670 (0x83a90813) addi    a6, s2, -1990
core   0: 3 0x8000d670 (0x83a90813) x16 0xfffff73d
core   0: 0x8000d674 (0xb8a5a897) auipc   a7, 0xb8a5a
core   0: 3 0x8000d674 (0xb8a5a897) x17 0x38a67674
core   0: 0x8000d678 (0x014f0263) beq     t5, s4, pc + 4
core   0: 3 0x8000d678 (0x014f0263)
core   0: 0x8000d67c (0x41845eb3) sra     t4, s0, s8
core   0: 3 0x8000d67c (0x41845eb3) x29 0x3e4cf83b
core   0: 0x8000d680 (0x01577e63) bgeu    a4, s5, pc + 28
core   0: 3 0x8000d680 (0x01577e63)
core   0: 0x8000d684 (0x8743aeb7) lui     t4, 0x8743a
core   0: 3 0x8000d684 (0x8743aeb7) x29 0x8743a000
core   0: 0x8000d688 (0xfda44e93) xori    t4, s0, -38
core   0: 3 0x8000d688 (0xfda44e93) x29 0xc1b307e1
core   0: 0x8000d68c (0x00567ab3) and     s5, a2, t0
core   0: 3 0x8000d68c (0x00567ab3) x21 0x00000000
core   0: 0x8000d690 (0x017197b3) sll     a5, gp, s7
core   0: 3 0x8000d690 (0x017197b3) x15 0x00000002
core   0: 0x8000d694 (0x00d85293) srli    t0, a6, 13
core   0: 3 0x8000d694 (0x00d85293) x 5 0x0007ffff
core   0: 0x8000d698 (0x04359263) bne     a1, gp, pc + 68
core   0: 3 0x8000d698 (0x04359263)
core   0: 0x8000d6dc (0x0074fa63) bgeu    s1, t2, pc + 20
core   0: 3 0x8000d6dc (0x0074fa63)
core   0: 0x8000d6e0 (0x0ff0000f) fence   iorw,iorw
core   0: 3 0x8000d6e0 (0x0ff0000f)
core   0: 0x8000d6e4 (0x4106d3b3) sra     t2, a3, a6
core   0: 3 0x8000d6e4 (0x4106d3b3) x 7 0xfffffffc
core   0: 0x8000d6e8 (0x0158cf33) xor     t5, a7, s5
core   0: 3 0x8000d6e8 (0x0158cf33) x30 0x38a67674
core   0: 0x8000d6ec (0x01738733) add     a4, t2, s7
core   0: 3 0x8000d6ec (0x01738733) x14 0xfffffffd
core   0: 0x8000d6f0 (0x6f073a97) auipc   s5, 0x6f073
core   0: 3 0x8000d6f0 (0x6f073a97) x21 0xef0806f0
core   0: 0x8000d6f4 (0x01212933) slt     s2, sp, s2
core   0: 3 0x8000d6f4 (0x01212933) x18 0x00000001
core   0: 0x8000d6f8 (0x013c60b3) or      ra, s8, s3
core   0: 3 0x8000d6f8 (0x013c60b3) x 1 0x8002ae64
core   0: 0x8000d6fc (0x004057b3) srl     a5, zero, tp
core   0: 3 0x8000d6fc (0x004057b3) x15 0x00000000
core   0: 0x8000d700 (0x9e75b913) sltiu   s2, a1, -1561
core   0: 3 0x8000d700 (0x9e75b913) x18 0x00000001
core   0: 0x8000d704 (0x0ff0000f) fence   iorw,iorw
core   0: 3 0x8000d704 (0x0ff0000f)
core   0: 0x8000d708 (0x01889fb3) sll     t6, a7, s8
core   0: 3 0x8000d708 (0x01889fb3) x31 0x38a67674
core   0: 0x8000d70c (0x017644b3) xor     s1, a2, s7
core   0: 3 0x8000d70c (0x017644b3) x 9 0x00000001
core   0: 0x8000d710 (0x419688b3) sub     a7, a3, s9
core   0: 3 0x8000d710 (0x419688b3) x17 0x80000000
core   0: 0x8000d714 (0x0000100f) fence.i
core   0: 3 0x8000d714 (0x0000100f)
core   0: 0x8000d718 (0x40ecde93) srai    t4, s9, 14
core   0: 3 0x8000d718 (0x40ecde93) x29 0x00000000
core   0: 0x8000d71c (0x019bdcb3) srl     s9, s7, s9
core   0: 3 0x8000d71c (0x019bdcb3) x25 0x00000001
core   0: 0x8000d720 (0x1f3b7b13) andi    s6, s6, 499
core   0: 3 0x8000d720 (0x1f3b7b13) x22 0x00000001
core   0: 0x8000d724 (0xbe387c17) auipc   s8, 0xbe387
core   0: 3 0x8000d724 (0xbe387c17) x24 0x3e394724
core   0: 0x8000d728 (0x00e07863) bgeu    zero, a4, pc + 16
core   0: 3 0x8000d728 (0x00e07863)
core   0: 0x8000d72c (0x01855333) srl     t1, a0, s8
core   0: 3 0x8000d72c (0x01855333) x 6 0x08002ece
core   0: 0x8000d730 (0x031d7463) bgeu    s10, a7, pc + 40
core   0: 3 0x8000d730 (0x031d7463)
core   0: 0x8000d758 (0x40bc0933) sub     s2, s8, a1
core   0: 3 0x8000d758 (0x40bc0933) x18 0x3e394724
core   0: 0x8000d75c (0x00366463) bltu    a2, gp, pc + 8
core   0: 3 0x8000d75c (0x00366463)
core   0: 0x8000d764 (0x00f98533) add     a0, s3, a5
core   0: 3 0x8000d764 (0x00f98533) x10 0x8002ae64
core   0: 0x8000d768 (0x00b8dbb3) srl     s7, a7, a1
core   0: 3 0x8000d768 (0x00b8dbb3) x23 0x80000000
core   0: 0x8000d76c (0x011417b3) sll     a5, s0, a7
core   0: 3 0x8000d76c (0x011417b3) x15 0x3e4cf83b
core   0: 0x8000d770 (0x038d5a63) bge     s10, s8, pc + 52
core   0: 3 0x8000d770 (0x038d5a63)
core   0: 0x8000d774 (0x5bbf4f13) xori    t5, t5, 1467
core   0: 3 0x8000d774 (0x5bbf4f13) x30 0x38a673cf
core   0: 0x8000d778 (0x007be733) or      a4, s7, t2
core   0: 3 0x8000d778 (0x007be733) x14 0xfffffffc
core   0: 0x8000d77c (0x00cf5c63) bge     t5, a2, pc + 24
core   0: 3 0x8000d77c (0x00cf5c63)
core   0: 0x8000d794 (0xc8cd7713) andi    a4, s10, -884
core   0: 3 0x8000d794 (0xc8cd7713) x14 0xfffffc00
core   0: 0x8000d798 (0x405add93) srai    s11, s5, 5
core   0: 3 0x8000d798 (0x405add93) x27 0xff784037
core   0: 0x8000d79c (0xe3238a93) addi    s5, t2, -462
core   0: 3 0x8000d79c (0xe3238a93) x21 0xfffffe2e
core   0: 0x8000d7a0 (0x002ef533) and     a0, t4, sp
core   0: 3 0x8000d7a0 (0x002ef533) x10 0x00000000
core   0: 0x8000d7a4 (0x00000013) nop
core   0: 3 0x8000d7a4 (0x00000013)
core   0: 0x8000d7a8 (0x015581b3) add     gp, a1, s5
core   0: 3 0x8000d7a8 (0x015581b3) x 3 0xfffffe2e
core   0: 0x8000d7ac (0x412fdb13) srai    s6, t6, 18
core   0: 3 0x8000d7ac (0x412fdb13) x22 0x00000e29
core   0: 0x8000d7b0 (0x04988663) beq     a7, s1, pc + 76
core   0: 3 0x8000d7b0 (0x04988663)
core   0: 0x8000d7b4 (0x0000100f) fence.i
core   0: 3 0x8000d7b4 (0x0000100f)
core   0: 0x8000d7b8 (0x01e55093) srli    ra, a0, 30
core   0: 3 0x8000d7b8 (0x01e55093) x 1 0x00000000
core   0: 0x8000d7bc (0x4079d0b3) sra     ra, s3, t2
core   0: 3 0x8000d7bc (0x4079d0b3) x 1 0xfffffff8
core   0: 0x8000d7c0 (0x0aab6913) ori     s2, s6, 170
core   0: 3 0x8000d7c0 (0x0aab6913) x18 0x00000eab
core   0: 0x8000d7c4 (0x7894cd37) lui     s10, 0x7894c
core   0: 3 0x8000d7c4 (0x7894cd37) x26 0x7894c000
core   0: 0x8000d7c8 (0x002c5263) bge     s8, sp, pc + 4
core   0: 3 0x8000d7c8 (0x002c5263)
core   0: 0x8000d7cc (0x058e9063) bne     t4, s8, pc + 64
core   0: 3 0x8000d7cc (0x058e9063)
core   0: 0x8000d80c (0xc6aae593) ori     a1, s5, -918
core   0: 3 0x8000d80c (0xc6aae593) x11 0xfffffe6e
core   0: 0x8000d810 (0x034b5463) bge     s6, s4, pc + 40
core   0: 3 0x8000d810 (0x034b5463)
core   0: 0x8000d838 (0x4027d033) sra     zero, a5, sp
core   0: 3 0x8000d838 (0x4027d033)
core   0: 0x8000d83c (0x00000013) nop
core   0: 3 0x8000d83c (0x00000013)
core   0: 0x8000d840 (0x654a8f37) lui     t5, 0x654a8
core   0: 3 0x8000d840 (0x654a8f37) x30 0x654a8000
core   0: 0x8000d844 (0x41705433) sra     s0, zero, s7
core   0: 3 0x8000d844 (0x41705433) x 8 0x00000000
core   0: 0x8000d848 (0x00349a63) bne     s1, gp, pc + 20
core   0: 3 0x8000d848 (0x00349a63)
core   0: 0x8000d85c (0xe2c1d517) auipc   a0, 0xe2c1d
core   0: 3 0x8000d85c (0xe2c1d517) x10 0x62c2a85c
core   0: 0x8000d860 (0x00000697) auipc   a3, 0x0
core   0: 3 0x8000d860 (0x00000697) x13 0x8000d860
core   0: 0x8000d864 (0x00c68693) addi    a3, a3, 12
core   0: 3 0x8000d864 (0x00c68693) x13 0x8000d86c
core   0: 0x8000d868 (0x00068067) jr      a3
core   0: 3 0x8000d868 (0x00068067)
core   0: 0x8000d86c (0x00100193) li      gp, 1
core   0: 3 0x8000d86c (0x00100193) x 3 0x00000001
core   0: 0x8000d870 (0x00000073) ecall
core   0: exception trap_machine_ecall, epc 0x8000d870
core   0: >>>>  mtvec_handler
core   0: 0x80013ce8 (0xffc10113) addi    sp, sp, -4
core   0: 3 0x80013ce8 (0xffc10113) x 2 0x8002ece0
core   0: 0x80013cec (0x01312023) sw      s3, 0(sp)
core   0: 3 0x80013cec (0x01312023) mem 0x8002ece0 0x8002ae64
core   0: 0x80013cf0 (0x000109b3) add     s3, sp, zero
core   0: 3 0x80013cf0 (0x000109b3) x19 0x8002ece0
core   0: 0x80013cf4 (0xf8098993) addi    s3, s3, -128
core   0: 3 0x80013cf4 (0xf8098993) x19 0x8002ec60
core   0: 0x80013cf8 (0x0019a223) sw      ra, 4(s3)
core   0: 3 0x80013cf8 (0x0019a223) mem 0x8002ec64 0xfffffff8
core   0: 0x80013cfc (0x0029a423) sw      sp, 8(s3)
core   0: 3 0x80013cfc (0x0029a423) mem 0x8002ec68 0x8002ece0
core   0: 0x80013d00 (0x0039a623) sw      gp, 12(s3)
core   0: 3 0x80013d00 (0x0039a623) mem 0x8002ec6c 0x00000001
core   0: 0x80013d04 (0x0049a823) sw      tp, 16(s3)
core   0: 3 0x80013d04 (0x0049a823) mem 0x8002ec70 0x00000000
core   0: 0x80013d08 (0x0059aa23) sw      t0, 20(s3)
core   0: 3 0x80013d08 (0x0059aa23) mem 0x8002ec74 0x0007ffff
core   0: 0x80013d0c (0x0069ac23) sw      t1, 24(s3)
core   0: 3 0x80013d0c (0x0069ac23) mem 0x8002ec78 0x08002ece
core   0: 0x80013d10 (0x0079ae23) sw      t2, 28(s3)
core   0: 3 0x80013d10 (0x0079ae23) mem 0x8002ec7c 0xfffffffc
core   0: 0x80013d14 (0x0289a023) sw      s0, 32(s3)
core   0: 3 0x80013d14 (0x0289a023) mem 0x8002ec80 0x00000000
core   0: 0x80013d18 (0x0299a223) sw      s1, 36(s3)
core   0: 3 0x80013d18 (0x0299a223) mem 0x8002ec84 0x00000001
core   0: 0x80013d1c (0x02a9a423) sw      a0, 40(s3)
core   0: 3 0x80013d1c (0x02a9a423) mem 0x8002ec88 0x62c2a85c
core   0: 0x80013d20 (0x02b9a623) sw      a1, 44(s3)
core   0: 3 0x80013d20 (0x02b9a623) mem 0x8002ec8c 0xfffffe6e
core   0: 0x80013d24 (0x02c9a823) sw      a2, 48(s3)
core   0: 3 0x80013d24 (0x02c9a823) mem 0x8002ec90 0x00000000
core   0: 0x80013d28 (0x02d9aa23) sw      a3, 52(s3)
core   0: 3 0x80013d28 (0x02d9aa23) mem 0x8002ec94 0x8000d86c
core   0: 0x80013d2c (0x02e9ac23) sw      a4, 56(s3)
core   0: 3 0x80013d2c (0x02e9ac23) mem 0x8002ec98 0xfffffc00
core   0: 0x80013d30 (0x02f9ae23) sw      a5, 60(s3)
core   0: 3 0x80013d30 (0x02f9ae23) mem 0x8002ec9c 0x3e4cf83b
core   0: 0x80013d34 (0x0509a023) sw      a6, 64(s3)
core   0: 3 0x80013d34 (0x0509a023) mem 0x8002eca0 0xfffff73d
core   0: 0x80013d38 (0x0519a223) sw      a7, 68(s3)
core   0: 3 0x80013d38 (0x0519a223) mem 0x8002eca4 0x80000000
core   0: 0x80013d3c (0x0529a423) sw      s2, 72(s3)
core   0: 3 0x80013d3c (0x0529a423) mem 0x8002eca8 0x00000eab
core   0: 0x80013d40 (0x0539a623) sw      s3, 76(s3)
core   0: 3 0x80013d40 (0x0539a623) mem 0x8002ecac 0x8002ec60
core   0: 0x80013d44 (0x0549a823) sw      s4, 80(s3)
core   0: 3 0x80013d44 (0x0549a823) mem 0x8002ecb0 0xfffff81a
core   0: 0x80013d48 (0x0559aa23) sw      s5, 84(s3)
core   0: 3 0x80013d48 (0x0559aa23) mem 0x8002ecb4 0xfffffe2e
core   0: 0x80013d4c (0x0569ac23) sw      s6, 88(s3)
core   0: 3 0x80013d4c (0x0569ac23) mem 0x8002ecb8 0x00000e29
core   0: 0x80013d50 (0x0579ae23) sw      s7, 92(s3)
core   0: 3 0x80013d50 (0x0579ae23) mem 0x8002ecbc 0x80000000
core   0: 0x80013d54 (0x0789a023) sw      s8, 96(s3)
core   0: 3 0x80013d54 (0x0789a023) mem 0x8002ecc0 0x3e394724
core   0: 0x80013d58 (0x0799a223) sw      s9, 100(s3)
core   0: 3 0x80013d58 (0x0799a223) mem 0x8002ecc4 0x00000001
core   0: 0x80013d5c (0x07a9a423) sw      s10, 104(s3)
core   0: 3 0x80013d5c (0x07a9a423) mem 0x8002ecc8 0x7894c000
core   0: 0x80013d60 (0x07b9a623) sw      s11, 108(s3)
core   0: 3 0x80013d60 (0x07b9a623) mem 0x8002eccc 0xff784037
core   0: 0x80013d64 (0x07c9a823) sw      t3, 112(s3)
core   0: 3 0x80013d64 (0x07c9a823) mem 0x8002ecd0 0x00000001
core   0: 0x80013d68 (0x07d9aa23) sw      t4, 116(s3)
core   0: 3 0x80013d68 (0x07d9aa23) mem 0x8002ecd4 0x00000000
core   0: 0x80013d6c (0x07e9ac23) sw      t5, 120(s3)
core   0: 3 0x80013d6c (0x07e9ac23) mem 0x8002ecd8 0x654a8000
core   0: 0x80013d70 (0x07f9ae23) sw      t6, 124(s3)
core   0: 3 0x80013d70 (0x07f9ae23) mem 0x8002ecdc 0x38a67674
core   0: 0x80013d74 (0x00098133) add     sp, s3, zero
core   0: 3 0x80013d74 (0x00098133) x 2 0x8002ec60
core   0: 0x80013d78 (0x30002c73) csrr    s8, mstatus
core   0: 3 0x80013d78 (0x30002c73) x24 0x00001800
core   0: 0x80013d7c (0x34202c73) csrr    s8, mcause
core   0: 3 0x80013d7c (0x34202c73) x24 0x0000000b
core   0: 0x80013d80 (0x01fc5c13) srli    s8, s8, 31
core   0: 3 0x80013d80 (0x01fc5c13) x24 0x00000000
core   0: 0x80013d84 (0x400c1463) bnez    s8, pc + 1032
core   0: 3 0x80013d84 (0x400c1463)
core   0: 0x80013d88 (0x34102c73) csrr    s8, mepc
core   0: 3 0x80013d88 (0x34102c73) x24 0x8000d870
core   0: 0x80013d8c (0x34202c73) csrr    s8, mcause
core   0: 3 0x80013d8c (0x34202c73) x24 0x0000000b
core   0: 0x80013d90 (0x00300a93) li      s5, 3
core   0: 3 0x80013d90 (0x00300a93) x21 0x00000003
core   0: 0x80013d94 (0x2b5c0a63) beq     s8, s5, pc + 692
core   0: 3 0x80013d94 (0x2b5c0a63)
core   0: 0x80013d98 (0x00800a93) li      s5, 8
core   0: 3 0x80013d98 (0x00800a93) x21 0x00000008
core   0: 0x80013d9c (0x055c0e63) beq     s8, s5, pc + 92
core   0: 3 0x80013d9c (0x055c0e63)
core   0: 0x80013da0 (0x00900a93) li      s5, 9
core   0: 3 0x80013da0 (0x00900a93) x21 0x00000009
core   0: 0x80013da4 (0x055c0a63) beq     s8, s5, pc + 84
core   0: 3 0x80013da4 (0x055c0a63)
core   0: 0x80013da8 (0x00b00a93) li      s5, 11
core   0: 3 0x80013da8 (0x00b00a93) x21 0x0000000b
core   0: 0x80013dac (0x055c0663) beq     s8, s5, pc + 76
core   0: 3 0x80013dac (0x055c0663)
core   0: 0x80013df8 (0xfffecc17) auipc   s8, 0xfffec
core   0: 3 0x80013df8 (0xfffecc17) x24 0x7ffffdf8
core   0: 0x80013dfc (0x208c0c13) addi    s8, s8, 520
core   0: 3 0x80013dfc (0x208c0c13) x24 0x80000000
core   0: 0x80013e00 (0x000c2023) sw      zero, 0(s8)
core   0: 3 0x80013e00 (0x000c2023) mem 0x80000000 0x00000000
core   0: 0x80013e04 (0x001c2223) sw      ra, 4(s8)
core   0: 3 0x80013e04 (0x001c2223) mem 0x80000004 0xfffffff8
core   0: 0x80013e08 (0x002c2423) sw      sp, 8(s8)
core   0: 3 0x80013e08 (0x002c2423) mem 0x80000008 0x8002ec60
core   0: 0x80013e0c (0x003c2623) sw      gp, 12(s8)
core   0: 3 0x80013e0c (0x003c2623) mem 0x8000000c 0x00000001
core   0: 0x80013e10 (0x004c2823) sw      tp, 16(s8)
core   0: 3 0x80013e10 (0x004c2823) mem 0x80000010 0x00000000
core   0: 0x80013e14 (0x005c2a23) sw      t0, 20(s8)
core   0: 3 0x80013e14 (0x005c2a23) mem 0x80000014 0x0007ffff
core   0: 0x80013e18 (0x006c2c23) sw      t1, 24(s8)
core   0: 3 0x80013e18 (0x006c2c23) mem 0x80000018 0x08002ece
core   0: 0x80013e1c (0x007c2e23) sw      t2, 28(s8)
core   0: 3 0x80013e1c (0x007c2e23) mem 0x8000001c 0xfffffffc
core   0: 0x80013e20 (0x028c2023) sw      s0, 32(s8)
core   0: 3 0x80013e20 (0x028c2023) mem 0x80000020 0x00000000
core   0: 0x80013e24 (0x029c2223) sw      s1, 36(s8)
core   0: 3 0x80013e24 (0x029c2223) mem 0x80000024 0x00000001
core   0: 0x80013e28 (0x02ac2423) sw      a0, 40(s8)
core   0: 3 0x80013e28 (0x02ac2423) mem 0x80000028 0x62c2a85c
core   0: 0x80013e2c (0x02bc2623) sw      a1, 44(s8)
core   0: 3 0x80013e2c (0x02bc2623) mem 0x8000002c 0xfffffe6e
core   0: 0x80013e30 (0x02cc2823) sw      a2, 48(s8)
core   0: 3 0x80013e30 (0x02cc2823) mem 0x80000030 0x00000000
core   0: 0x80013e34 (0x02dc2a23) sw      a3, 52(s8)
core   0: 3 0x80013e34 (0x02dc2a23) mem 0x80000034 0x8000d86c
core   0: 0x80013e38 (0x02ec2c23) sw      a4, 56(s8)
core   0: 3 0x80013e38 (0x02ec2c23) mem 0x80000038 0xfffffc00
core   0: 0x80013e3c (0x02fc2e23) sw      a5, 60(s8)
core   0: 3 0x80013e3c (0x02fc2e23) mem 0x8000003c 0x3e4cf83b
core   0: 0x80013e40 (0x050c2023) sw      a6, 64(s8)
core   0: 3 0x80013e40 (0x050c2023) mem 0x80000040 0xfffff73d
core   0: 0x80013e44 (0x051c2223) sw      a7, 68(s8)
core   0: 3 0x80013e44 (0x051c2223) mem 0x80000044 0x80000000
core   0: 0x80013e48 (0x052c2423) sw      s2, 72(s8)
core   0: 3 0x80013e48 (0x052c2423) mem 0x80000048 0x00000eab
core   0: 0x80013e4c (0x053c2623) sw      s3, 76(s8)
core   0: 3 0x80013e4c (0x053c2623) mem 0x8000004c 0x8002ec60
core   0: 0x80013e50 (0x054c2823) sw      s4, 80(s8)
core   0: 3 0x80013e50 (0x054c2823) mem 0x80000050 0xfffff81a
core   0: 0x80013e54 (0x055c2a23) sw      s5, 84(s8)
core   0: 3 0x80013e54 (0x055c2a23) mem 0x80000054 0x0000000b
core   0: 0x80013e58 (0x056c2c23) sw      s6, 88(s8)
core   0: 3 0x80013e58 (0x056c2c23) mem 0x80000058 0x00000e29
core   0: 0x80013e5c (0x057c2e23) sw      s7, 92(s8)
core   0: 3 0x80013e5c (0x057c2e23) mem 0x8000005c 0x80000000
core   0: 0x80013e60 (0x078c2023) sw      s8, 96(s8)
core   0: 3 0x80013e60 (0x078c2023) mem 0x80000060 0x80000000
core   0: 0x80013e64 (0x079c2223) sw      s9, 100(s8)
core   0: 3 0x80013e64 (0x079c2223) mem 0x80000064 0x00000001
core   0: 0x80013e68 (0x07ac2423) sw      s10, 104(s8)
core   0: 3 0x80013e68 (0x07ac2423) mem 0x80000068 0x7894c000
core   0: 0x80013e6c (0x07bc2623) sw      s11, 108(s8)
core   0: 3 0x80013e6c (0x07bc2623) mem 0x8000006c 0xff784037
core   0: 0x80013e70 (0x07cc2823) sw      t3, 112(s8)
core   0: 3 0x80013e70 (0x07cc2823) mem 0x80000070 0x00000001
core   0: 0x80013e74 (0x07dc2a23) sw      t4, 116(s8)
core   0: 3 0x80013e74 (0x07dc2a23) mem 0x80000074 0x00000000
core   0: 0x80013e78 (0x07ec2c23) sw      t5, 120(s8)
core   0: 3 0x80013e78 (0x07ec2c23) mem 0x80000078 0x654a8000
core   0: 0x80013e7c (0x07fc2e23) sw      t6, 124(s8)
core   0: 3 0x80013e7c (0x07fc2e23) mem 0x8000007c 0x38a67674
core   0: 0x80013e80 (0x00000697) auipc   a3, 0x0
core   0: 3 0x80013e80 (0x00000697) x13 0x80013e80
core   0: 0x80013e84 (0xe5868693) addi    a3, a3, -424
core   0: 3 0x80013e84 (0xe5868693) x13 0x80013cd8
core   0: 0x80013e88 (0x00068067) jr      a3
core   0: 3 0x80013e88 (0x00068067)
core   0: 0x80013cd8 (0x00001f17) auipc   t5, 0x1
core   0: 3 0x80013cd8 (0x00001f17) x30 0x80014cd8
core   0: 0x80013cdc (0x323f2423) sw      gp, 808(t5)
core   0: 3 0x80013cdc (0x323f2423) mem 0x80015000 0x00000001
core   0: 0x80013ce0 (0xff9ff06f) j       pc - 0x8
core   0: 3 0x80013ce0 (0xff9ff06f)
core   0: 0x80013cd8 (0x00001f17) auipc   t5, 0x1
core   0: 3 0x80013cd8 (0x00001f17) x30 0x80014cd8
core   0: 0x80013cdc (0x323f2423) sw      gp, 808(t5)
core   0: 3 0x80013cdc (0x323f2423) mem 0x80015000 0x00000001
core   0: 0x80013ce0 (0xff9ff06f) j       pc - 0x8
core   0: 3 0x80013ce0 (0xff9ff06f)
core   0: 0x80013cd8 (0x00001f17) auipc   t5, 0x1
core   0: 3 0x80013cd8 (0x00001f17) x30 0x80014cd8
core   0: 0x80013cdc (0x323f2423) sw      gp, 808(t5)
core   0: 3 0x80013cdc (0x323f2423) mem 0x80015000 0x00000001
core   0: 0x80013ce0 (0xff9ff06f) j       pc - 0x8
core   0: 3 0x80013ce0 (0xff9ff06f)
core   0: 0x80013cd8 (0x00001f17) auipc   t5, 0x1
core   0: 3 0x80013cd8 (0x00001f17) x30 0x80014cd8
core   0: 0x80013cdc (0x323f2423) sw      gp, 808(t5)
core   0: 3 0x80013cdc (0x323f2423) mem 0x80015000 0x00000001
core   0: 0x80013ce0 (0xff9ff06f) j       pc - 0x8
core   0: 3 0x80013ce0 (0xff9ff06f)
core   0: 0x80013cd8 (0x00001f17) auipc   t5, 0x1
core   0: 3 0x80013cd8 (0x00001f17) x30 0x80014cd8
core   0: 0x80013cdc (0x323f2423) sw      gp, 808(t5)
core   0: 3 0x80013cdc (0x323f2423) mem 0x80015000 0x00000001
core   0: 0x80013ce0 (0xff9ff06f) j       pc - 0x8
core   0: 3 0x80013ce0 (0xff9ff06f)
core   0: 0x80013cd8 (0x00001f17) auipc   t5, 0x1
core   0: 3 0x80013cd8 (0x00001f17) x30 0x80014cd8
core   0: 0x80013cdc (0x323f2423) sw      gp, 808(t5)
core   0: 3 0x80013cdc (0x323f2423) mem 0x80015000 0x00000001
core   0: 0x80013ce0 (0xff9ff06f) j       pc - 0x8
core   0: 3 0x80013ce0 (0xff9ff06f)
core   0: 0x80013cd8 (0x00001f17) auipc   t5, 0x1
core   0: 3 0x80013cd8 (0x00001f17) x30 0x80014cd8
core   0: 0x80013cdc (0x323f2423) sw      gp, 808(t5)
core   0: 3 0x80013cdc (0x323f2423) mem 0x80015000 0x00000001
core   0: 0x80013ce0 (0xff9ff06f) j       pc - 0x8
core   0: 3 0x80013ce0 (0xff9ff06f)
core   0: 0x80013cd8 (0x00001f17) auipc   t5, 0x1
core   0: 3 0x80013cd8 (0x00001f17) x30 0x80014cd8
core   0: 0x80013cdc (0x323f2423) sw      gp, 808(t5)
core   0: 3 0x80013cdc (0x323f2423) mem 0x80015000 0x00000001
core   0: 0x80013ce0 (0xff9ff06f) j       pc - 0x8
core   0: 3 0x80013ce0 (0xff9ff06f)
core   0: 0x80013cd8 (0x00001f17) auipc   t5, 0x1
core   0: 3 0x80013cd8 (0x00001f17) x30 0x80014cd8
core   0: 0x80013cdc (0x323f2423) sw      gp, 808(t5)
core   0: 3 0x80013cdc (0x323f2423) mem 0x80015000 0x00000001
core   0: 0x80013ce0 (0xff9ff06f) j       pc - 0x8
core   0: 3 0x80013ce0 (0xff9ff06f)
core   0: 0x80013cd8 (0x00001f17) auipc   t5, 0x1
core   0: 3 0x80013cd8 (0x00001f17) x30 0x80014cd8
core   0: 0x80013cdc (0x323f2423) sw      gp, 808(t5)
core   0: 3 0x80013cdc (0x323f2423) mem 0x80015000 0x00000001
core   0: 0x80013ce0 (0xff9ff06f) j       pc - 0x8
core   0: 3 0x80013ce0 (0xff9ff06f)
core   0: 0x80013cd8 (0x00001f17) auipc   t5, 0x1
core   0: 3 0x80013cd8 (0x00001f17) x30 0x80014cd8
core   0: 0x80013cdc (0x323f2423) sw      gp, 808(t5)
core   0: 3 0x80013cdc (0x323f2423) mem 0x80015000 0x00000001
core   0: 0x80013ce0 (0xff9ff06f) j       pc - 0x8
core   0: 3 0x80013ce0 (0xff9ff06f)
core   0: 0x80013cd8 (0x00001f17) auipc   t5, 0x1
core   0: 3 0x80013cd8 (0x00001f17) x30 0x80014cd8
core   0: 0x80013cdc (0x323f2423) sw      gp, 808(t5)
core   0: 3 0x80013cdc (0x323f2423) mem 0x80015000 0x00000001
core   0: 0x80013ce0 (0xff9ff06f) j       pc - 0x8
core   0: 3 0x80013ce0 (0xff9ff06f)
core   0: 0x80013cd8 (0x00001f17) auipc   t5, 0x1
core   0: 3 0x80013cd8 (0x00001f17) x30 0x80014cd8
core   0: 0x80013cdc (0x323f2423) sw      gp, 808(t5)
core   0: 3 0x80013cdc (0x323f2423) mem 0x80015000 0x00000001
core   0: 0x80013ce0 (0xff9ff06f) j       pc - 0x8
core   0: 3 0x80013ce0 (0xff9ff06f)
core   0: 0x80013cd8 (0x00001f17) auipc   t5, 0x1
core   0: 3 0x80013cd8 (0x00001f17) x30 0x80014cd8
core   0: 0x80013cdc (0x323f2423) sw      gp, 808(t5)
core   0: 3 0x80013cdc (0x323f2423) mem 0x80015000 0x00000001
core   0: 0x80013ce0 (0xff9ff06f) j       pc - 0x8
core   0: 3 0x80013ce0 (0xff9ff06f)
core   0: 0x80013cd8 (0x00001f17) auipc   t5, 0x1
core   0: 3 0x80013cd8 (0x00001f17) x30 0x80014cd8
core   0: 0x80013cdc (0x323f2423) sw      gp, 808(t5)
core   0: 3 0x80013cdc (0x323f2423) mem 0x80015000 0x00000001
core   0: 0x80013ce0 (0xff9ff06f) j       pc - 0x8
core   0: 3 0x80013ce0 (0xff9ff06f)
core   0: 0x80013cd8 (0x00001f17) auipc   t5, 0x1
core   0: 3 0x80013cd8 (0x00001f17) x30 0x80014cd8
core   0: 0x80013cdc (0x323f2423) sw      gp, 808(t5)
core   0: 3 0x80013cdc (0x323f2423) mem 0x80015000 0x00000001
core   0: 0x80013ce0 (0xff9ff06f) j       pc - 0x8
core   0: 3 0x80013ce0 (0xff9ff06f)
core   0: 0x80013cd8 (0x00001f17) auipc   t5, 0x1
core   0: 3 0x80013cd8 (0x00001f17) x30 0x80014cd8
core   0: 0x80013cdc (0x323f2423) sw      gp, 808(t5)
core   0: 3 0x80013cdc (0x323f2423) mem 0x80015000 0x00000001
core   0: 0x80013ce0 (0xff9ff06f) j       pc - 0x8
core   0: 3 0x80013ce0 (0xff9ff06f)
core   0: 0x80013cd8 (0x00001f17) auipc   t5, 0x1
core   0: 3 0x80013cd8 (0x00001f17) x30 0x80014cd8
core   0: 0x80013cdc (0x323f2423) sw      gp, 808(t5)
core   0: 3 0x80013cdc (0x323f2423) mem 0x80015000 0x00000001
core   0: 0x80013ce0 (0xff9ff06f) j       pc - 0x8
core   0: 3 0x80013ce0 (0xff9ff06f)
core   0: 0x80013cd8 (0x00001f17) auipc   t5, 0x1
core   0: 3 0x80013cd8 (0x00001f17) x30 0x80014cd8
core   0: 0x80013cdc (0x323f2423) sw      gp, 808(t5)
core   0: 3 0x80013cdc (0x323f2423) mem 0x80015000 0x00000001
core   0: 0x80013ce0 (0xff9ff06f) j       pc - 0x8
core   0: 3 0x80013ce0 (0xff9ff06f)
core   0: 0x80013cd8 (0x00001f17) auipc   t5, 0x1
core   0: 3 0x80013cd8 (0x00001f17) x30 0x80014cd8
core   0: 0x80013cdc (0x323f2423) sw      gp, 808(t5)
core   0: 3 0x80013cdc (0x323f2423) mem 0x80015000 0x00000001
core   0: 0x80013ce0 (0xff9ff06f) j       pc - 0x8
core   0: 3 0x80013ce0 (0xff9ff06f)
core   0: 0x80013cd8 (0x00001f17) auipc   t5, 0x1
core   0: 3 0x80013cd8 (0x00001f17) x30 0x80014cd8
core   0: 0x80013cdc (0x323f2423) sw      gp, 808(t5)
core   0: 3 0x80013cdc (0x323f2423) mem 0x80015000 0x00000001
core   0: 0x80013ce0 (0xff9ff06f) j       pc - 0x8
core   0: 3 0x80013ce0 (0xff9ff06f)
core   0: 0x80013cd8 (0x00001f17) auipc   t5, 0x1
core   0: 3 0x80013cd8 (0x00001f17) x30 0x80014cd8
core   0: 0x80013cdc (0x323f2423) sw      gp, 808(t5)
core   0: 3 0x80013cdc (0x323f2423) mem 0x80015000 0x00000001
core   0: 0x80013ce0 (0xff9ff06f) j       pc - 0x8
core   0: 3 0x80013ce0 (0xff9ff06f)
core   0: 0x80013cd8 (0x00001f17) auipc   t5, 0x1
core   0: 3 0x80013cd8 (0x00001f17) x30 0x80014cd8
core   0: 0x80013cdc (0x323f2423) sw      gp, 808(t5)
core   0: 3 0x80013cdc (0x323f2423) mem 0x80015000 0x00000001
core   0: 0x80013ce0 (0xff9ff06f) j       pc - 0x8
core   0: 3 0x80013ce0 (0xff9ff06f)
core   0: 0x80013cd8 (0x00001f17) auipc   t5, 0x1
core   0: 3 0x80013cd8 (0x00001f17) x30 0x80014cd8
core   0: 0x80013cdc (0x323f2423) sw      gp, 808(t5)
core   0: 3 0x80013cdc (0x323f2423) mem 0x80015000 0x00000001
core   0: 0x80013ce0 (0xff9ff06f) j       pc - 0x8
core   0: 3 0x80013ce0 (0xff9ff06f)
core   0: 0x80013cd8 (0x00001f17) auipc   t5, 0x1
core   0: 3 0x80013cd8 (0x00001f17) x30 0x80014cd8
core   0: 0x80013cdc (0x323f2423) sw      gp, 808(t5)
core   0: 3 0x80013cdc (0x323f2423) mem 0x80015000 0x00000001
core   0: 0x80013ce0 (0xff9ff06f) j       pc - 0x8
core   0: 3 0x80013ce0 (0xff9ff06f)
core   0: 0x80013cd8 (0x00001f17) auipc   t5, 0x1
core   0: 3 0x80013cd8 (0x00001f17) x30 0x80014cd8
core   0: 0x80013cdc (0x323f2423) sw      gp, 808(t5)
core   0: 3 0x80013cdc (0x323f2423) mem 0x80015000 0x00000001
core   0: 0x80013ce0 (0xff9ff06f) j       pc - 0x8
core   0: 3 0x80013ce0 (0xff9ff06f)
core   0: 0x80013cd8 (0x00001f17) auipc   t5, 0x1
core   0: 3 0x80013cd8 (0x00001f17) x30 0x80014cd8
core   0: 0x80013cdc (0x323f2423) sw      gp, 808(t5)
core   0: 3 0x80013cdc (0x323f2423) mem 0x80015000 0x00000001
core   0: 0x80013ce0 (0xff9ff06f) j       pc - 0x8
core   0: 3 0x80013ce0 (0xff9ff06f)
core   0: 0x80013cd8 (0x00001f17) auipc   t5, 0x1
core   0: 3 0x80013cd8 (0x00001f17) x30 0x80014cd8
core   0: 0x80013cdc (0x323f2423) sw      gp, 808(t5)
core   0: 3 0x80013cdc (0x323f2423) mem 0x80015000 0x00000001
core   0: 0x80013ce0 (0xff9ff06f) j       pc - 0x8
core   0: 3 0x80013ce0 (0xff9ff06f)
core   0: 0x80013cd8 (0x00001f17) auipc   t5, 0x1
core   0: 3 0x80013cd8 (0x00001f17) x30 0x80014cd8
core   0: 0x80013cdc (0x323f2423) sw      gp, 808(t5)
core   0: 3 0x80013cdc (0x323f2423) mem 0x80015000 0x00000001
core   0: 0x80013ce0 (0xff9ff06f) j       pc - 0x8
core   0: 3 0x80013ce0 (0xff9ff06f)
core   0: 0x80013cd8 (0x00001f17) auipc   t5, 0x1
core   0: 3 0x80013cd8 (0x00001f17) x30 0x80014cd8
core   0: 0x80013cdc (0x323f2423) sw      gp, 808(t5)
core   0: 3 0x80013cdc (0x323f2423) mem 0x80015000 0x00000001
core   0: 0x80013ce0 (0xff9ff06f) j       pc - 0x8
core   0: 3 0x80013ce0 (0xff9ff06f)
core   0: 0x80013cd8 (0x00001f17) auipc   t5, 0x1
core   0: 3 0x80013cd8 (0x00001f17) x30 0x80014cd8
core   0: 0x80013cdc (0x323f2423) sw      gp, 808(t5)
core   0: 3 0x80013cdc (0x323f2423) mem 0x80015000 0x00000001
core   0: 0x80013ce0 (0xff9ff06f) j       pc - 0x8
core   0: 3 0x80013ce0 (0xff9ff06f)
core   0: 0x80013cd8 (0x00001f17) auipc   t5, 0x1
core   0: 3 0x80013cd8 (0x00001f17) x30 0x80014cd8
core   0: 0x80013cdc (0x323f2423) sw      gp, 808(t5)
core   0: 3 0x80013cdc (0x323f2423) mem 0x80015000 0x00000001
core   0: 0x80013ce0 (0xff9ff06f) j       pc - 0x8
core   0: 3 0x80013ce0 (0xff9ff06f)
core   0: 0x80013cd8 (0x00001f17) auipc   t5, 0x1
core   0: 3 0x80013cd8 (0x00001f17) x30 0x80014cd8
core   0: 0x80013cdc (0x323f2423) sw      gp, 808(t5)
core   0: 3 0x80013cdc (0x323f2423) mem 0x80015000 0x00000001
core   0: 0x80013ce0 (0xff9ff06f) j       pc - 0x8
core   0: 3 0x80013ce0 (0xff9ff06f)
core   0: 0x80013cd8 (0x00001f17) auipc   t5, 0x1
core   0: 3 0x80013cd8 (0x00001f17) x30 0x80014cd8
core   0: 0x80013cdc (0x323f2423) sw      gp, 808(t5)
core   0: 3 0x80013cdc (0x323f2423) mem 0x80015000 0x00000001
core   0: 0x80013ce0 (0xff9ff06f) j       pc - 0x8
core   0: 3 0x80013ce0 (0xff9ff06f)
core   0: 0x80013cd8 (0x00001f17) auipc   t5, 0x1
core   0: 3 0x80013cd8 (0x00001f17) x30 0x80014cd8
core   0: 0x80013cdc (0x323f2423) sw      gp, 808(t5)
core   0: 3 0x80013cdc (0x323f2423) mem 0x80015000 0x00000001
core   0: 0x80013ce0 (0xff9ff06f) j       pc - 0x8
core   0: 3 0x80013ce0 (0xff9ff06f)
core   0: 0x80013cd8 (0x00001f17) auipc   t5, 0x1
core   0: 3 0x80013cd8 (0x00001f17) x30 0x80014cd8
core   0: 0x80013cdc (0x323f2423) sw      gp, 808(t5)
core   0: 3 0x80013cdc (0x323f2423) mem 0x80015000 0x00000001
core   0: 0x80013ce0 (0xff9ff06f) j       pc - 0x8
core   0: 3 0x80013ce0 (0xff9ff06f)
core   0: 0x80013cd8 (0x00001f17) auipc   t5, 0x1
core   0: 3 0x80013cd8 (0x00001f17) x30 0x80014cd8
core   0: 0x80013cdc (0x323f2423) sw      gp, 808(t5)
core   0: 3 0x80013cdc (0x323f2423) mem 0x80015000 0x00000001
core   0: 0x80013ce0 (0xff9ff06f) j       pc - 0x8
core   0: 3 0x80013ce0 (0xff9ff06f)
core   0: 0x80013cd8 (0x00001f17) auipc   t5, 0x1
core   0: 3 0x80013cd8 (0x00001f17) x30 0x80014cd8
core   0: 0x80013cdc (0x323f2423) sw      gp, 808(t5)
core   0: 3 0x80013cdc (0x323f2423) mem 0x80015000 0x00000001
core   0: 0x80013ce0 (0xff9ff06f) j       pc - 0x8
core   0: 3 0x80013ce0 (0xff9ff06f)
core   0: 0x80013cd8 (0x00001f17) auipc   t5, 0x1
core   0: 3 0x80013cd8 (0x00001f17) x30 0x80014cd8
core   0: 0x80013cdc (0x323f2423) sw      gp, 808(t5)
core   0: 3 0x80013cdc (0x323f2423) mem 0x80015000 0x00000001
core   0: 0x80013ce0 (0xff9ff06f) j       pc - 0x8
core   0: 3 0x80013ce0 (0xff9ff06f)
core   0: 0x80013cd8 (0x00001f17) auipc   t5, 0x1
core   0: 3 0x80013cd8 (0x00001f17) x30 0x80014cd8
core   0: 0x80013cdc (0x323f2423) sw      gp, 808(t5)
core   0: 3 0x80013cdc (0x323f2423) mem 0x80015000 0x00000001
core   0: 0x80013ce0 (0xff9ff06f) j       pc - 0x8
core   0: 3 0x80013ce0 (0xff9ff06f)
core   0: 0x80013cd8 (0x00001f17) auipc   t5, 0x1
core   0: 3 0x80013cd8 (0x00001f17) x30 0x80014cd8
core   0: 0x80013cdc (0x323f2423) sw      gp, 808(t5)
core   0: 3 0x80013cdc (0x323f2423) mem 0x80015000 0x00000001
core   0: 0x80013ce0 (0xff9ff06f) j       pc - 0x8
core   0: 3 0x80013ce0 (0xff9ff06f)
core   0: 0x80013cd8 (0x00001f17) auipc   t5, 0x1
core   0: 3 0x80013cd8 (0x00001f17) x30 0x80014cd8
core   0: 0x80013cdc (0x323f2423) sw      gp, 808(t5)
core   0: 3 0x80013cdc (0x323f2423) mem 0x80015000 0x00000001
core   0: 0x80013ce0 (0xff9ff06f) j       pc - 0x8
core   0: 3 0x80013ce0 (0xff9ff06f)
core   0: 0x80013cd8 (0x00001f17) auipc   t5, 0x1
core   0: 3 0x80013cd8 (0x00001f17) x30 0x80014cd8
core   0: 0x80013cdc (0x323f2423) sw      gp, 808(t5)
core   0: 3 0x80013cdc (0x323f2423) mem 0x80015000 0x00000001
core   0: 0x80013ce0 (0xff9ff06f) j       pc - 0x8
core   0: 3 0x80013ce0 (0xff9ff06f)
core   0: 0x80013cd8 (0x00001f17) auipc   t5, 0x1
core   0: 3 0x80013cd8 (0x00001f17) x30 0x80014cd8
core   0: 0x80013cdc (0x323f2423) sw      gp, 808(t5)
core   0: 3 0x80013cdc (0x323f2423) mem 0x80015000 0x00000001
core   0: 0x80013ce0 (0xff9ff06f) j       pc - 0x8
core   0: 3 0x80013ce0 (0xff9ff06f)
core   0: 0x80013cd8 (0x00001f17) auipc   t5, 0x1
core   0: 3 0x80013cd8 (0x00001f17) x30 0x80014cd8
core   0: 0x80013cdc (0x323f2423) sw      gp, 808(t5)
core   0: 3 0x80013cdc (0x323f2423) mem 0x80015000 0x00000001
core   0: 0x80013ce0 (0xff9ff06f) j       pc - 0x8
core   0: 3 0x80013ce0 (0xff9ff06f)
core   0: 0x80013cd8 (0x00001f17) auipc   t5, 0x1
core   0: 3 0x80013cd8 (0x00001f17) x30 0x80014cd8
core   0: 0x80013cdc (0x323f2423) sw      gp, 808(t5)
core   0: 3 0x80013cdc (0x323f2423) mem 0x80015000 0x00000001
core   0: 0x80013ce0 (0xff9ff06f) j       pc - 0x8
core   0: 3 0x80013ce0 (0xff9ff06f)
core   0: 0x80013cd8 (0x00001f17) auipc   t5, 0x1
core   0: 3 0x80013cd8 (0x00001f17) x30 0x80014cd8
core   0: 0x80013cdc (0x323f2423) sw      gp, 808(t5)
core   0: 3 0x80013cdc (0x323f2423) mem 0x80015000 0x00000001
core   0: 0x80013ce0 (0xff9ff06f) j       pc - 0x8
core   0: 3 0x80013ce0 (0xff9ff06f)
core   0: 0x80013cd8 (0x00001f17) auipc   t5, 0x1
core   0: 3 0x80013cd8 (0x00001f17) x30 0x80014cd8
core   0: 0x80013cdc (0x323f2423) sw      gp, 808(t5)
core   0: 3 0x80013cdc (0x323f2423) mem 0x80015000 0x00000001
core   0: 0x80013ce0 (0xff9ff06f) j       pc - 0x8
core   0: 3 0x80013ce0 (0xff9ff06f)
core   0: 0x80013cd8 (0x00001f17) auipc   t5, 0x1
core   0: 3 0x80013cd8 (0x00001f17) x30 0x80014cd8
core   0: 0x80013cdc (0x323f2423) sw      gp, 808(t5)
core   0: 3 0x80013cdc (0x323f2423) mem 0x80015000 0x00000001
core   0: 0x80013ce0 (0xff9ff06f) j       pc - 0x8
core   0: 3 0x80013ce0 (0xff9ff06f)
core   0: 0x80013cd8 (0x00001f17) auipc   t5, 0x1
core   0: 3 0x80013cd8 (0x00001f17) x30 0x80014cd8
core   0: 0x80013cdc (0x323f2423) sw      gp, 808(t5)
core   0: 3 0x80013cdc (0x323f2423) mem 0x80015000 0x00000001
core   0: 0x80013ce0 (0xff9ff06f) j       pc - 0x8
core   0: 3 0x80013ce0 (0xff9ff06f)
core   0: 0x80013cd8 (0x00001f17) auipc   t5, 0x1
core   0: 3 0x80013cd8 (0x00001f17) x30 0x80014cd8
core   0: 0x80013cdc (0x323f2423) sw      gp, 808(t5)
core   0: 3 0x80013cdc (0x323f2423) mem 0x80015000 0x00000001
core   0: 0x80013ce0 (0xff9ff06f) j       pc - 0x8
core   0: 3 0x80013ce0 (0xff9ff06f)
core   0: 0x80013cd8 (0x00001f17) auipc   t5, 0x1
core   0: 3 0x80013cd8 (0x00001f17) x30 0x80014cd8
core   0: 0x80013cdc (0x323f2423) sw      gp, 808(t5)
core   0: 3 0x80013cdc (0x323f2423) mem 0x80015000 0x00000001
core   0: 0x80013ce0 (0xff9ff06f) j       pc - 0x8
core   0: 3 0x80013ce0 (0xff9ff06f)
core   0: 0x80013cd8 (0x00001f17) auipc   t5, 0x1
core   0: 3 0x80013cd8 (0x00001f17) x30 0x80014cd8
core   0: 0x80013cdc (0x323f2423) sw      gp, 808(t5)
core   0: 3 0x80013cdc (0x323f2423) mem 0x80015000 0x00000001
core   0: 0x80013ce0 (0xff9ff06f) j       pc - 0x8
core   0: 3 0x80013ce0 (0xff9ff06f)
core   0: 0x80013cd8 (0x00001f17) auipc   t5, 0x1
core   0: 3 0x80013cd8 (0x00001f17) x30 0x80014cd8
core   0: 0x80013cdc (0x323f2423) sw      gp, 808(t5)
core   0: 3 0x80013cdc (0x323f2423) mem 0x80015000 0x00000001
core   0: 0x80013ce0 (0xff9ff06f) j       pc - 0x8
core   0: 3 0x80013ce0 (0xff9ff06f)
core   0: 0x80013cd8 (0x00001f17) auipc   t5, 0x1
core   0: 3 0x80013cd8 (0x00001f17) x30 0x80014cd8
core   0: 0x80013cdc (0x323f2423) sw      gp, 808(t5)
core   0: 3 0x80013cdc (0x323f2423) mem 0x80015000 0x00000001
core   0: 0x80013ce0 (0xff9ff06f) j       pc - 0x8
core   0: 3 0x80013ce0 (0xff9ff06f)
core   0: 0x80013cd8 (0x00001f17) auipc   t5, 0x1
core   0: 3 0x80013cd8 (0x00001f17) x30 0x80014cd8
core   0: 0x80013cdc (0x323f2423) sw      gp, 808(t5)
core   0: 3 0x80013cdc (0x323f2423) mem 0x80015000 0x00000001
core   0: 0x80013ce0 (0xff9ff06f) j       pc - 0x8
core   0: 3 0x80013ce0 (0xff9ff06f)
core   0: 0x80013cd8 (0x00001f17) auipc   t5, 0x1
core   0: 3 0x80013cd8 (0x00001f17) x30 0x80014cd8
core   0: 0x80013cdc (0x323f2423) sw      gp, 808(t5)
core   0: 3 0x80013cdc (0x323f2423) mem 0x80015000 0x00000001
core   0: 0x80013ce0 (0xff9ff06f) j       pc - 0x8
core   0: 3 0x80013ce0 (0xff9ff06f)
core   0: 0x80013cd8 (0x00001f17) auipc   t5, 0x1
core   0: 3 0x80013cd8 (0x00001f17) x30 0x80014cd8
core   0: 0x80013cdc (0x323f2423) sw      gp, 808(t5)
core   0: 3 0x80013cdc (0x323f2423) mem 0x80015000 0x00000001
core   0: 0x80013ce0 (0xff9ff06f) j       pc - 0x8
core   0: 3 0x80013ce0 (0xff9ff06f)
core   0: 0x80013cd8 (0x00001f17) auipc   t5, 0x1
core   0: 3 0x80013cd8 (0x00001f17) x30 0x80014cd8
core   0: 0x80013cdc (0x323f2423) sw      gp, 808(t5)
core   0: 3 0x80013cdc (0x323f2423) mem 0x80015000 0x00000001
core   0: 0x80013ce0 (0xff9ff06f) j       pc - 0x8
core   0: 3 0x80013ce0 (0xff9ff06f)
core   0: 0x80013cd8 (0x00001f17) auipc   t5, 0x1
core   0: 3 0x80013cd8 (0x00001f17) x30 0x80014cd8
core   0: 0x80013cdc (0x323f2423) sw      gp, 808(t5)
core   0: 3 0x80013cdc (0x323f2423) mem 0x80015000 0x00000001
core   0: 0x80013ce0 (0xff9ff06f) j       pc - 0x8
core   0: 3 0x80013ce0 (0xff9ff06f)
core   0: 0x80013cd8 (0x00001f17) auipc   t5, 0x1
core   0: 3 0x80013cd8 (0x00001f17) x30 0x80014cd8
core   0: 0x80013cdc (0x323f2423) sw      gp, 808(t5)
core   0: 3 0x80013cdc (0x323f2423) mem 0x80015000 0x00000001
core   0: 0x80013ce0 (0xff9ff06f) j       pc - 0x8
core   0: 3 0x80013ce0 (0xff9ff06f)
core   0: 0x80013cd8 (0x00001f17) auipc   t5, 0x1
core   0: 3 0x80013cd8 (0x00001f17) x30 0x80014cd8
core   0: 0x80013cdc (0x323f2423) sw      gp, 808(t5)
core   0: 3 0x80013cdc (0x323f2423) mem 0x80015000 0x00000001
core   0: 0x80013ce0 (0xff9ff06f) j       pc - 0x8
core   0: 3 0x80013ce0 (0xff9ff06f)
core   0: 0x80013cd8 (0x00001f17) auipc   t5, 0x1
core   0: 3 0x80013cd8 (0x00001f17) x30 0x80014cd8
core   0: 0x80013cdc (0x323f2423) sw      gp, 808(t5)
core   0: 3 0x80013cdc (0x323f2423) mem 0x80015000 0x00000001
core   0: 0x80013ce0 (0xff9ff06f) j       pc - 0x8
core   0: 3 0x80013ce0 (0xff9ff06f)
core   0: 0x80013cd8 (0x00001f17) auipc   t5, 0x1
core   0: 3 0x80013cd8 (0x00001f17) x30 0x80014cd8
core   0: 0x80013cdc (0x323f2423) sw      gp, 808(t5)
core   0: 3 0x80013cdc (0x323f2423) mem 0x80015000 0x00000001
core   0: 0x80013ce0 (0xff9ff06f) j       pc - 0x8
core   0: 3 0x80013ce0 (0xff9ff06f)
core   0: 0x80013cd8 (0x00001f17) auipc   t5, 0x1
core   0: 3 0x80013cd8 (0x00001f17) x30 0x80014cd8
core   0: 0x80013cdc (0x323f2423) sw      gp, 808(t5)
core   0: 3 0x80013cdc (0x323f2423) mem 0x80015000 0x00000001
core   0: 0x80013ce0 (0xff9ff06f) j       pc - 0x8
core   0: 3 0x80013ce0 (0xff9ff06f)
core   0: 0x80013cd8 (0x00001f17) auipc   t5, 0x1
core   0: 3 0x80013cd8 (0x00001f17) x30 0x80014cd8
core   0: 0x80013cdc (0x323f2423) sw      gp, 808(t5)
core   0: 3 0x80013cdc (0x323f2423) mem 0x80015000 0x00000001
core   0: 0x80013ce0 (0xff9ff06f) j       pc - 0x8
core   0: 3 0x80013ce0 (0xff9ff06f)
core   0: 0x80013cd8 (0x00001f17) auipc   t5, 0x1
core   0: 3 0x80013cd8 (0x00001f17) x30 0x80014cd8
core   0: 0x80013cdc (0x323f2423) sw      gp, 808(t5)
core   0: 3 0x80013cdc (0x323f2423) mem 0x80015000 0x00000001
core   0: 0x80013ce0 (0xff9ff06f) j       pc - 0x8
core   0: 3 0x80013ce0 (0xff9ff06f)
core   0: 0x80013cd8 (0x00001f17) auipc   t5, 0x1
core   0: 3 0x80013cd8 (0x00001f17) x30 0x80014cd8
core   0: 0x80013cdc (0x323f2423) sw      gp, 808(t5)
core   0: 3 0x80013cdc (0x323f2423) mem 0x80015000 0x00000001
core   0: 0x80013ce0 (0xff9ff06f) j       pc - 0x8
core   0: 3 0x80013ce0 (0xff9ff06f)
core   0: 0x80013cd8 (0x00001f17) auipc   t5, 0x1
core   0: 3 0x80013cd8 (0x00001f17) x30 0x80014cd8
core   0: 0x80013cdc (0x323f2423) sw      gp, 808(t5)
core   0: 3 0x80013cdc (0x323f2423) mem 0x80015000 0x00000001
core   0: 0x80013ce0 (0xff9ff06f) j       pc - 0x8
core   0: 3 0x80013ce0 (0xff9ff06f)
core   0: 0x80013cd8 (0x00001f17) auipc   t5, 0x1
core   0: 3 0x80013cd8 (0x00001f17) x30 0x80014cd8
core   0: 0x80013cdc (0x323f2423) sw      gp, 808(t5)
core   0: 3 0x80013cdc (0x323f2423) mem 0x80015000 0x00000001
core   0: 0x80013ce0 (0xff9ff06f) j       pc - 0x8
core   0: 3 0x80013ce0 (0xff9ff06f)
core   0: 0x80013cd8 (0x00001f17) auipc   t5, 0x1
core   0: 3 0x80013cd8 (0x00001f17) x30 0x80014cd8
core   0: 0x80013cdc (0x323f2423) sw      gp, 808(t5)
core   0: 3 0x80013cdc (0x323f2423) mem 0x80015000 0x00000001
core   0: 0x80013ce0 (0xff9ff06f) j       pc - 0x8
core   0: 3 0x80013ce0 (0xff9ff06f)
core   0: 0x80013cd8 (0x00001f17) auipc   t5, 0x1
core   0: 3 0x80013cd8 (0x00001f17) x30 0x80014cd8
core   0: 0x80013cdc (0x323f2423) sw      gp, 808(t5)
core   0: 3 0x80013cdc (0x323f2423) mem 0x80015000 0x00000001
core   0: 0x80013ce0 (0xff9ff06f) j       pc - 0x8
core   0: 3 0x80013ce0 (0xff9ff06f)
core   0: 0x80013cd8 (0x00001f17) auipc   t5, 0x1
core   0: 3 0x80013cd8 (0x00001f17) x30 0x80014cd8
core   0: 0x80013cdc (0x323f2423) sw      gp, 808(t5)
core   0: 3 0x80013cdc (0x323f2423) mem 0x80015000 0x00000001
core   0: 0x80013ce0 (0xff9ff06f) j       pc - 0x8
core   0: 3 0x80013ce0 (0xff9ff06f)
core   0: 0x80013cd8 (0x00001f17) auipc   t5, 0x1
core   0: 3 0x80013cd8 (0x00001f17) x30 0x80014cd8
core   0: 0x80013cdc (0x323f2423) sw      gp, 808(t5)
core   0: 3 0x80013cdc (0x323f2423) mem 0x80015000 0x00000001
core   0: 0x80013ce0 (0xff9ff06f) j       pc - 0x8
core   0: 3 0x80013ce0 (0xff9ff06f)
core   0: 0x80013cd8 (0x00001f17) auipc   t5, 0x1
core   0: 3 0x80013cd8 (0x00001f17) x30 0x80014cd8
core   0: 0x80013cdc (0x323f2423) sw      gp, 808(t5)
core   0: 3 0x80013cdc (0x323f2423) mem 0x80015000 0x00000001
core   0: 0x80013ce0 (0xff9ff06f) j       pc - 0x8
core   0: 3 0x80013ce0 (0xff9ff06f)
core   0: 0x80013cd8 (0x00001f17) auipc   t5, 0x1
core   0: 3 0x80013cd8 (0x00001f17) x30 0x80014cd8
core   0: 0x80013cdc (0x323f2423) sw      gp, 808(t5)
core   0: 3 0x80013cdc (0x323f2423) mem 0x80015000 0x00000001
core   0: 0x80013ce0 (0xff9ff06f) j       pc - 0x8
core   0: 3 0x80013ce0 (0xff9ff06f)
core   0: 0x80013cd8 (0x00001f17) auipc   t5, 0x1
core   0: 3 0x80013cd8 (0x00001f17) x30 0x80014cd8
core   0: 0x80013cdc (0x323f2423) sw      gp, 808(t5)
core   0: 3 0x80013cdc (0x323f2423) mem 0x80015000 0x00000001
core   0: 0x80013ce0 (0xff9ff06f) j       pc - 0x8
core   0: 3 0x80013ce0 (0xff9ff06f)
core   0: 0x80013cd8 (0x00001f17) auipc   t5, 0x1
core   0: 3 0x80013cd8 (0x00001f17) x30 0x80014cd8
core   0: 0x80013cdc (0x323f2423) sw      gp, 808(t5)
core   0: 3 0x80013cdc (0x323f2423) mem 0x80015000 0x00000001
core   0: 0x80013ce0 (0xff9ff06f) j       pc - 0x8
core   0: 3 0x80013ce0 (0xff9ff06f)
core   0: 0x80013cd8 (0x00001f17) auipc   t5, 0x1
core   0: 3 0x80013cd8 (0x00001f17) x30 0x80014cd8
core   0: 0x80013cdc (0x323f2423) sw      gp, 808(t5)
core   0: 3 0x80013cdc (0x323f2423) mem 0x80015000 0x00000001
core   0: 0x80013ce0 (0xff9ff06f) j       pc - 0x8
core   0: 3 0x80013ce0 (0xff9ff06f)
core   0: 0x80013cd8 (0x00001f17) auipc   t5, 0x1
core   0: 3 0x80013cd8 (0x00001f17) x30 0x80014cd8
core   0: 0x80013cdc (0x323f2423) sw      gp, 808(t5)
core   0: 3 0x80013cdc (0x323f2423) mem 0x80015000 0x00000001
core   0: 0x80013ce0 (0xff9ff06f) j       pc - 0x8
core   0: 3 0x80013ce0 (0xff9ff06f)
core   0: 0x80013cd8 (0x00001f17) auipc   t5, 0x1
core   0: 3 0x80013cd8 (0x00001f17) x30 0x80014cd8
core   0: 0x80013cdc (0x323f2423) sw      gp, 808(t5)
core   0: 3 0x80013cdc (0x323f2423) mem 0x80015000 0x00000001
core   0: 0x80013ce0 (0xff9ff06f) j       pc - 0x8
core   0: 3 0x80013ce0 (0xff9ff06f)
core   0: 0x80013cd8 (0x00001f17) auipc   t5, 0x1
core   0: 3 0x80013cd8 (0x00001f17) x30 0x80014cd8
core   0: 0x80013cdc (0x323f2423) sw      gp, 808(t5)
core   0: 3 0x80013cdc (0x323f2423) mem 0x80015000 0x00000001
core   0: 0x80013ce0 (0xff9ff06f) j       pc - 0x8
core   0: 3 0x80013ce0 (0xff9ff06f)
core   0: 0x80013cd8 (0x00001f17) auipc   t5, 0x1
core   0: 3 0x80013cd8 (0x00001f17) x30 0x80014cd8
core   0: 0x80013cdc (0x323f2423) sw      gp, 808(t5)
core   0: 3 0x80013cdc (0x323f2423) mem 0x80015000 0x00000001
core   0: 0x80013ce0 (0xff9ff06f) j       pc - 0x8
core   0: 3 0x80013ce0 (0xff9ff06f)
core   0: 0x80013cd8 (0x00001f17) auipc   t5, 0x1
core   0: 3 0x80013cd8 (0x00001f17) x30 0x80014cd8
core   0: 0x80013cdc (0x323f2423) sw      gp, 808(t5)
core   0: 3 0x80013cdc (0x323f2423) mem 0x80015000 0x00000001
core   0: 0x80013ce0 (0xff9ff06f) j       pc - 0x8
core   0: 3 0x80013ce0 (0xff9ff06f)
core   0: 0x80013cd8 (0x00001f17) auipc   t5, 0x1
core   0: 3 0x80013cd8 (0x00001f17) x30 0x80014cd8
core   0: 0x80013cdc (0x323f2423) sw      gp, 808(t5)
core   0: 3 0x80013cdc (0x323f2423) mem 0x80015000 0x00000001
core   0: 0x80013ce0 (0xff9ff06f) j       pc - 0x8
core   0: 3 0x80013ce0 (0xff9ff06f)
core   0: 0x80013cd8 (0x00001f17) auipc   t5, 0x1
core   0: 3 0x80013cd8 (0x00001f17) x30 0x80014cd8
core   0: 0x80013cdc (0x323f2423) sw      gp, 808(t5)
core   0: 3 0x80013cdc (0x323f2423) mem 0x80015000 0x00000001
core   0: 0x80013ce0 (0xff9ff06f) j       pc - 0x8
core   0: 3 0x80013ce0 (0xff9ff06f)
core   0: 0x80013cd8 (0x00001f17) auipc   t5, 0x1
core   0: 3 0x80013cd8 (0x00001f17) x30 0x80014cd8
core   0: 0x80013cdc (0x323f2423) sw      gp, 808(t5)
core   0: 3 0x80013cdc (0x323f2423) mem 0x80015000 0x00000001
core   0: 0x80013ce0 (0xff9ff06f) j       pc - 0x8
core   0: 3 0x80013ce0 (0xff9ff06f)
core   0: 0x80013cd8 (0x00001f17) auipc   t5, 0x1
core   0: 3 0x80013cd8 (0x00001f17) x30 0x80014cd8
core   0: 0x80013cdc (0x323f2423) sw      gp, 808(t5)
core   0: 3 0x80013cdc (0x323f2423) mem 0x80015000 0x00000001
core   0: 0x80013ce0 (0xff9ff06f) j       pc - 0x8
core   0: 3 0x80013ce0 (0xff9ff06f)
core   0: 0x80013cd8 (0x00001f17) auipc   t5, 0x1
core   0: 3 0x80013cd8 (0x00001f17) x30 0x80014cd8
core   0: 0x80013cdc (0x323f2423) sw      gp, 808(t5)
core   0: 3 0x80013cdc (0x323f2423) mem 0x80015000 0x00000001
core   0: 0x80013ce0 (0xff9ff06f) j       pc - 0x8
core   0: 3 0x80013ce0 (0xff9ff06f)
core   0: 0x80013cd8 (0x00001f17) auipc   t5, 0x1
core   0: 3 0x80013cd8 (0x00001f17) x30 0x80014cd8
core   0: 0x80013cdc (0x323f2423) sw      gp, 808(t5)
core   0: 3 0x80013cdc (0x323f2423) mem 0x80015000 0x00000001
core   0: 0x80013ce0 (0xff9ff06f) j       pc - 0x8
core   0: 3 0x80013ce0 (0xff9ff06f)
core   0: 0x80013cd8 (0x00001f17) auipc   t5, 0x1
core   0: 3 0x80013cd8 (0x00001f17) x30 0x80014cd8
core   0: 0x80013cdc (0x323f2423) sw      gp, 808(t5)
core   0: 3 0x80013cdc (0x323f2423) mem 0x80015000 0x00000001
core   0: 0x80013ce0 (0xff9ff06f) j       pc - 0x8
core   0: 3 0x80013ce0 (0xff9ff06f)
core   0: 0x80013cd8 (0x00001f17) auipc   t5, 0x1
core   0: 3 0x80013cd8 (0x00001f17) x30 0x80014cd8
core   0: 0x80013cdc (0x323f2423) sw      gp, 808(t5)
core   0: 3 0x80013cdc (0x323f2423) mem 0x80015000 0x00000001
core   0: 0x80013ce0 (0xff9ff06f) j       pc - 0x8
core   0: 3 0x80013ce0 (0xff9ff06f)
core   0: 0x80013cd8 (0x00001f17) auipc   t5, 0x1
core   0: 3 0x80013cd8 (0x00001f17) x30 0x80014cd8
core   0: 0x80013cdc (0x323f2423) sw      gp, 808(t5)
core   0: 3 0x80013cdc (0x323f2423) mem 0x80015000 0x00000001
core   0: 0x80013ce0 (0xff9ff06f) j       pc - 0x8
core   0: 3 0x80013ce0 (0xff9ff06f)
core   0: 0x80013cd8 (0x00001f17) auipc   t5, 0x1
core   0: 3 0x80013cd8 (0x00001f17) x30 0x80014cd8
core   0: 0x80013cdc (0x323f2423) sw      gp, 808(t5)
core   0: 3 0x80013cdc (0x323f2423) mem 0x80015000 0x00000001
core   0: 0x80013ce0 (0xff9ff06f) j       pc - 0x8
core   0: 3 0x80013ce0 (0xff9ff06f)
core   0: 0x80013cd8 (0x00001f17) auipc   t5, 0x1
core   0: 3 0x80013cd8 (0x00001f17) x30 0x80014cd8
core   0: 0x80013cdc (0x323f2423) sw      gp, 808(t5)
core   0: 3 0x80013cdc (0x323f2423) mem 0x80015000 0x00000001
core   0: 0x80013ce0 (0xff9ff06f) j       pc - 0x8
core   0: 3 0x80013ce0 (0xff9ff06f)
core   0: 0x80013cd8 (0x00001f17) auipc   t5, 0x1
core   0: 3 0x80013cd8 (0x00001f17) x30 0x80014cd8
core   0: 0x80013cdc (0x323f2423) sw      gp, 808(t5)
core   0: 3 0x80013cdc (0x323f2423) mem 0x80015000 0x00000001
core   0: 0x80013ce0 (0xff9ff06f) j       pc - 0x8
core   0: 3 0x80013ce0 (0xff9ff06f)
core   0: 0x80013cd8 (0x00001f17) auipc   t5, 0x1
core   0: 3 0x80013cd8 (0x00001f17) x30 0x80014cd8
core   0: 0x80013cdc (0x323f2423) sw      gp, 808(t5)
core   0: 3 0x80013cdc (0x323f2423) mem 0x80015000 0x00000001
core   0: 0x80013ce0 (0xff9ff06f) j       pc - 0x8
core   0: 3 0x80013ce0 (0xff9ff06f)
core   0: 0x80013cd8 (0x00001f17) auipc   t5, 0x1
core   0: 3 0x80013cd8 (0x00001f17) x30 0x80014cd8
core   0: 0x80013cdc (0x323f2423) sw      gp, 808(t5)
core   0: 3 0x80013cdc (0x323f2423) mem 0x80015000 0x00000001
core   0: 0x80013ce0 (0xff9ff06f) j       pc - 0x8
core   0: 3 0x80013ce0 (0xff9ff06f)
core   0: 0x80013cd8 (0x00001f17) auipc   t5, 0x1
core   0: 3 0x80013cd8 (0x00001f17) x30 0x80014cd8
core   0: 0x80013cdc (0x323f2423) sw      gp, 808(t5)
core   0: 3 0x80013cdc (0x323f2423) mem 0x80015000 0x00000001
core   0: 0x80013ce0 (0xff9ff06f) j       pc - 0x8
core   0: 3 0x80013ce0 (0xff9ff06f)
core   0: 0x80013cd8 (0x00001f17) auipc   t5, 0x1
core   0: 3 0x80013cd8 (0x00001f17) x30 0x80014cd8
core   0: 0x80013cdc (0x323f2423) sw      gp, 808(t5)
core   0: 3 0x80013cdc (0x323f2423) mem 0x80015000 0x00000001
core   0: 0x80013ce0 (0xff9ff06f) j       pc - 0x8
core   0: 3 0x80013ce0 (0xff9ff06f)
core   0: 0x80013cd8 (0x00001f17) auipc   t5, 0x1
core   0: 3 0x80013cd8 (0x00001f17) x30 0x80014cd8
core   0: 0x80013cdc (0x323f2423) sw      gp, 808(t5)
core   0: 3 0x80013cdc (0x323f2423) mem 0x80015000 0x00000001
core   0: 0x80013ce0 (0xff9ff06f) j       pc - 0x8
core   0: 3 0x80013ce0 (0xff9ff06f)
core   0: 0x80013cd8 (0x00001f17) auipc   t5, 0x1
core   0: 3 0x80013cd8 (0x00001f17) x30 0x80014cd8
core   0: 0x80013cdc (0x323f2423) sw      gp, 808(t5)
core   0: 3 0x80013cdc (0x323f2423) mem 0x80015000 0x00000001
core   0: 0x80013ce0 (0xff9ff06f) j       pc - 0x8
core   0: 3 0x80013ce0 (0xff9ff06f)
core   0: 0x80013cd8 (0x00001f17) auipc   t5, 0x1
core   0: 3 0x80013cd8 (0x00001f17) x30 0x80014cd8
core   0: 0x80013cdc (0x323f2423) sw      gp, 808(t5)
core   0: 3 0x80013cdc (0x323f2423) mem 0x80015000 0x00000001
core   0: 0x80013ce0 (0xff9ff06f) j       pc - 0x8
core   0: 3 0x80013ce0 (0xff9ff06f)
core   0: 0x80013cd8 (0x00001f17) auipc   t5, 0x1
core   0: 3 0x80013cd8 (0x00001f17) x30 0x80014cd8
core   0: 0x80013cdc (0x323f2423) sw      gp, 808(t5)
core   0: 3 0x80013cdc (0x323f2423) mem 0x80015000 0x00000001
core   0: 0x80013ce0 (0xff9ff06f) j       pc - 0x8
core   0: 3 0x80013ce0 (0xff9ff06f)
core   0: 0x80013cd8 (0x00001f17) auipc   t5, 0x1
core   0: 3 0x80013cd8 (0x00001f17) x30 0x80014cd8
core   0: 0x80013cdc (0x323f2423) sw      gp, 808(t5)
core   0: 3 0x80013cdc (0x323f2423) mem 0x80015000 0x00000001
core   0: 0x80013ce0 (0xff9ff06f) j       pc - 0x8
core   0: 3 0x80013ce0 (0xff9ff06f)
core   0: 0x80013cd8 (0x00001f17) auipc   t5, 0x1
core   0: 3 0x80013cd8 (0x00001f17) x30 0x80014cd8
core   0: 0x80013cdc (0x323f2423) sw      gp, 808(t5)
core   0: 3 0x80013cdc (0x323f2423) mem 0x80015000 0x00000001
core   0: 0x80013ce0 (0xff9ff06f) j       pc - 0x8
core   0: 3 0x80013ce0 (0xff9ff06f)
core   0: 0x80013cd8 (0x00001f17) auipc   t5, 0x1
core   0: 3 0x80013cd8 (0x00001f17) x30 0x80014cd8
core   0: 0x80013cdc (0x323f2423) sw      gp, 808(t5)
core   0: 3 0x80013cdc (0x323f2423) mem 0x80015000 0x00000001
core   0: 0x80013ce0 (0xff9ff06f) j       pc - 0x8
core   0: 3 0x80013ce0 (0xff9ff06f)
core   0: 0x80013cd8 (0x00001f17) auipc   t5, 0x1
core   0: 3 0x80013cd8 (0x00001f17) x30 0x80014cd8
core   0: 0x80013cdc (0x323f2423) sw      gp, 808(t5)
core   0: 3 0x80013cdc (0x323f2423) mem 0x80015000 0x00000001
core   0: 0x80013ce0 (0xff9ff06f) j       pc - 0x8
core   0: 3 0x80013ce0 (0xff9ff06f)
core   0: 0x80013cd8 (0x00001f17) auipc   t5, 0x1
core   0: 3 0x80013cd8 (0x00001f17) x30 0x80014cd8
core   0: 0x80013cdc (0x323f2423) sw      gp, 808(t5)
core   0: 3 0x80013cdc (0x323f2423) mem 0x80015000 0x00000001
core   0: 0x80013ce0 (0xff9ff06f) j       pc - 0x8
core   0: 3 0x80013ce0 (0xff9ff06f)
core   0: 0x80013cd8 (0x00001f17) auipc   t5, 0x1
core   0: 3 0x80013cd8 (0x00001f17) x30 0x80014cd8
core   0: 0x80013cdc (0x323f2423) sw      gp, 808(t5)
core   0: 3 0x80013cdc (0x323f2423) mem 0x80015000 0x00000001
core   0: 0x80013ce0 (0xff9ff06f) j       pc - 0x8
core   0: 3 0x80013ce0 (0xff9ff06f)
core   0: 0x80013cd8 (0x00001f17) auipc   t5, 0x1
core   0: 3 0x80013cd8 (0x00001f17) x30 0x80014cd8
core   0: 0x80013cdc (0x323f2423) sw      gp, 808(t5)
core   0: 3 0x80013cdc (0x323f2423) mem 0x80015000 0x00000001
core   0: 0x80013ce0 (0xff9ff06f) j       pc - 0x8
core   0: 3 0x80013ce0 (0xff9ff06f)
core   0: 0x80013cd8 (0x00001f17) auipc   t5, 0x1
core   0: 3 0x80013cd8 (0x00001f17) x30 0x80014cd8
core   0: 0x80013cdc (0x323f2423) sw      gp, 808(t5)
core   0: 3 0x80013cdc (0x323f2423) mem 0x80015000 0x00000001
core   0: 0x80013ce0 (0xff9ff06f) j       pc - 0x8
core   0: 3 0x80013ce0 (0xff9ff06f)
core   0: 0x80013cd8 (0x00001f17) auipc   t5, 0x1
core   0: 3 0x80013cd8 (0x00001f17) x30 0x80014cd8
core   0: 0x80013cdc (0x323f2423) sw      gp, 808(t5)
core   0: 3 0x80013cdc (0x323f2423) mem 0x80015000 0x00000001
core   0: 0x80013ce0 (0xff9ff06f) j       pc - 0x8
core   0: 3 0x80013ce0 (0xff9ff06f)
core   0: 0x80013cd8 (0x00001f17) auipc   t5, 0x1
core   0: 3 0x80013cd8 (0x00001f17) x30 0x80014cd8
core   0: 0x80013cdc (0x323f2423) sw      gp, 808(t5)
core   0: 3 0x80013cdc (0x323f2423) mem 0x80015000 0x00000001
core   0: 0x80013ce0 (0xff9ff06f) j       pc - 0x8
core   0: 3 0x80013ce0 (0xff9ff06f)
core   0: 0x80013cd8 (0x00001f17) auipc   t5, 0x1
core   0: 3 0x80013cd8 (0x00001f17) x30 0x80014cd8
core   0: 0x80013cdc (0x323f2423) sw      gp, 808(t5)
core   0: 3 0x80013cdc (0x323f2423) mem 0x80015000 0x00000001
core   0: 0x80013ce0 (0xff9ff06f) j       pc - 0x8
core   0: 3 0x80013ce0 (0xff9ff06f)
core   0: 0x80013cd8 (0x00001f17) auipc   t5, 0x1
core   0: 3 0x80013cd8 (0x00001f17) x30 0x80014cd8
core   0: 0x80013cdc (0x323f2423) sw      gp, 808(t5)
core   0: 3 0x80013cdc (0x323f2423) mem 0x80015000 0x00000001
core   0: 0x80013ce0 (0xff9ff06f) j       pc - 0x8
core   0: 3 0x80013ce0 (0xff9ff06f)
core   0: 0x80013cd8 (0x00001f17) auipc   t5, 0x1
core   0: 3 0x80013cd8 (0x00001f17) x30 0x80014cd8
core   0: 0x80013cdc (0x323f2423) sw      gp, 808(t5)
core   0: 3 0x80013cdc (0x323f2423) mem 0x80015000 0x00000001
core   0: 0x80013ce0 (0xff9ff06f) j       pc - 0x8
core   0: 3 0x80013ce0 (0xff9ff06f)
core   0: 0x80013cd8 (0x00001f17) auipc   t5, 0x1
core   0: 3 0x80013cd8 (0x00001f17) x30 0x80014cd8
core   0: 0x80013cdc (0x323f2423) sw      gp, 808(t5)
core   0: 3 0x80013cdc (0x323f2423) mem 0x80015000 0x00000001
core   0: 0x80013ce0 (0xff9ff06f) j       pc - 0x8
core   0: 3 0x80013ce0 (0xff9ff06f)
core   0: 0x80013cd8 (0x00001f17) auipc   t5, 0x1
core   0: 3 0x80013cd8 (0x00001f17) x30 0x80014cd8
core   0: 0x80013cdc (0x323f2423) sw      gp, 808(t5)
core   0: 3 0x80013cdc (0x323f2423) mem 0x80015000 0x00000001
core   0: 0x80013ce0 (0xff9ff06f) j       pc - 0x8
core   0: 3 0x80013ce0 (0xff9ff06f)
core   0: 0x80013cd8 (0x00001f17) auipc   t5, 0x1
core   0: 3 0x80013cd8 (0x00001f17) x30 0x80014cd8
core   0: 0x80013cdc (0x323f2423) sw      gp, 808(t5)
core   0: 3 0x80013cdc (0x323f2423) mem 0x80015000 0x00000001
core   0: 0x80013ce0 (0xff9ff06f) j       pc - 0x8
core   0: 3 0x80013ce0 (0xff9ff06f)
core   0: 0x80013cd8 (0x00001f17) auipc   t5, 0x1
core   0: 3 0x80013cd8 (0x00001f17) x30 0x80014cd8
core   0: 0x80013cdc (0x323f2423) sw      gp, 808(t5)
core   0: 3 0x80013cdc (0x323f2423) mem 0x80015000 0x00000001
core   0: 0x80013ce0 (0xff9ff06f) j       pc - 0x8
core   0: 3 0x80013ce0 (0xff9ff06f)
core   0: 0x80013cd8 (0x00001f17) auipc   t5, 0x1
core   0: 3 0x80013cd8 (0x00001f17) x30 0x80014cd8
core   0: 0x80013cdc (0x323f2423) sw      gp, 808(t5)
core   0: 3 0x80013cdc (0x323f2423) mem 0x80015000 0x00000001
core   0: 0x80013ce0 (0xff9ff06f) j       pc - 0x8
core   0: 3 0x80013ce0 (0xff9ff06f)
core   0: 0x80013cd8 (0x00001f17) auipc   t5, 0x1
core   0: 3 0x80013cd8 (0x00001f17) x30 0x80014cd8
core   0: 0x80013cdc (0x323f2423) sw      gp, 808(t5)
core   0: 3 0x80013cdc (0x323f2423) mem 0x80015000 0x00000001
core   0: 0x80013ce0 (0xff9ff06f) j       pc - 0x8
core   0: 3 0x80013ce0 (0xff9ff06f)
core   0: 0x80013cd8 (0x00001f17) auipc   t5, 0x1
core   0: 3 0x80013cd8 (0x00001f17) x30 0x80014cd8
core   0: 0x80013cdc (0x323f2423) sw      gp, 808(t5)
core   0: 3 0x80013cdc (0x323f2423) mem 0x80015000 0x00000001
core   0: 0x80013ce0 (0xff9ff06f) j       pc - 0x8
core   0: 3 0x80013ce0 (0xff9ff06f)
core   0: 0x80013cd8 (0x00001f17) auipc   t5, 0x1
core   0: 3 0x80013cd8 (0x00001f17) x30 0x80014cd8
core   0: 0x80013cdc (0x323f2423) sw      gp, 808(t5)
core   0: 3 0x80013cdc (0x323f2423) mem 0x80015000 0x00000001
core   0: 0x80013ce0 (0xff9ff06f) j       pc - 0x8
core   0: 3 0x80013ce0 (0xff9ff06f)
core   0: 0x80013cd8 (0x00001f17) auipc   t5, 0x1
core   0: 3 0x80013cd8 (0x00001f17) x30 0x80014cd8
core   0: 0x80013cdc (0x323f2423) sw      gp, 808(t5)
core   0: 3 0x80013cdc (0x323f2423) mem 0x80015000 0x00000001
core   0: 0x80013ce0 (0xff9ff06f) j       pc - 0x8
core   0: 3 0x80013ce0 (0xff9ff06f)
core   0: 0x80013cd8 (0x00001f17) auipc   t5, 0x1
core   0: 3 0x80013cd8 (0x00001f17) x30 0x80014cd8
core   0: 0x80013cdc (0x323f2423) sw      gp, 808(t5)
core   0: 3 0x80013cdc (0x323f2423) mem 0x80015000 0x00000001
core   0: 0x80013ce0 (0xff9ff06f) j       pc - 0x8
core   0: 3 0x80013ce0 (0xff9ff06f)
core   0: 0x80013cd8 (0x00001f17) auipc   t5, 0x1
core   0: 3 0x80013cd8 (0x00001f17) x30 0x80014cd8
core   0: 0x80013cdc (0x323f2423) sw      gp, 808(t5)
core   0: 3 0x80013cdc (0x323f2423) mem 0x80015000 0x00000001
core   0: 0x80013ce0 (0xff9ff06f) j       pc - 0x8
core   0: 3 0x80013ce0 (0xff9ff06f)
core   0: 0x80013cd8 (0x00001f17) auipc   t5, 0x1
core   0: 3 0x80013cd8 (0x00001f17) x30 0x80014cd8
core   0: 0x80013cdc (0x323f2423) sw      gp, 808(t5)
core   0: 3 0x80013cdc (0x323f2423) mem 0x80015000 0x00000001
core   0: 0x80013ce0 (0xff9ff06f) j       pc - 0x8
core   0: 3 0x80013ce0 (0xff9ff06f)
core   0: 0x80013cd8 (0x00001f17) auipc   t5, 0x1
core   0: 3 0x80013cd8 (0x00001f17) x30 0x80014cd8
core   0: 0x80013cdc (0x323f2423) sw      gp, 808(t5)
core   0: 3 0x80013cdc (0x323f2423) mem 0x80015000 0x00000001
core   0: 0x80013ce0 (0xff9ff06f) j       pc - 0x8
core   0: 3 0x80013ce0 (0xff9ff06f)
core   0: 0x80013cd8 (0x00001f17) auipc   t5, 0x1
core   0: 3 0x80013cd8 (0x00001f17) x30 0x80014cd8
core   0: 0x80013cdc (0x323f2423) sw      gp, 808(t5)
core   0: 3 0x80013cdc (0x323f2423) mem 0x80015000 0x00000001
core   0: 0x80013ce0 (0xff9ff06f) j       pc - 0x8
core   0: 3 0x80013ce0 (0xff9ff06f)
core   0: 0x80013cd8 (0x00001f17) auipc   t5, 0x1
core   0: 3 0x80013cd8 (0x00001f17) x30 0x80014cd8
core   0: 0x80013cdc (0x323f2423) sw      gp, 808(t5)
core   0: 3 0x80013cdc (0x323f2423) mem 0x80015000 0x00000001
core   0: 0x80013ce0 (0xff9ff06f) j       pc - 0x8
core   0: 3 0x80013ce0 (0xff9ff06f)
core   0: 0x80013cd8 (0x00001f17) auipc   t5, 0x1
core   0: 3 0x80013cd8 (0x00001f17) x30 0x80014cd8
core   0: 0x80013cdc (0x323f2423) sw      gp, 808(t5)
core   0: 3 0x80013cdc (0x323f2423) mem 0x80015000 0x00000001
core   0: 0x80013ce0 (0xff9ff06f) j       pc - 0x8
core   0: 3 0x80013ce0 (0xff9ff06f)
core   0: 0x80013cd8 (0x00001f17) auipc   t5, 0x1
core   0: 3 0x80013cd8 (0x00001f17) x30 0x80014cd8
core   0: 0x80013cdc (0x323f2423) sw      gp, 808(t5)
core   0: 3 0x80013cdc (0x323f2423) mem 0x80015000 0x00000001
core   0: 0x80013ce0 (0xff9ff06f) j       pc - 0x8
core   0: 3 0x80013ce0 (0xff9ff06f)
core   0: 0x80013cd8 (0x00001f17) auipc   t5, 0x1
core   0: 3 0x80013cd8 (0x00001f17) x30 0x80014cd8
core   0: 0x80013cdc (0x323f2423) sw      gp, 808(t5)
core   0: 3 0x80013cdc (0x323f2423) mem 0x80015000 0x00000001
core   0: 0x80013ce0 (0xff9ff06f) j       pc - 0x8
core   0: 3 0x80013ce0 (0xff9ff06f)
core   0: 0x80013cd8 (0x00001f17) auipc   t5, 0x1
core   0: 3 0x80013cd8 (0x00001f17) x30 0x80014cd8
core   0: 0x80013cdc (0x323f2423) sw      gp, 808(t5)
core   0: 3 0x80013cdc (0x323f2423) mem 0x80015000 0x00000001
core   0: 0x80013ce0 (0xff9ff06f) j       pc - 0x8
core   0: 3 0x80013ce0 (0xff9ff06f)
core   0: 0x80013cd8 (0x00001f17) auipc   t5, 0x1
core   0: 3 0x80013cd8 (0x00001f17) x30 0x80014cd8
core   0: 0x80013cdc (0x323f2423) sw      gp, 808(t5)
core   0: 3 0x80013cdc (0x323f2423) mem 0x80015000 0x00000001
core   0: 0x80013ce0 (0xff9ff06f) j       pc - 0x8
core   0: 3 0x80013ce0 (0xff9ff06f)
core   0: 0x80013cd8 (0x00001f17) auipc   t5, 0x1
core   0: 3 0x80013cd8 (0x00001f17) x30 0x80014cd8
core   0: 0x80013cdc (0x323f2423) sw      gp, 808(t5)
core   0: 3 0x80013cdc (0x323f2423) mem 0x80015000 0x00000001
core   0: 0x80013ce0 (0xff9ff06f) j       pc - 0x8
core   0: 3 0x80013ce0 (0xff9ff06f)
core   0: 0x80013cd8 (0x00001f17) auipc   t5, 0x1
core   0: 3 0x80013cd8 (0x00001f17) x30 0x80014cd8
core   0: 0x80013cdc (0x323f2423) sw      gp, 808(t5)
core   0: 3 0x80013cdc (0x323f2423) mem 0x80015000 0x00000001
core   0: 0x80013ce0 (0xff9ff06f) j       pc - 0x8
core   0: 3 0x80013ce0 (0xff9ff06f)
core   0: 0x80013cd8 (0x00001f17) auipc   t5, 0x1
core   0: 3 0x80013cd8 (0x00001f17) x30 0x80014cd8
core   0: 0x80013cdc (0x323f2423) sw      gp, 808(t5)
core   0: 3 0x80013cdc (0x323f2423) mem 0x80015000 0x00000001
core   0: 0x80013ce0 (0xff9ff06f) j       pc - 0x8
core   0: 3 0x80013ce0 (0xff9ff06f)
core   0: 0x80013cd8 (0x00001f17) auipc   t5, 0x1
core   0: 3 0x80013cd8 (0x00001f17) x30 0x80014cd8
core   0: 0x80013cdc (0x323f2423) sw      gp, 808(t5)
core   0: 3 0x80013cdc (0x323f2423) mem 0x80015000 0x00000001
core   0: 0x80013ce0 (0xff9ff06f) j       pc - 0x8
core   0: 3 0x80013ce0 (0xff9ff06f)
core   0: 0x80013cd8 (0x00001f17) auipc   t5, 0x1
core   0: 3 0x80013cd8 (0x00001f17) x30 0x80014cd8
core   0: 0x80013cdc (0x323f2423) sw      gp, 808(t5)
core   0: 3 0x80013cdc (0x323f2423) mem 0x80015000 0x00000001
core   0: 0x80013ce0 (0xff9ff06f) j       pc - 0x8
core   0: 3 0x80013ce0 (0xff9ff06f)
core   0: 0x80013cd8 (0x00001f17) auipc   t5, 0x1
core   0: 3 0x80013cd8 (0x00001f17) x30 0x80014cd8
core   0: 0x80013cdc (0x323f2423) sw      gp, 808(t5)
core   0: 3 0x80013cdc (0x323f2423) mem 0x80015000 0x00000001
core   0: 0x80013ce0 (0xff9ff06f) j       pc - 0x8
core   0: 3 0x80013ce0 (0xff9ff06f)
core   0: 0x80013cd8 (0x00001f17) auipc   t5, 0x1
core   0: 3 0x80013cd8 (0x00001f17) x30 0x80014cd8
core   0: 0x80013cdc (0x323f2423) sw      gp, 808(t5)
core   0: 3 0x80013cdc (0x323f2423) mem 0x80015000 0x00000001
core   0: 0x80013ce0 (0xff9ff06f) j       pc - 0x8
core   0: 3 0x80013ce0 (0xff9ff06f)
core   0: 0x80013cd8 (0x00001f17) auipc   t5, 0x1
core   0: 3 0x80013cd8 (0x00001f17) x30 0x80014cd8
core   0: 0x80013cdc (0x323f2423) sw      gp, 808(t5)
core   0: 3 0x80013cdc (0x323f2423) mem 0x80015000 0x00000001
core   0: 0x80013ce0 (0xff9ff06f) j       pc - 0x8
core   0: 3 0x80013ce0 (0xff9ff06f)
core   0: 0x80013cd8 (0x00001f17) auipc   t5, 0x1
core   0: 3 0x80013cd8 (0x00001f17) x30 0x80014cd8
core   0: 0x80013cdc (0x323f2423) sw      gp, 808(t5)
core   0: 3 0x80013cdc (0x323f2423) mem 0x80015000 0x00000001
core   0: 0x80013ce0 (0xff9ff06f) j       pc - 0x8
core   0: 3 0x80013ce0 (0xff9ff06f)
core   0: 0x80013cd8 (0x00001f17) auipc   t5, 0x1
core   0: 3 0x80013cd8 (0x00001f17) x30 0x80014cd8
core   0: 0x80013cdc (0x323f2423) sw      gp, 808(t5)
core   0: 3 0x80013cdc (0x323f2423) mem 0x80015000 0x00000001
core   0: 0x80013ce0 (0xff9ff06f) j       pc - 0x8
core   0: 3 0x80013ce0 (0xff9ff06f)
core   0: 0x80013cd8 (0x00001f17) auipc   t5, 0x1
core   0: 3 0x80013cd8 (0x00001f17) x30 0x80014cd8
core   0: 0x80013cdc (0x323f2423) sw      gp, 808(t5)
core   0: 3 0x80013cdc (0x323f2423) mem 0x80015000 0x00000001
core   0: 0x80013ce0 (0xff9ff06f) j       pc - 0x8
core   0: 3 0x80013ce0 (0xff9ff06f)
core   0: 0x80013cd8 (0x00001f17) auipc   t5, 0x1
core   0: 3 0x80013cd8 (0x00001f17) x30 0x80014cd8
core   0: 0x80013cdc (0x323f2423) sw      gp, 808(t5)
core   0: 3 0x80013cdc (0x323f2423) mem 0x80015000 0x00000001
core   0: 0x80013ce0 (0xff9ff06f) j       pc - 0x8
core   0: 3 0x80013ce0 (0xff9ff06f)
core   0: 0x80013cd8 (0x00001f17) auipc   t5, 0x1
core   0: 3 0x80013cd8 (0x00001f17) x30 0x80014cd8
core   0: 0x80013cdc (0x323f2423) sw      gp, 808(t5)
core   0: 3 0x80013cdc (0x323f2423) mem 0x80015000 0x00000001
core   0: 0x80013ce0 (0xff9ff06f) j       pc - 0x8
core   0: 3 0x80013ce0 (0xff9ff06f)
core   0: 0x80013cd8 (0x00001f17) auipc   t5, 0x1
core   0: 3 0x80013cd8 (0x00001f17) x30 0x80014cd8
core   0: 0x80013cdc (0x323f2423) sw      gp, 808(t5)
core   0: 3 0x80013cdc (0x323f2423) mem 0x80015000 0x00000001
core   0: 0x80013ce0 (0xff9ff06f) j       pc - 0x8
core   0: 3 0x80013ce0 (0xff9ff06f)
core   0: 0x80013cd8 (0x00001f17) auipc   t5, 0x1
core   0: 3 0x80013cd8 (0x00001f17) x30 0x80014cd8
core   0: 0x80013cdc (0x323f2423) sw      gp, 808(t5)
core   0: 3 0x80013cdc (0x323f2423) mem 0x80015000 0x00000001
core   0: 0x80013ce0 (0xff9ff06f) j       pc - 0x8
core   0: 3 0x80013ce0 (0xff9ff06f)
core   0: 0x80013cd8 (0x00001f17) auipc   t5, 0x1
core   0: 3 0x80013cd8 (0x00001f17) x30 0x80014cd8
core   0: 0x80013cdc (0x323f2423) sw      gp, 808(t5)
core   0: 3 0x80013cdc (0x323f2423) mem 0x80015000 0x00000001
core   0: 0x80013ce0 (0xff9ff06f) j       pc - 0x8
core   0: 3 0x80013ce0 (0xff9ff06f)
core   0: 0x80013cd8 (0x00001f17) auipc   t5, 0x1
core   0: 3 0x80013cd8 (0x00001f17) x30 0x80014cd8
core   0: 0x80013cdc (0x323f2423) sw      gp, 808(t5)
core   0: 3 0x80013cdc (0x323f2423) mem 0x80015000 0x00000001
core   0: 0x80013ce0 (0xff9ff06f) j       pc - 0x8
core   0: 3 0x80013ce0 (0xff9ff06f)
core   0: 0x80013cd8 (0x00001f17) auipc   t5, 0x1
core   0: 3 0x80013cd8 (0x00001f17) x30 0x80014cd8
core   0: 0x80013cdc (0x323f2423) sw      gp, 808(t5)
core   0: 3 0x80013cdc (0x323f2423) mem 0x80015000 0x00000001
core   0: 0x80013ce0 (0xff9ff06f) j       pc - 0x8
core   0: 3 0x80013ce0 (0xff9ff06f)
core   0: 0x80013cd8 (0x00001f17) auipc   t5, 0x1
core   0: 3 0x80013cd8 (0x00001f17) x30 0x80014cd8
core   0: 0x80013cdc (0x323f2423) sw      gp, 808(t5)
core   0: 3 0x80013cdc (0x323f2423) mem 0x80015000 0x00000001
core   0: 0x80013ce0 (0xff9ff06f) j       pc - 0x8
core   0: 3 0x80013ce0 (0xff9ff06f)
core   0: 0x80013cd8 (0x00001f17) auipc   t5, 0x1
core   0: 3 0x80013cd8 (0x00001f17) x30 0x80014cd8
core   0: 0x80013cdc (0x323f2423) sw      gp, 808(t5)
core   0: 3 0x80013cdc (0x323f2423) mem 0x80015000 0x00000001
core   0: 0x80013ce0 (0xff9ff06f) j       pc - 0x8
core   0: 3 0x80013ce0 (0xff9ff06f)
core   0: 0x80013cd8 (0x00001f17) auipc   t5, 0x1
core   0: 3 0x80013cd8 (0x00001f17) x30 0x80014cd8
core   0: 0x80013cdc (0x323f2423) sw      gp, 808(t5)
core   0: 3 0x80013cdc (0x323f2423) mem 0x80015000 0x00000001
core   0: 0x80013ce0 (0xff9ff06f) j       pc - 0x8
core   0: 3 0x80013ce0 (0xff9ff06f)
core   0: 0x80013cd8 (0x00001f17) auipc   t5, 0x1
core   0: 3 0x80013cd8 (0x00001f17) x30 0x80014cd8
core   0: 0x80013cdc (0x323f2423) sw      gp, 808(t5)
core   0: 3 0x80013cdc (0x323f2423) mem 0x80015000 0x00000001
core   0: 0x80013ce0 (0xff9ff06f) j       pc - 0x8
core   0: 3 0x80013ce0 (0xff9ff06f)
core   0: 0x80013cd8 (0x00001f17) auipc   t5, 0x1
core   0: 3 0x80013cd8 (0x00001f17) x30 0x80014cd8
core   0: 0x80013cdc (0x323f2423) sw      gp, 808(t5)
core   0: 3 0x80013cdc (0x323f2423) mem 0x80015000 0x00000001
core   0: 0x80013ce0 (0xff9ff06f) j       pc - 0x8
core   0: 3 0x80013ce0 (0xff9ff06f)
core   0: 0x80013cd8 (0x00001f17) auipc   t5, 0x1
core   0: 3 0x80013cd8 (0x00001f17) x30 0x80014cd8
core   0: 0x80013cdc (0x323f2423) sw      gp, 808(t5)
core   0: 3 0x80013cdc (0x323f2423) mem 0x80015000 0x00000001
core   0: 0x80013ce0 (0xff9ff06f) j       pc - 0x8
core   0: 3 0x80013ce0 (0xff9ff06f)
core   0: 0x80013cd8 (0x00001f17) auipc   t5, 0x1
core   0: 3 0x80013cd8 (0x00001f17) x30 0x80014cd8
core   0: 0x80013cdc (0x323f2423) sw      gp, 808(t5)
core   0: 3 0x80013cdc (0x323f2423) mem 0x80015000 0x00000001
core   0: 0x80013ce0 (0xff9ff06f) j       pc - 0x8
core   0: 3 0x80013ce0 (0xff9ff06f)
core   0: 0x80013cd8 (0x00001f17) auipc   t5, 0x1
core   0: 3 0x80013cd8 (0x00001f17) x30 0x80014cd8
core   0: 0x80013cdc (0x323f2423) sw      gp, 808(t5)
core   0: 3 0x80013cdc (0x323f2423) mem 0x80015000 0x00000001
core   0: 0x80013ce0 (0xff9ff06f) j       pc - 0x8
core   0: 3 0x80013ce0 (0xff9ff06f)
core   0: 0x80013cd8 (0x00001f17) auipc   t5, 0x1
core   0: 3 0x80013cd8 (0x00001f17) x30 0x80014cd8
core   0: 0x80013cdc (0x323f2423) sw      gp, 808(t5)
core   0: 3 0x80013cdc (0x323f2423) mem 0x80015000 0x00000001
core   0: 0x80013ce0 (0xff9ff06f) j       pc - 0x8
core   0: 3 0x80013ce0 (0xff9ff06f)
core   0: 0x80013cd8 (0x00001f17) auipc   t5, 0x1
core   0: 3 0x80013cd8 (0x00001f17) x30 0x80014cd8
core   0: 0x80013cdc (0x323f2423) sw      gp, 808(t5)
core   0: 3 0x80013cdc (0x323f2423) mem 0x80015000 0x00000001
core   0: 0x80013ce0 (0xff9ff06f) j       pc - 0x8
core   0: 3 0x80013ce0 (0xff9ff06f)
core   0: 0x80013cd8 (0x00001f17) auipc   t5, 0x1
core   0: 3 0x80013cd8 (0x00001f17) x30 0x80014cd8
core   0: 0x80013cdc (0x323f2423) sw      gp, 808(t5)
core   0: 3 0x80013cdc (0x323f2423) mem 0x80015000 0x00000001
core   0: 0x80013ce0 (0xff9ff06f) j       pc - 0x8
core   0: 3 0x80013ce0 (0xff9ff06f)
core   0: 0x80013cd8 (0x00001f17) auipc   t5, 0x1
core   0: 3 0x80013cd8 (0x00001f17) x30 0x80014cd8
core   0: 0x80013cdc (0x323f2423) sw      gp, 808(t5)
core   0: 3 0x80013cdc (0x323f2423) mem 0x80015000 0x00000001
core   0: 0x80013ce0 (0xff9ff06f) j       pc - 0x8
core   0: 3 0x80013ce0 (0xff9ff06f)
core   0: 0x80013cd8 (0x00001f17) auipc   t5, 0x1
core   0: 3 0x80013cd8 (0x00001f17) x30 0x80014cd8
core   0: 0x80013cdc (0x323f2423) sw      gp, 808(t5)
core   0: 3 0x80013cdc (0x323f2423) mem 0x80015000 0x00000001
core   0: 0x80013ce0 (0xff9ff06f) j       pc - 0x8
core   0: 3 0x80013ce0 (0xff9ff06f)
core   0: 0x80013cd8 (0x00001f17) auipc   t5, 0x1
core   0: 3 0x80013cd8 (0x00001f17) x30 0x80014cd8
core   0: 0x80013cdc (0x323f2423) sw      gp, 808(t5)
core   0: 3 0x80013cdc (0x323f2423) mem 0x80015000 0x00000001
core   0: 0x80013ce0 (0xff9ff06f) j       pc - 0x8
core   0: 3 0x80013ce0 (0xff9ff06f)
core   0: 0x80013cd8 (0x00001f17) auipc   t5, 0x1
core   0: 3 0x80013cd8 (0x00001f17) x30 0x80014cd8
core   0: 0x80013cdc (0x323f2423) sw      gp, 808(t5)
core   0: 3 0x80013cdc (0x323f2423) mem 0x80015000 0x00000001
core   0: 0x80013ce0 (0xff9ff06f) j       pc - 0x8
core   0: 3 0x80013ce0 (0xff9ff06f)
core   0: 0x80013cd8 (0x00001f17) auipc   t5, 0x1
core   0: 3 0x80013cd8 (0x00001f17) x30 0x80014cd8
core   0: 0x80013cdc (0x323f2423) sw      gp, 808(t5)
core   0: 3 0x80013cdc (0x323f2423) mem 0x80015000 0x00000001
core   0: 0x80013ce0 (0xff9ff06f) j       pc - 0x8
core   0: 3 0x80013ce0 (0xff9ff06f)
core   0: 0x80013cd8 (0x00001f17) auipc   t5, 0x1
core   0: 3 0x80013cd8 (0x00001f17) x30 0x80014cd8
core   0: 0x80013cdc (0x323f2423) sw      gp, 808(t5)
core   0: 3 0x80013cdc (0x323f2423) mem 0x80015000 0x00000001
core   0: 0x80013ce0 (0xff9ff06f) j       pc - 0x8
core   0: 3 0x80013ce0 (0xff9ff06f)
core   0: 0x80013cd8 (0x00001f17) auipc   t5, 0x1
core   0: 3 0x80013cd8 (0x00001f17) x30 0x80014cd8
core   0: 0x80013cdc (0x323f2423) sw      gp, 808(t5)
core   0: 3 0x80013cdc (0x323f2423) mem 0x80015000 0x00000001
core   0: 0x80013ce0 (0xff9ff06f) j       pc - 0x8
core   0: 3 0x80013ce0 (0xff9ff06f)
core   0: 0x80013cd8 (0x00001f17) auipc   t5, 0x1
core   0: 3 0x80013cd8 (0x00001f17) x30 0x80014cd8
core   0: 0x80013cdc (0x323f2423) sw      gp, 808(t5)
core   0: 3 0x80013cdc (0x323f2423) mem 0x80015000 0x00000001
core   0: 0x80013ce0 (0xff9ff06f) j       pc - 0x8
core   0: 3 0x80013ce0 (0xff9ff06f)
core   0: 0x80013cd8 (0x00001f17) auipc   t5, 0x1
core   0: 3 0x80013cd8 (0x00001f17) x30 0x80014cd8
core   0: 0x80013cdc (0x323f2423) sw      gp, 808(t5)
core   0: 3 0x80013cdc (0x323f2423) mem 0x80015000 0x00000001
core   0: 0x80013ce0 (0xff9ff06f) j       pc - 0x8
core   0: 3 0x80013ce0 (0xff9ff06f)
core   0: 0x80013cd8 (0x00001f17) auipc   t5, 0x1
core   0: 3 0x80013cd8 (0x00001f17) x30 0x80014cd8
core   0: 0x80013cdc (0x323f2423) sw      gp, 808(t5)
core   0: 3 0x80013cdc (0x323f2423) mem 0x80015000 0x00000001
core   0: 0x80013ce0 (0xff9ff06f) j       pc - 0x8
core   0: 3 0x80013ce0 (0xff9ff06f)
core   0: 0x80013cd8 (0x00001f17) auipc   t5, 0x1
core   0: 3 0x80013cd8 (0x00001f17) x30 0x80014cd8
core   0: 0x80013cdc (0x323f2423) sw      gp, 808(t5)
core   0: 3 0x80013cdc (0x323f2423) mem 0x80015000 0x00000001
core   0: 0x80013ce0 (0xff9ff06f) j       pc - 0x8
core   0: 3 0x80013ce0 (0xff9ff06f)
core   0: 0x80013cd8 (0x00001f17) auipc   t5, 0x1
core   0: 3 0x80013cd8 (0x00001f17) x30 0x80014cd8
core   0: 0x80013cdc (0x323f2423) sw      gp, 808(t5)
core   0: 3 0x80013cdc (0x323f2423) mem 0x80015000 0x00000001
core   0: 0x80013ce0 (0xff9ff06f) j       pc - 0x8
core   0: 3 0x80013ce0 (0xff9ff06f)
core   0: 0x80013cd8 (0x00001f17) auipc   t5, 0x1
core   0: 3 0x80013cd8 (0x00001f17) x30 0x80014cd8
core   0: 0x80013cdc (0x323f2423) sw      gp, 808(t5)
core   0: 3 0x80013cdc (0x323f2423) mem 0x80015000 0x00000001
core   0: 0x80013ce0 (0xff9ff06f) j       pc - 0x8
core   0: 3 0x80013ce0 (0xff9ff06f)
core   0: 0x80013cd8 (0x00001f17) auipc   t5, 0x1
core   0: 3 0x80013cd8 (0x00001f17) x30 0x80014cd8
core   0: 0x80013cdc (0x323f2423) sw      gp, 808(t5)
core   0: 3 0x80013cdc (0x323f2423) mem 0x80015000 0x00000001
core   0: 0x80013ce0 (0xff9ff06f) j       pc - 0x8
core   0: 3 0x80013ce0 (0xff9ff06f)
core   0: 0x80013cd8 (0x00001f17) auipc   t5, 0x1
core   0: 3 0x80013cd8 (0x00001f17) x30 0x80014cd8
core   0: 0x80013cdc (0x323f2423) sw      gp, 808(t5)
core   0: 3 0x80013cdc (0x323f2423) mem 0x80015000 0x00000001
core   0: 0x80013ce0 (0xff9ff06f) j       pc - 0x8
core   0: 3 0x80013ce0 (0xff9ff06f)
core   0: 0x80013cd8 (0x00001f17) auipc   t5, 0x1
core   0: 3 0x80013cd8 (0x00001f17) x30 0x80014cd8
core   0: 0x80013cdc (0x323f2423) sw      gp, 808(t5)
core   0: 3 0x80013cdc (0x323f2423) mem 0x80015000 0x00000001
core   0: 0x80013ce0 (0xff9ff06f) j       pc - 0x8
core   0: 3 0x80013ce0 (0xff9ff06f)
core   0: 0x80013cd8 (0x00001f17) auipc   t5, 0x1
core   0: 3 0x80013cd8 (0x00001f17) x30 0x80014cd8
core   0: 0x80013cdc (0x323f2423) sw      gp, 808(t5)
core   0: 3 0x80013cdc (0x323f2423) mem 0x80015000 0x00000001
core   0: 0x80013ce0 (0xff9ff06f) j       pc - 0x8
core   0: 3 0x80013ce0 (0xff9ff06f)
core   0: 0x80013cd8 (0x00001f17) auipc   t5, 0x1
core   0: 3 0x80013cd8 (0x00001f17) x30 0x80014cd8
core   0: 0x80013cdc (0x323f2423) sw      gp, 808(t5)
core   0: 3 0x80013cdc (0x323f2423) mem 0x80015000 0x00000001
core   0: 0x80013ce0 (0xff9ff06f) j       pc - 0x8
core   0: 3 0x80013ce0 (0xff9ff06f)
core   0: 0x80013cd8 (0x00001f17) auipc   t5, 0x1
core   0: 3 0x80013cd8 (0x00001f17) x30 0x80014cd8
core   0: 0x80013cdc (0x323f2423) sw      gp, 808(t5)
core   0: 3 0x80013cdc (0x323f2423) mem 0x80015000 0x00000001
core   0: 0x80013ce0 (0xff9ff06f) j       pc - 0x8
core   0: 3 0x80013ce0 (0xff9ff06f)
core   0: 0x80013cd8 (0x00001f17) auipc   t5, 0x1
core   0: 3 0x80013cd8 (0x00001f17) x30 0x80014cd8
core   0: 0x80013cdc (0x323f2423) sw      gp, 808(t5)
core   0: 3 0x80013cdc (0x323f2423) mem 0x80015000 0x00000001
core   0: 0x80013ce0 (0xff9ff06f) j       pc - 0x8
core   0: 3 0x80013ce0 (0xff9ff06f)
core   0: 0x80013cd8 (0x00001f17) auipc   t5, 0x1
core   0: 3 0x80013cd8 (0x00001f17) x30 0x80014cd8
core   0: 0x80013cdc (0x323f2423) sw      gp, 808(t5)
core   0: 3 0x80013cdc (0x323f2423) mem 0x80015000 0x00000001
core   0: 0x80013ce0 (0xff9ff06f) j       pc - 0x8
core   0: 3 0x80013ce0 (0xff9ff06f)
core   0: 0x80013cd8 (0x00001f17) auipc   t5, 0x1
core   0: 3 0x80013cd8 (0x00001f17) x30 0x80014cd8
core   0: 0x80013cdc (0x323f2423) sw      gp, 808(t5)
core   0: 3 0x80013cdc (0x323f2423) mem 0x80015000 0x00000001
core   0: 0x80013ce0 (0xff9ff06f) j       pc - 0x8
core   0: 3 0x80013ce0 (0xff9ff06f)
core   0: 0x80013cd8 (0x00001f17) auipc   t5, 0x1
core   0: 3 0x80013cd8 (0x00001f17) x30 0x80014cd8
core   0: 0x80013cdc (0x323f2423) sw      gp, 808(t5)
core   0: 3 0x80013cdc (0x323f2423) mem 0x80015000 0x00000001
core   0: 0x80013ce0 (0xff9ff06f) j       pc - 0x8
core   0: 3 0x80013ce0 (0xff9ff06f)
core   0: 0x80013cd8 (0x00001f17) auipc   t5, 0x1
core   0: 3 0x80013cd8 (0x00001f17) x30 0x80014cd8
core   0: 0x80013cdc (0x323f2423) sw      gp, 808(t5)
core   0: 3 0x80013cdc (0x323f2423) mem 0x80015000 0x00000001
core   0: 0x80013ce0 (0xff9ff06f) j       pc - 0x8
core   0: 3 0x80013ce0 (0xff9ff06f)
core   0: 0x80013cd8 (0x00001f17) auipc   t5, 0x1
core   0: 3 0x80013cd8 (0x00001f17) x30 0x80014cd8
core   0: 0x80013cdc (0x323f2423) sw      gp, 808(t5)
core   0: 3 0x80013cdc (0x323f2423) mem 0x80015000 0x00000001
core   0: 0x80013ce0 (0xff9ff06f) j       pc - 0x8
core   0: 3 0x80013ce0 (0xff9ff06f)
core   0: 0x80013cd8 (0x00001f17) auipc   t5, 0x1
core   0: 3 0x80013cd8 (0x00001f17) x30 0x80014cd8
core   0: 0x80013cdc (0x323f2423) sw      gp, 808(t5)
core   0: 3 0x80013cdc (0x323f2423) mem 0x80015000 0x00000001
core   0: 0x80013ce0 (0xff9ff06f) j       pc - 0x8
core   0: 3 0x80013ce0 (0xff9ff06f)
core   0: 0x80013cd8 (0x00001f17) auipc   t5, 0x1
core   0: 3 0x80013cd8 (0x00001f17) x30 0x80014cd8
core   0: 0x80013cdc (0x323f2423) sw      gp, 808(t5)
core   0: 3 0x80013cdc (0x323f2423) mem 0x80015000 0x00000001
core   0: 0x80013ce0 (0xff9ff06f) j       pc - 0x8
core   0: 3 0x80013ce0 (0xff9ff06f)
core   0: 0x80013cd8 (0x00001f17) auipc   t5, 0x1
core   0: 3 0x80013cd8 (0x00001f17) x30 0x80014cd8
core   0: 0x80013cdc (0x323f2423) sw      gp, 808(t5)
core   0: 3 0x80013cdc (0x323f2423) mem 0x80015000 0x00000001
core   0: 0x80013ce0 (0xff9ff06f) j       pc - 0x8
core   0: 3 0x80013ce0 (0xff9ff06f)
core   0: 0x80013cd8 (0x00001f17) auipc   t5, 0x1
core   0: 3 0x80013cd8 (0x00001f17) x30 0x80014cd8
core   0: 0x80013cdc (0x323f2423) sw      gp, 808(t5)
core   0: 3 0x80013cdc (0x323f2423) mem 0x80015000 0x00000001
core   0: 0x80013ce0 (0xff9ff06f) j       pc - 0x8
core   0: 3 0x80013ce0 (0xff9ff06f)
core   0: 0x80013cd8 (0x00001f17) auipc   t5, 0x1
core   0: 3 0x80013cd8 (0x00001f17) x30 0x80014cd8
core   0: 0x80013cdc (0x323f2423) sw      gp, 808(t5)
core   0: 3 0x80013cdc (0x323f2423) mem 0x80015000 0x00000001
core   0: 0x80013ce0 (0xff9ff06f) j       pc - 0x8
core   0: 3 0x80013ce0 (0xff9ff06f)
core   0: 0x80013cd8 (0x00001f17) auipc   t5, 0x1
core   0: 3 0x80013cd8 (0x00001f17) x30 0x80014cd8
core   0: 0x80013cdc (0x323f2423) sw      gp, 808(t5)
core   0: 3 0x80013cdc (0x323f2423) mem 0x80015000 0x00000001
core   0: 0x80013ce0 (0xff9ff06f) j       pc - 0x8
core   0: 3 0x80013ce0 (0xff9ff06f)
core   0: 0x80013cd8 (0x00001f17) auipc   t5, 0x1
core   0: 3 0x80013cd8 (0x00001f17) x30 0x80014cd8
core   0: 0x80013cdc (0x323f2423) sw      gp, 808(t5)
core   0: 3 0x80013cdc (0x323f2423) mem 0x80015000 0x00000001
core   0: 0x80013ce0 (0xff9ff06f) j       pc - 0x8
core   0: 3 0x80013ce0 (0xff9ff06f)
core   0: 0x80013cd8 (0x00001f17) auipc   t5, 0x1
core   0: 3 0x80013cd8 (0x00001f17) x30 0x80014cd8
core   0: 0x80013cdc (0x323f2423) sw      gp, 808(t5)
core   0: 3 0x80013cdc (0x323f2423) mem 0x80015000 0x00000001
core   0: 0x80013ce0 (0xff9ff06f) j       pc - 0x8
core   0: 3 0x80013ce0 (0xff9ff06f)
core   0: 0x80013cd8 (0x00001f17) auipc   t5, 0x1
core   0: 3 0x80013cd8 (0x00001f17) x30 0x80014cd8
core   0: 0x80013cdc (0x323f2423) sw      gp, 808(t5)
core   0: 3 0x80013cdc (0x323f2423) mem 0x80015000 0x00000001
core   0: 0x80013ce0 (0xff9ff06f) j       pc - 0x8
core   0: 3 0x80013ce0 (0xff9ff06f)
core   0: 0x80013cd8 (0x00001f17) auipc   t5, 0x1
core   0: 3 0x80013cd8 (0x00001f17) x30 0x80014cd8
core   0: 0x80013cdc (0x323f2423) sw      gp, 808(t5)
core   0: 3 0x80013cdc (0x323f2423) mem 0x80015000 0x00000001
core   0: 0x80013ce0 (0xff9ff06f) j       pc - 0x8
core   0: 3 0x80013ce0 (0xff9ff06f)
core   0: 0x80013cd8 (0x00001f17) auipc   t5, 0x1
core   0: 3 0x80013cd8 (0x00001f17) x30 0x80014cd8
core   0: 0x80013cdc (0x323f2423) sw      gp, 808(t5)
core   0: 3 0x80013cdc (0x323f2423) mem 0x80015000 0x00000001
core   0: 0x80013ce0 (0xff9ff06f) j       pc - 0x8
core   0: 3 0x80013ce0 (0xff9ff06f)
core   0: 0x80013cd8 (0x00001f17) auipc   t5, 0x1
core   0: 3 0x80013cd8 (0x00001f17) x30 0x80014cd8
core   0: 0x80013cdc (0x323f2423) sw      gp, 808(t5)
core   0: 3 0x80013cdc (0x323f2423) mem 0x80015000 0x00000001
core   0: 0x80013ce0 (0xff9ff06f) j       pc - 0x8
core   0: 3 0x80013ce0 (0xff9ff06f)
core   0: 0x80013cd8 (0x00001f17) auipc   t5, 0x1
core   0: 3 0x80013cd8 (0x00001f17) x30 0x80014cd8
core   0: 0x80013cdc (0x323f2423) sw      gp, 808(t5)
core   0: 3 0x80013cdc (0x323f2423) mem 0x80015000 0x00000001
core   0: 0x80013ce0 (0xff9ff06f) j       pc - 0x8
core   0: 3 0x80013ce0 (0xff9ff06f)
core   0: 0x80013cd8 (0x00001f17) auipc   t5, 0x1
core   0: 3 0x80013cd8 (0x00001f17) x30 0x80014cd8
core   0: 0x80013cdc (0x323f2423) sw      gp, 808(t5)
core   0: 3 0x80013cdc (0x323f2423) mem 0x80015000 0x00000001
core   0: 0x80013ce0 (0xff9ff06f) j       pc - 0x8
core   0: 3 0x80013ce0 (0xff9ff06f)
core   0: 0x80013cd8 (0x00001f17) auipc   t5, 0x1
core   0: 3 0x80013cd8 (0x00001f17) x30 0x80014cd8
core   0: 0x80013cdc (0x323f2423) sw      gp, 808(t5)
core   0: 3 0x80013cdc (0x323f2423) mem 0x80015000 0x00000001
core   0: 0x80013ce0 (0xff9ff06f) j       pc - 0x8
core   0: 3 0x80013ce0 (0xff9ff06f)
core   0: 0x80013cd8 (0x00001f17) auipc   t5, 0x1
core   0: 3 0x80013cd8 (0x00001f17) x30 0x80014cd8
core   0: 0x80013cdc (0x323f2423) sw      gp, 808(t5)
core   0: 3 0x80013cdc (0x323f2423) mem 0x80015000 0x00000001
core   0: 0x80013ce0 (0xff9ff06f) j       pc - 0x8
core   0: 3 0x80013ce0 (0xff9ff06f)
core   0: 0x80013cd8 (0x00001f17) auipc   t5, 0x1
core   0: 3 0x80013cd8 (0x00001f17) x30 0x80014cd8
core   0: 0x80013cdc (0x323f2423) sw      gp, 808(t5)
core   0: 3 0x80013cdc (0x323f2423) mem 0x80015000 0x00000001
core   0: 0x80013ce0 (0xff9ff06f) j       pc - 0x8
core   0: 3 0x80013ce0 (0xff9ff06f)
core   0: 0x80013cd8 (0x00001f17) auipc   t5, 0x1
core   0: 3 0x80013cd8 (0x00001f17) x30 0x80014cd8
core   0: 0x80013cdc (0x323f2423) sw      gp, 808(t5)
core   0: 3 0x80013cdc (0x323f2423) mem 0x80015000 0x00000001
core   0: 0x80013ce0 (0xff9ff06f) j       pc - 0x8
core   0: 3 0x80013ce0 (0xff9ff06f)
core   0: 0x80013cd8 (0x00001f17) auipc   t5, 0x1
core   0: 3 0x80013cd8 (0x00001f17) x30 0x80014cd8
core   0: 0x80013cdc (0x323f2423) sw      gp, 808(t5)
core   0: 3 0x80013cdc (0x323f2423) mem 0x80015000 0x00000001
core   0: 0x80013ce0 (0xff9ff06f) j       pc - 0x8
core   0: 3 0x80013ce0 (0xff9ff06f)
core   0: 0x80013cd8 (0x00001f17) auipc   t5, 0x1
core   0: 3 0x80013cd8 (0x00001f17) x30 0x80014cd8
core   0: 0x80013cdc (0x323f2423) sw      gp, 808(t5)
core   0: 3 0x80013cdc (0x323f2423) mem 0x80015000 0x00000001
core   0: 0x80013ce0 (0xff9ff06f) j       pc - 0x8
core   0: 3 0x80013ce0 (0xff9ff06f)
core   0: 0x80013cd8 (0x00001f17) auipc   t5, 0x1
core   0: 3 0x80013cd8 (0x00001f17) x30 0x80014cd8
core   0: 0x80013cdc (0x323f2423) sw      gp, 808(t5)
core   0: 3 0x80013cdc (0x323f2423) mem 0x80015000 0x00000001
core   0: 0x80013ce0 (0xff9ff06f) j       pc - 0x8
core   0: 3 0x80013ce0 (0xff9ff06f)
core   0: 0x80013cd8 (0x00001f17) auipc   t5, 0x1
core   0: 3 0x80013cd8 (0x00001f17) x30 0x80014cd8
core   0: 0x80013cdc (0x323f2423) sw      gp, 808(t5)
core   0: 3 0x80013cdc (0x323f2423) mem 0x80015000 0x00000001
core   0: 0x80013ce0 (0xff9ff06f) j       pc - 0x8
core   0: 3 0x80013ce0 (0xff9ff06f)
core   0: 0x80013cd8 (0x00001f17) auipc   t5, 0x1
core   0: 3 0x80013cd8 (0x00001f17) x30 0x80014cd8
core   0: 0x80013cdc (0x323f2423) sw      gp, 808(t5)
core   0: 3 0x80013cdc (0x323f2423) mem 0x80015000 0x00000001
core   0: 0x80013ce0 (0xff9ff06f) j       pc - 0x8
core   0: 3 0x80013ce0 (0xff9ff06f)
core   0: 0x80013cd8 (0x00001f17) auipc   t5, 0x1
core   0: 3 0x80013cd8 (0x00001f17) x30 0x80014cd8
core   0: 0x80013cdc (0x323f2423) sw      gp, 808(t5)
core   0: 3 0x80013cdc (0x323f2423) mem 0x80015000 0x00000001
core   0: 0x80013ce0 (0xff9ff06f) j       pc - 0x8
core   0: 3 0x80013ce0 (0xff9ff06f)
core   0: 0x80013cd8 (0x00001f17) auipc   t5, 0x1
core   0: 3 0x80013cd8 (0x00001f17) x30 0x80014cd8
core   0: 0x80013cdc (0x323f2423) sw      gp, 808(t5)
core   0: 3 0x80013cdc (0x323f2423) mem 0x80015000 0x00000001
core   0: 0x80013ce0 (0xff9ff06f) j       pc - 0x8
core   0: 3 0x80013ce0 (0xff9ff06f)
core   0: 0x80013cd8 (0x00001f17) auipc   t5, 0x1
core   0: 3 0x80013cd8 (0x00001f17) x30 0x80014cd8
core   0: 0x80013cdc (0x323f2423) sw      gp, 808(t5)
core   0: 3 0x80013cdc (0x323f2423) mem 0x80015000 0x00000001
core   0: 0x80013ce0 (0xff9ff06f) j       pc - 0x8
core   0: 3 0x80013ce0 (0xff9ff06f)
core   0: 0x80013cd8 (0x00001f17) auipc   t5, 0x1
core   0: 3 0x80013cd8 (0x00001f17) x30 0x80014cd8
core   0: 0x80013cdc (0x323f2423) sw      gp, 808(t5)
core   0: 3 0x80013cdc (0x323f2423) mem 0x80015000 0x00000001
core   0: 0x80013ce0 (0xff9ff06f) j       pc - 0x8
core   0: 3 0x80013ce0 (0xff9ff06f)
core   0: 0x80013cd8 (0x00001f17) auipc   t5, 0x1
core   0: 3 0x80013cd8 (0x00001f17) x30 0x80014cd8
core   0: 0x80013cdc (0x323f2423) sw      gp, 808(t5)
core   0: 3 0x80013cdc (0x323f2423) mem 0x80015000 0x00000001
core   0: 0x80013ce0 (0xff9ff06f) j       pc - 0x8
core   0: 3 0x80013ce0 (0xff9ff06f)
core   0: 0x80013cd8 (0x00001f17) auipc   t5, 0x1
core   0: 3 0x80013cd8 (0x00001f17) x30 0x80014cd8
core   0: 0x80013cdc (0x323f2423) sw      gp, 808(t5)
core   0: 3 0x80013cdc (0x323f2423) mem 0x80015000 0x00000001
core   0: 0x80013ce0 (0xff9ff06f) j       pc - 0x8
core   0: 3 0x80013ce0 (0xff9ff06f)
core   0: 0x80013cd8 (0x00001f17) auipc   t5, 0x1
core   0: 3 0x80013cd8 (0x00001f17) x30 0x80014cd8
core   0: 0x80013cdc (0x323f2423) sw      gp, 808(t5)
core   0: 3 0x80013cdc (0x323f2423) mem 0x80015000 0x00000001
core   0: 0x80013ce0 (0xff9ff06f) j       pc - 0x8
core   0: 3 0x80013ce0 (0xff9ff06f)
core   0: 0x80013cd8 (0x00001f17) auipc   t5, 0x1
core   0: 3 0x80013cd8 (0x00001f17) x30 0x80014cd8
core   0: 0x80013cdc (0x323f2423) sw      gp, 808(t5)
core   0: 3 0x80013cdc (0x323f2423) mem 0x80015000 0x00000001
core   0: 0x80013ce0 (0xff9ff06f) j       pc - 0x8
core   0: 3 0x80013ce0 (0xff9ff06f)
core   0: 0x80013cd8 (0x00001f17) auipc   t5, 0x1
core   0: 3 0x80013cd8 (0x00001f17) x30 0x80014cd8
core   0: 0x80013cdc (0x323f2423) sw      gp, 808(t5)
core   0: 3 0x80013cdc (0x323f2423) mem 0x80015000 0x00000001
core   0: 0x80013ce0 (0xff9ff06f) j       pc - 0x8
core   0: 3 0x80013ce0 (0xff9ff06f)
core   0: 0x80013cd8 (0x00001f17) auipc   t5, 0x1
core   0: 3 0x80013cd8 (0x00001f17) x30 0x80014cd8
core   0: 0x80013cdc (0x323f2423) sw      gp, 808(t5)
core   0: 3 0x80013cdc (0x323f2423) mem 0x80015000 0x00000001
core   0: 0x80013ce0 (0xff9ff06f) j       pc - 0x8
core   0: 3 0x80013ce0 (0xff9ff06f)
core   0: 0x80013cd8 (0x00001f17) auipc   t5, 0x1
core   0: 3 0x80013cd8 (0x00001f17) x30 0x80014cd8
core   0: 0x80013cdc (0x323f2423) sw      gp, 808(t5)
core   0: 3 0x80013cdc (0x323f2423) mem 0x80015000 0x00000001
core   0: 0x80013ce0 (0xff9ff06f) j       pc - 0x8
core   0: 3 0x80013ce0 (0xff9ff06f)
core   0: 0x80013cd8 (0x00001f17) auipc   t5, 0x1
core   0: 3 0x80013cd8 (0x00001f17) x30 0x80014cd8
core   0: 0x80013cdc (0x323f2423) sw      gp, 808(t5)
core   0: 3 0x80013cdc (0x323f2423) mem 0x80015000 0x00000001
core   0: 0x80013ce0 (0xff9ff06f) j       pc - 0x8
core   0: 3 0x80013ce0 (0xff9ff06f)
core   0: 0x80013cd8 (0x00001f17) auipc   t5, 0x1
core   0: 3 0x80013cd8 (0x00001f17) x30 0x80014cd8
core   0: 0x80013cdc (0x323f2423) sw      gp, 808(t5)
core   0: 3 0x80013cdc (0x323f2423) mem 0x80015000 0x00000001
core   0: 0x80013ce0 (0xff9ff06f) j       pc - 0x8
core   0: 3 0x80013ce0 (0xff9ff06f)
core   0: 0x80013cd8 (0x00001f17) auipc   t5, 0x1
core   0: 3 0x80013cd8 (0x00001f17) x30 0x80014cd8
core   0: 0x80013cdc (0x323f2423) sw      gp, 808(t5)
core   0: 3 0x80013cdc (0x323f2423) mem 0x80015000 0x00000001
core   0: 0x80013ce0 (0xff9ff06f) j       pc - 0x8
core   0: 3 0x80013ce0 (0xff9ff06f)
core   0: 0x80013cd8 (0x00001f17) auipc   t5, 0x1
core   0: 3 0x80013cd8 (0x00001f17) x30 0x80014cd8
core   0: 0x80013cdc (0x323f2423) sw      gp, 808(t5)
core   0: 3 0x80013cdc (0x323f2423) mem 0x80015000 0x00000001
core   0: 0x80013ce0 (0xff9ff06f) j       pc - 0x8
core   0: 3 0x80013ce0 (0xff9ff06f)
core   0: 0x80013cd8 (0x00001f17) auipc   t5, 0x1
core   0: 3 0x80013cd8 (0x00001f17) x30 0x80014cd8
core   0: 0x80013cdc (0x323f2423) sw      gp, 808(t5)
core   0: 3 0x80013cdc (0x323f2423) mem 0x80015000 0x00000001
core   0: 0x80013ce0 (0xff9ff06f) j       pc - 0x8
core   0: 3 0x80013ce0 (0xff9ff06f)
core   0: 0x80013cd8 (0x00001f17) auipc   t5, 0x1
core   0: 3 0x80013cd8 (0x00001f17) x30 0x80014cd8
core   0: 0x80013cdc (0x323f2423) sw      gp, 808(t5)
core   0: 3 0x80013cdc (0x323f2423) mem 0x80015000 0x00000001
core   0: 0x80013ce0 (0xff9ff06f) j       pc - 0x8
core   0: 3 0x80013ce0 (0xff9ff06f)
core   0: 0x80013cd8 (0x00001f17) auipc   t5, 0x1
core   0: 3 0x80013cd8 (0x00001f17) x30 0x80014cd8
core   0: 0x80013cdc (0x323f2423) sw      gp, 808(t5)
core   0: 3 0x80013cdc (0x323f2423) mem 0x80015000 0x00000001
core   0: 0x80013ce0 (0xff9ff06f) j       pc - 0x8
core   0: 3 0x80013ce0 (0xff9ff06f)
core   0: 0x80013cd8 (0x00001f17) auipc   t5, 0x1
core   0: 3 0x80013cd8 (0x00001f17) x30 0x80014cd8
core   0: 0x80013cdc (0x323f2423) sw      gp, 808(t5)
core   0: 3 0x80013cdc (0x323f2423) mem 0x80015000 0x00000001
core   0: 0x80013ce0 (0xff9ff06f) j       pc - 0x8
core   0: 3 0x80013ce0 (0xff9ff06f)
core   0: 0x80013cd8 (0x00001f17) auipc   t5, 0x1
core   0: 3 0x80013cd8 (0x00001f17) x30 0x80014cd8
core   0: 0x80013cdc (0x323f2423) sw      gp, 808(t5)
core   0: 3 0x80013cdc (0x323f2423) mem 0x80015000 0x00000001
core   0: 0x80013ce0 (0xff9ff06f) j       pc - 0x8
core   0: 3 0x80013ce0 (0xff9ff06f)
core   0: 0x80013cd8 (0x00001f17) auipc   t5, 0x1
core   0: 3 0x80013cd8 (0x00001f17) x30 0x80014cd8
core   0: 0x80013cdc (0x323f2423) sw      gp, 808(t5)
core   0: 3 0x80013cdc (0x323f2423) mem 0x80015000 0x00000001
core   0: 0x80013ce0 (0xff9ff06f) j       pc - 0x8
core   0: 3 0x80013ce0 (0xff9ff06f)
core   0: 0x80013cd8 (0x00001f17) auipc   t5, 0x1
core   0: 3 0x80013cd8 (0x00001f17) x30 0x80014cd8
core   0: 0x80013cdc (0x323f2423) sw      gp, 808(t5)
core   0: 3 0x80013cdc (0x323f2423) mem 0x80015000 0x00000001
core   0: 0x80013ce0 (0xff9ff06f) j       pc - 0x8
core   0: 3 0x80013ce0 (0xff9ff06f)
core   0: 0x80013cd8 (0x00001f17) auipc   t5, 0x1
core   0: 3 0x80013cd8 (0x00001f17) x30 0x80014cd8
core   0: 0x80013cdc (0x323f2423) sw      gp, 808(t5)
core   0: 3 0x80013cdc (0x323f2423) mem 0x80015000 0x00000001
core   0: 0x80013ce0 (0xff9ff06f) j       pc - 0x8
core   0: 3 0x80013ce0 (0xff9ff06f)
core   0: 0x80013cd8 (0x00001f17) auipc   t5, 0x1
core   0: 3 0x80013cd8 (0x00001f17) x30 0x80014cd8
core   0: 0x80013cdc (0x323f2423) sw      gp, 808(t5)
core   0: 3 0x80013cdc (0x323f2423) mem 0x80015000 0x00000001
core   0: 0x80013ce0 (0xff9ff06f) j       pc - 0x8
core   0: 3 0x80013ce0 (0xff9ff06f)
core   0: 0x80013cd8 (0x00001f17) auipc   t5, 0x1
core   0: 3 0x80013cd8 (0x00001f17) x30 0x80014cd8
core   0: 0x80013cdc (0x323f2423) sw      gp, 808(t5)
core   0: 3 0x80013cdc (0x323f2423) mem 0x80015000 0x00000001
core   0: 0x80013ce0 (0xff9ff06f) j       pc - 0x8
core   0: 3 0x80013ce0 (0xff9ff06f)
core   0: 0x80013cd8 (0x00001f17) auipc   t5, 0x1
core   0: 3 0x80013cd8 (0x00001f17) x30 0x80014cd8
core   0: 0x80013cdc (0x323f2423) sw      gp, 808(t5)
core   0: 3 0x80013cdc (0x323f2423) mem 0x80015000 0x00000001
core   0: 0x80013ce0 (0xff9ff06f) j       pc - 0x8
core   0: 3 0x80013ce0 (0xff9ff06f)
core   0: 0x80013cd8 (0x00001f17) auipc   t5, 0x1
core   0: 3 0x80013cd8 (0x00001f17) x30 0x80014cd8
core   0: 0x80013cdc (0x323f2423) sw      gp, 808(t5)
core   0: 3 0x80013cdc (0x323f2423) mem 0x80015000 0x00000001
core   0: 0x80013ce0 (0xff9ff06f) j       pc - 0x8
core   0: 3 0x80013ce0 (0xff9ff06f)
core   0: 0x80013cd8 (0x00001f17) auipc   t5, 0x1
core   0: 3 0x80013cd8 (0x00001f17) x30 0x80014cd8
core   0: 0x80013cdc (0x323f2423) sw      gp, 808(t5)
core   0: 3 0x80013cdc (0x323f2423) mem 0x80015000 0x00000001
core   0: 0x80013ce0 (0xff9ff06f) j       pc - 0x8
core   0: 3 0x80013ce0 (0xff9ff06f)
core   0: 0x80013cd8 (0x00001f17) auipc   t5, 0x1
core   0: 3 0x80013cd8 (0x00001f17) x30 0x80014cd8
core   0: 0x80013cdc (0x323f2423) sw      gp, 808(t5)
core   0: 3 0x80013cdc (0x323f2423) mem 0x80015000 0x00000001
core   0: 0x80013ce0 (0xff9ff06f) j       pc - 0x8
core   0: 3 0x80013ce0 (0xff9ff06f)
core   0: 0x80013cd8 (0x00001f17) auipc   t5, 0x1
core   0: 3 0x80013cd8 (0x00001f17) x30 0x80014cd8
core   0: 0x80013cdc (0x323f2423) sw      gp, 808(t5)
core   0: 3 0x80013cdc (0x323f2423) mem 0x80015000 0x00000001
core   0: 0x80013ce0 (0xff9ff06f) j       pc - 0x8
core   0: 3 0x80013ce0 (0xff9ff06f)
core   0: 0x80013cd8 (0x00001f17) auipc   t5, 0x1
core   0: 3 0x80013cd8 (0x00001f17) x30 0x80014cd8
core   0: 0x80013cdc (0x323f2423) sw      gp, 808(t5)
core   0: 3 0x80013cdc (0x323f2423) mem 0x80015000 0x00000001
core   0: 0x80013ce0 (0xff9ff06f) j       pc - 0x8
core   0: 3 0x80013ce0 (0xff9ff06f)
core   0: 0x80013cd8 (0x00001f17) auipc   t5, 0x1
core   0: 3 0x80013cd8 (0x00001f17) x30 0x80014cd8
core   0: 0x80013cdc (0x323f2423) sw      gp, 808(t5)
core   0: 3 0x80013cdc (0x323f2423) mem 0x80015000 0x00000001
core   0: 0x80013ce0 (0xff9ff06f) j       pc - 0x8
core   0: 3 0x80013ce0 (0xff9ff06f)
core   0: 0x80013cd8 (0x00001f17) auipc   t5, 0x1
core   0: 3 0x80013cd8 (0x00001f17) x30 0x80014cd8
core   0: 0x80013cdc (0x323f2423) sw      gp, 808(t5)
core   0: 3 0x80013cdc (0x323f2423) mem 0x80015000 0x00000001
core   0: 0x80013ce0 (0xff9ff06f) j       pc - 0x8
core   0: 3 0x80013ce0 (0xff9ff06f)
core   0: 0x80013cd8 (0x00001f17) auipc   t5, 0x1
core   0: 3 0x80013cd8 (0x00001f17) x30 0x80014cd8
core   0: 0x80013cdc (0x323f2423) sw      gp, 808(t5)
core   0: 3 0x80013cdc (0x323f2423) mem 0x80015000 0x00000001
core   0: 0x80013ce0 (0xff9ff06f) j       pc - 0x8
core   0: 3 0x80013ce0 (0xff9ff06f)
core   0: 0x80013cd8 (0x00001f17) auipc   t5, 0x1
core   0: 3 0x80013cd8 (0x00001f17) x30 0x80014cd8
core   0: 0x80013cdc (0x323f2423) sw      gp, 808(t5)
core   0: 3 0x80013cdc (0x323f2423) mem 0x80015000 0x00000001
core   0: 0x80013ce0 (0xff9ff06f) j       pc - 0x8
core   0: 3 0x80013ce0 (0xff9ff06f)
core   0: 0x80013cd8 (0x00001f17) auipc   t5, 0x1
core   0: 3 0x80013cd8 (0x00001f17) x30 0x80014cd8
core   0: 0x80013cdc (0x323f2423) sw      gp, 808(t5)
core   0: 3 0x80013cdc (0x323f2423) mem 0x80015000 0x00000001
core   0: 0x80013ce0 (0xff9ff06f) j       pc - 0x8
core   0: 3 0x80013ce0 (0xff9ff06f)
core   0: 0x80013cd8 (0x00001f17) auipc   t5, 0x1
core   0: 3 0x80013cd8 (0x00001f17) x30 0x80014cd8
core   0: 0x80013cdc (0x323f2423) sw      gp, 808(t5)
core   0: 3 0x80013cdc (0x323f2423) mem 0x80015000 0x00000001
core   0: 0x80013ce0 (0xff9ff06f) j       pc - 0x8
core   0: 3 0x80013ce0 (0xff9ff06f)
core   0: 0x80013cd8 (0x00001f17) auipc   t5, 0x1
core   0: 3 0x80013cd8 (0x00001f17) x30 0x80014cd8
core   0: 0x80013cdc (0x323f2423) sw      gp, 808(t5)
core   0: 3 0x80013cdc (0x323f2423) mem 0x80015000 0x00000001
core   0: 0x80013ce0 (0xff9ff06f) j       pc - 0x8
core   0: 3 0x80013ce0 (0xff9ff06f)
core   0: 0x80013cd8 (0x00001f17) auipc   t5, 0x1
core   0: 3 0x80013cd8 (0x00001f17) x30 0x80014cd8
core   0: 0x80013cdc (0x323f2423) sw      gp, 808(t5)
core   0: 3 0x80013cdc (0x323f2423) mem 0x80015000 0x00000001
core   0: 0x80013ce0 (0xff9ff06f) j       pc - 0x8
core   0: 3 0x80013ce0 (0xff9ff06f)
core   0: 0x80013cd8 (0x00001f17) auipc   t5, 0x1
core   0: 3 0x80013cd8 (0x00001f17) x30 0x80014cd8
core   0: 0x80013cdc (0x323f2423) sw      gp, 808(t5)
core   0: 3 0x80013cdc (0x323f2423) mem 0x80015000 0x00000001
core   0: 0x80013ce0 (0xff9ff06f) j       pc - 0x8
core   0: 3 0x80013ce0 (0xff9ff06f)
core   0: 0x80013cd8 (0x00001f17) auipc   t5, 0x1
core   0: 3 0x80013cd8 (0x00001f17) x30 0x80014cd8
core   0: 0x80013cdc (0x323f2423) sw      gp, 808(t5)
core   0: 3 0x80013cdc (0x323f2423) mem 0x80015000 0x00000001
core   0: 0x80013ce0 (0xff9ff06f) j       pc - 0x8
core   0: 3 0x80013ce0 (0xff9ff06f)
core   0: 0x80013cd8 (0x00001f17) auipc   t5, 0x1
core   0: 3 0x80013cd8 (0x00001f17) x30 0x80014cd8
core   0: 0x80013cdc (0x323f2423) sw      gp, 808(t5)
core   0: 3 0x80013cdc (0x323f2423) mem 0x80015000 0x00000001
core   0: 0x80013ce0 (0xff9ff06f) j       pc - 0x8
core   0: 3 0x80013ce0 (0xff9ff06f)
core   0: 0x80013cd8 (0x00001f17) auipc   t5, 0x1
core   0: 3 0x80013cd8 (0x00001f17) x30 0x80014cd8
core   0: 0x80013cdc (0x323f2423) sw      gp, 808(t5)
core   0: 3 0x80013cdc (0x323f2423) mem 0x80015000 0x00000001
core   0: 0x80013ce0 (0xff9ff06f) j       pc - 0x8
core   0: 3 0x80013ce0 (0xff9ff06f)
core   0: 0x80013cd8 (0x00001f17) auipc   t5, 0x1
core   0: 3 0x80013cd8 (0x00001f17) x30 0x80014cd8
core   0: 0x80013cdc (0x323f2423) sw      gp, 808(t5)
core   0: 3 0x80013cdc (0x323f2423) mem 0x80015000 0x00000001
core   0: 0x80013ce0 (0xff9ff06f) j       pc - 0x8
core   0: 3 0x80013ce0 (0xff9ff06f)
core   0: 0x80013cd8 (0x00001f17) auipc   t5, 0x1
core   0: 3 0x80013cd8 (0x00001f17) x30 0x80014cd8
core   0: 0x80013cdc (0x323f2423) sw      gp, 808(t5)
core   0: 3 0x80013cdc (0x323f2423) mem 0x80015000 0x00000001
core   0: 0x80013ce0 (0xff9ff06f) j       pc - 0x8
core   0: 3 0x80013ce0 (0xff9ff06f)
core   0: 0x80013cd8 (0x00001f17) auipc   t5, 0x1
core   0: 3 0x80013cd8 (0x00001f17) x30 0x80014cd8
core   0: 0x80013cdc (0x323f2423) sw      gp, 808(t5)
core   0: 3 0x80013cdc (0x323f2423) mem 0x80015000 0x00000001
core   0: 0x80013ce0 (0xff9ff06f) j       pc - 0x8
core   0: 3 0x80013ce0 (0xff9ff06f)
core   0: 0x80013cd8 (0x00001f17) auipc   t5, 0x1
core   0: 3 0x80013cd8 (0x00001f17) x30 0x80014cd8
core   0: 0x80013cdc (0x323f2423) sw      gp, 808(t5)
core   0: 3 0x80013cdc (0x323f2423) mem 0x80015000 0x00000001
core   0: 0x80013ce0 (0xff9ff06f) j       pc - 0x8
core   0: 3 0x80013ce0 (0xff9ff06f)
core   0: 0x80013cd8 (0x00001f17) auipc   t5, 0x1
core   0: 3 0x80013cd8 (0x00001f17) x30 0x80014cd8
core   0: 0x80013cdc (0x323f2423) sw      gp, 808(t5)
core   0: 3 0x80013cdc (0x323f2423) mem 0x80015000 0x00000001
core   0: 0x80013ce0 (0xff9ff06f) j       pc - 0x8
core   0: 3 0x80013ce0 (0xff9ff06f)
core   0: 0x80013cd8 (0x00001f17) auipc   t5, 0x1
core   0: 3 0x80013cd8 (0x00001f17) x30 0x80014cd8
core   0: 0x80013cdc (0x323f2423) sw      gp, 808(t5)
core   0: 3 0x80013cdc (0x323f2423) mem 0x80015000 0x00000001
core   0: 0x80013ce0 (0xff9ff06f) j       pc - 0x8
core   0: 3 0x80013ce0 (0xff9ff06f)
core   0: 0x80013cd8 (0x00001f17) auipc   t5, 0x1
core   0: 3 0x80013cd8 (0x00001f17) x30 0x80014cd8
core   0: 0x80013cdc (0x323f2423) sw      gp, 808(t5)
core   0: 3 0x80013cdc (0x323f2423) mem 0x80015000 0x00000001
core   0: 0x80013ce0 (0xff9ff06f) j       pc - 0x8
core   0: 3 0x80013ce0 (0xff9ff06f)
core   0: 0x80013cd8 (0x00001f17) auipc   t5, 0x1
core   0: 3 0x80013cd8 (0x00001f17) x30 0x80014cd8
core   0: 0x80013cdc (0x323f2423) sw      gp, 808(t5)
core   0: 3 0x80013cdc (0x323f2423) mem 0x80015000 0x00000001
core   0: 0x80013ce0 (0xff9ff06f) j       pc - 0x8
core   0: 3 0x80013ce0 (0xff9ff06f)
core   0: 0x80013cd8 (0x00001f17) auipc   t5, 0x1
core   0: 3 0x80013cd8 (0x00001f17) x30 0x80014cd8
core   0: 0x80013cdc (0x323f2423) sw      gp, 808(t5)
core   0: 3 0x80013cdc (0x323f2423) mem 0x80015000 0x00000001
core   0: 0x80013ce0 (0xff9ff06f) j       pc - 0x8
core   0: 3 0x80013ce0 (0xff9ff06f)
core   0: 0x80013cd8 (0x00001f17) auipc   t5, 0x1
core   0: 3 0x80013cd8 (0x00001f17) x30 0x80014cd8
core   0: 0x80013cdc (0x323f2423) sw      gp, 808(t5)
core   0: 3 0x80013cdc (0x323f2423) mem 0x80015000 0x00000001
core   0: 0x80013ce0 (0xff9ff06f) j       pc - 0x8
core   0: 3 0x80013ce0 (0xff9ff06f)
core   0: 0x80013cd8 (0x00001f17) auipc   t5, 0x1
core   0: 3 0x80013cd8 (0x00001f17) x30 0x80014cd8
core   0: 0x80013cdc (0x323f2423) sw      gp, 808(t5)
core   0: 3 0x80013cdc (0x323f2423) mem 0x80015000 0x00000001
core   0: 0x80013ce0 (0xff9ff06f) j       pc - 0x8
core   0: 3 0x80013ce0 (0xff9ff06f)
core   0: 0x80013cd8 (0x00001f17) auipc   t5, 0x1
core   0: 3 0x80013cd8 (0x00001f17) x30 0x80014cd8
core   0: 0x80013cdc (0x323f2423) sw      gp, 808(t5)
core   0: 3 0x80013cdc (0x323f2423) mem 0x80015000 0x00000001
core   0: 0x80013ce0 (0xff9ff06f) j       pc - 0x8
core   0: 3 0x80013ce0 (0xff9ff06f)
core   0: 0x80013cd8 (0x00001f17) auipc   t5, 0x1
core   0: 3 0x80013cd8 (0x00001f17) x30 0x80014cd8
core   0: 0x80013cdc (0x323f2423) sw      gp, 808(t5)
core   0: 3 0x80013cdc (0x323f2423) mem 0x80015000 0x00000001
core   0: 0x80013ce0 (0xff9ff06f) j       pc - 0x8
core   0: 3 0x80013ce0 (0xff9ff06f)
core   0: 0x80013cd8 (0x00001f17) auipc   t5, 0x1
core   0: 3 0x80013cd8 (0x00001f17) x30 0x80014cd8
core   0: 0x80013cdc (0x323f2423) sw      gp, 808(t5)
core   0: 3 0x80013cdc (0x323f2423) mem 0x80015000 0x00000001
core   0: 0x80013ce0 (0xff9ff06f) j       pc - 0x8
core   0: 3 0x80013ce0 (0xff9ff06f)
core   0: 0x80013cd8 (0x00001f17) auipc   t5, 0x1
core   0: 3 0x80013cd8 (0x00001f17) x30 0x80014cd8
core   0: 0x80013cdc (0x323f2423) sw      gp, 808(t5)
core   0: 3 0x80013cdc (0x323f2423) mem 0x80015000 0x00000001
core   0: 0x80013ce0 (0xff9ff06f) j       pc - 0x8
core   0: 3 0x80013ce0 (0xff9ff06f)
core   0: 0x80013cd8 (0x00001f17) auipc   t5, 0x1
core   0: 3 0x80013cd8 (0x00001f17) x30 0x80014cd8
core   0: 0x80013cdc (0x323f2423) sw      gp, 808(t5)
core   0: 3 0x80013cdc (0x323f2423) mem 0x80015000 0x00000001
core   0: 0x80013ce0 (0xff9ff06f) j       pc - 0x8
core   0: 3 0x80013ce0 (0xff9ff06f)
core   0: 0x80013cd8 (0x00001f17) auipc   t5, 0x1
core   0: 3 0x80013cd8 (0x00001f17) x30 0x80014cd8
core   0: 0x80013cdc (0x323f2423) sw      gp, 808(t5)
core   0: 3 0x80013cdc (0x323f2423) mem 0x80015000 0x00000001
core   0: 0x80013ce0 (0xff9ff06f) j       pc - 0x8
core   0: 3 0x80013ce0 (0xff9ff06f)
core   0: 0x80013cd8 (0x00001f17) auipc   t5, 0x1
core   0: 3 0x80013cd8 (0x00001f17) x30 0x80014cd8
core   0: 0x80013cdc (0x323f2423) sw      gp, 808(t5)
core   0: 3 0x80013cdc (0x323f2423) mem 0x80015000 0x00000001
core   0: 0x80013ce0 (0xff9ff06f) j       pc - 0x8
core   0: 3 0x80013ce0 (0xff9ff06f)
core   0: 0x80013cd8 (0x00001f17) auipc   t5, 0x1
core   0: 3 0x80013cd8 (0x00001f17) x30 0x80014cd8
core   0: 0x80013cdc (0x323f2423) sw      gp, 808(t5)
core   0: 3 0x80013cdc (0x323f2423) mem 0x80015000 0x00000001
core   0: 0x80013ce0 (0xff9ff06f) j       pc - 0x8
core   0: 3 0x80013ce0 (0xff9ff06f)
core   0: 0x80013cd8 (0x00001f17) auipc   t5, 0x1
core   0: 3 0x80013cd8 (0x00001f17) x30 0x80014cd8
core   0: 0x80013cdc (0x323f2423) sw      gp, 808(t5)
core   0: 3 0x80013cdc (0x323f2423) mem 0x80015000 0x00000001
core   0: 0x80013ce0 (0xff9ff06f) j       pc - 0x8
core   0: 3 0x80013ce0 (0xff9ff06f)
core   0: 0x80013cd8 (0x00001f17) auipc   t5, 0x1
core   0: 3 0x80013cd8 (0x00001f17) x30 0x80014cd8
core   0: 0x80013cdc (0x323f2423) sw      gp, 808(t5)
core   0: 3 0x80013cdc (0x323f2423) mem 0x80015000 0x00000001
core   0: 0x80013ce0 (0xff9ff06f) j       pc - 0x8
core   0: 3 0x80013ce0 (0xff9ff06f)
core   0: 0x80013cd8 (0x00001f17) auipc   t5, 0x1
core   0: 3 0x80013cd8 (0x00001f17) x30 0x80014cd8
core   0: 0x80013cdc (0x323f2423) sw      gp, 808(t5)
core   0: 3 0x80013cdc (0x323f2423) mem 0x80015000 0x00000001
core   0: 0x80013ce0 (0xff9ff06f) j       pc - 0x8
core   0: 3 0x80013ce0 (0xff9ff06f)
core   0: 0x80013cd8 (0x00001f17) auipc   t5, 0x1
core   0: 3 0x80013cd8 (0x00001f17) x30 0x80014cd8
core   0: 0x80013cdc (0x323f2423) sw      gp, 808(t5)
core   0: 3 0x80013cdc (0x323f2423) mem 0x80015000 0x00000001
core   0: 0x80013ce0 (0xff9ff06f) j       pc - 0x8
core   0: 3 0x80013ce0 (0xff9ff06f)
core   0: 0x80013cd8 (0x00001f17) auipc   t5, 0x1
core   0: 3 0x80013cd8 (0x00001f17) x30 0x80014cd8
core   0: 0x80013cdc (0x323f2423) sw      gp, 808(t5)
core   0: 3 0x80013cdc (0x323f2423) mem 0x80015000 0x00000001
core   0: 0x80013ce0 (0xff9ff06f) j       pc - 0x8
core   0: 3 0x80013ce0 (0xff9ff06f)
core   0: 0x80013cd8 (0x00001f17) auipc   t5, 0x1
core   0: 3 0x80013cd8 (0x00001f17) x30 0x80014cd8
core   0: 0x80013cdc (0x323f2423) sw      gp, 808(t5)
core   0: 3 0x80013cdc (0x323f2423) mem 0x80015000 0x00000001
core   0: 0x80013ce0 (0xff9ff06f) j       pc - 0x8
core   0: 3 0x80013ce0 (0xff9ff06f)
core   0: 0x80013cd8 (0x00001f17) auipc   t5, 0x1
core   0: 3 0x80013cd8 (0x00001f17) x30 0x80014cd8
core   0: 0x80013cdc (0x323f2423) sw      gp, 808(t5)
core   0: 3 0x80013cdc (0x323f2423) mem 0x80015000 0x00000001
core   0: 0x80013ce0 (0xff9ff06f) j       pc - 0x8
core   0: 3 0x80013ce0 (0xff9ff06f)
core   0: 0x80013cd8 (0x00001f17) auipc   t5, 0x1
core   0: 3 0x80013cd8 (0x00001f17) x30 0x80014cd8
core   0: 0x80013cdc (0x323f2423) sw      gp, 808(t5)
core   0: 3 0x80013cdc (0x323f2423) mem 0x80015000 0x00000001
core   0: 0x80013ce0 (0xff9ff06f) j       pc - 0x8
core   0: 3 0x80013ce0 (0xff9ff06f)
core   0: 0x80013cd8 (0x00001f17) auipc   t5, 0x1
core   0: 3 0x80013cd8 (0x00001f17) x30 0x80014cd8
core   0: 0x80013cdc (0x323f2423) sw      gp, 808(t5)
core   0: 3 0x80013cdc (0x323f2423) mem 0x80015000 0x00000001
core   0: 0x80013ce0 (0xff9ff06f) j       pc - 0x8
core   0: 3 0x80013ce0 (0xff9ff06f)
core   0: 0x80013cd8 (0x00001f17) auipc   t5, 0x1
core   0: 3 0x80013cd8 (0x00001f17) x30 0x80014cd8
core   0: 0x80013cdc (0x323f2423) sw      gp, 808(t5)
core   0: 3 0x80013cdc (0x323f2423) mem 0x80015000 0x00000001
core   0: 0x80013ce0 (0xff9ff06f) j       pc - 0x8
core   0: 3 0x80013ce0 (0xff9ff06f)
core   0: 0x80013cd8 (0x00001f17) auipc   t5, 0x1
core   0: 3 0x80013cd8 (0x00001f17) x30 0x80014cd8
core   0: 0x80013cdc (0x323f2423) sw      gp, 808(t5)
core   0: 3 0x80013cdc (0x323f2423) mem 0x80015000 0x00000001
core   0: 0x80013ce0 (0xff9ff06f) j       pc - 0x8
core   0: 3 0x80013ce0 (0xff9ff06f)
core   0: 0x80013cd8 (0x00001f17) auipc   t5, 0x1
core   0: 3 0x80013cd8 (0x00001f17) x30 0x80014cd8
core   0: 0x80013cdc (0x323f2423) sw      gp, 808(t5)
core   0: 3 0x80013cdc (0x323f2423) mem 0x80015000 0x00000001
core   0: 0x80013ce0 (0xff9ff06f) j       pc - 0x8
core   0: 3 0x80013ce0 (0xff9ff06f)
core   0: 0x80013cd8 (0x00001f17) auipc   t5, 0x1
core   0: 3 0x80013cd8 (0x00001f17) x30 0x80014cd8
core   0: 0x80013cdc (0x323f2423) sw      gp, 808(t5)
core   0: 3 0x80013cdc (0x323f2423) mem 0x80015000 0x00000001
core   0: 0x80013ce0 (0xff9ff06f) j       pc - 0x8
core   0: 3 0x80013ce0 (0xff9ff06f)
core   0: 0x80013cd8 (0x00001f17) auipc   t5, 0x1
core   0: 3 0x80013cd8 (0x00001f17) x30 0x80014cd8
core   0: 0x80013cdc (0x323f2423) sw      gp, 808(t5)
core   0: 3 0x80013cdc (0x323f2423) mem 0x80015000 0x00000001
core   0: 0x80013ce0 (0xff9ff06f) j       pc - 0x8
core   0: 3 0x80013ce0 (0xff9ff06f)
core   0: 0x80013cd8 (0x00001f17) auipc   t5, 0x1
core   0: 3 0x80013cd8 (0x00001f17) x30 0x80014cd8
core   0: 0x80013cdc (0x323f2423) sw      gp, 808(t5)
core   0: 3 0x80013cdc (0x323f2423) mem 0x80015000 0x00000001
core   0: 0x80013ce0 (0xff9ff06f) j       pc - 0x8
core   0: 3 0x80013ce0 (0xff9ff06f)
core   0: 0x80013cd8 (0x00001f17) auipc   t5, 0x1
core   0: 3 0x80013cd8 (0x00001f17) x30 0x80014cd8
core   0: 0x80013cdc (0x323f2423) sw      gp, 808(t5)
core   0: 3 0x80013cdc (0x323f2423) mem 0x80015000 0x00000001
core   0: 0x80013ce0 (0xff9ff06f) j       pc - 0x8
core   0: 3 0x80013ce0 (0xff9ff06f)
core   0: 0x80013cd8 (0x00001f17) auipc   t5, 0x1
core   0: 3 0x80013cd8 (0x00001f17) x30 0x80014cd8
core   0: 0x80013cdc (0x323f2423) sw      gp, 808(t5)
core   0: 3 0x80013cdc (0x323f2423) mem 0x80015000 0x00000001
core   0: 0x80013ce0 (0xff9ff06f) j       pc - 0x8
core   0: 3 0x80013ce0 (0xff9ff06f)
core   0: 0x80013cd8 (0x00001f17) auipc   t5, 0x1
core   0: 3 0x80013cd8 (0x00001f17) x30 0x80014cd8
core   0: 0x80013cdc (0x323f2423) sw      gp, 808(t5)
core   0: 3 0x80013cdc (0x323f2423) mem 0x80015000 0x00000001
core   0: 0x80013ce0 (0xff9ff06f) j       pc - 0x8
core   0: 3 0x80013ce0 (0xff9ff06f)
core   0: 0x80013cd8 (0x00001f17) auipc   t5, 0x1
core   0: 3 0x80013cd8 (0x00001f17) x30 0x80014cd8
core   0: 0x80013cdc (0x323f2423) sw      gp, 808(t5)
core   0: 3 0x80013cdc (0x323f2423) mem 0x80015000 0x00000001
core   0: 0x80013ce0 (0xff9ff06f) j       pc - 0x8
core   0: 3 0x80013ce0 (0xff9ff06f)
core   0: 0x80013cd8 (0x00001f17) auipc   t5, 0x1
core   0: 3 0x80013cd8 (0x00001f17) x30 0x80014cd8
core   0: 0x80013cdc (0x323f2423) sw      gp, 808(t5)
core   0: 3 0x80013cdc (0x323f2423) mem 0x80015000 0x00000001
core   0: 0x80013ce0 (0xff9ff06f) j       pc - 0x8
core   0: 3 0x80013ce0 (0xff9ff06f)
core   0: 0x80013cd8 (0x00001f17) auipc   t5, 0x1
core   0: 3 0x80013cd8 (0x00001f17) x30 0x80014cd8
core   0: 0x80013cdc (0x323f2423) sw      gp, 808(t5)
core   0: 3 0x80013cdc (0x323f2423) mem 0x80015000 0x00000001
core   0: 0x80013ce0 (0xff9ff06f) j       pc - 0x8
core   0: 3 0x80013ce0 (0xff9ff06f)
core   0: 0x80013cd8 (0x00001f17) auipc   t5, 0x1
core   0: 3 0x80013cd8 (0x00001f17) x30 0x80014cd8
core   0: 0x80013cdc (0x323f2423) sw      gp, 808(t5)
core   0: 3 0x80013cdc (0x323f2423) mem 0x80015000 0x00000001
core   0: 0x80013ce0 (0xff9ff06f) j       pc - 0x8
core   0: 3 0x80013ce0 (0xff9ff06f)
core   0: 0x80013cd8 (0x00001f17) auipc   t5, 0x1
core   0: 3 0x80013cd8 (0x00001f17) x30 0x80014cd8
core   0: 0x80013cdc (0x323f2423) sw      gp, 808(t5)
core   0: 3 0x80013cdc (0x323f2423) mem 0x80015000 0x00000001
core   0: 0x80013ce0 (0xff9ff06f) j       pc - 0x8
core   0: 3 0x80013ce0 (0xff9ff06f)
core   0: 0x80013cd8 (0x00001f17) auipc   t5, 0x1
core   0: 3 0x80013cd8 (0x00001f17) x30 0x80014cd8
core   0: 0x80013cdc (0x323f2423) sw      gp, 808(t5)
core   0: 3 0x80013cdc (0x323f2423) mem 0x80015000 0x00000001
core   0: 0x80013ce0 (0xff9ff06f) j       pc - 0x8
core   0: 3 0x80013ce0 (0xff9ff06f)
core   0: 0x80013cd8 (0x00001f17) auipc   t5, 0x1
core   0: 3 0x80013cd8 (0x00001f17) x30 0x80014cd8
core   0: 0x80013cdc (0x323f2423) sw      gp, 808(t5)
core   0: 3 0x80013cdc (0x323f2423) mem 0x80015000 0x00000001
core   0: 0x80013ce0 (0xff9ff06f) j       pc - 0x8
core   0: 3 0x80013ce0 (0xff9ff06f)
core   0: 0x80013cd8 (0x00001f17) auipc   t5, 0x1
core   0: 3 0x80013cd8 (0x00001f17) x30 0x80014cd8
core   0: 0x80013cdc (0x323f2423) sw      gp, 808(t5)
core   0: 3 0x80013cdc (0x323f2423) mem 0x80015000 0x00000001
core   0: 0x80013ce0 (0xff9ff06f) j       pc - 0x8
core   0: 3 0x80013ce0 (0xff9ff06f)
core   0: 0x80013cd8 (0x00001f17) auipc   t5, 0x1
core   0: 3 0x80013cd8 (0x00001f17) x30 0x80014cd8
core   0: 0x80013cdc (0x323f2423) sw      gp, 808(t5)
core   0: 3 0x80013cdc (0x323f2423) mem 0x80015000 0x00000001
core   0: 0x80013ce0 (0xff9ff06f) j       pc - 0x8
core   0: 3 0x80013ce0 (0xff9ff06f)
core   0: 0x80013cd8 (0x00001f17) auipc   t5, 0x1
core   0: 3 0x80013cd8 (0x00001f17) x30 0x80014cd8
core   0: 0x80013cdc (0x323f2423) sw      gp, 808(t5)
core   0: 3 0x80013cdc (0x323f2423) mem 0x80015000 0x00000001
core   0: 0x80013ce0 (0xff9ff06f) j       pc - 0x8
core   0: 3 0x80013ce0 (0xff9ff06f)
core   0: 0x80013cd8 (0x00001f17) auipc   t5, 0x1
core   0: 3 0x80013cd8 (0x00001f17) x30 0x80014cd8
core   0: 0x80013cdc (0x323f2423) sw      gp, 808(t5)
core   0: 3 0x80013cdc (0x323f2423) mem 0x80015000 0x00000001
core   0: 0x80013ce0 (0xff9ff06f) j       pc - 0x8
core   0: 3 0x80013ce0 (0xff9ff06f)
core   0: 0x80013cd8 (0x00001f17) auipc   t5, 0x1
core   0: 3 0x80013cd8 (0x00001f17) x30 0x80014cd8
core   0: 0x80013cdc (0x323f2423) sw      gp, 808(t5)
core   0: 3 0x80013cdc (0x323f2423) mem 0x80015000 0x00000001
core   0: 0x80013ce0 (0xff9ff06f) j       pc - 0x8
core   0: 3 0x80013ce0 (0xff9ff06f)
core   0: 0x80013cd8 (0x00001f17) auipc   t5, 0x1
core   0: 3 0x80013cd8 (0x00001f17) x30 0x80014cd8
core   0: 0x80013cdc (0x323f2423) sw      gp, 808(t5)
core   0: 3 0x80013cdc (0x323f2423) mem 0x80015000 0x00000001
core   0: 0x80013ce0 (0xff9ff06f) j       pc - 0x8
core   0: 3 0x80013ce0 (0xff9ff06f)
core   0: 0x80013cd8 (0x00001f17) auipc   t5, 0x1
core   0: 3 0x80013cd8 (0x00001f17) x30 0x80014cd8
core   0: 0x80013cdc (0x323f2423) sw      gp, 808(t5)
core   0: 3 0x80013cdc (0x323f2423) mem 0x80015000 0x00000001
core   0: 0x80013ce0 (0xff9ff06f) j       pc - 0x8
core   0: 3 0x80013ce0 (0xff9ff06f)
core   0: 0x80013cd8 (0x00001f17) auipc   t5, 0x1
core   0: 3 0x80013cd8 (0x00001f17) x30 0x80014cd8
core   0: 0x80013cdc (0x323f2423) sw      gp, 808(t5)
core   0: 3 0x80013cdc (0x323f2423) mem 0x80015000 0x00000001
core   0: 0x80013ce0 (0xff9ff06f) j       pc - 0x8
core   0: 3 0x80013ce0 (0xff9ff06f)
core   0: 0x80013cd8 (0x00001f17) auipc   t5, 0x1
core   0: 3 0x80013cd8 (0x00001f17) x30 0x80014cd8
core   0: 0x80013cdc (0x323f2423) sw      gp, 808(t5)
core   0: 3 0x80013cdc (0x323f2423) mem 0x80015000 0x00000001
core   0: 0x80013ce0 (0xff9ff06f) j       pc - 0x8
core   0: 3 0x80013ce0 (0xff9ff06f)
core   0: 0x80013cd8 (0x00001f17) auipc   t5, 0x1
core   0: 3 0x80013cd8 (0x00001f17) x30 0x80014cd8
core   0: 0x80013cdc (0x323f2423) sw      gp, 808(t5)
core   0: 3 0x80013cdc (0x323f2423) mem 0x80015000 0x00000001
core   0: 0x80013ce0 (0xff9ff06f) j       pc - 0x8
core   0: 3 0x80013ce0 (0xff9ff06f)
core   0: 0x80013cd8 (0x00001f17) auipc   t5, 0x1
core   0: 3 0x80013cd8 (0x00001f17) x30 0x80014cd8
core   0: 0x80013cdc (0x323f2423) sw      gp, 808(t5)
core   0: 3 0x80013cdc (0x323f2423) mem 0x80015000 0x00000001
core   0: 0x80013ce0 (0xff9ff06f) j       pc - 0x8
core   0: 3 0x80013ce0 (0xff9ff06f)
core   0: 0x80013cd8 (0x00001f17) auipc   t5, 0x1
core   0: 3 0x80013cd8 (0x00001f17) x30 0x80014cd8
core   0: 0x80013cdc (0x323f2423) sw      gp, 808(t5)
core   0: 3 0x80013cdc (0x323f2423) mem 0x80015000 0x00000001
core   0: 0x80013ce0 (0xff9ff06f) j       pc - 0x8
core   0: 3 0x80013ce0 (0xff9ff06f)
core   0: 0x80013cd8 (0x00001f17) auipc   t5, 0x1
core   0: 3 0x80013cd8 (0x00001f17) x30 0x80014cd8
core   0: 0x80013cdc (0x323f2423) sw      gp, 808(t5)
core   0: 3 0x80013cdc (0x323f2423) mem 0x80015000 0x00000001
core   0: 0x80013ce0 (0xff9ff06f) j       pc - 0x8
core   0: 3 0x80013ce0 (0xff9ff06f)
core   0: 0x80013cd8 (0x00001f17) auipc   t5, 0x1
core   0: 3 0x80013cd8 (0x00001f17) x30 0x80014cd8
core   0: 0x80013cdc (0x323f2423) sw      gp, 808(t5)
core   0: 3 0x80013cdc (0x323f2423) mem 0x80015000 0x00000001
core   0: 0x80013ce0 (0xff9ff06f) j       pc - 0x8
core   0: 3 0x80013ce0 (0xff9ff06f)
core   0: 0x80013cd8 (0x00001f17) auipc   t5, 0x1
core   0: 3 0x80013cd8 (0x00001f17) x30 0x80014cd8
core   0: 0x80013cdc (0x323f2423) sw      gp, 808(t5)
core   0: 3 0x80013cdc (0x323f2423) mem 0x80015000 0x00000001
core   0: 0x80013ce0 (0xff9ff06f) j       pc - 0x8
core   0: 3 0x80013ce0 (0xff9ff06f)
core   0: 0x80013cd8 (0x00001f17) auipc   t5, 0x1
core   0: 3 0x80013cd8 (0x00001f17) x30 0x80014cd8
core   0: 0x80013cdc (0x323f2423) sw      gp, 808(t5)
core   0: 3 0x80013cdc (0x323f2423) mem 0x80015000 0x00000001
core   0: 0x80013ce0 (0xff9ff06f) j       pc - 0x8
core   0: 3 0x80013ce0 (0xff9ff06f)
core   0: 0x80013cd8 (0x00001f17) auipc   t5, 0x1
core   0: 3 0x80013cd8 (0x00001f17) x30 0x80014cd8
core   0: 0x80013cdc (0x323f2423) sw      gp, 808(t5)
core   0: 3 0x80013cdc (0x323f2423) mem 0x80015000 0x00000001
core   0: 0x80013ce0 (0xff9ff06f) j       pc - 0x8
core   0: 3 0x80013ce0 (0xff9ff06f)
core   0: 0x80013cd8 (0x00001f17) auipc   t5, 0x1
core   0: 3 0x80013cd8 (0x00001f17) x30 0x80014cd8
core   0: 0x80013cdc (0x323f2423) sw      gp, 808(t5)
core   0: 3 0x80013cdc (0x323f2423) mem 0x80015000 0x00000001
core   0: 0x80013ce0 (0xff9ff06f) j       pc - 0x8
core   0: 3 0x80013ce0 (0xff9ff06f)
core   0: 0x80013cd8 (0x00001f17) auipc   t5, 0x1
core   0: 3 0x80013cd8 (0x00001f17) x30 0x80014cd8
core   0: 0x80013cdc (0x323f2423) sw      gp, 808(t5)
core   0: 3 0x80013cdc (0x323f2423) mem 0x80015000 0x00000001
core   0: 0x80013ce0 (0xff9ff06f) j       pc - 0x8
core   0: 3 0x80013ce0 (0xff9ff06f)
core   0: 0x80013cd8 (0x00001f17) auipc   t5, 0x1
core   0: 3 0x80013cd8 (0x00001f17) x30 0x80014cd8
core   0: 0x80013cdc (0x323f2423) sw      gp, 808(t5)
core   0: 3 0x80013cdc (0x323f2423) mem 0x80015000 0x00000001
core   0: 0x80013ce0 (0xff9ff06f) j       pc - 0x8
core   0: 3 0x80013ce0 (0xff9ff06f)
core   0: 0x80013cd8 (0x00001f17) auipc   t5, 0x1
core   0: 3 0x80013cd8 (0x00001f17) x30 0x80014cd8
core   0: 0x80013cdc (0x323f2423) sw      gp, 808(t5)
core   0: 3 0x80013cdc (0x323f2423) mem 0x80015000 0x00000001
core   0: 0x80013ce0 (0xff9ff06f) j       pc - 0x8
core   0: 3 0x80013ce0 (0xff9ff06f)
core   0: 0x80013cd8 (0x00001f17) auipc   t5, 0x1
core   0: 3 0x80013cd8 (0x00001f17) x30 0x80014cd8
core   0: 0x80013cdc (0x323f2423) sw      gp, 808(t5)
core   0: 3 0x80013cdc (0x323f2423) mem 0x80015000 0x00000001
core   0: 0x80013ce0 (0xff9ff06f) j       pc - 0x8
core   0: 3 0x80013ce0 (0xff9ff06f)
core   0: 0x80013cd8 (0x00001f17) auipc   t5, 0x1
core   0: 3 0x80013cd8 (0x00001f17) x30 0x80014cd8
core   0: 0x80013cdc (0x323f2423) sw      gp, 808(t5)
core   0: 3 0x80013cdc (0x323f2423) mem 0x80015000 0x00000001
core   0: 0x80013ce0 (0xff9ff06f) j       pc - 0x8
core   0: 3 0x80013ce0 (0xff9ff06f)
core   0: 0x80013cd8 (0x00001f17) auipc   t5, 0x1
core   0: 3 0x80013cd8 (0x00001f17) x30 0x80014cd8
core   0: 0x80013cdc (0x323f2423) sw      gp, 808(t5)
core   0: 3 0x80013cdc (0x323f2423) mem 0x80015000 0x00000001
core   0: 0x80013ce0 (0xff9ff06f) j       pc - 0x8
core   0: 3 0x80013ce0 (0xff9ff06f)
core   0: 0x80013cd8 (0x00001f17) auipc   t5, 0x1
core   0: 3 0x80013cd8 (0x00001f17) x30 0x80014cd8
core   0: 0x80013cdc (0x323f2423) sw      gp, 808(t5)
core   0: 3 0x80013cdc (0x323f2423) mem 0x80015000 0x00000001
core   0: 0x80013ce0 (0xff9ff06f) j       pc - 0x8
core   0: 3 0x80013ce0 (0xff9ff06f)
core   0: 0x80013cd8 (0x00001f17) auipc   t5, 0x1
core   0: 3 0x80013cd8 (0x00001f17) x30 0x80014cd8
core   0: 0x80013cdc (0x323f2423) sw      gp, 808(t5)
core   0: 3 0x80013cdc (0x323f2423) mem 0x80015000 0x00000001
core   0: 0x80013ce0 (0xff9ff06f) j       pc - 0x8
core   0: 3 0x80013ce0 (0xff9ff06f)
core   0: 0x80013cd8 (0x00001f17) auipc   t5, 0x1
core   0: 3 0x80013cd8 (0x00001f17) x30 0x80014cd8
core   0: 0x80013cdc (0x323f2423) sw      gp, 808(t5)
core   0: 3 0x80013cdc (0x323f2423) mem 0x80015000 0x00000001
core   0: 0x80013ce0 (0xff9ff06f) j       pc - 0x8
core   0: 3 0x80013ce0 (0xff9ff06f)
core   0: 0x80013cd8 (0x00001f17) auipc   t5, 0x1
core   0: 3 0x80013cd8 (0x00001f17) x30 0x80014cd8
core   0: 0x80013cdc (0x323f2423) sw      gp, 808(t5)
core   0: 3 0x80013cdc (0x323f2423) mem 0x80015000 0x00000001
core   0: 0x80013ce0 (0xff9ff06f) j       pc - 0x8
core   0: 3 0x80013ce0 (0xff9ff06f)
core   0: 0x80013cd8 (0x00001f17) auipc   t5, 0x1
core   0: 3 0x80013cd8 (0x00001f17) x30 0x80014cd8
core   0: 0x80013cdc (0x323f2423) sw      gp, 808(t5)
core   0: 3 0x80013cdc (0x323f2423) mem 0x80015000 0x00000001
core   0: 0x80013ce0 (0xff9ff06f) j       pc - 0x8
core   0: 3 0x80013ce0 (0xff9ff06f)
core   0: 0x80013cd8 (0x00001f17) auipc   t5, 0x1
core   0: 3 0x80013cd8 (0x00001f17) x30 0x80014cd8
core   0: 0x80013cdc (0x323f2423) sw      gp, 808(t5)
core   0: 3 0x80013cdc (0x323f2423) mem 0x80015000 0x00000001
core   0: 0x80013ce0 (0xff9ff06f) j       pc - 0x8
core   0: 3 0x80013ce0 (0xff9ff06f)
core   0: 0x80013cd8 (0x00001f17) auipc   t5, 0x1
core   0: 3 0x80013cd8 (0x00001f17) x30 0x80014cd8
core   0: 0x80013cdc (0x323f2423) sw      gp, 808(t5)
core   0: 3 0x80013cdc (0x323f2423) mem 0x80015000 0x00000001
core   0: 0x80013ce0 (0xff9ff06f) j       pc - 0x8
core   0: 3 0x80013ce0 (0xff9ff06f)
core   0: 0x80013cd8 (0x00001f17) auipc   t5, 0x1
core   0: 3 0x80013cd8 (0x00001f17) x30 0x80014cd8
core   0: 0x80013cdc (0x323f2423) sw      gp, 808(t5)
core   0: 3 0x80013cdc (0x323f2423) mem 0x80015000 0x00000001
core   0: 0x80013ce0 (0xff9ff06f) j       pc - 0x8
core   0: 3 0x80013ce0 (0xff9ff06f)
core   0: 0x80013cd8 (0x00001f17) auipc   t5, 0x1
core   0: 3 0x80013cd8 (0x00001f17) x30 0x80014cd8
core   0: 0x80013cdc (0x323f2423) sw      gp, 808(t5)
core   0: 3 0x80013cdc (0x323f2423) mem 0x80015000 0x00000001
core   0: 0x80013ce0 (0xff9ff06f) j       pc - 0x8
core   0: 3 0x80013ce0 (0xff9ff06f)
core   0: 0x80013cd8 (0x00001f17) auipc   t5, 0x1
core   0: 3 0x80013cd8 (0x00001f17) x30 0x80014cd8
core   0: 0x80013cdc (0x323f2423) sw      gp, 808(t5)
core   0: 3 0x80013cdc (0x323f2423) mem 0x80015000 0x00000001
core   0: 0x80013ce0 (0xff9ff06f) j       pc - 0x8
core   0: 3 0x80013ce0 (0xff9ff06f)
core   0: 0x80013cd8 (0x00001f17) auipc   t5, 0x1
core   0: 3 0x80013cd8 (0x00001f17) x30 0x80014cd8
core   0: 0x80013cdc (0x323f2423) sw      gp, 808(t5)
core   0: 3 0x80013cdc (0x323f2423) mem 0x80015000 0x00000001
core   0: 0x80013ce0 (0xff9ff06f) j       pc - 0x8
core   0: 3 0x80013ce0 (0xff9ff06f)
core   0: 0x80013cd8 (0x00001f17) auipc   t5, 0x1
core   0: 3 0x80013cd8 (0x00001f17) x30 0x80014cd8
core   0: 0x80013cdc (0x323f2423) sw      gp, 808(t5)
core   0: 3 0x80013cdc (0x323f2423) mem 0x80015000 0x00000001
core   0: 0x80013ce0 (0xff9ff06f) j       pc - 0x8
core   0: 3 0x80013ce0 (0xff9ff06f)
core   0: 0x80013cd8 (0x00001f17) auipc   t5, 0x1
core   0: 3 0x80013cd8 (0x00001f17) x30 0x80014cd8
core   0: 0x80013cdc (0x323f2423) sw      gp, 808(t5)
core   0: 3 0x80013cdc (0x323f2423) mem 0x80015000 0x00000001
core   0: 0x80013ce0 (0xff9ff06f) j       pc - 0x8
core   0: 3 0x80013ce0 (0xff9ff06f)
core   0: 0x80013cd8 (0x00001f17) auipc   t5, 0x1
core   0: 3 0x80013cd8 (0x00001f17) x30 0x80014cd8
core   0: 0x80013cdc (0x323f2423) sw      gp, 808(t5)
core   0: 3 0x80013cdc (0x323f2423) mem 0x80015000 0x00000001
core   0: 0x80013ce0 (0xff9ff06f) j       pc - 0x8
core   0: 3 0x80013ce0 (0xff9ff06f)
core   0: 0x80013cd8 (0x00001f17) auipc   t5, 0x1
core   0: 3 0x80013cd8 (0x00001f17) x30 0x80014cd8
core   0: 0x80013cdc (0x323f2423) sw      gp, 808(t5)
core   0: 3 0x80013cdc (0x323f2423) mem 0x80015000 0x00000001
core   0: 0x80013ce0 (0xff9ff06f) j       pc - 0x8
core   0: 3 0x80013ce0 (0xff9ff06f)
core   0: 0x80013cd8 (0x00001f17) auipc   t5, 0x1
core   0: 3 0x80013cd8 (0x00001f17) x30 0x80014cd8
core   0: 0x80013cdc (0x323f2423) sw      gp, 808(t5)
core   0: 3 0x80013cdc (0x323f2423) mem 0x80015000 0x00000001
core   0: 0x80013ce0 (0xff9ff06f) j       pc - 0x8
core   0: 3 0x80013ce0 (0xff9ff06f)
core   0: 0x80013cd8 (0x00001f17) auipc   t5, 0x1
core   0: 3 0x80013cd8 (0x00001f17) x30 0x80014cd8
core   0: 0x80013cdc (0x323f2423) sw      gp, 808(t5)
core   0: 3 0x80013cdc (0x323f2423) mem 0x80015000 0x00000001
core   0: 0x80013ce0 (0xff9ff06f) j       pc - 0x8
core   0: 3 0x80013ce0 (0xff9ff06f)
core   0: 0x80013cd8 (0x00001f17) auipc   t5, 0x1
core   0: 3 0x80013cd8 (0x00001f17) x30 0x80014cd8
core   0: 0x80013cdc (0x323f2423) sw      gp, 808(t5)
core   0: 3 0x80013cdc (0x323f2423) mem 0x80015000 0x00000001
core   0: 0x80013ce0 (0xff9ff06f) j       pc - 0x8
core   0: 3 0x80013ce0 (0xff9ff06f)
core   0: 0x80013cd8 (0x00001f17) auipc   t5, 0x1
core   0: 3 0x80013cd8 (0x00001f17) x30 0x80014cd8
core   0: 0x80013cdc (0x323f2423) sw      gp, 808(t5)
core   0: 3 0x80013cdc (0x323f2423) mem 0x80015000 0x00000001
core   0: 0x80013ce0 (0xff9ff06f) j       pc - 0x8
core   0: 3 0x80013ce0 (0xff9ff06f)
core   0: 0x80013cd8 (0x00001f17) auipc   t5, 0x1
core   0: 3 0x80013cd8 (0x00001f17) x30 0x80014cd8
core   0: 0x80013cdc (0x323f2423) sw      gp, 808(t5)
core   0: 3 0x80013cdc (0x323f2423) mem 0x80015000 0x00000001
core   0: 0x80013ce0 (0xff9ff06f) j       pc - 0x8
core   0: 3 0x80013ce0 (0xff9ff06f)
core   0: 0x80013cd8 (0x00001f17) auipc   t5, 0x1
core   0: 3 0x80013cd8 (0x00001f17) x30 0x80014cd8
core   0: 0x80013cdc (0x323f2423) sw      gp, 808(t5)
core   0: 3 0x80013cdc (0x323f2423) mem 0x80015000 0x00000001
core   0: 0x80013ce0 (0xff9ff06f) j       pc - 0x8
core   0: 3 0x80013ce0 (0xff9ff06f)
core   0: 0x80013cd8 (0x00001f17) auipc   t5, 0x1
core   0: 3 0x80013cd8 (0x00001f17) x30 0x80014cd8
core   0: 0x80013cdc (0x323f2423) sw      gp, 808(t5)
core   0: 3 0x80013cdc (0x323f2423) mem 0x80015000 0x00000001
core   0: 0x80013ce0 (0xff9ff06f) j       pc - 0x8
core   0: 3 0x80013ce0 (0xff9ff06f)
core   0: 0x80013cd8 (0x00001f17) auipc   t5, 0x1
core   0: 3 0x80013cd8 (0x00001f17) x30 0x80014cd8
core   0: 0x80013cdc (0x323f2423) sw      gp, 808(t5)
core   0: 3 0x80013cdc (0x323f2423) mem 0x80015000 0x00000001
core   0: 0x80013ce0 (0xff9ff06f) j       pc - 0x8
core   0: 3 0x80013ce0 (0xff9ff06f)
core   0: 0x80013cd8 (0x00001f17) auipc   t5, 0x1
core   0: 3 0x80013cd8 (0x00001f17) x30 0x80014cd8
core   0: 0x80013cdc (0x323f2423) sw      gp, 808(t5)
core   0: 3 0x80013cdc (0x323f2423) mem 0x80015000 0x00000001
core   0: 0x80013ce0 (0xff9ff06f) j       pc - 0x8
core   0: 3 0x80013ce0 (0xff9ff06f)
core   0: 0x80013cd8 (0x00001f17) auipc   t5, 0x1
core   0: 3 0x80013cd8 (0x00001f17) x30 0x80014cd8
core   0: 0x80013cdc (0x323f2423) sw      gp, 808(t5)
core   0: 3 0x80013cdc (0x323f2423) mem 0x80015000 0x00000001
core   0: 0x80013ce0 (0xff9ff06f) j       pc - 0x8
core   0: 3 0x80013ce0 (0xff9ff06f)
core   0: 0x80013cd8 (0x00001f17) auipc   t5, 0x1
core   0: 3 0x80013cd8 (0x00001f17) x30 0x80014cd8
core   0: 0x80013cdc (0x323f2423) sw      gp, 808(t5)
core   0: 3 0x80013cdc (0x323f2423) mem 0x80015000 0x00000001
core   0: 0x80013ce0 (0xff9ff06f) j       pc - 0x8
core   0: 3 0x80013ce0 (0xff9ff06f)
core   0: 0x80013cd8 (0x00001f17) auipc   t5, 0x1
core   0: 3 0x80013cd8 (0x00001f17) x30 0x80014cd8
core   0: 0x80013cdc (0x323f2423) sw      gp, 808(t5)
core   0: 3 0x80013cdc (0x323f2423) mem 0x80015000 0x00000001
core   0: 0x80013ce0 (0xff9ff06f) j       pc - 0x8
core   0: 3 0x80013ce0 (0xff9ff06f)
core   0: 0x80013cd8 (0x00001f17) auipc   t5, 0x1
core   0: 3 0x80013cd8 (0x00001f17) x30 0x80014cd8
core   0: 0x80013cdc (0x323f2423) sw      gp, 808(t5)
core   0: 3 0x80013cdc (0x323f2423) mem 0x80015000 0x00000001
core   0: 0x80013ce0 (0xff9ff06f) j       pc - 0x8
core   0: 3 0x80013ce0 (0xff9ff06f)
core   0: 0x80013cd8 (0x00001f17) auipc   t5, 0x1
core   0: 3 0x80013cd8 (0x00001f17) x30 0x80014cd8
core   0: 0x80013cdc (0x323f2423) sw      gp, 808(t5)
core   0: 3 0x80013cdc (0x323f2423) mem 0x80015000 0x00000001
core   0: 0x80013ce0 (0xff9ff06f) j       pc - 0x8
core   0: 3 0x80013ce0 (0xff9ff06f)
core   0: 0x80013cd8 (0x00001f17) auipc   t5, 0x1
core   0: 3 0x80013cd8 (0x00001f17) x30 0x80014cd8
core   0: 0x80013cdc (0x323f2423) sw      gp, 808(t5)
core   0: 3 0x80013cdc (0x323f2423) mem 0x80015000 0x00000001
core   0: 0x80013ce0 (0xff9ff06f) j       pc - 0x8
core   0: 3 0x80013ce0 (0xff9ff06f)
core   0: 0x80013cd8 (0x00001f17) auipc   t5, 0x1
core   0: 3 0x80013cd8 (0x00001f17) x30 0x80014cd8
core   0: 0x80013cdc (0x323f2423) sw      gp, 808(t5)
core   0: 3 0x80013cdc (0x323f2423) mem 0x80015000 0x00000001
core   0: 0x80013ce0 (0xff9ff06f) j       pc - 0x8
core   0: 3 0x80013ce0 (0xff9ff06f)
core   0: 0x80013cd8 (0x00001f17) auipc   t5, 0x1
core   0: 3 0x80013cd8 (0x00001f17) x30 0x80014cd8
core   0: 0x80013cdc (0x323f2423) sw      gp, 808(t5)
core   0: 3 0x80013cdc (0x323f2423) mem 0x80015000 0x00000001
core   0: 0x80013ce0 (0xff9ff06f) j       pc - 0x8
core   0: 3 0x80013ce0 (0xff9ff06f)
core   0: 0x80013cd8 (0x00001f17) auipc   t5, 0x1
core   0: 3 0x80013cd8 (0x00001f17) x30 0x80014cd8
core   0: 0x80013cdc (0x323f2423) sw      gp, 808(t5)
core   0: 3 0x80013cdc (0x323f2423) mem 0x80015000 0x00000001
core   0: 0x80013ce0 (0xff9ff06f) j       pc - 0x8
core   0: 3 0x80013ce0 (0xff9ff06f)
core   0: 0x80013cd8 (0x00001f17) auipc   t5, 0x1
core   0: 3 0x80013cd8 (0x00001f17) x30 0x80014cd8
core   0: 0x80013cdc (0x323f2423) sw      gp, 808(t5)
core   0: 3 0x80013cdc (0x323f2423) mem 0x80015000 0x00000001
core   0: 0x80013ce0 (0xff9ff06f) j       pc - 0x8
core   0: 3 0x80013ce0 (0xff9ff06f)
core   0: 0x80013cd8 (0x00001f17) auipc   t5, 0x1
core   0: 3 0x80013cd8 (0x00001f17) x30 0x80014cd8
core   0: 0x80013cdc (0x323f2423) sw      gp, 808(t5)
core   0: 3 0x80013cdc (0x323f2423) mem 0x80015000 0x00000001
core   0: 0x80013ce0 (0xff9ff06f) j       pc - 0x8
core   0: 3 0x80013ce0 (0xff9ff06f)
core   0: 0x80013cd8 (0x00001f17) auipc   t5, 0x1
core   0: 3 0x80013cd8 (0x00001f17) x30 0x80014cd8
core   0: 0x80013cdc (0x323f2423) sw      gp, 808(t5)
core   0: 3 0x80013cdc (0x323f2423) mem 0x80015000 0x00000001
core   0: 0x80013ce0 (0xff9ff06f) j       pc - 0x8
core   0: 3 0x80013ce0 (0xff9ff06f)
core   0: 0x80013cd8 (0x00001f17) auipc   t5, 0x1
core   0: 3 0x80013cd8 (0x00001f17) x30 0x80014cd8
core   0: 0x80013cdc (0x323f2423) sw      gp, 808(t5)
core   0: 3 0x80013cdc (0x323f2423) mem 0x80015000 0x00000001
core   0: 0x80013ce0 (0xff9ff06f) j       pc - 0x8
core   0: 3 0x80013ce0 (0xff9ff06f)
core   0: 0x80013cd8 (0x00001f17) auipc   t5, 0x1
core   0: 3 0x80013cd8 (0x00001f17) x30 0x80014cd8
core   0: 0x80013cdc (0x323f2423) sw      gp, 808(t5)
core   0: 3 0x80013cdc (0x323f2423) mem 0x80015000 0x00000001
core   0: 0x80013ce0 (0xff9ff06f) j       pc - 0x8
core   0: 3 0x80013ce0 (0xff9ff06f)
core   0: 0x80013cd8 (0x00001f17) auipc   t5, 0x1
core   0: 3 0x80013cd8 (0x00001f17) x30 0x80014cd8
core   0: 0x80013cdc (0x323f2423) sw      gp, 808(t5)
core   0: 3 0x80013cdc (0x323f2423) mem 0x80015000 0x00000001
core   0: 0x80013ce0 (0xff9ff06f) j       pc - 0x8
core   0: 3 0x80013ce0 (0xff9ff06f)
core   0: 0x80013cd8 (0x00001f17) auipc   t5, 0x1
core   0: 3 0x80013cd8 (0x00001f17) x30 0x80014cd8
core   0: 0x80013cdc (0x323f2423) sw      gp, 808(t5)
core   0: 3 0x80013cdc (0x323f2423) mem 0x80015000 0x00000001
core   0: 0x80013ce0 (0xff9ff06f) j       pc - 0x8
core   0: 3 0x80013ce0 (0xff9ff06f)
core   0: 0x80013cd8 (0x00001f17) auipc   t5, 0x1
core   0: 3 0x80013cd8 (0x00001f17) x30 0x80014cd8
core   0: 0x80013cdc (0x323f2423) sw      gp, 808(t5)
core   0: 3 0x80013cdc (0x323f2423) mem 0x80015000 0x00000001
core   0: 0x80013ce0 (0xff9ff06f) j       pc - 0x8
core   0: 3 0x80013ce0 (0xff9ff06f)
core   0: 0x80013cd8 (0x00001f17) auipc   t5, 0x1
core   0: 3 0x80013cd8 (0x00001f17) x30 0x80014cd8
core   0: 0x80013cdc (0x323f2423) sw      gp, 808(t5)
core   0: 3 0x80013cdc (0x323f2423) mem 0x80015000 0x00000001
core   0: 0x80013ce0 (0xff9ff06f) j       pc - 0x8
core   0: 3 0x80013ce0 (0xff9ff06f)
core   0: 0x80013cd8 (0x00001f17) auipc   t5, 0x1
core   0: 3 0x80013cd8 (0x00001f17) x30 0x80014cd8
core   0: 0x80013cdc (0x323f2423) sw      gp, 808(t5)
core   0: 3 0x80013cdc (0x323f2423) mem 0x80015000 0x00000001
core   0: 0x80013ce0 (0xff9ff06f) j       pc - 0x8
core   0: 3 0x80013ce0 (0xff9ff06f)
core   0: 0x80013cd8 (0x00001f17) auipc   t5, 0x1
core   0: 3 0x80013cd8 (0x00001f17) x30 0x80014cd8
core   0: 0x80013cdc (0x323f2423) sw      gp, 808(t5)
core   0: 3 0x80013cdc (0x323f2423) mem 0x80015000 0x00000001
core   0: 0x80013ce0 (0xff9ff06f) j       pc - 0x8
core   0: 3 0x80013ce0 (0xff9ff06f)
core   0: 0x80013cd8 (0x00001f17) auipc   t5, 0x1
core   0: 3 0x80013cd8 (0x00001f17) x30 0x80014cd8
core   0: 0x80013cdc (0x323f2423) sw      gp, 808(t5)
core   0: 3 0x80013cdc (0x323f2423) mem 0x80015000 0x00000001
core   0: 0x80013ce0 (0xff9ff06f) j       pc - 0x8
core   0: 3 0x80013ce0 (0xff9ff06f)
core   0: 0x80013cd8 (0x00001f17) auipc   t5, 0x1
core   0: 3 0x80013cd8 (0x00001f17) x30 0x80014cd8
core   0: 0x80013cdc (0x323f2423) sw      gp, 808(t5)
core   0: 3 0x80013cdc (0x323f2423) mem 0x80015000 0x00000001
core   0: 0x80013ce0 (0xff9ff06f) j       pc - 0x8
core   0: 3 0x80013ce0 (0xff9ff06f)
core   0: 0x80013cd8 (0x00001f17) auipc   t5, 0x1
core   0: 3 0x80013cd8 (0x00001f17) x30 0x80014cd8
core   0: 0x80013cdc (0x323f2423) sw      gp, 808(t5)
core   0: 3 0x80013cdc (0x323f2423) mem 0x80015000 0x00000001
core   0: 0x80013ce0 (0xff9ff06f) j       pc - 0x8
core   0: 3 0x80013ce0 (0xff9ff06f)
core   0: 0x80013cd8 (0x00001f17) auipc   t5, 0x1
core   0: 3 0x80013cd8 (0x00001f17) x30 0x80014cd8
core   0: 0x80013cdc (0x323f2423) sw      gp, 808(t5)
core   0: 3 0x80013cdc (0x323f2423) mem 0x80015000 0x00000001
core   0: 0x80013ce0 (0xff9ff06f) j       pc - 0x8
core   0: 3 0x80013ce0 (0xff9ff06f)
core   0: 0x80013cd8 (0x00001f17) auipc   t5, 0x1
core   0: 3 0x80013cd8 (0x00001f17) x30 0x80014cd8
core   0: 0x80013cdc (0x323f2423) sw      gp, 808(t5)
core   0: 3 0x80013cdc (0x323f2423) mem 0x80015000 0x00000001
core   0: 0x80013ce0 (0xff9ff06f) j       pc - 0x8
core   0: 3 0x80013ce0 (0xff9ff06f)
core   0: 0x80013cd8 (0x00001f17) auipc   t5, 0x1
core   0: 3 0x80013cd8 (0x00001f17) x30 0x80014cd8
core   0: 0x80013cdc (0x323f2423) sw      gp, 808(t5)
core   0: 3 0x80013cdc (0x323f2423) mem 0x80015000 0x00000001
core   0: 0x80013ce0 (0xff9ff06f) j       pc - 0x8
core   0: 3 0x80013ce0 (0xff9ff06f)
core   0: 0x80013cd8 (0x00001f17) auipc   t5, 0x1
core   0: 3 0x80013cd8 (0x00001f17) x30 0x80014cd8
core   0: 0x80013cdc (0x323f2423) sw      gp, 808(t5)
core   0: 3 0x80013cdc (0x323f2423) mem 0x80015000 0x00000001
core   0: 0x80013ce0 (0xff9ff06f) j       pc - 0x8
core   0: 3 0x80013ce0 (0xff9ff06f)
core   0: 0x80013cd8 (0x00001f17) auipc   t5, 0x1
core   0: 3 0x80013cd8 (0x00001f17) x30 0x80014cd8
core   0: 0x80013cdc (0x323f2423) sw      gp, 808(t5)
core   0: 3 0x80013cdc (0x323f2423) mem 0x80015000 0x00000001
core   0: 0x80013ce0 (0xff9ff06f) j       pc - 0x8
core   0: 3 0x80013ce0 (0xff9ff06f)
core   0: 0x80013cd8 (0x00001f17) auipc   t5, 0x1
core   0: 3 0x80013cd8 (0x00001f17) x30 0x80014cd8
core   0: 0x80013cdc (0x323f2423) sw      gp, 808(t5)
core   0: 3 0x80013cdc (0x323f2423) mem 0x80015000 0x00000001
core   0: 0x80013ce0 (0xff9ff06f) j       pc - 0x8
core   0: 3 0x80013ce0 (0xff9ff06f)
core   0: 0x80013cd8 (0x00001f17) auipc   t5, 0x1
core   0: 3 0x80013cd8 (0x00001f17) x30 0x80014cd8
core   0: 0x80013cdc (0x323f2423) sw      gp, 808(t5)
core   0: 3 0x80013cdc (0x323f2423) mem 0x80015000 0x00000001
core   0: 0x80013ce0 (0xff9ff06f) j       pc - 0x8
core   0: 3 0x80013ce0 (0xff9ff06f)
core   0: 0x80013cd8 (0x00001f17) auipc   t5, 0x1
core   0: 3 0x80013cd8 (0x00001f17) x30 0x80014cd8
core   0: 0x80013cdc (0x323f2423) sw      gp, 808(t5)
core   0: 3 0x80013cdc (0x323f2423) mem 0x80015000 0x00000001
core   0: 0x80013ce0 (0xff9ff06f) j       pc - 0x8
core   0: 3 0x80013ce0 (0xff9ff06f)
core   0: 0x80013cd8 (0x00001f17) auipc   t5, 0x1
core   0: 3 0x80013cd8 (0x00001f17) x30 0x80014cd8
core   0: 0x80013cdc (0x323f2423) sw      gp, 808(t5)
core   0: 3 0x80013cdc (0x323f2423) mem 0x80015000 0x00000001
core   0: 0x80013ce0 (0xff9ff06f) j       pc - 0x8
core   0: 3 0x80013ce0 (0xff9ff06f)
core   0: 0x80013cd8 (0x00001f17) auipc   t5, 0x1
core   0: 3 0x80013cd8 (0x00001f17) x30 0x80014cd8
core   0: 0x80013cdc (0x323f2423) sw      gp, 808(t5)
core   0: 3 0x80013cdc (0x323f2423) mem 0x80015000 0x00000001
core   0: 0x80013ce0 (0xff9ff06f) j       pc - 0x8
core   0: 3 0x80013ce0 (0xff9ff06f)
core   0: 0x80013cd8 (0x00001f17) auipc   t5, 0x1
core   0: 3 0x80013cd8 (0x00001f17) x30 0x80014cd8
core   0: 0x80013cdc (0x323f2423) sw      gp, 808(t5)
core   0: 3 0x80013cdc (0x323f2423) mem 0x80015000 0x00000001
core   0: 0x80013ce0 (0xff9ff06f) j       pc - 0x8
core   0: 3 0x80013ce0 (0xff9ff06f)
core   0: 0x80013cd8 (0x00001f17) auipc   t5, 0x1
core   0: 3 0x80013cd8 (0x00001f17) x30 0x80014cd8
core   0: 0x80013cdc (0x323f2423) sw      gp, 808(t5)
core   0: 3 0x80013cdc (0x323f2423) mem 0x80015000 0x00000001
core   0: 0x80013ce0 (0xff9ff06f) j       pc - 0x8
core   0: 3 0x80013ce0 (0xff9ff06f)
core   0: 0x80013cd8 (0x00001f17) auipc   t5, 0x1
core   0: 3 0x80013cd8 (0x00001f17) x30 0x80014cd8
core   0: 0x80013cdc (0x323f2423) sw      gp, 808(t5)
core   0: 3 0x80013cdc (0x323f2423) mem 0x80015000 0x00000001
core   0: 0x80013ce0 (0xff9ff06f) j       pc - 0x8
core   0: 3 0x80013ce0 (0xff9ff06f)
core   0: 0x80013cd8 (0x00001f17) auipc   t5, 0x1
core   0: 3 0x80013cd8 (0x00001f17) x30 0x80014cd8
core   0: 0x80013cdc (0x323f2423) sw      gp, 808(t5)
core   0: 3 0x80013cdc (0x323f2423) mem 0x80015000 0x00000001
core   0: 0x80013ce0 (0xff9ff06f) j       pc - 0x8
core   0: 3 0x80013ce0 (0xff9ff06f)
core   0: 0x80013cd8 (0x00001f17) auipc   t5, 0x1
core   0: 3 0x80013cd8 (0x00001f17) x30 0x80014cd8
core   0: 0x80013cdc (0x323f2423) sw      gp, 808(t5)
core   0: 3 0x80013cdc (0x323f2423) mem 0x80015000 0x00000001
core   0: 0x80013ce0 (0xff9ff06f) j       pc - 0x8
core   0: 3 0x80013ce0 (0xff9ff06f)
core   0: 0x80013cd8 (0x00001f17) auipc   t5, 0x1
core   0: 3 0x80013cd8 (0x00001f17) x30 0x80014cd8
core   0: 0x80013cdc (0x323f2423) sw      gp, 808(t5)
core   0: 3 0x80013cdc (0x323f2423) mem 0x80015000 0x00000001
core   0: 0x80013ce0 (0xff9ff06f) j       pc - 0x8
core   0: 3 0x80013ce0 (0xff9ff06f)
core   0: 0x80013cd8 (0x00001f17) auipc   t5, 0x1
core   0: 3 0x80013cd8 (0x00001f17) x30 0x80014cd8
core   0: 0x80013cdc (0x323f2423) sw      gp, 808(t5)
core   0: 3 0x80013cdc (0x323f2423) mem 0x80015000 0x00000001
core   0: 0x80013ce0 (0xff9ff06f) j       pc - 0x8
core   0: 3 0x80013ce0 (0xff9ff06f)
core   0: 0x80013cd8 (0x00001f17) auipc   t5, 0x1
core   0: 3 0x80013cd8 (0x00001f17) x30 0x80014cd8
core   0: 0x80013cdc (0x323f2423) sw      gp, 808(t5)
core   0: 3 0x80013cdc (0x323f2423) mem 0x80015000 0x00000001
core   0: 0x80013ce0 (0xff9ff06f) j       pc - 0x8
core   0: 3 0x80013ce0 (0xff9ff06f)
core   0: 0x80013cd8 (0x00001f17) auipc   t5, 0x1
core   0: 3 0x80013cd8 (0x00001f17) x30 0x80014cd8
core   0: 0x80013cdc (0x323f2423) sw      gp, 808(t5)
core   0: 3 0x80013cdc (0x323f2423) mem 0x80015000 0x00000001
core   0: 0x80013ce0 (0xff9ff06f) j       pc - 0x8
core   0: 3 0x80013ce0 (0xff9ff06f)
core   0: 0x80013cd8 (0x00001f17) auipc   t5, 0x1
core   0: 3 0x80013cd8 (0x00001f17) x30 0x80014cd8
core   0: 0x80013cdc (0x323f2423) sw      gp, 808(t5)
core   0: 3 0x80013cdc (0x323f2423) mem 0x80015000 0x00000001
core   0: 0x80013ce0 (0xff9ff06f) j       pc - 0x8
core   0: 3 0x80013ce0 (0xff9ff06f)
core   0: 0x80013cd8 (0x00001f17) auipc   t5, 0x1
core   0: 3 0x80013cd8 (0x00001f17) x30 0x80014cd8
core   0: 0x80013cdc (0x323f2423) sw      gp, 808(t5)
core   0: 3 0x80013cdc (0x323f2423) mem 0x80015000 0x00000001
core   0: 0x80013ce0 (0xff9ff06f) j       pc - 0x8
core   0: 3 0x80013ce0 (0xff9ff06f)
core   0: 0x80013cd8 (0x00001f17) auipc   t5, 0x1
core   0: 3 0x80013cd8 (0x00001f17) x30 0x80014cd8
core   0: 0x80013cdc (0x323f2423) sw      gp, 808(t5)
core   0: 3 0x80013cdc (0x323f2423) mem 0x80015000 0x00000001
core   0: 0x80013ce0 (0xff9ff06f) j       pc - 0x8
core   0: 3 0x80013ce0 (0xff9ff06f)
core   0: 0x80013cd8 (0x00001f17) auipc   t5, 0x1
core   0: 3 0x80013cd8 (0x00001f17) x30 0x80014cd8
core   0: 0x80013cdc (0x323f2423) sw      gp, 808(t5)
core   0: 3 0x80013cdc (0x323f2423) mem 0x80015000 0x00000001
core   0: 0x80013ce0 (0xff9ff06f) j       pc - 0x8
core   0: 3 0x80013ce0 (0xff9ff06f)
core   0: 0x80013cd8 (0x00001f17) auipc   t5, 0x1
core   0: 3 0x80013cd8 (0x00001f17) x30 0x80014cd8
core   0: 0x80013cdc (0x323f2423) sw      gp, 808(t5)
core   0: 3 0x80013cdc (0x323f2423) mem 0x80015000 0x00000001
core   0: 0x80013ce0 (0xff9ff06f) j       pc - 0x8
core   0: 3 0x80013ce0 (0xff9ff06f)
core   0: 0x80013cd8 (0x00001f17) auipc   t5, 0x1
core   0: 3 0x80013cd8 (0x00001f17) x30 0x80014cd8
core   0: 0x80013cdc (0x323f2423) sw      gp, 808(t5)
core   0: 3 0x80013cdc (0x323f2423) mem 0x80015000 0x00000001
core   0: 0x80013ce0 (0xff9ff06f) j       pc - 0x8
core   0: 3 0x80013ce0 (0xff9ff06f)
core   0: 0x80013cd8 (0x00001f17) auipc   t5, 0x1
core   0: 3 0x80013cd8 (0x00001f17) x30 0x80014cd8
core   0: 0x80013cdc (0x323f2423) sw      gp, 808(t5)
core   0: 3 0x80013cdc (0x323f2423) mem 0x80015000 0x00000001
core   0: 0x80013ce0 (0xff9ff06f) j       pc - 0x8
core   0: 3 0x80013ce0 (0xff9ff06f)
core   0: 0x80013cd8 (0x00001f17) auipc   t5, 0x1
core   0: 3 0x80013cd8 (0x00001f17) x30 0x80014cd8
core   0: 0x80013cdc (0x323f2423) sw      gp, 808(t5)
core   0: 3 0x80013cdc (0x323f2423) mem 0x80015000 0x00000001
core   0: 0x80013ce0 (0xff9ff06f) j       pc - 0x8
core   0: 3 0x80013ce0 (0xff9ff06f)
core   0: 0x80013cd8 (0x00001f17) auipc   t5, 0x1
core   0: 3 0x80013cd8 (0x00001f17) x30 0x80014cd8
core   0: 0x80013cdc (0x323f2423) sw      gp, 808(t5)
core   0: 3 0x80013cdc (0x323f2423) mem 0x80015000 0x00000001
core   0: 0x80013ce0 (0xff9ff06f) j       pc - 0x8
core   0: 3 0x80013ce0 (0xff9ff06f)
core   0: 0x80013cd8 (0x00001f17) auipc   t5, 0x1
core   0: 3 0x80013cd8 (0x00001f17) x30 0x80014cd8
core   0: 0x80013cdc (0x323f2423) sw      gp, 808(t5)
core   0: 3 0x80013cdc (0x323f2423) mem 0x80015000 0x00000001
core   0: 0x80013ce0 (0xff9ff06f) j       pc - 0x8
core   0: 3 0x80013ce0 (0xff9ff06f)
core   0: 0x80013cd8 (0x00001f17) auipc   t5, 0x1
core   0: 3 0x80013cd8 (0x00001f17) x30 0x80014cd8
core   0: 0x80013cdc (0x323f2423) sw      gp, 808(t5)
core   0: 3 0x80013cdc (0x323f2423) mem 0x80015000 0x00000001
core   0: 0x80013ce0 (0xff9ff06f) j       pc - 0x8
core   0: 3 0x80013ce0 (0xff9ff06f)
core   0: 0x80013cd8 (0x00001f17) auipc   t5, 0x1
core   0: 3 0x80013cd8 (0x00001f17) x30 0x80014cd8
core   0: 0x80013cdc (0x323f2423) sw      gp, 808(t5)
core   0: 3 0x80013cdc (0x323f2423) mem 0x80015000 0x00000001
core   0: 0x80013ce0 (0xff9ff06f) j       pc - 0x8
core   0: 3 0x80013ce0 (0xff9ff06f)
core   0: 0x80013cd8 (0x00001f17) auipc   t5, 0x1
core   0: 3 0x80013cd8 (0x00001f17) x30 0x80014cd8
core   0: 0x80013cdc (0x323f2423) sw      gp, 808(t5)
core   0: 3 0x80013cdc (0x323f2423) mem 0x80015000 0x00000001
core   0: 0x80013ce0 (0xff9ff06f) j       pc - 0x8
core   0: 3 0x80013ce0 (0xff9ff06f)
core   0: 0x80013cd8 (0x00001f17) auipc   t5, 0x1
core   0: 3 0x80013cd8 (0x00001f17) x30 0x80014cd8
core   0: 0x80013cdc (0x323f2423) sw      gp, 808(t5)
core   0: 3 0x80013cdc (0x323f2423) mem 0x80015000 0x00000001
core   0: 0x80013ce0 (0xff9ff06f) j       pc - 0x8
core   0: 3 0x80013ce0 (0xff9ff06f)
core   0: 0x80013cd8 (0x00001f17) auipc   t5, 0x1
core   0: 3 0x80013cd8 (0x00001f17) x30 0x80014cd8
core   0: 0x80013cdc (0x323f2423) sw      gp, 808(t5)
core   0: 3 0x80013cdc (0x323f2423) mem 0x80015000 0x00000001
core   0: 0x80013ce0 (0xff9ff06f) j       pc - 0x8
core   0: 3 0x80013ce0 (0xff9ff06f)
core   0: 0x80013cd8 (0x00001f17) auipc   t5, 0x1
core   0: 3 0x80013cd8 (0x00001f17) x30 0x80014cd8
core   0: 0x80013cdc (0x323f2423) sw      gp, 808(t5)
core   0: 3 0x80013cdc (0x323f2423) mem 0x80015000 0x00000001
core   0: 0x80013ce0 (0xff9ff06f) j       pc - 0x8
core   0: 3 0x80013ce0 (0xff9ff06f)
core   0: 0x80013cd8 (0x00001f17) auipc   t5, 0x1
core   0: 3 0x80013cd8 (0x00001f17) x30 0x80014cd8
core   0: 0x80013cdc (0x323f2423) sw      gp, 808(t5)
core   0: 3 0x80013cdc (0x323f2423) mem 0x80015000 0x00000001
core   0: 0x80013ce0 (0xff9ff06f) j       pc - 0x8
core   0: 3 0x80013ce0 (0xff9ff06f)
core   0: 0x80013cd8 (0x00001f17) auipc   t5, 0x1
core   0: 3 0x80013cd8 (0x00001f17) x30 0x80014cd8
core   0: 0x80013cdc (0x323f2423) sw      gp, 808(t5)
core   0: 3 0x80013cdc (0x323f2423) mem 0x80015000 0x00000001
core   0: 0x80013ce0 (0xff9ff06f) j       pc - 0x8
core   0: 3 0x80013ce0 (0xff9ff06f)
core   0: 0x80013cd8 (0x00001f17) auipc   t5, 0x1
core   0: 3 0x80013cd8 (0x00001f17) x30 0x80014cd8
core   0: 0x80013cdc (0x323f2423) sw      gp, 808(t5)
core   0: 3 0x80013cdc (0x323f2423) mem 0x80015000 0x00000001
core   0: 0x80013ce0 (0xff9ff06f) j       pc - 0x8
core   0: 3 0x80013ce0 (0xff9ff06f)
core   0: 0x80013cd8 (0x00001f17) auipc   t5, 0x1
core   0: 3 0x80013cd8 (0x00001f17) x30 0x80014cd8
core   0: 0x80013cdc (0x323f2423) sw      gp, 808(t5)
core   0: 3 0x80013cdc (0x323f2423) mem 0x80015000 0x00000001
core   0: 0x80013ce0 (0xff9ff06f) j       pc - 0x8
core   0: 3 0x80013ce0 (0xff9ff06f)
core   0: 0x80013cd8 (0x00001f17) auipc   t5, 0x1
core   0: 3 0x80013cd8 (0x00001f17) x30 0x80014cd8
core   0: 0x80013cdc (0x323f2423) sw      gp, 808(t5)
core   0: 3 0x80013cdc (0x323f2423) mem 0x80015000 0x00000001
core   0: 0x80013ce0 (0xff9ff06f) j       pc - 0x8
core   0: 3 0x80013ce0 (0xff9ff06f)
core   0: 0x80013cd8 (0x00001f17) auipc   t5, 0x1
core   0: 3 0x80013cd8 (0x00001f17) x30 0x80014cd8
core   0: 0x80013cdc (0x323f2423) sw      gp, 808(t5)
core   0: 3 0x80013cdc (0x323f2423) mem 0x80015000 0x00000001
core   0: 0x80013ce0 (0xff9ff06f) j       pc - 0x8
core   0: 3 0x80013ce0 (0xff9ff06f)
core   0: 0x80013cd8 (0x00001f17) auipc   t5, 0x1
core   0: 3 0x80013cd8 (0x00001f17) x30 0x80014cd8
core   0: 0x80013cdc (0x323f2423) sw      gp, 808(t5)
core   0: 3 0x80013cdc (0x323f2423) mem 0x80015000 0x00000001
core   0: 0x80013ce0 (0xff9ff06f) j       pc - 0x8
core   0: 3 0x80013ce0 (0xff9ff06f)
core   0: 0x80013cd8 (0x00001f17) auipc   t5, 0x1
core   0: 3 0x80013cd8 (0x00001f17) x30 0x80014cd8
core   0: 0x80013cdc (0x323f2423) sw      gp, 808(t5)
core   0: 3 0x80013cdc (0x323f2423) mem 0x80015000 0x00000001
core   0: 0x80013ce0 (0xff9ff06f) j       pc - 0x8
core   0: 3 0x80013ce0 (0xff9ff06f)
core   0: 0x80013cd8 (0x00001f17) auipc   t5, 0x1
core   0: 3 0x80013cd8 (0x00001f17) x30 0x80014cd8
core   0: 0x80013cdc (0x323f2423) sw      gp, 808(t5)
core   0: 3 0x80013cdc (0x323f2423) mem 0x80015000 0x00000001
core   0: 0x80013ce0 (0xff9ff06f) j       pc - 0x8
core   0: 3 0x80013ce0 (0xff9ff06f)
core   0: 0x80013cd8 (0x00001f17) auipc   t5, 0x1
core   0: 3 0x80013cd8 (0x00001f17) x30 0x80014cd8
core   0: 0x80013cdc (0x323f2423) sw      gp, 808(t5)
core   0: 3 0x80013cdc (0x323f2423) mem 0x80015000 0x00000001
core   0: 0x80013ce0 (0xff9ff06f) j       pc - 0x8
core   0: 3 0x80013ce0 (0xff9ff06f)
core   0: 0x80013cd8 (0x00001f17) auipc   t5, 0x1
core   0: 3 0x80013cd8 (0x00001f17) x30 0x80014cd8
core   0: 0x80013cdc (0x323f2423) sw      gp, 808(t5)
core   0: 3 0x80013cdc (0x323f2423) mem 0x80015000 0x00000001
core   0: 0x80013ce0 (0xff9ff06f) j       pc - 0x8
core   0: 3 0x80013ce0 (0xff9ff06f)
core   0: 0x80013cd8 (0x00001f17) auipc   t5, 0x1
core   0: 3 0x80013cd8 (0x00001f17) x30 0x80014cd8
core   0: 0x80013cdc (0x323f2423) sw      gp, 808(t5)
core   0: 3 0x80013cdc (0x323f2423) mem 0x80015000 0x00000001
core   0: 0x80013ce0 (0xff9ff06f) j       pc - 0x8
core   0: 3 0x80013ce0 (0xff9ff06f)
core   0: 0x80013cd8 (0x00001f17) auipc   t5, 0x1
core   0: 3 0x80013cd8 (0x00001f17) x30 0x80014cd8
core   0: 0x80013cdc (0x323f2423) sw      gp, 808(t5)
core   0: 3 0x80013cdc (0x323f2423) mem 0x80015000 0x00000001
core   0: 0x80013ce0 (0xff9ff06f) j       pc - 0x8
core   0: 3 0x80013ce0 (0xff9ff06f)
core   0: 0x80013cd8 (0x00001f17) auipc   t5, 0x1
core   0: 3 0x80013cd8 (0x00001f17) x30 0x80014cd8
core   0: 0x80013cdc (0x323f2423) sw      gp, 808(t5)
core   0: 3 0x80013cdc (0x323f2423) mem 0x80015000 0x00000001
core   0: 0x80013ce0 (0xff9ff06f) j       pc - 0x8
core   0: 3 0x80013ce0 (0xff9ff06f)
core   0: 0x80013cd8 (0x00001f17) auipc   t5, 0x1
core   0: 3 0x80013cd8 (0x00001f17) x30 0x80014cd8
core   0: 0x80013cdc (0x323f2423) sw      gp, 808(t5)
core   0: 3 0x80013cdc (0x323f2423) mem 0x80015000 0x00000001
core   0: 0x80013ce0 (0xff9ff06f) j       pc - 0x8
core   0: 3 0x80013ce0 (0xff9ff06f)
core   0: 0x80013cd8 (0x00001f17) auipc   t5, 0x1
core   0: 3 0x80013cd8 (0x00001f17) x30 0x80014cd8
core   0: 0x80013cdc (0x323f2423) sw      gp, 808(t5)
core   0: 3 0x80013cdc (0x323f2423) mem 0x80015000 0x00000001
core   0: 0x80013ce0 (0xff9ff06f) j       pc - 0x8
core   0: 3 0x80013ce0 (0xff9ff06f)
core   0: 0x80013cd8 (0x00001f17) auipc   t5, 0x1
core   0: 3 0x80013cd8 (0x00001f17) x30 0x80014cd8
core   0: 0x80013cdc (0x323f2423) sw      gp, 808(t5)
core   0: 3 0x80013cdc (0x323f2423) mem 0x80015000 0x00000001
core   0: 0x80013ce0 (0xff9ff06f) j       pc - 0x8
core   0: 3 0x80013ce0 (0xff9ff06f)
core   0: 0x80013cd8 (0x00001f17) auipc   t5, 0x1
core   0: 3 0x80013cd8 (0x00001f17) x30 0x80014cd8
core   0: 0x80013cdc (0x323f2423) sw      gp, 808(t5)
core   0: 3 0x80013cdc (0x323f2423) mem 0x80015000 0x00000001
core   0: 0x80013ce0 (0xff9ff06f) j       pc - 0x8
core   0: 3 0x80013ce0 (0xff9ff06f)
core   0: 0x80013cd8 (0x00001f17) auipc   t5, 0x1
core   0: 3 0x80013cd8 (0x00001f17) x30 0x80014cd8
core   0: 0x80013cdc (0x323f2423) sw      gp, 808(t5)
core   0: 3 0x80013cdc (0x323f2423) mem 0x80015000 0x00000001
core   0: 0x80013ce0 (0xff9ff06f) j       pc - 0x8
core   0: 3 0x80013ce0 (0xff9ff06f)
core   0: 0x80013cd8 (0x00001f17) auipc   t5, 0x1
core   0: 3 0x80013cd8 (0x00001f17) x30 0x80014cd8
core   0: 0x80013cdc (0x323f2423) sw      gp, 808(t5)
core   0: 3 0x80013cdc (0x323f2423) mem 0x80015000 0x00000001
core   0: 0x80013ce0 (0xff9ff06f) j       pc - 0x8
core   0: 3 0x80013ce0 (0xff9ff06f)
core   0: 0x80013cd8 (0x00001f17) auipc   t5, 0x1
core   0: 3 0x80013cd8 (0x00001f17) x30 0x80014cd8
core   0: 0x80013cdc (0x323f2423) sw      gp, 808(t5)
core   0: 3 0x80013cdc (0x323f2423) mem 0x80015000 0x00000001
core   0: 0x80013ce0 (0xff9ff06f) j       pc - 0x8
core   0: 3 0x80013ce0 (0xff9ff06f)
core   0: 0x80013cd8 (0x00001f17) auipc   t5, 0x1
core   0: 3 0x80013cd8 (0x00001f17) x30 0x80014cd8
core   0: 0x80013cdc (0x323f2423) sw      gp, 808(t5)
core   0: 3 0x80013cdc (0x323f2423) mem 0x80015000 0x00000001
core   0: 0x80013ce0 (0xff9ff06f) j       pc - 0x8
core   0: 3 0x80013ce0 (0xff9ff06f)
core   0: 0x80013cd8 (0x00001f17) auipc   t5, 0x1
core   0: 3 0x80013cd8 (0x00001f17) x30 0x80014cd8
core   0: 0x80013cdc (0x323f2423) sw      gp, 808(t5)
core   0: 3 0x80013cdc (0x323f2423) mem 0x80015000 0x00000001
core   0: 0x80013ce0 (0xff9ff06f) j       pc - 0x8
core   0: 3 0x80013ce0 (0xff9ff06f)
core   0: 0x80013cd8 (0x00001f17) auipc   t5, 0x1
core   0: 3 0x80013cd8 (0x00001f17) x30 0x80014cd8
core   0: 0x80013cdc (0x323f2423) sw      gp, 808(t5)
core   0: 3 0x80013cdc (0x323f2423) mem 0x80015000 0x00000001
core   0: 0x80013ce0 (0xff9ff06f) j       pc - 0x8
core   0: 3 0x80013ce0 (0xff9ff06f)
core   0: 0x80013cd8 (0x00001f17) auipc   t5, 0x1
core   0: 3 0x80013cd8 (0x00001f17) x30 0x80014cd8
core   0: 0x80013cdc (0x323f2423) sw      gp, 808(t5)
core   0: 3 0x80013cdc (0x323f2423) mem 0x80015000 0x00000001
core   0: 0x80013ce0 (0xff9ff06f) j       pc - 0x8
core   0: 3 0x80013ce0 (0xff9ff06f)
core   0: 0x80013cd8 (0x00001f17) auipc   t5, 0x1
core   0: 3 0x80013cd8 (0x00001f17) x30 0x80014cd8
core   0: 0x80013cdc (0x323f2423) sw      gp, 808(t5)
core   0: 3 0x80013cdc (0x323f2423) mem 0x80015000 0x00000001
core   0: 0x80013ce0 (0xff9ff06f) j       pc - 0x8
core   0: 3 0x80013ce0 (0xff9ff06f)
core   0: 0x80013cd8 (0x00001f17) auipc   t5, 0x1
core   0: 3 0x80013cd8 (0x00001f17) x30 0x80014cd8
core   0: 0x80013cdc (0x323f2423) sw      gp, 808(t5)
core   0: 3 0x80013cdc (0x323f2423) mem 0x80015000 0x00000001
core   0: 0x80013ce0 (0xff9ff06f) j       pc - 0x8
core   0: 3 0x80013ce0 (0xff9ff06f)
core   0: 0x80013cd8 (0x00001f17) auipc   t5, 0x1
core   0: 3 0x80013cd8 (0x00001f17) x30 0x80014cd8
core   0: 0x80013cdc (0x323f2423) sw      gp, 808(t5)
core   0: 3 0x80013cdc (0x323f2423) mem 0x80015000 0x00000001
core   0: 0x80013ce0 (0xff9ff06f) j       pc - 0x8
core   0: 3 0x80013ce0 (0xff9ff06f)
core   0: 0x80013cd8 (0x00001f17) auipc   t5, 0x1
core   0: 3 0x80013cd8 (0x00001f17) x30 0x80014cd8
core   0: 0x80013cdc (0x323f2423) sw      gp, 808(t5)
core   0: 3 0x80013cdc (0x323f2423) mem 0x80015000 0x00000001
core   0: 0x80013ce0 (0xff9ff06f) j       pc - 0x8
core   0: 3 0x80013ce0 (0xff9ff06f)
core   0: 0x80013cd8 (0x00001f17) auipc   t5, 0x1
core   0: 3 0x80013cd8 (0x00001f17) x30 0x80014cd8
core   0: 0x80013cdc (0x323f2423) sw      gp, 808(t5)
core   0: 3 0x80013cdc (0x323f2423) mem 0x80015000 0x00000001
core   0: 0x80013ce0 (0xff9ff06f) j       pc - 0x8
core   0: 3 0x80013ce0 (0xff9ff06f)
core   0: 0x80013cd8 (0x00001f17) auipc   t5, 0x1
core   0: 3 0x80013cd8 (0x00001f17) x30 0x80014cd8
core   0: 0x80013cdc (0x323f2423) sw      gp, 808(t5)
core   0: 3 0x80013cdc (0x323f2423) mem 0x80015000 0x00000001
core   0: 0x80013ce0 (0xff9ff06f) j       pc - 0x8
core   0: 3 0x80013ce0 (0xff9ff06f)
core   0: 0x80013cd8 (0x00001f17) auipc   t5, 0x1
core   0: 3 0x80013cd8 (0x00001f17) x30 0x80014cd8
core   0: 0x80013cdc (0x323f2423) sw      gp, 808(t5)
core   0: 3 0x80013cdc (0x323f2423) mem 0x80015000 0x00000001
core   0: 0x80013ce0 (0xff9ff06f) j       pc - 0x8
core   0: 3 0x80013ce0 (0xff9ff06f)
core   0: 0x80013cd8 (0x00001f17) auipc   t5, 0x1
core   0: 3 0x80013cd8 (0x00001f17) x30 0x80014cd8
core   0: 0x80013cdc (0x323f2423) sw      gp, 808(t5)
core   0: 3 0x80013cdc (0x323f2423) mem 0x80015000 0x00000001
core   0: 0x80013ce0 (0xff9ff06f) j       pc - 0x8
core   0: 3 0x80013ce0 (0xff9ff06f)
core   0: 0x80013cd8 (0x00001f17) auipc   t5, 0x1
core   0: 3 0x80013cd8 (0x00001f17) x30 0x80014cd8
core   0: 0x80013cdc (0x323f2423) sw      gp, 808(t5)
core   0: 3 0x80013cdc (0x323f2423) mem 0x80015000 0x00000001
core   0: 0x80013ce0 (0xff9ff06f) j       pc - 0x8
core   0: 3 0x80013ce0 (0xff9ff06f)
core   0: 0x80013cd8 (0x00001f17) auipc   t5, 0x1
core   0: 3 0x80013cd8 (0x00001f17) x30 0x80014cd8
core   0: 0x80013cdc (0x323f2423) sw      gp, 808(t5)
core   0: 3 0x80013cdc (0x323f2423) mem 0x80015000 0x00000001
core   0: 0x80013ce0 (0xff9ff06f) j       pc - 0x8
core   0: 3 0x80013ce0 (0xff9ff06f)
core   0: 0x80013cd8 (0x00001f17) auipc   t5, 0x1
core   0: 3 0x80013cd8 (0x00001f17) x30 0x80014cd8
core   0: 0x80013cdc (0x323f2423) sw      gp, 808(t5)
core   0: 3 0x80013cdc (0x323f2423) mem 0x80015000 0x00000001
core   0: 0x80013ce0 (0xff9ff06f) j       pc - 0x8
core   0: 3 0x80013ce0 (0xff9ff06f)
core   0: 0x80013cd8 (0x00001f17) auipc   t5, 0x1
core   0: 3 0x80013cd8 (0x00001f17) x30 0x80014cd8
core   0: 0x80013cdc (0x323f2423) sw      gp, 808(t5)
core   0: 3 0x80013cdc (0x323f2423) mem 0x80015000 0x00000001
core   0: 0x80013ce0 (0xff9ff06f) j       pc - 0x8
core   0: 3 0x80013ce0 (0xff9ff06f)
core   0: 0x80013cd8 (0x00001f17) auipc   t5, 0x1
core   0: 3 0x80013cd8 (0x00001f17) x30 0x80014cd8
core   0: 0x80013cdc (0x323f2423) sw      gp, 808(t5)
core   0: 3 0x80013cdc (0x323f2423) mem 0x80015000 0x00000001
core   0: 0x80013ce0 (0xff9ff06f) j       pc - 0x8
core   0: 3 0x80013ce0 (0xff9ff06f)
core   0: 0x80013cd8 (0x00001f17) auipc   t5, 0x1
core   0: 3 0x80013cd8 (0x00001f17) x30 0x80014cd8
core   0: 0x80013cdc (0x323f2423) sw      gp, 808(t5)
core   0: 3 0x80013cdc (0x323f2423) mem 0x80015000 0x00000001
core   0: 0x80013ce0 (0xff9ff06f) j       pc - 0x8
core   0: 3 0x80013ce0 (0xff9ff06f)
core   0: 0x80013cd8 (0x00001f17) auipc   t5, 0x1
core   0: 3 0x80013cd8 (0x00001f17) x30 0x80014cd8
core   0: 0x80013cdc (0x323f2423) sw      gp, 808(t5)
core   0: 3 0x80013cdc (0x323f2423) mem 0x80015000 0x00000001
core   0: 0x80013ce0 (0xff9ff06f) j       pc - 0x8
core   0: 3 0x80013ce0 (0xff9ff06f)
core   0: 0x80013cd8 (0x00001f17) auipc   t5, 0x1
core   0: 3 0x80013cd8 (0x00001f17) x30 0x80014cd8
core   0: 0x80013cdc (0x323f2423) sw      gp, 808(t5)
core   0: 3 0x80013cdc (0x323f2423) mem 0x80015000 0x00000001
core   0: 0x80013ce0 (0xff9ff06f) j       pc - 0x8
core   0: 3 0x80013ce0 (0xff9ff06f)
core   0: 0x80013cd8 (0x00001f17) auipc   t5, 0x1
core   0: 3 0x80013cd8 (0x00001f17) x30 0x80014cd8
core   0: 0x80013cdc (0x323f2423) sw      gp, 808(t5)
core   0: 3 0x80013cdc (0x323f2423) mem 0x80015000 0x00000001
core   0: 0x80013ce0 (0xff9ff06f) j       pc - 0x8
core   0: 3 0x80013ce0 (0xff9ff06f)
core   0: 0x80013cd8 (0x00001f17) auipc   t5, 0x1
core   0: 3 0x80013cd8 (0x00001f17) x30 0x80014cd8
core   0: 0x80013cdc (0x323f2423) sw      gp, 808(t5)
core   0: 3 0x80013cdc (0x323f2423) mem 0x80015000 0x00000001
core   0: 0x80013ce0 (0xff9ff06f) j       pc - 0x8
core   0: 3 0x80013ce0 (0xff9ff06f)
core   0: 0x80013cd8 (0x00001f17) auipc   t5, 0x1
core   0: 3 0x80013cd8 (0x00001f17) x30 0x80014cd8
core   0: 0x80013cdc (0x323f2423) sw      gp, 808(t5)
core   0: 3 0x80013cdc (0x323f2423) mem 0x80015000 0x00000001
core   0: 0x80013ce0 (0xff9ff06f) j       pc - 0x8
core   0: 3 0x80013ce0 (0xff9ff06f)
core   0: 0x80013cd8 (0x00001f17) auipc   t5, 0x1
core   0: 3 0x80013cd8 (0x00001f17) x30 0x80014cd8
core   0: 0x80013cdc (0x323f2423) sw      gp, 808(t5)
core   0: 3 0x80013cdc (0x323f2423) mem 0x80015000 0x00000001
core   0: 0x80013ce0 (0xff9ff06f) j       pc - 0x8
core   0: 3 0x80013ce0 (0xff9ff06f)
core   0: 0x80013cd8 (0x00001f17) auipc   t5, 0x1
core   0: 3 0x80013cd8 (0x00001f17) x30 0x80014cd8
core   0: 0x80013cdc (0x323f2423) sw      gp, 808(t5)
core   0: 3 0x80013cdc (0x323f2423) mem 0x80015000 0x00000001
core   0: 0x80013ce0 (0xff9ff06f) j       pc - 0x8
core   0: 3 0x80013ce0 (0xff9ff06f)
core   0: 0x80013cd8 (0x00001f17) auipc   t5, 0x1
core   0: 3 0x80013cd8 (0x00001f17) x30 0x80014cd8
core   0: 0x80013cdc (0x323f2423) sw      gp, 808(t5)
core   0: 3 0x80013cdc (0x323f2423) mem 0x80015000 0x00000001
core   0: 0x80013ce0 (0xff9ff06f) j       pc - 0x8
core   0: 3 0x80013ce0 (0xff9ff06f)
core   0: 0x80013cd8 (0x00001f17) auipc   t5, 0x1
core   0: 3 0x80013cd8 (0x00001f17) x30 0x80014cd8
core   0: 0x80013cdc (0x323f2423) sw      gp, 808(t5)
core   0: 3 0x80013cdc (0x323f2423) mem 0x80015000 0x00000001
core   0: 0x80013ce0 (0xff9ff06f) j       pc - 0x8
core   0: 3 0x80013ce0 (0xff9ff06f)
core   0: 0x80013cd8 (0x00001f17) auipc   t5, 0x1
core   0: 3 0x80013cd8 (0x00001f17) x30 0x80014cd8
core   0: 0x80013cdc (0x323f2423) sw      gp, 808(t5)
core   0: 3 0x80013cdc (0x323f2423) mem 0x80015000 0x00000001
core   0: 0x80013ce0 (0xff9ff06f) j       pc - 0x8
core   0: 3 0x80013ce0 (0xff9ff06f)
core   0: 0x80013cd8 (0x00001f17) auipc   t5, 0x1
core   0: 3 0x80013cd8 (0x00001f17) x30 0x80014cd8
core   0: 0x80013cdc (0x323f2423) sw      gp, 808(t5)
core   0: 3 0x80013cdc (0x323f2423) mem 0x80015000 0x00000001
core   0: 0x80013ce0 (0xff9ff06f) j       pc - 0x8
core   0: 3 0x80013ce0 (0xff9ff06f)
core   0: 0x80013cd8 (0x00001f17) auipc   t5, 0x1
core   0: 3 0x80013cd8 (0x00001f17) x30 0x80014cd8
core   0: 0x80013cdc (0x323f2423) sw      gp, 808(t5)
core   0: 3 0x80013cdc (0x323f2423) mem 0x80015000 0x00000001
core   0: 0x80013ce0 (0xff9ff06f) j       pc - 0x8
core   0: 3 0x80013ce0 (0xff9ff06f)
core   0: 0x80013cd8 (0x00001f17) auipc   t5, 0x1
core   0: 3 0x80013cd8 (0x00001f17) x30 0x80014cd8
core   0: 0x80013cdc (0x323f2423) sw      gp, 808(t5)
core   0: 3 0x80013cdc (0x323f2423) mem 0x80015000 0x00000001
core   0: 0x80013ce0 (0xff9ff06f) j       pc - 0x8
core   0: 3 0x80013ce0 (0xff9ff06f)
core   0: 0x80013cd8 (0x00001f17) auipc   t5, 0x1
core   0: 3 0x80013cd8 (0x00001f17) x30 0x80014cd8
core   0: 0x80013cdc (0x323f2423) sw      gp, 808(t5)
core   0: 3 0x80013cdc (0x323f2423) mem 0x80015000 0x00000001
core   0: 0x80013ce0 (0xff9ff06f) j       pc - 0x8
core   0: 3 0x80013ce0 (0xff9ff06f)
core   0: 0x80013cd8 (0x00001f17) auipc   t5, 0x1
core   0: 3 0x80013cd8 (0x00001f17) x30 0x80014cd8
core   0: 0x80013cdc (0x323f2423) sw      gp, 808(t5)
core   0: 3 0x80013cdc (0x323f2423) mem 0x80015000 0x00000001
core   0: 0x80013ce0 (0xff9ff06f) j       pc - 0x8
core   0: 3 0x80013ce0 (0xff9ff06f)
core   0: 0x80013cd8 (0x00001f17) auipc   t5, 0x1
core   0: 3 0x80013cd8 (0x00001f17) x30 0x80014cd8
core   0: 0x80013cdc (0x323f2423) sw      gp, 808(t5)
core   0: 3 0x80013cdc (0x323f2423) mem 0x80015000 0x00000001
core   0: 0x80013ce0 (0xff9ff06f) j       pc - 0x8
core   0: 3 0x80013ce0 (0xff9ff06f)
core   0: 0x80013cd8 (0x00001f17) auipc   t5, 0x1
core   0: 3 0x80013cd8 (0x00001f17) x30 0x80014cd8
core   0: 0x80013cdc (0x323f2423) sw      gp, 808(t5)
core   0: 3 0x80013cdc (0x323f2423) mem 0x80015000 0x00000001
core   0: 0x80013ce0 (0xff9ff06f) j       pc - 0x8
core   0: 3 0x80013ce0 (0xff9ff06f)
core   0: 0x80013cd8 (0x00001f17) auipc   t5, 0x1
core   0: 3 0x80013cd8 (0x00001f17) x30 0x80014cd8
core   0: 0x80013cdc (0x323f2423) sw      gp, 808(t5)
core   0: 3 0x80013cdc (0x323f2423) mem 0x80015000 0x00000001
core   0: 0x80013ce0 (0xff9ff06f) j       pc - 0x8
core   0: 3 0x80013ce0 (0xff9ff06f)
core   0: 0x80013cd8 (0x00001f17) auipc   t5, 0x1
core   0: 3 0x80013cd8 (0x00001f17) x30 0x80014cd8
core   0: 0x80013cdc (0x323f2423) sw      gp, 808(t5)
core   0: 3 0x80013cdc (0x323f2423) mem 0x80015000 0x00000001
core   0: 0x80013ce0 (0xff9ff06f) j       pc - 0x8
core   0: 3 0x80013ce0 (0xff9ff06f)
core   0: 0x80013cd8 (0x00001f17) auipc   t5, 0x1
core   0: 3 0x80013cd8 (0x00001f17) x30 0x80014cd8
core   0: 0x80013cdc (0x323f2423) sw      gp, 808(t5)
core   0: 3 0x80013cdc (0x323f2423) mem 0x80015000 0x00000001
core   0: 0x80013ce0 (0xff9ff06f) j       pc - 0x8
core   0: 3 0x80013ce0 (0xff9ff06f)
core   0: 0x80013cd8 (0x00001f17) auipc   t5, 0x1
core   0: 3 0x80013cd8 (0x00001f17) x30 0x80014cd8
core   0: 0x80013cdc (0x323f2423) sw      gp, 808(t5)
core   0: 3 0x80013cdc (0x323f2423) mem 0x80015000 0x00000001
core   0: 0x80013ce0 (0xff9ff06f) j       pc - 0x8
core   0: 3 0x80013ce0 (0xff9ff06f)
core   0: 0x80013cd8 (0x00001f17) auipc   t5, 0x1
core   0: 3 0x80013cd8 (0x00001f17) x30 0x80014cd8
core   0: 0x80013cdc (0x323f2423) sw      gp, 808(t5)
core   0: 3 0x80013cdc (0x323f2423) mem 0x80015000 0x00000001
core   0: 0x80013ce0 (0xff9ff06f) j       pc - 0x8
core   0: 3 0x80013ce0 (0xff9ff06f)
core   0: 0x80013cd8 (0x00001f17) auipc   t5, 0x1
core   0: 3 0x80013cd8 (0x00001f17) x30 0x80014cd8
core   0: 0x80013cdc (0x323f2423) sw      gp, 808(t5)
core   0: 3 0x80013cdc (0x323f2423) mem 0x80015000 0x00000001
core   0: 0x80013ce0 (0xff9ff06f) j       pc - 0x8
core   0: 3 0x80013ce0 (0xff9ff06f)
core   0: 0x80013cd8 (0x00001f17) auipc   t5, 0x1
core   0: 3 0x80013cd8 (0x00001f17) x30 0x80014cd8
core   0: 0x80013cdc (0x323f2423) sw      gp, 808(t5)
core   0: 3 0x80013cdc (0x323f2423) mem 0x80015000 0x00000001
core   0: 0x80013ce0 (0xff9ff06f) j       pc - 0x8
core   0: 3 0x80013ce0 (0xff9ff06f)
core   0: 0x80013cd8 (0x00001f17) auipc   t5, 0x1
core   0: 3 0x80013cd8 (0x00001f17) x30 0x80014cd8
core   0: 0x80013cdc (0x323f2423) sw      gp, 808(t5)
core   0: 3 0x80013cdc (0x323f2423) mem 0x80015000 0x00000001
core   0: 0x80013ce0 (0xff9ff06f) j       pc - 0x8
core   0: 3 0x80013ce0 (0xff9ff06f)
core   0: 0x80013cd8 (0x00001f17) auipc   t5, 0x1
core   0: 3 0x80013cd8 (0x00001f17) x30 0x80014cd8
core   0: 0x80013cdc (0x323f2423) sw      gp, 808(t5)
core   0: 3 0x80013cdc (0x323f2423) mem 0x80015000 0x00000001
core   0: 0x80013ce0 (0xff9ff06f) j       pc - 0x8
core   0: 3 0x80013ce0 (0xff9ff06f)
core   0: 0x80013cd8 (0x00001f17) auipc   t5, 0x1
core   0: 3 0x80013cd8 (0x00001f17) x30 0x80014cd8
core   0: 0x80013cdc (0x323f2423) sw      gp, 808(t5)
core   0: 3 0x80013cdc (0x323f2423) mem 0x80015000 0x00000001
core   0: 0x80013ce0 (0xff9ff06f) j       pc - 0x8
core   0: 3 0x80013ce0 (0xff9ff06f)
core   0: 0x80013cd8 (0x00001f17) auipc   t5, 0x1
core   0: 3 0x80013cd8 (0x00001f17) x30 0x80014cd8
core   0: 0x80013cdc (0x323f2423) sw      gp, 808(t5)
core   0: 3 0x80013cdc (0x323f2423) mem 0x80015000 0x00000001
core   0: 0x80013ce0 (0xff9ff06f) j       pc - 0x8
core   0: 3 0x80013ce0 (0xff9ff06f)
core   0: 0x80013cd8 (0x00001f17) auipc   t5, 0x1
core   0: 3 0x80013cd8 (0x00001f17) x30 0x80014cd8
core   0: 0x80013cdc (0x323f2423) sw      gp, 808(t5)
core   0: 3 0x80013cdc (0x323f2423) mem 0x80015000 0x00000001
core   0: 0x80013ce0 (0xff9ff06f) j       pc - 0x8
core   0: 3 0x80013ce0 (0xff9ff06f)
core   0: 0x80013cd8 (0x00001f17) auipc   t5, 0x1
core   0: 3 0x80013cd8 (0x00001f17) x30 0x80014cd8
core   0: 0x80013cdc (0x323f2423) sw      gp, 808(t5)
core   0: 3 0x80013cdc (0x323f2423) mem 0x80015000 0x00000001
core   0: 0x80013ce0 (0xff9ff06f) j       pc - 0x8
core   0: 3 0x80013ce0 (0xff9ff06f)
core   0: 0x80013cd8 (0x00001f17) auipc   t5, 0x1
core   0: 3 0x80013cd8 (0x00001f17) x30 0x80014cd8
core   0: 0x80013cdc (0x323f2423) sw      gp, 808(t5)
core   0: 3 0x80013cdc (0x323f2423) mem 0x80015000 0x00000001
core   0: 0x80013ce0 (0xff9ff06f) j       pc - 0x8
core   0: 3 0x80013ce0 (0xff9ff06f)
core   0: 0x80013cd8 (0x00001f17) auipc   t5, 0x1
core   0: 3 0x80013cd8 (0x00001f17) x30 0x80014cd8
core   0: 0x80013cdc (0x323f2423) sw      gp, 808(t5)
core   0: 3 0x80013cdc (0x323f2423) mem 0x80015000 0x00000001
core   0: 0x80013ce0 (0xff9ff06f) j       pc - 0x8
core   0: 3 0x80013ce0 (0xff9ff06f)
core   0: 0x80013cd8 (0x00001f17) auipc   t5, 0x1
core   0: 3 0x80013cd8 (0x00001f17) x30 0x80014cd8
core   0: 0x80013cdc (0x323f2423) sw      gp, 808(t5)
core   0: 3 0x80013cdc (0x323f2423) mem 0x80015000 0x00000001
core   0: 0x80013ce0 (0xff9ff06f) j       pc - 0x8
core   0: 3 0x80013ce0 (0xff9ff06f)
core   0: 0x80013cd8 (0x00001f17) auipc   t5, 0x1
core   0: 3 0x80013cd8 (0x00001f17) x30 0x80014cd8
core   0: 0x80013cdc (0x323f2423) sw      gp, 808(t5)
core   0: 3 0x80013cdc (0x323f2423) mem 0x80015000 0x00000001
core   0: 0x80013ce0 (0xff9ff06f) j       pc - 0x8
core   0: 3 0x80013ce0 (0xff9ff06f)
core   0: 0x80013cd8 (0x00001f17) auipc   t5, 0x1
core   0: 3 0x80013cd8 (0x00001f17) x30 0x80014cd8
core   0: 0x80013cdc (0x323f2423) sw      gp, 808(t5)
core   0: 3 0x80013cdc (0x323f2423) mem 0x80015000 0x00000001
core   0: 0x80013ce0 (0xff9ff06f) j       pc - 0x8
core   0: 3 0x80013ce0 (0xff9ff06f)
core   0: 0x80013cd8 (0x00001f17) auipc   t5, 0x1
core   0: 3 0x80013cd8 (0x00001f17) x30 0x80014cd8
core   0: 0x80013cdc (0x323f2423) sw      gp, 808(t5)
core   0: 3 0x80013cdc (0x323f2423) mem 0x80015000 0x00000001
core   0: 0x80013ce0 (0xff9ff06f) j       pc - 0x8
core   0: 3 0x80013ce0 (0xff9ff06f)
core   0: 0x80013cd8 (0x00001f17) auipc   t5, 0x1
core   0: 3 0x80013cd8 (0x00001f17) x30 0x80014cd8
core   0: 0x80013cdc (0x323f2423) sw      gp, 808(t5)
core   0: 3 0x80013cdc (0x323f2423) mem 0x80015000 0x00000001
core   0: 0x80013ce0 (0xff9ff06f) j       pc - 0x8
core   0: 3 0x80013ce0 (0xff9ff06f)
core   0: 0x80013cd8 (0x00001f17) auipc   t5, 0x1
core   0: 3 0x80013cd8 (0x00001f17) x30 0x80014cd8
core   0: 0x80013cdc (0x323f2423) sw      gp, 808(t5)
core   0: 3 0x80013cdc (0x323f2423) mem 0x80015000 0x00000001
core   0: 0x80013ce0 (0xff9ff06f) j       pc - 0x8
core   0: 3 0x80013ce0 (0xff9ff06f)
core   0: 0x80013cd8 (0x00001f17) auipc   t5, 0x1
core   0: 3 0x80013cd8 (0x00001f17) x30 0x80014cd8
core   0: 0x80013cdc (0x323f2423) sw      gp, 808(t5)
core   0: 3 0x80013cdc (0x323f2423) mem 0x80015000 0x00000001
core   0: 0x80013ce0 (0xff9ff06f) j       pc - 0x8
core   0: 3 0x80013ce0 (0xff9ff06f)
core   0: 0x80013cd8 (0x00001f17) auipc   t5, 0x1
core   0: 3 0x80013cd8 (0x00001f17) x30 0x80014cd8
core   0: 0x80013cdc (0x323f2423) sw      gp, 808(t5)
core   0: 3 0x80013cdc (0x323f2423) mem 0x80015000 0x00000001
core   0: 0x80013ce0 (0xff9ff06f) j       pc - 0x8
core   0: 3 0x80013ce0 (0xff9ff06f)
core   0: 0x80013cd8 (0x00001f17) auipc   t5, 0x1
core   0: 3 0x80013cd8 (0x00001f17) x30 0x80014cd8
core   0: 0x80013cdc (0x323f2423) sw      gp, 808(t5)
core   0: 3 0x80013cdc (0x323f2423) mem 0x80015000 0x00000001
core   0: 0x80013ce0 (0xff9ff06f) j       pc - 0x8
core   0: 3 0x80013ce0 (0xff9ff06f)
core   0: 0x80013cd8 (0x00001f17) auipc   t5, 0x1
core   0: 3 0x80013cd8 (0x00001f17) x30 0x80014cd8
core   0: 0x80013cdc (0x323f2423) sw      gp, 808(t5)
core   0: 3 0x80013cdc (0x323f2423) mem 0x80015000 0x00000001
core   0: 0x80013ce0 (0xff9ff06f) j       pc - 0x8
core   0: 3 0x80013ce0 (0xff9ff06f)
core   0: 0x80013cd8 (0x00001f17) auipc   t5, 0x1
core   0: 3 0x80013cd8 (0x00001f17) x30 0x80014cd8
core   0: 0x80013cdc (0x323f2423) sw      gp, 808(t5)
core   0: 3 0x80013cdc (0x323f2423) mem 0x80015000 0x00000001
core   0: 0x80013ce0 (0xff9ff06f) j       pc - 0x8
core   0: 3 0x80013ce0 (0xff9ff06f)
core   0: 0x80013cd8 (0x00001f17) auipc   t5, 0x1
core   0: 3 0x80013cd8 (0x00001f17) x30 0x80014cd8
core   0: 0x80013cdc (0x323f2423) sw      gp, 808(t5)
core   0: 3 0x80013cdc (0x323f2423) mem 0x80015000 0x00000001
core   0: 0x80013ce0 (0xff9ff06f) j       pc - 0x8
core   0: 3 0x80013ce0 (0xff9ff06f)
core   0: 0x80013cd8 (0x00001f17) auipc   t5, 0x1
core   0: 3 0x80013cd8 (0x00001f17) x30 0x80014cd8
core   0: 0x80013cdc (0x323f2423) sw      gp, 808(t5)
core   0: 3 0x80013cdc (0x323f2423) mem 0x80015000 0x00000001
core   0: 0x80013ce0 (0xff9ff06f) j       pc - 0x8
core   0: 3 0x80013ce0 (0xff9ff06f)
core   0: 0x80013cd8 (0x00001f17) auipc   t5, 0x1
core   0: 3 0x80013cd8 (0x00001f17) x30 0x80014cd8
core   0: 0x80013cdc (0x323f2423) sw      gp, 808(t5)
core   0: 3 0x80013cdc (0x323f2423) mem 0x80015000 0x00000001
core   0: 0x80013ce0 (0xff9ff06f) j       pc - 0x8
core   0: 3 0x80013ce0 (0xff9ff06f)
core   0: 0x80013cd8 (0x00001f17) auipc   t5, 0x1
core   0: 3 0x80013cd8 (0x00001f17) x30 0x80014cd8
core   0: 0x80013cdc (0x323f2423) sw      gp, 808(t5)
core   0: 3 0x80013cdc (0x323f2423) mem 0x80015000 0x00000001
core   0: 0x80013ce0 (0xff9ff06f) j       pc - 0x8
core   0: 3 0x80013ce0 (0xff9ff06f)
core   0: 0x80013cd8 (0x00001f17) auipc   t5, 0x1
core   0: 3 0x80013cd8 (0x00001f17) x30 0x80014cd8
core   0: 0x80013cdc (0x323f2423) sw      gp, 808(t5)
core   0: 3 0x80013cdc (0x323f2423) mem 0x80015000 0x00000001
core   0: 0x80013ce0 (0xff9ff06f) j       pc - 0x8
core   0: 3 0x80013ce0 (0xff9ff06f)
core   0: 0x80013cd8 (0x00001f17) auipc   t5, 0x1
core   0: 3 0x80013cd8 (0x00001f17) x30 0x80014cd8
core   0: 0x80013cdc (0x323f2423) sw      gp, 808(t5)
core   0: 3 0x80013cdc (0x323f2423) mem 0x80015000 0x00000001
core   0: 0x80013ce0 (0xff9ff06f) j       pc - 0x8
core   0: 3 0x80013ce0 (0xff9ff06f)
core   0: 0x80013cd8 (0x00001f17) auipc   t5, 0x1
core   0: 3 0x80013cd8 (0x00001f17) x30 0x80014cd8
core   0: 0x80013cdc (0x323f2423) sw      gp, 808(t5)
core   0: 3 0x80013cdc (0x323f2423) mem 0x80015000 0x00000001
core   0: 0x80013ce0 (0xff9ff06f) j       pc - 0x8
core   0: 3 0x80013ce0 (0xff9ff06f)
core   0: 0x80013cd8 (0x00001f17) auipc   t5, 0x1
core   0: 3 0x80013cd8 (0x00001f17) x30 0x80014cd8
core   0: 0x80013cdc (0x323f2423) sw      gp, 808(t5)
core   0: 3 0x80013cdc (0x323f2423) mem 0x80015000 0x00000001
core   0: 0x80013ce0 (0xff9ff06f) j       pc - 0x8
core   0: 3 0x80013ce0 (0xff9ff06f)
core   0: 0x80013cd8 (0x00001f17) auipc   t5, 0x1
core   0: 3 0x80013cd8 (0x00001f17) x30 0x80014cd8
core   0: 0x80013cdc (0x323f2423) sw      gp, 808(t5)
core   0: 3 0x80013cdc (0x323f2423) mem 0x80015000 0x00000001
core   0: 0x80013ce0 (0xff9ff06f) j       pc - 0x8
core   0: 3 0x80013ce0 (0xff9ff06f)
core   0: 0x80013cd8 (0x00001f17) auipc   t5, 0x1
core   0: 3 0x80013cd8 (0x00001f17) x30 0x80014cd8
core   0: 0x80013cdc (0x323f2423) sw      gp, 808(t5)
core   0: 3 0x80013cdc (0x323f2423) mem 0x80015000 0x00000001
core   0: 0x80013ce0 (0xff9ff06f) j       pc - 0x8
core   0: 3 0x80013ce0 (0xff9ff06f)
core   0: 0x80013cd8 (0x00001f17) auipc   t5, 0x1
core   0: 3 0x80013cd8 (0x00001f17) x30 0x80014cd8
core   0: 0x80013cdc (0x323f2423) sw      gp, 808(t5)
core   0: 3 0x80013cdc (0x323f2423) mem 0x80015000 0x00000001
core   0: 0x80013ce0 (0xff9ff06f) j       pc - 0x8
core   0: 3 0x80013ce0 (0xff9ff06f)
core   0: 0x80013cd8 (0x00001f17) auipc   t5, 0x1
core   0: 3 0x80013cd8 (0x00001f17) x30 0x80014cd8
core   0: 0x80013cdc (0x323f2423) sw      gp, 808(t5)
core   0: 3 0x80013cdc (0x323f2423) mem 0x80015000 0x00000001
core   0: 0x80013ce0 (0xff9ff06f) j       pc - 0x8
core   0: 3 0x80013ce0 (0xff9ff06f)
core   0: 0x80013cd8 (0x00001f17) auipc   t5, 0x1
core   0: 3 0x80013cd8 (0x00001f17) x30 0x80014cd8
core   0: 0x80013cdc (0x323f2423) sw      gp, 808(t5)
core   0: 3 0x80013cdc (0x323f2423) mem 0x80015000 0x00000001
core   0: 0x80013ce0 (0xff9ff06f) j       pc - 0x8
core   0: 3 0x80013ce0 (0xff9ff06f)
core   0: 0x80013cd8 (0x00001f17) auipc   t5, 0x1
core   0: 3 0x80013cd8 (0x00001f17) x30 0x80014cd8
core   0: 0x80013cdc (0x323f2423) sw      gp, 808(t5)
core   0: 3 0x80013cdc (0x323f2423) mem 0x80015000 0x00000001
core   0: 0x80013ce0 (0xff9ff06f) j       pc - 0x8
core   0: 3 0x80013ce0 (0xff9ff06f)
core   0: 0x80013cd8 (0x00001f17) auipc   t5, 0x1
core   0: 3 0x80013cd8 (0x00001f17) x30 0x80014cd8
core   0: 0x80013cdc (0x323f2423) sw      gp, 808(t5)
core   0: 3 0x80013cdc (0x323f2423) mem 0x80015000 0x00000001
core   0: 0x80013ce0 (0xff9ff06f) j       pc - 0x8
core   0: 3 0x80013ce0 (0xff9ff06f)
core   0: 0x80013cd8 (0x00001f17) auipc   t5, 0x1
core   0: 3 0x80013cd8 (0x00001f17) x30 0x80014cd8
core   0: 0x80013cdc (0x323f2423) sw      gp, 808(t5)
core   0: 3 0x80013cdc (0x323f2423) mem 0x80015000 0x00000001
core   0: 0x80013ce0 (0xff9ff06f) j       pc - 0x8
core   0: 3 0x80013ce0 (0xff9ff06f)
core   0: 0x80013cd8 (0x00001f17) auipc   t5, 0x1
core   0: 3 0x80013cd8 (0x00001f17) x30 0x80014cd8
core   0: 0x80013cdc (0x323f2423) sw      gp, 808(t5)
core   0: 3 0x80013cdc (0x323f2423) mem 0x80015000 0x00000001
core   0: 0x80013ce0 (0xff9ff06f) j       pc - 0x8
core   0: 3 0x80013ce0 (0xff9ff06f)
core   0: 0x80013cd8 (0x00001f17) auipc   t5, 0x1
core   0: 3 0x80013cd8 (0x00001f17) x30 0x80014cd8
core   0: 0x80013cdc (0x323f2423) sw      gp, 808(t5)
core   0: 3 0x80013cdc (0x323f2423) mem 0x80015000 0x00000001
core   0: 0x80013ce0 (0xff9ff06f) j       pc - 0x8
core   0: 3 0x80013ce0 (0xff9ff06f)
core   0: 0x80013cd8 (0x00001f17) auipc   t5, 0x1
core   0: 3 0x80013cd8 (0x00001f17) x30 0x80014cd8
core   0: 0x80013cdc (0x323f2423) sw      gp, 808(t5)
core   0: 3 0x80013cdc (0x323f2423) mem 0x80015000 0x00000001
core   0: 0x80013ce0 (0xff9ff06f) j       pc - 0x8
core   0: 3 0x80013ce0 (0xff9ff06f)
core   0: 0x80013cd8 (0x00001f17) auipc   t5, 0x1
core   0: 3 0x80013cd8 (0x00001f17) x30 0x80014cd8
core   0: 0x80013cdc (0x323f2423) sw      gp, 808(t5)
core   0: 3 0x80013cdc (0x323f2423) mem 0x80015000 0x00000001
core   0: 0x80013ce0 (0xff9ff06f) j       pc - 0x8
core   0: 3 0x80013ce0 (0xff9ff06f)
core   0: 0x80013cd8 (0x00001f17) auipc   t5, 0x1
core   0: 3 0x80013cd8 (0x00001f17) x30 0x80014cd8
core   0: 0x80013cdc (0x323f2423) sw      gp, 808(t5)
core   0: 3 0x80013cdc (0x323f2423) mem 0x80015000 0x00000001
core   0: 0x80013ce0 (0xff9ff06f) j       pc - 0x8
core   0: 3 0x80013ce0 (0xff9ff06f)
core   0: 0x80013cd8 (0x00001f17) auipc   t5, 0x1
core   0: 3 0x80013cd8 (0x00001f17) x30 0x80014cd8
core   0: 0x80013cdc (0x323f2423) sw      gp, 808(t5)
core   0: 3 0x80013cdc (0x323f2423) mem 0x80015000 0x00000001
core   0: 0x80013ce0 (0xff9ff06f) j       pc - 0x8
core   0: 3 0x80013ce0 (0xff9ff06f)
core   0: 0x80013cd8 (0x00001f17) auipc   t5, 0x1
core   0: 3 0x80013cd8 (0x00001f17) x30 0x80014cd8
core   0: 0x80013cdc (0x323f2423) sw      gp, 808(t5)
core   0: 3 0x80013cdc (0x323f2423) mem 0x80015000 0x00000001
core   0: 0x80013ce0 (0xff9ff06f) j       pc - 0x8
core   0: 3 0x80013ce0 (0xff9ff06f)
core   0: 0x80013cd8 (0x00001f17) auipc   t5, 0x1
core   0: 3 0x80013cd8 (0x00001f17) x30 0x80014cd8
core   0: 0x80013cdc (0x323f2423) sw      gp, 808(t5)
core   0: 3 0x80013cdc (0x323f2423) mem 0x80015000 0x00000001
core   0: 0x80013ce0 (0xff9ff06f) j       pc - 0x8
core   0: 3 0x80013ce0 (0xff9ff06f)
core   0: 0x80013cd8 (0x00001f17) auipc   t5, 0x1
core   0: 3 0x80013cd8 (0x00001f17) x30 0x80014cd8
core   0: 0x80013cdc (0x323f2423) sw      gp, 808(t5)
core   0: 3 0x80013cdc (0x323f2423) mem 0x80015000 0x00000001
core   0: 0x80013ce0 (0xff9ff06f) j       pc - 0x8
core   0: 3 0x80013ce0 (0xff9ff06f)
core   0: 0x80013cd8 (0x00001f17) auipc   t5, 0x1
core   0: 3 0x80013cd8 (0x00001f17) x30 0x80014cd8
core   0: 0x80013cdc (0x323f2423) sw      gp, 808(t5)
core   0: 3 0x80013cdc (0x323f2423) mem 0x80015000 0x00000001
core   0: 0x80013ce0 (0xff9ff06f) j       pc - 0x8
core   0: 3 0x80013ce0 (0xff9ff06f)
core   0: 0x80013cd8 (0x00001f17) auipc   t5, 0x1
core   0: 3 0x80013cd8 (0x00001f17) x30 0x80014cd8
core   0: 0x80013cdc (0x323f2423) sw      gp, 808(t5)
core   0: 3 0x80013cdc (0x323f2423) mem 0x80015000 0x00000001
core   0: 0x80013ce0 (0xff9ff06f) j       pc - 0x8
core   0: 3 0x80013ce0 (0xff9ff06f)
core   0: 0x80013cd8 (0x00001f17) auipc   t5, 0x1
core   0: 3 0x80013cd8 (0x00001f17) x30 0x80014cd8
core   0: 0x80013cdc (0x323f2423) sw      gp, 808(t5)
core   0: 3 0x80013cdc (0x323f2423) mem 0x80015000 0x00000001
core   0: 0x80013ce0 (0xff9ff06f) j       pc - 0x8
core   0: 3 0x80013ce0 (0xff9ff06f)
core   0: 0x80013cd8 (0x00001f17) auipc   t5, 0x1
core   0: 3 0x80013cd8 (0x00001f17) x30 0x80014cd8
core   0: 0x80013cdc (0x323f2423) sw      gp, 808(t5)
core   0: 3 0x80013cdc (0x323f2423) mem 0x80015000 0x00000001
core   0: 0x80013ce0 (0xff9ff06f) j       pc - 0x8
core   0: 3 0x80013ce0 (0xff9ff06f)
core   0: 0x80013cd8 (0x00001f17) auipc   t5, 0x1
core   0: 3 0x80013cd8 (0x00001f17) x30 0x80014cd8
core   0: 0x80013cdc (0x323f2423) sw      gp, 808(t5)
core   0: 3 0x80013cdc (0x323f2423) mem 0x80015000 0x00000001
core   0: 0x80013ce0 (0xff9ff06f) j       pc - 0x8
core   0: 3 0x80013ce0 (0xff9ff06f)
core   0: 0x80013cd8 (0x00001f17) auipc   t5, 0x1
core   0: 3 0x80013cd8 (0x00001f17) x30 0x80014cd8
core   0: 0x80013cdc (0x323f2423) sw      gp, 808(t5)
core   0: 3 0x80013cdc (0x323f2423) mem 0x80015000 0x00000001
core   0: 0x80013ce0 (0xff9ff06f) j       pc - 0x8
core   0: 3 0x80013ce0 (0xff9ff06f)
core   0: 0x80013cd8 (0x00001f17) auipc   t5, 0x1
core   0: 3 0x80013cd8 (0x00001f17) x30 0x80014cd8
core   0: 0x80013cdc (0x323f2423) sw      gp, 808(t5)
core   0: 3 0x80013cdc (0x323f2423) mem 0x80015000 0x00000001
core   0: 0x80013ce0 (0xff9ff06f) j       pc - 0x8
core   0: 3 0x80013ce0 (0xff9ff06f)
core   0: 0x80013cd8 (0x00001f17) auipc   t5, 0x1
core   0: 3 0x80013cd8 (0x00001f17) x30 0x80014cd8
core   0: 0x80013cdc (0x323f2423) sw      gp, 808(t5)
core   0: 3 0x80013cdc (0x323f2423) mem 0x80015000 0x00000001
core   0: 0x80013ce0 (0xff9ff06f) j       pc - 0x8
core   0: 3 0x80013ce0 (0xff9ff06f)
core   0: 0x80013cd8 (0x00001f17) auipc   t5, 0x1
core   0: 3 0x80013cd8 (0x00001f17) x30 0x80014cd8
core   0: 0x80013cdc (0x323f2423) sw      gp, 808(t5)
core   0: 3 0x80013cdc (0x323f2423) mem 0x80015000 0x00000001
core   0: 0x80013ce0 (0xff9ff06f) j       pc - 0x8
core   0: 3 0x80013ce0 (0xff9ff06f)
core   0: 0x80013cd8 (0x00001f17) auipc   t5, 0x1
core   0: 3 0x80013cd8 (0x00001f17) x30 0x80014cd8
core   0: 0x80013cdc (0x323f2423) sw      gp, 808(t5)
core   0: 3 0x80013cdc (0x323f2423) mem 0x80015000 0x00000001
core   0: 0x80013ce0 (0xff9ff06f) j       pc - 0x8
core   0: 3 0x80013ce0 (0xff9ff06f)
core   0: 0x80013cd8 (0x00001f17) auipc   t5, 0x1
core   0: 3 0x80013cd8 (0x00001f17) x30 0x80014cd8
core   0: 0x80013cdc (0x323f2423) sw      gp, 808(t5)
core   0: 3 0x80013cdc (0x323f2423) mem 0x80015000 0x00000001
core   0: 0x80013ce0 (0xff9ff06f) j       pc - 0x8
core   0: 3 0x80013ce0 (0xff9ff06f)
core   0: 0x80013cd8 (0x00001f17) auipc   t5, 0x1
core   0: 3 0x80013cd8 (0x00001f17) x30 0x80014cd8
core   0: 0x80013cdc (0x323f2423) sw      gp, 808(t5)
core   0: 3 0x80013cdc (0x323f2423) mem 0x80015000 0x00000001
core   0: 0x80013ce0 (0xff9ff06f) j       pc - 0x8
core   0: 3 0x80013ce0 (0xff9ff06f)
core   0: 0x80013cd8 (0x00001f17) auipc   t5, 0x1
core   0: 3 0x80013cd8 (0x00001f17) x30 0x80014cd8
core   0: 0x80013cdc (0x323f2423) sw      gp, 808(t5)
core   0: 3 0x80013cdc (0x323f2423) mem 0x80015000 0x00000001
core   0: 0x80013ce0 (0xff9ff06f) j       pc - 0x8
core   0: 3 0x80013ce0 (0xff9ff06f)
core   0: 0x80013cd8 (0x00001f17) auipc   t5, 0x1
core   0: 3 0x80013cd8 (0x00001f17) x30 0x80014cd8
core   0: 0x80013cdc (0x323f2423) sw      gp, 808(t5)
core   0: 3 0x80013cdc (0x323f2423) mem 0x80015000 0x00000001
core   0: 0x80013ce0 (0xff9ff06f) j       pc - 0x8
core   0: 3 0x80013ce0 (0xff9ff06f)
core   0: 0x80013cd8 (0x00001f17) auipc   t5, 0x1
core   0: 3 0x80013cd8 (0x00001f17) x30 0x80014cd8
core   0: 0x80013cdc (0x323f2423) sw      gp, 808(t5)
core   0: 3 0x80013cdc (0x323f2423) mem 0x80015000 0x00000001
core   0: 0x80013ce0 (0xff9ff06f) j       pc - 0x8
core   0: 3 0x80013ce0 (0xff9ff06f)
core   0: 0x80013cd8 (0x00001f17) auipc   t5, 0x1
core   0: 3 0x80013cd8 (0x00001f17) x30 0x80014cd8
core   0: 0x80013cdc (0x323f2423) sw      gp, 808(t5)
core   0: 3 0x80013cdc (0x323f2423) mem 0x80015000 0x00000001
core   0: 0x80013ce0 (0xff9ff06f) j       pc - 0x8
core   0: 3 0x80013ce0 (0xff9ff06f)
core   0: 0x80013cd8 (0x00001f17) auipc   t5, 0x1
core   0: 3 0x80013cd8 (0x00001f17) x30 0x80014cd8
core   0: 0x80013cdc (0x323f2423) sw      gp, 808(t5)
core   0: 3 0x80013cdc (0x323f2423) mem 0x80015000 0x00000001
core   0: 0x80013ce0 (0xff9ff06f) j       pc - 0x8
core   0: 3 0x80013ce0 (0xff9ff06f)
core   0: 0x80013cd8 (0x00001f17) auipc   t5, 0x1
core   0: 3 0x80013cd8 (0x00001f17) x30 0x80014cd8
core   0: 0x80013cdc (0x323f2423) sw      gp, 808(t5)
core   0: 3 0x80013cdc (0x323f2423) mem 0x80015000 0x00000001
core   0: 0x80013ce0 (0xff9ff06f) j       pc - 0x8
core   0: 3 0x80013ce0 (0xff9ff06f)
core   0: 0x80013cd8 (0x00001f17) auipc   t5, 0x1
core   0: 3 0x80013cd8 (0x00001f17) x30 0x80014cd8
core   0: 0x80013cdc (0x323f2423) sw      gp, 808(t5)
core   0: 3 0x80013cdc (0x323f2423) mem 0x80015000 0x00000001
core   0: 0x80013ce0 (0xff9ff06f) j       pc - 0x8
core   0: 3 0x80013ce0 (0xff9ff06f)
core   0: 0x80013cd8 (0x00001f17) auipc   t5, 0x1
core   0: 3 0x80013cd8 (0x00001f17) x30 0x80014cd8
core   0: 0x80013cdc (0x323f2423) sw      gp, 808(t5)
core   0: 3 0x80013cdc (0x323f2423) mem 0x80015000 0x00000001
core   0: 0x80013ce0 (0xff9ff06f) j       pc - 0x8
core   0: 3 0x80013ce0 (0xff9ff06f)
core   0: 0x80013cd8 (0x00001f17) auipc   t5, 0x1
core   0: 3 0x80013cd8 (0x00001f17) x30 0x80014cd8
core   0: 0x80013cdc (0x323f2423) sw      gp, 808(t5)
core   0: 3 0x80013cdc (0x323f2423) mem 0x80015000 0x00000001
core   0: 0x80013ce0 (0xff9ff06f) j       pc - 0x8
core   0: 3 0x80013ce0 (0xff9ff06f)
core   0: 0x80013cd8 (0x00001f17) auipc   t5, 0x1
core   0: 3 0x80013cd8 (0x00001f17) x30 0x80014cd8
core   0: 0x80013cdc (0x323f2423) sw      gp, 808(t5)
core   0: 3 0x80013cdc (0x323f2423) mem 0x80015000 0x00000001
core   0: 0x80013ce0 (0xff9ff06f) j       pc - 0x8
core   0: 3 0x80013ce0 (0xff9ff06f)
core   0: 0x80013cd8 (0x00001f17) auipc   t5, 0x1
core   0: 3 0x80013cd8 (0x00001f17) x30 0x80014cd8
core   0: 0x80013cdc (0x323f2423) sw      gp, 808(t5)
core   0: 3 0x80013cdc (0x323f2423) mem 0x80015000 0x00000001
core   0: 0x80013ce0 (0xff9ff06f) j       pc - 0x8
core   0: 3 0x80013ce0 (0xff9ff06f)
core   0: 0x80013cd8 (0x00001f17) auipc   t5, 0x1
core   0: 3 0x80013cd8 (0x00001f17) x30 0x80014cd8
core   0: 0x80013cdc (0x323f2423) sw      gp, 808(t5)
core   0: 3 0x80013cdc (0x323f2423) mem 0x80015000 0x00000001
core   0: 0x80013ce0 (0xff9ff06f) j       pc - 0x8
core   0: 3 0x80013ce0 (0xff9ff06f)
core   0: 0x80013cd8 (0x00001f17) auipc   t5, 0x1
core   0: 3 0x80013cd8 (0x00001f17) x30 0x80014cd8
core   0: 0x80013cdc (0x323f2423) sw      gp, 808(t5)
core   0: 3 0x80013cdc (0x323f2423) mem 0x80015000 0x00000001
core   0: 0x80013ce0 (0xff9ff06f) j       pc - 0x8
core   0: 3 0x80013ce0 (0xff9ff06f)
core   0: 0x80013cd8 (0x00001f17) auipc   t5, 0x1
core   0: 3 0x80013cd8 (0x00001f17) x30 0x80014cd8
core   0: 0x80013cdc (0x323f2423) sw      gp, 808(t5)
core   0: 3 0x80013cdc (0x323f2423) mem 0x80015000 0x00000001
core   0: 0x80013ce0 (0xff9ff06f) j       pc - 0x8
core   0: 3 0x80013ce0 (0xff9ff06f)
core   0: 0x80013cd8 (0x00001f17) auipc   t5, 0x1
core   0: 3 0x80013cd8 (0x00001f17) x30 0x80014cd8
core   0: 0x80013cdc (0x323f2423) sw      gp, 808(t5)
core   0: 3 0x80013cdc (0x323f2423) mem 0x80015000 0x00000001
core   0: 0x80013ce0 (0xff9ff06f) j       pc - 0x8
core   0: 3 0x80013ce0 (0xff9ff06f)
core   0: 0x80013cd8 (0x00001f17) auipc   t5, 0x1
core   0: 3 0x80013cd8 (0x00001f17) x30 0x80014cd8
core   0: 0x80013cdc (0x323f2423) sw      gp, 808(t5)
core   0: 3 0x80013cdc (0x323f2423) mem 0x80015000 0x00000001
core   0: 0x80013ce0 (0xff9ff06f) j       pc - 0x8
core   0: 3 0x80013ce0 (0xff9ff06f)
core   0: 0x80013cd8 (0x00001f17) auipc   t5, 0x1
core   0: 3 0x80013cd8 (0x00001f17) x30 0x80014cd8
core   0: 0x80013cdc (0x323f2423) sw      gp, 808(t5)
core   0: 3 0x80013cdc (0x323f2423) mem 0x80015000 0x00000001
core   0: 0x80013ce0 (0xff9ff06f) j       pc - 0x8
core   0: 3 0x80013ce0 (0xff9ff06f)
core   0: 0x80013cd8 (0x00001f17) auipc   t5, 0x1
core   0: 3 0x80013cd8 (0x00001f17) x30 0x80014cd8
core   0: 0x80013cdc (0x323f2423) sw      gp, 808(t5)
core   0: 3 0x80013cdc (0x323f2423) mem 0x80015000 0x00000001
core   0: 0x80013ce0 (0xff9ff06f) j       pc - 0x8
core   0: 3 0x80013ce0 (0xff9ff06f)
core   0: 0x80013cd8 (0x00001f17) auipc   t5, 0x1
core   0: 3 0x80013cd8 (0x00001f17) x30 0x80014cd8
core   0: 0x80013cdc (0x323f2423) sw      gp, 808(t5)
core   0: 3 0x80013cdc (0x323f2423) mem 0x80015000 0x00000001
core   0: 0x80013ce0 (0xff9ff06f) j       pc - 0x8
core   0: 3 0x80013ce0 (0xff9ff06f)
core   0: 0x80013cd8 (0x00001f17) auipc   t5, 0x1
core   0: 3 0x80013cd8 (0x00001f17) x30 0x80014cd8
core   0: 0x80013cdc (0x323f2423) sw      gp, 808(t5)
core   0: 3 0x80013cdc (0x323f2423) mem 0x80015000 0x00000001
core   0: 0x80013ce0 (0xff9ff06f) j       pc - 0x8
core   0: 3 0x80013ce0 (0xff9ff06f)
core   0: 0x80013cd8 (0x00001f17) auipc   t5, 0x1
core   0: 3 0x80013cd8 (0x00001f17) x30 0x80014cd8
core   0: 0x80013cdc (0x323f2423) sw      gp, 808(t5)
core   0: 3 0x80013cdc (0x323f2423) mem 0x80015000 0x00000001
core   0: 0x80013ce0 (0xff9ff06f) j       pc - 0x8
core   0: 3 0x80013ce0 (0xff9ff06f)
core   0: 0x80013cd8 (0x00001f17) auipc   t5, 0x1
core   0: 3 0x80013cd8 (0x00001f17) x30 0x80014cd8
core   0: 0x80013cdc (0x323f2423) sw      gp, 808(t5)
core   0: 3 0x80013cdc (0x323f2423) mem 0x80015000 0x00000001
core   0: 0x80013ce0 (0xff9ff06f) j       pc - 0x8
core   0: 3 0x80013ce0 (0xff9ff06f)
core   0: 0x80013cd8 (0x00001f17) auipc   t5, 0x1
core   0: 3 0x80013cd8 (0x00001f17) x30 0x80014cd8
core   0: 0x80013cdc (0x323f2423) sw      gp, 808(t5)
core   0: 3 0x80013cdc (0x323f2423) mem 0x80015000 0x00000001
core   0: 0x80013ce0 (0xff9ff06f) j       pc - 0x8
core   0: 3 0x80013ce0 (0xff9ff06f)
core   0: 0x80013cd8 (0x00001f17) auipc   t5, 0x1
core   0: 3 0x80013cd8 (0x00001f17) x30 0x80014cd8
core   0: 0x80013cdc (0x323f2423) sw      gp, 808(t5)
core   0: 3 0x80013cdc (0x323f2423) mem 0x80015000 0x00000001
core   0: 0x80013ce0 (0xff9ff06f) j       pc - 0x8
core   0: 3 0x80013ce0 (0xff9ff06f)
core   0: 0x80013cd8 (0x00001f17) auipc   t5, 0x1
core   0: 3 0x80013cd8 (0x00001f17) x30 0x80014cd8
core   0: 0x80013cdc (0x323f2423) sw      gp, 808(t5)
core   0: 3 0x80013cdc (0x323f2423) mem 0x80015000 0x00000001
core   0: 0x80013ce0 (0xff9ff06f) j       pc - 0x8
core   0: 3 0x80013ce0 (0xff9ff06f)
core   0: 0x80013cd8 (0x00001f17) auipc   t5, 0x1
core   0: 3 0x80013cd8 (0x00001f17) x30 0x80014cd8
core   0: 0x80013cdc (0x323f2423) sw      gp, 808(t5)
core   0: 3 0x80013cdc (0x323f2423) mem 0x80015000 0x00000001
core   0: 0x80013ce0 (0xff9ff06f) j       pc - 0x8
core   0: 3 0x80013ce0 (0xff9ff06f)
core   0: 0x80013cd8 (0x00001f17) auipc   t5, 0x1
core   0: 3 0x80013cd8 (0x00001f17) x30 0x80014cd8
core   0: 0x80013cdc (0x323f2423) sw      gp, 808(t5)
core   0: 3 0x80013cdc (0x323f2423) mem 0x80015000 0x00000001
core   0: 0x80013ce0 (0xff9ff06f) j       pc - 0x8
core   0: 3 0x80013ce0 (0xff9ff06f)
core   0: 0x80013cd8 (0x00001f17) auipc   t5, 0x1
core   0: 3 0x80013cd8 (0x00001f17) x30 0x80014cd8
core   0: 0x80013cdc (0x323f2423) sw      gp, 808(t5)
core   0: 3 0x80013cdc (0x323f2423) mem 0x80015000 0x00000001
core   0: 0x80013ce0 (0xff9ff06f) j       pc - 0x8
core   0: 3 0x80013ce0 (0xff9ff06f)
core   0: 0x80013cd8 (0x00001f17) auipc   t5, 0x1
core   0: 3 0x80013cd8 (0x00001f17) x30 0x80014cd8
core   0: 0x80013cdc (0x323f2423) sw      gp, 808(t5)
core   0: 3 0x80013cdc (0x323f2423) mem 0x80015000 0x00000001
core   0: 0x80013ce0 (0xff9ff06f) j       pc - 0x8
core   0: 3 0x80013ce0 (0xff9ff06f)
core   0: 0x80013cd8 (0x00001f17) auipc   t5, 0x1
core   0: 3 0x80013cd8 (0x00001f17) x30 0x80014cd8
core   0: 0x80013cdc (0x323f2423) sw      gp, 808(t5)
core   0: 3 0x80013cdc (0x323f2423) mem 0x80015000 0x00000001
core   0: 0x80013ce0 (0xff9ff06f) j       pc - 0x8
core   0: 3 0x80013ce0 (0xff9ff06f)
core   0: 0x80013cd8 (0x00001f17) auipc   t5, 0x1
core   0: 3 0x80013cd8 (0x00001f17) x30 0x80014cd8
core   0: 0x80013cdc (0x323f2423) sw      gp, 808(t5)
core   0: 3 0x80013cdc (0x323f2423) mem 0x80015000 0x00000001
core   0: 0x80013ce0 (0xff9ff06f) j       pc - 0x8
core   0: 3 0x80013ce0 (0xff9ff06f)
core   0: 0x80013cd8 (0x00001f17) auipc   t5, 0x1
core   0: 3 0x80013cd8 (0x00001f17) x30 0x80014cd8
core   0: 0x80013cdc (0x323f2423) sw      gp, 808(t5)
core   0: 3 0x80013cdc (0x323f2423) mem 0x80015000 0x00000001
core   0: 0x80013ce0 (0xff9ff06f) j       pc - 0x8
core   0: 3 0x80013ce0 (0xff9ff06f)
core   0: 0x80013cd8 (0x00001f17) auipc   t5, 0x1
core   0: 3 0x80013cd8 (0x00001f17) x30 0x80014cd8
core   0: 0x80013cdc (0x323f2423) sw      gp, 808(t5)
core   0: 3 0x80013cdc (0x323f2423) mem 0x80015000 0x00000001
core   0: 0x80013ce0 (0xff9ff06f) j       pc - 0x8
core   0: 3 0x80013ce0 (0xff9ff06f)
core   0: 0x80013cd8 (0x00001f17) auipc   t5, 0x1
core   0: 3 0x80013cd8 (0x00001f17) x30 0x80014cd8
core   0: 0x80013cdc (0x323f2423) sw      gp, 808(t5)
core   0: 3 0x80013cdc (0x323f2423) mem 0x80015000 0x00000001
core   0: 0x80013ce0 (0xff9ff06f) j       pc - 0x8
core   0: 3 0x80013ce0 (0xff9ff06f)
core   0: 0x80013cd8 (0x00001f17) auipc   t5, 0x1
core   0: 3 0x80013cd8 (0x00001f17) x30 0x80014cd8
core   0: 0x80013cdc (0x323f2423) sw      gp, 808(t5)
core   0: 3 0x80013cdc (0x323f2423) mem 0x80015000 0x00000001
core   0: 0x80013ce0 (0xff9ff06f) j       pc - 0x8
core   0: 3 0x80013ce0 (0xff9ff06f)
core   0: 0x80013cd8 (0x00001f17) auipc   t5, 0x1
core   0: 3 0x80013cd8 (0x00001f17) x30 0x80014cd8
core   0: 0x80013cdc (0x323f2423) sw      gp, 808(t5)
core   0: 3 0x80013cdc (0x323f2423) mem 0x80015000 0x00000001
core   0: 0x80013ce0 (0xff9ff06f) j       pc - 0x8
core   0: 3 0x80013ce0 (0xff9ff06f)
core   0: 0x80013cd8 (0x00001f17) auipc   t5, 0x1
core   0: 3 0x80013cd8 (0x00001f17) x30 0x80014cd8
core   0: 0x80013cdc (0x323f2423) sw      gp, 808(t5)
core   0: 3 0x80013cdc (0x323f2423) mem 0x80015000 0x00000001
core   0: 0x80013ce0 (0xff9ff06f) j       pc - 0x8
core   0: 3 0x80013ce0 (0xff9ff06f)
core   0: 0x80013cd8 (0x00001f17) auipc   t5, 0x1
core   0: 3 0x80013cd8 (0x00001f17) x30 0x80014cd8
core   0: 0x80013cdc (0x323f2423) sw      gp, 808(t5)
core   0: 3 0x80013cdc (0x323f2423) mem 0x80015000 0x00000001
core   0: 0x80013ce0 (0xff9ff06f) j       pc - 0x8
core   0: 3 0x80013ce0 (0xff9ff06f)
core   0: 0x80013cd8 (0x00001f17) auipc   t5, 0x1
core   0: 3 0x80013cd8 (0x00001f17) x30 0x80014cd8
core   0: 0x80013cdc (0x323f2423) sw      gp, 808(t5)
core   0: 3 0x80013cdc (0x323f2423) mem 0x80015000 0x00000001
core   0: 0x80013ce0 (0xff9ff06f) j       pc - 0x8
core   0: 3 0x80013ce0 (0xff9ff06f)
core   0: 0x80013cd8 (0x00001f17) auipc   t5, 0x1
core   0: 3 0x80013cd8 (0x00001f17) x30 0x80014cd8
core   0: 0x80013cdc (0x323f2423) sw      gp, 808(t5)
core   0: 3 0x80013cdc (0x323f2423) mem 0x80015000 0x00000001
core   0: 0x80013ce0 (0xff9ff06f) j       pc - 0x8
core   0: 3 0x80013ce0 (0xff9ff06f)
core   0: 0x80013cd8 (0x00001f17) auipc   t5, 0x1
core   0: 3 0x80013cd8 (0x00001f17) x30 0x80014cd8
core   0: 0x80013cdc (0x323f2423) sw      gp, 808(t5)
core   0: 3 0x80013cdc (0x323f2423) mem 0x80015000 0x00000001
core   0: 0x80013ce0 (0xff9ff06f) j       pc - 0x8
core   0: 3 0x80013ce0 (0xff9ff06f)
core   0: 0x80013cd8 (0x00001f17) auipc   t5, 0x1
core   0: 3 0x80013cd8 (0x00001f17) x30 0x80014cd8
core   0: 0x80013cdc (0x323f2423) sw      gp, 808(t5)
core   0: 3 0x80013cdc (0x323f2423) mem 0x80015000 0x00000001
core   0: 0x80013ce0 (0xff9ff06f) j       pc - 0x8
core   0: 3 0x80013ce0 (0xff9ff06f)
core   0: 0x80013cd8 (0x00001f17) auipc   t5, 0x1
core   0: 3 0x80013cd8 (0x00001f17) x30 0x80014cd8
core   0: 0x80013cdc (0x323f2423) sw      gp, 808(t5)
core   0: 3 0x80013cdc (0x323f2423) mem 0x80015000 0x00000001
core   0: 0x80013ce0 (0xff9ff06f) j       pc - 0x8
core   0: 3 0x80013ce0 (0xff9ff06f)
core   0: 0x80013cd8 (0x00001f17) auipc   t5, 0x1
core   0: 3 0x80013cd8 (0x00001f17) x30 0x80014cd8
core   0: 0x80013cdc (0x323f2423) sw      gp, 808(t5)
core   0: 3 0x80013cdc (0x323f2423) mem 0x80015000 0x00000001
core   0: 0x80013ce0 (0xff9ff06f) j       pc - 0x8
core   0: 3 0x80013ce0 (0xff9ff06f)
core   0: 0x80013cd8 (0x00001f17) auipc   t5, 0x1
core   0: 3 0x80013cd8 (0x00001f17) x30 0x80014cd8
core   0: 0x80013cdc (0x323f2423) sw      gp, 808(t5)
core   0: 3 0x80013cdc (0x323f2423) mem 0x80015000 0x00000001
core   0: 0x80013ce0 (0xff9ff06f) j       pc - 0x8
core   0: 3 0x80013ce0 (0xff9ff06f)
core   0: 0x80013cd8 (0x00001f17) auipc   t5, 0x1
core   0: 3 0x80013cd8 (0x00001f17) x30 0x80014cd8
core   0: 0x80013cdc (0x323f2423) sw      gp, 808(t5)
core   0: 3 0x80013cdc (0x323f2423) mem 0x80015000 0x00000001
core   0: 0x80013ce0 (0xff9ff06f) j       pc - 0x8
core   0: 3 0x80013ce0 (0xff9ff06f)
core   0: 0x80013cd8 (0x00001f17) auipc   t5, 0x1
core   0: 3 0x80013cd8 (0x00001f17) x30 0x80014cd8
core   0: 0x80013cdc (0x323f2423) sw      gp, 808(t5)
core   0: 3 0x80013cdc (0x323f2423) mem 0x80015000 0x00000001
core   0: 0x80013ce0 (0xff9ff06f) j       pc - 0x8
core   0: 3 0x80013ce0 (0xff9ff06f)
core   0: 0x80013cd8 (0x00001f17) auipc   t5, 0x1
core   0: 3 0x80013cd8 (0x00001f17) x30 0x80014cd8
core   0: 0x80013cdc (0x323f2423) sw      gp, 808(t5)
core   0: 3 0x80013cdc (0x323f2423) mem 0x80015000 0x00000001
core   0: 0x80013ce0 (0xff9ff06f) j       pc - 0x8
core   0: 3 0x80013ce0 (0xff9ff06f)
core   0: 0x80013cd8 (0x00001f17) auipc   t5, 0x1
core   0: 3 0x80013cd8 (0x00001f17) x30 0x80014cd8
core   0: 0x80013cdc (0x323f2423) sw      gp, 808(t5)
core   0: 3 0x80013cdc (0x323f2423) mem 0x80015000 0x00000001
core   0: 0x80013ce0 (0xff9ff06f) j       pc - 0x8
core   0: 3 0x80013ce0 (0xff9ff06f)
core   0: 0x80013cd8 (0x00001f17) auipc   t5, 0x1
core   0: 3 0x80013cd8 (0x00001f17) x30 0x80014cd8
core   0: 0x80013cdc (0x323f2423) sw      gp, 808(t5)
core   0: 3 0x80013cdc (0x323f2423) mem 0x80015000 0x00000001
core   0: 0x80013ce0 (0xff9ff06f) j       pc - 0x8
core   0: 3 0x80013ce0 (0xff9ff06f)
core   0: 0x80013cd8 (0x00001f17) auipc   t5, 0x1
core   0: 3 0x80013cd8 (0x00001f17) x30 0x80014cd8
core   0: 0x80013cdc (0x323f2423) sw      gp, 808(t5)
core   0: 3 0x80013cdc (0x323f2423) mem 0x80015000 0x00000001
core   0: 0x80013ce0 (0xff9ff06f) j       pc - 0x8
core   0: 3 0x80013ce0 (0xff9ff06f)
core   0: 0x80013cd8 (0x00001f17) auipc   t5, 0x1
core   0: 3 0x80013cd8 (0x00001f17) x30 0x80014cd8
core   0: 0x80013cdc (0x323f2423) sw      gp, 808(t5)
core   0: 3 0x80013cdc (0x323f2423) mem 0x80015000 0x00000001
core   0: 0x80013ce0 (0xff9ff06f) j       pc - 0x8
core   0: 3 0x80013ce0 (0xff9ff06f)
core   0: 0x80013cd8 (0x00001f17) auipc   t5, 0x1
core   0: 3 0x80013cd8 (0x00001f17) x30 0x80014cd8
core   0: 0x80013cdc (0x323f2423) sw      gp, 808(t5)
core   0: 3 0x80013cdc (0x323f2423) mem 0x80015000 0x00000001
core   0: 0x80013ce0 (0xff9ff06f) j       pc - 0x8
core   0: 3 0x80013ce0 (0xff9ff06f)
core   0: 0x80013cd8 (0x00001f17) auipc   t5, 0x1
core   0: 3 0x80013cd8 (0x00001f17) x30 0x80014cd8
core   0: 0x80013cdc (0x323f2423) sw      gp, 808(t5)
core   0: 3 0x80013cdc (0x323f2423) mem 0x80015000 0x00000001
core   0: 0x80013ce0 (0xff9ff06f) j       pc - 0x8
core   0: 3 0x80013ce0 (0xff9ff06f)
core   0: 0x80013cd8 (0x00001f17) auipc   t5, 0x1
core   0: 3 0x80013cd8 (0x00001f17) x30 0x80014cd8
core   0: 0x80013cdc (0x323f2423) sw      gp, 808(t5)
core   0: 3 0x80013cdc (0x323f2423) mem 0x80015000 0x00000001
core   0: 0x80013ce0 (0xff9ff06f) j       pc - 0x8
core   0: 3 0x80013ce0 (0xff9ff06f)
core   0: 0x80013cd8 (0x00001f17) auipc   t5, 0x1
core   0: 3 0x80013cd8 (0x00001f17) x30 0x80014cd8
core   0: 0x80013cdc (0x323f2423) sw      gp, 808(t5)
core   0: 3 0x80013cdc (0x323f2423) mem 0x80015000 0x00000001
core   0: 0x80013ce0 (0xff9ff06f) j       pc - 0x8
core   0: 3 0x80013ce0 (0xff9ff06f)
core   0: 0x80013cd8 (0x00001f17) auipc   t5, 0x1
core   0: 3 0x80013cd8 (0x00001f17) x30 0x80014cd8
core   0: 0x80013cdc (0x323f2423) sw      gp, 808(t5)
core   0: 3 0x80013cdc (0x323f2423) mem 0x80015000 0x00000001
core   0: 0x80013ce0 (0xff9ff06f) j       pc - 0x8
core   0: 3 0x80013ce0 (0xff9ff06f)
core   0: 0x80013cd8 (0x00001f17) auipc   t5, 0x1
core   0: 3 0x80013cd8 (0x00001f17) x30 0x80014cd8
core   0: 0x80013cdc (0x323f2423) sw      gp, 808(t5)
core   0: 3 0x80013cdc (0x323f2423) mem 0x80015000 0x00000001
core   0: 0x80013ce0 (0xff9ff06f) j       pc - 0x8
core   0: 3 0x80013ce0 (0xff9ff06f)
core   0: 0x80013cd8 (0x00001f17) auipc   t5, 0x1
core   0: 3 0x80013cd8 (0x00001f17) x30 0x80014cd8
core   0: 0x80013cdc (0x323f2423) sw      gp, 808(t5)
core   0: 3 0x80013cdc (0x323f2423) mem 0x80015000 0x00000001
core   0: 0x80013ce0 (0xff9ff06f) j       pc - 0x8
core   0: 3 0x80013ce0 (0xff9ff06f)
core   0: 0x80013cd8 (0x00001f17) auipc   t5, 0x1
core   0: 3 0x80013cd8 (0x00001f17) x30 0x80014cd8
core   0: 0x80013cdc (0x323f2423) sw      gp, 808(t5)
core   0: 3 0x80013cdc (0x323f2423) mem 0x80015000 0x00000001
core   0: 0x80013ce0 (0xff9ff06f) j       pc - 0x8
core   0: 3 0x80013ce0 (0xff9ff06f)
core   0: 0x80013cd8 (0x00001f17) auipc   t5, 0x1
core   0: 3 0x80013cd8 (0x00001f17) x30 0x80014cd8
core   0: 0x80013cdc (0x323f2423) sw      gp, 808(t5)
core   0: 3 0x80013cdc (0x323f2423) mem 0x80015000 0x00000001
core   0: 0x80013ce0 (0xff9ff06f) j       pc - 0x8
core   0: 3 0x80013ce0 (0xff9ff06f)
core   0: 0x80013cd8 (0x00001f17) auipc   t5, 0x1
core   0: 3 0x80013cd8 (0x00001f17) x30 0x80014cd8
core   0: 0x80013cdc (0x323f2423) sw      gp, 808(t5)
core   0: 3 0x80013cdc (0x323f2423) mem 0x80015000 0x00000001
core   0: 0x80013ce0 (0xff9ff06f) j       pc - 0x8
core   0: 3 0x80013ce0 (0xff9ff06f)
core   0: 0x80013cd8 (0x00001f17) auipc   t5, 0x1
core   0: 3 0x80013cd8 (0x00001f17) x30 0x80014cd8
core   0: 0x80013cdc (0x323f2423) sw      gp, 808(t5)
core   0: 3 0x80013cdc (0x323f2423) mem 0x80015000 0x00000001
core   0: 0x80013ce0 (0xff9ff06f) j       pc - 0x8
core   0: 3 0x80013ce0 (0xff9ff06f)
core   0: 0x80013cd8 (0x00001f17) auipc   t5, 0x1
core   0: 3 0x80013cd8 (0x00001f17) x30 0x80014cd8
core   0: 0x80013cdc (0x323f2423) sw      gp, 808(t5)
core   0: 3 0x80013cdc (0x323f2423) mem 0x80015000 0x00000001
core   0: 0x80013ce0 (0xff9ff06f) j       pc - 0x8
core   0: 3 0x80013ce0 (0xff9ff06f)
core   0: 0x80013cd8 (0x00001f17) auipc   t5, 0x1
core   0: 3 0x80013cd8 (0x00001f17) x30 0x80014cd8
core   0: 0x80013cdc (0x323f2423) sw      gp, 808(t5)
core   0: 3 0x80013cdc (0x323f2423) mem 0x80015000 0x00000001
core   0: 0x80013ce0 (0xff9ff06f) j       pc - 0x8
core   0: 3 0x80013ce0 (0xff9ff06f)
core   0: 0x80013cd8 (0x00001f17) auipc   t5, 0x1
core   0: 3 0x80013cd8 (0x00001f17) x30 0x80014cd8
core   0: 0x80013cdc (0x323f2423) sw      gp, 808(t5)
core   0: 3 0x80013cdc (0x323f2423) mem 0x80015000 0x00000001
core   0: 0x80013ce0 (0xff9ff06f) j       pc - 0x8
core   0: 3 0x80013ce0 (0xff9ff06f)
core   0: 0x80013cd8 (0x00001f17) auipc   t5, 0x1
core   0: 3 0x80013cd8 (0x00001f17) x30 0x80014cd8
core   0: 0x80013cdc (0x323f2423) sw      gp, 808(t5)
core   0: 3 0x80013cdc (0x323f2423) mem 0x80015000 0x00000001
core   0: 0x80013ce0 (0xff9ff06f) j       pc - 0x8
core   0: 3 0x80013ce0 (0xff9ff06f)
core   0: 0x80013cd8 (0x00001f17) auipc   t5, 0x1
core   0: 3 0x80013cd8 (0x00001f17) x30 0x80014cd8
core   0: 0x80013cdc (0x323f2423) sw      gp, 808(t5)
core   0: 3 0x80013cdc (0x323f2423) mem 0x80015000 0x00000001
core   0: 0x80013ce0 (0xff9ff06f) j       pc - 0x8
core   0: 3 0x80013ce0 (0xff9ff06f)
core   0: 0x80013cd8 (0x00001f17) auipc   t5, 0x1
core   0: 3 0x80013cd8 (0x00001f17) x30 0x80014cd8
core   0: 0x80013cdc (0x323f2423) sw      gp, 808(t5)
core   0: 3 0x80013cdc (0x323f2423) mem 0x80015000 0x00000001
core   0: 0x80013ce0 (0xff9ff06f) j       pc - 0x8
core   0: 3 0x80013ce0 (0xff9ff06f)
core   0: 0x80013cd8 (0x00001f17) auipc   t5, 0x1
core   0: 3 0x80013cd8 (0x00001f17) x30 0x80014cd8
core   0: 0x80013cdc (0x323f2423) sw      gp, 808(t5)
core   0: 3 0x80013cdc (0x323f2423) mem 0x80015000 0x00000001
core   0: 0x80013ce0 (0xff9ff06f) j       pc - 0x8
core   0: 3 0x80013ce0 (0xff9ff06f)
core   0: 0x80013cd8 (0x00001f17) auipc   t5, 0x1
core   0: 3 0x80013cd8 (0x00001f17) x30 0x80014cd8
core   0: 0x80013cdc (0x323f2423) sw      gp, 808(t5)
core   0: 3 0x80013cdc (0x323f2423) mem 0x80015000 0x00000001
core   0: 0x80013ce0 (0xff9ff06f) j       pc - 0x8
core   0: 3 0x80013ce0 (0xff9ff06f)
core   0: 0x80013cd8 (0x00001f17) auipc   t5, 0x1
core   0: 3 0x80013cd8 (0x00001f17) x30 0x80014cd8
core   0: 0x80013cdc (0x323f2423) sw      gp, 808(t5)
core   0: 3 0x80013cdc (0x323f2423) mem 0x80015000 0x00000001
core   0: 0x80013ce0 (0xff9ff06f) j       pc - 0x8
core   0: 3 0x80013ce0 (0xff9ff06f)
core   0: 0x80013cd8 (0x00001f17) auipc   t5, 0x1
core   0: 3 0x80013cd8 (0x00001f17) x30 0x80014cd8
core   0: 0x80013cdc (0x323f2423) sw      gp, 808(t5)
core   0: 3 0x80013cdc (0x323f2423) mem 0x80015000 0x00000001
core   0: 0x80013ce0 (0xff9ff06f) j       pc - 0x8
core   0: 3 0x80013ce0 (0xff9ff06f)
core   0: 0x80013cd8 (0x00001f17) auipc   t5, 0x1
core   0: 3 0x80013cd8 (0x00001f17) x30 0x80014cd8
core   0: 0x80013cdc (0x323f2423) sw      gp, 808(t5)
core   0: 3 0x80013cdc (0x323f2423) mem 0x80015000 0x00000001
core   0: 0x80013ce0 (0xff9ff06f) j       pc - 0x8
core   0: 3 0x80013ce0 (0xff9ff06f)
core   0: 0x80013cd8 (0x00001f17) auipc   t5, 0x1
core   0: 3 0x80013cd8 (0x00001f17) x30 0x80014cd8
core   0: 0x80013cdc (0x323f2423) sw      gp, 808(t5)
core   0: 3 0x80013cdc (0x323f2423) mem 0x80015000 0x00000001
core   0: 0x80013ce0 (0xff9ff06f) j       pc - 0x8
core   0: 3 0x80013ce0 (0xff9ff06f)
core   0: 0x80013cd8 (0x00001f17) auipc   t5, 0x1
core   0: 3 0x80013cd8 (0x00001f17) x30 0x80014cd8
core   0: 0x80013cdc (0x323f2423) sw      gp, 808(t5)
core   0: 3 0x80013cdc (0x323f2423) mem 0x80015000 0x00000001
core   0: 0x80013ce0 (0xff9ff06f) j       pc - 0x8
core   0: 3 0x80013ce0 (0xff9ff06f)
core   0: 0x80013cd8 (0x00001f17) auipc   t5, 0x1
core   0: 3 0x80013cd8 (0x00001f17) x30 0x80014cd8
core   0: 0x80013cdc (0x323f2423) sw      gp, 808(t5)
core   0: 3 0x80013cdc (0x323f2423) mem 0x80015000 0x00000001
core   0: 0x80013ce0 (0xff9ff06f) j       pc - 0x8
core   0: 3 0x80013ce0 (0xff9ff06f)
core   0: 0x80013cd8 (0x00001f17) auipc   t5, 0x1
core   0: 3 0x80013cd8 (0x00001f17) x30 0x80014cd8
core   0: 0x80013cdc (0x323f2423) sw      gp, 808(t5)
core   0: 3 0x80013cdc (0x323f2423) mem 0x80015000 0x00000001
core   0: 0x80013ce0 (0xff9ff06f) j       pc - 0x8
core   0: 3 0x80013ce0 (0xff9ff06f)
core   0: 0x80013cd8 (0x00001f17) auipc   t5, 0x1
core   0: 3 0x80013cd8 (0x00001f17) x30 0x80014cd8
core   0: 0x80013cdc (0x323f2423) sw      gp, 808(t5)
core   0: 3 0x80013cdc (0x323f2423) mem 0x80015000 0x00000001
core   0: 0x80013ce0 (0xff9ff06f) j       pc - 0x8
core   0: 3 0x80013ce0 (0xff9ff06f)
core   0: 0x80013cd8 (0x00001f17) auipc   t5, 0x1
core   0: 3 0x80013cd8 (0x00001f17) x30 0x80014cd8
core   0: 0x80013cdc (0x323f2423) sw      gp, 808(t5)
core   0: 3 0x80013cdc (0x323f2423) mem 0x80015000 0x00000001
core   0: 0x80013ce0 (0xff9ff06f) j       pc - 0x8
core   0: 3 0x80013ce0 (0xff9ff06f)
core   0: 0x80013cd8 (0x00001f17) auipc   t5, 0x1
core   0: 3 0x80013cd8 (0x00001f17) x30 0x80014cd8
core   0: 0x80013cdc (0x323f2423) sw      gp, 808(t5)
core   0: 3 0x80013cdc (0x323f2423) mem 0x80015000 0x00000001
core   0: 0x80013ce0 (0xff9ff06f) j       pc - 0x8
core   0: 3 0x80013ce0 (0xff9ff06f)
core   0: 0x80013cd8 (0x00001f17) auipc   t5, 0x1
core   0: 3 0x80013cd8 (0x00001f17) x30 0x80014cd8
core   0: 0x80013cdc (0x323f2423) sw      gp, 808(t5)
core   0: 3 0x80013cdc (0x323f2423) mem 0x80015000 0x00000001
core   0: 0x80013ce0 (0xff9ff06f) j       pc - 0x8
core   0: 3 0x80013ce0 (0xff9ff06f)
core   0: 0x80013cd8 (0x00001f17) auipc   t5, 0x1
core   0: 3 0x80013cd8 (0x00001f17) x30 0x80014cd8
core   0: 0x80013cdc (0x323f2423) sw      gp, 808(t5)
core   0: 3 0x80013cdc (0x323f2423) mem 0x80015000 0x00000001
core   0: 0x80013ce0 (0xff9ff06f) j       pc - 0x8
core   0: 3 0x80013ce0 (0xff9ff06f)
core   0: 0x80013cd8 (0x00001f17) auipc   t5, 0x1
core   0: 3 0x80013cd8 (0x00001f17) x30 0x80014cd8
core   0: 0x80013cdc (0x323f2423) sw      gp, 808(t5)
core   0: 3 0x80013cdc (0x323f2423) mem 0x80015000 0x00000001
core   0: 0x80013ce0 (0xff9ff06f) j       pc - 0x8
core   0: 3 0x80013ce0 (0xff9ff06f)
core   0: 0x80013cd8 (0x00001f17) auipc   t5, 0x1
core   0: 3 0x80013cd8 (0x00001f17) x30 0x80014cd8
core   0: 0x80013cdc (0x323f2423) sw      gp, 808(t5)
core   0: 3 0x80013cdc (0x323f2423) mem 0x80015000 0x00000001
core   0: 0x80013ce0 (0xff9ff06f) j       pc - 0x8
core   0: 3 0x80013ce0 (0xff9ff06f)
core   0: 0x80013cd8 (0x00001f17) auipc   t5, 0x1
core   0: 3 0x80013cd8 (0x00001f17) x30 0x80014cd8
core   0: 0x80013cdc (0x323f2423) sw      gp, 808(t5)
core   0: 3 0x80013cdc (0x323f2423) mem 0x80015000 0x00000001
core   0: 0x80013ce0 (0xff9ff06f) j       pc - 0x8
core   0: 3 0x80013ce0 (0xff9ff06f)
core   0: 0x80013cd8 (0x00001f17) auipc   t5, 0x1
core   0: 3 0x80013cd8 (0x00001f17) x30 0x80014cd8
core   0: 0x80013cdc (0x323f2423) sw      gp, 808(t5)
core   0: 3 0x80013cdc (0x323f2423) mem 0x80015000 0x00000001
core   0: 0x80013ce0 (0xff9ff06f) j       pc - 0x8
core   0: 3 0x80013ce0 (0xff9ff06f)
core   0: 0x80013cd8 (0x00001f17) auipc   t5, 0x1
core   0: 3 0x80013cd8 (0x00001f17) x30 0x80014cd8
core   0: 0x80013cdc (0x323f2423) sw      gp, 808(t5)
core   0: 3 0x80013cdc (0x323f2423) mem 0x80015000 0x00000001
core   0: 0x80013ce0 (0xff9ff06f) j       pc - 0x8
core   0: 3 0x80013ce0 (0xff9ff06f)
core   0: 0x80013cd8 (0x00001f17) auipc   t5, 0x1
core   0: 3 0x80013cd8 (0x00001f17) x30 0x80014cd8
core   0: 0x80013cdc (0x323f2423) sw      gp, 808(t5)
core   0: 3 0x80013cdc (0x323f2423) mem 0x80015000 0x00000001
core   0: 0x80013ce0 (0xff9ff06f) j       pc - 0x8
core   0: 3 0x80013ce0 (0xff9ff06f)
core   0: 0x80013cd8 (0x00001f17) auipc   t5, 0x1
core   0: 3 0x80013cd8 (0x00001f17) x30 0x80014cd8
core   0: 0x80013cdc (0x323f2423) sw      gp, 808(t5)
core   0: 3 0x80013cdc (0x323f2423) mem 0x80015000 0x00000001
core   0: 0x80013ce0 (0xff9ff06f) j       pc - 0x8
core   0: 3 0x80013ce0 (0xff9ff06f)
core   0: 0x80013cd8 (0x00001f17) auipc   t5, 0x1
core   0: 3 0x80013cd8 (0x00001f17) x30 0x80014cd8
core   0: 0x80013cdc (0x323f2423) sw      gp, 808(t5)
core   0: 3 0x80013cdc (0x323f2423) mem 0x80015000 0x00000001
core   0: 0x80013ce0 (0xff9ff06f) j       pc - 0x8
core   0: 3 0x80013ce0 (0xff9ff06f)
core   0: 0x80013cd8 (0x00001f17) auipc   t5, 0x1
core   0: 3 0x80013cd8 (0x00001f17) x30 0x80014cd8
core   0: 0x80013cdc (0x323f2423) sw      gp, 808(t5)
core   0: 3 0x80013cdc (0x323f2423) mem 0x80015000 0x00000001
core   0: 0x80013ce0 (0xff9ff06f) j       pc - 0x8
core   0: 3 0x80013ce0 (0xff9ff06f)
core   0: 0x80013cd8 (0x00001f17) auipc   t5, 0x1
core   0: 3 0x80013cd8 (0x00001f17) x30 0x80014cd8
core   0: 0x80013cdc (0x323f2423) sw      gp, 808(t5)
core   0: 3 0x80013cdc (0x323f2423) mem 0x80015000 0x00000001
core   0: 0x80013ce0 (0xff9ff06f) j       pc - 0x8
core   0: 3 0x80013ce0 (0xff9ff06f)
core   0: 0x80013cd8 (0x00001f17) auipc   t5, 0x1
core   0: 3 0x80013cd8 (0x00001f17) x30 0x80014cd8
core   0: 0x80013cdc (0x323f2423) sw      gp, 808(t5)
core   0: 3 0x80013cdc (0x323f2423) mem 0x80015000 0x00000001
core   0: 0x80013ce0 (0xff9ff06f) j       pc - 0x8
core   0: 3 0x80013ce0 (0xff9ff06f)
core   0: 0x80013cd8 (0x00001f17) auipc   t5, 0x1
core   0: 3 0x80013cd8 (0x00001f17) x30 0x80014cd8
core   0: 0x80013cdc (0x323f2423) sw      gp, 808(t5)
core   0: 3 0x80013cdc (0x323f2423) mem 0x80015000 0x00000001
core   0: 0x80013ce0 (0xff9ff06f) j       pc - 0x8
core   0: 3 0x80013ce0 (0xff9ff06f)
core   0: 0x80013cd8 (0x00001f17) auipc   t5, 0x1
core   0: 3 0x80013cd8 (0x00001f17) x30 0x80014cd8
core   0: 0x80013cdc (0x323f2423) sw      gp, 808(t5)
core   0: 3 0x80013cdc (0x323f2423) mem 0x80015000 0x00000001
core   0: 0x80013ce0 (0xff9ff06f) j       pc - 0x8
core   0: 3 0x80013ce0 (0xff9ff06f)
core   0: 0x80013cd8 (0x00001f17) auipc   t5, 0x1
core   0: 3 0x80013cd8 (0x00001f17) x30 0x80014cd8
core   0: 0x80013cdc (0x323f2423) sw      gp, 808(t5)
core   0: 3 0x80013cdc (0x323f2423) mem 0x80015000 0x00000001
core   0: 0x80013ce0 (0xff9ff06f) j       pc - 0x8
core   0: 3 0x80013ce0 (0xff9ff06f)
core   0: 0x80013cd8 (0x00001f17) auipc   t5, 0x1
core   0: 3 0x80013cd8 (0x00001f17) x30 0x80014cd8
core   0: 0x80013cdc (0x323f2423) sw      gp, 808(t5)
core   0: 3 0x80013cdc (0x323f2423) mem 0x80015000 0x00000001
core   0: 0x80013ce0 (0xff9ff06f) j       pc - 0x8
core   0: 3 0x80013ce0 (0xff9ff06f)
core   0: 0x80013cd8 (0x00001f17) auipc   t5, 0x1
core   0: 3 0x80013cd8 (0x00001f17) x30 0x80014cd8
core   0: 0x80013cdc (0x323f2423) sw      gp, 808(t5)
core   0: 3 0x80013cdc (0x323f2423) mem 0x80015000 0x00000001
core   0: 0x80013ce0 (0xff9ff06f) j       pc - 0x8
core   0: 3 0x80013ce0 (0xff9ff06f)
core   0: 0x80013cd8 (0x00001f17) auipc   t5, 0x1
core   0: 3 0x80013cd8 (0x00001f17) x30 0x80014cd8
core   0: 0x80013cdc (0x323f2423) sw      gp, 808(t5)
core   0: 3 0x80013cdc (0x323f2423) mem 0x80015000 0x00000001
core   0: 0x80013ce0 (0xff9ff06f) j       pc - 0x8
core   0: 3 0x80013ce0 (0xff9ff06f)
core   0: 0x80013cd8 (0x00001f17) auipc   t5, 0x1
core   0: 3 0x80013cd8 (0x00001f17) x30 0x80014cd8
core   0: 0x80013cdc (0x323f2423) sw      gp, 808(t5)
core   0: 3 0x80013cdc (0x323f2423) mem 0x80015000 0x00000001
core   0: 0x80013ce0 (0xff9ff06f) j       pc - 0x8
core   0: 3 0x80013ce0 (0xff9ff06f)
core   0: 0x80013cd8 (0x00001f17) auipc   t5, 0x1
core   0: 3 0x80013cd8 (0x00001f17) x30 0x80014cd8
core   0: 0x80013cdc (0x323f2423) sw      gp, 808(t5)
core   0: 3 0x80013cdc (0x323f2423) mem 0x80015000 0x00000001
core   0: 0x80013ce0 (0xff9ff06f) j       pc - 0x8
core   0: 3 0x80013ce0 (0xff9ff06f)
core   0: 0x80013cd8 (0x00001f17) auipc   t5, 0x1
core   0: 3 0x80013cd8 (0x00001f17) x30 0x80014cd8
core   0: 0x80013cdc (0x323f2423) sw      gp, 808(t5)
core   0: 3 0x80013cdc (0x323f2423) mem 0x80015000 0x00000001
core   0: 0x80013ce0 (0xff9ff06f) j       pc - 0x8
core   0: 3 0x80013ce0 (0xff9ff06f)
core   0: 0x80013cd8 (0x00001f17) auipc   t5, 0x1
core   0: 3 0x80013cd8 (0x00001f17) x30 0x80014cd8
core   0: 0x80013cdc (0x323f2423) sw      gp, 808(t5)
core   0: 3 0x80013cdc (0x323f2423) mem 0x80015000 0x00000001
core   0: 0x80013ce0 (0xff9ff06f) j       pc - 0x8
core   0: 3 0x80013ce0 (0xff9ff06f)
core   0: 0x80013cd8 (0x00001f17) auipc   t5, 0x1
core   0: 3 0x80013cd8 (0x00001f17) x30 0x80014cd8
core   0: 0x80013cdc (0x323f2423) sw      gp, 808(t5)
core   0: 3 0x80013cdc (0x323f2423) mem 0x80015000 0x00000001
core   0: 0x80013ce0 (0xff9ff06f) j       pc - 0x8
core   0: 3 0x80013ce0 (0xff9ff06f)
core   0: 0x80013cd8 (0x00001f17) auipc   t5, 0x1
core   0: 3 0x80013cd8 (0x00001f17) x30 0x80014cd8
core   0: 0x80013cdc (0x323f2423) sw      gp, 808(t5)
core   0: 3 0x80013cdc (0x323f2423) mem 0x80015000 0x00000001
core   0: 0x80013ce0 (0xff9ff06f) j       pc - 0x8
core   0: 3 0x80013ce0 (0xff9ff06f)
core   0: 0x80013cd8 (0x00001f17) auipc   t5, 0x1
core   0: 3 0x80013cd8 (0x00001f17) x30 0x80014cd8
core   0: 0x80013cdc (0x323f2423) sw      gp, 808(t5)
core   0: 3 0x80013cdc (0x323f2423) mem 0x80015000 0x00000001
core   0: 0x80013ce0 (0xff9ff06f) j       pc - 0x8
core   0: 3 0x80013ce0 (0xff9ff06f)
core   0: 0x80013cd8 (0x00001f17) auipc   t5, 0x1
core   0: 3 0x80013cd8 (0x00001f17) x30 0x80014cd8
core   0: 0x80013cdc (0x323f2423) sw      gp, 808(t5)
core   0: 3 0x80013cdc (0x323f2423) mem 0x80015000 0x00000001
core   0: 0x80013ce0 (0xff9ff06f) j       pc - 0x8
core   0: 3 0x80013ce0 (0xff9ff06f)
core   0: 0x80013cd8 (0x00001f17) auipc   t5, 0x1
core   0: 3 0x80013cd8 (0x00001f17) x30 0x80014cd8
core   0: 0x80013cdc (0x323f2423) sw      gp, 808(t5)
core   0: 3 0x80013cdc (0x323f2423) mem 0x80015000 0x00000001
core   0: 0x80013ce0 (0xff9ff06f) j       pc - 0x8
core   0: 3 0x80013ce0 (0xff9ff06f)
core   0: 0x80013cd8 (0x00001f17) auipc   t5, 0x1
core   0: 3 0x80013cd8 (0x00001f17) x30 0x80014cd8
core   0: 0x80013cdc (0x323f2423) sw      gp, 808(t5)
core   0: 3 0x80013cdc (0x323f2423) mem 0x80015000 0x00000001
core   0: 0x80013ce0 (0xff9ff06f) j       pc - 0x8
core   0: 3 0x80013ce0 (0xff9ff06f)
core   0: 0x80013cd8 (0x00001f17) auipc   t5, 0x1
core   0: 3 0x80013cd8 (0x00001f17) x30 0x80014cd8
core   0: 0x80013cdc (0x323f2423) sw      gp, 808(t5)
core   0: 3 0x80013cdc (0x323f2423) mem 0x80015000 0x00000001
core   0: 0x80013ce0 (0xff9ff06f) j       pc - 0x8
core   0: 3 0x80013ce0 (0xff9ff06f)
core   0: 0x80013cd8 (0x00001f17) auipc   t5, 0x1
core   0: 3 0x80013cd8 (0x00001f17) x30 0x80014cd8
core   0: 0x80013cdc (0x323f2423) sw      gp, 808(t5)
core   0: 3 0x80013cdc (0x323f2423) mem 0x80015000 0x00000001
core   0: 0x80013ce0 (0xff9ff06f) j       pc - 0x8
core   0: 3 0x80013ce0 (0xff9ff06f)
core   0: 0x80013cd8 (0x00001f17) auipc   t5, 0x1
core   0: 3 0x80013cd8 (0x00001f17) x30 0x80014cd8
core   0: 0x80013cdc (0x323f2423) sw      gp, 808(t5)
core   0: 3 0x80013cdc (0x323f2423) mem 0x80015000 0x00000001
core   0: 0x80013ce0 (0xff9ff06f) j       pc - 0x8
core   0: 3 0x80013ce0 (0xff9ff06f)
core   0: 0x80013cd8 (0x00001f17) auipc   t5, 0x1
core   0: 3 0x80013cd8 (0x00001f17) x30 0x80014cd8
core   0: 0x80013cdc (0x323f2423) sw      gp, 808(t5)
core   0: 3 0x80013cdc (0x323f2423) mem 0x80015000 0x00000001
core   0: 0x80013ce0 (0xff9ff06f) j       pc - 0x8
core   0: 3 0x80013ce0 (0xff9ff06f)
core   0: 0x80013cd8 (0x00001f17) auipc   t5, 0x1
core   0: 3 0x80013cd8 (0x00001f17) x30 0x80014cd8
core   0: 0x80013cdc (0x323f2423) sw      gp, 808(t5)
core   0: 3 0x80013cdc (0x323f2423) mem 0x80015000 0x00000001
core   0: 0x80013ce0 (0xff9ff06f) j       pc - 0x8
core   0: 3 0x80013ce0 (0xff9ff06f)
core   0: 0x80013cd8 (0x00001f17) auipc   t5, 0x1
core   0: 3 0x80013cd8 (0x00001f17) x30 0x80014cd8
core   0: 0x80013cdc (0x323f2423) sw      gp, 808(t5)
core   0: 3 0x80013cdc (0x323f2423) mem 0x80015000 0x00000001
core   0: 0x80013ce0 (0xff9ff06f) j       pc - 0x8
core   0: 3 0x80013ce0 (0xff9ff06f)
core   0: 0x80013cd8 (0x00001f17) auipc   t5, 0x1
core   0: 3 0x80013cd8 (0x00001f17) x30 0x80014cd8
core   0: 0x80013cdc (0x323f2423) sw      gp, 808(t5)
core   0: 3 0x80013cdc (0x323f2423) mem 0x80015000 0x00000001
core   0: 0x80013ce0 (0xff9ff06f) j       pc - 0x8
core   0: 3 0x80013ce0 (0xff9ff06f)
core   0: 0x80013cd8 (0x00001f17) auipc   t5, 0x1
core   0: 3 0x80013cd8 (0x00001f17) x30 0x80014cd8
core   0: 0x80013cdc (0x323f2423) sw      gp, 808(t5)
core   0: 3 0x80013cdc (0x323f2423) mem 0x80015000 0x00000001
core   0: 0x80013ce0 (0xff9ff06f) j       pc - 0x8
core   0: 3 0x80013ce0 (0xff9ff06f)
core   0: 0x80013cd8 (0x00001f17) auipc   t5, 0x1
core   0: 3 0x80013cd8 (0x00001f17) x30 0x80014cd8
core   0: 0x80013cdc (0x323f2423) sw      gp, 808(t5)
core   0: 3 0x80013cdc (0x323f2423) mem 0x80015000 0x00000001
core   0: 0x80013ce0 (0xff9ff06f) j       pc - 0x8
core   0: 3 0x80013ce0 (0xff9ff06f)
core   0: 0x80013cd8 (0x00001f17) auipc   t5, 0x1
core   0: 3 0x80013cd8 (0x00001f17) x30 0x80014cd8
core   0: 0x80013cdc (0x323f2423) sw      gp, 808(t5)
core   0: 3 0x80013cdc (0x323f2423) mem 0x80015000 0x00000001
core   0: 0x80013ce0 (0xff9ff06f) j       pc - 0x8
core   0: 3 0x80013ce0 (0xff9ff06f)
core   0: 0x80013cd8 (0x00001f17) auipc   t5, 0x1
core   0: 3 0x80013cd8 (0x00001f17) x30 0x80014cd8
core   0: 0x80013cdc (0x323f2423) sw      gp, 808(t5)
core   0: 3 0x80013cdc (0x323f2423) mem 0x80015000 0x00000001
core   0: 0x80013ce0 (0xff9ff06f) j       pc - 0x8
core   0: 3 0x80013ce0 (0xff9ff06f)
core   0: 0x80013cd8 (0x00001f17) auipc   t5, 0x1
core   0: 3 0x80013cd8 (0x00001f17) x30 0x80014cd8
core   0: 0x80013cdc (0x323f2423) sw      gp, 808(t5)
core   0: 3 0x80013cdc (0x323f2423) mem 0x80015000 0x00000001
core   0: 0x80013ce0 (0xff9ff06f) j       pc - 0x8
core   0: 3 0x80013ce0 (0xff9ff06f)
core   0: 0x80013cd8 (0x00001f17) auipc   t5, 0x1
core   0: 3 0x80013cd8 (0x00001f17) x30 0x80014cd8
core   0: 0x80013cdc (0x323f2423) sw      gp, 808(t5)
core   0: 3 0x80013cdc (0x323f2423) mem 0x80015000 0x00000001
core   0: 0x80013ce0 (0xff9ff06f) j       pc - 0x8
core   0: 3 0x80013ce0 (0xff9ff06f)
core   0: 0x80013cd8 (0x00001f17) auipc   t5, 0x1
core   0: 3 0x80013cd8 (0x00001f17) x30 0x80014cd8
core   0: 0x80013cdc (0x323f2423) sw      gp, 808(t5)
core   0: 3 0x80013cdc (0x323f2423) mem 0x80015000 0x00000001
core   0: 0x80013ce0 (0xff9ff06f) j       pc - 0x8
core   0: 3 0x80013ce0 (0xff9ff06f)
core   0: 0x80013cd8 (0x00001f17) auipc   t5, 0x1
core   0: 3 0x80013cd8 (0x00001f17) x30 0x80014cd8
core   0: 0x80013cdc (0x323f2423) sw      gp, 808(t5)
core   0: 3 0x80013cdc (0x323f2423) mem 0x80015000 0x00000001
core   0: 0x80013ce0 (0xff9ff06f) j       pc - 0x8
core   0: 3 0x80013ce0 (0xff9ff06f)
core   0: 0x80013cd8 (0x00001f17) auipc   t5, 0x1
core   0: 3 0x80013cd8 (0x00001f17) x30 0x80014cd8
core   0: 0x80013cdc (0x323f2423) sw      gp, 808(t5)
core   0: 3 0x80013cdc (0x323f2423) mem 0x80015000 0x00000001
core   0: 0x80013ce0 (0xff9ff06f) j       pc - 0x8
core   0: 3 0x80013ce0 (0xff9ff06f)
core   0: 0x80013cd8 (0x00001f17) auipc   t5, 0x1
core   0: 3 0x80013cd8 (0x00001f17) x30 0x80014cd8
core   0: 0x80013cdc (0x323f2423) sw      gp, 808(t5)
core   0: 3 0x80013cdc (0x323f2423) mem 0x80015000 0x00000001
core   0: 0x80013ce0 (0xff9ff06f) j       pc - 0x8
core   0: 3 0x80013ce0 (0xff9ff06f)
core   0: 0x80013cd8 (0x00001f17) auipc   t5, 0x1
core   0: 3 0x80013cd8 (0x00001f17) x30 0x80014cd8
core   0: 0x80013cdc (0x323f2423) sw      gp, 808(t5)
core   0: 3 0x80013cdc (0x323f2423) mem 0x80015000 0x00000001
core   0: 0x80013ce0 (0xff9ff06f) j       pc - 0x8
core   0: 3 0x80013ce0 (0xff9ff06f)
core   0: 0x80013cd8 (0x00001f17) auipc   t5, 0x1
core   0: 3 0x80013cd8 (0x00001f17) x30 0x80014cd8
core   0: 0x80013cdc (0x323f2423) sw      gp, 808(t5)
core   0: 3 0x80013cdc (0x323f2423) mem 0x80015000 0x00000001
core   0: 0x80013ce0 (0xff9ff06f) j       pc - 0x8
core   0: 3 0x80013ce0 (0xff9ff06f)
core   0: 0x80013cd8 (0x00001f17) auipc   t5, 0x1
core   0: 3 0x80013cd8 (0x00001f17) x30 0x80014cd8
core   0: 0x80013cdc (0x323f2423) sw      gp, 808(t5)
core   0: 3 0x80013cdc (0x323f2423) mem 0x80015000 0x00000001
core   0: 0x80013ce0 (0xff9ff06f) j       pc - 0x8
core   0: 3 0x80013ce0 (0xff9ff06f)
core   0: 0x80013cd8 (0x00001f17) auipc   t5, 0x1
core   0: 3 0x80013cd8 (0x00001f17) x30 0x80014cd8
core   0: 0x80013cdc (0x323f2423) sw      gp, 808(t5)
core   0: 3 0x80013cdc (0x323f2423) mem 0x80015000 0x00000001
core   0: 0x80013ce0 (0xff9ff06f) j       pc - 0x8
core   0: 3 0x80013ce0 (0xff9ff06f)
core   0: 0x80013cd8 (0x00001f17) auipc   t5, 0x1
core   0: 3 0x80013cd8 (0x00001f17) x30 0x80014cd8
core   0: 0x80013cdc (0x323f2423) sw      gp, 808(t5)
core   0: 3 0x80013cdc (0x323f2423) mem 0x80015000 0x00000001
core   0: 0x80013ce0 (0xff9ff06f) j       pc - 0x8
core   0: 3 0x80013ce0 (0xff9ff06f)
core   0: 0x80013cd8 (0x00001f17) auipc   t5, 0x1
core   0: 3 0x80013cd8 (0x00001f17) x30 0x80014cd8
core   0: 0x80013cdc (0x323f2423) sw      gp, 808(t5)
core   0: 3 0x80013cdc (0x323f2423) mem 0x80015000 0x00000001
core   0: 0x80013ce0 (0xff9ff06f) j       pc - 0x8
core   0: 3 0x80013ce0 (0xff9ff06f)
core   0: 0x80013cd8 (0x00001f17) auipc   t5, 0x1
core   0: 3 0x80013cd8 (0x00001f17) x30 0x80014cd8
core   0: 0x80013cdc (0x323f2423) sw      gp, 808(t5)
core   0: 3 0x80013cdc (0x323f2423) mem 0x80015000 0x00000001
core   0: 0x80013ce0 (0xff9ff06f) j       pc - 0x8
core   0: 3 0x80013ce0 (0xff9ff06f)
core   0: 0x80013cd8 (0x00001f17) auipc   t5, 0x1
core   0: 3 0x80013cd8 (0x00001f17) x30 0x80014cd8
core   0: 0x80013cdc (0x323f2423) sw      gp, 808(t5)
core   0: 3 0x80013cdc (0x323f2423) mem 0x80015000 0x00000001
core   0: 0x80013ce0 (0xff9ff06f) j       pc - 0x8
core   0: 3 0x80013ce0 (0xff9ff06f)
core   0: 0x80013cd8 (0x00001f17) auipc   t5, 0x1
core   0: 3 0x80013cd8 (0x00001f17) x30 0x80014cd8
core   0: 0x80013cdc (0x323f2423) sw      gp, 808(t5)
core   0: 3 0x80013cdc (0x323f2423) mem 0x80015000 0x00000001
core   0: 0x80013ce0 (0xff9ff06f) j       pc - 0x8
core   0: 3 0x80013ce0 (0xff9ff06f)
core   0: 0x80013cd8 (0x00001f17) auipc   t5, 0x1
core   0: 3 0x80013cd8 (0x00001f17) x30 0x80014cd8
core   0: 0x80013cdc (0x323f2423) sw      gp, 808(t5)
core   0: 3 0x80013cdc (0x323f2423) mem 0x80015000 0x00000001
core   0: 0x80013ce0 (0xff9ff06f) j       pc - 0x8
core   0: 3 0x80013ce0 (0xff9ff06f)
core   0: 0x80013cd8 (0x00001f17) auipc   t5, 0x1
core   0: 3 0x80013cd8 (0x00001f17) x30 0x80014cd8
core   0: 0x80013cdc (0x323f2423) sw      gp, 808(t5)
core   0: 3 0x80013cdc (0x323f2423) mem 0x80015000 0x00000001
core   0: 0x80013ce0 (0xff9ff06f) j       pc - 0x8
core   0: 3 0x80013ce0 (0xff9ff06f)
core   0: 0x80013cd8 (0x00001f17) auipc   t5, 0x1
core   0: 3 0x80013cd8 (0x00001f17) x30 0x80014cd8
core   0: 0x80013cdc (0x323f2423) sw      gp, 808(t5)
core   0: 3 0x80013cdc (0x323f2423) mem 0x80015000 0x00000001
core   0: 0x80013ce0 (0xff9ff06f) j       pc - 0x8
core   0: 3 0x80013ce0 (0xff9ff06f)
core   0: 0x80013cd8 (0x00001f17) auipc   t5, 0x1
core   0: 3 0x80013cd8 (0x00001f17) x30 0x80014cd8
core   0: 0x80013cdc (0x323f2423) sw      gp, 808(t5)
core   0: 3 0x80013cdc (0x323f2423) mem 0x80015000 0x00000001
core   0: 0x80013ce0 (0xff9ff06f) j       pc - 0x8
core   0: 3 0x80013ce0 (0xff9ff06f)
core   0: 0x80013cd8 (0x00001f17) auipc   t5, 0x1
core   0: 3 0x80013cd8 (0x00001f17) x30 0x80014cd8
core   0: 0x80013cdc (0x323f2423) sw      gp, 808(t5)
core   0: 3 0x80013cdc (0x323f2423) mem 0x80015000 0x00000001
core   0: 0x80013ce0 (0xff9ff06f) j       pc - 0x8
core   0: 3 0x80013ce0 (0xff9ff06f)
core   0: 0x80013cd8 (0x00001f17) auipc   t5, 0x1
core   0: 3 0x80013cd8 (0x00001f17) x30 0x80014cd8
core   0: 0x80013cdc (0x323f2423) sw      gp, 808(t5)
core   0: 3 0x80013cdc (0x323f2423) mem 0x80015000 0x00000001
core   0: 0x80013ce0 (0xff9ff06f) j       pc - 0x8
core   0: 3 0x80013ce0 (0xff9ff06f)
core   0: 0x80013cd8 (0x00001f17) auipc   t5, 0x1
core   0: 3 0x80013cd8 (0x00001f17) x30 0x80014cd8
core   0: 0x80013cdc (0x323f2423) sw      gp, 808(t5)
core   0: 3 0x80013cdc (0x323f2423) mem 0x80015000 0x00000001
core   0: 0x80013ce0 (0xff9ff06f) j       pc - 0x8
core   0: 3 0x80013ce0 (0xff9ff06f)
core   0: 0x80013cd8 (0x00001f17) auipc   t5, 0x1
core   0: 3 0x80013cd8 (0x00001f17) x30 0x80014cd8
core   0: 0x80013cdc (0x323f2423) sw      gp, 808(t5)
core   0: 3 0x80013cdc (0x323f2423) mem 0x80015000 0x00000001
core   0: 0x80013ce0 (0xff9ff06f) j       pc - 0x8
core   0: 3 0x80013ce0 (0xff9ff06f)
core   0: 0x80013cd8 (0x00001f17) auipc   t5, 0x1
core   0: 3 0x80013cd8 (0x00001f17) x30 0x80014cd8
core   0: 0x80013cdc (0x323f2423) sw      gp, 808(t5)
core   0: 3 0x80013cdc (0x323f2423) mem 0x80015000 0x00000001
core   0: 0x80013ce0 (0xff9ff06f) j       pc - 0x8
core   0: 3 0x80013ce0 (0xff9ff06f)
core   0: 0x80013cd8 (0x00001f17) auipc   t5, 0x1
core   0: 3 0x80013cd8 (0x00001f17) x30 0x80014cd8
core   0: 0x80013cdc (0x323f2423) sw      gp, 808(t5)
core   0: 3 0x80013cdc (0x323f2423) mem 0x80015000 0x00000001
core   0: 0x80013ce0 (0xff9ff06f) j       pc - 0x8
core   0: 3 0x80013ce0 (0xff9ff06f)
core   0: 0x80013cd8 (0x00001f17) auipc   t5, 0x1
core   0: 3 0x80013cd8 (0x00001f17) x30 0x80014cd8
core   0: 0x80013cdc (0x323f2423) sw      gp, 808(t5)
core   0: 3 0x80013cdc (0x323f2423) mem 0x80015000 0x00000001
core   0: 0x80013ce0 (0xff9ff06f) j       pc - 0x8
core   0: 3 0x80013ce0 (0xff9ff06f)
core   0: 0x80013cd8 (0x00001f17) auipc   t5, 0x1
core   0: 3 0x80013cd8 (0x00001f17) x30 0x80014cd8
core   0: 0x80013cdc (0x323f2423) sw      gp, 808(t5)
core   0: 3 0x80013cdc (0x323f2423) mem 0x80015000 0x00000001
core   0: 0x80013ce0 (0xff9ff06f) j       pc - 0x8
core   0: 3 0x80013ce0 (0xff9ff06f)
core   0: 0x80013cd8 (0x00001f17) auipc   t5, 0x1
core   0: 3 0x80013cd8 (0x00001f17) x30 0x80014cd8
core   0: 0x80013cdc (0x323f2423) sw      gp, 808(t5)
core   0: 3 0x80013cdc (0x323f2423) mem 0x80015000 0x00000001
core   0: 0x80013ce0 (0xff9ff06f) j       pc - 0x8
core   0: 3 0x80013ce0 (0xff9ff06f)
core   0: 0x80013cd8 (0x00001f17) auipc   t5, 0x1
core   0: 3 0x80013cd8 (0x00001f17) x30 0x80014cd8
core   0: 0x80013cdc (0x323f2423) sw      gp, 808(t5)
core   0: 3 0x80013cdc (0x323f2423) mem 0x80015000 0x00000001
core   0: 0x80013ce0 (0xff9ff06f) j       pc - 0x8
core   0: 3 0x80013ce0 (0xff9ff06f)
core   0: 0x80013cd8 (0x00001f17) auipc   t5, 0x1
core   0: 3 0x80013cd8 (0x00001f17) x30 0x80014cd8
core   0: 0x80013cdc (0x323f2423) sw      gp, 808(t5)
core   0: 3 0x80013cdc (0x323f2423) mem 0x80015000 0x00000001
core   0: 0x80013ce0 (0xff9ff06f) j       pc - 0x8
core   0: 3 0x80013ce0 (0xff9ff06f)
core   0: 0x80013cd8 (0x00001f17) auipc   t5, 0x1
core   0: 3 0x80013cd8 (0x00001f17) x30 0x80014cd8
core   0: 0x80013cdc (0x323f2423) sw      gp, 808(t5)
core   0: 3 0x80013cdc (0x323f2423) mem 0x80015000 0x00000001
core   0: 0x80013ce0 (0xff9ff06f) j       pc - 0x8
core   0: 3 0x80013ce0 (0xff9ff06f)
core   0: 0x80013cd8 (0x00001f17) auipc   t5, 0x1
core   0: 3 0x80013cd8 (0x00001f17) x30 0x80014cd8
core   0: 0x80013cdc (0x323f2423) sw      gp, 808(t5)
core   0: 3 0x80013cdc (0x323f2423) mem 0x80015000 0x00000001
core   0: 0x80013ce0 (0xff9ff06f) j       pc - 0x8
core   0: 3 0x80013ce0 (0xff9ff06f)
core   0: 0x80013cd8 (0x00001f17) auipc   t5, 0x1
core   0: 3 0x80013cd8 (0x00001f17) x30 0x80014cd8
core   0: 0x80013cdc (0x323f2423) sw      gp, 808(t5)
core   0: 3 0x80013cdc (0x323f2423) mem 0x80015000 0x00000001
core   0: 0x80013ce0 (0xff9ff06f) j       pc - 0x8
core   0: 3 0x80013ce0 (0xff9ff06f)
core   0: 0x80013cd8 (0x00001f17) auipc   t5, 0x1
core   0: 3 0x80013cd8 (0x00001f17) x30 0x80014cd8
core   0: 0x80013cdc (0x323f2423) sw      gp, 808(t5)
core   0: 3 0x80013cdc (0x323f2423) mem 0x80015000 0x00000001
core   0: 0x80013ce0 (0xff9ff06f) j       pc - 0x8
core   0: 3 0x80013ce0 (0xff9ff06f)
core   0: 0x80013cd8 (0x00001f17) auipc   t5, 0x1
core   0: 3 0x80013cd8 (0x00001f17) x30 0x80014cd8
core   0: 0x80013cdc (0x323f2423) sw      gp, 808(t5)
core   0: 3 0x80013cdc (0x323f2423) mem 0x80015000 0x00000001
core   0: 0x80013ce0 (0xff9ff06f) j       pc - 0x8
core   0: 3 0x80013ce0 (0xff9ff06f)
core   0: 0x80013cd8 (0x00001f17) auipc   t5, 0x1
core   0: 3 0x80013cd8 (0x00001f17) x30 0x80014cd8
core   0: 0x80013cdc (0x323f2423) sw      gp, 808(t5)
core   0: 3 0x80013cdc (0x323f2423) mem 0x80015000 0x00000001
core   0: 0x80013ce0 (0xff9ff06f) j       pc - 0x8
core   0: 3 0x80013ce0 (0xff9ff06f)
core   0: 0x80013cd8 (0x00001f17) auipc   t5, 0x1
core   0: 3 0x80013cd8 (0x00001f17) x30 0x80014cd8
core   0: 0x80013cdc (0x323f2423) sw      gp, 808(t5)
core   0: 3 0x80013cdc (0x323f2423) mem 0x80015000 0x00000001
core   0: 0x80013ce0 (0xff9ff06f) j       pc - 0x8
core   0: 3 0x80013ce0 (0xff9ff06f)
core   0: 0x80013cd8 (0x00001f17) auipc   t5, 0x1
core   0: 3 0x80013cd8 (0x00001f17) x30 0x80014cd8
core   0: 0x80013cdc (0x323f2423) sw      gp, 808(t5)
core   0: 3 0x80013cdc (0x323f2423) mem 0x80015000 0x00000001
core   0: 0x80013ce0 (0xff9ff06f) j       pc - 0x8
core   0: 3 0x80013ce0 (0xff9ff06f)
core   0: 0x80013cd8 (0x00001f17) auipc   t5, 0x1
core   0: 3 0x80013cd8 (0x00001f17) x30 0x80014cd8
core   0: 0x80013cdc (0x323f2423) sw      gp, 808(t5)
core   0: 3 0x80013cdc (0x323f2423) mem 0x80015000 0x00000001
core   0: 0x80013ce0 (0xff9ff06f) j       pc - 0x8
core   0: 3 0x80013ce0 (0xff9ff06f)
core   0: 0x80013cd8 (0x00001f17) auipc   t5, 0x1
core   0: 3 0x80013cd8 (0x00001f17) x30 0x80014cd8
core   0: 0x80013cdc (0x323f2423) sw      gp, 808(t5)
core   0: 3 0x80013cdc (0x323f2423) mem 0x80015000 0x00000001
core   0: 0x80013ce0 (0xff9ff06f) j       pc - 0x8
core   0: 3 0x80013ce0 (0xff9ff06f)
core   0: 0x80013cd8 (0x00001f17) auipc   t5, 0x1
core   0: 3 0x80013cd8 (0x00001f17) x30 0x80014cd8
core   0: 0x80013cdc (0x323f2423) sw      gp, 808(t5)
core   0: 3 0x80013cdc (0x323f2423) mem 0x80015000 0x00000001
core   0: 0x80013ce0 (0xff9ff06f) j       pc - 0x8
core   0: 3 0x80013ce0 (0xff9ff06f)
core   0: 0x80013cd8 (0x00001f17) auipc   t5, 0x1
core   0: 3 0x80013cd8 (0x00001f17) x30 0x80014cd8
core   0: 0x80013cdc (0x323f2423) sw      gp, 808(t5)
core   0: 3 0x80013cdc (0x323f2423) mem 0x80015000 0x00000001
core   0: 0x80013ce0 (0xff9ff06f) j       pc - 0x8
core   0: 3 0x80013ce0 (0xff9ff06f)
core   0: 0x80013cd8 (0x00001f17) auipc   t5, 0x1
core   0: 3 0x80013cd8 (0x00001f17) x30 0x80014cd8
core   0: 0x80013cdc (0x323f2423) sw      gp, 808(t5)
core   0: 3 0x80013cdc (0x323f2423) mem 0x80015000 0x00000001
core   0: 0x80013ce0 (0xff9ff06f) j       pc - 0x8
core   0: 3 0x80013ce0 (0xff9ff06f)
core   0: 0x80013cd8 (0x00001f17) auipc   t5, 0x1
core   0: 3 0x80013cd8 (0x00001f17) x30 0x80014cd8
core   0: 0x80013cdc (0x323f2423) sw      gp, 808(t5)
core   0: 3 0x80013cdc (0x323f2423) mem 0x80015000 0x00000001
core   0: 0x80013ce0 (0xff9ff06f) j       pc - 0x8
core   0: 3 0x80013ce0 (0xff9ff06f)
core   0: 0x80013cd8 (0x00001f17) auipc   t5, 0x1
core   0: 3 0x80013cd8 (0x00001f17) x30 0x80014cd8
core   0: 0x80013cdc (0x323f2423) sw      gp, 808(t5)
core   0: 3 0x80013cdc (0x323f2423) mem 0x80015000 0x00000001
core   0: 0x80013ce0 (0xff9ff06f) j       pc - 0x8
core   0: 3 0x80013ce0 (0xff9ff06f)
core   0: 0x80013cd8 (0x00001f17) auipc   t5, 0x1
core   0: 3 0x80013cd8 (0x00001f17) x30 0x80014cd8
core   0: 0x80013cdc (0x323f2423) sw      gp, 808(t5)
core   0: 3 0x80013cdc (0x323f2423) mem 0x80015000 0x00000001
core   0: 0x80013ce0 (0xff9ff06f) j       pc - 0x8
core   0: 3 0x80013ce0 (0xff9ff06f)
core   0: 0x80013cd8 (0x00001f17) auipc   t5, 0x1
core   0: 3 0x80013cd8 (0x00001f17) x30 0x80014cd8
core   0: 0x80013cdc (0x323f2423) sw      gp, 808(t5)
core   0: 3 0x80013cdc (0x323f2423) mem 0x80015000 0x00000001
core   0: 0x80013ce0 (0xff9ff06f) j       pc - 0x8
core   0: 3 0x80013ce0 (0xff9ff06f)
core   0: 0x80013cd8 (0x00001f17) auipc   t5, 0x1
core   0: 3 0x80013cd8 (0x00001f17) x30 0x80014cd8
core   0: 0x80013cdc (0x323f2423) sw      gp, 808(t5)
core   0: 3 0x80013cdc (0x323f2423) mem 0x80015000 0x00000001
core   0: 0x80013ce0 (0xff9ff06f) j       pc - 0x8
core   0: 3 0x80013ce0 (0xff9ff06f)
core   0: 0x80013cd8 (0x00001f17) auipc   t5, 0x1
core   0: 3 0x80013cd8 (0x00001f17) x30 0x80014cd8
core   0: 0x80013cdc (0x323f2423) sw      gp, 808(t5)
core   0: 3 0x80013cdc (0x323f2423) mem 0x80015000 0x00000001
core   0: 0x80013ce0 (0xff9ff06f) j       pc - 0x8
core   0: 3 0x80013ce0 (0xff9ff06f)
core   0: 0x80013cd8 (0x00001f17) auipc   t5, 0x1
core   0: 3 0x80013cd8 (0x00001f17) x30 0x80014cd8
core   0: 0x80013cdc (0x323f2423) sw      gp, 808(t5)
core   0: 3 0x80013cdc (0x323f2423) mem 0x80015000 0x00000001
core   0: 0x80013ce0 (0xff9ff06f) j       pc - 0x8
core   0: 3 0x80013ce0 (0xff9ff06f)
core   0: 0x80013cd8 (0x00001f17) auipc   t5, 0x1
core   0: 3 0x80013cd8 (0x00001f17) x30 0x80014cd8
core   0: 0x80013cdc (0x323f2423) sw      gp, 808(t5)
core   0: 3 0x80013cdc (0x323f2423) mem 0x80015000 0x00000001
core   0: 0x80013ce0 (0xff9ff06f) j       pc - 0x8
core   0: 3 0x80013ce0 (0xff9ff06f)
core   0: 0x80013cd8 (0x00001f17) auipc   t5, 0x1
core   0: 3 0x80013cd8 (0x00001f17) x30 0x80014cd8
core   0: 0x80013cdc (0x323f2423) sw      gp, 808(t5)
core   0: 3 0x80013cdc (0x323f2423) mem 0x80015000 0x00000001
core   0: 0x80013ce0 (0xff9ff06f) j       pc - 0x8
core   0: 3 0x80013ce0 (0xff9ff06f)
core   0: 0x80013cd8 (0x00001f17) auipc   t5, 0x1
core   0: 3 0x80013cd8 (0x00001f17) x30 0x80014cd8
core   0: 0x80013cdc (0x323f2423) sw      gp, 808(t5)
core   0: 3 0x80013cdc (0x323f2423) mem 0x80015000 0x00000001
core   0: 0x80013ce0 (0xff9ff06f) j       pc - 0x8
core   0: 3 0x80013ce0 (0xff9ff06f)
core   0: 0x80013cd8 (0x00001f17) auipc   t5, 0x1
core   0: 3 0x80013cd8 (0x00001f17) x30 0x80014cd8
core   0: 0x80013cdc (0x323f2423) sw      gp, 808(t5)
core   0: 3 0x80013cdc (0x323f2423) mem 0x80015000 0x00000001
core   0: 0x80013ce0 (0xff9ff06f) j       pc - 0x8
core   0: 3 0x80013ce0 (0xff9ff06f)
core   0: 0x80013cd8 (0x00001f17) auipc   t5, 0x1
core   0: 3 0x80013cd8 (0x00001f17) x30 0x80014cd8
core   0: 0x80013cdc (0x323f2423) sw      gp, 808(t5)
core   0: 3 0x80013cdc (0x323f2423) mem 0x80015000 0x00000001
core   0: 0x80013ce0 (0xff9ff06f) j       pc - 0x8
core   0: 3 0x80013ce0 (0xff9ff06f)
core   0: 0x80013cd8 (0x00001f17) auipc   t5, 0x1
core   0: 3 0x80013cd8 (0x00001f17) x30 0x80014cd8
core   0: 0x80013cdc (0x323f2423) sw      gp, 808(t5)
core   0: 3 0x80013cdc (0x323f2423) mem 0x80015000 0x00000001
core   0: 0x80013ce0 (0xff9ff06f) j       pc - 0x8
core   0: 3 0x80013ce0 (0xff9ff06f)
core   0: 0x80013cd8 (0x00001f17) auipc   t5, 0x1
core   0: 3 0x80013cd8 (0x00001f17) x30 0x80014cd8
core   0: 0x80013cdc (0x323f2423) sw      gp, 808(t5)
core   0: 3 0x80013cdc (0x323f2423) mem 0x80015000 0x00000001
core   0: 0x80013ce0 (0xff9ff06f) j       pc - 0x8
core   0: 3 0x80013ce0 (0xff9ff06f)
core   0: 0x80013cd8 (0x00001f17) auipc   t5, 0x1
core   0: 3 0x80013cd8 (0x00001f17) x30 0x80014cd8
core   0: 0x80013cdc (0x323f2423) sw      gp, 808(t5)
core   0: 3 0x80013cdc (0x323f2423) mem 0x80015000 0x00000001
core   0: 0x80013ce0 (0xff9ff06f) j       pc - 0x8
core   0: 3 0x80013ce0 (0xff9ff06f)
core   0: 0x80013cd8 (0x00001f17) auipc   t5, 0x1
core   0: 3 0x80013cd8 (0x00001f17) x30 0x80014cd8
core   0: 0x80013cdc (0x323f2423) sw      gp, 808(t5)
core   0: 3 0x80013cdc (0x323f2423) mem 0x80015000 0x00000001
core   0: 0x80013ce0 (0xff9ff06f) j       pc - 0x8
core   0: 3 0x80013ce0 (0xff9ff06f)
core   0: 0x80013cd8 (0x00001f17) auipc   t5, 0x1
core   0: 3 0x80013cd8 (0x00001f17) x30 0x80014cd8
core   0: 0x80013cdc (0x323f2423) sw      gp, 808(t5)
core   0: 3 0x80013cdc (0x323f2423) mem 0x80015000 0x00000001
core   0: 0x80013ce0 (0xff9ff06f) j       pc - 0x8
core   0: 3 0x80013ce0 (0xff9ff06f)
core   0: 0x80013cd8 (0x00001f17) auipc   t5, 0x1
core   0: 3 0x80013cd8 (0x00001f17) x30 0x80014cd8
core   0: 0x80013cdc (0x323f2423) sw      gp, 808(t5)
core   0: 3 0x80013cdc (0x323f2423) mem 0x80015000 0x00000001
core   0: 0x80013ce0 (0xff9ff06f) j       pc - 0x8
core   0: 3 0x80013ce0 (0xff9ff06f)
core   0: 0x80013cd8 (0x00001f17) auipc   t5, 0x1
core   0: 3 0x80013cd8 (0x00001f17) x30 0x80014cd8
core   0: 0x80013cdc (0x323f2423) sw      gp, 808(t5)
core   0: 3 0x80013cdc (0x323f2423) mem 0x80015000 0x00000001
core   0: 0x80013ce0 (0xff9ff06f) j       pc - 0x8
core   0: 3 0x80013ce0 (0xff9ff06f)
core   0: 0x80013cd8 (0x00001f17) auipc   t5, 0x1
core   0: 3 0x80013cd8 (0x00001f17) x30 0x80014cd8
core   0: 0x80013cdc (0x323f2423) sw      gp, 808(t5)
core   0: 3 0x80013cdc (0x323f2423) mem 0x80015000 0x00000001
core   0: 0x80013ce0 (0xff9ff06f) j       pc - 0x8
core   0: 3 0x80013ce0 (0xff9ff06f)
core   0: 0x80013cd8 (0x00001f17) auipc   t5, 0x1
core   0: 3 0x80013cd8 (0x00001f17) x30 0x80014cd8
core   0: 0x80013cdc (0x323f2423) sw      gp, 808(t5)
core   0: 3 0x80013cdc (0x323f2423) mem 0x80015000 0x00000001
core   0: 0x80013ce0 (0xff9ff06f) j       pc - 0x8
core   0: 3 0x80013ce0 (0xff9ff06f)
core   0: 0x80013cd8 (0x00001f17) auipc   t5, 0x1
core   0: 3 0x80013cd8 (0x00001f17) x30 0x80014cd8
core   0: 0x80013cdc (0x323f2423) sw      gp, 808(t5)
core   0: 3 0x80013cdc (0x323f2423) mem 0x80015000 0x00000001
core   0: 0x80013ce0 (0xff9ff06f) j       pc - 0x8
core   0: 3 0x80013ce0 (0xff9ff06f)
core   0: 0x80013cd8 (0x00001f17) auipc   t5, 0x1
core   0: 3 0x80013cd8 (0x00001f17) x30 0x80014cd8
core   0: 0x80013cdc (0x323f2423) sw      gp, 808(t5)
core   0: 3 0x80013cdc (0x323f2423) mem 0x80015000 0x00000001
core   0: 0x80013ce0 (0xff9ff06f) j       pc - 0x8
core   0: 3 0x80013ce0 (0xff9ff06f)
core   0: 0x80013cd8 (0x00001f17) auipc   t5, 0x1
core   0: 3 0x80013cd8 (0x00001f17) x30 0x80014cd8
core   0: 0x80013cdc (0x323f2423) sw      gp, 808(t5)
core   0: 3 0x80013cdc (0x323f2423) mem 0x80015000 0x00000001
core   0: 0x80013ce0 (0xff9ff06f) j       pc - 0x8
core   0: 3 0x80013ce0 (0xff9ff06f)
core   0: 0x80013cd8 (0x00001f17) auipc   t5, 0x1
core   0: 3 0x80013cd8 (0x00001f17) x30 0x80014cd8
core   0: 0x80013cdc (0x323f2423) sw      gp, 808(t5)
core   0: 3 0x80013cdc (0x323f2423) mem 0x80015000 0x00000001
core   0: 0x80013ce0 (0xff9ff06f) j       pc - 0x8
core   0: 3 0x80013ce0 (0xff9ff06f)
core   0: 0x80013cd8 (0x00001f17) auipc   t5, 0x1
core   0: 3 0x80013cd8 (0x00001f17) x30 0x80014cd8
core   0: 0x80013cdc (0x323f2423) sw      gp, 808(t5)
core   0: 3 0x80013cdc (0x323f2423) mem 0x80015000 0x00000001
core   0: 0x80013ce0 (0xff9ff06f) j       pc - 0x8
core   0: 3 0x80013ce0 (0xff9ff06f)
core   0: 0x80013cd8 (0x00001f17) auipc   t5, 0x1
core   0: 3 0x80013cd8 (0x00001f17) x30 0x80014cd8
core   0: 0x80013cdc (0x323f2423) sw      gp, 808(t5)
core   0: 3 0x80013cdc (0x323f2423) mem 0x80015000 0x00000001
core   0: 0x80013ce0 (0xff9ff06f) j       pc - 0x8
core   0: 3 0x80013ce0 (0xff9ff06f)
core   0: 0x80013cd8 (0x00001f17) auipc   t5, 0x1
core   0: 3 0x80013cd8 (0x00001f17) x30 0x80014cd8
core   0: 0x80013cdc (0x323f2423) sw      gp, 808(t5)
core   0: 3 0x80013cdc (0x323f2423) mem 0x80015000 0x00000001
core   0: 0x80013ce0 (0xff9ff06f) j       pc - 0x8
core   0: 3 0x80013ce0 (0xff9ff06f)
core   0: 0x80013cd8 (0x00001f17) auipc   t5, 0x1
core   0: 3 0x80013cd8 (0x00001f17) x30 0x80014cd8
core   0: 0x80013cdc (0x323f2423) sw      gp, 808(t5)
core   0: 3 0x80013cdc (0x323f2423) mem 0x80015000 0x00000001
core   0: 0x80013ce0 (0xff9ff06f) j       pc - 0x8
core   0: 3 0x80013ce0 (0xff9ff06f)
core   0: 0x80013cd8 (0x00001f17) auipc   t5, 0x1
core   0: 3 0x80013cd8 (0x00001f17) x30 0x80014cd8
core   0: 0x80013cdc (0x323f2423) sw      gp, 808(t5)
core   0: 3 0x80013cdc (0x323f2423) mem 0x80015000 0x00000001
core   0: 0x80013ce0 (0xff9ff06f) j       pc - 0x8
core   0: 3 0x80013ce0 (0xff9ff06f)
core   0: 0x80013cd8 (0x00001f17) auipc   t5, 0x1
core   0: 3 0x80013cd8 (0x00001f17) x30 0x80014cd8
core   0: 0x80013cdc (0x323f2423) sw      gp, 808(t5)
core   0: 3 0x80013cdc (0x323f2423) mem 0x80015000 0x00000001
core   0: 0x80013ce0 (0xff9ff06f) j       pc - 0x8
core   0: 3 0x80013ce0 (0xff9ff06f)
core   0: 0x80013cd8 (0x00001f17) auipc   t5, 0x1
core   0: 3 0x80013cd8 (0x00001f17) x30 0x80014cd8
core   0: 0x80013cdc (0x323f2423) sw      gp, 808(t5)
core   0: 3 0x80013cdc (0x323f2423) mem 0x80015000 0x00000001
core   0: 0x80013ce0 (0xff9ff06f) j       pc - 0x8
core   0: 3 0x80013ce0 (0xff9ff06f)
core   0: 0x80013cd8 (0x00001f17) auipc   t5, 0x1
core   0: 3 0x80013cd8 (0x00001f17) x30 0x80014cd8
core   0: 0x80013cdc (0x323f2423) sw      gp, 808(t5)
core   0: 3 0x80013cdc (0x323f2423) mem 0x80015000 0x00000001
core   0: 0x80013ce0 (0xff9ff06f) j       pc - 0x8
core   0: 3 0x80013ce0 (0xff9ff06f)
core   0: 0x80013cd8 (0x00001f17) auipc   t5, 0x1
core   0: 3 0x80013cd8 (0x00001f17) x30 0x80014cd8
core   0: 0x80013cdc (0x323f2423) sw      gp, 808(t5)
core   0: 3 0x80013cdc (0x323f2423) mem 0x80015000 0x00000001
core   0: 0x80013ce0 (0xff9ff06f) j       pc - 0x8
core   0: 3 0x80013ce0 (0xff9ff06f)
core   0: 0x80013cd8 (0x00001f17) auipc   t5, 0x1
core   0: 3 0x80013cd8 (0x00001f17) x30 0x80014cd8
core   0: 0x80013cdc (0x323f2423) sw      gp, 808(t5)
core   0: 3 0x80013cdc (0x323f2423) mem 0x80015000 0x00000001
core   0: 0x80013ce0 (0xff9ff06f) j       pc - 0x8
core   0: 3 0x80013ce0 (0xff9ff06f)
core   0: 0x80013cd8 (0x00001f17) auipc   t5, 0x1
core   0: 3 0x80013cd8 (0x00001f17) x30 0x80014cd8
core   0: 0x80013cdc (0x323f2423) sw      gp, 808(t5)
core   0: 3 0x80013cdc (0x323f2423) mem 0x80015000 0x00000001
core   0: 0x80013ce0 (0xff9ff06f) j       pc - 0x8
core   0: 3 0x80013ce0 (0xff9ff06f)
core   0: 0x80013cd8 (0x00001f17) auipc   t5, 0x1
core   0: 3 0x80013cd8 (0x00001f17) x30 0x80014cd8
core   0: 0x80013cdc (0x323f2423) sw      gp, 808(t5)
core   0: 3 0x80013cdc (0x323f2423) mem 0x80015000 0x00000001
core   0: 0x80013ce0 (0xff9ff06f) j       pc - 0x8
core   0: 3 0x80013ce0 (0xff9ff06f)
core   0: 0x80013cd8 (0x00001f17) auipc   t5, 0x1
core   0: 3 0x80013cd8 (0x00001f17) x30 0x80014cd8
core   0: 0x80013cdc (0x323f2423) sw      gp, 808(t5)
core   0: 3 0x80013cdc (0x323f2423) mem 0x80015000 0x00000001
core   0: 0x80013ce0 (0xff9ff06f) j       pc - 0x8
core   0: 3 0x80013ce0 (0xff9ff06f)
core   0: 0x80013cd8 (0x00001f17) auipc   t5, 0x1
core   0: 3 0x80013cd8 (0x00001f17) x30 0x80014cd8
core   0: 0x80013cdc (0x323f2423) sw      gp, 808(t5)
core   0: 3 0x80013cdc (0x323f2423) mem 0x80015000 0x00000001
core   0: 0x80013ce0 (0xff9ff06f) j       pc - 0x8
core   0: 3 0x80013ce0 (0xff9ff06f)
core   0: 0x80013cd8 (0x00001f17) auipc   t5, 0x1
core   0: 3 0x80013cd8 (0x00001f17) x30 0x80014cd8
core   0: 0x80013cdc (0x323f2423) sw      gp, 808(t5)
core   0: 3 0x80013cdc (0x323f2423) mem 0x80015000 0x00000001
core   0: 0x80013ce0 (0xff9ff06f) j       pc - 0x8
core   0: 3 0x80013ce0 (0xff9ff06f)
core   0: 0x80013cd8 (0x00001f17) auipc   t5, 0x1
core   0: 3 0x80013cd8 (0x00001f17) x30 0x80014cd8
core   0: 0x80013cdc (0x323f2423) sw      gp, 808(t5)
core   0: 3 0x80013cdc (0x323f2423) mem 0x80015000 0x00000001
core   0: 0x80013ce0 (0xff9ff06f) j       pc - 0x8
core   0: 3 0x80013ce0 (0xff9ff06f)
core   0: 0x80013cd8 (0x00001f17) auipc   t5, 0x1
core   0: 3 0x80013cd8 (0x00001f17) x30 0x80014cd8
core   0: 0x80013cdc (0x323f2423) sw      gp, 808(t5)
core   0: 3 0x80013cdc (0x323f2423) mem 0x80015000 0x00000001
core   0: 0x80013ce0 (0xff9ff06f) j       pc - 0x8
core   0: 3 0x80013ce0 (0xff9ff06f)
core   0: 0x80013cd8 (0x00001f17) auipc   t5, 0x1
core   0: 3 0x80013cd8 (0x00001f17) x30 0x80014cd8
core   0: 0x80013cdc (0x323f2423) sw      gp, 808(t5)
core   0: 3 0x80013cdc (0x323f2423) mem 0x80015000 0x00000001
core   0: 0x80013ce0 (0xff9ff06f) j       pc - 0x8
core   0: 3 0x80013ce0 (0xff9ff06f)
core   0: 0x80013cd8 (0x00001f17) auipc   t5, 0x1
core   0: 3 0x80013cd8 (0x00001f17) x30 0x80014cd8
core   0: 0x80013cdc (0x323f2423) sw      gp, 808(t5)
core   0: 3 0x80013cdc (0x323f2423) mem 0x80015000 0x00000001
core   0: 0x80013ce0 (0xff9ff06f) j       pc - 0x8
core   0: 3 0x80013ce0 (0xff9ff06f)
core   0: 0x80013cd8 (0x00001f17) auipc   t5, 0x1
core   0: 3 0x80013cd8 (0x00001f17) x30 0x80014cd8
core   0: 0x80013cdc (0x323f2423) sw      gp, 808(t5)
core   0: 3 0x80013cdc (0x323f2423) mem 0x80015000 0x00000001
core   0: 0x80013ce0 (0xff9ff06f) j       pc - 0x8
core   0: 3 0x80013ce0 (0xff9ff06f)
core   0: 0x80013cd8 (0x00001f17) auipc   t5, 0x1
core   0: 3 0x80013cd8 (0x00001f17) x30 0x80014cd8
core   0: 0x80013cdc (0x323f2423) sw      gp, 808(t5)
core   0: 3 0x80013cdc (0x323f2423) mem 0x80015000 0x00000001
core   0: 0x80013ce0 (0xff9ff06f) j       pc - 0x8
core   0: 3 0x80013ce0 (0xff9ff06f)
core   0: 0x80013cd8 (0x00001f17) auipc   t5, 0x1
core   0: 3 0x80013cd8 (0x00001f17) x30 0x80014cd8
core   0: 0x80013cdc (0x323f2423) sw      gp, 808(t5)
core   0: 3 0x80013cdc (0x323f2423) mem 0x80015000 0x00000001
core   0: 0x80013ce0 (0xff9ff06f) j       pc - 0x8
core   0: 3 0x80013ce0 (0xff9ff06f)
core   0: 0x80013cd8 (0x00001f17) auipc   t5, 0x1
core   0: 3 0x80013cd8 (0x00001f17) x30 0x80014cd8
core   0: 0x80013cdc (0x323f2423) sw      gp, 808(t5)
core   0: 3 0x80013cdc (0x323f2423) mem 0x80015000 0x00000001
core   0: 0x80013ce0 (0xff9ff06f) j       pc - 0x8
core   0: 3 0x80013ce0 (0xff9ff06f)
core   0: 0x80013cd8 (0x00001f17) auipc   t5, 0x1
core   0: 3 0x80013cd8 (0x00001f17) x30 0x80014cd8
core   0: 0x80013cdc (0x323f2423) sw      gp, 808(t5)
core   0: 3 0x80013cdc (0x323f2423) mem 0x80015000 0x00000001
core   0: 0x80013ce0 (0xff9ff06f) j       pc - 0x8
core   0: 3 0x80013ce0 (0xff9ff06f)
core   0: 0x80013cd8 (0x00001f17) auipc   t5, 0x1
core   0: 3 0x80013cd8 (0x00001f17) x30 0x80014cd8
core   0: 0x80013cdc (0x323f2423) sw      gp, 808(t5)
core   0: 3 0x80013cdc (0x323f2423) mem 0x80015000 0x00000001
core   0: 0x80013ce0 (0xff9ff06f) j       pc - 0x8
core   0: 3 0x80013ce0 (0xff9ff06f)
core   0: 0x80013cd8 (0x00001f17) auipc   t5, 0x1
core   0: 3 0x80013cd8 (0x00001f17) x30 0x80014cd8
core   0: 0x80013cdc (0x323f2423) sw      gp, 808(t5)
core   0: 3 0x80013cdc (0x323f2423) mem 0x80015000 0x00000001
core   0: 0x80013ce0 (0xff9ff06f) j       pc - 0x8
core   0: 3 0x80013ce0 (0xff9ff06f)
core   0: 0x80013cd8 (0x00001f17) auipc   t5, 0x1
core   0: 3 0x80013cd8 (0x00001f17) x30 0x80014cd8
core   0: 0x80013cdc (0x323f2423) sw      gp, 808(t5)
core   0: 3 0x80013cdc (0x323f2423) mem 0x80015000 0x00000001
core   0: 0x80013ce0 (0xff9ff06f) j       pc - 0x8
core   0: 3 0x80013ce0 (0xff9ff06f)
core   0: 0x80013cd8 (0x00001f17) auipc   t5, 0x1
core   0: 3 0x80013cd8 (0x00001f17) x30 0x80014cd8
core   0: 0x80013cdc (0x323f2423) sw      gp, 808(t5)
core   0: 3 0x80013cdc (0x323f2423) mem 0x80015000 0x00000001
core   0: 0x80013ce0 (0xff9ff06f) j       pc - 0x8
core   0: 3 0x80013ce0 (0xff9ff06f)
core   0: 0x80013cd8 (0x00001f17) auipc   t5, 0x1
core   0: 3 0x80013cd8 (0x00001f17) x30 0x80014cd8
core   0: 0x80013cdc (0x323f2423) sw      gp, 808(t5)
core   0: 3 0x80013cdc (0x323f2423) mem 0x80015000 0x00000001
core   0: 0x80013ce0 (0xff9ff06f) j       pc - 0x8
core   0: 3 0x80013ce0 (0xff9ff06f)
core   0: 0x80013cd8 (0x00001f17) auipc   t5, 0x1
core   0: 3 0x80013cd8 (0x00001f17) x30 0x80014cd8
core   0: 0x80013cdc (0x323f2423) sw      gp, 808(t5)
core   0: 3 0x80013cdc (0x323f2423) mem 0x80015000 0x00000001
core   0: 0x80013ce0 (0xff9ff06f) j       pc - 0x8
core   0: 3 0x80013ce0 (0xff9ff06f)
core   0: 0x80013cd8 (0x00001f17) auipc   t5, 0x1
core   0: 3 0x80013cd8 (0x00001f17) x30 0x80014cd8
core   0: 0x80013cdc (0x323f2423) sw      gp, 808(t5)
core   0: 3 0x80013cdc (0x323f2423) mem 0x80015000 0x00000001
core   0: 0x80013ce0 (0xff9ff06f) j       pc - 0x8
core   0: 3 0x80013ce0 (0xff9ff06f)
core   0: 0x80013cd8 (0x00001f17) auipc   t5, 0x1
core   0: 3 0x80013cd8 (0x00001f17) x30 0x80014cd8
core   0: 0x80013cdc (0x323f2423) sw      gp, 808(t5)
core   0: 3 0x80013cdc (0x323f2423) mem 0x80015000 0x00000001
core   0: 0x80013ce0 (0xff9ff06f) j       pc - 0x8
core   0: 3 0x80013ce0 (0xff9ff06f)
core   0: 0x80013cd8 (0x00001f17) auipc   t5, 0x1
core   0: 3 0x80013cd8 (0x00001f17) x30 0x80014cd8
core   0: 0x80013cdc (0x323f2423) sw      gp, 808(t5)
core   0: 3 0x80013cdc (0x323f2423) mem 0x80015000 0x00000001
core   0: 0x80013ce0 (0xff9ff06f) j       pc - 0x8
core   0: 3 0x80013ce0 (0xff9ff06f)
core   0: 0x80013cd8 (0x00001f17) auipc   t5, 0x1
core   0: 3 0x80013cd8 (0x00001f17) x30 0x80014cd8
core   0: 0x80013cdc (0x323f2423) sw      gp, 808(t5)
core   0: 3 0x80013cdc (0x323f2423) mem 0x80015000 0x00000001
core   0: 0x80013ce0 (0xff9ff06f) j       pc - 0x8
core   0: 3 0x80013ce0 (0xff9ff06f)
core   0: 0x80013cd8 (0x00001f17) auipc   t5, 0x1
core   0: 3 0x80013cd8 (0x00001f17) x30 0x80014cd8
core   0: 0x80013cdc (0x323f2423) sw      gp, 808(t5)
core   0: 3 0x80013cdc (0x323f2423) mem 0x80015000 0x00000001
core   0: 0x80013ce0 (0xff9ff06f) j       pc - 0x8
core   0: 3 0x80013ce0 (0xff9ff06f)
core   0: 0x80013cd8 (0x00001f17) auipc   t5, 0x1
core   0: 3 0x80013cd8 (0x00001f17) x30 0x80014cd8
core   0: 0x80013cdc (0x323f2423) sw      gp, 808(t5)
core   0: 3 0x80013cdc (0x323f2423) mem 0x80015000 0x00000001
core   0: 0x80013ce0 (0xff9ff06f) j       pc - 0x8
core   0: 3 0x80013ce0 (0xff9ff06f)
core   0: 0x80013cd8 (0x00001f17) auipc   t5, 0x1
core   0: 3 0x80013cd8 (0x00001f17) x30 0x80014cd8
core   0: 0x80013cdc (0x323f2423) sw      gp, 808(t5)
core   0: 3 0x80013cdc (0x323f2423) mem 0x80015000 0x00000001
core   0: 0x80013ce0 (0xff9ff06f) j       pc - 0x8
core   0: 3 0x80013ce0 (0xff9ff06f)
core   0: 0x80013cd8 (0x00001f17) auipc   t5, 0x1
core   0: 3 0x80013cd8 (0x00001f17) x30 0x80014cd8
core   0: 0x80013cdc (0x323f2423) sw      gp, 808(t5)
core   0: 3 0x80013cdc (0x323f2423) mem 0x80015000 0x00000001
core   0: 0x80013ce0 (0xff9ff06f) j       pc - 0x8
core   0: 3 0x80013ce0 (0xff9ff06f)
core   0: 0x80013cd8 (0x00001f17) auipc   t5, 0x1
core   0: 3 0x80013cd8 (0x00001f17) x30 0x80014cd8
core   0: 0x80013cdc (0x323f2423) sw      gp, 808(t5)
core   0: 3 0x80013cdc (0x323f2423) mem 0x80015000 0x00000001
core   0: 0x80013ce0 (0xff9ff06f) j       pc - 0x8
core   0: 3 0x80013ce0 (0xff9ff06f)
core   0: 0x80013cd8 (0x00001f17) auipc   t5, 0x1
core   0: 3 0x80013cd8 (0x00001f17) x30 0x80014cd8
core   0: 0x80013cdc (0x323f2423) sw      gp, 808(t5)
core   0: 3 0x80013cdc (0x323f2423) mem 0x80015000 0x00000001
core   0: 0x80013ce0 (0xff9ff06f) j       pc - 0x8
core   0: 3 0x80013ce0 (0xff9ff06f)
core   0: 0x80013cd8 (0x00001f17) auipc   t5, 0x1
core   0: 3 0x80013cd8 (0x00001f17) x30 0x80014cd8
core   0: 0x80013cdc (0x323f2423) sw      gp, 808(t5)
core   0: 3 0x80013cdc (0x323f2423) mem 0x80015000 0x00000001
core   0: 0x80013ce0 (0xff9ff06f) j       pc - 0x8
core   0: 3 0x80013ce0 (0xff9ff06f)
core   0: 0x80013cd8 (0x00001f17) auipc   t5, 0x1
core   0: 3 0x80013cd8 (0x00001f17) x30 0x80014cd8
core   0: 0x80013cdc (0x323f2423) sw      gp, 808(t5)
core   0: 3 0x80013cdc (0x323f2423) mem 0x80015000 0x00000001
core   0: 0x80013ce0 (0xff9ff06f) j       pc - 0x8
core   0: 3 0x80013ce0 (0xff9ff06f)
core   0: 0x80013cd8 (0x00001f17) auipc   t5, 0x1
core   0: 3 0x80013cd8 (0x00001f17) x30 0x80014cd8
core   0: 0x80013cdc (0x323f2423) sw      gp, 808(t5)
core   0: 3 0x80013cdc (0x323f2423) mem 0x80015000 0x00000001
core   0: 0x80013ce0 (0xff9ff06f) j       pc - 0x8
core   0: 3 0x80013ce0 (0xff9ff06f)
core   0: 0x80013cd8 (0x00001f17) auipc   t5, 0x1
core   0: 3 0x80013cd8 (0x00001f17) x30 0x80014cd8
core   0: 0x80013cdc (0x323f2423) sw      gp, 808(t5)
core   0: 3 0x80013cdc (0x323f2423) mem 0x80015000 0x00000001
core   0: 0x80013ce0 (0xff9ff06f) j       pc - 0x8
core   0: 3 0x80013ce0 (0xff9ff06f)
core   0: 0x80013cd8 (0x00001f17) auipc   t5, 0x1
core   0: 3 0x80013cd8 (0x00001f17) x30 0x80014cd8
core   0: 0x80013cdc (0x323f2423) sw      gp, 808(t5)
core   0: 3 0x80013cdc (0x323f2423) mem 0x80015000 0x00000001
core   0: 0x80013ce0 (0xff9ff06f) j       pc - 0x8
core   0: 3 0x80013ce0 (0xff9ff06f)
core   0: 0x80013cd8 (0x00001f17) auipc   t5, 0x1
core   0: 3 0x80013cd8 (0x00001f17) x30 0x80014cd8
core   0: 0x80013cdc (0x323f2423) sw      gp, 808(t5)
core   0: 3 0x80013cdc (0x323f2423) mem 0x80015000 0x00000001
core   0: 0x80013ce0 (0xff9ff06f) j       pc - 0x8
core   0: 3 0x80013ce0 (0xff9ff06f)
core   0: 0x80013cd8 (0x00001f17) auipc   t5, 0x1
core   0: 3 0x80013cd8 (0x00001f17) x30 0x80014cd8
core   0: 0x80013cdc (0x323f2423) sw      gp, 808(t5)
core   0: 3 0x80013cdc (0x323f2423) mem 0x80015000 0x00000001
core   0: 0x80013ce0 (0xff9ff06f) j       pc - 0x8
core   0: 3 0x80013ce0 (0xff9ff06f)
core   0: 0x80013cd8 (0x00001f17) auipc   t5, 0x1
core   0: 3 0x80013cd8 (0x00001f17) x30 0x80014cd8
core   0: 0x80013cdc (0x323f2423) sw      gp, 808(t5)
core   0: 3 0x80013cdc (0x323f2423) mem 0x80015000 0x00000001
core   0: 0x80013ce0 (0xff9ff06f) j       pc - 0x8
core   0: 3 0x80013ce0 (0xff9ff06f)
core   0: 0x80013cd8 (0x00001f17) auipc   t5, 0x1
core   0: 3 0x80013cd8 (0x00001f17) x30 0x80014cd8
core   0: 0x80013cdc (0x323f2423) sw      gp, 808(t5)
core   0: 3 0x80013cdc (0x323f2423) mem 0x80015000 0x00000001
core   0: 0x80013ce0 (0xff9ff06f) j       pc - 0x8
core   0: 3 0x80013ce0 (0xff9ff06f)
core   0: 0x80013cd8 (0x00001f17) auipc   t5, 0x1
core   0: 3 0x80013cd8 (0x00001f17) x30 0x80014cd8
core   0: 0x80013cdc (0x323f2423) sw      gp, 808(t5)
core   0: 3 0x80013cdc (0x323f2423) mem 0x80015000 0x00000001
core   0: 0x80013ce0 (0xff9ff06f) j       pc - 0x8
core   0: 3 0x80013ce0 (0xff9ff06f)
core   0: 0x80013cd8 (0x00001f17) auipc   t5, 0x1
core   0: 3 0x80013cd8 (0x00001f17) x30 0x80014cd8
core   0: 0x80013cdc (0x323f2423) sw      gp, 808(t5)
core   0: 3 0x80013cdc (0x323f2423) mem 0x80015000 0x00000001
core   0: 0x80013ce0 (0xff9ff06f) j       pc - 0x8
core   0: 3 0x80013ce0 (0xff9ff06f)
core   0: 0x80013cd8 (0x00001f17) auipc   t5, 0x1
core   0: 3 0x80013cd8 (0x00001f17) x30 0x80014cd8
core   0: 0x80013cdc (0x323f2423) sw      gp, 808(t5)
core   0: 3 0x80013cdc (0x323f2423) mem 0x80015000 0x00000001
core   0: 0x80013ce0 (0xff9ff06f) j       pc - 0x8
core   0: 3 0x80013ce0 (0xff9ff06f)
core   0: 0x80013cd8 (0x00001f17) auipc   t5, 0x1
core   0: 3 0x80013cd8 (0x00001f17) x30 0x80014cd8
core   0: 0x80013cdc (0x323f2423) sw      gp, 808(t5)
core   0: 3 0x80013cdc (0x323f2423) mem 0x80015000 0x00000001
core   0: 0x80013ce0 (0xff9ff06f) j       pc - 0x8
core   0: 3 0x80013ce0 (0xff9ff06f)
core   0: 0x80013cd8 (0x00001f17) auipc   t5, 0x1
core   0: 3 0x80013cd8 (0x00001f17) x30 0x80014cd8
core   0: 0x80013cdc (0x323f2423) sw      gp, 808(t5)
core   0: 3 0x80013cdc (0x323f2423) mem 0x80015000 0x00000001
core   0: 0x80013ce0 (0xff9ff06f) j       pc - 0x8
core   0: 3 0x80013ce0 (0xff9ff06f)
core   0: 0x80013cd8 (0x00001f17) auipc   t5, 0x1
core   0: 3 0x80013cd8 (0x00001f17) x30 0x80014cd8
core   0: 0x80013cdc (0x323f2423) sw      gp, 808(t5)
core   0: 3 0x80013cdc (0x323f2423) mem 0x80015000 0x00000001
core   0: 0x80013ce0 (0xff9ff06f) j       pc - 0x8
core   0: 3 0x80013ce0 (0xff9ff06f)
core   0: 0x80013cd8 (0x00001f17) auipc   t5, 0x1
core   0: 3 0x80013cd8 (0x00001f17) x30 0x80014cd8
core   0: 0x80013cdc (0x323f2423) sw      gp, 808(t5)
core   0: 3 0x80013cdc (0x323f2423) mem 0x80015000 0x00000001
core   0: 0x80013ce0 (0xff9ff06f) j       pc - 0x8
core   0: 3 0x80013ce0 (0xff9ff06f)
core   0: 0x80013cd8 (0x00001f17) auipc   t5, 0x1
core   0: 3 0x80013cd8 (0x00001f17) x30 0x80014cd8
core   0: 0x80013cdc (0x323f2423) sw      gp, 808(t5)
core   0: 3 0x80013cdc (0x323f2423) mem 0x80015000 0x00000001
core   0: 0x80013ce0 (0xff9ff06f) j       pc - 0x8
core   0: 3 0x80013ce0 (0xff9ff06f)
core   0: 0x80013cd8 (0x00001f17) auipc   t5, 0x1
core   0: 3 0x80013cd8 (0x00001f17) x30 0x80014cd8
core   0: 0x80013cdc (0x323f2423) sw      gp, 808(t5)
core   0: 3 0x80013cdc (0x323f2423) mem 0x80015000 0x00000001
core   0: 0x80013ce0 (0xff9ff06f) j       pc - 0x8
core   0: 3 0x80013ce0 (0xff9ff06f)
core   0: 0x80013cd8 (0x00001f17) auipc   t5, 0x1
core   0: 3 0x80013cd8 (0x00001f17) x30 0x80014cd8
core   0: 0x80013cdc (0x323f2423) sw      gp, 808(t5)
core   0: 3 0x80013cdc (0x323f2423) mem 0x80015000 0x00000001
core   0: 0x80013ce0 (0xff9ff06f) j       pc - 0x8
core   0: 3 0x80013ce0 (0xff9ff06f)
core   0: 0x80013cd8 (0x00001f17) auipc   t5, 0x1
core   0: 3 0x80013cd8 (0x00001f17) x30 0x80014cd8
core   0: 0x80013cdc (0x323f2423) sw      gp, 808(t5)
core   0: 3 0x80013cdc (0x323f2423) mem 0x80015000 0x00000001
core   0: 0x80013ce0 (0xff9ff06f) j       pc - 0x8
core   0: 3 0x80013ce0 (0xff9ff06f)
core   0: 0x80013cd8 (0x00001f17) auipc   t5, 0x1
core   0: 3 0x80013cd8 (0x00001f17) x30 0x80014cd8
core   0: 0x80013cdc (0x323f2423) sw      gp, 808(t5)
core   0: 3 0x80013cdc (0x323f2423) mem 0x80015000 0x00000001
core   0: 0x80013ce0 (0xff9ff06f) j       pc - 0x8
core   0: 3 0x80013ce0 (0xff9ff06f)
core   0: 0x80013cd8 (0x00001f17) auipc   t5, 0x1
core   0: 3 0x80013cd8 (0x00001f17) x30 0x80014cd8
core   0: 0x80013cdc (0x323f2423) sw      gp, 808(t5)
core   0: 3 0x80013cdc (0x323f2423) mem 0x80015000 0x00000001
core   0: 0x80013ce0 (0xff9ff06f) j       pc - 0x8
core   0: 3 0x80013ce0 (0xff9ff06f)
core   0: 0x80013cd8 (0x00001f17) auipc   t5, 0x1
core   0: 3 0x80013cd8 (0x00001f17) x30 0x80014cd8
core   0: 0x80013cdc (0x323f2423) sw      gp, 808(t5)
core   0: 3 0x80013cdc (0x323f2423) mem 0x80015000 0x00000001
core   0: 0x80013ce0 (0xff9ff06f) j       pc - 0x8
core   0: 3 0x80013ce0 (0xff9ff06f)
core   0: 0x80013cd8 (0x00001f17) auipc   t5, 0x1
core   0: 3 0x80013cd8 (0x00001f17) x30 0x80014cd8
core   0: 0x80013cdc (0x323f2423) sw      gp, 808(t5)
core   0: 3 0x80013cdc (0x323f2423) mem 0x80015000 0x00000001
core   0: 0x80013ce0 (0xff9ff06f) j       pc - 0x8
core   0: 3 0x80013ce0 (0xff9ff06f)
core   0: 0x80013cd8 (0x00001f17) auipc   t5, 0x1
core   0: 3 0x80013cd8 (0x00001f17) x30 0x80014cd8
core   0: 0x80013cdc (0x323f2423) sw      gp, 808(t5)
core   0: 3 0x80013cdc (0x323f2423) mem 0x80015000 0x00000001
core   0: 0x80013ce0 (0xff9ff06f) j       pc - 0x8
core   0: 3 0x80013ce0 (0xff9ff06f)
core   0: 0x80013cd8 (0x00001f17) auipc   t5, 0x1
core   0: 3 0x80013cd8 (0x00001f17) x30 0x80014cd8
core   0: 0x80013cdc (0x323f2423) sw      gp, 808(t5)
core   0: 3 0x80013cdc (0x323f2423) mem 0x80015000 0x00000001
core   0: 0x80013ce0 (0xff9ff06f) j       pc - 0x8
core   0: 3 0x80013ce0 (0xff9ff06f)
core   0: 0x80013cd8 (0x00001f17) auipc   t5, 0x1
core   0: 3 0x80013cd8 (0x00001f17) x30 0x80014cd8
core   0: 0x80013cdc (0x323f2423) sw      gp, 808(t5)
core   0: 3 0x80013cdc (0x323f2423) mem 0x80015000 0x00000001
core   0: 0x80013ce0 (0xff9ff06f) j       pc - 0x8
core   0: 3 0x80013ce0 (0xff9ff06f)
core   0: 0x80013cd8 (0x00001f17) auipc   t5, 0x1
core   0: 3 0x80013cd8 (0x00001f17) x30 0x80014cd8
core   0: 0x80013cdc (0x323f2423) sw      gp, 808(t5)
core   0: 3 0x80013cdc (0x323f2423) mem 0x80015000 0x00000001
core   0: 0x80013ce0 (0xff9ff06f) j       pc - 0x8
core   0: 3 0x80013ce0 (0xff9ff06f)
core   0: 0x80013cd8 (0x00001f17) auipc   t5, 0x1
core   0: 3 0x80013cd8 (0x00001f17) x30 0x80014cd8
core   0: 0x80013cdc (0x323f2423) sw      gp, 808(t5)
core   0: 3 0x80013cdc (0x323f2423) mem 0x80015000 0x00000001
core   0: 0x80013ce0 (0xff9ff06f) j       pc - 0x8
core   0: 3 0x80013ce0 (0xff9ff06f)
core   0: 0x80013cd8 (0x00001f17) auipc   t5, 0x1
core   0: 3 0x80013cd8 (0x00001f17) x30 0x80014cd8
core   0: 0x80013cdc (0x323f2423) sw      gp, 808(t5)
core   0: 3 0x80013cdc (0x323f2423) mem 0x80015000 0x00000001
core   0: 0x80013ce0 (0xff9ff06f) j       pc - 0x8
core   0: 3 0x80013ce0 (0xff9ff06f)
core   0: 0x80013cd8 (0x00001f17) auipc   t5, 0x1
core   0: 3 0x80013cd8 (0x00001f17) x30 0x80014cd8
core   0: 0x80013cdc (0x323f2423) sw      gp, 808(t5)
core   0: 3 0x80013cdc (0x323f2423) mem 0x80015000 0x00000001
core   0: 0x80013ce0 (0xff9ff06f) j       pc - 0x8
core   0: 3 0x80013ce0 (0xff9ff06f)
core   0: 0x80013cd8 (0x00001f17) auipc   t5, 0x1
core   0: 3 0x80013cd8 (0x00001f17) x30 0x80014cd8
core   0: 0x80013cdc (0x323f2423) sw      gp, 808(t5)
core   0: 3 0x80013cdc (0x323f2423) mem 0x80015000 0x00000001
core   0: 0x80013ce0 (0xff9ff06f) j       pc - 0x8
core   0: 3 0x80013ce0 (0xff9ff06f)
core   0: 0x80013cd8 (0x00001f17) auipc   t5, 0x1
core   0: 3 0x80013cd8 (0x00001f17) x30 0x80014cd8
core   0: 0x80013cdc (0x323f2423) sw      gp, 808(t5)
core   0: 3 0x80013cdc (0x323f2423) mem 0x80015000 0x00000001
core   0: 0x80013ce0 (0xff9ff06f) j       pc - 0x8
core   0: 3 0x80013ce0 (0xff9ff06f)
core   0: 0x80013cd8 (0x00001f17) auipc   t5, 0x1
core   0: 3 0x80013cd8 (0x00001f17) x30 0x80014cd8
core   0: 0x80013cdc (0x323f2423) sw      gp, 808(t5)
core   0: 3 0x80013cdc (0x323f2423) mem 0x80015000 0x00000001
core   0: 0x80013ce0 (0xff9ff06f) j       pc - 0x8
core   0: 3 0x80013ce0 (0xff9ff06f)
core   0: 0x80013cd8 (0x00001f17) auipc   t5, 0x1
core   0: 3 0x80013cd8 (0x00001f17) x30 0x80014cd8
core   0: 0x80013cdc (0x323f2423) sw      gp, 808(t5)
core   0: 3 0x80013cdc (0x323f2423) mem 0x80015000 0x00000001
core   0: 0x80013ce0 (0xff9ff06f) j       pc - 0x8
core   0: 3 0x80013ce0 (0xff9ff06f)
core   0: 0x80013cd8 (0x00001f17) auipc   t5, 0x1
core   0: 3 0x80013cd8 (0x00001f17) x30 0x80014cd8
core   0: 0x80013cdc (0x323f2423) sw      gp, 808(t5)
core   0: 3 0x80013cdc (0x323f2423) mem 0x80015000 0x00000001
core   0: 0x80013ce0 (0xff9ff06f) j       pc - 0x8
core   0: 3 0x80013ce0 (0xff9ff06f)
core   0: 0x80013cd8 (0x00001f17) auipc   t5, 0x1
core   0: 3 0x80013cd8 (0x00001f17) x30 0x80014cd8
core   0: 0x80013cdc (0x323f2423) sw      gp, 808(t5)
core   0: 3 0x80013cdc (0x323f2423) mem 0x80015000 0x00000001
core   0: 0x80013ce0 (0xff9ff06f) j       pc - 0x8
core   0: 3 0x80013ce0 (0xff9ff06f)
core   0: 0x80013cd8 (0x00001f17) auipc   t5, 0x1
core   0: 3 0x80013cd8 (0x00001f17) x30 0x80014cd8
core   0: 0x80013cdc (0x323f2423) sw      gp, 808(t5)
core   0: 3 0x80013cdc (0x323f2423) mem 0x80015000 0x00000001
core   0: 0x80013ce0 (0xff9ff06f) j       pc - 0x8
core   0: 3 0x80013ce0 (0xff9ff06f)
core   0: 0x80013cd8 (0x00001f17) auipc   t5, 0x1
core   0: 3 0x80013cd8 (0x00001f17) x30 0x80014cd8
core   0: 0x80013cdc (0x323f2423) sw      gp, 808(t5)
core   0: 3 0x80013cdc (0x323f2423) mem 0x80015000 0x00000001
core   0: 0x80013ce0 (0xff9ff06f) j       pc - 0x8
core   0: 3 0x80013ce0 (0xff9ff06f)
core   0: 0x80013cd8 (0x00001f17) auipc   t5, 0x1
core   0: 3 0x80013cd8 (0x00001f17) x30 0x80014cd8
core   0: 0x80013cdc (0x323f2423) sw      gp, 808(t5)
core   0: 3 0x80013cdc (0x323f2423) mem 0x80015000 0x00000001
core   0: 0x80013ce0 (0xff9ff06f) j       pc - 0x8
core   0: 3 0x80013ce0 (0xff9ff06f)
core   0: 0x80013cd8 (0x00001f17) auipc   t5, 0x1
core   0: 3 0x80013cd8 (0x00001f17) x30 0x80014cd8
core   0: 0x80013cdc (0x323f2423) sw      gp, 808(t5)
core   0: 3 0x80013cdc (0x323f2423) mem 0x80015000 0x00000001
core   0: 0x80013ce0 (0xff9ff06f) j       pc - 0x8
core   0: 3 0x80013ce0 (0xff9ff06f)
core   0: 0x80013cd8 (0x00001f17) auipc   t5, 0x1
core   0: 3 0x80013cd8 (0x00001f17) x30 0x80014cd8
core   0: 0x80013cdc (0x323f2423) sw      gp, 808(t5)
core   0: 3 0x80013cdc (0x323f2423) mem 0x80015000 0x00000001
core   0: 0x80013ce0 (0xff9ff06f) j       pc - 0x8
core   0: 3 0x80013ce0 (0xff9ff06f)
core   0: 0x80013cd8 (0x00001f17) auipc   t5, 0x1
core   0: 3 0x80013cd8 (0x00001f17) x30 0x80014cd8
core   0: 0x80013cdc (0x323f2423) sw      gp, 808(t5)
core   0: 3 0x80013cdc (0x323f2423) mem 0x80015000 0x00000001
core   0: 0x80013ce0 (0xff9ff06f) j       pc - 0x8
core   0: 3 0x80013ce0 (0xff9ff06f)
core   0: 0x80013cd8 (0x00001f17) auipc   t5, 0x1
core   0: 3 0x80013cd8 (0x00001f17) x30 0x80014cd8
core   0: 0x80013cdc (0x323f2423) sw      gp, 808(t5)
core   0: 3 0x80013cdc (0x323f2423) mem 0x80015000 0x00000001
core   0: 0x80013ce0 (0xff9ff06f) j       pc - 0x8
core   0: 3 0x80013ce0 (0xff9ff06f)
core   0: 0x80013cd8 (0x00001f17) auipc   t5, 0x1
core   0: 3 0x80013cd8 (0x00001f17) x30 0x80014cd8
core   0: 0x80013cdc (0x323f2423) sw      gp, 808(t5)
core   0: 3 0x80013cdc (0x323f2423) mem 0x80015000 0x00000001
core   0: 0x80013ce0 (0xff9ff06f) j       pc - 0x8
core   0: 3 0x80013ce0 (0xff9ff06f)
core   0: 0x80013cd8 (0x00001f17) auipc   t5, 0x1
core   0: 3 0x80013cd8 (0x00001f17) x30 0x80014cd8
core   0: 0x80013cdc (0x323f2423) sw      gp, 808(t5)
core   0: 3 0x80013cdc (0x323f2423) mem 0x80015000 0x00000001
core   0: 0x80013ce0 (0xff9ff06f) j       pc - 0x8
core   0: 3 0x80013ce0 (0xff9ff06f)
core   0: 0x80013cd8 (0x00001f17) auipc   t5, 0x1
core   0: 3 0x80013cd8 (0x00001f17) x30 0x80014cd8
core   0: 0x80013cdc (0x323f2423) sw      gp, 808(t5)
core   0: 3 0x80013cdc (0x323f2423) mem 0x80015000 0x00000001
core   0: 0x80013ce0 (0xff9ff06f) j       pc - 0x8
core   0: 3 0x80013ce0 (0xff9ff06f)
core   0: 0x80013cd8 (0x00001f17) auipc   t5, 0x1
core   0: 3 0x80013cd8 (0x00001f17) x30 0x80014cd8
core   0: 0x80013cdc (0x323f2423) sw      gp, 808(t5)
core   0: 3 0x80013cdc (0x323f2423) mem 0x80015000 0x00000001
core   0: 0x80013ce0 (0xff9ff06f) j       pc - 0x8
core   0: 3 0x80013ce0 (0xff9ff06f)
core   0: 0x80013cd8 (0x00001f17) auipc   t5, 0x1
core   0: 3 0x80013cd8 (0x00001f17) x30 0x80014cd8
core   0: 0x80013cdc (0x323f2423) sw      gp, 808(t5)
core   0: 3 0x80013cdc (0x323f2423) mem 0x80015000 0x00000001
core   0: 0x80013ce0 (0xff9ff06f) j       pc - 0x8
core   0: 3 0x80013ce0 (0xff9ff06f)
core   0: 0x80013cd8 (0x00001f17) auipc   t5, 0x1
core   0: 3 0x80013cd8 (0x00001f17) x30 0x80014cd8
core   0: 0x80013cdc (0x323f2423) sw      gp, 808(t5)
core   0: 3 0x80013cdc (0x323f2423) mem 0x80015000 0x00000001
core   0: 0x80013ce0 (0xff9ff06f) j       pc - 0x8
core   0: 3 0x80013ce0 (0xff9ff06f)
core   0: 0x80013cd8 (0x00001f17) auipc   t5, 0x1
core   0: 3 0x80013cd8 (0x00001f17) x30 0x80014cd8
core   0: 0x80013cdc (0x323f2423) sw      gp, 808(t5)
core   0: 3 0x80013cdc (0x323f2423) mem 0x80015000 0x00000001
core   0: 0x80013ce0 (0xff9ff06f) j       pc - 0x8
core   0: 3 0x80013ce0 (0xff9ff06f)
core   0: 0x80013cd8 (0x00001f17) auipc   t5, 0x1
core   0: 3 0x80013cd8 (0x00001f17) x30 0x80014cd8
core   0: 0x80013cdc (0x323f2423) sw      gp, 808(t5)
core   0: 3 0x80013cdc (0x323f2423) mem 0x80015000 0x00000001
core   0: 0x80013ce0 (0xff9ff06f) j       pc - 0x8
core   0: 3 0x80013ce0 (0xff9ff06f)
core   0: 0x80013cd8 (0x00001f17) auipc   t5, 0x1
core   0: 3 0x80013cd8 (0x00001f17) x30 0x80014cd8
core   0: 0x80013cdc (0x323f2423) sw      gp, 808(t5)
core   0: 3 0x80013cdc (0x323f2423) mem 0x80015000 0x00000001
core   0: 0x80013ce0 (0xff9ff06f) j       pc - 0x8
core   0: 3 0x80013ce0 (0xff9ff06f)
core   0: 0x80013cd8 (0x00001f17) auipc   t5, 0x1
core   0: 3 0x80013cd8 (0x00001f17) x30 0x80014cd8
core   0: 0x80013cdc (0x323f2423) sw      gp, 808(t5)
core   0: 3 0x80013cdc (0x323f2423) mem 0x80015000 0x00000001
core   0: 0x80013ce0 (0xff9ff06f) j       pc - 0x8
core   0: 3 0x80013ce0 (0xff9ff06f)
core   0: 0x80013cd8 (0x00001f17) auipc   t5, 0x1
core   0: 3 0x80013cd8 (0x00001f17) x30 0x80014cd8
core   0: 0x80013cdc (0x323f2423) sw      gp, 808(t5)
core   0: 3 0x80013cdc (0x323f2423) mem 0x80015000 0x00000001
core   0: 0x80013ce0 (0xff9ff06f) j       pc - 0x8
core   0: 3 0x80013ce0 (0xff9ff06f)
core   0: 0x80013cd8 (0x00001f17) auipc   t5, 0x1
core   0: 3 0x80013cd8 (0x00001f17) x30 0x80014cd8
core   0: 0x80013cdc (0x323f2423) sw      gp, 808(t5)
core   0: 3 0x80013cdc (0x323f2423) mem 0x80015000 0x00000001
core   0: 0x80013ce0 (0xff9ff06f) j       pc - 0x8
core   0: 3 0x80013ce0 (0xff9ff06f)
core   0: 0x80013cd8 (0x00001f17) auipc   t5, 0x1
core   0: 3 0x80013cd8 (0x00001f17) x30 0x80014cd8
core   0: 0x80013cdc (0x323f2423) sw      gp, 808(t5)
core   0: 3 0x80013cdc (0x323f2423) mem 0x80015000 0x00000001
core   0: 0x80013ce0 (0xff9ff06f) j       pc - 0x8
core   0: 3 0x80013ce0 (0xff9ff06f)
core   0: 0x80013cd8 (0x00001f17) auipc   t5, 0x1
core   0: 3 0x80013cd8 (0x00001f17) x30 0x80014cd8
core   0: 0x80013cdc (0x323f2423) sw      gp, 808(t5)
core   0: 3 0x80013cdc (0x323f2423) mem 0x80015000 0x00000001
core   0: 0x80013ce0 (0xff9ff06f) j       pc - 0x8
core   0: 3 0x80013ce0 (0xff9ff06f)
core   0: 0x80013cd8 (0x00001f17) auipc   t5, 0x1
core   0: 3 0x80013cd8 (0x00001f17) x30 0x80014cd8
core   0: 0x80013cdc (0x323f2423) sw      gp, 808(t5)
core   0: 3 0x80013cdc (0x323f2423) mem 0x80015000 0x00000001
core   0: 0x80013ce0 (0xff9ff06f) j       pc - 0x8
core   0: 3 0x80013ce0 (0xff9ff06f)
core   0: 0x80013cd8 (0x00001f17) auipc   t5, 0x1
core   0: 3 0x80013cd8 (0x00001f17) x30 0x80014cd8
core   0: 0x80013cdc (0x323f2423) sw      gp, 808(t5)
core   0: 3 0x80013cdc (0x323f2423) mem 0x80015000 0x00000001
core   0: 0x80013ce0 (0xff9ff06f) j       pc - 0x8
core   0: 3 0x80013ce0 (0xff9ff06f)
core   0: 0x80013cd8 (0x00001f17) auipc   t5, 0x1
core   0: 3 0x80013cd8 (0x00001f17) x30 0x80014cd8
core   0: 0x80013cdc (0x323f2423) sw      gp, 808(t5)
core   0: 3 0x80013cdc (0x323f2423) mem 0x80015000 0x00000001
core   0: 0x80013ce0 (0xff9ff06f) j       pc - 0x8
core   0: 3 0x80013ce0 (0xff9ff06f)
core   0: 0x80013cd8 (0x00001f17) auipc   t5, 0x1
core   0: 3 0x80013cd8 (0x00001f17) x30 0x80014cd8
core   0: 0x80013cdc (0x323f2423) sw      gp, 808(t5)
core   0: 3 0x80013cdc (0x323f2423) mem 0x80015000 0x00000001
core   0: 0x80013ce0 (0xff9ff06f) j       pc - 0x8
core   0: 3 0x80013ce0 (0xff9ff06f)
core   0: 0x80013cd8 (0x00001f17) auipc   t5, 0x1
core   0: 3 0x80013cd8 (0x00001f17) x30 0x80014cd8
core   0: 0x80013cdc (0x323f2423) sw      gp, 808(t5)
core   0: 3 0x80013cdc (0x323f2423) mem 0x80015000 0x00000001
core   0: 0x80013ce0 (0xff9ff06f) j       pc - 0x8
core   0: 3 0x80013ce0 (0xff9ff06f)
core   0: 0x80013cd8 (0x00001f17) auipc   t5, 0x1
core   0: 3 0x80013cd8 (0x00001f17) x30 0x80014cd8
core   0: 0x80013cdc (0x323f2423) sw      gp, 808(t5)
core   0: 3 0x80013cdc (0x323f2423) mem 0x80015000 0x00000001
core   0: 0x80013ce0 (0xff9ff06f) j       pc - 0x8
core   0: 3 0x80013ce0 (0xff9ff06f)
core   0: 0x80013cd8 (0x00001f17) auipc   t5, 0x1
core   0: 3 0x80013cd8 (0x00001f17) x30 0x80014cd8
core   0: 0x80013cdc (0x323f2423) sw      gp, 808(t5)
core   0: 3 0x80013cdc (0x323f2423) mem 0x80015000 0x00000001
core   0: 0x80013ce0 (0xff9ff06f) j       pc - 0x8
core   0: 3 0x80013ce0 (0xff9ff06f)
core   0: 0x80013cd8 (0x00001f17) auipc   t5, 0x1
core   0: 3 0x80013cd8 (0x00001f17) x30 0x80014cd8
core   0: 0x80013cdc (0x323f2423) sw      gp, 808(t5)
core   0: 3 0x80013cdc (0x323f2423) mem 0x80015000 0x00000001
core   0: 0x80013ce0 (0xff9ff06f) j       pc - 0x8
core   0: 3 0x80013ce0 (0xff9ff06f)
core   0: 0x80013cd8 (0x00001f17) auipc   t5, 0x1
core   0: 3 0x80013cd8 (0x00001f17) x30 0x80014cd8
core   0: 0x80013cdc (0x323f2423) sw      gp, 808(t5)
core   0: 3 0x80013cdc (0x323f2423) mem 0x80015000 0x00000001
core   0: 0x80013ce0 (0xff9ff06f) j       pc - 0x8
core   0: 3 0x80013ce0 (0xff9ff06f)
core   0: 0x80013cd8 (0x00001f17) auipc   t5, 0x1
core   0: 3 0x80013cd8 (0x00001f17) x30 0x80014cd8
core   0: 0x80013cdc (0x323f2423) sw      gp, 808(t5)
core   0: 3 0x80013cdc (0x323f2423) mem 0x80015000 0x00000001
core   0: 0x80013ce0 (0xff9ff06f) j       pc - 0x8
core   0: 3 0x80013ce0 (0xff9ff06f)
core   0: 0x80013cd8 (0x00001f17) auipc   t5, 0x1
core   0: 3 0x80013cd8 (0x00001f17) x30 0x80014cd8
core   0: 0x80013cdc (0x323f2423) sw      gp, 808(t5)
core   0: 3 0x80013cdc (0x323f2423) mem 0x80015000 0x00000001
core   0: 0x80013ce0 (0xff9ff06f) j       pc - 0x8
core   0: 3 0x80013ce0 (0xff9ff06f)
core   0: 0x80013cd8 (0x00001f17) auipc   t5, 0x1
core   0: 3 0x80013cd8 (0x00001f17) x30 0x80014cd8
core   0: 0x80013cdc (0x323f2423) sw      gp, 808(t5)
core   0: 3 0x80013cdc (0x323f2423) mem 0x80015000 0x00000001
core   0: 0x80013ce0 (0xff9ff06f) j       pc - 0x8
core   0: 3 0x80013ce0 (0xff9ff06f)
core   0: 0x80013cd8 (0x00001f17) auipc   t5, 0x1
core   0: 3 0x80013cd8 (0x00001f17) x30 0x80014cd8
core   0: 0x80013cdc (0x323f2423) sw      gp, 808(t5)
core   0: 3 0x80013cdc (0x323f2423) mem 0x80015000 0x00000001
core   0: 0x80013ce0 (0xff9ff06f) j       pc - 0x8
core   0: 3 0x80013ce0 (0xff9ff06f)
core   0: 0x80013cd8 (0x00001f17) auipc   t5, 0x1
core   0: 3 0x80013cd8 (0x00001f17) x30 0x80014cd8
core   0: 0x80013cdc (0x323f2423) sw      gp, 808(t5)
core   0: 3 0x80013cdc (0x323f2423) mem 0x80015000 0x00000001
core   0: 0x80013ce0 (0xff9ff06f) j       pc - 0x8
core   0: 3 0x80013ce0 (0xff9ff06f)
core   0: 0x80013cd8 (0x00001f17) auipc   t5, 0x1
core   0: 3 0x80013cd8 (0x00001f17) x30 0x80014cd8
core   0: 0x80013cdc (0x323f2423) sw      gp, 808(t5)
core   0: 3 0x80013cdc (0x323f2423) mem 0x80015000 0x00000001
core   0: 0x80013ce0 (0xff9ff06f) j       pc - 0x8
core   0: 3 0x80013ce0 (0xff9ff06f)
core   0: 0x80013cd8 (0x00001f17) auipc   t5, 0x1
core   0: 3 0x80013cd8 (0x00001f17) x30 0x80014cd8
core   0: 0x80013cdc (0x323f2423) sw      gp, 808(t5)
core   0: 3 0x80013cdc (0x323f2423) mem 0x80015000 0x00000001
core   0: 0x80013ce0 (0xff9ff06f) j       pc - 0x8
core   0: 3 0x80013ce0 (0xff9ff06f)
core   0: 0x80013cd8 (0x00001f17) auipc   t5, 0x1
core   0: 3 0x80013cd8 (0x00001f17) x30 0x80014cd8
core   0: 0x80013cdc (0x323f2423) sw      gp, 808(t5)
core   0: 3 0x80013cdc (0x323f2423) mem 0x80015000 0x00000001
core   0: 0x80013ce0 (0xff9ff06f) j       pc - 0x8
core   0: 3 0x80013ce0 (0xff9ff06f)
core   0: 0x80013cd8 (0x00001f17) auipc   t5, 0x1
core   0: 3 0x80013cd8 (0x00001f17) x30 0x80014cd8
core   0: 0x80013cdc (0x323f2423) sw      gp, 808(t5)
core   0: 3 0x80013cdc (0x323f2423) mem 0x80015000 0x00000001
core   0: 0x80013ce0 (0xff9ff06f) j       pc - 0x8
core   0: 3 0x80013ce0 (0xff9ff06f)
core   0: 0x80013cd8 (0x00001f17) auipc   t5, 0x1
core   0: 3 0x80013cd8 (0x00001f17) x30 0x80014cd8
core   0: 0x80013cdc (0x323f2423) sw      gp, 808(t5)
core   0: 3 0x80013cdc (0x323f2423) mem 0x80015000 0x00000001
core   0: 0x80013ce0 (0xff9ff06f) j       pc - 0x8
core   0: 3 0x80013ce0 (0xff9ff06f)
core   0: 0x80013cd8 (0x00001f17) auipc   t5, 0x1
core   0: 3 0x80013cd8 (0x00001f17) x30 0x80014cd8
core   0: 0x80013cdc (0x323f2423) sw      gp, 808(t5)
core   0: 3 0x80013cdc (0x323f2423) mem 0x80015000 0x00000001
core   0: 0x80013ce0 (0xff9ff06f) j       pc - 0x8
core   0: 3 0x80013ce0 (0xff9ff06f)
core   0: 0x80013cd8 (0x00001f17) auipc   t5, 0x1
core   0: 3 0x80013cd8 (0x00001f17) x30 0x80014cd8
core   0: 0x80013cdc (0x323f2423) sw      gp, 808(t5)
core   0: 3 0x80013cdc (0x323f2423) mem 0x80015000 0x00000001
core   0: 0x80013ce0 (0xff9ff06f) j       pc - 0x8
core   0: 3 0x80013ce0 (0xff9ff06f)
core   0: 0x80013cd8 (0x00001f17) auipc   t5, 0x1
core   0: 3 0x80013cd8 (0x00001f17) x30 0x80014cd8
core   0: 0x80013cdc (0x323f2423) sw      gp, 808(t5)
core   0: 3 0x80013cdc (0x323f2423) mem 0x80015000 0x00000001
core   0: 0x80013ce0 (0xff9ff06f) j       pc - 0x8
core   0: 3 0x80013ce0 (0xff9ff06f)
core   0: 0x80013cd8 (0x00001f17) auipc   t5, 0x1
core   0: 3 0x80013cd8 (0x00001f17) x30 0x80014cd8
core   0: 0x80013cdc (0x323f2423) sw      gp, 808(t5)
core   0: 3 0x80013cdc (0x323f2423) mem 0x80015000 0x00000001
core   0: 0x80013ce0 (0xff9ff06f) j       pc - 0x8
core   0: 3 0x80013ce0 (0xff9ff06f)
core   0: 0x80013cd8 (0x00001f17) auipc   t5, 0x1
core   0: 3 0x80013cd8 (0x00001f17) x30 0x80014cd8
core   0: 0x80013cdc (0x323f2423) sw      gp, 808(t5)
core   0: 3 0x80013cdc (0x323f2423) mem 0x80015000 0x00000001
core   0: 0x80013ce0 (0xff9ff06f) j       pc - 0x8
core   0: 3 0x80013ce0 (0xff9ff06f)
core   0: 0x80013cd8 (0x00001f17) auipc   t5, 0x1
core   0: 3 0x80013cd8 (0x00001f17) x30 0x80014cd8
core   0: 0x80013cdc (0x323f2423) sw      gp, 808(t5)
core   0: 3 0x80013cdc (0x323f2423) mem 0x80015000 0x00000001
core   0: 0x80013ce0 (0xff9ff06f) j       pc - 0x8
core   0: 3 0x80013ce0 (0xff9ff06f)
core   0: 0x80013cd8 (0x00001f17) auipc   t5, 0x1
core   0: 3 0x80013cd8 (0x00001f17) x30 0x80014cd8
core   0: 0x80013cdc (0x323f2423) sw      gp, 808(t5)
core   0: 3 0x80013cdc (0x323f2423) mem 0x80015000 0x00000001
core   0: 0x80013ce0 (0xff9ff06f) j       pc - 0x8
core   0: 3 0x80013ce0 (0xff9ff06f)
core   0: 0x80013cd8 (0x00001f17) auipc   t5, 0x1
core   0: 3 0x80013cd8 (0x00001f17) x30 0x80014cd8
core   0: 0x80013cdc (0x323f2423) sw      gp, 808(t5)
core   0: 3 0x80013cdc (0x323f2423) mem 0x80015000 0x00000001
core   0: 0x80013ce0 (0xff9ff06f) j       pc - 0x8
core   0: 3 0x80013ce0 (0xff9ff06f)
core   0: 0x80013cd8 (0x00001f17) auipc   t5, 0x1
core   0: 3 0x80013cd8 (0x00001f17) x30 0x80014cd8
core   0: 0x80013cdc (0x323f2423) sw      gp, 808(t5)
core   0: 3 0x80013cdc (0x323f2423) mem 0x80015000 0x00000001
core   0: 0x80013ce0 (0xff9ff06f) j       pc - 0x8
core   0: 3 0x80013ce0 (0xff9ff06f)
core   0: 0x80013cd8 (0x00001f17) auipc   t5, 0x1
core   0: 3 0x80013cd8 (0x00001f17) x30 0x80014cd8
core   0: 0x80013cdc (0x323f2423) sw      gp, 808(t5)
core   0: 3 0x80013cdc (0x323f2423) mem 0x80015000 0x00000001
core   0: 0x80013ce0 (0xff9ff06f) j       pc - 0x8
core   0: 3 0x80013ce0 (0xff9ff06f)
core   0: 0x80013cd8 (0x00001f17) auipc   t5, 0x1
core   0: 3 0x80013cd8 (0x00001f17) x30 0x80014cd8
core   0: 0x80013cdc (0x323f2423) sw      gp, 808(t5)
core   0: 3 0x80013cdc (0x323f2423) mem 0x80015000 0x00000001
core   0: 0x80013ce0 (0xff9ff06f) j       pc - 0x8
core   0: 3 0x80013ce0 (0xff9ff06f)
core   0: 0x80013cd8 (0x00001f17) auipc   t5, 0x1
core   0: 3 0x80013cd8 (0x00001f17) x30 0x80014cd8
core   0: 0x80013cdc (0x323f2423) sw      gp, 808(t5)
core   0: 3 0x80013cdc (0x323f2423) mem 0x80015000 0x00000001
core   0: 0x80013ce0 (0xff9ff06f) j       pc - 0x8
core   0: 3 0x80013ce0 (0xff9ff06f)
core   0: 0x80013cd8 (0x00001f17) auipc   t5, 0x1
core   0: 3 0x80013cd8 (0x00001f17) x30 0x80014cd8
core   0: 0x80013cdc (0x323f2423) sw      gp, 808(t5)
core   0: 3 0x80013cdc (0x323f2423) mem 0x80015000 0x00000001
core   0: 0x80013ce0 (0xff9ff06f) j       pc - 0x8
core   0: 3 0x80013ce0 (0xff9ff06f)
core   0: 0x80013cd8 (0x00001f17) auipc   t5, 0x1
core   0: 3 0x80013cd8 (0x00001f17) x30 0x80014cd8
core   0: 0x80013cdc (0x323f2423) sw      gp, 808(t5)
core   0: 3 0x80013cdc (0x323f2423) mem 0x80015000 0x00000001
core   0: 0x80013ce0 (0xff9ff06f) j       pc - 0x8
core   0: 3 0x80013ce0 (0xff9ff06f)
core   0: 0x80013cd8 (0x00001f17) auipc   t5, 0x1
core   0: 3 0x80013cd8 (0x00001f17) x30 0x80014cd8
core   0: 0x80013cdc (0x323f2423) sw      gp, 808(t5)
core   0: 3 0x80013cdc (0x323f2423) mem 0x80015000 0x00000001
core   0: 0x80013ce0 (0xff9ff06f) j       pc - 0x8
core   0: 3 0x80013ce0 (0xff9ff06f)
core   0: 0x80013cd8 (0x00001f17) auipc   t5, 0x1
core   0: 3 0x80013cd8 (0x00001f17) x30 0x80014cd8
core   0: 0x80013cdc (0x323f2423) sw      gp, 808(t5)
core   0: 3 0x80013cdc (0x323f2423) mem 0x80015000 0x00000001
core   0: 0x80013ce0 (0xff9ff06f) j       pc - 0x8
core   0: 3 0x80013ce0 (0xff9ff06f)
core   0: 0x80013cd8 (0x00001f17) auipc   t5, 0x1
core   0: 3 0x80013cd8 (0x00001f17) x30 0x80014cd8
core   0: 0x80013cdc (0x323f2423) sw      gp, 808(t5)
core   0: 3 0x80013cdc (0x323f2423) mem 0x80015000 0x00000001
core   0: 0x80013ce0 (0xff9ff06f) j       pc - 0x8
core   0: 3 0x80013ce0 (0xff9ff06f)
core   0: 0x80013cd8 (0x00001f17) auipc   t5, 0x1
core   0: 3 0x80013cd8 (0x00001f17) x30 0x80014cd8
core   0: 0x80013cdc (0x323f2423) sw      gp, 808(t5)
core   0: 3 0x80013cdc (0x323f2423) mem 0x80015000 0x00000001
core   0: 0x80013ce0 (0xff9ff06f) j       pc - 0x8
core   0: 3 0x80013ce0 (0xff9ff06f)
core   0: 0x80013cd8 (0x00001f17) auipc   t5, 0x1
core   0: 3 0x80013cd8 (0x00001f17) x30 0x80014cd8
core   0: 0x80013cdc (0x323f2423) sw      gp, 808(t5)
core   0: 3 0x80013cdc (0x323f2423) mem 0x80015000 0x00000001
core   0: 0x80013ce0 (0xff9ff06f) j       pc - 0x8
core   0: 3 0x80013ce0 (0xff9ff06f)
core   0: 0x80013cd8 (0x00001f17) auipc   t5, 0x1
core   0: 3 0x80013cd8 (0x00001f17) x30 0x80014cd8
core   0: 0x80013cdc (0x323f2423) sw      gp, 808(t5)
core   0: 3 0x80013cdc (0x323f2423) mem 0x80015000 0x00000001
core   0: 0x80013ce0 (0xff9ff06f) j       pc - 0x8
core   0: 3 0x80013ce0 (0xff9ff06f)
core   0: 0x80013cd8 (0x00001f17) auipc   t5, 0x1
core   0: 3 0x80013cd8 (0x00001f17) x30 0x80014cd8
core   0: 0x80013cdc (0x323f2423) sw      gp, 808(t5)
core   0: 3 0x80013cdc (0x323f2423) mem 0x80015000 0x00000001
core   0: 0x80013ce0 (0xff9ff06f) j       pc - 0x8
core   0: 3 0x80013ce0 (0xff9ff06f)
core   0: 0x80013cd8 (0x00001f17) auipc   t5, 0x1
core   0: 3 0x80013cd8 (0x00001f17) x30 0x80014cd8
core   0: 0x80013cdc (0x323f2423) sw      gp, 808(t5)
core   0: 3 0x80013cdc (0x323f2423) mem 0x80015000 0x00000001
core   0: 0x80013ce0 (0xff9ff06f) j       pc - 0x8
core   0: 3 0x80013ce0 (0xff9ff06f)
core   0: 0x80013cd8 (0x00001f17) auipc   t5, 0x1
core   0: 3 0x80013cd8 (0x00001f17) x30 0x80014cd8
core   0: 0x80013cdc (0x323f2423) sw      gp, 808(t5)
core   0: 3 0x80013cdc (0x323f2423) mem 0x80015000 0x00000001
core   0: 0x80013ce0 (0xff9ff06f) j       pc - 0x8
core   0: 3 0x80013ce0 (0xff9ff06f)
core   0: 0x80013cd8 (0x00001f17) auipc   t5, 0x1
core   0: 3 0x80013cd8 (0x00001f17) x30 0x80014cd8
core   0: 0x80013cdc (0x323f2423) sw      gp, 808(t5)
core   0: 3 0x80013cdc (0x323f2423) mem 0x80015000 0x00000001
core   0: 0x80013ce0 (0xff9ff06f) j       pc - 0x8
core   0: 3 0x80013ce0 (0xff9ff06f)
core   0: 0x80013cd8 (0x00001f17) auipc   t5, 0x1
core   0: 3 0x80013cd8 (0x00001f17) x30 0x80014cd8
core   0: 0x80013cdc (0x323f2423) sw      gp, 808(t5)
core   0: 3 0x80013cdc (0x323f2423) mem 0x80015000 0x00000001
core   0: 0x80013ce0 (0xff9ff06f) j       pc - 0x8
core   0: 3 0x80013ce0 (0xff9ff06f)
core   0: 0x80013cd8 (0x00001f17) auipc   t5, 0x1
core   0: 3 0x80013cd8 (0x00001f17) x30 0x80014cd8
core   0: 0x80013cdc (0x323f2423) sw      gp, 808(t5)
core   0: 3 0x80013cdc (0x323f2423) mem 0x80015000 0x00000001
core   0: 0x80013ce0 (0xff9ff06f) j       pc - 0x8
core   0: 3 0x80013ce0 (0xff9ff06f)
core   0: 0x80013cd8 (0x00001f17) auipc   t5, 0x1
core   0: 3 0x80013cd8 (0x00001f17) x30 0x80014cd8
core   0: 0x80013cdc (0x323f2423) sw      gp, 808(t5)
core   0: 3 0x80013cdc (0x323f2423) mem 0x80015000 0x00000001
core   0: 0x80013ce0 (0xff9ff06f) j       pc - 0x8
core   0: 3 0x80013ce0 (0xff9ff06f)
core   0: 0x80013cd8 (0x00001f17) auipc   t5, 0x1
core   0: 3 0x80013cd8 (0x00001f17) x30 0x80014cd8
core   0: 0x80013cdc (0x323f2423) sw      gp, 808(t5)
core   0: 3 0x80013cdc (0x323f2423) mem 0x80015000 0x00000001
core   0: 0x80013ce0 (0xff9ff06f) j       pc - 0x8
core   0: 3 0x80013ce0 (0xff9ff06f)
core   0: 0x80013cd8 (0x00001f17) auipc   t5, 0x1
core   0: 3 0x80013cd8 (0x00001f17) x30 0x80014cd8
core   0: 0x80013cdc (0x323f2423) sw      gp, 808(t5)
core   0: 3 0x80013cdc (0x323f2423) mem 0x80015000 0x00000001
core   0: 0x80013ce0 (0xff9ff06f) j       pc - 0x8
core   0: 3 0x80013ce0 (0xff9ff06f)
core   0: 0x80013cd8 (0x00001f17) auipc   t5, 0x1
core   0: 3 0x80013cd8 (0x00001f17) x30 0x80014cd8
core   0: 0x80013cdc (0x323f2423) sw      gp, 808(t5)
core   0: 3 0x80013cdc (0x323f2423) mem 0x80015000 0x00000001
core   0: 0x80013ce0 (0xff9ff06f) j       pc - 0x8
core   0: 3 0x80013ce0 (0xff9ff06f)
core   0: 0x80013cd8 (0x00001f17) auipc   t5, 0x1
core   0: 3 0x80013cd8 (0x00001f17) x30 0x80014cd8
core   0: 0x80013cdc (0x323f2423) sw      gp, 808(t5)
core   0: 3 0x80013cdc (0x323f2423) mem 0x80015000 0x00000001
core   0: 0x80013ce0 (0xff9ff06f) j       pc - 0x8
core   0: 3 0x80013ce0 (0xff9ff06f)
core   0: 0x80013cd8 (0x00001f17) auipc   t5, 0x1
core   0: 3 0x80013cd8 (0x00001f17) x30 0x80014cd8
core   0: 0x80013cdc (0x323f2423) sw      gp, 808(t5)
core   0: 3 0x80013cdc (0x323f2423) mem 0x80015000 0x00000001
core   0: 0x80013ce0 (0xff9ff06f) j       pc - 0x8
core   0: 3 0x80013ce0 (0xff9ff06f)
core   0: 0x80013cd8 (0x00001f17) auipc   t5, 0x1
core   0: 3 0x80013cd8 (0x00001f17) x30 0x80014cd8
core   0: 0x80013cdc (0x323f2423) sw      gp, 808(t5)
core   0: 3 0x80013cdc (0x323f2423) mem 0x80015000 0x00000001
core   0: 0x80013ce0 (0xff9ff06f) j       pc - 0x8
core   0: 3 0x80013ce0 (0xff9ff06f)
core   0: 0x80013cd8 (0x00001f17) auipc   t5, 0x1
core   0: 3 0x80013cd8 (0x00001f17) x30 0x80014cd8
core   0: 0x80013cdc (0x323f2423) sw      gp, 808(t5)
core   0: 3 0x80013cdc (0x323f2423) mem 0x80015000 0x00000001
core   0: 0x80013ce0 (0xff9ff06f) j       pc - 0x8
core   0: 3 0x80013ce0 (0xff9ff06f)
core   0: 0x80013cd8 (0x00001f17) auipc   t5, 0x1
core   0: 3 0x80013cd8 (0x00001f17) x30 0x80014cd8
core   0: 0x80013cdc (0x323f2423) sw      gp, 808(t5)
core   0: 3 0x80013cdc (0x323f2423) mem 0x80015000 0x00000001
core   0: 0x80013ce0 (0xff9ff06f) j       pc - 0x8
core   0: 3 0x80013ce0 (0xff9ff06f)
core   0: 0x80013cd8 (0x00001f17) auipc   t5, 0x1
core   0: 3 0x80013cd8 (0x00001f17) x30 0x80014cd8
core   0: 0x80013cdc (0x323f2423) sw      gp, 808(t5)
core   0: 3 0x80013cdc (0x323f2423) mem 0x80015000 0x00000001
core   0: 0x80013ce0 (0xff9ff06f) j       pc - 0x8
core   0: 3 0x80013ce0 (0xff9ff06f)
core   0: 0x80013cd8 (0x00001f17) auipc   t5, 0x1
core   0: 3 0x80013cd8 (0x00001f17) x30 0x80014cd8
core   0: 0x80013cdc (0x323f2423) sw      gp, 808(t5)
core   0: 3 0x80013cdc (0x323f2423) mem 0x80015000 0x00000001
core   0: 0x80013ce0 (0xff9ff06f) j       pc - 0x8
core   0: 3 0x80013ce0 (0xff9ff06f)
core   0: 0x80013cd8 (0x00001f17) auipc   t5, 0x1
core   0: 3 0x80013cd8 (0x00001f17) x30 0x80014cd8
core   0: 0x80013cdc (0x323f2423) sw      gp, 808(t5)
core   0: 3 0x80013cdc (0x323f2423) mem 0x80015000 0x00000001
core   0: 0x80013ce0 (0xff9ff06f) j       pc - 0x8
core   0: 3 0x80013ce0 (0xff9ff06f)
core   0: 0x80013cd8 (0x00001f17) auipc   t5, 0x1
core   0: 3 0x80013cd8 (0x00001f17) x30 0x80014cd8
core   0: 0x80013cdc (0x323f2423) sw      gp, 808(t5)
core   0: 3 0x80013cdc (0x323f2423) mem 0x80015000 0x00000001
core   0: 0x80013ce0 (0xff9ff06f) j       pc - 0x8
core   0: 3 0x80013ce0 (0xff9ff06f)
core   0: 0x80013cd8 (0x00001f17) auipc   t5, 0x1
core   0: 3 0x80013cd8 (0x00001f17) x30 0x80014cd8
core   0: 0x80013cdc (0x323f2423) sw      gp, 808(t5)
core   0: 3 0x80013cdc (0x323f2423) mem 0x80015000 0x00000001
core   0: 0x80013ce0 (0xff9ff06f) j       pc - 0x8
core   0: 3 0x80013ce0 (0xff9ff06f)
core   0: 0x80013cd8 (0x00001f17) auipc   t5, 0x1
core   0: 3 0x80013cd8 (0x00001f17) x30 0x80014cd8
core   0: 0x80013cdc (0x323f2423) sw      gp, 808(t5)
core   0: 3 0x80013cdc (0x323f2423) mem 0x80015000 0x00000001
core   0: 0x80013ce0 (0xff9ff06f) j       pc - 0x8
core   0: 3 0x80013ce0 (0xff9ff06f)
core   0: 0x80013cd8 (0x00001f17) auipc   t5, 0x1
core   0: 3 0x80013cd8 (0x00001f17) x30 0x80014cd8
core   0: 0x80013cdc (0x323f2423) sw      gp, 808(t5)
core   0: 3 0x80013cdc (0x323f2423) mem 0x80015000 0x00000001
core   0: 0x80013ce0 (0xff9ff06f) j       pc - 0x8
core   0: 3 0x80013ce0 (0xff9ff06f)
core   0: 0x80013cd8 (0x00001f17) auipc   t5, 0x1
core   0: 3 0x80013cd8 (0x00001f17) x30 0x80014cd8
core   0: 0x80013cdc (0x323f2423) sw      gp, 808(t5)
core   0: 3 0x80013cdc (0x323f2423) mem 0x80015000 0x00000001
core   0: 0x80013ce0 (0xff9ff06f) j       pc - 0x8
core   0: 3 0x80013ce0 (0xff9ff06f)
core   0: 0x80013cd8 (0x00001f17) auipc   t5, 0x1
core   0: 3 0x80013cd8 (0x00001f17) x30 0x80014cd8
core   0: 0x80013cdc (0x323f2423) sw      gp, 808(t5)
core   0: 3 0x80013cdc (0x323f2423) mem 0x80015000 0x00000001
core   0: 0x80013ce0 (0xff9ff06f) j       pc - 0x8
core   0: 3 0x80013ce0 (0xff9ff06f)
core   0: 0x80013cd8 (0x00001f17) auipc   t5, 0x1
core   0: 3 0x80013cd8 (0x00001f17) x30 0x80014cd8
core   0: 0x80013cdc (0x323f2423) sw      gp, 808(t5)
core   0: 3 0x80013cdc (0x323f2423) mem 0x80015000 0x00000001
core   0: 0x80013ce0 (0xff9ff06f) j       pc - 0x8
core   0: 3 0x80013ce0 (0xff9ff06f)
core   0: 0x80013cd8 (0x00001f17) auipc   t5, 0x1
core   0: 3 0x80013cd8 (0x00001f17) x30 0x80014cd8
core   0: 0x80013cdc (0x323f2423) sw      gp, 808(t5)
core   0: 3 0x80013cdc (0x323f2423) mem 0x80015000 0x00000001
core   0: 0x80013ce0 (0xff9ff06f) j       pc - 0x8
core   0: 3 0x80013ce0 (0xff9ff06f)
core   0: 0x80013cd8 (0x00001f17) auipc   t5, 0x1
core   0: 3 0x80013cd8 (0x00001f17) x30 0x80014cd8
core   0: 0x80013cdc (0x323f2423) sw      gp, 808(t5)
core   0: 3 0x80013cdc (0x323f2423) mem 0x80015000 0x00000001
core   0: 0x80013ce0 (0xff9ff06f) j       pc - 0x8
core   0: 3 0x80013ce0 (0xff9ff06f)
core   0: 0x80013cd8 (0x00001f17) auipc   t5, 0x1
core   0: 3 0x80013cd8 (0x00001f17) x30 0x80014cd8
core   0: 0x80013cdc (0x323f2423) sw      gp, 808(t5)
core   0: 3 0x80013cdc (0x323f2423) mem 0x80015000 0x00000001
core   0: 0x80013ce0 (0xff9ff06f) j       pc - 0x8
core   0: 3 0x80013ce0 (0xff9ff06f)
core   0: 0x80013cd8 (0x00001f17) auipc   t5, 0x1
core   0: 3 0x80013cd8 (0x00001f17) x30 0x80014cd8
core   0: 0x80013cdc (0x323f2423) sw      gp, 808(t5)
core   0: 3 0x80013cdc (0x323f2423) mem 0x80015000 0x00000001
core   0: 0x80013ce0 (0xff9ff06f) j       pc - 0x8
core   0: 3 0x80013ce0 (0xff9ff06f)
core   0: 0x80013cd8 (0x00001f17) auipc   t5, 0x1
core   0: 3 0x80013cd8 (0x00001f17) x30 0x80014cd8
core   0: 0x80013cdc (0x323f2423) sw      gp, 808(t5)
core   0: 3 0x80013cdc (0x323f2423) mem 0x80015000 0x00000001
core   0: 0x80013ce0 (0xff9ff06f) j       pc - 0x8
core   0: 3 0x80013ce0 (0xff9ff06f)
core   0: 0x80013cd8 (0x00001f17) auipc   t5, 0x1
core   0: 3 0x80013cd8 (0x00001f17) x30 0x80014cd8
core   0: 0x80013cdc (0x323f2423) sw      gp, 808(t5)
core   0: 3 0x80013cdc (0x323f2423) mem 0x80015000 0x00000001
core   0: 0x80013ce0 (0xff9ff06f) j       pc - 0x8
core   0: 3 0x80013ce0 (0xff9ff06f)
core   0: 0x80013cd8 (0x00001f17) auipc   t5, 0x1
core   0: 3 0x80013cd8 (0x00001f17) x30 0x80014cd8
core   0: 0x80013cdc (0x323f2423) sw      gp, 808(t5)
core   0: 3 0x80013cdc (0x323f2423) mem 0x80015000 0x00000001
core   0: 0x80013ce0 (0xff9ff06f) j       pc - 0x8
core   0: 3 0x80013ce0 (0xff9ff06f)
core   0: 0x80013cd8 (0x00001f17) auipc   t5, 0x1
core   0: 3 0x80013cd8 (0x00001f17) x30 0x80014cd8
core   0: 0x80013cdc (0x323f2423) sw      gp, 808(t5)
core   0: 3 0x80013cdc (0x323f2423) mem 0x80015000 0x00000001
core   0: 0x80013ce0 (0xff9ff06f) j       pc - 0x8
core   0: 3 0x80013ce0 (0xff9ff06f)
core   0: 0x80013cd8 (0x00001f17) auipc   t5, 0x1
core   0: 3 0x80013cd8 (0x00001f17) x30 0x80014cd8
core   0: 0x80013cdc (0x323f2423) sw      gp, 808(t5)
core   0: 3 0x80013cdc (0x323f2423) mem 0x80015000 0x00000001
core   0: 0x80013ce0 (0xff9ff06f) j       pc - 0x8
core   0: 3 0x80013ce0 (0xff9ff06f)
core   0: 0x80013cd8 (0x00001f17) auipc   t5, 0x1
core   0: 3 0x80013cd8 (0x00001f17) x30 0x80014cd8
core   0: 0x80013cdc (0x323f2423) sw      gp, 808(t5)
core   0: 3 0x80013cdc (0x323f2423) mem 0x80015000 0x00000001
core   0: 0x80013ce0 (0xff9ff06f) j       pc - 0x8
core   0: 3 0x80013ce0 (0xff9ff06f)
core   0: 0x80013cd8 (0x00001f17) auipc   t5, 0x1
core   0: 3 0x80013cd8 (0x00001f17) x30 0x80014cd8
core   0: 0x80013cdc (0x323f2423) sw      gp, 808(t5)
core   0: 3 0x80013cdc (0x323f2423) mem 0x80015000 0x00000001
core   0: 0x80013ce0 (0xff9ff06f) j       pc - 0x8
core   0: 3 0x80013ce0 (0xff9ff06f)
core   0: 0x80013cd8 (0x00001f17) auipc   t5, 0x1
core   0: 3 0x80013cd8 (0x00001f17) x30 0x80014cd8
core   0: 0x80013cdc (0x323f2423) sw      gp, 808(t5)
core   0: 3 0x80013cdc (0x323f2423) mem 0x80015000 0x00000001
core   0: 0x80013ce0 (0xff9ff06f) j       pc - 0x8
core   0: 3 0x80013ce0 (0xff9ff06f)
core   0: 0x80013cd8 (0x00001f17) auipc   t5, 0x1
core   0: 3 0x80013cd8 (0x00001f17) x30 0x80014cd8
core   0: 0x80013cdc (0x323f2423) sw      gp, 808(t5)
core   0: 3 0x80013cdc (0x323f2423) mem 0x80015000 0x00000001
core   0: 0x80013ce0 (0xff9ff06f) j       pc - 0x8
core   0: 3 0x80013ce0 (0xff9ff06f)
core   0: 0x80013cd8 (0x00001f17) auipc   t5, 0x1
core   0: 3 0x80013cd8 (0x00001f17) x30 0x80014cd8
core   0: 0x80013cdc (0x323f2423) sw      gp, 808(t5)
core   0: 3 0x80013cdc (0x323f2423) mem 0x80015000 0x00000001
core   0: 0x80013ce0 (0xff9ff06f) j       pc - 0x8
core   0: 3 0x80013ce0 (0xff9ff06f)
core   0: 0x80013cd8 (0x00001f17) auipc   t5, 0x1
core   0: 3 0x80013cd8 (0x00001f17) x30 0x80014cd8
core   0: 0x80013cdc (0x323f2423) sw      gp, 808(t5)
core   0: 3 0x80013cdc (0x323f2423) mem 0x80015000 0x00000001
core   0: 0x80013ce0 (0xff9ff06f) j       pc - 0x8
core   0: 3 0x80013ce0 (0xff9ff06f)
core   0: 0x80013cd8 (0x00001f17) auipc   t5, 0x1
core   0: 3 0x80013cd8 (0x00001f17) x30 0x80014cd8
core   0: 0x80013cdc (0x323f2423) sw      gp, 808(t5)
core   0: 3 0x80013cdc (0x323f2423) mem 0x80015000 0x00000001
core   0: 0x80013ce0 (0xff9ff06f) j       pc - 0x8
core   0: 3 0x80013ce0 (0xff9ff06f)
core   0: 0x80013cd8 (0x00001f17) auipc   t5, 0x1
core   0: 3 0x80013cd8 (0x00001f17) x30 0x80014cd8
core   0: 0x80013cdc (0x323f2423) sw      gp, 808(t5)
core   0: 3 0x80013cdc (0x323f2423) mem 0x80015000 0x00000001
core   0: 0x80013ce0 (0xff9ff06f) j       pc - 0x8
core   0: 3 0x80013ce0 (0xff9ff06f)
core   0: 0x80013cd8 (0x00001f17) auipc   t5, 0x1
core   0: 3 0x80013cd8 (0x00001f17) x30 0x80014cd8
core   0: 0x80013cdc (0x323f2423) sw      gp, 808(t5)
core   0: 3 0x80013cdc (0x323f2423) mem 0x80015000 0x00000001
core   0: 0x80013ce0 (0xff9ff06f) j       pc - 0x8
core   0: 3 0x80013ce0 (0xff9ff06f)
core   0: 0x80013cd8 (0x00001f17) auipc   t5, 0x1
core   0: 3 0x80013cd8 (0x00001f17) x30 0x80014cd8
core   0: 0x80013cdc (0x323f2423) sw      gp, 808(t5)
core   0: 3 0x80013cdc (0x323f2423) mem 0x80015000 0x00000001
core   0: 0x80013ce0 (0xff9ff06f) j       pc - 0x8
core   0: 3 0x80013ce0 (0xff9ff06f)
core   0: 0x80013cd8 (0x00001f17) auipc   t5, 0x1
core   0: 3 0x80013cd8 (0x00001f17) x30 0x80014cd8
core   0: 0x80013cdc (0x323f2423) sw      gp, 808(t5)
core   0: 3 0x80013cdc (0x323f2423) mem 0x80015000 0x00000001
core   0: 0x80013ce0 (0xff9ff06f) j       pc - 0x8
core   0: 3 0x80013ce0 (0xff9ff06f)
core   0: 0x80013cd8 (0x00001f17) auipc   t5, 0x1
core   0: 3 0x80013cd8 (0x00001f17) x30 0x80014cd8
core   0: 0x80013cdc (0x323f2423) sw      gp, 808(t5)
core   0: 3 0x80013cdc (0x323f2423) mem 0x80015000 0x00000001
core   0: 0x80013ce0 (0xff9ff06f) j       pc - 0x8
core   0: 3 0x80013ce0 (0xff9ff06f)
core   0: 0x80013cd8 (0x00001f17) auipc   t5, 0x1
core   0: 3 0x80013cd8 (0x00001f17) x30 0x80014cd8
core   0: 0x80013cdc (0x323f2423) sw      gp, 808(t5)
core   0: 3 0x80013cdc (0x323f2423) mem 0x80015000 0x00000001
core   0: 0x80013ce0 (0xff9ff06f) j       pc - 0x8
core   0: 3 0x80013ce0 (0xff9ff06f)
core   0: 0x80013cd8 (0x00001f17) auipc   t5, 0x1
core   0: 3 0x80013cd8 (0x00001f17) x30 0x80014cd8
core   0: 0x80013cdc (0x323f2423) sw      gp, 808(t5)
core   0: 3 0x80013cdc (0x323f2423) mem 0x80015000 0x00000001
core   0: 0x80013ce0 (0xff9ff06f) j       pc - 0x8
core   0: 3 0x80013ce0 (0xff9ff06f)
core   0: 0x80013cd8 (0x00001f17) auipc   t5, 0x1
core   0: 3 0x80013cd8 (0x00001f17) x30 0x80014cd8
core   0: 0x80013cdc (0x323f2423) sw      gp, 808(t5)
core   0: 3 0x80013cdc (0x323f2423) mem 0x80015000 0x00000001
core   0: 0x80013ce0 (0xff9ff06f) j       pc - 0x8
core   0: 3 0x80013ce0 (0xff9ff06f)
core   0: 0x80013cd8 (0x00001f17) auipc   t5, 0x1
core   0: 3 0x80013cd8 (0x00001f17) x30 0x80014cd8
core   0: 0x80013cdc (0x323f2423) sw      gp, 808(t5)
core   0: 3 0x80013cdc (0x323f2423) mem 0x80015000 0x00000001
core   0: 0x80013ce0 (0xff9ff06f) j       pc - 0x8
core   0: 3 0x80013ce0 (0xff9ff06f)
core   0: 0x80013cd8 (0x00001f17) auipc   t5, 0x1
core   0: 3 0x80013cd8 (0x00001f17) x30 0x80014cd8
core   0: 0x80013cdc (0x323f2423) sw      gp, 808(t5)
core   0: 3 0x80013cdc (0x323f2423) mem 0x80015000 0x00000001
core   0: 0x80013ce0 (0xff9ff06f) j       pc - 0x8
core   0: 3 0x80013ce0 (0xff9ff06f)
core   0: 0x80013cd8 (0x00001f17) auipc   t5, 0x1
core   0: 3 0x80013cd8 (0x00001f17) x30 0x80014cd8
core   0: 0x80013cdc (0x323f2423) sw      gp, 808(t5)
core   0: 3 0x80013cdc (0x323f2423) mem 0x80015000 0x00000001
core   0: 0x80013ce0 (0xff9ff06f) j       pc - 0x8
core   0: 3 0x80013ce0 (0xff9ff06f)
core   0: 0x80013cd8 (0x00001f17) auipc   t5, 0x1
core   0: 3 0x80013cd8 (0x00001f17) x30 0x80014cd8
core   0: 0x80013cdc (0x323f2423) sw      gp, 808(t5)
core   0: 3 0x80013cdc (0x323f2423) mem 0x80015000 0x00000001
core   0: 0x80013ce0 (0xff9ff06f) j       pc - 0x8
core   0: 3 0x80013ce0 (0xff9ff06f)
core   0: 0x80013cd8 (0x00001f17) auipc   t5, 0x1
core   0: 3 0x80013cd8 (0x00001f17) x30 0x80014cd8
core   0: 0x80013cdc (0x323f2423) sw      gp, 808(t5)
core   0: 3 0x80013cdc (0x323f2423) mem 0x80015000 0x00000001
core   0: 0x80013ce0 (0xff9ff06f) j       pc - 0x8
core   0: 3 0x80013ce0 (0xff9ff06f)
core   0: 0x80013cd8 (0x00001f17) auipc   t5, 0x1
core   0: 3 0x80013cd8 (0x00001f17) x30 0x80014cd8
core   0: 0x80013cdc (0x323f2423) sw      gp, 808(t5)
core   0: 3 0x80013cdc (0x323f2423) mem 0x80015000 0x00000001
core   0: 0x80013ce0 (0xff9ff06f) j       pc - 0x8
core   0: 3 0x80013ce0 (0xff9ff06f)
core   0: 0x80013cd8 (0x00001f17) auipc   t5, 0x1
core   0: 3 0x80013cd8 (0x00001f17) x30 0x80014cd8
core   0: 0x80013cdc (0x323f2423) sw      gp, 808(t5)
core   0: 3 0x80013cdc (0x323f2423) mem 0x80015000 0x00000001
core   0: 0x80013ce0 (0xff9ff06f) j       pc - 0x8
core   0: 3 0x80013ce0 (0xff9ff06f)
core   0: 0x80013cd8 (0x00001f17) auipc   t5, 0x1
core   0: 3 0x80013cd8 (0x00001f17) x30 0x80014cd8
core   0: 0x80013cdc (0x323f2423) sw      gp, 808(t5)
core   0: 3 0x80013cdc (0x323f2423) mem 0x80015000 0x00000001
core   0: 0x80013ce0 (0xff9ff06f) j       pc - 0x8
core   0: 3 0x80013ce0 (0xff9ff06f)
core   0: 0x80013cd8 (0x00001f17) auipc   t5, 0x1
core   0: 3 0x80013cd8 (0x00001f17) x30 0x80014cd8
core   0: 0x80013cdc (0x323f2423) sw      gp, 808(t5)
core   0: 3 0x80013cdc (0x323f2423) mem 0x80015000 0x00000001
core   0: 0x80013ce0 (0xff9ff06f) j       pc - 0x8
core   0: 3 0x80013ce0 (0xff9ff06f)
core   0: 0x80013cd8 (0x00001f17) auipc   t5, 0x1
core   0: 3 0x80013cd8 (0x00001f17) x30 0x80014cd8
core   0: 0x80013cdc (0x323f2423) sw      gp, 808(t5)
core   0: 3 0x80013cdc (0x323f2423) mem 0x80015000 0x00000001
core   0: 0x80013ce0 (0xff9ff06f) j       pc - 0x8
core   0: 3 0x80013ce0 (0xff9ff06f)
core   0: 0x80013cd8 (0x00001f17) auipc   t5, 0x1
core   0: 3 0x80013cd8 (0x00001f17) x30 0x80014cd8
core   0: 0x80013cdc (0x323f2423) sw      gp, 808(t5)
core   0: 3 0x80013cdc (0x323f2423) mem 0x80015000 0x00000001
core   0: 0x80013ce0 (0xff9ff06f) j       pc - 0x8
core   0: 3 0x80013ce0 (0xff9ff06f)
core   0: 0x80013cd8 (0x00001f17) auipc   t5, 0x1
core   0: 3 0x80013cd8 (0x00001f17) x30 0x80014cd8
core   0: 0x80013cdc (0x323f2423) sw      gp, 808(t5)
core   0: 3 0x80013cdc (0x323f2423) mem 0x80015000 0x00000001
core   0: 0x80013ce0 (0xff9ff06f) j       pc - 0x8
core   0: 3 0x80013ce0 (0xff9ff06f)
core   0: 0x80013cd8 (0x00001f17) auipc   t5, 0x1
core   0: 3 0x80013cd8 (0x00001f17) x30 0x80014cd8
core   0: 0x80013cdc (0x323f2423) sw      gp, 808(t5)
core   0: 3 0x80013cdc (0x323f2423) mem 0x80015000 0x00000001
core   0: 0x80013ce0 (0xff9ff06f) j       pc - 0x8
core   0: 3 0x80013ce0 (0xff9ff06f)
core   0: 0x80013cd8 (0x00001f17) auipc   t5, 0x1
core   0: 3 0x80013cd8 (0x00001f17) x30 0x80014cd8
core   0: 0x80013cdc (0x323f2423) sw      gp, 808(t5)
core   0: 3 0x80013cdc (0x323f2423) mem 0x80015000 0x00000001
core   0: 0x80013ce0 (0xff9ff06f) j       pc - 0x8
core   0: 3 0x80013ce0 (0xff9ff06f)
core   0: 0x80013cd8 (0x00001f17) auipc   t5, 0x1
core   0: 3 0x80013cd8 (0x00001f17) x30 0x80014cd8
core   0: 0x80013cdc (0x323f2423) sw      gp, 808(t5)
core   0: 3 0x80013cdc (0x323f2423) mem 0x80015000 0x00000001
core   0: 0x80013ce0 (0xff9ff06f) j       pc - 0x8
core   0: 3 0x80013ce0 (0xff9ff06f)
core   0: 0x80013cd8 (0x00001f17) auipc   t5, 0x1
core   0: 3 0x80013cd8 (0x00001f17) x30 0x80014cd8
core   0: 0x80013cdc (0x323f2423) sw      gp, 808(t5)
core   0: 3 0x80013cdc (0x323f2423) mem 0x80015000 0x00000001
core   0: 0x80013ce0 (0xff9ff06f) j       pc - 0x8
core   0: 3 0x80013ce0 (0xff9ff06f)
core   0: 0x80013cd8 (0x00001f17) auipc   t5, 0x1
core   0: 3 0x80013cd8 (0x00001f17) x30 0x80014cd8
core   0: 0x80013cdc (0x323f2423) sw      gp, 808(t5)
core   0: 3 0x80013cdc (0x323f2423) mem 0x80015000 0x00000001
core   0: 0x80013ce0 (0xff9ff06f) j       pc - 0x8
core   0: 3 0x80013ce0 (0xff9ff06f)
core   0: 0x80013cd8 (0x00001f17) auipc   t5, 0x1
core   0: 3 0x80013cd8 (0x00001f17) x30 0x80014cd8
core   0: 0x80013cdc (0x323f2423) sw      gp, 808(t5)
core   0: 3 0x80013cdc (0x323f2423) mem 0x80015000 0x00000001
core   0: 0x80013ce0 (0xff9ff06f) j       pc - 0x8
core   0: 3 0x80013ce0 (0xff9ff06f)
core   0: 0x80013cd8 (0x00001f17) auipc   t5, 0x1
core   0: 3 0x80013cd8 (0x00001f17) x30 0x80014cd8
core   0: 0x80013cdc (0x323f2423) sw      gp, 808(t5)
core   0: 3 0x80013cdc (0x323f2423) mem 0x80015000 0x00000001
core   0: 0x80013ce0 (0xff9ff06f) j       pc - 0x8
core   0: 3 0x80013ce0 (0xff9ff06f)
core   0: 0x80013cd8 (0x00001f17) auipc   t5, 0x1
core   0: 3 0x80013cd8 (0x00001f17) x30 0x80014cd8
core   0: 0x80013cdc (0x323f2423) sw      gp, 808(t5)
core   0: 3 0x80013cdc (0x323f2423) mem 0x80015000 0x00000001
core   0: 0x80013ce0 (0xff9ff06f) j       pc - 0x8
core   0: 3 0x80013ce0 (0xff9ff06f)
core   0: 0x80013cd8 (0x00001f17) auipc   t5, 0x1
core   0: 3 0x80013cd8 (0x00001f17) x30 0x80014cd8
core   0: 0x80013cdc (0x323f2423) sw      gp, 808(t5)
core   0: 3 0x80013cdc (0x323f2423) mem 0x80015000 0x00000001
core   0: 0x80013ce0 (0xff9ff06f) j       pc - 0x8
core   0: 3 0x80013ce0 (0xff9ff06f)
core   0: 0x80013cd8 (0x00001f17) auipc   t5, 0x1
core   0: 3 0x80013cd8 (0x00001f17) x30 0x80014cd8
core   0: 0x80013cdc (0x323f2423) sw      gp, 808(t5)
core   0: 3 0x80013cdc (0x323f2423) mem 0x80015000 0x00000001
core   0: 0x80013ce0 (0xff9ff06f) j       pc - 0x8
core   0: 3 0x80013ce0 (0xff9ff06f)
core   0: 0x80013cd8 (0x00001f17) auipc   t5, 0x1
core   0: 3 0x80013cd8 (0x00001f17) x30 0x80014cd8
core   0: 0x80013cdc (0x323f2423) sw      gp, 808(t5)
core   0: 3 0x80013cdc (0x323f2423) mem 0x80015000 0x00000001
core   0: 0x80013ce0 (0xff9ff06f) j       pc - 0x8
core   0: 3 0x80013ce0 (0xff9ff06f)
core   0: 0x80013cd8 (0x00001f17) auipc   t5, 0x1
core   0: 3 0x80013cd8 (0x00001f17) x30 0x80014cd8
core   0: 0x80013cdc (0x323f2423) sw      gp, 808(t5)
core   0: 3 0x80013cdc (0x323f2423) mem 0x80015000 0x00000001
core   0: 0x80013ce0 (0xff9ff06f) j       pc - 0x8
core   0: 3 0x80013ce0 (0xff9ff06f)
core   0: 0x80013cd8 (0x00001f17) auipc   t5, 0x1
core   0: 3 0x80013cd8 (0x00001f17) x30 0x80014cd8
core   0: 0x80013cdc (0x323f2423) sw      gp, 808(t5)
core   0: 3 0x80013cdc (0x323f2423) mem 0x80015000 0x00000001
core   0: 0x80013ce0 (0xff9ff06f) j       pc - 0x8
core   0: 3 0x80013ce0 (0xff9ff06f)
core   0: 0x80013cd8 (0x00001f17) auipc   t5, 0x1
core   0: 3 0x80013cd8 (0x00001f17) x30 0x80014cd8
core   0: 0x80013cdc (0x323f2423) sw      gp, 808(t5)
core   0: 3 0x80013cdc (0x323f2423) mem 0x80015000 0x00000001
core   0: 0x80013ce0 (0xff9ff06f) j       pc - 0x8
core   0: 3 0x80013ce0 (0xff9ff06f)
core   0: 0x80013cd8 (0x00001f17) auipc   t5, 0x1
core   0: 3 0x80013cd8 (0x00001f17) x30 0x80014cd8
core   0: 0x80013cdc (0x323f2423) sw      gp, 808(t5)
core   0: 3 0x80013cdc (0x323f2423) mem 0x80015000 0x00000001
core   0: 0x80013ce0 (0xff9ff06f) j       pc - 0x8
core   0: 3 0x80013ce0 (0xff9ff06f)
core   0: 0x80013cd8 (0x00001f17) auipc   t5, 0x1
core   0: 3 0x80013cd8 (0x00001f17) x30 0x80014cd8
core   0: 0x80013cdc (0x323f2423) sw      gp, 808(t5)
core   0: 3 0x80013cdc (0x323f2423) mem 0x80015000 0x00000001
core   0: 0x80013ce0 (0xff9ff06f) j       pc - 0x8
core   0: 3 0x80013ce0 (0xff9ff06f)
core   0: 0x80013cd8 (0x00001f17) auipc   t5, 0x1
core   0: 3 0x80013cd8 (0x00001f17) x30 0x80014cd8
core   0: 0x80013cdc (0x323f2423) sw      gp, 808(t5)
core   0: 3 0x80013cdc (0x323f2423) mem 0x80015000 0x00000001
core   0: 0x80013ce0 (0xff9ff06f) j       pc - 0x8
core   0: 3 0x80013ce0 (0xff9ff06f)
core   0: 0x80013cd8 (0x00001f17) auipc   t5, 0x1
core   0: 3 0x80013cd8 (0x00001f17) x30 0x80014cd8
core   0: 0x80013cdc (0x323f2423) sw      gp, 808(t5)
core   0: 3 0x80013cdc (0x323f2423) mem 0x80015000 0x00000001
core   0: 0x80013ce0 (0xff9ff06f) j       pc - 0x8
core   0: 3 0x80013ce0 (0xff9ff06f)
core   0: 0x80013cd8 (0x00001f17) auipc   t5, 0x1
core   0: 3 0x80013cd8 (0x00001f17) x30 0x80014cd8
core   0: 0x80013cdc (0x323f2423) sw      gp, 808(t5)
core   0: 3 0x80013cdc (0x323f2423) mem 0x80015000 0x00000001
core   0: 0x80013ce0 (0xff9ff06f) j       pc - 0x8
core   0: 3 0x80013ce0 (0xff9ff06f)
core   0: 0x80013cd8 (0x00001f17) auipc   t5, 0x1
core   0: 3 0x80013cd8 (0x00001f17) x30 0x80014cd8
core   0: 0x80013cdc (0x323f2423) sw      gp, 808(t5)
core   0: 3 0x80013cdc (0x323f2423) mem 0x80015000 0x00000001
core   0: 0x80013ce0 (0xff9ff06f) j       pc - 0x8
core   0: 3 0x80013ce0 (0xff9ff06f)
core   0: 0x80013cd8 (0x00001f17) auipc   t5, 0x1
core   0: 3 0x80013cd8 (0x00001f17) x30 0x80014cd8
core   0: 0x80013cdc (0x323f2423) sw      gp, 808(t5)
core   0: 3 0x80013cdc (0x323f2423) mem 0x80015000 0x00000001
core   0: 0x80013ce0 (0xff9ff06f) j       pc - 0x8
core   0: 3 0x80013ce0 (0xff9ff06f)
core   0: 0x80013cd8 (0x00001f17) auipc   t5, 0x1
core   0: 3 0x80013cd8 (0x00001f17) x30 0x80014cd8
core   0: 0x80013cdc (0x323f2423) sw      gp, 808(t5)
core   0: 3 0x80013cdc (0x323f2423) mem 0x80015000 0x00000001
core   0: 0x80013ce0 (0xff9ff06f) j       pc - 0x8
core   0: 3 0x80013ce0 (0xff9ff06f)
core   0: 0x80013cd8 (0x00001f17) auipc   t5, 0x1
core   0: 3 0x80013cd8 (0x00001f17) x30 0x80014cd8
core   0: 0x80013cdc (0x323f2423) sw      gp, 808(t5)
core   0: 3 0x80013cdc (0x323f2423) mem 0x80015000 0x00000001
core   0: 0x80013ce0 (0xff9ff06f) j       pc - 0x8
core   0: 3 0x80013ce0 (0xff9ff06f)
core   0: 0x80013cd8 (0x00001f17) auipc   t5, 0x1
core   0: 3 0x80013cd8 (0x00001f17) x30 0x80014cd8
core   0: 0x80013cdc (0x323f2423) sw      gp, 808(t5)
core   0: 3 0x80013cdc (0x323f2423) mem 0x80015000 0x00000001
core   0: 0x80013ce0 (0xff9ff06f) j       pc - 0x8
core   0: 3 0x80013ce0 (0xff9ff06f)
core   0: 0x80013cd8 (0x00001f17) auipc   t5, 0x1
core   0: 3 0x80013cd8 (0x00001f17) x30 0x80014cd8
core   0: 0x80013cdc (0x323f2423) sw      gp, 808(t5)
core   0: 3 0x80013cdc (0x323f2423) mem 0x80015000 0x00000001
core   0: 0x80013ce0 (0xff9ff06f) j       pc - 0x8
core   0: 3 0x80013ce0 (0xff9ff06f)
core   0: 0x80013cd8 (0x00001f17) auipc   t5, 0x1
core   0: 3 0x80013cd8 (0x00001f17) x30 0x80014cd8
core   0: 0x80013cdc (0x323f2423) sw      gp, 808(t5)
core   0: 3 0x80013cdc (0x323f2423) mem 0x80015000 0x00000001
core   0: 0x80013ce0 (0xff9ff06f) j       pc - 0x8
core   0: 3 0x80013ce0 (0xff9ff06f)
core   0: 0x80013cd8 (0x00001f17) auipc   t5, 0x1
core   0: 3 0x80013cd8 (0x00001f17) x30 0x80014cd8
core   0: 0x80013cdc (0x323f2423) sw      gp, 808(t5)
core   0: 3 0x80013cdc (0x323f2423) mem 0x80015000 0x00000001
core   0: 0x80013ce0 (0xff9ff06f) j       pc - 0x8
core   0: 3 0x80013ce0 (0xff9ff06f)
core   0: 0x80013cd8 (0x00001f17) auipc   t5, 0x1
core   0: 3 0x80013cd8 (0x00001f17) x30 0x80014cd8
core   0: 0x80013cdc (0x323f2423) sw      gp, 808(t5)
core   0: 3 0x80013cdc (0x323f2423) mem 0x80015000 0x00000001
core   0: 0x80013ce0 (0xff9ff06f) j       pc - 0x8
core   0: 3 0x80013ce0 (0xff9ff06f)
core   0: 0x80013cd8 (0x00001f17) auipc   t5, 0x1
core   0: 3 0x80013cd8 (0x00001f17) x30 0x80014cd8
core   0: 0x80013cdc (0x323f2423) sw      gp, 808(t5)
core   0: 3 0x80013cdc (0x323f2423) mem 0x80015000 0x00000001
core   0: 0x80013ce0 (0xff9ff06f) j       pc - 0x8
core   0: 3 0x80013ce0 (0xff9ff06f)
core   0: 0x80013cd8 (0x00001f17) auipc   t5, 0x1
core   0: 3 0x80013cd8 (0x00001f17) x30 0x80014cd8
core   0: 0x80013cdc (0x323f2423) sw      gp, 808(t5)
core   0: 3 0x80013cdc (0x323f2423) mem 0x80015000 0x00000001
core   0: 0x80013ce0 (0xff9ff06f) j       pc - 0x8
core   0: 3 0x80013ce0 (0xff9ff06f)
core   0: 0x80013cd8 (0x00001f17) auipc   t5, 0x1
core   0: 3 0x80013cd8 (0x00001f17) x30 0x80014cd8
core   0: 0x80013cdc (0x323f2423) sw      gp, 808(t5)
core   0: 3 0x80013cdc (0x323f2423) mem 0x80015000 0x00000001
core   0: 0x80013ce0 (0xff9ff06f) j       pc - 0x8
core   0: 3 0x80013ce0 (0xff9ff06f)
core   0: 0x80013cd8 (0x00001f17) auipc   t5, 0x1
core   0: 3 0x80013cd8 (0x00001f17) x30 0x80014cd8
core   0: 0x80013cdc (0x323f2423) sw      gp, 808(t5)
core   0: 3 0x80013cdc (0x323f2423) mem 0x80015000 0x00000001
core   0: 0x80013ce0 (0xff9ff06f) j       pc - 0x8
core   0: 3 0x80013ce0 (0xff9ff06f)
core   0: 0x80013cd8 (0x00001f17) auipc   t5, 0x1
core   0: 3 0x80013cd8 (0x00001f17) x30 0x80014cd8
core   0: 0x80013cdc (0x323f2423) sw      gp, 808(t5)
core   0: 3 0x80013cdc (0x323f2423) mem 0x80015000 0x00000001
core   0: 0x80013ce0 (0xff9ff06f) j       pc - 0x8
core   0: 3 0x80013ce0 (0xff9ff06f)
core   0: 0x80013cd8 (0x00001f17) auipc   t5, 0x1
core   0: 3 0x80013cd8 (0x00001f17) x30 0x80014cd8
core   0: 0x80013cdc (0x323f2423) sw      gp, 808(t5)
core   0: 3 0x80013cdc (0x323f2423) mem 0x80015000 0x00000001
core   0: 0x80013ce0 (0xff9ff06f) j       pc - 0x8
core   0: 3 0x80013ce0 (0xff9ff06f)
core   0: 0x80013cd8 (0x00001f17) auipc   t5, 0x1
core   0: 3 0x80013cd8 (0x00001f17) x30 0x80014cd8
core   0: 0x80013cdc (0x323f2423) sw      gp, 808(t5)
core   0: 3 0x80013cdc (0x323f2423) mem 0x80015000 0x00000001
core   0: 0x80013ce0 (0xff9ff06f) j       pc - 0x8
core   0: 3 0x80013ce0 (0xff9ff06f)
core   0: 0x80013cd8 (0x00001f17) auipc   t5, 0x1
core   0: 3 0x80013cd8 (0x00001f17) x30 0x80014cd8
core   0: 0x80013cdc (0x323f2423) sw      gp, 808(t5)
core   0: 3 0x80013cdc (0x323f2423) mem 0x80015000 0x00000001
core   0: 0x80013ce0 (0xff9ff06f) j       pc - 0x8
core   0: 3 0x80013ce0 (0xff9ff06f)
core   0: 0x80013cd8 (0x00001f17) auipc   t5, 0x1
core   0: 3 0x80013cd8 (0x00001f17) x30 0x80014cd8
core   0: 0x80013cdc (0x323f2423) sw      gp, 808(t5)
core   0: 3 0x80013cdc (0x323f2423) mem 0x80015000 0x00000001
core   0: 0x80013ce0 (0xff9ff06f) j       pc - 0x8
core   0: 3 0x80013ce0 (0xff9ff06f)
core   0: 0x80013cd8 (0x00001f17) auipc   t5, 0x1
core   0: 3 0x80013cd8 (0x00001f17) x30 0x80014cd8
core   0: 0x80013cdc (0x323f2423) sw      gp, 808(t5)
core   0: 3 0x80013cdc (0x323f2423) mem 0x80015000 0x00000001
core   0: 0x80013ce0 (0xff9ff06f) j       pc - 0x8
core   0: 3 0x80013ce0 (0xff9ff06f)
core   0: 0x80013cd8 (0x00001f17) auipc   t5, 0x1
core   0: 3 0x80013cd8 (0x00001f17) x30 0x80014cd8
core   0: 0x80013cdc (0x323f2423) sw      gp, 808(t5)
core   0: 3 0x80013cdc (0x323f2423) mem 0x80015000 0x00000001
core   0: 0x80013ce0 (0xff9ff06f) j       pc - 0x8
core   0: 3 0x80013ce0 (0xff9ff06f)
core   0: 0x80013cd8 (0x00001f17) auipc   t5, 0x1
core   0: 3 0x80013cd8 (0x00001f17) x30 0x80014cd8
core   0: 0x80013cdc (0x323f2423) sw      gp, 808(t5)
core   0: 3 0x80013cdc (0x323f2423) mem 0x80015000 0x00000001
core   0: 0x80013ce0 (0xff9ff06f) j       pc - 0x8
core   0: 3 0x80013ce0 (0xff9ff06f)
core   0: 0x80013cd8 (0x00001f17) auipc   t5, 0x1
core   0: 3 0x80013cd8 (0x00001f17) x30 0x80014cd8
core   0: 0x80013cdc (0x323f2423) sw      gp, 808(t5)
core   0: 3 0x80013cdc (0x323f2423) mem 0x80015000 0x00000001
core   0: 0x80013ce0 (0xff9ff06f) j       pc - 0x8
core   0: 3 0x80013ce0 (0xff9ff06f)
core   0: 0x80013cd8 (0x00001f17) auipc   t5, 0x1
core   0: 3 0x80013cd8 (0x00001f17) x30 0x80014cd8
core   0: 0x80013cdc (0x323f2423) sw      gp, 808(t5)
core   0: 3 0x80013cdc (0x323f2423) mem 0x80015000 0x00000001
core   0: 0x80013ce0 (0xff9ff06f) j       pc - 0x8
core   0: 3 0x80013ce0 (0xff9ff06f)
core   0: 0x80013cd8 (0x00001f17) auipc   t5, 0x1
core   0: 3 0x80013cd8 (0x00001f17) x30 0x80014cd8
core   0: 0x80013cdc (0x323f2423) sw      gp, 808(t5)
core   0: 3 0x80013cdc (0x323f2423) mem 0x80015000 0x00000001
core   0: 0x80013ce0 (0xff9ff06f) j       pc - 0x8
core   0: 3 0x80013ce0 (0xff9ff06f)
core   0: 0x80013cd8 (0x00001f17) auipc   t5, 0x1
core   0: 3 0x80013cd8 (0x00001f17) x30 0x80014cd8
core   0: 0x80013cdc (0x323f2423) sw      gp, 808(t5)
core   0: 3 0x80013cdc (0x323f2423) mem 0x80015000 0x00000001
core   0: 0x80013ce0 (0xff9ff06f) j       pc - 0x8
core   0: 3 0x80013ce0 (0xff9ff06f)
core   0: 0x80013cd8 (0x00001f17) auipc   t5, 0x1
core   0: 3 0x80013cd8 (0x00001f17) x30 0x80014cd8
core   0: 0x80013cdc (0x323f2423) sw      gp, 808(t5)
core   0: 3 0x80013cdc (0x323f2423) mem 0x80015000 0x00000001
core   0: 0x80013ce0 (0xff9ff06f) j       pc - 0x8
core   0: 3 0x80013ce0 (0xff9ff06f)
core   0: 0x80013cd8 (0x00001f17) auipc   t5, 0x1
core   0: 3 0x80013cd8 (0x00001f17) x30 0x80014cd8
core   0: 0x80013cdc (0x323f2423) sw      gp, 808(t5)
core   0: 3 0x80013cdc (0x323f2423) mem 0x80015000 0x00000001
core   0: 0x80013ce0 (0xff9ff06f) j       pc - 0x8
core   0: 3 0x80013ce0 (0xff9ff06f)
core   0: 0x80013cd8 (0x00001f17) auipc   t5, 0x1
core   0: 3 0x80013cd8 (0x00001f17) x30 0x80014cd8
core   0: 0x80013cdc (0x323f2423) sw      gp, 808(t5)
core   0: 3 0x80013cdc (0x323f2423) mem 0x80015000 0x00000001
core   0: 0x80013ce0 (0xff9ff06f) j       pc - 0x8
core   0: 3 0x80013ce0 (0xff9ff06f)
core   0: 0x80013cd8 (0x00001f17) auipc   t5, 0x1
core   0: 3 0x80013cd8 (0x00001f17) x30 0x80014cd8
core   0: 0x80013cdc (0x323f2423) sw      gp, 808(t5)
core   0: 3 0x80013cdc (0x323f2423) mem 0x80015000 0x00000001
core   0: 0x80013ce0 (0xff9ff06f) j       pc - 0x8
core   0: 3 0x80013ce0 (0xff9ff06f)
core   0: 0x80013cd8 (0x00001f17) auipc   t5, 0x1
core   0: 3 0x80013cd8 (0x00001f17) x30 0x80014cd8
core   0: 0x80013cdc (0x323f2423) sw      gp, 808(t5)
core   0: 3 0x80013cdc (0x323f2423) mem 0x80015000 0x00000001
core   0: 0x80013ce0 (0xff9ff06f) j       pc - 0x8
core   0: 3 0x80013ce0 (0xff9ff06f)
core   0: 0x80013cd8 (0x00001f17) auipc   t5, 0x1
core   0: 3 0x80013cd8 (0x00001f17) x30 0x80014cd8
core   0: 0x80013cdc (0x323f2423) sw      gp, 808(t5)
core   0: 3 0x80013cdc (0x323f2423) mem 0x80015000 0x00000001
core   0: 0x80013ce0 (0xff9ff06f) j       pc - 0x8
core   0: 3 0x80013ce0 (0xff9ff06f)
core   0: 0x80013cd8 (0x00001f17) auipc   t5, 0x1
core   0: 3 0x80013cd8 (0x00001f17) x30 0x80014cd8
core   0: 0x80013cdc (0x323f2423) sw      gp, 808(t5)
core   0: 3 0x80013cdc (0x323f2423) mem 0x80015000 0x00000001
core   0: 0x80013ce0 (0xff9ff06f) j       pc - 0x8
core   0: 3 0x80013ce0 (0xff9ff06f)
core   0: 0x80013cd8 (0x00001f17) auipc   t5, 0x1
core   0: 3 0x80013cd8 (0x00001f17) x30 0x80014cd8
core   0: 0x80013cdc (0x323f2423) sw      gp, 808(t5)
core   0: 3 0x80013cdc (0x323f2423) mem 0x80015000 0x00000001
core   0: 0x80013ce0 (0xff9ff06f) j       pc - 0x8
core   0: 3 0x80013ce0 (0xff9ff06f)
core   0: 0x80013cd8 (0x00001f17) auipc   t5, 0x1
core   0: 3 0x80013cd8 (0x00001f17) x30 0x80014cd8
core   0: 0x80013cdc (0x323f2423) sw      gp, 808(t5)
core   0: 3 0x80013cdc (0x323f2423) mem 0x80015000 0x00000001
core   0: 0x80013ce0 (0xff9ff06f) j       pc - 0x8
core   0: 3 0x80013ce0 (0xff9ff06f)
core   0: 0x80013cd8 (0x00001f17) auipc   t5, 0x1
core   0: 3 0x80013cd8 (0x00001f17) x30 0x80014cd8
core   0: 0x80013cdc (0x323f2423) sw      gp, 808(t5)
core   0: 3 0x80013cdc (0x323f2423) mem 0x80015000 0x00000001
core   0: 0x80013ce0 (0xff9ff06f) j       pc - 0x8
core   0: 3 0x80013ce0 (0xff9ff06f)
core   0: 0x80013cd8 (0x00001f17) auipc   t5, 0x1
core   0: 3 0x80013cd8 (0x00001f17) x30 0x80014cd8
core   0: 0x80013cdc (0x323f2423) sw      gp, 808(t5)
core   0: 3 0x80013cdc (0x323f2423) mem 0x80015000 0x00000001
core   0: 0x80013ce0 (0xff9ff06f) j       pc - 0x8
core   0: 3 0x80013ce0 (0xff9ff06f)
core   0: 0x80013cd8 (0x00001f17) auipc   t5, 0x1
core   0: 3 0x80013cd8 (0x00001f17) x30 0x80014cd8
core   0: 0x80013cdc (0x323f2423) sw      gp, 808(t5)
core   0: 3 0x80013cdc (0x323f2423) mem 0x80015000 0x00000001
core   0: 0x80013ce0 (0xff9ff06f) j       pc - 0x8
core   0: 3 0x80013ce0 (0xff9ff06f)
core   0: 0x80013cd8 (0x00001f17) auipc   t5, 0x1
core   0: 3 0x80013cd8 (0x00001f17) x30 0x80014cd8
core   0: 0x80013cdc (0x323f2423) sw      gp, 808(t5)
core   0: 3 0x80013cdc (0x323f2423) mem 0x80015000 0x00000001
core   0: 0x80013ce0 (0xff9ff06f) j       pc - 0x8
core   0: 3 0x80013ce0 (0xff9ff06f)
core   0: 0x80013cd8 (0x00001f17) auipc   t5, 0x1
core   0: 3 0x80013cd8 (0x00001f17) x30 0x80014cd8
core   0: 0x80013cdc (0x323f2423) sw      gp, 808(t5)
core   0: 3 0x80013cdc (0x323f2423) mem 0x80015000 0x00000001
core   0: 0x80013ce0 (0xff9ff06f) j       pc - 0x8
core   0: 3 0x80013ce0 (0xff9ff06f)
core   0: 0x80013cd8 (0x00001f17) auipc   t5, 0x1
core   0: 3 0x80013cd8 (0x00001f17) x30 0x80014cd8
core   0: 0x80013cdc (0x323f2423) sw      gp, 808(t5)
core   0: 3 0x80013cdc (0x323f2423) mem 0x80015000 0x00000001
core   0: 0x80013ce0 (0xff9ff06f) j       pc - 0x8
core   0: 3 0x80013ce0 (0xff9ff06f)
core   0: 0x80013cd8 (0x00001f17) auipc   t5, 0x1
core   0: 3 0x80013cd8 (0x00001f17) x30 0x80014cd8
core   0: 0x80013cdc (0x323f2423) sw      gp, 808(t5)
core   0: 3 0x80013cdc (0x323f2423) mem 0x80015000 0x00000001
core   0: 0x80013ce0 (0xff9ff06f) j       pc - 0x8
core   0: 3 0x80013ce0 (0xff9ff06f)
core   0: 0x80013cd8 (0x00001f17) auipc   t5, 0x1
core   0: 3 0x80013cd8 (0x00001f17) x30 0x80014cd8
core   0: 0x80013cdc (0x323f2423) sw      gp, 808(t5)
core   0: 3 0x80013cdc (0x323f2423) mem 0x80015000 0x00000001
core   0: 0x80013ce0 (0xff9ff06f) j       pc - 0x8
core   0: 3 0x80013ce0 (0xff9ff06f)
core   0: 0x80013cd8 (0x00001f17) auipc   t5, 0x1
core   0: 3 0x80013cd8 (0x00001f17) x30 0x80014cd8
core   0: 0x80013cdc (0x323f2423) sw      gp, 808(t5)
core   0: 3 0x80013cdc (0x323f2423) mem 0x80015000 0x00000001
core   0: 0x80013ce0 (0xff9ff06f) j       pc - 0x8
core   0: 3 0x80013ce0 (0xff9ff06f)
core   0: 0x80013cd8 (0x00001f17) auipc   t5, 0x1
core   0: 3 0x80013cd8 (0x00001f17) x30 0x80014cd8
core   0: 0x80013cdc (0x323f2423) sw      gp, 808(t5)
core   0: 3 0x80013cdc (0x323f2423) mem 0x80015000 0x00000001
core   0: 0x80013ce0 (0xff9ff06f) j       pc - 0x8
core   0: 3 0x80013ce0 (0xff9ff06f)
core   0: 0x80013cd8 (0x00001f17) auipc   t5, 0x1
core   0: 3 0x80013cd8 (0x00001f17) x30 0x80014cd8
core   0: 0x80013cdc (0x323f2423) sw      gp, 808(t5)
core   0: 3 0x80013cdc (0x323f2423) mem 0x80015000 0x00000001
core   0: 0x80013ce0 (0xff9ff06f) j       pc - 0x8
core   0: 3 0x80013ce0 (0xff9ff06f)
core   0: 0x80013cd8 (0x00001f17) auipc   t5, 0x1
core   0: 3 0x80013cd8 (0x00001f17) x30 0x80014cd8
core   0: 0x80013cdc (0x323f2423) sw      gp, 808(t5)
core   0: 3 0x80013cdc (0x323f2423) mem 0x80015000 0x00000001
core   0: 0x80013ce0 (0xff9ff06f) j       pc - 0x8
core   0: 3 0x80013ce0 (0xff9ff06f)
core   0: 0x80013cd8 (0x00001f17) auipc   t5, 0x1
core   0: 3 0x80013cd8 (0x00001f17) x30 0x80014cd8
core   0: 0x80013cdc (0x323f2423) sw      gp, 808(t5)
core   0: 3 0x80013cdc (0x323f2423) mem 0x80015000 0x00000001
core   0: 0x80013ce0 (0xff9ff06f) j       pc - 0x8
core   0: 3 0x80013ce0 (0xff9ff06f)
core   0: 0x80013cd8 (0x00001f17) auipc   t5, 0x1
core   0: 3 0x80013cd8 (0x00001f17) x30 0x80014cd8
core   0: 0x80013cdc (0x323f2423) sw      gp, 808(t5)
core   0: 3 0x80013cdc (0x323f2423) mem 0x80015000 0x00000001
core   0: 0x80013ce0 (0xff9ff06f) j       pc - 0x8
core   0: 3 0x80013ce0 (0xff9ff06f)
core   0: 0x80013cd8 (0x00001f17) auipc   t5, 0x1
core   0: 3 0x80013cd8 (0x00001f17) x30 0x80014cd8
core   0: 0x80013cdc (0x323f2423) sw      gp, 808(t5)
core   0: 3 0x80013cdc (0x323f2423) mem 0x80015000 0x00000001
core   0: 0x80013ce0 (0xff9ff06f) j       pc - 0x8
core   0: 3 0x80013ce0 (0xff9ff06f)
core   0: 0x80013cd8 (0x00001f17) auipc   t5, 0x1
core   0: 3 0x80013cd8 (0x00001f17) x30 0x80014cd8
core   0: 0x80013cdc (0x323f2423) sw      gp, 808(t5)
core   0: 3 0x80013cdc (0x323f2423) mem 0x80015000 0x00000001
core   0: 0x80013ce0 (0xff9ff06f) j       pc - 0x8
core   0: 3 0x80013ce0 (0xff9ff06f)
core   0: 0x80013cd8 (0x00001f17) auipc   t5, 0x1
core   0: 3 0x80013cd8 (0x00001f17) x30 0x80014cd8
core   0: 0x80013cdc (0x323f2423) sw      gp, 808(t5)
core   0: 3 0x80013cdc (0x323f2423) mem 0x80015000 0x00000001
core   0: 0x80013ce0 (0xff9ff06f) j       pc - 0x8
core   0: 3 0x80013ce0 (0xff9ff06f)
core   0: 0x80013cd8 (0x00001f17) auipc   t5, 0x1
core   0: 3 0x80013cd8 (0x00001f17) x30 0x80014cd8
core   0: 0x80013cdc (0x323f2423) sw      gp, 808(t5)
core   0: 3 0x80013cdc (0x323f2423) mem 0x80015000 0x00000001
core   0: 0x80013ce0 (0xff9ff06f) j       pc - 0x8
core   0: 3 0x80013ce0 (0xff9ff06f)
core   0: 0x80013cd8 (0x00001f17) auipc   t5, 0x1
core   0: 3 0x80013cd8 (0x00001f17) x30 0x80014cd8
core   0: 0x80013cdc (0x323f2423) sw      gp, 808(t5)
core   0: 3 0x80013cdc (0x323f2423) mem 0x80015000 0x00000001
core   0: 0x80013ce0 (0xff9ff06f) j       pc - 0x8
core   0: 3 0x80013ce0 (0xff9ff06f)
core   0: 0x80013cd8 (0x00001f17) auipc   t5, 0x1
core   0: 3 0x80013cd8 (0x00001f17) x30 0x80014cd8
core   0: 0x80013cdc (0x323f2423) sw      gp, 808(t5)
core   0: 3 0x80013cdc (0x323f2423) mem 0x80015000 0x00000001
core   0: 0x80013ce0 (0xff9ff06f) j       pc - 0x8
core   0: 3 0x80013ce0 (0xff9ff06f)
core   0: 0x80013cd8 (0x00001f17) auipc   t5, 0x1
core   0: 3 0x80013cd8 (0x00001f17) x30 0x80014cd8
core   0: 0x80013cdc (0x323f2423) sw      gp, 808(t5)
core   0: 3 0x80013cdc (0x323f2423) mem 0x80015000 0x00000001
core   0: 0x80013ce0 (0xff9ff06f) j       pc - 0x8
core   0: 3 0x80013ce0 (0xff9ff06f)
core   0: 0x80013cd8 (0x00001f17) auipc   t5, 0x1
core   0: 3 0x80013cd8 (0x00001f17) x30 0x80014cd8
core   0: 0x80013cdc (0x323f2423) sw      gp, 808(t5)
core   0: 3 0x80013cdc (0x323f2423) mem 0x80015000 0x00000001
core   0: 0x80013ce0 (0xff9ff06f) j       pc - 0x8
core   0: 3 0x80013ce0 (0xff9ff06f)
core   0: 0x80013cd8 (0x00001f17) auipc   t5, 0x1
core   0: 3 0x80013cd8 (0x00001f17) x30 0x80014cd8
core   0: 0x80013cdc (0x323f2423) sw      gp, 808(t5)
core   0: 3 0x80013cdc (0x323f2423) mem 0x80015000 0x00000001
core   0: 0x80013ce0 (0xff9ff06f) j       pc - 0x8
core   0: 3 0x80013ce0 (0xff9ff06f)
core   0: 0x80013cd8 (0x00001f17) auipc   t5, 0x1
core   0: 3 0x80013cd8 (0x00001f17) x30 0x80014cd8
core   0: 0x80013cdc (0x323f2423) sw      gp, 808(t5)
core   0: 3 0x80013cdc (0x323f2423) mem 0x80015000 0x00000001
core   0: 0x80013ce0 (0xff9ff06f) j       pc - 0x8
core   0: 3 0x80013ce0 (0xff9ff06f)
core   0: 0x80013cd8 (0x00001f17) auipc   t5, 0x1
core   0: 3 0x80013cd8 (0x00001f17) x30 0x80014cd8
core   0: 0x80013cdc (0x323f2423) sw      gp, 808(t5)
core   0: 3 0x80013cdc (0x323f2423) mem 0x80015000 0x00000001
core   0: 0x80013ce0 (0xff9ff06f) j       pc - 0x8
core   0: 3 0x80013ce0 (0xff9ff06f)
core   0: 0x80013cd8 (0x00001f17) auipc   t5, 0x1
core   0: 3 0x80013cd8 (0x00001f17) x30 0x80014cd8
core   0: 0x80013cdc (0x323f2423) sw      gp, 808(t5)
core   0: 3 0x80013cdc (0x323f2423) mem 0x80015000 0x00000001
core   0: 0x80013ce0 (0xff9ff06f) j       pc - 0x8
core   0: 3 0x80013ce0 (0xff9ff06f)
core   0: 0x80013cd8 (0x00001f17) auipc   t5, 0x1
core   0: 3 0x80013cd8 (0x00001f17) x30 0x80014cd8
core   0: 0x80013cdc (0x323f2423) sw      gp, 808(t5)
core   0: 3 0x80013cdc (0x323f2423) mem 0x80015000 0x00000001
core   0: 0x80013ce0 (0xff9ff06f) j       pc - 0x8
core   0: 3 0x80013ce0 (0xff9ff06f)
core   0: 0x80013cd8 (0x00001f17) auipc   t5, 0x1
core   0: 3 0x80013cd8 (0x00001f17) x30 0x80014cd8
core   0: 0x80013cdc (0x323f2423) sw      gp, 808(t5)
core   0: 3 0x80013cdc (0x323f2423) mem 0x80015000 0x00000001
core   0: 0x80013ce0 (0xff9ff06f) j       pc - 0x8
core   0: 3 0x80013ce0 (0xff9ff06f)
core   0: 0x80013cd8 (0x00001f17) auipc   t5, 0x1
core   0: 3 0x80013cd8 (0x00001f17) x30 0x80014cd8
core   0: 0x80013cdc (0x323f2423) sw      gp, 808(t5)
core   0: 3 0x80013cdc (0x323f2423) mem 0x80015000 0x00000001
core   0: 0x80013ce0 (0xff9ff06f) j       pc - 0x8
core   0: 3 0x80013ce0 (0xff9ff06f)
core   0: 0x80013cd8 (0x00001f17) auipc   t5, 0x1
core   0: 3 0x80013cd8 (0x00001f17) x30 0x80014cd8
core   0: 0x80013cdc (0x323f2423) sw      gp, 808(t5)
core   0: 3 0x80013cdc (0x323f2423) mem 0x80015000 0x00000001
core   0: 0x80013ce0 (0xff9ff06f) j       pc - 0x8
core   0: 3 0x80013ce0 (0xff9ff06f)
core   0: 0x80013cd8 (0x00001f17) auipc   t5, 0x1
core   0: 3 0x80013cd8 (0x00001f17) x30 0x80014cd8
core   0: 0x80013cdc (0x323f2423) sw      gp, 808(t5)
core   0: 3 0x80013cdc (0x323f2423) mem 0x80015000 0x00000001
core   0: 0x80013ce0 (0xff9ff06f) j       pc - 0x8
core   0: 3 0x80013ce0 (0xff9ff06f)
core   0: 0x80013cd8 (0x00001f17) auipc   t5, 0x1
core   0: 3 0x80013cd8 (0x00001f17) x30 0x80014cd8
core   0: 0x80013cdc (0x323f2423) sw      gp, 808(t5)
core   0: 3 0x80013cdc (0x323f2423) mem 0x80015000 0x00000001
core   0: 0x80013ce0 (0xff9ff06f) j       pc - 0x8
core   0: 3 0x80013ce0 (0xff9ff06f)
core   0: 0x80013cd8 (0x00001f17) auipc   t5, 0x1
core   0: 3 0x80013cd8 (0x00001f17) x30 0x80014cd8
core   0: 0x80013cdc (0x323f2423) sw      gp, 808(t5)
core   0: 3 0x80013cdc (0x323f2423) mem 0x80015000 0x00000001
core   0: 0x80013ce0 (0xff9ff06f) j       pc - 0x8
core   0: 3 0x80013ce0 (0xff9ff06f)
core   0: 0x80013cd8 (0x00001f17) auipc   t5, 0x1
core   0: 3 0x80013cd8 (0x00001f17) x30 0x80014cd8
core   0: 0x80013cdc (0x323f2423) sw      gp, 808(t5)
core   0: 3 0x80013cdc (0x323f2423) mem 0x80015000 0x00000001
core   0: 0x80013ce0 (0xff9ff06f) j       pc - 0x8
core   0: 3 0x80013ce0 (0xff9ff06f)
core   0: 0x80013cd8 (0x00001f17) auipc   t5, 0x1
core   0: 3 0x80013cd8 (0x00001f17) x30 0x80014cd8
core   0: 0x80013cdc (0x323f2423) sw      gp, 808(t5)
core   0: 3 0x80013cdc (0x323f2423) mem 0x80015000 0x00000001
core   0: 0x80013ce0 (0xff9ff06f) j       pc - 0x8
core   0: 3 0x80013ce0 (0xff9ff06f)
core   0: 0x80013cd8 (0x00001f17) auipc   t5, 0x1
core   0: 3 0x80013cd8 (0x00001f17) x30 0x80014cd8
core   0: 0x80013cdc (0x323f2423) sw      gp, 808(t5)
core   0: 3 0x80013cdc (0x323f2423) mem 0x80015000 0x00000001
core   0: 0x80013ce0 (0xff9ff06f) j       pc - 0x8
core   0: 3 0x80013ce0 (0xff9ff06f)
core   0: 0x80013cd8 (0x00001f17) auipc   t5, 0x1
core   0: 3 0x80013cd8 (0x00001f17) x30 0x80014cd8
core   0: 0x80013cdc (0x323f2423) sw      gp, 808(t5)
core   0: 3 0x80013cdc (0x323f2423) mem 0x80015000 0x00000001
core   0: 0x80013ce0 (0xff9ff06f) j       pc - 0x8
core   0: 3 0x80013ce0 (0xff9ff06f)
core   0: 0x80013cd8 (0x00001f17) auipc   t5, 0x1
core   0: 3 0x80013cd8 (0x00001f17) x30 0x80014cd8
core   0: 0x80013cdc (0x323f2423) sw      gp, 808(t5)
core   0: 3 0x80013cdc (0x323f2423) mem 0x80015000 0x00000001
core   0: 0x80013ce0 (0xff9ff06f) j       pc - 0x8
core   0: 3 0x80013ce0 (0xff9ff06f)
core   0: 0x80013cd8 (0x00001f17) auipc   t5, 0x1
core   0: 3 0x80013cd8 (0x00001f17) x30 0x80014cd8
core   0: 0x80013cdc (0x323f2423) sw      gp, 808(t5)
core   0: 3 0x80013cdc (0x323f2423) mem 0x80015000 0x00000001
core   0: 0x80013ce0 (0xff9ff06f) j       pc - 0x8
core   0: 3 0x80013ce0 (0xff9ff06f)
core   0: 0x80013cd8 (0x00001f17) auipc   t5, 0x1
core   0: 3 0x80013cd8 (0x00001f17) x30 0x80014cd8
core   0: 0x80013cdc (0x323f2423) sw      gp, 808(t5)
core   0: 3 0x80013cdc (0x323f2423) mem 0x80015000 0x00000001
core   0: 0x80013ce0 (0xff9ff06f) j       pc - 0x8
core   0: 3 0x80013ce0 (0xff9ff06f)
core   0: 0x80013cd8 (0x00001f17) auipc   t5, 0x1
core   0: 3 0x80013cd8 (0x00001f17) x30 0x80014cd8
core   0: 0x80013cdc (0x323f2423) sw      gp, 808(t5)
core   0: 3 0x80013cdc (0x323f2423) mem 0x80015000 0x00000001
core   0: 0x80013ce0 (0xff9ff06f) j       pc - 0x8
core   0: 3 0x80013ce0 (0xff9ff06f)
core   0: 0x80013cd8 (0x00001f17) auipc   t5, 0x1
core   0: 3 0x80013cd8 (0x00001f17) x30 0x80014cd8
core   0: 0x80013cdc (0x323f2423) sw      gp, 808(t5)
core   0: 3 0x80013cdc (0x323f2423) mem 0x80015000 0x00000001
core   0: 0x80013ce0 (0xff9ff06f) j       pc - 0x8
core   0: 3 0x80013ce0 (0xff9ff06f)
core   0: 0x80013cd8 (0x00001f17) auipc   t5, 0x1
core   0: 3 0x80013cd8 (0x00001f17) x30 0x80014cd8
core   0: 0x80013cdc (0x323f2423) sw      gp, 808(t5)
core   0: 3 0x80013cdc (0x323f2423) mem 0x80015000 0x00000001
core   0: 0x80013ce0 (0xff9ff06f) j       pc - 0x8
core   0: 3 0x80013ce0 (0xff9ff06f)
core   0: 0x80013cd8 (0x00001f17) auipc   t5, 0x1
core   0: 3 0x80013cd8 (0x00001f17) x30 0x80014cd8
core   0: 0x80013cdc (0x323f2423) sw      gp, 808(t5)
core   0: 3 0x80013cdc (0x323f2423) mem 0x80015000 0x00000001
core   0: 0x80013ce0 (0xff9ff06f) j       pc - 0x8
core   0: 3 0x80013ce0 (0xff9ff06f)
core   0: 0x80013cd8 (0x00001f17) auipc   t5, 0x1
core   0: 3 0x80013cd8 (0x00001f17) x30 0x80014cd8
core   0: 0x80013cdc (0x323f2423) sw      gp, 808(t5)
core   0: 3 0x80013cdc (0x323f2423) mem 0x80015000 0x00000001
core   0: 0x80013ce0 (0xff9ff06f) j       pc - 0x8
core   0: 3 0x80013ce0 (0xff9ff06f)
core   0: 0x80013cd8 (0x00001f17) auipc   t5, 0x1
core   0: 3 0x80013cd8 (0x00001f17) x30 0x80014cd8
core   0: 0x80013cdc (0x323f2423) sw      gp, 808(t5)
core   0: 3 0x80013cdc (0x323f2423) mem 0x80015000 0x00000001
core   0: 0x80013ce0 (0xff9ff06f) j       pc - 0x8
core   0: 3 0x80013ce0 (0xff9ff06f)
core   0: 0x80013cd8 (0x00001f17) auipc   t5, 0x1
core   0: 3 0x80013cd8 (0x00001f17) x30 0x80014cd8
core   0: 0x80013cdc (0x323f2423) sw      gp, 808(t5)
core   0: 3 0x80013cdc (0x323f2423) mem 0x80015000 0x00000001
core   0: 0x80013ce0 (0xff9ff06f) j       pc - 0x8
core   0: 3 0x80013ce0 (0xff9ff06f)
core   0: 0x80013cd8 (0x00001f17) auipc   t5, 0x1
core   0: 3 0x80013cd8 (0x00001f17) x30 0x80014cd8
core   0: 0x80013cdc (0x323f2423) sw      gp, 808(t5)
core   0: 3 0x80013cdc (0x323f2423) mem 0x80015000 0x00000001
core   0: 0x80013ce0 (0xff9ff06f) j       pc - 0x8
core   0: 3 0x80013ce0 (0xff9ff06f)
core   0: 0x80013cd8 (0x00001f17) auipc   t5, 0x1
core   0: 3 0x80013cd8 (0x00001f17) x30 0x80014cd8
core   0: 0x80013cdc (0x323f2423) sw      gp, 808(t5)
core   0: 3 0x80013cdc (0x323f2423) mem 0x80015000 0x00000001
core   0: 0x80013ce0 (0xff9ff06f) j       pc - 0x8
core   0: 3 0x80013ce0 (0xff9ff06f)
core   0: 0x80013cd8 (0x00001f17) auipc   t5, 0x1
core   0: 3 0x80013cd8 (0x00001f17) x30 0x80014cd8
core   0: 0x80013cdc (0x323f2423) sw      gp, 808(t5)
core   0: 3 0x80013cdc (0x323f2423) mem 0x80015000 0x00000001
core   0: 0x80013ce0 (0xff9ff06f) j       pc - 0x8
core   0: 3 0x80013ce0 (0xff9ff06f)
core   0: 0x80013cd8 (0x00001f17) auipc   t5, 0x1
core   0: 3 0x80013cd8 (0x00001f17) x30 0x80014cd8
core   0: 0x80013cdc (0x323f2423) sw      gp, 808(t5)
core   0: 3 0x80013cdc (0x323f2423) mem 0x80015000 0x00000001
core   0: 0x80013ce0 (0xff9ff06f) j       pc - 0x8
core   0: 3 0x80013ce0 (0xff9ff06f)
core   0: 0x80013cd8 (0x00001f17) auipc   t5, 0x1
core   0: 3 0x80013cd8 (0x00001f17) x30 0x80014cd8
core   0: 0x80013cdc (0x323f2423) sw      gp, 808(t5)
core   0: 3 0x80013cdc (0x323f2423) mem 0x80015000 0x00000001
core   0: 0x80013ce0 (0xff9ff06f) j       pc - 0x8
core   0: 3 0x80013ce0 (0xff9ff06f)
core   0: 0x80013cd8 (0x00001f17) auipc   t5, 0x1
core   0: 3 0x80013cd8 (0x00001f17) x30 0x80014cd8
core   0: 0x80013cdc (0x323f2423) sw      gp, 808(t5)
core   0: 3 0x80013cdc (0x323f2423) mem 0x80015000 0x00000001
core   0: 0x80013ce0 (0xff9ff06f) j       pc - 0x8
core   0: 3 0x80013ce0 (0xff9ff06f)
core   0: 0x80013cd8 (0x00001f17) auipc   t5, 0x1
core   0: 3 0x80013cd8 (0x00001f17) x30 0x80014cd8
core   0: 0x80013cdc (0x323f2423) sw      gp, 808(t5)
core   0: 3 0x80013cdc (0x323f2423) mem 0x80015000 0x00000001
core   0: 0x80013ce0 (0xff9ff06f) j       pc - 0x8
core   0: 3 0x80013ce0 (0xff9ff06f)
core   0: 0x80013cd8 (0x00001f17) auipc   t5, 0x1
core   0: 3 0x80013cd8 (0x00001f17) x30 0x80014cd8
core   0: 0x80013cdc (0x323f2423) sw      gp, 808(t5)
core   0: 3 0x80013cdc (0x323f2423) mem 0x80015000 0x00000001
core   0: 0x80013ce0 (0xff9ff06f) j       pc - 0x8
core   0: 3 0x80013ce0 (0xff9ff06f)
core   0: 0x80013cd8 (0x00001f17) auipc   t5, 0x1
core   0: 3 0x80013cd8 (0x00001f17) x30 0x80014cd8
core   0: 0x80013cdc (0x323f2423) sw      gp, 808(t5)
core   0: 3 0x80013cdc (0x323f2423) mem 0x80015000 0x00000001
core   0: 0x80013ce0 (0xff9ff06f) j       pc - 0x8
core   0: 3 0x80013ce0 (0xff9ff06f)
core   0: 0x80013cd8 (0x00001f17) auipc   t5, 0x1
core   0: 3 0x80013cd8 (0x00001f17) x30 0x80014cd8
core   0: 0x80013cdc (0x323f2423) sw      gp, 808(t5)
core   0: 3 0x80013cdc (0x323f2423) mem 0x80015000 0x00000001
core   0: 0x80013ce0 (0xff9ff06f) j       pc - 0x8
core   0: 3 0x80013ce0 (0xff9ff06f)
core   0: 0x80013cd8 (0x00001f17) auipc   t5, 0x1
core   0: 3 0x80013cd8 (0x00001f17) x30 0x80014cd8
core   0: 0x80013cdc (0x323f2423) sw      gp, 808(t5)
core   0: 3 0x80013cdc (0x323f2423) mem 0x80015000 0x00000001
core   0: 0x80013ce0 (0xff9ff06f) j       pc - 0x8
core   0: 3 0x80013ce0 (0xff9ff06f)
core   0: 0x80013cd8 (0x00001f17) auipc   t5, 0x1
core   0: 3 0x80013cd8 (0x00001f17) x30 0x80014cd8
core   0: 0x80013cdc (0x323f2423) sw      gp, 808(t5)
core   0: 3 0x80013cdc (0x323f2423) mem 0x80015000 0x00000001
core   0: 0x80013ce0 (0xff9ff06f) j       pc - 0x8
core   0: 3 0x80013ce0 (0xff9ff06f)
core   0: 0x80013cd8 (0x00001f17) auipc   t5, 0x1
core   0: 3 0x80013cd8 (0x00001f17) x30 0x80014cd8
core   0: 0x80013cdc (0x323f2423) sw      gp, 808(t5)
core   0: 3 0x80013cdc (0x323f2423) mem 0x80015000 0x00000001
core   0: 0x80013ce0 (0xff9ff06f) j       pc - 0x8
core   0: 3 0x80013ce0 (0xff9ff06f)
core   0: 0x80013cd8 (0x00001f17) auipc   t5, 0x1
core   0: 3 0x80013cd8 (0x00001f17) x30 0x80014cd8
core   0: 0x80013cdc (0x323f2423) sw      gp, 808(t5)
core   0: 3 0x80013cdc (0x323f2423) mem 0x80015000 0x00000001
core   0: 0x80013ce0 (0xff9ff06f) j       pc - 0x8
core   0: 3 0x80013ce0 (0xff9ff06f)
core   0: 0x80013cd8 (0x00001f17) auipc   t5, 0x1
core   0: 3 0x80013cd8 (0x00001f17) x30 0x80014cd8
core   0: 0x80013cdc (0x323f2423) sw      gp, 808(t5)
core   0: 3 0x80013cdc (0x323f2423) mem 0x80015000 0x00000001
core   0: 0x80013ce0 (0xff9ff06f) j       pc - 0x8
core   0: 3 0x80013ce0 (0xff9ff06f)
core   0: 0x80013cd8 (0x00001f17) auipc   t5, 0x1
core   0: 3 0x80013cd8 (0x00001f17) x30 0x80014cd8
core   0: 0x80013cdc (0x323f2423) sw      gp, 808(t5)
core   0: 3 0x80013cdc (0x323f2423) mem 0x80015000 0x00000001
core   0: 0x80013ce0 (0xff9ff06f) j       pc - 0x8
core   0: 3 0x80013ce0 (0xff9ff06f)
core   0: 0x80013cd8 (0x00001f17) auipc   t5, 0x1
core   0: 3 0x80013cd8 (0x00001f17) x30 0x80014cd8
core   0: 0x80013cdc (0x323f2423) sw      gp, 808(t5)
core   0: 3 0x80013cdc (0x323f2423) mem 0x80015000 0x00000001
core   0: 0x80013ce0 (0xff9ff06f) j       pc - 0x8
core   0: 3 0x80013ce0 (0xff9ff06f)
core   0: 0x80013cd8 (0x00001f17) auipc   t5, 0x1
core   0: 3 0x80013cd8 (0x00001f17) x30 0x80014cd8
core   0: 0x80013cdc (0x323f2423) sw      gp, 808(t5)
core   0: 3 0x80013cdc (0x323f2423) mem 0x80015000 0x00000001
core   0: 0x80013ce0 (0xff9ff06f) j       pc - 0x8
core   0: 3 0x80013ce0 (0xff9ff06f)
core   0: 0x80013cd8 (0x00001f17) auipc   t5, 0x1
core   0: 3 0x80013cd8 (0x00001f17) x30 0x80014cd8
core   0: 0x80013cdc (0x323f2423) sw      gp, 808(t5)
core   0: 3 0x80013cdc (0x323f2423) mem 0x80015000 0x00000001
core   0: 0x80013ce0 (0xff9ff06f) j       pc - 0x8
core   0: 3 0x80013ce0 (0xff9ff06f)
core   0: 0x80013cd8 (0x00001f17) auipc   t5, 0x1
core   0: 3 0x80013cd8 (0x00001f17) x30 0x80014cd8
core   0: 0x80013cdc (0x323f2423) sw      gp, 808(t5)
core   0: 3 0x80013cdc (0x323f2423) mem 0x80015000 0x00000001
core   0: 0x80013ce0 (0xff9ff06f) j       pc - 0x8
core   0: 3 0x80013ce0 (0xff9ff06f)
core   0: 0x80013cd8 (0x00001f17) auipc   t5, 0x1
core   0: 3 0x80013cd8 (0x00001f17) x30 0x80014cd8
core   0: 0x80013cdc (0x323f2423) sw      gp, 808(t5)
core   0: 3 0x80013cdc (0x323f2423) mem 0x80015000 0x00000001
core   0: 0x80013ce0 (0xff9ff06f) j       pc - 0x8
core   0: 3 0x80013ce0 (0xff9ff06f)
core   0: 0x80013cd8 (0x00001f17) auipc   t5, 0x1
core   0: 3 0x80013cd8 (0x00001f17) x30 0x80014cd8
core   0: 0x80013cdc (0x323f2423) sw      gp, 808(t5)
core   0: 3 0x80013cdc (0x323f2423) mem 0x80015000 0x00000001
core   0: 0x80013ce0 (0xff9ff06f) j       pc - 0x8
core   0: 3 0x80013ce0 (0xff9ff06f)
core   0: 0x80013cd8 (0x00001f17) auipc   t5, 0x1
core   0: 3 0x80013cd8 (0x00001f17) x30 0x80014cd8
core   0: 0x80013cdc (0x323f2423) sw      gp, 808(t5)
core   0: 3 0x80013cdc (0x323f2423) mem 0x80015000 0x00000001
core   0: 0x80013ce0 (0xff9ff06f) j       pc - 0x8
core   0: 3 0x80013ce0 (0xff9ff06f)
core   0: 0x80013cd8 (0x00001f17) auipc   t5, 0x1
core   0: 3 0x80013cd8 (0x00001f17) x30 0x80014cd8
core   0: 0x80013cdc (0x323f2423) sw      gp, 808(t5)
core   0: 3 0x80013cdc (0x323f2423) mem 0x80015000 0x00000001
core   0: 0x80013ce0 (0xff9ff06f) j       pc - 0x8
core   0: 3 0x80013ce0 (0xff9ff06f)
core   0: 0x80013cd8 (0x00001f17) auipc   t5, 0x1
core   0: 3 0x80013cd8 (0x00001f17) x30 0x80014cd8
core   0: 0x80013cdc (0x323f2423) sw      gp, 808(t5)
core   0: 3 0x80013cdc (0x323f2423) mem 0x80015000 0x00000001
core   0: 0x80013ce0 (0xff9ff06f) j       pc - 0x8
core   0: 3 0x80013ce0 (0xff9ff06f)
core   0: 0x80013cd8 (0x00001f17) auipc   t5, 0x1
core   0: 3 0x80013cd8 (0x00001f17) x30 0x80014cd8
core   0: 0x80013cdc (0x323f2423) sw      gp, 808(t5)
core   0: 3 0x80013cdc (0x323f2423) mem 0x80015000 0x00000001
core   0: 0x80013ce0 (0xff9ff06f) j       pc - 0x8
core   0: 3 0x80013ce0 (0xff9ff06f)
core   0: 0x80013cd8 (0x00001f17) auipc   t5, 0x1
core   0: 3 0x80013cd8 (0x00001f17) x30 0x80014cd8
core   0: 0x80013cdc (0x323f2423) sw      gp, 808(t5)
core   0: 3 0x80013cdc (0x323f2423) mem 0x80015000 0x00000001
core   0: 0x80013ce0 (0xff9ff06f) j       pc - 0x8
core   0: 3 0x80013ce0 (0xff9ff06f)
core   0: 0x80013cd8 (0x00001f17) auipc   t5, 0x1
core   0: 3 0x80013cd8 (0x00001f17) x30 0x80014cd8
core   0: 0x80013cdc (0x323f2423) sw      gp, 808(t5)
core   0: 3 0x80013cdc (0x323f2423) mem 0x80015000 0x00000001
core   0: 0x80013ce0 (0xff9ff06f) j       pc - 0x8
core   0: 3 0x80013ce0 (0xff9ff06f)
core   0: 0x80013cd8 (0x00001f17) auipc   t5, 0x1
core   0: 3 0x80013cd8 (0x00001f17) x30 0x80014cd8
core   0: 0x80013cdc (0x323f2423) sw      gp, 808(t5)
core   0: 3 0x80013cdc (0x323f2423) mem 0x80015000 0x00000001
core   0: 0x80013ce0 (0xff9ff06f) j       pc - 0x8
core   0: 3 0x80013ce0 (0xff9ff06f)
core   0: 0x80013cd8 (0x00001f17) auipc   t5, 0x1
core   0: 3 0x80013cd8 (0x00001f17) x30 0x80014cd8
core   0: 0x80013cdc (0x323f2423) sw      gp, 808(t5)
core   0: 3 0x80013cdc (0x323f2423) mem 0x80015000 0x00000001
core   0: 0x80013ce0 (0xff9ff06f) j       pc - 0x8
core   0: 3 0x80013ce0 (0xff9ff06f)
core   0: 0x80013cd8 (0x00001f17) auipc   t5, 0x1
core   0: 3 0x80013cd8 (0x00001f17) x30 0x80014cd8
core   0: 0x80013cdc (0x323f2423) sw      gp, 808(t5)
core   0: 3 0x80013cdc (0x323f2423) mem 0x80015000 0x00000001
core   0: 0x80013ce0 (0xff9ff06f) j       pc - 0x8
core   0: 3 0x80013ce0 (0xff9ff06f)
core   0: 0x80013cd8 (0x00001f17) auipc   t5, 0x1
core   0: 3 0x80013cd8 (0x00001f17) x30 0x80014cd8
core   0: 0x80013cdc (0x323f2423) sw      gp, 808(t5)
core   0: 3 0x80013cdc (0x323f2423) mem 0x80015000 0x00000001
core   0: 0x80013ce0 (0xff9ff06f) j       pc - 0x8
core   0: 3 0x80013ce0 (0xff9ff06f)
core   0: 0x80013cd8 (0x00001f17) auipc   t5, 0x1
core   0: 3 0x80013cd8 (0x00001f17) x30 0x80014cd8
core   0: 0x80013cdc (0x323f2423) sw      gp, 808(t5)
core   0: 3 0x80013cdc (0x323f2423) mem 0x80015000 0x00000001
core   0: 0x80013ce0 (0xff9ff06f) j       pc - 0x8
core   0: 3 0x80013ce0 (0xff9ff06f)
core   0: 0x80013cd8 (0x00001f17) auipc   t5, 0x1
core   0: 3 0x80013cd8 (0x00001f17) x30 0x80014cd8
core   0: 0x80013cdc (0x323f2423) sw      gp, 808(t5)
core   0: 3 0x80013cdc (0x323f2423) mem 0x80015000 0x00000001
core   0: 0x80013ce0 (0xff9ff06f) j       pc - 0x8
core   0: 3 0x80013ce0 (0xff9ff06f)
core   0: 0x80013cd8 (0x00001f17) auipc   t5, 0x1
core   0: 3 0x80013cd8 (0x00001f17) x30 0x80014cd8
core   0: 0x80013cdc (0x323f2423) sw      gp, 808(t5)
core   0: 3 0x80013cdc (0x323f2423) mem 0x80015000 0x00000001
core   0: 0x80013ce0 (0xff9ff06f) j       pc - 0x8
core   0: 3 0x80013ce0 (0xff9ff06f)
core   0: 0x80013cd8 (0x00001f17) auipc   t5, 0x1
core   0: 3 0x80013cd8 (0x00001f17) x30 0x80014cd8
core   0: 0x80013cdc (0x323f2423) sw      gp, 808(t5)
core   0: 3 0x80013cdc (0x323f2423) mem 0x80015000 0x00000001
core   0: 0x80013ce0 (0xff9ff06f) j       pc - 0x8
core   0: 3 0x80013ce0 (0xff9ff06f)
core   0: 0x80013cd8 (0x00001f17) auipc   t5, 0x1
core   0: 3 0x80013cd8 (0x00001f17) x30 0x80014cd8
core   0: 0x80013cdc (0x323f2423) sw      gp, 808(t5)
core   0: 3 0x80013cdc (0x323f2423) mem 0x80015000 0x00000001
core   0: 0x80013ce0 (0xff9ff06f) j       pc - 0x8
core   0: 3 0x80013ce0 (0xff9ff06f)
core   0: 0x80013cd8 (0x00001f17) auipc   t5, 0x1
core   0: 3 0x80013cd8 (0x00001f17) x30 0x80014cd8
core   0: 0x80013cdc (0x323f2423) sw      gp, 808(t5)
core   0: 3 0x80013cdc (0x323f2423) mem 0x80015000 0x00000001
core   0: 0x80013ce0 (0xff9ff06f) j       pc - 0x8
core   0: 3 0x80013ce0 (0xff9ff06f)
core   0: 0x80013cd8 (0x00001f17) auipc   t5, 0x1
core   0: 3 0x80013cd8 (0x00001f17) x30 0x80014cd8
core   0: 0x80013cdc (0x323f2423) sw      gp, 808(t5)
core   0: 3 0x80013cdc (0x323f2423) mem 0x80015000 0x00000001
core   0: 0x80013ce0 (0xff9ff06f) j       pc - 0x8
core   0: 3 0x80013ce0 (0xff9ff06f)
core   0: 0x80013cd8 (0x00001f17) auipc   t5, 0x1
core   0: 3 0x80013cd8 (0x00001f17) x30 0x80014cd8
core   0: 0x80013cdc (0x323f2423) sw      gp, 808(t5)
core   0: 3 0x80013cdc (0x323f2423) mem 0x80015000 0x00000001
core   0: 0x80013ce0 (0xff9ff06f) j       pc - 0x8
core   0: 3 0x80013ce0 (0xff9ff06f)
core   0: 0x80013cd8 (0x00001f17) auipc   t5, 0x1
core   0: 3 0x80013cd8 (0x00001f17) x30 0x80014cd8
core   0: 0x80013cdc (0x323f2423) sw      gp, 808(t5)
core   0: 3 0x80013cdc (0x323f2423) mem 0x80015000 0x00000001
core   0: 0x80013ce0 (0xff9ff06f) j       pc - 0x8
core   0: 3 0x80013ce0 (0xff9ff06f)
core   0: 0x80013cd8 (0x00001f17) auipc   t5, 0x1
core   0: 3 0x80013cd8 (0x00001f17) x30 0x80014cd8
core   0: 0x80013cdc (0x323f2423) sw      gp, 808(t5)
core   0: 3 0x80013cdc (0x323f2423) mem 0x80015000 0x00000001
core   0: 0x80013ce0 (0xff9ff06f) j       pc - 0x8
core   0: 3 0x80013ce0 (0xff9ff06f)
core   0: 0x80013cd8 (0x00001f17) auipc   t5, 0x1
core   0: 3 0x80013cd8 (0x00001f17) x30 0x80014cd8
core   0: 0x80013cdc (0x323f2423) sw      gp, 808(t5)
core   0: 3 0x80013cdc (0x323f2423) mem 0x80015000 0x00000001
core   0: 0x80013ce0 (0xff9ff06f) j       pc - 0x8
core   0: 3 0x80013ce0 (0xff9ff06f)
core   0: 0x80013cd8 (0x00001f17) auipc   t5, 0x1
core   0: 3 0x80013cd8 (0x00001f17) x30 0x80014cd8
core   0: 0x80013cdc (0x323f2423) sw      gp, 808(t5)
core   0: 3 0x80013cdc (0x323f2423) mem 0x80015000 0x00000001
core   0: 0x80013ce0 (0xff9ff06f) j       pc - 0x8
core   0: 3 0x80013ce0 (0xff9ff06f)
core   0: 0x80013cd8 (0x00001f17) auipc   t5, 0x1
core   0: 3 0x80013cd8 (0x00001f17) x30 0x80014cd8
core   0: 0x80013cdc (0x323f2423) sw      gp, 808(t5)
core   0: 3 0x80013cdc (0x323f2423) mem 0x80015000 0x00000001
core   0: 0x80013ce0 (0xff9ff06f) j       pc - 0x8
core   0: 3 0x80013ce0 (0xff9ff06f)
core   0: 0x80013cd8 (0x00001f17) auipc   t5, 0x1
core   0: 3 0x80013cd8 (0x00001f17) x30 0x80014cd8
core   0: 0x80013cdc (0x323f2423) sw      gp, 808(t5)
core   0: 3 0x80013cdc (0x323f2423) mem 0x80015000 0x00000001
core   0: 0x80013ce0 (0xff9ff06f) j       pc - 0x8
core   0: 3 0x80013ce0 (0xff9ff06f)
core   0: 0x80013cd8 (0x00001f17) auipc   t5, 0x1
core   0: 3 0x80013cd8 (0x00001f17) x30 0x80014cd8
core   0: 0x80013cdc (0x323f2423) sw      gp, 808(t5)
core   0: 3 0x80013cdc (0x323f2423) mem 0x80015000 0x00000001
core   0: 0x80013ce0 (0xff9ff06f) j       pc - 0x8
core   0: 3 0x80013ce0 (0xff9ff06f)
core   0: 0x80013cd8 (0x00001f17) auipc   t5, 0x1
core   0: 3 0x80013cd8 (0x00001f17) x30 0x80014cd8
core   0: 0x80013cdc (0x323f2423) sw      gp, 808(t5)
core   0: 3 0x80013cdc (0x323f2423) mem 0x80015000 0x00000001
core   0: 0x80013ce0 (0xff9ff06f) j       pc - 0x8
core   0: 3 0x80013ce0 (0xff9ff06f)
core   0: 0x80013cd8 (0x00001f17) auipc   t5, 0x1
core   0: 3 0x80013cd8 (0x00001f17) x30 0x80014cd8
core   0: 0x80013cdc (0x323f2423) sw      gp, 808(t5)
core   0: 3 0x80013cdc (0x323f2423) mem 0x80015000 0x00000001
core   0: 0x80013ce0 (0xff9ff06f) j       pc - 0x8
core   0: 3 0x80013ce0 (0xff9ff06f)
core   0: 0x80013cd8 (0x00001f17) auipc   t5, 0x1
core   0: 3 0x80013cd8 (0x00001f17) x30 0x80014cd8
core   0: 0x80013cdc (0x323f2423) sw      gp, 808(t5)
core   0: 3 0x80013cdc (0x323f2423) mem 0x80015000 0x00000001
core   0: 0x80013ce0 (0xff9ff06f) j       pc - 0x8
core   0: 3 0x80013ce0 (0xff9ff06f)
core   0: 0x80013cd8 (0x00001f17) auipc   t5, 0x1
core   0: 3 0x80013cd8 (0x00001f17) x30 0x80014cd8
core   0: 0x80013cdc (0x323f2423) sw      gp, 808(t5)
core   0: 3 0x80013cdc (0x323f2423) mem 0x80015000 0x00000001
core   0: 0x80013ce0 (0xff9ff06f) j       pc - 0x8
core   0: 3 0x80013ce0 (0xff9ff06f)
core   0: 0x80013cd8 (0x00001f17) auipc   t5, 0x1
core   0: 3 0x80013cd8 (0x00001f17) x30 0x80014cd8
core   0: 0x80013cdc (0x323f2423) sw      gp, 808(t5)
core   0: 3 0x80013cdc (0x323f2423) mem 0x80015000 0x00000001
core   0: 0x80013ce0 (0xff9ff06f) j       pc - 0x8
core   0: 3 0x80013ce0 (0xff9ff06f)
core   0: 0x80013cd8 (0x00001f17) auipc   t5, 0x1
core   0: 3 0x80013cd8 (0x00001f17) x30 0x80014cd8
core   0: 0x80013cdc (0x323f2423) sw      gp, 808(t5)
core   0: 3 0x80013cdc (0x323f2423) mem 0x80015000 0x00000001
core   0: 0x80013ce0 (0xff9ff06f) j       pc - 0x8
core   0: 3 0x80013ce0 (0xff9ff06f)
core   0: 0x80013cd8 (0x00001f17) auipc   t5, 0x1
core   0: 3 0x80013cd8 (0x00001f17) x30 0x80014cd8
core   0: 0x80013cdc (0x323f2423) sw      gp, 808(t5)
core   0: 3 0x80013cdc (0x323f2423) mem 0x80015000 0x00000001
core   0: 0x80013ce0 (0xff9ff06f) j       pc - 0x8
core   0: 3 0x80013ce0 (0xff9ff06f)
core   0: 0x80013cd8 (0x00001f17) auipc   t5, 0x1
core   0: 3 0x80013cd8 (0x00001f17) x30 0x80014cd8
core   0: 0x80013cdc (0x323f2423) sw      gp, 808(t5)
core   0: 3 0x80013cdc (0x323f2423) mem 0x80015000 0x00000001
core   0: 0x80013ce0 (0xff9ff06f) j       pc - 0x8
core   0: 3 0x80013ce0 (0xff9ff06f)
core   0: 0x80013cd8 (0x00001f17) auipc   t5, 0x1
core   0: 3 0x80013cd8 (0x00001f17) x30 0x80014cd8
core   0: 0x80013cdc (0x323f2423) sw      gp, 808(t5)
core   0: 3 0x80013cdc (0x323f2423) mem 0x80015000 0x00000001
core   0: 0x80013ce0 (0xff9ff06f) j       pc - 0x8
core   0: 3 0x80013ce0 (0xff9ff06f)
core   0: 0x80013cd8 (0x00001f17) auipc   t5, 0x1
core   0: 3 0x80013cd8 (0x00001f17) x30 0x80014cd8
core   0: 0x80013cdc (0x323f2423) sw      gp, 808(t5)
core   0: 3 0x80013cdc (0x323f2423) mem 0x80015000 0x00000001
core   0: 0x80013ce0 (0xff9ff06f) j       pc - 0x8
core   0: 3 0x80013ce0 (0xff9ff06f)
core   0: 0x80013cd8 (0x00001f17) auipc   t5, 0x1
core   0: 3 0x80013cd8 (0x00001f17) x30 0x80014cd8
core   0: 0x80013cdc (0x323f2423) sw      gp, 808(t5)
core   0: 3 0x80013cdc (0x323f2423) mem 0x80015000 0x00000001
core   0: 0x80013ce0 (0xff9ff06f) j       pc - 0x8
core   0: 3 0x80013ce0 (0xff9ff06f)
core   0: 0x80013cd8 (0x00001f17) auipc   t5, 0x1
core   0: 3 0x80013cd8 (0x00001f17) x30 0x80014cd8
core   0: 0x80013cdc (0x323f2423) sw      gp, 808(t5)
core   0: 3 0x80013cdc (0x323f2423) mem 0x80015000 0x00000001
core   0: 0x80013ce0 (0xff9ff06f) j       pc - 0x8
core   0: 3 0x80013ce0 (0xff9ff06f)
core   0: 0x80013cd8 (0x00001f17) auipc   t5, 0x1
core   0: 3 0x80013cd8 (0x00001f17) x30 0x80014cd8
core   0: 0x80013cdc (0x323f2423) sw      gp, 808(t5)
core   0: 3 0x80013cdc (0x323f2423) mem 0x80015000 0x00000001
core   0: 0x80013ce0 (0xff9ff06f) j       pc - 0x8
core   0: 3 0x80013ce0 (0xff9ff06f)
core   0: 0x80013cd8 (0x00001f17) auipc   t5, 0x1
core   0: 3 0x80013cd8 (0x00001f17) x30 0x80014cd8
core   0: 0x80013cdc (0x323f2423) sw      gp, 808(t5)
core   0: 3 0x80013cdc (0x323f2423) mem 0x80015000 0x00000001
core   0: 0x80013ce0 (0xff9ff06f) j       pc - 0x8
core   0: 3 0x80013ce0 (0xff9ff06f)
core   0: 0x80013cd8 (0x00001f17) auipc   t5, 0x1
core   0: 3 0x80013cd8 (0x00001f17) x30 0x80014cd8
core   0: 0x80013cdc (0x323f2423) sw      gp, 808(t5)
core   0: 3 0x80013cdc (0x323f2423) mem 0x80015000 0x00000001
core   0: 0x80013ce0 (0xff9ff06f) j       pc - 0x8
core   0: 3 0x80013ce0 (0xff9ff06f)
core   0: 0x80013cd8 (0x00001f17) auipc   t5, 0x1
core   0: 3 0x80013cd8 (0x00001f17) x30 0x80014cd8
core   0: 0x80013cdc (0x323f2423) sw      gp, 808(t5)
core   0: 3 0x80013cdc (0x323f2423) mem 0x80015000 0x00000001
core   0: 0x80013ce0 (0xff9ff06f) j       pc - 0x8
core   0: 3 0x80013ce0 (0xff9ff06f)
core   0: 0x80013cd8 (0x00001f17) auipc   t5, 0x1
core   0: 3 0x80013cd8 (0x00001f17) x30 0x80014cd8
core   0: 0x80013cdc (0x323f2423) sw      gp, 808(t5)
core   0: 3 0x80013cdc (0x323f2423) mem 0x80015000 0x00000001
core   0: 0x80013ce0 (0xff9ff06f) j       pc - 0x8
core   0: 3 0x80013ce0 (0xff9ff06f)
core   0: 0x80013cd8 (0x00001f17) auipc   t5, 0x1
core   0: 3 0x80013cd8 (0x00001f17) x30 0x80014cd8
core   0: 0x80013cdc (0x323f2423) sw      gp, 808(t5)
core   0: 3 0x80013cdc (0x323f2423) mem 0x80015000 0x00000001
core   0: 0x80013ce0 (0xff9ff06f) j       pc - 0x8
core   0: 3 0x80013ce0 (0xff9ff06f)
core   0: 0x80013cd8 (0x00001f17) auipc   t5, 0x1
core   0: 3 0x80013cd8 (0x00001f17) x30 0x80014cd8
core   0: 0x80013cdc (0x323f2423) sw      gp, 808(t5)
core   0: 3 0x80013cdc (0x323f2423) mem 0x80015000 0x00000001
core   0: 0x80013ce0 (0xff9ff06f) j       pc - 0x8
core   0: 3 0x80013ce0 (0xff9ff06f)
core   0: 0x80013cd8 (0x00001f17) auipc   t5, 0x1
core   0: 3 0x80013cd8 (0x00001f17) x30 0x80014cd8
core   0: 0x80013cdc (0x323f2423) sw      gp, 808(t5)
core   0: 3 0x80013cdc (0x323f2423) mem 0x80015000 0x00000001
core   0: 0x80013ce0 (0xff9ff06f) j       pc - 0x8
core   0: 3 0x80013ce0 (0xff9ff06f)
core   0: 0x80013cd8 (0x00001f17) auipc   t5, 0x1
core   0: 3 0x80013cd8 (0x00001f17) x30 0x80014cd8
core   0: 0x80013cdc (0x323f2423) sw      gp, 808(t5)
core   0: 3 0x80013cdc (0x323f2423) mem 0x80015000 0x00000001
core   0: 0x80013ce0 (0xff9ff06f) j       pc - 0x8
core   0: 3 0x80013ce0 (0xff9ff06f)
core   0: 0x80013cd8 (0x00001f17) auipc   t5, 0x1
core   0: 3 0x80013cd8 (0x00001f17) x30 0x80014cd8
core   0: 0x80013cdc (0x323f2423) sw      gp, 808(t5)
core   0: 3 0x80013cdc (0x323f2423) mem 0x80015000 0x00000001
core   0: 0x80013ce0 (0xff9ff06f) j       pc - 0x8
core   0: 3 0x80013ce0 (0xff9ff06f)
core   0: 0x80013cd8 (0x00001f17) auipc   t5, 0x1
core   0: 3 0x80013cd8 (0x00001f17) x30 0x80014cd8
core   0: 0x80013cdc (0x323f2423) sw      gp, 808(t5)
core   0: 3 0x80013cdc (0x323f2423) mem 0x80015000 0x00000001
core   0: 0x80013ce0 (0xff9ff06f) j       pc - 0x8
core   0: 3 0x80013ce0 (0xff9ff06f)
core   0: 0x80013cd8 (0x00001f17) auipc   t5, 0x1
core   0: 3 0x80013cd8 (0x00001f17) x30 0x80014cd8
core   0: 0x80013cdc (0x323f2423) sw      gp, 808(t5)
core   0: 3 0x80013cdc (0x323f2423) mem 0x80015000 0x00000001
core   0: 0x80013ce0 (0xff9ff06f) j       pc - 0x8
core   0: 3 0x80013ce0 (0xff9ff06f)
core   0: 0x80013cd8 (0x00001f17) auipc   t5, 0x1
core   0: 3 0x80013cd8 (0x00001f17) x30 0x80014cd8
core   0: 0x80013cdc (0x323f2423) sw      gp, 808(t5)
core   0: 3 0x80013cdc (0x323f2423) mem 0x80015000 0x00000001
core   0: 0x80013ce0 (0xff9ff06f) j       pc - 0x8
core   0: 3 0x80013ce0 (0xff9ff06f)
core   0: 0x80013cd8 (0x00001f17) auipc   t5, 0x1
core   0: 3 0x80013cd8 (0x00001f17) x30 0x80014cd8
core   0: 0x80013cdc (0x323f2423) sw      gp, 808(t5)
core   0: 3 0x80013cdc (0x323f2423) mem 0x80015000 0x00000001
core   0: 0x80013ce0 (0xff9ff06f) j       pc - 0x8
core   0: 3 0x80013ce0 (0xff9ff06f)
core   0: 0x80013cd8 (0x00001f17) auipc   t5, 0x1
core   0: 3 0x80013cd8 (0x00001f17) x30 0x80014cd8
core   0: 0x80013cdc (0x323f2423) sw      gp, 808(t5)
core   0: 3 0x80013cdc (0x323f2423) mem 0x80015000 0x00000001
core   0: 0x80013ce0 (0xff9ff06f) j       pc - 0x8
core   0: 3 0x80013ce0 (0xff9ff06f)
core   0: 0x80013cd8 (0x00001f17) auipc   t5, 0x1
core   0: 3 0x80013cd8 (0x00001f17) x30 0x80014cd8
core   0: 0x80013cdc (0x323f2423) sw      gp, 808(t5)
core   0: 3 0x80013cdc (0x323f2423) mem 0x80015000 0x00000001
core   0: 0x80013ce0 (0xff9ff06f) j       pc - 0x8
core   0: 3 0x80013ce0 (0xff9ff06f)
core   0: 0x80013cd8 (0x00001f17) auipc   t5, 0x1
core   0: 3 0x80013cd8 (0x00001f17) x30 0x80014cd8
core   0: 0x80013cdc (0x323f2423) sw      gp, 808(t5)
core   0: 3 0x80013cdc (0x323f2423) mem 0x80015000 0x00000001
core   0: 0x80013ce0 (0xff9ff06f) j       pc - 0x8
core   0: 3 0x80013ce0 (0xff9ff06f)
core   0: 0x80013cd8 (0x00001f17) auipc   t5, 0x1
core   0: 3 0x80013cd8 (0x00001f17) x30 0x80014cd8
core   0: 0x80013cdc (0x323f2423) sw      gp, 808(t5)
core   0: 3 0x80013cdc (0x323f2423) mem 0x80015000 0x00000001
core   0: 0x80013ce0 (0xff9ff06f) j       pc - 0x8
core   0: 3 0x80013ce0 (0xff9ff06f)
core   0: 0x80013cd8 (0x00001f17) auipc   t5, 0x1
core   0: 3 0x80013cd8 (0x00001f17) x30 0x80014cd8
core   0: 0x80013cdc (0x323f2423) sw      gp, 808(t5)
core   0: 3 0x80013cdc (0x323f2423) mem 0x80015000 0x00000001
core   0: 0x80013ce0 (0xff9ff06f) j       pc - 0x8
core   0: 3 0x80013ce0 (0xff9ff06f)
core   0: 0x80013cd8 (0x00001f17) auipc   t5, 0x1
core   0: 3 0x80013cd8 (0x00001f17) x30 0x80014cd8
core   0: 0x80013cdc (0x323f2423) sw      gp, 808(t5)
core   0: 3 0x80013cdc (0x323f2423) mem 0x80015000 0x00000001
core   0: 0x80013ce0 (0xff9ff06f) j       pc - 0x8
core   0: 3 0x80013ce0 (0xff9ff06f)
core   0: 0x80013cd8 (0x00001f17) auipc   t5, 0x1
core   0: 3 0x80013cd8 (0x00001f17) x30 0x80014cd8
core   0: 0x80013cdc (0x323f2423) sw      gp, 808(t5)
core   0: 3 0x80013cdc (0x323f2423) mem 0x80015000 0x00000001
core   0: 0x80013ce0 (0xff9ff06f) j       pc - 0x8
core   0: 3 0x80013ce0 (0xff9ff06f)
core   0: 0x80013cd8 (0x00001f17) auipc   t5, 0x1
core   0: 3 0x80013cd8 (0x00001f17) x30 0x80014cd8
core   0: 0x80013cdc (0x323f2423) sw      gp, 808(t5)
core   0: 3 0x80013cdc (0x323f2423) mem 0x80015000 0x00000001
core   0: 0x80013ce0 (0xff9ff06f) j       pc - 0x8
core   0: 3 0x80013ce0 (0xff9ff06f)
core   0: 0x80013cd8 (0x00001f17) auipc   t5, 0x1
core   0: 3 0x80013cd8 (0x00001f17) x30 0x80014cd8
core   0: 0x80013cdc (0x323f2423) sw      gp, 808(t5)
core   0: 3 0x80013cdc (0x323f2423) mem 0x80015000 0x00000001
core   0: 0x80013ce0 (0xff9ff06f) j       pc - 0x8
core   0: 3 0x80013ce0 (0xff9ff06f)
core   0: 0x80013cd8 (0x00001f17) auipc   t5, 0x1
core   0: 3 0x80013cd8 (0x00001f17) x30 0x80014cd8
core   0: 0x80013cdc (0x323f2423) sw      gp, 808(t5)
core   0: 3 0x80013cdc (0x323f2423) mem 0x80015000 0x00000001
core   0: 0x80013ce0 (0xff9ff06f) j       pc - 0x8
core   0: 3 0x80013ce0 (0xff9ff06f)
core   0: 0x80013cd8 (0x00001f17) auipc   t5, 0x1
core   0: 3 0x80013cd8 (0x00001f17) x30 0x80014cd8
core   0: 0x80013cdc (0x323f2423) sw      gp, 808(t5)
core   0: 3 0x80013cdc (0x323f2423) mem 0x80015000 0x00000001
core   0: 0x80013ce0 (0xff9ff06f) j       pc - 0x8
core   0: 3 0x80013ce0 (0xff9ff06f)
core   0: 0x80013cd8 (0x00001f17) auipc   t5, 0x1
core   0: 3 0x80013cd8 (0x00001f17) x30 0x80014cd8
core   0: 0x80013cdc (0x323f2423) sw      gp, 808(t5)
core   0: 3 0x80013cdc (0x323f2423) mem 0x80015000 0x00000001
core   0: 0x80013ce0 (0xff9ff06f) j       pc - 0x8
core   0: 3 0x80013ce0 (0xff9ff06f)
core   0: 0x80013cd8 (0x00001f17) auipc   t5, 0x1
core   0: 3 0x80013cd8 (0x00001f17) x30 0x80014cd8
core   0: 0x80013cdc (0x323f2423) sw      gp, 808(t5)
core   0: 3 0x80013cdc (0x323f2423) mem 0x80015000 0x00000001
core   0: 0x80013ce0 (0xff9ff06f) j       pc - 0x8
core   0: 3 0x80013ce0 (0xff9ff06f)
core   0: 0x80013cd8 (0x00001f17) auipc   t5, 0x1
core   0: 3 0x80013cd8 (0x00001f17) x30 0x80014cd8
core   0: 0x80013cdc (0x323f2423) sw      gp, 808(t5)
core   0: 3 0x80013cdc (0x323f2423) mem 0x80015000 0x00000001
core   0: 0x80013ce0 (0xff9ff06f) j       pc - 0x8
core   0: 3 0x80013ce0 (0xff9ff06f)
core   0: 0x80013cd8 (0x00001f17) auipc   t5, 0x1
core   0: 3 0x80013cd8 (0x00001f17) x30 0x80014cd8
core   0: 0x80013cdc (0x323f2423) sw      gp, 808(t5)
core   0: 3 0x80013cdc (0x323f2423) mem 0x80015000 0x00000001
core   0: 0x80013ce0 (0xff9ff06f) j       pc - 0x8
core   0: 3 0x80013ce0 (0xff9ff06f)
core   0: 0x80013cd8 (0x00001f17) auipc   t5, 0x1
core   0: 3 0x80013cd8 (0x00001f17) x30 0x80014cd8
core   0: 0x80013cdc (0x323f2423) sw      gp, 808(t5)
core   0: 3 0x80013cdc (0x323f2423) mem 0x80015000 0x00000001
core   0: 0x80013ce0 (0xff9ff06f) j       pc - 0x8
core   0: 3 0x80013ce0 (0xff9ff06f)
core   0: 0x80013cd8 (0x00001f17) auipc   t5, 0x1
core   0: 3 0x80013cd8 (0x00001f17) x30 0x80014cd8
core   0: 0x80013cdc (0x323f2423) sw      gp, 808(t5)
core   0: 3 0x80013cdc (0x323f2423) mem 0x80015000 0x00000001
core   0: 0x80013ce0 (0xff9ff06f) j       pc - 0x8
core   0: 3 0x80013ce0 (0xff9ff06f)
core   0: 0x80013cd8 (0x00001f17) auipc   t5, 0x1
core   0: 3 0x80013cd8 (0x00001f17) x30 0x80014cd8
core   0: 0x80013cdc (0x323f2423) sw      gp, 808(t5)
core   0: 3 0x80013cdc (0x323f2423) mem 0x80015000 0x00000001
core   0: 0x80013ce0 (0xff9ff06f) j       pc - 0x8
core   0: 3 0x80013ce0 (0xff9ff06f)
core   0: 0x80013cd8 (0x00001f17) auipc   t5, 0x1
core   0: 3 0x80013cd8 (0x00001f17) x30 0x80014cd8
core   0: 0x80013cdc (0x323f2423) sw      gp, 808(t5)
core   0: 3 0x80013cdc (0x323f2423) mem 0x80015000 0x00000001
core   0: 0x80013ce0 (0xff9ff06f) j       pc - 0x8
core   0: 3 0x80013ce0 (0xff9ff06f)
core   0: 0x80013cd8 (0x00001f17) auipc   t5, 0x1
core   0: 3 0x80013cd8 (0x00001f17) x30 0x80014cd8
core   0: 0x80013cdc (0x323f2423) sw      gp, 808(t5)
core   0: 3 0x80013cdc (0x323f2423) mem 0x80015000 0x00000001
core   0: 0x80013ce0 (0xff9ff06f) j       pc - 0x8
core   0: 3 0x80013ce0 (0xff9ff06f)
core   0: 0x80013cd8 (0x00001f17) auipc   t5, 0x1
core   0: 3 0x80013cd8 (0x00001f17) x30 0x80014cd8
core   0: 0x80013cdc (0x323f2423) sw      gp, 808(t5)
core   0: 3 0x80013cdc (0x323f2423) mem 0x80015000 0x00000001
core   0: 0x80013ce0 (0xff9ff06f) j       pc - 0x8
core   0: 3 0x80013ce0 (0xff9ff06f)
core   0: 0x80013cd8 (0x00001f17) auipc   t5, 0x1
core   0: 3 0x80013cd8 (0x00001f17) x30 0x80014cd8
core   0: 0x80013cdc (0x323f2423) sw      gp, 808(t5)
core   0: 3 0x80013cdc (0x323f2423) mem 0x80015000 0x00000001
core   0: 0x80013ce0 (0xff9ff06f) j       pc - 0x8
core   0: 3 0x80013ce0 (0xff9ff06f)
core   0: 0x80013cd8 (0x00001f17) auipc   t5, 0x1
core   0: 3 0x80013cd8 (0x00001f17) x30 0x80014cd8
core   0: 0x80013cdc (0x323f2423) sw      gp, 808(t5)
core   0: 3 0x80013cdc (0x323f2423) mem 0x80015000 0x00000001
core   0: 0x80013ce0 (0xff9ff06f) j       pc - 0x8
core   0: 3 0x80013ce0 (0xff9ff06f)
core   0: 0x80013cd8 (0x00001f17) auipc   t5, 0x1
core   0: 3 0x80013cd8 (0x00001f17) x30 0x80014cd8
core   0: 0x80013cdc (0x323f2423) sw      gp, 808(t5)
core   0: 3 0x80013cdc (0x323f2423) mem 0x80015000 0x00000001
core   0: 0x80013ce0 (0xff9ff06f) j       pc - 0x8
core   0: 3 0x80013ce0 (0xff9ff06f)
core   0: 0x80013cd8 (0x00001f17) auipc   t5, 0x1
core   0: 3 0x80013cd8 (0x00001f17) x30 0x80014cd8
core   0: 0x80013cdc (0x323f2423) sw      gp, 808(t5)
core   0: 3 0x80013cdc (0x323f2423) mem 0x80015000 0x00000001
core   0: 0x80013ce0 (0xff9ff06f) j       pc - 0x8
core   0: 3 0x80013ce0 (0xff9ff06f)
core   0: 0x80013cd8 (0x00001f17) auipc   t5, 0x1
core   0: 3 0x80013cd8 (0x00001f17) x30 0x80014cd8
core   0: 0x80013cdc (0x323f2423) sw      gp, 808(t5)
core   0: 3 0x80013cdc (0x323f2423) mem 0x80015000 0x00000001
core   0: 0x80013ce0 (0xff9ff06f) j       pc - 0x8
core   0: 3 0x80013ce0 (0xff9ff06f)
core   0: 0x80013cd8 (0x00001f17) auipc   t5, 0x1
core   0: 3 0x80013cd8 (0x00001f17) x30 0x80014cd8
core   0: 0x80013cdc (0x323f2423) sw      gp, 808(t5)
core   0: 3 0x80013cdc (0x323f2423) mem 0x80015000 0x00000001
core   0: 0x80013ce0 (0xff9ff06f) j       pc - 0x8
core   0: 3 0x80013ce0 (0xff9ff06f)
core   0: 0x80013cd8 (0x00001f17) auipc   t5, 0x1
core   0: 3 0x80013cd8 (0x00001f17) x30 0x80014cd8
core   0: 0x80013cdc (0x323f2423) sw      gp, 808(t5)
core   0: 3 0x80013cdc (0x323f2423) mem 0x80015000 0x00000001
core   0: 0x80013ce0 (0xff9ff06f) j       pc - 0x8
core   0: 3 0x80013ce0 (0xff9ff06f)
core   0: 0x80013cd8 (0x00001f17) auipc   t5, 0x1
core   0: 3 0x80013cd8 (0x00001f17) x30 0x80014cd8
core   0: 0x80013cdc (0x323f2423) sw      gp, 808(t5)
core   0: 3 0x80013cdc (0x323f2423) mem 0x80015000 0x00000001
core   0: 0x80013ce0 (0xff9ff06f) j       pc - 0x8
core   0: 3 0x80013ce0 (0xff9ff06f)
core   0: 0x80013cd8 (0x00001f17) auipc   t5, 0x1
core   0: 3 0x80013cd8 (0x00001f17) x30 0x80014cd8
core   0: 0x80013cdc (0x323f2423) sw      gp, 808(t5)
core   0: 3 0x80013cdc (0x323f2423) mem 0x80015000 0x00000001
core   0: 0x80013ce0 (0xff9ff06f) j       pc - 0x8
core   0: 3 0x80013ce0 (0xff9ff06f)
core   0: 0x80013cd8 (0x00001f17) auipc   t5, 0x1
core   0: 3 0x80013cd8 (0x00001f17) x30 0x80014cd8
core   0: 0x80013cdc (0x323f2423) sw      gp, 808(t5)
core   0: 3 0x80013cdc (0x323f2423) mem 0x80015000 0x00000001
core   0: 0x80013ce0 (0xff9ff06f) j       pc - 0x8
core   0: 3 0x80013ce0 (0xff9ff06f)
core   0: 0x80013cd8 (0x00001f17) auipc   t5, 0x1
core   0: 3 0x80013cd8 (0x00001f17) x30 0x80014cd8
core   0: 0x80013cdc (0x323f2423) sw      gp, 808(t5)
core   0: 3 0x80013cdc (0x323f2423) mem 0x80015000 0x00000001
core   0: 0x80013ce0 (0xff9ff06f) j       pc - 0x8
core   0: 3 0x80013ce0 (0xff9ff06f)
core   0: 0x80013cd8 (0x00001f17) auipc   t5, 0x1
core   0: 3 0x80013cd8 (0x00001f17) x30 0x80014cd8
core   0: 0x80013cdc (0x323f2423) sw      gp, 808(t5)
core   0: 3 0x80013cdc (0x323f2423) mem 0x80015000 0x00000001
core   0: 0x80013ce0 (0xff9ff06f) j       pc - 0x8
core   0: 3 0x80013ce0 (0xff9ff06f)
core   0: 0x80013cd8 (0x00001f17) auipc   t5, 0x1
core   0: 3 0x80013cd8 (0x00001f17) x30 0x80014cd8
core   0: 0x80013cdc (0x323f2423) sw      gp, 808(t5)
core   0: 3 0x80013cdc (0x323f2423) mem 0x80015000 0x00000001
core   0: 0x80013ce0 (0xff9ff06f) j       pc - 0x8
core   0: 3 0x80013ce0 (0xff9ff06f)
core   0: 0x80013cd8 (0x00001f17) auipc   t5, 0x1
core   0: 3 0x80013cd8 (0x00001f17) x30 0x80014cd8
core   0: 0x80013cdc (0x323f2423) sw      gp, 808(t5)
core   0: 3 0x80013cdc (0x323f2423) mem 0x80015000 0x00000001
core   0: 0x80013ce0 (0xff9ff06f) j       pc - 0x8
core   0: 3 0x80013ce0 (0xff9ff06f)
core   0: 0x80013cd8 (0x00001f17) auipc   t5, 0x1
core   0: 3 0x80013cd8 (0x00001f17) x30 0x80014cd8
core   0: 0x80013cdc (0x323f2423) sw      gp, 808(t5)
core   0: 3 0x80013cdc (0x323f2423) mem 0x80015000 0x00000001
core   0: 0x80013ce0 (0xff9ff06f) j       pc - 0x8
core   0: 3 0x80013ce0 (0xff9ff06f)
core   0: 0x80013cd8 (0x00001f17) auipc   t5, 0x1
core   0: 3 0x80013cd8 (0x00001f17) x30 0x80014cd8
core   0: 0x80013cdc (0x323f2423) sw      gp, 808(t5)
core   0: 3 0x80013cdc (0x323f2423) mem 0x80015000 0x00000001
core   0: 0x80013ce0 (0xff9ff06f) j       pc - 0x8
core   0: 3 0x80013ce0 (0xff9ff06f)
core   0: 0x80013cd8 (0x00001f17) auipc   t5, 0x1
core   0: 3 0x80013cd8 (0x00001f17) x30 0x80014cd8
core   0: 0x80013cdc (0x323f2423) sw      gp, 808(t5)
core   0: 3 0x80013cdc (0x323f2423) mem 0x80015000 0x00000001
core   0: 0x80013ce0 (0xff9ff06f) j       pc - 0x8
core   0: 3 0x80013ce0 (0xff9ff06f)
core   0: 0x80013cd8 (0x00001f17) auipc   t5, 0x1
core   0: 3 0x80013cd8 (0x00001f17) x30 0x80014cd8
core   0: 0x80013cdc (0x323f2423) sw      gp, 808(t5)
core   0: 3 0x80013cdc (0x323f2423) mem 0x80015000 0x00000001
core   0: 0x80013ce0 (0xff9ff06f) j       pc - 0x8
core   0: 3 0x80013ce0 (0xff9ff06f)
core   0: 0x80013cd8 (0x00001f17) auipc   t5, 0x1
core   0: 3 0x80013cd8 (0x00001f17) x30 0x80014cd8
core   0: 0x80013cdc (0x323f2423) sw      gp, 808(t5)
core   0: 3 0x80013cdc (0x323f2423) mem 0x80015000 0x00000001
core   0: 0x80013ce0 (0xff9ff06f) j       pc - 0x8
core   0: 3 0x80013ce0 (0xff9ff06f)
core   0: 0x80013cd8 (0x00001f17) auipc   t5, 0x1
core   0: 3 0x80013cd8 (0x00001f17) x30 0x80014cd8
core   0: 0x80013cdc (0x323f2423) sw      gp, 808(t5)
core   0: 3 0x80013cdc (0x323f2423) mem 0x80015000 0x00000001
core   0: 0x80013ce0 (0xff9ff06f) j       pc - 0x8
core   0: 3 0x80013ce0 (0xff9ff06f)
core   0: 0x80013cd8 (0x00001f17) auipc   t5, 0x1
core   0: 3 0x80013cd8 (0x00001f17) x30 0x80014cd8
core   0: 0x80013cdc (0x323f2423) sw      gp, 808(t5)
core   0: 3 0x80013cdc (0x323f2423) mem 0x80015000 0x00000001
core   0: 0x80013ce0 (0xff9ff06f) j       pc - 0x8
core   0: 3 0x80013ce0 (0xff9ff06f)
core   0: 0x80013cd8 (0x00001f17) auipc   t5, 0x1
core   0: 3 0x80013cd8 (0x00001f17) x30 0x80014cd8
core   0: 0x80013cdc (0x323f2423) sw      gp, 808(t5)
core   0: 3 0x80013cdc (0x323f2423) mem 0x80015000 0x00000001
core   0: 0x80013ce0 (0xff9ff06f) j       pc - 0x8
core   0: 3 0x80013ce0 (0xff9ff06f)
core   0: 0x80013cd8 (0x00001f17) auipc   t5, 0x1
core   0: 3 0x80013cd8 (0x00001f17) x30 0x80014cd8
core   0: 0x80013cdc (0x323f2423) sw      gp, 808(t5)
core   0: 3 0x80013cdc (0x323f2423) mem 0x80015000 0x00000001
core   0: 0x80013ce0 (0xff9ff06f) j       pc - 0x8
core   0: 3 0x80013ce0 (0xff9ff06f)
core   0: 0x80013cd8 (0x00001f17) auipc   t5, 0x1
core   0: 3 0x80013cd8 (0x00001f17) x30 0x80014cd8
core   0: 0x80013cdc (0x323f2423) sw      gp, 808(t5)
core   0: 3 0x80013cdc (0x323f2423) mem 0x80015000 0x00000001
core   0: 0x80013ce0 (0xff9ff06f) j       pc - 0x8
core   0: 3 0x80013ce0 (0xff9ff06f)
core   0: 0x80013cd8 (0x00001f17) auipc   t5, 0x1
core   0: 3 0x80013cd8 (0x00001f17) x30 0x80014cd8
core   0: 0x80013cdc (0x323f2423) sw      gp, 808(t5)
core   0: 3 0x80013cdc (0x323f2423) mem 0x80015000 0x00000001
core   0: 0x80013ce0 (0xff9ff06f) j       pc - 0x8
core   0: 3 0x80013ce0 (0xff9ff06f)
core   0: 0x80013cd8 (0x00001f17) auipc   t5, 0x1
core   0: 3 0x80013cd8 (0x00001f17) x30 0x80014cd8
core   0: 0x80013cdc (0x323f2423) sw      gp, 808(t5)
core   0: 3 0x80013cdc (0x323f2423) mem 0x80015000 0x00000001
core   0: 0x80013ce0 (0xff9ff06f) j       pc - 0x8
core   0: 3 0x80013ce0 (0xff9ff06f)
core   0: 0x80013cd8 (0x00001f17) auipc   t5, 0x1
core   0: 3 0x80013cd8 (0x00001f17) x30 0x80014cd8
core   0: 0x80013cdc (0x323f2423) sw      gp, 808(t5)
core   0: 3 0x80013cdc (0x323f2423) mem 0x80015000 0x00000001
core   0: 0x80013ce0 (0xff9ff06f) j       pc - 0x8
core   0: 3 0x80013ce0 (0xff9ff06f)
core   0: 0x80013cd8 (0x00001f17) auipc   t5, 0x1
core   0: 3 0x80013cd8 (0x00001f17) x30 0x80014cd8
core   0: 0x80013cdc (0x323f2423) sw      gp, 808(t5)
core   0: 3 0x80013cdc (0x323f2423) mem 0x80015000 0x00000001
core   0: 0x80013ce0 (0xff9ff06f) j       pc - 0x8
core   0: 3 0x80013ce0 (0xff9ff06f)
core   0: 0x80013cd8 (0x00001f17) auipc   t5, 0x1
core   0: 3 0x80013cd8 (0x00001f17) x30 0x80014cd8
core   0: 0x80013cdc (0x323f2423) sw      gp, 808(t5)
core   0: 3 0x80013cdc (0x323f2423) mem 0x80015000 0x00000001
core   0: 0x80013ce0 (0xff9ff06f) j       pc - 0x8
core   0: 3 0x80013ce0 (0xff9ff06f)
core   0: 0x80013cd8 (0x00001f17) auipc   t5, 0x1
core   0: 3 0x80013cd8 (0x00001f17) x30 0x80014cd8
core   0: 0x80013cdc (0x323f2423) sw      gp, 808(t5)
core   0: 3 0x80013cdc (0x323f2423) mem 0x80015000 0x00000001
core   0: 0x80013ce0 (0xff9ff06f) j       pc - 0x8
core   0: 3 0x80013ce0 (0xff9ff06f)
core   0: 0x80013cd8 (0x00001f17) auipc   t5, 0x1
core   0: 3 0x80013cd8 (0x00001f17) x30 0x80014cd8
core   0: 0x80013cdc (0x323f2423) sw      gp, 808(t5)
core   0: 3 0x80013cdc (0x323f2423) mem 0x80015000 0x00000001
core   0: 0x80013ce0 (0xff9ff06f) j       pc - 0x8
core   0: 3 0x80013ce0 (0xff9ff06f)
core   0: 0x80013cd8 (0x00001f17) auipc   t5, 0x1
core   0: 3 0x80013cd8 (0x00001f17) x30 0x80014cd8
core   0: 0x80013cdc (0x323f2423) sw      gp, 808(t5)
core   0: 3 0x80013cdc (0x323f2423) mem 0x80015000 0x00000001
core   0: 0x80013ce0 (0xff9ff06f) j       pc - 0x8
core   0: 3 0x80013ce0 (0xff9ff06f)
core   0: 0x80013cd8 (0x00001f17) auipc   t5, 0x1
core   0: 3 0x80013cd8 (0x00001f17) x30 0x80014cd8
core   0: 0x80013cdc (0x323f2423) sw      gp, 808(t5)
core   0: 3 0x80013cdc (0x323f2423) mem 0x80015000 0x00000001
core   0: 0x80013ce0 (0xff9ff06f) j       pc - 0x8
core   0: 3 0x80013ce0 (0xff9ff06f)
core   0: 0x80013cd8 (0x00001f17) auipc   t5, 0x1
core   0: 3 0x80013cd8 (0x00001f17) x30 0x80014cd8
core   0: 0x80013cdc (0x323f2423) sw      gp, 808(t5)
core   0: 3 0x80013cdc (0x323f2423) mem 0x80015000 0x00000001
core   0: 0x80013ce0 (0xff9ff06f) j       pc - 0x8
core   0: 3 0x80013ce0 (0xff9ff06f)
core   0: 0x80013cd8 (0x00001f17) auipc   t5, 0x1
core   0: 3 0x80013cd8 (0x00001f17) x30 0x80014cd8
core   0: 0x80013cdc (0x323f2423) sw      gp, 808(t5)
core   0: 3 0x80013cdc (0x323f2423) mem 0x80015000 0x00000001
core   0: 0x80013ce0 (0xff9ff06f) j       pc - 0x8
core   0: 3 0x80013ce0 (0xff9ff06f)
core   0: 0x80013cd8 (0x00001f17) auipc   t5, 0x1
core   0: 3 0x80013cd8 (0x00001f17) x30 0x80014cd8
core   0: 0x80013cdc (0x323f2423) sw      gp, 808(t5)
core   0: 3 0x80013cdc (0x323f2423) mem 0x80015000 0x00000001
core   0: 0x80013ce0 (0xff9ff06f) j       pc - 0x8
core   0: 3 0x80013ce0 (0xff9ff06f)
core   0: 0x80013cd8 (0x00001f17) auipc   t5, 0x1
core   0: 3 0x80013cd8 (0x00001f17) x30 0x80014cd8
core   0: 0x80013cdc (0x323f2423) sw      gp, 808(t5)
core   0: 3 0x80013cdc (0x323f2423) mem 0x80015000 0x00000001
core   0: 0x80013ce0 (0xff9ff06f) j       pc - 0x8
core   0: 3 0x80013ce0 (0xff9ff06f)
core   0: 0x80013cd8 (0x00001f17) auipc   t5, 0x1
core   0: 3 0x80013cd8 (0x00001f17) x30 0x80014cd8
core   0: 0x80013cdc (0x323f2423) sw      gp, 808(t5)
core   0: 3 0x80013cdc (0x323f2423) mem 0x80015000 0x00000001
core   0: 0x80013ce0 (0xff9ff06f) j       pc - 0x8
core   0: 3 0x80013ce0 (0xff9ff06f)
core   0: 0x80013cd8 (0x00001f17) auipc   t5, 0x1
core   0: 3 0x80013cd8 (0x00001f17) x30 0x80014cd8
core   0: 0x80013cdc (0x323f2423) sw      gp, 808(t5)
core   0: 3 0x80013cdc (0x323f2423) mem 0x80015000 0x00000001
core   0: 0x80013ce0 (0xff9ff06f) j       pc - 0x8
core   0: 3 0x80013ce0 (0xff9ff06f)
core   0: 0x80013cd8 (0x00001f17) auipc   t5, 0x1
core   0: 3 0x80013cd8 (0x00001f17) x30 0x80014cd8
core   0: 0x80013cdc (0x323f2423) sw      gp, 808(t5)
core   0: 3 0x80013cdc (0x323f2423) mem 0x80015000 0x00000001
core   0: 0x80013ce0 (0xff9ff06f) j       pc - 0x8
core   0: 3 0x80013ce0 (0xff9ff06f)
core   0: 0x80013cd8 (0x00001f17) auipc   t5, 0x1
core   0: 3 0x80013cd8 (0x00001f17) x30 0x80014cd8
core   0: 0x80013cdc (0x323f2423) sw      gp, 808(t5)
core   0: 3 0x80013cdc (0x323f2423) mem 0x80015000 0x00000001
core   0: 0x80013ce0 (0xff9ff06f) j       pc - 0x8
core   0: 3 0x80013ce0 (0xff9ff06f)
core   0: 0x80013cd8 (0x00001f17) auipc   t5, 0x1
core   0: 3 0x80013cd8 (0x00001f17) x30 0x80014cd8
core   0: 0x80013cdc (0x323f2423) sw      gp, 808(t5)
core   0: 3 0x80013cdc (0x323f2423) mem 0x80015000 0x00000001
core   0: 0x80013ce0 (0xff9ff06f) j       pc - 0x8
core   0: 3 0x80013ce0 (0xff9ff06f)
core   0: 0x80013cd8 (0x00001f17) auipc   t5, 0x1
core   0: 3 0x80013cd8 (0x00001f17) x30 0x80014cd8
core   0: 0x80013cdc (0x323f2423) sw      gp, 808(t5)
core   0: 3 0x80013cdc (0x323f2423) mem 0x80015000 0x00000001
core   0: 0x80013ce0 (0xff9ff06f) j       pc - 0x8
core   0: 3 0x80013ce0 (0xff9ff06f)
core   0: 0x80013cd8 (0x00001f17) auipc   t5, 0x1
core   0: 3 0x80013cd8 (0x00001f17) x30 0x80014cd8
core   0: 0x80013cdc (0x323f2423) sw      gp, 808(t5)
core   0: 3 0x80013cdc (0x323f2423) mem 0x80015000 0x00000001
core   0: 0x80013ce0 (0xff9ff06f) j       pc - 0x8
core   0: 3 0x80013ce0 (0xff9ff06f)
core   0: 0x80013cd8 (0x00001f17) auipc   t5, 0x1
core   0: 3 0x80013cd8 (0x00001f17) x30 0x80014cd8
core   0: 0x80013cdc (0x323f2423) sw      gp, 808(t5)
core   0: 3 0x80013cdc (0x323f2423) mem 0x80015000 0x00000001
core   0: 0x80013ce0 (0xff9ff06f) j       pc - 0x8
core   0: 3 0x80013ce0 (0xff9ff06f)
core   0: 0x80013cd8 (0x00001f17) auipc   t5, 0x1
core   0: 3 0x80013cd8 (0x00001f17) x30 0x80014cd8
core   0: 0x80013cdc (0x323f2423) sw      gp, 808(t5)
core   0: 3 0x80013cdc (0x323f2423) mem 0x80015000 0x00000001
core   0: 0x80013ce0 (0xff9ff06f) j       pc - 0x8
core   0: 3 0x80013ce0 (0xff9ff06f)
core   0: 0x80013cd8 (0x00001f17) auipc   t5, 0x1
core   0: 3 0x80013cd8 (0x00001f17) x30 0x80014cd8
core   0: 0x80013cdc (0x323f2423) sw      gp, 808(t5)
core   0: 3 0x80013cdc (0x323f2423) mem 0x80015000 0x00000001
core   0: 0x80013ce0 (0xff9ff06f) j       pc - 0x8
core   0: 3 0x80013ce0 (0xff9ff06f)
core   0: 0x80013cd8 (0x00001f17) auipc   t5, 0x1
core   0: 3 0x80013cd8 (0x00001f17) x30 0x80014cd8
core   0: 0x80013cdc (0x323f2423) sw      gp, 808(t5)
core   0: 3 0x80013cdc (0x323f2423) mem 0x80015000 0x00000001
core   0: 0x80013ce0 (0xff9ff06f) j       pc - 0x8
core   0: 3 0x80013ce0 (0xff9ff06f)
core   0: 0x80013cd8 (0x00001f17) auipc   t5, 0x1
core   0: 3 0x80013cd8 (0x00001f17) x30 0x80014cd8
core   0: 0x80013cdc (0x323f2423) sw      gp, 808(t5)
core   0: 3 0x80013cdc (0x323f2423) mem 0x80015000 0x00000001
core   0: 0x80013ce0 (0xff9ff06f) j       pc - 0x8
core   0: 3 0x80013ce0 (0xff9ff06f)
core   0: 0x80013cd8 (0x00001f17) auipc   t5, 0x1
core   0: 3 0x80013cd8 (0x00001f17) x30 0x80014cd8
core   0: 0x80013cdc (0x323f2423) sw      gp, 808(t5)
core   0: 3 0x80013cdc (0x323f2423) mem 0x80015000 0x00000001
core   0: 0x80013ce0 (0xff9ff06f) j       pc - 0x8
core   0: 3 0x80013ce0 (0xff9ff06f)
core   0: 0x80013cd8 (0x00001f17) auipc   t5, 0x1
core   0: 3 0x80013cd8 (0x00001f17) x30 0x80014cd8
core   0: 0x80013cdc (0x323f2423) sw      gp, 808(t5)
core   0: 3 0x80013cdc (0x323f2423) mem 0x80015000 0x00000001
core   0: 0x80013ce0 (0xff9ff06f) j       pc - 0x8
core   0: 3 0x80013ce0 (0xff9ff06f)
core   0: 0x80013cd8 (0x00001f17) auipc   t5, 0x1
core   0: 3 0x80013cd8 (0x00001f17) x30 0x80014cd8
core   0: 0x80013cdc (0x323f2423) sw      gp, 808(t5)
core   0: 3 0x80013cdc (0x323f2423) mem 0x80015000 0x00000001
core   0: 0x80013ce0 (0xff9ff06f) j       pc - 0x8
core   0: 3 0x80013ce0 (0xff9ff06f)
core   0: 0x80013cd8 (0x00001f17) auipc   t5, 0x1
core   0: 3 0x80013cd8 (0x00001f17) x30 0x80014cd8
core   0: 0x80013cdc (0x323f2423) sw      gp, 808(t5)
core   0: 3 0x80013cdc (0x323f2423) mem 0x80015000 0x00000001
core   0: 0x80013ce0 (0xff9ff06f) j       pc - 0x8
core   0: 3 0x80013ce0 (0xff9ff06f)
core   0: 0x80013cd8 (0x00001f17) auipc   t5, 0x1
core   0: 3 0x80013cd8 (0x00001f17) x30 0x80014cd8
core   0: 0x80013cdc (0x323f2423) sw      gp, 808(t5)
core   0: 3 0x80013cdc (0x323f2423) mem 0x80015000 0x00000001
core   0: 0x80013ce0 (0xff9ff06f) j       pc - 0x8
core   0: 3 0x80013ce0 (0xff9ff06f)
core   0: 0x80013cd8 (0x00001f17) auipc   t5, 0x1
core   0: 3 0x80013cd8 (0x00001f17) x30 0x80014cd8
core   0: 0x80013cdc (0x323f2423) sw      gp, 808(t5)
core   0: 3 0x80013cdc (0x323f2423) mem 0x80015000 0x00000001
core   0: 0x80013ce0 (0xff9ff06f) j       pc - 0x8
core   0: 3 0x80013ce0 (0xff9ff06f)
core   0: 0x80013cd8 (0x00001f17) auipc   t5, 0x1
core   0: 3 0x80013cd8 (0x00001f17) x30 0x80014cd8
core   0: 0x80013cdc (0x323f2423) sw      gp, 808(t5)
core   0: 3 0x80013cdc (0x323f2423) mem 0x80015000 0x00000001
core   0: 0x80013ce0 (0xff9ff06f) j       pc - 0x8
core   0: 3 0x80013ce0 (0xff9ff06f)
core   0: 0x80013cd8 (0x00001f17) auipc   t5, 0x1
core   0: 3 0x80013cd8 (0x00001f17) x30 0x80014cd8
core   0: 0x80013cdc (0x323f2423) sw      gp, 808(t5)
core   0: 3 0x80013cdc (0x323f2423) mem 0x80015000 0x00000001
core   0: 0x80013ce0 (0xff9ff06f) j       pc - 0x8
core   0: 3 0x80013ce0 (0xff9ff06f)
core   0: 0x80013cd8 (0x00001f17) auipc   t5, 0x1
core   0: 3 0x80013cd8 (0x00001f17) x30 0x80014cd8
core   0: 0x80013cdc (0x323f2423) sw      gp, 808(t5)
core   0: 3 0x80013cdc (0x323f2423) mem 0x80015000 0x00000001
core   0: 0x80013ce0 (0xff9ff06f) j       pc - 0x8
core   0: 3 0x80013ce0 (0xff9ff06f)
core   0: 0x80013cd8 (0x00001f17) auipc   t5, 0x1
core   0: 3 0x80013cd8 (0x00001f17) x30 0x80014cd8
core   0: 0x80013cdc (0x323f2423) sw      gp, 808(t5)
core   0: 3 0x80013cdc (0x323f2423) mem 0x80015000 0x00000001
core   0: 0x80013ce0 (0xff9ff06f) j       pc - 0x8
core   0: 3 0x80013ce0 (0xff9ff06f)
core   0: 0x80013cd8 (0x00001f17) auipc   t5, 0x1
core   0: 3 0x80013cd8 (0x00001f17) x30 0x80014cd8
core   0: 0x80013cdc (0x323f2423) sw      gp, 808(t5)
core   0: 3 0x80013cdc (0x323f2423) mem 0x80015000 0x00000001
core   0: 0x80013ce0 (0xff9ff06f) j       pc - 0x8
core   0: 3 0x80013ce0 (0xff9ff06f)
core   0: 0x80013cd8 (0x00001f17) auipc   t5, 0x1
core   0: 3 0x80013cd8 (0x00001f17) x30 0x80014cd8
core   0: 0x80013cdc (0x323f2423) sw      gp, 808(t5)
core   0: 3 0x80013cdc (0x323f2423) mem 0x80015000 0x00000001
core   0: 0x80013ce0 (0xff9ff06f) j       pc - 0x8
core   0: 3 0x80013ce0 (0xff9ff06f)
core   0: 0x80013cd8 (0x00001f17) auipc   t5, 0x1
core   0: 3 0x80013cd8 (0x00001f17) x30 0x80014cd8
core   0: 0x80013cdc (0x323f2423) sw      gp, 808(t5)
core   0: 3 0x80013cdc (0x323f2423) mem 0x80015000 0x00000001
core   0: 0x80013ce0 (0xff9ff06f) j       pc - 0x8
core   0: 3 0x80013ce0 (0xff9ff06f)
core   0: 0x80013cd8 (0x00001f17) auipc   t5, 0x1
core   0: 3 0x80013cd8 (0x00001f17) x30 0x80014cd8
core   0: 0x80013cdc (0x323f2423) sw      gp, 808(t5)
core   0: 3 0x80013cdc (0x323f2423) mem 0x80015000 0x00000001
core   0: 0x80013ce0 (0xff9ff06f) j       pc - 0x8
core   0: 3 0x80013ce0 (0xff9ff06f)
core   0: 0x80013cd8 (0x00001f17) auipc   t5, 0x1
core   0: 3 0x80013cd8 (0x00001f17) x30 0x80014cd8
core   0: 0x80013cdc (0x323f2423) sw      gp, 808(t5)
core   0: 3 0x80013cdc (0x323f2423) mem 0x80015000 0x00000001
core   0: 0x80013ce0 (0xff9ff06f) j       pc - 0x8
core   0: 3 0x80013ce0 (0xff9ff06f)
core   0: 0x80013cd8 (0x00001f17) auipc   t5, 0x1
core   0: 3 0x80013cd8 (0x00001f17) x30 0x80014cd8
core   0: 0x80013cdc (0x323f2423) sw      gp, 808(t5)
core   0: 3 0x80013cdc (0x323f2423) mem 0x80015000 0x00000001
core   0: 0x80013ce0 (0xff9ff06f) j       pc - 0x8
core   0: 3 0x80013ce0 (0xff9ff06f)
core   0: 0x80013cd8 (0x00001f17) auipc   t5, 0x1
core   0: 3 0x80013cd8 (0x00001f17) x30 0x80014cd8
core   0: 0x80013cdc (0x323f2423) sw      gp, 808(t5)
core   0: 3 0x80013cdc (0x323f2423) mem 0x80015000 0x00000001
core   0: 0x80013ce0 (0xff9ff06f) j       pc - 0x8
core   0: 3 0x80013ce0 (0xff9ff06f)
core   0: 0x80013cd8 (0x00001f17) auipc   t5, 0x1
core   0: 3 0x80013cd8 (0x00001f17) x30 0x80014cd8
core   0: 0x80013cdc (0x323f2423) sw      gp, 808(t5)
core   0: 3 0x80013cdc (0x323f2423) mem 0x80015000 0x00000001
core   0: 0x80013ce0 (0xff9ff06f) j       pc - 0x8
core   0: 3 0x80013ce0 (0xff9ff06f)
core   0: 0x80013cd8 (0x00001f17) auipc   t5, 0x1
core   0: 3 0x80013cd8 (0x00001f17) x30 0x80014cd8
core   0: 0x80013cdc (0x323f2423) sw      gp, 808(t5)
core   0: 3 0x80013cdc (0x323f2423) mem 0x80015000 0x00000001
core   0: 0x80013ce0 (0xff9ff06f) j       pc - 0x8
core   0: 3 0x80013ce0 (0xff9ff06f)
core   0: 0x80013cd8 (0x00001f17) auipc   t5, 0x1
core   0: 3 0x80013cd8 (0x00001f17) x30 0x80014cd8
core   0: 0x80013cdc (0x323f2423) sw      gp, 808(t5)
core   0: 3 0x80013cdc (0x323f2423) mem 0x80015000 0x00000001
core   0: 0x80013ce0 (0xff9ff06f) j       pc - 0x8
core   0: 3 0x80013ce0 (0xff9ff06f)
core   0: 0x80013cd8 (0x00001f17) auipc   t5, 0x1
core   0: 3 0x80013cd8 (0x00001f17) x30 0x80014cd8
core   0: 0x80013cdc (0x323f2423) sw      gp, 808(t5)
core   0: 3 0x80013cdc (0x323f2423) mem 0x80015000 0x00000001
core   0: 0x80013ce0 (0xff9ff06f) j       pc - 0x8
core   0: 3 0x80013ce0 (0xff9ff06f)
core   0: 0x80013cd8 (0x00001f17) auipc   t5, 0x1
core   0: 3 0x80013cd8 (0x00001f17) x30 0x80014cd8
core   0: 0x80013cdc (0x323f2423) sw      gp, 808(t5)
core   0: 3 0x80013cdc (0x323f2423) mem 0x80015000 0x00000001
core   0: 0x80013ce0 (0xff9ff06f) j       pc - 0x8
core   0: 3 0x80013ce0 (0xff9ff06f)
core   0: 0x80013cd8 (0x00001f17) auipc   t5, 0x1
core   0: 3 0x80013cd8 (0x00001f17) x30 0x80014cd8
core   0: 0x80013cdc (0x323f2423) sw      gp, 808(t5)
core   0: 3 0x80013cdc (0x323f2423) mem 0x80015000 0x00000001
core   0: 0x80013ce0 (0xff9ff06f) j       pc - 0x8
core   0: 3 0x80013ce0 (0xff9ff06f)
core   0: 0x80013cd8 (0x00001f17) auipc   t5, 0x1
core   0: 3 0x80013cd8 (0x00001f17) x30 0x80014cd8
core   0: 0x80013cdc (0x323f2423) sw      gp, 808(t5)
core   0: 3 0x80013cdc (0x323f2423) mem 0x80015000 0x00000001
core   0: 0x80013ce0 (0xff9ff06f) j       pc - 0x8
core   0: 3 0x80013ce0 (0xff9ff06f)
core   0: 0x80013cd8 (0x00001f17) auipc   t5, 0x1
core   0: 3 0x80013cd8 (0x00001f17) x30 0x80014cd8
core   0: 0x80013cdc (0x323f2423) sw      gp, 808(t5)
core   0: 3 0x80013cdc (0x323f2423) mem 0x80015000 0x00000001
core   0: 0x80013ce0 (0xff9ff06f) j       pc - 0x8
core   0: 3 0x80013ce0 (0xff9ff06f)
core   0: 0x80013cd8 (0x00001f17) auipc   t5, 0x1
core   0: 3 0x80013cd8 (0x00001f17) x30 0x80014cd8
core   0: 0x80013cdc (0x323f2423) sw      gp, 808(t5)
core   0: 3 0x80013cdc (0x323f2423) mem 0x80015000 0x00000001
core   0: 0x80013ce0 (0xff9ff06f) j       pc - 0x8
core   0: 3 0x80013ce0 (0xff9ff06f)
core   0: 0x80013cd8 (0x00001f17) auipc   t5, 0x1
core   0: 3 0x80013cd8 (0x00001f17) x30 0x80014cd8
core   0: 0x80013cdc (0x323f2423) sw      gp, 808(t5)
core   0: 3 0x80013cdc (0x323f2423) mem 0x80015000 0x00000001
core   0: 0x80013ce0 (0xff9ff06f) j       pc - 0x8
core   0: 3 0x80013ce0 (0xff9ff06f)
core   0: 0x80013cd8 (0x00001f17) auipc   t5, 0x1
core   0: 3 0x80013cd8 (0x00001f17) x30 0x80014cd8
core   0: 0x80013cdc (0x323f2423) sw      gp, 808(t5)
core   0: 3 0x80013cdc (0x323f2423) mem 0x80015000 0x00000001
core   0: 0x80013ce0 (0xff9ff06f) j       pc - 0x8
core   0: 3 0x80013ce0 (0xff9ff06f)
core   0: 0x80013cd8 (0x00001f17) auipc   t5, 0x1
core   0: 3 0x80013cd8 (0x00001f17) x30 0x80014cd8
core   0: 0x80013cdc (0x323f2423) sw      gp, 808(t5)
core   0: 3 0x80013cdc (0x323f2423) mem 0x80015000 0x00000001
core   0: 0x80013ce0 (0xff9ff06f) j       pc - 0x8
core   0: 3 0x80013ce0 (0xff9ff06f)
core   0: 0x80013cd8 (0x00001f17) auipc   t5, 0x1
core   0: 3 0x80013cd8 (0x00001f17) x30 0x80014cd8
core   0: 0x80013cdc (0x323f2423) sw      gp, 808(t5)
core   0: 3 0x80013cdc (0x323f2423) mem 0x80015000 0x00000001
core   0: 0x80013ce0 (0xff9ff06f) j       pc - 0x8
core   0: 3 0x80013ce0 (0xff9ff06f)
core   0: 0x80013cd8 (0x00001f17) auipc   t5, 0x1
core   0: 3 0x80013cd8 (0x00001f17) x30 0x80014cd8
core   0: 0x80013cdc (0x323f2423) sw      gp, 808(t5)
core   0: 3 0x80013cdc (0x323f2423) mem 0x80015000 0x00000001
core   0: 0x80013ce0 (0xff9ff06f) j       pc - 0x8
core   0: 3 0x80013ce0 (0xff9ff06f)
core   0: 0x80013cd8 (0x00001f17) auipc   t5, 0x1
core   0: 3 0x80013cd8 (0x00001f17) x30 0x80014cd8
core   0: 0x80013cdc (0x323f2423) sw      gp, 808(t5)
core   0: 3 0x80013cdc (0x323f2423) mem 0x80015000 0x00000001
core   0: 0x80013ce0 (0xff9ff06f) j       pc - 0x8
core   0: 3 0x80013ce0 (0xff9ff06f)
core   0: 0x80013cd8 (0x00001f17) auipc   t5, 0x1
core   0: 3 0x80013cd8 (0x00001f17) x30 0x80014cd8
core   0: 0x80013cdc (0x323f2423) sw      gp, 808(t5)
core   0: 3 0x80013cdc (0x323f2423) mem 0x80015000 0x00000001
core   0: 0x80013ce0 (0xff9ff06f) j       pc - 0x8
core   0: 3 0x80013ce0 (0xff9ff06f)
core   0: 0x80013cd8 (0x00001f17) auipc   t5, 0x1
core   0: 3 0x80013cd8 (0x00001f17) x30 0x80014cd8
core   0: 0x80013cdc (0x323f2423) sw      gp, 808(t5)
core   0: 3 0x80013cdc (0x323f2423) mem 0x80015000 0x00000001
core   0: 0x80013ce0 (0xff9ff06f) j       pc - 0x8
core   0: 3 0x80013ce0 (0xff9ff06f)
core   0: 0x80013cd8 (0x00001f17) auipc   t5, 0x1
core   0: 3 0x80013cd8 (0x00001f17) x30 0x80014cd8
core   0: 0x80013cdc (0x323f2423) sw      gp, 808(t5)
core   0: 3 0x80013cdc (0x323f2423) mem 0x80015000 0x00000001
core   0: 0x80013ce0 (0xff9ff06f) j       pc - 0x8
core   0: 3 0x80013ce0 (0xff9ff06f)
core   0: 0x80013cd8 (0x00001f17) auipc   t5, 0x1
core   0: 3 0x80013cd8 (0x00001f17) x30 0x80014cd8
core   0: 0x80013cdc (0x323f2423) sw      gp, 808(t5)
core   0: 3 0x80013cdc (0x323f2423) mem 0x80015000 0x00000001
core   0: 0x80013ce0 (0xff9ff06f) j       pc - 0x8
core   0: 3 0x80013ce0 (0xff9ff06f)
core   0: 0x80013cd8 (0x00001f17) auipc   t5, 0x1
core   0: 3 0x80013cd8 (0x00001f17) x30 0x80014cd8
core   0: 0x80013cdc (0x323f2423) sw      gp, 808(t5)
core   0: 3 0x80013cdc (0x323f2423) mem 0x80015000 0x00000001
core   0: 0x80013ce0 (0xff9ff06f) j       pc - 0x8
core   0: 3 0x80013ce0 (0xff9ff06f)
core   0: 0x80013cd8 (0x00001f17) auipc   t5, 0x1
core   0: 3 0x80013cd8 (0x00001f17) x30 0x80014cd8
core   0: 0x80013cdc (0x323f2423) sw      gp, 808(t5)
core   0: 3 0x80013cdc (0x323f2423) mem 0x80015000 0x00000001
core   0: 0x80013ce0 (0xff9ff06f) j       pc - 0x8
core   0: 3 0x80013ce0 (0xff9ff06f)
core   0: 0x80013cd8 (0x00001f17) auipc   t5, 0x1
core   0: 3 0x80013cd8 (0x00001f17) x30 0x80014cd8
core   0: 0x80013cdc (0x323f2423) sw      gp, 808(t5)
core   0: 3 0x80013cdc (0x323f2423) mem 0x80015000 0x00000001
core   0: 0x80013ce0 (0xff9ff06f) j       pc - 0x8
core   0: 3 0x80013ce0 (0xff9ff06f)
core   0: 0x80013cd8 (0x00001f17) auipc   t5, 0x1
core   0: 3 0x80013cd8 (0x00001f17) x30 0x80014cd8
core   0: 0x80013cdc (0x323f2423) sw      gp, 808(t5)
core   0: 3 0x80013cdc (0x323f2423) mem 0x80015000 0x00000001
core   0: 0x80013ce0 (0xff9ff06f) j       pc - 0x8
core   0: 3 0x80013ce0 (0xff9ff06f)
core   0: 0x80013cd8 (0x00001f17) auipc   t5, 0x1
core   0: 3 0x80013cd8 (0x00001f17) x30 0x80014cd8
core   0: 0x80013cdc (0x323f2423) sw      gp, 808(t5)
core   0: 3 0x80013cdc (0x323f2423) mem 0x80015000 0x00000001
core   0: 0x80013ce0 (0xff9ff06f) j       pc - 0x8
core   0: 3 0x80013ce0 (0xff9ff06f)
core   0: 0x80013cd8 (0x00001f17) auipc   t5, 0x1
core   0: 3 0x80013cd8 (0x00001f17) x30 0x80014cd8
core   0: 0x80013cdc (0x323f2423) sw      gp, 808(t5)
core   0: 3 0x80013cdc (0x323f2423) mem 0x80015000 0x00000001
core   0: 0x80013ce0 (0xff9ff06f) j       pc - 0x8
core   0: 3 0x80013ce0 (0xff9ff06f)
core   0: 0x80013cd8 (0x00001f17) auipc   t5, 0x1
core   0: 3 0x80013cd8 (0x00001f17) x30 0x80014cd8
core   0: 0x80013cdc (0x323f2423) sw      gp, 808(t5)
core   0: 3 0x80013cdc (0x323f2423) mem 0x80015000 0x00000001
core   0: 0x80013ce0 (0xff9ff06f) j       pc - 0x8
core   0: 3 0x80013ce0 (0xff9ff06f)
core   0: 0x80013cd8 (0x00001f17) auipc   t5, 0x1
core   0: 3 0x80013cd8 (0x00001f17) x30 0x80014cd8
core   0: 0x80013cdc (0x323f2423) sw      gp, 808(t5)
core   0: 3 0x80013cdc (0x323f2423) mem 0x80015000 0x00000001
core   0: 0x80013ce0 (0xff9ff06f) j       pc - 0x8
core   0: 3 0x80013ce0 (0xff9ff06f)
core   0: 0x80013cd8 (0x00001f17) auipc   t5, 0x1
core   0: 3 0x80013cd8 (0x00001f17) x30 0x80014cd8
core   0: 0x80013cdc (0x323f2423) sw      gp, 808(t5)
core   0: 3 0x80013cdc (0x323f2423) mem 0x80015000 0x00000001
core   0: 0x80013ce0 (0xff9ff06f) j       pc - 0x8
core   0: 3 0x80013ce0 (0xff9ff06f)
core   0: 0x80013cd8 (0x00001f17) auipc   t5, 0x1
core   0: 3 0x80013cd8 (0x00001f17) x30 0x80014cd8
core   0: 0x80013cdc (0x323f2423) sw      gp, 808(t5)
core   0: 3 0x80013cdc (0x323f2423) mem 0x80015000 0x00000001
core   0: 0x80013ce0 (0xff9ff06f) j       pc - 0x8
core   0: 3 0x80013ce0 (0xff9ff06f)
core   0: 0x80013cd8 (0x00001f17) auipc   t5, 0x1
core   0: 3 0x80013cd8 (0x00001f17) x30 0x80014cd8
core   0: 0x80013cdc (0x323f2423) sw      gp, 808(t5)
core   0: 3 0x80013cdc (0x323f2423) mem 0x80015000 0x00000001
core   0: 0x80013ce0 (0xff9ff06f) j       pc - 0x8
core   0: 3 0x80013ce0 (0xff9ff06f)
core   0: 0x80013cd8 (0x00001f17) auipc   t5, 0x1
core   0: 3 0x80013cd8 (0x00001f17) x30 0x80014cd8
core   0: 0x80013cdc (0x323f2423) sw      gp, 808(t5)
core   0: 3 0x80013cdc (0x323f2423) mem 0x80015000 0x00000001
core   0: 0x80013ce0 (0xff9ff06f) j       pc - 0x8
core   0: 3 0x80013ce0 (0xff9ff06f)
core   0: 0x80013cd8 (0x00001f17) auipc   t5, 0x1
core   0: 3 0x80013cd8 (0x00001f17) x30 0x80014cd8
core   0: 0x80013cdc (0x323f2423) sw      gp, 808(t5)
core   0: 3 0x80013cdc (0x323f2423) mem 0x80015000 0x00000001
core   0: 0x80013ce0 (0xff9ff06f) j       pc - 0x8
core   0: 3 0x80013ce0 (0xff9ff06f)
core   0: 0x80013cd8 (0x00001f17) auipc   t5, 0x1
core   0: 3 0x80013cd8 (0x00001f17) x30 0x80014cd8
core   0: 0x80013cdc (0x323f2423) sw      gp, 808(t5)
core   0: 3 0x80013cdc (0x323f2423) mem 0x80015000 0x00000001
core   0: 0x80013ce0 (0xff9ff06f) j       pc - 0x8
core   0: 3 0x80013ce0 (0xff9ff06f)
core   0: 0x80013cd8 (0x00001f17) auipc   t5, 0x1
core   0: 3 0x80013cd8 (0x00001f17) x30 0x80014cd8
core   0: 0x80013cdc (0x323f2423) sw      gp, 808(t5)
core   0: 3 0x80013cdc (0x323f2423) mem 0x80015000 0x00000001
core   0: 0x80013ce0 (0xff9ff06f) j       pc - 0x8
core   0: 3 0x80013ce0 (0xff9ff06f)
core   0: 0x80013cd8 (0x00001f17) auipc   t5, 0x1
core   0: 3 0x80013cd8 (0x00001f17) x30 0x80014cd8
core   0: 0x80013cdc (0x323f2423) sw      gp, 808(t5)
core   0: 3 0x80013cdc (0x323f2423) mem 0x80015000 0x00000001
core   0: 0x80013ce0 (0xff9ff06f) j       pc - 0x8
core   0: 3 0x80013ce0 (0xff9ff06f)
core   0: 0x80013cd8 (0x00001f17) auipc   t5, 0x1
core   0: 3 0x80013cd8 (0x00001f17) x30 0x80014cd8
core   0: 0x80013cdc (0x323f2423) sw      gp, 808(t5)
core   0: 3 0x80013cdc (0x323f2423) mem 0x80015000 0x00000001
core   0: 0x80013ce0 (0xff9ff06f) j       pc - 0x8
core   0: 3 0x80013ce0 (0xff9ff06f)
core   0: 0x80013cd8 (0x00001f17) auipc   t5, 0x1
core   0: 3 0x80013cd8 (0x00001f17) x30 0x80014cd8
core   0: 0x80013cdc (0x323f2423) sw      gp, 808(t5)
core   0: 3 0x80013cdc (0x323f2423) mem 0x80015000 0x00000001
core   0: 0x80013ce0 (0xff9ff06f) j       pc - 0x8
core   0: 3 0x80013ce0 (0xff9ff06f)
core   0: 0x80013cd8 (0x00001f17) auipc   t5, 0x1
core   0: 3 0x80013cd8 (0x00001f17) x30 0x80014cd8
core   0: 0x80013cdc (0x323f2423) sw      gp, 808(t5)
core   0: 3 0x80013cdc (0x323f2423) mem 0x80015000 0x00000001
core   0: 0x80013ce0 (0xff9ff06f) j       pc - 0x8
core   0: 3 0x80013ce0 (0xff9ff06f)
core   0: 0x80013cd8 (0x00001f17) auipc   t5, 0x1
core   0: 3 0x80013cd8 (0x00001f17) x30 0x80014cd8
core   0: 0x80013cdc (0x323f2423) sw      gp, 808(t5)
core   0: 3 0x80013cdc (0x323f2423) mem 0x80015000 0x00000001
core   0: 0x80013ce0 (0xff9ff06f) j       pc - 0x8
core   0: 3 0x80013ce0 (0xff9ff06f)
core   0: 0x80013cd8 (0x00001f17) auipc   t5, 0x1
core   0: 3 0x80013cd8 (0x00001f17) x30 0x80014cd8
core   0: 0x80013cdc (0x323f2423) sw      gp, 808(t5)
core   0: 3 0x80013cdc (0x323f2423) mem 0x80015000 0x00000001
core   0: 0x80013ce0 (0xff9ff06f) j       pc - 0x8
core   0: 3 0x80013ce0 (0xff9ff06f)
core   0: 0x80013cd8 (0x00001f17) auipc   t5, 0x1
core   0: 3 0x80013cd8 (0x00001f17) x30 0x80014cd8
core   0: 0x80013cdc (0x323f2423) sw      gp, 808(t5)
core   0: 3 0x80013cdc (0x323f2423) mem 0x80015000 0x00000001
core   0: 0x80013ce0 (0xff9ff06f) j       pc - 0x8
core   0: 3 0x80013ce0 (0xff9ff06f)
core   0: 0x80013cd8 (0x00001f17) auipc   t5, 0x1
core   0: 3 0x80013cd8 (0x00001f17) x30 0x80014cd8
core   0: 0x80013cdc (0x323f2423) sw      gp, 808(t5)
core   0: 3 0x80013cdc (0x323f2423) mem 0x80015000 0x00000001
core   0: 0x80013ce0 (0xff9ff06f) j       pc - 0x8
core   0: 3 0x80013ce0 (0xff9ff06f)
core   0: 0x80013cd8 (0x00001f17) auipc   t5, 0x1
core   0: 3 0x80013cd8 (0x00001f17) x30 0x80014cd8
core   0: 0x80013cdc (0x323f2423) sw      gp, 808(t5)
core   0: 3 0x80013cdc (0x323f2423) mem 0x80015000 0x00000001
core   0: 0x80013ce0 (0xff9ff06f) j       pc - 0x8
core   0: 3 0x80013ce0 (0xff9ff06f)
core   0: 0x80013cd8 (0x00001f17) auipc   t5, 0x1
core   0: 3 0x80013cd8 (0x00001f17) x30 0x80014cd8
core   0: 0x80013cdc (0x323f2423) sw      gp, 808(t5)
core   0: 3 0x80013cdc (0x323f2423) mem 0x80015000 0x00000001
core   0: 0x80013ce0 (0xff9ff06f) j       pc - 0x8
core   0: 3 0x80013ce0 (0xff9ff06f)
core   0: 0x80013cd8 (0x00001f17) auipc   t5, 0x1
core   0: 3 0x80013cd8 (0x00001f17) x30 0x80014cd8
core   0: 0x80013cdc (0x323f2423) sw      gp, 808(t5)
core   0: 3 0x80013cdc (0x323f2423) mem 0x80015000 0x00000001
core   0: 0x80013ce0 (0xff9ff06f) j       pc - 0x8
core   0: 3 0x80013ce0 (0xff9ff06f)
core   0: 0x80013cd8 (0x00001f17) auipc   t5, 0x1
core   0: 3 0x80013cd8 (0x00001f17) x30 0x80014cd8
core   0: 0x80013cdc (0x323f2423) sw      gp, 808(t5)
core   0: 3 0x80013cdc (0x323f2423) mem 0x80015000 0x00000001
core   0: 0x80013ce0 (0xff9ff06f) j       pc - 0x8
core   0: 3 0x80013ce0 (0xff9ff06f)
core   0: 0x80013cd8 (0x00001f17) auipc   t5, 0x1
core   0: 3 0x80013cd8 (0x00001f17) x30 0x80014cd8
core   0: 0x80013cdc (0x323f2423) sw      gp, 808(t5)
core   0: 3 0x80013cdc (0x323f2423) mem 0x80015000 0x00000001
core   0: 0x80013ce0 (0xff9ff06f) j       pc - 0x8
core   0: 3 0x80013ce0 (0xff9ff06f)
core   0: 0x80013cd8 (0x00001f17) auipc   t5, 0x1
core   0: 3 0x80013cd8 (0x00001f17) x30 0x80014cd8
core   0: 0x80013cdc (0x323f2423) sw      gp, 808(t5)
core   0: 3 0x80013cdc (0x323f2423) mem 0x80015000 0x00000001
core   0: 0x80013ce0 (0xff9ff06f) j       pc - 0x8
core   0: 3 0x80013ce0 (0xff9ff06f)
core   0: 0x80013cd8 (0x00001f17) auipc   t5, 0x1
core   0: 3 0x80013cd8 (0x00001f17) x30 0x80014cd8
core   0: 0x80013cdc (0x323f2423) sw      gp, 808(t5)
core   0: 3 0x80013cdc (0x323f2423) mem 0x80015000 0x00000001
core   0: 0x80013ce0 (0xff9ff06f) j       pc - 0x8
core   0: 3 0x80013ce0 (0xff9ff06f)
core   0: 0x80013cd8 (0x00001f17) auipc   t5, 0x1
core   0: 3 0x80013cd8 (0x00001f17) x30 0x80014cd8
core   0: 0x80013cdc (0x323f2423) sw      gp, 808(t5)
core   0: 3 0x80013cdc (0x323f2423) mem 0x80015000 0x00000001
core   0: 0x80013ce0 (0xff9ff06f) j       pc - 0x8
core   0: 3 0x80013ce0 (0xff9ff06f)
core   0: 0x80013cd8 (0x00001f17) auipc   t5, 0x1
core   0: 3 0x80013cd8 (0x00001f17) x30 0x80014cd8
core   0: 0x80013cdc (0x323f2423) sw      gp, 808(t5)
core   0: 3 0x80013cdc (0x323f2423) mem 0x80015000 0x00000001
core   0: 0x80013ce0 (0xff9ff06f) j       pc - 0x8
core   0: 3 0x80013ce0 (0xff9ff06f)
core   0: 0x80013cd8 (0x00001f17) auipc   t5, 0x1
core   0: 3 0x80013cd8 (0x00001f17) x30 0x80014cd8
core   0: 0x80013cdc (0x323f2423) sw      gp, 808(t5)
core   0: 3 0x80013cdc (0x323f2423) mem 0x80015000 0x00000001
core   0: 0x80013ce0 (0xff9ff06f) j       pc - 0x8
core   0: 3 0x80013ce0 (0xff9ff06f)
core   0: 0x80013cd8 (0x00001f17) auipc   t5, 0x1
core   0: 3 0x80013cd8 (0x00001f17) x30 0x80014cd8
core   0: 0x80013cdc (0x323f2423) sw      gp, 808(t5)
core   0: 3 0x80013cdc (0x323f2423) mem 0x80015000 0x00000001
core   0: 0x80013ce0 (0xff9ff06f) j       pc - 0x8
core   0: 3 0x80013ce0 (0xff9ff06f)
core   0: 0x80013cd8 (0x00001f17) auipc   t5, 0x1
core   0: 3 0x80013cd8 (0x00001f17) x30 0x80014cd8
core   0: 0x80013cdc (0x323f2423) sw      gp, 808(t5)
core   0: 3 0x80013cdc (0x323f2423) mem 0x80015000 0x00000001
core   0: 0x80013ce0 (0xff9ff06f) j       pc - 0x8
core   0: 3 0x80013ce0 (0xff9ff06f)
core   0: 0x80013cd8 (0x00001f17) auipc   t5, 0x1
core   0: 3 0x80013cd8 (0x00001f17) x30 0x80014cd8
core   0: 0x80013cdc (0x323f2423) sw      gp, 808(t5)
core   0: 3 0x80013cdc (0x323f2423) mem 0x80015000 0x00000001
core   0: 0x80013ce0 (0xff9ff06f) j       pc - 0x8
core   0: 3 0x80013ce0 (0xff9ff06f)
core   0: 0x80013cd8 (0x00001f17) auipc   t5, 0x1
core   0: 3 0x80013cd8 (0x00001f17) x30 0x80014cd8
core   0: 0x80013cdc (0x323f2423) sw      gp, 808(t5)
core   0: 3 0x80013cdc (0x323f2423) mem 0x80015000 0x00000001
core   0: 0x80013ce0 (0xff9ff06f) j       pc - 0x8
core   0: 3 0x80013ce0 (0xff9ff06f)
core   0: 0x80013cd8 (0x00001f17) auipc   t5, 0x1
core   0: 3 0x80013cd8 (0x00001f17) x30 0x80014cd8
core   0: 0x80013cdc (0x323f2423) sw      gp, 808(t5)
core   0: 3 0x80013cdc (0x323f2423) mem 0x80015000 0x00000001
core   0: 0x80013ce0 (0xff9ff06f) j       pc - 0x8
core   0: 3 0x80013ce0 (0xff9ff06f)
core   0: 0x80013cd8 (0x00001f17) auipc   t5, 0x1
core   0: 3 0x80013cd8 (0x00001f17) x30 0x80014cd8
core   0: 0x80013cdc (0x323f2423) sw      gp, 808(t5)
core   0: 3 0x80013cdc (0x323f2423) mem 0x80015000 0x00000001
core   0: 0x80013ce0 (0xff9ff06f) j       pc - 0x8
core   0: 3 0x80013ce0 (0xff9ff06f)
core   0: 0x80013cd8 (0x00001f17) auipc   t5, 0x1
core   0: 3 0x80013cd8 (0x00001f17) x30 0x80014cd8
core   0: 0x80013cdc (0x323f2423) sw      gp, 808(t5)
core   0: 3 0x80013cdc (0x323f2423) mem 0x80015000 0x00000001
core   0: 0x80013ce0 (0xff9ff06f) j       pc - 0x8
core   0: 3 0x80013ce0 (0xff9ff06f)
core   0: 0x80013cd8 (0x00001f17) auipc   t5, 0x1
core   0: 3 0x80013cd8 (0x00001f17) x30 0x80014cd8
core   0: 0x80013cdc (0x323f2423) sw      gp, 808(t5)
core   0: 3 0x80013cdc (0x323f2423) mem 0x80015000 0x00000001
core   0: 0x80013ce0 (0xff9ff06f) j       pc - 0x8
core   0: 3 0x80013ce0 (0xff9ff06f)
core   0: 0x80013cd8 (0x00001f17) auipc   t5, 0x1
core   0: 3 0x80013cd8 (0x00001f17) x30 0x80014cd8
core   0: 0x80013cdc (0x323f2423) sw      gp, 808(t5)
core   0: 3 0x80013cdc (0x323f2423) mem 0x80015000 0x00000001
core   0: 0x80013ce0 (0xff9ff06f) j       pc - 0x8
core   0: 3 0x80013ce0 (0xff9ff06f)
core   0: 0x80013cd8 (0x00001f17) auipc   t5, 0x1
core   0: 3 0x80013cd8 (0x00001f17) x30 0x80014cd8
core   0: 0x80013cdc (0x323f2423) sw      gp, 808(t5)
core   0: 3 0x80013cdc (0x323f2423) mem 0x80015000 0x00000001
core   0: 0x80013ce0 (0xff9ff06f) j       pc - 0x8
core   0: 3 0x80013ce0 (0xff9ff06f)
core   0: 0x80013cd8 (0x00001f17) auipc   t5, 0x1
core   0: 3 0x80013cd8 (0x00001f17) x30 0x80014cd8
core   0: 0x80013cdc (0x323f2423) sw      gp, 808(t5)
core   0: 3 0x80013cdc (0x323f2423) mem 0x80015000 0x00000001
core   0: 0x80013ce0 (0xff9ff06f) j       pc - 0x8
core   0: 3 0x80013ce0 (0xff9ff06f)
core   0: 0x80013cd8 (0x00001f17) auipc   t5, 0x1
core   0: 3 0x80013cd8 (0x00001f17) x30 0x80014cd8
core   0: 0x80013cdc (0x323f2423) sw      gp, 808(t5)
core   0: 3 0x80013cdc (0x323f2423) mem 0x80015000 0x00000001
core   0: 0x80013ce0 (0xff9ff06f) j       pc - 0x8
core   0: 3 0x80013ce0 (0xff9ff06f)
core   0: 0x80013cd8 (0x00001f17) auipc   t5, 0x1
core   0: 3 0x80013cd8 (0x00001f17) x30 0x80014cd8
core   0: 0x80013cdc (0x323f2423) sw      gp, 808(t5)
core   0: 3 0x80013cdc (0x323f2423) mem 0x80015000 0x00000001
core   0: 0x80013ce0 (0xff9ff06f) j       pc - 0x8
core   0: 3 0x80013ce0 (0xff9ff06f)
core   0: 0x80013cd8 (0x00001f17) auipc   t5, 0x1
core   0: 3 0x80013cd8 (0x00001f17) x30 0x80014cd8
core   0: 0x80013cdc (0x323f2423) sw      gp, 808(t5)
core   0: 3 0x80013cdc (0x323f2423) mem 0x80015000 0x00000001
core   0: 0x80013ce0 (0xff9ff06f) j       pc - 0x8
core   0: 3 0x80013ce0 (0xff9ff06f)
core   0: 0x80013cd8 (0x00001f17) auipc   t5, 0x1
core   0: 3 0x80013cd8 (0x00001f17) x30 0x80014cd8
core   0: 0x80013cdc (0x323f2423) sw      gp, 808(t5)
core   0: 3 0x80013cdc (0x323f2423) mem 0x80015000 0x00000001
core   0: 0x80013ce0 (0xff9ff06f) j       pc - 0x8
core   0: 3 0x80013ce0 (0xff9ff06f)
core   0: 0x80013cd8 (0x00001f17) auipc   t5, 0x1
core   0: 3 0x80013cd8 (0x00001f17) x30 0x80014cd8
core   0: 0x80013cdc (0x323f2423) sw      gp, 808(t5)
core   0: 3 0x80013cdc (0x323f2423) mem 0x80015000 0x00000001
core   0: 0x80013ce0 (0xff9ff06f) j       pc - 0x8
core   0: 3 0x80013ce0 (0xff9ff06f)
core   0: 0x80013cd8 (0x00001f17) auipc   t5, 0x1
core   0: 3 0x80013cd8 (0x00001f17) x30 0x80014cd8
core   0: 0x80013cdc (0x323f2423) sw      gp, 808(t5)
core   0: 3 0x80013cdc (0x323f2423) mem 0x80015000 0x00000001
core   0: 0x80013ce0 (0xff9ff06f) j       pc - 0x8
core   0: 3 0x80013ce0 (0xff9ff06f)
core   0: 0x80013cd8 (0x00001f17) auipc   t5, 0x1
core   0: 3 0x80013cd8 (0x00001f17) x30 0x80014cd8
core   0: 0x80013cdc (0x323f2423) sw      gp, 808(t5)
core   0: 3 0x80013cdc (0x323f2423) mem 0x80015000 0x00000001
core   0: 0x80013ce0 (0xff9ff06f) j       pc - 0x8
core   0: 3 0x80013ce0 (0xff9ff06f)
core   0: 0x80013cd8 (0x00001f17) auipc   t5, 0x1
core   0: 3 0x80013cd8 (0x00001f17) x30 0x80014cd8
core   0: 0x80013cdc (0x323f2423) sw      gp, 808(t5)
core   0: 3 0x80013cdc (0x323f2423) mem 0x80015000 0x00000001
core   0: 0x80013ce0 (0xff9ff06f) j       pc - 0x8
core   0: 3 0x80013ce0 (0xff9ff06f)
core   0: 0x80013cd8 (0x00001f17) auipc   t5, 0x1
core   0: 3 0x80013cd8 (0x00001f17) x30 0x80014cd8
core   0: 0x80013cdc (0x323f2423) sw      gp, 808(t5)
core   0: 3 0x80013cdc (0x323f2423) mem 0x80015000 0x00000001
core   0: 0x80013ce0 (0xff9ff06f) j       pc - 0x8
core   0: 3 0x80013ce0 (0xff9ff06f)
core   0: 0x80013cd8 (0x00001f17) auipc   t5, 0x1
core   0: 3 0x80013cd8 (0x00001f17) x30 0x80014cd8
core   0: 0x80013cdc (0x323f2423) sw      gp, 808(t5)
core   0: 3 0x80013cdc (0x323f2423) mem 0x80015000 0x00000001
core   0: 0x80013ce0 (0xff9ff06f) j       pc - 0x8
core   0: 3 0x80013ce0 (0xff9ff06f)
core   0: 0x80013cd8 (0x00001f17) auipc   t5, 0x1
core   0: 3 0x80013cd8 (0x00001f17) x30 0x80014cd8
core   0: 0x80013cdc (0x323f2423) sw      gp, 808(t5)
core   0: 3 0x80013cdc (0x323f2423) mem 0x80015000 0x00000001
core   0: 0x80013ce0 (0xff9ff06f) j       pc - 0x8
core   0: 3 0x80013ce0 (0xff9ff06f)
core   0: 0x80013cd8 (0x00001f17) auipc   t5, 0x1
core   0: 3 0x80013cd8 (0x00001f17) x30 0x80014cd8
core   0: 0x80013cdc (0x323f2423) sw      gp, 808(t5)
core   0: 3 0x80013cdc (0x323f2423) mem 0x80015000 0x00000001
core   0: 0x80013ce0 (0xff9ff06f) j       pc - 0x8
core   0: 3 0x80013ce0 (0xff9ff06f)
core   0: 0x80013cd8 (0x00001f17) auipc   t5, 0x1
core   0: 3 0x80013cd8 (0x00001f17) x30 0x80014cd8
core   0: 0x80013cdc (0x323f2423) sw      gp, 808(t5)
core   0: 3 0x80013cdc (0x323f2423) mem 0x80015000 0x00000001
core   0: 0x80013ce0 (0xff9ff06f) j       pc - 0x8
core   0: 3 0x80013ce0 (0xff9ff06f)
core   0: 0x80013cd8 (0x00001f17) auipc   t5, 0x1
core   0: 3 0x80013cd8 (0x00001f17) x30 0x80014cd8
core   0: 0x80013cdc (0x323f2423) sw      gp, 808(t5)
core   0: 3 0x80013cdc (0x323f2423) mem 0x80015000 0x00000001
core   0: 0x80013ce0 (0xff9ff06f) j       pc - 0x8
core   0: 3 0x80013ce0 (0xff9ff06f)
core   0: 0x80013cd8 (0x00001f17) auipc   t5, 0x1
core   0: 3 0x80013cd8 (0x00001f17) x30 0x80014cd8
core   0: 0x80013cdc (0x323f2423) sw      gp, 808(t5)
core   0: 3 0x80013cdc (0x323f2423) mem 0x80015000 0x00000001
core   0: 0x80013ce0 (0xff9ff06f) j       pc - 0x8
core   0: 3 0x80013ce0 (0xff9ff06f)
core   0: 0x80013cd8 (0x00001f17) auipc   t5, 0x1
core   0: 3 0x80013cd8 (0x00001f17) x30 0x80014cd8
core   0: 0x80013cdc (0x323f2423) sw      gp, 808(t5)
core   0: 3 0x80013cdc (0x323f2423) mem 0x80015000 0x00000001
core   0: 0x80013ce0 (0xff9ff06f) j       pc - 0x8
core   0: 3 0x80013ce0 (0xff9ff06f)
core   0: 0x80013cd8 (0x00001f17) auipc   t5, 0x1
core   0: 3 0x80013cd8 (0x00001f17) x30 0x80014cd8
core   0: 0x80013cdc (0x323f2423) sw      gp, 808(t5)
core   0: 3 0x80013cdc (0x323f2423) mem 0x80015000 0x00000001
core   0: 0x80013ce0 (0xff9ff06f) j       pc - 0x8
core   0: 3 0x80013ce0 (0xff9ff06f)
core   0: 0x80013cd8 (0x00001f17) auipc   t5, 0x1
core   0: 3 0x80013cd8 (0x00001f17) x30 0x80014cd8
core   0: 0x80013cdc (0x323f2423) sw      gp, 808(t5)
core   0: 3 0x80013cdc (0x323f2423) mem 0x80015000 0x00000001
core   0: 0x80013ce0 (0xff9ff06f) j       pc - 0x8
core   0: 3 0x80013ce0 (0xff9ff06f)
core   0: 0x80013cd8 (0x00001f17) auipc   t5, 0x1
core   0: 3 0x80013cd8 (0x00001f17) x30 0x80014cd8
core   0: 0x80013cdc (0x323f2423) sw      gp, 808(t5)
core   0: 3 0x80013cdc (0x323f2423) mem 0x80015000 0x00000001
core   0: 0x80013ce0 (0xff9ff06f) j       pc - 0x8
core   0: 3 0x80013ce0 (0xff9ff06f)
core   0: 0x80013cd8 (0x00001f17) auipc   t5, 0x1
core   0: 3 0x80013cd8 (0x00001f17) x30 0x80014cd8
core   0: 0x80013cdc (0x323f2423) sw      gp, 808(t5)
core   0: 3 0x80013cdc (0x323f2423) mem 0x80015000 0x00000001
core   0: 0x80013ce0 (0xff9ff06f) j       pc - 0x8
core   0: 3 0x80013ce0 (0xff9ff06f)
core   0: 0x80013cd8 (0x00001f17) auipc   t5, 0x1
core   0: 3 0x80013cd8 (0x00001f17) x30 0x80014cd8
core   0: 0x80013cdc (0x323f2423) sw      gp, 808(t5)
core   0: 3 0x80013cdc (0x323f2423) mem 0x80015000 0x00000001
core   0: 0x80013ce0 (0xff9ff06f) j       pc - 0x8
core   0: 3 0x80013ce0 (0xff9ff06f)
core   0: 0x80013cd8 (0x00001f17) auipc   t5, 0x1
core   0: 3 0x80013cd8 (0x00001f17) x30 0x80014cd8
core   0: 0x80013cdc (0x323f2423) sw      gp, 808(t5)
core   0: 3 0x80013cdc (0x323f2423) mem 0x80015000 0x00000001
core   0: 0x80013ce0 (0xff9ff06f) j       pc - 0x8
core   0: 3 0x80013ce0 (0xff9ff06f)
core   0: 0x80013cd8 (0x00001f17) auipc   t5, 0x1
core   0: 3 0x80013cd8 (0x00001f17) x30 0x80014cd8
core   0: 0x80013cdc (0x323f2423) sw      gp, 808(t5)
core   0: 3 0x80013cdc (0x323f2423) mem 0x80015000 0x00000001
core   0: 0x80013ce0 (0xff9ff06f) j       pc - 0x8
core   0: 3 0x80013ce0 (0xff9ff06f)
core   0: 0x80013cd8 (0x00001f17) auipc   t5, 0x1
core   0: 3 0x80013cd8 (0x00001f17) x30 0x80014cd8
core   0: 0x80013cdc (0x323f2423) sw      gp, 808(t5)
core   0: 3 0x80013cdc (0x323f2423) mem 0x80015000 0x00000001
core   0: 0x80013ce0 (0xff9ff06f) j       pc - 0x8
core   0: 3 0x80013ce0 (0xff9ff06f)
core   0: 0x80013cd8 (0x00001f17) auipc   t5, 0x1
core   0: 3 0x80013cd8 (0x00001f17) x30 0x80014cd8
core   0: 0x80013cdc (0x323f2423) sw      gp, 808(t5)
core   0: 3 0x80013cdc (0x323f2423) mem 0x80015000 0x00000001
core   0: 0x80013ce0 (0xff9ff06f) j       pc - 0x8
core   0: 3 0x80013ce0 (0xff9ff06f)
core   0: 0x80013cd8 (0x00001f17) auipc   t5, 0x1
core   0: 3 0x80013cd8 (0x00001f17) x30 0x80014cd8
core   0: 0x80013cdc (0x323f2423) sw      gp, 808(t5)
core   0: 3 0x80013cdc (0x323f2423) mem 0x80015000 0x00000001
core   0: 0x80013ce0 (0xff9ff06f) j       pc - 0x8
core   0: 3 0x80013ce0 (0xff9ff06f)
core   0: 0x80013cd8 (0x00001f17) auipc   t5, 0x1
core   0: 3 0x80013cd8 (0x00001f17) x30 0x80014cd8
core   0: 0x80013cdc (0x323f2423) sw      gp, 808(t5)
core   0: 3 0x80013cdc (0x323f2423) mem 0x80015000 0x00000001
core   0: 0x80013ce0 (0xff9ff06f) j       pc - 0x8
core   0: 3 0x80013ce0 (0xff9ff06f)
core   0: 0x80013cd8 (0x00001f17) auipc   t5, 0x1
core   0: 3 0x80013cd8 (0x00001f17) x30 0x80014cd8
core   0: 0x80013cdc (0x323f2423) sw      gp, 808(t5)
core   0: 3 0x80013cdc (0x323f2423) mem 0x80015000 0x00000001
core   0: 0x80013ce0 (0xff9ff06f) j       pc - 0x8
core   0: 3 0x80013ce0 (0xff9ff06f)
core   0: 0x80013cd8 (0x00001f17) auipc   t5, 0x1
core   0: 3 0x80013cd8 (0x00001f17) x30 0x80014cd8
core   0: 0x80013cdc (0x323f2423) sw      gp, 808(t5)
core   0: 3 0x80013cdc (0x323f2423) mem 0x80015000 0x00000001
core   0: 0x80013ce0 (0xff9ff06f) j       pc - 0x8
core   0: 3 0x80013ce0 (0xff9ff06f)
core   0: 0x80013cd8 (0x00001f17) auipc   t5, 0x1
core   0: 3 0x80013cd8 (0x00001f17) x30 0x80014cd8
core   0: 0x80013cdc (0x323f2423) sw      gp, 808(t5)
core   0: 3 0x80013cdc (0x323f2423) mem 0x80015000 0x00000001
core   0: 0x80013ce0 (0xff9ff06f) j       pc - 0x8
core   0: 3 0x80013ce0 (0xff9ff06f)
core   0: 0x80013cd8 (0x00001f17) auipc   t5, 0x1
core   0: 3 0x80013cd8 (0x00001f17) x30 0x80014cd8
core   0: 0x80013cdc (0x323f2423) sw      gp, 808(t5)
core   0: 3 0x80013cdc (0x323f2423) mem 0x80015000 0x00000001
core   0: 0x80013ce0 (0xff9ff06f) j       pc - 0x8
core   0: 3 0x80013ce0 (0xff9ff06f)
core   0: 0x80013cd8 (0x00001f17) auipc   t5, 0x1
core   0: 3 0x80013cd8 (0x00001f17) x30 0x80014cd8
core   0: 0x80013cdc (0x323f2423) sw      gp, 808(t5)
core   0: 3 0x80013cdc (0x323f2423) mem 0x80015000 0x00000001
core   0: 0x80013ce0 (0xff9ff06f) j       pc - 0x8
core   0: 3 0x80013ce0 (0xff9ff06f)
core   0: 0x80013cd8 (0x00001f17) auipc   t5, 0x1
core   0: 3 0x80013cd8 (0x00001f17) x30 0x80014cd8
core   0: 0x80013cdc (0x323f2423) sw      gp, 808(t5)
core   0: 3 0x80013cdc (0x323f2423) mem 0x80015000 0x00000001
core   0: 0x80013ce0 (0xff9ff06f) j       pc - 0x8
core   0: 3 0x80013ce0 (0xff9ff06f)
core   0: 0x80013cd8 (0x00001f17) auipc   t5, 0x1
core   0: 3 0x80013cd8 (0x00001f17) x30 0x80014cd8
core   0: 0x80013cdc (0x323f2423) sw      gp, 808(t5)
core   0: 3 0x80013cdc (0x323f2423) mem 0x80015000 0x00000001
core   0: 0x80013ce0 (0xff9ff06f) j       pc - 0x8
core   0: 3 0x80013ce0 (0xff9ff06f)
core   0: 0x80013cd8 (0x00001f17) auipc   t5, 0x1
core   0: 3 0x80013cd8 (0x00001f17) x30 0x80014cd8
core   0: 0x80013cdc (0x323f2423) sw      gp, 808(t5)
core   0: 3 0x80013cdc (0x323f2423) mem 0x80015000 0x00000001
core   0: 0x80013ce0 (0xff9ff06f) j       pc - 0x8
core   0: 3 0x80013ce0 (0xff9ff06f)
core   0: 0x80013cd8 (0x00001f17) auipc   t5, 0x1
core   0: 3 0x80013cd8 (0x00001f17) x30 0x80014cd8
core   0: 0x80013cdc (0x323f2423) sw      gp, 808(t5)
core   0: 3 0x80013cdc (0x323f2423) mem 0x80015000 0x00000001
core   0: 0x80013ce0 (0xff9ff06f) j       pc - 0x8
core   0: 3 0x80013ce0 (0xff9ff06f)
core   0: 0x80013cd8 (0x00001f17) auipc   t5, 0x1
core   0: 3 0x80013cd8 (0x00001f17) x30 0x80014cd8
core   0: 0x80013cdc (0x323f2423) sw      gp, 808(t5)
core   0: 3 0x80013cdc (0x323f2423) mem 0x80015000 0x00000001
core   0: 0x80013ce0 (0xff9ff06f) j       pc - 0x8
core   0: 3 0x80013ce0 (0xff9ff06f)
core   0: 0x80013cd8 (0x00001f17) auipc   t5, 0x1
core   0: 3 0x80013cd8 (0x00001f17) x30 0x80014cd8
core   0: 0x80013cdc (0x323f2423) sw      gp, 808(t5)
core   0: 3 0x80013cdc (0x323f2423) mem 0x80015000 0x00000001
core   0: 0x80013ce0 (0xff9ff06f) j       pc - 0x8
core   0: 3 0x80013ce0 (0xff9ff06f)
core   0: 0x80013cd8 (0x00001f17) auipc   t5, 0x1
core   0: 3 0x80013cd8 (0x00001f17) x30 0x80014cd8
core   0: 0x80013cdc (0x323f2423) sw      gp, 808(t5)
core   0: 3 0x80013cdc (0x323f2423) mem 0x80015000 0x00000001
core   0: 0x80013ce0 (0xff9ff06f) j       pc - 0x8
core   0: 3 0x80013ce0 (0xff9ff06f)
core   0: 0x80013cd8 (0x00001f17) auipc   t5, 0x1
core   0: 3 0x80013cd8 (0x00001f17) x30 0x80014cd8
core   0: 0x80013cdc (0x323f2423) sw      gp, 808(t5)
core   0: 3 0x80013cdc (0x323f2423) mem 0x80015000 0x00000001
core   0: 0x80013ce0 (0xff9ff06f) j       pc - 0x8
core   0: 3 0x80013ce0 (0xff9ff06f)
core   0: 0x80013cd8 (0x00001f17) auipc   t5, 0x1
core   0: 3 0x80013cd8 (0x00001f17) x30 0x80014cd8
core   0: 0x80013cdc (0x323f2423) sw      gp, 808(t5)
core   0: 3 0x80013cdc (0x323f2423) mem 0x80015000 0x00000001
core   0: 0x80013ce0 (0xff9ff06f) j       pc - 0x8
core   0: 3 0x80013ce0 (0xff9ff06f)
core   0: 0x80013cd8 (0x00001f17) auipc   t5, 0x1
core   0: 3 0x80013cd8 (0x00001f17) x30 0x80014cd8
core   0: 0x80013cdc (0x323f2423) sw      gp, 808(t5)
core   0: 3 0x80013cdc (0x323f2423) mem 0x80015000 0x00000001
core   0: 0x80013ce0 (0xff9ff06f) j       pc - 0x8
core   0: 3 0x80013ce0 (0xff9ff06f)
core   0: 0x80013cd8 (0x00001f17) auipc   t5, 0x1
core   0: 3 0x80013cd8 (0x00001f17) x30 0x80014cd8
core   0: 0x80013cdc (0x323f2423) sw      gp, 808(t5)
core   0: 3 0x80013cdc (0x323f2423) mem 0x80015000 0x00000001
core   0: 0x80013ce0 (0xff9ff06f) j       pc - 0x8
core   0: 3 0x80013ce0 (0xff9ff06f)
core   0: 0x80013cd8 (0x00001f17) auipc   t5, 0x1
core   0: 3 0x80013cd8 (0x00001f17) x30 0x80014cd8
core   0: 0x80013cdc (0x323f2423) sw      gp, 808(t5)
core   0: 3 0x80013cdc (0x323f2423) mem 0x80015000 0x00000001
core   0: 0x80013ce0 (0xff9ff06f) j       pc - 0x8
core   0: 3 0x80013ce0 (0xff9ff06f)
core   0: 0x80013cd8 (0x00001f17) auipc   t5, 0x1
core   0: 3 0x80013cd8 (0x00001f17) x30 0x80014cd8
core   0: 0x80013cdc (0x323f2423) sw      gp, 808(t5)
core   0: 3 0x80013cdc (0x323f2423) mem 0x80015000 0x00000001
core   0: 0x80013ce0 (0xff9ff06f) j       pc - 0x8
core   0: 3 0x80013ce0 (0xff9ff06f)
core   0: 0x80013cd8 (0x00001f17) auipc   t5, 0x1
core   0: 3 0x80013cd8 (0x00001f17) x30 0x80014cd8
core   0: 0x80013cdc (0x323f2423) sw      gp, 808(t5)
core   0: 3 0x80013cdc (0x323f2423) mem 0x80015000 0x00000001
core   0: 0x80013ce0 (0xff9ff06f) j       pc - 0x8
core   0: 3 0x80013ce0 (0xff9ff06f)
core   0: 0x80013cd8 (0x00001f17) auipc   t5, 0x1
core   0: 3 0x80013cd8 (0x00001f17) x30 0x80014cd8
core   0: 0x80013cdc (0x323f2423) sw      gp, 808(t5)
core   0: 3 0x80013cdc (0x323f2423) mem 0x80015000 0x00000001
core   0: 0x80013ce0 (0xff9ff06f) j       pc - 0x8
core   0: 3 0x80013ce0 (0xff9ff06f)
core   0: 0x80013cd8 (0x00001f17) auipc   t5, 0x1
core   0: 3 0x80013cd8 (0x00001f17) x30 0x80014cd8
core   0: 0x80013cdc (0x323f2423) sw      gp, 808(t5)
core   0: 3 0x80013cdc (0x323f2423) mem 0x80015000 0x00000001
core   0: 0x80013ce0 (0xff9ff06f) j       pc - 0x8
core   0: 3 0x80013ce0 (0xff9ff06f)
core   0: 0x80013cd8 (0x00001f17) auipc   t5, 0x1
core   0: 3 0x80013cd8 (0x00001f17) x30 0x80014cd8
core   0: 0x80013cdc (0x323f2423) sw      gp, 808(t5)
core   0: 3 0x80013cdc (0x323f2423) mem 0x80015000 0x00000001
core   0: 0x80013ce0 (0xff9ff06f) j       pc - 0x8
core   0: 3 0x80013ce0 (0xff9ff06f)
core   0: 0x80013cd8 (0x00001f17) auipc   t5, 0x1
core   0: 3 0x80013cd8 (0x00001f17) x30 0x80014cd8
core   0: 0x80013cdc (0x323f2423) sw      gp, 808(t5)
core   0: 3 0x80013cdc (0x323f2423) mem 0x80015000 0x00000001
core   0: 0x80013ce0 (0xff9ff06f) j       pc - 0x8
core   0: 3 0x80013ce0 (0xff9ff06f)
core   0: 0x80013cd8 (0x00001f17) auipc   t5, 0x1
core   0: 3 0x80013cd8 (0x00001f17) x30 0x80014cd8
core   0: 0x80013cdc (0x323f2423) sw      gp, 808(t5)
core   0: 3 0x80013cdc (0x323f2423) mem 0x80015000 0x00000001
core   0: 0x80013ce0 (0xff9ff06f) j       pc - 0x8
core   0: 3 0x80013ce0 (0xff9ff06f)
core   0: 0x80013cd8 (0x00001f17) auipc   t5, 0x1
core   0: 3 0x80013cd8 (0x00001f17) x30 0x80014cd8
core   0: 0x80013cdc (0x323f2423) sw      gp, 808(t5)
core   0: 3 0x80013cdc (0x323f2423) mem 0x80015000 0x00000001
core   0: 0x80013ce0 (0xff9ff06f) j       pc - 0x8
core   0: 3 0x80013ce0 (0xff9ff06f)
core   0: 0x80013cd8 (0x00001f17) auipc   t5, 0x1
core   0: 3 0x80013cd8 (0x00001f17) x30 0x80014cd8
core   0: 0x80013cdc (0x323f2423) sw      gp, 808(t5)
core   0: 3 0x80013cdc (0x323f2423) mem 0x80015000 0x00000001
core   0: 0x80013ce0 (0xff9ff06f) j       pc - 0x8
core   0: 3 0x80013ce0 (0xff9ff06f)
core   0: 0x80013cd8 (0x00001f17) auipc   t5, 0x1
core   0: 3 0x80013cd8 (0x00001f17) x30 0x80014cd8
core   0: 0x80013cdc (0x323f2423) sw      gp, 808(t5)
core   0: 3 0x80013cdc (0x323f2423) mem 0x80015000 0x00000001
core   0: 0x80013ce0 (0xff9ff06f) j       pc - 0x8
core   0: 3 0x80013ce0 (0xff9ff06f)
core   0: 0x80013cd8 (0x00001f17) auipc   t5, 0x1
core   0: 3 0x80013cd8 (0x00001f17) x30 0x80014cd8
core   0: 0x80013cdc (0x323f2423) sw      gp, 808(t5)
core   0: 3 0x80013cdc (0x323f2423) mem 0x80015000 0x00000001
core   0: 0x80013ce0 (0xff9ff06f) j       pc - 0x8
core   0: 3 0x80013ce0 (0xff9ff06f)
core   0: 0x80013cd8 (0x00001f17) auipc   t5, 0x1
core   0: 3 0x80013cd8 (0x00001f17) x30 0x80014cd8
core   0: 0x80013cdc (0x323f2423) sw      gp, 808(t5)
core   0: 3 0x80013cdc (0x323f2423) mem 0x80015000 0x00000001
core   0: 0x80013ce0 (0xff9ff06f) j       pc - 0x8
core   0: 3 0x80013ce0 (0xff9ff06f)
core   0: 0x80013cd8 (0x00001f17) auipc   t5, 0x1
core   0: 3 0x80013cd8 (0x00001f17) x30 0x80014cd8
core   0: 0x80013cdc (0x323f2423) sw      gp, 808(t5)
core   0: 3 0x80013cdc (0x323f2423) mem 0x80015000 0x00000001
core   0: 0x80013ce0 (0xff9ff06f) j       pc - 0x8
core   0: 3 0x80013ce0 (0xff9ff06f)
core   0: 0x80013cd8 (0x00001f17) auipc   t5, 0x1
core   0: 3 0x80013cd8 (0x00001f17) x30 0x80014cd8
core   0: 0x80013cdc (0x323f2423) sw      gp, 808(t5)
core   0: 3 0x80013cdc (0x323f2423) mem 0x80015000 0x00000001
core   0: 0x80013ce0 (0xff9ff06f) j       pc - 0x8
core   0: 3 0x80013ce0 (0xff9ff06f)
core   0: 0x80013cd8 (0x00001f17) auipc   t5, 0x1
core   0: 3 0x80013cd8 (0x00001f17) x30 0x80014cd8
core   0: 0x80013cdc (0x323f2423) sw      gp, 808(t5)
core   0: 3 0x80013cdc (0x323f2423) mem 0x80015000 0x00000001
core   0: 0x80013ce0 (0xff9ff06f) j       pc - 0x8
core   0: 3 0x80013ce0 (0xff9ff06f)
core   0: 0x80013cd8 (0x00001f17) auipc   t5, 0x1
core   0: 3 0x80013cd8 (0x00001f17) x30 0x80014cd8
core   0: 0x80013cdc (0x323f2423) sw      gp, 808(t5)
core   0: 3 0x80013cdc (0x323f2423) mem 0x80015000 0x00000001
core   0: 0x80013ce0 (0xff9ff06f) j       pc - 0x8
core   0: 3 0x80013ce0 (0xff9ff06f)
core   0: 0x80013cd8 (0x00001f17) auipc   t5, 0x1
core   0: 3 0x80013cd8 (0x00001f17) x30 0x80014cd8
core   0: 0x80013cdc (0x323f2423) sw      gp, 808(t5)
core   0: 3 0x80013cdc (0x323f2423) mem 0x80015000 0x00000001
core   0: 0x80013ce0 (0xff9ff06f) j       pc - 0x8
core   0: 3 0x80013ce0 (0xff9ff06f)
core   0: 0x80013cd8 (0x00001f17) auipc   t5, 0x1
core   0: 3 0x80013cd8 (0x00001f17) x30 0x80014cd8
core   0: 0x80013cdc (0x323f2423) sw      gp, 808(t5)
core   0: 3 0x80013cdc (0x323f2423) mem 0x80015000 0x00000001
core   0: 0x80013ce0 (0xff9ff06f) j       pc - 0x8
core   0: 3 0x80013ce0 (0xff9ff06f)
core   0: 0x80013cd8 (0x00001f17) auipc   t5, 0x1
core   0: 3 0x80013cd8 (0x00001f17) x30 0x80014cd8
core   0: 0x80013cdc (0x323f2423) sw      gp, 808(t5)
core   0: 3 0x80013cdc (0x323f2423) mem 0x80015000 0x00000001
core   0: 0x80013ce0 (0xff9ff06f) j       pc - 0x8
core   0: 3 0x80013ce0 (0xff9ff06f)
core   0: 0x80013cd8 (0x00001f17) auipc   t5, 0x1
core   0: 3 0x80013cd8 (0x00001f17) x30 0x80014cd8
core   0: 0x80013cdc (0x323f2423) sw      gp, 808(t5)
core   0: 3 0x80013cdc (0x323f2423) mem 0x80015000 0x00000001
core   0: 0x80013ce0 (0xff9ff06f) j       pc - 0x8
core   0: 3 0x80013ce0 (0xff9ff06f)
core   0: 0x80013cd8 (0x00001f17) auipc   t5, 0x1
core   0: 3 0x80013cd8 (0x00001f17) x30 0x80014cd8
core   0: 0x80013cdc (0x323f2423) sw      gp, 808(t5)
core   0: 3 0x80013cdc (0x323f2423) mem 0x80015000 0x00000001
core   0: 0x80013ce0 (0xff9ff06f) j       pc - 0x8
core   0: 3 0x80013ce0 (0xff9ff06f)
core   0: 0x80013cd8 (0x00001f17) auipc   t5, 0x1
core   0: 3 0x80013cd8 (0x00001f17) x30 0x80014cd8
core   0: 0x80013cdc (0x323f2423) sw      gp, 808(t5)
core   0: 3 0x80013cdc (0x323f2423) mem 0x80015000 0x00000001
core   0: 0x80013ce0 (0xff9ff06f) j       pc - 0x8
core   0: 3 0x80013ce0 (0xff9ff06f)
core   0: 0x80013cd8 (0x00001f17) auipc   t5, 0x1
core   0: 3 0x80013cd8 (0x00001f17) x30 0x80014cd8
core   0: 0x80013cdc (0x323f2423) sw      gp, 808(t5)
core   0: 3 0x80013cdc (0x323f2423) mem 0x80015000 0x00000001
core   0: 0x80013ce0 (0xff9ff06f) j       pc - 0x8
core   0: 3 0x80013ce0 (0xff9ff06f)
core   0: 0x80013cd8 (0x00001f17) auipc   t5, 0x1
core   0: 3 0x80013cd8 (0x00001f17) x30 0x80014cd8
core   0: 0x80013cdc (0x323f2423) sw      gp, 808(t5)
core   0: 3 0x80013cdc (0x323f2423) mem 0x80015000 0x00000001
core   0: 0x80013ce0 (0xff9ff06f) j       pc - 0x8
core   0: 3 0x80013ce0 (0xff9ff06f)
core   0: 0x80013cd8 (0x00001f17) auipc   t5, 0x1
core   0: 3 0x80013cd8 (0x00001f17) x30 0x80014cd8
core   0: 0x80013cdc (0x323f2423) sw      gp, 808(t5)
core   0: 3 0x80013cdc (0x323f2423) mem 0x80015000 0x00000001
core   0: 0x80013ce0 (0xff9ff06f) j       pc - 0x8
core   0: 3 0x80013ce0 (0xff9ff06f)
core   0: 0x80013cd8 (0x00001f17) auipc   t5, 0x1
core   0: 3 0x80013cd8 (0x00001f17) x30 0x80014cd8
core   0: 0x80013cdc (0x323f2423) sw      gp, 808(t5)
core   0: 3 0x80013cdc (0x323f2423) mem 0x80015000 0x00000001
core   0: 0x80013ce0 (0xff9ff06f) j       pc - 0x8
core   0: 3 0x80013ce0 (0xff9ff06f)
core   0: 0x80013cd8 (0x00001f17) auipc   t5, 0x1
core   0: 3 0x80013cd8 (0x00001f17) x30 0x80014cd8
core   0: 0x80013cdc (0x323f2423) sw      gp, 808(t5)
core   0: 3 0x80013cdc (0x323f2423) mem 0x80015000 0x00000001
core   0: 0x80013ce0 (0xff9ff06f) j       pc - 0x8
core   0: 3 0x80013ce0 (0xff9ff06f)
core   0: 0x80013cd8 (0x00001f17) auipc   t5, 0x1
core   0: 3 0x80013cd8 (0x00001f17) x30 0x80014cd8
core   0: 0x80013cdc (0x323f2423) sw      gp, 808(t5)
core   0: 3 0x80013cdc (0x323f2423) mem 0x80015000 0x00000001
core   0: 0x80013ce0 (0xff9ff06f) j       pc - 0x8
core   0: 3 0x80013ce0 (0xff9ff06f)
core   0: 0x80013cd8 (0x00001f17) auipc   t5, 0x1
core   0: 3 0x80013cd8 (0x00001f17) x30 0x80014cd8
core   0: 0x80013cdc (0x323f2423) sw      gp, 808(t5)
core   0: 3 0x80013cdc (0x323f2423) mem 0x80015000 0x00000001
core   0: 0x80013ce0 (0xff9ff06f) j       pc - 0x8
core   0: 3 0x80013ce0 (0xff9ff06f)
core   0: 0x80013cd8 (0x00001f17) auipc   t5, 0x1
core   0: 3 0x80013cd8 (0x00001f17) x30 0x80014cd8
core   0: 0x80013cdc (0x323f2423) sw      gp, 808(t5)
core   0: 3 0x80013cdc (0x323f2423) mem 0x80015000 0x00000001
core   0: 0x80013ce0 (0xff9ff06f) j       pc - 0x8
core   0: 3 0x80013ce0 (0xff9ff06f)
core   0: 0x80013cd8 (0x00001f17) auipc   t5, 0x1
core   0: 3 0x80013cd8 (0x00001f17) x30 0x80014cd8
core   0: 0x80013cdc (0x323f2423) sw      gp, 808(t5)
core   0: 3 0x80013cdc (0x323f2423) mem 0x80015000 0x00000001
core   0: 0x80013ce0 (0xff9ff06f) j       pc - 0x8
core   0: 3 0x80013ce0 (0xff9ff06f)
core   0: 0x80013cd8 (0x00001f17) auipc   t5, 0x1
core   0: 3 0x80013cd8 (0x00001f17) x30 0x80014cd8
core   0: 0x80013cdc (0x323f2423) sw      gp, 808(t5)
core   0: 3 0x80013cdc (0x323f2423) mem 0x80015000 0x00000001
core   0: 0x80013ce0 (0xff9ff06f) j       pc - 0x8
core   0: 3 0x80013ce0 (0xff9ff06f)
core   0: 0x80013cd8 (0x00001f17) auipc   t5, 0x1
core   0: 3 0x80013cd8 (0x00001f17) x30 0x80014cd8
core   0: 0x80013cdc (0x323f2423) sw      gp, 808(t5)
core   0: 3 0x80013cdc (0x323f2423) mem 0x80015000 0x00000001
core   0: 0x80013ce0 (0xff9ff06f) j       pc - 0x8
core   0: 3 0x80013ce0 (0xff9ff06f)
core   0: 0x80013cd8 (0x00001f17) auipc   t5, 0x1
core   0: 3 0x80013cd8 (0x00001f17) x30 0x80014cd8
core   0: 0x80013cdc (0x323f2423) sw      gp, 808(t5)
core   0: 3 0x80013cdc (0x323f2423) mem 0x80015000 0x00000001
core   0: 0x80013ce0 (0xff9ff06f) j       pc - 0x8
core   0: 3 0x80013ce0 (0xff9ff06f)
core   0: 0x80013cd8 (0x00001f17) auipc   t5, 0x1
core   0: 3 0x80013cd8 (0x00001f17) x30 0x80014cd8
core   0: 0x80013cdc (0x323f2423) sw      gp, 808(t5)
core   0: 3 0x80013cdc (0x323f2423) mem 0x80015000 0x00000001
core   0: 0x80013ce0 (0xff9ff06f) j       pc - 0x8
core   0: 3 0x80013ce0 (0xff9ff06f)
core   0: 0x80013cd8 (0x00001f17) auipc   t5, 0x1
core   0: 3 0x80013cd8 (0x00001f17) x30 0x80014cd8
core   0: 0x80013cdc (0x323f2423) sw      gp, 808(t5)
core   0: 3 0x80013cdc (0x323f2423) mem 0x80015000 0x00000001
core   0: 0x80013ce0 (0xff9ff06f) j       pc - 0x8
core   0: 3 0x80013ce0 (0xff9ff06f)
core   0: 0x80013cd8 (0x00001f17) auipc   t5, 0x1
core   0: 3 0x80013cd8 (0x00001f17) x30 0x80014cd8
core   0: 0x80013cdc (0x323f2423) sw      gp, 808(t5)
core   0: 3 0x80013cdc (0x323f2423) mem 0x80015000 0x00000001
core   0: 0x80013ce0 (0xff9ff06f) j       pc - 0x8
core   0: 3 0x80013ce0 (0xff9ff06f)
core   0: 0x80013cd8 (0x00001f17) auipc   t5, 0x1
core   0: 3 0x80013cd8 (0x00001f17) x30 0x80014cd8
core   0: 0x80013cdc (0x323f2423) sw      gp, 808(t5)
core   0: 3 0x80013cdc (0x323f2423) mem 0x80015000 0x00000001
core   0: 0x80013ce0 (0xff9ff06f) j       pc - 0x8
core   0: 3 0x80013ce0 (0xff9ff06f)
core   0: 0x80013cd8 (0x00001f17) auipc   t5, 0x1
core   0: 3 0x80013cd8 (0x00001f17) x30 0x80014cd8
core   0: 0x80013cdc (0x323f2423) sw      gp, 808(t5)
core   0: 3 0x80013cdc (0x323f2423) mem 0x80015000 0x00000001
core   0: 0x80013ce0 (0xff9ff06f) j       pc - 0x8
core   0: 3 0x80013ce0 (0xff9ff06f)
core   0: 0x80013cd8 (0x00001f17) auipc   t5, 0x1
core   0: 3 0x80013cd8 (0x00001f17) x30 0x80014cd8
core   0: 0x80013cdc (0x323f2423) sw      gp, 808(t5)
core   0: 3 0x80013cdc (0x323f2423) mem 0x80015000 0x00000001
core   0: 0x80013ce0 (0xff9ff06f) j       pc - 0x8
core   0: 3 0x80013ce0 (0xff9ff06f)
core   0: 0x80013cd8 (0x00001f17) auipc   t5, 0x1
core   0: 3 0x80013cd8 (0x00001f17) x30 0x80014cd8
core   0: 0x80013cdc (0x323f2423) sw      gp, 808(t5)
core   0: 3 0x80013cdc (0x323f2423) mem 0x80015000 0x00000001
core   0: 0x80013ce0 (0xff9ff06f) j       pc - 0x8
core   0: 3 0x80013ce0 (0xff9ff06f)
core   0: 0x80013cd8 (0x00001f17) auipc   t5, 0x1
core   0: 3 0x80013cd8 (0x00001f17) x30 0x80014cd8
core   0: 0x80013cdc (0x323f2423) sw      gp, 808(t5)
core   0: 3 0x80013cdc (0x323f2423) mem 0x80015000 0x00000001
core   0: 0x80013ce0 (0xff9ff06f) j       pc - 0x8
core   0: 3 0x80013ce0 (0xff9ff06f)
core   0: 0x80013cd8 (0x00001f17) auipc   t5, 0x1
core   0: 3 0x80013cd8 (0x00001f17) x30 0x80014cd8
core   0: 0x80013cdc (0x323f2423) sw      gp, 808(t5)
core   0: 3 0x80013cdc (0x323f2423) mem 0x80015000 0x00000001
core   0: 0x80013ce0 (0xff9ff06f) j       pc - 0x8
core   0: 3 0x80013ce0 (0xff9ff06f)
core   0: 0x80013cd8 (0x00001f17) auipc   t5, 0x1
core   0: 3 0x80013cd8 (0x00001f17) x30 0x80014cd8
core   0: 0x80013cdc (0x323f2423) sw      gp, 808(t5)
core   0: 3 0x80013cdc (0x323f2423) mem 0x80015000 0x00000001
core   0: 0x80013ce0 (0xff9ff06f) j       pc - 0x8
core   0: 3 0x80013ce0 (0xff9ff06f)
core   0: 0x80013cd8 (0x00001f17) auipc   t5, 0x1
core   0: 3 0x80013cd8 (0x00001f17) x30 0x80014cd8
core   0: 0x80013cdc (0x323f2423) sw      gp, 808(t5)
core   0: 3 0x80013cdc (0x323f2423) mem 0x80015000 0x00000001
core   0: 0x80013ce0 (0xff9ff06f) j       pc - 0x8
core   0: 3 0x80013ce0 (0xff9ff06f)
core   0: 0x80013cd8 (0x00001f17) auipc   t5, 0x1
core   0: 3 0x80013cd8 (0x00001f17) x30 0x80014cd8
core   0: 0x80013cdc (0x323f2423) sw      gp, 808(t5)
core   0: 3 0x80013cdc (0x323f2423) mem 0x80015000 0x00000001
core   0: 0x80013ce0 (0xff9ff06f) j       pc - 0x8
core   0: 3 0x80013ce0 (0xff9ff06f)
core   0: 0x80013cd8 (0x00001f17) auipc   t5, 0x1
core   0: 3 0x80013cd8 (0x00001f17) x30 0x80014cd8
core   0: 0x80013cdc (0x323f2423) sw      gp, 808(t5)
core   0: 3 0x80013cdc (0x323f2423) mem 0x80015000 0x00000001
core   0: 0x80013ce0 (0xff9ff06f) j       pc - 0x8
core   0: 3 0x80013ce0 (0xff9ff06f)
core   0: 0x80013cd8 (0x00001f17) auipc   t5, 0x1
core   0: 3 0x80013cd8 (0x00001f17) x30 0x80014cd8
core   0: 0x80013cdc (0x323f2423) sw      gp, 808(t5)
core   0: 3 0x80013cdc (0x323f2423) mem 0x80015000 0x00000001
core   0: 0x80013ce0 (0xff9ff06f) j       pc - 0x8
core   0: 3 0x80013ce0 (0xff9ff06f)
core   0: 0x80013cd8 (0x00001f17) auipc   t5, 0x1
core   0: 3 0x80013cd8 (0x00001f17) x30 0x80014cd8
core   0: 0x80013cdc (0x323f2423) sw      gp, 808(t5)
core   0: 3 0x80013cdc (0x323f2423) mem 0x80015000 0x00000001
core   0: 0x80013ce0 (0xff9ff06f) j       pc - 0x8
core   0: 3 0x80013ce0 (0xff9ff06f)
core   0: 0x80013cd8 (0x00001f17) auipc   t5, 0x1
core   0: 3 0x80013cd8 (0x00001f17) x30 0x80014cd8
core   0: 0x80013cdc (0x323f2423) sw      gp, 808(t5)
core   0: 3 0x80013cdc (0x323f2423) mem 0x80015000 0x00000001
core   0: 0x80013ce0 (0xff9ff06f) j       pc - 0x8
core   0: 3 0x80013ce0 (0xff9ff06f)
core   0: 0x80013cd8 (0x00001f17) auipc   t5, 0x1
core   0: 3 0x80013cd8 (0x00001f17) x30 0x80014cd8
core   0: 0x80013cdc (0x323f2423) sw      gp, 808(t5)
core   0: 3 0x80013cdc (0x323f2423) mem 0x80015000 0x00000001
core   0: 0x80013ce0 (0xff9ff06f) j       pc - 0x8
core   0: 3 0x80013ce0 (0xff9ff06f)
core   0: 0x80013cd8 (0x00001f17) auipc   t5, 0x1
core   0: 3 0x80013cd8 (0x00001f17) x30 0x80014cd8
core   0: 0x80013cdc (0x323f2423) sw      gp, 808(t5)
core   0: 3 0x80013cdc (0x323f2423) mem 0x80015000 0x00000001
core   0: 0x80013ce0 (0xff9ff06f) j       pc - 0x8
core   0: 3 0x80013ce0 (0xff9ff06f)
core   0: 0x80013cd8 (0x00001f17) auipc   t5, 0x1
core   0: 3 0x80013cd8 (0x00001f17) x30 0x80014cd8
core   0: 0x80013cdc (0x323f2423) sw      gp, 808(t5)
core   0: 3 0x80013cdc (0x323f2423) mem 0x80015000 0x00000001
core   0: 0x80013ce0 (0xff9ff06f) j       pc - 0x8
core   0: 3 0x80013ce0 (0xff9ff06f)
core   0: 0x80013cd8 (0x00001f17) auipc   t5, 0x1
core   0: 3 0x80013cd8 (0x00001f17) x30 0x80014cd8
core   0: 0x80013cdc (0x323f2423) sw      gp, 808(t5)
core   0: 3 0x80013cdc (0x323f2423) mem 0x80015000 0x00000001
core   0: 0x80013ce0 (0xff9ff06f) j       pc - 0x8
core   0: 3 0x80013ce0 (0xff9ff06f)
core   0: 0x80013cd8 (0x00001f17) auipc   t5, 0x1
core   0: 3 0x80013cd8 (0x00001f17) x30 0x80014cd8
core   0: 0x80013cdc (0x323f2423) sw      gp, 808(t5)
core   0: 3 0x80013cdc (0x323f2423) mem 0x80015000 0x00000001
core   0: 0x80013ce0 (0xff9ff06f) j       pc - 0x8
core   0: 3 0x80013ce0 (0xff9ff06f)
core   0: 0x80013cd8 (0x00001f17) auipc   t5, 0x1
core   0: 3 0x80013cd8 (0x00001f17) x30 0x80014cd8
core   0: 0x80013cdc (0x323f2423) sw      gp, 808(t5)
core   0: 3 0x80013cdc (0x323f2423) mem 0x80015000 0x00000001
core   0: 0x80013ce0 (0xff9ff06f) j       pc - 0x8
core   0: 3 0x80013ce0 (0xff9ff06f)
core   0: 0x80013cd8 (0x00001f17) auipc   t5, 0x1
core   0: 3 0x80013cd8 (0x00001f17) x30 0x80014cd8
core   0: 0x80013cdc (0x323f2423) sw      gp, 808(t5)
core   0: 3 0x80013cdc (0x323f2423) mem 0x80015000 0x00000001
core   0: 0x80013ce0 (0xff9ff06f) j       pc - 0x8
core   0: 3 0x80013ce0 (0xff9ff06f)
core   0: 0x80013cd8 (0x00001f17) auipc   t5, 0x1
core   0: 3 0x80013cd8 (0x00001f17) x30 0x80014cd8
core   0: 0x80013cdc (0x323f2423) sw      gp, 808(t5)
core   0: 3 0x80013cdc (0x323f2423) mem 0x80015000 0x00000001
core   0: 0x80013ce0 (0xff9ff06f) j       pc - 0x8
core   0: 3 0x80013ce0 (0xff9ff06f)
core   0: 0x80013cd8 (0x00001f17) auipc   t5, 0x1
core   0: 3 0x80013cd8 (0x00001f17) x30 0x80014cd8
core   0: 0x80013cdc (0x323f2423) sw      gp, 808(t5)
core   0: 3 0x80013cdc (0x323f2423) mem 0x80015000 0x00000001
core   0: 0x80013ce0 (0xff9ff06f) j       pc - 0x8
core   0: 3 0x80013ce0 (0xff9ff06f)
core   0: 0x80013cd8 (0x00001f17) auipc   t5, 0x1
core   0: 3 0x80013cd8 (0x00001f17) x30 0x80014cd8
core   0: 0x80013cdc (0x323f2423) sw      gp, 808(t5)
core   0: 3 0x80013cdc (0x323f2423) mem 0x80015000 0x00000001
core   0: 0x80013ce0 (0xff9ff06f) j       pc - 0x8
core   0: 3 0x80013ce0 (0xff9ff06f)
core   0: 0x80013cd8 (0x00001f17) auipc   t5, 0x1
core   0: 3 0x80013cd8 (0x00001f17) x30 0x80014cd8
core   0: 0x80013cdc (0x323f2423) sw      gp, 808(t5)
core   0: 3 0x80013cdc (0x323f2423) mem 0x80015000 0x00000001
core   0: 0x80013ce0 (0xff9ff06f) j       pc - 0x8
core   0: 3 0x80013ce0 (0xff9ff06f)
core   0: 0x80013cd8 (0x00001f17) auipc   t5, 0x1
core   0: 3 0x80013cd8 (0x00001f17) x30 0x80014cd8
core   0: 0x80013cdc (0x323f2423) sw      gp, 808(t5)
core   0: 3 0x80013cdc (0x323f2423) mem 0x80015000 0x00000001
core   0: 0x80013ce0 (0xff9ff06f) j       pc - 0x8
core   0: 3 0x80013ce0 (0xff9ff06f)
core   0: 0x80013cd8 (0x00001f17) auipc   t5, 0x1
core   0: 3 0x80013cd8 (0x00001f17) x30 0x80014cd8
core   0: 0x80013cdc (0x323f2423) sw      gp, 808(t5)
core   0: 3 0x80013cdc (0x323f2423) mem 0x80015000 0x00000001
core   0: 0x80013ce0 (0xff9ff06f) j       pc - 0x8
core   0: 3 0x80013ce0 (0xff9ff06f)
core   0: 0x80013cd8 (0x00001f17) auipc   t5, 0x1
core   0: 3 0x80013cd8 (0x00001f17) x30 0x80014cd8
core   0: 0x80013cdc (0x323f2423) sw      gp, 808(t5)
core   0: 3 0x80013cdc (0x323f2423) mem 0x80015000 0x00000001
core   0: 0x80013ce0 (0xff9ff06f) j       pc - 0x8
core   0: 3 0x80013ce0 (0xff9ff06f)
core   0: 0x80013cd8 (0x00001f17) auipc   t5, 0x1
core   0: 3 0x80013cd8 (0x00001f17) x30 0x80014cd8
core   0: 0x80013cdc (0x323f2423) sw      gp, 808(t5)
core   0: 3 0x80013cdc (0x323f2423) mem 0x80015000 0x00000001
core   0: 0x80013ce0 (0xff9ff06f) j       pc - 0x8
core   0: 3 0x80013ce0 (0xff9ff06f)
core   0: 0x80013cd8 (0x00001f17) auipc   t5, 0x1
core   0: 3 0x80013cd8 (0x00001f17) x30 0x80014cd8
core   0: 0x80013cdc (0x323f2423) sw      gp, 808(t5)
core   0: 3 0x80013cdc (0x323f2423) mem 0x80015000 0x00000001
core   0: 0x80013ce0 (0xff9ff06f) j       pc - 0x8
core   0: 3 0x80013ce0 (0xff9ff06f)
core   0: 0x80013cd8 (0x00001f17) auipc   t5, 0x1
core   0: 3 0x80013cd8 (0x00001f17) x30 0x80014cd8
core   0: 0x80013cdc (0x323f2423) sw      gp, 808(t5)
core   0: 3 0x80013cdc (0x323f2423) mem 0x80015000 0x00000001
core   0: 0x80013ce0 (0xff9ff06f) j       pc - 0x8
core   0: 3 0x80013ce0 (0xff9ff06f)
core   0: 0x80013cd8 (0x00001f17) auipc   t5, 0x1
core   0: 3 0x80013cd8 (0x00001f17) x30 0x80014cd8
core   0: 0x80013cdc (0x323f2423) sw      gp, 808(t5)
core   0: 3 0x80013cdc (0x323f2423) mem 0x80015000 0x00000001
core   0: 0x80013ce0 (0xff9ff06f) j       pc - 0x8
core   0: 3 0x80013ce0 (0xff9ff06f)
core   0: 0x80013cd8 (0x00001f17) auipc   t5, 0x1
core   0: 3 0x80013cd8 (0x00001f17) x30 0x80014cd8
core   0: 0x80013cdc (0x323f2423) sw      gp, 808(t5)
core   0: 3 0x80013cdc (0x323f2423) mem 0x80015000 0x00000001
core   0: 0x80013ce0 (0xff9ff06f) j       pc - 0x8
core   0: 3 0x80013ce0 (0xff9ff06f)
core   0: 0x80013cd8 (0x00001f17) auipc   t5, 0x1
core   0: 3 0x80013cd8 (0x00001f17) x30 0x80014cd8
core   0: 0x80013cdc (0x323f2423) sw      gp, 808(t5)
core   0: 3 0x80013cdc (0x323f2423) mem 0x80015000 0x00000001
core   0: 0x80013ce0 (0xff9ff06f) j       pc - 0x8
core   0: 3 0x80013ce0 (0xff9ff06f)
core   0: 0x80013cd8 (0x00001f17) auipc   t5, 0x1
core   0: 3 0x80013cd8 (0x00001f17) x30 0x80014cd8
core   0: 0x80013cdc (0x323f2423) sw      gp, 808(t5)
core   0: 3 0x80013cdc (0x323f2423) mem 0x80015000 0x00000001
core   0: 0x80013ce0 (0xff9ff06f) j       pc - 0x8
core   0: 3 0x80013ce0 (0xff9ff06f)
core   0: 0x80013cd8 (0x00001f17) auipc   t5, 0x1
core   0: 3 0x80013cd8 (0x00001f17) x30 0x80014cd8
core   0: 0x80013cdc (0x323f2423) sw      gp, 808(t5)
core   0: 3 0x80013cdc (0x323f2423) mem 0x80015000 0x00000001
core   0: 0x80013ce0 (0xff9ff06f) j       pc - 0x8
core   0: 3 0x80013ce0 (0xff9ff06f)
core   0: 0x80013cd8 (0x00001f17) auipc   t5, 0x1
core   0: 3 0x80013cd8 (0x00001f17) x30 0x80014cd8
core   0: 0x80013cdc (0x323f2423) sw      gp, 808(t5)
core   0: 3 0x80013cdc (0x323f2423) mem 0x80015000 0x00000001
core   0: 0x80013ce0 (0xff9ff06f) j       pc - 0x8
core   0: 3 0x80013ce0 (0xff9ff06f)
core   0: 0x80013cd8 (0x00001f17) auipc   t5, 0x1
core   0: 3 0x80013cd8 (0x00001f17) x30 0x80014cd8
core   0: 0x80013cdc (0x323f2423) sw      gp, 808(t5)
core   0: 3 0x80013cdc (0x323f2423) mem 0x80015000 0x00000001
core   0: 0x80013ce0 (0xff9ff06f) j       pc - 0x8
core   0: 3 0x80013ce0 (0xff9ff06f)
core   0: 0x80013cd8 (0x00001f17) auipc   t5, 0x1
core   0: 3 0x80013cd8 (0x00001f17) x30 0x80014cd8
core   0: 0x80013cdc (0x323f2423) sw      gp, 808(t5)
core   0: 3 0x80013cdc (0x323f2423) mem 0x80015000 0x00000001
core   0: 0x80013ce0 (0xff9ff06f) j       pc - 0x8
core   0: 3 0x80013ce0 (0xff9ff06f)
core   0: 0x80013cd8 (0x00001f17) auipc   t5, 0x1
core   0: 3 0x80013cd8 (0x00001f17) x30 0x80014cd8
core   0: 0x80013cdc (0x323f2423) sw      gp, 808(t5)
core   0: 3 0x80013cdc (0x323f2423) mem 0x80015000 0x00000001
core   0: 0x80013ce0 (0xff9ff06f) j       pc - 0x8
core   0: 3 0x80013ce0 (0xff9ff06f)
core   0: 0x80013cd8 (0x00001f17) auipc   t5, 0x1
core   0: 3 0x80013cd8 (0x00001f17) x30 0x80014cd8
core   0: 0x80013cdc (0x323f2423) sw      gp, 808(t5)
core   0: 3 0x80013cdc (0x323f2423) mem 0x80015000 0x00000001
core   0: 0x80013ce0 (0xff9ff06f) j       pc - 0x8
core   0: 3 0x80013ce0 (0xff9ff06f)
core   0: 0x80013cd8 (0x00001f17) auipc   t5, 0x1
core   0: 3 0x80013cd8 (0x00001f17) x30 0x80014cd8
core   0: 0x80013cdc (0x323f2423) sw      gp, 808(t5)
core   0: 3 0x80013cdc (0x323f2423) mem 0x80015000 0x00000001
core   0: 0x80013ce0 (0xff9ff06f) j       pc - 0x8
core   0: 3 0x80013ce0 (0xff9ff06f)
core   0: 0x80013cd8 (0x00001f17) auipc   t5, 0x1
core   0: 3 0x80013cd8 (0x00001f17) x30 0x80014cd8
core   0: 0x80013cdc (0x323f2423) sw      gp, 808(t5)
core   0: 3 0x80013cdc (0x323f2423) mem 0x80015000 0x00000001
core   0: 0x80013ce0 (0xff9ff06f) j       pc - 0x8
core   0: 3 0x80013ce0 (0xff9ff06f)
core   0: 0x80013cd8 (0x00001f17) auipc   t5, 0x1
core   0: 3 0x80013cd8 (0x00001f17) x30 0x80014cd8
core   0: 0x80013cdc (0x323f2423) sw      gp, 808(t5)
core   0: 3 0x80013cdc (0x323f2423) mem 0x80015000 0x00000001
core   0: 0x80013ce0 (0xff9ff06f) j       pc - 0x8
core   0: 3 0x80013ce0 (0xff9ff06f)
core   0: 0x80013cd8 (0x00001f17) auipc   t5, 0x1
core   0: 3 0x80013cd8 (0x00001f17) x30 0x80014cd8
core   0: 0x80013cdc (0x323f2423) sw      gp, 808(t5)
core   0: 3 0x80013cdc (0x323f2423) mem 0x80015000 0x00000001
core   0: 0x80013ce0 (0xff9ff06f) j       pc - 0x8
core   0: 3 0x80013ce0 (0xff9ff06f)
core   0: 0x80013cd8 (0x00001f17) auipc   t5, 0x1
core   0: 3 0x80013cd8 (0x00001f17) x30 0x80014cd8
core   0: 0x80013cdc (0x323f2423) sw      gp, 808(t5)
core   0: 3 0x80013cdc (0x323f2423) mem 0x80015000 0x00000001
core   0: 0x80013ce0 (0xff9ff06f) j       pc - 0x8
core   0: 3 0x80013ce0 (0xff9ff06f)
core   0: 0x80013cd8 (0x00001f17) auipc   t5, 0x1
core   0: 3 0x80013cd8 (0x00001f17) x30 0x80014cd8
core   0: 0x80013cdc (0x323f2423) sw      gp, 808(t5)
core   0: 3 0x80013cdc (0x323f2423) mem 0x80015000 0x00000001
core   0: 0x80013ce0 (0xff9ff06f) j       pc - 0x8
core   0: 3 0x80013ce0 (0xff9ff06f)
core   0: 0x80013cd8 (0x00001f17) auipc   t5, 0x1
core   0: 3 0x80013cd8 (0x00001f17) x30 0x80014cd8
core   0: 0x80013cdc (0x323f2423) sw      gp, 808(t5)
core   0: 3 0x80013cdc (0x323f2423) mem 0x80015000 0x00000001
core   0: 0x80013ce0 (0xff9ff06f) j       pc - 0x8
core   0: 3 0x80013ce0 (0xff9ff06f)
core   0: 0x80013cd8 (0x00001f17) auipc   t5, 0x1
core   0: 3 0x80013cd8 (0x00001f17) x30 0x80014cd8
core   0: 0x80013cdc (0x323f2423) sw      gp, 808(t5)
core   0: 3 0x80013cdc (0x323f2423) mem 0x80015000 0x00000001
core   0: 0x80013ce0 (0xff9ff06f) j       pc - 0x8
core   0: 3 0x80013ce0 (0xff9ff06f)
core   0: 0x80013cd8 (0x00001f17) auipc   t5, 0x1
core   0: 3 0x80013cd8 (0x00001f17) x30 0x80014cd8
core   0: 0x80013cdc (0x323f2423) sw      gp, 808(t5)
core   0: 3 0x80013cdc (0x323f2423) mem 0x80015000 0x00000001
core   0: 0x80013ce0 (0xff9ff06f) j       pc - 0x8
core   0: 3 0x80013ce0 (0xff9ff06f)
core   0: 0x80013cd8 (0x00001f17) auipc   t5, 0x1
core   0: 3 0x80013cd8 (0x00001f17) x30 0x80014cd8
core   0: 0x80013cdc (0x323f2423) sw      gp, 808(t5)
core   0: 3 0x80013cdc (0x323f2423) mem 0x80015000 0x00000001
core   0: 0x80013ce0 (0xff9ff06f) j       pc - 0x8
core   0: 3 0x80013ce0 (0xff9ff06f)
core   0: 0x80013cd8 (0x00001f17) auipc   t5, 0x1
core   0: 3 0x80013cd8 (0x00001f17) x30 0x80014cd8
core   0: 0x80013cdc (0x323f2423) sw      gp, 808(t5)
core   0: 3 0x80013cdc (0x323f2423) mem 0x80015000 0x00000001
core   0: 0x80013ce0 (0xff9ff06f) j       pc - 0x8
core   0: 3 0x80013ce0 (0xff9ff06f)
core   0: 0x80013cd8 (0x00001f17) auipc   t5, 0x1
core   0: 3 0x80013cd8 (0x00001f17) x30 0x80014cd8
core   0: 0x80013cdc (0x323f2423) sw      gp, 808(t5)
core   0: 3 0x80013cdc (0x323f2423) mem 0x80015000 0x00000001
core   0: 0x80013ce0 (0xff9ff06f) j       pc - 0x8
core   0: 3 0x80013ce0 (0xff9ff06f)
core   0: 0x80013cd8 (0x00001f17) auipc   t5, 0x1
core   0: 3 0x80013cd8 (0x00001f17) x30 0x80014cd8
core   0: 0x80013cdc (0x323f2423) sw      gp, 808(t5)
core   0: 3 0x80013cdc (0x323f2423) mem 0x80015000 0x00000001
core   0: 0x80013ce0 (0xff9ff06f) j       pc - 0x8
core   0: 3 0x80013ce0 (0xff9ff06f)
core   0: 0x80013cd8 (0x00001f17) auipc   t5, 0x1
core   0: 3 0x80013cd8 (0x00001f17) x30 0x80014cd8
core   0: 0x80013cdc (0x323f2423) sw      gp, 808(t5)
core   0: 3 0x80013cdc (0x323f2423) mem 0x80015000 0x00000001
core   0: 0x80013ce0 (0xff9ff06f) j       pc - 0x8
core   0: 3 0x80013ce0 (0xff9ff06f)
core   0: 0x80013cd8 (0x00001f17) auipc   t5, 0x1
core   0: 3 0x80013cd8 (0x00001f17) x30 0x80014cd8
core   0: 0x80013cdc (0x323f2423) sw      gp, 808(t5)
core   0: 3 0x80013cdc (0x323f2423) mem 0x80015000 0x00000001
core   0: 0x80013ce0 (0xff9ff06f) j       pc - 0x8
core   0: 3 0x80013ce0 (0xff9ff06f)
core   0: 0x80013cd8 (0x00001f17) auipc   t5, 0x1
core   0: 3 0x80013cd8 (0x00001f17) x30 0x80014cd8
core   0: 0x80013cdc (0x323f2423) sw      gp, 808(t5)
core   0: 3 0x80013cdc (0x323f2423) mem 0x80015000 0x00000001
core   0: 0x80013ce0 (0xff9ff06f) j       pc - 0x8
core   0: 3 0x80013ce0 (0xff9ff06f)
core   0: 0x80013cd8 (0x00001f17) auipc   t5, 0x1
core   0: 3 0x80013cd8 (0x00001f17) x30 0x80014cd8
core   0: 0x80013cdc (0x323f2423) sw      gp, 808(t5)
core   0: 3 0x80013cdc (0x323f2423) mem 0x80015000 0x00000001
core   0: 0x80013ce0 (0xff9ff06f) j       pc - 0x8
core   0: 3 0x80013ce0 (0xff9ff06f)
core   0: 0x80013cd8 (0x00001f17) auipc   t5, 0x1
core   0: 3 0x80013cd8 (0x00001f17) x30 0x80014cd8
core   0: 0x80013cdc (0x323f2423) sw      gp, 808(t5)
core   0: 3 0x80013cdc (0x323f2423) mem 0x80015000 0x00000001
core   0: 0x80013ce0 (0xff9ff06f) j       pc - 0x8
core   0: 3 0x80013ce0 (0xff9ff06f)
core   0: 0x80013cd8 (0x00001f17) auipc   t5, 0x1
core   0: 3 0x80013cd8 (0x00001f17) x30 0x80014cd8
core   0: 0x80013cdc (0x323f2423) sw      gp, 808(t5)
core   0: 3 0x80013cdc (0x323f2423) mem 0x80015000 0x00000001
core   0: 0x80013ce0 (0xff9ff06f) j       pc - 0x8
core   0: 3 0x80013ce0 (0xff9ff06f)
core   0: 0x80013cd8 (0x00001f17) auipc   t5, 0x1
core   0: 3 0x80013cd8 (0x00001f17) x30 0x80014cd8
core   0: 0x80013cdc (0x323f2423) sw      gp, 808(t5)
core   0: 3 0x80013cdc (0x323f2423) mem 0x80015000 0x00000001
core   0: 0x80013ce0 (0xff9ff06f) j       pc - 0x8
core   0: 3 0x80013ce0 (0xff9ff06f)
core   0: 0x80013cd8 (0x00001f17) auipc   t5, 0x1
core   0: 3 0x80013cd8 (0x00001f17) x30 0x80014cd8
core   0: 0x80013cdc (0x323f2423) sw      gp, 808(t5)
core   0: 3 0x80013cdc (0x323f2423) mem 0x80015000 0x00000001
core   0: 0x80013ce0 (0xff9ff06f) j       pc - 0x8
core   0: 3 0x80013ce0 (0xff9ff06f)
core   0: 0x80013cd8 (0x00001f17) auipc   t5, 0x1
core   0: 3 0x80013cd8 (0x00001f17) x30 0x80014cd8
core   0: 0x80013cdc (0x323f2423) sw      gp, 808(t5)
core   0: 3 0x80013cdc (0x323f2423) mem 0x80015000 0x00000001
core   0: 0x80013ce0 (0xff9ff06f) j       pc - 0x8
core   0: 3 0x80013ce0 (0xff9ff06f)
core   0: 0x80013cd8 (0x00001f17) auipc   t5, 0x1
core   0: 3 0x80013cd8 (0x00001f17) x30 0x80014cd8
core   0: 0x80013cdc (0x323f2423) sw      gp, 808(t5)
core   0: 3 0x80013cdc (0x323f2423) mem 0x80015000 0x00000001
core   0: 0x80013ce0 (0xff9ff06f) j       pc - 0x8
core   0: 3 0x80013ce0 (0xff9ff06f)
core   0: 0x80013cd8 (0x00001f17) auipc   t5, 0x1
core   0: 3 0x80013cd8 (0x00001f17) x30 0x80014cd8
core   0: 0x80013cdc (0x323f2423) sw      gp, 808(t5)
core   0: 3 0x80013cdc (0x323f2423) mem 0x80015000 0x00000001
core   0: 0x80013ce0 (0xff9ff06f) j       pc - 0x8
core   0: 3 0x80013ce0 (0xff9ff06f)
core   0: 0x80013cd8 (0x00001f17) auipc   t5, 0x1
core   0: 3 0x80013cd8 (0x00001f17) x30 0x80014cd8
core   0: 0x80013cdc (0x323f2423) sw      gp, 808(t5)
core   0: 3 0x80013cdc (0x323f2423) mem 0x80015000 0x00000001
core   0: 0x80013ce0 (0xff9ff06f) j       pc - 0x8
core   0: 3 0x80013ce0 (0xff9ff06f)
core   0: 0x80013cd8 (0x00001f17) auipc   t5, 0x1
core   0: 3 0x80013cd8 (0x00001f17) x30 0x80014cd8
core   0: 0x80013cdc (0x323f2423) sw      gp, 808(t5)
core   0: 3 0x80013cdc (0x323f2423) mem 0x80015000 0x00000001
core   0: 0x80013ce0 (0xff9ff06f) j       pc - 0x8
core   0: 3 0x80013ce0 (0xff9ff06f)
core   0: 0x80013cd8 (0x00001f17) auipc   t5, 0x1
core   0: 3 0x80013cd8 (0x00001f17) x30 0x80014cd8
core   0: 0x80013cdc (0x323f2423) sw      gp, 808(t5)
core   0: 3 0x80013cdc (0x323f2423) mem 0x80015000 0x00000001
core   0: 0x80013ce0 (0xff9ff06f) j       pc - 0x8
core   0: 3 0x80013ce0 (0xff9ff06f)
core   0: 0x80013cd8 (0x00001f17) auipc   t5, 0x1
core   0: 3 0x80013cd8 (0x00001f17) x30 0x80014cd8
core   0: 0x80013cdc (0x323f2423) sw      gp, 808(t5)
core   0: 3 0x80013cdc (0x323f2423) mem 0x80015000 0x00000001
core   0: 0x80013ce0 (0xff9ff06f) j       pc - 0x8
core   0: 3 0x80013ce0 (0xff9ff06f)
core   0: 0x80013cd8 (0x00001f17) auipc   t5, 0x1
core   0: 3 0x80013cd8 (0x00001f17) x30 0x80014cd8
core   0: 0x80013cdc (0x323f2423) sw      gp, 808(t5)
core   0: 3 0x80013cdc (0x323f2423) mem 0x80015000 0x00000001
core   0: 0x80013ce0 (0xff9ff06f) j       pc - 0x8
core   0: 3 0x80013ce0 (0xff9ff06f)
core   0: 0x80013cd8 (0x00001f17) auipc   t5, 0x1
core   0: 3 0x80013cd8 (0x00001f17) x30 0x80014cd8
core   0: 0x80013cdc (0x323f2423) sw      gp, 808(t5)
core   0: 3 0x80013cdc (0x323f2423) mem 0x80015000 0x00000001
core   0: 0x80013ce0 (0xff9ff06f) j       pc - 0x8
core   0: 3 0x80013ce0 (0xff9ff06f)
core   0: 0x80013cd8 (0x00001f17) auipc   t5, 0x1
core   0: 3 0x80013cd8 (0x00001f17) x30 0x80014cd8
core   0: 0x80013cdc (0x323f2423) sw      gp, 808(t5)
core   0: 3 0x80013cdc (0x323f2423) mem 0x80015000 0x00000001
core   0: 0x80013ce0 (0xff9ff06f) j       pc - 0x8
core   0: 3 0x80013ce0 (0xff9ff06f)
core   0: 0x80013cd8 (0x00001f17) auipc   t5, 0x1
core   0: 3 0x80013cd8 (0x00001f17) x30 0x80014cd8
core   0: 0x80013cdc (0x323f2423) sw      gp, 808(t5)
core   0: 3 0x80013cdc (0x323f2423) mem 0x80015000 0x00000001
core   0: 0x80013ce0 (0xff9ff06f) j       pc - 0x8
core   0: 3 0x80013ce0 (0xff9ff06f)
core   0: 0x80013cd8 (0x00001f17) auipc   t5, 0x1
core   0: 3 0x80013cd8 (0x00001f17) x30 0x80014cd8
core   0: 0x80013cdc (0x323f2423) sw      gp, 808(t5)
core   0: 3 0x80013cdc (0x323f2423) mem 0x80015000 0x00000001
core   0: 0x80013ce0 (0xff9ff06f) j       pc - 0x8
core   0: 3 0x80013ce0 (0xff9ff06f)
core   0: 0x80013cd8 (0x00001f17) auipc   t5, 0x1
core   0: 3 0x80013cd8 (0x00001f17) x30 0x80014cd8
core   0: 0x80013cdc (0x323f2423) sw      gp, 808(t5)
core   0: 3 0x80013cdc (0x323f2423) mem 0x80015000 0x00000001
core   0: 0x80013ce0 (0xff9ff06f) j       pc - 0x8
core   0: 3 0x80013ce0 (0xff9ff06f)
core   0: 0x80013cd8 (0x00001f17) auipc   t5, 0x1
core   0: 3 0x80013cd8 (0x00001f17) x30 0x80014cd8
core   0: 0x80013cdc (0x323f2423) sw      gp, 808(t5)
core   0: 3 0x80013cdc (0x323f2423) mem 0x80015000 0x00000001
core   0: 0x80013ce0 (0xff9ff06f) j       pc - 0x8
core   0: 3 0x80013ce0 (0xff9ff06f)
core   0: 0x80013cd8 (0x00001f17) auipc   t5, 0x1
core   0: 3 0x80013cd8 (0x00001f17) x30 0x80014cd8
core   0: 0x80013cdc (0x323f2423) sw      gp, 808(t5)
core   0: 3 0x80013cdc (0x323f2423) mem 0x80015000 0x00000001
core   0: 0x80013ce0 (0xff9ff06f) j       pc - 0x8
core   0: 3 0x80013ce0 (0xff9ff06f)
core   0: 0x80013cd8 (0x00001f17) auipc   t5, 0x1
core   0: 3 0x80013cd8 (0x00001f17) x30 0x80014cd8
core   0: 0x80013cdc (0x323f2423) sw      gp, 808(t5)
core   0: 3 0x80013cdc (0x323f2423) mem 0x80015000 0x00000001
core   0: 0x80013ce0 (0xff9ff06f) j       pc - 0x8
core   0: 3 0x80013ce0 (0xff9ff06f)
core   0: 0x80013cd8 (0x00001f17) auipc   t5, 0x1
core   0: 3 0x80013cd8 (0x00001f17) x30 0x80014cd8
core   0: 0x80013cdc (0x323f2423) sw      gp, 808(t5)
core   0: 3 0x80013cdc (0x323f2423) mem 0x80015000 0x00000001
core   0: 0x80013ce0 (0xff9ff06f) j       pc - 0x8
core   0: 3 0x80013ce0 (0xff9ff06f)
core   0: 0x80013cd8 (0x00001f17) auipc   t5, 0x1
core   0: 3 0x80013cd8 (0x00001f17) x30 0x80014cd8
core   0: 0x80013cdc (0x323f2423) sw      gp, 808(t5)
core   0: 3 0x80013cdc (0x323f2423) mem 0x80015000 0x00000001
core   0: 0x80013ce0 (0xff9ff06f) j       pc - 0x8
core   0: 3 0x80013ce0 (0xff9ff06f)
core   0: 0x80013cd8 (0x00001f17) auipc   t5, 0x1
core   0: 3 0x80013cd8 (0x00001f17) x30 0x80014cd8
core   0: 0x80013cdc (0x323f2423) sw      gp, 808(t5)
core   0: 3 0x80013cdc (0x323f2423) mem 0x80015000 0x00000001
core   0: 0x80013ce0 (0xff9ff06f) j       pc - 0x8
core   0: 3 0x80013ce0 (0xff9ff06f)
core   0: 0x80013cd8 (0x00001f17) auipc   t5, 0x1
core   0: 3 0x80013cd8 (0x00001f17) x30 0x80014cd8
core   0: 0x80013cdc (0x323f2423) sw      gp, 808(t5)
core   0: 3 0x80013cdc (0x323f2423) mem 0x80015000 0x00000001
core   0: 0x80013ce0 (0xff9ff06f) j       pc - 0x8
core   0: 3 0x80013ce0 (0xff9ff06f)
core   0: 0x80013cd8 (0x00001f17) auipc   t5, 0x1
core   0: 3 0x80013cd8 (0x00001f17) x30 0x80014cd8
core   0: 0x80013cdc (0x323f2423) sw      gp, 808(t5)
core   0: 3 0x80013cdc (0x323f2423) mem 0x80015000 0x00000001
core   0: 0x80013ce0 (0xff9ff06f) j       pc - 0x8
core   0: 3 0x80013ce0 (0xff9ff06f)
core   0: 0x80013cd8 (0x00001f17) auipc   t5, 0x1
core   0: 3 0x80013cd8 (0x00001f17) x30 0x80014cd8
core   0: 0x80013cdc (0x323f2423) sw      gp, 808(t5)
core   0: 3 0x80013cdc (0x323f2423) mem 0x80015000 0x00000001
core   0: 0x80013ce0 (0xff9ff06f) j       pc - 0x8
core   0: 3 0x80013ce0 (0xff9ff06f)
core   0: 0x80013cd8 (0x00001f17) auipc   t5, 0x1
core   0: 3 0x80013cd8 (0x00001f17) x30 0x80014cd8
core   0: 0x80013cdc (0x323f2423) sw      gp, 808(t5)
core   0: 3 0x80013cdc (0x323f2423) mem 0x80015000 0x00000001
core   0: 0x80013ce0 (0xff9ff06f) j       pc - 0x8
core   0: 3 0x80013ce0 (0xff9ff06f)
core   0: 0x80013cd8 (0x00001f17) auipc   t5, 0x1
core   0: 3 0x80013cd8 (0x00001f17) x30 0x80014cd8
core   0: 0x80013cdc (0x323f2423) sw      gp, 808(t5)
core   0: 3 0x80013cdc (0x323f2423) mem 0x80015000 0x00000001
core   0: 0x80013ce0 (0xff9ff06f) j       pc - 0x8
core   0: 3 0x80013ce0 (0xff9ff06f)
core   0: 0x80013cd8 (0x00001f17) auipc   t5, 0x1
core   0: 3 0x80013cd8 (0x00001f17) x30 0x80014cd8
core   0: 0x80013cdc (0x323f2423) sw      gp, 808(t5)
core   0: 3 0x80013cdc (0x323f2423) mem 0x80015000 0x00000001
core   0: 0x80013ce0 (0xff9ff06f) j       pc - 0x8
core   0: 3 0x80013ce0 (0xff9ff06f)
core   0: 0x80013cd8 (0x00001f17) auipc   t5, 0x1
core   0: 3 0x80013cd8 (0x00001f17) x30 0x80014cd8
core   0: 0x80013cdc (0x323f2423) sw      gp, 808(t5)
core   0: 3 0x80013cdc (0x323f2423) mem 0x80015000 0x00000001
core   0: 0x80013ce0 (0xff9ff06f) j       pc - 0x8
core   0: 3 0x80013ce0 (0xff9ff06f)
core   0: 0x80013cd8 (0x00001f17) auipc   t5, 0x1
core   0: 3 0x80013cd8 (0x00001f17) x30 0x80014cd8
core   0: 0x80013cdc (0x323f2423) sw      gp, 808(t5)
core   0: 3 0x80013cdc (0x323f2423) mem 0x80015000 0x00000001
core   0: 0x80013ce0 (0xff9ff06f) j       pc - 0x8
core   0: 3 0x80013ce0 (0xff9ff06f)
core   0: 0x80013cd8 (0x00001f17) auipc   t5, 0x1
core   0: 3 0x80013cd8 (0x00001f17) x30 0x80014cd8
core   0: 0x80013cdc (0x323f2423) sw      gp, 808(t5)
core   0: 3 0x80013cdc (0x323f2423) mem 0x80015000 0x00000001
core   0: 0x80013ce0 (0xff9ff06f) j       pc - 0x8
core   0: 3 0x80013ce0 (0xff9ff06f)
core   0: 0x80013cd8 (0x00001f17) auipc   t5, 0x1
core   0: 3 0x80013cd8 (0x00001f17) x30 0x80014cd8
core   0: 0x80013cdc (0x323f2423) sw      gp, 808(t5)
core   0: 3 0x80013cdc (0x323f2423) mem 0x80015000 0x00000001
core   0: 0x80013ce0 (0xff9ff06f) j       pc - 0x8
core   0: 3 0x80013ce0 (0xff9ff06f)
core   0: 0x80013cd8 (0x00001f17) auipc   t5, 0x1
core   0: 3 0x80013cd8 (0x00001f17) x30 0x80014cd8
core   0: 0x80013cdc (0x323f2423) sw      gp, 808(t5)
core   0: 3 0x80013cdc (0x323f2423) mem 0x80015000 0x00000001
core   0: 0x80013ce0 (0xff9ff06f) j       pc - 0x8
core   0: 3 0x80013ce0 (0xff9ff06f)
core   0: 0x80013cd8 (0x00001f17) auipc   t5, 0x1
core   0: 3 0x80013cd8 (0x00001f17) x30 0x80014cd8
core   0: 0x80013cdc (0x323f2423) sw      gp, 808(t5)
core   0: 3 0x80013cdc (0x323f2423) mem 0x80015000 0x00000001
core   0: 0x80013ce0 (0xff9ff06f) j       pc - 0x8
core   0: 3 0x80013ce0 (0xff9ff06f)
core   0: 0x80013cd8 (0x00001f17) auipc   t5, 0x1
core   0: 3 0x80013cd8 (0x00001f17) x30 0x80014cd8
core   0: 0x80013cdc (0x323f2423) sw      gp, 808(t5)
core   0: 3 0x80013cdc (0x323f2423) mem 0x80015000 0x00000001
core   0: 0x80013ce0 (0xff9ff06f) j       pc - 0x8
core   0: 3 0x80013ce0 (0xff9ff06f)
core   0: 0x80013cd8 (0x00001f17) auipc   t5, 0x1
core   0: 3 0x80013cd8 (0x00001f17) x30 0x80014cd8
core   0: 0x80013cdc (0x323f2423) sw      gp, 808(t5)
core   0: 3 0x80013cdc (0x323f2423) mem 0x80015000 0x00000001
core   0: 0x80013ce0 (0xff9ff06f) j       pc - 0x8
core   0: 3 0x80013ce0 (0xff9ff06f)
core   0: 0x80013cd8 (0x00001f17) auipc   t5, 0x1
core   0: 3 0x80013cd8 (0x00001f17) x30 0x80014cd8
core   0: 0x80013cdc (0x323f2423) sw      gp, 808(t5)
core   0: 3 0x80013cdc (0x323f2423) mem 0x80015000 0x00000001
core   0: 0x80013ce0 (0xff9ff06f) j       pc - 0x8
core   0: 3 0x80013ce0 (0xff9ff06f)
core   0: 0x80013cd8 (0x00001f17) auipc   t5, 0x1
core   0: 3 0x80013cd8 (0x00001f17) x30 0x80014cd8
core   0: 0x80013cdc (0x323f2423) sw      gp, 808(t5)
core   0: 3 0x80013cdc (0x323f2423) mem 0x80015000 0x00000001
core   0: 0x80013ce0 (0xff9ff06f) j       pc - 0x8
core   0: 3 0x80013ce0 (0xff9ff06f)
core   0: 0x80013cd8 (0x00001f17) auipc   t5, 0x1
core   0: 3 0x80013cd8 (0x00001f17) x30 0x80014cd8
core   0: 0x80013cdc (0x323f2423) sw      gp, 808(t5)
core   0: 3 0x80013cdc (0x323f2423) mem 0x80015000 0x00000001
core   0: 0x80013ce0 (0xff9ff06f) j       pc - 0x8
core   0: 3 0x80013ce0 (0xff9ff06f)
core   0: 0x80013cd8 (0x00001f17) auipc   t5, 0x1
core   0: 3 0x80013cd8 (0x00001f17) x30 0x80014cd8
core   0: 0x80013cdc (0x323f2423) sw      gp, 808(t5)
core   0: 3 0x80013cdc (0x323f2423) mem 0x80015000 0x00000001
core   0: 0x80013ce0 (0xff9ff06f) j       pc - 0x8
core   0: 3 0x80013ce0 (0xff9ff06f)
core   0: 0x80013cd8 (0x00001f17) auipc   t5, 0x1
core   0: 3 0x80013cd8 (0x00001f17) x30 0x80014cd8
core   0: 0x80013cdc (0x323f2423) sw      gp, 808(t5)
core   0: 3 0x80013cdc (0x323f2423) mem 0x80015000 0x00000001
core   0: 0x80013ce0 (0xff9ff06f) j       pc - 0x8
core   0: 3 0x80013ce0 (0xff9ff06f)
core   0: 0x80013cd8 (0x00001f17) auipc   t5, 0x1
core   0: 3 0x80013cd8 (0x00001f17) x30 0x80014cd8
core   0: 0x80013cdc (0x323f2423) sw      gp, 808(t5)
core   0: 3 0x80013cdc (0x323f2423) mem 0x80015000 0x00000001
core   0: 0x80013ce0 (0xff9ff06f) j       pc - 0x8
core   0: 3 0x80013ce0 (0xff9ff06f)
core   0: 0x80013cd8 (0x00001f17) auipc   t5, 0x1
core   0: 3 0x80013cd8 (0x00001f17) x30 0x80014cd8
core   0: 0x80013cdc (0x323f2423) sw      gp, 808(t5)
core   0: 3 0x80013cdc (0x323f2423) mem 0x80015000 0x00000001
core   0: 0x80013ce0 (0xff9ff06f) j       pc - 0x8
core   0: 3 0x80013ce0 (0xff9ff06f)
core   0: 0x80013cd8 (0x00001f17) auipc   t5, 0x1
core   0: 3 0x80013cd8 (0x00001f17) x30 0x80014cd8
core   0: 0x80013cdc (0x323f2423) sw      gp, 808(t5)
core   0: 3 0x80013cdc (0x323f2423) mem 0x80015000 0x00000001
core   0: 0x80013ce0 (0xff9ff06f) j       pc - 0x8
core   0: 3 0x80013ce0 (0xff9ff06f)
core   0: 0x80013cd8 (0x00001f17) auipc   t5, 0x1
core   0: 3 0x80013cd8 (0x00001f17) x30 0x80014cd8
core   0: 0x80013cdc (0x323f2423) sw      gp, 808(t5)
core   0: 3 0x80013cdc (0x323f2423) mem 0x80015000 0x00000001
core   0: 0x80013ce0 (0xff9ff06f) j       pc - 0x8
core   0: 3 0x80013ce0 (0xff9ff06f)
core   0: 0x80013cd8 (0x00001f17) auipc   t5, 0x1
core   0: 3 0x80013cd8 (0x00001f17) x30 0x80014cd8
core   0: 0x80013cdc (0x323f2423) sw      gp, 808(t5)
core   0: 3 0x80013cdc (0x323f2423) mem 0x80015000 0x00000001
core   0: 0x80013ce0 (0xff9ff06f) j       pc - 0x8
core   0: 3 0x80013ce0 (0xff9ff06f)
core   0: 0x80013cd8 (0x00001f17) auipc   t5, 0x1
core   0: 3 0x80013cd8 (0x00001f17) x30 0x80014cd8
core   0: 0x80013cdc (0x323f2423) sw      gp, 808(t5)
core   0: 3 0x80013cdc (0x323f2423) mem 0x80015000 0x00000001
core   0: 0x80013ce0 (0xff9ff06f) j       pc - 0x8
core   0: 3 0x80013ce0 (0xff9ff06f)
core   0: 0x80013cd8 (0x00001f17) auipc   t5, 0x1
core   0: 3 0x80013cd8 (0x00001f17) x30 0x80014cd8
core   0: 0x80013cdc (0x323f2423) sw      gp, 808(t5)
core   0: 3 0x80013cdc (0x323f2423) mem 0x80015000 0x00000001
core   0: 0x80013ce0 (0xff9ff06f) j       pc - 0x8
core   0: 3 0x80013ce0 (0xff9ff06f)
core   0: 0x80013cd8 (0x00001f17) auipc   t5, 0x1
core   0: 3 0x80013cd8 (0x00001f17) x30 0x80014cd8
core   0: 0x80013cdc (0x323f2423) sw      gp, 808(t5)
core   0: 3 0x80013cdc (0x323f2423) mem 0x80015000 0x00000001
core   0: 0x80013ce0 (0xff9ff06f) j       pc - 0x8
core   0: 3 0x80013ce0 (0xff9ff06f)
core   0: 0x80013cd8 (0x00001f17) auipc   t5, 0x1
core   0: 3 0x80013cd8 (0x00001f17) x30 0x80014cd8
core   0: 0x80013cdc (0x323f2423) sw      gp, 808(t5)
core   0: 3 0x80013cdc (0x323f2423) mem 0x80015000 0x00000001
core   0: 0x80013ce0 (0xff9ff06f) j       pc - 0x8
core   0: 3 0x80013ce0 (0xff9ff06f)
core   0: 0x80013cd8 (0x00001f17) auipc   t5, 0x1
core   0: 3 0x80013cd8 (0x00001f17) x30 0x80014cd8
core   0: 0x80013cdc (0x323f2423) sw      gp, 808(t5)
core   0: 3 0x80013cdc (0x323f2423) mem 0x80015000 0x00000001
core   0: 0x80013ce0 (0xff9ff06f) j       pc - 0x8
core   0: 3 0x80013ce0 (0xff9ff06f)
core   0: 0x80013cd8 (0x00001f17) auipc   t5, 0x1
core   0: 3 0x80013cd8 (0x00001f17) x30 0x80014cd8
core   0: 0x80013cdc (0x323f2423) sw      gp, 808(t5)
core   0: 3 0x80013cdc (0x323f2423) mem 0x80015000 0x00000001
core   0: 0x80013ce0 (0xff9ff06f) j       pc - 0x8
core   0: 3 0x80013ce0 (0xff9ff06f)
core   0: 0x80013cd8 (0x00001f17) auipc   t5, 0x1
core   0: 3 0x80013cd8 (0x00001f17) x30 0x80014cd8
core   0: 0x80013cdc (0x323f2423) sw      gp, 808(t5)
core   0: 3 0x80013cdc (0x323f2423) mem 0x80015000 0x00000001
core   0: 0x80013ce0 (0xff9ff06f) j       pc - 0x8
core   0: 3 0x80013ce0 (0xff9ff06f)
core   0: 0x80013cd8 (0x00001f17) auipc   t5, 0x1
core   0: 3 0x80013cd8 (0x00001f17) x30 0x80014cd8
core   0: 0x80013cdc (0x323f2423) sw      gp, 808(t5)
core   0: 3 0x80013cdc (0x323f2423) mem 0x80015000 0x00000001
core   0: 0x80013ce0 (0xff9ff06f) j       pc - 0x8
core   0: 3 0x80013ce0 (0xff9ff06f)
core   0: 0x80013cd8 (0x00001f17) auipc   t5, 0x1
core   0: 3 0x80013cd8 (0x00001f17) x30 0x80014cd8
core   0: 0x80013cdc (0x323f2423) sw      gp, 808(t5)
core   0: 3 0x80013cdc (0x323f2423) mem 0x80015000 0x00000001
core   0: 0x80013ce0 (0xff9ff06f) j       pc - 0x8
core   0: 3 0x80013ce0 (0xff9ff06f)
core   0: 0x80013cd8 (0x00001f17) auipc   t5, 0x1
core   0: 3 0x80013cd8 (0x00001f17) x30 0x80014cd8
core   0: 0x80013cdc (0x323f2423) sw      gp, 808(t5)
core   0: 3 0x80013cdc (0x323f2423) mem 0x80015000 0x00000001
core   0: 0x80013ce0 (0xff9ff06f) j       pc - 0x8
core   0: 3 0x80013ce0 (0xff9ff06f)
core   0: 0x80013cd8 (0x00001f17) auipc   t5, 0x1
core   0: 3 0x80013cd8 (0x00001f17) x30 0x80014cd8
core   0: 0x80013cdc (0x323f2423) sw      gp, 808(t5)
core   0: 3 0x80013cdc (0x323f2423) mem 0x80015000 0x00000001
core   0: 0x80013ce0 (0xff9ff06f) j       pc - 0x8
core   0: 3 0x80013ce0 (0xff9ff06f)
core   0: 0x80013cd8 (0x00001f17) auipc   t5, 0x1
core   0: 3 0x80013cd8 (0x00001f17) x30 0x80014cd8
core   0: 0x80013cdc (0x323f2423) sw      gp, 808(t5)
core   0: 3 0x80013cdc (0x323f2423) mem 0x80015000 0x00000001
core   0: 0x80013ce0 (0xff9ff06f) j       pc - 0x8
core   0: 3 0x80013ce0 (0xff9ff06f)
core   0: 0x80013cd8 (0x00001f17) auipc   t5, 0x1
core   0: 3 0x80013cd8 (0x00001f17) x30 0x80014cd8
core   0: 0x80013cdc (0x323f2423) sw      gp, 808(t5)
core   0: 3 0x80013cdc (0x323f2423) mem 0x80015000 0x00000001
core   0: 0x80013ce0 (0xff9ff06f) j       pc - 0x8
core   0: 3 0x80013ce0 (0xff9ff06f)
core   0: 0x80013cd8 (0x00001f17) auipc   t5, 0x1
core   0: 3 0x80013cd8 (0x00001f17) x30 0x80014cd8
core   0: 0x80013cdc (0x323f2423) sw      gp, 808(t5)
core   0: 3 0x80013cdc (0x323f2423) mem 0x80015000 0x00000001
core   0: 0x80013ce0 (0xff9ff06f) j       pc - 0x8
core   0: 3 0x80013ce0 (0xff9ff06f)
core   0: 0x80013cd8 (0x00001f17) auipc   t5, 0x1
core   0: 3 0x80013cd8 (0x00001f17) x30 0x80014cd8
core   0: 0x80013cdc (0x323f2423) sw      gp, 808(t5)
core   0: 3 0x80013cdc (0x323f2423) mem 0x80015000 0x00000001
core   0: 0x80013ce0 (0xff9ff06f) j       pc - 0x8
core   0: 3 0x80013ce0 (0xff9ff06f)
core   0: 0x80013cd8 (0x00001f17) auipc   t5, 0x1
core   0: 3 0x80013cd8 (0x00001f17) x30 0x80014cd8
core   0: 0x80013cdc (0x323f2423) sw      gp, 808(t5)
core   0: 3 0x80013cdc (0x323f2423) mem 0x80015000 0x00000001
core   0: 0x80013ce0 (0xff9ff06f) j       pc - 0x8
core   0: 3 0x80013ce0 (0xff9ff06f)
core   0: 0x80013cd8 (0x00001f17) auipc   t5, 0x1
core   0: 3 0x80013cd8 (0x00001f17) x30 0x80014cd8
core   0: 0x80013cdc (0x323f2423) sw      gp, 808(t5)
core   0: 3 0x80013cdc (0x323f2423) mem 0x80015000 0x00000001
core   0: 0x80013ce0 (0xff9ff06f) j       pc - 0x8
core   0: 3 0x80013ce0 (0xff9ff06f)
core   0: 0x80013cd8 (0x00001f17) auipc   t5, 0x1
core   0: 3 0x80013cd8 (0x00001f17) x30 0x80014cd8
core   0: 0x80013cdc (0x323f2423) sw      gp, 808(t5)
core   0: 3 0x80013cdc (0x323f2423) mem 0x80015000 0x00000001
core   0: 0x80013ce0 (0xff9ff06f) j       pc - 0x8
core   0: 3 0x80013ce0 (0xff9ff06f)
core   0: 0x80013cd8 (0x00001f17) auipc   t5, 0x1
core   0: 3 0x80013cd8 (0x00001f17) x30 0x80014cd8
core   0: 0x80013cdc (0x323f2423) sw      gp, 808(t5)
core   0: 3 0x80013cdc (0x323f2423) mem 0x80015000 0x00000001
core   0: 0x80013ce0 (0xff9ff06f) j       pc - 0x8
core   0: 3 0x80013ce0 (0xff9ff06f)
core   0: 0x80013cd8 (0x00001f17) auipc   t5, 0x1
core   0: 3 0x80013cd8 (0x00001f17) x30 0x80014cd8
core   0: 0x80013cdc (0x323f2423) sw      gp, 808(t5)
core   0: 3 0x80013cdc (0x323f2423) mem 0x80015000 0x00000001
core   0: 0x80013ce0 (0xff9ff06f) j       pc - 0x8
core   0: 3 0x80013ce0 (0xff9ff06f)
core   0: 0x80013cd8 (0x00001f17) auipc   t5, 0x1
core   0: 3 0x80013cd8 (0x00001f17) x30 0x80014cd8
core   0: 0x80013cdc (0x323f2423) sw      gp, 808(t5)
core   0: 3 0x80013cdc (0x323f2423) mem 0x80015000 0x00000001
core   0: 0x80013ce0 (0xff9ff06f) j       pc - 0x8
core   0: 3 0x80013ce0 (0xff9ff06f)
core   0: 0x80013cd8 (0x00001f17) auipc   t5, 0x1
core   0: 3 0x80013cd8 (0x00001f17) x30 0x80014cd8
core   0: 0x80013cdc (0x323f2423) sw      gp, 808(t5)
core   0: 3 0x80013cdc (0x323f2423) mem 0x80015000 0x00000001
core   0: 0x80013ce0 (0xff9ff06f) j       pc - 0x8
core   0: 3 0x80013ce0 (0xff9ff06f)
core   0: 0x80013cd8 (0x00001f17) auipc   t5, 0x1
core   0: 3 0x80013cd8 (0x00001f17) x30 0x80014cd8
core   0: 0x80013cdc (0x323f2423) sw      gp, 808(t5)
core   0: 3 0x80013cdc (0x323f2423) mem 0x80015000 0x00000001
core   0: 0x80013ce0 (0xff9ff06f) j       pc - 0x8
core   0: 3 0x80013ce0 (0xff9ff06f)
core   0: 0x80013cd8 (0x00001f17) auipc   t5, 0x1
core   0: 3 0x80013cd8 (0x00001f17) x30 0x80014cd8
core   0: 0x80013cdc (0x323f2423) sw      gp, 808(t5)
core   0: 3 0x80013cdc (0x323f2423) mem 0x80015000 0x00000001
core   0: 0x80013ce0 (0xff9ff06f) j       pc - 0x8
core   0: 3 0x80013ce0 (0xff9ff06f)
core   0: 0x80013cd8 (0x00001f17) auipc   t5, 0x1
core   0: 3 0x80013cd8 (0x00001f17) x30 0x80014cd8
core   0: 0x80013cdc (0x323f2423) sw      gp, 808(t5)
core   0: 3 0x80013cdc (0x323f2423) mem 0x80015000 0x00000001
core   0: 0x80013ce0 (0xff9ff06f) j       pc - 0x8
core   0: 3 0x80013ce0 (0xff9ff06f)
core   0: 0x80013cd8 (0x00001f17) auipc   t5, 0x1
core   0: 3 0x80013cd8 (0x00001f17) x30 0x80014cd8
core   0: 0x80013cdc (0x323f2423) sw      gp, 808(t5)
core   0: 3 0x80013cdc (0x323f2423) mem 0x80015000 0x00000001
core   0: 0x80013ce0 (0xff9ff06f) j       pc - 0x8
core   0: 3 0x80013ce0 (0xff9ff06f)
core   0: 0x80013cd8 (0x00001f17) auipc   t5, 0x1
core   0: 3 0x80013cd8 (0x00001f17) x30 0x80014cd8
core   0: 0x80013cdc (0x323f2423) sw      gp, 808(t5)
core   0: 3 0x80013cdc (0x323f2423) mem 0x80015000 0x00000001
core   0: 0x80013ce0 (0xff9ff06f) j       pc - 0x8
core   0: 3 0x80013ce0 (0xff9ff06f)
core   0: 0x80013cd8 (0x00001f17) auipc   t5, 0x1
core   0: 3 0x80013cd8 (0x00001f17) x30 0x80014cd8
core   0: 0x80013cdc (0x323f2423) sw      gp, 808(t5)
core   0: 3 0x80013cdc (0x323f2423) mem 0x80015000 0x00000001
core   0: 0x80013ce0 (0xff9ff06f) j       pc - 0x8
core   0: 3 0x80013ce0 (0xff9ff06f)
core   0: 0x80013cd8 (0x00001f17) auipc   t5, 0x1
core   0: 3 0x80013cd8 (0x00001f17) x30 0x80014cd8
core   0: 0x80013cdc (0x323f2423) sw      gp, 808(t5)
core   0: 3 0x80013cdc (0x323f2423) mem 0x80015000 0x00000001
core   0: 0x80013ce0 (0xff9ff06f) j       pc - 0x8
core   0: 3 0x80013ce0 (0xff9ff06f)
core   0: 0x80013cd8 (0x00001f17) auipc   t5, 0x1
core   0: 3 0x80013cd8 (0x00001f17) x30 0x80014cd8
core   0: 0x80013cdc (0x323f2423) sw      gp, 808(t5)
core   0: 3 0x80013cdc (0x323f2423) mem 0x80015000 0x00000001
core   0: 0x80013ce0 (0xff9ff06f) j       pc - 0x8
core   0: 3 0x80013ce0 (0xff9ff06f)
core   0: 0x80013cd8 (0x00001f17) auipc   t5, 0x1
core   0: 3 0x80013cd8 (0x00001f17) x30 0x80014cd8
core   0: 0x80013cdc (0x323f2423) sw      gp, 808(t5)
core   0: 3 0x80013cdc (0x323f2423) mem 0x80015000 0x00000001
core   0: 0x80013ce0 (0xff9ff06f) j       pc - 0x8
core   0: 3 0x80013ce0 (0xff9ff06f)
core   0: 0x80013cd8 (0x00001f17) auipc   t5, 0x1
core   0: 3 0x80013cd8 (0x00001f17) x30 0x80014cd8
core   0: 0x80013cdc (0x323f2423) sw      gp, 808(t5)
core   0: 3 0x80013cdc (0x323f2423) mem 0x80015000 0x00000001
core   0: 0x80013ce0 (0xff9ff06f) j       pc - 0x8
core   0: 3 0x80013ce0 (0xff9ff06f)
core   0: 0x80013cd8 (0x00001f17) auipc   t5, 0x1
core   0: 3 0x80013cd8 (0x00001f17) x30 0x80014cd8
core   0: 0x80013cdc (0x323f2423) sw      gp, 808(t5)
core   0: 3 0x80013cdc (0x323f2423) mem 0x80015000 0x00000001
core   0: 0x80013ce0 (0xff9ff06f) j       pc - 0x8
core   0: 3 0x80013ce0 (0xff9ff06f)
core   0: 0x80013cd8 (0x00001f17) auipc   t5, 0x1
core   0: 3 0x80013cd8 (0x00001f17) x30 0x80014cd8
core   0: 0x80013cdc (0x323f2423) sw      gp, 808(t5)
core   0: 3 0x80013cdc (0x323f2423) mem 0x80015000 0x00000001
core   0: 0x80013ce0 (0xff9ff06f) j       pc - 0x8
core   0: 3 0x80013ce0 (0xff9ff06f)
core   0: 0x80013cd8 (0x00001f17) auipc   t5, 0x1
core   0: 3 0x80013cd8 (0x00001f17) x30 0x80014cd8
core   0: 0x80013cdc (0x323f2423) sw      gp, 808(t5)
core   0: 3 0x80013cdc (0x323f2423) mem 0x80015000 0x00000001
core   0: 0x80013ce0 (0xff9ff06f) j       pc - 0x8
core   0: 3 0x80013ce0 (0xff9ff06f)
core   0: 0x80013cd8 (0x00001f17) auipc   t5, 0x1
core   0: 3 0x80013cd8 (0x00001f17) x30 0x80014cd8
core   0: 0x80013cdc (0x323f2423) sw      gp, 808(t5)
core   0: 3 0x80013cdc (0x323f2423) mem 0x80015000 0x00000001
core   0: 0x80013ce0 (0xff9ff06f) j       pc - 0x8
core   0: 3 0x80013ce0 (0xff9ff06f)
core   0: 0x80013cd8 (0x00001f17) auipc   t5, 0x1
core   0: 3 0x80013cd8 (0x00001f17) x30 0x80014cd8
core   0: 0x80013cdc (0x323f2423) sw      gp, 808(t5)
core   0: 3 0x80013cdc (0x323f2423) mem 0x80015000 0x00000001
core   0: 0x80013ce0 (0xff9ff06f) j       pc - 0x8
core   0: 3 0x80013ce0 (0xff9ff06f)
core   0: 0x80013cd8 (0x00001f17) auipc   t5, 0x1
core   0: 3 0x80013cd8 (0x00001f17) x30 0x80014cd8
core   0: 0x80013cdc (0x323f2423) sw      gp, 808(t5)
core   0: 3 0x80013cdc (0x323f2423) mem 0x80015000 0x00000001
core   0: 0x80013ce0 (0xff9ff06f) j       pc - 0x8
core   0: 3 0x80013ce0 (0xff9ff06f)
core   0: 0x80013cd8 (0x00001f17) auipc   t5, 0x1
core   0: 3 0x80013cd8 (0x00001f17) x30 0x80014cd8
core   0: 0x80013cdc (0x323f2423) sw      gp, 808(t5)
core   0: 3 0x80013cdc (0x323f2423) mem 0x80015000 0x00000001
core   0: 0x80013ce0 (0xff9ff06f) j       pc - 0x8
core   0: 3 0x80013ce0 (0xff9ff06f)
core   0: 0x80013cd8 (0x00001f17) auipc   t5, 0x1
core   0: 3 0x80013cd8 (0x00001f17) x30 0x80014cd8
core   0: 0x80013cdc (0x323f2423) sw      gp, 808(t5)
core   0: 3 0x80013cdc (0x323f2423) mem 0x80015000 0x00000001
core   0: 0x80013ce0 (0xff9ff06f) j       pc - 0x8
core   0: 3 0x80013ce0 (0xff9ff06f)
core   0: 0x80013cd8 (0x00001f17) auipc   t5, 0x1
core   0: 3 0x80013cd8 (0x00001f17) x30 0x80014cd8
core   0: 0x80013cdc (0x323f2423) sw      gp, 808(t5)
core   0: 3 0x80013cdc (0x323f2423) mem 0x80015000 0x00000001
core   0: 0x80013ce0 (0xff9ff06f) j       pc - 0x8
core   0: 3 0x80013ce0 (0xff9ff06f)
core   0: 0x80013cd8 (0x00001f17) auipc   t5, 0x1
core   0: 3 0x80013cd8 (0x00001f17) x30 0x80014cd8
core   0: 0x80013cdc (0x323f2423) sw      gp, 808(t5)
core   0: 3 0x80013cdc (0x323f2423) mem 0x80015000 0x00000001
core   0: 0x80013ce0 (0xff9ff06f) j       pc - 0x8
core   0: 3 0x80013ce0 (0xff9ff06f)
core   0: 0x80013cd8 (0x00001f17) auipc   t5, 0x1
core   0: 3 0x80013cd8 (0x00001f17) x30 0x80014cd8
core   0: 0x80013cdc (0x323f2423) sw      gp, 808(t5)
core   0: 3 0x80013cdc (0x323f2423) mem 0x80015000 0x00000001
core   0: 0x80013ce0 (0xff9ff06f) j       pc - 0x8
core   0: 3 0x80013ce0 (0xff9ff06f)
core   0: 0x80013cd8 (0x00001f17) auipc   t5, 0x1
core   0: 3 0x80013cd8 (0x00001f17) x30 0x80014cd8
core   0: 0x80013cdc (0x323f2423) sw      gp, 808(t5)
core   0: 3 0x80013cdc (0x323f2423) mem 0x80015000 0x00000001
core   0: 0x80013ce0 (0xff9ff06f) j       pc - 0x8
core   0: 3 0x80013ce0 (0xff9ff06f)
core   0: 0x80013cd8 (0x00001f17) auipc   t5, 0x1
core   0: 3 0x80013cd8 (0x00001f17) x30 0x80014cd8
core   0: 0x80013cdc (0x323f2423) sw      gp, 808(t5)
core   0: 3 0x80013cdc (0x323f2423) mem 0x80015000 0x00000001
core   0: 0x80013ce0 (0xff9ff06f) j       pc - 0x8
core   0: 3 0x80013ce0 (0xff9ff06f)
core   0: 0x80013cd8 (0x00001f17) auipc   t5, 0x1
core   0: 3 0x80013cd8 (0x00001f17) x30 0x80014cd8
core   0: 0x80013cdc (0x323f2423) sw      gp, 808(t5)
core   0: 3 0x80013cdc (0x323f2423) mem 0x80015000 0x00000001
core   0: 0x80013ce0 (0xff9ff06f) j       pc - 0x8
core   0: 3 0x80013ce0 (0xff9ff06f)
core   0: 0x80013cd8 (0x00001f17) auipc   t5, 0x1
core   0: 3 0x80013cd8 (0x00001f17) x30 0x80014cd8
core   0: 0x80013cdc (0x323f2423) sw      gp, 808(t5)
core   0: 3 0x80013cdc (0x323f2423) mem 0x80015000 0x00000001
core   0: 0x80013ce0 (0xff9ff06f) j       pc - 0x8
core   0: 3 0x80013ce0 (0xff9ff06f)
core   0: 0x80013cd8 (0x00001f17) auipc   t5, 0x1
core   0: 3 0x80013cd8 (0x00001f17) x30 0x80014cd8
core   0: 0x80013cdc (0x323f2423) sw      gp, 808(t5)
core   0: 3 0x80013cdc (0x323f2423) mem 0x80015000 0x00000001
core   0: 0x80013ce0 (0xff9ff06f) j       pc - 0x8
core   0: 3 0x80013ce0 (0xff9ff06f)
core   0: 0x80013cd8 (0x00001f17) auipc   t5, 0x1
core   0: 3 0x80013cd8 (0x00001f17) x30 0x80014cd8
core   0: 0x80013cdc (0x323f2423) sw      gp, 808(t5)
core   0: 3 0x80013cdc (0x323f2423) mem 0x80015000 0x00000001
core   0: 0x80013ce0 (0xff9ff06f) j       pc - 0x8
core   0: 3 0x80013ce0 (0xff9ff06f)
core   0: 0x80013cd8 (0x00001f17) auipc   t5, 0x1
core   0: 3 0x80013cd8 (0x00001f17) x30 0x80014cd8
core   0: 0x80013cdc (0x323f2423) sw      gp, 808(t5)
core   0: 3 0x80013cdc (0x323f2423) mem 0x80015000 0x00000001
core   0: 0x80013ce0 (0xff9ff06f) j       pc - 0x8
core   0: 3 0x80013ce0 (0xff9ff06f)
core   0: 0x80013cd8 (0x00001f17) auipc   t5, 0x1
core   0: 3 0x80013cd8 (0x00001f17) x30 0x80014cd8
core   0: 0x80013cdc (0x323f2423) sw      gp, 808(t5)
core   0: 3 0x80013cdc (0x323f2423) mem 0x80015000 0x00000001
core   0: 0x80013ce0 (0xff9ff06f) j       pc - 0x8
core   0: 3 0x80013ce0 (0xff9ff06f)
core   0: 0x80013cd8 (0x00001f17) auipc   t5, 0x1
core   0: 3 0x80013cd8 (0x00001f17) x30 0x80014cd8
core   0: 0x80013cdc (0x323f2423) sw      gp, 808(t5)
core   0: 3 0x80013cdc (0x323f2423) mem 0x80015000 0x00000001
core   0: 0x80013ce0 (0xff9ff06f) j       pc - 0x8
core   0: 3 0x80013ce0 (0xff9ff06f)
core   0: 0x80013cd8 (0x00001f17) auipc   t5, 0x1
core   0: 3 0x80013cd8 (0x00001f17) x30 0x80014cd8
core   0: 0x80013cdc (0x323f2423) sw      gp, 808(t5)
core   0: 3 0x80013cdc (0x323f2423) mem 0x80015000 0x00000001
core   0: 0x80013ce0 (0xff9ff06f) j       pc - 0x8
core   0: 3 0x80013ce0 (0xff9ff06f)
core   0: 0x80013cd8 (0x00001f17) auipc   t5, 0x1
core   0: 3 0x80013cd8 (0x00001f17) x30 0x80014cd8
core   0: 0x80013cdc (0x323f2423) sw      gp, 808(t5)
core   0: 3 0x80013cdc (0x323f2423) mem 0x80015000 0x00000001
core   0: 0x80013ce0 (0xff9ff06f) j       pc - 0x8
core   0: 3 0x80013ce0 (0xff9ff06f)
core   0: 0x80013cd8 (0x00001f17) auipc   t5, 0x1
core   0: 3 0x80013cd8 (0x00001f17) x30 0x80014cd8
core   0: 0x80013cdc (0x323f2423) sw      gp, 808(t5)
core   0: 3 0x80013cdc (0x323f2423) mem 0x80015000 0x00000001
core   0: 0x80013ce0 (0xff9ff06f) j       pc - 0x8
core   0: 3 0x80013ce0 (0xff9ff06f)
core   0: 0x80013cd8 (0x00001f17) auipc   t5, 0x1
core   0: 3 0x80013cd8 (0x00001f17) x30 0x80014cd8
core   0: 0x80013cdc (0x323f2423) sw      gp, 808(t5)
core   0: 3 0x80013cdc (0x323f2423) mem 0x80015000 0x00000001
core   0: 0x80013ce0 (0xff9ff06f) j       pc - 0x8
core   0: 3 0x80013ce0 (0xff9ff06f)
core   0: 0x80013cd8 (0x00001f17) auipc   t5, 0x1
core   0: 3 0x80013cd8 (0x00001f17) x30 0x80014cd8
core   0: 0x80013cdc (0x323f2423) sw      gp, 808(t5)
core   0: 3 0x80013cdc (0x323f2423) mem 0x80015000 0x00000001
core   0: 0x80013ce0 (0xff9ff06f) j       pc - 0x8
core   0: 3 0x80013ce0 (0xff9ff06f)
core   0: 0x80013cd8 (0x00001f17) auipc   t5, 0x1
core   0: 3 0x80013cd8 (0x00001f17) x30 0x80014cd8
core   0: 0x80013cdc (0x323f2423) sw      gp, 808(t5)
core   0: 3 0x80013cdc (0x323f2423) mem 0x80015000 0x00000001
core   0: 0x80013ce0 (0xff9ff06f) j       pc - 0x8
core   0: 3 0x80013ce0 (0xff9ff06f)
core   0: 0x80013cd8 (0x00001f17) auipc   t5, 0x1
core   0: 3 0x80013cd8 (0x00001f17) x30 0x80014cd8
core   0: 0x80013cdc (0x323f2423) sw      gp, 808(t5)
core   0: 3 0x80013cdc (0x323f2423) mem 0x80015000 0x00000001
core   0: 0x80013ce0 (0xff9ff06f) j       pc - 0x8
core   0: 3 0x80013ce0 (0xff9ff06f)
core   0: 0x80013cd8 (0x00001f17) auipc   t5, 0x1
core   0: 3 0x80013cd8 (0x00001f17) x30 0x80014cd8
core   0: 0x80013cdc (0x323f2423) sw      gp, 808(t5)
core   0: 3 0x80013cdc (0x323f2423) mem 0x80015000 0x00000001
core   0: 0x80013ce0 (0xff9ff06f) j       pc - 0x8
core   0: 3 0x80013ce0 (0xff9ff06f)
core   0: 0x80013cd8 (0x00001f17) auipc   t5, 0x1
core   0: 3 0x80013cd8 (0x00001f17) x30 0x80014cd8
core   0: 0x80013cdc (0x323f2423) sw      gp, 808(t5)
core   0: 3 0x80013cdc (0x323f2423) mem 0x80015000 0x00000001
core   0: 0x80013ce0 (0xff9ff06f) j       pc - 0x8
core   0: 3 0x80013ce0 (0xff9ff06f)
core   0: 0x80013cd8 (0x00001f17) auipc   t5, 0x1
core   0: 3 0x80013cd8 (0x00001f17) x30 0x80014cd8
core   0: 0x80013cdc (0x323f2423) sw      gp, 808(t5)
core   0: 3 0x80013cdc (0x323f2423) mem 0x80015000 0x00000001
core   0: 0x80013ce0 (0xff9ff06f) j       pc - 0x8
core   0: 3 0x80013ce0 (0xff9ff06f)
core   0: 0x80013cd8 (0x00001f17) auipc   t5, 0x1
core   0: 3 0x80013cd8 (0x00001f17) x30 0x80014cd8
core   0: 0x80013cdc (0x323f2423) sw      gp, 808(t5)
core   0: 3 0x80013cdc (0x323f2423) mem 0x80015000 0x00000001
core   0: 0x80013ce0 (0xff9ff06f) j       pc - 0x8
core   0: 3 0x80013ce0 (0xff9ff06f)
core   0: 0x80013cd8 (0x00001f17) auipc   t5, 0x1
core   0: 3 0x80013cd8 (0x00001f17) x30 0x80014cd8
core   0: 0x80013cdc (0x323f2423) sw      gp, 808(t5)
core   0: 3 0x80013cdc (0x323f2423) mem 0x80015000 0x00000001
core   0: 0x80013ce0 (0xff9ff06f) j       pc - 0x8
core   0: 3 0x80013ce0 (0xff9ff06f)
core   0: 0x80013cd8 (0x00001f17) auipc   t5, 0x1
core   0: 3 0x80013cd8 (0x00001f17) x30 0x80014cd8
core   0: 0x80013cdc (0x323f2423) sw      gp, 808(t5)
core   0: 3 0x80013cdc (0x323f2423) mem 0x80015000 0x00000001
core   0: 0x80013ce0 (0xff9ff06f) j       pc - 0x8
core   0: 3 0x80013ce0 (0xff9ff06f)
core   0: 0x80013cd8 (0x00001f17) auipc   t5, 0x1
core   0: 3 0x80013cd8 (0x00001f17) x30 0x80014cd8
core   0: 0x80013cdc (0x323f2423) sw      gp, 808(t5)
core   0: 3 0x80013cdc (0x323f2423) mem 0x80015000 0x00000001
core   0: 0x80013ce0 (0xff9ff06f) j       pc - 0x8
core   0: 3 0x80013ce0 (0xff9ff06f)
core   0: 0x80013cd8 (0x00001f17) auipc   t5, 0x1
core   0: 3 0x80013cd8 (0x00001f17) x30 0x80014cd8
core   0: 0x80013cdc (0x323f2423) sw      gp, 808(t5)
core   0: 3 0x80013cdc (0x323f2423) mem 0x80015000 0x00000001
core   0: 0x80013ce0 (0xff9ff06f) j       pc - 0x8
core   0: 3 0x80013ce0 (0xff9ff06f)
core   0: 0x80013cd8 (0x00001f17) auipc   t5, 0x1
core   0: 3 0x80013cd8 (0x00001f17) x30 0x80014cd8
core   0: 0x80013cdc (0x323f2423) sw      gp, 808(t5)
core   0: 3 0x80013cdc (0x323f2423) mem 0x80015000 0x00000001
core   0: 0x80013ce0 (0xff9ff06f) j       pc - 0x8
core   0: 3 0x80013ce0 (0xff9ff06f)
core   0: 0x80013cd8 (0x00001f17) auipc   t5, 0x1
core   0: 3 0x80013cd8 (0x00001f17) x30 0x80014cd8
core   0: 0x80013cdc (0x323f2423) sw      gp, 808(t5)
core   0: 3 0x80013cdc (0x323f2423) mem 0x80015000 0x00000001
core   0: 0x80013ce0 (0xff9ff06f) j       pc - 0x8
core   0: 3 0x80013ce0 (0xff9ff06f)
core   0: 0x80013cd8 (0x00001f17) auipc   t5, 0x1
core   0: 3 0x80013cd8 (0x00001f17) x30 0x80014cd8
core   0: 0x80013cdc (0x323f2423) sw      gp, 808(t5)
core   0: 3 0x80013cdc (0x323f2423) mem 0x80015000 0x00000001
core   0: 0x80013ce0 (0xff9ff06f) j       pc - 0x8
core   0: 3 0x80013ce0 (0xff9ff06f)
core   0: 0x80013cd8 (0x00001f17) auipc   t5, 0x1
core   0: 3 0x80013cd8 (0x00001f17) x30 0x80014cd8
core   0: 0x80013cdc (0x323f2423) sw      gp, 808(t5)
core   0: 3 0x80013cdc (0x323f2423) mem 0x80015000 0x00000001
core   0: 0x80013ce0 (0xff9ff06f) j       pc - 0x8
core   0: 3 0x80013ce0 (0xff9ff06f)
core   0: 0x80013cd8 (0x00001f17) auipc   t5, 0x1
core   0: 3 0x80013cd8 (0x00001f17) x30 0x80014cd8
core   0: 0x80013cdc (0x323f2423) sw      gp, 808(t5)
core   0: 3 0x80013cdc (0x323f2423) mem 0x80015000 0x00000001
core   0: 0x80013ce0 (0xff9ff06f) j       pc - 0x8
core   0: 3 0x80013ce0 (0xff9ff06f)
core   0: 0x80013cd8 (0x00001f17) auipc   t5, 0x1
core   0: 3 0x80013cd8 (0x00001f17) x30 0x80014cd8
core   0: 0x80013cdc (0x323f2423) sw      gp, 808(t5)
core   0: 3 0x80013cdc (0x323f2423) mem 0x80015000 0x00000001
core   0: 0x80013ce0 (0xff9ff06f) j       pc - 0x8
core   0: 3 0x80013ce0 (0xff9ff06f)
core   0: 0x80013cd8 (0x00001f17) auipc   t5, 0x1
core   0: 3 0x80013cd8 (0x00001f17) x30 0x80014cd8
core   0: 0x80013cdc (0x323f2423) sw      gp, 808(t5)
core   0: 3 0x80013cdc (0x323f2423) mem 0x80015000 0x00000001
core   0: 0x80013ce0 (0xff9ff06f) j       pc - 0x8
core   0: 3 0x80013ce0 (0xff9ff06f)
core   0: 0x80013cd8 (0x00001f17) auipc   t5, 0x1
core   0: 3 0x80013cd8 (0x00001f17) x30 0x80014cd8
core   0: 0x80013cdc (0x323f2423) sw      gp, 808(t5)
core   0: 3 0x80013cdc (0x323f2423) mem 0x80015000 0x00000001
core   0: 0x80013ce0 (0xff9ff06f) j       pc - 0x8
core   0: 3 0x80013ce0 (0xff9ff06f)
core   0: 0x80013cd8 (0x00001f17) auipc   t5, 0x1
core   0: 3 0x80013cd8 (0x00001f17) x30 0x80014cd8
core   0: 0x80013cdc (0x323f2423) sw      gp, 808(t5)
core   0: 3 0x80013cdc (0x323f2423) mem 0x80015000 0x00000001
core   0: 0x80013ce0 (0xff9ff06f) j       pc - 0x8
core   0: 3 0x80013ce0 (0xff9ff06f)
core   0: 0x80013cd8 (0x00001f17) auipc   t5, 0x1
core   0: 3 0x80013cd8 (0x00001f17) x30 0x80014cd8
core   0: 0x80013cdc (0x323f2423) sw      gp, 808(t5)
core   0: 3 0x80013cdc (0x323f2423) mem 0x80015000 0x00000001
core   0: 0x80013ce0 (0xff9ff06f) j       pc - 0x8
core   0: 3 0x80013ce0 (0xff9ff06f)
core   0: 0x80013cd8 (0x00001f17) auipc   t5, 0x1
core   0: 3 0x80013cd8 (0x00001f17) x30 0x80014cd8
core   0: 0x80013cdc (0x323f2423) sw      gp, 808(t5)
core   0: 3 0x80013cdc (0x323f2423) mem 0x80015000 0x00000001
core   0: 0x80013ce0 (0xff9ff06f) j       pc - 0x8
core   0: 3 0x80013ce0 (0xff9ff06f)
core   0: 0x80013cd8 (0x00001f17) auipc   t5, 0x1
core   0: 3 0x80013cd8 (0x00001f17) x30 0x80014cd8
core   0: 0x80013cdc (0x323f2423) sw      gp, 808(t5)
core   0: 3 0x80013cdc (0x323f2423) mem 0x80015000 0x00000001
core   0: 0x80013ce0 (0xff9ff06f) j       pc - 0x8
core   0: 3 0x80013ce0 (0xff9ff06f)
core   0: 0x80013cd8 (0x00001f17) auipc   t5, 0x1
core   0: 3 0x80013cd8 (0x00001f17) x30 0x80014cd8
core   0: 0x80013cdc (0x323f2423) sw      gp, 808(t5)
core   0: 3 0x80013cdc (0x323f2423) mem 0x80015000 0x00000001
core   0: 0x80013ce0 (0xff9ff06f) j       pc - 0x8
core   0: 3 0x80013ce0 (0xff9ff06f)
core   0: 0x80013cd8 (0x00001f17) auipc   t5, 0x1
core   0: 3 0x80013cd8 (0x00001f17) x30 0x80014cd8
core   0: 0x80013cdc (0x323f2423) sw      gp, 808(t5)
core   0: 3 0x80013cdc (0x323f2423) mem 0x80015000 0x00000001
core   0: 0x80013ce0 (0xff9ff06f) j       pc - 0x8
core   0: 3 0x80013ce0 (0xff9ff06f)
core   0: 0x80013cd8 (0x00001f17) auipc   t5, 0x1
core   0: 3 0x80013cd8 (0x00001f17) x30 0x80014cd8
core   0: 0x80013cdc (0x323f2423) sw      gp, 808(t5)
core   0: 3 0x80013cdc (0x323f2423) mem 0x80015000 0x00000001
core   0: 0x80013ce0 (0xff9ff06f) j       pc - 0x8
core   0: 3 0x80013ce0 (0xff9ff06f)
core   0: 0x80013cd8 (0x00001f17) auipc   t5, 0x1
core   0: 3 0x80013cd8 (0x00001f17) x30 0x80014cd8
core   0: 0x80013cdc (0x323f2423) sw      gp, 808(t5)
core   0: 3 0x80013cdc (0x323f2423) mem 0x80015000 0x00000001
core   0: 0x80013ce0 (0xff9ff06f) j       pc - 0x8
core   0: 3 0x80013ce0 (0xff9ff06f)
core   0: 0x80013cd8 (0x00001f17) auipc   t5, 0x1
core   0: 3 0x80013cd8 (0x00001f17) x30 0x80014cd8
core   0: 0x80013cdc (0x323f2423) sw      gp, 808(t5)
core   0: 3 0x80013cdc (0x323f2423) mem 0x80015000 0x00000001
core   0: 0x80013ce0 (0xff9ff06f) j       pc - 0x8
core   0: 3 0x80013ce0 (0xff9ff06f)
core   0: 0x80013cd8 (0x00001f17) auipc   t5, 0x1
core   0: 3 0x80013cd8 (0x00001f17) x30 0x80014cd8
core   0: 0x80013cdc (0x323f2423) sw      gp, 808(t5)
core   0: 3 0x80013cdc (0x323f2423) mem 0x80015000 0x00000001
core   0: 0x80013ce0 (0xff9ff06f) j       pc - 0x8
core   0: 3 0x80013ce0 (0xff9ff06f)
core   0: 0x80013cd8 (0x00001f17) auipc   t5, 0x1
core   0: 3 0x80013cd8 (0x00001f17) x30 0x80014cd8
core   0: 0x80013cdc (0x323f2423) sw      gp, 808(t5)
core   0: 3 0x80013cdc (0x323f2423) mem 0x80015000 0x00000001
core   0: 0x80013ce0 (0xff9ff06f) j       pc - 0x8
core   0: 3 0x80013ce0 (0xff9ff06f)
core   0: 0x80013cd8 (0x00001f17) auipc   t5, 0x1
core   0: 3 0x80013cd8 (0x00001f17) x30 0x80014cd8
core   0: 0x80013cdc (0x323f2423) sw      gp, 808(t5)
core   0: 3 0x80013cdc (0x323f2423) mem 0x80015000 0x00000001
core   0: 0x80013ce0 (0xff9ff06f) j       pc - 0x8
core   0: 3 0x80013ce0 (0xff9ff06f)
core   0: 0x80013cd8 (0x00001f17) auipc   t5, 0x1
core   0: 3 0x80013cd8 (0x00001f17) x30 0x80014cd8
core   0: 0x80013cdc (0x323f2423) sw      gp, 808(t5)
core   0: 3 0x80013cdc (0x323f2423) mem 0x80015000 0x00000001
core   0: 0x80013ce0 (0xff9ff06f) j       pc - 0x8
core   0: 3 0x80013ce0 (0xff9ff06f)
core   0: 0x80013cd8 (0x00001f17) auipc   t5, 0x1
core   0: 3 0x80013cd8 (0x00001f17) x30 0x80014cd8
core   0: 0x80013cdc (0x323f2423) sw      gp, 808(t5)
core   0: 3 0x80013cdc (0x323f2423) mem 0x80015000 0x00000001
core   0: 0x80013ce0 (0xff9ff06f) j       pc - 0x8
core   0: 3 0x80013ce0 (0xff9ff06f)
core   0: 0x80013cd8 (0x00001f17) auipc   t5, 0x1
core   0: 3 0x80013cd8 (0x00001f17) x30 0x80014cd8
core   0: 0x80013cdc (0x323f2423) sw      gp, 808(t5)
core   0: 3 0x80013cdc (0x323f2423) mem 0x80015000 0x00000001
core   0: 0x80013ce0 (0xff9ff06f) j       pc - 0x8
core   0: 3 0x80013ce0 (0xff9ff06f)
core   0: 0x80013cd8 (0x00001f17) auipc   t5, 0x1
core   0: 3 0x80013cd8 (0x00001f17) x30 0x80014cd8
core   0: 0x80013cdc (0x323f2423) sw      gp, 808(t5)
core   0: 3 0x80013cdc (0x323f2423) mem 0x80015000 0x00000001
core   0: 0x80013ce0 (0xff9ff06f) j       pc - 0x8
core   0: 3 0x80013ce0 (0xff9ff06f)
core   0: 0x80013cd8 (0x00001f17) auipc   t5, 0x1
core   0: 3 0x80013cd8 (0x00001f17) x30 0x80014cd8
core   0: 0x80013cdc (0x323f2423) sw      gp, 808(t5)
core   0: 3 0x80013cdc (0x323f2423) mem 0x80015000 0x00000001
core   0: 0x80013ce0 (0xff9ff06f) j       pc - 0x8
core   0: 3 0x80013ce0 (0xff9ff06f)
core   0: 0x80013cd8 (0x00001f17) auipc   t5, 0x1
core   0: 3 0x80013cd8 (0x00001f17) x30 0x80014cd8
core   0: 0x80013cdc (0x323f2423) sw      gp, 808(t5)
core   0: 3 0x80013cdc (0x323f2423) mem 0x80015000 0x00000001
core   0: 0x80013ce0 (0xff9ff06f) j       pc - 0x8
core   0: 3 0x80013ce0 (0xff9ff06f)
core   0: 0x80013cd8 (0x00001f17) auipc   t5, 0x1
core   0: 3 0x80013cd8 (0x00001f17) x30 0x80014cd8
core   0: 0x80013cdc (0x323f2423) sw      gp, 808(t5)
core   0: 3 0x80013cdc (0x323f2423) mem 0x80015000 0x00000001
core   0: 0x80013ce0 (0xff9ff06f) j       pc - 0x8
core   0: 3 0x80013ce0 (0xff9ff06f)
core   0: 0x80013cd8 (0x00001f17) auipc   t5, 0x1
core   0: 3 0x80013cd8 (0x00001f17) x30 0x80014cd8
core   0: 0x80013cdc (0x323f2423) sw      gp, 808(t5)
core   0: 3 0x80013cdc (0x323f2423) mem 0x80015000 0x00000001
core   0: 0x80013ce0 (0xff9ff06f) j       pc - 0x8
core   0: 3 0x80013ce0 (0xff9ff06f)
core   0: 0x80013cd8 (0x00001f17) auipc   t5, 0x1
core   0: 3 0x80013cd8 (0x00001f17) x30 0x80014cd8
core   0: 0x80013cdc (0x323f2423) sw      gp, 808(t5)
core   0: 3 0x80013cdc (0x323f2423) mem 0x80015000 0x00000001
core   0: 0x80013ce0 (0xff9ff06f) j       pc - 0x8
core   0: 3 0x80013ce0 (0xff9ff06f)
core   0: 0x80013cd8 (0x00001f17) auipc   t5, 0x1
core   0: 3 0x80013cd8 (0x00001f17) x30 0x80014cd8
core   0: 0x80013cdc (0x323f2423) sw      gp, 808(t5)
core   0: 3 0x80013cdc (0x323f2423) mem 0x80015000 0x00000001
core   0: 0x80013ce0 (0xff9ff06f) j       pc - 0x8
core   0: 3 0x80013ce0 (0xff9ff06f)
core   0: 0x80013cd8 (0x00001f17) auipc   t5, 0x1
core   0: 3 0x80013cd8 (0x00001f17) x30 0x80014cd8
core   0: 0x80013cdc (0x323f2423) sw      gp, 808(t5)
core   0: 3 0x80013cdc (0x323f2423) mem 0x80015000 0x00000001
core   0: 0x80013ce0 (0xff9ff06f) j       pc - 0x8
core   0: 3 0x80013ce0 (0xff9ff06f)
core   0: 0x80013cd8 (0x00001f17) auipc   t5, 0x1
core   0: 3 0x80013cd8 (0x00001f17) x30 0x80014cd8
core   0: 0x80013cdc (0x323f2423) sw      gp, 808(t5)
core   0: 3 0x80013cdc (0x323f2423) mem 0x80015000 0x00000001
core   0: 0x80013ce0 (0xff9ff06f) j       pc - 0x8
core   0: 3 0x80013ce0 (0xff9ff06f)
core   0: 0x80013cd8 (0x00001f17) auipc   t5, 0x1
core   0: 3 0x80013cd8 (0x00001f17) x30 0x80014cd8
core   0: 0x80013cdc (0x323f2423) sw      gp, 808(t5)
core   0: 3 0x80013cdc (0x323f2423) mem 0x80015000 0x00000001
core   0: 0x80013ce0 (0xff9ff06f) j       pc - 0x8
core   0: 3 0x80013ce0 (0xff9ff06f)
core   0: 0x80013cd8 (0x00001f17) auipc   t5, 0x1
core   0: 3 0x80013cd8 (0x00001f17) x30 0x80014cd8
core   0: 0x80013cdc (0x323f2423) sw      gp, 808(t5)
core   0: 3 0x80013cdc (0x323f2423) mem 0x80015000 0x00000001
core   0: 0x80013ce0 (0xff9ff06f) j       pc - 0x8
core   0: 3 0x80013ce0 (0xff9ff06f)
core   0: 0x80013cd8 (0x00001f17) auipc   t5, 0x1
core   0: 3 0x80013cd8 (0x00001f17) x30 0x80014cd8
core   0: 0x80013cdc (0x323f2423) sw      gp, 808(t5)
core   0: 3 0x80013cdc (0x323f2423) mem 0x80015000 0x00000001
core   0: 0x80013ce0 (0xff9ff06f) j       pc - 0x8
core   0: 3 0x80013ce0 (0xff9ff06f)
core   0: 0x80013cd8 (0x00001f17) auipc   t5, 0x1
core   0: 3 0x80013cd8 (0x00001f17) x30 0x80014cd8
core   0: 0x80013cdc (0x323f2423) sw      gp, 808(t5)
core   0: 3 0x80013cdc (0x323f2423) mem 0x80015000 0x00000001
core   0: 0x80013ce0 (0xff9ff06f) j       pc - 0x8
core   0: 3 0x80013ce0 (0xff9ff06f)
core   0: 0x80013cd8 (0x00001f17) auipc   t5, 0x1
core   0: 3 0x80013cd8 (0x00001f17) x30 0x80014cd8
core   0: 0x80013cdc (0x323f2423) sw      gp, 808(t5)
core   0: 3 0x80013cdc (0x323f2423) mem 0x80015000 0x00000001
core   0: 0x80013ce0 (0xff9ff06f) j       pc - 0x8
core   0: 3 0x80013ce0 (0xff9ff06f)
core   0: 0x80013cd8 (0x00001f17) auipc   t5, 0x1
core   0: 3 0x80013cd8 (0x00001f17) x30 0x80014cd8
core   0: 0x80013cdc (0x323f2423) sw      gp, 808(t5)
core   0: 3 0x80013cdc (0x323f2423) mem 0x80015000 0x00000001
core   0: 0x80013ce0 (0xff9ff06f) j       pc - 0x8
core   0: 3 0x80013ce0 (0xff9ff06f)
core   0: 0x80013cd8 (0x00001f17) auipc   t5, 0x1
core   0: 3 0x80013cd8 (0x00001f17) x30 0x80014cd8
core   0: 0x80013cdc (0x323f2423) sw      gp, 808(t5)
core   0: 3 0x80013cdc (0x323f2423) mem 0x80015000 0x00000001
core   0: 0x80013ce0 (0xff9ff06f) j       pc - 0x8
core   0: 3 0x80013ce0 (0xff9ff06f)
core   0: 0x80013cd8 (0x00001f17) auipc   t5, 0x1
core   0: 3 0x80013cd8 (0x00001f17) x30 0x80014cd8
core   0: 0x80013cdc (0x323f2423) sw      gp, 808(t5)
core   0: 3 0x80013cdc (0x323f2423) mem 0x80015000 0x00000001
core   0: 0x80013ce0 (0xff9ff06f) j       pc - 0x8
core   0: 3 0x80013ce0 (0xff9ff06f)
core   0: 0x80013cd8 (0x00001f17) auipc   t5, 0x1
core   0: 3 0x80013cd8 (0x00001f17) x30 0x80014cd8
core   0: 0x80013cdc (0x323f2423) sw      gp, 808(t5)
core   0: 3 0x80013cdc (0x323f2423) mem 0x80015000 0x00000001
core   0: 0x80013ce0 (0xff9ff06f) j       pc - 0x8
core   0: 3 0x80013ce0 (0xff9ff06f)
core   0: 0x80013cd8 (0x00001f17) auipc   t5, 0x1
core   0: 3 0x80013cd8 (0x00001f17) x30 0x80014cd8
core   0: 0x80013cdc (0x323f2423) sw      gp, 808(t5)
core   0: 3 0x80013cdc (0x323f2423) mem 0x80015000 0x00000001
core   0: 0x80013ce0 (0xff9ff06f) j       pc - 0x8
core   0: 3 0x80013ce0 (0xff9ff06f)
core   0: 0x80013cd8 (0x00001f17) auipc   t5, 0x1
core   0: 3 0x80013cd8 (0x00001f17) x30 0x80014cd8
core   0: 0x80013cdc (0x323f2423) sw      gp, 808(t5)
core   0: 3 0x80013cdc (0x323f2423) mem 0x80015000 0x00000001
core   0: 0x80013ce0 (0xff9ff06f) j       pc - 0x8
core   0: 3 0x80013ce0 (0xff9ff06f)
core   0: 0x80013cd8 (0x00001f17) auipc   t5, 0x1
core   0: 3 0x80013cd8 (0x00001f17) x30 0x80014cd8
core   0: 0x80013cdc (0x323f2423) sw      gp, 808(t5)
core   0: 3 0x80013cdc (0x323f2423) mem 0x80015000 0x00000001
core   0: 0x80013ce0 (0xff9ff06f) j       pc - 0x8
core   0: 3 0x80013ce0 (0xff9ff06f)
core   0: 0x80013cd8 (0x00001f17) auipc   t5, 0x1
core   0: 3 0x80013cd8 (0x00001f17) x30 0x80014cd8
core   0: 0x80013cdc (0x323f2423) sw      gp, 808(t5)
core   0: 3 0x80013cdc (0x323f2423) mem 0x80015000 0x00000001
core   0: 0x80013ce0 (0xff9ff06f) j       pc - 0x8
core   0: 3 0x80013ce0 (0xff9ff06f)
core   0: 0x80013cd8 (0x00001f17) auipc   t5, 0x1
core   0: 3 0x80013cd8 (0x00001f17) x30 0x80014cd8
core   0: 0x80013cdc (0x323f2423) sw      gp, 808(t5)
core   0: 3 0x80013cdc (0x323f2423) mem 0x80015000 0x00000001
core   0: 0x80013ce0 (0xff9ff06f) j       pc - 0x8
core   0: 3 0x80013ce0 (0xff9ff06f)
core   0: 0x80013cd8 (0x00001f17) auipc   t5, 0x1
core   0: 3 0x80013cd8 (0x00001f17) x30 0x80014cd8
core   0: 0x80013cdc (0x323f2423) sw      gp, 808(t5)
core   0: 3 0x80013cdc (0x323f2423) mem 0x80015000 0x00000001
core   0: 0x80013ce0 (0xff9ff06f) j       pc - 0x8
core   0: 3 0x80013ce0 (0xff9ff06f)
core   0: 0x80013cd8 (0x00001f17) auipc   t5, 0x1
core   0: 3 0x80013cd8 (0x00001f17) x30 0x80014cd8
core   0: 0x80013cdc (0x323f2423) sw      gp, 808(t5)
core   0: 3 0x80013cdc (0x323f2423) mem 0x80015000 0x00000001
core   0: 0x80013ce0 (0xff9ff06f) j       pc - 0x8
core   0: 3 0x80013ce0 (0xff9ff06f)
core   0: 0x80013cd8 (0x00001f17) auipc   t5, 0x1
core   0: 3 0x80013cd8 (0x00001f17) x30 0x80014cd8
core   0: 0x80013cdc (0x323f2423) sw      gp, 808(t5)
core   0: 3 0x80013cdc (0x323f2423) mem 0x80015000 0x00000001
core   0: 0x80013ce0 (0xff9ff06f) j       pc - 0x8
core   0: 3 0x80013ce0 (0xff9ff06f)
core   0: 0x80013cd8 (0x00001f17) auipc   t5, 0x1
core   0: 3 0x80013cd8 (0x00001f17) x30 0x80014cd8
core   0: 0x80013cdc (0x323f2423) sw      gp, 808(t5)
core   0: 3 0x80013cdc (0x323f2423) mem 0x80015000 0x00000001
core   0: 0x80013ce0 (0xff9ff06f) j       pc - 0x8
core   0: 3 0x80013ce0 (0xff9ff06f)
core   0: 0x80013cd8 (0x00001f17) auipc   t5, 0x1
core   0: 3 0x80013cd8 (0x00001f17) x30 0x80014cd8
core   0: 0x80013cdc (0x323f2423) sw      gp, 808(t5)
core   0: 3 0x80013cdc (0x323f2423) mem 0x80015000 0x00000001
core   0: 0x80013ce0 (0xff9ff06f) j       pc - 0x8
core   0: 3 0x80013ce0 (0xff9ff06f)
core   0: 0x80013cd8 (0x00001f17) auipc   t5, 0x1
core   0: 3 0x80013cd8 (0x00001f17) x30 0x80014cd8
core   0: 0x80013cdc (0x323f2423) sw      gp, 808(t5)
core   0: 3 0x80013cdc (0x323f2423) mem 0x80015000 0x00000001
core   0: 0x80013ce0 (0xff9ff06f) j       pc - 0x8
core   0: 3 0x80013ce0 (0xff9ff06f)
core   0: 0x80013cd8 (0x00001f17) auipc   t5, 0x1
core   0: 3 0x80013cd8 (0x00001f17) x30 0x80014cd8
core   0: 0x80013cdc (0x323f2423) sw      gp, 808(t5)
core   0: 3 0x80013cdc (0x323f2423) mem 0x80015000 0x00000001
core   0: 0x80013ce0 (0xff9ff06f) j       pc - 0x8
core   0: 3 0x80013ce0 (0xff9ff06f)
core   0: 0x80013cd8 (0x00001f17) auipc   t5, 0x1
core   0: 3 0x80013cd8 (0x00001f17) x30 0x80014cd8
core   0: 0x80013cdc (0x323f2423) sw      gp, 808(t5)
core   0: 3 0x80013cdc (0x323f2423) mem 0x80015000 0x00000001
core   0: 0x80013ce0 (0xff9ff06f) j       pc - 0x8
core   0: 3 0x80013ce0 (0xff9ff06f)
core   0: 0x80013cd8 (0x00001f17) auipc   t5, 0x1
core   0: 3 0x80013cd8 (0x00001f17) x30 0x80014cd8
core   0: 0x80013cdc (0x323f2423) sw      gp, 808(t5)
core   0: 3 0x80013cdc (0x323f2423) mem 0x80015000 0x00000001
core   0: 0x80013ce0 (0xff9ff06f) j       pc - 0x8
core   0: 3 0x80013ce0 (0xff9ff06f)
core   0: 0x80013cd8 (0x00001f17) auipc   t5, 0x1
core   0: 3 0x80013cd8 (0x00001f17) x30 0x80014cd8
core   0: 0x80013cdc (0x323f2423) sw      gp, 808(t5)
core   0: 3 0x80013cdc (0x323f2423) mem 0x80015000 0x00000001
core   0: 0x80013ce0 (0xff9ff06f) j       pc - 0x8
core   0: 3 0x80013ce0 (0xff9ff06f)
core   0: 0x80013cd8 (0x00001f17) auipc   t5, 0x1
core   0: 3 0x80013cd8 (0x00001f17) x30 0x80014cd8
core   0: 0x80013cdc (0x323f2423) sw      gp, 808(t5)
core   0: 3 0x80013cdc (0x323f2423) mem 0x80015000 0x00000001
core   0: 0x80013ce0 (0xff9ff06f) j       pc - 0x8
core   0: 3 0x80013ce0 (0xff9ff06f)
core   0: 0x80013cd8 (0x00001f17) auipc   t5, 0x1
core   0: 3 0x80013cd8 (0x00001f17) x30 0x80014cd8
core   0: 0x80013cdc (0x323f2423) sw      gp, 808(t5)
core   0: 3 0x80013cdc (0x323f2423) mem 0x80015000 0x00000001
core   0: 0x80013ce0 (0xff9ff06f) j       pc - 0x8
core   0: 3 0x80013ce0 (0xff9ff06f)
core   0: 0x80013cd8 (0x00001f17) auipc   t5, 0x1
core   0: 3 0x80013cd8 (0x00001f17) x30 0x80014cd8
core   0: 0x80013cdc (0x323f2423) sw      gp, 808(t5)
core   0: 3 0x80013cdc (0x323f2423) mem 0x80015000 0x00000001
core   0: 0x80013ce0 (0xff9ff06f) j       pc - 0x8
core   0: 3 0x80013ce0 (0xff9ff06f)
core   0: 0x80013cd8 (0x00001f17) auipc   t5, 0x1
core   0: 3 0x80013cd8 (0x00001f17) x30 0x80014cd8
core   0: 0x80013cdc (0x323f2423) sw      gp, 808(t5)
core   0: 3 0x80013cdc (0x323f2423) mem 0x80015000 0x00000001
core   0: 0x80013ce0 (0xff9ff06f) j       pc - 0x8
core   0: 3 0x80013ce0 (0xff9ff06f)
core   0: 0x80013cd8 (0x00001f17) auipc   t5, 0x1
core   0: 3 0x80013cd8 (0x00001f17) x30 0x80014cd8
core   0: 0x80013cdc (0x323f2423) sw      gp, 808(t5)
core   0: 3 0x80013cdc (0x323f2423) mem 0x80015000 0x00000001
core   0: 0x80013ce0 (0xff9ff06f) j       pc - 0x8
core   0: 3 0x80013ce0 (0xff9ff06f)
core   0: 0x80013cd8 (0x00001f17) auipc   t5, 0x1
core   0: 3 0x80013cd8 (0x00001f17) x30 0x80014cd8
core   0: 0x80013cdc (0x323f2423) sw      gp, 808(t5)
core   0: 3 0x80013cdc (0x323f2423) mem 0x80015000 0x00000001
core   0: 0x80013ce0 (0xff9ff06f) j       pc - 0x8
core   0: 3 0x80013ce0 (0xff9ff06f)
core   0: 0x80013cd8 (0x00001f17) auipc   t5, 0x1
core   0: 3 0x80013cd8 (0x00001f17) x30 0x80014cd8
core   0: 0x80013cdc (0x323f2423) sw      gp, 808(t5)
core   0: 3 0x80013cdc (0x323f2423) mem 0x80015000 0x00000001
core   0: 0x80013ce0 (0xff9ff06f) j       pc - 0x8
core   0: 3 0x80013ce0 (0xff9ff06f)
core   0: 0x80013cd8 (0x00001f17) auipc   t5, 0x1
core   0: 3 0x80013cd8 (0x00001f17) x30 0x80014cd8
core   0: 0x80013cdc (0x323f2423) sw      gp, 808(t5)
core   0: 3 0x80013cdc (0x323f2423) mem 0x80015000 0x00000001
core   0: 0x80013ce0 (0xff9ff06f) j       pc - 0x8
core   0: 3 0x80013ce0 (0xff9ff06f)
core   0: 0x80013cd8 (0x00001f17) auipc   t5, 0x1
core   0: 3 0x80013cd8 (0x00001f17) x30 0x80014cd8
core   0: 0x80013cdc (0x323f2423) sw      gp, 808(t5)
core   0: 3 0x80013cdc (0x323f2423) mem 0x80015000 0x00000001
core   0: 0x80013ce0 (0xff9ff06f) j       pc - 0x8
core   0: 3 0x80013ce0 (0xff9ff06f)
core   0: 0x80013cd8 (0x00001f17) auipc   t5, 0x1
core   0: 3 0x80013cd8 (0x00001f17) x30 0x80014cd8
core   0: 0x80013cdc (0x323f2423) sw      gp, 808(t5)
core   0: 3 0x80013cdc (0x323f2423) mem 0x80015000 0x00000001
core   0: 0x80013ce0 (0xff9ff06f) j       pc - 0x8
core   0: 3 0x80013ce0 (0xff9ff06f)
core   0: 0x80013cd8 (0x00001f17) auipc   t5, 0x1
core   0: 3 0x80013cd8 (0x00001f17) x30 0x80014cd8
core   0: 0x80013cdc (0x323f2423) sw      gp, 808(t5)
core   0: 3 0x80013cdc (0x323f2423) mem 0x80015000 0x00000001
core   0: 0x80013ce0 (0xff9ff06f) j       pc - 0x8
core   0: 3 0x80013ce0 (0xff9ff06f)
core   0: 0x80013cd8 (0x00001f17) auipc   t5, 0x1
core   0: 3 0x80013cd8 (0x00001f17) x30 0x80014cd8
core   0: 0x80013cdc (0x323f2423) sw      gp, 808(t5)
core   0: 3 0x80013cdc (0x323f2423) mem 0x80015000 0x00000001
core   0: 0x80013ce0 (0xff9ff06f) j       pc - 0x8
core   0: 3 0x80013ce0 (0xff9ff06f)
core   0: 0x80013cd8 (0x00001f17) auipc   t5, 0x1
core   0: 3 0x80013cd8 (0x00001f17) x30 0x80014cd8
core   0: 0x80013cdc (0x323f2423) sw      gp, 808(t5)
core   0: 3 0x80013cdc (0x323f2423) mem 0x80015000 0x00000001
core   0: 0x80013ce0 (0xff9ff06f) j       pc - 0x8
core   0: 3 0x80013ce0 (0xff9ff06f)
core   0: 0x80013cd8 (0x00001f17) auipc   t5, 0x1
core   0: 3 0x80013cd8 (0x00001f17) x30 0x80014cd8
core   0: 0x80013cdc (0x323f2423) sw      gp, 808(t5)
core   0: 3 0x80013cdc (0x323f2423) mem 0x80015000 0x00000001
core   0: 0x80013ce0 (0xff9ff06f) j       pc - 0x8
core   0: 3 0x80013ce0 (0xff9ff06f)
core   0: 0x80013cd8 (0x00001f17) auipc   t5, 0x1
core   0: 3 0x80013cd8 (0x00001f17) x30 0x80014cd8
core   0: 0x80013cdc (0x323f2423) sw      gp, 808(t5)
core   0: 3 0x80013cdc (0x323f2423) mem 0x80015000 0x00000001
core   0: 0x80013ce0 (0xff9ff06f) j       pc - 0x8
core   0: 3 0x80013ce0 (0xff9ff06f)
core   0: 0x80013cd8 (0x00001f17) auipc   t5, 0x1
core   0: 3 0x80013cd8 (0x00001f17) x30 0x80014cd8
core   0: 0x80013cdc (0x323f2423) sw      gp, 808(t5)
core   0: 3 0x80013cdc (0x323f2423) mem 0x80015000 0x00000001
core   0: 0x80013ce0 (0xff9ff06f) j       pc - 0x8
core   0: 3 0x80013ce0 (0xff9ff06f)
core   0: 0x80013cd8 (0x00001f17) auipc   t5, 0x1
core   0: 3 0x80013cd8 (0x00001f17) x30 0x80014cd8
core   0: 0x80013cdc (0x323f2423) sw      gp, 808(t5)
core   0: 3 0x80013cdc (0x323f2423) mem 0x80015000 0x00000001
core   0: 0x80013ce0 (0xff9ff06f) j       pc - 0x8
core   0: 3 0x80013ce0 (0xff9ff06f)
core   0: 0x80013cd8 (0x00001f17) auipc   t5, 0x1
core   0: 3 0x80013cd8 (0x00001f17) x30 0x80014cd8
core   0: 0x80013cdc (0x323f2423) sw      gp, 808(t5)
core   0: 3 0x80013cdc (0x323f2423) mem 0x80015000 0x00000001
core   0: 0x80013ce0 (0xff9ff06f) j       pc - 0x8
core   0: 3 0x80013ce0 (0xff9ff06f)
core   0: 0x80013cd8 (0x00001f17) auipc   t5, 0x1
core   0: 3 0x80013cd8 (0x00001f17) x30 0x80014cd8
core   0: 0x80013cdc (0x323f2423) sw      gp, 808(t5)
core   0: 3 0x80013cdc (0x323f2423) mem 0x80015000 0x00000001
core   0: 0x80013ce0 (0xff9ff06f) j       pc - 0x8
core   0: 3 0x80013ce0 (0xff9ff06f)
core   0: 0x80013cd8 (0x00001f17) auipc   t5, 0x1
core   0: 3 0x80013cd8 (0x00001f17) x30 0x80014cd8
core   0: 0x80013cdc (0x323f2423) sw      gp, 808(t5)
core   0: 3 0x80013cdc (0x323f2423) mem 0x80015000 0x00000001
core   0: 0x80013ce0 (0xff9ff06f) j       pc - 0x8
core   0: 3 0x80013ce0 (0xff9ff06f)
core   0: 0x80013cd8 (0x00001f17) auipc   t5, 0x1
core   0: 3 0x80013cd8 (0x00001f17) x30 0x80014cd8
core   0: 0x80013cdc (0x323f2423) sw      gp, 808(t5)
core   0: 3 0x80013cdc (0x323f2423) mem 0x80015000 0x00000001
core   0: 0x80013ce0 (0xff9ff06f) j       pc - 0x8
core   0: 3 0x80013ce0 (0xff9ff06f)
core   0: 0x80013cd8 (0x00001f17) auipc   t5, 0x1
core   0: 3 0x80013cd8 (0x00001f17) x30 0x80014cd8
core   0: 0x80013cdc (0x323f2423) sw      gp, 808(t5)
core   0: 3 0x80013cdc (0x323f2423) mem 0x80015000 0x00000001
core   0: 0x80013ce0 (0xff9ff06f) j       pc - 0x8
core   0: 3 0x80013ce0 (0xff9ff06f)
core   0: 0x80013cd8 (0x00001f17) auipc   t5, 0x1
core   0: 3 0x80013cd8 (0x00001f17) x30 0x80014cd8
core   0: 0x80013cdc (0x323f2423) sw      gp, 808(t5)
core   0: 3 0x80013cdc (0x323f2423) mem 0x80015000 0x00000001
core   0: 0x80013ce0 (0xff9ff06f) j       pc - 0x8
core   0: 3 0x80013ce0 (0xff9ff06f)
core   0: 0x80013cd8 (0x00001f17) auipc   t5, 0x1
core   0: 3 0x80013cd8 (0x00001f17) x30 0x80014cd8
core   0: 0x80013cdc (0x323f2423) sw      gp, 808(t5)
core   0: 3 0x80013cdc (0x323f2423) mem 0x80015000 0x00000001
core   0: 0x80013ce0 (0xff9ff06f) j       pc - 0x8
core   0: 3 0x80013ce0 (0xff9ff06f)
core   0: 0x80013cd8 (0x00001f17) auipc   t5, 0x1
core   0: 3 0x80013cd8 (0x00001f17) x30 0x80014cd8
core   0: 0x80013cdc (0x323f2423) sw      gp, 808(t5)
core   0: 3 0x80013cdc (0x323f2423) mem 0x80015000 0x00000001
core   0: 0x80013ce0 (0xff9ff06f) j       pc - 0x8
core   0: 3 0x80013ce0 (0xff9ff06f)
core   0: 0x80013cd8 (0x00001f17) auipc   t5, 0x1
core   0: 3 0x80013cd8 (0x00001f17) x30 0x80014cd8
core   0: 0x80013cdc (0x323f2423) sw      gp, 808(t5)
core   0: 3 0x80013cdc (0x323f2423) mem 0x80015000 0x00000001
core   0: 0x80013ce0 (0xff9ff06f) j       pc - 0x8
core   0: 3 0x80013ce0 (0xff9ff06f)
core   0: 0x80013cd8 (0x00001f17) auipc   t5, 0x1
core   0: 3 0x80013cd8 (0x00001f17) x30 0x80014cd8
core   0: 0x80013cdc (0x323f2423) sw      gp, 808(t5)
core   0: 3 0x80013cdc (0x323f2423) mem 0x80015000 0x00000001
core   0: 0x80013ce0 (0xff9ff06f) j       pc - 0x8
core   0: 3 0x80013ce0 (0xff9ff06f)
core   0: 0x80013cd8 (0x00001f17) auipc   t5, 0x1
core   0: 3 0x80013cd8 (0x00001f17) x30 0x80014cd8
core   0: 0x80013cdc (0x323f2423) sw      gp, 808(t5)
core   0: 3 0x80013cdc (0x323f2423) mem 0x80015000 0x00000001
core   0: 0x80013ce0 (0xff9ff06f) j       pc - 0x8
core   0: 3 0x80013ce0 (0xff9ff06f)
core   0: 0x80013cd8 (0x00001f17) auipc   t5, 0x1
core   0: 3 0x80013cd8 (0x00001f17) x30 0x80014cd8
core   0: 0x80013cdc (0x323f2423) sw      gp, 808(t5)
core   0: 3 0x80013cdc (0x323f2423) mem 0x80015000 0x00000001
core   0: 0x80013ce0 (0xff9ff06f) j       pc - 0x8
core   0: 3 0x80013ce0 (0xff9ff06f)
core   0: 0x80013cd8 (0x00001f17) auipc   t5, 0x1
core   0: 3 0x80013cd8 (0x00001f17) x30 0x80014cd8
core   0: 0x80013cdc (0x323f2423) sw      gp, 808(t5)
core   0: 3 0x80013cdc (0x323f2423) mem 0x80015000 0x00000001
core   0: 0x80013ce0 (0xff9ff06f) j       pc - 0x8
core   0: 3 0x80013ce0 (0xff9ff06f)
core   0: 0x80013cd8 (0x00001f17) auipc   t5, 0x1
core   0: 3 0x80013cd8 (0x00001f17) x30 0x80014cd8
core   0: 0x80013cdc (0x323f2423) sw      gp, 808(t5)
core   0: 3 0x80013cdc (0x323f2423) mem 0x80015000 0x00000001
core   0: 0x80013ce0 (0xff9ff06f) j       pc - 0x8
core   0: 3 0x80013ce0 (0xff9ff06f)
core   0: 0x80013cd8 (0x00001f17) auipc   t5, 0x1
core   0: 3 0x80013cd8 (0x00001f17) x30 0x80014cd8
core   0: 0x80013cdc (0x323f2423) sw      gp, 808(t5)
core   0: 3 0x80013cdc (0x323f2423) mem 0x80015000 0x00000001
core   0: 0x80013ce0 (0xff9ff06f) j       pc - 0x8
core   0: 3 0x80013ce0 (0xff9ff06f)
core   0: 0x80013cd8 (0x00001f17) auipc   t5, 0x1
core   0: 3 0x80013cd8 (0x00001f17) x30 0x80014cd8
core   0: 0x80013cdc (0x323f2423) sw      gp, 808(t5)
core   0: 3 0x80013cdc (0x323f2423) mem 0x80015000 0x00000001
core   0: 0x80013ce0 (0xff9ff06f) j       pc - 0x8
core   0: 3 0x80013ce0 (0xff9ff06f)
core   0: 0x80013cd8 (0x00001f17) auipc   t5, 0x1
core   0: 3 0x80013cd8 (0x00001f17) x30 0x80014cd8
core   0: 0x80013cdc (0x323f2423) sw      gp, 808(t5)
core   0: 3 0x80013cdc (0x323f2423) mem 0x80015000 0x00000001
core   0: 0x80013ce0 (0xff9ff06f) j       pc - 0x8
core   0: 3 0x80013ce0 (0xff9ff06f)
core   0: 0x80013cd8 (0x00001f17) auipc   t5, 0x1
core   0: 3 0x80013cd8 (0x00001f17) x30 0x80014cd8
core   0: 0x80013cdc (0x323f2423) sw      gp, 808(t5)
core   0: 3 0x80013cdc (0x323f2423) mem 0x80015000 0x00000001
core   0: 0x80013ce0 (0xff9ff06f) j       pc - 0x8
core   0: 3 0x80013ce0 (0xff9ff06f)
core   0: 0x80013cd8 (0x00001f17) auipc   t5, 0x1
core   0: 3 0x80013cd8 (0x00001f17) x30 0x80014cd8
core   0: 0x80013cdc (0x323f2423) sw      gp, 808(t5)
core   0: 3 0x80013cdc (0x323f2423) mem 0x80015000 0x00000001
core   0: 0x80013ce0 (0xff9ff06f) j       pc - 0x8
core   0: 3 0x80013ce0 (0xff9ff06f)
core   0: 0x80013cd8 (0x00001f17) auipc   t5, 0x1
core   0: 3 0x80013cd8 (0x00001f17) x30 0x80014cd8
core   0: 0x80013cdc (0x323f2423) sw      gp, 808(t5)
core   0: 3 0x80013cdc (0x323f2423) mem 0x80015000 0x00000001
core   0: 0x80013ce0 (0xff9ff06f) j       pc - 0x8
core   0: 3 0x80013ce0 (0xff9ff06f)
core   0: 0x80013cd8 (0x00001f17) auipc   t5, 0x1
core   0: 3 0x80013cd8 (0x00001f17) x30 0x80014cd8
core   0: 0x80013cdc (0x323f2423) sw      gp, 808(t5)
core   0: 3 0x80013cdc (0x323f2423) mem 0x80015000 0x00000001
core   0: 0x80013ce0 (0xff9ff06f) j       pc - 0x8
core   0: 3 0x80013ce0 (0xff9ff06f)
core   0: 0x80013cd8 (0x00001f17) auipc   t5, 0x1
core   0: 3 0x80013cd8 (0x00001f17) x30 0x80014cd8
core   0: 0x80013cdc (0x323f2423) sw      gp, 808(t5)
core   0: 3 0x80013cdc (0x323f2423) mem 0x80015000 0x00000001
core   0: 0x80013ce0 (0xff9ff06f) j       pc - 0x8
core   0: 3 0x80013ce0 (0xff9ff06f)
core   0: 0x80013cd8 (0x00001f17) auipc   t5, 0x1
core   0: 3 0x80013cd8 (0x00001f17) x30 0x80014cd8
core   0: 0x80013cdc (0x323f2423) sw      gp, 808(t5)
core   0: 3 0x80013cdc (0x323f2423) mem 0x80015000 0x00000001
core   0: 0x80013ce0 (0xff9ff06f) j       pc - 0x8
core   0: 3 0x80013ce0 (0xff9ff06f)
core   0: 0x80013cd8 (0x00001f17) auipc   t5, 0x1
core   0: 3 0x80013cd8 (0x00001f17) x30 0x80014cd8
core   0: 0x80013cdc (0x323f2423) sw      gp, 808(t5)
core   0: 3 0x80013cdc (0x323f2423) mem 0x80015000 0x00000001
core   0: 0x80013ce0 (0xff9ff06f) j       pc - 0x8
core   0: 3 0x80013ce0 (0xff9ff06f)
core   0: 0x80013cd8 (0x00001f17) auipc   t5, 0x1
core   0: 3 0x80013cd8 (0x00001f17) x30 0x80014cd8
core   0: 0x80013cdc (0x323f2423) sw      gp, 808(t5)
core   0: 3 0x80013cdc (0x323f2423) mem 0x80015000 0x00000001
core   0: 0x80013ce0 (0xff9ff06f) j       pc - 0x8
core   0: 3 0x80013ce0 (0xff9ff06f)
core   0: 0x80013cd8 (0x00001f17) auipc   t5, 0x1
core   0: 3 0x80013cd8 (0x00001f17) x30 0x80014cd8
core   0: 0x80013cdc (0x323f2423) sw      gp, 808(t5)
core   0: 3 0x80013cdc (0x323f2423) mem 0x80015000 0x00000001
core   0: 0x80013ce0 (0xff9ff06f) j       pc - 0x8
core   0: 3 0x80013ce0 (0xff9ff06f)
core   0: 0x80013cd8 (0x00001f17) auipc   t5, 0x1
core   0: 3 0x80013cd8 (0x00001f17) x30 0x80014cd8
core   0: 0x80013cdc (0x323f2423) sw      gp, 808(t5)
core   0: 3 0x80013cdc (0x323f2423) mem 0x80015000 0x00000001
core   0: 0x80013ce0 (0xff9ff06f) j       pc - 0x8
core   0: 3 0x80013ce0 (0xff9ff06f)
core   0: 0x80013cd8 (0x00001f17) auipc   t5, 0x1
core   0: 3 0x80013cd8 (0x00001f17) x30 0x80014cd8
core   0: 0x80013cdc (0x323f2423) sw      gp, 808(t5)
core   0: 3 0x80013cdc (0x323f2423) mem 0x80015000 0x00000001
core   0: 0x80013ce0 (0xff9ff06f) j       pc - 0x8
core   0: 3 0x80013ce0 (0xff9ff06f)
core   0: 0x80013cd8 (0x00001f17) auipc   t5, 0x1
core   0: 3 0x80013cd8 (0x00001f17) x30 0x80014cd8
core   0: 0x80013cdc (0x323f2423) sw      gp, 808(t5)
core   0: 3 0x80013cdc (0x323f2423) mem 0x80015000 0x00000001
core   0: 0x80013ce0 (0xff9ff06f) j       pc - 0x8
core   0: 3 0x80013ce0 (0xff9ff06f)
core   0: 0x80013cd8 (0x00001f17) auipc   t5, 0x1
core   0: 3 0x80013cd8 (0x00001f17) x30 0x80014cd8
core   0: 0x80013cdc (0x323f2423) sw      gp, 808(t5)
core   0: 3 0x80013cdc (0x323f2423) mem 0x80015000 0x00000001
core   0: 0x80013ce0 (0xff9ff06f) j       pc - 0x8
core   0: 3 0x80013ce0 (0xff9ff06f)
core   0: 0x80013cd8 (0x00001f17) auipc   t5, 0x1
core   0: 3 0x80013cd8 (0x00001f17) x30 0x80014cd8
core   0: 0x80013cdc (0x323f2423) sw      gp, 808(t5)
core   0: 3 0x80013cdc (0x323f2423) mem 0x80015000 0x00000001
core   0: 0x80013ce0 (0xff9ff06f) j       pc - 0x8
core   0: 3 0x80013ce0 (0xff9ff06f)
core   0: 0x80013cd8 (0x00001f17) auipc   t5, 0x1
core   0: 3 0x80013cd8 (0x00001f17) x30 0x80014cd8
core   0: 0x80013cdc (0x323f2423) sw      gp, 808(t5)
core   0: 3 0x80013cdc (0x323f2423) mem 0x80015000 0x00000001
core   0: 0x80013ce0 (0xff9ff06f) j       pc - 0x8
core   0: 3 0x80013ce0 (0xff9ff06f)
core   0: 0x80013cd8 (0x00001f17) auipc   t5, 0x1
core   0: 3 0x80013cd8 (0x00001f17) x30 0x80014cd8
core   0: 0x80013cdc (0x323f2423) sw      gp, 808(t5)
core   0: 3 0x80013cdc (0x323f2423) mem 0x80015000 0x00000001
core   0: 0x80013ce0 (0xff9ff06f) j       pc - 0x8
core   0: 3 0x80013ce0 (0xff9ff06f)
core   0: 0x80013cd8 (0x00001f17) auipc   t5, 0x1
core   0: 3 0x80013cd8 (0x00001f17) x30 0x80014cd8
core   0: 0x80013cdc (0x323f2423) sw      gp, 808(t5)
core   0: 3 0x80013cdc (0x323f2423) mem 0x80015000 0x00000001
core   0: 0x80013ce0 (0xff9ff06f) j       pc - 0x8
core   0: 3 0x80013ce0 (0xff9ff06f)
core   0: 0x80013cd8 (0x00001f17) auipc   t5, 0x1
core   0: 3 0x80013cd8 (0x00001f17) x30 0x80014cd8
core   0: 0x80013cdc (0x323f2423) sw      gp, 808(t5)
core   0: 3 0x80013cdc (0x323f2423) mem 0x80015000 0x00000001
core   0: 0x80013ce0 (0xff9ff06f) j       pc - 0x8
core   0: 3 0x80013ce0 (0xff9ff06f)
core   0: 0x80013cd8 (0x00001f17) auipc   t5, 0x1
core   0: 3 0x80013cd8 (0x00001f17) x30 0x80014cd8
core   0: 0x80013cdc (0x323f2423) sw      gp, 808(t5)
core   0: 3 0x80013cdc (0x323f2423) mem 0x80015000 0x00000001
core   0: 0x80013ce0 (0xff9ff06f) j       pc - 0x8
core   0: 3 0x80013ce0 (0xff9ff06f)
core   0: 0x80013cd8 (0x00001f17) auipc   t5, 0x1
core   0: 3 0x80013cd8 (0x00001f17) x30 0x80014cd8
core   0: 0x80013cdc (0x323f2423) sw      gp, 808(t5)
core   0: 3 0x80013cdc (0x323f2423) mem 0x80015000 0x00000001
core   0: 0x80013ce0 (0xff9ff06f) j       pc - 0x8
core   0: 3 0x80013ce0 (0xff9ff06f)
core   0: 0x80013cd8 (0x00001f17) auipc   t5, 0x1
core   0: 3 0x80013cd8 (0x00001f17) x30 0x80014cd8
core   0: 0x80013cdc (0x323f2423) sw      gp, 808(t5)
core   0: 3 0x80013cdc (0x323f2423) mem 0x80015000 0x00000001
core   0: 0x80013ce0 (0xff9ff06f) j       pc - 0x8
core   0: 3 0x80013ce0 (0xff9ff06f)
core   0: 0x80013cd8 (0x00001f17) auipc   t5, 0x1
core   0: 3 0x80013cd8 (0x00001f17) x30 0x80014cd8
core   0: 0x80013cdc (0x323f2423) sw      gp, 808(t5)
core   0: 3 0x80013cdc (0x323f2423) mem 0x80015000 0x00000001
core   0: 0x80013ce0 (0xff9ff06f) j       pc - 0x8
core   0: 3 0x80013ce0 (0xff9ff06f)
core   0: 0x80013cd8 (0x00001f17) auipc   t5, 0x1
core   0: 3 0x80013cd8 (0x00001f17) x30 0x80014cd8
core   0: 0x80013cdc (0x323f2423) sw      gp, 808(t5)
core   0: 3 0x80013cdc (0x323f2423) mem 0x80015000 0x00000001
core   0: 0x80013ce0 (0xff9ff06f) j       pc - 0x8
core   0: 3 0x80013ce0 (0xff9ff06f)
core   0: 0x80013cd8 (0x00001f17) auipc   t5, 0x1
core   0: 3 0x80013cd8 (0x00001f17) x30 0x80014cd8
core   0: 0x80013cdc (0x323f2423) sw      gp, 808(t5)
core   0: 3 0x80013cdc (0x323f2423) mem 0x80015000 0x00000001
core   0: 0x80013ce0 (0xff9ff06f) j       pc - 0x8
core   0: 3 0x80013ce0 (0xff9ff06f)
core   0: 0x80013cd8 (0x00001f17) auipc   t5, 0x1
core   0: 3 0x80013cd8 (0x00001f17) x30 0x80014cd8
core   0: 0x80013cdc (0x323f2423) sw      gp, 808(t5)
core   0: 3 0x80013cdc (0x323f2423) mem 0x80015000 0x00000001
core   0: 0x80013ce0 (0xff9ff06f) j       pc - 0x8
core   0: 3 0x80013ce0 (0xff9ff06f)
core   0: 0x80013cd8 (0x00001f17) auipc   t5, 0x1
core   0: 3 0x80013cd8 (0x00001f17) x30 0x80014cd8
core   0: 0x80013cdc (0x323f2423) sw      gp, 808(t5)
core   0: 3 0x80013cdc (0x323f2423) mem 0x80015000 0x00000001
core   0: 0x80013ce0 (0xff9ff06f) j       pc - 0x8
core   0: 3 0x80013ce0 (0xff9ff06f)
core   0: 0x80013cd8 (0x00001f17) auipc   t5, 0x1
core   0: 3 0x80013cd8 (0x00001f17) x30 0x80014cd8
core   0: 0x80013cdc (0x323f2423) sw      gp, 808(t5)
core   0: 3 0x80013cdc (0x323f2423) mem 0x80015000 0x00000001
core   0: 0x80013ce0 (0xff9ff06f) j       pc - 0x8
core   0: 3 0x80013ce0 (0xff9ff06f)
core   0: 0x80013cd8 (0x00001f17) auipc   t5, 0x1
core   0: 3 0x80013cd8 (0x00001f17) x30 0x80014cd8
core   0: 0x80013cdc (0x323f2423) sw      gp, 808(t5)
core   0: 3 0x80013cdc (0x323f2423) mem 0x80015000 0x00000001
core   0: 0x80013ce0 (0xff9ff06f) j       pc - 0x8
core   0: 3 0x80013ce0 (0xff9ff06f)
core   0: 0x80013cd8 (0x00001f17) auipc   t5, 0x1
core   0: 3 0x80013cd8 (0x00001f17) x30 0x80014cd8
core   0: 0x80013cdc (0x323f2423) sw      gp, 808(t5)
core   0: 3 0x80013cdc (0x323f2423) mem 0x80015000 0x00000001
core   0: 0x80013ce0 (0xff9ff06f) j       pc - 0x8
core   0: 3 0x80013ce0 (0xff9ff06f)
core   0: 0x80013cd8 (0x00001f17) auipc   t5, 0x1
core   0: 3 0x80013cd8 (0x00001f17) x30 0x80014cd8
core   0: 0x80013cdc (0x323f2423) sw      gp, 808(t5)
core   0: 3 0x80013cdc (0x323f2423) mem 0x80015000 0x00000001
core   0: 0x80013ce0 (0xff9ff06f) j       pc - 0x8
core   0: 3 0x80013ce0 (0xff9ff06f)
core   0: 0x80013cd8 (0x00001f17) auipc   t5, 0x1
core   0: 3 0x80013cd8 (0x00001f17) x30 0x80014cd8
core   0: 0x80013cdc (0x323f2423) sw      gp, 808(t5)
core   0: 3 0x80013cdc (0x323f2423) mem 0x80015000 0x00000001
core   0: 0x80013ce0 (0xff9ff06f) j       pc - 0x8
core   0: 3 0x80013ce0 (0xff9ff06f)
core   0: 0x80013cd8 (0x00001f17) auipc   t5, 0x1
core   0: 3 0x80013cd8 (0x00001f17) x30 0x80014cd8
core   0: 0x80013cdc (0x323f2423) sw      gp, 808(t5)
core   0: 3 0x80013cdc (0x323f2423) mem 0x80015000 0x00000001
core   0: 0x80013ce0 (0xff9ff06f) j       pc - 0x8
core   0: 3 0x80013ce0 (0xff9ff06f)
core   0: 0x80013cd8 (0x00001f17) auipc   t5, 0x1
core   0: 3 0x80013cd8 (0x00001f17) x30 0x80014cd8
core   0: 0x80013cdc (0x323f2423) sw      gp, 808(t5)
core   0: 3 0x80013cdc (0x323f2423) mem 0x80015000 0x00000001
core   0: 0x80013ce0 (0xff9ff06f) j       pc - 0x8
core   0: 3 0x80013ce0 (0xff9ff06f)
core   0: 0x80013cd8 (0x00001f17) auipc   t5, 0x1
core   0: 3 0x80013cd8 (0x00001f17) x30 0x80014cd8
core   0: 0x80013cdc (0x323f2423) sw      gp, 808(t5)
core   0: 3 0x80013cdc (0x323f2423) mem 0x80015000 0x00000001
core   0: 0x80013ce0 (0xff9ff06f) j       pc - 0x8
core   0: 3 0x80013ce0 (0xff9ff06f)
core   0: 0x80013cd8 (0x00001f17) auipc   t5, 0x1
core   0: 3 0x80013cd8 (0x00001f17) x30 0x80014cd8
core   0: 0x80013cdc (0x323f2423) sw      gp, 808(t5)
core   0: 3 0x80013cdc (0x323f2423) mem 0x80015000 0x00000001
core   0: 0x80013ce0 (0xff9ff06f) j       pc - 0x8
core   0: 3 0x80013ce0 (0xff9ff06f)
core   0: 0x80013cd8 (0x00001f17) auipc   t5, 0x1
core   0: 3 0x80013cd8 (0x00001f17) x30 0x80014cd8
core   0: 0x80013cdc (0x323f2423) sw      gp, 808(t5)
core   0: 3 0x80013cdc (0x323f2423) mem 0x80015000 0x00000001
core   0: 0x80013ce0 (0xff9ff06f) j       pc - 0x8
core   0: 3 0x80013ce0 (0xff9ff06f)
core   0: 0x80013cd8 (0x00001f17) auipc   t5, 0x1
core   0: 3 0x80013cd8 (0x00001f17) x30 0x80014cd8
core   0: 0x80013cdc (0x323f2423) sw      gp, 808(t5)
core   0: 3 0x80013cdc (0x323f2423) mem 0x80015000 0x00000001
core   0: 0x80013ce0 (0xff9ff06f) j       pc - 0x8
core   0: 3 0x80013ce0 (0xff9ff06f)
core   0: 0x80013cd8 (0x00001f17) auipc   t5, 0x1
core   0: 3 0x80013cd8 (0x00001f17) x30 0x80014cd8
core   0: 0x80013cdc (0x323f2423) sw      gp, 808(t5)
core   0: 3 0x80013cdc (0x323f2423) mem 0x80015000 0x00000001
core   0: 0x80013ce0 (0xff9ff06f) j       pc - 0x8
core   0: 3 0x80013ce0 (0xff9ff06f)
core   0: 0x80013cd8 (0x00001f17) auipc   t5, 0x1
core   0: 3 0x80013cd8 (0x00001f17) x30 0x80014cd8
core   0: 0x80013cdc (0x323f2423) sw      gp, 808(t5)
core   0: 3 0x80013cdc (0x323f2423) mem 0x80015000 0x00000001
core   0: 0x80013ce0 (0xff9ff06f) j       pc - 0x8
core   0: 3 0x80013ce0 (0xff9ff06f)
core   0: 0x80013cd8 (0x00001f17) auipc   t5, 0x1
core   0: 3 0x80013cd8 (0x00001f17) x30 0x80014cd8
core   0: 0x80013cdc (0x323f2423) sw      gp, 808(t5)
core   0: 3 0x80013cdc (0x323f2423) mem 0x80015000 0x00000001
core   0: 0x80013ce0 (0xff9ff06f) j       pc - 0x8
core   0: 3 0x80013ce0 (0xff9ff06f)
core   0: 0x80013cd8 (0x00001f17) auipc   t5, 0x1
core   0: 3 0x80013cd8 (0x00001f17) x30 0x80014cd8
core   0: 0x80013cdc (0x323f2423) sw      gp, 808(t5)
core   0: 3 0x80013cdc (0x323f2423) mem 0x80015000 0x00000001
core   0: 0x80013ce0 (0xff9ff06f) j       pc - 0x8
core   0: 3 0x80013ce0 (0xff9ff06f)
core   0: 0x80013cd8 (0x00001f17) auipc   t5, 0x1
core   0: 3 0x80013cd8 (0x00001f17) x30 0x80014cd8
core   0: 0x80013cdc (0x323f2423) sw      gp, 808(t5)
core   0: 3 0x80013cdc (0x323f2423) mem 0x80015000 0x00000001
core   0: 0x80013ce0 (0xff9ff06f) j       pc - 0x8
core   0: 3 0x80013ce0 (0xff9ff06f)
core   0: 0x80013cd8 (0x00001f17) auipc   t5, 0x1
core   0: 3 0x80013cd8 (0x00001f17) x30 0x80014cd8
core   0: 0x80013cdc (0x323f2423) sw      gp, 808(t5)
core   0: 3 0x80013cdc (0x323f2423) mem 0x80015000 0x00000001
core   0: 0x80013ce0 (0xff9ff06f) j       pc - 0x8
core   0: 3 0x80013ce0 (0xff9ff06f)
core   0: 0x80013cd8 (0x00001f17) auipc   t5, 0x1
core   0: 3 0x80013cd8 (0x00001f17) x30 0x80014cd8
core   0: 0x80013cdc (0x323f2423) sw      gp, 808(t5)
core   0: 3 0x80013cdc (0x323f2423) mem 0x80015000 0x00000001
core   0: 0x80013ce0 (0xff9ff06f) j       pc - 0x8
core   0: 3 0x80013ce0 (0xff9ff06f)
core   0: 0x80013cd8 (0x00001f17) auipc   t5, 0x1
core   0: 3 0x80013cd8 (0x00001f17) x30 0x80014cd8
core   0: 0x80013cdc (0x323f2423) sw      gp, 808(t5)
core   0: 3 0x80013cdc (0x323f2423) mem 0x80015000 0x00000001
core   0: 0x80013ce0 (0xff9ff06f) j       pc - 0x8
core   0: 3 0x80013ce0 (0xff9ff06f)
core   0: 0x80013cd8 (0x00001f17) auipc   t5, 0x1
core   0: 3 0x80013cd8 (0x00001f17) x30 0x80014cd8
core   0: 0x80013cdc (0x323f2423) sw      gp, 808(t5)
core   0: 3 0x80013cdc (0x323f2423) mem 0x80015000 0x00000001
core   0: 0x80013ce0 (0xff9ff06f) j       pc - 0x8
core   0: 3 0x80013ce0 (0xff9ff06f)
core   0: 0x80013cd8 (0x00001f17) auipc   t5, 0x1
core   0: 3 0x80013cd8 (0x00001f17) x30 0x80014cd8
core   0: 0x80013cdc (0x323f2423) sw      gp, 808(t5)
core   0: 3 0x80013cdc (0x323f2423) mem 0x80015000 0x00000001
core   0: 0x80013ce0 (0xff9ff06f) j       pc - 0x8
core   0: 3 0x80013ce0 (0xff9ff06f)
core   0: 0x80013cd8 (0x00001f17) auipc   t5, 0x1
core   0: 3 0x80013cd8 (0x00001f17) x30 0x80014cd8
core   0: 0x80013cdc (0x323f2423) sw      gp, 808(t5)
core   0: 3 0x80013cdc (0x323f2423) mem 0x80015000 0x00000001
core   0: 0x80013ce0 (0xff9ff06f) j       pc - 0x8
core   0: 3 0x80013ce0 (0xff9ff06f)
core   0: 0x80013cd8 (0x00001f17) auipc   t5, 0x1
core   0: 3 0x80013cd8 (0x00001f17) x30 0x80014cd8
core   0: 0x80013cdc (0x323f2423) sw      gp, 808(t5)
core   0: 3 0x80013cdc (0x323f2423) mem 0x80015000 0x00000001
core   0: 0x80013ce0 (0xff9ff06f) j       pc - 0x8
core   0: 3 0x80013ce0 (0xff9ff06f)
core   0: 0x80013cd8 (0x00001f17) auipc   t5, 0x1
core   0: 3 0x80013cd8 (0x00001f17) x30 0x80014cd8
core   0: 0x80013cdc (0x323f2423) sw      gp, 808(t5)
core   0: 3 0x80013cdc (0x323f2423) mem 0x80015000 0x00000001
core   0: 0x80013ce0 (0xff9ff06f) j       pc - 0x8
core   0: 3 0x80013ce0 (0xff9ff06f)
core   0: 0x80013cd8 (0x00001f17) auipc   t5, 0x1
core   0: 3 0x80013cd8 (0x00001f17) x30 0x80014cd8
core   0: 0x80013cdc (0x323f2423) sw      gp, 808(t5)
core   0: 3 0x80013cdc (0x323f2423) mem 0x80015000 0x00000001
core   0: 0x80013ce0 (0xff9ff06f) j       pc - 0x8
core   0: 3 0x80013ce0 (0xff9ff06f)
core   0: 0x80013cd8 (0x00001f17) auipc   t5, 0x1
core   0: 3 0x80013cd8 (0x00001f17) x30 0x80014cd8
core   0: 0x80013cdc (0x323f2423) sw      gp, 808(t5)
core   0: 3 0x80013cdc (0x323f2423) mem 0x80015000 0x00000001
core   0: 0x80013ce0 (0xff9ff06f) j       pc - 0x8
core   0: 3 0x80013ce0 (0xff9ff06f)
core   0: 0x80013cd8 (0x00001f17) auipc   t5, 0x1
core   0: 3 0x80013cd8 (0x00001f17) x30 0x80014cd8
core   0: 0x80013cdc (0x323f2423) sw      gp, 808(t5)
core   0: 3 0x80013cdc (0x323f2423) mem 0x80015000 0x00000001
core   0: 0x80013ce0 (0xff9ff06f) j       pc - 0x8
core   0: 3 0x80013ce0 (0xff9ff06f)
core   0: 0x80013cd8 (0x00001f17) auipc   t5, 0x1
core   0: 3 0x80013cd8 (0x00001f17) x30 0x80014cd8
core   0: 0x80013cdc (0x323f2423) sw      gp, 808(t5)
core   0: 3 0x80013cdc (0x323f2423) mem 0x80015000 0x00000001
core   0: 0x80013ce0 (0xff9ff06f) j       pc - 0x8
core   0: 3 0x80013ce0 (0xff9ff06f)
core   0: 0x80013cd8 (0x00001f17) auipc   t5, 0x1
core   0: 3 0x80013cd8 (0x00001f17) x30 0x80014cd8
core   0: 0x80013cdc (0x323f2423) sw      gp, 808(t5)
core   0: 3 0x80013cdc (0x323f2423) mem 0x80015000 0x00000001
core   0: 0x80013ce0 (0xff9ff06f) j       pc - 0x8
core   0: 3 0x80013ce0 (0xff9ff06f)
core   0: 0x80013cd8 (0x00001f17) auipc   t5, 0x1
core   0: 3 0x80013cd8 (0x00001f17) x30 0x80014cd8
core   0: 0x80013cdc (0x323f2423) sw      gp, 808(t5)
core   0: 3 0x80013cdc (0x323f2423) mem 0x80015000 0x00000001
core   0: 0x80013ce0 (0xff9ff06f) j       pc - 0x8
core   0: 3 0x80013ce0 (0xff9ff06f)
core   0: 0x80013cd8 (0x00001f17) auipc   t5, 0x1
core   0: 3 0x80013cd8 (0x00001f17) x30 0x80014cd8
core   0: 0x80013cdc (0x323f2423) sw      gp, 808(t5)
core   0: 3 0x80013cdc (0x323f2423) mem 0x80015000 0x00000001
core   0: 0x80013ce0 (0xff9ff06f) j       pc - 0x8
core   0: 3 0x80013ce0 (0xff9ff06f)
core   0: 0x80013cd8 (0x00001f17) auipc   t5, 0x1
core   0: 3 0x80013cd8 (0x00001f17) x30 0x80014cd8
core   0: 0x80013cdc (0x323f2423) sw      gp, 808(t5)
core   0: 3 0x80013cdc (0x323f2423) mem 0x80015000 0x00000001
core   0: 0x80013ce0 (0xff9ff06f) j       pc - 0x8
core   0: 3 0x80013ce0 (0xff9ff06f)
core   0: 0x80013cd8 (0x00001f17) auipc   t5, 0x1
core   0: 3 0x80013cd8 (0x00001f17) x30 0x80014cd8
core   0: 0x80013cdc (0x323f2423) sw      gp, 808(t5)
core   0: 3 0x80013cdc (0x323f2423) mem 0x80015000 0x00000001
core   0: 0x80013ce0 (0xff9ff06f) j       pc - 0x8
core   0: 3 0x80013ce0 (0xff9ff06f)
core   0: 0x80013cd8 (0x00001f17) auipc   t5, 0x1
core   0: 3 0x80013cd8 (0x00001f17) x30 0x80014cd8
core   0: 0x80013cdc (0x323f2423) sw      gp, 808(t5)
core   0: 3 0x80013cdc (0x323f2423) mem 0x80015000 0x00000001
