core   0: 0x00001000 (0x00000297) auipc   t0, 0x0
core   0: 3 0x00001000 (0x00000297) x 5 0x00001000
core   0: 0x00001004 (0x02028593) addi    a1, t0, 32
core   0: 3 0x00001004 (0x02028593) x11 0x00001020
core   0: 0x00001008 (0xf1402573) csrr    a0, mhartid
core   0: 3 0x00001008 (0xf1402573) x10 0x00000000
core   0: 0x0000100c (0x0182a283) lw      t0, 24(t0)
core   0: 3 0x0000100c (0x0182a283) x 5 0x80000000 mem 0x00001018
core   0: 0x00001010 (0x00028067) jr      t0
core   0: 3 0x00001010 (0x00028067)
core   0: 0x80000000 (0xf14022f3) csrr    t0, mhartid
core   0: 3 0x80000000 (0xf14022f3) x 5 0x00000000
core   0: 0x80000004 (0x00000313) li      t1, 0
core   0: 3 0x80000004 (0x00000313) x 6 0x00000000
core   0: 0x80000008 (0x00628263) beq     t0, t1, pc + 4
core   0: 3 0x80000008 (0x00628263)
core   0: 0x8000000c (0x00000597) auipc   a1, 0x0
core   0: 3 0x8000000c (0x00000597) x11 0x8000000c
core   0: 0x80000010 (0x00c58593) addi    a1, a1, 12
core   0: 3 0x80000010 (0x00c58593) x11 0x80000018
core   0: 0x80000014 (0x00058067) jr      a1
core   0: 3 0x80000014 (0x00058067)
core   0: 0x80000018 (0x40000e37) lui     t3, 0x40000
core   0: 3 0x80000018 (0x40000e37) x28 0x40000000
core   0: 0x8000001c (0x100e0e13) addi    t3, t3, 256
core   0: 3 0x8000001c (0x100e0e13) x28 0x40000100
core   0: 0x80000020 (0x301e1073) csrw    misa, t3
core   0: 3 0x80000020 (0x301e1073) c769_misa 0x40140100
core   0: 0x80000024 (0x00029117) auipc   sp, 0x29
core   0: 3 0x80000024 (0x00029117) x 2 0x80029024
core   0: 0x80000028 (0xcc010113) addi    sp, sp, -832
core   0: 3 0x80000028 (0xcc010113) x 2 0x80028ce4
core   0: 0x8000002c (0x0000ee17) auipc   t3, 0xe
core   0: 3 0x8000002c (0x0000ee17) x28 0x8000e02c
core   0: 0x80000030 (0x724e0e13) addi    t3, t3, 1828
core   0: 3 0x80000030 (0x724e0e13) x28 0x8000e750
core   0: 0x80000034 (0x001e6e13) ori     t3, t3, 1
core   0: 3 0x80000034 (0x001e6e13) x28 0x8000e751
core   0: 0x80000038 (0x305e1073) csrw    mtvec, t3
core   0: 3 0x80000038 (0x305e1073) c773_mtvec 0x8000e751
core   0: 0x8000003c (0x00000e17) auipc   t3, 0x0
core   0: 3 0x8000003c (0x00000e17) x28 0x8000003c
core   0: 0x80000040 (0x028e0e13) addi    t3, t3, 40
core   0: 3 0x80000040 (0x028e0e13) x28 0x80000064
core   0: 0x80000044 (0x341e1073) csrw    mepc, t3
core   0: 3 0x80000044 (0x341e1073) c833_mepc 0x80000064
core   0: 0x80000048 (0x00000013) nop
core   0: 3 0x80000048 (0x00000013)
core   0: 0x8000004c (0x00002e37) lui     t3, 0x2
core   0: 3 0x8000004c (0x00002e37) x28 0x00002000
core   0: 0x80000050 (0x800e0e13) addi    t3, t3, -2048
core   0: 3 0x80000050 (0x800e0e13) x28 0x00001800
core   0: 0x80000054 (0x300e1073) csrw    mstatus, t3
core   0: 3 0x80000054 (0x300e1073) c768_mstatus 0x00001800
core   0: 0x80000058 (0x00000e13) li      t3, 0
core   0: 3 0x80000058 (0x00000e13) x28 0x00000000
core   0: 0x8000005c (0x304e1073) csrw    mie, t3
core   0: 3 0x8000005c (0x304e1073) c772_mie 0x00000000
core   0: 0x80000060 (0x30200073) mret
core   0: 3 0x80000060 (0x30200073) c768_mstatus 0x00000080
core   0: >>>>  init
core   0: 0x80000064 (0x95c9e037) lui     zero, 0x95c9e
core   0: 3 0x80000064 (0x95c9e037)
core   0: 0x80000068 (0x03b00013) li      zero, 59
core   0: 3 0x80000068 (0x03b00013)
core   0: 0x8000006c (0x93ffa0b7) lui     ra, 0x93ffa
core   0: 3 0x8000006c (0x93ffa0b7) x 1 0x93ffa000
core   0: 0x80000070 (0xe3708093) addi    ra, ra, -457
core   0: 3 0x80000070 (0xe3708093) x 1 0x93ff9e37
core   0: 0x80000074 (0x70f581b7) lui     gp, 0x70f58
core   0: 3 0x80000074 (0x70f581b7) x 3 0x70f58000
core   0: 0x80000078 (0x5f118193) addi    gp, gp, 1521
core   0: 3 0x80000078 (0x5f118193) x 3 0x70f585f1
core   0: 0x8000007c (0xf2e93237) lui     tp, 0xf2e93
core   0: 3 0x8000007c (0xf2e93237) x 4 0xf2e93000
core   0: 0x80000080 (0x10520213) addi    tp, tp, 261
core   0: 3 0x80000080 (0x10520213) x 4 0xf2e93105
core   0: 0x80000084 (0x862a82b7) lui     t0, 0x862a8
core   0: 3 0x80000084 (0x862a82b7) x 5 0x862a8000
core   0: 0x80000088 (0x21c28293) addi    t0, t0, 540
core   0: 3 0x80000088 (0x21c28293) x 5 0x862a821c
core   0: 0x8000008c (0x979cf337) lui     t1, 0x979cf
core   0: 3 0x8000008c (0x979cf337) x 6 0x979cf000
core   0: 0x80000090 (0x43f30313) addi    t1, t1, 1087
core   0: 3 0x80000090 (0x43f30313) x 6 0x979cf43f
core   0: 0x80000094 (0x800003b7) lui     t2, 0x80000
core   0: 3 0x80000094 (0x800003b7) x 7 0x80000000
core   0: 0x80000098 (0x00000413) li      s0, 0
core   0: 3 0x80000098 (0x00000413) x 8 0x00000000
core   0: 0x8000009c (0x800004b7) lui     s1, 0x80000
core   0: 3 0x8000009c (0x800004b7) x 9 0x80000000
core   0: 0x800000a0 (0x00000513) li      a0, 0
core   0: 3 0x800000a0 (0x00000513) x10 0x00000000
core   0: 0x800000a4 (0x800005b7) lui     a1, 0x80000
core   0: 3 0x800000a4 (0x800005b7) x11 0x80000000
core   0: 0x800000a8 (0x167836b7) lui     a3, 0x16783
core   0: 3 0x800000a8 (0x167836b7) x13 0x16783000
core   0: 0x800000ac (0x73c68693) addi    a3, a3, 1852
core   0: 3 0x800000ac (0x73c68693) x13 0x1678373c
core   0: 0x800000b0 (0x00000713) li      a4, 0
core   0: 3 0x800000b0 (0x00000713) x14 0x00000000
core   0: 0x800000b4 (0x800007b7) lui     a5, 0x80000
core   0: 3 0x800000b4 (0x800007b7) x15 0x80000000
core   0: 0x800000b8 (0xfd9e2837) lui     a6, 0xfd9e2
core   0: 3 0x800000b8 (0xfd9e2837) x16 0xfd9e2000
core   0: 0x800000bc (0xe1b80813) addi    a6, a6, -485
core   0: 3 0x800000bc (0xe1b80813) x16 0xfd9e1e1b
core   0: 0x800000c0 (0xf163e8b7) lui     a7, 0xf163e
core   0: 3 0x800000c0 (0xf163e8b7) x17 0xf163e000
core   0: 0x800000c4 (0xa6288893) addi    a7, a7, -1438
core   0: 3 0x800000c4 (0xa6288893) x17 0xf163da62
core   0: 0x800000c8 (0x80000937) lui     s2, 0x80000
core   0: 3 0x800000c8 (0x80000937) x18 0x80000000
core   0: 0x800000cc (0xf40de9b7) lui     s3, 0xf40de
core   0: 3 0x800000cc (0xf40de9b7) x19 0xf40de000
core   0: 0x800000d0 (0x52898993) addi    s3, s3, 1320
core   0: 3 0x800000d0 (0x52898993) x19 0xf40de528
core   0: 0x800000d4 (0x80a3fa37) lui     s4, 0x80a3f
core   0: 3 0x800000d4 (0x80a3fa37) x20 0x80a3f000
core   0: 0x800000d8 (0x211a0a13) addi    s4, s4, 529
core   0: 3 0x800000d8 (0x211a0a13) x20 0x80a3f211
core   0: 0x800000dc (0x00000a93) li      s5, 0
core   0: 3 0x800000dc (0x00000a93) x21 0x00000000
core   0: 0x800000e0 (0x00200b13) li      s6, 2
core   0: 3 0x800000e0 (0x00200b13) x22 0x00000002
core   0: 0x800000e4 (0x00800b93) li      s7, 8
core   0: 3 0x800000e4 (0x00800b93) x23 0x00000008
core   0: 0x800000e8 (0x80000c37) lui     s8, 0x80000
core   0: 3 0x800000e8 (0x80000c37) x24 0x80000000
core   0: 0x800000ec (0xf0313cb7) lui     s9, 0xf0313
core   0: 3 0x800000ec (0xf0313cb7) x25 0xf0313000
core   0: 0x800000f0 (0x640c8c93) addi    s9, s9, 1600
core   0: 3 0x800000f0 (0x640c8c93) x25 0xf0313640
core   0: 0x800000f4 (0x00400d13) li      s10, 4
core   0: 3 0x800000f4 (0x00400d13) x26 0x00000004
core   0: 0x800000f8 (0xf9c40db7) lui     s11, 0xf9c40
core   0: 3 0x800000f8 (0xf9c40db7) x27 0xf9c40000
core   0: 0x800000fc (0x213d8d93) addi    s11, s11, 531
core   0: 3 0x800000fc (0x213d8d93) x27 0xf9c40213
core   0: 0x80000100 (0x80000e37) lui     t3, 0x80000
core   0: 3 0x80000100 (0x80000e37) x28 0x80000000
core   0: 0x80000104 (0x80000eb7) lui     t4, 0x80000
core   0: 3 0x80000104 (0x80000eb7) x29 0x80000000
core   0: 0x80000108 (0xf3673f37) lui     t5, 0xf3673
core   0: 3 0x80000108 (0xf3673f37) x30 0xf3673000
core   0: 0x8000010c (0x926f0f13) addi    t5, t5, -1754
core   0: 3 0x8000010c (0x926f0f13) x30 0xf3672926
core   0: 0x80000110 (0x80000fb7) lui     t6, 0x80000
core   0: 3 0x80000110 (0x80000fb7) x31 0x80000000
core   0: 0x80000114 (0x00025617) auipc   a2, 0x25
core   0: 3 0x80000114 (0x00025617) x12 0x80025114
core   0: 0x80000118 (0xd5060613) addi    a2, a2, -688
core   0: 3 0x80000118 (0xd5060613) x12 0x80024e64
core   0: 0x8000011c (0x00000493) li      s1, 0
core   0: 3 0x8000011c (0x00000493) x 9 0x00000000
core   0: 0x80000120 (0x00bc8eb3) add     t4, s9, a1
core   0: 3 0x80000120 (0x00bc8eb3) x29 0x70313640
core   0: 0x80000124 (0x406c5c33) sra     s8, s8, t1
core   0: 3 0x80000124 (0x406c5c33) x24 0xffffffff
core   0: 0x80000128 (0x00252b33) slt     s6, a0, sp
core   0: 3 0x80000128 (0x00252b33) x22 0x00000000
core   0: 0x8000012c (0x19a57b13) andi    s6, a0, 410
core   0: 3 0x8000012c (0x19a57b13) x22 0x00000000
core   0: 0x80000130 (0xd66acb13) xori    s6, s5, -666
core   0: 3 0x80000130 (0xd66acb13) x22 0xfffffd66
core   0: 0x80000134 (0x01000d93) li      s11, 16
core   0: 3 0x80000134 (0x01000d93) x27 0x00000010
core   0: 0x80000138 (0x00a91793) slli    a5, s2, 10
core   0: 3 0x80000138 (0x00a91793) x15 0x00000000
core   0: 0x8000013c (0x017ec7b3) xor     a5, t4, s7
core   0: 3 0x8000013c (0x017ec7b3) x15 0x70313648
core   0: 0x80000140 (0x38a00913) li      s2, 906
core   0: 3 0x80000140 (0x38a00913) x18 0x0000038a
core   0: 0x80000144 (0x40d75033) sra     zero, a4, a3
core   0: 3 0x80000144 (0x40d75033)
core   0: 0x80000148 (0x00000013) nop
core   0: 3 0x80000148 (0x00000013)
core   0: 0x8000014c (0x45a14e93) xori    t4, sp, 1114
core   0: 3 0x8000014c (0x45a14e93) x29 0x800288be
core   0: 0x80000150 (0x01f7c533) xor     a0, a5, t6
core   0: 3 0x80000150 (0x01f7c533) x10 0xf0313648
core   0: 0x80000154 (0x62d60b93) addi    s7, a2, 1581
core   0: 3 0x80000154 (0x62d60b93) x23 0x80025491
core   0: 0x80000158 (0x00948493) addi    s1, s1, 9
core   0: 3 0x80000158 (0x00948493) x 9 0x00000009
core   0: 0x8000015c (0x0021a1b3) slt     gp, gp, sp
core   0: 3 0x8000015c (0x0021a1b3) x 3 0x00000000
core   0: 0x80000160 (0x0016ee33) or      t3, a3, ra
core   0: 3 0x80000160 (0x0016ee33) x28 0x97ffbf3f
core   0: 0x80000164 (0x0115e933) or      s2, a1, a7
core   0: 3 0x80000164 (0x0115e933) x18 0xf163da62
core   0: 0x80000168 (0xd5423813) sltiu   a6, tp, -684
core   0: 3 0x80000168 (0xd5423813) x16 0x00000001
core   0: 0x8000016c (0x0108d933) srl     s2, a7, a6
core   0: 3 0x8000016c (0x0108d933) x18 0x78b1ed31
core   0: 0x80000170 (0x0068acb3) slt     s9, a7, t1
core   0: 3 0x80000170 (0x0068acb3) x25 0x00000000
core   0: 0x80000174 (0x01417e33) and     t3, sp, s4
core   0: 3 0x80000174 (0x01417e33) x28 0x80028000
core   0: 0x80000178 (0xfdb4c4e3) blt     s1, s11, pc - 56
core   0: 3 0x80000178 (0xfdb4c4e3)
core   0: 0x80000140 (0x38a00913) li      s2, 906
core   0: 3 0x80000140 (0x38a00913) x18 0x0000038a
core   0: 0x80000144 (0x40d75033) sra     zero, a4, a3
core   0: 3 0x80000144 (0x40d75033)
core   0: 0x80000148 (0x00000013) nop
core   0: 3 0x80000148 (0x00000013)
core   0: 0x8000014c (0x45a14e93) xori    t4, sp, 1114
core   0: 3 0x8000014c (0x45a14e93) x29 0x800288be
core   0: 0x80000150 (0x01f7c533) xor     a0, a5, t6
core   0: 3 0x80000150 (0x01f7c533) x10 0xf0313648
core   0: 0x80000154 (0x62d60b93) addi    s7, a2, 1581
core   0: 3 0x80000154 (0x62d60b93) x23 0x80025491
core   0: 0x80000158 (0x00948493) addi    s1, s1, 9
core   0: 3 0x80000158 (0x00948493) x 9 0x00000012
core   0: 0x8000015c (0x0021a1b3) slt     gp, gp, sp
core   0: 3 0x8000015c (0x0021a1b3) x 3 0x00000000
core   0: 0x80000160 (0x0016ee33) or      t3, a3, ra
core   0: 3 0x80000160 (0x0016ee33) x28 0x97ffbf3f
core   0: 0x80000164 (0x0115e933) or      s2, a1, a7
core   0: 3 0x80000164 (0x0115e933) x18 0xf163da62
core   0: 0x80000168 (0xd5423813) sltiu   a6, tp, -684
core   0: 3 0x80000168 (0xd5423813) x16 0x00000001
core   0: 0x8000016c (0x0108d933) srl     s2, a7, a6
core   0: 3 0x8000016c (0x0108d933) x18 0x78b1ed31
core   0: 0x80000170 (0x0068acb3) slt     s9, a7, t1
core   0: 3 0x80000170 (0x0068acb3) x25 0x00000000
core   0: 0x80000174 (0x01417e33) and     t3, sp, s4
core   0: 3 0x80000174 (0x01417e33) x28 0x80028000
core   0: 0x80000178 (0xfdb4c4e3) blt     s1, s11, pc - 56
core   0: 3 0x80000178 (0xfdb4c4e3)
core   0: 0x8000017c (0x0037fe33) and     t3, a5, gp
core   0: 3 0x8000017c (0x0037fe33) x28 0x00000000
core   0: 0x80000180 (0xffa00393) li      t2, -6
core   0: 3 0x80000180 (0xffa00393) x 7 0xfffffffa
core   0: 0x80000184 (0x45504713) xori    a4, zero, 1109
core   0: 3 0x80000184 (0x45504713) x14 0x00000455
core   0: 0x80000188 (0x40ea5e33) sra     t3, s4, a4
core   0: 3 0x80000188 (0x40ea5e33) x28 0xfffffc05
core   0: 0x8000018c (0x7d13aa93) slti    s5, t2, 2001
core   0: 3 0x8000018c (0x7d13aa93) x21 0x00000001
core   0: 0x80000190 (0x00300913) li      s2, 3
core   0: 3 0x80000190 (0x00300913) x18 0x00000003
core   0: 0x80000194 (0x9d1a3f13) sltiu   t5, s4, -1583
core   0: 3 0x80000194 (0x9d1a3f13) x30 0x00000001
core   0: 0x80000198 (0xcaa44d93) xori    s11, s0, -854
core   0: 3 0x80000198 (0xcaa44d93) x27 0xfffffcaa
core   0: 0x8000019c (0x019e04b3) add     s1, t3, s9
core   0: 3 0x8000019c (0x019e04b3) x 9 0xfffffc05
core   0: 0x800001a0 (0x40b15e13) srai    t3, sp, 11
core   0: 3 0x800001a0 (0x40b15e13) x28 0xfff00051
core   0: 0x800001a4 (0x00a38393) addi    t2, t2, 10
core   0: 3 0x800001a4 (0x00a38393) x 7 0x00000004
core   0: 0x800001a8 (0x41d98d33) sub     s10, s3, t4
core   0: 3 0x800001a8 (0x41d98d33) x26 0x740b5c6a
core   0: 0x800001ac (0xb3267837) lui     a6, 0xb3267
core   0: 3 0x800001ac (0xb3267837) x16 0xb3267000
core   0: 0x800001b0 (0x01248f33) add     t5, s1, s2
core   0: 3 0x800001b0 (0x01248f33) x30 0xfffffc08
core   0: 0x800001b4 (0xff600c93) li      s9, -10
core   0: 3 0x800001b4 (0xff600c93) x25 0xfffffff6
core   0: 0x800001b8 (0x0ff0000f) fence   iorw,iorw
core   0: 3 0x800001b8 (0x0ff0000f)
core   0: 0x800001bc (0xff500293) li      t0, -11
core   0: 3 0x800001bc (0xff500293) x 5 0xfffffff5
core   0: 0x800001c0 (0xfd5d14b7) lui     s1, 0xfd5d1
core   0: 3 0x800001c0 (0xfd5d14b7) x 9 0xfd5d1000
core   0: 0x800001c4 (0xffdc8c93) addi    s9, s9, -3
core   0: 3 0x800001c4 (0xffdc8c93) x25 0xfffffff3
core   0: 0x800001c8 (0x015fc1b3) xor     gp, t6, s5
core   0: 3 0x800001c8 (0x015fc1b3) x 3 0x80000001
core   0: 0x800001cc (0xfe5cdae3) bge     s9, t0, pc - 12
core   0: 3 0x800001cc (0xfe5cdae3)
core   0: 0x800001d0 (0x0000100f) fence.i
core   0: 3 0x800001d0 (0x0000100f)
core   0: 0x800001d4 (0x013da8b3) slt     a7, s11, s3
core   0: 3 0x800001d4 (0x013da8b3) x17 0x00000000
core   0: 0x800001d8 (0x5188bf93) sltiu   t6, a7, 1304
core   0: 3 0x800001d8 (0x5188bf93) x31 0x00000001
core   0: 0x800001dc (0xfb23eee3) bltu    t2, s2, pc - 68
core   0: 3 0x800001dc (0xfb23eee3)
core   0: 0x800001e0 (0x2c573437) lui     s0, 0x2c573
core   0: 3 0x800001e0 (0x2c573437) x 8 0x2c573000
core   0: 0x800001e4 (0x00800b13) li      s6, 8
core   0: 3 0x800001e4 (0x00800b13) x22 0x00000008
core   0: 0x800001e8 (0x00000013) nop
core   0: 3 0x800001e8 (0x00000013)
core   0: 0x800001ec (0x27fff2b7) lui     t0, 0x27fff
core   0: 3 0x800001ec (0x27fff2b7) x 5 0x27fff000
core   0: 0x800001f0 (0x4030dcb3) sra     s9, ra, gp
core   0: 3 0x800001f0 (0x4030dcb3) x25 0xc9ffcf1b
core   0: 0x800001f4 (0x22484993) xori    s3, a6, 548
core   0: 3 0x800001f4 (0x22484993) x19 0xb3267224
core   0: 0x800001f8 (0x0038fe33) and     t3, a7, gp
core   0: 3 0x800001f8 (0x0038fe33) x28 0x00000000
core   0: 0x800001fc (0x41db5433) sra     s0, s6, t4
core   0: 3 0x800001fc (0x41db5433) x 8 0x00000000
core   0: 0x80000200 (0x00000013) nop
core   0: 3 0x80000200 (0x00000013)
core   0: 0x80000204 (0xc7f6c793) xori    a5, a3, -897
core   0: 3 0x80000204 (0xc7f6c793) x15 0xe987cb43
core   0: 0x80000208 (0x01059033) sll     zero, a1, a6
core   0: 3 0x80000208 (0x01059033)
core   0: 0x8000020c (0x01a30d33) add     s10, t1, s10
core   0: 3 0x8000020c (0x01a30d33) x26 0x0ba850a9
core   0: 0x80000210 (0x0564a4b7) lui     s1, 0x564a
core   0: 3 0x80000210 (0x0564a4b7) x 9 0x0564a000
core   0: 0x80000214 (0xff400193) li      gp, -12
core   0: 3 0x80000214 (0xff400193) x 3 0xfffffff4
core   0: 0x80000218 (0x85a81397) auipc   t2, 0x85a81
core   0: 3 0x80000218 (0x85a81397) x 7 0x05a81218
core   0: 0x8000021c (0x08da2e17) auipc   t3, 0x8da2
core   0: 3 0x8000021c (0x08da2e17) x28 0x88da221c
core   0: 0x80000220 (0xf0b6a913) slti    s2, a3, -245
core   0: 3 0x80000220 (0xf0b6a913) x18 0x00000000
core   0: 0x80000224 (0xffeb0b13) addi    s6, s6, -2
core   0: 3 0x80000224 (0xffeb0b13) x22 0x00000006
core   0: 0x80000228 (0xfba85fb7) lui     t6, 0xfba85
core   0: 3 0x80000228 (0xfba85fb7) x31 0xfba85000
core   0: 0x8000022c (0x3d2c0513) addi    a0, s8, 978
core   0: 3 0x8000022c (0x3d2c0513) x10 0x000003d1
core   0: 0x80000230 (0x001713b3) sll     t2, a4, ra
core   0: 3 0x80000230 (0x001713b3) x 7 0x2a800000
core   0: 0x80000234 (0xfe3b12e3) bne     s6, gp, pc - 28
core   0: 3 0x80000234 (0xfe3b12e3)
core   0: 0x80000218 (0x85a81397) auipc   t2, 0x85a81
core   0: 3 0x80000218 (0x85a81397) x 7 0x05a81218
core   0: 0x8000021c (0x08da2e17) auipc   t3, 0x8da2
core   0: 3 0x8000021c (0x08da2e17) x28 0x88da221c
core   0: 0x80000220 (0xf0b6a913) slti    s2, a3, -245
core   0: 3 0x80000220 (0xf0b6a913) x18 0x00000000
core   0: 0x80000224 (0xffeb0b13) addi    s6, s6, -2
core   0: 3 0x80000224 (0xffeb0b13) x22 0x00000004
core   0: 0x80000228 (0xfba85fb7) lui     t6, 0xfba85
core   0: 3 0x80000228 (0xfba85fb7) x31 0xfba85000
core   0: 0x8000022c (0x3d2c0513) addi    a0, s8, 978
core   0: 3 0x8000022c (0x3d2c0513) x10 0x000003d1
core   0: 0x80000230 (0x001713b3) sll     t2, a4, ra
core   0: 3 0x80000230 (0x001713b3) x 7 0x2a800000
core   0: 0x80000234 (0xfe3b12e3) bne     s6, gp, pc - 28
core   0: 3 0x80000234 (0xfe3b12e3)
core   0: 0x80000218 (0x85a81397) auipc   t2, 0x85a81
core   0: 3 0x80000218 (0x85a81397) x 7 0x05a81218
core   0: 0x8000021c (0x08da2e17) auipc   t3, 0x8da2
core   0: 3 0x8000021c (0x08da2e17) x28 0x88da221c
core   0: 0x80000220 (0xf0b6a913) slti    s2, a3, -245
core   0: 3 0x80000220 (0xf0b6a913) x18 0x00000000
core   0: 0x80000224 (0xffeb0b13) addi    s6, s6, -2
core   0: 3 0x80000224 (0xffeb0b13) x22 0x00000002
core   0: 0x80000228 (0xfba85fb7) lui     t6, 0xfba85
core   0: 3 0x80000228 (0xfba85fb7) x31 0xfba85000
core   0: 0x8000022c (0x3d2c0513) addi    a0, s8, 978
core   0: 3 0x8000022c (0x3d2c0513) x10 0x000003d1
core   0: 0x80000230 (0x001713b3) sll     t2, a4, ra
core   0: 3 0x80000230 (0x001713b3) x 7 0x2a800000
core   0: 0x80000234 (0xfe3b12e3) bne     s6, gp, pc - 28
core   0: 3 0x80000234 (0xfe3b12e3)
core   0: 0x80000218 (0x85a81397) auipc   t2, 0x85a81
core   0: 3 0x80000218 (0x85a81397) x 7 0x05a81218
core   0: 0x8000021c (0x08da2e17) auipc   t3, 0x8da2
core   0: 3 0x8000021c (0x08da2e17) x28 0x88da221c
core   0: 0x80000220 (0xf0b6a913) slti    s2, a3, -245
core   0: 3 0x80000220 (0xf0b6a913) x18 0x00000000
core   0: 0x80000224 (0xffeb0b13) addi    s6, s6, -2
core   0: 3 0x80000224 (0xffeb0b13) x22 0x00000000
core   0: 0x80000228 (0xfba85fb7) lui     t6, 0xfba85
core   0: 3 0x80000228 (0xfba85fb7) x31 0xfba85000
core   0: 0x8000022c (0x3d2c0513) addi    a0, s8, 978
core   0: 3 0x8000022c (0x3d2c0513) x10 0x000003d1
core   0: 0x80000230 (0x001713b3) sll     t2, a4, ra
core   0: 3 0x80000230 (0x001713b3) x 7 0x2a800000
core   0: 0x80000234 (0xfe3b12e3) bne     s6, gp, pc - 28
core   0: 3 0x80000234 (0xfe3b12e3)
core   0: 0x80000218 (0x85a81397) auipc   t2, 0x85a81
core   0: 3 0x80000218 (0x85a81397) x 7 0x05a81218
core   0: 0x8000021c (0x08da2e17) auipc   t3, 0x8da2
core   0: 3 0x8000021c (0x08da2e17) x28 0x88da221c
core   0: 0x80000220 (0xf0b6a913) slti    s2, a3, -245
core   0: 3 0x80000220 (0xf0b6a913) x18 0x00000000
core   0: 0x80000224 (0xffeb0b13) addi    s6, s6, -2
core   0: 3 0x80000224 (0xffeb0b13) x22 0xfffffffe
core   0: 0x80000228 (0xfba85fb7) lui     t6, 0xfba85
core   0: 3 0x80000228 (0xfba85fb7) x31 0xfba85000
core   0: 0x8000022c (0x3d2c0513) addi    a0, s8, 978
core   0: 3 0x8000022c (0x3d2c0513) x10 0x000003d1
core   0: 0x80000230 (0x001713b3) sll     t2, a4, ra
core   0: 3 0x80000230 (0x001713b3) x 7 0x2a800000
core   0: 0x80000234 (0xfe3b12e3) bne     s6, gp, pc - 28
core   0: 3 0x80000234 (0xfe3b12e3)
core   0: 0x80000218 (0x85a81397) auipc   t2, 0x85a81
core   0: 3 0x80000218 (0x85a81397) x 7 0x05a81218
core   0: 0x8000021c (0x08da2e17) auipc   t3, 0x8da2
core   0: 3 0x8000021c (0x08da2e17) x28 0x88da221c
core   0: 0x80000220 (0xf0b6a913) slti    s2, a3, -245
core   0: 3 0x80000220 (0xf0b6a913) x18 0x00000000
core   0: 0x80000224 (0xffeb0b13) addi    s6, s6, -2
core   0: 3 0x80000224 (0xffeb0b13) x22 0xfffffffc
core   0: 0x80000228 (0xfba85fb7) lui     t6, 0xfba85
core   0: 3 0x80000228 (0xfba85fb7) x31 0xfba85000
core   0: 0x8000022c (0x3d2c0513) addi    a0, s8, 978
core   0: 3 0x8000022c (0x3d2c0513) x10 0x000003d1
core   0: 0x80000230 (0x001713b3) sll     t2, a4, ra
core   0: 3 0x80000230 (0x001713b3) x 7 0x2a800000
core   0: 0x80000234 (0xfe3b12e3) bne     s6, gp, pc - 28
core   0: 3 0x80000234 (0xfe3b12e3)
core   0: 0x80000218 (0x85a81397) auipc   t2, 0x85a81
core   0: 3 0x80000218 (0x85a81397) x 7 0x05a81218
core   0: 0x8000021c (0x08da2e17) auipc   t3, 0x8da2
core   0: 3 0x8000021c (0x08da2e17) x28 0x88da221c
core   0: 0x80000220 (0xf0b6a913) slti    s2, a3, -245
core   0: 3 0x80000220 (0xf0b6a913) x18 0x00000000
core   0: 0x80000224 (0xffeb0b13) addi    s6, s6, -2
core   0: 3 0x80000224 (0xffeb0b13) x22 0xfffffffa
core   0: 0x80000228 (0xfba85fb7) lui     t6, 0xfba85
core   0: 3 0x80000228 (0xfba85fb7) x31 0xfba85000
core   0: 0x8000022c (0x3d2c0513) addi    a0, s8, 978
core   0: 3 0x8000022c (0x3d2c0513) x10 0x000003d1
core   0: 0x80000230 (0x001713b3) sll     t2, a4, ra
core   0: 3 0x80000230 (0x001713b3) x 7 0x2a800000
core   0: 0x80000234 (0xfe3b12e3) bne     s6, gp, pc - 28
core   0: 3 0x80000234 (0xfe3b12e3)
core   0: 0x80000218 (0x85a81397) auipc   t2, 0x85a81
core   0: 3 0x80000218 (0x85a81397) x 7 0x05a81218
core   0: 0x8000021c (0x08da2e17) auipc   t3, 0x8da2
core   0: 3 0x8000021c (0x08da2e17) x28 0x88da221c
core   0: 0x80000220 (0xf0b6a913) slti    s2, a3, -245
core   0: 3 0x80000220 (0xf0b6a913) x18 0x00000000
core   0: 0x80000224 (0xffeb0b13) addi    s6, s6, -2
core   0: 3 0x80000224 (0xffeb0b13) x22 0xfffffff8
core   0: 0x80000228 (0xfba85fb7) lui     t6, 0xfba85
core   0: 3 0x80000228 (0xfba85fb7) x31 0xfba85000
core   0: 0x8000022c (0x3d2c0513) addi    a0, s8, 978
core   0: 3 0x8000022c (0x3d2c0513) x10 0x000003d1
core   0: 0x80000230 (0x001713b3) sll     t2, a4, ra
core   0: 3 0x80000230 (0x001713b3) x 7 0x2a800000
core   0: 0x80000234 (0xfe3b12e3) bne     s6, gp, pc - 28
core   0: 3 0x80000234 (0xfe3b12e3)
core   0: 0x80000218 (0x85a81397) auipc   t2, 0x85a81
core   0: 3 0x80000218 (0x85a81397) x 7 0x05a81218
core   0: 0x8000021c (0x08da2e17) auipc   t3, 0x8da2
core   0: 3 0x8000021c (0x08da2e17) x28 0x88da221c
core   0: 0x80000220 (0xf0b6a913) slti    s2, a3, -245
core   0: 3 0x80000220 (0xf0b6a913) x18 0x00000000
core   0: 0x80000224 (0xffeb0b13) addi    s6, s6, -2
core   0: 3 0x80000224 (0xffeb0b13) x22 0xfffffff6
core   0: 0x80000228 (0xfba85fb7) lui     t6, 0xfba85
core   0: 3 0x80000228 (0xfba85fb7) x31 0xfba85000
core   0: 0x8000022c (0x3d2c0513) addi    a0, s8, 978
core   0: 3 0x8000022c (0x3d2c0513) x10 0x000003d1
core   0: 0x80000230 (0x001713b3) sll     t2, a4, ra
core   0: 3 0x80000230 (0x001713b3) x 7 0x2a800000
core   0: 0x80000234 (0xfe3b12e3) bne     s6, gp, pc - 28
core   0: 3 0x80000234 (0xfe3b12e3)
core   0: 0x80000218 (0x85a81397) auipc   t2, 0x85a81
core   0: 3 0x80000218 (0x85a81397) x 7 0x05a81218
core   0: 0x8000021c (0x08da2e17) auipc   t3, 0x8da2
core   0: 3 0x8000021c (0x08da2e17) x28 0x88da221c
core   0: 0x80000220 (0xf0b6a913) slti    s2, a3, -245
core   0: 3 0x80000220 (0xf0b6a913) x18 0x00000000
core   0: 0x80000224 (0xffeb0b13) addi    s6, s6, -2
core   0: 3 0x80000224 (0xffeb0b13) x22 0xfffffff4
core   0: 0x80000228 (0xfba85fb7) lui     t6, 0xfba85
core   0: 3 0x80000228 (0xfba85fb7) x31 0xfba85000
core   0: 0x8000022c (0x3d2c0513) addi    a0, s8, 978
core   0: 3 0x8000022c (0x3d2c0513) x10 0x000003d1
core   0: 0x80000230 (0x001713b3) sll     t2, a4, ra
core   0: 3 0x80000230 (0x001713b3) x 7 0x2a800000
core   0: 0x80000234 (0xfe3b12e3) bne     s6, gp, pc - 28
core   0: 3 0x80000234 (0xfe3b12e3)
core   0: 0x80000238 (0x00014fb3) xor     t6, sp, zero
core   0: 3 0x80000238 (0x00014fb3) x31 0x80028ce4
core   0: 0x8000023c (0xffa00793) li      a5, -6
core   0: 3 0x8000023c (0xffa00793) x15 0xfffffffa
core   0: 0x80000240 (0x0092d233) srl     tp, t0, s1
core   0: 3 0x80000240 (0x0092d233) x 4 0x27fff000
core   0: 0x80000244 (0x00f41c33) sll     s8, s0, a5
core   0: 3 0x80000244 (0x00f41c33) x24 0x00000000
core   0: 0x80000248 (0x0ff0000f) fence   iorw,iorw
core   0: 3 0x80000248 (0x0ff0000f)
core   0: 0x8000024c (0x6a7a4193) xori    gp, s4, 1703
core   0: 3 0x8000024c (0x6a7a4193) x 3 0x80a3f4b6
core   0: 0x80000250 (0x01ea2f33) slt     t5, s4, t5
core   0: 3 0x80000250 (0x01ea2f33) x30 0x00000001
core   0: 0x80000254 (0x011bd513) srli    a0, s7, 17
core   0: 3 0x80000254 (0x011bd513) x10 0x00004001
core   0: 0x80000258 (0x00eb64b3) or      s1, s6, a4
core   0: 3 0x80000258 (0x00eb64b3) x 9 0xfffffff5
core   0: 0x8000025c (0x5a14de17) auipc   t3, 0x5a14d
core   0: 3 0x8000025c (0x5a14de17) x28 0xda14d25c
core   0: 0x80000260 (0xffe00293) li      t0, -2
core   0: 3 0x80000260 (0xffe00293) x 5 0xfffffffe
core   0: 0x80000264 (0x0d7acf37) lui     t5, 0xd7ac
core   0: 3 0x80000264 (0x0d7acf37) x30 0x0d7ac000
core   0: 0x80000268 (0x011bc8b3) xor     a7, s7, a7
core   0: 3 0x80000268 (0x011bc8b3) x17 0x80025491
core   0: 0x8000026c (0xb0307a93) andi    s5, zero, -1277
core   0: 3 0x8000026c (0xb0307a93) x21 0x00000000
core   0: 0x80000270 (0x0195f233) and     tp, a1, s9
core   0: 3 0x80000270 (0x0195f233) x 4 0x80000000
core   0: 0x80000274 (0x00169833) sll     a6, a3, ra
core   0: 3 0x80000274 (0x00169833) x16 0x9e000000
core   0: 0x80000278 (0x01271db3) sll     s11, a4, s2
core   0: 3 0x80000278 (0x01271db3) x27 0x00000455
core   0: 0x8000027c (0x40c203b3) sub     t2, tp, a2
core   0: 3 0x8000027c (0x40c203b3) x 7 0xfffdb19c
core   0: 0x80000280 (0x41c4d693) srai    a3, s1, 28
core   0: 3 0x80000280 (0x41c4d693) x13 0xffffffff
core   0: 0x80000284 (0x2a184b93) xori    s7, a6, 673
core   0: 3 0x80000284 (0x2a184b93) x23 0x9e0002a1
core   0: 0x80000288 (0x00178793) addi    a5, a5, 1
core   0: 3 0x80000288 (0x00178793) x15 0xfffffffb
core   0: 0x8000028c (0x0000100f) fence.i
core   0: 3 0x8000028c (0x0000100f)
core   0: 0x80000290 (0x4023d733) sra     a4, t2, sp
core   0: 3 0x80000290 (0x4023d733) x14 0xffffdb19
core   0: 0x80000294 (0xb18e3f93) sltiu   t6, t3, -1256
core   0: 3 0x80000294 (0xb18e3f93) x31 0x00000001
core   0: 0x80000298 (0x412d0eb3) sub     t4, s10, s2
core   0: 3 0x80000298 (0x412d0eb3) x29 0x0ba850a9
core   0: 0x8000029c (0x01399213) slli    tp, s3, 19
core   0: 3 0x8000029c (0x01399213) x 4 0x91200000
core   0: 0x800002a0 (0xfc5794e3) bne     a5, t0, pc - 56
core   0: 3 0x800002a0 (0xfc5794e3)
core   0: 0x80000268 (0x011bc8b3) xor     a7, s7, a7
core   0: 3 0x80000268 (0x011bc8b3) x17 0x1e025630
core   0: 0x8000026c (0xb0307a93) andi    s5, zero, -1277
core   0: 3 0x8000026c (0xb0307a93) x21 0x00000000
core   0: 0x80000270 (0x0195f233) and     tp, a1, s9
core   0: 3 0x80000270 (0x0195f233) x 4 0x80000000
core   0: 0x80000274 (0x00169833) sll     a6, a3, ra
core   0: 3 0x80000274 (0x00169833) x16 0xff800000
core   0: 0x80000278 (0x01271db3) sll     s11, a4, s2
core   0: 3 0x80000278 (0x01271db3) x27 0xffffdb19
core   0: 0x8000027c (0x40c203b3) sub     t2, tp, a2
core   0: 3 0x8000027c (0x40c203b3) x 7 0xfffdb19c
core   0: 0x80000280 (0x41c4d693) srai    a3, s1, 28
core   0: 3 0x80000280 (0x41c4d693) x13 0xffffffff
core   0: 0x80000284 (0x2a184b93) xori    s7, a6, 673
core   0: 3 0x80000284 (0x2a184b93) x23 0xff8002a1
core   0: 0x80000288 (0x00178793) addi    a5, a5, 1
core   0: 3 0x80000288 (0x00178793) x15 0xfffffffc
core   0: 0x8000028c (0x0000100f) fence.i
core   0: 3 0x8000028c (0x0000100f)
core   0: 0x80000290 (0x4023d733) sra     a4, t2, sp
core   0: 3 0x80000290 (0x4023d733) x14 0xffffdb19
core   0: 0x80000294 (0xb18e3f93) sltiu   t6, t3, -1256
core   0: 3 0x80000294 (0xb18e3f93) x31 0x00000001
core   0: 0x80000298 (0x412d0eb3) sub     t4, s10, s2
core   0: 3 0x80000298 (0x412d0eb3) x29 0x0ba850a9
core   0: 0x8000029c (0x01399213) slli    tp, s3, 19
core   0: 3 0x8000029c (0x01399213) x 4 0x91200000
core   0: 0x800002a0 (0xfc5794e3) bne     a5, t0, pc - 56
core   0: 3 0x800002a0 (0xfc5794e3)
core   0: 0x80000268 (0x011bc8b3) xor     a7, s7, a7
core   0: 3 0x80000268 (0x011bc8b3) x17 0xe1825491
core   0: 0x8000026c (0xb0307a93) andi    s5, zero, -1277
core   0: 3 0x8000026c (0xb0307a93) x21 0x00000000
core   0: 0x80000270 (0x0195f233) and     tp, a1, s9
core   0: 3 0x80000270 (0x0195f233) x 4 0x80000000
core   0: 0x80000274 (0x00169833) sll     a6, a3, ra
core   0: 3 0x80000274 (0x00169833) x16 0xff800000
core   0: 0x80000278 (0x01271db3) sll     s11, a4, s2
core   0: 3 0x80000278 (0x01271db3) x27 0xffffdb19
core   0: 0x8000027c (0x40c203b3) sub     t2, tp, a2
core   0: 3 0x8000027c (0x40c203b3) x 7 0xfffdb19c
core   0: 0x80000280 (0x41c4d693) srai    a3, s1, 28
core   0: 3 0x80000280 (0x41c4d693) x13 0xffffffff
core   0: 0x80000284 (0x2a184b93) xori    s7, a6, 673
core   0: 3 0x80000284 (0x2a184b93) x23 0xff8002a1
core   0: 0x80000288 (0x00178793) addi    a5, a5, 1
core   0: 3 0x80000288 (0x00178793) x15 0xfffffffd
core   0: 0x8000028c (0x0000100f) fence.i
core   0: 3 0x8000028c (0x0000100f)
core   0: 0x80000290 (0x4023d733) sra     a4, t2, sp
core   0: 3 0x80000290 (0x4023d733) x14 0xffffdb19
core   0: 0x80000294 (0xb18e3f93) sltiu   t6, t3, -1256
core   0: 3 0x80000294 (0xb18e3f93) x31 0x00000001
core   0: 0x80000298 (0x412d0eb3) sub     t4, s10, s2
core   0: 3 0x80000298 (0x412d0eb3) x29 0x0ba850a9
core   0: 0x8000029c (0x01399213) slli    tp, s3, 19
core   0: 3 0x8000029c (0x01399213) x 4 0x91200000
core   0: 0x800002a0 (0xfc5794e3) bne     a5, t0, pc - 56
core   0: 3 0x800002a0 (0xfc5794e3)
core   0: 0x80000268 (0x011bc8b3) xor     a7, s7, a7
core   0: 3 0x80000268 (0x011bc8b3) x17 0x1e025630
core   0: 0x8000026c (0xb0307a93) andi    s5, zero, -1277
core   0: 3 0x8000026c (0xb0307a93) x21 0x00000000
core   0: 0x80000270 (0x0195f233) and     tp, a1, s9
core   0: 3 0x80000270 (0x0195f233) x 4 0x80000000
core   0: 0x80000274 (0x00169833) sll     a6, a3, ra
core   0: 3 0x80000274 (0x00169833) x16 0xff800000
core   0: 0x80000278 (0x01271db3) sll     s11, a4, s2
core   0: 3 0x80000278 (0x01271db3) x27 0xffffdb19
core   0: 0x8000027c (0x40c203b3) sub     t2, tp, a2
core   0: 3 0x8000027c (0x40c203b3) x 7 0xfffdb19c
core   0: 0x80000280 (0x41c4d693) srai    a3, s1, 28
core   0: 3 0x80000280 (0x41c4d693) x13 0xffffffff
core   0: 0x80000284 (0x2a184b93) xori    s7, a6, 673
core   0: 3 0x80000284 (0x2a184b93) x23 0xff8002a1
core   0: 0x80000288 (0x00178793) addi    a5, a5, 1
core   0: 3 0x80000288 (0x00178793) x15 0xfffffffe
core   0: 0x8000028c (0x0000100f) fence.i
core   0: 3 0x8000028c (0x0000100f)
core   0: 0x80000290 (0x4023d733) sra     a4, t2, sp
core   0: 3 0x80000290 (0x4023d733) x14 0xffffdb19
core   0: 0x80000294 (0xb18e3f93) sltiu   t6, t3, -1256
core   0: 3 0x80000294 (0xb18e3f93) x31 0x00000001
core   0: 0x80000298 (0x412d0eb3) sub     t4, s10, s2
core   0: 3 0x80000298 (0x412d0eb3) x29 0x0ba850a9
core   0: 0x8000029c (0x01399213) slli    tp, s3, 19
core   0: 3 0x8000029c (0x01399213) x 4 0x91200000
core   0: 0x800002a0 (0xfc5794e3) bne     a5, t0, pc - 56
core   0: 3 0x800002a0 (0xfc5794e3)
core   0: 0x800002a4 (0x01e99b93) slli    s7, s3, 30
core   0: 3 0x800002a4 (0x01e99b93) x23 0x00000000
core   0: 0x800002a8 (0x00600713) li      a4, 6
core   0: 3 0x800002a8 (0x00600713) x14 0x00000006
core   0: 0x800002ac (0x0ff0000f) fence   iorw,iorw
core   0: 3 0x800002ac (0x0ff0000f)
core   0: 0x800002b0 (0x7d50e693) ori     a3, ra, 2005
core   0: 3 0x800002b0 (0x7d50e693) x13 0x93ff9ff7
core   0: 0x800002b4 (0x01000493) li      s1, 16
core   0: 3 0x800002b4 (0x01000493) x 9 0x00000010
core   0: 0x800002b8 (0x13bde813) ori     a6, s11, 315
core   0: 3 0x800002b8 (0x13bde813) x16 0xffffdb3b
core   0: 0x800002bc (0xab428f93) addi    t6, t0, -1356
core   0: 3 0x800002bc (0xab428f93) x31 0xfffffab2
core   0: 0x800002c0 (0x00dc60b3) or      ra, s8, a3
core   0: 3 0x800002c0 (0x00dc60b3) x 1 0x93ff9ff7
core   0: 0x800002c4 (0x01d0a3b3) slt     t2, ra, t4
core   0: 3 0x800002c4 (0x01d0a3b3) x 7 0x00000001
core   0: 0x800002c8 (0xf8c88193) addi    gp, a7, -116
core   0: 3 0x800002c8 (0xf8c88193) x 3 0x1e0255bc
core   0: 0x800002cc (0xa9dbcf13) xori    t5, s7, -1379
core   0: 3 0x800002cc (0xa9dbcf13) x30 0xfffffa9d
core   0: 0x800002d0 (0x00470713) addi    a4, a4, 4
core   0: 3 0x800002d0 (0x00470713) x14 0x0000000a
core   0: 0x800002d4 (0x005b4833) xor     a6, s6, t0
core   0: 3 0x800002d4 (0x005b4833) x16 0x0000000a
core   0: 0x800002d8 (0x1fd0ea13) ori     s4, ra, 509
core   0: 3 0x800002d8 (0x1fd0ea13) x20 0x93ff9fff
core   0: 0x800002dc (0x3870b793) sltiu   a5, ra, 903
core   0: 3 0x800002dc (0x3870b793) x15 0x00000000
core   0: 0x800002e0 (0x01a097b3) sll     a5, ra, s10
core   0: 3 0x800002e0 (0x01a097b3) x15 0xff3fee00
core   0: 0x800002e4 (0x01af43b3) xor     t2, t5, s10
core   0: 3 0x800002e4 (0x01af43b3) x 7 0xf457aa34
core   0: 0x800002e8 (0x01c89333) sll     t1, a7, t3
core   0: 3 0x800002e8 (0x01c89333) x 6 0x00000000
core   0: 0x800002ec (0x4837b993) sltiu   s3, a5, 1155
core   0: 3 0x800002ec (0x4837b993) x19 0x00000000
core   0: 0x800002f0 (0xfc9768e3) bltu    a4, s1, pc - 48
core   0: 3 0x800002f0 (0xfc9768e3)
core   0: 0x800002c0 (0x00dc60b3) or      ra, s8, a3
core   0: 3 0x800002c0 (0x00dc60b3) x 1 0x93ff9ff7
core   0: 0x800002c4 (0x01d0a3b3) slt     t2, ra, t4
core   0: 3 0x800002c4 (0x01d0a3b3) x 7 0x00000001
core   0: 0x800002c8 (0xf8c88193) addi    gp, a7, -116
core   0: 3 0x800002c8 (0xf8c88193) x 3 0x1e0255bc
core   0: 0x800002cc (0xa9dbcf13) xori    t5, s7, -1379
core   0: 3 0x800002cc (0xa9dbcf13) x30 0xfffffa9d
core   0: 0x800002d0 (0x00470713) addi    a4, a4, 4
core   0: 3 0x800002d0 (0x00470713) x14 0x0000000e
core   0: 0x800002d4 (0x005b4833) xor     a6, s6, t0
core   0: 3 0x800002d4 (0x005b4833) x16 0x0000000a
core   0: 0x800002d8 (0x1fd0ea13) ori     s4, ra, 509
core   0: 3 0x800002d8 (0x1fd0ea13) x20 0x93ff9fff
core   0: 0x800002dc (0x3870b793) sltiu   a5, ra, 903
core   0: 3 0x800002dc (0x3870b793) x15 0x00000000
core   0: 0x800002e0 (0x01a097b3) sll     a5, ra, s10
core   0: 3 0x800002e0 (0x01a097b3) x15 0xff3fee00
core   0: 0x800002e4 (0x01af43b3) xor     t2, t5, s10
core   0: 3 0x800002e4 (0x01af43b3) x 7 0xf457aa34
core   0: 0x800002e8 (0x01c89333) sll     t1, a7, t3
core   0: 3 0x800002e8 (0x01c89333) x 6 0x00000000
core   0: 0x800002ec (0x4837b993) sltiu   s3, a5, 1155
core   0: 3 0x800002ec (0x4837b993) x19 0x00000000
core   0: 0x800002f0 (0xfc9768e3) bltu    a4, s1, pc - 48
core   0: 3 0x800002f0 (0xfc9768e3)
core   0: 0x800002c0 (0x00dc60b3) or      ra, s8, a3
core   0: 3 0x800002c0 (0x00dc60b3) x 1 0x93ff9ff7
core   0: 0x800002c4 (0x01d0a3b3) slt     t2, ra, t4
core   0: 3 0x800002c4 (0x01d0a3b3) x 7 0x00000001
core   0: 0x800002c8 (0xf8c88193) addi    gp, a7, -116
core   0: 3 0x800002c8 (0xf8c88193) x 3 0x1e0255bc
core   0: 0x800002cc (0xa9dbcf13) xori    t5, s7, -1379
core   0: 3 0x800002cc (0xa9dbcf13) x30 0xfffffa9d
core   0: 0x800002d0 (0x00470713) addi    a4, a4, 4
core   0: 3 0x800002d0 (0x00470713) x14 0x00000012
core   0: 0x800002d4 (0x005b4833) xor     a6, s6, t0
core   0: 3 0x800002d4 (0x005b4833) x16 0x0000000a
core   0: 0x800002d8 (0x1fd0ea13) ori     s4, ra, 509
core   0: 3 0x800002d8 (0x1fd0ea13) x20 0x93ff9fff
core   0: 0x800002dc (0x3870b793) sltiu   a5, ra, 903
core   0: 3 0x800002dc (0x3870b793) x15 0x00000000
core   0: 0x800002e0 (0x01a097b3) sll     a5, ra, s10
core   0: 3 0x800002e0 (0x01a097b3) x15 0xff3fee00
core   0: 0x800002e4 (0x01af43b3) xor     t2, t5, s10
core   0: 3 0x800002e4 (0x01af43b3) x 7 0xf457aa34
core   0: 0x800002e8 (0x01c89333) sll     t1, a7, t3
core   0: 3 0x800002e8 (0x01c89333) x 6 0x00000000
core   0: 0x800002ec (0x4837b993) sltiu   s3, a5, 1155
core   0: 3 0x800002ec (0x4837b993) x19 0x00000000
core   0: 0x800002f0 (0xfc9768e3) bltu    a4, s1, pc - 48
core   0: 3 0x800002f0 (0xfc9768e3)
core   0: 0x800002f4 (0x005ed6b3) srl     a3, t4, t0
core   0: 3 0x800002f4 (0x005ed6b3) x13 0x00000000
core   0: 0x800002f8 (0x00800513) li      a0, 8
core   0: 3 0x800002f8 (0x00800513) x10 0x00000008
core   0: 0x800002fc (0xf568ad37) lui     s10, 0xf568a
core   0: 3 0x800002fc (0xf568ad37) x26 0xf568a000
core   0: 0x80000300 (0x0000100f) fence.i
core   0: 3 0x80000300 (0x0000100f)
core   0: 0x80000304 (0x01649433) sll     s0, s1, s6
core   0: 3 0x80000304 (0x01649433) x 8 0x01000000
core   0: 0x80000308 (0x13f6c213) xori    tp, a3, 319
core   0: 3 0x80000308 (0x13f6c213) x 4 0x0000013f
core   0: 0x8000030c (0x741ac493) xori    s1, s5, 1857
core   0: 3 0x8000030c (0x741ac493) x 9 0x00000741
core   0: 0x80000310 (0xf2297813) andi    a6, s2, -222
core   0: 3 0x80000310 (0xf2297813) x16 0x00000000
core   0: 0x80000314 (0x01065b13) srli    s6, a2, 16
core   0: 3 0x80000314 (0x01065b13) x22 0x00008002
core   0: 0x80000318 (0x99247413) andi    s0, s0, -1646
core   0: 3 0x80000318 (0x99247413) x 8 0x01000000
core   0: 0x8000031c (0x00b00693) li      a3, 11
core   0: 3 0x8000031c (0x00b00693) x13 0x0000000b
core   0: 0x80000320 (0x00915793) srli    a5, sp, 9
core   0: 3 0x80000320 (0x00915793) x15 0x00400146
core   0: 0x80000324 (0x006381b3) add     gp, t2, t1
core   0: 3 0x80000324 (0x006381b3) x 3 0xf457aa34
core   0: 0x80000328 (0x41a55ab3) sra     s5, a0, s10
core   0: 3 0x80000328 (0x41a55ab3) x21 0x00000008
core   0: 0x8000032c (0x00b65d93) srli    s11, a2, 11
core   0: 3 0x8000032c (0x00b65d93) x27 0x00100049
core   0: 0x80000330 (0x0056cdb3) xor     s11, a3, t0
core   0: 3 0x80000330 (0x0056cdb3) x27 0xfffffff5
core   0: 0x80000334 (0xdc6c51b7) lui     gp, 0xdc6c5
core   0: 3 0x80000334 (0xdc6c51b7) x 3 0xdc6c5000
core   0: 0x80000338 (0x0ff0000f) fence   iorw,iorw
core   0: 3 0x80000338 (0x0ff0000f)
core   0: 0x8000033c (0x8b120b93) addi    s7, tp, -1871
core   0: 3 0x8000033c (0x8b120b93) x23 0xfffff9f0
core   0: 0x80000340 (0x0097d193) srli    gp, a5, 9
core   0: 3 0x80000340 (0x0097d193) x 3 0x00002000
core   0: 0x80000344 (0x00750513) addi    a0, a0, 7
core   0: 3 0x80000344 (0x00750513) x10 0x0000000f
core   0: 0x80000348 (0x00974d33) xor     s10, a4, s1
core   0: 3 0x80000348 (0x00974d33) x26 0x00000753
core   0: 0x8000034c (0xfd447913) andi    s2, s0, -44
core   0: 3 0x8000034c (0xfd447913) x18 0x01000000
core   0: 0x80000350 (0x0112bb33) sltu    s6, t0, a7
core   0: 3 0x80000350 (0x0112bb33) x22 0x00000000
core   0: 0x80000354 (0xfcd56ee3) bltu    a0, a3, pc - 36
core   0: 3 0x80000354 (0xfcd56ee3)
core   0: 0x80000358 (0x0ff0000f) fence   iorw,iorw
core   0: 3 0x80000358 (0x0ff0000f)
core   0: 0x8000035c (0xffa00d13) li      s10, -6
core   0: 3 0x8000035c (0xffa00d13) x26 0xfffffffa
core   0: 0x80000360 (0x6fd2a013) slti    zero, t0, 1789
core   0: 3 0x80000360 (0x6fd2a013)
core   0: 0x80000364 (0x014c66b3) or      a3, s8, s4
core   0: 3 0x80000364 (0x014c66b3) x13 0x93ff9fff
core   0: 0x80000368 (0x51682b93) slti    s7, a6, 1302
core   0: 3 0x80000368 (0x51682b93) x23 0x00000001
core   0: 0x8000036c (0x012dceb3) xor     t4, s11, s2
core   0: 3 0x8000036c (0x012dceb3) x29 0xfefffff5
core   0: 0x80000370 (0x1526fe93) andi    t4, a3, 338
core   0: 3 0x80000370 (0x1526fe93) x29 0x00000152
core   0: 0x80000374 (0x011a7e33) and     t3, s4, a7
core   0: 3 0x80000374 (0x011a7e33) x28 0x12021630
core   0: 0x80000378 (0x001e2cb3) slt     s9, t3, ra
core   0: 3 0x80000378 (0x001e2cb3) x25 0x00000000
core   0: 0x8000037c (0xff400713) li      a4, -12
core   0: 3 0x8000037c (0xff400713) x14 0xfffffff4
core   0: 0x80000380 (0xfc6e8693) addi    a3, t4, -58
core   0: 3 0x80000380 (0xfc6e8693) x13 0x00000118
core   0: 0x80000384 (0x00000013) nop
core   0: 3 0x80000384 (0x00000013)
core   0: 0x80000388 (0x41dd5a13) srai    s4, s10, 29
core   0: 3 0x80000388 (0x41dd5a13) x20 0xffffffff
core   0: 0x8000038c (0x40475c93) srai    s9, a4, 4
core   0: 3 0x8000038c (0x40475c93) x25 0xffffffff
core   0: 0x80000390 (0xf676cb93) xori    s7, a3, -153
core   0: 3 0x80000390 (0xf676cb93) x23 0xfffffe7f
core   0: 0x80000394 (0x00339193) slli    gp, t2, 3
core   0: 3 0x80000394 (0x00339193) x 3 0xa2bd51a0
core   0: 0x80000398 (0x17d32b13) slti    s6, t1, 381
core   0: 3 0x80000398 (0x17d32b13) x22 0x00000001
core   0: 0x8000039c (0xff6d0d13) addi    s10, s10, -10
core   0: 3 0x8000039c (0xff6d0d13) x26 0xfffffff0
core   0: 0x800003a0 (0x8cb60f97) auipc   t6, 0x8cb60
core   0: 3 0x800003a0 (0x8cb60f97) x31 0x0cb603a0
core   0: 0x800003a4 (0x0087a933) slt     s2, a5, s0
core   0: 3 0x800003a4 (0x0087a933) x18 0x00000001
core   0: 0x800003a8 (0x32852e13) slti    t3, a0, 808
core   0: 3 0x800003a8 (0x32852e13) x28 0x00000001
core   0: 0x800003ac (0xf1fc6a13) ori     s4, s8, -225
core   0: 3 0x800003ac (0xf1fc6a13) x20 0xffffff1f
core   0: 0x800003b0 (0x00000013) nop
core   0: 3 0x800003b0 (0x00000013)
core   0: 0x800003b4 (0x0000100f) fence.i
core   0: 3 0x800003b4 (0x0000100f)
core   0: 0x800003b8 (0x2cf4cb93) xori    s7, s1, 719
core   0: 3 0x800003b8 (0x2cf4cb93) x23 0x0000058e
core   0: 0x800003bc (0x0148cf33) xor     t5, a7, s4
core   0: 3 0x800003bc (0x0148cf33) x30 0xe1fda92f
core   0: 0x800003c0 (0xc3125417) auipc   s0, 0xc3125
core   0: 3 0x800003c0 (0xc3125417) x 8 0x431253c0
core   0: 0x800003c4 (0x012d21b3) slt     gp, s10, s2
core   0: 3 0x800003c4 (0x012d21b3) x 3 0x00000001
core   0: 0x800003c8 (0x015b93b3) sll     t2, s7, s5
core   0: 3 0x800003c8 (0x015b93b3) x 7 0x00058e00
core   0: 0x800003cc (0xfaed5ce3) bge     s10, a4, pc - 72
core   0: 3 0x800003cc (0xfaed5ce3)
core   0: 0x800003d0 (0x00623533) sltu    a0, tp, t1
core   0: 3 0x800003d0 (0x00623533) x10 0x00000000
core   0: 0x800003d4 (0x00a00793) li      a5, 10
core   0: 3 0x800003d4 (0x00a00793) x15 0x0000000a
core   0: 0x800003d8 (0x0005d693) srli    a3, a1, 0
core   0: 3 0x800003d8 (0x0005d693) x13 0x80000000
core   0: 0x800003dc (0x00d6f8b3) and     a7, a3, a3
core   0: 3 0x800003dc (0x00d6f8b3) x17 0x80000000
core   0: 0x800003e0 (0x59721697) auipc   a3, 0x59721
core   0: 3 0x800003e0 (0x59721697) x13 0xd97213e0
core   0: 0x800003e4 (0x008cda13) srli    s4, s9, 8
core   0: 3 0x800003e4 (0x008cda13) x20 0x00ffffff
core   0: 0x800003e8 (0xadb26e93) ori     t4, tp, -1317
core   0: 3 0x800003e8 (0xadb26e93) x29 0xfffffbff
core   0: 0x800003ec (0x00000013) nop
core   0: 3 0x800003ec (0x00000013)
core   0: 0x800003f0 (0x00900f93) li      t6, 9
core   0: 3 0x800003f0 (0x00900f93) x31 0x00000009
core   0: 0x800003f4 (0x00d90733) add     a4, s2, a3
core   0: 3 0x800003f4 (0x00d90733) x14 0xd97213e1
core   0: 0x800003f8 (0x01a1e4b3) or      s1, gp, s10
core   0: 3 0x800003f8 (0x01a1e4b3) x 9 0xfffffff1
core   0: 0x800003fc (0x01975d93) srli    s11, a4, 25
core   0: 3 0x800003fc (0x01975d93) x27 0x0000006c
core   0: 0x80000400 (0x00b63b33) sltu    s6, a2, a1
core   0: 3 0x80000400 (0x00b63b33) x22 0x00000000
core   0: 0x80000404 (0x403e5f13) srai    t5, t3, 3
core   0: 3 0x80000404 (0x403e5f13) x30 0x00000000
core   0: 0x80000408 (0x00cda733) slt     a4, s11, a2
core   0: 3 0x80000408 (0x00cda733) x14 0x00000000
core   0: 0x8000040c (0x0154e933) or      s2, s1, s5
core   0: 3 0x8000040c (0x0154e933) x18 0xfffffff9
core   0: 0x80000410 (0xff978793) addi    a5, a5, -7
core   0: 3 0x80000410 (0xff978793) x15 0x00000003
core   0: 0x80000414 (0x0165d993) srli    s3, a1, 22
core   0: 3 0x80000414 (0x0165d993) x19 0x00000200
core   0: 0x80000418 (0xff600513) li      a0, -10
core   0: 3 0x80000418 (0xff600513) x10 0xfffffff6
core   0: 0x8000041c (0x00b1a3b3) slt     t2, gp, a1
core   0: 3 0x8000041c (0x00b1a3b3) x 7 0x00000000
core   0: 0x80000420 (0x00b00b93) li      s7, 11
core   0: 3 0x80000420 (0x00b00b93) x23 0x0000000b
core   0: 0x80000424 (0x416803b3) sub     t2, a6, s6
core   0: 3 0x80000424 (0x416803b3) x 7 0x00000000
core   0: 0x80000428 (0x93eee293) ori     t0, t4, -1730
core   0: 3 0x80000428 (0x93eee293) x 5 0xfffffbff
core   0: 0x8000042c (0x018cde13) srli    t3, s9, 24
core   0: 3 0x8000042c (0x018cde13) x28 0x000000ff
core   0: 0x80000430 (0x00350513) addi    a0, a0, 3
core   0: 3 0x80000430 (0x00350513) x10 0xfffffff9
core   0: 0x80000434 (0x403b56b3) sra     a3, s6, gp
core   0: 3 0x80000434 (0x403b56b3) x13 0x00000000
core   0: 0x80000438 (0x001d3cb3) sltu    s9, s10, ra
core   0: 3 0x80000438 (0x001d3cb3) x25 0x00000000
core   0: 0x8000043c (0xff7506e3) beq     a0, s7, pc - 20
core   0: 3 0x8000043c (0xff7506e3)
core   0: 0x80000440 (0x00226433) or      s0, tp, sp
core   0: 3 0x80000440 (0x00226433) x 8 0x80028dff
core   0: 0x80000444 (0xb4b90017) auipc   zero, 0xb4b90
core   0: 3 0x80000444 (0xb4b90017)
core   0: 0x80000448 (0xfbf7f8e3) bgeu    a5, t6, pc - 80
core   0: 3 0x80000448 (0xfbf7f8e3)
core   0: 0x8000044c (0x00000013) nop
core   0: 3 0x8000044c (0x00000013)
core   0: 0x80000450 (0x00a00293) li      t0, 10
core   0: 3 0x80000450 (0x00a00293) x 5 0x0000000a
core   0: 0x80000454 (0x8a595db7) lui     s11, 0x8a595
core   0: 3 0x80000454 (0x8a595db7) x27 0x8a595000
core   0: 0x80000458 (0x00598033) add     zero, s3, t0
core   0: 3 0x80000458 (0x00598033)
core   0: 0x8000045c (0x00bec533) xor     a0, t4, a1
core   0: 3 0x8000045c (0x00bec533) x10 0x7ffffbff
core   0: 0x80000460 (0x01300693) li      a3, 19
core   0: 3 0x80000460 (0x01300693) x13 0x00000013
core   0: 0x80000464 (0x0093b3b3) sltu    t2, t2, s1
core   0: 3 0x80000464 (0x0093b3b3) x 7 0x00000001
core   0: 0x80000468 (0x6b262f93) slti    t6, a2, 1714
core   0: 3 0x80000468 (0x6b262f93) x31 0x00000001
core   0: 0x8000046c (0x0000100f) fence.i
core   0: 3 0x8000046c (0x0000100f)
core   0: 0x80000470 (0x00c934b3) sltu    s1, s2, a2
core   0: 3 0x80000470 (0x00c934b3) x 9 0x00000000
core   0: 0x80000474 (0xa2a7ba93) sltiu   s5, a5, -1494
core   0: 3 0x80000474 (0xa2a7ba93) x21 0x00000001
core   0: 0x80000478 (0x6f0a0b93) addi    s7, s4, 1776
core   0: 3 0x80000478 (0x6f0a0b93) x23 0x010006ef
core   0: 0x8000047c (0x01b59433) sll     s0, a1, s11
core   0: 3 0x8000047c (0x01b59433) x 8 0x80000000
core   0: 0x80000480 (0x153aa193) slti    gp, s5, 339
core   0: 3 0x80000480 (0x153aa193) x 3 0x00000001
core   0: 0x80000484 (0x0000100f) fence.i
core   0: 3 0x80000484 (0x0000100f)
core   0: 0x80000488 (0x00628293) addi    t0, t0, 6
core   0: 3 0x80000488 (0x00628293) x 5 0x00000010
core   0: 0x8000048c (0x005fb8b3) sltu    a7, t6, t0
core   0: 3 0x8000048c (0x005fb8b3) x17 0x00000001
core   0: 0x80000490 (0x2038a913) slti    s2, a7, 515
core   0: 3 0x80000490 (0x2038a913) x18 0x00000001
core   0: 0x80000494 (0x00de7eb3) and     t4, t3, a3
core   0: 3 0x80000494 (0x00de7eb3) x29 0x00000013
core   0: 0x80000498 (0x40488f33) sub     t5, a7, tp
core   0: 3 0x80000498 (0x40488f33) x30 0xfffffec2
core   0: 0x8000049c (0x00603a33) snez    s4, t1
core   0: 3 0x8000049c (0x00603a33) x20 0x00000000
core   0: 0x800004a0 (0x0000100f) fence.i
core   0: 3 0x800004a0 (0x0000100f)
core   0: 0x800004a4 (0x00605b13) srli    s6, zero, 6
core   0: 3 0x800004a4 (0x00605b13) x22 0x00000000
core   0: 0x800004a8 (0xfcd2e4e3) bltu    t0, a3, pc - 56
core   0: 3 0x800004a8 (0xfcd2e4e3)
core   0: 0x80000470 (0x00c934b3) sltu    s1, s2, a2
core   0: 3 0x80000470 (0x00c934b3) x 9 0x00000001
core   0: 0x80000474 (0xa2a7ba93) sltiu   s5, a5, -1494
core   0: 3 0x80000474 (0xa2a7ba93) x21 0x00000001
core   0: 0x80000478 (0x6f0a0b93) addi    s7, s4, 1776
core   0: 3 0x80000478 (0x6f0a0b93) x23 0x000006f0
core   0: 0x8000047c (0x01b59433) sll     s0, a1, s11
core   0: 3 0x8000047c (0x01b59433) x 8 0x80000000
core   0: 0x80000480 (0x153aa193) slti    gp, s5, 339
core   0: 3 0x80000480 (0x153aa193) x 3 0x00000001
core   0: 0x80000484 (0x0000100f) fence.i
core   0: 3 0x80000484 (0x0000100f)
core   0: 0x80000488 (0x00628293) addi    t0, t0, 6
core   0: 3 0x80000488 (0x00628293) x 5 0x00000016
core   0: 0x8000048c (0x005fb8b3) sltu    a7, t6, t0
core   0: 3 0x8000048c (0x005fb8b3) x17 0x00000001
core   0: 0x80000490 (0x2038a913) slti    s2, a7, 515
core   0: 3 0x80000490 (0x2038a913) x18 0x00000001
core   0: 0x80000494 (0x00de7eb3) and     t4, t3, a3
core   0: 3 0x80000494 (0x00de7eb3) x29 0x00000013
core   0: 0x80000498 (0x40488f33) sub     t5, a7, tp
core   0: 3 0x80000498 (0x40488f33) x30 0xfffffec2
core   0: 0x8000049c (0x00603a33) snez    s4, t1
core   0: 3 0x8000049c (0x00603a33) x20 0x00000000
core   0: 0x800004a0 (0x0000100f) fence.i
core   0: 3 0x800004a0 (0x0000100f)
core   0: 0x800004a4 (0x00605b13) srli    s6, zero, 6
core   0: 3 0x800004a4 (0x00605b13) x22 0x00000000
core   0: 0x800004a8 (0xfcd2e4e3) bltu    t0, a3, pc - 56
core   0: 3 0x800004a8 (0xfcd2e4e3)
core   0: 0x800004ac (0x273ea7b7) lui     a5, 0x273ea
core   0: 3 0x800004ac (0x273ea7b7) x15 0x273ea000
core   0: 0x800004b0 (0x00300b93) li      s7, 3
core   0: 3 0x800004b0 (0x00300b93) x23 0x00000003
core   0: 0x800004b4 (0x0151d013) srli    zero, gp, 21
core   0: 3 0x800004b4 (0x0151d013)
core   0: 0x800004b8 (0x3d510213) addi    tp, sp, 981
core   0: 3 0x800004b8 (0x3d510213) x 4 0x800290b9
core   0: 0x800004bc (0x43168893) addi    a7, a3, 1073
core   0: 3 0x800004bc (0x43168893) x17 0x00000444
core   0: 0x800004c0 (0xb400ea13) ori     s4, ra, -1216
core   0: 3 0x800004c0 (0xb400ea13) x20 0xfffffff7
core   0: 0x800004c4 (0x002a1333) sll     t1, s4, sp
core   0: 3 0x800004c4 (0x002a1333) x 6 0xffffff70
core   0: 0x800004c8 (0x00000013) nop
core   0: 3 0x800004c8 (0x00000013)
core   0: 0x800004cc (0x01c782b3) add     t0, a5, t3
core   0: 3 0x800004cc (0x01c782b3) x 5 0x273ea0ff
core   0: 0x800004d0 (0x0169e8b3) or      a7, s3, s6
core   0: 3 0x800004d0 (0x0169e8b3) x17 0x00000200
core   0: 0x800004d4 (0x0034a9b3) slt     s3, s1, gp
core   0: 3 0x800004d4 (0x0034a9b3) x19 0x00000000
core   0: 0x800004d8 (0x01100c93) li      s9, 17
core   0: 3 0x800004d8 (0x01100c93) x25 0x00000011
core   0: 0x800004dc (0x00a31313) slli    t1, t1, 10
core   0: 3 0x800004dc (0x00a31313) x 6 0xfffdc000
core   0: 0x800004e0 (0x40985a33) sra     s4, a6, s1
core   0: 3 0x800004e0 (0x40985a33) x20 0x00000000
core   0: 0x800004e4 (0x48ce4313) xori    t1, t3, 1164
core   0: 3 0x800004e4 (0x48ce4313) x 6 0x00000473
core   0: 0x800004e8 (0x006ae733) or      a4, s5, t1
core   0: 3 0x800004e8 (0x006ae733) x14 0x00000473
core   0: 0x800004ec (0x001b8b93) addi    s7, s7, 1
core   0: 3 0x800004ec (0x001b8b93) x23 0x00000004
core   0: 0x800004f0 (0x00a17c33) and     s8, sp, a0
core   0: 3 0x800004f0 (0x00a17c33) x24 0x000288e4
core   0: 0x800004f4 (0x00000013) nop
core   0: 3 0x800004f4 (0x00000013)
core   0: 0x800004f8 (0x28f1a293) slti    t0, gp, 655
core   0: 3 0x800004f8 (0x28f1a293) x 5 0x00000001
core   0: 0x800004fc (0xff9b94e3) bne     s7, s9, pc - 24
core   0: 3 0x800004fc (0xff9b94e3)
core   0: 0x800004e4 (0x48ce4313) xori    t1, t3, 1164
core   0: 3 0x800004e4 (0x48ce4313) x 6 0x00000473
core   0: 0x800004e8 (0x006ae733) or      a4, s5, t1
core   0: 3 0x800004e8 (0x006ae733) x14 0x00000473
core   0: 0x800004ec (0x001b8b93) addi    s7, s7, 1
core   0: 3 0x800004ec (0x001b8b93) x23 0x00000005
core   0: 0x800004f0 (0x00a17c33) and     s8, sp, a0
core   0: 3 0x800004f0 (0x00a17c33) x24 0x000288e4
core   0: 0x800004f4 (0x00000013) nop
core   0: 3 0x800004f4 (0x00000013)
core   0: 0x800004f8 (0x28f1a293) slti    t0, gp, 655
core   0: 3 0x800004f8 (0x28f1a293) x 5 0x00000001
core   0: 0x800004fc (0xff9b94e3) bne     s7, s9, pc - 24
core   0: 3 0x800004fc (0xff9b94e3)
core   0: 0x800004e4 (0x48ce4313) xori    t1, t3, 1164
core   0: 3 0x800004e4 (0x48ce4313) x 6 0x00000473
core   0: 0x800004e8 (0x006ae733) or      a4, s5, t1
core   0: 3 0x800004e8 (0x006ae733) x14 0x00000473
core   0: 0x800004ec (0x001b8b93) addi    s7, s7, 1
core   0: 3 0x800004ec (0x001b8b93) x23 0x00000006
core   0: 0x800004f0 (0x00a17c33) and     s8, sp, a0
core   0: 3 0x800004f0 (0x00a17c33) x24 0x000288e4
core   0: 0x800004f4 (0x00000013) nop
core   0: 3 0x800004f4 (0x00000013)
core   0: 0x800004f8 (0x28f1a293) slti    t0, gp, 655
core   0: 3 0x800004f8 (0x28f1a293) x 5 0x00000001
core   0: 0x800004fc (0xff9b94e3) bne     s7, s9, pc - 24
core   0: 3 0x800004fc (0xff9b94e3)
core   0: 0x800004e4 (0x48ce4313) xori    t1, t3, 1164
core   0: 3 0x800004e4 (0x48ce4313) x 6 0x00000473
core   0: 0x800004e8 (0x006ae733) or      a4, s5, t1
core   0: 3 0x800004e8 (0x006ae733) x14 0x00000473
core   0: 0x800004ec (0x001b8b93) addi    s7, s7, 1
core   0: 3 0x800004ec (0x001b8b93) x23 0x00000007
core   0: 0x800004f0 (0x00a17c33) and     s8, sp, a0
core   0: 3 0x800004f0 (0x00a17c33) x24 0x000288e4
core   0: 0x800004f4 (0x00000013) nop
core   0: 3 0x800004f4 (0x00000013)
core   0: 0x800004f8 (0x28f1a293) slti    t0, gp, 655
core   0: 3 0x800004f8 (0x28f1a293) x 5 0x00000001
core   0: 0x800004fc (0xff9b94e3) bne     s7, s9, pc - 24
core   0: 3 0x800004fc (0xff9b94e3)
core   0: 0x800004e4 (0x48ce4313) xori    t1, t3, 1164
core   0: 3 0x800004e4 (0x48ce4313) x 6 0x00000473
core   0: 0x800004e8 (0x006ae733) or      a4, s5, t1
core   0: 3 0x800004e8 (0x006ae733) x14 0x00000473
core   0: 0x800004ec (0x001b8b93) addi    s7, s7, 1
core   0: 3 0x800004ec (0x001b8b93) x23 0x00000008
core   0: 0x800004f0 (0x00a17c33) and     s8, sp, a0
core   0: 3 0x800004f0 (0x00a17c33) x24 0x000288e4
core   0: 0x800004f4 (0x00000013) nop
core   0: 3 0x800004f4 (0x00000013)
core   0: 0x800004f8 (0x28f1a293) slti    t0, gp, 655
core   0: 3 0x800004f8 (0x28f1a293) x 5 0x00000001
core   0: 0x800004fc (0xff9b94e3) bne     s7, s9, pc - 24
core   0: 3 0x800004fc (0xff9b94e3)
core   0: 0x800004e4 (0x48ce4313) xori    t1, t3, 1164
core   0: 3 0x800004e4 (0x48ce4313) x 6 0x00000473
core   0: 0x800004e8 (0x006ae733) or      a4, s5, t1
core   0: 3 0x800004e8 (0x006ae733) x14 0x00000473
core   0: 0x800004ec (0x001b8b93) addi    s7, s7, 1
core   0: 3 0x800004ec (0x001b8b93) x23 0x00000009
core   0: 0x800004f0 (0x00a17c33) and     s8, sp, a0
core   0: 3 0x800004f0 (0x00a17c33) x24 0x000288e4
core   0: 0x800004f4 (0x00000013) nop
core   0: 3 0x800004f4 (0x00000013)
core   0: 0x800004f8 (0x28f1a293) slti    t0, gp, 655
core   0: 3 0x800004f8 (0x28f1a293) x 5 0x00000001
core   0: 0x800004fc (0xff9b94e3) bne     s7, s9, pc - 24
core   0: 3 0x800004fc (0xff9b94e3)
core   0: 0x800004e4 (0x48ce4313) xori    t1, t3, 1164
core   0: 3 0x800004e4 (0x48ce4313) x 6 0x00000473
core   0: 0x800004e8 (0x006ae733) or      a4, s5, t1
core   0: 3 0x800004e8 (0x006ae733) x14 0x00000473
core   0: 0x800004ec (0x001b8b93) addi    s7, s7, 1
core   0: 3 0x800004ec (0x001b8b93) x23 0x0000000a
core   0: 0x800004f0 (0x00a17c33) and     s8, sp, a0
core   0: 3 0x800004f0 (0x00a17c33) x24 0x000288e4
core   0: 0x800004f4 (0x00000013) nop
core   0: 3 0x800004f4 (0x00000013)
core   0: 0x800004f8 (0x28f1a293) slti    t0, gp, 655
core   0: 3 0x800004f8 (0x28f1a293) x 5 0x00000001
core   0: 0x800004fc (0xff9b94e3) bne     s7, s9, pc - 24
core   0: 3 0x800004fc (0xff9b94e3)
core   0: 0x800004e4 (0x48ce4313) xori    t1, t3, 1164
core   0: 3 0x800004e4 (0x48ce4313) x 6 0x00000473
core   0: 0x800004e8 (0x006ae733) or      a4, s5, t1
core   0: 3 0x800004e8 (0x006ae733) x14 0x00000473
core   0: 0x800004ec (0x001b8b93) addi    s7, s7, 1
core   0: 3 0x800004ec (0x001b8b93) x23 0x0000000b
core   0: 0x800004f0 (0x00a17c33) and     s8, sp, a0
core   0: 3 0x800004f0 (0x00a17c33) x24 0x000288e4
core   0: 0x800004f4 (0x00000013) nop
core   0: 3 0x800004f4 (0x00000013)
core   0: 0x800004f8 (0x28f1a293) slti    t0, gp, 655
core   0: 3 0x800004f8 (0x28f1a293) x 5 0x00000001
core   0: 0x800004fc (0xff9b94e3) bne     s7, s9, pc - 24
core   0: 3 0x800004fc (0xff9b94e3)
core   0: 0x800004e4 (0x48ce4313) xori    t1, t3, 1164
core   0: 3 0x800004e4 (0x48ce4313) x 6 0x00000473
core   0: 0x800004e8 (0x006ae733) or      a4, s5, t1
core   0: 3 0x800004e8 (0x006ae733) x14 0x00000473
core   0: 0x800004ec (0x001b8b93) addi    s7, s7, 1
core   0: 3 0x800004ec (0x001b8b93) x23 0x0000000c
core   0: 0x800004f0 (0x00a17c33) and     s8, sp, a0
core   0: 3 0x800004f0 (0x00a17c33) x24 0x000288e4
core   0: 0x800004f4 (0x00000013) nop
core   0: 3 0x800004f4 (0x00000013)
core   0: 0x800004f8 (0x28f1a293) slti    t0, gp, 655
core   0: 3 0x800004f8 (0x28f1a293) x 5 0x00000001
core   0: 0x800004fc (0xff9b94e3) bne     s7, s9, pc - 24
core   0: 3 0x800004fc (0xff9b94e3)
core   0: 0x800004e4 (0x48ce4313) xori    t1, t3, 1164
core   0: 3 0x800004e4 (0x48ce4313) x 6 0x00000473
core   0: 0x800004e8 (0x006ae733) or      a4, s5, t1
core   0: 3 0x800004e8 (0x006ae733) x14 0x00000473
core   0: 0x800004ec (0x001b8b93) addi    s7, s7, 1
core   0: 3 0x800004ec (0x001b8b93) x23 0x0000000d
core   0: 0x800004f0 (0x00a17c33) and     s8, sp, a0
core   0: 3 0x800004f0 (0x00a17c33) x24 0x000288e4
core   0: 0x800004f4 (0x00000013) nop
core   0: 3 0x800004f4 (0x00000013)
core   0: 0x800004f8 (0x28f1a293) slti    t0, gp, 655
core   0: 3 0x800004f8 (0x28f1a293) x 5 0x00000001
core   0: 0x800004fc (0xff9b94e3) bne     s7, s9, pc - 24
core   0: 3 0x800004fc (0xff9b94e3)
core   0: 0x800004e4 (0x48ce4313) xori    t1, t3, 1164
core   0: 3 0x800004e4 (0x48ce4313) x 6 0x00000473
core   0: 0x800004e8 (0x006ae733) or      a4, s5, t1
core   0: 3 0x800004e8 (0x006ae733) x14 0x00000473
core   0: 0x800004ec (0x001b8b93) addi    s7, s7, 1
core   0: 3 0x800004ec (0x001b8b93) x23 0x0000000e
core   0: 0x800004f0 (0x00a17c33) and     s8, sp, a0
core   0: 3 0x800004f0 (0x00a17c33) x24 0x000288e4
core   0: 0x800004f4 (0x00000013) nop
core   0: 3 0x800004f4 (0x00000013)
core   0: 0x800004f8 (0x28f1a293) slti    t0, gp, 655
core   0: 3 0x800004f8 (0x28f1a293) x 5 0x00000001
core   0: 0x800004fc (0xff9b94e3) bne     s7, s9, pc - 24
core   0: 3 0x800004fc (0xff9b94e3)
core   0: 0x800004e4 (0x48ce4313) xori    t1, t3, 1164
core   0: 3 0x800004e4 (0x48ce4313) x 6 0x00000473
core   0: 0x800004e8 (0x006ae733) or      a4, s5, t1
core   0: 3 0x800004e8 (0x006ae733) x14 0x00000473
core   0: 0x800004ec (0x001b8b93) addi    s7, s7, 1
core   0: 3 0x800004ec (0x001b8b93) x23 0x0000000f
core   0: 0x800004f0 (0x00a17c33) and     s8, sp, a0
core   0: 3 0x800004f0 (0x00a17c33) x24 0x000288e4
core   0: 0x800004f4 (0x00000013) nop
core   0: 3 0x800004f4 (0x00000013)
core   0: 0x800004f8 (0x28f1a293) slti    t0, gp, 655
core   0: 3 0x800004f8 (0x28f1a293) x 5 0x00000001
core   0: 0x800004fc (0xff9b94e3) bne     s7, s9, pc - 24
core   0: 3 0x800004fc (0xff9b94e3)
core   0: 0x800004e4 (0x48ce4313) xori    t1, t3, 1164
core   0: 3 0x800004e4 (0x48ce4313) x 6 0x00000473
core   0: 0x800004e8 (0x006ae733) or      a4, s5, t1
core   0: 3 0x800004e8 (0x006ae733) x14 0x00000473
core   0: 0x800004ec (0x001b8b93) addi    s7, s7, 1
core   0: 3 0x800004ec (0x001b8b93) x23 0x00000010
core   0: 0x800004f0 (0x00a17c33) and     s8, sp, a0
core   0: 3 0x800004f0 (0x00a17c33) x24 0x000288e4
core   0: 0x800004f4 (0x00000013) nop
core   0: 3 0x800004f4 (0x00000013)
core   0: 0x800004f8 (0x28f1a293) slti    t0, gp, 655
core   0: 3 0x800004f8 (0x28f1a293) x 5 0x00000001
core   0: 0x800004fc (0xff9b94e3) bne     s7, s9, pc - 24
core   0: 3 0x800004fc (0xff9b94e3)
core   0: 0x800004e4 (0x48ce4313) xori    t1, t3, 1164
core   0: 3 0x800004e4 (0x48ce4313) x 6 0x00000473
core   0: 0x800004e8 (0x006ae733) or      a4, s5, t1
core   0: 3 0x800004e8 (0x006ae733) x14 0x00000473
core   0: 0x800004ec (0x001b8b93) addi    s7, s7, 1
core   0: 3 0x800004ec (0x001b8b93) x23 0x00000011
core   0: 0x800004f0 (0x00a17c33) and     s8, sp, a0
core   0: 3 0x800004f0 (0x00a17c33) x24 0x000288e4
core   0: 0x800004f4 (0x00000013) nop
core   0: 3 0x800004f4 (0x00000013)
core   0: 0x800004f8 (0x28f1a293) slti    t0, gp, 655
core   0: 3 0x800004f8 (0x28f1a293) x 5 0x00000001
core   0: 0x800004fc (0xff9b94e3) bne     s7, s9, pc - 24
core   0: 3 0x800004fc (0xff9b94e3)
core   0: 0x80000500 (0x00460c33) add     s8, a2, tp
core   0: 3 0x80000500 (0x00460c33) x24 0x0004df1d
core   0: 0x80000504 (0x00600293) li      t0, 6
core   0: 3 0x80000504 (0x00600293) x 5 0x00000006
core   0: 0x80000508 (0xe5b0cb13) xori    s6, ra, -421
core   0: 3 0x80000508 (0xe5b0cb13) x22 0x6c0061ac
core   0: 0x8000050c (0x0000100f) fence.i
core   0: 3 0x8000050c (0x0000100f)
core   0: 0x80000510 (0x01391f33) sll     t5, s2, s3
core   0: 3 0x80000510 (0x01391f33) x30 0x00000001
core   0: 0x80000514 (0x00d00413) li      s0, 13
core   0: 3 0x80000514 (0x00d00413) x 8 0x0000000d
core   0: 0x80000518 (0x001184b3) add     s1, gp, ra
core   0: 3 0x80000518 (0x001184b3) x 9 0x93ff9ff8
core   0: 0x8000051c (0x00369d13) slli    s10, a3, 3
core   0: 3 0x8000051c (0x00369d13) x26 0x00000098
core   0: 0x80000520 (0xad7eed97) auipc   s11, 0xad7ee
core   0: 3 0x80000520 (0xad7eed97) x27 0x2d7ee520
core   0: 0x80000524 (0x00000013) nop
core   0: 3 0x80000524 (0x00000013)
core   0: 0x80000528 (0x408ad0b3) sra     ra, s5, s0
core   0: 3 0x80000528 (0x408ad0b3) x 1 0x00000000
core   0: 0x8000052c (0x85154197) auipc   gp, 0x85154
core   0: 3 0x8000052c (0x85154197) x 3 0x0515452c
core   0: 0x80000530 (0x0000100f) fence.i
core   0: 3 0x80000530 (0x0000100f)
core   0: 0x80000534 (0x3d9cff13) andi    t5, s9, 985
core   0: 3 0x80000534 (0x3d9cff13) x30 0x00000011
core   0: 0x80000538 (0x01940cb3) add     s9, s0, s9
core   0: 3 0x80000538 (0x01940cb3) x25 0x0000001e
core   0: 0x8000053c (0x01237b33) and     s6, t1, s2
core   0: 3 0x8000053c (0x01237b33) x22 0x00000001
core   0: 0x80000540 (0x00395f33) srl     t5, s2, gp
core   0: 3 0x80000540 (0x00395f33) x30 0x00000000
core   0: 0x80000544 (0x40e0d393) srai    t2, ra, 14
core   0: 3 0x80000544 (0x40e0d393) x 7 0x00000000
core   0: 0x80000548 (0x0cab8993) addi    s3, s7, 202
core   0: 3 0x80000548 (0x0cab8993) x19 0x000000db
core   0: 0x8000054c (0x0000100f) fence.i
core   0: 3 0x8000054c (0x0000100f)
core   0: 0x80000550 (0xa6768f13) addi    t5, a3, -1433
core   0: 3 0x80000550 (0xa6768f13) x30 0xfffffa7a
core   0: 0x80000554 (0xc469e213) ori     tp, s3, -954
core   0: 3 0x80000554 (0xc469e213) x 4 0xfffffcdf
core   0: 0x80000558 (0x00c34533) xor     a0, t1, a2
core   0: 3 0x80000558 (0x00c34533) x10 0x80024a17
core   0: 0x8000055c (0x00728293) addi    t0, t0, 7
core   0: 3 0x8000055c (0x00728293) x 5 0x0000000d
core   0: 0x80000560 (0x0000100f) fence.i
core   0: 3 0x80000560 (0x0000100f)
core   0: 0x80000564 (0xb1eff893) andi    a7, t6, -1250
core   0: 3 0x80000564 (0xb1eff893) x17 0x00000000
core   0: 0x80000568 (0x00915793) srli    a5, sp, 9
core   0: 3 0x80000568 (0x00915793) x15 0x00400146
core   0: 0x8000056c (0xfe82c6e3) blt     t0, s0, pc - 20
core   0: 3 0x8000056c (0xfe82c6e3)
core   0: 0x80000570 (0x17e22193) slti    gp, tp, 382
core   0: 3 0x80000570 (0x17e22193) x 3 0x00000001
core   0: 0x80000574 (0x00500513) li      a0, 5
core   0: 3 0x80000574 (0x00500513) x10 0x00000005
core   0: 0x80000578 (0xe7206d93) ori     s11, zero, -398
core   0: 3 0x80000578 (0xe7206d93) x27 0xfffffe72
core   0: 0x8000057c (0x00500993) li      s3, 5
core   0: 3 0x8000057c (0x00500993) x19 0x00000005
core   0: 0x80000580 (0xb44e4313) xori    t1, t3, -1212
core   0: 3 0x80000580 (0xb44e4313) x 6 0xfffffbbb
core   0: 0x80000584 (0xffc50513) addi    a0, a0, -4
core   0: 3 0x80000584 (0xffc50513) x10 0x00000001
core   0: 0x80000588 (0xb89c8d13) addi    s10, s9, -1143
core   0: 3 0x80000588 (0xb89c8d13) x26 0xfffffba7
core   0: 0x8000058c (0x0ff0000f) fence   iorw,iorw
core   0: 3 0x8000058c (0x0ff0000f)
core   0: 0x80000590 (0x1df1c337) lui     t1, 0x1df1c
core   0: 3 0x80000590 (0x1df1c337) x 6 0x1df1c000
core   0: 0x80000594 (0xff3556e3) bge     a0, s3, pc - 20
core   0: 3 0x80000594 (0xff3556e3)
core   0: 0x80000598 (0x005d8833) add     a6, s11, t0
core   0: 3 0x80000598 (0x005d8833) x16 0xfffffe7f
core   0: 0x8000059c (0x00300b13) li      s6, 3
core   0: 3 0x8000059c (0x00300b13) x22 0x00000003
core   0: 0x800005a0 (0x01abdd93) srli    s11, s7, 26
core   0: 3 0x800005a0 (0x01abdd93) x27 0x00000000
core   0: 0x800005a4 (0x01745413) srli    s0, s0, 23
core   0: 3 0x800005a4 (0x01745413) x 8 0x00000000
core   0: 0x800005a8 (0x015a23b3) slt     t2, s4, s5
core   0: 3 0x800005a8 (0x015a23b3) x 7 0x00000001
core   0: 0x800005ac (0x006b1933) sll     s2, s6, t1
core   0: 3 0x800005ac (0x006b1933) x18 0x00000003
core   0: 0x800005b0 (0xffa00313) li      t1, -6
core   0: 3 0x800005b0 (0xffa00313) x 6 0xfffffffa
core   0: 0x800005b4 (0x0190e033) or      zero, ra, s9
core   0: 3 0x800005b4 (0x0190e033)
core   0: 0x800005b8 (0x01dc04b3) add     s1, s8, t4
core   0: 3 0x800005b8 (0x01dc04b3) x 9 0x0004df30
core   0: 0x800005bc (0xff7b0b13) addi    s6, s6, -9
core   0: 3 0x800005bc (0xff7b0b13) x22 0xfffffffa
core   0: 0x800005c0 (0x402e5a33) sra     s4, t3, sp
core   0: 3 0x800005c0 (0x402e5a33) x20 0x0000000f
core   0: 0x800005c4 (0x0000100f) fence.i
core   0: 3 0x800005c4 (0x0000100f)
core   0: 0x800005c8 (0x00eeef33) or      t5, t4, a4
core   0: 3 0x800005c8 (0x00eeef33) x30 0x00000473
core   0: 0x800005cc (0x01745993) srli    s3, s0, 23
core   0: 3 0x800005cc (0x01745993) x19 0x00000000
core   0: 0x800005d0 (0xfe6b02e3) beq     s6, t1, pc - 28
core   0: 3 0x800005d0 (0xfe6b02e3)
core   0: 0x800005b4 (0x0190e033) or      zero, ra, s9
core   0: 3 0x800005b4 (0x0190e033)
core   0: 0x800005b8 (0x01dc04b3) add     s1, s8, t4
core   0: 3 0x800005b8 (0x01dc04b3) x 9 0x0004df30
core   0: 0x800005bc (0xff7b0b13) addi    s6, s6, -9
core   0: 3 0x800005bc (0xff7b0b13) x22 0xfffffff1
core   0: 0x800005c0 (0x402e5a33) sra     s4, t3, sp
core   0: 3 0x800005c0 (0x402e5a33) x20 0x0000000f
core   0: 0x800005c4 (0x0000100f) fence.i
core   0: 3 0x800005c4 (0x0000100f)
core   0: 0x800005c8 (0x00eeef33) or      t5, t4, a4
core   0: 3 0x800005c8 (0x00eeef33) x30 0x00000473
core   0: 0x800005cc (0x01745993) srli    s3, s0, 23
core   0: 3 0x800005cc (0x01745993) x19 0x00000000
core   0: 0x800005d0 (0xfe6b02e3) beq     s6, t1, pc - 28
core   0: 3 0x800005d0 (0xfe6b02e3)
core   0: 0x800005d4 (0xb1ca8c93) addi    s9, s5, -1252
core   0: 3 0x800005d4 (0xb1ca8c93) x25 0xfffffb1d
core   0: 0x800005d8 (0x00400493) li      s1, 4
core   0: 3 0x800005d8 (0x00400493) x 9 0x00000004
core   0: 0x800005dc (0x2d53a193) slti    gp, t2, 725
core   0: 3 0x800005dc (0x2d53a193) x 3 0x00000001
core   0: 0x800005e0 (0x00000013) nop
core   0: 3 0x800005e0 (0x00000013)
core   0: 0x800005e4 (0x4043d193) srai    gp, t2, 4
core   0: 3 0x800005e4 (0x4043d193) x 3 0x00000000
core   0: 0x800005e8 (0x00a51c13) slli    s8, a0, 10
core   0: 3 0x800005e8 (0x00a51c13) x24 0x00000400
core   0: 0x800005ec (0x01dcb3b3) sltu    t2, s9, t4
core   0: 3 0x800005ec (0x01dcb3b3) x 7 0x00000000
core   0: 0x800005f0 (0x00c00993) li      s3, 12
core   0: 3 0x800005f0 (0x00c00993) x19 0x0000000c
core   0: 0x800005f4 (0x401bde33) sra     t3, s7, ra
core   0: 3 0x800005f4 (0x401bde33) x28 0x00000011
core   0: 0x800005f8 (0x01d463b3) or      t2, s0, t4
core   0: 3 0x800005f8 (0x01d463b3) x 7 0x00000013
core   0: 0x800005fc (0x00d00cb3) add     s9, zero, a3
core   0: 3 0x800005fc (0x00d00cb3) x25 0x00000013
core   0: 0x80000600 (0x016b78b3) and     a7, s6, s6
core   0: 3 0x80000600 (0x016b78b3) x17 0xfffffff1
core   0: 0x80000604 (0x00a48493) addi    s1, s1, 10
core   0: 3 0x80000604 (0x00a48493) x 9 0x0000000e
core   0: 0x80000608 (0x00af2033) slt     zero, t5, a0
core   0: 3 0x80000608 (0x00af2033)
core   0: 0x8000060c (0x013a9533) sll     a0, s5, s3
core   0: 3 0x8000060c (0x013a9533) x10 0x00001000
core   0: 0x80000610 (0x01a15293) srli    t0, sp, 26
core   0: 3 0x80000610 (0x01a15293) x 5 0x00000020
core   0: 0x80000614 (0x001c0733) add     a4, s8, ra
core   0: 3 0x80000614 (0x001c0733) x14 0x00000400
core   0: 0x80000618 (0xff34c0e3) blt     s1, s3, pc - 32
core   0: 3 0x80000618 (0xff34c0e3)
core   0: 0x8000061c (0xc4348713) addi    a4, s1, -957
core   0: 3 0x8000061c (0xc4348713) x14 0xfffffc51
core   0: 0x80000620 (0x00000413) li      s0, 0
core   0: 3 0x80000620 (0x00000413) x 8 0x00000000
core   0: 0x80000624 (0x85af8b13) addi    s6, t6, -1958
core   0: 3 0x80000624 (0x85af8b13) x22 0xfffff85b
core   0: 0x80000628 (0x01100d13) li      s10, 17
core   0: 3 0x80000628 (0x01100d13) x26 0x00000011
core   0: 0x8000062c (0x01ba26b3) slt     a3, s4, s11
core   0: 3 0x8000062c (0x01ba26b3) x13 0x00000000
core   0: 0x80000630 (0x00140413) addi    s0, s0, 1
core   0: 3 0x80000630 (0x00140413) x 8 0x00000001
core   0: 0x80000634 (0xd8cef693) andi    a3, t4, -628
core   0: 3 0x80000634 (0xd8cef693) x13 0x00000000
core   0: 0x80000638 (0x00500a93) li      s5, 5
core   0: 3 0x80000638 (0x00500a93) x21 0x00000005
core   0: 0x8000063c (0xff500993) li      s3, -11
core   0: 3 0x8000063c (0xff500993) x19 0xfffffff5
core   0: 0x80000640 (0x407a8cb3) sub     s9, s5, t2
core   0: 3 0x80000640 (0x407a8cb3) x25 0xfffffff2
core   0: 0x80000644 (0xa874c017) auipc   zero, 0xa874c
core   0: 3 0x80000644 (0xa874c017)
core   0: 0x80000648 (0xff8a8a93) addi    s5, s5, -8
core   0: 3 0x80000648 (0xff8a8a93) x21 0xfffffffd
core   0: 0x8000064c (0x013a1cb3) sll     s9, s4, s3
core   0: 3 0x8000064c (0x013a1cb3) x25 0x01e00000
core   0: 0x80000650 (0xff3a9ae3) bne     s5, s3, pc - 12
core   0: 3 0x80000650 (0xff3a9ae3)
core   0: 0x80000644 (0xa874c017) auipc   zero, 0xa874c
core   0: 3 0x80000644 (0xa874c017)
core   0: 0x80000648 (0xff8a8a93) addi    s5, s5, -8
core   0: 3 0x80000648 (0xff8a8a93) x21 0xfffffff5
core   0: 0x8000064c (0x013a1cb3) sll     s9, s4, s3
core   0: 3 0x8000064c (0x013a1cb3) x25 0x01e00000
core   0: 0x80000650 (0xff3a9ae3) bne     s5, s3, pc - 12
core   0: 3 0x80000650 (0xff3a9ae3)
core   0: 0x80000654 (0x002f9733) sll     a4, t6, sp
core   0: 3 0x80000654 (0x002f9733) x14 0x00000010
core   0: 0x80000658 (0x01e692b3) sll     t0, a3, t5
core   0: 3 0x80000658 (0x01e692b3) x 5 0x00000000
core   0: 0x8000065c (0xfda408e3) beq     s0, s10, pc - 48
core   0: 3 0x8000065c (0xfda408e3)
core   0: 0x80000660 (0x00c88eb3) add     t4, a7, a2
core   0: 3 0x80000660 (0x00c88eb3) x29 0x80024e55
core   0: 0x80000664 (0x00a00b13) li      s6, 10
core   0: 3 0x80000664 (0x00a00b13) x22 0x0000000a
core   0: 0x80000668 (0x00900a13) li      s4, 9
core   0: 3 0x80000668 (0x00900a13) x20 0x00000009
core   0: 0x8000066c (0xea58a413) slti    s0, a7, -347
core   0: 3 0x8000066c (0xea58a413) x 8 0x00000000
core   0: 0x80000670 (0x014d74b3) and     s1, s10, s4
core   0: 3 0x80000670 (0x014d74b3) x 9 0x00000001
core   0: 0x80000674 (0x005ef833) and     a6, t4, t0
core   0: 3 0x80000674 (0x005ef833) x16 0x00000000
core   0: 0x80000678 (0x0ff0000f) fence   iorw,iorw
core   0: 3 0x80000678 (0x0ff0000f)
core   0: 0x8000067c (0xb291a917) auipc   s2, 0xb291a
core   0: 3 0x8000067c (0xb291a917) x18 0x3291a67c
core   0: 0x80000680 (0x01c39713) slli    a4, t2, 28
core   0: 3 0x80000680 (0x01c39713) x14 0x30000000
core   0: 0x80000684 (0xd8002f93) slti    t6, zero, -640
core   0: 3 0x80000684 (0xd8002f93) x31 0x00000000
core   0: 0x80000688 (0x00000013) nop
core   0: 3 0x80000688 (0x00000013)
core   0: 0x8000068c (0xff8b0b13) addi    s6, s6, -8
core   0: 3 0x8000068c (0xff8b0b13) x22 0x00000002
core   0: 0x80000690 (0x0ff0000f) fence   iorw,iorw
core   0: 3 0x80000690 (0x0ff0000f)
core   0: 0x80000694 (0xff800513) li      a0, -8
core   0: 3 0x80000694 (0xff800513) x10 0xfffffff8
core   0: 0x80000698 (0x015e9f33) sll     t5, t4, s5
core   0: 3 0x80000698 (0x015e9f33) x30 0xcaa00000
core   0: 0x8000069c (0x00100b93) li      s7, 1
core   0: 3 0x8000069c (0x00100b93) x23 0x00000001
core   0: 0x800006a0 (0xb4907813) andi    a6, zero, -1207
core   0: 3 0x800006a0 (0xb4907813) x16 0x00000000
core   0: 0x800006a4 (0x862b4e37) lui     t3, 0x862b4
core   0: 3 0x800006a4 (0x862b4e37) x28 0x862b4000
core   0: 0x800006a8 (0x00d19213) slli    tp, gp, 13
core   0: 3 0x800006a8 (0x00d19213) x 4 0x00000000
core   0: 0x800006ac (0x633fe6b7) lui     a3, 0x633fe
core   0: 3 0x800006ac (0x633fe6b7) x13 0x633fe000
core   0: 0x800006b0 (0x003ab9b3) sltu    s3, s5, gp
core   0: 3 0x800006b0 (0x003ab9b3) x19 0x00000000
core   0: 0x800006b4 (0x00450513) addi    a0, a0, 4
core   0: 3 0x800006b4 (0x00450513) x10 0xfffffffc
core   0: 0x800006b8 (0x01dd9093) slli    ra, s11, 29
core   0: 3 0x800006b8 (0x01dd9093) x 1 0x00000000
core   0: 0x800006bc (0x01689e33) sll     t3, a7, s6
core   0: 3 0x800006bc (0x01689e33) x28 0xffffffc4
core   0: 0x800006c0 (0x0ff0000f) fence   iorw,iorw
core   0: 3 0x800006c0 (0x0ff0000f)
core   0: 0x800006c4 (0x01467733) and     a4, a2, s4
core   0: 3 0x800006c4 (0x01467733) x14 0x00000000
core   0: 0x800006c8 (0x0073a933) slt     s2, t2, t2
core   0: 3 0x800006c8 (0x0073a933) x18 0x00000000
core   0: 0x800006cc (0x0ff0000f) fence   iorw,iorw
core   0: 3 0x800006cc (0x0ff0000f)
core   0: 0x800006d0 (0x41b104b3) sub     s1, sp, s11
core   0: 3 0x800006d0 (0x41b104b3) x 9 0x80028ce4
core   0: 0x800006d4 (0x010f2933) slt     s2, t5, a6
core   0: 3 0x800006d4 (0x010f2933) x18 0x00000001
core   0: 0x800006d8 (0xfd7546e3) blt     a0, s7, pc - 52
core   0: 3 0x800006d8 (0xfd7546e3)
core   0: 0x800006a4 (0x862b4e37) lui     t3, 0x862b4
core   0: 3 0x800006a4 (0x862b4e37) x28 0x862b4000
core   0: 0x800006a8 (0x00d19213) slli    tp, gp, 13
core   0: 3 0x800006a8 (0x00d19213) x 4 0x00000000
core   0: 0x800006ac (0x633fe6b7) lui     a3, 0x633fe
core   0: 3 0x800006ac (0x633fe6b7) x13 0x633fe000
core   0: 0x800006b0 (0x003ab9b3) sltu    s3, s5, gp
core   0: 3 0x800006b0 (0x003ab9b3) x19 0x00000000
core   0: 0x800006b4 (0x00450513) addi    a0, a0, 4
core   0: 3 0x800006b4 (0x00450513) x10 0x00000000
core   0: 0x800006b8 (0x01dd9093) slli    ra, s11, 29
core   0: 3 0x800006b8 (0x01dd9093) x 1 0x00000000
core   0: 0x800006bc (0x01689e33) sll     t3, a7, s6
core   0: 3 0x800006bc (0x01689e33) x28 0xffffffc4
core   0: 0x800006c0 (0x0ff0000f) fence   iorw,iorw
core   0: 3 0x800006c0 (0x0ff0000f)
core   0: 0x800006c4 (0x01467733) and     a4, a2, s4
core   0: 3 0x800006c4 (0x01467733) x14 0x00000000
core   0: 0x800006c8 (0x0073a933) slt     s2, t2, t2
core   0: 3 0x800006c8 (0x0073a933) x18 0x00000000
core   0: 0x800006cc (0x0ff0000f) fence   iorw,iorw
core   0: 3 0x800006cc (0x0ff0000f)
core   0: 0x800006d0 (0x41b104b3) sub     s1, sp, s11
core   0: 3 0x800006d0 (0x41b104b3) x 9 0x80028ce4
core   0: 0x800006d4 (0x010f2933) slt     s2, t5, a6
core   0: 3 0x800006d4 (0x010f2933) x18 0x00000001
core   0: 0x800006d8 (0xfd7546e3) blt     a0, s7, pc - 52
core   0: 3 0x800006d8 (0xfd7546e3)
core   0: 0x800006a4 (0x862b4e37) lui     t3, 0x862b4
core   0: 3 0x800006a4 (0x862b4e37) x28 0x862b4000
core   0: 0x800006a8 (0x00d19213) slli    tp, gp, 13
core   0: 3 0x800006a8 (0x00d19213) x 4 0x00000000
core   0: 0x800006ac (0x633fe6b7) lui     a3, 0x633fe
core   0: 3 0x800006ac (0x633fe6b7) x13 0x633fe000
core   0: 0x800006b0 (0x003ab9b3) sltu    s3, s5, gp
core   0: 3 0x800006b0 (0x003ab9b3) x19 0x00000000
core   0: 0x800006b4 (0x00450513) addi    a0, a0, 4
core   0: 3 0x800006b4 (0x00450513) x10 0x00000004
core   0: 0x800006b8 (0x01dd9093) slli    ra, s11, 29
core   0: 3 0x800006b8 (0x01dd9093) x 1 0x00000000
core   0: 0x800006bc (0x01689e33) sll     t3, a7, s6
core   0: 3 0x800006bc (0x01689e33) x28 0xffffffc4
core   0: 0x800006c0 (0x0ff0000f) fence   iorw,iorw
core   0: 3 0x800006c0 (0x0ff0000f)
core   0: 0x800006c4 (0x01467733) and     a4, a2, s4
core   0: 3 0x800006c4 (0x01467733) x14 0x00000000
core   0: 0x800006c8 (0x0073a933) slt     s2, t2, t2
core   0: 3 0x800006c8 (0x0073a933) x18 0x00000000
core   0: 0x800006cc (0x0ff0000f) fence   iorw,iorw
core   0: 3 0x800006cc (0x0ff0000f)
core   0: 0x800006d0 (0x41b104b3) sub     s1, sp, s11
core   0: 3 0x800006d0 (0x41b104b3) x 9 0x80028ce4
core   0: 0x800006d4 (0x010f2933) slt     s2, t5, a6
core   0: 3 0x800006d4 (0x010f2933) x18 0x00000001
core   0: 0x800006d8 (0xfd7546e3) blt     a0, s7, pc - 52
core   0: 3 0x800006d8 (0xfd7546e3)
core   0: 0x800006dc (0x014bd8b3) srl     a7, s7, s4
core   0: 3 0x800006dc (0x014bd8b3) x17 0x00000000
core   0: 0x800006e0 (0x00000013) nop
core   0: 3 0x800006e0 (0x00000013)
core   0: 0x800006e4 (0x645e4093) xori    ra, t3, 1605
core   0: 3 0x800006e4 (0x645e4093) x 1 0xfffff981
core   0: 0x800006e8 (0xf94b7ae3) bgeu    s6, s4, pc - 108
core   0: 3 0x800006e8 (0xf94b7ae3)
core   0: 0x800006ec (0x012acab3) xor     s5, s5, s2
core   0: 3 0x800006ec (0x012acab3) x21 0xfffffff4
core   0: 0x800006f0 (0x00200713) li      a4, 2
core   0: 3 0x800006f0 (0x00200713) x14 0x00000002
core   0: 0x800006f4 (0xff200093) li      ra, -14
core   0: 3 0x800006f4 (0xff200093) x 1 0xfffffff2
core   0: 0x800006f8 (0xa7075317) auipc   t1, 0xa7075
core   0: 3 0x800006f8 (0xa7075317) x 6 0x270756f8
core   0: 0x800006fc (0x51c2b293) sltiu   t0, t0, 1308
core   0: 3 0x800006fc (0x51c2b293) x 5 0x00000001
core   0: 0x80000700 (0xfff70713) addi    a4, a4, -1
core   0: 3 0x80000700 (0xfff70713) x14 0x00000001
core   0: 0x80000704 (0xfe171ae3) bne     a4, ra, pc - 12
core   0: 3 0x80000704 (0xfe171ae3)
core   0: 0x800006f8 (0xa7075317) auipc   t1, 0xa7075
core   0: 3 0x800006f8 (0xa7075317) x 6 0x270756f8
core   0: 0x800006fc (0x51c2b293) sltiu   t0, t0, 1308
core   0: 3 0x800006fc (0x51c2b293) x 5 0x00000001
core   0: 0x80000700 (0xfff70713) addi    a4, a4, -1
core   0: 3 0x80000700 (0xfff70713) x14 0x00000000
core   0: 0x80000704 (0xfe171ae3) bne     a4, ra, pc - 12
core   0: 3 0x80000704 (0xfe171ae3)
core   0: 0x800006f8 (0xa7075317) auipc   t1, 0xa7075
core   0: 3 0x800006f8 (0xa7075317) x 6 0x270756f8
core   0: 0x800006fc (0x51c2b293) sltiu   t0, t0, 1308
core   0: 3 0x800006fc (0x51c2b293) x 5 0x00000001
core   0: 0x80000700 (0xfff70713) addi    a4, a4, -1
core   0: 3 0x80000700 (0xfff70713) x14 0xffffffff
core   0: 0x80000704 (0xfe171ae3) bne     a4, ra, pc - 12
core   0: 3 0x80000704 (0xfe171ae3)
core   0: 0x800006f8 (0xa7075317) auipc   t1, 0xa7075
core   0: 3 0x800006f8 (0xa7075317) x 6 0x270756f8
core   0: 0x800006fc (0x51c2b293) sltiu   t0, t0, 1308
core   0: 3 0x800006fc (0x51c2b293) x 5 0x00000001
core   0: 0x80000700 (0xfff70713) addi    a4, a4, -1
core   0: 3 0x80000700 (0xfff70713) x14 0xfffffffe
core   0: 0x80000704 (0xfe171ae3) bne     a4, ra, pc - 12
core   0: 3 0x80000704 (0xfe171ae3)
core   0: 0x800006f8 (0xa7075317) auipc   t1, 0xa7075
core   0: 3 0x800006f8 (0xa7075317) x 6 0x270756f8
core   0: 0x800006fc (0x51c2b293) sltiu   t0, t0, 1308
core   0: 3 0x800006fc (0x51c2b293) x 5 0x00000001
core   0: 0x80000700 (0xfff70713) addi    a4, a4, -1
core   0: 3 0x80000700 (0xfff70713) x14 0xfffffffd
core   0: 0x80000704 (0xfe171ae3) bne     a4, ra, pc - 12
core   0: 3 0x80000704 (0xfe171ae3)
core   0: 0x800006f8 (0xa7075317) auipc   t1, 0xa7075
core   0: 3 0x800006f8 (0xa7075317) x 6 0x270756f8
core   0: 0x800006fc (0x51c2b293) sltiu   t0, t0, 1308
core   0: 3 0x800006fc (0x51c2b293) x 5 0x00000001
core   0: 0x80000700 (0xfff70713) addi    a4, a4, -1
core   0: 3 0x80000700 (0xfff70713) x14 0xfffffffc
core   0: 0x80000704 (0xfe171ae3) bne     a4, ra, pc - 12
core   0: 3 0x80000704 (0xfe171ae3)
core   0: 0x800006f8 (0xa7075317) auipc   t1, 0xa7075
core   0: 3 0x800006f8 (0xa7075317) x 6 0x270756f8
core   0: 0x800006fc (0x51c2b293) sltiu   t0, t0, 1308
core   0: 3 0x800006fc (0x51c2b293) x 5 0x00000001
core   0: 0x80000700 (0xfff70713) addi    a4, a4, -1
core   0: 3 0x80000700 (0xfff70713) x14 0xfffffffb
core   0: 0x80000704 (0xfe171ae3) bne     a4, ra, pc - 12
core   0: 3 0x80000704 (0xfe171ae3)
core   0: 0x800006f8 (0xa7075317) auipc   t1, 0xa7075
core   0: 3 0x800006f8 (0xa7075317) x 6 0x270756f8
core   0: 0x800006fc (0x51c2b293) sltiu   t0, t0, 1308
core   0: 3 0x800006fc (0x51c2b293) x 5 0x00000001
core   0: 0x80000700 (0xfff70713) addi    a4, a4, -1
core   0: 3 0x80000700 (0xfff70713) x14 0xfffffffa
core   0: 0x80000704 (0xfe171ae3) bne     a4, ra, pc - 12
core   0: 3 0x80000704 (0xfe171ae3)
core   0: 0x800006f8 (0xa7075317) auipc   t1, 0xa7075
core   0: 3 0x800006f8 (0xa7075317) x 6 0x270756f8
core   0: 0x800006fc (0x51c2b293) sltiu   t0, t0, 1308
core   0: 3 0x800006fc (0x51c2b293) x 5 0x00000001
core   0: 0x80000700 (0xfff70713) addi    a4, a4, -1
core   0: 3 0x80000700 (0xfff70713) x14 0xfffffff9
core   0: 0x80000704 (0xfe171ae3) bne     a4, ra, pc - 12
core   0: 3 0x80000704 (0xfe171ae3)
core   0: 0x800006f8 (0xa7075317) auipc   t1, 0xa7075
core   0: 3 0x800006f8 (0xa7075317) x 6 0x270756f8
core   0: 0x800006fc (0x51c2b293) sltiu   t0, t0, 1308
core   0: 3 0x800006fc (0x51c2b293) x 5 0x00000001
core   0: 0x80000700 (0xfff70713) addi    a4, a4, -1
core   0: 3 0x80000700 (0xfff70713) x14 0xfffffff8
core   0: 0x80000704 (0xfe171ae3) bne     a4, ra, pc - 12
core   0: 3 0x80000704 (0xfe171ae3)
core   0: 0x800006f8 (0xa7075317) auipc   t1, 0xa7075
core   0: 3 0x800006f8 (0xa7075317) x 6 0x270756f8
core   0: 0x800006fc (0x51c2b293) sltiu   t0, t0, 1308
core   0: 3 0x800006fc (0x51c2b293) x 5 0x00000001
core   0: 0x80000700 (0xfff70713) addi    a4, a4, -1
core   0: 3 0x80000700 (0xfff70713) x14 0xfffffff7
core   0: 0x80000704 (0xfe171ae3) bne     a4, ra, pc - 12
core   0: 3 0x80000704 (0xfe171ae3)
core   0: 0x800006f8 (0xa7075317) auipc   t1, 0xa7075
core   0: 3 0x800006f8 (0xa7075317) x 6 0x270756f8
core   0: 0x800006fc (0x51c2b293) sltiu   t0, t0, 1308
core   0: 3 0x800006fc (0x51c2b293) x 5 0x00000001
core   0: 0x80000700 (0xfff70713) addi    a4, a4, -1
core   0: 3 0x80000700 (0xfff70713) x14 0xfffffff6
core   0: 0x80000704 (0xfe171ae3) bne     a4, ra, pc - 12
core   0: 3 0x80000704 (0xfe171ae3)
core   0: 0x800006f8 (0xa7075317) auipc   t1, 0xa7075
core   0: 3 0x800006f8 (0xa7075317) x 6 0x270756f8
core   0: 0x800006fc (0x51c2b293) sltiu   t0, t0, 1308
core   0: 3 0x800006fc (0x51c2b293) x 5 0x00000001
core   0: 0x80000700 (0xfff70713) addi    a4, a4, -1
core   0: 3 0x80000700 (0xfff70713) x14 0xfffffff5
core   0: 0x80000704 (0xfe171ae3) bne     a4, ra, pc - 12
core   0: 3 0x80000704 (0xfe171ae3)
core   0: 0x800006f8 (0xa7075317) auipc   t1, 0xa7075
core   0: 3 0x800006f8 (0xa7075317) x 6 0x270756f8
core   0: 0x800006fc (0x51c2b293) sltiu   t0, t0, 1308
core   0: 3 0x800006fc (0x51c2b293) x 5 0x00000001
core   0: 0x80000700 (0xfff70713) addi    a4, a4, -1
core   0: 3 0x80000700 (0xfff70713) x14 0xfffffff4
core   0: 0x80000704 (0xfe171ae3) bne     a4, ra, pc - 12
core   0: 3 0x80000704 (0xfe171ae3)
core   0: 0x800006f8 (0xa7075317) auipc   t1, 0xa7075
core   0: 3 0x800006f8 (0xa7075317) x 6 0x270756f8
core   0: 0x800006fc (0x51c2b293) sltiu   t0, t0, 1308
core   0: 3 0x800006fc (0x51c2b293) x 5 0x00000001
core   0: 0x80000700 (0xfff70713) addi    a4, a4, -1
core   0: 3 0x80000700 (0xfff70713) x14 0xfffffff3
core   0: 0x80000704 (0xfe171ae3) bne     a4, ra, pc - 12
core   0: 3 0x80000704 (0xfe171ae3)
core   0: 0x800006f8 (0xa7075317) auipc   t1, 0xa7075
core   0: 3 0x800006f8 (0xa7075317) x 6 0x270756f8
core   0: 0x800006fc (0x51c2b293) sltiu   t0, t0, 1308
core   0: 3 0x800006fc (0x51c2b293) x 5 0x00000001
core   0: 0x80000700 (0xfff70713) addi    a4, a4, -1
core   0: 3 0x80000700 (0xfff70713) x14 0xfffffff2
core   0: 0x80000704 (0xfe171ae3) bne     a4, ra, pc - 12
core   0: 3 0x80000704 (0xfe171ae3)
core   0: 0x80000708 (0x00a71193) slli    gp, a4, 10
core   0: 3 0x80000708 (0x00a71193) x 3 0xffffc800
core   0: 0x8000070c (0x00500413) li      s0, 5
core   0: 3 0x8000070c (0x00500413) x 8 0x00000005
core   0: 0x80000710 (0x40c95713) srai    a4, s2, 12
core   0: 3 0x80000710 (0x40c95713) x14 0x00000000
core   0: 0x80000714 (0xff000313) li      t1, -16
core   0: 3 0x80000714 (0xff000313) x 6 0xfffffff0
core   0: 0x80000718 (0x0109ddb3) srl     s11, s3, a6
core   0: 3 0x80000718 (0x0109ddb3) x27 0x00000000
core   0: 0x8000071c (0x01061733) sll     a4, a2, a6
core   0: 3 0x8000071c (0x01061733) x14 0x80024e64
core   0: 0x80000720 (0xd130fa93) andi    s5, ra, -749
core   0: 3 0x80000720 (0xd130fa93) x21 0xfffffd12
core   0: 0x80000724 (0x019d9d33) sll     s10, s11, s9
core   0: 3 0x80000724 (0x019d9d33) x26 0x00000000
core   0: 0x80000728 (0x01f28033) add     zero, t0, t6
core   0: 3 0x80000728 (0x01f28033)
core   0: 0x8000072c (0xff940413) addi    s0, s0, -7
core   0: 3 0x8000072c (0xff940413) x 8 0xfffffffe
core   0: 0x80000730 (0x010ff233) and     tp, t6, a6
core   0: 3 0x80000730 (0x010ff233) x 4 0x00000000
core   0: 0x80000734 (0x407b8fb3) sub     t6, s7, t2
core   0: 3 0x80000734 (0x407b8fb3) x31 0xffffffee
core   0: 0x80000738 (0xfe6404e3) beq     s0, t1, pc - 24
core   0: 3 0x80000738 (0xfe6404e3)
core   0: 0x8000073c (0xd469ed13) ori     s10, s3, -698
core   0: 3 0x8000073c (0xd469ed13) x26 0xfffffd46
core   0: 0x80000740 (0xff800d93) li      s11, -8
core   0: 3 0x80000740 (0xff800d93) x27 0xfffffff8
core   0: 0x80000744 (0xf54ea193) slti    gp, t4, -172
core   0: 3 0x80000744 (0xf54ea193) x 3 0x00000001
core   0: 0x80000748 (0x40be03b3) sub     t2, t3, a1
core   0: 3 0x80000748 (0x40be03b3) x 7 0x7fffffc4
core   0: 0x8000074c (0x408a06b3) sub     a3, s4, s0
core   0: 3 0x8000074c (0x408a06b3) x13 0x0000000b
core   0: 0x80000750 (0x01b32d33) slt     s10, t1, s11
core   0: 3 0x80000750 (0x01b32d33) x26 0x00000001
core   0: 0x80000754 (0xb39c3cb7) lui     s9, 0xb39c3
core   0: 3 0x80000754 (0xb39c3cb7) x25 0xb39c3000
core   0: 0x80000758 (0x002370b3) and     ra, t1, sp
core   0: 3 0x80000758 (0x002370b3) x 1 0x80028ce0
core   0: 0x8000075c (0x018dd013) srli    zero, s11, 24
core   0: 3 0x8000075c (0x018dd013)
core   0: 0x80000760 (0x41095333) sra     t1, s2, a6
core   0: 3 0x80000760 (0x41095333) x 6 0x00000001
core   0: 0x80000764 (0x4132d033) sra     zero, t0, s3
core   0: 3 0x80000764 (0x4132d033)
core   0: 0x80000768 (0xd2692017) auipc   zero, 0xd2692
core   0: 3 0x80000768 (0xd2692017)
core   0: 0x8000076c (0x01200793) li      a5, 18
core   0: 3 0x8000076c (0x01200793) x15 0x00000012
core   0: 0x80000770 (0x7ccd6e93) ori     t4, s10, 1996
core   0: 3 0x80000770 (0x7ccd6e93) x29 0x000007cd
core   0: 0x80000774 (0x017368b3) or      a7, t1, s7
core   0: 3 0x80000774 (0x017368b3) x17 0x00000001
core   0: 0x80000778 (0x00877533) and     a0, a4, s0
core   0: 3 0x80000778 (0x00877533) x10 0x80024e64
core   0: 0x8000077c (0x415f8233) sub     tp, t6, s5
core   0: 3 0x8000077c (0x415f8233) x 4 0x000002dc
core   0: 0x80000780 (0x005d8d93) addi    s11, s11, 5
core   0: 3 0x80000780 (0x005d8d93) x27 0xfffffffd
core   0: 0x80000784 (0x0091d093) srli    ra, gp, 9
core   0: 3 0x80000784 (0x0091d093) x 1 0x00000000
core   0: 0x80000788 (0x00beafb3) slt     t6, t4, a1
core   0: 3 0x80000788 (0x00beafb3) x31 0x00000000
core   0: 0x8000078c (0x0000100f) fence.i
core   0: 3 0x8000078c (0x0000100f)
core   0: 0x80000790 (0xfefde0e3) bltu    s11, a5, pc - 32
core   0: 3 0x80000790 (0xfefde0e3)
core   0: 0x80000794 (0x00000013) nop
core   0: 3 0x80000794 (0x00000013)
core   0: 0x80000798 (0x00900193) li      gp, 9
core   0: 3 0x80000798 (0x00900193) x 3 0x00000009
core   0: 0x8000079c (0x413486b3) sub     a3, s1, s3
core   0: 3 0x8000079c (0x413486b3) x13 0x80028ce4
core   0: 0x800007a0 (0x7a5046b7) lui     a3, 0x7a504
core   0: 3 0x800007a0 (0x7a5046b7) x13 0x7a504000
core   0: 0x800007a4 (0x00584433) xor     s0, a6, t0
core   0: 3 0x800007a4 (0x00584433) x 8 0x00000001
core   0: 0x800007a8 (0x00309f93) slli    t6, ra, 3
core   0: 3 0x800007a8 (0x00309f93) x31 0x00000000
core   0: 0x800007ac (0xff100213) li      tp, -15
core   0: 3 0x800007ac (0xff100213) x 4 0xfffffff1
core   0: 0x800007b0 (0x015052b3) srl     t0, zero, s5
core   0: 3 0x800007b0 (0x015052b3) x 5 0x00000000
core   0: 0x800007b4 (0x5a78f493) andi    s1, a7, 1447
core   0: 3 0x800007b4 (0x5a78f493) x 9 0x00000001
core   0: 0x800007b8 (0x41bad313) srai    t1, s5, 27
core   0: 3 0x800007b8 (0x41bad313) x 6 0xffffffff
core   0: 0x800007bc (0x6f783a13) sltiu   s4, a6, 1783
core   0: 3 0x800007bc (0x6f783a13) x20 0x00000001
core   0: 0x800007c0 (0x0092d013) srli    zero, t0, 9
core   0: 3 0x800007c0 (0x0092d013)
core   0: 0x800007c4 (0x4c502313) slti    t1, zero, 1221
core   0: 3 0x800007c4 (0x4c502313) x 6 0x00000001
core   0: 0x800007c8 (0xff818193) addi    gp, gp, -8
core   0: 3 0x800007c8 (0xff818193) x 3 0x00000001
core   0: 0x800007cc (0x48a33d37) lui     s10, 0x48a33
core   0: 3 0x800007cc (0x48a33d37) x26 0x48a33000
core   0: 0x800007d0 (0x01c1e933) or      s2, gp, t3
core   0: 3 0x800007d0 (0x01c1e933) x18 0xffffffc5
core   0: 0x800007d4 (0xaf2c3513) sltiu   a0, s8, -1294
core   0: 3 0x800007d4 (0xaf2c3513) x10 0x00000001
core   0: 0x800007d8 (0x403b8733) sub     a4, s7, gp
core   0: 3 0x800007d8 (0x403b8733) x14 0x00000000
core   0: 0x800007dc (0x3fc1ad37) lui     s10, 0x3fc1a
core   0: 3 0x800007dc (0x3fc1ad37) x26 0x3fc1a000
core   0: 0x800007e0 (0x71c27813) andi    a6, tp, 1820
core   0: 3 0x800007e0 (0x71c27813) x16 0x00000710
core   0: 0x800007e4 (0x0000100f) fence.i
core   0: 3 0x800007e4 (0x0000100f)
core   0: 0x800007e8 (0xd9f2a2b7) lui     t0, 0xd9f2a
core   0: 3 0x800007e8 (0xd9f2a2b7) x 5 0xd9f2a000
core   0: 0x800007ec (0x01187a33) and     s4, a6, a7
core   0: 3 0x800007ec (0x01187a33) x20 0x00000000
core   0: 0x800007f0 (0xfc4192e3) bne     gp, tp, pc - 60
core   0: 3 0x800007f0 (0xfc4192e3)
core   0: 0x800007b4 (0x5a78f493) andi    s1, a7, 1447
core   0: 3 0x800007b4 (0x5a78f493) x 9 0x00000001
core   0: 0x800007b8 (0x41bad313) srai    t1, s5, 27
core   0: 3 0x800007b8 (0x41bad313) x 6 0xffffffff
core   0: 0x800007bc (0x6f783a13) sltiu   s4, a6, 1783
core   0: 3 0x800007bc (0x6f783a13) x20 0x00000000
core   0: 0x800007c0 (0x0092d013) srli    zero, t0, 9
core   0: 3 0x800007c0 (0x0092d013)
core   0: 0x800007c4 (0x4c502313) slti    t1, zero, 1221
core   0: 3 0x800007c4 (0x4c502313) x 6 0x00000001
core   0: 0x800007c8 (0xff818193) addi    gp, gp, -8
core   0: 3 0x800007c8 (0xff818193) x 3 0xfffffff9
core   0: 0x800007cc (0x48a33d37) lui     s10, 0x48a33
core   0: 3 0x800007cc (0x48a33d37) x26 0x48a33000
core   0: 0x800007d0 (0x01c1e933) or      s2, gp, t3
core   0: 3 0x800007d0 (0x01c1e933) x18 0xfffffffd
core   0: 0x800007d4 (0xaf2c3513) sltiu   a0, s8, -1294
core   0: 3 0x800007d4 (0xaf2c3513) x10 0x00000001
core   0: 0x800007d8 (0x403b8733) sub     a4, s7, gp
core   0: 3 0x800007d8 (0x403b8733) x14 0x00000008
core   0: 0x800007dc (0x3fc1ad37) lui     s10, 0x3fc1a
core   0: 3 0x800007dc (0x3fc1ad37) x26 0x3fc1a000
core   0: 0x800007e0 (0x71c27813) andi    a6, tp, 1820
core   0: 3 0x800007e0 (0x71c27813) x16 0x00000710
core   0: 0x800007e4 (0x0000100f) fence.i
core   0: 3 0x800007e4 (0x0000100f)
core   0: 0x800007e8 (0xd9f2a2b7) lui     t0, 0xd9f2a
core   0: 3 0x800007e8 (0xd9f2a2b7) x 5 0xd9f2a000
core   0: 0x800007ec (0x01187a33) and     s4, a6, a7
core   0: 3 0x800007ec (0x01187a33) x20 0x00000000
core   0: 0x800007f0 (0xfc4192e3) bne     gp, tp, pc - 60
core   0: 3 0x800007f0 (0xfc4192e3)
core   0: 0x800007b4 (0x5a78f493) andi    s1, a7, 1447
core   0: 3 0x800007b4 (0x5a78f493) x 9 0x00000001
core   0: 0x800007b8 (0x41bad313) srai    t1, s5, 27
core   0: 3 0x800007b8 (0x41bad313) x 6 0xffffffff
core   0: 0x800007bc (0x6f783a13) sltiu   s4, a6, 1783
core   0: 3 0x800007bc (0x6f783a13) x20 0x00000000
core   0: 0x800007c0 (0x0092d013) srli    zero, t0, 9
core   0: 3 0x800007c0 (0x0092d013)
core   0: 0x800007c4 (0x4c502313) slti    t1, zero, 1221
core   0: 3 0x800007c4 (0x4c502313) x 6 0x00000001
core   0: 0x800007c8 (0xff818193) addi    gp, gp, -8
core   0: 3 0x800007c8 (0xff818193) x 3 0xfffffff1
core   0: 0x800007cc (0x48a33d37) lui     s10, 0x48a33
core   0: 3 0x800007cc (0x48a33d37) x26 0x48a33000
core   0: 0x800007d0 (0x01c1e933) or      s2, gp, t3
core   0: 3 0x800007d0 (0x01c1e933) x18 0xfffffff5
core   0: 0x800007d4 (0xaf2c3513) sltiu   a0, s8, -1294
core   0: 3 0x800007d4 (0xaf2c3513) x10 0x00000001
core   0: 0x800007d8 (0x403b8733) sub     a4, s7, gp
core   0: 3 0x800007d8 (0x403b8733) x14 0x00000010
core   0: 0x800007dc (0x3fc1ad37) lui     s10, 0x3fc1a
core   0: 3 0x800007dc (0x3fc1ad37) x26 0x3fc1a000
core   0: 0x800007e0 (0x71c27813) andi    a6, tp, 1820
core   0: 3 0x800007e0 (0x71c27813) x16 0x00000710
core   0: 0x800007e4 (0x0000100f) fence.i
core   0: 3 0x800007e4 (0x0000100f)
core   0: 0x800007e8 (0xd9f2a2b7) lui     t0, 0xd9f2a
core   0: 3 0x800007e8 (0xd9f2a2b7) x 5 0xd9f2a000
core   0: 0x800007ec (0x01187a33) and     s4, a6, a7
core   0: 3 0x800007ec (0x01187a33) x20 0x00000000
core   0: 0x800007f0 (0xfc4192e3) bne     gp, tp, pc - 60
core   0: 3 0x800007f0 (0xfc4192e3)
core   0: 0x800007f4 (0x00000013) nop
core   0: 3 0x800007f4 (0x00000013)
core   0: 0x800007f8 (0xff600493) li      s1, -10
core   0: 3 0x800007f8 (0xff600493) x 9 0xfffffff6
core   0: 0x800007fc (0x00353433) sltu    s0, a0, gp
core   0: 3 0x800007fc (0x00353433) x 8 0x00000001
core   0: 0x80000800 (0x014e1b33) sll     s6, t3, s4
core   0: 3 0x80000800 (0x014e1b33) x22 0xffffffc4
core   0: 0x80000804 (0x710bf937) lui     s2, 0x710bf
core   0: 3 0x80000804 (0x710bf937) x18 0x710bf000
core   0: 0x80000808 (0x007fe1b3) or      gp, t6, t2
core   0: 3 0x80000808 (0x007fe1b3) x 3 0x7fffffc4
core   0: 0x8000080c (0x3e194513) xori    a0, s2, 993
core   0: 3 0x8000080c (0x3e194513) x10 0x710bf3e1
core   0: 0x80000810 (0x413381b3) sub     gp, t2, s3
core   0: 3 0x80000810 (0x413381b3) x 3 0x7fffffc4
core   0: 0x80000814 (0x00835093) srli    ra, t1, 8
core   0: 3 0x80000814 (0x00835093) x 1 0x00000000
core   0: 0x80000818 (0x0ff0000f) fence   iorw,iorw
core   0: 3 0x80000818 (0x0ff0000f)
core   0: 0x8000081c (0x0029c833) xor     a6, s3, sp
core   0: 3 0x8000081c (0x0029c833) x16 0x80028ce4
core   0: 0x80000820 (0x002121b3) slt     gp, sp, sp
core   0: 3 0x80000820 (0x002121b3) x 3 0x00000000
core   0: 0x80000824 (0x00717fb3) and     t6, sp, t2
core   0: 3 0x80000824 (0x00717fb3) x31 0x00028cc4
core   0: 0x80000828 (0xca0a0b93) addi    s7, s4, -864
core   0: 3 0x80000828 (0xca0a0b93) x23 0xfffffca0
core   0: 0x8000082c (0x003b0933) add     s2, s6, gp
core   0: 3 0x8000082c (0x003b0933) x18 0xffffffc4
core   0: 0x80000830 (0x00300c93) li      s9, 3
core   0: 3 0x80000830 (0x00300c93) x25 0x00000003
core   0: 0x80000834 (0x012e1a13) slli    s4, t3, 18
core   0: 3 0x80000834 (0x012e1a13) x20 0xff100000
core   0: 0x80000838 (0x362b7513) andi    a0, s6, 866
core   0: 3 0x80000838 (0x362b7513) x10 0x00000340
core   0: 0x8000083c (0x011c43b3) xor     t2, s8, a7
core   0: 3 0x8000083c (0x011c43b3) x 7 0x00000401
core   0: 0x80000840 (0x67a661b7) lui     gp, 0x67a66
core   0: 3 0x80000840 (0x67a661b7) x 3 0x67a66000
core   0: 0x80000844 (0x00148493) addi    s1, s1, 1
core   0: 3 0x80000844 (0x00148493) x 9 0xfffffff7
core   0: 0x80000848 (0x40545533) sra     a0, s0, t0
core   0: 3 0x80000848 (0x40545533) x10 0x00000001
core   0: 0x8000084c (0x005ad513) srli    a0, s5, 5
core   0: 3 0x8000084c (0x005ad513) x10 0x07ffffe8
core   0: 0x80000850 (0x002367b3) or      a5, t1, sp
core   0: 3 0x80000850 (0x002367b3) x15 0x80028ce5
core   0: 0x80000854 (0x892e4713) xori    a4, t3, -1902
core   0: 3 0x80000854 (0x892e4713) x14 0x00000756
core   0: 0x80000858 (0xff9480e3) beq     s1, s9, pc - 32
core   0: 3 0x80000858 (0xff9480e3)
core   0: 0x8000085c (0xea4c8313) addi    t1, s9, -348
core   0: 3 0x8000085c (0xea4c8313) x 6 0xfffffea7
core   0: 0x80000860 (0x00900413) li      s0, 9
core   0: 3 0x80000860 (0x00900413) x 8 0x00000009
core   0: 0x80000864 (0x0015fdb3) and     s11, a1, ra
core   0: 3 0x80000864 (0x0015fdb3) x27 0x00000000
core   0: 0x80000868 (0x00b35d33) srl     s10, t1, a1
core   0: 3 0x80000868 (0x00b35d33) x26 0xfffffea7
core   0: 0x8000086c (0x619efe93) andi    t4, t4, 1561
core   0: 3 0x8000086c (0x619efe93) x29 0x00000609
core   0: 0x80000870 (0x00300193) li      gp, 3
core   0: 3 0x80000870 (0x00300193) x 3 0x00000003
core   0: 0x80000874 (0x0ff0000f) fence   iorw,iorw
core   0: 3 0x80000874 (0x0ff0000f)
core   0: 0x80000878 (0x0ff0000f) fence   iorw,iorw
core   0: 3 0x80000878 (0x0ff0000f)
core   0: 0x8000087c (0x6c0bcf17) auipc   t5, 0x6c0bc
core   0: 3 0x8000087c (0x6c0bcf17) x30 0xec0bc87c
core   0: 0x80000880 (0x98903493) sltiu   s1, zero, -1655
core   0: 3 0x80000880 (0x98903493) x 9 0x00000001
core   0: 0x80000884 (0x01e15713) srli    a4, sp, 30
core   0: 3 0x80000884 (0x01e15713) x14 0x00000002
core   0: 0x80000888 (0xffe40413) addi    s0, s0, -2
core   0: 3 0x80000888 (0xffe40413) x 8 0x00000007
core   0: 0x8000088c (0x00b46733) or      a4, s0, a1
core   0: 3 0x8000088c (0x00b46733) x14 0x80000007
core   0: 0x80000890 (0x0014c233) xor     tp, s1, ra
core   0: 3 0x80000890 (0x0014c233) x 4 0x00000001
core   0: 0x80000894 (0x40a65b13) srai    s6, a2, 10
core   0: 3 0x80000894 (0x40a65b13) x22 0xffe00093
core   0: 0x80000898 (0x1d3d7a97) auipc   s5, 0x1d3d7
core   0: 3 0x80000898 (0x1d3d7a97) x21 0x9d3d7898
core   0: 0x8000089c (0x71c50013) addi    zero, a0, 1820
core   0: 3 0x8000089c (0x71c50013)
core   0: 0x800008a0 (0x01ec30b3) sltu    ra, s8, t5
core   0: 3 0x800008a0 (0x01ec30b3) x 1 0x00000001
core   0: 0x800008a4 (0x41dd0033) sub     zero, s10, t4
core   0: 3 0x800008a4 (0x41dd0033)
core   0: 0x800008a8 (0x01704ab3) xor     s5, zero, s7
core   0: 3 0x800008a8 (0x01704ab3) x21 0xfffffca0
core   0: 0x800008ac (0x015b2513) slti    a0, s6, 21
core   0: 3 0x800008ac (0x015b2513) x10 0x00000001
core   0: 0x800008b0 (0x01d89293) slli    t0, a7, 29
core   0: 3 0x800008b0 (0x01d89293) x 5 0x20000000
core   0: 0x800008b4 (0x012b0813) addi    a6, s6, 18
core   0: 3 0x800008b4 (0x012b0813) x16 0xffe000a5
core   0: 0x800008b8 (0x0000100f) fence.i
core   0: 3 0x800008b8 (0x0000100f)
core   0: 0x800008bc (0xfc3470e3) bgeu    s0, gp, pc - 64
core   0: 3 0x800008bc (0xfc3470e3)
core   0: 0x8000087c (0x6c0bcf17) auipc   t5, 0x6c0bc
core   0: 3 0x8000087c (0x6c0bcf17) x30 0xec0bc87c
core   0: 0x80000880 (0x98903493) sltiu   s1, zero, -1655
core   0: 3 0x80000880 (0x98903493) x 9 0x00000001
core   0: 0x80000884 (0x01e15713) srli    a4, sp, 30
core   0: 3 0x80000884 (0x01e15713) x14 0x00000002
core   0: 0x80000888 (0xffe40413) addi    s0, s0, -2
core   0: 3 0x80000888 (0xffe40413) x 8 0x00000005
core   0: 0x8000088c (0x00b46733) or      a4, s0, a1
core   0: 3 0x8000088c (0x00b46733) x14 0x80000005
core   0: 0x80000890 (0x0014c233) xor     tp, s1, ra
core   0: 3 0x80000890 (0x0014c233) x 4 0x00000000
core   0: 0x80000894 (0x40a65b13) srai    s6, a2, 10
core   0: 3 0x80000894 (0x40a65b13) x22 0xffe00093
core   0: 0x80000898 (0x1d3d7a97) auipc   s5, 0x1d3d7
core   0: 3 0x80000898 (0x1d3d7a97) x21 0x9d3d7898
core   0: 0x8000089c (0x71c50013) addi    zero, a0, 1820
core   0: 3 0x8000089c (0x71c50013)
core   0: 0x800008a0 (0x01ec30b3) sltu    ra, s8, t5
core   0: 3 0x800008a0 (0x01ec30b3) x 1 0x00000001
core   0: 0x800008a4 (0x41dd0033) sub     zero, s10, t4
core   0: 3 0x800008a4 (0x41dd0033)
core   0: 0x800008a8 (0x01704ab3) xor     s5, zero, s7
core   0: 3 0x800008a8 (0x01704ab3) x21 0xfffffca0
core   0: 0x800008ac (0x015b2513) slti    a0, s6, 21
core   0: 3 0x800008ac (0x015b2513) x10 0x00000001
core   0: 0x800008b0 (0x01d89293) slli    t0, a7, 29
core   0: 3 0x800008b0 (0x01d89293) x 5 0x20000000
core   0: 0x800008b4 (0x012b0813) addi    a6, s6, 18
core   0: 3 0x800008b4 (0x012b0813) x16 0xffe000a5
core   0: 0x800008b8 (0x0000100f) fence.i
core   0: 3 0x800008b8 (0x0000100f)
core   0: 0x800008bc (0xfc3470e3) bgeu    s0, gp, pc - 64
core   0: 3 0x800008bc (0xfc3470e3)
core   0: 0x8000087c (0x6c0bcf17) auipc   t5, 0x6c0bc
core   0: 3 0x8000087c (0x6c0bcf17) x30 0xec0bc87c
core   0: 0x80000880 (0x98903493) sltiu   s1, zero, -1655
core   0: 3 0x80000880 (0x98903493) x 9 0x00000001
core   0: 0x80000884 (0x01e15713) srli    a4, sp, 30
core   0: 3 0x80000884 (0x01e15713) x14 0x00000002
core   0: 0x80000888 (0xffe40413) addi    s0, s0, -2
core   0: 3 0x80000888 (0xffe40413) x 8 0x00000003
core   0: 0x8000088c (0x00b46733) or      a4, s0, a1
core   0: 3 0x8000088c (0x00b46733) x14 0x80000003
core   0: 0x80000890 (0x0014c233) xor     tp, s1, ra
core   0: 3 0x80000890 (0x0014c233) x 4 0x00000000
core   0: 0x80000894 (0x40a65b13) srai    s6, a2, 10
core   0: 3 0x80000894 (0x40a65b13) x22 0xffe00093
core   0: 0x80000898 (0x1d3d7a97) auipc   s5, 0x1d3d7
core   0: 3 0x80000898 (0x1d3d7a97) x21 0x9d3d7898
core   0: 0x8000089c (0x71c50013) addi    zero, a0, 1820
core   0: 3 0x8000089c (0x71c50013)
core   0: 0x800008a0 (0x01ec30b3) sltu    ra, s8, t5
core   0: 3 0x800008a0 (0x01ec30b3) x 1 0x00000001
core   0: 0x800008a4 (0x41dd0033) sub     zero, s10, t4
core   0: 3 0x800008a4 (0x41dd0033)
core   0: 0x800008a8 (0x01704ab3) xor     s5, zero, s7
core   0: 3 0x800008a8 (0x01704ab3) x21 0xfffffca0
core   0: 0x800008ac (0x015b2513) slti    a0, s6, 21
core   0: 3 0x800008ac (0x015b2513) x10 0x00000001
core   0: 0x800008b0 (0x01d89293) slli    t0, a7, 29
core   0: 3 0x800008b0 (0x01d89293) x 5 0x20000000
core   0: 0x800008b4 (0x012b0813) addi    a6, s6, 18
core   0: 3 0x800008b4 (0x012b0813) x16 0xffe000a5
core   0: 0x800008b8 (0x0000100f) fence.i
core   0: 3 0x800008b8 (0x0000100f)
core   0: 0x800008bc (0xfc3470e3) bgeu    s0, gp, pc - 64
core   0: 3 0x800008bc (0xfc3470e3)
core   0: 0x8000087c (0x6c0bcf17) auipc   t5, 0x6c0bc
core   0: 3 0x8000087c (0x6c0bcf17) x30 0xec0bc87c
core   0: 0x80000880 (0x98903493) sltiu   s1, zero, -1655
core   0: 3 0x80000880 (0x98903493) x 9 0x00000001
core   0: 0x80000884 (0x01e15713) srli    a4, sp, 30
core   0: 3 0x80000884 (0x01e15713) x14 0x00000002
core   0: 0x80000888 (0xffe40413) addi    s0, s0, -2
core   0: 3 0x80000888 (0xffe40413) x 8 0x00000001
core   0: 0x8000088c (0x00b46733) or      a4, s0, a1
core   0: 3 0x8000088c (0x00b46733) x14 0x80000001
core   0: 0x80000890 (0x0014c233) xor     tp, s1, ra
core   0: 3 0x80000890 (0x0014c233) x 4 0x00000000
core   0: 0x80000894 (0x40a65b13) srai    s6, a2, 10
core   0: 3 0x80000894 (0x40a65b13) x22 0xffe00093
core   0: 0x80000898 (0x1d3d7a97) auipc   s5, 0x1d3d7
core   0: 3 0x80000898 (0x1d3d7a97) x21 0x9d3d7898
core   0: 0x8000089c (0x71c50013) addi    zero, a0, 1820
core   0: 3 0x8000089c (0x71c50013)
core   0: 0x800008a0 (0x01ec30b3) sltu    ra, s8, t5
core   0: 3 0x800008a0 (0x01ec30b3) x 1 0x00000001
core   0: 0x800008a4 (0x41dd0033) sub     zero, s10, t4
core   0: 3 0x800008a4 (0x41dd0033)
core   0: 0x800008a8 (0x01704ab3) xor     s5, zero, s7
core   0: 3 0x800008a8 (0x01704ab3) x21 0xfffffca0
core   0: 0x800008ac (0x015b2513) slti    a0, s6, 21
core   0: 3 0x800008ac (0x015b2513) x10 0x00000001
core   0: 0x800008b0 (0x01d89293) slli    t0, a7, 29
core   0: 3 0x800008b0 (0x01d89293) x 5 0x20000000
core   0: 0x800008b4 (0x012b0813) addi    a6, s6, 18
core   0: 3 0x800008b4 (0x012b0813) x16 0xffe000a5
core   0: 0x800008b8 (0x0000100f) fence.i
core   0: 3 0x800008b8 (0x0000100f)
core   0: 0x800008bc (0xfc3470e3) bgeu    s0, gp, pc - 64
core   0: 3 0x800008bc (0xfc3470e3)
core   0: 0x800008c0 (0x76ee39b7) lui     s3, 0x76ee3
core   0: 3 0x800008c0 (0x76ee39b7) x19 0x76ee3000
core   0: 0x800008c4 (0xff800793) li      a5, -8
core   0: 3 0x800008c4 (0xff800793) x15 0xfffffff8
core   0: 0x800008c8 (0x01000893) li      a7, 16
core   0: 3 0x800008c8 (0x01000893) x17 0x00000010
core   0: 0x800008cc (0xa1974693) xori    a3, a4, -1511
core   0: 3 0x800008cc (0xa1974693) x13 0x7ffffa18
core   0: 0x800008d0 (0x0006b0b3) sltu    ra, a3, zero
core   0: 3 0x800008d0 (0x0006b0b3) x 1 0x00000000
core   0: 0x800008d4 (0x4028d913) srai    s2, a7, 2
core   0: 3 0x800008d4 (0x4028d913) x18 0x00000004
core   0: 0x800008d8 (0x00a78793) addi    a5, a5, 10
core   0: 3 0x800008d8 (0x00a78793) x15 0x00000002
core   0: 0x800008dc (0x87d13913) sltiu   s2, sp, -1923
core   0: 3 0x800008dc (0x87d13913) x18 0x00000001
core   0: 0x800008e0 (0x00efe333) or      t1, t6, a4
core   0: 3 0x800008e0 (0x00efe333) x 6 0x80028cc5
core   0: 0x800008e4 (0x0ff0000f) fence   iorw,iorw
core   0: 3 0x800008e4 (0x0ff0000f)
core   0: 0x800008e8 (0xffd00d13) li      s10, -3
core   0: 3 0x800008e8 (0xffd00d13) x26 0xfffffffd
core   0: 0x800008ec (0xfba84bb7) lui     s7, 0xfba84
core   0: 3 0x800008ec (0xfba84bb7) x23 0xfba84000
core   0: 0x800008f0 (0x00900e13) li      t3, 9
core   0: 3 0x800008f0 (0x00900e13) x28 0x00000009
core   0: 0x800008f4 (0x015e96b3) sll     a3, t4, s5
core   0: 3 0x800008f4 (0x015e96b3) x13 0x00000609
core   0: 0x800008f8 (0x041d8c13) addi    s8, s11, 65
core   0: 3 0x800008f8 (0x041d8c13) x24 0x00000041
core   0: 0x800008fc (0x00786ab3) or      s5, a6, t2
core   0: 3 0x800008fc (0x00786ab3) x21 0xffe004a5
core   0: 0x80000900 (0x00ce20b3) slt     ra, t3, a2
core   0: 3 0x80000900 (0x00ce20b3) x 1 0x00000000
core   0: 0x80000904 (0x004d0d13) addi    s10, s10, 4
core   0: 3 0x80000904 (0x004d0d13) x26 0x00000001
core   0: 0x80000908 (0x412a0eb3) sub     t4, s4, s2
core   0: 3 0x80000908 (0x412a0eb3) x29 0xff0fffff
core   0: 0x8000090c (0xffcd18e3) bne     s10, t3, pc - 16
core   0: 3 0x8000090c (0xffcd18e3)
core   0: 0x800008fc (0x00786ab3) or      s5, a6, t2
core   0: 3 0x800008fc (0x00786ab3) x21 0xffe004a5
core   0: 0x80000900 (0x00ce20b3) slt     ra, t3, a2
core   0: 3 0x80000900 (0x00ce20b3) x 1 0x00000000
core   0: 0x80000904 (0x004d0d13) addi    s10, s10, 4
core   0: 3 0x80000904 (0x004d0d13) x26 0x00000005
core   0: 0x80000908 (0x412a0eb3) sub     t4, s4, s2
core   0: 3 0x80000908 (0x412a0eb3) x29 0xff0fffff
core   0: 0x8000090c (0xffcd18e3) bne     s10, t3, pc - 16
core   0: 3 0x8000090c (0xffcd18e3)
core   0: 0x800008fc (0x00786ab3) or      s5, a6, t2
core   0: 3 0x800008fc (0x00786ab3) x21 0xffe004a5
core   0: 0x80000900 (0x00ce20b3) slt     ra, t3, a2
core   0: 3 0x80000900 (0x00ce20b3) x 1 0x00000000
core   0: 0x80000904 (0x004d0d13) addi    s10, s10, 4
core   0: 3 0x80000904 (0x004d0d13) x26 0x00000009
core   0: 0x80000908 (0x412a0eb3) sub     t4, s4, s2
core   0: 3 0x80000908 (0x412a0eb3) x29 0xff0fffff
core   0: 0x8000090c (0xffcd18e3) bne     s10, t3, pc - 16
core   0: 3 0x8000090c (0xffcd18e3)
core   0: 0x80000910 (0xfb17eee3) bltu    a5, a7, pc - 68
core   0: 3 0x80000910 (0xfb17eee3)
core   0: 0x800008cc (0xa1974693) xori    a3, a4, -1511
core   0: 3 0x800008cc (0xa1974693) x13 0x7ffffa18
core   0: 0x800008d0 (0x0006b0b3) sltu    ra, a3, zero
core   0: 3 0x800008d0 (0x0006b0b3) x 1 0x00000000
core   0: 0x800008d4 (0x4028d913) srai    s2, a7, 2
core   0: 3 0x800008d4 (0x4028d913) x18 0x00000004
core   0: 0x800008d8 (0x00a78793) addi    a5, a5, 10
core   0: 3 0x800008d8 (0x00a78793) x15 0x0000000c
core   0: 0x800008dc (0x87d13913) sltiu   s2, sp, -1923
core   0: 3 0x800008dc (0x87d13913) x18 0x00000001
core   0: 0x800008e0 (0x00efe333) or      t1, t6, a4
core   0: 3 0x800008e0 (0x00efe333) x 6 0x80028cc5
core   0: 0x800008e4 (0x0ff0000f) fence   iorw,iorw
core   0: 3 0x800008e4 (0x0ff0000f)
core   0: 0x800008e8 (0xffd00d13) li      s10, -3
core   0: 3 0x800008e8 (0xffd00d13) x26 0xfffffffd
core   0: 0x800008ec (0xfba84bb7) lui     s7, 0xfba84
core   0: 3 0x800008ec (0xfba84bb7) x23 0xfba84000
core   0: 0x800008f0 (0x00900e13) li      t3, 9
core   0: 3 0x800008f0 (0x00900e13) x28 0x00000009
core   0: 0x800008f4 (0x015e96b3) sll     a3, t4, s5
core   0: 3 0x800008f4 (0x015e96b3) x13 0xe1ffffe0
core   0: 0x800008f8 (0x041d8c13) addi    s8, s11, 65
core   0: 3 0x800008f8 (0x041d8c13) x24 0x00000041
core   0: 0x800008fc (0x00786ab3) or      s5, a6, t2
core   0: 3 0x800008fc (0x00786ab3) x21 0xffe004a5
core   0: 0x80000900 (0x00ce20b3) slt     ra, t3, a2
core   0: 3 0x80000900 (0x00ce20b3) x 1 0x00000000
core   0: 0x80000904 (0x004d0d13) addi    s10, s10, 4
core   0: 3 0x80000904 (0x004d0d13) x26 0x00000001
core   0: 0x80000908 (0x412a0eb3) sub     t4, s4, s2
core   0: 3 0x80000908 (0x412a0eb3) x29 0xff0fffff
core   0: 0x8000090c (0xffcd18e3) bne     s10, t3, pc - 16
core   0: 3 0x8000090c (0xffcd18e3)
core   0: 0x800008fc (0x00786ab3) or      s5, a6, t2
core   0: 3 0x800008fc (0x00786ab3) x21 0xffe004a5
core   0: 0x80000900 (0x00ce20b3) slt     ra, t3, a2
core   0: 3 0x80000900 (0x00ce20b3) x 1 0x00000000
core   0: 0x80000904 (0x004d0d13) addi    s10, s10, 4
core   0: 3 0x80000904 (0x004d0d13) x26 0x00000005
core   0: 0x80000908 (0x412a0eb3) sub     t4, s4, s2
core   0: 3 0x80000908 (0x412a0eb3) x29 0xff0fffff
core   0: 0x8000090c (0xffcd18e3) bne     s10, t3, pc - 16
core   0: 3 0x8000090c (0xffcd18e3)
core   0: 0x800008fc (0x00786ab3) or      s5, a6, t2
core   0: 3 0x800008fc (0x00786ab3) x21 0xffe004a5
core   0: 0x80000900 (0x00ce20b3) slt     ra, t3, a2
core   0: 3 0x80000900 (0x00ce20b3) x 1 0x00000000
core   0: 0x80000904 (0x004d0d13) addi    s10, s10, 4
core   0: 3 0x80000904 (0x004d0d13) x26 0x00000009
core   0: 0x80000908 (0x412a0eb3) sub     t4, s4, s2
core   0: 3 0x80000908 (0x412a0eb3) x29 0xff0fffff
core   0: 0x8000090c (0xffcd18e3) bne     s10, t3, pc - 16
core   0: 3 0x8000090c (0xffcd18e3)
core   0: 0x80000910 (0xfb17eee3) bltu    a5, a7, pc - 68
core   0: 3 0x80000910 (0xfb17eee3)
core   0: 0x800008cc (0xa1974693) xori    a3, a4, -1511
core   0: 3 0x800008cc (0xa1974693) x13 0x7ffffa18
core   0: 0x800008d0 (0x0006b0b3) sltu    ra, a3, zero
core   0: 3 0x800008d0 (0x0006b0b3) x 1 0x00000000
core   0: 0x800008d4 (0x4028d913) srai    s2, a7, 2
core   0: 3 0x800008d4 (0x4028d913) x18 0x00000004
core   0: 0x800008d8 (0x00a78793) addi    a5, a5, 10
core   0: 3 0x800008d8 (0x00a78793) x15 0x00000016
core   0: 0x800008dc (0x87d13913) sltiu   s2, sp, -1923
core   0: 3 0x800008dc (0x87d13913) x18 0x00000001
core   0: 0x800008e0 (0x00efe333) or      t1, t6, a4
core   0: 3 0x800008e0 (0x00efe333) x 6 0x80028cc5
core   0: 0x800008e4 (0x0ff0000f) fence   iorw,iorw
core   0: 3 0x800008e4 (0x0ff0000f)
core   0: 0x800008e8 (0xffd00d13) li      s10, -3
core   0: 3 0x800008e8 (0xffd00d13) x26 0xfffffffd
core   0: 0x800008ec (0xfba84bb7) lui     s7, 0xfba84
core   0: 3 0x800008ec (0xfba84bb7) x23 0xfba84000
core   0: 0x800008f0 (0x00900e13) li      t3, 9
core   0: 3 0x800008f0 (0x00900e13) x28 0x00000009
core   0: 0x800008f4 (0x015e96b3) sll     a3, t4, s5
core   0: 3 0x800008f4 (0x015e96b3) x13 0xe1ffffe0
core   0: 0x800008f8 (0x041d8c13) addi    s8, s11, 65
core   0: 3 0x800008f8 (0x041d8c13) x24 0x00000041
core   0: 0x800008fc (0x00786ab3) or      s5, a6, t2
core   0: 3 0x800008fc (0x00786ab3) x21 0xffe004a5
core   0: 0x80000900 (0x00ce20b3) slt     ra, t3, a2
core   0: 3 0x80000900 (0x00ce20b3) x 1 0x00000000
core   0: 0x80000904 (0x004d0d13) addi    s10, s10, 4
core   0: 3 0x80000904 (0x004d0d13) x26 0x00000001
core   0: 0x80000908 (0x412a0eb3) sub     t4, s4, s2
core   0: 3 0x80000908 (0x412a0eb3) x29 0xff0fffff
core   0: 0x8000090c (0xffcd18e3) bne     s10, t3, pc - 16
core   0: 3 0x8000090c (0xffcd18e3)
core   0: 0x800008fc (0x00786ab3) or      s5, a6, t2
core   0: 3 0x800008fc (0x00786ab3) x21 0xffe004a5
core   0: 0x80000900 (0x00ce20b3) slt     ra, t3, a2
core   0: 3 0x80000900 (0x00ce20b3) x 1 0x00000000
core   0: 0x80000904 (0x004d0d13) addi    s10, s10, 4
core   0: 3 0x80000904 (0x004d0d13) x26 0x00000005
core   0: 0x80000908 (0x412a0eb3) sub     t4, s4, s2
core   0: 3 0x80000908 (0x412a0eb3) x29 0xff0fffff
core   0: 0x8000090c (0xffcd18e3) bne     s10, t3, pc - 16
core   0: 3 0x8000090c (0xffcd18e3)
core   0: 0x800008fc (0x00786ab3) or      s5, a6, t2
core   0: 3 0x800008fc (0x00786ab3) x21 0xffe004a5
core   0: 0x80000900 (0x00ce20b3) slt     ra, t3, a2
core   0: 3 0x80000900 (0x00ce20b3) x 1 0x00000000
core   0: 0x80000904 (0x004d0d13) addi    s10, s10, 4
core   0: 3 0x80000904 (0x004d0d13) x26 0x00000009
core   0: 0x80000908 (0x412a0eb3) sub     t4, s4, s2
core   0: 3 0x80000908 (0x412a0eb3) x29 0xff0fffff
core   0: 0x8000090c (0xffcd18e3) bne     s10, t3, pc - 16
core   0: 3 0x8000090c (0xffcd18e3)
core   0: 0x80000910 (0xfb17eee3) bltu    a5, a7, pc - 68
core   0: 3 0x80000910 (0xfb17eee3)
core   0: 0x80000914 (0x0136b0b3) sltu    ra, a3, s3
core   0: 3 0x80000914 (0x0136b0b3) x 1 0x00000000
core   0: 0x80000918 (0x00700513) li      a0, 7
core   0: 3 0x80000918 (0x00700513) x10 0x00000007
core   0: 0x8000091c (0xa3916e17) auipc   t3, 0xa3916
core   0: 3 0x8000091c (0xa3916e17) x28 0x2391691c
core   0: 0x80000920 (0x40e7d9b3) sra     s3, a5, a4
core   0: 3 0x80000920 (0x40e7d9b3) x19 0x0000000b
core   0: 0x80000924 (0x00300813) li      a6, 3
core   0: 3 0x80000924 (0x00300813) x16 0x00000003
core   0: 0x80000928 (0x006fdb13) srli    s6, t6, 6
core   0: 3 0x80000928 (0x006fdb13) x22 0x00000a33
core   0: 0x8000092c (0xffa31017) auipc   zero, 0xffa31
core   0: 3 0x8000092c (0xffa31017)
core   0: 0x80000930 (0x67c02913) slti    s2, zero, 1660
core   0: 3 0x80000930 (0x67c02913) x18 0x00000001
core   0: 0x80000934 (0xffc50513) addi    a0, a0, -4
core   0: 3 0x80000934 (0xffc50513) x10 0x00000003
core   0: 0x80000938 (0xff700a13) li      s4, -9
core   0: 3 0x80000938 (0xff700a13) x20 0xfffffff7
core   0: 0x8000093c (0x00700313) li      t1, 7
core   0: 3 0x8000093c (0x00700313) x 6 0x00000007
core   0: 0x80000940 (0xe96c1c37) lui     s8, 0xe96c1
core   0: 3 0x80000940 (0xe96c1c37) x24 0xe96c1000
core   0: 0x80000944 (0x4b99a713) slti    a4, s3, 1209
core   0: 3 0x80000944 (0x4b99a713) x14 0x00000001
core   0: 0x80000948 (0x009f97b3) sll     a5, t6, s1
core   0: 3 0x80000948 (0x009f97b3) x15 0x00051988
core   0: 0x8000094c (0xb2f5a793) slti    a5, a1, -1233
core   0: 3 0x8000094c (0xb2f5a793) x15 0x00000001
core   0: 0x80000950 (0x01769413) slli    s0, a3, 23
core   0: 3 0x80000950 (0x01769413) x 8 0xf0000000
core   0: 0x80000954 (0x00a0b2b3) sltu    t0, ra, a0
core   0: 3 0x80000954 (0x00a0b2b3) x 5 0x00000001
core   0: 0x80000958 (0x40995b13) srai    s6, s2, 9
core   0: 3 0x80000958 (0x40995b13) x22 0x00000000
core   0: 0x8000095c (0x008a0a13) addi    s4, s4, 8
core   0: 3 0x8000095c (0x008a0a13) x20 0xffffffff
core   0: 0x80000960 (0xfe6a02e3) beq     s4, t1, pc - 28
core   0: 3 0x80000960 (0xfe6a02e3)
core   0: 0x80000964 (0xe8e5bc13) sltiu   s8, a1, -370
core   0: 3 0x80000964 (0xe8e5bc13) x24 0x00000001
core   0: 0x80000968 (0x5bae4e13) xori    t3, t3, 1466
core   0: 3 0x80000968 (0x5bae4e13) x28 0x23916ca6
core   0: 0x8000096c (0xfd0510e3) bne     a0, a6, pc - 64
core   0: 3 0x8000096c (0xfd0510e3)
core   0: 0x80000970 (0x99ed6697) auipc   a3, 0x99ed6
core   0: 3 0x80000970 (0x99ed6697) x13 0x19ed6970
core   0: 0x80000974 (0x00900c93) li      s9, 9
core   0: 3 0x80000974 (0x00900c93) x25 0x00000009
core   0: 0x80000978 (0x006d96b3) sll     a3, s11, t1
core   0: 3 0x80000978 (0x006d96b3) x13 0x00000000
core   0: 0x8000097c (0x80b95b17) auipc   s6, 0x80b95
core   0: 3 0x8000097c (0x80b95b17) x22 0x00b9597c
core   0: 0x80000980 (0x00900913) li      s2, 9
core   0: 3 0x80000980 (0x00900913) x18 0x00000009
core   0: 0x80000984 (0x00000013) nop
core   0: 3 0x80000984 (0x00000013)
core   0: 0x80000988 (0x00ff9c33) sll     s8, t6, a5
core   0: 3 0x80000988 (0x00ff9c33) x24 0x00051988
core   0: 0x8000098c (0x413f8433) sub     s0, t6, s3
core   0: 3 0x8000098c (0x413f8433) x 8 0x00028cb9
core   0: 0x80000990 (0xffbc8c93) addi    s9, s9, -5
core   0: 3 0x80000990 (0xffbc8c93) x25 0x00000004
core   0: 0x80000994 (0x1924f413) andi    s0, s1, 402
core   0: 3 0x80000994 (0x1924f413) x 8 0x00000000
core   0: 0x80000998 (0xde193693) sltiu   a3, s2, -543
core   0: 3 0x80000998 (0xde193693) x13 0x00000001
core   0: 0x8000099c (0x40c7d3b3) sra     t2, a5, a2
core   0: 3 0x8000099c (0x40c7d3b3) x 7 0x00000000
core   0: 0x800009a0 (0x018ce6b3) or      a3, s9, s8
core   0: 3 0x800009a0 (0x018ce6b3) x13 0x0005198c
core   0: 0x800009a4 (0x00000013) nop
core   0: 3 0x800009a4 (0x00000013)
core   0: 0x800009a8 (0x00700493) li      s1, 7
core   0: 3 0x800009a8 (0x00700493) x 9 0x00000007
core   0: 0x800009ac (0x1464ac13) slti    s8, s1, 326
core   0: 3 0x800009ac (0x1464ac13) x24 0x00000001
core   0: 0x800009b0 (0x01d961b3) or      gp, s2, t4
core   0: 3 0x800009b0 (0x01d961b3) x 3 0xff0fffff
core   0: 0x800009b4 (0x4061d433) sra     s0, gp, t1
core   0: 3 0x800009b4 (0x4061d433) x 8 0xfffe1fff
core   0: 0x800009b8 (0x5a1e6d13) ori     s10, t3, 1441
core   0: 3 0x800009b8 (0x5a1e6d13) x26 0x23916da7
core   0: 0x800009bc (0x00400993) li      s3, 4
core   0: 3 0x800009bc (0x00400993) x19 0x00000004
core   0: 0x800009c0 (0x014a91b3) sll     gp, s5, s4
core   0: 3 0x800009c0 (0x014a91b3) x 3 0x80000000
core   0: 0x800009c4 (0x00e85b93) srli    s7, a6, 14
core   0: 3 0x800009c4 (0x00e85b93) x23 0x00000000
core   0: 0x800009c8 (0x405edb93) srai    s7, t4, 5
core   0: 3 0x800009c8 (0x405edb93) x23 0xfff87fff
core   0: 0x800009cc (0x9e26ed93) ori     s11, a3, -1566
core   0: 3 0x800009cc (0x9e26ed93) x27 0xfffff9ee
core   0: 0x800009d0 (0x01a44bb3) xor     s7, s0, s10
core   0: 3 0x800009d0 (0x01a44bb3) x23 0xdc6f7258
core   0: 0x800009d4 (0x01ba4233) xor     tp, s4, s11
core   0: 3 0x800009d4 (0x01ba4233) x 4 0x00000611
core   0: 0x800009d8 (0xffe48493) addi    s1, s1, -2
core   0: 3 0x800009d8 (0xffe48493) x 9 0x00000005
core   0: 0x800009dc (0x00479733) sll     a4, a5, tp
core   0: 3 0x800009dc (0x00479733) x14 0x00020000
core   0: 0x800009e0 (0xff34f8e3) bgeu    s1, s3, pc - 16
core   0: 3 0x800009e0 (0xff34f8e3)
core   0: 0x800009d0 (0x01a44bb3) xor     s7, s0, s10
core   0: 3 0x800009d0 (0x01a44bb3) x23 0xdc6f7258
core   0: 0x800009d4 (0x01ba4233) xor     tp, s4, s11
core   0: 3 0x800009d4 (0x01ba4233) x 4 0x00000611
core   0: 0x800009d8 (0xffe48493) addi    s1, s1, -2
core   0: 3 0x800009d8 (0xffe48493) x 9 0x00000003
core   0: 0x800009dc (0x00479733) sll     a4, a5, tp
core   0: 3 0x800009dc (0x00479733) x14 0x00020000
core   0: 0x800009e0 (0xff34f8e3) bgeu    s1, s3, pc - 16
core   0: 3 0x800009e0 (0xff34f8e3)
core   0: 0x800009e4 (0x01fa5b93) srli    s7, s4, 31
core   0: 3 0x800009e4 (0x01fa5b93) x23 0x00000001
core   0: 0x800009e8 (0x0000100f) fence.i
core   0: 3 0x800009e8 (0x0000100f)
core   0: 0x800009ec (0xc9e27693) andi    a3, tp, -866
core   0: 3 0x800009ec (0xc9e27693) x13 0x00000410
core   0: 0x800009f0 (0xf92cdae3) bge     s9, s2, pc - 108
core   0: 3 0x800009f0 (0xf92cdae3)
core   0: 0x800009f4 (0x016e9233) sll     tp, t4, s6
core   0: 3 0x800009f4 (0x016e9233) x 4 0xf0000000
core   0: 0x800009f8 (0x00600b13) li      s6, 6
core   0: 3 0x800009f8 (0x00600b13) x22 0x00000006
core   0: 0x800009fc (0x00000013) nop
core   0: 3 0x800009fc (0x00000013)
core   0: 0x80000a00 (0x0000100f) fence.i
core   0: 3 0x80000a00 (0x0000100f)
core   0: 0x80000a04 (0x019a7ab3) and     s5, s4, s9
core   0: 3 0x80000a04 (0x019a7ab3) x21 0x00000004
core   0: 0x80000a08 (0xff700493) li      s1, -9
core   0: 3 0x80000a08 (0xff700493) x 9 0xfffffff7
core   0: 0x80000a0c (0x0c65a993) slti    s3, a1, 198
core   0: 3 0x80000a0c (0x0c65a993) x19 0x00000001
core   0: 0x80000a10 (0x0096e2b3) or      t0, a3, s1
core   0: 3 0x80000a10 (0x0096e2b3) x 5 0xfffffff7
core   0: 0x80000a14 (0x0124ecb3) or      s9, s1, s2
core   0: 3 0x80000a14 (0x0124ecb3) x25 0xffffffff
core   0: 0x80000a18 (0x41b6d333) sra     t1, a3, s11
core   0: 3 0x80000a18 (0x41b6d333) x 6 0x00000000
core   0: 0x80000a1c (0xe95668b7) lui     a7, 0xe9566
core   0: 3 0x80000a1c (0xe95668b7) x17 0xe9566000
core   0: 0x80000a20 (0x01eb5c93) srli    s9, s6, 30
core   0: 3 0x80000a20 (0x01eb5c93) x25 0x00000000
core   0: 0x80000a24 (0x41fbdfb3) sra     t6, s7, t6
core   0: 3 0x80000a24 (0x41fbdfb3) x31 0x00000000
core   0: 0x80000a28 (0xb13cb393) sltiu   t2, s9, -1261
core   0: 3 0x80000a28 (0xb13cb393) x 7 0x00000001
core   0: 0x80000a2c (0xffdb0b13) addi    s6, s6, -3
core   0: 3 0x80000a2c (0xffdb0b13) x22 0x00000003
core   0: 0x80000a30 (0x455e7993) andi    s3, t3, 1109
core   0: 3 0x80000a30 (0x455e7993) x19 0x00000404
core   0: 0x80000a34 (0x11e3b893) sltiu   a7, t2, 286
core   0: 3 0x80000a34 (0x11e3b893) x17 0x00000001
core   0: 0x80000a38 (0x00cd7bb3) and     s7, s10, a2
core   0: 3 0x80000a38 (0x00cd7bb3) x23 0x00004c24
core   0: 0x80000a3c (0xfc9b1ae3) bne     s6, s1, pc - 44
core   0: 3 0x80000a3c (0xfc9b1ae3)
core   0: 0x80000a10 (0x0096e2b3) or      t0, a3, s1
core   0: 3 0x80000a10 (0x0096e2b3) x 5 0xfffffff7
core   0: 0x80000a14 (0x0124ecb3) or      s9, s1, s2
core   0: 3 0x80000a14 (0x0124ecb3) x25 0xffffffff
core   0: 0x80000a18 (0x41b6d333) sra     t1, a3, s11
core   0: 3 0x80000a18 (0x41b6d333) x 6 0x00000000
core   0: 0x80000a1c (0xe95668b7) lui     a7, 0xe9566
core   0: 3 0x80000a1c (0xe95668b7) x17 0xe9566000
core   0: 0x80000a20 (0x01eb5c93) srli    s9, s6, 30
core   0: 3 0x80000a20 (0x01eb5c93) x25 0x00000000
core   0: 0x80000a24 (0x41fbdfb3) sra     t6, s7, t6
core   0: 3 0x80000a24 (0x41fbdfb3) x31 0x00004c24
core   0: 0x80000a28 (0xb13cb393) sltiu   t2, s9, -1261
core   0: 3 0x80000a28 (0xb13cb393) x 7 0x00000001
core   0: 0x80000a2c (0xffdb0b13) addi    s6, s6, -3
core   0: 3 0x80000a2c (0xffdb0b13) x22 0x00000000
core   0: 0x80000a30 (0x455e7993) andi    s3, t3, 1109
core   0: 3 0x80000a30 (0x455e7993) x19 0x00000404
core   0: 0x80000a34 (0x11e3b893) sltiu   a7, t2, 286
core   0: 3 0x80000a34 (0x11e3b893) x17 0x00000001
core   0: 0x80000a38 (0x00cd7bb3) and     s7, s10, a2
core   0: 3 0x80000a38 (0x00cd7bb3) x23 0x00004c24
core   0: 0x80000a3c (0xfc9b1ae3) bne     s6, s1, pc - 44
core   0: 3 0x80000a3c (0xfc9b1ae3)
core   0: 0x80000a10 (0x0096e2b3) or      t0, a3, s1
core   0: 3 0x80000a10 (0x0096e2b3) x 5 0xfffffff7
core   0: 0x80000a14 (0x0124ecb3) or      s9, s1, s2
core   0: 3 0x80000a14 (0x0124ecb3) x25 0xffffffff
core   0: 0x80000a18 (0x41b6d333) sra     t1, a3, s11
core   0: 3 0x80000a18 (0x41b6d333) x 6 0x00000000
core   0: 0x80000a1c (0xe95668b7) lui     a7, 0xe9566
core   0: 3 0x80000a1c (0xe95668b7) x17 0xe9566000
core   0: 0x80000a20 (0x01eb5c93) srli    s9, s6, 30
core   0: 3 0x80000a20 (0x01eb5c93) x25 0x00000000
core   0: 0x80000a24 (0x41fbdfb3) sra     t6, s7, t6
core   0: 3 0x80000a24 (0x41fbdfb3) x31 0x000004c2
core   0: 0x80000a28 (0xb13cb393) sltiu   t2, s9, -1261
core   0: 3 0x80000a28 (0xb13cb393) x 7 0x00000001
core   0: 0x80000a2c (0xffdb0b13) addi    s6, s6, -3
core   0: 3 0x80000a2c (0xffdb0b13) x22 0xfffffffd
core   0: 0x80000a30 (0x455e7993) andi    s3, t3, 1109
core   0: 3 0x80000a30 (0x455e7993) x19 0x00000404
core   0: 0x80000a34 (0x11e3b893) sltiu   a7, t2, 286
core   0: 3 0x80000a34 (0x11e3b893) x17 0x00000001
core   0: 0x80000a38 (0x00cd7bb3) and     s7, s10, a2
core   0: 3 0x80000a38 (0x00cd7bb3) x23 0x00004c24
core   0: 0x80000a3c (0xfc9b1ae3) bne     s6, s1, pc - 44
core   0: 3 0x80000a3c (0xfc9b1ae3)
core   0: 0x80000a10 (0x0096e2b3) or      t0, a3, s1
core   0: 3 0x80000a10 (0x0096e2b3) x 5 0xfffffff7
core   0: 0x80000a14 (0x0124ecb3) or      s9, s1, s2
core   0: 3 0x80000a14 (0x0124ecb3) x25 0xffffffff
core   0: 0x80000a18 (0x41b6d333) sra     t1, a3, s11
core   0: 3 0x80000a18 (0x41b6d333) x 6 0x00000000
core   0: 0x80000a1c (0xe95668b7) lui     a7, 0xe9566
core   0: 3 0x80000a1c (0xe95668b7) x17 0xe9566000
core   0: 0x80000a20 (0x01eb5c93) srli    s9, s6, 30
core   0: 3 0x80000a20 (0x01eb5c93) x25 0x00000003
core   0: 0x80000a24 (0x41fbdfb3) sra     t6, s7, t6
core   0: 3 0x80000a24 (0x41fbdfb3) x31 0x00001309
core   0: 0x80000a28 (0xb13cb393) sltiu   t2, s9, -1261
core   0: 3 0x80000a28 (0xb13cb393) x 7 0x00000001
core   0: 0x80000a2c (0xffdb0b13) addi    s6, s6, -3
core   0: 3 0x80000a2c (0xffdb0b13) x22 0xfffffffa
core   0: 0x80000a30 (0x455e7993) andi    s3, t3, 1109
core   0: 3 0x80000a30 (0x455e7993) x19 0x00000404
core   0: 0x80000a34 (0x11e3b893) sltiu   a7, t2, 286
core   0: 3 0x80000a34 (0x11e3b893) x17 0x00000001
core   0: 0x80000a38 (0x00cd7bb3) and     s7, s10, a2
core   0: 3 0x80000a38 (0x00cd7bb3) x23 0x00004c24
core   0: 0x80000a3c (0xfc9b1ae3) bne     s6, s1, pc - 44
core   0: 3 0x80000a3c (0xfc9b1ae3)
core   0: 0x80000a10 (0x0096e2b3) or      t0, a3, s1
core   0: 3 0x80000a10 (0x0096e2b3) x 5 0xfffffff7
core   0: 0x80000a14 (0x0124ecb3) or      s9, s1, s2
core   0: 3 0x80000a14 (0x0124ecb3) x25 0xffffffff
core   0: 0x80000a18 (0x41b6d333) sra     t1, a3, s11
core   0: 3 0x80000a18 (0x41b6d333) x 6 0x00000000
core   0: 0x80000a1c (0xe95668b7) lui     a7, 0xe9566
core   0: 3 0x80000a1c (0xe95668b7) x17 0xe9566000
core   0: 0x80000a20 (0x01eb5c93) srli    s9, s6, 30
core   0: 3 0x80000a20 (0x01eb5c93) x25 0x00000003
core   0: 0x80000a24 (0x41fbdfb3) sra     t6, s7, t6
core   0: 3 0x80000a24 (0x41fbdfb3) x31 0x00000026
core   0: 0x80000a28 (0xb13cb393) sltiu   t2, s9, -1261
core   0: 3 0x80000a28 (0xb13cb393) x 7 0x00000001
core   0: 0x80000a2c (0xffdb0b13) addi    s6, s6, -3
core   0: 3 0x80000a2c (0xffdb0b13) x22 0xfffffff7
core   0: 0x80000a30 (0x455e7993) andi    s3, t3, 1109
core   0: 3 0x80000a30 (0x455e7993) x19 0x00000404
core   0: 0x80000a34 (0x11e3b893) sltiu   a7, t2, 286
core   0: 3 0x80000a34 (0x11e3b893) x17 0x00000001
core   0: 0x80000a38 (0x00cd7bb3) and     s7, s10, a2
core   0: 3 0x80000a38 (0x00cd7bb3) x23 0x00004c24
core   0: 0x80000a3c (0xfc9b1ae3) bne     s6, s1, pc - 44
core   0: 3 0x80000a3c (0xfc9b1ae3)
core   0: 0x80000a40 (0x0ff0000f) fence   iorw,iorw
core   0: 3 0x80000a40 (0x0ff0000f)
core   0: 0x80000a44 (0x00300c93) li      s9, 3
core   0: 3 0x80000a44 (0x00300c93) x25 0x00000003
core   0: 0x80000a48 (0x000b9733) sll     a4, s7, zero
core   0: 3 0x80000a48 (0x000b9733) x14 0x00004c24
core   0: 0x80000a4c (0xaff70437) lui     s0, 0xaff70
core   0: 3 0x80000a4c (0xaff70437) x 8 0xaff70000
core   0: 0x80000a50 (0x01d9bc33) sltu    s8, s3, t4
core   0: 3 0x80000a50 (0x01d9bc33) x24 0x00000001
core   0: 0x80000a54 (0x9d17e013) ori     zero, a5, -1583
core   0: 3 0x80000a54 (0x9d17e013)
core   0: 0x80000a58 (0xff900a13) li      s4, -7
core   0: 3 0x80000a58 (0xff900a13) x20 0xfffffff9
core   0: 0x80000a5c (0x41fe8033) sub     zero, t4, t6
core   0: 3 0x80000a5c (0x41fe8033)
core   0: 0x80000a60 (0x415f5393) srai    t2, t5, 21
core   0: 3 0x80000a60 (0x415f5393) x 7 0xffffff60
core   0: 0x80000a64 (0xffbc8c93) addi    s9, s9, -5
core   0: 3 0x80000a64 (0xffbc8c93) x25 0xfffffffe
core   0: 0x80000a68 (0x01ba1fb3) sll     t6, s4, s11
core   0: 3 0x80000a68 (0x01ba1fb3) x31 0xfffe4000
core   0: 0x80000a6c (0x01892f33) slt     t5, s2, s8
core   0: 3 0x80000a6c (0x01892f33) x30 0x00000000
core   0: 0x80000a70 (0xfd954493) xori    s1, a0, -39
core   0: 3 0x80000a70 (0xfd954493) x 9 0xffffffda
core   0: 0x80000a74 (0x018e8db3) add     s11, t4, s8
core   0: 3 0x80000a74 (0x018e8db3) x27 0xff100000
core   0: 0x80000a78 (0x01e73c33) sltu    s8, a4, t5
core   0: 3 0x80000a78 (0x01e73c33) x24 0x00000000
core   0: 0x80000a7c (0xde304913) xori    s2, zero, -541
core   0: 3 0x80000a7c (0xde304913) x18 0xfffffde3
core   0: 0x80000a80 (0xfd4c8ee3) beq     s9, s4, pc - 36
core   0: 3 0x80000a80 (0xfd4c8ee3)
core   0: 0x80000a84 (0x16bdb093) sltiu   ra, s11, 363
core   0: 3 0x80000a84 (0x16bdb093) x 1 0x00000000
core   0: 0x80000a88 (0x00a00713) li      a4, 10
core   0: 3 0x80000a88 (0x00a00713) x14 0x0000000a
core   0: 0x80000a8c (0x01869eb3) sll     t4, a3, s8
core   0: 3 0x80000a8c (0x01869eb3) x29 0x00000410
core   0: 0x80000a90 (0x00a00d93) li      s11, 10
core   0: 3 0x80000a90 (0x00a00d93) x27 0x0000000a
core   0: 0x80000a94 (0x0ff0000f) fence   iorw,iorw
core   0: 3 0x80000a94 (0x0ff0000f)
core   0: 0x80000a98 (0xb30e0893) addi    a7, t3, -1232
core   0: 3 0x80000a98 (0xb30e0893) x17 0x239167d6
core   0: 0x80000a9c (0x01051a33) sll     s4, a0, a6
core   0: 3 0x80000a9c (0x01051a33) x20 0x00000018
core   0: 0x80000aa0 (0x005eb1b3) sltu    gp, t4, t0
core   0: 3 0x80000aa0 (0x005eb1b3) x 3 0x00000001
core   0: 0x80000aa4 (0xfff70713) addi    a4, a4, -1
core   0: 3 0x80000aa4 (0xfff70713) x14 0x00000009
core   0: 0x80000aa8 (0x00400793) li      a5, 4
core   0: 3 0x80000aa8 (0x00400793) x15 0x00000004
core   0: 0x80000aac (0xb5e82d13) slti    s10, a6, -1186
core   0: 3 0x80000aac (0xb5e82d13) x26 0x00000000
core   0: 0x80000ab0 (0x9461cf13) xori    t5, gp, -1722
core   0: 3 0x80000ab0 (0x9461cf13) x30 0xfffff947
core   0: 0x80000ab4 (0x9eef3f13) sltiu   t5, t5, -1554
core   0: 3 0x80000ab4 (0x9eef3f13) x30 0x00000001
core   0: 0x80000ab8 (0x009e8933) add     s2, t4, s1
core   0: 3 0x80000ab8 (0x009e8933) x18 0x000003ea
core   0: 0x80000abc (0x00c6b433) sltu    s0, a3, a2
core   0: 3 0x80000abc (0x00c6b433) x 8 0x00000001
core   0: 0x80000ac0 (0x00e00513) li      a0, 14
core   0: 3 0x80000ac0 (0x00e00513) x10 0x0000000e
core   0: 0x80000ac4 (0x00c11a33) sll     s4, sp, a2
core   0: 3 0x80000ac4 (0x00c11a33) x20 0x0028ce40
core   0: 0x80000ac8 (0x00000013) nop
core   0: 3 0x80000ac8 (0x00000013)
core   0: 0x80000acc (0x00a78793) addi    a5, a5, 10
core   0: 3 0x80000acc (0x00a78793) x15 0x0000000e
core   0: 0x80000ad0 (0x00000013) nop
core   0: 3 0x80000ad0 (0x00000013)
core   0: 0x80000ad4 (0xfea7cae3) blt     a5, a0, pc - 12
core   0: 3 0x80000ad4 (0xfea7cae3)
core   0: 0x80000ad8 (0x0ff0000f) fence   iorw,iorw
core   0: 3 0x80000ad8 (0x0ff0000f)
core   0: 0x80000adc (0x00000013) nop
core   0: 3 0x80000adc (0x00000013)
core   0: 0x80000ae0 (0xfbb77ce3) bgeu    a4, s11, pc - 72
core   0: 3 0x80000ae0 (0xfbb77ce3)
core   0: 0x80000ae4 (0x000364b3) or      s1, t1, zero
core   0: 3 0x80000ae4 (0x000364b3) x 9 0x00000000
core   0: 0x80000ae8 (0x00900513) li      a0, 9
core   0: 3 0x80000ae8 (0x00900513) x10 0x00000009
core   0: 0x80000aec (0x006118b3) sll     a7, sp, t1
core   0: 3 0x80000aec (0x006118b3) x17 0x80028ce4
core   0: 0x80000af0 (0x00f61333) sll     t1, a2, a5
core   0: 3 0x80000af0 (0x00f61333) x 6 0x93990000
core   0: 0x80000af4 (0x403bdd13) srai    s10, s7, 3
core   0: 3 0x80000af4 (0x403bdd13) x26 0x00000984
core   0: 0x80000af8 (0x00900f93) li      t6, 9
core   0: 3 0x80000af8 (0x00900f93) x31 0x00000009
core   0: 0x80000afc (0x7af28d93) addi    s11, t0, 1967
core   0: 3 0x80000afc (0x7af28d93) x27 0x000007a6
core   0: 0x80000b00 (0x402904b3) sub     s1, s2, sp
core   0: 3 0x80000b00 (0x402904b3) x 9 0x7ffd7706
core   0: 0x80000b04 (0x58cc2713) slti    a4, s8, 1420
core   0: 3 0x80000b04 (0x58cc2713) x14 0x00000001
core   0: 0x80000b08 (0x01316c33) or      s8, sp, s3
core   0: 3 0x80000b08 (0x01316c33) x24 0x80028ce4
core   0: 0x80000b0c (0xb78b7b93) andi    s7, s6, -1160
core   0: 3 0x80000b0c (0xb78b7b93) x23 0xfffffb70
core   0: 0x80000b10 (0x8e9ac493) xori    s1, s5, -1815
core   0: 3 0x80000b10 (0x8e9ac493) x 9 0xfffff8ed
core   0: 0x80000b14 (0x59790913) addi    s2, s2, 1431
core   0: 3 0x80000b14 (0x59790913) x18 0x00000981
core   0: 0x80000b18 (0xff850513) addi    a0, a0, -8
core   0: 3 0x80000b18 (0xff850513) x10 0x00000001
core   0: 0x80000b1c (0x0ff0000f) fence   iorw,iorw
core   0: 3 0x80000b1c (0x0ff0000f)
core   0: 0x80000b20 (0x41708eb3) sub     t4, ra, s7
core   0: 3 0x80000b20 (0x41708eb3) x29 0x00000490
core   0: 0x80000b24 (0x01da6ab3) or      s5, s4, t4
core   0: 3 0x80000b24 (0x01da6ab3) x21 0x0028ced0
core   0: 0x80000b28 (0x0086bbb3) sltu    s7, a3, s0
core   0: 3 0x80000b28 (0x0086bbb3) x23 0x00000000
core   0: 0x80000b2c (0x0031f833) and     a6, gp, gp
core   0: 3 0x80000b2c (0x0031f833) x16 0x00000001
core   0: 0x80000b30 (0x0000100f) fence.i
core   0: 3 0x80000b30 (0x0000100f)
core   0: 0x80000b34 (0xb7537693) andi    a3, t1, -1163
core   0: 3 0x80000b34 (0xb7537693) x13 0x93990000
core   0: 0x80000b38 (0xff800f13) li      t5, -8
core   0: 3 0x80000b38 (0xff800f13) x30 0xfffffff8
core   0: 0x80000b3c (0x939ae393) ori     t2, s5, -1735
core   0: 3 0x80000b3c (0x939ae393) x 7 0xfffffff9
core   0: 0x80000b40 (0x00600993) li      s3, 6
core   0: 3 0x80000b40 (0x00600993) x19 0x00000006
core   0: 0x80000b44 (0x00d363b3) or      t2, t1, a3
core   0: 3 0x80000b44 (0x00d363b3) x 7 0x93990000
core   0: 0x80000b48 (0x40a1da13) srai    s4, gp, 10
core   0: 3 0x80000b48 (0x40a1da13) x20 0x00000000
core   0: 0x80000b4c (0x009f0f13) addi    t5, t5, 9
core   0: 3 0x80000b4c (0x009f0f13) x30 0x00000001
core   0: 0x80000b50 (0xff3f4ae3) blt     t5, s3, pc - 12
core   0: 3 0x80000b50 (0xff3f4ae3)
core   0: 0x80000b44 (0x00d363b3) or      t2, t1, a3
core   0: 3 0x80000b44 (0x00d363b3) x 7 0x93990000
core   0: 0x80000b48 (0x40a1da13) srai    s4, gp, 10
core   0: 3 0x80000b48 (0x40a1da13) x20 0x00000000
core   0: 0x80000b4c (0x009f0f13) addi    t5, t5, 9
core   0: 3 0x80000b4c (0x009f0f13) x30 0x0000000a
core   0: 0x80000b50 (0xff3f4ae3) blt     t5, s3, pc - 12
core   0: 3 0x80000b50 (0xff3f4ae3)
core   0: 0x80000b54 (0x41d0d433) sra     s0, ra, t4
core   0: 3 0x80000b54 (0x41d0d433) x 8 0x00000000
core   0: 0x80000b58 (0x40e65213) srai    tp, a2, 14
core   0: 3 0x80000b58 (0x40e65213) x 4 0xfffe0009
core   0: 0x80000b5c (0xe08f6213) ori     tp, t5, -504
core   0: 3 0x80000b5c (0xe08f6213) x 4 0xfffffe0a
core   0: 0x80000b60 (0x0158d2b3) srl     t0, a7, s5
core   0: 3 0x80000b60 (0x0158d2b3) x 5 0x00008002
core   0: 0x80000b64 (0xfbf570e3) bgeu    a0, t6, pc - 96
core   0: 3 0x80000b64 (0xfbf570e3)
core   0: 0x80000b68 (0xf0690437) lui     s0, 0xf0690
core   0: 3 0x80000b68 (0xf0690437) x 8 0xf0690000
core   0: 0x80000b6c (0x00800513) li      a0, 8
core   0: 3 0x80000b6c (0x00800513) x10 0x00000008
core   0: 0x80000b70 (0x00700c13) li      s8, 7
core   0: 3 0x80000b70 (0x00700c13) x24 0x00000007
core   0: 0x80000b74 (0x40d88f33) sub     t5, a7, a3
core   0: 3 0x80000b74 (0x40d88f33) x30 0xec698ce4
core   0: 0x80000b78 (0x017659b3) srl     s3, a2, s7
core   0: 3 0x80000b78 (0x017659b3) x19 0x80024e64
core   0: 0x80000b7c (0x016a52b3) srl     t0, s4, s6
core   0: 3 0x80000b7c (0x016a52b3) x 5 0x00000000
core   0: 0x80000b80 (0x00125413) srli    s0, tp, 1
core   0: 3 0x80000b80 (0x00125413) x 8 0x7fffff05
core   0: 0x80000b84 (0x011a9413) slli    s0, s5, 17
core   0: 3 0x80000b84 (0x011a9413) x 8 0x9da00000
core   0: 0x80000b88 (0xffa50513) addi    a0, a0, -6
core   0: 3 0x80000b88 (0xffa50513) x10 0x00000002
core   0: 0x80000b8c (0x41f50bb3) sub     s7, a0, t6
core   0: 3 0x80000b8c (0x41f50bb3) x23 0xfffffff9
core   0: 0x80000b90 (0x9c99cd13) xori    s10, s3, -1591
core   0: 3 0x80000b90 (0x9c99cd13) x26 0x7ffdb7ad
core   0: 0x80000b94 (0xff8570e3) bgeu    a0, s8, pc - 32
core   0: 3 0x80000b94 (0xff8570e3)
core   0: 0x80000b98 (0x01891033) sll     zero, s2, s8
core   0: 3 0x80000b98 (0x01891033)
core   0: 0x80000b9c (0xff700293) li      t0, -9
core   0: 3 0x80000b9c (0xff700293) x 5 0xfffffff7
core   0: 0x80000ba0 (0xf1867cb7) lui     s9, 0xf1867
core   0: 3 0x80000ba0 (0xf1867cb7) x25 0xf1867000
core   0: 0x80000ba4 (0x00000a13) li      s4, 0
core   0: 3 0x80000ba4 (0x00000a13) x20 0x00000000
core   0: 0x80000ba8 (0xa566f093) andi    ra, a3, -1450
core   0: 3 0x80000ba8 (0xa566f093) x 1 0x93990000
core   0: 0x80000bac (0x0098ce33) xor     t3, a7, s1
core   0: 3 0x80000bac (0x0098ce33) x28 0x7ffd7409
core   0: 0x80000bb0 (0x406a0e33) sub     t3, s4, t1
core   0: 3 0x80000bb0 (0x406a0e33) x28 0x6c670000
core   0: 0x80000bb4 (0x0142f3b3) and     t2, t0, s4
core   0: 3 0x80000bb4 (0x0142f3b3) x 7 0x00000000
core   0: 0x80000bb8 (0x404d57b3) sra     a5, s10, tp
core   0: 3 0x80000bb8 (0x404d57b3) x15 0x001fff6d
core   0: 0x80000bbc (0x41fe0c33) sub     s8, t3, t6
core   0: 3 0x80000bbc (0x41fe0c33) x24 0x6c66fff7
core   0: 0x80000bc0 (0xe83e0c13) addi    s8, t3, -381
core   0: 3 0x80000bc0 (0xe83e0c13) x24 0x6c66fe83
core   0: 0x80000bc4 (0x00000013) nop
core   0: 3 0x80000bc4 (0x00000013)
core   0: 0x80000bc8 (0x142ff037) lui     zero, 0x142ff
core   0: 3 0x80000bc8 (0x142ff037)
core   0: 0x80000bcc (0x0000100f) fence.i
core   0: 3 0x80000bcc (0x0000100f)
core   0: 0x80000bd0 (0x0082cab3) xor     s5, t0, s0
core   0: 3 0x80000bd0 (0x0082cab3) x21 0x625ffff7
core   0: 0x80000bd4 (0x40ae07b3) sub     a5, t3, a0
core   0: 3 0x80000bd4 (0x40ae07b3) x15 0x6c66fffe
core   0: 0x80000bd8 (0x011bbdb3) sltu    s11, s7, a7
core   0: 3 0x80000bd8 (0x011bbdb3) x27 0x00000000
core   0: 0x80000bdc (0x00928293) addi    t0, t0, 9
core   0: 3 0x80000bdc (0x00928293) x 5 0x00000000
core   0: 0x80000be0 (0x00f74bb3) xor     s7, a4, a5
core   0: 3 0x80000be0 (0x00f74bb3) x23 0x6c66ffff
core   0: 0x80000be4 (0xff4286e3) beq     t0, s4, pc - 20
core   0: 3 0x80000be4 (0xff4286e3)
core   0: 0x80000bd0 (0x0082cab3) xor     s5, t0, s0
core   0: 3 0x80000bd0 (0x0082cab3) x21 0x9da00000
core   0: 0x80000bd4 (0x40ae07b3) sub     a5, t3, a0
core   0: 3 0x80000bd4 (0x40ae07b3) x15 0x6c66fffe
core   0: 0x80000bd8 (0x011bbdb3) sltu    s11, s7, a7
core   0: 3 0x80000bd8 (0x011bbdb3) x27 0x00000001
core   0: 0x80000bdc (0x00928293) addi    t0, t0, 9
core   0: 3 0x80000bdc (0x00928293) x 5 0x00000009
core   0: 0x80000be0 (0x00f74bb3) xor     s7, a4, a5
core   0: 3 0x80000be0 (0x00f74bb3) x23 0x6c66ffff
core   0: 0x80000be4 (0xff4286e3) beq     t0, s4, pc - 20
core   0: 3 0x80000be4 (0xff4286e3)
core   0: 0x80000be8 (0x91feec93) ori     s9, t4, -1761
core   0: 3 0x80000be8 (0x91feec93) x25 0xfffffd9f
core   0: 0x80000bec (0xff900693) li      a3, -7
core   0: 3 0x80000bec (0xff900693) x13 0xfffffff9
core   0: 0x80000bf0 (0x1db12a13) slti    s4, sp, 475
core   0: 3 0x80000bf0 (0x1db12a13) x20 0x00000001
core   0: 0x80000bf4 (0x00000013) nop
core   0: 3 0x80000bf4 (0x00000013)
core   0: 0x80000bf8 (0xc61c1197) auipc   gp, 0xc61c1
core   0: 3 0x80000bf8 (0xc61c1197) x 3 0x461c1bf8
core   0: 0x80000bfc (0x4b19be93) sltiu   t4, s3, 1201
core   0: 3 0x80000bfc (0x4b19be93) x29 0x00000000
core   0: 0x80000c00 (0x00b00713) li      a4, 11
core   0: 3 0x80000c00 (0x00b00713) x14 0x0000000b
core   0: 0x80000c04 (0xe11a3a93) sltiu   s5, s4, -495
core   0: 3 0x80000c04 (0xe11a3a93) x21 0x00000001
core   0: 0x80000c08 (0x01a68eb3) add     t4, a3, s10
core   0: 3 0x80000c08 (0x01a68eb3) x29 0x7ffdb7a6
core   0: 0x80000c0c (0xe91f2bb7) lui     s7, 0xe91f2
core   0: 3 0x80000c0c (0xe91f2bb7) x23 0xe91f2000
core   0: 0x80000c10 (0x0000ddb3) srl     s11, ra, zero
core   0: 3 0x80000c10 (0x0000ddb3) x27 0x93990000
core   0: 0x80000c14 (0x00868693) addi    a3, a3, 8
core   0: 3 0x80000c14 (0x00868693) x13 0x00000001
core   0: 0x80000c18 (0xffe00413) li      s0, -2
core   0: 3 0x80000c18 (0xffe00413) x 8 0xfffffffe
core   0: 0x80000c1c (0x0ff0000f) fence   iorw,iorw
core   0: 3 0x80000c1c (0x0ff0000f)
core   0: 0x80000c20 (0x200abd13) sltiu   s10, s5, 512
core   0: 3 0x80000c20 (0x200abd13) x26 0x00000001
core   0: 0x80000c24 (0x00200993) li      s3, 2
core   0: 3 0x80000c24 (0x00200993) x19 0x00000002
core   0: 0x80000c28 (0x00000013) nop
core   0: 3 0x80000c28 (0x00000013)
core   0: 0x80000c2c (0x01b29e33) sll     t3, t0, s11
core   0: 3 0x80000c2c (0x01b29e33) x28 0x00000009
core   0: 0x80000c30 (0x400a80b3) sub     ra, s5, zero
core   0: 3 0x80000c30 (0x400a80b3) x 1 0x00000001
core   0: 0x80000c34 (0x0ff0000f) fence   iorw,iorw
core   0: 3 0x80000c34 (0x0ff0000f)
core   0: 0x80000c38 (0x00e01193) slli    gp, zero, 14
core   0: 3 0x80000c38 (0x00e01193) x 3 0x00000000
core   0: 0x80000c3c (0x419d87b3) sub     a5, s11, s9
core   0: 3 0x80000c3c (0x419d87b3) x15 0x93990261
core   0: 0x80000c40 (0x26058a93) addi    s5, a1, 608
core   0: 3 0x80000c40 (0x26058a93) x21 0x80000260
core   0: 0x80000c44 (0x008cf3b3) and     t2, s9, s0
core   0: 3 0x80000c44 (0x008cf3b3) x 7 0xfffffd9e
core   0: 0x80000c48 (0x00940413) addi    s0, s0, 9
core   0: 3 0x80000c48 (0x00940413) x 8 0x00000007
core   0: 0x80000c4c (0xff3442e3) blt     s0, s3, pc - 28
core   0: 3 0x80000c4c (0xff3442e3)
core   0: 0x80000c50 (0x001e4333) xor     t1, t3, ra
core   0: 3 0x80000c50 (0x001e4333) x 6 0x00000008
core   0: 0x80000c54 (0x14163013) sltiu   zero, a2, 321
core   0: 3 0x80000c54 (0x14163013)
core   0: 0x80000c58 (0x001a30b3) sltu    ra, s4, ra
core   0: 3 0x80000c58 (0x001a30b3) x 1 0x00000000
core   0: 0x80000c5c (0xfae6c8e3) blt     a3, a4, pc - 80
core   0: 3 0x80000c5c (0xfae6c8e3)
core   0: 0x80000c0c (0xe91f2bb7) lui     s7, 0xe91f2
core   0: 3 0x80000c0c (0xe91f2bb7) x23 0xe91f2000
core   0: 0x80000c10 (0x0000ddb3) srl     s11, ra, zero
core   0: 3 0x80000c10 (0x0000ddb3) x27 0x00000000
core   0: 0x80000c14 (0x00868693) addi    a3, a3, 8
core   0: 3 0x80000c14 (0x00868693) x13 0x00000009
core   0: 0x80000c18 (0xffe00413) li      s0, -2
core   0: 3 0x80000c18 (0xffe00413) x 8 0xfffffffe
core   0: 0x80000c1c (0x0ff0000f) fence   iorw,iorw
core   0: 3 0x80000c1c (0x0ff0000f)
core   0: 0x80000c20 (0x200abd13) sltiu   s10, s5, 512
core   0: 3 0x80000c20 (0x200abd13) x26 0x00000000
core   0: 0x80000c24 (0x00200993) li      s3, 2
core   0: 3 0x80000c24 (0x00200993) x19 0x00000002
core   0: 0x80000c28 (0x00000013) nop
core   0: 3 0x80000c28 (0x00000013)
core   0: 0x80000c2c (0x01b29e33) sll     t3, t0, s11
core   0: 3 0x80000c2c (0x01b29e33) x28 0x00000009
core   0: 0x80000c30 (0x400a80b3) sub     ra, s5, zero
core   0: 3 0x80000c30 (0x400a80b3) x 1 0x80000260
core   0: 0x80000c34 (0x0ff0000f) fence   iorw,iorw
core   0: 3 0x80000c34 (0x0ff0000f)
core   0: 0x80000c38 (0x00e01193) slli    gp, zero, 14
core   0: 3 0x80000c38 (0x00e01193) x 3 0x00000000
core   0: 0x80000c3c (0x419d87b3) sub     a5, s11, s9
core   0: 3 0x80000c3c (0x419d87b3) x15 0x00000261
core   0: 0x80000c40 (0x26058a93) addi    s5, a1, 608
core   0: 3 0x80000c40 (0x26058a93) x21 0x80000260
core   0: 0x80000c44 (0x008cf3b3) and     t2, s9, s0
core   0: 3 0x80000c44 (0x008cf3b3) x 7 0xfffffd9e
core   0: 0x80000c48 (0x00940413) addi    s0, s0, 9
core   0: 3 0x80000c48 (0x00940413) x 8 0x00000007
core   0: 0x80000c4c (0xff3442e3) blt     s0, s3, pc - 28
core   0: 3 0x80000c4c (0xff3442e3)
core   0: 0x80000c50 (0x001e4333) xor     t1, t3, ra
core   0: 3 0x80000c50 (0x001e4333) x 6 0x80000269
core   0: 0x80000c54 (0x14163013) sltiu   zero, a2, 321
core   0: 3 0x80000c54 (0x14163013)
core   0: 0x80000c58 (0x001a30b3) sltu    ra, s4, ra
core   0: 3 0x80000c58 (0x001a30b3) x 1 0x00000001
core   0: 0x80000c5c (0xfae6c8e3) blt     a3, a4, pc - 80
core   0: 3 0x80000c5c (0xfae6c8e3)
core   0: 0x80000c0c (0xe91f2bb7) lui     s7, 0xe91f2
core   0: 3 0x80000c0c (0xe91f2bb7) x23 0xe91f2000
core   0: 0x80000c10 (0x0000ddb3) srl     s11, ra, zero
core   0: 3 0x80000c10 (0x0000ddb3) x27 0x00000001
core   0: 0x80000c14 (0x00868693) addi    a3, a3, 8
core   0: 3 0x80000c14 (0x00868693) x13 0x00000011
core   0: 0x80000c18 (0xffe00413) li      s0, -2
core   0: 3 0x80000c18 (0xffe00413) x 8 0xfffffffe
core   0: 0x80000c1c (0x0ff0000f) fence   iorw,iorw
core   0: 3 0x80000c1c (0x0ff0000f)
core   0: 0x80000c20 (0x200abd13) sltiu   s10, s5, 512
core   0: 3 0x80000c20 (0x200abd13) x26 0x00000000
core   0: 0x80000c24 (0x00200993) li      s3, 2
core   0: 3 0x80000c24 (0x00200993) x19 0x00000002
core   0: 0x80000c28 (0x00000013) nop
core   0: 3 0x80000c28 (0x00000013)
core   0: 0x80000c2c (0x01b29e33) sll     t3, t0, s11
core   0: 3 0x80000c2c (0x01b29e33) x28 0x00000012
core   0: 0x80000c30 (0x400a80b3) sub     ra, s5, zero
core   0: 3 0x80000c30 (0x400a80b3) x 1 0x80000260
core   0: 0x80000c34 (0x0ff0000f) fence   iorw,iorw
core   0: 3 0x80000c34 (0x0ff0000f)
core   0: 0x80000c38 (0x00e01193) slli    gp, zero, 14
core   0: 3 0x80000c38 (0x00e01193) x 3 0x00000000
core   0: 0x80000c3c (0x419d87b3) sub     a5, s11, s9
core   0: 3 0x80000c3c (0x419d87b3) x15 0x00000262
core   0: 0x80000c40 (0x26058a93) addi    s5, a1, 608
core   0: 3 0x80000c40 (0x26058a93) x21 0x80000260
core   0: 0x80000c44 (0x008cf3b3) and     t2, s9, s0
core   0: 3 0x80000c44 (0x008cf3b3) x 7 0xfffffd9e
core   0: 0x80000c48 (0x00940413) addi    s0, s0, 9
core   0: 3 0x80000c48 (0x00940413) x 8 0x00000007
core   0: 0x80000c4c (0xff3442e3) blt     s0, s3, pc - 28
core   0: 3 0x80000c4c (0xff3442e3)
core   0: 0x80000c50 (0x001e4333) xor     t1, t3, ra
core   0: 3 0x80000c50 (0x001e4333) x 6 0x80000272
core   0: 0x80000c54 (0x14163013) sltiu   zero, a2, 321
core   0: 3 0x80000c54 (0x14163013)
core   0: 0x80000c58 (0x001a30b3) sltu    ra, s4, ra
core   0: 3 0x80000c58 (0x001a30b3) x 1 0x00000001
core   0: 0x80000c5c (0xfae6c8e3) blt     a3, a4, pc - 80
core   0: 3 0x80000c5c (0xfae6c8e3)
core   0: 0x80000c60 (0x0000100f) fence.i
core   0: 3 0x80000c60 (0x0000100f)
core   0: 0x80000c64 (0x00400713) li      a4, 4
core   0: 3 0x80000c64 (0x00400713) x14 0x00000004
core   0: 0x80000c68 (0x00a40433) add     s0, s0, a0
core   0: 3 0x80000c68 (0x00a40433) x 8 0x00000009
core   0: 0x80000c6c (0xff200813) li      a6, -14
core   0: 3 0x80000c6c (0xff200813) x16 0xfffffff2
core   0: 0x80000c70 (0x00383e33) sltu    t3, a6, gp
core   0: 3 0x80000c70 (0x00383e33) x28 0x00000000
core   0: 0x80000c74 (0x00a03a33) snez    s4, a0
core   0: 3 0x80000c74 (0x00a03a33) x20 0x00000001
core   0: 0x80000c78 (0x7561ec93) ori     s9, gp, 1878
core   0: 3 0x80000c78 (0x7561ec93) x25 0x00000756
core   0: 0x80000c7c (0xff770713) addi    a4, a4, -9
core   0: 3 0x80000c7c (0xff770713) x14 0xfffffffb
core   0: 0x80000c80 (0xff071ae3) bne     a4, a6, pc - 12
core   0: 3 0x80000c80 (0xff071ae3)
core   0: 0x80000c74 (0x00a03a33) snez    s4, a0
core   0: 3 0x80000c74 (0x00a03a33) x20 0x00000001
core   0: 0x80000c78 (0x7561ec93) ori     s9, gp, 1878
core   0: 3 0x80000c78 (0x7561ec93) x25 0x00000756
core   0: 0x80000c7c (0xff770713) addi    a4, a4, -9
core   0: 3 0x80000c7c (0xff770713) x14 0xfffffff2
core   0: 0x80000c80 (0xff071ae3) bne     a4, a6, pc - 12
core   0: 3 0x80000c80 (0xff071ae3)
core   0: 0x80000c84 (0x00667c33) and     s8, a2, t1
core   0: 3 0x80000c84 (0x00667c33) x24 0x80000260
core   0: 0x80000c88 (0x00900713) li      a4, 9
core   0: 3 0x80000c88 (0x00900713) x14 0x00000009
core   0: 0x80000c8c (0x00000013) nop
core   0: 3 0x80000c8c (0x00000013)
core   0: 0x80000c90 (0x00c551b3) srl     gp, a0, a2
core   0: 3 0x80000c90 (0x00c551b3) x 3 0x00000000
core   0: 0x80000c94 (0xa70a7393) andi    t2, s4, -1424
core   0: 3 0x80000c94 (0xa70a7393) x 7 0x00000000
core   0: 0x80000c98 (0x00900e93) li      t4, 9
core   0: 3 0x80000c98 (0x00900e93) x29 0x00000009
core   0: 0x80000c9c (0x000162b3) or      t0, sp, zero
core   0: 3 0x80000c9c (0x000162b3) x 5 0x80028ce4
core   0: 0x80000ca0 (0xf2120c13) addi    s8, tp, -223
core   0: 3 0x80000ca0 (0xf2120c13) x24 0xfffffd2b
core   0: 0x80000ca4 (0xfcf9ea93) ori     s5, s3, -49
core   0: 3 0x80000ca4 (0xfcf9ea93) x21 0xffffffcf
core   0: 0x80000ca8 (0x1bd66793) ori     a5, a2, 445
core   0: 3 0x80000ca8 (0x1bd66793) x15 0x80024ffd
core   0: 0x80000cac (0x731a7c93) andi    s9, s4, 1841
core   0: 3 0x80000cac (0x731a7c93) x25 0x00000001
core   0: 0x80000cb0 (0x8ee22b93) slti    s7, tp, -1810
core   0: 3 0x80000cb0 (0x8ee22b93) x23 0x00000000
core   0: 0x80000cb4 (0x01df9193) slli    gp, t6, 29
core   0: 3 0x80000cb4 (0x01df9193) x 3 0x20000000
core   0: 0x80000cb8 (0x002c42b3) xor     t0, s8, sp
core   0: 3 0x80000cb8 (0x002c42b3) x 5 0x7ffd71cf
core   0: 0x80000cbc (0xffc70713) addi    a4, a4, -4
core   0: 3 0x80000cbc (0xffc70713) x14 0x00000005
core   0: 0x80000cc0 (0x0000100f) fence.i
core   0: 3 0x80000cc0 (0x0000100f)
core   0: 0x80000cc4 (0x01e1f533) and     a0, gp, t5
core   0: 3 0x80000cc4 (0x01e1f533) x10 0x20000000
core   0: 0x80000cc8 (0xffd778e3) bgeu    a4, t4, pc - 16
core   0: 3 0x80000cc8 (0xffd778e3)
core   0: 0x80000ccc (0x80383413) sltiu   s0, a6, -2045
core   0: 3 0x80000ccc (0x80383413) x 8 0x00000000
core   0: 0x80000cd0 (0x00400793) li      a5, 4
core   0: 3 0x80000cd0 (0x00400793) x15 0x00000004
core   0: 0x80000cd4 (0x001e6333) or      t1, t3, ra
core   0: 3 0x80000cd4 (0x001e6333) x 6 0x00000001
core   0: 0x80000cd8 (0x01acff33) and     t5, s9, s10
core   0: 3 0x80000cd8 (0x01acff33) x30 0x00000000
core   0: 0x80000cdc (0x40885733) sra     a4, a6, s0
core   0: 3 0x80000cdc (0x40885733) x14 0xfffffff2
core   0: 0x80000ce0 (0x00f00c13) li      s8, 15
core   0: 3 0x80000ce0 (0x00f00c13) x24 0x0000000f
core   0: 0x80000ce4 (0x0ff0000f) fence   iorw,iorw
core   0: 3 0x80000ce4 (0x0ff0000f)
core   0: 0x80000ce8 (0xb939ee13) ori     t3, s3, -1133
core   0: 3 0x80000ce8 (0xb939ee13) x28 0xfffffb93
core   0: 0x80000cec (0x416e89b3) sub     s3, t4, s6
core   0: 3 0x80000cec (0x416e89b3) x19 0x00000012
core   0: 0x80000cf0 (0x00178793) addi    a5, a5, 1
core   0: 3 0x80000cf0 (0x00178793) x15 0x00000005
core   0: 0x80000cf4 (0x01f2c833) xor     a6, t0, t6
core   0: 3 0x80000cf4 (0x01f2c833) x16 0x7ffd71c6
core   0: 0x80000cf8 (0xff878ae3) beq     a5, s8, pc - 12
core   0: 3 0x80000cf8 (0xff878ae3)
core   0: 0x80000cfc (0x00e680b3) add     ra, a3, a4
core   0: 3 0x80000cfc (0x00e680b3) x 1 0x00000003
core   0: 0x80000d00 (0x00200793) li      a5, 2
core   0: 3 0x80000d00 (0x00200793) x15 0x00000002
core   0: 0x80000d04 (0x0099b4b3) sltu    s1, s3, s1
core   0: 3 0x80000d04 (0x0099b4b3) x 9 0x00000001
core   0: 0x80000d08 (0x40eb03b3) sub     t2, s6, a4
core   0: 3 0x80000d08 (0x40eb03b3) x 7 0x00000005
core   0: 0x80000d0c (0x00000013) nop
core   0: 3 0x80000d0c (0x00000013)
core   0: 0x80000d10 (0x009a00b3) add     ra, s4, s1
core   0: 3 0x80000d10 (0x009a00b3) x 1 0x00000002
core   0: 0x80000d14 (0x00d00c13) li      s8, 13
core   0: 3 0x80000d14 (0x00d00c13) x24 0x0000000d
core   0: 0x80000d18 (0x7054e193) ori     gp, s1, 1797
core   0: 3 0x80000d18 (0x7054e193) x 3 0x00000705
core   0: 0x80000d1c (0x4188da13) srai    s4, a7, 24
core   0: 3 0x80000d1c (0x4188da13) x20 0xffffff80
core   0: 0x80000d20 (0x4edee013) ori     zero, t4, 1261
core   0: 3 0x80000d20 (0x4edee013)
core   0: 0x80000d24 (0xe5e16993) ori     s3, sp, -418
core   0: 3 0x80000d24 (0xe5e16993) x19 0xfffffefe
core   0: 0x80000d28 (0xa0758897) auipc   a7, 0xa0758
core   0: 3 0x80000d28 (0xa0758897) x17 0x20758d28
core   0: 0x80000d2c (0x01e80933) add     s2, a6, t5
core   0: 3 0x80000d2c (0x01e80933) x18 0x7ffd71c6
core   0: 0x80000d30 (0xef0c3093) sltiu   ra, s8, -272
core   0: 3 0x80000d30 (0xef0c3093) x 1 0x00000001
core   0: 0x80000d34 (0x2c1be093) ori     ra, s7, 705
core   0: 3 0x80000d34 (0x2c1be093) x 1 0x000002c1
core   0: 0x80000d38 (0x00178793) addi    a5, a5, 1
core   0: 3 0x80000d38 (0x00178793) x15 0x00000003
core   0: 0x80000d3c (0x0ff0000f) fence   iorw,iorw
core   0: 3 0x80000d3c (0x0ff0000f)
core   0: 0x80000d40 (0x014cc433) xor     s0, s9, s4
core   0: 3 0x80000d40 (0x014cc433) x 8 0xffffff81
core   0: 0x80000d44 (0x0000100f) fence.i
core   0: 3 0x80000d44 (0x0000100f)
core   0: 0x80000d48 (0x00000013) nop
core   0: 3 0x80000d48 (0x00000013)
core   0: 0x80000d4c (0xff8782e3) beq     a5, s8, pc - 28
core   0: 3 0x80000d4c (0xff8782e3)
core   0: 0x80000d50 (0x00c1f833) and     a6, gp, a2
core   0: 3 0x80000d50 (0x00c1f833) x16 0x00000604
core   0: 0x80000d54 (0xff900b93) li      s7, -7
core   0: 3 0x80000d54 (0xff900b93) x23 0xfffffff9
core   0: 0x80000d58 (0x00791893) slli    a7, s2, 7
core   0: 3 0x80000d58 (0x00791893) x17 0xfeb8e300
core   0: 0x80000d5c (0x4020da33) sra     s4, ra, sp
core   0: 3 0x80000d5c (0x4020da33) x20 0x0000002c
core   0: 0x80000d60 (0xff300393) li      t2, -13
core   0: 3 0x80000d60 (0xff300393) x 7 0xfffffff3
core   0: 0x80000d64 (0x012df2b3) and     t0, s11, s2
core   0: 3 0x80000d64 (0x012df2b3) x 5 0x00000000
core   0: 0x80000d68 (0x08d6b793) sltiu   a5, a3, 141
core   0: 3 0x80000d68 (0x08d6b793) x15 0x00000001
core   0: 0x80000d6c (0x00000013) nop
core   0: 3 0x80000d6c (0x00000013)
core   0: 0x80000d70 (0xdbb2b193) sltiu   gp, t0, -581
core   0: 3 0x80000d70 (0xdbb2b193) x 3 0x00000001
core   0: 0x80000d74 (0xffab8b93) addi    s7, s7, -6
core   0: 3 0x80000d74 (0xffab8b93) x23 0xfffffff3
core   0: 0x80000d78 (0x9cd48a13) addi    s4, s1, -1587
core   0: 3 0x80000d78 (0x9cd48a13) x20 0xfffff9ce
core   0: 0x80000d7c (0x00646e33) or      t3, s0, t1
core   0: 3 0x80000d7c (0x00646e33) x28 0xffffff81
core   0: 0x80000d80 (0x015c9e93) slli    t4, s9, 21
core   0: 3 0x80000d80 (0x015c9e93) x29 0x00200000
core   0: 0x80000d84 (0x00749a93) slli    s5, s1, 7
core   0: 3 0x80000d84 (0x00749a93) x21 0x00000080
core   0: 0x80000d88 (0x010e0033) add     zero, t3, a6
core   0: 3 0x80000d88 (0x010e0033)
core   0: 0x80000d8c (0x0189ab33) slt     s6, s3, s8
core   0: 3 0x80000d8c (0x0189ab33) x22 0x00000001
core   0: 0x80000d90 (0x0ff0000f) fence   iorw,iorw
core   0: 3 0x80000d90 (0x0ff0000f)
core   0: 0x80000d94 (0xfc7b9ae3) bne     s7, t2, pc - 44
core   0: 3 0x80000d94 (0xfc7b9ae3)
core   0: 0x80000d98 (0x00480d33) add     s10, a6, tp
core   0: 3 0x80000d98 (0x00480d33) x26 0x0000040e
core   0: 0x80000d9c (0xffd00f93) li      t6, -3
core   0: 3 0x80000d9c (0xffd00f93) x31 0xfffffffd
core   0: 0x80000da0 (0x015b8db3) add     s11, s7, s5
core   0: 3 0x80000da0 (0x015b8db3) x27 0x00000073
core   0: 0x80000da4 (0x41acd993) srai    s3, s9, 26
core   0: 3 0x80000da4 (0x41acd993) x19 0x00000000
core   0: 0x80000da8 (0x129ff6b7) lui     a3, 0x129ff
core   0: 3 0x80000da8 (0x129ff6b7) x13 0x129ff000
core   0: 0x80000dac (0x00100a13) li      s4, 1
core   0: 3 0x80000dac (0x00100a13) x20 0x00000001
core   0: 0x80000db0 (0x002f07b3) add     a5, t5, sp
core   0: 3 0x80000db0 (0x002f07b3) x15 0x80028ce4
core   0: 0x80000db4 (0xcf880413) addi    s0, a6, -776
core   0: 3 0x80000db4 (0xcf880413) x 8 0x000002fc
core   0: 0x80000db8 (0x018831b3) sltu    gp, a6, s8
core   0: 3 0x80000db8 (0x018831b3) x 3 0x00000000
core   0: 0x80000dbc (0x01c75e13) srli    t3, a4, 28
core   0: 3 0x80000dbc (0x01c75e13) x28 0x0000000f
core   0: 0x80000dc0 (0x003f8f93) addi    t6, t6, 3
core   0: 3 0x80000dc0 (0x003f8f93) x31 0x00000000
core   0: 0x80000dc4 (0x00800393) li      t2, 8
core   0: 3 0x80000dc4 (0x00800393) x 7 0x00000008
core   0: 0x80000dc8 (0x000f80b3) add     ra, t6, zero
core   0: 3 0x80000dc8 (0x000f80b3) x 1 0x00000000
core   0: 0x80000dcc (0x0000100f) fence.i
core   0: 3 0x80000dcc (0x0000100f)
core   0: 0x80000dd0 (0x00200b93) li      s7, 2
core   0: 3 0x80000dd0 (0x00200b93) x23 0x00000002
core   0: 0x80000dd4 (0x7affc813) xori    a6, t6, 1967
core   0: 3 0x80000dd4 (0x7affc813) x16 0x000007af
core   0: 0x80000dd8 (0x6d2ffeb7) lui     t4, 0x6d2ff
core   0: 3 0x80000dd8 (0x6d2ffeb7) x29 0x6d2ff000
core   0: 0x80000ddc (0xfff38393) addi    t2, t2, -1
core   0: 3 0x80000ddc (0xfff38393) x 7 0x00000007
core   0: 0x80000de0 (0x0077db33) srl     s6, a5, t2
core   0: 3 0x80000de0 (0x0077db33) x22 0x01000519
core   0: 0x80000de4 (0x41715993) srai    s3, sp, 23
core   0: 3 0x80000de4 (0x41715993) x19 0xffffff00
core   0: 0x80000de8 (0xff73f6e3) bgeu    t2, s7, pc - 20
core   0: 3 0x80000de8 (0xff73f6e3)
core   0: 0x80000dd4 (0x7affc813) xori    a6, t6, 1967
core   0: 3 0x80000dd4 (0x7affc813) x16 0x000007af
core   0: 0x80000dd8 (0x6d2ffeb7) lui     t4, 0x6d2ff
core   0: 3 0x80000dd8 (0x6d2ffeb7) x29 0x6d2ff000
core   0: 0x80000ddc (0xfff38393) addi    t2, t2, -1
core   0: 3 0x80000ddc (0xfff38393) x 7 0x00000006
core   0: 0x80000de0 (0x0077db33) srl     s6, a5, t2
core   0: 3 0x80000de0 (0x0077db33) x22 0x02000a33
core   0: 0x80000de4 (0x41715993) srai    s3, sp, 23
core   0: 3 0x80000de4 (0x41715993) x19 0xffffff00
core   0: 0x80000de8 (0xff73f6e3) bgeu    t2, s7, pc - 20
core   0: 3 0x80000de8 (0xff73f6e3)
core   0: 0x80000dd4 (0x7affc813) xori    a6, t6, 1967
core   0: 3 0x80000dd4 (0x7affc813) x16 0x000007af
core   0: 0x80000dd8 (0x6d2ffeb7) lui     t4, 0x6d2ff
core   0: 3 0x80000dd8 (0x6d2ffeb7) x29 0x6d2ff000
core   0: 0x80000ddc (0xfff38393) addi    t2, t2, -1
core   0: 3 0x80000ddc (0xfff38393) x 7 0x00000005
core   0: 0x80000de0 (0x0077db33) srl     s6, a5, t2
core   0: 3 0x80000de0 (0x0077db33) x22 0x04001467
core   0: 0x80000de4 (0x41715993) srai    s3, sp, 23
core   0: 3 0x80000de4 (0x41715993) x19 0xffffff00
core   0: 0x80000de8 (0xff73f6e3) bgeu    t2, s7, pc - 20
core   0: 3 0x80000de8 (0xff73f6e3)
core   0: 0x80000dd4 (0x7affc813) xori    a6, t6, 1967
core   0: 3 0x80000dd4 (0x7affc813) x16 0x000007af
core   0: 0x80000dd8 (0x6d2ffeb7) lui     t4, 0x6d2ff
core   0: 3 0x80000dd8 (0x6d2ffeb7) x29 0x6d2ff000
core   0: 0x80000ddc (0xfff38393) addi    t2, t2, -1
core   0: 3 0x80000ddc (0xfff38393) x 7 0x00000004
core   0: 0x80000de0 (0x0077db33) srl     s6, a5, t2
core   0: 3 0x80000de0 (0x0077db33) x22 0x080028ce
core   0: 0x80000de4 (0x41715993) srai    s3, sp, 23
core   0: 3 0x80000de4 (0x41715993) x19 0xffffff00
core   0: 0x80000de8 (0xff73f6e3) bgeu    t2, s7, pc - 20
core   0: 3 0x80000de8 (0xff73f6e3)
core   0: 0x80000dd4 (0x7affc813) xori    a6, t6, 1967
core   0: 3 0x80000dd4 (0x7affc813) x16 0x000007af
core   0: 0x80000dd8 (0x6d2ffeb7) lui     t4, 0x6d2ff
core   0: 3 0x80000dd8 (0x6d2ffeb7) x29 0x6d2ff000
core   0: 0x80000ddc (0xfff38393) addi    t2, t2, -1
core   0: 3 0x80000ddc (0xfff38393) x 7 0x00000003
core   0: 0x80000de0 (0x0077db33) srl     s6, a5, t2
core   0: 3 0x80000de0 (0x0077db33) x22 0x1000519c
core   0: 0x80000de4 (0x41715993) srai    s3, sp, 23
core   0: 3 0x80000de4 (0x41715993) x19 0xffffff00
core   0: 0x80000de8 (0xff73f6e3) bgeu    t2, s7, pc - 20
core   0: 3 0x80000de8 (0xff73f6e3)
core   0: 0x80000dd4 (0x7affc813) xori    a6, t6, 1967
core   0: 3 0x80000dd4 (0x7affc813) x16 0x000007af
core   0: 0x80000dd8 (0x6d2ffeb7) lui     t4, 0x6d2ff
core   0: 3 0x80000dd8 (0x6d2ffeb7) x29 0x6d2ff000
core   0: 0x80000ddc (0xfff38393) addi    t2, t2, -1
core   0: 3 0x80000ddc (0xfff38393) x 7 0x00000002
core   0: 0x80000de0 (0x0077db33) srl     s6, a5, t2
core   0: 3 0x80000de0 (0x0077db33) x22 0x2000a339
core   0: 0x80000de4 (0x41715993) srai    s3, sp, 23
core   0: 3 0x80000de4 (0x41715993) x19 0xffffff00
core   0: 0x80000de8 (0xff73f6e3) bgeu    t2, s7, pc - 20
core   0: 3 0x80000de8 (0xff73f6e3)
core   0: 0x80000dd4 (0x7affc813) xori    a6, t6, 1967
core   0: 3 0x80000dd4 (0x7affc813) x16 0x000007af
core   0: 0x80000dd8 (0x6d2ffeb7) lui     t4, 0x6d2ff
core   0: 3 0x80000dd8 (0x6d2ffeb7) x29 0x6d2ff000
core   0: 0x80000ddc (0xfff38393) addi    t2, t2, -1
core   0: 3 0x80000ddc (0xfff38393) x 7 0x00000001
core   0: 0x80000de0 (0x0077db33) srl     s6, a5, t2
core   0: 3 0x80000de0 (0x0077db33) x22 0x40014672
core   0: 0x80000de4 (0x41715993) srai    s3, sp, 23
core   0: 3 0x80000de4 (0x41715993) x19 0xffffff00
core   0: 0x80000de8 (0xff73f6e3) bgeu    t2, s7, pc - 20
core   0: 3 0x80000de8 (0xff73f6e3)
core   0: 0x80000dec (0xfd4fe4e3) bltu    t6, s4, pc - 56
core   0: 3 0x80000dec (0xfd4fe4e3)
core   0: 0x80000db4 (0xcf880413) addi    s0, a6, -776
core   0: 3 0x80000db4 (0xcf880413) x 8 0x000004a7
core   0: 0x80000db8 (0x018831b3) sltu    gp, a6, s8
core   0: 3 0x80000db8 (0x018831b3) x 3 0x00000000
core   0: 0x80000dbc (0x01c75e13) srli    t3, a4, 28
core   0: 3 0x80000dbc (0x01c75e13) x28 0x0000000f
core   0: 0x80000dc0 (0x003f8f93) addi    t6, t6, 3
core   0: 3 0x80000dc0 (0x003f8f93) x31 0x00000003
core   0: 0x80000dc4 (0x00800393) li      t2, 8
core   0: 3 0x80000dc4 (0x00800393) x 7 0x00000008
core   0: 0x80000dc8 (0x000f80b3) add     ra, t6, zero
core   0: 3 0x80000dc8 (0x000f80b3) x 1 0x00000003
core   0: 0x80000dcc (0x0000100f) fence.i
core   0: 3 0x80000dcc (0x0000100f)
core   0: 0x80000dd0 (0x00200b93) li      s7, 2
core   0: 3 0x80000dd0 (0x00200b93) x23 0x00000002
core   0: 0x80000dd4 (0x7affc813) xori    a6, t6, 1967
core   0: 3 0x80000dd4 (0x7affc813) x16 0x000007ac
core   0: 0x80000dd8 (0x6d2ffeb7) lui     t4, 0x6d2ff
core   0: 3 0x80000dd8 (0x6d2ffeb7) x29 0x6d2ff000
core   0: 0x80000ddc (0xfff38393) addi    t2, t2, -1
core   0: 3 0x80000ddc (0xfff38393) x 7 0x00000007
core   0: 0x80000de0 (0x0077db33) srl     s6, a5, t2
core   0: 3 0x80000de0 (0x0077db33) x22 0x01000519
core   0: 0x80000de4 (0x41715993) srai    s3, sp, 23
core   0: 3 0x80000de4 (0x41715993) x19 0xffffff00
core   0: 0x80000de8 (0xff73f6e3) bgeu    t2, s7, pc - 20
core   0: 3 0x80000de8 (0xff73f6e3)
core   0: 0x80000dd4 (0x7affc813) xori    a6, t6, 1967
core   0: 3 0x80000dd4 (0x7affc813) x16 0x000007ac
core   0: 0x80000dd8 (0x6d2ffeb7) lui     t4, 0x6d2ff
core   0: 3 0x80000dd8 (0x6d2ffeb7) x29 0x6d2ff000
core   0: 0x80000ddc (0xfff38393) addi    t2, t2, -1
core   0: 3 0x80000ddc (0xfff38393) x 7 0x00000006
core   0: 0x80000de0 (0x0077db33) srl     s6, a5, t2
core   0: 3 0x80000de0 (0x0077db33) x22 0x02000a33
core   0: 0x80000de4 (0x41715993) srai    s3, sp, 23
core   0: 3 0x80000de4 (0x41715993) x19 0xffffff00
core   0: 0x80000de8 (0xff73f6e3) bgeu    t2, s7, pc - 20
core   0: 3 0x80000de8 (0xff73f6e3)
core   0: 0x80000dd4 (0x7affc813) xori    a6, t6, 1967
core   0: 3 0x80000dd4 (0x7affc813) x16 0x000007ac
core   0: 0x80000dd8 (0x6d2ffeb7) lui     t4, 0x6d2ff
core   0: 3 0x80000dd8 (0x6d2ffeb7) x29 0x6d2ff000
core   0: 0x80000ddc (0xfff38393) addi    t2, t2, -1
core   0: 3 0x80000ddc (0xfff38393) x 7 0x00000005
core   0: 0x80000de0 (0x0077db33) srl     s6, a5, t2
core   0: 3 0x80000de0 (0x0077db33) x22 0x04001467
core   0: 0x80000de4 (0x41715993) srai    s3, sp, 23
core   0: 3 0x80000de4 (0x41715993) x19 0xffffff00
core   0: 0x80000de8 (0xff73f6e3) bgeu    t2, s7, pc - 20
core   0: 3 0x80000de8 (0xff73f6e3)
core   0: 0x80000dd4 (0x7affc813) xori    a6, t6, 1967
core   0: 3 0x80000dd4 (0x7affc813) x16 0x000007ac
core   0: 0x80000dd8 (0x6d2ffeb7) lui     t4, 0x6d2ff
core   0: 3 0x80000dd8 (0x6d2ffeb7) x29 0x6d2ff000
core   0: 0x80000ddc (0xfff38393) addi    t2, t2, -1
core   0: 3 0x80000ddc (0xfff38393) x 7 0x00000004
core   0: 0x80000de0 (0x0077db33) srl     s6, a5, t2
core   0: 3 0x80000de0 (0x0077db33) x22 0x080028ce
core   0: 0x80000de4 (0x41715993) srai    s3, sp, 23
core   0: 3 0x80000de4 (0x41715993) x19 0xffffff00
core   0: 0x80000de8 (0xff73f6e3) bgeu    t2, s7, pc - 20
core   0: 3 0x80000de8 (0xff73f6e3)
core   0: 0x80000dd4 (0x7affc813) xori    a6, t6, 1967
core   0: 3 0x80000dd4 (0x7affc813) x16 0x000007ac
core   0: 0x80000dd8 (0x6d2ffeb7) lui     t4, 0x6d2ff
core   0: 3 0x80000dd8 (0x6d2ffeb7) x29 0x6d2ff000
core   0: 0x80000ddc (0xfff38393) addi    t2, t2, -1
core   0: 3 0x80000ddc (0xfff38393) x 7 0x00000003
core   0: 0x80000de0 (0x0077db33) srl     s6, a5, t2
core   0: 3 0x80000de0 (0x0077db33) x22 0x1000519c
core   0: 0x80000de4 (0x41715993) srai    s3, sp, 23
core   0: 3 0x80000de4 (0x41715993) x19 0xffffff00
core   0: 0x80000de8 (0xff73f6e3) bgeu    t2, s7, pc - 20
core   0: 3 0x80000de8 (0xff73f6e3)
core   0: 0x80000dd4 (0x7affc813) xori    a6, t6, 1967
core   0: 3 0x80000dd4 (0x7affc813) x16 0x000007ac
core   0: 0x80000dd8 (0x6d2ffeb7) lui     t4, 0x6d2ff
core   0: 3 0x80000dd8 (0x6d2ffeb7) x29 0x6d2ff000
core   0: 0x80000ddc (0xfff38393) addi    t2, t2, -1
core   0: 3 0x80000ddc (0xfff38393) x 7 0x00000002
core   0: 0x80000de0 (0x0077db33) srl     s6, a5, t2
core   0: 3 0x80000de0 (0x0077db33) x22 0x2000a339
core   0: 0x80000de4 (0x41715993) srai    s3, sp, 23
core   0: 3 0x80000de4 (0x41715993) x19 0xffffff00
core   0: 0x80000de8 (0xff73f6e3) bgeu    t2, s7, pc - 20
core   0: 3 0x80000de8 (0xff73f6e3)
core   0: 0x80000dd4 (0x7affc813) xori    a6, t6, 1967
core   0: 3 0x80000dd4 (0x7affc813) x16 0x000007ac
core   0: 0x80000dd8 (0x6d2ffeb7) lui     t4, 0x6d2ff
core   0: 3 0x80000dd8 (0x6d2ffeb7) x29 0x6d2ff000
core   0: 0x80000ddc (0xfff38393) addi    t2, t2, -1
core   0: 3 0x80000ddc (0xfff38393) x 7 0x00000001
core   0: 0x80000de0 (0x0077db33) srl     s6, a5, t2
core   0: 3 0x80000de0 (0x0077db33) x22 0x40014672
core   0: 0x80000de4 (0x41715993) srai    s3, sp, 23
core   0: 3 0x80000de4 (0x41715993) x19 0xffffff00
core   0: 0x80000de8 (0xff73f6e3) bgeu    t2, s7, pc - 20
core   0: 3 0x80000de8 (0xff73f6e3)
core   0: 0x80000dec (0xfd4fe4e3) bltu    t6, s4, pc - 56
core   0: 3 0x80000dec (0xfd4fe4e3)
core   0: 0x80000df0 (0x00afeab3) or      s5, t6, a0
core   0: 3 0x80000df0 (0x00afeab3) x21 0x20000003
core   0: 0x80000df4 (0x00100993) li      s3, 1
core   0: 3 0x80000df4 (0x00100993) x19 0x00000001
core   0: 0x80000df8 (0x00600093) li      ra, 6
core   0: 3 0x80000df8 (0x00600093) x 1 0x00000006
core   0: 0x80000dfc (0x000cd6b3) srl     a3, s9, zero
core   0: 3 0x80000dfc (0x000cd6b3) x13 0x00000001
core   0: 0x80000e00 (0x00f341b3) xor     gp, t1, a5
core   0: 3 0x80000e00 (0x00f341b3) x 3 0x80028ce5
core   0: 0x80000e04 (0x00398993) addi    s3, s3, 3
core   0: 3 0x80000e04 (0x00398993) x19 0x00000004
core   0: 0x80000e08 (0x01047c33) and     s8, s0, a6
core   0: 3 0x80000e08 (0x01047c33) x24 0x000004a4
core   0: 0x80000e0c (0xfe19eae3) bltu    s3, ra, pc - 12
core   0: 3 0x80000e0c (0xfe19eae3)
core   0: 0x80000e00 (0x00f341b3) xor     gp, t1, a5
core   0: 3 0x80000e00 (0x00f341b3) x 3 0x80028ce5
core   0: 0x80000e04 (0x00398993) addi    s3, s3, 3
core   0: 3 0x80000e04 (0x00398993) x19 0x00000007
core   0: 0x80000e08 (0x01047c33) and     s8, s0, a6
core   0: 3 0x80000e08 (0x01047c33) x24 0x000004a4
core   0: 0x80000e0c (0xfe19eae3) bltu    s3, ra, pc - 12
core   0: 3 0x80000e0c (0xfe19eae3)
core   0: 0x80000e10 (0x648ff913) andi    s2, t6, 1608
core   0: 3 0x80000e10 (0x648ff913) x18 0x00000000
core   0: 0x80000e14 (0x00a00c13) li      s8, 10
core   0: 3 0x80000e14 (0x00a00c13) x24 0x0000000a
core   0: 0x80000e18 (0x00600f13) li      t5, 6
core   0: 3 0x80000e18 (0x00600f13) x30 0x00000006
core   0: 0x80000e1c (0x00000013) nop
core   0: 3 0x80000e1c (0x00000013)
core   0: 0x80000e20 (0xa5848713) addi    a4, s1, -1448
core   0: 3 0x80000e20 (0xa5848713) x14 0xfffffa59
core   0: 0x80000e24 (0x2a422913) slti    s2, tp, 676
core   0: 3 0x80000e24 (0x2a422913) x18 0x00000001
core   0: 0x80000e28 (0xffbc0c13) addi    s8, s8, -5
core   0: 3 0x80000e28 (0xffbc0c13) x24 0x00000005
core   0: 0x80000e2c (0xd9820813) addi    a6, tp, -616
core   0: 3 0x80000e2c (0xd9820813) x16 0xfffffba2
core   0: 0x80000e30 (0xffec76e3) bgeu    s8, t5, pc - 20
core   0: 3 0x80000e30 (0xffec76e3)
core   0: 0x80000e34 (0x01f266b3) or      a3, tp, t6
core   0: 3 0x80000e34 (0x01f266b3) x13 0xfffffe0b
core   0: 0x80000e38 (0x00100b13) li      s6, 1
core   0: 3 0x80000e38 (0x00100b13) x22 0x00000001
core   0: 0x80000e3c (0x4164d413) srai    s0, s1, 22
core   0: 3 0x80000e3c (0x4164d413) x 8 0x00000000
core   0: 0x80000e40 (0x002f3433) sltu    s0, t5, sp
core   0: 3 0x80000e40 (0x002f3433) x 8 0x00000001
core   0: 0x80000e44 (0x01381a13) slli    s4, a6, 19
core   0: 3 0x80000e44 (0x01381a13) x20 0xdd100000
core   0: 0x80000e48 (0x40d15ab3) sra     s5, sp, a3
core   0: 3 0x80000e48 (0x40d15ab3) x21 0xfff00051
core   0: 0x80000e4c (0xfed00313) li      t1, -19
core   0: 3 0x80000e4c (0xfed00313) x 6 0xffffffed
core   0: 0x80000e50 (0x00aadd93) srli    s11, s5, 10
core   0: 3 0x80000e50 (0x00aadd93) x27 0x003ffc00
core   0: 0x80000e54 (0x1b837c13) andi    s8, t1, 440
core   0: 3 0x80000e54 (0x1b837c13) x24 0x000001a8
core   0: 0x80000e58 (0x00ef0c33) add     s8, t5, a4
core   0: 3 0x80000e58 (0x00ef0c33) x24 0xfffffa5f
core   0: 0x80000e5c (0xa39fcd13) xori    s10, t6, -1479
core   0: 3 0x80000e5c (0xa39fcd13) x26 0xfffffa3a
core   0: 0x80000e60 (0x414f87b3) sub     a5, t6, s4
core   0: 3 0x80000e60 (0x414f87b3) x15 0x22f00003
core   0: 0x80000e64 (0x57a72893) slti    a7, a4, 1402
core   0: 3 0x80000e64 (0x57a72893) x17 0x00000001
core   0: 0x80000e68 (0x6a376513) ori     a0, a4, 1699
core   0: 3 0x80000e68 (0x6a376513) x10 0xfffffefb
core   0: 0x80000e6c (0x0000100f) fence.i
core   0: 3 0x80000e6c (0x0000100f)
core   0: 0x80000e70 (0x40c684b3) sub     s1, a3, a2
core   0: 3 0x80000e70 (0x40c684b3) x 9 0x7ffdafa7
core   0: 0x80000e74 (0x0117d933) srl     s2, a5, a7
core   0: 3 0x80000e74 (0x0117d933) x18 0x11780001
core   0: 0x80000e78 (0xfffb0b13) addi    s6, s6, -1
core   0: 3 0x80000e78 (0xfffb0b13) x22 0x00000000
core   0: 0x80000e7c (0x01573e33) sltu    t3, a4, s5
core   0: 3 0x80000e7c (0x01573e33) x28 0x00000000
core   0: 0x80000e80 (0x1547c013) xori    zero, a5, 340
core   0: 3 0x80000e80 (0x1547c013)
core   0: 0x80000e84 (0x40285733) sra     a4, a6, sp
core   0: 3 0x80000e84 (0x40285733) x14 0xffffffba
core   0: 0x80000e88 (0x01420d33) add     s10, tp, s4
core   0: 3 0x80000e88 (0x01420d33) x26 0xdd0ffe0a
core   0: 0x80000e8c (0x99e76f13) ori     t5, a4, -1634
core   0: 3 0x80000e8c (0x99e76f13) x30 0xffffffbe
core   0: 0x80000e90 (0x000d91b3) sll     gp, s11, zero
core   0: 3 0x80000e90 (0x000d91b3) x 3 0x003ffc00
core   0: 0x80000e94 (0xfc6b10e3) bne     s6, t1, pc - 64
core   0: 3 0x80000e94 (0xfc6b10e3)
core   0: 0x80000e54 (0x1b837c13) andi    s8, t1, 440
core   0: 3 0x80000e54 (0x1b837c13) x24 0x000001a8
core   0: 0x80000e58 (0x00ef0c33) add     s8, t5, a4
core   0: 3 0x80000e58 (0x00ef0c33) x24 0xffffff78
core   0: 0x80000e5c (0xa39fcd13) xori    s10, t6, -1479
core   0: 3 0x80000e5c (0xa39fcd13) x26 0xfffffa3a
core   0: 0x80000e60 (0x414f87b3) sub     a5, t6, s4
core   0: 3 0x80000e60 (0x414f87b3) x15 0x22f00003
core   0: 0x80000e64 (0x57a72893) slti    a7, a4, 1402
core   0: 3 0x80000e64 (0x57a72893) x17 0x00000001
core   0: 0x80000e68 (0x6a376513) ori     a0, a4, 1699
core   0: 3 0x80000e68 (0x6a376513) x10 0xffffffbb
core   0: 0x80000e6c (0x0000100f) fence.i
core   0: 3 0x80000e6c (0x0000100f)
core   0: 0x80000e70 (0x40c684b3) sub     s1, a3, a2
core   0: 3 0x80000e70 (0x40c684b3) x 9 0x7ffdafa7
core   0: 0x80000e74 (0x0117d933) srl     s2, a5, a7
core   0: 3 0x80000e74 (0x0117d933) x18 0x11780001
core   0: 0x80000e78 (0xfffb0b13) addi    s6, s6, -1
core   0: 3 0x80000e78 (0xfffb0b13) x22 0xffffffff
core   0: 0x80000e7c (0x01573e33) sltu    t3, a4, s5
core   0: 3 0x80000e7c (0x01573e33) x28 0x00000000
core   0: 0x80000e80 (0x1547c013) xori    zero, a5, 340
core   0: 3 0x80000e80 (0x1547c013)
core   0: 0x80000e84 (0x40285733) sra     a4, a6, sp
core   0: 3 0x80000e84 (0x40285733) x14 0xffffffba
core   0: 0x80000e88 (0x01420d33) add     s10, tp, s4
core   0: 3 0x80000e88 (0x01420d33) x26 0xdd0ffe0a
core   0: 0x80000e8c (0x99e76f13) ori     t5, a4, -1634
core   0: 3 0x80000e8c (0x99e76f13) x30 0xffffffbe
core   0: 0x80000e90 (0x000d91b3) sll     gp, s11, zero
core   0: 3 0x80000e90 (0x000d91b3) x 3 0x003ffc00
core   0: 0x80000e94 (0xfc6b10e3) bne     s6, t1, pc - 64
core   0: 3 0x80000e94 (0xfc6b10e3)
core   0: 0x80000e54 (0x1b837c13) andi    s8, t1, 440
core   0: 3 0x80000e54 (0x1b837c13) x24 0x000001a8
core   0: 0x80000e58 (0x00ef0c33) add     s8, t5, a4
core   0: 3 0x80000e58 (0x00ef0c33) x24 0xffffff78
core   0: 0x80000e5c (0xa39fcd13) xori    s10, t6, -1479
core   0: 3 0x80000e5c (0xa39fcd13) x26 0xfffffa3a
core   0: 0x80000e60 (0x414f87b3) sub     a5, t6, s4
core   0: 3 0x80000e60 (0x414f87b3) x15 0x22f00003
core   0: 0x80000e64 (0x57a72893) slti    a7, a4, 1402
core   0: 3 0x80000e64 (0x57a72893) x17 0x00000001
core   0: 0x80000e68 (0x6a376513) ori     a0, a4, 1699
core   0: 3 0x80000e68 (0x6a376513) x10 0xffffffbb
core   0: 0x80000e6c (0x0000100f) fence.i
core   0: 3 0x80000e6c (0x0000100f)
core   0: 0x80000e70 (0x40c684b3) sub     s1, a3, a2
core   0: 3 0x80000e70 (0x40c684b3) x 9 0x7ffdafa7
core   0: 0x80000e74 (0x0117d933) srl     s2, a5, a7
core   0: 3 0x80000e74 (0x0117d933) x18 0x11780001
core   0: 0x80000e78 (0xfffb0b13) addi    s6, s6, -1
core   0: 3 0x80000e78 (0xfffb0b13) x22 0xfffffffe
core   0: 0x80000e7c (0x01573e33) sltu    t3, a4, s5
core   0: 3 0x80000e7c (0x01573e33) x28 0x00000000
core   0: 0x80000e80 (0x1547c013) xori    zero, a5, 340
core   0: 3 0x80000e80 (0x1547c013)
core   0: 0x80000e84 (0x40285733) sra     a4, a6, sp
core   0: 3 0x80000e84 (0x40285733) x14 0xffffffba
core   0: 0x80000e88 (0x01420d33) add     s10, tp, s4
core   0: 3 0x80000e88 (0x01420d33) x26 0xdd0ffe0a
core   0: 0x80000e8c (0x99e76f13) ori     t5, a4, -1634
core   0: 3 0x80000e8c (0x99e76f13) x30 0xffffffbe
core   0: 0x80000e90 (0x000d91b3) sll     gp, s11, zero
core   0: 3 0x80000e90 (0x000d91b3) x 3 0x003ffc00
core   0: 0x80000e94 (0xfc6b10e3) bne     s6, t1, pc - 64
core   0: 3 0x80000e94 (0xfc6b10e3)
core   0: 0x80000e54 (0x1b837c13) andi    s8, t1, 440
core   0: 3 0x80000e54 (0x1b837c13) x24 0x000001a8
core   0: 0x80000e58 (0x00ef0c33) add     s8, t5, a4
core   0: 3 0x80000e58 (0x00ef0c33) x24 0xffffff78
core   0: 0x80000e5c (0xa39fcd13) xori    s10, t6, -1479
core   0: 3 0x80000e5c (0xa39fcd13) x26 0xfffffa3a
core   0: 0x80000e60 (0x414f87b3) sub     a5, t6, s4
core   0: 3 0x80000e60 (0x414f87b3) x15 0x22f00003
core   0: 0x80000e64 (0x57a72893) slti    a7, a4, 1402
core   0: 3 0x80000e64 (0x57a72893) x17 0x00000001
core   0: 0x80000e68 (0x6a376513) ori     a0, a4, 1699
core   0: 3 0x80000e68 (0x6a376513) x10 0xffffffbb
core   0: 0x80000e6c (0x0000100f) fence.i
core   0: 3 0x80000e6c (0x0000100f)
core   0: 0x80000e70 (0x40c684b3) sub     s1, a3, a2
core   0: 3 0x80000e70 (0x40c684b3) x 9 0x7ffdafa7
core   0: 0x80000e74 (0x0117d933) srl     s2, a5, a7
core   0: 3 0x80000e74 (0x0117d933) x18 0x11780001
core   0: 0x80000e78 (0xfffb0b13) addi    s6, s6, -1
core   0: 3 0x80000e78 (0xfffb0b13) x22 0xfffffffd
core   0: 0x80000e7c (0x01573e33) sltu    t3, a4, s5
core   0: 3 0x80000e7c (0x01573e33) x28 0x00000000
core   0: 0x80000e80 (0x1547c013) xori    zero, a5, 340
core   0: 3 0x80000e80 (0x1547c013)
core   0: 0x80000e84 (0x40285733) sra     a4, a6, sp
core   0: 3 0x80000e84 (0x40285733) x14 0xffffffba
core   0: 0x80000e88 (0x01420d33) add     s10, tp, s4
core   0: 3 0x80000e88 (0x01420d33) x26 0xdd0ffe0a
core   0: 0x80000e8c (0x99e76f13) ori     t5, a4, -1634
core   0: 3 0x80000e8c (0x99e76f13) x30 0xffffffbe
core   0: 0x80000e90 (0x000d91b3) sll     gp, s11, zero
core   0: 3 0x80000e90 (0x000d91b3) x 3 0x003ffc00
core   0: 0x80000e94 (0xfc6b10e3) bne     s6, t1, pc - 64
core   0: 3 0x80000e94 (0xfc6b10e3)
core   0: 0x80000e54 (0x1b837c13) andi    s8, t1, 440
core   0: 3 0x80000e54 (0x1b837c13) x24 0x000001a8
core   0: 0x80000e58 (0x00ef0c33) add     s8, t5, a4
core   0: 3 0x80000e58 (0x00ef0c33) x24 0xffffff78
core   0: 0x80000e5c (0xa39fcd13) xori    s10, t6, -1479
core   0: 3 0x80000e5c (0xa39fcd13) x26 0xfffffa3a
core   0: 0x80000e60 (0x414f87b3) sub     a5, t6, s4
core   0: 3 0x80000e60 (0x414f87b3) x15 0x22f00003
core   0: 0x80000e64 (0x57a72893) slti    a7, a4, 1402
core   0: 3 0x80000e64 (0x57a72893) x17 0x00000001
core   0: 0x80000e68 (0x6a376513) ori     a0, a4, 1699
core   0: 3 0x80000e68 (0x6a376513) x10 0xffffffbb
core   0: 0x80000e6c (0x0000100f) fence.i
core   0: 3 0x80000e6c (0x0000100f)
core   0: 0x80000e70 (0x40c684b3) sub     s1, a3, a2
core   0: 3 0x80000e70 (0x40c684b3) x 9 0x7ffdafa7
core   0: 0x80000e74 (0x0117d933) srl     s2, a5, a7
core   0: 3 0x80000e74 (0x0117d933) x18 0x11780001
core   0: 0x80000e78 (0xfffb0b13) addi    s6, s6, -1
core   0: 3 0x80000e78 (0xfffb0b13) x22 0xfffffffc
core   0: 0x80000e7c (0x01573e33) sltu    t3, a4, s5
core   0: 3 0x80000e7c (0x01573e33) x28 0x00000000
core   0: 0x80000e80 (0x1547c013) xori    zero, a5, 340
core   0: 3 0x80000e80 (0x1547c013)
core   0: 0x80000e84 (0x40285733) sra     a4, a6, sp
core   0: 3 0x80000e84 (0x40285733) x14 0xffffffba
core   0: 0x80000e88 (0x01420d33) add     s10, tp, s4
core   0: 3 0x80000e88 (0x01420d33) x26 0xdd0ffe0a
core   0: 0x80000e8c (0x99e76f13) ori     t5, a4, -1634
core   0: 3 0x80000e8c (0x99e76f13) x30 0xffffffbe
core   0: 0x80000e90 (0x000d91b3) sll     gp, s11, zero
core   0: 3 0x80000e90 (0x000d91b3) x 3 0x003ffc00
core   0: 0x80000e94 (0xfc6b10e3) bne     s6, t1, pc - 64
core   0: 3 0x80000e94 (0xfc6b10e3)
core   0: 0x80000e54 (0x1b837c13) andi    s8, t1, 440
core   0: 3 0x80000e54 (0x1b837c13) x24 0x000001a8
core   0: 0x80000e58 (0x00ef0c33) add     s8, t5, a4
core   0: 3 0x80000e58 (0x00ef0c33) x24 0xffffff78
core   0: 0x80000e5c (0xa39fcd13) xori    s10, t6, -1479
core   0: 3 0x80000e5c (0xa39fcd13) x26 0xfffffa3a
core   0: 0x80000e60 (0x414f87b3) sub     a5, t6, s4
core   0: 3 0x80000e60 (0x414f87b3) x15 0x22f00003
core   0: 0x80000e64 (0x57a72893) slti    a7, a4, 1402
core   0: 3 0x80000e64 (0x57a72893) x17 0x00000001
core   0: 0x80000e68 (0x6a376513) ori     a0, a4, 1699
core   0: 3 0x80000e68 (0x6a376513) x10 0xffffffbb
core   0: 0x80000e6c (0x0000100f) fence.i
core   0: 3 0x80000e6c (0x0000100f)
core   0: 0x80000e70 (0x40c684b3) sub     s1, a3, a2
core   0: 3 0x80000e70 (0x40c684b3) x 9 0x7ffdafa7
core   0: 0x80000e74 (0x0117d933) srl     s2, a5, a7
core   0: 3 0x80000e74 (0x0117d933) x18 0x11780001
core   0: 0x80000e78 (0xfffb0b13) addi    s6, s6, -1
core   0: 3 0x80000e78 (0xfffb0b13) x22 0xfffffffb
core   0: 0x80000e7c (0x01573e33) sltu    t3, a4, s5
core   0: 3 0x80000e7c (0x01573e33) x28 0x00000000
core   0: 0x80000e80 (0x1547c013) xori    zero, a5, 340
core   0: 3 0x80000e80 (0x1547c013)
core   0: 0x80000e84 (0x40285733) sra     a4, a6, sp
core   0: 3 0x80000e84 (0x40285733) x14 0xffffffba
core   0: 0x80000e88 (0x01420d33) add     s10, tp, s4
core   0: 3 0x80000e88 (0x01420d33) x26 0xdd0ffe0a
core   0: 0x80000e8c (0x99e76f13) ori     t5, a4, -1634
core   0: 3 0x80000e8c (0x99e76f13) x30 0xffffffbe
core   0: 0x80000e90 (0x000d91b3) sll     gp, s11, zero
core   0: 3 0x80000e90 (0x000d91b3) x 3 0x003ffc00
core   0: 0x80000e94 (0xfc6b10e3) bne     s6, t1, pc - 64
core   0: 3 0x80000e94 (0xfc6b10e3)
core   0: 0x80000e54 (0x1b837c13) andi    s8, t1, 440
core   0: 3 0x80000e54 (0x1b837c13) x24 0x000001a8
core   0: 0x80000e58 (0x00ef0c33) add     s8, t5, a4
core   0: 3 0x80000e58 (0x00ef0c33) x24 0xffffff78
core   0: 0x80000e5c (0xa39fcd13) xori    s10, t6, -1479
core   0: 3 0x80000e5c (0xa39fcd13) x26 0xfffffa3a
core   0: 0x80000e60 (0x414f87b3) sub     a5, t6, s4
core   0: 3 0x80000e60 (0x414f87b3) x15 0x22f00003
core   0: 0x80000e64 (0x57a72893) slti    a7, a4, 1402
core   0: 3 0x80000e64 (0x57a72893) x17 0x00000001
core   0: 0x80000e68 (0x6a376513) ori     a0, a4, 1699
core   0: 3 0x80000e68 (0x6a376513) x10 0xffffffbb
core   0: 0x80000e6c (0x0000100f) fence.i
core   0: 3 0x80000e6c (0x0000100f)
core   0: 0x80000e70 (0x40c684b3) sub     s1, a3, a2
core   0: 3 0x80000e70 (0x40c684b3) x 9 0x7ffdafa7
core   0: 0x80000e74 (0x0117d933) srl     s2, a5, a7
core   0: 3 0x80000e74 (0x0117d933) x18 0x11780001
core   0: 0x80000e78 (0xfffb0b13) addi    s6, s6, -1
core   0: 3 0x80000e78 (0xfffb0b13) x22 0xfffffffa
core   0: 0x80000e7c (0x01573e33) sltu    t3, a4, s5
core   0: 3 0x80000e7c (0x01573e33) x28 0x00000000
core   0: 0x80000e80 (0x1547c013) xori    zero, a5, 340
core   0: 3 0x80000e80 (0x1547c013)
core   0: 0x80000e84 (0x40285733) sra     a4, a6, sp
core   0: 3 0x80000e84 (0x40285733) x14 0xffffffba
core   0: 0x80000e88 (0x01420d33) add     s10, tp, s4
core   0: 3 0x80000e88 (0x01420d33) x26 0xdd0ffe0a
core   0: 0x80000e8c (0x99e76f13) ori     t5, a4, -1634
core   0: 3 0x80000e8c (0x99e76f13) x30 0xffffffbe
core   0: 0x80000e90 (0x000d91b3) sll     gp, s11, zero
core   0: 3 0x80000e90 (0x000d91b3) x 3 0x003ffc00
core   0: 0x80000e94 (0xfc6b10e3) bne     s6, t1, pc - 64
core   0: 3 0x80000e94 (0xfc6b10e3)
core   0: 0x80000e54 (0x1b837c13) andi    s8, t1, 440
core   0: 3 0x80000e54 (0x1b837c13) x24 0x000001a8
core   0: 0x80000e58 (0x00ef0c33) add     s8, t5, a4
core   0: 3 0x80000e58 (0x00ef0c33) x24 0xffffff78
core   0: 0x80000e5c (0xa39fcd13) xori    s10, t6, -1479
core   0: 3 0x80000e5c (0xa39fcd13) x26 0xfffffa3a
core   0: 0x80000e60 (0x414f87b3) sub     a5, t6, s4
core   0: 3 0x80000e60 (0x414f87b3) x15 0x22f00003
core   0: 0x80000e64 (0x57a72893) slti    a7, a4, 1402
core   0: 3 0x80000e64 (0x57a72893) x17 0x00000001
core   0: 0x80000e68 (0x6a376513) ori     a0, a4, 1699
core   0: 3 0x80000e68 (0x6a376513) x10 0xffffffbb
core   0: 0x80000e6c (0x0000100f) fence.i
core   0: 3 0x80000e6c (0x0000100f)
core   0: 0x80000e70 (0x40c684b3) sub     s1, a3, a2
core   0: 3 0x80000e70 (0x40c684b3) x 9 0x7ffdafa7
core   0: 0x80000e74 (0x0117d933) srl     s2, a5, a7
core   0: 3 0x80000e74 (0x0117d933) x18 0x11780001
core   0: 0x80000e78 (0xfffb0b13) addi    s6, s6, -1
core   0: 3 0x80000e78 (0xfffb0b13) x22 0xfffffff9
core   0: 0x80000e7c (0x01573e33) sltu    t3, a4, s5
core   0: 3 0x80000e7c (0x01573e33) x28 0x00000000
core   0: 0x80000e80 (0x1547c013) xori    zero, a5, 340
core   0: 3 0x80000e80 (0x1547c013)
core   0: 0x80000e84 (0x40285733) sra     a4, a6, sp
core   0: 3 0x80000e84 (0x40285733) x14 0xffffffba
core   0: 0x80000e88 (0x01420d33) add     s10, tp, s4
core   0: 3 0x80000e88 (0x01420d33) x26 0xdd0ffe0a
core   0: 0x80000e8c (0x99e76f13) ori     t5, a4, -1634
core   0: 3 0x80000e8c (0x99e76f13) x30 0xffffffbe
core   0: 0x80000e90 (0x000d91b3) sll     gp, s11, zero
core   0: 3 0x80000e90 (0x000d91b3) x 3 0x003ffc00
core   0: 0x80000e94 (0xfc6b10e3) bne     s6, t1, pc - 64
core   0: 3 0x80000e94 (0xfc6b10e3)
core   0: 0x80000e54 (0x1b837c13) andi    s8, t1, 440
core   0: 3 0x80000e54 (0x1b837c13) x24 0x000001a8
core   0: 0x80000e58 (0x00ef0c33) add     s8, t5, a4
core   0: 3 0x80000e58 (0x00ef0c33) x24 0xffffff78
core   0: 0x80000e5c (0xa39fcd13) xori    s10, t6, -1479
core   0: 3 0x80000e5c (0xa39fcd13) x26 0xfffffa3a
core   0: 0x80000e60 (0x414f87b3) sub     a5, t6, s4
core   0: 3 0x80000e60 (0x414f87b3) x15 0x22f00003
core   0: 0x80000e64 (0x57a72893) slti    a7, a4, 1402
core   0: 3 0x80000e64 (0x57a72893) x17 0x00000001
core   0: 0x80000e68 (0x6a376513) ori     a0, a4, 1699
core   0: 3 0x80000e68 (0x6a376513) x10 0xffffffbb
core   0: 0x80000e6c (0x0000100f) fence.i
core   0: 3 0x80000e6c (0x0000100f)
core   0: 0x80000e70 (0x40c684b3) sub     s1, a3, a2
core   0: 3 0x80000e70 (0x40c684b3) x 9 0x7ffdafa7
core   0: 0x80000e74 (0x0117d933) srl     s2, a5, a7
core   0: 3 0x80000e74 (0x0117d933) x18 0x11780001
core   0: 0x80000e78 (0xfffb0b13) addi    s6, s6, -1
core   0: 3 0x80000e78 (0xfffb0b13) x22 0xfffffff8
core   0: 0x80000e7c (0x01573e33) sltu    t3, a4, s5
core   0: 3 0x80000e7c (0x01573e33) x28 0x00000000
core   0: 0x80000e80 (0x1547c013) xori    zero, a5, 340
core   0: 3 0x80000e80 (0x1547c013)
core   0: 0x80000e84 (0x40285733) sra     a4, a6, sp
core   0: 3 0x80000e84 (0x40285733) x14 0xffffffba
core   0: 0x80000e88 (0x01420d33) add     s10, tp, s4
core   0: 3 0x80000e88 (0x01420d33) x26 0xdd0ffe0a
core   0: 0x80000e8c (0x99e76f13) ori     t5, a4, -1634
core   0: 3 0x80000e8c (0x99e76f13) x30 0xffffffbe
core   0: 0x80000e90 (0x000d91b3) sll     gp, s11, zero
core   0: 3 0x80000e90 (0x000d91b3) x 3 0x003ffc00
core   0: 0x80000e94 (0xfc6b10e3) bne     s6, t1, pc - 64
core   0: 3 0x80000e94 (0xfc6b10e3)
core   0: 0x80000e54 (0x1b837c13) andi    s8, t1, 440
core   0: 3 0x80000e54 (0x1b837c13) x24 0x000001a8
core   0: 0x80000e58 (0x00ef0c33) add     s8, t5, a4
core   0: 3 0x80000e58 (0x00ef0c33) x24 0xffffff78
core   0: 0x80000e5c (0xa39fcd13) xori    s10, t6, -1479
core   0: 3 0x80000e5c (0xa39fcd13) x26 0xfffffa3a
core   0: 0x80000e60 (0x414f87b3) sub     a5, t6, s4
core   0: 3 0x80000e60 (0x414f87b3) x15 0x22f00003
core   0: 0x80000e64 (0x57a72893) slti    a7, a4, 1402
core   0: 3 0x80000e64 (0x57a72893) x17 0x00000001
core   0: 0x80000e68 (0x6a376513) ori     a0, a4, 1699
core   0: 3 0x80000e68 (0x6a376513) x10 0xffffffbb
core   0: 0x80000e6c (0x0000100f) fence.i
core   0: 3 0x80000e6c (0x0000100f)
core   0: 0x80000e70 (0x40c684b3) sub     s1, a3, a2
core   0: 3 0x80000e70 (0x40c684b3) x 9 0x7ffdafa7
core   0: 0x80000e74 (0x0117d933) srl     s2, a5, a7
core   0: 3 0x80000e74 (0x0117d933) x18 0x11780001
core   0: 0x80000e78 (0xfffb0b13) addi    s6, s6, -1
core   0: 3 0x80000e78 (0xfffb0b13) x22 0xfffffff7
core   0: 0x80000e7c (0x01573e33) sltu    t3, a4, s5
core   0: 3 0x80000e7c (0x01573e33) x28 0x00000000
core   0: 0x80000e80 (0x1547c013) xori    zero, a5, 340
core   0: 3 0x80000e80 (0x1547c013)
core   0: 0x80000e84 (0x40285733) sra     a4, a6, sp
core   0: 3 0x80000e84 (0x40285733) x14 0xffffffba
core   0: 0x80000e88 (0x01420d33) add     s10, tp, s4
core   0: 3 0x80000e88 (0x01420d33) x26 0xdd0ffe0a
core   0: 0x80000e8c (0x99e76f13) ori     t5, a4, -1634
core   0: 3 0x80000e8c (0x99e76f13) x30 0xffffffbe
core   0: 0x80000e90 (0x000d91b3) sll     gp, s11, zero
core   0: 3 0x80000e90 (0x000d91b3) x 3 0x003ffc00
core   0: 0x80000e94 (0xfc6b10e3) bne     s6, t1, pc - 64
core   0: 3 0x80000e94 (0xfc6b10e3)
core   0: 0x80000e54 (0x1b837c13) andi    s8, t1, 440
core   0: 3 0x80000e54 (0x1b837c13) x24 0x000001a8
core   0: 0x80000e58 (0x00ef0c33) add     s8, t5, a4
core   0: 3 0x80000e58 (0x00ef0c33) x24 0xffffff78
core   0: 0x80000e5c (0xa39fcd13) xori    s10, t6, -1479
core   0: 3 0x80000e5c (0xa39fcd13) x26 0xfffffa3a
core   0: 0x80000e60 (0x414f87b3) sub     a5, t6, s4
core   0: 3 0x80000e60 (0x414f87b3) x15 0x22f00003
core   0: 0x80000e64 (0x57a72893) slti    a7, a4, 1402
core   0: 3 0x80000e64 (0x57a72893) x17 0x00000001
core   0: 0x80000e68 (0x6a376513) ori     a0, a4, 1699
core   0: 3 0x80000e68 (0x6a376513) x10 0xffffffbb
core   0: 0x80000e6c (0x0000100f) fence.i
core   0: 3 0x80000e6c (0x0000100f)
core   0: 0x80000e70 (0x40c684b3) sub     s1, a3, a2
core   0: 3 0x80000e70 (0x40c684b3) x 9 0x7ffdafa7
core   0: 0x80000e74 (0x0117d933) srl     s2, a5, a7
core   0: 3 0x80000e74 (0x0117d933) x18 0x11780001
core   0: 0x80000e78 (0xfffb0b13) addi    s6, s6, -1
core   0: 3 0x80000e78 (0xfffb0b13) x22 0xfffffff6
core   0: 0x80000e7c (0x01573e33) sltu    t3, a4, s5
core   0: 3 0x80000e7c (0x01573e33) x28 0x00000000
core   0: 0x80000e80 (0x1547c013) xori    zero, a5, 340
core   0: 3 0x80000e80 (0x1547c013)
core   0: 0x80000e84 (0x40285733) sra     a4, a6, sp
core   0: 3 0x80000e84 (0x40285733) x14 0xffffffba
core   0: 0x80000e88 (0x01420d33) add     s10, tp, s4
core   0: 3 0x80000e88 (0x01420d33) x26 0xdd0ffe0a
core   0: 0x80000e8c (0x99e76f13) ori     t5, a4, -1634
core   0: 3 0x80000e8c (0x99e76f13) x30 0xffffffbe
core   0: 0x80000e90 (0x000d91b3) sll     gp, s11, zero
core   0: 3 0x80000e90 (0x000d91b3) x 3 0x003ffc00
core   0: 0x80000e94 (0xfc6b10e3) bne     s6, t1, pc - 64
core   0: 3 0x80000e94 (0xfc6b10e3)
core   0: 0x80000e54 (0x1b837c13) andi    s8, t1, 440
core   0: 3 0x80000e54 (0x1b837c13) x24 0x000001a8
core   0: 0x80000e58 (0x00ef0c33) add     s8, t5, a4
core   0: 3 0x80000e58 (0x00ef0c33) x24 0xffffff78
core   0: 0x80000e5c (0xa39fcd13) xori    s10, t6, -1479
core   0: 3 0x80000e5c (0xa39fcd13) x26 0xfffffa3a
core   0: 0x80000e60 (0x414f87b3) sub     a5, t6, s4
core   0: 3 0x80000e60 (0x414f87b3) x15 0x22f00003
core   0: 0x80000e64 (0x57a72893) slti    a7, a4, 1402
core   0: 3 0x80000e64 (0x57a72893) x17 0x00000001
core   0: 0x80000e68 (0x6a376513) ori     a0, a4, 1699
core   0: 3 0x80000e68 (0x6a376513) x10 0xffffffbb
core   0: 0x80000e6c (0x0000100f) fence.i
core   0: 3 0x80000e6c (0x0000100f)
core   0: 0x80000e70 (0x40c684b3) sub     s1, a3, a2
core   0: 3 0x80000e70 (0x40c684b3) x 9 0x7ffdafa7
core   0: 0x80000e74 (0x0117d933) srl     s2, a5, a7
core   0: 3 0x80000e74 (0x0117d933) x18 0x11780001
core   0: 0x80000e78 (0xfffb0b13) addi    s6, s6, -1
core   0: 3 0x80000e78 (0xfffb0b13) x22 0xfffffff5
core   0: 0x80000e7c (0x01573e33) sltu    t3, a4, s5
core   0: 3 0x80000e7c (0x01573e33) x28 0x00000000
core   0: 0x80000e80 (0x1547c013) xori    zero, a5, 340
core   0: 3 0x80000e80 (0x1547c013)
core   0: 0x80000e84 (0x40285733) sra     a4, a6, sp
core   0: 3 0x80000e84 (0x40285733) x14 0xffffffba
core   0: 0x80000e88 (0x01420d33) add     s10, tp, s4
core   0: 3 0x80000e88 (0x01420d33) x26 0xdd0ffe0a
core   0: 0x80000e8c (0x99e76f13) ori     t5, a4, -1634
core   0: 3 0x80000e8c (0x99e76f13) x30 0xffffffbe
core   0: 0x80000e90 (0x000d91b3) sll     gp, s11, zero
core   0: 3 0x80000e90 (0x000d91b3) x 3 0x003ffc00
core   0: 0x80000e94 (0xfc6b10e3) bne     s6, t1, pc - 64
core   0: 3 0x80000e94 (0xfc6b10e3)
core   0: 0x80000e54 (0x1b837c13) andi    s8, t1, 440
core   0: 3 0x80000e54 (0x1b837c13) x24 0x000001a8
core   0: 0x80000e58 (0x00ef0c33) add     s8, t5, a4
core   0: 3 0x80000e58 (0x00ef0c33) x24 0xffffff78
core   0: 0x80000e5c (0xa39fcd13) xori    s10, t6, -1479
core   0: 3 0x80000e5c (0xa39fcd13) x26 0xfffffa3a
core   0: 0x80000e60 (0x414f87b3) sub     a5, t6, s4
core   0: 3 0x80000e60 (0x414f87b3) x15 0x22f00003
core   0: 0x80000e64 (0x57a72893) slti    a7, a4, 1402
core   0: 3 0x80000e64 (0x57a72893) x17 0x00000001
core   0: 0x80000e68 (0x6a376513) ori     a0, a4, 1699
core   0: 3 0x80000e68 (0x6a376513) x10 0xffffffbb
core   0: 0x80000e6c (0x0000100f) fence.i
core   0: 3 0x80000e6c (0x0000100f)
core   0: 0x80000e70 (0x40c684b3) sub     s1, a3, a2
core   0: 3 0x80000e70 (0x40c684b3) x 9 0x7ffdafa7
core   0: 0x80000e74 (0x0117d933) srl     s2, a5, a7
core   0: 3 0x80000e74 (0x0117d933) x18 0x11780001
core   0: 0x80000e78 (0xfffb0b13) addi    s6, s6, -1
core   0: 3 0x80000e78 (0xfffb0b13) x22 0xfffffff4
core   0: 0x80000e7c (0x01573e33) sltu    t3, a4, s5
core   0: 3 0x80000e7c (0x01573e33) x28 0x00000000
core   0: 0x80000e80 (0x1547c013) xori    zero, a5, 340
core   0: 3 0x80000e80 (0x1547c013)
core   0: 0x80000e84 (0x40285733) sra     a4, a6, sp
core   0: 3 0x80000e84 (0x40285733) x14 0xffffffba
core   0: 0x80000e88 (0x01420d33) add     s10, tp, s4
core   0: 3 0x80000e88 (0x01420d33) x26 0xdd0ffe0a
core   0: 0x80000e8c (0x99e76f13) ori     t5, a4, -1634
core   0: 3 0x80000e8c (0x99e76f13) x30 0xffffffbe
core   0: 0x80000e90 (0x000d91b3) sll     gp, s11, zero
core   0: 3 0x80000e90 (0x000d91b3) x 3 0x003ffc00
core   0: 0x80000e94 (0xfc6b10e3) bne     s6, t1, pc - 64
core   0: 3 0x80000e94 (0xfc6b10e3)
core   0: 0x80000e54 (0x1b837c13) andi    s8, t1, 440
core   0: 3 0x80000e54 (0x1b837c13) x24 0x000001a8
core   0: 0x80000e58 (0x00ef0c33) add     s8, t5, a4
core   0: 3 0x80000e58 (0x00ef0c33) x24 0xffffff78
core   0: 0x80000e5c (0xa39fcd13) xori    s10, t6, -1479
core   0: 3 0x80000e5c (0xa39fcd13) x26 0xfffffa3a
core   0: 0x80000e60 (0x414f87b3) sub     a5, t6, s4
core   0: 3 0x80000e60 (0x414f87b3) x15 0x22f00003
core   0: 0x80000e64 (0x57a72893) slti    a7, a4, 1402
core   0: 3 0x80000e64 (0x57a72893) x17 0x00000001
core   0: 0x80000e68 (0x6a376513) ori     a0, a4, 1699
core   0: 3 0x80000e68 (0x6a376513) x10 0xffffffbb
core   0: 0x80000e6c (0x0000100f) fence.i
core   0: 3 0x80000e6c (0x0000100f)
core   0: 0x80000e70 (0x40c684b3) sub     s1, a3, a2
core   0: 3 0x80000e70 (0x40c684b3) x 9 0x7ffdafa7
core   0: 0x80000e74 (0x0117d933) srl     s2, a5, a7
core   0: 3 0x80000e74 (0x0117d933) x18 0x11780001
core   0: 0x80000e78 (0xfffb0b13) addi    s6, s6, -1
core   0: 3 0x80000e78 (0xfffb0b13) x22 0xfffffff3
core   0: 0x80000e7c (0x01573e33) sltu    t3, a4, s5
core   0: 3 0x80000e7c (0x01573e33) x28 0x00000000
core   0: 0x80000e80 (0x1547c013) xori    zero, a5, 340
core   0: 3 0x80000e80 (0x1547c013)
core   0: 0x80000e84 (0x40285733) sra     a4, a6, sp
core   0: 3 0x80000e84 (0x40285733) x14 0xffffffba
core   0: 0x80000e88 (0x01420d33) add     s10, tp, s4
core   0: 3 0x80000e88 (0x01420d33) x26 0xdd0ffe0a
core   0: 0x80000e8c (0x99e76f13) ori     t5, a4, -1634
core   0: 3 0x80000e8c (0x99e76f13) x30 0xffffffbe
core   0: 0x80000e90 (0x000d91b3) sll     gp, s11, zero
core   0: 3 0x80000e90 (0x000d91b3) x 3 0x003ffc00
core   0: 0x80000e94 (0xfc6b10e3) bne     s6, t1, pc - 64
core   0: 3 0x80000e94 (0xfc6b10e3)
core   0: 0x80000e54 (0x1b837c13) andi    s8, t1, 440
core   0: 3 0x80000e54 (0x1b837c13) x24 0x000001a8
core   0: 0x80000e58 (0x00ef0c33) add     s8, t5, a4
core   0: 3 0x80000e58 (0x00ef0c33) x24 0xffffff78
core   0: 0x80000e5c (0xa39fcd13) xori    s10, t6, -1479
core   0: 3 0x80000e5c (0xa39fcd13) x26 0xfffffa3a
core   0: 0x80000e60 (0x414f87b3) sub     a5, t6, s4
core   0: 3 0x80000e60 (0x414f87b3) x15 0x22f00003
core   0: 0x80000e64 (0x57a72893) slti    a7, a4, 1402
core   0: 3 0x80000e64 (0x57a72893) x17 0x00000001
core   0: 0x80000e68 (0x6a376513) ori     a0, a4, 1699
core   0: 3 0x80000e68 (0x6a376513) x10 0xffffffbb
core   0: 0x80000e6c (0x0000100f) fence.i
core   0: 3 0x80000e6c (0x0000100f)
core   0: 0x80000e70 (0x40c684b3) sub     s1, a3, a2
core   0: 3 0x80000e70 (0x40c684b3) x 9 0x7ffdafa7
core   0: 0x80000e74 (0x0117d933) srl     s2, a5, a7
core   0: 3 0x80000e74 (0x0117d933) x18 0x11780001
core   0: 0x80000e78 (0xfffb0b13) addi    s6, s6, -1
core   0: 3 0x80000e78 (0xfffb0b13) x22 0xfffffff2
core   0: 0x80000e7c (0x01573e33) sltu    t3, a4, s5
core   0: 3 0x80000e7c (0x01573e33) x28 0x00000000
core   0: 0x80000e80 (0x1547c013) xori    zero, a5, 340
core   0: 3 0x80000e80 (0x1547c013)
core   0: 0x80000e84 (0x40285733) sra     a4, a6, sp
core   0: 3 0x80000e84 (0x40285733) x14 0xffffffba
core   0: 0x80000e88 (0x01420d33) add     s10, tp, s4
core   0: 3 0x80000e88 (0x01420d33) x26 0xdd0ffe0a
core   0: 0x80000e8c (0x99e76f13) ori     t5, a4, -1634
core   0: 3 0x80000e8c (0x99e76f13) x30 0xffffffbe
core   0: 0x80000e90 (0x000d91b3) sll     gp, s11, zero
core   0: 3 0x80000e90 (0x000d91b3) x 3 0x003ffc00
core   0: 0x80000e94 (0xfc6b10e3) bne     s6, t1, pc - 64
core   0: 3 0x80000e94 (0xfc6b10e3)
core   0: 0x80000e54 (0x1b837c13) andi    s8, t1, 440
core   0: 3 0x80000e54 (0x1b837c13) x24 0x000001a8
core   0: 0x80000e58 (0x00ef0c33) add     s8, t5, a4
core   0: 3 0x80000e58 (0x00ef0c33) x24 0xffffff78
core   0: 0x80000e5c (0xa39fcd13) xori    s10, t6, -1479
core   0: 3 0x80000e5c (0xa39fcd13) x26 0xfffffa3a
core   0: 0x80000e60 (0x414f87b3) sub     a5, t6, s4
core   0: 3 0x80000e60 (0x414f87b3) x15 0x22f00003
core   0: 0x80000e64 (0x57a72893) slti    a7, a4, 1402
core   0: 3 0x80000e64 (0x57a72893) x17 0x00000001
core   0: 0x80000e68 (0x6a376513) ori     a0, a4, 1699
core   0: 3 0x80000e68 (0x6a376513) x10 0xffffffbb
core   0: 0x80000e6c (0x0000100f) fence.i
core   0: 3 0x80000e6c (0x0000100f)
core   0: 0x80000e70 (0x40c684b3) sub     s1, a3, a2
core   0: 3 0x80000e70 (0x40c684b3) x 9 0x7ffdafa7
core   0: 0x80000e74 (0x0117d933) srl     s2, a5, a7
core   0: 3 0x80000e74 (0x0117d933) x18 0x11780001
core   0: 0x80000e78 (0xfffb0b13) addi    s6, s6, -1
core   0: 3 0x80000e78 (0xfffb0b13) x22 0xfffffff1
core   0: 0x80000e7c (0x01573e33) sltu    t3, a4, s5
core   0: 3 0x80000e7c (0x01573e33) x28 0x00000000
core   0: 0x80000e80 (0x1547c013) xori    zero, a5, 340
core   0: 3 0x80000e80 (0x1547c013)
core   0: 0x80000e84 (0x40285733) sra     a4, a6, sp
core   0: 3 0x80000e84 (0x40285733) x14 0xffffffba
core   0: 0x80000e88 (0x01420d33) add     s10, tp, s4
core   0: 3 0x80000e88 (0x01420d33) x26 0xdd0ffe0a
core   0: 0x80000e8c (0x99e76f13) ori     t5, a4, -1634
core   0: 3 0x80000e8c (0x99e76f13) x30 0xffffffbe
core   0: 0x80000e90 (0x000d91b3) sll     gp, s11, zero
core   0: 3 0x80000e90 (0x000d91b3) x 3 0x003ffc00
core   0: 0x80000e94 (0xfc6b10e3) bne     s6, t1, pc - 64
core   0: 3 0x80000e94 (0xfc6b10e3)
core   0: 0x80000e54 (0x1b837c13) andi    s8, t1, 440
core   0: 3 0x80000e54 (0x1b837c13) x24 0x000001a8
core   0: 0x80000e58 (0x00ef0c33) add     s8, t5, a4
core   0: 3 0x80000e58 (0x00ef0c33) x24 0xffffff78
core   0: 0x80000e5c (0xa39fcd13) xori    s10, t6, -1479
core   0: 3 0x80000e5c (0xa39fcd13) x26 0xfffffa3a
core   0: 0x80000e60 (0x414f87b3) sub     a5, t6, s4
core   0: 3 0x80000e60 (0x414f87b3) x15 0x22f00003
core   0: 0x80000e64 (0x57a72893) slti    a7, a4, 1402
core   0: 3 0x80000e64 (0x57a72893) x17 0x00000001
core   0: 0x80000e68 (0x6a376513) ori     a0, a4, 1699
core   0: 3 0x80000e68 (0x6a376513) x10 0xffffffbb
core   0: 0x80000e6c (0x0000100f) fence.i
core   0: 3 0x80000e6c (0x0000100f)
core   0: 0x80000e70 (0x40c684b3) sub     s1, a3, a2
core   0: 3 0x80000e70 (0x40c684b3) x 9 0x7ffdafa7
core   0: 0x80000e74 (0x0117d933) srl     s2, a5, a7
core   0: 3 0x80000e74 (0x0117d933) x18 0x11780001
core   0: 0x80000e78 (0xfffb0b13) addi    s6, s6, -1
core   0: 3 0x80000e78 (0xfffb0b13) x22 0xfffffff0
core   0: 0x80000e7c (0x01573e33) sltu    t3, a4, s5
core   0: 3 0x80000e7c (0x01573e33) x28 0x00000000
core   0: 0x80000e80 (0x1547c013) xori    zero, a5, 340
core   0: 3 0x80000e80 (0x1547c013)
core   0: 0x80000e84 (0x40285733) sra     a4, a6, sp
core   0: 3 0x80000e84 (0x40285733) x14 0xffffffba
core   0: 0x80000e88 (0x01420d33) add     s10, tp, s4
core   0: 3 0x80000e88 (0x01420d33) x26 0xdd0ffe0a
core   0: 0x80000e8c (0x99e76f13) ori     t5, a4, -1634
core   0: 3 0x80000e8c (0x99e76f13) x30 0xffffffbe
core   0: 0x80000e90 (0x000d91b3) sll     gp, s11, zero
core   0: 3 0x80000e90 (0x000d91b3) x 3 0x003ffc00
core   0: 0x80000e94 (0xfc6b10e3) bne     s6, t1, pc - 64
core   0: 3 0x80000e94 (0xfc6b10e3)
core   0: 0x80000e54 (0x1b837c13) andi    s8, t1, 440
core   0: 3 0x80000e54 (0x1b837c13) x24 0x000001a8
core   0: 0x80000e58 (0x00ef0c33) add     s8, t5, a4
core   0: 3 0x80000e58 (0x00ef0c33) x24 0xffffff78
core   0: 0x80000e5c (0xa39fcd13) xori    s10, t6, -1479
core   0: 3 0x80000e5c (0xa39fcd13) x26 0xfffffa3a
core   0: 0x80000e60 (0x414f87b3) sub     a5, t6, s4
core   0: 3 0x80000e60 (0x414f87b3) x15 0x22f00003
core   0: 0x80000e64 (0x57a72893) slti    a7, a4, 1402
core   0: 3 0x80000e64 (0x57a72893) x17 0x00000001
core   0: 0x80000e68 (0x6a376513) ori     a0, a4, 1699
core   0: 3 0x80000e68 (0x6a376513) x10 0xffffffbb
core   0: 0x80000e6c (0x0000100f) fence.i
core   0: 3 0x80000e6c (0x0000100f)
core   0: 0x80000e70 (0x40c684b3) sub     s1, a3, a2
core   0: 3 0x80000e70 (0x40c684b3) x 9 0x7ffdafa7
core   0: 0x80000e74 (0x0117d933) srl     s2, a5, a7
core   0: 3 0x80000e74 (0x0117d933) x18 0x11780001
core   0: 0x80000e78 (0xfffb0b13) addi    s6, s6, -1
core   0: 3 0x80000e78 (0xfffb0b13) x22 0xffffffef
core   0: 0x80000e7c (0x01573e33) sltu    t3, a4, s5
core   0: 3 0x80000e7c (0x01573e33) x28 0x00000000
core   0: 0x80000e80 (0x1547c013) xori    zero, a5, 340
core   0: 3 0x80000e80 (0x1547c013)
core   0: 0x80000e84 (0x40285733) sra     a4, a6, sp
core   0: 3 0x80000e84 (0x40285733) x14 0xffffffba
core   0: 0x80000e88 (0x01420d33) add     s10, tp, s4
core   0: 3 0x80000e88 (0x01420d33) x26 0xdd0ffe0a
core   0: 0x80000e8c (0x99e76f13) ori     t5, a4, -1634
core   0: 3 0x80000e8c (0x99e76f13) x30 0xffffffbe
core   0: 0x80000e90 (0x000d91b3) sll     gp, s11, zero
core   0: 3 0x80000e90 (0x000d91b3) x 3 0x003ffc00
core   0: 0x80000e94 (0xfc6b10e3) bne     s6, t1, pc - 64
core   0: 3 0x80000e94 (0xfc6b10e3)
core   0: 0x80000e54 (0x1b837c13) andi    s8, t1, 440
core   0: 3 0x80000e54 (0x1b837c13) x24 0x000001a8
core   0: 0x80000e58 (0x00ef0c33) add     s8, t5, a4
core   0: 3 0x80000e58 (0x00ef0c33) x24 0xffffff78
core   0: 0x80000e5c (0xa39fcd13) xori    s10, t6, -1479
core   0: 3 0x80000e5c (0xa39fcd13) x26 0xfffffa3a
core   0: 0x80000e60 (0x414f87b3) sub     a5, t6, s4
core   0: 3 0x80000e60 (0x414f87b3) x15 0x22f00003
core   0: 0x80000e64 (0x57a72893) slti    a7, a4, 1402
core   0: 3 0x80000e64 (0x57a72893) x17 0x00000001
core   0: 0x80000e68 (0x6a376513) ori     a0, a4, 1699
core   0: 3 0x80000e68 (0x6a376513) x10 0xffffffbb
core   0: 0x80000e6c (0x0000100f) fence.i
core   0: 3 0x80000e6c (0x0000100f)
core   0: 0x80000e70 (0x40c684b3) sub     s1, a3, a2
core   0: 3 0x80000e70 (0x40c684b3) x 9 0x7ffdafa7
core   0: 0x80000e74 (0x0117d933) srl     s2, a5, a7
core   0: 3 0x80000e74 (0x0117d933) x18 0x11780001
core   0: 0x80000e78 (0xfffb0b13) addi    s6, s6, -1
core   0: 3 0x80000e78 (0xfffb0b13) x22 0xffffffee
core   0: 0x80000e7c (0x01573e33) sltu    t3, a4, s5
core   0: 3 0x80000e7c (0x01573e33) x28 0x00000000
core   0: 0x80000e80 (0x1547c013) xori    zero, a5, 340
core   0: 3 0x80000e80 (0x1547c013)
core   0: 0x80000e84 (0x40285733) sra     a4, a6, sp
core   0: 3 0x80000e84 (0x40285733) x14 0xffffffba
core   0: 0x80000e88 (0x01420d33) add     s10, tp, s4
core   0: 3 0x80000e88 (0x01420d33) x26 0xdd0ffe0a
core   0: 0x80000e8c (0x99e76f13) ori     t5, a4, -1634
core   0: 3 0x80000e8c (0x99e76f13) x30 0xffffffbe
core   0: 0x80000e90 (0x000d91b3) sll     gp, s11, zero
core   0: 3 0x80000e90 (0x000d91b3) x 3 0x003ffc00
core   0: 0x80000e94 (0xfc6b10e3) bne     s6, t1, pc - 64
core   0: 3 0x80000e94 (0xfc6b10e3)
core   0: 0x80000e54 (0x1b837c13) andi    s8, t1, 440
core   0: 3 0x80000e54 (0x1b837c13) x24 0x000001a8
core   0: 0x80000e58 (0x00ef0c33) add     s8, t5, a4
core   0: 3 0x80000e58 (0x00ef0c33) x24 0xffffff78
core   0: 0x80000e5c (0xa39fcd13) xori    s10, t6, -1479
core   0: 3 0x80000e5c (0xa39fcd13) x26 0xfffffa3a
core   0: 0x80000e60 (0x414f87b3) sub     a5, t6, s4
core   0: 3 0x80000e60 (0x414f87b3) x15 0x22f00003
core   0: 0x80000e64 (0x57a72893) slti    a7, a4, 1402
core   0: 3 0x80000e64 (0x57a72893) x17 0x00000001
core   0: 0x80000e68 (0x6a376513) ori     a0, a4, 1699
core   0: 3 0x80000e68 (0x6a376513) x10 0xffffffbb
core   0: 0x80000e6c (0x0000100f) fence.i
core   0: 3 0x80000e6c (0x0000100f)
core   0: 0x80000e70 (0x40c684b3) sub     s1, a3, a2
core   0: 3 0x80000e70 (0x40c684b3) x 9 0x7ffdafa7
core   0: 0x80000e74 (0x0117d933) srl     s2, a5, a7
core   0: 3 0x80000e74 (0x0117d933) x18 0x11780001
core   0: 0x80000e78 (0xfffb0b13) addi    s6, s6, -1
core   0: 3 0x80000e78 (0xfffb0b13) x22 0xffffffed
core   0: 0x80000e7c (0x01573e33) sltu    t3, a4, s5
core   0: 3 0x80000e7c (0x01573e33) x28 0x00000000
core   0: 0x80000e80 (0x1547c013) xori    zero, a5, 340
core   0: 3 0x80000e80 (0x1547c013)
core   0: 0x80000e84 (0x40285733) sra     a4, a6, sp
core   0: 3 0x80000e84 (0x40285733) x14 0xffffffba
core   0: 0x80000e88 (0x01420d33) add     s10, tp, s4
core   0: 3 0x80000e88 (0x01420d33) x26 0xdd0ffe0a
core   0: 0x80000e8c (0x99e76f13) ori     t5, a4, -1634
core   0: 3 0x80000e8c (0x99e76f13) x30 0xffffffbe
core   0: 0x80000e90 (0x000d91b3) sll     gp, s11, zero
core   0: 3 0x80000e90 (0x000d91b3) x 3 0x003ffc00
core   0: 0x80000e94 (0xfc6b10e3) bne     s6, t1, pc - 64
core   0: 3 0x80000e94 (0xfc6b10e3)
core   0: 0x80000e98 (0x008588b3) add     a7, a1, s0
core   0: 3 0x80000e98 (0x008588b3) x17 0x80000001
core   0: 0x80000e9c (0x00000993) li      s3, 0
core   0: 3 0x80000e9c (0x00000993) x19 0x00000000
core   0: 0x80000ea0 (0x0d1ed497) auipc   s1, 0xd1ed
core   0: 3 0x80000ea0 (0x0d1ed497) x 9 0x8d1edea0
core   0: 0x80000ea4 (0x008f57b3) srl     a5, t5, s0
core   0: 3 0x80000ea4 (0x008f57b3) x15 0x7fffffdf
core   0: 0x80000ea8 (0xb61c8a93) addi    s5, s9, -1183
core   0: 3 0x80000ea8 (0xb61c8a93) x21 0xfffffb62
core   0: 0x80000eac (0x0005d893) srli    a7, a1, 0
core   0: 3 0x80000eac (0x0005d893) x17 0x80000000
core   0: 0x80000eb0 (0xa12bca13) xori    s4, s7, -1518
core   0: 3 0x80000eb0 (0xa12bca13) x20 0xfffffa10
core   0: 0x80000eb4 (0xb0795837) lui     a6, 0xb0795
core   0: 3 0x80000eb4 (0xb0795837) x16 0xb0795000
core   0: 0x80000eb8 (0x0ff0000f) fence   iorw,iorw
core   0: 3 0x80000eb8 (0x0ff0000f)
core   0: 0x80000ebc (0x37467393) andi    t2, a2, 884
core   0: 3 0x80000ebc (0x37467393) x 7 0x00000264
core   0: 0x80000ec0 (0x00ffd1b3) srl     gp, t6, a5
core   0: 3 0x80000ec0 (0x00ffd1b3) x 3 0x00000000
core   0: 0x80000ec4 (0x417b03b3) sub     t2, s6, s7
core   0: 3 0x80000ec4 (0x417b03b3) x 7 0xffffffeb
core   0: 0x80000ec8 (0xff200c13) li      s8, -14
core   0: 3 0x80000ec8 (0xff200c13) x24 0xfffffff2
core   0: 0x80000ecc (0x01c5b1b3) sltu    gp, a1, t3
core   0: 3 0x80000ecc (0x01c5b1b3) x 3 0x00000000
core   0: 0x80000ed0 (0x346def93) ori     t6, s11, 838
core   0: 3 0x80000ed0 (0x346def93) x31 0x003fff46
core   0: 0x80000ed4 (0xffa98993) addi    s3, s3, -6
core   0: 3 0x80000ed4 (0xffa98993) x19 0xfffffffa
core   0: 0x80000ed8 (0x0e3fde17) auipc   t3, 0xe3fd
core   0: 3 0x80000ed8 (0x0e3fde17) x28 0x8e3fded8
core   0: 0x80000edc (0x66339197) auipc   gp, 0x66339
core   0: 3 0x80000edc (0x66339197) x 3 0xe6339edc
core   0: 0x80000ee0 (0xa28ef4b7) lui     s1, 0xa28ef
core   0: 3 0x80000ee0 (0xa28ef4b7) x 9 0xa28ef000
core   0: 0x80000ee4 (0xff89d6e3) bge     s3, s8, pc - 20
core   0: 3 0x80000ee4 (0xff89d6e3)
core   0: 0x80000ed0 (0x346def93) ori     t6, s11, 838
core   0: 3 0x80000ed0 (0x346def93) x31 0x003fff46
core   0: 0x80000ed4 (0xffa98993) addi    s3, s3, -6
core   0: 3 0x80000ed4 (0xffa98993) x19 0xfffffff4
core   0: 0x80000ed8 (0x0e3fde17) auipc   t3, 0xe3fd
core   0: 3 0x80000ed8 (0x0e3fde17) x28 0x8e3fded8
core   0: 0x80000edc (0x66339197) auipc   gp, 0x66339
core   0: 3 0x80000edc (0x66339197) x 3 0xe6339edc
core   0: 0x80000ee0 (0xa28ef4b7) lui     s1, 0xa28ef
core   0: 3 0x80000ee0 (0xa28ef4b7) x 9 0xa28ef000
core   0: 0x80000ee4 (0xff89d6e3) bge     s3, s8, pc - 20
core   0: 3 0x80000ee4 (0xff89d6e3)
core   0: 0x80000ed0 (0x346def93) ori     t6, s11, 838
core   0: 3 0x80000ed0 (0x346def93) x31 0x003fff46
core   0: 0x80000ed4 (0xffa98993) addi    s3, s3, -6
core   0: 3 0x80000ed4 (0xffa98993) x19 0xffffffee
core   0: 0x80000ed8 (0x0e3fde17) auipc   t3, 0xe3fd
core   0: 3 0x80000ed8 (0x0e3fde17) x28 0x8e3fded8
core   0: 0x80000edc (0x66339197) auipc   gp, 0x66339
core   0: 3 0x80000edc (0x66339197) x 3 0xe6339edc
core   0: 0x80000ee0 (0xa28ef4b7) lui     s1, 0xa28ef
core   0: 3 0x80000ee0 (0xa28ef4b7) x 9 0xa28ef000
core   0: 0x80000ee4 (0xff89d6e3) bge     s3, s8, pc - 20
core   0: 3 0x80000ee4 (0xff89d6e3)
core   0: 0x80000ee8 (0x00055f13) srli    t5, a0, 0
core   0: 3 0x80000ee8 (0x00055f13) x30 0xffffffbb
core   0: 0x80000eec (0x00400293) li      t0, 4
core   0: 3 0x80000eec (0x00400293) x 5 0x00000004
core   0: 0x80000ef0 (0x4136db13) srai    s6, a3, 19
core   0: 3 0x80000ef0 (0x4136db13) x22 0xffffffff
core   0: 0x80000ef4 (0x001b2fb3) slt     t6, s6, ra
core   0: 3 0x80000ef4 (0x001b2fb3) x31 0x00000001
core   0: 0x80000ef8 (0x33c06313) ori     t1, zero, 828
core   0: 3 0x80000ef8 (0x33c06313) x 6 0x0000033c
core   0: 0x80000efc (0x0060d513) srli    a0, ra, 6
core   0: 3 0x80000efc (0x0060d513) x10 0x00000000
core   0: 0x80000f00 (0x00000013) nop
core   0: 3 0x80000f00 (0x00000013)
core   0: 0x80000f04 (0xff400813) li      a6, -12
core   0: 3 0x80000f04 (0xff400813) x16 0xfffffff4
core   0: 0x80000f08 (0x00000013) nop
core   0: 3 0x80000f08 (0x00000013)
core   0: 0x80000f0c (0x0ff0000f) fence   iorw,iorw
core   0: 3 0x80000f0c (0x0ff0000f)
core   0: 0x80000f10 (0x01d2c6b3) xor     a3, t0, t4
core   0: 3 0x80000f10 (0x01d2c6b3) x13 0x6d2ff004
core   0: 0x80000f14 (0x9042ca93) xori    s5, t0, -1788
core   0: 3 0x80000f14 (0x9042ca93) x21 0xfffff900
core   0: 0x80000f18 (0xff828293) addi    t0, t0, -8
core   0: 3 0x80000f18 (0xff828293) x 5 0xfffffffc
core   0: 0x80000f1c (0xff028ce3) beq     t0, a6, pc - 8
core   0: 3 0x80000f1c (0xff028ce3)
core   0: 0x80000f20 (0x01be4a33) xor     s4, t3, s11
core   0: 3 0x80000f20 (0x01be4a33) x20 0x8e0022d8
core   0: 0x80000f24 (0xffc00513) li      a0, -4
core   0: 3 0x80000f24 (0xffc00513) x10 0xfffffffc
core   0: 0x80000f28 (0x6e4cca37) lui     s4, 0x6e4cc
core   0: 3 0x80000f28 (0x6e4cca37) x20 0x6e4cc000
core   0: 0x80000f2c (0x40a45493) srai    s1, s0, 10
core   0: 3 0x80000f2c (0x40a45493) x 9 0x00000000
core   0: 0x80000f30 (0x01855c33) srl     s8, a0, s8
core   0: 3 0x80000f30 (0x01855c33) x24 0x00003fff
core   0: 0x80000f34 (0xff900693) li      a3, -7
core   0: 3 0x80000f34 (0xff900693) x13 0xfffffff9
core   0: 0x80000f38 (0x7b75d437) lui     s0, 0x7b75d
core   0: 3 0x80000f38 (0x7b75d437) x 8 0x7b75d000
core   0: 0x80000f3c (0x00e04c33) xor     s8, zero, a4
core   0: 3 0x80000f3c (0x00e04c33) x24 0xffffffba
core   0: 0x80000f40 (0x90364893) xori    a7, a2, -1789
core   0: 3 0x80000f40 (0x90364893) x17 0x7ffdb767
core   0: 0x80000f44 (0xff650513) addi    a0, a0, -10
core   0: 3 0x80000f44 (0xff650513) x10 0xfffffff2
core   0: 0x80000f48 (0x41e50433) sub     s0, a0, t5
core   0: 3 0x80000f48 (0x41e50433) x 8 0x00000037
core   0: 0x80000f4c (0x015a5db3) srl     s11, s4, s5
core   0: 3 0x80000f4c (0x015a5db3) x27 0x6e4cc000
core   0: 0x80000f50 (0x00a00b13) li      s6, 10
core   0: 3 0x80000f50 (0x00a00b13) x22 0x0000000a
core   0: 0x80000f54 (0x00000013) nop
core   0: 3 0x80000f54 (0x00000013)
core   0: 0x80000f58 (0x00600a93) li      s5, 6
core   0: 3 0x80000f58 (0x00600a93) x21 0x00000006
core   0: 0x80000f5c (0x014bf0b3) and     ra, s7, s4
core   0: 3 0x80000f5c (0x014bf0b3) x 1 0x00000000
core   0: 0x80000f60 (0xb097c413) xori    s0, a5, -1271
core   0: 3 0x80000f60 (0xb097c413) x 8 0x800004d6
core   0: 0x80000f64 (0x41080733) sub     a4, a6, a6
core   0: 3 0x80000f64 (0x41080733) x14 0x00000000
core   0: 0x80000f68 (0xff9b0b13) addi    s6, s6, -7
core   0: 3 0x80000f68 (0xff9b0b13) x22 0x00000003
core   0: 0x80000f6c (0xff5b58e3) bge     s6, s5, pc - 16
core   0: 3 0x80000f6c (0xff5b58e3)
core   0: 0x80000f70 (0xbe29fc13) andi    s8, s3, -1054
core   0: 3 0x80000f70 (0xbe29fc13) x24 0xfffffbe2
core   0: 0x80000f74 (0x411ad413) srai    s0, s5, 17
core   0: 3 0x80000f74 (0x411ad413) x 8 0x00000000
core   0: 0x80000f78 (0x01d76bb3) or      s7, a4, t4
core   0: 3 0x80000f78 (0x01d76bb3) x23 0x6d2ff000
core   0: 0x80000f7c (0xfcd550e3) bge     a0, a3, pc - 64
core   0: 3 0x80000f7c (0xfcd550e3)
core   0: 0x80000f80 (0xa86d7093) andi    ra, s10, -1402
core   0: 3 0x80000f80 (0xa86d7093) x 1 0xdd0ffa02
core   0: 0x80000f84 (0xffb00d13) li      s10, -5
core   0: 3 0x80000f84 (0xffb00d13) x26 0xfffffffb
core   0: 0x80000f88 (0x290bfa93) andi    s5, s7, 656
core   0: 3 0x80000f88 (0x290bfa93) x21 0x00000000
core   0: 0x80000f8c (0x00800313) li      t1, 8
core   0: 3 0x80000f8c (0x00800313) x 6 0x00000008
core   0: 0x80000f90 (0x0778e093) ori     ra, a7, 119
core   0: 3 0x80000f90 (0x0778e093) x 1 0x7ffdb777
core   0: 0x80000f94 (0x0000100f) fence.i
core   0: 3 0x80000f94 (0x0000100f)
core   0: 0x80000f98 (0x003d0d13) addi    s10, s10, 3
core   0: 3 0x80000f98 (0x003d0d13) x26 0xfffffffe
core   0: 0x80000f9c (0x0ff0000f) fence   iorw,iorw
core   0: 3 0x80000f9c (0x0ff0000f)
core   0: 0x80000fa0 (0x49333c13) sltiu   s8, t1, 1171
core   0: 3 0x80000fa0 (0x49333c13) x24 0x00000001
core   0: 0x80000fa4 (0xea686d93) ori     s11, a6, -346
core   0: 3 0x80000fa4 (0xea686d93) x27 0xfffffff6
core   0: 0x80000fa8 (0x014a51b3) srl     gp, s4, s4
core   0: 3 0x80000fa8 (0x014a51b3) x 3 0x6e4cc000
core   0: 0x80000fac (0x00100e93) li      t4, 1
core   0: 3 0x80000fac (0x00100e93) x29 0x00000001
core   0: 0x80000fb0 (0x01471213) slli    tp, a4, 20
core   0: 3 0x80000fb0 (0x01471213) x 4 0x00000000
core   0: 0x80000fb4 (0x00b00393) li      t2, 11
core   0: 3 0x80000fb4 (0x00b00393) x 7 0x0000000b
core   0: 0x80000fb8 (0xf638b913) sltiu   s2, a7, -157
core   0: 3 0x80000fb8 (0xf638b913) x18 0x00000001
core   0: 0x80000fbc (0x0ff0000f) fence   iorw,iorw
core   0: 3 0x80000fbc (0x0ff0000f)
core   0: 0x80000fc0 (0x407c5b93) srai    s7, s8, 7
core   0: 3 0x80000fc0 (0x407c5b93) x23 0x00000000
core   0: 0x80000fc4 (0x7f442c13) slti    s8, s0, 2036
core   0: 3 0x80000fc4 (0x7f442c13) x24 0x00000001
core   0: 0x80000fc8 (0xdefdc7b7) lui     a5, 0xdefdc
core   0: 3 0x80000fc8 (0xdefdc7b7) x15 0xdefdc000
core   0: 0x80000fcc (0x0047f033) and     zero, a5, tp
core   0: 3 0x80000fcc (0x0047f033)
core   0: 0x80000fd0 (0x005e8e93) addi    t4, t4, 5
core   0: 3 0x80000fd0 (0x005e8e93) x29 0x00000006
core   0: 0x80000fd4 (0x00e1c7b3) xor     a5, gp, a4
core   0: 3 0x80000fd4 (0x00e1c7b3) x15 0x6e4cc000
core   0: 0x80000fd8 (0xfe7ec8e3) blt     t4, t2, pc - 16
core   0: 3 0x80000fd8 (0xfe7ec8e3)
core   0: 0x80000fc8 (0xdefdc7b7) lui     a5, 0xdefdc
core   0: 3 0x80000fc8 (0xdefdc7b7) x15 0xdefdc000
core   0: 0x80000fcc (0x0047f033) and     zero, a5, tp
core   0: 3 0x80000fcc (0x0047f033)
core   0: 0x80000fd0 (0x005e8e93) addi    t4, t4, 5
core   0: 3 0x80000fd0 (0x005e8e93) x29 0x0000000b
core   0: 0x80000fd4 (0x00e1c7b3) xor     a5, gp, a4
core   0: 3 0x80000fd4 (0x00e1c7b3) x15 0x6e4cc000
core   0: 0x80000fd8 (0xfe7ec8e3) blt     t4, t2, pc - 16
core   0: 3 0x80000fd8 (0xfe7ec8e3)
core   0: 0x80000fdc (0x8d65f513) andi    a0, a1, -1834
core   0: 3 0x80000fdc (0x8d65f513) x10 0x80000000
core   0: 0x80000fe0 (0x00000013) nop
core   0: 3 0x80000fe0 (0x00000013)
core   0: 0x80000fe4 (0x00079213) slli    tp, a5, 0
core   0: 3 0x80000fe4 (0x00079213) x 4 0x6e4cc000
core   0: 0x80000fe8 (0xfa6d44e3) blt     s10, t1, pc - 88
core   0: 3 0x80000fe8 (0xfa6d44e3)
core   0: 0x80000f90 (0x0778e093) ori     ra, a7, 119
core   0: 3 0x80000f90 (0x0778e093) x 1 0x7ffdb777
core   0: 0x80000f94 (0x0000100f) fence.i
core   0: 3 0x80000f94 (0x0000100f)
core   0: 0x80000f98 (0x003d0d13) addi    s10, s10, 3
core   0: 3 0x80000f98 (0x003d0d13) x26 0x00000001
core   0: 0x80000f9c (0x0ff0000f) fence   iorw,iorw
core   0: 3 0x80000f9c (0x0ff0000f)
core   0: 0x80000fa0 (0x49333c13) sltiu   s8, t1, 1171
core   0: 3 0x80000fa0 (0x49333c13) x24 0x00000001
core   0: 0x80000fa4 (0xea686d93) ori     s11, a6, -346
core   0: 3 0x80000fa4 (0xea686d93) x27 0xfffffff6
core   0: 0x80000fa8 (0x014a51b3) srl     gp, s4, s4
core   0: 3 0x80000fa8 (0x014a51b3) x 3 0x6e4cc000
core   0: 0x80000fac (0x00100e93) li      t4, 1
core   0: 3 0x80000fac (0x00100e93) x29 0x00000001
core   0: 0x80000fb0 (0x01471213) slli    tp, a4, 20
core   0: 3 0x80000fb0 (0x01471213) x 4 0x00000000
core   0: 0x80000fb4 (0x00b00393) li      t2, 11
core   0: 3 0x80000fb4 (0x00b00393) x 7 0x0000000b
core   0: 0x80000fb8 (0xf638b913) sltiu   s2, a7, -157
core   0: 3 0x80000fb8 (0xf638b913) x18 0x00000001
core   0: 0x80000fbc (0x0ff0000f) fence   iorw,iorw
core   0: 3 0x80000fbc (0x0ff0000f)
core   0: 0x80000fc0 (0x407c5b93) srai    s7, s8, 7
core   0: 3 0x80000fc0 (0x407c5b93) x23 0x00000000
core   0: 0x80000fc4 (0x7f442c13) slti    s8, s0, 2036
core   0: 3 0x80000fc4 (0x7f442c13) x24 0x00000001
core   0: 0x80000fc8 (0xdefdc7b7) lui     a5, 0xdefdc
core   0: 3 0x80000fc8 (0xdefdc7b7) x15 0xdefdc000
core   0: 0x80000fcc (0x0047f033) and     zero, a5, tp
core   0: 3 0x80000fcc (0x0047f033)
core   0: 0x80000fd0 (0x005e8e93) addi    t4, t4, 5
core   0: 3 0x80000fd0 (0x005e8e93) x29 0x00000006
core   0: 0x80000fd4 (0x00e1c7b3) xor     a5, gp, a4
core   0: 3 0x80000fd4 (0x00e1c7b3) x15 0x6e4cc000
core   0: 0x80000fd8 (0xfe7ec8e3) blt     t4, t2, pc - 16
core   0: 3 0x80000fd8 (0xfe7ec8e3)
core   0: 0x80000fc8 (0xdefdc7b7) lui     a5, 0xdefdc
core   0: 3 0x80000fc8 (0xdefdc7b7) x15 0xdefdc000
core   0: 0x80000fcc (0x0047f033) and     zero, a5, tp
core   0: 3 0x80000fcc (0x0047f033)
core   0: 0x80000fd0 (0x005e8e93) addi    t4, t4, 5
core   0: 3 0x80000fd0 (0x005e8e93) x29 0x0000000b
core   0: 0x80000fd4 (0x00e1c7b3) xor     a5, gp, a4
core   0: 3 0x80000fd4 (0x00e1c7b3) x15 0x6e4cc000
core   0: 0x80000fd8 (0xfe7ec8e3) blt     t4, t2, pc - 16
core   0: 3 0x80000fd8 (0xfe7ec8e3)
core   0: 0x80000fdc (0x8d65f513) andi    a0, a1, -1834
core   0: 3 0x80000fdc (0x8d65f513) x10 0x80000000
core   0: 0x80000fe0 (0x00000013) nop
core   0: 3 0x80000fe0 (0x00000013)
core   0: 0x80000fe4 (0x00079213) slli    tp, a5, 0
core   0: 3 0x80000fe4 (0x00079213) x 4 0x6e4cc000
core   0: 0x80000fe8 (0xfa6d44e3) blt     s10, t1, pc - 88
core   0: 3 0x80000fe8 (0xfa6d44e3)
core   0: 0x80000f90 (0x0778e093) ori     ra, a7, 119
core   0: 3 0x80000f90 (0x0778e093) x 1 0x7ffdb777
core   0: 0x80000f94 (0x0000100f) fence.i
core   0: 3 0x80000f94 (0x0000100f)
core   0: 0x80000f98 (0x003d0d13) addi    s10, s10, 3
core   0: 3 0x80000f98 (0x003d0d13) x26 0x00000004
core   0: 0x80000f9c (0x0ff0000f) fence   iorw,iorw
core   0: 3 0x80000f9c (0x0ff0000f)
core   0: 0x80000fa0 (0x49333c13) sltiu   s8, t1, 1171
core   0: 3 0x80000fa0 (0x49333c13) x24 0x00000001
core   0: 0x80000fa4 (0xea686d93) ori     s11, a6, -346
core   0: 3 0x80000fa4 (0xea686d93) x27 0xfffffff6
core   0: 0x80000fa8 (0x014a51b3) srl     gp, s4, s4
core   0: 3 0x80000fa8 (0x014a51b3) x 3 0x6e4cc000
core   0: 0x80000fac (0x00100e93) li      t4, 1
core   0: 3 0x80000fac (0x00100e93) x29 0x00000001
core   0: 0x80000fb0 (0x01471213) slli    tp, a4, 20
core   0: 3 0x80000fb0 (0x01471213) x 4 0x00000000
core   0: 0x80000fb4 (0x00b00393) li      t2, 11
core   0: 3 0x80000fb4 (0x00b00393) x 7 0x0000000b
core   0: 0x80000fb8 (0xf638b913) sltiu   s2, a7, -157
core   0: 3 0x80000fb8 (0xf638b913) x18 0x00000001
core   0: 0x80000fbc (0x0ff0000f) fence   iorw,iorw
core   0: 3 0x80000fbc (0x0ff0000f)
core   0: 0x80000fc0 (0x407c5b93) srai    s7, s8, 7
core   0: 3 0x80000fc0 (0x407c5b93) x23 0x00000000
core   0: 0x80000fc4 (0x7f442c13) slti    s8, s0, 2036
core   0: 3 0x80000fc4 (0x7f442c13) x24 0x00000001
core   0: 0x80000fc8 (0xdefdc7b7) lui     a5, 0xdefdc
core   0: 3 0x80000fc8 (0xdefdc7b7) x15 0xdefdc000
core   0: 0x80000fcc (0x0047f033) and     zero, a5, tp
core   0: 3 0x80000fcc (0x0047f033)
core   0: 0x80000fd0 (0x005e8e93) addi    t4, t4, 5
core   0: 3 0x80000fd0 (0x005e8e93) x29 0x00000006
core   0: 0x80000fd4 (0x00e1c7b3) xor     a5, gp, a4
core   0: 3 0x80000fd4 (0x00e1c7b3) x15 0x6e4cc000
core   0: 0x80000fd8 (0xfe7ec8e3) blt     t4, t2, pc - 16
core   0: 3 0x80000fd8 (0xfe7ec8e3)
core   0: 0x80000fc8 (0xdefdc7b7) lui     a5, 0xdefdc
core   0: 3 0x80000fc8 (0xdefdc7b7) x15 0xdefdc000
core   0: 0x80000fcc (0x0047f033) and     zero, a5, tp
core   0: 3 0x80000fcc (0x0047f033)
core   0: 0x80000fd0 (0x005e8e93) addi    t4, t4, 5
core   0: 3 0x80000fd0 (0x005e8e93) x29 0x0000000b
core   0: 0x80000fd4 (0x00e1c7b3) xor     a5, gp, a4
core   0: 3 0x80000fd4 (0x00e1c7b3) x15 0x6e4cc000
core   0: 0x80000fd8 (0xfe7ec8e3) blt     t4, t2, pc - 16
core   0: 3 0x80000fd8 (0xfe7ec8e3)
core   0: 0x80000fdc (0x8d65f513) andi    a0, a1, -1834
core   0: 3 0x80000fdc (0x8d65f513) x10 0x80000000
core   0: 0x80000fe0 (0x00000013) nop
core   0: 3 0x80000fe0 (0x00000013)
core   0: 0x80000fe4 (0x00079213) slli    tp, a5, 0
core   0: 3 0x80000fe4 (0x00079213) x 4 0x6e4cc000
core   0: 0x80000fe8 (0xfa6d44e3) blt     s10, t1, pc - 88
core   0: 3 0x80000fe8 (0xfa6d44e3)
core   0: 0x80000f90 (0x0778e093) ori     ra, a7, 119
core   0: 3 0x80000f90 (0x0778e093) x 1 0x7ffdb777
core   0: 0x80000f94 (0x0000100f) fence.i
core   0: 3 0x80000f94 (0x0000100f)
core   0: 0x80000f98 (0x003d0d13) addi    s10, s10, 3
core   0: 3 0x80000f98 (0x003d0d13) x26 0x00000007
core   0: 0x80000f9c (0x0ff0000f) fence   iorw,iorw
core   0: 3 0x80000f9c (0x0ff0000f)
core   0: 0x80000fa0 (0x49333c13) sltiu   s8, t1, 1171
core   0: 3 0x80000fa0 (0x49333c13) x24 0x00000001
core   0: 0x80000fa4 (0xea686d93) ori     s11, a6, -346
core   0: 3 0x80000fa4 (0xea686d93) x27 0xfffffff6
core   0: 0x80000fa8 (0x014a51b3) srl     gp, s4, s4
core   0: 3 0x80000fa8 (0x014a51b3) x 3 0x6e4cc000
core   0: 0x80000fac (0x00100e93) li      t4, 1
core   0: 3 0x80000fac (0x00100e93) x29 0x00000001
core   0: 0x80000fb0 (0x01471213) slli    tp, a4, 20
core   0: 3 0x80000fb0 (0x01471213) x 4 0x00000000
core   0: 0x80000fb4 (0x00b00393) li      t2, 11
core   0: 3 0x80000fb4 (0x00b00393) x 7 0x0000000b
core   0: 0x80000fb8 (0xf638b913) sltiu   s2, a7, -157
core   0: 3 0x80000fb8 (0xf638b913) x18 0x00000001
core   0: 0x80000fbc (0x0ff0000f) fence   iorw,iorw
core   0: 3 0x80000fbc (0x0ff0000f)
core   0: 0x80000fc0 (0x407c5b93) srai    s7, s8, 7
core   0: 3 0x80000fc0 (0x407c5b93) x23 0x00000000
core   0: 0x80000fc4 (0x7f442c13) slti    s8, s0, 2036
core   0: 3 0x80000fc4 (0x7f442c13) x24 0x00000001
core   0: 0x80000fc8 (0xdefdc7b7) lui     a5, 0xdefdc
core   0: 3 0x80000fc8 (0xdefdc7b7) x15 0xdefdc000
core   0: 0x80000fcc (0x0047f033) and     zero, a5, tp
core   0: 3 0x80000fcc (0x0047f033)
core   0: 0x80000fd0 (0x005e8e93) addi    t4, t4, 5
core   0: 3 0x80000fd0 (0x005e8e93) x29 0x00000006
core   0: 0x80000fd4 (0x00e1c7b3) xor     a5, gp, a4
core   0: 3 0x80000fd4 (0x00e1c7b3) x15 0x6e4cc000
core   0: 0x80000fd8 (0xfe7ec8e3) blt     t4, t2, pc - 16
core   0: 3 0x80000fd8 (0xfe7ec8e3)
core   0: 0x80000fc8 (0xdefdc7b7) lui     a5, 0xdefdc
core   0: 3 0x80000fc8 (0xdefdc7b7) x15 0xdefdc000
core   0: 0x80000fcc (0x0047f033) and     zero, a5, tp
core   0: 3 0x80000fcc (0x0047f033)
core   0: 0x80000fd0 (0x005e8e93) addi    t4, t4, 5
core   0: 3 0x80000fd0 (0x005e8e93) x29 0x0000000b
core   0: 0x80000fd4 (0x00e1c7b3) xor     a5, gp, a4
core   0: 3 0x80000fd4 (0x00e1c7b3) x15 0x6e4cc000
core   0: 0x80000fd8 (0xfe7ec8e3) blt     t4, t2, pc - 16
core   0: 3 0x80000fd8 (0xfe7ec8e3)
core   0: 0x80000fdc (0x8d65f513) andi    a0, a1, -1834
core   0: 3 0x80000fdc (0x8d65f513) x10 0x80000000
core   0: 0x80000fe0 (0x00000013) nop
core   0: 3 0x80000fe0 (0x00000013)
core   0: 0x80000fe4 (0x00079213) slli    tp, a5, 0
core   0: 3 0x80000fe4 (0x00079213) x 4 0x6e4cc000
core   0: 0x80000fe8 (0xfa6d44e3) blt     s10, t1, pc - 88
core   0: 3 0x80000fe8 (0xfa6d44e3)
core   0: 0x80000f90 (0x0778e093) ori     ra, a7, 119
core   0: 3 0x80000f90 (0x0778e093) x 1 0x7ffdb777
core   0: 0x80000f94 (0x0000100f) fence.i
core   0: 3 0x80000f94 (0x0000100f)
core   0: 0x80000f98 (0x003d0d13) addi    s10, s10, 3
core   0: 3 0x80000f98 (0x003d0d13) x26 0x0000000a
core   0: 0x80000f9c (0x0ff0000f) fence   iorw,iorw
core   0: 3 0x80000f9c (0x0ff0000f)
core   0: 0x80000fa0 (0x49333c13) sltiu   s8, t1, 1171
core   0: 3 0x80000fa0 (0x49333c13) x24 0x00000001
core   0: 0x80000fa4 (0xea686d93) ori     s11, a6, -346
core   0: 3 0x80000fa4 (0xea686d93) x27 0xfffffff6
core   0: 0x80000fa8 (0x014a51b3) srl     gp, s4, s4
core   0: 3 0x80000fa8 (0x014a51b3) x 3 0x6e4cc000
core   0: 0x80000fac (0x00100e93) li      t4, 1
core   0: 3 0x80000fac (0x00100e93) x29 0x00000001
core   0: 0x80000fb0 (0x01471213) slli    tp, a4, 20
core   0: 3 0x80000fb0 (0x01471213) x 4 0x00000000
core   0: 0x80000fb4 (0x00b00393) li      t2, 11
core   0: 3 0x80000fb4 (0x00b00393) x 7 0x0000000b
core   0: 0x80000fb8 (0xf638b913) sltiu   s2, a7, -157
core   0: 3 0x80000fb8 (0xf638b913) x18 0x00000001
core   0: 0x80000fbc (0x0ff0000f) fence   iorw,iorw
core   0: 3 0x80000fbc (0x0ff0000f)
core   0: 0x80000fc0 (0x407c5b93) srai    s7, s8, 7
core   0: 3 0x80000fc0 (0x407c5b93) x23 0x00000000
core   0: 0x80000fc4 (0x7f442c13) slti    s8, s0, 2036
core   0: 3 0x80000fc4 (0x7f442c13) x24 0x00000001
core   0: 0x80000fc8 (0xdefdc7b7) lui     a5, 0xdefdc
core   0: 3 0x80000fc8 (0xdefdc7b7) x15 0xdefdc000
core   0: 0x80000fcc (0x0047f033) and     zero, a5, tp
core   0: 3 0x80000fcc (0x0047f033)
core   0: 0x80000fd0 (0x005e8e93) addi    t4, t4, 5
core   0: 3 0x80000fd0 (0x005e8e93) x29 0x00000006
core   0: 0x80000fd4 (0x00e1c7b3) xor     a5, gp, a4
core   0: 3 0x80000fd4 (0x00e1c7b3) x15 0x6e4cc000
core   0: 0x80000fd8 (0xfe7ec8e3) blt     t4, t2, pc - 16
core   0: 3 0x80000fd8 (0xfe7ec8e3)
core   0: 0x80000fc8 (0xdefdc7b7) lui     a5, 0xdefdc
core   0: 3 0x80000fc8 (0xdefdc7b7) x15 0xdefdc000
core   0: 0x80000fcc (0x0047f033) and     zero, a5, tp
core   0: 3 0x80000fcc (0x0047f033)
core   0: 0x80000fd0 (0x005e8e93) addi    t4, t4, 5
core   0: 3 0x80000fd0 (0x005e8e93) x29 0x0000000b
core   0: 0x80000fd4 (0x00e1c7b3) xor     a5, gp, a4
core   0: 3 0x80000fd4 (0x00e1c7b3) x15 0x6e4cc000
core   0: 0x80000fd8 (0xfe7ec8e3) blt     t4, t2, pc - 16
core   0: 3 0x80000fd8 (0xfe7ec8e3)
core   0: 0x80000fdc (0x8d65f513) andi    a0, a1, -1834
core   0: 3 0x80000fdc (0x8d65f513) x10 0x80000000
core   0: 0x80000fe0 (0x00000013) nop
core   0: 3 0x80000fe0 (0x00000013)
core   0: 0x80000fe4 (0x00079213) slli    tp, a5, 0
core   0: 3 0x80000fe4 (0x00079213) x 4 0x6e4cc000
core   0: 0x80000fe8 (0xfa6d44e3) blt     s10, t1, pc - 88
core   0: 3 0x80000fe8 (0xfa6d44e3)
core   0: 0x80000fec (0x40e45793) srai    a5, s0, 14
core   0: 3 0x80000fec (0x40e45793) x15 0x00000000
core   0: 0x80000ff0 (0x00a00893) li      a7, 10
core   0: 3 0x80000ff0 (0x00a00893) x17 0x0000000a
core   0: 0x80000ff4 (0x3f457b93) andi    s7, a0, 1012
core   0: 3 0x80000ff4 (0x3f457b93) x23 0x00000000
core   0: 0x80000ff8 (0x0057bdb3) sltu    s11, a5, t0
core   0: 3 0x80000ff8 (0x0057bdb3) x27 0x00000001
core   0: 0x80000ffc (0xd341b993) sltiu   s3, gp, -716
core   0: 3 0x80000ffc (0xd341b993) x19 0x00000001
core   0: 0x80001000 (0x00eb1493) slli    s1, s6, 14
core   0: 3 0x80001000 (0x00eb1493) x 9 0x0000c000
core   0: 0x80001004 (0xe98a8f93) addi    t6, s5, -360
core   0: 3 0x80001004 (0xe98a8f93) x31 0xfffffe98
core   0: 0x80001008 (0x00f51ab3) sll     s5, a0, a5
core   0: 3 0x80001008 (0x00f51ab3) x21 0x80000000
core   0: 0x8000100c (0x01bc5c93) srli    s9, s8, 27
core   0: 3 0x8000100c (0x01bc5c93) x25 0x00000000
core   0: 0x80001010 (0x00000013) nop
core   0: 3 0x80001010 (0x00000013)
core   0: 0x80001014 (0x01b59493) slli    s1, a1, 27
core   0: 3 0x80001014 (0x01b59493) x 9 0x00000000
core   0: 0x80001018 (0x00ad2b33) slt     s6, s10, a0
core   0: 3 0x80001018 (0x00ad2b33) x22 0x00000000
core   0: 0x8000101c (0x0ff0000f) fence   iorw,iorw
core   0: 3 0x8000101c (0x0ff0000f)
core   0: 0x80001020 (0x01481b33) sll     s6, a6, s4
core   0: 3 0x80001020 (0x01481b33) x22 0xfffffff4
core   0: 0x80001024 (0x0ff0000f) fence   iorw,iorw
core   0: 3 0x80001024 (0x0ff0000f)
core   0: 0x80001028 (0x929c7293) andi    t0, s8, -1751
core   0: 3 0x80001028 (0x929c7293) x 5 0x00000001
core   0: 0x8000102c (0x00800393) li      t2, 8
core   0: 3 0x8000102c (0x00800393) x 7 0x00000008
core   0: 0x80001030 (0x0098abb3) slt     s7, a7, s1
core   0: 3 0x80001030 (0x0098abb3) x23 0x00000000
core   0: 0x80001034 (0x00fd5cb3) srl     s9, s10, a5
core   0: 3 0x80001034 (0x00fd5cb3) x25 0x0000000a
core   0: 0x80001038 (0x4df56193) ori     gp, a0, 1247
core   0: 3 0x80001038 (0x4df56193) x 3 0x800004df
core   0: 0x8000103c (0x00b16733) or      a4, sp, a1
core   0: 3 0x8000103c (0x00b16733) x14 0x80028ce4
core   0: 0x80001040 (0x00000013) nop
core   0: 3 0x80001040 (0x00000013)
core   0: 0x80001044 (0x00000013) nop
core   0: 3 0x80001044 (0x00000013)
core   0: 0x80001048 (0x7d7f2793) slti    a5, t5, 2007
core   0: 3 0x80001048 (0x7d7f2793) x15 0x00000001
core   0: 0x8000104c (0x0028db93) srli    s7, a7, 2
core   0: 3 0x8000104c (0x0028db93) x23 0x00000002
core   0: 0x80001050 (0x00000013) nop
core   0: 3 0x80001050 (0x00000013)
core   0: 0x80001054 (0x0165d693) srli    a3, a1, 22
core   0: 3 0x80001054 (0x0165d693) x13 0x00000200
core   0: 0x80001058 (0xffa88893) addi    a7, a7, -6
core   0: 3 0x80001058 (0xffa88893) x17 0x00000004
core   0: 0x8000105c (0x566c0a37) lui     s4, 0x566c0
core   0: 3 0x8000105c (0x566c0a37) x20 0x566c0000
core   0: 0x80001060 (0xfc78fee3) bgeu    a7, t2, pc - 36
core   0: 3 0x80001060 (0xfc78fee3)
core   0: 0x80001064 (0x00dfe333) or      t1, t6, a3
core   0: 3 0x80001064 (0x00dfe333) x 6 0xfffffe98
core   0: 0x80001068 (0x00600313) li      t1, 6
core   0: 3 0x80001068 (0x00600313) x 6 0x00000006
core   0: 0x8000106c (0x00efd533) srl     a0, t6, a4
core   0: 3 0x8000106c (0x00efd533) x10 0x0fffffe9
core   0: 0x80001070 (0x0000100f) fence.i
core   0: 3 0x80001070 (0x0000100f)
core   0: 0x80001074 (0x79532293) slti    t0, t1, 1941
core   0: 3 0x80001074 (0x79532293) x 5 0x00000001
core   0: 0x80001078 (0x41e953b3) sra     t2, s2, t5
core   0: 3 0x80001078 (0x41e953b3) x 7 0x00000000
core   0: 0x8000107c (0xd506b393) sltiu   t2, a3, -688
core   0: 3 0x8000107c (0xd506b393) x 7 0x00000001
core   0: 0x80001080 (0xff700913) li      s2, -9
core   0: 3 0x80001080 (0xff700913) x18 0xfffffff7
core   0: 0x80001084 (0x00000013) nop
core   0: 3 0x80001084 (0x00000013)
core   0: 0x80001088 (0x042caf13) slti    t5, s9, 66
core   0: 3 0x80001088 (0x042caf13) x30 0x00000001
core   0: 0x8000108c (0x00e5ac33) slt     s8, a1, a4
core   0: 3 0x8000108c (0x00e5ac33) x24 0x00000001
core   0: 0x80001090 (0x41d58233) sub     tp, a1, t4
core   0: 3 0x80001090 (0x41d58233) x 4 0x7ffffff5
core   0: 0x80001094 (0x0118a1b3) slt     gp, a7, a7
core   0: 3 0x80001094 (0x0118a1b3) x 3 0x00000000
core   0: 0x80001098 (0xc19c6393) ori     t2, s8, -999
core   0: 3 0x80001098 (0xc19c6393) x 7 0xfffffc19
core   0: 0x8000109c (0xffb30313) addi    t1, t1, -5
core   0: 3 0x8000109c (0xffb30313) x 6 0x00000001
core   0: 0x800010a0 (0x0d192993) slti    s3, s2, 209
core   0: 3 0x800010a0 (0x0d192993) x19 0x00000001
core   0: 0x800010a4 (0x16853d97) auipc   s11, 0x16853
core   0: 3 0x800010a4 (0x16853d97) x27 0x968540a4
core   0: 0x800010a8 (0xff800a13) li      s4, -8
core   0: 3 0x800010a8 (0xff800a13) x20 0xfffffff8
core   0: 0x800010ac (0xc8e10f13) addi    t5, sp, -882
core   0: 3 0x800010ac (0xc8e10f13) x30 0x80028972
core   0: 0x800010b0 (0x01a0f4b3) and     s1, ra, s10
core   0: 3 0x800010b0 (0x01a0f4b3) x 9 0x00000002
core   0: 0x800010b4 (0x00900413) li      s0, 9
core   0: 3 0x800010b4 (0x00900413) x 8 0x00000009
core   0: 0x800010b8 (0x009ec1b3) xor     gp, t4, s1
core   0: 3 0x800010b8 (0x009ec1b3) x 3 0x00000009
core   0: 0x800010bc (0x01384eb3) xor     t4, a6, s3
core   0: 3 0x800010bc (0x01384eb3) x29 0xfffffff5
core   0: 0x800010c0 (0x908a0c13) addi    s8, s4, -1784
core   0: 3 0x800010c0 (0x908a0c13) x24 0xfffff900
core   0: 0x800010c4 (0x4043d533) sra     a0, t2, tp
core   0: 3 0x800010c4 (0x4043d533) x10 0xffffffff
core   0: 0x800010c8 (0x01b21f13) slli    t5, tp, 27
core   0: 3 0x800010c8 (0x01b21f13) x30 0xa8000000
core   0: 0x800010cc (0x00aa0a13) addi    s4, s4, 10
core   0: 3 0x800010cc (0x00aa0a13) x20 0x00000002
core   0: 0x800010d0 (0xe6db0993) addi    s3, s6, -403
core   0: 3 0x800010d0 (0xe6db0993) x19 0xfffffe61
core   0: 0x800010d4 (0x019b1bb3) sll     s7, s6, s9
core   0: 3 0x800010d4 (0x019b1bb3) x23 0xffffd000
core   0: 0x800010d8 (0xfe8a42e3) blt     s4, s0, pc - 28
core   0: 3 0x800010d8 (0xfe8a42e3)
core   0: 0x800010bc (0x01384eb3) xor     t4, a6, s3
core   0: 3 0x800010bc (0x01384eb3) x29 0x00000195
core   0: 0x800010c0 (0x908a0c13) addi    s8, s4, -1784
core   0: 3 0x800010c0 (0x908a0c13) x24 0xfffff90a
core   0: 0x800010c4 (0x4043d533) sra     a0, t2, tp
core   0: 3 0x800010c4 (0x4043d533) x10 0xffffffff
core   0: 0x800010c8 (0x01b21f13) slli    t5, tp, 27
core   0: 3 0x800010c8 (0x01b21f13) x30 0xa8000000
core   0: 0x800010cc (0x00aa0a13) addi    s4, s4, 10
core   0: 3 0x800010cc (0x00aa0a13) x20 0x0000000c
core   0: 0x800010d0 (0xe6db0993) addi    s3, s6, -403
core   0: 3 0x800010d0 (0xe6db0993) x19 0xfffffe61
core   0: 0x800010d4 (0x019b1bb3) sll     s7, s6, s9
core   0: 3 0x800010d4 (0x019b1bb3) x23 0xffffd000
core   0: 0x800010d8 (0xfe8a42e3) blt     s4, s0, pc - 28
core   0: 3 0x800010d8 (0xfe8a42e3)
core   0: 0x800010dc (0xfb2316e3) bne     t1, s2, pc - 84
core   0: 3 0x800010dc (0xfb2316e3)
core   0: 0x80001088 (0x042caf13) slti    t5, s9, 66
core   0: 3 0x80001088 (0x042caf13) x30 0x00000001
core   0: 0x8000108c (0x00e5ac33) slt     s8, a1, a4
core   0: 3 0x8000108c (0x00e5ac33) x24 0x00000001
core   0: 0x80001090 (0x41d58233) sub     tp, a1, t4
core   0: 3 0x80001090 (0x41d58233) x 4 0x7ffffe6b
core   0: 0x80001094 (0x0118a1b3) slt     gp, a7, a7
core   0: 3 0x80001094 (0x0118a1b3) x 3 0x00000000
core   0: 0x80001098 (0xc19c6393) ori     t2, s8, -999
core   0: 3 0x80001098 (0xc19c6393) x 7 0xfffffc19
core   0: 0x8000109c (0xffb30313) addi    t1, t1, -5
core   0: 3 0x8000109c (0xffb30313) x 6 0xfffffffc
core   0: 0x800010a0 (0x0d192993) slti    s3, s2, 209
core   0: 3 0x800010a0 (0x0d192993) x19 0x00000001
core   0: 0x800010a4 (0x16853d97) auipc   s11, 0x16853
core   0: 3 0x800010a4 (0x16853d97) x27 0x968540a4
core   0: 0x800010a8 (0xff800a13) li      s4, -8
core   0: 3 0x800010a8 (0xff800a13) x20 0xfffffff8
core   0: 0x800010ac (0xc8e10f13) addi    t5, sp, -882
core   0: 3 0x800010ac (0xc8e10f13) x30 0x80028972
core   0: 0x800010b0 (0x01a0f4b3) and     s1, ra, s10
core   0: 3 0x800010b0 (0x01a0f4b3) x 9 0x00000002
core   0: 0x800010b4 (0x00900413) li      s0, 9
core   0: 3 0x800010b4 (0x00900413) x 8 0x00000009
core   0: 0x800010b8 (0x009ec1b3) xor     gp, t4, s1
core   0: 3 0x800010b8 (0x009ec1b3) x 3 0x00000197
core   0: 0x800010bc (0x01384eb3) xor     t4, a6, s3
core   0: 3 0x800010bc (0x01384eb3) x29 0xfffffff5
core   0: 0x800010c0 (0x908a0c13) addi    s8, s4, -1784
core   0: 3 0x800010c0 (0x908a0c13) x24 0xfffff900
core   0: 0x800010c4 (0x4043d533) sra     a0, t2, tp
core   0: 3 0x800010c4 (0x4043d533) x10 0xffffffff
core   0: 0x800010c8 (0x01b21f13) slli    t5, tp, 27
core   0: 3 0x800010c8 (0x01b21f13) x30 0x58000000
core   0: 0x800010cc (0x00aa0a13) addi    s4, s4, 10
core   0: 3 0x800010cc (0x00aa0a13) x20 0x00000002
core   0: 0x800010d0 (0xe6db0993) addi    s3, s6, -403
core   0: 3 0x800010d0 (0xe6db0993) x19 0xfffffe61
core   0: 0x800010d4 (0x019b1bb3) sll     s7, s6, s9
core   0: 3 0x800010d4 (0x019b1bb3) x23 0xffffd000
core   0: 0x800010d8 (0xfe8a42e3) blt     s4, s0, pc - 28
core   0: 3 0x800010d8 (0xfe8a42e3)
core   0: 0x800010bc (0x01384eb3) xor     t4, a6, s3
core   0: 3 0x800010bc (0x01384eb3) x29 0x00000195
core   0: 0x800010c0 (0x908a0c13) addi    s8, s4, -1784
core   0: 3 0x800010c0 (0x908a0c13) x24 0xfffff90a
core   0: 0x800010c4 (0x4043d533) sra     a0, t2, tp
core   0: 3 0x800010c4 (0x4043d533) x10 0xffffffff
core   0: 0x800010c8 (0x01b21f13) slli    t5, tp, 27
core   0: 3 0x800010c8 (0x01b21f13) x30 0x58000000
core   0: 0x800010cc (0x00aa0a13) addi    s4, s4, 10
core   0: 3 0x800010cc (0x00aa0a13) x20 0x0000000c
core   0: 0x800010d0 (0xe6db0993) addi    s3, s6, -403
core   0: 3 0x800010d0 (0xe6db0993) x19 0xfffffe61
core   0: 0x800010d4 (0x019b1bb3) sll     s7, s6, s9
core   0: 3 0x800010d4 (0x019b1bb3) x23 0xffffd000
core   0: 0x800010d8 (0xfe8a42e3) blt     s4, s0, pc - 28
core   0: 3 0x800010d8 (0xfe8a42e3)
core   0: 0x800010dc (0xfb2316e3) bne     t1, s2, pc - 84
core   0: 3 0x800010dc (0xfb2316e3)
core   0: 0x80001088 (0x042caf13) slti    t5, s9, 66
core   0: 3 0x80001088 (0x042caf13) x30 0x00000001
core   0: 0x8000108c (0x00e5ac33) slt     s8, a1, a4
core   0: 3 0x8000108c (0x00e5ac33) x24 0x00000001
core   0: 0x80001090 (0x41d58233) sub     tp, a1, t4
core   0: 3 0x80001090 (0x41d58233) x 4 0x7ffffe6b
core   0: 0x80001094 (0x0118a1b3) slt     gp, a7, a7
core   0: 3 0x80001094 (0x0118a1b3) x 3 0x00000000
core   0: 0x80001098 (0xc19c6393) ori     t2, s8, -999
core   0: 3 0x80001098 (0xc19c6393) x 7 0xfffffc19
core   0: 0x8000109c (0xffb30313) addi    t1, t1, -5
core   0: 3 0x8000109c (0xffb30313) x 6 0xfffffff7
core   0: 0x800010a0 (0x0d192993) slti    s3, s2, 209
core   0: 3 0x800010a0 (0x0d192993) x19 0x00000001
core   0: 0x800010a4 (0x16853d97) auipc   s11, 0x16853
core   0: 3 0x800010a4 (0x16853d97) x27 0x968540a4
core   0: 0x800010a8 (0xff800a13) li      s4, -8
core   0: 3 0x800010a8 (0xff800a13) x20 0xfffffff8
core   0: 0x800010ac (0xc8e10f13) addi    t5, sp, -882
core   0: 3 0x800010ac (0xc8e10f13) x30 0x80028972
core   0: 0x800010b0 (0x01a0f4b3) and     s1, ra, s10
core   0: 3 0x800010b0 (0x01a0f4b3) x 9 0x00000002
core   0: 0x800010b4 (0x00900413) li      s0, 9
core   0: 3 0x800010b4 (0x00900413) x 8 0x00000009
core   0: 0x800010b8 (0x009ec1b3) xor     gp, t4, s1
core   0: 3 0x800010b8 (0x009ec1b3) x 3 0x00000197
core   0: 0x800010bc (0x01384eb3) xor     t4, a6, s3
core   0: 3 0x800010bc (0x01384eb3) x29 0xfffffff5
core   0: 0x800010c0 (0x908a0c13) addi    s8, s4, -1784
core   0: 3 0x800010c0 (0x908a0c13) x24 0xfffff900
core   0: 0x800010c4 (0x4043d533) sra     a0, t2, tp
core   0: 3 0x800010c4 (0x4043d533) x10 0xffffffff
core   0: 0x800010c8 (0x01b21f13) slli    t5, tp, 27
core   0: 3 0x800010c8 (0x01b21f13) x30 0x58000000
core   0: 0x800010cc (0x00aa0a13) addi    s4, s4, 10
core   0: 3 0x800010cc (0x00aa0a13) x20 0x00000002
core   0: 0x800010d0 (0xe6db0993) addi    s3, s6, -403
core   0: 3 0x800010d0 (0xe6db0993) x19 0xfffffe61
core   0: 0x800010d4 (0x019b1bb3) sll     s7, s6, s9
core   0: 3 0x800010d4 (0x019b1bb3) x23 0xffffd000
core   0: 0x800010d8 (0xfe8a42e3) blt     s4, s0, pc - 28
core   0: 3 0x800010d8 (0xfe8a42e3)
core   0: 0x800010bc (0x01384eb3) xor     t4, a6, s3
core   0: 3 0x800010bc (0x01384eb3) x29 0x00000195
core   0: 0x800010c0 (0x908a0c13) addi    s8, s4, -1784
core   0: 3 0x800010c0 (0x908a0c13) x24 0xfffff90a
core   0: 0x800010c4 (0x4043d533) sra     a0, t2, tp
core   0: 3 0x800010c4 (0x4043d533) x10 0xffffffff
core   0: 0x800010c8 (0x01b21f13) slli    t5, tp, 27
core   0: 3 0x800010c8 (0x01b21f13) x30 0x58000000
core   0: 0x800010cc (0x00aa0a13) addi    s4, s4, 10
core   0: 3 0x800010cc (0x00aa0a13) x20 0x0000000c
core   0: 0x800010d0 (0xe6db0993) addi    s3, s6, -403
core   0: 3 0x800010d0 (0xe6db0993) x19 0xfffffe61
core   0: 0x800010d4 (0x019b1bb3) sll     s7, s6, s9
core   0: 3 0x800010d4 (0x019b1bb3) x23 0xffffd000
core   0: 0x800010d8 (0xfe8a42e3) blt     s4, s0, pc - 28
core   0: 3 0x800010d8 (0xfe8a42e3)
core   0: 0x800010dc (0xfb2316e3) bne     t1, s2, pc - 84
core   0: 3 0x800010dc (0xfb2316e3)
core   0: 0x800010e0 (0x175c8393) addi    t2, s9, 373
core   0: 3 0x800010e0 (0x175c8393) x 7 0x0000017f
core   0: 0x800010e4 (0xff800f13) li      t5, -8
core   0: 3 0x800010e4 (0xff800f13) x30 0xfffffff8
core   0: 0x800010e8 (0x0009a233) slt     tp, s3, zero
core   0: 3 0x800010e8 (0x0009a233) x 4 0x00000001
core   0: 0x800010ec (0x00d21993) slli    s3, tp, 13
core   0: 3 0x800010ec (0x00d21993) x19 0x00002000
core   0: 0x800010f0 (0x01000b93) li      s7, 16
core   0: 3 0x800010f0 (0x01000b93) x23 0x00000010
core   0: 0x800010f4 (0x40abdd33) sra     s10, s7, a0
core   0: 3 0x800010f4 (0x40abdd33) x26 0x00000000
core   0: 0x800010f8 (0x016617b3) sll     a5, a2, s6
core   0: 3 0x800010f8 (0x016617b3) x15 0xe6400000
core   0: 0x800010fc (0x010482b3) add     t0, s1, a6
core   0: 3 0x800010fc (0x010482b3) x 5 0xfffffff6
core   0: 0x80001100 (0x006948b3) xor     a7, s2, t1
core   0: 3 0x80001100 (0x006948b3) x17 0x00000000
core   0: 0x80001104 (0x015102b3) add     t0, sp, s5
core   0: 3 0x80001104 (0x015102b3) x 5 0x00028ce4
core   0: 0x80001108 (0xc5503313) sltiu   t1, zero, -939
core   0: 3 0x80001108 (0xc5503313) x 6 0x00000001
core   0: 0x8000110c (0x00913d33) sltu    s10, sp, s1
core   0: 3 0x8000110c (0x00913d33) x26 0x00000000
core   0: 0x80001110 (0x01765313) srli    t1, a2, 23
core   0: 3 0x80001110 (0x01765313) x 6 0x00000100
core   0: 0x80001114 (0x009f0f13) addi    t5, t5, 9
core   0: 3 0x80001114 (0x009f0f13) x30 0x00000001
core   0: 0x80001118 (0x00600413) li      s0, 6
core   0: 3 0x80001118 (0x00600413) x 8 0x00000006
core   0: 0x8000111c (0x405a5c13) srai    s8, s4, 5
core   0: 3 0x8000111c (0x405a5c13) x24 0x00000000
core   0: 0x80001120 (0xfef00a93) li      s5, -17
core   0: 3 0x80001120 (0xfef00a93) x21 0xffffffef
core   0: 0x80001124 (0x41d40233) sub     tp, s0, t4
core   0: 3 0x80001124 (0x41d40233) x 4 0xfffffe71
core   0: 0x80001128 (0x175d3693) sltiu   a3, s10, 373
core   0: 3 0x80001128 (0x175d3693) x13 0x00000001
core   0: 0x8000112c (0xff840413) addi    s0, s0, -8
core   0: 3 0x8000112c (0xff840413) x 8 0xfffffffe
core   0: 0x80001130 (0xd112ee13) ori     t3, t0, -751
core   0: 3 0x80001130 (0xd112ee13) x28 0xfffffdf5
core   0: 0x80001134 (0xff545ae3) bge     s0, s5, pc - 12
core   0: 3 0x80001134 (0xff545ae3)
core   0: 0x80001128 (0x175d3693) sltiu   a3, s10, 373
core   0: 3 0x80001128 (0x175d3693) x13 0x00000001
core   0: 0x8000112c (0xff840413) addi    s0, s0, -8
core   0: 3 0x8000112c (0xff840413) x 8 0xfffffff6
core   0: 0x80001130 (0xd112ee13) ori     t3, t0, -751
core   0: 3 0x80001130 (0xd112ee13) x28 0xfffffdf5
core   0: 0x80001134 (0xff545ae3) bge     s0, s5, pc - 12
core   0: 3 0x80001134 (0xff545ae3)
core   0: 0x80001128 (0x175d3693) sltiu   a3, s10, 373
core   0: 3 0x80001128 (0x175d3693) x13 0x00000001
core   0: 0x8000112c (0xff840413) addi    s0, s0, -8
core   0: 3 0x8000112c (0xff840413) x 8 0xffffffee
core   0: 0x80001130 (0xd112ee13) ori     t3, t0, -751
core   0: 3 0x80001130 (0xd112ee13) x28 0xfffffdf5
core   0: 0x80001134 (0xff545ae3) bge     s0, s5, pc - 12
core   0: 3 0x80001134 (0xff545ae3)
core   0: 0x80001138 (0x61652093) slti    ra, a0, 1558
core   0: 3 0x80001138 (0x61652093) x 1 0x00000001
core   0: 0x8000113c (0xfd7f40e3) blt     t5, s7, pc - 64
core   0: 3 0x8000113c (0xfd7f40e3)
core   0: 0x800010fc (0x010482b3) add     t0, s1, a6
core   0: 3 0x800010fc (0x010482b3) x 5 0xfffffff6
core   0: 0x80001100 (0x006948b3) xor     a7, s2, t1
core   0: 3 0x80001100 (0x006948b3) x17 0xfffffef7
core   0: 0x80001104 (0x015102b3) add     t0, sp, s5
core   0: 3 0x80001104 (0x015102b3) x 5 0x80028cd3
core   0: 0x80001108 (0xc5503313) sltiu   t1, zero, -939
core   0: 3 0x80001108 (0xc5503313) x 6 0x00000001
core   0: 0x8000110c (0x00913d33) sltu    s10, sp, s1
core   0: 3 0x8000110c (0x00913d33) x26 0x00000000
core   0: 0x80001110 (0x01765313) srli    t1, a2, 23
core   0: 3 0x80001110 (0x01765313) x 6 0x00000100
core   0: 0x80001114 (0x009f0f13) addi    t5, t5, 9
core   0: 3 0x80001114 (0x009f0f13) x30 0x0000000a
core   0: 0x80001118 (0x00600413) li      s0, 6
core   0: 3 0x80001118 (0x00600413) x 8 0x00000006
core   0: 0x8000111c (0x405a5c13) srai    s8, s4, 5
core   0: 3 0x8000111c (0x405a5c13) x24 0x00000000
core   0: 0x80001120 (0xfef00a93) li      s5, -17
core   0: 3 0x80001120 (0xfef00a93) x21 0xffffffef
core   0: 0x80001124 (0x41d40233) sub     tp, s0, t4
core   0: 3 0x80001124 (0x41d40233) x 4 0xfffffe71
core   0: 0x80001128 (0x175d3693) sltiu   a3, s10, 373
core   0: 3 0x80001128 (0x175d3693) x13 0x00000001
core   0: 0x8000112c (0xff840413) addi    s0, s0, -8
core   0: 3 0x8000112c (0xff840413) x 8 0xfffffffe
core   0: 0x80001130 (0xd112ee13) ori     t3, t0, -751
core   0: 3 0x80001130 (0xd112ee13) x28 0xfffffdd3
core   0: 0x80001134 (0xff545ae3) bge     s0, s5, pc - 12
core   0: 3 0x80001134 (0xff545ae3)
core   0: 0x80001128 (0x175d3693) sltiu   a3, s10, 373
core   0: 3 0x80001128 (0x175d3693) x13 0x00000001
core   0: 0x8000112c (0xff840413) addi    s0, s0, -8
core   0: 3 0x8000112c (0xff840413) x 8 0xfffffff6
core   0: 0x80001130 (0xd112ee13) ori     t3, t0, -751
core   0: 3 0x80001130 (0xd112ee13) x28 0xfffffdd3
core   0: 0x80001134 (0xff545ae3) bge     s0, s5, pc - 12
core   0: 3 0x80001134 (0xff545ae3)
core   0: 0x80001128 (0x175d3693) sltiu   a3, s10, 373
core   0: 3 0x80001128 (0x175d3693) x13 0x00000001
core   0: 0x8000112c (0xff840413) addi    s0, s0, -8
core   0: 3 0x8000112c (0xff840413) x 8 0xffffffee
core   0: 0x80001130 (0xd112ee13) ori     t3, t0, -751
core   0: 3 0x80001130 (0xd112ee13) x28 0xfffffdd3
core   0: 0x80001134 (0xff545ae3) bge     s0, s5, pc - 12
core   0: 3 0x80001134 (0xff545ae3)
core   0: 0x80001138 (0x61652093) slti    ra, a0, 1558
core   0: 3 0x80001138 (0x61652093) x 1 0x00000001
core   0: 0x8000113c (0xfd7f40e3) blt     t5, s7, pc - 64
core   0: 3 0x8000113c (0xfd7f40e3)
core   0: 0x800010fc (0x010482b3) add     t0, s1, a6
core   0: 3 0x800010fc (0x010482b3) x 5 0xfffffff6
core   0: 0x80001100 (0x006948b3) xor     a7, s2, t1
core   0: 3 0x80001100 (0x006948b3) x17 0xfffffef7
core   0: 0x80001104 (0x015102b3) add     t0, sp, s5
core   0: 3 0x80001104 (0x015102b3) x 5 0x80028cd3
core   0: 0x80001108 (0xc5503313) sltiu   t1, zero, -939
core   0: 3 0x80001108 (0xc5503313) x 6 0x00000001
core   0: 0x8000110c (0x00913d33) sltu    s10, sp, s1
core   0: 3 0x8000110c (0x00913d33) x26 0x00000000
core   0: 0x80001110 (0x01765313) srli    t1, a2, 23
core   0: 3 0x80001110 (0x01765313) x 6 0x00000100
core   0: 0x80001114 (0x009f0f13) addi    t5, t5, 9
core   0: 3 0x80001114 (0x009f0f13) x30 0x00000013
core   0: 0x80001118 (0x00600413) li      s0, 6
core   0: 3 0x80001118 (0x00600413) x 8 0x00000006
core   0: 0x8000111c (0x405a5c13) srai    s8, s4, 5
core   0: 3 0x8000111c (0x405a5c13) x24 0x00000000
core   0: 0x80001120 (0xfef00a93) li      s5, -17
core   0: 3 0x80001120 (0xfef00a93) x21 0xffffffef
core   0: 0x80001124 (0x41d40233) sub     tp, s0, t4
core   0: 3 0x80001124 (0x41d40233) x 4 0xfffffe71
core   0: 0x80001128 (0x175d3693) sltiu   a3, s10, 373
core   0: 3 0x80001128 (0x175d3693) x13 0x00000001
core   0: 0x8000112c (0xff840413) addi    s0, s0, -8
core   0: 3 0x8000112c (0xff840413) x 8 0xfffffffe
core   0: 0x80001130 (0xd112ee13) ori     t3, t0, -751
core   0: 3 0x80001130 (0xd112ee13) x28 0xfffffdd3
core   0: 0x80001134 (0xff545ae3) bge     s0, s5, pc - 12
core   0: 3 0x80001134 (0xff545ae3)
core   0: 0x80001128 (0x175d3693) sltiu   a3, s10, 373
core   0: 3 0x80001128 (0x175d3693) x13 0x00000001
core   0: 0x8000112c (0xff840413) addi    s0, s0, -8
core   0: 3 0x8000112c (0xff840413) x 8 0xfffffff6
core   0: 0x80001130 (0xd112ee13) ori     t3, t0, -751
core   0: 3 0x80001130 (0xd112ee13) x28 0xfffffdd3
core   0: 0x80001134 (0xff545ae3) bge     s0, s5, pc - 12
core   0: 3 0x80001134 (0xff545ae3)
core   0: 0x80001128 (0x175d3693) sltiu   a3, s10, 373
core   0: 3 0x80001128 (0x175d3693) x13 0x00000001
core   0: 0x8000112c (0xff840413) addi    s0, s0, -8
core   0: 3 0x8000112c (0xff840413) x 8 0xffffffee
core   0: 0x80001130 (0xd112ee13) ori     t3, t0, -751
core   0: 3 0x80001130 (0xd112ee13) x28 0xfffffdd3
core   0: 0x80001134 (0xff545ae3) bge     s0, s5, pc - 12
core   0: 3 0x80001134 (0xff545ae3)
core   0: 0x80001138 (0x61652093) slti    ra, a0, 1558
core   0: 3 0x80001138 (0x61652093) x 1 0x00000001
core   0: 0x8000113c (0xfd7f40e3) blt     t5, s7, pc - 64
core   0: 3 0x8000113c (0xfd7f40e3)
core   0: 0x80001140 (0x00845013) srli    zero, s0, 8
core   0: 3 0x80001140 (0x00845013)
core   0: 0x80001144 (0x00200713) li      a4, 2
core   0: 3 0x80001144 (0x00200713) x14 0x00000002
core   0: 0x80001148 (0x5482a793) slti    a5, t0, 1352
core   0: 3 0x80001148 (0x5482a793) x15 0x00000001
core   0: 0x8000114c (0x0ff0000f) fence   iorw,iorw
core   0: 3 0x8000114c (0x0ff0000f)
core   0: 0x80001150 (0x00700e13) li      t3, 7
core   0: 3 0x80001150 (0x00700e13) x28 0x00000007
core   0: 0x80001154 (0x010162b3) or      t0, sp, a6
core   0: 3 0x80001154 (0x010162b3) x 5 0xfffffff4
core   0: 0x80001158 (0x412601b3) sub     gp, a2, s2
core   0: 3 0x80001158 (0x412601b3) x 3 0x80024e6d
core   0: 0x8000115c (0x00570713) addi    a4, a4, 5
core   0: 3 0x8000115c (0x00570713) x14 0x00000007
core   0: 0x80001160 (0x0ff0000f) fence   iorw,iorw
core   0: 3 0x80001160 (0x0ff0000f)
core   0: 0x80001164 (0xff700693) li      a3, -9
core   0: 3 0x80001164 (0xff700693) x13 0xfffffff7
core   0: 0x80001168 (0x40b4d9b3) sra     s3, s1, a1
core   0: 3 0x80001168 (0x40b4d9b3) x19 0x00000002
core   0: 0x8000116c (0x586c0093) addi    ra, s8, 1414
core   0: 3 0x8000116c (0x586c0093) x 1 0x00000586
core   0: 0x80001170 (0x01100913) li      s2, 17
core   0: 3 0x80001170 (0x01100913) x18 0x00000011
core   0: 0x80001174 (0x01ba2a33) slt     s4, s4, s11
core   0: 3 0x80001174 (0x01ba2a33) x20 0x00000000
core   0: 0x80001178 (0x01f59bb3) sll     s7, a1, t6
core   0: 3 0x80001178 (0x01f59bb3) x23 0x00000000
core   0: 0x8000117c (0x00768693) addi    a3, a3, 7
core   0: 3 0x8000117c (0x00768693) x13 0xfffffffe
core   0: 0x80001180 (0xff26eae3) bltu    a3, s2, pc - 12
core   0: 3 0x80001180 (0xff26eae3)
core   0: 0x80001184 (0xfdc71ae3) bne     a4, t3, pc - 44
core   0: 3 0x80001184 (0xfdc71ae3)
core   0: 0x80001188 (0x012a0033) add     zero, s4, s2
core   0: 3 0x80001188 (0x012a0033)
core   0: 0x8000118c (0x00500a13) li      s4, 5
core   0: 3 0x8000118c (0x00500a13) x20 0x00000005
core   0: 0x80001190 (0xff000693) li      a3, -16
core   0: 3 0x80001190 (0xff000693) x13 0xfffffff0
core   0: 0x80001194 (0x01352c33) slt     s8, a0, s3
core   0: 3 0x80001194 (0x01352c33) x24 0x00000001
core   0: 0x80001198 (0xffda0a13) addi    s4, s4, -3
core   0: 3 0x80001198 (0xffda0a13) x20 0x00000002
core   0: 0x8000119c (0x00300713) li      a4, 3
core   0: 3 0x8000119c (0x00300713) x14 0x00000003
core   0: 0x800011a0 (0x00700513) li      a0, 7
core   0: 3 0x800011a0 (0x00700513) x10 0x00000007
core   0: 0x800011a4 (0x017d0833) add     a6, s10, s7
core   0: 3 0x800011a4 (0x017d0833) x16 0x00000000
core   0: 0x800011a8 (0x00caefb3) or      t6, s5, a2
core   0: 3 0x800011a8 (0x00caefb3) x31 0xffffffef
core   0: 0x800011ac (0x00870713) addi    a4, a4, 8
core   0: 3 0x800011ac (0x00870713) x14 0x0000000b
core   0: 0x800011b0 (0xfea74ce3) blt     a4, a0, pc - 8
core   0: 3 0x800011b0 (0xfea74ce3)
core   0: 0x800011b4 (0xfeda00e3) beq     s4, a3, pc - 32
core   0: 3 0x800011b4 (0xfeda00e3)
core   0: 0x800011b8 (0x408902b3) sub     t0, s2, s0
core   0: 3 0x800011b8 (0x408902b3) x 5 0x00000023
core   0: 0x800011bc (0x00000413) li      s0, 0
core   0: 3 0x800011bc (0x00000413) x 8 0x00000000
core   0: 0x800011c0 (0x006c1a33) sll     s4, s8, t1
core   0: 3 0x800011c0 (0x006c1a33) x20 0x00000001
core   0: 0x800011c4 (0x00700b13) li      s6, 7
core   0: 3 0x800011c4 (0x00700b13) x22 0x00000007
core   0: 0x800011c8 (0x00458eb3) add     t4, a1, tp
core   0: 3 0x800011c8 (0x00458eb3) x29 0x7ffffe71
core   0: 0x800011cc (0x00740413) addi    s0, s0, 7
core   0: 3 0x800011cc (0x00740413) x 8 0x00000007
core   0: 0x800011d0 (0x01309213) slli    tp, ra, 19
core   0: 3 0x800011d0 (0x01309213) x 4 0x2c300000
core   0: 0x800011d4 (0xffa00693) li      a3, -6
core   0: 3 0x800011d4 (0xffa00693) x13 0xfffffffa
core   0: 0x800011d8 (0xff000093) li      ra, -16
core   0: 3 0x800011d8 (0xff000093) x 1 0xfffffff0
core   0: 0x800011dc (0x2c893913) sltiu   s2, s2, 712
core   0: 3 0x800011dc (0x2c893913) x18 0x00000001
core   0: 0x800011e0 (0x405952b3) sra     t0, s2, t0
core   0: 3 0x800011e0 (0x405952b3) x 5 0x00000000
core   0: 0x800011e4 (0xfff68693) addi    a3, a3, -1
core   0: 3 0x800011e4 (0xfff68693) x13 0xfffffff9
core   0: 0x800011e8 (0xfe169ae3) bne     a3, ra, pc - 12
core   0: 3 0x800011e8 (0xfe169ae3)
core   0: 0x800011dc (0x2c893913) sltiu   s2, s2, 712
core   0: 3 0x800011dc (0x2c893913) x18 0x00000001
core   0: 0x800011e0 (0x405952b3) sra     t0, s2, t0
core   0: 3 0x800011e0 (0x405952b3) x 5 0x00000001
core   0: 0x800011e4 (0xfff68693) addi    a3, a3, -1
core   0: 3 0x800011e4 (0xfff68693) x13 0xfffffff8
core   0: 0x800011e8 (0xfe169ae3) bne     a3, ra, pc - 12
core   0: 3 0x800011e8 (0xfe169ae3)
core   0: 0x800011dc (0x2c893913) sltiu   s2, s2, 712
core   0: 3 0x800011dc (0x2c893913) x18 0x00000001
core   0: 0x800011e0 (0x405952b3) sra     t0, s2, t0
core   0: 3 0x800011e0 (0x405952b3) x 5 0x00000000
core   0: 0x800011e4 (0xfff68693) addi    a3, a3, -1
core   0: 3 0x800011e4 (0xfff68693) x13 0xfffffff7
core   0: 0x800011e8 (0xfe169ae3) bne     a3, ra, pc - 12
core   0: 3 0x800011e8 (0xfe169ae3)
core   0: 0x800011dc (0x2c893913) sltiu   s2, s2, 712
core   0: 3 0x800011dc (0x2c893913) x18 0x00000001
core   0: 0x800011e0 (0x405952b3) sra     t0, s2, t0
core   0: 3 0x800011e0 (0x405952b3) x 5 0x00000001
core   0: 0x800011e4 (0xfff68693) addi    a3, a3, -1
core   0: 3 0x800011e4 (0xfff68693) x13 0xfffffff6
core   0: 0x800011e8 (0xfe169ae3) bne     a3, ra, pc - 12
core   0: 3 0x800011e8 (0xfe169ae3)
core   0: 0x800011dc (0x2c893913) sltiu   s2, s2, 712
core   0: 3 0x800011dc (0x2c893913) x18 0x00000001
core   0: 0x800011e0 (0x405952b3) sra     t0, s2, t0
core   0: 3 0x800011e0 (0x405952b3) x 5 0x00000000
core   0: 0x800011e4 (0xfff68693) addi    a3, a3, -1
core   0: 3 0x800011e4 (0xfff68693) x13 0xfffffff5
core   0: 0x800011e8 (0xfe169ae3) bne     a3, ra, pc - 12
core   0: 3 0x800011e8 (0xfe169ae3)
core   0: 0x800011dc (0x2c893913) sltiu   s2, s2, 712
core   0: 3 0x800011dc (0x2c893913) x18 0x00000001
core   0: 0x800011e0 (0x405952b3) sra     t0, s2, t0
core   0: 3 0x800011e0 (0x405952b3) x 5 0x00000001
core   0: 0x800011e4 (0xfff68693) addi    a3, a3, -1
core   0: 3 0x800011e4 (0xfff68693) x13 0xfffffff4
core   0: 0x800011e8 (0xfe169ae3) bne     a3, ra, pc - 12
core   0: 3 0x800011e8 (0xfe169ae3)
core   0: 0x800011dc (0x2c893913) sltiu   s2, s2, 712
core   0: 3 0x800011dc (0x2c893913) x18 0x00000001
core   0: 0x800011e0 (0x405952b3) sra     t0, s2, t0
core   0: 3 0x800011e0 (0x405952b3) x 5 0x00000000
core   0: 0x800011e4 (0xfff68693) addi    a3, a3, -1
core   0: 3 0x800011e4 (0xfff68693) x13 0xfffffff3
core   0: 0x800011e8 (0xfe169ae3) bne     a3, ra, pc - 12
core   0: 3 0x800011e8 (0xfe169ae3)
core   0: 0x800011dc (0x2c893913) sltiu   s2, s2, 712
core   0: 3 0x800011dc (0x2c893913) x18 0x00000001
core   0: 0x800011e0 (0x405952b3) sra     t0, s2, t0
core   0: 3 0x800011e0 (0x405952b3) x 5 0x00000001
core   0: 0x800011e4 (0xfff68693) addi    a3, a3, -1
core   0: 3 0x800011e4 (0xfff68693) x13 0xfffffff2
core   0: 0x800011e8 (0xfe169ae3) bne     a3, ra, pc - 12
core   0: 3 0x800011e8 (0xfe169ae3)
core   0: 0x800011dc (0x2c893913) sltiu   s2, s2, 712
core   0: 3 0x800011dc (0x2c893913) x18 0x00000001
core   0: 0x800011e0 (0x405952b3) sra     t0, s2, t0
core   0: 3 0x800011e0 (0x405952b3) x 5 0x00000000
core   0: 0x800011e4 (0xfff68693) addi    a3, a3, -1
core   0: 3 0x800011e4 (0xfff68693) x13 0xfffffff1
core   0: 0x800011e8 (0xfe169ae3) bne     a3, ra, pc - 12
core   0: 3 0x800011e8 (0xfe169ae3)
core   0: 0x800011dc (0x2c893913) sltiu   s2, s2, 712
core   0: 3 0x800011dc (0x2c893913) x18 0x00000001
core   0: 0x800011e0 (0x405952b3) sra     t0, s2, t0
core   0: 3 0x800011e0 (0x405952b3) x 5 0x00000001
core   0: 0x800011e4 (0xfff68693) addi    a3, a3, -1
core   0: 3 0x800011e4 (0xfff68693) x13 0xfffffff0
core   0: 0x800011e8 (0xfe169ae3) bne     a3, ra, pc - 12
core   0: 3 0x800011e8 (0xfe169ae3)
core   0: 0x800011ec (0x4894ce13) xori    t3, s1, 1161
core   0: 3 0x800011ec (0x4894ce13) x28 0x0000048b
core   0: 0x800011f0 (0xfd646ce3) bltu    s0, s6, pc - 40
core   0: 3 0x800011f0 (0xfd646ce3)
core   0: 0x800011f4 (0x0129fe33) and     t3, s3, s2
core   0: 3 0x800011f4 (0x0129fe33) x28 0x00000000
core   0: 0x800011f8 (0x00300693) li      a3, 3
core   0: 3 0x800011f8 (0x00300693) x13 0x00000003
core   0: 0x800011fc (0x00300813) li      a6, 3
core   0: 3 0x800011fc (0x00300813) x16 0x00000003
core   0: 0x80001200 (0x40b0d993) srai    s3, ra, 11
core   0: 3 0x80001200 (0x40b0d993) x19 0xffffffff
core   0: 0x80001204 (0x172133b7) lui     t2, 0x17213
core   0: 3 0x80001204 (0x172133b7) x 7 0x17213000
core   0: 0x80001208 (0x40838433) sub     s0, t2, s0
core   0: 3 0x80001208 (0x40838433) x 8 0x17212ff9
core   0: 0x8000120c (0x29080193) addi    gp, a6, 656
core   0: 3 0x8000120c (0x29080193) x 3 0x00000293
core   0: 0x80001210 (0xffe68693) addi    a3, a3, -2
core   0: 3 0x80001210 (0xffe68693) x13 0x00000001
core   0: 0x80001214 (0x32854513) xori    a0, a0, 808
core   0: 3 0x80001214 (0x32854513) x10 0x0000032f
core   0: 0x80001218 (0xdff48397) auipc   t2, 0xdff48
core   0: 3 0x80001218 (0xdff48397) x 7 0x5ff49218
core   0: 0x8000121c (0x69b27c13) andi    s8, tp, 1691
core   0: 3 0x8000121c (0x69b27c13) x24 0x00000000
core   0: 0x80001220 (0x401752b3) sra     t0, a4, ra
core   0: 3 0x80001220 (0x401752b3) x 5 0x00000000
core   0: 0x80001224 (0xff06f4e3) bgeu    a3, a6, pc - 24
core   0: 3 0x80001224 (0xff06f4e3)
core   0: 0x80001228 (0x98e4c213) xori    tp, s1, -1650
core   0: 3 0x80001228 (0x98e4c213) x 4 0xfffff98c
core   0: 0x8000122c (0xff600513) li      a0, -10
core   0: 3 0x8000122c (0xff600513) x10 0xfffffff6
core   0: 0x80001230 (0x21cc61b7) lui     gp, 0x21cc6
core   0: 3 0x80001230 (0x21cc61b7) x 3 0x21cc6000
core   0: 0x80001234 (0x00100a93) li      s5, 1
core   0: 3 0x80001234 (0x00100a93) x21 0x00000001
core   0: 0x80001238 (0x81918d13) addi    s10, gp, -2023
core   0: 3 0x80001238 (0x81918d13) x26 0x21cc5819
core   0: 0x8000123c (0x00150513) addi    a0, a0, 1
core   0: 3 0x8000123c (0x00150513) x10 0xfffffff7
core   0: 0x80001240 (0x00300993) li      s3, 3
core   0: 3 0x80001240 (0x00300993) x19 0x00000003
core   0: 0x80001244 (0x0e1d0d13) addi    s10, s10, 225
core   0: 3 0x80001244 (0x0e1d0d13) x26 0x21cc58fa
core   0: 0x80001248 (0x00b00f93) li      t6, 11
core   0: 3 0x80001248 (0x00b00f93) x31 0x0000000b
core   0: 0x8000124c (0x002872b3) and     t0, a6, sp
core   0: 3 0x8000124c (0x002872b3) x 5 0x00000000
core   0: 0x80001250 (0x00de5213) srli    tp, t3, 13
core   0: 3 0x80001250 (0x00de5213) x 4 0x00000000
core   0: 0x80001254 (0x00898993) addi    s3, s3, 8
core   0: 3 0x80001254 (0x00898993) x19 0x0000000b
core   0: 0x80001258 (0xfff9eae3) bltu    s3, t6, pc - 12
core   0: 3 0x80001258 (0xfff9eae3)
core   0: 0x8000125c (0xfd554ee3) blt     a0, s5, pc - 36
core   0: 3 0x8000125c (0xfd554ee3)
core   0: 0x80001238 (0x81918d13) addi    s10, gp, -2023
core   0: 3 0x80001238 (0x81918d13) x26 0x21cc5819
core   0: 0x8000123c (0x00150513) addi    a0, a0, 1
core   0: 3 0x8000123c (0x00150513) x10 0xfffffff8
core   0: 0x80001240 (0x00300993) li      s3, 3
core   0: 3 0x80001240 (0x00300993) x19 0x00000003
core   0: 0x80001244 (0x0e1d0d13) addi    s10, s10, 225
core   0: 3 0x80001244 (0x0e1d0d13) x26 0x21cc58fa
core   0: 0x80001248 (0x00b00f93) li      t6, 11
core   0: 3 0x80001248 (0x00b00f93) x31 0x0000000b
core   0: 0x8000124c (0x002872b3) and     t0, a6, sp
core   0: 3 0x8000124c (0x002872b3) x 5 0x00000000
core   0: 0x80001250 (0x00de5213) srli    tp, t3, 13
core   0: 3 0x80001250 (0x00de5213) x 4 0x00000000
core   0: 0x80001254 (0x00898993) addi    s3, s3, 8
core   0: 3 0x80001254 (0x00898993) x19 0x0000000b
core   0: 0x80001258 (0xfff9eae3) bltu    s3, t6, pc - 12
core   0: 3 0x80001258 (0xfff9eae3)
core   0: 0x8000125c (0xfd554ee3) blt     a0, s5, pc - 36
core   0: 3 0x8000125c (0xfd554ee3)
core   0: 0x80001238 (0x81918d13) addi    s10, gp, -2023
core   0: 3 0x80001238 (0x81918d13) x26 0x21cc5819
core   0: 0x8000123c (0x00150513) addi    a0, a0, 1
core   0: 3 0x8000123c (0x00150513) x10 0xfffffff9
core   0: 0x80001240 (0x00300993) li      s3, 3
core   0: 3 0x80001240 (0x00300993) x19 0x00000003
core   0: 0x80001244 (0x0e1d0d13) addi    s10, s10, 225
core   0: 3 0x80001244 (0x0e1d0d13) x26 0x21cc58fa
core   0: 0x80001248 (0x00b00f93) li      t6, 11
core   0: 3 0x80001248 (0x00b00f93) x31 0x0000000b
core   0: 0x8000124c (0x002872b3) and     t0, a6, sp
core   0: 3 0x8000124c (0x002872b3) x 5 0x00000000
core   0: 0x80001250 (0x00de5213) srli    tp, t3, 13
core   0: 3 0x80001250 (0x00de5213) x 4 0x00000000
core   0: 0x80001254 (0x00898993) addi    s3, s3, 8
core   0: 3 0x80001254 (0x00898993) x19 0x0000000b
core   0: 0x80001258 (0xfff9eae3) bltu    s3, t6, pc - 12
core   0: 3 0x80001258 (0xfff9eae3)
core   0: 0x8000125c (0xfd554ee3) blt     a0, s5, pc - 36
core   0: 3 0x8000125c (0xfd554ee3)
core   0: 0x80001238 (0x81918d13) addi    s10, gp, -2023
core   0: 3 0x80001238 (0x81918d13) x26 0x21cc5819
core   0: 0x8000123c (0x00150513) addi    a0, a0, 1
core   0: 3 0x8000123c (0x00150513) x10 0xfffffffa
core   0: 0x80001240 (0x00300993) li      s3, 3
core   0: 3 0x80001240 (0x00300993) x19 0x00000003
core   0: 0x80001244 (0x0e1d0d13) addi    s10, s10, 225
core   0: 3 0x80001244 (0x0e1d0d13) x26 0x21cc58fa
core   0: 0x80001248 (0x00b00f93) li      t6, 11
core   0: 3 0x80001248 (0x00b00f93) x31 0x0000000b
core   0: 0x8000124c (0x002872b3) and     t0, a6, sp
core   0: 3 0x8000124c (0x002872b3) x 5 0x00000000
core   0: 0x80001250 (0x00de5213) srli    tp, t3, 13
core   0: 3 0x80001250 (0x00de5213) x 4 0x00000000
core   0: 0x80001254 (0x00898993) addi    s3, s3, 8
core   0: 3 0x80001254 (0x00898993) x19 0x0000000b
core   0: 0x80001258 (0xfff9eae3) bltu    s3, t6, pc - 12
core   0: 3 0x80001258 (0xfff9eae3)
core   0: 0x8000125c (0xfd554ee3) blt     a0, s5, pc - 36
core   0: 3 0x8000125c (0xfd554ee3)
core   0: 0x80001238 (0x81918d13) addi    s10, gp, -2023
core   0: 3 0x80001238 (0x81918d13) x26 0x21cc5819
core   0: 0x8000123c (0x00150513) addi    a0, a0, 1
core   0: 3 0x8000123c (0x00150513) x10 0xfffffffb
core   0: 0x80001240 (0x00300993) li      s3, 3
core   0: 3 0x80001240 (0x00300993) x19 0x00000003
core   0: 0x80001244 (0x0e1d0d13) addi    s10, s10, 225
core   0: 3 0x80001244 (0x0e1d0d13) x26 0x21cc58fa
core   0: 0x80001248 (0x00b00f93) li      t6, 11
core   0: 3 0x80001248 (0x00b00f93) x31 0x0000000b
core   0: 0x8000124c (0x002872b3) and     t0, a6, sp
core   0: 3 0x8000124c (0x002872b3) x 5 0x00000000
core   0: 0x80001250 (0x00de5213) srli    tp, t3, 13
core   0: 3 0x80001250 (0x00de5213) x 4 0x00000000
core   0: 0x80001254 (0x00898993) addi    s3, s3, 8
core   0: 3 0x80001254 (0x00898993) x19 0x0000000b
core   0: 0x80001258 (0xfff9eae3) bltu    s3, t6, pc - 12
core   0: 3 0x80001258 (0xfff9eae3)
core   0: 0x8000125c (0xfd554ee3) blt     a0, s5, pc - 36
core   0: 3 0x8000125c (0xfd554ee3)
core   0: 0x80001238 (0x81918d13) addi    s10, gp, -2023
core   0: 3 0x80001238 (0x81918d13) x26 0x21cc5819
core   0: 0x8000123c (0x00150513) addi    a0, a0, 1
core   0: 3 0x8000123c (0x00150513) x10 0xfffffffc
core   0: 0x80001240 (0x00300993) li      s3, 3
core   0: 3 0x80001240 (0x00300993) x19 0x00000003
core   0: 0x80001244 (0x0e1d0d13) addi    s10, s10, 225
core   0: 3 0x80001244 (0x0e1d0d13) x26 0x21cc58fa
core   0: 0x80001248 (0x00b00f93) li      t6, 11
core   0: 3 0x80001248 (0x00b00f93) x31 0x0000000b
core   0: 0x8000124c (0x002872b3) and     t0, a6, sp
core   0: 3 0x8000124c (0x002872b3) x 5 0x00000000
core   0: 0x80001250 (0x00de5213) srli    tp, t3, 13
core   0: 3 0x80001250 (0x00de5213) x 4 0x00000000
core   0: 0x80001254 (0x00898993) addi    s3, s3, 8
core   0: 3 0x80001254 (0x00898993) x19 0x0000000b
core   0: 0x80001258 (0xfff9eae3) bltu    s3, t6, pc - 12
core   0: 3 0x80001258 (0xfff9eae3)
core   0: 0x8000125c (0xfd554ee3) blt     a0, s5, pc - 36
core   0: 3 0x8000125c (0xfd554ee3)
core   0: 0x80001238 (0x81918d13) addi    s10, gp, -2023
core   0: 3 0x80001238 (0x81918d13) x26 0x21cc5819
core   0: 0x8000123c (0x00150513) addi    a0, a0, 1
core   0: 3 0x8000123c (0x00150513) x10 0xfffffffd
core   0: 0x80001240 (0x00300993) li      s3, 3
core   0: 3 0x80001240 (0x00300993) x19 0x00000003
core   0: 0x80001244 (0x0e1d0d13) addi    s10, s10, 225
core   0: 3 0x80001244 (0x0e1d0d13) x26 0x21cc58fa
core   0: 0x80001248 (0x00b00f93) li      t6, 11
core   0: 3 0x80001248 (0x00b00f93) x31 0x0000000b
core   0: 0x8000124c (0x002872b3) and     t0, a6, sp
core   0: 3 0x8000124c (0x002872b3) x 5 0x00000000
core   0: 0x80001250 (0x00de5213) srli    tp, t3, 13
core   0: 3 0x80001250 (0x00de5213) x 4 0x00000000
core   0: 0x80001254 (0x00898993) addi    s3, s3, 8
core   0: 3 0x80001254 (0x00898993) x19 0x0000000b
core   0: 0x80001258 (0xfff9eae3) bltu    s3, t6, pc - 12
core   0: 3 0x80001258 (0xfff9eae3)
core   0: 0x8000125c (0xfd554ee3) blt     a0, s5, pc - 36
core   0: 3 0x8000125c (0xfd554ee3)
core   0: 0x80001238 (0x81918d13) addi    s10, gp, -2023
core   0: 3 0x80001238 (0x81918d13) x26 0x21cc5819
core   0: 0x8000123c (0x00150513) addi    a0, a0, 1
core   0: 3 0x8000123c (0x00150513) x10 0xfffffffe
core   0: 0x80001240 (0x00300993) li      s3, 3
core   0: 3 0x80001240 (0x00300993) x19 0x00000003
core   0: 0x80001244 (0x0e1d0d13) addi    s10, s10, 225
core   0: 3 0x80001244 (0x0e1d0d13) x26 0x21cc58fa
core   0: 0x80001248 (0x00b00f93) li      t6, 11
core   0: 3 0x80001248 (0x00b00f93) x31 0x0000000b
core   0: 0x8000124c (0x002872b3) and     t0, a6, sp
core   0: 3 0x8000124c (0x002872b3) x 5 0x00000000
core   0: 0x80001250 (0x00de5213) srli    tp, t3, 13
core   0: 3 0x80001250 (0x00de5213) x 4 0x00000000
core   0: 0x80001254 (0x00898993) addi    s3, s3, 8
core   0: 3 0x80001254 (0x00898993) x19 0x0000000b
core   0: 0x80001258 (0xfff9eae3) bltu    s3, t6, pc - 12
core   0: 3 0x80001258 (0xfff9eae3)
core   0: 0x8000125c (0xfd554ee3) blt     a0, s5, pc - 36
core   0: 3 0x8000125c (0xfd554ee3)
core   0: 0x80001238 (0x81918d13) addi    s10, gp, -2023
core   0: 3 0x80001238 (0x81918d13) x26 0x21cc5819
core   0: 0x8000123c (0x00150513) addi    a0, a0, 1
core   0: 3 0x8000123c (0x00150513) x10 0xffffffff
core   0: 0x80001240 (0x00300993) li      s3, 3
core   0: 3 0x80001240 (0x00300993) x19 0x00000003
core   0: 0x80001244 (0x0e1d0d13) addi    s10, s10, 225
core   0: 3 0x80001244 (0x0e1d0d13) x26 0x21cc58fa
core   0: 0x80001248 (0x00b00f93) li      t6, 11
core   0: 3 0x80001248 (0x00b00f93) x31 0x0000000b
core   0: 0x8000124c (0x002872b3) and     t0, a6, sp
core   0: 3 0x8000124c (0x002872b3) x 5 0x00000000
core   0: 0x80001250 (0x00de5213) srli    tp, t3, 13
core   0: 3 0x80001250 (0x00de5213) x 4 0x00000000
core   0: 0x80001254 (0x00898993) addi    s3, s3, 8
core   0: 3 0x80001254 (0x00898993) x19 0x0000000b
core   0: 0x80001258 (0xfff9eae3) bltu    s3, t6, pc - 12
core   0: 3 0x80001258 (0xfff9eae3)
core   0: 0x8000125c (0xfd554ee3) blt     a0, s5, pc - 36
core   0: 3 0x8000125c (0xfd554ee3)
core   0: 0x80001238 (0x81918d13) addi    s10, gp, -2023
core   0: 3 0x80001238 (0x81918d13) x26 0x21cc5819
core   0: 0x8000123c (0x00150513) addi    a0, a0, 1
core   0: 3 0x8000123c (0x00150513) x10 0x00000000
core   0: 0x80001240 (0x00300993) li      s3, 3
core   0: 3 0x80001240 (0x00300993) x19 0x00000003
core   0: 0x80001244 (0x0e1d0d13) addi    s10, s10, 225
core   0: 3 0x80001244 (0x0e1d0d13) x26 0x21cc58fa
core   0: 0x80001248 (0x00b00f93) li      t6, 11
core   0: 3 0x80001248 (0x00b00f93) x31 0x0000000b
core   0: 0x8000124c (0x002872b3) and     t0, a6, sp
core   0: 3 0x8000124c (0x002872b3) x 5 0x00000000
core   0: 0x80001250 (0x00de5213) srli    tp, t3, 13
core   0: 3 0x80001250 (0x00de5213) x 4 0x00000000
core   0: 0x80001254 (0x00898993) addi    s3, s3, 8
core   0: 3 0x80001254 (0x00898993) x19 0x0000000b
core   0: 0x80001258 (0xfff9eae3) bltu    s3, t6, pc - 12
core   0: 3 0x80001258 (0xfff9eae3)
core   0: 0x8000125c (0xfd554ee3) blt     a0, s5, pc - 36
core   0: 3 0x8000125c (0xfd554ee3)
core   0: 0x80001238 (0x81918d13) addi    s10, gp, -2023
core   0: 3 0x80001238 (0x81918d13) x26 0x21cc5819
core   0: 0x8000123c (0x00150513) addi    a0, a0, 1
core   0: 3 0x8000123c (0x00150513) x10 0x00000001
core   0: 0x80001240 (0x00300993) li      s3, 3
core   0: 3 0x80001240 (0x00300993) x19 0x00000003
core   0: 0x80001244 (0x0e1d0d13) addi    s10, s10, 225
core   0: 3 0x80001244 (0x0e1d0d13) x26 0x21cc58fa
core   0: 0x80001248 (0x00b00f93) li      t6, 11
core   0: 3 0x80001248 (0x00b00f93) x31 0x0000000b
core   0: 0x8000124c (0x002872b3) and     t0, a6, sp
core   0: 3 0x8000124c (0x002872b3) x 5 0x00000000
core   0: 0x80001250 (0x00de5213) srli    tp, t3, 13
core   0: 3 0x80001250 (0x00de5213) x 4 0x00000000
core   0: 0x80001254 (0x00898993) addi    s3, s3, 8
core   0: 3 0x80001254 (0x00898993) x19 0x0000000b
core   0: 0x80001258 (0xfff9eae3) bltu    s3, t6, pc - 12
core   0: 3 0x80001258 (0xfff9eae3)
core   0: 0x8000125c (0xfd554ee3) blt     a0, s5, pc - 36
core   0: 3 0x8000125c (0xfd554ee3)
core   0: 0x80001260 (0x0139dd93) srli    s11, s3, 19
core   0: 3 0x80001260 (0x0139dd93) x27 0x00000000
core   0: 0x80001264 (0x00500213) li      tp, 5
core   0: 3 0x80001264 (0x00500213) x 4 0x00000005
core   0: 0x80001268 (0x001667b3) or      a5, a2, ra
core   0: 3 0x80001268 (0x001667b3) x15 0xfffffff4
core   0: 0x8000126c (0x0032ce33) xor     t3, t0, gp
core   0: 3 0x8000126c (0x0032ce33) x28 0x21cc6000
core   0: 0x80001270 (0x00f7fe33) and     t3, a5, a5
core   0: 3 0x80001270 (0x00f7fe33) x28 0xfffffff4
core   0: 0x80001274 (0x00200db3) add     s11, zero, sp
core   0: 3 0x80001274 (0x00200db3) x27 0x80028ce4
core   0: 0x80001278 (0xff600513) li      a0, -10
core   0: 3 0x80001278 (0xff600513) x10 0xfffffff6
core   0: 0x8000127c (0x01ee0433) add     s0, t3, t5
core   0: 3 0x8000127c (0x01ee0433) x 8 0x00000007
core   0: 0x80001280 (0x00d63b33) sltu    s6, a2, a3
core   0: 3 0x80001280 (0x00d63b33) x22 0x00000000
core   0: 0x80001284 (0x00722433) slt     s0, tp, t2
core   0: 3 0x80001284 (0x00722433) x 8 0x00000001
core   0: 0x80001288 (0x01712933) slt     s2, sp, s7
core   0: 3 0x80001288 (0x01712933) x18 0x00000001
core   0: 0x8000128c (0xffd20213) addi    tp, tp, -3
core   0: 3 0x8000128c (0xffd20213) x 4 0x00000002
core   0: 0x80001290 (0xb86b8993) addi    s3, s7, -1146
core   0: 3 0x80001290 (0xb86b8993) x19 0xfffffb86
core   0: 0x80001294 (0x01749f13) slli    t5, s1, 23
core   0: 3 0x80001294 (0x01749f13) x30 0x01000000
core   0: 0x80001298 (0x005d9713) slli    a4, s11, 5
core   0: 3 0x80001298 (0x005d9713) x14 0x00519c80
core   0: 0x8000129c (0x0ff0000f) fence   iorw,iorw
core   0: 3 0x8000129c (0x0ff0000f)
core   0: 0x800012a0 (0x00100f93) li      t6, 1
core   0: 3 0x800012a0 (0x00100f93) x31 0x00000001
core   0: 0x800012a4 (0x01d029b3) slt     s3, zero, t4
core   0: 3 0x800012a4 (0x01d029b3) x19 0x00000001
core   0: 0x800012a8 (0x00600a93) li      s5, 6
core   0: 3 0x800012a8 (0x00600a93) x21 0x00000006
core   0: 0x800012ac (0xc3c1ab93) slti    s7, gp, -964
core   0: 3 0x800012ac (0xc3c1ab93) x23 0x00000000
core   0: 0x800012b0 (0x016238b3) sltu    a7, tp, s6
core   0: 3 0x800012b0 (0x016238b3) x17 0x00000000
core   0: 0x800012b4 (0x00af8f93) addi    t6, t6, 10
core   0: 3 0x800012b4 (0x00af8f93) x31 0x0000000b
core   0: 0x800012b8 (0x01393a33) sltu    s4, s2, s3
core   0: 3 0x800012b8 (0x01393a33) x20 0x00000000
core   0: 0x800012bc (0xff5feae3) bltu    t6, s5, pc - 12
core   0: 3 0x800012bc (0xff5feae3)
core   0: 0x800012c0 (0x416d5d13) srai    s10, s10, 22
core   0: 3 0x800012c0 (0x416d5d13) x26 0x00000087
core   0: 0x800012c4 (0x4607f413) andi    s0, a5, 1120
core   0: 3 0x800012c4 (0x4607f413) x 8 0x00000460
core   0: 0x800012c8 (0x82134417) auipc   s0, 0x82134
core   0: 3 0x800012c8 (0x82134417) x 8 0x021352c8
core   0: 0x800012cc (0xfaa20ae3) beq     tp, a0, pc - 76
core   0: 3 0x800012cc (0xfaa20ae3)
core   0: 0x800012d0 (0x41c609b3) sub     s3, a2, t3
core   0: 3 0x800012d0 (0x41c609b3) x19 0x80024e70
core   0: 0x800012d4 (0x00100713) li      a4, 1
core   0: 3 0x800012d4 (0x00100713) x14 0x00000001
core   0: 0x800012d8 (0x40690e33) sub     t3, s2, t1
core   0: 3 0x800012d8 (0x40690e33) x28 0xffffff01
core   0: 0x800012dc (0x00e85b33) srl     s6, a6, a4
core   0: 3 0x800012dc (0x00e85b33) x22 0x00000001
core   0: 0x800012e0 (0xf893b313) sltiu   t1, t2, -119
core   0: 3 0x800012e0 (0xf893b313) x 6 0x00000001
core   0: 0x800012e4 (0x41405eb3) sra     t4, zero, s4
core   0: 3 0x800012e4 (0x41405eb3) x29 0x00000000
core   0: 0x800012e8 (0x41a15db3) sra     s11, sp, s10
core   0: 3 0x800012e8 (0x41a15db3) x27 0xff000519
core   0: 0x800012ec (0x015ab433) sltu    s0, s5, s5
core   0: 3 0x800012ec (0x015ab433) x 8 0x00000000
core   0: 0x800012f0 (0x00600c93) li      s9, 6
core   0: 3 0x800012f0 (0x00600c93) x25 0x00000006
core   0: 0x800012f4 (0x008211b3) sll     gp, tp, s0
core   0: 3 0x800012f4 (0x008211b3) x 3 0x00000002
core   0: 0x800012f8 (0x408c03b3) sub     t2, s8, s0
core   0: 3 0x800012f8 (0x408c03b3) x 7 0x00000000
core   0: 0x800012fc (0x00a50933) add     s2, a0, a0
core   0: 3 0x800012fc (0x00a50933) x18 0xffffffec
core   0: 0x80001300 (0xded34293) xori    t0, t1, -531
core   0: 3 0x80001300 (0xded34293) x 5 0xfffffdec
core   0: 0x80001304 (0x00170713) addi    a4, a4, 1
core   0: 3 0x80001304 (0x00170713) x14 0x00000002
core   0: 0x80001308 (0x01d95033) srl     zero, s2, t4
core   0: 3 0x80001308 (0x01d95033)
core   0: 0x8000130c (0x010ee933) or      s2, t4, a6
core   0: 3 0x8000130c (0x010ee933) x18 0x00000003
core   0: 0x80001310 (0x2a6d6293) ori     t0, s10, 678
core   0: 3 0x80001310 (0x2a6d6293) x 5 0x000002a7
core   0: 0x80001314 (0xff9702e3) beq     a4, s9, pc - 28
core   0: 3 0x80001314 (0xff9702e3)
core   0: 0x80001318 (0x0078e4b3) or      s1, a7, t2
core   0: 3 0x80001318 (0x0078e4b3) x 9 0x00000000
core   0: 0x8000131c (0x00300793) li      a5, 3
core   0: 3 0x8000131c (0x00300793) x15 0x00000003
core   0: 0x80001320 (0x0118c033) xor     zero, a7, a7
core   0: 3 0x80001320 (0x0118c033)
core   0: 0x80001324 (0x401808b3) sub     a7, a6, ra
core   0: 3 0x80001324 (0x401808b3) x17 0x00000013
core   0: 0x80001328 (0x40f380b3) sub     ra, t2, a5
core   0: 3 0x80001328 (0x40f380b3) x 1 0xfffffffd
core   0: 0x8000132c (0x00d00d13) li      s10, 13
core   0: 3 0x8000132c (0x00d00d13) x26 0x0000000d
core   0: 0x80001330 (0x164e9717) auipc   a4, 0x164e9
core   0: 3 0x80001330 (0x164e9717) x14 0x964ea330
core   0: 0x80001334 (0x00278793) addi    a5, a5, 2
core   0: 3 0x80001334 (0x00278793) x15 0x00000005
core   0: 0x80001338 (0xa76a7513) andi    a0, s4, -1418
core   0: 3 0x80001338 (0xa76a7513) x10 0x00000000
core   0: 0x8000133c (0x750fbc93) sltiu   s9, t6, 1872
core   0: 3 0x8000133c (0x750fbc93) x25 0x00000001
core   0: 0x80001340 (0x00700b13) li      s6, 7
core   0: 3 0x80001340 (0x00700b13) x22 0x00000007
core   0: 0x80001344 (0xff000993) li      s3, -16
core   0: 3 0x80001344 (0xff000993) x19 0xfffffff0
core   0: 0x80001348 (0x00fe2ab3) slt     s5, t3, a5
core   0: 3 0x80001348 (0x00fe2ab3) x21 0x00000001
core   0: 0x8000134c (0x0113cbb3) xor     s7, t2, a7
core   0: 3 0x8000134c (0x0113cbb3) x23 0x00000013
core   0: 0x80001350 (0x00000013) nop
core   0: 3 0x80001350 (0x00000013)
core   0: 0x80001354 (0x8ae11f17) auipc   t5, 0x8ae11
core   0: 3 0x80001354 (0x8ae11f17) x30 0x0ae12354
core   0: 0x80001358 (0x0000100f) fence.i
core   0: 3 0x80001358 (0x0000100f)
core   0: 0x8000135c (0x0ff0000f) fence   iorw,iorw
core   0: 3 0x8000135c (0x0ff0000f)
core   0: 0x80001360 (0x00000013) nop
core   0: 3 0x80001360 (0x00000013)
core   0: 0x80001364 (0x406e8db3) sub     s11, t4, t1
core   0: 3 0x80001364 (0x406e8db3) x27 0xffffffff
core   0: 0x80001368 (0xffeb0b13) addi    s6, s6, -2
core   0: 3 0x80001368 (0xffeb0b13) x22 0x00000005
core   0: 0x8000136c (0xff3b5ae3) bge     s6, s3, pc - 12
core   0: 3 0x8000136c (0xff3b5ae3)
core   0: 0x80001360 (0x00000013) nop
core   0: 3 0x80001360 (0x00000013)
core   0: 0x80001364 (0x406e8db3) sub     s11, t4, t1
core   0: 3 0x80001364 (0x406e8db3) x27 0xffffffff
core   0: 0x80001368 (0xffeb0b13) addi    s6, s6, -2
core   0: 3 0x80001368 (0xffeb0b13) x22 0x00000003
core   0: 0x8000136c (0xff3b5ae3) bge     s6, s3, pc - 12
core   0: 3 0x8000136c (0xff3b5ae3)
core   0: 0x80001360 (0x00000013) nop
core   0: 3 0x80001360 (0x00000013)
core   0: 0x80001364 (0x406e8db3) sub     s11, t4, t1
core   0: 3 0x80001364 (0x406e8db3) x27 0xffffffff
core   0: 0x80001368 (0xffeb0b13) addi    s6, s6, -2
core   0: 3 0x80001368 (0xffeb0b13) x22 0x00000001
core   0: 0x8000136c (0xff3b5ae3) bge     s6, s3, pc - 12
core   0: 3 0x8000136c (0xff3b5ae3)
core   0: 0x80001360 (0x00000013) nop
core   0: 3 0x80001360 (0x00000013)
core   0: 0x80001364 (0x406e8db3) sub     s11, t4, t1
core   0: 3 0x80001364 (0x406e8db3) x27 0xffffffff
core   0: 0x80001368 (0xffeb0b13) addi    s6, s6, -2
core   0: 3 0x80001368 (0xffeb0b13) x22 0xffffffff
core   0: 0x8000136c (0xff3b5ae3) bge     s6, s3, pc - 12
core   0: 3 0x8000136c (0xff3b5ae3)
core   0: 0x80001360 (0x00000013) nop
core   0: 3 0x80001360 (0x00000013)
core   0: 0x80001364 (0x406e8db3) sub     s11, t4, t1
core   0: 3 0x80001364 (0x406e8db3) x27 0xffffffff
core   0: 0x80001368 (0xffeb0b13) addi    s6, s6, -2
core   0: 3 0x80001368 (0xffeb0b13) x22 0xfffffffd
core   0: 0x8000136c (0xff3b5ae3) bge     s6, s3, pc - 12
core   0: 3 0x8000136c (0xff3b5ae3)
core   0: 0x80001360 (0x00000013) nop
core   0: 3 0x80001360 (0x00000013)
core   0: 0x80001364 (0x406e8db3) sub     s11, t4, t1
core   0: 3 0x80001364 (0x406e8db3) x27 0xffffffff
core   0: 0x80001368 (0xffeb0b13) addi    s6, s6, -2
core   0: 3 0x80001368 (0xffeb0b13) x22 0xfffffffb
core   0: 0x8000136c (0xff3b5ae3) bge     s6, s3, pc - 12
core   0: 3 0x8000136c (0xff3b5ae3)
core   0: 0x80001360 (0x00000013) nop
core   0: 3 0x80001360 (0x00000013)
core   0: 0x80001364 (0x406e8db3) sub     s11, t4, t1
core   0: 3 0x80001364 (0x406e8db3) x27 0xffffffff
core   0: 0x80001368 (0xffeb0b13) addi    s6, s6, -2
core   0: 3 0x80001368 (0xffeb0b13) x22 0xfffffff9
core   0: 0x8000136c (0xff3b5ae3) bge     s6, s3, pc - 12
core   0: 3 0x8000136c (0xff3b5ae3)
core   0: 0x80001360 (0x00000013) nop
core   0: 3 0x80001360 (0x00000013)
core   0: 0x80001364 (0x406e8db3) sub     s11, t4, t1
core   0: 3 0x80001364 (0x406e8db3) x27 0xffffffff
core   0: 0x80001368 (0xffeb0b13) addi    s6, s6, -2
core   0: 3 0x80001368 (0xffeb0b13) x22 0xfffffff7
core   0: 0x8000136c (0xff3b5ae3) bge     s6, s3, pc - 12
core   0: 3 0x8000136c (0xff3b5ae3)
core   0: 0x80001360 (0x00000013) nop
core   0: 3 0x80001360 (0x00000013)
core   0: 0x80001364 (0x406e8db3) sub     s11, t4, t1
core   0: 3 0x80001364 (0x406e8db3) x27 0xffffffff
core   0: 0x80001368 (0xffeb0b13) addi    s6, s6, -2
core   0: 3 0x80001368 (0xffeb0b13) x22 0xfffffff5
core   0: 0x8000136c (0xff3b5ae3) bge     s6, s3, pc - 12
core   0: 3 0x8000136c (0xff3b5ae3)
core   0: 0x80001360 (0x00000013) nop
core   0: 3 0x80001360 (0x00000013)
core   0: 0x80001364 (0x406e8db3) sub     s11, t4, t1
core   0: 3 0x80001364 (0x406e8db3) x27 0xffffffff
core   0: 0x80001368 (0xffeb0b13) addi    s6, s6, -2
core   0: 3 0x80001368 (0xffeb0b13) x22 0xfffffff3
core   0: 0x8000136c (0xff3b5ae3) bge     s6, s3, pc - 12
core   0: 3 0x8000136c (0xff3b5ae3)
core   0: 0x80001360 (0x00000013) nop
core   0: 3 0x80001360 (0x00000013)
core   0: 0x80001364 (0x406e8db3) sub     s11, t4, t1
core   0: 3 0x80001364 (0x406e8db3) x27 0xffffffff
core   0: 0x80001368 (0xffeb0b13) addi    s6, s6, -2
core   0: 3 0x80001368 (0xffeb0b13) x22 0xfffffff1
core   0: 0x8000136c (0xff3b5ae3) bge     s6, s3, pc - 12
core   0: 3 0x8000136c (0xff3b5ae3)
core   0: 0x80001360 (0x00000013) nop
core   0: 3 0x80001360 (0x00000013)
core   0: 0x80001364 (0x406e8db3) sub     s11, t4, t1
core   0: 3 0x80001364 (0x406e8db3) x27 0xffffffff
core   0: 0x80001368 (0xffeb0b13) addi    s6, s6, -2
core   0: 3 0x80001368 (0xffeb0b13) x22 0xffffffef
core   0: 0x8000136c (0xff3b5ae3) bge     s6, s3, pc - 12
core   0: 3 0x8000136c (0xff3b5ae3)
core   0: 0x80001370 (0x41b35193) srai    gp, t1, 27
core   0: 3 0x80001370 (0x41b35193) x 3 0x00000000
core   0: 0x80001374 (0x403bd893) srai    a7, s7, 3
core   0: 3 0x80001374 (0x403bd893) x17 0x00000002
core   0: 0x80001378 (0x01448933) add     s2, s1, s4
core   0: 3 0x80001378 (0x01448933) x18 0x00000000
core   0: 0x8000137c (0x0000100f) fence.i
core   0: 3 0x8000137c (0x0000100f)
core   0: 0x80001380 (0xedc66517) auipc   a0, 0xedc66
core   0: 3 0x80001380 (0xedc66517) x10 0x6dc67380
core   0: 0x80001384 (0xfba786e3) beq     a5, s10, pc - 84
core   0: 3 0x80001384 (0xfba786e3)
core   0: 0x80001388 (0x407bd493) srai    s1, s7, 7
core   0: 3 0x80001388 (0x407bd493) x 9 0x00000000
core   0: 0x8000138c (0x00300393) li      t2, 3
core   0: 3 0x8000138c (0x00300393) x 7 0x00000003
core   0: 0x80001390 (0x41ba50b3) sra     ra, s4, s11
core   0: 3 0x80001390 (0x41ba50b3) x 1 0x00000000
core   0: 0x80001394 (0x00400a13) li      s4, 4
core   0: 3 0x80001394 (0x00400a13) x20 0x00000004
core   0: 0x80001398 (0x330d3813) sltiu   a6, s10, 816
core   0: 3 0x80001398 (0x330d3813) x16 0x00000001
core   0: 0x8000139c (0x0059ccb3) xor     s9, s3, t0
core   0: 3 0x8000139c (0x0059ccb3) x25 0xfffffd57
core   0: 0x800013a0 (0x1dfe3693) sltiu   a3, t3, 479
core   0: 3 0x800013a0 (0x1dfe3693) x13 0x00000000
core   0: 0x800013a4 (0x00a38393) addi    t2, t2, 10
core   0: 3 0x800013a4 (0x00a38393) x 7 0x0000000d
core   0: 0x800013a8 (0xca48e193) ori     gp, a7, -860
core   0: 3 0x800013a8 (0xca48e193) x 3 0xfffffca6
core   0: 0x800013ac (0xff43c8e3) blt     t2, s4, pc - 16
core   0: 3 0x800013ac (0xff43c8e3)
core   0: 0x800013b0 (0x01839213) slli    tp, t2, 24
core   0: 3 0x800013b0 (0x01839213) x 4 0x0d000000
core   0: 0x800013b4 (0x00a00913) li      s2, 10
core   0: 3 0x800013b4 (0x00a00913) x18 0x0000000a
core   0: 0x800013b8 (0xa72c2a93) slti    s5, s8, -1422
core   0: 3 0x800013b8 (0xa72c2a93) x21 0x00000000
core   0: 0x800013bc (0x00093db3) sltu    s11, s2, zero
core   0: 3 0x800013bc (0x00093db3) x27 0x00000000
core   0: 0x800013c0 (0x01100b93) li      s7, 17
core   0: 3 0x800013c0 (0x01100b93) x23 0x00000011
core   0: 0x800013c4 (0x0ff0000f) fence   iorw,iorw
core   0: 3 0x800013c4 (0x0ff0000f)
core   0: 0x800013c8 (0x01427233) and     tp, tp, s4
core   0: 3 0x800013c8 (0x01427233) x 4 0x00000000
core   0: 0x800013cc (0x00890913) addi    s2, s2, 8
core   0: 3 0x800013cc (0x00890913) x18 0x00000012
core   0: 0x800013d0 (0x004812b3) sll     t0, a6, tp
core   0: 3 0x800013d0 (0x004812b3) x 5 0x00000001
core   0: 0x800013d4 (0x11718493) addi    s1, gp, 279
core   0: 3 0x800013d4 (0x11718493) x 9 0xfffffdbd
core   0: 0x800013d8 (0xff7968e3) bltu    s2, s7, pc - 16
core   0: 3 0x800013d8 (0xff7968e3)
core   0: 0x800013dc (0x0106cb33) xor     s6, a3, a6
core   0: 3 0x800013dc (0x0106cb33) x22 0x00000001
core   0: 0x800013e0 (0x00a00e93) li      t4, 10
core   0: 3 0x800013e0 (0x00a00e93) x29 0x0000000a
core   0: 0x800013e4 (0x0000100f) fence.i
core   0: 3 0x800013e4 (0x0000100f)
core   0: 0x800013e8 (0x00100a93) li      s5, 1
core   0: 3 0x800013e8 (0x00100a93) x21 0x00000001
core   0: 0x800013ec (0x0ff0000f) fence   iorw,iorw
core   0: 3 0x800013ec (0x0ff0000f)
core   0: 0x800013f0 (0x439a9417) auipc   s0, 0x439a9
core   0: 3 0x800013f0 (0x439a9417) x 8 0xc39aa3f0
core   0: 0x800013f4 (0xfffe8e93) addi    t4, t4, -1
core   0: 3 0x800013f4 (0xfffe8e93) x29 0x00000009
core   0: 0x800013f8 (0x00700b93) li      s7, 7
core   0: 3 0x800013f8 (0x00700b93) x23 0x00000007
core   0: 0x800013fc (0x01100d93) li      s11, 17
core   0: 3 0x800013fc (0x01100d93) x27 0x00000011
core   0: 0x80001400 (0x7e20e713) ori     a4, ra, 2018
core   0: 3 0x80001400 (0x7e20e713) x14 0x000007e2
core   0: 0x80001404 (0x014dc8b3) xor     a7, s11, s4
core   0: 3 0x80001404 (0x014dc8b3) x17 0x00000015
core   0: 0x80001408 (0x009b8b93) addi    s7, s7, 9
core   0: 3 0x80001408 (0x009b8b93) x23 0x00000010
core   0: 0x8000140c (0xffbbcce3) blt     s7, s11, pc - 8
core   0: 3 0x8000140c (0xffbbcce3)
core   0: 0x80001404 (0x014dc8b3) xor     a7, s11, s4
core   0: 3 0x80001404 (0x014dc8b3) x17 0x00000015
core   0: 0x80001408 (0x009b8b93) addi    s7, s7, 9
core   0: 3 0x80001408 (0x009b8b93) x23 0x00000019
core   0: 0x8000140c (0xffbbcce3) blt     s7, s11, pc - 8
core   0: 3 0x8000140c (0xffbbcce3)
core   0: 0x80001410 (0x263d6393) ori     t2, s10, 611
core   0: 3 0x80001410 (0x263d6393) x 7 0x0000026f
core   0: 0x80001414 (0xfd5e9ee3) bne     t4, s5, pc - 36
core   0: 3 0x80001414 (0xfd5e9ee3)
core   0: 0x800013f0 (0x439a9417) auipc   s0, 0x439a9
core   0: 3 0x800013f0 (0x439a9417) x 8 0xc39aa3f0
core   0: 0x800013f4 (0xfffe8e93) addi    t4, t4, -1
core   0: 3 0x800013f4 (0xfffe8e93) x29 0x00000008
core   0: 0x800013f8 (0x00700b93) li      s7, 7
core   0: 3 0x800013f8 (0x00700b93) x23 0x00000007
core   0: 0x800013fc (0x01100d93) li      s11, 17
core   0: 3 0x800013fc (0x01100d93) x27 0x00000011
core   0: 0x80001400 (0x7e20e713) ori     a4, ra, 2018
core   0: 3 0x80001400 (0x7e20e713) x14 0x000007e2
core   0: 0x80001404 (0x014dc8b3) xor     a7, s11, s4
core   0: 3 0x80001404 (0x014dc8b3) x17 0x00000015
core   0: 0x80001408 (0x009b8b93) addi    s7, s7, 9
core   0: 3 0x80001408 (0x009b8b93) x23 0x00000010
core   0: 0x8000140c (0xffbbcce3) blt     s7, s11, pc - 8
core   0: 3 0x8000140c (0xffbbcce3)
core   0: 0x80001404 (0x014dc8b3) xor     a7, s11, s4
core   0: 3 0x80001404 (0x014dc8b3) x17 0x00000015
core   0: 0x80001408 (0x009b8b93) addi    s7, s7, 9
core   0: 3 0x80001408 (0x009b8b93) x23 0x00000019
core   0: 0x8000140c (0xffbbcce3) blt     s7, s11, pc - 8
core   0: 3 0x8000140c (0xffbbcce3)
core   0: 0x80001410 (0x263d6393) ori     t2, s10, 611
core   0: 3 0x80001410 (0x263d6393) x 7 0x0000026f
core   0: 0x80001414 (0xfd5e9ee3) bne     t4, s5, pc - 36
core   0: 3 0x80001414 (0xfd5e9ee3)
core   0: 0x800013f0 (0x439a9417) auipc   s0, 0x439a9
core   0: 3 0x800013f0 (0x439a9417) x 8 0xc39aa3f0
core   0: 0x800013f4 (0xfffe8e93) addi    t4, t4, -1
core   0: 3 0x800013f4 (0xfffe8e93) x29 0x00000007
core   0: 0x800013f8 (0x00700b93) li      s7, 7
core   0: 3 0x800013f8 (0x00700b93) x23 0x00000007
core   0: 0x800013fc (0x01100d93) li      s11, 17
core   0: 3 0x800013fc (0x01100d93) x27 0x00000011
core   0: 0x80001400 (0x7e20e713) ori     a4, ra, 2018
core   0: 3 0x80001400 (0x7e20e713) x14 0x000007e2
core   0: 0x80001404 (0x014dc8b3) xor     a7, s11, s4
core   0: 3 0x80001404 (0x014dc8b3) x17 0x00000015
core   0: 0x80001408 (0x009b8b93) addi    s7, s7, 9
core   0: 3 0x80001408 (0x009b8b93) x23 0x00000010
core   0: 0x8000140c (0xffbbcce3) blt     s7, s11, pc - 8
core   0: 3 0x8000140c (0xffbbcce3)
core   0: 0x80001404 (0x014dc8b3) xor     a7, s11, s4
core   0: 3 0x80001404 (0x014dc8b3) x17 0x00000015
core   0: 0x80001408 (0x009b8b93) addi    s7, s7, 9
core   0: 3 0x80001408 (0x009b8b93) x23 0x00000019
core   0: 0x8000140c (0xffbbcce3) blt     s7, s11, pc - 8
core   0: 3 0x8000140c (0xffbbcce3)
core   0: 0x80001410 (0x263d6393) ori     t2, s10, 611
core   0: 3 0x80001410 (0x263d6393) x 7 0x0000026f
core   0: 0x80001414 (0xfd5e9ee3) bne     t4, s5, pc - 36
core   0: 3 0x80001414 (0xfd5e9ee3)
core   0: 0x800013f0 (0x439a9417) auipc   s0, 0x439a9
core   0: 3 0x800013f0 (0x439a9417) x 8 0xc39aa3f0
core   0: 0x800013f4 (0xfffe8e93) addi    t4, t4, -1
core   0: 3 0x800013f4 (0xfffe8e93) x29 0x00000006
core   0: 0x800013f8 (0x00700b93) li      s7, 7
core   0: 3 0x800013f8 (0x00700b93) x23 0x00000007
core   0: 0x800013fc (0x01100d93) li      s11, 17
core   0: 3 0x800013fc (0x01100d93) x27 0x00000011
core   0: 0x80001400 (0x7e20e713) ori     a4, ra, 2018
core   0: 3 0x80001400 (0x7e20e713) x14 0x000007e2
core   0: 0x80001404 (0x014dc8b3) xor     a7, s11, s4
core   0: 3 0x80001404 (0x014dc8b3) x17 0x00000015
core   0: 0x80001408 (0x009b8b93) addi    s7, s7, 9
core   0: 3 0x80001408 (0x009b8b93) x23 0x00000010
core   0: 0x8000140c (0xffbbcce3) blt     s7, s11, pc - 8
core   0: 3 0x8000140c (0xffbbcce3)
core   0: 0x80001404 (0x014dc8b3) xor     a7, s11, s4
core   0: 3 0x80001404 (0x014dc8b3) x17 0x00000015
core   0: 0x80001408 (0x009b8b93) addi    s7, s7, 9
core   0: 3 0x80001408 (0x009b8b93) x23 0x00000019
core   0: 0x8000140c (0xffbbcce3) blt     s7, s11, pc - 8
core   0: 3 0x8000140c (0xffbbcce3)
core   0: 0x80001410 (0x263d6393) ori     t2, s10, 611
core   0: 3 0x80001410 (0x263d6393) x 7 0x0000026f
core   0: 0x80001414 (0xfd5e9ee3) bne     t4, s5, pc - 36
core   0: 3 0x80001414 (0xfd5e9ee3)
core   0: 0x800013f0 (0x439a9417) auipc   s0, 0x439a9
core   0: 3 0x800013f0 (0x439a9417) x 8 0xc39aa3f0
core   0: 0x800013f4 (0xfffe8e93) addi    t4, t4, -1
core   0: 3 0x800013f4 (0xfffe8e93) x29 0x00000005
core   0: 0x800013f8 (0x00700b93) li      s7, 7
core   0: 3 0x800013f8 (0x00700b93) x23 0x00000007
core   0: 0x800013fc (0x01100d93) li      s11, 17
core   0: 3 0x800013fc (0x01100d93) x27 0x00000011
core   0: 0x80001400 (0x7e20e713) ori     a4, ra, 2018
core   0: 3 0x80001400 (0x7e20e713) x14 0x000007e2
core   0: 0x80001404 (0x014dc8b3) xor     a7, s11, s4
core   0: 3 0x80001404 (0x014dc8b3) x17 0x00000015
core   0: 0x80001408 (0x009b8b93) addi    s7, s7, 9
core   0: 3 0x80001408 (0x009b8b93) x23 0x00000010
core   0: 0x8000140c (0xffbbcce3) blt     s7, s11, pc - 8
core   0: 3 0x8000140c (0xffbbcce3)
core   0: 0x80001404 (0x014dc8b3) xor     a7, s11, s4
core   0: 3 0x80001404 (0x014dc8b3) x17 0x00000015
core   0: 0x80001408 (0x009b8b93) addi    s7, s7, 9
core   0: 3 0x80001408 (0x009b8b93) x23 0x00000019
core   0: 0x8000140c (0xffbbcce3) blt     s7, s11, pc - 8
core   0: 3 0x8000140c (0xffbbcce3)
core   0: 0x80001410 (0x263d6393) ori     t2, s10, 611
core   0: 3 0x80001410 (0x263d6393) x 7 0x0000026f
core   0: 0x80001414 (0xfd5e9ee3) bne     t4, s5, pc - 36
core   0: 3 0x80001414 (0xfd5e9ee3)
core   0: 0x800013f0 (0x439a9417) auipc   s0, 0x439a9
core   0: 3 0x800013f0 (0x439a9417) x 8 0xc39aa3f0
core   0: 0x800013f4 (0xfffe8e93) addi    t4, t4, -1
core   0: 3 0x800013f4 (0xfffe8e93) x29 0x00000004
core   0: 0x800013f8 (0x00700b93) li      s7, 7
core   0: 3 0x800013f8 (0x00700b93) x23 0x00000007
core   0: 0x800013fc (0x01100d93) li      s11, 17
core   0: 3 0x800013fc (0x01100d93) x27 0x00000011
core   0: 0x80001400 (0x7e20e713) ori     a4, ra, 2018
core   0: 3 0x80001400 (0x7e20e713) x14 0x000007e2
core   0: 0x80001404 (0x014dc8b3) xor     a7, s11, s4
core   0: 3 0x80001404 (0x014dc8b3) x17 0x00000015
core   0: 0x80001408 (0x009b8b93) addi    s7, s7, 9
core   0: 3 0x80001408 (0x009b8b93) x23 0x00000010
core   0: 0x8000140c (0xffbbcce3) blt     s7, s11, pc - 8
core   0: 3 0x8000140c (0xffbbcce3)
core   0: 0x80001404 (0x014dc8b3) xor     a7, s11, s4
core   0: 3 0x80001404 (0x014dc8b3) x17 0x00000015
core   0: 0x80001408 (0x009b8b93) addi    s7, s7, 9
core   0: 3 0x80001408 (0x009b8b93) x23 0x00000019
core   0: 0x8000140c (0xffbbcce3) blt     s7, s11, pc - 8
core   0: 3 0x8000140c (0xffbbcce3)
core   0: 0x80001410 (0x263d6393) ori     t2, s10, 611
core   0: 3 0x80001410 (0x263d6393) x 7 0x0000026f
core   0: 0x80001414 (0xfd5e9ee3) bne     t4, s5, pc - 36
core   0: 3 0x80001414 (0xfd5e9ee3)
core   0: 0x800013f0 (0x439a9417) auipc   s0, 0x439a9
core   0: 3 0x800013f0 (0x439a9417) x 8 0xc39aa3f0
core   0: 0x800013f4 (0xfffe8e93) addi    t4, t4, -1
core   0: 3 0x800013f4 (0xfffe8e93) x29 0x00000003
core   0: 0x800013f8 (0x00700b93) li      s7, 7
core   0: 3 0x800013f8 (0x00700b93) x23 0x00000007
core   0: 0x800013fc (0x01100d93) li      s11, 17
core   0: 3 0x800013fc (0x01100d93) x27 0x00000011
core   0: 0x80001400 (0x7e20e713) ori     a4, ra, 2018
core   0: 3 0x80001400 (0x7e20e713) x14 0x000007e2
core   0: 0x80001404 (0x014dc8b3) xor     a7, s11, s4
core   0: 3 0x80001404 (0x014dc8b3) x17 0x00000015
core   0: 0x80001408 (0x009b8b93) addi    s7, s7, 9
core   0: 3 0x80001408 (0x009b8b93) x23 0x00000010
core   0: 0x8000140c (0xffbbcce3) blt     s7, s11, pc - 8
core   0: 3 0x8000140c (0xffbbcce3)
core   0: 0x80001404 (0x014dc8b3) xor     a7, s11, s4
core   0: 3 0x80001404 (0x014dc8b3) x17 0x00000015
core   0: 0x80001408 (0x009b8b93) addi    s7, s7, 9
core   0: 3 0x80001408 (0x009b8b93) x23 0x00000019
core   0: 0x8000140c (0xffbbcce3) blt     s7, s11, pc - 8
core   0: 3 0x8000140c (0xffbbcce3)
core   0: 0x80001410 (0x263d6393) ori     t2, s10, 611
core   0: 3 0x80001410 (0x263d6393) x 7 0x0000026f
core   0: 0x80001414 (0xfd5e9ee3) bne     t4, s5, pc - 36
core   0: 3 0x80001414 (0xfd5e9ee3)
core   0: 0x800013f0 (0x439a9417) auipc   s0, 0x439a9
core   0: 3 0x800013f0 (0x439a9417) x 8 0xc39aa3f0
core   0: 0x800013f4 (0xfffe8e93) addi    t4, t4, -1
core   0: 3 0x800013f4 (0xfffe8e93) x29 0x00000002
core   0: 0x800013f8 (0x00700b93) li      s7, 7
core   0: 3 0x800013f8 (0x00700b93) x23 0x00000007
core   0: 0x800013fc (0x01100d93) li      s11, 17
core   0: 3 0x800013fc (0x01100d93) x27 0x00000011
core   0: 0x80001400 (0x7e20e713) ori     a4, ra, 2018
core   0: 3 0x80001400 (0x7e20e713) x14 0x000007e2
core   0: 0x80001404 (0x014dc8b3) xor     a7, s11, s4
core   0: 3 0x80001404 (0x014dc8b3) x17 0x00000015
core   0: 0x80001408 (0x009b8b93) addi    s7, s7, 9
core   0: 3 0x80001408 (0x009b8b93) x23 0x00000010
core   0: 0x8000140c (0xffbbcce3) blt     s7, s11, pc - 8
core   0: 3 0x8000140c (0xffbbcce3)
core   0: 0x80001404 (0x014dc8b3) xor     a7, s11, s4
core   0: 3 0x80001404 (0x014dc8b3) x17 0x00000015
core   0: 0x80001408 (0x009b8b93) addi    s7, s7, 9
core   0: 3 0x80001408 (0x009b8b93) x23 0x00000019
core   0: 0x8000140c (0xffbbcce3) blt     s7, s11, pc - 8
core   0: 3 0x8000140c (0xffbbcce3)
core   0: 0x80001410 (0x263d6393) ori     t2, s10, 611
core   0: 3 0x80001410 (0x263d6393) x 7 0x0000026f
core   0: 0x80001414 (0xfd5e9ee3) bne     t4, s5, pc - 36
core   0: 3 0x80001414 (0xfd5e9ee3)
core   0: 0x800013f0 (0x439a9417) auipc   s0, 0x439a9
core   0: 3 0x800013f0 (0x439a9417) x 8 0xc39aa3f0
core   0: 0x800013f4 (0xfffe8e93) addi    t4, t4, -1
core   0: 3 0x800013f4 (0xfffe8e93) x29 0x00000001
core   0: 0x800013f8 (0x00700b93) li      s7, 7
core   0: 3 0x800013f8 (0x00700b93) x23 0x00000007
core   0: 0x800013fc (0x01100d93) li      s11, 17
core   0: 3 0x800013fc (0x01100d93) x27 0x00000011
core   0: 0x80001400 (0x7e20e713) ori     a4, ra, 2018
core   0: 3 0x80001400 (0x7e20e713) x14 0x000007e2
core   0: 0x80001404 (0x014dc8b3) xor     a7, s11, s4
core   0: 3 0x80001404 (0x014dc8b3) x17 0x00000015
core   0: 0x80001408 (0x009b8b93) addi    s7, s7, 9
core   0: 3 0x80001408 (0x009b8b93) x23 0x00000010
core   0: 0x8000140c (0xffbbcce3) blt     s7, s11, pc - 8
core   0: 3 0x8000140c (0xffbbcce3)
core   0: 0x80001404 (0x014dc8b3) xor     a7, s11, s4
core   0: 3 0x80001404 (0x014dc8b3) x17 0x00000015
core   0: 0x80001408 (0x009b8b93) addi    s7, s7, 9
core   0: 3 0x80001408 (0x009b8b93) x23 0x00000019
core   0: 0x8000140c (0xffbbcce3) blt     s7, s11, pc - 8
core   0: 3 0x8000140c (0xffbbcce3)
core   0: 0x80001410 (0x263d6393) ori     t2, s10, 611
core   0: 3 0x80001410 (0x263d6393) x 7 0x0000026f
core   0: 0x80001414 (0xfd5e9ee3) bne     t4, s5, pc - 36
core   0: 3 0x80001414 (0xfd5e9ee3)
core   0: 0x80001418 (0x00c38333) add     t1, t2, a2
core   0: 3 0x80001418 (0x00c38333) x 6 0x800250d3
core   0: 0x8000141c (0x00400c93) li      s9, 4
core   0: 3 0x8000141c (0x00400c93) x25 0x00000004
core   0: 0x80001420 (0x0000100f) fence.i
core   0: 3 0x80001420 (0x0000100f)
core   0: 0x80001424 (0x172ac313) xori    t1, s5, 370
core   0: 3 0x80001424 (0x172ac313) x 6 0x00000173
core   0: 0x80001428 (0x41555733) sra     a4, a0, s5
core   0: 3 0x80001428 (0x41555733) x14 0x36e339c0
core   0: 0x8000142c (0x00000993) li      s3, 0
core   0: 3 0x8000142c (0x00000993) x19 0x00000000
core   0: 0x80001430 (0x11b2f793) andi    a5, t0, 283
core   0: 3 0x80001430 (0x11b2f793) x15 0x00000001
core   0: 0x80001434 (0x99856513) ori     a0, a0, -1640
core   0: 3 0x80001434 (0x99856513) x10 0xfffffb98
core   0: 0x80001438 (0xdb4e88b7) lui     a7, 0xdb4e8
core   0: 3 0x80001438 (0xdb4e88b7) x17 0xdb4e8000
core   0: 0x8000143c (0xffec8c93) addi    s9, s9, -2
core   0: 3 0x8000143c (0xffec8c93) x25 0x00000002
core   0: 0x80001440 (0xa23de013) ori     zero, s11, -1501
core   0: 3 0x80001440 (0xa23de013)
core   0: 0x80001444 (0x4086da93) srai    s5, a3, 8
core   0: 3 0x80001444 (0x4086da93) x21 0x00000000
core   0: 0x80001448 (0xbb6a8693) addi    a3, s5, -1098
core   0: 3 0x80001448 (0xbb6a8693) x13 0xfffffbb6
core   0: 0x8000144c (0x0079aab3) slt     s5, s3, t2
core   0: 3 0x8000144c (0x0079aab3) x21 0x00000001
core   0: 0x80001450 (0x00000493) li      s1, 0
core   0: 3 0x80001450 (0x00000493) x 9 0x00000000
core   0: 0x80001454 (0x41845b93) srai    s7, s0, 24
core   0: 3 0x80001454 (0x41845b93) x23 0xffffffc3
core   0: 0x80001458 (0xff100d93) li      s11, -15
core   0: 3 0x80001458 (0xff100d93) x27 0xfffffff1
core   0: 0x8000145c (0x0f388c13) addi    s8, a7, 243
core   0: 3 0x8000145c (0x0f388c13) x24 0xdb4e80f3
core   0: 0x80001460 (0x00a41833) sll     a6, s0, a0
core   0: 3 0x80001460 (0x00a41833) x16 0xf0000000
core   0: 0x80001464 (0x600fda17) auipc   s4, 0x600fd
core   0: 3 0x80001464 (0x600fda17) x20 0xe00fe464
core   0: 0x80001468 (0xc384a7b7) lui     a5, 0xc384a
core   0: 3 0x80001468 (0xc384a7b7) x15 0xc384a000
core   0: 0x8000146c (0xfff48493) addi    s1, s1, -1
core   0: 3 0x8000146c (0xfff48493) x 9 0xffffffff
core   0: 0x80001470 (0xffb48ae3) beq     s1, s11, pc - 12
core   0: 3 0x80001470 (0xffb48ae3)
core   0: 0x80001474 (0xe6288893) addi    a7, a7, -414
core   0: 3 0x80001474 (0xe6288893) x17 0xdb4e7e62
core   0: 0x80001478 (0x411c8e33) sub     t3, s9, a7
core   0: 3 0x80001478 (0x411c8e33) x28 0x24b181a0
core   0: 0x8000147c (0xfb3c8ee3) beq     s9, s3, pc - 68
core   0: 3 0x8000147c (0xfb3c8ee3)
core   0: 0x80001480 (0x407a56b3) sra     a3, s4, t2
core   0: 3 0x80001480 (0x407a56b3) x13 0xffffc01f
core   0: 0x80001484 (0x00700293) li      t0, 7
core   0: 3 0x80001484 (0x00700293) x 5 0x00000007
core   0: 0x80001488 (0x88c07393) andi    t2, zero, -1908
core   0: 3 0x80001488 (0x88c07393) x 7 0x00000000
core   0: 0x8000148c (0x0622b513) sltiu   a0, t0, 98
core   0: 3 0x8000148c (0x0622b513) x10 0x00000001
core   0: 0x80001490 (0x22fbe813) ori     a6, s7, 559
core   0: 3 0x80001490 (0x22fbe813) x16 0xffffffef
core   0: 0x80001494 (0x00312433) slt     s0, sp, gp
core   0: 3 0x80001494 (0x00312433) x 8 0x00000001
core   0: 0x80001498 (0x01300493) li      s1, 19
core   0: 3 0x80001498 (0x01300493) x 9 0x00000013
core   0: 0x8000149c (0x40655313) srai    t1, a0, 6
core   0: 3 0x8000149c (0x40655313) x 6 0x00000000
core   0: 0x800014a0 (0x002f43b3) xor     t2, t5, sp
core   0: 3 0x800014a0 (0x002f43b3) x 7 0x8ae3afb0
core   0: 0x800014a4 (0x593a5a97) auipc   s5, 0x593a5
core   0: 3 0x800014a4 (0x593a5a97) x21 0xd93a64a4
core   0: 0x800014a8 (0x3cf8bb37) lui     s6, 0x3cf8b
core   0: 3 0x800014a8 (0x3cf8bb37) x22 0x3cf8b000
core   0: 0x800014ac (0x40e2d7b3) sra     a5, t0, a4
core   0: 3 0x800014ac (0x40e2d7b3) x15 0x00000007
core   0: 0x800014b0 (0x00128293) addi    t0, t0, 1
core   0: 3 0x800014b0 (0x00128293) x 5 0x00000008
core   0: 0x800014b4 (0x0ff0000f) fence   iorw,iorw
core   0: 3 0x800014b4 (0x0ff0000f)
core   0: 0x800014b8 (0x70154513) xori    a0, a0, 1793
core   0: 3 0x800014b8 (0x70154513) x10 0x00000700
core   0: 0x800014bc (0x00ec33b3) sltu    t2, s8, a4
core   0: 3 0x800014bc (0x00ec33b3) x 7 0x00000000
core   0: 0x800014c0 (0xff800193) li      gp, -8
core   0: 3 0x800014c0 (0xff800193) x 3 0xfffffff8
core   0: 0x800014c4 (0x00ae2db3) slt     s11, t3, a0
core   0: 3 0x800014c4 (0x00ae2db3) x27 0x00000000
core   0: 0x800014c8 (0x0045e9b3) or      s3, a1, tp
core   0: 3 0x800014c8 (0x0045e9b3) x19 0x80000000
core   0: 0x800014cc (0xfee00913) li      s2, -18
core   0: 3 0x800014cc (0xfee00913) x18 0xffffffee
core   0: 0x800014d0 (0x019a0db3) add     s11, s4, s9
core   0: 3 0x800014d0 (0x019a0db3) x27 0xe00fe466
core   0: 0x800014d4 (0x4185dc93) srai    s9, a1, 24
core   0: 3 0x800014d4 (0x4185dc93) x25 0xffffff80
core   0: 0x800014d8 (0xff818193) addi    gp, gp, -8
core   0: 3 0x800014d8 (0xff818193) x 3 0xfffffff0
core   0: 0x800014dc (0x9a7da897) auipc   a7, 0x9a7da
core   0: 3 0x800014dc (0x9a7da897) x17 0x1a7db4dc
core   0: 0x800014e0 (0x400286b3) sub     a3, t0, zero
core   0: 3 0x800014e0 (0x400286b3) x13 0x00000008
core   0: 0x800014e4 (0x7879b397) auipc   t2, 0x7879b
core   0: 3 0x800014e4 (0x7879b397) x 7 0xf879c4e4
core   0: 0x800014e8 (0x45389217) auipc   tp, 0x45389
core   0: 3 0x800014e8 (0x45389217) x 4 0xc538a4e8
core   0: 0x800014ec (0x2fe8b413) sltiu   s0, a7, 766
core   0: 3 0x800014ec (0x2fe8b413) x 8 0x00000000
core   0: 0x800014f0 (0x78380093) addi    ra, a6, 1923
core   0: 3 0x800014f0 (0x78380093) x 1 0x00000772
core   0: 0x800014f4 (0x01671e93) slli    t4, a4, 22
core   0: 3 0x800014f4 (0x01671e93) x29 0x70000000
core   0: 0x800014f8 (0xfd21dce3) bge     gp, s2, pc - 40
core   0: 3 0x800014f8 (0xfd21dce3)
core   0: 0x800014d0 (0x019a0db3) add     s11, s4, s9
core   0: 3 0x800014d0 (0x019a0db3) x27 0xe00fe3e4
core   0: 0x800014d4 (0x4185dc93) srai    s9, a1, 24
core   0: 3 0x800014d4 (0x4185dc93) x25 0xffffff80
core   0: 0x800014d8 (0xff818193) addi    gp, gp, -8
core   0: 3 0x800014d8 (0xff818193) x 3 0xffffffe8
core   0: 0x800014dc (0x9a7da897) auipc   a7, 0x9a7da
core   0: 3 0x800014dc (0x9a7da897) x17 0x1a7db4dc
core   0: 0x800014e0 (0x400286b3) sub     a3, t0, zero
core   0: 3 0x800014e0 (0x400286b3) x13 0x00000008
core   0: 0x800014e4 (0x7879b397) auipc   t2, 0x7879b
core   0: 3 0x800014e4 (0x7879b397) x 7 0xf879c4e4
core   0: 0x800014e8 (0x45389217) auipc   tp, 0x45389
core   0: 3 0x800014e8 (0x45389217) x 4 0xc538a4e8
core   0: 0x800014ec (0x2fe8b413) sltiu   s0, a7, 766
core   0: 3 0x800014ec (0x2fe8b413) x 8 0x00000000
core   0: 0x800014f0 (0x78380093) addi    ra, a6, 1923
core   0: 3 0x800014f0 (0x78380093) x 1 0x00000772
core   0: 0x800014f4 (0x01671e93) slli    t4, a4, 22
core   0: 3 0x800014f4 (0x01671e93) x29 0x70000000
core   0: 0x800014f8 (0xfd21dce3) bge     gp, s2, pc - 40
core   0: 3 0x800014f8 (0xfd21dce3)
core   0: 0x800014fc (0xfa92c6e3) blt     t0, s1, pc - 84
core   0: 3 0x800014fc (0xfa92c6e3)
core   0: 0x800014a8 (0x3cf8bb37) lui     s6, 0x3cf8b
core   0: 3 0x800014a8 (0x3cf8bb37) x22 0x3cf8b000
core   0: 0x800014ac (0x40e2d7b3) sra     a5, t0, a4
core   0: 3 0x800014ac (0x40e2d7b3) x15 0x00000008
core   0: 0x800014b0 (0x00128293) addi    t0, t0, 1
core   0: 3 0x800014b0 (0x00128293) x 5 0x00000009
core   0: 0x800014b4 (0x0ff0000f) fence   iorw,iorw
core   0: 3 0x800014b4 (0x0ff0000f)
core   0: 0x800014b8 (0x70154513) xori    a0, a0, 1793
core   0: 3 0x800014b8 (0x70154513) x10 0x00000001
core   0: 0x800014bc (0x00ec33b3) sltu    t2, s8, a4
core   0: 3 0x800014bc (0x00ec33b3) x 7 0x00000000
core   0: 0x800014c0 (0xff800193) li      gp, -8
core   0: 3 0x800014c0 (0xff800193) x 3 0xfffffff8
core   0: 0x800014c4 (0x00ae2db3) slt     s11, t3, a0
core   0: 3 0x800014c4 (0x00ae2db3) x27 0x00000000
core   0: 0x800014c8 (0x0045e9b3) or      s3, a1, tp
core   0: 3 0x800014c8 (0x0045e9b3) x19 0xc538a4e8
core   0: 0x800014cc (0xfee00913) li      s2, -18
core   0: 3 0x800014cc (0xfee00913) x18 0xffffffee
core   0: 0x800014d0 (0x019a0db3) add     s11, s4, s9
core   0: 3 0x800014d0 (0x019a0db3) x27 0xe00fe3e4
core   0: 0x800014d4 (0x4185dc93) srai    s9, a1, 24
core   0: 3 0x800014d4 (0x4185dc93) x25 0xffffff80
core   0: 0x800014d8 (0xff818193) addi    gp, gp, -8
core   0: 3 0x800014d8 (0xff818193) x 3 0xfffffff0
core   0: 0x800014dc (0x9a7da897) auipc   a7, 0x9a7da
core   0: 3 0x800014dc (0x9a7da897) x17 0x1a7db4dc
core   0: 0x800014e0 (0x400286b3) sub     a3, t0, zero
core   0: 3 0x800014e0 (0x400286b3) x13 0x00000009
core   0: 0x800014e4 (0x7879b397) auipc   t2, 0x7879b
core   0: 3 0x800014e4 (0x7879b397) x 7 0xf879c4e4
core   0: 0x800014e8 (0x45389217) auipc   tp, 0x45389
core   0: 3 0x800014e8 (0x45389217) x 4 0xc538a4e8
core   0: 0x800014ec (0x2fe8b413) sltiu   s0, a7, 766
core   0: 3 0x800014ec (0x2fe8b413) x 8 0x00000000
core   0: 0x800014f0 (0x78380093) addi    ra, a6, 1923
core   0: 3 0x800014f0 (0x78380093) x 1 0x00000772
core   0: 0x800014f4 (0x01671e93) slli    t4, a4, 22
core   0: 3 0x800014f4 (0x01671e93) x29 0x70000000
core   0: 0x800014f8 (0xfd21dce3) bge     gp, s2, pc - 40
core   0: 3 0x800014f8 (0xfd21dce3)
core   0: 0x800014d0 (0x019a0db3) add     s11, s4, s9
core   0: 3 0x800014d0 (0x019a0db3) x27 0xe00fe3e4
core   0: 0x800014d4 (0x4185dc93) srai    s9, a1, 24
core   0: 3 0x800014d4 (0x4185dc93) x25 0xffffff80
core   0: 0x800014d8 (0xff818193) addi    gp, gp, -8
core   0: 3 0x800014d8 (0xff818193) x 3 0xffffffe8
core   0: 0x800014dc (0x9a7da897) auipc   a7, 0x9a7da
core   0: 3 0x800014dc (0x9a7da897) x17 0x1a7db4dc
core   0: 0x800014e0 (0x400286b3) sub     a3, t0, zero
core   0: 3 0x800014e0 (0x400286b3) x13 0x00000009
core   0: 0x800014e4 (0x7879b397) auipc   t2, 0x7879b
core   0: 3 0x800014e4 (0x7879b397) x 7 0xf879c4e4
core   0: 0x800014e8 (0x45389217) auipc   tp, 0x45389
core   0: 3 0x800014e8 (0x45389217) x 4 0xc538a4e8
core   0: 0x800014ec (0x2fe8b413) sltiu   s0, a7, 766
core   0: 3 0x800014ec (0x2fe8b413) x 8 0x00000000
core   0: 0x800014f0 (0x78380093) addi    ra, a6, 1923
core   0: 3 0x800014f0 (0x78380093) x 1 0x00000772
core   0: 0x800014f4 (0x01671e93) slli    t4, a4, 22
core   0: 3 0x800014f4 (0x01671e93) x29 0x70000000
core   0: 0x800014f8 (0xfd21dce3) bge     gp, s2, pc - 40
core   0: 3 0x800014f8 (0xfd21dce3)
core   0: 0x800014fc (0xfa92c6e3) blt     t0, s1, pc - 84
core   0: 3 0x800014fc (0xfa92c6e3)
core   0: 0x800014a8 (0x3cf8bb37) lui     s6, 0x3cf8b
core   0: 3 0x800014a8 (0x3cf8bb37) x22 0x3cf8b000
core   0: 0x800014ac (0x40e2d7b3) sra     a5, t0, a4
core   0: 3 0x800014ac (0x40e2d7b3) x15 0x00000009
core   0: 0x800014b0 (0x00128293) addi    t0, t0, 1
core   0: 3 0x800014b0 (0x00128293) x 5 0x0000000a
core   0: 0x800014b4 (0x0ff0000f) fence   iorw,iorw
core   0: 3 0x800014b4 (0x0ff0000f)
core   0: 0x800014b8 (0x70154513) xori    a0, a0, 1793
core   0: 3 0x800014b8 (0x70154513) x10 0x00000700
core   0: 0x800014bc (0x00ec33b3) sltu    t2, s8, a4
core   0: 3 0x800014bc (0x00ec33b3) x 7 0x00000000
core   0: 0x800014c0 (0xff800193) li      gp, -8
core   0: 3 0x800014c0 (0xff800193) x 3 0xfffffff8
core   0: 0x800014c4 (0x00ae2db3) slt     s11, t3, a0
core   0: 3 0x800014c4 (0x00ae2db3) x27 0x00000000
core   0: 0x800014c8 (0x0045e9b3) or      s3, a1, tp
core   0: 3 0x800014c8 (0x0045e9b3) x19 0xc538a4e8
core   0: 0x800014cc (0xfee00913) li      s2, -18
core   0: 3 0x800014cc (0xfee00913) x18 0xffffffee
core   0: 0x800014d0 (0x019a0db3) add     s11, s4, s9
core   0: 3 0x800014d0 (0x019a0db3) x27 0xe00fe3e4
core   0: 0x800014d4 (0x4185dc93) srai    s9, a1, 24
core   0: 3 0x800014d4 (0x4185dc93) x25 0xffffff80
core   0: 0x800014d8 (0xff818193) addi    gp, gp, -8
core   0: 3 0x800014d8 (0xff818193) x 3 0xfffffff0
core   0: 0x800014dc (0x9a7da897) auipc   a7, 0x9a7da
core   0: 3 0x800014dc (0x9a7da897) x17 0x1a7db4dc
core   0: 0x800014e0 (0x400286b3) sub     a3, t0, zero
core   0: 3 0x800014e0 (0x400286b3) x13 0x0000000a
core   0: 0x800014e4 (0x7879b397) auipc   t2, 0x7879b
core   0: 3 0x800014e4 (0x7879b397) x 7 0xf879c4e4
core   0: 0x800014e8 (0x45389217) auipc   tp, 0x45389
core   0: 3 0x800014e8 (0x45389217) x 4 0xc538a4e8
core   0: 0x800014ec (0x2fe8b413) sltiu   s0, a7, 766
core   0: 3 0x800014ec (0x2fe8b413) x 8 0x00000000
core   0: 0x800014f0 (0x78380093) addi    ra, a6, 1923
core   0: 3 0x800014f0 (0x78380093) x 1 0x00000772
core   0: 0x800014f4 (0x01671e93) slli    t4, a4, 22
core   0: 3 0x800014f4 (0x01671e93) x29 0x70000000
core   0: 0x800014f8 (0xfd21dce3) bge     gp, s2, pc - 40
core   0: 3 0x800014f8 (0xfd21dce3)
core   0: 0x800014d0 (0x019a0db3) add     s11, s4, s9
core   0: 3 0x800014d0 (0x019a0db3) x27 0xe00fe3e4
core   0: 0x800014d4 (0x4185dc93) srai    s9, a1, 24
core   0: 3 0x800014d4 (0x4185dc93) x25 0xffffff80
core   0: 0x800014d8 (0xff818193) addi    gp, gp, -8
core   0: 3 0x800014d8 (0xff818193) x 3 0xffffffe8
core   0: 0x800014dc (0x9a7da897) auipc   a7, 0x9a7da
core   0: 3 0x800014dc (0x9a7da897) x17 0x1a7db4dc
core   0: 0x800014e0 (0x400286b3) sub     a3, t0, zero
core   0: 3 0x800014e0 (0x400286b3) x13 0x0000000a
core   0: 0x800014e4 (0x7879b397) auipc   t2, 0x7879b
core   0: 3 0x800014e4 (0x7879b397) x 7 0xf879c4e4
core   0: 0x800014e8 (0x45389217) auipc   tp, 0x45389
core   0: 3 0x800014e8 (0x45389217) x 4 0xc538a4e8
core   0: 0x800014ec (0x2fe8b413) sltiu   s0, a7, 766
core   0: 3 0x800014ec (0x2fe8b413) x 8 0x00000000
core   0: 0x800014f0 (0x78380093) addi    ra, a6, 1923
core   0: 3 0x800014f0 (0x78380093) x 1 0x00000772
core   0: 0x800014f4 (0x01671e93) slli    t4, a4, 22
core   0: 3 0x800014f4 (0x01671e93) x29 0x70000000
core   0: 0x800014f8 (0xfd21dce3) bge     gp, s2, pc - 40
core   0: 3 0x800014f8 (0xfd21dce3)
core   0: 0x800014fc (0xfa92c6e3) blt     t0, s1, pc - 84
core   0: 3 0x800014fc (0xfa92c6e3)
core   0: 0x800014a8 (0x3cf8bb37) lui     s6, 0x3cf8b
core   0: 3 0x800014a8 (0x3cf8bb37) x22 0x3cf8b000
core   0: 0x800014ac (0x40e2d7b3) sra     a5, t0, a4
core   0: 3 0x800014ac (0x40e2d7b3) x15 0x0000000a
core   0: 0x800014b0 (0x00128293) addi    t0, t0, 1
core   0: 3 0x800014b0 (0x00128293) x 5 0x0000000b
core   0: 0x800014b4 (0x0ff0000f) fence   iorw,iorw
core   0: 3 0x800014b4 (0x0ff0000f)
core   0: 0x800014b8 (0x70154513) xori    a0, a0, 1793
core   0: 3 0x800014b8 (0x70154513) x10 0x00000001
core   0: 0x800014bc (0x00ec33b3) sltu    t2, s8, a4
core   0: 3 0x800014bc (0x00ec33b3) x 7 0x00000000
core   0: 0x800014c0 (0xff800193) li      gp, -8
core   0: 3 0x800014c0 (0xff800193) x 3 0xfffffff8
core   0: 0x800014c4 (0x00ae2db3) slt     s11, t3, a0
core   0: 3 0x800014c4 (0x00ae2db3) x27 0x00000000
core   0: 0x800014c8 (0x0045e9b3) or      s3, a1, tp
core   0: 3 0x800014c8 (0x0045e9b3) x19 0xc538a4e8
core   0: 0x800014cc (0xfee00913) li      s2, -18
core   0: 3 0x800014cc (0xfee00913) x18 0xffffffee
core   0: 0x800014d0 (0x019a0db3) add     s11, s4, s9
core   0: 3 0x800014d0 (0x019a0db3) x27 0xe00fe3e4
core   0: 0x800014d4 (0x4185dc93) srai    s9, a1, 24
core   0: 3 0x800014d4 (0x4185dc93) x25 0xffffff80
core   0: 0x800014d8 (0xff818193) addi    gp, gp, -8
core   0: 3 0x800014d8 (0xff818193) x 3 0xfffffff0
core   0: 0x800014dc (0x9a7da897) auipc   a7, 0x9a7da
core   0: 3 0x800014dc (0x9a7da897) x17 0x1a7db4dc
core   0: 0x800014e0 (0x400286b3) sub     a3, t0, zero
core   0: 3 0x800014e0 (0x400286b3) x13 0x0000000b
core   0: 0x800014e4 (0x7879b397) auipc   t2, 0x7879b
core   0: 3 0x800014e4 (0x7879b397) x 7 0xf879c4e4
core   0: 0x800014e8 (0x45389217) auipc   tp, 0x45389
core   0: 3 0x800014e8 (0x45389217) x 4 0xc538a4e8
core   0: 0x800014ec (0x2fe8b413) sltiu   s0, a7, 766
core   0: 3 0x800014ec (0x2fe8b413) x 8 0x00000000
core   0: 0x800014f0 (0x78380093) addi    ra, a6, 1923
core   0: 3 0x800014f0 (0x78380093) x 1 0x00000772
core   0: 0x800014f4 (0x01671e93) slli    t4, a4, 22
core   0: 3 0x800014f4 (0x01671e93) x29 0x70000000
core   0: 0x800014f8 (0xfd21dce3) bge     gp, s2, pc - 40
core   0: 3 0x800014f8 (0xfd21dce3)
core   0: 0x800014d0 (0x019a0db3) add     s11, s4, s9
core   0: 3 0x800014d0 (0x019a0db3) x27 0xe00fe3e4
core   0: 0x800014d4 (0x4185dc93) srai    s9, a1, 24
core   0: 3 0x800014d4 (0x4185dc93) x25 0xffffff80
core   0: 0x800014d8 (0xff818193) addi    gp, gp, -8
core   0: 3 0x800014d8 (0xff818193) x 3 0xffffffe8
core   0: 0x800014dc (0x9a7da897) auipc   a7, 0x9a7da
core   0: 3 0x800014dc (0x9a7da897) x17 0x1a7db4dc
core   0: 0x800014e0 (0x400286b3) sub     a3, t0, zero
core   0: 3 0x800014e0 (0x400286b3) x13 0x0000000b
core   0: 0x800014e4 (0x7879b397) auipc   t2, 0x7879b
core   0: 3 0x800014e4 (0x7879b397) x 7 0xf879c4e4
core   0: 0x800014e8 (0x45389217) auipc   tp, 0x45389
core   0: 3 0x800014e8 (0x45389217) x 4 0xc538a4e8
core   0: 0x800014ec (0x2fe8b413) sltiu   s0, a7, 766
core   0: 3 0x800014ec (0x2fe8b413) x 8 0x00000000
core   0: 0x800014f0 (0x78380093) addi    ra, a6, 1923
core   0: 3 0x800014f0 (0x78380093) x 1 0x00000772
core   0: 0x800014f4 (0x01671e93) slli    t4, a4, 22
core   0: 3 0x800014f4 (0x01671e93) x29 0x70000000
core   0: 0x800014f8 (0xfd21dce3) bge     gp, s2, pc - 40
core   0: 3 0x800014f8 (0xfd21dce3)
core   0: 0x800014fc (0xfa92c6e3) blt     t0, s1, pc - 84
core   0: 3 0x800014fc (0xfa92c6e3)
core   0: 0x800014a8 (0x3cf8bb37) lui     s6, 0x3cf8b
core   0: 3 0x800014a8 (0x3cf8bb37) x22 0x3cf8b000
core   0: 0x800014ac (0x40e2d7b3) sra     a5, t0, a4
core   0: 3 0x800014ac (0x40e2d7b3) x15 0x0000000b
core   0: 0x800014b0 (0x00128293) addi    t0, t0, 1
core   0: 3 0x800014b0 (0x00128293) x 5 0x0000000c
core   0: 0x800014b4 (0x0ff0000f) fence   iorw,iorw
core   0: 3 0x800014b4 (0x0ff0000f)
core   0: 0x800014b8 (0x70154513) xori    a0, a0, 1793
core   0: 3 0x800014b8 (0x70154513) x10 0x00000700
core   0: 0x800014bc (0x00ec33b3) sltu    t2, s8, a4
core   0: 3 0x800014bc (0x00ec33b3) x 7 0x00000000
core   0: 0x800014c0 (0xff800193) li      gp, -8
core   0: 3 0x800014c0 (0xff800193) x 3 0xfffffff8
core   0: 0x800014c4 (0x00ae2db3) slt     s11, t3, a0
core   0: 3 0x800014c4 (0x00ae2db3) x27 0x00000000
core   0: 0x800014c8 (0x0045e9b3) or      s3, a1, tp
core   0: 3 0x800014c8 (0x0045e9b3) x19 0xc538a4e8
core   0: 0x800014cc (0xfee00913) li      s2, -18
core   0: 3 0x800014cc (0xfee00913) x18 0xffffffee
core   0: 0x800014d0 (0x019a0db3) add     s11, s4, s9
core   0: 3 0x800014d0 (0x019a0db3) x27 0xe00fe3e4
core   0: 0x800014d4 (0x4185dc93) srai    s9, a1, 24
core   0: 3 0x800014d4 (0x4185dc93) x25 0xffffff80
core   0: 0x800014d8 (0xff818193) addi    gp, gp, -8
core   0: 3 0x800014d8 (0xff818193) x 3 0xfffffff0
core   0: 0x800014dc (0x9a7da897) auipc   a7, 0x9a7da
core   0: 3 0x800014dc (0x9a7da897) x17 0x1a7db4dc
core   0: 0x800014e0 (0x400286b3) sub     a3, t0, zero
core   0: 3 0x800014e0 (0x400286b3) x13 0x0000000c
core   0: 0x800014e4 (0x7879b397) auipc   t2, 0x7879b
core   0: 3 0x800014e4 (0x7879b397) x 7 0xf879c4e4
core   0: 0x800014e8 (0x45389217) auipc   tp, 0x45389
core   0: 3 0x800014e8 (0x45389217) x 4 0xc538a4e8
core   0: 0x800014ec (0x2fe8b413) sltiu   s0, a7, 766
core   0: 3 0x800014ec (0x2fe8b413) x 8 0x00000000
core   0: 0x800014f0 (0x78380093) addi    ra, a6, 1923
core   0: 3 0x800014f0 (0x78380093) x 1 0x00000772
core   0: 0x800014f4 (0x01671e93) slli    t4, a4, 22
core   0: 3 0x800014f4 (0x01671e93) x29 0x70000000
core   0: 0x800014f8 (0xfd21dce3) bge     gp, s2, pc - 40
core   0: 3 0x800014f8 (0xfd21dce3)
core   0: 0x800014d0 (0x019a0db3) add     s11, s4, s9
core   0: 3 0x800014d0 (0x019a0db3) x27 0xe00fe3e4
core   0: 0x800014d4 (0x4185dc93) srai    s9, a1, 24
core   0: 3 0x800014d4 (0x4185dc93) x25 0xffffff80
core   0: 0x800014d8 (0xff818193) addi    gp, gp, -8
core   0: 3 0x800014d8 (0xff818193) x 3 0xffffffe8
core   0: 0x800014dc (0x9a7da897) auipc   a7, 0x9a7da
core   0: 3 0x800014dc (0x9a7da897) x17 0x1a7db4dc
core   0: 0x800014e0 (0x400286b3) sub     a3, t0, zero
core   0: 3 0x800014e0 (0x400286b3) x13 0x0000000c
core   0: 0x800014e4 (0x7879b397) auipc   t2, 0x7879b
core   0: 3 0x800014e4 (0x7879b397) x 7 0xf879c4e4
core   0: 0x800014e8 (0x45389217) auipc   tp, 0x45389
core   0: 3 0x800014e8 (0x45389217) x 4 0xc538a4e8
core   0: 0x800014ec (0x2fe8b413) sltiu   s0, a7, 766
core   0: 3 0x800014ec (0x2fe8b413) x 8 0x00000000
core   0: 0x800014f0 (0x78380093) addi    ra, a6, 1923
core   0: 3 0x800014f0 (0x78380093) x 1 0x00000772
core   0: 0x800014f4 (0x01671e93) slli    t4, a4, 22
core   0: 3 0x800014f4 (0x01671e93) x29 0x70000000
core   0: 0x800014f8 (0xfd21dce3) bge     gp, s2, pc - 40
core   0: 3 0x800014f8 (0xfd21dce3)
core   0: 0x800014fc (0xfa92c6e3) blt     t0, s1, pc - 84
core   0: 3 0x800014fc (0xfa92c6e3)
core   0: 0x800014a8 (0x3cf8bb37) lui     s6, 0x3cf8b
core   0: 3 0x800014a8 (0x3cf8bb37) x22 0x3cf8b000
core   0: 0x800014ac (0x40e2d7b3) sra     a5, t0, a4
core   0: 3 0x800014ac (0x40e2d7b3) x15 0x0000000c
core   0: 0x800014b0 (0x00128293) addi    t0, t0, 1
core   0: 3 0x800014b0 (0x00128293) x 5 0x0000000d
core   0: 0x800014b4 (0x0ff0000f) fence   iorw,iorw
core   0: 3 0x800014b4 (0x0ff0000f)
core   0: 0x800014b8 (0x70154513) xori    a0, a0, 1793
core   0: 3 0x800014b8 (0x70154513) x10 0x00000001
core   0: 0x800014bc (0x00ec33b3) sltu    t2, s8, a4
core   0: 3 0x800014bc (0x00ec33b3) x 7 0x00000000
core   0: 0x800014c0 (0xff800193) li      gp, -8
core   0: 3 0x800014c0 (0xff800193) x 3 0xfffffff8
core   0: 0x800014c4 (0x00ae2db3) slt     s11, t3, a0
core   0: 3 0x800014c4 (0x00ae2db3) x27 0x00000000
core   0: 0x800014c8 (0x0045e9b3) or      s3, a1, tp
core   0: 3 0x800014c8 (0x0045e9b3) x19 0xc538a4e8
core   0: 0x800014cc (0xfee00913) li      s2, -18
core   0: 3 0x800014cc (0xfee00913) x18 0xffffffee
core   0: 0x800014d0 (0x019a0db3) add     s11, s4, s9
core   0: 3 0x800014d0 (0x019a0db3) x27 0xe00fe3e4
core   0: 0x800014d4 (0x4185dc93) srai    s9, a1, 24
core   0: 3 0x800014d4 (0x4185dc93) x25 0xffffff80
core   0: 0x800014d8 (0xff818193) addi    gp, gp, -8
core   0: 3 0x800014d8 (0xff818193) x 3 0xfffffff0
core   0: 0x800014dc (0x9a7da897) auipc   a7, 0x9a7da
core   0: 3 0x800014dc (0x9a7da897) x17 0x1a7db4dc
core   0: 0x800014e0 (0x400286b3) sub     a3, t0, zero
core   0: 3 0x800014e0 (0x400286b3) x13 0x0000000d
core   0: 0x800014e4 (0x7879b397) auipc   t2, 0x7879b
core   0: 3 0x800014e4 (0x7879b397) x 7 0xf879c4e4
core   0: 0x800014e8 (0x45389217) auipc   tp, 0x45389
core   0: 3 0x800014e8 (0x45389217) x 4 0xc538a4e8
core   0: 0x800014ec (0x2fe8b413) sltiu   s0, a7, 766
core   0: 3 0x800014ec (0x2fe8b413) x 8 0x00000000
core   0: 0x800014f0 (0x78380093) addi    ra, a6, 1923
core   0: 3 0x800014f0 (0x78380093) x 1 0x00000772
core   0: 0x800014f4 (0x01671e93) slli    t4, a4, 22
core   0: 3 0x800014f4 (0x01671e93) x29 0x70000000
core   0: 0x800014f8 (0xfd21dce3) bge     gp, s2, pc - 40
core   0: 3 0x800014f8 (0xfd21dce3)
core   0: 0x800014d0 (0x019a0db3) add     s11, s4, s9
core   0: 3 0x800014d0 (0x019a0db3) x27 0xe00fe3e4
core   0: 0x800014d4 (0x4185dc93) srai    s9, a1, 24
core   0: 3 0x800014d4 (0x4185dc93) x25 0xffffff80
core   0: 0x800014d8 (0xff818193) addi    gp, gp, -8
core   0: 3 0x800014d8 (0xff818193) x 3 0xffffffe8
core   0: 0x800014dc (0x9a7da897) auipc   a7, 0x9a7da
core   0: 3 0x800014dc (0x9a7da897) x17 0x1a7db4dc
core   0: 0x800014e0 (0x400286b3) sub     a3, t0, zero
core   0: 3 0x800014e0 (0x400286b3) x13 0x0000000d
core   0: 0x800014e4 (0x7879b397) auipc   t2, 0x7879b
core   0: 3 0x800014e4 (0x7879b397) x 7 0xf879c4e4
core   0: 0x800014e8 (0x45389217) auipc   tp, 0x45389
core   0: 3 0x800014e8 (0x45389217) x 4 0xc538a4e8
core   0: 0x800014ec (0x2fe8b413) sltiu   s0, a7, 766
core   0: 3 0x800014ec (0x2fe8b413) x 8 0x00000000
core   0: 0x800014f0 (0x78380093) addi    ra, a6, 1923
core   0: 3 0x800014f0 (0x78380093) x 1 0x00000772
core   0: 0x800014f4 (0x01671e93) slli    t4, a4, 22
core   0: 3 0x800014f4 (0x01671e93) x29 0x70000000
core   0: 0x800014f8 (0xfd21dce3) bge     gp, s2, pc - 40
core   0: 3 0x800014f8 (0xfd21dce3)
core   0: 0x800014fc (0xfa92c6e3) blt     t0, s1, pc - 84
core   0: 3 0x800014fc (0xfa92c6e3)
core   0: 0x800014a8 (0x3cf8bb37) lui     s6, 0x3cf8b
core   0: 3 0x800014a8 (0x3cf8bb37) x22 0x3cf8b000
core   0: 0x800014ac (0x40e2d7b3) sra     a5, t0, a4
core   0: 3 0x800014ac (0x40e2d7b3) x15 0x0000000d
core   0: 0x800014b0 (0x00128293) addi    t0, t0, 1
core   0: 3 0x800014b0 (0x00128293) x 5 0x0000000e
core   0: 0x800014b4 (0x0ff0000f) fence   iorw,iorw
core   0: 3 0x800014b4 (0x0ff0000f)
core   0: 0x800014b8 (0x70154513) xori    a0, a0, 1793
core   0: 3 0x800014b8 (0x70154513) x10 0x00000700
core   0: 0x800014bc (0x00ec33b3) sltu    t2, s8, a4
core   0: 3 0x800014bc (0x00ec33b3) x 7 0x00000000
core   0: 0x800014c0 (0xff800193) li      gp, -8
core   0: 3 0x800014c0 (0xff800193) x 3 0xfffffff8
core   0: 0x800014c4 (0x00ae2db3) slt     s11, t3, a0
core   0: 3 0x800014c4 (0x00ae2db3) x27 0x00000000
core   0: 0x800014c8 (0x0045e9b3) or      s3, a1, tp
core   0: 3 0x800014c8 (0x0045e9b3) x19 0xc538a4e8
core   0: 0x800014cc (0xfee00913) li      s2, -18
core   0: 3 0x800014cc (0xfee00913) x18 0xffffffee
core   0: 0x800014d0 (0x019a0db3) add     s11, s4, s9
core   0: 3 0x800014d0 (0x019a0db3) x27 0xe00fe3e4
core   0: 0x800014d4 (0x4185dc93) srai    s9, a1, 24
core   0: 3 0x800014d4 (0x4185dc93) x25 0xffffff80
core   0: 0x800014d8 (0xff818193) addi    gp, gp, -8
core   0: 3 0x800014d8 (0xff818193) x 3 0xfffffff0
core   0: 0x800014dc (0x9a7da897) auipc   a7, 0x9a7da
core   0: 3 0x800014dc (0x9a7da897) x17 0x1a7db4dc
core   0: 0x800014e0 (0x400286b3) sub     a3, t0, zero
core   0: 3 0x800014e0 (0x400286b3) x13 0x0000000e
core   0: 0x800014e4 (0x7879b397) auipc   t2, 0x7879b
core   0: 3 0x800014e4 (0x7879b397) x 7 0xf879c4e4
core   0: 0x800014e8 (0x45389217) auipc   tp, 0x45389
core   0: 3 0x800014e8 (0x45389217) x 4 0xc538a4e8
core   0: 0x800014ec (0x2fe8b413) sltiu   s0, a7, 766
core   0: 3 0x800014ec (0x2fe8b413) x 8 0x00000000
core   0: 0x800014f0 (0x78380093) addi    ra, a6, 1923
core   0: 3 0x800014f0 (0x78380093) x 1 0x00000772
core   0: 0x800014f4 (0x01671e93) slli    t4, a4, 22
core   0: 3 0x800014f4 (0x01671e93) x29 0x70000000
core   0: 0x800014f8 (0xfd21dce3) bge     gp, s2, pc - 40
core   0: 3 0x800014f8 (0xfd21dce3)
core   0: 0x800014d0 (0x019a0db3) add     s11, s4, s9
core   0: 3 0x800014d0 (0x019a0db3) x27 0xe00fe3e4
core   0: 0x800014d4 (0x4185dc93) srai    s9, a1, 24
core   0: 3 0x800014d4 (0x4185dc93) x25 0xffffff80
core   0: 0x800014d8 (0xff818193) addi    gp, gp, -8
core   0: 3 0x800014d8 (0xff818193) x 3 0xffffffe8
core   0: 0x800014dc (0x9a7da897) auipc   a7, 0x9a7da
core   0: 3 0x800014dc (0x9a7da897) x17 0x1a7db4dc
core   0: 0x800014e0 (0x400286b3) sub     a3, t0, zero
core   0: 3 0x800014e0 (0x400286b3) x13 0x0000000e
core   0: 0x800014e4 (0x7879b397) auipc   t2, 0x7879b
core   0: 3 0x800014e4 (0x7879b397) x 7 0xf879c4e4
core   0: 0x800014e8 (0x45389217) auipc   tp, 0x45389
core   0: 3 0x800014e8 (0x45389217) x 4 0xc538a4e8
core   0: 0x800014ec (0x2fe8b413) sltiu   s0, a7, 766
core   0: 3 0x800014ec (0x2fe8b413) x 8 0x00000000
core   0: 0x800014f0 (0x78380093) addi    ra, a6, 1923
core   0: 3 0x800014f0 (0x78380093) x 1 0x00000772
core   0: 0x800014f4 (0x01671e93) slli    t4, a4, 22
core   0: 3 0x800014f4 (0x01671e93) x29 0x70000000
core   0: 0x800014f8 (0xfd21dce3) bge     gp, s2, pc - 40
core   0: 3 0x800014f8 (0xfd21dce3)
core   0: 0x800014fc (0xfa92c6e3) blt     t0, s1, pc - 84
core   0: 3 0x800014fc (0xfa92c6e3)
core   0: 0x800014a8 (0x3cf8bb37) lui     s6, 0x3cf8b
core   0: 3 0x800014a8 (0x3cf8bb37) x22 0x3cf8b000
core   0: 0x800014ac (0x40e2d7b3) sra     a5, t0, a4
core   0: 3 0x800014ac (0x40e2d7b3) x15 0x0000000e
core   0: 0x800014b0 (0x00128293) addi    t0, t0, 1
core   0: 3 0x800014b0 (0x00128293) x 5 0x0000000f
core   0: 0x800014b4 (0x0ff0000f) fence   iorw,iorw
core   0: 3 0x800014b4 (0x0ff0000f)
core   0: 0x800014b8 (0x70154513) xori    a0, a0, 1793
core   0: 3 0x800014b8 (0x70154513) x10 0x00000001
core   0: 0x800014bc (0x00ec33b3) sltu    t2, s8, a4
core   0: 3 0x800014bc (0x00ec33b3) x 7 0x00000000
core   0: 0x800014c0 (0xff800193) li      gp, -8
core   0: 3 0x800014c0 (0xff800193) x 3 0xfffffff8
core   0: 0x800014c4 (0x00ae2db3) slt     s11, t3, a0
core   0: 3 0x800014c4 (0x00ae2db3) x27 0x00000000
core   0: 0x800014c8 (0x0045e9b3) or      s3, a1, tp
core   0: 3 0x800014c8 (0x0045e9b3) x19 0xc538a4e8
core   0: 0x800014cc (0xfee00913) li      s2, -18
core   0: 3 0x800014cc (0xfee00913) x18 0xffffffee
core   0: 0x800014d0 (0x019a0db3) add     s11, s4, s9
core   0: 3 0x800014d0 (0x019a0db3) x27 0xe00fe3e4
core   0: 0x800014d4 (0x4185dc93) srai    s9, a1, 24
core   0: 3 0x800014d4 (0x4185dc93) x25 0xffffff80
core   0: 0x800014d8 (0xff818193) addi    gp, gp, -8
core   0: 3 0x800014d8 (0xff818193) x 3 0xfffffff0
core   0: 0x800014dc (0x9a7da897) auipc   a7, 0x9a7da
core   0: 3 0x800014dc (0x9a7da897) x17 0x1a7db4dc
core   0: 0x800014e0 (0x400286b3) sub     a3, t0, zero
core   0: 3 0x800014e0 (0x400286b3) x13 0x0000000f
core   0: 0x800014e4 (0x7879b397) auipc   t2, 0x7879b
core   0: 3 0x800014e4 (0x7879b397) x 7 0xf879c4e4
core   0: 0x800014e8 (0x45389217) auipc   tp, 0x45389
core   0: 3 0x800014e8 (0x45389217) x 4 0xc538a4e8
core   0: 0x800014ec (0x2fe8b413) sltiu   s0, a7, 766
core   0: 3 0x800014ec (0x2fe8b413) x 8 0x00000000
core   0: 0x800014f0 (0x78380093) addi    ra, a6, 1923
core   0: 3 0x800014f0 (0x78380093) x 1 0x00000772
core   0: 0x800014f4 (0x01671e93) slli    t4, a4, 22
core   0: 3 0x800014f4 (0x01671e93) x29 0x70000000
core   0: 0x800014f8 (0xfd21dce3) bge     gp, s2, pc - 40
core   0: 3 0x800014f8 (0xfd21dce3)
core   0: 0x800014d0 (0x019a0db3) add     s11, s4, s9
core   0: 3 0x800014d0 (0x019a0db3) x27 0xe00fe3e4
core   0: 0x800014d4 (0x4185dc93) srai    s9, a1, 24
core   0: 3 0x800014d4 (0x4185dc93) x25 0xffffff80
core   0: 0x800014d8 (0xff818193) addi    gp, gp, -8
core   0: 3 0x800014d8 (0xff818193) x 3 0xffffffe8
core   0: 0x800014dc (0x9a7da897) auipc   a7, 0x9a7da
core   0: 3 0x800014dc (0x9a7da897) x17 0x1a7db4dc
core   0: 0x800014e0 (0x400286b3) sub     a3, t0, zero
core   0: 3 0x800014e0 (0x400286b3) x13 0x0000000f
core   0: 0x800014e4 (0x7879b397) auipc   t2, 0x7879b
core   0: 3 0x800014e4 (0x7879b397) x 7 0xf879c4e4
core   0: 0x800014e8 (0x45389217) auipc   tp, 0x45389
core   0: 3 0x800014e8 (0x45389217) x 4 0xc538a4e8
core   0: 0x800014ec (0x2fe8b413) sltiu   s0, a7, 766
core   0: 3 0x800014ec (0x2fe8b413) x 8 0x00000000
core   0: 0x800014f0 (0x78380093) addi    ra, a6, 1923
core   0: 3 0x800014f0 (0x78380093) x 1 0x00000772
core   0: 0x800014f4 (0x01671e93) slli    t4, a4, 22
core   0: 3 0x800014f4 (0x01671e93) x29 0x70000000
core   0: 0x800014f8 (0xfd21dce3) bge     gp, s2, pc - 40
core   0: 3 0x800014f8 (0xfd21dce3)
core   0: 0x800014fc (0xfa92c6e3) blt     t0, s1, pc - 84
core   0: 3 0x800014fc (0xfa92c6e3)
core   0: 0x800014a8 (0x3cf8bb37) lui     s6, 0x3cf8b
core   0: 3 0x800014a8 (0x3cf8bb37) x22 0x3cf8b000
core   0: 0x800014ac (0x40e2d7b3) sra     a5, t0, a4
core   0: 3 0x800014ac (0x40e2d7b3) x15 0x0000000f
core   0: 0x800014b0 (0x00128293) addi    t0, t0, 1
core   0: 3 0x800014b0 (0x00128293) x 5 0x00000010
core   0: 0x800014b4 (0x0ff0000f) fence   iorw,iorw
core   0: 3 0x800014b4 (0x0ff0000f)
core   0: 0x800014b8 (0x70154513) xori    a0, a0, 1793
core   0: 3 0x800014b8 (0x70154513) x10 0x00000700
core   0: 0x800014bc (0x00ec33b3) sltu    t2, s8, a4
core   0: 3 0x800014bc (0x00ec33b3) x 7 0x00000000
core   0: 0x800014c0 (0xff800193) li      gp, -8
core   0: 3 0x800014c0 (0xff800193) x 3 0xfffffff8
core   0: 0x800014c4 (0x00ae2db3) slt     s11, t3, a0
core   0: 3 0x800014c4 (0x00ae2db3) x27 0x00000000
core   0: 0x800014c8 (0x0045e9b3) or      s3, a1, tp
core   0: 3 0x800014c8 (0x0045e9b3) x19 0xc538a4e8
core   0: 0x800014cc (0xfee00913) li      s2, -18
core   0: 3 0x800014cc (0xfee00913) x18 0xffffffee
core   0: 0x800014d0 (0x019a0db3) add     s11, s4, s9
core   0: 3 0x800014d0 (0x019a0db3) x27 0xe00fe3e4
core   0: 0x800014d4 (0x4185dc93) srai    s9, a1, 24
core   0: 3 0x800014d4 (0x4185dc93) x25 0xffffff80
core   0: 0x800014d8 (0xff818193) addi    gp, gp, -8
core   0: 3 0x800014d8 (0xff818193) x 3 0xfffffff0
core   0: 0x800014dc (0x9a7da897) auipc   a7, 0x9a7da
core   0: 3 0x800014dc (0x9a7da897) x17 0x1a7db4dc
core   0: 0x800014e0 (0x400286b3) sub     a3, t0, zero
core   0: 3 0x800014e0 (0x400286b3) x13 0x00000010
core   0: 0x800014e4 (0x7879b397) auipc   t2, 0x7879b
core   0: 3 0x800014e4 (0x7879b397) x 7 0xf879c4e4
core   0: 0x800014e8 (0x45389217) auipc   tp, 0x45389
core   0: 3 0x800014e8 (0x45389217) x 4 0xc538a4e8
core   0: 0x800014ec (0x2fe8b413) sltiu   s0, a7, 766
core   0: 3 0x800014ec (0x2fe8b413) x 8 0x00000000
core   0: 0x800014f0 (0x78380093) addi    ra, a6, 1923
core   0: 3 0x800014f0 (0x78380093) x 1 0x00000772
core   0: 0x800014f4 (0x01671e93) slli    t4, a4, 22
core   0: 3 0x800014f4 (0x01671e93) x29 0x70000000
core   0: 0x800014f8 (0xfd21dce3) bge     gp, s2, pc - 40
core   0: 3 0x800014f8 (0xfd21dce3)
core   0: 0x800014d0 (0x019a0db3) add     s11, s4, s9
core   0: 3 0x800014d0 (0x019a0db3) x27 0xe00fe3e4
core   0: 0x800014d4 (0x4185dc93) srai    s9, a1, 24
core   0: 3 0x800014d4 (0x4185dc93) x25 0xffffff80
core   0: 0x800014d8 (0xff818193) addi    gp, gp, -8
core   0: 3 0x800014d8 (0xff818193) x 3 0xffffffe8
core   0: 0x800014dc (0x9a7da897) auipc   a7, 0x9a7da
core   0: 3 0x800014dc (0x9a7da897) x17 0x1a7db4dc
core   0: 0x800014e0 (0x400286b3) sub     a3, t0, zero
core   0: 3 0x800014e0 (0x400286b3) x13 0x00000010
core   0: 0x800014e4 (0x7879b397) auipc   t2, 0x7879b
core   0: 3 0x800014e4 (0x7879b397) x 7 0xf879c4e4
core   0: 0x800014e8 (0x45389217) auipc   tp, 0x45389
core   0: 3 0x800014e8 (0x45389217) x 4 0xc538a4e8
core   0: 0x800014ec (0x2fe8b413) sltiu   s0, a7, 766
core   0: 3 0x800014ec (0x2fe8b413) x 8 0x00000000
core   0: 0x800014f0 (0x78380093) addi    ra, a6, 1923
core   0: 3 0x800014f0 (0x78380093) x 1 0x00000772
core   0: 0x800014f4 (0x01671e93) slli    t4, a4, 22
core   0: 3 0x800014f4 (0x01671e93) x29 0x70000000
core   0: 0x800014f8 (0xfd21dce3) bge     gp, s2, pc - 40
core   0: 3 0x800014f8 (0xfd21dce3)
core   0: 0x800014fc (0xfa92c6e3) blt     t0, s1, pc - 84
core   0: 3 0x800014fc (0xfa92c6e3)
core   0: 0x800014a8 (0x3cf8bb37) lui     s6, 0x3cf8b
core   0: 3 0x800014a8 (0x3cf8bb37) x22 0x3cf8b000
core   0: 0x800014ac (0x40e2d7b3) sra     a5, t0, a4
core   0: 3 0x800014ac (0x40e2d7b3) x15 0x00000010
core   0: 0x800014b0 (0x00128293) addi    t0, t0, 1
core   0: 3 0x800014b0 (0x00128293) x 5 0x00000011
core   0: 0x800014b4 (0x0ff0000f) fence   iorw,iorw
core   0: 3 0x800014b4 (0x0ff0000f)
core   0: 0x800014b8 (0x70154513) xori    a0, a0, 1793
core   0: 3 0x800014b8 (0x70154513) x10 0x00000001
core   0: 0x800014bc (0x00ec33b3) sltu    t2, s8, a4
core   0: 3 0x800014bc (0x00ec33b3) x 7 0x00000000
core   0: 0x800014c0 (0xff800193) li      gp, -8
core   0: 3 0x800014c0 (0xff800193) x 3 0xfffffff8
core   0: 0x800014c4 (0x00ae2db3) slt     s11, t3, a0
core   0: 3 0x800014c4 (0x00ae2db3) x27 0x00000000
core   0: 0x800014c8 (0x0045e9b3) or      s3, a1, tp
core   0: 3 0x800014c8 (0x0045e9b3) x19 0xc538a4e8
core   0: 0x800014cc (0xfee00913) li      s2, -18
core   0: 3 0x800014cc (0xfee00913) x18 0xffffffee
core   0: 0x800014d0 (0x019a0db3) add     s11, s4, s9
core   0: 3 0x800014d0 (0x019a0db3) x27 0xe00fe3e4
core   0: 0x800014d4 (0x4185dc93) srai    s9, a1, 24
core   0: 3 0x800014d4 (0x4185dc93) x25 0xffffff80
core   0: 0x800014d8 (0xff818193) addi    gp, gp, -8
core   0: 3 0x800014d8 (0xff818193) x 3 0xfffffff0
core   0: 0x800014dc (0x9a7da897) auipc   a7, 0x9a7da
core   0: 3 0x800014dc (0x9a7da897) x17 0x1a7db4dc
core   0: 0x800014e0 (0x400286b3) sub     a3, t0, zero
core   0: 3 0x800014e0 (0x400286b3) x13 0x00000011
core   0: 0x800014e4 (0x7879b397) auipc   t2, 0x7879b
core   0: 3 0x800014e4 (0x7879b397) x 7 0xf879c4e4
core   0: 0x800014e8 (0x45389217) auipc   tp, 0x45389
core   0: 3 0x800014e8 (0x45389217) x 4 0xc538a4e8
core   0: 0x800014ec (0x2fe8b413) sltiu   s0, a7, 766
core   0: 3 0x800014ec (0x2fe8b413) x 8 0x00000000
core   0: 0x800014f0 (0x78380093) addi    ra, a6, 1923
core   0: 3 0x800014f0 (0x78380093) x 1 0x00000772
core   0: 0x800014f4 (0x01671e93) slli    t4, a4, 22
core   0: 3 0x800014f4 (0x01671e93) x29 0x70000000
core   0: 0x800014f8 (0xfd21dce3) bge     gp, s2, pc - 40
core   0: 3 0x800014f8 (0xfd21dce3)
core   0: 0x800014d0 (0x019a0db3) add     s11, s4, s9
core   0: 3 0x800014d0 (0x019a0db3) x27 0xe00fe3e4
core   0: 0x800014d4 (0x4185dc93) srai    s9, a1, 24
core   0: 3 0x800014d4 (0x4185dc93) x25 0xffffff80
core   0: 0x800014d8 (0xff818193) addi    gp, gp, -8
core   0: 3 0x800014d8 (0xff818193) x 3 0xffffffe8
core   0: 0x800014dc (0x9a7da897) auipc   a7, 0x9a7da
core   0: 3 0x800014dc (0x9a7da897) x17 0x1a7db4dc
core   0: 0x800014e0 (0x400286b3) sub     a3, t0, zero
core   0: 3 0x800014e0 (0x400286b3) x13 0x00000011
core   0: 0x800014e4 (0x7879b397) auipc   t2, 0x7879b
core   0: 3 0x800014e4 (0x7879b397) x 7 0xf879c4e4
core   0: 0x800014e8 (0x45389217) auipc   tp, 0x45389
core   0: 3 0x800014e8 (0x45389217) x 4 0xc538a4e8
core   0: 0x800014ec (0x2fe8b413) sltiu   s0, a7, 766
core   0: 3 0x800014ec (0x2fe8b413) x 8 0x00000000
core   0: 0x800014f0 (0x78380093) addi    ra, a6, 1923
core   0: 3 0x800014f0 (0x78380093) x 1 0x00000772
core   0: 0x800014f4 (0x01671e93) slli    t4, a4, 22
core   0: 3 0x800014f4 (0x01671e93) x29 0x70000000
core   0: 0x800014f8 (0xfd21dce3) bge     gp, s2, pc - 40
core   0: 3 0x800014f8 (0xfd21dce3)
core   0: 0x800014fc (0xfa92c6e3) blt     t0, s1, pc - 84
core   0: 3 0x800014fc (0xfa92c6e3)
core   0: 0x800014a8 (0x3cf8bb37) lui     s6, 0x3cf8b
core   0: 3 0x800014a8 (0x3cf8bb37) x22 0x3cf8b000
core   0: 0x800014ac (0x40e2d7b3) sra     a5, t0, a4
core   0: 3 0x800014ac (0x40e2d7b3) x15 0x00000011
core   0: 0x800014b0 (0x00128293) addi    t0, t0, 1
core   0: 3 0x800014b0 (0x00128293) x 5 0x00000012
core   0: 0x800014b4 (0x0ff0000f) fence   iorw,iorw
core   0: 3 0x800014b4 (0x0ff0000f)
core   0: 0x800014b8 (0x70154513) xori    a0, a0, 1793
core   0: 3 0x800014b8 (0x70154513) x10 0x00000700
core   0: 0x800014bc (0x00ec33b3) sltu    t2, s8, a4
core   0: 3 0x800014bc (0x00ec33b3) x 7 0x00000000
core   0: 0x800014c0 (0xff800193) li      gp, -8
core   0: 3 0x800014c0 (0xff800193) x 3 0xfffffff8
core   0: 0x800014c4 (0x00ae2db3) slt     s11, t3, a0
core   0: 3 0x800014c4 (0x00ae2db3) x27 0x00000000
core   0: 0x800014c8 (0x0045e9b3) or      s3, a1, tp
core   0: 3 0x800014c8 (0x0045e9b3) x19 0xc538a4e8
core   0: 0x800014cc (0xfee00913) li      s2, -18
core   0: 3 0x800014cc (0xfee00913) x18 0xffffffee
core   0: 0x800014d0 (0x019a0db3) add     s11, s4, s9
core   0: 3 0x800014d0 (0x019a0db3) x27 0xe00fe3e4
core   0: 0x800014d4 (0x4185dc93) srai    s9, a1, 24
core   0: 3 0x800014d4 (0x4185dc93) x25 0xffffff80
core   0: 0x800014d8 (0xff818193) addi    gp, gp, -8
core   0: 3 0x800014d8 (0xff818193) x 3 0xfffffff0
core   0: 0x800014dc (0x9a7da897) auipc   a7, 0x9a7da
core   0: 3 0x800014dc (0x9a7da897) x17 0x1a7db4dc
core   0: 0x800014e0 (0x400286b3) sub     a3, t0, zero
core   0: 3 0x800014e0 (0x400286b3) x13 0x00000012
core   0: 0x800014e4 (0x7879b397) auipc   t2, 0x7879b
core   0: 3 0x800014e4 (0x7879b397) x 7 0xf879c4e4
core   0: 0x800014e8 (0x45389217) auipc   tp, 0x45389
core   0: 3 0x800014e8 (0x45389217) x 4 0xc538a4e8
core   0: 0x800014ec (0x2fe8b413) sltiu   s0, a7, 766
core   0: 3 0x800014ec (0x2fe8b413) x 8 0x00000000
core   0: 0x800014f0 (0x78380093) addi    ra, a6, 1923
core   0: 3 0x800014f0 (0x78380093) x 1 0x00000772
core   0: 0x800014f4 (0x01671e93) slli    t4, a4, 22
core   0: 3 0x800014f4 (0x01671e93) x29 0x70000000
core   0: 0x800014f8 (0xfd21dce3) bge     gp, s2, pc - 40
core   0: 3 0x800014f8 (0xfd21dce3)
core   0: 0x800014d0 (0x019a0db3) add     s11, s4, s9
core   0: 3 0x800014d0 (0x019a0db3) x27 0xe00fe3e4
core   0: 0x800014d4 (0x4185dc93) srai    s9, a1, 24
core   0: 3 0x800014d4 (0x4185dc93) x25 0xffffff80
core   0: 0x800014d8 (0xff818193) addi    gp, gp, -8
core   0: 3 0x800014d8 (0xff818193) x 3 0xffffffe8
core   0: 0x800014dc (0x9a7da897) auipc   a7, 0x9a7da
core   0: 3 0x800014dc (0x9a7da897) x17 0x1a7db4dc
core   0: 0x800014e0 (0x400286b3) sub     a3, t0, zero
core   0: 3 0x800014e0 (0x400286b3) x13 0x00000012
core   0: 0x800014e4 (0x7879b397) auipc   t2, 0x7879b
core   0: 3 0x800014e4 (0x7879b397) x 7 0xf879c4e4
core   0: 0x800014e8 (0x45389217) auipc   tp, 0x45389
core   0: 3 0x800014e8 (0x45389217) x 4 0xc538a4e8
core   0: 0x800014ec (0x2fe8b413) sltiu   s0, a7, 766
core   0: 3 0x800014ec (0x2fe8b413) x 8 0x00000000
core   0: 0x800014f0 (0x78380093) addi    ra, a6, 1923
core   0: 3 0x800014f0 (0x78380093) x 1 0x00000772
core   0: 0x800014f4 (0x01671e93) slli    t4, a4, 22
core   0: 3 0x800014f4 (0x01671e93) x29 0x70000000
core   0: 0x800014f8 (0xfd21dce3) bge     gp, s2, pc - 40
core   0: 3 0x800014f8 (0xfd21dce3)
core   0: 0x800014fc (0xfa92c6e3) blt     t0, s1, pc - 84
core   0: 3 0x800014fc (0xfa92c6e3)
core   0: 0x800014a8 (0x3cf8bb37) lui     s6, 0x3cf8b
core   0: 3 0x800014a8 (0x3cf8bb37) x22 0x3cf8b000
core   0: 0x800014ac (0x40e2d7b3) sra     a5, t0, a4
core   0: 3 0x800014ac (0x40e2d7b3) x15 0x00000012
core   0: 0x800014b0 (0x00128293) addi    t0, t0, 1
core   0: 3 0x800014b0 (0x00128293) x 5 0x00000013
core   0: 0x800014b4 (0x0ff0000f) fence   iorw,iorw
core   0: 3 0x800014b4 (0x0ff0000f)
core   0: 0x800014b8 (0x70154513) xori    a0, a0, 1793
core   0: 3 0x800014b8 (0x70154513) x10 0x00000001
core   0: 0x800014bc (0x00ec33b3) sltu    t2, s8, a4
core   0: 3 0x800014bc (0x00ec33b3) x 7 0x00000000
core   0: 0x800014c0 (0xff800193) li      gp, -8
core   0: 3 0x800014c0 (0xff800193) x 3 0xfffffff8
core   0: 0x800014c4 (0x00ae2db3) slt     s11, t3, a0
core   0: 3 0x800014c4 (0x00ae2db3) x27 0x00000000
core   0: 0x800014c8 (0x0045e9b3) or      s3, a1, tp
core   0: 3 0x800014c8 (0x0045e9b3) x19 0xc538a4e8
core   0: 0x800014cc (0xfee00913) li      s2, -18
core   0: 3 0x800014cc (0xfee00913) x18 0xffffffee
core   0: 0x800014d0 (0x019a0db3) add     s11, s4, s9
core   0: 3 0x800014d0 (0x019a0db3) x27 0xe00fe3e4
core   0: 0x800014d4 (0x4185dc93) srai    s9, a1, 24
core   0: 3 0x800014d4 (0x4185dc93) x25 0xffffff80
core   0: 0x800014d8 (0xff818193) addi    gp, gp, -8
core   0: 3 0x800014d8 (0xff818193) x 3 0xfffffff0
core   0: 0x800014dc (0x9a7da897) auipc   a7, 0x9a7da
core   0: 3 0x800014dc (0x9a7da897) x17 0x1a7db4dc
core   0: 0x800014e0 (0x400286b3) sub     a3, t0, zero
core   0: 3 0x800014e0 (0x400286b3) x13 0x00000013
core   0: 0x800014e4 (0x7879b397) auipc   t2, 0x7879b
core   0: 3 0x800014e4 (0x7879b397) x 7 0xf879c4e4
core   0: 0x800014e8 (0x45389217) auipc   tp, 0x45389
core   0: 3 0x800014e8 (0x45389217) x 4 0xc538a4e8
core   0: 0x800014ec (0x2fe8b413) sltiu   s0, a7, 766
core   0: 3 0x800014ec (0x2fe8b413) x 8 0x00000000
core   0: 0x800014f0 (0x78380093) addi    ra, a6, 1923
core   0: 3 0x800014f0 (0x78380093) x 1 0x00000772
core   0: 0x800014f4 (0x01671e93) slli    t4, a4, 22
core   0: 3 0x800014f4 (0x01671e93) x29 0x70000000
core   0: 0x800014f8 (0xfd21dce3) bge     gp, s2, pc - 40
core   0: 3 0x800014f8 (0xfd21dce3)
core   0: 0x800014d0 (0x019a0db3) add     s11, s4, s9
core   0: 3 0x800014d0 (0x019a0db3) x27 0xe00fe3e4
core   0: 0x800014d4 (0x4185dc93) srai    s9, a1, 24
core   0: 3 0x800014d4 (0x4185dc93) x25 0xffffff80
core   0: 0x800014d8 (0xff818193) addi    gp, gp, -8
core   0: 3 0x800014d8 (0xff818193) x 3 0xffffffe8
core   0: 0x800014dc (0x9a7da897) auipc   a7, 0x9a7da
core   0: 3 0x800014dc (0x9a7da897) x17 0x1a7db4dc
core   0: 0x800014e0 (0x400286b3) sub     a3, t0, zero
core   0: 3 0x800014e0 (0x400286b3) x13 0x00000013
core   0: 0x800014e4 (0x7879b397) auipc   t2, 0x7879b
core   0: 3 0x800014e4 (0x7879b397) x 7 0xf879c4e4
core   0: 0x800014e8 (0x45389217) auipc   tp, 0x45389
core   0: 3 0x800014e8 (0x45389217) x 4 0xc538a4e8
core   0: 0x800014ec (0x2fe8b413) sltiu   s0, a7, 766
core   0: 3 0x800014ec (0x2fe8b413) x 8 0x00000000
core   0: 0x800014f0 (0x78380093) addi    ra, a6, 1923
core   0: 3 0x800014f0 (0x78380093) x 1 0x00000772
core   0: 0x800014f4 (0x01671e93) slli    t4, a4, 22
core   0: 3 0x800014f4 (0x01671e93) x29 0x70000000
core   0: 0x800014f8 (0xfd21dce3) bge     gp, s2, pc - 40
core   0: 3 0x800014f8 (0xfd21dce3)
core   0: 0x800014fc (0xfa92c6e3) blt     t0, s1, pc - 84
core   0: 3 0x800014fc (0xfa92c6e3)
core   0: 0x80001500 (0x9f79be13) sltiu   t3, s3, -1545
core   0: 3 0x80001500 (0x9f79be13) x28 0x00000001
core   0: 0x80001504 (0x00900693) li      a3, 9
core   0: 3 0x80001504 (0x00900693) x13 0x00000009
core   0: 0x80001508 (0x8e43ac13) slti    s8, t2, -1820
core   0: 3 0x80001508 (0x8e43ac13) x24 0x00000001
core   0: 0x8000150c (0xfee00713) li      a4, -18
core   0: 3 0x8000150c (0xfee00713) x14 0xffffffee
core   0: 0x80001510 (0x0000100f) fence.i
core   0: 3 0x80001510 (0x0000100f)
core   0: 0x80001514 (0x018bb833) sltu    a6, s7, s8
core   0: 3 0x80001514 (0x018bb833) x16 0x00000000
core   0: 0x80001518 (0x75acc313) xori    t1, s9, 1882
core   0: 3 0x80001518 (0x75acc313) x 6 0xfffff8da
core   0: 0x8000151c (0x01143a33) sltu    s4, s0, a7
core   0: 3 0x8000151c (0x01143a33) x20 0x00000001
core   0: 0x80001520 (0xffb68693) addi    a3, a3, -5
core   0: 3 0x80001520 (0xffb68693) x13 0x00000004
core   0: 0x80001524 (0x01f649b3) xor     s3, a2, t6
core   0: 3 0x80001524 (0x01f649b3) x19 0x80024e6f
core   0: 0x80001528 (0xff700d13) li      s10, -9
core   0: 3 0x80001528 (0xff700d13) x26 0xfffffff7
core   0: 0x8000152c (0x00a982b3) add     t0, s3, a0
core   0: 3 0x8000152c (0x00a982b3) x 5 0x80024e70
core   0: 0x80001530 (0x019888b3) add     a7, a7, s9
core   0: 3 0x80001530 (0x019888b3) x17 0x1a7db45c
core   0: 0x80001534 (0x00f00393) li      t2, 15
core   0: 3 0x80001534 (0x00f00393) x 7 0x0000000f
core   0: 0x80001538 (0x00b988b3) add     a7, s3, a1
core   0: 3 0x80001538 (0x00b988b3) x17 0x00024e6f
core   0: 0x8000153c (0x01373f33) sltu    t5, a4, s3
core   0: 3 0x8000153c (0x01373f33) x30 0x00000000
core   0: 0x80001540 (0x008d0d13) addi    s10, s10, 8
core   0: 3 0x80001540 (0x008d0d13) x26 0xffffffff
core   0: 0x80001544 (0x01738b33) add     s6, t2, s7
core   0: 3 0x80001544 (0x01738b33) x22 0xffffffd2
core   0: 0x80001548 (0xfe7d4ae3) blt     s10, t2, pc - 12
core   0: 3 0x80001548 (0xfe7d4ae3)
core   0: 0x8000153c (0x01373f33) sltu    t5, a4, s3
core   0: 3 0x8000153c (0x01373f33) x30 0x00000000
core   0: 0x80001540 (0x008d0d13) addi    s10, s10, 8
core   0: 3 0x80001540 (0x008d0d13) x26 0x00000007
core   0: 0x80001544 (0x01738b33) add     s6, t2, s7
core   0: 3 0x80001544 (0x01738b33) x22 0xffffffd2
core   0: 0x80001548 (0xfe7d4ae3) blt     s10, t2, pc - 12
core   0: 3 0x80001548 (0xfe7d4ae3)
core   0: 0x8000153c (0x01373f33) sltu    t5, a4, s3
core   0: 3 0x8000153c (0x01373f33) x30 0x00000000
core   0: 0x80001540 (0x008d0d13) addi    s10, s10, 8
core   0: 3 0x80001540 (0x008d0d13) x26 0x0000000f
core   0: 0x80001544 (0x01738b33) add     s6, t2, s7
core   0: 3 0x80001544 (0x01738b33) x22 0xffffffd2
core   0: 0x80001548 (0xfe7d4ae3) blt     s10, t2, pc - 12
core   0: 3 0x80001548 (0xfe7d4ae3)
core   0: 0x8000154c (0xfce6d4e3) bge     a3, a4, pc - 56
core   0: 3 0x8000154c (0xfce6d4e3)
core   0: 0x80001514 (0x018bb833) sltu    a6, s7, s8
core   0: 3 0x80001514 (0x018bb833) x16 0x00000000
core   0: 0x80001518 (0x75acc313) xori    t1, s9, 1882
core   0: 3 0x80001518 (0x75acc313) x 6 0xfffff8da
core   0: 0x8000151c (0x01143a33) sltu    s4, s0, a7
core   0: 3 0x8000151c (0x01143a33) x20 0x00000001
core   0: 0x80001520 (0xffb68693) addi    a3, a3, -5
core   0: 3 0x80001520 (0xffb68693) x13 0xffffffff
core   0: 0x80001524 (0x01f649b3) xor     s3, a2, t6
core   0: 3 0x80001524 (0x01f649b3) x19 0x80024e6f
core   0: 0x80001528 (0xff700d13) li      s10, -9
core   0: 3 0x80001528 (0xff700d13) x26 0xfffffff7
core   0: 0x8000152c (0x00a982b3) add     t0, s3, a0
core   0: 3 0x8000152c (0x00a982b3) x 5 0x80024e70
core   0: 0x80001530 (0x019888b3) add     a7, a7, s9
core   0: 3 0x80001530 (0x019888b3) x17 0x00024def
core   0: 0x80001534 (0x00f00393) li      t2, 15
core   0: 3 0x80001534 (0x00f00393) x 7 0x0000000f
core   0: 0x80001538 (0x00b988b3) add     a7, s3, a1
core   0: 3 0x80001538 (0x00b988b3) x17 0x00024e6f
core   0: 0x8000153c (0x01373f33) sltu    t5, a4, s3
core   0: 3 0x8000153c (0x01373f33) x30 0x00000000
core   0: 0x80001540 (0x008d0d13) addi    s10, s10, 8
core   0: 3 0x80001540 (0x008d0d13) x26 0xffffffff
core   0: 0x80001544 (0x01738b33) add     s6, t2, s7
core   0: 3 0x80001544 (0x01738b33) x22 0xffffffd2
core   0: 0x80001548 (0xfe7d4ae3) blt     s10, t2, pc - 12
core   0: 3 0x80001548 (0xfe7d4ae3)
core   0: 0x8000153c (0x01373f33) sltu    t5, a4, s3
core   0: 3 0x8000153c (0x01373f33) x30 0x00000000
core   0: 0x80001540 (0x008d0d13) addi    s10, s10, 8
core   0: 3 0x80001540 (0x008d0d13) x26 0x00000007
core   0: 0x80001544 (0x01738b33) add     s6, t2, s7
core   0: 3 0x80001544 (0x01738b33) x22 0xffffffd2
core   0: 0x80001548 (0xfe7d4ae3) blt     s10, t2, pc - 12
core   0: 3 0x80001548 (0xfe7d4ae3)
core   0: 0x8000153c (0x01373f33) sltu    t5, a4, s3
core   0: 3 0x8000153c (0x01373f33) x30 0x00000000
core   0: 0x80001540 (0x008d0d13) addi    s10, s10, 8
core   0: 3 0x80001540 (0x008d0d13) x26 0x0000000f
core   0: 0x80001544 (0x01738b33) add     s6, t2, s7
core   0: 3 0x80001544 (0x01738b33) x22 0xffffffd2
core   0: 0x80001548 (0xfe7d4ae3) blt     s10, t2, pc - 12
core   0: 3 0x80001548 (0xfe7d4ae3)
core   0: 0x8000154c (0xfce6d4e3) bge     a3, a4, pc - 56
core   0: 3 0x8000154c (0xfce6d4e3)
core   0: 0x80001514 (0x018bb833) sltu    a6, s7, s8
core   0: 3 0x80001514 (0x018bb833) x16 0x00000000
core   0: 0x80001518 (0x75acc313) xori    t1, s9, 1882
core   0: 3 0x80001518 (0x75acc313) x 6 0xfffff8da
core   0: 0x8000151c (0x01143a33) sltu    s4, s0, a7
core   0: 3 0x8000151c (0x01143a33) x20 0x00000001
core   0: 0x80001520 (0xffb68693) addi    a3, a3, -5
core   0: 3 0x80001520 (0xffb68693) x13 0xfffffffa
core   0: 0x80001524 (0x01f649b3) xor     s3, a2, t6
core   0: 3 0x80001524 (0x01f649b3) x19 0x80024e6f
core   0: 0x80001528 (0xff700d13) li      s10, -9
core   0: 3 0x80001528 (0xff700d13) x26 0xfffffff7
core   0: 0x8000152c (0x00a982b3) add     t0, s3, a0
core   0: 3 0x8000152c (0x00a982b3) x 5 0x80024e70
core   0: 0x80001530 (0x019888b3) add     a7, a7, s9
core   0: 3 0x80001530 (0x019888b3) x17 0x00024def
core   0: 0x80001534 (0x00f00393) li      t2, 15
core   0: 3 0x80001534 (0x00f00393) x 7 0x0000000f
core   0: 0x80001538 (0x00b988b3) add     a7, s3, a1
core   0: 3 0x80001538 (0x00b988b3) x17 0x00024e6f
core   0: 0x8000153c (0x01373f33) sltu    t5, a4, s3
core   0: 3 0x8000153c (0x01373f33) x30 0x00000000
core   0: 0x80001540 (0x008d0d13) addi    s10, s10, 8
core   0: 3 0x80001540 (0x008d0d13) x26 0xffffffff
core   0: 0x80001544 (0x01738b33) add     s6, t2, s7
core   0: 3 0x80001544 (0x01738b33) x22 0xffffffd2
core   0: 0x80001548 (0xfe7d4ae3) blt     s10, t2, pc - 12
core   0: 3 0x80001548 (0xfe7d4ae3)
core   0: 0x8000153c (0x01373f33) sltu    t5, a4, s3
core   0: 3 0x8000153c (0x01373f33) x30 0x00000000
core   0: 0x80001540 (0x008d0d13) addi    s10, s10, 8
core   0: 3 0x80001540 (0x008d0d13) x26 0x00000007
core   0: 0x80001544 (0x01738b33) add     s6, t2, s7
core   0: 3 0x80001544 (0x01738b33) x22 0xffffffd2
core   0: 0x80001548 (0xfe7d4ae3) blt     s10, t2, pc - 12
core   0: 3 0x80001548 (0xfe7d4ae3)
core   0: 0x8000153c (0x01373f33) sltu    t5, a4, s3
core   0: 3 0x8000153c (0x01373f33) x30 0x00000000
core   0: 0x80001540 (0x008d0d13) addi    s10, s10, 8
core   0: 3 0x80001540 (0x008d0d13) x26 0x0000000f
core   0: 0x80001544 (0x01738b33) add     s6, t2, s7
core   0: 3 0x80001544 (0x01738b33) x22 0xffffffd2
core   0: 0x80001548 (0xfe7d4ae3) blt     s10, t2, pc - 12
core   0: 3 0x80001548 (0xfe7d4ae3)
core   0: 0x8000154c (0xfce6d4e3) bge     a3, a4, pc - 56
core   0: 3 0x8000154c (0xfce6d4e3)
core   0: 0x80001514 (0x018bb833) sltu    a6, s7, s8
core   0: 3 0x80001514 (0x018bb833) x16 0x00000000
core   0: 0x80001518 (0x75acc313) xori    t1, s9, 1882
core   0: 3 0x80001518 (0x75acc313) x 6 0xfffff8da
core   0: 0x8000151c (0x01143a33) sltu    s4, s0, a7
core   0: 3 0x8000151c (0x01143a33) x20 0x00000001
core   0: 0x80001520 (0xffb68693) addi    a3, a3, -5
core   0: 3 0x80001520 (0xffb68693) x13 0xfffffff5
core   0: 0x80001524 (0x01f649b3) xor     s3, a2, t6
core   0: 3 0x80001524 (0x01f649b3) x19 0x80024e6f
core   0: 0x80001528 (0xff700d13) li      s10, -9
core   0: 3 0x80001528 (0xff700d13) x26 0xfffffff7
core   0: 0x8000152c (0x00a982b3) add     t0, s3, a0
core   0: 3 0x8000152c (0x00a982b3) x 5 0x80024e70
core   0: 0x80001530 (0x019888b3) add     a7, a7, s9
core   0: 3 0x80001530 (0x019888b3) x17 0x00024def
core   0: 0x80001534 (0x00f00393) li      t2, 15
core   0: 3 0x80001534 (0x00f00393) x 7 0x0000000f
core   0: 0x80001538 (0x00b988b3) add     a7, s3, a1
core   0: 3 0x80001538 (0x00b988b3) x17 0x00024e6f
core   0: 0x8000153c (0x01373f33) sltu    t5, a4, s3
core   0: 3 0x8000153c (0x01373f33) x30 0x00000000
core   0: 0x80001540 (0x008d0d13) addi    s10, s10, 8
core   0: 3 0x80001540 (0x008d0d13) x26 0xffffffff
core   0: 0x80001544 (0x01738b33) add     s6, t2, s7
core   0: 3 0x80001544 (0x01738b33) x22 0xffffffd2
core   0: 0x80001548 (0xfe7d4ae3) blt     s10, t2, pc - 12
core   0: 3 0x80001548 (0xfe7d4ae3)
core   0: 0x8000153c (0x01373f33) sltu    t5, a4, s3
core   0: 3 0x8000153c (0x01373f33) x30 0x00000000
core   0: 0x80001540 (0x008d0d13) addi    s10, s10, 8
core   0: 3 0x80001540 (0x008d0d13) x26 0x00000007
core   0: 0x80001544 (0x01738b33) add     s6, t2, s7
core   0: 3 0x80001544 (0x01738b33) x22 0xffffffd2
core   0: 0x80001548 (0xfe7d4ae3) blt     s10, t2, pc - 12
core   0: 3 0x80001548 (0xfe7d4ae3)
core   0: 0x8000153c (0x01373f33) sltu    t5, a4, s3
core   0: 3 0x8000153c (0x01373f33) x30 0x00000000
core   0: 0x80001540 (0x008d0d13) addi    s10, s10, 8
core   0: 3 0x80001540 (0x008d0d13) x26 0x0000000f
core   0: 0x80001544 (0x01738b33) add     s6, t2, s7
core   0: 3 0x80001544 (0x01738b33) x22 0xffffffd2
core   0: 0x80001548 (0xfe7d4ae3) blt     s10, t2, pc - 12
core   0: 3 0x80001548 (0xfe7d4ae3)
core   0: 0x8000154c (0xfce6d4e3) bge     a3, a4, pc - 56
core   0: 3 0x8000154c (0xfce6d4e3)
core   0: 0x80001514 (0x018bb833) sltu    a6, s7, s8
core   0: 3 0x80001514 (0x018bb833) x16 0x00000000
core   0: 0x80001518 (0x75acc313) xori    t1, s9, 1882
core   0: 3 0x80001518 (0x75acc313) x 6 0xfffff8da
core   0: 0x8000151c (0x01143a33) sltu    s4, s0, a7
core   0: 3 0x8000151c (0x01143a33) x20 0x00000001
core   0: 0x80001520 (0xffb68693) addi    a3, a3, -5
core   0: 3 0x80001520 (0xffb68693) x13 0xfffffff0
core   0: 0x80001524 (0x01f649b3) xor     s3, a2, t6
core   0: 3 0x80001524 (0x01f649b3) x19 0x80024e6f
core   0: 0x80001528 (0xff700d13) li      s10, -9
core   0: 3 0x80001528 (0xff700d13) x26 0xfffffff7
core   0: 0x8000152c (0x00a982b3) add     t0, s3, a0
core   0: 3 0x8000152c (0x00a982b3) x 5 0x80024e70
core   0: 0x80001530 (0x019888b3) add     a7, a7, s9
core   0: 3 0x80001530 (0x019888b3) x17 0x00024def
core   0: 0x80001534 (0x00f00393) li      t2, 15
core   0: 3 0x80001534 (0x00f00393) x 7 0x0000000f
core   0: 0x80001538 (0x00b988b3) add     a7, s3, a1
core   0: 3 0x80001538 (0x00b988b3) x17 0x00024e6f
core   0: 0x8000153c (0x01373f33) sltu    t5, a4, s3
core   0: 3 0x8000153c (0x01373f33) x30 0x00000000
core   0: 0x80001540 (0x008d0d13) addi    s10, s10, 8
core   0: 3 0x80001540 (0x008d0d13) x26 0xffffffff
core   0: 0x80001544 (0x01738b33) add     s6, t2, s7
core   0: 3 0x80001544 (0x01738b33) x22 0xffffffd2
core   0: 0x80001548 (0xfe7d4ae3) blt     s10, t2, pc - 12
core   0: 3 0x80001548 (0xfe7d4ae3)
core   0: 0x8000153c (0x01373f33) sltu    t5, a4, s3
core   0: 3 0x8000153c (0x01373f33) x30 0x00000000
core   0: 0x80001540 (0x008d0d13) addi    s10, s10, 8
core   0: 3 0x80001540 (0x008d0d13) x26 0x00000007
core   0: 0x80001544 (0x01738b33) add     s6, t2, s7
core   0: 3 0x80001544 (0x01738b33) x22 0xffffffd2
core   0: 0x80001548 (0xfe7d4ae3) blt     s10, t2, pc - 12
core   0: 3 0x80001548 (0xfe7d4ae3)
core   0: 0x8000153c (0x01373f33) sltu    t5, a4, s3
core   0: 3 0x8000153c (0x01373f33) x30 0x00000000
core   0: 0x80001540 (0x008d0d13) addi    s10, s10, 8
core   0: 3 0x80001540 (0x008d0d13) x26 0x0000000f
core   0: 0x80001544 (0x01738b33) add     s6, t2, s7
core   0: 3 0x80001544 (0x01738b33) x22 0xffffffd2
core   0: 0x80001548 (0xfe7d4ae3) blt     s10, t2, pc - 12
core   0: 3 0x80001548 (0xfe7d4ae3)
core   0: 0x8000154c (0xfce6d4e3) bge     a3, a4, pc - 56
core   0: 3 0x8000154c (0xfce6d4e3)
core   0: 0x80001514 (0x018bb833) sltu    a6, s7, s8
core   0: 3 0x80001514 (0x018bb833) x16 0x00000000
core   0: 0x80001518 (0x75acc313) xori    t1, s9, 1882
core   0: 3 0x80001518 (0x75acc313) x 6 0xfffff8da
core   0: 0x8000151c (0x01143a33) sltu    s4, s0, a7
core   0: 3 0x8000151c (0x01143a33) x20 0x00000001
core   0: 0x80001520 (0xffb68693) addi    a3, a3, -5
core   0: 3 0x80001520 (0xffb68693) x13 0xffffffeb
core   0: 0x80001524 (0x01f649b3) xor     s3, a2, t6
core   0: 3 0x80001524 (0x01f649b3) x19 0x80024e6f
core   0: 0x80001528 (0xff700d13) li      s10, -9
core   0: 3 0x80001528 (0xff700d13) x26 0xfffffff7
core   0: 0x8000152c (0x00a982b3) add     t0, s3, a0
core   0: 3 0x8000152c (0x00a982b3) x 5 0x80024e70
core   0: 0x80001530 (0x019888b3) add     a7, a7, s9
core   0: 3 0x80001530 (0x019888b3) x17 0x00024def
core   0: 0x80001534 (0x00f00393) li      t2, 15
core   0: 3 0x80001534 (0x00f00393) x 7 0x0000000f
core   0: 0x80001538 (0x00b988b3) add     a7, s3, a1
core   0: 3 0x80001538 (0x00b988b3) x17 0x00024e6f
core   0: 0x8000153c (0x01373f33) sltu    t5, a4, s3
core   0: 3 0x8000153c (0x01373f33) x30 0x00000000
core   0: 0x80001540 (0x008d0d13) addi    s10, s10, 8
core   0: 3 0x80001540 (0x008d0d13) x26 0xffffffff
core   0: 0x80001544 (0x01738b33) add     s6, t2, s7
core   0: 3 0x80001544 (0x01738b33) x22 0xffffffd2
core   0: 0x80001548 (0xfe7d4ae3) blt     s10, t2, pc - 12
core   0: 3 0x80001548 (0xfe7d4ae3)
core   0: 0x8000153c (0x01373f33) sltu    t5, a4, s3
core   0: 3 0x8000153c (0x01373f33) x30 0x00000000
core   0: 0x80001540 (0x008d0d13) addi    s10, s10, 8
core   0: 3 0x80001540 (0x008d0d13) x26 0x00000007
core   0: 0x80001544 (0x01738b33) add     s6, t2, s7
core   0: 3 0x80001544 (0x01738b33) x22 0xffffffd2
core   0: 0x80001548 (0xfe7d4ae3) blt     s10, t2, pc - 12
core   0: 3 0x80001548 (0xfe7d4ae3)
core   0: 0x8000153c (0x01373f33) sltu    t5, a4, s3
core   0: 3 0x8000153c (0x01373f33) x30 0x00000000
core   0: 0x80001540 (0x008d0d13) addi    s10, s10, 8
core   0: 3 0x80001540 (0x008d0d13) x26 0x0000000f
core   0: 0x80001544 (0x01738b33) add     s6, t2, s7
core   0: 3 0x80001544 (0x01738b33) x22 0xffffffd2
core   0: 0x80001548 (0xfe7d4ae3) blt     s10, t2, pc - 12
core   0: 3 0x80001548 (0xfe7d4ae3)
core   0: 0x8000154c (0xfce6d4e3) bge     a3, a4, pc - 56
core   0: 3 0x8000154c (0xfce6d4e3)
core   0: 0x80001550 (0x00000013) nop
core   0: 3 0x80001550 (0x00000013)
core   0: 0x80001554 (0x00900d93) li      s11, 9
core   0: 3 0x80001554 (0x00900d93) x27 0x00000009
core   0: 0x80001558 (0x00600c13) li      s8, 6
core   0: 3 0x80001558 (0x00600c13) x24 0x00000006
core   0: 0x8000155c (0x4f47eb93) ori     s7, a5, 1268
core   0: 3 0x8000155c (0x4f47eb93) x23 0x000004f6
core   0: 0x80001560 (0xffcd8d93) addi    s11, s11, -4
core   0: 3 0x80001560 (0xffcd8d93) x27 0x00000005
core   0: 0x80001564 (0xff8dfce3) bgeu    s11, s8, pc - 8
core   0: 3 0x80001564 (0xff8dfce3)
core   0: 0x80001568 (0x0030a733) slt     a4, ra, gp
core   0: 3 0x80001568 (0x0030a733) x14 0x00000000
core   0: 0x8000156c (0x00900a93) li      s5, 9
core   0: 3 0x8000156c (0x00900a93) x21 0x00000009
core   0: 0x80001570 (0x40b2d913) srai    s2, t0, 11
core   0: 3 0x80001570 (0x40b2d913) x18 0xfff00049
core   0: 0x80001574 (0x41340533) sub     a0, s0, s3
core   0: 3 0x80001574 (0x41340533) x10 0x7ffdb191
core   0: 0x80001578 (0x01469013) slli    zero, a3, 20
core   0: 3 0x80001578 (0x01469013)
core   0: 0x8000157c (0x8d7e9017) auipc   zero, 0x8d7e9
core   0: 3 0x8000157c (0x8d7e9017)
core   0: 0x80001580 (0xf4033013) sltiu   zero, t1, -192
core   0: 3 0x80001580 (0xf4033013)
core   0: 0x80001584 (0x8e6ca913) slti    s2, s9, -1818
core   0: 3 0x80001584 (0x8e6ca913) x18 0x00000000
core   0: 0x80001588 (0x55f40413) addi    s0, s0, 1375
core   0: 3 0x80001588 (0x55f40413) x 8 0x0000055f
core   0: 0x8000158c (0x15bf3e17) auipc   t3, 0x15bf3
core   0: 3 0x8000158c (0x15bf3e17) x28 0x95bf458c
core   0: 0x80001590 (0xbbfa4f93) xori    t6, s4, -1089
core   0: 3 0x80001590 (0xbbfa4f93) x31 0xfffffbbe
core   0: 0x80001594 (0x00000013) nop
core   0: 3 0x80001594 (0x00000013)
core   0: 0x80001598 (0x0165a333) slt     t1, a1, s6
core   0: 3 0x80001598 (0x0165a333) x 6 0x00000001
core   0: 0x8000159c (0x00400893) li      a7, 4
core   0: 3 0x8000159c (0x00400893) x17 0x00000004
core   0: 0x800015a0 (0x40a48c33) sub     s8, s1, a0
core   0: 3 0x800015a0 (0x40a48c33) x24 0x80024e82
core   0: 0x800015a4 (0x01ec97b3) sll     a5, s9, t5
core   0: 3 0x800015a4 (0x01ec97b3) x15 0xffffff80
core   0: 0x800015a8 (0x778aa193) slti    gp, s5, 1912
core   0: 3 0x800015a8 (0x778aa193) x 3 0x00000001
core   0: 0x800015ac (0x0000100f) fence.i
core   0: 3 0x800015ac (0x0000100f)
core   0: 0x800015b0 (0xffda8a93) addi    s5, s5, -3
core   0: 3 0x800015b0 (0xffda8a93) x21 0x00000006
core   0: 0x800015b4 (0x00c7e233) or      tp, a5, a2
core   0: 3 0x800015b4 (0x00c7e233) x 4 0xffffffe4
core   0: 0x800015b8 (0x546baf13) slti    t5, s7, 1350
core   0: 3 0x800015b8 (0x546baf13) x30 0x00000001
core   0: 0x800015bc (0x414bd013) srai    zero, s7, 20
core   0: 3 0x800015bc (0x414bd013)
core   0: 0x800015c0 (0x0ff0000f) fence   iorw,iorw
core   0: 3 0x800015c0 (0x0ff0000f)
core   0: 0x800015c4 (0x01f6e233) or      tp, a3, t6
core   0: 3 0x800015c4 (0x01f6e233) x 4 0xffffffff
core   0: 0x800015c8 (0x0ff0000f) fence   iorw,iorw
core   0: 3 0x800015c8 (0x0ff0000f)
core   0: 0x800015cc (0x00b9c533) xor     a0, s3, a1
core   0: 3 0x800015cc (0x00b9c533) x10 0x00024e6f
core   0: 0x800015d0 (0x0114de13) srli    t3, s1, 17
core   0: 3 0x800015d0 (0x0114de13) x28 0x00000000
core   0: 0x800015d4 (0x0187bc33) sltu    s8, a5, s8
core   0: 3 0x800015d4 (0x0187bc33) x24 0x00000000
core   0: 0x800015d8 (0xfd1af4e3) bgeu    s5, a7, pc - 56
core   0: 3 0x800015d8 (0xfd1af4e3)
core   0: 0x800015a0 (0x40a48c33) sub     s8, s1, a0
core   0: 3 0x800015a0 (0x40a48c33) x24 0xfffdb1a4
core   0: 0x800015a4 (0x01ec97b3) sll     a5, s9, t5
core   0: 3 0x800015a4 (0x01ec97b3) x15 0xffffff00
core   0: 0x800015a8 (0x778aa193) slti    gp, s5, 1912
core   0: 3 0x800015a8 (0x778aa193) x 3 0x00000001
core   0: 0x800015ac (0x0000100f) fence.i
core   0: 3 0x800015ac (0x0000100f)
core   0: 0x800015b0 (0xffda8a93) addi    s5, s5, -3
core   0: 3 0x800015b0 (0xffda8a93) x21 0x00000003
core   0: 0x800015b4 (0x00c7e233) or      tp, a5, a2
core   0: 3 0x800015b4 (0x00c7e233) x 4 0xffffff64
core   0: 0x800015b8 (0x546baf13) slti    t5, s7, 1350
core   0: 3 0x800015b8 (0x546baf13) x30 0x00000001
core   0: 0x800015bc (0x414bd013) srai    zero, s7, 20
core   0: 3 0x800015bc (0x414bd013)
core   0: 0x800015c0 (0x0ff0000f) fence   iorw,iorw
core   0: 3 0x800015c0 (0x0ff0000f)
core   0: 0x800015c4 (0x01f6e233) or      tp, a3, t6
core   0: 3 0x800015c4 (0x01f6e233) x 4 0xffffffff
core   0: 0x800015c8 (0x0ff0000f) fence   iorw,iorw
core   0: 3 0x800015c8 (0x0ff0000f)
core   0: 0x800015cc (0x00b9c533) xor     a0, s3, a1
core   0: 3 0x800015cc (0x00b9c533) x10 0x00024e6f
core   0: 0x800015d0 (0x0114de13) srli    t3, s1, 17
core   0: 3 0x800015d0 (0x0114de13) x28 0x00000000
core   0: 0x800015d4 (0x0187bc33) sltu    s8, a5, s8
core   0: 3 0x800015d4 (0x0187bc33) x24 0x00000000
core   0: 0x800015d8 (0xfd1af4e3) bgeu    s5, a7, pc - 56
core   0: 3 0x800015d8 (0xfd1af4e3)
core   0: 0x800015dc (0x5c89e013) ori     zero, s3, 1480
core   0: 3 0x800015dc (0x5c89e013)
core   0: 0x800015e0 (0xff700b13) li      s6, -9
core   0: 3 0x800015e0 (0xff700b13) x22 0xfffffff7
core   0: 0x800015e4 (0x2a0c7813) andi    a6, s8, 672
core   0: 3 0x800015e4 (0x2a0c7813) x16 0x00000000
core   0: 0x800015e8 (0x00cfa333) slt     t1, t6, a2
core   0: 3 0x800015e8 (0x00cfa333) x 6 0x00000000
core   0: 0x800015ec (0x17d78293) addi    t0, a5, 381
core   0: 3 0x800015ec (0x17d78293) x 5 0x0000007d
core   0: 0x800015f0 (0x01300093) li      ra, 19
core   0: 3 0x800015f0 (0x01300093) x 1 0x00000013
core   0: 0x800015f4 (0x403f5eb3) sra     t4, t5, gp
core   0: 3 0x800015f4 (0x403f5eb3) x29 0x00000000
core   0: 0x800015f8 (0x00000013) nop
core   0: 3 0x800015f8 (0x00000013)
core   0: 0x800015fc (0x0000100f) fence.i
core   0: 3 0x800015fc (0x0000100f)
core   0: 0x80001600 (0x007b0b13) addi    s6, s6, 7
core   0: 3 0x80001600 (0x007b0b13) x22 0xfffffffe
core   0: 0x80001604 (0x079aae13) slti    t3, s5, 121
core   0: 3 0x80001604 (0x079aae13) x28 0x00000001
core   0: 0x80001608 (0x85283293) sltiu   t0, a6, -1966
core   0: 3 0x80001608 (0x85283293) x 5 0x00000001
core   0: 0x8000160c (0x41305cb3) sra     s9, zero, s3
core   0: 3 0x8000160c (0x41305cb3) x25 0x00000000
core   0: 0x80001610 (0xff700793) li      a5, -9
core   0: 3 0x80001610 (0xff700793) x15 0xfffffff7
core   0: 0x80001614 (0x003c5f33) srl     t5, s8, gp
core   0: 3 0x80001614 (0x003c5f33) x30 0x00000000
core   0: 0x80001618 (0x00567bb3) and     s7, a2, t0
core   0: 3 0x80001618 (0x00567bb3) x23 0x00000000
core   0: 0x8000161c (0x335ba313) slti    t1, s7, 821
core   0: 3 0x8000161c (0x335ba313) x 6 0x00000001
core   0: 0x80001620 (0x0142d493) srli    s1, t0, 20
core   0: 3 0x80001620 (0x0142d493) x 9 0x00000000
core   0: 0x80001624 (0xd35ff493) andi    s1, t6, -715
core   0: 3 0x80001624 (0xd35ff493) x 9 0xfffff934
core   0: 0x80001628 (0x0000100f) fence.i
core   0: 3 0x80001628 (0x0000100f)
core   0: 0x8000162c (0x00400993) li      s3, 4
core   0: 3 0x8000162c (0x00400993) x19 0x00000004
core   0: 0x80001630 (0xd1f0ad93) slti    s11, ra, -737
core   0: 3 0x80001630 (0xd1f0ad93) x27 0x00000000
core   0: 0x80001634 (0x407fd493) srai    s1, t6, 7
core   0: 3 0x80001634 (0x407fd493) x 9 0xfffffff7
core   0: 0x80001638 (0x00178793) addi    a5, a5, 1
core   0: 3 0x80001638 (0x00178793) x15 0xfffffff8
core   0: 0x8000163c (0x00f80cb3) add     s9, a6, a5
core   0: 3 0x8000163c (0x00f80cb3) x25 0xfffffff8
core   0: 0x80001640 (0x002cbd33) sltu    s10, s9, sp
core   0: 3 0x80001640 (0x002cbd33) x26 0x00000000
core   0: 0x80001644 (0xff3786e3) beq     a5, s3, pc - 20
core   0: 3 0x80001644 (0xff3786e3)
core   0: 0x80001648 (0xa2a5a393) slti    t2, a1, -1494
core   0: 3 0x80001648 (0xa2a5a393) x 7 0x00000001
core   0: 0x8000164c (0x00893eb3) sltu    t4, s2, s0
core   0: 3 0x8000164c (0x00893eb3) x29 0x00000001
core   0: 0x80001650 (0xfa1b44e3) blt     s6, ra, pc - 88
core   0: 3 0x80001650 (0xfa1b44e3)
core   0: 0x800015f8 (0x00000013) nop
core   0: 3 0x800015f8 (0x00000013)
core   0: 0x800015fc (0x0000100f) fence.i
core   0: 3 0x800015fc (0x0000100f)
core   0: 0x80001600 (0x007b0b13) addi    s6, s6, 7
core   0: 3 0x80001600 (0x007b0b13) x22 0x00000005
core   0: 0x80001604 (0x079aae13) slti    t3, s5, 121
core   0: 3 0x80001604 (0x079aae13) x28 0x00000001
core   0: 0x80001608 (0x85283293) sltiu   t0, a6, -1966
core   0: 3 0x80001608 (0x85283293) x 5 0x00000001
core   0: 0x8000160c (0x41305cb3) sra     s9, zero, s3
core   0: 3 0x8000160c (0x41305cb3) x25 0x00000000
core   0: 0x80001610 (0xff700793) li      a5, -9
core   0: 3 0x80001610 (0xff700793) x15 0xfffffff7
core   0: 0x80001614 (0x003c5f33) srl     t5, s8, gp
core   0: 3 0x80001614 (0x003c5f33) x30 0x00000000
core   0: 0x80001618 (0x00567bb3) and     s7, a2, t0
core   0: 3 0x80001618 (0x00567bb3) x23 0x00000000
core   0: 0x8000161c (0x335ba313) slti    t1, s7, 821
core   0: 3 0x8000161c (0x335ba313) x 6 0x00000001
core   0: 0x80001620 (0x0142d493) srli    s1, t0, 20
core   0: 3 0x80001620 (0x0142d493) x 9 0x00000000
core   0: 0x80001624 (0xd35ff493) andi    s1, t6, -715
core   0: 3 0x80001624 (0xd35ff493) x 9 0xfffff934
core   0: 0x80001628 (0x0000100f) fence.i
core   0: 3 0x80001628 (0x0000100f)
core   0: 0x8000162c (0x00400993) li      s3, 4
core   0: 3 0x8000162c (0x00400993) x19 0x00000004
core   0: 0x80001630 (0xd1f0ad93) slti    s11, ra, -737
core   0: 3 0x80001630 (0xd1f0ad93) x27 0x00000000
core   0: 0x80001634 (0x407fd493) srai    s1, t6, 7
core   0: 3 0x80001634 (0x407fd493) x 9 0xfffffff7
core   0: 0x80001638 (0x00178793) addi    a5, a5, 1
core   0: 3 0x80001638 (0x00178793) x15 0xfffffff8
core   0: 0x8000163c (0x00f80cb3) add     s9, a6, a5
core   0: 3 0x8000163c (0x00f80cb3) x25 0xfffffff8
core   0: 0x80001640 (0x002cbd33) sltu    s10, s9, sp
core   0: 3 0x80001640 (0x002cbd33) x26 0x00000000
core   0: 0x80001644 (0xff3786e3) beq     a5, s3, pc - 20
core   0: 3 0x80001644 (0xff3786e3)
core   0: 0x80001648 (0xa2a5a393) slti    t2, a1, -1494
core   0: 3 0x80001648 (0xa2a5a393) x 7 0x00000001
core   0: 0x8000164c (0x00893eb3) sltu    t4, s2, s0
core   0: 3 0x8000164c (0x00893eb3) x29 0x00000001
core   0: 0x80001650 (0xfa1b44e3) blt     s6, ra, pc - 88
core   0: 3 0x80001650 (0xfa1b44e3)
core   0: 0x800015f8 (0x00000013) nop
core   0: 3 0x800015f8 (0x00000013)
core   0: 0x800015fc (0x0000100f) fence.i
core   0: 3 0x800015fc (0x0000100f)
core   0: 0x80001600 (0x007b0b13) addi    s6, s6, 7
core   0: 3 0x80001600 (0x007b0b13) x22 0x0000000c
core   0: 0x80001604 (0x079aae13) slti    t3, s5, 121
core   0: 3 0x80001604 (0x079aae13) x28 0x00000001
core   0: 0x80001608 (0x85283293) sltiu   t0, a6, -1966
core   0: 3 0x80001608 (0x85283293) x 5 0x00000001
core   0: 0x8000160c (0x41305cb3) sra     s9, zero, s3
core   0: 3 0x8000160c (0x41305cb3) x25 0x00000000
core   0: 0x80001610 (0xff700793) li      a5, -9
core   0: 3 0x80001610 (0xff700793) x15 0xfffffff7
core   0: 0x80001614 (0x003c5f33) srl     t5, s8, gp
core   0: 3 0x80001614 (0x003c5f33) x30 0x00000000
core   0: 0x80001618 (0x00567bb3) and     s7, a2, t0
core   0: 3 0x80001618 (0x00567bb3) x23 0x00000000
core   0: 0x8000161c (0x335ba313) slti    t1, s7, 821
core   0: 3 0x8000161c (0x335ba313) x 6 0x00000001
core   0: 0x80001620 (0x0142d493) srli    s1, t0, 20
core   0: 3 0x80001620 (0x0142d493) x 9 0x00000000
core   0: 0x80001624 (0xd35ff493) andi    s1, t6, -715
core   0: 3 0x80001624 (0xd35ff493) x 9 0xfffff934
core   0: 0x80001628 (0x0000100f) fence.i
core   0: 3 0x80001628 (0x0000100f)
core   0: 0x8000162c (0x00400993) li      s3, 4
core   0: 3 0x8000162c (0x00400993) x19 0x00000004
core   0: 0x80001630 (0xd1f0ad93) slti    s11, ra, -737
core   0: 3 0x80001630 (0xd1f0ad93) x27 0x00000000
core   0: 0x80001634 (0x407fd493) srai    s1, t6, 7
core   0: 3 0x80001634 (0x407fd493) x 9 0xfffffff7
core   0: 0x80001638 (0x00178793) addi    a5, a5, 1
core   0: 3 0x80001638 (0x00178793) x15 0xfffffff8
core   0: 0x8000163c (0x00f80cb3) add     s9, a6, a5
core   0: 3 0x8000163c (0x00f80cb3) x25 0xfffffff8
core   0: 0x80001640 (0x002cbd33) sltu    s10, s9, sp
core   0: 3 0x80001640 (0x002cbd33) x26 0x00000000
core   0: 0x80001644 (0xff3786e3) beq     a5, s3, pc - 20
core   0: 3 0x80001644 (0xff3786e3)
core   0: 0x80001648 (0xa2a5a393) slti    t2, a1, -1494
core   0: 3 0x80001648 (0xa2a5a393) x 7 0x00000001
core   0: 0x8000164c (0x00893eb3) sltu    t4, s2, s0
core   0: 3 0x8000164c (0x00893eb3) x29 0x00000001
core   0: 0x80001650 (0xfa1b44e3) blt     s6, ra, pc - 88
core   0: 3 0x80001650 (0xfa1b44e3)
core   0: 0x800015f8 (0x00000013) nop
core   0: 3 0x800015f8 (0x00000013)
core   0: 0x800015fc (0x0000100f) fence.i
core   0: 3 0x800015fc (0x0000100f)
core   0: 0x80001600 (0x007b0b13) addi    s6, s6, 7
core   0: 3 0x80001600 (0x007b0b13) x22 0x00000013
core   0: 0x80001604 (0x079aae13) slti    t3, s5, 121
core   0: 3 0x80001604 (0x079aae13) x28 0x00000001
core   0: 0x80001608 (0x85283293) sltiu   t0, a6, -1966
core   0: 3 0x80001608 (0x85283293) x 5 0x00000001
core   0: 0x8000160c (0x41305cb3) sra     s9, zero, s3
core   0: 3 0x8000160c (0x41305cb3) x25 0x00000000
core   0: 0x80001610 (0xff700793) li      a5, -9
core   0: 3 0x80001610 (0xff700793) x15 0xfffffff7
core   0: 0x80001614 (0x003c5f33) srl     t5, s8, gp
core   0: 3 0x80001614 (0x003c5f33) x30 0x00000000
core   0: 0x80001618 (0x00567bb3) and     s7, a2, t0
core   0: 3 0x80001618 (0x00567bb3) x23 0x00000000
core   0: 0x8000161c (0x335ba313) slti    t1, s7, 821
core   0: 3 0x8000161c (0x335ba313) x 6 0x00000001
core   0: 0x80001620 (0x0142d493) srli    s1, t0, 20
core   0: 3 0x80001620 (0x0142d493) x 9 0x00000000
core   0: 0x80001624 (0xd35ff493) andi    s1, t6, -715
core   0: 3 0x80001624 (0xd35ff493) x 9 0xfffff934
core   0: 0x80001628 (0x0000100f) fence.i
core   0: 3 0x80001628 (0x0000100f)
core   0: 0x8000162c (0x00400993) li      s3, 4
core   0: 3 0x8000162c (0x00400993) x19 0x00000004
core   0: 0x80001630 (0xd1f0ad93) slti    s11, ra, -737
core   0: 3 0x80001630 (0xd1f0ad93) x27 0x00000000
core   0: 0x80001634 (0x407fd493) srai    s1, t6, 7
core   0: 3 0x80001634 (0x407fd493) x 9 0xfffffff7
core   0: 0x80001638 (0x00178793) addi    a5, a5, 1
core   0: 3 0x80001638 (0x00178793) x15 0xfffffff8
core   0: 0x8000163c (0x00f80cb3) add     s9, a6, a5
core   0: 3 0x8000163c (0x00f80cb3) x25 0xfffffff8
core   0: 0x80001640 (0x002cbd33) sltu    s10, s9, sp
core   0: 3 0x80001640 (0x002cbd33) x26 0x00000000
core   0: 0x80001644 (0xff3786e3) beq     a5, s3, pc - 20
core   0: 3 0x80001644 (0xff3786e3)
core   0: 0x80001648 (0xa2a5a393) slti    t2, a1, -1494
core   0: 3 0x80001648 (0xa2a5a393) x 7 0x00000001
core   0: 0x8000164c (0x00893eb3) sltu    t4, s2, s0
core   0: 3 0x8000164c (0x00893eb3) x29 0x00000001
core   0: 0x80001650 (0xfa1b44e3) blt     s6, ra, pc - 88
core   0: 3 0x80001650 (0xfa1b44e3)
core   0: 0x80001654 (0x5b5dec97) auipc   s9, 0x5b5de
core   0: 3 0x80001654 (0x5b5dec97) x25 0xdb5df654
core   0: 0x80001658 (0xfff00e93) li      t4, -1
core   0: 3 0x80001658 (0xfff00e93) x29 0xffffffff
core   0: 0x8000165c (0x0ff0000f) fence   iorw,iorw
core   0: 3 0x8000165c (0x0ff0000f)
core   0: 0x80001660 (0x0007d333) srl     t1, a5, zero
core   0: 3 0x80001660 (0x0007d333) x 6 0xfffffff8
core   0: 0x80001664 (0x01208d33) add     s10, ra, s2
core   0: 3 0x80001664 (0x01208d33) x26 0x00000013
core   0: 0x80001668 (0x0000100f) fence.i
core   0: 3 0x80001668 (0x0000100f)
core   0: 0x8000166c (0xba0acc13) xori    s8, s5, -1120
core   0: 3 0x8000166c (0xba0acc13) x24 0xfffffba3
core   0: 0x80001670 (0x41fad813) srai    a6, s5, 31
core   0: 3 0x80001670 (0x41fad813) x16 0x00000000
core   0: 0x80001674 (0x00200513) li      a0, 2
core   0: 3 0x80001674 (0x00200513) x10 0x00000002
core   0: 0x80001678 (0x2af31917) auipc   s2, 0x2af31
core   0: 3 0x80001678 (0x2af31917) x18 0xaaf32678
core   0: 0x8000167c (0x991e7893) andi    a7, t3, -1647
core   0: 3 0x8000167c (0x991e7893) x17 0x00000001
core   0: 0x80001680 (0xa2d7e097) auipc   ra, 0xa2d7e
core   0: 3 0x80001680 (0xa2d7e097) x 1 0x22d7f680
core   0: 0x80001684 (0x5278bf13) sltiu   t5, a7, 1319
core   0: 3 0x80001684 (0x5278bf13) x30 0x00000001
core   0: 0x80001688 (0x001e8e93) addi    t4, t4, 1
core   0: 3 0x80001688 (0x001e8e93) x29 0x00000000
core   0: 0x8000168c (0x0000100f) fence.i
core   0: 3 0x8000168c (0x0000100f)
core   0: 0x80001690 (0x00a00393) li      t2, 10
core   0: 3 0x80001690 (0x00a00393) x 7 0x0000000a
core   0: 0x80001694 (0x000e9d93) slli    s11, t4, 0
core   0: 3 0x80001694 (0x000e9d93) x27 0x00000000
core   0: 0x80001698 (0xf9795c97) auipc   s9, 0xf9795
core   0: 3 0x80001698 (0xf9795c97) x25 0x79796698
core   0: 0x8000169c (0xff200213) li      tp, -14
core   0: 3 0x8000169c (0xff200213) x 4 0xfffffff2
core   0: 0x800016a0 (0x4125d333) sra     t1, a1, s2
core   0: 3 0x800016a0 (0x4125d333) x 6 0xffffff80
core   0: 0x800016a4 (0x63d73413) sltiu   s0, a4, 1597
core   0: 3 0x800016a4 (0x63d73413) x 8 0x00000001
core   0: 0x800016a8 (0x34ccb293) sltiu   t0, s9, 844
core   0: 3 0x800016a8 (0x34ccb293) x 5 0x00000000
core   0: 0x800016ac (0x65137f93) andi    t6, t1, 1617
core   0: 3 0x800016ac (0x65137f93) x31 0x00000600
core   0: 0x800016b0 (0x017f5333) srl     t1, t5, s7
core   0: 3 0x800016b0 (0x017f5333) x 6 0x00000001
core   0: 0x800016b4 (0xffc38393) addi    t2, t2, -4
core   0: 3 0x800016b4 (0xffc38393) x 7 0x00000006
core   0: 0x800016b8 (0xfe439ae3) bne     t2, tp, pc - 12
core   0: 3 0x800016b8 (0xfe439ae3)
core   0: 0x800016ac (0x65137f93) andi    t6, t1, 1617
core   0: 3 0x800016ac (0x65137f93) x31 0x00000001
core   0: 0x800016b0 (0x017f5333) srl     t1, t5, s7
core   0: 3 0x800016b0 (0x017f5333) x 6 0x00000001
core   0: 0x800016b4 (0xffc38393) addi    t2, t2, -4
core   0: 3 0x800016b4 (0xffc38393) x 7 0x00000002
core   0: 0x800016b8 (0xfe439ae3) bne     t2, tp, pc - 12
core   0: 3 0x800016b8 (0xfe439ae3)
core   0: 0x800016ac (0x65137f93) andi    t6, t1, 1617
core   0: 3 0x800016ac (0x65137f93) x31 0x00000001
core   0: 0x800016b0 (0x017f5333) srl     t1, t5, s7
core   0: 3 0x800016b0 (0x017f5333) x 6 0x00000001
core   0: 0x800016b4 (0xffc38393) addi    t2, t2, -4
core   0: 3 0x800016b4 (0xffc38393) x 7 0xfffffffe
core   0: 0x800016b8 (0xfe439ae3) bne     t2, tp, pc - 12
core   0: 3 0x800016b8 (0xfe439ae3)
core   0: 0x800016ac (0x65137f93) andi    t6, t1, 1617
core   0: 3 0x800016ac (0x65137f93) x31 0x00000001
core   0: 0x800016b0 (0x017f5333) srl     t1, t5, s7
core   0: 3 0x800016b0 (0x017f5333) x 6 0x00000001
core   0: 0x800016b4 (0xffc38393) addi    t2, t2, -4
core   0: 3 0x800016b4 (0xffc38393) x 7 0xfffffffa
core   0: 0x800016b8 (0xfe439ae3) bne     t2, tp, pc - 12
core   0: 3 0x800016b8 (0xfe439ae3)
core   0: 0x800016ac (0x65137f93) andi    t6, t1, 1617
core   0: 3 0x800016ac (0x65137f93) x31 0x00000001
core   0: 0x800016b0 (0x017f5333) srl     t1, t5, s7
core   0: 3 0x800016b0 (0x017f5333) x 6 0x00000001
core   0: 0x800016b4 (0xffc38393) addi    t2, t2, -4
core   0: 3 0x800016b4 (0xffc38393) x 7 0xfffffff6
core   0: 0x800016b8 (0xfe439ae3) bne     t2, tp, pc - 12
core   0: 3 0x800016b8 (0xfe439ae3)
core   0: 0x800016ac (0x65137f93) andi    t6, t1, 1617
core   0: 3 0x800016ac (0x65137f93) x31 0x00000001
core   0: 0x800016b0 (0x017f5333) srl     t1, t5, s7
core   0: 3 0x800016b0 (0x017f5333) x 6 0x00000001
core   0: 0x800016b4 (0xffc38393) addi    t2, t2, -4
core   0: 3 0x800016b4 (0xffc38393) x 7 0xfffffff2
core   0: 0x800016b8 (0xfe439ae3) bne     t2, tp, pc - 12
core   0: 3 0x800016b8 (0xfe439ae3)
core   0: 0x800016bc (0xcee14317) auipc   t1, 0xcee14
core   0: 3 0x800016bc (0xcee14317) x 6 0x4ee156bc
core   0: 0x800016c0 (0xfaaecce3) blt     t4, a0, pc - 72
core   0: 3 0x800016c0 (0xfaaecce3)
core   0: 0x80001678 (0x2af31917) auipc   s2, 0x2af31
core   0: 3 0x80001678 (0x2af31917) x18 0xaaf32678
core   0: 0x8000167c (0x991e7893) andi    a7, t3, -1647
core   0: 3 0x8000167c (0x991e7893) x17 0x00000001
core   0: 0x80001680 (0xa2d7e097) auipc   ra, 0xa2d7e
core   0: 3 0x80001680 (0xa2d7e097) x 1 0x22d7f680
core   0: 0x80001684 (0x5278bf13) sltiu   t5, a7, 1319
core   0: 3 0x80001684 (0x5278bf13) x30 0x00000001
core   0: 0x80001688 (0x001e8e93) addi    t4, t4, 1
core   0: 3 0x80001688 (0x001e8e93) x29 0x00000001
core   0: 0x8000168c (0x0000100f) fence.i
core   0: 3 0x8000168c (0x0000100f)
core   0: 0x80001690 (0x00a00393) li      t2, 10
core   0: 3 0x80001690 (0x00a00393) x 7 0x0000000a
core   0: 0x80001694 (0x000e9d93) slli    s11, t4, 0
core   0: 3 0x80001694 (0x000e9d93) x27 0x00000001
core   0: 0x80001698 (0xf9795c97) auipc   s9, 0xf9795
core   0: 3 0x80001698 (0xf9795c97) x25 0x79796698
core   0: 0x8000169c (0xff200213) li      tp, -14
core   0: 3 0x8000169c (0xff200213) x 4 0xfffffff2
core   0: 0x800016a0 (0x4125d333) sra     t1, a1, s2
core   0: 3 0x800016a0 (0x4125d333) x 6 0xffffff80
core   0: 0x800016a4 (0x63d73413) sltiu   s0, a4, 1597
core   0: 3 0x800016a4 (0x63d73413) x 8 0x00000001
core   0: 0x800016a8 (0x34ccb293) sltiu   t0, s9, 844
core   0: 3 0x800016a8 (0x34ccb293) x 5 0x00000000
core   0: 0x800016ac (0x65137f93) andi    t6, t1, 1617
core   0: 3 0x800016ac (0x65137f93) x31 0x00000600
core   0: 0x800016b0 (0x017f5333) srl     t1, t5, s7
core   0: 3 0x800016b0 (0x017f5333) x 6 0x00000001
core   0: 0x800016b4 (0xffc38393) addi    t2, t2, -4
core   0: 3 0x800016b4 (0xffc38393) x 7 0x00000006
core   0: 0x800016b8 (0xfe439ae3) bne     t2, tp, pc - 12
core   0: 3 0x800016b8 (0xfe439ae3)
core   0: 0x800016ac (0x65137f93) andi    t6, t1, 1617
core   0: 3 0x800016ac (0x65137f93) x31 0x00000001
core   0: 0x800016b0 (0x017f5333) srl     t1, t5, s7
core   0: 3 0x800016b0 (0x017f5333) x 6 0x00000001
core   0: 0x800016b4 (0xffc38393) addi    t2, t2, -4
core   0: 3 0x800016b4 (0xffc38393) x 7 0x00000002
core   0: 0x800016b8 (0xfe439ae3) bne     t2, tp, pc - 12
core   0: 3 0x800016b8 (0xfe439ae3)
core   0: 0x800016ac (0x65137f93) andi    t6, t1, 1617
core   0: 3 0x800016ac (0x65137f93) x31 0x00000001
core   0: 0x800016b0 (0x017f5333) srl     t1, t5, s7
core   0: 3 0x800016b0 (0x017f5333) x 6 0x00000001
core   0: 0x800016b4 (0xffc38393) addi    t2, t2, -4
core   0: 3 0x800016b4 (0xffc38393) x 7 0xfffffffe
core   0: 0x800016b8 (0xfe439ae3) bne     t2, tp, pc - 12
core   0: 3 0x800016b8 (0xfe439ae3)
core   0: 0x800016ac (0x65137f93) andi    t6, t1, 1617
core   0: 3 0x800016ac (0x65137f93) x31 0x00000001
core   0: 0x800016b0 (0x017f5333) srl     t1, t5, s7
core   0: 3 0x800016b0 (0x017f5333) x 6 0x00000001
core   0: 0x800016b4 (0xffc38393) addi    t2, t2, -4
core   0: 3 0x800016b4 (0xffc38393) x 7 0xfffffffa
core   0: 0x800016b8 (0xfe439ae3) bne     t2, tp, pc - 12
core   0: 3 0x800016b8 (0xfe439ae3)
core   0: 0x800016ac (0x65137f93) andi    t6, t1, 1617
core   0: 3 0x800016ac (0x65137f93) x31 0x00000001
core   0: 0x800016b0 (0x017f5333) srl     t1, t5, s7
core   0: 3 0x800016b0 (0x017f5333) x 6 0x00000001
core   0: 0x800016b4 (0xffc38393) addi    t2, t2, -4
core   0: 3 0x800016b4 (0xffc38393) x 7 0xfffffff6
core   0: 0x800016b8 (0xfe439ae3) bne     t2, tp, pc - 12
core   0: 3 0x800016b8 (0xfe439ae3)
core   0: 0x800016ac (0x65137f93) andi    t6, t1, 1617
core   0: 3 0x800016ac (0x65137f93) x31 0x00000001
core   0: 0x800016b0 (0x017f5333) srl     t1, t5, s7
core   0: 3 0x800016b0 (0x017f5333) x 6 0x00000001
core   0: 0x800016b4 (0xffc38393) addi    t2, t2, -4
core   0: 3 0x800016b4 (0xffc38393) x 7 0xfffffff2
core   0: 0x800016b8 (0xfe439ae3) bne     t2, tp, pc - 12
core   0: 3 0x800016b8 (0xfe439ae3)
core   0: 0x800016bc (0xcee14317) auipc   t1, 0xcee14
core   0: 3 0x800016bc (0xcee14317) x 6 0x4ee156bc
core   0: 0x800016c0 (0xfaaecce3) blt     t4, a0, pc - 72
core   0: 3 0x800016c0 (0xfaaecce3)
core   0: 0x80001678 (0x2af31917) auipc   s2, 0x2af31
core   0: 3 0x80001678 (0x2af31917) x18 0xaaf32678
core   0: 0x8000167c (0x991e7893) andi    a7, t3, -1647
core   0: 3 0x8000167c (0x991e7893) x17 0x00000001
core   0: 0x80001680 (0xa2d7e097) auipc   ra, 0xa2d7e
core   0: 3 0x80001680 (0xa2d7e097) x 1 0x22d7f680
core   0: 0x80001684 (0x5278bf13) sltiu   t5, a7, 1319
core   0: 3 0x80001684 (0x5278bf13) x30 0x00000001
core   0: 0x80001688 (0x001e8e93) addi    t4, t4, 1
core   0: 3 0x80001688 (0x001e8e93) x29 0x00000002
core   0: 0x8000168c (0x0000100f) fence.i
core   0: 3 0x8000168c (0x0000100f)
core   0: 0x80001690 (0x00a00393) li      t2, 10
core   0: 3 0x80001690 (0x00a00393) x 7 0x0000000a
core   0: 0x80001694 (0x000e9d93) slli    s11, t4, 0
core   0: 3 0x80001694 (0x000e9d93) x27 0x00000002
core   0: 0x80001698 (0xf9795c97) auipc   s9, 0xf9795
core   0: 3 0x80001698 (0xf9795c97) x25 0x79796698
core   0: 0x8000169c (0xff200213) li      tp, -14
core   0: 3 0x8000169c (0xff200213) x 4 0xfffffff2
core   0: 0x800016a0 (0x4125d333) sra     t1, a1, s2
core   0: 3 0x800016a0 (0x4125d333) x 6 0xffffff80
core   0: 0x800016a4 (0x63d73413) sltiu   s0, a4, 1597
core   0: 3 0x800016a4 (0x63d73413) x 8 0x00000001
core   0: 0x800016a8 (0x34ccb293) sltiu   t0, s9, 844
core   0: 3 0x800016a8 (0x34ccb293) x 5 0x00000000
core   0: 0x800016ac (0x65137f93) andi    t6, t1, 1617
core   0: 3 0x800016ac (0x65137f93) x31 0x00000600
core   0: 0x800016b0 (0x017f5333) srl     t1, t5, s7
core   0: 3 0x800016b0 (0x017f5333) x 6 0x00000001
core   0: 0x800016b4 (0xffc38393) addi    t2, t2, -4
core   0: 3 0x800016b4 (0xffc38393) x 7 0x00000006
core   0: 0x800016b8 (0xfe439ae3) bne     t2, tp, pc - 12
core   0: 3 0x800016b8 (0xfe439ae3)
core   0: 0x800016ac (0x65137f93) andi    t6, t1, 1617
core   0: 3 0x800016ac (0x65137f93) x31 0x00000001
core   0: 0x800016b0 (0x017f5333) srl     t1, t5, s7
core   0: 3 0x800016b0 (0x017f5333) x 6 0x00000001
core   0: 0x800016b4 (0xffc38393) addi    t2, t2, -4
core   0: 3 0x800016b4 (0xffc38393) x 7 0x00000002
core   0: 0x800016b8 (0xfe439ae3) bne     t2, tp, pc - 12
core   0: 3 0x800016b8 (0xfe439ae3)
core   0: 0x800016ac (0x65137f93) andi    t6, t1, 1617
core   0: 3 0x800016ac (0x65137f93) x31 0x00000001
core   0: 0x800016b0 (0x017f5333) srl     t1, t5, s7
core   0: 3 0x800016b0 (0x017f5333) x 6 0x00000001
core   0: 0x800016b4 (0xffc38393) addi    t2, t2, -4
core   0: 3 0x800016b4 (0xffc38393) x 7 0xfffffffe
core   0: 0x800016b8 (0xfe439ae3) bne     t2, tp, pc - 12
core   0: 3 0x800016b8 (0xfe439ae3)
core   0: 0x800016ac (0x65137f93) andi    t6, t1, 1617
core   0: 3 0x800016ac (0x65137f93) x31 0x00000001
core   0: 0x800016b0 (0x017f5333) srl     t1, t5, s7
core   0: 3 0x800016b0 (0x017f5333) x 6 0x00000001
core   0: 0x800016b4 (0xffc38393) addi    t2, t2, -4
core   0: 3 0x800016b4 (0xffc38393) x 7 0xfffffffa
core   0: 0x800016b8 (0xfe439ae3) bne     t2, tp, pc - 12
core   0: 3 0x800016b8 (0xfe439ae3)
core   0: 0x800016ac (0x65137f93) andi    t6, t1, 1617
core   0: 3 0x800016ac (0x65137f93) x31 0x00000001
core   0: 0x800016b0 (0x017f5333) srl     t1, t5, s7
core   0: 3 0x800016b0 (0x017f5333) x 6 0x00000001
core   0: 0x800016b4 (0xffc38393) addi    t2, t2, -4
core   0: 3 0x800016b4 (0xffc38393) x 7 0xfffffff6
core   0: 0x800016b8 (0xfe439ae3) bne     t2, tp, pc - 12
core   0: 3 0x800016b8 (0xfe439ae3)
core   0: 0x800016ac (0x65137f93) andi    t6, t1, 1617
core   0: 3 0x800016ac (0x65137f93) x31 0x00000001
core   0: 0x800016b0 (0x017f5333) srl     t1, t5, s7
core   0: 3 0x800016b0 (0x017f5333) x 6 0x00000001
core   0: 0x800016b4 (0xffc38393) addi    t2, t2, -4
core   0: 3 0x800016b4 (0xffc38393) x 7 0xfffffff2
core   0: 0x800016b8 (0xfe439ae3) bne     t2, tp, pc - 12
core   0: 3 0x800016b8 (0xfe439ae3)
core   0: 0x800016bc (0xcee14317) auipc   t1, 0xcee14
core   0: 3 0x800016bc (0xcee14317) x 6 0x4ee156bc
core   0: 0x800016c0 (0xfaaecce3) blt     t4, a0, pc - 72
core   0: 3 0x800016c0 (0xfaaecce3)
core   0: 0x800016c4 (0x81fe79b7) lui     s3, 0x81fe7
core   0: 3 0x800016c4 (0x81fe79b7) x19 0x81fe7000
core   0: 0x800016c8 (0x00600713) li      a4, 6
core   0: 3 0x800016c8 (0x00600713) x14 0x00000006
core   0: 0x800016cc (0x00200d93) li      s11, 2
core   0: 3 0x800016cc (0x00200d93) x27 0x00000002
core   0: 0x800016d0 (0x001e58b3) srl     a7, t3, ra
core   0: 3 0x800016d0 (0x001e58b3) x17 0x00000001
core   0: 0x800016d4 (0x0000100f) fence.i
core   0: 3 0x800016d4 (0x0000100f)
core   0: 0x800016d8 (0x246a70b7) lui     ra, 0x246a7
core   0: 3 0x800016d8 (0x246a70b7) x 1 0x246a7000
core   0: 0x800016dc (0x016eaab3) slt     s5, t4, s6
core   0: 3 0x800016dc (0x016eaab3) x21 0x00000001
core   0: 0x800016e0 (0xff870713) addi    a4, a4, -8
core   0: 3 0x800016e0 (0xff870713) x14 0xfffffffe
core   0: 0x800016e4 (0x01a2b4b3) sltu    s1, t0, s10
core   0: 3 0x800016e4 (0x01a2b4b3) x 9 0x00000001
core   0: 0x800016e8 (0x00000013) nop
core   0: 3 0x800016e8 (0x00000013)
core   0: 0x800016ec (0x40fcd693) srai    a3, s9, 15
core   0: 3 0x800016ec (0x40fcd693) x13 0x0000f2f2
core   0: 0x800016f0 (0x00600513) li      a0, 6
core   0: 3 0x800016f0 (0x00600513) x10 0x00000006
core   0: 0x800016f4 (0x0ff0000f) fence   iorw,iorw
core   0: 3 0x800016f4 (0x0ff0000f)
core   0: 0x800016f8 (0x00600f13) li      t5, 6
core   0: 3 0x800016f8 (0x00600f13) x30 0x00000006
core   0: 0x800016fc (0x00d8ce33) xor     t3, a7, a3
core   0: 3 0x800016fc (0x00d8ce33) x28 0x0000f2f3
core   0: 0x80001700 (0x019c28b3) slt     a7, s8, s9
core   0: 3 0x80001700 (0x019c28b3) x17 0x00000001
core   0: 0x80001704 (0xc5fb6393) ori     t2, s6, -929
core   0: 3 0x80001704 (0xc5fb6393) x 7 0xfffffc5f
core   0: 0x80001708 (0x00000013) nop
core   0: 3 0x80001708 (0x00000013)
core   0: 0x8000170c (0x0000100f) fence.i
core   0: 3 0x8000170c (0x0000100f)
core   0: 0x80001710 (0xffb50513) addi    a0, a0, -5
core   0: 3 0x80001710 (0xffb50513) x10 0x00000001
core   0: 0x80001714 (0x008b1193) slli    gp, s6, 8
core   0: 3 0x80001714 (0x008b1193) x 3 0x00001300
core   0: 0x80001718 (0x0cb339b7) lui     s3, 0xcb33
core   0: 3 0x80001718 (0x0cb339b7) x19 0x0cb33000
core   0: 0x8000171c (0xffe572e3) bgeu    a0, t5, pc - 28
core   0: 3 0x8000171c (0xffe572e3)
core   0: 0x80001720 (0xbfe4a813) slti    a6, s1, -1026
core   0: 3 0x80001720 (0xbfe4a813) x16 0x00000000
core   0: 0x80001724 (0x3a3f8893) addi    a7, t6, 931
core   0: 3 0x80001724 (0x3a3f8893) x17 0x000003a4
core   0: 0x80001728 (0xfbb758e3) bge     a4, s11, pc - 80
core   0: 3 0x80001728 (0xfbb758e3)
core   0: 0x8000172c (0x411fd4b3) sra     s1, t6, a7
core   0: 3 0x8000172c (0x411fd4b3) x 9 0x00000000
core   0: 0x80001730 (0x00000c93) li      s9, 0
core   0: 3 0x80001730 (0x00000c93) x25 0x00000000
core   0: 0x80001734 (0x00400193) li      gp, 4
core   0: 3 0x80001734 (0x00400193) x 3 0x00000004
core   0: 0x80001738 (0x400ed733) sra     a4, t4, zero
core   0: 3 0x80001738 (0x400ed733) x14 0x00000002
core   0: 0x8000173c (0x0089c433) xor     s0, s3, s0
core   0: 3 0x8000173c (0x0089c433) x 8 0x0cb33001
core   0: 0x80001740 (0x008e7bb3) and     s7, t3, s0
core   0: 3 0x80001740 (0x008e7bb3) x23 0x00003001
core   0: 0x80001744 (0x0a2244b7) lui     s1, 0xa224
core   0: 3 0x80001744 (0x0a2244b7) x 9 0x0a224000
core   0: 0x80001748 (0x134c0013) addi    zero, s8, 308
core   0: 3 0x80001748 (0x134c0013)
core   0: 0x8000174c (0x00869713) slli    a4, a3, 8
core   0: 3 0x8000174c (0x00869713) x14 0x00f2f200
core   0: 0x80001750 (0x004c8c93) addi    s9, s9, 4
core   0: 3 0x80001750 (0x004c8c93) x25 0x00000004
core   0: 0x80001754 (0xfe3ce4e3) bltu    s9, gp, pc - 24
core   0: 3 0x80001754 (0xfe3ce4e3)
core   0: 0x80001758 (0x0000100f) fence.i
core   0: 3 0x80001758 (0x0000100f)
core   0: 0x8000175c (0xffd00793) li      a5, -3
core   0: 3 0x8000175c (0xffd00793) x15 0xfffffffd
core   0: 0x80001760 (0x0070d493) srli    s1, ra, 7
core   0: 3 0x80001760 (0x0070d493) x 9 0x0048d4e0
core   0: 0x80001764 (0x00bedf93) srli    t6, t4, 11
core   0: 3 0x80001764 (0x00bedf93) x31 0x00000000
core   0: 0x80001768 (0xfed00393) li      t2, -19
core   0: 3 0x80001768 (0xfed00393) x 7 0xffffffed
core   0: 0x8000176c (0x409d5193) srai    gp, s10, 9
core   0: 3 0x8000176c (0x409d5193) x 3 0x00000000
core   0: 0x80001770 (0x0047f8b3) and     a7, a5, tp
core   0: 3 0x80001770 (0x0047f8b3) x17 0xfffffff0
core   0: 0x80001774 (0x012db033) sltu    zero, s11, s2
core   0: 3 0x80001774 (0x012db033)
core   0: 0x80001778 (0x00192e33) slt     t3, s2, ra
core   0: 3 0x80001778 (0x00192e33) x28 0x00000001
core   0: 0x8000177c (0x00549193) slli    gp, s1, 5
core   0: 3 0x8000177c (0x00549193) x 3 0x091a9c00
core   0: 0x80001780 (0x407581b3) sub     gp, a1, t2
core   0: 3 0x80001780 (0x407581b3) x 3 0x80000013
core   0: 0x80001784 (0x40f85db3) sra     s11, a6, a5
core   0: 3 0x80001784 (0x40f85db3) x27 0x00000000
core   0: 0x80001788 (0xff878793) addi    a5, a5, -8
core   0: 3 0x80001788 (0xff878793) x15 0xfffffff5
core   0: 0x8000178c (0x41ea5b13) srai    s6, s4, 30
core   0: 3 0x8000178c (0x41ea5b13) x22 0x00000000
core   0: 0x80001790 (0x01ec1413) slli    s0, s8, 30
core   0: 3 0x80001790 (0x01ec1413) x 8 0xc0000000
core   0: 0x80001794 (0xff900993) li      s3, -7
core   0: 3 0x80001794 (0xff900993) x19 0xfffffff9
core   0: 0x80001798 (0x01a6e1b3) or      gp, a3, s10
core   0: 3 0x80001798 (0x01a6e1b3) x 3 0x0000f2f3
core   0: 0x8000179c (0x0095f433) and     s0, a1, s1
core   0: 3 0x8000179c (0x0095f433) x 8 0x00000000
core   0: 0x800017a0 (0x4188dcb3) sra     s9, a7, s8
core   0: 3 0x800017a0 (0x4188dcb3) x25 0xfffffffe
core   0: 0x800017a4 (0x40fed493) srai    s1, t4, 15
core   0: 3 0x800017a4 (0x40fed493) x 9 0x00000000
core   0: 0x800017a8 (0x9a74f213) andi    tp, s1, -1625
core   0: 3 0x800017a8 (0x9a74f213) x 4 0x00000000
core   0: 0x800017ac (0xd2ac8693) addi    a3, s9, -726
core   0: 3 0x800017ac (0xd2ac8693) x13 0xfffffd28
core   0: 0x800017b0 (0x01200f13) li      t5, 18
core   0: 3 0x800017b0 (0x01200f13) x30 0x00000012
core   0: 0x800017b4 (0x13d362b7) lui     t0, 0x13d36
core   0: 3 0x800017b4 (0x13d362b7) x 5 0x13d36000
core   0: 0x800017b8 (0x00a25b33) srl     s6, tp, a0
core   0: 3 0x800017b8 (0x00a25b33) x22 0x00000000
core   0: 0x800017bc (0x40d58433) sub     s0, a1, a3
core   0: 3 0x800017bc (0x40d58433) x 8 0x800002d8
core   0: 0x800017c0 (0x4055de33) sra     t3, a1, t0
core   0: 3 0x800017c0 (0x4055de33) x28 0x80000000
core   0: 0x800017c4 (0x00598993) addi    s3, s3, 5
core   0: 3 0x800017c4 (0x00598993) x19 0xfffffffe
core   0: 0x800017c8 (0x72763c13) sltiu   s8, a2, 1831
core   0: 3 0x800017c8 (0x72763c13) x24 0x00000000
core   0: 0x800017cc (0xffe984e3) beq     s3, t5, pc - 24
core   0: 3 0x800017cc (0xffe984e3)
core   0: 0x800017d0 (0x015438b3) sltu    a7, s0, s5
core   0: 3 0x800017d0 (0x015438b3) x17 0x00000000
core   0: 0x800017d4 (0x40315293) srai    t0, sp, 3
core   0: 3 0x800017d4 (0x40315293) x 5 0xf000519c
core   0: 0x800017d8 (0x00750cb3) add     s9, a0, t2
core   0: 3 0x800017d8 (0x00750cb3) x25 0xffffffee
core   0: 0x800017dc (0xfa7782e3) beq     a5, t2, pc - 92
core   0: 3 0x800017dc (0xfa7782e3)
core   0: 0x800017e0 (0x02be6293) ori     t0, t3, 43
core   0: 3 0x800017e0 (0x02be6293) x 5 0x8000002b
core   0: 0x800017e4 (0xff900713) li      a4, -7
core   0: 3 0x800017e4 (0xff900713) x14 0xfffffff9
core   0: 0x800017e8 (0x017d41b3) xor     gp, s10, s7
core   0: 3 0x800017e8 (0x017d41b3) x 3 0x00003012
core   0: 0x800017ec (0x01c3df13) srli    t5, t2, 28
core   0: 3 0x800017ec (0x01c3df13) x30 0x0000000f
core   0: 0x800017f0 (0x00d40eb3) add     t4, s0, a3
core   0: 3 0x800017f0 (0x00d40eb3) x29 0x80000000
core   0: 0x800017f4 (0x01200793) li      a5, 18
core   0: 3 0x800017f4 (0x01200793) x15 0x00000012
core   0: 0x800017f8 (0x405809b3) sub     s3, a6, t0
core   0: 3 0x800017f8 (0x405809b3) x19 0x7fffffd5
core   0: 0x800017fc (0x000311b3) sll     gp, t1, zero
core   0: 3 0x800017fc (0x000311b3) x 3 0x4ee156bc
core   0: 0x80001800 (0xa26f0d13) addi    s10, t5, -1498
core   0: 3 0x80001800 (0xa26f0d13) x26 0xfffffa35
core   0: 0x80001804 (0x011556b3) srl     a3, a0, a7
core   0: 3 0x80001804 (0x011556b3) x13 0x00000001
core   0: 0x80001808 (0x41d6da13) srai    s4, a3, 29
core   0: 3 0x80001808 (0x41d6da13) x20 0x00000000
core   0: 0x8000180c (0x00170713) addi    a4, a4, 1
core   0: 3 0x8000180c (0x00170713) x14 0xfffffffa
core   0: 0x80001810 (0x00955d93) srli    s11, a0, 9
core   0: 3 0x80001810 (0x00955d93) x27 0x00000000
core   0: 0x80001814 (0xfef712e3) bne     a4, a5, pc - 28
core   0: 3 0x80001814 (0xfef712e3)
core   0: 0x800017f8 (0x405809b3) sub     s3, a6, t0
core   0: 3 0x800017f8 (0x405809b3) x19 0x7fffffd5
core   0: 0x800017fc (0x000311b3) sll     gp, t1, zero
core   0: 3 0x800017fc (0x000311b3) x 3 0x4ee156bc
core   0: 0x80001800 (0xa26f0d13) addi    s10, t5, -1498
core   0: 3 0x80001800 (0xa26f0d13) x26 0xfffffa35
core   0: 0x80001804 (0x011556b3) srl     a3, a0, a7
core   0: 3 0x80001804 (0x011556b3) x13 0x00000001
core   0: 0x80001808 (0x41d6da13) srai    s4, a3, 29
core   0: 3 0x80001808 (0x41d6da13) x20 0x00000000
core   0: 0x8000180c (0x00170713) addi    a4, a4, 1
core   0: 3 0x8000180c (0x00170713) x14 0xfffffffb
core   0: 0x80001810 (0x00955d93) srli    s11, a0, 9
core   0: 3 0x80001810 (0x00955d93) x27 0x00000000
core   0: 0x80001814 (0xfef712e3) bne     a4, a5, pc - 28
core   0: 3 0x80001814 (0xfef712e3)
core   0: 0x800017f8 (0x405809b3) sub     s3, a6, t0
core   0: 3 0x800017f8 (0x405809b3) x19 0x7fffffd5
core   0: 0x800017fc (0x000311b3) sll     gp, t1, zero
core   0: 3 0x800017fc (0x000311b3) x 3 0x4ee156bc
core   0: 0x80001800 (0xa26f0d13) addi    s10, t5, -1498
core   0: 3 0x80001800 (0xa26f0d13) x26 0xfffffa35
core   0: 0x80001804 (0x011556b3) srl     a3, a0, a7
core   0: 3 0x80001804 (0x011556b3) x13 0x00000001
core   0: 0x80001808 (0x41d6da13) srai    s4, a3, 29
core   0: 3 0x80001808 (0x41d6da13) x20 0x00000000
core   0: 0x8000180c (0x00170713) addi    a4, a4, 1
core   0: 3 0x8000180c (0x00170713) x14 0xfffffffc
core   0: 0x80001810 (0x00955d93) srli    s11, a0, 9
core   0: 3 0x80001810 (0x00955d93) x27 0x00000000
core   0: 0x80001814 (0xfef712e3) bne     a4, a5, pc - 28
core   0: 3 0x80001814 (0xfef712e3)
core   0: 0x800017f8 (0x405809b3) sub     s3, a6, t0
core   0: 3 0x800017f8 (0x405809b3) x19 0x7fffffd5
core   0: 0x800017fc (0x000311b3) sll     gp, t1, zero
core   0: 3 0x800017fc (0x000311b3) x 3 0x4ee156bc
core   0: 0x80001800 (0xa26f0d13) addi    s10, t5, -1498
core   0: 3 0x80001800 (0xa26f0d13) x26 0xfffffa35
core   0: 0x80001804 (0x011556b3) srl     a3, a0, a7
core   0: 3 0x80001804 (0x011556b3) x13 0x00000001
core   0: 0x80001808 (0x41d6da13) srai    s4, a3, 29
core   0: 3 0x80001808 (0x41d6da13) x20 0x00000000
core   0: 0x8000180c (0x00170713) addi    a4, a4, 1
core   0: 3 0x8000180c (0x00170713) x14 0xfffffffd
core   0: 0x80001810 (0x00955d93) srli    s11, a0, 9
core   0: 3 0x80001810 (0x00955d93) x27 0x00000000
core   0: 0x80001814 (0xfef712e3) bne     a4, a5, pc - 28
core   0: 3 0x80001814 (0xfef712e3)
core   0: 0x800017f8 (0x405809b3) sub     s3, a6, t0
core   0: 3 0x800017f8 (0x405809b3) x19 0x7fffffd5
core   0: 0x800017fc (0x000311b3) sll     gp, t1, zero
core   0: 3 0x800017fc (0x000311b3) x 3 0x4ee156bc
core   0: 0x80001800 (0xa26f0d13) addi    s10, t5, -1498
core   0: 3 0x80001800 (0xa26f0d13) x26 0xfffffa35
core   0: 0x80001804 (0x011556b3) srl     a3, a0, a7
core   0: 3 0x80001804 (0x011556b3) x13 0x00000001
core   0: 0x80001808 (0x41d6da13) srai    s4, a3, 29
core   0: 3 0x80001808 (0x41d6da13) x20 0x00000000
core   0: 0x8000180c (0x00170713) addi    a4, a4, 1
core   0: 3 0x8000180c (0x00170713) x14 0xfffffffe
core   0: 0x80001810 (0x00955d93) srli    s11, a0, 9
core   0: 3 0x80001810 (0x00955d93) x27 0x00000000
core   0: 0x80001814 (0xfef712e3) bne     a4, a5, pc - 28
core   0: 3 0x80001814 (0xfef712e3)
core   0: 0x800017f8 (0x405809b3) sub     s3, a6, t0
core   0: 3 0x800017f8 (0x405809b3) x19 0x7fffffd5
core   0: 0x800017fc (0x000311b3) sll     gp, t1, zero
core   0: 3 0x800017fc (0x000311b3) x 3 0x4ee156bc
core   0: 0x80001800 (0xa26f0d13) addi    s10, t5, -1498
core   0: 3 0x80001800 (0xa26f0d13) x26 0xfffffa35
core   0: 0x80001804 (0x011556b3) srl     a3, a0, a7
core   0: 3 0x80001804 (0x011556b3) x13 0x00000001
core   0: 0x80001808 (0x41d6da13) srai    s4, a3, 29
core   0: 3 0x80001808 (0x41d6da13) x20 0x00000000
core   0: 0x8000180c (0x00170713) addi    a4, a4, 1
core   0: 3 0x8000180c (0x00170713) x14 0xffffffff
core   0: 0x80001810 (0x00955d93) srli    s11, a0, 9
core   0: 3 0x80001810 (0x00955d93) x27 0x00000000
core   0: 0x80001814 (0xfef712e3) bne     a4, a5, pc - 28
core   0: 3 0x80001814 (0xfef712e3)
core   0: 0x800017f8 (0x405809b3) sub     s3, a6, t0
core   0: 3 0x800017f8 (0x405809b3) x19 0x7fffffd5
core   0: 0x800017fc (0x000311b3) sll     gp, t1, zero
core   0: 3 0x800017fc (0x000311b3) x 3 0x4ee156bc
core   0: 0x80001800 (0xa26f0d13) addi    s10, t5, -1498
core   0: 3 0x80001800 (0xa26f0d13) x26 0xfffffa35
core   0: 0x80001804 (0x011556b3) srl     a3, a0, a7
core   0: 3 0x80001804 (0x011556b3) x13 0x00000001
core   0: 0x80001808 (0x41d6da13) srai    s4, a3, 29
core   0: 3 0x80001808 (0x41d6da13) x20 0x00000000
core   0: 0x8000180c (0x00170713) addi    a4, a4, 1
core   0: 3 0x8000180c (0x00170713) x14 0x00000000
core   0: 0x80001810 (0x00955d93) srli    s11, a0, 9
core   0: 3 0x80001810 (0x00955d93) x27 0x00000000
core   0: 0x80001814 (0xfef712e3) bne     a4, a5, pc - 28
core   0: 3 0x80001814 (0xfef712e3)
core   0: 0x800017f8 (0x405809b3) sub     s3, a6, t0
core   0: 3 0x800017f8 (0x405809b3) x19 0x7fffffd5
core   0: 0x800017fc (0x000311b3) sll     gp, t1, zero
core   0: 3 0x800017fc (0x000311b3) x 3 0x4ee156bc
core   0: 0x80001800 (0xa26f0d13) addi    s10, t5, -1498
core   0: 3 0x80001800 (0xa26f0d13) x26 0xfffffa35
core   0: 0x80001804 (0x011556b3) srl     a3, a0, a7
core   0: 3 0x80001804 (0x011556b3) x13 0x00000001
core   0: 0x80001808 (0x41d6da13) srai    s4, a3, 29
core   0: 3 0x80001808 (0x41d6da13) x20 0x00000000
core   0: 0x8000180c (0x00170713) addi    a4, a4, 1
core   0: 3 0x8000180c (0x00170713) x14 0x00000001
core   0: 0x80001810 (0x00955d93) srli    s11, a0, 9
core   0: 3 0x80001810 (0x00955d93) x27 0x00000000
core   0: 0x80001814 (0xfef712e3) bne     a4, a5, pc - 28
core   0: 3 0x80001814 (0xfef712e3)
core   0: 0x800017f8 (0x405809b3) sub     s3, a6, t0
core   0: 3 0x800017f8 (0x405809b3) x19 0x7fffffd5
core   0: 0x800017fc (0x000311b3) sll     gp, t1, zero
core   0: 3 0x800017fc (0x000311b3) x 3 0x4ee156bc
core   0: 0x80001800 (0xa26f0d13) addi    s10, t5, -1498
core   0: 3 0x80001800 (0xa26f0d13) x26 0xfffffa35
core   0: 0x80001804 (0x011556b3) srl     a3, a0, a7
core   0: 3 0x80001804 (0x011556b3) x13 0x00000001
core   0: 0x80001808 (0x41d6da13) srai    s4, a3, 29
core   0: 3 0x80001808 (0x41d6da13) x20 0x00000000
core   0: 0x8000180c (0x00170713) addi    a4, a4, 1
core   0: 3 0x8000180c (0x00170713) x14 0x00000002
core   0: 0x80001810 (0x00955d93) srli    s11, a0, 9
core   0: 3 0x80001810 (0x00955d93) x27 0x00000000
core   0: 0x80001814 (0xfef712e3) bne     a4, a5, pc - 28
core   0: 3 0x80001814 (0xfef712e3)
core   0: 0x800017f8 (0x405809b3) sub     s3, a6, t0
core   0: 3 0x800017f8 (0x405809b3) x19 0x7fffffd5
core   0: 0x800017fc (0x000311b3) sll     gp, t1, zero
core   0: 3 0x800017fc (0x000311b3) x 3 0x4ee156bc
core   0: 0x80001800 (0xa26f0d13) addi    s10, t5, -1498
core   0: 3 0x80001800 (0xa26f0d13) x26 0xfffffa35
core   0: 0x80001804 (0x011556b3) srl     a3, a0, a7
core   0: 3 0x80001804 (0x011556b3) x13 0x00000001
core   0: 0x80001808 (0x41d6da13) srai    s4, a3, 29
core   0: 3 0x80001808 (0x41d6da13) x20 0x00000000
core   0: 0x8000180c (0x00170713) addi    a4, a4, 1
core   0: 3 0x8000180c (0x00170713) x14 0x00000003
core   0: 0x80001810 (0x00955d93) srli    s11, a0, 9
core   0: 3 0x80001810 (0x00955d93) x27 0x00000000
core   0: 0x80001814 (0xfef712e3) bne     a4, a5, pc - 28
core   0: 3 0x80001814 (0xfef712e3)
core   0: 0x800017f8 (0x405809b3) sub     s3, a6, t0
core   0: 3 0x800017f8 (0x405809b3) x19 0x7fffffd5
core   0: 0x800017fc (0x000311b3) sll     gp, t1, zero
core   0: 3 0x800017fc (0x000311b3) x 3 0x4ee156bc
core   0: 0x80001800 (0xa26f0d13) addi    s10, t5, -1498
core   0: 3 0x80001800 (0xa26f0d13) x26 0xfffffa35
core   0: 0x80001804 (0x011556b3) srl     a3, a0, a7
core   0: 3 0x80001804 (0x011556b3) x13 0x00000001
core   0: 0x80001808 (0x41d6da13) srai    s4, a3, 29
core   0: 3 0x80001808 (0x41d6da13) x20 0x00000000
core   0: 0x8000180c (0x00170713) addi    a4, a4, 1
core   0: 3 0x8000180c (0x00170713) x14 0x00000004
core   0: 0x80001810 (0x00955d93) srli    s11, a0, 9
core   0: 3 0x80001810 (0x00955d93) x27 0x00000000
core   0: 0x80001814 (0xfef712e3) bne     a4, a5, pc - 28
core   0: 3 0x80001814 (0xfef712e3)
core   0: 0x800017f8 (0x405809b3) sub     s3, a6, t0
core   0: 3 0x800017f8 (0x405809b3) x19 0x7fffffd5
core   0: 0x800017fc (0x000311b3) sll     gp, t1, zero
core   0: 3 0x800017fc (0x000311b3) x 3 0x4ee156bc
core   0: 0x80001800 (0xa26f0d13) addi    s10, t5, -1498
core   0: 3 0x80001800 (0xa26f0d13) x26 0xfffffa35
core   0: 0x80001804 (0x011556b3) srl     a3, a0, a7
core   0: 3 0x80001804 (0x011556b3) x13 0x00000001
core   0: 0x80001808 (0x41d6da13) srai    s4, a3, 29
core   0: 3 0x80001808 (0x41d6da13) x20 0x00000000
core   0: 0x8000180c (0x00170713) addi    a4, a4, 1
core   0: 3 0x8000180c (0x00170713) x14 0x00000005
core   0: 0x80001810 (0x00955d93) srli    s11, a0, 9
core   0: 3 0x80001810 (0x00955d93) x27 0x00000000
core   0: 0x80001814 (0xfef712e3) bne     a4, a5, pc - 28
core   0: 3 0x80001814 (0xfef712e3)
core   0: 0x800017f8 (0x405809b3) sub     s3, a6, t0
core   0: 3 0x800017f8 (0x405809b3) x19 0x7fffffd5
core   0: 0x800017fc (0x000311b3) sll     gp, t1, zero
core   0: 3 0x800017fc (0x000311b3) x 3 0x4ee156bc
core   0: 0x80001800 (0xa26f0d13) addi    s10, t5, -1498
core   0: 3 0x80001800 (0xa26f0d13) x26 0xfffffa35
core   0: 0x80001804 (0x011556b3) srl     a3, a0, a7
core   0: 3 0x80001804 (0x011556b3) x13 0x00000001
core   0: 0x80001808 (0x41d6da13) srai    s4, a3, 29
core   0: 3 0x80001808 (0x41d6da13) x20 0x00000000
core   0: 0x8000180c (0x00170713) addi    a4, a4, 1
core   0: 3 0x8000180c (0x00170713) x14 0x00000006
core   0: 0x80001810 (0x00955d93) srli    s11, a0, 9
core   0: 3 0x80001810 (0x00955d93) x27 0x00000000
core   0: 0x80001814 (0xfef712e3) bne     a4, a5, pc - 28
core   0: 3 0x80001814 (0xfef712e3)
core   0: 0x800017f8 (0x405809b3) sub     s3, a6, t0
core   0: 3 0x800017f8 (0x405809b3) x19 0x7fffffd5
core   0: 0x800017fc (0x000311b3) sll     gp, t1, zero
core   0: 3 0x800017fc (0x000311b3) x 3 0x4ee156bc
core   0: 0x80001800 (0xa26f0d13) addi    s10, t5, -1498
core   0: 3 0x80001800 (0xa26f0d13) x26 0xfffffa35
core   0: 0x80001804 (0x011556b3) srl     a3, a0, a7
core   0: 3 0x80001804 (0x011556b3) x13 0x00000001
core   0: 0x80001808 (0x41d6da13) srai    s4, a3, 29
core   0: 3 0x80001808 (0x41d6da13) x20 0x00000000
core   0: 0x8000180c (0x00170713) addi    a4, a4, 1
core   0: 3 0x8000180c (0x00170713) x14 0x00000007
core   0: 0x80001810 (0x00955d93) srli    s11, a0, 9
core   0: 3 0x80001810 (0x00955d93) x27 0x00000000
core   0: 0x80001814 (0xfef712e3) bne     a4, a5, pc - 28
core   0: 3 0x80001814 (0xfef712e3)
core   0: 0x800017f8 (0x405809b3) sub     s3, a6, t0
core   0: 3 0x800017f8 (0x405809b3) x19 0x7fffffd5
core   0: 0x800017fc (0x000311b3) sll     gp, t1, zero
core   0: 3 0x800017fc (0x000311b3) x 3 0x4ee156bc
core   0: 0x80001800 (0xa26f0d13) addi    s10, t5, -1498
core   0: 3 0x80001800 (0xa26f0d13) x26 0xfffffa35
core   0: 0x80001804 (0x011556b3) srl     a3, a0, a7
core   0: 3 0x80001804 (0x011556b3) x13 0x00000001
core   0: 0x80001808 (0x41d6da13) srai    s4, a3, 29
core   0: 3 0x80001808 (0x41d6da13) x20 0x00000000
core   0: 0x8000180c (0x00170713) addi    a4, a4, 1
core   0: 3 0x8000180c (0x00170713) x14 0x00000008
core   0: 0x80001810 (0x00955d93) srli    s11, a0, 9
core   0: 3 0x80001810 (0x00955d93) x27 0x00000000
core   0: 0x80001814 (0xfef712e3) bne     a4, a5, pc - 28
core   0: 3 0x80001814 (0xfef712e3)
core   0: 0x800017f8 (0x405809b3) sub     s3, a6, t0
core   0: 3 0x800017f8 (0x405809b3) x19 0x7fffffd5
core   0: 0x800017fc (0x000311b3) sll     gp, t1, zero
core   0: 3 0x800017fc (0x000311b3) x 3 0x4ee156bc
core   0: 0x80001800 (0xa26f0d13) addi    s10, t5, -1498
core   0: 3 0x80001800 (0xa26f0d13) x26 0xfffffa35
core   0: 0x80001804 (0x011556b3) srl     a3, a0, a7
core   0: 3 0x80001804 (0x011556b3) x13 0x00000001
core   0: 0x80001808 (0x41d6da13) srai    s4, a3, 29
core   0: 3 0x80001808 (0x41d6da13) x20 0x00000000
core   0: 0x8000180c (0x00170713) addi    a4, a4, 1
core   0: 3 0x8000180c (0x00170713) x14 0x00000009
core   0: 0x80001810 (0x00955d93) srli    s11, a0, 9
core   0: 3 0x80001810 (0x00955d93) x27 0x00000000
core   0: 0x80001814 (0xfef712e3) bne     a4, a5, pc - 28
core   0: 3 0x80001814 (0xfef712e3)
core   0: 0x800017f8 (0x405809b3) sub     s3, a6, t0
core   0: 3 0x800017f8 (0x405809b3) x19 0x7fffffd5
core   0: 0x800017fc (0x000311b3) sll     gp, t1, zero
core   0: 3 0x800017fc (0x000311b3) x 3 0x4ee156bc
core   0: 0x80001800 (0xa26f0d13) addi    s10, t5, -1498
core   0: 3 0x80001800 (0xa26f0d13) x26 0xfffffa35
core   0: 0x80001804 (0x011556b3) srl     a3, a0, a7
core   0: 3 0x80001804 (0x011556b3) x13 0x00000001
core   0: 0x80001808 (0x41d6da13) srai    s4, a3, 29
core   0: 3 0x80001808 (0x41d6da13) x20 0x00000000
core   0: 0x8000180c (0x00170713) addi    a4, a4, 1
core   0: 3 0x8000180c (0x00170713) x14 0x0000000a
core   0: 0x80001810 (0x00955d93) srli    s11, a0, 9
core   0: 3 0x80001810 (0x00955d93) x27 0x00000000
core   0: 0x80001814 (0xfef712e3) bne     a4, a5, pc - 28
core   0: 3 0x80001814 (0xfef712e3)
core   0: 0x800017f8 (0x405809b3) sub     s3, a6, t0
core   0: 3 0x800017f8 (0x405809b3) x19 0x7fffffd5
core   0: 0x800017fc (0x000311b3) sll     gp, t1, zero
core   0: 3 0x800017fc (0x000311b3) x 3 0x4ee156bc
core   0: 0x80001800 (0xa26f0d13) addi    s10, t5, -1498
core   0: 3 0x80001800 (0xa26f0d13) x26 0xfffffa35
core   0: 0x80001804 (0x011556b3) srl     a3, a0, a7
core   0: 3 0x80001804 (0x011556b3) x13 0x00000001
core   0: 0x80001808 (0x41d6da13) srai    s4, a3, 29
core   0: 3 0x80001808 (0x41d6da13) x20 0x00000000
core   0: 0x8000180c (0x00170713) addi    a4, a4, 1
core   0: 3 0x8000180c (0x00170713) x14 0x0000000b
core   0: 0x80001810 (0x00955d93) srli    s11, a0, 9
core   0: 3 0x80001810 (0x00955d93) x27 0x00000000
core   0: 0x80001814 (0xfef712e3) bne     a4, a5, pc - 28
core   0: 3 0x80001814 (0xfef712e3)
core   0: 0x800017f8 (0x405809b3) sub     s3, a6, t0
core   0: 3 0x800017f8 (0x405809b3) x19 0x7fffffd5
core   0: 0x800017fc (0x000311b3) sll     gp, t1, zero
core   0: 3 0x800017fc (0x000311b3) x 3 0x4ee156bc
core   0: 0x80001800 (0xa26f0d13) addi    s10, t5, -1498
core   0: 3 0x80001800 (0xa26f0d13) x26 0xfffffa35
core   0: 0x80001804 (0x011556b3) srl     a3, a0, a7
core   0: 3 0x80001804 (0x011556b3) x13 0x00000001
core   0: 0x80001808 (0x41d6da13) srai    s4, a3, 29
core   0: 3 0x80001808 (0x41d6da13) x20 0x00000000
core   0: 0x8000180c (0x00170713) addi    a4, a4, 1
core   0: 3 0x8000180c (0x00170713) x14 0x0000000c
core   0: 0x80001810 (0x00955d93) srli    s11, a0, 9
core   0: 3 0x80001810 (0x00955d93) x27 0x00000000
core   0: 0x80001814 (0xfef712e3) bne     a4, a5, pc - 28
core   0: 3 0x80001814 (0xfef712e3)
core   0: 0x800017f8 (0x405809b3) sub     s3, a6, t0
core   0: 3 0x800017f8 (0x405809b3) x19 0x7fffffd5
core   0: 0x800017fc (0x000311b3) sll     gp, t1, zero
core   0: 3 0x800017fc (0x000311b3) x 3 0x4ee156bc
core   0: 0x80001800 (0xa26f0d13) addi    s10, t5, -1498
core   0: 3 0x80001800 (0xa26f0d13) x26 0xfffffa35
core   0: 0x80001804 (0x011556b3) srl     a3, a0, a7
core   0: 3 0x80001804 (0x011556b3) x13 0x00000001
core   0: 0x80001808 (0x41d6da13) srai    s4, a3, 29
core   0: 3 0x80001808 (0x41d6da13) x20 0x00000000
core   0: 0x8000180c (0x00170713) addi    a4, a4, 1
core   0: 3 0x8000180c (0x00170713) x14 0x0000000d
core   0: 0x80001810 (0x00955d93) srli    s11, a0, 9
core   0: 3 0x80001810 (0x00955d93) x27 0x00000000
core   0: 0x80001814 (0xfef712e3) bne     a4, a5, pc - 28
core   0: 3 0x80001814 (0xfef712e3)
core   0: 0x800017f8 (0x405809b3) sub     s3, a6, t0
core   0: 3 0x800017f8 (0x405809b3) x19 0x7fffffd5
core   0: 0x800017fc (0x000311b3) sll     gp, t1, zero
core   0: 3 0x800017fc (0x000311b3) x 3 0x4ee156bc
core   0: 0x80001800 (0xa26f0d13) addi    s10, t5, -1498
core   0: 3 0x80001800 (0xa26f0d13) x26 0xfffffa35
core   0: 0x80001804 (0x011556b3) srl     a3, a0, a7
core   0: 3 0x80001804 (0x011556b3) x13 0x00000001
core   0: 0x80001808 (0x41d6da13) srai    s4, a3, 29
core   0: 3 0x80001808 (0x41d6da13) x20 0x00000000
core   0: 0x8000180c (0x00170713) addi    a4, a4, 1
core   0: 3 0x8000180c (0x00170713) x14 0x0000000e
core   0: 0x80001810 (0x00955d93) srli    s11, a0, 9
core   0: 3 0x80001810 (0x00955d93) x27 0x00000000
core   0: 0x80001814 (0xfef712e3) bne     a4, a5, pc - 28
core   0: 3 0x80001814 (0xfef712e3)
core   0: 0x800017f8 (0x405809b3) sub     s3, a6, t0
core   0: 3 0x800017f8 (0x405809b3) x19 0x7fffffd5
core   0: 0x800017fc (0x000311b3) sll     gp, t1, zero
core   0: 3 0x800017fc (0x000311b3) x 3 0x4ee156bc
core   0: 0x80001800 (0xa26f0d13) addi    s10, t5, -1498
core   0: 3 0x80001800 (0xa26f0d13) x26 0xfffffa35
core   0: 0x80001804 (0x011556b3) srl     a3, a0, a7
core   0: 3 0x80001804 (0x011556b3) x13 0x00000001
core   0: 0x80001808 (0x41d6da13) srai    s4, a3, 29
core   0: 3 0x80001808 (0x41d6da13) x20 0x00000000
core   0: 0x8000180c (0x00170713) addi    a4, a4, 1
core   0: 3 0x8000180c (0x00170713) x14 0x0000000f
core   0: 0x80001810 (0x00955d93) srli    s11, a0, 9
core   0: 3 0x80001810 (0x00955d93) x27 0x00000000
core   0: 0x80001814 (0xfef712e3) bne     a4, a5, pc - 28
core   0: 3 0x80001814 (0xfef712e3)
core   0: 0x800017f8 (0x405809b3) sub     s3, a6, t0
core   0: 3 0x800017f8 (0x405809b3) x19 0x7fffffd5
core   0: 0x800017fc (0x000311b3) sll     gp, t1, zero
core   0: 3 0x800017fc (0x000311b3) x 3 0x4ee156bc
core   0: 0x80001800 (0xa26f0d13) addi    s10, t5, -1498
core   0: 3 0x80001800 (0xa26f0d13) x26 0xfffffa35
core   0: 0x80001804 (0x011556b3) srl     a3, a0, a7
core   0: 3 0x80001804 (0x011556b3) x13 0x00000001
core   0: 0x80001808 (0x41d6da13) srai    s4, a3, 29
core   0: 3 0x80001808 (0x41d6da13) x20 0x00000000
core   0: 0x8000180c (0x00170713) addi    a4, a4, 1
core   0: 3 0x8000180c (0x00170713) x14 0x00000010
core   0: 0x80001810 (0x00955d93) srli    s11, a0, 9
core   0: 3 0x80001810 (0x00955d93) x27 0x00000000
core   0: 0x80001814 (0xfef712e3) bne     a4, a5, pc - 28
core   0: 3 0x80001814 (0xfef712e3)
core   0: 0x800017f8 (0x405809b3) sub     s3, a6, t0
core   0: 3 0x800017f8 (0x405809b3) x19 0x7fffffd5
core   0: 0x800017fc (0x000311b3) sll     gp, t1, zero
core   0: 3 0x800017fc (0x000311b3) x 3 0x4ee156bc
core   0: 0x80001800 (0xa26f0d13) addi    s10, t5, -1498
core   0: 3 0x80001800 (0xa26f0d13) x26 0xfffffa35
core   0: 0x80001804 (0x011556b3) srl     a3, a0, a7
core   0: 3 0x80001804 (0x011556b3) x13 0x00000001
core   0: 0x80001808 (0x41d6da13) srai    s4, a3, 29
core   0: 3 0x80001808 (0x41d6da13) x20 0x00000000
core   0: 0x8000180c (0x00170713) addi    a4, a4, 1
core   0: 3 0x8000180c (0x00170713) x14 0x00000011
core   0: 0x80001810 (0x00955d93) srli    s11, a0, 9
core   0: 3 0x80001810 (0x00955d93) x27 0x00000000
core   0: 0x80001814 (0xfef712e3) bne     a4, a5, pc - 28
core   0: 3 0x80001814 (0xfef712e3)
core   0: 0x800017f8 (0x405809b3) sub     s3, a6, t0
core   0: 3 0x800017f8 (0x405809b3) x19 0x7fffffd5
core   0: 0x800017fc (0x000311b3) sll     gp, t1, zero
core   0: 3 0x800017fc (0x000311b3) x 3 0x4ee156bc
core   0: 0x80001800 (0xa26f0d13) addi    s10, t5, -1498
core   0: 3 0x80001800 (0xa26f0d13) x26 0xfffffa35
core   0: 0x80001804 (0x011556b3) srl     a3, a0, a7
core   0: 3 0x80001804 (0x011556b3) x13 0x00000001
core   0: 0x80001808 (0x41d6da13) srai    s4, a3, 29
core   0: 3 0x80001808 (0x41d6da13) x20 0x00000000
core   0: 0x8000180c (0x00170713) addi    a4, a4, 1
core   0: 3 0x8000180c (0x00170713) x14 0x00000012
core   0: 0x80001810 (0x00955d93) srli    s11, a0, 9
core   0: 3 0x80001810 (0x00955d93) x27 0x00000000
core   0: 0x80001814 (0xfef712e3) bne     a4, a5, pc - 28
core   0: 3 0x80001814 (0xfef712e3)
core   0: 0x80001818 (0x401f5a93) srai    s5, t5, 1
core   0: 3 0x80001818 (0x401f5a93) x21 0x00000007
core   0: 0x8000181c (0x00400693) li      a3, 4
core   0: 3 0x8000181c (0x00400693) x13 0x00000004
core   0: 0x80001820 (0x00e00e13) li      t3, 14
core   0: 3 0x80001820 (0x00e00e13) x28 0x0000000e
core   0: 0x80001824 (0x00d2bb33) sltu    s6, t0, a3
core   0: 3 0x80001824 (0x00d2bb33) x22 0x00000000
core   0: 0x80001828 (0x974e3413) sltiu   s0, t3, -1676
core   0: 3 0x80001828 (0x974e3413) x 8 0x00000001
core   0: 0x8000182c (0x00768693) addi    a3, a3, 7
core   0: 3 0x8000182c (0x00768693) x13 0x0000000b
core   0: 0x80001830 (0x001074b3) and     s1, zero, ra
core   0: 3 0x80001830 (0x001074b3) x 9 0x00000000
core   0: 0x80001834 (0x0000100f) fence.i
core   0: 3 0x80001834 (0x0000100f)
core   0: 0x80001838 (0xffc6c8e3) blt     a3, t3, pc - 16
core   0: 3 0x80001838 (0xffc6c8e3)
core   0: 0x80001828 (0x974e3413) sltiu   s0, t3, -1676
core   0: 3 0x80001828 (0x974e3413) x 8 0x00000001
core   0: 0x8000182c (0x00768693) addi    a3, a3, 7
core   0: 3 0x8000182c (0x00768693) x13 0x00000012
core   0: 0x80001830 (0x001074b3) and     s1, zero, ra
core   0: 3 0x80001830 (0x001074b3) x 9 0x00000000
core   0: 0x80001834 (0x0000100f) fence.i
core   0: 3 0x80001834 (0x0000100f)
core   0: 0x80001838 (0xffc6c8e3) blt     a3, t3, pc - 16
core   0: 3 0x80001838 (0xffc6c8e3)
core   0: 0x8000183c (0x0000100f) fence.i
core   0: 3 0x8000183c (0x0000100f)
core   0: 0x80001840 (0x00a00493) li      s1, 10
core   0: 3 0x80001840 (0x00a00493) x 9 0x0000000a
core   0: 0x80001844 (0x41b9d233) sra     tp, s3, s11
core   0: 3 0x80001844 (0x41b9d233) x 4 0x7fffffd5
core   0: 0x80001848 (0xff200f93) li      t6, -14
core   0: 3 0x80001848 (0xff200f93) x31 0xfffffff2
core   0: 0x8000184c (0x01f44933) xor     s2, s0, t6
core   0: 3 0x8000184c (0x01f44933) x18 0xfffffff3
core   0: 0x80001850 (0x41c307b3) sub     a5, t1, t3
core   0: 3 0x80001850 (0x41c307b3) x15 0x4ee156ae
core   0: 0x80001854 (0xffd48493) addi    s1, s1, -3
core   0: 3 0x80001854 (0xffd48493) x 9 0x00000007
core   0: 0x80001858 (0xfff48ae3) beq     s1, t6, pc - 12
core   0: 3 0x80001858 (0xfff48ae3)
core   0: 0x8000185c (0x00000013) nop
core   0: 3 0x8000185c (0x00000013)
core   0: 0x80001860 (0xff600493) li      s1, -10
core   0: 3 0x80001860 (0xff600493) x 9 0xfffffff6
core   0: 0x80001864 (0xffb00513) li      a0, -5
core   0: 3 0x80001864 (0xffb00513) x10 0xfffffffb
core   0: 0x80001868 (0x00000013) nop
core   0: 3 0x80001868 (0x00000013)
core   0: 0x8000186c (0x0000100f) fence.i
core   0: 3 0x8000186c (0x0000100f)
core   0: 0x80001870 (0x00148493) addi    s1, s1, 1
core   0: 3 0x80001870 (0x00148493) x 9 0xfffffff7
core   0: 0x80001874 (0x401402b3) sub     t0, s0, ra
core   0: 3 0x80001874 (0x401402b3) x 5 0xdb959001
core   0: 0x80001878 (0xfea4c8e3) blt     s1, a0, pc - 16
core   0: 3 0x80001878 (0xfea4c8e3)
core   0: 0x80001868 (0x00000013) nop
core   0: 3 0x80001868 (0x00000013)
core   0: 0x8000186c (0x0000100f) fence.i
core   0: 3 0x8000186c (0x0000100f)
core   0: 0x80001870 (0x00148493) addi    s1, s1, 1
core   0: 3 0x80001870 (0x00148493) x 9 0xfffffff8
core   0: 0x80001874 (0x401402b3) sub     t0, s0, ra
core   0: 3 0x80001874 (0x401402b3) x 5 0xdb959001
core   0: 0x80001878 (0xfea4c8e3) blt     s1, a0, pc - 16
core   0: 3 0x80001878 (0xfea4c8e3)
core   0: 0x80001868 (0x00000013) nop
core   0: 3 0x80001868 (0x00000013)
core   0: 0x8000186c (0x0000100f) fence.i
core   0: 3 0x8000186c (0x0000100f)
core   0: 0x80001870 (0x00148493) addi    s1, s1, 1
core   0: 3 0x80001870 (0x00148493) x 9 0xfffffff9
core   0: 0x80001874 (0x401402b3) sub     t0, s0, ra
core   0: 3 0x80001874 (0x401402b3) x 5 0xdb959001
core   0: 0x80001878 (0xfea4c8e3) blt     s1, a0, pc - 16
core   0: 3 0x80001878 (0xfea4c8e3)
core   0: 0x80001868 (0x00000013) nop
core   0: 3 0x80001868 (0x00000013)
core   0: 0x8000186c (0x0000100f) fence.i
core   0: 3 0x8000186c (0x0000100f)
core   0: 0x80001870 (0x00148493) addi    s1, s1, 1
core   0: 3 0x80001870 (0x00148493) x 9 0xfffffffa
core   0: 0x80001874 (0x401402b3) sub     t0, s0, ra
core   0: 3 0x80001874 (0x401402b3) x 5 0xdb959001
core   0: 0x80001878 (0xfea4c8e3) blt     s1, a0, pc - 16
core   0: 3 0x80001878 (0xfea4c8e3)
core   0: 0x80001868 (0x00000013) nop
core   0: 3 0x80001868 (0x00000013)
core   0: 0x8000186c (0x0000100f) fence.i
core   0: 3 0x8000186c (0x0000100f)
core   0: 0x80001870 (0x00148493) addi    s1, s1, 1
core   0: 3 0x80001870 (0x00148493) x 9 0xfffffffb
core   0: 0x80001874 (0x401402b3) sub     t0, s0, ra
core   0: 3 0x80001874 (0x401402b3) x 5 0xdb959001
core   0: 0x80001878 (0xfea4c8e3) blt     s1, a0, pc - 16
core   0: 3 0x80001878 (0xfea4c8e3)
core   0: 0x8000187c (0x416a5413) srai    s0, s4, 22
core   0: 3 0x8000187c (0x416a5413) x 8 0x00000000
core   0: 0x80001880 (0xffb00213) li      tp, -5
core   0: 3 0x80001880 (0xffb00213) x 4 0xfffffffb
core   0: 0x80001884 (0x9cabac13) slti    s8, s7, -1590
core   0: 3 0x80001884 (0x9cabac13) x24 0x00000000
core   0: 0x80001888 (0x01400c93) li      s9, 20
core   0: 3 0x80001888 (0x01400c93) x25 0x00000014
core   0: 0x8000188c (0x01bd1d93) slli    s11, s10, 27
core   0: 3 0x8000188c (0x01bd1d93) x27 0xa8000000
core   0: 0x80001890 (0x7f716d13) ori     s10, sp, 2039
core   0: 3 0x80001890 (0x7f716d13) x26 0x80028ff7
core   0: 0x80001894 (0x3ff04313) xori    t1, zero, 1023
core   0: 3 0x80001894 (0x3ff04313) x 6 0x000003ff
core   0: 0x80001898 (0x414c8bb3) sub     s7, s9, s4
core   0: 3 0x80001898 (0x414c8bb3) x23 0x00000014
core   0: 0x8000189c (0x01fcd393) srli    t2, s9, 31
core   0: 3 0x8000189c (0x01fcd393) x 7 0x00000000
core   0: 0x800018a0 (0x53024c13) xori    s8, tp, 1328
core   0: 3 0x800018a0 (0x53024c13) x24 0xfffffacb
core   0: 0x800018a4 (0x00520213) addi    tp, tp, 5
core   0: 3 0x800018a4 (0x00520213) x 4 0x00000000
core   0: 0x800018a8 (0x41f65813) srai    a6, a2, 31
core   0: 3 0x800018a8 (0x41f65813) x16 0xffffffff
core   0: 0x800018ac (0x016c3933) sltu    s2, s8, s6
core   0: 3 0x800018ac (0x016c3933) x18 0x00000000
core   0: 0x800018b0 (0x0030dd33) srl     s10, ra, gp
core   0: 3 0x800018b0 (0x0030dd33) x26 0x00000002
core   0: 0x800018b4 (0xfff00e93) li      t4, -1
core   0: 3 0x800018b4 (0xfff00e93) x29 0xffffffff
core   0: 0x800018b8 (0xcf17ba93) sltiu   s5, a5, -783
core   0: 3 0x800018b8 (0xcf17ba93) x21 0x00000001
core   0: 0x800018bc (0x0118c1b3) xor     gp, a7, a7
core   0: 3 0x800018bc (0x0118c1b3) x 3 0x00000000
core   0: 0x800018c0 (0x01d8c933) xor     s2, a7, t4
core   0: 3 0x800018c0 (0x01d8c933) x18 0xffffffff
core   0: 0x800018c4 (0x004026b3) slt     a3, zero, tp
core   0: 3 0x800018c4 (0x004026b3) x13 0x00000000
core   0: 0x800018c8 (0xffb00493) li      s1, -5
core   0: 3 0x800018c8 (0xffb00493) x 9 0xfffffffb
core   0: 0x800018cc (0x8831e813) ori     a6, gp, -1917
core   0: 3 0x800018cc (0x8831e813) x16 0xfffff883
core   0: 0x800018d0 (0x00000013) nop
core   0: 3 0x800018d0 (0x00000013)
core   0: 0x800018d4 (0x2847a693) slti    a3, a5, 644
core   0: 3 0x800018d4 (0x2847a693) x13 0x00000000
core   0: 0x800018d8 (0x01af77b3) and     a5, t5, s10
core   0: 3 0x800018d8 (0x01af77b3) x15 0x00000002
core   0: 0x800018dc (0x0ff0000f) fence   iorw,iorw
core   0: 3 0x800018dc (0x0ff0000f)
core   0: 0x800018e0 (0x40dfddb3) sra     s11, t6, a3
core   0: 3 0x800018e0 (0x40dfddb3) x27 0xfffffff2
core   0: 0x800018e4 (0xffee8e93) addi    t4, t4, -2
core   0: 3 0x800018e4 (0xffee8e93) x29 0xfffffffd
core   0: 0x800018e8 (0xfe9ed2e3) bge     t4, s1, pc - 28
core   0: 3 0x800018e8 (0xfe9ed2e3)
core   0: 0x800018cc (0x8831e813) ori     a6, gp, -1917
core   0: 3 0x800018cc (0x8831e813) x16 0xfffff883
core   0: 0x800018d0 (0x00000013) nop
core   0: 3 0x800018d0 (0x00000013)
core   0: 0x800018d4 (0x2847a693) slti    a3, a5, 644
core   0: 3 0x800018d4 (0x2847a693) x13 0x00000001
core   0: 0x800018d8 (0x01af77b3) and     a5, t5, s10
core   0: 3 0x800018d8 (0x01af77b3) x15 0x00000002
core   0: 0x800018dc (0x0ff0000f) fence   iorw,iorw
core   0: 3 0x800018dc (0x0ff0000f)
core   0: 0x800018e0 (0x40dfddb3) sra     s11, t6, a3
core   0: 3 0x800018e0 (0x40dfddb3) x27 0xfffffff9
core   0: 0x800018e4 (0xffee8e93) addi    t4, t4, -2
core   0: 3 0x800018e4 (0xffee8e93) x29 0xfffffffb
core   0: 0x800018e8 (0xfe9ed2e3) bge     t4, s1, pc - 28
core   0: 3 0x800018e8 (0xfe9ed2e3)
core   0: 0x800018cc (0x8831e813) ori     a6, gp, -1917
core   0: 3 0x800018cc (0x8831e813) x16 0xfffff883
core   0: 0x800018d0 (0x00000013) nop
core   0: 3 0x800018d0 (0x00000013)
core   0: 0x800018d4 (0x2847a693) slti    a3, a5, 644
core   0: 3 0x800018d4 (0x2847a693) x13 0x00000001
core   0: 0x800018d8 (0x01af77b3) and     a5, t5, s10
core   0: 3 0x800018d8 (0x01af77b3) x15 0x00000002
core   0: 0x800018dc (0x0ff0000f) fence   iorw,iorw
core   0: 3 0x800018dc (0x0ff0000f)
core   0: 0x800018e0 (0x40dfddb3) sra     s11, t6, a3
core   0: 3 0x800018e0 (0x40dfddb3) x27 0xfffffff9
core   0: 0x800018e4 (0xffee8e93) addi    t4, t4, -2
core   0: 3 0x800018e4 (0xffee8e93) x29 0xfffffff9
core   0: 0x800018e8 (0xfe9ed2e3) bge     t4, s1, pc - 28
core   0: 3 0x800018e8 (0xfe9ed2e3)
core   0: 0x800018ec (0x4018d013) srai    zero, a7, 1
core   0: 3 0x800018ec (0x4018d013)
core   0: 0x800018f0 (0x408bda13) srai    s4, s7, 8
core   0: 3 0x800018f0 (0x408bda13) x20 0x00000000
core   0: 0x800018f4 (0x04ae0693) addi    a3, t3, 74
core   0: 3 0x800018f4 (0x04ae0693) x13 0x00000058
core   0: 0x800018f8 (0xa1726d17) auipc   s10, 0xa1726
core   0: 3 0x800018f8 (0xa1726d17) x26 0x217278f8
core   0: 0x800018fc (0xf9921ee3) bne     tp, s9, pc - 100
core   0: 3 0x800018fc (0xf9921ee3)
core   0: 0x80001898 (0x414c8bb3) sub     s7, s9, s4
core   0: 3 0x80001898 (0x414c8bb3) x23 0x00000014
core   0: 0x8000189c (0x01fcd393) srli    t2, s9, 31
core   0: 3 0x8000189c (0x01fcd393) x 7 0x00000000
core   0: 0x800018a0 (0x53024c13) xori    s8, tp, 1328
core   0: 3 0x800018a0 (0x53024c13) x24 0x00000530
core   0: 0x800018a4 (0x00520213) addi    tp, tp, 5
core   0: 3 0x800018a4 (0x00520213) x 4 0x00000005
core   0: 0x800018a8 (0x41f65813) srai    a6, a2, 31
core   0: 3 0x800018a8 (0x41f65813) x16 0xffffffff
core   0: 0x800018ac (0x016c3933) sltu    s2, s8, s6
core   0: 3 0x800018ac (0x016c3933) x18 0x00000000
core   0: 0x800018b0 (0x0030dd33) srl     s10, ra, gp
core   0: 3 0x800018b0 (0x0030dd33) x26 0x246a7000
core   0: 0x800018b4 (0xfff00e93) li      t4, -1
core   0: 3 0x800018b4 (0xfff00e93) x29 0xffffffff
core   0: 0x800018b8 (0xcf17ba93) sltiu   s5, a5, -783
core   0: 3 0x800018b8 (0xcf17ba93) x21 0x00000001
core   0: 0x800018bc (0x0118c1b3) xor     gp, a7, a7
core   0: 3 0x800018bc (0x0118c1b3) x 3 0x00000000
core   0: 0x800018c0 (0x01d8c933) xor     s2, a7, t4
core   0: 3 0x800018c0 (0x01d8c933) x18 0xffffffff
core   0: 0x800018c4 (0x004026b3) slt     a3, zero, tp
core   0: 3 0x800018c4 (0x004026b3) x13 0x00000001
core   0: 0x800018c8 (0xffb00493) li      s1, -5
core   0: 3 0x800018c8 (0xffb00493) x 9 0xfffffffb
core   0: 0x800018cc (0x8831e813) ori     a6, gp, -1917
core   0: 3 0x800018cc (0x8831e813) x16 0xfffff883
core   0: 0x800018d0 (0x00000013) nop
core   0: 3 0x800018d0 (0x00000013)
core   0: 0x800018d4 (0x2847a693) slti    a3, a5, 644
core   0: 3 0x800018d4 (0x2847a693) x13 0x00000001
core   0: 0x800018d8 (0x01af77b3) and     a5, t5, s10
core   0: 3 0x800018d8 (0x01af77b3) x15 0x00000000
core   0: 0x800018dc (0x0ff0000f) fence   iorw,iorw
core   0: 3 0x800018dc (0x0ff0000f)
core   0: 0x800018e0 (0x40dfddb3) sra     s11, t6, a3
core   0: 3 0x800018e0 (0x40dfddb3) x27 0xfffffff9
core   0: 0x800018e4 (0xffee8e93) addi    t4, t4, -2
core   0: 3 0x800018e4 (0xffee8e93) x29 0xfffffffd
core   0: 0x800018e8 (0xfe9ed2e3) bge     t4, s1, pc - 28
core   0: 3 0x800018e8 (0xfe9ed2e3)
core   0: 0x800018cc (0x8831e813) ori     a6, gp, -1917
core   0: 3 0x800018cc (0x8831e813) x16 0xfffff883
core   0: 0x800018d0 (0x00000013) nop
core   0: 3 0x800018d0 (0x00000013)
core   0: 0x800018d4 (0x2847a693) slti    a3, a5, 644
core   0: 3 0x800018d4 (0x2847a693) x13 0x00000001
core   0: 0x800018d8 (0x01af77b3) and     a5, t5, s10
core   0: 3 0x800018d8 (0x01af77b3) x15 0x00000000
core   0: 0x800018dc (0x0ff0000f) fence   iorw,iorw
core   0: 3 0x800018dc (0x0ff0000f)
core   0: 0x800018e0 (0x40dfddb3) sra     s11, t6, a3
core   0: 3 0x800018e0 (0x40dfddb3) x27 0xfffffff9
core   0: 0x800018e4 (0xffee8e93) addi    t4, t4, -2
core   0: 3 0x800018e4 (0xffee8e93) x29 0xfffffffb
core   0: 0x800018e8 (0xfe9ed2e3) bge     t4, s1, pc - 28
core   0: 3 0x800018e8 (0xfe9ed2e3)
core   0: 0x800018cc (0x8831e813) ori     a6, gp, -1917
core   0: 3 0x800018cc (0x8831e813) x16 0xfffff883
core   0: 0x800018d0 (0x00000013) nop
core   0: 3 0x800018d0 (0x00000013)
core   0: 0x800018d4 (0x2847a693) slti    a3, a5, 644
core   0: 3 0x800018d4 (0x2847a693) x13 0x00000001
core   0: 0x800018d8 (0x01af77b3) and     a5, t5, s10
core   0: 3 0x800018d8 (0x01af77b3) x15 0x00000000
core   0: 0x800018dc (0x0ff0000f) fence   iorw,iorw
core   0: 3 0x800018dc (0x0ff0000f)
core   0: 0x800018e0 (0x40dfddb3) sra     s11, t6, a3
core   0: 3 0x800018e0 (0x40dfddb3) x27 0xfffffff9
core   0: 0x800018e4 (0xffee8e93) addi    t4, t4, -2
core   0: 3 0x800018e4 (0xffee8e93) x29 0xfffffff9
core   0: 0x800018e8 (0xfe9ed2e3) bge     t4, s1, pc - 28
core   0: 3 0x800018e8 (0xfe9ed2e3)
core   0: 0x800018ec (0x4018d013) srai    zero, a7, 1
core   0: 3 0x800018ec (0x4018d013)
core   0: 0x800018f0 (0x408bda13) srai    s4, s7, 8
core   0: 3 0x800018f0 (0x408bda13) x20 0x00000000
core   0: 0x800018f4 (0x04ae0693) addi    a3, t3, 74
core   0: 3 0x800018f4 (0x04ae0693) x13 0x00000058
core   0: 0x800018f8 (0xa1726d17) auipc   s10, 0xa1726
core   0: 3 0x800018f8 (0xa1726d17) x26 0x217278f8
core   0: 0x800018fc (0xf9921ee3) bne     tp, s9, pc - 100
core   0: 3 0x800018fc (0xf9921ee3)
core   0: 0x80001898 (0x414c8bb3) sub     s7, s9, s4
core   0: 3 0x80001898 (0x414c8bb3) x23 0x00000014
core   0: 0x8000189c (0x01fcd393) srli    t2, s9, 31
core   0: 3 0x8000189c (0x01fcd393) x 7 0x00000000
core   0: 0x800018a0 (0x53024c13) xori    s8, tp, 1328
core   0: 3 0x800018a0 (0x53024c13) x24 0x00000535
core   0: 0x800018a4 (0x00520213) addi    tp, tp, 5
core   0: 3 0x800018a4 (0x00520213) x 4 0x0000000a
core   0: 0x800018a8 (0x41f65813) srai    a6, a2, 31
core   0: 3 0x800018a8 (0x41f65813) x16 0xffffffff
core   0: 0x800018ac (0x016c3933) sltu    s2, s8, s6
core   0: 3 0x800018ac (0x016c3933) x18 0x00000000
core   0: 0x800018b0 (0x0030dd33) srl     s10, ra, gp
core   0: 3 0x800018b0 (0x0030dd33) x26 0x246a7000
core   0: 0x800018b4 (0xfff00e93) li      t4, -1
core   0: 3 0x800018b4 (0xfff00e93) x29 0xffffffff
core   0: 0x800018b8 (0xcf17ba93) sltiu   s5, a5, -783
core   0: 3 0x800018b8 (0xcf17ba93) x21 0x00000001
core   0: 0x800018bc (0x0118c1b3) xor     gp, a7, a7
core   0: 3 0x800018bc (0x0118c1b3) x 3 0x00000000
core   0: 0x800018c0 (0x01d8c933) xor     s2, a7, t4
core   0: 3 0x800018c0 (0x01d8c933) x18 0xffffffff
core   0: 0x800018c4 (0x004026b3) slt     a3, zero, tp
core   0: 3 0x800018c4 (0x004026b3) x13 0x00000001
core   0: 0x800018c8 (0xffb00493) li      s1, -5
core   0: 3 0x800018c8 (0xffb00493) x 9 0xfffffffb
core   0: 0x800018cc (0x8831e813) ori     a6, gp, -1917
core   0: 3 0x800018cc (0x8831e813) x16 0xfffff883
core   0: 0x800018d0 (0x00000013) nop
core   0: 3 0x800018d0 (0x00000013)
core   0: 0x800018d4 (0x2847a693) slti    a3, a5, 644
core   0: 3 0x800018d4 (0x2847a693) x13 0x00000001
core   0: 0x800018d8 (0x01af77b3) and     a5, t5, s10
core   0: 3 0x800018d8 (0x01af77b3) x15 0x00000000
core   0: 0x800018dc (0x0ff0000f) fence   iorw,iorw
core   0: 3 0x800018dc (0x0ff0000f)
core   0: 0x800018e0 (0x40dfddb3) sra     s11, t6, a3
core   0: 3 0x800018e0 (0x40dfddb3) x27 0xfffffff9
core   0: 0x800018e4 (0xffee8e93) addi    t4, t4, -2
core   0: 3 0x800018e4 (0xffee8e93) x29 0xfffffffd
core   0: 0x800018e8 (0xfe9ed2e3) bge     t4, s1, pc - 28
core   0: 3 0x800018e8 (0xfe9ed2e3)
core   0: 0x800018cc (0x8831e813) ori     a6, gp, -1917
core   0: 3 0x800018cc (0x8831e813) x16 0xfffff883
core   0: 0x800018d0 (0x00000013) nop
core   0: 3 0x800018d0 (0x00000013)
core   0: 0x800018d4 (0x2847a693) slti    a3, a5, 644
core   0: 3 0x800018d4 (0x2847a693) x13 0x00000001
core   0: 0x800018d8 (0x01af77b3) and     a5, t5, s10
core   0: 3 0x800018d8 (0x01af77b3) x15 0x00000000
core   0: 0x800018dc (0x0ff0000f) fence   iorw,iorw
core   0: 3 0x800018dc (0x0ff0000f)
core   0: 0x800018e0 (0x40dfddb3) sra     s11, t6, a3
core   0: 3 0x800018e0 (0x40dfddb3) x27 0xfffffff9
core   0: 0x800018e4 (0xffee8e93) addi    t4, t4, -2
core   0: 3 0x800018e4 (0xffee8e93) x29 0xfffffffb
core   0: 0x800018e8 (0xfe9ed2e3) bge     t4, s1, pc - 28
core   0: 3 0x800018e8 (0xfe9ed2e3)
core   0: 0x800018cc (0x8831e813) ori     a6, gp, -1917
core   0: 3 0x800018cc (0x8831e813) x16 0xfffff883
core   0: 0x800018d0 (0x00000013) nop
core   0: 3 0x800018d0 (0x00000013)
core   0: 0x800018d4 (0x2847a693) slti    a3, a5, 644
core   0: 3 0x800018d4 (0x2847a693) x13 0x00000001
core   0: 0x800018d8 (0x01af77b3) and     a5, t5, s10
core   0: 3 0x800018d8 (0x01af77b3) x15 0x00000000
core   0: 0x800018dc (0x0ff0000f) fence   iorw,iorw
core   0: 3 0x800018dc (0x0ff0000f)
core   0: 0x800018e0 (0x40dfddb3) sra     s11, t6, a3
core   0: 3 0x800018e0 (0x40dfddb3) x27 0xfffffff9
core   0: 0x800018e4 (0xffee8e93) addi    t4, t4, -2
core   0: 3 0x800018e4 (0xffee8e93) x29 0xfffffff9
core   0: 0x800018e8 (0xfe9ed2e3) bge     t4, s1, pc - 28
core   0: 3 0x800018e8 (0xfe9ed2e3)
core   0: 0x800018ec (0x4018d013) srai    zero, a7, 1
core   0: 3 0x800018ec (0x4018d013)
core   0: 0x800018f0 (0x408bda13) srai    s4, s7, 8
core   0: 3 0x800018f0 (0x408bda13) x20 0x00000000
core   0: 0x800018f4 (0x04ae0693) addi    a3, t3, 74
core   0: 3 0x800018f4 (0x04ae0693) x13 0x00000058
core   0: 0x800018f8 (0xa1726d17) auipc   s10, 0xa1726
core   0: 3 0x800018f8 (0xa1726d17) x26 0x217278f8
core   0: 0x800018fc (0xf9921ee3) bne     tp, s9, pc - 100
core   0: 3 0x800018fc (0xf9921ee3)
core   0: 0x80001898 (0x414c8bb3) sub     s7, s9, s4
core   0: 3 0x80001898 (0x414c8bb3) x23 0x00000014
core   0: 0x8000189c (0x01fcd393) srli    t2, s9, 31
core   0: 3 0x8000189c (0x01fcd393) x 7 0x00000000
core   0: 0x800018a0 (0x53024c13) xori    s8, tp, 1328
core   0: 3 0x800018a0 (0x53024c13) x24 0x0000053a
core   0: 0x800018a4 (0x00520213) addi    tp, tp, 5
core   0: 3 0x800018a4 (0x00520213) x 4 0x0000000f
core   0: 0x800018a8 (0x41f65813) srai    a6, a2, 31
core   0: 3 0x800018a8 (0x41f65813) x16 0xffffffff
core   0: 0x800018ac (0x016c3933) sltu    s2, s8, s6
core   0: 3 0x800018ac (0x016c3933) x18 0x00000000
core   0: 0x800018b0 (0x0030dd33) srl     s10, ra, gp
core   0: 3 0x800018b0 (0x0030dd33) x26 0x246a7000
core   0: 0x800018b4 (0xfff00e93) li      t4, -1
core   0: 3 0x800018b4 (0xfff00e93) x29 0xffffffff
core   0: 0x800018b8 (0xcf17ba93) sltiu   s5, a5, -783
core   0: 3 0x800018b8 (0xcf17ba93) x21 0x00000001
core   0: 0x800018bc (0x0118c1b3) xor     gp, a7, a7
core   0: 3 0x800018bc (0x0118c1b3) x 3 0x00000000
core   0: 0x800018c0 (0x01d8c933) xor     s2, a7, t4
core   0: 3 0x800018c0 (0x01d8c933) x18 0xffffffff
core   0: 0x800018c4 (0x004026b3) slt     a3, zero, tp
core   0: 3 0x800018c4 (0x004026b3) x13 0x00000001
core   0: 0x800018c8 (0xffb00493) li      s1, -5
core   0: 3 0x800018c8 (0xffb00493) x 9 0xfffffffb
core   0: 0x800018cc (0x8831e813) ori     a6, gp, -1917
core   0: 3 0x800018cc (0x8831e813) x16 0xfffff883
core   0: 0x800018d0 (0x00000013) nop
core   0: 3 0x800018d0 (0x00000013)
core   0: 0x800018d4 (0x2847a693) slti    a3, a5, 644
core   0: 3 0x800018d4 (0x2847a693) x13 0x00000001
core   0: 0x800018d8 (0x01af77b3) and     a5, t5, s10
core   0: 3 0x800018d8 (0x01af77b3) x15 0x00000000
core   0: 0x800018dc (0x0ff0000f) fence   iorw,iorw
core   0: 3 0x800018dc (0x0ff0000f)
core   0: 0x800018e0 (0x40dfddb3) sra     s11, t6, a3
core   0: 3 0x800018e0 (0x40dfddb3) x27 0xfffffff9
core   0: 0x800018e4 (0xffee8e93) addi    t4, t4, -2
core   0: 3 0x800018e4 (0xffee8e93) x29 0xfffffffd
core   0: 0x800018e8 (0xfe9ed2e3) bge     t4, s1, pc - 28
core   0: 3 0x800018e8 (0xfe9ed2e3)
core   0: 0x800018cc (0x8831e813) ori     a6, gp, -1917
core   0: 3 0x800018cc (0x8831e813) x16 0xfffff883
core   0: 0x800018d0 (0x00000013) nop
core   0: 3 0x800018d0 (0x00000013)
core   0: 0x800018d4 (0x2847a693) slti    a3, a5, 644
core   0: 3 0x800018d4 (0x2847a693) x13 0x00000001
core   0: 0x800018d8 (0x01af77b3) and     a5, t5, s10
core   0: 3 0x800018d8 (0x01af77b3) x15 0x00000000
core   0: 0x800018dc (0x0ff0000f) fence   iorw,iorw
core   0: 3 0x800018dc (0x0ff0000f)
core   0: 0x800018e0 (0x40dfddb3) sra     s11, t6, a3
core   0: 3 0x800018e0 (0x40dfddb3) x27 0xfffffff9
core   0: 0x800018e4 (0xffee8e93) addi    t4, t4, -2
core   0: 3 0x800018e4 (0xffee8e93) x29 0xfffffffb
core   0: 0x800018e8 (0xfe9ed2e3) bge     t4, s1, pc - 28
core   0: 3 0x800018e8 (0xfe9ed2e3)
core   0: 0x800018cc (0x8831e813) ori     a6, gp, -1917
core   0: 3 0x800018cc (0x8831e813) x16 0xfffff883
core   0: 0x800018d0 (0x00000013) nop
core   0: 3 0x800018d0 (0x00000013)
core   0: 0x800018d4 (0x2847a693) slti    a3, a5, 644
core   0: 3 0x800018d4 (0x2847a693) x13 0x00000001
core   0: 0x800018d8 (0x01af77b3) and     a5, t5, s10
core   0: 3 0x800018d8 (0x01af77b3) x15 0x00000000
core   0: 0x800018dc (0x0ff0000f) fence   iorw,iorw
core   0: 3 0x800018dc (0x0ff0000f)
core   0: 0x800018e0 (0x40dfddb3) sra     s11, t6, a3
core   0: 3 0x800018e0 (0x40dfddb3) x27 0xfffffff9
core   0: 0x800018e4 (0xffee8e93) addi    t4, t4, -2
core   0: 3 0x800018e4 (0xffee8e93) x29 0xfffffff9
core   0: 0x800018e8 (0xfe9ed2e3) bge     t4, s1, pc - 28
core   0: 3 0x800018e8 (0xfe9ed2e3)
core   0: 0x800018ec (0x4018d013) srai    zero, a7, 1
core   0: 3 0x800018ec (0x4018d013)
core   0: 0x800018f0 (0x408bda13) srai    s4, s7, 8
core   0: 3 0x800018f0 (0x408bda13) x20 0x00000000
core   0: 0x800018f4 (0x04ae0693) addi    a3, t3, 74
core   0: 3 0x800018f4 (0x04ae0693) x13 0x00000058
core   0: 0x800018f8 (0xa1726d17) auipc   s10, 0xa1726
core   0: 3 0x800018f8 (0xa1726d17) x26 0x217278f8
core   0: 0x800018fc (0xf9921ee3) bne     tp, s9, pc - 100
core   0: 3 0x800018fc (0xf9921ee3)
core   0: 0x80001898 (0x414c8bb3) sub     s7, s9, s4
core   0: 3 0x80001898 (0x414c8bb3) x23 0x00000014
core   0: 0x8000189c (0x01fcd393) srli    t2, s9, 31
core   0: 3 0x8000189c (0x01fcd393) x 7 0x00000000
core   0: 0x800018a0 (0x53024c13) xori    s8, tp, 1328
core   0: 3 0x800018a0 (0x53024c13) x24 0x0000053f
core   0: 0x800018a4 (0x00520213) addi    tp, tp, 5
core   0: 3 0x800018a4 (0x00520213) x 4 0x00000014
core   0: 0x800018a8 (0x41f65813) srai    a6, a2, 31
core   0: 3 0x800018a8 (0x41f65813) x16 0xffffffff
core   0: 0x800018ac (0x016c3933) sltu    s2, s8, s6
core   0: 3 0x800018ac (0x016c3933) x18 0x00000000
core   0: 0x800018b0 (0x0030dd33) srl     s10, ra, gp
core   0: 3 0x800018b0 (0x0030dd33) x26 0x246a7000
core   0: 0x800018b4 (0xfff00e93) li      t4, -1
core   0: 3 0x800018b4 (0xfff00e93) x29 0xffffffff
core   0: 0x800018b8 (0xcf17ba93) sltiu   s5, a5, -783
core   0: 3 0x800018b8 (0xcf17ba93) x21 0x00000001
core   0: 0x800018bc (0x0118c1b3) xor     gp, a7, a7
core   0: 3 0x800018bc (0x0118c1b3) x 3 0x00000000
core   0: 0x800018c0 (0x01d8c933) xor     s2, a7, t4
core   0: 3 0x800018c0 (0x01d8c933) x18 0xffffffff
core   0: 0x800018c4 (0x004026b3) slt     a3, zero, tp
core   0: 3 0x800018c4 (0x004026b3) x13 0x00000001
core   0: 0x800018c8 (0xffb00493) li      s1, -5
core   0: 3 0x800018c8 (0xffb00493) x 9 0xfffffffb
core   0: 0x800018cc (0x8831e813) ori     a6, gp, -1917
core   0: 3 0x800018cc (0x8831e813) x16 0xfffff883
core   0: 0x800018d0 (0x00000013) nop
core   0: 3 0x800018d0 (0x00000013)
core   0: 0x800018d4 (0x2847a693) slti    a3, a5, 644
core   0: 3 0x800018d4 (0x2847a693) x13 0x00000001
core   0: 0x800018d8 (0x01af77b3) and     a5, t5, s10
core   0: 3 0x800018d8 (0x01af77b3) x15 0x00000000
core   0: 0x800018dc (0x0ff0000f) fence   iorw,iorw
core   0: 3 0x800018dc (0x0ff0000f)
core   0: 0x800018e0 (0x40dfddb3) sra     s11, t6, a3
core   0: 3 0x800018e0 (0x40dfddb3) x27 0xfffffff9
core   0: 0x800018e4 (0xffee8e93) addi    t4, t4, -2
core   0: 3 0x800018e4 (0xffee8e93) x29 0xfffffffd
core   0: 0x800018e8 (0xfe9ed2e3) bge     t4, s1, pc - 28
core   0: 3 0x800018e8 (0xfe9ed2e3)
core   0: 0x800018cc (0x8831e813) ori     a6, gp, -1917
core   0: 3 0x800018cc (0x8831e813) x16 0xfffff883
core   0: 0x800018d0 (0x00000013) nop
core   0: 3 0x800018d0 (0x00000013)
core   0: 0x800018d4 (0x2847a693) slti    a3, a5, 644
core   0: 3 0x800018d4 (0x2847a693) x13 0x00000001
core   0: 0x800018d8 (0x01af77b3) and     a5, t5, s10
core   0: 3 0x800018d8 (0x01af77b3) x15 0x00000000
core   0: 0x800018dc (0x0ff0000f) fence   iorw,iorw
core   0: 3 0x800018dc (0x0ff0000f)
core   0: 0x800018e0 (0x40dfddb3) sra     s11, t6, a3
core   0: 3 0x800018e0 (0x40dfddb3) x27 0xfffffff9
core   0: 0x800018e4 (0xffee8e93) addi    t4, t4, -2
core   0: 3 0x800018e4 (0xffee8e93) x29 0xfffffffb
core   0: 0x800018e8 (0xfe9ed2e3) bge     t4, s1, pc - 28
core   0: 3 0x800018e8 (0xfe9ed2e3)
core   0: 0x800018cc (0x8831e813) ori     a6, gp, -1917
core   0: 3 0x800018cc (0x8831e813) x16 0xfffff883
core   0: 0x800018d0 (0x00000013) nop
core   0: 3 0x800018d0 (0x00000013)
core   0: 0x800018d4 (0x2847a693) slti    a3, a5, 644
core   0: 3 0x800018d4 (0x2847a693) x13 0x00000001
core   0: 0x800018d8 (0x01af77b3) and     a5, t5, s10
core   0: 3 0x800018d8 (0x01af77b3) x15 0x00000000
core   0: 0x800018dc (0x0ff0000f) fence   iorw,iorw
core   0: 3 0x800018dc (0x0ff0000f)
core   0: 0x800018e0 (0x40dfddb3) sra     s11, t6, a3
core   0: 3 0x800018e0 (0x40dfddb3) x27 0xfffffff9
core   0: 0x800018e4 (0xffee8e93) addi    t4, t4, -2
core   0: 3 0x800018e4 (0xffee8e93) x29 0xfffffff9
core   0: 0x800018e8 (0xfe9ed2e3) bge     t4, s1, pc - 28
core   0: 3 0x800018e8 (0xfe9ed2e3)
core   0: 0x800018ec (0x4018d013) srai    zero, a7, 1
core   0: 3 0x800018ec (0x4018d013)
core   0: 0x800018f0 (0x408bda13) srai    s4, s7, 8
core   0: 3 0x800018f0 (0x408bda13) x20 0x00000000
core   0: 0x800018f4 (0x04ae0693) addi    a3, t3, 74
core   0: 3 0x800018f4 (0x04ae0693) x13 0x00000058
core   0: 0x800018f8 (0xa1726d17) auipc   s10, 0xa1726
core   0: 3 0x800018f8 (0xa1726d17) x26 0x217278f8
core   0: 0x800018fc (0xf9921ee3) bne     tp, s9, pc - 100
core   0: 3 0x800018fc (0xf9921ee3)
core   0: 0x80001900 (0x01eb02b3) add     t0, s6, t5
core   0: 3 0x80001900 (0x01eb02b3) x 5 0x0000000f
core   0: 0x80001904 (0x00900493) li      s1, 9
core   0: 3 0x80001904 (0x00900493) x 9 0x00000009
core   0: 0x80001908 (0x0000100f) fence.i
core   0: 3 0x80001908 (0x0000100f)
core   0: 0x8000190c (0xa5ce0e13) addi    t3, t3, -1444
core   0: 3 0x8000190c (0xa5ce0e13) x28 0xfffffa6a
core   0: 0x80001910 (0x195f2913) slti    s2, t5, 405
core   0: 3 0x80001910 (0x195f2913) x18 0x00000001
core   0: 0x80001914 (0x010f29b3) slt     s3, t5, a6
core   0: 3 0x80001914 (0x010f29b3) x19 0x00000000
core   0: 0x80001918 (0x0ff0000f) fence   iorw,iorw
core   0: 3 0x80001918 (0x0ff0000f)
core   0: 0x8000191c (0x036cca93) xori    s5, s9, 54
core   0: 3 0x8000191c (0x036cca93) x21 0x00000022
core   0: 0x80001920 (0x924cc893) xori    a7, s9, -1756
core   0: 3 0x80001920 (0x924cc893) x17 0xfffff930
core   0: 0x80001924 (0x9989f437) lui     s0, 0x9989f
core   0: 3 0x80001924 (0x9989f437) x 8 0x9989f000
core   0: 0x80001928 (0x00900713) li      a4, 9
core   0: 3 0x80001928 (0x00900713) x14 0x00000009
core   0: 0x8000192c (0x407e8a33) sub     s4, t4, t2
core   0: 3 0x8000192c (0x407e8a33) x20 0xfffffff9
core   0: 0x80001930 (0x00d09f93) slli    t6, ra, 13
core   0: 3 0x80001930 (0x00d09f93) x31 0x4e000000
core   0: 0x80001934 (0x39fb6813) ori     a6, s6, 927
core   0: 3 0x80001934 (0x39fb6813) x16 0x0000039f
core   0: 0x80001938 (0x300aad17) auipc   s10, 0x300aa
core   0: 3 0x80001938 (0x300aad17) x26 0xb00ab938
core   0: 0x8000193c (0xe4e2a217) auipc   tp, 0xe4e2a
core   0: 3 0x8000193c (0xe4e2a217) x 4 0x64e2b93c
core   0: 0x80001940 (0x0e04e093) ori     ra, s1, 224
core   0: 3 0x80001940 (0x0e04e093) x 1 0x000000e9
core   0: 0x80001944 (0x402f57b3) sra     a5, t5, sp
core   0: 3 0x80001944 (0x402f57b3) x15 0x00000000
core   0: 0x80001948 (0xffa48493) addi    s1, s1, -6
core   0: 3 0x80001948 (0xffa48493) x 9 0x00000003
core   0: 0x8000194c (0x01c7b2b3) sltu    t0, a5, t3
core   0: 3 0x8000194c (0x01c7b2b3) x 5 0x00000001
core   0: 0x80001950 (0x404009b3) sub     s3, zero, tp
core   0: 3 0x80001950 (0x404009b3) x19 0x9b1d46c4
core   0: 0x80001954 (0x0072c433) xor     s0, t0, t2
core   0: 3 0x80001954 (0x0072c433) x 8 0x00000001
core   0: 0x80001958 (0xfce4dee3) bge     s1, a4, pc - 36
core   0: 3 0x80001958 (0xfce4dee3)
core   0: 0x8000195c (0x01e11793) slli    a5, sp, 30
core   0: 3 0x8000195c (0x01e11793) x15 0x00000000
core   0: 0x80001960 (0x00a00f93) li      t6, 10
core   0: 3 0x80001960 (0x00a00f93) x31 0x0000000a
core   0: 0x80001964 (0xf85aae13) slti    t3, s5, -123
core   0: 3 0x80001964 (0xf85aae13) x28 0x00000000
core   0: 0x80001968 (0x406a5513) srai    a0, s4, 6
core   0: 3 0x80001968 (0x406a5513) x10 0xffffffff
core   0: 0x8000196c (0x00d01cb3) sll     s9, zero, a3
core   0: 3 0x8000196c (0x00d01cb3) x25 0x00000000
core   0: 0x80001970 (0x0000100f) fence.i
core   0: 3 0x80001970 (0x0000100f)
core   0: 0x80001974 (0x00a00b93) li      s7, 10
core   0: 3 0x80001974 (0x00a00b93) x23 0x0000000a
core   0: 0x80001978 (0x36cce517) auipc   a0, 0x36cce
core   0: 3 0x80001978 (0x36cce517) x10 0xb6ccf978
core   0: 0x8000197c (0x00dc5533) srl     a0, s8, a3
core   0: 3 0x8000197c (0x00dc5533) x10 0x00000000
core   0: 0x80001980 (0x8c3c7317) auipc   t1, 0x8c3c7
core   0: 3 0x80001980 (0x8c3c7317) x 6 0x0c3c8980
core   0: 0x80001984 (0x0067d093) srli    ra, a5, 6
core   0: 3 0x80001984 (0x0067d093) x 1 0x00000000
core   0: 0x80001988 (0x4144d733) sra     a4, s1, s4
core   0: 3 0x80001988 (0x4144d733) x14 0x00000000
core   0: 0x8000198c (0xff7f8f93) addi    t6, t6, -9
core   0: 3 0x8000198c (0xff7f8f93) x31 0x00000001
core   0: 0x80001990 (0xd5d77713) andi    a4, a4, -675
core   0: 3 0x80001990 (0xd5d77713) x14 0x00000000
core   0: 0x80001994 (0xff600413) li      s0, -10
core   0: 3 0x80001994 (0xff600413) x 8 0xfffffff6
core   0: 0x80001998 (0x00a00293) li      t0, 10
core   0: 3 0x80001998 (0x00a00293) x 5 0x0000000a
core   0: 0x8000199c (0x01f79d13) slli    s10, a5, 31
core   0: 3 0x8000199c (0x01f79d13) x26 0x00000000
core   0: 0x800019a0 (0xca80ec13) ori     s8, ra, -856
core   0: 3 0x800019a0 (0xca80ec13) x24 0xfffffca8
core   0: 0x800019a4 (0x0323f493) andi    s1, t2, 50
core   0: 3 0x800019a4 (0x0323f493) x 9 0x00000000
core   0: 0x800019a8 (0x005f5233) srl     tp, t5, t0
core   0: 3 0x800019a8 (0x005f5233) x 4 0x00000000
core   0: 0x800019ac (0x11f96e13) ori     t3, s2, 287
core   0: 3 0x800019ac (0x11f96e13) x28 0x0000011f
core   0: 0x800019b0 (0x00740413) addi    s0, s0, 7
core   0: 3 0x800019b0 (0x00740413) x 8 0xfffffffd
core   0: 0x800019b4 (0x0c96e913) ori     s2, a3, 201
core   0: 3 0x800019b4 (0x0c96e913) x18 0x000000d9
core   0: 0x800019b8 (0x40be53b3) sra     t2, t3, a1
core   0: 3 0x800019b8 (0x40be53b3) x 7 0x0000011f
core   0: 0x800019bc (0x00678733) add     a4, a5, t1
core   0: 3 0x800019bc (0x00678733) x14 0x0c3c8980
core   0: 0x800019c0 (0xfe5460e3) bltu    s0, t0, pc - 32
core   0: 3 0x800019c0 (0xfe5460e3)
core   0: 0x800019c4 (0xfb7ffee3) bgeu    t6, s7, pc - 68
core   0: 3 0x800019c4 (0xfb7ffee3)
core   0: 0x800019c8 (0x3536b793) sltiu   a5, a3, 851
core   0: 3 0x800019c8 (0x3536b793) x15 0x00000001
core   0: 0x800019cc (0x00a00513) li      a0, 10
core   0: 3 0x800019cc (0x00a00513) x10 0x0000000a
core   0: 0x800019d0 (0x00900a93) li      s5, 9
core   0: 3 0x800019d0 (0x00900a93) x21 0x00000009
core   0: 0x800019d4 (0x0050a9b3) slt     s3, ra, t0
core   0: 3 0x800019d4 (0x0050a9b3) x19 0x00000001
core   0: 0x800019d8 (0xf7c13913) sltiu   s2, sp, -132
core   0: 3 0x800019d8 (0xf7c13913) x18 0x00000001
core   0: 0x800019dc (0x0000100f) fence.i
core   0: 3 0x800019dc (0x0000100f)
core   0: 0x800019e0 (0xff650513) addi    a0, a0, -10
core   0: 3 0x800019e0 (0xff650513) x10 0x00000000
core   0: 0x800019e4 (0xff700d13) li      s10, -9
core   0: 3 0x800019e4 (0xff700d13) x26 0xfffffff7
core   0: 0x800019e8 (0x01000313) li      t1, 16
core   0: 3 0x800019e8 (0x01000313) x 6 0x00000010
core   0: 0x800019ec (0x008b1cb3) sll     s9, s6, s0
core   0: 3 0x800019ec (0x008b1cb3) x25 0x00000000
core   0: 0x800019f0 (0xc0fa20b7) lui     ra, 0xc0fa2
core   0: 3 0x800019f0 (0xc0fa20b7) x 1 0xc0fa2000
core   0: 0x800019f4 (0x001d0d13) addi    s10, s10, 1
core   0: 3 0x800019f4 (0x001d0d13) x26 0xfffffff8
core   0: 0x800019f8 (0xfe6d6ce3) bltu    s10, t1, pc - 8
core   0: 3 0x800019f8 (0xfe6d6ce3)
core   0: 0x800019fc (0x03a26193) ori     gp, tp, 58
core   0: 3 0x800019fc (0x03a26193) x 3 0x0000003a
core   0: 0x80001a00 (0x40025fb3) sra     t6, tp, zero
core   0: 3 0x80001a00 (0x40025fb3) x31 0x00000000
core   0: 0x80001a04 (0xe365a413) slti    s0, a1, -458
core   0: 3 0x80001a04 (0xe365a413) x 8 0x00000001
core   0: 0x80001a08 (0xfd5556e3) bge     a0, s5, pc - 52
core   0: 3 0x80001a08 (0xfd5556e3)
core   0: 0x80001a0c (0xd538c913) xori    s2, a7, -685
core   0: 3 0x80001a0c (0xd538c913) x18 0x00000463
core   0: 0x80001a10 (0x00200893) li      a7, 2
core   0: 3 0x80001a10 (0x00200893) x17 0x00000002
core   0: 0x80001a14 (0x40878033) sub     zero, a5, s0
core   0: 3 0x80001a14 (0x40878033)
core   0: 0x80001a18 (0x00f00e13) li      t3, 15
core   0: 3 0x80001a18 (0x00f00e13) x28 0x0000000f
core   0: 0x80001a1c (0xea67b913) sltiu   s2, a5, -346
core   0: 3 0x80001a1c (0xea67b913) x18 0x00000001
core   0: 0x80001a20 (0xc1837497) auipc   s1, 0xc1837
core   0: 3 0x80001a20 (0xc1837497) x 9 0x41838a20
core   0: 0x80001a24 (0x61607413) andi    s0, zero, 1558
core   0: 3 0x80001a24 (0x61607413) x 8 0x00000000
core   0: 0x80001a28 (0x002fd093) srli    ra, t6, 2
core   0: 3 0x80001a28 (0x002fd093) x 1 0x00000000
core   0: 0x80001a2c (0x1c798197) auipc   gp, 0x1c798
core   0: 3 0x80001a2c (0x1c798197) x 3 0x9c799a2c
core   0: 0x80001a30 (0x01299233) sll     tp, s3, s2
core   0: 3 0x80001a30 (0x01299233) x 4 0x00000002
core   0: 0x80001a34 (0x01479b13) slli    s6, a5, 20
core   0: 3 0x80001a34 (0x01479b13) x22 0x00100000
core   0: 0x80001a38 (0x410251b3) sra     gp, tp, a6
core   0: 3 0x80001a38 (0x410251b3) x 3 0x00000000
core   0: 0x80001a3c (0x4a008817) auipc   a6, 0x4a008
core   0: 3 0x80001a3c (0x4a008817) x16 0xca009a3c
core   0: 0x80001a40 (0x0062fcb3) and     s9, t0, t1
core   0: 3 0x80001a40 (0x0062fcb3) x25 0x00000000
core   0: 0x80001a44 (0x0ff0000f) fence   iorw,iorw
core   0: 3 0x80001a44 (0x0ff0000f)
core   0: 0x80001a48 (0xc4f33ab7) lui     s5, 0xc4f33
core   0: 3 0x80001a48 (0xc4f33ab7) x21 0xc4f33000
core   0: 0x80001a4c (0x4118d833) sra     a6, a7, a7
core   0: 3 0x80001a4c (0x4118d833) x16 0x00000000
core   0: 0x80001a50 (0x57228013) addi    zero, t0, 1394
core   0: 3 0x80001a50 (0x57228013)
core   0: 0x80001a54 (0x00ff5933) srl     s2, t5, a5
core   0: 3 0x80001a54 (0x00ff5933) x18 0x00000007
core   0: 0x80001a58 (0x00188893) addi    a7, a7, 1
core   0: 3 0x80001a58 (0x00188893) x17 0x00000003
core   0: 0x80001a5c (0x014ad0b3) srl     ra, s5, s4
core   0: 3 0x80001a5c (0x014ad0b3) x 1 0x00000062
core   0: 0x80001a60 (0xf11e2c93) slti    s9, t3, -239
core   0: 3 0x80001a60 (0xf11e2c93) x25 0x00000000
core   0: 0x80001a64 (0x01300733) add     a4, zero, s3
core   0: 3 0x80001a64 (0x01300733) x14 0x00000001
core   0: 0x80001a68 (0x008c6eb3) or      t4, s8, s0
core   0: 3 0x80001a68 (0x008c6eb3) x29 0xfffffca8
core   0: 0x80001a6c (0xfdc8eee3) bltu    a7, t3, pc - 36
core   0: 3 0x80001a6c (0xfdc8eee3)
core   0: 0x80001a48 (0xc4f33ab7) lui     s5, 0xc4f33
core   0: 3 0x80001a48 (0xc4f33ab7) x21 0xc4f33000
core   0: 0x80001a4c (0x4118d833) sra     a6, a7, a7
core   0: 3 0x80001a4c (0x4118d833) x16 0x00000000
core   0: 0x80001a50 (0x57228013) addi    zero, t0, 1394
core   0: 3 0x80001a50 (0x57228013)
core   0: 0x80001a54 (0x00ff5933) srl     s2, t5, a5
core   0: 3 0x80001a54 (0x00ff5933) x18 0x00000007
core   0: 0x80001a58 (0x00188893) addi    a7, a7, 1
core   0: 3 0x80001a58 (0x00188893) x17 0x00000004
core   0: 0x80001a5c (0x014ad0b3) srl     ra, s5, s4
core   0: 3 0x80001a5c (0x014ad0b3) x 1 0x00000062
core   0: 0x80001a60 (0xf11e2c93) slti    s9, t3, -239
core   0: 3 0x80001a60 (0xf11e2c93) x25 0x00000000
core   0: 0x80001a64 (0x01300733) add     a4, zero, s3
core   0: 3 0x80001a64 (0x01300733) x14 0x00000001
core   0: 0x80001a68 (0x008c6eb3) or      t4, s8, s0
core   0: 3 0x80001a68 (0x008c6eb3) x29 0xfffffca8
core   0: 0x80001a6c (0xfdc8eee3) bltu    a7, t3, pc - 36
core   0: 3 0x80001a6c (0xfdc8eee3)
core   0: 0x80001a48 (0xc4f33ab7) lui     s5, 0xc4f33
core   0: 3 0x80001a48 (0xc4f33ab7) x21 0xc4f33000
core   0: 0x80001a4c (0x4118d833) sra     a6, a7, a7
core   0: 3 0x80001a4c (0x4118d833) x16 0x00000000
core   0: 0x80001a50 (0x57228013) addi    zero, t0, 1394
core   0: 3 0x80001a50 (0x57228013)
core   0: 0x80001a54 (0x00ff5933) srl     s2, t5, a5
core   0: 3 0x80001a54 (0x00ff5933) x18 0x00000007
core   0: 0x80001a58 (0x00188893) addi    a7, a7, 1
core   0: 3 0x80001a58 (0x00188893) x17 0x00000005
core   0: 0x80001a5c (0x014ad0b3) srl     ra, s5, s4
core   0: 3 0x80001a5c (0x014ad0b3) x 1 0x00000062
core   0: 0x80001a60 (0xf11e2c93) slti    s9, t3, -239
core   0: 3 0x80001a60 (0xf11e2c93) x25 0x00000000
core   0: 0x80001a64 (0x01300733) add     a4, zero, s3
core   0: 3 0x80001a64 (0x01300733) x14 0x00000001
core   0: 0x80001a68 (0x008c6eb3) or      t4, s8, s0
core   0: 3 0x80001a68 (0x008c6eb3) x29 0xfffffca8
core   0: 0x80001a6c (0xfdc8eee3) bltu    a7, t3, pc - 36
core   0: 3 0x80001a6c (0xfdc8eee3)
core   0: 0x80001a48 (0xc4f33ab7) lui     s5, 0xc4f33
core   0: 3 0x80001a48 (0xc4f33ab7) x21 0xc4f33000
core   0: 0x80001a4c (0x4118d833) sra     a6, a7, a7
core   0: 3 0x80001a4c (0x4118d833) x16 0x00000000
core   0: 0x80001a50 (0x57228013) addi    zero, t0, 1394
core   0: 3 0x80001a50 (0x57228013)
core   0: 0x80001a54 (0x00ff5933) srl     s2, t5, a5
core   0: 3 0x80001a54 (0x00ff5933) x18 0x00000007
core   0: 0x80001a58 (0x00188893) addi    a7, a7, 1
core   0: 3 0x80001a58 (0x00188893) x17 0x00000006
core   0: 0x80001a5c (0x014ad0b3) srl     ra, s5, s4
core   0: 3 0x80001a5c (0x014ad0b3) x 1 0x00000062
core   0: 0x80001a60 (0xf11e2c93) slti    s9, t3, -239
core   0: 3 0x80001a60 (0xf11e2c93) x25 0x00000000
core   0: 0x80001a64 (0x01300733) add     a4, zero, s3
core   0: 3 0x80001a64 (0x01300733) x14 0x00000001
core   0: 0x80001a68 (0x008c6eb3) or      t4, s8, s0
core   0: 3 0x80001a68 (0x008c6eb3) x29 0xfffffca8
core   0: 0x80001a6c (0xfdc8eee3) bltu    a7, t3, pc - 36
core   0: 3 0x80001a6c (0xfdc8eee3)
core   0: 0x80001a48 (0xc4f33ab7) lui     s5, 0xc4f33
core   0: 3 0x80001a48 (0xc4f33ab7) x21 0xc4f33000
core   0: 0x80001a4c (0x4118d833) sra     a6, a7, a7
core   0: 3 0x80001a4c (0x4118d833) x16 0x00000000
core   0: 0x80001a50 (0x57228013) addi    zero, t0, 1394
core   0: 3 0x80001a50 (0x57228013)
core   0: 0x80001a54 (0x00ff5933) srl     s2, t5, a5
core   0: 3 0x80001a54 (0x00ff5933) x18 0x00000007
core   0: 0x80001a58 (0x00188893) addi    a7, a7, 1
core   0: 3 0x80001a58 (0x00188893) x17 0x00000007
core   0: 0x80001a5c (0x014ad0b3) srl     ra, s5, s4
core   0: 3 0x80001a5c (0x014ad0b3) x 1 0x00000062
core   0: 0x80001a60 (0xf11e2c93) slti    s9, t3, -239
core   0: 3 0x80001a60 (0xf11e2c93) x25 0x00000000
core   0: 0x80001a64 (0x01300733) add     a4, zero, s3
core   0: 3 0x80001a64 (0x01300733) x14 0x00000001
core   0: 0x80001a68 (0x008c6eb3) or      t4, s8, s0
core   0: 3 0x80001a68 (0x008c6eb3) x29 0xfffffca8
core   0: 0x80001a6c (0xfdc8eee3) bltu    a7, t3, pc - 36
core   0: 3 0x80001a6c (0xfdc8eee3)
core   0: 0x80001a48 (0xc4f33ab7) lui     s5, 0xc4f33
core   0: 3 0x80001a48 (0xc4f33ab7) x21 0xc4f33000
core   0: 0x80001a4c (0x4118d833) sra     a6, a7, a7
core   0: 3 0x80001a4c (0x4118d833) x16 0x00000000
core   0: 0x80001a50 (0x57228013) addi    zero, t0, 1394
core   0: 3 0x80001a50 (0x57228013)
core   0: 0x80001a54 (0x00ff5933) srl     s2, t5, a5
core   0: 3 0x80001a54 (0x00ff5933) x18 0x00000007
core   0: 0x80001a58 (0x00188893) addi    a7, a7, 1
core   0: 3 0x80001a58 (0x00188893) x17 0x00000008
core   0: 0x80001a5c (0x014ad0b3) srl     ra, s5, s4
core   0: 3 0x80001a5c (0x014ad0b3) x 1 0x00000062
core   0: 0x80001a60 (0xf11e2c93) slti    s9, t3, -239
core   0: 3 0x80001a60 (0xf11e2c93) x25 0x00000000
core   0: 0x80001a64 (0x01300733) add     a4, zero, s3
core   0: 3 0x80001a64 (0x01300733) x14 0x00000001
core   0: 0x80001a68 (0x008c6eb3) or      t4, s8, s0
core   0: 3 0x80001a68 (0x008c6eb3) x29 0xfffffca8
core   0: 0x80001a6c (0xfdc8eee3) bltu    a7, t3, pc - 36
core   0: 3 0x80001a6c (0xfdc8eee3)
core   0: 0x80001a48 (0xc4f33ab7) lui     s5, 0xc4f33
core   0: 3 0x80001a48 (0xc4f33ab7) x21 0xc4f33000
core   0: 0x80001a4c (0x4118d833) sra     a6, a7, a7
core   0: 3 0x80001a4c (0x4118d833) x16 0x00000000
core   0: 0x80001a50 (0x57228013) addi    zero, t0, 1394
core   0: 3 0x80001a50 (0x57228013)
core   0: 0x80001a54 (0x00ff5933) srl     s2, t5, a5
core   0: 3 0x80001a54 (0x00ff5933) x18 0x00000007
core   0: 0x80001a58 (0x00188893) addi    a7, a7, 1
core   0: 3 0x80001a58 (0x00188893) x17 0x00000009
core   0: 0x80001a5c (0x014ad0b3) srl     ra, s5, s4
core   0: 3 0x80001a5c (0x014ad0b3) x 1 0x00000062
core   0: 0x80001a60 (0xf11e2c93) slti    s9, t3, -239
core   0: 3 0x80001a60 (0xf11e2c93) x25 0x00000000
core   0: 0x80001a64 (0x01300733) add     a4, zero, s3
core   0: 3 0x80001a64 (0x01300733) x14 0x00000001
core   0: 0x80001a68 (0x008c6eb3) or      t4, s8, s0
core   0: 3 0x80001a68 (0x008c6eb3) x29 0xfffffca8
core   0: 0x80001a6c (0xfdc8eee3) bltu    a7, t3, pc - 36
core   0: 3 0x80001a6c (0xfdc8eee3)
core   0: 0x80001a48 (0xc4f33ab7) lui     s5, 0xc4f33
core   0: 3 0x80001a48 (0xc4f33ab7) x21 0xc4f33000
core   0: 0x80001a4c (0x4118d833) sra     a6, a7, a7
core   0: 3 0x80001a4c (0x4118d833) x16 0x00000000
core   0: 0x80001a50 (0x57228013) addi    zero, t0, 1394
core   0: 3 0x80001a50 (0x57228013)
core   0: 0x80001a54 (0x00ff5933) srl     s2, t5, a5
core   0: 3 0x80001a54 (0x00ff5933) x18 0x00000007
core   0: 0x80001a58 (0x00188893) addi    a7, a7, 1
core   0: 3 0x80001a58 (0x00188893) x17 0x0000000a
core   0: 0x80001a5c (0x014ad0b3) srl     ra, s5, s4
core   0: 3 0x80001a5c (0x014ad0b3) x 1 0x00000062
core   0: 0x80001a60 (0xf11e2c93) slti    s9, t3, -239
core   0: 3 0x80001a60 (0xf11e2c93) x25 0x00000000
core   0: 0x80001a64 (0x01300733) add     a4, zero, s3
core   0: 3 0x80001a64 (0x01300733) x14 0x00000001
core   0: 0x80001a68 (0x008c6eb3) or      t4, s8, s0
core   0: 3 0x80001a68 (0x008c6eb3) x29 0xfffffca8
core   0: 0x80001a6c (0xfdc8eee3) bltu    a7, t3, pc - 36
core   0: 3 0x80001a6c (0xfdc8eee3)
core   0: 0x80001a48 (0xc4f33ab7) lui     s5, 0xc4f33
core   0: 3 0x80001a48 (0xc4f33ab7) x21 0xc4f33000
core   0: 0x80001a4c (0x4118d833) sra     a6, a7, a7
core   0: 3 0x80001a4c (0x4118d833) x16 0x00000000
core   0: 0x80001a50 (0x57228013) addi    zero, t0, 1394
core   0: 3 0x80001a50 (0x57228013)
core   0: 0x80001a54 (0x00ff5933) srl     s2, t5, a5
core   0: 3 0x80001a54 (0x00ff5933) x18 0x00000007
core   0: 0x80001a58 (0x00188893) addi    a7, a7, 1
core   0: 3 0x80001a58 (0x00188893) x17 0x0000000b
core   0: 0x80001a5c (0x014ad0b3) srl     ra, s5, s4
core   0: 3 0x80001a5c (0x014ad0b3) x 1 0x00000062
core   0: 0x80001a60 (0xf11e2c93) slti    s9, t3, -239
core   0: 3 0x80001a60 (0xf11e2c93) x25 0x00000000
core   0: 0x80001a64 (0x01300733) add     a4, zero, s3
core   0: 3 0x80001a64 (0x01300733) x14 0x00000001
core   0: 0x80001a68 (0x008c6eb3) or      t4, s8, s0
core   0: 3 0x80001a68 (0x008c6eb3) x29 0xfffffca8
core   0: 0x80001a6c (0xfdc8eee3) bltu    a7, t3, pc - 36
core   0: 3 0x80001a6c (0xfdc8eee3)
core   0: 0x80001a48 (0xc4f33ab7) lui     s5, 0xc4f33
core   0: 3 0x80001a48 (0xc4f33ab7) x21 0xc4f33000
core   0: 0x80001a4c (0x4118d833) sra     a6, a7, a7
core   0: 3 0x80001a4c (0x4118d833) x16 0x00000000
core   0: 0x80001a50 (0x57228013) addi    zero, t0, 1394
core   0: 3 0x80001a50 (0x57228013)
core   0: 0x80001a54 (0x00ff5933) srl     s2, t5, a5
core   0: 3 0x80001a54 (0x00ff5933) x18 0x00000007
core   0: 0x80001a58 (0x00188893) addi    a7, a7, 1
core   0: 3 0x80001a58 (0x00188893) x17 0x0000000c
core   0: 0x80001a5c (0x014ad0b3) srl     ra, s5, s4
core   0: 3 0x80001a5c (0x014ad0b3) x 1 0x00000062
core   0: 0x80001a60 (0xf11e2c93) slti    s9, t3, -239
core   0: 3 0x80001a60 (0xf11e2c93) x25 0x00000000
core   0: 0x80001a64 (0x01300733) add     a4, zero, s3
core   0: 3 0x80001a64 (0x01300733) x14 0x00000001
core   0: 0x80001a68 (0x008c6eb3) or      t4, s8, s0
core   0: 3 0x80001a68 (0x008c6eb3) x29 0xfffffca8
core   0: 0x80001a6c (0xfdc8eee3) bltu    a7, t3, pc - 36
core   0: 3 0x80001a6c (0xfdc8eee3)
core   0: 0x80001a48 (0xc4f33ab7) lui     s5, 0xc4f33
core   0: 3 0x80001a48 (0xc4f33ab7) x21 0xc4f33000
core   0: 0x80001a4c (0x4118d833) sra     a6, a7, a7
core   0: 3 0x80001a4c (0x4118d833) x16 0x00000000
core   0: 0x80001a50 (0x57228013) addi    zero, t0, 1394
core   0: 3 0x80001a50 (0x57228013)
core   0: 0x80001a54 (0x00ff5933) srl     s2, t5, a5
core   0: 3 0x80001a54 (0x00ff5933) x18 0x00000007
core   0: 0x80001a58 (0x00188893) addi    a7, a7, 1
core   0: 3 0x80001a58 (0x00188893) x17 0x0000000d
core   0: 0x80001a5c (0x014ad0b3) srl     ra, s5, s4
core   0: 3 0x80001a5c (0x014ad0b3) x 1 0x00000062
core   0: 0x80001a60 (0xf11e2c93) slti    s9, t3, -239
core   0: 3 0x80001a60 (0xf11e2c93) x25 0x00000000
core   0: 0x80001a64 (0x01300733) add     a4, zero, s3
core   0: 3 0x80001a64 (0x01300733) x14 0x00000001
core   0: 0x80001a68 (0x008c6eb3) or      t4, s8, s0
core   0: 3 0x80001a68 (0x008c6eb3) x29 0xfffffca8
core   0: 0x80001a6c (0xfdc8eee3) bltu    a7, t3, pc - 36
core   0: 3 0x80001a6c (0xfdc8eee3)
core   0: 0x80001a48 (0xc4f33ab7) lui     s5, 0xc4f33
core   0: 3 0x80001a48 (0xc4f33ab7) x21 0xc4f33000
core   0: 0x80001a4c (0x4118d833) sra     a6, a7, a7
core   0: 3 0x80001a4c (0x4118d833) x16 0x00000000
core   0: 0x80001a50 (0x57228013) addi    zero, t0, 1394
core   0: 3 0x80001a50 (0x57228013)
core   0: 0x80001a54 (0x00ff5933) srl     s2, t5, a5
core   0: 3 0x80001a54 (0x00ff5933) x18 0x00000007
core   0: 0x80001a58 (0x00188893) addi    a7, a7, 1
core   0: 3 0x80001a58 (0x00188893) x17 0x0000000e
core   0: 0x80001a5c (0x014ad0b3) srl     ra, s5, s4
core   0: 3 0x80001a5c (0x014ad0b3) x 1 0x00000062
core   0: 0x80001a60 (0xf11e2c93) slti    s9, t3, -239
core   0: 3 0x80001a60 (0xf11e2c93) x25 0x00000000
core   0: 0x80001a64 (0x01300733) add     a4, zero, s3
core   0: 3 0x80001a64 (0x01300733) x14 0x00000001
core   0: 0x80001a68 (0x008c6eb3) or      t4, s8, s0
core   0: 3 0x80001a68 (0x008c6eb3) x29 0xfffffca8
core   0: 0x80001a6c (0xfdc8eee3) bltu    a7, t3, pc - 36
core   0: 3 0x80001a6c (0xfdc8eee3)
core   0: 0x80001a48 (0xc4f33ab7) lui     s5, 0xc4f33
core   0: 3 0x80001a48 (0xc4f33ab7) x21 0xc4f33000
core   0: 0x80001a4c (0x4118d833) sra     a6, a7, a7
core   0: 3 0x80001a4c (0x4118d833) x16 0x00000000
core   0: 0x80001a50 (0x57228013) addi    zero, t0, 1394
core   0: 3 0x80001a50 (0x57228013)
core   0: 0x80001a54 (0x00ff5933) srl     s2, t5, a5
core   0: 3 0x80001a54 (0x00ff5933) x18 0x00000007
core   0: 0x80001a58 (0x00188893) addi    a7, a7, 1
core   0: 3 0x80001a58 (0x00188893) x17 0x0000000f
core   0: 0x80001a5c (0x014ad0b3) srl     ra, s5, s4
core   0: 3 0x80001a5c (0x014ad0b3) x 1 0x00000062
core   0: 0x80001a60 (0xf11e2c93) slti    s9, t3, -239
core   0: 3 0x80001a60 (0xf11e2c93) x25 0x00000000
core   0: 0x80001a64 (0x01300733) add     a4, zero, s3
core   0: 3 0x80001a64 (0x01300733) x14 0x00000001
core   0: 0x80001a68 (0x008c6eb3) or      t4, s8, s0
core   0: 3 0x80001a68 (0x008c6eb3) x29 0xfffffca8
core   0: 0x80001a6c (0xfdc8eee3) bltu    a7, t3, pc - 36
core   0: 3 0x80001a6c (0xfdc8eee3)
core   0: 0x80001a70 (0x00c8c433) xor     s0, a7, a2
core   0: 3 0x80001a70 (0x00c8c433) x 8 0x80024e6b
core   0: 0x80001a74 (0x00700513) li      a0, 7
core   0: 3 0x80001a74 (0x00700513) x10 0x00000007
core   0: 0x80001a78 (0x0000100f) fence.i
core   0: 3 0x80001a78 (0x0000100f)
core   0: 0x80001a7c (0x013c3db3) sltu    s11, s8, s3
core   0: 3 0x80001a7c (0x013c3db3) x27 0x00000000
core   0: 0x80001a80 (0xff900093) li      ra, -7
core   0: 3 0x80001a80 (0xff900093) x 1 0xfffffff9
core   0: 0x80001a84 (0x01f55333) srl     t1, a0, t6
core   0: 3 0x80001a84 (0x01f55333) x 6 0x00000007
core   0: 0x80001a88 (0x0154beb3) sltu    t4, s1, s5
core   0: 3 0x80001a88 (0x0154beb3) x29 0x00000001
core   0: 0x80001a8c (0xe1654213) xori    tp, a0, -490
core   0: 3 0x80001a8c (0xe1654213) x 4 0xfffffe11
core   0: 0x80001a90 (0x006b4433) xor     s0, s6, t1
core   0: 3 0x80001a90 (0x006b4433) x 8 0x00100007
core   0: 0x80001a94 (0xff950513) addi    a0, a0, -7
core   0: 3 0x80001a94 (0xff950513) x10 0x00000000
core   0: 0x80001a98 (0x00200a13) li      s4, 2
core   0: 3 0x80001a98 (0x00200a13) x20 0x00000002
core   0: 0x80001a9c (0x00d00c13) li      s8, 13
core   0: 3 0x80001a9c (0x00d00c13) x24 0x0000000d
core   0: 0x80001aa0 (0xf4790793) addi    a5, s2, -185
core   0: 3 0x80001aa0 (0xf4790793) x15 0xffffff4e
core   0: 0x80001aa4 (0x001a0a13) addi    s4, s4, 1
core   0: 3 0x80001aa4 (0x001a0a13) x20 0x00000003
core   0: 0x80001aa8 (0x00a13733) sltu    a4, sp, a0
core   0: 3 0x80001aa8 (0x00a13733) x14 0x00000000
core   0: 0x80001aac (0x00a0df33) srl     t5, ra, a0
core   0: 3 0x80001aac (0x00a0df33) x30 0xfffffff9
core   0: 0x80001ab0 (0xff8a18e3) bne     s4, s8, pc - 16
core   0: 3 0x80001ab0 (0xff8a18e3)
core   0: 0x80001aa0 (0xf4790793) addi    a5, s2, -185
core   0: 3 0x80001aa0 (0xf4790793) x15 0xffffff4e
core   0: 0x80001aa4 (0x001a0a13) addi    s4, s4, 1
core   0: 3 0x80001aa4 (0x001a0a13) x20 0x00000004
core   0: 0x80001aa8 (0x00a13733) sltu    a4, sp, a0
core   0: 3 0x80001aa8 (0x00a13733) x14 0x00000000
core   0: 0x80001aac (0x00a0df33) srl     t5, ra, a0
core   0: 3 0x80001aac (0x00a0df33) x30 0xfffffff9
core   0: 0x80001ab0 (0xff8a18e3) bne     s4, s8, pc - 16
core   0: 3 0x80001ab0 (0xff8a18e3)
core   0: 0x80001aa0 (0xf4790793) addi    a5, s2, -185
core   0: 3 0x80001aa0 (0xf4790793) x15 0xffffff4e
core   0: 0x80001aa4 (0x001a0a13) addi    s4, s4, 1
core   0: 3 0x80001aa4 (0x001a0a13) x20 0x00000005
core   0: 0x80001aa8 (0x00a13733) sltu    a4, sp, a0
core   0: 3 0x80001aa8 (0x00a13733) x14 0x00000000
core   0: 0x80001aac (0x00a0df33) srl     t5, ra, a0
core   0: 3 0x80001aac (0x00a0df33) x30 0xfffffff9
core   0: 0x80001ab0 (0xff8a18e3) bne     s4, s8, pc - 16
core   0: 3 0x80001ab0 (0xff8a18e3)
core   0: 0x80001aa0 (0xf4790793) addi    a5, s2, -185
core   0: 3 0x80001aa0 (0xf4790793) x15 0xffffff4e
core   0: 0x80001aa4 (0x001a0a13) addi    s4, s4, 1
core   0: 3 0x80001aa4 (0x001a0a13) x20 0x00000006
core   0: 0x80001aa8 (0x00a13733) sltu    a4, sp, a0
core   0: 3 0x80001aa8 (0x00a13733) x14 0x00000000
core   0: 0x80001aac (0x00a0df33) srl     t5, ra, a0
core   0: 3 0x80001aac (0x00a0df33) x30 0xfffffff9
core   0: 0x80001ab0 (0xff8a18e3) bne     s4, s8, pc - 16
core   0: 3 0x80001ab0 (0xff8a18e3)
core   0: 0x80001aa0 (0xf4790793) addi    a5, s2, -185
core   0: 3 0x80001aa0 (0xf4790793) x15 0xffffff4e
core   0: 0x80001aa4 (0x001a0a13) addi    s4, s4, 1
core   0: 3 0x80001aa4 (0x001a0a13) x20 0x00000007
core   0: 0x80001aa8 (0x00a13733) sltu    a4, sp, a0
core   0: 3 0x80001aa8 (0x00a13733) x14 0x00000000
core   0: 0x80001aac (0x00a0df33) srl     t5, ra, a0
core   0: 3 0x80001aac (0x00a0df33) x30 0xfffffff9
core   0: 0x80001ab0 (0xff8a18e3) bne     s4, s8, pc - 16
core   0: 3 0x80001ab0 (0xff8a18e3)
core   0: 0x80001aa0 (0xf4790793) addi    a5, s2, -185
core   0: 3 0x80001aa0 (0xf4790793) x15 0xffffff4e
core   0: 0x80001aa4 (0x001a0a13) addi    s4, s4, 1
core   0: 3 0x80001aa4 (0x001a0a13) x20 0x00000008
core   0: 0x80001aa8 (0x00a13733) sltu    a4, sp, a0
core   0: 3 0x80001aa8 (0x00a13733) x14 0x00000000
core   0: 0x80001aac (0x00a0df33) srl     t5, ra, a0
core   0: 3 0x80001aac (0x00a0df33) x30 0xfffffff9
core   0: 0x80001ab0 (0xff8a18e3) bne     s4, s8, pc - 16
core   0: 3 0x80001ab0 (0xff8a18e3)
core   0: 0x80001aa0 (0xf4790793) addi    a5, s2, -185
core   0: 3 0x80001aa0 (0xf4790793) x15 0xffffff4e
core   0: 0x80001aa4 (0x001a0a13) addi    s4, s4, 1
core   0: 3 0x80001aa4 (0x001a0a13) x20 0x00000009
core   0: 0x80001aa8 (0x00a13733) sltu    a4, sp, a0
core   0: 3 0x80001aa8 (0x00a13733) x14 0x00000000
core   0: 0x80001aac (0x00a0df33) srl     t5, ra, a0
core   0: 3 0x80001aac (0x00a0df33) x30 0xfffffff9
core   0: 0x80001ab0 (0xff8a18e3) bne     s4, s8, pc - 16
core   0: 3 0x80001ab0 (0xff8a18e3)
core   0: 0x80001aa0 (0xf4790793) addi    a5, s2, -185
core   0: 3 0x80001aa0 (0xf4790793) x15 0xffffff4e
core   0: 0x80001aa4 (0x001a0a13) addi    s4, s4, 1
core   0: 3 0x80001aa4 (0x001a0a13) x20 0x0000000a
core   0: 0x80001aa8 (0x00a13733) sltu    a4, sp, a0
core   0: 3 0x80001aa8 (0x00a13733) x14 0x00000000
core   0: 0x80001aac (0x00a0df33) srl     t5, ra, a0
core   0: 3 0x80001aac (0x00a0df33) x30 0xfffffff9
core   0: 0x80001ab0 (0xff8a18e3) bne     s4, s8, pc - 16
core   0: 3 0x80001ab0 (0xff8a18e3)
core   0: 0x80001aa0 (0xf4790793) addi    a5, s2, -185
core   0: 3 0x80001aa0 (0xf4790793) x15 0xffffff4e
core   0: 0x80001aa4 (0x001a0a13) addi    s4, s4, 1
core   0: 3 0x80001aa4 (0x001a0a13) x20 0x0000000b
core   0: 0x80001aa8 (0x00a13733) sltu    a4, sp, a0
core   0: 3 0x80001aa8 (0x00a13733) x14 0x00000000
core   0: 0x80001aac (0x00a0df33) srl     t5, ra, a0
core   0: 3 0x80001aac (0x00a0df33) x30 0xfffffff9
core   0: 0x80001ab0 (0xff8a18e3) bne     s4, s8, pc - 16
core   0: 3 0x80001ab0 (0xff8a18e3)
core   0: 0x80001aa0 (0xf4790793) addi    a5, s2, -185
core   0: 3 0x80001aa0 (0xf4790793) x15 0xffffff4e
core   0: 0x80001aa4 (0x001a0a13) addi    s4, s4, 1
core   0: 3 0x80001aa4 (0x001a0a13) x20 0x0000000c
core   0: 0x80001aa8 (0x00a13733) sltu    a4, sp, a0
core   0: 3 0x80001aa8 (0x00a13733) x14 0x00000000
core   0: 0x80001aac (0x00a0df33) srl     t5, ra, a0
core   0: 3 0x80001aac (0x00a0df33) x30 0xfffffff9
core   0: 0x80001ab0 (0xff8a18e3) bne     s4, s8, pc - 16
core   0: 3 0x80001ab0 (0xff8a18e3)
core   0: 0x80001aa0 (0xf4790793) addi    a5, s2, -185
core   0: 3 0x80001aa0 (0xf4790793) x15 0xffffff4e
core   0: 0x80001aa4 (0x001a0a13) addi    s4, s4, 1
core   0: 3 0x80001aa4 (0x001a0a13) x20 0x0000000d
core   0: 0x80001aa8 (0x00a13733) sltu    a4, sp, a0
core   0: 3 0x80001aa8 (0x00a13733) x14 0x00000000
core   0: 0x80001aac (0x00a0df33) srl     t5, ra, a0
core   0: 3 0x80001aac (0x00a0df33) x30 0xfffffff9
core   0: 0x80001ab0 (0xff8a18e3) bne     s4, s8, pc - 16
core   0: 3 0x80001ab0 (0xff8a18e3)
core   0: 0x80001ab4 (0x00000013) nop
core   0: 3 0x80001ab4 (0x00000013)
core   0: 0x80001ab8 (0x2a954b93) xori    s7, a0, 681
core   0: 3 0x80001ab8 (0x2a954b93) x23 0x000002a9
core   0: 0x80001abc (0xfc1516e3) bne     a0, ra, pc - 52
core   0: 3 0x80001abc (0xfc1516e3)
core   0: 0x80001a88 (0x0154beb3) sltu    t4, s1, s5
core   0: 3 0x80001a88 (0x0154beb3) x29 0x00000001
core   0: 0x80001a8c (0xe1654213) xori    tp, a0, -490
core   0: 3 0x80001a8c (0xe1654213) x 4 0xfffffe16
core   0: 0x80001a90 (0x006b4433) xor     s0, s6, t1
core   0: 3 0x80001a90 (0x006b4433) x 8 0x00100007
core   0: 0x80001a94 (0xff950513) addi    a0, a0, -7
core   0: 3 0x80001a94 (0xff950513) x10 0xfffffff9
core   0: 0x80001a98 (0x00200a13) li      s4, 2
core   0: 3 0x80001a98 (0x00200a13) x20 0x00000002
core   0: 0x80001a9c (0x00d00c13) li      s8, 13
core   0: 3 0x80001a9c (0x00d00c13) x24 0x0000000d
core   0: 0x80001aa0 (0xf4790793) addi    a5, s2, -185
core   0: 3 0x80001aa0 (0xf4790793) x15 0xffffff4e
core   0: 0x80001aa4 (0x001a0a13) addi    s4, s4, 1
core   0: 3 0x80001aa4 (0x001a0a13) x20 0x00000003
core   0: 0x80001aa8 (0x00a13733) sltu    a4, sp, a0
core   0: 3 0x80001aa8 (0x00a13733) x14 0x00000001
core   0: 0x80001aac (0x00a0df33) srl     t5, ra, a0
core   0: 3 0x80001aac (0x00a0df33) x30 0x0000007f
core   0: 0x80001ab0 (0xff8a18e3) bne     s4, s8, pc - 16
core   0: 3 0x80001ab0 (0xff8a18e3)
core   0: 0x80001aa0 (0xf4790793) addi    a5, s2, -185
core   0: 3 0x80001aa0 (0xf4790793) x15 0xffffff4e
core   0: 0x80001aa4 (0x001a0a13) addi    s4, s4, 1
core   0: 3 0x80001aa4 (0x001a0a13) x20 0x00000004
core   0: 0x80001aa8 (0x00a13733) sltu    a4, sp, a0
core   0: 3 0x80001aa8 (0x00a13733) x14 0x00000001
core   0: 0x80001aac (0x00a0df33) srl     t5, ra, a0
core   0: 3 0x80001aac (0x00a0df33) x30 0x0000007f
core   0: 0x80001ab0 (0xff8a18e3) bne     s4, s8, pc - 16
core   0: 3 0x80001ab0 (0xff8a18e3)
core   0: 0x80001aa0 (0xf4790793) addi    a5, s2, -185
core   0: 3 0x80001aa0 (0xf4790793) x15 0xffffff4e
core   0: 0x80001aa4 (0x001a0a13) addi    s4, s4, 1
core   0: 3 0x80001aa4 (0x001a0a13) x20 0x00000005
core   0: 0x80001aa8 (0x00a13733) sltu    a4, sp, a0
core   0: 3 0x80001aa8 (0x00a13733) x14 0x00000001
core   0: 0x80001aac (0x00a0df33) srl     t5, ra, a0
core   0: 3 0x80001aac (0x00a0df33) x30 0x0000007f
core   0: 0x80001ab0 (0xff8a18e3) bne     s4, s8, pc - 16
core   0: 3 0x80001ab0 (0xff8a18e3)
core   0: 0x80001aa0 (0xf4790793) addi    a5, s2, -185
core   0: 3 0x80001aa0 (0xf4790793) x15 0xffffff4e
core   0: 0x80001aa4 (0x001a0a13) addi    s4, s4, 1
core   0: 3 0x80001aa4 (0x001a0a13) x20 0x00000006
core   0: 0x80001aa8 (0x00a13733) sltu    a4, sp, a0
core   0: 3 0x80001aa8 (0x00a13733) x14 0x00000001
core   0: 0x80001aac (0x00a0df33) srl     t5, ra, a0
core   0: 3 0x80001aac (0x00a0df33) x30 0x0000007f
core   0: 0x80001ab0 (0xff8a18e3) bne     s4, s8, pc - 16
core   0: 3 0x80001ab0 (0xff8a18e3)
core   0: 0x80001aa0 (0xf4790793) addi    a5, s2, -185
core   0: 3 0x80001aa0 (0xf4790793) x15 0xffffff4e
core   0: 0x80001aa4 (0x001a0a13) addi    s4, s4, 1
core   0: 3 0x80001aa4 (0x001a0a13) x20 0x00000007
core   0: 0x80001aa8 (0x00a13733) sltu    a4, sp, a0
core   0: 3 0x80001aa8 (0x00a13733) x14 0x00000001
core   0: 0x80001aac (0x00a0df33) srl     t5, ra, a0
core   0: 3 0x80001aac (0x00a0df33) x30 0x0000007f
core   0: 0x80001ab0 (0xff8a18e3) bne     s4, s8, pc - 16
core   0: 3 0x80001ab0 (0xff8a18e3)
core   0: 0x80001aa0 (0xf4790793) addi    a5, s2, -185
core   0: 3 0x80001aa0 (0xf4790793) x15 0xffffff4e
core   0: 0x80001aa4 (0x001a0a13) addi    s4, s4, 1
core   0: 3 0x80001aa4 (0x001a0a13) x20 0x00000008
core   0: 0x80001aa8 (0x00a13733) sltu    a4, sp, a0
core   0: 3 0x80001aa8 (0x00a13733) x14 0x00000001
core   0: 0x80001aac (0x00a0df33) srl     t5, ra, a0
core   0: 3 0x80001aac (0x00a0df33) x30 0x0000007f
core   0: 0x80001ab0 (0xff8a18e3) bne     s4, s8, pc - 16
core   0: 3 0x80001ab0 (0xff8a18e3)
core   0: 0x80001aa0 (0xf4790793) addi    a5, s2, -185
core   0: 3 0x80001aa0 (0xf4790793) x15 0xffffff4e
core   0: 0x80001aa4 (0x001a0a13) addi    s4, s4, 1
core   0: 3 0x80001aa4 (0x001a0a13) x20 0x00000009
core   0: 0x80001aa8 (0x00a13733) sltu    a4, sp, a0
core   0: 3 0x80001aa8 (0x00a13733) x14 0x00000001
core   0: 0x80001aac (0x00a0df33) srl     t5, ra, a0
core   0: 3 0x80001aac (0x00a0df33) x30 0x0000007f
core   0: 0x80001ab0 (0xff8a18e3) bne     s4, s8, pc - 16
core   0: 3 0x80001ab0 (0xff8a18e3)
core   0: 0x80001aa0 (0xf4790793) addi    a5, s2, -185
core   0: 3 0x80001aa0 (0xf4790793) x15 0xffffff4e
core   0: 0x80001aa4 (0x001a0a13) addi    s4, s4, 1
core   0: 3 0x80001aa4 (0x001a0a13) x20 0x0000000a
core   0: 0x80001aa8 (0x00a13733) sltu    a4, sp, a0
core   0: 3 0x80001aa8 (0x00a13733) x14 0x00000001
core   0: 0x80001aac (0x00a0df33) srl     t5, ra, a0
core   0: 3 0x80001aac (0x00a0df33) x30 0x0000007f
core   0: 0x80001ab0 (0xff8a18e3) bne     s4, s8, pc - 16
core   0: 3 0x80001ab0 (0xff8a18e3)
core   0: 0x80001aa0 (0xf4790793) addi    a5, s2, -185
core   0: 3 0x80001aa0 (0xf4790793) x15 0xffffff4e
core   0: 0x80001aa4 (0x001a0a13) addi    s4, s4, 1
core   0: 3 0x80001aa4 (0x001a0a13) x20 0x0000000b
core   0: 0x80001aa8 (0x00a13733) sltu    a4, sp, a0
core   0: 3 0x80001aa8 (0x00a13733) x14 0x00000001
core   0: 0x80001aac (0x00a0df33) srl     t5, ra, a0
core   0: 3 0x80001aac (0x00a0df33) x30 0x0000007f
core   0: 0x80001ab0 (0xff8a18e3) bne     s4, s8, pc - 16
core   0: 3 0x80001ab0 (0xff8a18e3)
core   0: 0x80001aa0 (0xf4790793) addi    a5, s2, -185
core   0: 3 0x80001aa0 (0xf4790793) x15 0xffffff4e
core   0: 0x80001aa4 (0x001a0a13) addi    s4, s4, 1
core   0: 3 0x80001aa4 (0x001a0a13) x20 0x0000000c
core   0: 0x80001aa8 (0x00a13733) sltu    a4, sp, a0
core   0: 3 0x80001aa8 (0x00a13733) x14 0x00000001
core   0: 0x80001aac (0x00a0df33) srl     t5, ra, a0
core   0: 3 0x80001aac (0x00a0df33) x30 0x0000007f
core   0: 0x80001ab0 (0xff8a18e3) bne     s4, s8, pc - 16
core   0: 3 0x80001ab0 (0xff8a18e3)
core   0: 0x80001aa0 (0xf4790793) addi    a5, s2, -185
core   0: 3 0x80001aa0 (0xf4790793) x15 0xffffff4e
core   0: 0x80001aa4 (0x001a0a13) addi    s4, s4, 1
core   0: 3 0x80001aa4 (0x001a0a13) x20 0x0000000d
core   0: 0x80001aa8 (0x00a13733) sltu    a4, sp, a0
core   0: 3 0x80001aa8 (0x00a13733) x14 0x00000001
core   0: 0x80001aac (0x00a0df33) srl     t5, ra, a0
core   0: 3 0x80001aac (0x00a0df33) x30 0x0000007f
core   0: 0x80001ab0 (0xff8a18e3) bne     s4, s8, pc - 16
core   0: 3 0x80001ab0 (0xff8a18e3)
core   0: 0x80001ab4 (0x00000013) nop
core   0: 3 0x80001ab4 (0x00000013)
core   0: 0x80001ab8 (0x2a954b93) xori    s7, a0, 681
core   0: 3 0x80001ab8 (0x2a954b93) x23 0xfffffd50
core   0: 0x80001abc (0xfc1516e3) bne     a0, ra, pc - 52
core   0: 3 0x80001abc (0xfc1516e3)
core   0: 0x80001ac0 (0x49d58793) addi    a5, a1, 1181
core   0: 3 0x80001ac0 (0x49d58793) x15 0x8000049d
core   0: 0x80001ac4 (0x00900793) li      a5, 9
core   0: 3 0x80001ac4 (0x00900793) x15 0x00000009
core   0: 0x80001ac8 (0x00500b13) li      s6, 5
core   0: 3 0x80001ac8 (0x00500b13) x22 0x00000005
core   0: 0x80001acc (0x00e9d193) srli    gp, s3, 14
core   0: 3 0x80001acc (0x00e9d193) x 3 0x00000000
core   0: 0x80001ad0 (0x6cb0f913) andi    s2, ra, 1739
core   0: 3 0x80001ad0 (0x6cb0f913) x18 0x000006c9
core   0: 0x80001ad4 (0x0ff0000f) fence   iorw,iorw
core   0: 3 0x80001ad4 (0x0ff0000f)
core   0: 0x80001ad8 (0x00938733) add     a4, t2, s1
core   0: 3 0x80001ad8 (0x00938733) x14 0x41838b3f
core   0: 0x80001adc (0x4928b193) sltiu   gp, a7, 1170
core   0: 3 0x80001adc (0x4928b193) x 3 0x00000001
core   0: 0x80001ae0 (0xd84c4093) xori    ra, s8, -636
core   0: 3 0x80001ae0 (0xd84c4093) x 1 0xfffffd89
core   0: 0x80001ae4 (0xffc78793) addi    a5, a5, -4
core   0: 3 0x80001ae4 (0xffc78793) x15 0x00000005
core   0: 0x80001ae8 (0x14e8af93) slti    t6, a7, 334
core   0: 3 0x80001ae8 (0x14e8af93) x31 0x00000001
core   0: 0x80001aec (0xff67f6e3) bgeu    a5, s6, pc - 20
core   0: 3 0x80001aec (0xff67f6e3)
core   0: 0x80001ad8 (0x00938733) add     a4, t2, s1
core   0: 3 0x80001ad8 (0x00938733) x14 0x41838b3f
core   0: 0x80001adc (0x4928b193) sltiu   gp, a7, 1170
core   0: 3 0x80001adc (0x4928b193) x 3 0x00000001
core   0: 0x80001ae0 (0xd84c4093) xori    ra, s8, -636
core   0: 3 0x80001ae0 (0xd84c4093) x 1 0xfffffd89
core   0: 0x80001ae4 (0xffc78793) addi    a5, a5, -4
core   0: 3 0x80001ae4 (0xffc78793) x15 0x00000001
core   0: 0x80001ae8 (0x14e8af93) slti    t6, a7, 334
core   0: 3 0x80001ae8 (0x14e8af93) x31 0x00000001
core   0: 0x80001aec (0xff67f6e3) bgeu    a5, s6, pc - 20
core   0: 3 0x80001aec (0xff67f6e3)
core   0: 0x80001af0 (0x01854a33) xor     s4, a0, s8
core   0: 3 0x80001af0 (0x01854a33) x20 0xfffffff4
core   0: 0x80001af4 (0x00000413) li      s0, 0
core   0: 3 0x80001af4 (0x00000413) x 8 0x00000000
core   0: 0x80001af8 (0x0000100f) fence.i
core   0: 3 0x80001af8 (0x0000100f)
core   0: 0x80001afc (0x00000f13) li      t5, 0
core   0: 3 0x80001afc (0x00000f13) x30 0x00000000
core   0: 0x80001b00 (0x417e86b3) sub     a3, t4, s7
core   0: 3 0x80001b00 (0x417e86b3) x13 0x000002b1
core   0: 0x80001b04 (0x527abd13) sltiu   s10, s5, 1319
core   0: 3 0x80001b04 (0x527abd13) x26 0x00000000
core   0: 0x80001b08 (0x323ded93) ori     s11, s11, 803
core   0: 3 0x80001b08 (0x323ded93) x27 0x00000323
core   0: 0x80001b0c (0x254fa793) slti    a5, t6, 596
core   0: 3 0x80001b0c (0x254fa793) x15 0x00000001
core   0: 0x80001b10 (0xff840413) addi    s0, s0, -8
core   0: 3 0x80001b10 (0xff840413) x 8 0xfffffff8
core   0: 0x80001b14 (0x00a00813) li      a6, 10
core   0: 3 0x80001b14 (0x00a00813) x16 0x0000000a
core   0: 0x80001b18 (0x00cf6733) or      a4, t5, a2
core   0: 3 0x80001b18 (0x00cf6733) x14 0x80024e64
core   0: 0x80001b1c (0x00a00e93) li      t4, 10
core   0: 3 0x80001b1c (0x00a00e93) x29 0x0000000a
core   0: 0x80001b20 (0x0000100f) fence.i
core   0: 3 0x80001b20 (0x0000100f)
core   0: 0x80001b24 (0x3d4c33b7) lui     t2, 0x3d4c3
core   0: 3 0x80001b24 (0x3d4c33b7) x 7 0x3d4c3000
core   0: 0x80001b28 (0x40715a33) sra     s4, sp, t2
core   0: 3 0x80001b28 (0x40715a33) x20 0x80028ce4
core   0: 0x80001b2c (0x40be5c13) srai    s8, t3, 11
core   0: 3 0x80001b2c (0x40be5c13) x24 0x00000000
core   0: 0x80001b30 (0xa3b08013) addi    zero, ra, -1477
core   0: 3 0x80001b30 (0xa3b08013)
core   0: 0x80001b34 (0x019909b3) add     s3, s2, s9
core   0: 3 0x80001b34 (0x019909b3) x19 0x000006c9
core   0: 0x80001b38 (0x00014d33) xor     s10, sp, zero
core   0: 3 0x80001b38 (0x00014d33) x26 0x80028ce4
core   0: 0x80001b3c (0xc8299e37) lui     t3, 0xc8299
core   0: 3 0x80001b3c (0xc8299e37) x28 0xc8299000
core   0: 0x80001b40 (0x403850b3) sra     ra, a6, gp
core   0: 3 0x80001b40 (0x403850b3) x 1 0x00000005
core   0: 0x80001b44 (0x01955513) srli    a0, a0, 25
core   0: 3 0x80001b44 (0x01955513) x10 0x0000007f
core   0: 0x80001b48 (0x40dfd6b3) sra     a3, t6, a3
core   0: 3 0x80001b48 (0x40dfd6b3) x13 0x00000000
core   0: 0x80001b4c (0xff780813) addi    a6, a6, -9
core   0: 3 0x80001b4c (0xff780813) x16 0x00000001
core   0: 0x80001b50 (0x5d840c93) addi    s9, s0, 1496
core   0: 3 0x80001b50 (0x5d840c93) x25 0x000005d0
core   0: 0x80001b54 (0x6b7cfa13) andi    s4, s9, 1719
core   0: 3 0x80001b54 (0x6b7cfa13) x20 0x00000490
core   0: 0x80001b58 (0xfdd87ce3) bgeu    a6, t4, pc - 40
core   0: 3 0x80001b58 (0xfdd87ce3)
core   0: 0x80001b5c (0x407ddbb3) sra     s7, s11, t2
core   0: 3 0x80001b5c (0x407ddbb3) x23 0x00000323
core   0: 0x80001b60 (0x40215033) sra     zero, sp, sp
core   0: 3 0x80001b60 (0x40215033)
core   0: 0x80001b64 (0x01c85c93) srli    s9, a6, 28
core   0: 3 0x80001b64 (0x01c85c93) x25 0x00000000
core   0: 0x80001b68 (0x40048b33) sub     s6, s1, zero
core   0: 3 0x80001b68 (0x40048b33) x22 0x41838a20
core   0: 0x80001b6c (0x005f8733) add     a4, t6, t0
core   0: 3 0x80001b6c (0x005f8733) x14 0x0000000b
core   0: 0x80001b70 (0xf9e45ae3) bge     s0, t5, pc - 108
core   0: 3 0x80001b70 (0xf9e45ae3)
core   0: 0x80001b74 (0x79b2a313) slti    t1, t0, 1947
core   0: 3 0x80001b74 (0x79b2a313) x 6 0x00000001
core   0: 0x80001b78 (0xffb00193) li      gp, -5
core   0: 3 0x80001b78 (0xffb00193) x 3 0xfffffffb
core   0: 0x80001b7c (0x40315313) srai    t1, sp, 3
core   0: 3 0x80001b7c (0x40315313) x 6 0xf000519c
core   0: 0x80001b80 (0x00d00813) li      a6, 13
core   0: 3 0x80001b80 (0x00d00813) x16 0x0000000d
core   0: 0x80001b84 (0xbdc2eb13) ori     s6, t0, -1060
core   0: 3 0x80001b84 (0xbdc2eb13) x22 0xfffffbde
core   0: 0x80001b88 (0x013f3e33) sltu    t3, t5, s3
core   0: 3 0x80001b88 (0x013f3e33) x28 0x00000001
core   0: 0x80001b8c (0x00889433) sll     s0, a7, s0
core   0: 3 0x80001b8c (0x00889433) x 8 0x0f000000
core   0: 0x80001b90 (0x00a18193) addi    gp, gp, 10
core   0: 3 0x80001b90 (0x00a18193) x 3 0x00000005
core   0: 0x80001b94 (0x00000713) li      a4, 0
core   0: 3 0x80001b94 (0x00000713) x14 0x00000000
core   0: 0x80001b98 (0x01200793) li      a5, 18
core   0: 3 0x80001b98 (0x01200793) x15 0x00000012
core   0: 0x80001b9c (0x65699eb7) lui     t4, 0x65699
core   0: 3 0x80001b9c (0x65699eb7) x29 0x65699000
core   0: 0x80001ba0 (0x01ba6e33) or      t3, s4, s11
core   0: 3 0x80001ba0 (0x01ba6e33) x28 0x000007b3
core   0: 0x80001ba4 (0x4187dbb3) sra     s7, a5, s8
core   0: 3 0x80001ba4 (0x4187dbb3) x23 0x00000012
core   0: 0x80001ba8 (0x01825c33) srl     s8, tp, s8
core   0: 3 0x80001ba8 (0x01825c33) x24 0xfffffe16
core   0: 0x80001bac (0x00370713) addi    a4, a4, 3
core   0: 3 0x80001bac (0x00370713) x14 0x00000003
core   0: 0x80001bb0 (0x2659c893) xori    a7, s3, 613
core   0: 3 0x80001bb0 (0x2659c893) x17 0x000004ac
core   0: 0x80001bb4 (0xfef716e3) bne     a4, a5, pc - 20
core   0: 3 0x80001bb4 (0xfef716e3)
core   0: 0x80001ba0 (0x01ba6e33) or      t3, s4, s11
core   0: 3 0x80001ba0 (0x01ba6e33) x28 0x000007b3
core   0: 0x80001ba4 (0x4187dbb3) sra     s7, a5, s8
core   0: 3 0x80001ba4 (0x4187dbb3) x23 0x00000000
core   0: 0x80001ba8 (0x01825c33) srl     s8, tp, s8
core   0: 3 0x80001ba8 (0x01825c33) x24 0x000003ff
core   0: 0x80001bac (0x00370713) addi    a4, a4, 3
core   0: 3 0x80001bac (0x00370713) x14 0x00000006
core   0: 0x80001bb0 (0x2659c893) xori    a7, s3, 613
core   0: 3 0x80001bb0 (0x2659c893) x17 0x000004ac
core   0: 0x80001bb4 (0xfef716e3) bne     a4, a5, pc - 20
core   0: 3 0x80001bb4 (0xfef716e3)
core   0: 0x80001ba0 (0x01ba6e33) or      t3, s4, s11
core   0: 3 0x80001ba0 (0x01ba6e33) x28 0x000007b3
core   0: 0x80001ba4 (0x4187dbb3) sra     s7, a5, s8
core   0: 3 0x80001ba4 (0x4187dbb3) x23 0x00000000
core   0: 0x80001ba8 (0x01825c33) srl     s8, tp, s8
core   0: 3 0x80001ba8 (0x01825c33) x24 0x00000001
core   0: 0x80001bac (0x00370713) addi    a4, a4, 3
core   0: 3 0x80001bac (0x00370713) x14 0x00000009
core   0: 0x80001bb0 (0x2659c893) xori    a7, s3, 613
core   0: 3 0x80001bb0 (0x2659c893) x17 0x000004ac
core   0: 0x80001bb4 (0xfef716e3) bne     a4, a5, pc - 20
core   0: 3 0x80001bb4 (0xfef716e3)
core   0: 0x80001ba0 (0x01ba6e33) or      t3, s4, s11
core   0: 3 0x80001ba0 (0x01ba6e33) x28 0x000007b3
core   0: 0x80001ba4 (0x4187dbb3) sra     s7, a5, s8
core   0: 3 0x80001ba4 (0x4187dbb3) x23 0x00000009
core   0: 0x80001ba8 (0x01825c33) srl     s8, tp, s8
core   0: 3 0x80001ba8 (0x01825c33) x24 0x7fffff0b
core   0: 0x80001bac (0x00370713) addi    a4, a4, 3
core   0: 3 0x80001bac (0x00370713) x14 0x0000000c
core   0: 0x80001bb0 (0x2659c893) xori    a7, s3, 613
core   0: 3 0x80001bb0 (0x2659c893) x17 0x000004ac
core   0: 0x80001bb4 (0xfef716e3) bne     a4, a5, pc - 20
core   0: 3 0x80001bb4 (0xfef716e3)
core   0: 0x80001ba0 (0x01ba6e33) or      t3, s4, s11
core   0: 3 0x80001ba0 (0x01ba6e33) x28 0x000007b3
core   0: 0x80001ba4 (0x4187dbb3) sra     s7, a5, s8
core   0: 3 0x80001ba4 (0x4187dbb3) x23 0x00000000
core   0: 0x80001ba8 (0x01825c33) srl     s8, tp, s8
core   0: 3 0x80001ba8 (0x01825c33) x24 0x001fffff
core   0: 0x80001bac (0x00370713) addi    a4, a4, 3
core   0: 3 0x80001bac (0x00370713) x14 0x0000000f
core   0: 0x80001bb0 (0x2659c893) xori    a7, s3, 613
core   0: 3 0x80001bb0 (0x2659c893) x17 0x000004ac
core   0: 0x80001bb4 (0xfef716e3) bne     a4, a5, pc - 20
core   0: 3 0x80001bb4 (0xfef716e3)
core   0: 0x80001ba0 (0x01ba6e33) or      t3, s4, s11
core   0: 3 0x80001ba0 (0x01ba6e33) x28 0x000007b3
core   0: 0x80001ba4 (0x4187dbb3) sra     s7, a5, s8
core   0: 3 0x80001ba4 (0x4187dbb3) x23 0x00000000
core   0: 0x80001ba8 (0x01825c33) srl     s8, tp, s8
core   0: 3 0x80001ba8 (0x01825c33) x24 0x00000001
core   0: 0x80001bac (0x00370713) addi    a4, a4, 3
core   0: 3 0x80001bac (0x00370713) x14 0x00000012
core   0: 0x80001bb0 (0x2659c893) xori    a7, s3, 613
core   0: 3 0x80001bb0 (0x2659c893) x17 0x000004ac
core   0: 0x80001bb4 (0xfef716e3) bne     a4, a5, pc - 20
core   0: 3 0x80001bb4 (0xfef716e3)
core   0: 0x80001bb8 (0xfd01c6e3) blt     gp, a6, pc - 52
core   0: 3 0x80001bb8 (0xfd01c6e3)
core   0: 0x80001b84 (0xbdc2eb13) ori     s6, t0, -1060
core   0: 3 0x80001b84 (0xbdc2eb13) x22 0xfffffbde
core   0: 0x80001b88 (0x013f3e33) sltu    t3, t5, s3
core   0: 3 0x80001b88 (0x013f3e33) x28 0x00000001
core   0: 0x80001b8c (0x00889433) sll     s0, a7, s0
core   0: 3 0x80001b8c (0x00889433) x 8 0x000004ac
core   0: 0x80001b90 (0x00a18193) addi    gp, gp, 10
core   0: 3 0x80001b90 (0x00a18193) x 3 0x0000000f
core   0: 0x80001b94 (0x00000713) li      a4, 0
core   0: 3 0x80001b94 (0x00000713) x14 0x00000000
core   0: 0x80001b98 (0x01200793) li      a5, 18
core   0: 3 0x80001b98 (0x01200793) x15 0x00000012
core   0: 0x80001b9c (0x65699eb7) lui     t4, 0x65699
core   0: 3 0x80001b9c (0x65699eb7) x29 0x65699000
core   0: 0x80001ba0 (0x01ba6e33) or      t3, s4, s11
core   0: 3 0x80001ba0 (0x01ba6e33) x28 0x000007b3
core   0: 0x80001ba4 (0x4187dbb3) sra     s7, a5, s8
core   0: 3 0x80001ba4 (0x4187dbb3) x23 0x00000009
core   0: 0x80001ba8 (0x01825c33) srl     s8, tp, s8
core   0: 3 0x80001ba8 (0x01825c33) x24 0x7fffff0b
core   0: 0x80001bac (0x00370713) addi    a4, a4, 3
core   0: 3 0x80001bac (0x00370713) x14 0x00000003
core   0: 0x80001bb0 (0x2659c893) xori    a7, s3, 613
core   0: 3 0x80001bb0 (0x2659c893) x17 0x000004ac
core   0: 0x80001bb4 (0xfef716e3) bne     a4, a5, pc - 20
core   0: 3 0x80001bb4 (0xfef716e3)
core   0: 0x80001ba0 (0x01ba6e33) or      t3, s4, s11
core   0: 3 0x80001ba0 (0x01ba6e33) x28 0x000007b3
core   0: 0x80001ba4 (0x4187dbb3) sra     s7, a5, s8
core   0: 3 0x80001ba4 (0x4187dbb3) x23 0x00000000
core   0: 0x80001ba8 (0x01825c33) srl     s8, tp, s8
core   0: 3 0x80001ba8 (0x01825c33) x24 0x001fffff
core   0: 0x80001bac (0x00370713) addi    a4, a4, 3
core   0: 3 0x80001bac (0x00370713) x14 0x00000006
core   0: 0x80001bb0 (0x2659c893) xori    a7, s3, 613
core   0: 3 0x80001bb0 (0x2659c893) x17 0x000004ac
core   0: 0x80001bb4 (0xfef716e3) bne     a4, a5, pc - 20
core   0: 3 0x80001bb4 (0xfef716e3)
core   0: 0x80001ba0 (0x01ba6e33) or      t3, s4, s11
core   0: 3 0x80001ba0 (0x01ba6e33) x28 0x000007b3
core   0: 0x80001ba4 (0x4187dbb3) sra     s7, a5, s8
core   0: 3 0x80001ba4 (0x4187dbb3) x23 0x00000000
core   0: 0x80001ba8 (0x01825c33) srl     s8, tp, s8
core   0: 3 0x80001ba8 (0x01825c33) x24 0x00000001
core   0: 0x80001bac (0x00370713) addi    a4, a4, 3
core   0: 3 0x80001bac (0x00370713) x14 0x00000009
core   0: 0x80001bb0 (0x2659c893) xori    a7, s3, 613
core   0: 3 0x80001bb0 (0x2659c893) x17 0x000004ac
core   0: 0x80001bb4 (0xfef716e3) bne     a4, a5, pc - 20
core   0: 3 0x80001bb4 (0xfef716e3)
core   0: 0x80001ba0 (0x01ba6e33) or      t3, s4, s11
core   0: 3 0x80001ba0 (0x01ba6e33) x28 0x000007b3
core   0: 0x80001ba4 (0x4187dbb3) sra     s7, a5, s8
core   0: 3 0x80001ba4 (0x4187dbb3) x23 0x00000009
core   0: 0x80001ba8 (0x01825c33) srl     s8, tp, s8
core   0: 3 0x80001ba8 (0x01825c33) x24 0x7fffff0b
core   0: 0x80001bac (0x00370713) addi    a4, a4, 3
core   0: 3 0x80001bac (0x00370713) x14 0x0000000c
core   0: 0x80001bb0 (0x2659c893) xori    a7, s3, 613
core   0: 3 0x80001bb0 (0x2659c893) x17 0x000004ac
core   0: 0x80001bb4 (0xfef716e3) bne     a4, a5, pc - 20
core   0: 3 0x80001bb4 (0xfef716e3)
core   0: 0x80001ba0 (0x01ba6e33) or      t3, s4, s11
core   0: 3 0x80001ba0 (0x01ba6e33) x28 0x000007b3
core   0: 0x80001ba4 (0x4187dbb3) sra     s7, a5, s8
core   0: 3 0x80001ba4 (0x4187dbb3) x23 0x00000000
core   0: 0x80001ba8 (0x01825c33) srl     s8, tp, s8
core   0: 3 0x80001ba8 (0x01825c33) x24 0x001fffff
core   0: 0x80001bac (0x00370713) addi    a4, a4, 3
core   0: 3 0x80001bac (0x00370713) x14 0x0000000f
core   0: 0x80001bb0 (0x2659c893) xori    a7, s3, 613
core   0: 3 0x80001bb0 (0x2659c893) x17 0x000004ac
core   0: 0x80001bb4 (0xfef716e3) bne     a4, a5, pc - 20
core   0: 3 0x80001bb4 (0xfef716e3)
core   0: 0x80001ba0 (0x01ba6e33) or      t3, s4, s11
core   0: 3 0x80001ba0 (0x01ba6e33) x28 0x000007b3
core   0: 0x80001ba4 (0x4187dbb3) sra     s7, a5, s8
core   0: 3 0x80001ba4 (0x4187dbb3) x23 0x00000000
core   0: 0x80001ba8 (0x01825c33) srl     s8, tp, s8
core   0: 3 0x80001ba8 (0x01825c33) x24 0x00000001
core   0: 0x80001bac (0x00370713) addi    a4, a4, 3
core   0: 3 0x80001bac (0x00370713) x14 0x00000012
core   0: 0x80001bb0 (0x2659c893) xori    a7, s3, 613
core   0: 3 0x80001bb0 (0x2659c893) x17 0x000004ac
core   0: 0x80001bb4 (0xfef716e3) bne     a4, a5, pc - 20
core   0: 3 0x80001bb4 (0xfef716e3)
core   0: 0x80001bb8 (0xfd01c6e3) blt     gp, a6, pc - 52
core   0: 3 0x80001bb8 (0xfd01c6e3)
core   0: 0x80001bbc (0x00a50fb3) add     t6, a0, a0
core   0: 3 0x80001bbc (0x00a50fb3) x31 0x000000fe
core   0: 0x80001bc0 (0x00700493) li      s1, 7
core   0: 3 0x80001bc0 (0x00700493) x 9 0x00000007
core   0: 0x80001bc4 (0x01100993) li      s3, 17
core   0: 3 0x80001bc4 (0x01100993) x19 0x00000011
core   0: 0x80001bc8 (0xbd182a93) slti    s5, a6, -1071
core   0: 3 0x80001bc8 (0xbd182a93) x21 0x00000000
core   0: 0x80001bcc (0x00648493) addi    s1, s1, 6
core   0: 3 0x80001bcc (0x00648493) x 9 0x0000000d
core   0: 0x80001bd0 (0x00385693) srli    a3, a6, 3
core   0: 3 0x80001bd0 (0x00385693) x13 0x00000001
core   0: 0x80001bd4 (0xffe00213) li      tp, -2
core   0: 3 0x80001bd4 (0xffe00213) x 4 0xfffffffe
core   0: 0x80001bd8 (0x00000793) li      a5, 0
core   0: 3 0x80001bd8 (0x00000793) x15 0x00000000
core   0: 0x80001bdc (0xebb4b417) auipc   s0, 0xebb4b
core   0: 3 0x80001bdc (0xebb4b417) x 8 0x6bb4cbdc
core   0: 0x80001be0 (0x67f5e693) ori     a3, a1, 1663
core   0: 3 0x80001be0 (0x67f5e693) x13 0x8000067f
core   0: 0x80001be4 (0x006b9b93) slli    s7, s7, 6
core   0: 3 0x80001be4 (0x006b9b93) x23 0x00000000
core   0: 0x80001be8 (0x01a75713) srli    a4, a4, 26
core   0: 3 0x80001be8 (0x01a75713) x14 0x00000000
core   0: 0x80001bec (0x00620213) addi    tp, tp, 6
core   0: 3 0x80001bec (0x00620213) x 4 0x00000004
core   0: 0x80001bf0 (0xfef248e3) blt     tp, a5, pc - 16
core   0: 3 0x80001bf0 (0xfef248e3)
core   0: 0x80001bf4 (0x7798b013) sltiu   zero, a7, 1913
core   0: 3 0x80001bf4 (0x7798b013)
core   0: 0x80001bf8 (0x00f6b8b3) sltu    a7, a3, a5
core   0: 3 0x80001bf8 (0x00f6b8b3) x17 0x00000000
core   0: 0x80001bfc (0x015bf6b3) and     a3, s7, s5
core   0: 3 0x80001bfc (0x015bf6b3) x13 0x00000000
core   0: 0x80001c00 (0x0132d2b3) srl     t0, t0, s3
core   0: 3 0x80001c00 (0x0132d2b3) x 5 0x00000000
core   0: 0x80001c04 (0x001b9d93) slli    s11, s7, 1
core   0: 3 0x80001c04 (0x001b9d93) x27 0x00000000
core   0: 0x80001c08 (0xe1922513) slti    a0, tp, -487
core   0: 3 0x80001c08 (0xe1922513) x10 0x00000000
core   0: 0x80001c0c (0x01b4c733) xor     a4, s1, s11
core   0: 3 0x80001c0c (0x01b4c733) x14 0x0000000d
core   0: 0x80001c10 (0xe5821897) auipc   a7, 0xe5821
core   0: 3 0x80001c10 (0xe5821897) x17 0x65822c10
core   0: 0x80001c14 (0xfb34cae3) blt     s1, s3, pc - 76
core   0: 3 0x80001c14 (0xfb34cae3)
core   0: 0x80001bc8 (0xbd182a93) slti    s5, a6, -1071
core   0: 3 0x80001bc8 (0xbd182a93) x21 0x00000000
core   0: 0x80001bcc (0x00648493) addi    s1, s1, 6
core   0: 3 0x80001bcc (0x00648493) x 9 0x00000013
core   0: 0x80001bd0 (0x00385693) srli    a3, a6, 3
core   0: 3 0x80001bd0 (0x00385693) x13 0x00000001
core   0: 0x80001bd4 (0xffe00213) li      tp, -2
core   0: 3 0x80001bd4 (0xffe00213) x 4 0xfffffffe
core   0: 0x80001bd8 (0x00000793) li      a5, 0
core   0: 3 0x80001bd8 (0x00000793) x15 0x00000000
core   0: 0x80001bdc (0xebb4b417) auipc   s0, 0xebb4b
core   0: 3 0x80001bdc (0xebb4b417) x 8 0x6bb4cbdc
core   0: 0x80001be0 (0x67f5e693) ori     a3, a1, 1663
core   0: 3 0x80001be0 (0x67f5e693) x13 0x8000067f
core   0: 0x80001be4 (0x006b9b93) slli    s7, s7, 6
core   0: 3 0x80001be4 (0x006b9b93) x23 0x00000000
core   0: 0x80001be8 (0x01a75713) srli    a4, a4, 26
core   0: 3 0x80001be8 (0x01a75713) x14 0x00000000
core   0: 0x80001bec (0x00620213) addi    tp, tp, 6
core   0: 3 0x80001bec (0x00620213) x 4 0x00000004
core   0: 0x80001bf0 (0xfef248e3) blt     tp, a5, pc - 16
core   0: 3 0x80001bf0 (0xfef248e3)
core   0: 0x80001bf4 (0x7798b013) sltiu   zero, a7, 1913
core   0: 3 0x80001bf4 (0x7798b013)
core   0: 0x80001bf8 (0x00f6b8b3) sltu    a7, a3, a5
core   0: 3 0x80001bf8 (0x00f6b8b3) x17 0x00000000
core   0: 0x80001bfc (0x015bf6b3) and     a3, s7, s5
core   0: 3 0x80001bfc (0x015bf6b3) x13 0x00000000
core   0: 0x80001c00 (0x0132d2b3) srl     t0, t0, s3
core   0: 3 0x80001c00 (0x0132d2b3) x 5 0x00000000
core   0: 0x80001c04 (0x001b9d93) slli    s11, s7, 1
core   0: 3 0x80001c04 (0x001b9d93) x27 0x00000000
core   0: 0x80001c08 (0xe1922513) slti    a0, tp, -487
core   0: 3 0x80001c08 (0xe1922513) x10 0x00000000
core   0: 0x80001c0c (0x01b4c733) xor     a4, s1, s11
core   0: 3 0x80001c0c (0x01b4c733) x14 0x00000013
core   0: 0x80001c10 (0xe5821897) auipc   a7, 0xe5821
core   0: 3 0x80001c10 (0xe5821897) x17 0x65822c10
core   0: 0x80001c14 (0xfb34cae3) blt     s1, s3, pc - 76
core   0: 3 0x80001c14 (0xfb34cae3)
core   0: 0x80001c18 (0x00000013) nop
core   0: 3 0x80001c18 (0x00000013)
core   0: 0x80001c1c (0x00600813) li      a6, 6
core   0: 3 0x80001c1c (0x00600813) x16 0x00000006
core   0: 0x80001c20 (0x7e18ad93) slti    s11, a7, 2017
core   0: 3 0x80001c20 (0x7e18ad93) x27 0x00000000
core   0: 0x80001c24 (0x0000100f) fence.i
core   0: 3 0x80001c24 (0x0000100f)
core   0: 0x80001c28 (0x14e99e17) auipc   t3, 0x14e99
core   0: 3 0x80001c28 (0x14e99e17) x28 0x94e9ac28
core   0: 0x80001c2c (0x40bad093) srai    ra, s5, 11
core   0: 3 0x80001c2c (0x40bad093) x 1 0x00000000
core   0: 0x80001c30 (0x56042713) slti    a4, s0, 1376
core   0: 3 0x80001c30 (0x56042713) x14 0x00000000
core   0: 0x80001c34 (0x007fa2b3) slt     t0, t6, t2
core   0: 3 0x80001c34 (0x007fa2b3) x 5 0x00000001
core   0: 0x80001c38 (0x012576b3) and     a3, a0, s2
core   0: 3 0x80001c38 (0x012576b3) x13 0x00000000
core   0: 0x80001c3c (0x01b75293) srli    t0, a4, 27
core   0: 3 0x80001c3c (0x01b75293) x 5 0x00000000
core   0: 0x80001c40 (0x3edb8193) addi    gp, s7, 1005
core   0: 3 0x80001c40 (0x3edb8193) x 3 0x000003ed
core   0: 0x80001c44 (0x00300b13) li      s6, 3
core   0: 3 0x80001c44 (0x00300b13) x22 0x00000003
core   0: 0x80001c48 (0x01e82e33) slt     t3, a6, t5
core   0: 3 0x80001c48 (0x01e82e33) x28 0x00000000
core   0: 0x80001c4c (0x00000013) nop
core   0: 3 0x80001c4c (0x00000013)
core   0: 0x80001c50 (0xc1eca993) slti    s3, s9, -994
core   0: 3 0x80001c50 (0xc1eca993) x19 0x00000000
core   0: 0x80001c54 (0x40218eb3) sub     t4, gp, sp
core   0: 3 0x80001c54 (0x40218eb3) x29 0x7ffd7709
core   0: 0x80001c58 (0x00103f33) snez    t5, ra
core   0: 3 0x80001c58 (0x00103f33) x30 0x00000000
core   0: 0x80001c5c (0xfff80813) addi    a6, a6, -1
core   0: 3 0x80001c5c (0xfff80813) x16 0x00000005
core   0: 0x80001c60 (0x4124dd13) srai    s10, s1, 18
core   0: 3 0x80001c60 (0x4124dd13) x26 0x00000000
core   0: 0x80001c64 (0x52e92193) slti    gp, s2, 1326
core   0: 3 0x80001c64 (0x52e92193) x 3 0x00000000
core   0: 0x80001c68 (0x019d1e13) slli    t3, s10, 25
core   0: 3 0x80001c68 (0x019d1e13) x28 0x00000000
core   0: 0x80001c6c (0xc5552793) slti    a5, a0, -939
core   0: 3 0x80001c6c (0xc5552793) x15 0x00000000
core   0: 0x80001c70 (0x0ff0000f) fence   iorw,iorw
core   0: 3 0x80001c70 (0x0ff0000f)
core   0: 0x80001c74 (0x013e90b3) sll     ra, t4, s3
core   0: 3 0x80001c74 (0x013e90b3) x 1 0x7ffd7709
core   0: 0x80001c78 (0x007bc033) xor     zero, s7, t2
core   0: 3 0x80001c78 (0x007bc033)
core   0: 0x80001c7c (0x280480b7) lui     ra, 0x28048
core   0: 3 0x80001c7c (0x280480b7) x 1 0x28048000
core   0: 0x80001c80 (0x04738693) addi    a3, t2, 71
core   0: 3 0x80001c80 (0x04738693) x13 0x3d4c3047
core   0: 0x80001c84 (0xc708ea13) ori     s4, a7, -912
core   0: 3 0x80001c84 (0xc708ea13) x20 0xfffffc70
core   0: 0x80001c88 (0xfd6874e3) bgeu    a6, s6, pc - 56
core   0: 3 0x80001c88 (0xfd6874e3)
core   0: 0x80001c50 (0xc1eca993) slti    s3, s9, -994
core   0: 3 0x80001c50 (0xc1eca993) x19 0x00000000
core   0: 0x80001c54 (0x40218eb3) sub     t4, gp, sp
core   0: 3 0x80001c54 (0x40218eb3) x29 0x7ffd731c
core   0: 0x80001c58 (0x00103f33) snez    t5, ra
core   0: 3 0x80001c58 (0x00103f33) x30 0x00000001
core   0: 0x80001c5c (0xfff80813) addi    a6, a6, -1
core   0: 3 0x80001c5c (0xfff80813) x16 0x00000004
core   0: 0x80001c60 (0x4124dd13) srai    s10, s1, 18
core   0: 3 0x80001c60 (0x4124dd13) x26 0x00000000
core   0: 0x80001c64 (0x52e92193) slti    gp, s2, 1326
core   0: 3 0x80001c64 (0x52e92193) x 3 0x00000000
core   0: 0x80001c68 (0x019d1e13) slli    t3, s10, 25
core   0: 3 0x80001c68 (0x019d1e13) x28 0x00000000
core   0: 0x80001c6c (0xc5552793) slti    a5, a0, -939
core   0: 3 0x80001c6c (0xc5552793) x15 0x00000000
core   0: 0x80001c70 (0x0ff0000f) fence   iorw,iorw
core   0: 3 0x80001c70 (0x0ff0000f)
core   0: 0x80001c74 (0x013e90b3) sll     ra, t4, s3
core   0: 3 0x80001c74 (0x013e90b3) x 1 0x7ffd731c
core   0: 0x80001c78 (0x007bc033) xor     zero, s7, t2
core   0: 3 0x80001c78 (0x007bc033)
core   0: 0x80001c7c (0x280480b7) lui     ra, 0x28048
core   0: 3 0x80001c7c (0x280480b7) x 1 0x28048000
core   0: 0x80001c80 (0x04738693) addi    a3, t2, 71
core   0: 3 0x80001c80 (0x04738693) x13 0x3d4c3047
core   0: 0x80001c84 (0xc708ea13) ori     s4, a7, -912
core   0: 3 0x80001c84 (0xc708ea13) x20 0xfffffc70
core   0: 0x80001c88 (0xfd6874e3) bgeu    a6, s6, pc - 56
core   0: 3 0x80001c88 (0xfd6874e3)
core   0: 0x80001c50 (0xc1eca993) slti    s3, s9, -994
core   0: 3 0x80001c50 (0xc1eca993) x19 0x00000000
core   0: 0x80001c54 (0x40218eb3) sub     t4, gp, sp
core   0: 3 0x80001c54 (0x40218eb3) x29 0x7ffd731c
core   0: 0x80001c58 (0x00103f33) snez    t5, ra
core   0: 3 0x80001c58 (0x00103f33) x30 0x00000001
core   0: 0x80001c5c (0xfff80813) addi    a6, a6, -1
core   0: 3 0x80001c5c (0xfff80813) x16 0x00000003
core   0: 0x80001c60 (0x4124dd13) srai    s10, s1, 18
core   0: 3 0x80001c60 (0x4124dd13) x26 0x00000000
core   0: 0x80001c64 (0x52e92193) slti    gp, s2, 1326
core   0: 3 0x80001c64 (0x52e92193) x 3 0x00000000
core   0: 0x80001c68 (0x019d1e13) slli    t3, s10, 25
core   0: 3 0x80001c68 (0x019d1e13) x28 0x00000000
core   0: 0x80001c6c (0xc5552793) slti    a5, a0, -939
core   0: 3 0x80001c6c (0xc5552793) x15 0x00000000
core   0: 0x80001c70 (0x0ff0000f) fence   iorw,iorw
core   0: 3 0x80001c70 (0x0ff0000f)
core   0: 0x80001c74 (0x013e90b3) sll     ra, t4, s3
core   0: 3 0x80001c74 (0x013e90b3) x 1 0x7ffd731c
core   0: 0x80001c78 (0x007bc033) xor     zero, s7, t2
core   0: 3 0x80001c78 (0x007bc033)
core   0: 0x80001c7c (0x280480b7) lui     ra, 0x28048
core   0: 3 0x80001c7c (0x280480b7) x 1 0x28048000
core   0: 0x80001c80 (0x04738693) addi    a3, t2, 71
core   0: 3 0x80001c80 (0x04738693) x13 0x3d4c3047
core   0: 0x80001c84 (0xc708ea13) ori     s4, a7, -912
core   0: 3 0x80001c84 (0xc708ea13) x20 0xfffffc70
core   0: 0x80001c88 (0xfd6874e3) bgeu    a6, s6, pc - 56
core   0: 3 0x80001c88 (0xfd6874e3)
core   0: 0x80001c50 (0xc1eca993) slti    s3, s9, -994
core   0: 3 0x80001c50 (0xc1eca993) x19 0x00000000
core   0: 0x80001c54 (0x40218eb3) sub     t4, gp, sp
core   0: 3 0x80001c54 (0x40218eb3) x29 0x7ffd731c
core   0: 0x80001c58 (0x00103f33) snez    t5, ra
core   0: 3 0x80001c58 (0x00103f33) x30 0x00000001
core   0: 0x80001c5c (0xfff80813) addi    a6, a6, -1
core   0: 3 0x80001c5c (0xfff80813) x16 0x00000002
core   0: 0x80001c60 (0x4124dd13) srai    s10, s1, 18
core   0: 3 0x80001c60 (0x4124dd13) x26 0x00000000
core   0: 0x80001c64 (0x52e92193) slti    gp, s2, 1326
core   0: 3 0x80001c64 (0x52e92193) x 3 0x00000000
core   0: 0x80001c68 (0x019d1e13) slli    t3, s10, 25
core   0: 3 0x80001c68 (0x019d1e13) x28 0x00000000
core   0: 0x80001c6c (0xc5552793) slti    a5, a0, -939
core   0: 3 0x80001c6c (0xc5552793) x15 0x00000000
core   0: 0x80001c70 (0x0ff0000f) fence   iorw,iorw
core   0: 3 0x80001c70 (0x0ff0000f)
core   0: 0x80001c74 (0x013e90b3) sll     ra, t4, s3
core   0: 3 0x80001c74 (0x013e90b3) x 1 0x7ffd731c
core   0: 0x80001c78 (0x007bc033) xor     zero, s7, t2
core   0: 3 0x80001c78 (0x007bc033)
core   0: 0x80001c7c (0x280480b7) lui     ra, 0x28048
core   0: 3 0x80001c7c (0x280480b7) x 1 0x28048000
core   0: 0x80001c80 (0x04738693) addi    a3, t2, 71
core   0: 3 0x80001c80 (0x04738693) x13 0x3d4c3047
core   0: 0x80001c84 (0xc708ea13) ori     s4, a7, -912
core   0: 3 0x80001c84 (0xc708ea13) x20 0xfffffc70
core   0: 0x80001c88 (0xfd6874e3) bgeu    a6, s6, pc - 56
core   0: 3 0x80001c88 (0xfd6874e3)
core   0: 0x80001c8c (0x1397fe93) andi    t4, a5, 313
core   0: 3 0x80001c8c (0x1397fe93) x29 0x00000000
core   0: 0x80001c90 (0x00900f13) li      t5, 9
core   0: 3 0x80001c90 (0x00900f13) x30 0x00000009
core   0: 0x80001c94 (0x8f76f713) andi    a4, a3, -1801
core   0: 3 0x80001c94 (0x8f76f713) x14 0x3d4c3047
core   0: 0x80001c98 (0x00fe5933) srl     s2, t3, a5
core   0: 3 0x80001c98 (0x00fe5933) x18 0x00000000
core   0: 0x80001c9c (0x0000100f) fence.i
core   0: 3 0x80001c9c (0x0000100f)
core   0: 0x80001ca0 (0x006c2533) slt     a0, s8, t1
core   0: 3 0x80001ca0 (0x006c2533) x10 0x00000000
core   0: 0x80001ca4 (0x0000100f) fence.i
core   0: 3 0x80001ca4 (0x0000100f)
core   0: 0x80001ca8 (0x01100f93) li      t6, 17
core   0: 3 0x80001ca8 (0x01100f93) x31 0x00000011
core   0: 0x80001cac (0xfa342193) slti    gp, s0, -93
core   0: 3 0x80001cac (0xfa342193) x 3 0x00000000
core   0: 0x80001cb0 (0x41dd8733) sub     a4, s11, t4
core   0: 3 0x80001cb0 (0x41dd8733) x14 0x00000000
core   0: 0x80001cb4 (0xe1c7fc37) lui     s8, 0xe1c7f
core   0: 3 0x80001cb4 (0xe1c7fc37) x24 0xe1c7f000
core   0: 0x80001cb8 (0x001f0f13) addi    t5, t5, 1
core   0: 3 0x80001cb8 (0x001f0f13) x30 0x0000000a
core   0: 0x80001cbc (0xb9c6e413) ori     s0, a3, -1124
core   0: 3 0x80001cbc (0xb9c6e413) x 8 0xfffffbdf
core   0: 0x80001cc0 (0x01e9e233) or      tp, s3, t5
core   0: 3 0x80001cc0 (0x01e9e233) x 4 0x0000000a
core   0: 0x80001cc4 (0x8b4b3093) sltiu   ra, s6, -1868
core   0: 3 0x80001cc4 (0x8b4b3093) x 1 0x00000001
core   0: 0x80001cc8 (0x0000100f) fence.i
core   0: 3 0x80001cc8 (0x0000100f)
core   0: 0x80001ccc (0x0ff0000f) fence   iorw,iorw
core   0: 3 0x80001ccc (0x0ff0000f)
core   0: 0x80001cd0 (0x0125e833) or      a6, a1, s2
core   0: 3 0x80001cd0 (0x0125e833) x16 0x80000000
core   0: 0x80001cd4 (0x006e68b3) or      a7, t3, t1
core   0: 3 0x80001cd4 (0x006e68b3) x17 0xf000519c
core   0: 0x80001cd8 (0x00000013) nop
core   0: 3 0x80001cd8 (0x00000013)
core   0: 0x80001cdc (0x51172d13) slti    s10, a4, 1297
core   0: 3 0x80001cdc (0x51172d13) x26 0x00000001
core   0: 0x80001ce0 (0x00000013) nop
core   0: 3 0x80001ce0 (0x00000013)
core   0: 0x80001ce4 (0x0118b7b3) sltu    a5, a7, a7
core   0: 3 0x80001ce4 (0x0118b7b3) x15 0x00000000
core   0: 0x80001ce8 (0x40fbd293) srai    t0, s7, 15
core   0: 3 0x80001ce8 (0x40fbd293) x 5 0x00000000
core   0: 0x80001cec (0xfdff12e3) bne     t5, t6, pc - 60
core   0: 3 0x80001cec (0xfdff12e3)
core   0: 0x80001cb0 (0x41dd8733) sub     a4, s11, t4
core   0: 3 0x80001cb0 (0x41dd8733) x14 0x00000000
core   0: 0x80001cb4 (0xe1c7fc37) lui     s8, 0xe1c7f
core   0: 3 0x80001cb4 (0xe1c7fc37) x24 0xe1c7f000
core   0: 0x80001cb8 (0x001f0f13) addi    t5, t5, 1
core   0: 3 0x80001cb8 (0x001f0f13) x30 0x0000000b
core   0: 0x80001cbc (0xb9c6e413) ori     s0, a3, -1124
core   0: 3 0x80001cbc (0xb9c6e413) x 8 0xfffffbdf
core   0: 0x80001cc0 (0x01e9e233) or      tp, s3, t5
core   0: 3 0x80001cc0 (0x01e9e233) x 4 0x0000000b
core   0: 0x80001cc4 (0x8b4b3093) sltiu   ra, s6, -1868
core   0: 3 0x80001cc4 (0x8b4b3093) x 1 0x00000001
core   0: 0x80001cc8 (0x0000100f) fence.i
core   0: 3 0x80001cc8 (0x0000100f)
core   0: 0x80001ccc (0x0ff0000f) fence   iorw,iorw
core   0: 3 0x80001ccc (0x0ff0000f)
core   0: 0x80001cd0 (0x0125e833) or      a6, a1, s2
core   0: 3 0x80001cd0 (0x0125e833) x16 0x80000000
core   0: 0x80001cd4 (0x006e68b3) or      a7, t3, t1
core   0: 3 0x80001cd4 (0x006e68b3) x17 0xf000519c
core   0: 0x80001cd8 (0x00000013) nop
core   0: 3 0x80001cd8 (0x00000013)
core   0: 0x80001cdc (0x51172d13) slti    s10, a4, 1297
core   0: 3 0x80001cdc (0x51172d13) x26 0x00000001
core   0: 0x80001ce0 (0x00000013) nop
core   0: 3 0x80001ce0 (0x00000013)
core   0: 0x80001ce4 (0x0118b7b3) sltu    a5, a7, a7
core   0: 3 0x80001ce4 (0x0118b7b3) x15 0x00000000
core   0: 0x80001ce8 (0x40fbd293) srai    t0, s7, 15
core   0: 3 0x80001ce8 (0x40fbd293) x 5 0x00000000
core   0: 0x80001cec (0xfdff12e3) bne     t5, t6, pc - 60
core   0: 3 0x80001cec (0xfdff12e3)
core   0: 0x80001cb0 (0x41dd8733) sub     a4, s11, t4
core   0: 3 0x80001cb0 (0x41dd8733) x14 0x00000000
core   0: 0x80001cb4 (0xe1c7fc37) lui     s8, 0xe1c7f
core   0: 3 0x80001cb4 (0xe1c7fc37) x24 0xe1c7f000
core   0: 0x80001cb8 (0x001f0f13) addi    t5, t5, 1
core   0: 3 0x80001cb8 (0x001f0f13) x30 0x0000000c
core   0: 0x80001cbc (0xb9c6e413) ori     s0, a3, -1124
core   0: 3 0x80001cbc (0xb9c6e413) x 8 0xfffffbdf
core   0: 0x80001cc0 (0x01e9e233) or      tp, s3, t5
core   0: 3 0x80001cc0 (0x01e9e233) x 4 0x0000000c
core   0: 0x80001cc4 (0x8b4b3093) sltiu   ra, s6, -1868
core   0: 3 0x80001cc4 (0x8b4b3093) x 1 0x00000001
core   0: 0x80001cc8 (0x0000100f) fence.i
core   0: 3 0x80001cc8 (0x0000100f)
core   0: 0x80001ccc (0x0ff0000f) fence   iorw,iorw
core   0: 3 0x80001ccc (0x0ff0000f)
core   0: 0x80001cd0 (0x0125e833) or      a6, a1, s2
core   0: 3 0x80001cd0 (0x0125e833) x16 0x80000000
core   0: 0x80001cd4 (0x006e68b3) or      a7, t3, t1
core   0: 3 0x80001cd4 (0x006e68b3) x17 0xf000519c
core   0: 0x80001cd8 (0x00000013) nop
core   0: 3 0x80001cd8 (0x00000013)
core   0: 0x80001cdc (0x51172d13) slti    s10, a4, 1297
core   0: 3 0x80001cdc (0x51172d13) x26 0x00000001
core   0: 0x80001ce0 (0x00000013) nop
core   0: 3 0x80001ce0 (0x00000013)
core   0: 0x80001ce4 (0x0118b7b3) sltu    a5, a7, a7
core   0: 3 0x80001ce4 (0x0118b7b3) x15 0x00000000
core   0: 0x80001ce8 (0x40fbd293) srai    t0, s7, 15
core   0: 3 0x80001ce8 (0x40fbd293) x 5 0x00000000
core   0: 0x80001cec (0xfdff12e3) bne     t5, t6, pc - 60
core   0: 3 0x80001cec (0xfdff12e3)
core   0: 0x80001cb0 (0x41dd8733) sub     a4, s11, t4
core   0: 3 0x80001cb0 (0x41dd8733) x14 0x00000000
core   0: 0x80001cb4 (0xe1c7fc37) lui     s8, 0xe1c7f
core   0: 3 0x80001cb4 (0xe1c7fc37) x24 0xe1c7f000
core   0: 0x80001cb8 (0x001f0f13) addi    t5, t5, 1
core   0: 3 0x80001cb8 (0x001f0f13) x30 0x0000000d
core   0: 0x80001cbc (0xb9c6e413) ori     s0, a3, -1124
core   0: 3 0x80001cbc (0xb9c6e413) x 8 0xfffffbdf
core   0: 0x80001cc0 (0x01e9e233) or      tp, s3, t5
core   0: 3 0x80001cc0 (0x01e9e233) x 4 0x0000000d
core   0: 0x80001cc4 (0x8b4b3093) sltiu   ra, s6, -1868
core   0: 3 0x80001cc4 (0x8b4b3093) x 1 0x00000001
core   0: 0x80001cc8 (0x0000100f) fence.i
core   0: 3 0x80001cc8 (0x0000100f)
core   0: 0x80001ccc (0x0ff0000f) fence   iorw,iorw
core   0: 3 0x80001ccc (0x0ff0000f)
core   0: 0x80001cd0 (0x0125e833) or      a6, a1, s2
core   0: 3 0x80001cd0 (0x0125e833) x16 0x80000000
core   0: 0x80001cd4 (0x006e68b3) or      a7, t3, t1
core   0: 3 0x80001cd4 (0x006e68b3) x17 0xf000519c
core   0: 0x80001cd8 (0x00000013) nop
core   0: 3 0x80001cd8 (0x00000013)
core   0: 0x80001cdc (0x51172d13) slti    s10, a4, 1297
core   0: 3 0x80001cdc (0x51172d13) x26 0x00000001
core   0: 0x80001ce0 (0x00000013) nop
core   0: 3 0x80001ce0 (0x00000013)
core   0: 0x80001ce4 (0x0118b7b3) sltu    a5, a7, a7
core   0: 3 0x80001ce4 (0x0118b7b3) x15 0x00000000
core   0: 0x80001ce8 (0x40fbd293) srai    t0, s7, 15
core   0: 3 0x80001ce8 (0x40fbd293) x 5 0x00000000
core   0: 0x80001cec (0xfdff12e3) bne     t5, t6, pc - 60
core   0: 3 0x80001cec (0xfdff12e3)
core   0: 0x80001cb0 (0x41dd8733) sub     a4, s11, t4
core   0: 3 0x80001cb0 (0x41dd8733) x14 0x00000000
core   0: 0x80001cb4 (0xe1c7fc37) lui     s8, 0xe1c7f
core   0: 3 0x80001cb4 (0xe1c7fc37) x24 0xe1c7f000
core   0: 0x80001cb8 (0x001f0f13) addi    t5, t5, 1
core   0: 3 0x80001cb8 (0x001f0f13) x30 0x0000000e
core   0: 0x80001cbc (0xb9c6e413) ori     s0, a3, -1124
core   0: 3 0x80001cbc (0xb9c6e413) x 8 0xfffffbdf
core   0: 0x80001cc0 (0x01e9e233) or      tp, s3, t5
core   0: 3 0x80001cc0 (0x01e9e233) x 4 0x0000000e
core   0: 0x80001cc4 (0x8b4b3093) sltiu   ra, s6, -1868
core   0: 3 0x80001cc4 (0x8b4b3093) x 1 0x00000001
core   0: 0x80001cc8 (0x0000100f) fence.i
core   0: 3 0x80001cc8 (0x0000100f)
core   0: 0x80001ccc (0x0ff0000f) fence   iorw,iorw
core   0: 3 0x80001ccc (0x0ff0000f)
core   0: 0x80001cd0 (0x0125e833) or      a6, a1, s2
core   0: 3 0x80001cd0 (0x0125e833) x16 0x80000000
core   0: 0x80001cd4 (0x006e68b3) or      a7, t3, t1
core   0: 3 0x80001cd4 (0x006e68b3) x17 0xf000519c
core   0: 0x80001cd8 (0x00000013) nop
core   0: 3 0x80001cd8 (0x00000013)
core   0: 0x80001cdc (0x51172d13) slti    s10, a4, 1297
core   0: 3 0x80001cdc (0x51172d13) x26 0x00000001
core   0: 0x80001ce0 (0x00000013) nop
core   0: 3 0x80001ce0 (0x00000013)
core   0: 0x80001ce4 (0x0118b7b3) sltu    a5, a7, a7
core   0: 3 0x80001ce4 (0x0118b7b3) x15 0x00000000
core   0: 0x80001ce8 (0x40fbd293) srai    t0, s7, 15
core   0: 3 0x80001ce8 (0x40fbd293) x 5 0x00000000
core   0: 0x80001cec (0xfdff12e3) bne     t5, t6, pc - 60
core   0: 3 0x80001cec (0xfdff12e3)
core   0: 0x80001cb0 (0x41dd8733) sub     a4, s11, t4
core   0: 3 0x80001cb0 (0x41dd8733) x14 0x00000000
core   0: 0x80001cb4 (0xe1c7fc37) lui     s8, 0xe1c7f
core   0: 3 0x80001cb4 (0xe1c7fc37) x24 0xe1c7f000
core   0: 0x80001cb8 (0x001f0f13) addi    t5, t5, 1
core   0: 3 0x80001cb8 (0x001f0f13) x30 0x0000000f
core   0: 0x80001cbc (0xb9c6e413) ori     s0, a3, -1124
core   0: 3 0x80001cbc (0xb9c6e413) x 8 0xfffffbdf
core   0: 0x80001cc0 (0x01e9e233) or      tp, s3, t5
core   0: 3 0x80001cc0 (0x01e9e233) x 4 0x0000000f
core   0: 0x80001cc4 (0x8b4b3093) sltiu   ra, s6, -1868
core   0: 3 0x80001cc4 (0x8b4b3093) x 1 0x00000001
core   0: 0x80001cc8 (0x0000100f) fence.i
core   0: 3 0x80001cc8 (0x0000100f)
core   0: 0x80001ccc (0x0ff0000f) fence   iorw,iorw
core   0: 3 0x80001ccc (0x0ff0000f)
core   0: 0x80001cd0 (0x0125e833) or      a6, a1, s2
core   0: 3 0x80001cd0 (0x0125e833) x16 0x80000000
core   0: 0x80001cd4 (0x006e68b3) or      a7, t3, t1
core   0: 3 0x80001cd4 (0x006e68b3) x17 0xf000519c
core   0: 0x80001cd8 (0x00000013) nop
core   0: 3 0x80001cd8 (0x00000013)
core   0: 0x80001cdc (0x51172d13) slti    s10, a4, 1297
core   0: 3 0x80001cdc (0x51172d13) x26 0x00000001
core   0: 0x80001ce0 (0x00000013) nop
core   0: 3 0x80001ce0 (0x00000013)
core   0: 0x80001ce4 (0x0118b7b3) sltu    a5, a7, a7
core   0: 3 0x80001ce4 (0x0118b7b3) x15 0x00000000
core   0: 0x80001ce8 (0x40fbd293) srai    t0, s7, 15
core   0: 3 0x80001ce8 (0x40fbd293) x 5 0x00000000
core   0: 0x80001cec (0xfdff12e3) bne     t5, t6, pc - 60
core   0: 3 0x80001cec (0xfdff12e3)
core   0: 0x80001cb0 (0x41dd8733) sub     a4, s11, t4
core   0: 3 0x80001cb0 (0x41dd8733) x14 0x00000000
core   0: 0x80001cb4 (0xe1c7fc37) lui     s8, 0xe1c7f
core   0: 3 0x80001cb4 (0xe1c7fc37) x24 0xe1c7f000
core   0: 0x80001cb8 (0x001f0f13) addi    t5, t5, 1
core   0: 3 0x80001cb8 (0x001f0f13) x30 0x00000010
core   0: 0x80001cbc (0xb9c6e413) ori     s0, a3, -1124
core   0: 3 0x80001cbc (0xb9c6e413) x 8 0xfffffbdf
core   0: 0x80001cc0 (0x01e9e233) or      tp, s3, t5
core   0: 3 0x80001cc0 (0x01e9e233) x 4 0x00000010
core   0: 0x80001cc4 (0x8b4b3093) sltiu   ra, s6, -1868
core   0: 3 0x80001cc4 (0x8b4b3093) x 1 0x00000001
core   0: 0x80001cc8 (0x0000100f) fence.i
core   0: 3 0x80001cc8 (0x0000100f)
core   0: 0x80001ccc (0x0ff0000f) fence   iorw,iorw
core   0: 3 0x80001ccc (0x0ff0000f)
core   0: 0x80001cd0 (0x0125e833) or      a6, a1, s2
core   0: 3 0x80001cd0 (0x0125e833) x16 0x80000000
core   0: 0x80001cd4 (0x006e68b3) or      a7, t3, t1
core   0: 3 0x80001cd4 (0x006e68b3) x17 0xf000519c
core   0: 0x80001cd8 (0x00000013) nop
core   0: 3 0x80001cd8 (0x00000013)
core   0: 0x80001cdc (0x51172d13) slti    s10, a4, 1297
core   0: 3 0x80001cdc (0x51172d13) x26 0x00000001
core   0: 0x80001ce0 (0x00000013) nop
core   0: 3 0x80001ce0 (0x00000013)
core   0: 0x80001ce4 (0x0118b7b3) sltu    a5, a7, a7
core   0: 3 0x80001ce4 (0x0118b7b3) x15 0x00000000
core   0: 0x80001ce8 (0x40fbd293) srai    t0, s7, 15
core   0: 3 0x80001ce8 (0x40fbd293) x 5 0x00000000
core   0: 0x80001cec (0xfdff12e3) bne     t5, t6, pc - 60
core   0: 3 0x80001cec (0xfdff12e3)
core   0: 0x80001cb0 (0x41dd8733) sub     a4, s11, t4
core   0: 3 0x80001cb0 (0x41dd8733) x14 0x00000000
core   0: 0x80001cb4 (0xe1c7fc37) lui     s8, 0xe1c7f
core   0: 3 0x80001cb4 (0xe1c7fc37) x24 0xe1c7f000
core   0: 0x80001cb8 (0x001f0f13) addi    t5, t5, 1
core   0: 3 0x80001cb8 (0x001f0f13) x30 0x00000011
core   0: 0x80001cbc (0xb9c6e413) ori     s0, a3, -1124
core   0: 3 0x80001cbc (0xb9c6e413) x 8 0xfffffbdf
core   0: 0x80001cc0 (0x01e9e233) or      tp, s3, t5
core   0: 3 0x80001cc0 (0x01e9e233) x 4 0x00000011
core   0: 0x80001cc4 (0x8b4b3093) sltiu   ra, s6, -1868
core   0: 3 0x80001cc4 (0x8b4b3093) x 1 0x00000001
core   0: 0x80001cc8 (0x0000100f) fence.i
core   0: 3 0x80001cc8 (0x0000100f)
core   0: 0x80001ccc (0x0ff0000f) fence   iorw,iorw
core   0: 3 0x80001ccc (0x0ff0000f)
core   0: 0x80001cd0 (0x0125e833) or      a6, a1, s2
core   0: 3 0x80001cd0 (0x0125e833) x16 0x80000000
core   0: 0x80001cd4 (0x006e68b3) or      a7, t3, t1
core   0: 3 0x80001cd4 (0x006e68b3) x17 0xf000519c
core   0: 0x80001cd8 (0x00000013) nop
core   0: 3 0x80001cd8 (0x00000013)
core   0: 0x80001cdc (0x51172d13) slti    s10, a4, 1297
core   0: 3 0x80001cdc (0x51172d13) x26 0x00000001
core   0: 0x80001ce0 (0x00000013) nop
core   0: 3 0x80001ce0 (0x00000013)
core   0: 0x80001ce4 (0x0118b7b3) sltu    a5, a7, a7
core   0: 3 0x80001ce4 (0x0118b7b3) x15 0x00000000
core   0: 0x80001ce8 (0x40fbd293) srai    t0, s7, 15
core   0: 3 0x80001ce8 (0x40fbd293) x 5 0x00000000
core   0: 0x80001cec (0xfdff12e3) bne     t5, t6, pc - 60
core   0: 3 0x80001cec (0xfdff12e3)
core   0: 0x80001cf0 (0x014b9033) sll     zero, s7, s4
core   0: 3 0x80001cf0 (0x014b9033)
core   0: 0x80001cf4 (0xffe00d13) li      s10, -2
core   0: 3 0x80001cf4 (0xffe00d13) x26 0xfffffffe
core   0: 0x80001cf8 (0x61e1b793) sltiu   a5, gp, 1566
core   0: 3 0x80001cf8 (0x61e1b793) x15 0x00000001
core   0: 0x80001cfc (0x00b00413) li      s0, 11
core   0: 3 0x80001cfc (0x00b00413) x 8 0x0000000b
core   0: 0x80001d00 (0x0ff0000f) fence   iorw,iorw
core   0: 3 0x80001d00 (0x0ff0000f)
core   0: 0x80001d04 (0x00400533) add     a0, zero, tp
core   0: 3 0x80001d04 (0x00400533) x10 0x00000011
core   0: 0x80001d08 (0x01a0e1b3) or      gp, ra, s10
core   0: 3 0x80001d08 (0x01a0e1b3) x 3 0xffffffff
core   0: 0x80001d0c (0x001d0d13) addi    s10, s10, 1
core   0: 3 0x80001d0c (0x001d0d13) x26 0xffffffff
core   0: 0x80001d10 (0x00e434b3) sltu    s1, s0, a4
core   0: 3 0x80001d10 (0x00e434b3) x 9 0x00000000
core   0: 0x80001d14 (0x0025ae33) slt     t3, a1, sp
core   0: 3 0x80001d14 (0x0025ae33) x28 0x00000001
core   0: 0x80001d18 (0x00fd68b3) or      a7, s10, a5
core   0: 3 0x80001d18 (0x00fd68b3) x17 0xffffffff
core   0: 0x80001d1c (0x41d20f33) sub     t5, tp, t4
core   0: 3 0x80001d1c (0x41d20f33) x30 0x00000011
core   0: 0x80001d20 (0x2af6e313) ori     t1, a3, 687
core   0: 3 0x80001d20 (0x2af6e313) x 6 0x3d4c32ef
core   0: 0x80001d24 (0xfe8d40e3) blt     s10, s0, pc - 32
core   0: 3 0x80001d24 (0xfe8d40e3)
core   0: 0x80001d04 (0x00400533) add     a0, zero, tp
core   0: 3 0x80001d04 (0x00400533) x10 0x00000011
core   0: 0x80001d08 (0x01a0e1b3) or      gp, ra, s10
core   0: 3 0x80001d08 (0x01a0e1b3) x 3 0xffffffff
core   0: 0x80001d0c (0x001d0d13) addi    s10, s10, 1
core   0: 3 0x80001d0c (0x001d0d13) x26 0x00000000
core   0: 0x80001d10 (0x00e434b3) sltu    s1, s0, a4
core   0: 3 0x80001d10 (0x00e434b3) x 9 0x00000000
core   0: 0x80001d14 (0x0025ae33) slt     t3, a1, sp
core   0: 3 0x80001d14 (0x0025ae33) x28 0x00000001
core   0: 0x80001d18 (0x00fd68b3) or      a7, s10, a5
core   0: 3 0x80001d18 (0x00fd68b3) x17 0x00000001
core   0: 0x80001d1c (0x41d20f33) sub     t5, tp, t4
core   0: 3 0x80001d1c (0x41d20f33) x30 0x00000011
core   0: 0x80001d20 (0x2af6e313) ori     t1, a3, 687
core   0: 3 0x80001d20 (0x2af6e313) x 6 0x3d4c32ef
core   0: 0x80001d24 (0xfe8d40e3) blt     s10, s0, pc - 32
core   0: 3 0x80001d24 (0xfe8d40e3)
core   0: 0x80001d04 (0x00400533) add     a0, zero, tp
core   0: 3 0x80001d04 (0x00400533) x10 0x00000011
core   0: 0x80001d08 (0x01a0e1b3) or      gp, ra, s10
core   0: 3 0x80001d08 (0x01a0e1b3) x 3 0x00000001
core   0: 0x80001d0c (0x001d0d13) addi    s10, s10, 1
core   0: 3 0x80001d0c (0x001d0d13) x26 0x00000001
core   0: 0x80001d10 (0x00e434b3) sltu    s1, s0, a4
core   0: 3 0x80001d10 (0x00e434b3) x 9 0x00000000
core   0: 0x80001d14 (0x0025ae33) slt     t3, a1, sp
core   0: 3 0x80001d14 (0x0025ae33) x28 0x00000001
core   0: 0x80001d18 (0x00fd68b3) or      a7, s10, a5
core   0: 3 0x80001d18 (0x00fd68b3) x17 0x00000001
core   0: 0x80001d1c (0x41d20f33) sub     t5, tp, t4
core   0: 3 0x80001d1c (0x41d20f33) x30 0x00000011
core   0: 0x80001d20 (0x2af6e313) ori     t1, a3, 687
core   0: 3 0x80001d20 (0x2af6e313) x 6 0x3d4c32ef
core   0: 0x80001d24 (0xfe8d40e3) blt     s10, s0, pc - 32
core   0: 3 0x80001d24 (0xfe8d40e3)
core   0: 0x80001d04 (0x00400533) add     a0, zero, tp
core   0: 3 0x80001d04 (0x00400533) x10 0x00000011
core   0: 0x80001d08 (0x01a0e1b3) or      gp, ra, s10
core   0: 3 0x80001d08 (0x01a0e1b3) x 3 0x00000001
core   0: 0x80001d0c (0x001d0d13) addi    s10, s10, 1
core   0: 3 0x80001d0c (0x001d0d13) x26 0x00000002
core   0: 0x80001d10 (0x00e434b3) sltu    s1, s0, a4
core   0: 3 0x80001d10 (0x00e434b3) x 9 0x00000000
core   0: 0x80001d14 (0x0025ae33) slt     t3, a1, sp
core   0: 3 0x80001d14 (0x0025ae33) x28 0x00000001
core   0: 0x80001d18 (0x00fd68b3) or      a7, s10, a5
core   0: 3 0x80001d18 (0x00fd68b3) x17 0x00000003
core   0: 0x80001d1c (0x41d20f33) sub     t5, tp, t4
core   0: 3 0x80001d1c (0x41d20f33) x30 0x00000011
core   0: 0x80001d20 (0x2af6e313) ori     t1, a3, 687
core   0: 3 0x80001d20 (0x2af6e313) x 6 0x3d4c32ef
core   0: 0x80001d24 (0xfe8d40e3) blt     s10, s0, pc - 32
core   0: 3 0x80001d24 (0xfe8d40e3)
core   0: 0x80001d04 (0x00400533) add     a0, zero, tp
core   0: 3 0x80001d04 (0x00400533) x10 0x00000011
core   0: 0x80001d08 (0x01a0e1b3) or      gp, ra, s10
core   0: 3 0x80001d08 (0x01a0e1b3) x 3 0x00000003
core   0: 0x80001d0c (0x001d0d13) addi    s10, s10, 1
core   0: 3 0x80001d0c (0x001d0d13) x26 0x00000003
core   0: 0x80001d10 (0x00e434b3) sltu    s1, s0, a4
core   0: 3 0x80001d10 (0x00e434b3) x 9 0x00000000
core   0: 0x80001d14 (0x0025ae33) slt     t3, a1, sp
core   0: 3 0x80001d14 (0x0025ae33) x28 0x00000001
core   0: 0x80001d18 (0x00fd68b3) or      a7, s10, a5
core   0: 3 0x80001d18 (0x00fd68b3) x17 0x00000003
core   0: 0x80001d1c (0x41d20f33) sub     t5, tp, t4
core   0: 3 0x80001d1c (0x41d20f33) x30 0x00000011
core   0: 0x80001d20 (0x2af6e313) ori     t1, a3, 687
core   0: 3 0x80001d20 (0x2af6e313) x 6 0x3d4c32ef
core   0: 0x80001d24 (0xfe8d40e3) blt     s10, s0, pc - 32
core   0: 3 0x80001d24 (0xfe8d40e3)
core   0: 0x80001d04 (0x00400533) add     a0, zero, tp
core   0: 3 0x80001d04 (0x00400533) x10 0x00000011
core   0: 0x80001d08 (0x01a0e1b3) or      gp, ra, s10
core   0: 3 0x80001d08 (0x01a0e1b3) x 3 0x00000003
core   0: 0x80001d0c (0x001d0d13) addi    s10, s10, 1
core   0: 3 0x80001d0c (0x001d0d13) x26 0x00000004
core   0: 0x80001d10 (0x00e434b3) sltu    s1, s0, a4
core   0: 3 0x80001d10 (0x00e434b3) x 9 0x00000000
core   0: 0x80001d14 (0x0025ae33) slt     t3, a1, sp
core   0: 3 0x80001d14 (0x0025ae33) x28 0x00000001
core   0: 0x80001d18 (0x00fd68b3) or      a7, s10, a5
core   0: 3 0x80001d18 (0x00fd68b3) x17 0x00000005
core   0: 0x80001d1c (0x41d20f33) sub     t5, tp, t4
core   0: 3 0x80001d1c (0x41d20f33) x30 0x00000011
core   0: 0x80001d20 (0x2af6e313) ori     t1, a3, 687
core   0: 3 0x80001d20 (0x2af6e313) x 6 0x3d4c32ef
core   0: 0x80001d24 (0xfe8d40e3) blt     s10, s0, pc - 32
core   0: 3 0x80001d24 (0xfe8d40e3)
core   0: 0x80001d04 (0x00400533) add     a0, zero, tp
core   0: 3 0x80001d04 (0x00400533) x10 0x00000011
core   0: 0x80001d08 (0x01a0e1b3) or      gp, ra, s10
core   0: 3 0x80001d08 (0x01a0e1b3) x 3 0x00000005
core   0: 0x80001d0c (0x001d0d13) addi    s10, s10, 1
core   0: 3 0x80001d0c (0x001d0d13) x26 0x00000005
core   0: 0x80001d10 (0x00e434b3) sltu    s1, s0, a4
core   0: 3 0x80001d10 (0x00e434b3) x 9 0x00000000
core   0: 0x80001d14 (0x0025ae33) slt     t3, a1, sp
core   0: 3 0x80001d14 (0x0025ae33) x28 0x00000001
core   0: 0x80001d18 (0x00fd68b3) or      a7, s10, a5
core   0: 3 0x80001d18 (0x00fd68b3) x17 0x00000005
core   0: 0x80001d1c (0x41d20f33) sub     t5, tp, t4
core   0: 3 0x80001d1c (0x41d20f33) x30 0x00000011
core   0: 0x80001d20 (0x2af6e313) ori     t1, a3, 687
core   0: 3 0x80001d20 (0x2af6e313) x 6 0x3d4c32ef
core   0: 0x80001d24 (0xfe8d40e3) blt     s10, s0, pc - 32
core   0: 3 0x80001d24 (0xfe8d40e3)
core   0: 0x80001d04 (0x00400533) add     a0, zero, tp
core   0: 3 0x80001d04 (0x00400533) x10 0x00000011
core   0: 0x80001d08 (0x01a0e1b3) or      gp, ra, s10
core   0: 3 0x80001d08 (0x01a0e1b3) x 3 0x00000005
core   0: 0x80001d0c (0x001d0d13) addi    s10, s10, 1
core   0: 3 0x80001d0c (0x001d0d13) x26 0x00000006
core   0: 0x80001d10 (0x00e434b3) sltu    s1, s0, a4
core   0: 3 0x80001d10 (0x00e434b3) x 9 0x00000000
core   0: 0x80001d14 (0x0025ae33) slt     t3, a1, sp
core   0: 3 0x80001d14 (0x0025ae33) x28 0x00000001
core   0: 0x80001d18 (0x00fd68b3) or      a7, s10, a5
core   0: 3 0x80001d18 (0x00fd68b3) x17 0x00000007
core   0: 0x80001d1c (0x41d20f33) sub     t5, tp, t4
core   0: 3 0x80001d1c (0x41d20f33) x30 0x00000011
core   0: 0x80001d20 (0x2af6e313) ori     t1, a3, 687
core   0: 3 0x80001d20 (0x2af6e313) x 6 0x3d4c32ef
core   0: 0x80001d24 (0xfe8d40e3) blt     s10, s0, pc - 32
core   0: 3 0x80001d24 (0xfe8d40e3)
core   0: 0x80001d04 (0x00400533) add     a0, zero, tp
core   0: 3 0x80001d04 (0x00400533) x10 0x00000011
core   0: 0x80001d08 (0x01a0e1b3) or      gp, ra, s10
core   0: 3 0x80001d08 (0x01a0e1b3) x 3 0x00000007
core   0: 0x80001d0c (0x001d0d13) addi    s10, s10, 1
core   0: 3 0x80001d0c (0x001d0d13) x26 0x00000007
core   0: 0x80001d10 (0x00e434b3) sltu    s1, s0, a4
core   0: 3 0x80001d10 (0x00e434b3) x 9 0x00000000
core   0: 0x80001d14 (0x0025ae33) slt     t3, a1, sp
core   0: 3 0x80001d14 (0x0025ae33) x28 0x00000001
core   0: 0x80001d18 (0x00fd68b3) or      a7, s10, a5
core   0: 3 0x80001d18 (0x00fd68b3) x17 0x00000007
core   0: 0x80001d1c (0x41d20f33) sub     t5, tp, t4
core   0: 3 0x80001d1c (0x41d20f33) x30 0x00000011
core   0: 0x80001d20 (0x2af6e313) ori     t1, a3, 687
core   0: 3 0x80001d20 (0x2af6e313) x 6 0x3d4c32ef
core   0: 0x80001d24 (0xfe8d40e3) blt     s10, s0, pc - 32
core   0: 3 0x80001d24 (0xfe8d40e3)
core   0: 0x80001d04 (0x00400533) add     a0, zero, tp
core   0: 3 0x80001d04 (0x00400533) x10 0x00000011
core   0: 0x80001d08 (0x01a0e1b3) or      gp, ra, s10
core   0: 3 0x80001d08 (0x01a0e1b3) x 3 0x00000007
core   0: 0x80001d0c (0x001d0d13) addi    s10, s10, 1
core   0: 3 0x80001d0c (0x001d0d13) x26 0x00000008
core   0: 0x80001d10 (0x00e434b3) sltu    s1, s0, a4
core   0: 3 0x80001d10 (0x00e434b3) x 9 0x00000000
core   0: 0x80001d14 (0x0025ae33) slt     t3, a1, sp
core   0: 3 0x80001d14 (0x0025ae33) x28 0x00000001
core   0: 0x80001d18 (0x00fd68b3) or      a7, s10, a5
core   0: 3 0x80001d18 (0x00fd68b3) x17 0x00000009
core   0: 0x80001d1c (0x41d20f33) sub     t5, tp, t4
core   0: 3 0x80001d1c (0x41d20f33) x30 0x00000011
core   0: 0x80001d20 (0x2af6e313) ori     t1, a3, 687
core   0: 3 0x80001d20 (0x2af6e313) x 6 0x3d4c32ef
core   0: 0x80001d24 (0xfe8d40e3) blt     s10, s0, pc - 32
core   0: 3 0x80001d24 (0xfe8d40e3)
core   0: 0x80001d04 (0x00400533) add     a0, zero, tp
core   0: 3 0x80001d04 (0x00400533) x10 0x00000011
core   0: 0x80001d08 (0x01a0e1b3) or      gp, ra, s10
core   0: 3 0x80001d08 (0x01a0e1b3) x 3 0x00000009
core   0: 0x80001d0c (0x001d0d13) addi    s10, s10, 1
core   0: 3 0x80001d0c (0x001d0d13) x26 0x00000009
core   0: 0x80001d10 (0x00e434b3) sltu    s1, s0, a4
core   0: 3 0x80001d10 (0x00e434b3) x 9 0x00000000
core   0: 0x80001d14 (0x0025ae33) slt     t3, a1, sp
core   0: 3 0x80001d14 (0x0025ae33) x28 0x00000001
core   0: 0x80001d18 (0x00fd68b3) or      a7, s10, a5
core   0: 3 0x80001d18 (0x00fd68b3) x17 0x00000009
core   0: 0x80001d1c (0x41d20f33) sub     t5, tp, t4
core   0: 3 0x80001d1c (0x41d20f33) x30 0x00000011
core   0: 0x80001d20 (0x2af6e313) ori     t1, a3, 687
core   0: 3 0x80001d20 (0x2af6e313) x 6 0x3d4c32ef
core   0: 0x80001d24 (0xfe8d40e3) blt     s10, s0, pc - 32
core   0: 3 0x80001d24 (0xfe8d40e3)
core   0: 0x80001d04 (0x00400533) add     a0, zero, tp
core   0: 3 0x80001d04 (0x00400533) x10 0x00000011
core   0: 0x80001d08 (0x01a0e1b3) or      gp, ra, s10
core   0: 3 0x80001d08 (0x01a0e1b3) x 3 0x00000009
core   0: 0x80001d0c (0x001d0d13) addi    s10, s10, 1
core   0: 3 0x80001d0c (0x001d0d13) x26 0x0000000a
core   0: 0x80001d10 (0x00e434b3) sltu    s1, s0, a4
core   0: 3 0x80001d10 (0x00e434b3) x 9 0x00000000
core   0: 0x80001d14 (0x0025ae33) slt     t3, a1, sp
core   0: 3 0x80001d14 (0x0025ae33) x28 0x00000001
core   0: 0x80001d18 (0x00fd68b3) or      a7, s10, a5
core   0: 3 0x80001d18 (0x00fd68b3) x17 0x0000000b
core   0: 0x80001d1c (0x41d20f33) sub     t5, tp, t4
core   0: 3 0x80001d1c (0x41d20f33) x30 0x00000011
core   0: 0x80001d20 (0x2af6e313) ori     t1, a3, 687
core   0: 3 0x80001d20 (0x2af6e313) x 6 0x3d4c32ef
core   0: 0x80001d24 (0xfe8d40e3) blt     s10, s0, pc - 32
core   0: 3 0x80001d24 (0xfe8d40e3)
core   0: 0x80001d04 (0x00400533) add     a0, zero, tp
core   0: 3 0x80001d04 (0x00400533) x10 0x00000011
core   0: 0x80001d08 (0x01a0e1b3) or      gp, ra, s10
core   0: 3 0x80001d08 (0x01a0e1b3) x 3 0x0000000b
core   0: 0x80001d0c (0x001d0d13) addi    s10, s10, 1
core   0: 3 0x80001d0c (0x001d0d13) x26 0x0000000b
core   0: 0x80001d10 (0x00e434b3) sltu    s1, s0, a4
core   0: 3 0x80001d10 (0x00e434b3) x 9 0x00000000
core   0: 0x80001d14 (0x0025ae33) slt     t3, a1, sp
core   0: 3 0x80001d14 (0x0025ae33) x28 0x00000001
core   0: 0x80001d18 (0x00fd68b3) or      a7, s10, a5
core   0: 3 0x80001d18 (0x00fd68b3) x17 0x0000000b
core   0: 0x80001d1c (0x41d20f33) sub     t5, tp, t4
core   0: 3 0x80001d1c (0x41d20f33) x30 0x00000011
core   0: 0x80001d20 (0x2af6e313) ori     t1, a3, 687
core   0: 3 0x80001d20 (0x2af6e313) x 6 0x3d4c32ef
core   0: 0x80001d24 (0xfe8d40e3) blt     s10, s0, pc - 32
core   0: 3 0x80001d24 (0xfe8d40e3)
core   0: 0x80001d28 (0xdacec693) xori    a3, t4, -596
core   0: 3 0x80001d28 (0xdacec693) x13 0xfffffdac
core   0: 0x80001d2c (0xffb00693) li      a3, -5
core   0: 3 0x80001d2c (0xffb00693) x13 0xfffffffb
core   0: 0x80001d30 (0x0061e233) or      tp, gp, t1
core   0: 3 0x80001d30 (0x0061e233) x 4 0x3d4c32ef
core   0: 0x80001d34 (0x01b0cc33) xor     s8, ra, s11
core   0: 3 0x80001d34 (0x01b0cc33) x24 0x00000001
core   0: 0x80001d38 (0x00c00813) li      a6, 12
core   0: 3 0x80001d38 (0x00c00813) x16 0x0000000c
core   0: 0x80001d3c (0xca3b3093) sltiu   ra, s6, -861
core   0: 3 0x80001d3c (0xca3b3093) x 1 0x00000001
core   0: 0x80001d40 (0x62923497) auipc   s1, 0x62923
core   0: 3 0x80001d40 (0x62923497) x 9 0xe2924d40
core   0: 0x80001d44 (0x06c3a537) lui     a0, 0x6c3a
core   0: 3 0x80001d44 (0x06c3a537) x10 0x06c3a000
core   0: 0x80001d48 (0x01aa4e33) xor     t3, s4, s10
core   0: 3 0x80001d48 (0x01aa4e33) x28 0xfffffc7b
core   0: 0x80001d4c (0x59f667b7) lui     a5, 0x59f66
core   0: 3 0x80001d4c (0x59f667b7) x15 0x59f66000
core   0: 0x80001d50 (0x4187de93) srai    t4, a5, 24
core   0: 3 0x80001d50 (0x4187de93) x29 0x00000059
core   0: 0x80001d54 (0x00268693) addi    a3, a3, 2
core   0: 3 0x80001d54 (0x00268693) x13 0xfffffffd
core   0: 0x80001d58 (0xa6118d13) addi    s10, gp, -1439
core   0: 3 0x80001d58 (0xa6118d13) x26 0xfffffa6c
core   0: 0x80001d5c (0xff06c0e3) blt     a3, a6, pc - 32
core   0: 3 0x80001d5c (0xff06c0e3)
core   0: 0x80001d3c (0xca3b3093) sltiu   ra, s6, -861
core   0: 3 0x80001d3c (0xca3b3093) x 1 0x00000001
core   0: 0x80001d40 (0x62923497) auipc   s1, 0x62923
core   0: 3 0x80001d40 (0x62923497) x 9 0xe2924d40
core   0: 0x80001d44 (0x06c3a537) lui     a0, 0x6c3a
core   0: 3 0x80001d44 (0x06c3a537) x10 0x06c3a000
core   0: 0x80001d48 (0x01aa4e33) xor     t3, s4, s10
core   0: 3 0x80001d48 (0x01aa4e33) x28 0x0000061c
core   0: 0x80001d4c (0x59f667b7) lui     a5, 0x59f66
core   0: 3 0x80001d4c (0x59f667b7) x15 0x59f66000
core   0: 0x80001d50 (0x4187de93) srai    t4, a5, 24
core   0: 3 0x80001d50 (0x4187de93) x29 0x00000059
core   0: 0x80001d54 (0x00268693) addi    a3, a3, 2
core   0: 3 0x80001d54 (0x00268693) x13 0xffffffff
core   0: 0x80001d58 (0xa6118d13) addi    s10, gp, -1439
core   0: 3 0x80001d58 (0xa6118d13) x26 0xfffffa6c
core   0: 0x80001d5c (0xff06c0e3) blt     a3, a6, pc - 32
core   0: 3 0x80001d5c (0xff06c0e3)
core   0: 0x80001d3c (0xca3b3093) sltiu   ra, s6, -861
core   0: 3 0x80001d3c (0xca3b3093) x 1 0x00000001
core   0: 0x80001d40 (0x62923497) auipc   s1, 0x62923
core   0: 3 0x80001d40 (0x62923497) x 9 0xe2924d40
core   0: 0x80001d44 (0x06c3a537) lui     a0, 0x6c3a
core   0: 3 0x80001d44 (0x06c3a537) x10 0x06c3a000
core   0: 0x80001d48 (0x01aa4e33) xor     t3, s4, s10
core   0: 3 0x80001d48 (0x01aa4e33) x28 0x0000061c
core   0: 0x80001d4c (0x59f667b7) lui     a5, 0x59f66
core   0: 3 0x80001d4c (0x59f667b7) x15 0x59f66000
core   0: 0x80001d50 (0x4187de93) srai    t4, a5, 24
core   0: 3 0x80001d50 (0x4187de93) x29 0x00000059
core   0: 0x80001d54 (0x00268693) addi    a3, a3, 2
core   0: 3 0x80001d54 (0x00268693) x13 0x00000001
core   0: 0x80001d58 (0xa6118d13) addi    s10, gp, -1439
core   0: 3 0x80001d58 (0xa6118d13) x26 0xfffffa6c
core   0: 0x80001d5c (0xff06c0e3) blt     a3, a6, pc - 32
core   0: 3 0x80001d5c (0xff06c0e3)
core   0: 0x80001d3c (0xca3b3093) sltiu   ra, s6, -861
core   0: 3 0x80001d3c (0xca3b3093) x 1 0x00000001
core   0: 0x80001d40 (0x62923497) auipc   s1, 0x62923
core   0: 3 0x80001d40 (0x62923497) x 9 0xe2924d40
core   0: 0x80001d44 (0x06c3a537) lui     a0, 0x6c3a
core   0: 3 0x80001d44 (0x06c3a537) x10 0x06c3a000
core   0: 0x80001d48 (0x01aa4e33) xor     t3, s4, s10
core   0: 3 0x80001d48 (0x01aa4e33) x28 0x0000061c
core   0: 0x80001d4c (0x59f667b7) lui     a5, 0x59f66
core   0: 3 0x80001d4c (0x59f667b7) x15 0x59f66000
core   0: 0x80001d50 (0x4187de93) srai    t4, a5, 24
core   0: 3 0x80001d50 (0x4187de93) x29 0x00000059
core   0: 0x80001d54 (0x00268693) addi    a3, a3, 2
core   0: 3 0x80001d54 (0x00268693) x13 0x00000003
core   0: 0x80001d58 (0xa6118d13) addi    s10, gp, -1439
core   0: 3 0x80001d58 (0xa6118d13) x26 0xfffffa6c
core   0: 0x80001d5c (0xff06c0e3) blt     a3, a6, pc - 32
core   0: 3 0x80001d5c (0xff06c0e3)
core   0: 0x80001d3c (0xca3b3093) sltiu   ra, s6, -861
core   0: 3 0x80001d3c (0xca3b3093) x 1 0x00000001
core   0: 0x80001d40 (0x62923497) auipc   s1, 0x62923
core   0: 3 0x80001d40 (0x62923497) x 9 0xe2924d40
core   0: 0x80001d44 (0x06c3a537) lui     a0, 0x6c3a
core   0: 3 0x80001d44 (0x06c3a537) x10 0x06c3a000
core   0: 0x80001d48 (0x01aa4e33) xor     t3, s4, s10
core   0: 3 0x80001d48 (0x01aa4e33) x28 0x0000061c
core   0: 0x80001d4c (0x59f667b7) lui     a5, 0x59f66
core   0: 3 0x80001d4c (0x59f667b7) x15 0x59f66000
core   0: 0x80001d50 (0x4187de93) srai    t4, a5, 24
core   0: 3 0x80001d50 (0x4187de93) x29 0x00000059
core   0: 0x80001d54 (0x00268693) addi    a3, a3, 2
core   0: 3 0x80001d54 (0x00268693) x13 0x00000005
core   0: 0x80001d58 (0xa6118d13) addi    s10, gp, -1439
core   0: 3 0x80001d58 (0xa6118d13) x26 0xfffffa6c
core   0: 0x80001d5c (0xff06c0e3) blt     a3, a6, pc - 32
core   0: 3 0x80001d5c (0xff06c0e3)
core   0: 0x80001d3c (0xca3b3093) sltiu   ra, s6, -861
core   0: 3 0x80001d3c (0xca3b3093) x 1 0x00000001
core   0: 0x80001d40 (0x62923497) auipc   s1, 0x62923
core   0: 3 0x80001d40 (0x62923497) x 9 0xe2924d40
core   0: 0x80001d44 (0x06c3a537) lui     a0, 0x6c3a
core   0: 3 0x80001d44 (0x06c3a537) x10 0x06c3a000
core   0: 0x80001d48 (0x01aa4e33) xor     t3, s4, s10
core   0: 3 0x80001d48 (0x01aa4e33) x28 0x0000061c
core   0: 0x80001d4c (0x59f667b7) lui     a5, 0x59f66
core   0: 3 0x80001d4c (0x59f667b7) x15 0x59f66000
core   0: 0x80001d50 (0x4187de93) srai    t4, a5, 24
core   0: 3 0x80001d50 (0x4187de93) x29 0x00000059
core   0: 0x80001d54 (0x00268693) addi    a3, a3, 2
core   0: 3 0x80001d54 (0x00268693) x13 0x00000007
core   0: 0x80001d58 (0xa6118d13) addi    s10, gp, -1439
core   0: 3 0x80001d58 (0xa6118d13) x26 0xfffffa6c
core   0: 0x80001d5c (0xff06c0e3) blt     a3, a6, pc - 32
core   0: 3 0x80001d5c (0xff06c0e3)
core   0: 0x80001d3c (0xca3b3093) sltiu   ra, s6, -861
core   0: 3 0x80001d3c (0xca3b3093) x 1 0x00000001
core   0: 0x80001d40 (0x62923497) auipc   s1, 0x62923
core   0: 3 0x80001d40 (0x62923497) x 9 0xe2924d40
core   0: 0x80001d44 (0x06c3a537) lui     a0, 0x6c3a
core   0: 3 0x80001d44 (0x06c3a537) x10 0x06c3a000
core   0: 0x80001d48 (0x01aa4e33) xor     t3, s4, s10
core   0: 3 0x80001d48 (0x01aa4e33) x28 0x0000061c
core   0: 0x80001d4c (0x59f667b7) lui     a5, 0x59f66
core   0: 3 0x80001d4c (0x59f667b7) x15 0x59f66000
core   0: 0x80001d50 (0x4187de93) srai    t4, a5, 24
core   0: 3 0x80001d50 (0x4187de93) x29 0x00000059
core   0: 0x80001d54 (0x00268693) addi    a3, a3, 2
core   0: 3 0x80001d54 (0x00268693) x13 0x00000009
core   0: 0x80001d58 (0xa6118d13) addi    s10, gp, -1439
core   0: 3 0x80001d58 (0xa6118d13) x26 0xfffffa6c
core   0: 0x80001d5c (0xff06c0e3) blt     a3, a6, pc - 32
core   0: 3 0x80001d5c (0xff06c0e3)
core   0: 0x80001d3c (0xca3b3093) sltiu   ra, s6, -861
core   0: 3 0x80001d3c (0xca3b3093) x 1 0x00000001
core   0: 0x80001d40 (0x62923497) auipc   s1, 0x62923
core   0: 3 0x80001d40 (0x62923497) x 9 0xe2924d40
core   0: 0x80001d44 (0x06c3a537) lui     a0, 0x6c3a
core   0: 3 0x80001d44 (0x06c3a537) x10 0x06c3a000
core   0: 0x80001d48 (0x01aa4e33) xor     t3, s4, s10
core   0: 3 0x80001d48 (0x01aa4e33) x28 0x0000061c
core   0: 0x80001d4c (0x59f667b7) lui     a5, 0x59f66
core   0: 3 0x80001d4c (0x59f667b7) x15 0x59f66000
core   0: 0x80001d50 (0x4187de93) srai    t4, a5, 24
core   0: 3 0x80001d50 (0x4187de93) x29 0x00000059
core   0: 0x80001d54 (0x00268693) addi    a3, a3, 2
core   0: 3 0x80001d54 (0x00268693) x13 0x0000000b
core   0: 0x80001d58 (0xa6118d13) addi    s10, gp, -1439
core   0: 3 0x80001d58 (0xa6118d13) x26 0xfffffa6c
core   0: 0x80001d5c (0xff06c0e3) blt     a3, a6, pc - 32
core   0: 3 0x80001d5c (0xff06c0e3)
core   0: 0x80001d3c (0xca3b3093) sltiu   ra, s6, -861
core   0: 3 0x80001d3c (0xca3b3093) x 1 0x00000001
core   0: 0x80001d40 (0x62923497) auipc   s1, 0x62923
core   0: 3 0x80001d40 (0x62923497) x 9 0xe2924d40
core   0: 0x80001d44 (0x06c3a537) lui     a0, 0x6c3a
core   0: 3 0x80001d44 (0x06c3a537) x10 0x06c3a000
core   0: 0x80001d48 (0x01aa4e33) xor     t3, s4, s10
core   0: 3 0x80001d48 (0x01aa4e33) x28 0x0000061c
core   0: 0x80001d4c (0x59f667b7) lui     a5, 0x59f66
core   0: 3 0x80001d4c (0x59f667b7) x15 0x59f66000
core   0: 0x80001d50 (0x4187de93) srai    t4, a5, 24
core   0: 3 0x80001d50 (0x4187de93) x29 0x00000059
core   0: 0x80001d54 (0x00268693) addi    a3, a3, 2
core   0: 3 0x80001d54 (0x00268693) x13 0x0000000d
core   0: 0x80001d58 (0xa6118d13) addi    s10, gp, -1439
core   0: 3 0x80001d58 (0xa6118d13) x26 0xfffffa6c
core   0: 0x80001d5c (0xff06c0e3) blt     a3, a6, pc - 32
core   0: 3 0x80001d5c (0xff06c0e3)
core   0: 0x80001d60 (0x014247b3) xor     a5, tp, s4
core   0: 3 0x80001d60 (0x014247b3) x15 0xc2b3ce9f
core   0: 0x80001d64 (0xffb00713) li      a4, -5
core   0: 3 0x80001d64 (0xffb00713) x14 0xfffffffb
core   0: 0x80001d68 (0x00f467b3) or      a5, s0, a5
core   0: 3 0x80001d68 (0x00f467b3) x15 0xc2b3ce9f
core   0: 0x80001d6c (0x0ff0000f) fence   iorw,iorw
core   0: 3 0x80001d6c (0x0ff0000f)
core   0: 0x80001d70 (0xf400f193) andi    gp, ra, -192
core   0: 3 0x80001d70 (0xf400f193) x 3 0x00000000
core   0: 0x80001d74 (0x00200f93) li      t6, 2
core   0: 3 0x80001d74 (0x00200f93) x31 0x00000002
core   0: 0x80001d78 (0xf4eb4a13) xori    s4, s6, -178
core   0: 3 0x80001d78 (0xf4eb4a13) x20 0xffffff4d
core   0: 0x80001d7c (0xf7c64893) xori    a7, a2, -132
core   0: 3 0x80001d7c (0xf7c64893) x17 0x7ffdb118
core   0: 0x80001d80 (0x018b9a33) sll     s4, s7, s8
core   0: 3 0x80001d80 (0x018b9a33) x20 0x00000000
core   0: 0x80001d84 (0x017ec033) xor     zero, t4, s7
core   0: 3 0x80001d84 (0x017ec033)
core   0: 0x80001d88 (0x00a70713) addi    a4, a4, 10
core   0: 3 0x80001d88 (0x00a70713) x14 0x00000005
core   0: 0x80001d8c (0x5d56c693) xori    a3, a3, 1493
core   0: 3 0x80001d8c (0x5d56c693) x13 0x000005d8
core   0: 0x80001d90 (0xfff766e3) bltu    a4, t6, pc - 20
core   0: 3 0x80001d90 (0xfff766e3)
core   0: 0x80001d94 (0x0003e7b3) or      a5, t2, zero
core   0: 3 0x80001d94 (0x0003e7b3) x15 0x3d4c3000
core   0: 0x80001d98 (0x00300793) li      a5, 3
core   0: 3 0x80001d98 (0x00300793) x15 0x00000003
core   0: 0x80001d9c (0x001ef733) and     a4, t4, ra
core   0: 3 0x80001d9c (0x001ef733) x14 0x00000001
core   0: 0x80001da0 (0x01b309b3) add     s3, t1, s11
core   0: 3 0x80001da0 (0x01b309b3) x19 0x3d4c32ef
core   0: 0x80001da4 (0xff600493) li      s1, -10
core   0: 3 0x80001da4 (0xff600493) x 9 0xfffffff6
core   0: 0x80001da8 (0x66ee2c13) slti    s8, t3, 1646
core   0: 3 0x80001da8 (0x66ee2c13) x24 0x00000001
core   0: 0x80001dac (0x0000100f) fence.i
core   0: 3 0x80001dac (0x0000100f)
core   0: 0x80001db0 (0x823c3293) sltiu   t0, s8, -2013
core   0: 3 0x80001db0 (0x823c3293) x 5 0x00000001
core   0: 0x80001db4 (0x013f1693) slli    a3, t5, 19
core   0: 3 0x80001db4 (0x013f1693) x13 0x00880000
core   0: 0x80001db8 (0x4acb6837) lui     a6, 0x4acb6
core   0: 3 0x80001db8 (0x4acb6837) x16 0x4acb6000
core   0: 0x80001dbc (0x40110ab3) sub     s5, sp, ra
core   0: 3 0x80001dbc (0x40110ab3) x21 0x80028ce3
core   0: 0x80001dc0 (0x0000100f) fence.i
core   0: 3 0x80001dc0 (0x0000100f)
core   0: 0x80001dc4 (0xffc78793) addi    a5, a5, -4
core   0: 3 0x80001dc4 (0xffc78793) x15 0xffffffff
core   0: 0x80001dc8 (0x403dd013) srai    zero, s11, 3
core   0: 3 0x80001dc8 (0x403dd013)
core   0: 0x80001dcc (0x00cc1533) sll     a0, s8, a2
core   0: 3 0x80001dcc (0x00cc1533) x10 0x00000010
core   0: 0x80001dd0 (0x0ff0000f) fence   iorw,iorw
core   0: 3 0x80001dd0 (0x0ff0000f)
core   0: 0x80001dd4 (0x00f22f33) slt     t5, tp, a5
core   0: 3 0x80001dd4 (0x00f22f33) x30 0x00000000
core   0: 0x80001dd8 (0x01415993) srli    s3, sp, 20
core   0: 3 0x80001dd8 (0x01415993) x19 0x00000800
core   0: 0x80001ddc (0x0ff0000f) fence   iorw,iorw
core   0: 3 0x80001ddc (0x0ff0000f)
core   0: 0x80001de0 (0x40b5d8b3) sra     a7, a1, a1
core   0: 3 0x80001de0 (0x40b5d8b3) x17 0x80000000
core   0: 0x80001de4 (0x41695e13) srai    t3, s2, 22
core   0: 3 0x80001de4 (0x41695e13) x28 0x00000000
core   0: 0x80001de8 (0xfc97d4e3) bge     a5, s1, pc - 56
core   0: 3 0x80001de8 (0xfc97d4e3)
core   0: 0x80001db0 (0x823c3293) sltiu   t0, s8, -2013
core   0: 3 0x80001db0 (0x823c3293) x 5 0x00000001
core   0: 0x80001db4 (0x013f1693) slli    a3, t5, 19
core   0: 3 0x80001db4 (0x013f1693) x13 0x00000000
core   0: 0x80001db8 (0x4acb6837) lui     a6, 0x4acb6
core   0: 3 0x80001db8 (0x4acb6837) x16 0x4acb6000
core   0: 0x80001dbc (0x40110ab3) sub     s5, sp, ra
core   0: 3 0x80001dbc (0x40110ab3) x21 0x80028ce3
core   0: 0x80001dc0 (0x0000100f) fence.i
core   0: 3 0x80001dc0 (0x0000100f)
core   0: 0x80001dc4 (0xffc78793) addi    a5, a5, -4
core   0: 3 0x80001dc4 (0xffc78793) x15 0xfffffffb
core   0: 0x80001dc8 (0x403dd013) srai    zero, s11, 3
core   0: 3 0x80001dc8 (0x403dd013)
core   0: 0x80001dcc (0x00cc1533) sll     a0, s8, a2
core   0: 3 0x80001dcc (0x00cc1533) x10 0x00000010
core   0: 0x80001dd0 (0x0ff0000f) fence   iorw,iorw
core   0: 3 0x80001dd0 (0x0ff0000f)
core   0: 0x80001dd4 (0x00f22f33) slt     t5, tp, a5
core   0: 3 0x80001dd4 (0x00f22f33) x30 0x00000000
core   0: 0x80001dd8 (0x01415993) srli    s3, sp, 20
core   0: 3 0x80001dd8 (0x01415993) x19 0x00000800
core   0: 0x80001ddc (0x0ff0000f) fence   iorw,iorw
core   0: 3 0x80001ddc (0x0ff0000f)
core   0: 0x80001de0 (0x40b5d8b3) sra     a7, a1, a1
core   0: 3 0x80001de0 (0x40b5d8b3) x17 0x80000000
core   0: 0x80001de4 (0x41695e13) srai    t3, s2, 22
core   0: 3 0x80001de4 (0x41695e13) x28 0x00000000
core   0: 0x80001de8 (0xfc97d4e3) bge     a5, s1, pc - 56
core   0: 3 0x80001de8 (0xfc97d4e3)
core   0: 0x80001db0 (0x823c3293) sltiu   t0, s8, -2013
core   0: 3 0x80001db0 (0x823c3293) x 5 0x00000001
core   0: 0x80001db4 (0x013f1693) slli    a3, t5, 19
core   0: 3 0x80001db4 (0x013f1693) x13 0x00000000
core   0: 0x80001db8 (0x4acb6837) lui     a6, 0x4acb6
core   0: 3 0x80001db8 (0x4acb6837) x16 0x4acb6000
core   0: 0x80001dbc (0x40110ab3) sub     s5, sp, ra
core   0: 3 0x80001dbc (0x40110ab3) x21 0x80028ce3
core   0: 0x80001dc0 (0x0000100f) fence.i
core   0: 3 0x80001dc0 (0x0000100f)
core   0: 0x80001dc4 (0xffc78793) addi    a5, a5, -4
core   0: 3 0x80001dc4 (0xffc78793) x15 0xfffffff7
core   0: 0x80001dc8 (0x403dd013) srai    zero, s11, 3
core   0: 3 0x80001dc8 (0x403dd013)
core   0: 0x80001dcc (0x00cc1533) sll     a0, s8, a2
core   0: 3 0x80001dcc (0x00cc1533) x10 0x00000010
core   0: 0x80001dd0 (0x0ff0000f) fence   iorw,iorw
core   0: 3 0x80001dd0 (0x0ff0000f)
core   0: 0x80001dd4 (0x00f22f33) slt     t5, tp, a5
core   0: 3 0x80001dd4 (0x00f22f33) x30 0x00000000
core   0: 0x80001dd8 (0x01415993) srli    s3, sp, 20
core   0: 3 0x80001dd8 (0x01415993) x19 0x00000800
core   0: 0x80001ddc (0x0ff0000f) fence   iorw,iorw
core   0: 3 0x80001ddc (0x0ff0000f)
core   0: 0x80001de0 (0x40b5d8b3) sra     a7, a1, a1
core   0: 3 0x80001de0 (0x40b5d8b3) x17 0x80000000
core   0: 0x80001de4 (0x41695e13) srai    t3, s2, 22
core   0: 3 0x80001de4 (0x41695e13) x28 0x00000000
core   0: 0x80001de8 (0xfc97d4e3) bge     a5, s1, pc - 56
core   0: 3 0x80001de8 (0xfc97d4e3)
core   0: 0x80001db0 (0x823c3293) sltiu   t0, s8, -2013
core   0: 3 0x80001db0 (0x823c3293) x 5 0x00000001
core   0: 0x80001db4 (0x013f1693) slli    a3, t5, 19
core   0: 3 0x80001db4 (0x013f1693) x13 0x00000000
core   0: 0x80001db8 (0x4acb6837) lui     a6, 0x4acb6
core   0: 3 0x80001db8 (0x4acb6837) x16 0x4acb6000
core   0: 0x80001dbc (0x40110ab3) sub     s5, sp, ra
core   0: 3 0x80001dbc (0x40110ab3) x21 0x80028ce3
core   0: 0x80001dc0 (0x0000100f) fence.i
core   0: 3 0x80001dc0 (0x0000100f)
core   0: 0x80001dc4 (0xffc78793) addi    a5, a5, -4
core   0: 3 0x80001dc4 (0xffc78793) x15 0xfffffff3
core   0: 0x80001dc8 (0x403dd013) srai    zero, s11, 3
core   0: 3 0x80001dc8 (0x403dd013)
core   0: 0x80001dcc (0x00cc1533) sll     a0, s8, a2
core   0: 3 0x80001dcc (0x00cc1533) x10 0x00000010
core   0: 0x80001dd0 (0x0ff0000f) fence   iorw,iorw
core   0: 3 0x80001dd0 (0x0ff0000f)
core   0: 0x80001dd4 (0x00f22f33) slt     t5, tp, a5
core   0: 3 0x80001dd4 (0x00f22f33) x30 0x00000000
core   0: 0x80001dd8 (0x01415993) srli    s3, sp, 20
core   0: 3 0x80001dd8 (0x01415993) x19 0x00000800
core   0: 0x80001ddc (0x0ff0000f) fence   iorw,iorw
core   0: 3 0x80001ddc (0x0ff0000f)
core   0: 0x80001de0 (0x40b5d8b3) sra     a7, a1, a1
core   0: 3 0x80001de0 (0x40b5d8b3) x17 0x80000000
core   0: 0x80001de4 (0x41695e13) srai    t3, s2, 22
core   0: 3 0x80001de4 (0x41695e13) x28 0x00000000
core   0: 0x80001de8 (0xfc97d4e3) bge     a5, s1, pc - 56
core   0: 3 0x80001de8 (0xfc97d4e3)
core   0: 0x80001dec (0x00951f33) sll     t5, a0, s1
core   0: 3 0x80001dec (0x00951f33) x30 0x04000000
core   0: 0x80001df0 (0x00000993) li      s3, 0
core   0: 3 0x80001df0 (0x00000993) x19 0x00000000
core   0: 0x80001df4 (0x40e85733) sra     a4, a6, a4
core   0: 3 0x80001df4 (0x40e85733) x14 0x2565b000
core   0: 0x80001df8 (0x01517333) and     t1, sp, s5
core   0: 3 0x80001df8 (0x01517333) x 6 0x80028ce0
core   0: 0x80001dfc (0x0072f733) and     a4, t0, t2
core   0: 3 0x80001dfc (0x0072f733) x14 0x00000000
core   0: 0x80001e00 (0xffd00213) li      tp, -3
core   0: 3 0x80001e00 (0xffd00213) x 4 0xfffffffd
core   0: 0x80001e04 (0x015d5fb3) srl     t6, s10, s5
core   0: 3 0x80001e04 (0x015d5fb3) x31 0x1fffff4d
core   0: 0x80001e08 (0x009806b3) add     a3, a6, s1
core   0: 3 0x80001e08 (0x009806b3) x13 0x4acb5ff6
core   0: 0x80001e0c (0x416bd8b3) sra     a7, s7, s6
core   0: 3 0x80001e0c (0x416bd8b3) x17 0x00000000
core   0: 0x80001e10 (0x01389893) slli    a7, a7, 19
core   0: 3 0x80001e10 (0x01389893) x17 0x00000000
core   0: 0x80001e14 (0x8425ed13) ori     s10, a1, -1982
core   0: 3 0x80001e14 (0x8425ed13) x26 0xfffff842
core   0: 0x80001e18 (0x0c76a793) slti    a5, a3, 199
core   0: 3 0x80001e18 (0x0c76a793) x15 0x00000000
core   0: 0x80001e1c (0xffd98993) addi    s3, s3, -3
core   0: 3 0x80001e1c (0xffd98993) x19 0xfffffffd
core   0: 0x80001e20 (0xfe4994e3) bne     s3, tp, pc - 24
core   0: 3 0x80001e20 (0xfe4994e3)
core   0: 0x80001e24 (0x01d9ea33) or      s4, s3, t4
core   0: 3 0x80001e24 (0x01d9ea33) x20 0xfffffffd
core   0: 0x80001e28 (0xffe00f13) li      t5, -2
core   0: 3 0x80001e28 (0xffe00f13) x30 0xfffffffe
core   0: 0x80001e2c (0x41705193) srai    gp, zero, 23
core   0: 3 0x80001e2c (0x41705193) x 3 0x00000000
core   0: 0x80001e30 (0x00800693) li      a3, 8
core   0: 3 0x80001e30 (0x00800693) x13 0x00000008
core   0: 0x80001e34 (0x00d50933) add     s2, a0, a3
core   0: 3 0x80001e34 (0x00d50933) x18 0x00000018
core   0: 0x80001e38 (0xc2263793) sltiu   a5, a2, -990
core   0: 3 0x80001e38 (0xc2263793) x15 0x00000001
core   0: 0x80001e3c (0x001f0f13) addi    t5, t5, 1
core   0: 3 0x80001e3c (0x001f0f13) x30 0xffffffff
core   0: 0x80001e40 (0xff800713) li      a4, -8
core   0: 3 0x80001e40 (0xff800713) x14 0xfffffff8
core   0: 0x80001e44 (0xad5af493) andi    s1, s5, -1323
core   0: 3 0x80001e44 (0xad5af493) x 9 0x800288c1
core   0: 0x80001e48 (0x00800c13) li      s8, 8
core   0: 3 0x80001e48 (0x00800c13) x24 0x00000008
core   0: 0x80001e4c (0x00000013) nop
core   0: 3 0x80001e4c (0x00000013)
core   0: 0x80001e50 (0xd39c8d93) addi    s11, s9, -711
core   0: 3 0x80001e50 (0xd39c8d93) x27 0xfffffd39
core   0: 0x80001e54 (0xd5842813) slti    a6, s0, -680
core   0: 3 0x80001e54 (0xd5842813) x16 0x00000000
core   0: 0x80001e58 (0x00370713) addi    a4, a4, 3
core   0: 3 0x80001e58 (0x00370713) x14 0xfffffffb
core   0: 0x80001e5c (0xff876ce3) bltu    a4, s8, pc - 8
core   0: 3 0x80001e5c (0xff876ce3)
core   0: 0x80001e60 (0xfcdf1ae3) bne     t5, a3, pc - 44
core   0: 3 0x80001e60 (0xfcdf1ae3)
core   0: 0x80001e34 (0x00d50933) add     s2, a0, a3
core   0: 3 0x80001e34 (0x00d50933) x18 0x00000018
core   0: 0x80001e38 (0xc2263793) sltiu   a5, a2, -990
core   0: 3 0x80001e38 (0xc2263793) x15 0x00000001
core   0: 0x80001e3c (0x001f0f13) addi    t5, t5, 1
core   0: 3 0x80001e3c (0x001f0f13) x30 0x00000000
core   0: 0x80001e40 (0xff800713) li      a4, -8
core   0: 3 0x80001e40 (0xff800713) x14 0xfffffff8
core   0: 0x80001e44 (0xad5af493) andi    s1, s5, -1323
core   0: 3 0x80001e44 (0xad5af493) x 9 0x800288c1
core   0: 0x80001e48 (0x00800c13) li      s8, 8
core   0: 3 0x80001e48 (0x00800c13) x24 0x00000008
core   0: 0x80001e4c (0x00000013) nop
core   0: 3 0x80001e4c (0x00000013)
core   0: 0x80001e50 (0xd39c8d93) addi    s11, s9, -711
core   0: 3 0x80001e50 (0xd39c8d93) x27 0xfffffd39
core   0: 0x80001e54 (0xd5842813) slti    a6, s0, -680
core   0: 3 0x80001e54 (0xd5842813) x16 0x00000000
core   0: 0x80001e58 (0x00370713) addi    a4, a4, 3
core   0: 3 0x80001e58 (0x00370713) x14 0xfffffffb
core   0: 0x80001e5c (0xff876ce3) bltu    a4, s8, pc - 8
core   0: 3 0x80001e5c (0xff876ce3)
core   0: 0x80001e60 (0xfcdf1ae3) bne     t5, a3, pc - 44
core   0: 3 0x80001e60 (0xfcdf1ae3)
core   0: 0x80001e34 (0x00d50933) add     s2, a0, a3
core   0: 3 0x80001e34 (0x00d50933) x18 0x00000018
core   0: 0x80001e38 (0xc2263793) sltiu   a5, a2, -990
core   0: 3 0x80001e38 (0xc2263793) x15 0x00000001
core   0: 0x80001e3c (0x001f0f13) addi    t5, t5, 1
core   0: 3 0x80001e3c (0x001f0f13) x30 0x00000001
core   0: 0x80001e40 (0xff800713) li      a4, -8
core   0: 3 0x80001e40 (0xff800713) x14 0xfffffff8
core   0: 0x80001e44 (0xad5af493) andi    s1, s5, -1323
core   0: 3 0x80001e44 (0xad5af493) x 9 0x800288c1
core   0: 0x80001e48 (0x00800c13) li      s8, 8
core   0: 3 0x80001e48 (0x00800c13) x24 0x00000008
core   0: 0x80001e4c (0x00000013) nop
core   0: 3 0x80001e4c (0x00000013)
core   0: 0x80001e50 (0xd39c8d93) addi    s11, s9, -711
core   0: 3 0x80001e50 (0xd39c8d93) x27 0xfffffd39
core   0: 0x80001e54 (0xd5842813) slti    a6, s0, -680
core   0: 3 0x80001e54 (0xd5842813) x16 0x00000000
core   0: 0x80001e58 (0x00370713) addi    a4, a4, 3
core   0: 3 0x80001e58 (0x00370713) x14 0xfffffffb
core   0: 0x80001e5c (0xff876ce3) bltu    a4, s8, pc - 8
core   0: 3 0x80001e5c (0xff876ce3)
core   0: 0x80001e60 (0xfcdf1ae3) bne     t5, a3, pc - 44
core   0: 3 0x80001e60 (0xfcdf1ae3)
core   0: 0x80001e34 (0x00d50933) add     s2, a0, a3
core   0: 3 0x80001e34 (0x00d50933) x18 0x00000018
core   0: 0x80001e38 (0xc2263793) sltiu   a5, a2, -990
core   0: 3 0x80001e38 (0xc2263793) x15 0x00000001
core   0: 0x80001e3c (0x001f0f13) addi    t5, t5, 1
core   0: 3 0x80001e3c (0x001f0f13) x30 0x00000002
core   0: 0x80001e40 (0xff800713) li      a4, -8
core   0: 3 0x80001e40 (0xff800713) x14 0xfffffff8
core   0: 0x80001e44 (0xad5af493) andi    s1, s5, -1323
core   0: 3 0x80001e44 (0xad5af493) x 9 0x800288c1
core   0: 0x80001e48 (0x00800c13) li      s8, 8
core   0: 3 0x80001e48 (0x00800c13) x24 0x00000008
core   0: 0x80001e4c (0x00000013) nop
core   0: 3 0x80001e4c (0x00000013)
core   0: 0x80001e50 (0xd39c8d93) addi    s11, s9, -711
core   0: 3 0x80001e50 (0xd39c8d93) x27 0xfffffd39
core   0: 0x80001e54 (0xd5842813) slti    a6, s0, -680
core   0: 3 0x80001e54 (0xd5842813) x16 0x00000000
core   0: 0x80001e58 (0x00370713) addi    a4, a4, 3
core   0: 3 0x80001e58 (0x00370713) x14 0xfffffffb
core   0: 0x80001e5c (0xff876ce3) bltu    a4, s8, pc - 8
core   0: 3 0x80001e5c (0xff876ce3)
core   0: 0x80001e60 (0xfcdf1ae3) bne     t5, a3, pc - 44
core   0: 3 0x80001e60 (0xfcdf1ae3)
core   0: 0x80001e34 (0x00d50933) add     s2, a0, a3
core   0: 3 0x80001e34 (0x00d50933) x18 0x00000018
core   0: 0x80001e38 (0xc2263793) sltiu   a5, a2, -990
core   0: 3 0x80001e38 (0xc2263793) x15 0x00000001
core   0: 0x80001e3c (0x001f0f13) addi    t5, t5, 1
core   0: 3 0x80001e3c (0x001f0f13) x30 0x00000003
core   0: 0x80001e40 (0xff800713) li      a4, -8
core   0: 3 0x80001e40 (0xff800713) x14 0xfffffff8
core   0: 0x80001e44 (0xad5af493) andi    s1, s5, -1323
core   0: 3 0x80001e44 (0xad5af493) x 9 0x800288c1
core   0: 0x80001e48 (0x00800c13) li      s8, 8
core   0: 3 0x80001e48 (0x00800c13) x24 0x00000008
core   0: 0x80001e4c (0x00000013) nop
core   0: 3 0x80001e4c (0x00000013)
core   0: 0x80001e50 (0xd39c8d93) addi    s11, s9, -711
core   0: 3 0x80001e50 (0xd39c8d93) x27 0xfffffd39
core   0: 0x80001e54 (0xd5842813) slti    a6, s0, -680
core   0: 3 0x80001e54 (0xd5842813) x16 0x00000000
core   0: 0x80001e58 (0x00370713) addi    a4, a4, 3
core   0: 3 0x80001e58 (0x00370713) x14 0xfffffffb
core   0: 0x80001e5c (0xff876ce3) bltu    a4, s8, pc - 8
core   0: 3 0x80001e5c (0xff876ce3)
core   0: 0x80001e60 (0xfcdf1ae3) bne     t5, a3, pc - 44
core   0: 3 0x80001e60 (0xfcdf1ae3)
core   0: 0x80001e34 (0x00d50933) add     s2, a0, a3
core   0: 3 0x80001e34 (0x00d50933) x18 0x00000018
core   0: 0x80001e38 (0xc2263793) sltiu   a5, a2, -990
core   0: 3 0x80001e38 (0xc2263793) x15 0x00000001
core   0: 0x80001e3c (0x001f0f13) addi    t5, t5, 1
core   0: 3 0x80001e3c (0x001f0f13) x30 0x00000004
core   0: 0x80001e40 (0xff800713) li      a4, -8
core   0: 3 0x80001e40 (0xff800713) x14 0xfffffff8
core   0: 0x80001e44 (0xad5af493) andi    s1, s5, -1323
core   0: 3 0x80001e44 (0xad5af493) x 9 0x800288c1
core   0: 0x80001e48 (0x00800c13) li      s8, 8
core   0: 3 0x80001e48 (0x00800c13) x24 0x00000008
core   0: 0x80001e4c (0x00000013) nop
core   0: 3 0x80001e4c (0x00000013)
core   0: 0x80001e50 (0xd39c8d93) addi    s11, s9, -711
core   0: 3 0x80001e50 (0xd39c8d93) x27 0xfffffd39
core   0: 0x80001e54 (0xd5842813) slti    a6, s0, -680
core   0: 3 0x80001e54 (0xd5842813) x16 0x00000000
core   0: 0x80001e58 (0x00370713) addi    a4, a4, 3
core   0: 3 0x80001e58 (0x00370713) x14 0xfffffffb
core   0: 0x80001e5c (0xff876ce3) bltu    a4, s8, pc - 8
core   0: 3 0x80001e5c (0xff876ce3)
core   0: 0x80001e60 (0xfcdf1ae3) bne     t5, a3, pc - 44
core   0: 3 0x80001e60 (0xfcdf1ae3)
core   0: 0x80001e34 (0x00d50933) add     s2, a0, a3
core   0: 3 0x80001e34 (0x00d50933) x18 0x00000018
core   0: 0x80001e38 (0xc2263793) sltiu   a5, a2, -990
core   0: 3 0x80001e38 (0xc2263793) x15 0x00000001
core   0: 0x80001e3c (0x001f0f13) addi    t5, t5, 1
core   0: 3 0x80001e3c (0x001f0f13) x30 0x00000005
core   0: 0x80001e40 (0xff800713) li      a4, -8
core   0: 3 0x80001e40 (0xff800713) x14 0xfffffff8
core   0: 0x80001e44 (0xad5af493) andi    s1, s5, -1323
core   0: 3 0x80001e44 (0xad5af493) x 9 0x800288c1
core   0: 0x80001e48 (0x00800c13) li      s8, 8
core   0: 3 0x80001e48 (0x00800c13) x24 0x00000008
core   0: 0x80001e4c (0x00000013) nop
core   0: 3 0x80001e4c (0x00000013)
core   0: 0x80001e50 (0xd39c8d93) addi    s11, s9, -711
core   0: 3 0x80001e50 (0xd39c8d93) x27 0xfffffd39
core   0: 0x80001e54 (0xd5842813) slti    a6, s0, -680
core   0: 3 0x80001e54 (0xd5842813) x16 0x00000000
core   0: 0x80001e58 (0x00370713) addi    a4, a4, 3
core   0: 3 0x80001e58 (0x00370713) x14 0xfffffffb
core   0: 0x80001e5c (0xff876ce3) bltu    a4, s8, pc - 8
core   0: 3 0x80001e5c (0xff876ce3)
core   0: 0x80001e60 (0xfcdf1ae3) bne     t5, a3, pc - 44
core   0: 3 0x80001e60 (0xfcdf1ae3)
core   0: 0x80001e34 (0x00d50933) add     s2, a0, a3
core   0: 3 0x80001e34 (0x00d50933) x18 0x00000018
core   0: 0x80001e38 (0xc2263793) sltiu   a5, a2, -990
core   0: 3 0x80001e38 (0xc2263793) x15 0x00000001
core   0: 0x80001e3c (0x001f0f13) addi    t5, t5, 1
core   0: 3 0x80001e3c (0x001f0f13) x30 0x00000006
core   0: 0x80001e40 (0xff800713) li      a4, -8
core   0: 3 0x80001e40 (0xff800713) x14 0xfffffff8
core   0: 0x80001e44 (0xad5af493) andi    s1, s5, -1323
core   0: 3 0x80001e44 (0xad5af493) x 9 0x800288c1
core   0: 0x80001e48 (0x00800c13) li      s8, 8
core   0: 3 0x80001e48 (0x00800c13) x24 0x00000008
core   0: 0x80001e4c (0x00000013) nop
core   0: 3 0x80001e4c (0x00000013)
core   0: 0x80001e50 (0xd39c8d93) addi    s11, s9, -711
core   0: 3 0x80001e50 (0xd39c8d93) x27 0xfffffd39
core   0: 0x80001e54 (0xd5842813) slti    a6, s0, -680
core   0: 3 0x80001e54 (0xd5842813) x16 0x00000000
core   0: 0x80001e58 (0x00370713) addi    a4, a4, 3
core   0: 3 0x80001e58 (0x00370713) x14 0xfffffffb
core   0: 0x80001e5c (0xff876ce3) bltu    a4, s8, pc - 8
core   0: 3 0x80001e5c (0xff876ce3)
core   0: 0x80001e60 (0xfcdf1ae3) bne     t5, a3, pc - 44
core   0: 3 0x80001e60 (0xfcdf1ae3)
core   0: 0x80001e34 (0x00d50933) add     s2, a0, a3
core   0: 3 0x80001e34 (0x00d50933) x18 0x00000018
core   0: 0x80001e38 (0xc2263793) sltiu   a5, a2, -990
core   0: 3 0x80001e38 (0xc2263793) x15 0x00000001
core   0: 0x80001e3c (0x001f0f13) addi    t5, t5, 1
core   0: 3 0x80001e3c (0x001f0f13) x30 0x00000007
core   0: 0x80001e40 (0xff800713) li      a4, -8
core   0: 3 0x80001e40 (0xff800713) x14 0xfffffff8
core   0: 0x80001e44 (0xad5af493) andi    s1, s5, -1323
core   0: 3 0x80001e44 (0xad5af493) x 9 0x800288c1
core   0: 0x80001e48 (0x00800c13) li      s8, 8
core   0: 3 0x80001e48 (0x00800c13) x24 0x00000008
core   0: 0x80001e4c (0x00000013) nop
core   0: 3 0x80001e4c (0x00000013)
core   0: 0x80001e50 (0xd39c8d93) addi    s11, s9, -711
core   0: 3 0x80001e50 (0xd39c8d93) x27 0xfffffd39
core   0: 0x80001e54 (0xd5842813) slti    a6, s0, -680
core   0: 3 0x80001e54 (0xd5842813) x16 0x00000000
core   0: 0x80001e58 (0x00370713) addi    a4, a4, 3
core   0: 3 0x80001e58 (0x00370713) x14 0xfffffffb
core   0: 0x80001e5c (0xff876ce3) bltu    a4, s8, pc - 8
core   0: 3 0x80001e5c (0xff876ce3)
core   0: 0x80001e60 (0xfcdf1ae3) bne     t5, a3, pc - 44
core   0: 3 0x80001e60 (0xfcdf1ae3)
core   0: 0x80001e34 (0x00d50933) add     s2, a0, a3
core   0: 3 0x80001e34 (0x00d50933) x18 0x00000018
core   0: 0x80001e38 (0xc2263793) sltiu   a5, a2, -990
core   0: 3 0x80001e38 (0xc2263793) x15 0x00000001
core   0: 0x80001e3c (0x001f0f13) addi    t5, t5, 1
core   0: 3 0x80001e3c (0x001f0f13) x30 0x00000008
core   0: 0x80001e40 (0xff800713) li      a4, -8
core   0: 3 0x80001e40 (0xff800713) x14 0xfffffff8
core   0: 0x80001e44 (0xad5af493) andi    s1, s5, -1323
core   0: 3 0x80001e44 (0xad5af493) x 9 0x800288c1
core   0: 0x80001e48 (0x00800c13) li      s8, 8
core   0: 3 0x80001e48 (0x00800c13) x24 0x00000008
core   0: 0x80001e4c (0x00000013) nop
core   0: 3 0x80001e4c (0x00000013)
core   0: 0x80001e50 (0xd39c8d93) addi    s11, s9, -711
core   0: 3 0x80001e50 (0xd39c8d93) x27 0xfffffd39
core   0: 0x80001e54 (0xd5842813) slti    a6, s0, -680
core   0: 3 0x80001e54 (0xd5842813) x16 0x00000000
core   0: 0x80001e58 (0x00370713) addi    a4, a4, 3
core   0: 3 0x80001e58 (0x00370713) x14 0xfffffffb
core   0: 0x80001e5c (0xff876ce3) bltu    a4, s8, pc - 8
core   0: 3 0x80001e5c (0xff876ce3)
core   0: 0x80001e60 (0xfcdf1ae3) bne     t5, a3, pc - 44
core   0: 3 0x80001e60 (0xfcdf1ae3)
core   0: 0x80001e64 (0x01ee8333) add     t1, t4, t5
core   0: 3 0x80001e64 (0x01ee8333) x 6 0x00000061
core   0: 0x80001e68 (0xffe00793) li      a5, -2
core   0: 3 0x80001e68 (0xffe00793) x15 0xfffffffe
core   0: 0x80001e6c (0x260ac037) lui     zero, 0x260ac
core   0: 3 0x80001e6c (0x260ac037)
core   0: 0x80001e70 (0x19230413) addi    s0, t1, 402
core   0: 3 0x80001e70 (0x19230413) x 8 0x000001f3
core   0: 0x80001e74 (0x416fce93) xori    t4, t6, 1046
core   0: 3 0x80001e74 (0x416fce93) x29 0x1ffffb5b
core   0: 0x80001e78 (0x0000100f) fence.i
core   0: 3 0x80001e78 (0x0000100f)
core   0: 0x80001e7c (0x417a51b3) sra     gp, s4, s7
core   0: 3 0x80001e7c (0x417a51b3) x 3 0xfffffffd
core   0: 0x80001e80 (0xefc0e493) ori     s1, ra, -260
core   0: 3 0x80001e80 (0xefc0e493) x 9 0xfffffefd
core   0: 0x80001e84 (0x0000100f) fence.i
core   0: 3 0x80001e84 (0x0000100f)
core   0: 0x80001e88 (0x01400d93) li      s11, 20
core   0: 3 0x80001e88 (0x01400d93) x27 0x00000014
core   0: 0x80001e8c (0x01e520b3) slt     ra, a0, t5
core   0: 3 0x80001e8c (0x01e520b3) x 1 0x00000000
core   0: 0x80001e90 (0x376bb893) sltiu   a7, s7, 886
core   0: 3 0x80001e90 (0x376bb893) x17 0x00000001
core   0: 0x80001e94 (0x41158c33) sub     s8, a1, a7
core   0: 3 0x80001e94 (0x41158c33) x24 0x7fffffff
core   0: 0x80001e98 (0x00145e93) srli    t4, s0, 1
core   0: 3 0x80001e98 (0x00145e93) x29 0x000000f9
core   0: 0x80001e9c (0x00178793) addi    a5, a5, 1
core   0: 3 0x80001e9c (0x00178793) x15 0xffffffff
core   0: 0x80001ea0 (0xffe00513) li      a0, -2
core   0: 3 0x80001ea0 (0xffe00513) x10 0xfffffffe
core   0: 0x80001ea4 (0xc3a9bb13) sltiu   s6, s3, -966
core   0: 3 0x80001ea4 (0xc3a9bb13) x22 0x00000000
core   0: 0x80001ea8 (0x00d0d313) srli    t1, ra, 13
core   0: 3 0x80001ea8 (0x00d0d313) x 6 0x00000000
core   0: 0x80001eac (0xfec00c93) li      s9, -20
core   0: 3 0x80001eac (0xfec00c93) x25 0xffffffec
core   0: 0x80001eb0 (0x015fbc33) sltu    s8, t6, s5
core   0: 3 0x80001eb0 (0x015fbc33) x24 0x00000001
core   0: 0x80001eb4 (0x00a71e93) slli    t4, a4, 10
core   0: 3 0x80001eb4 (0x00a71e93) x29 0xffffec00
core   0: 0x80001eb8 (0x0137f4b3) and     s1, a5, s3
core   0: 3 0x80001eb8 (0x0137f4b3) x 9 0xfffffffd
core   0: 0x80001ebc (0x0bb40093) addi    ra, s0, 187
core   0: 3 0x80001ebc (0x0bb40093) x 1 0x000002ae
core   0: 0x80001ec0 (0xff650513) addi    a0, a0, -10
core   0: 3 0x80001ec0 (0xff650513) x10 0xfffffff4
core   0: 0x80001ec4 (0x01f46833) or      a6, s0, t6
core   0: 3 0x80001ec4 (0x01f46833) x16 0x1fffffff
core   0: 0x80001ec8 (0xff9558e3) bge     a0, s9, pc - 16
core   0: 3 0x80001ec8 (0xff9558e3)
core   0: 0x80001eb8 (0x0137f4b3) and     s1, a5, s3
core   0: 3 0x80001eb8 (0x0137f4b3) x 9 0xfffffffd
core   0: 0x80001ebc (0x0bb40093) addi    ra, s0, 187
core   0: 3 0x80001ebc (0x0bb40093) x 1 0x000002ae
core   0: 0x80001ec0 (0xff650513) addi    a0, a0, -10
core   0: 3 0x80001ec0 (0xff650513) x10 0xffffffea
core   0: 0x80001ec4 (0x01f46833) or      a6, s0, t6
core   0: 3 0x80001ec4 (0x01f46833) x16 0x1fffffff
core   0: 0x80001ec8 (0xff9558e3) bge     a0, s9, pc - 16
core   0: 3 0x80001ec8 (0xff9558e3)
core   0: 0x80001ecc (0xfdb7e4e3) bltu    a5, s11, pc - 56
core   0: 3 0x80001ecc (0xfdb7e4e3)
core   0: 0x80001ed0 (0x88334f13) xori    t5, t1, -1917
core   0: 3 0x80001ed0 (0x88334f13) x30 0xfffff883
core   0: 0x80001ed4 (0xfff00993) li      s3, -1
core   0: 3 0x80001ed4 (0xfff00993) x19 0xffffffff
core   0: 0x80001ed8 (0x01200b93) li      s7, 18
core   0: 3 0x80001ed8 (0x01200b93) x23 0x00000012
core   0: 0x80001edc (0x28de3937) lui     s2, 0x28de3
core   0: 3 0x80001edc (0x28de3937) x18 0x28de3000
core   0: 0x80001ee0 (0x00498993) addi    s3, s3, 4
core   0: 3 0x80001ee0 (0x00498993) x19 0x00000003
core   0: 0x80001ee4 (0xff79ece3) bltu    s3, s7, pc - 8
core   0: 3 0x80001ee4 (0xff79ece3)
core   0: 0x80001edc (0x28de3937) lui     s2, 0x28de3
core   0: 3 0x80001edc (0x28de3937) x18 0x28de3000
core   0: 0x80001ee0 (0x00498993) addi    s3, s3, 4
core   0: 3 0x80001ee0 (0x00498993) x19 0x00000007
core   0: 0x80001ee4 (0xff79ece3) bltu    s3, s7, pc - 8
core   0: 3 0x80001ee4 (0xff79ece3)
core   0: 0x80001edc (0x28de3937) lui     s2, 0x28de3
core   0: 3 0x80001edc (0x28de3937) x18 0x28de3000
core   0: 0x80001ee0 (0x00498993) addi    s3, s3, 4
core   0: 3 0x80001ee0 (0x00498993) x19 0x0000000b
core   0: 0x80001ee4 (0xff79ece3) bltu    s3, s7, pc - 8
core   0: 3 0x80001ee4 (0xff79ece3)
core   0: 0x80001edc (0x28de3937) lui     s2, 0x28de3
core   0: 3 0x80001edc (0x28de3937) x18 0x28de3000
core   0: 0x80001ee0 (0x00498993) addi    s3, s3, 4
core   0: 3 0x80001ee0 (0x00498993) x19 0x0000000f
core   0: 0x80001ee4 (0xff79ece3) bltu    s3, s7, pc - 8
core   0: 3 0x80001ee4 (0xff79ece3)
core   0: 0x80001edc (0x28de3937) lui     s2, 0x28de3
core   0: 3 0x80001edc (0x28de3937) x18 0x28de3000
core   0: 0x80001ee0 (0x00498993) addi    s3, s3, 4
core   0: 3 0x80001ee0 (0x00498993) x19 0x00000013
core   0: 0x80001ee4 (0xff79ece3) bltu    s3, s7, pc - 8
core   0: 3 0x80001ee4 (0xff79ece3)
core   0: 0x80001ee8 (0x408b8833) sub     a6, s7, s0
core   0: 3 0x80001ee8 (0x408b8833) x16 0xfffffe1f
core   0: 0x80001eec (0x00300693) li      a3, 3
core   0: 3 0x80001eec (0x00300693) x13 0x00000003
core   0: 0x80001ef0 (0x00000013) nop
core   0: 3 0x80001ef0 (0x00000013)
core   0: 0x80001ef4 (0x019264b3) or      s1, tp, s9
core   0: 3 0x80001ef4 (0x019264b3) x 9 0xfffffffd
core   0: 0x80001ef8 (0x25c98793) addi    a5, s3, 604
core   0: 3 0x80001ef8 (0x25c98793) x15 0x0000026f
core   0: 0x80001efc (0x00000013) nop
core   0: 3 0x80001efc (0x00000013)
core   0: 0x80001f00 (0x002f5913) srli    s2, t5, 2
core   0: 3 0x80001f00 (0x002f5913) x18 0x3ffffe20
core   0: 0x80001f04 (0xedc87193) andi    gp, a6, -292
core   0: 3 0x80001f04 (0xedc87193) x 3 0xfffffe1c
core   0: 0x80001f08 (0x01d21493) slli    s1, tp, 29
core   0: 3 0x80001f08 (0x01d21493) x 9 0xa0000000
core   0: 0x80001f0c (0x3ced4b93) xori    s7, s10, 974
core   0: 3 0x80001f0c (0x3ced4b93) x23 0xfffffb8c
core   0: 0x80001f10 (0x00000013) nop
core   0: 3 0x80001f10 (0x00000013)
core   0: 0x80001f14 (0x013d9093) slli    ra, s11, 19
core   0: 3 0x80001f14 (0x013d9093) x 1 0x00a00000
core   0: 0x80001f18 (0x0177da93) srli    s5, a5, 23
core   0: 3 0x80001f18 (0x0177da93) x21 0x00000000
core   0: 0x80001f1c (0x00d00513) li      a0, 13
core   0: 3 0x80001f1c (0x00d00513) x10 0x0000000d
core   0: 0x80001f20 (0xe531b013) sltiu   zero, gp, -429
core   0: 3 0x80001f20 (0xe531b013)
core   0: 0x80001f24 (0x0176f1b3) and     gp, a3, s7
core   0: 3 0x80001f24 (0x0176f1b3) x 3 0x00000000
core   0: 0x80001f28 (0x52eb1f97) auipc   t6, 0x52eb1
core   0: 3 0x80001f28 (0x52eb1f97) x31 0xd2eb2f28
core   0: 0x80001f2c (0x0034a9b3) slt     s3, s1, gp
core   0: 3 0x80001f2c (0x0034a9b3) x19 0x00000001
core   0: 0x80001f30 (0x00568693) addi    a3, a3, 5
core   0: 3 0x80001f30 (0x00568693) x13 0x00000008
core   0: 0x80001f34 (0x011b5833) srl     a6, s6, a7
core   0: 3 0x80001f34 (0x011b5833) x16 0x00000000
core   0: 0x80001f38 (0xfea698e3) bne     a3, a0, pc - 16
core   0: 3 0x80001f38 (0xfea698e3)
core   0: 0x80001f28 (0x52eb1f97) auipc   t6, 0x52eb1
core   0: 3 0x80001f28 (0x52eb1f97) x31 0xd2eb2f28
core   0: 0x80001f2c (0x0034a9b3) slt     s3, s1, gp
core   0: 3 0x80001f2c (0x0034a9b3) x19 0x00000001
core   0: 0x80001f30 (0x00568693) addi    a3, a3, 5
core   0: 3 0x80001f30 (0x00568693) x13 0x0000000d
core   0: 0x80001f34 (0x011b5833) srl     a6, s6, a7
core   0: 3 0x80001f34 (0x011b5833) x16 0x00000000
core   0: 0x80001f38 (0xfea698e3) bne     a3, a0, pc - 16
core   0: 3 0x80001f38 (0xfea698e3)
core   0: 0x80001f3c (0x013c17b3) sll     a5, s8, s3
core   0: 3 0x80001f3c (0x013c17b3) x15 0x00000002
core   0: 0x80001f40 (0x00100993) li      s3, 1
core   0: 3 0x80001f40 (0x00100993) x19 0x00000001
core   0: 0x80001f44 (0x00911333) sll     t1, sp, s1
core   0: 3 0x80001f44 (0x00911333) x 6 0x80028ce4
core   0: 0x80001f48 (0x00000833) add     a6, zero, zero
core   0: 3 0x80001f48 (0x00000833) x16 0x00000000
core   0: 0x80001f4c (0x560b7793) andi    a5, s6, 1376
core   0: 3 0x80001f4c (0x560b7793) x15 0x00000000
core   0: 0x80001f50 (0x01622c33) slt     s8, tp, s6
core   0: 3 0x80001f50 (0x01622c33) x24 0x00000001
core   0: 0x80001f54 (0xffa00e93) li      t4, -6
core   0: 3 0x80001f54 (0xffa00e93) x29 0xfffffffa
core   0: 0x80001f58 (0x418ed193) srai    gp, t4, 24
core   0: 3 0x80001f58 (0x418ed193) x 3 0xffffffff
core   0: 0x80001f5c (0x01d703b3) add     t2, a4, t4
core   0: 3 0x80001f5c (0x01d703b3) x 7 0xfffffff5
core   0: 0x80001f60 (0xe2cb6213) ori     tp, s6, -468
core   0: 3 0x80001f60 (0xe2cb6213) x 4 0xfffffe2c
core   0: 0x80001f64 (0x01dd6433) or      s0, s10, t4
core   0: 3 0x80001f64 (0x01dd6433) x 8 0xfffffffa
core   0: 0x80001f68 (0x00000013) nop
core   0: 3 0x80001f68 (0x00000013)
core   0: 0x80001f6c (0x4a7df413) andi    s0, s11, 1191
core   0: 3 0x80001f6c (0x4a7df413) x 8 0x00000004
core   0: 0x80001f70 (0xfff98993) addi    s3, s3, -1
core   0: 3 0x80001f70 (0xfff98993) x19 0x00000000
core   0: 0x80001f74 (0x00000013) nop
core   0: 3 0x80001f74 (0x00000013)
core   0: 0x80001f78 (0x00536733) or      a4, t1, t0
core   0: 3 0x80001f78 (0x00536733) x14 0x80028ce5
core   0: 0x80001f7c (0x7b5d1397) auipc   t2, 0x7b5d1
core   0: 3 0x80001f7c (0x7b5d1397) x 7 0xfb5d2f7c
core   0: 0x80001f80 (0x401183b3) sub     t2, gp, ra
core   0: 3 0x80001f80 (0x401183b3) x 7 0xff5fffff
core   0: 0x80001f84 (0x0f67bf93) sltiu   t6, a5, 246
core   0: 3 0x80001f84 (0x0f67bf93) x31 0x00000001
core   0: 0x80001f88 (0x01f85413) srli    s0, a6, 31
core   0: 3 0x80001f88 (0x01f85413) x 8 0x00000000
core   0: 0x80001f8c (0x00700f13) li      t5, 7
core   0: 3 0x80001f8c (0x00700f13) x30 0x00000007
core   0: 0x80001f90 (0x0027adb3) slt     s11, a5, sp
core   0: 3 0x80001f90 (0x0027adb3) x27 0x00000000
core   0: 0x80001f94 (0xffd00c93) li      s9, -3
core   0: 3 0x80001f94 (0xffd00c93) x25 0xfffffffd
core   0: 0x80001f98 (0x00000013) nop
core   0: 3 0x80001f98 (0x00000013)
core   0: 0x80001f9c (0xf25d0693) addi    a3, s10, -219
core   0: 3 0x80001f9c (0xf25d0693) x13 0xfffff767
core   0: 0x80001fa0 (0x404ad293) srai    t0, s5, 4
core   0: 3 0x80001fa0 (0x404ad293) x 5 0x00000000
core   0: 0x80001fa4 (0x011d5db3) srl     s11, s10, a7
core   0: 3 0x80001fa4 (0x011d5db3) x27 0x7ffffc21
core   0: 0x80001fa8 (0x007f5d93) srli    s11, t5, 7
core   0: 3 0x80001fa8 (0x007f5d93) x27 0x00000000
core   0: 0x80001fac (0x43492013) slti    zero, s2, 1076
core   0: 3 0x80001fac (0x43492013)
core   0: 0x80001fb0 (0x00ac9513) slli    a0, s9, 10
core   0: 3 0x80001fb0 (0x00ac9513) x10 0xfffff400
core   0: 0x80001fb4 (0xffbf0f13) addi    t5, t5, -5
core   0: 3 0x80001fb4 (0xffbf0f13) x30 0x00000002
core   0: 0x80001fb8 (0x40b854b3) sra     s1, a6, a1
core   0: 3 0x80001fb8 (0x40b854b3) x 9 0x00000000
core   0: 0x80001fbc (0xff9f50e3) bge     t5, s9, pc - 32
core   0: 3 0x80001fbc (0xff9f50e3)
core   0: 0x80001f9c (0xf25d0693) addi    a3, s10, -219
core   0: 3 0x80001f9c (0xf25d0693) x13 0xfffff767
core   0: 0x80001fa0 (0x404ad293) srai    t0, s5, 4
core   0: 3 0x80001fa0 (0x404ad293) x 5 0x00000000
core   0: 0x80001fa4 (0x011d5db3) srl     s11, s10, a7
core   0: 3 0x80001fa4 (0x011d5db3) x27 0x7ffffc21
core   0: 0x80001fa8 (0x007f5d93) srli    s11, t5, 7
core   0: 3 0x80001fa8 (0x007f5d93) x27 0x00000000
core   0: 0x80001fac (0x43492013) slti    zero, s2, 1076
core   0: 3 0x80001fac (0x43492013)
core   0: 0x80001fb0 (0x00ac9513) slli    a0, s9, 10
core   0: 3 0x80001fb0 (0x00ac9513) x10 0xfffff400
core   0: 0x80001fb4 (0xffbf0f13) addi    t5, t5, -5
core   0: 3 0x80001fb4 (0xffbf0f13) x30 0xfffffffd
core   0: 0x80001fb8 (0x40b854b3) sra     s1, a6, a1
core   0: 3 0x80001fb8 (0x40b854b3) x 9 0x00000000
core   0: 0x80001fbc (0xff9f50e3) bge     t5, s9, pc - 32
core   0: 3 0x80001fbc (0xff9f50e3)
core   0: 0x80001f9c (0xf25d0693) addi    a3, s10, -219
core   0: 3 0x80001f9c (0xf25d0693) x13 0xfffff767
core   0: 0x80001fa0 (0x404ad293) srai    t0, s5, 4
core   0: 3 0x80001fa0 (0x404ad293) x 5 0x00000000
core   0: 0x80001fa4 (0x011d5db3) srl     s11, s10, a7
core   0: 3 0x80001fa4 (0x011d5db3) x27 0x7ffffc21
core   0: 0x80001fa8 (0x007f5d93) srli    s11, t5, 7
core   0: 3 0x80001fa8 (0x007f5d93) x27 0x01ffffff
core   0: 0x80001fac (0x43492013) slti    zero, s2, 1076
core   0: 3 0x80001fac (0x43492013)
core   0: 0x80001fb0 (0x00ac9513) slli    a0, s9, 10
core   0: 3 0x80001fb0 (0x00ac9513) x10 0xfffff400
core   0: 0x80001fb4 (0xffbf0f13) addi    t5, t5, -5
core   0: 3 0x80001fb4 (0xffbf0f13) x30 0xfffffff8
core   0: 0x80001fb8 (0x40b854b3) sra     s1, a6, a1
core   0: 3 0x80001fb8 (0x40b854b3) x 9 0x00000000
core   0: 0x80001fbc (0xff9f50e3) bge     t5, s9, pc - 32
core   0: 3 0x80001fbc (0xff9f50e3)
core   0: 0x80001fc0 (0x01641d93) slli    s11, s0, 22
core   0: 3 0x80001fc0 (0x01641d93) x27 0x00000000
core   0: 0x80001fc4 (0xfbd992e3) bne     s3, t4, pc - 92
core   0: 3 0x80001fc4 (0xfbd992e3)
core   0: 0x80001f68 (0x00000013) nop
core   0: 3 0x80001f68 (0x00000013)
core   0: 0x80001f6c (0x4a7df413) andi    s0, s11, 1191
core   0: 3 0x80001f6c (0x4a7df413) x 8 0x00000000
core   0: 0x80001f70 (0xfff98993) addi    s3, s3, -1
core   0: 3 0x80001f70 (0xfff98993) x19 0xffffffff
core   0: 0x80001f74 (0x00000013) nop
core   0: 3 0x80001f74 (0x00000013)
core   0: 0x80001f78 (0x00536733) or      a4, t1, t0
core   0: 3 0x80001f78 (0x00536733) x14 0x80028ce4
core   0: 0x80001f7c (0x7b5d1397) auipc   t2, 0x7b5d1
core   0: 3 0x80001f7c (0x7b5d1397) x 7 0xfb5d2f7c
core   0: 0x80001f80 (0x401183b3) sub     t2, gp, ra
core   0: 3 0x80001f80 (0x401183b3) x 7 0xff5fffff
core   0: 0x80001f84 (0x0f67bf93) sltiu   t6, a5, 246
core   0: 3 0x80001f84 (0x0f67bf93) x31 0x00000001
core   0: 0x80001f88 (0x01f85413) srli    s0, a6, 31
core   0: 3 0x80001f88 (0x01f85413) x 8 0x00000000
core   0: 0x80001f8c (0x00700f13) li      t5, 7
core   0: 3 0x80001f8c (0x00700f13) x30 0x00000007
core   0: 0x80001f90 (0x0027adb3) slt     s11, a5, sp
core   0: 3 0x80001f90 (0x0027adb3) x27 0x00000000
core   0: 0x80001f94 (0xffd00c93) li      s9, -3
core   0: 3 0x80001f94 (0xffd00c93) x25 0xfffffffd
core   0: 0x80001f98 (0x00000013) nop
core   0: 3 0x80001f98 (0x00000013)
core   0: 0x80001f9c (0xf25d0693) addi    a3, s10, -219
core   0: 3 0x80001f9c (0xf25d0693) x13 0xfffff767
core   0: 0x80001fa0 (0x404ad293) srai    t0, s5, 4
core   0: 3 0x80001fa0 (0x404ad293) x 5 0x00000000
core   0: 0x80001fa4 (0x011d5db3) srl     s11, s10, a7
core   0: 3 0x80001fa4 (0x011d5db3) x27 0x7ffffc21
core   0: 0x80001fa8 (0x007f5d93) srli    s11, t5, 7
core   0: 3 0x80001fa8 (0x007f5d93) x27 0x00000000
core   0: 0x80001fac (0x43492013) slti    zero, s2, 1076
core   0: 3 0x80001fac (0x43492013)
core   0: 0x80001fb0 (0x00ac9513) slli    a0, s9, 10
core   0: 3 0x80001fb0 (0x00ac9513) x10 0xfffff400
core   0: 0x80001fb4 (0xffbf0f13) addi    t5, t5, -5
core   0: 3 0x80001fb4 (0xffbf0f13) x30 0x00000002
core   0: 0x80001fb8 (0x40b854b3) sra     s1, a6, a1
core   0: 3 0x80001fb8 (0x40b854b3) x 9 0x00000000
core   0: 0x80001fbc (0xff9f50e3) bge     t5, s9, pc - 32
core   0: 3 0x80001fbc (0xff9f50e3)
core   0: 0x80001f9c (0xf25d0693) addi    a3, s10, -219
core   0: 3 0x80001f9c (0xf25d0693) x13 0xfffff767
core   0: 0x80001fa0 (0x404ad293) srai    t0, s5, 4
core   0: 3 0x80001fa0 (0x404ad293) x 5 0x00000000
core   0: 0x80001fa4 (0x011d5db3) srl     s11, s10, a7
core   0: 3 0x80001fa4 (0x011d5db3) x27 0x7ffffc21
core   0: 0x80001fa8 (0x007f5d93) srli    s11, t5, 7
core   0: 3 0x80001fa8 (0x007f5d93) x27 0x00000000
core   0: 0x80001fac (0x43492013) slti    zero, s2, 1076
core   0: 3 0x80001fac (0x43492013)
core   0: 0x80001fb0 (0x00ac9513) slli    a0, s9, 10
core   0: 3 0x80001fb0 (0x00ac9513) x10 0xfffff400
core   0: 0x80001fb4 (0xffbf0f13) addi    t5, t5, -5
core   0: 3 0x80001fb4 (0xffbf0f13) x30 0xfffffffd
core   0: 0x80001fb8 (0x40b854b3) sra     s1, a6, a1
core   0: 3 0x80001fb8 (0x40b854b3) x 9 0x00000000
core   0: 0x80001fbc (0xff9f50e3) bge     t5, s9, pc - 32
core   0: 3 0x80001fbc (0xff9f50e3)
core   0: 0x80001f9c (0xf25d0693) addi    a3, s10, -219
core   0: 3 0x80001f9c (0xf25d0693) x13 0xfffff767
core   0: 0x80001fa0 (0x404ad293) srai    t0, s5, 4
core   0: 3 0x80001fa0 (0x404ad293) x 5 0x00000000
core   0: 0x80001fa4 (0x011d5db3) srl     s11, s10, a7
core   0: 3 0x80001fa4 (0x011d5db3) x27 0x7ffffc21
core   0: 0x80001fa8 (0x007f5d93) srli    s11, t5, 7
core   0: 3 0x80001fa8 (0x007f5d93) x27 0x01ffffff
core   0: 0x80001fac (0x43492013) slti    zero, s2, 1076
core   0: 3 0x80001fac (0x43492013)
core   0: 0x80001fb0 (0x00ac9513) slli    a0, s9, 10
core   0: 3 0x80001fb0 (0x00ac9513) x10 0xfffff400
core   0: 0x80001fb4 (0xffbf0f13) addi    t5, t5, -5
core   0: 3 0x80001fb4 (0xffbf0f13) x30 0xfffffff8
core   0: 0x80001fb8 (0x40b854b3) sra     s1, a6, a1
core   0: 3 0x80001fb8 (0x40b854b3) x 9 0x00000000
core   0: 0x80001fbc (0xff9f50e3) bge     t5, s9, pc - 32
core   0: 3 0x80001fbc (0xff9f50e3)
core   0: 0x80001fc0 (0x01641d93) slli    s11, s0, 22
core   0: 3 0x80001fc0 (0x01641d93) x27 0x00000000
core   0: 0x80001fc4 (0xfbd992e3) bne     s3, t4, pc - 92
core   0: 3 0x80001fc4 (0xfbd992e3)
core   0: 0x80001f68 (0x00000013) nop
core   0: 3 0x80001f68 (0x00000013)
core   0: 0x80001f6c (0x4a7df413) andi    s0, s11, 1191
core   0: 3 0x80001f6c (0x4a7df413) x 8 0x00000000
core   0: 0x80001f70 (0xfff98993) addi    s3, s3, -1
core   0: 3 0x80001f70 (0xfff98993) x19 0xfffffffe
core   0: 0x80001f74 (0x00000013) nop
core   0: 3 0x80001f74 (0x00000013)
core   0: 0x80001f78 (0x00536733) or      a4, t1, t0
core   0: 3 0x80001f78 (0x00536733) x14 0x80028ce4
core   0: 0x80001f7c (0x7b5d1397) auipc   t2, 0x7b5d1
core   0: 3 0x80001f7c (0x7b5d1397) x 7 0xfb5d2f7c
core   0: 0x80001f80 (0x401183b3) sub     t2, gp, ra
core   0: 3 0x80001f80 (0x401183b3) x 7 0xff5fffff
core   0: 0x80001f84 (0x0f67bf93) sltiu   t6, a5, 246
core   0: 3 0x80001f84 (0x0f67bf93) x31 0x00000001
core   0: 0x80001f88 (0x01f85413) srli    s0, a6, 31
core   0: 3 0x80001f88 (0x01f85413) x 8 0x00000000
core   0: 0x80001f8c (0x00700f13) li      t5, 7
core   0: 3 0x80001f8c (0x00700f13) x30 0x00000007
core   0: 0x80001f90 (0x0027adb3) slt     s11, a5, sp
core   0: 3 0x80001f90 (0x0027adb3) x27 0x00000000
core   0: 0x80001f94 (0xffd00c93) li      s9, -3
core   0: 3 0x80001f94 (0xffd00c93) x25 0xfffffffd
core   0: 0x80001f98 (0x00000013) nop
core   0: 3 0x80001f98 (0x00000013)
core   0: 0x80001f9c (0xf25d0693) addi    a3, s10, -219
core   0: 3 0x80001f9c (0xf25d0693) x13 0xfffff767
core   0: 0x80001fa0 (0x404ad293) srai    t0, s5, 4
core   0: 3 0x80001fa0 (0x404ad293) x 5 0x00000000
core   0: 0x80001fa4 (0x011d5db3) srl     s11, s10, a7
core   0: 3 0x80001fa4 (0x011d5db3) x27 0x7ffffc21
core   0: 0x80001fa8 (0x007f5d93) srli    s11, t5, 7
core   0: 3 0x80001fa8 (0x007f5d93) x27 0x00000000
core   0: 0x80001fac (0x43492013) slti    zero, s2, 1076
core   0: 3 0x80001fac (0x43492013)
core   0: 0x80001fb0 (0x00ac9513) slli    a0, s9, 10
core   0: 3 0x80001fb0 (0x00ac9513) x10 0xfffff400
core   0: 0x80001fb4 (0xffbf0f13) addi    t5, t5, -5
core   0: 3 0x80001fb4 (0xffbf0f13) x30 0x00000002
core   0: 0x80001fb8 (0x40b854b3) sra     s1, a6, a1
core   0: 3 0x80001fb8 (0x40b854b3) x 9 0x00000000
core   0: 0x80001fbc (0xff9f50e3) bge     t5, s9, pc - 32
core   0: 3 0x80001fbc (0xff9f50e3)
core   0: 0x80001f9c (0xf25d0693) addi    a3, s10, -219
core   0: 3 0x80001f9c (0xf25d0693) x13 0xfffff767
core   0: 0x80001fa0 (0x404ad293) srai    t0, s5, 4
core   0: 3 0x80001fa0 (0x404ad293) x 5 0x00000000
core   0: 0x80001fa4 (0x011d5db3) srl     s11, s10, a7
core   0: 3 0x80001fa4 (0x011d5db3) x27 0x7ffffc21
core   0: 0x80001fa8 (0x007f5d93) srli    s11, t5, 7
core   0: 3 0x80001fa8 (0x007f5d93) x27 0x00000000
core   0: 0x80001fac (0x43492013) slti    zero, s2, 1076
core   0: 3 0x80001fac (0x43492013)
core   0: 0x80001fb0 (0x00ac9513) slli    a0, s9, 10
core   0: 3 0x80001fb0 (0x00ac9513) x10 0xfffff400
core   0: 0x80001fb4 (0xffbf0f13) addi    t5, t5, -5
core   0: 3 0x80001fb4 (0xffbf0f13) x30 0xfffffffd
core   0: 0x80001fb8 (0x40b854b3) sra     s1, a6, a1
core   0: 3 0x80001fb8 (0x40b854b3) x 9 0x00000000
core   0: 0x80001fbc (0xff9f50e3) bge     t5, s9, pc - 32
core   0: 3 0x80001fbc (0xff9f50e3)
core   0: 0x80001f9c (0xf25d0693) addi    a3, s10, -219
core   0: 3 0x80001f9c (0xf25d0693) x13 0xfffff767
core   0: 0x80001fa0 (0x404ad293) srai    t0, s5, 4
core   0: 3 0x80001fa0 (0x404ad293) x 5 0x00000000
core   0: 0x80001fa4 (0x011d5db3) srl     s11, s10, a7
core   0: 3 0x80001fa4 (0x011d5db3) x27 0x7ffffc21
core   0: 0x80001fa8 (0x007f5d93) srli    s11, t5, 7
core   0: 3 0x80001fa8 (0x007f5d93) x27 0x01ffffff
core   0: 0x80001fac (0x43492013) slti    zero, s2, 1076
core   0: 3 0x80001fac (0x43492013)
core   0: 0x80001fb0 (0x00ac9513) slli    a0, s9, 10
core   0: 3 0x80001fb0 (0x00ac9513) x10 0xfffff400
core   0: 0x80001fb4 (0xffbf0f13) addi    t5, t5, -5
core   0: 3 0x80001fb4 (0xffbf0f13) x30 0xfffffff8
core   0: 0x80001fb8 (0x40b854b3) sra     s1, a6, a1
core   0: 3 0x80001fb8 (0x40b854b3) x 9 0x00000000
core   0: 0x80001fbc (0xff9f50e3) bge     t5, s9, pc - 32
core   0: 3 0x80001fbc (0xff9f50e3)
core   0: 0x80001fc0 (0x01641d93) slli    s11, s0, 22
core   0: 3 0x80001fc0 (0x01641d93) x27 0x00000000
core   0: 0x80001fc4 (0xfbd992e3) bne     s3, t4, pc - 92
core   0: 3 0x80001fc4 (0xfbd992e3)
core   0: 0x80001f68 (0x00000013) nop
core   0: 3 0x80001f68 (0x00000013)
core   0: 0x80001f6c (0x4a7df413) andi    s0, s11, 1191
core   0: 3 0x80001f6c (0x4a7df413) x 8 0x00000000
core   0: 0x80001f70 (0xfff98993) addi    s3, s3, -1
core   0: 3 0x80001f70 (0xfff98993) x19 0xfffffffd
core   0: 0x80001f74 (0x00000013) nop
core   0: 3 0x80001f74 (0x00000013)
core   0: 0x80001f78 (0x00536733) or      a4, t1, t0
core   0: 3 0x80001f78 (0x00536733) x14 0x80028ce4
core   0: 0x80001f7c (0x7b5d1397) auipc   t2, 0x7b5d1
core   0: 3 0x80001f7c (0x7b5d1397) x 7 0xfb5d2f7c
core   0: 0x80001f80 (0x401183b3) sub     t2, gp, ra
core   0: 3 0x80001f80 (0x401183b3) x 7 0xff5fffff
core   0: 0x80001f84 (0x0f67bf93) sltiu   t6, a5, 246
core   0: 3 0x80001f84 (0x0f67bf93) x31 0x00000001
core   0: 0x80001f88 (0x01f85413) srli    s0, a6, 31
core   0: 3 0x80001f88 (0x01f85413) x 8 0x00000000
core   0: 0x80001f8c (0x00700f13) li      t5, 7
core   0: 3 0x80001f8c (0x00700f13) x30 0x00000007
core   0: 0x80001f90 (0x0027adb3) slt     s11, a5, sp
core   0: 3 0x80001f90 (0x0027adb3) x27 0x00000000
core   0: 0x80001f94 (0xffd00c93) li      s9, -3
core   0: 3 0x80001f94 (0xffd00c93) x25 0xfffffffd
core   0: 0x80001f98 (0x00000013) nop
core   0: 3 0x80001f98 (0x00000013)
core   0: 0x80001f9c (0xf25d0693) addi    a3, s10, -219
core   0: 3 0x80001f9c (0xf25d0693) x13 0xfffff767
core   0: 0x80001fa0 (0x404ad293) srai    t0, s5, 4
core   0: 3 0x80001fa0 (0x404ad293) x 5 0x00000000
core   0: 0x80001fa4 (0x011d5db3) srl     s11, s10, a7
core   0: 3 0x80001fa4 (0x011d5db3) x27 0x7ffffc21
core   0: 0x80001fa8 (0x007f5d93) srli    s11, t5, 7
core   0: 3 0x80001fa8 (0x007f5d93) x27 0x00000000
core   0: 0x80001fac (0x43492013) slti    zero, s2, 1076
core   0: 3 0x80001fac (0x43492013)
core   0: 0x80001fb0 (0x00ac9513) slli    a0, s9, 10
core   0: 3 0x80001fb0 (0x00ac9513) x10 0xfffff400
core   0: 0x80001fb4 (0xffbf0f13) addi    t5, t5, -5
core   0: 3 0x80001fb4 (0xffbf0f13) x30 0x00000002
core   0: 0x80001fb8 (0x40b854b3) sra     s1, a6, a1
core   0: 3 0x80001fb8 (0x40b854b3) x 9 0x00000000
core   0: 0x80001fbc (0xff9f50e3) bge     t5, s9, pc - 32
core   0: 3 0x80001fbc (0xff9f50e3)
core   0: 0x80001f9c (0xf25d0693) addi    a3, s10, -219
core   0: 3 0x80001f9c (0xf25d0693) x13 0xfffff767
core   0: 0x80001fa0 (0x404ad293) srai    t0, s5, 4
core   0: 3 0x80001fa0 (0x404ad293) x 5 0x00000000
core   0: 0x80001fa4 (0x011d5db3) srl     s11, s10, a7
core   0: 3 0x80001fa4 (0x011d5db3) x27 0x7ffffc21
core   0: 0x80001fa8 (0x007f5d93) srli    s11, t5, 7
core   0: 3 0x80001fa8 (0x007f5d93) x27 0x00000000
core   0: 0x80001fac (0x43492013) slti    zero, s2, 1076
core   0: 3 0x80001fac (0x43492013)
core   0: 0x80001fb0 (0x00ac9513) slli    a0, s9, 10
core   0: 3 0x80001fb0 (0x00ac9513) x10 0xfffff400
core   0: 0x80001fb4 (0xffbf0f13) addi    t5, t5, -5
core   0: 3 0x80001fb4 (0xffbf0f13) x30 0xfffffffd
core   0: 0x80001fb8 (0x40b854b3) sra     s1, a6, a1
core   0: 3 0x80001fb8 (0x40b854b3) x 9 0x00000000
core   0: 0x80001fbc (0xff9f50e3) bge     t5, s9, pc - 32
core   0: 3 0x80001fbc (0xff9f50e3)
core   0: 0x80001f9c (0xf25d0693) addi    a3, s10, -219
core   0: 3 0x80001f9c (0xf25d0693) x13 0xfffff767
core   0: 0x80001fa0 (0x404ad293) srai    t0, s5, 4
core   0: 3 0x80001fa0 (0x404ad293) x 5 0x00000000
core   0: 0x80001fa4 (0x011d5db3) srl     s11, s10, a7
core   0: 3 0x80001fa4 (0x011d5db3) x27 0x7ffffc21
core   0: 0x80001fa8 (0x007f5d93) srli    s11, t5, 7
core   0: 3 0x80001fa8 (0x007f5d93) x27 0x01ffffff
core   0: 0x80001fac (0x43492013) slti    zero, s2, 1076
core   0: 3 0x80001fac (0x43492013)
core   0: 0x80001fb0 (0x00ac9513) slli    a0, s9, 10
core   0: 3 0x80001fb0 (0x00ac9513) x10 0xfffff400
core   0: 0x80001fb4 (0xffbf0f13) addi    t5, t5, -5
core   0: 3 0x80001fb4 (0xffbf0f13) x30 0xfffffff8
core   0: 0x80001fb8 (0x40b854b3) sra     s1, a6, a1
core   0: 3 0x80001fb8 (0x40b854b3) x 9 0x00000000
core   0: 0x80001fbc (0xff9f50e3) bge     t5, s9, pc - 32
core   0: 3 0x80001fbc (0xff9f50e3)
core   0: 0x80001fc0 (0x01641d93) slli    s11, s0, 22
core   0: 3 0x80001fc0 (0x01641d93) x27 0x00000000
core   0: 0x80001fc4 (0xfbd992e3) bne     s3, t4, pc - 92
core   0: 3 0x80001fc4 (0xfbd992e3)
core   0: 0x80001f68 (0x00000013) nop
core   0: 3 0x80001f68 (0x00000013)
core   0: 0x80001f6c (0x4a7df413) andi    s0, s11, 1191
core   0: 3 0x80001f6c (0x4a7df413) x 8 0x00000000
core   0: 0x80001f70 (0xfff98993) addi    s3, s3, -1
core   0: 3 0x80001f70 (0xfff98993) x19 0xfffffffc
core   0: 0x80001f74 (0x00000013) nop
core   0: 3 0x80001f74 (0x00000013)
core   0: 0x80001f78 (0x00536733) or      a4, t1, t0
core   0: 3 0x80001f78 (0x00536733) x14 0x80028ce4
core   0: 0x80001f7c (0x7b5d1397) auipc   t2, 0x7b5d1
core   0: 3 0x80001f7c (0x7b5d1397) x 7 0xfb5d2f7c
core   0: 0x80001f80 (0x401183b3) sub     t2, gp, ra
core   0: 3 0x80001f80 (0x401183b3) x 7 0xff5fffff
core   0: 0x80001f84 (0x0f67bf93) sltiu   t6, a5, 246
core   0: 3 0x80001f84 (0x0f67bf93) x31 0x00000001
core   0: 0x80001f88 (0x01f85413) srli    s0, a6, 31
core   0: 3 0x80001f88 (0x01f85413) x 8 0x00000000
core   0: 0x80001f8c (0x00700f13) li      t5, 7
core   0: 3 0x80001f8c (0x00700f13) x30 0x00000007
core   0: 0x80001f90 (0x0027adb3) slt     s11, a5, sp
core   0: 3 0x80001f90 (0x0027adb3) x27 0x00000000
core   0: 0x80001f94 (0xffd00c93) li      s9, -3
core   0: 3 0x80001f94 (0xffd00c93) x25 0xfffffffd
core   0: 0x80001f98 (0x00000013) nop
core   0: 3 0x80001f98 (0x00000013)
core   0: 0x80001f9c (0xf25d0693) addi    a3, s10, -219
core   0: 3 0x80001f9c (0xf25d0693) x13 0xfffff767
core   0: 0x80001fa0 (0x404ad293) srai    t0, s5, 4
core   0: 3 0x80001fa0 (0x404ad293) x 5 0x00000000
core   0: 0x80001fa4 (0x011d5db3) srl     s11, s10, a7
core   0: 3 0x80001fa4 (0x011d5db3) x27 0x7ffffc21
core   0: 0x80001fa8 (0x007f5d93) srli    s11, t5, 7
core   0: 3 0x80001fa8 (0x007f5d93) x27 0x00000000
core   0: 0x80001fac (0x43492013) slti    zero, s2, 1076
core   0: 3 0x80001fac (0x43492013)
core   0: 0x80001fb0 (0x00ac9513) slli    a0, s9, 10
core   0: 3 0x80001fb0 (0x00ac9513) x10 0xfffff400
core   0: 0x80001fb4 (0xffbf0f13) addi    t5, t5, -5
core   0: 3 0x80001fb4 (0xffbf0f13) x30 0x00000002
core   0: 0x80001fb8 (0x40b854b3) sra     s1, a6, a1
core   0: 3 0x80001fb8 (0x40b854b3) x 9 0x00000000
core   0: 0x80001fbc (0xff9f50e3) bge     t5, s9, pc - 32
core   0: 3 0x80001fbc (0xff9f50e3)
core   0: 0x80001f9c (0xf25d0693) addi    a3, s10, -219
core   0: 3 0x80001f9c (0xf25d0693) x13 0xfffff767
core   0: 0x80001fa0 (0x404ad293) srai    t0, s5, 4
core   0: 3 0x80001fa0 (0x404ad293) x 5 0x00000000
core   0: 0x80001fa4 (0x011d5db3) srl     s11, s10, a7
core   0: 3 0x80001fa4 (0x011d5db3) x27 0x7ffffc21
core   0: 0x80001fa8 (0x007f5d93) srli    s11, t5, 7
core   0: 3 0x80001fa8 (0x007f5d93) x27 0x00000000
core   0: 0x80001fac (0x43492013) slti    zero, s2, 1076
core   0: 3 0x80001fac (0x43492013)
core   0: 0x80001fb0 (0x00ac9513) slli    a0, s9, 10
core   0: 3 0x80001fb0 (0x00ac9513) x10 0xfffff400
core   0: 0x80001fb4 (0xffbf0f13) addi    t5, t5, -5
core   0: 3 0x80001fb4 (0xffbf0f13) x30 0xfffffffd
core   0: 0x80001fb8 (0x40b854b3) sra     s1, a6, a1
core   0: 3 0x80001fb8 (0x40b854b3) x 9 0x00000000
core   0: 0x80001fbc (0xff9f50e3) bge     t5, s9, pc - 32
core   0: 3 0x80001fbc (0xff9f50e3)
core   0: 0x80001f9c (0xf25d0693) addi    a3, s10, -219
core   0: 3 0x80001f9c (0xf25d0693) x13 0xfffff767
core   0: 0x80001fa0 (0x404ad293) srai    t0, s5, 4
core   0: 3 0x80001fa0 (0x404ad293) x 5 0x00000000
core   0: 0x80001fa4 (0x011d5db3) srl     s11, s10, a7
core   0: 3 0x80001fa4 (0x011d5db3) x27 0x7ffffc21
core   0: 0x80001fa8 (0x007f5d93) srli    s11, t5, 7
core   0: 3 0x80001fa8 (0x007f5d93) x27 0x01ffffff
core   0: 0x80001fac (0x43492013) slti    zero, s2, 1076
core   0: 3 0x80001fac (0x43492013)
core   0: 0x80001fb0 (0x00ac9513) slli    a0, s9, 10
core   0: 3 0x80001fb0 (0x00ac9513) x10 0xfffff400
core   0: 0x80001fb4 (0xffbf0f13) addi    t5, t5, -5
core   0: 3 0x80001fb4 (0xffbf0f13) x30 0xfffffff8
core   0: 0x80001fb8 (0x40b854b3) sra     s1, a6, a1
core   0: 3 0x80001fb8 (0x40b854b3) x 9 0x00000000
core   0: 0x80001fbc (0xff9f50e3) bge     t5, s9, pc - 32
core   0: 3 0x80001fbc (0xff9f50e3)
core   0: 0x80001fc0 (0x01641d93) slli    s11, s0, 22
core   0: 3 0x80001fc0 (0x01641d93) x27 0x00000000
core   0: 0x80001fc4 (0xfbd992e3) bne     s3, t4, pc - 92
core   0: 3 0x80001fc4 (0xfbd992e3)
core   0: 0x80001f68 (0x00000013) nop
core   0: 3 0x80001f68 (0x00000013)
core   0: 0x80001f6c (0x4a7df413) andi    s0, s11, 1191
core   0: 3 0x80001f6c (0x4a7df413) x 8 0x00000000
core   0: 0x80001f70 (0xfff98993) addi    s3, s3, -1
core   0: 3 0x80001f70 (0xfff98993) x19 0xfffffffb
core   0: 0x80001f74 (0x00000013) nop
core   0: 3 0x80001f74 (0x00000013)
core   0: 0x80001f78 (0x00536733) or      a4, t1, t0
core   0: 3 0x80001f78 (0x00536733) x14 0x80028ce4
core   0: 0x80001f7c (0x7b5d1397) auipc   t2, 0x7b5d1
core   0: 3 0x80001f7c (0x7b5d1397) x 7 0xfb5d2f7c
core   0: 0x80001f80 (0x401183b3) sub     t2, gp, ra
core   0: 3 0x80001f80 (0x401183b3) x 7 0xff5fffff
core   0: 0x80001f84 (0x0f67bf93) sltiu   t6, a5, 246
core   0: 3 0x80001f84 (0x0f67bf93) x31 0x00000001
core   0: 0x80001f88 (0x01f85413) srli    s0, a6, 31
core   0: 3 0x80001f88 (0x01f85413) x 8 0x00000000
core   0: 0x80001f8c (0x00700f13) li      t5, 7
core   0: 3 0x80001f8c (0x00700f13) x30 0x00000007
core   0: 0x80001f90 (0x0027adb3) slt     s11, a5, sp
core   0: 3 0x80001f90 (0x0027adb3) x27 0x00000000
core   0: 0x80001f94 (0xffd00c93) li      s9, -3
core   0: 3 0x80001f94 (0xffd00c93) x25 0xfffffffd
core   0: 0x80001f98 (0x00000013) nop
core   0: 3 0x80001f98 (0x00000013)
core   0: 0x80001f9c (0xf25d0693) addi    a3, s10, -219
core   0: 3 0x80001f9c (0xf25d0693) x13 0xfffff767
core   0: 0x80001fa0 (0x404ad293) srai    t0, s5, 4
core   0: 3 0x80001fa0 (0x404ad293) x 5 0x00000000
core   0: 0x80001fa4 (0x011d5db3) srl     s11, s10, a7
core   0: 3 0x80001fa4 (0x011d5db3) x27 0x7ffffc21
core   0: 0x80001fa8 (0x007f5d93) srli    s11, t5, 7
core   0: 3 0x80001fa8 (0x007f5d93) x27 0x00000000
core   0: 0x80001fac (0x43492013) slti    zero, s2, 1076
core   0: 3 0x80001fac (0x43492013)
core   0: 0x80001fb0 (0x00ac9513) slli    a0, s9, 10
core   0: 3 0x80001fb0 (0x00ac9513) x10 0xfffff400
core   0: 0x80001fb4 (0xffbf0f13) addi    t5, t5, -5
core   0: 3 0x80001fb4 (0xffbf0f13) x30 0x00000002
core   0: 0x80001fb8 (0x40b854b3) sra     s1, a6, a1
core   0: 3 0x80001fb8 (0x40b854b3) x 9 0x00000000
core   0: 0x80001fbc (0xff9f50e3) bge     t5, s9, pc - 32
core   0: 3 0x80001fbc (0xff9f50e3)
core   0: 0x80001f9c (0xf25d0693) addi    a3, s10, -219
core   0: 3 0x80001f9c (0xf25d0693) x13 0xfffff767
core   0: 0x80001fa0 (0x404ad293) srai    t0, s5, 4
core   0: 3 0x80001fa0 (0x404ad293) x 5 0x00000000
core   0: 0x80001fa4 (0x011d5db3) srl     s11, s10, a7
core   0: 3 0x80001fa4 (0x011d5db3) x27 0x7ffffc21
core   0: 0x80001fa8 (0x007f5d93) srli    s11, t5, 7
core   0: 3 0x80001fa8 (0x007f5d93) x27 0x00000000
core   0: 0x80001fac (0x43492013) slti    zero, s2, 1076
core   0: 3 0x80001fac (0x43492013)
core   0: 0x80001fb0 (0x00ac9513) slli    a0, s9, 10
core   0: 3 0x80001fb0 (0x00ac9513) x10 0xfffff400
core   0: 0x80001fb4 (0xffbf0f13) addi    t5, t5, -5
core   0: 3 0x80001fb4 (0xffbf0f13) x30 0xfffffffd
core   0: 0x80001fb8 (0x40b854b3) sra     s1, a6, a1
core   0: 3 0x80001fb8 (0x40b854b3) x 9 0x00000000
core   0: 0x80001fbc (0xff9f50e3) bge     t5, s9, pc - 32
core   0: 3 0x80001fbc (0xff9f50e3)
core   0: 0x80001f9c (0xf25d0693) addi    a3, s10, -219
core   0: 3 0x80001f9c (0xf25d0693) x13 0xfffff767
core   0: 0x80001fa0 (0x404ad293) srai    t0, s5, 4
core   0: 3 0x80001fa0 (0x404ad293) x 5 0x00000000
core   0: 0x80001fa4 (0x011d5db3) srl     s11, s10, a7
core   0: 3 0x80001fa4 (0x011d5db3) x27 0x7ffffc21
core   0: 0x80001fa8 (0x007f5d93) srli    s11, t5, 7
core   0: 3 0x80001fa8 (0x007f5d93) x27 0x01ffffff
core   0: 0x80001fac (0x43492013) slti    zero, s2, 1076
core   0: 3 0x80001fac (0x43492013)
core   0: 0x80001fb0 (0x00ac9513) slli    a0, s9, 10
core   0: 3 0x80001fb0 (0x00ac9513) x10 0xfffff400
core   0: 0x80001fb4 (0xffbf0f13) addi    t5, t5, -5
core   0: 3 0x80001fb4 (0xffbf0f13) x30 0xfffffff8
core   0: 0x80001fb8 (0x40b854b3) sra     s1, a6, a1
core   0: 3 0x80001fb8 (0x40b854b3) x 9 0x00000000
core   0: 0x80001fbc (0xff9f50e3) bge     t5, s9, pc - 32
core   0: 3 0x80001fbc (0xff9f50e3)
core   0: 0x80001fc0 (0x01641d93) slli    s11, s0, 22
core   0: 3 0x80001fc0 (0x01641d93) x27 0x00000000
core   0: 0x80001fc4 (0xfbd992e3) bne     s3, t4, pc - 92
core   0: 3 0x80001fc4 (0xfbd992e3)
core   0: 0x80001f68 (0x00000013) nop
core   0: 3 0x80001f68 (0x00000013)
core   0: 0x80001f6c (0x4a7df413) andi    s0, s11, 1191
core   0: 3 0x80001f6c (0x4a7df413) x 8 0x00000000
core   0: 0x80001f70 (0xfff98993) addi    s3, s3, -1
core   0: 3 0x80001f70 (0xfff98993) x19 0xfffffffa
core   0: 0x80001f74 (0x00000013) nop
core   0: 3 0x80001f74 (0x00000013)
core   0: 0x80001f78 (0x00536733) or      a4, t1, t0
core   0: 3 0x80001f78 (0x00536733) x14 0x80028ce4
core   0: 0x80001f7c (0x7b5d1397) auipc   t2, 0x7b5d1
core   0: 3 0x80001f7c (0x7b5d1397) x 7 0xfb5d2f7c
core   0: 0x80001f80 (0x401183b3) sub     t2, gp, ra
core   0: 3 0x80001f80 (0x401183b3) x 7 0xff5fffff
core   0: 0x80001f84 (0x0f67bf93) sltiu   t6, a5, 246
core   0: 3 0x80001f84 (0x0f67bf93) x31 0x00000001
core   0: 0x80001f88 (0x01f85413) srli    s0, a6, 31
core   0: 3 0x80001f88 (0x01f85413) x 8 0x00000000
core   0: 0x80001f8c (0x00700f13) li      t5, 7
core   0: 3 0x80001f8c (0x00700f13) x30 0x00000007
core   0: 0x80001f90 (0x0027adb3) slt     s11, a5, sp
core   0: 3 0x80001f90 (0x0027adb3) x27 0x00000000
core   0: 0x80001f94 (0xffd00c93) li      s9, -3
core   0: 3 0x80001f94 (0xffd00c93) x25 0xfffffffd
core   0: 0x80001f98 (0x00000013) nop
core   0: 3 0x80001f98 (0x00000013)
core   0: 0x80001f9c (0xf25d0693) addi    a3, s10, -219
core   0: 3 0x80001f9c (0xf25d0693) x13 0xfffff767
core   0: 0x80001fa0 (0x404ad293) srai    t0, s5, 4
core   0: 3 0x80001fa0 (0x404ad293) x 5 0x00000000
core   0: 0x80001fa4 (0x011d5db3) srl     s11, s10, a7
core   0: 3 0x80001fa4 (0x011d5db3) x27 0x7ffffc21
core   0: 0x80001fa8 (0x007f5d93) srli    s11, t5, 7
core   0: 3 0x80001fa8 (0x007f5d93) x27 0x00000000
core   0: 0x80001fac (0x43492013) slti    zero, s2, 1076
core   0: 3 0x80001fac (0x43492013)
core   0: 0x80001fb0 (0x00ac9513) slli    a0, s9, 10
core   0: 3 0x80001fb0 (0x00ac9513) x10 0xfffff400
core   0: 0x80001fb4 (0xffbf0f13) addi    t5, t5, -5
core   0: 3 0x80001fb4 (0xffbf0f13) x30 0x00000002
core   0: 0x80001fb8 (0x40b854b3) sra     s1, a6, a1
core   0: 3 0x80001fb8 (0x40b854b3) x 9 0x00000000
core   0: 0x80001fbc (0xff9f50e3) bge     t5, s9, pc - 32
core   0: 3 0x80001fbc (0xff9f50e3)
core   0: 0x80001f9c (0xf25d0693) addi    a3, s10, -219
core   0: 3 0x80001f9c (0xf25d0693) x13 0xfffff767
core   0: 0x80001fa0 (0x404ad293) srai    t0, s5, 4
core   0: 3 0x80001fa0 (0x404ad293) x 5 0x00000000
core   0: 0x80001fa4 (0x011d5db3) srl     s11, s10, a7
core   0: 3 0x80001fa4 (0x011d5db3) x27 0x7ffffc21
core   0: 0x80001fa8 (0x007f5d93) srli    s11, t5, 7
core   0: 3 0x80001fa8 (0x007f5d93) x27 0x00000000
core   0: 0x80001fac (0x43492013) slti    zero, s2, 1076
core   0: 3 0x80001fac (0x43492013)
core   0: 0x80001fb0 (0x00ac9513) slli    a0, s9, 10
core   0: 3 0x80001fb0 (0x00ac9513) x10 0xfffff400
core   0: 0x80001fb4 (0xffbf0f13) addi    t5, t5, -5
core   0: 3 0x80001fb4 (0xffbf0f13) x30 0xfffffffd
core   0: 0x80001fb8 (0x40b854b3) sra     s1, a6, a1
core   0: 3 0x80001fb8 (0x40b854b3) x 9 0x00000000
core   0: 0x80001fbc (0xff9f50e3) bge     t5, s9, pc - 32
core   0: 3 0x80001fbc (0xff9f50e3)
core   0: 0x80001f9c (0xf25d0693) addi    a3, s10, -219
core   0: 3 0x80001f9c (0xf25d0693) x13 0xfffff767
core   0: 0x80001fa0 (0x404ad293) srai    t0, s5, 4
core   0: 3 0x80001fa0 (0x404ad293) x 5 0x00000000
core   0: 0x80001fa4 (0x011d5db3) srl     s11, s10, a7
core   0: 3 0x80001fa4 (0x011d5db3) x27 0x7ffffc21
core   0: 0x80001fa8 (0x007f5d93) srli    s11, t5, 7
core   0: 3 0x80001fa8 (0x007f5d93) x27 0x01ffffff
core   0: 0x80001fac (0x43492013) slti    zero, s2, 1076
core   0: 3 0x80001fac (0x43492013)
core   0: 0x80001fb0 (0x00ac9513) slli    a0, s9, 10
core   0: 3 0x80001fb0 (0x00ac9513) x10 0xfffff400
core   0: 0x80001fb4 (0xffbf0f13) addi    t5, t5, -5
core   0: 3 0x80001fb4 (0xffbf0f13) x30 0xfffffff8
core   0: 0x80001fb8 (0x40b854b3) sra     s1, a6, a1
core   0: 3 0x80001fb8 (0x40b854b3) x 9 0x00000000
core   0: 0x80001fbc (0xff9f50e3) bge     t5, s9, pc - 32
core   0: 3 0x80001fbc (0xff9f50e3)
core   0: 0x80001fc0 (0x01641d93) slli    s11, s0, 22
core   0: 3 0x80001fc0 (0x01641d93) x27 0x00000000
core   0: 0x80001fc4 (0xfbd992e3) bne     s3, t4, pc - 92
core   0: 3 0x80001fc4 (0xfbd992e3)
core   0: 0x80001fc8 (0x00f7fb33) and     s6, a5, a5
core   0: 3 0x80001fc8 (0x00f7fb33) x22 0x00000000
core   0: 0x80001fcc (0xffb00413) li      s0, -5
core   0: 3 0x80001fcc (0xffb00413) x 8 0xfffffffb
core   0: 0x80001fd0 (0x878c0313) addi    t1, s8, -1928
core   0: 3 0x80001fd0 (0x878c0313) x 6 0xfffff879
core   0: 0x80001fd4 (0x00b00713) li      a4, 11
core   0: 3 0x80001fd4 (0x00b00713) x14 0x0000000b
core   0: 0x80001fd8 (0x418cd913) srai    s2, s9, 24
core   0: 3 0x80001fd8 (0x418cd913) x18 0xffffffff
core   0: 0x80001fdc (0x01cb82b3) add     t0, s7, t3
core   0: 3 0x80001fdc (0x01cb82b3) x 5 0xfffffb8c
core   0: 0x80001fe0 (0x6d0b6917) auipc   s2, 0x6d0b6
core   0: 3 0x80001fe0 (0x6d0b6917) x18 0xed0b7fe0
core   0: 0x80001fe4 (0x00241533) sll     a0, s0, sp
core   0: 3 0x80001fe4 (0x00241533) x10 0xffffffb0
core   0: 0x80001fe8 (0x00840413) addi    s0, s0, 8
core   0: 3 0x80001fe8 (0x00840413) x 8 0x00000003
core   0: 0x80001fec (0x0000100f) fence.i
core   0: 3 0x80001fec (0x0000100f)
core   0: 0x80001ff0 (0xffc00d93) li      s11, -4
core   0: 3 0x80001ff0 (0xffc00d93) x27 0xfffffffc
core   0: 0x80001ff4 (0x0ff0000f) fence   iorw,iorw
core   0: 3 0x80001ff4 (0x0ff0000f)
core   0: 0x80001ff8 (0x40a5d193) srai    gp, a1, 10
core   0: 3 0x80001ff8 (0x40a5d193) x 3 0xffe00000
core   0: 0x80001ffc (0x005bf2b3) and     t0, s7, t0
core   0: 3 0x80001ffc (0x005bf2b3) x 5 0xfffffb8c
core   0: 0x80002000 (0x00800393) li      t2, 8
core   0: 3 0x80002000 (0x00800393) x 7 0x00000008
core   0: 0x80002004 (0x01b86f33) or      t5, a6, s11
core   0: 3 0x80002004 (0x01b86f33) x30 0xfffffffc
core   0: 0x80002008 (0x0000100f) fence.i
core   0: 3 0x80002008 (0x0000100f)
core   0: 0x8000200c (0x016fd013) srli    zero, t6, 22
core   0: 3 0x8000200c (0x016fd013)
core   0: 0x80002010 (0x00f15213) srli    tp, sp, 15
core   0: 3 0x80002010 (0x00f15213) x 4 0x00010005
core   0: 0x80002014 (0x002d8d93) addi    s11, s11, 2
core   0: 3 0x80002014 (0x002d8d93) x27 0xfffffffe
core   0: 0x80002018 (0x7be58493) addi    s1, a1, 1982
core   0: 3 0x80002018 (0x7be58493) x 9 0x800007be
core   0: 0x8000201c (0x0000100f) fence.i
core   0: 3 0x8000201c (0x0000100f)
core   0: 0x80002020 (0xfe7de2e3) bltu    s11, t2, pc - 28
core   0: 3 0x80002020 (0xfe7de2e3)
core   0: 0x80002024 (0x01bdab33) slt     s6, s11, s11
core   0: 3 0x80002024 (0x01bdab33) x22 0x00000000
core   0: 0x80002028 (0x9211ba13) sltiu   s4, gp, -1759
core   0: 3 0x80002028 (0x9211ba13) x20 0x00000001
core   0: 0x8000202c (0x0195ac33) slt     s8, a1, s9
core   0: 3 0x8000202c (0x0195ac33) x24 0x00000001
core   0: 0x80002030 (0x41938033) sub     zero, t2, s9
core   0: 3 0x80002030 (0x41938033)
core   0: 0x80002034 (0xfae416e3) bne     s0, a4, pc - 84
core   0: 3 0x80002034 (0xfae416e3)
core   0: 0x80001fe0 (0x6d0b6917) auipc   s2, 0x6d0b6
core   0: 3 0x80001fe0 (0x6d0b6917) x18 0xed0b7fe0
core   0: 0x80001fe4 (0x00241533) sll     a0, s0, sp
core   0: 3 0x80001fe4 (0x00241533) x10 0x00000030
core   0: 0x80001fe8 (0x00840413) addi    s0, s0, 8
core   0: 3 0x80001fe8 (0x00840413) x 8 0x0000000b
core   0: 0x80001fec (0x0000100f) fence.i
core   0: 3 0x80001fec (0x0000100f)
core   0: 0x80001ff0 (0xffc00d93) li      s11, -4
core   0: 3 0x80001ff0 (0xffc00d93) x27 0xfffffffc
core   0: 0x80001ff4 (0x0ff0000f) fence   iorw,iorw
core   0: 3 0x80001ff4 (0x0ff0000f)
core   0: 0x80001ff8 (0x40a5d193) srai    gp, a1, 10
core   0: 3 0x80001ff8 (0x40a5d193) x 3 0xffe00000
core   0: 0x80001ffc (0x005bf2b3) and     t0, s7, t0
core   0: 3 0x80001ffc (0x005bf2b3) x 5 0xfffffb8c
core   0: 0x80002000 (0x00800393) li      t2, 8
core   0: 3 0x80002000 (0x00800393) x 7 0x00000008
core   0: 0x80002004 (0x01b86f33) or      t5, a6, s11
core   0: 3 0x80002004 (0x01b86f33) x30 0xfffffffc
core   0: 0x80002008 (0x0000100f) fence.i
core   0: 3 0x80002008 (0x0000100f)
core   0: 0x8000200c (0x016fd013) srli    zero, t6, 22
core   0: 3 0x8000200c (0x016fd013)
core   0: 0x80002010 (0x00f15213) srli    tp, sp, 15
core   0: 3 0x80002010 (0x00f15213) x 4 0x00010005
core   0: 0x80002014 (0x002d8d93) addi    s11, s11, 2
core   0: 3 0x80002014 (0x002d8d93) x27 0xfffffffe
core   0: 0x80002018 (0x7be58493) addi    s1, a1, 1982
core   0: 3 0x80002018 (0x7be58493) x 9 0x800007be
core   0: 0x8000201c (0x0000100f) fence.i
core   0: 3 0x8000201c (0x0000100f)
core   0: 0x80002020 (0xfe7de2e3) bltu    s11, t2, pc - 28
core   0: 3 0x80002020 (0xfe7de2e3)
core   0: 0x80002024 (0x01bdab33) slt     s6, s11, s11
core   0: 3 0x80002024 (0x01bdab33) x22 0x00000000
core   0: 0x80002028 (0x9211ba13) sltiu   s4, gp, -1759
core   0: 3 0x80002028 (0x9211ba13) x20 0x00000001
core   0: 0x8000202c (0x0195ac33) slt     s8, a1, s9
core   0: 3 0x8000202c (0x0195ac33) x24 0x00000001
core   0: 0x80002030 (0x41938033) sub     zero, t2, s9
core   0: 3 0x80002030 (0x41938033)
core   0: 0x80002034 (0xfae416e3) bne     s0, a4, pc - 84
core   0: 3 0x80002034 (0xfae416e3)
core   0: 0x80002038 (0x41a8df13) srai    t5, a7, 26
core   0: 3 0x80002038 (0x41a8df13) x30 0x00000000
core   0: 0x8000203c (0x00000f13) li      t5, 0
core   0: 3 0x8000203c (0x00000f13) x30 0x00000000
core   0: 0x80002040 (0x00c00393) li      t2, 12
core   0: 3 0x80002040 (0x00c00393) x 7 0x0000000c
core   0: 0x80002044 (0x08a40f93) addi    t6, s0, 138
core   0: 3 0x80002044 (0x08a40f93) x31 0x00000095
core   0: 0x80002048 (0x41a05813) srai    a6, zero, 26
core   0: 3 0x80002048 (0x41a05813) x16 0x00000000
core   0: 0x8000204c (0x004f0f13) addi    t5, t5, 4
core   0: 3 0x8000204c (0x004f0f13) x30 0x00000004
core   0: 0x80002050 (0x00000913) li      s2, 0
core   0: 3 0x80002050 (0x00000913) x18 0x00000000
core   0: 0x80002054 (0x01000d93) li      s11, 16
core   0: 3 0x80002054 (0x01000d93) x27 0x00000010
core   0: 0x80002058 (0x6871d097) auipc   ra, 0x6871d
core   0: 3 0x80002058 (0x6871d097) x 1 0xe871f058
core   0: 0x8000205c (0x00390913) addi    s2, s2, 3
core   0: 3 0x8000205c (0x00390913) x18 0x00000003
core   0: 0x80002060 (0x9dc78c13) addi    s8, a5, -1572
core   0: 3 0x80002060 (0x9dc78c13) x24 0xfffff9dc
core   0: 0x80002064 (0xffb96ae3) bltu    s2, s11, pc - 12
core   0: 3 0x80002064 (0xffb96ae3)
core   0: 0x80002058 (0x6871d097) auipc   ra, 0x6871d
core   0: 3 0x80002058 (0x6871d097) x 1 0xe871f058
core   0: 0x8000205c (0x00390913) addi    s2, s2, 3
core   0: 3 0x8000205c (0x00390913) x18 0x00000006
core   0: 0x80002060 (0x9dc78c13) addi    s8, a5, -1572
core   0: 3 0x80002060 (0x9dc78c13) x24 0xfffff9dc
core   0: 0x80002064 (0xffb96ae3) bltu    s2, s11, pc - 12
core   0: 3 0x80002064 (0xffb96ae3)
core   0: 0x80002058 (0x6871d097) auipc   ra, 0x6871d
core   0: 3 0x80002058 (0x6871d097) x 1 0xe871f058
core   0: 0x8000205c (0x00390913) addi    s2, s2, 3
core   0: 3 0x8000205c (0x00390913) x18 0x00000009
core   0: 0x80002060 (0x9dc78c13) addi    s8, a5, -1572
core   0: 3 0x80002060 (0x9dc78c13) x24 0xfffff9dc
core   0: 0x80002064 (0xffb96ae3) bltu    s2, s11, pc - 12
core   0: 3 0x80002064 (0xffb96ae3)
core   0: 0x80002058 (0x6871d097) auipc   ra, 0x6871d
core   0: 3 0x80002058 (0x6871d097) x 1 0xe871f058
core   0: 0x8000205c (0x00390913) addi    s2, s2, 3
core   0: 3 0x8000205c (0x00390913) x18 0x0000000c
core   0: 0x80002060 (0x9dc78c13) addi    s8, a5, -1572
core   0: 3 0x80002060 (0x9dc78c13) x24 0xfffff9dc
core   0: 0x80002064 (0xffb96ae3) bltu    s2, s11, pc - 12
core   0: 3 0x80002064 (0xffb96ae3)
core   0: 0x80002058 (0x6871d097) auipc   ra, 0x6871d
core   0: 3 0x80002058 (0x6871d097) x 1 0xe871f058
core   0: 0x8000205c (0x00390913) addi    s2, s2, 3
core   0: 3 0x8000205c (0x00390913) x18 0x0000000f
core   0: 0x80002060 (0x9dc78c13) addi    s8, a5, -1572
core   0: 3 0x80002060 (0x9dc78c13) x24 0xfffff9dc
core   0: 0x80002064 (0xffb96ae3) bltu    s2, s11, pc - 12
core   0: 3 0x80002064 (0xffb96ae3)
core   0: 0x80002058 (0x6871d097) auipc   ra, 0x6871d
core   0: 3 0x80002058 (0x6871d097) x 1 0xe871f058
core   0: 0x8000205c (0x00390913) addi    s2, s2, 3
core   0: 3 0x8000205c (0x00390913) x18 0x00000012
core   0: 0x80002060 (0x9dc78c13) addi    s8, a5, -1572
core   0: 3 0x80002060 (0x9dc78c13) x24 0xfffff9dc
core   0: 0x80002064 (0xffb96ae3) bltu    s2, s11, pc - 12
core   0: 3 0x80002064 (0xffb96ae3)
core   0: 0x80002068 (0xfc7f0ee3) beq     t5, t2, pc - 36
core   0: 3 0x80002068 (0xfc7f0ee3)
core   0: 0x8000206c (0x40d306b3) sub     a3, t1, a3
core   0: 3 0x8000206c (0x40d306b3) x13 0x00000112
core   0: 0x80002070 (0xffd00793) li      a5, -3
core   0: 3 0x80002070 (0xffd00793) x15 0xfffffffd
core   0: 0x80002074 (0x4463e213) ori     tp, t2, 1094
core   0: 3 0x80002074 (0x4463e213) x 4 0x0000044e
core   0: 0x80002078 (0x00d1d1b3) srl     gp, gp, a3
core   0: 3 0x80002078 (0x00d1d1b3) x 3 0x00003ff8
core   0: 0x8000207c (0x8a566993) ori     s3, a2, -1883
core   0: 3 0x8000207c (0x8a566993) x19 0xfffffee5
core   0: 0x80002080 (0x01453b33) sltu    s6, a0, s4
core   0: 3 0x80002080 (0x01453b33) x22 0x00000000
core   0: 0x80002084 (0x0121e933) or      s2, gp, s2
core   0: 3 0x80002084 (0x0121e933) x18 0x00003ffa
core   0: 0x80002088 (0x0000100f) fence.i
core   0: 3 0x80002088 (0x0000100f)
core   0: 0x8000208c (0x00000893) li      a7, 0
core   0: 3 0x8000208c (0x00000893) x17 0x00000000
core   0: 0x80002090 (0x0717da17) auipc   s4, 0x717d
core   0: 3 0x80002090 (0x0717da17) x20 0x8717f090
core   0: 0x80002094 (0x412f02b3) sub     t0, t5, s2
core   0: 3 0x80002094 (0x412f02b3) x 5 0xffffc00a
core   0: 0x80002098 (0x00178793) addi    a5, a5, 1
core   0: 3 0x80002098 (0x00178793) x15 0xfffffffe
core   0: 0x8000209c (0x210bf313) andi    t1, s7, 528
core   0: 3 0x8000209c (0x210bf313) x 6 0x00000200
core   0: 0x800020a0 (0xff800513) li      a0, -8
core   0: 3 0x800020a0 (0xff800513) x10 0xfffffff8
core   0: 0x800020a4 (0x01472933) slt     s2, a4, s4
core   0: 3 0x800020a4 (0x01472933) x18 0x00000000
core   0: 0x800020a8 (0x01cde033) or      zero, s11, t3
core   0: 3 0x800020a8 (0x01cde033)
core   0: 0x800020ac (0xba2e0d13) addi    s10, t3, -1118
core   0: 3 0x800020ac (0xba2e0d13) x26 0xfffffba2
core   0: 0x800020b0 (0x41f604b3) sub     s1, a2, t6
core   0: 3 0x800020b0 (0x41f604b3) x 9 0x80024dcf
core   0: 0x800020b4 (0xffa00b93) li      s7, -6
core   0: 3 0x800020b4 (0xffa00b93) x23 0xfffffffa
core   0: 0x800020b8 (0x41448833) sub     a6, s1, s4
core   0: 3 0x800020b8 (0x41448833) x16 0xf8ea5d3f
core   0: 0x800020bc (0xb4532993) slti    s3, t1, -1211
core   0: 3 0x800020bc (0xb4532993) x19 0x00000000
core   0: 0x800020c0 (0x94750e13) addi    t3, a0, -1721
core   0: 3 0x800020c0 (0x94750e13) x28 0xfffff93f
core   0: 0x800020c4 (0x00a50513) addi    a0, a0, 10
core   0: 3 0x800020c4 (0x00a50513) x10 0x00000002
core   0: 0x800020c8 (0xff754ae3) blt     a0, s7, pc - 12
core   0: 3 0x800020c8 (0xff754ae3)
core   0: 0x800020cc (0x955f6a93) ori     s5, t5, -1707
core   0: 3 0x800020cc (0x955f6a93) x21 0xfffff955
core   0: 0x800020d0 (0x01c89913) slli    s2, a7, 28
core   0: 3 0x800020d0 (0x01c89913) x18 0x00000000
core   0: 0x800020d4 (0x266afcb7) lui     s9, 0x266af
core   0: 3 0x800020d4 (0x266afcb7) x25 0x266af000
core   0: 0x800020d8 (0x59298d13) addi    s10, s3, 1426
core   0: 3 0x800020d8 (0x59298d13) x26 0x00000592
core   0: 0x800020dc (0x0000100f) fence.i
core   0: 3 0x800020dc (0x0000100f)
core   0: 0x800020e0 (0xfb179ae3) bne     a5, a7, pc - 76
core   0: 3 0x800020e0 (0xfb179ae3)
core   0: 0x80002094 (0x412f02b3) sub     t0, t5, s2
core   0: 3 0x80002094 (0x412f02b3) x 5 0x00000004
core   0: 0x80002098 (0x00178793) addi    a5, a5, 1
core   0: 3 0x80002098 (0x00178793) x15 0xffffffff
core   0: 0x8000209c (0x210bf313) andi    t1, s7, 528
core   0: 3 0x8000209c (0x210bf313) x 6 0x00000210
core   0: 0x800020a0 (0xff800513) li      a0, -8
core   0: 3 0x800020a0 (0xff800513) x10 0xfffffff8
core   0: 0x800020a4 (0x01472933) slt     s2, a4, s4
core   0: 3 0x800020a4 (0x01472933) x18 0x00000000
core   0: 0x800020a8 (0x01cde033) or      zero, s11, t3
core   0: 3 0x800020a8 (0x01cde033)
core   0: 0x800020ac (0xba2e0d13) addi    s10, t3, -1118
core   0: 3 0x800020ac (0xba2e0d13) x26 0xfffff4e1
core   0: 0x800020b0 (0x41f604b3) sub     s1, a2, t6
core   0: 3 0x800020b0 (0x41f604b3) x 9 0x80024dcf
core   0: 0x800020b4 (0xffa00b93) li      s7, -6
core   0: 3 0x800020b4 (0xffa00b93) x23 0xfffffffa
core   0: 0x800020b8 (0x41448833) sub     a6, s1, s4
core   0: 3 0x800020b8 (0x41448833) x16 0xf8ea5d3f
core   0: 0x800020bc (0xb4532993) slti    s3, t1, -1211
core   0: 3 0x800020bc (0xb4532993) x19 0x00000000
core   0: 0x800020c0 (0x94750e13) addi    t3, a0, -1721
core   0: 3 0x800020c0 (0x94750e13) x28 0xfffff93f
core   0: 0x800020c4 (0x00a50513) addi    a0, a0, 10
core   0: 3 0x800020c4 (0x00a50513) x10 0x00000002
core   0: 0x800020c8 (0xff754ae3) blt     a0, s7, pc - 12
core   0: 3 0x800020c8 (0xff754ae3)
core   0: 0x800020cc (0x955f6a93) ori     s5, t5, -1707
core   0: 3 0x800020cc (0x955f6a93) x21 0xfffff955
core   0: 0x800020d0 (0x01c89913) slli    s2, a7, 28
core   0: 3 0x800020d0 (0x01c89913) x18 0x00000000
core   0: 0x800020d4 (0x266afcb7) lui     s9, 0x266af
core   0: 3 0x800020d4 (0x266afcb7) x25 0x266af000
core   0: 0x800020d8 (0x59298d13) addi    s10, s3, 1426
core   0: 3 0x800020d8 (0x59298d13) x26 0x00000592
core   0: 0x800020dc (0x0000100f) fence.i
core   0: 3 0x800020dc (0x0000100f)
core   0: 0x800020e0 (0xfb179ae3) bne     a5, a7, pc - 76
core   0: 3 0x800020e0 (0xfb179ae3)
core   0: 0x80002094 (0x412f02b3) sub     t0, t5, s2
core   0: 3 0x80002094 (0x412f02b3) x 5 0x00000004
core   0: 0x80002098 (0x00178793) addi    a5, a5, 1
core   0: 3 0x80002098 (0x00178793) x15 0x00000000
core   0: 0x8000209c (0x210bf313) andi    t1, s7, 528
core   0: 3 0x8000209c (0x210bf313) x 6 0x00000210
core   0: 0x800020a0 (0xff800513) li      a0, -8
core   0: 3 0x800020a0 (0xff800513) x10 0xfffffff8
core   0: 0x800020a4 (0x01472933) slt     s2, a4, s4
core   0: 3 0x800020a4 (0x01472933) x18 0x00000000
core   0: 0x800020a8 (0x01cde033) or      zero, s11, t3
core   0: 3 0x800020a8 (0x01cde033)
core   0: 0x800020ac (0xba2e0d13) addi    s10, t3, -1118
core   0: 3 0x800020ac (0xba2e0d13) x26 0xfffff4e1
core   0: 0x800020b0 (0x41f604b3) sub     s1, a2, t6
core   0: 3 0x800020b0 (0x41f604b3) x 9 0x80024dcf
core   0: 0x800020b4 (0xffa00b93) li      s7, -6
core   0: 3 0x800020b4 (0xffa00b93) x23 0xfffffffa
core   0: 0x800020b8 (0x41448833) sub     a6, s1, s4
core   0: 3 0x800020b8 (0x41448833) x16 0xf8ea5d3f
core   0: 0x800020bc (0xb4532993) slti    s3, t1, -1211
core   0: 3 0x800020bc (0xb4532993) x19 0x00000000
core   0: 0x800020c0 (0x94750e13) addi    t3, a0, -1721
core   0: 3 0x800020c0 (0x94750e13) x28 0xfffff93f
core   0: 0x800020c4 (0x00a50513) addi    a0, a0, 10
core   0: 3 0x800020c4 (0x00a50513) x10 0x00000002
core   0: 0x800020c8 (0xff754ae3) blt     a0, s7, pc - 12
core   0: 3 0x800020c8 (0xff754ae3)
core   0: 0x800020cc (0x955f6a93) ori     s5, t5, -1707
core   0: 3 0x800020cc (0x955f6a93) x21 0xfffff955
core   0: 0x800020d0 (0x01c89913) slli    s2, a7, 28
core   0: 3 0x800020d0 (0x01c89913) x18 0x00000000
core   0: 0x800020d4 (0x266afcb7) lui     s9, 0x266af
core   0: 3 0x800020d4 (0x266afcb7) x25 0x266af000
core   0: 0x800020d8 (0x59298d13) addi    s10, s3, 1426
core   0: 3 0x800020d8 (0x59298d13) x26 0x00000592
core   0: 0x800020dc (0x0000100f) fence.i
core   0: 3 0x800020dc (0x0000100f)
core   0: 0x800020e0 (0xfb179ae3) bne     a5, a7, pc - 76
core   0: 3 0x800020e0 (0xfb179ae3)
core   0: 0x800020e4 (0xa194ed37) lui     s10, 0xa194e
core   0: 3 0x800020e4 (0xa194ed37) x26 0xa194e000
core   0: 0x800020e8 (0x00200a13) li      s4, 2
core   0: 3 0x800020e8 (0x00200a13) x20 0x00000002
core   0: 0x800020ec (0x4052d213) srai    tp, t0, 5
core   0: 3 0x800020ec (0x4052d213) x 4 0x00000000
core   0: 0x800020f0 (0x00750833) add     a6, a0, t2
core   0: 3 0x800020f0 (0x00750833) x16 0x0000000e
core   0: 0x800020f4 (0xc9d36f13) ori     t5, t1, -867
core   0: 3 0x800020f4 (0xc9d36f13) x30 0xfffffe9d
core   0: 0x800020f8 (0xff200c13) li      s8, -14
core   0: 3 0x800020f8 (0xff200c13) x24 0xfffffff2
core   0: 0x800020fc (0x004ad213) srli    tp, s5, 4
core   0: 3 0x800020fc (0x004ad213) x 4 0x0fffff95
core   0: 0x80002100 (0x016eaf33) slt     t5, t4, s6
core   0: 3 0x80002100 (0x016eaf33) x30 0x00000001
core   0: 0x80002104 (0x01e49013) slli    zero, s1, 30
core   0: 3 0x80002104 (0x01e49013)
core   0: 0x80002108 (0xff8a0a13) addi    s4, s4, -8
core   0: 3 0x80002108 (0xff8a0a13) x20 0xfffffffa
core   0: 0x8000210c (0xffd00293) li      t0, -3
core   0: 3 0x8000210c (0xffd00293) x 5 0xfffffffd
core   0: 0x80002110 (0x00700e93) li      t4, 7
core   0: 3 0x80002110 (0x00700e93) x29 0x00000007
core   0: 0x80002114 (0x0ff0000f) fence   iorw,iorw
core   0: 3 0x80002114 (0x0ff0000f)
core   0: 0x80002118 (0x6d3fe513) ori     a0, t6, 1747
core   0: 3 0x80002118 (0x6d3fe513) x10 0x000006d7
core   0: 0x8000211c (0x0000100f) fence.i
core   0: 3 0x8000211c (0x0000100f)
core   0: 0x80002120 (0x00a28293) addi    t0, t0, 10
core   0: 3 0x80002120 (0x00a28293) x 5 0x00000007
core   0: 0x80002124 (0xffd28ae3) beq     t0, t4, pc - 12
core   0: 3 0x80002124 (0xffd28ae3)
core   0: 0x80002118 (0x6d3fe513) ori     a0, t6, 1747
core   0: 3 0x80002118 (0x6d3fe513) x10 0x000006d7
core   0: 0x8000211c (0x0000100f) fence.i
core   0: 3 0x8000211c (0x0000100f)
core   0: 0x80002120 (0x00a28293) addi    t0, t0, 10
core   0: 3 0x80002120 (0x00a28293) x 5 0x00000011
core   0: 0x80002124 (0xffd28ae3) beq     t0, t4, pc - 12
core   0: 3 0x80002124 (0xffd28ae3)
core   0: 0x80002128 (0x1a132393) slti    t2, t1, 417
core   0: 3 0x80002128 (0x1a132393) x 7 0x00000000
core   0: 0x8000212c (0xfd8a0ae3) beq     s4, s8, pc - 44
core   0: 3 0x8000212c (0xfd8a0ae3)
core   0: 0x80002130 (0x0000100f) fence.i
core   0: 3 0x80002130 (0x0000100f)
core   0: 0x80002134 (0x00900713) li      a4, 9
core   0: 3 0x80002134 (0x00900713) x14 0x00000009
core   0: 0x80002138 (0x77e4b313) sltiu   t1, s1, 1918
core   0: 3 0x80002138 (0x77e4b313) x 6 0x00000000
core   0: 0x8000213c (0x41cd5e13) srai    t3, s10, 28
core   0: 3 0x8000213c (0x41cd5e13) x28 0xfffffffa
core   0: 0x80002140 (0x1fa72a13) slti    s4, a4, 506
core   0: 3 0x80002140 (0x1fa72a13) x20 0x00000001
core   0: 0x80002144 (0x00200d93) li      s11, 2
core   0: 3 0x80002144 (0x00200d93) x27 0x00000002
core   0: 0x80002148 (0xa2d14c13) xori    s8, sp, -1491
core   0: 3 0x80002148 (0xa2d14c13) x24 0x7ffd76c9
core   0: 0x8000214c (0x41aeda13) srai    s4, t4, 26
core   0: 3 0x8000214c (0x41aeda13) x20 0x00000000
core   0: 0x80002150 (0x7404ea97) auipc   s5, 0x7404e
core   0: 3 0x80002150 (0x7404ea97) x21 0xf4050150
core   0: 0x80002154 (0x0395f213) andi    tp, a1, 57
core   0: 3 0x80002154 (0x0395f213) x 4 0x00000000
core   0: 0x80002158 (0xea6e3c13) sltiu   s8, t3, -346
core   0: 3 0x80002158 (0xea6e3c13) x24 0x00000000
core   0: 0x8000215c (0xfff70713) addi    a4, a4, -1
core   0: 3 0x8000215c (0xfff70713) x14 0x00000008
core   0: 0x80002160 (0x61a8a213) slti    tp, a7, 1562
core   0: 3 0x80002160 (0x61a8a213) x 4 0x00000001
core   0: 0x80002164 (0xffb77ae3) bgeu    a4, s11, pc - 12
core   0: 3 0x80002164 (0xffb77ae3)
core   0: 0x80002158 (0xea6e3c13) sltiu   s8, t3, -346
core   0: 3 0x80002158 (0xea6e3c13) x24 0x00000000
core   0: 0x8000215c (0xfff70713) addi    a4, a4, -1
core   0: 3 0x8000215c (0xfff70713) x14 0x00000007
core   0: 0x80002160 (0x61a8a213) slti    tp, a7, 1562
core   0: 3 0x80002160 (0x61a8a213) x 4 0x00000001
core   0: 0x80002164 (0xffb77ae3) bgeu    a4, s11, pc - 12
core   0: 3 0x80002164 (0xffb77ae3)
core   0: 0x80002158 (0xea6e3c13) sltiu   s8, t3, -346
core   0: 3 0x80002158 (0xea6e3c13) x24 0x00000000
core   0: 0x8000215c (0xfff70713) addi    a4, a4, -1
core   0: 3 0x8000215c (0xfff70713) x14 0x00000006
core   0: 0x80002160 (0x61a8a213) slti    tp, a7, 1562
core   0: 3 0x80002160 (0x61a8a213) x 4 0x00000001
core   0: 0x80002164 (0xffb77ae3) bgeu    a4, s11, pc - 12
core   0: 3 0x80002164 (0xffb77ae3)
core   0: 0x80002158 (0xea6e3c13) sltiu   s8, t3, -346
core   0: 3 0x80002158 (0xea6e3c13) x24 0x00000000
core   0: 0x8000215c (0xfff70713) addi    a4, a4, -1
core   0: 3 0x8000215c (0xfff70713) x14 0x00000005
core   0: 0x80002160 (0x61a8a213) slti    tp, a7, 1562
core   0: 3 0x80002160 (0x61a8a213) x 4 0x00000001
core   0: 0x80002164 (0xffb77ae3) bgeu    a4, s11, pc - 12
core   0: 3 0x80002164 (0xffb77ae3)
core   0: 0x80002158 (0xea6e3c13) sltiu   s8, t3, -346
core   0: 3 0x80002158 (0xea6e3c13) x24 0x00000000
core   0: 0x8000215c (0xfff70713) addi    a4, a4, -1
core   0: 3 0x8000215c (0xfff70713) x14 0x00000004
core   0: 0x80002160 (0x61a8a213) slti    tp, a7, 1562
core   0: 3 0x80002160 (0x61a8a213) x 4 0x00000001
core   0: 0x80002164 (0xffb77ae3) bgeu    a4, s11, pc - 12
core   0: 3 0x80002164 (0xffb77ae3)
core   0: 0x80002158 (0xea6e3c13) sltiu   s8, t3, -346
core   0: 3 0x80002158 (0xea6e3c13) x24 0x00000000
core   0: 0x8000215c (0xfff70713) addi    a4, a4, -1
core   0: 3 0x8000215c (0xfff70713) x14 0x00000003
core   0: 0x80002160 (0x61a8a213) slti    tp, a7, 1562
core   0: 3 0x80002160 (0x61a8a213) x 4 0x00000001
core   0: 0x80002164 (0xffb77ae3) bgeu    a4, s11, pc - 12
core   0: 3 0x80002164 (0xffb77ae3)
core   0: 0x80002158 (0xea6e3c13) sltiu   s8, t3, -346
core   0: 3 0x80002158 (0xea6e3c13) x24 0x00000000
core   0: 0x8000215c (0xfff70713) addi    a4, a4, -1
core   0: 3 0x8000215c (0xfff70713) x14 0x00000002
core   0: 0x80002160 (0x61a8a213) slti    tp, a7, 1562
core   0: 3 0x80002160 (0x61a8a213) x 4 0x00000001
core   0: 0x80002164 (0xffb77ae3) bgeu    a4, s11, pc - 12
core   0: 3 0x80002164 (0xffb77ae3)
core   0: 0x80002158 (0xea6e3c13) sltiu   s8, t3, -346
core   0: 3 0x80002158 (0xea6e3c13) x24 0x00000000
core   0: 0x8000215c (0xfff70713) addi    a4, a4, -1
core   0: 3 0x8000215c (0xfff70713) x14 0x00000001
core   0: 0x80002160 (0x61a8a213) slti    tp, a7, 1562
core   0: 3 0x80002160 (0x61a8a213) x 4 0x00000001
core   0: 0x80002164 (0xffb77ae3) bgeu    a4, s11, pc - 12
core   0: 3 0x80002164 (0xffb77ae3)
core   0: 0x80002168 (0x4176dfb3) sra     t6, a3, s7
core   0: 3 0x80002168 (0x4176dfb3) x31 0x00000000
core   0: 0x8000216c (0x00900a13) li      s4, 9
core   0: 3 0x8000216c (0x00900a13) x20 0x00000009
core   0: 0x80002170 (0x011230b3) sltu    ra, tp, a7
core   0: 3 0x80002170 (0x011230b3) x 1 0x00000000
core   0: 0x80002174 (0x003f6f33) or      t5, t5, gp
core   0: 3 0x80002174 (0x003f6f33) x30 0x00003ff9
core   0: 0x80002178 (0x5738ae17) auipc   t3, 0x5738a
core   0: 3 0x80002178 (0x5738ae17) x28 0xd738c178
core   0: 0x8000217c (0xdbb6e513) ori     a0, a3, -581
core   0: 3 0x8000217c (0xdbb6e513) x10 0xfffffdbb
core   0: 0x80002180 (0x01300713) li      a4, 19
core   0: 3 0x80002180 (0x01300713) x14 0x00000013
core   0: 0x80002184 (0x3adbeb93) ori     s7, s7, 941
core   0: 3 0x80002184 (0x3adbeb93) x23 0xffffffff
core   0: 0x80002188 (0x67fc8e93) addi    t4, s9, 1663
core   0: 3 0x80002188 (0x67fc8e93) x29 0x266af67f
core   0: 0x8000218c (0x005c09b3) add     s3, s8, t0
core   0: 3 0x8000218c (0x005c09b3) x19 0x00000011
core   0: 0x80002190 (0x0000100f) fence.i
core   0: 3 0x80002190 (0x0000100f)
core   0: 0x80002194 (0x0000100f) fence.i
core   0: 3 0x80002194 (0x0000100f)
core   0: 0x80002198 (0x0014d2b3) srl     t0, s1, ra
core   0: 3 0x80002198 (0x0014d2b3) x 5 0x80024dcf
core   0: 0x8000219c (0x00691f33) sll     t5, s2, t1
core   0: 3 0x8000219c (0x00691f33) x30 0x00000000
core   0: 0x800021a0 (0x001df2b3) and     t0, s11, ra
core   0: 3 0x800021a0 (0x001df2b3) x 5 0x00000000
core   0: 0x800021a4 (0x0ff0000f) fence   iorw,iorw
core   0: 3 0x800021a4 (0x0ff0000f)
core   0: 0x800021a8 (0x000c5f93) srli    t6, s8, 0
core   0: 3 0x800021a8 (0x000c5f93) x31 0x00000000
core   0: 0x800021ac (0x001a0a13) addi    s4, s4, 1
core   0: 3 0x800021ac (0x001a0a13) x20 0x0000000a
core   0: 0x800021b0 (0x40efd533) sra     a0, t6, a4
core   0: 3 0x800021b0 (0x40efd533) x10 0x00000000
core   0: 0x800021b4 (0x011c02b3) add     t0, s8, a7
core   0: 3 0x800021b4 (0x011c02b3) x 5 0x00000000
core   0: 0x800021b8 (0x01a7f7b3) and     a5, a5, s10
core   0: 3 0x800021b8 (0x01a7f7b3) x15 0x00000000
core   0: 0x800021bc (0xf4dd4793) xori    a5, s10, -179
core   0: 3 0x800021bc (0xf4dd4793) x15 0x5e6b1f4d
core   0: 0x800021c0 (0xfeea10e3) bne     s4, a4, pc - 32
core   0: 3 0x800021c0 (0xfeea10e3)
core   0: 0x800021a0 (0x001df2b3) and     t0, s11, ra
core   0: 3 0x800021a0 (0x001df2b3) x 5 0x00000000
core   0: 0x800021a4 (0x0ff0000f) fence   iorw,iorw
core   0: 3 0x800021a4 (0x0ff0000f)
core   0: 0x800021a8 (0x000c5f93) srli    t6, s8, 0
core   0: 3 0x800021a8 (0x000c5f93) x31 0x00000000
core   0: 0x800021ac (0x001a0a13) addi    s4, s4, 1
core   0: 3 0x800021ac (0x001a0a13) x20 0x0000000b
core   0: 0x800021b0 (0x40efd533) sra     a0, t6, a4
core   0: 3 0x800021b0 (0x40efd533) x10 0x00000000
core   0: 0x800021b4 (0x011c02b3) add     t0, s8, a7
core   0: 3 0x800021b4 (0x011c02b3) x 5 0x00000000
core   0: 0x800021b8 (0x01a7f7b3) and     a5, a5, s10
core   0: 3 0x800021b8 (0x01a7f7b3) x15 0x00000000
core   0: 0x800021bc (0xf4dd4793) xori    a5, s10, -179
core   0: 3 0x800021bc (0xf4dd4793) x15 0x5e6b1f4d
core   0: 0x800021c0 (0xfeea10e3) bne     s4, a4, pc - 32
core   0: 3 0x800021c0 (0xfeea10e3)
core   0: 0x800021a0 (0x001df2b3) and     t0, s11, ra
core   0: 3 0x800021a0 (0x001df2b3) x 5 0x00000000
core   0: 0x800021a4 (0x0ff0000f) fence   iorw,iorw
core   0: 3 0x800021a4 (0x0ff0000f)
core   0: 0x800021a8 (0x000c5f93) srli    t6, s8, 0
core   0: 3 0x800021a8 (0x000c5f93) x31 0x00000000
core   0: 0x800021ac (0x001a0a13) addi    s4, s4, 1
core   0: 3 0x800021ac (0x001a0a13) x20 0x0000000c
core   0: 0x800021b0 (0x40efd533) sra     a0, t6, a4
core   0: 3 0x800021b0 (0x40efd533) x10 0x00000000
core   0: 0x800021b4 (0x011c02b3) add     t0, s8, a7
core   0: 3 0x800021b4 (0x011c02b3) x 5 0x00000000
core   0: 0x800021b8 (0x01a7f7b3) and     a5, a5, s10
core   0: 3 0x800021b8 (0x01a7f7b3) x15 0x00000000
core   0: 0x800021bc (0xf4dd4793) xori    a5, s10, -179
core   0: 3 0x800021bc (0xf4dd4793) x15 0x5e6b1f4d
core   0: 0x800021c0 (0xfeea10e3) bne     s4, a4, pc - 32
core   0: 3 0x800021c0 (0xfeea10e3)
core   0: 0x800021a0 (0x001df2b3) and     t0, s11, ra
core   0: 3 0x800021a0 (0x001df2b3) x 5 0x00000000
core   0: 0x800021a4 (0x0ff0000f) fence   iorw,iorw
core   0: 3 0x800021a4 (0x0ff0000f)
core   0: 0x800021a8 (0x000c5f93) srli    t6, s8, 0
core   0: 3 0x800021a8 (0x000c5f93) x31 0x00000000
core   0: 0x800021ac (0x001a0a13) addi    s4, s4, 1
core   0: 3 0x800021ac (0x001a0a13) x20 0x0000000d
core   0: 0x800021b0 (0x40efd533) sra     a0, t6, a4
core   0: 3 0x800021b0 (0x40efd533) x10 0x00000000
core   0: 0x800021b4 (0x011c02b3) add     t0, s8, a7
core   0: 3 0x800021b4 (0x011c02b3) x 5 0x00000000
core   0: 0x800021b8 (0x01a7f7b3) and     a5, a5, s10
core   0: 3 0x800021b8 (0x01a7f7b3) x15 0x00000000
core   0: 0x800021bc (0xf4dd4793) xori    a5, s10, -179
core   0: 3 0x800021bc (0xf4dd4793) x15 0x5e6b1f4d
core   0: 0x800021c0 (0xfeea10e3) bne     s4, a4, pc - 32
core   0: 3 0x800021c0 (0xfeea10e3)
core   0: 0x800021a0 (0x001df2b3) and     t0, s11, ra
core   0: 3 0x800021a0 (0x001df2b3) x 5 0x00000000
core   0: 0x800021a4 (0x0ff0000f) fence   iorw,iorw
core   0: 3 0x800021a4 (0x0ff0000f)
core   0: 0x800021a8 (0x000c5f93) srli    t6, s8, 0
core   0: 3 0x800021a8 (0x000c5f93) x31 0x00000000
core   0: 0x800021ac (0x001a0a13) addi    s4, s4, 1
core   0: 3 0x800021ac (0x001a0a13) x20 0x0000000e
core   0: 0x800021b0 (0x40efd533) sra     a0, t6, a4
core   0: 3 0x800021b0 (0x40efd533) x10 0x00000000
core   0: 0x800021b4 (0x011c02b3) add     t0, s8, a7
core   0: 3 0x800021b4 (0x011c02b3) x 5 0x00000000
core   0: 0x800021b8 (0x01a7f7b3) and     a5, a5, s10
core   0: 3 0x800021b8 (0x01a7f7b3) x15 0x00000000
core   0: 0x800021bc (0xf4dd4793) xori    a5, s10, -179
core   0: 3 0x800021bc (0xf4dd4793) x15 0x5e6b1f4d
core   0: 0x800021c0 (0xfeea10e3) bne     s4, a4, pc - 32
core   0: 3 0x800021c0 (0xfeea10e3)
core   0: 0x800021a0 (0x001df2b3) and     t0, s11, ra
core   0: 3 0x800021a0 (0x001df2b3) x 5 0x00000000
core   0: 0x800021a4 (0x0ff0000f) fence   iorw,iorw
core   0: 3 0x800021a4 (0x0ff0000f)
core   0: 0x800021a8 (0x000c5f93) srli    t6, s8, 0
core   0: 3 0x800021a8 (0x000c5f93) x31 0x00000000
core   0: 0x800021ac (0x001a0a13) addi    s4, s4, 1
core   0: 3 0x800021ac (0x001a0a13) x20 0x0000000f
core   0: 0x800021b0 (0x40efd533) sra     a0, t6, a4
core   0: 3 0x800021b0 (0x40efd533) x10 0x00000000
core   0: 0x800021b4 (0x011c02b3) add     t0, s8, a7
core   0: 3 0x800021b4 (0x011c02b3) x 5 0x00000000
core   0: 0x800021b8 (0x01a7f7b3) and     a5, a5, s10
core   0: 3 0x800021b8 (0x01a7f7b3) x15 0x00000000
core   0: 0x800021bc (0xf4dd4793) xori    a5, s10, -179
core   0: 3 0x800021bc (0xf4dd4793) x15 0x5e6b1f4d
core   0: 0x800021c0 (0xfeea10e3) bne     s4, a4, pc - 32
core   0: 3 0x800021c0 (0xfeea10e3)
core   0: 0x800021a0 (0x001df2b3) and     t0, s11, ra
core   0: 3 0x800021a0 (0x001df2b3) x 5 0x00000000
core   0: 0x800021a4 (0x0ff0000f) fence   iorw,iorw
core   0: 3 0x800021a4 (0x0ff0000f)
core   0: 0x800021a8 (0x000c5f93) srli    t6, s8, 0
core   0: 3 0x800021a8 (0x000c5f93) x31 0x00000000
core   0: 0x800021ac (0x001a0a13) addi    s4, s4, 1
core   0: 3 0x800021ac (0x001a0a13) x20 0x00000010
core   0: 0x800021b0 (0x40efd533) sra     a0, t6, a4
core   0: 3 0x800021b0 (0x40efd533) x10 0x00000000
core   0: 0x800021b4 (0x011c02b3) add     t0, s8, a7
core   0: 3 0x800021b4 (0x011c02b3) x 5 0x00000000
core   0: 0x800021b8 (0x01a7f7b3) and     a5, a5, s10
core   0: 3 0x800021b8 (0x01a7f7b3) x15 0x00000000
core   0: 0x800021bc (0xf4dd4793) xori    a5, s10, -179
core   0: 3 0x800021bc (0xf4dd4793) x15 0x5e6b1f4d
core   0: 0x800021c0 (0xfeea10e3) bne     s4, a4, pc - 32
core   0: 3 0x800021c0 (0xfeea10e3)
core   0: 0x800021a0 (0x001df2b3) and     t0, s11, ra
core   0: 3 0x800021a0 (0x001df2b3) x 5 0x00000000
core   0: 0x800021a4 (0x0ff0000f) fence   iorw,iorw
core   0: 3 0x800021a4 (0x0ff0000f)
core   0: 0x800021a8 (0x000c5f93) srli    t6, s8, 0
core   0: 3 0x800021a8 (0x000c5f93) x31 0x00000000
core   0: 0x800021ac (0x001a0a13) addi    s4, s4, 1
core   0: 3 0x800021ac (0x001a0a13) x20 0x00000011
core   0: 0x800021b0 (0x40efd533) sra     a0, t6, a4
core   0: 3 0x800021b0 (0x40efd533) x10 0x00000000
core   0: 0x800021b4 (0x011c02b3) add     t0, s8, a7
core   0: 3 0x800021b4 (0x011c02b3) x 5 0x00000000
core   0: 0x800021b8 (0x01a7f7b3) and     a5, a5, s10
core   0: 3 0x800021b8 (0x01a7f7b3) x15 0x00000000
core   0: 0x800021bc (0xf4dd4793) xori    a5, s10, -179
core   0: 3 0x800021bc (0xf4dd4793) x15 0x5e6b1f4d
core   0: 0x800021c0 (0xfeea10e3) bne     s4, a4, pc - 32
core   0: 3 0x800021c0 (0xfeea10e3)
core   0: 0x800021a0 (0x001df2b3) and     t0, s11, ra
core   0: 3 0x800021a0 (0x001df2b3) x 5 0x00000000
core   0: 0x800021a4 (0x0ff0000f) fence   iorw,iorw
core   0: 3 0x800021a4 (0x0ff0000f)
core   0: 0x800021a8 (0x000c5f93) srli    t6, s8, 0
core   0: 3 0x800021a8 (0x000c5f93) x31 0x00000000
core   0: 0x800021ac (0x001a0a13) addi    s4, s4, 1
core   0: 3 0x800021ac (0x001a0a13) x20 0x00000012
core   0: 0x800021b0 (0x40efd533) sra     a0, t6, a4
core   0: 3 0x800021b0 (0x40efd533) x10 0x00000000
core   0: 0x800021b4 (0x011c02b3) add     t0, s8, a7
core   0: 3 0x800021b4 (0x011c02b3) x 5 0x00000000
core   0: 0x800021b8 (0x01a7f7b3) and     a5, a5, s10
core   0: 3 0x800021b8 (0x01a7f7b3) x15 0x00000000
core   0: 0x800021bc (0xf4dd4793) xori    a5, s10, -179
core   0: 3 0x800021bc (0xf4dd4793) x15 0x5e6b1f4d
core   0: 0x800021c0 (0xfeea10e3) bne     s4, a4, pc - 32
core   0: 3 0x800021c0 (0xfeea10e3)
core   0: 0x800021a0 (0x001df2b3) and     t0, s11, ra
core   0: 3 0x800021a0 (0x001df2b3) x 5 0x00000000
core   0: 0x800021a4 (0x0ff0000f) fence   iorw,iorw
core   0: 3 0x800021a4 (0x0ff0000f)
core   0: 0x800021a8 (0x000c5f93) srli    t6, s8, 0
core   0: 3 0x800021a8 (0x000c5f93) x31 0x00000000
core   0: 0x800021ac (0x001a0a13) addi    s4, s4, 1
core   0: 3 0x800021ac (0x001a0a13) x20 0x00000013
core   0: 0x800021b0 (0x40efd533) sra     a0, t6, a4
core   0: 3 0x800021b0 (0x40efd533) x10 0x00000000
core   0: 0x800021b4 (0x011c02b3) add     t0, s8, a7
core   0: 3 0x800021b4 (0x011c02b3) x 5 0x00000000
core   0: 0x800021b8 (0x01a7f7b3) and     a5, a5, s10
core   0: 3 0x800021b8 (0x01a7f7b3) x15 0x00000000
core   0: 0x800021bc (0xf4dd4793) xori    a5, s10, -179
core   0: 3 0x800021bc (0xf4dd4793) x15 0x5e6b1f4d
core   0: 0x800021c0 (0xfeea10e3) bne     s4, a4, pc - 32
core   0: 3 0x800021c0 (0xfeea10e3)
core   0: 0x800021c4 (0x0000100f) fence.i
core   0: 3 0x800021c4 (0x0000100f)
core   0: 0x800021c8 (0x00700513) li      a0, 7
core   0: 3 0x800021c8 (0x00700513) x10 0x00000007
core   0: 0x800021cc (0x01cf5993) srli    s3, t5, 28
core   0: 3 0x800021cc (0x01cf5993) x19 0x00000000
core   0: 0x800021d0 (0x00ac1733) sll     a4, s8, a0
core   0: 3 0x800021d0 (0x00ac1733) x14 0x00000000
core   0: 0x800021d4 (0x019a1ab3) sll     s5, s4, s9
core   0: 3 0x800021d4 (0x019a1ab3) x21 0x00000013
core   0: 0x800021d8 (0x00c482b3) add     t0, s1, a2
core   0: 3 0x800021d8 (0x00c482b3) x 5 0x00049c33
core   0: 0x800021dc (0x00b14d33) xor     s10, sp, a1
core   0: 3 0x800021dc (0x00b14d33) x26 0x00028ce4
core   0: 0x800021e0 (0x012f5713) srli    a4, t5, 18
core   0: 3 0x800021e0 (0x012f5713) x14 0x00000000
core   0: 0x800021e4 (0x01de6d33) or      s10, t3, t4
core   0: 3 0x800021e4 (0x01de6d33) x26 0xf77af77f
core   0: 0x800021e8 (0x0ff0000f) fence   iorw,iorw
core   0: 3 0x800021e8 (0x0ff0000f)
core   0: 0x800021ec (0x40640fb3) sub     t6, s0, t1
core   0: 3 0x800021ec (0x40640fb3) x31 0x0000000b
core   0: 0x800021f0 (0x00824333) xor     t1, tp, s0
core   0: 3 0x800021f0 (0x00824333) x 6 0x0000000a
core   0: 0x800021f4 (0x00500793) li      a5, 5
core   0: 3 0x800021f4 (0x00500793) x15 0x00000005
core   0: 0x800021f8 (0x0000100f) fence.i
core   0: 3 0x800021f8 (0x0000100f)
core   0: 0x800021fc (0x018c7ab3) and     s5, s8, s8
core   0: 3 0x800021fc (0x018c7ab3) x21 0x00000000
core   0: 0x80002200 (0x0000100f) fence.i
core   0: 3 0x80002200 (0x0000100f)
core   0: 0x80002204 (0xc728ce13) xori    t3, a7, -910
core   0: 3 0x80002204 (0xc728ce13) x28 0xfffffc72
core   0: 0x80002208 (0xd5ff6b93) ori     s7, t5, -673
core   0: 3 0x80002208 (0xd5ff6b93) x23 0xfffffd5f
core   0: 0x8000220c (0x342551b7) lui     gp, 0x34255
core   0: 3 0x8000220c (0x342551b7) x 3 0x34255000
core   0: 0x80002210 (0x02d80c93) addi    s9, a6, 45
core   0: 3 0x80002210 (0x02d80c93) x25 0x0000003b
core   0: 0x80002214 (0x015d5c33) srl     s8, s10, s5
core   0: 3 0x80002214 (0x015d5c33) x24 0xf77af77f
core   0: 0x80002218 (0x002de4b3) or      s1, s11, sp
core   0: 3 0x80002218 (0x002de4b3) x 9 0x80028ce6
core   0: 0x8000221c (0x001f0f33) add     t5, t5, ra
core   0: 3 0x8000221c (0x001f0f33) x30 0x00000000
core   0: 0x80002220 (0xbc488813) addi    a6, a7, -1084
core   0: 3 0x80002220 (0xbc488813) x16 0xfffffbc4
core   0: 0x80002224 (0xffe50513) addi    a0, a0, -2
core   0: 3 0x80002224 (0xffe50513) x10 0x00000005
core   0: 0x80002228 (0xe6b07c97) auipc   s9, 0xe6b07
core   0: 3 0x80002228 (0xe6b07c97) x25 0x66b09228
core   0: 0x8000222c (0x0000100f) fence.i
core   0: 3 0x8000222c (0x0000100f)
core   0: 0x80002230 (0x00ee86b3) add     a3, t4, a4
core   0: 3 0x80002230 (0x00ee86b3) x13 0x266af67f
core   0: 0x80002234 (0xfcf57ee3) bgeu    a0, a5, pc - 36
core   0: 3 0x80002234 (0xfcf57ee3)
core   0: 0x80002210 (0x02d80c93) addi    s9, a6, 45
core   0: 3 0x80002210 (0x02d80c93) x25 0xfffffbf1
core   0: 0x80002214 (0x015d5c33) srl     s8, s10, s5
core   0: 3 0x80002214 (0x015d5c33) x24 0xf77af77f
core   0: 0x80002218 (0x002de4b3) or      s1, s11, sp
core   0: 3 0x80002218 (0x002de4b3) x 9 0x80028ce6
core   0: 0x8000221c (0x001f0f33) add     t5, t5, ra
core   0: 3 0x8000221c (0x001f0f33) x30 0x00000000
core   0: 0x80002220 (0xbc488813) addi    a6, a7, -1084
core   0: 3 0x80002220 (0xbc488813) x16 0xfffffbc4
core   0: 0x80002224 (0xffe50513) addi    a0, a0, -2
core   0: 3 0x80002224 (0xffe50513) x10 0x00000003
core   0: 0x80002228 (0xe6b07c97) auipc   s9, 0xe6b07
core   0: 3 0x80002228 (0xe6b07c97) x25 0x66b09228
core   0: 0x8000222c (0x0000100f) fence.i
core   0: 3 0x8000222c (0x0000100f)
core   0: 0x80002230 (0x00ee86b3) add     a3, t4, a4
core   0: 3 0x80002230 (0x00ee86b3) x13 0x266af67f
core   0: 0x80002234 (0xfcf57ee3) bgeu    a0, a5, pc - 36
core   0: 3 0x80002234 (0xfcf57ee3)
core   0: 0x80002238 (0x96a74d93) xori    s11, a4, -1686
core   0: 3 0x80002238 (0x96a74d93) x27 0xfffff96a
core   0: 0x8000223c (0x00100f93) li      t6, 1
core   0: 3 0x8000223c (0x00100f93) x31 0x00000001
core   0: 0x80002240 (0x2ed7a793) slti    a5, a5, 749
core   0: 3 0x80002240 (0x2ed7a793) x15 0x00000001
core   0: 0x80002244 (0xa0756293) ori     t0, a0, -1529
core   0: 3 0x80002244 (0xa0756293) x 5 0xfffffa07
core   0: 0x80002248 (0x40848e33) sub     t3, s1, s0
core   0: 3 0x80002248 (0x40848e33) x28 0x80028cdb
core   0: 0x8000224c (0x404c5a33) sra     s4, s8, tp
core   0: 3 0x8000224c (0x404c5a33) x20 0xfbbd7bbf
core   0: 0x80002250 (0x6de57d93) andi    s11, a0, 1758
core   0: 3 0x80002250 (0x6de57d93) x27 0x00000002
core   0: 0x80002254 (0xa7449497) auipc   s1, 0xa7449
core   0: 3 0x80002254 (0xa7449497) x 9 0x2744b254
core   0: 0x80002258 (0x0189c8b3) xor     a7, s3, s8
core   0: 3 0x80002258 (0x0189c8b3) x17 0xf77af77f
core   0: 0x8000225c (0xfec00c13) li      s8, -20
core   0: 3 0x8000225c (0xfec00c13) x24 0xffffffec
core   0: 0x80002260 (0x40290cb3) sub     s9, s2, sp
core   0: 3 0x80002260 (0x40290cb3) x25 0x7ffd731c
core   0: 0x80002264 (0x524d93b7) lui     t2, 0x524d9
core   0: 3 0x80002264 (0x524d93b7) x 7 0x524d9000
core   0: 0x80002268 (0x77f6e313) ori     t1, a3, 1919
core   0: 3 0x80002268 (0x77f6e313) x 6 0x266af77f
core   0: 0x8000226c (0x419b0db3) sub     s11, s6, s9
core   0: 3 0x8000226c (0x419b0db3) x27 0x80028ce4
core   0: 0x80002270 (0x0000100f) fence.i
core   0: 3 0x80002270 (0x0000100f)
core   0: 0x80002274 (0x0198b1b3) sltu    gp, a7, s9
core   0: 3 0x80002274 (0x0198b1b3) x 3 0x00000000
core   0: 0x80002278 (0xff8f8f93) addi    t6, t6, -8
core   0: 3 0x80002278 (0xff8f8f93) x31 0xfffffff9
core   0: 0x8000227c (0x00000013) nop
core   0: 3 0x8000227c (0x00000013)
core   0: 0x80002280 (0x0000100f) fence.i
core   0: 3 0x80002280 (0x0000100f)
core   0: 0x80002284 (0xdc9e4513) xori    a0, t3, -567
core   0: 3 0x80002284 (0xdc9e4513) x10 0x7ffd7112
core   0: 0x80002288 (0xfd8fdce3) bge     t6, s8, pc - 40
core   0: 3 0x80002288 (0xfd8fdce3)
core   0: 0x80002260 (0x40290cb3) sub     s9, s2, sp
core   0: 3 0x80002260 (0x40290cb3) x25 0x7ffd731c
core   0: 0x80002264 (0x524d93b7) lui     t2, 0x524d9
core   0: 3 0x80002264 (0x524d93b7) x 7 0x524d9000
core   0: 0x80002268 (0x77f6e313) ori     t1, a3, 1919
core   0: 3 0x80002268 (0x77f6e313) x 6 0x266af77f
core   0: 0x8000226c (0x419b0db3) sub     s11, s6, s9
core   0: 3 0x8000226c (0x419b0db3) x27 0x80028ce4
core   0: 0x80002270 (0x0000100f) fence.i
core   0: 3 0x80002270 (0x0000100f)
core   0: 0x80002274 (0x0198b1b3) sltu    gp, a7, s9
core   0: 3 0x80002274 (0x0198b1b3) x 3 0x00000000
core   0: 0x80002278 (0xff8f8f93) addi    t6, t6, -8
core   0: 3 0x80002278 (0xff8f8f93) x31 0xfffffff1
core   0: 0x8000227c (0x00000013) nop
core   0: 3 0x8000227c (0x00000013)
core   0: 0x80002280 (0x0000100f) fence.i
core   0: 3 0x80002280 (0x0000100f)
core   0: 0x80002284 (0xdc9e4513) xori    a0, t3, -567
core   0: 3 0x80002284 (0xdc9e4513) x10 0x7ffd7112
core   0: 0x80002288 (0xfd8fdce3) bge     t6, s8, pc - 40
core   0: 3 0x80002288 (0xfd8fdce3)
core   0: 0x80002260 (0x40290cb3) sub     s9, s2, sp
core   0: 3 0x80002260 (0x40290cb3) x25 0x7ffd731c
core   0: 0x80002264 (0x524d93b7) lui     t2, 0x524d9
core   0: 3 0x80002264 (0x524d93b7) x 7 0x524d9000
core   0: 0x80002268 (0x77f6e313) ori     t1, a3, 1919
core   0: 3 0x80002268 (0x77f6e313) x 6 0x266af77f
core   0: 0x8000226c (0x419b0db3) sub     s11, s6, s9
core   0: 3 0x8000226c (0x419b0db3) x27 0x80028ce4
core   0: 0x80002270 (0x0000100f) fence.i
core   0: 3 0x80002270 (0x0000100f)
core   0: 0x80002274 (0x0198b1b3) sltu    gp, a7, s9
core   0: 3 0x80002274 (0x0198b1b3) x 3 0x00000000
core   0: 0x80002278 (0xff8f8f93) addi    t6, t6, -8
core   0: 3 0x80002278 (0xff8f8f93) x31 0xffffffe9
core   0: 0x8000227c (0x00000013) nop
core   0: 3 0x8000227c (0x00000013)
core   0: 0x80002280 (0x0000100f) fence.i
core   0: 3 0x80002280 (0x0000100f)
core   0: 0x80002284 (0xdc9e4513) xori    a0, t3, -567
core   0: 3 0x80002284 (0xdc9e4513) x10 0x7ffd7112
core   0: 0x80002288 (0xfd8fdce3) bge     t6, s8, pc - 40
core   0: 3 0x80002288 (0xfd8fdce3)
core   0: 0x8000228c (0x00afedb3) or      s11, t6, a0
core   0: 3 0x8000228c (0x00afedb3) x27 0xfffffffb
core   0: 0x80002290 (0xff800693) li      a3, -8
core   0: 3 0x80002290 (0xff800693) x13 0xfffffff8
core   0: 0x80002294 (0x00500713) li      a4, 5
core   0: 3 0x80002294 (0x00500713) x14 0x00000005
core   0: 0x80002298 (0x01bd8c33) add     s8, s11, s11
core   0: 3 0x80002298 (0x01bd8c33) x24 0xfffffff6
core   0: 0x8000229c (0x00168693) addi    a3, a3, 1
core   0: 3 0x8000229c (0x00168693) x13 0xfffffff9
core   0: 0x800022a0 (0xe5e43f13) sltiu   t5, s0, -418
core   0: 3 0x800022a0 (0xe5e43f13) x30 0x00000001
core   0: 0x800022a4 (0x00a00793) li      a5, 10
core   0: 3 0x800022a4 (0x00a00793) x15 0x0000000a
core   0: 0x800022a8 (0x011b5d93) srli    s11, s6, 17
core   0: 3 0x800022a8 (0x011b5d93) x27 0x00000000
core   0: 0x800022ac (0x00a00413) li      s0, 10
core   0: 3 0x800022ac (0x00a00413) x 8 0x0000000a
core   0: 0x800022b0 (0x40238533) sub     a0, t2, sp
core   0: 3 0x800022b0 (0x40238533) x10 0xd24b031c
core   0: 0x800022b4 (0xffd78793) addi    a5, a5, -3
core   0: 3 0x800022b4 (0xffd78793) x15 0x00000007
core   0: 0x800022b8 (0xb8554a17) auipc   s4, 0xb8554
core   0: 3 0x800022b8 (0xb8554a17) x20 0x385562b8
core   0: 0x800022bc (0xfe87fae3) bgeu    a5, s0, pc - 12
core   0: 3 0x800022bc (0xfe87fae3)
core   0: 0x800022c0 (0xfce68ce3) beq     a3, a4, pc - 40
core   0: 3 0x800022c0 (0xfce68ce3)
core   0: 0x800022c4 (0x3c30ee13) ori     t3, ra, 963
core   0: 3 0x800022c4 (0x3c30ee13) x28 0x000003c3
core   0: 0x800022c8 (0x00500a93) li      s5, 5
core   0: 3 0x800022c8 (0x00500a93) x21 0x00000005
core   0: 0x800022cc (0x41cd8533) sub     a0, s11, t3
core   0: 3 0x800022cc (0x41cd8533) x10 0xfffffc3d
core   0: 0x800022d0 (0x0051dc93) srli    s9, gp, 5
core   0: 3 0x800022d0 (0x0051dc93) x25 0x00000000
core   0: 0x800022d4 (0x00d00493) li      s1, 13
core   0: 3 0x800022d4 (0x00d00493) x 9 0x0000000d
core   0: 0x800022d8 (0x57964093) xori    ra, a2, 1401
core   0: 3 0x800022d8 (0x57964093) x 1 0x80024b1d
core   0: 0x800022dc (0xe19bf893) andi    a7, s7, -487
core   0: 3 0x800022dc (0xe19bf893) x17 0xfffffc19
core   0: 0x800022e0 (0x00090e33) add     t3, s2, zero
core   0: 3 0x800022e0 (0x00090e33) x28 0x00000000
core   0: 0x800022e4 (0x008a8a93) addi    s5, s5, 8
core   0: 3 0x800022e4 (0x008a8a93) x21 0x0000000d
core   0: 0x800022e8 (0x11b2cc13) xori    s8, t0, 283
core   0: 3 0x800022e8 (0x11b2cc13) x24 0xfffffb1c
core   0: 0x800022ec (0xfe9ae8e3) bltu    s5, s1, pc - 16
core   0: 3 0x800022ec (0xfe9ae8e3)
core   0: 0x800022f0 (0xe443fc93) andi    s9, t2, -444
core   0: 3 0x800022f0 (0xe443fc93) x25 0x524d9000
core   0: 0x800022f4 (0xff700193) li      gp, -9
core   0: 3 0x800022f4 (0xff700193) x 3 0xfffffff7
core   0: 0x800022f8 (0x00d3e0b3) or      ra, t2, a3
core   0: 3 0x800022f8 (0x00d3e0b3) x 1 0xfffffff9
core   0: 0x800022fc (0x0169e9b3) or      s3, s3, s6
core   0: 3 0x800022fc (0x0169e9b3) x19 0x00000000
core   0: 0x80002300 (0x000eef33) or      t5, t4, zero
core   0: 3 0x80002300 (0x000eef33) x30 0x266af67f
core   0: 0x80002304 (0x00c58cb3) add     s9, a1, a2
core   0: 3 0x80002304 (0x00c58cb3) x25 0x00024e64
core   0: 0x80002308 (0x00c0d733) srl     a4, ra, a2
core   0: 3 0x80002308 (0x00c0d733) x14 0x0fffffff
core   0: 0x8000230c (0x00c3dcb3) srl     s9, t2, a2
core   0: 3 0x8000230c (0x00c3dcb3) x25 0x0524d900
core   0: 0x80002310 (0x01300293) li      t0, 19
core   0: 3 0x80002310 (0x01300293) x 5 0x00000013
core   0: 0x80002314 (0x41f70733) sub     a4, a4, t6
core   0: 3 0x80002314 (0x41f70733) x14 0x10000016
core   0: 0x80002318 (0x013416b3) sll     a3, s0, s3
core   0: 3 0x80002318 (0x013416b3) x13 0x0000000a
core   0: 0x8000231c (0x384cad93) slti    s11, s9, 900
core   0: 3 0x8000231c (0x384cad93) x27 0x00000000
core   0: 0x80002320 (0x00ea2a33) slt     s4, s4, a4
core   0: 3 0x80002320 (0x00ea2a33) x20 0x00000000
core   0: 0x80002324 (0x000ffe33) and     t3, t6, zero
core   0: 3 0x80002324 (0x000ffe33) x28 0x00000000
core   0: 0x80002328 (0x00718193) addi    gp, gp, 7
core   0: 3 0x80002328 (0x00718193) x 3 0xfffffffe
core   0: 0x8000232c (0x00edadb3) slt     s11, s11, a4
core   0: 3 0x8000232c (0x00edadb3) x27 0x00000001
core   0: 0x80002330 (0x5acd4513) xori    a0, s10, 1452
core   0: 3 0x80002330 (0x5acd4513) x10 0xf77af2d3
core   0: 0x80002334 (0x41d55713) srai    a4, a0, 29
core   0: 3 0x80002334 (0x41d55713) x14 0xffffffff
core   0: 0x80002338 (0xed997d93) andi    s11, s2, -295
core   0: 3 0x80002338 (0xed997d93) x27 0x00000000
core   0: 0x8000233c (0x56137097) auipc   ra, 0x56137
core   0: 3 0x8000233c (0x56137097) x 1 0xd613933c
core   0: 0x80002340 (0xb7426693) ori     a3, tp, -1164
core   0: 3 0x80002340 (0xb7426693) x13 0xfffffb75
core   0: 0x80002344 (0x0199bdb3) sltu    s11, s3, s9
core   0: 3 0x80002344 (0x0199bdb3) x27 0x00000001
core   0: 0x80002348 (0x00869d93) slli    s11, a3, 8
core   0: 3 0x80002348 (0x00869d93) x27 0xfffb7500
core   0: 0x8000234c (0xfc518ae3) beq     gp, t0, pc - 44
core   0: 3 0x8000234c (0xfc518ae3)
core   0: 0x80002350 (0x00be4b33) xor     s6, t3, a1
core   0: 3 0x80002350 (0x00be4b33) x22 0x80000000
core   0: 0x80002354 (0xffc00713) li      a4, -4
core   0: 3 0x80002354 (0xffc00713) x14 0xfffffffc
core   0: 0x80002358 (0x00000013) nop
core   0: 3 0x80002358 (0x00000013)
core   0: 0x8000235c (0x0000100f) fence.i
core   0: 3 0x8000235c (0x0000100f)
core   0: 0x80002360 (0x8badbc93) sltiu   s9, s11, -1862
core   0: 3 0x80002360 (0x8badbc93) x25 0x00000001
core   0: 0x80002364 (0x00400313) li      t1, 4
core   0: 3 0x80002364 (0x00400313) x 6 0x00000004
core   0: 0x80002368 (0xf13bfa37) lui     s4, 0xf13bf
core   0: 3 0x80002368 (0xf13bfa37) x20 0xf13bf000
core   0: 0x8000236c (0x779df013) andi    zero, s11, 1913
core   0: 3 0x8000236c (0x779df013)
core   0: 0x80002370 (0x0ff0000f) fence   iorw,iorw
core   0: 3 0x80002370 (0x0ff0000f)
core   0: 0x80002374 (0x0017cdb3) xor     s11, a5, ra
core   0: 3 0x80002374 (0x0017cdb3) x27 0xd613933b
core   0: 0x80002378 (0x01583533) sltu    a0, a6, s5
core   0: 3 0x80002378 (0x01583533) x10 0x00000000
core   0: 0x8000237c (0x013614b3) sll     s1, a2, s3
core   0: 3 0x8000237c (0x013614b3) x 9 0x80024e64
core   0: 0x80002380 (0x01dbc833) xor     a6, s7, t4
core   0: 3 0x80002380 (0x01dbc833) x16 0xd9950b20
core   0: 0x80002384 (0x01e7f1b3) and     gp, a5, t5
core   0: 3 0x80002384 (0x01e7f1b3) x 3 0x00000007
core   0: 0x80002388 (0x40ce89b3) sub     s3, t4, a2
core   0: 3 0x80002388 (0x40ce89b3) x19 0xa668a81b
core   0: 0x8000238c (0x00570713) addi    a4, a4, 5
core   0: 3 0x8000238c (0x00570713) x14 0x00000001
core   0: 0x80002390 (0x00c55e33) srl     t3, a0, a2
core   0: 3 0x80002390 (0x00c55e33) x28 0x00000000
core   0: 0x80002394 (0x866cb693) sltiu   a3, s9, -1946
core   0: 3 0x80002394 (0x866cb693) x13 0x00000001
core   0: 0x80002398 (0xfe6766e3) bltu    a4, t1, pc - 20
core   0: 3 0x80002398 (0xfe6766e3)
core   0: 0x80002384 (0x01e7f1b3) and     gp, a5, t5
core   0: 3 0x80002384 (0x01e7f1b3) x 3 0x00000007
core   0: 0x80002388 (0x40ce89b3) sub     s3, t4, a2
core   0: 3 0x80002388 (0x40ce89b3) x19 0xa668a81b
core   0: 0x8000238c (0x00570713) addi    a4, a4, 5
core   0: 3 0x8000238c (0x00570713) x14 0x00000006
core   0: 0x80002390 (0x00c55e33) srl     t3, a0, a2
core   0: 3 0x80002390 (0x00c55e33) x28 0x00000000
core   0: 0x80002394 (0x866cb693) sltiu   a3, s9, -1946
core   0: 3 0x80002394 (0x866cb693) x13 0x00000001
core   0: 0x80002398 (0xfe6766e3) bltu    a4, t1, pc - 20
core   0: 3 0x80002398 (0xfe6766e3)
core   0: 0x8000239c (0x0ff0000f) fence   iorw,iorw
core   0: 3 0x8000239c (0x0ff0000f)
core   0: 0x800023a0 (0x00500b93) li      s7, 5
core   0: 3 0x800023a0 (0x00500b93) x23 0x00000005
core   0: 0x800023a4 (0x4655cb13) xori    s6, a1, 1125
core   0: 3 0x800023a4 (0x4655cb13) x22 0x80000465
core   0: 0x800023a8 (0x00000013) nop
core   0: 3 0x800023a8 (0x00000013)
core   0: 0x800023ac (0x000552b3) srl     t0, a0, zero
core   0: 3 0x800023ac (0x000552b3) x 5 0x00000000
core   0: 0x800023b0 (0xa6f26a93) ori     s5, tp, -1425
core   0: 3 0x800023b0 (0xa6f26a93) x21 0xfffffa6f
core   0: 0x800023b4 (0x87be6913) ori     s2, t3, -1925
core   0: 3 0x800023b4 (0x87be6913) x18 0xfffff87b
core   0: 0x800023b8 (0x517cf413) andi    s0, s9, 1303
core   0: 3 0x800023b8 (0x517cf413) x 8 0x00000001
core   0: 0x800023bc (0x01200313) li      t1, 18
core   0: 3 0x800023bc (0x01200313) x 6 0x00000012
core   0: 0x800023c0 (0xffd10193) addi    gp, sp, -3
core   0: 3 0x800023c0 (0xffd10193) x 3 0x80028ce1
core   0: 0x800023c4 (0x415d5ab3) sra     s5, s10, s5
core   0: 3 0x800023c4 (0x415d5ab3) x21 0xffffeef5
core   0: 0x800023c8 (0x009428b3) slt     a7, s0, s1
core   0: 3 0x800023c8 (0x009428b3) x17 0x00000000
core   0: 0x800023cc (0x00ab8b93) addi    s7, s7, 10
core   0: 3 0x800023cc (0x00ab8b93) x23 0x0000000f
core   0: 0x800023d0 (0x52e57fb7) lui     t6, 0x52e57
core   0: 3 0x800023d0 (0x52e57fb7) x31 0x52e57000
core   0: 0x800023d4 (0xfe6bcae3) blt     s7, t1, pc - 12
core   0: 3 0x800023d4 (0xfe6bcae3)
core   0: 0x800023c8 (0x009428b3) slt     a7, s0, s1
core   0: 3 0x800023c8 (0x009428b3) x17 0x00000000
core   0: 0x800023cc (0x00ab8b93) addi    s7, s7, 10
core   0: 3 0x800023cc (0x00ab8b93) x23 0x00000019
core   0: 0x800023d0 (0x52e57fb7) lui     t6, 0x52e57
core   0: 3 0x800023d0 (0x52e57fb7) x31 0x52e57000
core   0: 0x800023d4 (0xfe6bcae3) blt     s7, t1, pc - 12
core   0: 3 0x800023d4 (0xfe6bcae3)
core   0: 0x800023d8 (0x01f59f93) slli    t6, a1, 31
core   0: 3 0x800023d8 (0x01f59f93) x31 0x00000000
core   0: 0x800023dc (0xffb00d93) li      s11, -5
core   0: 3 0x800023dc (0xffb00d93) x27 0xfffffffb
core   0: 0x800023e0 (0x0008ea33) or      s4, a7, zero
core   0: 3 0x800023e0 (0x0008ea33) x20 0x00000000
core   0: 0x800023e4 (0x00961c13) slli    s8, a2, 9
core   0: 3 0x800023e4 (0x00961c13) x24 0x049cc800
core   0: 0x800023e8 (0x9265f913) andi    s2, a1, -1754
core   0: 3 0x800023e8 (0x9265f913) x18 0x80000000
core   0: 0x800023ec (0x00cf5233) srl     tp, t5, a2
core   0: 3 0x800023ec (0x00cf5233) x 4 0x0266af67
core   0: 0x800023f0 (0xf1e5a893) slti    a7, a1, -226
core   0: 3 0x800023f0 (0xf1e5a893) x17 0x00000001
core   0: 0x800023f4 (0x41f25d33) sra     s10, tp, t6
core   0: 3 0x800023f4 (0x41f25d33) x26 0x0266af67
core   0: 0x800023f8 (0x408e01b3) sub     gp, t3, s0
core   0: 3 0x800023f8 (0x408e01b3) x 3 0xffffffff
core   0: 0x800023fc (0xb0f902b7) lui     t0, 0xb0f90
core   0: 3 0x800023fc (0xb0f902b7) x 5 0xb0f90000
core   0: 0x80002400 (0x0000100f) fence.i
core   0: 3 0x80002400 (0x0000100f)
core   0: 0x80002404 (0x81cbbe93) sltiu   t4, s7, -2020
core   0: 3 0x80002404 (0x81cbbe93) x29 0x00000001
core   0: 0x80002408 (0x01400993) li      s3, 20
core   0: 3 0x80002408 (0x01400993) x19 0x00000014
core   0: 0x8000240c (0x01bf1293) slli    t0, t5, 27
core   0: 3 0x8000240c (0x01bf1293) x 5 0xf8000000
core   0: 0x80002410 (0x0099d913) srli    s2, s3, 9
core   0: 3 0x80002410 (0x0099d913) x18 0x00000000
core   0: 0x80002414 (0x004161b3) or      gp, sp, tp
core   0: 3 0x80002414 (0x004161b3) x 3 0x8266afe7
core   0: 0x80002418 (0xe6de0f93) addi    t6, t3, -403
core   0: 3 0x80002418 (0xe6de0f93) x31 0xfffffe6d
core   0: 0x8000241c (0x001d8d93) addi    s11, s11, 1
core   0: 3 0x8000241c (0x001d8d93) x27 0xfffffffc
core   0: 0x80002420 (0xc917b213) sltiu   tp, a5, -879
core   0: 3 0x80002420 (0xc917b213) x 4 0x00000001
core   0: 0x80002424 (0xa6db0793) addi    a5, s6, -1427
core   0: 3 0x80002424 (0xa6db0793) x15 0x7ffffed2
core   0: 0x80002428 (0x01ade7b3) or      a5, s11, s10
core   0: 3 0x80002428 (0x01ade7b3) x15 0xffffffff
core   0: 0x8000242c (0x00d03233) snez    tp, a3
core   0: 3 0x8000242c (0x00d03233) x 4 0x00000001
core   0: 0x80002430 (0x40208533) sub     a0, ra, sp
core   0: 3 0x80002430 (0x40208533) x10 0x56110658
core   0: 0x80002434 (0x419e5e13) srai    t3, t3, 25
core   0: 3 0x80002434 (0x419e5e13) x28 0x00000000
core   0: 0x80002438 (0xffa32f93) slti    t6, t1, -6
core   0: 3 0x80002438 (0xffa32f93) x31 0x00000000
core   0: 0x8000243c (0xfd3d9ce3) bne     s11, s3, pc - 40
core   0: 3 0x8000243c (0xfd3d9ce3)
core   0: 0x80002414 (0x004161b3) or      gp, sp, tp
core   0: 3 0x80002414 (0x004161b3) x 3 0x80028ce5
core   0: 0x80002418 (0xe6de0f93) addi    t6, t3, -403
core   0: 3 0x80002418 (0xe6de0f93) x31 0xfffffe6d
core   0: 0x8000241c (0x001d8d93) addi    s11, s11, 1
core   0: 3 0x8000241c (0x001d8d93) x27 0xfffffffd
core   0: 0x80002420 (0xc917b213) sltiu   tp, a5, -879
core   0: 3 0x80002420 (0xc917b213) x 4 0x00000000
core   0: 0x80002424 (0xa6db0793) addi    a5, s6, -1427
core   0: 3 0x80002424 (0xa6db0793) x15 0x7ffffed2
core   0: 0x80002428 (0x01ade7b3) or      a5, s11, s10
core   0: 3 0x80002428 (0x01ade7b3) x15 0xffffffff
core   0: 0x8000242c (0x00d03233) snez    tp, a3
core   0: 3 0x8000242c (0x00d03233) x 4 0x00000001
core   0: 0x80002430 (0x40208533) sub     a0, ra, sp
core   0: 3 0x80002430 (0x40208533) x10 0x56110658
core   0: 0x80002434 (0x419e5e13) srai    t3, t3, 25
core   0: 3 0x80002434 (0x419e5e13) x28 0x00000000
core   0: 0x80002438 (0xffa32f93) slti    t6, t1, -6
core   0: 3 0x80002438 (0xffa32f93) x31 0x00000000
core   0: 0x8000243c (0xfd3d9ce3) bne     s11, s3, pc - 40
core   0: 3 0x8000243c (0xfd3d9ce3)
core   0: 0x80002414 (0x004161b3) or      gp, sp, tp
core   0: 3 0x80002414 (0x004161b3) x 3 0x80028ce5
core   0: 0x80002418 (0xe6de0f93) addi    t6, t3, -403
core   0: 3 0x80002418 (0xe6de0f93) x31 0xfffffe6d
core   0: 0x8000241c (0x001d8d93) addi    s11, s11, 1
core   0: 3 0x8000241c (0x001d8d93) x27 0xfffffffe
core   0: 0x80002420 (0xc917b213) sltiu   tp, a5, -879
core   0: 3 0x80002420 (0xc917b213) x 4 0x00000000
core   0: 0x80002424 (0xa6db0793) addi    a5, s6, -1427
core   0: 3 0x80002424 (0xa6db0793) x15 0x7ffffed2
core   0: 0x80002428 (0x01ade7b3) or      a5, s11, s10
core   0: 3 0x80002428 (0x01ade7b3) x15 0xffffffff
core   0: 0x8000242c (0x00d03233) snez    tp, a3
core   0: 3 0x8000242c (0x00d03233) x 4 0x00000001
core   0: 0x80002430 (0x40208533) sub     a0, ra, sp
core   0: 3 0x80002430 (0x40208533) x10 0x56110658
core   0: 0x80002434 (0x419e5e13) srai    t3, t3, 25
core   0: 3 0x80002434 (0x419e5e13) x28 0x00000000
core   0: 0x80002438 (0xffa32f93) slti    t6, t1, -6
core   0: 3 0x80002438 (0xffa32f93) x31 0x00000000
core   0: 0x8000243c (0xfd3d9ce3) bne     s11, s3, pc - 40
core   0: 3 0x8000243c (0xfd3d9ce3)
core   0: 0x80002414 (0x004161b3) or      gp, sp, tp
core   0: 3 0x80002414 (0x004161b3) x 3 0x80028ce5
core   0: 0x80002418 (0xe6de0f93) addi    t6, t3, -403
core   0: 3 0x80002418 (0xe6de0f93) x31 0xfffffe6d
core   0: 0x8000241c (0x001d8d93) addi    s11, s11, 1
core   0: 3 0x8000241c (0x001d8d93) x27 0xffffffff
core   0: 0x80002420 (0xc917b213) sltiu   tp, a5, -879
core   0: 3 0x80002420 (0xc917b213) x 4 0x00000000
core   0: 0x80002424 (0xa6db0793) addi    a5, s6, -1427
core   0: 3 0x80002424 (0xa6db0793) x15 0x7ffffed2
core   0: 0x80002428 (0x01ade7b3) or      a5, s11, s10
core   0: 3 0x80002428 (0x01ade7b3) x15 0xffffffff
core   0: 0x8000242c (0x00d03233) snez    tp, a3
core   0: 3 0x8000242c (0x00d03233) x 4 0x00000001
core   0: 0x80002430 (0x40208533) sub     a0, ra, sp
core   0: 3 0x80002430 (0x40208533) x10 0x56110658
core   0: 0x80002434 (0x419e5e13) srai    t3, t3, 25
core   0: 3 0x80002434 (0x419e5e13) x28 0x00000000
core   0: 0x80002438 (0xffa32f93) slti    t6, t1, -6
core   0: 3 0x80002438 (0xffa32f93) x31 0x00000000
core   0: 0x8000243c (0xfd3d9ce3) bne     s11, s3, pc - 40
core   0: 3 0x8000243c (0xfd3d9ce3)
core   0: 0x80002414 (0x004161b3) or      gp, sp, tp
core   0: 3 0x80002414 (0x004161b3) x 3 0x80028ce5
core   0: 0x80002418 (0xe6de0f93) addi    t6, t3, -403
core   0: 3 0x80002418 (0xe6de0f93) x31 0xfffffe6d
core   0: 0x8000241c (0x001d8d93) addi    s11, s11, 1
core   0: 3 0x8000241c (0x001d8d93) x27 0x00000000
core   0: 0x80002420 (0xc917b213) sltiu   tp, a5, -879
core   0: 3 0x80002420 (0xc917b213) x 4 0x00000000
core   0: 0x80002424 (0xa6db0793) addi    a5, s6, -1427
core   0: 3 0x80002424 (0xa6db0793) x15 0x7ffffed2
core   0: 0x80002428 (0x01ade7b3) or      a5, s11, s10
core   0: 3 0x80002428 (0x01ade7b3) x15 0x0266af67
core   0: 0x8000242c (0x00d03233) snez    tp, a3
core   0: 3 0x8000242c (0x00d03233) x 4 0x00000001
core   0: 0x80002430 (0x40208533) sub     a0, ra, sp
core   0: 3 0x80002430 (0x40208533) x10 0x56110658
core   0: 0x80002434 (0x419e5e13) srai    t3, t3, 25
core   0: 3 0x80002434 (0x419e5e13) x28 0x00000000
core   0: 0x80002438 (0xffa32f93) slti    t6, t1, -6
core   0: 3 0x80002438 (0xffa32f93) x31 0x00000000
core   0: 0x8000243c (0xfd3d9ce3) bne     s11, s3, pc - 40
core   0: 3 0x8000243c (0xfd3d9ce3)
core   0: 0x80002414 (0x004161b3) or      gp, sp, tp
core   0: 3 0x80002414 (0x004161b3) x 3 0x80028ce5
core   0: 0x80002418 (0xe6de0f93) addi    t6, t3, -403
core   0: 3 0x80002418 (0xe6de0f93) x31 0xfffffe6d
core   0: 0x8000241c (0x001d8d93) addi    s11, s11, 1
core   0: 3 0x8000241c (0x001d8d93) x27 0x00000001
core   0: 0x80002420 (0xc917b213) sltiu   tp, a5, -879
core   0: 3 0x80002420 (0xc917b213) x 4 0x00000001
core   0: 0x80002424 (0xa6db0793) addi    a5, s6, -1427
core   0: 3 0x80002424 (0xa6db0793) x15 0x7ffffed2
core   0: 0x80002428 (0x01ade7b3) or      a5, s11, s10
core   0: 3 0x80002428 (0x01ade7b3) x15 0x0266af67
core   0: 0x8000242c (0x00d03233) snez    tp, a3
core   0: 3 0x8000242c (0x00d03233) x 4 0x00000001
core   0: 0x80002430 (0x40208533) sub     a0, ra, sp
core   0: 3 0x80002430 (0x40208533) x10 0x56110658
core   0: 0x80002434 (0x419e5e13) srai    t3, t3, 25
core   0: 3 0x80002434 (0x419e5e13) x28 0x00000000
core   0: 0x80002438 (0xffa32f93) slti    t6, t1, -6
core   0: 3 0x80002438 (0xffa32f93) x31 0x00000000
core   0: 0x8000243c (0xfd3d9ce3) bne     s11, s3, pc - 40
core   0: 3 0x8000243c (0xfd3d9ce3)
core   0: 0x80002414 (0x004161b3) or      gp, sp, tp
core   0: 3 0x80002414 (0x004161b3) x 3 0x80028ce5
core   0: 0x80002418 (0xe6de0f93) addi    t6, t3, -403
core   0: 3 0x80002418 (0xe6de0f93) x31 0xfffffe6d
core   0: 0x8000241c (0x001d8d93) addi    s11, s11, 1
core   0: 3 0x8000241c (0x001d8d93) x27 0x00000002
core   0: 0x80002420 (0xc917b213) sltiu   tp, a5, -879
core   0: 3 0x80002420 (0xc917b213) x 4 0x00000001
core   0: 0x80002424 (0xa6db0793) addi    a5, s6, -1427
core   0: 3 0x80002424 (0xa6db0793) x15 0x7ffffed2
core   0: 0x80002428 (0x01ade7b3) or      a5, s11, s10
core   0: 3 0x80002428 (0x01ade7b3) x15 0x0266af67
core   0: 0x8000242c (0x00d03233) snez    tp, a3
core   0: 3 0x8000242c (0x00d03233) x 4 0x00000001
core   0: 0x80002430 (0x40208533) sub     a0, ra, sp
core   0: 3 0x80002430 (0x40208533) x10 0x56110658
core   0: 0x80002434 (0x419e5e13) srai    t3, t3, 25
core   0: 3 0x80002434 (0x419e5e13) x28 0x00000000
core   0: 0x80002438 (0xffa32f93) slti    t6, t1, -6
core   0: 3 0x80002438 (0xffa32f93) x31 0x00000000
core   0: 0x8000243c (0xfd3d9ce3) bne     s11, s3, pc - 40
core   0: 3 0x8000243c (0xfd3d9ce3)
core   0: 0x80002414 (0x004161b3) or      gp, sp, tp
core   0: 3 0x80002414 (0x004161b3) x 3 0x80028ce5
core   0: 0x80002418 (0xe6de0f93) addi    t6, t3, -403
core   0: 3 0x80002418 (0xe6de0f93) x31 0xfffffe6d
core   0: 0x8000241c (0x001d8d93) addi    s11, s11, 1
core   0: 3 0x8000241c (0x001d8d93) x27 0x00000003
core   0: 0x80002420 (0xc917b213) sltiu   tp, a5, -879
core   0: 3 0x80002420 (0xc917b213) x 4 0x00000001
core   0: 0x80002424 (0xa6db0793) addi    a5, s6, -1427
core   0: 3 0x80002424 (0xa6db0793) x15 0x7ffffed2
core   0: 0x80002428 (0x01ade7b3) or      a5, s11, s10
core   0: 3 0x80002428 (0x01ade7b3) x15 0x0266af67
core   0: 0x8000242c (0x00d03233) snez    tp, a3
core   0: 3 0x8000242c (0x00d03233) x 4 0x00000001
core   0: 0x80002430 (0x40208533) sub     a0, ra, sp
core   0: 3 0x80002430 (0x40208533) x10 0x56110658
core   0: 0x80002434 (0x419e5e13) srai    t3, t3, 25
core   0: 3 0x80002434 (0x419e5e13) x28 0x00000000
core   0: 0x80002438 (0xffa32f93) slti    t6, t1, -6
core   0: 3 0x80002438 (0xffa32f93) x31 0x00000000
core   0: 0x8000243c (0xfd3d9ce3) bne     s11, s3, pc - 40
core   0: 3 0x8000243c (0xfd3d9ce3)
core   0: 0x80002414 (0x004161b3) or      gp, sp, tp
core   0: 3 0x80002414 (0x004161b3) x 3 0x80028ce5
core   0: 0x80002418 (0xe6de0f93) addi    t6, t3, -403
core   0: 3 0x80002418 (0xe6de0f93) x31 0xfffffe6d
core   0: 0x8000241c (0x001d8d93) addi    s11, s11, 1
core   0: 3 0x8000241c (0x001d8d93) x27 0x00000004
core   0: 0x80002420 (0xc917b213) sltiu   tp, a5, -879
core   0: 3 0x80002420 (0xc917b213) x 4 0x00000001
core   0: 0x80002424 (0xa6db0793) addi    a5, s6, -1427
core   0: 3 0x80002424 (0xa6db0793) x15 0x7ffffed2
core   0: 0x80002428 (0x01ade7b3) or      a5, s11, s10
core   0: 3 0x80002428 (0x01ade7b3) x15 0x0266af67
core   0: 0x8000242c (0x00d03233) snez    tp, a3
core   0: 3 0x8000242c (0x00d03233) x 4 0x00000001
core   0: 0x80002430 (0x40208533) sub     a0, ra, sp
core   0: 3 0x80002430 (0x40208533) x10 0x56110658
core   0: 0x80002434 (0x419e5e13) srai    t3, t3, 25
core   0: 3 0x80002434 (0x419e5e13) x28 0x00000000
core   0: 0x80002438 (0xffa32f93) slti    t6, t1, -6
core   0: 3 0x80002438 (0xffa32f93) x31 0x00000000
core   0: 0x8000243c (0xfd3d9ce3) bne     s11, s3, pc - 40
core   0: 3 0x8000243c (0xfd3d9ce3)
core   0: 0x80002414 (0x004161b3) or      gp, sp, tp
core   0: 3 0x80002414 (0x004161b3) x 3 0x80028ce5
core   0: 0x80002418 (0xe6de0f93) addi    t6, t3, -403
core   0: 3 0x80002418 (0xe6de0f93) x31 0xfffffe6d
core   0: 0x8000241c (0x001d8d93) addi    s11, s11, 1
core   0: 3 0x8000241c (0x001d8d93) x27 0x00000005
core   0: 0x80002420 (0xc917b213) sltiu   tp, a5, -879
core   0: 3 0x80002420 (0xc917b213) x 4 0x00000001
core   0: 0x80002424 (0xa6db0793) addi    a5, s6, -1427
core   0: 3 0x80002424 (0xa6db0793) x15 0x7ffffed2
core   0: 0x80002428 (0x01ade7b3) or      a5, s11, s10
core   0: 3 0x80002428 (0x01ade7b3) x15 0x0266af67
core   0: 0x8000242c (0x00d03233) snez    tp, a3
core   0: 3 0x8000242c (0x00d03233) x 4 0x00000001
core   0: 0x80002430 (0x40208533) sub     a0, ra, sp
core   0: 3 0x80002430 (0x40208533) x10 0x56110658
core   0: 0x80002434 (0x419e5e13) srai    t3, t3, 25
core   0: 3 0x80002434 (0x419e5e13) x28 0x00000000
core   0: 0x80002438 (0xffa32f93) slti    t6, t1, -6
core   0: 3 0x80002438 (0xffa32f93) x31 0x00000000
core   0: 0x8000243c (0xfd3d9ce3) bne     s11, s3, pc - 40
core   0: 3 0x8000243c (0xfd3d9ce3)
core   0: 0x80002414 (0x004161b3) or      gp, sp, tp
core   0: 3 0x80002414 (0x004161b3) x 3 0x80028ce5
core   0: 0x80002418 (0xe6de0f93) addi    t6, t3, -403
core   0: 3 0x80002418 (0xe6de0f93) x31 0xfffffe6d
core   0: 0x8000241c (0x001d8d93) addi    s11, s11, 1
core   0: 3 0x8000241c (0x001d8d93) x27 0x00000006
core   0: 0x80002420 (0xc917b213) sltiu   tp, a5, -879
core   0: 3 0x80002420 (0xc917b213) x 4 0x00000001
core   0: 0x80002424 (0xa6db0793) addi    a5, s6, -1427
core   0: 3 0x80002424 (0xa6db0793) x15 0x7ffffed2
core   0: 0x80002428 (0x01ade7b3) or      a5, s11, s10
core   0: 3 0x80002428 (0x01ade7b3) x15 0x0266af67
core   0: 0x8000242c (0x00d03233) snez    tp, a3
core   0: 3 0x8000242c (0x00d03233) x 4 0x00000001
core   0: 0x80002430 (0x40208533) sub     a0, ra, sp
core   0: 3 0x80002430 (0x40208533) x10 0x56110658
core   0: 0x80002434 (0x419e5e13) srai    t3, t3, 25
core   0: 3 0x80002434 (0x419e5e13) x28 0x00000000
core   0: 0x80002438 (0xffa32f93) slti    t6, t1, -6
core   0: 3 0x80002438 (0xffa32f93) x31 0x00000000
core   0: 0x8000243c (0xfd3d9ce3) bne     s11, s3, pc - 40
core   0: 3 0x8000243c (0xfd3d9ce3)
core   0: 0x80002414 (0x004161b3) or      gp, sp, tp
core   0: 3 0x80002414 (0x004161b3) x 3 0x80028ce5
core   0: 0x80002418 (0xe6de0f93) addi    t6, t3, -403
core   0: 3 0x80002418 (0xe6de0f93) x31 0xfffffe6d
core   0: 0x8000241c (0x001d8d93) addi    s11, s11, 1
core   0: 3 0x8000241c (0x001d8d93) x27 0x00000007
core   0: 0x80002420 (0xc917b213) sltiu   tp, a5, -879
core   0: 3 0x80002420 (0xc917b213) x 4 0x00000001
core   0: 0x80002424 (0xa6db0793) addi    a5, s6, -1427
core   0: 3 0x80002424 (0xa6db0793) x15 0x7ffffed2
core   0: 0x80002428 (0x01ade7b3) or      a5, s11, s10
core   0: 3 0x80002428 (0x01ade7b3) x15 0x0266af67
core   0: 0x8000242c (0x00d03233) snez    tp, a3
core   0: 3 0x8000242c (0x00d03233) x 4 0x00000001
core   0: 0x80002430 (0x40208533) sub     a0, ra, sp
core   0: 3 0x80002430 (0x40208533) x10 0x56110658
core   0: 0x80002434 (0x419e5e13) srai    t3, t3, 25
core   0: 3 0x80002434 (0x419e5e13) x28 0x00000000
core   0: 0x80002438 (0xffa32f93) slti    t6, t1, -6
core   0: 3 0x80002438 (0xffa32f93) x31 0x00000000
core   0: 0x8000243c (0xfd3d9ce3) bne     s11, s3, pc - 40
core   0: 3 0x8000243c (0xfd3d9ce3)
core   0: 0x80002414 (0x004161b3) or      gp, sp, tp
core   0: 3 0x80002414 (0x004161b3) x 3 0x80028ce5
core   0: 0x80002418 (0xe6de0f93) addi    t6, t3, -403
core   0: 3 0x80002418 (0xe6de0f93) x31 0xfffffe6d
core   0: 0x8000241c (0x001d8d93) addi    s11, s11, 1
core   0: 3 0x8000241c (0x001d8d93) x27 0x00000008
core   0: 0x80002420 (0xc917b213) sltiu   tp, a5, -879
core   0: 3 0x80002420 (0xc917b213) x 4 0x00000001
core   0: 0x80002424 (0xa6db0793) addi    a5, s6, -1427
core   0: 3 0x80002424 (0xa6db0793) x15 0x7ffffed2
core   0: 0x80002428 (0x01ade7b3) or      a5, s11, s10
core   0: 3 0x80002428 (0x01ade7b3) x15 0x0266af6f
core   0: 0x8000242c (0x00d03233) snez    tp, a3
core   0: 3 0x8000242c (0x00d03233) x 4 0x00000001
core   0: 0x80002430 (0x40208533) sub     a0, ra, sp
core   0: 3 0x80002430 (0x40208533) x10 0x56110658
core   0: 0x80002434 (0x419e5e13) srai    t3, t3, 25
core   0: 3 0x80002434 (0x419e5e13) x28 0x00000000
core   0: 0x80002438 (0xffa32f93) slti    t6, t1, -6
core   0: 3 0x80002438 (0xffa32f93) x31 0x00000000
core   0: 0x8000243c (0xfd3d9ce3) bne     s11, s3, pc - 40
core   0: 3 0x8000243c (0xfd3d9ce3)
core   0: 0x80002414 (0x004161b3) or      gp, sp, tp
core   0: 3 0x80002414 (0x004161b3) x 3 0x80028ce5
core   0: 0x80002418 (0xe6de0f93) addi    t6, t3, -403
core   0: 3 0x80002418 (0xe6de0f93) x31 0xfffffe6d
core   0: 0x8000241c (0x001d8d93) addi    s11, s11, 1
core   0: 3 0x8000241c (0x001d8d93) x27 0x00000009
core   0: 0x80002420 (0xc917b213) sltiu   tp, a5, -879
core   0: 3 0x80002420 (0xc917b213) x 4 0x00000001
core   0: 0x80002424 (0xa6db0793) addi    a5, s6, -1427
core   0: 3 0x80002424 (0xa6db0793) x15 0x7ffffed2
core   0: 0x80002428 (0x01ade7b3) or      a5, s11, s10
core   0: 3 0x80002428 (0x01ade7b3) x15 0x0266af6f
core   0: 0x8000242c (0x00d03233) snez    tp, a3
core   0: 3 0x8000242c (0x00d03233) x 4 0x00000001
core   0: 0x80002430 (0x40208533) sub     a0, ra, sp
core   0: 3 0x80002430 (0x40208533) x10 0x56110658
core   0: 0x80002434 (0x419e5e13) srai    t3, t3, 25
core   0: 3 0x80002434 (0x419e5e13) x28 0x00000000
core   0: 0x80002438 (0xffa32f93) slti    t6, t1, -6
core   0: 3 0x80002438 (0xffa32f93) x31 0x00000000
core   0: 0x8000243c (0xfd3d9ce3) bne     s11, s3, pc - 40
core   0: 3 0x8000243c (0xfd3d9ce3)
core   0: 0x80002414 (0x004161b3) or      gp, sp, tp
core   0: 3 0x80002414 (0x004161b3) x 3 0x80028ce5
core   0: 0x80002418 (0xe6de0f93) addi    t6, t3, -403
core   0: 3 0x80002418 (0xe6de0f93) x31 0xfffffe6d
core   0: 0x8000241c (0x001d8d93) addi    s11, s11, 1
core   0: 3 0x8000241c (0x001d8d93) x27 0x0000000a
core   0: 0x80002420 (0xc917b213) sltiu   tp, a5, -879
core   0: 3 0x80002420 (0xc917b213) x 4 0x00000001
core   0: 0x80002424 (0xa6db0793) addi    a5, s6, -1427
core   0: 3 0x80002424 (0xa6db0793) x15 0x7ffffed2
core   0: 0x80002428 (0x01ade7b3) or      a5, s11, s10
core   0: 3 0x80002428 (0x01ade7b3) x15 0x0266af6f
core   0: 0x8000242c (0x00d03233) snez    tp, a3
core   0: 3 0x8000242c (0x00d03233) x 4 0x00000001
core   0: 0x80002430 (0x40208533) sub     a0, ra, sp
core   0: 3 0x80002430 (0x40208533) x10 0x56110658
core   0: 0x80002434 (0x419e5e13) srai    t3, t3, 25
core   0: 3 0x80002434 (0x419e5e13) x28 0x00000000
core   0: 0x80002438 (0xffa32f93) slti    t6, t1, -6
core   0: 3 0x80002438 (0xffa32f93) x31 0x00000000
core   0: 0x8000243c (0xfd3d9ce3) bne     s11, s3, pc - 40
core   0: 3 0x8000243c (0xfd3d9ce3)
core   0: 0x80002414 (0x004161b3) or      gp, sp, tp
core   0: 3 0x80002414 (0x004161b3) x 3 0x80028ce5
core   0: 0x80002418 (0xe6de0f93) addi    t6, t3, -403
core   0: 3 0x80002418 (0xe6de0f93) x31 0xfffffe6d
core   0: 0x8000241c (0x001d8d93) addi    s11, s11, 1
core   0: 3 0x8000241c (0x001d8d93) x27 0x0000000b
core   0: 0x80002420 (0xc917b213) sltiu   tp, a5, -879
core   0: 3 0x80002420 (0xc917b213) x 4 0x00000001
core   0: 0x80002424 (0xa6db0793) addi    a5, s6, -1427
core   0: 3 0x80002424 (0xa6db0793) x15 0x7ffffed2
core   0: 0x80002428 (0x01ade7b3) or      a5, s11, s10
core   0: 3 0x80002428 (0x01ade7b3) x15 0x0266af6f
core   0: 0x8000242c (0x00d03233) snez    tp, a3
core   0: 3 0x8000242c (0x00d03233) x 4 0x00000001
core   0: 0x80002430 (0x40208533) sub     a0, ra, sp
core   0: 3 0x80002430 (0x40208533) x10 0x56110658
core   0: 0x80002434 (0x419e5e13) srai    t3, t3, 25
core   0: 3 0x80002434 (0x419e5e13) x28 0x00000000
core   0: 0x80002438 (0xffa32f93) slti    t6, t1, -6
core   0: 3 0x80002438 (0xffa32f93) x31 0x00000000
core   0: 0x8000243c (0xfd3d9ce3) bne     s11, s3, pc - 40
core   0: 3 0x8000243c (0xfd3d9ce3)
core   0: 0x80002414 (0x004161b3) or      gp, sp, tp
core   0: 3 0x80002414 (0x004161b3) x 3 0x80028ce5
core   0: 0x80002418 (0xe6de0f93) addi    t6, t3, -403
core   0: 3 0x80002418 (0xe6de0f93) x31 0xfffffe6d
core   0: 0x8000241c (0x001d8d93) addi    s11, s11, 1
core   0: 3 0x8000241c (0x001d8d93) x27 0x0000000c
core   0: 0x80002420 (0xc917b213) sltiu   tp, a5, -879
core   0: 3 0x80002420 (0xc917b213) x 4 0x00000001
core   0: 0x80002424 (0xa6db0793) addi    a5, s6, -1427
core   0: 3 0x80002424 (0xa6db0793) x15 0x7ffffed2
core   0: 0x80002428 (0x01ade7b3) or      a5, s11, s10
core   0: 3 0x80002428 (0x01ade7b3) x15 0x0266af6f
core   0: 0x8000242c (0x00d03233) snez    tp, a3
core   0: 3 0x8000242c (0x00d03233) x 4 0x00000001
core   0: 0x80002430 (0x40208533) sub     a0, ra, sp
core   0: 3 0x80002430 (0x40208533) x10 0x56110658
core   0: 0x80002434 (0x419e5e13) srai    t3, t3, 25
core   0: 3 0x80002434 (0x419e5e13) x28 0x00000000
core   0: 0x80002438 (0xffa32f93) slti    t6, t1, -6
core   0: 3 0x80002438 (0xffa32f93) x31 0x00000000
core   0: 0x8000243c (0xfd3d9ce3) bne     s11, s3, pc - 40
core   0: 3 0x8000243c (0xfd3d9ce3)
core   0: 0x80002414 (0x004161b3) or      gp, sp, tp
core   0: 3 0x80002414 (0x004161b3) x 3 0x80028ce5
core   0: 0x80002418 (0xe6de0f93) addi    t6, t3, -403
core   0: 3 0x80002418 (0xe6de0f93) x31 0xfffffe6d
core   0: 0x8000241c (0x001d8d93) addi    s11, s11, 1
core   0: 3 0x8000241c (0x001d8d93) x27 0x0000000d
core   0: 0x80002420 (0xc917b213) sltiu   tp, a5, -879
core   0: 3 0x80002420 (0xc917b213) x 4 0x00000001
core   0: 0x80002424 (0xa6db0793) addi    a5, s6, -1427
core   0: 3 0x80002424 (0xa6db0793) x15 0x7ffffed2
core   0: 0x80002428 (0x01ade7b3) or      a5, s11, s10
core   0: 3 0x80002428 (0x01ade7b3) x15 0x0266af6f
core   0: 0x8000242c (0x00d03233) snez    tp, a3
core   0: 3 0x8000242c (0x00d03233) x 4 0x00000001
core   0: 0x80002430 (0x40208533) sub     a0, ra, sp
core   0: 3 0x80002430 (0x40208533) x10 0x56110658
core   0: 0x80002434 (0x419e5e13) srai    t3, t3, 25
core   0: 3 0x80002434 (0x419e5e13) x28 0x00000000
core   0: 0x80002438 (0xffa32f93) slti    t6, t1, -6
core   0: 3 0x80002438 (0xffa32f93) x31 0x00000000
core   0: 0x8000243c (0xfd3d9ce3) bne     s11, s3, pc - 40
core   0: 3 0x8000243c (0xfd3d9ce3)
core   0: 0x80002414 (0x004161b3) or      gp, sp, tp
core   0: 3 0x80002414 (0x004161b3) x 3 0x80028ce5
core   0: 0x80002418 (0xe6de0f93) addi    t6, t3, -403
core   0: 3 0x80002418 (0xe6de0f93) x31 0xfffffe6d
core   0: 0x8000241c (0x001d8d93) addi    s11, s11, 1
core   0: 3 0x8000241c (0x001d8d93) x27 0x0000000e
core   0: 0x80002420 (0xc917b213) sltiu   tp, a5, -879
core   0: 3 0x80002420 (0xc917b213) x 4 0x00000001
core   0: 0x80002424 (0xa6db0793) addi    a5, s6, -1427
core   0: 3 0x80002424 (0xa6db0793) x15 0x7ffffed2
core   0: 0x80002428 (0x01ade7b3) or      a5, s11, s10
core   0: 3 0x80002428 (0x01ade7b3) x15 0x0266af6f
core   0: 0x8000242c (0x00d03233) snez    tp, a3
core   0: 3 0x8000242c (0x00d03233) x 4 0x00000001
core   0: 0x80002430 (0x40208533) sub     a0, ra, sp
core   0: 3 0x80002430 (0x40208533) x10 0x56110658
core   0: 0x80002434 (0x419e5e13) srai    t3, t3, 25
core   0: 3 0x80002434 (0x419e5e13) x28 0x00000000
core   0: 0x80002438 (0xffa32f93) slti    t6, t1, -6
core   0: 3 0x80002438 (0xffa32f93) x31 0x00000000
core   0: 0x8000243c (0xfd3d9ce3) bne     s11, s3, pc - 40
core   0: 3 0x8000243c (0xfd3d9ce3)
core   0: 0x80002414 (0x004161b3) or      gp, sp, tp
core   0: 3 0x80002414 (0x004161b3) x 3 0x80028ce5
core   0: 0x80002418 (0xe6de0f93) addi    t6, t3, -403
core   0: 3 0x80002418 (0xe6de0f93) x31 0xfffffe6d
core   0: 0x8000241c (0x001d8d93) addi    s11, s11, 1
core   0: 3 0x8000241c (0x001d8d93) x27 0x0000000f
core   0: 0x80002420 (0xc917b213) sltiu   tp, a5, -879
core   0: 3 0x80002420 (0xc917b213) x 4 0x00000001
core   0: 0x80002424 (0xa6db0793) addi    a5, s6, -1427
core   0: 3 0x80002424 (0xa6db0793) x15 0x7ffffed2
core   0: 0x80002428 (0x01ade7b3) or      a5, s11, s10
core   0: 3 0x80002428 (0x01ade7b3) x15 0x0266af6f
core   0: 0x8000242c (0x00d03233) snez    tp, a3
core   0: 3 0x8000242c (0x00d03233) x 4 0x00000001
core   0: 0x80002430 (0x40208533) sub     a0, ra, sp
core   0: 3 0x80002430 (0x40208533) x10 0x56110658
core   0: 0x80002434 (0x419e5e13) srai    t3, t3, 25
core   0: 3 0x80002434 (0x419e5e13) x28 0x00000000
core   0: 0x80002438 (0xffa32f93) slti    t6, t1, -6
core   0: 3 0x80002438 (0xffa32f93) x31 0x00000000
core   0: 0x8000243c (0xfd3d9ce3) bne     s11, s3, pc - 40
core   0: 3 0x8000243c (0xfd3d9ce3)
core   0: 0x80002414 (0x004161b3) or      gp, sp, tp
core   0: 3 0x80002414 (0x004161b3) x 3 0x80028ce5
core   0: 0x80002418 (0xe6de0f93) addi    t6, t3, -403
core   0: 3 0x80002418 (0xe6de0f93) x31 0xfffffe6d
core   0: 0x8000241c (0x001d8d93) addi    s11, s11, 1
core   0: 3 0x8000241c (0x001d8d93) x27 0x00000010
core   0: 0x80002420 (0xc917b213) sltiu   tp, a5, -879
core   0: 3 0x80002420 (0xc917b213) x 4 0x00000001
core   0: 0x80002424 (0xa6db0793) addi    a5, s6, -1427
core   0: 3 0x80002424 (0xa6db0793) x15 0x7ffffed2
core   0: 0x80002428 (0x01ade7b3) or      a5, s11, s10
core   0: 3 0x80002428 (0x01ade7b3) x15 0x0266af77
core   0: 0x8000242c (0x00d03233) snez    tp, a3
core   0: 3 0x8000242c (0x00d03233) x 4 0x00000001
core   0: 0x80002430 (0x40208533) sub     a0, ra, sp
core   0: 3 0x80002430 (0x40208533) x10 0x56110658
core   0: 0x80002434 (0x419e5e13) srai    t3, t3, 25
core   0: 3 0x80002434 (0x419e5e13) x28 0x00000000
core   0: 0x80002438 (0xffa32f93) slti    t6, t1, -6
core   0: 3 0x80002438 (0xffa32f93) x31 0x00000000
core   0: 0x8000243c (0xfd3d9ce3) bne     s11, s3, pc - 40
core   0: 3 0x8000243c (0xfd3d9ce3)
core   0: 0x80002414 (0x004161b3) or      gp, sp, tp
core   0: 3 0x80002414 (0x004161b3) x 3 0x80028ce5
core   0: 0x80002418 (0xe6de0f93) addi    t6, t3, -403
core   0: 3 0x80002418 (0xe6de0f93) x31 0xfffffe6d
core   0: 0x8000241c (0x001d8d93) addi    s11, s11, 1
core   0: 3 0x8000241c (0x001d8d93) x27 0x00000011
core   0: 0x80002420 (0xc917b213) sltiu   tp, a5, -879
core   0: 3 0x80002420 (0xc917b213) x 4 0x00000001
core   0: 0x80002424 (0xa6db0793) addi    a5, s6, -1427
core   0: 3 0x80002424 (0xa6db0793) x15 0x7ffffed2
core   0: 0x80002428 (0x01ade7b3) or      a5, s11, s10
core   0: 3 0x80002428 (0x01ade7b3) x15 0x0266af77
core   0: 0x8000242c (0x00d03233) snez    tp, a3
core   0: 3 0x8000242c (0x00d03233) x 4 0x00000001
core   0: 0x80002430 (0x40208533) sub     a0, ra, sp
core   0: 3 0x80002430 (0x40208533) x10 0x56110658
core   0: 0x80002434 (0x419e5e13) srai    t3, t3, 25
core   0: 3 0x80002434 (0x419e5e13) x28 0x00000000
core   0: 0x80002438 (0xffa32f93) slti    t6, t1, -6
core   0: 3 0x80002438 (0xffa32f93) x31 0x00000000
core   0: 0x8000243c (0xfd3d9ce3) bne     s11, s3, pc - 40
core   0: 3 0x8000243c (0xfd3d9ce3)
core   0: 0x80002414 (0x004161b3) or      gp, sp, tp
core   0: 3 0x80002414 (0x004161b3) x 3 0x80028ce5
core   0: 0x80002418 (0xe6de0f93) addi    t6, t3, -403
core   0: 3 0x80002418 (0xe6de0f93) x31 0xfffffe6d
core   0: 0x8000241c (0x001d8d93) addi    s11, s11, 1
core   0: 3 0x8000241c (0x001d8d93) x27 0x00000012
core   0: 0x80002420 (0xc917b213) sltiu   tp, a5, -879
core   0: 3 0x80002420 (0xc917b213) x 4 0x00000001
core   0: 0x80002424 (0xa6db0793) addi    a5, s6, -1427
core   0: 3 0x80002424 (0xa6db0793) x15 0x7ffffed2
core   0: 0x80002428 (0x01ade7b3) or      a5, s11, s10
core   0: 3 0x80002428 (0x01ade7b3) x15 0x0266af77
core   0: 0x8000242c (0x00d03233) snez    tp, a3
core   0: 3 0x8000242c (0x00d03233) x 4 0x00000001
core   0: 0x80002430 (0x40208533) sub     a0, ra, sp
core   0: 3 0x80002430 (0x40208533) x10 0x56110658
core   0: 0x80002434 (0x419e5e13) srai    t3, t3, 25
core   0: 3 0x80002434 (0x419e5e13) x28 0x00000000
core   0: 0x80002438 (0xffa32f93) slti    t6, t1, -6
core   0: 3 0x80002438 (0xffa32f93) x31 0x00000000
core   0: 0x8000243c (0xfd3d9ce3) bne     s11, s3, pc - 40
core   0: 3 0x8000243c (0xfd3d9ce3)
core   0: 0x80002414 (0x004161b3) or      gp, sp, tp
core   0: 3 0x80002414 (0x004161b3) x 3 0x80028ce5
core   0: 0x80002418 (0xe6de0f93) addi    t6, t3, -403
core   0: 3 0x80002418 (0xe6de0f93) x31 0xfffffe6d
core   0: 0x8000241c (0x001d8d93) addi    s11, s11, 1
core   0: 3 0x8000241c (0x001d8d93) x27 0x00000013
core   0: 0x80002420 (0xc917b213) sltiu   tp, a5, -879
core   0: 3 0x80002420 (0xc917b213) x 4 0x00000001
core   0: 0x80002424 (0xa6db0793) addi    a5, s6, -1427
core   0: 3 0x80002424 (0xa6db0793) x15 0x7ffffed2
core   0: 0x80002428 (0x01ade7b3) or      a5, s11, s10
core   0: 3 0x80002428 (0x01ade7b3) x15 0x0266af77
core   0: 0x8000242c (0x00d03233) snez    tp, a3
core   0: 3 0x8000242c (0x00d03233) x 4 0x00000001
core   0: 0x80002430 (0x40208533) sub     a0, ra, sp
core   0: 3 0x80002430 (0x40208533) x10 0x56110658
core   0: 0x80002434 (0x419e5e13) srai    t3, t3, 25
core   0: 3 0x80002434 (0x419e5e13) x28 0x00000000
core   0: 0x80002438 (0xffa32f93) slti    t6, t1, -6
core   0: 3 0x80002438 (0xffa32f93) x31 0x00000000
core   0: 0x8000243c (0xfd3d9ce3) bne     s11, s3, pc - 40
core   0: 3 0x8000243c (0xfd3d9ce3)
core   0: 0x80002414 (0x004161b3) or      gp, sp, tp
core   0: 3 0x80002414 (0x004161b3) x 3 0x80028ce5
core   0: 0x80002418 (0xe6de0f93) addi    t6, t3, -403
core   0: 3 0x80002418 (0xe6de0f93) x31 0xfffffe6d
core   0: 0x8000241c (0x001d8d93) addi    s11, s11, 1
core   0: 3 0x8000241c (0x001d8d93) x27 0x00000014
core   0: 0x80002420 (0xc917b213) sltiu   tp, a5, -879
core   0: 3 0x80002420 (0xc917b213) x 4 0x00000001
core   0: 0x80002424 (0xa6db0793) addi    a5, s6, -1427
core   0: 3 0x80002424 (0xa6db0793) x15 0x7ffffed2
core   0: 0x80002428 (0x01ade7b3) or      a5, s11, s10
core   0: 3 0x80002428 (0x01ade7b3) x15 0x0266af77
core   0: 0x8000242c (0x00d03233) snez    tp, a3
core   0: 3 0x8000242c (0x00d03233) x 4 0x00000001
core   0: 0x80002430 (0x40208533) sub     a0, ra, sp
core   0: 3 0x80002430 (0x40208533) x10 0x56110658
core   0: 0x80002434 (0x419e5e13) srai    t3, t3, 25
core   0: 3 0x80002434 (0x419e5e13) x28 0x00000000
core   0: 0x80002438 (0xffa32f93) slti    t6, t1, -6
core   0: 3 0x80002438 (0xffa32f93) x31 0x00000000
core   0: 0x8000243c (0xfd3d9ce3) bne     s11, s3, pc - 40
core   0: 3 0x8000243c (0xfd3d9ce3)
core   0: 0x80002440 (0x0016b4b3) sltu    s1, a3, ra
core   0: 3 0x80002440 (0x0016b4b3) x 9 0x00000001
core   0: 0x80002444 (0x01906463) bltu    zero, s9, pc + 8
core   0: 3 0x80002444 (0x01906463)
core   0: 0x8000244c (0xbe8ba693) slti    a3, s7, -1048
core   0: 3 0x8000244c (0xbe8ba693) x13 0x00000000
core   0: 0x80002450 (0x004c42b3) xor     t0, s8, tp
core   0: 3 0x80002450 (0x004c42b3) x 5 0x049cc801
core   0: 0x80002454 (0x4155d093) srai    ra, a1, 21
core   0: 3 0x80002454 (0x4155d093) x 1 0xfffffc00
core   0: 0x80002458 (0x400881b3) sub     gp, a7, zero
core   0: 3 0x80002458 (0x400881b3) x 3 0x00000001
core   0: 0x8000245c (0x04ccd663) bge     s9, a2, pc + 76
core   0: 3 0x8000245c (0x04ccd663)
core   0: 0x800024a8 (0x39e14413) xori    s0, sp, 926
core   0: 3 0x800024a8 (0x39e14413) x 8 0x80028f7a
core   0: 0x800024ac (0xee9ca517) auipc   a0, 0xee9ca
core   0: 3 0x800024ac (0xee9ca517) x10 0x6e9cc4ac
core   0: 0x800024b0 (0x40e7db33) sra     s6, a5, a4
core   0: 3 0x800024b0 (0x40e7db33) x22 0x00099abd
core   0: 0x800024b4 (0x015b76b3) and     a3, s6, s5
core   0: 3 0x800024b4 (0x015b76b3) x13 0x00098ab5
core   0: 0x800024b8 (0x018a9d33) sll     s10, s5, s8
core   0: 3 0x800024b8 (0x018a9d33) x26 0xffffeef5
core   0: 0x800024bc (0x401ed913) srai    s2, t4, 1
core   0: 3 0x800024bc (0x401ed913) x18 0x00000000
core   0: 0x800024c0 (0x0443c663) blt     t2, tp, pc + 76
core   0: 3 0x800024c0 (0x0443c663)
core   0: 0x800024c4 (0x01b4a3b3) slt     t2, s1, s11
core   0: 3 0x800024c4 (0x01b4a3b3) x 7 0x00000001
core   0: 0x800024c8 (0x00000013) nop
core   0: 3 0x800024c8 (0x00000013)
core   0: 0x800024cc (0x3437ed93) ori     s11, a5, 835
core   0: 3 0x800024cc (0x3437ed93) x27 0x0266af77
core   0: 0x800024d0 (0x0ff0000f) fence   iorw,iorw
core   0: 3 0x800024d0 (0x0ff0000f)
core   0: 0x800024d4 (0x3c573c13) sltiu   s8, a4, 965
core   0: 3 0x800024d4 (0x3c573c13) x24 0x00000001
core   0: 0x800024d8 (0x1c032893) slti    a7, t1, 448
core   0: 3 0x800024d8 (0x1c032893) x17 0x00000001
core   0: 0x800024dc (0x00868e63) beq     a3, s0, pc + 28
core   0: 3 0x800024dc (0x00868e63)
core   0: 0x800024e0 (0x50a49497) auipc   s1, 0x50a49
core   0: 3 0x800024e0 (0x50a49497) x 9 0xd0a4b4e0
core   0: 0x800024e4 (0x01868a63) beq     a3, s8, pc + 20
core   0: 3 0x800024e4 (0x01868a63)
core   0: 0x800024e8 (0x004834b3) sltu    s1, a6, tp
core   0: 3 0x800024e8 (0x004834b3) x 9 0x00000000
core   0: 0x800024ec (0x02cb0e63) beq     s6, a2, pc + 60
core   0: 3 0x800024ec (0x02cb0e63)
core   0: 0x800024f0 (0x8a0b6c93) ori     s9, s6, -1888
core   0: 3 0x800024f0 (0x8a0b6c93) x25 0xfffffabd
core   0: 0x800024f4 (0x01225693) srli    a3, tp, 18
core   0: 3 0x800024f4 (0x01225693) x13 0x00000000
core   0: 0x800024f8 (0x00000013) nop
core   0: 3 0x800024f8 (0x00000013)
core   0: 0x800024fc (0x01c0ae33) slt     t3, ra, t3
core   0: 3 0x800024fc (0x01c0ae33) x28 0x00000001
core   0: 0x80002500 (0x5431aa93) slti    s5, gp, 1347
core   0: 3 0x80002500 (0x5431aa93) x21 0x00000001
core   0: 0x80002504 (0x0ff0000f) fence   iorw,iorw
core   0: 3 0x80002504 (0x0ff0000f)
core   0: 0x80002508 (0xc40df913) andi    s2, s11, -960
core   0: 3 0x80002508 (0xc40df913) x18 0x0266ac40
core   0: 0x8000250c (0x012cde63) bge     s9, s2, pc + 28
core   0: 3 0x8000250c (0x012cde63)
core   0: 0x80002510 (0x06a3e537) lui     a0, 0x6a3e
core   0: 3 0x80002510 (0x06a3e537) x10 0x06a3e000
core   0: 0x80002514 (0x00e07c63) bgeu    zero, a4, pc + 24
core   0: 3 0x80002514 (0x00e07c63)
core   0: 0x80002518 (0x02d19e63) bne     gp, a3, pc + 60
core   0: 3 0x80002518 (0x02d19e63)
core   0: 0x80002554 (0xb5f07f93) andi    t6, zero, -1185
core   0: 3 0x80002554 (0xb5f07f93) x31 0x00000000
core   0: 0x80002558 (0x55a22893) slti    a7, tp, 1370
core   0: 3 0x80002558 (0x55a22893) x17 0x00000001
core   0: 0x8000255c (0x05c8e863) bltu    a7, t3, pc + 80
core   0: 3 0x8000255c (0x05c8e863)
core   0: 0x80002560 (0x01f004b3) add     s1, zero, t6
core   0: 3 0x80002560 (0x01f004b3) x 9 0x00000000
core   0: 0x80002564 (0x00d9cbb3) xor     s7, s3, a3
core   0: 3 0x80002564 (0x00d9cbb3) x23 0x00000014
core   0: 0x80002568 (0x3c404493) xori    s1, zero, 964
core   0: 3 0x80002568 (0x3c404493) x 9 0x000003c4
core   0: 0x8000256c (0x01e99c93) slli    s9, s3, 30
core   0: 3 0x8000256c (0x01e99c93) x25 0x00000000
core   0: 0x80002570 (0x019bd9b3) srl     s3, s7, s9
core   0: 3 0x80002570 (0x019bd9b3) x19 0x00000014
core   0: 0x80002574 (0x0000100f) fence.i
core   0: 3 0x80002574 (0x0000100f)
core   0: 0x80002578 (0x015bddb3) srl     s11, s7, s5
core   0: 3 0x80002578 (0x015bddb3) x27 0x0000000a
core   0: 0x8000257c (0x4198dcb3) sra     s9, a7, s9
core   0: 3 0x8000257c (0x4198dcb3) x25 0x00000001
core   0: 0x80002580 (0x00db4663) blt     s6, a3, pc + 12
core   0: 3 0x80002580 (0x00db4663)
core   0: 0x80002584 (0x00b23e33) sltu    t3, tp, a1
core   0: 3 0x80002584 (0x00b23e33) x28 0x00000001
core   0: 0x80002588 (0x01161263) bne     a2, a7, pc + 4
core   0: 3 0x80002588 (0x01161263)
core   0: 0x8000258c (0xf3217c13) andi    s8, sp, -206
core   0: 3 0x8000258c (0xf3217c13) x24 0x80028c20
core   0: 0x80002590 (0x01145533) srl     a0, s0, a7
core   0: 3 0x80002590 (0x01145533) x10 0x400147bd
core   0: 0x80002594 (0x0128dcb3) srl     s9, a7, s2
core   0: 3 0x80002594 (0x0128dcb3) x25 0x00000001
core   0: 0x80002598 (0x0000100f) fence.i
core   0: 3 0x80002598 (0x0000100f)
core   0: 0x8000259c (0x017f4463) blt     t5, s7, pc + 8
core   0: 3 0x8000259c (0x017f4463)
core   0: 0x800025a0 (0x017efcb3) and     s9, t4, s7
core   0: 3 0x800025a0 (0x017efcb3) x25 0x00000000
core   0: 0x800025a4 (0x401a0333) sub     t1, s4, ra
core   0: 3 0x800025a4 (0x401a0333) x 6 0x00000400
core   0: 0x800025a8 (0x20c36313) ori     t1, t1, 524
core   0: 3 0x800025a8 (0x20c36313) x 6 0x0000060c
core   0: 0x800025ac (0x2ca1a737) lui     a4, 0x2ca1a
core   0: 3 0x800025ac (0x2ca1a737) x14 0x2ca1a000
core   0: 0x800025b0 (0x00000013) nop
core   0: 3 0x800025b0 (0x00000013)
core   0: 0x800025b4 (0x0132eb33) or      s6, t0, s3
core   0: 3 0x800025b4 (0x0132eb33) x22 0x049cc815
core   0: 0x800025b8 (0x05441663) bne     s0, s4, pc + 76
core   0: 3 0x800025b8 (0x05441663)
core   0: 0x80002604 (0x037dcd13) xori    s10, s11, 55
core   0: 3 0x80002604 (0x037dcd13) x26 0x0000003d
core   0: 0x80002608 (0x00000013) nop
core   0: 3 0x80002608 (0x00000013)
core   0: 0x8000260c (0x03c39663) bne     t2, t3, pc + 44
core   0: 3 0x8000260c (0x03c39663)
core   0: 0x80002610 (0x0294e263) bltu    s1, s1, pc + 36
core   0: 3 0x80002610 (0x0294e263)
core   0: 0x80002614 (0x41895033) sra     zero, s2, s8
core   0: 3 0x80002614 (0x41895033)
core   0: 0x80002618 (0x008a6263) bltu    s4, s0, pc + 4
core   0: 3 0x80002618 (0x008a6263)
core   0: 0x8000261c (0x41b95493) srai    s1, s2, 27
core   0: 3 0x8000261c (0x41b95493) x 9 0x00000000
core   0: 0x80002620 (0x0028d033) srl     zero, a7, sp
core   0: 3 0x80002620 (0x0028d033)
core   0: 0x80002624 (0x4167d313) srai    t1, a5, 22
core   0: 3 0x80002624 (0x4167d313) x 6 0x00000009
core   0: 0x80002628 (0x0000100f) fence.i
core   0: 3 0x80002628 (0x0000100f)
core   0: 0x8000262c (0x01726a33) or      s4, tp, s7
core   0: 3 0x8000262c (0x01726a33) x20 0x00000015
core   0: 0x80002630 (0x139588b7) lui     a7, 0x13958
core   0: 3 0x80002630 (0x139588b7) x17 0x13958000
core   0: 0x80002634 (0x01adf733) and     a4, s11, s10
core   0: 3 0x80002634 (0x01adf733) x14 0x00000008
core   0: 0x80002638 (0xba6a6e93) ori     t4, s4, -1114
core   0: 3 0x80002638 (0xba6a6e93) x29 0xfffffbb7
core   0: 0x8000263c (0x008216b3) sll     a3, tp, s0
core   0: 3 0x8000263c (0x008216b3) x13 0x04000000
core   0: 0x80002640 (0x0ff0000f) fence   iorw,iorw
core   0: 3 0x80002640 (0x0ff0000f)
core   0: 0x80002644 (0x406556b3) sra     a3, a0, t1
core   0: 3 0x80002644 (0x406556b3) x13 0x002000a3
core   0: 0x80002648 (0xbae11037) lui     zero, 0xbae11
core   0: 3 0x80002648 (0xbae11037)
core   0: 0x8000264c (0x005c5213) srli    tp, s8, 5
core   0: 3 0x8000264c (0x005c5213) x 4 0x04001461
core   0: 0x80002650 (0x0114bcb3) sltu    s9, s1, a7
core   0: 3 0x80002650 (0x0114bcb3) x25 0x00000001
core   0: 0x80002654 (0x01928433) add     s0, t0, s9
core   0: 3 0x80002654 (0x01928433) x 8 0x049cc802
core   0: 0x80002658 (0x391d3713) sltiu   a4, s10, 913
core   0: 3 0x80002658 (0x391d3713) x14 0x00000001
core   0: 0x8000265c (0x4021d7b3) sra     a5, gp, sp
core   0: 3 0x8000265c (0x4021d7b3) x15 0x00000000
core   0: 0x80002660 (0x00b08663) beq     ra, a1, pc + 12
core   0: 3 0x80002660 (0x00b08663)
core   0: 0x80002664 (0x04c37863) bgeu    t1, a2, pc + 80
core   0: 3 0x80002664 (0x04c37863)
core   0: 0x80002668 (0xe665a013) slti    zero, a1, -410
core   0: 3 0x80002668 (0xe665a013)
core   0: 0x8000266c (0x405cd313) srai    t1, s9, 5
core   0: 3 0x8000266c (0x405cd313) x 6 0x00000000
core   0: 0x80002670 (0x01bc4fb3) xor     t6, s8, s11
core   0: 3 0x80002670 (0x01bc4fb3) x31 0x80028c2a
core   0: 0x80002674 (0x007626b3) slt     a3, a2, t2
core   0: 3 0x80002674 (0x007626b3) x13 0x00000001
core   0: 0x80002678 (0x0000100f) fence.i
core   0: 3 0x80002678 (0x0000100f)
core   0: 0x8000267c (0x032a0863) beq     s4, s2, pc + 48
core   0: 3 0x8000267c (0x032a0863)
core   0: 0x80002680 (0x00772a33) slt     s4, a4, t2
core   0: 3 0x80002680 (0x00772a33) x20 0x00000000
core   0: 0x80002684 (0x00000013) nop
core   0: 3 0x80002684 (0x00000013)
core   0: 0x80002688 (0x14d6a013) slti    zero, a3, 333
core   0: 3 0x80002688 (0x14d6a013)
core   0: 0x8000268c (0x5f460213) addi    tp, a2, 1524
core   0: 3 0x8000268c (0x5f460213) x 4 0x80025458
core   0: 0x80002690 (0x019e7a33) and     s4, t3, s9
core   0: 3 0x80002690 (0x019e7a33) x20 0x00000001
core   0: 0x80002694 (0x00000013) nop
core   0: 3 0x80002694 (0x00000013)
core   0: 0x80002698 (0x01641193) slli    gp, s0, 22
core   0: 3 0x80002698 (0x01641193) x 3 0x00800000
core   0: 0x8000269c (0x8ca0b4b7) lui     s1, 0x8ca0b
core   0: 3 0x8000269c (0x8ca0b4b7) x 9 0x8ca0b000
core   0: 0x800026a0 (0x013e7033) and     zero, t3, s3
core   0: 3 0x800026a0 (0x013e7033)
core   0: 0x800026a4 (0x01466233) or      tp, a2, s4
core   0: 3 0x800026a4 (0x01466233) x 4 0x80024e65
core   0: 0x800026a8 (0x019f9863) bne     t6, s9, pc + 16
core   0: 3 0x800026a8 (0x019f9863)
core   0: 0x800026b8 (0xeeaef813) andi    a6, t4, -278
core   0: 3 0x800026b8 (0xeeaef813) x16 0xfffffaa2
core   0: 0x800026bc (0x04d1e663) bltu    gp, a3, pc + 76
core   0: 3 0x800026bc (0x04d1e663)
core   0: 0x800026c0 (0x412a0733) sub     a4, s4, s2
core   0: 3 0x800026c0 (0x412a0733) x14 0xfd9953c1
core   0: 0x800026c4 (0x003b7a63) bgeu    s6, gp, pc + 20
core   0: 3 0x800026c4 (0x003b7a63)
core   0: 0x800026d8 (0x407c57b3) sra     a5, s8, t2
core   0: 3 0x800026d8 (0x407c57b3) x15 0xc0014610
core   0: 0x800026dc (0x014e3d33) sltu    s10, t3, s4
core   0: 3 0x800026dc (0x014e3d33) x26 0x00000000
core   0: 0x800026e0 (0xfc7c7e13) andi    t3, s8, -57
core   0: 3 0x800026e0 (0xfc7c7e13) x28 0x80028c00
core   0: 0x800026e4 (0xb135ec13) ori     s8, a1, -1261
core   0: 3 0x800026e4 (0xb135ec13) x24 0xfffffb13
core   0: 0x800026e8 (0x0079bc33) sltu    s8, s3, t2
core   0: 3 0x800026e8 (0x0079bc33) x24 0x00000000
core   0: 0x800026ec (0x01e03d33) snez    s10, t5
core   0: 3 0x800026ec (0x01e03d33) x26 0x00000001
core   0: 0x800026f0 (0x01f991b3) sll     gp, s3, t6
core   0: 3 0x800026f0 (0x01f991b3) x 3 0x00005000
core   0: 0x800026f4 (0x41c70233) sub     tp, a4, t3
core   0: 3 0x800026f4 (0x41c70233) x 4 0x7d96c7c1
core   0: 0x800026f8 (0x13f22193) slti    gp, tp, 319
core   0: 3 0x800026f8 (0x13f22193) x 3 0x00000000
core   0: 0x800026fc (0x05755663) bge     a0, s7, pc + 76
core   0: 3 0x800026fc (0x05755663)
core   0: 0x80002748 (0x522691b7) lui     gp, 0x52269
core   0: 3 0x80002748 (0x522691b7) x 3 0x52269000
core   0: 0x8000274c (0x01462733) slt     a4, a2, s4
core   0: 3 0x8000274c (0x01462733) x14 0x00000001
core   0: 0x80002750 (0x0000100f) fence.i
core   0: 3 0x80002750 (0x0000100f)
core   0: 0x80002754 (0x0143e6b3) or      a3, t2, s4
core   0: 3 0x80002754 (0x0143e6b3) x13 0x00000001
core   0: 0x80002758 (0x0ff0000f) fence   iorw,iorw
core   0: 3 0x80002758 (0x0ff0000f)
core   0: 0x8000275c (0x08804493) xori    s1, zero, 136
core   0: 3 0x8000275c (0x08804493) x 9 0x00000088
core   0: 0x80002760 (0x017dd7b3) srl     a5, s11, s7
core   0: 3 0x80002760 (0x017dd7b3) x15 0x00000000
core   0: 0x80002764 (0x017e8263) beq     t4, s7, pc + 4
core   0: 3 0x80002764 (0x017e8263)
core   0: 0x80002768 (0xeb632393) slti    t2, t1, -330
core   0: 3 0x80002768 (0xeb632393) x 7 0x00000000
core   0: 0x8000276c (0x0086c463) blt     a3, s0, pc + 8
core   0: 3 0x8000276c (0x0086c463)
core   0: 0x80002774 (0x00000013) nop
core   0: 3 0x80002774 (0x00000013)
core   0: 0x80002778 (0x400208b3) sub     a7, tp, zero
core   0: 3 0x80002778 (0x400208b3) x17 0x7d96c7c1
core   0: 0x8000277c (0x00b90eb3) add     t4, s2, a1
core   0: 3 0x8000277c (0x00b90eb3) x29 0x8266ac40
core   0: 0x80002780 (0x00000013) nop
core   0: 3 0x80002780 (0x00000013)
core   0: 0x80002784 (0x89f14513) xori    a0, sp, -1889
core   0: 3 0x80002784 (0x89f14513) x10 0x7ffd747b
core   0: 0x80002788 (0x01287db3) and     s11, a6, s2
core   0: 3 0x80002788 (0x01287db3) x27 0x0266a800
core   0: 0x8000278c (0x0103df33) srl     t5, t2, a6
core   0: 3 0x8000278c (0x0103df33) x30 0x00000000
core   0: 0x80002790 (0x017cec33) or      s8, s9, s7
core   0: 3 0x80002790 (0x017cec33) x24 0x00000015
core   0: 0x80002794 (0x57555cb7) lui     s9, 0x57555
core   0: 3 0x80002794 (0x57555cb7) x25 0x57555000
core   0: 0x80002798 (0x00e93933) sltu    s2, s2, a4
core   0: 3 0x80002798 (0x00e93933) x18 0x00000000
core   0: 0x8000279c (0x013f68b3) or      a7, t5, s3
core   0: 3 0x8000279c (0x013f68b3) x17 0x00000014
core   0: 0x800027a0 (0x0177bab3) sltu    s5, a5, s7
core   0: 3 0x800027a0 (0x0177bab3) x21 0x00000001
core   0: 0x800027a4 (0x00000013) nop
core   0: 3 0x800027a4 (0x00000013)
core   0: 0x800027a8 (0x40f8d193) srai    gp, a7, 15
core   0: 3 0x800027a8 (0x40f8d193) x 3 0x00000000
core   0: 0x800027ac (0x004e9863) bne     t4, tp, pc + 16
core   0: 3 0x800027ac (0x004e9863)
core   0: 0x800027bc (0xf8814017) auipc   zero, 0xf8814
core   0: 3 0x800027bc (0xf8814017)
core   0: 0x800027c0 (0x01eec2b3) xor     t0, t4, t5
core   0: 3 0x800027c0 (0x01eec2b3) x 5 0x8266ac40
core   0: 0x800027c4 (0xce51c413) xori    s0, gp, -795
core   0: 3 0x800027c4 (0xce51c413) x 8 0xfffffce5
core   0: 0x800027c8 (0x401903b3) sub     t2, s2, ra
core   0: 3 0x800027c8 (0x401903b3) x 7 0x00000400
core   0: 0x800027cc (0x01ef5c13) srli    s8, t5, 30
core   0: 3 0x800027cc (0x01ef5c13) x24 0x00000000
core   0: 0x800027d0 (0x00ef4e63) blt     t5, a4, pc + 28
core   0: 3 0x800027d0 (0x00ef4e63)
core   0: 0x800027ec (0x00ce6ab3) or      s5, t3, a2
core   0: 3 0x800027ec (0x00ce6ab3) x21 0x8002ce64
core   0: 0x800027f0 (0x018de2b3) or      t0, s11, s8
core   0: 3 0x800027f0 (0x018de2b3) x 5 0x0266a800
core   0: 0x800027f4 (0xc2200213) li      tp, -990
core   0: 3 0x800027f4 (0xc2200213) x 4 0xfffffc22
core   0: 0x800027f8 (0x372c8913) addi    s2, s9, 882
core   0: 3 0x800027f8 (0x372c8913) x18 0x57555372
core   0: 0x800027fc (0x0126e6b3) or      a3, a3, s2
core   0: 3 0x800027fc (0x0126e6b3) x13 0x57555373
core   0: 0x80002800 (0x4085d893) srai    a7, a1, 8
core   0: 3 0x80002800 (0x4085d893) x17 0xff800000
core   0: 0x80002804 (0x00545eb3) srl     t4, s0, t0
core   0: 3 0x80002804 (0x00545eb3) x29 0xfffffce5
core   0: 0x80002808 (0x00a5d263) bge     a1, a0, pc + 4
core   0: 3 0x80002808 (0x00a5d263)
core   0: 0x8000280c (0x00623a33) sltu    s4, tp, t1
core   0: 3 0x8000280c (0x00623a33) x20 0x00000000
core   0: 0x80002810 (0x008e50b3) srl     ra, t3, s0
core   0: 3 0x80002810 (0x008e50b3) x 1 0x04001460
core   0: 0x80002814 (0x005b36b3) sltu    a3, s6, t0
core   0: 3 0x80002814 (0x005b36b3) x13 0x00000000
core   0: 0x80002818 (0x0ff0000f) fence   iorw,iorw
core   0: 3 0x80002818 (0x0ff0000f)
core   0: 0x8000281c (0x010f5333) srl     t1, t5, a6
core   0: 3 0x8000281c (0x010f5333) x 6 0x00000000
core   0: 0x80002820 (0x004bbbb3) sltu    s7, s7, tp
core   0: 3 0x80002820 (0x004bbbb3) x23 0x00000001
core   0: 0x80002824 (0x00dfc6b3) xor     a3, t6, a3
core   0: 3 0x80002824 (0x00dfc6b3) x13 0x80028c2a
core   0: 0x80002828 (0x1c8c4a37) lui     s4, 0x1c8c4
core   0: 3 0x80002828 (0x1c8c4a37) x20 0x1c8c4000
core   0: 0x8000282c (0xb62e4893) xori    a7, t3, -1182
core   0: 3 0x8000282c (0xb62e4893) x17 0x7ffd7762
core   0: 0x80002830 (0x40ef5193) srai    gp, t5, 14
core   0: 3 0x80002830 (0x40ef5193) x 3 0x00000000
core   0: 0x80002834 (0x824fcf93) xori    t6, t6, -2012
core   0: 3 0x80002834 (0x824fcf93) x31 0x7ffd740e
core   0: 0x80002838 (0xc60a7413) andi    s0, s4, -928
core   0: 3 0x80002838 (0xc60a7413) x 8 0x1c8c4000
core   0: 0x8000283c (0x01a8b2b3) sltu    t0, a7, s10
core   0: 3 0x8000283c (0x01a8b2b3) x 5 0x00000000
core   0: 0x80002840 (0x00000013) nop
core   0: 3 0x80002840 (0x00000013)
core   0: 0x80002844 (0x01a99c63) bne     s3, s10, pc + 24
core   0: 3 0x80002844 (0x01a99c63)
core   0: 0x8000285c (0x04894863) blt     s2, s0, pc + 80
core   0: 3 0x8000285c (0x04894863)
core   0: 0x80002860 (0x011facb3) slt     s9, t6, a7
core   0: 3 0x80002860 (0x011facb3) x25 0x00000001
core   0: 0x80002864 (0x01457fb3) and     t6, a0, s4
core   0: 3 0x80002864 (0x01457fb3) x31 0x1c8c4000
core   0: 0x80002868 (0xf1dfbd13) sltiu   s10, t6, -227
core   0: 3 0x80002868 (0xf1dfbd13) x26 0x00000001
core   0: 0x8000286c (0x4160d313) srai    t1, ra, 22
core   0: 3 0x8000286c (0x4160d313) x 6 0x00000010
core   0: 0x80002870 (0x01630e63) beq     t1, s6, pc + 28
core   0: 3 0x80002870 (0x01630e63)
core   0: 0x80002874 (0xd521fc13) andi    s8, gp, -686
core   0: 3 0x80002874 (0xd521fc13) x24 0x00000000
core   0: 0x80002878 (0x6a2217b7) lui     a5, 0x6a221
core   0: 3 0x80002878 (0x6a2217b7) x15 0x6a221000
core   0: 0x8000287c (0x00000013) nop
core   0: 3 0x8000287c (0x00000013)
core   0: 0x80002880 (0x0043e333) or      t1, t2, tp
core   0: 3 0x80002880 (0x0043e333) x 6 0xfffffc22
core   0: 0x80002884 (0x00d06933) or      s2, zero, a3
core   0: 3 0x80002884 (0x00d06933) x18 0x80028c2a
core   0: 0x80002888 (0x002f9c93) slli    s9, t6, 2
core   0: 3 0x80002888 (0x002f9c93) x25 0x72310000
core   0: 0x8000288c (0x01caacb3) slt     s9, s5, t3
core   0: 3 0x8000288c (0x01caacb3) x25 0x00000000
core   0: 0x80002890 (0x0328c663) blt     a7, s2, pc + 44
core   0: 3 0x80002890 (0x0328c663)
core   0: 0x80002894 (0x18022b93) slti    s7, tp, 384
core   0: 3 0x80002894 (0x18022b93) x23 0x00000001
core   0: 0x80002898 (0x01451713) slli    a4, a0, 20
core   0: 3 0x80002898 (0x01451713) x14 0x47b00000
core   0: 0x8000289c (0x01da24b3) slt     s1, s4, t4
core   0: 3 0x8000289c (0x01da24b3) x 9 0x00000000
core   0: 0x800028a0 (0x5fdb4d13) xori    s10, s6, 1533
core   0: 3 0x800028a0 (0x5fdb4d13) x26 0x049ccde8
core   0: 0x800028a4 (0x00909013) slli    zero, ra, 9
core   0: 3 0x800028a4 (0x00909013)
core   0: 0x800028a8 (0x002b1993) slli    s3, s6, 2
core   0: 3 0x800028a8 (0x002b1993) x19 0x12732054
core   0: 0x800028ac (0x08724a63) blt     tp, t2, pc + 148
core   0: 3 0x800028ac (0x08724a63)
core   0: 0x80002940 (0x40375433) sra     s0, a4, gp
core   0: 3 0x80002940 (0x40375433) x 8 0x47b00000
core   0: 0x80002944 (0x006c4663) blt     s8, t1, pc + 12
core   0: 3 0x80002944 (0x006c4663)
core   0: 0x80002948 (0x018ee1b3) or      gp, t4, s8
core   0: 3 0x80002948 (0x018ee1b3) x 3 0xfffffce5
core   0: 0x8000294c (0x0ff0000f) fence   iorw,iorw
core   0: 3 0x8000294c (0x0ff0000f)
core   0: 0x80002950 (0x03e19e63) bne     gp, t5, pc + 60
core   0: 3 0x80002950 (0x03e19e63)
core   0: 0x8000298c (0x0000100f) fence.i
core   0: 3 0x8000298c (0x0000100f)
core   0: 0x80002990 (0x00afbcb3) sltu    s9, t6, a0
core   0: 3 0x80002990 (0x00afbcb3) x25 0x00000001
core   0: 0x80002994 (0xdac07693) andi    a3, zero, -596
core   0: 3 0x80002994 (0xdac07693) x13 0x00000000
core   0: 0x80002998 (0xd1d83f13) sltiu   t5, a6, -739
core   0: 3 0x80002998 (0xd1d83f13) x30 0x00000001
core   0: 0x8000299c (0x00015293) srli    t0, sp, 0
core   0: 3 0x8000299c (0x00015293) x 5 0x80028ce4
core   0: 0x800029a0 (0x0ff0000f) fence   iorw,iorw
core   0: 3 0x800029a0 (0x0ff0000f)
core   0: 0x800029a4 (0x0535fd13) andi    s10, a1, 83
core   0: 3 0x800029a4 (0x0535fd13) x26 0x00000000
core   0: 0x800029a8 (0x00d10a63) beq     sp, a3, pc + 20
core   0: 3 0x800029a8 (0x00d10a63)
core   0: 0x800029ac (0x05241663) bne     s0, s2, pc + 76
core   0: 3 0x800029ac (0x05241663)
core   0: 0x800029f8 (0x004ffcb3) and     s9, t6, tp
core   0: 3 0x800029f8 (0x004ffcb3) x25 0x1c8c4000
core   0: 0x800029fc (0xd5964a93) xori    s5, a2, -679
core   0: 3 0x800029fc (0xd5964a93) x21 0x7ffdb33d
core   0: 0x80002a00 (0x00509663) bne     ra, t0, pc + 12
core   0: 3 0x80002a00 (0x00509663)
core   0: 0x80002a0c (0x005b5e13) srli    t3, s6, 5
core   0: 3 0x80002a0c (0x005b5e13) x28 0x0024e640
core   0: 0x80002a10 (0x0ff0000f) fence   iorw,iorw
core   0: 3 0x80002a10 (0x0ff0000f)
core   0: 0x80002a14 (0x002a2433) slt     s0, s4, sp
core   0: 3 0x80002a14 (0x002a2433) x 8 0x00000000
core   0: 0x80002a18 (0x00bbdb13) srli    s6, s7, 11
core   0: 3 0x80002a18 (0x00bbdb13) x22 0x00000000
core   0: 0x80002a1c (0xd73c8a97) auipc   s5, 0xd73c8
core   0: 3 0x80002a1c (0xd73c8a97) x21 0x573caa1c
core   0: 0x80002a20 (0xa5202b13) slti    s6, zero, -1454
core   0: 3 0x80002a20 (0xa5202b13) x22 0x00000000
core   0: 0x80002a24 (0x0ff0000f) fence   iorw,iorw
core   0: 3 0x80002a24 (0x0ff0000f)
core   0: 0x80002a28 (0x9ea6f0b7) lui     ra, 0x9ea6f
core   0: 3 0x80002a28 (0x9ea6f0b7) x 1 0x9ea6f000
core   0: 0x80002a2c (0x0ff0000f) fence   iorw,iorw
core   0: 3 0x80002a2c (0x0ff0000f)
core   0: 0x80002a30 (0x0199b3b3) sltu    t2, s3, s9
core   0: 3 0x80002a30 (0x0199b3b3) x 7 0x00000001
core   0: 0x80002a34 (0x018fe733) or      a4, t6, s8
core   0: 3 0x80002a34 (0x018fe733) x14 0x1c8c4000
core   0: 0x80002a38 (0x68a64c13) xori    s8, a2, 1674
core   0: 3 0x80002a38 (0x68a64c13) x24 0x800248ee
core   0: 0x80002a3c (0x41785a33) sra     s4, a6, s7
core   0: 3 0x80002a3c (0x41785a33) x20 0xfffffd51
core   0: 0x80002a40 (0x014e1a63) bne     t3, s4, pc + 20
core   0: 3 0x80002a40 (0x014e1a63)
core   0: 0x80002a54 (0x0334ee63) bltu    s1, s3, pc + 60
core   0: 3 0x80002a54 (0x0334ee63)
core   0: 0x80002a90 (0x013e0c63) beq     t3, s3, pc + 24
core   0: 3 0x80002a90 (0x013e0c63)
core   0: 0x80002a94 (0x01bf0463) beq     t5, s11, pc + 8
core   0: 3 0x80002a94 (0x01bf0463)
core   0: 0x80002a98 (0xdfe32b93) slti    s7, t1, -514
core   0: 3 0x80002a98 (0xdfe32b93) x23 0x00000001
core   0: 0x80002a9c (0xedff0413) addi    s0, t5, -289
core   0: 3 0x80002a9c (0xedff0413) x 8 0xfffffee0
core   0: 0x80002aa0 (0xb27fb493) sltiu   s1, t6, -1241
core   0: 3 0x80002aa0 (0xb27fb493) x 9 0x00000001
core   0: 0x80002aa4 (0x01155213) srli    tp, a0, 17
core   0: 3 0x80002aa4 (0x01155213) x 4 0x00003ffe
core   0: 0x80002aa8 (0x3646e993) ori     s3, a3, 868
core   0: 3 0x80002aa8 (0x3646e993) x19 0x00000364
core   0: 0x80002aac (0x013ef463) bgeu    t4, s3, pc + 8
core   0: 3 0x80002aac (0x013ef463)
core   0: 0x80002ab4 (0x0ff0000f) fence   iorw,iorw
core   0: 3 0x80002ab4 (0x0ff0000f)
core   0: 0x80002ab8 (0x01a64663) blt     a2, s10, pc + 12
core   0: 3 0x80002ab8 (0x01a64663)
core   0: 0x80002ac4 (0xdc383093) sltiu   ra, a6, -573
core   0: 3 0x80002ac4 (0xdc383093) x 1 0x00000001
core   0: 0x80002ac8 (0x69ba7713) andi    a4, s4, 1691
core   0: 3 0x80002ac8 (0x69ba7713) x14 0x00000411
core   0: 0x80002acc (0x0448f863) bgeu    a7, tp, pc + 80
core   0: 3 0x80002acc (0x0448f863)
core   0: 0x80002b1c (0x01e62bb3) slt     s7, a2, t5
core   0: 3 0x80002b1c (0x01e62bb3) x23 0x00000001
core   0: 0x80002b20 (0x00b993b3) sll     t2, s3, a1
core   0: 3 0x80002b20 (0x00b993b3) x 7 0x00000364
core   0: 0x80002b24 (0x0ff0000f) fence   iorw,iorw
core   0: 3 0x80002b24 (0x0ff0000f)
core   0: 0x80002b28 (0x0ff0000f) fence   iorw,iorw
core   0: 3 0x80002b28 (0x0ff0000f)
core   0: 0x80002b2c (0x0161c733) xor     a4, gp, s6
core   0: 3 0x80002b2c (0x0161c733) x14 0xfffffce5
core   0: 0x80002b30 (0xde4b7a93) andi    s5, s6, -540
core   0: 3 0x80002b30 (0xde4b7a93) x21 0x00000000
core   0: 0x80002b34 (0x36c92413) slti    s0, s2, 876
core   0: 3 0x80002b34 (0x36c92413) x 8 0x00000001
core   0: 0x80002b38 (0x4002d033) sra     zero, t0, zero
core   0: 3 0x80002b38 (0x4002d033)
core   0: 0x80002b3c (0x0042ef33) or      t5, t0, tp
core   0: 3 0x80002b3c (0x0042ef33) x30 0x8002bffe
core   0: 0x80002b40 (0x3a96c813) xori    a6, a3, 937
core   0: 3 0x80002b40 (0x3a96c813) x16 0x000003a9
core   0: 0x80002b44 (0x418d5193) srai    gp, s10, 24
core   0: 3 0x80002b44 (0x418d5193) x 3 0x00000000
core   0: 0x80002b48 (0x040af863) bgeu    s5, zero, pc + 80
core   0: 3 0x80002b48 (0x040af863)
core   0: 0x80002b98 (0xb51fe537) lui     a0, 0xb51fe
core   0: 3 0x80002b98 (0xb51fe537) x10 0xb51fe000
core   0: 0x80002b9c (0x01c07933) and     s2, zero, t3
core   0: 3 0x80002b9c (0x01c07933) x18 0x00000000
core   0: 0x80002ba0 (0x020f5863) bgez    t5, pc + 48
core   0: 3 0x80002ba0 (0x020f5863)
core   0: 0x80002ba4 (0x01d1c3b3) xor     t2, gp, t4
core   0: 3 0x80002ba4 (0x01d1c3b3) x 7 0xfffffce5
core   0: 0x80002ba8 (0x96a07b93) andi    s7, zero, -1686
core   0: 3 0x80002ba8 (0x96a07b93) x23 0x00000000
core   0: 0x80002bac (0x012e1c63) bne     t3, s2, pc + 24
core   0: 3 0x80002bac (0x012e1c63)
core   0: 0x80002bc4 (0xf8b08993) addi    s3, ra, -117
core   0: 3 0x80002bc4 (0xf8b08993) x19 0xffffff8c
core   0: 0x80002bc8 (0x01aadf93) srli    t6, s5, 26
core   0: 3 0x80002bc8 (0x01aadf93) x31 0x00000000
core   0: 0x80002bcc (0x00f0deb3) srl     t4, ra, a5
core   0: 3 0x80002bcc (0x00f0deb3) x29 0x00000001
core   0: 0x80002bd0 (0x01346263) bltu    s0, s3, pc + 4
core   0: 3 0x80002bd0 (0x01346263)
core   0: 0x80002bd4 (0x00a35263) bge     t1, a0, pc + 4
core   0: 3 0x80002bd4 (0x00a35263)
core   0: 0x80002bd8 (0x01a73a33) sltu    s4, a4, s10
core   0: 3 0x80002bd8 (0x01a73a33) x20 0x00000000
core   0: 0x80002bdc (0x0ff0000f) fence   iorw,iorw
core   0: 3 0x80002bdc (0x0ff0000f)
core   0: 0x80002be0 (0x41275393) srai    t2, a4, 18
core   0: 3 0x80002be0 (0x41275393) x 7 0xffffffff
core   0: 0x80002be4 (0x004ea533) slt     a0, t4, tp
core   0: 3 0x80002be4 (0x004ea533) x10 0x00000001
core   0: 0x80002be8 (0x00419693) slli    a3, gp, 4
core   0: 3 0x80002be8 (0x00419693) x13 0x00000000
core   0: 0x80002bec (0x0000100f) fence.i
core   0: 3 0x80002bec (0x0000100f)
core   0: 0x80002bf0 (0x006059b3) srl     s3, zero, t1
core   0: 3 0x80002bf0 (0x006059b3) x19 0x00000000
core   0: 0x80002bf4 (0x01325e33) srl     t3, tp, s3
core   0: 3 0x80002bf4 (0x01325e33) x28 0x00003ffe
core   0: 0x80002bf8 (0x03fe6e63) bltu    t3, t6, pc + 60
core   0: 3 0x80002bf8 (0x03fe6e63)
core   0: 0x80002bfc (0x01e17863) bgeu    sp, t5, pc + 16
core   0: 3 0x80002bfc (0x01e17863)
core   0: 0x80002c00 (0xa1b52713) slti    a4, a0, -1509
core   0: 3 0x80002c00 (0xa1b52713) x14 0x00000000
core   0: 0x80002c04 (0x0178fbb3) and     s7, a7, s7
core   0: 3 0x80002c04 (0x0178fbb3) x23 0x00000000
core   0: 0x80002c08 (0x00b37fb3) and     t6, t1, a1
core   0: 3 0x80002c08 (0x00b37fb3) x31 0x80000000
core   0: 0x80002c0c (0x0000100f) fence.i
core   0: 3 0x80002c0c (0x0000100f)
core   0: 0x80002c10 (0x01851013) slli    zero, a0, 24
core   0: 3 0x80002c10 (0x01851013)
core   0: 0x80002c14 (0x403a5033) sra     zero, s4, gp
core   0: 3 0x80002c14 (0x403a5033)
core   0: 0x80002c18 (0x0000100f) fence.i
core   0: 3 0x80002c18 (0x0000100f)
core   0: 0x80002c1c (0x00b30933) add     s2, t1, a1
core   0: 3 0x80002c1c (0x00b30933) x18 0x7ffffc22
core   0: 0x80002c20 (0x00f124b3) slt     s1, sp, a5
core   0: 3 0x80002c20 (0x00f124b3) x 9 0x00000001
core   0: 0x80002c24 (0x41df5c33) sra     s8, t5, t4
core   0: 3 0x80002c24 (0x41df5c33) x24 0xc0015fff
core   0: 0x80002c28 (0x42adc213) xori    tp, s11, 1066
core   0: 3 0x80002c28 (0x42adc213) x 4 0x0266ac2a
core   0: 0x80002c2c (0x69a22393) slti    t2, tp, 1690
core   0: 3 0x80002c2c (0x69a22393) x 7 0x00000000
core   0: 0x80002c30 (0x0ff0000f) fence   iorw,iorw
core   0: 3 0x80002c30 (0x0ff0000f)
core   0: 0x80002c34 (0xc9712913) slti    s2, sp, -873
core   0: 3 0x80002c34 (0xc9712913) x18 0x00000001
core   0: 0x80002c38 (0x00000013) nop
core   0: 3 0x80002c38 (0x00000013)
core   0: 0x80002c3c (0x006bbab3) sltu    s5, s7, t1
core   0: 3 0x80002c3c (0x006bbab3) x21 0x00000001
core   0: 0x80002c40 (0x00d05733) srl     a4, zero, a3
core   0: 3 0x80002c40 (0x00d05733) x14 0x00000000
core   0: 0x80002c44 (0x0df3c213) xori    tp, t2, 223
core   0: 3 0x80002c44 (0x0df3c213) x 4 0x000000df
core   0: 0x80002c48 (0x5b3d7c93) andi    s9, s10, 1459
core   0: 3 0x80002c48 (0x5b3d7c93) x25 0x00000000
core   0: 0x80002c4c (0x01911d13) slli    s10, sp, 25
core   0: 3 0x80002c4c (0x01911d13) x26 0xc8000000
core   0: 0x80002c50 (0x3ce43913) sltiu   s2, s0, 974
core   0: 3 0x80002c50 (0x3ce43913) x18 0x00000001
core   0: 0x80002c54 (0x001cd713) srli    a4, s9, 1
core   0: 3 0x80002c54 (0x001cd713) x14 0x00000000
core   0: 0x80002c58 (0x01f5d693) srli    a3, a1, 31
core   0: 3 0x80002c58 (0x01f5d693) x13 0x00000001
core   0: 0x80002c5c (0x0ff0000f) fence   iorw,iorw
core   0: 3 0x80002c5c (0x0ff0000f)
core   0: 0x80002c60 (0x00fe1db3) sll     s11, t3, a5
core   0: 3 0x80002c60 (0x00fe1db3) x27 0x00003ffe
core   0: 0x80002c64 (0xeae4cf17) auipc   t5, 0xeae4c
core   0: 3 0x80002c64 (0xeae4cf17) x30 0x6ae4ec64
core   0: 0x80002c68 (0x00000013) nop
core   0: 3 0x80002c68 (0x00000013)
core   0: 0x80002c6c (0x4130d813) srai    a6, ra, 19
core   0: 3 0x80002c6c (0x4130d813) x16 0x00000000
core   0: 0x80002c70 (0xd380ac93) slti    s9, ra, -712
core   0: 3 0x80002c70 (0xd380ac93) x25 0x00000000
core   0: 0x80002c74 (0x006ceeb3) or      t4, s9, t1
core   0: 3 0x80002c74 (0x006ceeb3) x29 0xfffffc22
core   0: 0x80002c78 (0x010a5a13) srli    s4, s4, 16
core   0: 3 0x80002c78 (0x010a5a13) x20 0x00000000
core   0: 0x80002c7c (0x5f3fa413) slti    s0, t6, 1523
core   0: 3 0x80002c7c (0x5f3fa413) x 8 0x00000001
core   0: 0x80002c80 (0xa2762b13) slti    s6, a2, -1497
core   0: 3 0x80002c80 (0xa2762b13) x22 0x00000001
core   0: 0x80002c84 (0x00000013) nop
core   0: 3 0x80002c84 (0x00000013)
core   0: 0x80002c88 (0x0e04b693) sltiu   a3, s1, 224
core   0: 3 0x80002c88 (0x0e04b693) x13 0x00000001
core   0: 0x80002c8c (0x001ea6b3) slt     a3, t4, ra
core   0: 3 0x80002c8c (0x001ea6b3) x13 0x00000001
core   0: 0x80002c90 (0x006634b3) sltu    s1, a2, t1
core   0: 3 0x80002c90 (0x006634b3) x 9 0x00000001
core   0: 0x80002c94 (0x0000100f) fence.i
core   0: 3 0x80002c94 (0x0000100f)
core   0: 0x80002c98 (0x418a5ab3) sra     s5, s4, s8
core   0: 3 0x80002c98 (0x418a5ab3) x21 0x00000000
core   0: 0x80002c9c (0x0414c063) blt     s1, ra, pc + 64
core   0: 3 0x80002c9c (0x0414c063)
core   0: 0x80002ca0 (0x0000100f) fence.i
core   0: 3 0x80002ca0 (0x0000100f)
core   0: 0x80002ca4 (0xc7f2ae13) slti    t3, t0, -897
core   0: 3 0x80002ca4 (0xc7f2ae13) x28 0x00000001
core   0: 0x80002ca8 (0x00d36033) or      zero, t1, a3
core   0: 3 0x80002ca8 (0x00d36033)
core   0: 0x80002cac (0xfed7fe93) andi    t4, a5, -19
core   0: 3 0x80002cac (0xfed7fe93) x29 0x6a221000
core   0: 0x80002cb0 (0x13bc7013) andi    zero, s8, 315
core   0: 3 0x80002cb0 (0x13bc7013)
core   0: 0x80002cb4 (0x0b018663) beq     gp, a6, pc + 172
core   0: 3 0x80002cb4 (0x0b018663)
core   0: 0x80002d60 (0x01429833) sll     a6, t0, s4
core   0: 3 0x80002d60 (0x01429833) x16 0x80028ce4
core   0: 0x80002d64 (0x00000013) nop
core   0: 3 0x80002d64 (0x00000013)
core   0: 0x80002d68 (0x00c39a13) slli    s4, t2, 12
core   0: 3 0x80002d68 (0x00c39a13) x20 0x00000000
core   0: 0x80002d6c (0x8561f813) andi    a6, gp, -1962
core   0: 3 0x80002d6c (0x8561f813) x16 0x00000000
core   0: 0x80002d70 (0x53110413) addi    s0, sp, 1329
core   0: 3 0x80002d70 (0x53110413) x 8 0x80029215
core   0: 0x80002d74 (0x003bdf33) srl     t5, s7, gp
core   0: 3 0x80002d74 (0x003bdf33) x30 0x00000000
core   0: 0x80002d78 (0x00545eb3) srl     t4, s0, t0
core   0: 3 0x80002d78 (0x00545eb3) x29 0x08002921
core   0: 0x80002d7c (0x41137393) andi    t2, t1, 1041
core   0: 3 0x80002d7c (0x41137393) x 7 0x00000400
core   0: 0x80002d80 (0xf20f3913) sltiu   s2, t5, -224
core   0: 3 0x80002d80 (0xf20f3913) x18 0x00000001
core   0: 0x80002d84 (0x01eb7d33) and     s10, s6, t5
core   0: 3 0x80002d84 (0x01eb7d33) x26 0x00000000
core   0: 0x80002d88 (0x0000100f) fence.i
core   0: 3 0x80002d88 (0x0000100f)
core   0: 0x80002d8c (0x00029493) slli    s1, t0, 0
core   0: 3 0x80002d8c (0x00029493) x 9 0x80028ce4
core   0: 0x80002d90 (0x003e1d13) slli    s10, t3, 3
core   0: 3 0x80002d90 (0x003e1d13) x26 0x00000008
core   0: 0x80002d94 (0x7fe22a13) slti    s4, tp, 2046
core   0: 3 0x80002d94 (0x7fe22a13) x20 0x00000001
core   0: 0x80002d98 (0x22d4b513) sltiu   a0, s1, 557
core   0: 3 0x80002d98 (0x22d4b513) x10 0x00000000
core   0: 0x80002d9c (0x00000013) nop
core   0: 3 0x80002d9c (0x00000013)
core   0: 0x80002da0 (0x0021a733) slt     a4, gp, sp
core   0: 3 0x80002da0 (0x0021a733) x14 0x00000000
core   0: 0x80002da4 (0x01c6f3b3) and     t2, a3, t3
core   0: 3 0x80002da4 (0x01c6f3b3) x 7 0x00000001
core   0: 0x80002da8 (0x01a89733) sll     a4, a7, s10
core   0: 3 0x80002da8 (0x01a89733) x14 0xfd776200
core   0: 0x80002dac (0x000eef33) or      t5, t4, zero
core   0: 3 0x80002dac (0x000eef33) x30 0x08002921
core   0: 0x80002db0 (0x8cbb0e13) addi    t3, s6, -1845
core   0: 3 0x80002db0 (0x8cbb0e13) x28 0xfffff8cc
core   0: 0x80002db4 (0x0078de63) bge     a7, t2, pc + 28
core   0: 3 0x80002db4 (0x0078de63)
core   0: 0x80002dd0 (0x7c34cb93) xori    s7, s1, 1987
core   0: 3 0x80002dd0 (0x7c34cb93) x23 0x80028b27
core   0: 0x80002dd4 (0x88465417) auipc   s0, 0x88465
core   0: 3 0x80002dd4 (0x88465417) x 8 0x08467dd4
core   0: 0x80002dd8 (0x057a9663) bne     s5, s7, pc + 76
core   0: 3 0x80002dd8 (0x057a9663)
core   0: 0x80002e24 (0x01e5a333) slt     t1, a1, t5
core   0: 3 0x80002e24 (0x01e5a333) x 6 0x00000001
core   0: 0x80002e28 (0x008358b3) srl     a7, t1, s0
core   0: 3 0x80002e28 (0x008358b3) x17 0x00000000
core   0: 0x80002e2c (0x0061ac33) slt     s8, gp, t1
core   0: 3 0x80002e2c (0x0061ac33) x24 0x00000001
core   0: 0x80002e30 (0x0170d993) srli    s3, ra, 23
core   0: 3 0x80002e30 (0x0170d993) x19 0x00000000
core   0: 0x80002e34 (0x0ff0000f) fence   iorw,iorw
core   0: 3 0x80002e34 (0x0ff0000f)
core   0: 0x80002e38 (0x41d8db93) srai    s7, a7, 29
core   0: 3 0x80002e38 (0x41d8db93) x23 0x00000000
core   0: 0x80002e3c (0xf914b313) sltiu   t1, s1, -111
core   0: 3 0x80002e3c (0xf914b313) x 6 0x00000001
core   0: 0x80002e40 (0x2fdde217) auipc   tp, 0x2fdde
core   0: 3 0x80002e40 (0x2fdde217) x 4 0xafde0e40
core   0: 0x80002e44 (0x01dc8c63) beq     s9, t4, pc + 24
core   0: 3 0x80002e44 (0x01dc8c63)
core   0: 0x80002e48 (0x0024ee33) or      t3, s1, sp
core   0: 3 0x80002e48 (0x0024ee33) x28 0x80028ce4
core   0: 0x80002e4c (0x43da2e93) slti    t4, s4, 1085
core   0: 3 0x80002e4c (0x43da2e93) x29 0x00000001
core   0: 0x80002e50 (0x00000013) nop
core   0: 3 0x80002e50 (0x00000013)
core   0: 0x80002e54 (0x01d73533) sltu    a0, a4, t4
core   0: 3 0x80002e54 (0x01d73533) x10 0x00000000
core   0: 0x80002e58 (0x017624b3) slt     s1, a2, s7
core   0: 3 0x80002e58 (0x017624b3) x 9 0x00000001
core   0: 0x80002e5c (0xad5c3313) sltiu   t1, s8, -1323
core   0: 3 0x80002e5c (0xad5c3313) x 6 0x00000001
core   0: 0x80002e60 (0x03fd1863) bne     s10, t6, pc + 48
core   0: 3 0x80002e60 (0x03fd1863)
core   0: 0x80002e90 (0x00000013) nop
core   0: 3 0x80002e90 (0x00000013)
core   0: 0x80002e94 (0xa85a2413) slti    s0, s4, -1403
core   0: 3 0x80002e94 (0xa85a2413) x 8 0x00000000
core   0: 0x80002e98 (0x0000100f) fence.i
core   0: 3 0x80002e98 (0x0000100f)
core   0: 0x80002e9c (0x0000100f) fence.i
core   0: 3 0x80002e9c (0x0000100f)
core   0: 0x80002ea0 (0x00000013) nop
core   0: 3 0x80002ea0 (0x00000013)
core   0: 0x80002ea4 (0x00000013) nop
core   0: 3 0x80002ea4 (0x00000013)
core   0: 0x80002ea8 (0x89d6ad93) slti    s11, a3, -1891
core   0: 3 0x80002ea8 (0x89d6ad93) x27 0x00000000
core   0: 0x80002eac (0x3aa84213) xori    tp, a6, 938
core   0: 3 0x80002eac (0x3aa84213) x 4 0x000003aa
core   0: 0x80002eb0 (0x40a78933) sub     s2, a5, a0
core   0: 3 0x80002eb0 (0x40a78933) x18 0x6a221000
core   0: 0x80002eb4 (0x3457c413) xori    s0, a5, 837
core   0: 3 0x80002eb4 (0x3457c413) x 8 0x6a221345
core   0: 0x80002eb8 (0x00d59e63) bne     a1, a3, pc + 28
core   0: 3 0x80002eb8 (0x00d59e63)
core   0: 0x80002ed4 (0x00c0d333) srl     t1, ra, a2
core   0: 3 0x80002ed4 (0x00c0d333) x 6 0x00000000
core   0: 0x80002ed8 (0x017a7cb3) and     s9, s4, s7
core   0: 3 0x80002ed8 (0x017a7cb3) x25 0x00000000
core   0: 0x80002edc (0x01b93733) sltu    a4, s2, s11
core   0: 3 0x80002edc (0x01b93733) x14 0x00000000
core   0: 0x80002ee0 (0x402dd193) srai    gp, s11, 2
core   0: 3 0x80002ee0 (0x402dd193) x 3 0x00000000
core   0: 0x80002ee4 (0x03471e63) bne     a4, s4, pc + 60
core   0: 3 0x80002ee4 (0x03471e63)
core   0: 0x80002f20 (0x009abbb3) sltu    s7, s5, s1
core   0: 3 0x80002f20 (0x009abbb3) x23 0x00000001
core   0: 0x80002f24 (0x19a23c17) auipc   s8, 0x19a23
core   0: 3 0x80002f24 (0x19a23c17) x24 0x99a25f24
core   0: 0x80002f28 (0x012e57b3) srl     a5, t3, s2
core   0: 3 0x80002f28 (0x012e57b3) x15 0x80028ce4
core   0: 0x80002f2c (0x0ff0000f) fence   iorw,iorw
core   0: 3 0x80002f2c (0x0ff0000f)
core   0: 0x80002f30 (0x413da193) slti    gp, s11, 1043
core   0: 3 0x80002f30 (0x413da193) x 3 0x00000001
core   0: 0x80002f34 (0x370b6513) ori     a0, s6, 880
core   0: 3 0x80002f34 (0x370b6513) x10 0x00000371
core   0: 0x80002f38 (0xfab51f17) auipc   t5, 0xfab51
core   0: 3 0x80002f38 (0xfab51f17) x30 0x7ab53f38
core   0: 0x80002f3c (0x017b2933) slt     s2, s6, s7
core   0: 3 0x80002f3c (0x017b2933) x18 0x00000000
core   0: 0x80002f40 (0x011f5493) srli    s1, t5, 17
core   0: 3 0x80002f40 (0x011f5493) x 9 0x00003d5a
core   0: 0x80002f44 (0xbd26c893) xori    a7, a3, -1070
core   0: 3 0x80002f44 (0xbd26c893) x17 0xfffffbd3
core   0: 0x80002f48 (0x0156f1b3) and     gp, a3, s5
core   0: 3 0x80002f48 (0x0156f1b3) x 3 0x00000000
core   0: 0x80002f4c (0x012148b3) xor     a7, sp, s2
core   0: 3 0x80002f4c (0x012148b3) x17 0x80028ce4
core   0: 0x80002f50 (0x0f687f93) andi    t6, a6, 246
core   0: 3 0x80002f50 (0x0f687f93) x31 0x00000000
core   0: 0x80002f54 (0x6ecd6193) ori     gp, s10, 1772
core   0: 3 0x80002f54 (0x6ecd6193) x 3 0x000006ec
core   0: 0x80002f58 (0x0000100f) fence.i
core   0: 3 0x80002f58 (0x0000100f)
core   0: 0x80002f5c (0x001277b3) and     a5, tp, ra
core   0: 3 0x80002f5c (0x001277b3) x15 0x00000000
core   0: 0x80002f60 (0x01a59213) slli    tp, a1, 26
core   0: 3 0x80002f60 (0x01a59213) x 4 0x00000000
core   0: 0x80002f64 (0x0057bb33) sltu    s6, a5, t0
core   0: 3 0x80002f64 (0x0057bb33) x22 0x00000001
core   0: 0x80002f68 (0x01a39b93) slli    s7, t2, 26
core   0: 3 0x80002f68 (0x01a39b93) x23 0x04000000
core   0: 0x80002f6c (0x0000100f) fence.i
core   0: 3 0x80002f6c (0x0000100f)
core   0: 0x80002f70 (0x40d58033) sub     zero, a1, a3
core   0: 3 0x80002f70 (0x40d58033)
core   0: 0x80002f74 (0x29613093) sltiu   ra, sp, 662
core   0: 3 0x80002f74 (0x29613093) x 1 0x00000000
core   0: 0x80002f78 (0x01317a33) and     s4, sp, s3
core   0: 3 0x80002f78 (0x01317a33) x20 0x00000000
core   0: 0x80002f7c (0x01e49093) slli    ra, s1, 30
core   0: 3 0x80002f7c (0x01e49093) x 1 0x80000000
core   0: 0x80002f80 (0x009642b3) xor     t0, a2, s1
core   0: 3 0x80002f80 (0x009642b3) x 5 0x8002733e
core   0: 0x80002f84 (0x002516b3) sll     a3, a0, sp
core   0: 3 0x80002f84 (0x002516b3) x13 0x00003710
core   0: 0x80002f88 (0x40280b33) sub     s6, a6, sp
core   0: 3 0x80002f88 (0x40280b33) x22 0x7ffd731c
core   0: 0x80002f8c (0x40115433) sra     s0, sp, ra
core   0: 3 0x80002f8c (0x40115433) x 8 0x80028ce4
core   0: 0x80002f90 (0x00bd6463) bltu    s10, a1, pc + 8
core   0: 3 0x80002f90 (0x00bd6463)
core   0: 0x80002f98 (0x4008d793) srai    a5, a7, 0
core   0: 3 0x80002f98 (0x4008d793) x15 0x80028ce4
core   0: 0x80002f9c (0x0207f663) bgeu    a5, zero, pc + 44
core   0: 3 0x80002f9c (0x0207f663)
core   0: 0x80002fc8 (0x00fd29b3) slt     s3, s10, a5
core   0: 3 0x80002fc8 (0x00fd29b3) x19 0x00000000
core   0: 0x80002fcc (0x04666663) bltu    a2, t1, pc + 76
core   0: 3 0x80002fcc (0x04666663)
core   0: 0x80002fd0 (0x4c894393) xori    t2, s2, 1224
core   0: 3 0x80002fd0 (0x4c894393) x 7 0x000004c8
core   0: 0x80002fd4 (0x05f8d663) bge     a7, t6, pc + 76
core   0: 3 0x80002fd4 (0x05f8d663)
core   0: 0x80002fd8 (0x00d1f7b3) and     a5, gp, a3
core   0: 3 0x80002fd8 (0x00d1f7b3) x15 0x00000600
core   0: 0x80002fdc (0x00208993) addi    s3, ra, 2
core   0: 3 0x80002fdc (0x00208993) x19 0x80000002
core   0: 0x80002fe0 (0x1257ad93) slti    s11, a5, 293
core   0: 3 0x80002fe0 (0x1257ad93) x27 0x00000000
core   0: 0x80002fe4 (0xc09e6013) ori     zero, t3, -1015
core   0: 3 0x80002fe4 (0xc09e6013)
core   0: 0x80002fe8 (0x00cfe863) bltu    t6, a2, pc + 16
core   0: 3 0x80002fe8 (0x00cfe863)
core   0: 0x80002ff8 (0x4c3f9737) lui     a4, 0x4c3f9
core   0: 3 0x80002ff8 (0x4c3f9737) x14 0x4c3f9000
core   0: 0x80002ffc (0x01587eb3) and     t4, a6, s5
core   0: 3 0x80002ffc (0x01587eb3) x29 0x00000000
core   0: 0x80003000 (0x0130d333) srl     t1, ra, s3
core   0: 3 0x80003000 (0x0130d333) x 6 0x20000000
core   0: 0x80003004 (0x0000100f) fence.i
core   0: 3 0x80003004 (0x0000100f)
core   0: 0x80003008 (0x0000100f) fence.i
core   0: 3 0x80003008 (0x0000100f)
core   0: 0x8000300c (0x00000013) nop
core   0: 3 0x8000300c (0x00000013)
core   0: 0x80003010 (0x0000100f) fence.i
core   0: 3 0x80003010 (0x0000100f)
core   0: 0x80003014 (0x0190d233) srl     tp, ra, s9
core   0: 3 0x80003014 (0x0190d233) x 4 0x80000000
core   0: 0x80003018 (0x006bc533) xor     a0, s7, t1
core   0: 3 0x80003018 (0x006bc533) x10 0x24000000
core   0: 0x8000301c (0x1ae338b7) lui     a7, 0x1ae33
core   0: 3 0x8000301c (0x1ae338b7) x17 0x1ae33000
core   0: 0x80003020 (0x417ad1b3) sra     gp, s5, s7
core   0: 3 0x80003020 (0x417ad1b3) x 3 0x00000000
core   0: 0x80003024 (0xae8a5937) lui     s2, 0xae8a5
core   0: 3 0x80003024 (0xae8a5937) x18 0xae8a5000
core   0: 0x80003028 (0x0000100f) fence.i
core   0: 3 0x80003028 (0x0000100f)
core   0: 0x8000302c (0xf64ca9b7) lui     s3, 0xf64ca
core   0: 3 0x8000302c (0xf64ca9b7) x19 0xf64ca000
core   0: 0x80003030 (0x012e16b3) sll     a3, t3, s2
core   0: 3 0x80003030 (0x012e16b3) x13 0x80028ce4
core   0: 0x80003034 (0x0ac20863) beq     tp, a2, pc + 176
core   0: 3 0x80003034 (0x0ac20863)
core   0: 0x80003038 (0x079dda63) bge     s11, s9, pc + 116
core   0: 3 0x80003038 (0x079dda63)
core   0: 0x800030ac (0x01785093) srli    ra, a6, 23
core   0: 3 0x800030ac (0x01785093) x 1 0x00000000
core   0: 0x800030b0 (0x01f48a33) add     s4, s1, t6
core   0: 3 0x800030b0 (0x01f48a33) x20 0x00003d5a
core   0: 0x800030b4 (0x016229b3) slt     s3, tp, s6
core   0: 3 0x800030b4 (0x016229b3) x19 0x00000001
core   0: 0x800030b8 (0xa16d3513) sltiu   a0, s10, -1514
core   0: 3 0x800030b8 (0xa16d3513) x10 0x00000001
core   0: 0x800030bc (0x01391fb3) sll     t6, s2, s3
core   0: 3 0x800030bc (0x01391fb3) x31 0x5d14a000
core   0: 0x800030c0 (0x11d7c893) xori    a7, a5, 285
core   0: 3 0x800030c0 (0x11d7c893) x17 0x0000071d
core   0: 0x800030c4 (0x050d1263) bne     s10, a6, pc + 68
core   0: 3 0x800030c4 (0x050d1263)
core   0: 0x80003108 (0x04dd8063) beq     s11, a3, pc + 64
core   0: 3 0x80003108 (0x04dd8063)
core   0: 0x8000310c (0x0f9cf493) andi    s1, s9, 249
core   0: 3 0x8000310c (0x0f9cf493) x 9 0x00000000
core   0: 0x80003110 (0x91583313) sltiu   t1, a6, -1771
core   0: 3 0x80003110 (0x91583313) x 6 0x00000001
core   0: 0x80003114 (0x05461663) bne     a2, s4, pc + 76
core   0: 3 0x80003114 (0x05461663)
core   0: 0x80003160 (0x0ff0000f) fence   iorw,iorw
core   0: 3 0x80003160 (0x0ff0000f)
core   0: 0x80003164 (0x0089d663) bge     s3, s0, pc + 12
core   0: 3 0x80003164 (0x0089d663)
core   0: 0x80003170 (0x017407b3) add     a5, s0, s7
core   0: 3 0x80003170 (0x017407b3) x15 0x84028ce4
core   0: 0x80003174 (0x01a5e463) bltu    a1, s10, pc + 8
core   0: 3 0x80003174 (0x01a5e463)
core   0: 0x80003178 (0xf0e62793) slti    a5, a2, -242
core   0: 3 0x80003178 (0xf0e62793) x15 0x00000001
core   0: 0x8000317c (0x408c0d33) sub     s10, s8, s0
core   0: 3 0x8000317c (0x408c0d33) x26 0x199fd240
core   0: 0x80003180 (0x111ead93) slti    s11, t4, 273
core   0: 3 0x80003180 (0x111ead93) x27 0x00000001
core   0: 0x80003184 (0x2bddd317) auipc   t1, 0x2bddd
core   0: 3 0x80003184 (0x2bddd317) x 6 0xabde0184
core   0: 0x80003188 (0xbdc20a93) addi    s5, tp, -1060
core   0: 3 0x80003188 (0xbdc20a93) x21 0x7ffffbdc
core   0: 0x8000318c (0x403ad193) srai    gp, s5, 3
core   0: 3 0x8000318c (0x403ad193) x 3 0x0fffff7b
core   0: 0x80003190 (0x017c2533) slt     a0, s8, s7
core   0: 3 0x80003190 (0x017c2533) x10 0x00000001
core   0: 0x80003194 (0x012f26b3) slt     a3, t5, s2
core   0: 3 0x80003194 (0x012f26b3) x13 0x00000000
core   0: 0x80003198 (0x41520b33) sub     s6, tp, s5
core   0: 3 0x80003198 (0x41520b33) x22 0x00000424
core   0: 0x8000319c (0x025c0e63) beq     s8, t0, pc + 60
core   0: 3 0x8000319c (0x025c0e63)
core   0: 0x800031a0 (0xff700493) li      s1, -9
core   0: 3 0x800031a0 (0xff700493) x 9 0xfffffff7
core   0: 0x800031a4 (0x00fafb33) and     s6, s5, a5
core   0: 3 0x800031a4 (0x00fafb33) x22 0x00000000
core   0: 0x800031a8 (0x00a00d13) li      s10, 10
core   0: 3 0x800031a8 (0x00a00d13) x26 0x0000000a
core   0: 0x800031ac (0x01f69d93) slli    s11, a3, 31
core   0: 3 0x800031ac (0x01f69d93) x27 0x00000000
core   0: 0x800031b0 (0x0054b1b3) sltu    gp, s1, t0
core   0: 3 0x800031b0 (0x0054b1b3) x 3 0x00000000
core   0: 0x800031b4 (0x005d07b3) add     a5, s10, t0
core   0: 3 0x800031b4 (0x005d07b3) x15 0x80027348
core   0: 0x800031b8 (0x00548493) addi    s1, s1, 5
core   0: 3 0x800031b8 (0x00548493) x 9 0xfffffffc
core   0: 0x800031bc (0x001d0533) add     a0, s10, ra
core   0: 3 0x800031bc (0x001d0533) x10 0x0000000a
core   0: 0x800031c0 (0x41ba0f33) sub     t5, s4, s11
core   0: 3 0x800031c0 (0x41ba0f33) x30 0x00003d5a
core   0: 0x800031c4 (0xffa4c8e3) blt     s1, s10, pc - 16
core   0: 3 0x800031c4 (0xffa4c8e3)
core   0: 0x800031b4 (0x005d07b3) add     a5, s10, t0
core   0: 3 0x800031b4 (0x005d07b3) x15 0x80027348
core   0: 0x800031b8 (0x00548493) addi    s1, s1, 5
core   0: 3 0x800031b8 (0x00548493) x 9 0x00000001
core   0: 0x800031bc (0x001d0533) add     a0, s10, ra
core   0: 3 0x800031bc (0x001d0533) x10 0x0000000a
core   0: 0x800031c0 (0x41ba0f33) sub     t5, s4, s11
core   0: 3 0x800031c0 (0x41ba0f33) x30 0x00003d5a
core   0: 0x800031c4 (0xffa4c8e3) blt     s1, s10, pc - 16
core   0: 3 0x800031c4 (0xffa4c8e3)
core   0: 0x800031b4 (0x005d07b3) add     a5, s10, t0
core   0: 3 0x800031b4 (0x005d07b3) x15 0x80027348
core   0: 0x800031b8 (0x00548493) addi    s1, s1, 5
core   0: 3 0x800031b8 (0x00548493) x 9 0x00000006
core   0: 0x800031bc (0x001d0533) add     a0, s10, ra
core   0: 3 0x800031bc (0x001d0533) x10 0x0000000a
core   0: 0x800031c0 (0x41ba0f33) sub     t5, s4, s11
core   0: 3 0x800031c0 (0x41ba0f33) x30 0x00003d5a
core   0: 0x800031c4 (0xffa4c8e3) blt     s1, s10, pc - 16
core   0: 3 0x800031c4 (0xffa4c8e3)
core   0: 0x800031b4 (0x005d07b3) add     a5, s10, t0
core   0: 3 0x800031b4 (0x005d07b3) x15 0x80027348
core   0: 0x800031b8 (0x00548493) addi    s1, s1, 5
core   0: 3 0x800031b8 (0x00548493) x 9 0x0000000b
core   0: 0x800031bc (0x001d0533) add     a0, s10, ra
core   0: 3 0x800031bc (0x001d0533) x10 0x0000000a
core   0: 0x800031c0 (0x41ba0f33) sub     t5, s4, s11
core   0: 3 0x800031c0 (0x41ba0f33) x30 0x00003d5a
core   0: 0x800031c4 (0xffa4c8e3) blt     s1, s10, pc - 16
core   0: 3 0x800031c4 (0xffa4c8e3)
core   0: 0x800031c8 (0x011e12b3) sll     t0, t3, a7
core   0: 3 0x800031c8 (0x011e12b3) x 5 0x80000000
core   0: 0x800031cc (0x086fee63) bltu    t6, t1, pc + 156
core   0: 3 0x800031cc (0x086fee63)
core   0: 0x80003268 (0x0103bcb3) sltu    s9, t2, a6
core   0: 3 0x80003268 (0x0103bcb3) x25 0x00000000
core   0: 0x8000326c (0x40d3dd33) sra     s10, t2, a3
core   0: 3 0x8000326c (0x40d3dd33) x26 0x000004c8
core   0: 0x80003270 (0x0ff0000f) fence   iorw,iorw
core   0: 3 0x80003270 (0x0ff0000f)
core   0: 0x80003274 (0x41fcd893) srai    a7, s9, 31
core   0: 3 0x80003274 (0x41fcd893) x17 0x00000000
core   0: 0x80003278 (0x001d3bb3) sltu    s7, s10, ra
core   0: 3 0x80003278 (0x001d3bb3) x23 0x00000000
core   0: 0x8000327c (0x01b79933) sll     s2, a5, s11
core   0: 3 0x8000327c (0x01b79933) x18 0x80027348
core   0: 0x80003280 (0x0be0c1b7) lui     gp, 0xbe0c
core   0: 3 0x80003280 (0x0be0c1b7) x 3 0x0be0c000
core   0: 0x80003284 (0x0181d863) bge     gp, s8, pc + 16
core   0: 3 0x80003284 (0x0181d863)
core   0: 0x80003294 (0x796b3493) sltiu   s1, s6, 1942
core   0: 3 0x80003294 (0x796b3493) x 9 0x00000001
core   0: 0x80003298 (0x01f1c333) xor     t1, gp, t6
core   0: 3 0x80003298 (0x01f1c333) x 6 0x56f46000
core   0: 0x8000329c (0x016a4b33) xor     s6, s4, s6
core   0: 3 0x8000329c (0x016a4b33) x22 0x00003d5a
core   0: 0x800032a0 (0x410e81b3) sub     gp, t4, a6
core   0: 3 0x800032a0 (0x410e81b3) x 3 0x00000000
core   0: 0x800032a4 (0xecf30197) auipc   gp, 0xecf30
core   0: 3 0x800032a4 (0xecf30197) x 3 0x6cf332a4
core   0: 0x800032a8 (0x203e7737) lui     a4, 0x203e7
core   0: 3 0x800032a8 (0x203e7737) x14 0x203e7000
core   0: 0x800032ac (0x01431e93) slli    t4, t1, 20
core   0: 3 0x800032ac (0x01431e93) x29 0x00000000
core   0: 0x800032b0 (0x40715013) srai    zero, sp, 7
core   0: 3 0x800032b0 (0x40715013)
core   0: 0x800032b4 (0x4050d493) srai    s1, ra, 5
core   0: 3 0x800032b4 (0x4050d493) x 9 0x00000000
core   0: 0x800032b8 (0x009e1013) slli    zero, t3, 9
core   0: 3 0x800032b8 (0x009e1013)
core   0: 0x800032bc (0x836de193) ori     gp, s11, -1994
core   0: 3 0x800032bc (0x836de193) x 3 0xfffff836
core   0: 0x800032c0 (0x41e20fb3) sub     t6, tp, t5
core   0: 3 0x800032c0 (0x41e20fb3) x31 0x7fffc2a6
core   0: 0x800032c4 (0x007e6db3) or      s11, t3, t2
core   0: 3 0x800032c4 (0x007e6db3) x27 0x80028cec
core   0: 0x800032c8 (0x00000013) nop
core   0: 3 0x800032c8 (0x00000013)
core   0: 0x800032cc (0x01ed0e63) beq     s10, t5, pc + 28
core   0: 3 0x800032cc (0x01ed0e63)
core   0: 0x800032d0 (0x5176a413) slti    s0, a3, 1303
core   0: 3 0x800032d0 (0x5176a413) x 8 0x00000001
core   0: 0x800032d4 (0x402e07b3) sub     a5, t3, sp
core   0: 3 0x800032d4 (0x402e07b3) x15 0x00000000
core   0: 0x800032d8 (0xfe9fef93) ori     t6, t6, -23
core   0: 3 0x800032d8 (0xfe9fef93) x31 0xffffffef
core   0: 0x800032dc (0x015ff1b3) and     gp, t6, s5
core   0: 3 0x800032dc (0x015ff1b3) x 3 0x7ffffbcc
core   0: 0x800032e0 (0x00cc8e63) beq     s9, a2, pc + 28
core   0: 3 0x800032e0 (0x00cc8e63)
core   0: 0x800032e4 (0x0108e8b3) or      a7, a7, a6
core   0: 3 0x800032e4 (0x0108e8b3) x17 0x00000000
core   0: 0x800032e8 (0x41c506b3) sub     a3, a0, t3
core   0: 3 0x800032e8 (0x41c506b3) x13 0x7ffd7326
core   0: 0x800032ec (0x01638a33) add     s4, t2, s6
core   0: 3 0x800032ec (0x01638a33) x20 0x00004222
core   0: 0x800032f0 (0x02a09663) bne     ra, a0, pc + 44
core   0: 3 0x800032f0 (0x02a09663)
core   0: 0x8000331c (0x01de6a63) bltu    t3, t4, pc + 20
core   0: 3 0x8000331c (0x01de6a63)
core   0: 0x80003320 (0x00000013) nop
core   0: 3 0x80003320 (0x00000013)
core   0: 0x80003324 (0x00e25513) srli    a0, tp, 14
core   0: 3 0x80003324 (0x00e25513) x10 0x00020000
core   0: 0x80003328 (0x00ba1a33) sll     s4, s4, a1
core   0: 3 0x80003328 (0x00ba1a33) x20 0x00004222
core   0: 0x8000332c (0x000d5d33) srl     s10, s10, zero
core   0: 3 0x8000332c (0x000d5d33) x26 0x000004c8
core   0: 0x80003330 (0x31a7ec93) ori     s9, a5, 794
core   0: 3 0x80003330 (0x31a7ec93) x25 0x0000031a
core   0: 0x80003334 (0x00d2b733) sltu    a4, t0, a3
core   0: 3 0x80003334 (0x00d2b733) x14 0x00000000
core   0: 0x80003338 (0x744f4293) xori    t0, t5, 1860
core   0: 3 0x80003338 (0x744f4293) x 5 0x00003a1e
core   0: 0x8000333c (0x0000100f) fence.i
core   0: 3 0x8000333c (0x0000100f)
core   0: 0x80003340 (0x011f4e33) xor     t3, t5, a7
core   0: 3 0x80003340 (0x011f4e33) x28 0x00003d5a
core   0: 0x80003344 (0x00f03ab3) snez    s5, a5
core   0: 3 0x80003344 (0x00f03ab3) x21 0x00000000
core   0: 0x80003348 (0x004ddab3) srl     s5, s11, tp
core   0: 3 0x80003348 (0x004ddab3) x21 0x80028cec
core   0: 0x8000334c (0x01532433) slt     s0, t1, s5
core   0: 3 0x8000334c (0x01532433) x 8 0x00000000
core   0: 0x80003350 (0x01f0d3b3) srl     t2, ra, t6
core   0: 3 0x80003350 (0x01f0d3b3) x 7 0x00000000
core   0: 0x80003354 (0x01c09663) bne     ra, t3, pc + 12
core   0: 3 0x80003354 (0x01c09663)
core   0: 0x80003360 (0x001ec863) blt     t4, ra, pc + 16
core   0: 3 0x80003360 (0x001ec863)
core   0: 0x80003364 (0x00f540b3) xor     ra, a0, a5
core   0: 3 0x80003364 (0x00f540b3) x 1 0x00020000
core   0: 0x80003368 (0xce027837) lui     a6, 0xce027
core   0: 3 0x80003368 (0xce027837) x16 0xce027000
core   0: 0x8000336c (0x416ad193) srai    gp, s5, 22
core   0: 3 0x8000336c (0x416ad193) x 3 0xfffffe00
core   0: 0x80003370 (0xd438b813) sltiu   a6, a7, -701
core   0: 3 0x80003370 (0xd438b813) x16 0x00000001
core   0: 0x80003374 (0x00616eb3) or      t4, sp, t1
core   0: 3 0x80003374 (0x00616eb3) x29 0xd6f6ece4
core   0: 0x80003378 (0x006db433) sltu    s0, s11, t1
core   0: 3 0x80003378 (0x006db433) x 8 0x00000000
core   0: 0x8000337c (0x03507e93) andi    t4, zero, 53
core   0: 3 0x8000337c (0x03507e93) x29 0x00000000
core   0: 0x80003380 (0x0193aeb3) slt     t4, t2, s9
core   0: 3 0x80003380 (0x0193aeb3) x29 0x00000001
core   0: 0x80003384 (0x40b95433) sra     s0, s2, a1
core   0: 3 0x80003384 (0x40b95433) x 8 0x80027348
core   0: 0x80003388 (0x01cf5493) srli    s1, t5, 28
core   0: 3 0x80003388 (0x01cf5493) x 9 0x00000000
core   0: 0x8000338c (0x03cefe63) bgeu    t4, t3, pc + 60
core   0: 3 0x8000338c (0x03cefe63)
core   0: 0x80003390 (0x0000100f) fence.i
core   0: 3 0x80003390 (0x0000100f)
core   0: 0x80003394 (0x2e94b293) sltiu   t0, s1, 745
core   0: 3 0x80003394 (0x2e94b293) x 5 0x00000001
core   0: 0x80003398 (0x40738233) sub     tp, t2, t2
core   0: 3 0x80003398 (0x40738233) x 4 0x00000000
core   0: 0x8000339c (0x017bbab3) sltu    s5, s7, s7
core   0: 3 0x8000339c (0x017bbab3) x21 0x00000000
core   0: 0x800033a0 (0x40e18ab3) sub     s5, gp, a4
core   0: 3 0x800033a0 (0x40e18ab3) x21 0xfffffe00
core   0: 0x800033a4 (0xc0222b93) slti    s7, tp, -1022
core   0: 3 0x800033a4 (0xc0222b93) x23 0x00000000
core   0: 0x800033a8 (0x02948263) beq     s1, s1, pc + 36
core   0: 3 0x800033a8 (0x02948263)
core   0: 0x800033cc (0x40ea5433) sra     s0, s4, a4
core   0: 3 0x800033cc (0x40ea5433) x 8 0x00004222
core   0: 0x800033d0 (0x008401b3) add     gp, s0, s0
core   0: 3 0x800033d0 (0x008401b3) x 3 0x00008444
core   0: 0x800033d4 (0x0ff0000f) fence   iorw,iorw
core   0: 3 0x800033d4 (0x0ff0000f)
core   0: 0x800033d8 (0x01cd70b3) and     ra, s10, t3
core   0: 3 0x800033d8 (0x01cd70b3) x 1 0x00000448
core   0: 0x800033dc (0x0000100f) fence.i
core   0: 3 0x800033dc (0x0000100f)
core   0: 0x800033e0 (0x00591e33) sll     t3, s2, t0
core   0: 3 0x800033e0 (0x00591e33) x28 0x0004e690
core   0: 0x800033e4 (0x04697663) bgeu    s2, t1, pc + 76
core   0: 3 0x800033e4 (0x04697663)
core   0: 0x80003430 (0x00fed663) bge     t4, a5, pc + 12
core   0: 3 0x80003430 (0x00fed663)
core   0: 0x8000343c (0x02140863) beq     s0, ra, pc + 48
core   0: 3 0x8000343c (0x02140863)
core   0: 0x80003440 (0xcb8d0813) addi    a6, s10, -840
core   0: 3 0x80003440 (0xcb8d0813) x16 0x00000180
core   0: 0x80003444 (0x00573bb3) sltu    s7, a4, t0
core   0: 3 0x80003444 (0x00573bb3) x23 0x00000001
core   0: 0x80003448 (0x41acd413) srai    s0, s9, 26
core   0: 3 0x80003448 (0x41acd413) x 8 0x00000000
core   0: 0x8000344c (0x03451263) bne     a0, s4, pc + 36
core   0: 3 0x8000344c (0x03451263)
core   0: 0x80003470 (0xe1cb2813) slti    a6, s6, -484
core   0: 3 0x80003470 (0xe1cb2813) x16 0x00000000
core   0: 0x80003474 (0x0113c863) blt     t2, a7, pc + 16
core   0: 3 0x80003474 (0x0113c863)
core   0: 0x80003478 (0x05d8d663) bge     a7, t4, pc + 76
core   0: 3 0x80003478 (0x05d8d663)
core   0: 0x8000347c (0x0376c663) blt     a3, s7, pc + 44
core   0: 3 0x8000347c (0x0376c663)
core   0: 0x80003480 (0xde3f2e93) slti    t4, t5, -541
core   0: 3 0x80003480 (0xde3f2e93) x29 0x00000000
core   0: 0x80003484 (0x01179e63) bne     a5, a7, pc + 28
core   0: 3 0x80003484 (0x01179e63)
core   0: 0x80003488 (0x001e5833) srl     a6, t3, ra
core   0: 3 0x80003488 (0x001e5833) x16 0x000004e6
core   0: 0x8000348c (0x00890463) beq     s2, s0, pc + 8
core   0: 3 0x8000348c (0x00890463)
core   0: 0x80003490 (0x003e8a63) beq     t4, gp, pc + 20
core   0: 3 0x80003490 (0x003e8a63)
core   0: 0x80003494 (0x417454b3) sra     s1, s0, s7
core   0: 3 0x80003494 (0x417454b3) x 9 0x00000000
core   0: 0x80003498 (0x63154c13) xori    s8, a0, 1585
core   0: 3 0x80003498 (0x63154c13) x24 0x00020631
core   0: 0x8000349c (0x01e6f2b3) and     t0, a3, t5
core   0: 3 0x8000349c (0x01e6f2b3) x 5 0x00003102
core   0: 0x800034a0 (0x3e780a93) addi    s5, a6, 999
core   0: 3 0x800034a0 (0x3e780a93) x21 0x000008cd
core   0: 0x800034a4 (0x01261e13) slli    t3, a2, 18
core   0: 3 0x800034a4 (0x01261e13) x28 0x39900000
core   0: 0x800034a8 (0x01e31013) slli    zero, t1, 30
core   0: 3 0x800034a8 (0x01e31013)
core   0: 0x800034ac (0x17c2a513) slti    a0, t0, 380
core   0: 3 0x800034ac (0x17c2a513) x10 0x00000000
core   0: 0x800034b0 (0x405fd533) sra     a0, t6, t0
core   0: 3 0x800034b0 (0x405fd533) x10 0xfffffffb
core   0: 0x800034b4 (0xfa2bcf13) xori    t5, s7, -94
core   0: 3 0x800034b4 (0xfa2bcf13) x30 0xffffffa3
core   0: 0x800034b8 (0x007f4833) xor     a6, t5, t2
core   0: 3 0x800034b8 (0x007f4833) x16 0xffffffa3
core   0: 0x800034bc (0x01ccee63) bltu    s9, t3, pc + 28
core   0: 3 0x800034bc (0x01ccee63)
core   0: 0x800034d8 (0x0092c0b3) xor     ra, t0, s1
core   0: 3 0x800034d8 (0x0092c0b3) x 1 0x00003102
core   0: 0x800034dc (0x00f47d33) and     s10, s0, a5
core   0: 3 0x800034dc (0x00f47d33) x26 0x00000000
core   0: 0x800034e0 (0x01983e33) sltu    t3, a6, s9
core   0: 3 0x800034e0 (0x01983e33) x28 0x00000000
core   0: 0x800034e4 (0x418b5993) srai    s3, s6, 24
core   0: 3 0x800034e4 (0x418b5993) x19 0x00000000
core   0: 0x800034e8 (0x012aa7b3) slt     a5, s5, s2
core   0: 3 0x800034e8 (0x012aa7b3) x15 0x00000000
core   0: 0x800034ec (0x0ff0000f) fence   iorw,iorw
core   0: 3 0x800034ec (0x0ff0000f)
core   0: 0x800034f0 (0x00b126b3) slt     a3, sp, a1
core   0: 3 0x800034f0 (0x00b126b3) x13 0x00000000
core   0: 0x800034f4 (0x40fb8333) sub     t1, s7, a5
core   0: 3 0x800034f4 (0x40fb8333) x 6 0x00000001
core   0: 0x800034f8 (0x0180d433) srl     s0, ra, s8
core   0: 3 0x800034f8 (0x0180d433) x 8 0x00000000
core   0: 0x800034fc (0x016f4463) blt     t5, s6, pc + 8
core   0: 3 0x800034fc (0x016f4463)
core   0: 0x80003504 (0x00e5f863) bgeu    a1, a4, pc + 16
core   0: 3 0x80003504 (0x00e5f863)
core   0: 0x80003514 (0x410f5d13) srai    s10, t5, 16
core   0: 3 0x80003514 (0x410f5d13) x26 0xffffffff
core   0: 0x80003518 (0x05a37663) bgeu    t1, s10, pc + 76
core   0: 3 0x80003518 (0x05a37663)
core   0: 0x8000351c (0x017b4a63) blt     s6, s7, pc + 20
core   0: 3 0x8000351c (0x017b4a63)
core   0: 0x80003520 (0x00124733) xor     a4, tp, ra
core   0: 3 0x80003520 (0x00124733) x14 0x00003102
core   0: 0x80003524 (0x40838a13) addi    s4, t2, 1032
core   0: 3 0x80003524 (0x40838a13) x20 0x00000408
core   0: 0x80003528 (0x01291e33) sll     t3, s2, s2
core   0: 3 0x80003528 (0x01291e33) x28 0x02734800
core   0: 0x8000352c (0x010958b3) srl     a7, s2, a6
core   0: 3 0x8000352c (0x010958b3) x17 0x10004e69
core   0: 0x80003530 (0x01fd6b33) or      s6, s10, t6
core   0: 3 0x80003530 (0x01fd6b33) x22 0xffffffff
core   0: 0x80003534 (0x00f85413) srli    s0, a6, 15
core   0: 3 0x80003534 (0x00f85413) x 8 0x0001ffff
core   0: 0x80003538 (0x40b2d7b3) sra     a5, t0, a1
core   0: 3 0x80003538 (0x40b2d7b3) x15 0x00003102
core   0: 0x8000353c (0x00d0d533) srl     a0, ra, a3
core   0: 3 0x8000353c (0x00d0d533) x10 0x00003102
core   0: 0x80003540 (0x0ff0000f) fence   iorw,iorw
core   0: 3 0x80003540 (0x0ff0000f)
core   0: 0x80003544 (0x40da5db3) sra     s11, s4, a3
core   0: 3 0x80003544 (0x40da5db3) x27 0x00000408
core   0: 0x80003548 (0x00d1b733) sltu    a4, gp, a3
core   0: 3 0x80003548 (0x00d1b733) x14 0x00000000
core   0: 0x8000354c (0x7f49b997) auipc   s3, 0x7f49b
core   0: 3 0x8000354c (0x7f49b997) x19 0xff49e54c
core   0: 0x80003550 (0x010deeb3) or      t4, s11, a6
core   0: 3 0x80003550 (0x010deeb3) x29 0xffffffab
core   0: 0x80003554 (0x41e35093) srai    ra, t1, 30
core   0: 3 0x80003554 (0x41e35093) x 1 0x00000000
core   0: 0x80003558 (0xf4a8fd13) andi    s10, a7, -182
core   0: 3 0x80003558 (0xf4a8fd13) x26 0x10004e48
core   0: 0x8000355c (0x01e599b3) sll     s3, a1, t5
core   0: 3 0x8000355c (0x01e599b3) x19 0x00000000
core   0: 0x80003560 (0x4cac8413) addi    s0, s9, 1226
core   0: 3 0x80003560 (0x4cac8413) x 8 0x000007e4
core   0: 0x80003564 (0x00a29eb3) sll     t4, t0, a0
core   0: 3 0x80003564 (0x00a29eb3) x29 0x0000c408
core   0: 0x80003568 (0x005342b3) xor     t0, t1, t0
core   0: 3 0x80003568 (0x005342b3) x 5 0x00003103
core   0: 0x8000356c (0x40ffd033) sra     zero, t6, a5
core   0: 3 0x8000356c (0x40ffd033)
core   0: 0x80003570 (0x00dc5733) srl     a4, s8, a3
core   0: 3 0x80003570 (0x00dc5733) x14 0x00020631
core   0: 0x80003574 (0x40d587b3) sub     a5, a1, a3
core   0: 3 0x80003574 (0x40d587b3) x15 0x80000000
core   0: 0x80003578 (0x00000013) nop
core   0: 3 0x80003578 (0x00000013)
core   0: 0x8000357c (0xe1c493b7) lui     t2, 0xe1c49
core   0: 3 0x8000357c (0xe1c493b7) x 7 0xe1c49000
core   0: 0x80003580 (0x01fb66b3) or      a3, s6, t6
core   0: 3 0x80003580 (0x01fb66b3) x13 0xffffffff
core   0: 0x80003584 (0x4103df13) srai    t5, t2, 16
core   0: 3 0x80003584 (0x4103df13) x30 0xffffe1c4
core   0: 0x80003588 (0x012c0663) beq     s8, s2, pc + 12
core   0: 3 0x80003588 (0x012c0663)
core   0: 0x8000358c (0x017af933) and     s2, s5, s7
core   0: 3 0x8000358c (0x017af933) x18 0x00000001
core   0: 0x80003590 (0x015b0ab3) add     s5, s6, s5
core   0: 3 0x80003590 (0x015b0ab3) x21 0x000008cc
core   0: 0x80003594 (0x01bb9263) bne     s7, s11, pc + 4
core   0: 3 0x80003594 (0x01bb9263)
core   0: 0x80003598 (0x0421d063) bge     gp, sp, pc + 64
core   0: 3 0x80003598 (0x0421d063)
core   0: 0x800035d8 (0x016cd533) srl     a0, s9, s6
core   0: 3 0x800035d8 (0x016cd533) x10 0x00000000
core   0: 0x800035dc (0x031c9e63) bne     s9, a7, pc + 60
core   0: 3 0x800035dc (0x031c9e63)
core   0: 0x80003618 (0x2e27c393) xori    t2, a5, 738
core   0: 3 0x80003618 (0x2e27c393) x 7 0x800002e2
core   0: 0x8000361c (0xf521e413) ori     s0, gp, -174
core   0: 3 0x8000361c (0xf521e413) x 8 0xffffff56
core   0: 0x80003620 (0x01058b33) add     s6, a1, a6
core   0: 3 0x80003620 (0x01058b33) x22 0x7fffffa3
core   0: 0x80003624 (0x40955433) sra     s0, a0, s1
core   0: 3 0x80003624 (0x40955433) x 8 0x00000000
core   0: 0x80003628 (0x0240d297) auipc   t0, 0x240d
core   0: 3 0x80003628 (0x0240d297) x 5 0x82410628
core   0: 0x8000362c (0x0ff0000f) fence   iorw,iorw
core   0: 3 0x8000362c (0x0ff0000f)
core   0: 0x80003630 (0x01f09bb3) sll     s7, ra, t6
core   0: 3 0x80003630 (0x01f09bb3) x23 0x00000000
core   0: 0x80003634 (0x012f00b3) add     ra, t5, s2
core   0: 3 0x80003634 (0x012f00b3) x 1 0xffffe1c5
core   0: 0x80003638 (0x75b3b317) auipc   t1, 0x75b3b
core   0: 3 0x80003638 (0x75b3b317) x 6 0xf5b3e638
core   0: 0x8000363c (0x019f8663) beq     t6, s9, pc + 12
core   0: 3 0x8000363c (0x019f8663)
core   0: 0x80003640 (0x0000100f) fence.i
core   0: 3 0x80003640 (0x0000100f)
core   0: 0x80003644 (0x407686b3) sub     a3, a3, t2
core   0: 3 0x80003644 (0x407686b3) x13 0x7ffffd1d
core   0: 0x80003648 (0x0ff0000f) fence   iorw,iorw
core   0: 3 0x80003648 (0x0ff0000f)
core   0: 0x8000364c (0x0585d863) bge     a1, s8, pc + 80
core   0: 3 0x8000364c (0x0585d863)
core   0: 0x80003650 (0x0000100f) fence.i
core   0: 3 0x80003650 (0x0000100f)
core   0: 0x80003654 (0x00000013) nop
core   0: 3 0x80003654 (0x00000013)
core   0: 0x80003658 (0x003214b3) sll     s1, tp, gp
core   0: 3 0x80003658 (0x003214b3) x 9 0x00000000
core   0: 0x8000365c (0x28cdbc13) sltiu   s8, s11, 652
core   0: 3 0x8000365c (0x28cdbc13) x24 0x00000000
core   0: 0x80003660 (0x000d5663) bgez    s10, pc + 12
core   0: 3 0x80003660 (0x000d5663)
core   0: 0x8000366c (0x01482a33) slt     s4, a6, s4
core   0: 3 0x8000366c (0x01482a33) x20 0x00000001
core   0: 0x80003670 (0xaee3fd13) andi    s10, t2, -1298
core   0: 3 0x80003670 (0xaee3fd13) x26 0x800002e2
core   0: 0x80003674 (0xb32c4317) auipc   t1, 0xb32c4
core   0: 3 0x80003674 (0xb32c4317) x 6 0x332c7674
core   0: 0x80003678 (0x413b0433) sub     s0, s6, s3
core   0: 3 0x80003678 (0x413b0433) x 8 0x7fffffa3
core   0: 0x8000367c (0x00d41d13) slli    s10, s0, 13
core   0: 3 0x8000367c (0x00d41d13) x26 0xfff46000
core   0: 0x80003680 (0x01631013) slli    zero, t1, 22
core   0: 3 0x80003680 (0x01631013)
core   0: 0x80003684 (0x015338b3) sltu    a7, t1, s5
core   0: 3 0x80003684 (0x015338b3) x17 0x00000000
core   0: 0x80003688 (0x0000100f) fence.i
core   0: 3 0x80003688 (0x0000100f)
core   0: 0x8000368c (0x0000100f) fence.i
core   0: 3 0x8000368c (0x0000100f)
core   0: 0x80003690 (0x1db9f493) andi    s1, s3, 475
core   0: 3 0x80003690 (0x1db9f493) x 9 0x00000000
core   0: 0x80003694 (0x00000013) nop
core   0: 3 0x80003694 (0x00000013)
core   0: 0x80003698 (0x00a51663) bne     a0, a0, pc + 12
core   0: 3 0x80003698 (0x00a51663)
core   0: 0x8000369c (0x7bb46293) ori     t0, s0, 1979
core   0: 3 0x8000369c (0x7bb46293) x 5 0x7fffffbb
core   0: 0x800036a0 (0x01a48ab3) add     s5, s1, s10
core   0: 3 0x800036a0 (0x01a48ab3) x21 0xfff46000
core   0: 0x800036a4 (0x406808b3) sub     a7, a6, t1
core   0: 3 0x800036a4 (0x406808b3) x17 0xccd3892f
core   0: 0x800036a8 (0x411d5b13) srai    s6, s10, 17
core   0: 3 0x800036a8 (0x411d5b13) x22 0xfffffffa
core   0: 0x800036ac (0xf15f6e13) ori     t3, t5, -235
core   0: 3 0x800036ac (0xf15f6e13) x28 0xffffffd5
core   0: 0x800036b0 (0x01d73b33) sltu    s6, a4, t4
core   0: 3 0x800036b0 (0x01d73b33) x22 0x00000000
core   0: 0x800036b4 (0x01008533) add     a0, ra, a6
core   0: 3 0x800036b4 (0x01008533) x10 0xffffe168
core   0: 0x800036b8 (0x023e9663) bne     t4, gp, pc + 44
core   0: 3 0x800036b8 (0x023e9663)
core   0: 0x800036e4 (0x0542e663) bltu    t0, s4, pc + 76
core   0: 3 0x800036e4 (0x0542e663)
core   0: 0x800036e8 (0x00a27b33) and     s6, tp, a0
core   0: 3 0x800036e8 (0x00a27b33) x22 0x00000000
core   0: 0x800036ec (0x00165513) srli    a0, a2, 1
core   0: 3 0x800036ec (0x00165513) x10 0x40012732
core   0: 0x800036f0 (0x0ff0000f) fence   iorw,iorw
core   0: 3 0x800036f0 (0x0ff0000f)
core   0: 0x800036f4 (0x402887b3) sub     a5, a7, sp
core   0: 3 0x800036f4 (0x402887b3) x15 0x4cd0fc4b
core   0: 0x800036f8 (0x00fd6263) bltu    s10, a5, pc + 4
core   0: 3 0x800036f8 (0x00fd6263)
core   0: 0x800036fc (0x01907863) bgeu    zero, s9, pc + 16
core   0: 3 0x800036fc (0x01907863)
core   0: 0x80003700 (0x01564a63) blt     a2, s5, pc + 20
core   0: 3 0x80003700 (0x01564a63)
core   0: 0x80003714 (0xb9e4be13) sltiu   t3, s1, -1122
core   0: 3 0x80003714 (0xb9e4be13) x28 0x00000001
core   0: 0x80003718 (0x002a1733) sll     a4, s4, sp
core   0: 3 0x80003718 (0x002a1733) x14 0x00000010
core   0: 0x8000371c (0x0152de33) srl     t3, t0, s5
core   0: 3 0x8000371c (0x0152de33) x28 0x7fffffbb
core   0: 0x80003720 (0xf2f14713) xori    a4, sp, -209
core   0: 3 0x80003720 (0xf2f14713) x14 0x7ffd73cb
core   0: 0x80003724 (0x00340033) add     zero, s0, gp
core   0: 3 0x80003724 (0x00340033)
core   0: 0x80003728 (0x05f05463) bge     zero, t6, pc + 72
core   0: 3 0x80003728 (0x05f05463)
core   0: 0x80003770 (0x029f6e63) bltu    t5, s1, pc + 60
core   0: 3 0x80003770 (0x029f6e63)
core   0: 0x80003774 (0x01745093) srli    ra, s0, 23
core   0: 3 0x80003774 (0x01745093) x 1 0x000000ff
core   0: 0x80003778 (0x01f8f233) and     tp, a7, t6
core   0: 3 0x80003778 (0x01f8f233) x 4 0xccd3892f
core   0: 0x8000377c (0x055e1663) bne     t3, s5, pc + 76
core   0: 3 0x8000377c (0x055e1663)
core   0: 0x800037c8 (0x41570db3) sub     s11, a4, s5
core   0: 3 0x800037c8 (0x41570db3) x27 0x800913cb
core   0: 0x800037cc (0x00800cb3) add     s9, zero, s0
core   0: 3 0x800037cc (0x00800cb3) x25 0x7fffffa3
core   0: 0x800037d0 (0x36b5e997) auipc   s3, 0x36b5e
core   0: 3 0x800037d0 (0x36b5e997) x19 0xb6b617d0
core   0: 0x800037d4 (0xe02c3093) sltiu   ra, s8, -510
core   0: 3 0x800037d4 (0xe02c3093) x 1 0x00000001
core   0: 0x800037d8 (0x0ff0000f) fence   iorw,iorw
core   0: 3 0x800037d8 (0x0ff0000f)
core   0: 0x800037dc (0x01d2d463) bge     t0, t4, pc + 8
core   0: 3 0x800037dc (0x01d2d463)
core   0: 0x800037e4 (0x00000013) nop
core   0: 3 0x800037e4 (0x00000013)
core   0: 0x800037e8 (0x841e0693) addi    a3, t3, -1983
core   0: 3 0x800037e8 (0x841e0693) x13 0x7ffff7fc
core   0: 0x800037ec (0x01236eb3) or      t4, t1, s2
core   0: 3 0x800037ec (0x01236eb3) x29 0x332c7675
core   0: 0x800037f0 (0x01d55fb3) srl     t6, a0, t4
core   0: 3 0x800037f0 (0x01d55fb3) x31 0x00000200
core   0: 0x800037f4 (0x001e6c33) or      s8, t3, ra
core   0: 3 0x800037f4 (0x001e6c33) x24 0x7fffffbb
core   0: 0x800037f8 (0x00af6bb3) or      s7, t5, a0
core   0: 3 0x800037f8 (0x00af6bb3) x23 0xffffe7f6
core   0: 0x800037fc (0x013c9ab3) sll     s5, s9, s3
core   0: 3 0x800037fc (0x013c9ab3) x21 0xffa30000
core   0: 0x80003800 (0x019023b3) slt     t2, zero, s9
core   0: 3 0x80003800 (0x019023b3) x 7 0x00000001
core   0: 0x80003804 (0x41435db3) sra     s11, t1, s4
core   0: 3 0x80003804 (0x41435db3) x27 0x19963b3a
core   0: 0x80003808 (0x0058ebb3) or      s7, a7, t0
core   0: 3 0x80003808 (0x0058ebb3) x23 0xffffffbf
core   0: 0x8000380c (0x017efeb3) and     t4, t4, s7
core   0: 3 0x8000380c (0x017efeb3) x29 0x332c7635
core   0: 0x80003810 (0x01457e63) bgeu    a0, s4, pc + 28
core   0: 3 0x80003810 (0x01457e63)
core   0: 0x8000382c (0x01bc8933) add     s2, s9, s11
core   0: 3 0x8000382c (0x01bc8933) x18 0x99963add
core   0: 0x80003830 (0x019f5863) bge     t5, s9, pc + 16
core   0: 3 0x80003830 (0x019f5863)
core   0: 0x80003834 (0x3d752a13) slti    s4, a0, 983
core   0: 3 0x80003834 (0x3d752a13) x20 0x00000000
core   0: 0x80003838 (0x0ff0000f) fence   iorw,iorw
core   0: 3 0x80003838 (0x0ff0000f)
core   0: 0x8000383c (0xd39c8397) auipc   t2, 0xd39c8
core   0: 3 0x8000383c (0xd39c8397) x 7 0x539cb83c
core   0: 0x80003840 (0x054fc063) blt     t6, s4, pc + 64
core   0: 3 0x80003840 (0x054fc063)
core   0: 0x80003844 (0x01e31193) slli    gp, t1, 30
core   0: 3 0x80003844 (0x01e31193) x 3 0x00000000
core   0: 0x80003848 (0xd4363413) sltiu   s0, a2, -701
core   0: 3 0x80003848 (0xd4363413) x 8 0x00000001
core   0: 0x8000384c (0x01270033) add     zero, a4, s2
core   0: 3 0x8000384c (0x01270033)
core   0: 0x80003850 (0x5e013793) sltiu   a5, sp, 1504
core   0: 3 0x80003850 (0x5e013793) x15 0x00000000
core   0: 0x80003854 (0x00000013) nop
core   0: 3 0x80003854 (0x00000013)
core   0: 0x80003858 (0xf75529b7) lui     s3, 0xf7552
core   0: 3 0x80003858 (0xf75529b7) x19 0xf7552000
core   0: 0x8000385c (0x03add263) bge     s11, s10, pc + 36
core   0: 3 0x8000385c (0x03add263)
core   0: 0x80003880 (0x011c9433) sll     s0, s9, a7
core   0: 3 0x80003880 (0x011c9433) x 8 0xffd18000
core   0: 0x80003884 (0x04eb8663) beq     s7, a4, pc + 76
core   0: 3 0x80003884 (0x04eb8663)
core   0: 0x80003888 (0x00a4ffb3) and     t6, s1, a0
core   0: 3 0x80003888 (0x00a4ffb3) x31 0x00000000
core   0: 0x8000388c (0x5b0dcc93) xori    s9, s11, 1456
core   0: 3 0x8000388c (0x5b0dcc93) x25 0x19963e8a
core   0: 0x80003890 (0x01968463) beq     a3, s9, pc + 8
core   0: 3 0x80003890 (0x01968463)
core   0: 0x80003894 (0x57023413) sltiu   s0, tp, 1392
core   0: 3 0x80003894 (0x57023413) x 8 0x00000000
core   0: 0x80003898 (0x9982b993) sltiu   s3, t0, -1640
core   0: 3 0x80003898 (0x9982b993) x19 0x00000001
core   0: 0x8000389c (0x04d99663) bne     s3, a3, pc + 76
core   0: 3 0x8000389c (0x04d99663)
core   0: 0x800038e8 (0x045a5863) bge     s4, t0, pc + 80
core   0: 3 0x800038e8 (0x045a5863)
core   0: 0x800038ec (0x4080d713) srai    a4, ra, 8
core   0: 3 0x800038ec (0x4080d713) x14 0x00000000
core   0: 0x800038f0 (0x013a16b3) sll     a3, s4, s3
core   0: 3 0x800038f0 (0x013a16b3) x13 0x00000000
core   0: 0x800038f4 (0x01f9f263) bgeu    s3, t6, pc + 4
core   0: 3 0x800038f4 (0x01f9f263)
core   0: 0x800038f8 (0x007b9663) bne     s7, t2, pc + 12
core   0: 3 0x800038f8 (0x007b9663)
core   0: 0x80003904 (0xf3db7a93) andi    s5, s6, -195
core   0: 3 0x80003904 (0xf3db7a93) x21 0x00000000
core   0: 0x80003908 (0x6138f213) andi    tp, a7, 1555
core   0: 3 0x80003908 (0x6138f213) x 4 0x00000003
core   0: 0x8000390c (0x038a1263) bne     s4, s8, pc + 36
core   0: 3 0x8000390c (0x038a1263)
core   0: 0x80003930 (0x0019d6b3) srl     a3, s3, ra
core   0: 3 0x80003930 (0x0019d6b3) x13 0x00000000
core   0: 0x80003934 (0x009d7cb3) and     s9, s10, s1
core   0: 3 0x80003934 (0x009d7cb3) x25 0x00000000
core   0: 0x80003938 (0x0ff0000f) fence   iorw,iorw
core   0: 3 0x80003938 (0x0ff0000f)
core   0: 0x8000393c (0x402bdeb3) sra     t4, s7, sp
core   0: 3 0x8000393c (0x402bdeb3) x29 0xfffffffb
core   0: 0x80003940 (0x029b6e63) bltu    s6, s1, pc + 60
core   0: 3 0x80003940 (0x029b6e63)
core   0: 0x80003944 (0x6fdd5e97) auipc   t4, 0x6fdd5
core   0: 3 0x80003944 (0x6fdd5e97) x29 0xefdd8944
core   0: 0x80003948 (0x09295b37) lui     s6, 0x9295
core   0: 3 0x80003948 (0x09295b37) x22 0x09295000
core   0: 0x8000394c (0x00518033) add     zero, gp, t0
core   0: 3 0x8000394c (0x00518033)
core   0: 0x80003950 (0x01a6d533) srl     a0, a3, s10
core   0: 3 0x80003950 (0x01a6d533) x10 0x00000000
core   0: 0x80003954 (0x018cadb3) slt     s11, s9, s8
core   0: 3 0x80003954 (0x018cadb3) x27 0x00000001
core   0: 0x80003958 (0x1d4a0a13) addi    s4, s4, 468
core   0: 3 0x80003958 (0x1d4a0a13) x20 0x000001d4
core   0: 0x8000395c (0x780f3f97) auipc   t6, 0x780f3
core   0: 3 0x8000395c (0x780f3f97) x31 0xf80f695c
core   0: 0x80003960 (0x05271063) bne     a4, s2, pc + 64
core   0: 3 0x80003960 (0x05271063)
core   0: 0x800039a0 (0x717a8f37) lui     t5, 0x717a8
core   0: 3 0x800039a0 (0x717a8f37) x30 0x717a8000
core   0: 0x800039a4 (0x00000013) nop
core   0: 3 0x800039a4 (0x00000013)
core   0: 0x800039a8 (0x85f4ae13) slti    t3, s1, -1953
core   0: 3 0x800039a8 (0x85f4ae13) x28 0x00000000
core   0: 0x800039ac (0x01ca19b3) sll     s3, s4, t3
core   0: 3 0x800039ac (0x01ca19b3) x19 0x000001d4
core   0: 0x800039b0 (0x074ce863) bltu    s9, s4, pc + 112
core   0: 3 0x800039b0 (0x074ce863)
core   0: 0x80003a20 (0xd1e9ff93) andi    t6, s3, -738
core   0: 3 0x80003a20 (0xd1e9ff93) x31 0x00000114
core   0: 0x80003a24 (0x407e0033) sub     zero, t3, t2
core   0: 3 0x80003a24 (0x407e0033)
core   0: 0x80003a28 (0x5a2df293) andi    t0, s11, 1442
core   0: 3 0x80003a28 (0x5a2df293) x 5 0x00000000
core   0: 0x80003a2c (0x00792933) slt     s2, s2, t2
core   0: 3 0x80003a2c (0x00792933) x18 0x00000001
core   0: 0x80003a30 (0x01fbee63) bltu    s7, t6, pc + 28
core   0: 3 0x80003a30 (0x01fbee63)
core   0: 0x80003a34 (0x4ccd0513) addi    a0, s10, 1228
core   0: 3 0x80003a34 (0x4ccd0513) x10 0xfff464cc
core   0: 0x80003a38 (0x0061c463) blt     gp, t1, pc + 8
core   0: 3 0x80003a38 (0x0061c463)
core   0: 0x80003a40 (0x01e59c13) slli    s8, a1, 30
core   0: 3 0x80003a40 (0x01e59c13) x24 0x00000000
core   0: 0x80003a44 (0x01c01e33) sll     t3, zero, t3
core   0: 3 0x80003a44 (0x01c01e33) x28 0x00000000
core   0: 0x80003a48 (0x018b9f93) slli    t6, s7, 24
core   0: 3 0x80003a48 (0x018b9f93) x31 0xbf000000
core   0: 0x80003a4c (0x01e0a4b3) slt     s1, ra, t5
core   0: 3 0x80003a4c (0x01e0a4b3) x 9 0x00000001
core   0: 0x80003a50 (0x2f29cb93) xori    s7, s3, 754
core   0: 3 0x80003a50 (0x2f29cb93) x23 0x00000326
core   0: 0x80003a54 (0x009b64b3) or      s1, s6, s1
core   0: 3 0x80003a54 (0x009b64b3) x 9 0x09295001
core   0: 0x80003a58 (0xa9816bb7) lui     s7, 0xa9816
core   0: 3 0x80003a58 (0xa9816bb7) x23 0xa9816000
core   0: 0x80003a5c (0x41b50b33) sub     s6, a0, s11
core   0: 3 0x80003a5c (0x41b50b33) x22 0xfff464cb
core   0: 0x80003a60 (0x0ff0000f) fence   iorw,iorw
core   0: 3 0x80003a60 (0x0ff0000f)
core   0: 0x80003a64 (0x404b8833) sub     a6, s7, tp
core   0: 3 0x80003a64 (0x404b8833) x16 0xa9815ffd
core   0: 0x80003a68 (0x4132dd33) sra     s10, t0, s3
core   0: 3 0x80003a68 (0x4132dd33) x26 0x00000000
core   0: 0x80003a6c (0x001b8a63) beq     s7, ra, pc + 20
core   0: 3 0x80003a6c (0x001b8a63)
core   0: 0x80003a70 (0x04cde863) bltu    s11, a2, pc + 80
core   0: 3 0x80003a70 (0x04cde863)
core   0: 0x80003ac0 (0x01d95f33) srl     t5, s2, t4
core   0: 3 0x80003ac0 (0x01d95f33) x30 0x00000000
core   0: 0x80003ac4 (0x05697663) bgeu    s2, s6, pc + 76
core   0: 3 0x80003ac4 (0x05697663)
core   0: 0x80003ac8 (0x05526663) bltu    tp, s5, pc + 76
core   0: 3 0x80003ac8 (0x05526663)
core   0: 0x80003acc (0x3b7b4a93) xori    s5, s6, 951
core   0: 3 0x80003acc (0x3b7b4a93) x21 0xfff4677c
core   0: 0x80003ad0 (0xb2ccb393) sltiu   t2, s9, -1236
core   0: 3 0x80003ad0 (0xb2ccb393) x 7 0x00000001
core   0: 0x80003ad4 (0x01b35463) bge     t1, s11, pc + 8
core   0: 3 0x80003ad4 (0x01b35463)
core   0: 0x80003adc (0x3ebaa013) slti    zero, s5, 1003
core   0: 3 0x80003adc (0x3ebaa013)
core   0: 0x80003ae0 (0x0772a313) slti    t1, t0, 119
core   0: 3 0x80003ae0 (0x0772a313) x 6 0x00000001
core   0: 0x80003ae4 (0x05917263) bgeu    sp, s9, pc + 68
core   0: 3 0x80003ae4 (0x05917263)
core   0: 0x80003b28 (0x018383b3) add     t2, t2, s8
core   0: 3 0x80003b28 (0x018383b3) x 7 0x00000001
core   0: 0x80003b2c (0x0ff0000f) fence   iorw,iorw
core   0: 3 0x80003b2c (0x0ff0000f)
core   0: 0x80003b30 (0x015b1a33) sll     s4, s6, s5
core   0: 3 0x80003b30 (0x015b1a33) x20 0xb0000000
core   0: 0x80003b34 (0x00305413) srli    s0, zero, 3
core   0: 3 0x80003b34 (0x00305413) x 8 0x00000000
core   0: 0x80003b38 (0xcebe6193) ori     gp, t3, -789
core   0: 3 0x80003b38 (0xcebe6193) x 3 0xfffffceb
core   0: 0x80003b3c (0x01f78a63) beq     a5, t6, pc + 20
core   0: 3 0x80003b3c (0x01f78a63)
core   0: 0x80003b40 (0x00f31513) slli    a0, t1, 15
core   0: 3 0x80003b40 (0x00f31513) x10 0x00008000
core   0: 0x80003b44 (0x7de9ed93) ori     s11, s3, 2014
core   0: 3 0x80003b44 (0x7de9ed93) x27 0x000007de
core   0: 0x80003b48 (0x017a6e63) bltu    s4, s7, pc + 28
core   0: 3 0x80003b48 (0x017a6e63)
core   0: 0x80003b4c (0x417b8533) sub     a0, s7, s7
core   0: 3 0x80003b4c (0x417b8533) x10 0x00000000
core   0: 0x80003b50 (0x00669d13) slli    s10, a3, 6
core   0: 3 0x80003b50 (0x00669d13) x26 0x00000000
core   0: 0x80003b54 (0x0cc22e13) slti    t3, tp, 204
core   0: 3 0x80003b54 (0x0cc22e13) x28 0x00000001
core   0: 0x80003b58 (0x017f3433) sltu    s0, t5, s7
core   0: 3 0x80003b58 (0x017f3433) x 8 0x00000001
core   0: 0x80003b5c (0x5a648d93) addi    s11, s1, 1446
core   0: 3 0x80003b5c (0x5a648d93) x27 0x092955a7
core   0: 0x80003b60 (0x009aa333) slt     t1, s5, s1
core   0: 3 0x80003b60 (0x009aa333) x 6 0x00000001
core   0: 0x80003b64 (0x8491a237) lui     tp, 0x8491a
core   0: 3 0x80003b64 (0x8491a237) x 4 0x8491a000
core   0: 0x80003b68 (0xce872a13) slti    s4, a4, -792
core   0: 3 0x80003b68 (0xce872a13) x20 0x00000000
core   0: 0x80003b6c (0x01097fb3) and     t6, s2, a6
core   0: 3 0x80003b6c (0x01097fb3) x31 0x00000001
core   0: 0x80003b70 (0x04a40663) beq     s0, a0, pc + 76
core   0: 3 0x80003b70 (0x04a40663)
core   0: 0x80003b74 (0x6cafb893) sltiu   a7, t6, 1738
core   0: 3 0x80003b74 (0x6cafb893) x17 0x00000001
core   0: 0x80003b78 (0x00b40663) beq     s0, a1, pc + 12
core   0: 3 0x80003b78 (0x00b40663)
core   0: 0x80003b7c (0x01f59213) slli    tp, a1, 31
core   0: 3 0x80003b7c (0x01f59213) x 4 0x00000000
core   0: 0x80003b80 (0x0ff0000f) fence   iorw,iorw
core   0: 3 0x80003b80 (0x0ff0000f)
core   0: 0x80003b84 (0x00040433) add     s0, s0, zero
core   0: 3 0x80003b84 (0x00040433) x 8 0x00000001
core   0: 0x80003b88 (0xcd577f93) andi    t6, a4, -811
core   0: 3 0x80003b88 (0xcd577f93) x31 0x00000000
core   0: 0x80003b8c (0x28b96a13) ori     s4, s2, 651
core   0: 3 0x80003b8c (0x28b96a13) x20 0x0000028b
core   0: 0x80003b90 (0x004514b3) sll     s1, a0, tp
core   0: 3 0x80003b90 (0x004514b3) x 9 0x00000000
core   0: 0x80003b94 (0xe6beb293) sltiu   t0, t4, -405
core   0: 3 0x80003b94 (0xe6beb293) x 5 0x00000001
core   0: 0x80003b98 (0x023d0e63) beq     s10, gp, pc + 60
core   0: 3 0x80003b98 (0x023d0e63)
core   0: 0x80003b9c (0x5d8eff93) andi    t6, t4, 1496
core   0: 3 0x80003b9c (0x5d8eff93) x31 0x00000140
core   0: 0x80003ba0 (0x00e8fc63) bgeu    a7, a4, pc + 24
core   0: 3 0x80003ba0 (0x00e8fc63)
core   0: 0x80003bb8 (0x4ee66713) ori     a4, a2, 1262
core   0: 3 0x80003bb8 (0x4ee66713) x14 0x80024eee
core   0: 0x80003bbc (0x01260733) add     a4, a2, s2
core   0: 3 0x80003bbc (0x01260733) x14 0x80024e65
core   0: 0x80003bc0 (0x006d6e63) bltu    s10, t1, pc + 28
core   0: 3 0x80003bc0 (0x006d6e63)
core   0: 0x80003bdc (0x414ed793) srai    a5, t4, 20
core   0: 3 0x80003bdc (0x414ed793) x15 0xfffffefd
core   0: 0x80003be0 (0x7a96b3b7) lui     t2, 0x7a96b
core   0: 3 0x80003be0 (0x7a96b3b7) x 7 0x7a96b000
core   0: 0x80003be4 (0x0254d663) bge     s1, t0, pc + 44
core   0: 3 0x80003be4 (0x0254d663)
core   0: 0x80003be8 (0x04548663) beq     s1, t0, pc + 76
core   0: 3 0x80003be8 (0x04548663)
core   0: 0x80003bec (0xf4c47393) andi    t2, s0, -180
core   0: 3 0x80003bec (0xf4c47393) x 7 0x00000000
core   0: 0x80003bf0 (0xd97a66b7) lui     a3, 0xd97a6
core   0: 3 0x80003bf0 (0xd97a66b7) x13 0xd97a6000
core   0: 0x80003bf4 (0x000b9d13) slli    s10, s7, 0
core   0: 3 0x80003bf4 (0x000b9d13) x26 0xa9816000
core   0: 0x80003bf8 (0x40abdeb3) sra     t4, s7, a0
core   0: 3 0x80003bf8 (0x40abdeb3) x29 0xa9816000
core   0: 0x80003bfc (0x40bc0533) sub     a0, s8, a1
core   0: 3 0x80003bfc (0x40bc0533) x10 0x80000000
core   0: 0x80003c00 (0x004a2233) slt     tp, s4, tp
core   0: 3 0x80003c00 (0x004a2233) x 4 0x00000000
core   0: 0x80003c04 (0x05ff7863) bgeu    t5, t6, pc + 80
core   0: 3 0x80003c04 (0x05ff7863)
core   0: 0x80003c08 (0x4172d233) sra     tp, t0, s7
core   0: 3 0x80003c08 (0x4172d233) x 4 0x00000001
core   0: 0x80003c0c (0x6bddf217) auipc   tp, 0x6bddf
core   0: 3 0x80003c0c (0x6bddf217) x 4 0xebde2c0c
core   0: 0x80003c10 (0x00835e13) srli    t3, t1, 8
core   0: 3 0x80003c10 (0x00835e13) x28 0x00000000
core   0: 0x80003c14 (0x05156663) bltu    a0, a7, pc + 76
core   0: 3 0x80003c14 (0x05156663)
core   0: 0x80003c18 (0x015dd7b3) srl     a5, s11, s5
core   0: 3 0x80003c18 (0x015dd7b3) x15 0x00000000
core   0: 0x80003c1c (0x417b5093) srai    ra, s6, 23
core   0: 3 0x80003c1c (0x417b5093) x 1 0xffffffff
core   0: 0x80003c20 (0x41bcd033) sra     zero, s9, s11
core   0: 3 0x80003c20 (0x41bcd033)
core   0: 0x80003c24 (0x41428eb3) sub     t4, t0, s4
core   0: 3 0x80003c24 (0x41428eb3) x29 0xfffffd76
core   0: 0x80003c28 (0x286c0a13) addi    s4, s8, 646
core   0: 3 0x80003c28 (0x286c0a13) x20 0x00000286
core   0: 0x80003c2c (0xff3aef13) ori     t5, s5, -13
core   0: 3 0x80003c2c (0xff3aef13) x30 0xffffffff
core   0: 0x80003c30 (0x6fa7ee17) auipc   t3, 0x6fa7e
core   0: 3 0x80003c30 (0x6fa7ee17) x28 0xefa81c30
core   0: 0x80003c34 (0x00000013) nop
core   0: 3 0x80003c34 (0x00000013)
core   0: 0x80003c38 (0xcf167e13) andi    t3, a2, -783
core   0: 3 0x80003c38 (0xcf167e13) x28 0x80024c60
core   0: 0x80003c3c (0x00b66c63) bltu    a2, a1, pc + 24
core   0: 3 0x80003c3c (0x00b66c63)
core   0: 0x80003c40 (0x00000013) nop
core   0: 3 0x80003c40 (0x00000013)
core   0: 0x80003c44 (0x025e7263) bgeu    t3, t0, pc + 36
core   0: 3 0x80003c44 (0x025e7263)
core   0: 0x80003c68 (0x003f67b3) or      a5, t5, gp
core   0: 3 0x80003c68 (0x003f67b3) x15 0xffffffff
core   0: 0x80003c6c (0x01571863) bne     a4, s5, pc + 16
core   0: 3 0x80003c6c (0x01571863)
core   0: 0x80003c7c (0x00a3e663) bltu    t2, a0, pc + 12
core   0: 3 0x80003c7c (0x00a3e663)
core   0: 0x80003c88 (0x4f5f7993) andi    s3, t5, 1269
core   0: 3 0x80003c88 (0x4f5f7993) x19 0x000004f5
core   0: 0x80003c8c (0x01110233) add     tp, sp, a7
core   0: 3 0x80003c8c (0x01110233) x 4 0x80028ce5
core   0: 0x80003c90 (0x008fce63) blt     t6, s0, pc + 28
core   0: 3 0x80003c90 (0x008fce63)
core   0: 0x80003c94 (0x00341833) sll     a6, s0, gp
core   0: 3 0x80003c94 (0x00341833) x16 0x00000800
core   0: 0x80003c98 (0x4f40fc97) auipc   s9, 0x4f40f
core   0: 3 0x80003c98 (0x4f40fc97) x25 0xcf412c98
core   0: 0x80003c9c (0x01ac0ab3) add     s5, s8, s10
core   0: 3 0x80003c9c (0x01ac0ab3) x21 0xa9816000
core   0: 0x80003ca0 (0x01a70433) add     s0, a4, s10
core   0: 3 0x80003ca0 (0x01a70433) x 8 0x2983ae65
core   0: 0x80003ca4 (0xd7c71eb7) lui     t4, 0xd7c71
core   0: 3 0x80003ca4 (0xd7c71eb7) x29 0xd7c71000
core   0: 0x80003ca8 (0x00b95bb3) srl     s7, s2, a1
core   0: 3 0x80003ca8 (0x00b95bb3) x23 0x00000001
core   0: 0x80003cac (0x01c4da33) srl     s4, s1, t3
core   0: 3 0x80003cac (0x01c4da33) x20 0x00000000
core   0: 0x80003cb0 (0x006be833) or      a6, s7, t1
core   0: 3 0x80003cb0 (0x006be833) x16 0x00000001
core   0: 0x80003cb4 (0x01a1bc33) sltu    s8, gp, s10
core   0: 3 0x80003cb4 (0x01a1bc33) x24 0x00000000
core   0: 0x80003cb8 (0xff074293) xori    t0, a4, -16
core   0: 3 0x80003cb8 (0xff074293) x 5 0x7ffdb195
core   0: 0x80003cbc (0xd5c12413) slti    s0, sp, -676
core   0: 3 0x80003cbc (0xd5c12413) x 8 0x00000001
core   0: 0x80003cc0 (0xb99ba213) slti    tp, s7, -1127
core   0: 3 0x80003cc0 (0xb99ba213) x 4 0x00000000
core   0: 0x80003cc4 (0x014ded33) or      s10, s11, s4
core   0: 3 0x80003cc4 (0x014ded33) x26 0x092955a7
core   0: 0x80003cc8 (0x11034e93) xori    t4, t1, 272
core   0: 3 0x80003cc8 (0x11034e93) x29 0x00000111
core   0: 0x80003ccc (0x009ad013) srli    zero, s5, 9
core   0: 3 0x80003ccc (0x009ad013)
core   0: 0x80003cd0 (0x401b5813) srai    a6, s6, 1
core   0: 3 0x80003cd0 (0x401b5813) x16 0xfffa3265
core   0: 0x80003cd4 (0x04454663) blt     a0, tp, pc + 76
core   0: 3 0x80003cd4 (0x04454663)
core   0: 0x80003d20 (0x018fe7b3) or      a5, t6, s8
core   0: 3 0x80003d20 (0x018fe7b3) x15 0x00000140
core   0: 0x80003d24 (0x00831263) bne     t1, s0, pc + 4
core   0: 3 0x80003d24 (0x00831263)
core   0: 0x80003d28 (0x010c11b3) sll     gp, s8, a6
core   0: 3 0x80003d28 (0x010c11b3) x 3 0x00000000
core   0: 0x80003d2c (0x0ff0000f) fence   iorw,iorw
core   0: 3 0x80003d2c (0x0ff0000f)
core   0: 0x80003d30 (0x01355a93) srli    s5, a0, 19
core   0: 3 0x80003d30 (0x01355a93) x21 0x00001000
core   0: 0x80003d34 (0x01b96433) or      s0, s2, s11
core   0: 3 0x80003d34 (0x01b96433) x 8 0x092955a7
core   0: 0x80003d38 (0x05f1e663) bltu    gp, t6, pc + 76
core   0: 3 0x80003d38 (0x05f1e663)
core   0: 0x80003d84 (0x5c5f7013) andi    zero, t5, 1477
core   0: 3 0x80003d84 (0x5c5f7013)
core   0: 0x80003d88 (0x00e683b3) add     t2, a3, a4
core   0: 3 0x80003d88 (0x00e683b3) x 7 0x597cae65
core   0: 0x80003d8c (0x019b3d33) sltu    s10, s6, s9
core   0: 3 0x80003d8c (0x019b3d33) x26 0x00000000
core   0: 0x80003d90 (0x01b02a33) slt     s4, zero, s11
core   0: 3 0x80003d90 (0x01b02a33) x20 0x00000001
core   0: 0x80003d94 (0x01e55193) srli    gp, a0, 30
core   0: 3 0x80003d94 (0x01e55193) x 3 0x00000002
core   0: 0x80003d98 (0x005db033) sltu    zero, s11, t0
core   0: 3 0x80003d98 (0x005db033)
core   0: 0x80003d9c (0x008a5d33) srl     s10, s4, s0
core   0: 3 0x80003d9c (0x008a5d33) x26 0x00000000
core   0: 0x80003da0 (0x04791663) bne     s2, t2, pc + 76
core   0: 3 0x80003da0 (0x04791663)
core   0: 0x80003dec (0x602ab013) sltiu   zero, s5, 1538
core   0: 3 0x80003dec (0x602ab013)
core   0: 0x80003df0 (0x007cff93) andi    t6, s9, 7
core   0: 3 0x80003df0 (0x007cff93) x31 0x00000000
core   0: 0x80003df4 (0x00826463) bltu    tp, s0, pc + 8
core   0: 3 0x80003df4 (0x00826463)
core   0: 0x80003dfc (0x0ff0000f) fence   iorw,iorw
core   0: 3 0x80003dfc (0x0ff0000f)
core   0: 0x80003e00 (0x41198733) sub     a4, s3, a7
core   0: 3 0x80003e00 (0x41198733) x14 0x000004f4
core   0: 0x80003e04 (0x00000013) nop
core   0: 3 0x80003e04 (0x00000013)
core   0: 0x80003e08 (0xfe9abf93) sltiu   t6, s5, -23
core   0: 3 0x80003e08 (0xfe9abf93) x31 0x00000001
core   0: 0x80003e0c (0x8ea6c293) xori    t0, a3, -1814
core   0: 3 0x80003e0c (0x8ea6c293) x 5 0x268598ea
core   0: 0x80003e10 (0x62c3f737) lui     a4, 0x62c3f
core   0: 3 0x80003e10 (0x62c3f737) x14 0x62c3f000
core   0: 0x80003e14 (0x4147d993) srai    s3, a5, 20
core   0: 3 0x80003e14 (0x4147d993) x19 0x00000000
core   0: 0x80003e18 (0x02ac5263) bge     s8, a0, pc + 36
core   0: 3 0x80003e18 (0x02ac5263)
core   0: 0x80003e3c (0x1b506f13) ori     t5, zero, 437
core   0: 3 0x80003e3c (0x1b506f13) x30 0x000001b5
core   0: 0x80003e40 (0x41fed893) srai    a7, t4, 31
core   0: 3 0x80003e40 (0x41fed893) x17 0x00000000
core   0: 0x80003e44 (0x00b71993) slli    s3, a4, 11
core   0: 3 0x80003e44 (0x00b71993) x19 0x1f800000
core   0: 0x80003e48 (0x0176ca63) blt     a3, s7, pc + 20
core   0: 3 0x80003e48 (0x0176ca63)
core   0: 0x80003e5c (0x0068ad33) slt     s10, a7, t1
core   0: 3 0x80003e5c (0x0068ad33) x26 0x00000001
core   0: 0x80003e60 (0x004fcc63) blt     t6, tp, pc + 24
core   0: 3 0x80003e60 (0x004fcc63)
core   0: 0x80003e64 (0x3aa4ed13) ori     s10, s1, 938
core   0: 3 0x80003e64 (0x3aa4ed13) x26 0x000003aa
core   0: 0x80003e68 (0x01557b33) and     s6, a0, s5
core   0: 3 0x80003e68 (0x01557b33) x22 0x00000000
core   0: 0x80003e6c (0x411a5c33) sra     s8, s4, a7
core   0: 3 0x80003e6c (0x411a5c33) x24 0x00000001
core   0: 0x80003e70 (0x0096f733) and     a4, a3, s1
core   0: 3 0x80003e70 (0x0096f733) x14 0x00000000
core   0: 0x80003e74 (0x00000013) nop
core   0: 3 0x80003e74 (0x00000013)
core   0: 0x80003e78 (0x00abf863) bgeu    s7, a0, pc + 16
core   0: 3 0x80003e78 (0x00abf863)
core   0: 0x80003e7c (0x01d38533) add     a0, t2, t4
core   0: 3 0x80003e7c (0x01d38533) x10 0x597caf76
core   0: 0x80003e80 (0x04f3d063) bge     t2, a5, pc + 64
core   0: 3 0x80003e80 (0x04f3d063)
core   0: 0x80003ec0 (0x01925693) srli    a3, tp, 25
core   0: 3 0x80003ec0 (0x01925693) x13 0x00000000
core   0: 0x80003ec4 (0x012a9033) sll     zero, s5, s2
core   0: 3 0x80003ec4 (0x012a9033)
core   0: 0x80003ec8 (0x7c242413) slti    s0, s0, 1986
core   0: 3 0x80003ec8 (0x7c242413) x 8 0x00000000
core   0: 0x80003ecc (0x01794663) blt     s2, s7, pc + 12
core   0: 3 0x80003ecc (0x01794663)
core   0: 0x80003ed0 (0xcca3cf13) xori    t5, t2, -822
core   0: 3 0x80003ed0 (0xcca3cf13) x30 0xa68352af
core   0: 0x80003ed4 (0x0064e233) or      tp, s1, t1
core   0: 3 0x80003ed4 (0x0064e233) x 4 0x00000001
core   0: 0x80003ed8 (0x3d61b237) lui     tp, 0x3d61b
core   0: 3 0x80003ed8 (0x3d61b237) x 4 0x3d61b000
core   0: 0x80003edc (0x0145c663) blt     a1, s4, pc + 12
core   0: 3 0x80003edc (0x0145c663)
core   0: 0x80003ee8 (0x0151be33) sltu    t3, gp, s5
core   0: 3 0x80003ee8 (0x0151be33) x28 0x00000001
core   0: 0x80003eec (0xf46a0713) addi    a4, s4, -186
core   0: 3 0x80003eec (0xf46a0713) x14 0xffffff47
core   0: 0x80003ef0 (0x00c861b3) or      gp, a6, a2
core   0: 3 0x80003ef0 (0x00c861b3) x 3 0xfffa7e65
core   0: 0x80003ef4 (0x73b5f913) andi    s2, a1, 1851
core   0: 3 0x80003ef4 (0x73b5f913) x18 0x00000000
core   0: 0x80003ef8 (0x4563b897) auipc   a7, 0x4563b
core   0: 3 0x80003ef8 (0x4563b897) x17 0xc563eef8
core   0: 0x80003efc (0x00006217) auipc   tp, 0x6
core   0: 3 0x80003efc (0x00006217) x 4 0x80009efc
core   0: 0x80003f00 (0x04020213) addi    tp, tp, 64
core   0: 3 0x80003f00 (0x04020213) x 4 0x80009f3c
core   0: 0x80003f04 (0x01465393) srli    t2, a2, 20
core   0: 3 0x80003f04 (0x01465393) x 7 0x00000800
core   0: 0x80003f08 (0x00222eb3) slt     t4, tp, sp
core   0: 3 0x80003f08 (0x00222eb3) x29 0x00000001
core   0: 0x80003f0c (0x3ec20213) addi    tp, tp, 1004
core   0: 3 0x80003f0c (0x3ec20213) x 4 0x8000a328
core   0: 0x80003f10 (0x40ea87b3) sub     a5, s5, a4
core   0: 3 0x80003f10 (0x40ea87b3) x15 0x000010b9
core   0: 0x80003f14 (0xc15202e7) jalr    t0, tp, -1003
core   0: 3 0x80003f14 (0xc15202e7) x 5 0x80003f18
core   0: 0x80009f3c (0x008713b3) sll     t2, a4, s0
core   0: 3 0x80009f3c (0x008713b3) x 7 0xffffff47
core   0: 0x80009f40 (0xf53d7093) andi    ra, s10, -173
core   0: 3 0x80009f40 (0xf53d7093) x 1 0x00000302
core   0: 0x80009f44 (0x01a06733) or      a4, zero, s10
core   0: 3 0x80009f44 (0x01a06733) x14 0x000003aa
core   0: 0x80009f48 (0xd0038813) addi    a6, t2, -768
core   0: 3 0x80009f48 (0xd0038813) x16 0xfffffc47
core   0: 0x80009f4c (0x00451463) bne     a0, tp, pc + 8
core   0: 3 0x80009f4c (0x00451463)
core   0: 0x80009f54 (0xfd060613) addi    a2, a2, -48
core   0: 3 0x80009f54 (0xfd060613) x12 0x80024e34
core   0: 0x80009f58 (0x0000100f) fence.i
core   0: 3 0x80009f58 (0x0000100f)
core   0: 0x80009f5c (0x00562223) sw      t0, 4(a2)
core   0: 3 0x80009f5c (0x00562223) mem 0x80024e38 0x80003f18
core   0: 0x80009f60 (0x00104233) xor     tp, zero, ra
core   0: 3 0x80009f60 (0x00104233) x 4 0x00000302
core   0: 0x80009f64 (0x00800d93) li      s11, 8
core   0: 3 0x80009f64 (0x00800d93) x27 0x00000008
core   0: 0x80009f68 (0x00ec3fb3) sltu    t6, s8, a4
core   0: 3 0x80009f68 (0x00ec3fb3) x31 0x00000001
core   0: 0x80009f6c (0x406a5933) sra     s2, s4, t1
core   0: 3 0x80009f6c (0x406a5933) x18 0x00000000
core   0: 0x80009f70 (0x01bb1d33) sll     s10, s6, s11
core   0: 3 0x80009f70 (0x01bb1d33) x26 0x00000000
core   0: 0x80009f74 (0x01000c13) li      s8, 16
core   0: 3 0x80009f74 (0x01000c13) x24 0x00000010
core   0: 0x80009f78 (0xe5ed0b93) addi    s7, s10, -418
core   0: 3 0x80009f78 (0xe5ed0b93) x23 0xfffffe5e
core   0: 0x80009f7c (0xa9fdb0b7) lui     ra, 0xa9fdb
core   0: 3 0x80009f7c (0xa9fdb0b7) x 1 0xa9fdb000
core   0: 0x80009f80 (0x008d8d93) addi    s11, s11, 8
core   0: 3 0x80009f80 (0x008d8d93) x27 0x00000010
core   0: 0x80009f84 (0x00600693) li      a3, 6
core   0: 3 0x80009f84 (0x00600693) x13 0x00000006
core   0: 0x80009f88 (0x66b3eb93) ori     s7, t2, 1643
core   0: 3 0x80009f88 (0x66b3eb93) x23 0xffffff6f
core   0: 0x80009f8c (0x8826da17) auipc   s4, 0x8826d
core   0: 3 0x80009f8c (0x8826da17) x20 0x08276f8c
core   0: 0x80009f90 (0x0143a3b3) slt     t2, t2, s4
core   0: 3 0x80009f90 (0x0143a3b3) x 7 0x00000001
core   0: 0x80009f94 (0x0000100f) fence.i
core   0: 3 0x80009f94 (0x0000100f)
core   0: 0x80009f98 (0x01300893) li      a7, 19
core   0: 3 0x80009f98 (0x01300893) x17 0x00000013
core   0: 0x80009f9c (0x011b7f33) and     t5, s6, a7
core   0: 3 0x80009f9c (0x011b7f33) x30 0x00000000
core   0: 0x80009fa0 (0x41dbd413) srai    s0, s7, 29
core   0: 3 0x80009fa0 (0x41dbd413) x 8 0xffffffff
core   0: 0x80009fa4 (0x75acaa93) slti    s5, s9, 1882
core   0: 3 0x80009fa4 (0x75acaa93) x21 0x00000001
core   0: 0x80009fa8 (0x00533533) sltu    a0, t1, t0
core   0: 3 0x80009fa8 (0x00533533) x10 0x00000001
core   0: 0x80009fac (0x409253b3) sra     t2, tp, s1
core   0: 3 0x80009fac (0x409253b3) x 7 0x00000302
core   0: 0x80009fb0 (0x00b692b3) sll     t0, a3, a1
core   0: 3 0x80009fb0 (0x00b692b3) x 5 0x00000006
core   0: 0x80009fb4 (0x00168693) addi    a3, a3, 1
core   0: 3 0x80009fb4 (0x00168693) x13 0x00000007
core   0: 0x80009fb8 (0x0ff0000f) fence   iorw,iorw
core   0: 3 0x80009fb8 (0x0ff0000f)
core   0: 0x80009fbc (0x0ff0000f) fence   iorw,iorw
core   0: 3 0x80009fbc (0x0ff0000f)
core   0: 0x80009fc0 (0x005b2cb3) slt     s9, s6, t0
core   0: 3 0x80009fc0 (0x005b2cb3) x25 0x00000001
core   0: 0x80009fc4 (0xff1680e3) beq     a3, a7, pc - 32
core   0: 3 0x80009fc4 (0xff1680e3)
core   0: 0x80009fc8 (0xfb8d88e3) beq     s11, s8, pc - 80
core   0: 3 0x80009fc8 (0xfb8d88e3)
core   0: 0x80009f78 (0xe5ed0b93) addi    s7, s10, -418
core   0: 3 0x80009f78 (0xe5ed0b93) x23 0xfffffe5e
core   0: 0x80009f7c (0xa9fdb0b7) lui     ra, 0xa9fdb
core   0: 3 0x80009f7c (0xa9fdb0b7) x 1 0xa9fdb000
core   0: 0x80009f80 (0x008d8d93) addi    s11, s11, 8
core   0: 3 0x80009f80 (0x008d8d93) x27 0x00000018
core   0: 0x80009f84 (0x00600693) li      a3, 6
core   0: 3 0x80009f84 (0x00600693) x13 0x00000006
core   0: 0x80009f88 (0x66b3eb93) ori     s7, t2, 1643
core   0: 3 0x80009f88 (0x66b3eb93) x23 0x0000076b
core   0: 0x80009f8c (0x8826da17) auipc   s4, 0x8826d
core   0: 3 0x80009f8c (0x8826da17) x20 0x08276f8c
core   0: 0x80009f90 (0x0143a3b3) slt     t2, t2, s4
core   0: 3 0x80009f90 (0x0143a3b3) x 7 0x00000001
core   0: 0x80009f94 (0x0000100f) fence.i
core   0: 3 0x80009f94 (0x0000100f)
core   0: 0x80009f98 (0x01300893) li      a7, 19
core   0: 3 0x80009f98 (0x01300893) x17 0x00000013
core   0: 0x80009f9c (0x011b7f33) and     t5, s6, a7
core   0: 3 0x80009f9c (0x011b7f33) x30 0x00000000
core   0: 0x80009fa0 (0x41dbd413) srai    s0, s7, 29
core   0: 3 0x80009fa0 (0x41dbd413) x 8 0x00000000
core   0: 0x80009fa4 (0x75acaa93) slti    s5, s9, 1882
core   0: 3 0x80009fa4 (0x75acaa93) x21 0x00000001
core   0: 0x80009fa8 (0x00533533) sltu    a0, t1, t0
core   0: 3 0x80009fa8 (0x00533533) x10 0x00000001
core   0: 0x80009fac (0x409253b3) sra     t2, tp, s1
core   0: 3 0x80009fac (0x409253b3) x 7 0x00000302
core   0: 0x80009fb0 (0x00b692b3) sll     t0, a3, a1
core   0: 3 0x80009fb0 (0x00b692b3) x 5 0x00000006
core   0: 0x80009fb4 (0x00168693) addi    a3, a3, 1
core   0: 3 0x80009fb4 (0x00168693) x13 0x00000007
core   0: 0x80009fb8 (0x0ff0000f) fence   iorw,iorw
core   0: 3 0x80009fb8 (0x0ff0000f)
core   0: 0x80009fbc (0x0ff0000f) fence   iorw,iorw
core   0: 3 0x80009fbc (0x0ff0000f)
core   0: 0x80009fc0 (0x005b2cb3) slt     s9, s6, t0
core   0: 3 0x80009fc0 (0x005b2cb3) x25 0x00000001
core   0: 0x80009fc4 (0xff1680e3) beq     a3, a7, pc - 32
core   0: 3 0x80009fc4 (0xff1680e3)
core   0: 0x80009fc8 (0xfb8d88e3) beq     s11, s8, pc - 80
core   0: 3 0x80009fc8 (0xfb8d88e3)
core   0: 0x80009fcc (0x01522d33) slt     s10, tp, s5
core   0: 3 0x80009fcc (0x01522d33) x26 0x00000000
core   0: 0x80009fd0 (0xff900293) li      t0, -7
core   0: 3 0x80009fd0 (0xff900293) x 5 0xfffffff9
core   0: 0x80009fd4 (0xff700413) li      s0, -9
core   0: 3 0x80009fd4 (0xff700413) x 8 0xfffffff7
core   0: 0x80009fd8 (0xc0a81037) lui     zero, 0xc0a81
core   0: 3 0x80009fd8 (0xc0a81037)
core   0: 0x80009fdc (0xcc50ea97) auipc   s5, 0xcc50e
core   0: 3 0x80009fdc (0xcc50ea97) x21 0x4c517fdc
core   0: 0x80009fe0 (0x00097c33) and     s8, s2, zero
core   0: 3 0x80009fe0 (0x00097c33) x24 0x00000000
core   0: 0x80009fe4 (0xfff28293) addi    t0, t0, -1
core   0: 3 0x80009fe4 (0xfff28293) x 5 0xfffffff8
core   0: 0x80009fe8 (0x3bc43a93) sltiu   s5, s0, 956
core   0: 3 0x80009fe8 (0x3bc43a93) x21 0x00000000
core   0: 0x80009fec (0x00860033) add     zero, a2, s0
core   0: 3 0x80009fec (0x00860033)
core   0: 0x80009ff0 (0xfe8284e3) beq     t0, s0, pc - 24
core   0: 3 0x80009ff0 (0xfe8284e3)
core   0: 0x80009ff4 (0x76f9a013) slti    zero, s3, 1903
core   0: 3 0x80009ff4 (0x76f9a013)
core   0: 0x80009ff8 (0xffc00093) li      ra, -4
core   0: 3 0x80009ff8 (0xffc00093) x 1 0xfffffffc
core   0: 0x80009ffc (0x018ac333) xor     t1, s5, s8
core   0: 3 0x80009ffc (0x018ac333) x 6 0x00000000
core   0: 0x8000a000 (0x00752233) slt     tp, a0, t2
core   0: 3 0x8000a000 (0x00752233) x 4 0x00000001
core   0: 0x8000a004 (0xaf6b7913) andi    s2, s6, -1290
core   0: 3 0x8000a004 (0xaf6b7913) x18 0x00000000
core   0: 0x8000a008 (0x00fff2b3) and     t0, t6, a5
core   0: 3 0x8000a008 (0x00fff2b3) x 5 0x00000001
core   0: 0x8000a00c (0x001a5fb3) srl     t6, s4, ra
core   0: 3 0x8000a00c (0x001a5fb3) x31 0x00000000
core   0: 0x8000a010 (0xff100b93) li      s7, -15
core   0: 3 0x8000a010 (0xff100b93) x23 0xfffffff1
core   0: 0x8000a014 (0x40316513) ori     a0, sp, 1027
core   0: 3 0x8000a014 (0x40316513) x10 0x80028ce7
core   0: 0x8000a018 (0x01110fb3) add     t6, sp, a7
core   0: 3 0x8000a018 (0x01110fb3) x31 0x80028cf7
core   0: 0x8000a01c (0x009a9c13) slli    s8, s5, 9
core   0: 3 0x8000a01c (0x009a9c13) x24 0x00000000
core   0: 0x8000a020 (0xd7718513) addi    a0, gp, -649
core   0: 3 0x8000a020 (0xd7718513) x10 0xfffa7bdc
core   0: 0x8000a024 (0x400458b3) sra     a7, s0, zero
core   0: 3 0x8000a024 (0x400458b3) x17 0xfffffff7
core   0: 0x8000a028 (0x0091f233) and     tp, gp, s1
core   0: 3 0x8000a028 (0x0091f233) x 4 0x00000000
core   0: 0x8000a02c (0xdf7ebf13) sltiu   t5, t4, -521
core   0: 3 0x8000a02c (0xdf7ebf13) x30 0x00000001
core   0: 0x8000a030 (0x8cc76b13) ori     s6, a4, -1844
core   0: 3 0x8000a030 (0x8cc76b13) x22 0xfffffbee
core   0: 0x8000a034 (0x00f066b3) or      a3, zero, a5
core   0: 3 0x8000a034 (0x00f066b3) x13 0x000010b9
core   0: 0x8000a038 (0x002cf8b3) and     a7, s9, sp
core   0: 3 0x8000a038 (0x002cf8b3) x17 0x00000000
core   0: 0x8000a03c (0x005ad993) srli    s3, s5, 5
core   0: 3 0x8000a03c (0x005ad993) x19 0x00000000
core   0: 0x8000a040 (0xffc08093) addi    ra, ra, -4
core   0: 3 0x8000a040 (0xffc08093) x 1 0xfffffff8
core   0: 0x8000a044 (0x4ab02713) slti    a4, zero, 1195
core   0: 3 0x8000a044 (0x4ab02713) x14 0x00000001
core   0: 0x8000a048 (0xcdd56193) ori     gp, a0, -803
core   0: 3 0x8000a048 (0xcdd56193) x 3 0xffffffdd
core   0: 0x8000a04c (0x41195d33) sra     s10, s2, a7
core   0: 3 0x8000a04c (0x41195d33) x26 0x00000000
core   0: 0x8000a050 (0x0000100f) fence.i
core   0: 3 0x8000a050 (0x0000100f)
core   0: 0x8000a054 (0x40585033) sra     zero, a6, t0
core   0: 3 0x8000a054 (0x40585033)
core   0: 0x8000a058 (0x41a85513) srai    a0, a6, 26
core   0: 3 0x8000a058 (0x41a85513) x10 0xffffffff
core   0: 0x8000a05c (0xc31a1c17) auipc   s8, 0xc31a1
core   0: 3 0x8000a05c (0xc31a1c17) x24 0x431ab05c
core   0: 0x8000a060 (0x40f70db3) sub     s11, a4, a5
core   0: 3 0x8000a060 (0x40f70db3) x27 0xffffef48
core   0: 0x8000a064 (0xfd70dae3) bge     ra, s7, pc - 44
core   0: 3 0x8000a064 (0xfd70dae3)
core   0: 0x8000a038 (0x002cf8b3) and     a7, s9, sp
core   0: 3 0x8000a038 (0x002cf8b3) x17 0x00000000
core   0: 0x8000a03c (0x005ad993) srli    s3, s5, 5
core   0: 3 0x8000a03c (0x005ad993) x19 0x00000000
core   0: 0x8000a040 (0xffc08093) addi    ra, ra, -4
core   0: 3 0x8000a040 (0xffc08093) x 1 0xfffffff4
core   0: 0x8000a044 (0x4ab02713) slti    a4, zero, 1195
core   0: 3 0x8000a044 (0x4ab02713) x14 0x00000001
core   0: 0x8000a048 (0xcdd56193) ori     gp, a0, -803
core   0: 3 0x8000a048 (0xcdd56193) x 3 0xffffffff
core   0: 0x8000a04c (0x41195d33) sra     s10, s2, a7
core   0: 3 0x8000a04c (0x41195d33) x26 0x00000000
core   0: 0x8000a050 (0x0000100f) fence.i
core   0: 3 0x8000a050 (0x0000100f)
core   0: 0x8000a054 (0x40585033) sra     zero, a6, t0
core   0: 3 0x8000a054 (0x40585033)
core   0: 0x8000a058 (0x41a85513) srai    a0, a6, 26
core   0: 3 0x8000a058 (0x41a85513) x10 0xffffffff
core   0: 0x8000a05c (0xc31a1c17) auipc   s8, 0xc31a1
core   0: 3 0x8000a05c (0xc31a1c17) x24 0x431ab05c
core   0: 0x8000a060 (0x40f70db3) sub     s11, a4, a5
core   0: 3 0x8000a060 (0x40f70db3) x27 0xffffef48
core   0: 0x8000a064 (0xfd70dae3) bge     ra, s7, pc - 44
core   0: 3 0x8000a064 (0xfd70dae3)
core   0: 0x8000a038 (0x002cf8b3) and     a7, s9, sp
core   0: 3 0x8000a038 (0x002cf8b3) x17 0x00000000
core   0: 0x8000a03c (0x005ad993) srli    s3, s5, 5
core   0: 3 0x8000a03c (0x005ad993) x19 0x00000000
core   0: 0x8000a040 (0xffc08093) addi    ra, ra, -4
core   0: 3 0x8000a040 (0xffc08093) x 1 0xfffffff0
core   0: 0x8000a044 (0x4ab02713) slti    a4, zero, 1195
core   0: 3 0x8000a044 (0x4ab02713) x14 0x00000001
core   0: 0x8000a048 (0xcdd56193) ori     gp, a0, -803
core   0: 3 0x8000a048 (0xcdd56193) x 3 0xffffffff
core   0: 0x8000a04c (0x41195d33) sra     s10, s2, a7
core   0: 3 0x8000a04c (0x41195d33) x26 0x00000000
core   0: 0x8000a050 (0x0000100f) fence.i
core   0: 3 0x8000a050 (0x0000100f)
core   0: 0x8000a054 (0x40585033) sra     zero, a6, t0
core   0: 3 0x8000a054 (0x40585033)
core   0: 0x8000a058 (0x41a85513) srai    a0, a6, 26
core   0: 3 0x8000a058 (0x41a85513) x10 0xffffffff
core   0: 0x8000a05c (0xc31a1c17) auipc   s8, 0xc31a1
core   0: 3 0x8000a05c (0xc31a1c17) x24 0x431ab05c
core   0: 0x8000a060 (0x40f70db3) sub     s11, a4, a5
core   0: 3 0x8000a060 (0x40f70db3) x27 0xffffef48
core   0: 0x8000a064 (0xfd70dae3) bge     ra, s7, pc - 44
core   0: 3 0x8000a064 (0xfd70dae3)
core   0: 0x8000a068 (0x6b93ff13) andi    t5, t2, 1721
core   0: 3 0x8000a068 (0x6b93ff13) x30 0x00000200
core   0: 0x8000a06c (0xff600893) li      a7, -10
core   0: 3 0x8000a06c (0xff600893) x17 0xfffffff6
core   0: 0x8000a070 (0x40dd5693) srai    a3, s10, 13
core   0: 3 0x8000a070 (0x40dd5693) x13 0x00000000
core   0: 0x8000a074 (0x00300293) li      t0, 3
core   0: 3 0x8000a074 (0x00300293) x 5 0x00000003
core   0: 0x8000a078 (0x00a7cab3) xor     s5, a5, a0
core   0: 3 0x8000a078 (0x00a7cab3) x21 0xffffef46
core   0: 0x8000a07c (0x00688893) addi    a7, a7, 6
core   0: 3 0x8000a07c (0x00688893) x17 0xfffffffc
core   0: 0x8000a080 (0x00200c13) li      s8, 2
core   0: 3 0x8000a080 (0x00200c13) x24 0x00000002
core   0: 0x8000a084 (0xe989f493) andi    s1, s3, -360
core   0: 3 0x8000a084 (0xe989f493) x 9 0x00000000
core   0: 0x8000a088 (0xff700793) li      a5, -9
core   0: 3 0x8000a088 (0xff700793) x15 0xfffffff7
core   0: 0x8000a08c (0x41968a33) sub     s4, a3, s9
core   0: 3 0x8000a08c (0x41968a33) x20 0xffffffff
core   0: 0x8000a090 (0xffec0c13) addi    s8, s8, -2
core   0: 3 0x8000a090 (0xffec0c13) x24 0x00000000
core   0: 0x8000a094 (0xfefc5ce3) bge     s8, a5, pc - 8
core   0: 3 0x8000a094 (0xfefc5ce3)
core   0: 0x8000a08c (0x41968a33) sub     s4, a3, s9
core   0: 3 0x8000a08c (0x41968a33) x20 0xffffffff
core   0: 0x8000a090 (0xffec0c13) addi    s8, s8, -2
core   0: 3 0x8000a090 (0xffec0c13) x24 0xfffffffe
core   0: 0x8000a094 (0xfefc5ce3) bge     s8, a5, pc - 8
core   0: 3 0x8000a094 (0xfefc5ce3)
core   0: 0x8000a08c (0x41968a33) sub     s4, a3, s9
core   0: 3 0x8000a08c (0x41968a33) x20 0xffffffff
core   0: 0x8000a090 (0xffec0c13) addi    s8, s8, -2
core   0: 3 0x8000a090 (0xffec0c13) x24 0xfffffffc
core   0: 0x8000a094 (0xfefc5ce3) bge     s8, a5, pc - 8
core   0: 3 0x8000a094 (0xfefc5ce3)
core   0: 0x8000a08c (0x41968a33) sub     s4, a3, s9
core   0: 3 0x8000a08c (0x41968a33) x20 0xffffffff
core   0: 0x8000a090 (0xffec0c13) addi    s8, s8, -2
core   0: 3 0x8000a090 (0xffec0c13) x24 0xfffffffa
core   0: 0x8000a094 (0xfefc5ce3) bge     s8, a5, pc - 8
core   0: 3 0x8000a094 (0xfefc5ce3)
core   0: 0x8000a08c (0x41968a33) sub     s4, a3, s9
core   0: 3 0x8000a08c (0x41968a33) x20 0xffffffff
core   0: 0x8000a090 (0xffec0c13) addi    s8, s8, -2
core   0: 3 0x8000a090 (0xffec0c13) x24 0xfffffff8
core   0: 0x8000a094 (0xfefc5ce3) bge     s8, a5, pc - 8
core   0: 3 0x8000a094 (0xfefc5ce3)
core   0: 0x8000a08c (0x41968a33) sub     s4, a3, s9
core   0: 3 0x8000a08c (0x41968a33) x20 0xffffffff
core   0: 0x8000a090 (0xffec0c13) addi    s8, s8, -2
core   0: 3 0x8000a090 (0xffec0c13) x24 0xfffffff6
core   0: 0x8000a094 (0xfefc5ce3) bge     s8, a5, pc - 8
core   0: 3 0x8000a094 (0xfefc5ce3)
core   0: 0x8000a098 (0xfe58e0e3) bltu    a7, t0, pc - 32
core   0: 3 0x8000a098 (0xfe58e0e3)
core   0: 0x8000a09c (0x00000013) nop
core   0: 3 0x8000a09c (0x00000013)
core   0: 0x8000a0a0 (0x00400093) li      ra, 4
core   0: 3 0x8000a0a0 (0x00400093) x 1 0x00000004
core   0: 0x8000a0a4 (0x2893f013) andi    zero, t2, 649
core   0: 3 0x8000a0a4 (0x2893f013)
core   0: 0x8000a0a8 (0x015f9d93) slli    s11, t6, 21
core   0: 3 0x8000a0a8 (0x015f9d93) x27 0x9ee00000
core   0: 0x8000a0ac (0xff400413) li      s0, -12
core   0: 3 0x8000a0ac (0xff400413) x 8 0xfffffff4
core   0: 0x8000a0b0 (0x98542e13) slti    t3, s0, -1659
core   0: 3 0x8000a0b0 (0x98542e13) x28 0x00000000
core   0: 0x8000a0b4 (0x00b2cb33) xor     s6, t0, a1
core   0: 3 0x8000a0b4 (0x00b2cb33) x22 0x80000003
core   0: 0x8000a0b8 (0xff808093) addi    ra, ra, -8
core   0: 3 0x8000a0b8 (0xff808093) x 1 0xfffffffc
core   0: 0x8000a0bc (0x0ff0000f) fence   iorw,iorw
core   0: 3 0x8000a0bc (0x0ff0000f)
core   0: 0x8000a0c0 (0x9f90fe93) andi    t4, ra, -1543
core   0: 3 0x8000a0c0 (0x9f90fe93) x29 0xfffff9f8
core   0: 0x8000a0c4 (0x01b3bcb3) sltu    s9, t2, s11
core   0: 3 0x8000a0c4 (0x01b3bcb3) x25 0x00000001
core   0: 0x8000a0c8 (0x010bd793) srli    a5, s7, 16
core   0: 3 0x8000a0c8 (0x010bd793) x15 0x0000ffff
core   0: 0x8000a0cc (0x005816b3) sll     a3, a6, t0
core   0: 3 0x8000a0cc (0x005816b3) x13 0xffffe238
core   0: 0x8000a0d0 (0x3cc14d13) xori    s10, sp, 972
core   0: 3 0x8000a0d0 (0x3cc14d13) x26 0x80028f28
core   0: 0x8000a0d4 (0xfe8090e3) bne     ra, s0, pc - 32
core   0: 3 0x8000a0d4 (0xfe8090e3)
core   0: 0x8000a0b4 (0x00b2cb33) xor     s6, t0, a1
core   0: 3 0x8000a0b4 (0x00b2cb33) x22 0x80000003
core   0: 0x8000a0b8 (0xff808093) addi    ra, ra, -8
core   0: 3 0x8000a0b8 (0xff808093) x 1 0xfffffff4
core   0: 0x8000a0bc (0x0ff0000f) fence   iorw,iorw
core   0: 3 0x8000a0bc (0x0ff0000f)
core   0: 0x8000a0c0 (0x9f90fe93) andi    t4, ra, -1543
core   0: 3 0x8000a0c0 (0x9f90fe93) x29 0xfffff9f0
core   0: 0x8000a0c4 (0x01b3bcb3) sltu    s9, t2, s11
core   0: 3 0x8000a0c4 (0x01b3bcb3) x25 0x00000001
core   0: 0x8000a0c8 (0x010bd793) srli    a5, s7, 16
core   0: 3 0x8000a0c8 (0x010bd793) x15 0x0000ffff
core   0: 0x8000a0cc (0x005816b3) sll     a3, a6, t0
core   0: 3 0x8000a0cc (0x005816b3) x13 0xffffe238
core   0: 0x8000a0d0 (0x3cc14d13) xori    s10, sp, 972
core   0: 3 0x8000a0d0 (0x3cc14d13) x26 0x80028f28
core   0: 0x8000a0d4 (0xfe8090e3) bne     ra, s0, pc - 32
core   0: 3 0x8000a0d4 (0xfe8090e3)
core   0: 0x8000a0d8 (0x01843d33) sltu    s10, s0, s8
core   0: 3 0x8000a0d8 (0x01843d33) x26 0x00000001
core   0: 0x8000a0dc (0x00a00793) li      a5, 10
core   0: 3 0x8000a0dc (0x00a00793) x15 0x0000000a
core   0: 0x8000a0e0 (0xfed00213) li      tp, -19
core   0: 3 0x8000a0e0 (0xfed00213) x 4 0xffffffed
core   0: 0x8000a0e4 (0x0f8ee293) ori     t0, t4, 248
core   0: 3 0x8000a0e4 (0x0f8ee293) x 5 0xfffff9f8
core   0: 0x8000a0e8 (0xfff78793) addi    a5, a5, -1
core   0: 3 0x8000a0e8 (0xfff78793) x15 0x00000009
core   0: 0x8000a0ec (0x00900713) li      a4, 9
core   0: 3 0x8000a0ec (0x00900713) x14 0x00000009
core   0: 0x8000a0f0 (0x007c8f33) add     t5, s9, t2
core   0: 3 0x8000a0f0 (0x007c8f33) x30 0x00000303
core   0: 0x8000a0f4 (0x00500493) li      s1, 5
core   0: 3 0x8000a0f4 (0x00500493) x 9 0x00000005
core   0: 0x8000a0f8 (0xe9a6e293) ori     t0, a3, -358
core   0: 3 0x8000a0f8 (0xe9a6e293) x 5 0xfffffeba
core   0: 0x8000a0fc (0xffe70713) addi    a4, a4, -2
core   0: 3 0x8000a0fc (0xffe70713) x14 0x00000007
core   0: 0x8000a100 (0xfe970ce3) beq     a4, s1, pc - 8
core   0: 3 0x8000a100 (0xfe970ce3)
core   0: 0x8000a104 (0xfe4780e3) beq     a5, tp, pc - 32
core   0: 3 0x8000a104 (0xfe4780e3)
core   0: 0x8000a108 (0x00e0b2b3) sltu    t0, ra, a4
core   0: 3 0x8000a108 (0x00e0b2b3) x 5 0x00000000
core   0: 0x8000a10c (0xff600713) li      a4, -10
core   0: 3 0x8000a10c (0xff600713) x14 0xfffffff6
core   0: 0x8000a110 (0xff300513) li      a0, -13
core   0: 3 0x8000a110 (0xff300513) x10 0xfffffff3
core   0: 0x8000a114 (0x2eff6893) ori     a7, t5, 751
core   0: 3 0x8000a114 (0x2eff6893) x17 0x000003ef
core   0: 0x8000a118 (0xff970713) addi    a4, a4, -7
core   0: 3 0x8000a118 (0xff970713) x14 0xffffffef
core   0: 0x8000a11c (0x8af6f013) andi    zero, a3, -1873
core   0: 3 0x8000a11c (0x8af6f013)
core   0: 0x8000a120 (0xfea75ae3) bge     a4, a0, pc - 12
core   0: 3 0x8000a120 (0xfea75ae3)
core   0: 0x8000a124 (0x45d80d13) addi    s10, a6, 1117
core   0: 3 0x8000a124 (0x45d80d13) x26 0x000000a4
core   0: 0x8000a128 (0x4051d793) srai    a5, gp, 5
core   0: 3 0x8000a128 (0x4051d793) x15 0xffffffff
core   0: 0x8000a12c (0x02745663) bge     s0, t2, pc + 44
core   0: 3 0x8000a12c (0x02745663)
core   0: 0x8000a130 (0x01363f33) sltu    t5, a2, s3
core   0: 3 0x8000a130 (0x01363f33) x30 0x00000000
core   0: 0x8000a134 (0x01e97a63) bgeu    s2, t5, pc + 20
core   0: 3 0x8000a134 (0x01e97a63)
core   0: 0x8000a148 (0x0000100f) fence.i
core   0: 3 0x8000a148 (0x0000100f)
core   0: 0x8000a14c (0x00adea63) bltu    s11, a0, pc + 20
core   0: 3 0x8000a14c (0x00adea63)
core   0: 0x8000a160 (0xdecbcd93) xori    s11, s7, -532
core   0: 3 0x8000a160 (0xdecbcd93) x27 0x0000021d
core   0: 0x8000a164 (0x0049d263) bge     s3, tp, pc + 4
core   0: 3 0x8000a164 (0x0049d263)
core   0: 0x8000a168 (0x02579463) bne     a5, t0, pc + 40
core   0: 3 0x8000a168 (0x02579463)
core   0: 0x8000a190 (0x01631c63) bne     t1, s6, pc + 24
core   0: 3 0x8000a190 (0x01631c63)
core   0: 0x8000a1a8 (0x01820463) beq     tp, s8, pc + 8
core   0: 3 0x8000a1a8 (0x01820463)
core   0: 0x8000a1ac (0x94804d93) xori    s11, zero, -1720
core   0: 3 0x8000a1ac (0x94804d93) x27 0xfffff948
core   0: 0x8000a1b0 (0x02609e63) bne     ra, t1, pc + 60
core   0: 3 0x8000a1b0 (0x02609e63)
core   0: 0x8000a1ec (0x01896bb3) or      s7, s2, s8
core   0: 3 0x8000a1ec (0x01896bb3) x23 0xfffffff6
core   0: 0x8000a1f0 (0x002bc1b3) xor     gp, s7, sp
core   0: 3 0x8000a1f0 (0x002bc1b3) x 3 0x7ffd7312
core   0: 0x8000a1f4 (0x41d78ab3) sub     s5, a5, t4
core   0: 3 0x8000a1f4 (0x41d78ab3) x21 0x0000060f
core   0: 0x8000a1f8 (0x40b1df93) srai    t6, gp, 11
core   0: 3 0x8000a1f8 (0x40b1df93) x31 0x000fffae
core   0: 0x8000a1fc (0x1190b413) sltiu   s0, ra, 281
core   0: 3 0x8000a1fc (0x1190b413) x 8 0x00000000
core   0: 0x8000a200 (0x08615063) bge     sp, t1, pc + 128
core   0: 3 0x8000a200 (0x08615063)
core   0: 0x8000a204 (0x0ff0000f) fence   iorw,iorw
core   0: 3 0x8000a204 (0x0ff0000f)
core   0: 0x8000a208 (0x005f9e63) bne     t6, t0, pc + 28
core   0: 3 0x8000a208 (0x005f9e63)
core   0: 0x8000a224 (0x40335893) srai    a7, t1, 3
core   0: 3 0x8000a224 (0x40335893) x17 0x00000000
core   0: 0x8000a228 (0x414ada93) srai    s5, s5, 20
core   0: 3 0x8000a228 (0x414ada93) x21 0x00000000
core   0: 0x8000a22c (0x00adae33) slt     t3, s11, a0
core   0: 3 0x8000a22c (0x00adae33) x28 0x00000001
core   0: 0x8000a230 (0x06377063) bgeu    a4, gp, pc + 96
core   0: 3 0x8000a230 (0x06377063)
core   0: 0x8000a290 (0xaddd0f13) addi    t5, s10, -1315
core   0: 3 0x8000a290 (0xaddd0f13) x30 0xfffffb81
core   0: 0x8000a294 (0x9244fd37) lui     s10, 0x9244f
core   0: 3 0x8000a294 (0x9244fd37) x26 0x9244f000
core   0: 0x8000a298 (0x00266033) or      zero, a2, sp
core   0: 3 0x8000a298 (0x00266033)
core   0: 0x8000a29c (0x019f2733) slt     a4, t5, s9
core   0: 3 0x8000a29c (0x019f2733) x14 0x00000001
core   0: 0x8000a2a0 (0x014cdd93) srli    s11, s9, 20
core   0: 3 0x8000a2a0 (0x014cdd93) x27 0x00000000
core   0: 0x8000a2a4 (0x02038a63) beqz    t2, pc + 52
core   0: 3 0x8000a2a4 (0x02038a63)
core   0: 0x8000a2a8 (0x0ff0000f) fence   iorw,iorw
core   0: 3 0x8000a2a8 (0x0ff0000f)
core   0: 0x8000a2ac (0xedcce797) auipc   a5, 0xedcce
core   0: 3 0x8000a2ac (0xedcce797) x15 0x6dcd82ac
core   0: 0x8000a2b0 (0x400451b3) sra     gp, s0, zero
core   0: 3 0x8000a2b0 (0x400451b3) x 3 0x00000000
core   0: 0x8000a2b4 (0x3f410393) addi    t2, sp, 1012
core   0: 3 0x8000a2b4 (0x3f410393) x 7 0x800290d8
core   0: 0x8000a2b8 (0x67e42513) slti    a0, s0, 1662
core   0: 3 0x8000a2b8 (0x67e42513) x10 0x00000001
core   0: 0x8000a2bc (0x411b5c33) sra     s8, s6, a7
core   0: 3 0x8000a2bc (0x411b5c33) x24 0x80000003
core   0: 0x8000a2c0 (0x0154cc33) xor     s8, s1, s5
core   0: 3 0x8000a2c0 (0x0154cc33) x24 0x00000005
core   0: 0x8000a2c4 (0x412a5b33) sra     s6, s4, s2
core   0: 3 0x8000a2c4 (0x412a5b33) x22 0xffffffff
core   0: 0x8000a2c8 (0x007c93b3) sll     t2, s9, t2
core   0: 3 0x8000a2c8 (0x007c93b3) x 7 0x01000000
core   0: 0x8000a2cc (0x00000013) nop
core   0: 3 0x8000a2cc (0x00000013)
core   0: 0x8000a2d0 (0x01bdb433) sltu    s0, s11, s11
core   0: 3 0x8000a2d0 (0x01bdb433) x 8 0x00000000
core   0: 0x8000a2d4 (0x00395013) srli    zero, s2, 3
core   0: 3 0x8000a2d4 (0x00395013)
core   0: 0x8000a2d8 (0x01f4e7b3) or      a5, s1, t6
core   0: 3 0x8000a2d8 (0x01f4e7b3) x15 0x000fffaf
core   0: 0x8000a2dc (0x01cc6cb3) or      s9, s8, t3
core   0: 3 0x8000a2dc (0x01cc6cb3) x25 0x00000005
core   0: 0x8000a2e0 (0x03b3c663) blt     t2, s11, pc + 44
core   0: 3 0x8000a2e0 (0x03b3c663)
core   0: 0x8000a2e4 (0x57348517) auipc   a0, 0x57348
core   0: 3 0x8000a2e4 (0x57348517) x10 0xd73522e4
core   0: 0x8000a2e8 (0x05896863) bltu    s2, s8, pc + 80
core   0: 3 0x8000a2e8 (0x05896863)
core   0: 0x8000a338 (0x01198fb3) add     t6, s3, a7
core   0: 3 0x8000a338 (0x01198fb3) x31 0x00000000
core   0: 0x8000a33c (0x0143deb3) srl     t4, t2, s4
core   0: 3 0x8000a33c (0x0143deb3) x29 0x00000000
core   0: 0x8000a340 (0x405987b3) sub     a5, s3, t0
core   0: 3 0x8000a340 (0x405987b3) x15 0x00000000
core   0: 0x8000a344 (0x65054093) xori    ra, a0, 1616
core   0: 3 0x8000a344 (0x65054093) x 1 0xd73524b4
core   0: 0x8000a348 (0x0031afb3) slt     t6, gp, gp
core   0: 3 0x8000a348 (0x0031afb3) x31 0x00000000
core   0: 0x8000a34c (0x003c2e33) slt     t3, s8, gp
core   0: 3 0x8000a34c (0x003c2e33) x28 0x00000000
core   0: 0x8000a350 (0x00200413) li      s0, 2
core   0: 3 0x8000a350 (0x00200413) x 8 0x00000002
core   0: 0x8000a354 (0x00281993) slli    s3, a6, 2
core   0: 3 0x8000a354 (0x00281993) x19 0xfffff11c
core   0: 0x8000a358 (0x01100d13) li      s10, 17
core   0: 3 0x8000a358 (0x01100d13) x26 0x00000011
core   0: 0x8000a35c (0xcea283b7) lui     t2, 0xcea28
core   0: 3 0x8000a35c (0xcea283b7) x 7 0xcea28000
core   0: 0x8000a360 (0x0000100f) fence.i
core   0: 3 0x8000a360 (0x0000100f)
core   0: 0x8000a364 (0x00140413) addi    s0, s0, 1
core   0: 3 0x8000a364 (0x00140413) x 8 0x00000003
core   0: 0x8000a368 (0x00a00693) li      a3, 10
core   0: 3 0x8000a368 (0x00a00693) x13 0x0000000a
core   0: 0x8000a36c (0x00a00f13) li      t5, 10
core   0: 3 0x8000a36c (0x00a00f13) x30 0x0000000a
core   0: 0x8000a370 (0x00a614b3) sll     s1, a2, a0
core   0: 3 0x8000a370 (0x00a614b3) x 9 0x0024e340
core   0: 0x8000a374 (0x01a07833) and     a6, zero, s10
core   0: 3 0x8000a374 (0x01a07833) x16 0x00000000
core   0: 0x8000a378 (0xff768693) addi    a3, a3, -9
core   0: 3 0x8000a378 (0xff768693) x13 0x00000001
core   0: 0x8000a37c (0x015d1193) slli    gp, s10, 21
core   0: 3 0x8000a37c (0x015d1193) x 3 0x02200000
core   0: 0x8000a380 (0xffe6fae3) bgeu    a3, t5, pc - 12
core   0: 3 0x8000a380 (0xffe6fae3)
core   0: 0x8000a384 (0xfda41ce3) bne     s0, s10, pc - 40
core   0: 3 0x8000a384 (0xfda41ce3)
core   0: 0x8000a35c (0xcea283b7) lui     t2, 0xcea28
core   0: 3 0x8000a35c (0xcea283b7) x 7 0xcea28000
core   0: 0x8000a360 (0x0000100f) fence.i
core   0: 3 0x8000a360 (0x0000100f)
core   0: 0x8000a364 (0x00140413) addi    s0, s0, 1
core   0: 3 0x8000a364 (0x00140413) x 8 0x00000004
core   0: 0x8000a368 (0x00a00693) li      a3, 10
core   0: 3 0x8000a368 (0x00a00693) x13 0x0000000a
core   0: 0x8000a36c (0x00a00f13) li      t5, 10
core   0: 3 0x8000a36c (0x00a00f13) x30 0x0000000a
core   0: 0x8000a370 (0x00a614b3) sll     s1, a2, a0
core   0: 3 0x8000a370 (0x00a614b3) x 9 0x0024e340
core   0: 0x8000a374 (0x01a07833) and     a6, zero, s10
core   0: 3 0x8000a374 (0x01a07833) x16 0x00000000
core   0: 0x8000a378 (0xff768693) addi    a3, a3, -9
core   0: 3 0x8000a378 (0xff768693) x13 0x00000001
core   0: 0x8000a37c (0x015d1193) slli    gp, s10, 21
core   0: 3 0x8000a37c (0x015d1193) x 3 0x02200000
core   0: 0x8000a380 (0xffe6fae3) bgeu    a3, t5, pc - 12
core   0: 3 0x8000a380 (0xffe6fae3)
core   0: 0x8000a384 (0xfda41ce3) bne     s0, s10, pc - 40
core   0: 3 0x8000a384 (0xfda41ce3)
core   0: 0x8000a35c (0xcea283b7) lui     t2, 0xcea28
core   0: 3 0x8000a35c (0xcea283b7) x 7 0xcea28000
core   0: 0x8000a360 (0x0000100f) fence.i
core   0: 3 0x8000a360 (0x0000100f)
core   0: 0x8000a364 (0x00140413) addi    s0, s0, 1
core   0: 3 0x8000a364 (0x00140413) x 8 0x00000005
core   0: 0x8000a368 (0x00a00693) li      a3, 10
core   0: 3 0x8000a368 (0x00a00693) x13 0x0000000a
core   0: 0x8000a36c (0x00a00f13) li      t5, 10
core   0: 3 0x8000a36c (0x00a00f13) x30 0x0000000a
core   0: 0x8000a370 (0x00a614b3) sll     s1, a2, a0
core   0: 3 0x8000a370 (0x00a614b3) x 9 0x0024e340
core   0: 0x8000a374 (0x01a07833) and     a6, zero, s10
core   0: 3 0x8000a374 (0x01a07833) x16 0x00000000
core   0: 0x8000a378 (0xff768693) addi    a3, a3, -9
core   0: 3 0x8000a378 (0xff768693) x13 0x00000001
core   0: 0x8000a37c (0x015d1193) slli    gp, s10, 21
core   0: 3 0x8000a37c (0x015d1193) x 3 0x02200000
core   0: 0x8000a380 (0xffe6fae3) bgeu    a3, t5, pc - 12
core   0: 3 0x8000a380 (0xffe6fae3)
core   0: 0x8000a384 (0xfda41ce3) bne     s0, s10, pc - 40
core   0: 3 0x8000a384 (0xfda41ce3)
core   0: 0x8000a35c (0xcea283b7) lui     t2, 0xcea28
core   0: 3 0x8000a35c (0xcea283b7) x 7 0xcea28000
core   0: 0x8000a360 (0x0000100f) fence.i
core   0: 3 0x8000a360 (0x0000100f)
core   0: 0x8000a364 (0x00140413) addi    s0, s0, 1
core   0: 3 0x8000a364 (0x00140413) x 8 0x00000006
core   0: 0x8000a368 (0x00a00693) li      a3, 10
core   0: 3 0x8000a368 (0x00a00693) x13 0x0000000a
core   0: 0x8000a36c (0x00a00f13) li      t5, 10
core   0: 3 0x8000a36c (0x00a00f13) x30 0x0000000a
core   0: 0x8000a370 (0x00a614b3) sll     s1, a2, a0
core   0: 3 0x8000a370 (0x00a614b3) x 9 0x0024e340
core   0: 0x8000a374 (0x01a07833) and     a6, zero, s10
core   0: 3 0x8000a374 (0x01a07833) x16 0x00000000
core   0: 0x8000a378 (0xff768693) addi    a3, a3, -9
core   0: 3 0x8000a378 (0xff768693) x13 0x00000001
core   0: 0x8000a37c (0x015d1193) slli    gp, s10, 21
core   0: 3 0x8000a37c (0x015d1193) x 3 0x02200000
core   0: 0x8000a380 (0xffe6fae3) bgeu    a3, t5, pc - 12
core   0: 3 0x8000a380 (0xffe6fae3)
core   0: 0x8000a384 (0xfda41ce3) bne     s0, s10, pc - 40
core   0: 3 0x8000a384 (0xfda41ce3)
core   0: 0x8000a35c (0xcea283b7) lui     t2, 0xcea28
core   0: 3 0x8000a35c (0xcea283b7) x 7 0xcea28000
core   0: 0x8000a360 (0x0000100f) fence.i
core   0: 3 0x8000a360 (0x0000100f)
core   0: 0x8000a364 (0x00140413) addi    s0, s0, 1
core   0: 3 0x8000a364 (0x00140413) x 8 0x00000007
core   0: 0x8000a368 (0x00a00693) li      a3, 10
core   0: 3 0x8000a368 (0x00a00693) x13 0x0000000a
core   0: 0x8000a36c (0x00a00f13) li      t5, 10
core   0: 3 0x8000a36c (0x00a00f13) x30 0x0000000a
core   0: 0x8000a370 (0x00a614b3) sll     s1, a2, a0
core   0: 3 0x8000a370 (0x00a614b3) x 9 0x0024e340
core   0: 0x8000a374 (0x01a07833) and     a6, zero, s10
core   0: 3 0x8000a374 (0x01a07833) x16 0x00000000
core   0: 0x8000a378 (0xff768693) addi    a3, a3, -9
core   0: 3 0x8000a378 (0xff768693) x13 0x00000001
core   0: 0x8000a37c (0x015d1193) slli    gp, s10, 21
core   0: 3 0x8000a37c (0x015d1193) x 3 0x02200000
core   0: 0x8000a380 (0xffe6fae3) bgeu    a3, t5, pc - 12
core   0: 3 0x8000a380 (0xffe6fae3)
core   0: 0x8000a384 (0xfda41ce3) bne     s0, s10, pc - 40
core   0: 3 0x8000a384 (0xfda41ce3)
core   0: 0x8000a35c (0xcea283b7) lui     t2, 0xcea28
core   0: 3 0x8000a35c (0xcea283b7) x 7 0xcea28000
core   0: 0x8000a360 (0x0000100f) fence.i
core   0: 3 0x8000a360 (0x0000100f)
core   0: 0x8000a364 (0x00140413) addi    s0, s0, 1
core   0: 3 0x8000a364 (0x00140413) x 8 0x00000008
core   0: 0x8000a368 (0x00a00693) li      a3, 10
core   0: 3 0x8000a368 (0x00a00693) x13 0x0000000a
core   0: 0x8000a36c (0x00a00f13) li      t5, 10
core   0: 3 0x8000a36c (0x00a00f13) x30 0x0000000a
core   0: 0x8000a370 (0x00a614b3) sll     s1, a2, a0
core   0: 3 0x8000a370 (0x00a614b3) x 9 0x0024e340
core   0: 0x8000a374 (0x01a07833) and     a6, zero, s10
core   0: 3 0x8000a374 (0x01a07833) x16 0x00000000
core   0: 0x8000a378 (0xff768693) addi    a3, a3, -9
core   0: 3 0x8000a378 (0xff768693) x13 0x00000001
core   0: 0x8000a37c (0x015d1193) slli    gp, s10, 21
core   0: 3 0x8000a37c (0x015d1193) x 3 0x02200000
core   0: 0x8000a380 (0xffe6fae3) bgeu    a3, t5, pc - 12
core   0: 3 0x8000a380 (0xffe6fae3)
core   0: 0x8000a384 (0xfda41ce3) bne     s0, s10, pc - 40
core   0: 3 0x8000a384 (0xfda41ce3)
core   0: 0x8000a35c (0xcea283b7) lui     t2, 0xcea28
core   0: 3 0x8000a35c (0xcea283b7) x 7 0xcea28000
core   0: 0x8000a360 (0x0000100f) fence.i
core   0: 3 0x8000a360 (0x0000100f)
core   0: 0x8000a364 (0x00140413) addi    s0, s0, 1
core   0: 3 0x8000a364 (0x00140413) x 8 0x00000009
core   0: 0x8000a368 (0x00a00693) li      a3, 10
core   0: 3 0x8000a368 (0x00a00693) x13 0x0000000a
core   0: 0x8000a36c (0x00a00f13) li      t5, 10
core   0: 3 0x8000a36c (0x00a00f13) x30 0x0000000a
core   0: 0x8000a370 (0x00a614b3) sll     s1, a2, a0
core   0: 3 0x8000a370 (0x00a614b3) x 9 0x0024e340
core   0: 0x8000a374 (0x01a07833) and     a6, zero, s10
core   0: 3 0x8000a374 (0x01a07833) x16 0x00000000
core   0: 0x8000a378 (0xff768693) addi    a3, a3, -9
core   0: 3 0x8000a378 (0xff768693) x13 0x00000001
core   0: 0x8000a37c (0x015d1193) slli    gp, s10, 21
core   0: 3 0x8000a37c (0x015d1193) x 3 0x02200000
core   0: 0x8000a380 (0xffe6fae3) bgeu    a3, t5, pc - 12
core   0: 3 0x8000a380 (0xffe6fae3)
core   0: 0x8000a384 (0xfda41ce3) bne     s0, s10, pc - 40
core   0: 3 0x8000a384 (0xfda41ce3)
core   0: 0x8000a35c (0xcea283b7) lui     t2, 0xcea28
core   0: 3 0x8000a35c (0xcea283b7) x 7 0xcea28000
core   0: 0x8000a360 (0x0000100f) fence.i
core   0: 3 0x8000a360 (0x0000100f)
core   0: 0x8000a364 (0x00140413) addi    s0, s0, 1
core   0: 3 0x8000a364 (0x00140413) x 8 0x0000000a
core   0: 0x8000a368 (0x00a00693) li      a3, 10
core   0: 3 0x8000a368 (0x00a00693) x13 0x0000000a
core   0: 0x8000a36c (0x00a00f13) li      t5, 10
core   0: 3 0x8000a36c (0x00a00f13) x30 0x0000000a
core   0: 0x8000a370 (0x00a614b3) sll     s1, a2, a0
core   0: 3 0x8000a370 (0x00a614b3) x 9 0x0024e340
core   0: 0x8000a374 (0x01a07833) and     a6, zero, s10
core   0: 3 0x8000a374 (0x01a07833) x16 0x00000000
core   0: 0x8000a378 (0xff768693) addi    a3, a3, -9
core   0: 3 0x8000a378 (0xff768693) x13 0x00000001
core   0: 0x8000a37c (0x015d1193) slli    gp, s10, 21
core   0: 3 0x8000a37c (0x015d1193) x 3 0x02200000
core   0: 0x8000a380 (0xffe6fae3) bgeu    a3, t5, pc - 12
core   0: 3 0x8000a380 (0xffe6fae3)
core   0: 0x8000a384 (0xfda41ce3) bne     s0, s10, pc - 40
core   0: 3 0x8000a384 (0xfda41ce3)
core   0: 0x8000a35c (0xcea283b7) lui     t2, 0xcea28
core   0: 3 0x8000a35c (0xcea283b7) x 7 0xcea28000
core   0: 0x8000a360 (0x0000100f) fence.i
core   0: 3 0x8000a360 (0x0000100f)
core   0: 0x8000a364 (0x00140413) addi    s0, s0, 1
core   0: 3 0x8000a364 (0x00140413) x 8 0x0000000b
core   0: 0x8000a368 (0x00a00693) li      a3, 10
core   0: 3 0x8000a368 (0x00a00693) x13 0x0000000a
core   0: 0x8000a36c (0x00a00f13) li      t5, 10
core   0: 3 0x8000a36c (0x00a00f13) x30 0x0000000a
core   0: 0x8000a370 (0x00a614b3) sll     s1, a2, a0
core   0: 3 0x8000a370 (0x00a614b3) x 9 0x0024e340
core   0: 0x8000a374 (0x01a07833) and     a6, zero, s10
core   0: 3 0x8000a374 (0x01a07833) x16 0x00000000
core   0: 0x8000a378 (0xff768693) addi    a3, a3, -9
core   0: 3 0x8000a378 (0xff768693) x13 0x00000001
core   0: 0x8000a37c (0x015d1193) slli    gp, s10, 21
core   0: 3 0x8000a37c (0x015d1193) x 3 0x02200000
core   0: 0x8000a380 (0xffe6fae3) bgeu    a3, t5, pc - 12
core   0: 3 0x8000a380 (0xffe6fae3)
core   0: 0x8000a384 (0xfda41ce3) bne     s0, s10, pc - 40
core   0: 3 0x8000a384 (0xfda41ce3)
core   0: 0x8000a35c (0xcea283b7) lui     t2, 0xcea28
core   0: 3 0x8000a35c (0xcea283b7) x 7 0xcea28000
core   0: 0x8000a360 (0x0000100f) fence.i
core   0: 3 0x8000a360 (0x0000100f)
core   0: 0x8000a364 (0x00140413) addi    s0, s0, 1
core   0: 3 0x8000a364 (0x00140413) x 8 0x0000000c
core   0: 0x8000a368 (0x00a00693) li      a3, 10
core   0: 3 0x8000a368 (0x00a00693) x13 0x0000000a
core   0: 0x8000a36c (0x00a00f13) li      t5, 10
core   0: 3 0x8000a36c (0x00a00f13) x30 0x0000000a
core   0: 0x8000a370 (0x00a614b3) sll     s1, a2, a0
core   0: 3 0x8000a370 (0x00a614b3) x 9 0x0024e340
core   0: 0x8000a374 (0x01a07833) and     a6, zero, s10
core   0: 3 0x8000a374 (0x01a07833) x16 0x00000000
core   0: 0x8000a378 (0xff768693) addi    a3, a3, -9
core   0: 3 0x8000a378 (0xff768693) x13 0x00000001
core   0: 0x8000a37c (0x015d1193) slli    gp, s10, 21
core   0: 3 0x8000a37c (0x015d1193) x 3 0x02200000
core   0: 0x8000a380 (0xffe6fae3) bgeu    a3, t5, pc - 12
core   0: 3 0x8000a380 (0xffe6fae3)
core   0: 0x8000a384 (0xfda41ce3) bne     s0, s10, pc - 40
core   0: 3 0x8000a384 (0xfda41ce3)
core   0: 0x8000a35c (0xcea283b7) lui     t2, 0xcea28
core   0: 3 0x8000a35c (0xcea283b7) x 7 0xcea28000
core   0: 0x8000a360 (0x0000100f) fence.i
core   0: 3 0x8000a360 (0x0000100f)
core   0: 0x8000a364 (0x00140413) addi    s0, s0, 1
core   0: 3 0x8000a364 (0x00140413) x 8 0x0000000d
core   0: 0x8000a368 (0x00a00693) li      a3, 10
core   0: 3 0x8000a368 (0x00a00693) x13 0x0000000a
core   0: 0x8000a36c (0x00a00f13) li      t5, 10
core   0: 3 0x8000a36c (0x00a00f13) x30 0x0000000a
core   0: 0x8000a370 (0x00a614b3) sll     s1, a2, a0
core   0: 3 0x8000a370 (0x00a614b3) x 9 0x0024e340
core   0: 0x8000a374 (0x01a07833) and     a6, zero, s10
core   0: 3 0x8000a374 (0x01a07833) x16 0x00000000
core   0: 0x8000a378 (0xff768693) addi    a3, a3, -9
core   0: 3 0x8000a378 (0xff768693) x13 0x00000001
core   0: 0x8000a37c (0x015d1193) slli    gp, s10, 21
core   0: 3 0x8000a37c (0x015d1193) x 3 0x02200000
core   0: 0x8000a380 (0xffe6fae3) bgeu    a3, t5, pc - 12
core   0: 3 0x8000a380 (0xffe6fae3)
core   0: 0x8000a384 (0xfda41ce3) bne     s0, s10, pc - 40
core   0: 3 0x8000a384 (0xfda41ce3)
core   0: 0x8000a35c (0xcea283b7) lui     t2, 0xcea28
core   0: 3 0x8000a35c (0xcea283b7) x 7 0xcea28000
core   0: 0x8000a360 (0x0000100f) fence.i
core   0: 3 0x8000a360 (0x0000100f)
core   0: 0x8000a364 (0x00140413) addi    s0, s0, 1
core   0: 3 0x8000a364 (0x00140413) x 8 0x0000000e
core   0: 0x8000a368 (0x00a00693) li      a3, 10
core   0: 3 0x8000a368 (0x00a00693) x13 0x0000000a
core   0: 0x8000a36c (0x00a00f13) li      t5, 10
core   0: 3 0x8000a36c (0x00a00f13) x30 0x0000000a
core   0: 0x8000a370 (0x00a614b3) sll     s1, a2, a0
core   0: 3 0x8000a370 (0x00a614b3) x 9 0x0024e340
core   0: 0x8000a374 (0x01a07833) and     a6, zero, s10
core   0: 3 0x8000a374 (0x01a07833) x16 0x00000000
core   0: 0x8000a378 (0xff768693) addi    a3, a3, -9
core   0: 3 0x8000a378 (0xff768693) x13 0x00000001
core   0: 0x8000a37c (0x015d1193) slli    gp, s10, 21
core   0: 3 0x8000a37c (0x015d1193) x 3 0x02200000
core   0: 0x8000a380 (0xffe6fae3) bgeu    a3, t5, pc - 12
core   0: 3 0x8000a380 (0xffe6fae3)
core   0: 0x8000a384 (0xfda41ce3) bne     s0, s10, pc - 40
core   0: 3 0x8000a384 (0xfda41ce3)
core   0: 0x8000a35c (0xcea283b7) lui     t2, 0xcea28
core   0: 3 0x8000a35c (0xcea283b7) x 7 0xcea28000
core   0: 0x8000a360 (0x0000100f) fence.i
core   0: 3 0x8000a360 (0x0000100f)
core   0: 0x8000a364 (0x00140413) addi    s0, s0, 1
core   0: 3 0x8000a364 (0x00140413) x 8 0x0000000f
core   0: 0x8000a368 (0x00a00693) li      a3, 10
core   0: 3 0x8000a368 (0x00a00693) x13 0x0000000a
core   0: 0x8000a36c (0x00a00f13) li      t5, 10
core   0: 3 0x8000a36c (0x00a00f13) x30 0x0000000a
core   0: 0x8000a370 (0x00a614b3) sll     s1, a2, a0
core   0: 3 0x8000a370 (0x00a614b3) x 9 0x0024e340
core   0: 0x8000a374 (0x01a07833) and     a6, zero, s10
core   0: 3 0x8000a374 (0x01a07833) x16 0x00000000
core   0: 0x8000a378 (0xff768693) addi    a3, a3, -9
core   0: 3 0x8000a378 (0xff768693) x13 0x00000001
core   0: 0x8000a37c (0x015d1193) slli    gp, s10, 21
core   0: 3 0x8000a37c (0x015d1193) x 3 0x02200000
core   0: 0x8000a380 (0xffe6fae3) bgeu    a3, t5, pc - 12
core   0: 3 0x8000a380 (0xffe6fae3)
core   0: 0x8000a384 (0xfda41ce3) bne     s0, s10, pc - 40
core   0: 3 0x8000a384 (0xfda41ce3)
core   0: 0x8000a35c (0xcea283b7) lui     t2, 0xcea28
core   0: 3 0x8000a35c (0xcea283b7) x 7 0xcea28000
core   0: 0x8000a360 (0x0000100f) fence.i
core   0: 3 0x8000a360 (0x0000100f)
core   0: 0x8000a364 (0x00140413) addi    s0, s0, 1
core   0: 3 0x8000a364 (0x00140413) x 8 0x00000010
core   0: 0x8000a368 (0x00a00693) li      a3, 10
core   0: 3 0x8000a368 (0x00a00693) x13 0x0000000a
core   0: 0x8000a36c (0x00a00f13) li      t5, 10
core   0: 3 0x8000a36c (0x00a00f13) x30 0x0000000a
core   0: 0x8000a370 (0x00a614b3) sll     s1, a2, a0
core   0: 3 0x8000a370 (0x00a614b3) x 9 0x0024e340
core   0: 0x8000a374 (0x01a07833) and     a6, zero, s10
core   0: 3 0x8000a374 (0x01a07833) x16 0x00000000
core   0: 0x8000a378 (0xff768693) addi    a3, a3, -9
core   0: 3 0x8000a378 (0xff768693) x13 0x00000001
core   0: 0x8000a37c (0x015d1193) slli    gp, s10, 21
core   0: 3 0x8000a37c (0x015d1193) x 3 0x02200000
core   0: 0x8000a380 (0xffe6fae3) bgeu    a3, t5, pc - 12
core   0: 3 0x8000a380 (0xffe6fae3)
core   0: 0x8000a384 (0xfda41ce3) bne     s0, s10, pc - 40
core   0: 3 0x8000a384 (0xfda41ce3)
core   0: 0x8000a35c (0xcea283b7) lui     t2, 0xcea28
core   0: 3 0x8000a35c (0xcea283b7) x 7 0xcea28000
core   0: 0x8000a360 (0x0000100f) fence.i
core   0: 3 0x8000a360 (0x0000100f)
core   0: 0x8000a364 (0x00140413) addi    s0, s0, 1
core   0: 3 0x8000a364 (0x00140413) x 8 0x00000011
core   0: 0x8000a368 (0x00a00693) li      a3, 10
core   0: 3 0x8000a368 (0x00a00693) x13 0x0000000a
core   0: 0x8000a36c (0x00a00f13) li      t5, 10
core   0: 3 0x8000a36c (0x00a00f13) x30 0x0000000a
core   0: 0x8000a370 (0x00a614b3) sll     s1, a2, a0
core   0: 3 0x8000a370 (0x00a614b3) x 9 0x0024e340
core   0: 0x8000a374 (0x01a07833) and     a6, zero, s10
core   0: 3 0x8000a374 (0x01a07833) x16 0x00000000
core   0: 0x8000a378 (0xff768693) addi    a3, a3, -9
core   0: 3 0x8000a378 (0xff768693) x13 0x00000001
core   0: 0x8000a37c (0x015d1193) slli    gp, s10, 21
core   0: 3 0x8000a37c (0x015d1193) x 3 0x02200000
core   0: 0x8000a380 (0xffe6fae3) bgeu    a3, t5, pc - 12
core   0: 3 0x8000a380 (0xffe6fae3)
core   0: 0x8000a384 (0xfda41ce3) bne     s0, s10, pc - 40
core   0: 3 0x8000a384 (0xfda41ce3)
core   0: 0x8000a388 (0xafc27193) andi    gp, tp, -1284
core   0: 3 0x8000a388 (0xafc27193) x 3 0xfffffaec
core   0: 0x8000a38c (0x01e8d233) srl     tp, a7, t5
core   0: 3 0x8000a38c (0x01e8d233) x 4 0x00000000
core   0: 0x8000a390 (0x6a350513) addi    a0, a0, 1699
core   0: 3 0x8000a390 (0x6a350513) x10 0xd7352987
core   0: 0x8000a394 (0x00a174b3) and     s1, sp, a0
core   0: 3 0x8000a394 (0x00a174b3) x 9 0x80000884
core   0: 0x8000a398 (0x0ff0000f) fence   iorw,iorw
core   0: 3 0x8000a398 (0x0ff0000f)
core   0: 0x8000a39c (0x03b81263) bne     a6, s11, pc + 36
core   0: 3 0x8000a39c (0x03b81263)
core   0: 0x8000a3a0 (0x013f8e33) add     t3, t6, s3
core   0: 3 0x8000a3a0 (0x013f8e33) x28 0xfffff11c
core   0: 0x8000a3a4 (0x01469293) slli    t0, a3, 20
core   0: 3 0x8000a3a4 (0x01469293) x 5 0x00100000
core   0: 0x8000a3a8 (0xaed1d317) auipc   t1, 0xaed1d
core   0: 3 0x8000a3a8 (0xaed1d317) x 6 0x2ed273a8
core   0: 0x8000a3ac (0x01875e13) srli    t3, a4, 24
core   0: 3 0x8000a3ac (0x01875e13) x28 0x00000000
core   0: 0x8000a3b0 (0x045ae263) bltu    s5, t0, pc + 68
core   0: 3 0x8000a3b0 (0x045ae263)
core   0: 0x8000a3f4 (0x01162933) slt     s2, a2, a7
core   0: 3 0x8000a3f4 (0x01162933) x18 0x00000001
core   0: 0x8000a3f8 (0x01f66933) or      s2, a2, t6
core   0: 3 0x8000a3f8 (0x01f66933) x18 0x80024e34
core   0: 0x8000a3fc (0x00000013) nop
core   0: 3 0x8000a3fc (0x00000013)
core   0: 0x8000a400 (0x327a1197) auipc   gp, 0x327a1
core   0: 3 0x8000a400 (0x327a1197) x 3 0xb27ab400
core   0: 0x8000a404 (0x40835c93) srai    s9, t1, 8
core   0: 3 0x8000a404 (0x40835c93) x25 0x002ed273
core   0: 0x8000a408 (0x41c1deb3) sra     t4, gp, t3
core   0: 3 0x8000a408 (0x41c1deb3) x29 0xb27ab400
core   0: 0x8000a40c (0x19c87197) auipc   gp, 0x19c87
core   0: 3 0x8000a40c (0x19c87197) x 3 0x99c9140c
core   0: 0x8000a410 (0x0ff0000f) fence   iorw,iorw
core   0: 3 0x8000a410 (0x0ff0000f)
core   0: 0x8000a414 (0x34bcd737) lui     a4, 0x34bcd
core   0: 3 0x8000a414 (0x34bcd737) x14 0x34bcd000
core   0: 0x8000a418 (0x40eb5c33) sra     s8, s6, a4
core   0: 3 0x8000a418 (0x40eb5c33) x24 0xffffffff
core   0: 0x8000a41c (0x014f1993) slli    s3, t5, 20
core   0: 3 0x8000a41c (0x014f1993) x19 0x00a00000
core   0: 0x8000a420 (0x40e35533) sra     a0, t1, a4
core   0: 3 0x8000a420 (0x40e35533) x10 0x2ed273a8
core   0: 0x8000a424 (0x02f00863) beq     zero, a5, pc + 48
core   0: 3 0x8000a424 (0x02f00863)
core   0: 0x8000a454 (0x32f48a37) lui     s4, 0x32f48
core   0: 3 0x8000a454 (0x32f48a37) x20 0x32f48000
core   0: 0x8000a458 (0x0484c063) blt     s1, s0, pc + 64
core   0: 3 0x8000a458 (0x0484c063)
core   0: 0x8000a498 (0x000c8db3) add     s11, s9, zero
core   0: 3 0x8000a498 (0x000c8db3) x27 0x002ed273
core   0: 0x8000a49c (0x1fb4ff93) andi    t6, s1, 507
core   0: 3 0x8000a49c (0x1fb4ff93) x31 0x00000080
core   0: 0x8000a4a0 (0x002af663) bgeu    s5, sp, pc + 12
core   0: 3 0x8000a4a0 (0x002af663)
core   0: 0x8000a4a4 (0x01189033) sll     zero, a7, a7
core   0: 3 0x8000a4a4 (0x01189033)
core   0: 0x8000a4a8 (0x94cd6e93) ori     t4, s10, -1716
core   0: 3 0x8000a4a8 (0x94cd6e93) x29 0xfffff95d
core   0: 0x8000a4ac (0x4106d8b3) sra     a7, a3, a6
core   0: 3 0x8000a4ac (0x4106d8b3) x17 0x00000001
core   0: 0x8000a4b0 (0x016eb3b3) sltu    t2, t4, s6
core   0: 3 0x8000a4b0 (0x016eb3b3) x 7 0x00000001
core   0: 0x8000a4b4 (0xb2f98a93) addi    s5, s3, -1233
core   0: 3 0x8000a4b4 (0xb2f98a93) x21 0x009ffb2f
core   0: 0x8000a4b8 (0x00aadeb3) srl     t4, s5, a0
core   0: 3 0x8000a4b8 (0x00aadeb3) x29 0x00009ffb
core   0: 0x8000a4bc (0x9f4f8e93) addi    t4, t6, -1548
core   0: 3 0x8000a4bc (0x9f4f8e93) x29 0xfffffa74
core   0: 0x8000a4c0 (0x014d2033) slt     zero, s10, s4
core   0: 3 0x8000a4c0 (0x014d2033)
core   0: 0x8000a4c4 (0x035ec663) blt     t4, s5, pc + 44
core   0: 3 0x8000a4c4 (0x035ec663)
core   0: 0x8000a4f0 (0x00872d33) slt     s10, a4, s0
core   0: 3 0x8000a4f0 (0x00872d33) x26 0x00000000
core   0: 0x8000a4f4 (0xcd8a8a93) addi    s5, s5, -808
core   0: 3 0x8000a4f4 (0xcd8a8a93) x21 0x009ff807
core   0: 0x8000a4f8 (0xd44a3313) sltiu   t1, s4, -700
core   0: 3 0x8000a4f8 (0xd44a3313) x 6 0x00000001
core   0: 0x8000a4fc (0x00000013) nop
core   0: 3 0x8000a4fc (0x00000013)
core   0: 0x8000a500 (0x049f8463) beq     t6, s1, pc + 72
core   0: 3 0x8000a500 (0x049f8463)
core   0: 0x8000a504 (0x55037193) andi    gp, t1, 1360
core   0: 3 0x8000a504 (0x55037193) x 3 0x00000000
core   0: 0x8000a508 (0x05156663) bltu    a0, a7, pc + 76
core   0: 3 0x8000a508 (0x05156663)
core   0: 0x8000a50c (0x5c424fb7) lui     t6, 0x5c424
core   0: 3 0x8000a50c (0x5c424fb7) x31 0x5c424000
core   0: 0x8000a510 (0x0137cb33) xor     s6, a5, s3
core   0: 3 0x8000a510 (0x0137cb33) x22 0x00a00000
core   0: 0x8000a514 (0x0261c463) blt     gp, t1, pc + 40
core   0: 3 0x8000a514 (0x0261c463)
core   0: 0x8000a53c (0x005403b3) add     t2, s0, t0
core   0: 3 0x8000a53c (0x005403b3) x 7 0x00100011
core   0: 0x8000a540 (0x00fb5e63) bge     s6, a5, pc + 28
core   0: 3 0x8000a540 (0x00fb5e63)
core   0: 0x8000a55c (0x036f1663) bne     t5, s6, pc + 44
core   0: 3 0x8000a55c (0x036f1663)
core   0: 0x8000a588 (0x0202e063) bltu    t0, zero, pc + 32
core   0: 3 0x8000a588 (0x0202e063)
core   0: 0x8000a58c (0x1a045a37) lui     s4, 0x1a045
core   0: 3 0x8000a58c (0x1a045a37) x20 0x1a045000
core   0: 0x8000a590 (0x02657a63) bgeu    a0, t1, pc + 52
core   0: 3 0x8000a590 (0x02657a63)
core   0: 0x8000a5c4 (0x00960f33) add     t5, a2, s1
core   0: 3 0x8000a5c4 (0x00960f33) x30 0x000256b8
core   0: 0x8000a5c8 (0x01a25cb3) srl     s9, tp, s10
core   0: 3 0x8000a5c8 (0x01a25cb3) x25 0x00000000
core   0: 0x8000a5cc (0x6e838e13) addi    t3, t2, 1768
core   0: 3 0x8000a5cc (0x6e838e13) x28 0x001006f9
core   0: 0x8000a5d0 (0x2b7cc793) xori    a5, s9, 695
core   0: 3 0x8000a5d0 (0x2b7cc793) x15 0x000002b7
core   0: 0x8000a5d4 (0x0599d263) bge     s3, s9, pc + 68
core   0: 3 0x8000a5d4 (0x0599d263)
core   0: 0x8000a618 (0x04447063) bgeu    s0, tp, pc + 64
core   0: 3 0x8000a618 (0x04447063)
core   0: 0x8000a658 (0xacd18997) auipc   s3, 0xacd18
core   0: 3 0x8000a658 (0xacd18997) x19 0x2cd22658
core   0: 0x8000a65c (0x3bcfc213) xori    tp, t6, 956
core   0: 3 0x8000a65c (0x3bcfc213) x 4 0x5c4243bc
core   0: 0x8000a660 (0x018fac33) slt     s8, t6, s8
core   0: 3 0x8000a660 (0x018fac33) x24 0x00000000
core   0: 0x8000a664 (0x02504e63) blt     zero, t0, pc + 60
core   0: 3 0x8000a664 (0x02504e63)
core   0: 0x8000a6a0 (0x01c38cb3) add     s9, t2, t3
core   0: 3 0x8000a6a0 (0x01c38cb3) x25 0x0020070a
core   0: 0x8000a6a4 (0x0000100f) fence.i
core   0: 3 0x8000a6a4 (0x0000100f)
core   0: 0x8000a6a8 (0x59b5c697) auipc   a3, 0x59b5c
core   0: 3 0x8000a6a8 (0x59b5c697) x13 0xd9b666a8
core   0: 0x8000a6ac (0x6a7e2b13) slti    s6, t3, 1703
core   0: 3 0x8000a6ac (0x6a7e2b13) x22 0x00000000
core   0: 0x8000a6b0 (0x3ac96913) ori     s2, s2, 940
core   0: 3 0x8000a6b0 (0x3ac96913) x18 0x80024fbc
core   0: 0x8000a6b4 (0xa9184993) xori    s3, a6, -1391
core   0: 3 0x8000a6b4 (0xa9184993) x19 0xfffffa91
core   0: 0x8000a6b8 (0x017da033) slt     zero, s11, s7
core   0: 3 0x8000a6b8 (0x017da033)
core   0: 0x8000a6bc (0x01adfb33) and     s6, s11, s10
core   0: 3 0x8000a6bc (0x01adfb33) x22 0x00000000
core   0: 0x8000a6c0 (0x00e7f333) and     t1, a5, a4
core   0: 3 0x8000a6c0 (0x00e7f333) x 6 0x00000000
core   0: 0x8000a6c4 (0x005c1913) slli    s2, s8, 5
core   0: 3 0x8000a6c4 (0x005c1913) x18 0x00000000
core   0: 0x8000a6c8 (0x003781b3) add     gp, a5, gp
core   0: 3 0x8000a6c8 (0x003781b3) x 3 0x000002b7
core   0: 0x8000a6cc (0x01b61a33) sll     s4, a2, s11
core   0: 3 0x8000a6cc (0x01b61a33) x20 0x71a00000
core   0: 0x8000a6d0 (0x1fe32b13) slti    s6, t1, 510
core   0: 3 0x8000a6d0 (0x1fe32b13) x22 0x00000001
core   0: 0x8000a6d4 (0x41bbdc13) srai    s8, s7, 27
core   0: 3 0x8000a6d4 (0x41bbdc13) x24 0xffffffff
core   0: 0x8000a6d8 (0x002b16b3) sll     a3, s6, sp
core   0: 3 0x8000a6d8 (0x002b16b3) x13 0x00000010
core   0: 0x8000a6dc (0xe2420993) addi    s3, tp, -476
core   0: 3 0x8000a6dc (0xe2420993) x19 0x5c4241e0
core   0: 0x8000a6e0 (0x00b9dd93) srli    s11, s3, 11
core   0: 3 0x8000a6e0 (0x00b9dd93) x27 0x000b8848
core   0: 0x8000a6e4 (0xf1f27097) auipc   ra, 0xf1f27
core   0: 3 0x8000a6e4 (0xf1f27097) x 1 0x71f316e4
core   0: 0x8000a6e8 (0x03e8c663) blt     a7, t5, pc + 44
core   0: 3 0x8000a6e8 (0x03e8c663)
core   0: 0x8000a714 (0xd8847413) andi    s0, s0, -632
core   0: 3 0x8000a714 (0xd8847413) x 8 0x00000000
core   0: 0x8000a718 (0x03f80463) beq     a6, t6, pc + 40
core   0: 3 0x8000a718 (0x03f80463)
core   0: 0x8000a71c (0x40285893) srai    a7, a6, 2
core   0: 3 0x8000a71c (0x40285893) x17 0x00000000
core   0: 0x8000a720 (0x40bf52b3) sra     t0, t5, a1
core   0: 3 0x8000a720 (0x40bf52b3) x 5 0x000256b8
core   0: 0x8000a724 (0x93dfec93) ori     s9, t6, -1731
core   0: 3 0x8000a724 (0x93dfec93) x25 0xfffff93d
core   0: 0x8000a728 (0x003b1e33) sll     t3, s6, gp
core   0: 3 0x8000a728 (0x003b1e33) x28 0x00800000
core   0: 0x8000a72c (0x03c7d063) bge     a5, t3, pc + 32
core   0: 3 0x8000a72c (0x03c7d063)
core   0: 0x8000a730 (0x009d89b3) add     s3, s11, s1
core   0: 3 0x8000a730 (0x009d89b3) x19 0x800b90cc
core   0: 0x8000a734 (0x01434a63) blt     t1, s4, pc + 20
core   0: 3 0x8000a734 (0x01434a63)
core   0: 0x8000a748 (0x3736e093) ori     ra, a3, 883
core   0: 3 0x8000a748 (0x3736e093) x 1 0x00000373
core   0: 0x8000a74c (0x64b0eeb7) lui     t4, 0x64b0e
core   0: 3 0x8000a74c (0x64b0eeb7) x29 0x64b0e000
core   0: 0x8000a750 (0x01203fb3) snez    t6, s2
core   0: 3 0x8000a750 (0x01203fb3) x31 0x00000000
core   0: 0x8000a754 (0x00960533) add     a0, a2, s1
core   0: 3 0x8000a754 (0x00960533) x10 0x000256b8
core   0: 0x8000a758 (0x441a4b13) xori    s6, s4, 1089
core   0: 3 0x8000a758 (0x441a4b13) x22 0x71a00441
core   0: 0x8000a75c (0x0383c463) blt     t2, s8, pc + 40
core   0: 3 0x8000a75c (0x0383c463)
core   0: 0x8000a760 (0x012f1b93) slli    s7, t5, 18
core   0: 3 0x8000a760 (0x012f1b93) x23 0x5ae00000
core   0: 0x8000a764 (0x04c61463) bne     a2, a2, pc + 72
core   0: 3 0x8000a764 (0x04c61463)
core   0: 0x8000a768 (0xc41fa993) slti    s3, t6, -959
core   0: 3 0x8000a768 (0xc41fa993) x19 0x00000000
core   0: 0x8000a76c (0x03994663) blt     s2, s9, pc + 44
core   0: 3 0x8000a76c (0x03994663)
core   0: 0x8000a770 (0x00487463) bgeu    a6, tp, pc + 8
core   0: 3 0x8000a770 (0x00487463)
core   0: 0x8000a774 (0x40e9d413) srai    s0, s3, 14
core   0: 3 0x8000a774 (0x40e9d413) x 8 0x00000000
core   0: 0x8000a778 (0xe3506513) ori     a0, zero, -459
core   0: 3 0x8000a778 (0xe3506513) x10 0xfffffe35
core   0: 0x8000a77c (0x00a6e4b3) or      s1, a3, a0
core   0: 3 0x8000a77c (0x00a6e4b3) x 9 0xfffffe35
core   0: 0x8000a780 (0x40565333) sra     t1, a2, t0
core   0: 3 0x8000a780 (0x40565333) x 6 0xffffff80
core   0: 0x8000a784 (0x01022ab3) slt     s5, tp, a6
core   0: 3 0x8000a784 (0x01022ab3) x21 0x00000000
core   0: 0x8000a788 (0x015c6263) bltu    s8, s5, pc + 4
core   0: 3 0x8000a788 (0x015c6263)
core   0: 0x8000a78c (0x40ffd733) sra     a4, t6, a5
core   0: 3 0x8000a78c (0x40ffd733) x14 0x00000000
core   0: 0x8000a790 (0xeff72493) slti    s1, a4, -257
core   0: 3 0x8000a790 (0xeff72493) x 9 0x00000000
core   0: 0x8000a794 (0x00b0edb3) or      s11, ra, a1
core   0: 3 0x8000a794 (0x00b0edb3) x27 0x80000373
core   0: 0x8000a798 (0x00300c63) beq     zero, gp, pc + 24
core   0: 3 0x8000a798 (0x00300c63)
core   0: 0x8000a79c (0x012f1a63) bne     t5, s2, pc + 20
core   0: 3 0x8000a79c (0x012f1a63)
core   0: 0x8000a7b0 (0x0d9b7793) andi    a5, s6, 217
core   0: 3 0x8000a7b0 (0x0d9b7793) x15 0x00000041
core   0: 0x8000a7b4 (0x0029dab3) srl     s5, s3, sp
core   0: 3 0x8000a7b4 (0x0029dab3) x21 0x00000000
core   0: 0x8000a7b8 (0x4c669497) auipc   s1, 0x4c669
core   0: 3 0x8000a7b8 (0x4c669497) x 9 0xcc6737b8
core   0: 0x8000a7bc (0x4c122013) slti    zero, tp, 1217
core   0: 3 0x8000a7bc (0x4c122013)
core   0: 0x8000a7c0 (0x482ad1b7) lui     gp, 0x482ad
core   0: 3 0x8000a7c0 (0x482ad1b7) x 3 0x482ad000
core   0: 0x8000a7c4 (0xff700713) li      a4, -9
core   0: 3 0x8000a7c4 (0xff700713) x14 0xfffffff7
core   0: 0x8000a7c8 (0x0000100f) fence.i
core   0: 3 0x8000a7c8 (0x0000100f)
core   0: 0x8000a7cc (0x00d7eeb3) or      t4, a5, a3
core   0: 3 0x8000a7cc (0x00d7eeb3) x29 0x00000051
core   0: 0x8000a7d0 (0x00100313) li      t1, 1
core   0: 3 0x8000a7d0 (0x00100313) x 6 0x00000001
core   0: 0x8000a7d4 (0x41d95393) srai    t2, s2, 29
core   0: 3 0x8000a7d4 (0x41d95393) x 7 0x00000000
core   0: 0x8000a7d8 (0x0121d9b3) srl     s3, gp, s2
core   0: 3 0x8000a7d8 (0x0121d9b3) x19 0x482ad000
core   0: 0x8000a7dc (0x4159d393) srai    t2, s3, 21
core   0: 3 0x8000a7dc (0x4159d393) x 7 0x00000241
core   0: 0x8000a7e0 (0x25138d93) addi    s11, t2, 593
core   0: 3 0x8000a7e0 (0x25138d93) x27 0x00000492
core   0: 0x8000a7e4 (0x00000013) nop
core   0: 3 0x8000a7e4 (0x00000013)
core   0: 0x8000a7e8 (0x01401893) slli    a7, zero, 20
core   0: 3 0x8000a7e8 (0x01401893) x17 0x00000000
core   0: 0x8000a7ec (0x8793a213) slti    tp, t2, -1927
core   0: 3 0x8000a7ec (0x8793a213) x 4 0x00000000
core   0: 0x8000a7f0 (0x0ff0000f) fence   iorw,iorw
core   0: 3 0x8000a7f0 (0x0ff0000f)
core   0: 0x8000a7f4 (0x95468413) addi    s0, a3, -1708
core   0: 3 0x8000a7f4 (0x95468413) x 8 0xfffff964
core   0: 0x8000a7f8 (0x0113f1b3) and     gp, t2, a7
core   0: 3 0x8000a7f8 (0x0113f1b3) x 3 0x00000000
core   0: 0x8000a7fc (0x0000d213) srli    tp, ra, 0
core   0: 3 0x8000a7fc (0x0000d213) x 4 0x00000373
core   0: 0x8000a800 (0x017baa33) slt     s4, s7, s7
core   0: 3 0x8000a800 (0x017baa33) x20 0x00000000
core   0: 0x8000a804 (0x0113ebb3) or      s7, t2, a7
core   0: 3 0x8000a804 (0x0113ebb3) x23 0x00000241
core   0: 0x8000a808 (0x00870713) addi    a4, a4, 8
core   0: 3 0x8000a808 (0x00870713) x14 0xffffffff
core   0: 0x8000a80c (0xe0eb99b7) lui     s3, 0xe0eb9
core   0: 3 0x8000a80c (0xe0eb99b7) x19 0xe0eb9000
core   0: 0x8000a810 (0xc8d10fb7) lui     t6, 0xc8d10
core   0: 3 0x8000a810 (0xc8d10fb7) x31 0xc8d10000
core   0: 0x8000a814 (0x012fd693) srli    a3, t6, 18
core   0: 3 0x8000a814 (0x012fd693) x13 0x00003234
core   0: 0x8000a818 (0x01359db3) sll     s11, a1, s3
core   0: 3 0x8000a818 (0x01359db3) x27 0x80000000
core   0: 0x8000a81c (0xa2e6a693) slti    a3, a3, -1490
core   0: 3 0x8000a81c (0xa2e6a693) x13 0x00000000
core   0: 0x8000a820 (0xfc6742e3) blt     a4, t1, pc - 60
core   0: 3 0x8000a820 (0xfc6742e3)
core   0: 0x8000a7e4 (0x00000013) nop
core   0: 3 0x8000a7e4 (0x00000013)
core   0: 0x8000a7e8 (0x01401893) slli    a7, zero, 20
core   0: 3 0x8000a7e8 (0x01401893) x17 0x00000000
core   0: 0x8000a7ec (0x8793a213) slti    tp, t2, -1927
core   0: 3 0x8000a7ec (0x8793a213) x 4 0x00000000
core   0: 0x8000a7f0 (0x0ff0000f) fence   iorw,iorw
core   0: 3 0x8000a7f0 (0x0ff0000f)
core   0: 0x8000a7f4 (0x95468413) addi    s0, a3, -1708
core   0: 3 0x8000a7f4 (0x95468413) x 8 0xfffff954
core   0: 0x8000a7f8 (0x0113f1b3) and     gp, t2, a7
core   0: 3 0x8000a7f8 (0x0113f1b3) x 3 0x00000000
core   0: 0x8000a7fc (0x0000d213) srli    tp, ra, 0
core   0: 3 0x8000a7fc (0x0000d213) x 4 0x00000373
core   0: 0x8000a800 (0x017baa33) slt     s4, s7, s7
core   0: 3 0x8000a800 (0x017baa33) x20 0x00000000
core   0: 0x8000a804 (0x0113ebb3) or      s7, t2, a7
core   0: 3 0x8000a804 (0x0113ebb3) x23 0x00000241
core   0: 0x8000a808 (0x00870713) addi    a4, a4, 8
core   0: 3 0x8000a808 (0x00870713) x14 0x00000007
core   0: 0x8000a80c (0xe0eb99b7) lui     s3, 0xe0eb9
core   0: 3 0x8000a80c (0xe0eb99b7) x19 0xe0eb9000
core   0: 0x8000a810 (0xc8d10fb7) lui     t6, 0xc8d10
core   0: 3 0x8000a810 (0xc8d10fb7) x31 0xc8d10000
core   0: 0x8000a814 (0x012fd693) srli    a3, t6, 18
core   0: 3 0x8000a814 (0x012fd693) x13 0x00003234
core   0: 0x8000a818 (0x01359db3) sll     s11, a1, s3
core   0: 3 0x8000a818 (0x01359db3) x27 0x80000000
core   0: 0x8000a81c (0xa2e6a693) slti    a3, a3, -1490
core   0: 3 0x8000a81c (0xa2e6a693) x13 0x00000000
core   0: 0x8000a820 (0xfc6742e3) blt     a4, t1, pc - 60
core   0: 3 0x8000a820 (0xfc6742e3)
core   0: 0x8000a824 (0x01ea77b3) and     a5, s4, t5
core   0: 3 0x8000a824 (0x01ea77b3) x15 0x00000000
core   0: 0x8000a828 (0x82b26e13) ori     t3, tp, -2005
core   0: 3 0x8000a828 (0x82b26e13) x28 0xfffffb7b
core   0: 0x8000a82c (0xb49f0013) addi    zero, t5, -1207
core   0: 3 0x8000a82c (0xb49f0013)
core   0: 0x8000a830 (0x00f35393) srli    t2, t1, 15
core   0: 3 0x8000a830 (0x00f35393) x 7 0x00000000
core   0: 0x8000a834 (0x0113beb3) sltu    t4, t2, a7
core   0: 3 0x8000a834 (0x0113beb3) x29 0x00000000
core   0: 0x8000a838 (0x01e2e0b3) or      ra, t0, t5
core   0: 3 0x8000a838 (0x01e2e0b3) x 1 0x000256b8
core   0: 0x8000a83c (0x413e5b93) srai    s7, t3, 19
core   0: 3 0x8000a83c (0x413e5b93) x23 0xffffffff
core   0: 0x8000a840 (0x51e7c293) xori    t0, a5, 1310
core   0: 3 0x8000a840 (0x51e7c293) x 5 0x0000051e
core   0: 0x8000a844 (0xdcefe513) ori     a0, t6, -562
core   0: 3 0x8000a844 (0xdcefe513) x10 0xfffffdce
core   0: 0x8000a848 (0x0027de13) srli    t3, a5, 2
core   0: 3 0x8000a848 (0x0027de13) x28 0x00000000
core   0: 0x8000a84c (0x00000013) nop
core   0: 3 0x8000a84c (0x00000013)
core   0: 0x8000a850 (0x71dc3b93) sltiu   s7, s8, 1821
core   0: 3 0x8000a850 (0x71dc3b93) x23 0x00000000
core   0: 0x8000a854 (0x01840833) add     a6, s0, s8
core   0: 3 0x8000a854 (0x01840833) x16 0xfffff953
core   0: 0x8000a858 (0x0010ca63) blt     ra, ra, pc + 20
core   0: 3 0x8000a858 (0x0010ca63)
core   0: 0x8000a85c (0x0345c663) blt     a1, s4, pc + 44
core   0: 3 0x8000a85c (0x0345c663)
core   0: 0x8000a888 (0x02556063) bltu    a0, t0, pc + 32
core   0: 3 0x8000a888 (0x02556063)
core   0: 0x8000a88c (0x39e9c813) xori    a6, s3, 926
core   0: 3 0x8000a88c (0x39e9c813) x16 0xe0eb939e
core   0: 0x8000a890 (0x00cb5b13) srli    s6, s6, 12
core   0: 3 0x8000a890 (0x00cb5b13) x22 0x00071a00
core   0: 0x8000a894 (0x41cfd293) srai    t0, t6, 28
core   0: 3 0x8000a894 (0x41cfd293) x 5 0xfffffffc
core   0: 0x8000a898 (0x41ff0833) sub     a6, t5, t6
core   0: 3 0x8000a898 (0x41ff0833) x16 0x373156b8
core   0: 0x8000a89c (0x01fc83b3) add     t2, s9, t6
core   0: 3 0x8000a89c (0x01fc83b3) x 7 0xc8d0f93d
core   0: 0x8000a8a0 (0x00427f33) and     t5, tp, tp
core   0: 3 0x8000a8a0 (0x00427f33) x30 0x00000373
core   0: 0x8000a8a4 (0x01928a63) beq     t0, s9, pc + 20
core   0: 3 0x8000a8a4 (0x01928a63)
core   0: 0x8000a8a8 (0x01b05d93) srli    s11, zero, 27
core   0: 3 0x8000a8a8 (0x01b05d93) x27 0x00000000
core   0: 0x8000a8ac (0x00d60463) beq     a2, a3, pc + 8
core   0: 3 0x8000a8ac (0x00d60463)
core   0: 0x8000a8b0 (0x00f80e63) beq     a6, a5, pc + 28
core   0: 3 0x8000a8b0 (0x00f80e63)
core   0: 0x8000a8b4 (0x00061c13) slli    s8, a2, 0
core   0: 3 0x8000a8b4 (0x00061c13) x24 0x80024e34
core   0: 0x8000a8b8 (0x0000100f) fence.i
core   0: 3 0x8000a8b8 (0x0000100f)
core   0: 0x8000a8bc (0x7dd8c693) xori    a3, a7, 2013
core   0: 3 0x8000a8bc (0x7dd8c693) x13 0x000007dd
core   0: 0x8000a8c0 (0x02b27d93) andi    s11, tp, 43
core   0: 3 0x8000a8c0 (0x02b27d93) x27 0x00000023
core   0: 0x8000a8c4 (0x01861193) slli    gp, a2, 24
core   0: 3 0x8000a8c4 (0x01861193) x 3 0x34000000
core   0: 0x8000a8c8 (0x6c4500b7) lui     ra, 0x6c450
core   0: 3 0x8000a8c8 (0x6c4500b7) x 1 0x6c450000
core   0: 0x8000a8cc (0x0238c663) blt     a7, gp, pc + 44
core   0: 3 0x8000a8cc (0x0238c663)
core   0: 0x8000a8f8 (0x015817b3) sll     a5, a6, s5
core   0: 3 0x8000a8f8 (0x015817b3) x15 0x373156b8
core   0: 0x8000a8fc (0x7d810493) addi    s1, sp, 2008
core   0: 3 0x8000a8fc (0x7d810493) x 9 0x800294bc
core   0: 0x8000a900 (0x012aab33) slt     s6, s5, s2
core   0: 3 0x8000a900 (0x012aab33) x22 0x00000000
core   0: 0x8000a904 (0x01e0d333) srl     t1, ra, t5
core   0: 3 0x8000a904 (0x01e0d333) x 6 0x00000d88
core   0: 0x8000a908 (0x013973b3) and     t2, s2, s3
core   0: 3 0x8000a908 (0x013973b3) x 7 0x00000000
core   0: 0x8000a90c (0x0001fe33) and     t3, gp, zero
core   0: 3 0x8000a90c (0x0001fe33) x28 0x00000000
core   0: 0x8000a910 (0x012cd893) srli    a7, s9, 18
core   0: 3 0x8000a910 (0x012cd893) x17 0x00003fff
core   0: 0x8000a914 (0x161d7813) andi    a6, s10, 353
core   0: 3 0x8000a914 (0x161d7813) x16 0x00000000
core   0: 0x8000a918 (0x01587a63) bgeu    a6, s5, pc + 20
core   0: 3 0x8000a918 (0x01587a63)
core   0: 0x8000a92c (0x006f1bb3) sll     s7, t5, t1
core   0: 3 0x8000a92c (0x006f1bb3) x23 0x00037300
core   0: 0x8000a930 (0x00071db3) sll     s11, a4, zero
core   0: 3 0x8000a930 (0x00071db3) x27 0x00000007
core   0: 0x8000a934 (0x00bc2cb3) slt     s9, s8, a1
core   0: 3 0x8000a934 (0x00bc2cb3) x25 0x00000000
core   0: 0x8000a938 (0x01aecf33) xor     t5, t4, s10
core   0: 3 0x8000a938 (0x01aecf33) x30 0x00000000
core   0: 0x8000a93c (0x677547b7) lui     a5, 0x67754
core   0: 3 0x8000a93c (0x677547b7) x15 0x67754000
core   0: 0x8000a940 (0x8f160413) addi    s0, a2, -1807
core   0: 3 0x8000a940 (0x8f160413) x 8 0x80024725
core   0: 0x8000a944 (0x0062b833) sltu    a6, t0, t1
core   0: 3 0x8000a944 (0x0062b833) x16 0x00000000
core   0: 0x8000a948 (0x43f06b93) ori     s7, zero, 1087
core   0: 3 0x8000a948 (0x43f06b93) x23 0x0000043f
core   0: 0x8000a94c (0x8074b493) sltiu   s1, s1, -2041
core   0: 3 0x8000a94c (0x8074b493) x 9 0x00000001
core   0: 0x8000a950 (0x4b1d3893) sltiu   a7, s10, 1201
core   0: 3 0x8000a950 (0x4b1d3893) x17 0x00000001
core   0: 0x8000a954 (0x36619917) auipc   s2, 0x36619
core   0: 3 0x8000a954 (0x36619917) x18 0xb6623954
core   0: 0x8000a958 (0x00000013) nop
core   0: 3 0x8000a958 (0x00000013)
core   0: 0x8000a95c (0x00000013) nop
core   0: 3 0x8000a95c (0x00000013)
core   0: 0x8000a960 (0x0000100f) fence.i
core   0: 3 0x8000a960 (0x0000100f)
core   0: 0x8000a964 (0x014b6663) bltu    s6, s4, pc + 12
core   0: 3 0x8000a964 (0x014b6663)
core   0: 0x8000a968 (0x01dcd413) srli    s0, s9, 29
core   0: 3 0x8000a968 (0x01dcd413) x 8 0x00000000
core   0: 0x8000a96c (0x4079d533) sra     a0, s3, t2
core   0: 3 0x8000a96c (0x4079d533) x10 0xe0eb9000
core   0: 0x8000a970 (0x49380f13) addi    t5, a6, 1171
core   0: 3 0x8000a970 (0x49380f13) x30 0x00000493
core   0: 0x8000a974 (0x009cf233) and     tp, s9, s1
core   0: 3 0x8000a974 (0x009cf233) x 4 0x00000000
core   0: 0x8000a978 (0x016e6463) bltu    t3, s6, pc + 8
core   0: 3 0x8000a978 (0x016e6463)
core   0: 0x8000a97c (0x006af433) and     s0, s5, t1
core   0: 3 0x8000a97c (0x006af433) x 8 0x00000000
core   0: 0x8000a980 (0x01c2f1b3) and     gp, t0, t3
core   0: 3 0x8000a980 (0x01c2f1b3) x 3 0x00000000
core   0: 0x8000a984 (0x0000100f) fence.i
core   0: 3 0x8000a984 (0x0000100f)
core   0: 0x8000a988 (0x083bb913) sltiu   s2, s7, 131
core   0: 3 0x8000a988 (0x083bb913) x18 0x00000000
core   0: 0x8000a98c (0x11904f13) xori    t5, zero, 281
core   0: 3 0x8000a98c (0x11904f13) x30 0x00000119
core   0: 0x8000a990 (0x29ca7093) andi    ra, s4, 668
core   0: 3 0x8000a990 (0x29ca7093) x 1 0x00000000
core   0: 0x8000a994 (0x03c98e63) beq     s3, t3, pc + 60
core   0: 3 0x8000a994 (0x03c98e63)
core   0: 0x8000a998 (0x345af913) andi    s2, s5, 837
core   0: 3 0x8000a998 (0x345af913) x18 0x00000000
core   0: 0x8000a99c (0x02869663) bne     a3, s0, pc + 44
core   0: 3 0x8000a99c (0x02869663)
core   0: 0x8000a9c8 (0x012931b3) sltu    gp, s2, s2
core   0: 3 0x8000a9c8 (0x012931b3) x 3 0x00000000
core   0: 0x8000a9cc (0x007f1ab3) sll     s5, t5, t2
core   0: 3 0x8000a9cc (0x007f1ab3) x21 0x00000119
core   0: 0x8000a9d0 (0x048ed263) bge     t4, s0, pc + 68
core   0: 3 0x8000a9d0 (0x048ed263)
core   0: 0x8000aa14 (0x01fc24b3) slt     s1, s8, t6
core   0: 3 0x8000aa14 (0x01fc24b3) x 9 0x00000001
core   0: 0x8000aa18 (0x01249f13) slli    t5, s1, 18
core   0: 3 0x8000aa18 (0x01249f13) x30 0x00040000
core   0: 0x8000aa1c (0x013b9c63) bne     s7, s3, pc + 24
core   0: 3 0x8000aa1c (0x013b9c63)
core   0: 0x8000aa34 (0x00eaab33) slt     s6, s5, a4
core   0: 3 0x8000aa34 (0x00eaab33) x22 0x00000000
core   0: 0x8000aa38 (0x013f4333) xor     t1, t5, s3
core   0: 3 0x8000aa38 (0x013f4333) x 6 0xe0ef9000
core   0: 0x8000aa3c (0x00462283) lw      t0, 4(a2)
core   0: 3 0x8000aa3c (0x00462283) x 5 0x80003f18 mem 0x80024e38
core   0: 0x8000aa40 (0x925ff837) lui     a6, 0x925ff
core   0: 3 0x8000aa40 (0x925ff837) x16 0x925ff000
core   0: 0x8000aa44 (0x03060613) addi    a2, a2, 48
core   0: 3 0x8000aa44 (0x03060613) x12 0x80024e64
core   0: 0x8000aa48 (0x01e61ab3) sll     s5, a2, t5
core   0: 3 0x8000aa48 (0x01e61ab3) x21 0x80024e64
core   0: 0x8000aa4c (0x004379b3) and     s3, t1, tp
core   0: 3 0x8000aa4c (0x004379b3) x19 0x00000000
core   0: 0x8000aa50 (0xe9ed7093) andi    ra, s10, -354
core   0: 3 0x8000aa50 (0xe9ed7093) x 1 0x00000000
core   0: 0x8000aa54 (0x9626a093) slti    ra, a3, -1694
core   0: 3 0x8000aa54 (0x9626a093) x 1 0x00000000
core   0: 0x8000aa58 (0xc9926f93) ori     t6, tp, -871
core   0: 3 0x8000aa58 (0xc9926f93) x31 0xfffffc99
core   0: 0x8000aa5c (0x405a56b3) sra     a3, s4, t0
core   0: 3 0x8000aa5c (0x405a56b3) x13 0x00000000
core   0: 0x8000aa60 (0x00128d93) addi    s11, t0, 1
core   0: 3 0x8000aa60 (0x00128d93) x27 0x80003f19
core   0: 0x8000aa64 (0x000d8de7) jalr    s11, s11, 0
core   0: 3 0x8000aa64 (0x000d8de7) x27 0x8000aa68
core   0: 0x80003f18 (0x0099d033) srl     zero, s3, s1
core   0: 3 0x80003f18 (0x0099d033)
core   0: 0x80003f1c (0x00db83b3) add     t2, s7, a3
core   0: 3 0x80003f1c (0x00db83b3) x 7 0x0000043f
core   0: 0x80003f20 (0x019ac0b3) xor     ra, s5, s9
core   0: 3 0x80003f20 (0x019ac0b3) x 1 0x80024e64
core   0: 0x80003f24 (0x01d9fab3) and     s5, s3, t4
core   0: 3 0x80003f24 (0x01d9fab3) x21 0x00000000
core   0: 0x80003f28 (0x00b75d93) srli    s11, a4, 11
core   0: 3 0x80003f28 (0x00b75d93) x27 0x00000000
core   0: 0x80003f2c (0x01fe9713) slli    a4, t4, 31
core   0: 3 0x80003f2c (0x01fe9713) x14 0x00000000
core   0: 0x80003f30 (0x05634663) blt     t1, s6, pc + 76
core   0: 3 0x80003f30 (0x05634663)
core   0: 0x80003f7c (0x332bee93) ori     t4, s7, 818
core   0: 3 0x80003f7c (0x332bee93) x29 0x0000073f
core   0: 0x80003f80 (0x01e713b3) sll     t2, a4, t5
core   0: 3 0x80003f80 (0x01e713b3) x 7 0x00000000
core   0: 0x80003f84 (0x00075093) srli    ra, a4, 0
core   0: 3 0x80003f84 (0x00075093) x 1 0x00000000
core   0: 0x80003f88 (0xace1e797) auipc   a5, 0xace1e
core   0: 3 0x80003f88 (0xace1e797) x15 0x2ce21f88
core   0: 0x80003f8c (0x002ae863) bltu    s5, sp, pc + 16
core   0: 3 0x80003f8c (0x002ae863)
core   0: 0x80003f9c (0x84a67d93) andi    s11, a2, -1974
core   0: 3 0x80003f9c (0x84a67d93) x27 0x80024840
core   0: 0x80003fa0 (0x0000100f) fence.i
core   0: 3 0x80003fa0 (0x0000100f)
core   0: 0x80003fa4 (0x008f93b3) sll     t2, t6, s0
core   0: 3 0x80003fa4 (0x008f93b3) x 7 0xfffffc99
core   0: 0x80003fa8 (0x4724ce13) xori    t3, s1, 1138
core   0: 3 0x80003fa8 (0x4724ce13) x28 0x00000473
core   0: 0x80003fac (0x048e5663) bge     t3, s0, pc + 76
core   0: 3 0x80003fac (0x048e5663)
core   0: 0x80003ff8 (0x00a01a63) bne     zero, a0, pc + 20
core   0: 3 0x80003ff8 (0x00a01a63)
core   0: 0x8000400c (0x008f3433) sltu    s0, t5, s0
core   0: 3 0x8000400c (0x008f3433) x 8 0x00000000
core   0: 0x80004010 (0xc0bafd93) andi    s11, s5, -1013
core   0: 3 0x80004010 (0xc0bafd93) x27 0x00000000
core   0: 0x80004014 (0xbc3f8993) addi    s3, t6, -1085
core   0: 3 0x80004014 (0xbc3f8993) x19 0xfffff85c
core   0: 0x80004018 (0xd4ed9917) auipc   s2, 0xd4ed9
core   0: 3 0x80004018 (0xd4ed9917) x18 0x54edd018
core   0: 0x8000401c (0x41cd8a33) sub     s4, s11, t3
core   0: 3 0x8000401c (0x41cd8a33) x20 0xfffffb8d
core   0: 0x80004020 (0x00ed9d13) slli    s10, s11, 14
core   0: 3 0x80004020 (0x00ed9d13) x26 0x00000000
core   0: 0x80004024 (0x258f0037) lui     zero, 0x258f0
core   0: 3 0x80004024 (0x258f0037)
core   0: 0x80004028 (0x40810533) sub     a0, sp, s0
core   0: 3 0x80004028 (0x40810533) x10 0x80028ce4
core   0: 0x8000402c (0x04a2f263) bgeu    t0, a0, pc + 68
core   0: 3 0x8000402c (0x04a2f263)
core   0: 0x80004030 (0x01879e13) slli    t3, a5, 24
core   0: 3 0x80004030 (0x01879e13) x28 0x88000000
core   0: 0x80004034 (0x01587663) bgeu    a6, s5, pc + 12
core   0: 3 0x80004034 (0x01587663)
core   0: 0x80004040 (0x022a9e63) bne     s5, sp, pc + 60
core   0: 3 0x80004040 (0x022a9e63)
core   0: 0x8000407c (0x01b00833) add     a6, zero, s11
core   0: 3 0x8000407c (0x01b00833) x16 0x00000000
core   0: 0x80004080 (0x0114b9b3) sltu    s3, s1, a7
core   0: 3 0x80004080 (0x0114b9b3) x19 0x00000000
core   0: 0x80004084 (0x0ff0000f) fence   iorw,iorw
core   0: 3 0x80004084 (0x0ff0000f)
core   0: 0x80004088 (0x41de8433) sub     s0, t4, t4
core   0: 3 0x80004088 (0x41de8433) x 8 0x00000000
core   0: 0x8000408c (0xa6ed2393) slti    t2, s10, -1426
core   0: 3 0x8000408c (0xa6ed2393) x 7 0x00000000
core   0: 0x80004090 (0x3163b093) sltiu   ra, t2, 790
core   0: 3 0x80004090 (0x3163b093) x 1 0x00000001
core   0: 0x80004094 (0xfc63cd13) xori    s10, t2, -58
core   0: 3 0x80004094 (0xfc63cd13) x26 0xffffffc6
core   0: 0x80004098 (0x00186533) or      a0, a6, ra
core   0: 3 0x80004098 (0x00186533) x10 0x00000001
core   0: 0x8000409c (0xc7d2e893) ori     a7, t0, -899
core   0: 3 0x8000409c (0xc7d2e893) x17 0xffffff7d
core   0: 0x800040a0 (0x05459663) bne     a1, s4, pc + 76
core   0: 3 0x800040a0 (0x05459663)
core   0: 0x800040ec (0x00fe7cb3) and     s9, t3, a5
core   0: 3 0x800040ec (0x00fe7cb3) x25 0x08000000
core   0: 0x800040f0 (0x01db00b3) add     ra, s6, t4
core   0: 3 0x800040f0 (0x01db00b3) x 1 0x0000073f
core   0: 0x800040f4 (0xedfccd93) xori    s11, s9, -289
core   0: 3 0x800040f4 (0xedfccd93) x27 0xf7fffedf
core   0: 0x800040f8 (0x41d1d2b3) sra     t0, gp, t4
core   0: 3 0x800040f8 (0x41d1d2b3) x 5 0x00000000
core   0: 0x800040fc (0x00790733) add     a4, s2, t2
core   0: 3 0x800040fc (0x00790733) x14 0x54edd018
core   0: 0x80004100 (0x67db4413) xori    s0, s6, 1661
core   0: 3 0x80004100 (0x67db4413) x 8 0x0000067d
core   0: 0x80004104 (0x00000013) nop
core   0: 3 0x80004104 (0x00000013)
core   0: 0x80004108 (0x3c937513) andi    a0, t1, 969
core   0: 3 0x80004108 (0x3c937513) x10 0x00000000
core   0: 0x8000410c (0x41cd0833) sub     a6, s10, t3
core   0: 3 0x8000410c (0x41cd0833) x16 0x77ffffc6
core   0: 0x80004110 (0x92e82d93) slti    s11, a6, -1746
core   0: 3 0x80004110 (0x92e82d93) x27 0x00000000
core   0: 0x80004114 (0x68c1e937) lui     s2, 0x68c1e
core   0: 3 0x80004114 (0x68c1e937) x18 0x68c1e000
core   0: 0x80004118 (0x5d6da693) slti    a3, s11, 1494
core   0: 3 0x80004118 (0x5d6da693) x13 0x00000001
core   0: 0x8000411c (0x4159d0b3) sra     ra, s3, s5
core   0: 3 0x8000411c (0x4159d0b3) x 1 0x00000000
core   0: 0x80004120 (0x01479463) bne     a5, s4, pc + 8
core   0: 3 0x80004120 (0x01479463)
core   0: 0x80004128 (0x0245d263) bge     a1, tp, pc + 36
core   0: 3 0x80004128 (0x0245d263)
core   0: 0x8000412c (0x01047863) bgeu    s0, a6, pc + 16
core   0: 3 0x8000412c (0x01047863)
core   0: 0x80004130 (0x01426fb3) or      t6, tp, s4
core   0: 3 0x80004130 (0x01426fb3) x31 0xfffffb8d
core   0: 0x80004134 (0x012e9b13) slli    s6, t4, 18
core   0: 3 0x80004134 (0x012e9b13) x22 0x1cfc0000
core   0: 0x80004138 (0x403b88b3) sub     a7, s7, gp
core   0: 3 0x80004138 (0x403b88b3) x17 0x0000043f
core   0: 0x8000413c (0x00649813) slli    a6, s1, 6
core   0: 3 0x8000413c (0x00649813) x16 0x00000040
core   0: 0x80004140 (0x051bf863) bgeu    s7, a7, pc + 80
core   0: 3 0x80004140 (0x051bf863)
core   0: 0x80004190 (0x058c4663) blt     s8, s8, pc + 76
core   0: 3 0x80004190 (0x058c4663)
core   0: 0x80004194 (0x02eb1697) auipc   a3, 0x2eb1
core   0: 3 0x80004194 (0x02eb1697) x13 0x82eb5194
core   0: 0x80004198 (0x0a3c2713) slti    a4, s8, 163
core   0: 3 0x80004198 (0x0a3c2713) x14 0x00000001
core   0: 0x8000419c (0x015b9a13) slli    s4, s7, 21
core   0: 3 0x8000419c (0x015b9a13) x20 0x87e00000
core   0: 0x800041a0 (0x009c9a13) slli    s4, s9, 9
core   0: 3 0x800041a0 (0x009c9a13) x20 0x00000000
core   0: 0x800041a4 (0x00d52333) slt     t1, a0, a3
core   0: 3 0x800041a4 (0x00d52333) x 6 0x00000000
core   0: 0x800041a8 (0x1e062b13) slti    s6, a2, 480
core   0: 3 0x800041a8 (0x1e062b13) x22 0x00000001
core   0: 0x800041ac (0x00000013) nop
core   0: 3 0x800041ac (0x00000013)
core   0: 0x800041b0 (0x009bf1b3) and     gp, s7, s1
core   0: 3 0x800041b0 (0x009bf1b3) x 3 0x00000001
core   0: 0x800041b4 (0x41a3d433) sra     s0, t2, s10
core   0: 3 0x800041b4 (0x41a3d433) x 8 0x00000000
core   0: 0x800041b8 (0x400f5213) srai    tp, t5, 0
core   0: 3 0x800041b8 (0x400f5213) x 4 0x00040000
core   0: 0x800041bc (0x2dcfe213) ori     tp, t6, 732
core   0: 3 0x800041bc (0x2dcfe213) x 4 0xfffffbdd
core   0: 0x800041c0 (0x01dcc9b3) xor     s3, s9, t4
core   0: 3 0x800041c0 (0x01dcc9b3) x19 0x0800073f
core   0: 0x800041c4 (0x00d263b3) or      t2, tp, a3
core   0: 3 0x800041c4 (0x00d263b3) x 7 0xfffffbdd
core   0: 0x800041c8 (0x01905013) srli    zero, zero, 25
core   0: 3 0x800041c8 (0x01905013)
core   0: 0x800041cc (0x01525a13) srli    s4, tp, 21
core   0: 3 0x800041cc (0x01525a13) x20 0x000007ff
core   0: 0x800041d0 (0x00438c63) beq     t2, tp, pc + 24
core   0: 3 0x800041d0 (0x00438c63)
core   0: 0x800041e8 (0x0e652813) slti    a6, a0, 230
core   0: 3 0x800041e8 (0x0e652813) x16 0x00000001
core   0: 0x800041ec (0x0adbf293) andi    t0, s7, 173
core   0: 3 0x800041ec (0x0adbf293) x 5 0x0000002d
core   0: 0x800041f0 (0x005e5213) srli    tp, t3, 5
core   0: 3 0x800041f0 (0x005e5213) x 4 0x04400000
core   0: 0x800041f4 (0xcbd27a93) andi    s5, tp, -835
core   0: 3 0x800041f4 (0xcbd27a93) x21 0x04400000
core   0: 0x800041f8 (0x0130c933) xor     s2, ra, s3
core   0: 3 0x800041f8 (0x0130c933) x18 0x0800073f
core   0: 0x800041fc (0x0172d1b3) srl     gp, t0, s7
core   0: 3 0x800041fc (0x0172d1b3) x 3 0x00000000
core   0: 0x80004200 (0x140ab093) sltiu   ra, s5, 320
core   0: 3 0x80004200 (0x140ab093) x 1 0x00000000
core   0: 0x80004204 (0xf1567393) andi    t2, a2, -235
core   0: 3 0x80004204 (0xf1567393) x 7 0x80024e04
core   0: 0x80004208 (0x1e3a8a37) lui     s4, 0x1e3a8
core   0: 3 0x80004208 (0x1e3a8a37) x20 0x1e3a8000
core   0: 0x8000420c (0x00865213) srli    tp, a2, 8
core   0: 3 0x8000420c (0x00865213) x 4 0x0080024e
core   0: 0x80004210 (0x0ff0000f) fence   iorw,iorw
core   0: 3 0x80004210 (0x0ff0000f)
core   0: 0x80004214 (0x1ce86a17) auipc   s4, 0x1ce86
core   0: 3 0x80004214 (0x1ce86a17) x20 0x9ce8a214
core   0: 0x80004218 (0x019e0433) add     s0, t3, s9
core   0: 3 0x80004218 (0x019e0433) x 8 0x90000000
core   0: 0x8000421c (0x790dc013) xori    zero, s11, 1936
core   0: 3 0x8000421c (0x790dc013)
core   0: 0x80004220 (0x58a76d97) auipc   s11, 0x58a76
core   0: 3 0x80004220 (0x58a76d97) x27 0xd8a7a220
core   0: 0x80004224 (0x2717ab93) slti    s7, a5, 625
core   0: 3 0x80004224 (0x2717ab93) x23 0x00000000
core   0: 0x80004228 (0x99190193) addi    gp, s2, -1647
core   0: 3 0x80004228 (0x99190193) x 3 0x080000d0
core   0: 0x8000422c (0x0063ee63) bltu    t2, t1, pc + 28
core   0: 3 0x8000422c (0x0063ee63)
core   0: 0x80004230 (0x00820533) add     a0, tp, s0
core   0: 3 0x80004230 (0x00820533) x10 0x9080024e
core   0: 0x80004234 (0xe28f6913) ori     s2, t5, -472
core   0: 3 0x80004234 (0xe28f6913) x18 0xfffffe28
core   0: 0x80004238 (0x000301b3) add     gp, t1, zero
core   0: 3 0x80004238 (0x000301b3) x 3 0x00000000
core   0: 0x8000423c (0x400b57b3) sra     a5, s6, zero
core   0: 3 0x8000423c (0x400b57b3) x15 0x00000001
core   0: 0x80004240 (0x41335993) srai    s3, t1, 19
core   0: 3 0x80004240 (0x41335993) x19 0x00000000
core   0: 0x80004244 (0x015adc33) srl     s8, s5, s5
core   0: 3 0x80004244 (0x015adc33) x24 0x04400000
core   0: 0x80004248 (0x00437033) and     zero, t1, tp
core   0: 3 0x80004248 (0x00437033)
core   0: 0x8000424c (0x013a1213) slli    tp, s4, 19
core   0: 3 0x8000424c (0x013a1213) x 4 0x10a00000
core   0: 0x80004250 (0x0ff0000f) fence   iorw,iorw
core   0: 3 0x80004250 (0x0ff0000f)
core   0: 0x80004254 (0x0b83f263) bgeu    t2, s8, pc + 164
core   0: 3 0x80004254 (0x0b83f263)
core   0: 0x800042f8 (0xea4ee093) ori     ra, t4, -348
core   0: 3 0x800042f8 (0xea4ee093) x 1 0xffffffbf
core   0: 0x800042fc (0x01960263) beq     a2, s9, pc + 4
core   0: 3 0x800042fc (0x01960263)
core   0: 0x80004300 (0xe95f4413) xori    s0, t5, -363
core   0: 3 0x80004300 (0xe95f4413) x 8 0xfffbfe95
core   0: 0x80004304 (0x00000013) nop
core   0: 3 0x80004304 (0x00000013)
core   0: 0x80004308 (0x0000100f) fence.i
core   0: 3 0x80004308 (0x0000100f)
core   0: 0x8000430c (0x40a28a33) sub     s4, t0, a0
core   0: 3 0x8000430c (0x40a28a33) x20 0x6f7ffddf
core   0: 0x80004310 (0x418986b3) sub     a3, s3, s8
core   0: 3 0x80004310 (0x418986b3) x13 0xfbc00000
core   0: 0x80004314 (0x29dece17) auipc   t3, 0x29dec
core   0: 3 0x80004314 (0x29dece17) x28 0xa9df0314
core   0: 0x80004318 (0x00c187b3) add     a5, gp, a2
core   0: 3 0x80004318 (0x00c187b3) x15 0x80024e64
core   0: 0x8000431c (0x41fa0733) sub     a4, s4, t6
core   0: 3 0x8000431c (0x41fa0733) x14 0x6f800252
core   0: 0x80004320 (0xc66b4393) xori    t2, s6, -922
core   0: 3 0x80004320 (0xc66b4393) x 7 0xfffffc67
core   0: 0x80004324 (0x01a41eb3) sll     t4, s0, s10
core   0: 3 0x80004324 (0x01a41eb3) x29 0xfeffa540
core   0: 0x80004328 (0x006f86b3) add     a3, t6, t1
core   0: 3 0x80004328 (0x006f86b3) x13 0xfffffb8d
core   0: 0x8000432c (0x4164de33) sra     t3, s1, s6
core   0: 3 0x8000432c (0x4164de33) x28 0x00000000
core   0: 0x80004330 (0x077ae663) bltu    s5, s7, pc + 108
core   0: 3 0x80004330 (0x077ae663)
core   0: 0x80004334 (0x083bf493) andi    s1, s7, 131
core   0: 3 0x80004334 (0x083bf493) x 9 0x00000000
core   0: 0x80004338 (0x40195b13) srai    s6, s2, 1
core   0: 3 0x80004338 (0x40195b13) x22 0xffffff14
core   0: 0x8000433c (0x006be463) bltu    s7, t1, pc + 8
core   0: 3 0x8000433c (0x006be463)
core   0: 0x80004340 (0x01fed793) srli    a5, t4, 31
core   0: 3 0x80004340 (0x01fed793) x15 0x00000001
core   0: 0x80004344 (0x00000013) nop
core   0: 3 0x80004344 (0x00000013)
core   0: 0x80004348 (0x00800893) li      a7, 8
core   0: 3 0x80004348 (0x00800893) x17 0x00000008
core   0: 0x8000434c (0xff400193) li      gp, -12
core   0: 3 0x8000434c (0xff400193) x 3 0xfffffff4
core   0: 0x80004350 (0x01b31733) sll     a4, t1, s11
core   0: 3 0x80004350 (0x01b31733) x14 0x00000000
core   0: 0x80004354 (0x01a653b3) srl     t2, a2, s10
core   0: 3 0x80004354 (0x01a653b3) x 7 0x02000939
core   0: 0x80004358 (0xe6ff4813) xori    a6, t5, -401
core   0: 3 0x80004358 (0xe6ff4813) x16 0xfffbfe6f
core   0: 0x8000435c (0x9dd8ca37) lui     s4, 0x9dd8c
core   0: 3 0x8000435c (0x9dd8ca37) x20 0x9dd8c000
core   0: 0x80004360 (0x932b0d13) addi    s10, s6, -1742
core   0: 3 0x80004360 (0x932b0d13) x26 0xfffff846
core   0: 0x80004364 (0x3f1a3b17) auipc   s6, 0x3f1a3
core   0: 3 0x80004364 (0x3f1a3b17) x22 0xbf1a7364
core   0: 0x80004368 (0xff688893) addi    a7, a7, -10
core   0: 3 0x80004368 (0xff688893) x17 0xfffffffe
core   0: 0x8000436c (0xfe3888e3) beq     a7, gp, pc - 16
core   0: 3 0x8000436c (0xfe3888e3)
core   0: 0x80004370 (0x40435533) sra     a0, t1, tp
core   0: 3 0x80004370 (0x40435533) x10 0x00000000
core   0: 0x80004374 (0x7927c093) xori    ra, a5, 1938
core   0: 3 0x80004374 (0x7927c093) x 1 0x00000793
core   0: 0x80004378 (0x035f6e63) bltu    t5, s5, pc + 60
core   0: 3 0x80004378 (0x035f6e63)
core   0: 0x800043b4 (0x00000013) nop
core   0: 3 0x800043b4 (0x00000013)
core   0: 0x800043b8 (0x012a8863) beq     s5, s2, pc + 16
core   0: 3 0x800043b8 (0x012a8863)
core   0: 0x800043bc (0x01059663) bne     a1, a6, pc + 12
core   0: 3 0x800043bc (0x01059663)
core   0: 0x800043c8 (0x01f9ff33) and     t5, s3, t6
core   0: 3 0x800043c8 (0x01f9ff33) x30 0x00000000
core   0: 0x800043cc (0x0121d993) srli    s3, gp, 18
core   0: 3 0x800043cc (0x0121d993) x19 0x00003fff
core   0: 0x800043d0 (0x0009de63) bgez    s3, pc + 28
core   0: 3 0x800043d0 (0x0009de63)
core   0: 0x800043ec (0x439a6d93) ori     s11, s4, 1081
core   0: 3 0x800043ec (0x439a6d93) x27 0x9dd8c439
core   0: 0x800043f0 (0x72aae013) ori     zero, s5, 1834
core   0: 3 0x800043f0 (0x72aae013)
core   0: 0x800043f4 (0x01764263) blt     a2, s7, pc + 4
core   0: 3 0x800043f4 (0x01764263)
core   0: 0x800043f8 (0x0000100f) fence.i
core   0: 3 0x800043f8 (0x0000100f)
core   0: 0x800043fc (0xccae2513) slti    a0, t3, -822
core   0: 3 0x800043fc (0xccae2513) x10 0x00000000
core   0: 0x80004400 (0x002a0663) beq     s4, sp, pc + 12
core   0: 3 0x80004400 (0x002a0663)
core   0: 0x80004404 (0x0000100f) fence.i
core   0: 3 0x80004404 (0x0000100f)
core   0: 0x80004408 (0x002b7533) and     a0, s6, sp
core   0: 3 0x80004408 (0x002b7533) x10 0x80020064
core   0: 0x8000440c (0x000c6a63) bltu    s8, zero, pc + 20
core   0: 3 0x8000440c (0x000c6a63)
core   0: 0x80004410 (0x01825413) srli    s0, tp, 24
core   0: 3 0x80004410 (0x01825413) x 8 0x00000010
core   0: 0x80004414 (0x4a313413) sltiu   s0, sp, 1187
core   0: 3 0x80004414 (0x4a313413) x 8 0x00000000
core   0: 0x80004418 (0xadf00c13) li      s8, -1313
core   0: 3 0x80004418 (0xadf00c13) x24 0xfffffadf
core   0: 0x8000441c (0x000a66b3) or      a3, s4, zero
core   0: 3 0x8000441c (0x000a66b3) x13 0x9dd8c000
core   0: 0x80004420 (0x01bea033) slt     zero, t4, s11
core   0: 3 0x80004420 (0x01bea033)
core   0: 0x80004424 (0x01b89c13) slli    s8, a7, 27
core   0: 3 0x80004424 (0x01b89c13) x24 0xf0000000
core   0: 0x80004428 (0x0105dd93) srli    s11, a1, 16
core   0: 3 0x80004428 (0x0105dd93) x27 0x00008000
core   0: 0x8000442c (0x00134733) xor     a4, t1, ra
core   0: 3 0x8000442c (0x00134733) x14 0x00000793
core   0: 0x80004430 (0x00000013) nop
core   0: 3 0x80004430 (0x00000013)
core   0: 0x80004434 (0xd3120bb7) lui     s7, 0xd3120
core   0: 3 0x80004434 (0xd3120bb7) x23 0xd3120000
core   0: 0x80004438 (0x05cb9663) bne     s7, t3, pc + 76
core   0: 3 0x80004438 (0x05cb9663)
core   0: 0x80004484 (0x0ff0000f) fence   iorw,iorw
core   0: 3 0x80004484 (0x0ff0000f)
core   0: 0x80004488 (0x004874b3) and     s1, a6, tp
core   0: 3 0x80004488 (0x004874b3) x 9 0x10a00000
core   0: 0x8000448c (0x00aed513) srli    a0, t4, 10
core   0: 3 0x8000448c (0x00aed513) x10 0x003fbfe9
core   0: 0x80004490 (0xf46207b7) lui     a5, 0xf4620
core   0: 3 0x80004490 (0xf46207b7) x15 0xf4620000
core   0: 0x80004494 (0x015e1c13) slli    s8, t3, 21
core   0: 3 0x80004494 (0x015e1c13) x24 0x00000000
core   0: 0x80004498 (0x02b87663) bgeu    a6, a1, pc + 44
core   0: 3 0x80004498 (0x02b87663)
core   0: 0x800044c4 (0x015c4463) blt     s8, s5, pc + 8
core   0: 3 0x800044c4 (0x015c4463)
core   0: 0x800044cc (0x00be0ab3) add     s5, t3, a1
core   0: 3 0x800044cc (0x00be0ab3) x21 0x80000000
core   0: 0x800044d0 (0x002d58b3) srl     a7, s10, sp
core   0: 3 0x800044d0 (0x002d58b3) x17 0x0fffff84
core   0: 0x800044d4 (0x009091b3) sll     gp, ra, s1
core   0: 3 0x800044d4 (0x009091b3) x 3 0x00000793
core   0: 0x800044d8 (0x01da47b3) xor     a5, s4, t4
core   0: 3 0x800044d8 (0x01da47b3) x15 0x63276540
core   0: 0x800044dc (0x01821013) slli    zero, tp, 24
core   0: 3 0x800044dc (0x01821013)
core   0: 0x800044e0 (0x014c6333) or      t1, s8, s4
core   0: 3 0x800044e0 (0x014c6333) x 6 0x9dd8c000
core   0: 0x800044e4 (0x77684693) xori    a3, a6, 1910
core   0: 3 0x800044e4 (0x77684693) x13 0xfffbf919
core   0: 0x800044e8 (0x006993b3) sll     t2, s3, t1
core   0: 3 0x800044e8 (0x006993b3) x 7 0x00003fff
core   0: 0x800044ec (0x417688b3) sub     a7, a3, s7
core   0: 3 0x800044ec (0x417688b3) x17 0x2ce9f919
core   0: 0x800044f0 (0x00000013) nop
core   0: 3 0x800044f0 (0x00000013)
core   0: 0x800044f4 (0x41eb0d33) sub     s10, s6, t5
core   0: 3 0x800044f4 (0x41eb0d33) x26 0xbf1a7364
core   0: 0x800044f8 (0x044ad863) bge     s5, tp, pc + 80
core   0: 3 0x800044f8 (0x044ad863)
core   0: 0x800044fc (0x01b0f433) and     s0, ra, s11
core   0: 3 0x800044fc (0x01b0f433) x 8 0x00000000
core   0: 0x80004500 (0x0ff0000f) fence   iorw,iorw
core   0: 3 0x80004500 (0x0ff0000f)
core   0: 0x80004504 (0x04ef1863) bne     t5, a4, pc + 80
core   0: 3 0x80004504 (0x04ef1863)
core   0: 0x80004554 (0xbb117693) andi    a3, sp, -1103
core   0: 3 0x80004554 (0xbb117693) x13 0x800288a0
core   0: 0x80004558 (0x40355793) srai    a5, a0, 3
core   0: 3 0x80004558 (0x40355793) x15 0x0007f7fd
core   0: 0x8000455c (0x0020c863) blt     ra, sp, pc + 16
core   0: 3 0x8000455c (0x0020c863)
core   0: 0x80004560 (0x34cf8b93) addi    s7, t6, 844
core   0: 3 0x80004560 (0x34cf8b93) x23 0xfffffed9
core   0: 0x80004564 (0x01a4e7b3) or      a5, s1, s10
core   0: 3 0x80004564 (0x01a4e7b3) x15 0xbfba7364
core   0: 0x80004568 (0x417e0333) sub     t1, t3, s7
core   0: 3 0x80004568 (0x417e0333) x 6 0x00000127
core   0: 0x8000456c (0xd1cd0317) auipc   t1, 0xd1cd0
core   0: 3 0x8000456c (0xd1cd0317) x 6 0x51cd456c
core   0: 0x80004570 (0x020f0e63) beqz    t5, pc + 60
core   0: 3 0x80004570 (0x020f0e63)
core   0: 0x800045ac (0x0187d863) bge     a5, s8, pc + 16
core   0: 3 0x800045ac (0x0187d863)
core   0: 0x800045b0 (0x00609793) slli    a5, ra, 6
core   0: 3 0x800045b0 (0x00609793) x15 0x0001e4c0
core   0: 0x800045b4 (0x02aed263) bge     t4, a0, pc + 36
core   0: 3 0x800045b4 (0x02aed263)
core   0: 0x800045b8 (0x01fa5a93) srli    s5, s4, 31
core   0: 3 0x800045b8 (0x01fa5a93) x21 0x00000001
core   0: 0x800045bc (0x003c3233) sltu    tp, s8, gp
core   0: 3 0x800045bc (0x003c3233) x 4 0x00000001
core   0: 0x800045c0 (0x06ae1e63) bne     t3, a0, pc + 124
core   0: 3 0x800045c0 (0x06ae1e63)
core   0: 0x8000463c (0xd3c8c393) xori    t2, a7, -708
core   0: 3 0x8000463c (0xd3c8c393) x 7 0xd3160425
core   0: 0x80004640 (0x04729997) auipc   s3, 0x4729
core   0: 3 0x80004640 (0x04729997) x19 0x8472d640
core   0: 0x80004644 (0x01f06263) bltu    zero, t6, pc + 4
core   0: 3 0x80004644 (0x01f06263)
core   0: 0x80004648 (0x0107eeb3) or      t4, a5, a6
core   0: 3 0x80004648 (0x0107eeb3) x29 0xfffbfeef
core   0: 0x8000464c (0x0097d813) srli    a6, a5, 9
core   0: 3 0x8000464c (0x0097d813) x16 0x000000f2
core   0: 0x80004650 (0x01517333) and     t1, sp, s5
core   0: 3 0x80004650 (0x01517333) x 6 0x00000000
core   0: 0x80004654 (0x00e6d233) srl     tp, a3, a4
core   0: 3 0x80004654 (0x00e6d233) x 4 0x00001000
core   0: 0x80004658 (0x0000100f) fence.i
core   0: 3 0x80004658 (0x0000100f)
core   0: 0x8000465c (0x0542e263) bltu    t0, s4, pc + 68
core   0: 3 0x8000465c (0x0542e263)
core   0: 0x800046a0 (0x013863b3) or      t2, a6, s3
core   0: 3 0x800046a0 (0x013863b3) x 7 0x8472d6f2
core   0: 0x800046a4 (0x011c14b3) sll     s1, s8, a7
core   0: 3 0x800046a4 (0x011c14b3) x 9 0x00000000
core   0: 0x800046a8 (0x6e632013) slti    zero, t1, 1766
core   0: 3 0x800046a8 (0x6e632013)
core   0: 0x800046ac (0x9de6f197) auipc   gp, 0x9de6f
core   0: 3 0x800046ac (0x9de6f197) x 3 0x1de736ac
core   0: 0x800046b0 (0x8faa2e13) slti    t3, s4, -1798
core   0: 3 0x800046b0 (0x8faa2e13) x28 0x00000001
core   0: 0x800046b4 (0x04e40663) beq     s0, a4, pc + 76
core   0: 3 0x800046b4 (0x04e40663)
core   0: 0x800046b8 (0x41e25f13) srai    t5, tp, 30
core   0: 3 0x800046b8 (0x41e25f13) x30 0x00000000
core   0: 0x800046bc (0x00261293) slli    t0, a2, 2
core   0: 3 0x800046bc (0x00261293) x 5 0x00093990
core   0: 0x800046c0 (0x86806513) ori     a0, zero, -1944
core   0: 3 0x800046c0 (0x86806513) x10 0xfffff868
core   0: 0x800046c4 (0x00e7d1b3) srl     gp, a5, a4
core   0: 3 0x800046c4 (0x00e7d1b3) x 3 0x00000000
core   0: 0x800046c8 (0x00d7a7b3) slt     a5, a5, a3
core   0: 3 0x800046c8 (0x00d7a7b3) x15 0x00000000
core   0: 0x800046cc (0xbc3918b7) lui     a7, 0xbc391
core   0: 3 0x800046cc (0xbc3918b7) x17 0xbc391000
core   0: 0x800046d0 (0x01381b93) slli    s7, a6, 19
core   0: 3 0x800046d0 (0x01381b93) x23 0x07900000
core   0: 0x800046d4 (0x03287e63) bgeu    a6, s2, pc + 60
core   0: 3 0x800046d4 (0x03287e63)
core   0: 0x800046d8 (0x0117d713) srli    a4, a5, 17
core   0: 3 0x800046d8 (0x0117d713) x14 0x00000000
core   0: 0x800046dc (0x01aa5333) srl     t1, s4, s10
core   0: 3 0x800046dc (0x01aa5333) x 6 0x09dd8c00
core   0: 0x800046e0 (0x41f75f13) srai    t5, a4, 31
core   0: 3 0x800046e0 (0x41f75f13) x30 0x00000000
core   0: 0x800046e4 (0x6632b813) sltiu   a6, t0, 1635
core   0: 3 0x800046e4 (0x6632b813) x16 0x00000000
core   0: 0x800046e8 (0x00425b33) srl     s6, tp, tp
core   0: 3 0x800046e8 (0x00425b33) x22 0x00001000
core   0: 0x800046ec (0x00d00eb3) add     t4, zero, a3
core   0: 3 0x800046ec (0x00d00eb3) x29 0x800288a0
core   0: 0x800046f0 (0x52f943b7) lui     t2, 0x52f94
core   0: 3 0x800046f0 (0x52f943b7) x 7 0x52f94000
core   0: 0x800046f4 (0x007ee3b3) or      t2, t4, t2
core   0: 3 0x800046f4 (0x007ee3b3) x 7 0xd2fbc8a0
core   0: 0x800046f8 (0x01b05e63) bge     zero, s11, pc + 28
core   0: 3 0x800046f8 (0x01b05e63)
core   0: 0x800046fc (0x000f7033) and     zero, t5, zero
core   0: 3 0x800046fc (0x000f7033)
core   0: 0x80004700 (0x0c992793) slti    a5, s2, 201
core   0: 3 0x80004700 (0x0c992793) x15 0x00000001
core   0: 0x80004704 (0x01d0df33) srl     t5, ra, t4
core   0: 3 0x80004704 (0x01d0df33) x30 0x00000793
core   0: 0x80004708 (0xd03166b7) lui     a3, 0xd0316
core   0: 3 0x80004708 (0xd03166b7) x13 0xd0316000
core   0: 0x8000470c (0x92636693) ori     a3, t1, -1754
core   0: 3 0x8000470c (0x92636693) x13 0xfffffd26
core   0: 0x80004710 (0x04b51863) bne     a0, a1, pc + 80
core   0: 3 0x80004710 (0x04b51863)
core   0: 0x80004760 (0x00377033) and     zero, a4, gp
core   0: 3 0x80004760 (0x00377033)
core   0: 0x80004764 (0x01d77433) and     s0, a4, t4
core   0: 3 0x80004764 (0x01d77433) x 8 0x00000000
core   0: 0x80004768 (0x02730e63) beq     t1, t2, pc + 60
core   0: 3 0x80004768 (0x02730e63)
core   0: 0x8000476c (0x41bc5c93) srai    s9, s8, 27
core   0: 3 0x8000476c (0x41bc5c93) x25 0x00000000
core   0: 0x80004770 (0x0000100f) fence.i
core   0: 3 0x80004770 (0x0000100f)
core   0: 0x80004774 (0x54120293) addi    t0, tp, 1345
core   0: 3 0x80004774 (0x54120293) x 5 0x00001541
core   0: 0x80004778 (0x05a31663) bne     t1, s10, pc + 76
core   0: 3 0x80004778 (0x05a31663)
core   0: 0x800047c4 (0xdabdba37) lui     s4, 0xdabdb
core   0: 3 0x800047c4 (0xdabdba37) x20 0xdabdb000
core   0: 0x800047c8 (0x03ff5263) bge     t5, t6, pc + 36
core   0: 3 0x800047c8 (0x03ff5263)
core   0: 0x800047ec (0x41cd5513) srai    a0, s10, 28
core   0: 3 0x800047ec (0x41cd5513) x10 0xfffffffb
core   0: 0x800047f0 (0x01bcfc63) bgeu    s9, s11, pc + 24
core   0: 3 0x800047f0 (0x01bcfc63)
core   0: 0x800047f4 (0x014a4f33) xor     t5, s4, s4
core   0: 3 0x800047f4 (0x014a4f33) x30 0x00000000
core   0: 0x800047f8 (0x0405e063) bltu    a1, zero, pc + 64
core   0: 3 0x800047f8 (0x0405e063)
core   0: 0x800047fc (0x00061263) bnez    a2, pc + 4
core   0: 3 0x800047fc (0x00061263)
core   0: 0x80004800 (0x01e85fb3) srl     t6, a6, t5
core   0: 3 0x80004800 (0x01e85fb3) x31 0x00000000
core   0: 0x80004804 (0x00d3e863) bltu    t2, a3, pc + 16
core   0: 3 0x80004804 (0x00d3e863)
core   0: 0x80004814 (0xba392b13) slti    s6, s2, -1117
core   0: 3 0x80004814 (0xba392b13) x22 0x00000000
core   0: 0x80004818 (0x002c1f13) slli    t5, s8, 2
core   0: 3 0x80004818 (0x002c1f13) x30 0x00000000
core   0: 0x8000481c (0x003bbc33) sltu    s8, s7, gp
core   0: 3 0x8000481c (0x003bbc33) x24 0x00000000
core   0: 0x80004820 (0x0000100f) fence.i
core   0: 3 0x80004820 (0x0000100f)
core   0: 0x80004824 (0x00000013) nop
core   0: 3 0x80004824 (0x00000013)
core   0: 0x80004828 (0x0ff0000f) fence   iorw,iorw
core   0: 3 0x80004828 (0x0ff0000f)
core   0: 0x8000482c (0x00000013) nop
core   0: 3 0x8000482c (0x00000013)
core   0: 0x80004830 (0x00ec1c63) bne     s8, a4, pc + 24
core   0: 3 0x80004830 (0x00ec1c63)
core   0: 0x80004834 (0x00ad74b3) and     s1, s10, a0
core   0: 3 0x80004834 (0x00ad74b3) x 9 0xbf1a7360
core   0: 0x80004838 (0x410682b3) sub     t0, a3, a6
core   0: 3 0x80004838 (0x410682b3) x 5 0xfffffd26
core   0: 0x8000483c (0xeaeab717) auipc   a4, 0xeaeab
core   0: 3 0x8000483c (0xeaeab717) x14 0x6aeaf83c
core   0: 0x80004840 (0x00b193b3) sll     t2, gp, a1
core   0: 3 0x80004840 (0x00b193b3) x 7 0x00000000
core   0: 0x80004844 (0x010f0333) add     t1, t5, a6
core   0: 3 0x80004844 (0x010f0333) x 6 0x00000000
core   0: 0x80004848 (0x00666433) or      s0, a2, t1
core   0: 3 0x80004848 (0x00666433) x 8 0x80024e64
core   0: 0x8000484c (0x00808333) add     t1, ra, s0
core   0: 3 0x8000484c (0x00808333) x 6 0x800255f7
core   0: 0x80004850 (0x0000100f) fence.i
core   0: 3 0x80004850 (0x0000100f)
core   0: 0x80004854 (0x00285e33) srl     t3, a6, sp
core   0: 3 0x80004854 (0x00285e33) x28 0x00000000
core   0: 0x80004858 (0x050a4717) auipc   a4, 0x50a4
core   0: 3 0x80004858 (0x050a4717) x14 0x850a8858
core   0: 0x8000485c (0x40f70833) sub     a6, a4, a5
core   0: 3 0x8000485c (0x40f70833) x16 0x850a8857
core   0: 0x80004860 (0x00aeda33) srl     s4, t4, a0
core   0: 3 0x80004860 (0x00aeda33) x20 0x00000010
core   0: 0x80004864 (0x01714233) xor     tp, sp, s7
core   0: 3 0x80004864 (0x01714233) x 4 0x87928ce4
core   0: 0x80004868 (0xb6ead9b7) lui     s3, 0xb6ead
core   0: 3 0x80004868 (0xb6ead9b7) x19 0xb6ead000
core   0: 0x8000486c (0x01f3e0b3) or      ra, t2, t6
core   0: 3 0x8000486c (0x01f3e0b3) x 1 0x00000000
core   0: 0x80004870 (0x0fa30493) addi    s1, t1, 250
core   0: 3 0x80004870 (0x0fa30493) x 9 0x800256f1
core   0: 0x80004874 (0x94584e13) xori    t3, a6, -1723
core   0: 3 0x80004874 (0x94584e13) x28 0x7af57112
core   0: 0x80004878 (0x0ff0000f) fence   iorw,iorw
core   0: 3 0x80004878 (0x0ff0000f)
core   0: 0x8000487c (0x029d9663) bne     s11, s1, pc + 44
core   0: 3 0x8000487c (0x029d9663)
core   0: 0x800048a8 (0x0000100f) fence.i
core   0: 3 0x800048a8 (0x0000100f)
core   0: 0x800048ac (0x0ff0000f) fence   iorw,iorw
core   0: 3 0x800048ac (0x0ff0000f)
core   0: 0x800048b0 (0xb46e3a13) sltiu   s4, t3, -1210
core   0: 3 0x800048b0 (0xb46e3a13) x20 0x00000001
core   0: 0x800048b4 (0x00b7b2b3) sltu    t0, a5, a1
core   0: 3 0x800048b4 (0x00b7b2b3) x 5 0x00000001
core   0: 0x800048b8 (0xea8e4813) xori    a6, t3, -344
core   0: 3 0x800048b8 (0xea8e4813) x16 0x850a8fba
core   0: 0x800048bc (0x00000013) nop
core   0: 3 0x800048bc (0x00000013)
core   0: 0x800048c0 (0x405c0533) sub     a0, s8, t0
core   0: 3 0x800048c0 (0x405c0533) x10 0xffffffff
core   0: 0x800048c4 (0xa6da3e13) sltiu   t3, s4, -1427
core   0: 3 0x800048c4 (0xa6da3e13) x28 0x00000001
core   0: 0x800048c8 (0x01b25913) srli    s2, tp, 27
core   0: 3 0x800048c8 (0x01b25913) x18 0x00000010
core   0: 0x800048cc (0x414f82b3) sub     t0, t6, s4
core   0: 3 0x800048cc (0x414f82b3) x 5 0xffffffff
core   0: 0x800048d0 (0x000b1213) slli    tp, s6, 0
core   0: 3 0x800048d0 (0x000b1213) x 4 0x00000000
core   0: 0x800048d4 (0x88100913) li      s2, -1919
core   0: 3 0x800048d4 (0x88100913) x18 0xfffff881
core   0: 0x800048d8 (0xfead5497) auipc   s1, 0xfead5
core   0: 3 0x800048d8 (0xfead5497) x 9 0x7ead98d8
core   0: 0x800048dc (0x00000013) nop
core   0: 3 0x800048dc (0x00000013)
core   0: 0x800048e0 (0x0024ddb3) srl     s11, s1, sp
core   0: 3 0x800048e0 (0x0024ddb3) x27 0x07ead98d
core   0: 0x800048e4 (0x00681ab3) sll     s5, a6, t1
core   0: 3 0x800048e4 (0x00681ab3) x21 0xdd000000
core   0: 0x800048e8 (0x0180d033) srl     zero, ra, s8
core   0: 3 0x800048e8 (0x0180d033)
core   0: 0x800048ec (0x00000013) nop
core   0: 3 0x800048ec (0x00000013)
core   0: 0x800048f0 (0x4b11bf97) auipc   t6, 0x4b11b
core   0: 3 0x800048f0 (0x4b11bf97) x31 0xcb11f8f0
core   0: 0x800048f4 (0x01bf18b3) sll     a7, t5, s11
core   0: 3 0x800048f4 (0x01bf18b3) x17 0x00000000
core   0: 0x800048f8 (0x042f9663) bne     t6, sp, pc + 76
core   0: 3 0x800048f8 (0x042f9663)
core   0: 0x80004944 (0x0027ee63) bltu    a5, sp, pc + 28
core   0: 3 0x80004944 (0x0027ee63)
core   0: 0x80004960 (0x7caaad93) slti    s11, s5, 1994
core   0: 3 0x80004960 (0x7caaad93) x27 0x00000001
core   0: 0x80004964 (0x0046d4b3) srl     s1, a3, tp
core   0: 3 0x80004964 (0x0046d4b3) x 9 0xfffffd26
core   0: 0x80004968 (0x010b9433) sll     s0, s7, a6
core   0: 3 0x80004968 (0x010b9433) x 8 0x00000000
core   0: 0x8000496c (0xb0a33193) sltiu   gp, t1, -1270
core   0: 3 0x8000496c (0xb0a33193) x 3 0x00000001
core   0: 0x80004970 (0x403752b3) sra     t0, a4, gp
core   0: 3 0x80004970 (0x403752b3) x 5 0xc285442c
core   0: 0x80004974 (0xa39a0e93) addi    t4, s4, -1479
core   0: 3 0x80004974 (0xa39a0e93) x29 0xfffffa3a
core   0: 0x80004978 (0x0ff0000f) fence   iorw,iorw
core   0: 3 0x80004978 (0x0ff0000f)
core   0: 0x8000497c (0x05ce8663) beq     t4, t3, pc + 76
core   0: 3 0x8000497c (0x05ce8663)
core   0: 0x80004980 (0xb0a58813) addi    a6, a1, -1270
core   0: 3 0x80004980 (0xb0a58813) x16 0x7ffffb0a
core   0: 0x80004984 (0x017d5213) srli    tp, s10, 23
core   0: 3 0x80004984 (0x017d5213) x 4 0x0000017e
core   0: 0x80004988 (0xec26c7b7) lui     a5, 0xec26c
core   0: 3 0x80004988 (0xec26c7b7) x15 0xec26c000
core   0: 0x8000498c (0x0ff0000f) fence   iorw,iorw
core   0: 3 0x8000498c (0x0ff0000f)
core   0: 0x80004990 (0x01071393) slli    t2, a4, 16
core   0: 3 0x80004990 (0x01071393) x 7 0x88580000
core   0: 0x80004994 (0x40325693) srai    a3, tp, 3
core   0: 3 0x80004994 (0x40325693) x13 0x0000002f
core   0: 0x80004998 (0x541c6913) ori     s2, s8, 1345
core   0: 3 0x80004998 (0x541c6913) x18 0x00000541
core   0: 0x8000499c (0x00719a63) bne     gp, t2, pc + 20
core   0: 3 0x8000499c (0x00719a63)
core   0: 0x800049b0 (0x00e352b3) srl     t0, t1, a4
core   0: 3 0x800049b0 (0x00e352b3) x 5 0x00000080
core   0: 0x800049b4 (0x49d0b793) sltiu   a5, ra, 1181
core   0: 3 0x800049b4 (0x49d0b793) x15 0x00000001
core   0: 0x800049b8 (0x0000100f) fence.i
core   0: 3 0x800049b8 (0x0000100f)
core   0: 0x800049bc (0x01dddfb3) srl     t6, s11, t4
core   0: 3 0x800049bc (0x01dddfb3) x31 0x00000000
core   0: 0x800049c0 (0x40b4d093) srai    ra, s1, 11
core   0: 3 0x800049c0 (0x40b4d093) x 1 0xffffffff
core   0: 0x800049c4 (0x05ef4663) blt     t5, t5, pc + 76
core   0: 3 0x800049c4 (0x05ef4663)
core   0: 0x800049c8 (0x0073ab33) slt     s6, t2, t2
core   0: 3 0x800049c8 (0x0073ab33) x22 0x00000000
core   0: 0x800049cc (0x01f1f663) bgeu    gp, t6, pc + 12
core   0: 3 0x800049cc (0x01f1f663)
core   0: 0x800049d8 (0x2f93bf13) sltiu   t5, t2, 761
core   0: 3 0x800049d8 (0x2f93bf13) x30 0x00000000
core   0: 0x800049dc (0x7a556537) lui     a0, 0x7a556
core   0: 3 0x800049dc (0x7a556537) x10 0x7a556000
core   0: 0x800049e0 (0x00cfd293) srli    t0, t6, 12
core   0: 3 0x800049e0 (0x00cfd293) x 5 0x00000000
core   0: 0x800049e4 (0x009a7db3) and     s11, s4, s1
core   0: 3 0x800049e4 (0x009a7db3) x27 0x00000000
core   0: 0x800049e8 (0x18eaa013) slti    zero, s5, 398
core   0: 3 0x800049e8 (0x18eaa013)
core   0: 0x800049ec (0x0000100f) fence.i
core   0: 3 0x800049ec (0x0000100f)
core   0: 0x800049f0 (0x0040db33) srl     s6, ra, tp
core   0: 3 0x800049f0 (0x0040db33) x22 0x00000003
core   0: 0x800049f4 (0x494d6e93) ori     t4, s10, 1172
core   0: 3 0x800049f4 (0x494d6e93) x29 0xbf1a77f4
core   0: 0x800049f8 (0x01e9c0b3) xor     ra, s3, t5
core   0: 3 0x800049f8 (0x01e9c0b3) x 1 0xb6ead000
core   0: 0x800049fc (0x0000100f) fence.i
core   0: 3 0x800049fc (0x0000100f)
core   0: 0x80004a00 (0xc6f4ed13) ori     s10, s1, -913
core   0: 3 0x80004a00 (0xc6f4ed13) x26 0xfffffd6f
core   0: 0x80004a04 (0x0000100f) fence.i
core   0: 3 0x80004a04 (0x0000100f)
core   0: 0x80004a08 (0xe23b6f97) auipc   t6, 0xe23b6
core   0: 3 0x80004a08 (0xe23b6f97) x31 0x623baa08
core   0: 0x80004a0c (0x40b8d493) srai    s1, a7, 11
core   0: 3 0x80004a0c (0x40b8d493) x 9 0x00000000
core   0: 0x80004a10 (0x00000013) nop
core   0: 3 0x80004a10 (0x00000013)
core   0: 0x80004a14 (0x412adfb3) sra     t6, s5, s2
core   0: 3 0x80004a14 (0x412adfb3) x31 0xee800000
core   0: 0x80004a18 (0x00994bb3) xor     s7, s2, s1
core   0: 3 0x80004a18 (0x00994bb3) x23 0x00000541
core   0: 0x80004a1c (0x018e6cb3) or      s9, t3, s8
core   0: 3 0x80004a1c (0x018e6cb3) x25 0x00000001
core   0: 0x80004a20 (0x0000100f) fence.i
core   0: 3 0x80004a20 (0x0000100f)
core   0: 0x80004a24 (0x059fc863) blt     t6, s9, pc + 80
core   0: 3 0x80004a24 (0x059fc863)
core   0: 0x80004a74 (0x97a1f513) andi    a0, gp, -1670
core   0: 3 0x80004a74 (0x97a1f513) x10 0x00000000
core   0: 0x80004a78 (0x0ff0000f) fence   iorw,iorw
core   0: 3 0x80004a78 (0x0ff0000f)
core   0: 0x80004a7c (0x0000100f) fence.i
core   0: 3 0x80004a7c (0x0000100f)
core   0: 0x80004a80 (0x40ffda13) srai    s4, t6, 15
core   0: 3 0x80004a80 (0x40ffda13) x20 0xffffdd00
core   0: 0x80004a84 (0x414a58b3) sra     a7, s4, s4
core   0: 3 0x80004a84 (0x414a58b3) x17 0xffffdd00
core   0: 0x80004a88 (0x33154a13) xori    s4, a0, 817
core   0: 3 0x80004a88 (0x33154a13) x20 0x00000331
core   0: 0x80004a8c (0x00b08533) add     a0, ra, a1
core   0: 3 0x80004a8c (0x00b08533) x10 0x36ead000
core   0: 0x80004a90 (0x00bf1993) slli    s3, t5, 11
core   0: 3 0x80004a90 (0x00bf1993) x19 0x00000000
core   0: 0x80004a94 (0xc9228e17) auipc   t3, 0xc9228
core   0: 3 0x80004a94 (0xc9228e17) x28 0x4922ca94
core   0: 0x80004a98 (0x019f9a33) sll     s4, t6, s9
core   0: 3 0x80004a98 (0x019f9a33) x20 0xdd000000
core   0: 0x80004a9c (0x055bcc63) blt     s7, s5, pc + 88
core   0: 3 0x80004a9c (0x055bcc63)
core   0: 0x80004aa0 (0x00e982b3) add     t0, s3, a4
core   0: 3 0x80004aa0 (0x00e982b3) x 5 0x850a8858
core   0: 0x80004aa4 (0x404a09b3) sub     s3, s4, tp
core   0: 3 0x80004aa4 (0x404a09b3) x19 0xdcfffe82
core   0: 0x80004aa8 (0x017534b3) sltu    s1, a0, s7
core   0: 3 0x80004aa8 (0x017534b3) x 9 0x00000000
core   0: 0x80004aac (0x6676ec93) ori     s9, a3, 1639
core   0: 3 0x80004aac (0x6676ec93) x25 0x0000066f
core   0: 0x80004ab0 (0x0123d033) srl     zero, t2, s2
core   0: 3 0x80004ab0 (0x0123d033)
core   0: 0x80004ab4 (0x0014d013) srli    zero, s1, 1
core   0: 3 0x80004ab4 (0x0014d013)
core   0: 0x80004ab8 (0x0ff0000f) fence   iorw,iorw
core   0: 3 0x80004ab8 (0x0ff0000f)
core   0: 0x80004abc (0x416bdc33) sra     s8, s7, s6
core   0: 3 0x80004abc (0x416bdc33) x24 0x000000a8
core   0: 0x80004ac0 (0x00af9213) slli    tp, t6, 10
core   0: 3 0x80004ac0 (0x00af9213) x 4 0x00000000
core   0: 0x80004ac4 (0x00400513) li      a0, 4
core   0: 3 0x80004ac4 (0x00400513) x10 0x00000004
core   0: 0x80004ac8 (0x00900e13) li      t3, 9
core   0: 3 0x80004ac8 (0x00900e13) x28 0x00000009
core   0: 0x80004acc (0x330f6c13) ori     s8, t5, 816
core   0: 3 0x80004acc (0x330f6c13) x24 0x00000330
core   0: 0x80004ad0 (0x00750513) addi    a0, a0, 7
core   0: 3 0x80004ad0 (0x00750513) x10 0x0000000b
core   0: 0x80004ad4 (0x00000013) nop
core   0: 3 0x80004ad4 (0x00000013)
core   0: 0x80004ad8 (0xffc56ae3) bltu    a0, t3, pc - 12
core   0: 3 0x80004ad8 (0xffc56ae3)
core   0: 0x80004adc (0x00000013) nop
core   0: 3 0x80004adc (0x00000013)
core   0: 0x80004ae0 (0x00360eb3) add     t4, a2, gp
core   0: 3 0x80004ae0 (0x00360eb3) x29 0x80024e65
core   0: 0x80004ae4 (0xbe1da393) slti    t2, s11, -1055
core   0: 3 0x80004ae4 (0xbe1da393) x 7 0x00000000
core   0: 0x80004ae8 (0x0ff0000f) fence   iorw,iorw
core   0: 3 0x80004ae8 (0x0ff0000f)
core   0: 0x80004aec (0x416d83b3) sub     t2, s11, s6
core   0: 3 0x80004aec (0x416d83b3) x 7 0xfffffffd
core   0: 0x80004af0 (0x05379863) bne     a5, s3, pc + 80
core   0: 3 0x80004af0 (0x05379863)
core   0: 0x80004b40 (0x40025eb3) sra     t4, tp, zero
core   0: 3 0x80004b40 (0x40025eb3) x29 0x00000000
core   0: 0x80004b44 (0x41535293) srai    t0, t1, 21
core   0: 3 0x80004b44 (0x41535293) x 5 0xfffffc00
core   0: 0x80004b48 (0xf3d97f93) andi    t6, s2, -195
core   0: 3 0x80004b48 (0xf3d97f93) x31 0x00000501
core   0: 0x80004b4c (0xc6552b17) auipc   s6, 0xc6552
core   0: 3 0x80004b4c (0xc6552b17) x22 0x46556b4c
core   0: 0x80004b50 (0x001bafb3) slt     t6, s7, ra
core   0: 3 0x80004b50 (0x001bafb3) x31 0x00000000
core   0: 0x80004b54 (0x007c71b3) and     gp, s8, t2
core   0: 3 0x80004b54 (0x007c71b3) x 3 0x00000330
core   0: 0x80004b58 (0x0ff0000f) fence   iorw,iorw
core   0: 3 0x80004b58 (0x0ff0000f)
core   0: 0x80004b5c (0x411904b3) sub     s1, s2, a7
core   0: 3 0x80004b5c (0x411904b3) x 9 0x00002841
core   0: 0x80004b60 (0x3ec5fdb7) lui     s11, 0x3ec5f
core   0: 3 0x80004b60 (0x3ec5fdb7) x27 0x3ec5f000
core   0: 0x80004b64 (0x01085863) bge     a6, a6, pc + 16
core   0: 3 0x80004b64 (0x01085863)
core   0: 0x80004b74 (0x011dae33) slt     t3, s11, a7
core   0: 3 0x80004b74 (0x011dae33) x28 0x00000000
core   0: 0x80004b78 (0xa658e493) ori     s1, a7, -1435
core   0: 3 0x80004b78 (0xa658e493) x 9 0xffffff65
core   0: 0x80004b7c (0x0ff0000f) fence   iorw,iorw
core   0: 3 0x80004b7c (0x0ff0000f)
core   0: 0x80004b80 (0x03d66913) ori     s2, a2, 61
core   0: 3 0x80004b80 (0x03d66913) x18 0x80024e7d
core   0: 0x80004b84 (0x00000013) nop
core   0: 3 0x80004b84 (0x00000013)
core   0: 0x80004b88 (0xc9827913) andi    s2, tp, -872
core   0: 3 0x80004b88 (0xc9827913) x18 0x00000000
core   0: 0x80004b8c (0xe7736293) ori     t0, t1, -393
core   0: 3 0x80004b8c (0xe7736293) x 5 0xfffffff7
core   0: 0x80004b90 (0x019a0833) add     a6, s4, s9
core   0: 3 0x80004b90 (0x019a0833) x16 0xdd00066f
core   0: 0x80004b94 (0xaab52093) slti    ra, a0, -1365
core   0: 3 0x80004b94 (0xaab52093) x 1 0x00000000
core   0: 0x80004b98 (0x0105e533) or      a0, a1, a6
core   0: 3 0x80004b98 (0x0105e533) x10 0xdd00066f
core   0: 0x80004b9c (0xc831c213) xori    tp, gp, -893
core   0: 3 0x80004b9c (0xc831c213) x 4 0xffffffb3
core   0: 0x80004ba0 (0x05e30663) beq     t1, t5, pc + 76
core   0: 3 0x80004ba0 (0x05e30663)
core   0: 0x80004ba4 (0x0000100f) fence.i
core   0: 3 0x80004ba4 (0x0000100f)
core   0: 0x80004ba8 (0x0ff0000f) fence   iorw,iorw
core   0: 3 0x80004ba8 (0x0ff0000f)
core   0: 0x80004bac (0x01bbd463) bge     s7, s11, pc + 8
core   0: 3 0x80004bac (0x01bbd463)
core   0: 0x80004bb0 (0x0119a533) slt     a0, s3, a7
core   0: 3 0x80004bb0 (0x0119a533) x10 0x00000001
core   0: 0x80004bb4 (0xb5bcac13) slti    s8, s9, -1189
core   0: 3 0x80004bb4 (0xb5bcac13) x24 0x00000000
core   0: 0x80004bb8 (0x02c68663) beq     a3, a2, pc + 44
core   0: 3 0x80004bb8 (0x02c68663)
core   0: 0x80004bbc (0xdbe34293) xori    t0, t1, -578
core   0: 3 0x80004bbc (0xdbe34293) x 5 0x7ffda849
core   0: 0x80004bc0 (0x0a4fc663) blt     t6, tp, pc + 172
core   0: 3 0x80004bc0 (0x0a4fc663)
core   0: 0x80004bc4 (0x0065d663) bge     a1, t1, pc + 12
core   0: 3 0x80004bc4 (0x0065d663)
core   0: 0x80004bc8 (0x00681d33) sll     s10, a6, t1
core   0: 3 0x80004bc8 (0x00681d33) x26 0x37800000
core   0: 0x80004bcc (0x004c8863) beq     s9, tp, pc + 16
core   0: 3 0x80004bcc (0x004c8863)
core   0: 0x80004bd0 (0x88398f93) addi    t6, s3, -1917
core   0: 3 0x80004bd0 (0x88398f93) x31 0xdcfff705
core   0: 0x80004bd4 (0x00ff3eb3) sltu    t4, t5, a5
core   0: 3 0x80004bd4 (0x00ff3eb3) x29 0x00000001
core   0: 0x80004bd8 (0x41890d33) sub     s10, s2, s8
core   0: 3 0x80004bd8 (0x41890d33) x26 0x00000000
core   0: 0x80004bdc (0x00299213) slli    tp, s3, 2
core   0: 3 0x80004bdc (0x00299213) x 4 0x73fffa08
core   0: 0x80004be0 (0x4060d193) srai    gp, ra, 6
core   0: 3 0x80004be0 (0x4060d193) x 3 0x00000000
core   0: 0x80004be4 (0x005cda63) bge     s9, t0, pc + 20
core   0: 3 0x80004be4 (0x005cda63)
core   0: 0x80004be8 (0x0737dc63) bge     a5, s3, pc + 120
core   0: 3 0x80004be8 (0x0737dc63)
core   0: 0x80004c60 (0xf277ef93) ori     t6, a5, -217
core   0: 3 0x80004c60 (0xf277ef93) x31 0xffffff27
core   0: 0x80004c64 (0x32ed4713) xori    a4, s10, 814
core   0: 3 0x80004c64 (0x32ed4713) x14 0x0000032e
core   0: 0x80004c68 (0x02c10263) beq     sp, a2, pc + 36
core   0: 3 0x80004c68 (0x02c10263)
core   0: 0x80004c6c (0x00000013) nop
core   0: 3 0x80004c6c (0x00000013)
core   0: 0x80004c70 (0x0000100f) fence.i
core   0: 3 0x80004c70 (0x0000100f)
core   0: 0x80004c74 (0x013fc263) blt     t6, s3, pc + 4
core   0: 3 0x80004c74 (0x013fc263)
core   0: 0x80004c78 (0x013cdeb3) srl     t4, s9, s3
core   0: 3 0x80004c78 (0x013cdeb3) x29 0x0000019b
core   0: 0x80004c7c (0x0ff0000f) fence   iorw,iorw
core   0: 3 0x80004c7c (0x0ff0000f)
core   0: 0x80004c80 (0x41305e93) srai    t4, zero, 19
core   0: 3 0x80004c80 (0x41305e93) x29 0x00000000
core   0: 0x80004c84 (0x00000013) nop
core   0: 3 0x80004c84 (0x00000013)
core   0: 0x80004c88 (0x01b65a93) srli    s5, a2, 27
core   0: 3 0x80004c88 (0x01b65a93) x21 0x00000010
core   0: 0x80004c8c (0x34b93213) sltiu   tp, s2, 843
core   0: 3 0x80004c8c (0x34b93213) x 4 0x00000001
core   0: 0x80004c90 (0x05e64263) blt     a2, t5, pc + 68
core   0: 3 0x80004c90 (0x05e64263)
core   0: 0x80004cd4 (0x01e53a33) sltu    s4, a0, t5
core   0: 3 0x80004cd4 (0x01e53a33) x20 0x00000000
core   0: 0x80004cd8 (0x41cc8c33) sub     s8, s9, t3
core   0: 3 0x80004cd8 (0x41cc8c33) x24 0x0000066f
core   0: 0x80004cdc (0x014a70b3) and     ra, s4, s4
core   0: 3 0x80004cdc (0x014a70b3) x 1 0x00000000
core   0: 0x80004ce0 (0x9c02ea13) ori     s4, t0, -1600
core   0: 3 0x80004ce0 (0x9c02ea13) x20 0xfffff9c9
core   0: 0x80004ce4 (0x076d7e63) bgeu    s10, s6, pc + 124
core   0: 3 0x80004ce4 (0x076d7e63)
core   0: 0x80004ce8 (0x0000100f) fence.i
core   0: 3 0x80004ce8 (0x0000100f)
core   0: 0x80004cec (0x0a9cef97) auipc   t6, 0xa9ce
core   0: 3 0x80004cec (0x0a9cef97) x31 0x8a9d2cec
core   0: 0x80004cf0 (0xe01b6c93) ori     s9, s6, -511
core   0: 3 0x80004cf0 (0xe01b6c93) x25 0xffffff4d
core   0: 0x80004cf4 (0x5b202a93) slti    s5, zero, 1458
core   0: 3 0x80004cf4 (0x5b202a93) x21 0x00000001
core   0: 0x80004cf8 (0xaec3b413) sltiu   s0, t2, -1300
core   0: 3 0x80004cf8 (0xaec3b413) x 8 0x00000000
core   0: 0x80004cfc (0x0ff0000f) fence   iorw,iorw
core   0: 3 0x80004cfc (0x0ff0000f)
core   0: 0x80004d00 (0x407187b3) sub     a5, gp, t2
core   0: 3 0x80004d00 (0x407187b3) x15 0x00000003
core   0: 0x80004d04 (0xb4146693) ori     a3, s0, -1215
core   0: 3 0x80004d04 (0xb4146693) x13 0xfffffb41
core   0: 0x80004d08 (0x05fa7a63) bgeu    s4, t6, pc + 84
core   0: 3 0x80004d08 (0x05fa7a63)
core   0: 0x80004d5c (0x007ebf33) sltu    t5, t4, t2
core   0: 3 0x80004d5c (0x007ebf33) x30 0x00000001
core   0: 0x80004d60 (0x332e1817) auipc   a6, 0x332e1
core   0: 3 0x80004d60 (0x332e1817) x16 0xb32e5d60
core   0: 0x80004d64 (0x00d9b833) sltu    a6, s3, a3
core   0: 3 0x80004d64 (0x00d9b833) x16 0x00000001
core   0: 0x80004d68 (0x01505663) bge     zero, s5, pc + 12
core   0: 3 0x80004d68 (0x01505663)
core   0: 0x80004d6c (0x41085c93) srai    s9, a6, 16
core   0: 3 0x80004d6c (0x41085c93) x25 0x00000000
core   0: 0x80004d70 (0x018ad863) bge     s5, s8, pc + 16
core   0: 3 0x80004d70 (0x018ad863)
core   0: 0x80004d74 (0x00f21263) bne     tp, a5, pc + 4
core   0: 3 0x80004d74 (0x00f21263)
core   0: 0x80004d78 (0x00d85e33) srl     t3, a6, a3
core   0: 3 0x80004d78 (0x00d85e33) x28 0x00000000
core   0: 0x80004d7c (0x48b23b13) sltiu   s6, tp, 1163
core   0: 3 0x80004d7c (0x48b23b13) x22 0x00000001
core   0: 0x80004d80 (0x00b832b3) sltu    t0, a6, a1
core   0: 3 0x80004d80 (0x00b832b3) x 5 0x00000001
core   0: 0x80004d84 (0x0451c863) blt     gp, t0, pc + 80
core   0: 3 0x80004d84 (0x0451c863)
core   0: 0x80004dd4 (0x0524c663) blt     s1, s2, pc + 76
core   0: 3 0x80004dd4 (0x0524c663)
core   0: 0x80004e20 (0x0002fe63) bgeu    t0, zero, pc + 28
core   0: 3 0x80004e20 (0x0002fe63)
core   0: 0x80004e3c (0x005d6ab3) or      s5, s10, t0
core   0: 3 0x80004e3c (0x005d6ab3) x21 0x00000001
core   0: 0x80004e40 (0x0122cc33) xor     s8, t0, s2
core   0: 3 0x80004e40 (0x0122cc33) x24 0x00000001
core   0: 0x80004e44 (0x0040dc13) srli    s8, ra, 4
core   0: 3 0x80004e44 (0x0040dc13) x24 0x00000000
core   0: 0x80004e48 (0x26ba08b7) lui     a7, 0x26ba0
core   0: 3 0x80004e48 (0x26ba08b7) x17 0x26ba0000
core   0: 0x80004e4c (0x00d55d93) srli    s11, a0, 13
core   0: 3 0x80004e4c (0x00d55d93) x27 0x00000000
core   0: 0x80004e50 (0x003b9cb3) sll     s9, s7, gp
core   0: 3 0x80004e50 (0x003b9cb3) x25 0x00000541
core   0: 0x80004e54 (0x4189d893) srai    a7, s3, 24
core   0: 3 0x80004e54 (0x4189d893) x17 0xffffffdc
core   0: 0x80004e58 (0x0062a433) slt     s0, t0, t1
core   0: 3 0x80004e58 (0x0062a433) x 8 0x00000000
core   0: 0x80004e5c (0x00000013) nop
core   0: 3 0x80004e5c (0x00000013)
core   0: 0x80004e60 (0x011aed33) or      s10, s5, a7
core   0: 3 0x80004e60 (0x011aed33) x26 0xffffffdd
core   0: 0x80004e64 (0x07088513) addi    a0, a7, 112
core   0: 3 0x80004e64 (0x07088513) x10 0x0000004c
core   0: 0x80004e68 (0x40dbd9b3) sra     s3, s7, a3
core   0: 3 0x80004e68 (0x40dbd9b3) x19 0x000002a0
core   0: 0x80004e6c (0x04a61663) bne     a2, a0, pc + 76
core   0: 3 0x80004e6c (0x04a61663)
core   0: 0x80004eb8 (0x4013dc13) srai    s8, t2, 1
core   0: 3 0x80004eb8 (0x4013dc13) x24 0xfffffffe
core   0: 0x80004ebc (0x00d68863) beq     a3, a3, pc + 16
core   0: 3 0x80004ebc (0x00d68863)
core   0: 0x80004ecc (0x00e8d663) bge     a7, a4, pc + 12
core   0: 3 0x80004ecc (0x00e8d663)
core   0: 0x80004ed0 (0x00375b93) srli    s7, a4, 3
core   0: 3 0x80004ed0 (0x00375b93) x23 0x00000065
core   0: 0x80004ed4 (0x00a2d093) srli    ra, t0, 10
core   0: 3 0x80004ed4 (0x00a2d093) x 1 0x00000000
core   0: 0x80004ed8 (0x4151d993) srai    s3, gp, 21
core   0: 3 0x80004ed8 (0x4151d993) x19 0x00000000
core   0: 0x80004edc (0x0ff0000f) fence   iorw,iorw
core   0: 3 0x80004edc (0x0ff0000f)
core   0: 0x80004ee0 (0x00d6e9b3) or      s3, a3, a3
core   0: 3 0x80004ee0 (0x00d6e9b3) x19 0xfffffb41
core   0: 0x80004ee4 (0x0ff0000f) fence   iorw,iorw
core   0: 3 0x80004ee4 (0x0ff0000f)
core   0: 0x80004ee8 (0x001bd263) bge     s7, ra, pc + 4
core   0: 3 0x80004ee8 (0x001bd263)
core   0: 0x80004eec (0x60699a97) auipc   s5, 0x60699
core   0: 3 0x80004eec (0x60699a97) x21 0xe069deec
core   0: 0x80004ef0 (0x035b7663) bgeu    s6, s5, pc + 44
core   0: 3 0x80004ef0 (0x035b7663)
core   0: 0x80004ef4 (0x0187d463) bge     a5, s8, pc + 8
core   0: 3 0x80004ef4 (0x0187d463)
core   0: 0x80004efc (0x9494f497) auipc   s1, 0x9494f
core   0: 3 0x80004efc (0x9494f497) x 9 0x14953efc
core   0: 0x80004f00 (0x5dc66f93) ori     t6, a2, 1500
core   0: 3 0x80004f00 (0x5dc66f93) x31 0x80024ffc
core   0: 0x80004f04 (0xa61591b7) lui     gp, 0xa6159
core   0: 3 0x80004f04 (0xa61591b7) x 3 0xa6159000
core   0: 0x80004f08 (0x01b70ab3) add     s5, a4, s11
core   0: 3 0x80004f08 (0x01b70ab3) x21 0x0000032e
core   0: 0x80004f0c (0x40f25cb3) sra     s9, tp, a5
core   0: 3 0x80004f0c (0x40f25cb3) x25 0x00000000
core   0: 0x80004f10 (0x015c99b3) sll     s3, s9, s5
core   0: 3 0x80004f10 (0x015c99b3) x19 0x00000000
core   0: 0x80004f14 (0x05730263) beq     t1, s7, pc + 68
core   0: 3 0x80004f14 (0x05730263)
core   0: 0x80004f18 (0x0ff0000f) fence   iorw,iorw
core   0: 3 0x80004f18 (0x0ff0000f)
core   0: 0x80004f1c (0x01a567b3) or      a5, a0, s10
core   0: 3 0x80004f1c (0x01a567b3) x15 0xffffffdd
core   0: 0x80004f20 (0x6d97bd13) sltiu   s10, a5, 1753
core   0: 3 0x80004f20 (0x6d97bd13) x26 0x00000000
core   0: 0x80004f24 (0x047bf063) bgeu    s7, t2, pc + 64
core   0: 3 0x80004f24 (0x047bf063)
core   0: 0x80004f28 (0x01123cb3) sltu    s9, tp, a7
core   0: 3 0x80004f28 (0x01123cb3) x25 0x00000001
core   0: 0x80004f2c (0x0000100f) fence.i
core   0: 3 0x80004f2c (0x0000100f)
core   0: 0x80004f30 (0xeadfbf13) sltiu   t5, t6, -339
core   0: 3 0x80004f30 (0xeadfbf13) x30 0x00000001
core   0: 0x80004f34 (0x00569e63) bne     a3, t0, pc + 28
core   0: 3 0x80004f34 (0x00569e63)
core   0: 0x80004f50 (0x40465013) srai    zero, a2, 4
core   0: 3 0x80004f50 (0x40465013)
core   0: 0x80004f54 (0x2dda0d13) addi    s10, s4, 733
core   0: 3 0x80004f54 (0x2dda0d13) x26 0xfffffca6
core   0: 0x80004f58 (0x01499fb3) sll     t6, s3, s4
core   0: 3 0x80004f58 (0x01499fb3) x31 0x00000000
core   0: 0x80004f5c (0xa3a94d13) xori    s10, s2, -1478
core   0: 3 0x80004f5c (0xa3a94d13) x26 0xfffffa3a
core   0: 0x80004f60 (0x62fa3213) sltiu   tp, s4, 1583
core   0: 3 0x80004f60 (0x62fa3213) x 4 0x00000000
core   0: 0x80004f64 (0x0e8e8d93) addi    s11, t4, 232
core   0: 3 0x80004f64 (0x0e8e8d93) x27 0x000000e8
core   0: 0x80004f68 (0x052fe063) bltu    t6, s2, pc + 64
core   0: 3 0x80004f68 (0x052fe063)
core   0: 0x80004f6c (0x00019863) bnez    gp, pc + 16
core   0: 3 0x80004f6c (0x00019863)
core   0: 0x80004f7c (0x002b7e33) and     t3, s6, sp
core   0: 3 0x80004f7c (0x002b7e33) x28 0x00000000
core   0: 0x80004f80 (0x0287ee63) bltu    a5, s0, pc + 60
core   0: 3 0x80004f80 (0x0287ee63)
core   0: 0x80004f84 (0x00ea8833) add     a6, s5, a4
core   0: 3 0x80004f84 (0x00ea8833) x16 0x0000065c
core   0: 0x80004f88 (0x00d09a63) bne     ra, a3, pc + 20
core   0: 3 0x80004f88 (0x00d09a63)
core   0: 0x80004f9c (0x015db4b3) sltu    s1, s11, s5
core   0: 3 0x80004f9c (0x015db4b3) x 9 0x00000001
core   0: 0x80004fa0 (0x0ff0000f) fence   iorw,iorw
core   0: 3 0x80004fa0 (0x0ff0000f)
core   0: 0x80004fa4 (0x7b3b2a93) slti    s5, s6, 1971
core   0: 3 0x80004fa4 (0x7b3b2a93) x21 0x00000001
core   0: 0x80004fa8 (0x03ab7863) bgeu    s6, s10, pc + 48
core   0: 3 0x80004fa8 (0x03ab7863)
core   0: 0x80004fac (0x00551433) sll     s0, a0, t0
core   0: 3 0x80004fac (0x00551433) x 8 0x00000098
core   0: 0x80004fb0 (0x008ca3b3) slt     t2, s9, s0
core   0: 3 0x80004fb0 (0x008ca3b3) x 7 0x00000001
core   0: 0x80004fb4 (0x00033533) sltu    a0, t1, zero
core   0: 3 0x80004fb4 (0x00033533) x10 0x00000000
core   0: 0x80004fb8 (0x01991a93) slli    s5, s2, 25
core   0: 3 0x80004fb8 (0x01991a93) x21 0x00000000
core   0: 0x80004fbc (0x03129263) bne     t0, a7, pc + 36
core   0: 3 0x80004fbc (0x03129263)
core   0: 0x80004fe0 (0x40b80533) sub     a0, a6, a1
core   0: 3 0x80004fe0 (0x40b80533) x10 0x8000065c
core   0: 0x80004fe4 (0x04884863) blt     a6, s0, pc + 80
core   0: 3 0x80004fe4 (0x04884863)
core   0: 0x80004fe8 (0x0034d663) bge     s1, gp, pc + 12
core   0: 3 0x80004fe8 (0x0034d663)
core   0: 0x80004ff4 (0x0599d663) bge     s3, s9, pc + 76
core   0: 3 0x80004ff4 (0x0599d663)
core   0: 0x80004ff8 (0xd2c96bb7) lui     s7, 0xd2c96
core   0: 3 0x80004ff8 (0xd2c96bb7) x23 0xd2c96000
core   0: 0x80004ffc (0x05041663) bne     s0, a6, pc + 76
core   0: 3 0x80004ffc (0x05041663)
core   0: 0x80005048 (0x012f1a63) bne     t5, s2, pc + 20
core   0: 3 0x80005048 (0x012f1a63)
core   0: 0x8000505c (0x01915b33) srl     s6, sp, s9
core   0: 3 0x8000505c (0x01915b33) x22 0x40014672
core   0: 0x80005060 (0x40468333) sub     t1, a3, tp
core   0: 3 0x80005060 (0x40468333) x 6 0xfffffb41
core   0: 0x80005064 (0x0000100f) fence.i
core   0: 3 0x80005064 (0x0000100f)
core   0: 0x80005068 (0x001229b3) slt     s3, tp, ra
core   0: 3 0x80005068 (0x001229b3) x19 0x00000000
core   0: 0x8000506c (0x01b79463) bne     a5, s11, pc + 8
core   0: 3 0x8000506c (0x01b79463)
core   0: 0x80005074 (0x004eee33) or      t3, t4, tp
core   0: 3 0x80005074 (0x004eee33) x28 0x00000000
core   0: 0x80005078 (0x02ef7e63) bgeu    t5, a4, pc + 60
core   0: 3 0x80005078 (0x02ef7e63)
core   0: 0x8000507c (0x05ba8663) beq     s5, s11, pc + 76
core   0: 3 0x8000507c (0x05ba8663)
core   0: 0x80005080 (0xba5e5337) lui     t1, 0xba5e5
core   0: 3 0x80005080 (0xba5e5337) x 6 0xba5e5000
core   0: 0x80005084 (0x7dd2fa93) andi    s5, t0, 2013
core   0: 3 0x80005084 (0x7dd2fa93) x21 0x00000001
core   0: 0x80005088 (0x052bd863) bge     s7, s2, pc + 80
core   0: 3 0x80005088 (0x052bd863)
core   0: 0x8000508c (0x408506b3) sub     a3, a0, s0
core   0: 3 0x8000508c (0x408506b3) x13 0x800005c4
core   0: 0x80005090 (0x00e7ad33) slt     s10, a5, a4
core   0: 3 0x80005090 (0x00e7ad33) x26 0x00000001
core   0: 0x80005094 (0x2266c413) xori    s0, a3, 550
core   0: 3 0x80005094 (0x2266c413) x 8 0x800007e2
core   0: 0x80005098 (0x01531693) slli    a3, t1, 21
core   0: 3 0x80005098 (0x01531693) x13 0x00000000
core   0: 0x8000509c (0x5043ae13) slti    t3, t2, 1284
core   0: 3 0x8000509c (0x5043ae13) x28 0x00000001
core   0: 0x800050a0 (0x00d57eb3) and     t4, a0, a3
core   0: 3 0x800050a0 (0x00d57eb3) x29 0x00000000
core   0: 0x800050a4 (0x0071d833) srl     a6, gp, t2
core   0: 3 0x800050a4 (0x0071d833) x16 0x530ac800
core   0: 0x800050a8 (0x012dd733) srl     a4, s11, s2
core   0: 3 0x800050a8 (0x012dd733) x14 0x000000e8
core   0: 0x800050ac (0x00fdb6b3) sltu    a3, s11, a5
core   0: 3 0x800050ac (0x00fdb6b3) x13 0x00000001
core   0: 0x800050b0 (0x01cb4833) xor     a6, s6, t3
core   0: 3 0x800050b0 (0x01cb4833) x16 0x40014673
core   0: 0x800050b4 (0x01519233) sll     tp, gp, s5
core   0: 3 0x800050b4 (0x01519233) x 4 0x4c2b2000
core   0: 0x800050b8 (0x40415eb3) sra     t4, sp, tp
core   0: 3 0x800050b8 (0x40415eb3) x29 0x80028ce4
core   0: 0x800050bc (0x009bb933) sltu    s2, s7, s1
core   0: 3 0x800050bc (0x009bb933) x18 0x00000000
core   0: 0x800050c0 (0x0cf28713) addi    a4, t0, 207
core   0: 3 0x800050c0 (0x0cf28713) x14 0x000000d0
core   0: 0x800050c4 (0x057cc663) blt     s9, s7, pc + 76
core   0: 3 0x800050c4 (0x057cc663)
core   0: 0x800050c8 (0x0ff0000f) fence   iorw,iorw
core   0: 3 0x800050c8 (0x0ff0000f)
core   0: 0x800050cc (0x5afe1717) auipc   a4, 0x5afe1
core   0: 3 0x800050cc (0x5afe1717) x14 0xdafe60cc
core   0: 0x800050d0 (0x60934313) xori    t1, t1, 1545
core   0: 3 0x800050d0 (0x60934313) x 6 0xba5e5609
core   0: 0x800050d4 (0x01401f13) slli    t5, zero, 20
core   0: 3 0x800050d4 (0x01401f13) x30 0x00000000
core   0: 0x800050d8 (0x001a7bb3) and     s7, s4, ra
core   0: 3 0x800050d8 (0x001a7bb3) x23 0x00000000
core   0: 0x800050dc (0x3ddfb013) sltiu   zero, t6, 989
core   0: 3 0x800050dc (0x3ddfb013)
core   0: 0x800050e0 (0x01d9d0b3) srl     ra, s3, t4
core   0: 3 0x800050e0 (0x01d9d0b3) x 1 0x00000000
core   0: 0x800050e4 (0x0000100f) fence.i
core   0: 3 0x800050e4 (0x0000100f)
core   0: 0x800050e8 (0x01a49413) slli    s0, s1, 26
core   0: 3 0x800050e8 (0x01a49413) x 8 0x04000000
core   0: 0x800050ec (0x00585213) srli    tp, a6, 5
core   0: 3 0x800050ec (0x00585213) x 4 0x02000a33
core   0: 0x800050f0 (0x411a0e33) sub     t3, s4, a7
core   0: 3 0x800050f0 (0x411a0e33) x28 0xfffff9ed
core   0: 0x800050f4 (0x41ad89b3) sub     s3, s11, s10
core   0: 3 0x800050f4 (0x41ad89b3) x19 0x000000e7
core   0: 0x800050f8 (0x01818263) beq     gp, s8, pc + 4
core   0: 3 0x800050f8 (0x01818263)
core   0: 0x800050fc (0x86fcd197) auipc   gp, 0x86fcd
core   0: 3 0x800050fc (0x86fcd197) x 3 0x06fd20fc
core   0: 0x80005100 (0x015cbc33) sltu    s8, s9, s5
core   0: 3 0x80005100 (0x015cbc33) x24 0x00000000
core   0: 0x80005104 (0x013ef663) bgeu    t4, s3, pc + 12
core   0: 3 0x80005104 (0x013ef663)
core   0: 0x80005110 (0x007754b3) srl     s1, a4, t2
core   0: 3 0x80005110 (0x007754b3) x 9 0x6d7f3066
core   0: 0x80005114 (0x54923f93) sltiu   t6, tp, 1353
core   0: 3 0x80005114 (0x54923f93) x31 0x00000000
core   0: 0x80005118 (0x404edb93) srai    s7, t4, 4
core   0: 3 0x80005118 (0x404edb93) x23 0xf80028ce
core   0: 0x8000511c (0x01b4dc63) bge     s1, s11, pc + 24
core   0: 3 0x8000511c (0x01b4dc63)
core   0: 0x80005134 (0x015aa1b3) slt     gp, s5, s5
core   0: 3 0x80005134 (0x015aa1b3) x 3 0x00000000
core   0: 0x80005138 (0xff700893) li      a7, -9
core   0: 3 0x80005138 (0xff700893) x17 0xfffffff7
core   0: 0x8000513c (0xf5d74793) xori    a5, a4, -163
core   0: 3 0x8000513c (0xf5d74793) x15 0x25019f91
core   0: 0x80005140 (0x002bf533) and     a0, s7, sp
core   0: 3 0x80005140 (0x002bf533) x10 0x800008c4
core   0: 0x80005144 (0x0ff0000f) fence   iorw,iorw
core   0: 3 0x80005144 (0x0ff0000f)
core   0: 0x80005148 (0x00de3e33) sltu    t3, t3, a3
core   0: 3 0x80005148 (0x00de3e33) x28 0x00000000
core   0: 0x8000514c (0x41270533) sub     a0, a4, s2
core   0: 3 0x8000514c (0x41270533) x10 0xdafe60cc
core   0: 0x80005150 (0xffb00913) li      s2, -5
core   0: 3 0x80005150 (0xffb00913) x18 0xfffffffb
core   0: 0x80005154 (0xd87cf513) andi    a0, s9, -633
core   0: 3 0x80005154 (0xd87cf513) x10 0x00000001
core   0: 0x80005158 (0x0196c9b3) xor     s3, a3, s9
core   0: 3 0x80005158 (0x0196c9b3) x19 0x00000000
core   0: 0x8000515c (0x015ab3b3) sltu    t2, s5, s5
core   0: 3 0x8000515c (0x015ab3b3) x 7 0x00000000
core   0: 0x80005160 (0x012ce1b3) or      gp, s9, s2
core   0: 3 0x80005160 (0x012ce1b3) x 3 0xfffffffb
core   0: 0x80005164 (0x40828f33) sub     t5, t0, s0
core   0: 3 0x80005164 (0x40828f33) x30 0xfc000001
core   0: 0x80005168 (0x0000100f) fence.i
core   0: 3 0x80005168 (0x0000100f)
core   0: 0x8000516c (0x170f2313) slti    t1, t5, 368
core   0: 3 0x8000516c (0x170f2313) x 6 0x00000001
core   0: 0x80005170 (0xdecebc13) sltiu   s8, t4, -532
core   0: 3 0x80005170 (0xdecebc13) x24 0x00000001
core   0: 0x80005174 (0x48710213) addi    tp, sp, 1159
core   0: 3 0x80005174 (0x48710213) x 4 0x8002916b
core   0: 0x80005178 (0x00c1ae33) slt     t3, gp, a2
core   0: 3 0x80005178 (0x00c1ae33) x28 0x00000000
core   0: 0x8000517c (0x00a88893) addi    a7, a7, 10
core   0: 3 0x8000517c (0x00a88893) x17 0x00000001
core   0: 0x80005180 (0xf5632d93) slti    s11, t1, -170
core   0: 3 0x80005180 (0xf5632d93) x27 0x00000000
core   0: 0x80005184 (0x155a2297) auipc   t0, 0x155a2
core   0: 3 0x80005184 (0x155a2297) x 5 0x955a7184
core   0: 0x80005188 (0x758bcc13) xori    s8, s7, 1880
core   0: 3 0x80005188 (0x758bcc13) x24 0xf8002f96
core   0: 0x8000518c (0x014602b3) add     t0, a2, s4
core   0: 3 0x8000518c (0x014602b3) x 5 0x8002482d
core   0: 0x80005190 (0x019b5bb3) srl     s7, s6, s9
core   0: 3 0x80005190 (0x019b5bb3) x23 0x2000a339
core   0: 0x80005194 (0x400404b3) sub     s1, s0, zero
core   0: 3 0x80005194 (0x400404b3) x 9 0x04000000
core   0: 0x80005198 (0x01270c33) add     s8, a4, s2
core   0: 3 0x80005198 (0x01270c33) x24 0xdafe60c7
core   0: 0x8000519c (0x001933b3) sltu    t2, s2, ra
core   0: 3 0x8000519c (0x001933b3) x 7 0x00000000
core   0: 0x800051a0 (0xfa744813) xori    a6, s0, -89
core   0: 3 0x800051a0 (0xfa744813) x16 0xfbffffa7
core   0: 0x800051a4 (0xfb28cee3) blt     a7, s2, pc - 68
core   0: 3 0x800051a4 (0xfb28cee3)
core   0: 0x800051a8 (0xb3f04093) xori    ra, zero, -1217
core   0: 3 0x800051a8 (0xb3f04093) x 1 0xfffffb3f
core   0: 0x800051ac (0x058e9663) bne     t4, s8, pc + 76
core   0: 3 0x800051ac (0x058e9663)
core   0: 0x800051f8 (0x69bcc1b7) lui     gp, 0x69bcc
core   0: 3 0x800051f8 (0x69bcc1b7) x 3 0x69bcc000
core   0: 0x800051fc (0x01d1d893) srli    a7, gp, 29
core   0: 3 0x800051fc (0x01d1d893) x17 0x00000003
core   0: 0x80005200 (0x01e86663) bltu    a6, t5, pc + 12
core   0: 3 0x80005200 (0x01e86663)
core   0: 0x8000520c (0x01a7c4b3) xor     s1, a5, s10
core   0: 3 0x8000520c (0x01a7c4b3) x 9 0x25019f90
core   0: 0x80005210 (0x01152433) slt     s0, a0, a7
core   0: 3 0x80005210 (0x01152433) x 8 0x00000001
core   0: 0x80005214 (0x00dc8db3) add     s11, s9, a3
core   0: 3 0x80005214 (0x00dc8db3) x27 0x00000002
core   0: 0x80005218 (0x003027b3) slt     a5, zero, gp
core   0: 3 0x80005218 (0x003027b3) x15 0x00000001
core   0: 0x8000521c (0x002da833) slt     a6, s11, sp
core   0: 3 0x8000521c (0x002da833) x16 0x00000000
core   0: 0x80005220 (0x00a3c663) blt     t2, a0, pc + 12
core   0: 3 0x80005220 (0x00a3c663)
core   0: 0x8000522c (0x015bbdb3) sltu    s11, s7, s5
core   0: 3 0x8000522c (0x015bbdb3) x27 0x00000000
core   0: 0x80005230 (0xe8726713) ori     a4, tp, -377
core   0: 3 0x80005230 (0xe8726713) x14 0xffffffef
core   0: 0x80005234 (0x0000100f) fence.i
core   0: 3 0x80005234 (0x0000100f)
core   0: 0x80005238 (0xc786e293) ori     t0, a3, -904
core   0: 3 0x80005238 (0xc786e293) x 5 0xfffffc79
core   0: 0x8000523c (0x001474b3) and     s1, s0, ra
core   0: 3 0x8000523c (0x001474b3) x 9 0x00000001
core   0: 0x80005240 (0x3250ee13) ori     t3, ra, 805
core   0: 3 0x80005240 (0x3250ee13) x28 0xfffffb3f
core   0: 0x80005244 (0x00219cb3) sll     s9, gp, sp
core   0: 3 0x80005244 (0x00219cb3) x25 0x9bcc0000
core   0: 0x80005248 (0x0ff0000f) fence   iorw,iorw
core   0: 3 0x80005248 (0x0ff0000f)
core   0: 0x8000524c (0xff700793) li      a5, -9
core   0: 3 0x8000524c (0xff700793) x15 0xfffffff7
core   0: 0x80005250 (0x01100713) li      a4, 17
core   0: 3 0x80005250 (0x01100713) x14 0x00000011
core   0: 0x80005254 (0x012e5313) srli    t1, t3, 18
core   0: 3 0x80005254 (0x012e5313) x 6 0x00003fff
core   0: 0x80005258 (0x416b8033) sub     zero, s7, s6
core   0: 3 0x80005258 (0x416b8033)
core   0: 0x8000525c (0x00978793) addi    a5, a5, 9
core   0: 3 0x8000525c (0x00978793) x15 0x00000000
core   0: 0x80005260 (0x0ff0000f) fence   iorw,iorw
core   0: 3 0x80005260 (0x0ff0000f)
core   0: 0x80005264 (0xfee7eae3) bltu    a5, a4, pc - 12
core   0: 3 0x80005264 (0xfee7eae3)
core   0: 0x80005258 (0x416b8033) sub     zero, s7, s6
core   0: 3 0x80005258 (0x416b8033)
core   0: 0x8000525c (0x00978793) addi    a5, a5, 9
core   0: 3 0x8000525c (0x00978793) x15 0x00000009
core   0: 0x80005260 (0x0ff0000f) fence   iorw,iorw
core   0: 3 0x80005260 (0x0ff0000f)
core   0: 0x80005264 (0xfee7eae3) bltu    a5, a4, pc - 12
core   0: 3 0x80005264 (0xfee7eae3)
core   0: 0x80005258 (0x416b8033) sub     zero, s7, s6
core   0: 3 0x80005258 (0x416b8033)
core   0: 0x8000525c (0x00978793) addi    a5, a5, 9
core   0: 3 0x8000525c (0x00978793) x15 0x00000012
core   0: 0x80005260 (0x0ff0000f) fence   iorw,iorw
core   0: 3 0x80005260 (0x0ff0000f)
core   0: 0x80005264 (0xfee7eae3) bltu    a5, a4, pc - 12
core   0: 3 0x80005264 (0xfee7eae3)
core   0: 0x80005268 (0x002fd933) srl     s2, t6, sp
core   0: 3 0x80005268 (0x002fd933) x18 0x00000000
core   0: 0x8000526c (0x40985693) srai    a3, a6, 9
core   0: 3 0x8000526c (0x40985693) x13 0x00000000
core   0: 0x80005270 (0x694e2213) slti    tp, t3, 1684
core   0: 3 0x80005270 (0x694e2213) x 4 0x00000001
core   0: 0x80005274 (0x0ff0000f) fence   iorw,iorw
core   0: 3 0x80005274 (0x0ff0000f)
core   0: 0x80005278 (0x00a1aeb3) slt     t4, gp, a0
core   0: 3 0x80005278 (0x00a1aeb3) x29 0x00000000
core   0: 0x8000527c (0x71a86513) ori     a0, a6, 1818
core   0: 3 0x8000527c (0x71a86513) x10 0x0000071a
core   0: 0x80005280 (0x05a37263) bgeu    t1, s10, pc + 68
core   0: 3 0x80005280 (0x05a37263)
core   0: 0x800052c4 (0x3eb28013) addi    zero, t0, 1003
core   0: 3 0x800052c4 (0x3eb28013)
core   0: 0x800052c8 (0x0174e3b3) or      t2, s1, s7
core   0: 3 0x800052c8 (0x0174e3b3) x 7 0x2000a339
core   0: 0x800052cc (0x018f63b3) or      t2, t5, s8
core   0: 3 0x800052cc (0x018f63b3) x 7 0xfefe60c7
core   0: 0x800052d0 (0x2a120793) addi    a5, tp, 673
core   0: 3 0x800052d0 (0x2a120793) x15 0x000002a2
core   0: 0x800052d4 (0x00000013) nop
core   0: 3 0x800052d4 (0x00000013)
core   0: 0x800052d8 (0xd44ac293) xori    t0, s5, -700
core   0: 3 0x800052d8 (0xd44ac293) x 5 0xfffffd45
core   0: 0x800052dc (0x00a91d93) slli    s11, s2, 10
core   0: 3 0x800052dc (0x00a91d93) x27 0x00000000
core   0: 0x800052e0 (0x0000100f) fence.i
core   0: 3 0x800052e0 (0x0000100f)
core   0: 0x800052e4 (0x41840333) sub     t1, s0, s8
core   0: 3 0x800052e4 (0x41840333) x 6 0x25019f3a
core   0: 0x800052e8 (0xbad10c13) addi    s8, sp, -1107
core   0: 3 0x800052e8 (0xbad10c13) x24 0x80028891
core   0: 0x800052ec (0x01ef26b3) slt     a3, t5, t5
core   0: 3 0x800052ec (0x01ef26b3) x13 0x00000000
core   0: 0x800052f0 (0x01a9d863) bge     s3, s10, pc + 16
core   0: 3 0x800052f0 (0x01a9d863)
core   0: 0x800052f4 (0x019f4a63) blt     t5, s9, pc + 20
core   0: 3 0x800052f4 (0x019f4a63)
core   0: 0x800052f8 (0x0000100f) fence.i
core   0: 3 0x800052f8 (0x0000100f)
core   0: 0x800052fc (0x01e4c713) xori    a4, s1, 30
core   0: 3 0x800052fc (0x01e4c713) x14 0x0000001f
core   0: 0x80005300 (0x01b14c63) blt     sp, s11, pc + 24
core   0: 3 0x80005300 (0x01b14c63)
core   0: 0x80005318 (0x00e49663) bne     s1, a4, pc + 12
core   0: 3 0x80005318 (0x00e49663)
core   0: 0x80005324 (0xf171e013) ori     zero, gp, -233
core   0: 3 0x80005324 (0xf171e013)
core   0: 0x80005328 (0x01e7f933) and     s2, a5, t5
core   0: 3 0x80005328 (0x01e7f933) x18 0x00000000
core   0: 0x8000532c (0x01069c63) bne     a3, a6, pc + 24
core   0: 3 0x8000532c (0x01069c63)
core   0: 0x80005330 (0x69c5ba13) sltiu   s4, a1, 1692
core   0: 3 0x80005330 (0x69c5ba13) x20 0x00000000
core   0: 0x80005334 (0x0297ce63) blt     a5, s1, pc + 60
core   0: 3 0x80005334 (0x0297ce63)
core   0: 0x80005338 (0x02fe6e63) bltu    t3, a5, pc + 60
core   0: 3 0x80005338 (0x02fe6e63)
core   0: 0x8000533c (0x008d8033) add     zero, s11, s0
core   0: 3 0x8000533c (0x008d8033)
core   0: 0x80005340 (0x9fd824b7) lui     s1, 0x9fd82
core   0: 3 0x80005340 (0x9fd824b7) x 9 0x9fd82000
core   0: 0x80005344 (0x0093c263) blt     t2, s1, pc + 4
core   0: 3 0x80005344 (0x0093c263)
core   0: 0x80005348 (0x5bb5a2b7) lui     t0, 0x5bb5a
core   0: 3 0x80005348 (0x5bb5a2b7) x 5 0x5bb5a000
core   0: 0x8000534c (0x01799263) bne     s3, s7, pc + 4
core   0: 3 0x8000534c (0x01799263)
core   0: 0x80005350 (0x0433c863) blt     t2, gp, pc + 80
core   0: 3 0x80005350 (0x0433c863)
core   0: 0x800053a0 (0x011a51b3) srl     gp, s4, a7
core   0: 3 0x800053a0 (0x011a51b3) x 3 0x00000000
core   0: 0x800053a4 (0x0000100f) fence.i
core   0: 3 0x800053a4 (0x0000100f)
core   0: 0x800053a8 (0x9fe4a813) slti    a6, s1, -1538
core   0: 3 0x800053a8 (0x9fe4a813) x16 0x00000001
core   0: 0x800053ac (0x016232b3) sltu    t0, tp, s6
core   0: 3 0x800053ac (0x016232b3) x 5 0x00000001
core   0: 0x800053b0 (0x01d35533) srl     a0, t1, t4
core   0: 3 0x800053b0 (0x01d35533) x10 0x25019f3a
core   0: 0x800053b4 (0x010f5c33) srl     s8, t5, a6
core   0: 3 0x800053b4 (0x010f5c33) x24 0x7e000000
core   0: 0x800053b8 (0x4190dc93) srai    s9, ra, 25
core   0: 3 0x800053b8 (0x4190dc93) x25 0xffffffff
core   0: 0x800053bc (0x00000013) nop
core   0: 3 0x800053bc (0x00000013)
core   0: 0x800053c0 (0x110bf213) andi    tp, s7, 272
core   0: 3 0x800053c0 (0x110bf213) x 4 0x00000110
core   0: 0x800053c4 (0x40ad5533) sra     a0, s10, a0
core   0: 3 0x800053c4 (0x40ad5533) x10 0x00000000
core   0: 0x800053c8 (0x8bf8c213) xori    tp, a7, -1857
core   0: 3 0x800053c8 (0x8bf8c213) x 4 0xfffff8bc
core   0: 0x800053cc (0x01540eb3) add     t4, s0, s5
core   0: 3 0x800053cc (0x01540eb3) x29 0x00000002
core   0: 0x800053d0 (0xbde17213) andi    tp, sp, -1058
core   0: 3 0x800053d0 (0xbde17213) x 4 0x800288c4
core   0: 0x800053d4 (0x01b0beb3) sltu    t4, ra, s11
core   0: 3 0x800053d4 (0x01b0beb3) x29 0x00000000
core   0: 0x800053d8 (0x40485833) sra     a6, a6, tp
core   0: 3 0x800053d8 (0x40485833) x16 0x00000000
core   0: 0x800053dc (0xe8558c37) lui     s8, 0xe8558
core   0: 3 0x800053dc (0xe8558c37) x24 0xe8558000
core   0: 0x800053e0 (0x00da7a63) bgeu    s4, a3, pc + 20
core   0: 3 0x800053e0 (0x00da7a63)
core   0: 0x800053f4 (0x012c5e33) srl     t3, s8, s2
core   0: 3 0x800053f4 (0x012c5e33) x28 0xe8558000
core   0: 0x800053f8 (0x010cb833) sltu    a6, s9, a6
core   0: 3 0x800053f8 (0x010cb833) x16 0x00000000
core   0: 0x800053fc (0x014fb0b3) sltu    ra, t6, s4
core   0: 3 0x800053fc (0x014fb0b3) x 1 0x00000000
core   0: 0x80005400 (0x01e62eb3) slt     t4, a2, t5
core   0: 3 0x80005400 (0x01e62eb3) x29 0x00000001
core   0: 0x80005404 (0x18a24393) xori    t2, tp, 394
core   0: 3 0x80005404 (0x18a24393) x 7 0x8002894e
core   0: 0x80005408 (0x01a888b3) add     a7, a7, s10
core   0: 3 0x80005408 (0x01a888b3) x17 0x00000004
core   0: 0x8000540c (0x00ebc863) blt     s7, a4, pc + 16
core   0: 3 0x8000540c (0x00ebc863)
core   0: 0x80005410 (0xada0ed93) ori     s11, ra, -1318
core   0: 3 0x80005410 (0xada0ed93) x27 0xfffffada
core   0: 0x80005414 (0x05725663) bge     tp, s7, pc + 76
core   0: 3 0x80005414 (0x05725663)
core   0: 0x80005418 (0x60de3793) sltiu   a5, t3, 1549
core   0: 3 0x80005418 (0x60de3793) x15 0x00000000
core   0: 0x8000541c (0x4091d2b3) sra     t0, gp, s1
core   0: 3 0x8000541c (0x4091d2b3) x 5 0x00000000
core   0: 0x80005420 (0x92c92893) slti    a7, s2, -1748
core   0: 3 0x80005420 (0x92c92893) x17 0x00000000
core   0: 0x80005424 (0x3564c493) xori    s1, s1, 854
core   0: 3 0x80005424 (0x3564c493) x 9 0x9fd82356
core   0: 0x80005428 (0x04c09663) bne     ra, a2, pc + 76
core   0: 3 0x80005428 (0x04c09663)
core   0: 0x80005474 (0x00b75863) bge     a4, a1, pc + 16
core   0: 3 0x80005474 (0x00b75863)
core   0: 0x80005484 (0x4029db93) srai    s7, s3, 2
core   0: 3 0x80005484 (0x4029db93) x23 0x00000000
core   0: 0x80005488 (0x00da0e63) beq     s4, a3, pc + 28
core   0: 3 0x80005488 (0x00da0e63)
core   0: 0x800054a4 (0x706ec193) xori    gp, t4, 1798
core   0: 3 0x800054a4 (0x706ec193) x 3 0x00000707
core   0: 0x800054a8 (0x0ff0000f) fence   iorw,iorw
core   0: 3 0x800054a8 (0x0ff0000f)
core   0: 0x800054ac (0xadb4e793) ori     a5, s1, -1317
core   0: 3 0x800054ac (0xadb4e793) x15 0xfffffbdf
core   0: 0x800054b0 (0xd320be97) auipc   t4, 0xd320b
core   0: 3 0x800054b0 (0xd320be97) x29 0x532104b0
core   0: 0x800054b4 (0x003a8663) beq     s5, gp, pc + 12
core   0: 3 0x800054b4 (0x003a8663)
core   0: 0x800054b8 (0x008f42b3) xor     t0, t5, s0
core   0: 3 0x800054b8 (0x008f42b3) x 5 0xfc000000
core   0: 0x800054bc (0x01a57933) and     s2, a0, s10
core   0: 3 0x800054bc (0x01a57933) x18 0x00000000
core   0: 0x800054c0 (0x40c88833) sub     a6, a7, a2
core   0: 3 0x800054c0 (0x40c88833) x16 0x7ffdb19c
core   0: 0x800054c4 (0x401952b3) sra     t0, s2, ra
core   0: 3 0x800054c4 (0x401952b3) x 5 0x00000000
core   0: 0x800054c8 (0x01b5da93) srli    s5, a1, 27
core   0: 3 0x800054c8 (0x01b5da93) x21 0x00000010
core   0: 0x800054cc (0xd487ce97) auipc   t4, 0xd487c
core   0: 3 0x800054cc (0xd487ce97) x29 0x548814cc
core   0: 0x800054d0 (0x01ce4033) xor     zero, t3, t3
core   0: 3 0x800054d0 (0x01ce4033)
core   0: 0x800054d4 (0x01744d33) xor     s10, s0, s7
core   0: 3 0x800054d4 (0x01744d33) x26 0x00000001
core   0: 0x800054d8 (0xb38cbc13) sltiu   s8, s9, -1224
core   0: 3 0x800054d8 (0xb38cbc13) x24 0x00000000
core   0: 0x800054dc (0x01a01193) slli    gp, zero, 26
core   0: 3 0x800054dc (0x01a01193) x 3 0x00000000
core   0: 0x800054e0 (0x01459c33) sll     s8, a1, s4
core   0: 3 0x800054e0 (0x01459c33) x24 0x80000000
core   0: 0x800054e4 (0x01192f33) slt     t5, s2, a7
core   0: 3 0x800054e4 (0x01192f33) x30 0x00000000
core   0: 0x800054e8 (0xcd13fb93) andi    s7, t2, -815
core   0: 3 0x800054e8 (0xcd13fb93) x23 0x80028840
core   0: 0x800054ec (0x01a05eb3) srl     t4, zero, s10
core   0: 3 0x800054ec (0x01a05eb3) x29 0x00000000
core   0: 0x800054f0 (0x009fe033) or      zero, t6, s1
core   0: 3 0x800054f0 (0x009fe033)
core   0: 0x800054f4 (0x4051df13) srai    t5, gp, 5
core   0: 3 0x800054f4 (0x4051df13) x30 0x00000000
core   0: 0x800054f8 (0x00d2e663) bltu    t0, a3, pc + 12
core   0: 3 0x800054f8 (0x00d2e663)
core   0: 0x800054fc (0x048dd063) bge     s11, s0, pc + 64
core   0: 3 0x800054fc (0x048dd063)
core   0: 0x80005500 (0x7f41ab13) slti    s6, gp, 2036
core   0: 3 0x80005500 (0x7f41ab13) x22 0x00000001
core   0: 0x80005504 (0x03428863) beq     t0, s4, pc + 48
core   0: 3 0x80005504 (0x03428863)
core   0: 0x80005534 (0x01fcbdb3) sltu    s11, s9, t6
core   0: 3 0x80005534 (0x01fcbdb3) x27 0x00000000
core   0: 0x80005538 (0x0017bb33) sltu    s6, a5, ra
core   0: 3 0x80005538 (0x0017bb33) x22 0x00000000
core   0: 0x8000553c (0x037c9e63) bne     s9, s7, pc + 60
core   0: 3 0x8000553c (0x037c9e63)
core   0: 0x80005578 (0x00a77c63) bgeu    a4, a0, pc + 24
core   0: 3 0x80005578 (0x00a77c63)
core   0: 0x80005590 (0x0ff0000f) fence   iorw,iorw
core   0: 3 0x80005590 (0x0ff0000f)
core   0: 0x80005594 (0x06885863) bge     a6, s0, pc + 112
core   0: 3 0x80005594 (0x06885863)
core   0: 0x80005604 (0x05c5d263) bge     a1, t3, pc + 68
core   0: 3 0x80005604 (0x05c5d263)
core   0: 0x80005608 (0x00000013) nop
core   0: 3 0x80005608 (0x00000013)
core   0: 0x8000560c (0xcd77d317) auipc   t1, 0xcd77d
core   0: 3 0x8000560c (0xcd77d317) x 6 0x4d78260c
core   0: 0x80005610 (0x40bf5e33) sra     t3, t5, a1
core   0: 3 0x80005610 (0x40bf5e33) x28 0x00000000
core   0: 0x80005614 (0x01fa9233) sll     tp, s5, t6
core   0: 3 0x80005614 (0x01fa9233) x 4 0x00000010
core   0: 0x80005618 (0x004b4863) blt     s6, tp, pc + 16
core   0: 3 0x80005618 (0x004b4863)
core   0: 0x80005628 (0x01648933) add     s2, s1, s6
core   0: 3 0x80005628 (0x01648933) x18 0x9fd82356
core   0: 0x8000562c (0x4ec3b493) sltiu   s1, t2, 1260
core   0: 3 0x8000562c (0x4ec3b493) x 9 0x00000000
core   0: 0x80005630 (0x013f9513) slli    a0, t6, 19
core   0: 3 0x80005630 (0x013f9513) x10 0x00000000
core   0: 0x80005634 (0x01c78bb3) add     s7, a5, t3
core   0: 3 0x80005634 (0x01c78bb3) x23 0xfffffbdf
core   0: 0x80005638 (0x48ce0db7) lui     s11, 0x48ce0
core   0: 3 0x80005638 (0x48ce0db7) x27 0x48ce0000
core   0: 0x8000563c (0x002d1863) bne     s10, sp, pc + 16
core   0: 3 0x8000563c (0x002d1863)
core   0: 0x8000564c (0xfd6a3d97) auipc   s11, 0xfd6a3
core   0: 3 0x8000564c (0xfd6a3d97) x27 0x7d6a864c
core   0: 0x80005650 (0x0169a533) slt     a0, s3, s6
core   0: 3 0x80005650 (0x0169a533) x10 0x00000000
core   0: 0x80005654 (0x00ef9863) bne     t6, a4, pc + 16
core   0: 3 0x80005654 (0x00ef9863)
core   0: 0x80005664 (0xdc7af713) andi    a4, s5, -569
core   0: 3 0x80005664 (0xdc7af713) x14 0x00000000
core   0: 0x80005668 (0x01599a63) bne     s3, s5, pc + 20
core   0: 3 0x80005668 (0x01599a63)
core   0: 0x8000567c (0x002546b3) xor     a3, a0, sp
core   0: 3 0x8000567c (0x002546b3) x13 0x80028ce4
core   0: 0x80005680 (0x00b8e263) bltu    a7, a1, pc + 4
core   0: 3 0x80005680 (0x00b8e263)
core   0: 0x80005684 (0x00e58663) beq     a1, a4, pc + 12
core   0: 3 0x80005684 (0x00e58663)
core   0: 0x80005688 (0x04371063) bne     a4, gp, pc + 64
core   0: 3 0x80005688 (0x04371063)
core   0: 0x8000568c (0x037e7e63) bgeu    t3, s7, pc + 60
core   0: 3 0x8000568c (0x037e7e63)
core   0: 0x80005690 (0x04c4c263) blt     s1, a2, pc + 68
core   0: 3 0x80005690 (0x04c4c263)
core   0: 0x80005694 (0x05065663) bge     a2, a6, pc + 76
core   0: 3 0x80005694 (0x05065663)
core   0: 0x80005698 (0x001bea63) bltu    s7, ra, pc + 20
core   0: 3 0x80005698 (0x001bea63)
core   0: 0x8000569c (0x00e67863) bgeu    a2, a4, pc + 16
core   0: 3 0x8000569c (0x00e67863)
core   0: 0x800056ac (0x00b99db3) sll     s11, s3, a1
core   0: 3 0x800056ac (0x00b99db3) x27 0x00000000
core   0: 0x800056b0 (0x03900e63) beq     zero, s9, pc + 60
core   0: 3 0x800056b0 (0x03900e63)
core   0: 0x800056b4 (0x41685933) sra     s2, a6, s6
core   0: 3 0x800056b4 (0x41685933) x18 0x7ffdb19c
core   0: 0x800056b8 (0xe4ba2f93) slti    t6, s4, -437
core   0: 3 0x800056b8 (0xe4ba2f93) x31 0x00000000
core   0: 0x800056bc (0x1a3e3313) sltiu   t1, t3, 419
core   0: 3 0x800056bc (0x1a3e3313) x 6 0x00000001
core   0: 0x800056c0 (0x41268a33) sub     s4, a3, s2
core   0: 3 0x800056c0 (0x41268a33) x20 0x0004db48
core   0: 0x800056c4 (0x4316a013) slti    zero, a3, 1073
core   0: 3 0x800056c4 (0x4316a013)
core   0: 0x800056c8 (0xcd98c293) xori    t0, a7, -807
core   0: 3 0x800056c8 (0xcd98c293) x 5 0xfffffcd9
core   0: 0x800056cc (0x40745393) srai    t2, s0, 7
core   0: 3 0x800056cc (0x40745393) x 7 0x00000000
core   0: 0x800056d0 (0x40a5deb3) sra     t4, a1, a0
core   0: 3 0x800056d0 (0x40a5deb3) x29 0x80000000
core   0: 0x800056d4 (0x00556863) bltu    a0, t0, pc + 16
core   0: 3 0x800056d4 (0x00556863)
core   0: 0x800056e4 (0x02a66a93) ori     s5, a2, 42
core   0: 3 0x800056e4 (0x02a66a93) x21 0x80024e6e
core   0: 0x800056e8 (0x00f6bd33) sltu    s10, a3, a5
core   0: 3 0x800056e8 (0x00f6bd33) x26 0x00000001
core   0: 0x800056ec (0x02228663) beq     t0, sp, pc + 44
core   0: 3 0x800056ec (0x02228663)
core   0: 0x800056f0 (0x016fb1b3) sltu    gp, t6, s6
core   0: 3 0x800056f0 (0x016fb1b3) x 3 0x00000000
core   0: 0x800056f4 (0x40945713) srai    a4, s0, 9
core   0: 3 0x800056f4 (0x40945713) x14 0x00000000
core   0: 0x800056f8 (0x0ff0000f) fence   iorw,iorw
core   0: 3 0x800056f8 (0x0ff0000f)
core   0: 0x800056fc (0x007dc863) blt     s11, t2, pc + 16
core   0: 3 0x800056fc (0x007dc863)
core   0: 0x80005700 (0x0165d833) srl     a6, a1, s6
core   0: 3 0x80005700 (0x0165d833) x16 0x80000000
core   0: 0x80005704 (0x0000100f) fence.i
core   0: 3 0x80005704 (0x0000100f)
core   0: 0x80005708 (0x00000013) nop
core   0: 3 0x80005708 (0x00000013)
core   0: 0x8000570c (0x0000100f) fence.i
core   0: 3 0x8000570c (0x0000100f)
core   0: 0x80005710 (0x00ec53b3) srl     t2, s8, a4
core   0: 3 0x80005710 (0x00ec53b3) x 7 0x80000000
core   0: 0x80005714 (0x0182c833) xor     a6, t0, s8
core   0: 3 0x80005714 (0x0182c833) x16 0x7ffffcd9
core   0: 0x80005718 (0x01fabb33) sltu    s6, s5, t6
core   0: 3 0x80005718 (0x01fabb33) x22 0x00000000
core   0: 0x8000571c (0x00d69663) bne     a3, a3, pc + 12
core   0: 3 0x8000571c (0x00d69663)
core   0: 0x80005720 (0x047cd663) bge     s9, t2, pc + 76
core   0: 3 0x80005720 (0x047cd663)
core   0: 0x8000576c (0x01361463) bne     a2, s3, pc + 8
core   0: 3 0x8000576c (0x01361463)
core   0: 0x80005774 (0x40c2d413) srai    s0, t0, 12
core   0: 3 0x80005774 (0x40c2d413) x 8 0xffffffff
core   0: 0x80005778 (0xaf55e037) lui     zero, 0xaf55e
core   0: 3 0x80005778 (0xaf55e037)
core   0: 0x8000577c (0x00000013) nop
core   0: 3 0x8000577c (0x00000013)
core   0: 0x80005780 (0x6743c513) xori    a0, t2, 1652
core   0: 3 0x80005780 (0x6743c513) x10 0x80000674
core   0: 0x80005784 (0x0ff0000f) fence   iorw,iorw
core   0: 3 0x80005784 (0x0ff0000f)
core   0: 0x80005788 (0x00000013) nop
core   0: 3 0x80005788 (0x00000013)
core   0: 0x8000578c (0x40fd84b3) sub     s1, s11, a5
core   0: 3 0x8000578c (0x40fd84b3) x 9 0x00000421
core   0: 0x80005790 (0x0ff0000f) fence   iorw,iorw
core   0: 3 0x80005790 (0x0ff0000f)
core   0: 0x80005794 (0x0ff0000f) fence   iorw,iorw
core   0: 3 0x80005794 (0x0ff0000f)
core   0: 0x80005798 (0xf0eb4f13) xori    t5, s6, -242
core   0: 3 0x80005798 (0xf0eb4f13) x30 0xffffff0e
core   0: 0x8000579c (0x408ad713) srai    a4, s5, 8
core   0: 3 0x8000579c (0x408ad713) x14 0xff80024e
core   0: 0x800057a0 (0x01767c63) bgeu    a2, s7, pc + 24
core   0: 3 0x800057a0 (0x01767c63)
core   0: 0x800057a4 (0xcf3e8c13) addi    s8, t4, -781
core   0: 3 0x800057a4 (0xcf3e8c13) x24 0x7ffffcf3
core   0: 0x800057a8 (0x18873f93) sltiu   t6, a4, 392
core   0: 3 0x800057a8 (0x18873f93) x31 0x00000000
core   0: 0x800057ac (0xa46af493) andi    s1, s5, -1466
core   0: 3 0x800057ac (0xa46af493) x 9 0x80024a46
core   0: 0x800057b0 (0x01c84733) xor     a4, a6, t3
core   0: 3 0x800057b0 (0x01c84733) x14 0x7ffffcd9
core   0: 0x800057b4 (0x01d7aab3) slt     s5, a5, t4
core   0: 3 0x800057b4 (0x01d7aab3) x21 0x00000000
core   0: 0x800057b8 (0x015c5793) srli    a5, s8, 21
core   0: 3 0x800057b8 (0x015c5793) x15 0x000003ff
core   0: 0x800057bc (0xfd46c813) xori    a6, a3, -44
core   0: 3 0x800057bc (0xfd46c813) x16 0x7ffd7330
core   0: 0x800057c0 (0x412f5b13) srai    s6, t5, 18
core   0: 3 0x800057c0 (0x412f5b13) x22 0xffffffff
core   0: 0x800057c4 (0x01a833b3) sltu    t2, a6, s10
core   0: 3 0x800057c4 (0x01a833b3) x 7 0x00000000
core   0: 0x800057c8 (0x0135d733) srl     a4, a1, s3
core   0: 3 0x800057c8 (0x0135d733) x14 0x80000000
core   0: 0x800057cc (0x0165e8b3) or      a7, a1, s6
core   0: 3 0x800057cc (0x0165e8b3) x17 0xffffffff
core   0: 0x800057d0 (0x054be263) bltu    s7, s4, pc + 68
core   0: 3 0x800057d0 (0x054be263)
core   0: 0x800057d4 (0x058d6663) bltu    s10, s8, pc + 76
core   0: 3 0x800057d4 (0x058d6663)
core   0: 0x80005820 (0x40485933) sra     s2, a6, tp
core   0: 3 0x80005820 (0x40485933) x18 0x00007ffd
core   0: 0x80005824 (0x01e2d993) srli    s3, t0, 30
core   0: 3 0x80005824 (0x01e2d993) x19 0x00000003
core   0: 0x80005828 (0x401e50b3) sra     ra, t3, ra
core   0: 3 0x80005828 (0x401e50b3) x 1 0x00000000
core   0: 0x8000582c (0x499c2d93) slti    s11, s8, 1177
core   0: 3 0x8000582c (0x499c2d93) x27 0x00000000
core   0: 0x80005830 (0x00aaa813) slti    a6, s5, 10
core   0: 3 0x80005830 (0x00aaa813) x16 0x00000001
core   0: 0x80005834 (0x41ad5ab3) sra     s5, s10, s10
core   0: 3 0x80005834 (0x41ad5ab3) x21 0x00000000
core   0: 0x80005838 (0x01369bb3) sll     s7, a3, s3
core   0: 3 0x80005838 (0x01369bb3) x23 0x00146720
core   0: 0x8000583c (0x0ff0000f) fence   iorw,iorw
core   0: 3 0x8000583c (0x0ff0000f)
core   0: 0x80005840 (0x00ba4833) xor     a6, s4, a1
core   0: 3 0x80005840 (0x00ba4833) x16 0x8004db48
core   0: 0x80005844 (0x01c1a033) slt     zero, gp, t3
core   0: 3 0x80005844 (0x01c1a033)
core   0: 0x80005848 (0x0000100f) fence.i
core   0: 3 0x80005848 (0x0000100f)
core   0: 0x8000584c (0x402b0f33) sub     t5, s6, sp
core   0: 3 0x8000584c (0x402b0f33) x30 0x7ffd731b
core   0: 0x80005850 (0x7008b313) sltiu   t1, a7, 1792
core   0: 3 0x80005850 (0x7008b313) x 6 0x00000000
core   0: 0x80005854 (0x01245813) srli    a6, s0, 18
core   0: 3 0x80005854 (0x01245813) x16 0x00003fff
core   0: 0x80005858 (0x363b8393) addi    t2, s7, 867
core   0: 3 0x80005858 (0x363b8393) x 7 0x00146a83
core   0: 0x8000585c (0x41e95733) sra     a4, s2, t5
core   0: 3 0x8000585c (0x41e95733) x14 0x00000000
core   0: 0x80005860 (0x35903893) sltiu   a7, zero, 857
core   0: 3 0x80005860 (0x35903893) x17 0x00000001
core   0: 0x80005864 (0x0096dab3) srl     s5, a3, s1
core   0: 3 0x80005864 (0x0096dab3) x21 0x02000a33
core   0: 0x80005868 (0xce0f0e13) addi    t3, t5, -800
core   0: 3 0x80005868 (0xce0f0e13) x28 0x7ffd6ffb
core   0: 0x8000586c (0x01bf9463) bne     t6, s11, pc + 8
core   0: 3 0x8000586c (0x01bf9463)
core   0: 0x80005870 (0x0ff0000f) fence   iorw,iorw
core   0: 3 0x80005870 (0x0ff0000f)
core   0: 0x80005874 (0x00c79e93) slli    t4, a5, 12
core   0: 3 0x80005874 (0x00c79e93) x29 0x003ff000
core   0: 0x80005878 (0x05d56863) bltu    a0, t4, pc + 80
core   0: 3 0x80005878 (0x05d56863)
core   0: 0x8000587c (0x0a50fb93) andi    s7, ra, 165
core   0: 3 0x8000587c (0x0a50fb93) x23 0x00000000
core   0: 0x80005880 (0x03f6f863) bgeu    a3, t6, pc + 48
core   0: 3 0x80005880 (0x03f6f863)
core   0: 0x800058b0 (0x40495ab3) sra     s5, s2, tp
core   0: 3 0x800058b0 (0x40495ab3) x21 0x00000000
core   0: 0x800058b4 (0x09eb3517) auipc   a0, 0x9eb3
core   0: 3 0x800058b4 (0x09eb3517) x10 0x89eb88b4
core   0: 0x800058b8 (0xa3386713) ori     a4, a6, -1485
core   0: 3 0x800058b8 (0xa3386713) x14 0xffffffff
core   0: 0x800058bc (0x0c964c63) blt     a2, s1, pc + 216
core   0: 3 0x800058bc (0x0c964c63)
core   0: 0x800058c0 (0x17758813) addi    a6, a1, 375
core   0: 3 0x800058c0 (0x17758813) x16 0x80000177
core   0: 0x800058c4 (0x7c963293) sltiu   t0, a2, 1993
core   0: 3 0x800058c4 (0x7c963293) x 5 0x00000000
core   0: 0x800058c8 (0x94f36f93) ori     t6, t1, -1713
core   0: 3 0x800058c8 (0x94f36f93) x31 0xfffff94f
core   0: 0x800058cc (0x0db4f663) bgeu    s1, s11, pc + 204
core   0: 3 0x800058cc (0x0db4f663)
core   0: 0x80005998 (0x01921193) slli    gp, tp, 25
core   0: 3 0x80005998 (0x01921193) x 3 0x20000000
core   0: 0x8000599c (0x415f5b13) srai    s6, t5, 21
core   0: 3 0x8000599c (0x415f5b13) x22 0x000003ff
core   0: 0x800059a0 (0x28f74013) xori    zero, a4, 655
core   0: 3 0x800059a0 (0x28f74013)
core   0: 0x800059a4 (0x016e53b3) srl     t2, t3, s6
core   0: 3 0x800059a4 (0x016e53b3) x 7 0x00000000
core   0: 0x800059a8 (0x00effeb3) and     t4, t6, a4
core   0: 3 0x800059a8 (0x00effeb3) x29 0xfffff94f
core   0: 0x800059ac (0x01d0fc63) bgeu    ra, t4, pc + 24
core   0: 3 0x800059ac (0x01d0fc63)
core   0: 0x800059b0 (0x00ea9433) sll     s0, s5, a4
core   0: 3 0x800059b0 (0x00ea9433) x 8 0x00000000
core   0: 0x800059b4 (0x017fdb13) srli    s6, t6, 23
core   0: 3 0x800059b4 (0x017fdb13) x22 0x000001ff
core   0: 0x800059b8 (0x40e15793) srai    a5, sp, 14
core   0: 3 0x800059b8 (0x40e15793) x15 0xfffe000a
core   0: 0x800059bc (0x41dad093) srai    ra, s5, 29
core   0: 3 0x800059bc (0x41dad093) x 1 0x00000000
core   0: 0x800059c0 (0xa6bbc393) xori    t2, s7, -1429
core   0: 3 0x800059c0 (0xa6bbc393) x 7 0xfffffa6b
core   0: 0x800059c4 (0x0ae837b7) lui     a5, 0xae83
core   0: 3 0x800059c4 (0x0ae837b7) x15 0x0ae83000
core   0: 0x800059c8 (0x00083cb3) sltu    s9, a6, zero
core   0: 3 0x800059c8 (0x00083cb3) x25 0x00000000
core   0: 0x800059cc (0x01917663) bgeu    sp, s9, pc + 12
core   0: 3 0x800059cc (0x01917663)
core   0: 0x800059d8 (0xac4cc813) xori    a6, s9, -1340
core   0: 3 0x800059d8 (0xac4cc813) x16 0xfffffac4
core   0: 0x800059dc (0x57496993) ori     s3, s2, 1396
core   0: 3 0x800059dc (0x57496993) x19 0x00007ffd
core   0: 0x800059e0 (0x01ea4db3) xor     s11, s4, t5
core   0: 3 0x800059e0 (0x01ea4db3) x27 0x7ff9a853
core   0: 0x800059e4 (0x008a9463) bne     s5, s0, pc + 8
core   0: 3 0x800059e4 (0x008a9463)
core   0: 0x800059e8 (0x00592933) slt     s2, s2, t0
core   0: 3 0x800059e8 (0x00592933) x18 0x00000000
core   0: 0x800059ec (0x01f54663) blt     a0, t6, pc + 12
core   0: 3 0x800059ec (0x01f54663)
core   0: 0x800059f8 (0x00e0b333) sltu    t1, ra, a4
core   0: 3 0x800059f8 (0x00e0b333) x 6 0x00000001
core   0: 0x800059fc (0x0018dc63) bge     a7, ra, pc + 24
core   0: 3 0x800059fc (0x0018dc63)
core   0: 0x80005a14 (0x01975f13) srli    t5, a4, 25
core   0: 3 0x80005a14 (0x01975f13) x30 0x0000007f
core   0: 0x80005a18 (0x05b0c663) blt     ra, s11, pc + 76
core   0: 3 0x80005a18 (0x05b0c663)
core   0: 0x80005a64 (0x007962b3) or      t0, s2, t2
core   0: 3 0x80005a64 (0x007962b3) x 5 0xfffffa6b
core   0: 0x80005a68 (0x03b08e63) beq     ra, s11, pc + 60
core   0: 3 0x80005a68 (0x03b08e63)
core   0: 0x80005a6c (0x417a0e33) sub     t3, s4, s7
core   0: 3 0x80005a6c (0x417a0e33) x28 0x0004db48
core   0: 0x80005a70 (0xc2242c93) slti    s9, s0, -990
core   0: 3 0x80005a70 (0xc2242c93) x25 0x00000000
core   0: 0x80005a74 (0x00b3c233) xor     tp, t2, a1
core   0: 3 0x80005a74 (0x00b3c233) x 4 0x7ffffa6b
core   0: 0x80005a78 (0x00564333) xor     t1, a2, t0
core   0: 3 0x80005a78 (0x00564333) x 6 0x7ffdb40f
core   0: 0x80005a7c (0x417a0033) sub     zero, s4, s7
core   0: 3 0x80005a7c (0x417a0033)
core   0: 0x80005a80 (0x61c7c013) xori    zero, a5, 1564
core   0: 3 0x80005a80 (0x61c7c013)
core   0: 0x80005a84 (0x00f2a033) slt     zero, t0, a5
core   0: 3 0x80005a84 (0x00f2a033)
core   0: 0x80005a88 (0x0490e263) bltu    ra, s1, pc + 68
core   0: 3 0x80005a88 (0x0490e263)
core   0: 0x80005acc (0x01764863) blt     a2, s7, pc + 16
core   0: 3 0x80005acc (0x01764863)
core   0: 0x80005adc (0x7bd1e213) ori     tp, gp, 1981
core   0: 3 0x80005adc (0x7bd1e213) x 4 0x200007bd
core   0: 0x80005ae0 (0x00ba2333) slt     t1, s4, a1
core   0: 3 0x80005ae0 (0x00ba2333) x 6 0x00000000
core   0: 0x80005ae4 (0x0564f063) bgeu    s1, s6, pc + 64
core   0: 3 0x80005ae4 (0x0564f063)
core   0: 0x80005b24 (0x01771713) slli    a4, a4, 23
core   0: 3 0x80005b24 (0x01771713) x14 0xff800000
core   0: 0x80005b28 (0x00820f33) add     t5, tp, s0
core   0: 3 0x80005b28 (0x00820f33) x30 0x200007bd
core   0: 0x80005b2c (0x00887db3) and     s11, a6, s0
core   0: 3 0x80005b2c (0x00887db3) x27 0x00000000
core   0: 0x80005b30 (0xa4bbab17) auipc   s6, 0xa4bba
core   0: 3 0x80005b30 (0xa4bbab17) x22 0x24bbfb30
core   0: 0x80005b34 (0x009a1a33) sll     s4, s4, s1
core   0: 3 0x80005b34 (0x009a1a33) x20 0x0136d200
core   0: 0x80005b38 (0x00000013) nop
core   0: 3 0x80005b38 (0x00000013)
core   0: 0x80005b3c (0x00a00a93) li      s5, 10
core   0: 3 0x80005b3c (0x00a00a93) x21 0x0000000a
core   0: 0x80005b40 (0x00000013) nop
core   0: 3 0x80005b40 (0x00000013)
core   0: 0x80005b44 (0x00f00d93) li      s11, 15
core   0: 3 0x80005b44 (0x00f00d93) x27 0x0000000f
core   0: 0x80005b48 (0x24ec8d13) addi    s10, s9, 590
core   0: 3 0x80005b48 (0x24ec8d13) x26 0x0000024e
core   0: 0x80005b4c (0x400e57b3) sra     a5, t3, zero
core   0: 3 0x80005b4c (0x400e57b3) x15 0x0004db48
core   0: 0x80005b50 (0x010dccb3) xor     s9, s11, a6
core   0: 3 0x80005b50 (0x010dccb3) x25 0xfffffacb
core   0: 0x80005b54 (0x34a18293) addi    t0, gp, 842
core   0: 3 0x80005b54 (0x34a18293) x 5 0x2000034a
core   0: 0x80005b58 (0x0017d993) srli    s3, a5, 1
core   0: 3 0x80005b58 (0x0017d993) x19 0x00026da4
core   0: 0x80005b5c (0x006a8a93) addi    s5, s5, 6
core   0: 3 0x80005b5c (0x006a8a93) x21 0x00000010
core   0: 0x80005b60 (0x0001f033) and     zero, gp, zero
core   0: 3 0x80005b60 (0x0001f033)
core   0: 0x80005b64 (0x00600713) li      a4, 6
core   0: 3 0x80005b64 (0x00600713) x14 0x00000006
core   0: 0x80005b68 (0x01aade33) srl     t3, s5, s10
core   0: 3 0x80005b68 (0x01aade33) x28 0x00000000
core   0: 0x80005b6c (0x00600813) li      a6, 6
core   0: 3 0x80005b6c (0x00600813) x16 0x00000006
core   0: 0x80005b70 (0x00faecb3) or      s9, s5, a5
core   0: 3 0x80005b70 (0x00faecb3) x25 0x0004db58
core   0: 0x80005b74 (0x00504433) xor     s0, zero, t0
core   0: 3 0x80005b74 (0x00504433) x 8 0x2000034a
core   0: 0x80005b78 (0x00000013) nop
core   0: 3 0x80005b78 (0x00000013)
core   0: 0x80005b7c (0x0000100f) fence.i
core   0: 3 0x80005b7c (0x0000100f)
core   0: 0x80005b80 (0xffe70713) addi    a4, a4, -2
core   0: 3 0x80005b80 (0xffe70713) x14 0x00000004
core   0: 0x80005b84 (0x41250f33) sub     t5, a0, s2
core   0: 3 0x80005b84 (0x41250f33) x30 0x89eb88b4
core   0: 0x80005b88 (0xff0778e3) bgeu    a4, a6, pc - 16
core   0: 3 0x80005b88 (0xff0778e3)
core   0: 0x80005b8c (0xbce10d13) addi    s10, sp, -1074
core   0: 3 0x80005b8c (0xbce10d13) x26 0x800288b2
core   0: 0x80005b90 (0x66c7f493) andi    s1, a5, 1644
core   0: 3 0x80005b90 (0x66c7f493) x 9 0x00000248
core   0: 0x80005b94 (0xfbbaeae3) bltu    s5, s11, pc - 76
core   0: 3 0x80005b94 (0xfbbaeae3)
core   0: 0x80005b98 (0x00000013) nop
core   0: 3 0x80005b98 (0x00000013)
core   0: 0x80005b9c (0x00000013) nop
core   0: 3 0x80005b9c (0x00000013)
core   0: 0x80005ba0 (0x00a22f33) slt     t5, tp, a0
core   0: 3 0x80005ba0 (0x00a22f33) x30 0x00000000
core   0: 0x80005ba4 (0xcec0b713) sltiu   a4, ra, -788
core   0: 3 0x80005ba4 (0xcec0b713) x14 0x00000001
core   0: 0x80005ba8 (0x04efe663) bltu    t6, a4, pc + 76
core   0: 3 0x80005ba8 (0x04efe663)
core   0: 0x80005bac (0x13a10893) addi    a7, sp, 314
core   0: 3 0x80005bac (0x13a10893) x17 0x80028e1e
core   0: 0x80005bb0 (0x910c3513) sltiu   a0, s8, -1776
core   0: 3 0x80005bb0 (0x910c3513) x10 0x00000001
core   0: 0x80005bb4 (0x008004b3) add     s1, zero, s0
core   0: 3 0x80005bb4 (0x008004b3) x 9 0x2000034a
core   0: 0x80005bb8 (0x00356e63) bltu    a0, gp, pc + 28
core   0: 3 0x80005bb8 (0x00356e63)
core   0: 0x80005bd4 (0x2daca693) slti    a3, s9, 730
core   0: 3 0x80005bd4 (0x2daca693) x13 0x00000000
core   0: 0x80005bd8 (0x1e604b93) xori    s7, zero, 486
core   0: 3 0x80005bd8 (0x1e604b93) x23 0x000001e6
core   0: 0x80005bdc (0x027ce863) bltu    s9, t2, pc + 48
core   0: 3 0x80005bdc (0x027ce863)
core   0: 0x80005c0c (0x41f8deb3) sra     t4, a7, t6
core   0: 3 0x80005c0c (0x41f8deb3) x29 0xffff0005
core   0: 0x80005c10 (0x006bf833) and     a6, s7, t1
core   0: 3 0x80005c10 (0x006bf833) x16 0x00000000
core   0: 0x80005c14 (0x000a1413) slli    s0, s4, 0
core   0: 3 0x80005c14 (0x000a1413) x 8 0x0136d200
core   0: 0x80005c18 (0xda697f93) andi    t6, s2, -602
core   0: 3 0x80005c18 (0xda697f93) x31 0x00000000
core   0: 0x80005c1c (0x4095d6b3) sra     a3, a1, s1
core   0: 3 0x80005c1c (0x4095d6b3) x13 0xffe00000
core   0: 0x80005c20 (0x75cca4b7) lui     s1, 0x75cca
core   0: 3 0x80005c20 (0x75cca4b7) x 9 0x75cca000
core   0: 0x80005c24 (0x01196db3) or      s11, s2, a7
core   0: 3 0x80005c24 (0x01196db3) x27 0x80028e1e
core   0: 0x80005c28 (0x0ff0000f) fence   iorw,iorw
core   0: 3 0x80005c28 (0x0ff0000f)
core   0: 0x80005c2c (0x0135b833) sltu    a6, a1, s3
core   0: 3 0x80005c2c (0x0135b833) x16 0x00000000
core   0: 0x80005c30 (0x41385b33) sra     s6, a6, s3
core   0: 3 0x80005c30 (0x41385b33) x22 0x00000000
core   0: 0x80005c34 (0x0ff0000f) fence   iorw,iorw
core   0: 3 0x80005c34 (0x0ff0000f)
core   0: 0x80005c38 (0xa5113d97) auipc   s11, 0xa5113
core   0: 3 0x80005c38 (0xa5113d97) x27 0x25118c38
core   0: 0x80005c3c (0x039e8e63) beq     t4, s9, pc + 60
core   0: 3 0x80005c3c (0x039e8e63)
core   0: 0x80005c40 (0x01638263) beq     t2, s6, pc + 4
core   0: 3 0x80005c40 (0x01638263)
core   0: 0x80005c44 (0x00000013) nop
core   0: 3 0x80005c44 (0x00000013)
core   0: 0x80005c48 (0x01868863) beq     a3, s8, pc + 16
core   0: 3 0x80005c48 (0x01868863)
core   0: 0x80005c4c (0x04e5e663) bltu    a1, a4, pc + 76
core   0: 3 0x80005c4c (0x04e5e663)
core   0: 0x80005c50 (0x01b2a9b3) slt     s3, t0, s11
core   0: 3 0x80005c50 (0x01b2a9b3) x19 0x00000001
core   0: 0x80005c54 (0x019dd0b3) srl     ra, s11, s9
core   0: 3 0x80005c54 (0x019dd0b3) x 1 0x00000025
core   0: 0x80005c58 (0x009b9893) slli    a7, s7, 9
core   0: 3 0x80005c58 (0x009b9893) x17 0x0003cc00
core   0: 0x80005c5c (0xcd5b7413) andi    s0, s6, -811
core   0: 3 0x80005c5c (0xcd5b7413) x 8 0x00000000
core   0: 0x80005c60 (0x0058e863) bltu    a7, t0, pc + 16
core   0: 3 0x80005c60 (0x0058e863)
core   0: 0x80005c70 (0x0989a813) slti    a6, s3, 152
core   0: 3 0x80005c70 (0x0989a813) x16 0x00000001
core   0: 0x80005c74 (0x31792997) auipc   s3, 0x31792
core   0: 3 0x80005c74 (0x31792997) x19 0xb1797c74
core   0: 0x80005c78 (0x5c42f893) andi    a7, t0, 1476
core   0: 3 0x80005c78 (0x5c42f893) x17 0x00000140
core   0: 0x80005c7c (0x00c7efb3) or      t6, a5, a2
core   0: 3 0x80005c7c (0x00c7efb3) x31 0x8006df6c
core   0: 0x80005c80 (0xddf35917) auipc   s2, 0xddf35
core   0: 3 0x80005c80 (0xddf35917) x18 0x5df3ac80
core   0: 0x80005c84 (0x04bac263) blt     s5, a1, pc + 68
core   0: 3 0x80005c84 (0x04bac263)
core   0: 0x80005c88 (0x0169ca63) blt     s3, s6, pc + 20
core   0: 3 0x80005c88 (0x0169ca63)
core   0: 0x80005c9c (0x055e6863) bltu    t3, s5, pc + 80
core   0: 3 0x80005c9c (0x055e6863)
core   0: 0x80005cec (0xf7a76093) ori     ra, a4, -134
core   0: 3 0x80005cec (0xf7a76093) x 1 0xffffff7b
core   0: 0x80005cf0 (0x40720533) sub     a0, tp, t2
core   0: 3 0x80005cf0 (0x40720533) x10 0x20000d52
core   0: 0x80005cf4 (0x000990b3) sll     ra, s3, zero
core   0: 3 0x80005cf4 (0x000990b3) x 1 0xb1797c74
core   0: 0x80005cf8 (0x00ee1e33) sll     t3, t3, a4
core   0: 3 0x80005cf8 (0x00ee1e33) x28 0x00000000
core   0: 0x80005cfc (0x05e3eb13) ori     s6, t2, 94
core   0: 3 0x80005cfc (0x05e3eb13) x22 0xfffffa7f
core   0: 0x80005d00 (0x0ff0000f) fence   iorw,iorw
core   0: 3 0x80005d00 (0x0ff0000f)
core   0: 0x80005d04 (0x2a022713) slti    a4, tp, 672
core   0: 3 0x80005d04 (0x2a022713) x14 0x00000000
core   0: 0x80005d08 (0x49382393) slti    t2, a6, 1171
core   0: 3 0x80005d08 (0x49382393) x 7 0x00000001
core   0: 0x80005d0c (0x0067de63) bge     a5, t1, pc + 28
core   0: 3 0x80005d0c (0x0067de63)
core   0: 0x80005d28 (0x006754b3) srl     s1, a4, t1
core   0: 3 0x80005d28 (0x006754b3) x 9 0x00000000
core   0: 0x80005d2c (0x5fc4f813) andi    a6, s1, 1532
core   0: 3 0x80005d2c (0x5fc4f813) x16 0x00000000
core   0: 0x80005d30 (0x46941a97) auipc   s5, 0x46941
core   0: 3 0x80005d30 (0x46941a97) x21 0xc6946d30
core   0: 0x80005d34 (0x00b88eb3) add     t4, a7, a1
core   0: 3 0x80005d34 (0x00b88eb3) x29 0x80000140
core   0: 0x80005d38 (0x01267663) bgeu    a2, s2, pc + 12
core   0: 3 0x80005d38 (0x01267663)
core   0: 0x80005d44 (0x01fe2033) slt     zero, t3, t6
core   0: 3 0x80005d44 (0x01fe2033)
core   0: 0x80005d48 (0x0000100f) fence.i
core   0: 3 0x80005d48 (0x0000100f)
core   0: 0x80005d4c (0xc3b7e493) ori     s1, a5, -965
core   0: 3 0x80005d4c (0xc3b7e493) x 9 0xffffff7b
core   0: 0x80005d50 (0x0019e7b3) or      a5, s3, ra
core   0: 3 0x80005d50 (0x0019e7b3) x15 0xb1797c74
core   0: 0x80005d54 (0x00387433) and     s0, a6, gp
core   0: 3 0x80005d54 (0x00387433) x 8 0x00000000
core   0: 0x80005d58 (0x003b2733) slt     a4, s6, gp
core   0: 3 0x80005d58 (0x003b2733) x14 0x00000001
core   0: 0x80005d5c (0x4064ddb3) sra     s11, s1, t1
core   0: 3 0x80005d5c (0x4064ddb3) x27 0xffffff7b
core   0: 0x80005d60 (0x00000013) nop
core   0: 3 0x80005d60 (0x00000013)
core   0: 0x80005d64 (0x047a1263) bne     s4, t2, pc + 68
core   0: 3 0x80005d64 (0x047a1263)
core   0: 0x80005da8 (0x00b282b3) add     t0, t0, a1
core   0: 3 0x80005da8 (0x00b282b3) x 5 0xa000034a
core   0: 0x80005dac (0xc1abf797) auipc   a5, 0xc1abf
core   0: 3 0x80005dac (0xc1abf797) x15 0x41ac4dac
core   0: 0x80005db0 (0x001adcb3) srl     s9, s5, ra
core   0: 3 0x80005db0 (0x001adcb3) x25 0x00000c69
core   0: 0x80005db4 (0x00000013) nop
core   0: 3 0x80005db4 (0x00000013)
core   0: 0x80005db8 (0x00f44a33) xor     s4, s0, a5
core   0: 3 0x80005db8 (0x00f44a33) x20 0x41ac4dac
core   0: 0x80005dbc (0xd59cb913) sltiu   s2, s9, -679
core   0: 3 0x80005dbc (0xd59cb913) x18 0x00000001
core   0: 0x80005dc0 (0x55237513) andi    a0, t1, 1362
core   0: 3 0x80005dc0 (0x55237513) x10 0x00000000
core   0: 0x80005dc4 (0x05bf1263) bne     t5, s11, pc + 68
core   0: 3 0x80005dc4 (0x05bf1263)
core   0: 0x80005e08 (0x01f16e63) bltu    sp, t6, pc + 28
core   0: 3 0x80005e08 (0x01f16e63)
core   0: 0x80005e24 (0x8f97bd13) sltiu   s10, a5, -1799
core   0: 3 0x80005e24 (0x8f97bd13) x26 0x00000001
core   0: 0x80005e28 (0xcfb48b37) lui     s6, 0xcfb48
core   0: 3 0x80005e28 (0xcfb48b37) x22 0xcfb48000
core   0: 0x80005e2c (0x41ab5913) srai    s2, s6, 26
core   0: 3 0x80005e2c (0x41ab5913) x18 0xfffffff3
core   0: 0x80005e30 (0x04fb5663) bge     s6, a5, pc + 76
core   0: 3 0x80005e30 (0x04fb5663)
core   0: 0x80005e34 (0x002150b3) srl     ra, sp, sp
core   0: 3 0x80005e34 (0x002150b3) x 1 0x080028ce
core   0: 0x80005e38 (0x0ff0000f) fence   iorw,iorw
core   0: 3 0x80005e38 (0x0ff0000f)
core   0: 0x80005e3c (0x2ff0e913) ori     s2, ra, 767
core   0: 3 0x80005e3c (0x2ff0e913) x18 0x08002aff
core   0: 0x80005e40 (0x01521eb3) sll     t4, tp, s5
core   0: 3 0x80005e40 (0x01521eb3) x29 0x07bd0000
core   0: 0x80005e44 (0x0061e0b3) or      ra, gp, t1
core   0: 3 0x80005e44 (0x0061e0b3) x 1 0x20000000
core   0: 0x80005e48 (0x930c5eb7) lui     t4, 0x930c5
core   0: 3 0x80005e48 (0x930c5eb7) x29 0x930c5000
core   0: 0x80005e4c (0x41d38cb3) sub     s9, t2, t4
core   0: 3 0x80005e4c (0x41d38cb3) x25 0x6cf3b001
core   0: 0x80005e50 (0x0238ce63) blt     a7, gp, pc + 60
core   0: 3 0x80005e50 (0x0238ce63)
core   0: 0x80005e8c (0x002983b3) add     t2, s3, sp
core   0: 3 0x80005e8c (0x002983b3) x 7 0x317c0958
core   0: 0x80005e90 (0x05545063) bge     s0, s5, pc + 64
core   0: 3 0x80005e90 (0x05545063)
core   0: 0x80005ed0 (0x35c4e393) ori     t2, s1, 860
core   0: 3 0x80005ed0 (0x35c4e393) x 7 0xffffff7f
core   0: 0x80005ed4 (0x37081037) lui     zero, 0x37081
core   0: 3 0x80005ed4 (0x37081037)
core   0: 0x80005ed8 (0x41fe5913) srai    s2, t3, 31
core   0: 3 0x80005ed8 (0x41fe5913) x18 0x00000000
core   0: 0x80005edc (0x9a12f193) andi    gp, t0, -1631
core   0: 3 0x80005edc (0x9a12f193) x 3 0xa0000100
core   0: 0x80005ee0 (0x01fc56b3) srl     a3, s8, t6
core   0: 3 0x80005ee0 (0x01fc56b3) x13 0x0007ffff
core   0: 0x80005ee4 (0x01a7ebb3) or      s7, a5, s10
core   0: 3 0x80005ee4 (0x01a7ebb3) x23 0x41ac4dad
core   0: 0x80005ee8 (0x048ce663) bltu    s9, s0, pc + 76
core   0: 3 0x80005ee8 (0x048ce663)
core   0: 0x80005eec (0x01d17263) bgeu    sp, t4, pc + 4
core   0: 3 0x80005eec (0x01d17263)
core   0: 0x80005ef0 (0x04267663) bgeu    a2, sp, pc + 76
core   0: 3 0x80005ef0 (0x04267663)
core   0: 0x80005ef4 (0x01c3d833) srl     a6, t2, t3
core   0: 3 0x80005ef4 (0x01c3d833) x16 0xffffff7f
core   0: 0x80005ef8 (0x01d41913) slli    s2, s0, 29
core   0: 3 0x80005ef8 (0x01d41913) x18 0x00000000
core   0: 0x80005efc (0x00000013) nop
core   0: 3 0x80005efc (0x00000013)
core   0: 0x80005f00 (0x59bfb797) auipc   a5, 0x59bfb
core   0: 3 0x80005f00 (0x59bfb797) x15 0xd9c00f00
core   0: 0x80005f04 (0x00e770b3) and     ra, a4, a4
core   0: 3 0x80005f04 (0x00e770b3) x 1 0x00000001
core   0: 0x80005f08 (0xddee3717) auipc   a4, 0xddee3
core   0: 3 0x80005f08 (0xddee3717) x14 0x5dee8f08
core   0: 0x80005f0c (0x02eb9e63) bne     s7, a4, pc + 60
core   0: 3 0x80005f0c (0x02eb9e63)
core   0: 0x80005f48 (0x041f7663) bgeu    t5, ra, pc + 76
core   0: 3 0x80005f48 (0x041f7663)
core   0: 0x80005f4c (0x0ff0000f) fence   iorw,iorw
core   0: 3 0x80005f4c (0x0ff0000f)
core   0: 0x80005f50 (0x0028ceb3) xor     t4, a7, sp
core   0: 3 0x80005f50 (0x0028ceb3) x29 0x80028da4
core   0: 0x80005f54 (0x01cde4b3) or      s1, s11, t3
core   0: 3 0x80005f54 (0x01cde4b3) x 9 0xffffff7b
core   0: 0x80005f58 (0x0146d263) bge     a3, s4, pc + 4
core   0: 3 0x80005f58 (0x0146d263)
core   0: 0x80005f5c (0xfff37717) auipc   a4, 0xfff37
core   0: 3 0x80005f5c (0xfff37717) x14 0x7ff3cf5c
core   0: 0x80005f60 (0xdaddc993) xori    s3, s11, -595
core   0: 3 0x80005f60 (0xdaddc993) x19 0x000002d6
core   0: 0x80005f64 (0x00174e63) blt     a4, ra, pc + 28
core   0: 3 0x80005f64 (0x00174e63)
core   0: 0x80005f68 (0x00cd7663) bgeu    s10, a2, pc + 12
core   0: 3 0x80005f68 (0x00cd7663)
core   0: 0x80005f6c (0x01d07833) and     a6, zero, t4
core   0: 3 0x80005f6c (0x01d07833) x16 0x00000000
core   0: 0x80005f70 (0x01f610b3) sll     ra, a2, t6
core   0: 3 0x80005f70 (0x01f610b3) x 1 0x24e64000
core   0: 0x80005f74 (0x00d09db3) sll     s11, ra, a3
core   0: 3 0x80005f74 (0x00d09db3) x27 0x00000000
core   0: 0x80005f78 (0x00d3a1b3) slt     gp, t2, a3
core   0: 3 0x80005f78 (0x00d3a1b3) x 3 0x00000001
core   0: 0x80005f7c (0x0034ffb3) and     t6, s1, gp
core   0: 3 0x80005f7c (0x0034ffb3) x31 0x00000001
core   0: 0x80005f80 (0x4255ce17) auipc   t3, 0x4255c
core   0: 3 0x80005f80 (0x4255ce17) x28 0xc2561f80
core   0: 0x80005f84 (0x0020c863) blt     ra, sp, pc + 16
core   0: 3 0x80005f84 (0x0020c863)
core   0: 0x80005f88 (0x01009e63) bne     ra, a6, pc + 28
core   0: 3 0x80005f88 (0x01009e63)
core   0: 0x80005fa4 (0x00391d33) sll     s10, s2, gp
core   0: 3 0x80005fa4 (0x00391d33) x26 0x00000000
core   0: 0x80005fa8 (0x9b1bc093) xori    ra, s7, -1615
core   0: 3 0x80005fa8 (0x9b1bc093) x 1 0xbe53b41c
core   0: 0x80005fac (0x033a6863) bltu    s4, s3, pc + 48
core   0: 3 0x80005fac (0x033a6863)
core   0: 0x80005fb0 (0x0040d933) srl     s2, ra, tp
core   0: 3 0x80005fb0 (0x0040d933) x18 0x00000005
core   0: 0x80005fb4 (0x40aa59b3) sra     s3, s4, a0
core   0: 3 0x80005fb4 (0x40aa59b3) x19 0x41ac4dac
core   0: 0x80005fb8 (0x5d5d8d97) auipc   s11, 0x5d5d8
core   0: 3 0x80005fb8 (0x5d5d8d97) x27 0xdd5ddfb8
core   0: 0x80005fbc (0x03d84e63) blt     a6, t4, pc + 60
core   0: 3 0x80005fbc (0x03d84e63)
core   0: 0x80005fc0 (0x01965733) srl     a4, a2, s9
core   0: 3 0x80005fc0 (0x01965733) x14 0x40012732
core   0: 0x80005fc4 (0x0000100f) fence.i
core   0: 3 0x80005fc4 (0x0000100f)
core   0: 0x80005fc8 (0x413f08b3) sub     a7, t5, s3
core   0: 3 0x80005fc8 (0x413f08b3) x17 0xbe53b254
core   0: 0x80005fcc (0x00994663) blt     s2, s1, pc + 12
core   0: 3 0x80005fcc (0x00994663)
core   0: 0x80005fd0 (0x40558c33) sub     s8, a1, t0
core   0: 3 0x80005fd0 (0x40558c33) x24 0xdffffcb6
core   0: 0x80005fd4 (0x00ccb2b3) sltu    t0, s9, a2
core   0: 3 0x80005fd4 (0x00ccb2b3) x 5 0x00000001
core   0: 0x80005fd8 (0x00d1d693) srli    a3, gp, 13
core   0: 3 0x80005fd8 (0x00d1d693) x13 0x00000000
core   0: 0x80005fdc (0x0856c013) xori    zero, a3, 133
core   0: 3 0x80005fdc (0x0856c013)
core   0: 0x80005fe0 (0x8dbe2213) slti    tp, t3, -1829
core   0: 3 0x80005fe0 (0x8dbe2213) x 4 0x00000001
core   0: 0x80005fe4 (0x41578bb3) sub     s7, a5, s5
core   0: 3 0x80005fe4 (0x41578bb3) x23 0x132ba1d0
core   0: 0x80005fe8 (0x84ed0937) lui     s2, 0x84ed0
core   0: 3 0x80005fe8 (0x84ed0937) x18 0x84ed0000
core   0: 0x80005fec (0x0052ce33) xor     t3, t0, t0
core   0: 3 0x80005fec (0x0052ce33) x28 0x00000000
core   0: 0x80005ff0 (0x0000100f) fence.i
core   0: 3 0x80005ff0 (0x0000100f)
core   0: 0x80005ff4 (0x07121863) bne     tp, a7, pc + 112
core   0: 3 0x80005ff4 (0x07121863)
core   0: 0x80006064 (0x004cc6b3) xor     a3, s9, tp
core   0: 3 0x80006064 (0x004cc6b3) x13 0x6cf3b000
core   0: 0x80006068 (0x02ad6263) bltu    s10, a0, pc + 36
core   0: 3 0x80006068 (0x02ad6263)
core   0: 0x8000606c (0x96b06713) ori     a4, zero, -1685
core   0: 3 0x8000606c (0x96b06713) x14 0xfffff96b
core   0: 0x80006070 (0xce163f93) sltiu   t6, a2, -799
core   0: 3 0x80006070 (0xce163f93) x31 0x00000001
core   0: 0x80006074 (0x6f79d317) auipc   t1, 0x6f79d
core   0: 3 0x80006074 (0x6f79d317) x 6 0xef7a3074
core   0: 0x80006078 (0x47d26313) ori     t1, tp, 1149
core   0: 3 0x80006078 (0x47d26313) x 6 0x0000047d
core   0: 0x8000607c (0x9b322193) slti    gp, tp, -1613
core   0: 3 0x8000607c (0x9b322193) x 3 0x00000000
core   0: 0x80006080 (0x01b95213) srli    tp, s2, 27
core   0: 3 0x80006080 (0x01b95213) x 4 0x00000010
core   0: 0x80006084 (0x00000013) nop
core   0: 3 0x80006084 (0x00000013)
core   0: 0x80006088 (0x011bd493) srli    s1, s7, 17
core   0: 3 0x80006088 (0x011bd493) x 9 0x00000995
core   0: 0x8000608c (0xc6efa013) slti    zero, t6, -914
core   0: 3 0x8000608c (0xc6efa013)
core   0: 0x80006090 (0x04df7263) bgeu    t5, a3, pc + 68
core   0: 3 0x80006090 (0x04df7263)
core   0: 0x80006094 (0x003ec333) xor     t1, t4, gp
core   0: 3 0x80006094 (0x003ec333) x 6 0x80028da4
core   0: 0x80006098 (0x01ffc463) blt     t6, t6, pc + 8
core   0: 3 0x80006098 (0x01ffc463)
core   0: 0x8000609c (0x00497263) bgeu    s2, tp, pc + 4
core   0: 3 0x8000609c (0x00497263)
core   0: 0x800060a0 (0x4096d913) srai    s2, a3, 9
core   0: 3 0x800060a0 (0x4096d913) x18 0x003679d8
core   0: 0x800060a4 (0x00f4da63) bge     s1, a5, pc + 20
core   0: 3 0x800060a4 (0x00f4da63)
core   0: 0x800060b8 (0x01e6da13) srli    s4, a3, 30
core   0: 3 0x800060b8 (0x01e6da13) x20 0x00000001
core   0: 0x800060bc (0x6ad2f297) auipc   t0, 0x6ad2f
core   0: 3 0x800060bc (0x6ad2f297) x 5 0xead350bc
core   0: 0x800060c0 (0x00f6e033) or      zero, a3, a5
core   0: 3 0x800060c0 (0x00f6e033)
core   0: 0x800060c4 (0x0017e4b3) or      s1, a5, ra
core   0: 3 0x800060c4 (0x0017e4b3) x 9 0xffd3bf1c
core   0: 0x800060c8 (0x00f87c33) and     s8, a6, a5
core   0: 3 0x800060c8 (0x00f87c33) x24 0x00000000
core   0: 0x800060cc (0x013670b3) and     ra, a2, s3
core   0: 3 0x800060cc (0x013670b3) x 1 0x00004c24
core   0: 0x800060d0 (0x004ce463) bltu    s9, tp, pc + 8
core   0: 3 0x800060d0 (0x004ce463)
core   0: 0x800060d4 (0x042c7063) bgeu    s8, sp, pc + 64
core   0: 3 0x800060d4 (0x042c7063)
core   0: 0x800060d8 (0xa8f8b313) sltiu   t1, a7, -1393
core   0: 3 0x800060d8 (0xa8f8b313) x 6 0x00000001
core   0: 0x800060dc (0x01ec5193) srli    gp, s8, 30
core   0: 3 0x800060dc (0x01ec5193) x 3 0x00000000
core   0: 0x800060e0 (0x406b81b3) sub     gp, s7, t1
core   0: 3 0x800060e0 (0x406b81b3) x 3 0x132ba1cf
core   0: 0x800060e4 (0xd76dc813) xori    a6, s11, -650
core   0: 3 0x800060e4 (0xd76dc813) x16 0x22a222ce
core   0: 0x800060e8 (0x04535663) bge     t1, t0, pc + 76
core   0: 3 0x800060e8 (0x04535663)
core   0: 0x80006134 (0x0d426f13) ori     t5, tp, 212
core   0: 3 0x80006134 (0x0d426f13) x30 0x000000d4
core   0: 0x80006138 (0x01b20cb3) add     s9, tp, s11
core   0: 3 0x80006138 (0x01b20cb3) x25 0xdd5ddfc8
core   0: 0x8000613c (0x0000100f) fence.i
core   0: 3 0x8000613c (0x0000100f)
core   0: 0x80006140 (0x16293493) sltiu   s1, s2, 354
core   0: 3 0x80006140 (0x16293493) x 9 0x00000000
core   0: 0x80006144 (0x09f87c63) bgeu    a6, t6, pc + 152
core   0: 3 0x80006144 (0x09f87c63)
core   0: 0x800061dc (0x67f12093) slti    ra, sp, 1663
core   0: 3 0x800061dc (0x67f12093) x 1 0x00000001
core   0: 0x800061e0 (0x01c8ebb3) or      s7, a7, t3
core   0: 3 0x800061e0 (0x01c8ebb3) x23 0xbe53b254
core   0: 0x800061e4 (0x24a3a517) auipc   a0, 0x24a3a
core   0: 3 0x800061e4 (0x24a3a517) x10 0xa4a401e4
core   0: 0x800061e8 (0x02650863) beq     a0, t1, pc + 48
core   0: 3 0x800061e8 (0x02650863)
core   0: 0x800061ec (0x94c7deb7) lui     t4, 0x94c7d
core   0: 3 0x800061ec (0x94c7deb7) x29 0x94c7d000
core   0: 0x800061f0 (0x00a4d863) bge     s1, a0, pc + 16
core   0: 3 0x800061f0 (0x00a4d863)
core   0: 0x80006200 (0x01409a63) bne     ra, s4, pc + 20
core   0: 3 0x80006200 (0x01409a63)
core   0: 0x80006204 (0x405cd513) srai    a0, s9, 5
core   0: 3 0x80006204 (0x405cd513) x10 0xfeeaeefe
core   0: 0x80006208 (0x86e50713) addi    a4, a0, -1938
core   0: 3 0x80006208 (0x86e50713) x14 0xfeeae76c
core   0: 0x8000620c (0x01d90263) beq     s2, t4, pc + 4
core   0: 3 0x8000620c (0x01d90263)
core   0: 0x80006210 (0x007c42b3) xor     t0, s8, t2
core   0: 3 0x80006210 (0x007c42b3) x 5 0xffffff7f
core   0: 0x80006214 (0x00000013) nop
core   0: 3 0x80006214 (0x00000013)
core   0: 0x80006218 (0x01895693) srli    a3, s2, 24
core   0: 3 0x80006218 (0x01895693) x13 0x00000000
core   0: 0x8000621c (0x406d86b3) sub     a3, s11, t1
core   0: 3 0x8000621c (0x406d86b3) x13 0xdd5ddfb7
core   0: 0x80006220 (0x40bc8333) sub     t1, s9, a1
core   0: 3 0x80006220 (0x40bc8333) x 6 0x5d5ddfc8
core   0: 0x80006224 (0x41b1d393) srai    t2, gp, 27
core   0: 3 0x80006224 (0x41b1d393) x 7 0x00000002
core   0: 0x80006228 (0x3123de37) lui     t3, 0x3123d
core   0: 3 0x80006228 (0x3123de37) x28 0x3123d000
core   0: 0x8000622c (0x019377b3) and     a5, t1, s9
core   0: 3 0x8000622c (0x019377b3) x15 0x5d5ddfc8
core   0: 0x80006230 (0x50216b13) ori     s6, sp, 1282
core   0: 3 0x80006230 (0x50216b13) x22 0x80028de6
core   0: 0x80006234 (0x00cae663) bltu    s5, a2, pc + 12
core   0: 3 0x80006234 (0x00cae663)
core   0: 0x80006238 (0x01fef033) and     zero, t4, t6
core   0: 3 0x80006238 (0x01fef033)
core   0: 0x8000623c (0x41e8de93) srai    t4, a7, 30
core   0: 3 0x8000623c (0x41e8de93) x29 0xfffffffe
core   0: 0x80006240 (0x002c66b3) or      a3, s8, sp
core   0: 3 0x80006240 (0x002c66b3) x13 0x80028ce4
core   0: 0x80006244 (0x00f99d13) slli    s10, s3, 15
core   0: 3 0x80006244 (0x00f99d13) x26 0x26d60000
core   0: 0x80006248 (0x40b95093) srai    ra, s2, 11
core   0: 3 0x80006248 (0x40b95093) x 1 0x000006cf
core   0: 0x8000624c (0x01605a93) srli    s5, zero, 22
core   0: 3 0x8000624c (0x01605a93) x21 0x00000000
core   0: 0x80006250 (0x01319c63) bne     gp, s3, pc + 24
core   0: 3 0x80006250 (0x01319c63)
core   0: 0x80006268 (0x410a5893) srai    a7, s4, 16
core   0: 3 0x80006268 (0x410a5893) x17 0x00000000
core   0: 0x8000626c (0x0ff0000f) fence   iorw,iorw
core   0: 3 0x8000626c (0x0ff0000f)
core   0: 0x80006270 (0x0ff0000f) fence   iorw,iorw
core   0: 3 0x80006270 (0x0ff0000f)
core   0: 0x80006274 (0x410fdab3) sra     s5, t6, a6
core   0: 3 0x80006274 (0x410fdab3) x21 0x00000000
core   0: 0x80006278 (0x007ed033) srl     zero, t4, t2
core   0: 3 0x80006278 (0x007ed033)
core   0: 0x8000627c (0x015c7ab3) and     s5, s8, s5
core   0: 3 0x8000627c (0x015c7ab3) x21 0x00000000
core   0: 0x80006280 (0x017b5d93) srli    s11, s6, 23
core   0: 3 0x80006280 (0x017b5d93) x27 0x00000100
core   0: 0x80006284 (0x0131f663) bgeu    gp, s3, pc + 12
core   0: 3 0x80006284 (0x0131f663)
core   0: 0x80006288 (0x01fcb4b3) sltu    s1, s9, t6
core   0: 3 0x80006288 (0x01fcb4b3) x 9 0x00000000
core   0: 0x8000628c (0x3d7c8713) addi    a4, s9, 983
core   0: 3 0x8000628c (0x3d7c8713) x14 0xdd5de39f
core   0: 0x80006290 (0x00c71b33) sll     s6, a4, a2
core   0: 3 0x80006290 (0x00c71b33) x22 0xd5de39f0
core   0: 0x80006294 (0x70211c37) lui     s8, 0x70211
core   0: 3 0x80006294 (0x70211c37) x24 0x70211000
core   0: 0x80006298 (0x006533b3) sltu    t2, a0, t1
core   0: 3 0x80006298 (0x006533b3) x 7 0x00000000
core   0: 0x8000629c (0x01085cb3) srl     s9, a6, a6
core   0: 3 0x8000629c (0x01085cb3) x25 0x00008a88
core   0: 0x800062a0 (0x40425493) srai    s1, tp, 4
core   0: 3 0x800062a0 (0x40425493) x 9 0x00000001
core   0: 0x800062a4 (0x003138b3) sltu    a7, sp, gp
core   0: 3 0x800062a4 (0x003138b3) x17 0x00000000
core   0: 0x800062a8 (0x00b3f9b3) and     s3, t2, a1
core   0: 3 0x800062a8 (0x00b3f9b3) x19 0x00000000
core   0: 0x800062ac (0x93a9e693) ori     a3, s3, -1734
core   0: 3 0x800062ac (0x93a9e693) x13 0xfffff93a
core   0: 0x800062b0 (0x41c25fb3) sra     t6, tp, t3
core   0: 3 0x800062b0 (0x41c25fb3) x31 0x00000010
core   0: 0x800062b4 (0xde3a7713) andi    a4, s4, -541
core   0: 3 0x800062b4 (0xde3a7713) x14 0x00000001
core   0: 0x800062b8 (0x02f1d663) bge     gp, a5, pc + 44
core   0: 3 0x800062b8 (0x02f1d663)
core   0: 0x800062bc (0x01786863) bltu    a6, s7, pc + 16
core   0: 3 0x800062bc (0x01786863)
core   0: 0x800062cc (0x2eeb7197) auipc   gp, 0x2eeb7
core   0: 3 0x800062cc (0x2eeb7197) x 3 0xaeebd2cc
core   0: 0x800062d0 (0x8e4ce513) ori     a0, s9, -1820
core   0: 3 0x800062d0 (0x8e4ce513) x10 0xfffffaec
core   0: 0x800062d4 (0x05816863) bltu    sp, s8, pc + 80
core   0: 3 0x800062d4 (0x05816863)
core   0: 0x800062d8 (0x01382fb3) slt     t6, a6, s3
core   0: 3 0x800062d8 (0x01382fb3) x31 0x00000000
core   0: 0x800062dc (0x6fcaa317) auipc   t1, 0x6fcaa
core   0: 3 0x800062dc (0x6fcaa317) x 6 0xefcb02dc
core   0: 0x800062e0 (0x03563913) sltiu   s2, a2, 53
core   0: 3 0x800062e0 (0x03563913) x18 0x00000000
core   0: 0x800062e4 (0x0000100f) fence.i
core   0: 3 0x800062e4 (0x0000100f)
core   0: 0x800062e8 (0x0040ff33) and     t5, ra, tp
core   0: 3 0x800062e8 (0x0040ff33) x30 0x00000000
core   0: 0x800062ec (0x018561b3) or      gp, a0, s8
core   0: 3 0x800062ec (0x018561b3) x 3 0xfffffaec
core   0: 0x800062f0 (0x3e672a97) auipc   s5, 0x3e672
core   0: 3 0x800062f0 (0x3e672a97) x21 0xbe6782f0
core   0: 0x800062f4 (0x5e4e0b93) addi    s7, t3, 1508
core   0: 3 0x800062f4 (0x5e4e0b93) x23 0x3123d5e4
core   0: 0x800062f8 (0xabb58d93) addi    s11, a1, -1349
core   0: 3 0x800062f8 (0xabb58d93) x27 0x7ffffabb
core   0: 0x800062fc (0x010d6a63) bltu    s10, a6, pc + 20
core   0: 3 0x800062fc (0x010d6a63)
core   0: 0x80006300 (0x0131dfb3) srl     t6, gp, s3
core   0: 3 0x80006300 (0x0131dfb3) x31 0xfffffaec
core   0: 0x80006304 (0x00000013) nop
core   0: 3 0x80006304 (0x00000013)
core   0: 0x80006308 (0x2eff8493) addi    s1, t6, 751
core   0: 3 0x80006308 (0x2eff8493) x 9 0xfffffddb
core   0: 0x8000630c (0x00000013) nop
core   0: 3 0x8000630c (0x00000013)
core   0: 0x80006310 (0x01628033) add     zero, t0, s6
core   0: 3 0x80006310 (0x01628033)
core   0: 0x80006314 (0x05129263) bne     t0, a7, pc + 68
core   0: 3 0x80006314 (0x05129263)
core   0: 0x80006358 (0x0000100f) fence.i
core   0: 3 0x80006358 (0x0000100f)
core   0: 0x8000635c (0x005a1d93) slli    s11, s4, 5
core   0: 3 0x8000635c (0x005a1d93) x27 0x00000020
core   0: 0x80006360 (0x7331b913) sltiu   s2, gp, 1843
core   0: 3 0x80006360 (0x7331b913) x18 0x00000000
core   0: 0x80006364 (0x05649663) bne     s1, s6, pc + 76
core   0: 3 0x80006364 (0x05649663)
core   0: 0x800063b0 (0x00736e63) bltu    t1, t2, pc + 28
core   0: 3 0x800063b0 (0x00736e63)
core   0: 0x800063b4 (0xca324093) xori    ra, tp, -861
core   0: 3 0x800063b4 (0xca324093) x 1 0xfffffcb3
core   0: 0x800063b8 (0x400403b3) sub     t2, s0, zero
core   0: 3 0x800063b8 (0x400403b3) x 7 0x00000000
core   0: 0x800063bc (0x0051f663) bgeu    gp, t0, pc + 12
core   0: 3 0x800063bc (0x0051f663)
core   0: 0x800063c0 (0x2d542213) slti    tp, s0, 725
core   0: 3 0x800063c0 (0x2d542213) x 4 0x00000001
core   0: 0x800063c4 (0x0025ea33) or      s4, a1, sp
core   0: 3 0x800063c4 (0x0025ea33) x20 0x80028ce4
core   0: 0x800063c8 (0x404cd193) srai    gp, s9, 4
core   0: 3 0x800063c8 (0x404cd193) x 3 0x000008a8
core   0: 0x800063cc (0x0655ca63) blt     a1, t0, pc + 116
core   0: 3 0x800063cc (0x0655ca63)
core   0: 0x80006440 (0x004b7863) bgeu    s6, tp, pc + 16
core   0: 3 0x80006440 (0x004b7863)
core   0: 0x80006450 (0x00851433) sll     s0, a0, s0
core   0: 3 0x80006450 (0x00851433) x 8 0xfffffaec
core   0: 0x80006454 (0x05936863) bltu    t1, s9, pc + 80
core   0: 3 0x80006454 (0x05936863)
core   0: 0x80006458 (0x05217663) bgeu    sp, s2, pc + 76
core   0: 3 0x80006458 (0x05217663)
core   0: 0x800064a4 (0x412edc33) sra     s8, t4, s2
core   0: 3 0x800064a4 (0x412edc33) x24 0xfffffffe
core   0: 0x800064a8 (0x00fc5663) bge     s8, a5, pc + 12
core   0: 3 0x800064a8 (0x00fc5663)
core   0: 0x800064ac (0x01699333) sll     t1, s3, s6
core   0: 3 0x800064ac (0x01699333) x 6 0x00000000
core   0: 0x800064b0 (0x00471a93) slli    s5, a4, 4
core   0: 3 0x800064b0 (0x00471a93) x21 0x00000010
core   0: 0x800064b4 (0x01181463) bne     a6, a7, pc + 8
core   0: 3 0x800064b4 (0x01181463)
core   0: 0x800064bc (0x00cac233) xor     tp, s5, a2
core   0: 3 0x800064bc (0x00cac233) x 4 0x80024e74
core   0: 0x800064c0 (0xd6e8c893) xori    a7, a7, -658
core   0: 3 0x800064c0 (0xd6e8c893) x17 0xfffffd6e
core   0: 0x800064c4 (0x0000100f) fence.i
core   0: 3 0x800064c4 (0x0000100f)
core   0: 0x800064c8 (0x41cf0a33) sub     s4, t5, t3
core   0: 3 0x800064c8 (0x41cf0a33) x20 0xcedc3000
core   0: 0x800064cc (0x416f00b3) sub     ra, t5, s6
core   0: 3 0x800064cc (0x416f00b3) x 1 0x2a21c610
core   0: 0x800064d0 (0x62fa2b13) slti    s6, s4, 1583
core   0: 3 0x800064d0 (0x62fa2b13) x22 0x00000001
core   0: 0x800064d4 (0x001e1b93) slli    s7, t3, 1
core   0: 3 0x800064d4 (0x001e1b93) x23 0x6247a000
core   0: 0x800064d8 (0x4ef48093) addi    ra, s1, 1263
core   0: 3 0x800064d8 (0x4ef48093) x 1 0x000002ca
core   0: 0x800064dc (0x565c2697) auipc   a3, 0x565c2
core   0: 3 0x800064dc (0x565c2697) x13 0xd65c84dc
core   0: 0x800064e0 (0x0ff0000f) fence   iorw,iorw
core   0: 3 0x800064e0 (0x0ff0000f)
core   0: 0x800064e4 (0x61d58693) addi    a3, a1, 1565
core   0: 3 0x800064e4 (0x61d58693) x13 0x8000061d
core   0: 0x800064e8 (0x0000100f) fence.i
core   0: 3 0x800064e8 (0x0000100f)
core   0: 0x800064ec (0x02e2f663) bgeu    t0, a4, pc + 44
core   0: 3 0x800064ec (0x02e2f663)
core   0: 0x80006518 (0x005cd893) srli    a7, s9, 5
core   0: 3 0x80006518 (0x005cd893) x17 0x00000454
core   0: 0x8000651c (0x01c50433) add     s0, a0, t3
core   0: 3 0x8000651c (0x01c50433) x 8 0x3123caec
core   0: 0x80006520 (0x9a5c3413) sltiu   s0, s8, -1627
core   0: 3 0x80006520 (0x9a5c3413) x 8 0x00000000
core   0: 0x80006524 (0x05980863) beq     a6, s9, pc + 80
core   0: 3 0x80006524 (0x05980863)
core   0: 0x80006528 (0x018676b3) and     a3, a2, s8
core   0: 3 0x80006528 (0x018676b3) x13 0x80024e64
core   0: 0x8000652c (0x00e56bb3) or      s7, a0, a4
core   0: 3 0x8000652c (0x00e56bb3) x23 0xfffffaed
core   0: 0x80006530 (0x8ac1f693) andi    a3, gp, -1876
core   0: 3 0x80006530 (0x8ac1f693) x13 0x000008a8
core   0: 0x80006534 (0x001ac463) blt     s5, ra, pc + 8
core   0: 3 0x80006534 (0x001ac463)
core   0: 0x8000653c (0x0244e263) bltu    s1, tp, pc + 36
core   0: 3 0x8000653c (0x0244e263)
core   0: 0x80006540 (0x401c5193) srai    gp, s8, 1
core   0: 3 0x80006540 (0x401c5193) x 3 0xffffffff
core   0: 0x80006544 (0x41c7dd93) srai    s11, a5, 28
core   0: 3 0x80006544 (0x41c7dd93) x27 0x00000005
core   0: 0x80006548 (0x001b7a63) bgeu    s6, ra, pc + 20
core   0: 3 0x80006548 (0x001b7a63)
core   0: 0x8000654c (0x54cbe893) ori     a7, s7, 1356
core   0: 3 0x8000654c (0x54cbe893) x17 0xffffffed
core   0: 0x80006550 (0x45f08413) addi    s0, ra, 1119
core   0: 3 0x80006550 (0x45f08413) x 8 0x00000729
core   0: 0x80006554 (0x4ba20b13) addi    s6, tp, 1210
core   0: 3 0x80006554 (0x4ba20b13) x22 0x8002532e
core   0: 0x80006558 (0x00656863) bltu    a0, t1, pc + 16
core   0: 3 0x80006558 (0x00656863)
core   0: 0x8000655c (0x018a1793) slli    a5, s4, 24
core   0: 3 0x8000655c (0x018a1793) x15 0x00000000
core   0: 0x80006560 (0x017b9313) slli    t1, s7, 23
core   0: 3 0x80006560 (0x017b9313) x 6 0x76800000
core   0: 0x80006564 (0x3668a393) slti    t2, a7, 870
core   0: 3 0x80006564 (0x3668a393) x 7 0x00000001
core   0: 0x80006568 (0x05a34663) blt     t1, s10, pc + 76
core   0: 3 0x80006568 (0x05a34663)
core   0: 0x8000656c (0x01af5b33) srl     s6, t5, s10
core   0: 3 0x8000656c (0x01af5b33) x22 0x00000000
core   0: 0x80006570 (0xef8137b7) lui     a5, 0xef813
core   0: 3 0x80006570 (0xef8137b7) x15 0xef813000
core   0: 0x80006574 (0x0ff0000f) fence   iorw,iorw
core   0: 3 0x80006574 (0x0ff0000f)
core   0: 0x80006578 (0x01136a33) or      s4, t1, a7
core   0: 3 0x80006578 (0x01136a33) x20 0xffffffed
core   0: 0x8000657c (0xc61c7f13) andi    t5, s8, -927
core   0: 3 0x8000657c (0xc61c7f13) x30 0xfffffc60
core   0: 0x80006580 (0xf586e313) ori     t1, a3, -168
core   0: 3 0x80006580 (0xf586e313) x 6 0xfffffff8
core   0: 0x80006584 (0x4c3b9837) lui     a6, 0x4c3b9
core   0: 3 0x80006584 (0x4c3b9837) x16 0x4c3b9000
core   0: 0x80006588 (0x01e76fb3) or      t6, a4, t5
core   0: 3 0x80006588 (0x01e76fb3) x31 0xfffffc61
core   0: 0x8000658c (0x00e01fb3) sll     t6, zero, a4
core   0: 3 0x8000658c (0x00e01fb3) x31 0x00000000
core   0: 0x80006590 (0x04221063) bne     tp, sp, pc + 64
core   0: 3 0x80006590 (0x04221063)
core   0: 0x800065d0 (0x008db833) sltu    a6, s11, s0
core   0: 3 0x800065d0 (0x008db833) x16 0x00000001
core   0: 0x800065d4 (0x052a4663) blt     s4, s2, pc + 76
core   0: 3 0x800065d4 (0x052a4663)
core   0: 0x80006620 (0xa66e6a93) ori     s5, t3, -1434
core   0: 3 0x80006620 (0xa66e6a93) x21 0xfffffa66
core   0: 0x80006624 (0x05dd7663) bgeu    s10, t4, pc + 76
core   0: 3 0x80006624 (0x05dd7663)
core   0: 0x80006628 (0x017ddd13) srli    s10, s11, 23
core   0: 3 0x80006628 (0x017ddd13) x26 0x00000000
core   0: 0x8000662c (0x40fc0933) sub     s2, s8, a5
core   0: 3 0x8000662c (0x40fc0933) x18 0x107ecffe
core   0: 0x80006630 (0x016338b3) sltu    a7, t1, s6
core   0: 3 0x80006630 (0x016338b3) x17 0x00000000
core   0: 0x80006634 (0x01071393) slli    t2, a4, 16
core   0: 3 0x80006634 (0x01071393) x 7 0x00010000
core   0: 0x80006638 (0x00554533) xor     a0, a0, t0
core   0: 3 0x80006638 (0x00554533) x10 0x00000593
core   0: 0x8000663c (0xc4c03e97) auipc   t4, 0xc4c03
core   0: 3 0x8000663c (0xc4c03e97) x29 0x44c0963c
core   0: 0x80006640 (0x41d7dab3) sra     s5, a5, t4
core   0: 3 0x80006640 (0x41d7dab3) x21 0xfffffffe
core   0: 0x80006644 (0x011ef1b3) and     gp, t4, a7
core   0: 3 0x80006644 (0x011ef1b3) x 3 0x00000000
core   0: 0x80006648 (0x01290cb3) add     s9, s2, s2
core   0: 3 0x80006648 (0x01290cb3) x25 0x20fd9ffc
core   0: 0x8000664c (0x01bb8bb3) add     s7, s7, s11
core   0: 3 0x8000664c (0x01bb8bb3) x23 0xfffffaf2
core   0: 0x80006650 (0x41548bb3) sub     s7, s1, s5
core   0: 3 0x80006650 (0x41548bb3) x23 0xfffffddd
core   0: 0x80006654 (0x5b8cd717) auipc   a4, 0x5b8cd
core   0: 3 0x80006654 (0x5b8cd717) x14 0xdb8d3654
core   0: 0x80006658 (0x01476c63) bltu    a4, s4, pc + 24
core   0: 3 0x80006658 (0x01476c63)
core   0: 0x80006670 (0xafba9097) auipc   ra, 0xafba9
core   0: 3 0x80006670 (0xafba9097) x 1 0x2fbaf670
core   0: 0x80006674 (0x04bb4863) blt     s6, a1, pc + 80
core   0: 3 0x80006674 (0x04bb4863)
core   0: 0x80006678 (0x0ff0000f) fence   iorw,iorw
core   0: 3 0x80006678 (0x0ff0000f)
core   0: 0x8000667c (0x013036b3) snez    a3, s3
core   0: 3 0x8000667c (0x013036b3) x13 0x00000000
core   0: 0x80006680 (0x29f8bc97) auipc   s9, 0x29f8b
core   0: 3 0x80006680 (0x29f8bc97) x25 0xa9f91680
core   0: 0x80006684 (0x01007e63) bgeu    zero, a6, pc + 28
core   0: 3 0x80006684 (0x01007e63)
core   0: 0x80006688 (0x004f1213) slli    tp, t5, 4
core   0: 3 0x80006688 (0x004f1213) x 4 0xffffc600
core   0: 0x8000668c (0x00981663) bne     a6, s1, pc + 12
core   0: 3 0x8000668c (0x00981663)
core   0: 0x80006698 (0xffa4a513) slti    a0, s1, -6
core   0: 3 0x80006698 (0xffa4a513) x10 0x00000001
core   0: 0x8000669c (0x0fdb1fb7) lui     t6, 0xfdb1
core   0: 3 0x8000669c (0x0fdb1fb7) x31 0x0fdb1000
core   0: 0x800066a0 (0x02625663) bge     tp, t1, pc + 44
core   0: 3 0x800066a0 (0x02625663)
core   0: 0x800066a4 (0x00781e93) slli    t4, a6, 7
core   0: 3 0x800066a4 (0x00781e93) x29 0x00000080
core   0: 0x800066a8 (0x40c08b33) sub     s6, ra, a2
core   0: 3 0x800066a8 (0x40c08b33) x22 0xafb8a80c
core   0: 0x800066ac (0x01b50663) beq     a0, s11, pc + 12
core   0: 3 0x800066ac (0x01b50663)
core   0: 0x800066b0 (0x009d5c63) bge     s10, s1, pc + 24
core   0: 3 0x800066b0 (0x009d5c63)
core   0: 0x800066c8 (0x02ea0263) beq     s4, a4, pc + 36
core   0: 3 0x800066c8 (0x02ea0263)
core   0: 0x800066cc (0xda556713) ori     a4, a0, -603
core   0: 3 0x800066cc (0xda556713) x14 0xfffffda5
core   0: 0x800066d0 (0x37cac913) xori    s2, s5, 892
core   0: 3 0x800066d0 (0x37cac913) x18 0xfffffc82
core   0: 0x800066d4 (0x01ac0ab3) add     s5, s8, s10
core   0: 3 0x800066d4 (0x01ac0ab3) x21 0xfffffffe
core   0: 0x800066d8 (0x00000013) nop
core   0: 3 0x800066d8 (0x00000013)
core   0: 0x800066dc (0x00f20863) beq     tp, a5, pc + 16
core   0: 3 0x800066dc (0x00f20863)
core   0: 0x800066e0 (0x0091f033) and     zero, gp, s1
core   0: 3 0x800066e0 (0x0091f033)
core   0: 0x800066e4 (0x0083eb33) or      s6, t2, s0
core   0: 3 0x800066e4 (0x0083eb33) x22 0x00010729
core   0: 0x800066e8 (0x0ff0000f) fence   iorw,iorw
core   0: 3 0x800066e8 (0x0ff0000f)
core   0: 0x800066ec (0x0033a233) slt     tp, t2, gp
core   0: 3 0x800066ec (0x0033a233) x 4 0x00000000
core   0: 0x800066f0 (0x01cea933) slt     s2, t4, t3
core   0: 3 0x800066f0 (0x01cea933) x18 0x00000001
core   0: 0x800066f4 (0x58346213) ori     tp, s0, 1411
core   0: 3 0x800066f4 (0x58346213) x 4 0x000007ab
core   0: 0x800066f8 (0x2d06df97) auipc   t6, 0x2d06d
core   0: 3 0x800066f8 (0x2d06df97) x31 0xad0736f8
core   0: 0x800066fc (0x1be62913) slti    s2, a2, 446
core   0: 3 0x800066fc (0x1be62913) x18 0x00000001
core   0: 0x80006700 (0x04d1d863) bge     gp, a3, pc + 80
core   0: 3 0x80006700 (0x04d1d863)
core   0: 0x80006750 (0x9c368013) addi    zero, a3, -1597
core   0: 3 0x80006750 (0x9c368013)
core   0: 0x80006754 (0x009e4f33) xor     t5, t3, s1
core   0: 3 0x80006754 (0x009e4f33) x30 0xcedc2ddb
core   0: 0x80006758 (0x410f06b3) sub     a3, t5, a6
core   0: 3 0x80006758 (0x410f06b3) x13 0xcedc2dda
core   0: 0x8000675c (0x912fb913) sltiu   s2, t6, -1774
core   0: 3 0x8000675c (0x912fb913) x18 0x00000001
core   0: 0x80006760 (0x05da0663) beq     s4, t4, pc + 76
core   0: 3 0x80006760 (0x05da0663)
core   0: 0x80006764 (0xf43a8f13) addi    t5, s5, -189
core   0: 3 0x80006764 (0xf43a8f13) x30 0xffffff41
core   0: 0x80006768 (0x014e1863) bne     t3, s4, pc + 16
core   0: 3 0x80006768 (0x014e1863)
core   0: 0x80006778 (0x0ff0000f) fence   iorw,iorw
core   0: 3 0x80006778 (0x0ff0000f)
core   0: 0x8000677c (0xf0a98497) auipc   s1, 0xf0a98
core   0: 3 0x8000677c (0xf0a98497) x 9 0x70a9e77c
core   0: 0x80006780 (0xccaa4193) xori    gp, s4, -822
core   0: 3 0x80006780 (0xccaa4193) x 3 0x00000327
core   0: 0x80006784 (0x028fee63) bltu    t6, s0, pc + 60
core   0: 3 0x80006784 (0x028fee63)
core   0: 0x80006788 (0x05b76663) bltu    a4, s11, pc + 76
core   0: 3 0x80006788 (0x05b76663)
core   0: 0x8000678c (0x86650813) addi    a6, a0, -1946
core   0: 3 0x8000678c (0x86650813) x16 0xfffff867
core   0: 0x80006790 (0x0111d263) bge     gp, a7, pc + 4
core   0: 3 0x80006790 (0x0111d263)
core   0: 0x80006794 (0x04f66063) bltu    a2, a5, pc + 64
core   0: 3 0x80006794 (0x04f66063)
core   0: 0x800067d4 (0x0ff0000f) fence   iorw,iorw
core   0: 3 0x800067d4 (0x0ff0000f)
core   0: 0x800067d8 (0x934d6a97) auipc   s5, 0x934d6
core   0: 3 0x800067d8 (0x934d6a97) x21 0x134dc7d8
core   0: 0x800067dc (0x40f35d93) srai    s11, t1, 15
core   0: 3 0x800067dc (0x40f35d93) x27 0xffffffff
core   0: 0x800067e0 (0x736f7d17) auipc   s10, 0x736f7
core   0: 3 0x800067e0 (0x736f7d17) x26 0xf36fd7e0
core   0: 0x800067e4 (0x41528f33) sub     t5, t0, s5
core   0: 3 0x800067e4 (0x41528f33) x30 0xecb237a7
core   0: 0x800067e8 (0x009b6263) bltu    s6, s1, pc + 4
core   0: 3 0x800067e8 (0x009b6263)
core   0: 0x800067ec (0x01bfec33) or      s8, t6, s11
core   0: 3 0x800067ec (0x01bfec33) x24 0xffffffff
core   0: 0x800067f0 (0x0179e037) lui     zero, 0x179e
core   0: 3 0x800067f0 (0x0179e037)
core   0: 0x800067f4 (0x01003ab3) snez    s5, a6
core   0: 3 0x800067f4 (0x01003ab3) x21 0x00000001
core   0: 0x800067f8 (0x01845913) srli    s2, s0, 24
core   0: 3 0x800067f8 (0x01845913) x18 0x00000000
core   0: 0x800067fc (0x03c74e63) blt     a4, t3, pc + 60
core   0: 3 0x800067fc (0x03c74e63)
core   0: 0x80006838 (0x00000013) nop
core   0: 3 0x80006838 (0x00000013)
core   0: 0x8000683c (0x00000013) nop
core   0: 3 0x8000683c (0x00000013)
core   0: 0x80006840 (0x00784db3) xor     s11, a6, t2
core   0: 3 0x80006840 (0x00784db3) x27 0xfffef867
core   0: 0x80006844 (0x0086ab33) slt     s6, a3, s0
core   0: 3 0x80006844 (0x0086ab33) x22 0x00000001
core   0: 0x80006848 (0x001b06b3) add     a3, s6, ra
core   0: 3 0x80006848 (0x001b06b3) x13 0x2fbaf671
core   0: 0x8000684c (0x011901b3) add     gp, s2, a7
core   0: 3 0x8000684c (0x011901b3) x 3 0x00000000
core   0: 0x80006850 (0x0190f663) bgeu    ra, s9, pc + 12
core   0: 3 0x80006850 (0x0190f663)
core   0: 0x80006854 (0x9724e793) ori     a5, s1, -1678
core   0: 3 0x80006854 (0x9724e793) x15 0xffffff7e
core   0: 0x80006858 (0x4389fe13) andi    t3, s3, 1080
core   0: 3 0x80006858 (0x4389fe13) x28 0x00000000
core   0: 0x8000685c (0x00000013) nop
core   0: 3 0x8000685c (0x00000013)
core   0: 0x80006860 (0x88b53913) sltiu   s2, a0, -1909
core   0: 3 0x80006860 (0x88b53913) x18 0x00000001
core   0: 0x80006864 (0xd9f22a13) slti    s4, tp, -609
core   0: 3 0x80006864 (0xd9f22a13) x20 0x00000000
core   0: 0x80006868 (0xbef50e93) addi    t4, a0, -1041
core   0: 3 0x80006868 (0xbef50e93) x29 0xfffffbf0
core   0: 0x8000686c (0x04fa8863) beq     s5, a5, pc + 80
core   0: 3 0x8000686c (0x04fa8863)
core   0: 0x80006870 (0x01bd9e33) sll     t3, s11, s11
core   0: 3 0x80006870 (0x01bd9e33) x28 0xff7c3380
core   0: 0x80006874 (0x000d5e13) srli    t3, s10, 0
core   0: 3 0x80006874 (0x000d5e13) x28 0xf36fd7e0
core   0: 0x80006878 (0x003ef033) and     zero, t4, gp
core   0: 3 0x80006878 (0x003ef033)
core   0: 0x8000687c (0x00e7e833) or      a6, a5, a4
core   0: 3 0x8000687c (0x00e7e833) x16 0xffffffff
core   0: 0x80006880 (0xe8edce93) xori    t4, s11, -370
core   0: 3 0x80006880 (0xe8edce93) x29 0x000106e9
core   0: 0x80006884 (0xa63b2913) slti    s2, s6, -1437
core   0: 3 0x80006884 (0xa63b2913) x18 0x00000000
core   0: 0x80006888 (0x02457663) bgeu    a0, tp, pc + 44
core   0: 3 0x80006888 (0x02457663)
core   0: 0x8000688c (0x0a2a4293) xori    t0, s4, 162
core   0: 3 0x8000688c (0x0a2a4293) x 5 0x000000a2
core   0: 0x80006890 (0x0000100f) fence.i
core   0: 3 0x80006890 (0x0000100f)
core   0: 0x80006894 (0x0000100f) fence.i
core   0: 3 0x80006894 (0x0000100f)
core   0: 0x80006898 (0xa4ff8ab7) lui     s5, 0xa4ff8
core   0: 3 0x80006898 (0xa4ff8ab7) x21 0xa4ff8000
core   0: 0x8000689c (0x052e1663) bne     t3, s2, pc + 76
core   0: 3 0x8000689c (0x052e1663)
core   0: 0x800068e8 (0x00000013) nop
core   0: 3 0x800068e8 (0x00000013)
core   0: 0x800068ec (0x417fdbb3) sra     s7, t6, s7
core   0: 3 0x800068ec (0x417fdbb3) x23 0xfffffffd
core   0: 0x800068f0 (0x55d01b97) auipc   s7, 0x55d01
core   0: 3 0x800068f0 (0x55d01b97) x23 0xd5d078f0
core   0: 0x800068f4 (0x013311b3) sll     gp, t1, s3
core   0: 3 0x800068f4 (0x013311b3) x 3 0xfffffff8
core   0: 0x800068f8 (0x52a22193) slti    gp, tp, 1322
core   0: 3 0x800068f8 (0x52a22193) x 3 0x00000000
core   0: 0x800068fc (0x88d20e93) addi    t4, tp, -1907
core   0: 3 0x800068fc (0x88d20e93) x29 0x00000038
core   0: 0x80006900 (0x01ea5693) srli    a3, s4, 30
core   0: 3 0x80006900 (0x01ea5693) x13 0x00000000
core   0: 0x80006904 (0x0022b333) sltu    t1, t0, sp
core   0: 3 0x80006904 (0x0022b333) x 6 0x00000001
core   0: 0x80006908 (0x00000013) nop
core   0: 3 0x80006908 (0x00000013)
core   0: 0x8000690c (0x414cd933) sra     s2, s9, s4
core   0: 3 0x8000690c (0x414cd933) x18 0xa9f91680
core   0: 0x80006910 (0xb5c7f213) andi    tp, a5, -1188
core   0: 3 0x80006910 (0xb5c7f213) x 4 0xfffffb5c
core   0: 0x80006914 (0x03c86e63) bltu    a6, t3, pc + 60
core   0: 3 0x80006914 (0x03c86e63)
core   0: 0x80006918 (0x000f8733) add     a4, t6, zero
core   0: 3 0x80006918 (0x000f8733) x14 0xad0736f8
core   0: 0x8000691c (0x005e6e63) bltu    t3, t0, pc + 28
core   0: 3 0x8000691c (0x005e6e63)
core   0: 0x80006920 (0x03ff9263) bne     t6, t6, pc + 36
core   0: 3 0x80006920 (0x03ff9263)
core   0: 0x80006924 (0x00c4d933) srl     s2, s1, a2
core   0: 3 0x80006924 (0x00c4d933) x18 0x070a9e77
core   0: 0x80006928 (0x0198e463) bltu    a7, s9, pc + 8
core   0: 3 0x80006928 (0x0198e463)
core   0: 0x80006930 (0xea8a3013) sltiu   zero, s4, -344
core   0: 3 0x80006930 (0xea8a3013)
core   0: 0x80006934 (0x4bfa5537) lui     a0, 0x4bfa5
core   0: 3 0x80006934 (0x4bfa5537) x10 0x4bfa5000
core   0: 0x80006938 (0x404f5713) srai    a4, t5, 4
core   0: 3 0x80006938 (0x404f5713) x14 0xfecb237a
core   0: 0x8000693c (0x30e5cb97) auipc   s7, 0x30e5c
core   0: 3 0x8000693c (0x30e5cb97) x23 0xb0e6293c
core   0: 0x80006940 (0x412583b3) sub     t2, a1, s2
core   0: 3 0x80006940 (0x412583b3) x 7 0x78f56189
core   0: 0x80006944 (0x53616413) ori     s0, sp, 1334
core   0: 3 0x80006944 (0x53616413) x 8 0x80028df6
core   0: 0x80006948 (0x04005c63) bgez    zero, pc + 88
core   0: 3 0x80006948 (0x04005c63)
core   0: 0x800069a0 (0x00897db3) and     s11, s2, s0
core   0: 3 0x800069a0 (0x00897db3) x27 0x00028c76
core   0: 0x800069a4 (0x00639a33) sll     s4, t2, t1
core   0: 3 0x800069a4 (0x00639a33) x20 0xf1eac312
core   0: 0x800069a8 (0x00dbbfb3) sltu    t6, s7, a3
core   0: 3 0x800069a8 (0x00dbbfb3) x31 0x00000000
core   0: 0x800069ac (0xd378f213) andi    tp, a7, -713
core   0: 3 0x800069ac (0xd378f213) x 4 0x00000000
core   0: 0x800069b0 (0x01d524b3) slt     s1, a0, t4
core   0: 3 0x800069b0 (0x01d524b3) x 9 0x00000000
core   0: 0x800069b4 (0x00000013) nop
core   0: 3 0x800069b4 (0x00000013)
core   0: 0x800069b8 (0x40cc5893) srai    a7, s8, 12
core   0: 3 0x800069b8 (0x40cc5893) x17 0xffffffff
core   0: 0x800069bc (0x014a91b3) sll     gp, s5, s4
core   0: 3 0x800069bc (0x014a91b3) x 3 0x00000000
core   0: 0x800069c0 (0x00000013) nop
core   0: 3 0x800069c0 (0x00000013)
core   0: 0x800069c4 (0x017a4f33) xor     t5, s4, s7
core   0: 3 0x800069c4 (0x017a4f33) x30 0x410cea2e
core   0: 0x800069c8 (0x0ff0000f) fence   iorw,iorw
core   0: 3 0x800069c8 (0x0ff0000f)
core   0: 0x800069cc (0xe9237913) andi    s2, t1, -366
core   0: 3 0x800069cc (0xe9237913) x18 0x00000000
core   0: 0x800069d0 (0xbc552993) slti    s3, a0, -1083
core   0: 3 0x800069d0 (0xbc552993) x19 0x00000000
core   0: 0x800069d4 (0x41568c33) sub     s8, a3, s5
core   0: 3 0x800069d4 (0x41568c33) x24 0x5b008000
core   0: 0x800069d8 (0x9cb2b513) sltiu   a0, t0, -1589
core   0: 3 0x800069d8 (0x9cb2b513) x10 0x00000001
core   0: 0x800069dc (0x0198a3b3) slt     t2, a7, s9
core   0: 3 0x800069dc (0x0198a3b3) x 7 0x00000000
core   0: 0x800069e0 (0x64e6d997) auipc   s3, 0x64e6d
core   0: 3 0x800069e0 (0x64e6d997) x19 0xe4e739e0
core   0: 0x800069e4 (0x015dc663) blt     s11, s5, pc + 12
core   0: 3 0x800069e4 (0x015dc663)
core   0: 0x800069e8 (0x41a65e93) srai    t4, a2, 26
core   0: 3 0x800069e8 (0x41a65e93) x29 0xffffffe0
core   0: 0x800069ec (0x0027dc63) bge     a5, sp, pc + 24
core   0: 3 0x800069ec (0x0027dc63)
core   0: 0x80006a04 (0x01c5ddb3) srl     s11, a1, t3
core   0: 3 0x80006a04 (0x01c5ddb3) x27 0x80000000
core   0: 0x80006a08 (0x00000013) nop
core   0: 3 0x80006a08 (0x00000013)
core   0: 0x80006a0c (0x00f6cdb3) xor     s11, a3, a5
core   0: 3 0x80006a0c (0x00f6cdb3) x27 0xffffff7e
core   0: 0x80006a10 (0x01aa1493) slli    s1, s4, 26
core   0: 3 0x80006a10 (0x01aa1493) x 9 0x48000000
core   0: 0x80006a14 (0x401383b3) sub     t2, t2, ra
core   0: 3 0x80006a14 (0x401383b3) x 7 0xd0450990
core   0: 0x80006a18 (0x012c1c33) sll     s8, s8, s2
core   0: 3 0x80006a18 (0x012c1c33) x24 0x5b008000
core   0: 0x80006a1c (0x3874ebb7) lui     s7, 0x3874e
core   0: 3 0x80006a1c (0x3874ebb7) x23 0x3874e000
core   0: 0x80006a20 (0x004aabb3) slt     s7, s5, tp
core   0: 3 0x80006a20 (0x004aabb3) x23 0x00000001
core   0: 0x80006a24 (0x8662a513) slti    a0, t0, -1946
core   0: 3 0x80006a24 (0x8662a513) x10 0x00000000
core   0: 0x80006a28 (0x017152b3) srl     t0, sp, s7
core   0: 3 0x80006a28 (0x017152b3) x 5 0x40014672
core   0: 0x80006a2c (0xa3993a93) sltiu   s5, s2, -1479
core   0: 3 0x80006a2c (0xa3993a93) x21 0x00000001
core   0: 0x80006a30 (0x00b89933) sll     s2, a7, a1
core   0: 3 0x80006a30 (0x00b89933) x18 0xffffffff
core   0: 0x80006a34 (0x0000100f) fence.i
core   0: 3 0x80006a34 (0x0000100f)
core   0: 0x80006a38 (0x035de863) bltu    s11, s5, pc + 48
core   0: 3 0x80006a38 (0x035de863)
core   0: 0x80006a3c (0x00bc67b3) or      a5, s8, a1
core   0: 3 0x80006a3c (0x00bc67b3) x15 0xdb008000
core   0: 0x80006a40 (0x01b11f13) slli    t5, sp, 27
core   0: 3 0x80006a40 (0x01b11f13) x30 0x20000000
core   0: 0x80006a44 (0x02a4ce63) blt     s1, a0, pc + 60
core   0: 3 0x80006a44 (0x02a4ce63)
core   0: 0x80006a48 (0x2b67cf17) auipc   t5, 0x2b67c
core   0: 3 0x80006a48 (0x2b67cf17) x30 0xab682a48
core   0: 0x80006a4c (0x05fb9663) bne     s7, t6, pc + 76
core   0: 3 0x80006a4c (0x05fb9663)
core   0: 0x80006a98 (0x27a14393) xori    t2, sp, 634
core   0: 3 0x80006a98 (0x27a14393) x 7 0x80028e9e
core   0: 0x80006a9c (0x00500663) beq     zero, t0, pc + 12
core   0: 3 0x80006a9c (0x00500663)
core   0: 0x80006aa0 (0x004d1863) bne     s10, tp, pc + 16
core   0: 3 0x80006aa0 (0x004d1863)
core   0: 0x80006ab0 (0x0158da93) srli    s5, a7, 21
core   0: 3 0x80006ab0 (0x0158da93) x21 0x000007ff
core   0: 0x80006ab4 (0x7f726713) ori     a4, tp, 2039
core   0: 3 0x80006ab4 (0x7f726713) x14 0x000007f7
core   0: 0x80006ab8 (0x01ade663) bltu    s11, s10, pc + 12
core   0: 3 0x80006ab8 (0x01ade663)
core   0: 0x80006abc (0x00069513) slli    a0, a3, 0
core   0: 3 0x80006abc (0x00069513) x10 0x00000000
core   0: 0x80006ac0 (0x40aa5713) srai    a4, s4, 10
core   0: 3 0x80006ac0 (0x40aa5713) x14 0xfffc7ab0
core   0: 0x80006ac4 (0x058d9263) bne     s11, s8, pc + 68
core   0: 3 0x80006ac4 (0x058d9263)
core   0: 0x80006b08 (0x0000100f) fence.i
core   0: 3 0x80006b08 (0x0000100f)
core   0: 0x80006b0c (0x010866b3) or      a3, a6, a6
core   0: 3 0x80006b0c (0x010866b3) x13 0xffffffff
core   0: 0x80006b10 (0x00c9f463) bgeu    s3, a2, pc + 8
core   0: 3 0x80006b10 (0x00c9f463)
core   0: 0x80006b18 (0x00000013) nop
core   0: 3 0x80006b18 (0x00000013)
core   0: 0x80006b1c (0x01e54e63) blt     a0, t5, pc + 28
core   0: 3 0x80006b1c (0x01e54e63)
core   0: 0x80006b20 (0xb9c7b493) sltiu   s1, a5, -1124
core   0: 3 0x80006b20 (0xb9c7b493) x 9 0x00000001
core   0: 0x80006b24 (0x0000100f) fence.i
core   0: 3 0x80006b24 (0x0000100f)
core   0: 0x80006b28 (0x01ed9eb3) sll     t4, s11, t5
core   0: 3 0x80006b28 (0x01ed9eb3) x29 0xffff7e00
core   0: 0x80006b2c (0x00e7ce63) blt     a5, a4, pc + 28
core   0: 3 0x80006b2c (0x00e7ce63)
core   0: 0x80006b48 (0x008f7793) andi    a5, t5, 8
core   0: 3 0x80006b48 (0x008f7793) x15 0x00000008
core   0: 0x80006b4c (0x1923e193) ori     gp, t2, 402
core   0: 3 0x80006b4c (0x1923e193) x 3 0x80028f9e
core   0: 0x80006b50 (0x060d9517) auipc   a0, 0x60d9
core   0: 3 0x80006b50 (0x060d9517) x10 0x860dfb50
core   0: 0x80006b54 (0x41f7da93) srai    s5, a5, 31
core   0: 3 0x80006b54 (0x41f7da93) x21 0x00000000
core   0: 0x80006b58 (0x00925eb3) srl     t4, tp, s1
core   0: 3 0x80006b58 (0x00925eb3) x29 0x00000000
core   0: 0x80006b5c (0x00000013) nop
core   0: 3 0x80006b5c (0x00000013)
core   0: 0x80006b60 (0x0000100f) fence.i
core   0: 3 0x80006b60 (0x0000100f)
core   0: 0x80006b64 (0x00000013) nop
core   0: 3 0x80006b64 (0x00000013)
core   0: 0x80006b68 (0xad187b13) andi    s6, a6, -1327
core   0: 3 0x80006b68 (0xad187b13) x22 0xfffffad1
core   0: 0x80006b6c (0x019e40b3) xor     ra, t3, s9
core   0: 3 0x80006b6c (0x019e40b3) x 1 0x5a96c160
core   0: 0x80006b70 (0x00dcfb33) and     s6, s9, a3
core   0: 3 0x80006b70 (0x00dcfb33) x22 0xa9f91680
core   0: 0x80006b74 (0x0000100f) fence.i
core   0: 3 0x80006b74 (0x0000100f)
core   0: 0x80006b78 (0x00f31a33) sll     s4, t1, a5
core   0: 3 0x80006b78 (0x00f31a33) x20 0x00000100
core   0: 0x80006b7c (0x4369b213) sltiu   tp, s3, 1078
core   0: 3 0x80006b7c (0x4369b213) x 4 0x00000000
core   0: 0x80006b80 (0x013a9f33) sll     t5, s5, s3
core   0: 3 0x80006b80 (0x013a9f33) x30 0x00000000
core   0: 0x80006b84 (0x9a0b7897) auipc   a7, 0x9a0b7
core   0: 3 0x80006b84 (0x9a0b7897) x17 0x1a0bdb84
core   0: 0x80006b88 (0xffc00093) li      ra, -4
core   0: 3 0x80006b88 (0xffc00093) x 1 0xfffffffc
core   0: 0x80006b8c (0x003c39b3) sltu    s3, s8, gp
core   0: 3 0x80006b8c (0x003c39b3) x19 0x00000001
core   0: 0x80006b90 (0x7fea6f93) ori     t6, s4, 2046
core   0: 3 0x80006b90 (0x7fea6f93) x31 0x000007fe
core   0: 0x80006b94 (0xff300b93) li      s7, -13
core   0: 3 0x80006b94 (0xff300b93) x23 0xfffffff3
core   0: 0x80006b98 (0x00dc89b3) add     s3, s9, a3
core   0: 3 0x80006b98 (0x00dc89b3) x19 0xa9f9167f
core   0: 0x80006b9c (0x015b7933) and     s2, s6, s5
core   0: 3 0x80006b9c (0x015b7933) x18 0x00000000
core   0: 0x80006ba0 (0x0ff0000f) fence   iorw,iorw
core   0: 3 0x80006ba0 (0x0ff0000f)
core   0: 0x80006ba4 (0xff708093) addi    ra, ra, -9
core   0: 3 0x80006ba4 (0xff708093) x 1 0xfffffff3
core   0: 0x80006ba8 (0x711d72b7) lui     t0, 0x711d7
core   0: 3 0x80006ba8 (0x711d72b7) x 5 0x711d7000
core   0: 0x80006bac (0x862f0c13) addi    s8, t5, -1950
core   0: 3 0x80006bac (0x862f0c13) x24 0xfffff862
core   0: 0x80006bb0 (0x00f489b3) add     s3, s1, a5
core   0: 3 0x80006bb0 (0x00f489b3) x19 0x00000009
core   0: 0x80006bb4 (0x3df24013) xori    zero, tp, 991
core   0: 3 0x80006bb4 (0x3df24013)
core   0: 0x80006bb8 (0xff600693) li      a3, -10
core   0: 3 0x80006bb8 (0xff600693) x13 0xfffffff6
core   0: 0x80006bbc (0x00c59213) slli    tp, a1, 12
core   0: 3 0x80006bbc (0x00c59213) x 4 0x00000000
core   0: 0x80006bc0 (0x28ba8537) lui     a0, 0x28ba8
core   0: 3 0x80006bc0 (0x28ba8537) x10 0x28ba8000
core   0: 0x80006bc4 (0x00e00e13) li      t3, 14
core   0: 3 0x80006bc4 (0x00e00e13) x28 0x0000000e
core   0: 0x80006bc8 (0x41a55233) sra     tp, a0, s10
core   0: 3 0x80006bc8 (0x41a55233) x 4 0x28ba8000
core   0: 0x80006bcc (0x00b53433) sltu    s0, a0, a1
core   0: 3 0x80006bcc (0x00b53433) x 8 0x00000001
core   0: 0x80006bd0 (0x00000013) nop
core   0: 3 0x80006bd0 (0x00000013)
core   0: 0x80006bd4 (0x5c1ae193) ori     gp, s5, 1473
core   0: 3 0x80006bd4 (0x5c1ae193) x 3 0x000005c1
core   0: 0x80006bd8 (0x01592833) slt     a6, s2, s5
core   0: 3 0x80006bd8 (0x01592833) x16 0x00000000
core   0: 0x80006bdc (0x01279293) slli    t0, a5, 18
core   0: 3 0x80006bdc (0x01279293) x 5 0x00200000
core   0: 0x80006be0 (0x00b40ab3) add     s5, s0, a1
core   0: 3 0x80006be0 (0x00b40ab3) x21 0x80000001
core   0: 0x80006be4 (0x00668693) addi    a3, a3, 6
core   0: 3 0x80006be4 (0x00668693) x13 0xfffffffc
core   0: 0x80006be8 (0x1de2f213) andi    tp, t0, 478
core   0: 3 0x80006be8 (0x1de2f213) x 4 0x00000000
core   0: 0x80006bec (0xffc6c6e3) blt     a3, t3, pc - 20
core   0: 3 0x80006bec (0xffc6c6e3)
core   0: 0x80006bd8 (0x01592833) slt     a6, s2, s5
core   0: 3 0x80006bd8 (0x01592833) x16 0x00000000
core   0: 0x80006bdc (0x01279293) slli    t0, a5, 18
core   0: 3 0x80006bdc (0x01279293) x 5 0x00200000
core   0: 0x80006be0 (0x00b40ab3) add     s5, s0, a1
core   0: 3 0x80006be0 (0x00b40ab3) x21 0x80000001
core   0: 0x80006be4 (0x00668693) addi    a3, a3, 6
core   0: 3 0x80006be4 (0x00668693) x13 0x00000002
core   0: 0x80006be8 (0x1de2f213) andi    tp, t0, 478
core   0: 3 0x80006be8 (0x1de2f213) x 4 0x00000000
core   0: 0x80006bec (0xffc6c6e3) blt     a3, t3, pc - 20
core   0: 3 0x80006bec (0xffc6c6e3)
core   0: 0x80006bd8 (0x01592833) slt     a6, s2, s5
core   0: 3 0x80006bd8 (0x01592833) x16 0x00000000
core   0: 0x80006bdc (0x01279293) slli    t0, a5, 18
core   0: 3 0x80006bdc (0x01279293) x 5 0x00200000
core   0: 0x80006be0 (0x00b40ab3) add     s5, s0, a1
core   0: 3 0x80006be0 (0x00b40ab3) x21 0x80000001
core   0: 0x80006be4 (0x00668693) addi    a3, a3, 6
core   0: 3 0x80006be4 (0x00668693) x13 0x00000008
core   0: 0x80006be8 (0x1de2f213) andi    tp, t0, 478
core   0: 3 0x80006be8 (0x1de2f213) x 4 0x00000000
core   0: 0x80006bec (0xffc6c6e3) blt     a3, t3, pc - 20
core   0: 3 0x80006bec (0xffc6c6e3)
core   0: 0x80006bd8 (0x01592833) slt     a6, s2, s5
core   0: 3 0x80006bd8 (0x01592833) x16 0x00000000
core   0: 0x80006bdc (0x01279293) slli    t0, a5, 18
core   0: 3 0x80006bdc (0x01279293) x 5 0x00200000
core   0: 0x80006be0 (0x00b40ab3) add     s5, s0, a1
core   0: 3 0x80006be0 (0x00b40ab3) x21 0x80000001
core   0: 0x80006be4 (0x00668693) addi    a3, a3, 6
core   0: 3 0x80006be4 (0x00668693) x13 0x0000000e
core   0: 0x80006be8 (0x1de2f213) andi    tp, t0, 478
core   0: 3 0x80006be8 (0x1de2f213) x 4 0x00000000
core   0: 0x80006bec (0xffc6c6e3) blt     a3, t3, pc - 20
core   0: 3 0x80006bec (0xffc6c6e3)
core   0: 0x80006bf0 (0x41150f33) sub     t5, a0, a7
core   0: 3 0x80006bf0 (0x41150f33) x30 0x0eaea47c
core   0: 0x80006bf4 (0xfb70d4e3) bge     ra, s7, pc - 88
core   0: 3 0x80006bf4 (0xfb70d4e3)
core   0: 0x80006b9c (0x015b7933) and     s2, s6, s5
core   0: 3 0x80006b9c (0x015b7933) x18 0x80000000
core   0: 0x80006ba0 (0x0ff0000f) fence   iorw,iorw
core   0: 3 0x80006ba0 (0x0ff0000f)
core   0: 0x80006ba4 (0xff708093) addi    ra, ra, -9
core   0: 3 0x80006ba4 (0xff708093) x 1 0xffffffea
core   0: 0x80006ba8 (0x711d72b7) lui     t0, 0x711d7
core   0: 3 0x80006ba8 (0x711d72b7) x 5 0x711d7000
core   0: 0x80006bac (0x862f0c13) addi    s8, t5, -1950
core   0: 3 0x80006bac (0x862f0c13) x24 0x0eae9cde
core   0: 0x80006bb0 (0x00f489b3) add     s3, s1, a5
core   0: 3 0x80006bb0 (0x00f489b3) x19 0x00000009
core   0: 0x80006bb4 (0x3df24013) xori    zero, tp, 991
core   0: 3 0x80006bb4 (0x3df24013)
core   0: 0x80006bb8 (0xff600693) li      a3, -10
core   0: 3 0x80006bb8 (0xff600693) x13 0xfffffff6
core   0: 0x80006bbc (0x00c59213) slli    tp, a1, 12
core   0: 3 0x80006bbc (0x00c59213) x 4 0x00000000
core   0: 0x80006bc0 (0x28ba8537) lui     a0, 0x28ba8
core   0: 3 0x80006bc0 (0x28ba8537) x10 0x28ba8000
core   0: 0x80006bc4 (0x00e00e13) li      t3, 14
core   0: 3 0x80006bc4 (0x00e00e13) x28 0x0000000e
core   0: 0x80006bc8 (0x41a55233) sra     tp, a0, s10
core   0: 3 0x80006bc8 (0x41a55233) x 4 0x28ba8000
core   0: 0x80006bcc (0x00b53433) sltu    s0, a0, a1
core   0: 3 0x80006bcc (0x00b53433) x 8 0x00000001
core   0: 0x80006bd0 (0x00000013) nop
core   0: 3 0x80006bd0 (0x00000013)
core   0: 0x80006bd4 (0x5c1ae193) ori     gp, s5, 1473
core   0: 3 0x80006bd4 (0x5c1ae193) x 3 0x800005c1
core   0: 0x80006bd8 (0x01592833) slt     a6, s2, s5
core   0: 3 0x80006bd8 (0x01592833) x16 0x00000001
core   0: 0x80006bdc (0x01279293) slli    t0, a5, 18
core   0: 3 0x80006bdc (0x01279293) x 5 0x00200000
core   0: 0x80006be0 (0x00b40ab3) add     s5, s0, a1
core   0: 3 0x80006be0 (0x00b40ab3) x21 0x80000001
core   0: 0x80006be4 (0x00668693) addi    a3, a3, 6
core   0: 3 0x80006be4 (0x00668693) x13 0xfffffffc
core   0: 0x80006be8 (0x1de2f213) andi    tp, t0, 478
core   0: 3 0x80006be8 (0x1de2f213) x 4 0x00000000
core   0: 0x80006bec (0xffc6c6e3) blt     a3, t3, pc - 20
core   0: 3 0x80006bec (0xffc6c6e3)
core   0: 0x80006bd8 (0x01592833) slt     a6, s2, s5
core   0: 3 0x80006bd8 (0x01592833) x16 0x00000001
core   0: 0x80006bdc (0x01279293) slli    t0, a5, 18
core   0: 3 0x80006bdc (0x01279293) x 5 0x00200000
core   0: 0x80006be0 (0x00b40ab3) add     s5, s0, a1
core   0: 3 0x80006be0 (0x00b40ab3) x21 0x80000001
core   0: 0x80006be4 (0x00668693) addi    a3, a3, 6
core   0: 3 0x80006be4 (0x00668693) x13 0x00000002
core   0: 0x80006be8 (0x1de2f213) andi    tp, t0, 478
core   0: 3 0x80006be8 (0x1de2f213) x 4 0x00000000
core   0: 0x80006bec (0xffc6c6e3) blt     a3, t3, pc - 20
core   0: 3 0x80006bec (0xffc6c6e3)
core   0: 0x80006bd8 (0x01592833) slt     a6, s2, s5
core   0: 3 0x80006bd8 (0x01592833) x16 0x00000001
core   0: 0x80006bdc (0x01279293) slli    t0, a5, 18
core   0: 3 0x80006bdc (0x01279293) x 5 0x00200000
core   0: 0x80006be0 (0x00b40ab3) add     s5, s0, a1
core   0: 3 0x80006be0 (0x00b40ab3) x21 0x80000001
core   0: 0x80006be4 (0x00668693) addi    a3, a3, 6
core   0: 3 0x80006be4 (0x00668693) x13 0x00000008
core   0: 0x80006be8 (0x1de2f213) andi    tp, t0, 478
core   0: 3 0x80006be8 (0x1de2f213) x 4 0x00000000
core   0: 0x80006bec (0xffc6c6e3) blt     a3, t3, pc - 20
core   0: 3 0x80006bec (0xffc6c6e3)
core   0: 0x80006bd8 (0x01592833) slt     a6, s2, s5
core   0: 3 0x80006bd8 (0x01592833) x16 0x00000001
core   0: 0x80006bdc (0x01279293) slli    t0, a5, 18
core   0: 3 0x80006bdc (0x01279293) x 5 0x00200000
core   0: 0x80006be0 (0x00b40ab3) add     s5, s0, a1
core   0: 3 0x80006be0 (0x00b40ab3) x21 0x80000001
core   0: 0x80006be4 (0x00668693) addi    a3, a3, 6
core   0: 3 0x80006be4 (0x00668693) x13 0x0000000e
core   0: 0x80006be8 (0x1de2f213) andi    tp, t0, 478
core   0: 3 0x80006be8 (0x1de2f213) x 4 0x00000000
core   0: 0x80006bec (0xffc6c6e3) blt     a3, t3, pc - 20
core   0: 3 0x80006bec (0xffc6c6e3)
core   0: 0x80006bf0 (0x41150f33) sub     t5, a0, a7
core   0: 3 0x80006bf0 (0x41150f33) x30 0x0eaea47c
core   0: 0x80006bf4 (0xfb70d4e3) bge     ra, s7, pc - 88
core   0: 3 0x80006bf4 (0xfb70d4e3)
core   0: 0x80006bf8 (0x0159ccb3) xor     s9, s3, s5
core   0: 3 0x80006bf8 (0x0159ccb3) x25 0x80000008
core   0: 0x80006bfc (0x00221a63) bne     tp, sp, pc + 20
core   0: 3 0x80006bfc (0x00221a63)
core   0: 0x80006c10 (0x01ca28b3) slt     a7, s4, t3
core   0: 3 0x80006c10 (0x01ca28b3) x17 0x00000000
core   0: 0x80006c14 (0x00fe5693) srli    a3, t3, 15
core   0: 3 0x80006c14 (0x00fe5693) x13 0x00000000
core   0: 0x80006c18 (0x6bbbf737) lui     a4, 0x6bbbf
core   0: 3 0x80006c18 (0x6bbbf737) x14 0x6bbbf000
core   0: 0x80006c1c (0x01604a63) blt     zero, s6, pc + 20
core   0: 3 0x80006c1c (0x01604a63)
core   0: 0x80006c20 (0x00d17533) and     a0, sp, a3
core   0: 3 0x80006c20 (0x00d17533) x10 0x00000000
core   0: 0x80006c24 (0x011e2333) slt     t1, t3, a7
core   0: 3 0x80006c24 (0x011e2333) x 6 0x00000000
core   0: 0x80006c28 (0xe9e98693) addi    a3, s3, -354
core   0: 3 0x80006c28 (0xe9e98693) x13 0xfffffea7
core   0: 0x80006c2c (0x009f5c63) bge     t5, s1, pc + 24
core   0: 3 0x80006c2c (0x009f5c63)
core   0: 0x80006c44 (0x0456c663) blt     a3, t0, pc + 76
core   0: 3 0x80006c44 (0x0456c663)
core   0: 0x80006c90 (0x01f19293) slli    t0, gp, 31
core   0: 3 0x80006c90 (0x01f19293) x 5 0x80000000
core   0: 0x80006c94 (0x0144c663) blt     s1, s4, pc + 12
core   0: 3 0x80006c94 (0x0144c663)
core   0: 0x80006ca0 (0x3390de37) lui     t3, 0x3390d
core   0: 3 0x80006ca0 (0x3390de37) x28 0x3390d000
core   0: 0x80006ca4 (0x76174293) xori    t0, a4, 1889
core   0: 3 0x80006ca4 (0x76174293) x 5 0x6bbbf761
core   0: 0x80006ca8 (0x000a8a33) add     s4, s5, zero
core   0: 3 0x80006ca8 (0x000a8a33) x20 0x80000001
core   0: 0x80006cac (0x01284733) xor     a4, a6, s2
core   0: 3 0x80006cac (0x01284733) x14 0x80000001
core   0: 0x80006cb0 (0x00000013) nop
core   0: 3 0x80006cb0 (0x00000013)
core   0: 0x80006cb4 (0x01a526b3) slt     a3, a0, s10
core   0: 3 0x80006cb4 (0x01a526b3) x13 0x00000000
core   0: 0x80006cb8 (0x0ff0000f) fence   iorw,iorw
core   0: 3 0x80006cb8 (0x0ff0000f)
core   0: 0x80006cbc (0x00323e33) sltu    t3, tp, gp
core   0: 3 0x80006cbc (0x00323e33) x28 0x00000001
core   0: 0x80006cc0 (0x40620933) sub     s2, tp, t1
core   0: 3 0x80006cc0 (0x40620933) x18 0x00000000
core   0: 0x80006cc4 (0x00795013) srli    zero, s2, 7
core   0: 3 0x80006cc4 (0x00795013)
core   0: 0x80006cc8 (0x233d6293) ori     t0, s10, 563
core   0: 3 0x80006cc8 (0x233d6293) x 5 0xf36fd7f3
core   0: 0x80006ccc (0x01ab9793) slli    a5, s7, 26
core   0: 3 0x80006ccc (0x01ab9793) x15 0xcc000000
core   0: 0x80006cd0 (0xd92c7a13) andi    s4, s8, -622
core   0: 3 0x80006cd0 (0xd92c7a13) x20 0x0eae9c92
core   0: 0x80006cd4 (0x00087c33) and     s8, a6, zero
core   0: 3 0x80006cd4 (0x00087c33) x24 0x00000000
core   0: 0x80006cd8 (0x00b21033) sll     zero, tp, a1
core   0: 3 0x80006cd8 (0x00b21033)
core   0: 0x80006cdc (0x00000013) nop
core   0: 3 0x80006cdc (0x00000013)
core   0: 0x80006ce0 (0x00ae5b93) srli    s7, t3, 10
core   0: 3 0x80006ce0 (0x00ae5b93) x23 0x00000000
core   0: 0x80006ce4 (0x4a66ef13) ori     t5, a3, 1190
core   0: 3 0x80006ce4 (0x4a66ef13) x30 0x000004a6
core   0: 0x80006ce8 (0x40b457b3) sra     a5, s0, a1
core   0: 3 0x80006ce8 (0x40b457b3) x15 0x00000001
core   0: 0x80006cec (0x40ba8733) sub     a4, s5, a1
core   0: 3 0x80006cec (0x40ba8733) x14 0x00000001
core   0: 0x80006cf0 (0x01d55433) srl     s0, a0, t4
core   0: 3 0x80006cf0 (0x01d55433) x 8 0x00000000
core   0: 0x80006cf4 (0x40da8433) sub     s0, s5, a3
core   0: 3 0x80006cf4 (0x40da8433) x 8 0x80000001
core   0: 0x80006cf8 (0x0ff0000f) fence   iorw,iorw
core   0: 3 0x80006cf8 (0x0ff0000f)
core   0: 0x80006cfc (0xcca5f693) andi    a3, a1, -822
core   0: 3 0x80006cfc (0xcca5f693) x13 0x80000000
core   0: 0x80006d00 (0x01b38c33) add     s8, t2, s11
core   0: 3 0x80006d00 (0x01b38c33) x24 0x80028e1c
core   0: 0x80006d04 (0x0084c7b3) xor     a5, s1, s0
core   0: 3 0x80006d04 (0x0084c7b3) x15 0x80000000
core   0: 0x80006d08 (0x41ed5533) sra     a0, s10, t5
core   0: 3 0x80006d08 (0x41ed5533) x10 0xffcdbf5f
core   0: 0x80006d0c (0xaeb16193) ori     gp, sp, -1301
core   0: 3 0x80006d0c (0xaeb16193) x 3 0xfffffeef
core   0: 0x80006d10 (0x04b0d263) bge     ra, a1, pc + 68
core   0: 3 0x80006d10 (0x04b0d263)
core   0: 0x80006d54 (0x00dc7733) and     a4, s8, a3
core   0: 3 0x80006d54 (0x00dc7733) x14 0x80000000
core   0: 0x80006d58 (0x00000013) nop
core   0: 3 0x80006d58 (0x00000013)
core   0: 0x80006d5c (0x017111b3) sll     gp, sp, s7
core   0: 3 0x80006d5c (0x017111b3) x 3 0x80028ce4
core   0: 0x80006d60 (0x38c4ae93) slti    t4, s1, 908
core   0: 3 0x80006d60 (0x38c4ae93) x29 0x00000001
core   0: 0x80006d64 (0x003c34b3) sltu    s1, s8, gp
core   0: 3 0x80006d64 (0x003c34b3) x 9 0x00000000
core   0: 0x80006d68 (0x0ff0000f) fence   iorw,iorw
core   0: 3 0x80006d68 (0x0ff0000f)
core   0: 0x80006d6c (0x3297f313) andi    t1, a5, 809
core   0: 3 0x80006d6c (0x3297f313) x 6 0x00000000
core   0: 0x80006d70 (0xf3cd6213) ori     tp, s10, -196
core   0: 3 0x80006d70 (0xf3cd6213) x 4 0xfffffffc
core   0: 0x80006d74 (0x38cfb493) sltiu   s1, t6, 908
core   0: 3 0x80006d74 (0x38cfb493) x 9 0x00000000
core   0: 0x80006d78 (0xffa5bc93) sltiu   s9, a1, -6
core   0: 3 0x80006d78 (0xffa5bc93) x25 0x00000001
core   0: 0x80006d7c (0x39bd3c97) auipc   s9, 0x39bd3
core   0: 3 0x80006d7c (0x39bd3c97) x25 0xb9bd9d7c
core   0: 0x80006d80 (0x0054e863) bltu    s1, t0, pc + 16
core   0: 3 0x80006d80 (0x0054e863)
core   0: 0x80006d90 (0x00807333) and     t1, zero, s0
core   0: 3 0x80006d90 (0x00807333) x 6 0x00000000
core   0: 0x80006d94 (0x01e5c6b3) xor     a3, a1, t5
core   0: 3 0x80006d94 (0x01e5c6b3) x13 0x800004a6
core   0: 0x80006d98 (0x52bf6837) lui     a6, 0x52bf6
core   0: 3 0x80006d98 (0x52bf6837) x16 0x52bf6000
core   0: 0x80006d9c (0xa2ad4213) xori    tp, s10, -1494
core   0: 3 0x80006d9c (0xa2ad4213) x 4 0x0c902dca
core   0: 0x80006da0 (0x01c97263) bgeu    s2, t3, pc + 4
core   0: 3 0x80006da0 (0x01c97263)
core   0: 0x80006da4 (0x0170f663) bgeu    ra, s7, pc + 12
core   0: 3 0x80006da4 (0x0170f663)
core   0: 0x80006db0 (0x0409f263) bgeu    s3, zero, pc + 68
core   0: 3 0x80006db0 (0x0409f263)
core   0: 0x80006df4 (0xe1af6093) ori     ra, t5, -486
core   0: 3 0x80006df4 (0xe1af6093) x 1 0xfffffebe
core   0: 0x80006df8 (0x00a91493) slli    s1, s2, 10
core   0: 3 0x80006df8 (0x00a91493) x 9 0x00000000
core   0: 0x80006dfc (0xf816c997) auipc   s3, 0xf816c
core   0: 3 0x80006dfc (0xf816c997) x19 0x78172dfc
core   0: 0x80006e00 (0x7874afb7) lui     t6, 0x7874a
core   0: 3 0x80006e00 (0x7874afb7) x31 0x7874a000
core   0: 0x80006e04 (0x0195fa63) bgeu    a1, s9, pc + 20
core   0: 3 0x80006e04 (0x0195fa63)
core   0: 0x80006e08 (0x05909663) bne     ra, s9, pc + 76
core   0: 3 0x80006e08 (0x05909663)
core   0: 0x80006e54 (0x404587b3) sub     a5, a1, tp
core   0: 3 0x80006e54 (0x404587b3) x15 0x736fd236
core   0: 0x80006e58 (0x0ff0000f) fence   iorw,iorw
core   0: 3 0x80006e58 (0x0ff0000f)
core   0: 0x80006e5c (0x11d0a193) slti    gp, ra, 285
core   0: 3 0x80006e5c (0x11d0a193) x 3 0x00000001
core   0: 0x80006e60 (0x00ac3db3) sltu    s11, s8, a0
core   0: 3 0x80006e60 (0x00ac3db3) x27 0x00000001
core   0: 0x80006e64 (0x41e6df13) srai    t5, a3, 30
core   0: 3 0x80006e64 (0x41e6df13) x30 0xfffffffe
core   0: 0x80006e68 (0x02c36263) bltu    t1, a2, pc + 36
core   0: 3 0x80006e68 (0x02c36263)
core   0: 0x80006e8c (0x411dd433) sra     s0, s11, a7
core   0: 3 0x80006e8c (0x411dd433) x 8 0x00000001
core   0: 0x80006e90 (0xf263e913) ori     s2, t2, -218
core   0: 3 0x80006e90 (0xf263e913) x18 0xffffffbe
core   0: 0x80006e94 (0x001bf1b3) and     gp, s7, ra
core   0: 3 0x80006e94 (0x001bf1b3) x 3 0x00000000
core   0: 0x80006e98 (0xf400ceb7) lui     t4, 0xf400c
core   0: 3 0x80006e98 (0xf400ceb7) x29 0xf400c000
core   0: 0x80006e9c (0x00000013) nop
core   0: 3 0x80006e9c (0x00000013)
core   0: 0x80006ea0 (0x48a0ce13) xori    t3, ra, 1162
core   0: 3 0x80006ea0 (0x48a0ce13) x28 0xfffffa34
core   0: 0x80006ea4 (0x01d7de63) bge     a5, t4, pc + 28
core   0: 3 0x80006ea4 (0x01d7de63)
core   0: 0x80006ec0 (0x00fc42b3) xor     t0, s8, a5
core   0: 3 0x80006ec0 (0x00fc42b3) x 5 0xf36d5c2a
core   0: 0x80006ec4 (0x00734663) blt     t1, t2, pc + 12
core   0: 3 0x80006ec4 (0x00734663)
core   0: 0x80006ec8 (0xfc2ee293) ori     t0, t4, -62
core   0: 3 0x80006ec8 (0xfc2ee293) x 5 0xffffffc2
core   0: 0x80006ecc (0x03927663) bgeu    tp, s9, pc + 44
core   0: 3 0x80006ecc (0x03927663)
core   0: 0x80006ed0 (0x0c5f7f13) andi    t5, t5, 197
core   0: 3 0x80006ed0 (0x0c5f7f13) x30 0x000000c4
core   0: 0x80006ed4 (0x005fc9b3) xor     s3, t6, t0
core   0: 3 0x80006ed4 (0x005fc9b3) x19 0x878b5fc2
core   0: 0x80006ed8 (0x05ffc863) blt     t6, t6, pc + 80
core   0: 3 0x80006ed8 (0x05ffc863)
core   0: 0x80006edc (0x58d9c193) xori    gp, s3, 1421
core   0: 3 0x80006edc (0x58d9c193) x 3 0x878b5a4f
core   0: 0x80006ee0 (0x206fc817) auipc   a6, 0x206fc
core   0: 3 0x80006ee0 (0x206fc817) x16 0xa0702ee0
core   0: 0x80006ee4 (0x00075663) bgez    a4, pc + 12
core   0: 3 0x80006ee4 (0x00075663)
core   0: 0x80006ee8 (0x00c05033) srl     zero, zero, a2
core   0: 3 0x80006ee8 (0x00c05033)
core   0: 0x80006eec (0x72477017) auipc   zero, 0x72477
core   0: 3 0x80006eec (0x72477017)
core   0: 0x80006ef0 (0x363ae313) ori     t1, s5, 867
core   0: 3 0x80006ef0 (0x363ae313) x 6 0x80000363
core   0: 0x80006ef4 (0x884bc393) xori    t2, s7, -1916
core   0: 3 0x80006ef4 (0x884bc393) x 7 0xfffff884
core   0: 0x80006ef8 (0x92b1c713) xori    a4, gp, -1749
core   0: 3 0x80006ef8 (0x92b1c713) x14 0x7874a364
core   0: 0x80006efc (0x010bf7b3) and     a5, s7, a6
core   0: 3 0x80006efc (0x010bf7b3) x15 0x00000000
core   0: 0x80006f00 (0x000b4fb3) xor     t6, s6, zero
core   0: 3 0x80006f00 (0x000b4fb3) x31 0xa9f91680
core   0: 0x80006f04 (0x00945c63) bge     s0, s1, pc + 24
core   0: 3 0x80006f04 (0x00945c63)
core   0: 0x80006f1c (0x014dbb33) sltu    s6, s11, s4
core   0: 3 0x80006f1c (0x014dbb33) x22 0x00000001
core   0: 0x80006f20 (0x4124dab3) sra     s5, s1, s2
core   0: 3 0x80006f20 (0x4124dab3) x21 0x00000000
core   0: 0x80006f24 (0x00000013) nop
core   0: 3 0x80006f24 (0x00000013)
core   0: 0x80006f28 (0x00000013) nop
core   0: 3 0x80006f28 (0x00000013)
core   0: 0x80006f2c (0x4141dfb3) sra     t6, gp, s4
core   0: 3 0x80006f2c (0x4141dfb3) x31 0xffffe1e2
core   0: 0x80006f30 (0x0172dc33) srl     s8, t0, s7
core   0: 3 0x80006f30 (0x0172dc33) x24 0xffffffc2
core   0: 0x80006f34 (0x40205c33) sra     s8, zero, sp
core   0: 3 0x80006f34 (0x40205c33) x24 0x00000000
core   0: 0x80006f38 (0x4315fd93) andi    s11, a1, 1073
core   0: 3 0x80006f38 (0x4315fd93) x27 0x00000000
core   0: 0x80006f3c (0x01347ab3) and     s5, s0, s3
core   0: 3 0x80006f3c (0x01347ab3) x21 0x00000000
core   0: 0x80006f40 (0x479cb313) sltiu   t1, s9, 1145
core   0: 3 0x80006f40 (0x479cb313) x 6 0x00000000
core   0: 0x80006f44 (0x0000100f) fence.i
core   0: 3 0x80006f44 (0x0000100f)
core   0: 0x80006f48 (0xc871c793) xori    a5, gp, -889
core   0: 3 0x80006f48 (0xc871c793) x15 0x7874a6c8
core   0: 0x80006f4c (0x00000013) nop
core   0: 3 0x80006f4c (0x00000013)
core   0: 0x80006f50 (0x0ff0000f) fence   iorw,iorw
core   0: 3 0x80006f50 (0x0ff0000f)
core   0: 0x80006f54 (0x01675193) srli    gp, a4, 22
core   0: 3 0x80006f54 (0x01675193) x 3 0x000001e1
core   0: 0x80006f58 (0xfaa91097) auipc   ra, 0xfaa91
core   0: 3 0x80006f58 (0xfaa91097) x 1 0x7aa97f58
core   0: 0x80006f5c (0x0298ce63) blt     a7, s1, pc + 60
core   0: 3 0x80006f5c (0x0298ce63)
core   0: 0x80006f60 (0xa337f6b7) lui     a3, 0xa337f
core   0: 3 0x80006f60 (0xa337f6b7) x13 0xa337f000
core   0: 0x80006f64 (0x49fbacb7) lui     s9, 0x49fba
core   0: 3 0x80006f64 (0x49fbacb7) x25 0x49fba000
core   0: 0x80006f68 (0x52de4997) auipc   s3, 0x52de4
core   0: 3 0x80006f68 (0x52de4997) x19 0xd2deaf68
core   0: 0x80006f6c (0x05139663) bne     t2, a7, pc + 76
core   0: 3 0x80006f6c (0x05139663)
core   0: 0x80006fb8 (0x85188413) addi    s0, a7, -1967
core   0: 3 0x80006fb8 (0x85188413) x 8 0xfffff851
core   0: 0x80006fbc (0x08d88d13) addi    s10, a7, 141
core   0: 3 0x80006fbc (0x08d88d13) x26 0x0000008d
core   0: 0x80006fc0 (0x00c15333) srl     t1, sp, a2
core   0: 3 0x80006fc0 (0x00c15333) x 6 0x080028ce
core   0: 0x80006fc4 (0x41fc0b97) auipc   s7, 0x41fc0
core   0: 3 0x80006fc4 (0x41fc0b97) x23 0xc1fc6fc4
core   0: 0x80006fc8 (0x4f4cc513) xori    a0, s9, 1268
core   0: 3 0x80006fc8 (0x4f4cc513) x10 0x49fba4f4
core   0: 0x80006fcc (0x016c1a33) sll     s4, s8, s6
core   0: 3 0x80006fcc (0x016c1a33) x20 0x00000000
core   0: 0x80006fd0 (0x04ec1663) bne     s8, a4, pc + 76
core   0: 3 0x80006fd0 (0x04ec1663)
core   0: 0x8000701c (0x0060c1b3) xor     gp, ra, t1
core   0: 3 0x8000701c (0x0060c1b3) x 3 0x72a95796
core   0: 0x80007020 (0x003850b3) srl     ra, a6, gp
core   0: 3 0x80007020 (0x003850b3) x 1 0x00000281
core   0: 0x80007024 (0x006a8fb3) add     t6, s5, t1
core   0: 3 0x80007024 (0x006a8fb3) x31 0x080028ce
core   0: 0x80007028 (0x019a0933) add     s2, s4, s9
core   0: 3 0x80007028 (0x019a0933) x18 0x49fba000
core   0: 0x8000702c (0x00bd6db3) or      s11, s10, a1
core   0: 3 0x8000702c (0x00bd6db3) x27 0x8000008d
core   0: 0x80007030 (0x77f38513) addi    a0, t2, 1919
core   0: 3 0x80007030 (0x77f38513) x10 0x00000003
core   0: 0x80007034 (0x0084b233) sltu    tp, s1, s0
core   0: 3 0x80007034 (0x0084b233) x 4 0x00000001
core   0: 0x80007038 (0x0000100f) fence.i
core   0: 3 0x80007038 (0x0000100f)
core   0: 0x8000703c (0x40f703b3) sub     t2, a4, a5
core   0: 3 0x8000703c (0x40f703b3) x 7 0xfffffc9c
core   0: 0x80007040 (0x40f8d533) sra     a0, a7, a5
core   0: 3 0x80007040 (0x40f8d533) x10 0x00000000
core   0: 0x80007044 (0x074c6c13) ori     s8, s8, 116
core   0: 3 0x80007044 (0x074c6c13) x24 0x00000074
core   0: 0x80007048 (0x05354263) blt     a0, s3, pc + 68
core   0: 3 0x80007048 (0x05354263)
core   0: 0x8000704c (0x40c85393) srai    t2, a6, 12
core   0: 3 0x8000704c (0x40c85393) x 7 0xfffa0702
core   0: 0x80007050 (0x004b2433) slt     s0, s6, tp
core   0: 3 0x80007050 (0x004b2433) x 8 0x00000000
core   0: 0x80007054 (0x042e1063) bne     t3, sp, pc + 64
core   0: 3 0x80007054 (0x042e1063)
core   0: 0x80007094 (0x002879b3) and     s3, a6, sp
core   0: 3 0x80007094 (0x002879b3) x19 0x80000ce0
core   0: 0x80007098 (0xd3b7ab93) slti    s7, a5, -709
core   0: 3 0x80007098 (0xd3b7ab93) x23 0x00000000
core   0: 0x8000709c (0xe5247093) andi    ra, s0, -430
core   0: 3 0x8000709c (0xe5247093) x 1 0x00000000
core   0: 0x800070a0 (0x04384863) blt     a6, gp, pc + 80
core   0: 3 0x800070a0 (0x04384863)
core   0: 0x800070f0 (0x014ef263) bgeu    t4, s4, pc + 4
core   0: 3 0x800070f0 (0x014ef263)
core   0: 0x800070f4 (0x40b10fb3) sub     t6, sp, a1
core   0: 3 0x800070f4 (0x40b10fb3) x31 0x00028ce4
core   0: 0x800070f8 (0x40a5dc33) sra     s8, a1, a0
core   0: 3 0x800070f8 (0x40a5dc33) x24 0x80000000
core   0: 0x800070fc (0x004b9733) sll     a4, s7, tp
core   0: 3 0x800070fc (0x004b9733) x14 0x00000000
core   0: 0x80007100 (0x0ff0000f) fence   iorw,iorw
core   0: 3 0x80007100 (0x0ff0000f)
core   0: 0x80007104 (0x417b5033) sra     zero, s6, s7
core   0: 3 0x80007104 (0x417b5033)
core   0: 0x80007108 (0x0ff0000f) fence   iorw,iorw
core   0: 3 0x80007108 (0x0ff0000f)
core   0: 0x8000710c (0xcd39e713) ori     a4, s3, -813
core   0: 3 0x8000710c (0xcd39e713) x14 0xfffffcf3
core   0: 0x80007110 (0x133ce993) ori     s3, s9, 307
core   0: 3 0x80007110 (0x133ce993) x19 0x49fba133
core   0: 0x80007114 (0x005e90b3) sll     ra, t4, t0
core   0: 3 0x80007114 (0x005e90b3) x 1 0xd0030000
core   0: 0x80007118 (0xe6252513) slti    a0, a0, -414
core   0: 3 0x80007118 (0xe6252513) x10 0x00000000
core   0: 0x8000711c (0x00ebf663) bgeu    s7, a4, pc + 12
core   0: 3 0x8000711c (0x00ebf663)
core   0: 0x80007120 (0x05b7d663) bge     a5, s11, pc + 76
core   0: 3 0x80007120 (0x05b7d663)
core   0: 0x8000716c (0x40715033) sra     zero, sp, t2
core   0: 3 0x8000716c (0x40715033)
core   0: 0x80007170 (0x01c87463) bgeu    a6, t3, pc + 8
core   0: 3 0x80007170 (0x01c87463)
core   0: 0x80007174 (0x78e56893) ori     a7, a0, 1934
core   0: 3 0x80007174 (0x78e56893) x17 0x0000078e
core   0: 0x80007178 (0x01e0d2b3) srl     t0, ra, t5
core   0: 3 0x80007178 (0x01e0d2b3) x 5 0x0d003000
core   0: 0x8000717c (0x6ebec993) xori    s3, t4, 1771
core   0: 3 0x8000717c (0x6ebec993) x19 0xf400c6eb
core   0: 0x80007180 (0x30522293) slti    t0, tp, 773
core   0: 3 0x80007180 (0x30522293) x 5 0x00000001
core   0: 0x80007184 (0x00f85c93) srli    s9, a6, 15
core   0: 3 0x80007184 (0x00f85c93) x25 0x000140e0
core   0: 0x80007188 (0x00e43333) sltu    t1, s0, a4
core   0: 3 0x80007188 (0x00e43333) x 6 0x00000001
core   0: 0x8000718c (0x8d839717) auipc   a4, 0x8d839
core   0: 3 0x8000718c (0x8d839717) x14 0x0d84018c
core   0: 0x80007190 (0x6a60b993) sltiu   s3, ra, 1702
core   0: 3 0x80007190 (0x6a60b993) x19 0x00000000
core   0: 0x80007194 (0x00da07b3) add     a5, s4, a3
core   0: 3 0x80007194 (0x00da07b3) x15 0xa337f000
core   0: 0x80007198 (0x003f5513) srli    a0, t5, 3
core   0: 3 0x80007198 (0x003f5513) x10 0x00000018
core   0: 0x8000719c (0x0000100f) fence.i
core   0: 3 0x8000719c (0x0000100f)
core   0: 0x800071a0 (0x003b3f33) sltu    t5, s6, gp
core   0: 3 0x800071a0 (0x003b3f33) x30 0x00000001
core   0: 0x800071a4 (0x004aea33) or      s4, s5, tp
core   0: 3 0x800071a4 (0x004aea33) x20 0x00000001
core   0: 0x800071a8 (0x00000013) nop
core   0: 3 0x800071a8 (0x00000013)
core   0: 0x800071ac (0x99c4ed13) ori     s10, s1, -1636
core   0: 3 0x800071ac (0x99c4ed13) x26 0xfffff99c
core   0: 0x800071b0 (0xf8d22e93) slti    t4, tp, -115
core   0: 3 0x800071b0 (0xf8d22e93) x29 0x00000000
core   0: 0x800071b4 (0x00ff5d13) srli    s10, t5, 15
core   0: 3 0x800071b4 (0x00ff5d13) x26 0x00000000
core   0: 0x800071b8 (0x0143a1b3) slt     gp, t2, s4
core   0: 3 0x800071b8 (0x0143a1b3) x 3 0x00000001
core   0: 0x800071bc (0x00814a63) blt     sp, s0, pc + 20
core   0: 3 0x800071bc (0x00814a63)
core   0: 0x800071d0 (0x012bacb3) slt     s9, s7, s2
core   0: 3 0x800071d0 (0x012bacb3) x25 0x00000001
core   0: 0x800071d4 (0x007a13b3) sll     t2, s4, t2
core   0: 3 0x800071d4 (0x007a13b3) x 7 0x00000004
core   0: 0x800071d8 (0x0096ea33) or      s4, a3, s1
core   0: 3 0x800071d8 (0x0096ea33) x20 0xa337f000
core   0: 0x800071dc (0x01c57c63) bgeu    a0, t3, pc + 24
core   0: 3 0x800071dc (0x01c57c63)
core   0: 0x800071e0 (0x004608b3) add     a7, a2, tp
core   0: 3 0x800071e0 (0x004608b3) x17 0x80024e65
core   0: 0x800071e4 (0x0ff0000f) fence   iorw,iorw
core   0: 3 0x800071e4 (0x0ff0000f)
core   0: 0x800071e8 (0xa1c54eb7) lui     t4, 0xa1c54
core   0: 3 0x800071e8 (0xa1c54eb7) x29 0xa1c54000
core   0: 0x800071ec (0x401c59b3) sra     s3, s8, ra
core   0: 3 0x800071ec (0x401c59b3) x19 0x80000000
core   0: 0x800071f0 (0xed20bb13) sltiu   s6, ra, -302
core   0: 3 0x800071f0 (0xed20bb13) x22 0x00000001
core   0: 0x800071f4 (0x01ce1263) bne     t3, t3, pc + 4
core   0: 3 0x800071f4 (0x01ce1263)
core   0: 0x800071f8 (0x0ff0000f) fence   iorw,iorw
core   0: 3 0x800071f8 (0x0ff0000f)
core   0: 0x800071fc (0x85c1a837) lui     a6, 0x85c1a
core   0: 3 0x800071fc (0x85c1a837) x16 0x85c1a000
core   0: 0x80007200 (0x00675863) bge     a4, t1, pc + 16
core   0: 3 0x80007200 (0x00675863)
core   0: 0x80007210 (0x00fb69b3) or      s3, s6, a5
core   0: 3 0x80007210 (0x00fb69b3) x19 0xa337f001
core   0: 0x80007214 (0x51380293) addi    t0, a6, 1299
core   0: 3 0x80007214 (0x51380293) x 5 0x85c1a513
core   0: 0x80007218 (0x019b0bb3) add     s7, s6, s9
core   0: 3 0x80007218 (0x019b0bb3) x23 0x00000002
core   0: 0x8000721c (0x419f07b3) sub     a5, t5, s9
core   0: 3 0x8000721c (0x419f07b3) x15 0x00000000
core   0: 0x80007220 (0x013cda33) srl     s4, s9, s3
core   0: 3 0x80007220 (0x013cda33) x20 0x00000000
core   0: 0x80007224 (0x01aa8e63) beq     s5, s10, pc + 28
core   0: 3 0x80007224 (0x01aa8e63)
core   0: 0x80007240 (0x004e38b3) sltu    a7, t3, tp
core   0: 3 0x80007240 (0x004e38b3) x17 0x00000000
core   0: 0x80007244 (0x03a6ce63) blt     a3, s10, pc + 60
core   0: 3 0x80007244 (0x03a6ce63)
core   0: 0x80007280 (0x0379ee63) bltu    s3, s7, pc + 60
core   0: 3 0x80007280 (0x0379ee63)
core   0: 0x80007284 (0x01768fb3) add     t6, a3, s7
core   0: 3 0x80007284 (0x01768fb3) x31 0xa337f002
core   0: 0x80007288 (0x004fc333) xor     t1, t6, tp
core   0: 3 0x80007288 (0x004fc333) x 6 0xa337f003
core   0: 0x8000728c (0x01edc863) blt     s11, t5, pc + 16
core   0: 3 0x8000728c (0x01edc863)
core   0: 0x8000729c (0x33910993) addi    s3, sp, 825
core   0: 3 0x8000729c (0x33910993) x19 0x8002901d
core   0: 0x800072a0 (0x049c9663) bne     s9, s1, pc + 76
core   0: 3 0x800072a0 (0x049c9663)
core   0: 0x800072ec (0x0ff0000f) fence   iorw,iorw
core   0: 3 0x800072ec (0x0ff0000f)
core   0: 0x800072f0 (0x013589b3) add     s3, a1, s3
core   0: 3 0x800072f0 (0x013589b3) x19 0x0002901d
core   0: 0x800072f4 (0x02b2fd13) andi    s10, t0, 43
core   0: 3 0x800072f4 (0x02b2fd13) x26 0x00000003
core   0: 0x800072f8 (0x01f95263) bge     s2, t6, pc + 4
core   0: 3 0x800072f8 (0x01f95263)
core   0: 0x800072fc (0xc1426693) ori     a3, tp, -1004
core   0: 3 0x800072fc (0xc1426693) x13 0xfffffc15
core   0: 0x80007300 (0x00358fb3) add     t6, a1, gp
core   0: 3 0x80007300 (0x00358fb3) x31 0x80000001
core   0: 0x80007304 (0x3903c513) xori    a0, t2, 912
core   0: 3 0x80007304 (0x3903c513) x10 0x00000394
core   0: 0x80007308 (0x8a4caf37) lui     t5, 0x8a4ca
core   0: 3 0x80007308 (0x8a4caf37) x30 0x8a4ca000
core   0: 0x8000730c (0x40ff86b3) sub     a3, t6, a5
core   0: 3 0x8000730c (0x40ff86b3) x13 0x80000001
core   0: 0x80007310 (0x3c0c8993) addi    s3, s9, 960
core   0: 3 0x80007310 (0x3c0c8993) x19 0x000003c1
core   0: 0x80007314 (0x01a05b33) srl     s6, zero, s10
core   0: 3 0x80007314 (0x01a05b33) x22 0x00000000
core   0: 0x80007318 (0x40a25713) srai    a4, tp, 10
core   0: 3 0x80007318 (0x40a25713) x14 0x00000000
core   0: 0x8000731c (0x01c560b3) or      ra, a0, t3
core   0: 3 0x8000731c (0x01c560b3) x 1 0xfffffbb4
core   0: 0x80007320 (0x0ff0000f) fence   iorw,iorw
core   0: 3 0x80007320 (0x0ff0000f)
core   0: 0x80007324 (0x5ef7ef93) ori     t6, a5, 1519
core   0: 3 0x80007324 (0x5ef7ef93) x31 0x000005ef
core   0: 0x80007328 (0x01eb8233) add     tp, s7, t5
core   0: 3 0x80007328 (0x01eb8233) x 4 0x8a4ca002
core   0: 0x8000732c (0x00dd1c93) slli    s9, s10, 13
core   0: 3 0x8000732c (0x00dd1c93) x25 0x00006000
core   0: 0x80007330 (0x0422c663) blt     t0, sp, pc + 76
core   0: 3 0x80007330 (0x0422c663)
core   0: 0x80007334 (0x01b69a33) sll     s4, a3, s11
core   0: 3 0x80007334 (0x01b69a33) x20 0x00002000
core   0: 0x80007338 (0x00d52b33) slt     s6, a0, a3
core   0: 3 0x80007338 (0x00d52b33) x22 0x00000000
core   0: 0x8000733c (0x40a0d833) sra     a6, ra, a0
core   0: 3 0x8000733c (0x40a0d833) x16 0xffffffff
core   0: 0x80007340 (0xa9193793) sltiu   a5, s2, -1391
core   0: 3 0x80007340 (0xa9193793) x15 0x00000001
core   0: 0x80007344 (0xe542cb13) xori    s6, t0, -428
core   0: 3 0x80007344 (0xe542cb13) x22 0x7a3e5b47
core   0: 0x80007348 (0x01ad5663) bge     s10, s10, pc + 12
core   0: 3 0x80007348 (0x01ad5663)
core   0: 0x80007354 (0x01d0b433) sltu    s0, ra, t4
core   0: 3 0x80007354 (0x01d0b433) x 8 0x00000000
core   0: 0x80007358 (0x02fed263) bge     t4, a5, pc + 36
core   0: 3 0x80007358 (0x02fed263)
core   0: 0x8000735c (0x7d118e13) addi    t3, gp, 2001
core   0: 3 0x8000735c (0x7d118e13) x28 0x000007d2
core   0: 0x80007360 (0xd2ec3417) auipc   s0, 0xd2ec3
core   0: 3 0x80007360 (0xd2ec3417) x 8 0x52eca360
core   0: 0x80007364 (0x010bccb3) xor     s9, s7, a6
core   0: 3 0x80007364 (0x010bccb3) x25 0xfffffffd
core   0: 0x80007368 (0x00ec0833) add     a6, s8, a4
core   0: 3 0x80007368 (0x00ec0833) x16 0x80000000
core   0: 0x8000736c (0x401a5093) srai    ra, s4, 1
core   0: 3 0x8000736c (0x401a5093) x 1 0x00001000
core   0: 0x80007370 (0x0059d1b3) srl     gp, s3, t0
core   0: 3 0x80007370 (0x0059d1b3) x 3 0x00000000
core   0: 0x80007374 (0x01e37663) bgeu    t1, t5, pc + 12
core   0: 3 0x80007374 (0x01e37663)
core   0: 0x80007380 (0x01e3e863) bltu    t2, t5, pc + 16
core   0: 3 0x80007380 (0x01e3e863)
core   0: 0x80007390 (0x041a8663) beq     s5, ra, pc + 76
core   0: 3 0x80007390 (0x041a8663)
core   0: 0x80007394 (0x3fd68d97) auipc   s11, 0x3fd68
core   0: 3 0x80007394 (0x3fd68d97) x27 0xbfd6f394
core   0: 0x80007398 (0x41b8de13) srai    t3, a7, 27
core   0: 3 0x80007398 (0x41b8de13) x28 0x00000000
core   0: 0x8000739c (0x419984b3) sub     s1, s3, s9
core   0: 3 0x8000739c (0x419984b3) x 9 0x000003c4
core   0: 0x800073a0 (0x00835f33) srl     t5, t1, s0
core   0: 3 0x800073a0 (0x00835f33) x30 0xa337f003
core   0: 0x800073a4 (0x002b3fb3) sltu    t6, s6, sp
core   0: 3 0x800073a4 (0x002b3fb3) x31 0x00000001
core   0: 0x800073a8 (0x0000100f) fence.i
core   0: 3 0x800073a8 (0x0000100f)
core   0: 0x800073ac (0x0ff0000f) fence   iorw,iorw
core   0: 3 0x800073ac (0x0ff0000f)
core   0: 0x800073b0 (0x0028ca63) blt     a7, sp, pc + 20
core   0: 3 0x800073b0 (0x0028ca63)
core   0: 0x800073b4 (0xe25df413) andi    s0, s11, -475
core   0: 3 0x800073b4 (0xe25df413) x 8 0xbfd6f204
core   0: 0x800073b8 (0x04461263) bne     a2, tp, pc + 68
core   0: 3 0x800073b8 (0x04461263)
core   0: 0x800073fc (0x40f683b3) sub     t2, a3, a5
core   0: 3 0x800073fc (0x40f683b3) x 7 0x80000000
core   0: 0x80007400 (0x00ae6233) or      tp, t3, a0
core   0: 3 0x80007400 (0x00ae6233) x 4 0x00000394
core   0: 0x80007404 (0x00cf7433) and     s0, t5, a2
core   0: 3 0x80007404 (0x00cf7433) x 8 0x80024000
core   0: 0x80007408 (0x01861713) slli    a4, a2, 24
core   0: 3 0x80007408 (0x01861713) x14 0x64000000
core   0: 0x8000740c (0x17ceb093) sltiu   ra, t4, 380
core   0: 3 0x8000740c (0x17ceb093) x 1 0x00000000
core   0: 0x80007410 (0xf3aa6313) ori     t1, s4, -198
core   0: 3 0x80007410 (0xf3aa6313) x 6 0xffffff3a
core   0: 0x80007414 (0x45ce52b7) lui     t0, 0x45ce5
core   0: 3 0x80007414 (0x45ce52b7) x 5 0x45ce5000
core   0: 0x80007418 (0x024f4e63) blt     t5, tp, pc + 60
core   0: 3 0x80007418 (0x024f4e63)
core   0: 0x80007454 (0x01a2ec63) bltu    t0, s10, pc + 24
core   0: 3 0x80007454 (0x01a2ec63)
core   0: 0x80007458 (0xe9f2bdb7) lui     s11, 0xe9f2b
core   0: 3 0x80007458 (0xe9f2bdb7) x27 0xe9f2b000
core   0: 0x8000745c (0x00dd8c93) addi    s9, s11, 13
core   0: 3 0x8000745c (0x00dd8c93) x25 0xe9f2b00d
core   0: 0x80007460 (0x01f97333) and     t1, s2, t6
core   0: 3 0x80007460 (0x01f97333) x 6 0x00000000
core   0: 0x80007464 (0x0000100f) fence.i
core   0: 3 0x80007464 (0x0000100f)
core   0: 0x80007468 (0x00fa7e63) bgeu    s4, a5, pc + 28
core   0: 3 0x80007468 (0x00fa7e63)
core   0: 0x80007484 (0x01615863) bge     sp, s6, pc + 16
core   0: 3 0x80007484 (0x01615863)
core   0: 0x80007488 (0x0000100f) fence.i
core   0: 3 0x80007488 (0x0000100f)
core   0: 0x8000748c (0x01760a63) beq     a2, s7, pc + 20
core   0: 3 0x8000748c (0x01760a63)
core   0: 0x80007490 (0x1f933913) sltiu   s2, t1, 505
core   0: 3 0x80007490 (0x1f933913) x18 0x00000001
core   0: 0x80007494 (0x014e4eb3) xor     t4, t3, s4
core   0: 3 0x80007494 (0x014e4eb3) x29 0x00002000
core   0: 0x80007498 (0x61ad2513) slti    a0, s10, 1562
core   0: 3 0x80007498 (0x61ad2513) x10 0x00000001
core   0: 0x8000749c (0x4b5aea13) ori     s4, s5, 1205
core   0: 3 0x8000749c (0x4b5aea13) x20 0x000004b5
core   0: 0x800074a0 (0x80b67793) andi    a5, a2, -2037
core   0: 3 0x800074a0 (0x80b67793) x15 0x80024800
core   0: 0x800074a4 (0x3f596093) ori     ra, s2, 1013
core   0: 3 0x800074a4 (0x3f596093) x 1 0x000003f5
core   0: 0x800074a8 (0x02695863) bge     s2, t1, pc + 48
core   0: 3 0x800074a8 (0x02695863)
core   0: 0x800074d8 (0x00e39813) slli    a6, t2, 14
core   0: 3 0x800074d8 (0x00e39813) x16 0x00000000
core   0: 0x800074dc (0x053b5063) bge     s6, s3, pc + 64
core   0: 3 0x800074dc (0x053b5063)
core   0: 0x8000751c (0xd2aec817) auipc   a6, 0xd2aec
core   0: 3 0x8000751c (0xd2aec817) x16 0x52af351c
core   0: 0x80007520 (0x401bc713) xori    a4, s7, 1025
core   0: 3 0x80007520 (0x401bc713) x14 0x00000403
core   0: 0x80007524 (0xfe2104b7) lui     s1, 0xfe210
core   0: 3 0x80007524 (0xfe2104b7) x 9 0xfe210000
core   0: 0x80007528 (0x0091c663) blt     gp, s1, pc + 12
core   0: 3 0x80007528 (0x0091c663)
core   0: 0x8000752c (0x01adbdb3) sltu    s11, s11, s10
core   0: 3 0x8000752c (0x01adbdb3) x27 0x00000000
core   0: 0x80007530 (0x019b46b3) xor     a3, s6, s9
core   0: 3 0x80007530 (0x019b46b3) x13 0x93cceb4a
core   0: 0x80007534 (0x04b14263) blt     sp, a1, pc + 68
core   0: 3 0x80007534 (0x04b14263)
core   0: 0x80007538 (0xfb51fe13) andi    t3, gp, -75
core   0: 3 0x80007538 (0xfb51fe13) x28 0x00000000
core   0: 0x8000753c (0x03c17663) bgeu    sp, t3, pc + 44
core   0: 3 0x8000753c (0x03c17663)
core   0: 0x80007568 (0x35daf513) andi    a0, s5, 861
core   0: 3 0x80007568 (0x35daf513) x10 0x00000000
core   0: 0x8000756c (0x409681b3) sub     gp, a3, s1
core   0: 3 0x8000756c (0x409681b3) x 3 0x95abeb4a
core   0: 0x80007570 (0x001f9033) sll     zero, t6, ra
core   0: 3 0x80007570 (0x001f9033)
core   0: 0x80007574 (0xcfce4793) xori    a5, t3, -772
core   0: 3 0x80007574 (0xcfce4793) x15 0xfffffcfc
core   0: 0x80007578 (0x0ff0000f) fence   iorw,iorw
core   0: 3 0x80007578 (0x0ff0000f)
core   0: 0x8000757c (0x0115dc63) bge     a1, a7, pc + 24
core   0: 3 0x8000757c (0x0115dc63)
core   0: 0x80007580 (0x41b483b3) sub     t2, s1, s11
core   0: 3 0x80007580 (0x41b483b3) x 7 0xfe210000
core   0: 0x80007584 (0x88f17993) andi    s3, sp, -1905
core   0: 3 0x80007584 (0x88f17993) x19 0x80028884
core   0: 0x80007588 (0x002c31b3) sltu    gp, s8, sp
core   0: 3 0x80007588 (0x002c31b3) x 3 0x00000001
core   0: 0x8000758c (0x6d0ba213) slti    tp, s7, 1744
core   0: 3 0x8000758c (0x6d0ba213) x 4 0x00000001
core   0: 0x80007590 (0x000a1cb3) sll     s9, s4, zero
core   0: 3 0x80007590 (0x000a1cb3) x25 0x000004b5
core   0: 0x80007594 (0x93ce8d13) addi    s10, t4, -1732
core   0: 3 0x80007594 (0x93ce8d13) x26 0x0000193c
core   0: 0x80007598 (0x0000100f) fence.i
core   0: 3 0x80007598 (0x0000100f)
core   0: 0x8000759c (0x01923833) sltu    a6, tp, s9
core   0: 3 0x8000759c (0x01923833) x16 0x00000001
core   0: 0x800075a0 (0x3eadb993) sltiu   s3, s11, 1002
core   0: 3 0x800075a0 (0x3eadb993) x19 0x00000001
core   0: 0x800075a4 (0x01563f33) sltu    t5, a2, s5
core   0: 3 0x800075a4 (0x01563f33) x30 0x00000000
core   0: 0x800075a8 (0x00b64933) xor     s2, a2, a1
core   0: 3 0x800075a8 (0x00b64933) x18 0x00024e64
core   0: 0x800075ac (0x0008e333) or      t1, a7, zero
core   0: 3 0x800075ac (0x0008e333) x 6 0x00000000
core   0: 0x800075b0 (0x00ff0233) add     tp, t5, a5
core   0: 3 0x800075b0 (0x00ff0233) x 4 0xfffffcfc
core   0: 0x800075b4 (0x01acc913) xori    s2, s9, 26
core   0: 3 0x800075b4 (0x01acc913) x18 0x000004af
core   0: 0x800075b8 (0x96930493) addi    s1, t1, -1687
core   0: 3 0x800075b8 (0x96930493) x 9 0xfffff969
core   0: 0x800075bc (0xff600693) li      a3, -10
core   0: 3 0x800075bc (0xff600693) x13 0xfffffff6
core   0: 0x800075c0 (0x00000013) nop
core   0: 3 0x800075c0 (0x00000013)
core   0: 0x800075c4 (0xff700893) li      a7, -9
core   0: 3 0x800075c4 (0xff700893) x17 0xfffffff7
core   0: 0x800075c8 (0x013efdb7) lui     s11, 0x13ef
core   0: 3 0x800075c8 (0x013efdb7) x27 0x013ef000
core   0: 0x800075cc (0xf447fa13) andi    s4, a5, -188
core   0: 3 0x800075cc (0xf447fa13) x20 0xfffffc44
core   0: 0x800075d0 (0x00a68693) addi    a3, a3, 10
core   0: 3 0x800075d0 (0x00a68693) x13 0x00000000
core   0: 0x800075d4 (0xff16cae3) blt     a3, a7, pc - 12
core   0: 3 0x800075d4 (0xff16cae3)
core   0: 0x800075d8 (0x0190f433) and     s0, ra, s9
core   0: 3 0x800075d8 (0x0190f433) x 8 0x000000b5
core   0: 0x800075dc (0x0194e433) or      s0, s1, s9
core   0: 3 0x800075dc (0x0194e433) x 8 0xfffffdfd
core   0: 0x800075e0 (0x027c9263) bne     s9, t2, pc + 36
core   0: 3 0x800075e0 (0x027c9263)
core   0: 0x80007604 (0x045d8863) beq     s11, t0, pc + 80
core   0: 3 0x80007604 (0x045d8863)
core   0: 0x80007608 (0x40a75333) sra     t1, a4, a0
core   0: 3 0x80007608 (0x40a75333) x 6 0x00000403
core   0: 0x8000760c (0x412cd913) srai    s2, s9, 18
core   0: 3 0x8000760c (0x412cd913) x18 0x00000000
core   0: 0x80007610 (0x1add6813) ori     a6, s10, 429
core   0: 3 0x80007610 (0x1add6813) x16 0x000019bd
core   0: 0x80007614 (0x00000013) nop
core   0: 3 0x80007614 (0x00000013)
core   0: 0x80007618 (0x28400793) li      a5, 644
core   0: 3 0x80007618 (0x28400793) x15 0x00000284
core   0: 0x8000761c (0x01aa07b3) add     a5, s4, s10
core   0: 3 0x8000761c (0x01aa07b3) x15 0x00001580
core   0: 0x80007620 (0x00000013) nop
core   0: 3 0x80007620 (0x00000013)
core   0: 0x80007624 (0x828c2e13) slti    t3, s8, -2008
core   0: 3 0x80007624 (0x828c2e13) x28 0x00000001
core   0: 0x80007628 (0x401dd333) sra     t1, s11, ra
core   0: 3 0x80007628 (0x401dd333) x 6 0x00000009
core   0: 0x8000762c (0x01e98f33) add     t5, s3, t5
core   0: 3 0x8000762c (0x01e98f33) x30 0x00000001
core   0: 0x80007630 (0xf3d9e8b7) lui     a7, 0xf3d9e
core   0: 3 0x80007630 (0xf3d9e8b7) x17 0xf3d9e000
core   0: 0x80007634 (0x008b8c33) add     s8, s7, s0
core   0: 3 0x80007634 (0x008b8c33) x24 0xfffffdff
core   0: 0x80007638 (0xf06c4f93) xori    t6, s8, -250
core   0: 3 0x80007638 (0xf06c4f93) x31 0x000002f9
core   0: 0x8000763c (0xe8368093) addi    ra, a3, -381
core   0: 3 0x8000763c (0xe8368093) x 1 0xfffffe83
core   0: 0x80007640 (0x05086863) bltu    a6, a6, pc + 80
core   0: 3 0x80007640 (0x05086863)
core   0: 0x80007644 (0xe8040513) addi    a0, s0, -384
core   0: 3 0x80007644 (0xe8040513) x10 0xfffffc7d
core   0: 0x80007648 (0x564f3d13) sltiu   s10, t5, 1380
core   0: 3 0x80007648 (0x564f3d13) x26 0x00000001
core   0: 0x8000764c (0x00048c63) beqz    s1, pc + 24
core   0: 3 0x8000764c (0x00048c63)
core   0: 0x80007650 (0x01ca7b33) and     s6, s4, t3
core   0: 3 0x80007650 (0x01ca7b33) x22 0x00000000
core   0: 0x80007654 (0xbf0fa293) slti    t0, t6, -1040
core   0: 3 0x80007654 (0xbf0fa293) x 5 0x00000000
core   0: 0x80007658 (0xe1cfae37) lui     t3, 0xe1cfa
core   0: 3 0x80007658 (0xe1cfae37) x28 0xe1cfa000
core   0: 0x8000765c (0x57a78c13) addi    s8, a5, 1402
core   0: 3 0x8000765c (0x57a78c13) x24 0x00001afa
core   0: 0x80007660 (0x007ac333) xor     t1, s5, t2
core   0: 3 0x80007660 (0x007ac333) x 6 0xfe210000
core   0: 0x80007664 (0xe4138a13) addi    s4, t2, -447
core   0: 3 0x80007664 (0xe4138a13) x20 0xfe20fe41
core   0: 0x80007668 (0x00000013) nop
core   0: 3 0x80007668 (0x00000013)
core   0: 0x8000766c (0x0069a8b3) slt     a7, s3, t1
core   0: 3 0x8000766c (0x0069a8b3) x17 0x00000000
core   0: 0x80007670 (0x01e99333) sll     t1, s3, t5
core   0: 3 0x80007670 (0x01e99333) x 6 0x00000002
core   0: 0x80007674 (0x012e9ab3) sll     s5, t4, s2
core   0: 3 0x80007674 (0x012e9ab3) x21 0x00002000
core   0: 0x80007678 (0x053bc663) blt     s7, s3, pc + 76
core   0: 3 0x80007678 (0x053bc663)
core   0: 0x8000767c (0x01e0f663) bgeu    ra, t5, pc + 12
core   0: 3 0x8000767c (0x01e0f663)
core   0: 0x80007688 (0xe6078b93) addi    s7, a5, -416
core   0: 3 0x80007688 (0xe6078b93) x23 0x000013e0
core   0: 0x8000768c (0x05210663) beq     sp, s2, pc + 76
core   0: 3 0x8000768c (0x05210663)
core   0: 0x80007690 (0xb44afc13) andi    s8, s5, -1212
core   0: 3 0x80007690 (0xb44afc13) x24 0x00002000
core   0: 0x80007694 (0x017d8a63) beq     s11, s7, pc + 20
core   0: 3 0x80007694 (0x017d8a63)
core   0: 0x80007698 (0x00e45a33) srl     s4, s0, a4
core   0: 3 0x80007698 (0x00e45a33) x20 0x1fffffbf
core   0: 0x8000769c (0x011e8e63) beq     t4, a7, pc + 28
core   0: 3 0x8000769c (0x011e8e63)
core   0: 0x800076a0 (0x00a7a2b3) slt     t0, a5, a0
core   0: 3 0x800076a0 (0x00a7a2b3) x 5 0x00000000
core   0: 0x800076a4 (0x01167db3) and     s11, a2, a7
core   0: 3 0x800076a4 (0x01167db3) x27 0x00000000
core   0: 0x800076a8 (0x2a8e7413) andi    s0, t3, 680
core   0: 3 0x800076a8 (0x2a8e7413) x 8 0x00000000
core   0: 0x800076ac (0x03846e63) bltu    s0, s8, pc + 60
core   0: 3 0x800076ac (0x03846e63)
core   0: 0x800076e8 (0x4053d913) srai    s2, t2, 5
core   0: 3 0x800076e8 (0x4053d913) x18 0xfff10800
core   0: 0x800076ec (0x021f8e63) beq     t6, ra, pc + 60
core   0: 3 0x800076ec (0x021f8e63)
core   0: 0x800076f0 (0x39be3413) sltiu   s0, t3, 923
core   0: 3 0x800076f0 (0x39be3413) x 8 0x00000000
core   0: 0x800076f4 (0x55c6f313) andi    t1, a3, 1372
core   0: 3 0x800076f4 (0x55c6f313) x 6 0x00000000
core   0: 0x800076f8 (0xda31e893) ori     a7, gp, -605
core   0: 3 0x800076f8 (0xda31e893) x17 0xfffffda3
core   0: 0x800076fc (0x407ed2b3) sra     t0, t4, t2
core   0: 3 0x800076fc (0x407ed2b3) x 5 0x00002000
core   0: 0x80007700 (0x013c3d33) sltu    s10, s8, s3
core   0: 3 0x80007700 (0x013c3d33) x26 0x00000000
core   0: 0x80007704 (0x02509863) bne     ra, t0, pc + 48
core   0: 3 0x80007704 (0x02509863)
core   0: 0x80007734 (0x00b55813) srli    a6, a0, 11
core   0: 3 0x80007734 (0x00b55813) x16 0x001fffff
core   0: 0x80007738 (0x41835d93) srai    s11, t1, 24
core   0: 3 0x80007738 (0x41835d93) x27 0x00000000
core   0: 0x8000773c (0x460b09b7) lui     s3, 0x460b0
core   0: 3 0x8000773c (0x460b09b7) x19 0x460b0000
core   0: 0x80007740 (0x0105d433) srl     s0, a1, a6
core   0: 3 0x80007740 (0x0105d433) x 8 0x00000001
core   0: 0x80007744 (0x01bebd33) sltu    s10, t4, s11
core   0: 3 0x80007744 (0x01bebd33) x26 0x00000000
core   0: 0x80007748 (0x00000013) nop
core   0: 3 0x80007748 (0x00000013)
core   0: 0x8000774c (0x2789f913) andi    s2, s3, 632
core   0: 3 0x8000774c (0x2789f913) x18 0x00000000
core   0: 0x80007750 (0x06d99e63) bne     s3, a3, pc + 124
core   0: 3 0x80007750 (0x06d99e63)
core   0: 0x800077cc (0x00445693) srli    a3, s0, 4
core   0: 3 0x800077cc (0x00445693) x13 0x00000000
core   0: 0x800077d0 (0x00000013) nop
core   0: 3 0x800077d0 (0x00000013)
core   0: 0x800077d4 (0x013f9293) slli    t0, t6, 19
core   0: 3 0x800077d4 (0x013f9293) x 5 0x17c80000
core   0: 0x800077d8 (0x010f9233) sll     tp, t6, a6
core   0: 3 0x800077d8 (0x010f9233) x 4 0x80000000
core   0: 0x800077dc (0x007b7c63) bgeu    s6, t2, pc + 24
core   0: 3 0x800077dc (0x007b7c63)
core   0: 0x800077e0 (0x8430f793) andi    a5, ra, -1981
core   0: 3 0x800077e0 (0x8430f793) x15 0xfffff803
core   0: 0x800077e4 (0x02bfee63) bltu    t6, a1, pc + 60
core   0: 3 0x800077e4 (0x02bfee63)
core   0: 0x80007820 (0xfdb05337) lui     t1, 0xfdb05
core   0: 3 0x80007820 (0xfdb05337) x 6 0xfdb05000
core   0: 0x80007824 (0x01a9d4b3) srl     s1, s3, s10
core   0: 3 0x80007824 (0x01a9d4b3) x 9 0x460b0000
core   0: 0x80007828 (0x01dfb933) sltu    s2, t6, t4
core   0: 3 0x80007828 (0x01dfb933) x18 0x00000001
core   0: 0x8000782c (0x0028abb3) slt     s7, a7, sp
core   0: 3 0x8000782c (0x0028abb3) x23 0x00000000
core   0: 0x80007830 (0x6a370f13) addi    t5, a4, 1699
core   0: 3 0x80007830 (0x6a370f13) x30 0x00000aa6
core   0: 0x80007834 (0x01085e93) srli    t4, a6, 16
core   0: 3 0x80007834 (0x01085e93) x29 0x0000001f
core   0: 0x80007838 (0x01906833) or      a6, zero, s9
core   0: 3 0x80007838 (0x01906833) x16 0x000004b5
core   0: 0x8000783c (0x0112e463) bltu    t0, a7, pc + 8
core   0: 3 0x8000783c (0x0112e463)
core   0: 0x80007844 (0x01885413) srli    s0, a6, 24
core   0: 3 0x80007844 (0x01885413) x 8 0x00000000
core   0: 0x80007848 (0x573db013) sltiu   zero, s11, 1395
core   0: 3 0x80007848 (0x573db013)
core   0: 0x8000784c (0xacc08493) addi    s1, ra, -1332
core   0: 3 0x8000784c (0xacc08493) x 9 0xfffff94f
core   0: 0x80007850 (0x87ca2713) slti    a4, s4, -1924
core   0: 3 0x80007850 (0x87ca2713) x14 0x00000000
core   0: 0x80007854 (0x6fb4a313) slti    t1, s1, 1787
core   0: 3 0x80007854 (0x6fb4a313) x 6 0x00000001
core   0: 0x80007858 (0x00444333) xor     t1, s0, tp
core   0: 3 0x80007858 (0x00444333) x 6 0x80000000
core   0: 0x8000785c (0x40aed813) srai    a6, t4, 10
core   0: 3 0x8000785c (0x40aed813) x16 0x00000000
core   0: 0x80007860 (0x014eee33) or      t3, t4, s4
core   0: 3 0x80007860 (0x014eee33) x28 0x1fffffbf
core   0: 0x80007864 (0x408ede93) srai    t4, t4, 8
core   0: 3 0x80007864 (0x408ede93) x29 0x00000000
core   0: 0x80007868 (0x01b0ff33) and     t5, ra, s11
core   0: 3 0x80007868 (0x01b0ff33) x30 0x00000000
core   0: 0x8000786c (0x0149ad33) slt     s10, s3, s4
core   0: 3 0x8000786c (0x0149ad33) x26 0x00000000
core   0: 0x80007870 (0x3f2e4913) xori    s2, t3, 1010
core   0: 3 0x80007870 (0x3f2e4913) x18 0x1ffffc4d
core   0: 0x80007874 (0x01a9e533) or      a0, s3, s10
core   0: 3 0x80007874 (0x01a9e533) x10 0x460b0000
core   0: 0x80007878 (0xf6445eb7) lui     t4, 0xf6445
core   0: 3 0x80007878 (0xf6445eb7) x29 0xf6445000
core   0: 0x8000787c (0x01f53bb3) sltu    s7, a0, t6
core   0: 3 0x8000787c (0x01f53bb3) x23 0x00000000
core   0: 0x80007880 (0x0000100f) fence.i
core   0: 3 0x80007880 (0x0000100f)
core   0: 0x80007884 (0x00000013) nop
core   0: 3 0x80007884 (0x00000013)
core   0: 0x80007888 (0x947756b7) lui     a3, 0x94775
core   0: 3 0x80007888 (0x947756b7) x13 0x94775000
core   0: 0x8000788c (0x01be2a33) slt     s4, t3, s11
core   0: 3 0x8000788c (0x01be2a33) x20 0x00000000
core   0: 0x80007890 (0x0000100f) fence.i
core   0: 3 0x80007890 (0x0000100f)
core   0: 0x80007894 (0x413e5cb3) sra     s9, t3, s3
core   0: 3 0x80007894 (0x413e5cb3) x25 0x1fffffbf
core   0: 0x80007898 (0x00796863) bltu    s2, t2, pc + 16
core   0: 3 0x80007898 (0x00796863)
core   0: 0x800078a8 (0x411ada13) srai    s4, s5, 17
core   0: 3 0x800078a8 (0x411ada13) x20 0x00000000
core   0: 0x800078ac (0x059ef863) bgeu    t4, s9, pc + 80
core   0: 3 0x800078ac (0x059ef863)
core   0: 0x800078fc (0x0457f263) bgeu    a5, t0, pc + 68
core   0: 3 0x800078fc (0x0457f263)
core   0: 0x80007940 (0x65b1cc13) xori    s8, gp, 1627
core   0: 3 0x80007940 (0x65b1cc13) x24 0x0000065a
core   0: 0x80007944 (0x009ded33) or      s10, s11, s1
core   0: 3 0x80007944 (0x009ded33) x26 0xfffff94f
core   0: 0x80007948 (0x048d0863) beq     s10, s0, pc + 80
core   0: 3 0x80007948 (0x048d0863)
core   0: 0x8000794c (0x5f56b013) sltiu   zero, a3, 1525
core   0: 3 0x8000794c (0x5f56b013)
core   0: 0x80007950 (0x0084d533) srl     a0, s1, s0
core   0: 3 0x80007950 (0x0084d533) x10 0xfffff94f
core   0: 0x80007954 (0x00b1b1b3) sltu    gp, gp, a1
core   0: 3 0x80007954 (0x00b1b1b3) x 3 0x00000001
core   0: 0x80007958 (0x41efd8b3) sra     a7, t6, t5
core   0: 3 0x80007958 (0x41efd8b3) x17 0x000002f9
core   0: 0x8000795c (0x0097de63) bge     a5, s1, pc + 28
core   0: 3 0x8000795c (0x0097de63)
core   0: 0x80007960 (0x00ca5a93) srli    s5, s4, 12
core   0: 3 0x80007960 (0x00ca5a93) x21 0x00000000
core   0: 0x80007964 (0x02cf4663) blt     t5, a2, pc + 44
core   0: 3 0x80007964 (0x02cf4663)
core   0: 0x80007968 (0x01c1fd33) and     s10, gp, t3
core   0: 3 0x80007968 (0x01c1fd33) x26 0x00000001
core   0: 0x8000796c (0x004cb733) sltu    a4, s9, tp
core   0: 3 0x8000796c (0x004cb733) x14 0x00000001
core   0: 0x80007970 (0x2f3360b7) lui     ra, 0x2f336
core   0: 3 0x80007970 (0x2f3360b7) x 1 0x2f336000
core   0: 0x80007974 (0x017a3833) sltu    a6, s4, s7
core   0: 3 0x80007974 (0x017a3833) x16 0x00000000
core   0: 0x80007978 (0x4b99e293) ori     t0, s3, 1209
core   0: 3 0x80007978 (0x4b99e293) x 5 0x460b04b9
core   0: 0x8000797c (0x000a7533) and     a0, s4, zero
core   0: 3 0x8000797c (0x000a7533) x10 0x00000000
core   0: 0x80007980 (0x00171a13) slli    s4, a4, 1
core   0: 3 0x80007980 (0x00171a13) x20 0x00000002
core   0: 0x80007984 (0xe6b64397) auipc   t2, 0xe6b64
core   0: 3 0x80007984 (0xe6b64397) x 7 0x66b6b984
core   0: 0x80007988 (0x01287733) and     a4, a6, s2
core   0: 3 0x80007988 (0x01287733) x14 0x00000000
core   0: 0x8000798c (0x41115db3) sra     s11, sp, a7
core   0: 3 0x8000798c (0x41115db3) x27 0xffffffc0
core   0: 0x80007990 (0x17b46b93) ori     s7, s0, 379
core   0: 3 0x80007990 (0x17b46b93) x23 0x0000017b
core   0: 0x80007994 (0xc2a47513) andi    a0, s0, -982
core   0: 3 0x80007994 (0xc2a47513) x10 0x00000000
core   0: 0x80007998 (0x00a09463) bne     ra, a0, pc + 8
core   0: 3 0x80007998 (0x00a09463)
core   0: 0x800079a0 (0x010fb9b3) sltu    s3, t6, a6
core   0: 3 0x800079a0 (0x010fb9b3) x19 0x00000000
core   0: 0x800079a4 (0x4124d233) sra     tp, s1, s2
core   0: 3 0x800079a4 (0x4124d233) x 4 0xffffffff
core   0: 0x800079a8 (0x00f63233) sltu    tp, a2, a5
core   0: 3 0x800079a8 (0x00f63233) x 4 0x00000001
core   0: 0x800079ac (0x00e89263) bne     a7, a4, pc + 4
core   0: 3 0x800079ac (0x00e89263)
core   0: 0x800079b0 (0xfdd10313) addi    t1, sp, -35
core   0: 3 0x800079b0 (0xfdd10313) x 6 0x80028cc1
core   0: 0x800079b4 (0x0422f263) bgeu    t0, sp, pc + 68
core   0: 3 0x800079b4 (0x0422f263)
core   0: 0x800079b8 (0x0051dc63) bge     gp, t0, pc + 24
core   0: 3 0x800079b8 (0x0051dc63)
core   0: 0x800079bc (0x40efd013) srai    zero, t6, 14
core   0: 3 0x800079bc (0x40efd013)
core   0: 0x800079c0 (0x01c85993) srli    s3, a6, 28
core   0: 3 0x800079c0 (0x01c85993) x19 0x00000000
core   0: 0x800079c4 (0xd915ae17) auipc   t3, 0xd915a
core   0: 3 0x800079c4 (0xd915ae17) x28 0x591619c4
core   0: 0x800079c8 (0x01279513) slli    a0, a5, 18
core   0: 3 0x800079c8 (0x01279513) x10 0xe00c0000
core   0: 0x800079cc (0xfa4b0e93) addi    t4, s6, -92
core   0: 3 0x800079cc (0xfa4b0e93) x29 0xffffffa4
core   0: 0x800079d0 (0x01152733) slt     a4, a0, a7
core   0: 3 0x800079d0 (0x01152733) x14 0x00000001
core   0: 0x800079d4 (0x00b2abb3) slt     s7, t0, a1
core   0: 3 0x800079d4 (0x00b2abb3) x23 0x00000000
core   0: 0x800079d8 (0x0191fa63) bgeu    gp, s9, pc + 20
core   0: 3 0x800079d8 (0x0191fa63)
core   0: 0x800079dc (0x0000100f) fence.i
core   0: 3 0x800079dc (0x0000100f)
core   0: 0x800079e0 (0x0084f4b3) and     s1, s1, s0
core   0: 3 0x800079e0 (0x0084f4b3) x 9 0x00000000
core   0: 0x800079e4 (0x0ff0000f) fence   iorw,iorw
core   0: 3 0x800079e4 (0x0ff0000f)
core   0: 0x800079e8 (0x009cda63) bge     s9, s1, pc + 20
core   0: 3 0x800079e8 (0x009cda63)
core   0: 0x800079fc (0x00e13033) sltu    zero, sp, a4
core   0: 3 0x800079fc (0x00e13033)
core   0: 0x80007a00 (0x003ca433) slt     s0, s9, gp
core   0: 3 0x80007a00 (0x003ca433) x 8 0x00000000
core   0: 0x80007a04 (0x01bc63b3) or      t2, s8, s11
core   0: 3 0x80007a04 (0x01bc63b3) x 7 0xffffffda
core   0: 0x80007a08 (0x15fa2993) slti    s3, s4, 351
core   0: 3 0x80007a08 (0x15fa2993) x19 0x00000001
core   0: 0x80007a0c (0x03686e63) bltu    a6, s6, pc + 60
core   0: 3 0x80007a0c (0x03686e63)
core   0: 0x80007a10 (0x0000100f) fence.i
core   0: 3 0x80007a10 (0x0000100f)
core   0: 0x80007a14 (0xadf3b2b7) lui     t0, 0xadf3b
core   0: 3 0x80007a14 (0xadf3b2b7) x 5 0xadf3b000
core   0: 0x80007a18 (0x400b0db3) sub     s11, s6, zero
core   0: 3 0x80007a18 (0x400b0db3) x27 0x00000000
core   0: 0x80007a1c (0xa7cd7217) auipc   tp, 0xa7cd7
core   0: 3 0x80007a1c (0xa7cd7217) x 4 0x27cdea1c
core   0: 0x80007a20 (0x01ad90b3) sll     ra, s11, s10
core   0: 3 0x80007a20 (0x01ad90b3) x 1 0x00000000
core   0: 0x80007a24 (0x41dcd693) srai    a3, s9, 29
core   0: 3 0x80007a24 (0x41dcd693) x13 0x00000000
core   0: 0x80007a28 (0x01828663) beq     t0, s8, pc + 12
core   0: 3 0x80007a28 (0x01828663)
core   0: 0x80007a2c (0x00000013) nop
core   0: 3 0x80007a2c (0x00000013)
core   0: 0x80007a30 (0x004cd713) srli    a4, s9, 4
core   0: 3 0x80007a30 (0x004cd713) x14 0x01fffffb
core   0: 0x80007a34 (0x000337b3) sltu    a5, t1, zero
core   0: 3 0x80007a34 (0x000337b3) x15 0x00000000
core   0: 0x80007a38 (0x02aa5263) bge     s4, a0, pc + 36
core   0: 3 0x80007a38 (0x02aa5263)
core   0: 0x80007a5c (0x4033d0b3) sra     ra, t2, gp
core   0: 3 0x80007a5c (0x4033d0b3) x 1 0xffffffed
core   0: 0x80007a60 (0x00adc433) xor     s0, s11, a0
core   0: 3 0x80007a60 (0x00adc433) x 8 0xe00c0000
core   0: 0x80007a64 (0x015e6463) bltu    t3, s5, pc + 8
core   0: 3 0x80007a64 (0x015e6463)
core   0: 0x80007a68 (0x016a9f33) sll     t5, s5, s6
core   0: 3 0x80007a68 (0x016a9f33) x30 0x00000000
core   0: 0x80007a6c (0x01a50933) add     s2, a0, s10
core   0: 3 0x80007a6c (0x01a50933) x18 0xe00c0001
core   0: 0x80007a70 (0x40635a93) srai    s5, t1, 6
core   0: 3 0x80007a70 (0x40635a93) x21 0xfe000a33
core   0: 0x80007a74 (0x01814863) blt     sp, s8, pc + 16
core   0: 3 0x80007a74 (0x01814863)
core   0: 0x80007a84 (0xbf44ae13) slti    t3, s1, -1036
core   0: 3 0x80007a84 (0xbf44ae13) x28 0x00000000
core   0: 0x80007a88 (0x00289cb3) sll     s9, a7, sp
core   0: 3 0x80007a88 (0x00289cb3) x25 0x00002f90
core   0: 0x80007a8c (0x00000013) nop
core   0: 3 0x80007a8c (0x00000013)
core   0: 0x80007a90 (0x005bda33) srl     s4, s7, t0
core   0: 3 0x80007a90 (0x005bda33) x20 0x00000000
core   0: 0x80007a94 (0x00000013) nop
core   0: 3 0x80007a94 (0x00000013)
core   0: 0x80007a98 (0xf36d4f13) xori    t5, s10, -202
core   0: 3 0x80007a98 (0xf36d4f13) x30 0xffffff37
core   0: 0x80007a9c (0x016927b3) slt     a5, s2, s6
core   0: 3 0x80007a9c (0x016927b3) x15 0x00000001
core   0: 0x80007aa0 (0x01e0d863) bge     ra, t5, pc + 16
core   0: 3 0x80007aa0 (0x01e0d863)
core   0: 0x80007ab0 (0x9957f393) andi    t2, a5, -1643
core   0: 3 0x80007ab0 (0x9957f393) x 7 0x00000001
core   0: 0x80007ab4 (0x081dc663) blt     s11, ra, pc + 140
core   0: 3 0x80007ab4 (0x081dc663)
core   0: 0x80007ab8 (0x58c24a13) xori    s4, tp, 1420
core   0: 3 0x80007ab8 (0x58c24a13) x20 0x27cdef90
core   0: 0x80007abc (0x01736933) or      s2, t1, s7
core   0: 3 0x80007abc (0x01736933) x18 0x80028cc1
core   0: 0x80007ac0 (0x41620733) sub     a4, tp, s6
core   0: 3 0x80007ac0 (0x41620733) x14 0x27cdea1c
core   0: 0x80007ac4 (0x080f0c63) beqz    t5, pc + 152
core   0: 3 0x80007ac4 (0x080f0c63)
core   0: 0x80007ac8 (0x019e6433) or      s0, t3, s9
core   0: 3 0x80007ac8 (0x019e6433) x 8 0x00002f90
core   0: 0x80007acc (0xfff00f93) li      t6, -1
core   0: 3 0x80007acc (0xfff00f93) x31 0xffffffff
core   0: 0x80007ad0 (0x00700e13) li      t3, 7
core   0: 3 0x80007ad0 (0x00700e13) x28 0x00000007
core   0: 0x80007ad4 (0xf47a3713) sltiu   a4, s4, -185
core   0: 3 0x80007ad4 (0xf47a3713) x14 0x00000001
core   0: 0x80007ad8 (0xca1f4237) lui     tp, 0xca1f4
core   0: 3 0x80007ad8 (0xca1f4237) x 4 0xca1f4000
core   0: 0x80007adc (0xf5072817) auipc   a6, 0xf5072
core   0: 3 0x80007adc (0xf5072817) x16 0x75079adc
core   0: 0x80007ae0 (0x001f0ab3) add     s5, t5, ra
core   0: 3 0x80007ae0 (0x001f0ab3) x21 0xffffff24
core   0: 0x80007ae4 (0x0000100f) fence.i
core   0: 3 0x80007ae4 (0x0000100f)
core   0: 0x80007ae8 (0x001f8f93) addi    t6, t6, 1
core   0: 3 0x80007ae8 (0x001f8f93) x31 0x00000000
core   0: 0x80007aec (0x00800d13) li      s10, 8
core   0: 3 0x80007aec (0x00800d13) x26 0x00000008
core   0: 0x80007af0 (0x007f5393) srli    t2, t5, 7
core   0: 3 0x80007af0 (0x007f5393) x 7 0x01fffffe
core   0: 0x80007af4 (0x00800893) li      a7, 8
core   0: 3 0x80007af4 (0x00800893) x17 0x00000008
core   0: 0x80007af8 (0x4108cc13) xori    s8, a7, 1040
core   0: 3 0x80007af8 (0x4108cc13) x24 0x00000418
core   0: 0x80007afc (0x07fc7d93) andi    s11, s8, 127
core   0: 3 0x80007afc (0x07fc7d93) x27 0x00000018
core   0: 0x80007b00 (0x00fe3db3) sltu    s11, t3, a5
core   0: 3 0x80007b00 (0x00fe3db3) x27 0x00000000
core   0: 0x80007b04 (0xff9d0d13) addi    s10, s10, -7
core   0: 3 0x80007b04 (0xff9d0d13) x26 0x00000001
core   0: 0x80007b08 (0xebecdab7) lui     s5, 0xebecd
core   0: 3 0x80007b08 (0xebecdab7) x21 0xebecd000
core   0: 0x80007b0c (0xff1d76e3) bgeu    s10, a7, pc - 20
core   0: 3 0x80007b0c (0xff1d76e3)
core   0: 0x80007b10 (0x08450e93) addi    t4, a0, 132
core   0: 3 0x80007b10 (0x08450e93) x29 0xe00c0084
core   0: 0x80007b14 (0x01968233) add     tp, a3, s9
core   0: 3 0x80007b14 (0x01968233) x 4 0x00002f90
core   0: 0x80007b18 (0x002e1333) sll     t1, t3, sp
core   0: 3 0x80007b18 (0x002e1333) x 6 0x00000070
core   0: 0x80007b1c (0x013472b3) and     t0, s0, s3
core   0: 3 0x80007b1c (0x013472b3) x 5 0x00000000
core   0: 0x80007b20 (0xfbcf8ce3) beq     t6, t3, pc - 72
core   0: 3 0x80007b20 (0xfbcf8ce3)
core   0: 0x80007b24 (0x00936c33) or      s8, t1, s1
core   0: 3 0x80007b24 (0x00936c33) x24 0x00000070
core   0: 0x80007b28 (0x0000100f) fence.i
core   0: 3 0x80007b28 (0x0000100f)
core   0: 0x80007b2c (0x501db517) auipc   a0, 0x501db
core   0: 3 0x80007b2c (0x501db517) x10 0xd01e2b2c
core   0: 0x80007b30 (0x011054b3) srl     s1, zero, a7
core   0: 3 0x80007b30 (0x011054b3) x 9 0x00000000
core   0: 0x80007b34 (0x010db033) sltu    zero, s11, a6
core   0: 3 0x80007b34 (0x010db033)
core   0: 0x80007b38 (0x0ff0000f) fence   iorw,iorw
core   0: 3 0x80007b38 (0x0ff0000f)
core   0: 0x80007b3c (0x00fe0033) add     zero, t3, a5
core   0: 3 0x80007b3c (0x00fe0033)
core   0: 0x80007b40 (0x0118f2b3) and     t0, a7, a7
core   0: 3 0x80007b40 (0x0118f2b3) x 5 0x00000008
core   0: 0x80007b44 (0x00f4e233) or      tp, s1, a5
core   0: 3 0x80007b44 (0x00f4e233) x 4 0x00000001
core   0: 0x80007b48 (0x052c5663) bge     s8, s2, pc + 76
core   0: 3 0x80007b48 (0x052c5663)
core   0: 0x80007b94 (0x4d2b7b93) andi    s7, s6, 1234
core   0: 3 0x80007b94 (0x4d2b7b93) x23 0x00000000
core   0: 0x80007b98 (0x41408533) sub     a0, ra, s4
core   0: 3 0x80007b98 (0x41408533) x10 0xd832105d
core   0: 0x80007b9c (0xb9f47b13) andi    s6, s0, -1121
core   0: 3 0x80007b9c (0xb9f47b13) x22 0x00002b90
core   0: 0x80007ba0 (0xc08e8e93) addi    t4, t4, -1016
core   0: 3 0x80007ba0 (0xc08e8e93) x29 0xe00bfc8c
core   0: 0x80007ba4 (0x3558ba13) sltiu   s4, a7, 853
core   0: 3 0x80007ba4 (0x3558ba13) x20 0x00000001
core   0: 0x80007ba8 (0x41700333) sub     t1, zero, s7
core   0: 3 0x80007ba8 (0x41700333) x 6 0x00000000
core   0: 0x80007bac (0x0089ee63) bltu    s3, s0, pc + 28
core   0: 3 0x80007bac (0x0089ee63)
core   0: 0x80007bc8 (0x41d95833) sra     a6, s2, t4
core   0: 3 0x80007bc8 (0x41d95833) x16 0xfff80028
core   0: 0x80007bcc (0x01df5893) srli    a7, t5, 29
core   0: 3 0x80007bcc (0x01df5893) x17 0x00000007
core   0: 0x80007bd0 (0x011a0333) add     t1, s4, a7
core   0: 3 0x80007bd0 (0x011a0333) x 6 0x00000008
core   0: 0x80007bd4 (0x013a6833) or      a6, s4, s3
core   0: 3 0x80007bd4 (0x013a6833) x16 0x00000001
core   0: 0x80007bd8 (0x41b00ab3) sub     s5, zero, s11
core   0: 3 0x80007bd8 (0x41b00ab3) x21 0x00000000
core   0: 0x80007bdc (0x00e15c33) srl     s8, sp, a4
core   0: 3 0x80007bdc (0x00e15c33) x24 0x40014672
core   0: 0x80007be0 (0x010e4863) blt     t3, a6, pc + 16
core   0: 3 0x80007be0 (0x010e4863)
core   0: 0x80007be4 (0x00ad5b33) srl     s6, s10, a0
core   0: 3 0x80007be4 (0x00ad5b33) x22 0x00000000
core   0: 0x80007be8 (0x41e8d413) srai    s0, a7, 30
core   0: 3 0x80007be8 (0x41e8d413) x 8 0x00000000
core   0: 0x80007bec (0x40d7d3b3) sra     t2, a5, a3
core   0: 3 0x80007bec (0x40d7d3b3) x 7 0x00000001
core   0: 0x80007bf0 (0xd5150193) addi    gp, a0, -687
core   0: 3 0x80007bf0 (0xd5150193) x 3 0xd8320dae
core   0: 0x80007bf4 (0x413d8933) sub     s2, s11, s3
core   0: 3 0x80007bf4 (0x413d8933) x18 0xffffffff
core   0: 0x80007bf8 (0x4ee76193) ori     gp, a4, 1262
core   0: 3 0x80007bf8 (0x4ee76193) x 3 0x000004ef
core   0: 0x80007bfc (0x41ca5313) srai    t1, s4, 28
core   0: 3 0x80007bfc (0x41ca5313) x 6 0x00000000
core   0: 0x80007c00 (0x01d5cd33) xor     s10, a1, t4
core   0: 3 0x80007c00 (0x01d5cd33) x26 0x600bfc8c
core   0: 0x80007c04 (0xed466e13) ori     t3, a2, -300
core   0: 3 0x80007c04 (0xed466e13) x28 0xfffffef4
core   0: 0x80007c08 (0xc67ecb37) lui     s6, 0xc67ec
core   0: 3 0x80007c08 (0xc67ecb37) x22 0xc67ec000
core   0: 0x80007c0c (0x04dbe663) bltu    s7, a3, pc + 76
core   0: 3 0x80007c0c (0x04dbe663)
core   0: 0x80007c10 (0xe8514213) xori    tp, sp, -379
core   0: 3 0x80007c10 (0xe8514213) x 4 0x7ffd7261
core   0: 0x80007c14 (0x73ce7f93) andi    t6, t3, 1852
core   0: 3 0x80007c14 (0x73ce7f93) x31 0x00000634
core   0: 0x80007c18 (0x00659e63) bne     a1, t1, pc + 28
core   0: 3 0x80007c18 (0x00659e63)
core   0: 0x80007c34 (0x00abf463) bgeu    s7, a0, pc + 8
core   0: 3 0x80007c34 (0x00abf463)
core   0: 0x80007c38 (0x0ff0000f) fence   iorw,iorw
core   0: 3 0x80007c38 (0x0ff0000f)
core   0: 0x80007c3c (0x0014c233) xor     tp, s1, ra
core   0: 3 0x80007c3c (0x0014c233) x 4 0xffffffed
core   0: 0x80007c40 (0x4148db93) srai    s7, a7, 20
core   0: 3 0x80007c40 (0x4148db93) x23 0x00000000
core   0: 0x80007c44 (0x00000013) nop
core   0: 3 0x80007c44 (0x00000013)
core   0: 0x80007c48 (0x2713ca93) xori    s5, t2, 625
core   0: 3 0x80007c48 (0x2713ca93) x21 0x00000270
core   0: 0x80007c4c (0x01c05a33) srl     s4, zero, t3
core   0: 3 0x80007c4c (0x01c05a33) x20 0x00000000
core   0: 0x80007c50 (0x002d81b3) add     gp, s11, sp
core   0: 3 0x80007c50 (0x002d81b3) x 3 0x80028ce4
core   0: 0x80007c54 (0x00eebab3) sltu    s5, t4, a4
core   0: 3 0x80007c54 (0x00eebab3) x21 0x00000000
core   0: 0x80007c58 (0x815eea13) ori     s4, t4, -2027
core   0: 3 0x80007c58 (0x815eea13) x20 0xfffffc9d
core   0: 0x80007c5c (0x0159d663) bge     s3, s5, pc + 12
core   0: 3 0x80007c5c (0x0159d663)
core   0: 0x80007c68 (0x008b1293) slli    t0, s6, 8
core   0: 3 0x80007c68 (0x008b1293) x 5 0x7ec00000
core   0: 0x80007c6c (0x013b5c13) srli    s8, s6, 19
core   0: 3 0x80007c6c (0x013b5c13) x24 0x000018cf
core   0: 0x80007c70 (0x00b0ddb3) srl     s11, ra, a1
core   0: 3 0x80007c70 (0x00b0ddb3) x27 0xffffffed
core   0: 0x80007c74 (0x28f6d397) auipc   t2, 0x28f6d
core   0: 3 0x80007c74 (0x28f6d397) x 7 0xa8f74c74
core   0: 0x80007c78 (0x0000100f) fence.i
core   0: 3 0x80007c78 (0x0000100f)
core   0: 0x80007c7c (0x01ae11b3) sll     gp, t3, s10
core   0: 3 0x80007c7c (0x01ae11b3) x 3 0xffef4000
core   0: 0x80007c80 (0x00d507b3) add     a5, a0, a3
core   0: 3 0x80007c80 (0x00d507b3) x15 0xd832105d
core   0: 0x80007c84 (0xda473713) sltiu   a4, a4, -604
core   0: 3 0x80007c84 (0xda473713) x14 0x00000001
core   0: 0x80007c88 (0x016fde63) bge     t6, s6, pc + 28
core   0: 3 0x80007c88 (0x016fde63)
core   0: 0x80007ca4 (0x41d00f33) sub     t5, zero, t4
core   0: 3 0x80007ca4 (0x41d00f33) x30 0x1ff40374
core   0: 0x80007ca8 (0x017bd263) bge     s7, s7, pc + 4
core   0: 3 0x80007ca8 (0x017bd263)
core   0: 0x80007cac (0x50fd6093) ori     ra, s10, 1295
core   0: 3 0x80007cac (0x50fd6093) x 1 0x600bfd8f
core   0: 0x80007cb0 (0xd4cb6db7) lui     s11, 0xd4cb6
core   0: 3 0x80007cb0 (0xd4cb6db7) x27 0xd4cb6000
core   0: 0x80007cb4 (0x00051813) slli    a6, a0, 0
core   0: 3 0x80007cb4 (0x00051813) x16 0xd832105d
core   0: 0x80007cb8 (0xfd5c1b17) auipc   s6, 0xfd5c1
core   0: 3 0x80007cb8 (0xfd5c1b17) x22 0x7d5c8cb8
core   0: 0x80007cbc (0x403e5c93) srai    s9, t3, 3
core   0: 3 0x80007cbc (0x403e5c93) x25 0xffffffde
core   0: 0x80007cc0 (0x04c14263) blt     sp, a2, pc + 68
core   0: 3 0x80007cc0 (0x04c14263)
core   0: 0x80007cc4 (0x00305893) srli    a7, zero, 3
core   0: 3 0x80007cc4 (0x00305893) x17 0x00000000
core   0: 0x80007cc8 (0x04205063) bge     zero, sp, pc + 64
core   0: 3 0x80007cc8 (0x04205063)
core   0: 0x80007d08 (0x009dfe63) bgeu    s11, s1, pc + 28
core   0: 3 0x80007d08 (0x009dfe63)
core   0: 0x80007d24 (0x007e9033) sll     zero, t4, t2
core   0: 3 0x80007d24 (0x007e9033)
core   0: 0x80007d28 (0x01f25713) srli    a4, tp, 31
core   0: 3 0x80007d28 (0x01f25713) x14 0x00000001
core   0: 0x80007d2c (0x0012e4b3) or      s1, t0, ra
core   0: 3 0x80007d2c (0x0012e4b3) x 9 0x7ecbfd8f
core   0: 0x80007d30 (0x00000013) nop
core   0: 3 0x80007d30 (0x00000013)
core   0: 0x80007d34 (0x963b8693) addi    a3, s7, -1693
core   0: 3 0x80007d34 (0x963b8693) x13 0xfffff963
core   0: 0x80007d38 (0x48512913) slti    s2, sp, 1157
core   0: 3 0x80007d38 (0x48512913) x18 0x00000001
core   0: 0x80007d3c (0x01f3e863) bltu    t2, t6, pc + 16
core   0: 3 0x80007d3c (0x01f3e863)
core   0: 0x80007d40 (0xfdba2013) slti    zero, s4, -37
core   0: 3 0x80007d40 (0xfdba2013)
core   0: 0x80007d44 (0x00652db3) slt     s11, a0, t1
core   0: 3 0x80007d44 (0x00652db3) x27 0x00000001
core   0: 0x80007d48 (0x00d867b3) or      a5, a6, a3
core   0: 3 0x80007d48 (0x00d867b3) x15 0xfffff97f
core   0: 0x80007d4c (0x00def433) and     s0, t4, a3
core   0: 3 0x80007d4c (0x00def433) x 8 0xe00bf800
core   0: 0x80007d50 (0x00269b13) slli    s6, a3, 2
core   0: 3 0x80007d50 (0x00269b13) x22 0xffffe58c
core   0: 0x80007d54 (0x017c2433) slt     s0, s8, s7
core   0: 3 0x80007d54 (0x017c2433) x 8 0x00000000
core   0: 0x80007d58 (0x44374393) xori    t2, a4, 1091
core   0: 3 0x80007d58 (0x44374393) x 7 0x00000442
core   0: 0x80007d5c (0x010c3333) sltu    t1, s8, a6
core   0: 3 0x80007d5c (0x010c3333) x 6 0x00000001
core   0: 0x80007d60 (0x0ff0000f) fence   iorw,iorw
core   0: 3 0x80007d60 (0x0ff0000f)
core   0: 0x80007d64 (0x00b59033) sll     zero, a1, a1
core   0: 3 0x80007d64 (0x00b59033)
core   0: 0x80007d68 (0x00691bb3) sll     s7, s2, t1
core   0: 3 0x80007d68 (0x00691bb3) x23 0x00000002
core   0: 0x80007d6c (0x01e1d463) bge     gp, t5, pc + 8
core   0: 3 0x80007d6c (0x01e1d463)
core   0: 0x80007d70 (0xe7328b93) addi    s7, t0, -397
core   0: 3 0x80007d70 (0xe7328b93) x23 0x7ebffe73
core   0: 0x80007d74 (0x008b24b3) slt     s1, s6, s0
core   0: 3 0x80007d74 (0x008b24b3) x 9 0x00000001
core   0: 0x80007d78 (0x0ff0000f) fence   iorw,iorw
core   0: 3 0x80007d78 (0x0ff0000f)
core   0: 0x80007d7c (0x40238fb3) sub     t6, t2, sp
core   0: 3 0x80007d7c (0x40238fb3) x31 0x7ffd775e
core   0: 0x80007d80 (0x4232a793) slti    a5, t0, 1059
core   0: 3 0x80007d80 (0x4232a793) x15 0x00000000
core   0: 0x80007d84 (0x006a41b3) xor     gp, s4, t1
core   0: 3 0x80007d84 (0x006a41b3) x 3 0xfffffc9c
core   0: 0x80007d88 (0x00a77533) and     a0, a4, a0
core   0: 3 0x80007d88 (0x00a77533) x10 0x00000001
core   0: 0x80007d8c (0x00983933) sltu    s2, a6, s1
core   0: 3 0x80007d8c (0x00983933) x18 0x00000000
core   0: 0x80007d90 (0x5ecab193) sltiu   gp, s5, 1516
core   0: 3 0x80007d90 (0x5ecab193) x 3 0x00000001
core   0: 0x80007d94 (0xafe06013) ori     zero, zero, -1282
core   0: 3 0x80007d94 (0xafe06013)
core   0: 0x80007d98 (0x00000013) nop
core   0: 3 0x80007d98 (0x00000013)
core   0: 0x80007d9c (0x02150663) beq     a0, ra, pc + 44
core   0: 3 0x80007d9c (0x02150663)
core   0: 0x80007da0 (0x00fdeab3) or      s5, s11, a5
core   0: 3 0x80007da0 (0x00fdeab3) x21 0x00000001
core   0: 0x80007da4 (0x4124da93) srai    s5, s1, 18
core   0: 3 0x80007da4 (0x4124da93) x21 0x00000000
core   0: 0x80007da8 (0xe6c7af93) slti    t6, a5, -404
core   0: 3 0x80007da8 (0xe6c7af93) x31 0x00000000
core   0: 0x80007dac (0x014097b3) sll     a5, ra, s4
core   0: 3 0x80007dac (0x014097b3) x15 0xe0000000
core   0: 0x80007db0 (0xf8410213) addi    tp, sp, -124
core   0: 3 0x80007db0 (0xf8410213) x 4 0x80028c68
core   0: 0x80007db4 (0x01bd5433) srl     s0, s10, s11
core   0: 3 0x80007db4 (0x01bd5433) x 8 0x3005fe46
core   0: 0x80007db8 (0xc4b34197) auipc   gp, 0xc4b34
core   0: 3 0x80007db8 (0xc4b34197) x 3 0x44b3bdb8
core   0: 0x80007dbc (0x00a1b7b3) sltu    a5, gp, a0
core   0: 3 0x80007dbc (0x00a1b7b3) x15 0x00000000
core   0: 0x80007dc0 (0x01e34533) xor     a0, t1, t5
core   0: 3 0x80007dc0 (0x01e34533) x10 0x1ff40375
core   0: 0x80007dc4 (0x400eddb3) sra     s11, t4, zero
core   0: 3 0x80007dc4 (0x400eddb3) x27 0xe00bfc8c
core   0: 0x80007dc8 (0x00000013) nop
core   0: 3 0x80007dc8 (0x00000013)
core   0: 0x80007dcc (0xb9686b93) ori     s7, a6, -1130
core   0: 3 0x80007dcc (0xb9686b93) x23 0xfffffbdf
core   0: 0x80007dd0 (0x47654893) xori    a7, a0, 1142
core   0: 3 0x80007dd0 (0x47654893) x17 0x1ff40703
core   0: 0x80007dd4 (0x04c16663) bltu    sp, a2, pc + 76
core   0: 3 0x80007dd4 (0x04c16663)
core   0: 0x80007dd8 (0x00157033) and     zero, a0, ra
core   0: 3 0x80007dd8 (0x00157033)
core   0: 0x80007ddc (0x2ee67193) andi    gp, a2, 750
core   0: 3 0x80007ddc (0x2ee67193) x 3 0x00000264
core   0: 0x80007de0 (0x79a37a93) andi    s5, t1, 1946
core   0: 3 0x80007de0 (0x79a37a93) x21 0x00000000
core   0: 0x80007de4 (0x00000013) nop
core   0: 3 0x80007de4 (0x00000013)
core   0: 0x80007de8 (0x00000013) nop
core   0: 3 0x80007de8 (0x00000013)
core   0: 0x80007dec (0x41740b33) sub     s6, s0, s7
core   0: 3 0x80007dec (0x41740b33) x22 0x30060267
core   0: 0x80007df0 (0x0ff0000f) fence   iorw,iorw
core   0: 3 0x80007df0 (0x0ff0000f)
core   0: 0x80007df4 (0x00000013) nop
core   0: 3 0x80007df4 (0x00000013)
core   0: 0x80007df8 (0x058f0863) beq     t5, s8, pc + 80
core   0: 3 0x80007df8 (0x058f0863)
core   0: 0x80007dfc (0xd2732297) auipc   t0, 0xd2732
core   0: 3 0x80007dfc (0xd2732297) x 5 0x52739dfc
core   0: 0x80007e00 (0x04dbd663) bge     s7, a3, pc + 76
core   0: 3 0x80007e00 (0x04dbd663)
core   0: 0x80007e4c (0x00ee5313) srli    t1, t3, 14
core   0: 3 0x80007e4c (0x00ee5313) x 6 0x0003ffff
core   0: 0x80007e50 (0x01606c63) bltu    zero, s6, pc + 24
core   0: 3 0x80007e50 (0x01606c63)
core   0: 0x80007e68 (0x16a4ff93) andi    t6, s1, 362
core   0: 3 0x80007e68 (0x16a4ff93) x31 0x00000000
core   0: 0x80007e6c (0x0148e4b3) or      s1, a7, s4
core   0: 3 0x80007e6c (0x0148e4b3) x 9 0xffffff9f
core   0: 0x80007e70 (0x00f474b3) and     s1, s0, a5
core   0: 3 0x80007e70 (0x00f474b3) x 9 0x00000000
core   0: 0x80007e74 (0x4067de93) srai    t4, a5, 6
core   0: 3 0x80007e74 (0x4067de93) x29 0x00000000
core   0: 0x80007e78 (0x406cdd33) sra     s10, s9, t1
core   0: 3 0x80007e78 (0x406cdd33) x26 0xffffffff
core   0: 0x80007e7c (0x0000100f) fence.i
core   0: 3 0x80007e7c (0x0000100f)
core   0: 0x80007e80 (0x00000013) nop
core   0: 3 0x80007e80 (0x00000013)
core   0: 0x80007e84 (0x02707e63) bgeu    zero, t2, pc + 60
core   0: 3 0x80007e84 (0x02707e63)
core   0: 0x80007e88 (0x017439b3) sltu    s3, s0, s7
core   0: 3 0x80007e88 (0x017439b3) x19 0x00000001
core   0: 0x80007e8c (0x01b0d713) srli    a4, ra, 27
core   0: 3 0x80007e8c (0x01b0d713) x14 0x0000000c
core   0: 0x80007e90 (0x011bb4b3) sltu    s1, s7, a7
core   0: 3 0x80007e90 (0x011bb4b3) x 9 0x00000000
core   0: 0x80007e94 (0x00dc6c63) bltu    s8, a3, pc + 24
core   0: 3 0x80007e94 (0x00dc6c63)
core   0: 0x80007eac (0x01a8e433) or      s0, a7, s10
core   0: 3 0x80007eac (0x01a8e433) x 8 0xffffffff
core   0: 0x80007eb0 (0x40ab5e93) srai    t4, s6, 10
core   0: 3 0x80007eb0 (0x40ab5e93) x29 0x000c0180
core   0: 0x80007eb4 (0x00000013) nop
core   0: 3 0x80007eb4 (0x00000013)
core   0: 0x80007eb8 (0x401b5e33) sra     t3, s6, ra
core   0: 3 0x80007eb8 (0x401b5e33) x28 0x0000600c
core   0: 0x80007ebc (0x4099d533) sra     a0, s3, s1
core   0: 3 0x80007ebc (0x4099d533) x10 0x00000001
core   0: 0x80007ec0 (0x0ff0000f) fence   iorw,iorw
core   0: 3 0x80007ec0 (0x0ff0000f)
core   0: 0x80007ec4 (0x00000013) nop
core   0: 3 0x80007ec4 (0x00000013)
core   0: 0x80007ec8 (0x0000100f) fence.i
core   0: 3 0x80007ec8 (0x0000100f)
core   0: 0x80007ecc (0x005b4533) xor     a0, s6, t0
core   0: 3 0x80007ecc (0x005b4533) x10 0x62759f9b
core   0: 0x80007ed0 (0x017e0d33) add     s10, t3, s7
core   0: 3 0x80007ed0 (0x017e0d33) x26 0x00005beb
core   0: 0x80007ed4 (0x4df47213) andi    tp, s0, 1247
core   0: 3 0x80007ed4 (0x4df47213) x 4 0x000004df
core   0: 0x80007ed8 (0x04118063) beq     gp, ra, pc + 64
core   0: 3 0x80007ed8 (0x04118063)
core   0: 0x80007edc (0x01514e63) blt     sp, s5, pc + 28
core   0: 3 0x80007edc (0x01514e63)
core   0: 0x80007ef8 (0x00be4c63) blt     t3, a1, pc + 24
core   0: 3 0x80007ef8 (0x00be4c63)
core   0: 0x80007efc (0x0000100f) fence.i
core   0: 3 0x80007efc (0x0000100f)
core   0: 0x80007f00 (0x00feb0b3) sltu    ra, t4, a5
core   0: 3 0x80007f00 (0x00feb0b3) x 1 0x00000000
core   0: 0x80007f04 (0x007a0a63) beq     s4, t2, pc + 20
core   0: 3 0x80007f04 (0x007a0a63)
core   0: 0x80007f08 (0x019e5933) srl     s2, t3, s9
core   0: 3 0x80007f08 (0x019e5933) x18 0x00000000
core   0: 0x80007f0c (0x05be5863) bge     t3, s11, pc + 80
core   0: 3 0x80007f0c (0x05be5863)
core   0: 0x80007f5c (0x25e86b93) ori     s7, a6, 606
core   0: 3 0x80007f5c (0x25e86b93) x23 0xd832125f
core   0: 0x80007f60 (0x01adddb3) srl     s11, s11, s10
core   0: 3 0x80007f60 (0x01adddb3) x27 0x001c017f
core   0: 0x80007f64 (0x010bea33) or      s4, s7, a6
core   0: 3 0x80007f64 (0x010bea33) x20 0xd832125f
core   0: 0x80007f68 (0x00221b13) slli    s6, tp, 2
core   0: 3 0x80007f68 (0x00221b13) x22 0x0000137c
core   0: 0x80007f6c (0x40d55e13) srai    t3, a0, 13
core   0: 3 0x80007f6c (0x40d55e13) x28 0x000313ac
core   0: 0x80007f70 (0x41510933) sub     s2, sp, s5
core   0: 3 0x80007f70 (0x41510933) x18 0x80028ce4
core   0: 0x80007f74 (0x005dea63) bltu    s11, t0, pc + 20
core   0: 3 0x80007f74 (0x005dea63)
core   0: 0x80007f88 (0x00e08263) beq     ra, a4, pc + 4
core   0: 3 0x80007f88 (0x00e08263)
core   0: 0x80007f8c (0x01901533) sll     a0, zero, s9
core   0: 3 0x80007f8c (0x01901533) x10 0x00000000
core   0: 0x80007f90 (0x49e08093) addi    ra, ra, 1182
core   0: 3 0x80007f90 (0x49e08093) x 1 0x0000049e
core   0: 0x80007f94 (0x19be7213) andi    tp, t3, 411
core   0: 3 0x80007f94 (0x19be7213) x 4 0x00000188
core   0: 0x80007f98 (0x01b10663) beq     sp, s11, pc + 12
core   0: 3 0x80007f98 (0x01b10663)
core   0: 0x80007f9c (0x40bc5f13) srai    t5, s8, 11
core   0: 3 0x80007f9c (0x40bc5f13) x30 0x00000003
core   0: 0x80007fa0 (0x00556863) bltu    a0, t0, pc + 16
core   0: 3 0x80007fa0 (0x00556863)
core   0: 0x80007fb0 (0x01929e13) slli    t3, t0, 25
core   0: 3 0x80007fb0 (0x01929e13) x28 0xf8000000
core   0: 0x80007fb4 (0xc0a1c713) xori    a4, gp, -1014
core   0: 3 0x80007fb4 (0xc0a1c713) x14 0xfffffe6e
core   0: 0x80007fb8 (0x14718413) addi    s0, gp, 327
core   0: 3 0x80007fb8 (0x14718413) x 8 0x000003ab
core   0: 0x80007fbc (0x006aecb3) or      s9, s5, t1
core   0: 3 0x80007fbc (0x006aecb3) x25 0x0003ffff
core   0: 0x80007fc0 (0x59abf793) andi    a5, s7, 1434
core   0: 3 0x80007fc0 (0x59abf793) x15 0x0000001a
core   0: 0x80007fc4 (0xb07b8e13) addi    t3, s7, -1273
core   0: 3 0x80007fc4 (0xb07b8e13) x28 0xd8320d66
core   0: 0x80007fc8 (0x5831b793) sltiu   a5, gp, 1411
core   0: 3 0x80007fc8 (0x5831b793) x15 0x00000001
core   0: 0x80007fcc (0x00d75493) srli    s1, a4, 13
core   0: 3 0x80007fcc (0x00d75493) x 9 0x0007ffff
core   0: 0x80007fd0 (0x0078dc93) srli    s9, a7, 7
core   0: 3 0x80007fd0 (0x0078dc93) x25 0x003fe80e
core   0: 0x80007fd4 (0x01bebfb3) sltu    t6, t4, s11
core   0: 3 0x80007fd4 (0x01bebfb3) x31 0x00000001
core   0: 0x80007fd8 (0x007794b3) sll     s1, a5, t2
core   0: 3 0x80007fd8 (0x007794b3) x 9 0x00000004
core   0: 0x80007fdc (0x01dfe663) bltu    t6, t4, pc + 12
core   0: 3 0x80007fdc (0x01dfe663)
core   0: 0x80007fe8 (0x006283b3) add     t2, t0, t1
core   0: 3 0x80007fe8 (0x006283b3) x 7 0x52779dfb
core   0: 0x80007fec (0xba42bc13) sltiu   s8, t0, -1116
core   0: 3 0x80007fec (0xba42bc13) x24 0x00000001
core   0: 0x80007ff0 (0x39e5c393) xori    t2, a1, 926
core   0: 3 0x80007ff0 (0x39e5c393) x 7 0x8000039e
core   0: 0x80007ff4 (0x014687b3) add     a5, a3, s4
core   0: 3 0x80007ff4 (0x014687b3) x15 0xd8320bc2
core   0: 0x80007ff8 (0x0564c663) blt     s1, s6, pc + 76
core   0: 3 0x80007ff8 (0x0564c663)
core   0: 0x80008044 (0x01aafb33) and     s6, s5, s10
core   0: 3 0x80008044 (0x01aafb33) x22 0x00000000
core   0: 0x80008048 (0xa133f193) andi    gp, t2, -1517
core   0: 3 0x80008048 (0xa133f193) x 3 0x80000212
core   0: 0x8000804c (0xd2e91717) auipc   a4, 0xd2e91
core   0: 3 0x8000804c (0xd2e91717) x14 0x52e9904c
core   0: 0x80008050 (0x4de8a093) slti    ra, a7, 1246
core   0: 3 0x80008050 (0x4de8a093) x 1 0x00000000
core   0: 0x80008054 (0xe45aea93) ori     s5, s5, -443
core   0: 3 0x80008054 (0xe45aea93) x21 0xfffffe45
core   0: 0x80008058 (0x0000100f) fence.i
core   0: 3 0x80008058 (0x0000100f)
core   0: 0x8000805c (0xb45fea17) auipc   s4, 0xb45fe
core   0: 3 0x8000805c (0xb45fea17) x20 0x3460605c
core   0: 0x80008060 (0x41e15d13) srai    s10, sp, 30
core   0: 3 0x80008060 (0x41e15d13) x26 0xfffffffe
core   0: 0x80008064 (0xa6a43e37) lui     t3, 0xa6a43
core   0: 3 0x80008064 (0xa6a43e37) x28 0xa6a43000
core   0: 0x80008068 (0x01d5adb3) slt     s11, a1, t4
core   0: 3 0x80008068 (0x01d5adb3) x27 0x00000001
core   0: 0x8000806c (0xf4727f93) andi    t6, tp, -185
core   0: 3 0x8000806c (0xf4727f93) x31 0x00000100
core   0: 0x80008070 (0x41f9dfb3) sra     t6, s3, t6
core   0: 3 0x80008070 (0x41f9dfb3) x31 0x00000001
core   0: 0x80008074 (0x009ede63) bge     t4, s1, pc + 28
core   0: 3 0x80008074 (0x009ede63)
core   0: 0x80008090 (0x056bd263) bge     s7, s6, pc + 68
core   0: 3 0x80008090 (0x056bd263)
core   0: 0x80008094 (0x0454c663) blt     s1, t0, pc + 76
core   0: 3 0x80008094 (0x0454c663)
core   0: 0x800080e0 (0x975af893) andi    a7, s5, -1675
core   0: 3 0x800080e0 (0x975af893) x17 0xfffff845
core   0: 0x800080e4 (0x01eb7d33) and     s10, s6, t5
core   0: 3 0x800080e4 (0x01eb7d33) x26 0x00000000
core   0: 0x800080e8 (0x0131f863) bgeu    gp, s3, pc + 16
core   0: 3 0x800080e8 (0x0131f863)
core   0: 0x800080f8 (0x01df3b33) sltu    s6, t5, t4
core   0: 3 0x800080f8 (0x01df3b33) x22 0x00000001
core   0: 0x800080fc (0x33bd0e93) addi    t4, s10, 827
core   0: 3 0x800080fc (0x33bd0e93) x29 0x0000033b
core   0: 0x80008100 (0xfc334793) xori    a5, t1, -61
core   0: 3 0x80008100 (0xfc334793) x15 0xfffc003c
core   0: 0x80008104 (0x00ebfa63) bgeu    s7, a4, pc + 20
core   0: 3 0x80008104 (0x00ebfa63)
core   0: 0x80008118 (0xab940eb7) lui     t4, 0xab940
core   0: 3 0x80008118 (0xab940eb7) x29 0xab940000
core   0: 0x8000811c (0x045dc063) blt     s11, t0, pc + 64
core   0: 3 0x8000811c (0x045dc063)
core   0: 0x8000815c (0x0ff0000f) fence   iorw,iorw
core   0: 3 0x8000815c (0x0ff0000f)
core   0: 0x80008160 (0x001e9193) slli    gp, t4, 1
core   0: 3 0x80008160 (0x001e9193) x 3 0x57280000
core   0: 0x80008164 (0x402b8f33) sub     t5, s7, sp
core   0: 3 0x80008164 (0x402b8f33) x30 0x582f857b
core   0: 0x80008168 (0x01747e63) bgeu    s0, s7, pc + 28
core   0: 3 0x80008168 (0x01747e63)
core   0: 0x8000816c (0x00000013) nop
core   0: 3 0x8000816c (0x00000013)
core   0: 0x80008170 (0x00477c63) bgeu    a4, tp, pc + 24
core   0: 3 0x80008170 (0x00477c63)
core   0: 0x80008188 (0x02e0ee63) bltu    ra, a4, pc + 60
core   0: 3 0x80008188 (0x02e0ee63)
core   0: 0x800081c4 (0x40845e93) srai    t4, s0, 8
core   0: 3 0x800081c4 (0x40845e93) x29 0x00000003
core   0: 0x800081c8 (0x0ff0000f) fence   iorw,iorw
core   0: 3 0x800081c8 (0x0ff0000f)
core   0: 0x800081cc (0x00561513) slli    a0, a2, 5
core   0: 3 0x800081cc (0x00561513) x10 0x0049cc80
core   0: 0x800081d0 (0xbaae6393) ori     t2, t3, -1110
core   0: 3 0x800081d0 (0xbaae6393) x 7 0xfffffbaa
core   0: 0x800081d4 (0x037ddc63) bge     s11, s7, pc + 56
core   0: 3 0x800081d4 (0x037ddc63)
core   0: 0x8000820c (0x4272c797) auipc   a5, 0x4272c
core   0: 3 0x8000820c (0x4272c797) x15 0xc273420c
core   0: 0x80008210 (0x005b81b3) add     gp, s7, t0
core   0: 3 0x80008210 (0x005b81b3) x 3 0x2aa5b05b
core   0: 0x80008214 (0x0dcd9c63) bne     s11, t3, pc + 216
core   0: 3 0x80008214 (0x0dcd9c63)
core   0: 0x800082ec (0x3dbd2713) slti    a4, s10, 987
core   0: 3 0x800082ec (0x3dbd2713) x14 0x00000001
core   0: 0x800082f0 (0x014ad213) srli    tp, s5, 20
core   0: 3 0x800082f0 (0x014ad213) x 4 0x00000fff
core   0: 0x800082f4 (0x01491db3) sll     s11, s2, s4
core   0: 3 0x800082f4 (0x01491db3) x27 0x40000000
core   0: 0x800082f8 (0x0c5c4193) xori    gp, s8, 197
core   0: 3 0x800082f8 (0x0c5c4193) x 3 0x000000c4
core   0: 0x800082fc (0x01f9c263) blt     s3, t6, pc + 4
core   0: 3 0x800082fc (0x01f9c263)
core   0: 0x80008300 (0x400a5513) srai    a0, s4, 0
core   0: 3 0x80008300 (0x400a5513) x10 0x3460605c
core   0: 0x80008304 (0x41ba0833) sub     a6, s4, s11
core   0: 3 0x80008304 (0x41ba0833) x16 0xf460605c
core   0: 0x80008308 (0x013fd713) srli    a4, t6, 19
core   0: 3 0x80008308 (0x013fd713) x14 0x00000000
core   0: 0x8000830c (0x0115adb3) slt     s11, a1, a7
core   0: 3 0x8000830c (0x0115adb3) x27 0x00000001
core   0: 0x80008310 (0x00373c33) sltu    s8, a4, gp
core   0: 3 0x80008310 (0x00373c33) x24 0x00000001
core   0: 0x80008314 (0x00000013) nop
core   0: 3 0x80008314 (0x00000013)
core   0: 0x80008318 (0x582b0837) lui     a6, 0x582b0
core   0: 3 0x80008318 (0x582b0837) x16 0x582b0000
core   0: 0x8000831c (0x0ff0000f) fence   iorw,iorw
core   0: 3 0x8000831c (0x0ff0000f)
core   0: 0x80008320 (0x00d72bb3) slt     s7, a4, a3
core   0: 3 0x80008320 (0x00d72bb3) x23 0x00000000
core   0: 0x80008324 (0x00fa71b3) and     gp, s4, a5
core   0: 3 0x80008324 (0x00fa71b3) x 3 0x0060400c
core   0: 0x80008328 (0xc1458413) addi    s0, a1, -1004
core   0: 3 0x80008328 (0xc1458413) x 8 0x7ffffc14
core   0: 0x8000832c (0x01418cb3) add     s9, gp, s4
core   0: 3 0x8000832c (0x01418cb3) x25 0x34c0a068
core   0: 0x80008330 (0x2d27e313) ori     t1, a5, 722
core   0: 3 0x80008330 (0x2d27e313) x 6 0xc27342de
core   0: 0x80008334 (0x00000013) nop
core   0: 3 0x80008334 (0x00000013)
core   0: 0x80008338 (0x5d1bef97) auipc   t6, 0x5d1be
core   0: 3 0x80008338 (0x5d1bef97) x31 0xdd1c6338
core   0: 0x8000833c (0x0000100f) fence.i
core   0: 3 0x8000833c (0x0000100f)
core   0: 0x80008340 (0x0000100f) fence.i
core   0: 3 0x80008340 (0x0000100f)
core   0: 0x80008344 (0x0000100f) fence.i
core   0: 3 0x80008344 (0x0000100f)
core   0: 0x80008348 (0x01c420b3) slt     ra, s0, t3
core   0: 3 0x80008348 (0x01c420b3) x 1 0x00000000
core   0: 0x8000834c (0x1612fd13) andi    s10, t0, 353
core   0: 3 0x8000834c (0x1612fd13) x26 0x00000160
core   0: 0x80008350 (0x005336b3) sltu    a3, t1, t0
core   0: 3 0x80008350 (0x005336b3) x13 0x00000000
core   0: 0x80008354 (0x405c84b3) sub     s1, s9, t0
core   0: 3 0x80008354 (0x405c84b3) x 9 0xe24d026c
core   0: 0x80008358 (0x00760f33) add     t5, a2, t2
core   0: 3 0x80008358 (0x00760f33) x30 0x80024a0e
core   0: 0x8000835c (0x023dde63) bge     s11, gp, pc + 60
core   0: 3 0x8000835c (0x023dde63)
core   0: 0x80008360 (0x011119b3) sll     s3, sp, a7
core   0: 3 0x80008360 (0x011119b3) x19 0x00519c80
core   0: 0x80008364 (0x5dd48f93) addi    t6, s1, 1501
core   0: 3 0x80008364 (0x5dd48f93) x31 0xe24d0849
core   0: 0x80008368 (0x41d3dd93) srai    s11, t2, 29
core   0: 3 0x80008368 (0x41d3dd93) x27 0xffffffff
core   0: 0x8000836c (0x74d17b93) andi    s7, sp, 1869
core   0: 3 0x8000836c (0x74d17b93) x23 0x00000444
core   0: 0x80008370 (0x00b4ca63) blt     s1, a1, pc + 20
core   0: 3 0x80008370 (0x00b4ca63)
core   0: 0x80008374 (0x00a04663) blt     zero, a0, pc + 12
core   0: 3 0x80008374 (0x00a04663)
core   0: 0x80008380 (0x02bf5663) bge     t5, a1, pc + 44
core   0: 3 0x80008380 (0x02bf5663)
core   0: 0x800083ac (0x01877f33) and     t5, a4, s8
core   0: 3 0x800083ac (0x01877f33) x30 0x00000000
core   0: 0x800083b0 (0x01ff69b3) or      s3, t5, t6
core   0: 3 0x800083b0 (0x01ff69b3) x19 0xe24d0849
core   0: 0x800083b4 (0x00b24533) xor     a0, tp, a1
core   0: 3 0x800083b4 (0x00b24533) x10 0x80000fff
core   0: 0x800083b8 (0x01fa1f13) slli    t5, s4, 31
core   0: 3 0x800083b8 (0x01fa1f13) x30 0x00000000
core   0: 0x800083bc (0x018a2b33) slt     s6, s4, s8
core   0: 3 0x800083bc (0x018a2b33) x22 0x00000000
core   0: 0x800083c0 (0x00d3dd13) srli    s10, t2, 13
core   0: 3 0x800083c0 (0x00d3dd13) x26 0x0007ffff
core   0: 0x800083c4 (0x4e712b17) auipc   s6, 0x4e712
core   0: 3 0x800083c4 (0x4e712b17) x22 0xce71a3c4
core   0: 0x800083c8 (0x6d683793) sltiu   a5, a6, 1750
core   0: 3 0x800083c8 (0x6d683793) x15 0x00000000
core   0: 0x800083cc (0x01b42833) slt     a6, s0, s11
core   0: 3 0x800083cc (0x01b42833) x16 0x00000000
core   0: 0x800083d0 (0x00000013) nop
core   0: 3 0x800083d0 (0x00000013)
core   0: 0x800083d4 (0x40b00fb3) sub     t6, zero, a1
core   0: 3 0x800083d4 (0x40b00fb3) x31 0x80000000
core   0: 0x800083d8 (0x00331a63) bne     t1, gp, pc + 20
core   0: 3 0x800083d8 (0x00331a63)
core   0: 0x800083ec (0x82b83d13) sltiu   s10, a6, -2005
core   0: 3 0x800083ec (0x82b83d13) x26 0x00000001
core   0: 0x800083f0 (0x01f13433) sltu    s0, sp, t6
core   0: 3 0x800083f0 (0x01f13433) x 8 0x00000000
core   0: 0x800083f4 (0x01ab81b3) add     gp, s7, s10
core   0: 3 0x800083f4 (0x01ab81b3) x 3 0x00000445
core   0: 0x800083f8 (0x5fdb6e13) ori     t3, s6, 1533
core   0: 3 0x800083f8 (0x5fdb6e13) x28 0xce71a7fd
core   0: 0x800083fc (0x8d2e4f17) auipc   t5, 0x8d2e4
core   0: 3 0x800083fc (0x8d2e4f17) x30 0x0d2ec3fc
core   0: 0x80008400 (0x043ee263) bltu    t4, gp, pc + 68
core   0: 3 0x80008400 (0x043ee263)
core   0: 0x80008444 (0x00000013) nop
core   0: 3 0x80008444 (0x00000013)
core   0: 0x80008448 (0x013a8eb3) add     t4, s5, s3
core   0: 3 0x80008448 (0x013a8eb3) x29 0xe24d068e
core   0: 0x8000844c (0x014dcab3) xor     s5, s11, s4
core   0: 3 0x8000844c (0x014dcab3) x21 0xcb9f9fa3
core   0: 0x80008450 (0x01d82733) slt     a4, a6, t4
core   0: 3 0x80008450 (0x01d82733) x14 0x00000000
core   0: 0x80008454 (0x00b4c263) blt     s1, a1, pc + 4
core   0: 3 0x80008454 (0x00b4c263)
core   0: 0x80008458 (0x00f69333) sll     t1, a3, a5
core   0: 3 0x80008458 (0x00f69333) x 6 0x00000000
core   0: 0x8000845c (0x7632bd93) sltiu   s11, t0, 1891
core   0: 3 0x8000845c (0x7632bd93) x27 0x00000000
core   0: 0x80008460 (0x40a40733) sub     a4, s0, a0
core   0: 3 0x80008460 (0x40a40733) x14 0x7ffff001
core   0: 0x80008464 (0x00df1d13) slli    s10, t5, 13
core   0: 3 0x80008464 (0x00df1d13) x26 0xd87f8000
core   0: 0x80008468 (0x0164f333) and     t1, s1, s6
core   0: 3 0x80008468 (0x0164f333) x 6 0xc2410244
core   0: 0x8000846c (0xf3f23993) sltiu   s3, tp, -193
core   0: 3 0x8000846c (0xf3f23993) x19 0x00000001
core   0: 0x80008470 (0x0000100f) fence.i
core   0: 3 0x80008470 (0x0000100f)
core   0: 0x80008474 (0x40135793) srai    a5, t1, 1
core   0: 3 0x80008474 (0x40135793) x15 0xe1208122
core   0: 0x80008478 (0x04b16063) bltu    sp, a1, pc + 64
core   0: 3 0x80008478 (0x04b16063)
core   0: 0x8000847c (0x416b61b7) lui     gp, 0x416b6
core   0: 3 0x8000847c (0x416b61b7) x 3 0x416b6000
core   0: 0x80008480 (0x0ff0000f) fence   iorw,iorw
core   0: 3 0x80008480 (0x0ff0000f)
core   0: 0x80008484 (0x008a26b3) slt     a3, s4, s0
core   0: 3 0x80008484 (0x008a26b3) x13 0x00000000
core   0: 0x80008488 (0x0000100f) fence.i
core   0: 3 0x80008488 (0x0000100f)
core   0: 0x8000848c (0x0156d413) srli    s0, a3, 21
core   0: 3 0x8000848c (0x0156d413) x 8 0x00000000
core   0: 0x80008490 (0x70040f97) auipc   t6, 0x70040
core   0: 3 0x80008490 (0x70040f97) x31 0xf0048490
core   0: 0x80008494 (0x00000013) nop
core   0: 3 0x80008494 (0x00000013)
core   0: 0x80008498 (0x01d89533) sll     a0, a7, t4
core   0: 3 0x80008498 (0x01d89533) x10 0xfe114000
core   0: 0x8000849c (0x00b11393) slli    t2, sp, 11
core   0: 3 0x8000849c (0x00b11393) x 7 0x14672000
core   0: 0x800084a0 (0x0091f663) bgeu    gp, s1, pc + 12
core   0: 3 0x800084a0 (0x0091f663)
core   0: 0x800084a4 (0x00242533) slt     a0, s0, sp
core   0: 3 0x800084a4 (0x00242533) x10 0x00000000
core   0: 0x800084a8 (0x01da0533) add     a0, s4, t4
core   0: 3 0x800084a8 (0x01da0533) x10 0x16ad66ea
core   0: 0x800084ac (0x6d574513) xori    a0, a4, 1749
core   0: 3 0x800084ac (0x6d574513) x10 0x7ffff6d4
core   0: 0x800084b0 (0x0108c833) xor     a6, a7, a6
core   0: 3 0x800084b0 (0x0108c833) x16 0xfffff845
core   0: 0x800084b4 (0xf2c0cd13) xori    s10, ra, -212
core   0: 3 0x800084b4 (0xf2c0cd13) x26 0xffffff2c
core   0: 0x800084b8 (0x046f1863) bne     t5, t1, pc + 80
core   0: 3 0x800084b8 (0x046f1863)
core   0: 0x80008508 (0x01499a13) slli    s4, s3, 20
core   0: 3 0x80008508 (0x01499a13) x20 0x00100000
core   0: 0x8000850c (0x01f4ff37) lui     t5, 0x1f4f
core   0: 3 0x8000850c (0x01f4ff37) x30 0x01f4f000
core   0: 0x80008510 (0xe60e4f13) xori    t5, t3, -416
core   0: 3 0x80008510 (0xe60e4f13) x30 0x318e599d
core   0: 0x80008514 (0x0ff0000f) fence   iorw,iorw
core   0: 3 0x80008514 (0x0ff0000f)
core   0: 0x80008518 (0x6e00cc13) xori    s8, ra, 1760
core   0: 3 0x80008518 (0x6e00cc13) x24 0x000006e0
core   0: 0x8000851c (0x00e358b3) srl     a7, t1, a4
core   0: 3 0x8000851c (0x00e358b3) x17 0x61208122
core   0: 0x80008520 (0x01ff71b3) and     gp, t5, t6
core   0: 3 0x80008520 (0x01ff71b3) x 3 0x30040090
core   0: 0x80008524 (0x0ff0000f) fence   iorw,iorw
core   0: 3 0x80008524 (0x0ff0000f)
core   0: 0x80008528 (0x0c57c0b7) lui     ra, 0xc57c
core   0: 3 0x80008528 (0x0c57c0b7) x 1 0x0c57c000
core   0: 0x8000852c (0x059f8663) beq     t6, s9, pc + 76
core   0: 3 0x8000852c (0x059f8663)
core   0: 0x80008530 (0x053b4263) blt     s6, s3, pc + 68
core   0: 3 0x80008530 (0x053b4263)
core   0: 0x80008574 (0x41aa53b3) sra     t2, s4, s10
core   0: 3 0x80008574 (0x41aa53b3) x 7 0x00000100
core   0: 0x80008578 (0x0a6c7c63) bgeu    s8, t1, pc + 184
core   0: 3 0x80008578 (0x0a6c7c63)
core   0: 0x8000857c (0x5081ad93) slti    s11, gp, 1288
core   0: 3 0x8000857c (0x5081ad93) x27 0x00000000
core   0: 0x80008580 (0x0050e263) bltu    ra, t0, pc + 4
core   0: 3 0x80008580 (0x0050e263)
core   0: 0x80008584 (0xcea57013) andi    zero, a0, -790
core   0: 3 0x80008584 (0xcea57013)
core   0: 0x80008588 (0xb1b73393) sltiu   t2, a4, -1253
core   0: 3 0x80008588 (0xb1b73393) x 7 0x00000001
core   0: 0x8000858c (0x53e96d13) ori     s10, s2, 1342
core   0: 3 0x8000858c (0x53e96d13) x26 0x80028dfe
core   0: 0x80008590 (0x00686e33) or      t3, a6, t1
core   0: 3 0x80008590 (0x00686e33) x28 0xfffffa45
core   0: 0x80008594 (0x00400913) li      s2, 4
core   0: 3 0x80008594 (0x00400913) x18 0x00000004
core   0: 0x80008598 (0x018d2433) slt     s0, s10, s8
core   0: 3 0x80008598 (0x018d2433) x 8 0x00000001
core   0: 0x8000859c (0x018401b3) add     gp, s0, s8
core   0: 3 0x8000859c (0x018401b3) x 3 0x000006e1
core   0: 0x800085a0 (0x005aa2b3) slt     t0, s5, t0
core   0: 3 0x800085a0 (0x005aa2b3) x 5 0x00000001
core   0: 0x800085a4 (0x00700f13) li      t5, 7
core   0: 3 0x800085a4 (0x00700f13) x30 0x00000007
core   0: 0x800085a8 (0xd4f87a93) andi    s5, a6, -689
core   0: 3 0x800085a8 (0xd4f87a93) x21 0xfffff845
core   0: 0x800085ac (0xee121717) auipc   a4, 0xee121
core   0: 3 0x800085ac (0xee121717) x14 0x6e1295ac
core   0: 0x800085b0 (0x00190913) addi    s2, s2, 1
core   0: 3 0x800085b0 (0x00190913) x18 0x00000005
core   0: 0x800085b4 (0xfd8bb037) lui     zero, 0xfd8bb
core   0: 3 0x800085b4 (0xfd8bb037)
core   0: 0x800085b8 (0x00900513) li      a0, 9
core   0: 3 0x800085b8 (0x00900513) x10 0x00000009
core   0: 0x800085bc (0x72b27d37) lui     s10, 0x72b27
core   0: 3 0x800085bc (0x72b27d37) x26 0x72b27000
core   0: 0x800085c0 (0x88d24417) auipc   s0, 0x88d24
core   0: 3 0x800085c0 (0x88d24417) x 8 0x08d2c5c0
core   0: 0x800085c4 (0x00400d93) li      s11, 4
core   0: 3 0x800085c4 (0x00400d93) x27 0x00000004
core   0: 0x800085c8 (0xd32a3013) sltiu   zero, s4, -718
core   0: 3 0x800085c8 (0xd32a3013)
core   0: 0x800085cc (0x00cae6b3) or      a3, s5, a2
core   0: 3 0x800085cc (0x00cae6b3) x13 0xfffffe65
core   0: 0x800085d0 (0xe8cb2297) auipc   t0, 0xe8cb2
core   0: 3 0x800085d0 (0xe8cb2297) x 5 0x68cba5d0
core   0: 0x800085d4 (0x00e4c3b3) xor     t2, s1, a4
core   0: 3 0x800085d4 (0x00e4c3b3) x 7 0x8c5f97c0
core   0: 0x800085d8 (0x41565b13) srai    s6, a2, 21
core   0: 3 0x800085d8 (0x41565b13) x22 0xfffffc00
core   0: 0x800085dc (0x01cdb2b3) sltu    t0, s11, t3
core   0: 3 0x800085dc (0x01cdb2b3) x 5 0x00000001
core   0: 0x800085e0 (0x00000013) nop
core   0: 3 0x800085e0 (0x00000013)
core   0: 0x800085e4 (0xffe50513) addi    a0, a0, -2
core   0: 3 0x800085e4 (0xffe50513) x10 0x00000007
core   0: 0x800085e8 (0x2aaf7ab7) lui     s5, 0x2aaf7
core   0: 3 0x800085e8 (0x2aaf7ab7) x21 0x2aaf7000
core   0: 0x800085ec (0x4169d4b3) sra     s1, s3, s6
core   0: 3 0x800085ec (0x4169d4b3) x 9 0x00000001
core   0: 0x800085f0 (0xffb578e3) bgeu    a0, s11, pc - 16
core   0: 3 0x800085f0 (0xffb578e3)
core   0: 0x800085e0 (0x00000013) nop
core   0: 3 0x800085e0 (0x00000013)
core   0: 0x800085e4 (0xffe50513) addi    a0, a0, -2
core   0: 3 0x800085e4 (0xffe50513) x10 0x00000005
core   0: 0x800085e8 (0x2aaf7ab7) lui     s5, 0x2aaf7
core   0: 3 0x800085e8 (0x2aaf7ab7) x21 0x2aaf7000
core   0: 0x800085ec (0x4169d4b3) sra     s1, s3, s6
core   0: 3 0x800085ec (0x4169d4b3) x 9 0x00000001
core   0: 0x800085f0 (0xffb578e3) bgeu    a0, s11, pc - 16
core   0: 3 0x800085f0 (0xffb578e3)
core   0: 0x800085e0 (0x00000013) nop
core   0: 3 0x800085e0 (0x00000013)
core   0: 0x800085e4 (0xffe50513) addi    a0, a0, -2
core   0: 3 0x800085e4 (0xffe50513) x10 0x00000003
core   0: 0x800085e8 (0x2aaf7ab7) lui     s5, 0x2aaf7
core   0: 3 0x800085e8 (0x2aaf7ab7) x21 0x2aaf7000
core   0: 0x800085ec (0x4169d4b3) sra     s1, s3, s6
core   0: 3 0x800085ec (0x4169d4b3) x 9 0x00000001
core   0: 0x800085f0 (0xffb578e3) bgeu    a0, s11, pc - 16
core   0: 3 0x800085f0 (0xffb578e3)
core   0: 0x800085f4 (0xfbe91ce3) bne     s2, t5, pc - 72
core   0: 3 0x800085f4 (0xfbe91ce3)
core   0: 0x800085ac (0xee121717) auipc   a4, 0xee121
core   0: 3 0x800085ac (0xee121717) x14 0x6e1295ac
core   0: 0x800085b0 (0x00190913) addi    s2, s2, 1
core   0: 3 0x800085b0 (0x00190913) x18 0x00000006
core   0: 0x800085b4 (0xfd8bb037) lui     zero, 0xfd8bb
core   0: 3 0x800085b4 (0xfd8bb037)
core   0: 0x800085b8 (0x00900513) li      a0, 9
core   0: 3 0x800085b8 (0x00900513) x10 0x00000009
core   0: 0x800085bc (0x72b27d37) lui     s10, 0x72b27
core   0: 3 0x800085bc (0x72b27d37) x26 0x72b27000
core   0: 0x800085c0 (0x88d24417) auipc   s0, 0x88d24
core   0: 3 0x800085c0 (0x88d24417) x 8 0x08d2c5c0
core   0: 0x800085c4 (0x00400d93) li      s11, 4
core   0: 3 0x800085c4 (0x00400d93) x27 0x00000004
core   0: 0x800085c8 (0xd32a3013) sltiu   zero, s4, -718
core   0: 3 0x800085c8 (0xd32a3013)
core   0: 0x800085cc (0x00cae6b3) or      a3, s5, a2
core   0: 3 0x800085cc (0x00cae6b3) x13 0xaaaf7e64
core   0: 0x800085d0 (0xe8cb2297) auipc   t0, 0xe8cb2
core   0: 3 0x800085d0 (0xe8cb2297) x 5 0x68cba5d0
core   0: 0x800085d4 (0x00e4c3b3) xor     t2, s1, a4
core   0: 3 0x800085d4 (0x00e4c3b3) x 7 0x6e1295ad
core   0: 0x800085d8 (0x41565b13) srai    s6, a2, 21
core   0: 3 0x800085d8 (0x41565b13) x22 0xfffffc00
core   0: 0x800085dc (0x01cdb2b3) sltu    t0, s11, t3
core   0: 3 0x800085dc (0x01cdb2b3) x 5 0x00000001
core   0: 0x800085e0 (0x00000013) nop
core   0: 3 0x800085e0 (0x00000013)
core   0: 0x800085e4 (0xffe50513) addi    a0, a0, -2
core   0: 3 0x800085e4 (0xffe50513) x10 0x00000007
core   0: 0x800085e8 (0x2aaf7ab7) lui     s5, 0x2aaf7
core   0: 3 0x800085e8 (0x2aaf7ab7) x21 0x2aaf7000
core   0: 0x800085ec (0x4169d4b3) sra     s1, s3, s6
core   0: 3 0x800085ec (0x4169d4b3) x 9 0x00000001
core   0: 0x800085f0 (0xffb578e3) bgeu    a0, s11, pc - 16
core   0: 3 0x800085f0 (0xffb578e3)
core   0: 0x800085e0 (0x00000013) nop
core   0: 3 0x800085e0 (0x00000013)
core   0: 0x800085e4 (0xffe50513) addi    a0, a0, -2
core   0: 3 0x800085e4 (0xffe50513) x10 0x00000005
core   0: 0x800085e8 (0x2aaf7ab7) lui     s5, 0x2aaf7
core   0: 3 0x800085e8 (0x2aaf7ab7) x21 0x2aaf7000
core   0: 0x800085ec (0x4169d4b3) sra     s1, s3, s6
core   0: 3 0x800085ec (0x4169d4b3) x 9 0x00000001
core   0: 0x800085f0 (0xffb578e3) bgeu    a0, s11, pc - 16
core   0: 3 0x800085f0 (0xffb578e3)
core   0: 0x800085e0 (0x00000013) nop
core   0: 3 0x800085e0 (0x00000013)
core   0: 0x800085e4 (0xffe50513) addi    a0, a0, -2
core   0: 3 0x800085e4 (0xffe50513) x10 0x00000003
core   0: 0x800085e8 (0x2aaf7ab7) lui     s5, 0x2aaf7
core   0: 3 0x800085e8 (0x2aaf7ab7) x21 0x2aaf7000
core   0: 0x800085ec (0x4169d4b3) sra     s1, s3, s6
core   0: 3 0x800085ec (0x4169d4b3) x 9 0x00000001
core   0: 0x800085f0 (0xffb578e3) bgeu    a0, s11, pc - 16
core   0: 3 0x800085f0 (0xffb578e3)
core   0: 0x800085f4 (0xfbe91ce3) bne     s2, t5, pc - 72
core   0: 3 0x800085f4 (0xfbe91ce3)
core   0: 0x800085ac (0xee121717) auipc   a4, 0xee121
core   0: 3 0x800085ac (0xee121717) x14 0x6e1295ac
core   0: 0x800085b0 (0x00190913) addi    s2, s2, 1
core   0: 3 0x800085b0 (0x00190913) x18 0x00000007
core   0: 0x800085b4 (0xfd8bb037) lui     zero, 0xfd8bb
core   0: 3 0x800085b4 (0xfd8bb037)
core   0: 0x800085b8 (0x00900513) li      a0, 9
core   0: 3 0x800085b8 (0x00900513) x10 0x00000009
core   0: 0x800085bc (0x72b27d37) lui     s10, 0x72b27
core   0: 3 0x800085bc (0x72b27d37) x26 0x72b27000
core   0: 0x800085c0 (0x88d24417) auipc   s0, 0x88d24
core   0: 3 0x800085c0 (0x88d24417) x 8 0x08d2c5c0
core   0: 0x800085c4 (0x00400d93) li      s11, 4
core   0: 3 0x800085c4 (0x00400d93) x27 0x00000004
core   0: 0x800085c8 (0xd32a3013) sltiu   zero, s4, -718
core   0: 3 0x800085c8 (0xd32a3013)
core   0: 0x800085cc (0x00cae6b3) or      a3, s5, a2
core   0: 3 0x800085cc (0x00cae6b3) x13 0xaaaf7e64
core   0: 0x800085d0 (0xe8cb2297) auipc   t0, 0xe8cb2
core   0: 3 0x800085d0 (0xe8cb2297) x 5 0x68cba5d0
core   0: 0x800085d4 (0x00e4c3b3) xor     t2, s1, a4
core   0: 3 0x800085d4 (0x00e4c3b3) x 7 0x6e1295ad
core   0: 0x800085d8 (0x41565b13) srai    s6, a2, 21
core   0: 3 0x800085d8 (0x41565b13) x22 0xfffffc00
core   0: 0x800085dc (0x01cdb2b3) sltu    t0, s11, t3
core   0: 3 0x800085dc (0x01cdb2b3) x 5 0x00000001
core   0: 0x800085e0 (0x00000013) nop
core   0: 3 0x800085e0 (0x00000013)
core   0: 0x800085e4 (0xffe50513) addi    a0, a0, -2
core   0: 3 0x800085e4 (0xffe50513) x10 0x00000007
core   0: 0x800085e8 (0x2aaf7ab7) lui     s5, 0x2aaf7
core   0: 3 0x800085e8 (0x2aaf7ab7) x21 0x2aaf7000
core   0: 0x800085ec (0x4169d4b3) sra     s1, s3, s6
core   0: 3 0x800085ec (0x4169d4b3) x 9 0x00000001
core   0: 0x800085f0 (0xffb578e3) bgeu    a0, s11, pc - 16
core   0: 3 0x800085f0 (0xffb578e3)
core   0: 0x800085e0 (0x00000013) nop
core   0: 3 0x800085e0 (0x00000013)
core   0: 0x800085e4 (0xffe50513) addi    a0, a0, -2
core   0: 3 0x800085e4 (0xffe50513) x10 0x00000005
core   0: 0x800085e8 (0x2aaf7ab7) lui     s5, 0x2aaf7
core   0: 3 0x800085e8 (0x2aaf7ab7) x21 0x2aaf7000
core   0: 0x800085ec (0x4169d4b3) sra     s1, s3, s6
core   0: 3 0x800085ec (0x4169d4b3) x 9 0x00000001
core   0: 0x800085f0 (0xffb578e3) bgeu    a0, s11, pc - 16
core   0: 3 0x800085f0 (0xffb578e3)
core   0: 0x800085e0 (0x00000013) nop
core   0: 3 0x800085e0 (0x00000013)
core   0: 0x800085e4 (0xffe50513) addi    a0, a0, -2
core   0: 3 0x800085e4 (0xffe50513) x10 0x00000003
core   0: 0x800085e8 (0x2aaf7ab7) lui     s5, 0x2aaf7
core   0: 3 0x800085e8 (0x2aaf7ab7) x21 0x2aaf7000
core   0: 0x800085ec (0x4169d4b3) sra     s1, s3, s6
core   0: 3 0x800085ec (0x4169d4b3) x 9 0x00000001
core   0: 0x800085f0 (0xffb578e3) bgeu    a0, s11, pc - 16
core   0: 3 0x800085f0 (0xffb578e3)
core   0: 0x800085f4 (0xfbe91ce3) bne     s2, t5, pc - 72
core   0: 3 0x800085f4 (0xfbe91ce3)
core   0: 0x800085f8 (0x6085cbb7) lui     s7, 0x6085c
core   0: 3 0x800085f8 (0x6085cbb7) x23 0x6085c000
core   0: 0x800085fc (0x044e9063) bne     t4, tp, pc + 64
core   0: 3 0x800085fc (0x044e9063)
core   0: 0x8000863c (0x6f546f93) ori     t6, s0, 1781
core   0: 3 0x8000863c (0x6f546f93) x31 0x08d2c7f5
core   0: 0x80008640 (0x410ed693) srai    a3, t4, 16
core   0: 3 0x80008640 (0x410ed693) x13 0xffffe24d
core   0: 0x80008644 (0x01e2ebb3) or      s7, t0, t5
core   0: 3 0x80008644 (0x01e2ebb3) x23 0x00000007
core   0: 0x80008648 (0x009110b3) sll     ra, sp, s1
core   0: 3 0x80008648 (0x009110b3) x 1 0x000519c8
core   0: 0x8000864c (0x01120eb3) add     t4, tp, a7
core   0: 3 0x8000864c (0x01120eb3) x29 0x61209121
core   0: 0x80008650 (0x02fad263) bge     s5, a5, pc + 36
core   0: 3 0x80008650 (0x02fad263)
core   0: 0x80008674 (0xba91f493) andi    s1, gp, -1111
core   0: 3 0x80008674 (0xba91f493) x 9 0x000002a1
core   0: 0x80008678 (0x02a4fe63) bgeu    s1, a0, pc + 60
core   0: 3 0x80008678 (0x02a4fe63)
core   0: 0x800086b4 (0x01963db3) sltu    s11, a2, s9
core   0: 3 0x800086b4 (0x01963db3) x27 0x00000000
core   0: 0x800086b8 (0xfd1d2893) slti    a7, s10, -47
core   0: 3 0x800086b8 (0xfd1d2893) x17 0x00000000
core   0: 0x800086bc (0x96c9a817) auipc   a6, 0x96c9a
core   0: 3 0x800086bc (0x96c9a817) x16 0x16ca26bc
core   0: 0x800086c0 (0x018bc863) blt     s7, s8, pc + 16
core   0: 3 0x800086c0 (0x018bc863)
core   0: 0x800086d0 (0x9eb28c93) addi    s9, t0, -1557
core   0: 3 0x800086d0 (0x9eb28c93) x25 0xfffff9ec
core   0: 0x800086d4 (0x006cda33) srl     s4, s9, t1
core   0: 3 0x800086d4 (0x006cda33) x20 0x0fffff9e
core   0: 0x800086d8 (0x415c5213) srai    tp, s8, 21
core   0: 3 0x800086d8 (0x415c5213) x 4 0x00000000
core   0: 0x800086dc (0x049e6663) bltu    t3, s1, pc + 76
core   0: 3 0x800086dc (0x049e6663)
core   0: 0x800086e0 (0x00a3d8b3) srl     a7, t2, a0
core   0: 3 0x800086e0 (0x00a3d8b3) x17 0x0dc252b5
core   0: 0x800086e4 (0x01039293) slli    t0, t2, 16
core   0: 3 0x800086e4 (0x01039293) x 5 0x95ad0000
core   0: 0x800086e8 (0x018f83b3) add     t2, t6, s8
core   0: 3 0x800086e8 (0x018f83b3) x 7 0x08d2ced5
core   0: 0x800086ec (0x60d18a13) addi    s4, gp, 1549
core   0: 3 0x800086ec (0x60d18a13) x20 0x00000cee
core   0: 0x800086f0 (0x002cfe33) and     t3, s9, sp
core   0: 3 0x800086f0 (0x002cfe33) x28 0x800288e4
core   0: 0x800086f4 (0x2893f393) andi    t2, t2, 649
core   0: 3 0x800086f4 (0x2893f393) x 7 0x00000281
core   0: 0x800086f8 (0x013bb433) sltu    s0, s7, s3
core   0: 3 0x800086f8 (0x013bb433) x 8 0x00000000
core   0: 0x800086fc (0x0052b4b3) sltu    s1, t0, t0
core   0: 3 0x800086fc (0x0052b4b3) x 9 0x00000000
core   0: 0x80008700 (0x00cb47b3) xor     a5, s6, a2
core   0: 3 0x80008700 (0x00cb47b3) x15 0x7ffdb264
core   0: 0x80008704 (0xd5c8f793) andi    a5, a7, -676
core   0: 3 0x80008704 (0xd5c8f793) x15 0x0dc25014
core   0: 0x80008708 (0x0161d233) srl     tp, gp, s6
core   0: 3 0x80008708 (0x0161d233) x 4 0x000006e1
core   0: 0x8000870c (0xb0ee3313) sltiu   t1, t3, -1266
core   0: 3 0x8000870c (0xb0ee3313) x 6 0x00000001
core   0: 0x80008710 (0x007d9713) slli    a4, s11, 7
core   0: 3 0x80008710 (0x007d9713) x14 0x00000000
core   0: 0x80008714 (0x0ff0000f) fence   iorw,iorw
core   0: 3 0x80008714 (0x0ff0000f)
core   0: 0x80008718 (0xec644813) xori    a6, s0, -314
core   0: 3 0x80008718 (0xec644813) x16 0xfffffec6
core   0: 0x8000871c (0x68d85937) lui     s2, 0x68d85
core   0: 3 0x8000871c (0x68d85937) x18 0x68d85000
core   0: 0x80008720 (0x01277663) bgeu    a4, s2, pc + 12
core   0: 3 0x80008720 (0x01277663)
core   0: 0x80008724 (0x41fe06b3) sub     a3, t3, t6
core   0: 3 0x80008724 (0x41fe06b3) x13 0x772fc0ef
core   0: 0x80008728 (0xac6d2313) slti    t1, s10, -1338
core   0: 3 0x80008728 (0xac6d2313) x 6 0x00000000
core   0: 0x8000872c (0x1a474c93) xori    s9, a4, 420
core   0: 3 0x8000872c (0x1a474c93) x25 0x000001a4
core   0: 0x80008730 (0x018d8a33) add     s4, s11, s8
core   0: 3 0x80008730 (0x018d8a33) x20 0x000006e0
core   0: 0x80008734 (0x0ff0000f) fence   iorw,iorw
core   0: 3 0x80008734 (0x0ff0000f)
core   0: 0x80008738 (0x00000013) nop
core   0: 3 0x80008738 (0x00000013)
core   0: 0x8000873c (0x0000100f) fence.i
core   0: 3 0x8000873c (0x0000100f)
core   0: 0x80008740 (0x00c19933) sll     s2, gp, a2
core   0: 3 0x80008740 (0x00c19933) x18 0x00006e10
core   0: 0x80008744 (0x00ed0c63) beq     s10, a4, pc + 24
core   0: 3 0x80008744 (0x00ed0c63)
core   0: 0x80008748 (0x00682ab3) slt     s5, a6, t1
core   0: 3 0x80008748 (0x00682ab3) x21 0x00000001
core   0: 0x8000874c (0x009f8e33) add     t3, t6, s1
core   0: 3 0x8000874c (0x009f8e33) x28 0x08d2c7f5
core   0: 0x80008750 (0x01e8de33) srl     t3, a7, t5
core   0: 3 0x80008750 (0x01e8de33) x28 0x001b84a5
core   0: 0x80008754 (0xa585f313) andi    t1, a1, -1448
core   0: 3 0x80008754 (0xa585f313) x 6 0x80000000
core   0: 0x80008758 (0x013ab8b3) sltu    a7, s5, s3
core   0: 3 0x80008758 (0x013ab8b3) x17 0x00000000
core   0: 0x8000875c (0x00fec1b3) xor     gp, t4, a5
core   0: 3 0x8000875c (0x00fec1b3) x 3 0x6ce2c135
core   0: 0x80008760 (0x014674b3) and     s1, a2, s4
core   0: 3 0x80008760 (0x014674b3) x 9 0x00000660
core   0: 0x80008764 (0x41fb8b33) sub     s6, s7, t6
core   0: 3 0x80008764 (0x41fb8b33) x22 0xf72d3812
core   0: 0x80008768 (0x01b132b3) sltu    t0, sp, s11
core   0: 3 0x80008768 (0x01b132b3) x 5 0x00000000
core   0: 0x8000876c (0x0031a233) slt     tp, gp, gp
core   0: 3 0x8000876c (0x0031a233) x 4 0x00000000
core   0: 0x80008770 (0x0120f6b3) and     a3, ra, s2
core   0: 3 0x80008770 (0x0120f6b3) x13 0x00000800
core   0: 0x80008774 (0x01665393) srli    t2, a2, 22
core   0: 3 0x80008774 (0x01665393) x 7 0x00000200
core   0: 0x80008778 (0x014a64b3) or      s1, s4, s4
core   0: 3 0x80008778 (0x014a64b3) x 9 0x000006e0
core   0: 0x8000877c (0xb2a47a93) andi    s5, s0, -1238
core   0: 3 0x8000877c (0xb2a47a93) x21 0x00000000
core   0: 0x80008780 (0x7f5be013) ori     zero, s7, 2037
core   0: 3 0x80008780 (0x7f5be013)
core   0: 0x80008784 (0x00fec833) xor     a6, t4, a5
core   0: 3 0x80008784 (0x00fec833) x16 0x6ce2c135
core   0: 0x80008788 (0x0ff0000f) fence   iorw,iorw
core   0: 3 0x80008788 (0x0ff0000f)
core   0: 0x8000878c (0x0039b7b3) sltu    a5, s3, gp
core   0: 3 0x8000878c (0x0039b7b3) x15 0x00000001
core   0: 0x80008790 (0x0ff0000f) fence   iorw,iorw
core   0: 3 0x80008790 (0x0ff0000f)
core   0: 0x80008794 (0xabe42313) slti    t1, s0, -1346
core   0: 3 0x80008794 (0xabe42313) x 6 0x00000000
core   0: 0x80008798 (0x016d2533) slt     a0, s10, s6
core   0: 3 0x80008798 (0x016d2533) x10 0x00000000
core   0: 0x8000879c (0x41efd033) sra     zero, t6, t5
core   0: 3 0x8000879c (0x41efd033)
core   0: 0x800087a0 (0x046f0863) beq     t5, t1, pc + 80
core   0: 3 0x800087a0 (0x046f0863)
core   0: 0x800087a4 (0x0150cdb3) xor     s11, ra, s5
core   0: 3 0x800087a4 (0x0150cdb3) x27 0x000519c8
core   0: 0x800087a8 (0xdb543693) sltiu   a3, s0, -587
core   0: 3 0x800087a8 (0xdb543693) x13 0x00000001
core   0: 0x800087ac (0x00fb3433) sltu    s0, s6, a5
core   0: 3 0x800087ac (0x00fb3433) x 8 0x00000000
core   0: 0x800087b0 (0x0081e463) bltu    gp, s0, pc + 8
core   0: 3 0x800087b0 (0x0081e463)
core   0: 0x800087b4 (0x05c3c663) blt     t2, t3, pc + 76
core   0: 3 0x800087b4 (0x05c3c663)
core   0: 0x80008800 (0x4a2c6817) auipc   a6, 0x4a2c6
core   0: 3 0x80008800 (0x4a2c6817) x16 0xca2ce800
core   0: 0x80008804 (0x00549933) sll     s2, s1, t0
core   0: 3 0x80008804 (0x00549933) x18 0x000006e0
core   0: 0x80008808 (0x410fd493) srai    s1, t6, 16
core   0: 3 0x80008808 (0x410fd493) x 9 0x000008d2
core   0: 0x8000880c (0x01d60d33) add     s10, a2, t4
core   0: 3 0x8000880c (0x01d60d33) x26 0xe122df85
core   0: 0x80008810 (0x0ff0000f) fence   iorw,iorw
core   0: 3 0x80008810 (0x0ff0000f)
core   0: 0x80008814 (0x4165dd93) srai    s11, a1, 22
core   0: 3 0x80008814 (0x4165dd93) x27 0xfffffe00
core   0: 0x80008818 (0x005c5663) bge     s8, t0, pc + 12
core   0: 3 0x80008818 (0x005c5663)
core   0: 0x80008824 (0x40e25493) srai    s1, tp, 14
core   0: 3 0x80008824 (0x40e25493) x 9 0x00000000
core   0: 0x80008828 (0x5fe62337) lui     t1, 0x5fe62
core   0: 3 0x80008828 (0x5fe62337) x 6 0x5fe62000
core   0: 0x8000882c (0x4040d793) srai    a5, ra, 4
core   0: 3 0x8000882c (0x4040d793) x15 0x0000519c
core   0: 0x80008830 (0x02588e63) beq     a7, t0, pc + 60
core   0: 3 0x80008830 (0x02588e63)
core   0: 0x8000886c (0x0000100f) fence.i
core   0: 3 0x8000886c (0x0000100f)
core   0: 0x80008870 (0xdad64c13) xori    s8, a2, -595
core   0: 3 0x80008870 (0xdad64c13) x24 0x7ffdb3c9
core   0: 0x80008874 (0x004c6f33) or      t5, s8, tp
core   0: 3 0x80008874 (0x004c6f33) x30 0x7ffdb3c9
core   0: 0x80008878 (0x0000100f) fence.i
core   0: 3 0x80008878 (0x0000100f)
core   0: 0x8000887c (0x00b48833) add     a6, s1, a1
core   0: 3 0x8000887c (0x00b48833) x16 0x80000000
core   0: 0x80008880 (0xb41df013) andi    zero, s11, -1215
core   0: 3 0x80008880 (0xb41df013)
core   0: 0x80008884 (0x0162f7b3) and     a5, t0, s6
core   0: 3 0x80008884 (0x0162f7b3) x15 0x00000000
core   0: 0x80008888 (0x0188fe63) bgeu    a7, s8, pc + 28
core   0: 3 0x80008888 (0x0188fe63)
core   0: 0x8000888c (0x000793b3) sll     t2, a5, zero
core   0: 3 0x8000888c (0x000793b3) x 7 0x00000000
core   0: 0x80008890 (0x10cf4e93) xori    t4, t5, 268
core   0: 3 0x80008890 (0x10cf4e93) x29 0x7ffdb2c5
core   0: 0x80008894 (0x013b2433) slt     s0, s6, s3
core   0: 3 0x80008894 (0x013b2433) x 8 0x00000001
core   0: 0x80008898 (0x006f7e63) bgeu    t5, t1, pc + 28
core   0: 3 0x80008898 (0x006f7e63)
core   0: 0x800088b4 (0x02dc6663) bltu    s8, a3, pc + 44
core   0: 3 0x800088b4 (0x02dc6663)
core   0: 0x800088b8 (0xf00da813) slti    a6, s11, -256
core   0: 3 0x800088b8 (0xf00da813) x16 0x00000001
core   0: 0x800088bc (0x007118b3) sll     a7, sp, t2
core   0: 3 0x800088bc (0x007118b3) x17 0x80028ce4
core   0: 0x800088c0 (0x00000013) nop
core   0: 3 0x800088c0 (0x00000013)
core   0: 0x800088c4 (0x00befbb3) and     s7, t4, a1
core   0: 3 0x800088c4 (0x00befbb3) x23 0x00000000
core   0: 0x800088c8 (0x5fc07993) andi    s3, zero, 1532
core   0: 3 0x800088c8 (0x5fc07993) x19 0x00000000
core   0: 0x800088cc (0x007084b3) add     s1, ra, t2
core   0: 3 0x800088cc (0x007084b3) x 9 0x000519c8
core   0: 0x800088d0 (0x029d9e63) bne     s11, s1, pc + 60
core   0: 3 0x800088d0 (0x029d9e63)
core   0: 0x8000890c (0x01ba2d33) slt     s10, s4, s11
core   0: 3 0x8000890c (0x01ba2d33) x26 0x00000000
core   0: 0x80008910 (0xe8387293) andi    t0, a6, -381
core   0: 3 0x80008910 (0xe8387293) x 5 0x00000001
core   0: 0x80008914 (0x0127c863) blt     a5, s2, pc + 16
core   0: 3 0x80008914 (0x0127c863)
core   0: 0x80008924 (0xb8372013) slti    zero, a4, -1149
core   0: 3 0x80008924 (0xb8372013)
core   0: 0x80008928 (0x0ff0000f) fence   iorw,iorw
core   0: 3 0x80008928 (0x0ff0000f)
core   0: 0x8000892c (0x00000013) nop
core   0: 3 0x8000892c (0x00000013)
core   0: 0x80008930 (0x41f30333) sub     t1, t1, t6
core   0: 3 0x80008930 (0x41f30333) x 6 0x5713580b
core   0: 0x80008934 (0x40fe56b3) sra     a3, t3, a5
core   0: 3 0x80008934 (0x40fe56b3) x13 0x001b84a5
core   0: 0x80008938 (0x00000013) nop
core   0: 3 0x80008938 (0x00000013)
core   0: 0x8000893c (0x05620063) beq     tp, s6, pc + 64
core   0: 3 0x8000893c (0x05620063)
core   0: 0x80008940 (0x3eb78713) addi    a4, a5, 1003
core   0: 3 0x80008940 (0x3eb78713) x14 0x000003eb
core   0: 0x80008944 (0x00995033) srl     zero, s2, s1
core   0: 3 0x80008944 (0x00995033)
core   0: 0x80008948 (0x007f34b3) sltu    s1, t5, t2
core   0: 3 0x80008948 (0x007f34b3) x 9 0x00000000
core   0: 0x8000894c (0x213ab797) auipc   a5, 0x213ab
core   0: 3 0x8000894c (0x213ab797) x15 0xa13b394c
core   0: 0x80008950 (0xa2e94493) xori    s1, s2, -1490
core   0: 3 0x80008950 (0xa2e94493) x 9 0xfffffcce
core   0: 0x80008954 (0x00263cb3) sltu    s9, a2, sp
core   0: 3 0x80008954 (0x00263cb3) x25 0x00000001
core   0: 0x80008958 (0x4091dfb3) sra     t6, gp, s1
core   0: 3 0x80008958 (0x4091dfb3) x31 0x0001b38b
core   0: 0x8000895c (0x0105d3b3) srl     t2, a1, a6
core   0: 3 0x8000895c (0x0105d3b3) x 7 0x40000000
core   0: 0x80008960 (0x00231f13) slli    t5, t1, 2
core   0: 3 0x80008960 (0x00231f13) x30 0x5c4d602c
core   0: 0x80008964 (0x0ff0000f) fence   iorw,iorw
core   0: 3 0x80008964 (0x0ff0000f)
core   0: 0x80008968 (0x05689263) bne     a7, s6, pc + 68
core   0: 3 0x80008968 (0x05689263)
core   0: 0x800089ac (0x047c4263) blt     s8, t2, pc + 68
core   0: 3 0x800089ac (0x047c4263)
core   0: 0x800089b0 (0x00000013) nop
core   0: 3 0x800089b0 (0x00000013)
core   0: 0x800089b4 (0x0000100f) fence.i
core   0: 3 0x800089b4 (0x0000100f)
core   0: 0x800089b8 (0xfa477393) andi    t2, a4, -92
core   0: 3 0x800089b8 (0xfa477393) x 7 0x000003a0
core   0: 0x800089bc (0x00f3bf33) sltu    t5, t2, a5
core   0: 3 0x800089bc (0x00f3bf33) x30 0x00000001
core   0: 0x800089c0 (0x016a5313) srli    t1, s4, 22
core   0: 3 0x800089c0 (0x016a5313) x 6 0x00000000
core   0: 0x800089c4 (0x00000013) nop
core   0: 3 0x800089c4 (0x00000013)
core   0: 0x800089c8 (0x34b0cb93) xori    s7, ra, 843
core   0: 3 0x800089c8 (0x34b0cb93) x23 0x00051a83
core   0: 0x800089cc (0x57d50193) addi    gp, a0, 1405
core   0: 3 0x800089cc (0x57d50193) x 3 0x0000057d
core   0: 0x800089d0 (0x0017de93) srli    t4, a5, 1
core   0: 3 0x800089d0 (0x0017de93) x29 0x509d9ca6
core   0: 0x800089d4 (0x019cde33) srl     t3, s9, s9
core   0: 3 0x800089d4 (0x019cde33) x28 0x00000000
core   0: 0x800089d8 (0x04fe1663) bne     t3, a5, pc + 76
core   0: 3 0x800089d8 (0x04fe1663)
core   0: 0x80008a24 (0x00117c33) and     s8, sp, ra
core   0: 3 0x80008a24 (0x00117c33) x24 0x000008c0
core   0: 0x80008a28 (0x4011deb3) sra     t4, gp, ra
core   0: 3 0x80008a28 (0x4011deb3) x29 0x00000005
core   0: 0x80008a2c (0x00000013) nop
core   0: 3 0x80008a2c (0x00000013)
core   0: 0x80008a30 (0x008d7a63) bgeu    s10, s0, pc + 20
core   0: 3 0x80008a30 (0x008d7a63)
core   0: 0x80008a34 (0xd7cf0f93) addi    t6, t5, -644
core   0: 3 0x80008a34 (0xd7cf0f93) x31 0xfffffd7d
core   0: 0x80008a38 (0x634ae193) ori     gp, s5, 1588
core   0: 3 0x80008a38 (0x634ae193) x 3 0x00000634
core   0: 0x80008a3c (0x33e93c13) sltiu   s8, s2, 830
core   0: 3 0x80008a3c (0x33e93c13) x24 0x00000000
core   0: 0x80008a40 (0x64b8a713) slti    a4, a7, 1611
core   0: 3 0x80008a40 (0x64b8a713) x14 0x00000001
core   0: 0x80008a44 (0x00c01493) slli    s1, zero, 12
core   0: 3 0x80008a44 (0x00c01493) x 9 0x00000000
core   0: 0x80008a48 (0x49b2eb17) auipc   s6, 0x49b2e
core   0: 3 0x80008a48 (0x49b2eb17) x22 0xc9b36a48
core   0: 0x80008a4c (0x00e68863) beq     a3, a4, pc + 16
core   0: 3 0x80008a4c (0x00e68863)
core   0: 0x80008a50 (0x00444cb3) xor     s9, s0, tp
core   0: 3 0x80008a50 (0x00444cb3) x25 0x00000001
core   0: 0x80008a54 (0x019a9863) bne     s5, s9, pc + 16
core   0: 3 0x80008a54 (0x019a9863)
core   0: 0x80008a64 (0x0366de63) bge     a3, s6, pc + 60
core   0: 3 0x80008a64 (0x0366de63)
core   0: 0x80008aa0 (0x4c6e8c17) auipc   s8, 0x4c6e8
core   0: 3 0x80008aa0 (0x4c6e8c17) x24 0xcc6f0aa0
core   0: 0x80008aa4 (0x00b6af33) slt     t5, a3, a1
core   0: 3 0x80008aa4 (0x00b6af33) x30 0x00000000
core   0: 0x80008aa8 (0x1d95aa13) slti    s4, a1, 473
core   0: 3 0x80008aa8 (0x1d95aa13) x20 0x00000001
core   0: 0x80008aac (0x01bc61b3) or      gp, s8, s11
core   0: 3 0x80008aac (0x01bc61b3) x 3 0xfffffea0
core   0: 0x80008ab0 (0x0000100f) fence.i
core   0: 3 0x80008ab0 (0x0000100f)
core   0: 0x80008ab4 (0x009dd193) srli    gp, s11, 9
core   0: 3 0x80008ab4 (0x009dd193) x 3 0x007fffff
core   0: 0x80008ab8 (0xba8e2697) auipc   a3, 0xba8e2
core   0: 3 0x80008ab8 (0xba8e2697) x13 0x3a8eaab8
core   0: 0x80008abc (0x43430f13) addi    t5, t1, 1076
core   0: 3 0x80008abc (0x43430f13) x30 0x00000434
core   0: 0x80008ac0 (0x4129db93) srai    s7, s3, 18
core   0: 3 0x80008ac0 (0x4129db93) x23 0x00000000
core   0: 0x80008ac4 (0x00000013) nop
core   0: 3 0x80008ac4 (0x00000013)
core   0: 0x80008ac8 (0x0093c433) xor     s0, t2, s1
core   0: 3 0x80008ac8 (0x0093c433) x 8 0x000003a0
core   0: 0x80008acc (0x017b5463) bge     s6, s7, pc + 8
core   0: 3 0x80008acc (0x017b5463)
core   0: 0x80008ad0 (0x30f88913) addi    s2, a7, 783
core   0: 3 0x80008ad0 (0x30f88913) x18 0x80028ff3
core   0: 0x80008ad4 (0x007bde63) bge     s7, t2, pc + 28
core   0: 3 0x80008ad4 (0x007bde63)
core   0: 0x80008ad8 (0x0ff0000f) fence   iorw,iorw
core   0: 3 0x80008ad8 (0x0ff0000f)
core   0: 0x80008adc (0x01b046b3) xor     a3, zero, s11
core   0: 3 0x80008adc (0x01b046b3) x13 0xfffffe00
core   0: 0x80008ae0 (0x81aecd93) xori    s11, t4, -2022
core   0: 3 0x80008ae0 (0x81aecd93) x27 0xfffff81f
core   0: 0x80008ae4 (0x1a9cbb93) sltiu   s7, s9, 425
core   0: 3 0x80008ae4 (0x1a9cbb93) x23 0x00000001
core   0: 0x80008ae8 (0x000c31b3) sltu    gp, s8, zero
core   0: 3 0x80008ae8 (0x000c31b3) x 3 0x00000000
core   0: 0x80008aec (0xc5788c13) addi    s8, a7, -937
core   0: 3 0x80008aec (0xc5788c13) x24 0x8002893b
core   0: 0x80008af0 (0x669ee213) ori     tp, t4, 1641
core   0: 3 0x80008af0 (0x669ee213) x 4 0x0000066d
core   0: 0x80008af4 (0x40445933) sra     s2, s0, tp
core   0: 3 0x80008af4 (0x40445933) x18 0x00000000
core   0: 0x80008af8 (0x40d7d333) sra     t1, a5, a3
core   0: 3 0x80008af8 (0x40d7d333) x 6 0xa13b394c
core   0: 0x80008afc (0x05fcc263) blt     s9, t6, pc + 68
core   0: 3 0x80008afc (0x05fcc263)
core   0: 0x80008b00 (0x828d4537) lui     a0, 0x828d4
core   0: 3 0x80008b00 (0x828d4537) x10 0x828d4000
core   0: 0x80008b04 (0xb58c8a37) lui     s4, 0xb58c8
core   0: 3 0x80008b04 (0xb58c8a37) x20 0xb58c8000
core   0: 0x80008b08 (0x01010663) beq     sp, a6, pc + 12
core   0: 3 0x80008b08 (0x01010663)
core   0: 0x80008b0c (0x01695b33) srl     s6, s2, s6
core   0: 3 0x80008b0c (0x01695b33) x22 0x00000000
core   0: 0x80008b10 (0x0ff0000f) fence   iorw,iorw
core   0: 3 0x80008b10 (0x0ff0000f)
core   0: 0x80008b14 (0x0000100f) fence.i
core   0: 3 0x80008b14 (0x0000100f)
core   0: 0x80008b18 (0x0ff0000f) fence   iorw,iorw
core   0: 3 0x80008b18 (0x0ff0000f)
core   0: 0x80008b1c (0xec3c6d13) ori     s10, s8, -317
core   0: 3 0x80008b1c (0xec3c6d13) x26 0xfffffffb
core   0: 0x80008b20 (0x00a41263) bne     s0, a0, pc + 4
core   0: 3 0x80008b20 (0x00a41263)
core   0: 0x80008b24 (0x96fc4e13) xori    t3, s8, -1681
core   0: 3 0x80008b24 (0x96fc4e13) x28 0x7ffd7054
core   0: 0x80008b28 (0x05290663) beq     s2, s2, pc + 76
core   0: 3 0x80008b28 (0x05290663)
core   0: 0x80008b74 (0x406ed393) srai    t2, t4, 6
core   0: 3 0x80008b74 (0x406ed393) x 7 0x00000000
core   0: 0x80008b78 (0x00d01e93) slli    t4, zero, 13
core   0: 3 0x80008b78 (0x00d01e93) x29 0x00000000
core   0: 0x80008b7c (0x00000013) nop
core   0: 3 0x80008b7c (0x00000013)
core   0: 0x80008b80 (0x0131b233) sltu    tp, gp, s3
core   0: 3 0x80008b80 (0x0131b233) x 4 0x00000000
core   0: 0x80008b84 (0x00e71e13) slli    t3, a4, 14
core   0: 3 0x80008b84 (0x00e71e13) x28 0x00004000
core   0: 0x80008b88 (0x41a108b3) sub     a7, sp, s10
core   0: 3 0x80008b88 (0x41a108b3) x17 0x80028ce9
core   0: 0x80008b8c (0x010e0a63) beq     t3, a6, pc + 20
core   0: 3 0x80008b8c (0x010e0a63)
core   0: 0x80008b90 (0x0ff0000f) fence   iorw,iorw
core   0: 3 0x80008b90 (0x0ff0000f)
core   0: 0x80008b94 (0x41058d33) sub     s10, a1, a6
core   0: 3 0x80008b94 (0x41058d33) x26 0x7fffffff
core   0: 0x80008b98 (0xc593a993) slti    s3, t2, -935
core   0: 3 0x80008b98 (0xc593a993) x19 0x00000000
core   0: 0x80008b9c (0x054f7863) bgeu    t5, s4, pc + 80
core   0: 3 0x80008b9c (0x054f7863)
core   0: 0x80008ba0 (0x0467c663) blt     a5, t1, pc + 76
core   0: 3 0x80008ba0 (0x0467c663)
core   0: 0x80008ba4 (0x2656e693) ori     a3, a3, 613
core   0: 3 0x80008ba4 (0x2656e693) x13 0xfffffe65
core   0: 0x80008ba8 (0x6dc34297) auipc   t0, 0x6dc34
core   0: 3 0x80008ba8 (0x6dc34297) x 5 0xedc3cba8
core   0: 0x80008bac (0x007337b3) sltu    a5, t1, t2
core   0: 3 0x80008bac (0x007337b3) x15 0x00000000
core   0: 0x80008bb0 (0x015d5193) srli    gp, s10, 21
core   0: 3 0x80008bb0 (0x015d5193) x 3 0x000003ff
core   0: 0x80008bb4 (0x01b9e733) or      a4, s3, s11
core   0: 3 0x80008bb4 (0x01b9e733) x14 0xfffff81f
core   0: 0x80008bb8 (0x011246b3) xor     a3, tp, a7
core   0: 3 0x80008bb8 (0x011246b3) x13 0x80028ce9
core   0: 0x80008bbc (0xdcebc313) xori    t1, s7, -562
core   0: 3 0x80008bbc (0xdcebc313) x 6 0xfffffdcf
core   0: 0x80008bc0 (0x011a5533) srl     a0, s4, a7
core   0: 3 0x80008bc0 (0x011a5533) x10 0x005ac640
core   0: 0x80008bc4 (0x014b74b3) and     s1, s6, s4
core   0: 3 0x80008bc4 (0x014b74b3) x 9 0x00000000
core   0: 0x80008bc8 (0x0ff0000f) fence   iorw,iorw
core   0: 3 0x80008bc8 (0x0ff0000f)
core   0: 0x80008bcc (0x414e8e33) sub     t3, t4, s4
core   0: 3 0x80008bcc (0x414e8e33) x28 0x4a738000
core   0: 0x80008bd0 (0x00d3c2b3) xor     t0, t2, a3
core   0: 3 0x80008bd0 (0x00d3c2b3) x 5 0x80028ce9
core   0: 0x80008bd4 (0x0069fc63) bgeu    s3, t1, pc + 24
core   0: 3 0x80008bd4 (0x0069fc63)
core   0: 0x80008bd8 (0xa4936197) auipc   gp, 0xa4936
core   0: 3 0x80008bd8 (0xa4936197) x 3 0x2493ebd8
core   0: 0x80008bdc (0x011ac033) xor     zero, s5, a7
core   0: 3 0x80008bdc (0x011ac033)
core   0: 0x80008be0 (0x0013d7b3) srl     a5, t2, ra
core   0: 3 0x80008be0 (0x0013d7b3) x15 0x00000000
core   0: 0x80008be4 (0x00bcdc93) srli    s9, s9, 11
core   0: 3 0x80008be4 (0x00bcdc93) x25 0x00000000
core   0: 0x80008be8 (0x01f41733) sll     a4, s0, t6
core   0: 3 0x80008be8 (0x01f41733) x14 0x00000000
core   0: 0x80008bec (0x9cc18413) addi    s0, gp, -1588
core   0: 3 0x80008bec (0x9cc18413) x 8 0x2493e5a4
core   0: 0x80008bf0 (0x05d34663) blt     t1, t4, pc + 76
core   0: 3 0x80008bf0 (0x05d34663)
core   0: 0x80008c3c (0x09f14c63) blt     sp, t6, pc + 152
core   0: 3 0x80008c3c (0x09f14c63)
core   0: 0x80008cd4 (0x04d38663) beq     t2, a3, pc + 76
core   0: 3 0x80008cd4 (0x04d38663)
core   0: 0x80008cd8 (0xa7052013) slti    zero, a0, -1424
core   0: 3 0x80008cd8 (0xa7052013)
core   0: 0x80008cdc (0x01789c63) bne     a7, s7, pc + 24
core   0: 3 0x80008cdc (0x01789c63)
core   0: 0x80008cf4 (0x41ca5d93) srai    s11, s4, 28
core   0: 3 0x80008cf4 (0x41ca5d93) x27 0xfffffffb
core   0: 0x80008cf8 (0x40925f33) sra     t5, tp, s1
core   0: 3 0x80008cf8 (0x40925f33) x30 0x00000000
core   0: 0x80008cfc (0x003c29b3) slt     s3, s8, gp
core   0: 3 0x80008cfc (0x003c29b3) x19 0x00000001
core   0: 0x80008d00 (0x00ca1c13) slli    s8, s4, 12
core   0: 3 0x80008d00 (0x00ca1c13) x24 0xc8000000
core   0: 0x80008d04 (0x012a3fb3) sltu    t6, s4, s2
core   0: 3 0x80008d04 (0x012a3fb3) x31 0x00000000
core   0: 0x80008d08 (0x000b8e63) beqz    s7, pc + 28
core   0: 3 0x80008d08 (0x000b8e63)
core   0: 0x80008d0c (0x2d0c7013) andi    zero, s8, 720
core   0: 3 0x80008d0c (0x2d0c7013)
core   0: 0x80008d10 (0x04ab9663) bne     s7, a0, pc + 76
core   0: 3 0x80008d10 (0x04ab9663)
core   0: 0x80008d5c (0x02589e63) bne     a7, t0, pc + 60
core   0: 3 0x80008d5c (0x02589e63)
core   0: 0x80008d60 (0x4122d333) sra     t1, t0, s2
core   0: 3 0x80008d60 (0x4122d333) x 6 0x80028ce9
core   0: 0x80008d64 (0x16318eb7) lui     t4, 0x16318
core   0: 3 0x80008d64 (0x16318eb7) x29 0x16318000
core   0: 0x80008d68 (0x0000100f) fence.i
core   0: 3 0x80008d68 (0x0000100f)
core   0: 0x80008d6c (0x40d057b3) sra     a5, zero, a3
core   0: 3 0x80008d6c (0x40d057b3) x15 0x00000000
core   0: 0x80008d70 (0x402304b3) sub     s1, t1, sp
core   0: 3 0x80008d70 (0x402304b3) x 9 0x00000005
core   0: 0x80008d74 (0x05157263) bgeu    a0, a7, pc + 68
core   0: 3 0x80008d74 (0x05157263)
core   0: 0x80008d78 (0x04bd7863) bgeu    s10, a1, pc + 80
core   0: 3 0x80008d78 (0x04bd7863)
core   0: 0x80008d7c (0x00b373b3) and     t2, t1, a1
core   0: 3 0x80008d7c (0x00b373b3) x 7 0x80000000
core   0: 0x80008d80 (0x00cfdc93) srli    s9, t6, 12
core   0: 3 0x80008d80 (0x00cfdc93) x25 0x00000000
core   0: 0x80008d84 (0x83fbacb7) lui     s9, 0x83fba
core   0: 3 0x80008d84 (0x83fbacb7) x25 0x83fba000
core   0: 0x80008d88 (0x01244eb3) xor     t4, s0, s2
core   0: 3 0x80008d88 (0x01244eb3) x29 0x2493e5a4
core   0: 0x80008d8c (0x0ff0000f) fence   iorw,iorw
core   0: 3 0x80008d8c (0x0ff0000f)
core   0: 0x80008d90 (0x04675663) bge     a4, t1, pc + 76
core   0: 3 0x80008d90 (0x04675663)
core   0: 0x80008ddc (0x00f059b3) srl     s3, zero, a5
core   0: 3 0x80008ddc (0x00f059b3) x19 0x00000000
core   0: 0x80008de0 (0x01a86663) bltu    a6, s10, pc + 12
core   0: 3 0x80008de0 (0x01a86663)
core   0: 0x80008dec (0x02cfc263) blt     t6, a2, pc + 36
core   0: 3 0x80008dec (0x02cfc263)
core   0: 0x80008df0 (0x019ff933) and     s2, t6, s9
core   0: 3 0x80008df0 (0x019ff933) x18 0x00000000
core   0: 0x80008df4 (0x25050513) addi    a0, a0, 592
core   0: 3 0x80008df4 (0x25050513) x10 0x005ac890
core   0: 0x80008df8 (0x41cfda33) sra     s4, t6, t3
core   0: 3 0x80008df8 (0x41cfda33) x20 0x00000000
core   0: 0x80008dfc (0x00ee1663) bne     t3, a4, pc + 12
core   0: 3 0x80008dfc (0x00ee1663)
core   0: 0x80008e08 (0x013710b3) sll     ra, a4, s3
core   0: 3 0x80008e08 (0x013710b3) x 1 0x00000000
core   0: 0x80008e0c (0x18affeb7) lui     t4, 0x18aff
core   0: 3 0x80008e0c (0x18affeb7) x29 0x18aff000
core   0: 0x80008e10 (0x000ac533) xor     a0, s5, zero
core   0: 3 0x80008e10 (0x000ac533) x10 0x00000000
core   0: 0x80008e14 (0xf3597993) andi    s3, s2, -203
core   0: 3 0x80008e14 (0xf3597993) x19 0x00000000
core   0: 0x80008e18 (0xb73b51b7) lui     gp, 0xb73b5
core   0: 3 0x80008e18 (0xb73b51b7) x 3 0xb73b5000
core   0: 0x80008e1c (0x00db8263) beq     s7, a3, pc + 4
core   0: 3 0x80008e1c (0x00db8263)
core   0: 0x80008e20 (0x679cb513) sltiu   a0, s9, 1657
core   0: 3 0x80008e20 (0x679cb513) x10 0x00000000
core   0: 0x80008e24 (0x008cdd33) srl     s10, s9, s0
core   0: 3 0x80008e24 (0x008cdd33) x26 0x083fba00
core   0: 0x80008e28 (0x0000100f) fence.i
core   0: 3 0x80008e28 (0x0000100f)
core   0: 0x80008e2c (0x012a9013) slli    zero, s5, 18
core   0: 3 0x80008e2c (0x012a9013)
core   0: 0x80008e30 (0x0000100f) fence.i
core   0: 3 0x80008e30 (0x0000100f)
core   0: 0x80008e34 (0x0ff0000f) fence   iorw,iorw
core   0: 3 0x80008e34 (0x0ff0000f)
core   0: 0x80008e38 (0x404cd313) srai    t1, s9, 4
core   0: 3 0x80008e38 (0x404cd313) x 6 0xf83fba00
core   0: 0x80008e3c (0x018d68b3) or      a7, s10, s8
core   0: 3 0x80008e3c (0x018d68b3) x17 0xc83fba00
core   0: 0x80008e40 (0xcc2b0313) addi    t1, s6, -830
core   0: 3 0x80008e40 (0xcc2b0313) x 6 0xfffffcc2
core   0: 0x80008e44 (0x8e0c2993) slti    s3, s8, -1824
core   0: 3 0x80008e44 (0x8e0c2993) x19 0x00000001
core   0: 0x80008e48 (0xbfd07a37) lui     s4, 0xbfd07
core   0: 3 0x80008e48 (0xbfd07a37) x20 0xbfd07000
core   0: 0x80008e4c (0x2be14037) lui     zero, 0x2be14
core   0: 3 0x80008e4c (0x2be14037)
core   0: 0x80008e50 (0x03438e63) beq     t2, s4, pc + 60
core   0: 3 0x80008e50 (0x03438e63)
core   0: 0x80008e54 (0x0000100f) fence.i
core   0: 3 0x80008e54 (0x0000100f)
core   0: 0x80008e58 (0x5e5a5197) auipc   gp, 0x5e5a5
core   0: 3 0x80008e58 (0x5e5a5197) x 3 0xde5ade58
core   0: 0x80008e5c (0x015ada63) bge     s5, s5, pc + 20
core   0: 3 0x80008e5c (0x015ada63)
core   0: 0x80008e70 (0x0156d813) srli    a6, a3, 21
core   0: 3 0x80008e70 (0x0156d813) x16 0x00000400
core   0: 0x80008e74 (0x005be663) bltu    s7, t0, pc + 12
core   0: 3 0x80008e74 (0x005be663)
core   0: 0x80008e80 (0x00379863) bne     a5, gp, pc + 16
core   0: 3 0x80008e80 (0x00379863)
core   0: 0x80008e90 (0x7c120313) addi    t1, tp, 1985
core   0: 3 0x80008e90 (0x7c120313) x 6 0x000007c1
core   0: 0x80008e94 (0x43e35bb7) lui     s7, 0x43e35
core   0: 3 0x80008e94 (0x43e35bb7) x23 0x43e35000
core   0: 0x80008e98 (0x5f1f7213) andi    tp, t5, 1521
core   0: 3 0x80008e98 (0x5f1f7213) x 4 0x00000000
core   0: 0x80008e9c (0x01239c63) bne     t2, s2, pc + 24
core   0: 3 0x80008e9c (0x01239c63)
core   0: 0x80008eb4 (0x004529b3) slt     s3, a0, tp
core   0: 3 0x80008eb4 (0x004529b3) x19 0x00000000
core   0: 0x80008eb8 (0x0000100f) fence.i
core   0: 3 0x80008eb8 (0x0000100f)
core   0: 0x80008ebc (0x36367293) andi    t0, a2, 867
core   0: 3 0x80008ebc (0x36367293) x 5 0x00000260
core   0: 0x80008ec0 (0x007c8c63) beq     s9, t2, pc + 24
core   0: 3 0x80008ec0 (0x007c8c63)
core   0: 0x80008ec4 (0xc59f6013) ori     zero, t5, -935
core   0: 3 0x80008ec4 (0xc59f6013)
core   0: 0x80008ec8 (0x00aa8333) add     t1, s5, a0
core   0: 3 0x80008ec8 (0x00aa8333) x 6 0x00000000
core   0: 0x80008ecc (0x0000100f) fence.i
core   0: 3 0x80008ecc (0x0000100f)
core   0: 0x80008ed0 (0x04c3d663) bge     t2, a2, pc + 76
core   0: 3 0x80008ed0 (0x04c3d663)
core   0: 0x80008ed4 (0x00375533) srl     a0, a4, gp
core   0: 3 0x80008ed4 (0x00375533) x10 0x00000000
core   0: 0x80008ed8 (0x40200c33) sub     s8, zero, sp
core   0: 3 0x80008ed8 (0x40200c33) x24 0x7ffd731c
core   0: 0x80008edc (0x0ff0000f) fence   iorw,iorw
core   0: 3 0x80008edc (0x0ff0000f)
core   0: 0x80008ee0 (0x018a2bb3) slt     s7, s4, s8
core   0: 3 0x80008ee0 (0x018a2bb3) x23 0x00000001
core   0: 0x80008ee4 (0xbf53ad37) lui     s10, 0xbf53a
core   0: 3 0x80008ee4 (0xbf53ad37) x26 0xbf53a000
core   0: 0x80008ee8 (0x931a2713) slti    a4, s4, -1743
core   0: 3 0x80008ee8 (0x931a2713) x14 0x00000001
core   0: 0x80008eec (0x0182da13) srli    s4, t0, 24
core   0: 3 0x80008eec (0x0182da13) x20 0x00000000
core   0: 0x80008ef0 (0x1ecd6a13) ori     s4, s10, 492
core   0: 3 0x80008ef0 (0x1ecd6a13) x20 0xbf53a1ec
core   0: 0x80008ef4 (0x0ff0000f) fence   iorw,iorw
core   0: 3 0x80008ef4 (0x0ff0000f)
core   0: 0x80008ef8 (0x012c4863) blt     s8, s2, pc + 16
core   0: 3 0x80008ef8 (0x012c4863)
core   0: 0x80008efc (0xd6687937) lui     s2, 0xd6687
core   0: 3 0x80008efc (0xd6687937) x18 0xd6687000
core   0: 0x80008f00 (0x07d68213) addi    tp, a3, 125
core   0: 3 0x80008f00 (0x07d68213) x 4 0x80028d66
core   0: 0x80008f04 (0x0ff0000f) fence   iorw,iorw
core   0: 3 0x80008f04 (0x0ff0000f)
core   0: 0x80008f08 (0xce872197) auipc   gp, 0xce872
core   0: 3 0x80008f08 (0xce872197) x 3 0x4e87af08
core   0: 0x80008f0c (0xc9393f93) sltiu   t6, s2, -877
core   0: 3 0x80008f0c (0xc9393f93) x31 0x00000001
core   0: 0x80008f10 (0x00fb64b3) or      s1, s6, a5
core   0: 3 0x80008f10 (0x00fb64b3) x 9 0x00000000
core   0: 0x80008f14 (0x005b0433) add     s0, s6, t0
core   0: 3 0x80008f14 (0x005b0433) x 8 0x00000260
core   0: 0x80008f18 (0x005ac8b3) xor     a7, s5, t0
core   0: 3 0x80008f18 (0x005ac8b3) x17 0x00000260
core   0: 0x80008f1c (0x0ff0000f) fence   iorw,iorw
core   0: 3 0x80008f1c (0x0ff0000f)
core   0: 0x80008f20 (0x00c0f2b3) and     t0, ra, a2
core   0: 3 0x80008f20 (0x00c0f2b3) x 5 0x00000000
core   0: 0x80008f24 (0x00e76e33) or      t3, a4, a4
core   0: 3 0x80008f24 (0x00e76e33) x28 0x00000001
core   0: 0x80008f28 (0x01b89813) slli    a6, a7, 27
core   0: 3 0x80008f28 (0x01b89813) x16 0x00000000
core   0: 0x80008f2c (0x05c60663) beq     a2, t3, pc + 76
core   0: 3 0x80008f2c (0x05c60663)
core   0: 0x80008f30 (0x1bfe3b93) sltiu   s7, t3, 447
core   0: 3 0x80008f30 (0x1bfe3b93) x23 0x00000001
core   0: 0x80008f34 (0xb01b3c93) sltiu   s9, s6, -1279
core   0: 3 0x80008f34 (0xb01b3c93) x25 0x00000001
core   0: 0x80008f38 (0x01060e33) add     t3, a2, a6
core   0: 3 0x80008f38 (0x01060e33) x28 0x80024e64
core   0: 0x80008f3c (0xab1eb713) sltiu   a4, t4, -1359
core   0: 3 0x80008f3c (0xab1eb713) x14 0x00000001
core   0: 0x80008f40 (0x00645863) bge     s0, t1, pc + 16
core   0: 3 0x80008f40 (0x00645863)
core   0: 0x80008f50 (0x002c5d33) srl     s10, s8, sp
core   0: 3 0x80008f50 (0x002c5d33) x26 0x07ffd731
core   0: 0x80008f54 (0x00f62eb3) slt     t4, a2, a5
core   0: 3 0x80008f54 (0x00f62eb3) x29 0x00000001
core   0: 0x80008f58 (0x2bd13913) sltiu   s2, sp, 701
core   0: 3 0x80008f58 (0x2bd13913) x18 0x00000000
core   0: 0x80008f5c (0xf1053013) sltiu   zero, a0, -240
core   0: 3 0x80008f5c (0xf1053013)
core   0: 0x80008f60 (0x4c53ed93) ori     s11, t2, 1221
core   0: 3 0x80008f60 (0x4c53ed93) x27 0x800004c5
core   0: 0x80008f64 (0x01397433) and     s0, s2, s3
core   0: 3 0x80008f64 (0x01397433) x 8 0x00000000
core   0: 0x80008f68 (0x652e6693) ori     a3, t3, 1618
core   0: 3 0x80008f68 (0x652e6693) x13 0x80024e76
core   0: 0x80008f6c (0x00fcdb93) srli    s7, s9, 15
core   0: 3 0x80008f6c (0x00fcdb93) x23 0x00000000
core   0: 0x80008f70 (0x416682b3) sub     t0, a3, s6
core   0: 3 0x80008f70 (0x416682b3) x 5 0x80024e76
core   0: 0x80008f74 (0x4076dcb3) sra     s9, a3, t2
core   0: 3 0x80008f74 (0x4076dcb3) x25 0x80024e76
core   0: 0x80008f78 (0x0ff0000f) fence   iorw,iorw
core   0: 3 0x80008f78 (0x0ff0000f)
core   0: 0x80008f7c (0x026e8863) beq     t4, t1, pc + 48
core   0: 3 0x80008f7c (0x026e8863)
core   0: 0x80008f80 (0x08b8e093) ori     ra, a7, 139
core   0: 3 0x80008f80 (0x08b8e093) x 1 0x000002eb
core   0: 0x80008f84 (0x00aa2c33) slt     s8, s4, a0
core   0: 3 0x80008f84 (0x00aa2c33) x24 0x00000001
core   0: 0x80008f88 (0x0ff0000f) fence   iorw,iorw
core   0: 3 0x80008f88 (0x0ff0000f)
core   0: 0x80008f8c (0x01d9b533) sltu    a0, s3, t4
core   0: 3 0x80008f8c (0x01d9b533) x10 0x00000001
core   0: 0x80008f90 (0x40b90bb3) sub     s7, s2, a1
core   0: 3 0x80008f90 (0x40b90bb3) x23 0x80000000
core   0: 0x80008f94 (0x55df4c13) xori    s8, t5, 1373
core   0: 3 0x80008f94 (0x55df4c13) x24 0x0000055d
core   0: 0x80008f98 (0xf808ff13) andi    t5, a7, -128
core   0: 3 0x80008f98 (0xf808ff13) x30 0x00000200
core   0: 0x80008f9c (0x003e9993) slli    s3, t4, 3
core   0: 3 0x80008f9c (0x003e9993) x19 0x00000008
core   0: 0x80008fa0 (0x013ba9b3) slt     s3, s7, s3
core   0: 3 0x80008fa0 (0x013ba9b3) x19 0x00000001
core   0: 0x80008fa4 (0x8aa64913) xori    s2, a2, -1878
core   0: 3 0x80008fa4 (0x8aa64913) x18 0x7ffdb6ce
core   0: 0x80008fa8 (0x01a9d7b3) srl     a5, s3, s10
core   0: 3 0x80008fa8 (0x01a9d7b3) x15 0x00000000
core   0: 0x80008fac (0x41e0d433) sra     s0, ra, t5
core   0: 3 0x80008fac (0x41e0d433) x 8 0x000002eb
core   0: 0x80008fb0 (0xbd81bd93) sltiu   s11, gp, -1064
core   0: 3 0x80008fb0 (0xbd81bd93) x27 0x00000001
core   0: 0x80008fb4 (0x0009e1b3) or      gp, s3, zero
core   0: 3 0x80008fb4 (0x0009e1b3) x 3 0x00000001
core   0: 0x80008fb8 (0x001c7333) and     t1, s8, ra
core   0: 3 0x80008fb8 (0x001c7333) x 6 0x00000049
core   0: 0x80008fbc (0x002952b3) srl     t0, s2, sp
core   0: 3 0x80008fbc (0x002952b3) x 5 0x07ffdb6c
core   0: 0x80008fc0 (0x6d946813) ori     a6, s0, 1753
core   0: 3 0x80008fc0 (0x6d946813) x16 0x000006fb
core   0: 0x80008fc4 (0x95610697) auipc   a3, 0x95610
core   0: 3 0x80008fc4 (0x95610697) x13 0x15618fc4
core   0: 0x80008fc8 (0x5f885c97) auipc   s9, 0x5f885
core   0: 3 0x80008fc8 (0x5f885c97) x25 0xdf88dfc8
core   0: 0x80008fcc (0x0ff0000f) fence   iorw,iorw
core   0: 3 0x80008fcc (0x0ff0000f)
core   0: 0x80008fd0 (0x00c61e93) slli    t4, a2, 12
core   0: 3 0x80008fd0 (0x00c61e93) x29 0x24e64000
core   0: 0x80008fd4 (0x013ffb33) and     s6, t6, s3
core   0: 3 0x80008fd4 (0x013ffb33) x22 0x00000001
core   0: 0x80008fd8 (0x00004817) auipc   a6, 0x4
core   0: 3 0x80008fd8 (0x00004817) x16 0x8000cfd8
core   0: 0x80008fdc (0x77480813) addi    a6, a6, 1908
core   0: 3 0x80008fdc (0x77480813) x16 0x8000d74c
core   0: 0x80008fe0 (0xd8e80813) addi    a6, a6, -626
core   0: 3 0x80008fe0 (0xd8e80813) x16 0x8000d4da
core   0: 0x80008fe4 (0x01237e33) and     t3, t1, s2
core   0: 3 0x80008fe4 (0x01237e33) x28 0x00000048
core   0: 0x80008fe8 (0x009a3433) sltu    s0, s4, s1
core   0: 3 0x80008fe8 (0x009a3433) x 8 0x00000000
core   0: 0x80008fec (0x272802e7) jalr    t0, a6, 626
core   0: 3 0x80008fec (0x272802e7) x 5 0x80008ff0
core   0: 0x8000d74c (0xfdc60613) addi    a2, a2, -36
core   0: 3 0x8000d74c (0xfdc60613) x12 0x80024e40
core   0: 0x8000d750 (0x0ff0000f) fence   iorw,iorw
core   0: 3 0x8000d750 (0x0ff0000f)
core   0: 0x8000d754 (0x004230b3) sltu    ra, tp, tp
core   0: 3 0x8000d754 (0x004230b3) x 1 0x00000000
core   0: 0x8000d758 (0x00562223) sw      t0, 4(a2)
core   0: 3 0x8000d758 (0x00562223) mem 0x80024e44 0x80008ff0
core   0: 0x8000d75c (0x00939013) slli    zero, t2, 9
core   0: 3 0x8000d75c (0x00939013)
core   0: 0x8000d760 (0xff900793) li      a5, -7
core   0: 3 0x8000d760 (0xff900793) x15 0xfffffff9
core   0: 0x8000d764 (0x016d1c93) slli    s9, s10, 22
core   0: 3 0x8000d764 (0x016d1c93) x25 0xcc400000
core   0: 0x8000d768 (0x409cf413) andi    s0, s9, 1033
core   0: 3 0x8000d768 (0x409cf413) x 8 0x00000000
core   0: 0x8000d76c (0x0000100f) fence.i
core   0: 3 0x8000d76c (0x0000100f)
core   0: 0x8000d770 (0xffc00213) li      tp, -4
core   0: 3 0x8000d770 (0xffc00213) x 4 0xfffffffc
core   0: 0x8000d774 (0x71707513) andi    a0, zero, 1815
core   0: 3 0x8000d774 (0x71707513) x10 0x00000000
core   0: 0x8000d778 (0x00378793) addi    a5, a5, 3
core   0: 3 0x8000d778 (0x00378793) x15 0xfffffffc
core   0: 0x8000d77c (0xae9c4713) xori    a4, s8, -1303
core   0: 3 0x8000d77c (0xae9c4713) x14 0xffffffb4
core   0: 0x8000d780 (0xfe479ae3) bne     a5, tp, pc - 12
core   0: 3 0x8000d780 (0xfe479ae3)
core   0: 0x8000d784 (0x00fc79b3) and     s3, s8, a5
core   0: 3 0x8000d784 (0x00fc79b3) x19 0x0000055c
core   0: 0x8000d788 (0x40edd733) sra     a4, s11, a4
core   0: 3 0x8000d788 (0x40edd733) x14 0x00000000
core   0: 0x8000d78c (0x4107d333) sra     t1, a5, a6
core   0: 3 0x8000d78c (0x4107d333) x 6 0xffffffff
core   0: 0x8000d790 (0x01e2fa63) bgeu    t0, t5, pc + 20
core   0: 3 0x8000d790 (0x01e2fa63)
core   0: 0x8000d7a4 (0x00816a33) or      s4, sp, s0
core   0: 3 0x8000d7a4 (0x00816a33) x20 0x80028ce4
core   0: 0x8000d7a8 (0x01f17933) and     s2, sp, t6
core   0: 3 0x8000d7a8 (0x01f17933) x18 0x00000000
core   0: 0x8000d7ac (0xfcb93013) sltiu   zero, s2, -53
core   0: 3 0x8000d7ac (0xfcb93013)
core   0: 0x8000d7b0 (0x01d0e333) or      t1, ra, t4
core   0: 3 0x8000d7b0 (0x01d0e333) x 6 0x24e64000
core   0: 0x8000d7b4 (0x026a1263) bne     s4, t1, pc + 36
core   0: 3 0x8000d7b4 (0x026a1263)
core   0: 0x8000d7d8 (0x690b3713) sltiu   a4, s6, 1680
core   0: 3 0x8000d7d8 (0x690b3713) x14 0x00000001
core   0: 0x8000d7dc (0xa2b7bd93) sltiu   s11, a5, -1493
core   0: 3 0x8000d7dc (0xa2b7bd93) x27 0x00000000
core   0: 0x8000d7e0 (0x01d6ecb3) or      s9, a3, t4
core   0: 3 0x8000d7e0 (0x01d6ecb3) x25 0x35e7cfc4
core   0: 0x8000d7e4 (0x00c2fd33) and     s10, t0, a2
core   0: 3 0x8000d7e4 (0x00c2fd33) x26 0x80000e40
core   0: 0x8000d7e8 (0x71683993) sltiu   s3, a6, 1814
core   0: 3 0x8000d7e8 (0x71683993) x19 0x00000000
core   0: 0x8000d7ec (0x00814fb3) xor     t6, sp, s0
core   0: 3 0x8000d7ec (0x00814fb3) x31 0x80028ce4
core   0: 0x8000d7f0 (0x419fde93) srai    t4, t6, 25
core   0: 3 0x8000d7f0 (0x419fde93) x29 0xffffffc0
core   0: 0x8000d7f4 (0x0971c713) xori    a4, gp, 151
core   0: 3 0x8000d7f4 (0x0971c713) x14 0x00000096
core   0: 0x8000d7f8 (0x04c26a63) bltu    tp, a2, pc + 84
core   0: 3 0x8000d7f8 (0x04c26a63)
core   0: 0x8000d7fc (0x00000013) nop
core   0: 3 0x8000d7fc (0x00000013)
core   0: 0x8000d800 (0xffffd997) auipc   s3, 0xffffd
core   0: 3 0x8000d800 (0xffffd997) x19 0x8000a800
core   0: 0x8000d804 (0x2ec98993) addi    s3, s3, 748
core   0: 3 0x8000d804 (0x2ec98993) x19 0x8000aaec
core   0: 0x8000d808 (0x0000100f) fence.i
core   0: 3 0x8000d808 (0x0000100f)
core   0: 0x8000d80c (0x409f0d33) sub     s10, t5, s1
core   0: 3 0x8000d80c (0x409f0d33) x26 0x00000200
core   0: 0x8000d810 (0x8b70ce97) auipc   t4, 0x8b70c
core   0: 3 0x8000d810 (0x8b70ce97) x29 0x0b719810
core   0: 0x8000d814 (0xf7266393) ori     t2, a2, -142
core   0: 3 0x8000d814 (0xf7266393) x 7 0xffffff72
core   0: 0x8000d818 (0xe0098993) addi    s3, s3, -512
core   0: 3 0x8000d818 (0xe0098993) x19 0x8000a8ec
core   0: 0x8000d81c (0x00912933) slt     s2, sp, s1
core   0: 3 0x8000d81c (0x00912933) x18 0x00000001
core   0: 0x8000d820 (0x0019e033) or      zero, s3, ra
core   0: 3 0x8000d820 (0x0019e033)
core   0: 0x8000d824 (0x01068463) beq     a3, a6, pc + 8
core   0: 3 0x8000d824 (0x01068463)
core   0: 0x8000d828 (0x7e480193) addi    gp, a6, 2020
core   0: 3 0x8000d828 (0x7e480193) x 3 0x8000dcbe
core   0: 0x8000d82c (0x200982e7) jalr    t0, s3, 512
core   0: 3 0x8000d82c (0x200982e7) x 5 0x8000d830
core   0: 0x8000aaec (0xfec60613) addi    a2, a2, -20
core   0: 3 0x8000aaec (0xfec60613) x12 0x80024e2c
core   0: 0x8000aaf0 (0x01a19193) slli    gp, gp, 26
core   0: 3 0x8000aaf0 (0x01a19193) x 3 0xf8000000
core   0: 0x8000aaf4 (0x00562223) sw      t0, 4(a2)
core   0: 3 0x8000aaf4 (0x00562223) mem 0x80024e30 0x8000d830
core   0: 0x8000aaf8 (0xda37b313) sltiu   t1, a5, -605
core   0: 3 0x8000aaf8 (0xda37b313) x 6 0x00000000
core   0: 0x8000aafc (0x017e0a33) add     s4, t3, s7
core   0: 3 0x8000aafc (0x017e0a33) x20 0x80000048
core   0: 0x8000ab00 (0xfff00f93) li      t6, -1
core   0: 3 0x8000ab00 (0xfff00f93) x31 0xffffffff
core   0: 0x8000ab04 (0x4a4e3213) sltiu   tp, t3, 1188
core   0: 3 0x8000ab04 (0x4a4e3213) x 4 0x00000001
core   0: 0x8000ab08 (0x8d102513) slti    a0, zero, -1839
core   0: 3 0x8000ab08 (0x8d102513) x10 0x00000000
core   0: 0x8000ab0c (0xee550f13) addi    t5, a0, -283
core   0: 3 0x8000ab0c (0xee550f13) x30 0xfffffee5
core   0: 0x8000ab10 (0x2c652413) slti    s0, a0, 710
core   0: 3 0x8000ab10 (0x2c652413) x 8 0x00000001
core   0: 0x8000ab14 (0x409f5a13) srai    s4, t5, 9
core   0: 3 0x8000ab14 (0x409f5a13) x20 0xffffffff
core   0: 0x8000ab18 (0x0000100f) fence.i
core   0: 3 0x8000ab18 (0x0000100f)
core   0: 0x8000ab1c (0x620a7313) andi    t1, s4, 1568
core   0: 3 0x8000ab1c (0x620a7313) x 6 0x00000620
core   0: 0x8000ab20 (0xecdb2d93) slti    s11, s6, -307
core   0: 3 0x8000ab20 (0xecdb2d93) x27 0x00000000
core   0: 0x8000ab24 (0xff700e93) li      t4, -9
core   0: 3 0x8000ab24 (0xff700e93) x29 0xfffffff7
core   0: 0x8000ab28 (0x88586493) ori     s1, a6, -1915
core   0: 3 0x8000ab28 (0x88586493) x 9 0xfffffcdf
core   0: 0x8000ab2c (0x414a89b3) sub     s3, s5, s4
core   0: 3 0x8000ab2c (0x414a89b3) x19 0x00000001
core   0: 0x8000ab30 (0x00b3db33) srl     s6, t2, a1
core   0: 3 0x8000ab30 (0x00b3db33) x22 0xffffff72
core   0: 0x8000ab34 (0x4fb52093) slti    ra, a0, 1275
core   0: 3 0x8000ab34 (0x4fb52093) x 1 0x00000001
core   0: 0x8000ab38 (0xff8f8f93) addi    t6, t6, -8
core   0: 3 0x8000ab38 (0xff8f8f93) x31 0xfffffff7
core   0: 0x8000ab3c (0x2c2babb7) lui     s7, 0x2c2ba
core   0: 3 0x8000ab3c (0x2c2babb7) x23 0x2c2ba000
core   0: 0x8000ab40 (0x018f9713) slli    a4, t6, 24
core   0: 3 0x8000ab40 (0x018f9713) x14 0xf7000000
core   0: 0x8000ab44 (0x0ff0000f) fence   iorw,iorw
core   0: 3 0x8000ab44 (0x0ff0000f)
core   0: 0x8000ab48 (0xffdf92e3) bne     t6, t4, pc - 28
core   0: 3 0x8000ab48 (0xffdf92e3)
core   0: 0x8000ab4c (0x74978b17) auipc   s6, 0x74978
core   0: 3 0x8000ab4c (0x74978b17) x22 0xf4982b4c
core   0: 0x8000ab50 (0x00900713) li      a4, 9
core   0: 3 0x8000ab50 (0x00900713) x14 0x00000009
core   0: 0x8000ab54 (0x006509b3) add     s3, a0, t1
core   0: 3 0x8000ab54 (0x006509b3) x19 0x00000620
core   0: 0x8000ab58 (0xb7b33193) sltiu   gp, t1, -1157
core   0: 3 0x8000ab58 (0xb7b33193) x 3 0x00000001
core   0: 0x8000ab5c (0x01e79893) slli    a7, a5, 30
core   0: 3 0x8000ab5c (0x01e79893) x17 0x00000000
core   0: 0x8000ab60 (0x01c8be33) sltu    t3, a7, t3
core   0: 3 0x8000ab60 (0x01c8be33) x28 0x00000001
core   0: 0x8000ab64 (0x0038d013) srli    zero, a7, 3
core   0: 3 0x8000ab64 (0x0038d013)
core   0: 0x8000ab68 (0x01400d93) li      s11, 20
core   0: 3 0x8000ab68 (0x01400d93) x27 0x00000014
core   0: 0x8000ab6c (0x01312833) slt     a6, sp, s3
core   0: 3 0x8000ab6c (0x01312833) x16 0x00000001
core   0: 0x8000ab70 (0x44fc3e17) auipc   t3, 0x44fc3
core   0: 3 0x8000ab70 (0x44fc3e17) x28 0xc4fcdb70
core   0: 0x8000ab74 (0x013dcab3) xor     s5, s11, s3
core   0: 3 0x8000ab74 (0x013dcab3) x21 0x00000634
core   0: 0x8000ab78 (0x00fecc33) xor     s8, t4, a5
core   0: 3 0x8000ab78 (0x00fecc33) x24 0x0000000b
core   0: 0x8000ab7c (0x40a081b3) sub     gp, ra, a0
core   0: 3 0x8000ab7c (0x40a081b3) x 3 0x00000001
core   0: 0x8000ab80 (0x00a70713) addi    a4, a4, 10
core   0: 3 0x8000ab80 (0x00a70713) x14 0x00000013
core   0: 0x8000ab84 (0x0ff0000f) fence   iorw,iorw
core   0: 3 0x8000ab84 (0x0ff0000f)
core   0: 0x8000ab88 (0xeeb8f493) andi    s1, a7, -277
core   0: 3 0x8000ab88 (0xeeb8f493) x 9 0x00000000
core   0: 0x8000ab8c (0x015e9393) slli    t2, t4, 21
core   0: 3 0x8000ab8c (0x015e9393) x 7 0xfee00000
core   0: 0x8000ab90 (0xffb740e3) blt     a4, s11, pc - 32
core   0: 3 0x8000ab90 (0xffb740e3)
core   0: 0x8000ab70 (0x44fc3e17) auipc   t3, 0x44fc3
core   0: 3 0x8000ab70 (0x44fc3e17) x28 0xc4fcdb70
core   0: 0x8000ab74 (0x013dcab3) xor     s5, s11, s3
core   0: 3 0x8000ab74 (0x013dcab3) x21 0x00000634
core   0: 0x8000ab78 (0x00fecc33) xor     s8, t4, a5
core   0: 3 0x8000ab78 (0x00fecc33) x24 0x0000000b
core   0: 0x8000ab7c (0x40a081b3) sub     gp, ra, a0
core   0: 3 0x8000ab7c (0x40a081b3) x 3 0x00000001
core   0: 0x8000ab80 (0x00a70713) addi    a4, a4, 10
core   0: 3 0x8000ab80 (0x00a70713) x14 0x0000001d
core   0: 0x8000ab84 (0x0ff0000f) fence   iorw,iorw
core   0: 3 0x8000ab84 (0x0ff0000f)
core   0: 0x8000ab88 (0xeeb8f493) andi    s1, a7, -277
core   0: 3 0x8000ab88 (0xeeb8f493) x 9 0x00000000
core   0: 0x8000ab8c (0x015e9393) slli    t2, t4, 21
core   0: 3 0x8000ab8c (0x015e9393) x 7 0xfee00000
core   0: 0x8000ab90 (0xffb740e3) blt     a4, s11, pc - 32
core   0: 3 0x8000ab90 (0xffb740e3)
core   0: 0x8000ab94 (0x41255e33) sra     t3, a0, s2
core   0: 3 0x8000ab94 (0x41255e33) x28 0x00000000
core   0: 0x8000ab98 (0xffa00793) li      a5, -6
core   0: 3 0x8000ab98 (0xffa00793) x15 0xfffffffa
core   0: 0x8000ab9c (0x0ff0000f) fence   iorw,iorw
core   0: 3 0x8000ab9c (0x0ff0000f)
core   0: 0x8000aba0 (0x402e04b3) sub     s1, t3, sp
core   0: 3 0x8000aba0 (0x402e04b3) x 9 0x7ffd731c
core   0: 0x8000aba4 (0x01a79913) slli    s2, a5, 26
core   0: 3 0x8000aba4 (0x01a79913) x18 0xe8000000
core   0: 0x8000aba8 (0x0ff0000f) fence   iorw,iorw
core   0: 3 0x8000aba8 (0x0ff0000f)
core   0: 0x8000abac (0x00364b33) xor     s6, a2, gp
core   0: 3 0x8000abac (0x00364b33) x22 0x80024e2d
core   0: 0x8000abb0 (0x00d2ffb3) and     t6, t0, a3
core   0: 3 0x8000abb0 (0x00d2ffb3) x31 0x00008800
core   0: 0x8000abb4 (0x41158bb3) sub     s7, a1, a7
core   0: 3 0x8000abb4 (0x41158bb3) x23 0x80000000
core   0: 0x8000abb8 (0x00148c33) add     s8, s1, ra
core   0: 3 0x8000abb8 (0x00148c33) x24 0x7ffd731d
core   0: 0x8000abbc (0x462aed93) ori     s11, s5, 1122
core   0: 3 0x8000abbc (0x462aed93) x27 0x00000676
core   0: 0x8000abc0 (0x01820a33) add     s4, tp, s8
core   0: 3 0x8000abc0 (0x01820a33) x20 0x7ffd731e
core   0: 0x8000abc4 (0x40eb09b3) sub     s3, s6, a4
core   0: 3 0x8000abc4 (0x40eb09b3) x19 0x80024e10
core   0: 0x8000abc8 (0x2442cc13) xori    s8, t0, 580
core   0: 3 0x8000abc8 (0x2442cc13) x24 0x8000da74
core   0: 0x8000abcc (0xffc00e93) li      t4, -4
core   0: 3 0x8000abcc (0xffc00e93) x29 0xfffffffc
core   0: 0x8000abd0 (0x00000013) nop
core   0: 3 0x8000abd0 (0x00000013)
core   0: 0x8000abd4 (0x00dcadb3) slt     s11, s9, a3
core   0: 3 0x8000abd4 (0x00dcadb3) x27 0x00000000
core   0: 0x8000abd8 (0x0cefc197) auipc   gp, 0xcefc
core   0: 3 0x8000abd8 (0x0cefc197) x 3 0x8cf06bd8
core   0: 0x8000abdc (0x01a85693) srli    a3, a6, 26
core   0: 3 0x8000abdc (0x01a85693) x13 0x00000000
core   0: 0x8000abe0 (0xd48fef93) ori     t6, t6, -696
core   0: 3 0x8000abe0 (0xd48fef93) x31 0xfffffd48
core   0: 0x8000abe4 (0x01b7ddb3) srl     s11, a5, s11
core   0: 3 0x8000abe4 (0x01b7ddb3) x27 0xfffffffa
core   0: 0x8000abe8 (0x004e14b3) sll     s1, t3, tp
core   0: 3 0x8000abe8 (0x004e14b3) x 9 0x00000000
core   0: 0x8000abec (0x01c44533) xor     a0, s0, t3
core   0: 3 0x8000abec (0x01c44533) x10 0x00000001
core   0: 0x8000abf0 (0x007cc933) xor     s2, s9, t2
core   0: 3 0x8000abf0 (0x007cc933) x18 0xcb07cfc4
core   0: 0x8000abf4 (0x00178793) addi    a5, a5, 1
core   0: 3 0x8000abf4 (0x00178793) x15 0xfffffffb
core   0: 0x8000abf8 (0x01739d93) slli    s11, t2, 23
core   0: 3 0x8000abf8 (0x01739d93) x27 0x00000000
core   0: 0x8000abfc (0x00000013) nop
core   0: 3 0x8000abfc (0x00000013)
core   0: 0x8000ac00 (0xffd7c8e3) blt     a5, t4, pc - 16
core   0: 3 0x8000ac00 (0xffd7c8e3)
core   0: 0x8000abf0 (0x007cc933) xor     s2, s9, t2
core   0: 3 0x8000abf0 (0x007cc933) x18 0xcb07cfc4
core   0: 0x8000abf4 (0x00178793) addi    a5, a5, 1
core   0: 3 0x8000abf4 (0x00178793) x15 0xfffffffc
core   0: 0x8000abf8 (0x01739d93) slli    s11, t2, 23
core   0: 3 0x8000abf8 (0x01739d93) x27 0x00000000
core   0: 0x8000abfc (0x00000013) nop
core   0: 3 0x8000abfc (0x00000013)
core   0: 0x8000ac00 (0xffd7c8e3) blt     a5, t4, pc - 16
core   0: 3 0x8000ac00 (0xffd7c8e3)
core   0: 0x8000ac04 (0x017ae9b3) or      s3, s5, s7
core   0: 3 0x8000ac04 (0x017ae9b3) x19 0x80000634
core   0: 0x8000ac08 (0x00700493) li      s1, 7
core   0: 3 0x8000ac08 (0x00700493) x 9 0x00000007
core   0: 0x8000ac0c (0x0000100f) fence.i
core   0: 3 0x8000ac0c (0x0000100f)
core   0: 0x8000ac10 (0x147b8013) addi    zero, s7, 327
core   0: 3 0x8000ac10 (0x147b8013)
core   0: 0x8000ac14 (0x0ff0000f) fence   iorw,iorw
core   0: 3 0x8000ac14 (0x0ff0000f)
core   0: 0x8000ac18 (0x01e4f0b3) and     ra, s1, t5
core   0: 3 0x8000ac18 (0x01e4f0b3) x 1 0x00000005
core   0: 0x8000ac1c (0xb7516513) ori     a0, sp, -1163
core   0: 3 0x8000ac1c (0xb7516513) x10 0xfffffff5
core   0: 0x8000ac20 (0x04703a93) sltiu   s5, zero, 71
core   0: 3 0x8000ac20 (0x04703a93) x21 0x00000001
core   0: 0x8000ac24 (0x01200293) li      t0, 18
core   0: 3 0x8000ac24 (0x01200293) x 5 0x00000012
core   0: 0x8000ac28 (0x41c05d93) srai    s11, zero, 28
core   0: 3 0x8000ac28 (0x41c05d93) x27 0x00000000
core   0: 0x8000ac2c (0x00246b33) or      s6, s0, sp
core   0: 3 0x8000ac2c (0x00246b33) x22 0x80028ce5
core   0: 0x8000ac30 (0xaf8b7997) auipc   s3, 0xaf8b7
core   0: 3 0x8000ac30 (0xaf8b7997) x19 0x2f8c1c30
core   0: 0x8000ac34 (0x40570db3) sub     s11, a4, t0
core   0: 3 0x8000ac34 (0x40570db3) x27 0x0000000b
core   0: 0x8000ac38 (0x00a48493) addi    s1, s1, 10
core   0: 3 0x8000ac38 (0x00a48493) x 9 0x00000011
core   0: 0x8000ac3c (0xfe54c8e3) blt     s1, t0, pc - 16
core   0: 3 0x8000ac3c (0xfe54c8e3)
core   0: 0x8000ac2c (0x00246b33) or      s6, s0, sp
core   0: 3 0x8000ac2c (0x00246b33) x22 0x80028ce5
core   0: 0x8000ac30 (0xaf8b7997) auipc   s3, 0xaf8b7
core   0: 3 0x8000ac30 (0xaf8b7997) x19 0x2f8c1c30
core   0: 0x8000ac34 (0x40570db3) sub     s11, a4, t0
core   0: 3 0x8000ac34 (0x40570db3) x27 0x0000000b
core   0: 0x8000ac38 (0x00a48493) addi    s1, s1, 10
core   0: 3 0x8000ac38 (0x00a48493) x 9 0x0000001b
core   0: 0x8000ac3c (0xfe54c8e3) blt     s1, t0, pc - 16
core   0: 3 0x8000ac3c (0xfe54c8e3)
core   0: 0x8000ac40 (0xdab7fc13) andi    s8, a5, -597
core   0: 3 0x8000ac40 (0xdab7fc13) x24 0xfffffda8
core   0: 0x8000ac44 (0x00900313) li      t1, 9
core   0: 3 0x8000ac44 (0x00900313) x 6 0x00000009
core   0: 0x8000ac48 (0x6cc43393) sltiu   t2, s0, 1740
core   0: 3 0x8000ac48 (0x6cc43393) x 7 0x00000001
core   0: 0x8000ac4c (0x019ac933) xor     s2, s5, s9
core   0: 3 0x8000ac4c (0x019ac933) x18 0x35e7cfc5
core   0: 0x8000ac50 (0xff300e93) li      t4, -13
core   0: 3 0x8000ac50 (0xff300e93) x29 0xfffffff3
core   0: 0x8000ac54 (0xfffea413) slti    s0, t4, -1
core   0: 3 0x8000ac54 (0xfffea413) x 8 0x00000001
core   0: 0x8000ac58 (0xffc30313) addi    t1, t1, -4
core   0: 3 0x8000ac58 (0xffc30313) x 6 0x00000005
core   0: 0x8000ac5c (0x6648c013) xori    zero, a7, 1636
core   0: 3 0x8000ac5c (0x6648c013)
core   0: 0x8000ac60 (0x00400d93) li      s11, 4
core   0: 3 0x8000ac60 (0x00400d93) x27 0x00000004
core   0: 0x8000ac64 (0x00c75413) srli    s0, a4, 12
core   0: 3 0x8000ac64 (0x00c75413) x 8 0x00000000
core   0: 0x8000ac68 (0x00300493) li      s1, 3
core   0: 3 0x8000ac68 (0x00300493) x 9 0x00000003
core   0: 0x8000ac6c (0x0000100f) fence.i
core   0: 3 0x8000ac6c (0x0000100f)
core   0: 0x8000ac70 (0x00493833) sltu    a6, s2, tp
core   0: 3 0x8000ac70 (0x00493833) x16 0x00000000
core   0: 0x8000ac74 (0x00000013) nop
core   0: 3 0x8000ac74 (0x00000013)
core   0: 0x8000ac78 (0x959d3c13) sltiu   s8, s10, -1703
core   0: 3 0x8000ac78 (0x959d3c13) x24 0x00000001
core   0: 0x8000ac7c (0xffed8d93) addi    s11, s11, -2
core   0: 3 0x8000ac7c (0xffed8d93) x27 0x00000002
core   0: 0x8000ac80 (0xfe9dfae3) bgeu    s11, s1, pc - 12
core   0: 3 0x8000ac80 (0xfe9dfae3)
core   0: 0x8000ac84 (0xfdd358e3) bge     t1, t4, pc - 48
core   0: 3 0x8000ac84 (0xfdd358e3)
core   0: 0x8000ac54 (0xfffea413) slti    s0, t4, -1
core   0: 3 0x8000ac54 (0xfffea413) x 8 0x00000001
core   0: 0x8000ac58 (0xffc30313) addi    t1, t1, -4
core   0: 3 0x8000ac58 (0xffc30313) x 6 0x00000001
core   0: 0x8000ac5c (0x6648c013) xori    zero, a7, 1636
core   0: 3 0x8000ac5c (0x6648c013)
core   0: 0x8000ac60 (0x00400d93) li      s11, 4
core   0: 3 0x8000ac60 (0x00400d93) x27 0x00000004
core   0: 0x8000ac64 (0x00c75413) srli    s0, a4, 12
core   0: 3 0x8000ac64 (0x00c75413) x 8 0x00000000
core   0: 0x8000ac68 (0x00300493) li      s1, 3
core   0: 3 0x8000ac68 (0x00300493) x 9 0x00000003
core   0: 0x8000ac6c (0x0000100f) fence.i
core   0: 3 0x8000ac6c (0x0000100f)
core   0: 0x8000ac70 (0x00493833) sltu    a6, s2, tp
core   0: 3 0x8000ac70 (0x00493833) x16 0x00000000
core   0: 0x8000ac74 (0x00000013) nop
core   0: 3 0x8000ac74 (0x00000013)
core   0: 0x8000ac78 (0x959d3c13) sltiu   s8, s10, -1703
core   0: 3 0x8000ac78 (0x959d3c13) x24 0x00000001
core   0: 0x8000ac7c (0xffed8d93) addi    s11, s11, -2
core   0: 3 0x8000ac7c (0xffed8d93) x27 0x00000002
core   0: 0x8000ac80 (0xfe9dfae3) bgeu    s11, s1, pc - 12
core   0: 3 0x8000ac80 (0xfe9dfae3)
core   0: 0x8000ac84 (0xfdd358e3) bge     t1, t4, pc - 48
core   0: 3 0x8000ac84 (0xfdd358e3)
core   0: 0x8000ac54 (0xfffea413) slti    s0, t4, -1
core   0: 3 0x8000ac54 (0xfffea413) x 8 0x00000001
core   0: 0x8000ac58 (0xffc30313) addi    t1, t1, -4
core   0: 3 0x8000ac58 (0xffc30313) x 6 0xfffffffd
core   0: 0x8000ac5c (0x6648c013) xori    zero, a7, 1636
core   0: 3 0x8000ac5c (0x6648c013)
core   0: 0x8000ac60 (0x00400d93) li      s11, 4
core   0: 3 0x8000ac60 (0x00400d93) x27 0x00000004
core   0: 0x8000ac64 (0x00c75413) srli    s0, a4, 12
core   0: 3 0x8000ac64 (0x00c75413) x 8 0x00000000
core   0: 0x8000ac68 (0x00300493) li      s1, 3
core   0: 3 0x8000ac68 (0x00300493) x 9 0x00000003
core   0: 0x8000ac6c (0x0000100f) fence.i
core   0: 3 0x8000ac6c (0x0000100f)
core   0: 0x8000ac70 (0x00493833) sltu    a6, s2, tp
core   0: 3 0x8000ac70 (0x00493833) x16 0x00000000
core   0: 0x8000ac74 (0x00000013) nop
core   0: 3 0x8000ac74 (0x00000013)
core   0: 0x8000ac78 (0x959d3c13) sltiu   s8, s10, -1703
core   0: 3 0x8000ac78 (0x959d3c13) x24 0x00000001
core   0: 0x8000ac7c (0xffed8d93) addi    s11, s11, -2
core   0: 3 0x8000ac7c (0xffed8d93) x27 0x00000002
core   0: 0x8000ac80 (0xfe9dfae3) bgeu    s11, s1, pc - 12
core   0: 3 0x8000ac80 (0xfe9dfae3)
core   0: 0x8000ac84 (0xfdd358e3) bge     t1, t4, pc - 48
core   0: 3 0x8000ac84 (0xfdd358e3)
core   0: 0x8000ac54 (0xfffea413) slti    s0, t4, -1
core   0: 3 0x8000ac54 (0xfffea413) x 8 0x00000001
core   0: 0x8000ac58 (0xffc30313) addi    t1, t1, -4
core   0: 3 0x8000ac58 (0xffc30313) x 6 0xfffffff9
core   0: 0x8000ac5c (0x6648c013) xori    zero, a7, 1636
core   0: 3 0x8000ac5c (0x6648c013)
core   0: 0x8000ac60 (0x00400d93) li      s11, 4
core   0: 3 0x8000ac60 (0x00400d93) x27 0x00000004
core   0: 0x8000ac64 (0x00c75413) srli    s0, a4, 12
core   0: 3 0x8000ac64 (0x00c75413) x 8 0x00000000
core   0: 0x8000ac68 (0x00300493) li      s1, 3
core   0: 3 0x8000ac68 (0x00300493) x 9 0x00000003
core   0: 0x8000ac6c (0x0000100f) fence.i
core   0: 3 0x8000ac6c (0x0000100f)
core   0: 0x8000ac70 (0x00493833) sltu    a6, s2, tp
core   0: 3 0x8000ac70 (0x00493833) x16 0x00000000
core   0: 0x8000ac74 (0x00000013) nop
core   0: 3 0x8000ac74 (0x00000013)
core   0: 0x8000ac78 (0x959d3c13) sltiu   s8, s10, -1703
core   0: 3 0x8000ac78 (0x959d3c13) x24 0x00000001
core   0: 0x8000ac7c (0xffed8d93) addi    s11, s11, -2
core   0: 3 0x8000ac7c (0xffed8d93) x27 0x00000002
core   0: 0x8000ac80 (0xfe9dfae3) bgeu    s11, s1, pc - 12
core   0: 3 0x8000ac80 (0xfe9dfae3)
core   0: 0x8000ac84 (0xfdd358e3) bge     t1, t4, pc - 48
core   0: 3 0x8000ac84 (0xfdd358e3)
core   0: 0x8000ac54 (0xfffea413) slti    s0, t4, -1
core   0: 3 0x8000ac54 (0xfffea413) x 8 0x00000001
core   0: 0x8000ac58 (0xffc30313) addi    t1, t1, -4
core   0: 3 0x8000ac58 (0xffc30313) x 6 0xfffffff5
core   0: 0x8000ac5c (0x6648c013) xori    zero, a7, 1636
core   0: 3 0x8000ac5c (0x6648c013)
core   0: 0x8000ac60 (0x00400d93) li      s11, 4
core   0: 3 0x8000ac60 (0x00400d93) x27 0x00000004
core   0: 0x8000ac64 (0x00c75413) srli    s0, a4, 12
core   0: 3 0x8000ac64 (0x00c75413) x 8 0x00000000
core   0: 0x8000ac68 (0x00300493) li      s1, 3
core   0: 3 0x8000ac68 (0x00300493) x 9 0x00000003
core   0: 0x8000ac6c (0x0000100f) fence.i
core   0: 3 0x8000ac6c (0x0000100f)
core   0: 0x8000ac70 (0x00493833) sltu    a6, s2, tp
core   0: 3 0x8000ac70 (0x00493833) x16 0x00000000
core   0: 0x8000ac74 (0x00000013) nop
core   0: 3 0x8000ac74 (0x00000013)
core   0: 0x8000ac78 (0x959d3c13) sltiu   s8, s10, -1703
core   0: 3 0x8000ac78 (0x959d3c13) x24 0x00000001
core   0: 0x8000ac7c (0xffed8d93) addi    s11, s11, -2
core   0: 3 0x8000ac7c (0xffed8d93) x27 0x00000002
core   0: 0x8000ac80 (0xfe9dfae3) bgeu    s11, s1, pc - 12
core   0: 3 0x8000ac80 (0xfe9dfae3)
core   0: 0x8000ac84 (0xfdd358e3) bge     t1, t4, pc - 48
core   0: 3 0x8000ac84 (0xfdd358e3)
core   0: 0x8000ac54 (0xfffea413) slti    s0, t4, -1
core   0: 3 0x8000ac54 (0xfffea413) x 8 0x00000001
core   0: 0x8000ac58 (0xffc30313) addi    t1, t1, -4
core   0: 3 0x8000ac58 (0xffc30313) x 6 0xfffffff1
core   0: 0x8000ac5c (0x6648c013) xori    zero, a7, 1636
core   0: 3 0x8000ac5c (0x6648c013)
core   0: 0x8000ac60 (0x00400d93) li      s11, 4
core   0: 3 0x8000ac60 (0x00400d93) x27 0x00000004
core   0: 0x8000ac64 (0x00c75413) srli    s0, a4, 12
core   0: 3 0x8000ac64 (0x00c75413) x 8 0x00000000
core   0: 0x8000ac68 (0x00300493) li      s1, 3
core   0: 3 0x8000ac68 (0x00300493) x 9 0x00000003
core   0: 0x8000ac6c (0x0000100f) fence.i
core   0: 3 0x8000ac6c (0x0000100f)
core   0: 0x8000ac70 (0x00493833) sltu    a6, s2, tp
core   0: 3 0x8000ac70 (0x00493833) x16 0x00000000
core   0: 0x8000ac74 (0x00000013) nop
core   0: 3 0x8000ac74 (0x00000013)
core   0: 0x8000ac78 (0x959d3c13) sltiu   s8, s10, -1703
core   0: 3 0x8000ac78 (0x959d3c13) x24 0x00000001
core   0: 0x8000ac7c (0xffed8d93) addi    s11, s11, -2
core   0: 3 0x8000ac7c (0xffed8d93) x27 0x00000002
core   0: 0x8000ac80 (0xfe9dfae3) bgeu    s11, s1, pc - 12
core   0: 3 0x8000ac80 (0xfe9dfae3)
core   0: 0x8000ac84 (0xfdd358e3) bge     t1, t4, pc - 48
core   0: 3 0x8000ac84 (0xfdd358e3)
core   0: 0x8000ac88 (0x5a3a7c93) andi    s9, s4, 1443
core   0: 3 0x8000ac88 (0x5a3a7c93) x25 0x00000102
core   0: 0x8000ac8c (0xffb00793) li      a5, -5
core   0: 3 0x8000ac8c (0xffb00793) x15 0xfffffffb
core   0: 0x8000ac90 (0x01200913) li      s2, 18
core   0: 3 0x8000ac90 (0x01200913) x18 0x00000012
core   0: 0x8000ac94 (0x007641b3) xor     gp, a2, t2
core   0: 3 0x8000ac94 (0x007641b3) x 3 0x80024e2d
core   0: 0x8000ac98 (0x016bff33) and     t5, s7, s6
core   0: 3 0x8000ac98 (0x016bff33) x30 0x80000000
core   0: 0x8000ac9c (0x00578793) addi    a5, a5, 5
core   0: 3 0x8000ac9c (0x00578793) x15 0x00000000
core   0: 0x8000aca0 (0xcc910d97) auipc   s11, 0xcc910
core   0: 3 0x8000aca0 (0xcc910d97) x27 0x4c91aca0
core   0: 0x8000aca4 (0x00a00093) li      ra, 10
core   0: 3 0x8000aca4 (0x00a00093) x 1 0x0000000a
core   0: 0x8000aca8 (0x00a00393) li      t2, 10
core   0: 3 0x8000aca8 (0x00a00393) x 7 0x0000000a
core   0: 0x8000acac (0x0ff0000f) fence   iorw,iorw
core   0: 3 0x8000acac (0x0ff0000f)
core   0: 0x8000acb0 (0x0045ed33) or      s10, a1, tp
core   0: 3 0x8000acb0 (0x0045ed33) x26 0x80000001
core   0: 0x8000acb4 (0x0000100f) fence.i
core   0: 3 0x8000acb4 (0x0000100f)
core   0: 0x8000acb8 (0x404c5013) srai    zero, s8, 4
core   0: 3 0x8000acb8 (0x404c5013)
core   0: 0x8000acbc (0x0ff0000f) fence   iorw,iorw
core   0: 3 0x8000acbc (0x0ff0000f)
core   0: 0x8000acc0 (0xff708093) addi    ra, ra, -9
core   0: 3 0x8000acc0 (0xff708093) x 1 0x00000001
core   0: 0x8000acc4 (0xfe70f6e3) bgeu    ra, t2, pc - 20
core   0: 3 0x8000acc4 (0xfe70f6e3)
core   0: 0x8000acc8 (0xfd27c8e3) blt     a5, s2, pc - 48
core   0: 3 0x8000acc8 (0xfd27c8e3)
core   0: 0x8000ac98 (0x016bff33) and     t5, s7, s6
core   0: 3 0x8000ac98 (0x016bff33) x30 0x80000000
core   0: 0x8000ac9c (0x00578793) addi    a5, a5, 5
core   0: 3 0x8000ac9c (0x00578793) x15 0x00000005
core   0: 0x8000aca0 (0xcc910d97) auipc   s11, 0xcc910
core   0: 3 0x8000aca0 (0xcc910d97) x27 0x4c91aca0
core   0: 0x8000aca4 (0x00a00093) li      ra, 10
core   0: 3 0x8000aca4 (0x00a00093) x 1 0x0000000a
core   0: 0x8000aca8 (0x00a00393) li      t2, 10
core   0: 3 0x8000aca8 (0x00a00393) x 7 0x0000000a
core   0: 0x8000acac (0x0ff0000f) fence   iorw,iorw
core   0: 3 0x8000acac (0x0ff0000f)
core   0: 0x8000acb0 (0x0045ed33) or      s10, a1, tp
core   0: 3 0x8000acb0 (0x0045ed33) x26 0x80000001
core   0: 0x8000acb4 (0x0000100f) fence.i
core   0: 3 0x8000acb4 (0x0000100f)
core   0: 0x8000acb8 (0x404c5013) srai    zero, s8, 4
core   0: 3 0x8000acb8 (0x404c5013)
core   0: 0x8000acbc (0x0ff0000f) fence   iorw,iorw
core   0: 3 0x8000acbc (0x0ff0000f)
core   0: 0x8000acc0 (0xff708093) addi    ra, ra, -9
core   0: 3 0x8000acc0 (0xff708093) x 1 0x00000001
core   0: 0x8000acc4 (0xfe70f6e3) bgeu    ra, t2, pc - 20
core   0: 3 0x8000acc4 (0xfe70f6e3)
core   0: 0x8000acc8 (0xfd27c8e3) blt     a5, s2, pc - 48
core   0: 3 0x8000acc8 (0xfd27c8e3)
core   0: 0x8000ac98 (0x016bff33) and     t5, s7, s6
core   0: 3 0x8000ac98 (0x016bff33) x30 0x80000000
core   0: 0x8000ac9c (0x00578793) addi    a5, a5, 5
core   0: 3 0x8000ac9c (0x00578793) x15 0x0000000a
core   0: 0x8000aca0 (0xcc910d97) auipc   s11, 0xcc910
core   0: 3 0x8000aca0 (0xcc910d97) x27 0x4c91aca0
core   0: 0x8000aca4 (0x00a00093) li      ra, 10
core   0: 3 0x8000aca4 (0x00a00093) x 1 0x0000000a
core   0: 0x8000aca8 (0x00a00393) li      t2, 10
core   0: 3 0x8000aca8 (0x00a00393) x 7 0x0000000a
core   0: 0x8000acac (0x0ff0000f) fence   iorw,iorw
core   0: 3 0x8000acac (0x0ff0000f)
core   0: 0x8000acb0 (0x0045ed33) or      s10, a1, tp
core   0: 3 0x8000acb0 (0x0045ed33) x26 0x80000001
core   0: 0x8000acb4 (0x0000100f) fence.i
core   0: 3 0x8000acb4 (0x0000100f)
core   0: 0x8000acb8 (0x404c5013) srai    zero, s8, 4
core   0: 3 0x8000acb8 (0x404c5013)
core   0: 0x8000acbc (0x0ff0000f) fence   iorw,iorw
core   0: 3 0x8000acbc (0x0ff0000f)
core   0: 0x8000acc0 (0xff708093) addi    ra, ra, -9
core   0: 3 0x8000acc0 (0xff708093) x 1 0x00000001
core   0: 0x8000acc4 (0xfe70f6e3) bgeu    ra, t2, pc - 20
core   0: 3 0x8000acc4 (0xfe70f6e3)
core   0: 0x8000acc8 (0xfd27c8e3) blt     a5, s2, pc - 48
core   0: 3 0x8000acc8 (0xfd27c8e3)
core   0: 0x8000ac98 (0x016bff33) and     t5, s7, s6
core   0: 3 0x8000ac98 (0x016bff33) x30 0x80000000
core   0: 0x8000ac9c (0x00578793) addi    a5, a5, 5
core   0: 3 0x8000ac9c (0x00578793) x15 0x0000000f
core   0: 0x8000aca0 (0xcc910d97) auipc   s11, 0xcc910
core   0: 3 0x8000aca0 (0xcc910d97) x27 0x4c91aca0
core   0: 0x8000aca4 (0x00a00093) li      ra, 10
core   0: 3 0x8000aca4 (0x00a00093) x 1 0x0000000a
core   0: 0x8000aca8 (0x00a00393) li      t2, 10
core   0: 3 0x8000aca8 (0x00a00393) x 7 0x0000000a
core   0: 0x8000acac (0x0ff0000f) fence   iorw,iorw
core   0: 3 0x8000acac (0x0ff0000f)
core   0: 0x8000acb0 (0x0045ed33) or      s10, a1, tp
core   0: 3 0x8000acb0 (0x0045ed33) x26 0x80000001
core   0: 0x8000acb4 (0x0000100f) fence.i
core   0: 3 0x8000acb4 (0x0000100f)
core   0: 0x8000acb8 (0x404c5013) srai    zero, s8, 4
core   0: 3 0x8000acb8 (0x404c5013)
core   0: 0x8000acbc (0x0ff0000f) fence   iorw,iorw
core   0: 3 0x8000acbc (0x0ff0000f)
core   0: 0x8000acc0 (0xff708093) addi    ra, ra, -9
core   0: 3 0x8000acc0 (0xff708093) x 1 0x00000001
core   0: 0x8000acc4 (0xfe70f6e3) bgeu    ra, t2, pc - 20
core   0: 3 0x8000acc4 (0xfe70f6e3)
core   0: 0x8000acc8 (0xfd27c8e3) blt     a5, s2, pc - 48
core   0: 3 0x8000acc8 (0xfd27c8e3)
core   0: 0x8000ac98 (0x016bff33) and     t5, s7, s6
core   0: 3 0x8000ac98 (0x016bff33) x30 0x80000000
core   0: 0x8000ac9c (0x00578793) addi    a5, a5, 5
core   0: 3 0x8000ac9c (0x00578793) x15 0x00000014
core   0: 0x8000aca0 (0xcc910d97) auipc   s11, 0xcc910
core   0: 3 0x8000aca0 (0xcc910d97) x27 0x4c91aca0
core   0: 0x8000aca4 (0x00a00093) li      ra, 10
core   0: 3 0x8000aca4 (0x00a00093) x 1 0x0000000a
core   0: 0x8000aca8 (0x00a00393) li      t2, 10
core   0: 3 0x8000aca8 (0x00a00393) x 7 0x0000000a
core   0: 0x8000acac (0x0ff0000f) fence   iorw,iorw
core   0: 3 0x8000acac (0x0ff0000f)
core   0: 0x8000acb0 (0x0045ed33) or      s10, a1, tp
core   0: 3 0x8000acb0 (0x0045ed33) x26 0x80000001
core   0: 0x8000acb4 (0x0000100f) fence.i
core   0: 3 0x8000acb4 (0x0000100f)
core   0: 0x8000acb8 (0x404c5013) srai    zero, s8, 4
core   0: 3 0x8000acb8 (0x404c5013)
core   0: 0x8000acbc (0x0ff0000f) fence   iorw,iorw
core   0: 3 0x8000acbc (0x0ff0000f)
core   0: 0x8000acc0 (0xff708093) addi    ra, ra, -9
core   0: 3 0x8000acc0 (0xff708093) x 1 0x00000001
core   0: 0x8000acc4 (0xfe70f6e3) bgeu    ra, t2, pc - 20
core   0: 3 0x8000acc4 (0xfe70f6e3)
core   0: 0x8000acc8 (0xfd27c8e3) blt     a5, s2, pc - 48
core   0: 3 0x8000acc8 (0xfd27c8e3)
core   0: 0x8000accc (0x408c5bb3) sra     s7, s8, s0
core   0: 3 0x8000accc (0x408c5bb3) x23 0x00000001
core   0: 0x8000acd0 (0xff800393) li      t2, -8
core   0: 3 0x8000acd0 (0xff800393) x 7 0xfffffff8
core   0: 0x8000acd4 (0x018bff33) and     t5, s7, s8
core   0: 3 0x8000acd4 (0x018bff33) x30 0x00000001
core   0: 0x8000acd8 (0x000181b3) add     gp, gp, zero
core   0: 3 0x8000acd8 (0x000181b3) x 3 0x80024e2d
core   0: 0x8000acdc (0x0000100f) fence.i
core   0: 3 0x8000acdc (0x0000100f)
core   0: 0x8000ace0 (0xc0c04913) xori    s2, zero, -1012
core   0: 3 0x8000ace0 (0xc0c04913) x18 0xfffffc0c
core   0: 0x8000ace4 (0x00243ab3) sltu    s5, s0, sp
core   0: 3 0x8000ace4 (0x00243ab3) x21 0x00000001
core   0: 0x8000ace8 (0xe1c88913) addi    s2, a7, -484
core   0: 3 0x8000ace8 (0xe1c88913) x18 0xfffffe1c
core   0: 0x8000acec (0xfdfba313) slti    t1, s7, -33
core   0: 3 0x8000acec (0xfdfba313) x 6 0x00000000
core   0: 0x8000acf0 (0x41325c13) srai    s8, tp, 19
core   0: 3 0x8000acf0 (0x41325c13) x24 0x00000000
core   0: 0x8000acf4 (0x0e2f0313) addi    t1, t5, 226
core   0: 3 0x8000acf4 (0x0e2f0313) x 6 0x000000e3
core   0: 0x8000acf8 (0x00800893) li      a7, 8
core   0: 3 0x8000acf8 (0x00800893) x17 0x00000008
core   0: 0x8000acfc (0xd84db693) sltiu   a3, s11, -636
core   0: 3 0x8000acfc (0xd84db693) x13 0x00000001
core   0: 0x8000ad00 (0x00db8933) add     s2, s7, a3
core   0: 3 0x8000ad00 (0x00db8933) x18 0x00000002
core   0: 0x8000ad04 (0xd5b30013) addi    zero, t1, -677
core   0: 3 0x8000ad04 (0xd5b30013)
core   0: 0x8000ad08 (0x0059c9b3) xor     s3, s3, t0
core   0: 3 0x8000ad08 (0x0059c9b3) x19 0x2f8c1c22
core   0: 0x8000ad0c (0x00975833) srl     a6, a4, s1
core   0: 3 0x8000ad0c (0x00975833) x16 0x00000003
core   0: 0x8000ad10 (0x00a38393) addi    t2, t2, 10
core   0: 3 0x8000ad10 (0x00a38393) x 7 0x00000002
core   0: 0x8000ad14 (0x00000013) nop
core   0: 3 0x8000ad14 (0x00000013)
core   0: 0x8000ad18 (0x403500b3) sub     ra, a0, gp
core   0: 3 0x8000ad18 (0x403500b3) x 1 0x7ffdb1c8
core   0: 0x8000ad1c (0x0124c4b3) xor     s1, s1, s2
core   0: 3 0x8000ad1c (0x0124c4b3) x 9 0x00000001
core   0: 0x8000ad20 (0x0167f033) and     zero, a5, s6
core   0: 3 0x8000ad20 (0x0167f033)
core   0: 0x8000ad24 (0x0ff0000f) fence   iorw,iorw
core   0: 3 0x8000ad24 (0x0ff0000f)
core   0: 0x8000ad28 (0xfd13ece3) bltu    t2, a7, pc - 40
core   0: 3 0x8000ad28 (0xfd13ece3)
core   0: 0x8000ad00 (0x00db8933) add     s2, s7, a3
core   0: 3 0x8000ad00 (0x00db8933) x18 0x00000002
core   0: 0x8000ad04 (0xd5b30013) addi    zero, t1, -677
core   0: 3 0x8000ad04 (0xd5b30013)
core   0: 0x8000ad08 (0x0059c9b3) xor     s3, s3, t0
core   0: 3 0x8000ad08 (0x0059c9b3) x19 0x2f8c1c30
core   0: 0x8000ad0c (0x00975833) srl     a6, a4, s1
core   0: 3 0x8000ad0c (0x00975833) x16 0x0000000e
core   0: 0x8000ad10 (0x00a38393) addi    t2, t2, 10
core   0: 3 0x8000ad10 (0x00a38393) x 7 0x0000000c
core   0: 0x8000ad14 (0x00000013) nop
core   0: 3 0x8000ad14 (0x00000013)
core   0: 0x8000ad18 (0x403500b3) sub     ra, a0, gp
core   0: 3 0x8000ad18 (0x403500b3) x 1 0x7ffdb1c8
core   0: 0x8000ad1c (0x0124c4b3) xor     s1, s1, s2
core   0: 3 0x8000ad1c (0x0124c4b3) x 9 0x00000003
core   0: 0x8000ad20 (0x0167f033) and     zero, a5, s6
core   0: 3 0x8000ad20 (0x0167f033)
core   0: 0x8000ad24 (0x0ff0000f) fence   iorw,iorw
core   0: 3 0x8000ad24 (0x0ff0000f)
core   0: 0x8000ad28 (0xfd13ece3) bltu    t2, a7, pc - 40
core   0: 3 0x8000ad28 (0xfd13ece3)
core   0: 0x8000ad2c (0x9712f813) andi    a6, t0, -1679
core   0: 3 0x8000ad2c (0x9712f813) x16 0x00000010
core   0: 0x8000ad30 (0x00500f13) li      t5, 5
core   0: 3 0x8000ad30 (0x00500f13) x30 0x00000005
core   0: 0x8000ad34 (0x01b0ac33) slt     s8, ra, s11
core   0: 3 0x8000ad34 (0x01b0ac33) x24 0x00000000
core   0: 0x8000ad38 (0x2a29bb13) sltiu   s6, s3, 674
core   0: 3 0x8000ad38 (0x2a29bb13) x22 0x00000000
core   0: 0x8000ad3c (0x01ca0fb3) add     t6, s4, t3
core   0: 3 0x8000ad3c (0x01ca0fb3) x31 0x7ffd731e
core   0: 0x8000ad40 (0xa99b7813) andi    a6, s6, -1383
core   0: 3 0x8000ad40 (0xa99b7813) x16 0x00000000
core   0: 0x8000ad44 (0x409cd6b3) sra     a3, s9, s1
core   0: 3 0x8000ad44 (0x409cd6b3) x13 0x00000020
core   0: 0x8000ad48 (0x00000013) nop
core   0: 3 0x8000ad48 (0x00000013)
core   0: 0x8000ad4c (0x409082b3) sub     t0, ra, s1
core   0: 3 0x8000ad4c (0x409082b3) x 5 0x7ffdb1c5
core   0: 0x8000ad50 (0x01bc97b3) sll     a5, s9, s11
core   0: 3 0x8000ad50 (0x01bc97b3) x15 0x00000102
core   0: 0x8000ad54 (0x0173b033) sltu    zero, t2, s7
core   0: 3 0x8000ad54 (0x0173b033)
core   0: 0x8000ad58 (0xff500e93) li      t4, -11
core   0: 3 0x8000ad58 (0xff500e93) x29 0xfffffff5
core   0: 0x8000ad5c (0x008ac433) xor     s0, s5, s0
core   0: 3 0x8000ad5c (0x008ac433) x 8 0x00000001
core   0: 0x8000ad60 (0x8413bb13) sltiu   s6, t2, -1983
core   0: 3 0x8000ad60 (0x8413bb13) x22 0x00000001
core   0: 0x8000ad64 (0x0e78c693) xori    a3, a7, 231
core   0: 3 0x8000ad64 (0x0e78c693) x13 0x000000ef
core   0: 0x8000ad68 (0x00875893) srli    a7, a4, 8
core   0: 3 0x8000ad68 (0x00875893) x17 0x00000000
core   0: 0x8000ad6c (0xe9986413) ori     s0, a6, -359
core   0: 3 0x8000ad6c (0xe9986413) x 8 0xfffffe99
core   0: 0x8000ad70 (0x41bdd013) srai    zero, s11, 27
core   0: 3 0x8000ad70 (0x41bdd013)
core   0: 0x8000ad74 (0x003a01b3) add     gp, s4, gp
core   0: 3 0x8000ad74 (0x003a01b3) x 3 0xffffc14b
core   0: 0x8000ad78 (0xff8f0f13) addi    t5, t5, -8
core   0: 3 0x8000ad78 (0xff8f0f13) x30 0xfffffffd
core   0: 0x8000ad7c (0xf05bbb93) sltiu   s7, s7, -251
core   0: 3 0x8000ad7c (0xf05bbb93) x23 0x00000001
core   0: 0x8000ad80 (0x00300393) li      t2, 3
core   0: 3 0x8000ad80 (0x00300393) x 7 0x00000003
core   0: 0x8000ad84 (0x00d00913) li      s2, 13
core   0: 3 0x8000ad84 (0x00d00913) x18 0x0000000d
core   0: 0x8000ad88 (0xb1a02f93) slti    t6, zero, -1254
core   0: 3 0x8000ad88 (0xb1a02f93) x31 0x00000000
core   0: 0x8000ad8c (0x00363db3) sltu    s11, a2, gp
core   0: 3 0x8000ad8c (0x00363db3) x27 0x00000001
core   0: 0x8000ad90 (0x00d6d333) srl     t1, a3, a3
core   0: 3 0x8000ad90 (0x00d6d333) x 6 0x00000000
core   0: 0x8000ad94 (0x400a5313) srai    t1, s4, 0
core   0: 3 0x8000ad94 (0x400a5313) x 6 0x7ffd731e
core   0: 0x8000ad98 (0x00ea8333) add     t1, s5, a4
core   0: 3 0x8000ad98 (0x00ea8333) x 6 0x0000001e
core   0: 0x8000ad9c (0x00138393) addi    t2, t2, 1
core   0: 3 0x8000ad9c (0x00138393) x 7 0x00000004
core   0: 0x8000ada0 (0xb4aed6b7) lui     a3, 0xb4aed
core   0: 3 0x8000ada0 (0xb4aed6b7) x13 0xb4aed000
core   0: 0x8000ada4 (0xff23e2e3) bltu    t2, s2, pc - 28
core   0: 3 0x8000ada4 (0xff23e2e3)
core   0: 0x8000ad88 (0xb1a02f93) slti    t6, zero, -1254
core   0: 3 0x8000ad88 (0xb1a02f93) x31 0x00000000
core   0: 0x8000ad8c (0x00363db3) sltu    s11, a2, gp
core   0: 3 0x8000ad8c (0x00363db3) x27 0x00000001
core   0: 0x8000ad90 (0x00d6d333) srl     t1, a3, a3
core   0: 3 0x8000ad90 (0x00d6d333) x 6 0xb4aed000
core   0: 0x8000ad94 (0x400a5313) srai    t1, s4, 0
core   0: 3 0x8000ad94 (0x400a5313) x 6 0x7ffd731e
core   0: 0x8000ad98 (0x00ea8333) add     t1, s5, a4
core   0: 3 0x8000ad98 (0x00ea8333) x 6 0x0000001e
core   0: 0x8000ad9c (0x00138393) addi    t2, t2, 1
core   0: 3 0x8000ad9c (0x00138393) x 7 0x00000005
core   0: 0x8000ada0 (0xb4aed6b7) lui     a3, 0xb4aed
core   0: 3 0x8000ada0 (0xb4aed6b7) x13 0xb4aed000
core   0: 0x8000ada4 (0xff23e2e3) bltu    t2, s2, pc - 28
core   0: 3 0x8000ada4 (0xff23e2e3)
core   0: 0x8000ad88 (0xb1a02f93) slti    t6, zero, -1254
core   0: 3 0x8000ad88 (0xb1a02f93) x31 0x00000000
core   0: 0x8000ad8c (0x00363db3) sltu    s11, a2, gp
core   0: 3 0x8000ad8c (0x00363db3) x27 0x00000001
core   0: 0x8000ad90 (0x00d6d333) srl     t1, a3, a3
core   0: 3 0x8000ad90 (0x00d6d333) x 6 0xb4aed000
core   0: 0x8000ad94 (0x400a5313) srai    t1, s4, 0
core   0: 3 0x8000ad94 (0x400a5313) x 6 0x7ffd731e
core   0: 0x8000ad98 (0x00ea8333) add     t1, s5, a4
core   0: 3 0x8000ad98 (0x00ea8333) x 6 0x0000001e
core   0: 0x8000ad9c (0x00138393) addi    t2, t2, 1
core   0: 3 0x8000ad9c (0x00138393) x 7 0x00000006
core   0: 0x8000ada0 (0xb4aed6b7) lui     a3, 0xb4aed
core   0: 3 0x8000ada0 (0xb4aed6b7) x13 0xb4aed000
core   0: 0x8000ada4 (0xff23e2e3) bltu    t2, s2, pc - 28
core   0: 3 0x8000ada4 (0xff23e2e3)
core   0: 0x8000ad88 (0xb1a02f93) slti    t6, zero, -1254
core   0: 3 0x8000ad88 (0xb1a02f93) x31 0x00000000
core   0: 0x8000ad8c (0x00363db3) sltu    s11, a2, gp
core   0: 3 0x8000ad8c (0x00363db3) x27 0x00000001
core   0: 0x8000ad90 (0x00d6d333) srl     t1, a3, a3
core   0: 3 0x8000ad90 (0x00d6d333) x 6 0xb4aed000
core   0: 0x8000ad94 (0x400a5313) srai    t1, s4, 0
core   0: 3 0x8000ad94 (0x400a5313) x 6 0x7ffd731e
core   0: 0x8000ad98 (0x00ea8333) add     t1, s5, a4
core   0: 3 0x8000ad98 (0x00ea8333) x 6 0x0000001e
core   0: 0x8000ad9c (0x00138393) addi    t2, t2, 1
core   0: 3 0x8000ad9c (0x00138393) x 7 0x00000007
core   0: 0x8000ada0 (0xb4aed6b7) lui     a3, 0xb4aed
core   0: 3 0x8000ada0 (0xb4aed6b7) x13 0xb4aed000
core   0: 0x8000ada4 (0xff23e2e3) bltu    t2, s2, pc - 28
core   0: 3 0x8000ada4 (0xff23e2e3)
core   0: 0x8000ad88 (0xb1a02f93) slti    t6, zero, -1254
core   0: 3 0x8000ad88 (0xb1a02f93) x31 0x00000000
core   0: 0x8000ad8c (0x00363db3) sltu    s11, a2, gp
core   0: 3 0x8000ad8c (0x00363db3) x27 0x00000001
core   0: 0x8000ad90 (0x00d6d333) srl     t1, a3, a3
core   0: 3 0x8000ad90 (0x00d6d333) x 6 0xb4aed000
core   0: 0x8000ad94 (0x400a5313) srai    t1, s4, 0
core   0: 3 0x8000ad94 (0x400a5313) x 6 0x7ffd731e
core   0: 0x8000ad98 (0x00ea8333) add     t1, s5, a4
core   0: 3 0x8000ad98 (0x00ea8333) x 6 0x0000001e
core   0: 0x8000ad9c (0x00138393) addi    t2, t2, 1
core   0: 3 0x8000ad9c (0x00138393) x 7 0x00000008
core   0: 0x8000ada0 (0xb4aed6b7) lui     a3, 0xb4aed
core   0: 3 0x8000ada0 (0xb4aed6b7) x13 0xb4aed000
core   0: 0x8000ada4 (0xff23e2e3) bltu    t2, s2, pc - 28
core   0: 3 0x8000ada4 (0xff23e2e3)
core   0: 0x8000ad88 (0xb1a02f93) slti    t6, zero, -1254
core   0: 3 0x8000ad88 (0xb1a02f93) x31 0x00000000
core   0: 0x8000ad8c (0x00363db3) sltu    s11, a2, gp
core   0: 3 0x8000ad8c (0x00363db3) x27 0x00000001
core   0: 0x8000ad90 (0x00d6d333) srl     t1, a3, a3
core   0: 3 0x8000ad90 (0x00d6d333) x 6 0xb4aed000
core   0: 0x8000ad94 (0x400a5313) srai    t1, s4, 0
core   0: 3 0x8000ad94 (0x400a5313) x 6 0x7ffd731e
core   0: 0x8000ad98 (0x00ea8333) add     t1, s5, a4
core   0: 3 0x8000ad98 (0x00ea8333) x 6 0x0000001e
core   0: 0x8000ad9c (0x00138393) addi    t2, t2, 1
core   0: 3 0x8000ad9c (0x00138393) x 7 0x00000009
core   0: 0x8000ada0 (0xb4aed6b7) lui     a3, 0xb4aed
core   0: 3 0x8000ada0 (0xb4aed6b7) x13 0xb4aed000
core   0: 0x8000ada4 (0xff23e2e3) bltu    t2, s2, pc - 28
core   0: 3 0x8000ada4 (0xff23e2e3)
core   0: 0x8000ad88 (0xb1a02f93) slti    t6, zero, -1254
core   0: 3 0x8000ad88 (0xb1a02f93) x31 0x00000000
core   0: 0x8000ad8c (0x00363db3) sltu    s11, a2, gp
core   0: 3 0x8000ad8c (0x00363db3) x27 0x00000001
core   0: 0x8000ad90 (0x00d6d333) srl     t1, a3, a3
core   0: 3 0x8000ad90 (0x00d6d333) x 6 0xb4aed000
core   0: 0x8000ad94 (0x400a5313) srai    t1, s4, 0
core   0: 3 0x8000ad94 (0x400a5313) x 6 0x7ffd731e
core   0: 0x8000ad98 (0x00ea8333) add     t1, s5, a4
core   0: 3 0x8000ad98 (0x00ea8333) x 6 0x0000001e
core   0: 0x8000ad9c (0x00138393) addi    t2, t2, 1
core   0: 3 0x8000ad9c (0x00138393) x 7 0x0000000a
core   0: 0x8000ada0 (0xb4aed6b7) lui     a3, 0xb4aed
core   0: 3 0x8000ada0 (0xb4aed6b7) x13 0xb4aed000
core   0: 0x8000ada4 (0xff23e2e3) bltu    t2, s2, pc - 28
core   0: 3 0x8000ada4 (0xff23e2e3)
core   0: 0x8000ad88 (0xb1a02f93) slti    t6, zero, -1254
core   0: 3 0x8000ad88 (0xb1a02f93) x31 0x00000000
core   0: 0x8000ad8c (0x00363db3) sltu    s11, a2, gp
core   0: 3 0x8000ad8c (0x00363db3) x27 0x00000001
core   0: 0x8000ad90 (0x00d6d333) srl     t1, a3, a3
core   0: 3 0x8000ad90 (0x00d6d333) x 6 0xb4aed000
core   0: 0x8000ad94 (0x400a5313) srai    t1, s4, 0
core   0: 3 0x8000ad94 (0x400a5313) x 6 0x7ffd731e
core   0: 0x8000ad98 (0x00ea8333) add     t1, s5, a4
core   0: 3 0x8000ad98 (0x00ea8333) x 6 0x0000001e
core   0: 0x8000ad9c (0x00138393) addi    t2, t2, 1
core   0: 3 0x8000ad9c (0x00138393) x 7 0x0000000b
core   0: 0x8000ada0 (0xb4aed6b7) lui     a3, 0xb4aed
core   0: 3 0x8000ada0 (0xb4aed6b7) x13 0xb4aed000
core   0: 0x8000ada4 (0xff23e2e3) bltu    t2, s2, pc - 28
core   0: 3 0x8000ada4 (0xff23e2e3)
core   0: 0x8000ad88 (0xb1a02f93) slti    t6, zero, -1254
core   0: 3 0x8000ad88 (0xb1a02f93) x31 0x00000000
core   0: 0x8000ad8c (0x00363db3) sltu    s11, a2, gp
core   0: 3 0x8000ad8c (0x00363db3) x27 0x00000001
core   0: 0x8000ad90 (0x00d6d333) srl     t1, a3, a3
core   0: 3 0x8000ad90 (0x00d6d333) x 6 0xb4aed000
core   0: 0x8000ad94 (0x400a5313) srai    t1, s4, 0
core   0: 3 0x8000ad94 (0x400a5313) x 6 0x7ffd731e
core   0: 0x8000ad98 (0x00ea8333) add     t1, s5, a4
core   0: 3 0x8000ad98 (0x00ea8333) x 6 0x0000001e
core   0: 0x8000ad9c (0x00138393) addi    t2, t2, 1
core   0: 3 0x8000ad9c (0x00138393) x 7 0x0000000c
core   0: 0x8000ada0 (0xb4aed6b7) lui     a3, 0xb4aed
core   0: 3 0x8000ada0 (0xb4aed6b7) x13 0xb4aed000
core   0: 0x8000ada4 (0xff23e2e3) bltu    t2, s2, pc - 28
core   0: 3 0x8000ada4 (0xff23e2e3)
core   0: 0x8000ad88 (0xb1a02f93) slti    t6, zero, -1254
core   0: 3 0x8000ad88 (0xb1a02f93) x31 0x00000000
core   0: 0x8000ad8c (0x00363db3) sltu    s11, a2, gp
core   0: 3 0x8000ad8c (0x00363db3) x27 0x00000001
core   0: 0x8000ad90 (0x00d6d333) srl     t1, a3, a3
core   0: 3 0x8000ad90 (0x00d6d333) x 6 0xb4aed000
core   0: 0x8000ad94 (0x400a5313) srai    t1, s4, 0
core   0: 3 0x8000ad94 (0x400a5313) x 6 0x7ffd731e
core   0: 0x8000ad98 (0x00ea8333) add     t1, s5, a4
core   0: 3 0x8000ad98 (0x00ea8333) x 6 0x0000001e
core   0: 0x8000ad9c (0x00138393) addi    t2, t2, 1
core   0: 3 0x8000ad9c (0x00138393) x 7 0x0000000d
core   0: 0x8000ada0 (0xb4aed6b7) lui     a3, 0xb4aed
core   0: 3 0x8000ada0 (0xb4aed6b7) x13 0xb4aed000
core   0: 0x8000ada4 (0xff23e2e3) bltu    t2, s2, pc - 28
core   0: 3 0x8000ada4 (0xff23e2e3)
core   0: 0x8000ada8 (0x01118cb3) add     s9, gp, a7
core   0: 3 0x8000ada8 (0x01118cb3) x25 0xffffc14b
core   0: 0x8000adac (0xfbdf0ce3) beq     t5, t4, pc - 72
core   0: 3 0x8000adac (0xfbdf0ce3)
core   0: 0x8000adb0 (0x01899a93) slli    s5, s3, 24
core   0: 3 0x8000adb0 (0x01899a93) x21 0x30000000
core   0: 0x8000adb4 (0x00400793) li      a5, 4
core   0: 3 0x8000adb4 (0x00400793) x15 0x00000004
core   0: 0x8000adb8 (0x403f5833) sra     a6, t5, gp
core   0: 3 0x8000adb8 (0x403f5833) x16 0xffffffff
core   0: 0x8000adbc (0x4084dd93) srai    s11, s1, 8
core   0: 3 0x8000adbc (0x4084dd93) x27 0x00000000
core   0: 0x8000adc0 (0x0ff0000f) fence   iorw,iorw
core   0: 3 0x8000adc0 (0x0ff0000f)
core   0: 0x8000adc4 (0x4159dc13) srai    s8, s3, 21
core   0: 3 0x8000adc4 (0x4159dc13) x24 0x0000017c
core   0: 0x8000adc8 (0x0ff0000f) fence   iorw,iorw
core   0: 3 0x8000adc8 (0x0ff0000f)
core   0: 0x8000adcc (0x4068dd33) sra     s10, a7, t1
core   0: 3 0x8000adcc (0x4068dd33) x26 0x00000000
core   0: 0x8000add0 (0xb1333093) sltiu   ra, t1, -1261
core   0: 3 0x8000add0 (0xb1333093) x 1 0x00000001
core   0: 0x8000add4 (0x01f05233) srl     tp, zero, t6
core   0: 3 0x8000add4 (0x01f05233) x 4 0x00000000
core   0: 0x8000add8 (0x598d2413) slti    s0, s10, 1432
core   0: 3 0x8000add8 (0x598d2413) x 8 0x00000001
core   0: 0x8000addc (0x00600493) li      s1, 6
core   0: 3 0x8000addc (0x00600493) x 9 0x00000006
core   0: 0x8000ade0 (0xb512a293) slti    t0, t0, -1199
core   0: 3 0x8000ade0 (0xb512a293) x 5 0x00000000
core   0: 0x8000ade4 (0x005a4cb3) xor     s9, s4, t0
core   0: 3 0x8000ade4 (0x005a4cb3) x25 0x7ffd731e
core   0: 0x8000ade8 (0x00178793) addi    a5, a5, 1
core   0: 3 0x8000ade8 (0x00178793) x15 0x00000005
core   0: 0x8000adec (0xd5ab3c13) sltiu   s8, s6, -678
core   0: 3 0x8000adec (0xd5ab3c13) x24 0x00000001
core   0: 0x8000adf0 (0x0000100f) fence.i
core   0: 3 0x8000adf0 (0x0000100f)
core   0: 0x8000adf4 (0x68044bb7) lui     s7, 0x68044
core   0: 3 0x8000adf4 (0x68044bb7) x23 0x68044000
core   0: 0x8000adf8 (0xfe97c4e3) blt     a5, s1, pc - 24
core   0: 3 0x8000adf8 (0xfe97c4e3)
core   0: 0x8000ade0 (0xb512a293) slti    t0, t0, -1199
core   0: 3 0x8000ade0 (0xb512a293) x 5 0x00000000
core   0: 0x8000ade4 (0x005a4cb3) xor     s9, s4, t0
core   0: 3 0x8000ade4 (0x005a4cb3) x25 0x7ffd731e
core   0: 0x8000ade8 (0x00178793) addi    a5, a5, 1
core   0: 3 0x8000ade8 (0x00178793) x15 0x00000006
core   0: 0x8000adec (0xd5ab3c13) sltiu   s8, s6, -678
core   0: 3 0x8000adec (0xd5ab3c13) x24 0x00000001
core   0: 0x8000adf0 (0x0000100f) fence.i
core   0: 3 0x8000adf0 (0x0000100f)
core   0: 0x8000adf4 (0x68044bb7) lui     s7, 0x68044
core   0: 3 0x8000adf4 (0x68044bb7) x23 0x68044000
core   0: 0x8000adf8 (0xfe97c4e3) blt     a5, s1, pc - 24
core   0: 3 0x8000adf8 (0xfe97c4e3)
core   0: 0x8000adfc (0x412d5cb3) sra     s9, s10, s2
core   0: 3 0x8000adfc (0x412d5cb3) x25 0x00000000
core   0: 0x8000ae00 (0x00a00493) li      s1, 10
core   0: 3 0x8000ae00 (0x00a00493) x 9 0x0000000a
core   0: 0x8000ae04 (0x38b03f93) sltiu   t6, zero, 907
core   0: 3 0x8000ae04 (0x38b03f93) x31 0x00000001
core   0: 0x8000ae08 (0xe32fa737) lui     a4, 0xe32fa
core   0: 3 0x8000ae08 (0xe32fa737) x14 0xe32fa000
core   0: 0x8000ae0c (0x01c81513) slli    a0, a6, 28
core   0: 3 0x8000ae0c (0x01c81513) x10 0xf0000000
core   0: 0x8000ae10 (0x6f1bab13) slti    s6, s7, 1777
core   0: 3 0x8000ae10 (0x6f1bab13) x22 0x00000000
core   0: 0x8000ae14 (0x00400893) li      a7, 4
core   0: 3 0x8000ae14 (0x00400893) x17 0x00000004
core   0: 0x8000ae18 (0xfd83a913) slti    s2, t2, -40
core   0: 3 0x8000ae18 (0xfd83a913) x18 0x00000000
core   0: 0x8000ae1c (0x007ac6b3) xor     a3, s5, t2
core   0: 3 0x8000ae1c (0x007ac6b3) x13 0x3000000d
core   0: 0x8000ae20 (0x01e62f33) slt     t5, a2, t5
core   0: 3 0x8000ae20 (0x01e62f33) x30 0x00000001
core   0: 0x8000ae24 (0x00093eb3) sltu    t4, s2, zero
core   0: 3 0x8000ae24 (0x00093eb3) x29 0x00000000
core   0: 0x8000ae28 (0x01117033) and     zero, sp, a7
core   0: 3 0x8000ae28 (0x01117033)
core   0: 0x8000ae2c (0x63303d13) sltiu   s10, zero, 1587
core   0: 3 0x8000ae2c (0x63303d13) x26 0x00000001
core   0: 0x8000ae30 (0x5ccca413) slti    s0, s9, 1484
core   0: 3 0x8000ae30 (0x5ccca413) x 8 0x00000001
core   0: 0x8000ae34 (0x0147b833) sltu    a6, a5, s4
core   0: 3 0x8000ae34 (0x0147b833) x16 0x00000001
core   0: 0x8000ae38 (0xfff48493) addi    s1, s1, -1
core   0: 3 0x8000ae38 (0xfff48493) x 9 0x00000009
core   0: 0x8000ae3c (0x402406b3) sub     a3, s0, sp
core   0: 3 0x8000ae3c (0x402406b3) x13 0x7ffd731d
core   0: 0x8000ae40 (0x010511b3) sll     gp, a0, a6
core   0: 3 0x8000ae40 (0x010511b3) x 3 0xe0000000
core   0: 0x8000ae44 (0x4c1ca093) slti    ra, s9, 1217
core   0: 3 0x8000ae44 (0x4c1ca093) x 1 0x00000001
core   0: 0x8000ae48 (0x0ff0000f) fence   iorw,iorw
core   0: 3 0x8000ae48 (0x0ff0000f)
core   0: 0x8000ae4c (0xff14f2e3) bgeu    s1, a7, pc - 28
core   0: 3 0x8000ae4c (0xff14f2e3)
core   0: 0x8000ae30 (0x5ccca413) slti    s0, s9, 1484
core   0: 3 0x8000ae30 (0x5ccca413) x 8 0x00000001
core   0: 0x8000ae34 (0x0147b833) sltu    a6, a5, s4
core   0: 3 0x8000ae34 (0x0147b833) x16 0x00000001
core   0: 0x8000ae38 (0xfff48493) addi    s1, s1, -1
core   0: 3 0x8000ae38 (0xfff48493) x 9 0x00000008
core   0: 0x8000ae3c (0x402406b3) sub     a3, s0, sp
core   0: 3 0x8000ae3c (0x402406b3) x13 0x7ffd731d
core   0: 0x8000ae40 (0x010511b3) sll     gp, a0, a6
core   0: 3 0x8000ae40 (0x010511b3) x 3 0xe0000000
core   0: 0x8000ae44 (0x4c1ca093) slti    ra, s9, 1217
core   0: 3 0x8000ae44 (0x4c1ca093) x 1 0x00000001
core   0: 0x8000ae48 (0x0ff0000f) fence   iorw,iorw
core   0: 3 0x8000ae48 (0x0ff0000f)
core   0: 0x8000ae4c (0xff14f2e3) bgeu    s1, a7, pc - 28
core   0: 3 0x8000ae4c (0xff14f2e3)
core   0: 0x8000ae30 (0x5ccca413) slti    s0, s9, 1484
core   0: 3 0x8000ae30 (0x5ccca413) x 8 0x00000001
core   0: 0x8000ae34 (0x0147b833) sltu    a6, a5, s4
core   0: 3 0x8000ae34 (0x0147b833) x16 0x00000001
core   0: 0x8000ae38 (0xfff48493) addi    s1, s1, -1
core   0: 3 0x8000ae38 (0xfff48493) x 9 0x00000007
core   0: 0x8000ae3c (0x402406b3) sub     a3, s0, sp
core   0: 3 0x8000ae3c (0x402406b3) x13 0x7ffd731d
core   0: 0x8000ae40 (0x010511b3) sll     gp, a0, a6
core   0: 3 0x8000ae40 (0x010511b3) x 3 0xe0000000
core   0: 0x8000ae44 (0x4c1ca093) slti    ra, s9, 1217
core   0: 3 0x8000ae44 (0x4c1ca093) x 1 0x00000001
core   0: 0x8000ae48 (0x0ff0000f) fence   iorw,iorw
core   0: 3 0x8000ae48 (0x0ff0000f)
core   0: 0x8000ae4c (0xff14f2e3) bgeu    s1, a7, pc - 28
core   0: 3 0x8000ae4c (0xff14f2e3)
core   0: 0x8000ae30 (0x5ccca413) slti    s0, s9, 1484
core   0: 3 0x8000ae30 (0x5ccca413) x 8 0x00000001
core   0: 0x8000ae34 (0x0147b833) sltu    a6, a5, s4
core   0: 3 0x8000ae34 (0x0147b833) x16 0x00000001
core   0: 0x8000ae38 (0xfff48493) addi    s1, s1, -1
core   0: 3 0x8000ae38 (0xfff48493) x 9 0x00000006
core   0: 0x8000ae3c (0x402406b3) sub     a3, s0, sp
core   0: 3 0x8000ae3c (0x402406b3) x13 0x7ffd731d
core   0: 0x8000ae40 (0x010511b3) sll     gp, a0, a6
core   0: 3 0x8000ae40 (0x010511b3) x 3 0xe0000000
core   0: 0x8000ae44 (0x4c1ca093) slti    ra, s9, 1217
core   0: 3 0x8000ae44 (0x4c1ca093) x 1 0x00000001
core   0: 0x8000ae48 (0x0ff0000f) fence   iorw,iorw
core   0: 3 0x8000ae48 (0x0ff0000f)
core   0: 0x8000ae4c (0xff14f2e3) bgeu    s1, a7, pc - 28
core   0: 3 0x8000ae4c (0xff14f2e3)
core   0: 0x8000ae30 (0x5ccca413) slti    s0, s9, 1484
core   0: 3 0x8000ae30 (0x5ccca413) x 8 0x00000001
core   0: 0x8000ae34 (0x0147b833) sltu    a6, a5, s4
core   0: 3 0x8000ae34 (0x0147b833) x16 0x00000001
core   0: 0x8000ae38 (0xfff48493) addi    s1, s1, -1
core   0: 3 0x8000ae38 (0xfff48493) x 9 0x00000005
core   0: 0x8000ae3c (0x402406b3) sub     a3, s0, sp
core   0: 3 0x8000ae3c (0x402406b3) x13 0x7ffd731d
core   0: 0x8000ae40 (0x010511b3) sll     gp, a0, a6
core   0: 3 0x8000ae40 (0x010511b3) x 3 0xe0000000
core   0: 0x8000ae44 (0x4c1ca093) slti    ra, s9, 1217
core   0: 3 0x8000ae44 (0x4c1ca093) x 1 0x00000001
core   0: 0x8000ae48 (0x0ff0000f) fence   iorw,iorw
core   0: 3 0x8000ae48 (0x0ff0000f)
core   0: 0x8000ae4c (0xff14f2e3) bgeu    s1, a7, pc - 28
core   0: 3 0x8000ae4c (0xff14f2e3)
core   0: 0x8000ae30 (0x5ccca413) slti    s0, s9, 1484
core   0: 3 0x8000ae30 (0x5ccca413) x 8 0x00000001
core   0: 0x8000ae34 (0x0147b833) sltu    a6, a5, s4
core   0: 3 0x8000ae34 (0x0147b833) x16 0x00000001
core   0: 0x8000ae38 (0xfff48493) addi    s1, s1, -1
core   0: 3 0x8000ae38 (0xfff48493) x 9 0x00000004
core   0: 0x8000ae3c (0x402406b3) sub     a3, s0, sp
core   0: 3 0x8000ae3c (0x402406b3) x13 0x7ffd731d
core   0: 0x8000ae40 (0x010511b3) sll     gp, a0, a6
core   0: 3 0x8000ae40 (0x010511b3) x 3 0xe0000000
core   0: 0x8000ae44 (0x4c1ca093) slti    ra, s9, 1217
core   0: 3 0x8000ae44 (0x4c1ca093) x 1 0x00000001
core   0: 0x8000ae48 (0x0ff0000f) fence   iorw,iorw
core   0: 3 0x8000ae48 (0x0ff0000f)
core   0: 0x8000ae4c (0xff14f2e3) bgeu    s1, a7, pc - 28
core   0: 3 0x8000ae4c (0xff14f2e3)
core   0: 0x8000ae30 (0x5ccca413) slti    s0, s9, 1484
core   0: 3 0x8000ae30 (0x5ccca413) x 8 0x00000001
core   0: 0x8000ae34 (0x0147b833) sltu    a6, a5, s4
core   0: 3 0x8000ae34 (0x0147b833) x16 0x00000001
core   0: 0x8000ae38 (0xfff48493) addi    s1, s1, -1
core   0: 3 0x8000ae38 (0xfff48493) x 9 0x00000003
core   0: 0x8000ae3c (0x402406b3) sub     a3, s0, sp
core   0: 3 0x8000ae3c (0x402406b3) x13 0x7ffd731d
core   0: 0x8000ae40 (0x010511b3) sll     gp, a0, a6
core   0: 3 0x8000ae40 (0x010511b3) x 3 0xe0000000
core   0: 0x8000ae44 (0x4c1ca093) slti    ra, s9, 1217
core   0: 3 0x8000ae44 (0x4c1ca093) x 1 0x00000001
core   0: 0x8000ae48 (0x0ff0000f) fence   iorw,iorw
core   0: 3 0x8000ae48 (0x0ff0000f)
core   0: 0x8000ae4c (0xff14f2e3) bgeu    s1, a7, pc - 28
core   0: 3 0x8000ae4c (0xff14f2e3)
core   0: 0x8000ae50 (0x41c15693) srai    a3, sp, 28
core   0: 3 0x8000ae50 (0x41c15693) x13 0xfffffff8
core   0: 0x8000ae54 (0x00500b93) li      s7, 5
core   0: 3 0x8000ae54 (0x00500b93) x23 0x00000005
core   0: 0x8000ae58 (0x01b151b3) srl     gp, sp, s11
core   0: 3 0x8000ae58 (0x01b151b3) x 3 0x80028ce4
core   0: 0x8000ae5c (0x00f071b3) and     gp, zero, a5
core   0: 3 0x8000ae5c (0x00f071b3) x 3 0x00000000
core   0: 0x8000ae60 (0xc38c3193) sltiu   gp, s8, -968
core   0: 3 0x8000ae60 (0xc38c3193) x 3 0x00000001
core   0: 0x8000ae64 (0x0000100f) fence.i
core   0: 3 0x8000ae64 (0x0000100f)
core   0: 0x8000ae68 (0x062bfc37) lui     s8, 0x62bf
core   0: 3 0x8000ae68 (0x062bfc37) x24 0x062bf000
core   0: 0x8000ae6c (0xfed00b13) li      s6, -19
core   0: 3 0x8000ae6c (0xfed00b13) x22 0xffffffed
core   0: 0x8000ae70 (0x00bc1ab3) sll     s5, s8, a1
core   0: 3 0x8000ae70 (0x00bc1ab3) x21 0x062bf000
core   0: 0x8000ae74 (0x0124d893) srli    a7, s1, 18
core   0: 3 0x8000ae74 (0x0124d893) x17 0x00000000
core   0: 0x8000ae78 (0x406187b3) sub     a5, gp, t1
core   0: 3 0x8000ae78 (0x406187b3) x15 0xffffffe3
core   0: 0x8000ae7c (0x00989413) slli    s0, a7, 9
core   0: 3 0x8000ae7c (0x00989413) x 8 0x00000000
core   0: 0x8000ae80 (0xffcb8b93) addi    s7, s7, -4
core   0: 3 0x8000ae80 (0xffcb8b93) x23 0x00000001
core   0: 0x8000ae84 (0x00705913) srli    s2, zero, 7
core   0: 3 0x8000ae84 (0x00705913) x18 0x00000000
core   0: 0x8000ae88 (0x0000100f) fence.i
core   0: 3 0x8000ae88 (0x0000100f)
core   0: 0x8000ae8c (0x003b8ab3) add     s5, s7, gp
core   0: 3 0x8000ae8c (0x003b8ab3) x21 0x00000002
core   0: 0x8000ae90 (0x00000013) nop
core   0: 3 0x8000ae90 (0x00000013)
core   0: 0x8000ae94 (0x01579493) slli    s1, a5, 21
core   0: 3 0x8000ae94 (0x01579493) x 9 0xfc600000
core   0: 0x8000ae98 (0xff6bd0e3) bge     s7, s6, pc - 32
core   0: 3 0x8000ae98 (0xff6bd0e3)
core   0: 0x8000ae78 (0x406187b3) sub     a5, gp, t1
core   0: 3 0x8000ae78 (0x406187b3) x15 0xffffffe3
core   0: 0x8000ae7c (0x00989413) slli    s0, a7, 9
core   0: 3 0x8000ae7c (0x00989413) x 8 0x00000000
core   0: 0x8000ae80 (0xffcb8b93) addi    s7, s7, -4
core   0: 3 0x8000ae80 (0xffcb8b93) x23 0xfffffffd
core   0: 0x8000ae84 (0x00705913) srli    s2, zero, 7
core   0: 3 0x8000ae84 (0x00705913) x18 0x00000000
core   0: 0x8000ae88 (0x0000100f) fence.i
core   0: 3 0x8000ae88 (0x0000100f)
core   0: 0x8000ae8c (0x003b8ab3) add     s5, s7, gp
core   0: 3 0x8000ae8c (0x003b8ab3) x21 0xfffffffe
core   0: 0x8000ae90 (0x00000013) nop
core   0: 3 0x8000ae90 (0x00000013)
core   0: 0x8000ae94 (0x01579493) slli    s1, a5, 21
core   0: 3 0x8000ae94 (0x01579493) x 9 0xfc600000
core   0: 0x8000ae98 (0xff6bd0e3) bge     s7, s6, pc - 32
core   0: 3 0x8000ae98 (0xff6bd0e3)
core   0: 0x8000ae78 (0x406187b3) sub     a5, gp, t1
core   0: 3 0x8000ae78 (0x406187b3) x15 0xffffffe3
core   0: 0x8000ae7c (0x00989413) slli    s0, a7, 9
core   0: 3 0x8000ae7c (0x00989413) x 8 0x00000000
core   0: 0x8000ae80 (0xffcb8b93) addi    s7, s7, -4
core   0: 3 0x8000ae80 (0xffcb8b93) x23 0xfffffff9
core   0: 0x8000ae84 (0x00705913) srli    s2, zero, 7
core   0: 3 0x8000ae84 (0x00705913) x18 0x00000000
core   0: 0x8000ae88 (0x0000100f) fence.i
core   0: 3 0x8000ae88 (0x0000100f)
core   0: 0x8000ae8c (0x003b8ab3) add     s5, s7, gp
core   0: 3 0x8000ae8c (0x003b8ab3) x21 0xfffffffa
core   0: 0x8000ae90 (0x00000013) nop
core   0: 3 0x8000ae90 (0x00000013)
core   0: 0x8000ae94 (0x01579493) slli    s1, a5, 21
core   0: 3 0x8000ae94 (0x01579493) x 9 0xfc600000
core   0: 0x8000ae98 (0xff6bd0e3) bge     s7, s6, pc - 32
core   0: 3 0x8000ae98 (0xff6bd0e3)
core   0: 0x8000ae78 (0x406187b3) sub     a5, gp, t1
core   0: 3 0x8000ae78 (0x406187b3) x15 0xffffffe3
core   0: 0x8000ae7c (0x00989413) slli    s0, a7, 9
core   0: 3 0x8000ae7c (0x00989413) x 8 0x00000000
core   0: 0x8000ae80 (0xffcb8b93) addi    s7, s7, -4
core   0: 3 0x8000ae80 (0xffcb8b93) x23 0xfffffff5
core   0: 0x8000ae84 (0x00705913) srli    s2, zero, 7
core   0: 3 0x8000ae84 (0x00705913) x18 0x00000000
core   0: 0x8000ae88 (0x0000100f) fence.i
core   0: 3 0x8000ae88 (0x0000100f)
core   0: 0x8000ae8c (0x003b8ab3) add     s5, s7, gp
core   0: 3 0x8000ae8c (0x003b8ab3) x21 0xfffffff6
core   0: 0x8000ae90 (0x00000013) nop
core   0: 3 0x8000ae90 (0x00000013)
core   0: 0x8000ae94 (0x01579493) slli    s1, a5, 21
core   0: 3 0x8000ae94 (0x01579493) x 9 0xfc600000
core   0: 0x8000ae98 (0xff6bd0e3) bge     s7, s6, pc - 32
core   0: 3 0x8000ae98 (0xff6bd0e3)
core   0: 0x8000ae78 (0x406187b3) sub     a5, gp, t1
core   0: 3 0x8000ae78 (0x406187b3) x15 0xffffffe3
core   0: 0x8000ae7c (0x00989413) slli    s0, a7, 9
core   0: 3 0x8000ae7c (0x00989413) x 8 0x00000000
core   0: 0x8000ae80 (0xffcb8b93) addi    s7, s7, -4
core   0: 3 0x8000ae80 (0xffcb8b93) x23 0xfffffff1
core   0: 0x8000ae84 (0x00705913) srli    s2, zero, 7
core   0: 3 0x8000ae84 (0x00705913) x18 0x00000000
core   0: 0x8000ae88 (0x0000100f) fence.i
core   0: 3 0x8000ae88 (0x0000100f)
core   0: 0x8000ae8c (0x003b8ab3) add     s5, s7, gp
core   0: 3 0x8000ae8c (0x003b8ab3) x21 0xfffffff2
core   0: 0x8000ae90 (0x00000013) nop
core   0: 3 0x8000ae90 (0x00000013)
core   0: 0x8000ae94 (0x01579493) slli    s1, a5, 21
core   0: 3 0x8000ae94 (0x01579493) x 9 0xfc600000
core   0: 0x8000ae98 (0xff6bd0e3) bge     s7, s6, pc - 32
core   0: 3 0x8000ae98 (0xff6bd0e3)
core   0: 0x8000ae78 (0x406187b3) sub     a5, gp, t1
core   0: 3 0x8000ae78 (0x406187b3) x15 0xffffffe3
core   0: 0x8000ae7c (0x00989413) slli    s0, a7, 9
core   0: 3 0x8000ae7c (0x00989413) x 8 0x00000000
core   0: 0x8000ae80 (0xffcb8b93) addi    s7, s7, -4
core   0: 3 0x8000ae80 (0xffcb8b93) x23 0xffffffed
core   0: 0x8000ae84 (0x00705913) srli    s2, zero, 7
core   0: 3 0x8000ae84 (0x00705913) x18 0x00000000
core   0: 0x8000ae88 (0x0000100f) fence.i
core   0: 3 0x8000ae88 (0x0000100f)
core   0: 0x8000ae8c (0x003b8ab3) add     s5, s7, gp
core   0: 3 0x8000ae8c (0x003b8ab3) x21 0xffffffee
core   0: 0x8000ae90 (0x00000013) nop
core   0: 3 0x8000ae90 (0x00000013)
core   0: 0x8000ae94 (0x01579493) slli    s1, a5, 21
core   0: 3 0x8000ae94 (0x01579493) x 9 0xfc600000
core   0: 0x8000ae98 (0xff6bd0e3) bge     s7, s6, pc - 32
core   0: 3 0x8000ae98 (0xff6bd0e3)
core   0: 0x8000ae78 (0x406187b3) sub     a5, gp, t1
core   0: 3 0x8000ae78 (0x406187b3) x15 0xffffffe3
core   0: 0x8000ae7c (0x00989413) slli    s0, a7, 9
core   0: 3 0x8000ae7c (0x00989413) x 8 0x00000000
core   0: 0x8000ae80 (0xffcb8b93) addi    s7, s7, -4
core   0: 3 0x8000ae80 (0xffcb8b93) x23 0xffffffe9
core   0: 0x8000ae84 (0x00705913) srli    s2, zero, 7
core   0: 3 0x8000ae84 (0x00705913) x18 0x00000000
core   0: 0x8000ae88 (0x0000100f) fence.i
core   0: 3 0x8000ae88 (0x0000100f)
core   0: 0x8000ae8c (0x003b8ab3) add     s5, s7, gp
core   0: 3 0x8000ae8c (0x003b8ab3) x21 0xffffffea
core   0: 0x8000ae90 (0x00000013) nop
core   0: 3 0x8000ae90 (0x00000013)
core   0: 0x8000ae94 (0x01579493) slli    s1, a5, 21
core   0: 3 0x8000ae94 (0x01579493) x 9 0xfc600000
core   0: 0x8000ae98 (0xff6bd0e3) bge     s7, s6, pc - 32
core   0: 3 0x8000ae98 (0xff6bd0e3)
core   0: 0x8000ae9c (0x00f7d833) srl     a6, a5, a5
core   0: 3 0x8000ae9c (0x00f7d833) x16 0x1ffffffc
core   0: 0x8000aea0 (0x00300393) li      t2, 3
core   0: 3 0x8000aea0 (0x00300393) x 7 0x00000003
core   0: 0x8000aea4 (0x00200813) li      a6, 2
core   0: 3 0x8000aea4 (0x00200813) x16 0x00000002
core   0: 0x8000aea8 (0x00770eb3) add     t4, a4, t2
core   0: 3 0x8000aea8 (0x00770eb3) x29 0xe32fa003
core   0: 0x8000aeac (0xfa9612b7) lui     t0, 0xfa961
core   0: 3 0x8000aeac (0xfa9612b7) x 5 0xfa961000
core   0: 0x8000aeb0 (0x58ea6bb7) lui     s7, 0x58ea6
core   0: 3 0x8000aeb0 (0x58ea6bb7) x23 0x58ea6000
core   0: 0x8000aeb4 (0xbbdbc993) xori    s3, s7, -1091
core   0: 3 0x8000aeb4 (0xbbdbc993) x19 0xa7159bbd
core   0: 0x8000aeb8 (0xff638393) addi    t2, t2, -10
core   0: 3 0x8000aeb8 (0xff638393) x 7 0xfffffff9
core   0: 0x8000aebc (0xffc00193) li      gp, -4
core   0: 3 0x8000aebc (0xffc00193) x 3 0xfffffffc
core   0: 0x8000aec0 (0x40e45e93) srai    t4, s0, 14
core   0: 3 0x8000aec0 (0x40e45e93) x29 0x00000000
core   0: 0x8000aec4 (0xff900f93) li      t6, -7
core   0: 3 0x8000aec4 (0xff900f93) x31 0xfffffff9
core   0: 0x8000aec8 (0xdc70c537) lui     a0, 0xdc70c
core   0: 3 0x8000aec8 (0xdc70c537) x10 0xdc70c000
core   0: 0x8000aecc (0x0191c733) xor     a4, gp, s9
core   0: 3 0x8000aecc (0x0191c733) x14 0xfffffffc
core   0: 0x8000aed0 (0xa0a88893) addi    a7, a7, -1526
core   0: 3 0x8000aed0 (0xa0a88893) x17 0xfffffa0a
core   0: 0x8000aed4 (0xffc18193) addi    gp, gp, -4
core   0: 3 0x8000aed4 (0xffc18193) x 3 0xfffffff8
core   0: 0x8000aed8 (0xefa5a313) slti    t1, a1, -262
core   0: 3 0x8000aed8 (0xefa5a313) x 6 0x00000001
core   0: 0x8000aedc (0x015e8f33) add     t5, t4, s5
core   0: 3 0x8000aedc (0x015e8f33) x30 0xffffffea
core   0: 0x8000aee0 (0x01159333) sll     t1, a1, a7
core   0: 3 0x8000aee0 (0x01159333) x 6 0x00000000
core   0: 0x8000aee4 (0x0106df33) srl     t5, a3, a6
core   0: 3 0x8000aee4 (0x0106df33) x30 0x3ffffffe
core   0: 0x8000aee8 (0x01b862b3) or      t0, a6, s11
core   0: 3 0x8000aee8 (0x01b862b3) x 5 0x00000002
core   0: 0x8000aeec (0x176ebb93) sltiu   s7, t4, 374
core   0: 3 0x8000aeec (0x176ebb93) x23 0x00000001
core   0: 0x8000aef0 (0x00795db3) srl     s11, s2, t2
core   0: 3 0x8000aef0 (0x00795db3) x27 0x00000000
core   0: 0x8000aef4 (0xe5952893) slti    a7, a0, -423
core   0: 3 0x8000aef4 (0xe5952893) x17 0x00000001
core   0: 0x8000aef8 (0x29010293) addi    t0, sp, 656
core   0: 3 0x8000aef8 (0x29010293) x 5 0x80028f74
core   0: 0x8000aefc (0xfdf1d8e3) bge     gp, t6, pc - 48
core   0: 3 0x8000aefc (0xfdf1d8e3)
core   0: 0x8000af00 (0x0ff0000f) fence   iorw,iorw
core   0: 3 0x8000af00 (0x0ff0000f)
core   0: 0x8000af04 (0xee5c7293) andi    t0, s8, -283
core   0: 3 0x8000af04 (0xee5c7293) x 5 0x062bf000
core   0: 0x8000af08 (0xfb03d4e3) bge     t2, a6, pc - 88
core   0: 3 0x8000af08 (0xfb03d4e3)
core   0: 0x8000af0c (0x4037d333) sra     t1, a5, gp
core   0: 3 0x8000af0c (0x4037d333) x 6 0xffffffff
core   0: 0x8000af10 (0xff700413) li      s0, -9
core   0: 3 0x8000af10 (0xff700413) x 8 0xfffffff7
core   0: 0x8000af14 (0x00f53033) sltu    zero, a0, a5
core   0: 3 0x8000af14 (0x00f53033)
core   0: 0x8000af18 (0x01c59cb3) sll     s9, a1, t3
core   0: 3 0x8000af18 (0x01c59cb3) x25 0x80000000
core   0: 0x8000af1c (0xb5d73d13) sltiu   s10, a4, -1187
core   0: 3 0x8000af1c (0xb5d73d13) x26 0x00000000
core   0: 0x8000af20 (0x00600713) li      a4, 6
core   0: 3 0x8000af20 (0x00600713) x14 0x00000006
core   0: 0x8000af24 (0x00681ab3) sll     s5, a6, t1
core   0: 3 0x8000af24 (0x00681ab3) x21 0x00000000
core   0: 0x8000af28 (0x0fe8a197) auipc   gp, 0xfe8a
core   0: 3 0x8000af28 (0x0fe8a197) x 3 0x8fe94f28
core   0: 0x8000af2c (0xb93c3c93) sltiu   s9, s8, -1133
core   0: 3 0x8000af2c (0xb93c3c93) x25 0x00000001
core   0: 0x8000af30 (0x26288013) addi    zero, a7, 610
core   0: 3 0x8000af30 (0x26288013)
core   0: 0x8000af34 (0x0061b933) sltu    s2, gp, t1
core   0: 3 0x8000af34 (0x0061b933) x18 0x00000001
core   0: 0x8000af38 (0x01138e33) add     t3, t2, a7
core   0: 3 0x8000af38 (0x01138e33) x28 0xfffffffa
core   0: 0x8000af3c (0x0020fab3) and     s5, ra, sp
core   0: 3 0x8000af3c (0x0020fab3) x21 0x00000000
core   0: 0x8000af40 (0x01f92333) slt     t1, s2, t6
core   0: 3 0x8000af40 (0x01f92333) x 6 0x00000000
core   0: 0x8000af44 (0x00140413) addi    s0, s0, 1
core   0: 3 0x8000af44 (0x00140413) x 8 0xfffffff8
core   0: 0x8000af48 (0x44952893) slti    a7, a0, 1097
core   0: 3 0x8000af48 (0x44952893) x17 0x00000001
core   0: 0x8000af4c (0x0125e533) or      a0, a1, s2
core   0: 3 0x8000af4c (0x0125e533) x10 0x80000001
core   0: 0x8000af50 (0x41fed193) srai    gp, t4, 31
core   0: 3 0x8000af50 (0x41fed193) x 3 0x00000000
core   0: 0x8000af54 (0x68137a93) andi    s5, t1, 1665
core   0: 3 0x8000af54 (0x68137a93) x21 0x00000000
core   0: 0x8000af58 (0x014b1e33) sll     t3, s6, s4
core   0: 3 0x8000af58 (0x014b1e33) x28 0x40000000
core   0: 0x8000af5c (0x00000013) nop
core   0: 3 0x8000af5c (0x00000013)
core   0: 0x8000af60 (0x002eb4b3) sltu    s1, t4, sp
core   0: 3 0x8000af60 (0x002eb4b3) x 9 0x00000001
core   0: 0x8000af64 (0x015deab3) or      s5, s11, s5
core   0: 3 0x8000af64 (0x015deab3) x21 0x00000000
core   0: 0x8000af68 (0x00000013) nop
core   0: 3 0x8000af68 (0x00000013)
core   0: 0x8000af6c (0xfce41ae3) bne     s0, a4, pc - 44
core   0: 3 0x8000af6c (0xfce41ae3)
core   0: 0x8000af40 (0x01f92333) slt     t1, s2, t6
core   0: 3 0x8000af40 (0x01f92333) x 6 0x00000000
core   0: 0x8000af44 (0x00140413) addi    s0, s0, 1
core   0: 3 0x8000af44 (0x00140413) x 8 0xfffffff9
core   0: 0x8000af48 (0x44952893) slti    a7, a0, 1097
core   0: 3 0x8000af48 (0x44952893) x17 0x00000001
core   0: 0x8000af4c (0x0125e533) or      a0, a1, s2
core   0: 3 0x8000af4c (0x0125e533) x10 0x80000001
core   0: 0x8000af50 (0x41fed193) srai    gp, t4, 31
core   0: 3 0x8000af50 (0x41fed193) x 3 0x00000000
core   0: 0x8000af54 (0x68137a93) andi    s5, t1, 1665
core   0: 3 0x8000af54 (0x68137a93) x21 0x00000000
core   0: 0x8000af58 (0x014b1e33) sll     t3, s6, s4
core   0: 3 0x8000af58 (0x014b1e33) x28 0x40000000
core   0: 0x8000af5c (0x00000013) nop
core   0: 3 0x8000af5c (0x00000013)
core   0: 0x8000af60 (0x002eb4b3) sltu    s1, t4, sp
core   0: 3 0x8000af60 (0x002eb4b3) x 9 0x00000001
core   0: 0x8000af64 (0x015deab3) or      s5, s11, s5
core   0: 3 0x8000af64 (0x015deab3) x21 0x00000000
core   0: 0x8000af68 (0x00000013) nop
core   0: 3 0x8000af68 (0x00000013)
core   0: 0x8000af6c (0xfce41ae3) bne     s0, a4, pc - 44
core   0: 3 0x8000af6c (0xfce41ae3)
core   0: 0x8000af40 (0x01f92333) slt     t1, s2, t6
core   0: 3 0x8000af40 (0x01f92333) x 6 0x00000000
core   0: 0x8000af44 (0x00140413) addi    s0, s0, 1
core   0: 3 0x8000af44 (0x00140413) x 8 0xfffffffa
core   0: 0x8000af48 (0x44952893) slti    a7, a0, 1097
core   0: 3 0x8000af48 (0x44952893) x17 0x00000001
core   0: 0x8000af4c (0x0125e533) or      a0, a1, s2
core   0: 3 0x8000af4c (0x0125e533) x10 0x80000001
core   0: 0x8000af50 (0x41fed193) srai    gp, t4, 31
core   0: 3 0x8000af50 (0x41fed193) x 3 0x00000000
core   0: 0x8000af54 (0x68137a93) andi    s5, t1, 1665
core   0: 3 0x8000af54 (0x68137a93) x21 0x00000000
core   0: 0x8000af58 (0x014b1e33) sll     t3, s6, s4
core   0: 3 0x8000af58 (0x014b1e33) x28 0x40000000
core   0: 0x8000af5c (0x00000013) nop
core   0: 3 0x8000af5c (0x00000013)
core   0: 0x8000af60 (0x002eb4b3) sltu    s1, t4, sp
core   0: 3 0x8000af60 (0x002eb4b3) x 9 0x00000001
core   0: 0x8000af64 (0x015deab3) or      s5, s11, s5
core   0: 3 0x8000af64 (0x015deab3) x21 0x00000000
core   0: 0x8000af68 (0x00000013) nop
core   0: 3 0x8000af68 (0x00000013)
core   0: 0x8000af6c (0xfce41ae3) bne     s0, a4, pc - 44
core   0: 3 0x8000af6c (0xfce41ae3)
core   0: 0x8000af40 (0x01f92333) slt     t1, s2, t6
core   0: 3 0x8000af40 (0x01f92333) x 6 0x00000000
core   0: 0x8000af44 (0x00140413) addi    s0, s0, 1
core   0: 3 0x8000af44 (0x00140413) x 8 0xfffffffb
core   0: 0x8000af48 (0x44952893) slti    a7, a0, 1097
core   0: 3 0x8000af48 (0x44952893) x17 0x00000001
core   0: 0x8000af4c (0x0125e533) or      a0, a1, s2
core   0: 3 0x8000af4c (0x0125e533) x10 0x80000001
core   0: 0x8000af50 (0x41fed193) srai    gp, t4, 31
core   0: 3 0x8000af50 (0x41fed193) x 3 0x00000000
core   0: 0x8000af54 (0x68137a93) andi    s5, t1, 1665
core   0: 3 0x8000af54 (0x68137a93) x21 0x00000000
core   0: 0x8000af58 (0x014b1e33) sll     t3, s6, s4
core   0: 3 0x8000af58 (0x014b1e33) x28 0x40000000
core   0: 0x8000af5c (0x00000013) nop
core   0: 3 0x8000af5c (0x00000013)
core   0: 0x8000af60 (0x002eb4b3) sltu    s1, t4, sp
core   0: 3 0x8000af60 (0x002eb4b3) x 9 0x00000001
core   0: 0x8000af64 (0x015deab3) or      s5, s11, s5
core   0: 3 0x8000af64 (0x015deab3) x21 0x00000000
core   0: 0x8000af68 (0x00000013) nop
core   0: 3 0x8000af68 (0x00000013)
core   0: 0x8000af6c (0xfce41ae3) bne     s0, a4, pc - 44
core   0: 3 0x8000af6c (0xfce41ae3)
core   0: 0x8000af40 (0x01f92333) slt     t1, s2, t6
core   0: 3 0x8000af40 (0x01f92333) x 6 0x00000000
core   0: 0x8000af44 (0x00140413) addi    s0, s0, 1
core   0: 3 0x8000af44 (0x00140413) x 8 0xfffffffc
core   0: 0x8000af48 (0x44952893) slti    a7, a0, 1097
core   0: 3 0x8000af48 (0x44952893) x17 0x00000001
core   0: 0x8000af4c (0x0125e533) or      a0, a1, s2
core   0: 3 0x8000af4c (0x0125e533) x10 0x80000001
core   0: 0x8000af50 (0x41fed193) srai    gp, t4, 31
core   0: 3 0x8000af50 (0x41fed193) x 3 0x00000000
core   0: 0x8000af54 (0x68137a93) andi    s5, t1, 1665
core   0: 3 0x8000af54 (0x68137a93) x21 0x00000000
core   0: 0x8000af58 (0x014b1e33) sll     t3, s6, s4
core   0: 3 0x8000af58 (0x014b1e33) x28 0x40000000
core   0: 0x8000af5c (0x00000013) nop
core   0: 3 0x8000af5c (0x00000013)
core   0: 0x8000af60 (0x002eb4b3) sltu    s1, t4, sp
core   0: 3 0x8000af60 (0x002eb4b3) x 9 0x00000001
core   0: 0x8000af64 (0x015deab3) or      s5, s11, s5
core   0: 3 0x8000af64 (0x015deab3) x21 0x00000000
core   0: 0x8000af68 (0x00000013) nop
core   0: 3 0x8000af68 (0x00000013)
core   0: 0x8000af6c (0xfce41ae3) bne     s0, a4, pc - 44
core   0: 3 0x8000af6c (0xfce41ae3)
core   0: 0x8000af40 (0x01f92333) slt     t1, s2, t6
core   0: 3 0x8000af40 (0x01f92333) x 6 0x00000000
core   0: 0x8000af44 (0x00140413) addi    s0, s0, 1
core   0: 3 0x8000af44 (0x00140413) x 8 0xfffffffd
core   0: 0x8000af48 (0x44952893) slti    a7, a0, 1097
core   0: 3 0x8000af48 (0x44952893) x17 0x00000001
core   0: 0x8000af4c (0x0125e533) or      a0, a1, s2
core   0: 3 0x8000af4c (0x0125e533) x10 0x80000001
core   0: 0x8000af50 (0x41fed193) srai    gp, t4, 31
core   0: 3 0x8000af50 (0x41fed193) x 3 0x00000000
core   0: 0x8000af54 (0x68137a93) andi    s5, t1, 1665
core   0: 3 0x8000af54 (0x68137a93) x21 0x00000000
core   0: 0x8000af58 (0x014b1e33) sll     t3, s6, s4
core   0: 3 0x8000af58 (0x014b1e33) x28 0x40000000
core   0: 0x8000af5c (0x00000013) nop
core   0: 3 0x8000af5c (0x00000013)
core   0: 0x8000af60 (0x002eb4b3) sltu    s1, t4, sp
core   0: 3 0x8000af60 (0x002eb4b3) x 9 0x00000001
core   0: 0x8000af64 (0x015deab3) or      s5, s11, s5
core   0: 3 0x8000af64 (0x015deab3) x21 0x00000000
core   0: 0x8000af68 (0x00000013) nop
core   0: 3 0x8000af68 (0x00000013)
core   0: 0x8000af6c (0xfce41ae3) bne     s0, a4, pc - 44
core   0: 3 0x8000af6c (0xfce41ae3)
core   0: 0x8000af40 (0x01f92333) slt     t1, s2, t6
core   0: 3 0x8000af40 (0x01f92333) x 6 0x00000000
core   0: 0x8000af44 (0x00140413) addi    s0, s0, 1
core   0: 3 0x8000af44 (0x00140413) x 8 0xfffffffe
core   0: 0x8000af48 (0x44952893) slti    a7, a0, 1097
core   0: 3 0x8000af48 (0x44952893) x17 0x00000001
core   0: 0x8000af4c (0x0125e533) or      a0, a1, s2
core   0: 3 0x8000af4c (0x0125e533) x10 0x80000001
core   0: 0x8000af50 (0x41fed193) srai    gp, t4, 31
core   0: 3 0x8000af50 (0x41fed193) x 3 0x00000000
core   0: 0x8000af54 (0x68137a93) andi    s5, t1, 1665
core   0: 3 0x8000af54 (0x68137a93) x21 0x00000000
core   0: 0x8000af58 (0x014b1e33) sll     t3, s6, s4
core   0: 3 0x8000af58 (0x014b1e33) x28 0x40000000
core   0: 0x8000af5c (0x00000013) nop
core   0: 3 0x8000af5c (0x00000013)
core   0: 0x8000af60 (0x002eb4b3) sltu    s1, t4, sp
core   0: 3 0x8000af60 (0x002eb4b3) x 9 0x00000001
core   0: 0x8000af64 (0x015deab3) or      s5, s11, s5
core   0: 3 0x8000af64 (0x015deab3) x21 0x00000000
core   0: 0x8000af68 (0x00000013) nop
core   0: 3 0x8000af68 (0x00000013)
core   0: 0x8000af6c (0xfce41ae3) bne     s0, a4, pc - 44
core   0: 3 0x8000af6c (0xfce41ae3)
core   0: 0x8000af40 (0x01f92333) slt     t1, s2, t6
core   0: 3 0x8000af40 (0x01f92333) x 6 0x00000000
core   0: 0x8000af44 (0x00140413) addi    s0, s0, 1
core   0: 3 0x8000af44 (0x00140413) x 8 0xffffffff
core   0: 0x8000af48 (0x44952893) slti    a7, a0, 1097
core   0: 3 0x8000af48 (0x44952893) x17 0x00000001
core   0: 0x8000af4c (0x0125e533) or      a0, a1, s2
core   0: 3 0x8000af4c (0x0125e533) x10 0x80000001
core   0: 0x8000af50 (0x41fed193) srai    gp, t4, 31
core   0: 3 0x8000af50 (0x41fed193) x 3 0x00000000
core   0: 0x8000af54 (0x68137a93) andi    s5, t1, 1665
core   0: 3 0x8000af54 (0x68137a93) x21 0x00000000
core   0: 0x8000af58 (0x014b1e33) sll     t3, s6, s4
core   0: 3 0x8000af58 (0x014b1e33) x28 0x40000000
core   0: 0x8000af5c (0x00000013) nop
core   0: 3 0x8000af5c (0x00000013)
core   0: 0x8000af60 (0x002eb4b3) sltu    s1, t4, sp
core   0: 3 0x8000af60 (0x002eb4b3) x 9 0x00000001
core   0: 0x8000af64 (0x015deab3) or      s5, s11, s5
core   0: 3 0x8000af64 (0x015deab3) x21 0x00000000
core   0: 0x8000af68 (0x00000013) nop
core   0: 3 0x8000af68 (0x00000013)
core   0: 0x8000af6c (0xfce41ae3) bne     s0, a4, pc - 44
core   0: 3 0x8000af6c (0xfce41ae3)
core   0: 0x8000af40 (0x01f92333) slt     t1, s2, t6
core   0: 3 0x8000af40 (0x01f92333) x 6 0x00000000
core   0: 0x8000af44 (0x00140413) addi    s0, s0, 1
core   0: 3 0x8000af44 (0x00140413) x 8 0x00000000
core   0: 0x8000af48 (0x44952893) slti    a7, a0, 1097
core   0: 3 0x8000af48 (0x44952893) x17 0x00000001
core   0: 0x8000af4c (0x0125e533) or      a0, a1, s2
core   0: 3 0x8000af4c (0x0125e533) x10 0x80000001
core   0: 0x8000af50 (0x41fed193) srai    gp, t4, 31
core   0: 3 0x8000af50 (0x41fed193) x 3 0x00000000
core   0: 0x8000af54 (0x68137a93) andi    s5, t1, 1665
core   0: 3 0x8000af54 (0x68137a93) x21 0x00000000
core   0: 0x8000af58 (0x014b1e33) sll     t3, s6, s4
core   0: 3 0x8000af58 (0x014b1e33) x28 0x40000000
core   0: 0x8000af5c (0x00000013) nop
core   0: 3 0x8000af5c (0x00000013)
core   0: 0x8000af60 (0x002eb4b3) sltu    s1, t4, sp
core   0: 3 0x8000af60 (0x002eb4b3) x 9 0x00000001
core   0: 0x8000af64 (0x015deab3) or      s5, s11, s5
core   0: 3 0x8000af64 (0x015deab3) x21 0x00000000
core   0: 0x8000af68 (0x00000013) nop
core   0: 3 0x8000af68 (0x00000013)
core   0: 0x8000af6c (0xfce41ae3) bne     s0, a4, pc - 44
core   0: 3 0x8000af6c (0xfce41ae3)
core   0: 0x8000af40 (0x01f92333) slt     t1, s2, t6
core   0: 3 0x8000af40 (0x01f92333) x 6 0x00000000
core   0: 0x8000af44 (0x00140413) addi    s0, s0, 1
core   0: 3 0x8000af44 (0x00140413) x 8 0x00000001
core   0: 0x8000af48 (0x44952893) slti    a7, a0, 1097
core   0: 3 0x8000af48 (0x44952893) x17 0x00000001
core   0: 0x8000af4c (0x0125e533) or      a0, a1, s2
core   0: 3 0x8000af4c (0x0125e533) x10 0x80000001
core   0: 0x8000af50 (0x41fed193) srai    gp, t4, 31
core   0: 3 0x8000af50 (0x41fed193) x 3 0x00000000
core   0: 0x8000af54 (0x68137a93) andi    s5, t1, 1665
core   0: 3 0x8000af54 (0x68137a93) x21 0x00000000
core   0: 0x8000af58 (0x014b1e33) sll     t3, s6, s4
core   0: 3 0x8000af58 (0x014b1e33) x28 0x40000000
core   0: 0x8000af5c (0x00000013) nop
core   0: 3 0x8000af5c (0x00000013)
core   0: 0x8000af60 (0x002eb4b3) sltu    s1, t4, sp
core   0: 3 0x8000af60 (0x002eb4b3) x 9 0x00000001
core   0: 0x8000af64 (0x015deab3) or      s5, s11, s5
core   0: 3 0x8000af64 (0x015deab3) x21 0x00000000
core   0: 0x8000af68 (0x00000013) nop
core   0: 3 0x8000af68 (0x00000013)
core   0: 0x8000af6c (0xfce41ae3) bne     s0, a4, pc - 44
core   0: 3 0x8000af6c (0xfce41ae3)
core   0: 0x8000af40 (0x01f92333) slt     t1, s2, t6
core   0: 3 0x8000af40 (0x01f92333) x 6 0x00000000
core   0: 0x8000af44 (0x00140413) addi    s0, s0, 1
core   0: 3 0x8000af44 (0x00140413) x 8 0x00000002
core   0: 0x8000af48 (0x44952893) slti    a7, a0, 1097
core   0: 3 0x8000af48 (0x44952893) x17 0x00000001
core   0: 0x8000af4c (0x0125e533) or      a0, a1, s2
core   0: 3 0x8000af4c (0x0125e533) x10 0x80000001
core   0: 0x8000af50 (0x41fed193) srai    gp, t4, 31
core   0: 3 0x8000af50 (0x41fed193) x 3 0x00000000
core   0: 0x8000af54 (0x68137a93) andi    s5, t1, 1665
core   0: 3 0x8000af54 (0x68137a93) x21 0x00000000
core   0: 0x8000af58 (0x014b1e33) sll     t3, s6, s4
core   0: 3 0x8000af58 (0x014b1e33) x28 0x40000000
core   0: 0x8000af5c (0x00000013) nop
core   0: 3 0x8000af5c (0x00000013)
core   0: 0x8000af60 (0x002eb4b3) sltu    s1, t4, sp
core   0: 3 0x8000af60 (0x002eb4b3) x 9 0x00000001
core   0: 0x8000af64 (0x015deab3) or      s5, s11, s5
core   0: 3 0x8000af64 (0x015deab3) x21 0x00000000
core   0: 0x8000af68 (0x00000013) nop
core   0: 3 0x8000af68 (0x00000013)
core   0: 0x8000af6c (0xfce41ae3) bne     s0, a4, pc - 44
core   0: 3 0x8000af6c (0xfce41ae3)
core   0: 0x8000af40 (0x01f92333) slt     t1, s2, t6
core   0: 3 0x8000af40 (0x01f92333) x 6 0x00000000
core   0: 0x8000af44 (0x00140413) addi    s0, s0, 1
core   0: 3 0x8000af44 (0x00140413) x 8 0x00000003
core   0: 0x8000af48 (0x44952893) slti    a7, a0, 1097
core   0: 3 0x8000af48 (0x44952893) x17 0x00000001
core   0: 0x8000af4c (0x0125e533) or      a0, a1, s2
core   0: 3 0x8000af4c (0x0125e533) x10 0x80000001
core   0: 0x8000af50 (0x41fed193) srai    gp, t4, 31
core   0: 3 0x8000af50 (0x41fed193) x 3 0x00000000
core   0: 0x8000af54 (0x68137a93) andi    s5, t1, 1665
core   0: 3 0x8000af54 (0x68137a93) x21 0x00000000
core   0: 0x8000af58 (0x014b1e33) sll     t3, s6, s4
core   0: 3 0x8000af58 (0x014b1e33) x28 0x40000000
core   0: 0x8000af5c (0x00000013) nop
core   0: 3 0x8000af5c (0x00000013)
core   0: 0x8000af60 (0x002eb4b3) sltu    s1, t4, sp
core   0: 3 0x8000af60 (0x002eb4b3) x 9 0x00000001
core   0: 0x8000af64 (0x015deab3) or      s5, s11, s5
core   0: 3 0x8000af64 (0x015deab3) x21 0x00000000
core   0: 0x8000af68 (0x00000013) nop
core   0: 3 0x8000af68 (0x00000013)
core   0: 0x8000af6c (0xfce41ae3) bne     s0, a4, pc - 44
core   0: 3 0x8000af6c (0xfce41ae3)
core   0: 0x8000af40 (0x01f92333) slt     t1, s2, t6
core   0: 3 0x8000af40 (0x01f92333) x 6 0x00000000
core   0: 0x8000af44 (0x00140413) addi    s0, s0, 1
core   0: 3 0x8000af44 (0x00140413) x 8 0x00000004
core   0: 0x8000af48 (0x44952893) slti    a7, a0, 1097
core   0: 3 0x8000af48 (0x44952893) x17 0x00000001
core   0: 0x8000af4c (0x0125e533) or      a0, a1, s2
core   0: 3 0x8000af4c (0x0125e533) x10 0x80000001
core   0: 0x8000af50 (0x41fed193) srai    gp, t4, 31
core   0: 3 0x8000af50 (0x41fed193) x 3 0x00000000
core   0: 0x8000af54 (0x68137a93) andi    s5, t1, 1665
core   0: 3 0x8000af54 (0x68137a93) x21 0x00000000
core   0: 0x8000af58 (0x014b1e33) sll     t3, s6, s4
core   0: 3 0x8000af58 (0x014b1e33) x28 0x40000000
core   0: 0x8000af5c (0x00000013) nop
core   0: 3 0x8000af5c (0x00000013)
core   0: 0x8000af60 (0x002eb4b3) sltu    s1, t4, sp
core   0: 3 0x8000af60 (0x002eb4b3) x 9 0x00000001
core   0: 0x8000af64 (0x015deab3) or      s5, s11, s5
core   0: 3 0x8000af64 (0x015deab3) x21 0x00000000
core   0: 0x8000af68 (0x00000013) nop
core   0: 3 0x8000af68 (0x00000013)
core   0: 0x8000af6c (0xfce41ae3) bne     s0, a4, pc - 44
core   0: 3 0x8000af6c (0xfce41ae3)
core   0: 0x8000af40 (0x01f92333) slt     t1, s2, t6
core   0: 3 0x8000af40 (0x01f92333) x 6 0x00000000
core   0: 0x8000af44 (0x00140413) addi    s0, s0, 1
core   0: 3 0x8000af44 (0x00140413) x 8 0x00000005
core   0: 0x8000af48 (0x44952893) slti    a7, a0, 1097
core   0: 3 0x8000af48 (0x44952893) x17 0x00000001
core   0: 0x8000af4c (0x0125e533) or      a0, a1, s2
core   0: 3 0x8000af4c (0x0125e533) x10 0x80000001
core   0: 0x8000af50 (0x41fed193) srai    gp, t4, 31
core   0: 3 0x8000af50 (0x41fed193) x 3 0x00000000
core   0: 0x8000af54 (0x68137a93) andi    s5, t1, 1665
core   0: 3 0x8000af54 (0x68137a93) x21 0x00000000
core   0: 0x8000af58 (0x014b1e33) sll     t3, s6, s4
core   0: 3 0x8000af58 (0x014b1e33) x28 0x40000000
core   0: 0x8000af5c (0x00000013) nop
core   0: 3 0x8000af5c (0x00000013)
core   0: 0x8000af60 (0x002eb4b3) sltu    s1, t4, sp
core   0: 3 0x8000af60 (0x002eb4b3) x 9 0x00000001
core   0: 0x8000af64 (0x015deab3) or      s5, s11, s5
core   0: 3 0x8000af64 (0x015deab3) x21 0x00000000
core   0: 0x8000af68 (0x00000013) nop
core   0: 3 0x8000af68 (0x00000013)
core   0: 0x8000af6c (0xfce41ae3) bne     s0, a4, pc - 44
core   0: 3 0x8000af6c (0xfce41ae3)
core   0: 0x8000af40 (0x01f92333) slt     t1, s2, t6
core   0: 3 0x8000af40 (0x01f92333) x 6 0x00000000
core   0: 0x8000af44 (0x00140413) addi    s0, s0, 1
core   0: 3 0x8000af44 (0x00140413) x 8 0x00000006
core   0: 0x8000af48 (0x44952893) slti    a7, a0, 1097
core   0: 3 0x8000af48 (0x44952893) x17 0x00000001
core   0: 0x8000af4c (0x0125e533) or      a0, a1, s2
core   0: 3 0x8000af4c (0x0125e533) x10 0x80000001
core   0: 0x8000af50 (0x41fed193) srai    gp, t4, 31
core   0: 3 0x8000af50 (0x41fed193) x 3 0x00000000
core   0: 0x8000af54 (0x68137a93) andi    s5, t1, 1665
core   0: 3 0x8000af54 (0x68137a93) x21 0x00000000
core   0: 0x8000af58 (0x014b1e33) sll     t3, s6, s4
core   0: 3 0x8000af58 (0x014b1e33) x28 0x40000000
core   0: 0x8000af5c (0x00000013) nop
core   0: 3 0x8000af5c (0x00000013)
core   0: 0x8000af60 (0x002eb4b3) sltu    s1, t4, sp
core   0: 3 0x8000af60 (0x002eb4b3) x 9 0x00000001
core   0: 0x8000af64 (0x015deab3) or      s5, s11, s5
core   0: 3 0x8000af64 (0x015deab3) x21 0x00000000
core   0: 0x8000af68 (0x00000013) nop
core   0: 3 0x8000af68 (0x00000013)
core   0: 0x8000af6c (0xfce41ae3) bne     s0, a4, pc - 44
core   0: 3 0x8000af6c (0xfce41ae3)
core   0: 0x8000af70 (0x005cf0b3) and     ra, s9, t0
core   0: 3 0x8000af70 (0x005cf0b3) x 1 0x00000000
core   0: 0x8000af74 (0xff800713) li      a4, -8
core   0: 3 0x8000af74 (0xff800713) x14 0xfffffff8
core   0: 0x8000af78 (0x0ff0000f) fence   iorw,iorw
core   0: 3 0x8000af78 (0x0ff0000f)
core   0: 0x8000af7c (0x00af07b3) add     a5, t5, a0
core   0: 3 0x8000af7c (0x00af07b3) x15 0xbfffffff
core   0: 0x8000af80 (0xff700c13) li      s8, -9
core   0: 3 0x8000af80 (0xff700c13) x24 0xfffffff7
core   0: 0x8000af84 (0x00d1e6b3) or      a3, gp, a3
core   0: 3 0x8000af84 (0x00d1e6b3) x13 0xfffffff8
core   0: 0x8000af88 (0xe983ad93) slti    s11, t2, -360
core   0: 3 0x8000af88 (0xe983ad93) x27 0x00000000
core   0: 0x8000af8c (0x00dedb13) srli    s6, t4, 13
core   0: 3 0x8000af8c (0x00dedb13) x22 0x00000000
core   0: 0x8000af90 (0xffb70713) addi    a4, a4, -5
core   0: 3 0x8000af90 (0xffb70713) x14 0xfffffff3
core   0: 0x8000af94 (0xff600e93) li      t4, -10
core   0: 3 0x8000af94 (0xff600e93) x29 0xfffffff6
core   0: 0x8000af98 (0x0115d193) srli    gp, a1, 17
core   0: 3 0x8000af98 (0x0115d193) x 3 0x00004000
core   0: 0x8000af9c (0x00c00b93) li      s7, 12
core   0: 3 0x8000af9c (0x00c00b93) x23 0x0000000c
core   0: 0x8000afa0 (0xe39b8793) addi    a5, s7, -455
core   0: 3 0x8000afa0 (0xe39b8793) x15 0xfffffe45
core   0: 0x8000afa4 (0x00000013) nop
core   0: 3 0x8000afa4 (0x00000013)
core   0: 0x8000afa8 (0x001e8e93) addi    t4, t4, 1
core   0: 3 0x8000afa8 (0x001e8e93) x29 0xfffffff7
core   0: 0x8000afac (0xff7eece3) bltu    t4, s7, pc - 8
core   0: 3 0x8000afac (0xff7eece3)
core   0: 0x8000afb0 (0x008ab7b3) sltu    a5, s5, s0
core   0: 3 0x8000afb0 (0x008ab7b3) x15 0x00000001
core   0: 0x8000afb4 (0x01587db3) and     s11, a6, s5
core   0: 3 0x8000afb4 (0x01587db3) x27 0x00000000
core   0: 0x8000afb8 (0xfd8756e3) bge     a4, s8, pc - 52
core   0: 3 0x8000afb8 (0xfd8756e3)
core   0: 0x8000afbc (0x01b28fb3) add     t6, t0, s11
core   0: 3 0x8000afbc (0x01b28fb3) x31 0x062bf000
core   0: 0x8000afc0 (0x00800713) li      a4, 8
core   0: 3 0x8000afc0 (0x00800713) x14 0x00000008
core   0: 0x8000afc4 (0x01fc5d13) srli    s10, s8, 31
core   0: 3 0x8000afc4 (0x01fc5d13) x26 0x00000001
core   0: 0x8000afc8 (0x00db19b3) sll     s3, s6, a3
core   0: 3 0x8000afc8 (0x00db19b3) x19 0x00000000
core   0: 0x8000afcc (0x00ceca33) xor     s4, t4, a2
core   0: 3 0x8000afcc (0x00ceca33) x20 0x7ffdb1db
core   0: 0x8000afd0 (0x01f75333) srl     t1, a4, t6
core   0: 3 0x8000afd0 (0x01f75333) x 6 0x00000008
core   0: 0x8000afd4 (0x00465a33) srl     s4, a2, tp
core   0: 3 0x8000afd4 (0x00465a33) x20 0x80024e2c
core   0: 0x8000afd8 (0x01300513) li      a0, 19
core   0: 3 0x8000afd8 (0x01300513) x10 0x00000013
core   0: 0x8000afdc (0x9a87df17) auipc   t5, 0x9a87d
core   0: 3 0x8000afdc (0x9a87df17) x30 0x1a887fdc
core   0: 0x8000afe0 (0x0123d413) srli    s0, t2, 18
core   0: 3 0x8000afe0 (0x0123d413) x 8 0x00003fff
core   0: 0x8000afe4 (0x4f67a917) auipc   s2, 0x4f67a
core   0: 3 0x8000afe4 (0x4f67a917) x18 0xcf684fe4
core   0: 0x8000afe8 (0x261f3c13) sltiu   s8, t5, 609
core   0: 3 0x8000afe8 (0x261f3c13) x24 0x00000000
core   0: 0x8000afec (0xd1962793) slti    a5, a2, -743
core   0: 3 0x8000afec (0xd1962793) x15 0x00000001
core   0: 0x8000aff0 (0x01febeb3) sltu    t4, t4, t6
core   0: 3 0x8000aff0 (0x01febeb3) x29 0x00000000
core   0: 0x8000aff4 (0x0132d213) srli    tp, t0, 19
core   0: 3 0x8000aff4 (0x0132d213) x 4 0x000000c5
core   0: 0x8000aff8 (0x00a70713) addi    a4, a4, 10
core   0: 3 0x8000aff8 (0x00a70713) x14 0x00000012
core   0: 0x8000affc (0x00100693) li      a3, 1
core   0: 3 0x8000affc (0x00100693) x13 0x00000001
core   0: 0x8000b000 (0x41c25a93) srai    s5, tp, 28
core   0: 3 0x8000b000 (0x41c25a93) x21 0x00000000
core   0: 0x8000b004 (0x4faffe93) andi    t4, t6, 1274
core   0: 3 0x8000b004 (0x4faffe93) x29 0x00000000
core   0: 0x8000b008 (0xfec00d93) li      s11, -20
core   0: 3 0x8000b008 (0xfec00d93) x27 0xffffffec
core   0: 0x8000b00c (0x00332433) slt     s0, t1, gp
core   0: 3 0x8000b00c (0x00332433) x 8 0x00000001
core   0: 0x8000b010 (0x00d07333) and     t1, zero, a3
core   0: 3 0x8000b010 (0x00d07333) x 6 0x00000000
core   0: 0x8000b014 (0x40e98eb3) sub     t4, s3, a4
core   0: 3 0x8000b014 (0x40e98eb3) x29 0xffffffee
core   0: 0x8000b018 (0xff968693) addi    a3, a3, -7
core   0: 3 0x8000b018 (0xff968693) x13 0xfffffffa
core   0: 0x8000b01c (0xffb69ae3) bne     a3, s11, pc - 12
core   0: 3 0x8000b01c (0xffb69ae3)
core   0: 0x8000b010 (0x00d07333) and     t1, zero, a3
core   0: 3 0x8000b010 (0x00d07333) x 6 0x00000000
core   0: 0x8000b014 (0x40e98eb3) sub     t4, s3, a4
core   0: 3 0x8000b014 (0x40e98eb3) x29 0xffffffee
core   0: 0x8000b018 (0xff968693) addi    a3, a3, -7
core   0: 3 0x8000b018 (0xff968693) x13 0xfffffff3
core   0: 0x8000b01c (0xffb69ae3) bne     a3, s11, pc - 12
core   0: 3 0x8000b01c (0xffb69ae3)
core   0: 0x8000b010 (0x00d07333) and     t1, zero, a3
core   0: 3 0x8000b010 (0x00d07333) x 6 0x00000000
core   0: 0x8000b014 (0x40e98eb3) sub     t4, s3, a4
core   0: 3 0x8000b014 (0x40e98eb3) x29 0xffffffee
core   0: 0x8000b018 (0xff968693) addi    a3, a3, -7
core   0: 3 0x8000b018 (0xff968693) x13 0xffffffec
core   0: 0x8000b01c (0xffb69ae3) bne     a3, s11, pc - 12
core   0: 3 0x8000b01c (0xffb69ae3)
core   0: 0x8000b020 (0xfaa74ee3) blt     a4, a0, pc - 68
core   0: 3 0x8000b020 (0xfaa74ee3)
core   0: 0x8000afdc (0x9a87df17) auipc   t5, 0x9a87d
core   0: 3 0x8000afdc (0x9a87df17) x30 0x1a887fdc
core   0: 0x8000afe0 (0x0123d413) srli    s0, t2, 18
core   0: 3 0x8000afe0 (0x0123d413) x 8 0x00003fff
core   0: 0x8000afe4 (0x4f67a917) auipc   s2, 0x4f67a
core   0: 3 0x8000afe4 (0x4f67a917) x18 0xcf684fe4
core   0: 0x8000afe8 (0x261f3c13) sltiu   s8, t5, 609
core   0: 3 0x8000afe8 (0x261f3c13) x24 0x00000000
core   0: 0x8000afec (0xd1962793) slti    a5, a2, -743
core   0: 3 0x8000afec (0xd1962793) x15 0x00000001
core   0: 0x8000aff0 (0x01febeb3) sltu    t4, t4, t6
core   0: 3 0x8000aff0 (0x01febeb3) x29 0x00000000
core   0: 0x8000aff4 (0x0132d213) srli    tp, t0, 19
core   0: 3 0x8000aff4 (0x0132d213) x 4 0x000000c5
core   0: 0x8000aff8 (0x00a70713) addi    a4, a4, 10
core   0: 3 0x8000aff8 (0x00a70713) x14 0x0000001c
core   0: 0x8000affc (0x00100693) li      a3, 1
core   0: 3 0x8000affc (0x00100693) x13 0x00000001
core   0: 0x8000b000 (0x41c25a93) srai    s5, tp, 28
core   0: 3 0x8000b000 (0x41c25a93) x21 0x00000000
core   0: 0x8000b004 (0x4faffe93) andi    t4, t6, 1274
core   0: 3 0x8000b004 (0x4faffe93) x29 0x00000000
core   0: 0x8000b008 (0xfec00d93) li      s11, -20
core   0: 3 0x8000b008 (0xfec00d93) x27 0xffffffec
core   0: 0x8000b00c (0x00332433) slt     s0, t1, gp
core   0: 3 0x8000b00c (0x00332433) x 8 0x00000001
core   0: 0x8000b010 (0x00d07333) and     t1, zero, a3
core   0: 3 0x8000b010 (0x00d07333) x 6 0x00000000
core   0: 0x8000b014 (0x40e98eb3) sub     t4, s3, a4
core   0: 3 0x8000b014 (0x40e98eb3) x29 0xffffffe4
core   0: 0x8000b018 (0xff968693) addi    a3, a3, -7
core   0: 3 0x8000b018 (0xff968693) x13 0xfffffffa
core   0: 0x8000b01c (0xffb69ae3) bne     a3, s11, pc - 12
core   0: 3 0x8000b01c (0xffb69ae3)
core   0: 0x8000b010 (0x00d07333) and     t1, zero, a3
core   0: 3 0x8000b010 (0x00d07333) x 6 0x00000000
core   0: 0x8000b014 (0x40e98eb3) sub     t4, s3, a4
core   0: 3 0x8000b014 (0x40e98eb3) x29 0xffffffe4
core   0: 0x8000b018 (0xff968693) addi    a3, a3, -7
core   0: 3 0x8000b018 (0xff968693) x13 0xfffffff3
core   0: 0x8000b01c (0xffb69ae3) bne     a3, s11, pc - 12
core   0: 3 0x8000b01c (0xffb69ae3)
core   0: 0x8000b010 (0x00d07333) and     t1, zero, a3
core   0: 3 0x8000b010 (0x00d07333) x 6 0x00000000
core   0: 0x8000b014 (0x40e98eb3) sub     t4, s3, a4
core   0: 3 0x8000b014 (0x40e98eb3) x29 0xffffffe4
core   0: 0x8000b018 (0xff968693) addi    a3, a3, -7
core   0: 3 0x8000b018 (0xff968693) x13 0xffffffec
core   0: 0x8000b01c (0xffb69ae3) bne     a3, s11, pc - 12
core   0: 3 0x8000b01c (0xffb69ae3)
core   0: 0x8000b020 (0xfaa74ee3) blt     a4, a0, pc - 68
core   0: 3 0x8000b020 (0xfaa74ee3)
core   0: 0x8000b024 (0x3bc952b7) lui     t0, 0x3bc95
core   0: 3 0x8000b024 (0x3bc952b7) x 5 0x3bc95000
core   0: 0x8000b028 (0xff600793) li      a5, -10
core   0: 3 0x8000b028 (0xff600793) x15 0xfffffff6
core   0: 0x8000b02c (0xacd20993) addi    s3, tp, -1331
core   0: 3 0x8000b02c (0xacd20993) x19 0xfffffb92
core   0: 0x8000b030 (0xffb00813) li      a6, -5
core   0: 3 0x8000b030 (0xffb00813) x16 0xfffffffb
core   0: 0x8000b034 (0x2f1d6893) ori     a7, s10, 753
core   0: 3 0x8000b034 (0x2f1d6893) x17 0x000002f1
core   0: 0x8000b038 (0x012c1993) slli    s3, s8, 18
core   0: 3 0x8000b038 (0x012c1993) x19 0x00000000
core   0: 0x8000b03c (0x006bc313) xori    t1, s7, 6
core   0: 3 0x8000b03c (0x006bc313) x 6 0x0000000a
core   0: 0x8000b040 (0x014f8db3) add     s11, t6, s4
core   0: 3 0x8000b040 (0x014f8db3) x27 0x862e3e2c
core   0: 0x8000b044 (0xe6912e37) lui     t3, 0xe6912
core   0: 3 0x8000b044 (0xe6912e37) x28 0xe6912000
core   0: 0x8000b048 (0x00578793) addi    a5, a5, 5
core   0: 3 0x8000b048 (0x00578793) x15 0xfffffffb
core   0: 0x8000b04c (0x00800a13) li      s4, 8
core   0: 3 0x8000b04c (0x00800a13) x20 0x00000008
core   0: 0x8000b050 (0x85517693) andi    a3, sp, -1963
core   0: 3 0x8000b050 (0x85517693) x13 0x80028844
core   0: 0x8000b054 (0x00800a93) li      s5, 8
core   0: 3 0x8000b054 (0x00800a93) x21 0x00000008
core   0: 0x8000b058 (0x9dc44993) xori    s3, s0, -1572
core   0: 3 0x8000b058 (0x9dc44993) x19 0xfffff9dd
core   0: 0x8000b05c (0x0122d313) srli    t1, t0, 18
core   0: 3 0x8000b05c (0x0122d313) x 6 0x00000ef2
core   0: 0x8000b060 (0xffda0a13) addi    s4, s4, -3
core   0: 3 0x8000b060 (0xffda0a13) x20 0x00000005
core   0: 0x8000b064 (0x3c326d13) ori     s10, tp, 963
core   0: 3 0x8000b064 (0x3c326d13) x26 0x000003c7
core   0: 0x8000b068 (0xff5a78e3) bgeu    s4, s5, pc - 16
core   0: 3 0x8000b068 (0xff5a78e3)
core   0: 0x8000b06c (0xfd0798e3) bne     a5, a6, pc - 48
core   0: 3 0x8000b06c (0xfd0798e3)
core   0: 0x8000b070 (0xf72f3013) sltiu   zero, t5, -142
core   0: 3 0x8000b070 (0xf72f3013)
core   0: 0x8000b074 (0xffb00493) li      s1, -5
core   0: 3 0x8000b074 (0xffb00493) x 9 0xfffffffb
core   0: 0x8000b078 (0x0082df33) srl     t5, t0, s0
core   0: 3 0x8000b078 (0x0082df33) x30 0x1de4a800
core   0: 0x8000b07c (0x00500713) li      a4, 5
core   0: 3 0x8000b07c (0x00500713) x14 0x00000005
core   0: 0x8000b080 (0x00cea433) slt     s0, t4, a2
core   0: 3 0x8000b080 (0x00cea433) x 8 0x00000000
core   0: 0x8000b084 (0x0000100f) fence.i
core   0: 3 0x8000b084 (0x0000100f)
core   0: 0x8000b088 (0x8d9b3c13) sltiu   s8, s6, -1831
core   0: 3 0x8000b088 (0x8d9b3c13) x24 0x00000001
core   0: 0x8000b08c (0x01e19b33) sll     s6, gp, t5
core   0: 3 0x8000b08c (0x01e19b33) x22 0x00004000
core   0: 0x8000b090 (0x40c05f33) sra     t5, zero, a2
core   0: 3 0x8000b090 (0x40c05f33) x30 0x00000000
core   0: 0x8000b094 (0xf1917b93) andi    s7, sp, -231
core   0: 3 0x8000b094 (0xf1917b93) x23 0x80028c00
core   0: 0x8000b098 (0x00c21933) sll     s2, tp, a2
core   0: 3 0x8000b098 (0x00c21933) x18 0x000c5000
core   0: 0x8000b09c (0x0191f7b3) and     a5, gp, s9
core   0: 3 0x8000b09c (0x0191f7b3) x15 0x00000000
core   0: 0x8000b0a0 (0x00148493) addi    s1, s1, 1
core   0: 3 0x8000b0a0 (0x00148493) x 9 0xfffffffc
core   0: 0x8000b0a4 (0x00000013) nop
core   0: 3 0x8000b0a4 (0x00000013)
core   0: 0x8000b0a8 (0x04de4193) xori    gp, t3, 77
core   0: 3 0x8000b0a8 (0x04de4193) x 3 0xe691204d
core   0: 0x8000b0ac (0xc524a793) slti    a5, s1, -942
core   0: 3 0x8000b0ac (0xc524a793) x15 0x00000000
core   0: 0x8000b0b0 (0x00000013) nop
core   0: 3 0x8000b0b0 (0x00000013)
core   0: 0x8000b0b4 (0x0ff0000f) fence   iorw,iorw
core   0: 3 0x8000b0b4 (0x0ff0000f)
core   0: 0x8000b0b8 (0x5e746c93) ori     s9, s0, 1511
core   0: 3 0x8000b0b8 (0x5e746c93) x25 0x000005e7
core   0: 0x8000b0bc (0xfce48ce3) beq     s1, a4, pc - 40
core   0: 3 0x8000b0bc (0xfce48ce3)
core   0: 0x8000b0c0 (0x0ff0000f) fence   iorw,iorw
core   0: 3 0x8000b0c0 (0x0ff0000f)
core   0: 0x8000b0c4 (0x00000493) li      s1, 0
core   0: 3 0x8000b0c4 (0x00000493) x 9 0x00000000
core   0: 0x8000b0c8 (0x96d1e293) ori     t0, gp, -1683
core   0: 3 0x8000b0c8 (0x96d1e293) x 5 0xfffff96d
core   0: 0x8000b0cc (0x58b56913) ori     s2, a0, 1419
core   0: 3 0x8000b0cc (0x58b56913) x18 0x0000059b
core   0: 0x8000b0d0 (0x0024f7b3) and     a5, s1, sp
core   0: 3 0x8000b0d0 (0x0024f7b3) x15 0x00000000
core   0: 0x8000b0d4 (0x00000013) nop
core   0: 3 0x8000b0d4 (0x00000013)
core   0: 0x8000b0d8 (0x00300813) li      a6, 3
core   0: 3 0x8000b0d8 (0x00300813) x16 0x00000003
core   0: 0x8000b0dc (0x8d34e013) ori     zero, s1, -1837
core   0: 3 0x8000b0dc (0x8d34e013)
core   0: 0x8000b0e0 (0x00b79c93) slli    s9, a5, 11
core   0: 3 0x8000b0e0 (0x00b79c93) x25 0x00000000
core   0: 0x8000b0e4 (0x00a48493) addi    s1, s1, 10
core   0: 3 0x8000b0e4 (0x00a48493) x 9 0x0000000a
core   0: 0x8000b0e8 (0x7881c413) xori    s0, gp, 1928
core   0: 3 0x8000b0e8 (0x7881c413) x 8 0xe69127c5
core   0: 0x8000b0ec (0xff04c8e3) blt     s1, a6, pc - 16
core   0: 3 0x8000b0ec (0xff04c8e3)
core   0: 0x8000b0f0 (0xa9ae6693) ori     a3, t3, -1382
core   0: 3 0x8000b0f0 (0xa9ae6693) x13 0xfffffa9a
core   0: 0x8000b0f4 (0x00a00313) li      t1, 10
core   0: 3 0x8000b0f4 (0x00a00313) x 6 0x0000000a
core   0: 0x8000b0f8 (0xde0a8493) addi    s1, s5, -544
core   0: 3 0x8000b0f8 (0xde0a8493) x 9 0xfffffde8
core   0: 0x8000b0fc (0x9c361e17) auipc   t3, 0x9c361
core   0: 3 0x8000b0fc (0x9c361e17) x28 0x1c36c0fc
core   0: 0x8000b100 (0x40c853b3) sra     t2, a6, a2
core   0: 3 0x8000b100 (0x40c853b3) x 7 0x00000000
core   0: 0x8000b104 (0xf9857d13) andi    s10, a0, -104
core   0: 3 0x8000b104 (0xf9857d13) x26 0x00000010
core   0: 0x8000b108 (0x019d44b3) xor     s1, s10, s9
core   0: 3 0x8000b108 (0x019d44b3) x 9 0x00000010
core   0: 0x8000b10c (0x00a00993) li      s3, 10
core   0: 3 0x8000b10c (0x00a00993) x19 0x0000000a
core   0: 0x8000b110 (0x24647393) andi    t2, s0, 582
core   0: 3 0x8000b110 (0x24647393) x 7 0x00000244
core   0: 0x8000b114 (0x4977c693) xori    a3, a5, 1175
core   0: 3 0x8000b114 (0x4977c693) x13 0x00000497
core   0: 0x8000b118 (0x4361a293) slti    t0, gp, 1078
core   0: 3 0x8000b118 (0x4361a293) x 5 0x00000001
core   0: 0x8000b11c (0x4abe3e17) auipc   t3, 0x4abe3
core   0: 3 0x8000b11c (0x4abe3e17) x28 0xcabee11c
core   0: 0x8000b120 (0x009d9fb3) sll     t6, s11, s1
core   0: 3 0x8000b120 (0x009d9fb3) x31 0x3e2c0000
core   0: 0x8000b124 (0x019fa2b3) slt     t0, t6, s9
core   0: 3 0x8000b124 (0x019fa2b3) x 5 0x00000000
core   0: 0x8000b128 (0x9bb2aa13) slti    s4, t0, -1605
core   0: 3 0x8000b128 (0x9bb2aa13) x20 0x00000000
core   0: 0x8000b12c (0xa2443893) sltiu   a7, s0, -1500
core   0: 3 0x8000b12c (0xa2443893) x17 0x00000001
core   0: 0x8000b130 (0x01ca4ab3) xor     s5, s4, t3
core   0: 3 0x8000b130 (0x01ca4ab3) x21 0xcabee11c
core   0: 0x8000b134 (0xb5806a93) ori     s5, zero, -1192
core   0: 3 0x8000b134 (0xb5806a93) x21 0xfffffb58
core   0: 0x8000b138 (0x0000100f) fence.i
core   0: 3 0x8000b138 (0x0000100f)
core   0: 0x8000b13c (0xff730313) addi    t1, t1, -9
core   0: 3 0x8000b13c (0xff730313) x 6 0x00000001
core   0: 0x8000b140 (0xc9184913) xori    s2, a6, -879
core   0: 3 0x8000b140 (0xc9184913) x18 0xfffffc92
core   0: 0x8000b144 (0x00d264b3) or      s1, tp, a3
core   0: 3 0x8000b144 (0x00d264b3) x 9 0x000004d7
core   0: 0x8000b148 (0x01b89493) slli    s1, a7, 27
core   0: 3 0x8000b148 (0x01b89493) x 9 0x08000000
core   0: 0x8000b14c (0x40cf0033) sub     zero, t5, a2
core   0: 3 0x8000b14c (0x40cf0033)
core   0: 0x8000b150 (0x01dd5d93) srli    s11, s10, 29
core   0: 3 0x8000b150 (0x01dd5d93) x27 0x00000000
core   0: 0x8000b154 (0x006da733) slt     a4, s11, t1
core   0: 3 0x8000b154 (0x006da733) x14 0x00000001
core   0: 0x8000b158 (0x01c7ff33) and     t5, a5, t3
core   0: 3 0x8000b158 (0x01c7ff33) x30 0x00000000
core   0: 0x8000b15c (0x8e77ca13) xori    s4, a5, -1817
core   0: 3 0x8000b15c (0x8e77ca13) x20 0xfffff8e7
core   0: 0x8000b160 (0xfd3378e3) bgeu    t1, s3, pc - 48
core   0: 3 0x8000b160 (0xfd3378e3)
core   0: 0x8000b164 (0x41250933) sub     s2, a0, s2
core   0: 3 0x8000b164 (0x41250933) x18 0x00000381
core   0: 0x8000b168 (0xffc00793) li      a5, -4
core   0: 3 0x8000b168 (0xffc00793) x15 0xfffffffc
core   0: 0x8000b16c (0x4116dab3) sra     s5, a3, a7
core   0: 3 0x8000b16c (0x4116dab3) x21 0x0000024b
core   0: 0x8000b170 (0x01200c13) li      s8, 18
core   0: 3 0x8000b170 (0x01200c13) x24 0x00000012
core   0: 0x8000b174 (0xb77d7313) andi    t1, s10, -1161
core   0: 3 0x8000b174 (0xb77d7313) x 6 0x00000010
core   0: 0x8000b178 (0x4182ddb3) sra     s11, t0, s8
core   0: 3 0x8000b178 (0x4182ddb3) x27 0x00000000
core   0: 0x8000b17c (0xfd26fd93) andi    s11, a3, -46
core   0: 3 0x8000b17c (0xfd26fd93) x27 0x00000492
core   0: 0x8000b180 (0xec847b13) andi    s6, s0, -312
core   0: 3 0x8000b180 (0xec847b13) x22 0xe69126c0
core   0: 0x8000b184 (0x00278793) addi    a5, a5, 2
core   0: 3 0x8000b184 (0x00278793) x15 0xfffffffe
core   0: 0x8000b188 (0x0edd7813) andi    a6, s10, 237
core   0: 3 0x8000b188 (0x0edd7813) x16 0x00000000
core   0: 0x8000b18c (0xffc00493) li      s1, -4
core   0: 3 0x8000b18c (0xffc00493) x 9 0xfffffffc
core   0: 0x8000b190 (0x01100093) li      ra, 17
core   0: 3 0x8000b190 (0x01100093) x 1 0x00000011
core   0: 0x8000b194 (0x011ed533) srl     a0, t4, a7
core   0: 3 0x8000b194 (0x011ed533) x10 0x7ffffff2
core   0: 0x8000b198 (0x00000013) nop
core   0: 3 0x8000b198 (0x00000013)
core   0: 0x8000b19c (0x009d4033) xor     zero, s10, s1
core   0: 3 0x8000b19c (0x009d4033)
core   0: 0x8000b1a0 (0x00000013) nop
core   0: 3 0x8000b1a0 (0x00000013)
core   0: 0x8000b1a4 (0x00548493) addi    s1, s1, 5
core   0: 3 0x8000b1a4 (0x00548493) x 9 0x00000001
core   0: 0x8000b1a8 (0x7a5eae13) slti    t3, t4, 1957
core   0: 3 0x8000b1a8 (0x7a5eae13) x28 0x00000001
core   0: 0x8000b1ac (0xfe14e6e3) bltu    s1, ra, pc - 20
core   0: 3 0x8000b1ac (0xfe14e6e3)
core   0: 0x8000b198 (0x00000013) nop
core   0: 3 0x8000b198 (0x00000013)
core   0: 0x8000b19c (0x009d4033) xor     zero, s10, s1
core   0: 3 0x8000b19c (0x009d4033)
core   0: 0x8000b1a0 (0x00000013) nop
core   0: 3 0x8000b1a0 (0x00000013)
core   0: 0x8000b1a4 (0x00548493) addi    s1, s1, 5
core   0: 3 0x8000b1a4 (0x00548493) x 9 0x00000006
core   0: 0x8000b1a8 (0x7a5eae13) slti    t3, t4, 1957
core   0: 3 0x8000b1a8 (0x7a5eae13) x28 0x00000001
core   0: 0x8000b1ac (0xfe14e6e3) bltu    s1, ra, pc - 20
core   0: 3 0x8000b1ac (0xfe14e6e3)
core   0: 0x8000b198 (0x00000013) nop
core   0: 3 0x8000b198 (0x00000013)
core   0: 0x8000b19c (0x009d4033) xor     zero, s10, s1
core   0: 3 0x8000b19c (0x009d4033)
core   0: 0x8000b1a0 (0x00000013) nop
core   0: 3 0x8000b1a0 (0x00000013)
core   0: 0x8000b1a4 (0x00548493) addi    s1, s1, 5
core   0: 3 0x8000b1a4 (0x00548493) x 9 0x0000000b
core   0: 0x8000b1a8 (0x7a5eae13) slti    t3, t4, 1957
core   0: 3 0x8000b1a8 (0x7a5eae13) x28 0x00000001
core   0: 0x8000b1ac (0xfe14e6e3) bltu    s1, ra, pc - 20
core   0: 3 0x8000b1ac (0xfe14e6e3)
core   0: 0x8000b198 (0x00000013) nop
core   0: 3 0x8000b198 (0x00000013)
core   0: 0x8000b19c (0x009d4033) xor     zero, s10, s1
core   0: 3 0x8000b19c (0x009d4033)
core   0: 0x8000b1a0 (0x00000013) nop
core   0: 3 0x8000b1a0 (0x00000013)
core   0: 0x8000b1a4 (0x00548493) addi    s1, s1, 5
core   0: 3 0x8000b1a4 (0x00548493) x 9 0x00000010
core   0: 0x8000b1a8 (0x7a5eae13) slti    t3, t4, 1957
core   0: 3 0x8000b1a8 (0x7a5eae13) x28 0x00000001
core   0: 0x8000b1ac (0xfe14e6e3) bltu    s1, ra, pc - 20
core   0: 3 0x8000b1ac (0xfe14e6e3)
core   0: 0x8000b198 (0x00000013) nop
core   0: 3 0x8000b198 (0x00000013)
core   0: 0x8000b19c (0x009d4033) xor     zero, s10, s1
core   0: 3 0x8000b19c (0x009d4033)
core   0: 0x8000b1a0 (0x00000013) nop
core   0: 3 0x8000b1a0 (0x00000013)
core   0: 0x8000b1a4 (0x00548493) addi    s1, s1, 5
core   0: 3 0x8000b1a4 (0x00548493) x 9 0x00000015
core   0: 0x8000b1a8 (0x7a5eae13) slti    t3, t4, 1957
core   0: 3 0x8000b1a8 (0x7a5eae13) x28 0x00000001
core   0: 0x8000b1ac (0xfe14e6e3) bltu    s1, ra, pc - 20
core   0: 3 0x8000b1ac (0xfe14e6e3)
core   0: 0x8000b1b0 (0x41e15693) srai    a3, sp, 30
core   0: 3 0x8000b1b0 (0x41e15693) x13 0xfffffffe
core   0: 0x8000b1b4 (0xfd87e6e3) bltu    a5, s8, pc - 52
core   0: 3 0x8000b1b4 (0xfd87e6e3)
core   0: 0x8000b1b8 (0xe4b34e13) xori    t3, t1, -437
core   0: 3 0x8000b1b8 (0xe4b34e13) x28 0xfffffe5b
core   0: 0x8000b1bc (0x00300513) li      a0, 3
core   0: 3 0x8000b1bc (0x00300513) x10 0x00000003
core   0: 0x8000b1c0 (0x01ce1893) slli    a7, t3, 28
core   0: 3 0x8000b1c0 (0x01ce1893) x17 0xb0000000
core   0: 0x8000b1c4 (0xff600d93) li      s11, -10
core   0: 3 0x8000b1c4 (0xff600d93) x27 0xfffffff6
core   0: 0x8000b1c8 (0x41a75093) srai    ra, a4, 26
core   0: 3 0x8000b1c8 (0x41a75093) x 1 0x00000000
core   0: 0x8000b1cc (0x01c927b3) slt     a5, s2, t3
core   0: 3 0x8000b1cc (0x01c927b3) x15 0x00000000
core   0: 0x8000b1d0 (0xffb50513) addi    a0, a0, -5
core   0: 3 0x8000b1d0 (0xffb50513) x10 0xfffffffe
core   0: 0x8000b1d4 (0x009fbd33) sltu    s10, t6, s1
core   0: 3 0x8000b1d4 (0x009fbd33) x26 0x00000000
core   0: 0x8000b1d8 (0xbefc7793) andi    a5, s8, -1041
core   0: 3 0x8000b1d8 (0xbefc7793) x15 0x00000002
core   0: 0x8000b1dc (0x00000013) nop
core   0: 3 0x8000b1dc (0x00000013)
core   0: 0x8000b1e0 (0xffb556e3) bge     a0, s11, pc - 20
core   0: 3 0x8000b1e0 (0xffb556e3)
core   0: 0x8000b1cc (0x01c927b3) slt     a5, s2, t3
core   0: 3 0x8000b1cc (0x01c927b3) x15 0x00000000
core   0: 0x8000b1d0 (0xffb50513) addi    a0, a0, -5
core   0: 3 0x8000b1d0 (0xffb50513) x10 0xfffffff9
core   0: 0x8000b1d4 (0x009fbd33) sltu    s10, t6, s1
core   0: 3 0x8000b1d4 (0x009fbd33) x26 0x00000000
core   0: 0x8000b1d8 (0xbefc7793) andi    a5, s8, -1041
core   0: 3 0x8000b1d8 (0xbefc7793) x15 0x00000002
core   0: 0x8000b1dc (0x00000013) nop
core   0: 3 0x8000b1dc (0x00000013)
core   0: 0x8000b1e0 (0xffb556e3) bge     a0, s11, pc - 20
core   0: 3 0x8000b1e0 (0xffb556e3)
core   0: 0x8000b1cc (0x01c927b3) slt     a5, s2, t3
core   0: 3 0x8000b1cc (0x01c927b3) x15 0x00000000
core   0: 0x8000b1d0 (0xffb50513) addi    a0, a0, -5
core   0: 3 0x8000b1d0 (0xffb50513) x10 0xfffffff4
core   0: 0x8000b1d4 (0x009fbd33) sltu    s10, t6, s1
core   0: 3 0x8000b1d4 (0x009fbd33) x26 0x00000000
core   0: 0x8000b1d8 (0xbefc7793) andi    a5, s8, -1041
core   0: 3 0x8000b1d8 (0xbefc7793) x15 0x00000002
core   0: 0x8000b1dc (0x00000013) nop
core   0: 3 0x8000b1dc (0x00000013)
core   0: 0x8000b1e0 (0xffb556e3) bge     a0, s11, pc - 20
core   0: 3 0x8000b1e0 (0xffb556e3)
core   0: 0x8000b1e4 (0x00da1c33) sll     s8, s4, a3
core   0: 3 0x8000b1e4 (0x00da1c33) x24 0xc0000000
core   0: 0x8000b1e8 (0x00800893) li      a7, 8
core   0: 3 0x8000b1e8 (0x00800893) x17 0x00000008
core   0: 0x8000b1ec (0x2741ccb7) lui     s9, 0x2741c
core   0: 3 0x8000b1ec (0x2741ccb7) x25 0x2741c000
core   0: 0x8000b1f0 (0x019a16b3) sll     a3, s4, s9
core   0: 3 0x8000b1f0 (0x019a16b3) x13 0xfffff8e7
core   0: 0x8000b1f4 (0xb0180193) addi    gp, a6, -1279
core   0: 3 0x8000b1f4 (0xb0180193) x 3 0xfffffb01
core   0: 0x8000b1f8 (0x11248437) lui     s0, 0x11248
core   0: 3 0x8000b1f8 (0x11248437) x 8 0x11248000
core   0: 0x8000b1fc (0x01955b33) srl     s6, a0, s9
core   0: 3 0x8000b1fc (0x01955b33) x22 0xfffffff4
core   0: 0x8000b200 (0x2957e817) auipc   a6, 0x2957e
core   0: 3 0x8000b200 (0x2957e817) x16 0xa9589200
core   0: 0x8000b204 (0x01905ab3) srl     s5, zero, s9
core   0: 3 0x8000b204 (0x01905ab3) x21 0x00000000
core   0: 0x8000b208 (0x0000100f) fence.i
core   0: 3 0x8000b208 (0x0000100f)
core   0: 0x8000b20c (0x0110a2b3) slt     t0, ra, a7
core   0: 3 0x8000b20c (0x0110a2b3) x 5 0x00000001
core   0: 0x8000b210 (0x00200c13) li      s8, 2
core   0: 3 0x8000b210 (0x00200c13) x24 0x00000002
core   0: 0x8000b214 (0x00e90333) add     t1, s2, a4
core   0: 3 0x8000b214 (0x00e90333) x 6 0x00000382
core   0: 0x8000b218 (0x00834333) xor     t1, t1, s0
core   0: 3 0x8000b218 (0x00834333) x 6 0x11248382
core   0: 0x8000b21c (0x414bd813) srai    a6, s7, 20
core   0: 3 0x8000b21c (0x414bd813) x16 0xfffff800
core   0: 0x8000b220 (0x41965b13) srai    s6, a2, 25
core   0: 3 0x8000b220 (0x41965b13) x22 0xffffffc0
core   0: 0x8000b224 (0x419f5313) srai    t1, t5, 25
core   0: 3 0x8000b224 (0x419f5313) x 6 0x00000000
core   0: 0x8000b228 (0xc5672e93) slti    t4, a4, -938
core   0: 3 0x8000b228 (0xc5672e93) x29 0x00000000
core   0: 0x8000b22c (0x0096aeb3) slt     t4, a3, s1
core   0: 3 0x8000b22c (0x0096aeb3) x29 0x00000001
core   0: 0x8000b230 (0x8ffa9717) auipc   a4, 0x8ffa9
core   0: 3 0x8000b230 (0x8ffa9717) x14 0x0ffb4230
core   0: 0x8000b234 (0xfff88893) addi    a7, a7, -1
core   0: 3 0x8000b234 (0xfff88893) x17 0x00000007
core   0: 0x8000b238 (0xc07a5737) lui     a4, 0xc07a5
core   0: 3 0x8000b238 (0xc07a5737) x14 0xc07a5000
core   0: 0x8000b23c (0x011c9233) sll     tp, s9, a7
core   0: 3 0x8000b23c (0x011c9233) x 4 0xa0e00000
core   0: 0x8000b240 (0x00000013) nop
core   0: 3 0x8000b240 (0x00000013)
core   0: 0x8000b244 (0x40a35c93) srai    s9, t1, 10
core   0: 3 0x8000b244 (0x40a35c93) x25 0x00000000
core   0: 0x8000b248 (0xfd88f8e3) bgeu    a7, s8, pc - 48
core   0: 3 0x8000b248 (0xfd88f8e3)
core   0: 0x8000b218 (0x00834333) xor     t1, t1, s0
core   0: 3 0x8000b218 (0x00834333) x 6 0x11248000
core   0: 0x8000b21c (0x414bd813) srai    a6, s7, 20
core   0: 3 0x8000b21c (0x414bd813) x16 0xfffff800
core   0: 0x8000b220 (0x41965b13) srai    s6, a2, 25
core   0: 3 0x8000b220 (0x41965b13) x22 0xffffffc0
core   0: 0x8000b224 (0x419f5313) srai    t1, t5, 25
core   0: 3 0x8000b224 (0x419f5313) x 6 0x00000000
core   0: 0x8000b228 (0xc5672e93) slti    t4, a4, -938
core   0: 3 0x8000b228 (0xc5672e93) x29 0x00000001
core   0: 0x8000b22c (0x0096aeb3) slt     t4, a3, s1
core   0: 3 0x8000b22c (0x0096aeb3) x29 0x00000001
core   0: 0x8000b230 (0x8ffa9717) auipc   a4, 0x8ffa9
core   0: 3 0x8000b230 (0x8ffa9717) x14 0x0ffb4230
core   0: 0x8000b234 (0xfff88893) addi    a7, a7, -1
core   0: 3 0x8000b234 (0xfff88893) x17 0x00000006
core   0: 0x8000b238 (0xc07a5737) lui     a4, 0xc07a5
core   0: 3 0x8000b238 (0xc07a5737) x14 0xc07a5000
core   0: 0x8000b23c (0x011c9233) sll     tp, s9, a7
core   0: 3 0x8000b23c (0x011c9233) x 4 0x00000000
core   0: 0x8000b240 (0x00000013) nop
core   0: 3 0x8000b240 (0x00000013)
core   0: 0x8000b244 (0x40a35c93) srai    s9, t1, 10
core   0: 3 0x8000b244 (0x40a35c93) x25 0x00000000
core   0: 0x8000b248 (0xfd88f8e3) bgeu    a7, s8, pc - 48
core   0: 3 0x8000b248 (0xfd88f8e3)
core   0: 0x8000b218 (0x00834333) xor     t1, t1, s0
core   0: 3 0x8000b218 (0x00834333) x 6 0x11248000
core   0: 0x8000b21c (0x414bd813) srai    a6, s7, 20
core   0: 3 0x8000b21c (0x414bd813) x16 0xfffff800
core   0: 0x8000b220 (0x41965b13) srai    s6, a2, 25
core   0: 3 0x8000b220 (0x41965b13) x22 0xffffffc0
core   0: 0x8000b224 (0x419f5313) srai    t1, t5, 25
core   0: 3 0x8000b224 (0x419f5313) x 6 0x00000000
core   0: 0x8000b228 (0xc5672e93) slti    t4, a4, -938
core   0: 3 0x8000b228 (0xc5672e93) x29 0x00000001
core   0: 0x8000b22c (0x0096aeb3) slt     t4, a3, s1
core   0: 3 0x8000b22c (0x0096aeb3) x29 0x00000001
core   0: 0x8000b230 (0x8ffa9717) auipc   a4, 0x8ffa9
core   0: 3 0x8000b230 (0x8ffa9717) x14 0x0ffb4230
core   0: 0x8000b234 (0xfff88893) addi    a7, a7, -1
core   0: 3 0x8000b234 (0xfff88893) x17 0x00000005
core   0: 0x8000b238 (0xc07a5737) lui     a4, 0xc07a5
core   0: 3 0x8000b238 (0xc07a5737) x14 0xc07a5000
core   0: 0x8000b23c (0x011c9233) sll     tp, s9, a7
core   0: 3 0x8000b23c (0x011c9233) x 4 0x00000000
core   0: 0x8000b240 (0x00000013) nop
core   0: 3 0x8000b240 (0x00000013)
core   0: 0x8000b244 (0x40a35c93) srai    s9, t1, 10
core   0: 3 0x8000b244 (0x40a35c93) x25 0x00000000
core   0: 0x8000b248 (0xfd88f8e3) bgeu    a7, s8, pc - 48
core   0: 3 0x8000b248 (0xfd88f8e3)
core   0: 0x8000b218 (0x00834333) xor     t1, t1, s0
core   0: 3 0x8000b218 (0x00834333) x 6 0x11248000
core   0: 0x8000b21c (0x414bd813) srai    a6, s7, 20
core   0: 3 0x8000b21c (0x414bd813) x16 0xfffff800
core   0: 0x8000b220 (0x41965b13) srai    s6, a2, 25
core   0: 3 0x8000b220 (0x41965b13) x22 0xffffffc0
core   0: 0x8000b224 (0x419f5313) srai    t1, t5, 25
core   0: 3 0x8000b224 (0x419f5313) x 6 0x00000000
core   0: 0x8000b228 (0xc5672e93) slti    t4, a4, -938
core   0: 3 0x8000b228 (0xc5672e93) x29 0x00000001
core   0: 0x8000b22c (0x0096aeb3) slt     t4, a3, s1
core   0: 3 0x8000b22c (0x0096aeb3) x29 0x00000001
core   0: 0x8000b230 (0x8ffa9717) auipc   a4, 0x8ffa9
core   0: 3 0x8000b230 (0x8ffa9717) x14 0x0ffb4230
core   0: 0x8000b234 (0xfff88893) addi    a7, a7, -1
core   0: 3 0x8000b234 (0xfff88893) x17 0x00000004
core   0: 0x8000b238 (0xc07a5737) lui     a4, 0xc07a5
core   0: 3 0x8000b238 (0xc07a5737) x14 0xc07a5000
core   0: 0x8000b23c (0x011c9233) sll     tp, s9, a7
core   0: 3 0x8000b23c (0x011c9233) x 4 0x00000000
core   0: 0x8000b240 (0x00000013) nop
core   0: 3 0x8000b240 (0x00000013)
core   0: 0x8000b244 (0x40a35c93) srai    s9, t1, 10
core   0: 3 0x8000b244 (0x40a35c93) x25 0x00000000
core   0: 0x8000b248 (0xfd88f8e3) bgeu    a7, s8, pc - 48
core   0: 3 0x8000b248 (0xfd88f8e3)
core   0: 0x8000b218 (0x00834333) xor     t1, t1, s0
core   0: 3 0x8000b218 (0x00834333) x 6 0x11248000
core   0: 0x8000b21c (0x414bd813) srai    a6, s7, 20
core   0: 3 0x8000b21c (0x414bd813) x16 0xfffff800
core   0: 0x8000b220 (0x41965b13) srai    s6, a2, 25
core   0: 3 0x8000b220 (0x41965b13) x22 0xffffffc0
core   0: 0x8000b224 (0x419f5313) srai    t1, t5, 25
core   0: 3 0x8000b224 (0x419f5313) x 6 0x00000000
core   0: 0x8000b228 (0xc5672e93) slti    t4, a4, -938
core   0: 3 0x8000b228 (0xc5672e93) x29 0x00000001
core   0: 0x8000b22c (0x0096aeb3) slt     t4, a3, s1
core   0: 3 0x8000b22c (0x0096aeb3) x29 0x00000001
core   0: 0x8000b230 (0x8ffa9717) auipc   a4, 0x8ffa9
core   0: 3 0x8000b230 (0x8ffa9717) x14 0x0ffb4230
core   0: 0x8000b234 (0xfff88893) addi    a7, a7, -1
core   0: 3 0x8000b234 (0xfff88893) x17 0x00000003
core   0: 0x8000b238 (0xc07a5737) lui     a4, 0xc07a5
core   0: 3 0x8000b238 (0xc07a5737) x14 0xc07a5000
core   0: 0x8000b23c (0x011c9233) sll     tp, s9, a7
core   0: 3 0x8000b23c (0x011c9233) x 4 0x00000000
core   0: 0x8000b240 (0x00000013) nop
core   0: 3 0x8000b240 (0x00000013)
core   0: 0x8000b244 (0x40a35c93) srai    s9, t1, 10
core   0: 3 0x8000b244 (0x40a35c93) x25 0x00000000
core   0: 0x8000b248 (0xfd88f8e3) bgeu    a7, s8, pc - 48
core   0: 3 0x8000b248 (0xfd88f8e3)
core   0: 0x8000b218 (0x00834333) xor     t1, t1, s0
core   0: 3 0x8000b218 (0x00834333) x 6 0x11248000
core   0: 0x8000b21c (0x414bd813) srai    a6, s7, 20
core   0: 3 0x8000b21c (0x414bd813) x16 0xfffff800
core   0: 0x8000b220 (0x41965b13) srai    s6, a2, 25
core   0: 3 0x8000b220 (0x41965b13) x22 0xffffffc0
core   0: 0x8000b224 (0x419f5313) srai    t1, t5, 25
core   0: 3 0x8000b224 (0x419f5313) x 6 0x00000000
core   0: 0x8000b228 (0xc5672e93) slti    t4, a4, -938
core   0: 3 0x8000b228 (0xc5672e93) x29 0x00000001
core   0: 0x8000b22c (0x0096aeb3) slt     t4, a3, s1
core   0: 3 0x8000b22c (0x0096aeb3) x29 0x00000001
core   0: 0x8000b230 (0x8ffa9717) auipc   a4, 0x8ffa9
core   0: 3 0x8000b230 (0x8ffa9717) x14 0x0ffb4230
core   0: 0x8000b234 (0xfff88893) addi    a7, a7, -1
core   0: 3 0x8000b234 (0xfff88893) x17 0x00000002
core   0: 0x8000b238 (0xc07a5737) lui     a4, 0xc07a5
core   0: 3 0x8000b238 (0xc07a5737) x14 0xc07a5000
core   0: 0x8000b23c (0x011c9233) sll     tp, s9, a7
core   0: 3 0x8000b23c (0x011c9233) x 4 0x00000000
core   0: 0x8000b240 (0x00000013) nop
core   0: 3 0x8000b240 (0x00000013)
core   0: 0x8000b244 (0x40a35c93) srai    s9, t1, 10
core   0: 3 0x8000b244 (0x40a35c93) x25 0x00000000
core   0: 0x8000b248 (0xfd88f8e3) bgeu    a7, s8, pc - 48
core   0: 3 0x8000b248 (0xfd88f8e3)
core   0: 0x8000b218 (0x00834333) xor     t1, t1, s0
core   0: 3 0x8000b218 (0x00834333) x 6 0x11248000
core   0: 0x8000b21c (0x414bd813) srai    a6, s7, 20
core   0: 3 0x8000b21c (0x414bd813) x16 0xfffff800
core   0: 0x8000b220 (0x41965b13) srai    s6, a2, 25
core   0: 3 0x8000b220 (0x41965b13) x22 0xffffffc0
core   0: 0x8000b224 (0x419f5313) srai    t1, t5, 25
core   0: 3 0x8000b224 (0x419f5313) x 6 0x00000000
core   0: 0x8000b228 (0xc5672e93) slti    t4, a4, -938
core   0: 3 0x8000b228 (0xc5672e93) x29 0x00000001
core   0: 0x8000b22c (0x0096aeb3) slt     t4, a3, s1
core   0: 3 0x8000b22c (0x0096aeb3) x29 0x00000001
core   0: 0x8000b230 (0x8ffa9717) auipc   a4, 0x8ffa9
core   0: 3 0x8000b230 (0x8ffa9717) x14 0x0ffb4230
core   0: 0x8000b234 (0xfff88893) addi    a7, a7, -1
core   0: 3 0x8000b234 (0xfff88893) x17 0x00000001
core   0: 0x8000b238 (0xc07a5737) lui     a4, 0xc07a5
core   0: 3 0x8000b238 (0xc07a5737) x14 0xc07a5000
core   0: 0x8000b23c (0x011c9233) sll     tp, s9, a7
core   0: 3 0x8000b23c (0x011c9233) x 4 0x00000000
core   0: 0x8000b240 (0x00000013) nop
core   0: 3 0x8000b240 (0x00000013)
core   0: 0x8000b244 (0x40a35c93) srai    s9, t1, 10
core   0: 3 0x8000b244 (0x40a35c93) x25 0x00000000
core   0: 0x8000b248 (0xfd88f8e3) bgeu    a7, s8, pc - 48
core   0: 3 0x8000b248 (0xfd88f8e3)
core   0: 0x8000b24c (0x0a718c93) addi    s9, gp, 167
core   0: 3 0x8000b24c (0x0a718c93) x25 0xfffffba8
core   0: 0x8000b250 (0x00600693) li      a3, 6
core   0: 3 0x8000b250 (0x00600693) x13 0x00000006
core   0: 0x8000b254 (0x40d68733) sub     a4, a3, a3
core   0: 3 0x8000b254 (0x40d68733) x14 0x00000000
core   0: 0x8000b258 (0x00353d33) sltu    s10, a0, gp
core   0: 3 0x8000b258 (0x00353d33) x26 0x00000000
core   0: 0x8000b25c (0x00d55bb3) srl     s7, a0, a3
core   0: 3 0x8000b25c (0x00d55bb3) x23 0x03ffffff
core   0: 0x8000b260 (0x403ddf33) sra     t5, s11, gp
core   0: 3 0x8000b260 (0x403ddf33) x30 0xfffffffb
core   0: 0x8000b264 (0x38f43813) sltiu   a6, s0, 911
core   0: 3 0x8000b264 (0x38f43813) x16 0x00000000
core   0: 0x8000b268 (0x412b0433) sub     s0, s6, s2
core   0: 3 0x8000b268 (0x412b0433) x 8 0xfffffc3f
core   0: 0x8000b26c (0xcf130793) addi    a5, t1, -783
core   0: 3 0x8000b26c (0xcf130793) x15 0xfffffcf1
core   0: 0x8000b270 (0x0000100f) fence.i
core   0: 3 0x8000b270 (0x0000100f)
core   0: 0x8000b274 (0xff500b13) li      s6, -11
core   0: 3 0x8000b274 (0xff500b13) x22 0xfffffff5
core   0: 0x8000b278 (0xd8773893) sltiu   a7, a4, -633
core   0: 3 0x8000b278 (0xd8773893) x17 0x00000001
core   0: 0x8000b27c (0xd420a393) slti    t2, ra, -702
core   0: 3 0x8000b27c (0xd420a393) x 7 0x00000000
core   0: 0x8000b280 (0xff868693) addi    a3, a3, -8
core   0: 3 0x8000b280 (0xff868693) x13 0xfffffffe
core   0: 0x8000b284 (0xfa48ea93) ori     s5, a7, -92
core   0: 3 0x8000b284 (0xfa48ea93) x21 0xffffffa5
core   0: 0x8000b288 (0x0af42a93) slti    s5, s0, 175
core   0: 3 0x8000b288 (0x0af42a93) x21 0x00000001
core   0: 0x8000b28c (0x00000013) nop
core   0: 3 0x8000b28c (0x00000013)
core   0: 0x8000b290 (0x002b18b3) sll     a7, s6, sp
core   0: 3 0x8000b290 (0x002b18b3) x17 0xffffff50
core   0: 0x8000b294 (0xff66d4e3) bge     a3, s6, pc - 24
core   0: 3 0x8000b294 (0xff66d4e3)
core   0: 0x8000b27c (0xd420a393) slti    t2, ra, -702
core   0: 3 0x8000b27c (0xd420a393) x 7 0x00000000
core   0: 0x8000b280 (0xff868693) addi    a3, a3, -8
core   0: 3 0x8000b280 (0xff868693) x13 0xfffffff6
core   0: 0x8000b284 (0xfa48ea93) ori     s5, a7, -92
core   0: 3 0x8000b284 (0xfa48ea93) x21 0xfffffff4
core   0: 0x8000b288 (0x0af42a93) slti    s5, s0, 175
core   0: 3 0x8000b288 (0x0af42a93) x21 0x00000001
core   0: 0x8000b28c (0x00000013) nop
core   0: 3 0x8000b28c (0x00000013)
core   0: 0x8000b290 (0x002b18b3) sll     a7, s6, sp
core   0: 3 0x8000b290 (0x002b18b3) x17 0xffffff50
core   0: 0x8000b294 (0xff66d4e3) bge     a3, s6, pc - 24
core   0: 3 0x8000b294 (0xff66d4e3)
core   0: 0x8000b27c (0xd420a393) slti    t2, ra, -702
core   0: 3 0x8000b27c (0xd420a393) x 7 0x00000000
core   0: 0x8000b280 (0xff868693) addi    a3, a3, -8
core   0: 3 0x8000b280 (0xff868693) x13 0xffffffee
core   0: 0x8000b284 (0xfa48ea93) ori     s5, a7, -92
core   0: 3 0x8000b284 (0xfa48ea93) x21 0xfffffff4
core   0: 0x8000b288 (0x0af42a93) slti    s5, s0, 175
core   0: 3 0x8000b288 (0x0af42a93) x21 0x00000001
core   0: 0x8000b28c (0x00000013) nop
core   0: 3 0x8000b28c (0x00000013)
core   0: 0x8000b290 (0x002b18b3) sll     a7, s6, sp
core   0: 3 0x8000b290 (0x002b18b3) x17 0xffffff50
core   0: 0x8000b294 (0xff66d4e3) bge     a3, s6, pc - 24
core   0: 3 0x8000b294 (0xff66d4e3)
core   0: 0x8000b298 (0x01157a33) and     s4, a0, a7
core   0: 3 0x8000b298 (0x01157a33) x20 0xffffff50
core   0: 0x8000b29c (0x00a00093) li      ra, 10
core   0: 3 0x8000b29c (0x00a00093) x 1 0x0000000a
core   0: 0x8000b2a0 (0x01000f93) li      t6, 16
core   0: 3 0x8000b2a0 (0x01000f93) x31 0x00000010
core   0: 0x8000b2a4 (0x003e2533) slt     a0, t3, gp
core   0: 3 0x8000b2a4 (0x003e2533) x10 0x00000000
core   0: 0x8000b2a8 (0x00108093) addi    ra, ra, 1
core   0: 3 0x8000b2a8 (0x00108093) x 1 0x0000000b
core   0: 0x8000b2ac (0x00700693) li      a3, 7
core   0: 3 0x8000b2ac (0x00700693) x13 0x00000007
core   0: 0x8000b2b0 (0x00700b13) li      s6, 7
core   0: 3 0x8000b2b0 (0x00700b13) x22 0x00000007
core   0: 0x8000b2b4 (0xe291b213) sltiu   tp, gp, -471
core   0: 3 0x8000b2b4 (0xe291b213) x 4 0x00000001
core   0: 0x8000b2b8 (0xfff68693) addi    a3, a3, -1
core   0: 3 0x8000b2b8 (0xfff68693) x13 0x00000006
core   0: 0x8000b2bc (0xff66fce3) bgeu    a3, s6, pc - 8
core   0: 3 0x8000b2bc (0xff66fce3)
core   0: 0x8000b2c0 (0xfff082e3) beq     ra, t6, pc - 28
core   0: 3 0x8000b2c0 (0xfff082e3)
core   0: 0x8000b2c4 (0x2331ae93) slti    t4, gp, 563
core   0: 3 0x8000b2c4 (0x2331ae93) x29 0x00000001
core   0: 0x8000b2c8 (0x00500713) li      a4, 5
core   0: 3 0x8000b2c8 (0x00500713) x14 0x00000005
core   0: 0x8000b2cc (0x40335c33) sra     s8, t1, gp
core   0: 3 0x8000b2cc (0x40335c33) x24 0x00000000
core   0: 0x8000b2d0 (0xff300d13) li      s10, -13
core   0: 3 0x8000b2d0 (0xff300d13) x26 0xfffffff3
core   0: 0x8000b2d4 (0x94f84693) xori    a3, a6, -1713
core   0: 3 0x8000b2d4 (0x94f84693) x13 0xfffff94f
core   0: 0x8000b2d8 (0x67928817) auipc   a6, 0x67928
core   0: 3 0x8000b2d8 (0x67928817) x16 0xe79332d8
core   0: 0x8000b2dc (0x01931db3) sll     s11, t1, s9
core   0: 3 0x8000b2dc (0x01931db3) x27 0x00000000
core   0: 0x8000b2e0 (0x01e7d033) srl     zero, a5, t5
core   0: 3 0x8000b2e0 (0x01e7d033)
core   0: 0x8000b2e4 (0xff770713) addi    a4, a4, -9
core   0: 3 0x8000b2e4 (0xff770713) x14 0xfffffffc
core   0: 0x8000b2e8 (0x01466cb3) or      s9, a2, s4
core   0: 3 0x8000b2e8 (0x01466cb3) x25 0xffffff7c
core   0: 0x8000b2ec (0xfd1a4f93) xori    t6, s4, -47
core   0: 3 0x8000b2ec (0xfd1a4f93) x31 0x00000081
core   0: 0x8000b2f0 (0x00159bb3) sll     s7, a1, ra
core   0: 3 0x8000b2f0 (0x00159bb3) x23 0x00000000
core   0: 0x8000b2f4 (0x407183b3) sub     t2, gp, t2
core   0: 3 0x8000b2f4 (0x407183b3) x 7 0xfffffb01
core   0: 0x8000b2f8 (0x00fb5b93) srli    s7, s6, 15
core   0: 3 0x8000b2f8 (0x00fb5b93) x23 0x00000000
core   0: 0x8000b2fc (0x014f9b93) slli    s7, t6, 20
core   0: 3 0x8000b2fc (0x014f9b93) x23 0x08100000
core   0: 0x8000b300 (0xff800793) li      a5, -8
core   0: 3 0x8000b300 (0xff800793) x15 0xfffffff8
core   0: 0x8000b304 (0xffa00993) li      s3, -6
core   0: 3 0x8000b304 (0xffa00993) x19 0xfffffffa
core   0: 0x8000b308 (0x41f5d293) srai    t0, a1, 31
core   0: 3 0x8000b308 (0x41f5d293) x 5 0xffffffff
core   0: 0x8000b30c (0x22786d93) ori     s11, a6, 551
core   0: 3 0x8000b30c (0x22786d93) x27 0xe79332ff
core   0: 0x8000b310 (0x994af293) andi    t0, s5, -1644
core   0: 3 0x8000b310 (0x994af293) x 5 0x00000000
core   0: 0x8000b314 (0x00778793) addi    a5, a5, 7
core   0: 3 0x8000b314 (0x00778793) x15 0xffffffff
core   0: 0x8000b318 (0xff37cae3) blt     a5, s3, pc - 12
core   0: 3 0x8000b318 (0xff37cae3)
core   0: 0x8000b31c (0x41d0d413) srai    s0, ra, 29
core   0: 3 0x8000b31c (0x41d0d413) x 8 0x00000000
core   0: 0x8000b320 (0x01119813) slli    a6, gp, 17
core   0: 3 0x8000b320 (0x01119813) x16 0xf6020000
core   0: 0x8000b324 (0x0ff0000f) fence   iorw,iorw
core   0: 3 0x8000b324 (0x0ff0000f)
core   0: 0x8000b328 (0x3d408193) addi    gp, ra, 980
core   0: 3 0x8000b328 (0x3d408193) x 3 0x000003df
core   0: 0x8000b32c (0xfba716e3) bne     a4, s10, pc - 84
core   0: 3 0x8000b32c (0xfba716e3)
core   0: 0x8000b2d8 (0x67928817) auipc   a6, 0x67928
core   0: 3 0x8000b2d8 (0x67928817) x16 0xe79332d8
core   0: 0x8000b2dc (0x01931db3) sll     s11, t1, s9
core   0: 3 0x8000b2dc (0x01931db3) x27 0x00000000
core   0: 0x8000b2e0 (0x01e7d033) srl     zero, a5, t5
core   0: 3 0x8000b2e0 (0x01e7d033)
core   0: 0x8000b2e4 (0xff770713) addi    a4, a4, -9
core   0: 3 0x8000b2e4 (0xff770713) x14 0xfffffff3
core   0: 0x8000b2e8 (0x01466cb3) or      s9, a2, s4
core   0: 3 0x8000b2e8 (0x01466cb3) x25 0xffffff7c
core   0: 0x8000b2ec (0xfd1a4f93) xori    t6, s4, -47
core   0: 3 0x8000b2ec (0xfd1a4f93) x31 0x00000081
core   0: 0x8000b2f0 (0x00159bb3) sll     s7, a1, ra
core   0: 3 0x8000b2f0 (0x00159bb3) x23 0x00000000
core   0: 0x8000b2f4 (0x407183b3) sub     t2, gp, t2
core   0: 3 0x8000b2f4 (0x407183b3) x 7 0x000008de
core   0: 0x8000b2f8 (0x00fb5b93) srli    s7, s6, 15
core   0: 3 0x8000b2f8 (0x00fb5b93) x23 0x00000000
core   0: 0x8000b2fc (0x014f9b93) slli    s7, t6, 20
core   0: 3 0x8000b2fc (0x014f9b93) x23 0x08100000
core   0: 0x8000b300 (0xff800793) li      a5, -8
core   0: 3 0x8000b300 (0xff800793) x15 0xfffffff8
core   0: 0x8000b304 (0xffa00993) li      s3, -6
core   0: 3 0x8000b304 (0xffa00993) x19 0xfffffffa
core   0: 0x8000b308 (0x41f5d293) srai    t0, a1, 31
core   0: 3 0x8000b308 (0x41f5d293) x 5 0xffffffff
core   0: 0x8000b30c (0x22786d93) ori     s11, a6, 551
core   0: 3 0x8000b30c (0x22786d93) x27 0xe79332ff
core   0: 0x8000b310 (0x994af293) andi    t0, s5, -1644
core   0: 3 0x8000b310 (0x994af293) x 5 0x00000000
core   0: 0x8000b314 (0x00778793) addi    a5, a5, 7
core   0: 3 0x8000b314 (0x00778793) x15 0xffffffff
core   0: 0x8000b318 (0xff37cae3) blt     a5, s3, pc - 12
core   0: 3 0x8000b318 (0xff37cae3)
core   0: 0x8000b31c (0x41d0d413) srai    s0, ra, 29
core   0: 3 0x8000b31c (0x41d0d413) x 8 0x00000000
core   0: 0x8000b320 (0x01119813) slli    a6, gp, 17
core   0: 3 0x8000b320 (0x01119813) x16 0x07be0000
core   0: 0x8000b324 (0x0ff0000f) fence   iorw,iorw
core   0: 3 0x8000b324 (0x0ff0000f)
core   0: 0x8000b328 (0x3d408193) addi    gp, ra, 980
core   0: 3 0x8000b328 (0x3d408193) x 3 0x000003df
core   0: 0x8000b32c (0xfba716e3) bne     a4, s10, pc - 84
core   0: 3 0x8000b32c (0xfba716e3)
core   0: 0x8000b330 (0x0034e4b3) or      s1, s1, gp
core   0: 3 0x8000b330 (0x0034e4b3) x 9 0x000003df
core   0: 0x8000b334 (0x00700f13) li      t5, 7
core   0: 3 0x8000b334 (0x00700f13) x30 0x00000007
core   0: 0x8000b338 (0x00c909b3) add     s3, s2, a2
core   0: 3 0x8000b338 (0x00c909b3) x19 0x800251ad
core   0: 0x8000b33c (0x01400513) li      a0, 20
core   0: 3 0x8000b33c (0x01400513) x10 0x00000014
core   0: 0x8000b340 (0x00000013) nop
core   0: 3 0x8000b340 (0x00000013)
core   0: 0x8000b344 (0x0000100f) fence.i
core   0: 3 0x8000b344 (0x0000100f)
core   0: 0x8000b348 (0x013edfb3) srl     t6, t4, s3
core   0: 3 0x8000b348 (0x013edfb3) x31 0x00000000
core   0: 0x8000b34c (0xb97e6893) ori     a7, t3, -1129
core   0: 3 0x8000b34c (0xb97e6893) x17 0xffffffdf
core   0: 0x8000b350 (0x00204db3) xor     s11, zero, sp
core   0: 3 0x8000b350 (0x00204db3) x27 0x80028ce4
core   0: 0x8000b354 (0x01f6a9b3) slt     s3, a3, t6
core   0: 3 0x8000b354 (0x01f6a9b3) x19 0x00000001
core   0: 0x8000b358 (0x01119693) slli    a3, gp, 17
core   0: 3 0x8000b358 (0x01119693) x13 0x07be0000
core   0: 0x8000b35c (0x001f0f13) addi    t5, t5, 1
core   0: 3 0x8000b35c (0x001f0f13) x30 0x00000008
core   0: 0x8000b360 (0x40540233) sub     tp, s0, t0
core   0: 3 0x8000b360 (0x40540233) x 4 0x00000000
core   0: 0x8000b364 (0xba7dbd93) sltiu   s11, s11, -1113
core   0: 3 0x8000b364 (0xba7dbd93) x27 0x00000001
core   0: 0x8000b368 (0xc1932817) auipc   a6, 0xc1932
core   0: 3 0x8000b368 (0xc1932817) x16 0x4193d368
core   0: 0x8000b36c (0x01109a13) slli    s4, ra, 17
core   0: 3 0x8000b36c (0x01109a13) x20 0x00160000
core   0: 0x8000b370 (0xff800913) li      s2, -8
core   0: 3 0x8000b370 (0xff800913) x18 0xfffffff8
core   0: 0x8000b374 (0x00000013) nop
core   0: 3 0x8000b374 (0x00000013)
core   0: 0x8000b378 (0x01100193) li      gp, 17
core   0: 3 0x8000b378 (0x01100193) x 3 0x00000011
core   0: 0x8000b37c (0x410cd213) srai    tp, s9, 16
core   0: 3 0x8000b37c (0x410cd213) x 4 0xffffffff
core   0: 0x8000b380 (0x3db16cb7) lui     s9, 0x3db16
core   0: 3 0x8000b380 (0x3db16cb7) x25 0x3db16000
core   0: 0x8000b384 (0x0057d8b3) srl     a7, a5, t0
core   0: 3 0x8000b384 (0x0057d8b3) x17 0xffffffff
core   0: 0x8000b388 (0x005a9d93) slli    s11, s5, 5
core   0: 3 0x8000b388 (0x005a9d93) x27 0x00000020
core   0: 0x8000b38c (0x00490913) addi    s2, s2, 4
core   0: 3 0x8000b38c (0x00490913) x18 0xfffffffc
core   0: 0x8000b390 (0xb0d67493) andi    s1, a2, -1267
core   0: 3 0x8000b390 (0xb0d67493) x 9 0x80024a0c
core   0: 0x8000b394 (0x00000013) nop
core   0: 3 0x8000b394 (0x00000013)
core   0: 0x8000b398 (0xfe3964e3) bltu    s2, gp, pc - 24
core   0: 3 0x8000b398 (0xfe3964e3)
core   0: 0x8000b39c (0x014f86b3) add     a3, t6, s4
core   0: 3 0x8000b39c (0x014f86b3) x13 0x00160000
core   0: 0x8000b3a0 (0x01237cb3) and     s9, t1, s2
core   0: 3 0x8000b3a0 (0x01237cb3) x25 0x00000000
core   0: 0x8000b3a4 (0x00c65f93) srli    t6, a2, 12
core   0: 3 0x8000b3a4 (0x00c65f93) x31 0x00080024
core   0: 0x8000b3a8 (0x0ff0000f) fence   iorw,iorw
core   0: 3 0x8000b3a8 (0x0ff0000f)
core   0: 0x8000b3ac (0xfaaf02e3) beq     t5, a0, pc - 92
core   0: 3 0x8000b3ac (0xfaaf02e3)
core   0: 0x8000b3b0 (0x018b0033) add     zero, s6, s8
core   0: 3 0x8000b3b0 (0x018b0033)
core   0: 0x8000b3b4 (0x00900c93) li      s9, 9
core   0: 3 0x8000b3b4 (0x00900c93) x25 0x00000009
core   0: 0x8000b3b8 (0x0000100f) fence.i
core   0: 3 0x8000b3b8 (0x0000100f)
core   0: 0x8000b3bc (0x00beb4b3) sltu    s1, t4, a1
core   0: 3 0x8000b3bc (0x00beb4b3) x 9 0x00000001
core   0: 0x8000b3c0 (0x01a6ca33) xor     s4, a3, s10
core   0: 3 0x8000b3c0 (0x01a6ca33) x20 0xffe9fff3
core   0: 0x8000b3c4 (0x00b00f13) li      t5, 11
core   0: 3 0x8000b3c4 (0x00b00f13) x30 0x0000000b
core   0: 0x8000b3c8 (0x01f0e533) or      a0, ra, t6
core   0: 3 0x8000b3c8 (0x01f0e533) x10 0x0008002f
core   0: 0x8000b3cc (0x29854d13) xori    s10, a0, 664
core   0: 3 0x8000b3cc (0x29854d13) x26 0x000802b7
core   0: 0x8000b3d0 (0x003c8c93) addi    s9, s9, 3
core   0: 3 0x8000b3d0 (0x003c8c93) x25 0x0000000c
core   0: 0x8000b3d4 (0xff900413) li      s0, -7
core   0: 3 0x8000b3d4 (0xff900413) x 8 0xfffffff9
core   0: 0x8000b3d8 (0x00000013) nop
core   0: 3 0x8000b3d8 (0x00000013)
core   0: 0x8000b3dc (0x00100913) li      s2, 1
core   0: 3 0x8000b3dc (0x00100913) x18 0x00000001
core   0: 0x8000b3e0 (0x01fdc733) xor     a4, s11, t6
core   0: 3 0x8000b3e0 (0x01fdc733) x14 0x00080004
core   0: 0x8000b3e4 (0xb3341197) auipc   gp, 0xb3341
core   0: 3 0x8000b3e4 (0xb3341197) x 3 0x3334c3e4
core   0: 0x8000b3e8 (0x009bdc33) srl     s8, s7, s1
core   0: 3 0x8000b3e8 (0x009bdc33) x24 0x04080000
core   0: 0x8000b3ec (0xfbacfa93) andi    s5, s9, -70
core   0: 3 0x8000b3ec (0xfbacfa93) x21 0x00000008
core   0: 0x8000b3f0 (0x00840413) addi    s0, s0, 8
core   0: 3 0x8000b3f0 (0x00840413) x 8 0x00000001
core   0: 0x8000b3f4 (0x5796a013) slti    zero, a3, 1401
core   0: 3 0x8000b3f4 (0x5796a013)
core   0: 0x8000b3f8 (0x0119f9b3) and     s3, s3, a7
core   0: 3 0x8000b3f8 (0x0119f9b3) x19 0x00000001
core   0: 0x8000b3fc (0x30f8a713) slti    a4, a7, 783
core   0: 3 0x8000b3fc (0x30f8a713) x14 0x00000001
core   0: 0x8000b400 (0xff2462e3) bltu    s0, s2, pc - 28
core   0: 3 0x8000b400 (0xff2462e3)
core   0: 0x8000b404 (0x2dde0197) auipc   gp, 0x2dde0
core   0: 3 0x8000b404 (0x2dde0197) x 3 0xaddeb404
core   0: 0x8000b408 (0xfdece0e3) bltu    s9, t5, pc - 64
core   0: 3 0x8000b408 (0xfdece0e3)
core   0: 0x8000b40c (0x6e106793) ori     a5, zero, 1761
core   0: 3 0x8000b40c (0x6e106793) x15 0x000006e1
core   0: 0x8000b410 (0x00700313) li      t1, 7
core   0: 3 0x8000b410 (0x00700313) x 6 0x00000007
core   0: 0x8000b414 (0x462b6813) ori     a6, s6, 1122
core   0: 3 0x8000b414 (0x462b6813) x16 0x00000467
core   0: 0x8000b418 (0x00600793) li      a5, 6
core   0: 3 0x8000b418 (0x00600793) x15 0x00000006
core   0: 0x8000b41c (0x1ece5f97) auipc   t6, 0x1ece5
core   0: 3 0x8000b41c (0x1ece5f97) x31 0x9ecf041c
core   0: 0x8000b420 (0x00000013) nop
core   0: 3 0x8000b420 (0x00000013)
core   0: 0x8000b424 (0x413d88b3) sub     a7, s11, s3
core   0: 3 0x8000b424 (0x413d88b3) x17 0x0000001f
core   0: 0x8000b428 (0xff630313) addi    t1, t1, -10
core   0: 3 0x8000b428 (0xff630313) x 6 0xfffffffd
core   0: 0x8000b42c (0x8e7af913) andi    s2, s5, -1817
core   0: 3 0x8000b42c (0x8e7af913) x18 0x00000000
core   0: 0x8000b430 (0x00a7f733) and     a4, a5, a0
core   0: 3 0x8000b430 (0x00a7f733) x14 0x00000006
core   0: 0x8000b434 (0xfef356e3) bge     t1, a5, pc - 20
core   0: 3 0x8000b434 (0xfef356e3)
core   0: 0x8000b438 (0x00000013) nop
core   0: 3 0x8000b438 (0x00000013)
core   0: 0x8000b43c (0x00700493) li      s1, 7
core   0: 3 0x8000b43c (0x00700493) x 9 0x00000007
core   0: 0x8000b440 (0x00c00893) li      a7, 12
core   0: 3 0x8000b440 (0x00c00893) x17 0x0000000c
core   0: 0x8000b444 (0x0000100f) fence.i
core   0: 3 0x8000b444 (0x0000100f)
core   0: 0x8000b448 (0x41d98c33) sub     s8, s3, t4
core   0: 3 0x8000b448 (0x41d98c33) x24 0x00000000
core   0: 0x8000b44c (0x00748493) addi    s1, s1, 7
core   0: 3 0x8000b44c (0x00748493) x 9 0x0000000e
core   0: 0x8000b450 (0x0000100f) fence.i
core   0: 3 0x8000b450 (0x0000100f)
core   0: 0x8000b454 (0xff600c93) li      s9, -10
core   0: 3 0x8000b454 (0xff600c93) x25 0xfffffff6
core   0: 0x8000b458 (0x008fc933) xor     s2, t6, s0
core   0: 3 0x8000b458 (0x008fc933) x18 0x9ecf041d
core   0: 0x8000b45c (0xcae2c6b7) lui     a3, 0xcae2c
core   0: 3 0x8000b45c (0xcae2c6b7) x13 0xcae2c000
core   0: 0x8000b460 (0x41498eb3) sub     t4, s3, s4
core   0: 3 0x8000b460 (0x41498eb3) x29 0x0016000e
core   0: 0x8000b464 (0xff700393) li      t2, -9
core   0: 3 0x8000b464 (0xff700393) x 7 0xfffffff7
core   0: 0x8000b468 (0x00000013) nop
core   0: 3 0x8000b468 (0x00000013)
core   0: 0x8000b46c (0x00000013) nop
core   0: 3 0x8000b46c (0x00000013)
core   0: 0x8000b470 (0x40e55313) srai    t1, a0, 14
core   0: 3 0x8000b470 (0x40e55313) x 6 0x00000020
core   0: 0x8000b474 (0x001c8c93) addi    s9, s9, 1
core   0: 3 0x8000b474 (0x001c8c93) x25 0xfffffff7
core   0: 0x8000b478 (0xfe7ccae3) blt     s9, t2, pc - 12
core   0: 3 0x8000b478 (0xfe7ccae3)
core   0: 0x8000b47c (0xfd14e6e3) bltu    s1, a7, pc - 52
core   0: 3 0x8000b47c (0xfd14e6e3)
core   0: 0x8000b480 (0x94ca2697) auipc   a3, 0x94ca2
core   0: 3 0x8000b480 (0x94ca2697) x13 0x14cad480
core   0: 0x8000b484 (0xfff00193) li      gp, -1
core   0: 3 0x8000b484 (0xfff00193) x 3 0xffffffff
core   0: 0x8000b488 (0x0089c9b3) xor     s3, s3, s0
core   0: 3 0x8000b488 (0x0089c9b3) x19 0x00000000
core   0: 0x8000b48c (0x01400493) li      s1, 20
core   0: 3 0x8000b48c (0x01400493) x 9 0x00000014
core   0: 0x8000b490 (0x3957a413) slti    s0, a5, 917
core   0: 3 0x8000b490 (0x3957a413) x 8 0x00000001
core   0: 0x8000b494 (0x01d01693) slli    a3, zero, 29
core   0: 3 0x8000b494 (0x01d01693) x13 0x00000000
core   0: 0x8000b498 (0x00818193) addi    gp, gp, 8
core   0: 3 0x8000b498 (0x00818193) x 3 0x00000007
core   0: 0x8000b49c (0x009b1c33) sll     s8, s6, s1
core   0: 3 0x8000b49c (0x009b1c33) x24 0x00700000
core   0: 0x8000b4a0 (0x419108b3) sub     a7, sp, s9
core   0: 3 0x8000b4a0 (0x419108b3) x17 0x80028ced
core   0: 0x8000b4a4 (0x00600713) li      a4, 6
core   0: 3 0x8000b4a4 (0x00600713) x14 0x00000006
core   0: 0x8000b4a8 (0x0ff0000f) fence   iorw,iorw
core   0: 3 0x8000b4a8 (0x0ff0000f)
core   0: 0x8000b4ac (0x00400c93) li      s9, 4
core   0: 3 0x8000b4ac (0x00400c93) x25 0x00000004
core   0: 0x8000b4b0 (0x2f6177b7) lui     a5, 0x2f617
core   0: 3 0x8000b4b0 (0x2f6177b7) x15 0x2f617000
core   0: 0x8000b4b4 (0x012ec8b3) xor     a7, t4, s2
core   0: 3 0x8000b4b4 (0x012ec8b3) x17 0x9ed90413
core   0: 0x8000b4b8 (0xfff70713) addi    a4, a4, -1
core   0: 3 0x8000b4b8 (0xfff70713) x14 0x00000005
core   0: 0x8000b4bc (0xff977ce3) bgeu    a4, s9, pc - 8
core   0: 3 0x8000b4bc (0xff977ce3)
core   0: 0x8000b4b4 (0x012ec8b3) xor     a7, t4, s2
core   0: 3 0x8000b4b4 (0x012ec8b3) x17 0x9ed90413
core   0: 0x8000b4b8 (0xfff70713) addi    a4, a4, -1
core   0: 3 0x8000b4b8 (0xfff70713) x14 0x00000004
core   0: 0x8000b4bc (0xff977ce3) bgeu    a4, s9, pc - 8
core   0: 3 0x8000b4bc (0xff977ce3)
core   0: 0x8000b4b4 (0x012ec8b3) xor     a7, t4, s2
core   0: 3 0x8000b4b4 (0x012ec8b3) x17 0x9ed90413
core   0: 0x8000b4b8 (0xfff70713) addi    a4, a4, -1
core   0: 3 0x8000b4b8 (0xfff70713) x14 0x00000003
core   0: 0x8000b4bc (0xff977ce3) bgeu    a4, s9, pc - 8
core   0: 3 0x8000b4bc (0xff977ce3)
core   0: 0x8000b4c0 (0x01672bb3) slt     s7, a4, s6
core   0: 3 0x8000b4c0 (0x01672bb3) x23 0x00000001
core   0: 0x8000b4c4 (0xfc91e6e3) bltu    gp, s1, pc - 52
core   0: 3 0x8000b4c4 (0xfc91e6e3)
core   0: 0x8000b490 (0x3957a413) slti    s0, a5, 917
core   0: 3 0x8000b490 (0x3957a413) x 8 0x00000000
core   0: 0x8000b494 (0x01d01693) slli    a3, zero, 29
core   0: 3 0x8000b494 (0x01d01693) x13 0x00000000
core   0: 0x8000b498 (0x00818193) addi    gp, gp, 8
core   0: 3 0x8000b498 (0x00818193) x 3 0x0000000f
core   0: 0x8000b49c (0x009b1c33) sll     s8, s6, s1
core   0: 3 0x8000b49c (0x009b1c33) x24 0x00700000
core   0: 0x8000b4a0 (0x419108b3) sub     a7, sp, s9
core   0: 3 0x8000b4a0 (0x419108b3) x17 0x80028ce0
core   0: 0x8000b4a4 (0x00600713) li      a4, 6
core   0: 3 0x8000b4a4 (0x00600713) x14 0x00000006
core   0: 0x8000b4a8 (0x0ff0000f) fence   iorw,iorw
core   0: 3 0x8000b4a8 (0x0ff0000f)
core   0: 0x8000b4ac (0x00400c93) li      s9, 4
core   0: 3 0x8000b4ac (0x00400c93) x25 0x00000004
core   0: 0x8000b4b0 (0x2f6177b7) lui     a5, 0x2f617
core   0: 3 0x8000b4b0 (0x2f6177b7) x15 0x2f617000
core   0: 0x8000b4b4 (0x012ec8b3) xor     a7, t4, s2
core   0: 3 0x8000b4b4 (0x012ec8b3) x17 0x9ed90413
core   0: 0x8000b4b8 (0xfff70713) addi    a4, a4, -1
core   0: 3 0x8000b4b8 (0xfff70713) x14 0x00000005
core   0: 0x8000b4bc (0xff977ce3) bgeu    a4, s9, pc - 8
core   0: 3 0x8000b4bc (0xff977ce3)
core   0: 0x8000b4b4 (0x012ec8b3) xor     a7, t4, s2
core   0: 3 0x8000b4b4 (0x012ec8b3) x17 0x9ed90413
core   0: 0x8000b4b8 (0xfff70713) addi    a4, a4, -1
core   0: 3 0x8000b4b8 (0xfff70713) x14 0x00000004
core   0: 0x8000b4bc (0xff977ce3) bgeu    a4, s9, pc - 8
core   0: 3 0x8000b4bc (0xff977ce3)
core   0: 0x8000b4b4 (0x012ec8b3) xor     a7, t4, s2
core   0: 3 0x8000b4b4 (0x012ec8b3) x17 0x9ed90413
core   0: 0x8000b4b8 (0xfff70713) addi    a4, a4, -1
core   0: 3 0x8000b4b8 (0xfff70713) x14 0x00000003
core   0: 0x8000b4bc (0xff977ce3) bgeu    a4, s9, pc - 8
core   0: 3 0x8000b4bc (0xff977ce3)
core   0: 0x8000b4c0 (0x01672bb3) slt     s7, a4, s6
core   0: 3 0x8000b4c0 (0x01672bb3) x23 0x00000001
core   0: 0x8000b4c4 (0xfc91e6e3) bltu    gp, s1, pc - 52
core   0: 3 0x8000b4c4 (0xfc91e6e3)
core   0: 0x8000b490 (0x3957a413) slti    s0, a5, 917
core   0: 3 0x8000b490 (0x3957a413) x 8 0x00000000
core   0: 0x8000b494 (0x01d01693) slli    a3, zero, 29
core   0: 3 0x8000b494 (0x01d01693) x13 0x00000000
core   0: 0x8000b498 (0x00818193) addi    gp, gp, 8
core   0: 3 0x8000b498 (0x00818193) x 3 0x00000017
core   0: 0x8000b49c (0x009b1c33) sll     s8, s6, s1
core   0: 3 0x8000b49c (0x009b1c33) x24 0x00700000
core   0: 0x8000b4a0 (0x419108b3) sub     a7, sp, s9
core   0: 3 0x8000b4a0 (0x419108b3) x17 0x80028ce0
core   0: 0x8000b4a4 (0x00600713) li      a4, 6
core   0: 3 0x8000b4a4 (0x00600713) x14 0x00000006
core   0: 0x8000b4a8 (0x0ff0000f) fence   iorw,iorw
core   0: 3 0x8000b4a8 (0x0ff0000f)
core   0: 0x8000b4ac (0x00400c93) li      s9, 4
core   0: 3 0x8000b4ac (0x00400c93) x25 0x00000004
core   0: 0x8000b4b0 (0x2f6177b7) lui     a5, 0x2f617
core   0: 3 0x8000b4b0 (0x2f6177b7) x15 0x2f617000
core   0: 0x8000b4b4 (0x012ec8b3) xor     a7, t4, s2
core   0: 3 0x8000b4b4 (0x012ec8b3) x17 0x9ed90413
core   0: 0x8000b4b8 (0xfff70713) addi    a4, a4, -1
core   0: 3 0x8000b4b8 (0xfff70713) x14 0x00000005
core   0: 0x8000b4bc (0xff977ce3) bgeu    a4, s9, pc - 8
core   0: 3 0x8000b4bc (0xff977ce3)
core   0: 0x8000b4b4 (0x012ec8b3) xor     a7, t4, s2
core   0: 3 0x8000b4b4 (0x012ec8b3) x17 0x9ed90413
core   0: 0x8000b4b8 (0xfff70713) addi    a4, a4, -1
core   0: 3 0x8000b4b8 (0xfff70713) x14 0x00000004
core   0: 0x8000b4bc (0xff977ce3) bgeu    a4, s9, pc - 8
core   0: 3 0x8000b4bc (0xff977ce3)
core   0: 0x8000b4b4 (0x012ec8b3) xor     a7, t4, s2
core   0: 3 0x8000b4b4 (0x012ec8b3) x17 0x9ed90413
core   0: 0x8000b4b8 (0xfff70713) addi    a4, a4, -1
core   0: 3 0x8000b4b8 (0xfff70713) x14 0x00000003
core   0: 0x8000b4bc (0xff977ce3) bgeu    a4, s9, pc - 8
core   0: 3 0x8000b4bc (0xff977ce3)
core   0: 0x8000b4c0 (0x01672bb3) slt     s7, a4, s6
core   0: 3 0x8000b4c0 (0x01672bb3) x23 0x00000001
core   0: 0x8000b4c4 (0xfc91e6e3) bltu    gp, s1, pc - 52
core   0: 3 0x8000b4c4 (0xfc91e6e3)
core   0: 0x8000b4c8 (0x5d352d93) slti    s11, a0, 1491
core   0: 3 0x8000b4c8 (0x5d352d93) x27 0x00000000
core   0: 0x8000b4cc (0x00100893) li      a7, 1
core   0: 3 0x8000b4cc (0x00100893) x17 0x00000001
core   0: 0x8000b4d0 (0x414d8d33) sub     s10, s11, s4
core   0: 3 0x8000b4d0 (0x414d8d33) x26 0x0016000d
core   0: 0x8000b4d4 (0x00841fb3) sll     t6, s0, s0
core   0: 3 0x8000b4d4 (0x00841fb3) x31 0x00000000
core   0: 0x8000b4d8 (0x00685e33) srl     t3, a6, t1
core   0: 3 0x8000b4d8 (0x00685e33) x28 0x00000467
core   0: 0x8000b4dc (0x0ff0000f) fence   iorw,iorw
core   0: 3 0x8000b4dc (0x0ff0000f)
core   0: 0x8000b4e0 (0xd6b13c13) sltiu   s8, sp, -661
core   0: 3 0x8000b4e0 (0xd6b13c13) x24 0x00000001
core   0: 0x8000b4e4 (0x5a98b993) sltiu   s3, a7, 1449
core   0: 3 0x8000b4e4 (0x5a98b993) x19 0x00000001
core   0: 0x8000b4e8 (0x2fd6ca13) xori    s4, a3, 765
core   0: 3 0x8000b4e8 (0x2fd6ca13) x20 0x000002fd
core   0: 0x8000b4ec (0x01e49313) slli    t1, s1, 30
core   0: 3 0x8000b4ec (0x01e49313) x 6 0x00000000
core   0: 0x8000b4f0 (0x00900b13) li      s6, 9
core   0: 3 0x8000b4f0 (0x00900b13) x22 0x00000009
core   0: 0x8000b4f4 (0x00000013) nop
core   0: 3 0x8000b4f4 (0x00000013)
core   0: 0x8000b4f8 (0xf4c5e413) ori     s0, a1, -180
core   0: 3 0x8000b4f8 (0xf4c5e413) x 8 0xffffff4c
core   0: 0x8000b4fc (0x00000013) nop
core   0: 3 0x8000b4fc (0x00000013)
core   0: 0x8000b500 (0x4a1aa813) slti    a6, s5, 1185
core   0: 3 0x8000b500 (0x4a1aa813) x16 0x00000001
core   0: 0x8000b504 (0x0137d0b3) srl     ra, a5, s3
core   0: 3 0x8000b504 (0x0137d0b3) x 1 0x17b0b800
core   0: 0x8000b508 (0xbf90af13) slti    t5, ra, -1031
core   0: 3 0x8000b508 (0xbf90af13) x30 0x00000000
core   0: 0x8000b50c (0xed18fe93) andi    t4, a7, -303
core   0: 3 0x8000b50c (0xed18fe93) x29 0x00000001
core   0: 0x8000b510 (0xa628ef13) ori     t5, a7, -1438
core   0: 3 0x8000b510 (0xa628ef13) x30 0xfffffa63
core   0: 0x8000b514 (0x0ff0000f) fence   iorw,iorw
core   0: 3 0x8000b514 (0x0ff0000f)
core   0: 0x8000b518 (0x00b7e933) or      s2, a5, a1
core   0: 3 0x8000b518 (0x00b7e933) x18 0xaf617000
core   0: 0x8000b51c (0x00588893) addi    a7, a7, 5
core   0: 3 0x8000b51c (0x00588893) x17 0x00000006
core   0: 0x8000b520 (0xfd68ece3) bltu    a7, s6, pc - 40
core   0: 3 0x8000b520 (0xfd68ece3)
core   0: 0x8000b4f8 (0xf4c5e413) ori     s0, a1, -180
core   0: 3 0x8000b4f8 (0xf4c5e413) x 8 0xffffff4c
core   0: 0x8000b4fc (0x00000013) nop
core   0: 3 0x8000b4fc (0x00000013)
core   0: 0x8000b500 (0x4a1aa813) slti    a6, s5, 1185
core   0: 3 0x8000b500 (0x4a1aa813) x16 0x00000001
core   0: 0x8000b504 (0x0137d0b3) srl     ra, a5, s3
core   0: 3 0x8000b504 (0x0137d0b3) x 1 0x17b0b800
core   0: 0x8000b508 (0xbf90af13) slti    t5, ra, -1031
core   0: 3 0x8000b508 (0xbf90af13) x30 0x00000000
core   0: 0x8000b50c (0xed18fe93) andi    t4, a7, -303
core   0: 3 0x8000b50c (0xed18fe93) x29 0x00000000
core   0: 0x8000b510 (0xa628ef13) ori     t5, a7, -1438
core   0: 3 0x8000b510 (0xa628ef13) x30 0xfffffa66
core   0: 0x8000b514 (0x0ff0000f) fence   iorw,iorw
core   0: 3 0x8000b514 (0x0ff0000f)
core   0: 0x8000b518 (0x00b7e933) or      s2, a5, a1
core   0: 3 0x8000b518 (0x00b7e933) x18 0xaf617000
core   0: 0x8000b51c (0x00588893) addi    a7, a7, 5
core   0: 3 0x8000b51c (0x00588893) x17 0x0000000b
core   0: 0x8000b520 (0xfd68ece3) bltu    a7, s6, pc - 40
core   0: 3 0x8000b520 (0xfd68ece3)
core   0: 0x8000b524 (0x00791fb3) sll     t6, s2, t2
core   0: 3 0x8000b524 (0x00791fb3) x31 0x00000000
core   0: 0x8000b528 (0x0434f863) bgeu    s1, gp, pc + 80
core   0: 3 0x8000b528 (0x0434f863)
core   0: 0x8000b52c (0x0000100f) fence.i
core   0: 3 0x8000b52c (0x0000100f)
core   0: 0x8000b530 (0x01e84733) xor     a4, a6, t5
core   0: 3 0x8000b530 (0x01e84733) x14 0xfffffa67
core   0: 0x8000b534 (0x00305a63) bge     zero, gp, pc + 20
core   0: 3 0x8000b534 (0x00305a63)
core   0: 0x8000b538 (0x41805a33) sra     s4, zero, s8
core   0: 3 0x8000b538 (0x41805a33) x20 0x00000000
core   0: 0x8000b53c (0xc79fab13) slti    s6, t6, -903
core   0: 3 0x8000b53c (0xc79fab13) x22 0x00000000
core   0: 0x8000b540 (0x01385233) srl     tp, a6, s3
core   0: 3 0x8000b540 (0x01385233) x 4 0x00000000
core   0: 0x8000b544 (0x01887c63) bgeu    a6, s8, pc + 24
core   0: 3 0x8000b544 (0x01887c63)
core   0: 0x8000b55c (0x0063dfb3) srl     t6, t2, t1
core   0: 3 0x8000b55c (0x0063dfb3) x31 0xfffffff7
core   0: 0x8000b560 (0x015e1663) bne     t3, s5, pc + 12
core   0: 3 0x8000b560 (0x015e1663)
core   0: 0x8000b56c (0x01ac1393) slli    t2, s8, 26
core   0: 3 0x8000b56c (0x01ac1393) x 7 0x04000000
core   0: 0x8000b570 (0x40f358b3) sra     a7, t1, a5
core   0: 3 0x8000b570 (0x40f358b3) x17 0x00000000
core   0: 0x8000b574 (0x05d9e463) bltu    s3, t4, pc + 72
core   0: 3 0x8000b574 (0x05d9e463)
core   0: 0x8000b578 (0x04a45063) bge     s0, a0, pc + 64
core   0: 3 0x8000b578 (0x04a45063)
core   0: 0x8000b57c (0x00dbfe63) bgeu    s7, a3, pc + 28
core   0: 3 0x8000b57c (0x00dbfe63)
core   0: 0x8000b598 (0xf1b63913) sltiu   s2, a2, -229
core   0: 3 0x8000b598 (0xf1b63913) x18 0x00000001
core   0: 0x8000b59c (0x22117713) andi    a4, sp, 545
core   0: 3 0x8000b59c (0x22117713) x14 0x00000020
core   0: 0x8000b5a0 (0x0008ecb3) or      s9, a7, zero
core   0: 3 0x8000b5a0 (0x0008ecb3) x25 0x00000000
core   0: 0x8000b5a4 (0x00000013) nop
core   0: 3 0x8000b5a4 (0x00000013)
core   0: 0x8000b5a8 (0x41bfde33) sra     t3, t6, s11
core   0: 3 0x8000b5a8 (0x41bfde33) x28 0xfffffff7
core   0: 0x8000b5ac (0x01a558b3) srl     a7, a0, s10
core   0: 3 0x8000b5ac (0x01a558b3) x17 0x00000040
core   0: 0x8000b5b0 (0x00e3ea33) or      s4, t2, a4
core   0: 3 0x8000b5b0 (0x00e3ea33) x20 0x04000020
core   0: 0x8000b5b4 (0x02b87a63) bgeu    a6, a1, pc + 52
core   0: 3 0x8000b5b4 (0x02b87a63)
core   0: 0x8000b5b8 (0x27654e93) xori    t4, a0, 630
core   0: 3 0x8000b5b8 (0x27654e93) x29 0x00080259
core   0: 0x8000b5bc (0x01192cb3) slt     s9, s2, a7
core   0: 3 0x8000b5bc (0x01192cb3) x25 0x00000001
core   0: 0x8000b5c0 (0x01105d13) srli    s10, zero, 17
core   0: 3 0x8000b5c0 (0x01105d13) x26 0x00000000
core   0: 0x8000b5c4 (0x03157a63) bgeu    a0, a7, pc + 52
core   0: 3 0x8000b5c4 (0x03157a63)
core   0: 0x8000b5f8 (0x016da833) slt     a6, s11, s6
core   0: 3 0x8000b5f8 (0x016da833) x16 0x00000000
core   0: 0x8000b5fc (0x01783733) sltu    a4, a6, s7
core   0: 3 0x8000b5fc (0x01783733) x14 0x00000001
core   0: 0x8000b600 (0x0000100f) fence.i
core   0: 3 0x8000b600 (0x0000100f)
core   0: 0x8000b604 (0xfbb13c13) sltiu   s8, sp, -69
core   0: 3 0x8000b604 (0xfbb13c13) x24 0x00000001
core   0: 0x8000b608 (0x01671a93) slli    s5, a4, 22
core   0: 3 0x8000b608 (0x01671a93) x21 0x00400000
core   0: 0x8000b60c (0x40385db3) sra     s11, a6, gp
core   0: 3 0x8000b60c (0x40385db3) x27 0x00000000
core   0: 0x8000b610 (0x04ef5863) bge     t5, a4, pc + 80
core   0: 3 0x8000b610 (0x04ef5863)
core   0: 0x8000b614 (0x400152b3) sra     t0, sp, zero
core   0: 3 0x8000b614 (0x400152b3) x 5 0x80028ce4
core   0: 0x8000b618 (0x003be463) bltu    s7, gp, pc + 8
core   0: 3 0x8000b618 (0x003be463)
core   0: 0x8000b620 (0x0719c813) xori    a6, s3, 113
core   0: 3 0x8000b620 (0x0719c813) x16 0x00000070
core   0: 0x8000b624 (0x00000013) nop
core   0: 3 0x8000b624 (0x00000013)
core   0: 0x8000b628 (0x0ff0000f) fence   iorw,iorw
core   0: 3 0x8000b628 (0x0ff0000f)
core   0: 0x8000b62c (0xb6d47693) andi    a3, s0, -1171
core   0: 3 0x8000b62c (0xb6d47693) x13 0xfffffb4c
core   0: 0x8000b630 (0x43910293) addi    t0, sp, 1081
core   0: 3 0x8000b630 (0x43910293) x 5 0x8002911d
core   0: 0x8000b634 (0x0000100f) fence.i
core   0: 3 0x8000b634 (0x0000100f)
core   0: 0x8000b638 (0x00c2cb33) xor     s6, t0, a2
core   0: 3 0x8000b638 (0x00c2cb33) x22 0x0000df31
core   0: 0x8000b63c (0x00d0fb33) and     s6, ra, a3
core   0: 3 0x8000b63c (0x00d0fb33) x22 0x17b0b800
core   0: 0x8000b640 (0x00cabcb3) sltu    s9, s5, a2
core   0: 3 0x8000b640 (0x00cabcb3) x25 0x00000001
core   0: 0x8000b644 (0xb7eff7b7) lui     a5, 0xb7eff
core   0: 3 0x8000b644 (0xb7eff7b7) x15 0xb7eff000
core   0: 0x8000b648 (0xcc0cea93) ori     s5, s9, -832
core   0: 3 0x8000b648 (0xcc0cea93) x21 0xfffffcc1
core   0: 0x8000b64c (0xdc27b397) auipc   t2, 0xdc27b
core   0: 3 0x8000b64c (0xdc27b397) x 7 0x5c28664c
core   0: 0x8000b650 (0x0000100f) fence.i
core   0: 3 0x8000b650 (0x0000100f)
core   0: 0x8000b654 (0xbd6d4313) xori    t1, s10, -1066
core   0: 3 0x8000b654 (0xbd6d4313) x 6 0xfffffbd6
core   0: 0x8000b658 (0x01e2a1b3) slt     gp, t0, t5
core   0: 3 0x8000b658 (0x01e2a1b3) x 3 0x00000001
core   0: 0x8000b65c (0x3b0fe213) ori     tp, t6, 944
core   0: 3 0x8000b65c (0x3b0fe213) x 4 0xfffffff7
core   0: 0x8000b660 (0x417aa193) slti    gp, s5, 1047
core   0: 3 0x8000b660 (0x417aa193) x 3 0x00000001
core   0: 0x8000b664 (0x01f19513) slli    a0, gp, 31
core   0: 3 0x8000b664 (0x01f19513) x10 0x80000000
core   0: 0x8000b668 (0x017b5863) bge     s6, s7, pc + 16
core   0: 3 0x8000b668 (0x017b5863)
core   0: 0x8000b678 (0x03418063) beq     gp, s4, pc + 32
core   0: 3 0x8000b678 (0x03418063)
core   0: 0x8000b67c (0x03b8fc63) bgeu    a7, s11, pc + 56
core   0: 3 0x8000b67c (0x03b8fc63)
core   0: 0x8000b6b4 (0xdfd2ea37) lui     s4, 0xdfd2e
core   0: 3 0x8000b6b4 (0xdfd2ea37) x20 0xdfd2e000
core   0: 0x8000b6b8 (0x001997b3) sll     a5, s3, ra
core   0: 3 0x8000b6b8 (0x001997b3) x15 0x00000001
core   0: 0x8000b6bc (0x00d6da63) bge     a3, a3, pc + 20
core   0: 3 0x8000b6bc (0x00d6da63)
core   0: 0x8000b6d0 (0x02fc0063) beq     s8, a5, pc + 32
core   0: 3 0x8000b6d0 (0x02fc0063)
core   0: 0x8000b6f0 (0x05265063) bge     a2, s2, pc + 64
core   0: 3 0x8000b6f0 (0x05265063)
core   0: 0x8000b6f4 (0x0183a733) slt     a4, t2, s8
core   0: 3 0x8000b6f4 (0x0183a733) x14 0x00000000
core   0: 0x8000b6f8 (0x9c7f4713) xori    a4, t5, -1593
core   0: 3 0x8000b6f8 (0x9c7f4713) x14 0x000003a1
core   0: 0x8000b6fc (0x0167dc13) srli    s8, a5, 22
core   0: 3 0x8000b6fc (0x0167dc13) x24 0x00000000
core   0: 0x8000b700 (0x567a7a13) andi    s4, s4, 1383
core   0: 3 0x8000b700 (0x567a7a13) x20 0x00000000
core   0: 0x8000b704 (0x00c35c13) srli    s8, t1, 12
core   0: 3 0x8000b704 (0x00c35c13) x24 0x000fffff
core   0: 0x8000b708 (0x0000100f) fence.i
core   0: 3 0x8000b708 (0x0000100f)
core   0: 0x8000b70c (0x00271c33) sll     s8, a4, sp
core   0: 3 0x8000b70c (0x00271c33) x24 0x00003a10
core   0: 0x8000b710 (0x00455d93) srli    s11, a0, 4
core   0: 3 0x8000b710 (0x00455d93) x27 0x08000000
core   0: 0x8000b714 (0x408a8833) sub     a6, s5, s0
core   0: 3 0x8000b714 (0x408a8833) x16 0xfffffd75
core   0: 0x8000b718 (0x01548c33) add     s8, s1, s5
core   0: 3 0x8000b718 (0x01548c33) x24 0xfffffcd5
core   0: 0x8000b71c (0xdd634f93) xori    t6, t1, -554
core   0: 3 0x8000b71c (0xdd634f93) x31 0x00000600
core   0: 0x8000b720 (0x41be8c33) sub     s8, t4, s11
core   0: 3 0x8000b720 (0x41be8c33) x24 0xf8080259
core   0: 0x8000b724 (0x401cd193) srai    gp, s9, 1
core   0: 3 0x8000b724 (0x401cd193) x 3 0x00000000
core   0: 0x8000b728 (0x01705093) srli    ra, zero, 23
core   0: 3 0x8000b728 (0x01705093) x 1 0x00000000
core   0: 0x8000b72c (0x0000100f) fence.i
core   0: 3 0x8000b72c (0x0000100f)
core   0: 0x8000b730 (0x008c7833) and     a6, s8, s0
core   0: 3 0x8000b730 (0x008c7833) x16 0xf8080248
core   0: 0x8000b734 (0xae67e993) ori     s3, a5, -1306
core   0: 3 0x8000b734 (0xae67e993) x19 0xfffffae7
core   0: 0x8000b738 (0x07dd6e93) ori     t4, s10, 125
core   0: 3 0x8000b738 (0x07dd6e93) x29 0x0000007d
core   0: 0x8000b73c (0x402e5bb3) sra     s7, t3, sp
core   0: 3 0x8000b73c (0x402e5bb3) x23 0xffffffff
core   0: 0x8000b740 (0x01c53ab3) sltu    s5, a0, t3
core   0: 3 0x8000b740 (0x01c53ab3) x21 0x00000001
core   0: 0x8000b744 (0x00d460b3) or      ra, s0, a3
core   0: 3 0x8000b744 (0x00d460b3) x 1 0xffffff4c
core   0: 0x8000b748 (0x33128ab7) lui     s5, 0x33128
core   0: 3 0x8000b748 (0x33128ab7) x21 0x33128000
core   0: 0x8000b74c (0x01c5dab3) srl     s5, a1, t3
core   0: 3 0x8000b74c (0x01c5dab3) x21 0x00000100
core   0: 0x8000b750 (0x01dc6db3) or      s11, s8, t4
core   0: 3 0x8000b750 (0x01dc6db3) x27 0xf808027d
core   0: 0x8000b754 (0x3a65ee13) ori     t3, a1, 934
core   0: 3 0x8000b754 (0x3a65ee13) x28 0x800003a6
core   0: 0x8000b758 (0x1330ce93) xori    t4, ra, 307
core   0: 3 0x8000b758 (0x1330ce93) x29 0xfffffe7f
core   0: 0x8000b75c (0x02dec663) blt     t4, a3, pc + 44
core   0: 3 0x8000b75c (0x02dec663)
core   0: 0x8000b760 (0x01638833) add     a6, t2, s6
core   0: 3 0x8000b760 (0x01638833) x16 0x73d91e4c
core   0: 0x8000b764 (0x00065e93) srli    t4, a2, 0
core   0: 3 0x8000b764 (0x00065e93) x29 0x80024e2c
core   0: 0x8000b768 (0x0000100f) fence.i
core   0: 3 0x8000b768 (0x0000100f)
core   0: 0x8000b76c (0x030bce63) blt     s7, a6, pc + 60
core   0: 3 0x8000b76c (0x030bce63)
core   0: 0x8000b7a8 (0x01b1ca33) xor     s4, gp, s11
core   0: 3 0x8000b7a8 (0x01b1ca33) x20 0xf808027d
core   0: 0x8000b7ac (0xf923bc13) sltiu   s8, t2, -110
core   0: 3 0x8000b7ac (0xf923bc13) x24 0x00000001
core   0: 0x8000b7b0 (0x01bb4fb3) xor     t6, s6, s11
core   0: 3 0x8000b7b0 (0x01bb4fb3) x31 0xefb8ba7d
core   0: 0x8000b7b4 (0x40815093) srai    ra, sp, 8
core   0: 3 0x8000b7b4 (0x40815093) x 1 0xff80028c
core   0: 0x8000b7b8 (0x03e46e63) bltu    s0, t5, pc + 60
core   0: 3 0x8000b7b8 (0x03e46e63)
core   0: 0x8000b7bc (0x01e291b3) sll     gp, t0, t5
core   0: 3 0x8000b7bc (0x01e291b3) x 3 0x00a44740
core   0: 0x8000b7c0 (0x2b9c8c13) addi    s8, s9, 697
core   0: 3 0x8000b7c0 (0x2b9c8c13) x24 0x000002ba
core   0: 0x8000b7c4 (0x00d31c63) bne     t1, a3, pc + 24
core   0: 3 0x8000b7c4 (0x00d31c63)
core   0: 0x8000b7dc (0x921b3013) sltiu   zero, s6, -1759
core   0: 3 0x8000b7dc (0x921b3013)
core   0: 0x8000b7e0 (0x005e9333) sll     t1, t4, t0
core   0: 3 0x8000b7e0 (0x005e9333) x 6 0x80000000
core   0: 0x8000b7e4 (0x4098d2b3) sra     t0, a7, s1
core   0: 3 0x8000b7e4 (0x4098d2b3) x 5 0x00000000
core   0: 0x8000b7e8 (0x5b456893) ori     a7, a0, 1460
core   0: 3 0x8000b7e8 (0x5b456893) x17 0x800005b4
core   0: 0x8000b7ec (0x00bca9b3) slt     s3, s9, a1
core   0: 3 0x8000b7ec (0x00bca9b3) x19 0x00000000
core   0: 0x8000b7f0 (0x01defc63) bgeu    t4, t4, pc + 24
core   0: 3 0x8000b7f0 (0x01defc63)
core   0: 0x8000b808 (0x002219b3) sll     s3, tp, sp
core   0: 3 0x8000b808 (0x002219b3) x19 0xffffff70
core   0: 0x8000b80c (0x40015313) srai    t1, sp, 0
core   0: 3 0x8000b80c (0x40015313) x 6 0x80028ce4
core   0: 0x8000b810 (0x8c9c6c13) ori     s8, s8, -1847
core   0: 3 0x8000b810 (0x8c9c6c13) x24 0xfffffafb
core   0: 0x8000b814 (0x013a4863) blt     s4, s3, pc + 16
core   0: 3 0x8000b814 (0x013a4863)
core   0: 0x8000b824 (0x0014f017) auipc   zero, 0x14f
core   0: 3 0x8000b824 (0x0014f017)
core   0: 0x8000b828 (0x298a1c97) auipc   s9, 0x298a1
core   0: 3 0x8000b828 (0x298a1c97) x25 0xa98ac828
core   0: 0x8000b82c (0x046a8063) beq     s5, t1, pc + 64
core   0: 3 0x8000b82c (0x046a8063)
core   0: 0x8000b830 (0x01a66463) bltu    a2, s10, pc + 8
core   0: 3 0x8000b830 (0x01a66463)
core   0: 0x8000b834 (0x05753b93) sltiu   s7, a0, 87
core   0: 3 0x8000b834 (0x05753b93) x23 0x00000000
core   0: 0x8000b838 (0x051d7863) bgeu    s10, a7, pc + 80
core   0: 3 0x8000b838 (0x051d7863)
core   0: 0x8000b83c (0x01b7d393) srli    t2, a5, 27
core   0: 3 0x8000b83c (0x01b7d393) x 7 0x00000000
core   0: 0x8000b840 (0xcadf3d37) lui     s10, 0xcadf3
core   0: 3 0x8000b840 (0xcadf3d37) x26 0xcadf3000
core   0: 0x8000b844 (0x00f8d793) srli    a5, a7, 15
core   0: 3 0x8000b844 (0x00f8d793) x15 0x00010000
core   0: 0x8000b848 (0x009b6333) or      t1, s6, s1
core   0: 3 0x8000b848 (0x009b6333) x 6 0x17b0b814
core   0: 0x8000b84c (0xc4ccbb13) sltiu   s6, s9, -948
core   0: 3 0x8000b84c (0xc4ccbb13) x22 0x00000001
core   0: 0x8000b850 (0x64d1fa17) auipc   s4, 0x64d1f
core   0: 3 0x8000b850 (0x64d1fa17) x20 0xe4d2a850
core   0: 0x8000b854 (0x05c15063) bge     sp, t3, pc + 64
core   0: 3 0x8000b854 (0x05c15063)
core   0: 0x8000b894 (0x0221fe63) bgeu    gp, sp, pc + 60
core   0: 3 0x8000b894 (0x0221fe63)
core   0: 0x8000b898 (0x013668b3) or      a7, a2, s3
core   0: 3 0x8000b898 (0x013668b3) x17 0xffffff7c
core   0: 0x8000b89c (0x00d31993) slli    s3, t1, 13
core   0: 3 0x8000b89c (0x00d31993) x19 0x17028000
core   0: 0x8000b8a0 (0x01d7c533) xor     a0, a5, t4
core   0: 3 0x8000b8a0 (0x01d7c533) x10 0x80034e2c
core   0: 0x8000b8a4 (0x00d7ce63) blt     a5, a3, pc + 28
core   0: 3 0x8000b8a4 (0x00d7ce63)
core   0: 0x8000b8a8 (0x815abc93) sltiu   s9, s5, -2027
core   0: 3 0x8000b8a8 (0x815abc93) x25 0x00000001
core   0: 0x8000b8ac (0xb278b413) sltiu   s0, a7, -1241
core   0: 3 0x8000b8ac (0xb278b413) x 8 0x00000000
core   0: 0x8000b8b0 (0x410c5833) sra     a6, s8, a6
core   0: 3 0x8000b8b0 (0x410c5833) x16 0xffffffff
core   0: 0x8000b8b4 (0xf7614e13) xori    t3, sp, -138
core   0: 3 0x8000b8b4 (0xf7614e13) x28 0x7ffd7392
core   0: 0x8000b8b8 (0xc2f1f537) lui     a0, 0xc2f1f
core   0: 3 0x8000b8b8 (0xc2f1f537) x10 0xc2f1f000
core   0: 0x8000b8bc (0x007ed893) srli    a7, t4, 7
core   0: 3 0x8000b8bc (0x007ed893) x17 0x0100049c
core   0: 0x8000b8c0 (0xc29cb913) sltiu   s2, s9, -983
core   0: 3 0x8000b8c0 (0xc29cb913) x18 0x00000001
core   0: 0x8000b8c4 (0x0052d893) srli    a7, t0, 5
core   0: 3 0x8000b8c4 (0x0052d893) x17 0x00000000
core   0: 0x8000b8c8 (0x6d844293) xori    t0, s0, 1752
core   0: 3 0x8000b8c8 (0x6d844293) x 5 0x000006d8
core   0: 0x8000b8cc (0x00ad3b33) sltu    s6, s10, a0
core   0: 3 0x8000b8cc (0x00ad3b33) x22 0x00000000
core   0: 0x8000b8d0 (0x013a26b3) slt     a3, s4, s3
core   0: 3 0x8000b8d0 (0x013a26b3) x13 0x00000001
core   0: 0x8000b8d4 (0x016b71b3) and     gp, s6, s6
core   0: 3 0x8000b8d4 (0x016b71b3) x 3 0x00000000
core   0: 0x8000b8d8 (0x4022df33) sra     t5, t0, sp
core   0: 3 0x8000b8d8 (0x4022df33) x30 0x0000006d
core   0: 0x8000b8dc (0x014982b3) add     t0, s3, s4
core   0: 3 0x8000b8dc (0x014982b3) x 5 0xfbd52850
core   0: 0x8000b8e0 (0xfa433713) sltiu   a4, t1, -92
core   0: 3 0x8000b8e0 (0xfa433713) x14 0x00000001
core   0: 0x8000b8e4 (0x0053f933) and     s2, t2, t0
core   0: 3 0x8000b8e4 (0x0053f933) x18 0x00000000
core   0: 0x8000b8e8 (0xffd00413) li      s0, -3
core   0: 3 0x8000b8e8 (0xffd00413) x 8 0xfffffffd
core   0: 0x8000b8ec (0x00771493) slli    s1, a4, 7
core   0: 3 0x8000b8ec (0x00771493) x 9 0x00000080
core   0: 0x8000b8f0 (0x400556b3) sra     a3, a0, zero
core   0: 3 0x8000b8f0 (0x400556b3) x13 0xc2f1f000
core   0: 0x8000b8f4 (0x01987c33) and     s8, a6, s9
core   0: 3 0x8000b8f4 (0x01987c33) x24 0x00000001
core   0: 0x8000b8f8 (0x8a616a13) ori     s4, sp, -1882
core   0: 3 0x8000b8f8 (0x8a616a13) x20 0xfffffce6
core   0: 0x8000b8fc (0xfee00b13) li      s6, -18
core   0: 3 0x8000b8fc (0xfee00b13) x22 0xffffffee
core   0: 0x8000b900 (0x0ff0000f) fence   iorw,iorw
core   0: 3 0x8000b900 (0x0ff0000f)
core   0: 0x8000b904 (0x017b0533) add     a0, s6, s7
core   0: 3 0x8000b904 (0x017b0533) x10 0xffffffee
core   0: 0x8000b908 (0xd63c99b7) lui     s3, 0xd63c9
core   0: 3 0x8000b908 (0xd63c99b7) x19 0xd63c9000
core   0: 0x8000b90c (0x41d20e33) sub     t3, tp, t4
core   0: 3 0x8000b90c (0x41d20e33) x28 0x7ffdb1cb
core   0: 0x8000b910 (0x37649c37) lui     s8, 0x37649
core   0: 3 0x8000b910 (0x37649c37) x24 0x37649000
core   0: 0x8000b914 (0xffd40413) addi    s0, s0, -3
core   0: 3 0x8000b914 (0xffd40413) x 8 0xfffffffa
core   0: 0x8000b918 (0x40548233) sub     tp, s1, t0
core   0: 3 0x8000b918 (0x40548233) x 4 0x042ad830
core   0: 0x8000b91c (0xff6406e3) beq     s0, s6, pc - 20
core   0: 3 0x8000b91c (0xff6406e3)
core   0: 0x8000b920 (0x403bdd33) sra     s10, s7, gp
core   0: 3 0x8000b920 (0x403bdd33) x26 0x00000000
core   0: 0x8000b924 (0x623f4393) xori    t2, t5, 1571
core   0: 3 0x8000b924 (0x623f4393) x 7 0x0000064e
core   0: 0x8000b928 (0x01b5ad33) slt     s10, a1, s11
core   0: 3 0x8000b928 (0x01b5ad33) x26 0x00000001
core   0: 0x8000b92c (0x01715863) bge     sp, s7, pc + 16
core   0: 3 0x8000b92c (0x01715863)
core   0: 0x8000b930 (0x038cda63) bge     s9, s8, pc + 52
core   0: 3 0x8000b930 (0x038cda63)
core   0: 0x8000b934 (0x007c4e63) blt     s8, t2, pc + 28
core   0: 3 0x8000b934 (0x007c4e63)
core   0: 0x8000b938 (0x01d62933) slt     s2, a2, t4
core   0: 3 0x8000b938 (0x01d62933) x18 0x00000000
core   0: 0x8000b93c (0x01ab3b33) sltu    s6, s6, s10
core   0: 3 0x8000b93c (0x01ab3b33) x22 0x00000000
core   0: 0x8000b940 (0x40718333) sub     t1, gp, t2
core   0: 3 0x8000b940 (0x40718333) x 6 0xfffff9b2
core   0: 0x8000b944 (0x01686c63) bltu    a6, s6, pc + 24
core   0: 3 0x8000b944 (0x01686c63)
core   0: 0x8000b948 (0x559a6393) ori     t2, s4, 1369
core   0: 3 0x8000b948 (0x559a6393) x 7 0xfffffdff
core   0: 0x8000b94c (0xb02fb713) sltiu   a4, t6, -1278
core   0: 3 0x8000b94c (0xb02fb713) x14 0x00000001
core   0: 0x8000b950 (0x00d307b3) add     a5, t1, a3
core   0: 3 0x8000b950 (0x00d307b3) x15 0xc2f1e9b2
core   0: 0x8000b954 (0x88af6a93) ori     s5, t5, -1910
core   0: 3 0x8000b954 (0x88af6a93) x21 0xfffff8ef
core   0: 0x8000b958 (0xb6373317) auipc   t1, 0xb6373
core   0: 3 0x8000b958 (0xb6373317) x 6 0x3637e958
core   0: 0x8000b95c (0x35848537) lui     a0, 0x35848
core   0: 3 0x8000b95c (0x35848537) x10 0x35848000
core   0: 0x8000b960 (0x001d1793) slli    a5, s10, 1
core   0: 3 0x8000b960 (0x001d1793) x15 0x00000002
core   0: 0x8000b964 (0x0000100f) fence.i
core   0: 3 0x8000b964 (0x0000100f)
core   0: 0x8000b968 (0x01459663) bne     a1, s4, pc + 12
core   0: 3 0x8000b968 (0x01459663)
core   0: 0x8000b974 (0x000fe8b3) or      a7, t6, zero
core   0: 3 0x8000b974 (0x000fe8b3) x17 0xefb8ba7d
core   0: 0x8000b978 (0x01381693) slli    a3, a6, 19
core   0: 3 0x8000b978 (0x01381693) x13 0xfff80000
core   0: 0x8000b97c (0x051e7863) bgeu    t3, a7, pc + 80
core   0: 3 0x8000b97c (0x051e7863)
core   0: 0x8000b980 (0x01cbbb33) sltu    s6, s7, t3
core   0: 3 0x8000b980 (0x01cbbb33) x22 0x00000001
core   0: 0x8000b984 (0x0075dc13) srli    s8, a1, 7
core   0: 3 0x8000b984 (0x0075dc13) x24 0x01000000
core   0: 0x8000b988 (0x011931b3) sltu    gp, s2, a7
core   0: 3 0x8000b988 (0x011931b3) x 3 0x00000001
core   0: 0x8000b98c (0x014e4263) blt     t3, s4, pc + 4
core   0: 3 0x8000b98c (0x014e4263)
core   0: 0x8000b990 (0x005c89b3) add     s3, s9, t0
core   0: 3 0x8000b990 (0x005c89b3) x19 0xfbd52851
core   0: 0x8000b994 (0x01fa5463) bge     s4, t6, pc + 8
core   0: 3 0x8000b994 (0x01fa5463)
core   0: 0x8000b99c (0x40c8d833) sra     a6, a7, a2
core   0: 3 0x8000b99c (0x40c8d833) x16 0xfffefb8b
core   0: 0x8000b9a0 (0x02719c63) bne     gp, t2, pc + 56
core   0: 3 0x8000b9a0 (0x02719c63)
core   0: 0x8000b9d8 (0x00c3beb3) sltu    t4, t2, a2
core   0: 3 0x8000b9d8 (0x00c3beb3) x29 0x00000000
core   0: 0x8000b9dc (0x74d47e13) andi    t3, s0, 1869
core   0: 3 0x8000b9dc (0x74d47e13) x28 0x00000748
core   0: 0x8000b9e0 (0x680da313) slti    t1, s11, 1664
core   0: 3 0x8000b9e0 (0x680da313) x 6 0x00000001
core   0: 0x8000b9e4 (0x032e8663) beq     t4, s2, pc + 44
core   0: 3 0x8000b9e4 (0x032e8663)
core   0: 0x8000ba10 (0x886aac13) slti    s8, s5, -1914
core   0: 3 0x8000ba10 (0x886aac13) x24 0x00000000
core   0: 0x8000ba14 (0x008cd863) bge     s9, s0, pc + 16
core   0: 3 0x8000ba14 (0x008cd863)
core   0: 0x8000ba24 (0x00e41833) sll     a6, s0, a4
core   0: 3 0x8000ba24 (0x00e41833) x16 0xfffffff4
core   0: 0x8000ba28 (0xff900e13) li      t3, -7
core   0: 3 0x8000ba28 (0xff900e13) x28 0xfffffff9
core   0: 0x8000ba2c (0x002bc733) xor     a4, s7, sp
core   0: 3 0x8000ba2c (0x002bc733) x14 0x80028ce4
core   0: 0x8000ba30 (0x3fd87c13) andi    s8, a6, 1021
core   0: 3 0x8000ba30 (0x3fd87c13) x24 0x000003f4
core   0: 0x8000ba34 (0x00300e93) li      t4, 3
core   0: 3 0x8000ba34 (0x00300e93) x29 0x00000003
core   0: 0x8000ba38 (0x010c5c33) srl     s8, s8, a6
core   0: 3 0x8000ba38 (0x010c5c33) x24 0x00000000
core   0: 0x8000ba3c (0x930d2a13) slti    s4, s10, -1744
core   0: 3 0x8000ba3c (0x930d2a13) x20 0x00000000
core   0: 0x8000ba40 (0x005cdd13) srli    s10, s9, 5
core   0: 3 0x8000ba40 (0x005cdd13) x26 0x00000000
core   0: 0x8000ba44 (0x009b56b3) srl     a3, s6, s1
core   0: 3 0x8000ba44 (0x009b56b3) x13 0x00000001
core   0: 0x8000ba48 (0x00ae0e13) addi    t3, t3, 10
core   0: 3 0x8000ba48 (0x00ae0e13) x28 0x00000003
core   0: 0x8000ba4c (0x82a64f93) xori    t6, a2, -2006
core   0: 3 0x8000ba4c (0x82a64f93) x31 0x7ffdb606
core   0: 0x8000ba50 (0x401f81b3) sub     gp, t6, ra
core   0: 3 0x8000ba50 (0x401f81b3) x 3 0x807db37a
core   0: 0x8000ba54 (0x0114ac33) slt     s8, s1, a7
core   0: 3 0x8000ba54 (0x0114ac33) x24 0x00000000
core   0: 0x8000ba58 (0x017e0033) add     zero, t3, s7
core   0: 3 0x8000ba58 (0x017e0033)
core   0: 0x8000ba5c (0xffde00e3) beq     t3, t4, pc - 32
core   0: 3 0x8000ba5c (0xffde00e3)
core   0: 0x8000ba3c (0x930d2a13) slti    s4, s10, -1744
core   0: 3 0x8000ba3c (0x930d2a13) x20 0x00000000
core   0: 0x8000ba40 (0x005cdd13) srli    s10, s9, 5
core   0: 3 0x8000ba40 (0x005cdd13) x26 0x00000000
core   0: 0x8000ba44 (0x009b56b3) srl     a3, s6, s1
core   0: 3 0x8000ba44 (0x009b56b3) x13 0x00000001
core   0: 0x8000ba48 (0x00ae0e13) addi    t3, t3, 10
core   0: 3 0x8000ba48 (0x00ae0e13) x28 0x0000000d
core   0: 0x8000ba4c (0x82a64f93) xori    t6, a2, -2006
core   0: 3 0x8000ba4c (0x82a64f93) x31 0x7ffdb606
core   0: 0x8000ba50 (0x401f81b3) sub     gp, t6, ra
core   0: 3 0x8000ba50 (0x401f81b3) x 3 0x807db37a
core   0: 0x8000ba54 (0x0114ac33) slt     s8, s1, a7
core   0: 3 0x8000ba54 (0x0114ac33) x24 0x00000000
core   0: 0x8000ba58 (0x017e0033) add     zero, t3, s7
core   0: 3 0x8000ba58 (0x017e0033)
core   0: 0x8000ba5c (0xffde00e3) beq     t3, t4, pc - 32
core   0: 3 0x8000ba5c (0xffde00e3)
core   0: 0x8000ba60 (0x007f6433) or      s0, t5, t2
core   0: 3 0x8000ba60 (0x007f6433) x 8 0xfffffdff
core   0: 0x8000ba64 (0x02e58663) beq     a1, a4, pc + 44
core   0: 3 0x8000ba64 (0x02e58663)
core   0: 0x8000ba68 (0x015e40b3) xor     ra, t3, s5
core   0: 3 0x8000ba68 (0x015e40b3) x 1 0xfffff8e2
core   0: 0x8000ba6c (0x00794463) blt     s2, t2, pc + 8
core   0: 3 0x8000ba6c (0x00794463)
core   0: 0x8000ba70 (0x0198be33) sltu    t3, a7, s9
core   0: 3 0x8000ba70 (0x0198be33) x28 0x00000000
core   0: 0x8000ba74 (0x962e6797) auipc   a5, 0x962e6
core   0: 3 0x8000ba74 (0x962e6797) x15 0x162f1a74
core   0: 0x8000ba78 (0x00dec833) xor     a6, t4, a3
core   0: 3 0x8000ba78 (0x00dec833) x16 0x00000002
core   0: 0x8000ba7c (0x4129df13) srai    t5, s3, 18
core   0: 3 0x8000ba7c (0x4129df13) x30 0xfffffef5
core   0: 0x8000ba80 (0x41ac04b3) sub     s1, s8, s10
core   0: 3 0x8000ba80 (0x41ac04b3) x 9 0x00000000
core   0: 0x8000ba84 (0x0000100f) fence.i
core   0: 3 0x8000ba84 (0x0000100f)
core   0: 0x8000ba88 (0x139b6813) ori     a6, s6, 313
core   0: 3 0x8000ba88 (0x139b6813) x16 0x00000139
core   0: 0x8000ba8c (0xec272a13) slti    s4, a4, -318
core   0: 3 0x8000ba8c (0xec272a13) x20 0x00000001
core   0: 0x8000ba90 (0x02e04a63) blt     zero, a4, pc + 52
core   0: 3 0x8000ba90 (0x02e04a63)
core   0: 0x8000ba94 (0x68a24b93) xori    s7, tp, 1674
core   0: 3 0x8000ba94 (0x68a24b93) x23 0x042adeba
core   0: 0x8000ba98 (0x0175d913) srli    s2, a1, 23
core   0: 3 0x8000ba98 (0x0175d913) x18 0x00000100
core   0: 0x8000ba9c (0xac46cd93) xori    s11, a3, -1340
core   0: 3 0x8000ba9c (0xac46cd93) x27 0xfffffac5
core   0: 0x8000baa0 (0x39ea8b97) auipc   s7, 0x39ea8
core   0: 3 0x8000baa0 (0x39ea8b97) x23 0xb9eb3aa0
core   0: 0x8000baa4 (0x0190b9b3) sltu    s3, ra, s9
core   0: 3 0x8000baa4 (0x0190b9b3) x19 0x00000000
core   0: 0x8000baa8 (0x015b6833) or      a6, s6, s5
core   0: 3 0x8000baa8 (0x015b6833) x16 0xfffff8ef
core   0: 0x8000baac (0x01155b93) srli    s7, a0, 17
core   0: 3 0x8000baac (0x01155b93) x23 0x00001ac2
core   0: 0x8000bab0 (0x01df9c13) slli    s8, t6, 29
core   0: 3 0x8000bab0 (0x01df9c13) x24 0xc0000000
core   0: 0x8000bab4 (0x05754863) blt     a0, s7, pc + 80
core   0: 3 0x8000bab4 (0x05754863)
core   0: 0x8000bab8 (0x012ee9b3) or      s3, t4, s2
core   0: 3 0x8000bab8 (0x012ee9b3) x19 0x00000103
core   0: 0x8000babc (0x017ada63) bge     s5, s7, pc + 20
core   0: 3 0x8000babc (0x017ada63)
core   0: 0x8000bac0 (0x5b481e37) lui     t3, 0x5b481
core   0: 3 0x8000bac0 (0x5b481e37) x28 0x5b481000
core   0: 0x8000bac4 (0xf9950b13) addi    s6, a0, -103
core   0: 3 0x8000bac4 (0xf9950b13) x22 0x35847f99
core   0: 0x8000bac8 (0x0129cd33) xor     s10, s3, s2
core   0: 3 0x8000bac8 (0x0129cd33) x26 0x00000003
core   0: 0x8000bacc (0x01dd0d33) add     s10, s10, t4
core   0: 3 0x8000bacc (0x01dd0d33) x26 0x00000006
core   0: 0x8000bad0 (0x01f73ab3) sltu    s5, a4, t6
core   0: 3 0x8000bad0 (0x01f73ab3) x21 0x00000000
core   0: 0x8000bad4 (0xe407fb13) andi    s6, a5, -448
core   0: 3 0x8000bad4 (0xe407fb13) x22 0x162f1a40
core   0: 0x8000bad8 (0x448b0a13) addi    s4, s6, 1096
core   0: 3 0x8000bad8 (0x448b0a13) x20 0x162f1e88
core   0: 0x8000badc (0x411c5f13) srai    t5, s8, 17
core   0: 3 0x8000badc (0x411c5f13) x30 0xffffe000
core   0: 0x8000bae0 (0x24efc4b7) lui     s1, 0x24efc
core   0: 3 0x8000bae0 (0x24efc4b7) x 9 0x24efc000
core   0: 0x8000bae4 (0x03c94a63) blt     s2, t3, pc + 52
core   0: 3 0x8000bae4 (0x03c94a63)
core   0: 0x8000bb18 (0x9e163913) sltiu   s2, a2, -1567
core   0: 3 0x8000bb18 (0x9e163913) x18 0x00000001
core   0: 0x8000bb1c (0x409501b3) sub     gp, a0, s1
core   0: 3 0x8000bb1c (0x409501b3) x 3 0x1094c000
core   0: 0x8000bb20 (0xd5ca2e97) auipc   t4, 0xd5ca2
core   0: 3 0x8000bb20 (0xd5ca2e97) x29 0x55cadb20
core   0: 0x8000bb24 (0x00000013) nop
core   0: 3 0x8000bb24 (0x00000013)
core   0: 0x8000bb28 (0x02338063) beq     t2, gp, pc + 32
core   0: 3 0x8000bb28 (0x02338063)
core   0: 0x8000bb2c (0x11f9ae13) slti    t3, s3, 287
core   0: 3 0x8000bb2c (0x11f9ae13) x28 0x00000001
core   0: 0x8000bb30 (0x004c3bb3) sltu    s7, s8, tp
core   0: 3 0x8000bb30 (0x004c3bb3) x23 0x00000000
core   0: 0x8000bb34 (0x015c5e93) srli    t4, s8, 21
core   0: 3 0x8000bb34 (0x015c5e93) x29 0x00000600
core   0: 0x8000bb38 (0x00000013) nop
core   0: 3 0x8000bb38 (0x00000013)
core   0: 0x8000bb3c (0x0129d893) srli    a7, s3, 18
core   0: 3 0x8000bb3c (0x0129d893) x17 0x00000000
core   0: 0x8000bb40 (0x03200a63) beq     zero, s2, pc + 52
core   0: 3 0x8000bb40 (0x03200a63)
core   0: 0x8000bb44 (0x01779693) slli    a3, a5, 23
core   0: 3 0x8000bb44 (0x01779693) x13 0x3a000000
core   0: 0x8000bb48 (0xe0f86193) ori     gp, a6, -497
core   0: 3 0x8000bb48 (0xe0f86193) x 3 0xfffffeef
core   0: 0x8000bb4c (0x00d33c33) sltu    s8, t1, a3
core   0: 3 0x8000bb4c (0x00d33c33) x24 0x00000001
core   0: 0x8000bb50 (0x0101ca33) xor     s4, gp, a6
core   0: 3 0x8000bb50 (0x0101ca33) x20 0x00000600
core   0: 0x8000bb54 (0x0066be93) sltiu   t4, a3, 6
core   0: 3 0x8000bb54 (0x0066be93) x29 0x00000000
core   0: 0x8000bb58 (0x01019f13) slli    t5, gp, 16
core   0: 3 0x8000bb58 (0x01019f13) x30 0xfeef0000
core   0: 0x8000bb5c (0x00201d33) sll     s10, zero, sp
core   0: 3 0x8000bb5c (0x00201d33) x26 0x00000000
core   0: 0x8000bb60 (0x008066b3) or      a3, zero, s0
core   0: 3 0x8000bb60 (0x008066b3) x13 0xfffffdff
core   0: 0x8000bb64 (0x027e9c63) bne     t4, t2, pc + 56
core   0: 3 0x8000bb64 (0x027e9c63)
core   0: 0x8000bb9c (0x000e9c33) sll     s8, t4, zero
core   0: 3 0x8000bb9c (0x000e9c33) x24 0x00000000
core   0: 0x8000bba0 (0x4059d213) srai    tp, s3, 5
core   0: 3 0x8000bba0 (0x4059d213) x 4 0x00000008
core   0: 0x8000bba4 (0xcf068b13) addi    s6, a3, -784
core   0: 3 0x8000bba4 (0xcf068b13) x22 0xfffffaef
core   0: 0x8000bba8 (0x0467f863) bgeu    a5, t1, pc + 80
core   0: 3 0x8000bba8 (0x0467f863)
core   0: 0x8000bbf8 (0x01238863) beq     t2, s2, pc + 16
core   0: 3 0x8000bbf8 (0x01238863)
core   0: 0x8000bbfc (0x01d11d93) slli    s11, sp, 29
core   0: 3 0x8000bbfc (0x01d11d93) x27 0x80000000
core   0: 0x8000bc00 (0x40425693) srai    a3, tp, 4
core   0: 3 0x8000bc00 (0x40425693) x13 0x00000000
core   0: 0x8000bc04 (0x01444663) blt     s0, s4, pc + 12
core   0: 3 0x8000bc04 (0x01444663)
core   0: 0x8000bc10 (0x4075ddb3) sra     s11, a1, t2
core   0: 3 0x8000bc10 (0x4075ddb3) x27 0xffffffff
core   0: 0x8000bc14 (0x014f3ab3) sltu    s5, t5, s4
core   0: 3 0x8000bc14 (0x014f3ab3) x21 0x00000000
core   0: 0x8000bc18 (0x0ff0000f) fence   iorw,iorw
core   0: 3 0x8000bc18 (0x0ff0000f)
core   0: 0x8000bc1c (0x736b3493) sltiu   s1, s6, 1846
core   0: 3 0x8000bc1c (0x736b3493) x 9 0x00000000
core   0: 0x8000bc20 (0x01b91a33) sll     s4, s2, s11
core   0: 3 0x8000bc20 (0x01b91a33) x20 0x80000000
core   0: 0x8000bc24 (0x00369893) slli    a7, a3, 3
core   0: 3 0x8000bc24 (0x00369893) x17 0x00000000
core   0: 0x8000bc28 (0x051fd863) bge     t6, a7, pc + 80
core   0: 3 0x8000bc28 (0x051fd863)
core   0: 0x8000bc78 (0x64494f93) xori    t6, s2, 1604
core   0: 3 0x8000bc78 (0x64494f93) x31 0x00000645
core   0: 0x8000bc7c (0x04a1d063) bge     gp, a0, pc + 64
core   0: 3 0x8000bc7c (0x04a1d063)
core   0: 0x8000bc80 (0x0272fe63) bgeu    t0, t2, pc + 60
core   0: 3 0x8000bc80 (0x0272fe63)
core   0: 0x8000bc84 (0x4a174297) auipc   t0, 0x4a174
core   0: 3 0x8000bc84 (0x4a174297) x 5 0xca17fc84
core   0: 0x8000bc88 (0x01767f33) and     t5, a2, s7
core   0: 3 0x8000bc88 (0x01767f33) x30 0x00000000
core   0: 0x8000bc8c (0x01ec1c63) bne     s8, t5, pc + 24
core   0: 3 0x8000bc8c (0x01ec1c63)
core   0: 0x8000bc90 (0x01984cb3) xor     s9, a6, s9
core   0: 3 0x8000bc90 (0x01984cb3) x25 0xfffff8ee
core   0: 0x8000bc94 (0x79f1b513) sltiu   a0, gp, 1951
core   0: 3 0x8000bc94 (0x79f1b513) x10 0x00000000
core   0: 0x8000bc98 (0xbcde3e13) sltiu   t3, t3, -1075
core   0: 3 0x8000bc98 (0xbcde3e13) x28 0x00000001
core   0: 0x8000bc9c (0x004a1933) sll     s2, s4, tp
core   0: 3 0x8000bc9c (0x004a1933) x18 0x00000000
core   0: 0x8000bca0 (0x00fec7b3) xor     a5, t4, a5
core   0: 3 0x8000bca0 (0x00fec7b3) x15 0x162f1a74
core   0: 0x8000bca4 (0x00d93a33) sltu    s4, s2, a3
core   0: 3 0x8000bca4 (0x00d93a33) x20 0x00000000
core   0: 0x8000bca8 (0x40e2da13) srai    s4, t0, 14
core   0: 3 0x8000bca8 (0x40e2da13) x20 0xffff285f
core   0: 0x8000bcac (0x009717b3) sll     a5, a4, s1
core   0: 3 0x8000bcac (0x009717b3) x15 0x80028ce4
core   0: 0x8000bcb0 (0x374f2013) slti    zero, t5, 884
core   0: 3 0x8000bcb0 (0x374f2013)
core   0: 0x8000bcb4 (0xe99cfb93) andi    s7, s9, -359
core   0: 3 0x8000bcb4 (0xe99cfb93) x23 0xfffff888
core   0: 0x8000bcb8 (0x0000100f) fence.i
core   0: 3 0x8000bcb8 (0x0000100f)
core   0: 0x8000bcbc (0xbb302a37) lui     s4, 0xbb302
core   0: 3 0x8000bcbc (0xbb302a37) x20 0xbb302000
core   0: 0x8000bcc0 (0xd0457f13) andi    t5, a0, -764
core   0: 3 0x8000bcc0 (0xd0457f13) x30 0x00000000
core   0: 0x8000bcc4 (0x058b1063) bne     s6, s8, pc + 64
core   0: 3 0x8000bcc4 (0x058b1063)
core   0: 0x8000bd04 (0x004cd463) bge     s9, tp, pc + 8
core   0: 3 0x8000bd04 (0x004cd463)
core   0: 0x8000bd08 (0x0ff0000f) fence   iorw,iorw
core   0: 3 0x8000bd08 (0x0ff0000f)
core   0: 0x8000bd0c (0x01491433) sll     s0, s2, s4
core   0: 3 0x8000bd0c (0x01491433) x 8 0x00000000
core   0: 0x8000bd10 (0x7de0acb7) lui     s9, 0x7de0a
core   0: 3 0x8000bd10 (0x7de0acb7) x25 0x7de0a000
core   0: 0x8000bd14 (0xfe23bf13) sltiu   t5, t2, -30
core   0: 3 0x8000bd14 (0xfe23bf13) x30 0x00000001
core   0: 0x8000bd18 (0x006ddd33) srl     s10, s11, t1
core   0: 3 0x8000bd18 (0x006ddd33) x26 0x7fffffff
core   0: 0x8000bd1c (0x016bb833) sltu    a6, s7, s6
core   0: 3 0x8000bd1c (0x016bb833) x16 0x00000001
core   0: 0x8000bd20 (0x01bab733) sltu    a4, s5, s11
core   0: 3 0x8000bd20 (0x01bab733) x14 0x00000001
core   0: 0x8000bd24 (0x004a9033) sll     zero, s5, tp
core   0: 3 0x8000bd24 (0x004a9033)
core   0: 0x8000bd28 (0x0ff0000f) fence   iorw,iorw
core   0: 3 0x8000bd28 (0x0ff0000f)
core   0: 0x8000bd2c (0x001a1a13) slli    s4, s4, 1
core   0: 3 0x8000bd2c (0x001a1a13) x20 0x76604000
core   0: 0x8000bd30 (0xacabb013) sltiu   zero, s7, -1334
core   0: 3 0x8000bd30 (0xacabb013)
core   0: 0x8000bd34 (0x005484b3) add     s1, s1, t0
core   0: 3 0x8000bd34 (0x005484b3) x 9 0xca17fc84
core   0: 0x8000bd38 (0x00145a13) srli    s4, s0, 1
core   0: 3 0x8000bd38 (0x00145a13) x20 0x00000000
core   0: 0x8000bd3c (0x013cceb3) xor     t4, s9, s3
core   0: 3 0x8000bd3c (0x013cceb3) x29 0x7de0a103
core   0: 0x8000bd40 (0x36e2f697) auipc   a3, 0x36e2f
core   0: 3 0x8000bd40 (0x36e2f697) x13 0xb6e3ad40
core   0: 0x8000bd44 (0x403add93) srai    s11, s5, 3
core   0: 3 0x8000bd44 (0x403add93) x27 0x00000000
core   0: 0x8000bd48 (0x4008d413) srai    s0, a7, 0
core   0: 3 0x8000bd48 (0x4008d413) x 8 0x00000000
core   0: 0x8000bd4c (0x7877fd93) andi    s11, a5, 1927
core   0: 3 0x8000bd4c (0x7877fd93) x27 0x00000484
core   0: 0x8000bd50 (0x01ade033) or      zero, s11, s10
core   0: 3 0x8000bd50 (0x01ade033)
core   0: 0x8000bd54 (0x718d7713) andi    a4, s10, 1816
core   0: 3 0x8000bd54 (0x718d7713) x14 0x00000718
core   0: 0x8000bd58 (0x01889093) slli    ra, a7, 24
core   0: 3 0x8000bd58 (0x01889093) x 1 0x00000000
core   0: 0x8000bd5c (0x0ff0000f) fence   iorw,iorw
core   0: 3 0x8000bd5c (0x0ff0000f)
core   0: 0x8000bd60 (0xc274ab13) slti    s6, s1, -985
core   0: 3 0x8000bd60 (0xc274ab13) x22 0x00000001
core   0: 0x8000bd64 (0x405c5433) sra     s0, s8, t0
core   0: 3 0x8000bd64 (0x405c5433) x 8 0x00000000
core   0: 0x8000bd68 (0x002853b3) srl     t2, a6, sp
core   0: 3 0x8000bd68 (0x002853b3) x 7 0x00000000
core   0: 0x8000bd6c (0x06c1f793) andi    a5, gp, 108
core   0: 3 0x8000bd6c (0x06c1f793) x15 0x0000006c
core   0: 0x8000bd70 (0xce002d17) auipc   s10, 0xce002
core   0: 3 0x8000bd70 (0xce002d17) x26 0x4e00dd70
core   0: 0x8000bd74 (0x6fb23213) sltiu   tp, tp, 1787
core   0: 3 0x8000bd74 (0x6fb23213) x 4 0x00000001
core   0: 0x8000bd78 (0x00000013) nop
core   0: 3 0x8000bd78 (0x00000013)
core   0: 0x8000bd7c (0x01104fb3) xor     t6, zero, a7
core   0: 3 0x8000bd7c (0x01104fb3) x31 0x00000000
core   0: 0x8000bd80 (0x01467263) bgeu    a2, s4, pc + 4
core   0: 3 0x8000bd80 (0x01467263)
core   0: 0x8000bd84 (0x0ff0000f) fence   iorw,iorw
core   0: 3 0x8000bd84 (0x0ff0000f)
core   0: 0x8000bd88 (0x0079d733) srl     a4, s3, t2
core   0: 3 0x8000bd88 (0x0079d733) x14 0x00000103
core   0: 0x8000bd8c (0x00400c93) li      s9, 4
core   0: 3 0x8000bd8c (0x00400c93) x25 0x00000004
core   0: 0x8000bd90 (0x0154bd33) sltu    s10, s1, s5
core   0: 3 0x8000bd90 (0x0154bd33) x26 0x00000000
core   0: 0x8000bd94 (0x2d032f13) slti    t5, t1, 720
core   0: 3 0x8000bd94 (0x2d032f13) x30 0x00000001
core   0: 0x8000bd98 (0x61ef4213) xori    tp, t5, 1566
core   0: 3 0x8000bd98 (0x61ef4213) x 4 0x0000061f
core   0: 0x8000bd9c (0x00800293) li      t0, 8
core   0: 3 0x8000bd9c (0x00800293) x 5 0x00000008
core   0: 0x8000bda0 (0x00b05e33) srl     t3, zero, a1
core   0: 3 0x8000bda0 (0x00b05e33) x28 0x00000000
core   0: 0x8000bda4 (0x41465233) sra     tp, a2, s4
core   0: 3 0x8000bda4 (0x41465233) x 4 0x80024e2c
core   0: 0x8000bda8 (0x0000100f) fence.i
core   0: 3 0x8000bda8 (0x0000100f)
core   0: 0x8000bdac (0x012de733) or      a4, s11, s2
core   0: 3 0x8000bdac (0x012de733) x14 0x00000484
core   0: 0x8000bdb0 (0x0ff0000f) fence   iorw,iorw
core   0: 3 0x8000bdb0 (0x0ff0000f)
core   0: 0x8000bdb4 (0x010f9e93) slli    t4, t6, 16
core   0: 3 0x8000bdb4 (0x010f9e93) x29 0x00000000
core   0: 0x8000bdb8 (0x7c944f13) xori    t5, s0, 1993
core   0: 3 0x8000bdb8 (0x7c944f13) x30 0x000007c9
core   0: 0x8000bdbc (0x004c8c93) addi    s9, s9, 4
core   0: 3 0x8000bdbc (0x004c8c93) x25 0x00000008
core   0: 0x8000bdc0 (0x006439b3) sltu    s3, s0, t1
core   0: 3 0x8000bdc0 (0x006439b3) x19 0x00000001
core   0: 0x8000bdc4 (0xe9d3a193) slti    gp, t2, -355
core   0: 3 0x8000bdc4 (0xe9d3a193) x 3 0x00000000
core   0: 0x8000bdc8 (0x00fda733) slt     a4, s11, a5
core   0: 3 0x8000bdc8 (0x00fda733) x14 0x00000000
core   0: 0x8000bdcc (0x8991ce93) xori    t4, gp, -1895
core   0: 3 0x8000bdcc (0x8991ce93) x29 0xfffff899
core   0: 0x8000bdd0 (0x00063e33) sltu    t3, a2, zero
core   0: 3 0x8000bdd0 (0x00063e33) x28 0x00000000
core   0: 0x8000bdd4 (0x2a976f13) ori     t5, a4, 681
core   0: 3 0x8000bdd4 (0x2a976f13) x30 0x000002a9
core   0: 0x8000bdd8 (0x01a67a33) and     s4, a2, s10
core   0: 3 0x8000bdd8 (0x01a67a33) x20 0x00000000
core   0: 0x8000bddc (0xfc5c8ee3) beq     s9, t0, pc - 36
core   0: 3 0x8000bddc (0xfc5c8ee3)
core   0: 0x8000bdb8 (0x7c944f13) xori    t5, s0, 1993
core   0: 3 0x8000bdb8 (0x7c944f13) x30 0x000007c9
core   0: 0x8000bdbc (0x004c8c93) addi    s9, s9, 4
core   0: 3 0x8000bdbc (0x004c8c93) x25 0x0000000c
core   0: 0x8000bdc0 (0x006439b3) sltu    s3, s0, t1
core   0: 3 0x8000bdc0 (0x006439b3) x19 0x00000001
core   0: 0x8000bdc4 (0xe9d3a193) slti    gp, t2, -355
core   0: 3 0x8000bdc4 (0xe9d3a193) x 3 0x00000000
core   0: 0x8000bdc8 (0x00fda733) slt     a4, s11, a5
core   0: 3 0x8000bdc8 (0x00fda733) x14 0x00000000
core   0: 0x8000bdcc (0x8991ce93) xori    t4, gp, -1895
core   0: 3 0x8000bdcc (0x8991ce93) x29 0xfffff899
core   0: 0x8000bdd0 (0x00063e33) sltu    t3, a2, zero
core   0: 3 0x8000bdd0 (0x00063e33) x28 0x00000000
core   0: 0x8000bdd4 (0x2a976f13) ori     t5, a4, 681
core   0: 3 0x8000bdd4 (0x2a976f13) x30 0x000002a9
core   0: 0x8000bdd8 (0x01a67a33) and     s4, a2, s10
core   0: 3 0x8000bdd8 (0x01a67a33) x20 0x00000000
core   0: 0x8000bddc (0xfc5c8ee3) beq     s9, t0, pc - 36
core   0: 3 0x8000bddc (0xfc5c8ee3)
core   0: 0x8000bde0 (0x00000013) nop
core   0: 3 0x8000bde0 (0x00000013)
core   0: 0x8000bde4 (0xf493f313) andi    t1, t2, -183
core   0: 3 0x8000bde4 (0xf493f313) x 6 0x00000000
core   0: 0x8000bde8 (0x0000100f) fence.i
core   0: 3 0x8000bde8 (0x0000100f)
core   0: 0x8000bdec (0x01fab9b3) sltu    s3, s5, t6
core   0: 3 0x8000bdec (0x01fab9b3) x19 0x00000000
core   0: 0x8000bdf0 (0x0026b933) sltu    s2, a3, sp
core   0: 3 0x8000bdf0 (0x0026b933) x18 0x00000000
core   0: 0x8000bdf4 (0x4c150993) addi    s3, a0, 1217
core   0: 3 0x8000bdf4 (0x4c150993) x19 0x000004c1
core   0: 0x8000bdf8 (0x0153fd33) and     s10, t2, s5
core   0: 3 0x8000bdf8 (0x0153fd33) x26 0x00000000
core   0: 0x8000bdfc (0x00000013) nop
core   0: 3 0x8000bdfc (0x00000013)
core   0: 0x8000be00 (0x00d6c333) xor     t1, a3, a3
core   0: 3 0x8000be00 (0x00d6c333) x 6 0x00000000
core   0: 0x8000be04 (0x40fb8533) sub     a0, s7, a5
core   0: 3 0x8000be04 (0x40fb8533) x10 0xfffff81c
core   0: 0x8000be08 (0xe793c813) xori    a6, t2, -391
core   0: 3 0x8000be08 (0xe793c813) x16 0xfffffe79
core   0: 0x8000be0c (0x110e0993) addi    s3, t3, 272
core   0: 3 0x8000be0c (0x110e0993) x19 0x00000110
core   0: 0x8000be10 (0x0ff0000f) fence   iorw,iorw
core   0: 3 0x8000be10 (0x0ff0000f)
core   0: 0x8000be14 (0x40be0fb3) sub     t6, t3, a1
core   0: 3 0x8000be14 (0x40be0fb3) x31 0x80000000
core   0: 0x8000be18 (0x40bc5233) sra     tp, s8, a1
core   0: 3 0x8000be18 (0x40bc5233) x 4 0x00000000
core   0: 0x8000be1c (0x0000100f) fence.i
core   0: 3 0x8000be1c (0x0000100f)
core   0: 0x8000be20 (0x4fe02d97) auipc   s11, 0x4fe02
core   0: 3 0x8000be20 (0x4fe02d97) x27 0xcfe0de20
core   0: 0x8000be24 (0x61e43493) sltiu   s1, s0, 1566
core   0: 3 0x8000be24 (0x61e43493) x 9 0x00000001
core   0: 0x8000be28 (0x058a1063) bne     s4, s8, pc + 64
core   0: 3 0x8000be28 (0x058a1063)
core   0: 0x8000be2c (0x0962c513) xori    a0, t0, 150
core   0: 3 0x8000be2c (0x0962c513) x10 0x0000009e
core   0: 0x8000be30 (0xf0ab2493) slti    s1, s6, -246
core   0: 3 0x8000be30 (0xf0ab2493) x 9 0x00000000
core   0: 0x8000be34 (0x040e7863) bgeu    t3, zero, pc + 80
core   0: 3 0x8000be34 (0x040e7863)
core   0: 0x8000be84 (0x01815293) srli    t0, sp, 24
core   0: 3 0x8000be84 (0x01815293) x 5 0x00000080
core   0: 0x8000be88 (0x02df7a63) bgeu    t5, a3, pc + 52
core   0: 3 0x8000be88 (0x02df7a63)
core   0: 0x8000be8c (0x00d6db13) srli    s6, a3, 13
core   0: 3 0x8000be8c (0x00d6db13) x22 0x0005b71d
core   0: 0x8000be90 (0x01165213) srli    tp, a2, 17
core   0: 3 0x8000be90 (0x01165213) x 4 0x00004001
core   0: 0x8000be94 (0x410b5413) srai    s0, s6, 16
core   0: 3 0x8000be94 (0x410b5413) x 8 0x00000005
core   0: 0x8000be98 (0x01da8ab3) add     s5, s5, t4
core   0: 3 0x8000be98 (0x01da8ab3) x21 0xfffff899
core   0: 0x8000be9c (0x00eb30b3) sltu    ra, s6, a4
core   0: 3 0x8000be9c (0x00eb30b3) x 1 0x00000000
core   0: 0x8000bea0 (0x037eea63) bltu    t4, s7, pc + 52
core   0: 3 0x8000bea0 (0x037eea63)
core   0: 0x8000bea4 (0x41f97293) andi    t0, s2, 1055
core   0: 3 0x8000bea4 (0x41f97293) x 5 0x00000000
core   0: 0x8000bea8 (0x00027463) bgeu    tp, zero, pc + 8
core   0: 3 0x8000bea8 (0x00027463)
core   0: 0x8000beb0 (0xc6f9f313) andi    t1, s3, -913
core   0: 3 0x8000beb0 (0xc6f9f313) x 6 0x00000000
core   0: 0x8000beb4 (0x00000013) nop
core   0: 3 0x8000beb4 (0x00000013)
core   0: 0x8000beb8 (0x01a15c63) bge     sp, s10, pc + 24
core   0: 3 0x8000beb8 (0x01a15c63)
core   0: 0x8000bebc (0x7c617913) andi    s2, sp, 1990
core   0: 3 0x8000bebc (0x7c617913) x18 0x000004c4
core   0: 0x8000bec0 (0x014aaf33) slt     t5, s5, s4
core   0: 3 0x8000bec0 (0x014aaf33) x30 0x00000001
core   0: 0x8000bec4 (0xe1108c93) addi    s9, ra, -495
core   0: 3 0x8000bec4 (0xe1108c93) x25 0xfffffe11
core   0: 0x8000bec8 (0x41fc5433) sra     s0, s8, t6
core   0: 3 0x8000bec8 (0x41fc5433) x 8 0x00000000
core   0: 0x8000becc (0x008672b3) and     t0, a2, s0
core   0: 3 0x8000becc (0x008672b3) x 5 0x00000000
core   0: 0x8000bed0 (0x00000013) nop
core   0: 3 0x8000bed0 (0x00000013)
core   0: 0x8000bed4 (0x04516063) bltu    sp, t0, pc + 64
core   0: 3 0x8000bed4 (0x04516063)
core   0: 0x8000bed8 (0x00f7da13) srli    s4, a5, 15
core   0: 3 0x8000bed8 (0x00f7da13) x20 0x00000000
core   0: 0x8000bedc (0x00e4a833) slt     a6, s1, a4
core   0: 3 0x8000bedc (0x00e4a833) x16 0x00000000
core   0: 0x8000bee0 (0x4427e313) ori     t1, a5, 1090
core   0: 3 0x8000bee0 (0x4427e313) x 6 0x0000046e
core   0: 0x8000bee4 (0x0167d833) srl     a6, a5, s6
core   0: 3 0x8000bee4 (0x0167d833) x16 0x00000000
core   0: 0x8000bee8 (0x41c90233) sub     tp, s2, t3
core   0: 3 0x8000bee8 (0x41c90233) x 4 0x000004c4
core   0: 0x8000beec (0x0ff0000f) fence   iorw,iorw
core   0: 3 0x8000beec (0x0ff0000f)
core   0: 0x8000bef0 (0x01390e63) beq     s2, s3, pc + 28
core   0: 3 0x8000bef0 (0x01390e63)
core   0: 0x8000bef4 (0x01974a63) blt     a4, s9, pc + 20
core   0: 3 0x8000bef4 (0x01974a63)
core   0: 0x8000bef8 (0x00000013) nop
core   0: 3 0x8000bef8 (0x00000013)
core   0: 0x8000befc (0xb9e74c13) xori    s8, a4, -1122
core   0: 3 0x8000befc (0xb9e74c13) x24 0xfffffb9e
core   0: 0x8000bf00 (0x3b37e797) auipc   a5, 0x3b37e
core   0: 3 0x8000bf00 (0x3b37e797) x15 0xbb389f00
core   0: 0x8000bf04 (0xe8cf8393) addi    t2, t6, -372
core   0: 3 0x8000bf04 (0xe8cf8393) x 7 0x7ffffe8c
core   0: 0x8000bf08 (0x0000100f) fence.i
core   0: 3 0x8000bf08 (0x0000100f)
core   0: 0x8000bf0c (0x00d09d33) sll     s10, ra, a3
core   0: 3 0x8000bf0c (0x00d09d33) x26 0x00000000
core   0: 0x8000bf10 (0x00e5bdb3) sltu    s11, a1, a4
core   0: 3 0x8000bf10 (0x00e5bdb3) x27 0x00000000
core   0: 0x8000bf14 (0xd3f1c237) lui     tp, 0xd3f1c
core   0: 3 0x8000bf14 (0xd3f1c237) x 4 0xd3f1c000
core   0: 0x8000bf18 (0x05c11063) bne     sp, t3, pc + 64
core   0: 3 0x8000bf18 (0x05c11063)
core   0: 0x8000bf58 (0x00400c33) add     s8, zero, tp
core   0: 3 0x8000bf58 (0x00400c33) x24 0xd3f1c000
core   0: 0x8000bf5c (0x01c53cb3) sltu    s9, a0, t3
core   0: 3 0x8000bf5c (0x01c53cb3) x25 0x00000000
core   0: 0x8000bf60 (0x258bcb93) xori    s7, s7, 600
core   0: 3 0x8000bf60 (0x258bcb93) x23 0xfffffad0
core   0: 0x8000bf64 (0x006f00b3) add     ra, t5, t1
core   0: 3 0x8000bf64 (0x006f00b3) x 1 0x0000046f
core   0: 0x8000bf68 (0x03150c63) beq     a0, a7, pc + 56
core   0: 3 0x8000bf68 (0x03150c63)
core   0: 0x8000bf6c (0x0027e1b3) or      gp, a5, sp
core   0: 3 0x8000bf6c (0x0027e1b3) x 3 0xbb3a9fe4
core   0: 0x8000bf70 (0xbee12e93) slti    t4, sp, -1042
core   0: 3 0x8000bf70 (0xbee12e93) x29 0x00000001
core   0: 0x8000bf74 (0x202da3b7) lui     t2, 0x202da
core   0: 3 0x8000bf74 (0x202da3b7) x 7 0x202da000
core   0: 0x8000bf78 (0x03de7063) bgeu    t3, t4, pc + 32
core   0: 3 0x8000bf78 (0x03de7063)
core   0: 0x8000bf7c (0x00308863) beq     ra, gp, pc + 16
core   0: 3 0x8000bf7c (0x00308863)
core   0: 0x8000bf80 (0x038ede63) bge     t4, s8, pc + 60
core   0: 3 0x8000bf80 (0x038ede63)
core   0: 0x8000bfbc (0x00b59993) slli    s3, a1, 11
core   0: 3 0x8000bfbc (0x00b59993) x19 0x00000000
core   0: 0x8000bfc0 (0x0152be33) sltu    t3, t0, s5
core   0: 3 0x8000bfc0 (0x0152be33) x28 0x00000001
core   0: 0x8000bfc4 (0x00a7b8b3) sltu    a7, a5, a0
core   0: 3 0x8000bfc4 (0x00a7b8b3) x17 0x00000000
core   0: 0x8000bfc8 (0x015c99b3) sll     s3, s9, s5
core   0: 3 0x8000bfc8 (0x015c99b3) x19 0x00000000
core   0: 0x8000bfcc (0x1009ae97) auipc   t4, 0x1009a
core   0: 3 0x8000bfcc (0x1009ae97) x29 0x900a5fcc
core   0: 0x8000bfd0 (0x02a88663) beq     a7, a0, pc + 44
core   0: 3 0x8000bfd0 (0x02a88663)
core   0: 0x8000bfd4 (0x01528e63) beq     t0, s5, pc + 28
core   0: 3 0x8000bfd4 (0x01528e63)
core   0: 0x8000bfd8 (0x04951063) bne     a0, s1, pc + 64
core   0: 3 0x8000bfd8 (0x04951063)
core   0: 0x8000c018 (0x019fafb3) slt     t6, t6, s9
core   0: 3 0x8000c018 (0x019fafb3) x31 0x00000001
core   0: 0x8000c01c (0x00d7fc63) bgeu    a5, a3, pc + 24
core   0: 3 0x8000c01c (0x00d7fc63)
core   0: 0x8000c034 (0xb4843413) sltiu   s0, s0, -1208
core   0: 3 0x8000c034 (0xb4843413) x 8 0x00000001
core   0: 0x8000c038 (0x08a64663) blt     a2, a0, pc + 140
core   0: 3 0x8000c038 (0x08a64663)
core   0: 0x8000c0c4 (0x003fcc63) blt     t6, gp, pc + 24
core   0: 3 0x8000c0c4 (0x003fcc63)
core   0: 0x8000c0c8 (0x01ba0733) add     a4, s4, s11
core   0: 3 0x8000c0c8 (0x01ba0733) x14 0x00000000
core   0: 0x8000c0cc (0x96772513) slti    a0, a4, -1689
core   0: 3 0x8000c0cc (0x96772513) x10 0x00000000
core   0: 0x8000c0d0 (0x01e49433) sll     s0, s1, t5
core   0: 3 0x8000c0d0 (0x01e49433) x 8 0x00000000
core   0: 0x8000c0d4 (0x0000100f) fence.i
core   0: 3 0x8000c0d4 (0x0000100f)
core   0: 0x8000c0d8 (0x00959e33) sll     t3, a1, s1
core   0: 3 0x8000c0d8 (0x00959e33) x28 0x80000000
core   0: 0x8000c0dc (0x023c6a63) bltu    s8, gp, pc + 52
core   0: 3 0x8000c0dc (0x023c6a63)
core   0: 0x8000c0e0 (0xd3613a93) sltiu   s5, sp, -714
core   0: 3 0x8000c0e0 (0xd3613a93) x21 0x00000001
core   0: 0x8000c0e4 (0x0000100f) fence.i
core   0: 3 0x8000c0e4 (0x0000100f)
core   0: 0x8000c0e8 (0x4afd0217) auipc   tp, 0x4afd0
core   0: 3 0x8000c0e8 (0x4afd0217) x 4 0xcafdc0e8
core   0: 0x8000c0ec (0x447ce713) ori     a4, s9, 1095
core   0: 3 0x8000c0ec (0x447ce713) x14 0x00000447
core   0: 0x8000c0f0 (0x0ff0000f) fence   iorw,iorw
core   0: 3 0x8000c0f0 (0x0ff0000f)
core   0: 0x8000c0f4 (0x00000013) nop
core   0: 3 0x8000c0f4 (0x00000013)
core   0: 0x8000c0f8 (0x018b4e63) blt     s6, s8, pc + 28
core   0: 3 0x8000c0f8 (0x018b4e63)
core   0: 0x8000c0fc (0x40ac5c13) srai    s8, s8, 10
core   0: 3 0x8000c0fc (0x40ac5c13) x24 0xfff4fc70
core   0: 0x8000c100 (0x001e1663) bne     t3, ra, pc + 12
core   0: 3 0x8000c100 (0x001e1663)
core   0: 0x8000c10c (0x00c67233) and     tp, a2, a2
core   0: 3 0x8000c10c (0x00c67233) x 4 0x80024e2c
core   0: 0x8000c110 (0x05056063) bltu    a0, a6, pc + 64
core   0: 3 0x8000c110 (0x05056063)
core   0: 0x8000c114 (0x01d9a433) slt     s0, s3, t4
core   0: 3 0x8000c114 (0x01d9a433) x 8 0x00000000
core   0: 0x8000c118 (0x01c8da63) bge     a7, t3, pc + 20
core   0: 3 0x8000c118 (0x01c8da63)
core   0: 0x8000c12c (0x4132df13) srai    t5, t0, 19
core   0: 3 0x8000c12c (0x4132df13) x30 0x00000000
core   0: 0x8000c130 (0x00597f33) and     t5, s2, t0
core   0: 3 0x8000c130 (0x00597f33) x30 0x00000000
core   0: 0x8000c134 (0x00ac48b3) xor     a7, s8, a0
core   0: 3 0x8000c134 (0x00ac48b3) x17 0xfff4fc70
core   0: 0x8000c138 (0x4d55a193) slti    gp, a1, 1237
core   0: 3 0x8000c138 (0x4d55a193) x 3 0x00000001
core   0: 0x8000c13c (0x41aa0b33) sub     s6, s4, s10
core   0: 3 0x8000c13c (0x41aa0b33) x22 0x00000000
core   0: 0x8000c140 (0x010710b3) sll     ra, a4, a6
core   0: 3 0x8000c140 (0x010710b3) x 1 0x00000447
core   0: 0x8000c144 (0x006d93b3) sll     t2, s11, t1
core   0: 3 0x8000c144 (0x006d93b3) x 7 0x00000000
core   0: 0x8000c148 (0x0000100f) fence.i
core   0: 3 0x8000c148 (0x0000100f)
core   0: 0x8000c14c (0x9caf8b13) addi    s6, t6, -1590
core   0: 3 0x8000c14c (0x9caf8b13) x22 0xfffff9cb
core   0: 0x8000c150 (0x00000013) nop
core   0: 3 0x8000c150 (0x00000013)
core   0: 0x8000c154 (0x10373513) sltiu   a0, a4, 259
core   0: 3 0x8000c154 (0x10373513) x10 0x00000000
core   0: 0x8000c158 (0x029e5a63) bge     t3, s1, pc + 52
core   0: 3 0x8000c158 (0x029e5a63)
core   0: 0x8000c15c (0x0000100f) fence.i
core   0: 3 0x8000c15c (0x0000100f)
core   0: 0x8000c160 (0x5e974693) xori    a3, a4, 1513
core   0: 3 0x8000c160 (0x5e974693) x13 0x000001ae
core   0: 0x8000c164 (0x00c99d93) slli    s11, s3, 12
core   0: 3 0x8000c164 (0x00c99d93) x27 0x00000000
core   0: 0x8000c168 (0x0ff0000f) fence   iorw,iorw
core   0: 3 0x8000c168 (0x0ff0000f)
core   0: 0x8000c16c (0x00000013) nop
core   0: 3 0x8000c16c (0x00000013)
core   0: 0x8000c170 (0x01230863) beq     t1, s2, pc + 16
core   0: 3 0x8000c170 (0x01230863)
core   0: 0x8000c174 (0x000ccab3) xor     s5, s9, zero
core   0: 3 0x8000c174 (0x000ccab3) x21 0x00000000
core   0: 0x8000c178 (0x00c9c033) xor     zero, s3, a2
core   0: 3 0x8000c178 (0x00c9c033)
core   0: 0x8000c17c (0x001e0f33) add     t5, t3, ra
core   0: 3 0x8000c17c (0x001e0f33) x30 0x80000447
core   0: 0x8000c180 (0x0171a6b3) slt     a3, gp, s7
core   0: 3 0x8000c180 (0x0171a6b3) x13 0x00000000
core   0: 0x8000c184 (0x0ec4f293) andi    t0, s1, 236
core   0: 3 0x8000c184 (0x0ec4f293) x 5 0x00000000
core   0: 0x8000c188 (0x0e1d2093) slti    ra, s10, 225
core   0: 3 0x8000c188 (0x0e1d2093) x 1 0x00000001
core   0: 0x8000c18c (0x00db1c63) bne     s6, a3, pc + 24
core   0: 3 0x8000c18c (0x00db1c63)
core   0: 0x8000c1a4 (0x026e8e63) beq     t4, t1, pc + 60
core   0: 3 0x8000c1a4 (0x026e8e63)
core   0: 0x8000c1a8 (0x001b70b3) and     ra, s6, ra
core   0: 3 0x8000c1a8 (0x001b70b3) x 1 0x00000001
core   0: 0x8000c1ac (0x402b5f93) srai    t6, s6, 2
core   0: 3 0x8000c1ac (0x402b5f93) x31 0xfffffe72
core   0: 0x8000c1b0 (0x00109e13) slli    t3, ra, 1
core   0: 3 0x8000c1b0 (0x00109e13) x28 0x00000002
core   0: 0x8000c1b4 (0x076bfa13) andi    s4, s7, 118
core   0: 3 0x8000c1b4 (0x076bfa13) x20 0x00000050
core   0: 0x8000c1b8 (0x41e8dab3) sra     s5, a7, t5
core   0: 3 0x8000c1b8 (0x41e8dab3) x21 0xffffe9f8
core   0: 0x8000c1bc (0x40de8733) sub     a4, t4, a3
core   0: 3 0x8000c1bc (0x40de8733) x14 0x900a5fcc
core   0: 0x8000c1c0 (0x00000013) nop
core   0: 3 0x8000c1c0 (0x00000013)
core   0: 0x8000c1c4 (0x410151b3) sra     gp, sp, a6
core   0: 3 0x8000c1c4 (0x410151b3) x 3 0x80028ce4
core   0: 0x8000c1c8 (0x404f5793) srai    a5, t5, 4
core   0: 3 0x8000c1c8 (0x404f5793) x15 0xf8000044
core   0: 0x8000c1cc (0x0000100f) fence.i
core   0: 3 0x8000c1cc (0x0000100f)
core   0: 0x8000c1d0 (0x40a4d033) sra     zero, s1, a0
core   0: 3 0x8000c1d0 (0x40a4d033)
core   0: 0x8000c1d4 (0x0ff0000f) fence   iorw,iorw
core   0: 3 0x8000c1d4 (0x0ff0000f)
core   0: 0x8000c1d8 (0x0014d933) srl     s2, s1, ra
core   0: 3 0x8000c1d8 (0x0014d933) x18 0x00000000
core   0: 0x8000c1dc (0x01c54533) xor     a0, a0, t3
core   0: 3 0x8000c1dc (0x01c54533) x10 0x00000002
core   0: 0x8000c1e0 (0x44bbbd17) auipc   s10, 0x44bbb
core   0: 3 0x8000c1e0 (0x44bbbd17) x26 0xc4bc71e0
core   0: 0x8000c1e4 (0x01439263) bne     t2, s4, pc + 4
core   0: 3 0x8000c1e4 (0x01439263)
core   0: 0x8000c1e8 (0xe32da717) auipc   a4, 0xe32da
core   0: 3 0x8000c1e8 (0xe32da717) x14 0x632e61e8
core   0: 0x8000c1ec (0x01709c63) bne     ra, s7, pc + 24
core   0: 3 0x8000c1ec (0x01709c63)
core   0: 0x8000c204 (0x002c6463) bltu    s8, sp, pc + 8
core   0: 3 0x8000c204 (0x002c6463)
core   0: 0x8000c208 (0x007992b3) sll     t0, s3, t2
core   0: 3 0x8000c208 (0x007992b3) x 5 0x00000000
core   0: 0x8000c20c (0x40f386b3) sub     a3, t2, a5
core   0: 3 0x8000c20c (0x40f386b3) x13 0x07ffffbc
core   0: 0x8000c210 (0x00be7033) and     zero, t3, a1
core   0: 3 0x8000c210 (0x00be7033)
core   0: 0x8000c214 (0x41935313) srai    t1, t1, 25
core   0: 3 0x8000c214 (0x41935313) x 6 0x00000000
core   0: 0x8000c218 (0x00b11463) bne     sp, a1, pc + 8
core   0: 3 0x8000c218 (0x00b11463)
core   0: 0x8000c220 (0x01331c13) slli    s8, t1, 19
core   0: 3 0x8000c220 (0x01331c13) x24 0x00000000
core   0: 0x8000c224 (0x06f74893) xori    a7, a4, 111
core   0: 3 0x8000c224 (0x06f74893) x17 0x632e6187
core   0: 0x8000c228 (0x00284533) xor     a0, a6, sp
core   0: 3 0x8000c228 (0x00284533) x10 0x80028ce4
core   0: 0x8000c22c (0x00e62433) slt     s0, a2, a4
core   0: 3 0x8000c22c (0x00e62433) x 8 0x00000001
core   0: 0x8000c230 (0x00e54533) xor     a0, a0, a4
core   0: 3 0x8000c230 (0x00e54533) x10 0xe32ced0c
core   0: 0x8000c234 (0x60715f97) auipc   t6, 0x60715
core   0: 3 0x8000c234 (0x60715f97) x31 0xe0721234
core   0: 0x8000c238 (0x00000013) nop
core   0: 3 0x8000c238 (0x00000013)
core   0: 0x8000c23c (0xd4c62837) lui     a6, 0xd4c62
core   0: 3 0x8000c23c (0xd4c62837) x16 0xd4c62000
core   0: 0x8000c240 (0x00839e13) slli    t3, t2, 8
core   0: 3 0x8000c240 (0x00839e13) x28 0x00000000
core   0: 0x8000c244 (0x9c54a413) slti    s0, s1, -1595
core   0: 3 0x8000c244 (0x9c54a413) x 8 0x00000000
core   0: 0x8000c248 (0x047b8813) addi    a6, s7, 71
core   0: 3 0x8000c248 (0x047b8813) x16 0xfffffb17
core   0: 0x8000c24c (0x0000100f) fence.i
core   0: 3 0x8000c24c (0x0000100f)
core   0: 0x8000c250 (0x199a2193) slti    gp, s4, 409
core   0: 3 0x8000c250 (0x199a2193) x 3 0x00000001
core   0: 0x8000c254 (0x057e4863) blt     t3, s7, pc + 80
core   0: 3 0x8000c254 (0x057e4863)
core   0: 0x8000c258 (0x03705063) bge     zero, s7, pc + 32
core   0: 3 0x8000c258 (0x03705063)
core   0: 0x8000c278 (0x0032d913) srli    s2, t0, 3
core   0: 3 0x8000c278 (0x0032d913) x18 0x00000000
core   0: 0x8000c27c (0x00f421b3) slt     gp, s0, a5
core   0: 3 0x8000c27c (0x00f421b3) x 3 0x00000000
core   0: 0x8000c280 (0x8c8b0993) addi    s3, s6, -1848
core   0: 3 0x8000c280 (0x8c8b0993) x19 0xfffff293
core   0: 0x8000c284 (0x40b3da13) srai    s4, t2, 11
core   0: 3 0x8000c284 (0x40b3da13) x20 0x00000000
core   0: 0x8000c288 (0x0199f733) and     a4, s3, s9
core   0: 3 0x8000c288 (0x0199f733) x14 0x00000000
core   0: 0x8000c28c (0x01ad4db3) xor     s11, s10, s10
core   0: 3 0x8000c28c (0x01ad4db3) x27 0x00000000
core   0: 0x8000c290 (0x01e48033) add     zero, s1, t5
core   0: 3 0x8000c290 (0x01e48033)
core   0: 0x8000c294 (0x7cf88193) addi    gp, a7, 1999
core   0: 3 0x8000c294 (0x7cf88193) x 3 0x632e6956
core   0: 0x8000c298 (0x01ce0e33) add     t3, t3, t3
core   0: 3 0x8000c298 (0x01ce0e33) x28 0x00000000
core   0: 0x8000c29c (0x811c3093) sltiu   ra, s8, -2031
core   0: 3 0x8000c29c (0x811c3093) x 1 0x00000001
core   0: 0x8000c2a0 (0x032bc663) blt     s7, s2, pc + 44
core   0: 3 0x8000c2a0 (0x032bc663)
core   0: 0x8000c2cc (0x01f1dc93) srli    s9, gp, 31
core   0: 3 0x8000c2cc (0x01f1dc93) x25 0x00000000
core   0: 0x8000c2d0 (0x0016e433) or      s0, a3, ra
core   0: 3 0x8000c2d0 (0x0016e433) x 8 0x07ffffbd
core   0: 0x8000c2d4 (0x00ca1db3) sll     s11, s4, a2
core   0: 3 0x8000c2d4 (0x00ca1db3) x27 0x00000000
core   0: 0x8000c2d8 (0x00000013) nop
core   0: 3 0x8000c2d8 (0x00000013)
core   0: 0x8000c2dc (0x9b9f0513) addi    a0, t5, -1607
core   0: 3 0x8000c2dc (0x9b9f0513) x10 0x7ffffe00
core   0: 0x8000c2e0 (0x05776063) bltu    a4, s7, pc + 64
core   0: 3 0x8000c2e0 (0x05776063)
core   0: 0x8000c320 (0x0179b333) sltu    t1, s3, s7
core   0: 3 0x8000c320 (0x0179b333) x 6 0x00000001
core   0: 0x8000c324 (0x00bafe33) and     t3, s5, a1
core   0: 3 0x8000c324 (0x00bafe33) x28 0x80000000
core   0: 0x8000c328 (0x86558813) addi    a6, a1, -1947
core   0: 3 0x8000c328 (0x86558813) x16 0x7ffff865
core   0: 0x8000c32c (0x622e8993) addi    s3, t4, 1570
core   0: 3 0x8000c32c (0x622e8993) x19 0x900a65ee
core   0: 0x8000c330 (0x001a1313) slli    t1, s4, 1
core   0: 3 0x8000c330 (0x001a1313) x 6 0x00000000
core   0: 0x8000c334 (0x048c7463) bgeu    s8, s0, pc + 72
core   0: 3 0x8000c334 (0x048c7463)
core   0: 0x8000c338 (0x0150dbb3) srl     s7, ra, s5
core   0: 3 0x8000c338 (0x0150dbb3) x23 0x00000000
core   0: 0x8000c33c (0x07800313) li      t1, 120
core   0: 3 0x8000c33c (0x07800313) x 6 0x00000078
core   0: 0x8000c340 (0x0203fe63) bgeu    t2, zero, pc + 60
core   0: 3 0x8000c340 (0x0203fe63)
core   0: 0x8000c37c (0x1fcea313) slti    t1, t4, 508
core   0: 3 0x8000c37c (0x1fcea313) x 6 0x00000001
core   0: 0x8000c380 (0x010acc63) blt     s5, a6, pc + 24
core   0: 3 0x8000c380 (0x010acc63)
core   0: 0x8000c398 (0x00c5ce63) blt     a1, a2, pc + 28
core   0: 3 0x8000c398 (0x00c5ce63)
core   0: 0x8000c3b4 (0x86826e97) auipc   t4, 0x86826
core   0: 3 0x8000c3b4 (0x86826e97) x29 0x068323b4
core   0: 0x8000c3b8 (0xf4eb0993) addi    s3, s6, -178
core   0: 3 0x8000c3b8 (0xf4eb0993) x19 0xfffff919
core   0: 0x8000c3bc (0x0bfeb293) sltiu   t0, t4, 191
core   0: 3 0x8000c3bc (0x0bfeb293) x 5 0x00000000
core   0: 0x8000c3c0 (0x05c54863) blt     a0, t3, pc + 80
core   0: 3 0x8000c3c0 (0x05c54863)
core   0: 0x8000c3c4 (0x0000100f) fence.i
core   0: 3 0x8000c3c4 (0x0000100f)
core   0: 0x8000c3c8 (0xe9768c13) addi    s8, a3, -361
core   0: 3 0x8000c3c8 (0xe9768c13) x24 0x07fffe53
core   0: 0x8000c3cc (0x7af1aa13) slti    s4, gp, 1967
core   0: 3 0x8000c3cc (0x7af1aa13) x20 0x00000000
core   0: 0x8000c3d0 (0x0000100f) fence.i
core   0: 3 0x8000c3d0 (0x0000100f)
core   0: 0x8000c3d4 (0x01297433) and     s0, s2, s2
core   0: 3 0x8000c3d4 (0x01297433) x 8 0x00000000
core   0: 0x8000c3d8 (0x013c34b3) sltu    s1, s8, s3
core   0: 3 0x8000c3d8 (0x013c34b3) x 9 0x00000001
core   0: 0x8000c3dc (0x50330c13) addi    s8, t1, 1283
core   0: 3 0x8000c3dc (0x50330c13) x24 0x00000504
core   0: 0x8000c3e0 (0x418a0333) sub     t1, s4, s8
core   0: 3 0x8000c3e0 (0x418a0333) x 6 0xfffffafc
core   0: 0x8000c3e4 (0x41f282b3) sub     t0, t0, t6
core   0: 3 0x8000c3e4 (0x41f282b3) x 5 0x1f8dedcc
core   0: 0x8000c3e8 (0x05897863) bgeu    s2, s8, pc + 80
core   0: 3 0x8000c3e8 (0x05897863)
core   0: 0x8000c3ec (0x40e95e13) srai    t3, s2, 14
core   0: 3 0x8000c3ec (0x40e95e13) x28 0x00000000
core   0: 0x8000c3f0 (0x0ff0000f) fence   iorw,iorw
core   0: 3 0x8000c3f0 (0x0ff0000f)
core   0: 0x8000c3f4 (0x03198063) beq     s3, a7, pc + 32
core   0: 3 0x8000c3f4 (0x03198063)
core   0: 0x8000c3f8 (0x00000013) nop
core   0: 3 0x8000c3f8 (0x00000013)
core   0: 0x8000c3fc (0x64ccbc37) lui     s8, 0x64ccb
core   0: 3 0x8000c3fc (0x64ccbc37) x24 0x64ccb000
core   0: 0x8000c400 (0x05070063) beq     a4, a6, pc + 64
core   0: 3 0x8000c400 (0x05070063)
core   0: 0x8000c404 (0x01457fb3) and     t6, a0, s4
core   0: 3 0x8000c404 (0x01457fb3) x31 0x00000000
core   0: 0x8000c408 (0x0120bdb3) sltu    s11, ra, s2
core   0: 3 0x8000c408 (0x0120bdb3) x27 0x00000000
core   0: 0x8000c40c (0x050df063) bgeu    s11, a6, pc + 64
core   0: 3 0x8000c40c (0x050df063)
core   0: 0x8000c410 (0x40c781b3) sub     gp, a5, a2
core   0: 3 0x8000c410 (0x40c781b3) x 3 0x77fdb218
core   0: 0x8000c414 (0x04d15063) bge     sp, a3, pc + 64
core   0: 3 0x8000c414 (0x04d15063)
core   0: 0x8000c418 (0x184ff993) andi    s3, t6, 388
core   0: 3 0x8000c418 (0x184ff993) x19 0x00000000
core   0: 0x8000c41c (0x01179793) slli    a5, a5, 17
core   0: 3 0x8000c41c (0x01179793) x15 0x00880000
core   0: 0x8000c420 (0x000a67b3) or      a5, s4, zero
core   0: 3 0x8000c420 (0x000a67b3) x15 0x00000000
core   0: 0x8000c424 (0x01214933) xor     s2, sp, s2
core   0: 3 0x8000c424 (0x01214933) x18 0x80028ce4
core   0: 0x8000c428 (0x01b26f33) or      t5, tp, s11
core   0: 3 0x8000c428 (0x01b26f33) x30 0x80024e2c
core   0: 0x8000c42c (0x01841b93) slli    s7, s0, 24
core   0: 3 0x8000c42c (0x01841b93) x23 0x00000000
core   0: 0x8000c430 (0x2c793a93) sltiu   s5, s2, 711
core   0: 3 0x8000c430 (0x2c793a93) x21 0x00000000
core   0: 0x8000c434 (0x017267b3) or      a5, tp, s7
core   0: 3 0x8000c434 (0x017267b3) x15 0x80024e2c
core   0: 0x8000c438 (0xd05a6d37) lui     s10, 0xd05a6
core   0: 3 0x8000c438 (0xd05a6d37) x26 0xd05a6000
core   0: 0x8000c43c (0x01117cb3) and     s9, sp, a7
core   0: 3 0x8000c43c (0x01117cb3) x25 0x00020084
core   0: 0x8000c440 (0x0ff0000f) fence   iorw,iorw
core   0: 3 0x8000c440 (0x0ff0000f)
core   0: 0x8000c444 (0x00d15ab3) srl     s5, sp, a3
core   0: 3 0x8000c444 (0x00d15ab3) x21 0x00000008
core   0: 0x8000c448 (0x00617e63) bgeu    sp, t1, pc + 28
core   0: 3 0x8000c448 (0x00617e63)
core   0: 0x8000c44c (0x105f2d93) slti    s11, t5, 261
core   0: 3 0x8000c44c (0x105f2d93) x27 0x00000001
core   0: 0x8000c450 (0x0198a0b3) slt     ra, a7, s9
core   0: 3 0x8000c450 (0x0198a0b3) x 1 0x00000000
core   0: 0x8000c454 (0x0049ebb3) or      s7, s3, tp
core   0: 3 0x8000c454 (0x0049ebb3) x23 0x80024e2c
core   0: 0x8000c458 (0x010dc933) xor     s2, s11, a6
core   0: 3 0x8000c458 (0x010dc933) x18 0x7ffff864
core   0: 0x8000c45c (0x00bf8933) add     s2, t6, a1
core   0: 3 0x8000c45c (0x00bf8933) x18 0x80000000
core   0: 0x8000c460 (0xd7187a93) andi    s5, a6, -655
core   0: 3 0x8000c460 (0xd7187a93) x21 0x7ffff861
core   0: 0x8000c464 (0x00000013) nop
core   0: 3 0x8000c464 (0x00000013)
core   0: 0x8000c468 (0x00716933) or      s2, sp, t2
core   0: 3 0x8000c468 (0x00716933) x18 0x80028ce4
core   0: 0x8000c46c (0x71829a97) auipc   s5, 0x71829
core   0: 3 0x8000c46c (0x71829a97) x21 0xf183546c
core   0: 0x8000c470 (0x03715a63) bge     sp, s7, pc + 52
core   0: 3 0x8000c470 (0x03715a63)
core   0: 0x8000c4a4 (0xcc432813) slti    a6, t1, -828
core   0: 3 0x8000c4a4 (0xcc432813) x16 0x00000001
core   0: 0x8000c4a8 (0x00c6ecb3) or      s9, a3, a2
core   0: 3 0x8000c4a8 (0x00c6ecb3) x25 0x87ffffbc
core   0: 0x8000c4ac (0x01b03bb3) snez    s7, s11
core   0: 3 0x8000c4ac (0x01b03bb3) x23 0x00000001
core   0: 0x8000c4b0 (0x01155233) srl     tp, a0, a7
core   0: 3 0x8000c4b0 (0x01155233) x 4 0x00fffffc
core   0: 0x8000c4b4 (0x34588d13) addi    s10, a7, 837
core   0: 3 0x8000c4b4 (0x34588d13) x26 0x632e64cc
core   0: 0x8000c4b8 (0x019d6863) bltu    s10, s9, pc + 16
core   0: 3 0x8000c4b8 (0x019d6863)
core   0: 0x8000c4c8 (0x016120b3) slt     ra, sp, s6
core   0: 3 0x8000c4c8 (0x016120b3) x 1 0x00000001
core   0: 0x8000c4cc (0x01a27ab3) and     s5, tp, s10
core   0: 3 0x8000c4cc (0x01a27ab3) x21 0x002e64cc
core   0: 0x8000c4d0 (0x01371e13) slli    t3, a4, 19
core   0: 3 0x8000c4d0 (0x01371e13) x28 0x00000000
core   0: 0x8000c4d4 (0x0000100f) fence.i
core   0: 3 0x8000c4d4 (0x0000100f)
core   0: 0x8000c4d8 (0x007161b3) or      gp, sp, t2
core   0: 3 0x8000c4d8 (0x007161b3) x 3 0x80028ce4
core   0: 0x8000c4dc (0x591e3f13) sltiu   t5, t3, 1425
core   0: 3 0x8000c4dc (0x591e3f13) x30 0x00000001
core   0: 0x8000c4e0 (0x02b79663) bne     a5, a1, pc + 44
core   0: 3 0x8000c4e0 (0x02b79663)
core   0: 0x8000c50c (0x0120acb3) slt     s9, ra, s2
core   0: 3 0x8000c50c (0x0120acb3) x25 0x00000000
core   0: 0x8000c510 (0x00f2a733) slt     a4, t0, a5
core   0: 3 0x8000c510 (0x00f2a733) x14 0x00000000
core   0: 0x8000c514 (0x00bb1463) bne     s6, a1, pc + 8
core   0: 3 0x8000c514 (0x00bb1463)
core   0: 0x8000c51c (0x0ff0000f) fence   iorw,iorw
core   0: 3 0x8000c51c (0x0ff0000f)
core   0: 0x8000c520 (0x025bce63) blt     s7, t0, pc + 60
core   0: 3 0x8000c520 (0x025bce63)
core   0: 0x8000c55c (0x4035d833) sra     a6, a1, gp
core   0: 3 0x8000c55c (0x4035d833) x16 0xf8000000
core   0: 0x8000c560 (0x41bd57b3) sra     a5, s10, s11
core   0: 3 0x8000c560 (0x41bd57b3) x15 0x31973266
core   0: 0x8000c564 (0x6f01b813) sltiu   a6, gp, 1776
core   0: 3 0x8000c564 (0x6f01b813) x16 0x00000000
core   0: 0x8000c568 (0xdf243013) sltiu   zero, s0, -526
core   0: 3 0x8000c568 (0xdf243013)
core   0: 0x8000c56c (0x011f1c13) slli    s8, t5, 17
core   0: 3 0x8000c56c (0x011f1c13) x24 0x00020000
core   0: 0x8000c570 (0x005e4c63) blt     t3, t0, pc + 24
core   0: 3 0x8000c570 (0x005e4c63)
core   0: 0x8000c588 (0x4059d413) srai    s0, s3, 5
core   0: 3 0x8000c588 (0x4059d413) x 8 0x00000000
core   0: 0x8000c58c (0xf142ea17) auipc   s4, 0xf142e
core   0: 3 0x8000c58c (0xf142ea17) x20 0x7143a58c
core   0: 0x8000c590 (0xe88c42b7) lui     t0, 0xe88c4
core   0: 3 0x8000c590 (0xe88c42b7) x 5 0xe88c4000
core   0: 0x8000c594 (0x4152dc13) srai    s8, t0, 21
core   0: 3 0x8000c594 (0x4152dc13) x24 0xffffff44
core   0: 0x8000c598 (0x03c75063) bge     a4, t3, pc + 32
core   0: 3 0x8000c598 (0x03c75063)
core   0: 0x8000c5b8 (0x60a33d93) sltiu   s11, t1, 1546
core   0: 3 0x8000c5b8 (0x60a33d93) x27 0x00000000
core   0: 0x8000c5bc (0xcf362793) slti    a5, a2, -781
core   0: 3 0x8000c5bc (0xcf362793) x15 0x00000001
core   0: 0x8000c5c0 (0x01f84b33) xor     s6, a6, t6
core   0: 3 0x8000c5c0 (0x01f84b33) x22 0x00000000
core   0: 0x8000c5c4 (0x40a557b3) sra     a5, a0, a0
core   0: 3 0x8000c5c4 (0x40a557b3) x15 0x7ffffe00
core   0: 0x8000c5c8 (0x0ff0000f) fence   iorw,iorw
core   0: 3 0x8000c5c8 (0x0ff0000f)
core   0: 0x8000c5cc (0x0ff0000f) fence   iorw,iorw
core   0: 3 0x8000c5cc (0x0ff0000f)
core   0: 0x8000c5d0 (0x2f1a8c13) addi    s8, s5, 753
core   0: 3 0x8000c5d0 (0x2f1a8c13) x24 0x002e67bd
core   0: 0x8000c5d4 (0x01d68f33) add     t5, a3, t4
core   0: 3 0x8000c5d4 (0x01d68f33) x30 0x0e832370
core   0: 0x8000c5d8 (0x0000100f) fence.i
core   0: 3 0x8000c5d8 (0x0000100f)
core   0: 0x8000c5dc (0x00e09463) bne     ra, a4, pc + 8
core   0: 3 0x8000c5dc (0x00e09463)
core   0: 0x8000c5e4 (0x402056b3) sra     a3, zero, sp
core   0: 3 0x8000c5e4 (0x402056b3) x13 0x00000000
core   0: 0x8000c5e8 (0x866aa793) slti    a5, s5, -1946
core   0: 3 0x8000c5e8 (0x866aa793) x15 0x00000000
core   0: 0x8000c5ec (0x4180d093) srai    ra, ra, 24
core   0: 3 0x8000c5ec (0x4180d093) x 1 0x00000000
core   0: 0x8000c5f0 (0xa2722393) slti    t2, tp, -1497
core   0: 3 0x8000c5f0 (0xa2722393) x 7 0x00000000
core   0: 0x8000c5f4 (0x01411433) sll     s0, sp, s4
core   0: 3 0x8000c5f4 (0x01411433) x 8 0x28ce4000
core   0: 0x8000c5f8 (0x0320fe63) bgeu    ra, s2, pc + 60
core   0: 3 0x8000c5f8 (0x0320fe63)
core   0: 0x8000c5fc (0x419d50b3) sra     ra, s10, s9
core   0: 3 0x8000c5fc (0x419d50b3) x 1 0x632e64cc
core   0: 0x8000c600 (0x00000013) nop
core   0: 3 0x8000c600 (0x00000013)
core   0: 0x8000c604 (0x6467e213) ori     tp, a5, 1606
core   0: 3 0x8000c604 (0x6467e213) x 4 0x00000646
core   0: 0x8000c608 (0x03364063) blt     a2, s3, pc + 32
core   0: 3 0x8000c608 (0x03364063)
core   0: 0x8000c628 (0x00e73b33) sltu    s6, a4, a4
core   0: 3 0x8000c628 (0x00e73b33) x22 0x00000000
core   0: 0x8000c62c (0x01b7d263) bge     a5, s11, pc + 4
core   0: 3 0x8000c62c (0x01b7d263)
core   0: 0x8000c630 (0x406e8933) sub     s2, t4, t1
core   0: 3 0x8000c630 (0x406e8933) x18 0x068328b8
core   0: 0x8000c634 (0x410eddb3) sra     s11, t4, a6
core   0: 3 0x8000c634 (0x410eddb3) x27 0x068323b4
core   0: 0x8000c638 (0x008b2e33) slt     t3, s6, s0
core   0: 3 0x8000c638 (0x008b2e33) x28 0x00000001
core   0: 0x8000c63c (0x03de5663) bge     t3, t4, pc + 44
core   0: 3 0x8000c63c (0x03de5663)
core   0: 0x8000c640 (0x008b1313) slli    t1, s6, 8
core   0: 3 0x8000c640 (0x008b1313) x 6 0x00000000
core   0: 0x8000c644 (0xf2d96b93) ori     s7, s2, -211
core   0: 3 0x8000c644 (0xf2d96b93) x23 0xffffffbd
core   0: 0x8000c648 (0x024b1c63) bne     s6, tp, pc + 56
core   0: 3 0x8000c648 (0x024b1c63)
core   0: 0x8000c680 (0x01df59b3) srl     s3, t5, t4
core   0: 3 0x8000c680 (0x01df59b3) x19 0x000000e8
core   0: 0x8000c684 (0x01b836b3) sltu    a3, a6, s11
core   0: 3 0x8000c684 (0x01b836b3) x13 0x00000001
core   0: 0x8000c688 (0x01c49863) bne     s1, t3, pc + 16
core   0: 3 0x8000c688 (0x01c49863)
core   0: 0x8000c68c (0x00dd8bb3) add     s7, s11, a3
core   0: 3 0x8000c68c (0x00dd8bb3) x23 0x068323b5
core   0: 0x8000c690 (0x57bb5f17) auipc   t5, 0x57bb5
core   0: 3 0x8000c690 (0x57bb5f17) x30 0xd7bc1690
core   0: 0x8000c694 (0x411602b3) sub     t0, a2, a7
core   0: 3 0x8000c694 (0x411602b3) x 5 0x1cd3eca5
core   0: 0x8000c698 (0x00aad8b3) srl     a7, s5, a0
core   0: 3 0x8000c698 (0x00aad8b3) x17 0x002e64cc
core   0: 0x8000c69c (0x0000100f) fence.i
core   0: 3 0x8000c69c (0x0000100f)
core   0: 0x8000c6a0 (0x0000100f) fence.i
core   0: 3 0x8000c6a0 (0x0000100f)
core   0: 0x8000c6a4 (0x00000013) nop
core   0: 3 0x8000c6a4 (0x00000013)
core   0: 0x8000c6a8 (0x4070d493) srai    s1, ra, 7
core   0: 3 0x8000c6a8 (0x4070d493) x 9 0x00c65cc9
core   0: 0x8000c6ac (0x00000013) nop
core   0: 3 0x8000c6ac (0x00000013)
core   0: 0x8000c6b0 (0x05f4c063) blt     s1, t6, pc + 64
core   0: 3 0x8000c6b0 (0x05f4c063)
core   0: 0x8000c6b4 (0x014dce63) blt     s11, s4, pc + 28
core   0: 3 0x8000c6b4 (0x014dce63)
core   0: 0x8000c6d0 (0x00b36863) bltu    t1, a1, pc + 16
core   0: 3 0x8000c6d0 (0x00b36863)
core   0: 0x8000c6e0 (0x40570fb3) sub     t6, a4, t0
core   0: 3 0x8000c6e0 (0x40570fb3) x31 0xe32c135b
core   0: 0x8000c6e4 (0x3ac98793) addi    a5, s3, 940
core   0: 3 0x8000c6e4 (0x3ac98793) x15 0x00000494
core   0: 0x8000c6e8 (0x0ff0000f) fence   iorw,iorw
core   0: 3 0x8000c6e8 (0x0ff0000f)
core   0: 0x8000c6ec (0x00000013) nop
core   0: 3 0x8000c6ec (0x00000013)
core   0: 0x8000c6f0 (0xecf10913) addi    s2, sp, -305
core   0: 3 0x8000c6f0 (0xecf10913) x18 0x80028bb3
core   0: 0x8000c6f4 (0x4ccaf197) auipc   gp, 0x4ccaf
core   0: 3 0x8000c6f4 (0x4ccaf197) x 3 0xcccbb6f4
core   0: 0x8000c6f8 (0x947d8793) addi    a5, s11, -1721
core   0: 3 0x8000c6f8 (0x947d8793) x15 0x06831cfb
core   0: 0x8000c6fc (0x00a5a7b3) slt     a5, a1, a0
core   0: 3 0x8000c6fc (0x00a5a7b3) x15 0x00000001
core   0: 0x8000c700 (0x0083d233) srl     tp, t2, s0
core   0: 3 0x8000c700 (0x0083d233) x 4 0x00000000
core   0: 0x8000c704 (0x008da7b3) slt     a5, s11, s0
core   0: 3 0x8000c704 (0x008da7b3) x15 0x00000001
core   0: 0x8000c708 (0x01925413) srli    s0, tp, 25
core   0: 3 0x8000c708 (0x01925413) x 8 0x00000000
core   0: 0x8000c70c (0x04917863) bgeu    sp, s1, pc + 80
core   0: 3 0x8000c70c (0x04917863)
core   0: 0x8000c75c (0x084b8063) beq     s7, tp, pc + 128
core   0: 3 0x8000c75c (0x084b8063)
core   0: 0x8000c760 (0x41ba8433) sub     s0, s5, s11
core   0: 3 0x8000c760 (0x41ba8433) x 8 0xf9ab4118
core   0: 0x8000c764 (0xffd00a93) li      s5, -3
core   0: 3 0x8000c764 (0xffd00a93) x21 0xfffffffd
core   0: 0x8000c768 (0x1b7ba413) slti    s0, s7, 439
core   0: 3 0x8000c768 (0x1b7ba413) x 8 0x00000000
core   0: 0x8000c76c (0x00000013) nop
core   0: 3 0x8000c76c (0x00000013)
core   0: 0x8000c770 (0xce0c6413) ori     s0, s8, -800
core   0: 3 0x8000c770 (0xce0c6413) x 8 0xfffffffd
core   0: 0x8000c774 (0x00000013) nop
core   0: 3 0x8000c774 (0x00000013)
core   0: 0x8000c778 (0x00889193) slli    gp, a7, 8
core   0: 3 0x8000c778 (0x00889193) x 3 0x2e64cc00
core   0: 0x8000c77c (0x40ab02b3) sub     t0, s6, a0
core   0: 3 0x8000c77c (0x40ab02b3) x 5 0x80000200
core   0: 0x8000c780 (0x0083d913) srli    s2, t2, 8
core   0: 3 0x8000c780 (0x0083d913) x18 0x00000000
core   0: 0x8000c784 (0x0b73a013) slti    zero, t2, 183
core   0: 3 0x8000c784 (0x0b73a013)
core   0: 0x8000c788 (0x01d391b3) sll     gp, t2, t4
core   0: 3 0x8000c788 (0x01d391b3) x 3 0x00000000
core   0: 0x8000c78c (0x3a223b13) sltiu   s6, tp, 930
core   0: 3 0x8000c78c (0x3a223b13) x22 0x00000001
core   0: 0x8000c790 (0x84efcd93) xori    s11, t6, -1970
core   0: 3 0x8000c790 (0x84efcd93) x27 0x1cd3eb15
core   0: 0x8000c794 (0xffa00f13) li      t5, -6
core   0: 3 0x8000c794 (0xffa00f13) x30 0xfffffffa
core   0: 0x8000c798 (0x417dd2b3) sra     t0, s11, s7
core   0: 3 0x8000c798 (0x417dd2b3) x 5 0x000000e6
core   0: 0x8000c79c (0x017f89b3) add     s3, t6, s7
core   0: 3 0x8000c79c (0x017f89b3) x19 0xe9af3710
core   0: 0x8000c7a0 (0xfcc52793) slti    a5, a0, -52
core   0: 3 0x8000c7a0 (0xfcc52793) x15 0x00000000
core   0: 0x8000c7a4 (0xf0e2b193) sltiu   gp, t0, -242
core   0: 3 0x8000c7a4 (0xf0e2b193) x 3 0x00000001
core   0: 0x8000c7a8 (0x0032a0b3) slt     ra, t0, gp
core   0: 3 0x8000c7a8 (0x0032a0b3) x 1 0x00000000
core   0: 0x8000c7ac (0x000ada13) srli    s4, s5, 0
core   0: 3 0x8000c7ac (0x000ada13) x20 0xfffffffd
core   0: 0x8000c7b0 (0x41bcd0b3) sra     ra, s9, s11
core   0: 3 0x8000c7b0 (0x41bcd0b3) x 1 0x00000000
core   0: 0x8000c7b4 (0x417e8233) sub     tp, t4, s7
core   0: 3 0x8000c7b4 (0x417e8233) x 4 0xffffffff
core   0: 0x8000c7b8 (0x0065ac33) slt     s8, a1, t1
core   0: 3 0x8000c7b8 (0x0065ac33) x24 0x00000001
core   0: 0x8000c7bc (0x0ff0000f) fence   iorw,iorw
core   0: 3 0x8000c7bc (0x0ff0000f)
core   0: 0x8000c7c0 (0x0000100f) fence.i
core   0: 3 0x8000c7c0 (0x0000100f)
core   0: 0x8000c7c4 (0x0ff0000f) fence   iorw,iorw
core   0: 3 0x8000c7c4 (0x0ff0000f)
core   0: 0x8000c7c8 (0xffda8a93) addi    s5, s5, -3
core   0: 3 0x8000c7c8 (0xffda8a93) x21 0xfffffffa
core   0: 0x8000c7cc (0x6b38f393) andi    t2, a7, 1715
core   0: 3 0x8000c7cc (0x6b38f393) x 7 0x00000480
core   0: 0x8000c7d0 (0x01624533) xor     a0, tp, s6
core   0: 3 0x8000c7d0 (0x01624533) x10 0xfffffffe
core   0: 0x8000c7d4 (0xfdea98e3) bne     s5, t5, pc - 48
core   0: 3 0x8000c7d4 (0xfdea98e3)
core   0: 0x8000c7d8 (0x5c9da313) slti    t1, s11, 1481
core   0: 3 0x8000c7d8 (0x5c9da313) x 6 0x00000000
core   0: 0x8000c7dc (0x40965a93) srai    s5, a2, 9
core   0: 3 0x8000c7dc (0x40965a93) x21 0xffc00127
core   0: 0x8000c7e0 (0x7455b093) sltiu   ra, a1, 1861
core   0: 3 0x8000c7e0 (0x7455b093) x 1 0x00000000
core   0: 0x8000c7e4 (0x01c6d913) srli    s2, a3, 28
core   0: 3 0x8000c7e4 (0x01c6d913) x18 0x00000000
core   0: 0x8000c7e8 (0x0ff0000f) fence   iorw,iorw
core   0: 3 0x8000c7e8 (0x0ff0000f)
core   0: 0x8000c7ec (0x007d9c13) slli    s8, s11, 7
core   0: 3 0x8000c7ec (0x007d9c13) x24 0x69f58a80
core   0: 0x8000c7f0 (0x4120dd93) srai    s11, ra, 18
core   0: 3 0x8000c7f0 (0x4120dd93) x27 0x00000000
core   0: 0x8000c7f4 (0x0f5be713) ori     a4, s7, 245
core   0: 3 0x8000c7f4 (0x0f5be713) x14 0x068323f5
core   0: 0x8000c7f8 (0x0ff0000f) fence   iorw,iorw
core   0: 3 0x8000c7f8 (0x0ff0000f)
core   0: 0x8000c7fc (0x063f5497) auipc   s1, 0x63f5
core   0: 3 0x8000c7fc (0x063f5497) x 9 0x864017fc
core   0: 0x8000c800 (0x071a6e63) bltu    s4, a7, pc + 124
core   0: 3 0x8000c800 (0x071a6e63)
core   0: 0x8000c804 (0xa1657b93) andi    s7, a0, -1514
core   0: 3 0x8000c804 (0xa1657b93) x23 0xfffffa16
core   0: 0x8000c808 (0xffb00713) li      a4, -5
core   0: 3 0x8000c808 (0xffb00713) x14 0xfffffffb
core   0: 0x8000c80c (0xffe00a93) li      s5, -2
core   0: 3 0x8000c80c (0xffe00a93) x21 0xfffffffe
core   0: 0x8000c810 (0x0025cdb3) xor     s11, a1, sp
core   0: 3 0x8000c810 (0x0025cdb3) x27 0x00028ce4
core   0: 0x8000c814 (0x5cfce093) ori     ra, s9, 1487
core   0: 3 0x8000c814 (0x5cfce093) x 1 0x000005cf
core   0: 0x8000c818 (0x00370713) addi    a4, a4, 3
core   0: 3 0x8000c818 (0x00370713) x14 0xfffffffe
core   0: 0x8000c81c (0x00100993) li      s3, 1
core   0: 3 0x8000c81c (0x00100993) x19 0x00000001
core   0: 0x8000c820 (0xff300793) li      a5, -13
core   0: 3 0x8000c820 (0xff300793) x15 0xfffffff3
core   0: 0x8000c824 (0x01a7c3b3) xor     t2, a5, s10
core   0: 3 0x8000c824 (0x01a7c3b3) x 7 0x9cd19b3f
core   0: 0x8000c828 (0x01a2e933) or      s2, t0, s10
core   0: 3 0x8000c828 (0x01a2e933) x18 0x632e64ee
core   0: 0x8000c82c (0x00000013) nop
core   0: 3 0x8000c82c (0x00000013)
core   0: 0x8000c830 (0xfff98993) addi    s3, s3, -1
core   0: 3 0x8000c830 (0xfff98993) x19 0x00000000
core   0: 0x8000c834 (0xdc9bfe93) andi    t4, s7, -567
core   0: 3 0x8000c834 (0xdc9bfe93) x29 0xfffff800
core   0: 0x8000c838 (0xfef9d8e3) bge     s3, a5, pc - 16
core   0: 3 0x8000c838 (0xfef9d8e3)
core   0: 0x8000c828 (0x01a2e933) or      s2, t0, s10
core   0: 3 0x8000c828 (0x01a2e933) x18 0x632e64ee
core   0: 0x8000c82c (0x00000013) nop
core   0: 3 0x8000c82c (0x00000013)
core   0: 0x8000c830 (0xfff98993) addi    s3, s3, -1
core   0: 3 0x8000c830 (0xfff98993) x19 0xffffffff
core   0: 0x8000c834 (0xdc9bfe93) andi    t4, s7, -567
core   0: 3 0x8000c834 (0xdc9bfe93) x29 0xfffff800
core   0: 0x8000c838 (0xfef9d8e3) bge     s3, a5, pc - 16
core   0: 3 0x8000c838 (0xfef9d8e3)
core   0: 0x8000c828 (0x01a2e933) or      s2, t0, s10
core   0: 3 0x8000c828 (0x01a2e933) x18 0x632e64ee
core   0: 0x8000c82c (0x00000013) nop
core   0: 3 0x8000c82c (0x00000013)
core   0: 0x8000c830 (0xfff98993) addi    s3, s3, -1
core   0: 3 0x8000c830 (0xfff98993) x19 0xfffffffe
core   0: 0x8000c834 (0xdc9bfe93) andi    t4, s7, -567
core   0: 3 0x8000c834 (0xdc9bfe93) x29 0xfffff800
core   0: 0x8000c838 (0xfef9d8e3) bge     s3, a5, pc - 16
core   0: 3 0x8000c838 (0xfef9d8e3)
core   0: 0x8000c828 (0x01a2e933) or      s2, t0, s10
core   0: 3 0x8000c828 (0x01a2e933) x18 0x632e64ee
core   0: 0x8000c82c (0x00000013) nop
core   0: 3 0x8000c82c (0x00000013)
core   0: 0x8000c830 (0xfff98993) addi    s3, s3, -1
core   0: 3 0x8000c830 (0xfff98993) x19 0xfffffffd
core   0: 0x8000c834 (0xdc9bfe93) andi    t4, s7, -567
core   0: 3 0x8000c834 (0xdc9bfe93) x29 0xfffff800
core   0: 0x8000c838 (0xfef9d8e3) bge     s3, a5, pc - 16
core   0: 3 0x8000c838 (0xfef9d8e3)
core   0: 0x8000c828 (0x01a2e933) or      s2, t0, s10
core   0: 3 0x8000c828 (0x01a2e933) x18 0x632e64ee
core   0: 0x8000c82c (0x00000013) nop
core   0: 3 0x8000c82c (0x00000013)
core   0: 0x8000c830 (0xfff98993) addi    s3, s3, -1
core   0: 3 0x8000c830 (0xfff98993) x19 0xfffffffc
core   0: 0x8000c834 (0xdc9bfe93) andi    t4, s7, -567
core   0: 3 0x8000c834 (0xdc9bfe93) x29 0xfffff800
core   0: 0x8000c838 (0xfef9d8e3) bge     s3, a5, pc - 16
core   0: 3 0x8000c838 (0xfef9d8e3)
core   0: 0x8000c828 (0x01a2e933) or      s2, t0, s10
core   0: 3 0x8000c828 (0x01a2e933) x18 0x632e64ee
core   0: 0x8000c82c (0x00000013) nop
core   0: 3 0x8000c82c (0x00000013)
core   0: 0x8000c830 (0xfff98993) addi    s3, s3, -1
core   0: 3 0x8000c830 (0xfff98993) x19 0xfffffffb
core   0: 0x8000c834 (0xdc9bfe93) andi    t4, s7, -567
core   0: 3 0x8000c834 (0xdc9bfe93) x29 0xfffff800
core   0: 0x8000c838 (0xfef9d8e3) bge     s3, a5, pc - 16
core   0: 3 0x8000c838 (0xfef9d8e3)
core   0: 0x8000c828 (0x01a2e933) or      s2, t0, s10
core   0: 3 0x8000c828 (0x01a2e933) x18 0x632e64ee
core   0: 0x8000c82c (0x00000013) nop
core   0: 3 0x8000c82c (0x00000013)
core   0: 0x8000c830 (0xfff98993) addi    s3, s3, -1
core   0: 3 0x8000c830 (0xfff98993) x19 0xfffffffa
core   0: 0x8000c834 (0xdc9bfe93) andi    t4, s7, -567
core   0: 3 0x8000c834 (0xdc9bfe93) x29 0xfffff800
core   0: 0x8000c838 (0xfef9d8e3) bge     s3, a5, pc - 16
core   0: 3 0x8000c838 (0xfef9d8e3)
core   0: 0x8000c828 (0x01a2e933) or      s2, t0, s10
core   0: 3 0x8000c828 (0x01a2e933) x18 0x632e64ee
core   0: 0x8000c82c (0x00000013) nop
core   0: 3 0x8000c82c (0x00000013)
core   0: 0x8000c830 (0xfff98993) addi    s3, s3, -1
core   0: 3 0x8000c830 (0xfff98993) x19 0xfffffff9
core   0: 0x8000c834 (0xdc9bfe93) andi    t4, s7, -567
core   0: 3 0x8000c834 (0xdc9bfe93) x29 0xfffff800
core   0: 0x8000c838 (0xfef9d8e3) bge     s3, a5, pc - 16
core   0: 3 0x8000c838 (0xfef9d8e3)
core   0: 0x8000c828 (0x01a2e933) or      s2, t0, s10
core   0: 3 0x8000c828 (0x01a2e933) x18 0x632e64ee
core   0: 0x8000c82c (0x00000013) nop
core   0: 3 0x8000c82c (0x00000013)
core   0: 0x8000c830 (0xfff98993) addi    s3, s3, -1
core   0: 3 0x8000c830 (0xfff98993) x19 0xfffffff8
core   0: 0x8000c834 (0xdc9bfe93) andi    t4, s7, -567
core   0: 3 0x8000c834 (0xdc9bfe93) x29 0xfffff800
core   0: 0x8000c838 (0xfef9d8e3) bge     s3, a5, pc - 16
core   0: 3 0x8000c838 (0xfef9d8e3)
core   0: 0x8000c828 (0x01a2e933) or      s2, t0, s10
core   0: 3 0x8000c828 (0x01a2e933) x18 0x632e64ee
core   0: 0x8000c82c (0x00000013) nop
core   0: 3 0x8000c82c (0x00000013)
core   0: 0x8000c830 (0xfff98993) addi    s3, s3, -1
core   0: 3 0x8000c830 (0xfff98993) x19 0xfffffff7
core   0: 0x8000c834 (0xdc9bfe93) andi    t4, s7, -567
core   0: 3 0x8000c834 (0xdc9bfe93) x29 0xfffff800
core   0: 0x8000c838 (0xfef9d8e3) bge     s3, a5, pc - 16
core   0: 3 0x8000c838 (0xfef9d8e3)
core   0: 0x8000c828 (0x01a2e933) or      s2, t0, s10
core   0: 3 0x8000c828 (0x01a2e933) x18 0x632e64ee
core   0: 0x8000c82c (0x00000013) nop
core   0: 3 0x8000c82c (0x00000013)
core   0: 0x8000c830 (0xfff98993) addi    s3, s3, -1
core   0: 3 0x8000c830 (0xfff98993) x19 0xfffffff6
core   0: 0x8000c834 (0xdc9bfe93) andi    t4, s7, -567
core   0: 3 0x8000c834 (0xdc9bfe93) x29 0xfffff800
core   0: 0x8000c838 (0xfef9d8e3) bge     s3, a5, pc - 16
core   0: 3 0x8000c838 (0xfef9d8e3)
core   0: 0x8000c828 (0x01a2e933) or      s2, t0, s10
core   0: 3 0x8000c828 (0x01a2e933) x18 0x632e64ee
core   0: 0x8000c82c (0x00000013) nop
core   0: 3 0x8000c82c (0x00000013)
core   0: 0x8000c830 (0xfff98993) addi    s3, s3, -1
core   0: 3 0x8000c830 (0xfff98993) x19 0xfffffff5
core   0: 0x8000c834 (0xdc9bfe93) andi    t4, s7, -567
core   0: 3 0x8000c834 (0xdc9bfe93) x29 0xfffff800
core   0: 0x8000c838 (0xfef9d8e3) bge     s3, a5, pc - 16
core   0: 3 0x8000c838 (0xfef9d8e3)
core   0: 0x8000c828 (0x01a2e933) or      s2, t0, s10
core   0: 3 0x8000c828 (0x01a2e933) x18 0x632e64ee
core   0: 0x8000c82c (0x00000013) nop
core   0: 3 0x8000c82c (0x00000013)
core   0: 0x8000c830 (0xfff98993) addi    s3, s3, -1
core   0: 3 0x8000c830 (0xfff98993) x19 0xfffffff4
core   0: 0x8000c834 (0xdc9bfe93) andi    t4, s7, -567
core   0: 3 0x8000c834 (0xdc9bfe93) x29 0xfffff800
core   0: 0x8000c838 (0xfef9d8e3) bge     s3, a5, pc - 16
core   0: 3 0x8000c838 (0xfef9d8e3)
core   0: 0x8000c828 (0x01a2e933) or      s2, t0, s10
core   0: 3 0x8000c828 (0x01a2e933) x18 0x632e64ee
core   0: 0x8000c82c (0x00000013) nop
core   0: 3 0x8000c82c (0x00000013)
core   0: 0x8000c830 (0xfff98993) addi    s3, s3, -1
core   0: 3 0x8000c830 (0xfff98993) x19 0xfffffff3
core   0: 0x8000c834 (0xdc9bfe93) andi    t4, s7, -567
core   0: 3 0x8000c834 (0xdc9bfe93) x29 0xfffff800
core   0: 0x8000c838 (0xfef9d8e3) bge     s3, a5, pc - 16
core   0: 3 0x8000c838 (0xfef9d8e3)
core   0: 0x8000c828 (0x01a2e933) or      s2, t0, s10
core   0: 3 0x8000c828 (0x01a2e933) x18 0x632e64ee
core   0: 0x8000c82c (0x00000013) nop
core   0: 3 0x8000c82c (0x00000013)
core   0: 0x8000c830 (0xfff98993) addi    s3, s3, -1
core   0: 3 0x8000c830 (0xfff98993) x19 0xfffffff2
core   0: 0x8000c834 (0xdc9bfe93) andi    t4, s7, -567
core   0: 3 0x8000c834 (0xdc9bfe93) x29 0xfffff800
core   0: 0x8000c838 (0xfef9d8e3) bge     s3, a5, pc - 16
core   0: 3 0x8000c838 (0xfef9d8e3)
core   0: 0x8000c83c (0xfd571ce3) bne     a4, s5, pc - 40
core   0: 3 0x8000c83c (0xfd571ce3)
core   0: 0x8000c840 (0x00b39db3) sll     s11, t2, a1
core   0: 3 0x8000c840 (0x00b39db3) x27 0x9cd19b3f
core   0: 0x8000c844 (0x751bec13) ori     s8, s7, 1873
core   0: 3 0x8000c844 (0x751bec13) x24 0xffffff57
core   0: 0x8000c848 (0x408adf13) srai    t5, s5, 8
core   0: 3 0x8000c848 (0x408adf13) x30 0xffffffff
core   0: 0x8000c84c (0x01309a63) bne     ra, s3, pc + 20
core   0: 3 0x8000c84c (0x01309a63)
core   0: 0x8000c860 (0x42c73a93) sltiu   s5, a4, 1068
core   0: 3 0x8000c860 (0x42c73a93) x21 0x00000000
core   0: 0x8000c864 (0x0418f863) bgeu    a7, ra, pc + 80
core   0: 3 0x8000c864 (0x0418f863)
core   0: 0x8000c8b4 (0x01b858b3) srl     a7, a6, s11
core   0: 3 0x8000c8b4 (0x01b858b3) x17 0x00000000
core   0: 0x8000c8b8 (0x0000100f) fence.i
core   0: 3 0x8000c8b8 (0x0000100f)
core   0: 0x8000c8bc (0x00c94833) xor     a6, s2, a2
core   0: 3 0x8000c8bc (0x00c94833) x16 0xe32c2ac2
core   0: 0x8000c8c0 (0xa5d8ac97) auipc   s9, 0xa5d8a
core   0: 3 0x8000c8c0 (0xa5d8ac97) x25 0x25d968c0
core   0: 0x8000c8c4 (0x0085f433) and     s0, a1, s0
core   0: 3 0x8000c8c4 (0x0085f433) x 8 0x80000000
core   0: 0x8000c8c8 (0x09043217) auipc   tp, 0x9043
core   0: 3 0x8000c8c8 (0x09043217) x 4 0x8904f8c8
core   0: 0x8000c8cc (0xd9514213) xori    tp, sp, -619
core   0: 3 0x8000c8cc (0xd9514213) x 4 0x7ffd7171
core   0: 0x8000c8d0 (0x01f076b3) and     a3, zero, t6
core   0: 3 0x8000c8d0 (0x01f076b3) x13 0x00000000
core   0: 0x8000c8d4 (0x00419f93) slli    t6, gp, 4
core   0: 3 0x8000c8d4 (0x00419f93) x31 0x00000010
core   0: 0x8000c8d8 (0x001cdb93) srli    s7, s9, 1
core   0: 3 0x8000c8d8 (0x001cdb93) x23 0x12ecb460
core   0: 0x8000c8dc (0x01ebe4b3) or      s1, s7, t5
core   0: 3 0x8000c8dc (0x01ebe4b3) x 9 0xffffffff
core   0: 0x8000c8e0 (0x0000100f) fence.i
core   0: 3 0x8000c8e0 (0x0000100f)
core   0: 0x8000c8e4 (0x01763fb3) sltu    t6, a2, s7
core   0: 3 0x8000c8e4 (0x01763fb3) x31 0x00000000
core   0: 0x8000c8e8 (0x0025de13) srli    t3, a1, 2
core   0: 3 0x8000c8e8 (0x0025de13) x28 0x20000000
core   0: 0x8000c8ec (0x00000013) nop
core   0: 3 0x8000c8ec (0x00000013)
core   0: 0x8000c8f0 (0x406d5233) sra     tp, s10, t1
core   0: 3 0x8000c8f0 (0x406d5233) x 4 0x632e64cc
core   0: 0x8000c8f4 (0x0ff0000f) fence   iorw,iorw
core   0: 3 0x8000c8f4 (0x0ff0000f)
core   0: 0x8000c8f8 (0x09fab493) sltiu   s1, s5, 159
core   0: 3 0x8000c8f8 (0x09fab493) x 9 0x00000001
core   0: 0x8000c8fc (0x00c95863) bge     s2, a2, pc + 16
core   0: 3 0x8000c8fc (0x00c95863)
core   0: 0x8000c90c (0x012e1fb3) sll     t6, t3, s2
core   0: 3 0x8000c90c (0x012e1fb3) x31 0x00000000
core   0: 0x8000c910 (0x012409b3) add     s3, s0, s2
core   0: 3 0x8000c910 (0x012409b3) x19 0xe32e64ee
core   0: 0x8000c914 (0x00b3dd13) srli    s10, t2, 11
core   0: 3 0x8000c914 (0x00b3dd13) x26 0x00139a33
core   0: 0x8000c918 (0x07347c93) andi    s9, s0, 115
core   0: 3 0x8000c918 (0x07347c93) x25 0x00000000
core   0: 0x8000c91c (0x00358a33) add     s4, a1, gp
core   0: 3 0x8000c91c (0x00358a33) x20 0x80000001
core   0: 0x8000c920 (0x7e487e17) auipc   t3, 0x7e487
core   0: 3 0x8000c920 (0x7e487e17) x28 0xfe493920
core   0: 0x8000c924 (0x01c1da13) srli    s4, gp, 28
core   0: 3 0x8000c924 (0x01c1da13) x20 0x00000000
core   0: 0x8000c928 (0x02a66063) bltu    a2, a0, pc + 32
core   0: 3 0x8000c928 (0x02a66063)
core   0: 0x8000c948 (0x00000013) nop
core   0: 3 0x8000c948 (0x00000013)
core   0: 0x8000c94c (0x37f4eb17) auipc   s6, 0x37f4e
core   0: 3 0x8000c94c (0x37f4eb17) x22 0xb7f5a94c
core   0: 0x8000c950 (0x1c923813) sltiu   a6, tp, 457
core   0: 3 0x8000c950 (0x1c923813) x16 0x00000000
core   0: 0x8000c954 (0x04398063) beq     s3, gp, pc + 64
core   0: 3 0x8000c954 (0x04398063)
core   0: 0x8000c958 (0x0ff0000f) fence   iorw,iorw
core   0: 3 0x8000c958 (0x0ff0000f)
core   0: 0x8000c95c (0x5c183213) sltiu   tp, a6, 1473
core   0: 3 0x8000c95c (0x5c183213) x 4 0x00000001
core   0: 0x8000c960 (0x0ff0000f) fence   iorw,iorw
core   0: 3 0x8000c960 (0x0ff0000f)
core   0: 0x8000c964 (0x04058063) beqz    a1, pc + 64
core   0: 3 0x8000c964 (0x04058063)
core   0: 0x8000c968 (0xa31f0293) addi    t0, t5, -1487
core   0: 3 0x8000c968 (0xa31f0293) x 5 0xfffffa30
core   0: 0x8000c96c (0x01b45c63) bge     s0, s11, pc + 24
core   0: 3 0x8000c96c (0x01b45c63)
core   0: 0x8000c970 (0x00829a33) sll     s4, t0, s0
core   0: 3 0x8000c970 (0x00829a33) x20 0xfffffa30
core   0: 0x8000c974 (0x02dc8e63) beq     s9, a3, pc + 60
core   0: 3 0x8000c974 (0x02dc8e63)
core   0: 0x8000c9b0 (0xc31dc413) xori    s0, s11, -975
core   0: 3 0x8000c9b0 (0xc31dc413) x 8 0x632e670e
core   0: 0x8000c9b4 (0x0000100f) fence.i
core   0: 3 0x8000c9b4 (0x0000100f)
core   0: 0x8000c9b8 (0x005a0b33) add     s6, s4, t0
core   0: 3 0x8000c9b8 (0x005a0b33) x22 0xfffff460
core   0: 0x8000c9bc (0x01445d13) srli    s10, s0, 20
core   0: 3 0x8000c9bc (0x01445d13) x26 0x00000632
core   0: 0x8000c9c0 (0x01cb7233) and     tp, s6, t3
core   0: 3 0x8000c9c0 (0x01cb7233) x 4 0xfe493020
core   0: 0x8000c9c4 (0x97b4b893) sltiu   a7, s1, -1669
core   0: 3 0x8000c9c4 (0x97b4b893) x17 0x00000001
core   0: 0x8000c9c8 (0x00dbec33) or      s8, s7, a3
core   0: 3 0x8000c9c8 (0x00dbec33) x24 0x12ecb460
core   0: 0x8000c9cc (0x403fdc13) srai    s8, t6, 3
core   0: 3 0x8000c9cc (0x403fdc13) x24 0x00000000
core   0: 0x8000c9d0 (0xbbc7be17) auipc   t3, 0xbbc7b
core   0: 3 0x8000c9d0 (0xbbc7be17) x28 0x3bc879d0
core   0: 0x8000c9d4 (0x01aa29b3) slt     s3, s4, s10
core   0: 3 0x8000c9d4 (0x01aa29b3) x19 0x00000001
core   0: 0x8000c9d8 (0x40200433) sub     s0, zero, sp
core   0: 3 0x8000c9d8 (0x40200433) x 8 0x7ffd731c
core   0: 0x8000c9dc (0x01059663) bne     a1, a6, pc + 12
core   0: 3 0x8000c9dc (0x01059663)
core   0: 0x8000c9e8 (0x059b8463) beq     s7, s9, pc + 72
core   0: 3 0x8000c9e8 (0x059b8463)
core   0: 0x8000c9ec (0x6927eeb7) lui     t4, 0x6927e
core   0: 3 0x8000c9ec (0x6927eeb7) x29 0x6927e000
core   0: 0x8000c9f0 (0x00cf24b3) slt     s1, t5, a2
core   0: 3 0x8000c9f0 (0x00cf24b3) x 9 0x00000000
core   0: 0x8000c9f4 (0x00e4ceb3) xor     t4, s1, a4
core   0: 3 0x8000c9f4 (0x00e4ceb3) x29 0xfffffffe
core   0: 0x8000c9f8 (0x379bb213) sltiu   tp, s7, 889
core   0: 3 0x8000c9f8 (0x379bb213) x 4 0x00000000
core   0: 0x8000c9fc (0x0120ea63) bltu    ra, s2, pc + 20
core   0: 3 0x8000c9fc (0x0120ea63)
core   0: 0x8000ca10 (0x4c28b313) sltiu   t1, a7, 1218
core   0: 3 0x8000ca10 (0x4c28b313) x 6 0x00000001
core   0: 0x8000ca14 (0x415f5693) srai    a3, t5, 21
core   0: 3 0x8000ca14 (0x415f5693) x13 0xffffffff
core   0: 0x8000ca18 (0x003f1933) sll     s2, t5, gp
core   0: 3 0x8000ca18 (0x003f1933) x18 0xfffffffe
core   0: 0x8000ca1c (0x00501c93) slli    s9, zero, 5
core   0: 3 0x8000ca1c (0x00501c93) x25 0x00000000
core   0: 0x8000ca20 (0x0001e263) bltu    gp, zero, pc + 4
core   0: 3 0x8000ca20 (0x0001e263)
core   0: 0x8000ca24 (0x01014eb3) xor     t4, sp, a6
core   0: 3 0x8000ca24 (0x01014eb3) x29 0x80028ce4
core   0: 0x8000ca28 (0x39f5df17) auipc   t5, 0x39f5d
core   0: 3 0x8000ca28 (0x39f5df17) x30 0xb9f69a28
core   0: 0x8000ca2c (0x00a77863) bgeu    a4, a0, pc + 16
core   0: 3 0x8000ca2c (0x00a77863)
core   0: 0x8000ca3c (0x006f1a63) bne     t5, t1, pc + 20
core   0: 3 0x8000ca3c (0x006f1a63)
core   0: 0x8000ca50 (0x280fd817) auipc   a6, 0x280fd
core   0: 3 0x8000ca50 (0x280fd817) x16 0xa8109a50
core   0: 0x8000ca54 (0x01cc9eb3) sll     t4, s9, t3
core   0: 3 0x8000ca54 (0x01cc9eb3) x29 0x00000000
core   0: 0x8000ca58 (0x01906ab3) or      s5, zero, s9
core   0: 3 0x8000ca58 (0x01906ab3) x21 0x00000000
core   0: 0x8000ca5c (0xd8803f13) sltiu   t5, zero, -632
core   0: 3 0x8000ca5c (0xd8803f13) x30 0x00000001
core   0: 0x8000ca60 (0x00000013) nop
core   0: 3 0x8000ca60 (0x00000013)
core   0: 0x8000ca64 (0x00620533) add     a0, tp, t1
core   0: 3 0x8000ca64 (0x00620533) x10 0x00000001
core   0: 0x8000ca68 (0x3254ce13) xori    t3, s1, 805
core   0: 3 0x8000ca68 (0x3254ce13) x28 0x00000325
core   0: 0x8000ca6c (0x4e1f8393) addi    t2, t6, 1249
core   0: 3 0x8000ca6c (0x4e1f8393) x 7 0x000004e1
core   0: 0x8000ca70 (0x83500a13) li      s4, -1995
core   0: 3 0x8000ca70 (0x83500a13) x20 0xfffff835
core   0: 0x8000ca74 (0x01a91c93) slli    s9, s2, 26
core   0: 3 0x8000ca74 (0x01a91c93) x25 0xf8000000
core   0: 0x8000ca78 (0x00596e33) or      t3, s2, t0
core   0: 3 0x8000ca78 (0x00596e33) x28 0xfffffffe
core   0: 0x8000ca7c (0x36272d97) auipc   s11, 0x36272
core   0: 3 0x8000ca7c (0x36272d97) x27 0xb627ea7c
core   0: 0x8000ca80 (0x01385c63) bge     a6, s3, pc + 24
core   0: 3 0x8000ca80 (0x01385c63)
core   0: 0x8000ca84 (0x0000100f) fence.i
core   0: 3 0x8000ca84 (0x0000100f)
core   0: 0x8000ca88 (0xe14b3c13) sltiu   s8, s6, -492
core   0: 3 0x8000ca88 (0xe14b3c13) x24 0x00000001
core   0: 0x8000ca8c (0x408b5c93) srai    s9, s6, 8
core   0: 3 0x8000ca8c (0x408b5c93) x25 0xfffffff4
core   0: 0x8000ca90 (0x0046d013) srli    zero, a3, 4
core   0: 3 0x8000ca90 (0x0046d013)
core   0: 0x8000ca94 (0x02745a63) bge     s0, t2, pc + 52
core   0: 3 0x8000ca94 (0x02745a63)
core   0: 0x8000cac8 (0x0086d6b3) srl     a3, a3, s0
core   0: 3 0x8000cac8 (0x0086d6b3) x13 0x0000000f
core   0: 0x8000cacc (0x4163d893) srai    a7, t2, 22
core   0: 3 0x8000cacc (0x4163d893) x17 0x00000000
core   0: 0x8000cad0 (0x019d8ab3) add     s5, s11, s9
core   0: 3 0x8000cad0 (0x019d8ab3) x21 0xb627ea70
core   0: 0x8000cad4 (0x01d606b3) add     a3, a2, t4
core   0: 3 0x8000cad4 (0x01d606b3) x13 0x80024e2c
core   0: 0x8000cad8 (0xdc43b313) sltiu   t1, t2, -572
core   0: 3 0x8000cad8 (0xdc43b313) x 6 0x00000001
core   0: 0x8000cadc (0x84d26093) ori     ra, tp, -1971
core   0: 3 0x8000cadc (0x84d26093) x 1 0xfffff84d
core   0: 0x8000cae0 (0x0581e863) bltu    gp, s8, pc + 80
core   0: 3 0x8000cae0 (0x0581e863)
core   0: 0x8000cae4 (0x01205c63) bge     zero, s2, pc + 24
core   0: 3 0x8000cae4 (0x01205c63)
core   0: 0x8000cafc (0x00000013) nop
core   0: 3 0x8000cafc (0x00000013)
core   0: 0x8000cb00 (0x00e18033) add     zero, gp, a4
core   0: 3 0x8000cb00 (0x00e18033)
core   0: 0x8000cb04 (0x6bf9a537) lui     a0, 0x6bf9a
core   0: 3 0x8000cb04 (0x6bf9a537) x10 0x6bf9a000
core   0: 0x8000cb08 (0x01301d93) slli    s11, zero, 19
core   0: 3 0x8000cb08 (0x01301d93) x27 0x00000000
core   0: 0x8000cb0c (0xda762937) lui     s2, 0xda762
core   0: 3 0x8000cb0c (0xda762937) x18 0xda762000
core   0: 0x8000cb10 (0xc9547e13) andi    t3, s0, -875
core   0: 3 0x8000cb10 (0xc9547e13) x28 0x7ffd7014
core   0: 0x8000cb14 (0xf5d9c513) xori    a0, s3, -163
core   0: 3 0x8000cb14 (0xf5d9c513) x10 0xffffff5c
core   0: 0x8000cb18 (0x5901f393) andi    t2, gp, 1424
core   0: 3 0x8000cb18 (0x5901f393) x 7 0x00000000
core   0: 0x8000cb1c (0x00b1f1b3) and     gp, gp, a1
core   0: 3 0x8000cb1c (0x00b1f1b3) x 3 0x00000000
core   0: 0x8000cb20 (0x004340b3) xor     ra, t1, tp
core   0: 3 0x8000cb20 (0x004340b3) x 1 0x00000001
core   0: 0x8000cb24 (0x01677d33) and     s10, a4, s6
core   0: 3 0x8000cb24 (0x01677d33) x26 0xfffff460
core   0: 0x8000cb28 (0x4038df13) srai    t5, a7, 3
core   0: 3 0x8000cb28 (0x4038df13) x30 0x00000000
core   0: 0x8000cb2c (0x00a9d833) srl     a6, s3, a0
core   0: 3 0x8000cb2c (0x00a9d833) x16 0x00000000
core   0: 0x8000cb30 (0x0105dd93) srli    s11, a1, 16
core   0: 3 0x8000cb30 (0x0105dd93) x27 0x00008000
core   0: 0x8000cb34 (0x5f51e493) ori     s1, gp, 1525
core   0: 3 0x8000cb34 (0x5f51e493) x 9 0x000005f5
core   0: 0x8000cb38 (0x00000013) nop
core   0: 3 0x8000cb38 (0x00000013)
core   0: 0x8000cb3c (0x00da0fb3) add     t6, s4, a3
core   0: 3 0x8000cb3c (0x00da0fb3) x31 0x80024661
core   0: 0x8000cb40 (0x9eb92013) slti    zero, s2, -1557
core   0: 3 0x8000cb40 (0x9eb92013)
core   0: 0x8000cb44 (0xc1f57d13) andi    s10, a0, -993
core   0: 3 0x8000cb44 (0xc1f57d13) x26 0xfffffc1c
core   0: 0x8000cb48 (0x00a377b3) and     a5, t1, a0
core   0: 3 0x8000cb48 (0x00a377b3) x15 0x00000000
core   0: 0x8000cb4c (0x00cfe7b3) or      a5, t6, a2
core   0: 3 0x8000cb4c (0x00cfe7b3) x15 0x80024e6d
core   0: 0x8000cb50 (0x05cd4063) blt     s10, t3, pc + 64
core   0: 3 0x8000cb50 (0x05cd4063)
core   0: 0x8000cb90 (0x41a487b3) sub     a5, s1, s10
core   0: 3 0x8000cb90 (0x41a487b3) x15 0x000009d9
core   0: 0x8000cb94 (0x6ea5bd97) auipc   s11, 0x6ea5b
core   0: 3 0x8000cb94 (0x6ea5bd97) x27 0xeea67b94
core   0: 0x8000cb98 (0x4120dd93) srai    s11, ra, 18
core   0: 3 0x8000cb98 (0x4120dd93) x27 0x00000000
core   0: 0x8000cb9c (0x41a98233) sub     tp, s3, s10
core   0: 3 0x8000cb9c (0x41a98233) x 4 0x000003e5
core   0: 0x8000cba0 (0x01af43b3) xor     t2, t5, s10
core   0: 3 0x8000cba0 (0x01af43b3) x 7 0xfffffc1c
core   0: 0x8000cba4 (0x5932a413) slti    s0, t0, 1427
core   0: 3 0x8000cba4 (0x5932a413) x 8 0x00000001
core   0: 0x8000cba8 (0x0f222e93) slti    t4, tp, 242
core   0: 3 0x8000cba8 (0x0f222e93) x29 0x00000000
core   0: 0x8000cbac (0xa69cf1b7) lui     gp, 0xa69cf
core   0: 3 0x8000cbac (0xa69cf1b7) x 3 0xa69cf000
core   0: 0x8000cbb0 (0x3b27f713) andi    a4, a5, 946
core   0: 3 0x8000cbb0 (0x3b27f713) x14 0x00000190
core   0: 0x8000cbb4 (0x413b8c33) sub     s8, s7, s3
core   0: 3 0x8000cbb4 (0x413b8c33) x24 0x12ecb45f
core   0: 0x8000cbb8 (0x421a3f93) sltiu   t6, s4, 1057
core   0: 3 0x8000cbb8 (0x421a3f93) x31 0x00000000
core   0: 0x8000cbbc (0x40b70933) sub     s2, a4, a1
core   0: 3 0x8000cbbc (0x40b70933) x18 0x80000190
core   0: 0x8000cbc0 (0x00b58033) add     zero, a1, a1
core   0: 3 0x8000cbc0 (0x00b58033)
core   0: 0x8000cbc4 (0x03689e63) bne     a7, s6, pc + 60
core   0: 3 0x8000cbc4 (0x03689e63)
core   0: 0x8000cc00 (0x01040863) beq     s0, a6, pc + 16
core   0: 3 0x8000cc00 (0x01040863)
core   0: 0x8000cc04 (0x7fef8193) addi    gp, t6, 2046
core   0: 3 0x8000cc04 (0x7fef8193) x 3 0x000007fe
core   0: 0x8000cc08 (0x03c95e63) bge     s2, t3, pc + 60
core   0: 3 0x8000cc08 (0x03c95e63)
core   0: 0x8000cc0c (0x016e54b3) srl     s1, t3, s6
core   0: 3 0x8000cc0c (0x016e54b3) x 9 0x7ffd7014
core   0: 0x8000cc10 (0x01cb5fb3) srl     t6, s6, t3
core   0: 3 0x8000cc10 (0x01cb5fb3) x31 0x00000fff
core   0: 0x8000cc14 (0x0482c063) blt     t0, s0, pc + 64
core   0: 3 0x8000cc14 (0x0482c063)
core   0: 0x8000cc54 (0x04006863) bltu    zero, zero, pc + 80
core   0: 3 0x8000cc54 (0x04006863)
core   0: 0x8000cc58 (0x0287dc63) bge     a5, s0, pc + 56
core   0: 3 0x8000cc58 (0x0287dc63)
core   0: 0x8000cc90 (0x01bd47b3) xor     a5, s10, s11
core   0: 3 0x8000cc90 (0x01bd47b3) x15 0xfffffc1c
core   0: 0x8000cc94 (0x5cd2e493) ori     s1, t0, 1485
core   0: 3 0x8000cc94 (0x5cd2e493) x 9 0xfffffffd
core   0: 0x8000cc98 (0x0000100f) fence.i
core   0: 3 0x8000cc98 (0x0000100f)
core   0: 0x8000cc9c (0x014c10b3) sll     ra, s8, s4
core   0: 3 0x8000cc9c (0x014c10b3) x 1 0x8be00000
core   0: 0x8000cca0 (0xc8f94c13) xori    s8, s2, -881
core   0: 3 0x8000cca0 (0xc8f94c13) x24 0x7ffffd1f
core   0: 0x8000cca4 (0x0158c463) blt     a7, s5, pc + 8
core   0: 3 0x8000cca4 (0x0158c463)
core   0: 0x8000cca8 (0x414e5393) srai    t2, t3, 20
core   0: 3 0x8000cca8 (0x414e5393) x 7 0x000007ff
core   0: 0x8000ccac (0x00f06d33) or      s10, zero, a5
core   0: 3 0x8000ccac (0x00f06d33) x26 0xfffffc1c
core   0: 0x8000ccb0 (0x0ff0000f) fence   iorw,iorw
core   0: 3 0x8000ccb0 (0x0ff0000f)
core   0: 0x8000ccb4 (0x01749c33) sll     s8, s1, s7
core   0: 3 0x8000ccb4 (0x01749c33) x24 0xfffffffd
core   0: 0x8000ccb8 (0x00000013) nop
core   0: 3 0x8000ccb8 (0x00000013)
core   0: 0x8000ccbc (0x37316497) auipc   s1, 0x37316
core   0: 3 0x8000ccbc (0x37316497) x 9 0xb7322cbc
core   0: 0x8000ccc0 (0x40c95b33) sra     s6, s2, a2
core   0: 3 0x8000ccc0 (0x40c95b33) x22 0xfff80000
core   0: 0x8000ccc4 (0x3ddcf313) andi    t1, s9, 989
core   0: 3 0x8000ccc4 (0x3ddcf313) x 6 0x000003d4
core   0: 0x8000ccc8 (0xb4e6cab7) lui     s5, 0xb4e6c
core   0: 3 0x8000ccc8 (0xb4e6cab7) x21 0xb4e6c000
core   0: 0x8000cccc (0x0ff0000f) fence   iorw,iorw
core   0: 3 0x8000cccc (0x0ff0000f)
core   0: 0x8000ccd0 (0x011c2933) slt     s2, s8, a7
core   0: 3 0x8000ccd0 (0x011c2933) x18 0x00000001
core   0: 0x8000ccd4 (0x670a2313) slti    t1, s4, 1648
core   0: 3 0x8000ccd4 (0x670a2313) x 6 0x00000001
core   0: 0x8000ccd8 (0x0000100f) fence.i
core   0: 3 0x8000ccd8 (0x0000100f)
core   0: 0x8000ccdc (0x015041b3) xor     gp, zero, s5
core   0: 3 0x8000ccdc (0x015041b3) x 3 0xb4e6c000
core   0: 0x8000cce0 (0x416ddcb3) sra     s9, s11, s6
core   0: 3 0x8000cce0 (0x416ddcb3) x25 0x00000000
core   0: 0x8000cce4 (0xda4ef513) andi    a0, t4, -604
core   0: 3 0x8000cce4 (0xda4ef513) x10 0x00000000
core   0: 0x8000cce8 (0xa9103013) sltiu   zero, zero, -1391
core   0: 3 0x8000cce8 (0xa9103013)
core   0: 0x8000ccec (0x0000100f) fence.i
core   0: 3 0x8000ccec (0x0000100f)
core   0: 0x8000ccf0 (0x61dbf913) andi    s2, s7, 1565
core   0: 3 0x8000ccf0 (0x61dbf913) x18 0x00000400
core   0: 0x8000ccf4 (0x005aad33) slt     s10, s5, t0
core   0: 3 0x8000ccf4 (0x005aad33) x26 0x00000001
core   0: 0x8000ccf8 (0x01881193) slli    gp, a6, 24
core   0: 3 0x8000ccf8 (0x01881193) x 3 0x00000000
core   0: 0x8000ccfc (0x055f9463) bne     t6, s5, pc + 72
core   0: 3 0x8000ccfc (0x055f9463)
core   0: 0x8000cd44 (0x0000100f) fence.i
core   0: 3 0x8000cd44 (0x0000100f)
core   0: 0x8000cd48 (0x057f2db7) lui     s11, 0x57f2
core   0: 3 0x8000cd48 (0x057f2db7) x27 0x057f2000
core   0: 0x8000cd4c (0x0000100f) fence.i
core   0: 3 0x8000cd4c (0x0000100f)
core   0: 0x8000cd50 (0x00bea533) slt     a0, t4, a1
core   0: 3 0x8000cd50 (0x00bea533) x10 0x00000000
core   0: 0x8000cd54 (0x01625d33) srl     s10, tp, s6
core   0: 3 0x8000cd54 (0x01625d33) x26 0x000003e5
core   0: 0x8000cd58 (0x00bef663) bgeu    t4, a1, pc + 12
core   0: 3 0x8000cd58 (0x00bef663)
core   0: 0x8000cd5c (0x409b0db3) sub     s11, s6, s1
core   0: 3 0x8000cd5c (0x409b0db3) x27 0x48c5d344
core   0: 0x8000cd60 (0x00e2a4b3) slt     s1, t0, a4
core   0: 3 0x8000cd60 (0x00e2a4b3) x 9 0x00000001
core   0: 0x8000cd64 (0x00209db3) sll     s11, ra, sp
core   0: 3 0x8000cd64 (0x00209db3) x27 0xbe000000
core   0: 0x8000cd68 (0x00f95533) srl     a0, s2, a5
core   0: 3 0x8000cd68 (0x00f95533) x10 0x00000000
core   0: 0x8000cd6c (0xbc0e0497) auipc   s1, 0xbc0e0
core   0: 3 0x8000cd6c (0xbc0e0497) x 9 0x3c0ecd6c
core   0: 0x8000cd70 (0x40eadd33) sra     s10, s5, a4
core   0: 3 0x8000cd70 (0x40eadd33) x26 0xffffb4e6
core   0: 0x8000cd74 (0xdfc0a313) slti    t1, ra, -516
core   0: 3 0x8000cd74 (0xdfc0a313) x 6 0x00000001
core   0: 0x8000cd78 (0x01965813) srli    a6, a2, 25
core   0: 3 0x8000cd78 (0x01965813) x16 0x00000040
core   0: 0x8000cd7c (0xcb497993) andi    s3, s2, -844
core   0: 3 0x8000cd7c (0xcb497993) x19 0x00000400
core   0: 0x8000cd80 (0xfba3fd93) andi    s11, t2, -70
core   0: 3 0x8000cd80 (0xfba3fd93) x27 0x000007ba
core   0: 0x8000cd84 (0x02ef6063) bltu    t5, a4, pc + 32
core   0: 3 0x8000cd84 (0x02ef6063)
core   0: 0x8000cda4 (0x00b951b3) srl     gp, s2, a1
core   0: 3 0x8000cda4 (0x00b951b3) x 3 0x00000400
core   0: 0x8000cda8 (0x00068c33) add     s8, a3, zero
core   0: 3 0x8000cda8 (0x00068c33) x24 0x80024e2c
core   0: 0x8000cdac (0x05a2fdb7) lui     s11, 0x5a2f
core   0: 3 0x8000cdac (0x05a2fdb7) x27 0x05a2f000
core   0: 0x8000cdb0 (0x41ed87b3) sub     a5, s11, t5
core   0: 3 0x8000cdb0 (0x41ed87b3) x15 0x05a2f000
core   0: 0x8000cdb4 (0x002ac4b3) xor     s1, s5, sp
core   0: 3 0x8000cdb4 (0x002ac4b3) x 9 0x34e44ce4
core   0: 0x8000cdb8 (0x04f91863) bne     s2, a5, pc + 80
core   0: 3 0x8000cdb8 (0x04f91863)
core   0: 0x8000ce08 (0x005d1fb3) sll     t6, s10, t0
core   0: 3 0x8000ce08 (0x005d1fb3) x31 0xb4e60000
core   0: 0x8000ce0c (0x263c4993) xori    s3, s8, 611
core   0: 3 0x8000ce0c (0x263c4993) x19 0x80024c4f
core   0: 0x8000ce10 (0x39ddf693) andi    a3, s11, 925
core   0: 3 0x8000ce10 (0x39ddf693) x13 0x00000000
core   0: 0x8000ce14 (0x0032f333) and     t1, t0, gp
core   0: 3 0x8000ce14 (0x0032f333) x 6 0x00000000
core   0: 0x8000ce18 (0x0ff0000f) fence   iorw,iorw
core   0: 3 0x8000ce18 (0x0ff0000f)
core   0: 0x8000ce1c (0xd46c3b13) sltiu   s6, s8, -698
core   0: 3 0x8000ce1c (0xd46c3b13) x22 0x00000001
core   0: 0x8000ce20 (0x00db2ab3) slt     s5, s6, a3
core   0: 3 0x8000ce20 (0x00db2ab3) x21 0x00000000
core   0: 0x8000ce24 (0x0482f063) bgeu    t0, s0, pc + 64
core   0: 3 0x8000ce24 (0x0482f063)
core   0: 0x8000ce64 (0x0d5bc713) xori    a4, s7, 213
core   0: 3 0x8000ce64 (0x0d5bc713) x14 0x12ecb4b5
core   0: 0x8000ce68 (0x00855933) srl     s2, a0, s0
core   0: 3 0x8000ce68 (0x00855933) x18 0x00000000
core   0: 0x8000ce6c (0x009bfe63) bgeu    s7, s1, pc + 28
core   0: 3 0x8000ce6c (0x009bfe63)
core   0: 0x8000ce70 (0x00000013) nop
core   0: 3 0x8000ce70 (0x00000013)
core   0: 0x8000ce74 (0x3026b717) auipc   a4, 0x3026b
core   0: 3 0x8000ce74 (0x3026b717) x14 0xb0277e74
core   0: 0x8000ce78 (0x2e09f513) andi    a0, s3, 736
core   0: 3 0x8000ce78 (0x2e09f513) x10 0x00000040
core   0: 0x8000ce7c (0x00000013) nop
core   0: 3 0x8000ce7c (0x00000013)
core   0: 0x8000ce80 (0x00465993) srli    s3, a2, 4
core   0: 3 0x8000ce80 (0x00465993) x19 0x080024e2
core   0: 0x8000ce84 (0x051c6063) bltu    s8, a7, pc + 64
core   0: 3 0x8000ce84 (0x051c6063)
core   0: 0x8000ce88 (0x01fed513) srli    a0, t4, 31
core   0: 3 0x8000ce88 (0x01fed513) x10 0x00000000
core   0: 0x8000ce8c (0x40675a33) sra     s4, a4, t1
core   0: 3 0x8000ce8c (0x40675a33) x20 0xb0277e74
core   0: 0x8000ce90 (0x01232ab3) slt     s5, t1, s2
core   0: 3 0x8000ce90 (0x01232ab3) x21 0x00000000
core   0: 0x8000ce94 (0x401bd393) srai    t2, s7, 1
core   0: 3 0x8000ce94 (0x401bd393) x 7 0x09765a30
core   0: 0x8000ce98 (0x01a4dd93) srli    s11, s1, 26
core   0: 3 0x8000ce98 (0x01a4dd93) x27 0x0000000d
core   0: 0x8000ce9c (0x01801433) sll     s0, zero, s8
core   0: 3 0x8000ce9c (0x01801433) x 8 0x00000000
core   0: 0x8000cea0 (0x00801d33) sll     s10, zero, s0
core   0: 3 0x8000cea0 (0x00801d33) x26 0x00000000
core   0: 0x8000cea4 (0x00749793) slli    a5, s1, 7
core   0: 3 0x8000cea4 (0x00749793) x15 0x72267200
core   0: 0x8000cea8 (0x51ae7013) andi    zero, t3, 1306
core   0: 3 0x8000cea8 (0x51ae7013)
core   0: 0x8000ceac (0x41bfdab3) sra     s5, t6, s11
core   0: 3 0x8000ceac (0x41bfdab3) x21 0xfffda730
core   0: 0x8000ceb0 (0xd9e14293) xori    t0, sp, -610
core   0: 3 0x8000ceb0 (0xd9e14293) x 5 0x7ffd717a
core   0: 0x8000ceb4 (0x017a5c63) bge     s4, s7, pc + 24
core   0: 3 0x8000ceb4 (0x017a5c63)
core   0: 0x8000ceb8 (0x01733333) sltu    t1, t1, s7
core   0: 3 0x8000ceb8 (0x01733333) x 6 0x00000001
core   0: 0x8000cebc (0x02319a63) bne     gp, gp, pc + 52
core   0: 3 0x8000cebc (0x02319a63)
core   0: 0x8000cec0 (0x01fef8b3) and     a7, t4, t6
core   0: 3 0x8000cec0 (0x01fef8b3) x17 0x00000000
core   0: 0x8000cec4 (0x05f98463) beq     s3, t6, pc + 72
core   0: 3 0x8000cec4 (0x05f98463)
core   0: 0x8000cec8 (0x016972b3) and     t0, s2, s6
core   0: 3 0x8000cec8 (0x016972b3) x 5 0x00000000
core   0: 0x8000cecc (0x01303933) snez    s2, s3
core   0: 3 0x8000cecc (0x01303933) x18 0x00000001
core   0: 0x8000ced0 (0x015599b3) sll     s3, a1, s5
core   0: 3 0x8000ced0 (0x015599b3) x19 0x00000000
core   0: 0x8000ced4 (0x017e6863) bltu    t3, s7, pc + 16
core   0: 3 0x8000ced4 (0x017e6863)
core   0: 0x8000ced8 (0x01c46933) or      s2, s0, t3
core   0: 3 0x8000ced8 (0x01c46933) x18 0x7ffd7014
core   0: 0x8000cedc (0x82777b37) lui     s6, 0x82777
core   0: 3 0x8000cedc (0x82777b37) x22 0x82777000
core   0: 0x8000cee0 (0x01f79493) slli    s1, a5, 31
core   0: 3 0x8000cee0 (0x01f79493) x 9 0x00000000
core   0: 0x8000cee4 (0x5a396893) ori     a7, s2, 1443
core   0: 3 0x8000cee4 (0x5a396893) x17 0x7ffd75b7
core   0: 0x8000cee8 (0x009d9793) slli    a5, s11, 9
core   0: 3 0x8000cee8 (0x009d9793) x15 0x00001a00
core   0: 0x8000ceec (0x0537f513) andi    a0, a5, 83
core   0: 3 0x8000ceec (0x0537f513) x10 0x00000000
core   0: 0x8000cef0 (0x0ff0000f) fence   iorw,iorw
core   0: 3 0x8000cef0 (0x0ff0000f)
core   0: 0x8000cef4 (0x01ad26b3) slt     a3, s10, s10
core   0: 3 0x8000cef4 (0x01ad26b3) x13 0x00000000
core   0: 0x8000cef8 (0x9e466913) ori     s2, a2, -1564
core   0: 3 0x8000cef8 (0x9e466913) x18 0xffffffec
core   0: 0x8000cefc (0x4177da93) srai    s5, a5, 23
core   0: 3 0x8000cefc (0x4177da93) x21 0x00000000
core   0: 0x8000cf00 (0x014773b3) and     t2, a4, s4
core   0: 3 0x8000cf00 (0x014773b3) x 7 0xb0277e74
core   0: 0x8000cf04 (0x00bc50b3) srl     ra, s8, a1
core   0: 3 0x8000cf04 (0x00bc50b3) x 1 0x80024e2c
core   0: 0x8000cf08 (0x01985663) bge     a6, s9, pc + 12
core   0: 3 0x8000cf08 (0x01985663)
core   0: 0x8000cf14 (0x00000013) nop
core   0: 3 0x8000cf14 (0x00000013)
core   0: 0x8000cf18 (0x00e2dcb3) srl     s9, t0, a4
core   0: 3 0x8000cf18 (0x00e2dcb3) x25 0x00000000
core   0: 0x8000cf1c (0x18322e13) slti    t3, tp, 387
core   0: 3 0x8000cf1c (0x18322e13) x28 0x00000000
core   0: 0x8000cf20 (0x401380b3) sub     ra, t2, ra
core   0: 3 0x8000cf20 (0x401380b3) x 1 0x30253048
core   0: 0x8000cf24 (0x01a272b3) and     t0, tp, s10
core   0: 3 0x8000cf24 (0x01a272b3) x 5 0x00000000
core   0: 0x8000cf28 (0xb3570d93) addi    s11, a4, -1227
core   0: 3 0x8000cf28 (0xb3570d93) x27 0xb02779a9
core   0: 0x8000cf2c (0x006d6263) bltu    s10, t1, pc + 4
core   0: 3 0x8000cf2c (0x006d6263)
core   0: 0x8000cf30 (0x006b81b3) add     gp, s7, t1
core   0: 3 0x8000cf30 (0x006b81b3) x 3 0x12ecb461
core   0: 0x8000cf34 (0x00e56bb3) or      s7, a0, a4
core   0: 3 0x8000cf34 (0x00e56bb3) x23 0xb0277e74
core   0: 0x8000cf38 (0x7faf6f13) ori     t5, t5, 2042
core   0: 3 0x8000cf38 (0x7faf6f13) x30 0x000007fa
core   0: 0x8000cf3c (0x909e0817) auipc   a6, 0x909e0
core   0: 3 0x8000cf3c (0x909e0817) x16 0x109ecf3c
core   0: 0x8000cf40 (0x41add2b3) sra     t0, s11, s10
core   0: 3 0x8000cf40 (0x41add2b3) x 5 0xb02779a9
core   0: 0x8000cf44 (0x0360c063) blt     ra, s6, pc + 32
core   0: 3 0x8000cf44 (0x0360c063)
core   0: 0x8000cf48 (0x41220ab3) sub     s5, tp, s2
core   0: 3 0x8000cf48 (0x41220ab3) x21 0x000003f9
core   0: 0x8000cf4c (0x04e1e063) bltu    gp, a4, pc + 64
core   0: 3 0x8000cf4c (0x04e1e063)
core   0: 0x8000cf8c (0x008b5913) srli    s2, s6, 8
core   0: 3 0x8000cf8c (0x008b5913) x18 0x00827770
core   0: 0x8000cf90 (0x01a9e533) or      a0, s3, s10
core   0: 3 0x8000cf90 (0x01a9e533) x10 0x00000000
core   0: 0x8000cf94 (0x00ea4333) xor     t1, s4, a4
core   0: 3 0x8000cf94 (0x00ea4333) x 6 0x00000000
core   0: 0x8000cf98 (0x01d4c733) xor     a4, s1, t4
core   0: 3 0x8000cf98 (0x01d4c733) x14 0x00000000
core   0: 0x8000cf9c (0x01533ab3) sltu    s5, t1, s5
core   0: 3 0x8000cf9c (0x01533ab3) x21 0x00000001
core   0: 0x8000cfa0 (0x3cdec793) xori    a5, t4, 973
core   0: 3 0x8000cfa0 (0x3cdec793) x15 0x000003cd
core   0: 0x8000cfa4 (0x00000013) nop
core   0: 3 0x8000cfa4 (0x00000013)
core   0: 0x8000cfa8 (0x006181b3) add     gp, gp, t1
core   0: 3 0x8000cfa8 (0x006181b3) x 3 0x12ecb461
core   0: 0x8000cfac (0x4d824b93) xori    s7, tp, 1240
core   0: 3 0x8000cfac (0x4d824b93) x23 0x0000073d
core   0: 0x8000cfb0 (0x0000100f) fence.i
core   0: 3 0x8000cfb0 (0x0000100f)
core   0: 0x8000cfb4 (0x4112d793) srai    a5, t0, 17
core   0: 3 0x8000cfb4 (0x4112d793) x15 0xffffd813
core   0: 0x8000cfb8 (0x22083d93) sltiu   s11, a6, 544
core   0: 3 0x8000cfb8 (0x22083d93) x27 0x00000000
core   0: 0x8000cfbc (0x5c4fe093) ori     ra, t6, 1476
core   0: 3 0x8000cfbc (0x5c4fe093) x 1 0xb4e605c4
core   0: 0x8000cfc0 (0x02b19063) bne     gp, a1, pc + 32
core   0: 3 0x8000cfc0 (0x02b19063)
core   0: 0x8000cfe0 (0x003e82b3) add     t0, t4, gp
core   0: 3 0x8000cfe0 (0x003e82b3) x 5 0x12ecb461
core   0: 0x8000cfe4 (0x41d5dc13) srai    s8, a1, 29
core   0: 3 0x8000cfe4 (0x41d5dc13) x24 0xfffffffc
core   0: 0x8000cfe8 (0x04380863) beq     a6, gp, pc + 80
core   0: 3 0x8000cfe8 (0x04380863)
core   0: 0x8000cfec (0xbc7d6417) auipc   s0, 0xbc7d6
core   0: 3 0x8000cfec (0xbc7d6417) x 8 0x3c7e2fec
core   0: 0x8000cff0 (0x039e0a63) beq     t3, s9, pc + 52
core   0: 3 0x8000cff0 (0x039e0a63)
core   0: 0x8000d024 (0x00000013) nop
core   0: 3 0x8000d024 (0x00000013)
core   0: 0x8000d028 (0x01aacfb3) xor     t6, s5, s10
core   0: 3 0x8000d028 (0x01aacfb3) x31 0x00000001
core   0: 0x8000d02c (0x018af2b3) and     t0, s5, s8
core   0: 3 0x8000d02c (0x018af2b3) x 5 0x00000000
core   0: 0x8000d030 (0x028fee63) bltu    t6, s0, pc + 60
core   0: 3 0x8000d030 (0x028fee63)
core   0: 0x8000d06c (0x3240ceb7) lui     t4, 0x3240c
core   0: 3 0x8000d06c (0x3240ceb7) x29 0x3240c000
core   0: 0x8000d070 (0x00c51493) slli    s1, a0, 12
core   0: 3 0x8000d070 (0x00c51493) x 9 0x00000000
core   0: 0x8000d074 (0x3e9bb493) sltiu   s1, s7, 1001
core   0: 3 0x8000d074 (0x3e9bb493) x 9 0x00000000
core   0: 0x8000d078 (0x04e56863) bltu    a0, a4, pc + 80
core   0: 3 0x8000d078 (0x04e56863)
core   0: 0x8000d07c (0x0024feb3) and     t4, s1, sp
core   0: 3 0x8000d07c (0x0024feb3) x29 0x00000000
core   0: 0x8000d080 (0x001c6863) bltu    s8, ra, pc + 16
core   0: 3 0x8000d080 (0x001c6863)
core   0: 0x8000d084 (0x00d0f6b3) and     a3, ra, a3
core   0: 3 0x8000d084 (0x00d0f6b3) x13 0x00000000
core   0: 0x8000d088 (0x0136d463) bge     a3, s3, pc + 8
core   0: 3 0x8000d088 (0x0136d463)
core   0: 0x8000d090 (0x004eacb3) slt     s9, t4, tp
core   0: 3 0x8000d090 (0x004eacb3) x25 0x00000001
core   0: 0x8000d094 (0x01faf933) and     s2, s5, t6
core   0: 3 0x8000d094 (0x01faf933) x18 0x00000001
core   0: 0x8000d098 (0x001fe833) or      a6, t6, ra
core   0: 3 0x8000d098 (0x001fe833) x16 0xb4e605c5
core   0: 0x8000d09c (0x00055a63) bgez    a0, pc + 20
core   0: 3 0x8000d09c (0x00055a63)
core   0: 0x8000d0b0 (0x00fc5a63) bge     s8, a5, pc + 20
core   0: 3 0x8000d0b0 (0x00fc5a63)
core   0: 0x8000d0c4 (0x00d302b3) add     t0, t1, a3
core   0: 3 0x8000d0c4 (0x00d302b3) x 5 0x00000000
core   0: 0x8000d0c8 (0x0000100f) fence.i
core   0: 3 0x8000d0c8 (0x0000100f)
core   0: 0x8000d0cc (0xa8bc4193) xori    gp, s8, -1397
core   0: 3 0x8000d0cc (0xa8bc4193) x 3 0x00000577
core   0: 0x8000d0d0 (0x004637b3) sltu    a5, a2, tp
core   0: 3 0x8000d0d0 (0x004637b3) x15 0x00000000
core   0: 0x8000d0d4 (0x004a56b3) srl     a3, s4, tp
core   0: 3 0x8000d0d4 (0x004a56b3) x13 0x05813bf3
core   0: 0x8000d0d8 (0x01d524b3) slt     s1, a0, t4
core   0: 3 0x8000d0d8 (0x01d524b3) x 9 0x00000000
core   0: 0x8000d0dc (0x01288c63) beq     a7, s2, pc + 24
core   0: 3 0x8000d0dc (0x01288c63)
core   0: 0x8000d0e0 (0x1951cd93) xori    s11, gp, 405
core   0: 3 0x8000d0e0 (0x1951cd93) x27 0x000004e2
core   0: 0x8000d0e4 (0x002983b3) add     t2, s3, sp
core   0: 3 0x8000d0e4 (0x002983b3) x 7 0x80028ce4
core   0: 0x8000d0e8 (0x01589b33) sll     s6, a7, s5
core   0: 3 0x8000d0e8 (0x01589b33) x22 0xfffaeb6e
core   0: 0x8000d0ec (0x0ef8a413) slti    s0, a7, 239
core   0: 3 0x8000d0ec (0x0ef8a413) x 8 0x00000000
core   0: 0x8000d0f0 (0xe3fa2713) slti    a4, s4, -449
core   0: 3 0x8000d0f0 (0xe3fa2713) x14 0x00000001
core   0: 0x8000d0f4 (0x0000100f) fence.i
core   0: 3 0x8000d0f4 (0x0000100f)
core   0: 0x8000d0f8 (0x41275c33) sra     s8, a4, s2
core   0: 3 0x8000d0f8 (0x41275c33) x24 0x00000000
core   0: 0x8000d0fc (0x40cbda33) sra     s4, s7, a2
core   0: 3 0x8000d0fc (0x40cbda33) x20 0x00000000
core   0: 0x8000d100 (0x00b37f33) and     t5, t1, a1
core   0: 3 0x8000d100 (0x00b37f33) x30 0x00000000
core   0: 0x8000d104 (0x0035df93) srli    t6, a1, 3
core   0: 3 0x8000d104 (0x0035df93) x31 0x10000000
core   0: 0x8000d108 (0x040cd063) bgez    s9, pc + 64
core   0: 3 0x8000d108 (0x040cd063)
core   0: 0x8000d148 (0x00000013) nop
core   0: 3 0x8000d148 (0x00000013)
core   0: 0x8000d14c (0xff09b213) sltiu   tp, s3, -16
core   0: 3 0x8000d14c (0xff09b213) x 4 0x00000001
core   0: 0x8000d150 (0x03e20e63) beq     tp, t5, pc + 60
core   0: 3 0x8000d150 (0x03e20e63)
core   0: 0x8000d154 (0x0437c863) blt     a5, gp, pc + 80
core   0: 3 0x8000d154 (0x0437c863)
core   0: 0x8000d1a4 (0x02879663) bne     a5, s0, pc + 44
core   0: 3 0x8000d1a4 (0x02879663)
core   0: 0x8000d1a8 (0x0000100f) fence.i
core   0: 3 0x8000d1a8 (0x0000100f)
core   0: 0x8000d1ac (0x00000013) nop
core   0: 3 0x8000d1ac (0x00000013)
core   0: 0x8000d1b0 (0x00211463) bne     sp, sp, pc + 8
core   0: 3 0x8000d1b0 (0x00211463)
core   0: 0x8000d1b4 (0x4034d233) sra     tp, s1, gp
core   0: 3 0x8000d1b4 (0x4034d233) x 4 0x00000000
core   0: 0x8000d1b8 (0x003c93b3) sll     t2, s9, gp
core   0: 3 0x8000d1b8 (0x003c93b3) x 7 0x00800000
core   0: 0x8000d1bc (0x98c2ee97) auipc   t4, 0x98c2e
core   0: 3 0x8000d1bc (0x98c2ee97) x29 0x18c3b1bc
core   0: 0x8000d1c0 (0x00a79db3) sll     s11, a5, a0
core   0: 3 0x8000d1c0 (0x00a79db3) x27 0x00000000
core   0: 0x8000d1c4 (0x019b3eb3) sltu    t4, s6, s9
core   0: 3 0x8000d1c4 (0x019b3eb3) x29 0x00000000
core   0: 0x8000d1c8 (0x0ff0000f) fence   iorw,iorw
core   0: 3 0x8000d1c8 (0x0ff0000f)
core   0: 0x8000d1cc (0x291f3693) sltiu   a3, t5, 657
core   0: 3 0x8000d1cc (0x291f3693) x13 0x00000001
core   0: 0x8000d1d0 (0x007456b3) srl     a3, s0, t2
core   0: 3 0x8000d1d0 (0x007456b3) x13 0x00000000
core   0: 0x8000d1d4 (0x0154a1b3) slt     gp, s1, s5
core   0: 3 0x8000d1d4 (0x0154a1b3) x 3 0x00000001
core   0: 0x8000d1d8 (0x01109fb3) sll     t6, ra, a7
core   0: 3 0x8000d1d8 (0x01109fb3) x31 0xe2000000
core   0: 0x8000d1dc (0x01fee433) or      s0, t4, t6
core   0: 3 0x8000d1dc (0x01fee433) x 8 0xe2000000
core   0: 0x8000d1e0 (0x00000013) nop
core   0: 3 0x8000d1e0 (0x00000013)
core   0: 0x8000d1e4 (0xbbf3bfb7) lui     t6, 0xbbf3b
core   0: 3 0x8000d1e4 (0xbbf3bfb7) x31 0xbbf3b000
core   0: 0x8000d1e8 (0x05bef463) bgeu    t4, s11, pc + 72
core   0: 3 0x8000d1e8 (0x05bef463)
core   0: 0x8000d230 (0x40ded033) sra     zero, t4, a3
core   0: 3 0x8000d230 (0x40ded033)
core   0: 0x8000d234 (0xba9afa37) lui     s4, 0xba9af
core   0: 3 0x8000d234 (0xba9afa37) x20 0xba9af000
core   0: 0x8000d238 (0x2167f493) andi    s1, a5, 534
core   0: 3 0x8000d238 (0x2167f493) x 9 0x00000000
core   0: 0x8000d23c (0x0143ca63) blt     t2, s4, pc + 20
core   0: 3 0x8000d23c (0x0143ca63)
core   0: 0x8000d240 (0x0093c863) blt     t2, s1, pc + 16
core   0: 3 0x8000d240 (0x0093c863)
core   0: 0x8000d244 (0x00000013) nop
core   0: 3 0x8000d244 (0x00000013)
core   0: 0x8000d248 (0x001af3b3) and     t2, s5, ra
core   0: 3 0x8000d248 (0x001af3b3) x 7 0x00000000
core   0: 0x8000d24c (0x02166a63) bltu    a2, ra, pc + 52
core   0: 3 0x8000d24c (0x02166a63)
core   0: 0x8000d280 (0x49f1c1b7) lui     gp, 0x49f1c
core   0: 3 0x8000d280 (0x49f1c1b7) x 3 0x49f1c000
core   0: 0x8000d284 (0x0000100f) fence.i
core   0: 3 0x8000d284 (0x0000100f)
core   0: 0x8000d288 (0x010e1e33) sll     t3, t3, a6
core   0: 3 0x8000d288 (0x010e1e33) x28 0x00000000
core   0: 0x8000d28c (0x49b16317) auipc   t1, 0x49b16
core   0: 3 0x8000d28c (0x49b16317) x 6 0xc9b2328c
core   0: 0x8000d290 (0x00000013) nop
core   0: 3 0x8000d290 (0x00000013)
core   0: 0x8000d294 (0x015db1b3) sltu    gp, s11, s5
core   0: 3 0x8000d294 (0x015db1b3) x 3 0x00000001
core   0: 0x8000d298 (0x9f941197) auipc   gp, 0x9f941
core   0: 3 0x8000d298 (0x9f941197) x 3 0x1f94e298
core   0: 0x8000d29c (0x88e64893) xori    a7, a2, -1906
core   0: 3 0x8000d29c (0x88e64893) x17 0x7ffdb6a2
core   0: 0x8000d2a0 (0x00981793) slli    a5, a6, 9
core   0: 3 0x8000d2a0 (0x00981793) x15 0xcc0b8a00
core   0: 0x8000d2a4 (0x012dac33) slt     s8, s11, s2
core   0: 3 0x8000d2a4 (0x012dac33) x24 0x00000001
core   0: 0x8000d2a8 (0x032f9a63) bne     t6, s2, pc + 52
core   0: 3 0x8000d2a8 (0x032f9a63)
core   0: 0x8000d2dc (0x00959c63) bne     a1, s1, pc + 24
core   0: 3 0x8000d2dc (0x00959c63)
core   0: 0x8000d2f4 (0x3902ed93) ori     s11, t0, 912
core   0: 3 0x8000d2f4 (0x3902ed93) x27 0x00000390
core   0: 0x8000d2f8 (0x01d90863) beq     s2, t4, pc + 16
core   0: 3 0x8000d2f8 (0x01d90863)
core   0: 0x8000d2fc (0x41b20f33) sub     t5, tp, s11
core   0: 3 0x8000d2fc (0x41b20f33) x30 0xfffffc70
core   0: 0x8000d300 (0x0180dcb3) srl     s9, ra, s8
core   0: 3 0x8000d300 (0x0180dcb3) x25 0x5a7302e2
core   0: 0x8000d304 (0x019e2cb3) slt     s9, t3, s9
core   0: 3 0x8000d304 (0x019e2cb3) x25 0x00000001
core   0: 0x8000d308 (0x46e53cb7) lui     s9, 0x46e53
core   0: 3 0x8000d308 (0x46e53cb7) x25 0x46e53000
core   0: 0x8000d30c (0x41dfda13) srai    s4, t6, 29
core   0: 3 0x8000d30c (0x41dfda13) x20 0xfffffffd
core   0: 0x8000d310 (0x4048d833) sra     a6, a7, tp
core   0: 3 0x8000d310 (0x4048d833) x16 0x7ffdb6a2
core   0: 0x8000d314 (0xff900413) li      s0, -7
core   0: 3 0x8000d314 (0xff900413) x 8 0xfffffff9
core   0: 0x8000d318 (0x3704ce13) xori    t3, s1, 880
core   0: 3 0x8000d318 (0x3704ce13) x28 0x00000370
core   0: 0x8000d31c (0x004884b3) add     s1, a7, tp
core   0: 3 0x8000d31c (0x004884b3) x 9 0x7ffdb6a2
core   0: 0x8000d320 (0xffb00c13) li      s8, -5
core   0: 3 0x8000d320 (0xffb00c13) x24 0xfffffffb
core   0: 0x8000d324 (0x98546f93) ori     t6, s0, -1659
core   0: 3 0x8000d324 (0x98546f93) x31 0xfffffffd
core   0: 0x8000d328 (0x00000013) nop
core   0: 3 0x8000d328 (0x00000013)
core   0: 0x8000d32c (0x048daa13) slti    s4, s11, 72
core   0: 3 0x8000d32c (0x048daa13) x20 0x00000000
core   0: 0x8000d330 (0x00240413) addi    s0, s0, 2
core   0: 3 0x8000d330 (0x00240413) x 8 0xfffffffb
core   0: 0x8000d334 (0x40b7d993) srai    s3, a5, 11
core   0: 3 0x8000d334 (0x40b7d993) x19 0xfff98171
core   0: 0x8000d338 (0xea0e4293) xori    t0, t3, -352
core   0: 3 0x8000d338 (0xea0e4293) x 5 0xfffffdd0
core   0: 0x8000d33c (0x79a7e9b7) lui     s3, 0x79a7e
core   0: 3 0x8000d33c (0x79a7e9b7) x19 0x79a7e000
core   0: 0x8000d340 (0x019c0733) add     a4, s8, s9
core   0: 3 0x8000d340 (0x019c0733) x14 0x46e52ffb
core   0: 0x8000d344 (0x01f00333) add     t1, zero, t6
core   0: 3 0x8000d344 (0x01f00333) x 6 0xfffffffd
core   0: 0x8000d348 (0x0011d833) srl     a6, gp, ra
core   0: 3 0x8000d348 (0x0011d833) x16 0x01f94e29
core   0: 0x8000d34c (0x468b8313) addi    t1, s7, 1128
core   0: 3 0x8000d34c (0x468b8313) x 6 0x00000ba5
core   0: 0x8000d350 (0xffd00f13) li      t5, -3
core   0: 3 0x8000d350 (0xffd00f13) x30 0xfffffffd
core   0: 0x8000d354 (0x0186f533) and     a0, a3, s8
core   0: 3 0x8000d354 (0x0186f533) x10 0x00000000
core   0: 0x8000d358 (0x00bb4d33) xor     s10, s6, a1
core   0: 3 0x8000d358 (0x00bb4d33) x26 0x7ffaeb6e
core   0: 0x8000d35c (0x0072aeb3) slt     t4, t0, t2
core   0: 3 0x8000d35c (0x0072aeb3) x29 0x00000001
core   0: 0x8000d360 (0xff900193) li      gp, -7
core   0: 3 0x8000d360 (0xff900193) x 3 0xfffffff9
core   0: 0x8000d364 (0x01e5c0b3) xor     ra, a1, t5
core   0: 3 0x8000d364 (0x01e5c0b3) x 1 0x7ffffffd
core   0: 0x8000d368 (0x00949bb3) sll     s7, s1, s1
core   0: 3 0x8000d368 (0x00949bb3) x23 0xfff6da88
core   0: 0x8000d36c (0x01d1c933) xor     s2, gp, t4
core   0: 3 0x8000d36c (0x01d1c933) x18 0xfffffff8
core   0: 0x8000d370 (0x00b3f7b3) and     a5, t2, a1
core   0: 3 0x8000d370 (0x00b3f7b3) x15 0x00000000
core   0: 0x8000d374 (0xf1ce6497) auipc   s1, 0xf1ce6
core   0: 3 0x8000d374 (0xf1ce6497) x 9 0x71cf3374
core   0: 0x8000d378 (0xffcf0f13) addi    t5, t5, -4
core   0: 3 0x8000d378 (0xffcf0f13) x30 0xfffffff9
core   0: 0x8000d37c (0x01cf5d33) srl     s10, t5, t3
core   0: 3 0x8000d37c (0x01cf5d33) x26 0x0000ffff
core   0: 0x8000d380 (0xfe3f1ae3) bne     t5, gp, pc - 12
core   0: 3 0x8000d380 (0xfe3f1ae3)
core   0: 0x8000d384 (0x01524cb3) xor     s9, tp, s5
core   0: 3 0x8000d384 (0x01524cb3) x25 0x00000001
core   0: 0x8000d388 (0x410f0e33) sub     t3, t5, a6
core   0: 3 0x8000d388 (0x410f0e33) x28 0xfe06b1d0
core   0: 0x8000d38c (0xcae94013) xori    zero, s2, -850
core   0: 3 0x8000d38c (0xcae94013)
core   0: 0x8000d390 (0xf9840ce3) beq     s0, s8, pc - 104
core   0: 3 0x8000d390 (0xf9840ce3)
core   0: 0x8000d328 (0x00000013) nop
core   0: 3 0x8000d328 (0x00000013)
core   0: 0x8000d32c (0x048daa13) slti    s4, s11, 72
core   0: 3 0x8000d32c (0x048daa13) x20 0x00000000
core   0: 0x8000d330 (0x00240413) addi    s0, s0, 2
core   0: 3 0x8000d330 (0x00240413) x 8 0xfffffffd
core   0: 0x8000d334 (0x40b7d993) srai    s3, a5, 11
core   0: 3 0x8000d334 (0x40b7d993) x19 0x00000000
core   0: 0x8000d338 (0xea0e4293) xori    t0, t3, -352
core   0: 3 0x8000d338 (0xea0e4293) x 5 0x01f94f70
core   0: 0x8000d33c (0x79a7e9b7) lui     s3, 0x79a7e
core   0: 3 0x8000d33c (0x79a7e9b7) x19 0x79a7e000
core   0: 0x8000d340 (0x019c0733) add     a4, s8, s9
core   0: 3 0x8000d340 (0x019c0733) x14 0xfffffffc
core   0: 0x8000d344 (0x01f00333) add     t1, zero, t6
core   0: 3 0x8000d344 (0x01f00333) x 6 0xfffffffd
core   0: 0x8000d348 (0x0011d833) srl     a6, gp, ra
core   0: 3 0x8000d348 (0x0011d833) x16 0x00000007
core   0: 0x8000d34c (0x468b8313) addi    t1, s7, 1128
core   0: 3 0x8000d34c (0x468b8313) x 6 0xfff6def0
core   0: 0x8000d350 (0xffd00f13) li      t5, -3
core   0: 3 0x8000d350 (0xffd00f13) x30 0xfffffffd
core   0: 0x8000d354 (0x0186f533) and     a0, a3, s8
core   0: 3 0x8000d354 (0x0186f533) x10 0x00000000
core   0: 0x8000d358 (0x00bb4d33) xor     s10, s6, a1
core   0: 3 0x8000d358 (0x00bb4d33) x26 0x7ffaeb6e
core   0: 0x8000d35c (0x0072aeb3) slt     t4, t0, t2
core   0: 3 0x8000d35c (0x0072aeb3) x29 0x00000000
core   0: 0x8000d360 (0xff900193) li      gp, -7
core   0: 3 0x8000d360 (0xff900193) x 3 0xfffffff9
core   0: 0x8000d364 (0x01e5c0b3) xor     ra, a1, t5
core   0: 3 0x8000d364 (0x01e5c0b3) x 1 0x7ffffffd
core   0: 0x8000d368 (0x00949bb3) sll     s7, s1, s1
core   0: 3 0x8000d368 (0x00949bb3) x23 0x37400000
core   0: 0x8000d36c (0x01d1c933) xor     s2, gp, t4
core   0: 3 0x8000d36c (0x01d1c933) x18 0xfffffff9
core   0: 0x8000d370 (0x00b3f7b3) and     a5, t2, a1
core   0: 3 0x8000d370 (0x00b3f7b3) x15 0x00000000
core   0: 0x8000d374 (0xf1ce6497) auipc   s1, 0xf1ce6
core   0: 3 0x8000d374 (0xf1ce6497) x 9 0x71cf3374
core   0: 0x8000d378 (0xffcf0f13) addi    t5, t5, -4
core   0: 3 0x8000d378 (0xffcf0f13) x30 0xfffffff9
core   0: 0x8000d37c (0x01cf5d33) srl     s10, t5, t3
core   0: 3 0x8000d37c (0x01cf5d33) x26 0x0000ffff
core   0: 0x8000d380 (0xfe3f1ae3) bne     t5, gp, pc - 12
core   0: 3 0x8000d380 (0xfe3f1ae3)
core   0: 0x8000d384 (0x01524cb3) xor     s9, tp, s5
core   0: 3 0x8000d384 (0x01524cb3) x25 0x00000001
core   0: 0x8000d388 (0x410f0e33) sub     t3, t5, a6
core   0: 3 0x8000d388 (0x410f0e33) x28 0xfffffff2
core   0: 0x8000d38c (0xcae94013) xori    zero, s2, -850
core   0: 3 0x8000d38c (0xcae94013)
core   0: 0x8000d390 (0xf9840ce3) beq     s0, s8, pc - 104
core   0: 3 0x8000d390 (0xf9840ce3)
core   0: 0x8000d394 (0x400a54b3) sra     s1, s4, zero
core   0: 3 0x8000d394 (0x400a54b3) x 9 0x00000000
core   0: 0x8000d398 (0x056bf863) bgeu    s7, s6, pc + 80
core   0: 3 0x8000d398 (0x056bf863)
core   0: 0x8000d39c (0x0ff0000f) fence   iorw,iorw
core   0: 3 0x8000d39c (0x0ff0000f)
core   0: 0x8000d3a0 (0x00f84c63) blt     a6, a5, pc + 24
core   0: 3 0x8000d3a0 (0x00f84c63)
core   0: 0x8000d3a4 (0x6dc40b37) lui     s6, 0x6dc40
core   0: 3 0x8000d3a4 (0x6dc40b37) x22 0x6dc40000
core   0: 0x8000d3a8 (0x014d1913) slli    s2, s10, 20
core   0: 3 0x8000d3a8 (0x014d1913) x18 0xfff00000
core   0: 0x8000d3ac (0xf08be093) ori     ra, s7, -248
core   0: 3 0x8000d3ac (0xf08be093) x 1 0xffffff08
core   0: 0x8000d3b0 (0x01a9de13) srli    t3, s3, 26
core   0: 3 0x8000d3b0 (0x01a9de13) x28 0x0000001e
core   0: 0x8000d3b4 (0x015fd4b3) srl     s1, t6, s5
core   0: 3 0x8000d3b4 (0x015fd4b3) x 9 0x7ffffffe
core   0: 0x8000d3b8 (0x01badc33) srl     s8, s5, s11
core   0: 3 0x8000d3b8 (0x01badc33) x24 0x00000000
core   0: 0x8000d3bc (0x30ebe793) ori     a5, s7, 782
core   0: 3 0x8000d3bc (0x30ebe793) x15 0x3740030e
core   0: 0x8000d3c0 (0x41ecdc13) srai    s8, s9, 30
core   0: 3 0x8000d3c0 (0x41ecdc13) x24 0x00000000
core   0: 0x8000d3c4 (0x89852f17) auipc   t5, 0x89852
core   0: 3 0x8000d3c4 (0x89852f17) x30 0x0985f3c4
core   0: 0x8000d3c8 (0x0207c063) bltz    a5, pc + 32
core   0: 3 0x8000d3c8 (0x0207c063)
core   0: 0x8000d3cc (0x00d6b333) sltu    t1, a3, a3
core   0: 3 0x8000d3cc (0x00d6b333) x 6 0x00000000
core   0: 0x8000d3d0 (0x00000013) nop
core   0: 3 0x8000d3d0 (0x00000013)
core   0: 0x8000d3d4 (0x016fac33) slt     s8, t6, s6
core   0: 3 0x8000d3d4 (0x016fac33) x24 0x00000001
core   0: 0x8000d3d8 (0x41fad733) sra     a4, s5, t6
core   0: 3 0x8000d3d8 (0x41fad733) x14 0x00000000
core   0: 0x8000d3dc (0x016c6d33) or      s10, s8, s6
core   0: 3 0x8000d3dc (0x016c6d33) x26 0x6dc40001
core   0: 0x8000d3e0 (0x037ace63) blt     s5, s7, pc + 60
core   0: 3 0x8000d3e0 (0x037ace63)
core   0: 0x8000d41c (0x01a139b3) sltu    s3, sp, s10
core   0: 3 0x8000d41c (0x01a139b3) x19 0x00000000
core   0: 0x8000d420 (0x00671463) bne     a4, t1, pc + 8
core   0: 3 0x8000d420 (0x00671463)
core   0: 0x8000d424 (0x00000013) nop
core   0: 3 0x8000d424 (0x00000013)
core   0: 0x8000d428 (0x0f536a13) ori     s4, t1, 245
core   0: 3 0x8000d428 (0x0f536a13) x20 0x000000f5
core   0: 0x8000d42c (0x5a428b13) addi    s6, t0, 1444
core   0: 3 0x8000d42c (0x5a428b13) x22 0x01f95514
core   0: 0x8000d430 (0x0186d033) srl     zero, a3, s8
core   0: 3 0x8000d430 (0x0186d033)
core   0: 0x8000d434 (0xe5e16e13) ori     t3, sp, -418
core   0: 3 0x8000d434 (0xe5e16e13) x28 0xfffffefe
core   0: 0x8000d438 (0x0126bf33) sltu    t5, a3, s2
core   0: 3 0x8000d438 (0x0126bf33) x30 0x00000001
core   0: 0x8000d43c (0x41dfd013) srai    zero, t6, 29
core   0: 3 0x8000d43c (0x41dfd013)
core   0: 0x8000d440 (0xc0bc2793) slti    a5, s8, -1013
core   0: 3 0x8000d440 (0xc0bc2793) x15 0x00000000
core   0: 0x8000d444 (0x00000013) nop
core   0: 3 0x8000d444 (0x00000013)
core   0: 0x8000d448 (0xf0372793) slti    a5, a4, -253
core   0: 3 0x8000d448 (0xf0372793) x15 0x00000000
core   0: 0x8000d44c (0x01401813) slli    a6, zero, 20
core   0: 3 0x8000d44c (0x01401813) x16 0x00000000
core   0: 0x8000d450 (0x00f97e63) bgeu    s2, a5, pc + 28
core   0: 3 0x8000d450 (0x00f97e63)
core   0: 0x8000d46c (0x0185fab3) and     s5, a1, s8
core   0: 3 0x8000d46c (0x0185fab3) x21 0x00000000
core   0: 0x8000d470 (0x0003dc13) srli    s8, t2, 0
core   0: 3 0x8000d470 (0x0003dc13) x24 0x00000000
core   0: 0x8000d474 (0x01329e13) slli    t3, t0, 19
core   0: 3 0x8000d474 (0x01329e13) x28 0x7b800000
core   0: 0x8000d478 (0x6d9bec93) ori     s9, s7, 1753
core   0: 3 0x8000d478 (0x6d9bec93) x25 0x374006d9
core   0: 0x8000d47c (0x01558533) add     a0, a1, s5
core   0: 3 0x8000d47c (0x01558533) x10 0x80000000
core   0: 0x8000d480 (0x03f4da63) bge     s1, t6, pc + 52
core   0: 3 0x8000d480 (0x03f4da63)
core   0: 0x8000d4b4 (0x0000100f) fence.i
core   0: 3 0x8000d4b4 (0x0000100f)
core   0: 0x8000d4b8 (0x012284b3) add     s1, t0, s2
core   0: 3 0x8000d4b8 (0x012284b3) x 9 0x01e94f70
core   0: 0x8000d4bc (0x00ebe233) or      tp, s7, a4
core   0: 3 0x8000d4bc (0x00ebe233) x 4 0x37400000
core   0: 0x8000d4c0 (0x000cc433) xor     s0, s9, zero
core   0: 3 0x8000d4c0 (0x000cc433) x 8 0x374006d9
core   0: 0x8000d4c4 (0x0134b4b3) sltu    s1, s1, s3
core   0: 3 0x8000d4c4 (0x0134b4b3) x 9 0x00000000
core   0: 0x8000d4c8 (0x00216fb3) or      t6, sp, sp
core   0: 3 0x8000d4c8 (0x00216fb3) x31 0x80028ce4
core   0: 0x8000d4cc (0x09add063) bge     s11, s10, pc + 128
core   0: 3 0x8000d4cc (0x09add063)
core   0: 0x8000d4d0 (0x410989b3) sub     s3, s3, a6
core   0: 3 0x8000d4d0 (0x410989b3) x19 0x00000000
core   0: 0x8000d4d4 (0xd2efb093) sltiu   ra, t6, -722
core   0: 3 0x8000d4d4 (0xd2efb093) x 1 0x00000001
core   0: 0x8000d4d8 (0x061a1863) bne     s4, ra, pc + 112
core   0: 3 0x8000d4d8 (0x061a1863)
core   0: 0x8000d548 (0x04b7f863) bgeu    a5, a1, pc + 80
core   0: 3 0x8000d548 (0x04b7f863)
core   0: 0x8000d54c (0x01935f13) srli    t5, t1, 25
core   0: 3 0x8000d54c (0x01935f13) x30 0x00000000
core   0: 0x8000d550 (0x38889317) auipc   t1, 0x38889
core   0: 3 0x8000d550 (0x38889317) x 6 0xb8896550
core   0: 0x8000d554 (0x00d9ed33) or      s10, s3, a3
core   0: 3 0x8000d554 (0x00d9ed33) x26 0x00000000
core   0: 0x8000d558 (0xefa50313) addi    t1, a0, -262
core   0: 3 0x8000d558 (0xefa50313) x 6 0x7ffffefa
core   0: 0x8000d55c (0x40aa0533) sub     a0, s4, a0
core   0: 3 0x8000d55c (0x40aa0533) x10 0x800000f5
core   0: 0x8000d560 (0x0051d533) srl     a0, gp, t0
core   0: 3 0x8000d560 (0x0051d533) x10 0x0000ffff
core   0: 0x8000d564 (0x05ca8063) beq     s5, t3, pc + 64
core   0: 3 0x8000d564 (0x05ca8063)
core   0: 0x8000d568 (0x0175b333) sltu    t1, a1, s7
core   0: 3 0x8000d568 (0x0175b333) x 6 0x00000000
core   0: 0x8000d56c (0x015f1ab3) sll     s5, t5, s5
core   0: 3 0x8000d56c (0x015f1ab3) x21 0x00000000
core   0: 0x8000d570 (0x9f710c93) addi    s9, sp, -1545
core   0: 3 0x8000d570 (0x9f710c93) x25 0x800286db
core   0: 0x8000d574 (0xb21f8bb7) lui     s7, 0xb21f8
core   0: 3 0x8000d574 (0xb21f8bb7) x23 0xb21f8000
core   0: 0x8000d578 (0x00436db3) or      s11, t1, tp
core   0: 3 0x8000d578 (0x00436db3) x27 0x37400000
core   0: 0x8000d57c (0x0000100f) fence.i
core   0: 3 0x8000d57c (0x0000100f)
core   0: 0x8000d580 (0x0193b3b3) sltu    t2, t2, s9
core   0: 3 0x8000d580 (0x0193b3b3) x 7 0x00000001
core   0: 0x8000d584 (0x01f5e463) bltu    a1, t6, pc + 8
core   0: 3 0x8000d584 (0x01f5e463)
core   0: 0x8000d58c (0x3d3a6993) ori     s3, s4, 979
core   0: 3 0x8000d58c (0x3d3a6993) x19 0x000003f7
core   0: 0x8000d590 (0x00f71db3) sll     s11, a4, a5
core   0: 3 0x8000d590 (0x00f71db3) x27 0x00000000
core   0: 0x8000d594 (0x00cfe833) or      a6, t6, a2
core   0: 3 0x8000d594 (0x00cfe833) x16 0x8002ceec
core   0: 0x8000d598 (0x03c8a513) slti    a0, a7, 60
core   0: 3 0x8000d598 (0x03c8a513) x10 0x00000000
core   0: 0x8000d59c (0x01901513) slli    a0, zero, 25
core   0: 3 0x8000d59c (0x01901513) x10 0x00000000
core   0: 0x8000d5a0 (0x00f8a233) slt     tp, a7, a5
core   0: 3 0x8000d5a0 (0x00f8a233) x 4 0x00000000
core   0: 0x8000d5a4 (0x00909313) slli    t1, ra, 9
core   0: 3 0x8000d5a4 (0x00909313) x 6 0x00000200
core   0: 0x8000d5a8 (0x0ff0000f) fence   iorw,iorw
core   0: 3 0x8000d5a8 (0x0ff0000f)
core   0: 0x8000d5ac (0x0187e833) or      a6, a5, s8
core   0: 3 0x8000d5ac (0x0187e833) x16 0x00000000
core   0: 0x8000d5b0 (0x0000100f) fence.i
core   0: 3 0x8000d5b0 (0x0000100f)
core   0: 0x8000d5b4 (0x01354863) blt     a0, s3, pc + 16
core   0: 3 0x8000d5b4 (0x01354863)
core   0: 0x8000d5c4 (0x5e0efe93) andi    t4, t4, 1504
core   0: 3 0x8000d5c4 (0x5e0efe93) x29 0x00000000
core   0: 0x8000d5c8 (0x40d68db3) sub     s11, a3, a3
core   0: 3 0x8000d5c8 (0x40d68db3) x27 0x00000000
core   0: 0x8000d5cc (0x411d0733) sub     a4, s10, a7
core   0: 3 0x8000d5cc (0x411d0733) x14 0x8002495e
core   0: 0x8000d5d0 (0x4002d013) srai    zero, t0, 0
core   0: 3 0x8000d5d0 (0x4002d013)
core   0: 0x8000d5d4 (0x00c6e033) or      zero, a3, a2
core   0: 3 0x8000d5d4 (0x00c6e033)
core   0: 0x8000d5d8 (0x01c0d4b3) srl     s1, ra, t3
core   0: 3 0x8000d5d8 (0x01c0d4b3) x 9 0x00000001
core   0: 0x8000d5dc (0xcfc24b13) xori    s6, tp, -772
core   0: 3 0x8000d5dc (0xcfc24b13) x22 0xfffffcfc
core   0: 0x8000d5e0 (0x004d3433) sltu    s0, s10, tp
core   0: 3 0x8000d5e0 (0x004d3433) x 8 0x00000000
core   0: 0x8000d5e4 (0x01ec50b3) srl     ra, s8, t5
core   0: 3 0x8000d5e4 (0x01ec50b3) x 1 0x00000000
core   0: 0x8000d5e8 (0x01309433) sll     s0, ra, s3
core   0: 3 0x8000d5e8 (0x01309433) x 8 0x00000000
core   0: 0x8000d5ec (0x008e5433) srl     s0, t3, s0
core   0: 3 0x8000d5ec (0x008e5433) x 8 0x7b800000
core   0: 0x8000d5f0 (0x04711063) bne     sp, t2, pc + 64
core   0: 3 0x8000d5f0 (0x04711063)
core   0: 0x8000d630 (0x0ff0000f) fence   iorw,iorw
core   0: 3 0x8000d630 (0x0ff0000f)
core   0: 0x8000d634 (0x012eca63) blt     t4, s2, pc + 20
core   0: 3 0x8000d634 (0x012eca63)
core   0: 0x8000d638 (0x019cdd33) srl     s10, s9, s9
core   0: 3 0x8000d638 (0x019cdd33) x26 0x00000010
core   0: 0x8000d63c (0x05d0c463) blt     ra, t4, pc + 72
core   0: 3 0x8000d63c (0x05d0c463)
core   0: 0x8000d640 (0xfd26f393) andi    t2, a3, -46
core   0: 3 0x8000d640 (0xfd26f393) x 7 0x00000000
core   0: 0x8000d644 (0x0021d433) srl     s0, gp, sp
core   0: 3 0x8000d644 (0x0021d433) x 8 0x0fffffff
core   0: 0x8000d648 (0x02a18663) beq     gp, a0, pc + 44
core   0: 3 0x8000d648 (0x02a18663)
core   0: 0x8000d64c (0x0ff0000f) fence   iorw,iorw
core   0: 3 0x8000d64c (0x0ff0000f)
core   0: 0x8000d650 (0x789b4913) xori    s2, s6, 1929
core   0: 3 0x8000d650 (0x789b4913) x18 0xfffffb75
core   0: 0x8000d654 (0x41440333) sub     t1, s0, s4
core   0: 3 0x8000d654 (0x41440333) x 6 0x0fffff0a
core   0: 0x8000d658 (0x4fbaa013) slti    zero, s5, 1275
core   0: 3 0x8000d658 (0x4fbaa013)
core   0: 0x8000d65c (0x01d5e3b3) or      t2, a1, t4
core   0: 3 0x8000d65c (0x01d5e3b3) x 7 0x80000000
core   0: 0x8000d660 (0x11b791b7) lui     gp, 0x11b79
core   0: 3 0x8000d660 (0x11b791b7) x 3 0x11b79000
core   0: 0x8000d664 (0x82cfcd37) lui     s10, 0x82cfc
core   0: 3 0x8000d664 (0x82cfcd37) x26 0x82cfc000
core   0: 0x8000d668 (0x0ff0000f) fence   iorw,iorw
core   0: 3 0x8000d668 (0x0ff0000f)
core   0: 0x8000d66c (0x1ddbb793) sltiu   a5, s7, 477
core   0: 3 0x8000d66c (0x1ddbb793) x15 0x00000000
core   0: 0x8000d670 (0x017157b3) srl     a5, sp, s7
core   0: 3 0x8000d670 (0x017157b3) x15 0x80028ce4
core   0: 0x8000d674 (0x01316833) or      a6, sp, s3
core   0: 3 0x8000d674 (0x01316833) x16 0x80028ff7
core   0: 0x8000d678 (0xa1a1df37) lui     t5, 0xa1a1d
core   0: 3 0x8000d678 (0xa1a1df37) x30 0xa1a1d000
core   0: 0x8000d67c (0x41d9d6b3) sra     a3, s3, t4
core   0: 3 0x8000d67c (0x41d9d6b3) x13 0x000003f7
core   0: 0x8000d680 (0xd63c7f13) andi    t5, s8, -669
core   0: 3 0x8000d680 (0xd63c7f13) x30 0x00000000
core   0: 0x8000d684 (0x2bb00213) li      tp, 699
core   0: 3 0x8000d684 (0x2bb00213) x 4 0x000002bb
core   0: 0x8000d688 (0x0e136b13) ori     s6, t1, 225
core   0: 3 0x8000d688 (0x0e136b13) x22 0x0fffffeb
core   0: 0x8000d68c (0x0168b333) sltu    t1, a7, s6
core   0: 3 0x8000d68c (0x0168b333) x 6 0x00000000
core   0: 0x8000d690 (0x008561b3) or      gp, a0, s0
core   0: 3 0x8000d690 (0x008561b3) x 3 0x0fffffff
core   0: 0x8000d694 (0xd776b513) sltiu   a0, a3, -649
core   0: 3 0x8000d694 (0xd776b513) x10 0x00000001
core   0: 0x8000d698 (0x0000100f) fence.i
core   0: 3 0x8000d698 (0x0000100f)
core   0: 0x8000d69c (0x765ca993) slti    s3, s9, 1893
core   0: 3 0x8000d69c (0x765ca993) x19 0x00000001
core   0: 0x8000d6a0 (0x016b1513) slli    a0, s6, 22
core   0: 3 0x8000d6a0 (0x016b1513) x10 0xfac00000
core   0: 0x8000d6a4 (0x01e19e33) sll     t3, gp, t5
core   0: 3 0x8000d6a4 (0x01e19e33) x28 0x0fffffff
core   0: 0x8000d6a8 (0xb285bf13) sltiu   t5, a1, -1240
core   0: 3 0x8000d6a8 (0xb285bf13) x30 0x00000001
core   0: 0x8000d6ac (0xb9e6f493) andi    s1, a3, -1122
core   0: 3 0x8000d6ac (0xb9e6f493) x 9 0x00000396
core   0: 0x8000d6b0 (0x018e28b3) slt     a7, t3, s8
core   0: 3 0x8000d6b0 (0x018e28b3) x17 0x00000000
core   0: 0x8000d6b4 (0x0000100f) fence.i
core   0: 3 0x8000d6b4 (0x0000100f)
core   0: 0x8000d6b8 (0x01361713) slli    a4, a2, 19
core   0: 3 0x8000d6b8 (0x01361713) x14 0x71600000
core   0: 0x8000d6bc (0xe7720513) addi    a0, tp, -393
core   0: 3 0x8000d6bc (0xe7720513) x10 0x00000132
core   0: 0x8000d6c0 (0x0ff0000f) fence   iorw,iorw
core   0: 3 0x8000d6c0 (0x0ff0000f)
core   0: 0x8000d6c4 (0x82896f93) ori     t6, s2, -2008
core   0: 3 0x8000d6c4 (0x82896f93) x31 0xfffffb7d
core   0: 0x8000d6c8 (0x0000100f) fence.i
core   0: 3 0x8000d6c8 (0x0000100f)
core   0: 0x8000d6cc (0x01867b33) and     s6, a2, s8
core   0: 3 0x8000d6cc (0x01867b33) x22 0x00000000
core   0: 0x8000d6d0 (0x0ff0000f) fence   iorw,iorw
core   0: 3 0x8000d6d0 (0x0ff0000f)
core   0: 0x8000d6d4 (0x0058b9b3) sltu    s3, a7, t0
core   0: 3 0x8000d6d4 (0x0058b9b3) x19 0x00000001
core   0: 0x8000d6d8 (0x01dc1013) slli    zero, s8, 29
core   0: 3 0x8000d6d8 (0x01dc1013)
core   0: 0x8000d6dc (0x01271213) slli    tp, a4, 18
core   0: 3 0x8000d6dc (0x01271213) x 4 0x00000000
core   0: 0x8000d6e0 (0x00d11c63) bne     sp, a3, pc + 24
core   0: 3 0x8000d6e0 (0x00d11c63)
core   0: 0x8000d6f8 (0x01c36c63) bltu    t1, t3, pc + 24
core   0: 3 0x8000d6f8 (0x01c36c63)
core   0: 0x8000d710 (0x0000100f) fence.i
core   0: 3 0x8000d710 (0x0000100f)
core   0: 0x8000d714 (0x0089e433) or      s0, s3, s0
core   0: 3 0x8000d714 (0x0089e433) x 8 0x0fffffff
core   0: 0x8000d718 (0x41c55933) sra     s2, a0, t3
core   0: 3 0x8000d718 (0x41c55933) x18 0x00000000
core   0: 0x8000d71c (0x01d201b3) add     gp, tp, t4
core   0: 3 0x8000d71c (0x01d201b3) x 3 0x00000000
core   0: 0x8000d720 (0x00462283) lw      t0, 4(a2)
core   0: 3 0x8000d720 (0x00462283) x 5 0x8000d830 mem 0x80024e30
core   0: 0x8000d724 (0x0059cfb3) xor     t6, s3, t0
core   0: 3 0x8000d724 (0x0059cfb3) x31 0x8000d831
core   0: 0x8000d728 (0x00de31b3) sltu    gp, t3, a3
core   0: 3 0x8000d728 (0x00de31b3) x 3 0x00000000
core   0: 0x8000d72c (0x4089d3b3) sra     t2, s3, s0
core   0: 3 0x8000d72c (0x4089d3b3) x 7 0x00000000
core   0: 0x8000d730 (0x4042db33) sra     s6, t0, tp
core   0: 3 0x8000d730 (0x4042db33) x22 0x8000d830
core   0: 0x8000d734 (0x0123dc13) srli    s8, t2, 18
core   0: 3 0x8000d734 (0x0123dc13) x24 0x00000000
core   0: 0x8000d738 (0x003e76b3) and     a3, t3, gp
core   0: 3 0x8000d738 (0x003e76b3) x13 0x00000000
core   0: 0x8000d73c (0x01460613) addi    a2, a2, 20
core   0: 3 0x8000d73c (0x01460613) x12 0x80024e40
core   0: 0x8000d740 (0x40b45cb3) sra     s9, s0, a1
core   0: 3 0x8000d740 (0x40b45cb3) x25 0x0fffffff
core   0: 0x8000d744 (0x00128c93) addi    s9, t0, 1
core   0: 3 0x8000d744 (0x00128c93) x25 0x8000d831
core   0: 0x8000d748 (0x000c8ce7) jalr    s9, s9, 0
core   0: 3 0x8000d748 (0x000c8ce7) x25 0x8000d74c
core   0: 0x8000d830 (0x14fc0b13) addi    s6, s8, 335
core   0: 3 0x8000d830 (0x14fc0b13) x22 0x0000014f
core   0: 0x8000d834 (0x010e2db3) slt     s11, t3, a6
core   0: 3 0x8000d834 (0x010e2db3) x27 0x00000000
core   0: 0x8000d838 (0x01949e93) slli    t4, s1, 25
core   0: 3 0x8000d838 (0x01949e93) x29 0x2c000000
core   0: 0x8000d83c (0xdc123093) sltiu   ra, tp, -575
core   0: 3 0x8000d83c (0xdc123093) x 1 0x00000001
core   0: 0x8000d840 (0x411d01b3) sub     gp, s10, a7
core   0: 3 0x8000d840 (0x411d01b3) x 3 0x82cfc000
core   0: 0x8000d844 (0xcd6db213) sltiu   tp, s11, -810
core   0: 3 0x8000d844 (0xcd6db213) x 4 0x00000001
core   0: 0x8000d848 (0x02dc1a63) bne     s8, a3, pc + 52
core   0: 3 0x8000d848 (0x02dc1a63)
core   0: 0x8000d84c (0x0000100f) fence.i
core   0: 3 0x8000d84c (0x0000100f)
core   0: 0x8000d850 (0x4004d3b3) sra     t2, s1, zero
core   0: 3 0x8000d850 (0x4004d3b3) x 7 0x00000396
core   0: 0x8000d854 (0x05eb4463) blt     s6, t5, pc + 72
core   0: 3 0x8000d854 (0x05eb4463)
core   0: 0x8000d858 (0x0000100f) fence.i
core   0: 3 0x8000d858 (0x0000100f)
core   0: 0x8000d85c (0x40c800b3) sub     ra, a6, a2
core   0: 3 0x8000d85c (0x40c800b3) x 1 0x000041b7
core   0: 0x8000d860 (0x005f8c33) add     s8, t6, t0
core   0: 3 0x8000d860 (0x005f8c33) x24 0x0001b061
core   0: 0x8000d864 (0x28ee7893) andi    a7, t3, 654
core   0: 3 0x8000d864 (0x28ee7893) x17 0x0000028e
core   0: 0x8000d868 (0x01239413) slli    s0, t2, 18
core   0: 3 0x8000d868 (0x01239413) x 8 0x0e580000
core   0: 0x8000d86c (0x4155dc93) srai    s9, a1, 21
core   0: 3 0x8000d86c (0x4155dc93) x25 0xfffffc00
core   0: 0x8000d870 (0x007db4b3) sltu    s1, s11, t2
core   0: 3 0x8000d870 (0x007db4b3) x 9 0x00000001
core   0: 0x8000d874 (0x029a8063) beq     s5, s1, pc + 32
core   0: 3 0x8000d874 (0x029a8063)
core   0: 0x8000d878 (0x003373b3) and     t2, t1, gp
core   0: 3 0x8000d878 (0x003373b3) x 7 0x00000000
core   0: 0x8000d87c (0x00ee5b33) srl     s6, t3, a4
core   0: 3 0x8000d87c (0x00ee5b33) x22 0x0fffffff
core   0: 0x8000d880 (0x05069263) bne     a3, a6, pc + 68
core   0: 3 0x8000d880 (0x05069263)
core   0: 0x8000d8c4 (0x0000100f) fence.i
core   0: 3 0x8000d8c4 (0x0000100f)
core   0: 0x8000d8c8 (0x41d78d33) sub     s10, a5, t4
core   0: 3 0x8000d8c8 (0x41d78d33) x26 0x54028ce4
core   0: 0x8000d8cc (0x0310fa63) bgeu    ra, a7, pc + 52
core   0: 3 0x8000d8cc (0x0310fa63)
core   0: 0x8000d900 (0x6f97c793) xori    a5, a5, 1785
core   0: 3 0x8000d900 (0x6f97c793) x15 0x80028a1d
core   0: 0x8000d904 (0x00bec663) blt     t4, a1, pc + 12
core   0: 3 0x8000d904 (0x00bec663)
core   0: 0x8000d908 (0x53a56193) ori     gp, a0, 1338
core   0: 3 0x8000d908 (0x53a56193) x 3 0x0000053a
core   0: 0x8000d90c (0x0ff0000f) fence   iorw,iorw
core   0: 3 0x8000d90c (0x0ff0000f)
core   0: 0x8000d910 (0x005513b3) sll     t2, a0, t0
core   0: 3 0x8000d910 (0x005513b3) x 7 0x01320000
core   0: 0x8000d914 (0x4117d713) srai    a4, a5, 17
core   0: 3 0x8000d914 (0x4117d713) x14 0xffffc001
core   0: 0x8000d918 (0xc01316b7) lui     a3, 0xc0131
core   0: 3 0x8000d918 (0xc01316b7) x13 0xc0131000
core   0: 0x8000d91c (0x00462283) lw      t0, 4(a2)
core   0: 3 0x8000d91c (0x00462283) x 5 0x80008ff0 mem 0x80024e44
core   0: 0x8000d920 (0x02460613) addi    a2, a2, 36
core   0: 3 0x8000d920 (0x02460613) x12 0x80024e64
core   0: 0x8000d924 (0x0ff0000f) fence   iorw,iorw
core   0: 3 0x8000d924 (0x0ff0000f)
core   0: 0x8000d928 (0x7ea0e993) ori     s3, ra, 2026
core   0: 3 0x8000d928 (0x7ea0e993) x19 0x000047ff
core   0: 0x8000d92c (0x00028813) mv      a6, t0
core   0: 3 0x8000d92c (0x00028813) x16 0x80008ff0
core   0: 0x8000d930 (0x00080867) jalr    a6, a6, 0
core   0: 3 0x8000d930 (0x00080867) x16 0x8000d934
core   0: 0x80008ff0 (0xd696c913) xori    s2, a3, -663
core   0: 3 0x80008ff0 (0xd696c913) x18 0x3feced69
core   0: 0x80008ff4 (0x001c4933) xor     s2, s8, ra
core   0: 3 0x80008ff4 (0x001c4933) x18 0x0001f1d6
core   0: 0x80008ff8 (0x89d3cb13) xori    s6, t2, -1891
core   0: 3 0x80008ff8 (0x89d3cb13) x22 0xfecdf89d
core   0: 0x80008ffc (0x00254a33) xor     s4, a0, sp
core   0: 3 0x80008ffc (0x00254a33) x20 0x80028dd6
core   0: 0x80009000 (0x41e083b3) sub     t2, ra, t5
core   0: 3 0x80009000 (0x41e083b3) x 7 0x000041b6
core   0: 0x80009004 (0x41e2ddb3) sra     s11, t0, t5
core   0: 3 0x80009004 (0x41e2ddb3) x27 0xc00047f8
core   0: 0x80009008 (0x3be2b293) sltiu   t0, t0, 958
core   0: 3 0x80009008 (0x3be2b293) x 5 0x00000000
core   0: 0x8000900c (0x01b64e63) blt     a2, s11, pc + 28
core   0: 3 0x8000900c (0x01b64e63)
core   0: 0x80009028 (0x01638463) beq     t2, s6, pc + 8
core   0: 3 0x80009028 (0x01638463)
core   0: 0x8000902c (0xfefc8797) auipc   a5, 0xfefc8
core   0: 3 0x8000902c (0xfefc8797) x15 0x7efd102c
core   0: 0x80009030 (0x01c80e33) add     t3, a6, t3
core   0: 3 0x80009030 (0x01c80e33) x28 0x9000d933
core   0: 0x80009034 (0x012c9db3) sll     s11, s9, s2
core   0: 3 0x80009034 (0x012c9db3) x27 0x00000000
core   0: 0x80009038 (0xa3ce2093) slti    ra, t3, -1476
core   0: 3 0x80009038 (0xa3ce2093) x 1 0x00000001
core   0: 0x8000903c (0x40a60db3) sub     s11, a2, a0
core   0: 3 0x8000903c (0x40a60db3) x27 0x80024d32
core   0: 0x80009040 (0x01e2bab3) sltu    s5, t0, t5
core   0: 3 0x80009040 (0x01e2bab3) x21 0x00000001
core   0: 0x80009044 (0x0055d293) srli    t0, a1, 5
core   0: 3 0x80009044 (0x0055d293) x 5 0x04000000
core   0: 0x80009048 (0xfbcdf913) andi    s2, s11, -68
core   0: 3 0x80009048 (0xfbcdf913) x18 0x80024d30
core   0: 0x8000904c (0x02c4c663) blt     s1, a2, pc + 44
core   0: 3 0x8000904c (0x02c4c663)
core   0: 0x80009050 (0xd69df793) andi    a5, s11, -663
core   0: 3 0x80009050 (0xd69df793) x15 0x80024d20
core   0: 0x80009054 (0x3c994f93) xori    t6, s2, 969
core   0: 3 0x80009054 (0x3c994f93) x31 0x80024ef9
core   0: 0x80009058 (0x01aa31b3) sltu    gp, s4, s10
core   0: 3 0x80009058 (0x01aa31b3) x 3 0x00000000
core   0: 0x8000905c (0xea8cca93) xori    s5, s9, -344
core   0: 3 0x8000905c (0xea8cca93) x21 0x000002a8
core   0: 0x80009060 (0x01eb1713) slli    a4, s6, 30
core   0: 3 0x80009060 (0x01eb1713) x14 0x40000000
core   0: 0x80009064 (0x41535b13) srai    s6, t1, 21
core   0: 3 0x80009064 (0x41535b13) x22 0x00000000
core   0: 0x80009068 (0x00000013) nop
core   0: 3 0x80009068 (0x00000013)
core   0: 0x8000906c (0x405f5d93) srai    s11, t5, 5
core   0: 3 0x8000906c (0x405f5d93) x27 0x00000000
core   0: 0x80009070 (0xa169c213) xori    tp, s3, -1514
core   0: 3 0x80009070 (0xa169c213) x 4 0xffffbde9
core   0: 0x80009074 (0x01b58a63) beq     a1, s11, pc + 20
core   0: 3 0x80009074 (0x01b58a63)
core   0: 0x80009078 (0x0000100f) fence.i
core   0: 3 0x80009078 (0x0000100f)
core   0: 0x8000907c (0xe7f28913) addi    s2, t0, -385
core   0: 3 0x8000907c (0xe7f28913) x18 0x03fffe7f
core   0: 0x80009080 (0x054f5863) bge     t5, s4, pc + 80
core   0: 3 0x80009080 (0x054f5863)
core   0: 0x800090d0 (0x026e6e63) bltu    t3, t1, pc + 60
core   0: 3 0x800090d0 (0x026e6e63)
core   0: 0x800090d4 (0x012e0033) add     zero, t3, s2
core   0: 3 0x800090d4 (0x012e0033)
core   0: 0x800090d8 (0xf8366093) ori     ra, a2, -125
core   0: 3 0x800090d8 (0xf8366093) x 1 0xffffffe7
core   0: 0x800090dc (0x00748663) beq     s1, t2, pc + 12
core   0: 3 0x800090dc (0x00748663)
core   0: 0x800090e0 (0x59eba813) slti    a6, s7, 1438
core   0: 3 0x800090e0 (0x59eba813) x16 0x00000001
core   0: 0x800090e4 (0x01e13db3) sltu    s11, sp, t5
core   0: 3 0x800090e4 (0x01e13db3) x27 0x00000000
core   0: 0x800090e8 (0x01a491b3) sll     gp, s1, s10
core   0: 3 0x800090e8 (0x01a491b3) x 3 0x00000010
core   0: 0x800090ec (0xdf1bf093) andi    ra, s7, -527
core   0: 3 0x800090ec (0xdf1bf093) x 1 0xb21f8000
core   0: 0x800090f0 (0x005e9f33) sll     t5, t4, t0
core   0: 3 0x800090f0 (0x005e9f33) x30 0x2c000000
core   0: 0x800090f4 (0x05e39663) bne     t2, t5, pc + 76
core   0: 3 0x800090f4 (0x05e39663)
core   0: 0x80009140 (0x01a81d93) slli    s11, a6, 26
core   0: 3 0x80009140 (0x01a81d93) x27 0x04000000
core   0: 0x80009144 (0x004e9fb3) sll     t6, t4, tp
core   0: 3 0x80009144 (0x004e9fb3) x31 0x00000000
core   0: 0x80009148 (0x00b51c33) sll     s8, a0, a1
core   0: 3 0x80009148 (0x00b51c33) x24 0x00000132
core   0: 0x8000914c (0x01ad04b3) add     s1, s10, s10
core   0: 3 0x8000914c (0x01ad04b3) x 9 0xa80519c8
core   0: 0x80009150 (0x0014deb3) srl     t4, s1, ra
core   0: 3 0x80009150 (0x0014deb3) x29 0xa80519c8
core   0: 0x80009154 (0x0073a3b3) slt     t2, t2, t2
core   0: 3 0x80009154 (0x0073a3b3) x 7 0x00000000
core   0: 0x80009158 (0x00878cb3) add     s9, a5, s0
core   0: 3 0x80009158 (0x00878cb3) x25 0x8e5a4d20
core   0: 0x8000915c (0x92b5b393) sltiu   t2, a1, -1749
core   0: 3 0x8000915c (0x92b5b393) x 7 0x00000001
core   0: 0x80009160 (0x004ff863) bgeu    t6, tp, pc + 16
core   0: 3 0x80009160 (0x004ff863)
core   0: 0x80009164 (0x0ff0000f) fence   iorw,iorw
core   0: 3 0x80009164 (0x0ff0000f)
core   0: 0x80009168 (0x0000100f) fence.i
core   0: 3 0x80009168 (0x0000100f)
core   0: 0x8000916c (0x013a9313) slli    t1, s5, 19
core   0: 3 0x8000916c (0x013a9313) x 6 0x15400000
core   0: 0x80009170 (0x0145dc93) srli    s9, a1, 20
core   0: 3 0x80009170 (0x0145dc93) x25 0x00000800
core   0: 0x80009174 (0x470a8013) addi    zero, s5, 1136
core   0: 3 0x80009174 (0x470a8013)
core   0: 0x80009178 (0x01cfdb93) srli    s7, t6, 28
core   0: 3 0x80009178 (0x01cfdb93) x23 0x00000000
core   0: 0x8000917c (0x05755263) bge     a0, s7, pc + 68
core   0: 3 0x8000917c (0x05755263)
core   0: 0x800091c0 (0x02ad9263) bne     s11, a0, pc + 36
core   0: 3 0x800091c0 (0x02ad9263)
core   0: 0x800091e4 (0x29b6ee13) ori     t3, a3, 667
core   0: 3 0x800091e4 (0x29b6ee13) x28 0xc013129b
core   0: 0x800091e8 (0x41e4dab3) sra     s5, s1, t5
core   0: 3 0x800091e8 (0x41e4dab3) x21 0xa80519c8
core   0: 0x800091ec (0x01777463) bgeu    a4, s7, pc + 8
core   0: 3 0x800091ec (0x01777463)
core   0: 0x800091f4 (0xdfeba517) auipc   a0, 0xdfeba
core   0: 3 0x800091f4 (0xdfeba517) x10 0x5fec31f4
core   0: 0x800091f8 (0xe5c8e213) ori     tp, a7, -420
core   0: 3 0x800091f8 (0xe5c8e213) x 4 0xfffffede
core   0: 0x800091fc (0x79270c93) addi    s9, a4, 1938
core   0: 3 0x800091fc (0x79270c93) x25 0x40000792
core   0: 0x80009200 (0x01659c33) sll     s8, a1, s6
core   0: 3 0x80009200 (0x01659c33) x24 0x80000000
core   0: 0x80009204 (0xc2690693) addi    a3, s2, -986
core   0: 3 0x80009204 (0xc2690693) x13 0x03fffaa5
core   0: 0x80009208 (0x55589037) lui     zero, 0x55589
core   0: 3 0x80009208 (0x55589037)
core   0: 0x8000920c (0x8ea36a13) ori     s4, t1, -1814
core   0: 3 0x8000920c (0x8ea36a13) x20 0xfffff8ea
core   0: 0x80009210 (0xb0f113b7) lui     t2, 0xb0f11
core   0: 3 0x80009210 (0xb0f113b7) x 7 0xb0f11000
core   0: 0x80009214 (0x04f2c263) blt     t0, a5, pc + 68
core   0: 3 0x80009214 (0x04f2c263)
core   0: 0x80009218 (0x00925663) bge     tp, s1, pc + 12
core   0: 3 0x80009218 (0x00925663)
core   0: 0x80009224 (0x0000100f) fence.i
core   0: 3 0x80009224 (0x0000100f)
core   0: 0x80009228 (0x3c8a8917) auipc   s2, 0x3c8a8
core   0: 3 0x80009228 (0x3c8a8917) x18 0xbc8b1228
core   0: 0x8000922c (0x0048e233) or      tp, a7, tp
core   0: 3 0x8000922c (0x0048e233) x 4 0xfffffede
core   0: 0x80009230 (0x00cbe933) or      s2, s7, a2
core   0: 3 0x80009230 (0x00cbe933) x18 0x80024e64
core   0: 0x80009234 (0x05f79063) bne     a5, t6, pc + 64
core   0: 3 0x80009234 (0x05f79063)
core   0: 0x80009274 (0x40cfd6b3) sra     a3, t6, a2
core   0: 3 0x80009274 (0x40cfd6b3) x13 0x00000000
core   0: 0x80009278 (0x40c9d333) sra     t1, s3, a2
core   0: 3 0x80009278 (0x40c9d333) x 6 0x0000047f
core   0: 0x8000927c (0x00b47513) andi    a0, s0, 11
core   0: 3 0x8000927c (0x00b47513) x10 0x00000000
core   0: 0x80009280 (0x00b4ea63) bltu    s1, a1, pc + 20
core   0: 3 0x80009280 (0x00b4ea63)
core   0: 0x80009284 (0x01666cb3) or      s9, a2, s6
core   0: 3 0x80009284 (0x01666cb3) x25 0x80024e64
core   0: 0x80009288 (0x2feac413) xori    s0, s5, 766
core   0: 3 0x80009288 (0x2feac413) x 8 0xa8051b36
core   0: 0x8000928c (0x40e38533) sub     a0, t2, a4
core   0: 3 0x8000928c (0x40e38533) x10 0x70f11000
core   0: 0x80009290 (0x019fccb3) xor     s9, t6, s9
core   0: 3 0x80009290 (0x019fccb3) x25 0x80024e64
core   0: 0x80009294 (0x00368b33) add     s6, a3, gp
core   0: 3 0x80009294 (0x00368b33) x22 0x00000010
core   0: 0x80009298 (0x00246863) bltu    s0, sp, pc + 16
core   0: 3 0x80009298 (0x00246863)
core   0: 0x8000929c (0x40b502b3) sub     t0, a0, a1
core   0: 3 0x8000929c (0x40b502b3) x 5 0xf0f11000
core   0: 0x800092a0 (0x60c88a13) addi    s4, a7, 1548
core   0: 3 0x800092a0 (0x60c88a13) x20 0x0000089a
core   0: 0x800092a4 (0x00b38833) add     a6, t2, a1
core   0: 3 0x800092a4 (0x00b38833) x16 0x30f11000
core   0: 0x800092a8 (0x0016f7b3) and     a5, a3, ra
core   0: 3 0x800092a8 (0x0016f7b3) x15 0x00000000
core   0: 0x800092ac (0xef492313) slti    t1, s2, -268
core   0: 3 0x800092ac (0xef492313) x 6 0x00000001
core   0: 0x800092b0 (0x0ff0000f) fence   iorw,iorw
core   0: 3 0x800092b0 (0x0ff0000f)
core   0: 0x800092b4 (0x019a5013) srli    zero, s4, 25
core   0: 3 0x800092b4 (0x019a5013)
core   0: 0x800092b8 (0x16c7eb93) ori     s7, a5, 364
core   0: 3 0x800092b8 (0x16c7eb93) x23 0x0000016c
core   0: 0x800092bc (0x009ecc33) xor     s8, t4, s1
core   0: 3 0x800092bc (0x009ecc33) x24 0x00000000
core   0: 0x800092c0 (0x6b360893) addi    a7, a2, 1715
core   0: 3 0x800092c0 (0x6b360893) x17 0x80025517
core   0: 0x800092c4 (0x01679a93) slli    s5, a5, 22
core   0: 3 0x800092c4 (0x01679a93) x21 0x00000000
core   0: 0x800092c8 (0x000731b3) sltu    gp, a4, zero
core   0: 3 0x800092c8 (0x000731b3) x 3 0x00000000
core   0: 0x800092cc (0x0498f663) bgeu    a7, s1, pc + 76
core   0: 3 0x800092cc (0x0498f663)
core   0: 0x800092d0 (0x7a936cb7) lui     s9, 0x7a936
core   0: 3 0x800092d0 (0x7a936cb7) x25 0x7a936000
core   0: 0x800092d4 (0xd63a6337) lui     t1, 0xd63a6
core   0: 3 0x800092d4 (0xd63a6337) x 6 0xd63a6000
core   0: 0x800092d8 (0x400183b3) sub     t2, gp, zero
core   0: 3 0x800092d8 (0x400183b3) x 7 0x00000000
core   0: 0x800092dc (0x00bb1e13) slli    t3, s6, 11
core   0: 3 0x800092dc (0x00bb1e13) x28 0x00008000
core   0: 0x800092e0 (0x0000100f) fence.i
core   0: 3 0x800092e0 (0x0000100f)
core   0: 0x800092e4 (0x097b2fb7) lui     t6, 0x97b2
core   0: 3 0x800092e4 (0x097b2fb7) x31 0x097b2000
core   0: 0x800092e8 (0x0179d463) bge     s3, s7, pc + 8
core   0: 3 0x800092e8 (0x0179d463)
core   0: 0x800092f0 (0x000f5933) srl     s2, t5, zero
core   0: 3 0x800092f0 (0x000f5933) x18 0x2c000000
core   0: 0x800092f4 (0x00f17463) bgeu    sp, a5, pc + 8
core   0: 3 0x800092f4 (0x00f17463)
core   0: 0x800092fc (0x00b21093) slli    ra, tp, 11
core   0: 3 0x800092fc (0x00b21093) x 1 0xfff6f000
core   0: 0x80009300 (0x9b780f37) lui     t5, 0x9b780
core   0: 3 0x80009300 (0x9b780f37) x30 0x9b780000
core   0: 0x80009304 (0x0be5ee13) ori     t3, a1, 190
core   0: 3 0x80009304 (0x0be5ee13) x28 0x800000be
core   0: 0x80009308 (0x01fbe3b3) or      t2, s7, t6
core   0: 3 0x80009308 (0x01fbe3b3) x 7 0x097b216c
core   0: 0x8000930c (0x0d0e0913) addi    s2, t3, 208
core   0: 3 0x8000930c (0x0d0e0913) x18 0x8000018e
core   0: 0x80009310 (0x3883e013) ori     zero, t2, 904
core   0: 3 0x80009310 (0x3883e013)
core   0: 0x80009314 (0x008c57b3) srl     a5, s8, s0
core   0: 3 0x80009314 (0x008c57b3) x15 0x00000000
core   0: 0x80009318 (0x00e2cc63) blt     t0, a4, pc + 24
core   0: 3 0x80009318 (0x00e2cc63)
core   0: 0x80009330 (0x40e42293) slti    t0, s0, 1038
core   0: 3 0x80009330 (0x40e42293) x 5 0x00000001
core   0: 0x80009334 (0x3990cc93) xori    s9, ra, 921
core   0: 3 0x80009334 (0x3990cc93) x25 0xfff6f399
core   0: 0x80009338 (0x012b9e93) slli    t4, s7, 18
core   0: 3 0x80009338 (0x012b9e93) x29 0x05b00000
core   0: 0x8000933c (0xee1ec417) auipc   s0, 0xee1ec
core   0: 3 0x8000933c (0xee1ec417) x 8 0x6e1f533c
core   0: 0x80009340 (0x01573f33) sltu    t5, a4, s5
core   0: 3 0x80009340 (0x01573f33) x30 0x00000000
core   0: 0x80009344 (0x55d96d13) ori     s10, s2, 1373
core   0: 3 0x80009344 (0x55d96d13) x26 0x800005df
core   0: 0x80009348 (0x40595d93) srai    s11, s2, 5
core   0: 3 0x80009348 (0x40595d93) x27 0xfc00000c
core   0: 0x8000934c (0x013a9c63) bne     s5, s3, pc + 24
core   0: 3 0x8000934c (0x013a9c63)
core   0: 0x80009364 (0x0000100f) fence.i
core   0: 3 0x80009364 (0x0000100f)
core   0: 0x80009368 (0x0ff0000f) fence   iorw,iorw
core   0: 3 0x80009368 (0x0ff0000f)
core   0: 0x8000936c (0x041c1263) bne     s8, ra, pc + 68
core   0: 3 0x8000936c (0x041c1263)
core   0: 0x800093b0 (0x4008da93) srai    s5, a7, 0
core   0: 3 0x800093b0 (0x4008da93) x21 0x80025517
core   0: 0x800093b4 (0x0072d693) srli    a3, t0, 7
core   0: 3 0x800093b4 (0x0072d693) x13 0x00000000
core   0: 0x800093b8 (0x03ef4e63) blt     t5, t5, pc + 60
core   0: 3 0x800093b8 (0x03ef4e63)
core   0: 0x800093bc (0x013599b3) sll     s3, a1, s3
core   0: 3 0x800093bc (0x013599b3) x19 0x00000000
core   0: 0x800093c0 (0x014d9233) sll     tp, s11, s4
core   0: 3 0x800093c0 (0x014d9233) x 4 0x30000000
core   0: 0x800093c4 (0xd0c12d93) slti    s11, sp, -756
core   0: 3 0x800093c4 (0xd0c12d93) x27 0x00000001
core   0: 0x800093c8 (0xbd25ce13) xori    t3, a1, -1070
core   0: 3 0x800093c8 (0xbd25ce13) x28 0x7ffffbd2
core   0: 0x800093cc (0x00fd6663) bltu    s10, a5, pc + 12
core   0: 3 0x800093cc (0x00fd6663)
core   0: 0x800093d0 (0x03b27663) bgeu    tp, s11, pc + 44
core   0: 3 0x800093d0 (0x03b27663)
core   0: 0x800093fc (0x040e5863) bgez    t3, pc + 80
core   0: 3 0x800093fc (0x040e5863)
core   0: 0x8000944c (0x05529663) bne     t0, s5, pc + 76
core   0: 3 0x8000944c (0x05529663)
core   0: 0x80009498 (0xf4c4ef13) ori     t5, s1, -180
core   0: 3 0x80009498 (0xf4c4ef13) x30 0xffffffcc
core   0: 0x8000949c (0x00279263) bne     a5, sp, pc + 4
core   0: 3 0x8000949c (0x00279263)
core   0: 0x800094a0 (0x0447d663) bge     a5, tp, pc + 76
core   0: 3 0x800094a0 (0x0447d663)
core   0: 0x800094a4 (0x017d39b3) sltu    s3, s10, s7
core   0: 3 0x800094a4 (0x017d39b3) x19 0x00000000
core   0: 0x800094a8 (0x00a64cb3) xor     s9, a2, a0
core   0: 3 0x800094a8 (0x00a64cb3) x25 0xf0f35e64
core   0: 0x800094ac (0x01c56663) bltu    a0, t3, pc + 12
core   0: 3 0x800094ac (0x01c56663)
core   0: 0x800094b8 (0x74570913) addi    s2, a4, 1861
core   0: 3 0x800094b8 (0x74570913) x18 0x40000745
core   0: 0x800094bc (0x01cdf433) and     s0, s11, t3
core   0: 3 0x800094bc (0x01cdf433) x 8 0x00000000
core   0: 0x800094c0 (0x40e10eb3) sub     t4, sp, a4
core   0: 3 0x800094c0 (0x40e10eb3) x29 0x40028ce4
core   0: 0x800094c4 (0x0ff0000f) fence   iorw,iorw
core   0: 3 0x800094c4 (0x0ff0000f)
core   0: 0x800094c8 (0x00039cb3) sll     s9, t2, zero
core   0: 3 0x800094c8 (0x00039cb3) x25 0x097b216c
core   0: 0x800094cc (0xe94a0a93) addi    s5, s4, -364
core   0: 3 0x800094cc (0xe94a0a93) x21 0x0000072e
core   0: 0x800094d0 (0xec72f193) andi    gp, t0, -313
core   0: 3 0x800094d0 (0xec72f193) x 3 0x00000001
core   0: 0x800094d4 (0xf94dc2b7) lui     t0, 0xf94dc
core   0: 3 0x800094d4 (0xf94dc2b7) x 5 0xf94dc000
core   0: 0x800094d8 (0x04d29663) bne     t0, a3, pc + 76
core   0: 3 0x800094d8 (0x04d29663)
core   0: 0x80009524 (0x0ff0000f) fence   iorw,iorw
core   0: 3 0x80009524 (0x0ff0000f)
core   0: 0x80009528 (0x007f8bb3) add     s7, t6, t2
core   0: 3 0x80009528 (0x007f8bb3) x23 0x12f6416c
core   0: 0x8000952c (0x5c120a93) addi    s5, tp, 1473
core   0: 3 0x8000952c (0x5c120a93) x21 0x300005c1
core   0: 0x80009530 (0x003b1e33) sll     t3, s6, gp
core   0: 3 0x80009530 (0x003b1e33) x28 0x00000020
core   0: 0x80009534 (0x01437cb3) and     s9, t1, s4
core   0: 3 0x80009534 (0x01437cb3) x25 0x00000000
core   0: 0x80009538 (0x0000a6b3) slt     a3, ra, zero
core   0: 3 0x80009538 (0x0000a6b3) x13 0x00000001
core   0: 0x8000953c (0x00ef23b3) slt     t2, t5, a4
core   0: 3 0x8000953c (0x00ef23b3) x 7 0x00000001
core   0: 0x80009540 (0x0ff0000f) fence   iorw,iorw
core   0: 3 0x80009540 (0x0ff0000f)
core   0: 0x80009544 (0xd7e96797) auipc   a5, 0xd7e96
core   0: 3 0x80009544 (0xd7e96797) x15 0x57e9f544
core   0: 0x80009548 (0x00ee0cb3) add     s9, t3, a4
core   0: 3 0x80009548 (0x00ee0cb3) x25 0x40000020
core   0: 0x8000954c (0x01becc63) blt     t4, s11, pc + 24
core   0: 3 0x8000954c (0x01becc63)
core   0: 0x80009550 (0x008d7433) and     s0, s10, s0
core   0: 3 0x80009550 (0x008d7433) x 8 0x00000000
core   0: 0x80009554 (0x0ff0000f) fence   iorw,iorw
core   0: 3 0x80009554 (0x0ff0000f)
core   0: 0x80009558 (0x40020bb3) sub     s7, tp, zero
core   0: 3 0x80009558 (0x40020bb3) x23 0x30000000
core   0: 0x8000955c (0x0ff0000f) fence   iorw,iorw
core   0: 3 0x8000955c (0x0ff0000f)
core   0: 0x80009560 (0x415c8533) sub     a0, s9, s5
core   0: 3 0x80009560 (0x415c8533) x10 0x0ffffa5f
core   0: 0x80009564 (0x007d66b3) or      a3, s10, t2
core   0: 3 0x80009564 (0x007d66b3) x13 0x800005df
core   0: 0x80009568 (0x417d0a33) sub     s4, s10, s7
core   0: 3 0x80009568 (0x417d0a33) x20 0x500005df
core   0: 0x8000956c (0x052cc263) blt     s9, s2, pc + 68
core   0: 3 0x8000956c (0x052cc263)
core   0: 0x800095b0 (0x0297ee63) bltu    a5, s1, pc + 60
core   0: 3 0x800095b0 (0x0297ee63)
core   0: 0x800095ec (0x8c48c513) xori    a0, a7, -1852
core   0: 3 0x800095ec (0x8c48c513) x10 0x7ffdadd3
core   0: 0x800095f0 (0x406ad533) sra     a0, s5, t1
core   0: 3 0x800095f0 (0x406ad533) x10 0x300005c1
core   0: 0x800095f4 (0x00b29c13) slli    s8, t0, 11
core   0: 3 0x800095f4 (0x00b29c13) x24 0x6e000000
core   0: 0x800095f8 (0x0000100f) fence.i
core   0: 3 0x800095f8 (0x0000100f)
core   0: 0x800095fc (0x407682b3) sub     t0, a3, t2
core   0: 3 0x800095fc (0x407682b3) x 5 0x800005de
core   0: 0x80009600 (0x02dd7463) bgeu    s10, a3, pc + 40
core   0: 3 0x80009600 (0x02dd7463)
core   0: 0x80009628 (0x2bdaa293) slti    t0, s5, 701
core   0: 3 0x80009628 (0x2bdaa293) x 5 0x00000000
core   0: 0x8000962c (0xb72d8237) lui     tp, 0xb72d8
core   0: 3 0x8000962c (0xb72d8237) x 4 0xb72d8000
core   0: 0x80009630 (0x41adb413) sltiu   s0, s11, 1050
core   0: 3 0x80009630 (0x41adb413) x 8 0x00000001
core   0: 0x80009634 (0x7d3f2b13) slti    s6, t5, 2003
core   0: 3 0x80009634 (0x7d3f2b13) x22 0x00000001
core   0: 0x80009638 (0x00000013) nop
core   0: 3 0x80009638 (0x00000013)
core   0: 0x8000963c (0x00dd6bb3) or      s7, s10, a3
core   0: 3 0x8000963c (0x00dd6bb3) x23 0x800005df
core   0: 0x80009640 (0x000d1033) sll     zero, s10, zero
core   0: 3 0x80009640 (0x000d1033)
core   0: 0x80009644 (0xf799f093) andi    ra, s3, -135
core   0: 3 0x80009644 (0xf799f093) x 1 0x00000000
core   0: 0x80009648 (0x0000100f) fence.i
core   0: 3 0x80009648 (0x0000100f)
core   0: 0x8000964c (0x56d94b13) xori    s6, s2, 1389
core   0: 3 0x8000964c (0x56d94b13) x22 0x40000228
core   0: 0x80009650 (0x00d40863) beq     s0, a3, pc + 16
core   0: 3 0x80009650 (0x00d40863)
core   0: 0x80009654 (0x419bd193) srai    gp, s7, 25
core   0: 3 0x80009654 (0x419bd193) x 3 0xffffffc0
core   0: 0x80009658 (0x01fe1193) slli    gp, t3, 31
core   0: 3 0x80009658 (0x01fe1193) x 3 0x00000000
core   0: 0x8000965c (0x04eb1863) bne     s6, a4, pc + 80
core   0: 3 0x8000965c (0x04eb1863)
core   0: 0x800096ac (0x015e9e63) bne     t4, s5, pc + 28
core   0: 3 0x800096ac (0x015e9e63)
core   0: 0x800096c8 (0xdad57793) andi    a5, a0, -595
core   0: 3 0x800096c8 (0xdad57793) x15 0x30000581
core   0: 0x800096cc (0x01e97eb3) and     t4, s2, t5
core   0: 3 0x800096cc (0x01e97eb3) x29 0x40000744
core   0: 0x800096d0 (0x013c2ab3) slt     s5, s8, s3
core   0: 3 0x800096d0 (0x013c2ab3) x21 0x00000000
core   0: 0x800096d4 (0x8ce2cab7) lui     s5, 0x8ce2c
core   0: 3 0x800096d4 (0x8ce2cab7) x21 0x8ce2c000
core   0: 0x800096d8 (0xa1298013) addi    zero, s3, -1518
core   0: 3 0x800096d8 (0xa1298013)
core   0: 0x800096dc (0x40c85fb3) sra     t6, a6, a2
core   0: 3 0x800096dc (0x40c85fb3) x31 0x030f1100
core   0: 0x800096e0 (0x0602ce63) bltz    t0, pc + 124
core   0: 3 0x800096e0 (0x0602ce63)
core   0: 0x800096e4 (0x0162cfb3) xor     t6, t0, s6
core   0: 3 0x800096e4 (0x0162cfb3) x31 0x40000228
core   0: 0x800096e8 (0x01371a93) slli    s5, a4, 19
core   0: 3 0x800096e8 (0x01371a93) x21 0x00000000
core   0: 0x800096ec (0x41585a33) sra     s4, a6, s5
core   0: 3 0x800096ec (0x41585a33) x20 0x30f11000
core   0: 0x800096f0 (0x40490433) sub     s0, s2, tp
core   0: 3 0x800096f0 (0x40490433) x 8 0x88d28745
core   0: 0x800096f4 (0x00d15433) srl     s0, sp, a3
core   0: 3 0x800096f4 (0x00d15433) x 8 0x00000001
core   0: 0x800096f8 (0x41edd9b3) sra     s3, s11, t5
core   0: 3 0x800096f8 (0x41edd9b3) x19 0x00000000
core   0: 0x800096fc (0x011b3233) sltu    tp, s6, a7
core   0: 3 0x800096fc (0x011b3233) x 4 0x00000001
core   0: 0x80009700 (0x01bebab3) sltu    s5, t4, s11
core   0: 3 0x80009700 (0x01bebab3) x21 0x00000000
core   0: 0x80009704 (0xff900493) li      s1, -7
core   0: 3 0x80009704 (0xff900493) x 9 0xfffffff9
core   0: 0x80009708 (0x01100813) li      a6, 17
core   0: 3 0x80009708 (0x01100813) x16 0x00000011
core   0: 0x8000970c (0x00000013) nop
core   0: 3 0x8000970c (0x00000013)
core   0: 0x80009710 (0x00348493) addi    s1, s1, 3
core   0: 3 0x80009710 (0x00348493) x 9 0xfffffffc
core   0: 0x80009714 (0xd8ba3c93) sltiu   s9, s4, -629
core   0: 3 0x80009714 (0xd8ba3c93) x25 0x00000001
core   0: 0x80009718 (0x00a00513) li      a0, 10
core   0: 3 0x80009718 (0x00a00513) x10 0x0000000a
core   0: 0x8000971c (0x00a00d93) li      s11, 10
core   0: 3 0x8000971c (0x00a00d93) x27 0x0000000a
core   0: 0x80009720 (0x010e2d33) slt     s10, t3, a6
core   0: 3 0x80009720 (0x010e2d33) x26 0x00000000
core   0: 0x80009724 (0xff750513) addi    a0, a0, -9
core   0: 3 0x80009724 (0xff750513) x10 0x00000001
core   0: 0x80009728 (0xffb57ce3) bgeu    a0, s11, pc - 8
core   0: 3 0x80009728 (0xffb57ce3)
core   0: 0x8000972c (0xff04c0e3) blt     s1, a6, pc - 32
core   0: 3 0x8000972c (0xff04c0e3)
core   0: 0x8000970c (0x00000013) nop
core   0: 3 0x8000970c (0x00000013)
core   0: 0x80009710 (0x00348493) addi    s1, s1, 3
core   0: 3 0x80009710 (0x00348493) x 9 0xffffffff
core   0: 0x80009714 (0xd8ba3c93) sltiu   s9, s4, -629
core   0: 3 0x80009714 (0xd8ba3c93) x25 0x00000001
core   0: 0x80009718 (0x00a00513) li      a0, 10
core   0: 3 0x80009718 (0x00a00513) x10 0x0000000a
core   0: 0x8000971c (0x00a00d93) li      s11, 10
core   0: 3 0x8000971c (0x00a00d93) x27 0x0000000a
core   0: 0x80009720 (0x010e2d33) slt     s10, t3, a6
core   0: 3 0x80009720 (0x010e2d33) x26 0x00000000
core   0: 0x80009724 (0xff750513) addi    a0, a0, -9
core   0: 3 0x80009724 (0xff750513) x10 0x00000001
core   0: 0x80009728 (0xffb57ce3) bgeu    a0, s11, pc - 8
core   0: 3 0x80009728 (0xffb57ce3)
core   0: 0x8000972c (0xff04c0e3) blt     s1, a6, pc - 32
core   0: 3 0x8000972c (0xff04c0e3)
core   0: 0x8000970c (0x00000013) nop
core   0: 3 0x8000970c (0x00000013)
core   0: 0x80009710 (0x00348493) addi    s1, s1, 3
core   0: 3 0x80009710 (0x00348493) x 9 0x00000002
core   0: 0x80009714 (0xd8ba3c93) sltiu   s9, s4, -629
core   0: 3 0x80009714 (0xd8ba3c93) x25 0x00000001
core   0: 0x80009718 (0x00a00513) li      a0, 10
core   0: 3 0x80009718 (0x00a00513) x10 0x0000000a
core   0: 0x8000971c (0x00a00d93) li      s11, 10
core   0: 3 0x8000971c (0x00a00d93) x27 0x0000000a
core   0: 0x80009720 (0x010e2d33) slt     s10, t3, a6
core   0: 3 0x80009720 (0x010e2d33) x26 0x00000000
core   0: 0x80009724 (0xff750513) addi    a0, a0, -9
core   0: 3 0x80009724 (0xff750513) x10 0x00000001
core   0: 0x80009728 (0xffb57ce3) bgeu    a0, s11, pc - 8
core   0: 3 0x80009728 (0xffb57ce3)
core   0: 0x8000972c (0xff04c0e3) blt     s1, a6, pc - 32
core   0: 3 0x8000972c (0xff04c0e3)
core   0: 0x8000970c (0x00000013) nop
core   0: 3 0x8000970c (0x00000013)
core   0: 0x80009710 (0x00348493) addi    s1, s1, 3
core   0: 3 0x80009710 (0x00348493) x 9 0x00000005
core   0: 0x80009714 (0xd8ba3c93) sltiu   s9, s4, -629
core   0: 3 0x80009714 (0xd8ba3c93) x25 0x00000001
core   0: 0x80009718 (0x00a00513) li      a0, 10
core   0: 3 0x80009718 (0x00a00513) x10 0x0000000a
core   0: 0x8000971c (0x00a00d93) li      s11, 10
core   0: 3 0x8000971c (0x00a00d93) x27 0x0000000a
core   0: 0x80009720 (0x010e2d33) slt     s10, t3, a6
core   0: 3 0x80009720 (0x010e2d33) x26 0x00000000
core   0: 0x80009724 (0xff750513) addi    a0, a0, -9
core   0: 3 0x80009724 (0xff750513) x10 0x00000001
core   0: 0x80009728 (0xffb57ce3) bgeu    a0, s11, pc - 8
core   0: 3 0x80009728 (0xffb57ce3)
core   0: 0x8000972c (0xff04c0e3) blt     s1, a6, pc - 32
core   0: 3 0x8000972c (0xff04c0e3)
core   0: 0x8000970c (0x00000013) nop
core   0: 3 0x8000970c (0x00000013)
core   0: 0x80009710 (0x00348493) addi    s1, s1, 3
core   0: 3 0x80009710 (0x00348493) x 9 0x00000008
core   0: 0x80009714 (0xd8ba3c93) sltiu   s9, s4, -629
core   0: 3 0x80009714 (0xd8ba3c93) x25 0x00000001
core   0: 0x80009718 (0x00a00513) li      a0, 10
core   0: 3 0x80009718 (0x00a00513) x10 0x0000000a
core   0: 0x8000971c (0x00a00d93) li      s11, 10
core   0: 3 0x8000971c (0x00a00d93) x27 0x0000000a
core   0: 0x80009720 (0x010e2d33) slt     s10, t3, a6
core   0: 3 0x80009720 (0x010e2d33) x26 0x00000000
core   0: 0x80009724 (0xff750513) addi    a0, a0, -9
core   0: 3 0x80009724 (0xff750513) x10 0x00000001
core   0: 0x80009728 (0xffb57ce3) bgeu    a0, s11, pc - 8
core   0: 3 0x80009728 (0xffb57ce3)
core   0: 0x8000972c (0xff04c0e3) blt     s1, a6, pc - 32
core   0: 3 0x8000972c (0xff04c0e3)
core   0: 0x8000970c (0x00000013) nop
core   0: 3 0x8000970c (0x00000013)
core   0: 0x80009710 (0x00348493) addi    s1, s1, 3
core   0: 3 0x80009710 (0x00348493) x 9 0x0000000b
core   0: 0x80009714 (0xd8ba3c93) sltiu   s9, s4, -629
core   0: 3 0x80009714 (0xd8ba3c93) x25 0x00000001
core   0: 0x80009718 (0x00a00513) li      a0, 10
core   0: 3 0x80009718 (0x00a00513) x10 0x0000000a
core   0: 0x8000971c (0x00a00d93) li      s11, 10
core   0: 3 0x8000971c (0x00a00d93) x27 0x0000000a
core   0: 0x80009720 (0x010e2d33) slt     s10, t3, a6
core   0: 3 0x80009720 (0x010e2d33) x26 0x00000000
core   0: 0x80009724 (0xff750513) addi    a0, a0, -9
core   0: 3 0x80009724 (0xff750513) x10 0x00000001
core   0: 0x80009728 (0xffb57ce3) bgeu    a0, s11, pc - 8
core   0: 3 0x80009728 (0xffb57ce3)
core   0: 0x8000972c (0xff04c0e3) blt     s1, a6, pc - 32
core   0: 3 0x8000972c (0xff04c0e3)
core   0: 0x8000970c (0x00000013) nop
core   0: 3 0x8000970c (0x00000013)
core   0: 0x80009710 (0x00348493) addi    s1, s1, 3
core   0: 3 0x80009710 (0x00348493) x 9 0x0000000e
core   0: 0x80009714 (0xd8ba3c93) sltiu   s9, s4, -629
core   0: 3 0x80009714 (0xd8ba3c93) x25 0x00000001
core   0: 0x80009718 (0x00a00513) li      a0, 10
core   0: 3 0x80009718 (0x00a00513) x10 0x0000000a
core   0: 0x8000971c (0x00a00d93) li      s11, 10
core   0: 3 0x8000971c (0x00a00d93) x27 0x0000000a
core   0: 0x80009720 (0x010e2d33) slt     s10, t3, a6
core   0: 3 0x80009720 (0x010e2d33) x26 0x00000000
core   0: 0x80009724 (0xff750513) addi    a0, a0, -9
core   0: 3 0x80009724 (0xff750513) x10 0x00000001
core   0: 0x80009728 (0xffb57ce3) bgeu    a0, s11, pc - 8
core   0: 3 0x80009728 (0xffb57ce3)
core   0: 0x8000972c (0xff04c0e3) blt     s1, a6, pc - 32
core   0: 3 0x8000972c (0xff04c0e3)
core   0: 0x8000970c (0x00000013) nop
core   0: 3 0x8000970c (0x00000013)
core   0: 0x80009710 (0x00348493) addi    s1, s1, 3
core   0: 3 0x80009710 (0x00348493) x 9 0x00000011
core   0: 0x80009714 (0xd8ba3c93) sltiu   s9, s4, -629
core   0: 3 0x80009714 (0xd8ba3c93) x25 0x00000001
core   0: 0x80009718 (0x00a00513) li      a0, 10
core   0: 3 0x80009718 (0x00a00513) x10 0x0000000a
core   0: 0x8000971c (0x00a00d93) li      s11, 10
core   0: 3 0x8000971c (0x00a00d93) x27 0x0000000a
core   0: 0x80009720 (0x010e2d33) slt     s10, t3, a6
core   0: 3 0x80009720 (0x010e2d33) x26 0x00000000
core   0: 0x80009724 (0xff750513) addi    a0, a0, -9
core   0: 3 0x80009724 (0xff750513) x10 0x00000001
core   0: 0x80009728 (0xffb57ce3) bgeu    a0, s11, pc - 8
core   0: 3 0x80009728 (0xffb57ce3)
core   0: 0x8000972c (0xff04c0e3) blt     s1, a6, pc - 32
core   0: 3 0x8000972c (0xff04c0e3)
core   0: 0x80009730 (0x012fd093) srli    ra, t6, 18
core   0: 3 0x80009730 (0x012fd093) x 1 0x00001000
core   0: 0x80009734 (0x0167aeb3) slt     t4, a5, s6
core   0: 3 0x80009734 (0x0167aeb3) x29 0x00000001
core   0: 0x80009738 (0x15b546b7) lui     a3, 0x15b54
core   0: 3 0x80009738 (0x15b546b7) x13 0x15b54000
core   0: 0x8000973c (0x404d5913) srai    s2, s10, 4
core   0: 3 0x8000973c (0x404d5913) x18 0x00000000
core   0: 0x80009740 (0x038d4263) blt     s10, s8, pc + 36
core   0: 3 0x80009740 (0x038d4263)
core   0: 0x80009764 (0x01549933) sll     s2, s1, s5
core   0: 3 0x80009764 (0x01549933) x18 0x00000011
core   0: 0x80009768 (0x015ec663) blt     t4, s5, pc + 12
core   0: 3 0x80009768 (0x015ec663)
core   0: 0x8000976c (0x00cb9cb3) sll     s9, s7, a2
core   0: 3 0x8000976c (0x00cb9cb3) x25 0x00005df0
core   0: 0x80009770 (0xee3ae293) ori     t0, s5, -285
core   0: 3 0x80009770 (0xee3ae293) x 5 0xfffffee3
core   0: 0x80009774 (0xabd3b813) sltiu   a6, t2, -1347
core   0: 3 0x80009774 (0xabd3b813) x16 0x00000001
core   0: 0x80009778 (0x000bc463) bltz    s7, pc + 8
core   0: 3 0x80009778 (0x000bc463)
core   0: 0x80009780 (0x00b21463) bne     tp, a1, pc + 8
core   0: 3 0x80009780 (0x00b21463)
core   0: 0x80009788 (0x4141d333) sra     t1, gp, s4
core   0: 3 0x80009788 (0x4141d333) x 6 0x00000000
core   0: 0x8000978c (0x04145663) bge     s0, ra, pc + 76
core   0: 3 0x8000978c (0x04145663)
core   0: 0x80009790 (0x00bdc733) xor     a4, s11, a1
core   0: 3 0x80009790 (0x00bdc733) x14 0x8000000a
core   0: 0x80009794 (0x00de9a63) bne     t4, a3, pc + 20
core   0: 3 0x80009794 (0x00de9a63)
core   0: 0x800097a8 (0x0f1a8e13) addi    t3, s5, 241
core   0: 3 0x800097a8 (0x0f1a8e13) x28 0x000000f1
core   0: 0x800097ac (0x7060a193) slti    gp, ra, 1798
core   0: 3 0x800097ac (0x7060a193) x 3 0x00000000
core   0: 0x800097b0 (0xf7e8ab13) slti    s6, a7, -130
core   0: 3 0x800097b0 (0xf7e8ab13) x22 0x00000001
core   0: 0x800097b4 (0x010ed263) bge     t4, a6, pc + 4
core   0: 3 0x800097b4 (0x010ed263)
core   0: 0x800097b8 (0x00f79d13) slli    s10, a5, 15
core   0: 3 0x800097b8 (0x00f79d13) x26 0x02c08000
core   0: 0x800097bc (0x01d54663) blt     a0, t4, pc + 12
core   0: 3 0x800097bc (0x01d54663)
core   0: 0x800097c0 (0x01315893) srli    a7, sp, 19
core   0: 3 0x800097c0 (0x01315893) x17 0x00001000
core   0: 0x800097c4 (0x018ddd93) srli    s11, s11, 24
core   0: 3 0x800097c4 (0x018ddd93) x27 0x00000000
core   0: 0x800097c8 (0x00000013) nop
core   0: 3 0x800097c8 (0x00000013)
core   0: 0x800097cc (0x40ba8333) sub     t1, s5, a1
core   0: 3 0x800097cc (0x40ba8333) x 6 0x80000000
core   0: 0x800097d0 (0x00d027b3) slt     a5, zero, a3
core   0: 3 0x800097d0 (0x00d027b3) x15 0x00000001
core   0: 0x800097d4 (0x0ff0000f) fence   iorw,iorw
core   0: 3 0x800097d4 (0x0ff0000f)
core   0: 0x800097d8 (0xa2246393) ori     t2, s0, -1502
core   0: 3 0x800097d8 (0xa2246393) x 7 0xfffffa23
core   0: 0x800097dc (0x84e56c13) ori     s8, a0, -1970
core   0: 3 0x800097dc (0x84e56c13) x24 0xfffff84f
core   0: 0x800097e0 (0x417bdc13) srai    s8, s7, 23
core   0: 3 0x800097e0 (0x417bdc13) x24 0xffffff00
core   0: 0x800097e4 (0x40beda93) srai    s5, t4, 11
core   0: 3 0x800097e4 (0x40beda93) x21 0x00000000
core   0: 0x800097e8 (0xbde26293) ori     t0, tp, -1058
core   0: 3 0x800097e8 (0xbde26293) x 5 0xfffffbdf
core   0: 0x800097ec (0x03335863) bge     t1, s3, pc + 48
core   0: 3 0x800097ec (0x03335863)
core   0: 0x800097f0 (0x40c2d893) srai    a7, t0, 12
core   0: 3 0x800097f0 (0x40c2d893) x17 0xffffffff
core   0: 0x800097f4 (0x55f43413) sltiu   s0, s0, 1375
core   0: 3 0x800097f4 (0x55f43413) x 8 0x00000001
core   0: 0x800097f8 (0x00b7b233) sltu    tp, a5, a1
core   0: 3 0x800097f8 (0x00b7b233) x 4 0x00000001
core   0: 0x800097fc (0x012db533) sltu    a0, s11, s2
core   0: 3 0x800097fc (0x012db533) x10 0x00000001
core   0: 0x80009800 (0x013eefb3) or      t6, t4, s3
core   0: 3 0x80009800 (0x013eefb3) x31 0x00000001
core   0: 0x80009804 (0xd8dfee93) ori     t4, t6, -627
core   0: 3 0x80009804 (0xd8dfee93) x29 0xfffffd8d
core   0: 0x80009808 (0xedf2b093) sltiu   ra, t0, -289
core   0: 3 0x80009808 (0xedf2b093) x 1 0x00000001
core   0: 0x8000980c (0x04f20663) beq     tp, a5, pc + 76
core   0: 3 0x8000980c (0x04f20663)
core   0: 0x80009858 (0x70549497) auipc   s1, 0x70549
core   0: 3 0x80009858 (0x70549497) x 9 0xf0552858
core   0: 0x8000985c (0x00000013) nop
core   0: 3 0x8000985c (0x00000013)
core   0: 0x80009860 (0x0000100f) fence.i
core   0: 3 0x80009860 (0x0000100f)
core   0: 0x80009864 (0xd2a16993) ori     s3, sp, -726
core   0: 3 0x80009864 (0xd2a16993) x19 0xfffffdee
core   0: 0x80009868 (0x020b8663) beqz    s7, pc + 44
core   0: 3 0x80009868 (0x020b8663)
core   0: 0x8000986c (0x1ceabbb7) lui     s7, 0x1ceab
core   0: 3 0x8000986c (0x1ceabbb7) x23 0x1ceab000
core   0: 0x80009870 (0x4667b217) auipc   tp, 0x4667b
core   0: 3 0x80009870 (0x4667b217) x 4 0xc6684870
core   0: 0x80009874 (0x01aff933) and     s2, t6, s10
core   0: 3 0x80009874 (0x01aff933) x18 0x00000000
core   0: 0x80009878 (0x409f5193) srai    gp, t5, 9
core   0: 3 0x80009878 (0x409f5193) x 3 0xffffffff
core   0: 0x8000987c (0x0000100f) fence.i
core   0: 3 0x8000987c (0x0000100f)
core   0: 0x80009880 (0x00577533) and     a0, a4, t0
core   0: 3 0x80009880 (0x00577533) x10 0x8000000a
core   0: 0x80009884 (0x41f15533) sra     a0, sp, t6
core   0: 3 0x80009884 (0x41f15533) x10 0xc0014672
core   0: 0x80009888 (0x7166f493) andi    s1, a3, 1814
core   0: 3 0x80009888 (0x7166f493) x 9 0x00000000
core   0: 0x8000988c (0x0000100f) fence.i
core   0: 3 0x8000988c (0x0000100f)
core   0: 0x80009890 (0x00a5a0b3) slt     ra, a1, a0
core   0: 3 0x80009890 (0x00a5a0b3) x 1 0x00000001
core   0: 0x80009894 (0x0424d063) bge     s1, sp, pc + 64
core   0: 3 0x80009894 (0x0424d063)
core   0: 0x800098d4 (0x01d33833) sltu    a6, t1, t4
core   0: 3 0x800098d4 (0x01d33833) x16 0x00000001
core   0: 0x800098d8 (0x010ca233) slt     tp, s9, a6
core   0: 3 0x800098d8 (0x010ca233) x 4 0x00000000
core   0: 0x800098dc (0x00e78eb3) add     t4, a5, a4
core   0: 3 0x800098dc (0x00e78eb3) x29 0x8000000b
core   0: 0x800098e0 (0x0ff0000f) fence   iorw,iorw
core   0: 3 0x800098e0 (0x0ff0000f)
core   0: 0x800098e4 (0x0376ae13) slti    t3, a3, 55
core   0: 3 0x800098e4 (0x0376ae13) x28 0x00000000
core   0: 0x800098e8 (0xa03e6393) ori     t2, t3, -1533
core   0: 3 0x800098e8 (0xa03e6393) x 7 0xfffffa03
core   0: 0x800098ec (0x00000013) nop
core   0: 3 0x800098ec (0x00000013)
core   0: 0x800098f0 (0x000add33) srl     s10, s5, zero
core   0: 3 0x800098f0 (0x000add33) x26 0x00000000
core   0: 0x800098f4 (0x05991863) bne     s2, s9, pc + 80
core   0: 3 0x800098f4 (0x05991863)
core   0: 0x80009944 (0x0000100f) fence.i
core   0: 3 0x80009944 (0x0000100f)
core   0: 0x80009948 (0xfff00693) li      a3, -1
core   0: 3 0x80009948 (0xfff00693) x13 0xffffffff
core   0: 0x8000994c (0x00d00993) li      s3, 13
core   0: 3 0x8000994c (0x00d00993) x19 0x0000000d
core   0: 0x80009950 (0x009764b3) or      s1, a4, s1
core   0: 3 0x80009950 (0x009764b3) x 9 0x8000000a
core   0: 0x80009954 (0x00168693) addi    a3, a3, 1
core   0: 3 0x80009954 (0x00168693) x13 0x00000000
core   0: 0x80009958 (0xb1f07e13) andi    t3, zero, -1249
core   0: 3 0x80009958 (0xb1f07e13) x28 0x00000000
core   0: 0x8000995c (0xbf730a93) addi    s5, t1, -1033
core   0: 3 0x8000995c (0xbf730a93) x21 0x7ffffbf7
core   0: 0x80009960 (0xff36e8e3) bltu    a3, s3, pc - 16
core   0: 3 0x80009960 (0xff36e8e3)
core   0: 0x80009950 (0x009764b3) or      s1, a4, s1
core   0: 3 0x80009950 (0x009764b3) x 9 0x8000000a
core   0: 0x80009954 (0x00168693) addi    a3, a3, 1
core   0: 3 0x80009954 (0x00168693) x13 0x00000001
core   0: 0x80009958 (0xb1f07e13) andi    t3, zero, -1249
core   0: 3 0x80009958 (0xb1f07e13) x28 0x00000000
core   0: 0x8000995c (0xbf730a93) addi    s5, t1, -1033
core   0: 3 0x8000995c (0xbf730a93) x21 0x7ffffbf7
core   0: 0x80009960 (0xff36e8e3) bltu    a3, s3, pc - 16
core   0: 3 0x80009960 (0xff36e8e3)
core   0: 0x80009950 (0x009764b3) or      s1, a4, s1
core   0: 3 0x80009950 (0x009764b3) x 9 0x8000000a
core   0: 0x80009954 (0x00168693) addi    a3, a3, 1
core   0: 3 0x80009954 (0x00168693) x13 0x00000002
core   0: 0x80009958 (0xb1f07e13) andi    t3, zero, -1249
core   0: 3 0x80009958 (0xb1f07e13) x28 0x00000000
core   0: 0x8000995c (0xbf730a93) addi    s5, t1, -1033
core   0: 3 0x8000995c (0xbf730a93) x21 0x7ffffbf7
core   0: 0x80009960 (0xff36e8e3) bltu    a3, s3, pc - 16
core   0: 3 0x80009960 (0xff36e8e3)
core   0: 0x80009950 (0x009764b3) or      s1, a4, s1
core   0: 3 0x80009950 (0x009764b3) x 9 0x8000000a
core   0: 0x80009954 (0x00168693) addi    a3, a3, 1
core   0: 3 0x80009954 (0x00168693) x13 0x00000003
core   0: 0x80009958 (0xb1f07e13) andi    t3, zero, -1249
core   0: 3 0x80009958 (0xb1f07e13) x28 0x00000000
core   0: 0x8000995c (0xbf730a93) addi    s5, t1, -1033
core   0: 3 0x8000995c (0xbf730a93) x21 0x7ffffbf7
core   0: 0x80009960 (0xff36e8e3) bltu    a3, s3, pc - 16
core   0: 3 0x80009960 (0xff36e8e3)
core   0: 0x80009950 (0x009764b3) or      s1, a4, s1
core   0: 3 0x80009950 (0x009764b3) x 9 0x8000000a
core   0: 0x80009954 (0x00168693) addi    a3, a3, 1
core   0: 3 0x80009954 (0x00168693) x13 0x00000004
core   0: 0x80009958 (0xb1f07e13) andi    t3, zero, -1249
core   0: 3 0x80009958 (0xb1f07e13) x28 0x00000000
core   0: 0x8000995c (0xbf730a93) addi    s5, t1, -1033
core   0: 3 0x8000995c (0xbf730a93) x21 0x7ffffbf7
core   0: 0x80009960 (0xff36e8e3) bltu    a3, s3, pc - 16
core   0: 3 0x80009960 (0xff36e8e3)
core   0: 0x80009950 (0x009764b3) or      s1, a4, s1
core   0: 3 0x80009950 (0x009764b3) x 9 0x8000000a
core   0: 0x80009954 (0x00168693) addi    a3, a3, 1
core   0: 3 0x80009954 (0x00168693) x13 0x00000005
core   0: 0x80009958 (0xb1f07e13) andi    t3, zero, -1249
core   0: 3 0x80009958 (0xb1f07e13) x28 0x00000000
core   0: 0x8000995c (0xbf730a93) addi    s5, t1, -1033
core   0: 3 0x8000995c (0xbf730a93) x21 0x7ffffbf7
core   0: 0x80009960 (0xff36e8e3) bltu    a3, s3, pc - 16
core   0: 3 0x80009960 (0xff36e8e3)
core   0: 0x80009950 (0x009764b3) or      s1, a4, s1
core   0: 3 0x80009950 (0x009764b3) x 9 0x8000000a
core   0: 0x80009954 (0x00168693) addi    a3, a3, 1
core   0: 3 0x80009954 (0x00168693) x13 0x00000006
core   0: 0x80009958 (0xb1f07e13) andi    t3, zero, -1249
core   0: 3 0x80009958 (0xb1f07e13) x28 0x00000000
core   0: 0x8000995c (0xbf730a93) addi    s5, t1, -1033
core   0: 3 0x8000995c (0xbf730a93) x21 0x7ffffbf7
core   0: 0x80009960 (0xff36e8e3) bltu    a3, s3, pc - 16
core   0: 3 0x80009960 (0xff36e8e3)
core   0: 0x80009950 (0x009764b3) or      s1, a4, s1
core   0: 3 0x80009950 (0x009764b3) x 9 0x8000000a
core   0: 0x80009954 (0x00168693) addi    a3, a3, 1
core   0: 3 0x80009954 (0x00168693) x13 0x00000007
core   0: 0x80009958 (0xb1f07e13) andi    t3, zero, -1249
core   0: 3 0x80009958 (0xb1f07e13) x28 0x00000000
core   0: 0x8000995c (0xbf730a93) addi    s5, t1, -1033
core   0: 3 0x8000995c (0xbf730a93) x21 0x7ffffbf7
core   0: 0x80009960 (0xff36e8e3) bltu    a3, s3, pc - 16
core   0: 3 0x80009960 (0xff36e8e3)
core   0: 0x80009950 (0x009764b3) or      s1, a4, s1
core   0: 3 0x80009950 (0x009764b3) x 9 0x8000000a
core   0: 0x80009954 (0x00168693) addi    a3, a3, 1
core   0: 3 0x80009954 (0x00168693) x13 0x00000008
core   0: 0x80009958 (0xb1f07e13) andi    t3, zero, -1249
core   0: 3 0x80009958 (0xb1f07e13) x28 0x00000000
core   0: 0x8000995c (0xbf730a93) addi    s5, t1, -1033
core   0: 3 0x8000995c (0xbf730a93) x21 0x7ffffbf7
core   0: 0x80009960 (0xff36e8e3) bltu    a3, s3, pc - 16
core   0: 3 0x80009960 (0xff36e8e3)
core   0: 0x80009950 (0x009764b3) or      s1, a4, s1
core   0: 3 0x80009950 (0x009764b3) x 9 0x8000000a
core   0: 0x80009954 (0x00168693) addi    a3, a3, 1
core   0: 3 0x80009954 (0x00168693) x13 0x00000009
core   0: 0x80009958 (0xb1f07e13) andi    t3, zero, -1249
core   0: 3 0x80009958 (0xb1f07e13) x28 0x00000000
core   0: 0x8000995c (0xbf730a93) addi    s5, t1, -1033
core   0: 3 0x8000995c (0xbf730a93) x21 0x7ffffbf7
core   0: 0x80009960 (0xff36e8e3) bltu    a3, s3, pc - 16
core   0: 3 0x80009960 (0xff36e8e3)
core   0: 0x80009950 (0x009764b3) or      s1, a4, s1
core   0: 3 0x80009950 (0x009764b3) x 9 0x8000000a
core   0: 0x80009954 (0x00168693) addi    a3, a3, 1
core   0: 3 0x80009954 (0x00168693) x13 0x0000000a
core   0: 0x80009958 (0xb1f07e13) andi    t3, zero, -1249
core   0: 3 0x80009958 (0xb1f07e13) x28 0x00000000
core   0: 0x8000995c (0xbf730a93) addi    s5, t1, -1033
core   0: 3 0x8000995c (0xbf730a93) x21 0x7ffffbf7
core   0: 0x80009960 (0xff36e8e3) bltu    a3, s3, pc - 16
core   0: 3 0x80009960 (0xff36e8e3)
core   0: 0x80009950 (0x009764b3) or      s1, a4, s1
core   0: 3 0x80009950 (0x009764b3) x 9 0x8000000a
core   0: 0x80009954 (0x00168693) addi    a3, a3, 1
core   0: 3 0x80009954 (0x00168693) x13 0x0000000b
core   0: 0x80009958 (0xb1f07e13) andi    t3, zero, -1249
core   0: 3 0x80009958 (0xb1f07e13) x28 0x00000000
core   0: 0x8000995c (0xbf730a93) addi    s5, t1, -1033
core   0: 3 0x8000995c (0xbf730a93) x21 0x7ffffbf7
core   0: 0x80009960 (0xff36e8e3) bltu    a3, s3, pc - 16
core   0: 3 0x80009960 (0xff36e8e3)
core   0: 0x80009950 (0x009764b3) or      s1, a4, s1
core   0: 3 0x80009950 (0x009764b3) x 9 0x8000000a
core   0: 0x80009954 (0x00168693) addi    a3, a3, 1
core   0: 3 0x80009954 (0x00168693) x13 0x0000000c
core   0: 0x80009958 (0xb1f07e13) andi    t3, zero, -1249
core   0: 3 0x80009958 (0xb1f07e13) x28 0x00000000
core   0: 0x8000995c (0xbf730a93) addi    s5, t1, -1033
core   0: 3 0x8000995c (0xbf730a93) x21 0x7ffffbf7
core   0: 0x80009960 (0xff36e8e3) bltu    a3, s3, pc - 16
core   0: 3 0x80009960 (0xff36e8e3)
core   0: 0x80009950 (0x009764b3) or      s1, a4, s1
core   0: 3 0x80009950 (0x009764b3) x 9 0x8000000a
core   0: 0x80009954 (0x00168693) addi    a3, a3, 1
core   0: 3 0x80009954 (0x00168693) x13 0x0000000d
core   0: 0x80009958 (0xb1f07e13) andi    t3, zero, -1249
core   0: 3 0x80009958 (0xb1f07e13) x28 0x00000000
core   0: 0x8000995c (0xbf730a93) addi    s5, t1, -1033
core   0: 3 0x8000995c (0xbf730a93) x21 0x7ffffbf7
core   0: 0x80009960 (0xff36e8e3) bltu    a3, s3, pc - 16
core   0: 3 0x80009960 (0xff36e8e3)
core   0: 0x80009964 (0x01b69b13) slli    s6, a3, 27
core   0: 3 0x80009964 (0x01b69b13) x22 0x68000000
core   0: 0x80009968 (0x01bc9313) slli    t1, s9, 27
core   0: 3 0x80009968 (0x01bc9313) x 6 0x80000000
core   0: 0x8000996c (0x011d5f13) srli    t5, s10, 17
core   0: 3 0x8000996c (0x011d5f13) x30 0x00000000
core   0: 0x80009970 (0x00800693) li      a3, 8
core   0: 3 0x80009970 (0x00800693) x13 0x00000008
core   0: 0x80009974 (0x6ed25437) lui     s0, 0x6ed25
core   0: 3 0x80009974 (0x6ed25437) x 8 0x6ed25000
core   0: 0x80009978 (0x00bed833) srl     a6, t4, a1
core   0: 3 0x80009978 (0x00bed833) x16 0x8000000b
core   0: 0x8000997c (0x00711f13) slli    t5, sp, 7
core   0: 3 0x8000997c (0x00711f13) x30 0x01467200
core   0: 0x80009980 (0xdd9e4413) xori    s0, t3, -551
core   0: 3 0x80009980 (0xdd9e4413) x 8 0xfffffdd9
core   0: 0x80009984 (0x00900c93) li      s9, 9
core   0: 3 0x80009984 (0x00900c93) x25 0x00000009
core   0: 0x80009988 (0x0a55ef93) ori     t6, a1, 165
core   0: 3 0x80009988 (0x0a55ef93) x31 0x800000a5
core   0: 0x8000998c (0x0000100f) fence.i
core   0: 3 0x8000998c (0x0000100f)
core   0: 0x80009990 (0x00168693) addi    a3, a3, 1
core   0: 3 0x80009990 (0x00168693) x13 0x00000009
core   0: 0x80009994 (0xff969ae3) bne     a3, s9, pc - 12
core   0: 3 0x80009994 (0xff969ae3)
core   0: 0x80009998 (0x0121d433) srl     s0, gp, s2
core   0: 3 0x80009998 (0x0121d433) x 8 0xffffffff
core   0: 0x8000999c (0x0ff0000f) fence   iorw,iorw
core   0: 3 0x8000999c (0x0ff0000f)
core   0: 0x800099a0 (0x0032b9b3) sltu    s3, t0, gp
core   0: 3 0x800099a0 (0x0032b9b3) x19 0x00000001
core   0: 0x800099a4 (0x034bf663) bgeu    s7, s4, pc + 44
core   0: 3 0x800099a4 (0x034bf663)
core   0: 0x800099a8 (0xfbb87293) andi    t0, a6, -69
core   0: 3 0x800099a8 (0xfbb87293) x 5 0x8000000b
core   0: 0x800099ac (0x0152bab3) sltu    s5, t0, s5
core   0: 3 0x800099ac (0x0152bab3) x21 0x00000000
core   0: 0x800099b0 (0x009571b3) and     gp, a0, s1
core   0: 3 0x800099b0 (0x009571b3) x 3 0x80000002
core   0: 0x800099b4 (0x8538fe93) andi    t4, a7, -1965
core   0: 3 0x800099b4 (0x8538fe93) x29 0xfffff853
core   0: 0x800099b8 (0xda3b6193) ori     gp, s6, -605
core   0: 3 0x800099b8 (0xda3b6193) x 3 0xfffffda3
core   0: 0x800099bc (0x009b5d93) srli    s11, s6, 9
core   0: 3 0x800099bc (0x009b5d93) x27 0x00340000
core   0: 0x800099c0 (0x01225a63) bge     tp, s2, pc + 20
core   0: 3 0x800099c0 (0x01225a63)
core   0: 0x800099d4 (0x0149c1b3) xor     gp, s3, s4
core   0: 3 0x800099d4 (0x0149c1b3) x 3 0x30f11001
core   0: 0x800099d8 (0x41c589b3) sub     s3, a1, t3
core   0: 3 0x800099d8 (0x41c589b3) x19 0x80000000
core   0: 0x800099dc (0x01d05fb3) srl     t6, zero, t4
core   0: 3 0x800099dc (0x01d05fb3) x31 0x00000000
core   0: 0x800099e0 (0x027ad863) bge     s5, t2, pc + 48
core   0: 3 0x800099e0 (0x027ad863)
core   0: 0x80009a10 (0x03170e63) beq     a4, a7, pc + 60
core   0: 3 0x80009a10 (0x03170e63)
core   0: 0x80009a14 (0x00c85013) srli    zero, a6, 12
core   0: 3 0x80009a14 (0x00c85013)
core   0: 0x80009a18 (0x0497c663) blt     a5, s1, pc + 76
core   0: 3 0x80009a18 (0x0497c663)
core   0: 0x80009a1c (0x0025deb3) srl     t4, a1, sp
core   0: 3 0x80009a1c (0x0025deb3) x29 0x08000000
core   0: 0x80009a20 (0xfb80a213) slti    tp, ra, -72
core   0: 3 0x80009a20 (0xfb80a213) x 4 0x00000000
core   0: 0x80009a24 (0xdd198213) addi    tp, s3, -559
core   0: 3 0x80009a24 (0xdd198213) x 4 0x7ffffdd1
core   0: 0x80009a28 (0x02a49263) bne     s1, a0, pc + 36
core   0: 3 0x80009a28 (0x02a49263)
core   0: 0x80009a4c (0x045cf863) bgeu    s9, t0, pc + 80
core   0: 3 0x80009a4c (0x045cf863)
core   0: 0x80009a50 (0x0194e4b3) or      s1, s1, s9
core   0: 3 0x80009a50 (0x0194e4b3) x 9 0x8000000b
core   0: 0x80009a54 (0x40e45ab3) sra     s5, s0, a4
core   0: 3 0x80009a54 (0x40e45ab3) x21 0xffffffff
core   0: 0x80009a58 (0x0030e933) or      s2, ra, gp
core   0: 3 0x80009a58 (0x0030e933) x18 0x30f11001
core   0: 0x80009a5c (0x0ff0000f) fence   iorw,iorw
core   0: 3 0x80009a5c (0x0ff0000f)
core   0: 0x80009a60 (0x000e1663) bnez    t3, pc + 12
core   0: 3 0x80009a60 (0x000e1663)
core   0: 0x80009a64 (0x411d07b3) sub     a5, s10, a7
core   0: 3 0x80009a64 (0x411d07b3) x15 0x00000001
core   0: 0x80009a68 (0x26c4fc13) andi    s8, s1, 620
core   0: 3 0x80009a68 (0x26c4fc13) x24 0x00000008
core   0: 0x80009a6c (0xf5c9e193) ori     gp, s3, -164
core   0: 3 0x80009a6c (0xf5c9e193) x 3 0xffffff5c
core   0: 0x80009a70 (0x3f7a0793) addi    a5, s4, 1015
core   0: 3 0x80009a70 (0x3f7a0793) x15 0x30f113f7
core   0: 0x80009a74 (0x4236b297) auipc   t0, 0x4236b
core   0: 3 0x80009a74 (0x4236b297) x 5 0xc2374a74
core   0: 0x80009a78 (0x010352b3) srl     t0, t1, a6
core   0: 3 0x80009a78 (0x010352b3) x 5 0x00100000
core   0: 0x80009a7c (0x0096eb33) or      s6, a3, s1
core   0: 3 0x80009a7c (0x0096eb33) x22 0x8000000b
core   0: 0x80009a80 (0x0000100f) fence.i
core   0: 3 0x80009a80 (0x0000100f)
core   0: 0x80009a84 (0x2684be13) sltiu   t3, s1, 616
core   0: 3 0x80009a84 (0x2684be13) x28 0x00000000
core   0: 0x80009a88 (0x2ec1fd93) andi    s11, gp, 748
core   0: 3 0x80009a88 (0x2ec1fd93) x27 0x0000024c
core   0: 0x80009a8c (0x01109413) slli    s0, ra, 17
core   0: 3 0x80009a8c (0x01109413) x 8 0x00020000
core   0: 0x80009a90 (0x008fda93) srli    s5, t6, 8
core   0: 3 0x80009a90 (0x008fda93) x21 0x00000000
core   0: 0x80009a94 (0x40838333) sub     t1, t2, s0
core   0: 3 0x80009a94 (0x40838333) x 6 0xfffdfa03
core   0: 0x80009a98 (0x00f9fcb3) and     s9, s3, a5
core   0: 3 0x80009a98 (0x00f9fcb3) x25 0x00000000
core   0: 0x80009a9c (0x0081d493) srli    s1, gp, 8
core   0: 3 0x80009a9c (0x0081d493) x 9 0x00ffffff
core   0: 0x80009aa0 (0x00000013) nop
core   0: 3 0x80009aa0 (0x00000013)
core   0: 0x80009aa4 (0x407ede13) srai    t3, t4, 7
core   0: 3 0x80009aa4 (0x407ede13) x28 0x00100000
core   0: 0x80009aa8 (0x017d1413) slli    s0, s10, 23
core   0: 3 0x80009aa8 (0x017d1413) x 8 0x00000000
core   0: 0x80009aac (0xe9bc4cb7) lui     s9, 0xe9bc4
core   0: 3 0x80009aac (0xe9bc4cb7) x25 0xe9bc4000
core   0: 0x80009ab0 (0x0889c863) blt     s3, s0, pc + 144
core   0: 3 0x80009ab0 (0x0889c863)
core   0: 0x80009b40 (0x0164c463) blt     s1, s6, pc + 8
core   0: 3 0x80009b40 (0x0164c463)
core   0: 0x80009b44 (0x01522c33) slt     s8, tp, s5
core   0: 3 0x80009b44 (0x01522c33) x24 0x00000000
core   0: 0x80009b48 (0x0104bbb3) sltu    s7, s1, a6
core   0: 3 0x80009b48 (0x0104bbb3) x23 0x00000001
core   0: 0x80009b4c (0x056cc663) blt     s9, s6, pc + 76
core   0: 3 0x80009b4c (0x056cc663)
core   0: 0x80009b50 (0x0427d663) bge     a5, sp, pc + 76
core   0: 3 0x80009b50 (0x0427d663)
core   0: 0x80009b9c (0x0ff0000f) fence   iorw,iorw
core   0: 3 0x80009b9c (0x0ff0000f)
core   0: 0x80009ba0 (0x231b26b7) lui     a3, 0x231b2
core   0: 3 0x80009ba0 (0x231b26b7) x13 0x231b2000
core   0: 0x80009ba4 (0x01f5b1b3) sltu    gp, a1, t6
core   0: 3 0x80009ba4 (0x01f5b1b3) x 3 0x00000000
core   0: 0x80009ba8 (0xc3eb6393) ori     t2, s6, -962
core   0: 3 0x80009ba8 (0xc3eb6393) x 7 0xfffffc3f
core   0: 0x80009bac (0x003c09b3) add     s3, s8, gp
core   0: 3 0x80009bac (0x003c09b3) x19 0x00000000
core   0: 0x80009bb0 (0xc0cc3313) sltiu   t1, s8, -1012
core   0: 3 0x80009bb0 (0xc0cc3313) x 6 0x00000001
core   0: 0x80009bb4 (0x11f91017) auipc   zero, 0x11f91
core   0: 3 0x80009bb4 (0x11f91017)
core   0: 0x80009bb8 (0x01f49cb3) sll     s9, s1, t6
core   0: 3 0x80009bb8 (0x01f49cb3) x25 0x00ffffff
core   0: 0x80009bbc (0x015dcc63) blt     s11, s5, pc + 24
core   0: 3 0x80009bbc (0x015dcc63)
core   0: 0x80009bc0 (0x0000100f) fence.i
core   0: 3 0x80009bc0 (0x0000100f)
core   0: 0x80009bc4 (0x41950f33) sub     t5, a0, s9
core   0: 3 0x80009bc4 (0x41950f33) x30 0xbf014673
core   0: 0x80009bc8 (0x4d817393) andi    t2, sp, 1240
core   0: 3 0x80009bc8 (0x4d817393) x 7 0x000004c0
core   0: 0x80009bcc (0x6e71f213) andi    tp, gp, 1767
core   0: 3 0x80009bcc (0x6e71f213) x 4 0x00000000
core   0: 0x80009bd0 (0x01488bb3) add     s7, a7, s4
core   0: 3 0x80009bd0 (0x01488bb3) x23 0x30f10fff
core   0: 0x80009bd4 (0x01755c33) srl     s8, a0, s7
core   0: 3 0x80009bd4 (0x01755c33) x24 0x00000001
core   0: 0x80009bd8 (0x043a9263) bne     s5, gp, pc + 68
core   0: 3 0x80009bd8 (0x043a9263)
core   0: 0x80009bdc (0x019ef533) and     a0, t4, s9
core   0: 3 0x80009bdc (0x019ef533) x10 0x00000000
core   0: 0x80009be0 (0x3acc1197) auipc   gp, 0x3acc1
core   0: 3 0x80009be0 (0x3acc1197) x 3 0xbaccabe0
core   0: 0x80009be4 (0x01ba1263) bne     s4, s11, pc + 4
core   0: 3 0x80009be4 (0x01ba1263)
core   0: 0x80009be8 (0x008948b3) xor     a7, s2, s0
core   0: 3 0x80009be8 (0x008948b3) x17 0x30f11001
core   0: 0x80009bec (0xa3457313) andi    t1, a0, -1484
core   0: 3 0x80009bec (0xa3457313) x 6 0x00000000
core   0: 0x80009bf0 (0x01a09893) slli    a7, ra, 26
core   0: 3 0x80009bf0 (0x01a09893) x17 0x04000000
core   0: 0x80009bf4 (0xc534e9b7) lui     s3, 0xc534e
core   0: 3 0x80009bf4 (0xc534e9b7) x19 0xc534e000
core   0: 0x80009bf8 (0x00c0ea63) bltu    ra, a2, pc + 20
core   0: 3 0x80009bf8 (0x00c0ea63)
core   0: 0x80009c0c (0x00000013) nop
core   0: 3 0x80009c0c (0x00000013)
core   0: 0x80009c10 (0x00767fb3) and     t6, a2, t2
core   0: 3 0x80009c10 (0x00767fb3) x31 0x00000440
core   0: 0x80009c14 (0x01469e33) sll     t3, a3, s4
core   0: 3 0x80009c14 (0x01469e33) x28 0x231b2000
core   0: 0x80009c18 (0x00438e63) beq     t2, tp, pc + 28
core   0: 3 0x80009c18 (0x00438e63)
core   0: 0x80009c1c (0xa3482c13) slti    s8, a6, -1484
core   0: 3 0x80009c1c (0xa3482c13) x24 0x00000001
core   0: 0x80009c20 (0x4175db93) srai    s7, a1, 23
core   0: 3 0x80009c20 (0x4175db93) x23 0xffffff00
core   0: 0x80009c24 (0x00f61d13) slli    s10, a2, 15
core   0: 3 0x80009c24 (0x00f61d13) x26 0x27320000
core   0: 0x80009c28 (0x015fd993) srli    s3, t6, 21
core   0: 3 0x80009c28 (0x015fd993) x19 0x00000000
core   0: 0x80009c2c (0x01aa0033) add     zero, s4, s10
core   0: 3 0x80009c2c (0x01aa0033)
core   0: 0x80009c30 (0x01271863) bne     a4, s2, pc + 16
core   0: 3 0x80009c30 (0x01271863)
core   0: 0x80009c40 (0x0001f863) bgeu    gp, zero, pc + 16
core   0: 3 0x80009c40 (0x0001f863)
core   0: 0x80009c50 (0x38ab7193) andi    gp, s6, 906
core   0: 3 0x80009c50 (0x38ab7193) x 3 0x0000000a
core   0: 0x80009c54 (0x1a117237) lui     tp, 0x1a117
core   0: 3 0x80009c54 (0x1a117237) x 4 0x1a117000
core   0: 0x80009c58 (0x41b3de13) srai    t3, t2, 27
core   0: 3 0x80009c58 (0x41b3de13) x28 0x00000000
core   0: 0x80009c5c (0x00efda63) bge     t6, a4, pc + 20
core   0: 3 0x80009c5c (0x00efda63)
core   0: 0x80009c70 (0x98462893) slti    a7, a2, -1660
core   0: 3 0x80009c70 (0x98462893) x17 0x00000001
core   0: 0x80009c74 (0x008cb4b3) sltu    s1, s9, s0
core   0: 3 0x80009c74 (0x008cb4b3) x 9 0x00000000
core   0: 0x80009c78 (0x034e0263) beq     t3, s4, pc + 36
core   0: 3 0x80009c78 (0x034e0263)
core   0: 0x80009c7c (0x0000100f) fence.i
core   0: 3 0x80009c7c (0x0000100f)
core   0: 0x80009c80 (0x00719663) bne     gp, t2, pc + 12
core   0: 3 0x80009c80 (0x00719663)
core   0: 0x80009c8c (0x012ed413) srli    s0, t4, 18
core   0: 3 0x80009c8c (0x012ed413) x 8 0x00000200
core   0: 0x80009c90 (0x01c31a93) slli    s5, t1, 28
core   0: 3 0x80009c90 (0x01c31a93) x21 0x00000000
core   0: 0x80009c94 (0x01f96263) bltu    s2, t6, pc + 4
core   0: 3 0x80009c94 (0x01f96263)
core   0: 0x80009c98 (0x00000013) nop
core   0: 3 0x80009c98 (0x00000013)
core   0: 0x80009c9c (0x41b982b3) sub     t0, s3, s11
core   0: 3 0x80009c9c (0x41b982b3) x 5 0xfffffdb4
core   0: 0x80009ca0 (0x0000100f) fence.i
core   0: 3 0x80009ca0 (0x0000100f)
core   0: 0x80009ca4 (0x24a5f193) andi    gp, a1, 586
core   0: 3 0x80009ca4 (0x24a5f193) x 3 0x00000000
core   0: 0x80009ca8 (0x00078663) beqz    a5, pc + 12
core   0: 3 0x80009ca8 (0x00078663)
core   0: 0x80009cac (0x04859663) bne     a1, s0, pc + 76
core   0: 3 0x80009cac (0x04859663)
core   0: 0x80009cf8 (0x00000013) nop
core   0: 3 0x80009cf8 (0x00000013)
core   0: 0x80009cfc (0x00987eb3) and     t4, a6, s1
core   0: 3 0x80009cfc (0x00987eb3) x29 0x00000000
core   0: 0x80009d00 (0x02a7de63) bge     a5, a0, pc + 60
core   0: 3 0x80009d00 (0x02a7de63)
core   0: 0x80009d3c (0x40c7d3b3) sra     t2, a5, a2
core   0: 3 0x80009d3c (0x40c7d3b3) x 7 0x030f113f
core   0: 0x80009d40 (0x0111fe33) and     t3, gp, a7
core   0: 3 0x80009d40 (0x0111fe33) x28 0x00000000
core   0: 0x80009d44 (0x01daa4b3) slt     s1, s5, t4
core   0: 3 0x80009d44 (0x01daa4b3) x 9 0x00000000
core   0: 0x80009d48 (0x83e8c013) xori    zero, a7, -1986
core   0: 3 0x80009d48 (0x83e8c013)
core   0: 0x80009d4c (0x0291c663) blt     gp, s1, pc + 44
core   0: 3 0x80009d4c (0x0291c663)
core   0: 0x80009d50 (0x41f9d733) sra     a4, s3, t6
core   0: 3 0x80009d50 (0x41f9d733) x14 0x00000000
core   0: 0x80009d54 (0x05ab4063) blt     s6, s10, pc + 64
core   0: 3 0x80009d54 (0x05ab4063)
core   0: 0x80009d94 (0x00506733) or      a4, zero, t0
core   0: 3 0x80009d94 (0x00506733) x14 0xfffffdb4
core   0: 0x80009d98 (0x009deeb3) or      t4, s11, s1
core   0: 3 0x80009d98 (0x009deeb3) x29 0x0000024c
core   0: 0x80009d9c (0xcfe8aeb7) lui     t4, 0xcfe8a
core   0: 3 0x80009d9c (0xcfe8aeb7) x29 0xcfe8a000
core   0: 0x80009da0 (0x0ff0000f) fence   iorw,iorw
core   0: 3 0x80009da0 (0x0ff0000f)
core   0: 0x80009da4 (0x01b49e63) bne     s1, s11, pc + 28
core   0: 3 0x80009da4 (0x01b49e63)
core   0: 0x80009dc0 (0x0155d2b3) srl     t0, a1, s5
core   0: 3 0x80009dc0 (0x0155d2b3) x 5 0x80000000
core   0: 0x80009dc4 (0x0000100f) fence.i
core   0: 3 0x80009dc4 (0x0000100f)
core   0: 0x80009dc8 (0x00859f93) slli    t6, a1, 8
core   0: 3 0x80009dc8 (0x00859f93) x31 0x00000000
core   0: 0x80009dcc (0x01bee4b3) or      s1, t4, s11
core   0: 3 0x80009dcc (0x01bee4b3) x 9 0xcfe8a24c
core   0: 0x80009dd0 (0x7ddff8b7) lui     a7, 0x7ddff
core   0: 3 0x80009dd0 (0x7ddff8b7) x17 0x7ddff000
core   0: 0x80009dd4 (0x013582b3) add     t0, a1, s3
core   0: 3 0x80009dd4 (0x013582b3) x 5 0x80000000
core   0: 0x80009dd8 (0x0105a0b3) slt     ra, a1, a6
core   0: 3 0x80009dd8 (0x0105a0b3) x 1 0x00000001
core   0: 0x80009ddc (0xcb21bb13) sltiu   s6, gp, -846
core   0: 3 0x80009ddc (0xcb21bb13) x22 0x00000001
core   0: 0x80009de0 (0x01bdc263) blt     s11, s11, pc + 4
core   0: 3 0x80009de0 (0x01bdc263)
core   0: 0x80009de4 (0x01e3b733) sltu    a4, t2, t5
core   0: 3 0x80009de4 (0x01e3b733) x14 0x00000001
core   0: 0x80009de8 (0x015b1463) bne     s6, s5, pc + 8
core   0: 3 0x80009de8 (0x015b1463)
core   0: 0x80009df0 (0x0ff0000f) fence   iorw,iorw
core   0: 3 0x80009df0 (0x0ff0000f)
core   0: 0x80009df4 (0x018ee333) or      t1, t4, s8
core   0: 3 0x80009df4 (0x018ee333) x 6 0xcfe8a001
core   0: 0x80009df8 (0x89686037) lui     zero, 0x89686
core   0: 3 0x80009df8 (0x89686037)
core   0: 0x80009dfc (0x411008b3) sub     a7, zero, a7
core   0: 3 0x80009dfc (0x411008b3) x17 0x82201000
core   0: 0x80009e00 (0x4e36ad13) slti    s10, a3, 1251
core   0: 3 0x80009e00 (0x4e36ad13) x26 0x00000000
core   0: 0x80009e04 (0x01271993) slli    s3, a4, 18
core   0: 3 0x80009e04 (0x01271993) x19 0x00040000
core   0: 0x80009e08 (0x40b35eb3) sra     t4, t1, a1
core   0: 3 0x80009e08 (0x40b35eb3) x29 0xcfe8a001
core   0: 0x80009e0c (0x407206b3) sub     a3, tp, t2
core   0: 3 0x80009e0c (0x407206b3) x13 0x17025ec1
core   0: 0x80009e10 (0x00ec4cb3) xor     s9, s8, a4
core   0: 3 0x80009e10 (0x00ec4cb3) x25 0x00000000
core   0: 0x80009e14 (0x01f21693) slli    a3, tp, 31
core   0: 3 0x80009e14 (0x01f21693) x13 0x00000000
core   0: 0x80009e18 (0x0000100f) fence.i
core   0: 3 0x80009e18 (0x0000100f)
core   0: 0x80009e1c (0x0033aeb3) slt     t4, t2, gp
core   0: 3 0x80009e1c (0x0033aeb3) x29 0x00000000
core   0: 0x80009e20 (0x00e3aab3) slt     s5, t2, a4
core   0: 3 0x80009e20 (0x00e3aab3) x21 0x00000000
core   0: 0x80009e24 (0x011803b3) add     t2, a6, a7
core   0: 3 0x80009e24 (0x011803b3) x 7 0x0220100b
core   0: 0x80009e28 (0x01c53933) sltu    s2, a0, t3
core   0: 3 0x80009e28 (0x01c53933) x18 0x00000000
core   0: 0x80009e2c (0x0fa67a13) andi    s4, a2, 250
core   0: 3 0x80009e2c (0x0fa67a13) x20 0x00000060
core   0: 0x80009e30 (0x41ead7b3) sra     a5, s5, t5
core   0: 3 0x80009e30 (0x41ead7b3) x15 0x00000000
core   0: 0x80009e34 (0xbf01e413) ori     s0, gp, -1040
core   0: 3 0x80009e34 (0xbf01e413) x 8 0xfffffbf0
core   0: 0x80009e38 (0x0136fbb3) and     s7, a3, s3
core   0: 3 0x80009e38 (0x0136fbb3) x23 0x00000000
core   0: 0x80009e3c (0x00383a33) sltu    s4, a6, gp
core   0: 3 0x80009e3c (0x00383a33) x20 0x00000000
core   0: 0x80009e40 (0x00c44ab3) xor     s5, s0, a2
core   0: 3 0x80009e40 (0x00c44ab3) x21 0x7ffdb594
core   0: 0x80009e44 (0x0266c863) blt     a3, t1, pc + 48
core   0: 3 0x80009e44 (0x0266c863)
core   0: 0x80009e48 (0xe46a1417) auipc   s0, 0xe46a1
core   0: 3 0x80009e48 (0xe46a1417) x 8 0x646aae48
core   0: 0x80009e4c (0x009acd33) xor     s10, s5, s1
core   0: 3 0x80009e4c (0x009acd33) x26 0xb01517d8
core   0: 0x80009e50 (0x001de3b3) or      t2, s11, ra
core   0: 3 0x80009e50 (0x001de3b3) x 7 0x0000024d
core   0: 0x80009e54 (0x0038d463) bge     a7, gp, pc + 8
core   0: 3 0x80009e54 (0x0038d463)
core   0: 0x80009e58 (0x41b3d713) srai    a4, t2, 27
core   0: 3 0x80009e58 (0x41b3d713) x14 0x00000000
core   0: 0x80009e5c (0x40845cb3) sra     s9, s0, s0
core   0: 3 0x80009e5c (0x40845cb3) x25 0x00646aae
core   0: 0x80009e60 (0xd5703093) sltiu   ra, zero, -681
core   0: 3 0x80009e60 (0xd5703093) x 1 0x00000001
core   0: 0x80009e64 (0x003ce7b3) or      a5, s9, gp
core   0: 3 0x80009e64 (0x003ce7b3) x15 0x00646aae
core   0: 0x80009e68 (0x0000100f) fence.i
core   0: 3 0x80009e68 (0x0000100f)
core   0: 0x80009e6c (0x411b8f33) sub     t5, s7, a7
core   0: 3 0x80009e6c (0x411b8f33) x30 0x7ddff000
core   0: 0x80009e70 (0x40900d33) sub     s10, zero, s1
core   0: 3 0x80009e70 (0x40900d33) x26 0x30175db4
core   0: 0x80009e74 (0x0000100f) fence.i
core   0: 3 0x80009e74 (0x0000100f)
core   0: 0x80009e78 (0x00000013) nop
core   0: 3 0x80009e78 (0x00000013)
core   0: 0x80009e7c (0x40ae5513) srai    a0, t3, 10
core   0: 3 0x80009e7c (0x40ae5513) x10 0x00000000
core   0: 0x80009e80 (0x40206e13) ori     t3, zero, 1026
core   0: 3 0x80009e80 (0x40206e13) x28 0x00000402
core   0: 0x80009e84 (0x414e5733) sra     a4, t3, s4
core   0: 3 0x80009e84 (0x414e5733) x14 0x00000402
core   0: 0x80009e88 (0x401adb33) sra     s6, s5, ra
core   0: 3 0x80009e88 (0x401adb33) x22 0x3ffedaca
core   0: 0x80009e8c (0x01247033) and     zero, s0, s2
core   0: 3 0x80009e8c (0x01247033)
core   0: 0x80009e90 (0x016bd0b3) srl     ra, s7, s6
core   0: 3 0x80009e90 (0x016bd0b3) x 1 0x00000000
core   0: 0x80009e94 (0x41a55833) sra     a6, a0, s10
core   0: 3 0x80009e94 (0x41a55833) x16 0x00000000
core   0: 0x80009e98 (0x01c83533) sltu    a0, a6, t3
core   0: 3 0x80009e98 (0x01c83533) x10 0x00000001
core   0: 0x80009e9c (0x01505c13) srli    s8, zero, 21
core   0: 3 0x80009e9c (0x01505c13) x24 0x00000000
core   0: 0x80009ea0 (0x0123b433) sltu    s0, t2, s2
core   0: 3 0x80009ea0 (0x0123b433) x 8 0x00000000
core   0: 0x80009ea4 (0x2f523d93) sltiu   s11, tp, 757
core   0: 3 0x80009ea4 (0x2f523d93) x27 0x00000000
core   0: 0x80009ea8 (0x00acb033) sltu    zero, s9, a0
core   0: 3 0x80009ea8 (0x00acb033)
core   0: 0x80009eac (0x019ea4b3) slt     s1, t4, s9
core   0: 3 0x80009eac (0x019ea4b3) x 9 0x00000001
core   0: 0x80009eb0 (0x0000100f) fence.i
core   0: 3 0x80009eb0 (0x0000100f)
core   0: 0x80009eb4 (0x0477e663) bltu    a5, t2, pc + 76
core   0: 3 0x80009eb4 (0x0477e663)
core   0: 0x80009eb8 (0x00defd33) and     s10, t4, a3
core   0: 3 0x80009eb8 (0x00defd33) x26 0x00000000
core   0: 0x80009ebc (0xea817893) andi    a7, sp, -344
core   0: 3 0x80009ebc (0xea817893) x17 0x80028ca0
core   0: 0x80009ec0 (0x00000013) nop
core   0: 3 0x80009ec0 (0x00000013)
core   0: 0x80009ec4 (0x40805513) srai    a0, zero, 8
core   0: 3 0x80009ec4 (0x40805513) x10 0x00000000
core   0: 0x80009ec8 (0x68e04213) xori    tp, zero, 1678
core   0: 3 0x80009ec8 (0x68e04213) x 4 0x0000068e
core   0: 0x80009ecc (0x40ddd0b3) sra     ra, s11, a3
core   0: 3 0x80009ecc (0x40ddd0b3) x 1 0x00000000
core   0: 0x80009ed0 (0x000edd93) srli    s11, t4, 0
core   0: 3 0x80009ed0 (0x000edd93) x27 0x00000000
core   0: 0x80009ed4 (0x60ac6e93) ori     t4, s8, 1546
core   0: 3 0x80009ed4 (0x60ac6e93) x29 0x0000060a
core   0: 0x80009ed8 (0x6c6e0a93) addi    s5, t3, 1734
core   0: 3 0x80009ed8 (0x6c6e0a93) x21 0x00000ac8
core   0: 0x80009edc (0x0000100f) fence.i
core   0: 3 0x80009edc (0x0000100f)
core   0: 0x80009ee0 (0x01ef5263) bge     t5, t5, pc + 4
core   0: 3 0x80009ee0 (0x01ef5263)
core   0: 0x80009ee4 (0x0ff0000f) fence   iorw,iorw
core   0: 3 0x80009ee4 (0x0ff0000f)
core   0: 0x80009ee8 (0x002ffbb3) and     s7, t6, sp
core   0: 3 0x80009ee8 (0x002ffbb3) x23 0x00000000
core   0: 0x80009eec (0x715ebc13) sltiu   s8, t4, 1813
core   0: 3 0x80009eec (0x715ebc13) x24 0x00000001
core   0: 0x80009ef0 (0x01393f33) sltu    t5, s2, s3
core   0: 3 0x80009ef0 (0x01393f33) x30 0x00000001
core   0: 0x80009ef4 (0x017c3b33) sltu    s6, s8, s7
core   0: 3 0x80009ef4 (0x017c3b33) x22 0x00000000
core   0: 0x80009ef8 (0x0000100f) fence.i
core   0: 3 0x80009ef8 (0x0000100f)
core   0: 0x80009efc (0x000cceb3) xor     t4, s9, zero
core   0: 3 0x80009efc (0x000cceb3) x29 0x00646aae
core   0: 0x80009f00 (0xa3a58a37) lui     s4, 0xa3a58
core   0: 3 0x80009f00 (0xa3a58a37) x20 0xa3a58000
core   0: 0x80009f04 (0x016e7c63) bgeu    t3, s6, pc + 24
core   0: 3 0x80009f04 (0x016e7c63)
core   0: 0x80009f1c (0x564daa13) slti    s4, s11, 1380
core   0: 3 0x80009f1c (0x564daa13) x20 0x00000001
core   0: 0x80009f20 (0x0130c263) blt     ra, s3, pc + 4
core   0: 3 0x80009f20 (0x0130c263)
core   0: 0x80009f24 (0x007127b3) slt     a5, sp, t2
core   0: 3 0x80009f24 (0x007127b3) x15 0x00000001
core   0: 0x80009f28 (0x00000597) auipc   a1, 0x0
core   0: 3 0x80009f28 (0x00000597) x11 0x80009f28
core   0: 0x80009f2c (0x00c58593) addi    a1, a1, 12
core   0: 3 0x80009f2c (0x00c58593) x11 0x80009f34
core   0: 0x80009f30 (0x00058067) jr      a1
core   0: 3 0x80009f30 (0x00058067)
core   0: 0x80009f34 (0x00100193) li      gp, 1
core   0: 3 0x80009f34 (0x00100193) x 3 0x00000001
core   0: 0x80009f38 (0x00000073) ecall
core   0: exception trap_machine_ecall, epc 0x80009f38
core   0: >>>>  mtvec_handler
core   0: 0x8000e750 (0x0400006f) j       pc + 0x40
core   0: 3 0x8000e750 (0x0400006f)
core   0: 0x8000e790 (0xffc10113) addi    sp, sp, -4
core   0: 3 0x8000e790 (0xffc10113) x 2 0x80028ce0
core   0: 0x8000e794 (0x00c12023) sw      a2, 0(sp)
core   0: 3 0x8000e794 (0x00c12023) mem 0x80028ce0 0x80024e64
core   0: 0x8000e798 (0x00010633) add     a2, sp, zero
core   0: 3 0x8000e798 (0x00010633) x12 0x80028ce0
core   0: 0x8000e79c (0xf8060613) addi    a2, a2, -128
core   0: 3 0x8000e79c (0xf8060613) x12 0x80028c60
core   0: 0x8000e7a0 (0x00162223) sw      ra, 4(a2)
core   0: 3 0x8000e7a0 (0x00162223) mem 0x80028c64 0x00000000
core   0: 0x8000e7a4 (0x00262423) sw      sp, 8(a2)
core   0: 3 0x8000e7a4 (0x00262423) mem 0x80028c68 0x80028ce0
core   0: 0x8000e7a8 (0x00362623) sw      gp, 12(a2)
core   0: 3 0x8000e7a8 (0x00362623) mem 0x80028c6c 0x00000001
core   0: 0x8000e7ac (0x00462823) sw      tp, 16(a2)
core   0: 3 0x8000e7ac (0x00462823) mem 0x80028c70 0x0000068e
core   0: 0x8000e7b0 (0x00562a23) sw      t0, 20(a2)
core   0: 3 0x8000e7b0 (0x00562a23) mem 0x80028c74 0x80000000
core   0: 0x8000e7b4 (0x00662c23) sw      t1, 24(a2)
core   0: 3 0x8000e7b4 (0x00662c23) mem 0x80028c78 0xcfe8a001
core   0: 0x8000e7b8 (0x00762e23) sw      t2, 28(a2)
core   0: 3 0x8000e7b8 (0x00762e23) mem 0x80028c7c 0x0000024d
core   0: 0x8000e7bc (0x02862023) sw      s0, 32(a2)
core   0: 3 0x8000e7bc (0x02862023) mem 0x80028c80 0x00000000
core   0: 0x8000e7c0 (0x02962223) sw      s1, 36(a2)
core   0: 3 0x8000e7c0 (0x02962223) mem 0x80028c84 0x00000001
core   0: 0x8000e7c4 (0x02a62423) sw      a0, 40(a2)
core   0: 3 0x8000e7c4 (0x02a62423) mem 0x80028c88 0x00000000
core   0: 0x8000e7c8 (0x02b62623) sw      a1, 44(a2)
core   0: 3 0x8000e7c8 (0x02b62623) mem 0x80028c8c 0x80009f34
core   0: 0x8000e7cc (0x02c62823) sw      a2, 48(a2)
core   0: 3 0x8000e7cc (0x02c62823) mem 0x80028c90 0x80028c60
core   0: 0x8000e7d0 (0x02d62a23) sw      a3, 52(a2)
core   0: 3 0x8000e7d0 (0x02d62a23) mem 0x80028c94 0x00000000
core   0: 0x8000e7d4 (0x02e62c23) sw      a4, 56(a2)
core   0: 3 0x8000e7d4 (0x02e62c23) mem 0x80028c98 0x00000402
core   0: 0x8000e7d8 (0x02f62e23) sw      a5, 60(a2)
core   0: 3 0x8000e7d8 (0x02f62e23) mem 0x80028c9c 0x00000001
core   0: 0x8000e7dc (0x05062023) sw      a6, 64(a2)
core   0: 3 0x8000e7dc (0x05062023) mem 0x80028ca0 0x00000000
core   0: 0x8000e7e0 (0x05162223) sw      a7, 68(a2)
core   0: 3 0x8000e7e0 (0x05162223) mem 0x80028ca4 0x80028ca0
core   0: 0x8000e7e4 (0x05262423) sw      s2, 72(a2)
core   0: 3 0x8000e7e4 (0x05262423) mem 0x80028ca8 0x00000000
core   0: 0x8000e7e8 (0x05362623) sw      s3, 76(a2)
core   0: 3 0x8000e7e8 (0x05362623) mem 0x80028cac 0x00040000
core   0: 0x8000e7ec (0x05462823) sw      s4, 80(a2)
core   0: 3 0x8000e7ec (0x05462823) mem 0x80028cb0 0x00000001
core   0: 0x8000e7f0 (0x05562a23) sw      s5, 84(a2)
core   0: 3 0x8000e7f0 (0x05562a23) mem 0x80028cb4 0x00000ac8
core   0: 0x8000e7f4 (0x05662c23) sw      s6, 88(a2)
core   0: 3 0x8000e7f4 (0x05662c23) mem 0x80028cb8 0x00000000
core   0: 0x8000e7f8 (0x05762e23) sw      s7, 92(a2)
core   0: 3 0x8000e7f8 (0x05762e23) mem 0x80028cbc 0x00000000
core   0: 0x8000e7fc (0x07862023) sw      s8, 96(a2)
core   0: 3 0x8000e7fc (0x07862023) mem 0x80028cc0 0x00000001
core   0: 0x8000e800 (0x07962223) sw      s9, 100(a2)
core   0: 3 0x8000e800 (0x07962223) mem 0x80028cc4 0x00646aae
core   0: 0x8000e804 (0x07a62423) sw      s10, 104(a2)
core   0: 3 0x8000e804 (0x07a62423) mem 0x80028cc8 0x00000000
core   0: 0x8000e808 (0x07b62623) sw      s11, 108(a2)
core   0: 3 0x8000e808 (0x07b62623) mem 0x80028ccc 0x00000000
core   0: 0x8000e80c (0x07c62823) sw      t3, 112(a2)
core   0: 3 0x8000e80c (0x07c62823) mem 0x80028cd0 0x00000402
core   0: 0x8000e810 (0x07d62a23) sw      t4, 116(a2)
core   0: 3 0x8000e810 (0x07d62a23) mem 0x80028cd4 0x00646aae
core   0: 0x8000e814 (0x07e62c23) sw      t5, 120(a2)
core   0: 3 0x8000e814 (0x07e62c23) mem 0x80028cd8 0x00000001
core   0: 0x8000e818 (0x07f62e23) sw      t6, 124(a2)
core   0: 3 0x8000e818 (0x07f62e23) mem 0x80028cdc 0x00000000
core   0: 0x8000e81c (0x00060133) add     sp, a2, zero
core   0: 3 0x8000e81c (0x00060133) x 2 0x80028c60
core   0: 0x8000e820 (0x34102e73) csrr    t3, mepc
core   0: 3 0x8000e820 (0x34102e73) x28 0x80009f38
core   0: 0x8000e824 (0x34202e73) csrr    t3, mcause
core   0: 3 0x8000e824 (0x34202e73) x28 0x0000000b
core   0: 0x8000e828 (0x00300a13) li      s4, 3
core   0: 3 0x8000e828 (0x00300a13) x20 0x00000003
core   0: 0x8000e82c (0x2b4e0a63) beq     t3, s4, pc + 692
core   0: 3 0x8000e82c (0x2b4e0a63)
core   0: 0x8000e830 (0x00800a13) li      s4, 8
core   0: 3 0x8000e830 (0x00800a13) x20 0x00000008
core   0: 0x8000e834 (0x054e0e63) beq     t3, s4, pc + 92
core   0: 3 0x8000e834 (0x054e0e63)
core   0: 0x8000e838 (0x00900a13) li      s4, 9
core   0: 3 0x8000e838 (0x00900a13) x20 0x00000009
core   0: 0x8000e83c (0x054e0a63) beq     t3, s4, pc + 84
core   0: 3 0x8000e83c (0x054e0a63)
core   0: 0x8000e840 (0x00b00a13) li      s4, 11
core   0: 3 0x8000e840 (0x00b00a13) x20 0x0000000b
core   0: 0x8000e844 (0x054e0663) beq     t3, s4, pc + 76
core   0: 3 0x8000e844 (0x054e0663)
core   0: 0x8000e890 (0xffff1e17) auipc   t3, 0xffff1
core   0: 3 0x8000e890 (0xffff1e17) x28 0x7ffff890
core   0: 0x8000e894 (0x770e0e13) addi    t3, t3, 1904
core   0: 3 0x8000e894 (0x770e0e13) x28 0x80000000
core   0: 0x8000e898 (0x000e2023) sw      zero, 0(t3)
core   0: 3 0x8000e898 (0x000e2023) mem 0x80000000 0x00000000
core   0: 0x8000e89c (0x001e2223) sw      ra, 4(t3)
core   0: 3 0x8000e89c (0x001e2223) mem 0x80000004 0x00000000
core   0: 0x8000e8a0 (0x002e2423) sw      sp, 8(t3)
core   0: 3 0x8000e8a0 (0x002e2423) mem 0x80000008 0x80028c60
core   0: 0x8000e8a4 (0x003e2623) sw      gp, 12(t3)
core   0: 3 0x8000e8a4 (0x003e2623) mem 0x8000000c 0x00000001
core   0: 0x8000e8a8 (0x004e2823) sw      tp, 16(t3)
core   0: 3 0x8000e8a8 (0x004e2823) mem 0x80000010 0x0000068e
core   0: 0x8000e8ac (0x005e2a23) sw      t0, 20(t3)
core   0: 3 0x8000e8ac (0x005e2a23) mem 0x80000014 0x80000000
core   0: 0x8000e8b0 (0x006e2c23) sw      t1, 24(t3)
core   0: 3 0x8000e8b0 (0x006e2c23) mem 0x80000018 0xcfe8a001
core   0: 0x8000e8b4 (0x007e2e23) sw      t2, 28(t3)
core   0: 3 0x8000e8b4 (0x007e2e23) mem 0x8000001c 0x0000024d
core   0: 0x8000e8b8 (0x028e2023) sw      s0, 32(t3)
core   0: 3 0x8000e8b8 (0x028e2023) mem 0x80000020 0x00000000
core   0: 0x8000e8bc (0x029e2223) sw      s1, 36(t3)
core   0: 3 0x8000e8bc (0x029e2223) mem 0x80000024 0x00000001
core   0: 0x8000e8c0 (0x02ae2423) sw      a0, 40(t3)
core   0: 3 0x8000e8c0 (0x02ae2423) mem 0x80000028 0x00000000
core   0: 0x8000e8c4 (0x02be2623) sw      a1, 44(t3)
core   0: 3 0x8000e8c4 (0x02be2623) mem 0x8000002c 0x80009f34
core   0: 0x8000e8c8 (0x02ce2823) sw      a2, 48(t3)
core   0: 3 0x8000e8c8 (0x02ce2823) mem 0x80000030 0x80028c60
core   0: 0x8000e8cc (0x02de2a23) sw      a3, 52(t3)
core   0: 3 0x8000e8cc (0x02de2a23) mem 0x80000034 0x00000000
core   0: 0x8000e8d0 (0x02ee2c23) sw      a4, 56(t3)
core   0: 3 0x8000e8d0 (0x02ee2c23) mem 0x80000038 0x00000402
core   0: 0x8000e8d4 (0x02fe2e23) sw      a5, 60(t3)
core   0: 3 0x8000e8d4 (0x02fe2e23) mem 0x8000003c 0x00000001
core   0: 0x8000e8d8 (0x050e2023) sw      a6, 64(t3)
core   0: 3 0x8000e8d8 (0x050e2023) mem 0x80000040 0x00000000
core   0: 0x8000e8dc (0x051e2223) sw      a7, 68(t3)
core   0: 3 0x8000e8dc (0x051e2223) mem 0x80000044 0x80028ca0
core   0: 0x8000e8e0 (0x052e2423) sw      s2, 72(t3)
core   0: 3 0x8000e8e0 (0x052e2423) mem 0x80000048 0x00000000
core   0: 0x8000e8e4 (0x053e2623) sw      s3, 76(t3)
core   0: 3 0x8000e8e4 (0x053e2623) mem 0x8000004c 0x00040000
core   0: 0x8000e8e8 (0x054e2823) sw      s4, 80(t3)
core   0: 3 0x8000e8e8 (0x054e2823) mem 0x80000050 0x0000000b
core   0: 0x8000e8ec (0x055e2a23) sw      s5, 84(t3)
core   0: 3 0x8000e8ec (0x055e2a23) mem 0x80000054 0x00000ac8
core   0: 0x8000e8f0 (0x056e2c23) sw      s6, 88(t3)
core   0: 3 0x8000e8f0 (0x056e2c23) mem 0x80000058 0x00000000
core   0: 0x8000e8f4 (0x057e2e23) sw      s7, 92(t3)
core   0: 3 0x8000e8f4 (0x057e2e23) mem 0x8000005c 0x00000000
core   0: 0x8000e8f8 (0x078e2023) sw      s8, 96(t3)
core   0: 3 0x8000e8f8 (0x078e2023) mem 0x80000060 0x00000001
core   0: 0x8000e8fc (0x079e2223) sw      s9, 100(t3)
core   0: 3 0x8000e8fc (0x079e2223) mem 0x80000064 0x00646aae
core   0: 0x8000e900 (0x07ae2423) sw      s10, 104(t3)
core   0: 3 0x8000e900 (0x07ae2423) mem 0x80000068 0x00000000
core   0: 0x8000e904 (0x07be2623) sw      s11, 108(t3)
core   0: 3 0x8000e904 (0x07be2623) mem 0x8000006c 0x00000000
core   0: 0x8000e908 (0x07ce2823) sw      t3, 112(t3)
core   0: 3 0x8000e908 (0x07ce2823) mem 0x80000070 0x80000000
core   0: 0x8000e90c (0x07de2a23) sw      t4, 116(t3)
core   0: 3 0x8000e90c (0x07de2a23) mem 0x80000074 0x00646aae
core   0: 0x8000e910 (0x07ee2c23) sw      t5, 120(t3)
core   0: 3 0x8000e910 (0x07ee2c23) mem 0x80000078 0x00000001
core   0: 0x8000e914 (0x07fe2e23) sw      t6, 124(t3)
core   0: 3 0x8000e914 (0x07fe2e23) mem 0x8000007c 0x00000000
core   0: 0x8000e918 (0xfffff597) auipc   a1, 0xfffff
core   0: 3 0x8000e918 (0xfffff597) x11 0x8000d918
core   0: 0x8000e91c (0x40c58593) addi    a1, a1, 1036
core   0: 3 0x8000e91c (0x40c58593) x11 0x8000dd24
core   0: 0x8000e920 (0x00058067) jr      a1
core   0: 3 0x8000e920 (0x00058067)
core   0: 0x8000dd24 (0x00001f17) auipc   t5, 0x1
core   0: 3 0x8000dd24 (0x00001f17) x30 0x8000ed24
core   0: 0x8000dd28 (0x2c3f2e23) sw      gp, 732(t5)
core   0: 3 0x8000dd28 (0x2c3f2e23) mem 0x8000f000 0x00000001
core   0: 0x8000dd2c (0xff9ff06f) j       pc - 0x8
core   0: 3 0x8000dd2c (0xff9ff06f)
core   0: 0x8000dd24 (0x00001f17) auipc   t5, 0x1
core   0: 3 0x8000dd24 (0x00001f17) x30 0x8000ed24
core   0: 0x8000dd28 (0x2c3f2e23) sw      gp, 732(t5)
core   0: 3 0x8000dd28 (0x2c3f2e23) mem 0x8000f000 0x00000001
core   0: 0x8000dd2c (0xff9ff06f) j       pc - 0x8
core   0: 3 0x8000dd2c (0xff9ff06f)
core   0: 0x8000dd24 (0x00001f17) auipc   t5, 0x1
core   0: 3 0x8000dd24 (0x00001f17) x30 0x8000ed24
core   0: 0x8000dd28 (0x2c3f2e23) sw      gp, 732(t5)
core   0: 3 0x8000dd28 (0x2c3f2e23) mem 0x8000f000 0x00000001
core   0: 0x8000dd2c (0xff9ff06f) j       pc - 0x8
core   0: 3 0x8000dd2c (0xff9ff06f)
core   0: 0x8000dd24 (0x00001f17) auipc   t5, 0x1
core   0: 3 0x8000dd24 (0x00001f17) x30 0x8000ed24
core   0: 0x8000dd28 (0x2c3f2e23) sw      gp, 732(t5)
core   0: 3 0x8000dd28 (0x2c3f2e23) mem 0x8000f000 0x00000001
core   0: 0x8000dd2c (0xff9ff06f) j       pc - 0x8
core   0: 3 0x8000dd2c (0xff9ff06f)
core   0: 0x8000dd24 (0x00001f17) auipc   t5, 0x1
core   0: 3 0x8000dd24 (0x00001f17) x30 0x8000ed24
core   0: 0x8000dd28 (0x2c3f2e23) sw      gp, 732(t5)
core   0: 3 0x8000dd28 (0x2c3f2e23) mem 0x8000f000 0x00000001
core   0: 0x8000dd2c (0xff9ff06f) j       pc - 0x8
core   0: 3 0x8000dd2c (0xff9ff06f)
core   0: 0x8000dd24 (0x00001f17) auipc   t5, 0x1
core   0: 3 0x8000dd24 (0x00001f17) x30 0x8000ed24
core   0: 0x8000dd28 (0x2c3f2e23) sw      gp, 732(t5)
core   0: 3 0x8000dd28 (0x2c3f2e23) mem 0x8000f000 0x00000001
core   0: 0x8000dd2c (0xff9ff06f) j       pc - 0x8
core   0: 3 0x8000dd2c (0xff9ff06f)
core   0: 0x8000dd24 (0x00001f17) auipc   t5, 0x1
core   0: 3 0x8000dd24 (0x00001f17) x30 0x8000ed24
core   0: 0x8000dd28 (0x2c3f2e23) sw      gp, 732(t5)
core   0: 3 0x8000dd28 (0x2c3f2e23) mem 0x8000f000 0x00000001
core   0: 0x8000dd2c (0xff9ff06f) j       pc - 0x8
core   0: 3 0x8000dd2c (0xff9ff06f)
core   0: 0x8000dd24 (0x00001f17) auipc   t5, 0x1
core   0: 3 0x8000dd24 (0x00001f17) x30 0x8000ed24
core   0: 0x8000dd28 (0x2c3f2e23) sw      gp, 732(t5)
core   0: 3 0x8000dd28 (0x2c3f2e23) mem 0x8000f000 0x00000001
core   0: 0x8000dd2c (0xff9ff06f) j       pc - 0x8
core   0: 3 0x8000dd2c (0xff9ff06f)
core   0: 0x8000dd24 (0x00001f17) auipc   t5, 0x1
core   0: 3 0x8000dd24 (0x00001f17) x30 0x8000ed24
core   0: 0x8000dd28 (0x2c3f2e23) sw      gp, 732(t5)
core   0: 3 0x8000dd28 (0x2c3f2e23) mem 0x8000f000 0x00000001
core   0: 0x8000dd2c (0xff9ff06f) j       pc - 0x8
core   0: 3 0x8000dd2c (0xff9ff06f)
core   0: 0x8000dd24 (0x00001f17) auipc   t5, 0x1
core   0: 3 0x8000dd24 (0x00001f17) x30 0x8000ed24
core   0: 0x8000dd28 (0x2c3f2e23) sw      gp, 732(t5)
core   0: 3 0x8000dd28 (0x2c3f2e23) mem 0x8000f000 0x00000001
core   0: 0x8000dd2c (0xff9ff06f) j       pc - 0x8
core   0: 3 0x8000dd2c (0xff9ff06f)
core   0: 0x8000dd24 (0x00001f17) auipc   t5, 0x1
core   0: 3 0x8000dd24 (0x00001f17) x30 0x8000ed24
core   0: 0x8000dd28 (0x2c3f2e23) sw      gp, 732(t5)
core   0: 3 0x8000dd28 (0x2c3f2e23) mem 0x8000f000 0x00000001
core   0: 0x8000dd2c (0xff9ff06f) j       pc - 0x8
core   0: 3 0x8000dd2c (0xff9ff06f)
core   0: 0x8000dd24 (0x00001f17) auipc   t5, 0x1
core   0: 3 0x8000dd24 (0x00001f17) x30 0x8000ed24
core   0: 0x8000dd28 (0x2c3f2e23) sw      gp, 732(t5)
core   0: 3 0x8000dd28 (0x2c3f2e23) mem 0x8000f000 0x00000001
core   0: 0x8000dd2c (0xff9ff06f) j       pc - 0x8
core   0: 3 0x8000dd2c (0xff9ff06f)
core   0: 0x8000dd24 (0x00001f17) auipc   t5, 0x1
core   0: 3 0x8000dd24 (0x00001f17) x30 0x8000ed24
core   0: 0x8000dd28 (0x2c3f2e23) sw      gp, 732(t5)
core   0: 3 0x8000dd28 (0x2c3f2e23) mem 0x8000f000 0x00000001
core   0: 0x8000dd2c (0xff9ff06f) j       pc - 0x8
core   0: 3 0x8000dd2c (0xff9ff06f)
core   0: 0x8000dd24 (0x00001f17) auipc   t5, 0x1
core   0: 3 0x8000dd24 (0x00001f17) x30 0x8000ed24
core   0: 0x8000dd28 (0x2c3f2e23) sw      gp, 732(t5)
core   0: 3 0x8000dd28 (0x2c3f2e23) mem 0x8000f000 0x00000001
core   0: 0x8000dd2c (0xff9ff06f) j       pc - 0x8
core   0: 3 0x8000dd2c (0xff9ff06f)
core   0: 0x8000dd24 (0x00001f17) auipc   t5, 0x1
core   0: 3 0x8000dd24 (0x00001f17) x30 0x8000ed24
core   0: 0x8000dd28 (0x2c3f2e23) sw      gp, 732(t5)
core   0: 3 0x8000dd28 (0x2c3f2e23) mem 0x8000f000 0x00000001
core   0: 0x8000dd2c (0xff9ff06f) j       pc - 0x8
core   0: 3 0x8000dd2c (0xff9ff06f)
core   0: 0x8000dd24 (0x00001f17) auipc   t5, 0x1
core   0: 3 0x8000dd24 (0x00001f17) x30 0x8000ed24
core   0: 0x8000dd28 (0x2c3f2e23) sw      gp, 732(t5)
core   0: 3 0x8000dd28 (0x2c3f2e23) mem 0x8000f000 0x00000001
core   0: 0x8000dd2c (0xff9ff06f) j       pc - 0x8
core   0: 3 0x8000dd2c (0xff9ff06f)
core   0: 0x8000dd24 (0x00001f17) auipc   t5, 0x1
core   0: 3 0x8000dd24 (0x00001f17) x30 0x8000ed24
core   0: 0x8000dd28 (0x2c3f2e23) sw      gp, 732(t5)
core   0: 3 0x8000dd28 (0x2c3f2e23) mem 0x8000f000 0x00000001
core   0: 0x8000dd2c (0xff9ff06f) j       pc - 0x8
core   0: 3 0x8000dd2c (0xff9ff06f)
core   0: 0x8000dd24 (0x00001f17) auipc   t5, 0x1
core   0: 3 0x8000dd24 (0x00001f17) x30 0x8000ed24
core   0: 0x8000dd28 (0x2c3f2e23) sw      gp, 732(t5)
core   0: 3 0x8000dd28 (0x2c3f2e23) mem 0x8000f000 0x00000001
core   0: 0x8000dd2c (0xff9ff06f) j       pc - 0x8
core   0: 3 0x8000dd2c (0xff9ff06f)
core   0: 0x8000dd24 (0x00001f17) auipc   t5, 0x1
core   0: 3 0x8000dd24 (0x00001f17) x30 0x8000ed24
core   0: 0x8000dd28 (0x2c3f2e23) sw      gp, 732(t5)
core   0: 3 0x8000dd28 (0x2c3f2e23) mem 0x8000f000 0x00000001
core   0: 0x8000dd2c (0xff9ff06f) j       pc - 0x8
core   0: 3 0x8000dd2c (0xff9ff06f)
core   0: 0x8000dd24 (0x00001f17) auipc   t5, 0x1
core   0: 3 0x8000dd24 (0x00001f17) x30 0x8000ed24
core   0: 0x8000dd28 (0x2c3f2e23) sw      gp, 732(t5)
core   0: 3 0x8000dd28 (0x2c3f2e23) mem 0x8000f000 0x00000001
core   0: 0x8000dd2c (0xff9ff06f) j       pc - 0x8
core   0: 3 0x8000dd2c (0xff9ff06f)
core   0: 0x8000dd24 (0x00001f17) auipc   t5, 0x1
core   0: 3 0x8000dd24 (0x00001f17) x30 0x8000ed24
core   0: 0x8000dd28 (0x2c3f2e23) sw      gp, 732(t5)
core   0: 3 0x8000dd28 (0x2c3f2e23) mem 0x8000f000 0x00000001
core   0: 0x8000dd2c (0xff9ff06f) j       pc - 0x8
core   0: 3 0x8000dd2c (0xff9ff06f)
core   0: 0x8000dd24 (0x00001f17) auipc   t5, 0x1
core   0: 3 0x8000dd24 (0x00001f17) x30 0x8000ed24
core   0: 0x8000dd28 (0x2c3f2e23) sw      gp, 732(t5)
core   0: 3 0x8000dd28 (0x2c3f2e23) mem 0x8000f000 0x00000001
core   0: 0x8000dd2c (0xff9ff06f) j       pc - 0x8
core   0: 3 0x8000dd2c (0xff9ff06f)
core   0: 0x8000dd24 (0x00001f17) auipc   t5, 0x1
core   0: 3 0x8000dd24 (0x00001f17) x30 0x8000ed24
core   0: 0x8000dd28 (0x2c3f2e23) sw      gp, 732(t5)
core   0: 3 0x8000dd28 (0x2c3f2e23) mem 0x8000f000 0x00000001
core   0: 0x8000dd2c (0xff9ff06f) j       pc - 0x8
core   0: 3 0x8000dd2c (0xff9ff06f)
core   0: 0x8000dd24 (0x00001f17) auipc   t5, 0x1
core   0: 3 0x8000dd24 (0x00001f17) x30 0x8000ed24
core   0: 0x8000dd28 (0x2c3f2e23) sw      gp, 732(t5)
core   0: 3 0x8000dd28 (0x2c3f2e23) mem 0x8000f000 0x00000001
core   0: 0x8000dd2c (0xff9ff06f) j       pc - 0x8
core   0: 3 0x8000dd2c (0xff9ff06f)
core   0: 0x8000dd24 (0x00001f17) auipc   t5, 0x1
core   0: 3 0x8000dd24 (0x00001f17) x30 0x8000ed24
core   0: 0x8000dd28 (0x2c3f2e23) sw      gp, 732(t5)
core   0: 3 0x8000dd28 (0x2c3f2e23) mem 0x8000f000 0x00000001
core   0: 0x8000dd2c (0xff9ff06f) j       pc - 0x8
core   0: 3 0x8000dd2c (0xff9ff06f)
core   0: 0x8000dd24 (0x00001f17) auipc   t5, 0x1
core   0: 3 0x8000dd24 (0x00001f17) x30 0x8000ed24
core   0: 0x8000dd28 (0x2c3f2e23) sw      gp, 732(t5)
core   0: 3 0x8000dd28 (0x2c3f2e23) mem 0x8000f000 0x00000001
core   0: 0x8000dd2c (0xff9ff06f) j       pc - 0x8
core   0: 3 0x8000dd2c (0xff9ff06f)
core   0: 0x8000dd24 (0x00001f17) auipc   t5, 0x1
core   0: 3 0x8000dd24 (0x00001f17) x30 0x8000ed24
core   0: 0x8000dd28 (0x2c3f2e23) sw      gp, 732(t5)
core   0: 3 0x8000dd28 (0x2c3f2e23) mem 0x8000f000 0x00000001
core   0: 0x8000dd2c (0xff9ff06f) j       pc - 0x8
core   0: 3 0x8000dd2c (0xff9ff06f)
core   0: 0x8000dd24 (0x00001f17) auipc   t5, 0x1
core   0: 3 0x8000dd24 (0x00001f17) x30 0x8000ed24
core   0: 0x8000dd28 (0x2c3f2e23) sw      gp, 732(t5)
core   0: 3 0x8000dd28 (0x2c3f2e23) mem 0x8000f000 0x00000001
core   0: 0x8000dd2c (0xff9ff06f) j       pc - 0x8
core   0: 3 0x8000dd2c (0xff9ff06f)
core   0: 0x8000dd24 (0x00001f17) auipc   t5, 0x1
core   0: 3 0x8000dd24 (0x00001f17) x30 0x8000ed24
core   0: 0x8000dd28 (0x2c3f2e23) sw      gp, 732(t5)
core   0: 3 0x8000dd28 (0x2c3f2e23) mem 0x8000f000 0x00000001
core   0: 0x8000dd2c (0xff9ff06f) j       pc - 0x8
core   0: 3 0x8000dd2c (0xff9ff06f)
core   0: 0x8000dd24 (0x00001f17) auipc   t5, 0x1
core   0: 3 0x8000dd24 (0x00001f17) x30 0x8000ed24
core   0: 0x8000dd28 (0x2c3f2e23) sw      gp, 732(t5)
core   0: 3 0x8000dd28 (0x2c3f2e23) mem 0x8000f000 0x00000001
core   0: 0x8000dd2c (0xff9ff06f) j       pc - 0x8
core   0: 3 0x8000dd2c (0xff9ff06f)
core   0: 0x8000dd24 (0x00001f17) auipc   t5, 0x1
core   0: 3 0x8000dd24 (0x00001f17) x30 0x8000ed24
core   0: 0x8000dd28 (0x2c3f2e23) sw      gp, 732(t5)
core   0: 3 0x8000dd28 (0x2c3f2e23) mem 0x8000f000 0x00000001
core   0: 0x8000dd2c (0xff9ff06f) j       pc - 0x8
core   0: 3 0x8000dd2c (0xff9ff06f)
core   0: 0x8000dd24 (0x00001f17) auipc   t5, 0x1
core   0: 3 0x8000dd24 (0x00001f17) x30 0x8000ed24
core   0: 0x8000dd28 (0x2c3f2e23) sw      gp, 732(t5)
core   0: 3 0x8000dd28 (0x2c3f2e23) mem 0x8000f000 0x00000001
core   0: 0x8000dd2c (0xff9ff06f) j       pc - 0x8
core   0: 3 0x8000dd2c (0xff9ff06f)
core   0: 0x8000dd24 (0x00001f17) auipc   t5, 0x1
core   0: 3 0x8000dd24 (0x00001f17) x30 0x8000ed24
core   0: 0x8000dd28 (0x2c3f2e23) sw      gp, 732(t5)
core   0: 3 0x8000dd28 (0x2c3f2e23) mem 0x8000f000 0x00000001
core   0: 0x8000dd2c (0xff9ff06f) j       pc - 0x8
core   0: 3 0x8000dd2c (0xff9ff06f)
core   0: 0x8000dd24 (0x00001f17) auipc   t5, 0x1
core   0: 3 0x8000dd24 (0x00001f17) x30 0x8000ed24
core   0: 0x8000dd28 (0x2c3f2e23) sw      gp, 732(t5)
core   0: 3 0x8000dd28 (0x2c3f2e23) mem 0x8000f000 0x00000001
core   0: 0x8000dd2c (0xff9ff06f) j       pc - 0x8
core   0: 3 0x8000dd2c (0xff9ff06f)
core   0: 0x8000dd24 (0x00001f17) auipc   t5, 0x1
core   0: 3 0x8000dd24 (0x00001f17) x30 0x8000ed24
core   0: 0x8000dd28 (0x2c3f2e23) sw      gp, 732(t5)
core   0: 3 0x8000dd28 (0x2c3f2e23) mem 0x8000f000 0x00000001
core   0: 0x8000dd2c (0xff9ff06f) j       pc - 0x8
core   0: 3 0x8000dd2c (0xff9ff06f)
core   0: 0x8000dd24 (0x00001f17) auipc   t5, 0x1
core   0: 3 0x8000dd24 (0x00001f17) x30 0x8000ed24
core   0: 0x8000dd28 (0x2c3f2e23) sw      gp, 732(t5)
core   0: 3 0x8000dd28 (0x2c3f2e23) mem 0x8000f000 0x00000001
core   0: 0x8000dd2c (0xff9ff06f) j       pc - 0x8
core   0: 3 0x8000dd2c (0xff9ff06f)
core   0: 0x8000dd24 (0x00001f17) auipc   t5, 0x1
core   0: 3 0x8000dd24 (0x00001f17) x30 0x8000ed24
core   0: 0x8000dd28 (0x2c3f2e23) sw      gp, 732(t5)
core   0: 3 0x8000dd28 (0x2c3f2e23) mem 0x8000f000 0x00000001
core   0: 0x8000dd2c (0xff9ff06f) j       pc - 0x8
core   0: 3 0x8000dd2c (0xff9ff06f)
core   0: 0x8000dd24 (0x00001f17) auipc   t5, 0x1
core   0: 3 0x8000dd24 (0x00001f17) x30 0x8000ed24
core   0: 0x8000dd28 (0x2c3f2e23) sw      gp, 732(t5)
core   0: 3 0x8000dd28 (0x2c3f2e23) mem 0x8000f000 0x00000001
core   0: 0x8000dd2c (0xff9ff06f) j       pc - 0x8
core   0: 3 0x8000dd2c (0xff9ff06f)
core   0: 0x8000dd24 (0x00001f17) auipc   t5, 0x1
core   0: 3 0x8000dd24 (0x00001f17) x30 0x8000ed24
core   0: 0x8000dd28 (0x2c3f2e23) sw      gp, 732(t5)
core   0: 3 0x8000dd28 (0x2c3f2e23) mem 0x8000f000 0x00000001
core   0: 0x8000dd2c (0xff9ff06f) j       pc - 0x8
core   0: 3 0x8000dd2c (0xff9ff06f)
core   0: 0x8000dd24 (0x00001f17) auipc   t5, 0x1
core   0: 3 0x8000dd24 (0x00001f17) x30 0x8000ed24
core   0: 0x8000dd28 (0x2c3f2e23) sw      gp, 732(t5)
core   0: 3 0x8000dd28 (0x2c3f2e23) mem 0x8000f000 0x00000001
core   0: 0x8000dd2c (0xff9ff06f) j       pc - 0x8
core   0: 3 0x8000dd2c (0xff9ff06f)
core   0: 0x8000dd24 (0x00001f17) auipc   t5, 0x1
core   0: 3 0x8000dd24 (0x00001f17) x30 0x8000ed24
core   0: 0x8000dd28 (0x2c3f2e23) sw      gp, 732(t5)
core   0: 3 0x8000dd28 (0x2c3f2e23) mem 0x8000f000 0x00000001
core   0: 0x8000dd2c (0xff9ff06f) j       pc - 0x8
core   0: 3 0x8000dd2c (0xff9ff06f)
core   0: 0x8000dd24 (0x00001f17) auipc   t5, 0x1
core   0: 3 0x8000dd24 (0x00001f17) x30 0x8000ed24
core   0: 0x8000dd28 (0x2c3f2e23) sw      gp, 732(t5)
core   0: 3 0x8000dd28 (0x2c3f2e23) mem 0x8000f000 0x00000001
core   0: 0x8000dd2c (0xff9ff06f) j       pc - 0x8
core   0: 3 0x8000dd2c (0xff9ff06f)
core   0: 0x8000dd24 (0x00001f17) auipc   t5, 0x1
core   0: 3 0x8000dd24 (0x00001f17) x30 0x8000ed24
core   0: 0x8000dd28 (0x2c3f2e23) sw      gp, 732(t5)
core   0: 3 0x8000dd28 (0x2c3f2e23) mem 0x8000f000 0x00000001
core   0: 0x8000dd2c (0xff9ff06f) j       pc - 0x8
core   0: 3 0x8000dd2c (0xff9ff06f)
core   0: 0x8000dd24 (0x00001f17) auipc   t5, 0x1
core   0: 3 0x8000dd24 (0x00001f17) x30 0x8000ed24
core   0: 0x8000dd28 (0x2c3f2e23) sw      gp, 732(t5)
core   0: 3 0x8000dd28 (0x2c3f2e23) mem 0x8000f000 0x00000001
core   0: 0x8000dd2c (0xff9ff06f) j       pc - 0x8
core   0: 3 0x8000dd2c (0xff9ff06f)
core   0: 0x8000dd24 (0x00001f17) auipc   t5, 0x1
core   0: 3 0x8000dd24 (0x00001f17) x30 0x8000ed24
core   0: 0x8000dd28 (0x2c3f2e23) sw      gp, 732(t5)
core   0: 3 0x8000dd28 (0x2c3f2e23) mem 0x8000f000 0x00000001
core   0: 0x8000dd2c (0xff9ff06f) j       pc - 0x8
core   0: 3 0x8000dd2c (0xff9ff06f)
core   0: 0x8000dd24 (0x00001f17) auipc   t5, 0x1
core   0: 3 0x8000dd24 (0x00001f17) x30 0x8000ed24
core   0: 0x8000dd28 (0x2c3f2e23) sw      gp, 732(t5)
core   0: 3 0x8000dd28 (0x2c3f2e23) mem 0x8000f000 0x00000001
core   0: 0x8000dd2c (0xff9ff06f) j       pc - 0x8
core   0: 3 0x8000dd2c (0xff9ff06f)
core   0: 0x8000dd24 (0x00001f17) auipc   t5, 0x1
core   0: 3 0x8000dd24 (0x00001f17) x30 0x8000ed24
core   0: 0x8000dd28 (0x2c3f2e23) sw      gp, 732(t5)
core   0: 3 0x8000dd28 (0x2c3f2e23) mem 0x8000f000 0x00000001
core   0: 0x8000dd2c (0xff9ff06f) j       pc - 0x8
core   0: 3 0x8000dd2c (0xff9ff06f)
core   0: 0x8000dd24 (0x00001f17) auipc   t5, 0x1
core   0: 3 0x8000dd24 (0x00001f17) x30 0x8000ed24
core   0: 0x8000dd28 (0x2c3f2e23) sw      gp, 732(t5)
core   0: 3 0x8000dd28 (0x2c3f2e23) mem 0x8000f000 0x00000001
core   0: 0x8000dd2c (0xff9ff06f) j       pc - 0x8
core   0: 3 0x8000dd2c (0xff9ff06f)
core   0: 0x8000dd24 (0x00001f17) auipc   t5, 0x1
core   0: 3 0x8000dd24 (0x00001f17) x30 0x8000ed24
core   0: 0x8000dd28 (0x2c3f2e23) sw      gp, 732(t5)
core   0: 3 0x8000dd28 (0x2c3f2e23) mem 0x8000f000 0x00000001
core   0: 0x8000dd2c (0xff9ff06f) j       pc - 0x8
core   0: 3 0x8000dd2c (0xff9ff06f)
core   0: 0x8000dd24 (0x00001f17) auipc   t5, 0x1
core   0: 3 0x8000dd24 (0x00001f17) x30 0x8000ed24
core   0: 0x8000dd28 (0x2c3f2e23) sw      gp, 732(t5)
core   0: 3 0x8000dd28 (0x2c3f2e23) mem 0x8000f000 0x00000001
core   0: 0x8000dd2c (0xff9ff06f) j       pc - 0x8
core   0: 3 0x8000dd2c (0xff9ff06f)
core   0: 0x8000dd24 (0x00001f17) auipc   t5, 0x1
core   0: 3 0x8000dd24 (0x00001f17) x30 0x8000ed24
core   0: 0x8000dd28 (0x2c3f2e23) sw      gp, 732(t5)
core   0: 3 0x8000dd28 (0x2c3f2e23) mem 0x8000f000 0x00000001
core   0: 0x8000dd2c (0xff9ff06f) j       pc - 0x8
core   0: 3 0x8000dd2c (0xff9ff06f)
core   0: 0x8000dd24 (0x00001f17) auipc   t5, 0x1
core   0: 3 0x8000dd24 (0x00001f17) x30 0x8000ed24
core   0: 0x8000dd28 (0x2c3f2e23) sw      gp, 732(t5)
core   0: 3 0x8000dd28 (0x2c3f2e23) mem 0x8000f000 0x00000001
core   0: 0x8000dd2c (0xff9ff06f) j       pc - 0x8
core   0: 3 0x8000dd2c (0xff9ff06f)
core   0: 0x8000dd24 (0x00001f17) auipc   t5, 0x1
core   0: 3 0x8000dd24 (0x00001f17) x30 0x8000ed24
core   0: 0x8000dd28 (0x2c3f2e23) sw      gp, 732(t5)
core   0: 3 0x8000dd28 (0x2c3f2e23) mem 0x8000f000 0x00000001
core   0: 0x8000dd2c (0xff9ff06f) j       pc - 0x8
core   0: 3 0x8000dd2c (0xff9ff06f)
core   0: 0x8000dd24 (0x00001f17) auipc   t5, 0x1
core   0: 3 0x8000dd24 (0x00001f17) x30 0x8000ed24
core   0: 0x8000dd28 (0x2c3f2e23) sw      gp, 732(t5)
core   0: 3 0x8000dd28 (0x2c3f2e23) mem 0x8000f000 0x00000001
core   0: 0x8000dd2c (0xff9ff06f) j       pc - 0x8
core   0: 3 0x8000dd2c (0xff9ff06f)
core   0: 0x8000dd24 (0x00001f17) auipc   t5, 0x1
core   0: 3 0x8000dd24 (0x00001f17) x30 0x8000ed24
core   0: 0x8000dd28 (0x2c3f2e23) sw      gp, 732(t5)
core   0: 3 0x8000dd28 (0x2c3f2e23) mem 0x8000f000 0x00000001
core   0: 0x8000dd2c (0xff9ff06f) j       pc - 0x8
core   0: 3 0x8000dd2c (0xff9ff06f)
core   0: 0x8000dd24 (0x00001f17) auipc   t5, 0x1
core   0: 3 0x8000dd24 (0x00001f17) x30 0x8000ed24
core   0: 0x8000dd28 (0x2c3f2e23) sw      gp, 732(t5)
core   0: 3 0x8000dd28 (0x2c3f2e23) mem 0x8000f000 0x00000001
core   0: 0x8000dd2c (0xff9ff06f) j       pc - 0x8
core   0: 3 0x8000dd2c (0xff9ff06f)
core   0: 0x8000dd24 (0x00001f17) auipc   t5, 0x1
core   0: 3 0x8000dd24 (0x00001f17) x30 0x8000ed24
core   0: 0x8000dd28 (0x2c3f2e23) sw      gp, 732(t5)
core   0: 3 0x8000dd28 (0x2c3f2e23) mem 0x8000f000 0x00000001
core   0: 0x8000dd2c (0xff9ff06f) j       pc - 0x8
core   0: 3 0x8000dd2c (0xff9ff06f)
core   0: 0x8000dd24 (0x00001f17) auipc   t5, 0x1
core   0: 3 0x8000dd24 (0x00001f17) x30 0x8000ed24
core   0: 0x8000dd28 (0x2c3f2e23) sw      gp, 732(t5)
core   0: 3 0x8000dd28 (0x2c3f2e23) mem 0x8000f000 0x00000001
core   0: 0x8000dd2c (0xff9ff06f) j       pc - 0x8
core   0: 3 0x8000dd2c (0xff9ff06f)
core   0: 0x8000dd24 (0x00001f17) auipc   t5, 0x1
core   0: 3 0x8000dd24 (0x00001f17) x30 0x8000ed24
core   0: 0x8000dd28 (0x2c3f2e23) sw      gp, 732(t5)
core   0: 3 0x8000dd28 (0x2c3f2e23) mem 0x8000f000 0x00000001
core   0: 0x8000dd2c (0xff9ff06f) j       pc - 0x8
core   0: 3 0x8000dd2c (0xff9ff06f)
core   0: 0x8000dd24 (0x00001f17) auipc   t5, 0x1
core   0: 3 0x8000dd24 (0x00001f17) x30 0x8000ed24
core   0: 0x8000dd28 (0x2c3f2e23) sw      gp, 732(t5)
core   0: 3 0x8000dd28 (0x2c3f2e23) mem 0x8000f000 0x00000001
core   0: 0x8000dd2c (0xff9ff06f) j       pc - 0x8
core   0: 3 0x8000dd2c (0xff9ff06f)
core   0: 0x8000dd24 (0x00001f17) auipc   t5, 0x1
core   0: 3 0x8000dd24 (0x00001f17) x30 0x8000ed24
core   0: 0x8000dd28 (0x2c3f2e23) sw      gp, 732(t5)
core   0: 3 0x8000dd28 (0x2c3f2e23) mem 0x8000f000 0x00000001
core   0: 0x8000dd2c (0xff9ff06f) j       pc - 0x8
core   0: 3 0x8000dd2c (0xff9ff06f)
core   0: 0x8000dd24 (0x00001f17) auipc   t5, 0x1
core   0: 3 0x8000dd24 (0x00001f17) x30 0x8000ed24
core   0: 0x8000dd28 (0x2c3f2e23) sw      gp, 732(t5)
core   0: 3 0x8000dd28 (0x2c3f2e23) mem 0x8000f000 0x00000001
core   0: 0x8000dd2c (0xff9ff06f) j       pc - 0x8
core   0: 3 0x8000dd2c (0xff9ff06f)
core   0: 0x8000dd24 (0x00001f17) auipc   t5, 0x1
core   0: 3 0x8000dd24 (0x00001f17) x30 0x8000ed24
core   0: 0x8000dd28 (0x2c3f2e23) sw      gp, 732(t5)
core   0: 3 0x8000dd28 (0x2c3f2e23) mem 0x8000f000 0x00000001
core   0: 0x8000dd2c (0xff9ff06f) j       pc - 0x8
core   0: 3 0x8000dd2c (0xff9ff06f)
core   0: 0x8000dd24 (0x00001f17) auipc   t5, 0x1
core   0: 3 0x8000dd24 (0x00001f17) x30 0x8000ed24
core   0: 0x8000dd28 (0x2c3f2e23) sw      gp, 732(t5)
core   0: 3 0x8000dd28 (0x2c3f2e23) mem 0x8000f000 0x00000001
core   0: 0x8000dd2c (0xff9ff06f) j       pc - 0x8
core   0: 3 0x8000dd2c (0xff9ff06f)
core   0: 0x8000dd24 (0x00001f17) auipc   t5, 0x1
core   0: 3 0x8000dd24 (0x00001f17) x30 0x8000ed24
core   0: 0x8000dd28 (0x2c3f2e23) sw      gp, 732(t5)
core   0: 3 0x8000dd28 (0x2c3f2e23) mem 0x8000f000 0x00000001
core   0: 0x8000dd2c (0xff9ff06f) j       pc - 0x8
core   0: 3 0x8000dd2c (0xff9ff06f)
core   0: 0x8000dd24 (0x00001f17) auipc   t5, 0x1
core   0: 3 0x8000dd24 (0x00001f17) x30 0x8000ed24
core   0: 0x8000dd28 (0x2c3f2e23) sw      gp, 732(t5)
core   0: 3 0x8000dd28 (0x2c3f2e23) mem 0x8000f000 0x00000001
core   0: 0x8000dd2c (0xff9ff06f) j       pc - 0x8
core   0: 3 0x8000dd2c (0xff9ff06f)
core   0: 0x8000dd24 (0x00001f17) auipc   t5, 0x1
core   0: 3 0x8000dd24 (0x00001f17) x30 0x8000ed24
core   0: 0x8000dd28 (0x2c3f2e23) sw      gp, 732(t5)
core   0: 3 0x8000dd28 (0x2c3f2e23) mem 0x8000f000 0x00000001
core   0: 0x8000dd2c (0xff9ff06f) j       pc - 0x8
core   0: 3 0x8000dd2c (0xff9ff06f)
core   0: 0x8000dd24 (0x00001f17) auipc   t5, 0x1
core   0: 3 0x8000dd24 (0x00001f17) x30 0x8000ed24
core   0: 0x8000dd28 (0x2c3f2e23) sw      gp, 732(t5)
core   0: 3 0x8000dd28 (0x2c3f2e23) mem 0x8000f000 0x00000001
core   0: 0x8000dd2c (0xff9ff06f) j       pc - 0x8
core   0: 3 0x8000dd2c (0xff9ff06f)
core   0: 0x8000dd24 (0x00001f17) auipc   t5, 0x1
core   0: 3 0x8000dd24 (0x00001f17) x30 0x8000ed24
core   0: 0x8000dd28 (0x2c3f2e23) sw      gp, 732(t5)
core   0: 3 0x8000dd28 (0x2c3f2e23) mem 0x8000f000 0x00000001
core   0: 0x8000dd2c (0xff9ff06f) j       pc - 0x8
core   0: 3 0x8000dd2c (0xff9ff06f)
core   0: 0x8000dd24 (0x00001f17) auipc   t5, 0x1
core   0: 3 0x8000dd24 (0x00001f17) x30 0x8000ed24
core   0: 0x8000dd28 (0x2c3f2e23) sw      gp, 732(t5)
core   0: 3 0x8000dd28 (0x2c3f2e23) mem 0x8000f000 0x00000001
core   0: 0x8000dd2c (0xff9ff06f) j       pc - 0x8
core   0: 3 0x8000dd2c (0xff9ff06f)
core   0: 0x8000dd24 (0x00001f17) auipc   t5, 0x1
core   0: 3 0x8000dd24 (0x00001f17) x30 0x8000ed24
core   0: 0x8000dd28 (0x2c3f2e23) sw      gp, 732(t5)
core   0: 3 0x8000dd28 (0x2c3f2e23) mem 0x8000f000 0x00000001
core   0: 0x8000dd2c (0xff9ff06f) j       pc - 0x8
core   0: 3 0x8000dd2c (0xff9ff06f)
core   0: 0x8000dd24 (0x00001f17) auipc   t5, 0x1
core   0: 3 0x8000dd24 (0x00001f17) x30 0x8000ed24
core   0: 0x8000dd28 (0x2c3f2e23) sw      gp, 732(t5)
core   0: 3 0x8000dd28 (0x2c3f2e23) mem 0x8000f000 0x00000001
core   0: 0x8000dd2c (0xff9ff06f) j       pc - 0x8
core   0: 3 0x8000dd2c (0xff9ff06f)
core   0: 0x8000dd24 (0x00001f17) auipc   t5, 0x1
core   0: 3 0x8000dd24 (0x00001f17) x30 0x8000ed24
core   0: 0x8000dd28 (0x2c3f2e23) sw      gp, 732(t5)
core   0: 3 0x8000dd28 (0x2c3f2e23) mem 0x8000f000 0x00000001
core   0: 0x8000dd2c (0xff9ff06f) j       pc - 0x8
core   0: 3 0x8000dd2c (0xff9ff06f)
core   0: 0x8000dd24 (0x00001f17) auipc   t5, 0x1
core   0: 3 0x8000dd24 (0x00001f17) x30 0x8000ed24
core   0: 0x8000dd28 (0x2c3f2e23) sw      gp, 732(t5)
core   0: 3 0x8000dd28 (0x2c3f2e23) mem 0x8000f000 0x00000001
core   0: 0x8000dd2c (0xff9ff06f) j       pc - 0x8
core   0: 3 0x8000dd2c (0xff9ff06f)
core   0: 0x8000dd24 (0x00001f17) auipc   t5, 0x1
core   0: 3 0x8000dd24 (0x00001f17) x30 0x8000ed24
core   0: 0x8000dd28 (0x2c3f2e23) sw      gp, 732(t5)
core   0: 3 0x8000dd28 (0x2c3f2e23) mem 0x8000f000 0x00000001
core   0: 0x8000dd2c (0xff9ff06f) j       pc - 0x8
core   0: 3 0x8000dd2c (0xff9ff06f)
core   0: 0x8000dd24 (0x00001f17) auipc   t5, 0x1
core   0: 3 0x8000dd24 (0x00001f17) x30 0x8000ed24
core   0: 0x8000dd28 (0x2c3f2e23) sw      gp, 732(t5)
core   0: 3 0x8000dd28 (0x2c3f2e23) mem 0x8000f000 0x00000001
core   0: 0x8000dd2c (0xff9ff06f) j       pc - 0x8
core   0: 3 0x8000dd2c (0xff9ff06f)
core   0: 0x8000dd24 (0x00001f17) auipc   t5, 0x1
core   0: 3 0x8000dd24 (0x00001f17) x30 0x8000ed24
core   0: 0x8000dd28 (0x2c3f2e23) sw      gp, 732(t5)
core   0: 3 0x8000dd28 (0x2c3f2e23) mem 0x8000f000 0x00000001
core   0: 0x8000dd2c (0xff9ff06f) j       pc - 0x8
core   0: 3 0x8000dd2c (0xff9ff06f)
core   0: 0x8000dd24 (0x00001f17) auipc   t5, 0x1
core   0: 3 0x8000dd24 (0x00001f17) x30 0x8000ed24
core   0: 0x8000dd28 (0x2c3f2e23) sw      gp, 732(t5)
core   0: 3 0x8000dd28 (0x2c3f2e23) mem 0x8000f000 0x00000001
core   0: 0x8000dd2c (0xff9ff06f) j       pc - 0x8
core   0: 3 0x8000dd2c (0xff9ff06f)
core   0: 0x8000dd24 (0x00001f17) auipc   t5, 0x1
core   0: 3 0x8000dd24 (0x00001f17) x30 0x8000ed24
core   0: 0x8000dd28 (0x2c3f2e23) sw      gp, 732(t5)
core   0: 3 0x8000dd28 (0x2c3f2e23) mem 0x8000f000 0x00000001
core   0: 0x8000dd2c (0xff9ff06f) j       pc - 0x8
core   0: 3 0x8000dd2c (0xff9ff06f)
core   0: 0x8000dd24 (0x00001f17) auipc   t5, 0x1
core   0: 3 0x8000dd24 (0x00001f17) x30 0x8000ed24
core   0: 0x8000dd28 (0x2c3f2e23) sw      gp, 732(t5)
core   0: 3 0x8000dd28 (0x2c3f2e23) mem 0x8000f000 0x00000001
core   0: 0x8000dd2c (0xff9ff06f) j       pc - 0x8
core   0: 3 0x8000dd2c (0xff9ff06f)
core   0: 0x8000dd24 (0x00001f17) auipc   t5, 0x1
core   0: 3 0x8000dd24 (0x00001f17) x30 0x8000ed24
core   0: 0x8000dd28 (0x2c3f2e23) sw      gp, 732(t5)
core   0: 3 0x8000dd28 (0x2c3f2e23) mem 0x8000f000 0x00000001
core   0: 0x8000dd2c (0xff9ff06f) j       pc - 0x8
core   0: 3 0x8000dd2c (0xff9ff06f)
core   0: 0x8000dd24 (0x00001f17) auipc   t5, 0x1
core   0: 3 0x8000dd24 (0x00001f17) x30 0x8000ed24
core   0: 0x8000dd28 (0x2c3f2e23) sw      gp, 732(t5)
core   0: 3 0x8000dd28 (0x2c3f2e23) mem 0x8000f000 0x00000001
core   0: 0x8000dd2c (0xff9ff06f) j       pc - 0x8
core   0: 3 0x8000dd2c (0xff9ff06f)
core   0: 0x8000dd24 (0x00001f17) auipc   t5, 0x1
core   0: 3 0x8000dd24 (0x00001f17) x30 0x8000ed24
core   0: 0x8000dd28 (0x2c3f2e23) sw      gp, 732(t5)
core   0: 3 0x8000dd28 (0x2c3f2e23) mem 0x8000f000 0x00000001
core   0: 0x8000dd2c (0xff9ff06f) j       pc - 0x8
core   0: 3 0x8000dd2c (0xff9ff06f)
core   0: 0x8000dd24 (0x00001f17) auipc   t5, 0x1
core   0: 3 0x8000dd24 (0x00001f17) x30 0x8000ed24
core   0: 0x8000dd28 (0x2c3f2e23) sw      gp, 732(t5)
core   0: 3 0x8000dd28 (0x2c3f2e23) mem 0x8000f000 0x00000001
core   0: 0x8000dd2c (0xff9ff06f) j       pc - 0x8
core   0: 3 0x8000dd2c (0xff9ff06f)
core   0: 0x8000dd24 (0x00001f17) auipc   t5, 0x1
core   0: 3 0x8000dd24 (0x00001f17) x30 0x8000ed24
core   0: 0x8000dd28 (0x2c3f2e23) sw      gp, 732(t5)
core   0: 3 0x8000dd28 (0x2c3f2e23) mem 0x8000f000 0x00000001
core   0: 0x8000dd2c (0xff9ff06f) j       pc - 0x8
core   0: 3 0x8000dd2c (0xff9ff06f)
core   0: 0x8000dd24 (0x00001f17) auipc   t5, 0x1
core   0: 3 0x8000dd24 (0x00001f17) x30 0x8000ed24
core   0: 0x8000dd28 (0x2c3f2e23) sw      gp, 732(t5)
core   0: 3 0x8000dd28 (0x2c3f2e23) mem 0x8000f000 0x00000001
core   0: 0x8000dd2c (0xff9ff06f) j       pc - 0x8
core   0: 3 0x8000dd2c (0xff9ff06f)
core   0: 0x8000dd24 (0x00001f17) auipc   t5, 0x1
core   0: 3 0x8000dd24 (0x00001f17) x30 0x8000ed24
core   0: 0x8000dd28 (0x2c3f2e23) sw      gp, 732(t5)
core   0: 3 0x8000dd28 (0x2c3f2e23) mem 0x8000f000 0x00000001
core   0: 0x8000dd2c (0xff9ff06f) j       pc - 0x8
core   0: 3 0x8000dd2c (0xff9ff06f)
core   0: 0x8000dd24 (0x00001f17) auipc   t5, 0x1
core   0: 3 0x8000dd24 (0x00001f17) x30 0x8000ed24
core   0: 0x8000dd28 (0x2c3f2e23) sw      gp, 732(t5)
core   0: 3 0x8000dd28 (0x2c3f2e23) mem 0x8000f000 0x00000001
core   0: 0x8000dd2c (0xff9ff06f) j       pc - 0x8
core   0: 3 0x8000dd2c (0xff9ff06f)
core   0: 0x8000dd24 (0x00001f17) auipc   t5, 0x1
core   0: 3 0x8000dd24 (0x00001f17) x30 0x8000ed24
core   0: 0x8000dd28 (0x2c3f2e23) sw      gp, 732(t5)
core   0: 3 0x8000dd28 (0x2c3f2e23) mem 0x8000f000 0x00000001
core   0: 0x8000dd2c (0xff9ff06f) j       pc - 0x8
core   0: 3 0x8000dd2c (0xff9ff06f)
core   0: 0x8000dd24 (0x00001f17) auipc   t5, 0x1
core   0: 3 0x8000dd24 (0x00001f17) x30 0x8000ed24
core   0: 0x8000dd28 (0x2c3f2e23) sw      gp, 732(t5)
core   0: 3 0x8000dd28 (0x2c3f2e23) mem 0x8000f000 0x00000001
core   0: 0x8000dd2c (0xff9ff06f) j       pc - 0x8
core   0: 3 0x8000dd2c (0xff9ff06f)
core   0: 0x8000dd24 (0x00001f17) auipc   t5, 0x1
core   0: 3 0x8000dd24 (0x00001f17) x30 0x8000ed24
core   0: 0x8000dd28 (0x2c3f2e23) sw      gp, 732(t5)
core   0: 3 0x8000dd28 (0x2c3f2e23) mem 0x8000f000 0x00000001
core   0: 0x8000dd2c (0xff9ff06f) j       pc - 0x8
core   0: 3 0x8000dd2c (0xff9ff06f)
core   0: 0x8000dd24 (0x00001f17) auipc   t5, 0x1
core   0: 3 0x8000dd24 (0x00001f17) x30 0x8000ed24
core   0: 0x8000dd28 (0x2c3f2e23) sw      gp, 732(t5)
core   0: 3 0x8000dd28 (0x2c3f2e23) mem 0x8000f000 0x00000001
core   0: 0x8000dd2c (0xff9ff06f) j       pc - 0x8
core   0: 3 0x8000dd2c (0xff9ff06f)
core   0: 0x8000dd24 (0x00001f17) auipc   t5, 0x1
core   0: 3 0x8000dd24 (0x00001f17) x30 0x8000ed24
core   0: 0x8000dd28 (0x2c3f2e23) sw      gp, 732(t5)
core   0: 3 0x8000dd28 (0x2c3f2e23) mem 0x8000f000 0x00000001
core   0: 0x8000dd2c (0xff9ff06f) j       pc - 0x8
core   0: 3 0x8000dd2c (0xff9ff06f)
core   0: 0x8000dd24 (0x00001f17) auipc   t5, 0x1
core   0: 3 0x8000dd24 (0x00001f17) x30 0x8000ed24
core   0: 0x8000dd28 (0x2c3f2e23) sw      gp, 732(t5)
core   0: 3 0x8000dd28 (0x2c3f2e23) mem 0x8000f000 0x00000001
core   0: 0x8000dd2c (0xff9ff06f) j       pc - 0x8
core   0: 3 0x8000dd2c (0xff9ff06f)
core   0: 0x8000dd24 (0x00001f17) auipc   t5, 0x1
core   0: 3 0x8000dd24 (0x00001f17) x30 0x8000ed24
core   0: 0x8000dd28 (0x2c3f2e23) sw      gp, 732(t5)
core   0: 3 0x8000dd28 (0x2c3f2e23) mem 0x8000f000 0x00000001
core   0: 0x8000dd2c (0xff9ff06f) j       pc - 0x8
core   0: 3 0x8000dd2c (0xff9ff06f)
core   0: 0x8000dd24 (0x00001f17) auipc   t5, 0x1
core   0: 3 0x8000dd24 (0x00001f17) x30 0x8000ed24
core   0: 0x8000dd28 (0x2c3f2e23) sw      gp, 732(t5)
core   0: 3 0x8000dd28 (0x2c3f2e23) mem 0x8000f000 0x00000001
core   0: 0x8000dd2c (0xff9ff06f) j       pc - 0x8
core   0: 3 0x8000dd2c (0xff9ff06f)
core   0: 0x8000dd24 (0x00001f17) auipc   t5, 0x1
core   0: 3 0x8000dd24 (0x00001f17) x30 0x8000ed24
core   0: 0x8000dd28 (0x2c3f2e23) sw      gp, 732(t5)
core   0: 3 0x8000dd28 (0x2c3f2e23) mem 0x8000f000 0x00000001
core   0: 0x8000dd2c (0xff9ff06f) j       pc - 0x8
core   0: 3 0x8000dd2c (0xff9ff06f)
core   0: 0x8000dd24 (0x00001f17) auipc   t5, 0x1
core   0: 3 0x8000dd24 (0x00001f17) x30 0x8000ed24
core   0: 0x8000dd28 (0x2c3f2e23) sw      gp, 732(t5)
core   0: 3 0x8000dd28 (0x2c3f2e23) mem 0x8000f000 0x00000001
core   0: 0x8000dd2c (0xff9ff06f) j       pc - 0x8
core   0: 3 0x8000dd2c (0xff9ff06f)
core   0: 0x8000dd24 (0x00001f17) auipc   t5, 0x1
core   0: 3 0x8000dd24 (0x00001f17) x30 0x8000ed24
core   0: 0x8000dd28 (0x2c3f2e23) sw      gp, 732(t5)
core   0: 3 0x8000dd28 (0x2c3f2e23) mem 0x8000f000 0x00000001
core   0: 0x8000dd2c (0xff9ff06f) j       pc - 0x8
core   0: 3 0x8000dd2c (0xff9ff06f)
core   0: 0x8000dd24 (0x00001f17) auipc   t5, 0x1
core   0: 3 0x8000dd24 (0x00001f17) x30 0x8000ed24
core   0: 0x8000dd28 (0x2c3f2e23) sw      gp, 732(t5)
core   0: 3 0x8000dd28 (0x2c3f2e23) mem 0x8000f000 0x00000001
core   0: 0x8000dd2c (0xff9ff06f) j       pc - 0x8
core   0: 3 0x8000dd2c (0xff9ff06f)
core   0: 0x8000dd24 (0x00001f17) auipc   t5, 0x1
core   0: 3 0x8000dd24 (0x00001f17) x30 0x8000ed24
core   0: 0x8000dd28 (0x2c3f2e23) sw      gp, 732(t5)
core   0: 3 0x8000dd28 (0x2c3f2e23) mem 0x8000f000 0x00000001
core   0: 0x8000dd2c (0xff9ff06f) j       pc - 0x8
core   0: 3 0x8000dd2c (0xff9ff06f)
core   0: 0x8000dd24 (0x00001f17) auipc   t5, 0x1
core   0: 3 0x8000dd24 (0x00001f17) x30 0x8000ed24
core   0: 0x8000dd28 (0x2c3f2e23) sw      gp, 732(t5)
core   0: 3 0x8000dd28 (0x2c3f2e23) mem 0x8000f000 0x00000001
core   0: 0x8000dd2c (0xff9ff06f) j       pc - 0x8
core   0: 3 0x8000dd2c (0xff9ff06f)
core   0: 0x8000dd24 (0x00001f17) auipc   t5, 0x1
core   0: 3 0x8000dd24 (0x00001f17) x30 0x8000ed24
core   0: 0x8000dd28 (0x2c3f2e23) sw      gp, 732(t5)
core   0: 3 0x8000dd28 (0x2c3f2e23) mem 0x8000f000 0x00000001
core   0: 0x8000dd2c (0xff9ff06f) j       pc - 0x8
core   0: 3 0x8000dd2c (0xff9ff06f)
core   0: 0x8000dd24 (0x00001f17) auipc   t5, 0x1
core   0: 3 0x8000dd24 (0x00001f17) x30 0x8000ed24
core   0: 0x8000dd28 (0x2c3f2e23) sw      gp, 732(t5)
core   0: 3 0x8000dd28 (0x2c3f2e23) mem 0x8000f000 0x00000001
core   0: 0x8000dd2c (0xff9ff06f) j       pc - 0x8
core   0: 3 0x8000dd2c (0xff9ff06f)
core   0: 0x8000dd24 (0x00001f17) auipc   t5, 0x1
core   0: 3 0x8000dd24 (0x00001f17) x30 0x8000ed24
core   0: 0x8000dd28 (0x2c3f2e23) sw      gp, 732(t5)
core   0: 3 0x8000dd28 (0x2c3f2e23) mem 0x8000f000 0x00000001
core   0: 0x8000dd2c (0xff9ff06f) j       pc - 0x8
core   0: 3 0x8000dd2c (0xff9ff06f)
core   0: 0x8000dd24 (0x00001f17) auipc   t5, 0x1
core   0: 3 0x8000dd24 (0x00001f17) x30 0x8000ed24
core   0: 0x8000dd28 (0x2c3f2e23) sw      gp, 732(t5)
core   0: 3 0x8000dd28 (0x2c3f2e23) mem 0x8000f000 0x00000001
core   0: 0x8000dd2c (0xff9ff06f) j       pc - 0x8
core   0: 3 0x8000dd2c (0xff9ff06f)
core   0: 0x8000dd24 (0x00001f17) auipc   t5, 0x1
core   0: 3 0x8000dd24 (0x00001f17) x30 0x8000ed24
core   0: 0x8000dd28 (0x2c3f2e23) sw      gp, 732(t5)
core   0: 3 0x8000dd28 (0x2c3f2e23) mem 0x8000f000 0x00000001
core   0: 0x8000dd2c (0xff9ff06f) j       pc - 0x8
core   0: 3 0x8000dd2c (0xff9ff06f)
core   0: 0x8000dd24 (0x00001f17) auipc   t5, 0x1
core   0: 3 0x8000dd24 (0x00001f17) x30 0x8000ed24
core   0: 0x8000dd28 (0x2c3f2e23) sw      gp, 732(t5)
core   0: 3 0x8000dd28 (0x2c3f2e23) mem 0x8000f000 0x00000001
core   0: 0x8000dd2c (0xff9ff06f) j       pc - 0x8
core   0: 3 0x8000dd2c (0xff9ff06f)
core   0: 0x8000dd24 (0x00001f17) auipc   t5, 0x1
core   0: 3 0x8000dd24 (0x00001f17) x30 0x8000ed24
core   0: 0x8000dd28 (0x2c3f2e23) sw      gp, 732(t5)
core   0: 3 0x8000dd28 (0x2c3f2e23) mem 0x8000f000 0x00000001
core   0: 0x8000dd2c (0xff9ff06f) j       pc - 0x8
core   0: 3 0x8000dd2c (0xff9ff06f)
core   0: 0x8000dd24 (0x00001f17) auipc   t5, 0x1
core   0: 3 0x8000dd24 (0x00001f17) x30 0x8000ed24
core   0: 0x8000dd28 (0x2c3f2e23) sw      gp, 732(t5)
core   0: 3 0x8000dd28 (0x2c3f2e23) mem 0x8000f000 0x00000001
core   0: 0x8000dd2c (0xff9ff06f) j       pc - 0x8
core   0: 3 0x8000dd2c (0xff9ff06f)
core   0: 0x8000dd24 (0x00001f17) auipc   t5, 0x1
core   0: 3 0x8000dd24 (0x00001f17) x30 0x8000ed24
core   0: 0x8000dd28 (0x2c3f2e23) sw      gp, 732(t5)
core   0: 3 0x8000dd28 (0x2c3f2e23) mem 0x8000f000 0x00000001
core   0: 0x8000dd2c (0xff9ff06f) j       pc - 0x8
core   0: 3 0x8000dd2c (0xff9ff06f)
core   0: 0x8000dd24 (0x00001f17) auipc   t5, 0x1
core   0: 3 0x8000dd24 (0x00001f17) x30 0x8000ed24
core   0: 0x8000dd28 (0x2c3f2e23) sw      gp, 732(t5)
core   0: 3 0x8000dd28 (0x2c3f2e23) mem 0x8000f000 0x00000001
core   0: 0x8000dd2c (0xff9ff06f) j       pc - 0x8
core   0: 3 0x8000dd2c (0xff9ff06f)
core   0: 0x8000dd24 (0x00001f17) auipc   t5, 0x1
core   0: 3 0x8000dd24 (0x00001f17) x30 0x8000ed24
core   0: 0x8000dd28 (0x2c3f2e23) sw      gp, 732(t5)
core   0: 3 0x8000dd28 (0x2c3f2e23) mem 0x8000f000 0x00000001
core   0: 0x8000dd2c (0xff9ff06f) j       pc - 0x8
core   0: 3 0x8000dd2c (0xff9ff06f)
core   0: 0x8000dd24 (0x00001f17) auipc   t5, 0x1
core   0: 3 0x8000dd24 (0x00001f17) x30 0x8000ed24
core   0: 0x8000dd28 (0x2c3f2e23) sw      gp, 732(t5)
core   0: 3 0x8000dd28 (0x2c3f2e23) mem 0x8000f000 0x00000001
core   0: 0x8000dd2c (0xff9ff06f) j       pc - 0x8
core   0: 3 0x8000dd2c (0xff9ff06f)
core   0: 0x8000dd24 (0x00001f17) auipc   t5, 0x1
core   0: 3 0x8000dd24 (0x00001f17) x30 0x8000ed24
core   0: 0x8000dd28 (0x2c3f2e23) sw      gp, 732(t5)
core   0: 3 0x8000dd28 (0x2c3f2e23) mem 0x8000f000 0x00000001
core   0: 0x8000dd2c (0xff9ff06f) j       pc - 0x8
core   0: 3 0x8000dd2c (0xff9ff06f)
core   0: 0x8000dd24 (0x00001f17) auipc   t5, 0x1
core   0: 3 0x8000dd24 (0x00001f17) x30 0x8000ed24
core   0: 0x8000dd28 (0x2c3f2e23) sw      gp, 732(t5)
core   0: 3 0x8000dd28 (0x2c3f2e23) mem 0x8000f000 0x00000001
core   0: 0x8000dd2c (0xff9ff06f) j       pc - 0x8
core   0: 3 0x8000dd2c (0xff9ff06f)
core   0: 0x8000dd24 (0x00001f17) auipc   t5, 0x1
core   0: 3 0x8000dd24 (0x00001f17) x30 0x8000ed24
core   0: 0x8000dd28 (0x2c3f2e23) sw      gp, 732(t5)
core   0: 3 0x8000dd28 (0x2c3f2e23) mem 0x8000f000 0x00000001
core   0: 0x8000dd2c (0xff9ff06f) j       pc - 0x8
core   0: 3 0x8000dd2c (0xff9ff06f)
core   0: 0x8000dd24 (0x00001f17) auipc   t5, 0x1
core   0: 3 0x8000dd24 (0x00001f17) x30 0x8000ed24
core   0: 0x8000dd28 (0x2c3f2e23) sw      gp, 732(t5)
core   0: 3 0x8000dd28 (0x2c3f2e23) mem 0x8000f000 0x00000001
core   0: 0x8000dd2c (0xff9ff06f) j       pc - 0x8
core   0: 3 0x8000dd2c (0xff9ff06f)
core   0: 0x8000dd24 (0x00001f17) auipc   t5, 0x1
core   0: 3 0x8000dd24 (0x00001f17) x30 0x8000ed24
core   0: 0x8000dd28 (0x2c3f2e23) sw      gp, 732(t5)
core   0: 3 0x8000dd28 (0x2c3f2e23) mem 0x8000f000 0x00000001
core   0: 0x8000dd2c (0xff9ff06f) j       pc - 0x8
core   0: 3 0x8000dd2c (0xff9ff06f)
core   0: 0x8000dd24 (0x00001f17) auipc   t5, 0x1
core   0: 3 0x8000dd24 (0x00001f17) x30 0x8000ed24
core   0: 0x8000dd28 (0x2c3f2e23) sw      gp, 732(t5)
core   0: 3 0x8000dd28 (0x2c3f2e23) mem 0x8000f000 0x00000001
core   0: 0x8000dd2c (0xff9ff06f) j       pc - 0x8
core   0: 3 0x8000dd2c (0xff9ff06f)
core   0: 0x8000dd24 (0x00001f17) auipc   t5, 0x1
core   0: 3 0x8000dd24 (0x00001f17) x30 0x8000ed24
core   0: 0x8000dd28 (0x2c3f2e23) sw      gp, 732(t5)
core   0: 3 0x8000dd28 (0x2c3f2e23) mem 0x8000f000 0x00000001
core   0: 0x8000dd2c (0xff9ff06f) j       pc - 0x8
core   0: 3 0x8000dd2c (0xff9ff06f)
core   0: 0x8000dd24 (0x00001f17) auipc   t5, 0x1
core   0: 3 0x8000dd24 (0x00001f17) x30 0x8000ed24
core   0: 0x8000dd28 (0x2c3f2e23) sw      gp, 732(t5)
core   0: 3 0x8000dd28 (0x2c3f2e23) mem 0x8000f000 0x00000001
core   0: 0x8000dd2c (0xff9ff06f) j       pc - 0x8
core   0: 3 0x8000dd2c (0xff9ff06f)
core   0: 0x8000dd24 (0x00001f17) auipc   t5, 0x1
core   0: 3 0x8000dd24 (0x00001f17) x30 0x8000ed24
core   0: 0x8000dd28 (0x2c3f2e23) sw      gp, 732(t5)
core   0: 3 0x8000dd28 (0x2c3f2e23) mem 0x8000f000 0x00000001
core   0: 0x8000dd2c (0xff9ff06f) j       pc - 0x8
core   0: 3 0x8000dd2c (0xff9ff06f)
core   0: 0x8000dd24 (0x00001f17) auipc   t5, 0x1
core   0: 3 0x8000dd24 (0x00001f17) x30 0x8000ed24
core   0: 0x8000dd28 (0x2c3f2e23) sw      gp, 732(t5)
core   0: 3 0x8000dd28 (0x2c3f2e23) mem 0x8000f000 0x00000001
core   0: 0x8000dd2c (0xff9ff06f) j       pc - 0x8
core   0: 3 0x8000dd2c (0xff9ff06f)
core   0: 0x8000dd24 (0x00001f17) auipc   t5, 0x1
core   0: 3 0x8000dd24 (0x00001f17) x30 0x8000ed24
core   0: 0x8000dd28 (0x2c3f2e23) sw      gp, 732(t5)
core   0: 3 0x8000dd28 (0x2c3f2e23) mem 0x8000f000 0x00000001
core   0: 0x8000dd2c (0xff9ff06f) j       pc - 0x8
core   0: 3 0x8000dd2c (0xff9ff06f)
core   0: 0x8000dd24 (0x00001f17) auipc   t5, 0x1
core   0: 3 0x8000dd24 (0x00001f17) x30 0x8000ed24
core   0: 0x8000dd28 (0x2c3f2e23) sw      gp, 732(t5)
core   0: 3 0x8000dd28 (0x2c3f2e23) mem 0x8000f000 0x00000001
core   0: 0x8000dd2c (0xff9ff06f) j       pc - 0x8
core   0: 3 0x8000dd2c (0xff9ff06f)
core   0: 0x8000dd24 (0x00001f17) auipc   t5, 0x1
core   0: 3 0x8000dd24 (0x00001f17) x30 0x8000ed24
core   0: 0x8000dd28 (0x2c3f2e23) sw      gp, 732(t5)
core   0: 3 0x8000dd28 (0x2c3f2e23) mem 0x8000f000 0x00000001
core   0: 0x8000dd2c (0xff9ff06f) j       pc - 0x8
core   0: 3 0x8000dd2c (0xff9ff06f)
core   0: 0x8000dd24 (0x00001f17) auipc   t5, 0x1
core   0: 3 0x8000dd24 (0x00001f17) x30 0x8000ed24
core   0: 0x8000dd28 (0x2c3f2e23) sw      gp, 732(t5)
core   0: 3 0x8000dd28 (0x2c3f2e23) mem 0x8000f000 0x00000001
core   0: 0x8000dd2c (0xff9ff06f) j       pc - 0x8
core   0: 3 0x8000dd2c (0xff9ff06f)
core   0: 0x8000dd24 (0x00001f17) auipc   t5, 0x1
core   0: 3 0x8000dd24 (0x00001f17) x30 0x8000ed24
core   0: 0x8000dd28 (0x2c3f2e23) sw      gp, 732(t5)
core   0: 3 0x8000dd28 (0x2c3f2e23) mem 0x8000f000 0x00000001
core   0: 0x8000dd2c (0xff9ff06f) j       pc - 0x8
core   0: 3 0x8000dd2c (0xff9ff06f)
core   0: 0x8000dd24 (0x00001f17) auipc   t5, 0x1
core   0: 3 0x8000dd24 (0x00001f17) x30 0x8000ed24
core   0: 0x8000dd28 (0x2c3f2e23) sw      gp, 732(t5)
core   0: 3 0x8000dd28 (0x2c3f2e23) mem 0x8000f000 0x00000001
core   0: 0x8000dd2c (0xff9ff06f) j       pc - 0x8
core   0: 3 0x8000dd2c (0xff9ff06f)
core   0: 0x8000dd24 (0x00001f17) auipc   t5, 0x1
core   0: 3 0x8000dd24 (0x00001f17) x30 0x8000ed24
core   0: 0x8000dd28 (0x2c3f2e23) sw      gp, 732(t5)
core   0: 3 0x8000dd28 (0x2c3f2e23) mem 0x8000f000 0x00000001
core   0: 0x8000dd2c (0xff9ff06f) j       pc - 0x8
core   0: 3 0x8000dd2c (0xff9ff06f)
core   0: 0x8000dd24 (0x00001f17) auipc   t5, 0x1
core   0: 3 0x8000dd24 (0x00001f17) x30 0x8000ed24
core   0: 0x8000dd28 (0x2c3f2e23) sw      gp, 732(t5)
core   0: 3 0x8000dd28 (0x2c3f2e23) mem 0x8000f000 0x00000001
core   0: 0x8000dd2c (0xff9ff06f) j       pc - 0x8
core   0: 3 0x8000dd2c (0xff9ff06f)
core   0: 0x8000dd24 (0x00001f17) auipc   t5, 0x1
core   0: 3 0x8000dd24 (0x00001f17) x30 0x8000ed24
core   0: 0x8000dd28 (0x2c3f2e23) sw      gp, 732(t5)
core   0: 3 0x8000dd28 (0x2c3f2e23) mem 0x8000f000 0x00000001
core   0: 0x8000dd2c (0xff9ff06f) j       pc - 0x8
core   0: 3 0x8000dd2c (0xff9ff06f)
core   0: 0x8000dd24 (0x00001f17) auipc   t5, 0x1
core   0: 3 0x8000dd24 (0x00001f17) x30 0x8000ed24
core   0: 0x8000dd28 (0x2c3f2e23) sw      gp, 732(t5)
core   0: 3 0x8000dd28 (0x2c3f2e23) mem 0x8000f000 0x00000001
core   0: 0x8000dd2c (0xff9ff06f) j       pc - 0x8
core   0: 3 0x8000dd2c (0xff9ff06f)
core   0: 0x8000dd24 (0x00001f17) auipc   t5, 0x1
core   0: 3 0x8000dd24 (0x00001f17) x30 0x8000ed24
core   0: 0x8000dd28 (0x2c3f2e23) sw      gp, 732(t5)
core   0: 3 0x8000dd28 (0x2c3f2e23) mem 0x8000f000 0x00000001
core   0: 0x8000dd2c (0xff9ff06f) j       pc - 0x8
core   0: 3 0x8000dd2c (0xff9ff06f)
core   0: 0x8000dd24 (0x00001f17) auipc   t5, 0x1
core   0: 3 0x8000dd24 (0x00001f17) x30 0x8000ed24
core   0: 0x8000dd28 (0x2c3f2e23) sw      gp, 732(t5)
core   0: 3 0x8000dd28 (0x2c3f2e23) mem 0x8000f000 0x00000001
core   0: 0x8000dd2c (0xff9ff06f) j       pc - 0x8
core   0: 3 0x8000dd2c (0xff9ff06f)
core   0: 0x8000dd24 (0x00001f17) auipc   t5, 0x1
core   0: 3 0x8000dd24 (0x00001f17) x30 0x8000ed24
core   0: 0x8000dd28 (0x2c3f2e23) sw      gp, 732(t5)
core   0: 3 0x8000dd28 (0x2c3f2e23) mem 0x8000f000 0x00000001
core   0: 0x8000dd2c (0xff9ff06f) j       pc - 0x8
core   0: 3 0x8000dd2c (0xff9ff06f)
core   0: 0x8000dd24 (0x00001f17) auipc   t5, 0x1
core   0: 3 0x8000dd24 (0x00001f17) x30 0x8000ed24
core   0: 0x8000dd28 (0x2c3f2e23) sw      gp, 732(t5)
core   0: 3 0x8000dd28 (0x2c3f2e23) mem 0x8000f000 0x00000001
core   0: 0x8000dd2c (0xff9ff06f) j       pc - 0x8
core   0: 3 0x8000dd2c (0xff9ff06f)
core   0: 0x8000dd24 (0x00001f17) auipc   t5, 0x1
core   0: 3 0x8000dd24 (0x00001f17) x30 0x8000ed24
core   0: 0x8000dd28 (0x2c3f2e23) sw      gp, 732(t5)
core   0: 3 0x8000dd28 (0x2c3f2e23) mem 0x8000f000 0x00000001
core   0: 0x8000dd2c (0xff9ff06f) j       pc - 0x8
core   0: 3 0x8000dd2c (0xff9ff06f)
core   0: 0x8000dd24 (0x00001f17) auipc   t5, 0x1
core   0: 3 0x8000dd24 (0x00001f17) x30 0x8000ed24
core   0: 0x8000dd28 (0x2c3f2e23) sw      gp, 732(t5)
core   0: 3 0x8000dd28 (0x2c3f2e23) mem 0x8000f000 0x00000001
core   0: 0x8000dd2c (0xff9ff06f) j       pc - 0x8
core   0: 3 0x8000dd2c (0xff9ff06f)
core   0: 0x8000dd24 (0x00001f17) auipc   t5, 0x1
core   0: 3 0x8000dd24 (0x00001f17) x30 0x8000ed24
core   0: 0x8000dd28 (0x2c3f2e23) sw      gp, 732(t5)
core   0: 3 0x8000dd28 (0x2c3f2e23) mem 0x8000f000 0x00000001
core   0: 0x8000dd2c (0xff9ff06f) j       pc - 0x8
core   0: 3 0x8000dd2c (0xff9ff06f)
core   0: 0x8000dd24 (0x00001f17) auipc   t5, 0x1
core   0: 3 0x8000dd24 (0x00001f17) x30 0x8000ed24
core   0: 0x8000dd28 (0x2c3f2e23) sw      gp, 732(t5)
core   0: 3 0x8000dd28 (0x2c3f2e23) mem 0x8000f000 0x00000001
core   0: 0x8000dd2c (0xff9ff06f) j       pc - 0x8
core   0: 3 0x8000dd2c (0xff9ff06f)
core   0: 0x8000dd24 (0x00001f17) auipc   t5, 0x1
core   0: 3 0x8000dd24 (0x00001f17) x30 0x8000ed24
core   0: 0x8000dd28 (0x2c3f2e23) sw      gp, 732(t5)
core   0: 3 0x8000dd28 (0x2c3f2e23) mem 0x8000f000 0x00000001
core   0: 0x8000dd2c (0xff9ff06f) j       pc - 0x8
core   0: 3 0x8000dd2c (0xff9ff06f)
core   0: 0x8000dd24 (0x00001f17) auipc   t5, 0x1
core   0: 3 0x8000dd24 (0x00001f17) x30 0x8000ed24
core   0: 0x8000dd28 (0x2c3f2e23) sw      gp, 732(t5)
core   0: 3 0x8000dd28 (0x2c3f2e23) mem 0x8000f000 0x00000001
core   0: 0x8000dd2c (0xff9ff06f) j       pc - 0x8
core   0: 3 0x8000dd2c (0xff9ff06f)
core   0: 0x8000dd24 (0x00001f17) auipc   t5, 0x1
core   0: 3 0x8000dd24 (0x00001f17) x30 0x8000ed24
core   0: 0x8000dd28 (0x2c3f2e23) sw      gp, 732(t5)
core   0: 3 0x8000dd28 (0x2c3f2e23) mem 0x8000f000 0x00000001
core   0: 0x8000dd2c (0xff9ff06f) j       pc - 0x8
core   0: 3 0x8000dd2c (0xff9ff06f)
core   0: 0x8000dd24 (0x00001f17) auipc   t5, 0x1
core   0: 3 0x8000dd24 (0x00001f17) x30 0x8000ed24
core   0: 0x8000dd28 (0x2c3f2e23) sw      gp, 732(t5)
core   0: 3 0x8000dd28 (0x2c3f2e23) mem 0x8000f000 0x00000001
core   0: 0x8000dd2c (0xff9ff06f) j       pc - 0x8
core   0: 3 0x8000dd2c (0xff9ff06f)
core   0: 0x8000dd24 (0x00001f17) auipc   t5, 0x1
core   0: 3 0x8000dd24 (0x00001f17) x30 0x8000ed24
core   0: 0x8000dd28 (0x2c3f2e23) sw      gp, 732(t5)
core   0: 3 0x8000dd28 (0x2c3f2e23) mem 0x8000f000 0x00000001
core   0: 0x8000dd2c (0xff9ff06f) j       pc - 0x8
core   0: 3 0x8000dd2c (0xff9ff06f)
core   0: 0x8000dd24 (0x00001f17) auipc   t5, 0x1
core   0: 3 0x8000dd24 (0x00001f17) x30 0x8000ed24
core   0: 0x8000dd28 (0x2c3f2e23) sw      gp, 732(t5)
core   0: 3 0x8000dd28 (0x2c3f2e23) mem 0x8000f000 0x00000001
core   0: 0x8000dd2c (0xff9ff06f) j       pc - 0x8
core   0: 3 0x8000dd2c (0xff9ff06f)
core   0: 0x8000dd24 (0x00001f17) auipc   t5, 0x1
core   0: 3 0x8000dd24 (0x00001f17) x30 0x8000ed24
core   0: 0x8000dd28 (0x2c3f2e23) sw      gp, 732(t5)
core   0: 3 0x8000dd28 (0x2c3f2e23) mem 0x8000f000 0x00000001
core   0: 0x8000dd2c (0xff9ff06f) j       pc - 0x8
core   0: 3 0x8000dd2c (0xff9ff06f)
core   0: 0x8000dd24 (0x00001f17) auipc   t5, 0x1
core   0: 3 0x8000dd24 (0x00001f17) x30 0x8000ed24
core   0: 0x8000dd28 (0x2c3f2e23) sw      gp, 732(t5)
core   0: 3 0x8000dd28 (0x2c3f2e23) mem 0x8000f000 0x00000001
core   0: 0x8000dd2c (0xff9ff06f) j       pc - 0x8
core   0: 3 0x8000dd2c (0xff9ff06f)
core   0: 0x8000dd24 (0x00001f17) auipc   t5, 0x1
core   0: 3 0x8000dd24 (0x00001f17) x30 0x8000ed24
core   0: 0x8000dd28 (0x2c3f2e23) sw      gp, 732(t5)
core   0: 3 0x8000dd28 (0x2c3f2e23) mem 0x8000f000 0x00000001
core   0: 0x8000dd2c (0xff9ff06f) j       pc - 0x8
core   0: 3 0x8000dd2c (0xff9ff06f)
core   0: 0x8000dd24 (0x00001f17) auipc   t5, 0x1
core   0: 3 0x8000dd24 (0x00001f17) x30 0x8000ed24
core   0: 0x8000dd28 (0x2c3f2e23) sw      gp, 732(t5)
core   0: 3 0x8000dd28 (0x2c3f2e23) mem 0x8000f000 0x00000001
core   0: 0x8000dd2c (0xff9ff06f) j       pc - 0x8
core   0: 3 0x8000dd2c (0xff9ff06f)
core   0: 0x8000dd24 (0x00001f17) auipc   t5, 0x1
core   0: 3 0x8000dd24 (0x00001f17) x30 0x8000ed24
core   0: 0x8000dd28 (0x2c3f2e23) sw      gp, 732(t5)
core   0: 3 0x8000dd28 (0x2c3f2e23) mem 0x8000f000 0x00000001
core   0: 0x8000dd2c (0xff9ff06f) j       pc - 0x8
core   0: 3 0x8000dd2c (0xff9ff06f)
core   0: 0x8000dd24 (0x00001f17) auipc   t5, 0x1
core   0: 3 0x8000dd24 (0x00001f17) x30 0x8000ed24
core   0: 0x8000dd28 (0x2c3f2e23) sw      gp, 732(t5)
core   0: 3 0x8000dd28 (0x2c3f2e23) mem 0x8000f000 0x00000001
core   0: 0x8000dd2c (0xff9ff06f) j       pc - 0x8
core   0: 3 0x8000dd2c (0xff9ff06f)
core   0: 0x8000dd24 (0x00001f17) auipc   t5, 0x1
core   0: 3 0x8000dd24 (0x00001f17) x30 0x8000ed24
core   0: 0x8000dd28 (0x2c3f2e23) sw      gp, 732(t5)
core   0: 3 0x8000dd28 (0x2c3f2e23) mem 0x8000f000 0x00000001
core   0: 0x8000dd2c (0xff9ff06f) j       pc - 0x8
core   0: 3 0x8000dd2c (0xff9ff06f)
core   0: 0x8000dd24 (0x00001f17) auipc   t5, 0x1
core   0: 3 0x8000dd24 (0x00001f17) x30 0x8000ed24
core   0: 0x8000dd28 (0x2c3f2e23) sw      gp, 732(t5)
core   0: 3 0x8000dd28 (0x2c3f2e23) mem 0x8000f000 0x00000001
core   0: 0x8000dd2c (0xff9ff06f) j       pc - 0x8
core   0: 3 0x8000dd2c (0xff9ff06f)
core   0: 0x8000dd24 (0x00001f17) auipc   t5, 0x1
core   0: 3 0x8000dd24 (0x00001f17) x30 0x8000ed24
core   0: 0x8000dd28 (0x2c3f2e23) sw      gp, 732(t5)
core   0: 3 0x8000dd28 (0x2c3f2e23) mem 0x8000f000 0x00000001
core   0: 0x8000dd2c (0xff9ff06f) j       pc - 0x8
core   0: 3 0x8000dd2c (0xff9ff06f)
core   0: 0x8000dd24 (0x00001f17) auipc   t5, 0x1
core   0: 3 0x8000dd24 (0x00001f17) x30 0x8000ed24
core   0: 0x8000dd28 (0x2c3f2e23) sw      gp, 732(t5)
core   0: 3 0x8000dd28 (0x2c3f2e23) mem 0x8000f000 0x00000001
core   0: 0x8000dd2c (0xff9ff06f) j       pc - 0x8
core   0: 3 0x8000dd2c (0xff9ff06f)
core   0: 0x8000dd24 (0x00001f17) auipc   t5, 0x1
core   0: 3 0x8000dd24 (0x00001f17) x30 0x8000ed24
core   0: 0x8000dd28 (0x2c3f2e23) sw      gp, 732(t5)
core   0: 3 0x8000dd28 (0x2c3f2e23) mem 0x8000f000 0x00000001
core   0: 0x8000dd2c (0xff9ff06f) j       pc - 0x8
core   0: 3 0x8000dd2c (0xff9ff06f)
core   0: 0x8000dd24 (0x00001f17) auipc   t5, 0x1
core   0: 3 0x8000dd24 (0x00001f17) x30 0x8000ed24
core   0: 0x8000dd28 (0x2c3f2e23) sw      gp, 732(t5)
core   0: 3 0x8000dd28 (0x2c3f2e23) mem 0x8000f000 0x00000001
core   0: 0x8000dd2c (0xff9ff06f) j       pc - 0x8
core   0: 3 0x8000dd2c (0xff9ff06f)
core   0: 0x8000dd24 (0x00001f17) auipc   t5, 0x1
core   0: 3 0x8000dd24 (0x00001f17) x30 0x8000ed24
core   0: 0x8000dd28 (0x2c3f2e23) sw      gp, 732(t5)
core   0: 3 0x8000dd28 (0x2c3f2e23) mem 0x8000f000 0x00000001
core   0: 0x8000dd2c (0xff9ff06f) j       pc - 0x8
core   0: 3 0x8000dd2c (0xff9ff06f)
core   0: 0x8000dd24 (0x00001f17) auipc   t5, 0x1
core   0: 3 0x8000dd24 (0x00001f17) x30 0x8000ed24
core   0: 0x8000dd28 (0x2c3f2e23) sw      gp, 732(t5)
core   0: 3 0x8000dd28 (0x2c3f2e23) mem 0x8000f000 0x00000001
core   0: 0x8000dd2c (0xff9ff06f) j       pc - 0x8
core   0: 3 0x8000dd2c (0xff9ff06f)
core   0: 0x8000dd24 (0x00001f17) auipc   t5, 0x1
core   0: 3 0x8000dd24 (0x00001f17) x30 0x8000ed24
core   0: 0x8000dd28 (0x2c3f2e23) sw      gp, 732(t5)
core   0: 3 0x8000dd28 (0x2c3f2e23) mem 0x8000f000 0x00000001
core   0: 0x8000dd2c (0xff9ff06f) j       pc - 0x8
core   0: 3 0x8000dd2c (0xff9ff06f)
core   0: 0x8000dd24 (0x00001f17) auipc   t5, 0x1
core   0: 3 0x8000dd24 (0x00001f17) x30 0x8000ed24
core   0: 0x8000dd28 (0x2c3f2e23) sw      gp, 732(t5)
core   0: 3 0x8000dd28 (0x2c3f2e23) mem 0x8000f000 0x00000001
core   0: 0x8000dd2c (0xff9ff06f) j       pc - 0x8
core   0: 3 0x8000dd2c (0xff9ff06f)
core   0: 0x8000dd24 (0x00001f17) auipc   t5, 0x1
core   0: 3 0x8000dd24 (0x00001f17) x30 0x8000ed24
core   0: 0x8000dd28 (0x2c3f2e23) sw      gp, 732(t5)
core   0: 3 0x8000dd28 (0x2c3f2e23) mem 0x8000f000 0x00000001
core   0: 0x8000dd2c (0xff9ff06f) j       pc - 0x8
core   0: 3 0x8000dd2c (0xff9ff06f)
core   0: 0x8000dd24 (0x00001f17) auipc   t5, 0x1
core   0: 3 0x8000dd24 (0x00001f17) x30 0x8000ed24
core   0: 0x8000dd28 (0x2c3f2e23) sw      gp, 732(t5)
core   0: 3 0x8000dd28 (0x2c3f2e23) mem 0x8000f000 0x00000001
core   0: 0x8000dd2c (0xff9ff06f) j       pc - 0x8
core   0: 3 0x8000dd2c (0xff9ff06f)
core   0: 0x8000dd24 (0x00001f17) auipc   t5, 0x1
core   0: 3 0x8000dd24 (0x00001f17) x30 0x8000ed24
core   0: 0x8000dd28 (0x2c3f2e23) sw      gp, 732(t5)
core   0: 3 0x8000dd28 (0x2c3f2e23) mem 0x8000f000 0x00000001
core   0: 0x8000dd2c (0xff9ff06f) j       pc - 0x8
core   0: 3 0x8000dd2c (0xff9ff06f)
core   0: 0x8000dd24 (0x00001f17) auipc   t5, 0x1
core   0: 3 0x8000dd24 (0x00001f17) x30 0x8000ed24
core   0: 0x8000dd28 (0x2c3f2e23) sw      gp, 732(t5)
core   0: 3 0x8000dd28 (0x2c3f2e23) mem 0x8000f000 0x00000001
core   0: 0x8000dd2c (0xff9ff06f) j       pc - 0x8
core   0: 3 0x8000dd2c (0xff9ff06f)
core   0: 0x8000dd24 (0x00001f17) auipc   t5, 0x1
core   0: 3 0x8000dd24 (0x00001f17) x30 0x8000ed24
core   0: 0x8000dd28 (0x2c3f2e23) sw      gp, 732(t5)
core   0: 3 0x8000dd28 (0x2c3f2e23) mem 0x8000f000 0x00000001
core   0: 0x8000dd2c (0xff9ff06f) j       pc - 0x8
core   0: 3 0x8000dd2c (0xff9ff06f)
core   0: 0x8000dd24 (0x00001f17) auipc   t5, 0x1
core   0: 3 0x8000dd24 (0x00001f17) x30 0x8000ed24
core   0: 0x8000dd28 (0x2c3f2e23) sw      gp, 732(t5)
core   0: 3 0x8000dd28 (0x2c3f2e23) mem 0x8000f000 0x00000001
core   0: 0x8000dd2c (0xff9ff06f) j       pc - 0x8
core   0: 3 0x8000dd2c (0xff9ff06f)
core   0: 0x8000dd24 (0x00001f17) auipc   t5, 0x1
core   0: 3 0x8000dd24 (0x00001f17) x30 0x8000ed24
core   0: 0x8000dd28 (0x2c3f2e23) sw      gp, 732(t5)
core   0: 3 0x8000dd28 (0x2c3f2e23) mem 0x8000f000 0x00000001
core   0: 0x8000dd2c (0xff9ff06f) j       pc - 0x8
core   0: 3 0x8000dd2c (0xff9ff06f)
core   0: 0x8000dd24 (0x00001f17) auipc   t5, 0x1
core   0: 3 0x8000dd24 (0x00001f17) x30 0x8000ed24
core   0: 0x8000dd28 (0x2c3f2e23) sw      gp, 732(t5)
core   0: 3 0x8000dd28 (0x2c3f2e23) mem 0x8000f000 0x00000001
core   0: 0x8000dd2c (0xff9ff06f) j       pc - 0x8
core   0: 3 0x8000dd2c (0xff9ff06f)
core   0: 0x8000dd24 (0x00001f17) auipc   t5, 0x1
core   0: 3 0x8000dd24 (0x00001f17) x30 0x8000ed24
core   0: 0x8000dd28 (0x2c3f2e23) sw      gp, 732(t5)
core   0: 3 0x8000dd28 (0x2c3f2e23) mem 0x8000f000 0x00000001
core   0: 0x8000dd2c (0xff9ff06f) j       pc - 0x8
core   0: 3 0x8000dd2c (0xff9ff06f)
core   0: 0x8000dd24 (0x00001f17) auipc   t5, 0x1
core   0: 3 0x8000dd24 (0x00001f17) x30 0x8000ed24
core   0: 0x8000dd28 (0x2c3f2e23) sw      gp, 732(t5)
core   0: 3 0x8000dd28 (0x2c3f2e23) mem 0x8000f000 0x00000001
core   0: 0x8000dd2c (0xff9ff06f) j       pc - 0x8
core   0: 3 0x8000dd2c (0xff9ff06f)
core   0: 0x8000dd24 (0x00001f17) auipc   t5, 0x1
core   0: 3 0x8000dd24 (0x00001f17) x30 0x8000ed24
core   0: 0x8000dd28 (0x2c3f2e23) sw      gp, 732(t5)
core   0: 3 0x8000dd28 (0x2c3f2e23) mem 0x8000f000 0x00000001
core   0: 0x8000dd2c (0xff9ff06f) j       pc - 0x8
core   0: 3 0x8000dd2c (0xff9ff06f)
core   0: 0x8000dd24 (0x00001f17) auipc   t5, 0x1
core   0: 3 0x8000dd24 (0x00001f17) x30 0x8000ed24
core   0: 0x8000dd28 (0x2c3f2e23) sw      gp, 732(t5)
core   0: 3 0x8000dd28 (0x2c3f2e23) mem 0x8000f000 0x00000001
core   0: 0x8000dd2c (0xff9ff06f) j       pc - 0x8
core   0: 3 0x8000dd2c (0xff9ff06f)
core   0: 0x8000dd24 (0x00001f17) auipc   t5, 0x1
core   0: 3 0x8000dd24 (0x00001f17) x30 0x8000ed24
core   0: 0x8000dd28 (0x2c3f2e23) sw      gp, 732(t5)
core   0: 3 0x8000dd28 (0x2c3f2e23) mem 0x8000f000 0x00000001
core   0: 0x8000dd2c (0xff9ff06f) j       pc - 0x8
core   0: 3 0x8000dd2c (0xff9ff06f)
core   0: 0x8000dd24 (0x00001f17) auipc   t5, 0x1
core   0: 3 0x8000dd24 (0x00001f17) x30 0x8000ed24
core   0: 0x8000dd28 (0x2c3f2e23) sw      gp, 732(t5)
core   0: 3 0x8000dd28 (0x2c3f2e23) mem 0x8000f000 0x00000001
core   0: 0x8000dd2c (0xff9ff06f) j       pc - 0x8
core   0: 3 0x8000dd2c (0xff9ff06f)
core   0: 0x8000dd24 (0x00001f17) auipc   t5, 0x1
core   0: 3 0x8000dd24 (0x00001f17) x30 0x8000ed24
core   0: 0x8000dd28 (0x2c3f2e23) sw      gp, 732(t5)
core   0: 3 0x8000dd28 (0x2c3f2e23) mem 0x8000f000 0x00000001
core   0: 0x8000dd2c (0xff9ff06f) j       pc - 0x8
core   0: 3 0x8000dd2c (0xff9ff06f)
core   0: 0x8000dd24 (0x00001f17) auipc   t5, 0x1
core   0: 3 0x8000dd24 (0x00001f17) x30 0x8000ed24
core   0: 0x8000dd28 (0x2c3f2e23) sw      gp, 732(t5)
core   0: 3 0x8000dd28 (0x2c3f2e23) mem 0x8000f000 0x00000001
core   0: 0x8000dd2c (0xff9ff06f) j       pc - 0x8
core   0: 3 0x8000dd2c (0xff9ff06f)
core   0: 0x8000dd24 (0x00001f17) auipc   t5, 0x1
core   0: 3 0x8000dd24 (0x00001f17) x30 0x8000ed24
core   0: 0x8000dd28 (0x2c3f2e23) sw      gp, 732(t5)
core   0: 3 0x8000dd28 (0x2c3f2e23) mem 0x8000f000 0x00000001
core   0: 0x8000dd2c (0xff9ff06f) j       pc - 0x8
core   0: 3 0x8000dd2c (0xff9ff06f)
core   0: 0x8000dd24 (0x00001f17) auipc   t5, 0x1
core   0: 3 0x8000dd24 (0x00001f17) x30 0x8000ed24
core   0: 0x8000dd28 (0x2c3f2e23) sw      gp, 732(t5)
core   0: 3 0x8000dd28 (0x2c3f2e23) mem 0x8000f000 0x00000001
core   0: 0x8000dd2c (0xff9ff06f) j       pc - 0x8
core   0: 3 0x8000dd2c (0xff9ff06f)
core   0: 0x8000dd24 (0x00001f17) auipc   t5, 0x1
core   0: 3 0x8000dd24 (0x00001f17) x30 0x8000ed24
core   0: 0x8000dd28 (0x2c3f2e23) sw      gp, 732(t5)
core   0: 3 0x8000dd28 (0x2c3f2e23) mem 0x8000f000 0x00000001
core   0: 0x8000dd2c (0xff9ff06f) j       pc - 0x8
core   0: 3 0x8000dd2c (0xff9ff06f)
core   0: 0x8000dd24 (0x00001f17) auipc   t5, 0x1
core   0: 3 0x8000dd24 (0x00001f17) x30 0x8000ed24
core   0: 0x8000dd28 (0x2c3f2e23) sw      gp, 732(t5)
core   0: 3 0x8000dd28 (0x2c3f2e23) mem 0x8000f000 0x00000001
core   0: 0x8000dd2c (0xff9ff06f) j       pc - 0x8
core   0: 3 0x8000dd2c (0xff9ff06f)
core   0: 0x8000dd24 (0x00001f17) auipc   t5, 0x1
core   0: 3 0x8000dd24 (0x00001f17) x30 0x8000ed24
core   0: 0x8000dd28 (0x2c3f2e23) sw      gp, 732(t5)
core   0: 3 0x8000dd28 (0x2c3f2e23) mem 0x8000f000 0x00000001
core   0: 0x8000dd2c (0xff9ff06f) j       pc - 0x8
core   0: 3 0x8000dd2c (0xff9ff06f)
core   0: 0x8000dd24 (0x00001f17) auipc   t5, 0x1
core   0: 3 0x8000dd24 (0x00001f17) x30 0x8000ed24
core   0: 0x8000dd28 (0x2c3f2e23) sw      gp, 732(t5)
core   0: 3 0x8000dd28 (0x2c3f2e23) mem 0x8000f000 0x00000001
core   0: 0x8000dd2c (0xff9ff06f) j       pc - 0x8
core   0: 3 0x8000dd2c (0xff9ff06f)
core   0: 0x8000dd24 (0x00001f17) auipc   t5, 0x1
core   0: 3 0x8000dd24 (0x00001f17) x30 0x8000ed24
core   0: 0x8000dd28 (0x2c3f2e23) sw      gp, 732(t5)
core   0: 3 0x8000dd28 (0x2c3f2e23) mem 0x8000f000 0x00000001
core   0: 0x8000dd2c (0xff9ff06f) j       pc - 0x8
core   0: 3 0x8000dd2c (0xff9ff06f)
core   0: 0x8000dd24 (0x00001f17) auipc   t5, 0x1
core   0: 3 0x8000dd24 (0x00001f17) x30 0x8000ed24
core   0: 0x8000dd28 (0x2c3f2e23) sw      gp, 732(t5)
core   0: 3 0x8000dd28 (0x2c3f2e23) mem 0x8000f000 0x00000001
core   0: 0x8000dd2c (0xff9ff06f) j       pc - 0x8
core   0: 3 0x8000dd2c (0xff9ff06f)
core   0: 0x8000dd24 (0x00001f17) auipc   t5, 0x1
core   0: 3 0x8000dd24 (0x00001f17) x30 0x8000ed24
core   0: 0x8000dd28 (0x2c3f2e23) sw      gp, 732(t5)
core   0: 3 0x8000dd28 (0x2c3f2e23) mem 0x8000f000 0x00000001
core   0: 0x8000dd2c (0xff9ff06f) j       pc - 0x8
core   0: 3 0x8000dd2c (0xff9ff06f)
core   0: 0x8000dd24 (0x00001f17) auipc   t5, 0x1
core   0: 3 0x8000dd24 (0x00001f17) x30 0x8000ed24
core   0: 0x8000dd28 (0x2c3f2e23) sw      gp, 732(t5)
core   0: 3 0x8000dd28 (0x2c3f2e23) mem 0x8000f000 0x00000001
core   0: 0x8000dd2c (0xff9ff06f) j       pc - 0x8
core   0: 3 0x8000dd2c (0xff9ff06f)
core   0: 0x8000dd24 (0x00001f17) auipc   t5, 0x1
core   0: 3 0x8000dd24 (0x00001f17) x30 0x8000ed24
core   0: 0x8000dd28 (0x2c3f2e23) sw      gp, 732(t5)
core   0: 3 0x8000dd28 (0x2c3f2e23) mem 0x8000f000 0x00000001
core   0: 0x8000dd2c (0xff9ff06f) j       pc - 0x8
core   0: 3 0x8000dd2c (0xff9ff06f)
core   0: 0x8000dd24 (0x00001f17) auipc   t5, 0x1
core   0: 3 0x8000dd24 (0x00001f17) x30 0x8000ed24
core   0: 0x8000dd28 (0x2c3f2e23) sw      gp, 732(t5)
core   0: 3 0x8000dd28 (0x2c3f2e23) mem 0x8000f000 0x00000001
core   0: 0x8000dd2c (0xff9ff06f) j       pc - 0x8
core   0: 3 0x8000dd2c (0xff9ff06f)
core   0: 0x8000dd24 (0x00001f17) auipc   t5, 0x1
core   0: 3 0x8000dd24 (0x00001f17) x30 0x8000ed24
core   0: 0x8000dd28 (0x2c3f2e23) sw      gp, 732(t5)
core   0: 3 0x8000dd28 (0x2c3f2e23) mem 0x8000f000 0x00000001
core   0: 0x8000dd2c (0xff9ff06f) j       pc - 0x8
core   0: 3 0x8000dd2c (0xff9ff06f)
core   0: 0x8000dd24 (0x00001f17) auipc   t5, 0x1
core   0: 3 0x8000dd24 (0x00001f17) x30 0x8000ed24
core   0: 0x8000dd28 (0x2c3f2e23) sw      gp, 732(t5)
core   0: 3 0x8000dd28 (0x2c3f2e23) mem 0x8000f000 0x00000001
core   0: 0x8000dd2c (0xff9ff06f) j       pc - 0x8
core   0: 3 0x8000dd2c (0xff9ff06f)
core   0: 0x8000dd24 (0x00001f17) auipc   t5, 0x1
core   0: 3 0x8000dd24 (0x00001f17) x30 0x8000ed24
core   0: 0x8000dd28 (0x2c3f2e23) sw      gp, 732(t5)
core   0: 3 0x8000dd28 (0x2c3f2e23) mem 0x8000f000 0x00000001
core   0: 0x8000dd2c (0xff9ff06f) j       pc - 0x8
core   0: 3 0x8000dd2c (0xff9ff06f)
core   0: 0x8000dd24 (0x00001f17) auipc   t5, 0x1
core   0: 3 0x8000dd24 (0x00001f17) x30 0x8000ed24
core   0: 0x8000dd28 (0x2c3f2e23) sw      gp, 732(t5)
core   0: 3 0x8000dd28 (0x2c3f2e23) mem 0x8000f000 0x00000001
core   0: 0x8000dd2c (0xff9ff06f) j       pc - 0x8
core   0: 3 0x8000dd2c (0xff9ff06f)
core   0: 0x8000dd24 (0x00001f17) auipc   t5, 0x1
core   0: 3 0x8000dd24 (0x00001f17) x30 0x8000ed24
core   0: 0x8000dd28 (0x2c3f2e23) sw      gp, 732(t5)
core   0: 3 0x8000dd28 (0x2c3f2e23) mem 0x8000f000 0x00000001
core   0: 0x8000dd2c (0xff9ff06f) j       pc - 0x8
core   0: 3 0x8000dd2c (0xff9ff06f)
core   0: 0x8000dd24 (0x00001f17) auipc   t5, 0x1
core   0: 3 0x8000dd24 (0x00001f17) x30 0x8000ed24
core   0: 0x8000dd28 (0x2c3f2e23) sw      gp, 732(t5)
core   0: 3 0x8000dd28 (0x2c3f2e23) mem 0x8000f000 0x00000001
core   0: 0x8000dd2c (0xff9ff06f) j       pc - 0x8
core   0: 3 0x8000dd2c (0xff9ff06f)
core   0: 0x8000dd24 (0x00001f17) auipc   t5, 0x1
core   0: 3 0x8000dd24 (0x00001f17) x30 0x8000ed24
core   0: 0x8000dd28 (0x2c3f2e23) sw      gp, 732(t5)
core   0: 3 0x8000dd28 (0x2c3f2e23) mem 0x8000f000 0x00000001
core   0: 0x8000dd2c (0xff9ff06f) j       pc - 0x8
core   0: 3 0x8000dd2c (0xff9ff06f)
core   0: 0x8000dd24 (0x00001f17) auipc   t5, 0x1
core   0: 3 0x8000dd24 (0x00001f17) x30 0x8000ed24
core   0: 0x8000dd28 (0x2c3f2e23) sw      gp, 732(t5)
core   0: 3 0x8000dd28 (0x2c3f2e23) mem 0x8000f000 0x00000001
core   0: 0x8000dd2c (0xff9ff06f) j       pc - 0x8
core   0: 3 0x8000dd2c (0xff9ff06f)
core   0: 0x8000dd24 (0x00001f17) auipc   t5, 0x1
core   0: 3 0x8000dd24 (0x00001f17) x30 0x8000ed24
core   0: 0x8000dd28 (0x2c3f2e23) sw      gp, 732(t5)
core   0: 3 0x8000dd28 (0x2c3f2e23) mem 0x8000f000 0x00000001
core   0: 0x8000dd2c (0xff9ff06f) j       pc - 0x8
core   0: 3 0x8000dd2c (0xff9ff06f)
core   0: 0x8000dd24 (0x00001f17) auipc   t5, 0x1
core   0: 3 0x8000dd24 (0x00001f17) x30 0x8000ed24
core   0: 0x8000dd28 (0x2c3f2e23) sw      gp, 732(t5)
core   0: 3 0x8000dd28 (0x2c3f2e23) mem 0x8000f000 0x00000001
core   0: 0x8000dd2c (0xff9ff06f) j       pc - 0x8
core   0: 3 0x8000dd2c (0xff9ff06f)
core   0: 0x8000dd24 (0x00001f17) auipc   t5, 0x1
core   0: 3 0x8000dd24 (0x00001f17) x30 0x8000ed24
core   0: 0x8000dd28 (0x2c3f2e23) sw      gp, 732(t5)
core   0: 3 0x8000dd28 (0x2c3f2e23) mem 0x8000f000 0x00000001
core   0: 0x8000dd2c (0xff9ff06f) j       pc - 0x8
core   0: 3 0x8000dd2c (0xff9ff06f)
core   0: 0x8000dd24 (0x00001f17) auipc   t5, 0x1
core   0: 3 0x8000dd24 (0x00001f17) x30 0x8000ed24
core   0: 0x8000dd28 (0x2c3f2e23) sw      gp, 732(t5)
core   0: 3 0x8000dd28 (0x2c3f2e23) mem 0x8000f000 0x00000001
core   0: 0x8000dd2c (0xff9ff06f) j       pc - 0x8
core   0: 3 0x8000dd2c (0xff9ff06f)
core   0: 0x8000dd24 (0x00001f17) auipc   t5, 0x1
core   0: 3 0x8000dd24 (0x00001f17) x30 0x8000ed24
core   0: 0x8000dd28 (0x2c3f2e23) sw      gp, 732(t5)
core   0: 3 0x8000dd28 (0x2c3f2e23) mem 0x8000f000 0x00000001
core   0: 0x8000dd2c (0xff9ff06f) j       pc - 0x8
core   0: 3 0x8000dd2c (0xff9ff06f)
core   0: 0x8000dd24 (0x00001f17) auipc   t5, 0x1
core   0: 3 0x8000dd24 (0x00001f17) x30 0x8000ed24
core   0: 0x8000dd28 (0x2c3f2e23) sw      gp, 732(t5)
core   0: 3 0x8000dd28 (0x2c3f2e23) mem 0x8000f000 0x00000001
core   0: 0x8000dd2c (0xff9ff06f) j       pc - 0x8
core   0: 3 0x8000dd2c (0xff9ff06f)
core   0: 0x8000dd24 (0x00001f17) auipc   t5, 0x1
core   0: 3 0x8000dd24 (0x00001f17) x30 0x8000ed24
core   0: 0x8000dd28 (0x2c3f2e23) sw      gp, 732(t5)
core   0: 3 0x8000dd28 (0x2c3f2e23) mem 0x8000f000 0x00000001
core   0: 0x8000dd2c (0xff9ff06f) j       pc - 0x8
core   0: 3 0x8000dd2c (0xff9ff06f)
core   0: 0x8000dd24 (0x00001f17) auipc   t5, 0x1
core   0: 3 0x8000dd24 (0x00001f17) x30 0x8000ed24
core   0: 0x8000dd28 (0x2c3f2e23) sw      gp, 732(t5)
core   0: 3 0x8000dd28 (0x2c3f2e23) mem 0x8000f000 0x00000001
core   0: 0x8000dd2c (0xff9ff06f) j       pc - 0x8
core   0: 3 0x8000dd2c (0xff9ff06f)
core   0: 0x8000dd24 (0x00001f17) auipc   t5, 0x1
core   0: 3 0x8000dd24 (0x00001f17) x30 0x8000ed24
core   0: 0x8000dd28 (0x2c3f2e23) sw      gp, 732(t5)
core   0: 3 0x8000dd28 (0x2c3f2e23) mem 0x8000f000 0x00000001
core   0: 0x8000dd2c (0xff9ff06f) j       pc - 0x8
core   0: 3 0x8000dd2c (0xff9ff06f)
core   0: 0x8000dd24 (0x00001f17) auipc   t5, 0x1
core   0: 3 0x8000dd24 (0x00001f17) x30 0x8000ed24
core   0: 0x8000dd28 (0x2c3f2e23) sw      gp, 732(t5)
core   0: 3 0x8000dd28 (0x2c3f2e23) mem 0x8000f000 0x00000001
core   0: 0x8000dd2c (0xff9ff06f) j       pc - 0x8
core   0: 3 0x8000dd2c (0xff9ff06f)
core   0: 0x8000dd24 (0x00001f17) auipc   t5, 0x1
core   0: 3 0x8000dd24 (0x00001f17) x30 0x8000ed24
core   0: 0x8000dd28 (0x2c3f2e23) sw      gp, 732(t5)
core   0: 3 0x8000dd28 (0x2c3f2e23) mem 0x8000f000 0x00000001
core   0: 0x8000dd2c (0xff9ff06f) j       pc - 0x8
core   0: 3 0x8000dd2c (0xff9ff06f)
core   0: 0x8000dd24 (0x00001f17) auipc   t5, 0x1
core   0: 3 0x8000dd24 (0x00001f17) x30 0x8000ed24
core   0: 0x8000dd28 (0x2c3f2e23) sw      gp, 732(t5)
core   0: 3 0x8000dd28 (0x2c3f2e23) mem 0x8000f000 0x00000001
core   0: 0x8000dd2c (0xff9ff06f) j       pc - 0x8
core   0: 3 0x8000dd2c (0xff9ff06f)
core   0: 0x8000dd24 (0x00001f17) auipc   t5, 0x1
core   0: 3 0x8000dd24 (0x00001f17) x30 0x8000ed24
core   0: 0x8000dd28 (0x2c3f2e23) sw      gp, 732(t5)
core   0: 3 0x8000dd28 (0x2c3f2e23) mem 0x8000f000 0x00000001
core   0: 0x8000dd2c (0xff9ff06f) j       pc - 0x8
core   0: 3 0x8000dd2c (0xff9ff06f)
core   0: 0x8000dd24 (0x00001f17) auipc   t5, 0x1
core   0: 3 0x8000dd24 (0x00001f17) x30 0x8000ed24
core   0: 0x8000dd28 (0x2c3f2e23) sw      gp, 732(t5)
core   0: 3 0x8000dd28 (0x2c3f2e23) mem 0x8000f000 0x00000001
core   0: 0x8000dd2c (0xff9ff06f) j       pc - 0x8
core   0: 3 0x8000dd2c (0xff9ff06f)
core   0: 0x8000dd24 (0x00001f17) auipc   t5, 0x1
core   0: 3 0x8000dd24 (0x00001f17) x30 0x8000ed24
core   0: 0x8000dd28 (0x2c3f2e23) sw      gp, 732(t5)
core   0: 3 0x8000dd28 (0x2c3f2e23) mem 0x8000f000 0x00000001
core   0: 0x8000dd2c (0xff9ff06f) j       pc - 0x8
core   0: 3 0x8000dd2c (0xff9ff06f)
core   0: 0x8000dd24 (0x00001f17) auipc   t5, 0x1
core   0: 3 0x8000dd24 (0x00001f17) x30 0x8000ed24
core   0: 0x8000dd28 (0x2c3f2e23) sw      gp, 732(t5)
core   0: 3 0x8000dd28 (0x2c3f2e23) mem 0x8000f000 0x00000001
core   0: 0x8000dd2c (0xff9ff06f) j       pc - 0x8
core   0: 3 0x8000dd2c (0xff9ff06f)
core   0: 0x8000dd24 (0x00001f17) auipc   t5, 0x1
core   0: 3 0x8000dd24 (0x00001f17) x30 0x8000ed24
core   0: 0x8000dd28 (0x2c3f2e23) sw      gp, 732(t5)
core   0: 3 0x8000dd28 (0x2c3f2e23) mem 0x8000f000 0x00000001
core   0: 0x8000dd2c (0xff9ff06f) j       pc - 0x8
core   0: 3 0x8000dd2c (0xff9ff06f)
core   0: 0x8000dd24 (0x00001f17) auipc   t5, 0x1
core   0: 3 0x8000dd24 (0x00001f17) x30 0x8000ed24
core   0: 0x8000dd28 (0x2c3f2e23) sw      gp, 732(t5)
core   0: 3 0x8000dd28 (0x2c3f2e23) mem 0x8000f000 0x00000001
core   0: 0x8000dd2c (0xff9ff06f) j       pc - 0x8
core   0: 3 0x8000dd2c (0xff9ff06f)
core   0: 0x8000dd24 (0x00001f17) auipc   t5, 0x1
core   0: 3 0x8000dd24 (0x00001f17) x30 0x8000ed24
core   0: 0x8000dd28 (0x2c3f2e23) sw      gp, 732(t5)
core   0: 3 0x8000dd28 (0x2c3f2e23) mem 0x8000f000 0x00000001
core   0: 0x8000dd2c (0xff9ff06f) j       pc - 0x8
core   0: 3 0x8000dd2c (0xff9ff06f)
core   0: 0x8000dd24 (0x00001f17) auipc   t5, 0x1
core   0: 3 0x8000dd24 (0x00001f17) x30 0x8000ed24
core   0: 0x8000dd28 (0x2c3f2e23) sw      gp, 732(t5)
core   0: 3 0x8000dd28 (0x2c3f2e23) mem 0x8000f000 0x00000001
core   0: 0x8000dd2c (0xff9ff06f) j       pc - 0x8
core   0: 3 0x8000dd2c (0xff9ff06f)
core   0: 0x8000dd24 (0x00001f17) auipc   t5, 0x1
core   0: 3 0x8000dd24 (0x00001f17) x30 0x8000ed24
core   0: 0x8000dd28 (0x2c3f2e23) sw      gp, 732(t5)
core   0: 3 0x8000dd28 (0x2c3f2e23) mem 0x8000f000 0x00000001
core   0: 0x8000dd2c (0xff9ff06f) j       pc - 0x8
core   0: 3 0x8000dd2c (0xff9ff06f)
core   0: 0x8000dd24 (0x00001f17) auipc   t5, 0x1
core   0: 3 0x8000dd24 (0x00001f17) x30 0x8000ed24
core   0: 0x8000dd28 (0x2c3f2e23) sw      gp, 732(t5)
core   0: 3 0x8000dd28 (0x2c3f2e23) mem 0x8000f000 0x00000001
core   0: 0x8000dd2c (0xff9ff06f) j       pc - 0x8
core   0: 3 0x8000dd2c (0xff9ff06f)
core   0: 0x8000dd24 (0x00001f17) auipc   t5, 0x1
core   0: 3 0x8000dd24 (0x00001f17) x30 0x8000ed24
core   0: 0x8000dd28 (0x2c3f2e23) sw      gp, 732(t5)
core   0: 3 0x8000dd28 (0x2c3f2e23) mem 0x8000f000 0x00000001
core   0: 0x8000dd2c (0xff9ff06f) j       pc - 0x8
core   0: 3 0x8000dd2c (0xff9ff06f)
core   0: 0x8000dd24 (0x00001f17) auipc   t5, 0x1
core   0: 3 0x8000dd24 (0x00001f17) x30 0x8000ed24
core   0: 0x8000dd28 (0x2c3f2e23) sw      gp, 732(t5)
core   0: 3 0x8000dd28 (0x2c3f2e23) mem 0x8000f000 0x00000001
core   0: 0x8000dd2c (0xff9ff06f) j       pc - 0x8
core   0: 3 0x8000dd2c (0xff9ff06f)
core   0: 0x8000dd24 (0x00001f17) auipc   t5, 0x1
core   0: 3 0x8000dd24 (0x00001f17) x30 0x8000ed24
core   0: 0x8000dd28 (0x2c3f2e23) sw      gp, 732(t5)
core   0: 3 0x8000dd28 (0x2c3f2e23) mem 0x8000f000 0x00000001
core   0: 0x8000dd2c (0xff9ff06f) j       pc - 0x8
core   0: 3 0x8000dd2c (0xff9ff06f)
core   0: 0x8000dd24 (0x00001f17) auipc   t5, 0x1
core   0: 3 0x8000dd24 (0x00001f17) x30 0x8000ed24
core   0: 0x8000dd28 (0x2c3f2e23) sw      gp, 732(t5)
core   0: 3 0x8000dd28 (0x2c3f2e23) mem 0x8000f000 0x00000001
core   0: 0x8000dd2c (0xff9ff06f) j       pc - 0x8
core   0: 3 0x8000dd2c (0xff9ff06f)
core   0: 0x8000dd24 (0x00001f17) auipc   t5, 0x1
core   0: 3 0x8000dd24 (0x00001f17) x30 0x8000ed24
core   0: 0x8000dd28 (0x2c3f2e23) sw      gp, 732(t5)
core   0: 3 0x8000dd28 (0x2c3f2e23) mem 0x8000f000 0x00000001
core   0: 0x8000dd2c (0xff9ff06f) j       pc - 0x8
core   0: 3 0x8000dd2c (0xff9ff06f)
core   0: 0x8000dd24 (0x00001f17) auipc   t5, 0x1
core   0: 3 0x8000dd24 (0x00001f17) x30 0x8000ed24
core   0: 0x8000dd28 (0x2c3f2e23) sw      gp, 732(t5)
core   0: 3 0x8000dd28 (0x2c3f2e23) mem 0x8000f000 0x00000001
core   0: 0x8000dd2c (0xff9ff06f) j       pc - 0x8
core   0: 3 0x8000dd2c (0xff9ff06f)
core   0: 0x8000dd24 (0x00001f17) auipc   t5, 0x1
core   0: 3 0x8000dd24 (0x00001f17) x30 0x8000ed24
core   0: 0x8000dd28 (0x2c3f2e23) sw      gp, 732(t5)
core   0: 3 0x8000dd28 (0x2c3f2e23) mem 0x8000f000 0x00000001
core   0: 0x8000dd2c (0xff9ff06f) j       pc - 0x8
core   0: 3 0x8000dd2c (0xff9ff06f)
core   0: 0x8000dd24 (0x00001f17) auipc   t5, 0x1
core   0: 3 0x8000dd24 (0x00001f17) x30 0x8000ed24
core   0: 0x8000dd28 (0x2c3f2e23) sw      gp, 732(t5)
core   0: 3 0x8000dd28 (0x2c3f2e23) mem 0x8000f000 0x00000001
core   0: 0x8000dd2c (0xff9ff06f) j       pc - 0x8
core   0: 3 0x8000dd2c (0xff9ff06f)
core   0: 0x8000dd24 (0x00001f17) auipc   t5, 0x1
core   0: 3 0x8000dd24 (0x00001f17) x30 0x8000ed24
core   0: 0x8000dd28 (0x2c3f2e23) sw      gp, 732(t5)
core   0: 3 0x8000dd28 (0x2c3f2e23) mem 0x8000f000 0x00000001
core   0: 0x8000dd2c (0xff9ff06f) j       pc - 0x8
core   0: 3 0x8000dd2c (0xff9ff06f)
core   0: 0x8000dd24 (0x00001f17) auipc   t5, 0x1
core   0: 3 0x8000dd24 (0x00001f17) x30 0x8000ed24
core   0: 0x8000dd28 (0x2c3f2e23) sw      gp, 732(t5)
core   0: 3 0x8000dd28 (0x2c3f2e23) mem 0x8000f000 0x00000001
core   0: 0x8000dd2c (0xff9ff06f) j       pc - 0x8
core   0: 3 0x8000dd2c (0xff9ff06f)
core   0: 0x8000dd24 (0x00001f17) auipc   t5, 0x1
core   0: 3 0x8000dd24 (0x00001f17) x30 0x8000ed24
core   0: 0x8000dd28 (0x2c3f2e23) sw      gp, 732(t5)
core   0: 3 0x8000dd28 (0x2c3f2e23) mem 0x8000f000 0x00000001
core   0: 0x8000dd2c (0xff9ff06f) j       pc - 0x8
core   0: 3 0x8000dd2c (0xff9ff06f)
core   0: 0x8000dd24 (0x00001f17) auipc   t5, 0x1
core   0: 3 0x8000dd24 (0x00001f17) x30 0x8000ed24
core   0: 0x8000dd28 (0x2c3f2e23) sw      gp, 732(t5)
core   0: 3 0x8000dd28 (0x2c3f2e23) mem 0x8000f000 0x00000001
core   0: 0x8000dd2c (0xff9ff06f) j       pc - 0x8
core   0: 3 0x8000dd2c (0xff9ff06f)
core   0: 0x8000dd24 (0x00001f17) auipc   t5, 0x1
core   0: 3 0x8000dd24 (0x00001f17) x30 0x8000ed24
core   0: 0x8000dd28 (0x2c3f2e23) sw      gp, 732(t5)
core   0: 3 0x8000dd28 (0x2c3f2e23) mem 0x8000f000 0x00000001
core   0: 0x8000dd2c (0xff9ff06f) j       pc - 0x8
core   0: 3 0x8000dd2c (0xff9ff06f)
core   0: 0x8000dd24 (0x00001f17) auipc   t5, 0x1
core   0: 3 0x8000dd24 (0x00001f17) x30 0x8000ed24
core   0: 0x8000dd28 (0x2c3f2e23) sw      gp, 732(t5)
core   0: 3 0x8000dd28 (0x2c3f2e23) mem 0x8000f000 0x00000001
core   0: 0x8000dd2c (0xff9ff06f) j       pc - 0x8
core   0: 3 0x8000dd2c (0xff9ff06f)
core   0: 0x8000dd24 (0x00001f17) auipc   t5, 0x1
core   0: 3 0x8000dd24 (0x00001f17) x30 0x8000ed24
core   0: 0x8000dd28 (0x2c3f2e23) sw      gp, 732(t5)
core   0: 3 0x8000dd28 (0x2c3f2e23) mem 0x8000f000 0x00000001
core   0: 0x8000dd2c (0xff9ff06f) j       pc - 0x8
core   0: 3 0x8000dd2c (0xff9ff06f)
core   0: 0x8000dd24 (0x00001f17) auipc   t5, 0x1
core   0: 3 0x8000dd24 (0x00001f17) x30 0x8000ed24
core   0: 0x8000dd28 (0x2c3f2e23) sw      gp, 732(t5)
core   0: 3 0x8000dd28 (0x2c3f2e23) mem 0x8000f000 0x00000001
core   0: 0x8000dd2c (0xff9ff06f) j       pc - 0x8
core   0: 3 0x8000dd2c (0xff9ff06f)
core   0: 0x8000dd24 (0x00001f17) auipc   t5, 0x1
core   0: 3 0x8000dd24 (0x00001f17) x30 0x8000ed24
core   0: 0x8000dd28 (0x2c3f2e23) sw      gp, 732(t5)
core   0: 3 0x8000dd28 (0x2c3f2e23) mem 0x8000f000 0x00000001
core   0: 0x8000dd2c (0xff9ff06f) j       pc - 0x8
core   0: 3 0x8000dd2c (0xff9ff06f)
core   0: 0x8000dd24 (0x00001f17) auipc   t5, 0x1
core   0: 3 0x8000dd24 (0x00001f17) x30 0x8000ed24
core   0: 0x8000dd28 (0x2c3f2e23) sw      gp, 732(t5)
core   0: 3 0x8000dd28 (0x2c3f2e23) mem 0x8000f000 0x00000001
core   0: 0x8000dd2c (0xff9ff06f) j       pc - 0x8
core   0: 3 0x8000dd2c (0xff9ff06f)
core   0: 0x8000dd24 (0x00001f17) auipc   t5, 0x1
core   0: 3 0x8000dd24 (0x00001f17) x30 0x8000ed24
core   0: 0x8000dd28 (0x2c3f2e23) sw      gp, 732(t5)
core   0: 3 0x8000dd28 (0x2c3f2e23) mem 0x8000f000 0x00000001
core   0: 0x8000dd2c (0xff9ff06f) j       pc - 0x8
core   0: 3 0x8000dd2c (0xff9ff06f)
core   0: 0x8000dd24 (0x00001f17) auipc   t5, 0x1
core   0: 3 0x8000dd24 (0x00001f17) x30 0x8000ed24
core   0: 0x8000dd28 (0x2c3f2e23) sw      gp, 732(t5)
core   0: 3 0x8000dd28 (0x2c3f2e23) mem 0x8000f000 0x00000001
core   0: 0x8000dd2c (0xff9ff06f) j       pc - 0x8
core   0: 3 0x8000dd2c (0xff9ff06f)
core   0: 0x8000dd24 (0x00001f17) auipc   t5, 0x1
core   0: 3 0x8000dd24 (0x00001f17) x30 0x8000ed24
core   0: 0x8000dd28 (0x2c3f2e23) sw      gp, 732(t5)
core   0: 3 0x8000dd28 (0x2c3f2e23) mem 0x8000f000 0x00000001
core   0: 0x8000dd2c (0xff9ff06f) j       pc - 0x8
core   0: 3 0x8000dd2c (0xff9ff06f)
core   0: 0x8000dd24 (0x00001f17) auipc   t5, 0x1
core   0: 3 0x8000dd24 (0x00001f17) x30 0x8000ed24
core   0: 0x8000dd28 (0x2c3f2e23) sw      gp, 732(t5)
core   0: 3 0x8000dd28 (0x2c3f2e23) mem 0x8000f000 0x00000001
core   0: 0x8000dd2c (0xff9ff06f) j       pc - 0x8
core   0: 3 0x8000dd2c (0xff9ff06f)
core   0: 0x8000dd24 (0x00001f17) auipc   t5, 0x1
core   0: 3 0x8000dd24 (0x00001f17) x30 0x8000ed24
core   0: 0x8000dd28 (0x2c3f2e23) sw      gp, 732(t5)
core   0: 3 0x8000dd28 (0x2c3f2e23) mem 0x8000f000 0x00000001
core   0: 0x8000dd2c (0xff9ff06f) j       pc - 0x8
core   0: 3 0x8000dd2c (0xff9ff06f)
core   0: 0x8000dd24 (0x00001f17) auipc   t5, 0x1
core   0: 3 0x8000dd24 (0x00001f17) x30 0x8000ed24
core   0: 0x8000dd28 (0x2c3f2e23) sw      gp, 732(t5)
core   0: 3 0x8000dd28 (0x2c3f2e23) mem 0x8000f000 0x00000001
core   0: 0x8000dd2c (0xff9ff06f) j       pc - 0x8
core   0: 3 0x8000dd2c (0xff9ff06f)
core   0: 0x8000dd24 (0x00001f17) auipc   t5, 0x1
core   0: 3 0x8000dd24 (0x00001f17) x30 0x8000ed24
core   0: 0x8000dd28 (0x2c3f2e23) sw      gp, 732(t5)
core   0: 3 0x8000dd28 (0x2c3f2e23) mem 0x8000f000 0x00000001
core   0: 0x8000dd2c (0xff9ff06f) j       pc - 0x8
core   0: 3 0x8000dd2c (0xff9ff06f)
core   0: 0x8000dd24 (0x00001f17) auipc   t5, 0x1
core   0: 3 0x8000dd24 (0x00001f17) x30 0x8000ed24
core   0: 0x8000dd28 (0x2c3f2e23) sw      gp, 732(t5)
core   0: 3 0x8000dd28 (0x2c3f2e23) mem 0x8000f000 0x00000001
core   0: 0x8000dd2c (0xff9ff06f) j       pc - 0x8
core   0: 3 0x8000dd2c (0xff9ff06f)
core   0: 0x8000dd24 (0x00001f17) auipc   t5, 0x1
core   0: 3 0x8000dd24 (0x00001f17) x30 0x8000ed24
core   0: 0x8000dd28 (0x2c3f2e23) sw      gp, 732(t5)
core   0: 3 0x8000dd28 (0x2c3f2e23) mem 0x8000f000 0x00000001
core   0: 0x8000dd2c (0xff9ff06f) j       pc - 0x8
core   0: 3 0x8000dd2c (0xff9ff06f)
core   0: 0x8000dd24 (0x00001f17) auipc   t5, 0x1
core   0: 3 0x8000dd24 (0x00001f17) x30 0x8000ed24
core   0: 0x8000dd28 (0x2c3f2e23) sw      gp, 732(t5)
core   0: 3 0x8000dd28 (0x2c3f2e23) mem 0x8000f000 0x00000001
core   0: 0x8000dd2c (0xff9ff06f) j       pc - 0x8
core   0: 3 0x8000dd2c (0xff9ff06f)
core   0: 0x8000dd24 (0x00001f17) auipc   t5, 0x1
core   0: 3 0x8000dd24 (0x00001f17) x30 0x8000ed24
core   0: 0x8000dd28 (0x2c3f2e23) sw      gp, 732(t5)
core   0: 3 0x8000dd28 (0x2c3f2e23) mem 0x8000f000 0x00000001
core   0: 0x8000dd2c (0xff9ff06f) j       pc - 0x8
core   0: 3 0x8000dd2c (0xff9ff06f)
core   0: 0x8000dd24 (0x00001f17) auipc   t5, 0x1
core   0: 3 0x8000dd24 (0x00001f17) x30 0x8000ed24
core   0: 0x8000dd28 (0x2c3f2e23) sw      gp, 732(t5)
core   0: 3 0x8000dd28 (0x2c3f2e23) mem 0x8000f000 0x00000001
core   0: 0x8000dd2c (0xff9ff06f) j       pc - 0x8
core   0: 3 0x8000dd2c (0xff9ff06f)
core   0: 0x8000dd24 (0x00001f17) auipc   t5, 0x1
core   0: 3 0x8000dd24 (0x00001f17) x30 0x8000ed24
core   0: 0x8000dd28 (0x2c3f2e23) sw      gp, 732(t5)
core   0: 3 0x8000dd28 (0x2c3f2e23) mem 0x8000f000 0x00000001
core   0: 0x8000dd2c (0xff9ff06f) j       pc - 0x8
core   0: 3 0x8000dd2c (0xff9ff06f)
core   0: 0x8000dd24 (0x00001f17) auipc   t5, 0x1
core   0: 3 0x8000dd24 (0x00001f17) x30 0x8000ed24
core   0: 0x8000dd28 (0x2c3f2e23) sw      gp, 732(t5)
core   0: 3 0x8000dd28 (0x2c3f2e23) mem 0x8000f000 0x00000001
core   0: 0x8000dd2c (0xff9ff06f) j       pc - 0x8
core   0: 3 0x8000dd2c (0xff9ff06f)
core   0: 0x8000dd24 (0x00001f17) auipc   t5, 0x1
core   0: 3 0x8000dd24 (0x00001f17) x30 0x8000ed24
core   0: 0x8000dd28 (0x2c3f2e23) sw      gp, 732(t5)
core   0: 3 0x8000dd28 (0x2c3f2e23) mem 0x8000f000 0x00000001
core   0: 0x8000dd2c (0xff9ff06f) j       pc - 0x8
core   0: 3 0x8000dd2c (0xff9ff06f)
core   0: 0x8000dd24 (0x00001f17) auipc   t5, 0x1
core   0: 3 0x8000dd24 (0x00001f17) x30 0x8000ed24
core   0: 0x8000dd28 (0x2c3f2e23) sw      gp, 732(t5)
core   0: 3 0x8000dd28 (0x2c3f2e23) mem 0x8000f000 0x00000001
core   0: 0x8000dd2c (0xff9ff06f) j       pc - 0x8
core   0: 3 0x8000dd2c (0xff9ff06f)
core   0: 0x8000dd24 (0x00001f17) auipc   t5, 0x1
core   0: 3 0x8000dd24 (0x00001f17) x30 0x8000ed24
core   0: 0x8000dd28 (0x2c3f2e23) sw      gp, 732(t5)
core   0: 3 0x8000dd28 (0x2c3f2e23) mem 0x8000f000 0x00000001
core   0: 0x8000dd2c (0xff9ff06f) j       pc - 0x8
core   0: 3 0x8000dd2c (0xff9ff06f)
core   0: 0x8000dd24 (0x00001f17) auipc   t5, 0x1
core   0: 3 0x8000dd24 (0x00001f17) x30 0x8000ed24
core   0: 0x8000dd28 (0x2c3f2e23) sw      gp, 732(t5)
core   0: 3 0x8000dd28 (0x2c3f2e23) mem 0x8000f000 0x00000001
core   0: 0x8000dd2c (0xff9ff06f) j       pc - 0x8
core   0: 3 0x8000dd2c (0xff9ff06f)
core   0: 0x8000dd24 (0x00001f17) auipc   t5, 0x1
core   0: 3 0x8000dd24 (0x00001f17) x30 0x8000ed24
core   0: 0x8000dd28 (0x2c3f2e23) sw      gp, 732(t5)
core   0: 3 0x8000dd28 (0x2c3f2e23) mem 0x8000f000 0x00000001
core   0: 0x8000dd2c (0xff9ff06f) j       pc - 0x8
core   0: 3 0x8000dd2c (0xff9ff06f)
core   0: 0x8000dd24 (0x00001f17) auipc   t5, 0x1
core   0: 3 0x8000dd24 (0x00001f17) x30 0x8000ed24
core   0: 0x8000dd28 (0x2c3f2e23) sw      gp, 732(t5)
core   0: 3 0x8000dd28 (0x2c3f2e23) mem 0x8000f000 0x00000001
core   0: 0x8000dd2c (0xff9ff06f) j       pc - 0x8
core   0: 3 0x8000dd2c (0xff9ff06f)
core   0: 0x8000dd24 (0x00001f17) auipc   t5, 0x1
core   0: 3 0x8000dd24 (0x00001f17) x30 0x8000ed24
core   0: 0x8000dd28 (0x2c3f2e23) sw      gp, 732(t5)
core   0: 3 0x8000dd28 (0x2c3f2e23) mem 0x8000f000 0x00000001
core   0: 0x8000dd2c (0xff9ff06f) j       pc - 0x8
core   0: 3 0x8000dd2c (0xff9ff06f)
core   0: 0x8000dd24 (0x00001f17) auipc   t5, 0x1
core   0: 3 0x8000dd24 (0x00001f17) x30 0x8000ed24
core   0: 0x8000dd28 (0x2c3f2e23) sw      gp, 732(t5)
core   0: 3 0x8000dd28 (0x2c3f2e23) mem 0x8000f000 0x00000001
core   0: 0x8000dd2c (0xff9ff06f) j       pc - 0x8
core   0: 3 0x8000dd2c (0xff9ff06f)
core   0: 0x8000dd24 (0x00001f17) auipc   t5, 0x1
core   0: 3 0x8000dd24 (0x00001f17) x30 0x8000ed24
core   0: 0x8000dd28 (0x2c3f2e23) sw      gp, 732(t5)
core   0: 3 0x8000dd28 (0x2c3f2e23) mem 0x8000f000 0x00000001
core   0: 0x8000dd2c (0xff9ff06f) j       pc - 0x8
core   0: 3 0x8000dd2c (0xff9ff06f)
core   0: 0x8000dd24 (0x00001f17) auipc   t5, 0x1
core   0: 3 0x8000dd24 (0x00001f17) x30 0x8000ed24
core   0: 0x8000dd28 (0x2c3f2e23) sw      gp, 732(t5)
core   0: 3 0x8000dd28 (0x2c3f2e23) mem 0x8000f000 0x00000001
core   0: 0x8000dd2c (0xff9ff06f) j       pc - 0x8
core   0: 3 0x8000dd2c (0xff9ff06f)
core   0: 0x8000dd24 (0x00001f17) auipc   t5, 0x1
core   0: 3 0x8000dd24 (0x00001f17) x30 0x8000ed24
core   0: 0x8000dd28 (0x2c3f2e23) sw      gp, 732(t5)
core   0: 3 0x8000dd28 (0x2c3f2e23) mem 0x8000f000 0x00000001
core   0: 0x8000dd2c (0xff9ff06f) j       pc - 0x8
core   0: 3 0x8000dd2c (0xff9ff06f)
core   0: 0x8000dd24 (0x00001f17) auipc   t5, 0x1
core   0: 3 0x8000dd24 (0x00001f17) x30 0x8000ed24
core   0: 0x8000dd28 (0x2c3f2e23) sw      gp, 732(t5)
core   0: 3 0x8000dd28 (0x2c3f2e23) mem 0x8000f000 0x00000001
core   0: 0x8000dd2c (0xff9ff06f) j       pc - 0x8
core   0: 3 0x8000dd2c (0xff9ff06f)
core   0: 0x8000dd24 (0x00001f17) auipc   t5, 0x1
core   0: 3 0x8000dd24 (0x00001f17) x30 0x8000ed24
core   0: 0x8000dd28 (0x2c3f2e23) sw      gp, 732(t5)
core   0: 3 0x8000dd28 (0x2c3f2e23) mem 0x8000f000 0x00000001
core   0: 0x8000dd2c (0xff9ff06f) j       pc - 0x8
core   0: 3 0x8000dd2c (0xff9ff06f)
core   0: 0x8000dd24 (0x00001f17) auipc   t5, 0x1
core   0: 3 0x8000dd24 (0x00001f17) x30 0x8000ed24
core   0: 0x8000dd28 (0x2c3f2e23) sw      gp, 732(t5)
core   0: 3 0x8000dd28 (0x2c3f2e23) mem 0x8000f000 0x00000001
core   0: 0x8000dd2c (0xff9ff06f) j       pc - 0x8
core   0: 3 0x8000dd2c (0xff9ff06f)
core   0: 0x8000dd24 (0x00001f17) auipc   t5, 0x1
core   0: 3 0x8000dd24 (0x00001f17) x30 0x8000ed24
core   0: 0x8000dd28 (0x2c3f2e23) sw      gp, 732(t5)
core   0: 3 0x8000dd28 (0x2c3f2e23) mem 0x8000f000 0x00000001
core   0: 0x8000dd2c (0xff9ff06f) j       pc - 0x8
core   0: 3 0x8000dd2c (0xff9ff06f)
core   0: 0x8000dd24 (0x00001f17) auipc   t5, 0x1
core   0: 3 0x8000dd24 (0x00001f17) x30 0x8000ed24
core   0: 0x8000dd28 (0x2c3f2e23) sw      gp, 732(t5)
core   0: 3 0x8000dd28 (0x2c3f2e23) mem 0x8000f000 0x00000001
core   0: 0x8000dd2c (0xff9ff06f) j       pc - 0x8
core   0: 3 0x8000dd2c (0xff9ff06f)
core   0: 0x8000dd24 (0x00001f17) auipc   t5, 0x1
core   0: 3 0x8000dd24 (0x00001f17) x30 0x8000ed24
core   0: 0x8000dd28 (0x2c3f2e23) sw      gp, 732(t5)
core   0: 3 0x8000dd28 (0x2c3f2e23) mem 0x8000f000 0x00000001
core   0: 0x8000dd2c (0xff9ff06f) j       pc - 0x8
core   0: 3 0x8000dd2c (0xff9ff06f)
core   0: 0x8000dd24 (0x00001f17) auipc   t5, 0x1
core   0: 3 0x8000dd24 (0x00001f17) x30 0x8000ed24
core   0: 0x8000dd28 (0x2c3f2e23) sw      gp, 732(t5)
core   0: 3 0x8000dd28 (0x2c3f2e23) mem 0x8000f000 0x00000001
core   0: 0x8000dd2c (0xff9ff06f) j       pc - 0x8
core   0: 3 0x8000dd2c (0xff9ff06f)
core   0: 0x8000dd24 (0x00001f17) auipc   t5, 0x1
core   0: 3 0x8000dd24 (0x00001f17) x30 0x8000ed24
core   0: 0x8000dd28 (0x2c3f2e23) sw      gp, 732(t5)
core   0: 3 0x8000dd28 (0x2c3f2e23) mem 0x8000f000 0x00000001
core   0: 0x8000dd2c (0xff9ff06f) j       pc - 0x8
core   0: 3 0x8000dd2c (0xff9ff06f)
core   0: 0x8000dd24 (0x00001f17) auipc   t5, 0x1
core   0: 3 0x8000dd24 (0x00001f17) x30 0x8000ed24
core   0: 0x8000dd28 (0x2c3f2e23) sw      gp, 732(t5)
core   0: 3 0x8000dd28 (0x2c3f2e23) mem 0x8000f000 0x00000001
core   0: 0x8000dd2c (0xff9ff06f) j       pc - 0x8
core   0: 3 0x8000dd2c (0xff9ff06f)
core   0: 0x8000dd24 (0x00001f17) auipc   t5, 0x1
core   0: 3 0x8000dd24 (0x00001f17) x30 0x8000ed24
core   0: 0x8000dd28 (0x2c3f2e23) sw      gp, 732(t5)
core   0: 3 0x8000dd28 (0x2c3f2e23) mem 0x8000f000 0x00000001
core   0: 0x8000dd2c (0xff9ff06f) j       pc - 0x8
core   0: 3 0x8000dd2c (0xff9ff06f)
core   0: 0x8000dd24 (0x00001f17) auipc   t5, 0x1
core   0: 3 0x8000dd24 (0x00001f17) x30 0x8000ed24
core   0: 0x8000dd28 (0x2c3f2e23) sw      gp, 732(t5)
core   0: 3 0x8000dd28 (0x2c3f2e23) mem 0x8000f000 0x00000001
core   0: 0x8000dd2c (0xff9ff06f) j       pc - 0x8
core   0: 3 0x8000dd2c (0xff9ff06f)
core   0: 0x8000dd24 (0x00001f17) auipc   t5, 0x1
core   0: 3 0x8000dd24 (0x00001f17) x30 0x8000ed24
core   0: 0x8000dd28 (0x2c3f2e23) sw      gp, 732(t5)
core   0: 3 0x8000dd28 (0x2c3f2e23) mem 0x8000f000 0x00000001
core   0: 0x8000dd2c (0xff9ff06f) j       pc - 0x8
core   0: 3 0x8000dd2c (0xff9ff06f)
core   0: 0x8000dd24 (0x00001f17) auipc   t5, 0x1
core   0: 3 0x8000dd24 (0x00001f17) x30 0x8000ed24
core   0: 0x8000dd28 (0x2c3f2e23) sw      gp, 732(t5)
core   0: 3 0x8000dd28 (0x2c3f2e23) mem 0x8000f000 0x00000001
core   0: 0x8000dd2c (0xff9ff06f) j       pc - 0x8
core   0: 3 0x8000dd2c (0xff9ff06f)
core   0: 0x8000dd24 (0x00001f17) auipc   t5, 0x1
core   0: 3 0x8000dd24 (0x00001f17) x30 0x8000ed24
core   0: 0x8000dd28 (0x2c3f2e23) sw      gp, 732(t5)
core   0: 3 0x8000dd28 (0x2c3f2e23) mem 0x8000f000 0x00000001
core   0: 0x8000dd2c (0xff9ff06f) j       pc - 0x8
core   0: 3 0x8000dd2c (0xff9ff06f)
core   0: 0x8000dd24 (0x00001f17) auipc   t5, 0x1
core   0: 3 0x8000dd24 (0x00001f17) x30 0x8000ed24
core   0: 0x8000dd28 (0x2c3f2e23) sw      gp, 732(t5)
core   0: 3 0x8000dd28 (0x2c3f2e23) mem 0x8000f000 0x00000001
core   0: 0x8000dd2c (0xff9ff06f) j       pc - 0x8
core   0: 3 0x8000dd2c (0xff9ff06f)
core   0: 0x8000dd24 (0x00001f17) auipc   t5, 0x1
core   0: 3 0x8000dd24 (0x00001f17) x30 0x8000ed24
core   0: 0x8000dd28 (0x2c3f2e23) sw      gp, 732(t5)
core   0: 3 0x8000dd28 (0x2c3f2e23) mem 0x8000f000 0x00000001
core   0: 0x8000dd2c (0xff9ff06f) j       pc - 0x8
core   0: 3 0x8000dd2c (0xff9ff06f)
core   0: 0x8000dd24 (0x00001f17) auipc   t5, 0x1
core   0: 3 0x8000dd24 (0x00001f17) x30 0x8000ed24
core   0: 0x8000dd28 (0x2c3f2e23) sw      gp, 732(t5)
core   0: 3 0x8000dd28 (0x2c3f2e23) mem 0x8000f000 0x00000001
core   0: 0x8000dd2c (0xff9ff06f) j       pc - 0x8
core   0: 3 0x8000dd2c (0xff9ff06f)
core   0: 0x8000dd24 (0x00001f17) auipc   t5, 0x1
core   0: 3 0x8000dd24 (0x00001f17) x30 0x8000ed24
core   0: 0x8000dd28 (0x2c3f2e23) sw      gp, 732(t5)
core   0: 3 0x8000dd28 (0x2c3f2e23) mem 0x8000f000 0x00000001
core   0: 0x8000dd2c (0xff9ff06f) j       pc - 0x8
core   0: 3 0x8000dd2c (0xff9ff06f)
core   0: 0x8000dd24 (0x00001f17) auipc   t5, 0x1
core   0: 3 0x8000dd24 (0x00001f17) x30 0x8000ed24
core   0: 0x8000dd28 (0x2c3f2e23) sw      gp, 732(t5)
core   0: 3 0x8000dd28 (0x2c3f2e23) mem 0x8000f000 0x00000001
core   0: 0x8000dd2c (0xff9ff06f) j       pc - 0x8
core   0: 3 0x8000dd2c (0xff9ff06f)
core   0: 0x8000dd24 (0x00001f17) auipc   t5, 0x1
core   0: 3 0x8000dd24 (0x00001f17) x30 0x8000ed24
core   0: 0x8000dd28 (0x2c3f2e23) sw      gp, 732(t5)
core   0: 3 0x8000dd28 (0x2c3f2e23) mem 0x8000f000 0x00000001
core   0: 0x8000dd2c (0xff9ff06f) j       pc - 0x8
core   0: 3 0x8000dd2c (0xff9ff06f)
core   0: 0x8000dd24 (0x00001f17) auipc   t5, 0x1
core   0: 3 0x8000dd24 (0x00001f17) x30 0x8000ed24
core   0: 0x8000dd28 (0x2c3f2e23) sw      gp, 732(t5)
core   0: 3 0x8000dd28 (0x2c3f2e23) mem 0x8000f000 0x00000001
core   0: 0x8000dd2c (0xff9ff06f) j       pc - 0x8
core   0: 3 0x8000dd2c (0xff9ff06f)
core   0: 0x8000dd24 (0x00001f17) auipc   t5, 0x1
core   0: 3 0x8000dd24 (0x00001f17) x30 0x8000ed24
core   0: 0x8000dd28 (0x2c3f2e23) sw      gp, 732(t5)
core   0: 3 0x8000dd28 (0x2c3f2e23) mem 0x8000f000 0x00000001
core   0: 0x8000dd2c (0xff9ff06f) j       pc - 0x8
core   0: 3 0x8000dd2c (0xff9ff06f)
core   0: 0x8000dd24 (0x00001f17) auipc   t5, 0x1
core   0: 3 0x8000dd24 (0x00001f17) x30 0x8000ed24
core   0: 0x8000dd28 (0x2c3f2e23) sw      gp, 732(t5)
core   0: 3 0x8000dd28 (0x2c3f2e23) mem 0x8000f000 0x00000001
core   0: 0x8000dd2c (0xff9ff06f) j       pc - 0x8
core   0: 3 0x8000dd2c (0xff9ff06f)
core   0: 0x8000dd24 (0x00001f17) auipc   t5, 0x1
core   0: 3 0x8000dd24 (0x00001f17) x30 0x8000ed24
core   0: 0x8000dd28 (0x2c3f2e23) sw      gp, 732(t5)
core   0: 3 0x8000dd28 (0x2c3f2e23) mem 0x8000f000 0x00000001
core   0: 0x8000dd2c (0xff9ff06f) j       pc - 0x8
core   0: 3 0x8000dd2c (0xff9ff06f)
core   0: 0x8000dd24 (0x00001f17) auipc   t5, 0x1
core   0: 3 0x8000dd24 (0x00001f17) x30 0x8000ed24
core   0: 0x8000dd28 (0x2c3f2e23) sw      gp, 732(t5)
core   0: 3 0x8000dd28 (0x2c3f2e23) mem 0x8000f000 0x00000001
core   0: 0x8000dd2c (0xff9ff06f) j       pc - 0x8
core   0: 3 0x8000dd2c (0xff9ff06f)
core   0: 0x8000dd24 (0x00001f17) auipc   t5, 0x1
core   0: 3 0x8000dd24 (0x00001f17) x30 0x8000ed24
core   0: 0x8000dd28 (0x2c3f2e23) sw      gp, 732(t5)
core   0: 3 0x8000dd28 (0x2c3f2e23) mem 0x8000f000 0x00000001
core   0: 0x8000dd2c (0xff9ff06f) j       pc - 0x8
core   0: 3 0x8000dd2c (0xff9ff06f)
core   0: 0x8000dd24 (0x00001f17) auipc   t5, 0x1
core   0: 3 0x8000dd24 (0x00001f17) x30 0x8000ed24
core   0: 0x8000dd28 (0x2c3f2e23) sw      gp, 732(t5)
core   0: 3 0x8000dd28 (0x2c3f2e23) mem 0x8000f000 0x00000001
core   0: 0x8000dd2c (0xff9ff06f) j       pc - 0x8
core   0: 3 0x8000dd2c (0xff9ff06f)
core   0: 0x8000dd24 (0x00001f17) auipc   t5, 0x1
core   0: 3 0x8000dd24 (0x00001f17) x30 0x8000ed24
core   0: 0x8000dd28 (0x2c3f2e23) sw      gp, 732(t5)
core   0: 3 0x8000dd28 (0x2c3f2e23) mem 0x8000f000 0x00000001
core   0: 0x8000dd2c (0xff9ff06f) j       pc - 0x8
core   0: 3 0x8000dd2c (0xff9ff06f)
core   0: 0x8000dd24 (0x00001f17) auipc   t5, 0x1
core   0: 3 0x8000dd24 (0x00001f17) x30 0x8000ed24
core   0: 0x8000dd28 (0x2c3f2e23) sw      gp, 732(t5)
core   0: 3 0x8000dd28 (0x2c3f2e23) mem 0x8000f000 0x00000001
core   0: 0x8000dd2c (0xff9ff06f) j       pc - 0x8
core   0: 3 0x8000dd2c (0xff9ff06f)
core   0: 0x8000dd24 (0x00001f17) auipc   t5, 0x1
core   0: 3 0x8000dd24 (0x00001f17) x30 0x8000ed24
core   0: 0x8000dd28 (0x2c3f2e23) sw      gp, 732(t5)
core   0: 3 0x8000dd28 (0x2c3f2e23) mem 0x8000f000 0x00000001
core   0: 0x8000dd2c (0xff9ff06f) j       pc - 0x8
core   0: 3 0x8000dd2c (0xff9ff06f)
core   0: 0x8000dd24 (0x00001f17) auipc   t5, 0x1
core   0: 3 0x8000dd24 (0x00001f17) x30 0x8000ed24
core   0: 0x8000dd28 (0x2c3f2e23) sw      gp, 732(t5)
core   0: 3 0x8000dd28 (0x2c3f2e23) mem 0x8000f000 0x00000001
core   0: 0x8000dd2c (0xff9ff06f) j       pc - 0x8
core   0: 3 0x8000dd2c (0xff9ff06f)
core   0: 0x8000dd24 (0x00001f17) auipc   t5, 0x1
core   0: 3 0x8000dd24 (0x00001f17) x30 0x8000ed24
core   0: 0x8000dd28 (0x2c3f2e23) sw      gp, 732(t5)
core   0: 3 0x8000dd28 (0x2c3f2e23) mem 0x8000f000 0x00000001
core   0: 0x8000dd2c (0xff9ff06f) j       pc - 0x8
core   0: 3 0x8000dd2c (0xff9ff06f)
core   0: 0x8000dd24 (0x00001f17) auipc   t5, 0x1
core   0: 3 0x8000dd24 (0x00001f17) x30 0x8000ed24
core   0: 0x8000dd28 (0x2c3f2e23) sw      gp, 732(t5)
core   0: 3 0x8000dd28 (0x2c3f2e23) mem 0x8000f000 0x00000001
core   0: 0x8000dd2c (0xff9ff06f) j       pc - 0x8
core   0: 3 0x8000dd2c (0xff9ff06f)
core   0: 0x8000dd24 (0x00001f17) auipc   t5, 0x1
core   0: 3 0x8000dd24 (0x00001f17) x30 0x8000ed24
core   0: 0x8000dd28 (0x2c3f2e23) sw      gp, 732(t5)
core   0: 3 0x8000dd28 (0x2c3f2e23) mem 0x8000f000 0x00000001
core   0: 0x8000dd2c (0xff9ff06f) j       pc - 0x8
core   0: 3 0x8000dd2c (0xff9ff06f)
core   0: 0x8000dd24 (0x00001f17) auipc   t5, 0x1
core   0: 3 0x8000dd24 (0x00001f17) x30 0x8000ed24
core   0: 0x8000dd28 (0x2c3f2e23) sw      gp, 732(t5)
core   0: 3 0x8000dd28 (0x2c3f2e23) mem 0x8000f000 0x00000001
core   0: 0x8000dd2c (0xff9ff06f) j       pc - 0x8
core   0: 3 0x8000dd2c (0xff9ff06f)
core   0: 0x8000dd24 (0x00001f17) auipc   t5, 0x1
core   0: 3 0x8000dd24 (0x00001f17) x30 0x8000ed24
core   0: 0x8000dd28 (0x2c3f2e23) sw      gp, 732(t5)
core   0: 3 0x8000dd28 (0x2c3f2e23) mem 0x8000f000 0x00000001
core   0: 0x8000dd2c (0xff9ff06f) j       pc - 0x8
core   0: 3 0x8000dd2c (0xff9ff06f)
core   0: 0x8000dd24 (0x00001f17) auipc   t5, 0x1
core   0: 3 0x8000dd24 (0x00001f17) x30 0x8000ed24
core   0: 0x8000dd28 (0x2c3f2e23) sw      gp, 732(t5)
core   0: 3 0x8000dd28 (0x2c3f2e23) mem 0x8000f000 0x00000001
core   0: 0x8000dd2c (0xff9ff06f) j       pc - 0x8
core   0: 3 0x8000dd2c (0xff9ff06f)
core   0: 0x8000dd24 (0x00001f17) auipc   t5, 0x1
core   0: 3 0x8000dd24 (0x00001f17) x30 0x8000ed24
core   0: 0x8000dd28 (0x2c3f2e23) sw      gp, 732(t5)
core   0: 3 0x8000dd28 (0x2c3f2e23) mem 0x8000f000 0x00000001
core   0: 0x8000dd2c (0xff9ff06f) j       pc - 0x8
core   0: 3 0x8000dd2c (0xff9ff06f)
core   0: 0x8000dd24 (0x00001f17) auipc   t5, 0x1
core   0: 3 0x8000dd24 (0x00001f17) x30 0x8000ed24
core   0: 0x8000dd28 (0x2c3f2e23) sw      gp, 732(t5)
core   0: 3 0x8000dd28 (0x2c3f2e23) mem 0x8000f000 0x00000001
core   0: 0x8000dd2c (0xff9ff06f) j       pc - 0x8
core   0: 3 0x8000dd2c (0xff9ff06f)
core   0: 0x8000dd24 (0x00001f17) auipc   t5, 0x1
core   0: 3 0x8000dd24 (0x00001f17) x30 0x8000ed24
core   0: 0x8000dd28 (0x2c3f2e23) sw      gp, 732(t5)
core   0: 3 0x8000dd28 (0x2c3f2e23) mem 0x8000f000 0x00000001
core   0: 0x8000dd2c (0xff9ff06f) j       pc - 0x8
core   0: 3 0x8000dd2c (0xff9ff06f)
core   0: 0x8000dd24 (0x00001f17) auipc   t5, 0x1
core   0: 3 0x8000dd24 (0x00001f17) x30 0x8000ed24
core   0: 0x8000dd28 (0x2c3f2e23) sw      gp, 732(t5)
core   0: 3 0x8000dd28 (0x2c3f2e23) mem 0x8000f000 0x00000001
core   0: 0x8000dd2c (0xff9ff06f) j       pc - 0x8
core   0: 3 0x8000dd2c (0xff9ff06f)
core   0: 0x8000dd24 (0x00001f17) auipc   t5, 0x1
core   0: 3 0x8000dd24 (0x00001f17) x30 0x8000ed24
core   0: 0x8000dd28 (0x2c3f2e23) sw      gp, 732(t5)
core   0: 3 0x8000dd28 (0x2c3f2e23) mem 0x8000f000 0x00000001
core   0: 0x8000dd2c (0xff9ff06f) j       pc - 0x8
core   0: 3 0x8000dd2c (0xff9ff06f)
core   0: 0x8000dd24 (0x00001f17) auipc   t5, 0x1
core   0: 3 0x8000dd24 (0x00001f17) x30 0x8000ed24
core   0: 0x8000dd28 (0x2c3f2e23) sw      gp, 732(t5)
core   0: 3 0x8000dd28 (0x2c3f2e23) mem 0x8000f000 0x00000001
core   0: 0x8000dd2c (0xff9ff06f) j       pc - 0x8
core   0: 3 0x8000dd2c (0xff9ff06f)
core   0: 0x8000dd24 (0x00001f17) auipc   t5, 0x1
core   0: 3 0x8000dd24 (0x00001f17) x30 0x8000ed24
core   0: 0x8000dd28 (0x2c3f2e23) sw      gp, 732(t5)
core   0: 3 0x8000dd28 (0x2c3f2e23) mem 0x8000f000 0x00000001
core   0: 0x8000dd2c (0xff9ff06f) j       pc - 0x8
core   0: 3 0x8000dd2c (0xff9ff06f)
core   0: 0x8000dd24 (0x00001f17) auipc   t5, 0x1
core   0: 3 0x8000dd24 (0x00001f17) x30 0x8000ed24
core   0: 0x8000dd28 (0x2c3f2e23) sw      gp, 732(t5)
core   0: 3 0x8000dd28 (0x2c3f2e23) mem 0x8000f000 0x00000001
core   0: 0x8000dd2c (0xff9ff06f) j       pc - 0x8
core   0: 3 0x8000dd2c (0xff9ff06f)
core   0: 0x8000dd24 (0x00001f17) auipc   t5, 0x1
core   0: 3 0x8000dd24 (0x00001f17) x30 0x8000ed24
core   0: 0x8000dd28 (0x2c3f2e23) sw      gp, 732(t5)
core   0: 3 0x8000dd28 (0x2c3f2e23) mem 0x8000f000 0x00000001
core   0: 0x8000dd2c (0xff9ff06f) j       pc - 0x8
core   0: 3 0x8000dd2c (0xff9ff06f)
core   0: 0x8000dd24 (0x00001f17) auipc   t5, 0x1
core   0: 3 0x8000dd24 (0x00001f17) x30 0x8000ed24
core   0: 0x8000dd28 (0x2c3f2e23) sw      gp, 732(t5)
core   0: 3 0x8000dd28 (0x2c3f2e23) mem 0x8000f000 0x00000001
core   0: 0x8000dd2c (0xff9ff06f) j       pc - 0x8
core   0: 3 0x8000dd2c (0xff9ff06f)
core   0: 0x8000dd24 (0x00001f17) auipc   t5, 0x1
core   0: 3 0x8000dd24 (0x00001f17) x30 0x8000ed24
core   0: 0x8000dd28 (0x2c3f2e23) sw      gp, 732(t5)
core   0: 3 0x8000dd28 (0x2c3f2e23) mem 0x8000f000 0x00000001
core   0: 0x8000dd2c (0xff9ff06f) j       pc - 0x8
core   0: 3 0x8000dd2c (0xff9ff06f)
core   0: 0x8000dd24 (0x00001f17) auipc   t5, 0x1
core   0: 3 0x8000dd24 (0x00001f17) x30 0x8000ed24
core   0: 0x8000dd28 (0x2c3f2e23) sw      gp, 732(t5)
core   0: 3 0x8000dd28 (0x2c3f2e23) mem 0x8000f000 0x00000001
core   0: 0x8000dd2c (0xff9ff06f) j       pc - 0x8
core   0: 3 0x8000dd2c (0xff9ff06f)
core   0: 0x8000dd24 (0x00001f17) auipc   t5, 0x1
core   0: 3 0x8000dd24 (0x00001f17) x30 0x8000ed24
core   0: 0x8000dd28 (0x2c3f2e23) sw      gp, 732(t5)
core   0: 3 0x8000dd28 (0x2c3f2e23) mem 0x8000f000 0x00000001
core   0: 0x8000dd2c (0xff9ff06f) j       pc - 0x8
core   0: 3 0x8000dd2c (0xff9ff06f)
core   0: 0x8000dd24 (0x00001f17) auipc   t5, 0x1
core   0: 3 0x8000dd24 (0x00001f17) x30 0x8000ed24
core   0: 0x8000dd28 (0x2c3f2e23) sw      gp, 732(t5)
core   0: 3 0x8000dd28 (0x2c3f2e23) mem 0x8000f000 0x00000001
core   0: 0x8000dd2c (0xff9ff06f) j       pc - 0x8
core   0: 3 0x8000dd2c (0xff9ff06f)
core   0: 0x8000dd24 (0x00001f17) auipc   t5, 0x1
core   0: 3 0x8000dd24 (0x00001f17) x30 0x8000ed24
core   0: 0x8000dd28 (0x2c3f2e23) sw      gp, 732(t5)
core   0: 3 0x8000dd28 (0x2c3f2e23) mem 0x8000f000 0x00000001
core   0: 0x8000dd2c (0xff9ff06f) j       pc - 0x8
core   0: 3 0x8000dd2c (0xff9ff06f)
core   0: 0x8000dd24 (0x00001f17) auipc   t5, 0x1
core   0: 3 0x8000dd24 (0x00001f17) x30 0x8000ed24
core   0: 0x8000dd28 (0x2c3f2e23) sw      gp, 732(t5)
core   0: 3 0x8000dd28 (0x2c3f2e23) mem 0x8000f000 0x00000001
core   0: 0x8000dd2c (0xff9ff06f) j       pc - 0x8
core   0: 3 0x8000dd2c (0xff9ff06f)
core   0: 0x8000dd24 (0x00001f17) auipc   t5, 0x1
core   0: 3 0x8000dd24 (0x00001f17) x30 0x8000ed24
core   0: 0x8000dd28 (0x2c3f2e23) sw      gp, 732(t5)
core   0: 3 0x8000dd28 (0x2c3f2e23) mem 0x8000f000 0x00000001
core   0: 0x8000dd2c (0xff9ff06f) j       pc - 0x8
core   0: 3 0x8000dd2c (0xff9ff06f)
core   0: 0x8000dd24 (0x00001f17) auipc   t5, 0x1
core   0: 3 0x8000dd24 (0x00001f17) x30 0x8000ed24
core   0: 0x8000dd28 (0x2c3f2e23) sw      gp, 732(t5)
core   0: 3 0x8000dd28 (0x2c3f2e23) mem 0x8000f000 0x00000001
core   0: 0x8000dd2c (0xff9ff06f) j       pc - 0x8
core   0: 3 0x8000dd2c (0xff9ff06f)
core   0: 0x8000dd24 (0x00001f17) auipc   t5, 0x1
core   0: 3 0x8000dd24 (0x00001f17) x30 0x8000ed24
core   0: 0x8000dd28 (0x2c3f2e23) sw      gp, 732(t5)
core   0: 3 0x8000dd28 (0x2c3f2e23) mem 0x8000f000 0x00000001
core   0: 0x8000dd2c (0xff9ff06f) j       pc - 0x8
core   0: 3 0x8000dd2c (0xff9ff06f)
core   0: 0x8000dd24 (0x00001f17) auipc   t5, 0x1
core   0: 3 0x8000dd24 (0x00001f17) x30 0x8000ed24
core   0: 0x8000dd28 (0x2c3f2e23) sw      gp, 732(t5)
core   0: 3 0x8000dd28 (0x2c3f2e23) mem 0x8000f000 0x00000001
core   0: 0x8000dd2c (0xff9ff06f) j       pc - 0x8
core   0: 3 0x8000dd2c (0xff9ff06f)
core   0: 0x8000dd24 (0x00001f17) auipc   t5, 0x1
core   0: 3 0x8000dd24 (0x00001f17) x30 0x8000ed24
core   0: 0x8000dd28 (0x2c3f2e23) sw      gp, 732(t5)
core   0: 3 0x8000dd28 (0x2c3f2e23) mem 0x8000f000 0x00000001
core   0: 0x8000dd2c (0xff9ff06f) j       pc - 0x8
core   0: 3 0x8000dd2c (0xff9ff06f)
core   0: 0x8000dd24 (0x00001f17) auipc   t5, 0x1
core   0: 3 0x8000dd24 (0x00001f17) x30 0x8000ed24
core   0: 0x8000dd28 (0x2c3f2e23) sw      gp, 732(t5)
core   0: 3 0x8000dd28 (0x2c3f2e23) mem 0x8000f000 0x00000001
core   0: 0x8000dd2c (0xff9ff06f) j       pc - 0x8
core   0: 3 0x8000dd2c (0xff9ff06f)
core   0: 0x8000dd24 (0x00001f17) auipc   t5, 0x1
core   0: 3 0x8000dd24 (0x00001f17) x30 0x8000ed24
core   0: 0x8000dd28 (0x2c3f2e23) sw      gp, 732(t5)
core   0: 3 0x8000dd28 (0x2c3f2e23) mem 0x8000f000 0x00000001
core   0: 0x8000dd2c (0xff9ff06f) j       pc - 0x8
core   0: 3 0x8000dd2c (0xff9ff06f)
core   0: 0x8000dd24 (0x00001f17) auipc   t5, 0x1
core   0: 3 0x8000dd24 (0x00001f17) x30 0x8000ed24
core   0: 0x8000dd28 (0x2c3f2e23) sw      gp, 732(t5)
core   0: 3 0x8000dd28 (0x2c3f2e23) mem 0x8000f000 0x00000001
core   0: 0x8000dd2c (0xff9ff06f) j       pc - 0x8
core   0: 3 0x8000dd2c (0xff9ff06f)
core   0: 0x8000dd24 (0x00001f17) auipc   t5, 0x1
core   0: 3 0x8000dd24 (0x00001f17) x30 0x8000ed24
core   0: 0x8000dd28 (0x2c3f2e23) sw      gp, 732(t5)
core   0: 3 0x8000dd28 (0x2c3f2e23) mem 0x8000f000 0x00000001
core   0: 0x8000dd2c (0xff9ff06f) j       pc - 0x8
core   0: 3 0x8000dd2c (0xff9ff06f)
core   0: 0x8000dd24 (0x00001f17) auipc   t5, 0x1
core   0: 3 0x8000dd24 (0x00001f17) x30 0x8000ed24
core   0: 0x8000dd28 (0x2c3f2e23) sw      gp, 732(t5)
core   0: 3 0x8000dd28 (0x2c3f2e23) mem 0x8000f000 0x00000001
core   0: 0x8000dd2c (0xff9ff06f) j       pc - 0x8
core   0: 3 0x8000dd2c (0xff9ff06f)
core   0: 0x8000dd24 (0x00001f17) auipc   t5, 0x1
core   0: 3 0x8000dd24 (0x00001f17) x30 0x8000ed24
core   0: 0x8000dd28 (0x2c3f2e23) sw      gp, 732(t5)
core   0: 3 0x8000dd28 (0x2c3f2e23) mem 0x8000f000 0x00000001
core   0: 0x8000dd2c (0xff9ff06f) j       pc - 0x8
core   0: 3 0x8000dd2c (0xff9ff06f)
core   0: 0x8000dd24 (0x00001f17) auipc   t5, 0x1
core   0: 3 0x8000dd24 (0x00001f17) x30 0x8000ed24
core   0: 0x8000dd28 (0x2c3f2e23) sw      gp, 732(t5)
core   0: 3 0x8000dd28 (0x2c3f2e23) mem 0x8000f000 0x00000001
core   0: 0x8000dd2c (0xff9ff06f) j       pc - 0x8
core   0: 3 0x8000dd2c (0xff9ff06f)
core   0: 0x8000dd24 (0x00001f17) auipc   t5, 0x1
core   0: 3 0x8000dd24 (0x00001f17) x30 0x8000ed24
core   0: 0x8000dd28 (0x2c3f2e23) sw      gp, 732(t5)
core   0: 3 0x8000dd28 (0x2c3f2e23) mem 0x8000f000 0x00000001
core   0: 0x8000dd2c (0xff9ff06f) j       pc - 0x8
core   0: 3 0x8000dd2c (0xff9ff06f)
core   0: 0x8000dd24 (0x00001f17) auipc   t5, 0x1
core   0: 3 0x8000dd24 (0x00001f17) x30 0x8000ed24
core   0: 0x8000dd28 (0x2c3f2e23) sw      gp, 732(t5)
core   0: 3 0x8000dd28 (0x2c3f2e23) mem 0x8000f000 0x00000001
core   0: 0x8000dd2c (0xff9ff06f) j       pc - 0x8
core   0: 3 0x8000dd2c (0xff9ff06f)
core   0: 0x8000dd24 (0x00001f17) auipc   t5, 0x1
core   0: 3 0x8000dd24 (0x00001f17) x30 0x8000ed24
core   0: 0x8000dd28 (0x2c3f2e23) sw      gp, 732(t5)
core   0: 3 0x8000dd28 (0x2c3f2e23) mem 0x8000f000 0x00000001
core   0: 0x8000dd2c (0xff9ff06f) j       pc - 0x8
core   0: 3 0x8000dd2c (0xff9ff06f)
core   0: 0x8000dd24 (0x00001f17) auipc   t5, 0x1
core   0: 3 0x8000dd24 (0x00001f17) x30 0x8000ed24
core   0: 0x8000dd28 (0x2c3f2e23) sw      gp, 732(t5)
core   0: 3 0x8000dd28 (0x2c3f2e23) mem 0x8000f000 0x00000001
core   0: 0x8000dd2c (0xff9ff06f) j       pc - 0x8
core   0: 3 0x8000dd2c (0xff9ff06f)
core   0: 0x8000dd24 (0x00001f17) auipc   t5, 0x1
core   0: 3 0x8000dd24 (0x00001f17) x30 0x8000ed24
core   0: 0x8000dd28 (0x2c3f2e23) sw      gp, 732(t5)
core   0: 3 0x8000dd28 (0x2c3f2e23) mem 0x8000f000 0x00000001
core   0: 0x8000dd2c (0xff9ff06f) j       pc - 0x8
core   0: 3 0x8000dd2c (0xff9ff06f)
core   0: 0x8000dd24 (0x00001f17) auipc   t5, 0x1
core   0: 3 0x8000dd24 (0x00001f17) x30 0x8000ed24
core   0: 0x8000dd28 (0x2c3f2e23) sw      gp, 732(t5)
core   0: 3 0x8000dd28 (0x2c3f2e23) mem 0x8000f000 0x00000001
core   0: 0x8000dd2c (0xff9ff06f) j       pc - 0x8
core   0: 3 0x8000dd2c (0xff9ff06f)
core   0: 0x8000dd24 (0x00001f17) auipc   t5, 0x1
core   0: 3 0x8000dd24 (0x00001f17) x30 0x8000ed24
core   0: 0x8000dd28 (0x2c3f2e23) sw      gp, 732(t5)
core   0: 3 0x8000dd28 (0x2c3f2e23) mem 0x8000f000 0x00000001
core   0: 0x8000dd2c (0xff9ff06f) j       pc - 0x8
core   0: 3 0x8000dd2c (0xff9ff06f)
core   0: 0x8000dd24 (0x00001f17) auipc   t5, 0x1
core   0: 3 0x8000dd24 (0x00001f17) x30 0x8000ed24
core   0: 0x8000dd28 (0x2c3f2e23) sw      gp, 732(t5)
core   0: 3 0x8000dd28 (0x2c3f2e23) mem 0x8000f000 0x00000001
core   0: 0x8000dd2c (0xff9ff06f) j       pc - 0x8
core   0: 3 0x8000dd2c (0xff9ff06f)
core   0: 0x8000dd24 (0x00001f17) auipc   t5, 0x1
core   0: 3 0x8000dd24 (0x00001f17) x30 0x8000ed24
core   0: 0x8000dd28 (0x2c3f2e23) sw      gp, 732(t5)
core   0: 3 0x8000dd28 (0x2c3f2e23) mem 0x8000f000 0x00000001
core   0: 0x8000dd2c (0xff9ff06f) j       pc - 0x8
core   0: 3 0x8000dd2c (0xff9ff06f)
core   0: 0x8000dd24 (0x00001f17) auipc   t5, 0x1
core   0: 3 0x8000dd24 (0x00001f17) x30 0x8000ed24
core   0: 0x8000dd28 (0x2c3f2e23) sw      gp, 732(t5)
core   0: 3 0x8000dd28 (0x2c3f2e23) mem 0x8000f000 0x00000001
core   0: 0x8000dd2c (0xff9ff06f) j       pc - 0x8
core   0: 3 0x8000dd2c (0xff9ff06f)
core   0: 0x8000dd24 (0x00001f17) auipc   t5, 0x1
core   0: 3 0x8000dd24 (0x00001f17) x30 0x8000ed24
core   0: 0x8000dd28 (0x2c3f2e23) sw      gp, 732(t5)
core   0: 3 0x8000dd28 (0x2c3f2e23) mem 0x8000f000 0x00000001
core   0: 0x8000dd2c (0xff9ff06f) j       pc - 0x8
core   0: 3 0x8000dd2c (0xff9ff06f)
core   0: 0x8000dd24 (0x00001f17) auipc   t5, 0x1
core   0: 3 0x8000dd24 (0x00001f17) x30 0x8000ed24
core   0: 0x8000dd28 (0x2c3f2e23) sw      gp, 732(t5)
core   0: 3 0x8000dd28 (0x2c3f2e23) mem 0x8000f000 0x00000001
core   0: 0x8000dd2c (0xff9ff06f) j       pc - 0x8
core   0: 3 0x8000dd2c (0xff9ff06f)
core   0: 0x8000dd24 (0x00001f17) auipc   t5, 0x1
core   0: 3 0x8000dd24 (0x00001f17) x30 0x8000ed24
core   0: 0x8000dd28 (0x2c3f2e23) sw      gp, 732(t5)
core   0: 3 0x8000dd28 (0x2c3f2e23) mem 0x8000f000 0x00000001
core   0: 0x8000dd2c (0xff9ff06f) j       pc - 0x8
core   0: 3 0x8000dd2c (0xff9ff06f)
core   0: 0x8000dd24 (0x00001f17) auipc   t5, 0x1
core   0: 3 0x8000dd24 (0x00001f17) x30 0x8000ed24
core   0: 0x8000dd28 (0x2c3f2e23) sw      gp, 732(t5)
core   0: 3 0x8000dd28 (0x2c3f2e23) mem 0x8000f000 0x00000001
core   0: 0x8000dd2c (0xff9ff06f) j       pc - 0x8
core   0: 3 0x8000dd2c (0xff9ff06f)
core   0: 0x8000dd24 (0x00001f17) auipc   t5, 0x1
core   0: 3 0x8000dd24 (0x00001f17) x30 0x8000ed24
core   0: 0x8000dd28 (0x2c3f2e23) sw      gp, 732(t5)
core   0: 3 0x8000dd28 (0x2c3f2e23) mem 0x8000f000 0x00000001
core   0: 0x8000dd2c (0xff9ff06f) j       pc - 0x8
core   0: 3 0x8000dd2c (0xff9ff06f)
core   0: 0x8000dd24 (0x00001f17) auipc   t5, 0x1
core   0: 3 0x8000dd24 (0x00001f17) x30 0x8000ed24
core   0: 0x8000dd28 (0x2c3f2e23) sw      gp, 732(t5)
core   0: 3 0x8000dd28 (0x2c3f2e23) mem 0x8000f000 0x00000001
core   0: 0x8000dd2c (0xff9ff06f) j       pc - 0x8
core   0: 3 0x8000dd2c (0xff9ff06f)
core   0: 0x8000dd24 (0x00001f17) auipc   t5, 0x1
core   0: 3 0x8000dd24 (0x00001f17) x30 0x8000ed24
core   0: 0x8000dd28 (0x2c3f2e23) sw      gp, 732(t5)
core   0: 3 0x8000dd28 (0x2c3f2e23) mem 0x8000f000 0x00000001
core   0: 0x8000dd2c (0xff9ff06f) j       pc - 0x8
core   0: 3 0x8000dd2c (0xff9ff06f)
core   0: 0x8000dd24 (0x00001f17) auipc   t5, 0x1
core   0: 3 0x8000dd24 (0x00001f17) x30 0x8000ed24
core   0: 0x8000dd28 (0x2c3f2e23) sw      gp, 732(t5)
core   0: 3 0x8000dd28 (0x2c3f2e23) mem 0x8000f000 0x00000001
core   0: 0x8000dd2c (0xff9ff06f) j       pc - 0x8
core   0: 3 0x8000dd2c (0xff9ff06f)
core   0: 0x8000dd24 (0x00001f17) auipc   t5, 0x1
core   0: 3 0x8000dd24 (0x00001f17) x30 0x8000ed24
core   0: 0x8000dd28 (0x2c3f2e23) sw      gp, 732(t5)
core   0: 3 0x8000dd28 (0x2c3f2e23) mem 0x8000f000 0x00000001
core   0: 0x8000dd2c (0xff9ff06f) j       pc - 0x8
core   0: 3 0x8000dd2c (0xff9ff06f)
core   0: 0x8000dd24 (0x00001f17) auipc   t5, 0x1
core   0: 3 0x8000dd24 (0x00001f17) x30 0x8000ed24
core   0: 0x8000dd28 (0x2c3f2e23) sw      gp, 732(t5)
core   0: 3 0x8000dd28 (0x2c3f2e23) mem 0x8000f000 0x00000001
core   0: 0x8000dd2c (0xff9ff06f) j       pc - 0x8
core   0: 3 0x8000dd2c (0xff9ff06f)
core   0: 0x8000dd24 (0x00001f17) auipc   t5, 0x1
core   0: 3 0x8000dd24 (0x00001f17) x30 0x8000ed24
core   0: 0x8000dd28 (0x2c3f2e23) sw      gp, 732(t5)
core   0: 3 0x8000dd28 (0x2c3f2e23) mem 0x8000f000 0x00000001
core   0: 0x8000dd2c (0xff9ff06f) j       pc - 0x8
core   0: 3 0x8000dd2c (0xff9ff06f)
core   0: 0x8000dd24 (0x00001f17) auipc   t5, 0x1
core   0: 3 0x8000dd24 (0x00001f17) x30 0x8000ed24
core   0: 0x8000dd28 (0x2c3f2e23) sw      gp, 732(t5)
core   0: 3 0x8000dd28 (0x2c3f2e23) mem 0x8000f000 0x00000001
core   0: 0x8000dd2c (0xff9ff06f) j       pc - 0x8
core   0: 3 0x8000dd2c (0xff9ff06f)
core   0: 0x8000dd24 (0x00001f17) auipc   t5, 0x1
core   0: 3 0x8000dd24 (0x00001f17) x30 0x8000ed24
core   0: 0x8000dd28 (0x2c3f2e23) sw      gp, 732(t5)
core   0: 3 0x8000dd28 (0x2c3f2e23) mem 0x8000f000 0x00000001
core   0: 0x8000dd2c (0xff9ff06f) j       pc - 0x8
core   0: 3 0x8000dd2c (0xff9ff06f)
core   0: 0x8000dd24 (0x00001f17) auipc   t5, 0x1
core   0: 3 0x8000dd24 (0x00001f17) x30 0x8000ed24
core   0: 0x8000dd28 (0x2c3f2e23) sw      gp, 732(t5)
core   0: 3 0x8000dd28 (0x2c3f2e23) mem 0x8000f000 0x00000001
core   0: 0x8000dd2c (0xff9ff06f) j       pc - 0x8
core   0: 3 0x8000dd2c (0xff9ff06f)
core   0: 0x8000dd24 (0x00001f17) auipc   t5, 0x1
core   0: 3 0x8000dd24 (0x00001f17) x30 0x8000ed24
core   0: 0x8000dd28 (0x2c3f2e23) sw      gp, 732(t5)
core   0: 3 0x8000dd28 (0x2c3f2e23) mem 0x8000f000 0x00000001
core   0: 0x8000dd2c (0xff9ff06f) j       pc - 0x8
core   0: 3 0x8000dd2c (0xff9ff06f)
core   0: 0x8000dd24 (0x00001f17) auipc   t5, 0x1
core   0: 3 0x8000dd24 (0x00001f17) x30 0x8000ed24
core   0: 0x8000dd28 (0x2c3f2e23) sw      gp, 732(t5)
core   0: 3 0x8000dd28 (0x2c3f2e23) mem 0x8000f000 0x00000001
core   0: 0x8000dd2c (0xff9ff06f) j       pc - 0x8
core   0: 3 0x8000dd2c (0xff9ff06f)
core   0: 0x8000dd24 (0x00001f17) auipc   t5, 0x1
core   0: 3 0x8000dd24 (0x00001f17) x30 0x8000ed24
core   0: 0x8000dd28 (0x2c3f2e23) sw      gp, 732(t5)
core   0: 3 0x8000dd28 (0x2c3f2e23) mem 0x8000f000 0x00000001
core   0: 0x8000dd2c (0xff9ff06f) j       pc - 0x8
core   0: 3 0x8000dd2c (0xff9ff06f)
core   0: 0x8000dd24 (0x00001f17) auipc   t5, 0x1
core   0: 3 0x8000dd24 (0x00001f17) x30 0x8000ed24
core   0: 0x8000dd28 (0x2c3f2e23) sw      gp, 732(t5)
core   0: 3 0x8000dd28 (0x2c3f2e23) mem 0x8000f000 0x00000001
core   0: 0x8000dd2c (0xff9ff06f) j       pc - 0x8
core   0: 3 0x8000dd2c (0xff9ff06f)
core   0: 0x8000dd24 (0x00001f17) auipc   t5, 0x1
core   0: 3 0x8000dd24 (0x00001f17) x30 0x8000ed24
core   0: 0x8000dd28 (0x2c3f2e23) sw      gp, 732(t5)
core   0: 3 0x8000dd28 (0x2c3f2e23) mem 0x8000f000 0x00000001
core   0: 0x8000dd2c (0xff9ff06f) j       pc - 0x8
core   0: 3 0x8000dd2c (0xff9ff06f)
core   0: 0x8000dd24 (0x00001f17) auipc   t5, 0x1
core   0: 3 0x8000dd24 (0x00001f17) x30 0x8000ed24
core   0: 0x8000dd28 (0x2c3f2e23) sw      gp, 732(t5)
core   0: 3 0x8000dd28 (0x2c3f2e23) mem 0x8000f000 0x00000001
core   0: 0x8000dd2c (0xff9ff06f) j       pc - 0x8
core   0: 3 0x8000dd2c (0xff9ff06f)
core   0: 0x8000dd24 (0x00001f17) auipc   t5, 0x1
core   0: 3 0x8000dd24 (0x00001f17) x30 0x8000ed24
core   0: 0x8000dd28 (0x2c3f2e23) sw      gp, 732(t5)
core   0: 3 0x8000dd28 (0x2c3f2e23) mem 0x8000f000 0x00000001
core   0: 0x8000dd2c (0xff9ff06f) j       pc - 0x8
core   0: 3 0x8000dd2c (0xff9ff06f)
core   0: 0x8000dd24 (0x00001f17) auipc   t5, 0x1
core   0: 3 0x8000dd24 (0x00001f17) x30 0x8000ed24
core   0: 0x8000dd28 (0x2c3f2e23) sw      gp, 732(t5)
core   0: 3 0x8000dd28 (0x2c3f2e23) mem 0x8000f000 0x00000001
core   0: 0x8000dd2c (0xff9ff06f) j       pc - 0x8
core   0: 3 0x8000dd2c (0xff9ff06f)
core   0: 0x8000dd24 (0x00001f17) auipc   t5, 0x1
core   0: 3 0x8000dd24 (0x00001f17) x30 0x8000ed24
core   0: 0x8000dd28 (0x2c3f2e23) sw      gp, 732(t5)
core   0: 3 0x8000dd28 (0x2c3f2e23) mem 0x8000f000 0x00000001
core   0: 0x8000dd2c (0xff9ff06f) j       pc - 0x8
core   0: 3 0x8000dd2c (0xff9ff06f)
core   0: 0x8000dd24 (0x00001f17) auipc   t5, 0x1
core   0: 3 0x8000dd24 (0x00001f17) x30 0x8000ed24
core   0: 0x8000dd28 (0x2c3f2e23) sw      gp, 732(t5)
core   0: 3 0x8000dd28 (0x2c3f2e23) mem 0x8000f000 0x00000001
core   0: 0x8000dd2c (0xff9ff06f) j       pc - 0x8
core   0: 3 0x8000dd2c (0xff9ff06f)
core   0: 0x8000dd24 (0x00001f17) auipc   t5, 0x1
core   0: 3 0x8000dd24 (0x00001f17) x30 0x8000ed24
core   0: 0x8000dd28 (0x2c3f2e23) sw      gp, 732(t5)
core   0: 3 0x8000dd28 (0x2c3f2e23) mem 0x8000f000 0x00000001
core   0: 0x8000dd2c (0xff9ff06f) j       pc - 0x8
core   0: 3 0x8000dd2c (0xff9ff06f)
core   0: 0x8000dd24 (0x00001f17) auipc   t5, 0x1
core   0: 3 0x8000dd24 (0x00001f17) x30 0x8000ed24
core   0: 0x8000dd28 (0x2c3f2e23) sw      gp, 732(t5)
core   0: 3 0x8000dd28 (0x2c3f2e23) mem 0x8000f000 0x00000001
core   0: 0x8000dd2c (0xff9ff06f) j       pc - 0x8
core   0: 3 0x8000dd2c (0xff9ff06f)
core   0: 0x8000dd24 (0x00001f17) auipc   t5, 0x1
core   0: 3 0x8000dd24 (0x00001f17) x30 0x8000ed24
core   0: 0x8000dd28 (0x2c3f2e23) sw      gp, 732(t5)
core   0: 3 0x8000dd28 (0x2c3f2e23) mem 0x8000f000 0x00000001
core   0: 0x8000dd2c (0xff9ff06f) j       pc - 0x8
core   0: 3 0x8000dd2c (0xff9ff06f)
core   0: 0x8000dd24 (0x00001f17) auipc   t5, 0x1
core   0: 3 0x8000dd24 (0x00001f17) x30 0x8000ed24
core   0: 0x8000dd28 (0x2c3f2e23) sw      gp, 732(t5)
core   0: 3 0x8000dd28 (0x2c3f2e23) mem 0x8000f000 0x00000001
core   0: 0x8000dd2c (0xff9ff06f) j       pc - 0x8
core   0: 3 0x8000dd2c (0xff9ff06f)
core   0: 0x8000dd24 (0x00001f17) auipc   t5, 0x1
core   0: 3 0x8000dd24 (0x00001f17) x30 0x8000ed24
core   0: 0x8000dd28 (0x2c3f2e23) sw      gp, 732(t5)
core   0: 3 0x8000dd28 (0x2c3f2e23) mem 0x8000f000 0x00000001
core   0: 0x8000dd2c (0xff9ff06f) j       pc - 0x8
core   0: 3 0x8000dd2c (0xff9ff06f)
core   0: 0x8000dd24 (0x00001f17) auipc   t5, 0x1
core   0: 3 0x8000dd24 (0x00001f17) x30 0x8000ed24
core   0: 0x8000dd28 (0x2c3f2e23) sw      gp, 732(t5)
core   0: 3 0x8000dd28 (0x2c3f2e23) mem 0x8000f000 0x00000001
core   0: 0x8000dd2c (0xff9ff06f) j       pc - 0x8
core   0: 3 0x8000dd2c (0xff9ff06f)
core   0: 0x8000dd24 (0x00001f17) auipc   t5, 0x1
core   0: 3 0x8000dd24 (0x00001f17) x30 0x8000ed24
core   0: 0x8000dd28 (0x2c3f2e23) sw      gp, 732(t5)
core   0: 3 0x8000dd28 (0x2c3f2e23) mem 0x8000f000 0x00000001
core   0: 0x8000dd2c (0xff9ff06f) j       pc - 0x8
core   0: 3 0x8000dd2c (0xff9ff06f)
core   0: 0x8000dd24 (0x00001f17) auipc   t5, 0x1
core   0: 3 0x8000dd24 (0x00001f17) x30 0x8000ed24
core   0: 0x8000dd28 (0x2c3f2e23) sw      gp, 732(t5)
core   0: 3 0x8000dd28 (0x2c3f2e23) mem 0x8000f000 0x00000001
core   0: 0x8000dd2c (0xff9ff06f) j       pc - 0x8
core   0: 3 0x8000dd2c (0xff9ff06f)
core   0: 0x8000dd24 (0x00001f17) auipc   t5, 0x1
core   0: 3 0x8000dd24 (0x00001f17) x30 0x8000ed24
core   0: 0x8000dd28 (0x2c3f2e23) sw      gp, 732(t5)
core   0: 3 0x8000dd28 (0x2c3f2e23) mem 0x8000f000 0x00000001
core   0: 0x8000dd2c (0xff9ff06f) j       pc - 0x8
core   0: 3 0x8000dd2c (0xff9ff06f)
core   0: 0x8000dd24 (0x00001f17) auipc   t5, 0x1
core   0: 3 0x8000dd24 (0x00001f17) x30 0x8000ed24
core   0: 0x8000dd28 (0x2c3f2e23) sw      gp, 732(t5)
core   0: 3 0x8000dd28 (0x2c3f2e23) mem 0x8000f000 0x00000001
core   0: 0x8000dd2c (0xff9ff06f) j       pc - 0x8
core   0: 3 0x8000dd2c (0xff9ff06f)
core   0: 0x8000dd24 (0x00001f17) auipc   t5, 0x1
core   0: 3 0x8000dd24 (0x00001f17) x30 0x8000ed24
core   0: 0x8000dd28 (0x2c3f2e23) sw      gp, 732(t5)
core   0: 3 0x8000dd28 (0x2c3f2e23) mem 0x8000f000 0x00000001
core   0: 0x8000dd2c (0xff9ff06f) j       pc - 0x8
core   0: 3 0x8000dd2c (0xff9ff06f)
core   0: 0x8000dd24 (0x00001f17) auipc   t5, 0x1
core   0: 3 0x8000dd24 (0x00001f17) x30 0x8000ed24
core   0: 0x8000dd28 (0x2c3f2e23) sw      gp, 732(t5)
core   0: 3 0x8000dd28 (0x2c3f2e23) mem 0x8000f000 0x00000001
core   0: 0x8000dd2c (0xff9ff06f) j       pc - 0x8
core   0: 3 0x8000dd2c (0xff9ff06f)
core   0: 0x8000dd24 (0x00001f17) auipc   t5, 0x1
core   0: 3 0x8000dd24 (0x00001f17) x30 0x8000ed24
core   0: 0x8000dd28 (0x2c3f2e23) sw      gp, 732(t5)
core   0: 3 0x8000dd28 (0x2c3f2e23) mem 0x8000f000 0x00000001
core   0: 0x8000dd2c (0xff9ff06f) j       pc - 0x8
core   0: 3 0x8000dd2c (0xff9ff06f)
core   0: 0x8000dd24 (0x00001f17) auipc   t5, 0x1
core   0: 3 0x8000dd24 (0x00001f17) x30 0x8000ed24
core   0: 0x8000dd28 (0x2c3f2e23) sw      gp, 732(t5)
core   0: 3 0x8000dd28 (0x2c3f2e23) mem 0x8000f000 0x00000001
core   0: 0x8000dd2c (0xff9ff06f) j       pc - 0x8
core   0: 3 0x8000dd2c (0xff9ff06f)
core   0: 0x8000dd24 (0x00001f17) auipc   t5, 0x1
core   0: 3 0x8000dd24 (0x00001f17) x30 0x8000ed24
core   0: 0x8000dd28 (0x2c3f2e23) sw      gp, 732(t5)
core   0: 3 0x8000dd28 (0x2c3f2e23) mem 0x8000f000 0x00000001
core   0: 0x8000dd2c (0xff9ff06f) j       pc - 0x8
core   0: 3 0x8000dd2c (0xff9ff06f)
core   0: 0x8000dd24 (0x00001f17) auipc   t5, 0x1
core   0: 3 0x8000dd24 (0x00001f17) x30 0x8000ed24
core   0: 0x8000dd28 (0x2c3f2e23) sw      gp, 732(t5)
core   0: 3 0x8000dd28 (0x2c3f2e23) mem 0x8000f000 0x00000001
core   0: 0x8000dd2c (0xff9ff06f) j       pc - 0x8
core   0: 3 0x8000dd2c (0xff9ff06f)
core   0: 0x8000dd24 (0x00001f17) auipc   t5, 0x1
core   0: 3 0x8000dd24 (0x00001f17) x30 0x8000ed24
core   0: 0x8000dd28 (0x2c3f2e23) sw      gp, 732(t5)
core   0: 3 0x8000dd28 (0x2c3f2e23) mem 0x8000f000 0x00000001
core   0: 0x8000dd2c (0xff9ff06f) j       pc - 0x8
core   0: 3 0x8000dd2c (0xff9ff06f)
core   0: 0x8000dd24 (0x00001f17) auipc   t5, 0x1
core   0: 3 0x8000dd24 (0x00001f17) x30 0x8000ed24
core   0: 0x8000dd28 (0x2c3f2e23) sw      gp, 732(t5)
core   0: 3 0x8000dd28 (0x2c3f2e23) mem 0x8000f000 0x00000001
core   0: 0x8000dd2c (0xff9ff06f) j       pc - 0x8
core   0: 3 0x8000dd2c (0xff9ff06f)
core   0: 0x8000dd24 (0x00001f17) auipc   t5, 0x1
core   0: 3 0x8000dd24 (0x00001f17) x30 0x8000ed24
core   0: 0x8000dd28 (0x2c3f2e23) sw      gp, 732(t5)
core   0: 3 0x8000dd28 (0x2c3f2e23) mem 0x8000f000 0x00000001
core   0: 0x8000dd2c (0xff9ff06f) j       pc - 0x8
core   0: 3 0x8000dd2c (0xff9ff06f)
core   0: 0x8000dd24 (0x00001f17) auipc   t5, 0x1
core   0: 3 0x8000dd24 (0x00001f17) x30 0x8000ed24
core   0: 0x8000dd28 (0x2c3f2e23) sw      gp, 732(t5)
core   0: 3 0x8000dd28 (0x2c3f2e23) mem 0x8000f000 0x00000001
core   0: 0x8000dd2c (0xff9ff06f) j       pc - 0x8
core   0: 3 0x8000dd2c (0xff9ff06f)
core   0: 0x8000dd24 (0x00001f17) auipc   t5, 0x1
core   0: 3 0x8000dd24 (0x00001f17) x30 0x8000ed24
core   0: 0x8000dd28 (0x2c3f2e23) sw      gp, 732(t5)
core   0: 3 0x8000dd28 (0x2c3f2e23) mem 0x8000f000 0x00000001
core   0: 0x8000dd2c (0xff9ff06f) j       pc - 0x8
core   0: 3 0x8000dd2c (0xff9ff06f)
core   0: 0x8000dd24 (0x00001f17) auipc   t5, 0x1
core   0: 3 0x8000dd24 (0x00001f17) x30 0x8000ed24
core   0: 0x8000dd28 (0x2c3f2e23) sw      gp, 732(t5)
core   0: 3 0x8000dd28 (0x2c3f2e23) mem 0x8000f000 0x00000001
core   0: 0x8000dd2c (0xff9ff06f) j       pc - 0x8
core   0: 3 0x8000dd2c (0xff9ff06f)
core   0: 0x8000dd24 (0x00001f17) auipc   t5, 0x1
core   0: 3 0x8000dd24 (0x00001f17) x30 0x8000ed24
core   0: 0x8000dd28 (0x2c3f2e23) sw      gp, 732(t5)
core   0: 3 0x8000dd28 (0x2c3f2e23) mem 0x8000f000 0x00000001
core   0: 0x8000dd2c (0xff9ff06f) j       pc - 0x8
core   0: 3 0x8000dd2c (0xff9ff06f)
core   0: 0x8000dd24 (0x00001f17) auipc   t5, 0x1
core   0: 3 0x8000dd24 (0x00001f17) x30 0x8000ed24
core   0: 0x8000dd28 (0x2c3f2e23) sw      gp, 732(t5)
core   0: 3 0x8000dd28 (0x2c3f2e23) mem 0x8000f000 0x00000001
core   0: 0x8000dd2c (0xff9ff06f) j       pc - 0x8
core   0: 3 0x8000dd2c (0xff9ff06f)
core   0: 0x8000dd24 (0x00001f17) auipc   t5, 0x1
core   0: 3 0x8000dd24 (0x00001f17) x30 0x8000ed24
core   0: 0x8000dd28 (0x2c3f2e23) sw      gp, 732(t5)
core   0: 3 0x8000dd28 (0x2c3f2e23) mem 0x8000f000 0x00000001
core   0: 0x8000dd2c (0xff9ff06f) j       pc - 0x8
core   0: 3 0x8000dd2c (0xff9ff06f)
core   0: 0x8000dd24 (0x00001f17) auipc   t5, 0x1
core   0: 3 0x8000dd24 (0x00001f17) x30 0x8000ed24
core   0: 0x8000dd28 (0x2c3f2e23) sw      gp, 732(t5)
core   0: 3 0x8000dd28 (0x2c3f2e23) mem 0x8000f000 0x00000001
core   0: 0x8000dd2c (0xff9ff06f) j       pc - 0x8
core   0: 3 0x8000dd2c (0xff9ff06f)
core   0: 0x8000dd24 (0x00001f17) auipc   t5, 0x1
core   0: 3 0x8000dd24 (0x00001f17) x30 0x8000ed24
core   0: 0x8000dd28 (0x2c3f2e23) sw      gp, 732(t5)
core   0: 3 0x8000dd28 (0x2c3f2e23) mem 0x8000f000 0x00000001
core   0: 0x8000dd2c (0xff9ff06f) j       pc - 0x8
core   0: 3 0x8000dd2c (0xff9ff06f)
core   0: 0x8000dd24 (0x00001f17) auipc   t5, 0x1
core   0: 3 0x8000dd24 (0x00001f17) x30 0x8000ed24
core   0: 0x8000dd28 (0x2c3f2e23) sw      gp, 732(t5)
core   0: 3 0x8000dd28 (0x2c3f2e23) mem 0x8000f000 0x00000001
core   0: 0x8000dd2c (0xff9ff06f) j       pc - 0x8
core   0: 3 0x8000dd2c (0xff9ff06f)
core   0: 0x8000dd24 (0x00001f17) auipc   t5, 0x1
core   0: 3 0x8000dd24 (0x00001f17) x30 0x8000ed24
core   0: 0x8000dd28 (0x2c3f2e23) sw      gp, 732(t5)
core   0: 3 0x8000dd28 (0x2c3f2e23) mem 0x8000f000 0x00000001
core   0: 0x8000dd2c (0xff9ff06f) j       pc - 0x8
core   0: 3 0x8000dd2c (0xff9ff06f)
core   0: 0x8000dd24 (0x00001f17) auipc   t5, 0x1
core   0: 3 0x8000dd24 (0x00001f17) x30 0x8000ed24
core   0: 0x8000dd28 (0x2c3f2e23) sw      gp, 732(t5)
core   0: 3 0x8000dd28 (0x2c3f2e23) mem 0x8000f000 0x00000001
core   0: 0x8000dd2c (0xff9ff06f) j       pc - 0x8
core   0: 3 0x8000dd2c (0xff9ff06f)
core   0: 0x8000dd24 (0x00001f17) auipc   t5, 0x1
core   0: 3 0x8000dd24 (0x00001f17) x30 0x8000ed24
core   0: 0x8000dd28 (0x2c3f2e23) sw      gp, 732(t5)
core   0: 3 0x8000dd28 (0x2c3f2e23) mem 0x8000f000 0x00000001
core   0: 0x8000dd2c (0xff9ff06f) j       pc - 0x8
core   0: 3 0x8000dd2c (0xff9ff06f)
core   0: 0x8000dd24 (0x00001f17) auipc   t5, 0x1
core   0: 3 0x8000dd24 (0x00001f17) x30 0x8000ed24
core   0: 0x8000dd28 (0x2c3f2e23) sw      gp, 732(t5)
core   0: 3 0x8000dd28 (0x2c3f2e23) mem 0x8000f000 0x00000001
core   0: 0x8000dd2c (0xff9ff06f) j       pc - 0x8
core   0: 3 0x8000dd2c (0xff9ff06f)
core   0: 0x8000dd24 (0x00001f17) auipc   t5, 0x1
core   0: 3 0x8000dd24 (0x00001f17) x30 0x8000ed24
core   0: 0x8000dd28 (0x2c3f2e23) sw      gp, 732(t5)
core   0: 3 0x8000dd28 (0x2c3f2e23) mem 0x8000f000 0x00000001
core   0: 0x8000dd2c (0xff9ff06f) j       pc - 0x8
core   0: 3 0x8000dd2c (0xff9ff06f)
core   0: 0x8000dd24 (0x00001f17) auipc   t5, 0x1
core   0: 3 0x8000dd24 (0x00001f17) x30 0x8000ed24
core   0: 0x8000dd28 (0x2c3f2e23) sw      gp, 732(t5)
core   0: 3 0x8000dd28 (0x2c3f2e23) mem 0x8000f000 0x00000001
core   0: 0x8000dd2c (0xff9ff06f) j       pc - 0x8
core   0: 3 0x8000dd2c (0xff9ff06f)
core   0: 0x8000dd24 (0x00001f17) auipc   t5, 0x1
core   0: 3 0x8000dd24 (0x00001f17) x30 0x8000ed24
core   0: 0x8000dd28 (0x2c3f2e23) sw      gp, 732(t5)
core   0: 3 0x8000dd28 (0x2c3f2e23) mem 0x8000f000 0x00000001
core   0: 0x8000dd2c (0xff9ff06f) j       pc - 0x8
core   0: 3 0x8000dd2c (0xff9ff06f)
core   0: 0x8000dd24 (0x00001f17) auipc   t5, 0x1
core   0: 3 0x8000dd24 (0x00001f17) x30 0x8000ed24
core   0: 0x8000dd28 (0x2c3f2e23) sw      gp, 732(t5)
core   0: 3 0x8000dd28 (0x2c3f2e23) mem 0x8000f000 0x00000001
core   0: 0x8000dd2c (0xff9ff06f) j       pc - 0x8
core   0: 3 0x8000dd2c (0xff9ff06f)
core   0: 0x8000dd24 (0x00001f17) auipc   t5, 0x1
core   0: 3 0x8000dd24 (0x00001f17) x30 0x8000ed24
core   0: 0x8000dd28 (0x2c3f2e23) sw      gp, 732(t5)
core   0: 3 0x8000dd28 (0x2c3f2e23) mem 0x8000f000 0x00000001
core   0: 0x8000dd2c (0xff9ff06f) j       pc - 0x8
core   0: 3 0x8000dd2c (0xff9ff06f)
core   0: 0x8000dd24 (0x00001f17) auipc   t5, 0x1
core   0: 3 0x8000dd24 (0x00001f17) x30 0x8000ed24
core   0: 0x8000dd28 (0x2c3f2e23) sw      gp, 732(t5)
core   0: 3 0x8000dd28 (0x2c3f2e23) mem 0x8000f000 0x00000001
core   0: 0x8000dd2c (0xff9ff06f) j       pc - 0x8
core   0: 3 0x8000dd2c (0xff9ff06f)
core   0: 0x8000dd24 (0x00001f17) auipc   t5, 0x1
core   0: 3 0x8000dd24 (0x00001f17) x30 0x8000ed24
core   0: 0x8000dd28 (0x2c3f2e23) sw      gp, 732(t5)
core   0: 3 0x8000dd28 (0x2c3f2e23) mem 0x8000f000 0x00000001
core   0: 0x8000dd2c (0xff9ff06f) j       pc - 0x8
core   0: 3 0x8000dd2c (0xff9ff06f)
core   0: 0x8000dd24 (0x00001f17) auipc   t5, 0x1
core   0: 3 0x8000dd24 (0x00001f17) x30 0x8000ed24
core   0: 0x8000dd28 (0x2c3f2e23) sw      gp, 732(t5)
core   0: 3 0x8000dd28 (0x2c3f2e23) mem 0x8000f000 0x00000001
core   0: 0x8000dd2c (0xff9ff06f) j       pc - 0x8
core   0: 3 0x8000dd2c (0xff9ff06f)
core   0: 0x8000dd24 (0x00001f17) auipc   t5, 0x1
core   0: 3 0x8000dd24 (0x00001f17) x30 0x8000ed24
core   0: 0x8000dd28 (0x2c3f2e23) sw      gp, 732(t5)
core   0: 3 0x8000dd28 (0x2c3f2e23) mem 0x8000f000 0x00000001
core   0: 0x8000dd2c (0xff9ff06f) j       pc - 0x8
core   0: 3 0x8000dd2c (0xff9ff06f)
core   0: 0x8000dd24 (0x00001f17) auipc   t5, 0x1
core   0: 3 0x8000dd24 (0x00001f17) x30 0x8000ed24
core   0: 0x8000dd28 (0x2c3f2e23) sw      gp, 732(t5)
core   0: 3 0x8000dd28 (0x2c3f2e23) mem 0x8000f000 0x00000001
core   0: 0x8000dd2c (0xff9ff06f) j       pc - 0x8
core   0: 3 0x8000dd2c (0xff9ff06f)
core   0: 0x8000dd24 (0x00001f17) auipc   t5, 0x1
core   0: 3 0x8000dd24 (0x00001f17) x30 0x8000ed24
core   0: 0x8000dd28 (0x2c3f2e23) sw      gp, 732(t5)
core   0: 3 0x8000dd28 (0x2c3f2e23) mem 0x8000f000 0x00000001
core   0: 0x8000dd2c (0xff9ff06f) j       pc - 0x8
core   0: 3 0x8000dd2c (0xff9ff06f)
core   0: 0x8000dd24 (0x00001f17) auipc   t5, 0x1
core   0: 3 0x8000dd24 (0x00001f17) x30 0x8000ed24
core   0: 0x8000dd28 (0x2c3f2e23) sw      gp, 732(t5)
core   0: 3 0x8000dd28 (0x2c3f2e23) mem 0x8000f000 0x00000001
core   0: 0x8000dd2c (0xff9ff06f) j       pc - 0x8
core   0: 3 0x8000dd2c (0xff9ff06f)
core   0: 0x8000dd24 (0x00001f17) auipc   t5, 0x1
core   0: 3 0x8000dd24 (0x00001f17) x30 0x8000ed24
core   0: 0x8000dd28 (0x2c3f2e23) sw      gp, 732(t5)
core   0: 3 0x8000dd28 (0x2c3f2e23) mem 0x8000f000 0x00000001
core   0: 0x8000dd2c (0xff9ff06f) j       pc - 0x8
core   0: 3 0x8000dd2c (0xff9ff06f)
core   0: 0x8000dd24 (0x00001f17) auipc   t5, 0x1
core   0: 3 0x8000dd24 (0x00001f17) x30 0x8000ed24
core   0: 0x8000dd28 (0x2c3f2e23) sw      gp, 732(t5)
core   0: 3 0x8000dd28 (0x2c3f2e23) mem 0x8000f000 0x00000001
core   0: 0x8000dd2c (0xff9ff06f) j       pc - 0x8
core   0: 3 0x8000dd2c (0xff9ff06f)
core   0: 0x8000dd24 (0x00001f17) auipc   t5, 0x1
core   0: 3 0x8000dd24 (0x00001f17) x30 0x8000ed24
core   0: 0x8000dd28 (0x2c3f2e23) sw      gp, 732(t5)
core   0: 3 0x8000dd28 (0x2c3f2e23) mem 0x8000f000 0x00000001
core   0: 0x8000dd2c (0xff9ff06f) j       pc - 0x8
core   0: 3 0x8000dd2c (0xff9ff06f)
core   0: 0x8000dd24 (0x00001f17) auipc   t5, 0x1
core   0: 3 0x8000dd24 (0x00001f17) x30 0x8000ed24
core   0: 0x8000dd28 (0x2c3f2e23) sw      gp, 732(t5)
core   0: 3 0x8000dd28 (0x2c3f2e23) mem 0x8000f000 0x00000001
core   0: 0x8000dd2c (0xff9ff06f) j       pc - 0x8
core   0: 3 0x8000dd2c (0xff9ff06f)
core   0: 0x8000dd24 (0x00001f17) auipc   t5, 0x1
core   0: 3 0x8000dd24 (0x00001f17) x30 0x8000ed24
core   0: 0x8000dd28 (0x2c3f2e23) sw      gp, 732(t5)
core   0: 3 0x8000dd28 (0x2c3f2e23) mem 0x8000f000 0x00000001
core   0: 0x8000dd2c (0xff9ff06f) j       pc - 0x8
core   0: 3 0x8000dd2c (0xff9ff06f)
core   0: 0x8000dd24 (0x00001f17) auipc   t5, 0x1
core   0: 3 0x8000dd24 (0x00001f17) x30 0x8000ed24
core   0: 0x8000dd28 (0x2c3f2e23) sw      gp, 732(t5)
core   0: 3 0x8000dd28 (0x2c3f2e23) mem 0x8000f000 0x00000001
core   0: 0x8000dd2c (0xff9ff06f) j       pc - 0x8
core   0: 3 0x8000dd2c (0xff9ff06f)
core   0: 0x8000dd24 (0x00001f17) auipc   t5, 0x1
core   0: 3 0x8000dd24 (0x00001f17) x30 0x8000ed24
core   0: 0x8000dd28 (0x2c3f2e23) sw      gp, 732(t5)
core   0: 3 0x8000dd28 (0x2c3f2e23) mem 0x8000f000 0x00000001
core   0: 0x8000dd2c (0xff9ff06f) j       pc - 0x8
core   0: 3 0x8000dd2c (0xff9ff06f)
core   0: 0x8000dd24 (0x00001f17) auipc   t5, 0x1
core   0: 3 0x8000dd24 (0x00001f17) x30 0x8000ed24
core   0: 0x8000dd28 (0x2c3f2e23) sw      gp, 732(t5)
core   0: 3 0x8000dd28 (0x2c3f2e23) mem 0x8000f000 0x00000001
core   0: 0x8000dd2c (0xff9ff06f) j       pc - 0x8
core   0: 3 0x8000dd2c (0xff9ff06f)
core   0: 0x8000dd24 (0x00001f17) auipc   t5, 0x1
core   0: 3 0x8000dd24 (0x00001f17) x30 0x8000ed24
core   0: 0x8000dd28 (0x2c3f2e23) sw      gp, 732(t5)
core   0: 3 0x8000dd28 (0x2c3f2e23) mem 0x8000f000 0x00000001
core   0: 0x8000dd2c (0xff9ff06f) j       pc - 0x8
core   0: 3 0x8000dd2c (0xff9ff06f)
core   0: 0x8000dd24 (0x00001f17) auipc   t5, 0x1
core   0: 3 0x8000dd24 (0x00001f17) x30 0x8000ed24
core   0: 0x8000dd28 (0x2c3f2e23) sw      gp, 732(t5)
core   0: 3 0x8000dd28 (0x2c3f2e23) mem 0x8000f000 0x00000001
core   0: 0x8000dd2c (0xff9ff06f) j       pc - 0x8
core   0: 3 0x8000dd2c (0xff9ff06f)
core   0: 0x8000dd24 (0x00001f17) auipc   t5, 0x1
core   0: 3 0x8000dd24 (0x00001f17) x30 0x8000ed24
core   0: 0x8000dd28 (0x2c3f2e23) sw      gp, 732(t5)
core   0: 3 0x8000dd28 (0x2c3f2e23) mem 0x8000f000 0x00000001
core   0: 0x8000dd2c (0xff9ff06f) j       pc - 0x8
core   0: 3 0x8000dd2c (0xff9ff06f)
core   0: 0x8000dd24 (0x00001f17) auipc   t5, 0x1
core   0: 3 0x8000dd24 (0x00001f17) x30 0x8000ed24
core   0: 0x8000dd28 (0x2c3f2e23) sw      gp, 732(t5)
core   0: 3 0x8000dd28 (0x2c3f2e23) mem 0x8000f000 0x00000001
core   0: 0x8000dd2c (0xff9ff06f) j       pc - 0x8
core   0: 3 0x8000dd2c (0xff9ff06f)
core   0: 0x8000dd24 (0x00001f17) auipc   t5, 0x1
core   0: 3 0x8000dd24 (0x00001f17) x30 0x8000ed24
core   0: 0x8000dd28 (0x2c3f2e23) sw      gp, 732(t5)
core   0: 3 0x8000dd28 (0x2c3f2e23) mem 0x8000f000 0x00000001
core   0: 0x8000dd2c (0xff9ff06f) j       pc - 0x8
core   0: 3 0x8000dd2c (0xff9ff06f)
core   0: 0x8000dd24 (0x00001f17) auipc   t5, 0x1
core   0: 3 0x8000dd24 (0x00001f17) x30 0x8000ed24
core   0: 0x8000dd28 (0x2c3f2e23) sw      gp, 732(t5)
core   0: 3 0x8000dd28 (0x2c3f2e23) mem 0x8000f000 0x00000001
core   0: 0x8000dd2c (0xff9ff06f) j       pc - 0x8
core   0: 3 0x8000dd2c (0xff9ff06f)
core   0: 0x8000dd24 (0x00001f17) auipc   t5, 0x1
core   0: 3 0x8000dd24 (0x00001f17) x30 0x8000ed24
core   0: 0x8000dd28 (0x2c3f2e23) sw      gp, 732(t5)
core   0: 3 0x8000dd28 (0x2c3f2e23) mem 0x8000f000 0x00000001
core   0: 0x8000dd2c (0xff9ff06f) j       pc - 0x8
core   0: 3 0x8000dd2c (0xff9ff06f)
core   0: 0x8000dd24 (0x00001f17) auipc   t5, 0x1
core   0: 3 0x8000dd24 (0x00001f17) x30 0x8000ed24
core   0: 0x8000dd28 (0x2c3f2e23) sw      gp, 732(t5)
core   0: 3 0x8000dd28 (0x2c3f2e23) mem 0x8000f000 0x00000001
core   0: 0x8000dd2c (0xff9ff06f) j       pc - 0x8
core   0: 3 0x8000dd2c (0xff9ff06f)
core   0: 0x8000dd24 (0x00001f17) auipc   t5, 0x1
core   0: 3 0x8000dd24 (0x00001f17) x30 0x8000ed24
core   0: 0x8000dd28 (0x2c3f2e23) sw      gp, 732(t5)
core   0: 3 0x8000dd28 (0x2c3f2e23) mem 0x8000f000 0x00000001
core   0: 0x8000dd2c (0xff9ff06f) j       pc - 0x8
core   0: 3 0x8000dd2c (0xff9ff06f)
core   0: 0x8000dd24 (0x00001f17) auipc   t5, 0x1
core   0: 3 0x8000dd24 (0x00001f17) x30 0x8000ed24
core   0: 0x8000dd28 (0x2c3f2e23) sw      gp, 732(t5)
core   0: 3 0x8000dd28 (0x2c3f2e23) mem 0x8000f000 0x00000001
core   0: 0x8000dd2c (0xff9ff06f) j       pc - 0x8
core   0: 3 0x8000dd2c (0xff9ff06f)
core   0: 0x8000dd24 (0x00001f17) auipc   t5, 0x1
core   0: 3 0x8000dd24 (0x00001f17) x30 0x8000ed24
core   0: 0x8000dd28 (0x2c3f2e23) sw      gp, 732(t5)
core   0: 3 0x8000dd28 (0x2c3f2e23) mem 0x8000f000 0x00000001
core   0: 0x8000dd2c (0xff9ff06f) j       pc - 0x8
core   0: 3 0x8000dd2c (0xff9ff06f)
core   0: 0x8000dd24 (0x00001f17) auipc   t5, 0x1
core   0: 3 0x8000dd24 (0x00001f17) x30 0x8000ed24
core   0: 0x8000dd28 (0x2c3f2e23) sw      gp, 732(t5)
core   0: 3 0x8000dd28 (0x2c3f2e23) mem 0x8000f000 0x00000001
core   0: 0x8000dd2c (0xff9ff06f) j       pc - 0x8
core   0: 3 0x8000dd2c (0xff9ff06f)
core   0: 0x8000dd24 (0x00001f17) auipc   t5, 0x1
core   0: 3 0x8000dd24 (0x00001f17) x30 0x8000ed24
core   0: 0x8000dd28 (0x2c3f2e23) sw      gp, 732(t5)
core   0: 3 0x8000dd28 (0x2c3f2e23) mem 0x8000f000 0x00000001
core   0: 0x8000dd2c (0xff9ff06f) j       pc - 0x8
core   0: 3 0x8000dd2c (0xff9ff06f)
core   0: 0x8000dd24 (0x00001f17) auipc   t5, 0x1
core   0: 3 0x8000dd24 (0x00001f17) x30 0x8000ed24
core   0: 0x8000dd28 (0x2c3f2e23) sw      gp, 732(t5)
core   0: 3 0x8000dd28 (0x2c3f2e23) mem 0x8000f000 0x00000001
core   0: 0x8000dd2c (0xff9ff06f) j       pc - 0x8
core   0: 3 0x8000dd2c (0xff9ff06f)
core   0: 0x8000dd24 (0x00001f17) auipc   t5, 0x1
core   0: 3 0x8000dd24 (0x00001f17) x30 0x8000ed24
core   0: 0x8000dd28 (0x2c3f2e23) sw      gp, 732(t5)
core   0: 3 0x8000dd28 (0x2c3f2e23) mem 0x8000f000 0x00000001
core   0: 0x8000dd2c (0xff9ff06f) j       pc - 0x8
core   0: 3 0x8000dd2c (0xff9ff06f)
core   0: 0x8000dd24 (0x00001f17) auipc   t5, 0x1
core   0: 3 0x8000dd24 (0x00001f17) x30 0x8000ed24
core   0: 0x8000dd28 (0x2c3f2e23) sw      gp, 732(t5)
core   0: 3 0x8000dd28 (0x2c3f2e23) mem 0x8000f000 0x00000001
core   0: 0x8000dd2c (0xff9ff06f) j       pc - 0x8
core   0: 3 0x8000dd2c (0xff9ff06f)
core   0: 0x8000dd24 (0x00001f17) auipc   t5, 0x1
core   0: 3 0x8000dd24 (0x00001f17) x30 0x8000ed24
core   0: 0x8000dd28 (0x2c3f2e23) sw      gp, 732(t5)
core   0: 3 0x8000dd28 (0x2c3f2e23) mem 0x8000f000 0x00000001
core   0: 0x8000dd2c (0xff9ff06f) j       pc - 0x8
core   0: 3 0x8000dd2c (0xff9ff06f)
core   0: 0x8000dd24 (0x00001f17) auipc   t5, 0x1
core   0: 3 0x8000dd24 (0x00001f17) x30 0x8000ed24
core   0: 0x8000dd28 (0x2c3f2e23) sw      gp, 732(t5)
core   0: 3 0x8000dd28 (0x2c3f2e23) mem 0x8000f000 0x00000001
core   0: 0x8000dd2c (0xff9ff06f) j       pc - 0x8
core   0: 3 0x8000dd2c (0xff9ff06f)
core   0: 0x8000dd24 (0x00001f17) auipc   t5, 0x1
core   0: 3 0x8000dd24 (0x00001f17) x30 0x8000ed24
core   0: 0x8000dd28 (0x2c3f2e23) sw      gp, 732(t5)
core   0: 3 0x8000dd28 (0x2c3f2e23) mem 0x8000f000 0x00000001
core   0: 0x8000dd2c (0xff9ff06f) j       pc - 0x8
core   0: 3 0x8000dd2c (0xff9ff06f)
core   0: 0x8000dd24 (0x00001f17) auipc   t5, 0x1
core   0: 3 0x8000dd24 (0x00001f17) x30 0x8000ed24
core   0: 0x8000dd28 (0x2c3f2e23) sw      gp, 732(t5)
core   0: 3 0x8000dd28 (0x2c3f2e23) mem 0x8000f000 0x00000001
core   0: 0x8000dd2c (0xff9ff06f) j       pc - 0x8
core   0: 3 0x8000dd2c (0xff9ff06f)
core   0: 0x8000dd24 (0x00001f17) auipc   t5, 0x1
core   0: 3 0x8000dd24 (0x00001f17) x30 0x8000ed24
core   0: 0x8000dd28 (0x2c3f2e23) sw      gp, 732(t5)
core   0: 3 0x8000dd28 (0x2c3f2e23) mem 0x8000f000 0x00000001
core   0: 0x8000dd2c (0xff9ff06f) j       pc - 0x8
core   0: 3 0x8000dd2c (0xff9ff06f)
core   0: 0x8000dd24 (0x00001f17) auipc   t5, 0x1
core   0: 3 0x8000dd24 (0x00001f17) x30 0x8000ed24
core   0: 0x8000dd28 (0x2c3f2e23) sw      gp, 732(t5)
core   0: 3 0x8000dd28 (0x2c3f2e23) mem 0x8000f000 0x00000001
core   0: 0x8000dd2c (0xff9ff06f) j       pc - 0x8
core   0: 3 0x8000dd2c (0xff9ff06f)
core   0: 0x8000dd24 (0x00001f17) auipc   t5, 0x1
core   0: 3 0x8000dd24 (0x00001f17) x30 0x8000ed24
core   0: 0x8000dd28 (0x2c3f2e23) sw      gp, 732(t5)
core   0: 3 0x8000dd28 (0x2c3f2e23) mem 0x8000f000 0x00000001
core   0: 0x8000dd2c (0xff9ff06f) j       pc - 0x8
core   0: 3 0x8000dd2c (0xff9ff06f)
core   0: 0x8000dd24 (0x00001f17) auipc   t5, 0x1
core   0: 3 0x8000dd24 (0x00001f17) x30 0x8000ed24
core   0: 0x8000dd28 (0x2c3f2e23) sw      gp, 732(t5)
core   0: 3 0x8000dd28 (0x2c3f2e23) mem 0x8000f000 0x00000001
core   0: 0x8000dd2c (0xff9ff06f) j       pc - 0x8
core   0: 3 0x8000dd2c (0xff9ff06f)
core   0: 0x8000dd24 (0x00001f17) auipc   t5, 0x1
core   0: 3 0x8000dd24 (0x00001f17) x30 0x8000ed24
core   0: 0x8000dd28 (0x2c3f2e23) sw      gp, 732(t5)
core   0: 3 0x8000dd28 (0x2c3f2e23) mem 0x8000f000 0x00000001
core   0: 0x8000dd2c (0xff9ff06f) j       pc - 0x8
core   0: 3 0x8000dd2c (0xff9ff06f)
core   0: 0x8000dd24 (0x00001f17) auipc   t5, 0x1
core   0: 3 0x8000dd24 (0x00001f17) x30 0x8000ed24
core   0: 0x8000dd28 (0x2c3f2e23) sw      gp, 732(t5)
core   0: 3 0x8000dd28 (0x2c3f2e23) mem 0x8000f000 0x00000001
core   0: 0x8000dd2c (0xff9ff06f) j       pc - 0x8
core   0: 3 0x8000dd2c (0xff9ff06f)
core   0: 0x8000dd24 (0x00001f17) auipc   t5, 0x1
core   0: 3 0x8000dd24 (0x00001f17) x30 0x8000ed24
core   0: 0x8000dd28 (0x2c3f2e23) sw      gp, 732(t5)
core   0: 3 0x8000dd28 (0x2c3f2e23) mem 0x8000f000 0x00000001
core   0: 0x8000dd2c (0xff9ff06f) j       pc - 0x8
core   0: 3 0x8000dd2c (0xff9ff06f)
core   0: 0x8000dd24 (0x00001f17) auipc   t5, 0x1
core   0: 3 0x8000dd24 (0x00001f17) x30 0x8000ed24
core   0: 0x8000dd28 (0x2c3f2e23) sw      gp, 732(t5)
core   0: 3 0x8000dd28 (0x2c3f2e23) mem 0x8000f000 0x00000001
core   0: 0x8000dd2c (0xff9ff06f) j       pc - 0x8
core   0: 3 0x8000dd2c (0xff9ff06f)
core   0: 0x8000dd24 (0x00001f17) auipc   t5, 0x1
core   0: 3 0x8000dd24 (0x00001f17) x30 0x8000ed24
core   0: 0x8000dd28 (0x2c3f2e23) sw      gp, 732(t5)
core   0: 3 0x8000dd28 (0x2c3f2e23) mem 0x8000f000 0x00000001
core   0: 0x8000dd2c (0xff9ff06f) j       pc - 0x8
core   0: 3 0x8000dd2c (0xff9ff06f)
core   0: 0x8000dd24 (0x00001f17) auipc   t5, 0x1
core   0: 3 0x8000dd24 (0x00001f17) x30 0x8000ed24
core   0: 0x8000dd28 (0x2c3f2e23) sw      gp, 732(t5)
core   0: 3 0x8000dd28 (0x2c3f2e23) mem 0x8000f000 0x00000001
core   0: 0x8000dd2c (0xff9ff06f) j       pc - 0x8
core   0: 3 0x8000dd2c (0xff9ff06f)
core   0: 0x8000dd24 (0x00001f17) auipc   t5, 0x1
core   0: 3 0x8000dd24 (0x00001f17) x30 0x8000ed24
core   0: 0x8000dd28 (0x2c3f2e23) sw      gp, 732(t5)
core   0: 3 0x8000dd28 (0x2c3f2e23) mem 0x8000f000 0x00000001
core   0: 0x8000dd2c (0xff9ff06f) j       pc - 0x8
core   0: 3 0x8000dd2c (0xff9ff06f)
core   0: 0x8000dd24 (0x00001f17) auipc   t5, 0x1
core   0: 3 0x8000dd24 (0x00001f17) x30 0x8000ed24
core   0: 0x8000dd28 (0x2c3f2e23) sw      gp, 732(t5)
core   0: 3 0x8000dd28 (0x2c3f2e23) mem 0x8000f000 0x00000001
core   0: 0x8000dd2c (0xff9ff06f) j       pc - 0x8
core   0: 3 0x8000dd2c (0xff9ff06f)
core   0: 0x8000dd24 (0x00001f17) auipc   t5, 0x1
core   0: 3 0x8000dd24 (0x00001f17) x30 0x8000ed24
core   0: 0x8000dd28 (0x2c3f2e23) sw      gp, 732(t5)
core   0: 3 0x8000dd28 (0x2c3f2e23) mem 0x8000f000 0x00000001
core   0: 0x8000dd2c (0xff9ff06f) j       pc - 0x8
core   0: 3 0x8000dd2c (0xff9ff06f)
core   0: 0x8000dd24 (0x00001f17) auipc   t5, 0x1
core   0: 3 0x8000dd24 (0x00001f17) x30 0x8000ed24
core   0: 0x8000dd28 (0x2c3f2e23) sw      gp, 732(t5)
core   0: 3 0x8000dd28 (0x2c3f2e23) mem 0x8000f000 0x00000001
core   0: 0x8000dd2c (0xff9ff06f) j       pc - 0x8
core   0: 3 0x8000dd2c (0xff9ff06f)
core   0: 0x8000dd24 (0x00001f17) auipc   t5, 0x1
core   0: 3 0x8000dd24 (0x00001f17) x30 0x8000ed24
core   0: 0x8000dd28 (0x2c3f2e23) sw      gp, 732(t5)
core   0: 3 0x8000dd28 (0x2c3f2e23) mem 0x8000f000 0x00000001
core   0: 0x8000dd2c (0xff9ff06f) j       pc - 0x8
core   0: 3 0x8000dd2c (0xff9ff06f)
core   0: 0x8000dd24 (0x00001f17) auipc   t5, 0x1
core   0: 3 0x8000dd24 (0x00001f17) x30 0x8000ed24
core   0: 0x8000dd28 (0x2c3f2e23) sw      gp, 732(t5)
core   0: 3 0x8000dd28 (0x2c3f2e23) mem 0x8000f000 0x00000001
core   0: 0x8000dd2c (0xff9ff06f) j       pc - 0x8
core   0: 3 0x8000dd2c (0xff9ff06f)
core   0: 0x8000dd24 (0x00001f17) auipc   t5, 0x1
core   0: 3 0x8000dd24 (0x00001f17) x30 0x8000ed24
core   0: 0x8000dd28 (0x2c3f2e23) sw      gp, 732(t5)
core   0: 3 0x8000dd28 (0x2c3f2e23) mem 0x8000f000 0x00000001
core   0: 0x8000dd2c (0xff9ff06f) j       pc - 0x8
core   0: 3 0x8000dd2c (0xff9ff06f)
core   0: 0x8000dd24 (0x00001f17) auipc   t5, 0x1
core   0: 3 0x8000dd24 (0x00001f17) x30 0x8000ed24
core   0: 0x8000dd28 (0x2c3f2e23) sw      gp, 732(t5)
core   0: 3 0x8000dd28 (0x2c3f2e23) mem 0x8000f000 0x00000001
core   0: 0x8000dd2c (0xff9ff06f) j       pc - 0x8
core   0: 3 0x8000dd2c (0xff9ff06f)
core   0: 0x8000dd24 (0x00001f17) auipc   t5, 0x1
core   0: 3 0x8000dd24 (0x00001f17) x30 0x8000ed24
core   0: 0x8000dd28 (0x2c3f2e23) sw      gp, 732(t5)
core   0: 3 0x8000dd28 (0x2c3f2e23) mem 0x8000f000 0x00000001
core   0: 0x8000dd2c (0xff9ff06f) j       pc - 0x8
core   0: 3 0x8000dd2c (0xff9ff06f)
core   0: 0x8000dd24 (0x00001f17) auipc   t5, 0x1
core   0: 3 0x8000dd24 (0x00001f17) x30 0x8000ed24
core   0: 0x8000dd28 (0x2c3f2e23) sw      gp, 732(t5)
core   0: 3 0x8000dd28 (0x2c3f2e23) mem 0x8000f000 0x00000001
core   0: 0x8000dd2c (0xff9ff06f) j       pc - 0x8
core   0: 3 0x8000dd2c (0xff9ff06f)
core   0: 0x8000dd24 (0x00001f17) auipc   t5, 0x1
core   0: 3 0x8000dd24 (0x00001f17) x30 0x8000ed24
core   0: 0x8000dd28 (0x2c3f2e23) sw      gp, 732(t5)
core   0: 3 0x8000dd28 (0x2c3f2e23) mem 0x8000f000 0x00000001
core   0: 0x8000dd2c (0xff9ff06f) j       pc - 0x8
core   0: 3 0x8000dd2c (0xff9ff06f)
core   0: 0x8000dd24 (0x00001f17) auipc   t5, 0x1
core   0: 3 0x8000dd24 (0x00001f17) x30 0x8000ed24
core   0: 0x8000dd28 (0x2c3f2e23) sw      gp, 732(t5)
core   0: 3 0x8000dd28 (0x2c3f2e23) mem 0x8000f000 0x00000001
core   0: 0x8000dd2c (0xff9ff06f) j       pc - 0x8
core   0: 3 0x8000dd2c (0xff9ff06f)
core   0: 0x8000dd24 (0x00001f17) auipc   t5, 0x1
core   0: 3 0x8000dd24 (0x00001f17) x30 0x8000ed24
core   0: 0x8000dd28 (0x2c3f2e23) sw      gp, 732(t5)
core   0: 3 0x8000dd28 (0x2c3f2e23) mem 0x8000f000 0x00000001
core   0: 0x8000dd2c (0xff9ff06f) j       pc - 0x8
core   0: 3 0x8000dd2c (0xff9ff06f)
core   0: 0x8000dd24 (0x00001f17) auipc   t5, 0x1
core   0: 3 0x8000dd24 (0x00001f17) x30 0x8000ed24
core   0: 0x8000dd28 (0x2c3f2e23) sw      gp, 732(t5)
core   0: 3 0x8000dd28 (0x2c3f2e23) mem 0x8000f000 0x00000001
core   0: 0x8000dd2c (0xff9ff06f) j       pc - 0x8
core   0: 3 0x8000dd2c (0xff9ff06f)
core   0: 0x8000dd24 (0x00001f17) auipc   t5, 0x1
core   0: 3 0x8000dd24 (0x00001f17) x30 0x8000ed24
core   0: 0x8000dd28 (0x2c3f2e23) sw      gp, 732(t5)
core   0: 3 0x8000dd28 (0x2c3f2e23) mem 0x8000f000 0x00000001
core   0: 0x8000dd2c (0xff9ff06f) j       pc - 0x8
core   0: 3 0x8000dd2c (0xff9ff06f)
core   0: 0x8000dd24 (0x00001f17) auipc   t5, 0x1
core   0: 3 0x8000dd24 (0x00001f17) x30 0x8000ed24
core   0: 0x8000dd28 (0x2c3f2e23) sw      gp, 732(t5)
core   0: 3 0x8000dd28 (0x2c3f2e23) mem 0x8000f000 0x00000001
core   0: 0x8000dd2c (0xff9ff06f) j       pc - 0x8
core   0: 3 0x8000dd2c (0xff9ff06f)
core   0: 0x8000dd24 (0x00001f17) auipc   t5, 0x1
core   0: 3 0x8000dd24 (0x00001f17) x30 0x8000ed24
core   0: 0x8000dd28 (0x2c3f2e23) sw      gp, 732(t5)
core   0: 3 0x8000dd28 (0x2c3f2e23) mem 0x8000f000 0x00000001
core   0: 0x8000dd2c (0xff9ff06f) j       pc - 0x8
core   0: 3 0x8000dd2c (0xff9ff06f)
core   0: 0x8000dd24 (0x00001f17) auipc   t5, 0x1
core   0: 3 0x8000dd24 (0x00001f17) x30 0x8000ed24
core   0: 0x8000dd28 (0x2c3f2e23) sw      gp, 732(t5)
core   0: 3 0x8000dd28 (0x2c3f2e23) mem 0x8000f000 0x00000001
core   0: 0x8000dd2c (0xff9ff06f) j       pc - 0x8
core   0: 3 0x8000dd2c (0xff9ff06f)
core   0: 0x8000dd24 (0x00001f17) auipc   t5, 0x1
core   0: 3 0x8000dd24 (0x00001f17) x30 0x8000ed24
core   0: 0x8000dd28 (0x2c3f2e23) sw      gp, 732(t5)
core   0: 3 0x8000dd28 (0x2c3f2e23) mem 0x8000f000 0x00000001
core   0: 0x8000dd2c (0xff9ff06f) j       pc - 0x8
core   0: 3 0x8000dd2c (0xff9ff06f)
core   0: 0x8000dd24 (0x00001f17) auipc   t5, 0x1
core   0: 3 0x8000dd24 (0x00001f17) x30 0x8000ed24
core   0: 0x8000dd28 (0x2c3f2e23) sw      gp, 732(t5)
core   0: 3 0x8000dd28 (0x2c3f2e23) mem 0x8000f000 0x00000001
core   0: 0x8000dd2c (0xff9ff06f) j       pc - 0x8
core   0: 3 0x8000dd2c (0xff9ff06f)
core   0: 0x8000dd24 (0x00001f17) auipc   t5, 0x1
core   0: 3 0x8000dd24 (0x00001f17) x30 0x8000ed24
core   0: 0x8000dd28 (0x2c3f2e23) sw      gp, 732(t5)
core   0: 3 0x8000dd28 (0x2c3f2e23) mem 0x8000f000 0x00000001
core   0: 0x8000dd2c (0xff9ff06f) j       pc - 0x8
core   0: 3 0x8000dd2c (0xff9ff06f)
core   0: 0x8000dd24 (0x00001f17) auipc   t5, 0x1
core   0: 3 0x8000dd24 (0x00001f17) x30 0x8000ed24
core   0: 0x8000dd28 (0x2c3f2e23) sw      gp, 732(t5)
core   0: 3 0x8000dd28 (0x2c3f2e23) mem 0x8000f000 0x00000001
core   0: 0x8000dd2c (0xff9ff06f) j       pc - 0x8
core   0: 3 0x8000dd2c (0xff9ff06f)
core   0: 0x8000dd24 (0x00001f17) auipc   t5, 0x1
core   0: 3 0x8000dd24 (0x00001f17) x30 0x8000ed24
core   0: 0x8000dd28 (0x2c3f2e23) sw      gp, 732(t5)
core   0: 3 0x8000dd28 (0x2c3f2e23) mem 0x8000f000 0x00000001
core   0: 0x8000dd2c (0xff9ff06f) j       pc - 0x8
core   0: 3 0x8000dd2c (0xff9ff06f)
core   0: 0x8000dd24 (0x00001f17) auipc   t5, 0x1
core   0: 3 0x8000dd24 (0x00001f17) x30 0x8000ed24
core   0: 0x8000dd28 (0x2c3f2e23) sw      gp, 732(t5)
core   0: 3 0x8000dd28 (0x2c3f2e23) mem 0x8000f000 0x00000001
core   0: 0x8000dd2c (0xff9ff06f) j       pc - 0x8
core   0: 3 0x8000dd2c (0xff9ff06f)
core   0: 0x8000dd24 (0x00001f17) auipc   t5, 0x1
core   0: 3 0x8000dd24 (0x00001f17) x30 0x8000ed24
core   0: 0x8000dd28 (0x2c3f2e23) sw      gp, 732(t5)
core   0: 3 0x8000dd28 (0x2c3f2e23) mem 0x8000f000 0x00000001
core   0: 0x8000dd2c (0xff9ff06f) j       pc - 0x8
core   0: 3 0x8000dd2c (0xff9ff06f)
core   0: 0x8000dd24 (0x00001f17) auipc   t5, 0x1
core   0: 3 0x8000dd24 (0x00001f17) x30 0x8000ed24
core   0: 0x8000dd28 (0x2c3f2e23) sw      gp, 732(t5)
core   0: 3 0x8000dd28 (0x2c3f2e23) mem 0x8000f000 0x00000001
core   0: 0x8000dd2c (0xff9ff06f) j       pc - 0x8
core   0: 3 0x8000dd2c (0xff9ff06f)
core   0: 0x8000dd24 (0x00001f17) auipc   t5, 0x1
core   0: 3 0x8000dd24 (0x00001f17) x30 0x8000ed24
core   0: 0x8000dd28 (0x2c3f2e23) sw      gp, 732(t5)
core   0: 3 0x8000dd28 (0x2c3f2e23) mem 0x8000f000 0x00000001
core   0: 0x8000dd2c (0xff9ff06f) j       pc - 0x8
core   0: 3 0x8000dd2c (0xff9ff06f)
core   0: 0x8000dd24 (0x00001f17) auipc   t5, 0x1
core   0: 3 0x8000dd24 (0x00001f17) x30 0x8000ed24
core   0: 0x8000dd28 (0x2c3f2e23) sw      gp, 732(t5)
core   0: 3 0x8000dd28 (0x2c3f2e23) mem 0x8000f000 0x00000001
core   0: 0x8000dd2c (0xff9ff06f) j       pc - 0x8
core   0: 3 0x8000dd2c (0xff9ff06f)
core   0: 0x8000dd24 (0x00001f17) auipc   t5, 0x1
core   0: 3 0x8000dd24 (0x00001f17) x30 0x8000ed24
core   0: 0x8000dd28 (0x2c3f2e23) sw      gp, 732(t5)
core   0: 3 0x8000dd28 (0x2c3f2e23) mem 0x8000f000 0x00000001
core   0: 0x8000dd2c (0xff9ff06f) j       pc - 0x8
core   0: 3 0x8000dd2c (0xff9ff06f)
core   0: 0x8000dd24 (0x00001f17) auipc   t5, 0x1
core   0: 3 0x8000dd24 (0x00001f17) x30 0x8000ed24
core   0: 0x8000dd28 (0x2c3f2e23) sw      gp, 732(t5)
core   0: 3 0x8000dd28 (0x2c3f2e23) mem 0x8000f000 0x00000001
core   0: 0x8000dd2c (0xff9ff06f) j       pc - 0x8
core   0: 3 0x8000dd2c (0xff9ff06f)
core   0: 0x8000dd24 (0x00001f17) auipc   t5, 0x1
core   0: 3 0x8000dd24 (0x00001f17) x30 0x8000ed24
core   0: 0x8000dd28 (0x2c3f2e23) sw      gp, 732(t5)
core   0: 3 0x8000dd28 (0x2c3f2e23) mem 0x8000f000 0x00000001
core   0: 0x8000dd2c (0xff9ff06f) j       pc - 0x8
core   0: 3 0x8000dd2c (0xff9ff06f)
core   0: 0x8000dd24 (0x00001f17) auipc   t5, 0x1
core   0: 3 0x8000dd24 (0x00001f17) x30 0x8000ed24
core   0: 0x8000dd28 (0x2c3f2e23) sw      gp, 732(t5)
core   0: 3 0x8000dd28 (0x2c3f2e23) mem 0x8000f000 0x00000001
core   0: 0x8000dd2c (0xff9ff06f) j       pc - 0x8
core   0: 3 0x8000dd2c (0xff9ff06f)
core   0: 0x8000dd24 (0x00001f17) auipc   t5, 0x1
core   0: 3 0x8000dd24 (0x00001f17) x30 0x8000ed24
core   0: 0x8000dd28 (0x2c3f2e23) sw      gp, 732(t5)
core   0: 3 0x8000dd28 (0x2c3f2e23) mem 0x8000f000 0x00000001
core   0: 0x8000dd2c (0xff9ff06f) j       pc - 0x8
core   0: 3 0x8000dd2c (0xff9ff06f)
core   0: 0x8000dd24 (0x00001f17) auipc   t5, 0x1
core   0: 3 0x8000dd24 (0x00001f17) x30 0x8000ed24
core   0: 0x8000dd28 (0x2c3f2e23) sw      gp, 732(t5)
core   0: 3 0x8000dd28 (0x2c3f2e23) mem 0x8000f000 0x00000001
core   0: 0x8000dd2c (0xff9ff06f) j       pc - 0x8
core   0: 3 0x8000dd2c (0xff9ff06f)
core   0: 0x8000dd24 (0x00001f17) auipc   t5, 0x1
core   0: 3 0x8000dd24 (0x00001f17) x30 0x8000ed24
core   0: 0x8000dd28 (0x2c3f2e23) sw      gp, 732(t5)
core   0: 3 0x8000dd28 (0x2c3f2e23) mem 0x8000f000 0x00000001
core   0: 0x8000dd2c (0xff9ff06f) j       pc - 0x8
core   0: 3 0x8000dd2c (0xff9ff06f)
core   0: 0x8000dd24 (0x00001f17) auipc   t5, 0x1
core   0: 3 0x8000dd24 (0x00001f17) x30 0x8000ed24
core   0: 0x8000dd28 (0x2c3f2e23) sw      gp, 732(t5)
core   0: 3 0x8000dd28 (0x2c3f2e23) mem 0x8000f000 0x00000001
core   0: 0x8000dd2c (0xff9ff06f) j       pc - 0x8
core   0: 3 0x8000dd2c (0xff9ff06f)
core   0: 0x8000dd24 (0x00001f17) auipc   t5, 0x1
core   0: 3 0x8000dd24 (0x00001f17) x30 0x8000ed24
core   0: 0x8000dd28 (0x2c3f2e23) sw      gp, 732(t5)
core   0: 3 0x8000dd28 (0x2c3f2e23) mem 0x8000f000 0x00000001
core   0: 0x8000dd2c (0xff9ff06f) j       pc - 0x8
core   0: 3 0x8000dd2c (0xff9ff06f)
core   0: 0x8000dd24 (0x00001f17) auipc   t5, 0x1
core   0: 3 0x8000dd24 (0x00001f17) x30 0x8000ed24
core   0: 0x8000dd28 (0x2c3f2e23) sw      gp, 732(t5)
core   0: 3 0x8000dd28 (0x2c3f2e23) mem 0x8000f000 0x00000001
core   0: 0x8000dd2c (0xff9ff06f) j       pc - 0x8
core   0: 3 0x8000dd2c (0xff9ff06f)
core   0: 0x8000dd24 (0x00001f17) auipc   t5, 0x1
core   0: 3 0x8000dd24 (0x00001f17) x30 0x8000ed24
core   0: 0x8000dd28 (0x2c3f2e23) sw      gp, 732(t5)
core   0: 3 0x8000dd28 (0x2c3f2e23) mem 0x8000f000 0x00000001
core   0: 0x8000dd2c (0xff9ff06f) j       pc - 0x8
core   0: 3 0x8000dd2c (0xff9ff06f)
core   0: 0x8000dd24 (0x00001f17) auipc   t5, 0x1
core   0: 3 0x8000dd24 (0x00001f17) x30 0x8000ed24
core   0: 0x8000dd28 (0x2c3f2e23) sw      gp, 732(t5)
core   0: 3 0x8000dd28 (0x2c3f2e23) mem 0x8000f000 0x00000001
core   0: 0x8000dd2c (0xff9ff06f) j       pc - 0x8
core   0: 3 0x8000dd2c (0xff9ff06f)
core   0: 0x8000dd24 (0x00001f17) auipc   t5, 0x1
core   0: 3 0x8000dd24 (0x00001f17) x30 0x8000ed24
core   0: 0x8000dd28 (0x2c3f2e23) sw      gp, 732(t5)
core   0: 3 0x8000dd28 (0x2c3f2e23) mem 0x8000f000 0x00000001
core   0: 0x8000dd2c (0xff9ff06f) j       pc - 0x8
core   0: 3 0x8000dd2c (0xff9ff06f)
core   0: 0x8000dd24 (0x00001f17) auipc   t5, 0x1
core   0: 3 0x8000dd24 (0x00001f17) x30 0x8000ed24
core   0: 0x8000dd28 (0x2c3f2e23) sw      gp, 732(t5)
core   0: 3 0x8000dd28 (0x2c3f2e23) mem 0x8000f000 0x00000001
core   0: 0x8000dd2c (0xff9ff06f) j       pc - 0x8
core   0: 3 0x8000dd2c (0xff9ff06f)
core   0: 0x8000dd24 (0x00001f17) auipc   t5, 0x1
core   0: 3 0x8000dd24 (0x00001f17) x30 0x8000ed24
core   0: 0x8000dd28 (0x2c3f2e23) sw      gp, 732(t5)
core   0: 3 0x8000dd28 (0x2c3f2e23) mem 0x8000f000 0x00000001
core   0: 0x8000dd2c (0xff9ff06f) j       pc - 0x8
core   0: 3 0x8000dd2c (0xff9ff06f)
core   0: 0x8000dd24 (0x00001f17) auipc   t5, 0x1
core   0: 3 0x8000dd24 (0x00001f17) x30 0x8000ed24
core   0: 0x8000dd28 (0x2c3f2e23) sw      gp, 732(t5)
core   0: 3 0x8000dd28 (0x2c3f2e23) mem 0x8000f000 0x00000001
core   0: 0x8000dd2c (0xff9ff06f) j       pc - 0x8
core   0: 3 0x8000dd2c (0xff9ff06f)
core   0: 0x8000dd24 (0x00001f17) auipc   t5, 0x1
core   0: 3 0x8000dd24 (0x00001f17) x30 0x8000ed24
core   0: 0x8000dd28 (0x2c3f2e23) sw      gp, 732(t5)
core   0: 3 0x8000dd28 (0x2c3f2e23) mem 0x8000f000 0x00000001
core   0: 0x8000dd2c (0xff9ff06f) j       pc - 0x8
core   0: 3 0x8000dd2c (0xff9ff06f)
core   0: 0x8000dd24 (0x00001f17) auipc   t5, 0x1
core   0: 3 0x8000dd24 (0x00001f17) x30 0x8000ed24
core   0: 0x8000dd28 (0x2c3f2e23) sw      gp, 732(t5)
core   0: 3 0x8000dd28 (0x2c3f2e23) mem 0x8000f000 0x00000001
core   0: 0x8000dd2c (0xff9ff06f) j       pc - 0x8
core   0: 3 0x8000dd2c (0xff9ff06f)
core   0: 0x8000dd24 (0x00001f17) auipc   t5, 0x1
core   0: 3 0x8000dd24 (0x00001f17) x30 0x8000ed24
core   0: 0x8000dd28 (0x2c3f2e23) sw      gp, 732(t5)
core   0: 3 0x8000dd28 (0x2c3f2e23) mem 0x8000f000 0x00000001
core   0: 0x8000dd2c (0xff9ff06f) j       pc - 0x8
core   0: 3 0x8000dd2c (0xff9ff06f)
core   0: 0x8000dd24 (0x00001f17) auipc   t5, 0x1
core   0: 3 0x8000dd24 (0x00001f17) x30 0x8000ed24
core   0: 0x8000dd28 (0x2c3f2e23) sw      gp, 732(t5)
core   0: 3 0x8000dd28 (0x2c3f2e23) mem 0x8000f000 0x00000001
core   0: 0x8000dd2c (0xff9ff06f) j       pc - 0x8
core   0: 3 0x8000dd2c (0xff9ff06f)
core   0: 0x8000dd24 (0x00001f17) auipc   t5, 0x1
core   0: 3 0x8000dd24 (0x00001f17) x30 0x8000ed24
core   0: 0x8000dd28 (0x2c3f2e23) sw      gp, 732(t5)
core   0: 3 0x8000dd28 (0x2c3f2e23) mem 0x8000f000 0x00000001
core   0: 0x8000dd2c (0xff9ff06f) j       pc - 0x8
core   0: 3 0x8000dd2c (0xff9ff06f)
core   0: 0x8000dd24 (0x00001f17) auipc   t5, 0x1
core   0: 3 0x8000dd24 (0x00001f17) x30 0x8000ed24
core   0: 0x8000dd28 (0x2c3f2e23) sw      gp, 732(t5)
core   0: 3 0x8000dd28 (0x2c3f2e23) mem 0x8000f000 0x00000001
core   0: 0x8000dd2c (0xff9ff06f) j       pc - 0x8
core   0: 3 0x8000dd2c (0xff9ff06f)
core   0: 0x8000dd24 (0x00001f17) auipc   t5, 0x1
core   0: 3 0x8000dd24 (0x00001f17) x30 0x8000ed24
core   0: 0x8000dd28 (0x2c3f2e23) sw      gp, 732(t5)
core   0: 3 0x8000dd28 (0x2c3f2e23) mem 0x8000f000 0x00000001
core   0: 0x8000dd2c (0xff9ff06f) j       pc - 0x8
core   0: 3 0x8000dd2c (0xff9ff06f)
core   0: 0x8000dd24 (0x00001f17) auipc   t5, 0x1
core   0: 3 0x8000dd24 (0x00001f17) x30 0x8000ed24
core   0: 0x8000dd28 (0x2c3f2e23) sw      gp, 732(t5)
core   0: 3 0x8000dd28 (0x2c3f2e23) mem 0x8000f000 0x00000001
core   0: 0x8000dd2c (0xff9ff06f) j       pc - 0x8
core   0: 3 0x8000dd2c (0xff9ff06f)
core   0: 0x8000dd24 (0x00001f17) auipc   t5, 0x1
core   0: 3 0x8000dd24 (0x00001f17) x30 0x8000ed24
core   0: 0x8000dd28 (0x2c3f2e23) sw      gp, 732(t5)
core   0: 3 0x8000dd28 (0x2c3f2e23) mem 0x8000f000 0x00000001
core   0: 0x8000dd2c (0xff9ff06f) j       pc - 0x8
core   0: 3 0x8000dd2c (0xff9ff06f)
core   0: 0x8000dd24 (0x00001f17) auipc   t5, 0x1
core   0: 3 0x8000dd24 (0x00001f17) x30 0x8000ed24
core   0: 0x8000dd28 (0x2c3f2e23) sw      gp, 732(t5)
core   0: 3 0x8000dd28 (0x2c3f2e23) mem 0x8000f000 0x00000001
core   0: 0x8000dd2c (0xff9ff06f) j       pc - 0x8
core   0: 3 0x8000dd2c (0xff9ff06f)
core   0: 0x8000dd24 (0x00001f17) auipc   t5, 0x1
core   0: 3 0x8000dd24 (0x00001f17) x30 0x8000ed24
core   0: 0x8000dd28 (0x2c3f2e23) sw      gp, 732(t5)
core   0: 3 0x8000dd28 (0x2c3f2e23) mem 0x8000f000 0x00000001
core   0: 0x8000dd2c (0xff9ff06f) j       pc - 0x8
core   0: 3 0x8000dd2c (0xff9ff06f)
core   0: 0x8000dd24 (0x00001f17) auipc   t5, 0x1
core   0: 3 0x8000dd24 (0x00001f17) x30 0x8000ed24
core   0: 0x8000dd28 (0x2c3f2e23) sw      gp, 732(t5)
core   0: 3 0x8000dd28 (0x2c3f2e23) mem 0x8000f000 0x00000001
core   0: 0x8000dd2c (0xff9ff06f) j       pc - 0x8
core   0: 3 0x8000dd2c (0xff9ff06f)
core   0: 0x8000dd24 (0x00001f17) auipc   t5, 0x1
core   0: 3 0x8000dd24 (0x00001f17) x30 0x8000ed24
core   0: 0x8000dd28 (0x2c3f2e23) sw      gp, 732(t5)
core   0: 3 0x8000dd28 (0x2c3f2e23) mem 0x8000f000 0x00000001
core   0: 0x8000dd2c (0xff9ff06f) j       pc - 0x8
core   0: 3 0x8000dd2c (0xff9ff06f)
core   0: 0x8000dd24 (0x00001f17) auipc   t5, 0x1
core   0: 3 0x8000dd24 (0x00001f17) x30 0x8000ed24
core   0: 0x8000dd28 (0x2c3f2e23) sw      gp, 732(t5)
core   0: 3 0x8000dd28 (0x2c3f2e23) mem 0x8000f000 0x00000001
core   0: 0x8000dd2c (0xff9ff06f) j       pc - 0x8
core   0: 3 0x8000dd2c (0xff9ff06f)
core   0: 0x8000dd24 (0x00001f17) auipc   t5, 0x1
core   0: 3 0x8000dd24 (0x00001f17) x30 0x8000ed24
core   0: 0x8000dd28 (0x2c3f2e23) sw      gp, 732(t5)
core   0: 3 0x8000dd28 (0x2c3f2e23) mem 0x8000f000 0x00000001
core   0: 0x8000dd2c (0xff9ff06f) j       pc - 0x8
core   0: 3 0x8000dd2c (0xff9ff06f)
core   0: 0x8000dd24 (0x00001f17) auipc   t5, 0x1
core   0: 3 0x8000dd24 (0x00001f17) x30 0x8000ed24
core   0: 0x8000dd28 (0x2c3f2e23) sw      gp, 732(t5)
core   0: 3 0x8000dd28 (0x2c3f2e23) mem 0x8000f000 0x00000001
core   0: 0x8000dd2c (0xff9ff06f) j       pc - 0x8
core   0: 3 0x8000dd2c (0xff9ff06f)
core   0: 0x8000dd24 (0x00001f17) auipc   t5, 0x1
core   0: 3 0x8000dd24 (0x00001f17) x30 0x8000ed24
core   0: 0x8000dd28 (0x2c3f2e23) sw      gp, 732(t5)
core   0: 3 0x8000dd28 (0x2c3f2e23) mem 0x8000f000 0x00000001
core   0: 0x8000dd2c (0xff9ff06f) j       pc - 0x8
core   0: 3 0x8000dd2c (0xff9ff06f)
core   0: 0x8000dd24 (0x00001f17) auipc   t5, 0x1
core   0: 3 0x8000dd24 (0x00001f17) x30 0x8000ed24
core   0: 0x8000dd28 (0x2c3f2e23) sw      gp, 732(t5)
core   0: 3 0x8000dd28 (0x2c3f2e23) mem 0x8000f000 0x00000001
core   0: 0x8000dd2c (0xff9ff06f) j       pc - 0x8
core   0: 3 0x8000dd2c (0xff9ff06f)
core   0: 0x8000dd24 (0x00001f17) auipc   t5, 0x1
core   0: 3 0x8000dd24 (0x00001f17) x30 0x8000ed24
core   0: 0x8000dd28 (0x2c3f2e23) sw      gp, 732(t5)
core   0: 3 0x8000dd28 (0x2c3f2e23) mem 0x8000f000 0x00000001
core   0: 0x8000dd2c (0xff9ff06f) j       pc - 0x8
core   0: 3 0x8000dd2c (0xff9ff06f)
core   0: 0x8000dd24 (0x00001f17) auipc   t5, 0x1
core   0: 3 0x8000dd24 (0x00001f17) x30 0x8000ed24
core   0: 0x8000dd28 (0x2c3f2e23) sw      gp, 732(t5)
core   0: 3 0x8000dd28 (0x2c3f2e23) mem 0x8000f000 0x00000001
core   0: 0x8000dd2c (0xff9ff06f) j       pc - 0x8
core   0: 3 0x8000dd2c (0xff9ff06f)
core   0: 0x8000dd24 (0x00001f17) auipc   t5, 0x1
core   0: 3 0x8000dd24 (0x00001f17) x30 0x8000ed24
core   0: 0x8000dd28 (0x2c3f2e23) sw      gp, 732(t5)
core   0: 3 0x8000dd28 (0x2c3f2e23) mem 0x8000f000 0x00000001
core   0: 0x8000dd2c (0xff9ff06f) j       pc - 0x8
core   0: 3 0x8000dd2c (0xff9ff06f)
core   0: 0x8000dd24 (0x00001f17) auipc   t5, 0x1
core   0: 3 0x8000dd24 (0x00001f17) x30 0x8000ed24
core   0: 0x8000dd28 (0x2c3f2e23) sw      gp, 732(t5)
core   0: 3 0x8000dd28 (0x2c3f2e23) mem 0x8000f000 0x00000001
core   0: 0x8000dd2c (0xff9ff06f) j       pc - 0x8
core   0: 3 0x8000dd2c (0xff9ff06f)
core   0: 0x8000dd24 (0x00001f17) auipc   t5, 0x1
core   0: 3 0x8000dd24 (0x00001f17) x30 0x8000ed24
core   0: 0x8000dd28 (0x2c3f2e23) sw      gp, 732(t5)
core   0: 3 0x8000dd28 (0x2c3f2e23) mem 0x8000f000 0x00000001
core   0: 0x8000dd2c (0xff9ff06f) j       pc - 0x8
core   0: 3 0x8000dd2c (0xff9ff06f)
core   0: 0x8000dd24 (0x00001f17) auipc   t5, 0x1
core   0: 3 0x8000dd24 (0x00001f17) x30 0x8000ed24
core   0: 0x8000dd28 (0x2c3f2e23) sw      gp, 732(t5)
core   0: 3 0x8000dd28 (0x2c3f2e23) mem 0x8000f000 0x00000001
core   0: 0x8000dd2c (0xff9ff06f) j       pc - 0x8
core   0: 3 0x8000dd2c (0xff9ff06f)
core   0: 0x8000dd24 (0x00001f17) auipc   t5, 0x1
core   0: 3 0x8000dd24 (0x00001f17) x30 0x8000ed24
core   0: 0x8000dd28 (0x2c3f2e23) sw      gp, 732(t5)
core   0: 3 0x8000dd28 (0x2c3f2e23) mem 0x8000f000 0x00000001
core   0: 0x8000dd2c (0xff9ff06f) j       pc - 0x8
core   0: 3 0x8000dd2c (0xff9ff06f)
core   0: 0x8000dd24 (0x00001f17) auipc   t5, 0x1
core   0: 3 0x8000dd24 (0x00001f17) x30 0x8000ed24
core   0: 0x8000dd28 (0x2c3f2e23) sw      gp, 732(t5)
core   0: 3 0x8000dd28 (0x2c3f2e23) mem 0x8000f000 0x00000001
core   0: 0x8000dd2c (0xff9ff06f) j       pc - 0x8
core   0: 3 0x8000dd2c (0xff9ff06f)
core   0: 0x8000dd24 (0x00001f17) auipc   t5, 0x1
core   0: 3 0x8000dd24 (0x00001f17) x30 0x8000ed24
core   0: 0x8000dd28 (0x2c3f2e23) sw      gp, 732(t5)
core   0: 3 0x8000dd28 (0x2c3f2e23) mem 0x8000f000 0x00000001
core   0: 0x8000dd2c (0xff9ff06f) j       pc - 0x8
core   0: 3 0x8000dd2c (0xff9ff06f)
core   0: 0x8000dd24 (0x00001f17) auipc   t5, 0x1
core   0: 3 0x8000dd24 (0x00001f17) x30 0x8000ed24
core   0: 0x8000dd28 (0x2c3f2e23) sw      gp, 732(t5)
core   0: 3 0x8000dd28 (0x2c3f2e23) mem 0x8000f000 0x00000001
core   0: 0x8000dd2c (0xff9ff06f) j       pc - 0x8
core   0: 3 0x8000dd2c (0xff9ff06f)
core   0: 0x8000dd24 (0x00001f17) auipc   t5, 0x1
core   0: 3 0x8000dd24 (0x00001f17) x30 0x8000ed24
core   0: 0x8000dd28 (0x2c3f2e23) sw      gp, 732(t5)
core   0: 3 0x8000dd28 (0x2c3f2e23) mem 0x8000f000 0x00000001
core   0: 0x8000dd2c (0xff9ff06f) j       pc - 0x8
core   0: 3 0x8000dd2c (0xff9ff06f)
core   0: 0x8000dd24 (0x00001f17) auipc   t5, 0x1
core   0: 3 0x8000dd24 (0x00001f17) x30 0x8000ed24
core   0: 0x8000dd28 (0x2c3f2e23) sw      gp, 732(t5)
core   0: 3 0x8000dd28 (0x2c3f2e23) mem 0x8000f000 0x00000001
core   0: 0x8000dd2c (0xff9ff06f) j       pc - 0x8
core   0: 3 0x8000dd2c (0xff9ff06f)
core   0: 0x8000dd24 (0x00001f17) auipc   t5, 0x1
core   0: 3 0x8000dd24 (0x00001f17) x30 0x8000ed24
core   0: 0x8000dd28 (0x2c3f2e23) sw      gp, 732(t5)
core   0: 3 0x8000dd28 (0x2c3f2e23) mem 0x8000f000 0x00000001
core   0: 0x8000dd2c (0xff9ff06f) j       pc - 0x8
core   0: 3 0x8000dd2c (0xff9ff06f)
core   0: 0x8000dd24 (0x00001f17) auipc   t5, 0x1
core   0: 3 0x8000dd24 (0x00001f17) x30 0x8000ed24
core   0: 0x8000dd28 (0x2c3f2e23) sw      gp, 732(t5)
core   0: 3 0x8000dd28 (0x2c3f2e23) mem 0x8000f000 0x00000001
core   0: 0x8000dd2c (0xff9ff06f) j       pc - 0x8
core   0: 3 0x8000dd2c (0xff9ff06f)
core   0: 0x8000dd24 (0x00001f17) auipc   t5, 0x1
core   0: 3 0x8000dd24 (0x00001f17) x30 0x8000ed24
core   0: 0x8000dd28 (0x2c3f2e23) sw      gp, 732(t5)
core   0: 3 0x8000dd28 (0x2c3f2e23) mem 0x8000f000 0x00000001
core   0: 0x8000dd2c (0xff9ff06f) j       pc - 0x8
core   0: 3 0x8000dd2c (0xff9ff06f)
core   0: 0x8000dd24 (0x00001f17) auipc   t5, 0x1
core   0: 3 0x8000dd24 (0x00001f17) x30 0x8000ed24
core   0: 0x8000dd28 (0x2c3f2e23) sw      gp, 732(t5)
core   0: 3 0x8000dd28 (0x2c3f2e23) mem 0x8000f000 0x00000001
core   0: 0x8000dd2c (0xff9ff06f) j       pc - 0x8
core   0: 3 0x8000dd2c (0xff9ff06f)
core   0: 0x8000dd24 (0x00001f17) auipc   t5, 0x1
core   0: 3 0x8000dd24 (0x00001f17) x30 0x8000ed24
core   0: 0x8000dd28 (0x2c3f2e23) sw      gp, 732(t5)
core   0: 3 0x8000dd28 (0x2c3f2e23) mem 0x8000f000 0x00000001
core   0: 0x8000dd2c (0xff9ff06f) j       pc - 0x8
core   0: 3 0x8000dd2c (0xff9ff06f)
core   0: 0x8000dd24 (0x00001f17) auipc   t5, 0x1
core   0: 3 0x8000dd24 (0x00001f17) x30 0x8000ed24
core   0: 0x8000dd28 (0x2c3f2e23) sw      gp, 732(t5)
core   0: 3 0x8000dd28 (0x2c3f2e23) mem 0x8000f000 0x00000001
core   0: 0x8000dd2c (0xff9ff06f) j       pc - 0x8
core   0: 3 0x8000dd2c (0xff9ff06f)
core   0: 0x8000dd24 (0x00001f17) auipc   t5, 0x1
core   0: 3 0x8000dd24 (0x00001f17) x30 0x8000ed24
core   0: 0x8000dd28 (0x2c3f2e23) sw      gp, 732(t5)
core   0: 3 0x8000dd28 (0x2c3f2e23) mem 0x8000f000 0x00000001
core   0: 0x8000dd2c (0xff9ff06f) j       pc - 0x8
core   0: 3 0x8000dd2c (0xff9ff06f)
core   0: 0x8000dd24 (0x00001f17) auipc   t5, 0x1
core   0: 3 0x8000dd24 (0x00001f17) x30 0x8000ed24
core   0: 0x8000dd28 (0x2c3f2e23) sw      gp, 732(t5)
core   0: 3 0x8000dd28 (0x2c3f2e23) mem 0x8000f000 0x00000001
core   0: 0x8000dd2c (0xff9ff06f) j       pc - 0x8
core   0: 3 0x8000dd2c (0xff9ff06f)
core   0: 0x8000dd24 (0x00001f17) auipc   t5, 0x1
core   0: 3 0x8000dd24 (0x00001f17) x30 0x8000ed24
core   0: 0x8000dd28 (0x2c3f2e23) sw      gp, 732(t5)
core   0: 3 0x8000dd28 (0x2c3f2e23) mem 0x8000f000 0x00000001
core   0: 0x8000dd2c (0xff9ff06f) j       pc - 0x8
core   0: 3 0x8000dd2c (0xff9ff06f)
core   0: 0x8000dd24 (0x00001f17) auipc   t5, 0x1
core   0: 3 0x8000dd24 (0x00001f17) x30 0x8000ed24
core   0: 0x8000dd28 (0x2c3f2e23) sw      gp, 732(t5)
core   0: 3 0x8000dd28 (0x2c3f2e23) mem 0x8000f000 0x00000001
core   0: 0x8000dd2c (0xff9ff06f) j       pc - 0x8
core   0: 3 0x8000dd2c (0xff9ff06f)
core   0: 0x8000dd24 (0x00001f17) auipc   t5, 0x1
core   0: 3 0x8000dd24 (0x00001f17) x30 0x8000ed24
core   0: 0x8000dd28 (0x2c3f2e23) sw      gp, 732(t5)
core   0: 3 0x8000dd28 (0x2c3f2e23) mem 0x8000f000 0x00000001
core   0: 0x8000dd2c (0xff9ff06f) j       pc - 0x8
core   0: 3 0x8000dd2c (0xff9ff06f)
core   0: 0x8000dd24 (0x00001f17) auipc   t5, 0x1
core   0: 3 0x8000dd24 (0x00001f17) x30 0x8000ed24
core   0: 0x8000dd28 (0x2c3f2e23) sw      gp, 732(t5)
core   0: 3 0x8000dd28 (0x2c3f2e23) mem 0x8000f000 0x00000001
core   0: 0x8000dd2c (0xff9ff06f) j       pc - 0x8
core   0: 3 0x8000dd2c (0xff9ff06f)
core   0: 0x8000dd24 (0x00001f17) auipc   t5, 0x1
core   0: 3 0x8000dd24 (0x00001f17) x30 0x8000ed24
core   0: 0x8000dd28 (0x2c3f2e23) sw      gp, 732(t5)
core   0: 3 0x8000dd28 (0x2c3f2e23) mem 0x8000f000 0x00000001
core   0: 0x8000dd2c (0xff9ff06f) j       pc - 0x8
core   0: 3 0x8000dd2c (0xff9ff06f)
core   0: 0x8000dd24 (0x00001f17) auipc   t5, 0x1
core   0: 3 0x8000dd24 (0x00001f17) x30 0x8000ed24
core   0: 0x8000dd28 (0x2c3f2e23) sw      gp, 732(t5)
core   0: 3 0x8000dd28 (0x2c3f2e23) mem 0x8000f000 0x00000001
core   0: 0x8000dd2c (0xff9ff06f) j       pc - 0x8
core   0: 3 0x8000dd2c (0xff9ff06f)
core   0: 0x8000dd24 (0x00001f17) auipc   t5, 0x1
core   0: 3 0x8000dd24 (0x00001f17) x30 0x8000ed24
core   0: 0x8000dd28 (0x2c3f2e23) sw      gp, 732(t5)
core   0: 3 0x8000dd28 (0x2c3f2e23) mem 0x8000f000 0x00000001
core   0: 0x8000dd2c (0xff9ff06f) j       pc - 0x8
core   0: 3 0x8000dd2c (0xff9ff06f)
core   0: 0x8000dd24 (0x00001f17) auipc   t5, 0x1
core   0: 3 0x8000dd24 (0x00001f17) x30 0x8000ed24
core   0: 0x8000dd28 (0x2c3f2e23) sw      gp, 732(t5)
core   0: 3 0x8000dd28 (0x2c3f2e23) mem 0x8000f000 0x00000001
core   0: 0x8000dd2c (0xff9ff06f) j       pc - 0x8
core   0: 3 0x8000dd2c (0xff9ff06f)
core   0: 0x8000dd24 (0x00001f17) auipc   t5, 0x1
core   0: 3 0x8000dd24 (0x00001f17) x30 0x8000ed24
core   0: 0x8000dd28 (0x2c3f2e23) sw      gp, 732(t5)
core   0: 3 0x8000dd28 (0x2c3f2e23) mem 0x8000f000 0x00000001
core   0: 0x8000dd2c (0xff9ff06f) j       pc - 0x8
core   0: 3 0x8000dd2c (0xff9ff06f)
core   0: 0x8000dd24 (0x00001f17) auipc   t5, 0x1
core   0: 3 0x8000dd24 (0x00001f17) x30 0x8000ed24
core   0: 0x8000dd28 (0x2c3f2e23) sw      gp, 732(t5)
core   0: 3 0x8000dd28 (0x2c3f2e23) mem 0x8000f000 0x00000001
core   0: 0x8000dd2c (0xff9ff06f) j       pc - 0x8
core   0: 3 0x8000dd2c (0xff9ff06f)
core   0: 0x8000dd24 (0x00001f17) auipc   t5, 0x1
core   0: 3 0x8000dd24 (0x00001f17) x30 0x8000ed24
core   0: 0x8000dd28 (0x2c3f2e23) sw      gp, 732(t5)
core   0: 3 0x8000dd28 (0x2c3f2e23) mem 0x8000f000 0x00000001
core   0: 0x8000dd2c (0xff9ff06f) j       pc - 0x8
core   0: 3 0x8000dd2c (0xff9ff06f)
core   0: 0x8000dd24 (0x00001f17) auipc   t5, 0x1
core   0: 3 0x8000dd24 (0x00001f17) x30 0x8000ed24
core   0: 0x8000dd28 (0x2c3f2e23) sw      gp, 732(t5)
core   0: 3 0x8000dd28 (0x2c3f2e23) mem 0x8000f000 0x00000001
core   0: 0x8000dd2c (0xff9ff06f) j       pc - 0x8
core   0: 3 0x8000dd2c (0xff9ff06f)
core   0: 0x8000dd24 (0x00001f17) auipc   t5, 0x1
core   0: 3 0x8000dd24 (0x00001f17) x30 0x8000ed24
core   0: 0x8000dd28 (0x2c3f2e23) sw      gp, 732(t5)
core   0: 3 0x8000dd28 (0x2c3f2e23) mem 0x8000f000 0x00000001
core   0: 0x8000dd2c (0xff9ff06f) j       pc - 0x8
core   0: 3 0x8000dd2c (0xff9ff06f)
core   0: 0x8000dd24 (0x00001f17) auipc   t5, 0x1
core   0: 3 0x8000dd24 (0x00001f17) x30 0x8000ed24
core   0: 0x8000dd28 (0x2c3f2e23) sw      gp, 732(t5)
core   0: 3 0x8000dd28 (0x2c3f2e23) mem 0x8000f000 0x00000001
core   0: 0x8000dd2c (0xff9ff06f) j       pc - 0x8
core   0: 3 0x8000dd2c (0xff9ff06f)
core   0: 0x8000dd24 (0x00001f17) auipc   t5, 0x1
core   0: 3 0x8000dd24 (0x00001f17) x30 0x8000ed24
core   0: 0x8000dd28 (0x2c3f2e23) sw      gp, 732(t5)
core   0: 3 0x8000dd28 (0x2c3f2e23) mem 0x8000f000 0x00000001
core   0: 0x8000dd2c (0xff9ff06f) j       pc - 0x8
core   0: 3 0x8000dd2c (0xff9ff06f)
core   0: 0x8000dd24 (0x00001f17) auipc   t5, 0x1
core   0: 3 0x8000dd24 (0x00001f17) x30 0x8000ed24
core   0: 0x8000dd28 (0x2c3f2e23) sw      gp, 732(t5)
core   0: 3 0x8000dd28 (0x2c3f2e23) mem 0x8000f000 0x00000001
core   0: 0x8000dd2c (0xff9ff06f) j       pc - 0x8
core   0: 3 0x8000dd2c (0xff9ff06f)
core   0: 0x8000dd24 (0x00001f17) auipc   t5, 0x1
core   0: 3 0x8000dd24 (0x00001f17) x30 0x8000ed24
core   0: 0x8000dd28 (0x2c3f2e23) sw      gp, 732(t5)
core   0: 3 0x8000dd28 (0x2c3f2e23) mem 0x8000f000 0x00000001
core   0: 0x8000dd2c (0xff9ff06f) j       pc - 0x8
core   0: 3 0x8000dd2c (0xff9ff06f)
core   0: 0x8000dd24 (0x00001f17) auipc   t5, 0x1
core   0: 3 0x8000dd24 (0x00001f17) x30 0x8000ed24
core   0: 0x8000dd28 (0x2c3f2e23) sw      gp, 732(t5)
core   0: 3 0x8000dd28 (0x2c3f2e23) mem 0x8000f000 0x00000001
core   0: 0x8000dd2c (0xff9ff06f) j       pc - 0x8
core   0: 3 0x8000dd2c (0xff9ff06f)
core   0: 0x8000dd24 (0x00001f17) auipc   t5, 0x1
core   0: 3 0x8000dd24 (0x00001f17) x30 0x8000ed24
core   0: 0x8000dd28 (0x2c3f2e23) sw      gp, 732(t5)
core   0: 3 0x8000dd28 (0x2c3f2e23) mem 0x8000f000 0x00000001
core   0: 0x8000dd2c (0xff9ff06f) j       pc - 0x8
core   0: 3 0x8000dd2c (0xff9ff06f)
core   0: 0x8000dd24 (0x00001f17) auipc   t5, 0x1
core   0: 3 0x8000dd24 (0x00001f17) x30 0x8000ed24
core   0: 0x8000dd28 (0x2c3f2e23) sw      gp, 732(t5)
core   0: 3 0x8000dd28 (0x2c3f2e23) mem 0x8000f000 0x00000001
core   0: 0x8000dd2c (0xff9ff06f) j       pc - 0x8
core   0: 3 0x8000dd2c (0xff9ff06f)
core   0: 0x8000dd24 (0x00001f17) auipc   t5, 0x1
core   0: 3 0x8000dd24 (0x00001f17) x30 0x8000ed24
core   0: 0x8000dd28 (0x2c3f2e23) sw      gp, 732(t5)
core   0: 3 0x8000dd28 (0x2c3f2e23) mem 0x8000f000 0x00000001
core   0: 0x8000dd2c (0xff9ff06f) j       pc - 0x8
core   0: 3 0x8000dd2c (0xff9ff06f)
core   0: 0x8000dd24 (0x00001f17) auipc   t5, 0x1
core   0: 3 0x8000dd24 (0x00001f17) x30 0x8000ed24
core   0: 0x8000dd28 (0x2c3f2e23) sw      gp, 732(t5)
core   0: 3 0x8000dd28 (0x2c3f2e23) mem 0x8000f000 0x00000001
core   0: 0x8000dd2c (0xff9ff06f) j       pc - 0x8
core   0: 3 0x8000dd2c (0xff9ff06f)
core   0: 0x8000dd24 (0x00001f17) auipc   t5, 0x1
core   0: 3 0x8000dd24 (0x00001f17) x30 0x8000ed24
core   0: 0x8000dd28 (0x2c3f2e23) sw      gp, 732(t5)
core   0: 3 0x8000dd28 (0x2c3f2e23) mem 0x8000f000 0x00000001
core   0: 0x8000dd2c (0xff9ff06f) j       pc - 0x8
core   0: 3 0x8000dd2c (0xff9ff06f)
core   0: 0x8000dd24 (0x00001f17) auipc   t5, 0x1
core   0: 3 0x8000dd24 (0x00001f17) x30 0x8000ed24
core   0: 0x8000dd28 (0x2c3f2e23) sw      gp, 732(t5)
core   0: 3 0x8000dd28 (0x2c3f2e23) mem 0x8000f000 0x00000001
core   0: 0x8000dd2c (0xff9ff06f) j       pc - 0x8
core   0: 3 0x8000dd2c (0xff9ff06f)
core   0: 0x8000dd24 (0x00001f17) auipc   t5, 0x1
core   0: 3 0x8000dd24 (0x00001f17) x30 0x8000ed24
core   0: 0x8000dd28 (0x2c3f2e23) sw      gp, 732(t5)
core   0: 3 0x8000dd28 (0x2c3f2e23) mem 0x8000f000 0x00000001
core   0: 0x8000dd2c (0xff9ff06f) j       pc - 0x8
core   0: 3 0x8000dd2c (0xff9ff06f)
core   0: 0x8000dd24 (0x00001f17) auipc   t5, 0x1
core   0: 3 0x8000dd24 (0x00001f17) x30 0x8000ed24
core   0: 0x8000dd28 (0x2c3f2e23) sw      gp, 732(t5)
core   0: 3 0x8000dd28 (0x2c3f2e23) mem 0x8000f000 0x00000001
core   0: 0x8000dd2c (0xff9ff06f) j       pc - 0x8
core   0: 3 0x8000dd2c (0xff9ff06f)
core   0: 0x8000dd24 (0x00001f17) auipc   t5, 0x1
core   0: 3 0x8000dd24 (0x00001f17) x30 0x8000ed24
core   0: 0x8000dd28 (0x2c3f2e23) sw      gp, 732(t5)
core   0: 3 0x8000dd28 (0x2c3f2e23) mem 0x8000f000 0x00000001
core   0: 0x8000dd2c (0xff9ff06f) j       pc - 0x8
core   0: 3 0x8000dd2c (0xff9ff06f)
core   0: 0x8000dd24 (0x00001f17) auipc   t5, 0x1
core   0: 3 0x8000dd24 (0x00001f17) x30 0x8000ed24
core   0: 0x8000dd28 (0x2c3f2e23) sw      gp, 732(t5)
core   0: 3 0x8000dd28 (0x2c3f2e23) mem 0x8000f000 0x00000001
core   0: 0x8000dd2c (0xff9ff06f) j       pc - 0x8
core   0: 3 0x8000dd2c (0xff9ff06f)
core   0: 0x8000dd24 (0x00001f17) auipc   t5, 0x1
core   0: 3 0x8000dd24 (0x00001f17) x30 0x8000ed24
core   0: 0x8000dd28 (0x2c3f2e23) sw      gp, 732(t5)
core   0: 3 0x8000dd28 (0x2c3f2e23) mem 0x8000f000 0x00000001
core   0: 0x8000dd2c (0xff9ff06f) j       pc - 0x8
core   0: 3 0x8000dd2c (0xff9ff06f)
core   0: 0x8000dd24 (0x00001f17) auipc   t5, 0x1
core   0: 3 0x8000dd24 (0x00001f17) x30 0x8000ed24
core   0: 0x8000dd28 (0x2c3f2e23) sw      gp, 732(t5)
core   0: 3 0x8000dd28 (0x2c3f2e23) mem 0x8000f000 0x00000001
core   0: 0x8000dd2c (0xff9ff06f) j       pc - 0x8
core   0: 3 0x8000dd2c (0xff9ff06f)
core   0: 0x8000dd24 (0x00001f17) auipc   t5, 0x1
core   0: 3 0x8000dd24 (0x00001f17) x30 0x8000ed24
core   0: 0x8000dd28 (0x2c3f2e23) sw      gp, 732(t5)
core   0: 3 0x8000dd28 (0x2c3f2e23) mem 0x8000f000 0x00000001
core   0: 0x8000dd2c (0xff9ff06f) j       pc - 0x8
core   0: 3 0x8000dd2c (0xff9ff06f)
core   0: 0x8000dd24 (0x00001f17) auipc   t5, 0x1
core   0: 3 0x8000dd24 (0x00001f17) x30 0x8000ed24
core   0: 0x8000dd28 (0x2c3f2e23) sw      gp, 732(t5)
core   0: 3 0x8000dd28 (0x2c3f2e23) mem 0x8000f000 0x00000001
core   0: 0x8000dd2c (0xff9ff06f) j       pc - 0x8
core   0: 3 0x8000dd2c (0xff9ff06f)
core   0: 0x8000dd24 (0x00001f17) auipc   t5, 0x1
core   0: 3 0x8000dd24 (0x00001f17) x30 0x8000ed24
core   0: 0x8000dd28 (0x2c3f2e23) sw      gp, 732(t5)
core   0: 3 0x8000dd28 (0x2c3f2e23) mem 0x8000f000 0x00000001
core   0: 0x8000dd2c (0xff9ff06f) j       pc - 0x8
core   0: 3 0x8000dd2c (0xff9ff06f)
core   0: 0x8000dd24 (0x00001f17) auipc   t5, 0x1
core   0: 3 0x8000dd24 (0x00001f17) x30 0x8000ed24
core   0: 0x8000dd28 (0x2c3f2e23) sw      gp, 732(t5)
core   0: 3 0x8000dd28 (0x2c3f2e23) mem 0x8000f000 0x00000001
core   0: 0x8000dd2c (0xff9ff06f) j       pc - 0x8
core   0: 3 0x8000dd2c (0xff9ff06f)
core   0: 0x8000dd24 (0x00001f17) auipc   t5, 0x1
core   0: 3 0x8000dd24 (0x00001f17) x30 0x8000ed24
core   0: 0x8000dd28 (0x2c3f2e23) sw      gp, 732(t5)
core   0: 3 0x8000dd28 (0x2c3f2e23) mem 0x8000f000 0x00000001
core   0: 0x8000dd2c (0xff9ff06f) j       pc - 0x8
core   0: 3 0x8000dd2c (0xff9ff06f)
core   0: 0x8000dd24 (0x00001f17) auipc   t5, 0x1
core   0: 3 0x8000dd24 (0x00001f17) x30 0x8000ed24
core   0: 0x8000dd28 (0x2c3f2e23) sw      gp, 732(t5)
core   0: 3 0x8000dd28 (0x2c3f2e23) mem 0x8000f000 0x00000001
core   0: 0x8000dd2c (0xff9ff06f) j       pc - 0x8
core   0: 3 0x8000dd2c (0xff9ff06f)
core   0: 0x8000dd24 (0x00001f17) auipc   t5, 0x1
core   0: 3 0x8000dd24 (0x00001f17) x30 0x8000ed24
core   0: 0x8000dd28 (0x2c3f2e23) sw      gp, 732(t5)
core   0: 3 0x8000dd28 (0x2c3f2e23) mem 0x8000f000 0x00000001
core   0: 0x8000dd2c (0xff9ff06f) j       pc - 0x8
core   0: 3 0x8000dd2c (0xff9ff06f)
core   0: 0x8000dd24 (0x00001f17) auipc   t5, 0x1
core   0: 3 0x8000dd24 (0x00001f17) x30 0x8000ed24
core   0: 0x8000dd28 (0x2c3f2e23) sw      gp, 732(t5)
core   0: 3 0x8000dd28 (0x2c3f2e23) mem 0x8000f000 0x00000001
core   0: 0x8000dd2c (0xff9ff06f) j       pc - 0x8
core   0: 3 0x8000dd2c (0xff9ff06f)
core   0: 0x8000dd24 (0x00001f17) auipc   t5, 0x1
core   0: 3 0x8000dd24 (0x00001f17) x30 0x8000ed24
core   0: 0x8000dd28 (0x2c3f2e23) sw      gp, 732(t5)
core   0: 3 0x8000dd28 (0x2c3f2e23) mem 0x8000f000 0x00000001
core   0: 0x8000dd2c (0xff9ff06f) j       pc - 0x8
core   0: 3 0x8000dd2c (0xff9ff06f)
core   0: 0x8000dd24 (0x00001f17) auipc   t5, 0x1
core   0: 3 0x8000dd24 (0x00001f17) x30 0x8000ed24
core   0: 0x8000dd28 (0x2c3f2e23) sw      gp, 732(t5)
core   0: 3 0x8000dd28 (0x2c3f2e23) mem 0x8000f000 0x00000001
core   0: 0x8000dd2c (0xff9ff06f) j       pc - 0x8
core   0: 3 0x8000dd2c (0xff9ff06f)
core   0: 0x8000dd24 (0x00001f17) auipc   t5, 0x1
core   0: 3 0x8000dd24 (0x00001f17) x30 0x8000ed24
core   0: 0x8000dd28 (0x2c3f2e23) sw      gp, 732(t5)
core   0: 3 0x8000dd28 (0x2c3f2e23) mem 0x8000f000 0x00000001
core   0: 0x8000dd2c (0xff9ff06f) j       pc - 0x8
core   0: 3 0x8000dd2c (0xff9ff06f)
core   0: 0x8000dd24 (0x00001f17) auipc   t5, 0x1
core   0: 3 0x8000dd24 (0x00001f17) x30 0x8000ed24
core   0: 0x8000dd28 (0x2c3f2e23) sw      gp, 732(t5)
core   0: 3 0x8000dd28 (0x2c3f2e23) mem 0x8000f000 0x00000001
core   0: 0x8000dd2c (0xff9ff06f) j       pc - 0x8
core   0: 3 0x8000dd2c (0xff9ff06f)
core   0: 0x8000dd24 (0x00001f17) auipc   t5, 0x1
core   0: 3 0x8000dd24 (0x00001f17) x30 0x8000ed24
core   0: 0x8000dd28 (0x2c3f2e23) sw      gp, 732(t5)
core   0: 3 0x8000dd28 (0x2c3f2e23) mem 0x8000f000 0x00000001
core   0: 0x8000dd2c (0xff9ff06f) j       pc - 0x8
core   0: 3 0x8000dd2c (0xff9ff06f)
core   0: 0x8000dd24 (0x00001f17) auipc   t5, 0x1
core   0: 3 0x8000dd24 (0x00001f17) x30 0x8000ed24
core   0: 0x8000dd28 (0x2c3f2e23) sw      gp, 732(t5)
core   0: 3 0x8000dd28 (0x2c3f2e23) mem 0x8000f000 0x00000001
core   0: 0x8000dd2c (0xff9ff06f) j       pc - 0x8
core   0: 3 0x8000dd2c (0xff9ff06f)
core   0: 0x8000dd24 (0x00001f17) auipc   t5, 0x1
core   0: 3 0x8000dd24 (0x00001f17) x30 0x8000ed24
core   0: 0x8000dd28 (0x2c3f2e23) sw      gp, 732(t5)
core   0: 3 0x8000dd28 (0x2c3f2e23) mem 0x8000f000 0x00000001
core   0: 0x8000dd2c (0xff9ff06f) j       pc - 0x8
core   0: 3 0x8000dd2c (0xff9ff06f)
core   0: 0x8000dd24 (0x00001f17) auipc   t5, 0x1
core   0: 3 0x8000dd24 (0x00001f17) x30 0x8000ed24
core   0: 0x8000dd28 (0x2c3f2e23) sw      gp, 732(t5)
core   0: 3 0x8000dd28 (0x2c3f2e23) mem 0x8000f000 0x00000001
core   0: 0x8000dd2c (0xff9ff06f) j       pc - 0x8
core   0: 3 0x8000dd2c (0xff9ff06f)
core   0: 0x8000dd24 (0x00001f17) auipc   t5, 0x1
core   0: 3 0x8000dd24 (0x00001f17) x30 0x8000ed24
core   0: 0x8000dd28 (0x2c3f2e23) sw      gp, 732(t5)
core   0: 3 0x8000dd28 (0x2c3f2e23) mem 0x8000f000 0x00000001
core   0: 0x8000dd2c (0xff9ff06f) j       pc - 0x8
core   0: 3 0x8000dd2c (0xff9ff06f)
core   0: 0x8000dd24 (0x00001f17) auipc   t5, 0x1
core   0: 3 0x8000dd24 (0x00001f17) x30 0x8000ed24
core   0: 0x8000dd28 (0x2c3f2e23) sw      gp, 732(t5)
core   0: 3 0x8000dd28 (0x2c3f2e23) mem 0x8000f000 0x00000001
core   0: 0x8000dd2c (0xff9ff06f) j       pc - 0x8
core   0: 3 0x8000dd2c (0xff9ff06f)
core   0: 0x8000dd24 (0x00001f17) auipc   t5, 0x1
core   0: 3 0x8000dd24 (0x00001f17) x30 0x8000ed24
core   0: 0x8000dd28 (0x2c3f2e23) sw      gp, 732(t5)
core   0: 3 0x8000dd28 (0x2c3f2e23) mem 0x8000f000 0x00000001
core   0: 0x8000dd2c (0xff9ff06f) j       pc - 0x8
core   0: 3 0x8000dd2c (0xff9ff06f)
core   0: 0x8000dd24 (0x00001f17) auipc   t5, 0x1
core   0: 3 0x8000dd24 (0x00001f17) x30 0x8000ed24
core   0: 0x8000dd28 (0x2c3f2e23) sw      gp, 732(t5)
core   0: 3 0x8000dd28 (0x2c3f2e23) mem 0x8000f000 0x00000001
core   0: 0x8000dd2c (0xff9ff06f) j       pc - 0x8
core   0: 3 0x8000dd2c (0xff9ff06f)
core   0: 0x8000dd24 (0x00001f17) auipc   t5, 0x1
core   0: 3 0x8000dd24 (0x00001f17) x30 0x8000ed24
core   0: 0x8000dd28 (0x2c3f2e23) sw      gp, 732(t5)
core   0: 3 0x8000dd28 (0x2c3f2e23) mem 0x8000f000 0x00000001
core   0: 0x8000dd2c (0xff9ff06f) j       pc - 0x8
core   0: 3 0x8000dd2c (0xff9ff06f)
core   0: 0x8000dd24 (0x00001f17) auipc   t5, 0x1
core   0: 3 0x8000dd24 (0x00001f17) x30 0x8000ed24
core   0: 0x8000dd28 (0x2c3f2e23) sw      gp, 732(t5)
core   0: 3 0x8000dd28 (0x2c3f2e23) mem 0x8000f000 0x00000001
core   0: 0x8000dd2c (0xff9ff06f) j       pc - 0x8
core   0: 3 0x8000dd2c (0xff9ff06f)
core   0: 0x8000dd24 (0x00001f17) auipc   t5, 0x1
core   0: 3 0x8000dd24 (0x00001f17) x30 0x8000ed24
core   0: 0x8000dd28 (0x2c3f2e23) sw      gp, 732(t5)
core   0: 3 0x8000dd28 (0x2c3f2e23) mem 0x8000f000 0x00000001
core   0: 0x8000dd2c (0xff9ff06f) j       pc - 0x8
core   0: 3 0x8000dd2c (0xff9ff06f)
core   0: 0x8000dd24 (0x00001f17) auipc   t5, 0x1
core   0: 3 0x8000dd24 (0x00001f17) x30 0x8000ed24
core   0: 0x8000dd28 (0x2c3f2e23) sw      gp, 732(t5)
core   0: 3 0x8000dd28 (0x2c3f2e23) mem 0x8000f000 0x00000001
core   0: 0x8000dd2c (0xff9ff06f) j       pc - 0x8
core   0: 3 0x8000dd2c (0xff9ff06f)
core   0: 0x8000dd24 (0x00001f17) auipc   t5, 0x1
core   0: 3 0x8000dd24 (0x00001f17) x30 0x8000ed24
core   0: 0x8000dd28 (0x2c3f2e23) sw      gp, 732(t5)
core   0: 3 0x8000dd28 (0x2c3f2e23) mem 0x8000f000 0x00000001
core   0: 0x8000dd2c (0xff9ff06f) j       pc - 0x8
core   0: 3 0x8000dd2c (0xff9ff06f)
core   0: 0x8000dd24 (0x00001f17) auipc   t5, 0x1
core   0: 3 0x8000dd24 (0x00001f17) x30 0x8000ed24
core   0: 0x8000dd28 (0x2c3f2e23) sw      gp, 732(t5)
core   0: 3 0x8000dd28 (0x2c3f2e23) mem 0x8000f000 0x00000001
core   0: 0x8000dd2c (0xff9ff06f) j       pc - 0x8
core   0: 3 0x8000dd2c (0xff9ff06f)
core   0: 0x8000dd24 (0x00001f17) auipc   t5, 0x1
core   0: 3 0x8000dd24 (0x00001f17) x30 0x8000ed24
core   0: 0x8000dd28 (0x2c3f2e23) sw      gp, 732(t5)
core   0: 3 0x8000dd28 (0x2c3f2e23) mem 0x8000f000 0x00000001
core   0: 0x8000dd2c (0xff9ff06f) j       pc - 0x8
core   0: 3 0x8000dd2c (0xff9ff06f)
core   0: 0x8000dd24 (0x00001f17) auipc   t5, 0x1
core   0: 3 0x8000dd24 (0x00001f17) x30 0x8000ed24
core   0: 0x8000dd28 (0x2c3f2e23) sw      gp, 732(t5)
core   0: 3 0x8000dd28 (0x2c3f2e23) mem 0x8000f000 0x00000001
core   0: 0x8000dd2c (0xff9ff06f) j       pc - 0x8
core   0: 3 0x8000dd2c (0xff9ff06f)
core   0: 0x8000dd24 (0x00001f17) auipc   t5, 0x1
core   0: 3 0x8000dd24 (0x00001f17) x30 0x8000ed24
core   0: 0x8000dd28 (0x2c3f2e23) sw      gp, 732(t5)
core   0: 3 0x8000dd28 (0x2c3f2e23) mem 0x8000f000 0x00000001
core   0: 0x8000dd2c (0xff9ff06f) j       pc - 0x8
core   0: 3 0x8000dd2c (0xff9ff06f)
core   0: 0x8000dd24 (0x00001f17) auipc   t5, 0x1
core   0: 3 0x8000dd24 (0x00001f17) x30 0x8000ed24
core   0: 0x8000dd28 (0x2c3f2e23) sw      gp, 732(t5)
core   0: 3 0x8000dd28 (0x2c3f2e23) mem 0x8000f000 0x00000001
core   0: 0x8000dd2c (0xff9ff06f) j       pc - 0x8
core   0: 3 0x8000dd2c (0xff9ff06f)
core   0: 0x8000dd24 (0x00001f17) auipc   t5, 0x1
core   0: 3 0x8000dd24 (0x00001f17) x30 0x8000ed24
core   0: 0x8000dd28 (0x2c3f2e23) sw      gp, 732(t5)
core   0: 3 0x8000dd28 (0x2c3f2e23) mem 0x8000f000 0x00000001
core   0: 0x8000dd2c (0xff9ff06f) j       pc - 0x8
core   0: 3 0x8000dd2c (0xff9ff06f)
core   0: 0x8000dd24 (0x00001f17) auipc   t5, 0x1
core   0: 3 0x8000dd24 (0x00001f17) x30 0x8000ed24
core   0: 0x8000dd28 (0x2c3f2e23) sw      gp, 732(t5)
core   0: 3 0x8000dd28 (0x2c3f2e23) mem 0x8000f000 0x00000001
core   0: 0x8000dd2c (0xff9ff06f) j       pc - 0x8
core   0: 3 0x8000dd2c (0xff9ff06f)
core   0: 0x8000dd24 (0x00001f17) auipc   t5, 0x1
core   0: 3 0x8000dd24 (0x00001f17) x30 0x8000ed24
core   0: 0x8000dd28 (0x2c3f2e23) sw      gp, 732(t5)
core   0: 3 0x8000dd28 (0x2c3f2e23) mem 0x8000f000 0x00000001
core   0: 0x8000dd2c (0xff9ff06f) j       pc - 0x8
core   0: 3 0x8000dd2c (0xff9ff06f)
core   0: 0x8000dd24 (0x00001f17) auipc   t5, 0x1
core   0: 3 0x8000dd24 (0x00001f17) x30 0x8000ed24
core   0: 0x8000dd28 (0x2c3f2e23) sw      gp, 732(t5)
core   0: 3 0x8000dd28 (0x2c3f2e23) mem 0x8000f000 0x00000001
core   0: 0x8000dd2c (0xff9ff06f) j       pc - 0x8
core   0: 3 0x8000dd2c (0xff9ff06f)
core   0: 0x8000dd24 (0x00001f17) auipc   t5, 0x1
core   0: 3 0x8000dd24 (0x00001f17) x30 0x8000ed24
core   0: 0x8000dd28 (0x2c3f2e23) sw      gp, 732(t5)
core   0: 3 0x8000dd28 (0x2c3f2e23) mem 0x8000f000 0x00000001
core   0: 0x8000dd2c (0xff9ff06f) j       pc - 0x8
core   0: 3 0x8000dd2c (0xff9ff06f)
core   0: 0x8000dd24 (0x00001f17) auipc   t5, 0x1
core   0: 3 0x8000dd24 (0x00001f17) x30 0x8000ed24
core   0: 0x8000dd28 (0x2c3f2e23) sw      gp, 732(t5)
core   0: 3 0x8000dd28 (0x2c3f2e23) mem 0x8000f000 0x00000001
core   0: 0x8000dd2c (0xff9ff06f) j       pc - 0x8
core   0: 3 0x8000dd2c (0xff9ff06f)
core   0: 0x8000dd24 (0x00001f17) auipc   t5, 0x1
core   0: 3 0x8000dd24 (0x00001f17) x30 0x8000ed24
core   0: 0x8000dd28 (0x2c3f2e23) sw      gp, 732(t5)
core   0: 3 0x8000dd28 (0x2c3f2e23) mem 0x8000f000 0x00000001
core   0: 0x8000dd2c (0xff9ff06f) j       pc - 0x8
core   0: 3 0x8000dd2c (0xff9ff06f)
core   0: 0x8000dd24 (0x00001f17) auipc   t5, 0x1
core   0: 3 0x8000dd24 (0x00001f17) x30 0x8000ed24
core   0: 0x8000dd28 (0x2c3f2e23) sw      gp, 732(t5)
core   0: 3 0x8000dd28 (0x2c3f2e23) mem 0x8000f000 0x00000001
core   0: 0x8000dd2c (0xff9ff06f) j       pc - 0x8
core   0: 3 0x8000dd2c (0xff9ff06f)
core   0: 0x8000dd24 (0x00001f17) auipc   t5, 0x1
core   0: 3 0x8000dd24 (0x00001f17) x30 0x8000ed24
core   0: 0x8000dd28 (0x2c3f2e23) sw      gp, 732(t5)
core   0: 3 0x8000dd28 (0x2c3f2e23) mem 0x8000f000 0x00000001
core   0: 0x8000dd2c (0xff9ff06f) j       pc - 0x8
core   0: 3 0x8000dd2c (0xff9ff06f)
core   0: 0x8000dd24 (0x00001f17) auipc   t5, 0x1
core   0: 3 0x8000dd24 (0x00001f17) x30 0x8000ed24
core   0: 0x8000dd28 (0x2c3f2e23) sw      gp, 732(t5)
core   0: 3 0x8000dd28 (0x2c3f2e23) mem 0x8000f000 0x00000001
core   0: 0x8000dd2c (0xff9ff06f) j       pc - 0x8
core   0: 3 0x8000dd2c (0xff9ff06f)
core   0: 0x8000dd24 (0x00001f17) auipc   t5, 0x1
core   0: 3 0x8000dd24 (0x00001f17) x30 0x8000ed24
core   0: 0x8000dd28 (0x2c3f2e23) sw      gp, 732(t5)
core   0: 3 0x8000dd28 (0x2c3f2e23) mem 0x8000f000 0x00000001
core   0: 0x8000dd2c (0xff9ff06f) j       pc - 0x8
core   0: 3 0x8000dd2c (0xff9ff06f)
core   0: 0x8000dd24 (0x00001f17) auipc   t5, 0x1
core   0: 3 0x8000dd24 (0x00001f17) x30 0x8000ed24
core   0: 0x8000dd28 (0x2c3f2e23) sw      gp, 732(t5)
core   0: 3 0x8000dd28 (0x2c3f2e23) mem 0x8000f000 0x00000001
core   0: 0x8000dd2c (0xff9ff06f) j       pc - 0x8
core   0: 3 0x8000dd2c (0xff9ff06f)
core   0: 0x8000dd24 (0x00001f17) auipc   t5, 0x1
core   0: 3 0x8000dd24 (0x00001f17) x30 0x8000ed24
core   0: 0x8000dd28 (0x2c3f2e23) sw      gp, 732(t5)
core   0: 3 0x8000dd28 (0x2c3f2e23) mem 0x8000f000 0x00000001
core   0: 0x8000dd2c (0xff9ff06f) j       pc - 0x8
core   0: 3 0x8000dd2c (0xff9ff06f)
core   0: 0x8000dd24 (0x00001f17) auipc   t5, 0x1
core   0: 3 0x8000dd24 (0x00001f17) x30 0x8000ed24
core   0: 0x8000dd28 (0x2c3f2e23) sw      gp, 732(t5)
core   0: 3 0x8000dd28 (0x2c3f2e23) mem 0x8000f000 0x00000001
core   0: 0x8000dd2c (0xff9ff06f) j       pc - 0x8
core   0: 3 0x8000dd2c (0xff9ff06f)
core   0: 0x8000dd24 (0x00001f17) auipc   t5, 0x1
core   0: 3 0x8000dd24 (0x00001f17) x30 0x8000ed24
core   0: 0x8000dd28 (0x2c3f2e23) sw      gp, 732(t5)
core   0: 3 0x8000dd28 (0x2c3f2e23) mem 0x8000f000 0x00000001
core   0: 0x8000dd2c (0xff9ff06f) j       pc - 0x8
core   0: 3 0x8000dd2c (0xff9ff06f)
core   0: 0x8000dd24 (0x00001f17) auipc   t5, 0x1
core   0: 3 0x8000dd24 (0x00001f17) x30 0x8000ed24
core   0: 0x8000dd28 (0x2c3f2e23) sw      gp, 732(t5)
core   0: 3 0x8000dd28 (0x2c3f2e23) mem 0x8000f000 0x00000001
core   0: 0x8000dd2c (0xff9ff06f) j       pc - 0x8
core   0: 3 0x8000dd2c (0xff9ff06f)
core   0: 0x8000dd24 (0x00001f17) auipc   t5, 0x1
core   0: 3 0x8000dd24 (0x00001f17) x30 0x8000ed24
core   0: 0x8000dd28 (0x2c3f2e23) sw      gp, 732(t5)
core   0: 3 0x8000dd28 (0x2c3f2e23) mem 0x8000f000 0x00000001
core   0: 0x8000dd2c (0xff9ff06f) j       pc - 0x8
core   0: 3 0x8000dd2c (0xff9ff06f)
core   0: 0x8000dd24 (0x00001f17) auipc   t5, 0x1
core   0: 3 0x8000dd24 (0x00001f17) x30 0x8000ed24
core   0: 0x8000dd28 (0x2c3f2e23) sw      gp, 732(t5)
core   0: 3 0x8000dd28 (0x2c3f2e23) mem 0x8000f000 0x00000001
core   0: 0x8000dd2c (0xff9ff06f) j       pc - 0x8
core   0: 3 0x8000dd2c (0xff9ff06f)
core   0: 0x8000dd24 (0x00001f17) auipc   t5, 0x1
core   0: 3 0x8000dd24 (0x00001f17) x30 0x8000ed24
core   0: 0x8000dd28 (0x2c3f2e23) sw      gp, 732(t5)
core   0: 3 0x8000dd28 (0x2c3f2e23) mem 0x8000f000 0x00000001
core   0: 0x8000dd2c (0xff9ff06f) j       pc - 0x8
core   0: 3 0x8000dd2c (0xff9ff06f)
core   0: 0x8000dd24 (0x00001f17) auipc   t5, 0x1
core   0: 3 0x8000dd24 (0x00001f17) x30 0x8000ed24
core   0: 0x8000dd28 (0x2c3f2e23) sw      gp, 732(t5)
core   0: 3 0x8000dd28 (0x2c3f2e23) mem 0x8000f000 0x00000001
core   0: 0x8000dd2c (0xff9ff06f) j       pc - 0x8
core   0: 3 0x8000dd2c (0xff9ff06f)
core   0: 0x8000dd24 (0x00001f17) auipc   t5, 0x1
core   0: 3 0x8000dd24 (0x00001f17) x30 0x8000ed24
core   0: 0x8000dd28 (0x2c3f2e23) sw      gp, 732(t5)
core   0: 3 0x8000dd28 (0x2c3f2e23) mem 0x8000f000 0x00000001
core   0: 0x8000dd2c (0xff9ff06f) j       pc - 0x8
core   0: 3 0x8000dd2c (0xff9ff06f)
core   0: 0x8000dd24 (0x00001f17) auipc   t5, 0x1
core   0: 3 0x8000dd24 (0x00001f17) x30 0x8000ed24
core   0: 0x8000dd28 (0x2c3f2e23) sw      gp, 732(t5)
core   0: 3 0x8000dd28 (0x2c3f2e23) mem 0x8000f000 0x00000001
core   0: 0x8000dd2c (0xff9ff06f) j       pc - 0x8
core   0: 3 0x8000dd2c (0xff9ff06f)
core   0: 0x8000dd24 (0x00001f17) auipc   t5, 0x1
core   0: 3 0x8000dd24 (0x00001f17) x30 0x8000ed24
core   0: 0x8000dd28 (0x2c3f2e23) sw      gp, 732(t5)
core   0: 3 0x8000dd28 (0x2c3f2e23) mem 0x8000f000 0x00000001
core   0: 0x8000dd2c (0xff9ff06f) j       pc - 0x8
core   0: 3 0x8000dd2c (0xff9ff06f)
core   0: 0x8000dd24 (0x00001f17) auipc   t5, 0x1
core   0: 3 0x8000dd24 (0x00001f17) x30 0x8000ed24
core   0: 0x8000dd28 (0x2c3f2e23) sw      gp, 732(t5)
core   0: 3 0x8000dd28 (0x2c3f2e23) mem 0x8000f000 0x00000001
core   0: 0x8000dd2c (0xff9ff06f) j       pc - 0x8
core   0: 3 0x8000dd2c (0xff9ff06f)
core   0: 0x8000dd24 (0x00001f17) auipc   t5, 0x1
core   0: 3 0x8000dd24 (0x00001f17) x30 0x8000ed24
core   0: 0x8000dd28 (0x2c3f2e23) sw      gp, 732(t5)
core   0: 3 0x8000dd28 (0x2c3f2e23) mem 0x8000f000 0x00000001
core   0: 0x8000dd2c (0xff9ff06f) j       pc - 0x8
core   0: 3 0x8000dd2c (0xff9ff06f)
core   0: 0x8000dd24 (0x00001f17) auipc   t5, 0x1
core   0: 3 0x8000dd24 (0x00001f17) x30 0x8000ed24
core   0: 0x8000dd28 (0x2c3f2e23) sw      gp, 732(t5)
core   0: 3 0x8000dd28 (0x2c3f2e23) mem 0x8000f000 0x00000001
core   0: 0x8000dd2c (0xff9ff06f) j       pc - 0x8
core   0: 3 0x8000dd2c (0xff9ff06f)
core   0: 0x8000dd24 (0x00001f17) auipc   t5, 0x1
core   0: 3 0x8000dd24 (0x00001f17) x30 0x8000ed24
core   0: 0x8000dd28 (0x2c3f2e23) sw      gp, 732(t5)
core   0: 3 0x8000dd28 (0x2c3f2e23) mem 0x8000f000 0x00000001
core   0: 0x8000dd2c (0xff9ff06f) j       pc - 0x8
core   0: 3 0x8000dd2c (0xff9ff06f)
core   0: 0x8000dd24 (0x00001f17) auipc   t5, 0x1
core   0: 3 0x8000dd24 (0x00001f17) x30 0x8000ed24
core   0: 0x8000dd28 (0x2c3f2e23) sw      gp, 732(t5)
core   0: 3 0x8000dd28 (0x2c3f2e23) mem 0x8000f000 0x00000001
core   0: 0x8000dd2c (0xff9ff06f) j       pc - 0x8
core   0: 3 0x8000dd2c (0xff9ff06f)
core   0: 0x8000dd24 (0x00001f17) auipc   t5, 0x1
core   0: 3 0x8000dd24 (0x00001f17) x30 0x8000ed24
core   0: 0x8000dd28 (0x2c3f2e23) sw      gp, 732(t5)
core   0: 3 0x8000dd28 (0x2c3f2e23) mem 0x8000f000 0x00000001
core   0: 0x8000dd2c (0xff9ff06f) j       pc - 0x8
core   0: 3 0x8000dd2c (0xff9ff06f)
core   0: 0x8000dd24 (0x00001f17) auipc   t5, 0x1
core   0: 3 0x8000dd24 (0x00001f17) x30 0x8000ed24
core   0: 0x8000dd28 (0x2c3f2e23) sw      gp, 732(t5)
core   0: 3 0x8000dd28 (0x2c3f2e23) mem 0x8000f000 0x00000001
core   0: 0x8000dd2c (0xff9ff06f) j       pc - 0x8
core   0: 3 0x8000dd2c (0xff9ff06f)
core   0: 0x8000dd24 (0x00001f17) auipc   t5, 0x1
core   0: 3 0x8000dd24 (0x00001f17) x30 0x8000ed24
core   0: 0x8000dd28 (0x2c3f2e23) sw      gp, 732(t5)
core   0: 3 0x8000dd28 (0x2c3f2e23) mem 0x8000f000 0x00000001
core   0: 0x8000dd2c (0xff9ff06f) j       pc - 0x8
core   0: 3 0x8000dd2c (0xff9ff06f)
core   0: 0x8000dd24 (0x00001f17) auipc   t5, 0x1
core   0: 3 0x8000dd24 (0x00001f17) x30 0x8000ed24
core   0: 0x8000dd28 (0x2c3f2e23) sw      gp, 732(t5)
core   0: 3 0x8000dd28 (0x2c3f2e23) mem 0x8000f000 0x00000001
core   0: 0x8000dd2c (0xff9ff06f) j       pc - 0x8
core   0: 3 0x8000dd2c (0xff9ff06f)
core   0: 0x8000dd24 (0x00001f17) auipc   t5, 0x1
core   0: 3 0x8000dd24 (0x00001f17) x30 0x8000ed24
core   0: 0x8000dd28 (0x2c3f2e23) sw      gp, 732(t5)
core   0: 3 0x8000dd28 (0x2c3f2e23) mem 0x8000f000 0x00000001
core   0: 0x8000dd2c (0xff9ff06f) j       pc - 0x8
core   0: 3 0x8000dd2c (0xff9ff06f)
core   0: 0x8000dd24 (0x00001f17) auipc   t5, 0x1
core   0: 3 0x8000dd24 (0x00001f17) x30 0x8000ed24
core   0: 0x8000dd28 (0x2c3f2e23) sw      gp, 732(t5)
core   0: 3 0x8000dd28 (0x2c3f2e23) mem 0x8000f000 0x00000001
core   0: 0x8000dd2c (0xff9ff06f) j       pc - 0x8
core   0: 3 0x8000dd2c (0xff9ff06f)
core   0: 0x8000dd24 (0x00001f17) auipc   t5, 0x1
core   0: 3 0x8000dd24 (0x00001f17) x30 0x8000ed24
core   0: 0x8000dd28 (0x2c3f2e23) sw      gp, 732(t5)
core   0: 3 0x8000dd28 (0x2c3f2e23) mem 0x8000f000 0x00000001
core   0: 0x8000dd2c (0xff9ff06f) j       pc - 0x8
core   0: 3 0x8000dd2c (0xff9ff06f)
core   0: 0x8000dd24 (0x00001f17) auipc   t5, 0x1
core   0: 3 0x8000dd24 (0x00001f17) x30 0x8000ed24
core   0: 0x8000dd28 (0x2c3f2e23) sw      gp, 732(t5)
core   0: 3 0x8000dd28 (0x2c3f2e23) mem 0x8000f000 0x00000001
core   0: 0x8000dd2c (0xff9ff06f) j       pc - 0x8
core   0: 3 0x8000dd2c (0xff9ff06f)
core   0: 0x8000dd24 (0x00001f17) auipc   t5, 0x1
core   0: 3 0x8000dd24 (0x00001f17) x30 0x8000ed24
core   0: 0x8000dd28 (0x2c3f2e23) sw      gp, 732(t5)
core   0: 3 0x8000dd28 (0x2c3f2e23) mem 0x8000f000 0x00000001
core   0: 0x8000dd2c (0xff9ff06f) j       pc - 0x8
core   0: 3 0x8000dd2c (0xff9ff06f)
core   0: 0x8000dd24 (0x00001f17) auipc   t5, 0x1
core   0: 3 0x8000dd24 (0x00001f17) x30 0x8000ed24
core   0: 0x8000dd28 (0x2c3f2e23) sw      gp, 732(t5)
core   0: 3 0x8000dd28 (0x2c3f2e23) mem 0x8000f000 0x00000001
core   0: 0x8000dd2c (0xff9ff06f) j       pc - 0x8
core   0: 3 0x8000dd2c (0xff9ff06f)
core   0: 0x8000dd24 (0x00001f17) auipc   t5, 0x1
core   0: 3 0x8000dd24 (0x00001f17) x30 0x8000ed24
core   0: 0x8000dd28 (0x2c3f2e23) sw      gp, 732(t5)
core   0: 3 0x8000dd28 (0x2c3f2e23) mem 0x8000f000 0x00000001
core   0: 0x8000dd2c (0xff9ff06f) j       pc - 0x8
core   0: 3 0x8000dd2c (0xff9ff06f)
core   0: 0x8000dd24 (0x00001f17) auipc   t5, 0x1
core   0: 3 0x8000dd24 (0x00001f17) x30 0x8000ed24
core   0: 0x8000dd28 (0x2c3f2e23) sw      gp, 732(t5)
core   0: 3 0x8000dd28 (0x2c3f2e23) mem 0x8000f000 0x00000001
core   0: 0x8000dd2c (0xff9ff06f) j       pc - 0x8
core   0: 3 0x8000dd2c (0xff9ff06f)
core   0: 0x8000dd24 (0x00001f17) auipc   t5, 0x1
core   0: 3 0x8000dd24 (0x00001f17) x30 0x8000ed24
core   0: 0x8000dd28 (0x2c3f2e23) sw      gp, 732(t5)
core   0: 3 0x8000dd28 (0x2c3f2e23) mem 0x8000f000 0x00000001
core   0: 0x8000dd2c (0xff9ff06f) j       pc - 0x8
core   0: 3 0x8000dd2c (0xff9ff06f)
core   0: 0x8000dd24 (0x00001f17) auipc   t5, 0x1
core   0: 3 0x8000dd24 (0x00001f17) x30 0x8000ed24
core   0: 0x8000dd28 (0x2c3f2e23) sw      gp, 732(t5)
core   0: 3 0x8000dd28 (0x2c3f2e23) mem 0x8000f000 0x00000001
core   0: 0x8000dd2c (0xff9ff06f) j       pc - 0x8
core   0: 3 0x8000dd2c (0xff9ff06f)
core   0: 0x8000dd24 (0x00001f17) auipc   t5, 0x1
core   0: 3 0x8000dd24 (0x00001f17) x30 0x8000ed24
core   0: 0x8000dd28 (0x2c3f2e23) sw      gp, 732(t5)
core   0: 3 0x8000dd28 (0x2c3f2e23) mem 0x8000f000 0x00000001
core   0: 0x8000dd2c (0xff9ff06f) j       pc - 0x8
core   0: 3 0x8000dd2c (0xff9ff06f)
core   0: 0x8000dd24 (0x00001f17) auipc   t5, 0x1
core   0: 3 0x8000dd24 (0x00001f17) x30 0x8000ed24
core   0: 0x8000dd28 (0x2c3f2e23) sw      gp, 732(t5)
core   0: 3 0x8000dd28 (0x2c3f2e23) mem 0x8000f000 0x00000001
core   0: 0x8000dd2c (0xff9ff06f) j       pc - 0x8
core   0: 3 0x8000dd2c (0xff9ff06f)
core   0: 0x8000dd24 (0x00001f17) auipc   t5, 0x1
core   0: 3 0x8000dd24 (0x00001f17) x30 0x8000ed24
core   0: 0x8000dd28 (0x2c3f2e23) sw      gp, 732(t5)
core   0: 3 0x8000dd28 (0x2c3f2e23) mem 0x8000f000 0x00000001
core   0: 0x8000dd2c (0xff9ff06f) j       pc - 0x8
core   0: 3 0x8000dd2c (0xff9ff06f)
core   0: 0x8000dd24 (0x00001f17) auipc   t5, 0x1
core   0: 3 0x8000dd24 (0x00001f17) x30 0x8000ed24
core   0: 0x8000dd28 (0x2c3f2e23) sw      gp, 732(t5)
core   0: 3 0x8000dd28 (0x2c3f2e23) mem 0x8000f000 0x00000001
core   0: 0x8000dd2c (0xff9ff06f) j       pc - 0x8
core   0: 3 0x8000dd2c (0xff9ff06f)
core   0: 0x8000dd24 (0x00001f17) auipc   t5, 0x1
core   0: 3 0x8000dd24 (0x00001f17) x30 0x8000ed24
core   0: 0x8000dd28 (0x2c3f2e23) sw      gp, 732(t5)
core   0: 3 0x8000dd28 (0x2c3f2e23) mem 0x8000f000 0x00000001
core   0: 0x8000dd2c (0xff9ff06f) j       pc - 0x8
core   0: 3 0x8000dd2c (0xff9ff06f)
core   0: 0x8000dd24 (0x00001f17) auipc   t5, 0x1
core   0: 3 0x8000dd24 (0x00001f17) x30 0x8000ed24
core   0: 0x8000dd28 (0x2c3f2e23) sw      gp, 732(t5)
core   0: 3 0x8000dd28 (0x2c3f2e23) mem 0x8000f000 0x00000001
core   0: 0x8000dd2c (0xff9ff06f) j       pc - 0x8
core   0: 3 0x8000dd2c (0xff9ff06f)
core   0: 0x8000dd24 (0x00001f17) auipc   t5, 0x1
core   0: 3 0x8000dd24 (0x00001f17) x30 0x8000ed24
core   0: 0x8000dd28 (0x2c3f2e23) sw      gp, 732(t5)
core   0: 3 0x8000dd28 (0x2c3f2e23) mem 0x8000f000 0x00000001
core   0: 0x8000dd2c (0xff9ff06f) j       pc - 0x8
core   0: 3 0x8000dd2c (0xff9ff06f)
core   0: 0x8000dd24 (0x00001f17) auipc   t5, 0x1
core   0: 3 0x8000dd24 (0x00001f17) x30 0x8000ed24
core   0: 0x8000dd28 (0x2c3f2e23) sw      gp, 732(t5)
core   0: 3 0x8000dd28 (0x2c3f2e23) mem 0x8000f000 0x00000001
core   0: 0x8000dd2c (0xff9ff06f) j       pc - 0x8
core   0: 3 0x8000dd2c (0xff9ff06f)
core   0: 0x8000dd24 (0x00001f17) auipc   t5, 0x1
core   0: 3 0x8000dd24 (0x00001f17) x30 0x8000ed24
core   0: 0x8000dd28 (0x2c3f2e23) sw      gp, 732(t5)
core   0: 3 0x8000dd28 (0x2c3f2e23) mem 0x8000f000 0x00000001
core   0: 0x8000dd2c (0xff9ff06f) j       pc - 0x8
core   0: 3 0x8000dd2c (0xff9ff06f)
core   0: 0x8000dd24 (0x00001f17) auipc   t5, 0x1
core   0: 3 0x8000dd24 (0x00001f17) x30 0x8000ed24
core   0: 0x8000dd28 (0x2c3f2e23) sw      gp, 732(t5)
core   0: 3 0x8000dd28 (0x2c3f2e23) mem 0x8000f000 0x00000001
core   0: 0x8000dd2c (0xff9ff06f) j       pc - 0x8
core   0: 3 0x8000dd2c (0xff9ff06f)
core   0: 0x8000dd24 (0x00001f17) auipc   t5, 0x1
core   0: 3 0x8000dd24 (0x00001f17) x30 0x8000ed24
core   0: 0x8000dd28 (0x2c3f2e23) sw      gp, 732(t5)
core   0: 3 0x8000dd28 (0x2c3f2e23) mem 0x8000f000 0x00000001
core   0: 0x8000dd2c (0xff9ff06f) j       pc - 0x8
core   0: 3 0x8000dd2c (0xff9ff06f)
core   0: 0x8000dd24 (0x00001f17) auipc   t5, 0x1
core   0: 3 0x8000dd24 (0x00001f17) x30 0x8000ed24
core   0: 0x8000dd28 (0x2c3f2e23) sw      gp, 732(t5)
core   0: 3 0x8000dd28 (0x2c3f2e23) mem 0x8000f000 0x00000001
core   0: 0x8000dd2c (0xff9ff06f) j       pc - 0x8
core   0: 3 0x8000dd2c (0xff9ff06f)
core   0: 0x8000dd24 (0x00001f17) auipc   t5, 0x1
core   0: 3 0x8000dd24 (0x00001f17) x30 0x8000ed24
core   0: 0x8000dd28 (0x2c3f2e23) sw      gp, 732(t5)
core   0: 3 0x8000dd28 (0x2c3f2e23) mem 0x8000f000 0x00000001
core   0: 0x8000dd2c (0xff9ff06f) j       pc - 0x8
core   0: 3 0x8000dd2c (0xff9ff06f)
core   0: 0x8000dd24 (0x00001f17) auipc   t5, 0x1
core   0: 3 0x8000dd24 (0x00001f17) x30 0x8000ed24
core   0: 0x8000dd28 (0x2c3f2e23) sw      gp, 732(t5)
core   0: 3 0x8000dd28 (0x2c3f2e23) mem 0x8000f000 0x00000001
core   0: 0x8000dd2c (0xff9ff06f) j       pc - 0x8
core   0: 3 0x8000dd2c (0xff9ff06f)
core   0: 0x8000dd24 (0x00001f17) auipc   t5, 0x1
core   0: 3 0x8000dd24 (0x00001f17) x30 0x8000ed24
core   0: 0x8000dd28 (0x2c3f2e23) sw      gp, 732(t5)
core   0: 3 0x8000dd28 (0x2c3f2e23) mem 0x8000f000 0x00000001
core   0: 0x8000dd2c (0xff9ff06f) j       pc - 0x8
core   0: 3 0x8000dd2c (0xff9ff06f)
core   0: 0x8000dd24 (0x00001f17) auipc   t5, 0x1
core   0: 3 0x8000dd24 (0x00001f17) x30 0x8000ed24
core   0: 0x8000dd28 (0x2c3f2e23) sw      gp, 732(t5)
core   0: 3 0x8000dd28 (0x2c3f2e23) mem 0x8000f000 0x00000001
core   0: 0x8000dd2c (0xff9ff06f) j       pc - 0x8
core   0: 3 0x8000dd2c (0xff9ff06f)
core   0: 0x8000dd24 (0x00001f17) auipc   t5, 0x1
core   0: 3 0x8000dd24 (0x00001f17) x30 0x8000ed24
core   0: 0x8000dd28 (0x2c3f2e23) sw      gp, 732(t5)
core   0: 3 0x8000dd28 (0x2c3f2e23) mem 0x8000f000 0x00000001
core   0: 0x8000dd2c (0xff9ff06f) j       pc - 0x8
core   0: 3 0x8000dd2c (0xff9ff06f)
core   0: 0x8000dd24 (0x00001f17) auipc   t5, 0x1
core   0: 3 0x8000dd24 (0x00001f17) x30 0x8000ed24
core   0: 0x8000dd28 (0x2c3f2e23) sw      gp, 732(t5)
core   0: 3 0x8000dd28 (0x2c3f2e23) mem 0x8000f000 0x00000001
core   0: 0x8000dd2c (0xff9ff06f) j       pc - 0x8
core   0: 3 0x8000dd2c (0xff9ff06f)
core   0: 0x8000dd24 (0x00001f17) auipc   t5, 0x1
core   0: 3 0x8000dd24 (0x00001f17) x30 0x8000ed24
core   0: 0x8000dd28 (0x2c3f2e23) sw      gp, 732(t5)
core   0: 3 0x8000dd28 (0x2c3f2e23) mem 0x8000f000 0x00000001
core   0: 0x8000dd2c (0xff9ff06f) j       pc - 0x8
core   0: 3 0x8000dd2c (0xff9ff06f)
core   0: 0x8000dd24 (0x00001f17) auipc   t5, 0x1
core   0: 3 0x8000dd24 (0x00001f17) x30 0x8000ed24
core   0: 0x8000dd28 (0x2c3f2e23) sw      gp, 732(t5)
core   0: 3 0x8000dd28 (0x2c3f2e23) mem 0x8000f000 0x00000001
core   0: 0x8000dd2c (0xff9ff06f) j       pc - 0x8
core   0: 3 0x8000dd2c (0xff9ff06f)
core   0: 0x8000dd24 (0x00001f17) auipc   t5, 0x1
core   0: 3 0x8000dd24 (0x00001f17) x30 0x8000ed24
core   0: 0x8000dd28 (0x2c3f2e23) sw      gp, 732(t5)
core   0: 3 0x8000dd28 (0x2c3f2e23) mem 0x8000f000 0x00000001
core   0: 0x8000dd2c (0xff9ff06f) j       pc - 0x8
core   0: 3 0x8000dd2c (0xff9ff06f)
core   0: 0x8000dd24 (0x00001f17) auipc   t5, 0x1
core   0: 3 0x8000dd24 (0x00001f17) x30 0x8000ed24
core   0: 0x8000dd28 (0x2c3f2e23) sw      gp, 732(t5)
core   0: 3 0x8000dd28 (0x2c3f2e23) mem 0x8000f000 0x00000001
core   0: 0x8000dd2c (0xff9ff06f) j       pc - 0x8
core   0: 3 0x8000dd2c (0xff9ff06f)
core   0: 0x8000dd24 (0x00001f17) auipc   t5, 0x1
core   0: 3 0x8000dd24 (0x00001f17) x30 0x8000ed24
core   0: 0x8000dd28 (0x2c3f2e23) sw      gp, 732(t5)
core   0: 3 0x8000dd28 (0x2c3f2e23) mem 0x8000f000 0x00000001
core   0: 0x8000dd2c (0xff9ff06f) j       pc - 0x8
core   0: 3 0x8000dd2c (0xff9ff06f)
core   0: 0x8000dd24 (0x00001f17) auipc   t5, 0x1
core   0: 3 0x8000dd24 (0x00001f17) x30 0x8000ed24
core   0: 0x8000dd28 (0x2c3f2e23) sw      gp, 732(t5)
core   0: 3 0x8000dd28 (0x2c3f2e23) mem 0x8000f000 0x00000001
core   0: 0x8000dd2c (0xff9ff06f) j       pc - 0x8
core   0: 3 0x8000dd2c (0xff9ff06f)
core   0: 0x8000dd24 (0x00001f17) auipc   t5, 0x1
core   0: 3 0x8000dd24 (0x00001f17) x30 0x8000ed24
core   0: 0x8000dd28 (0x2c3f2e23) sw      gp, 732(t5)
core   0: 3 0x8000dd28 (0x2c3f2e23) mem 0x8000f000 0x00000001
core   0: 0x8000dd2c (0xff9ff06f) j       pc - 0x8
core   0: 3 0x8000dd2c (0xff9ff06f)
core   0: 0x8000dd24 (0x00001f17) auipc   t5, 0x1
core   0: 3 0x8000dd24 (0x00001f17) x30 0x8000ed24
core   0: 0x8000dd28 (0x2c3f2e23) sw      gp, 732(t5)
core   0: 3 0x8000dd28 (0x2c3f2e23) mem 0x8000f000 0x00000001
core   0: 0x8000dd2c (0xff9ff06f) j       pc - 0x8
core   0: 3 0x8000dd2c (0xff9ff06f)
core   0: 0x8000dd24 (0x00001f17) auipc   t5, 0x1
core   0: 3 0x8000dd24 (0x00001f17) x30 0x8000ed24
core   0: 0x8000dd28 (0x2c3f2e23) sw      gp, 732(t5)
core   0: 3 0x8000dd28 (0x2c3f2e23) mem 0x8000f000 0x00000001
core   0: 0x8000dd2c (0xff9ff06f) j       pc - 0x8
core   0: 3 0x8000dd2c (0xff9ff06f)
core   0: 0x8000dd24 (0x00001f17) auipc   t5, 0x1
core   0: 3 0x8000dd24 (0x00001f17) x30 0x8000ed24
core   0: 0x8000dd28 (0x2c3f2e23) sw      gp, 732(t5)
core   0: 3 0x8000dd28 (0x2c3f2e23) mem 0x8000f000 0x00000001
core   0: 0x8000dd2c (0xff9ff06f) j       pc - 0x8
core   0: 3 0x8000dd2c (0xff9ff06f)
core   0: 0x8000dd24 (0x00001f17) auipc   t5, 0x1
core   0: 3 0x8000dd24 (0x00001f17) x30 0x8000ed24
core   0: 0x8000dd28 (0x2c3f2e23) sw      gp, 732(t5)
core   0: 3 0x8000dd28 (0x2c3f2e23) mem 0x8000f000 0x00000001
core   0: 0x8000dd2c (0xff9ff06f) j       pc - 0x8
core   0: 3 0x8000dd2c (0xff9ff06f)
core   0: 0x8000dd24 (0x00001f17) auipc   t5, 0x1
core   0: 3 0x8000dd24 (0x00001f17) x30 0x8000ed24
core   0: 0x8000dd28 (0x2c3f2e23) sw      gp, 732(t5)
core   0: 3 0x8000dd28 (0x2c3f2e23) mem 0x8000f000 0x00000001
core   0: 0x8000dd2c (0xff9ff06f) j       pc - 0x8
core   0: 3 0x8000dd2c (0xff9ff06f)
core   0: 0x8000dd24 (0x00001f17) auipc   t5, 0x1
core   0: 3 0x8000dd24 (0x00001f17) x30 0x8000ed24
core   0: 0x8000dd28 (0x2c3f2e23) sw      gp, 732(t5)
core   0: 3 0x8000dd28 (0x2c3f2e23) mem 0x8000f000 0x00000001
core   0: 0x8000dd2c (0xff9ff06f) j       pc - 0x8
core   0: 3 0x8000dd2c (0xff9ff06f)
core   0: 0x8000dd24 (0x00001f17) auipc   t5, 0x1
core   0: 3 0x8000dd24 (0x00001f17) x30 0x8000ed24
core   0: 0x8000dd28 (0x2c3f2e23) sw      gp, 732(t5)
core   0: 3 0x8000dd28 (0x2c3f2e23) mem 0x8000f000 0x00000001
core   0: 0x8000dd2c (0xff9ff06f) j       pc - 0x8
core   0: 3 0x8000dd2c (0xff9ff06f)
core   0: 0x8000dd24 (0x00001f17) auipc   t5, 0x1
core   0: 3 0x8000dd24 (0x00001f17) x30 0x8000ed24
core   0: 0x8000dd28 (0x2c3f2e23) sw      gp, 732(t5)
core   0: 3 0x8000dd28 (0x2c3f2e23) mem 0x8000f000 0x00000001
core   0: 0x8000dd2c (0xff9ff06f) j       pc - 0x8
core   0: 3 0x8000dd2c (0xff9ff06f)
core   0: 0x8000dd24 (0x00001f17) auipc   t5, 0x1
core   0: 3 0x8000dd24 (0x00001f17) x30 0x8000ed24
core   0: 0x8000dd28 (0x2c3f2e23) sw      gp, 732(t5)
core   0: 3 0x8000dd28 (0x2c3f2e23) mem 0x8000f000 0x00000001
core   0: 0x8000dd2c (0xff9ff06f) j       pc - 0x8
core   0: 3 0x8000dd2c (0xff9ff06f)
core   0: 0x8000dd24 (0x00001f17) auipc   t5, 0x1
core   0: 3 0x8000dd24 (0x00001f17) x30 0x8000ed24
core   0: 0x8000dd28 (0x2c3f2e23) sw      gp, 732(t5)
core   0: 3 0x8000dd28 (0x2c3f2e23) mem 0x8000f000 0x00000001
core   0: 0x8000dd2c (0xff9ff06f) j       pc - 0x8
core   0: 3 0x8000dd2c (0xff9ff06f)
core   0: 0x8000dd24 (0x00001f17) auipc   t5, 0x1
core   0: 3 0x8000dd24 (0x00001f17) x30 0x8000ed24
core   0: 0x8000dd28 (0x2c3f2e23) sw      gp, 732(t5)
core   0: 3 0x8000dd28 (0x2c3f2e23) mem 0x8000f000 0x00000001
core   0: 0x8000dd2c (0xff9ff06f) j       pc - 0x8
core   0: 3 0x8000dd2c (0xff9ff06f)
core   0: 0x8000dd24 (0x00001f17) auipc   t5, 0x1
core   0: 3 0x8000dd24 (0x00001f17) x30 0x8000ed24
core   0: 0x8000dd28 (0x2c3f2e23) sw      gp, 732(t5)
core   0: 3 0x8000dd28 (0x2c3f2e23) mem 0x8000f000 0x00000001
core   0: 0x8000dd2c (0xff9ff06f) j       pc - 0x8
core   0: 3 0x8000dd2c (0xff9ff06f)
core   0: 0x8000dd24 (0x00001f17) auipc   t5, 0x1
core   0: 3 0x8000dd24 (0x00001f17) x30 0x8000ed24
core   0: 0x8000dd28 (0x2c3f2e23) sw      gp, 732(t5)
core   0: 3 0x8000dd28 (0x2c3f2e23) mem 0x8000f000 0x00000001
core   0: 0x8000dd2c (0xff9ff06f) j       pc - 0x8
core   0: 3 0x8000dd2c (0xff9ff06f)
core   0: 0x8000dd24 (0x00001f17) auipc   t5, 0x1
core   0: 3 0x8000dd24 (0x00001f17) x30 0x8000ed24
core   0: 0x8000dd28 (0x2c3f2e23) sw      gp, 732(t5)
core   0: 3 0x8000dd28 (0x2c3f2e23) mem 0x8000f000 0x00000001
core   0: 0x8000dd2c (0xff9ff06f) j       pc - 0x8
core   0: 3 0x8000dd2c (0xff9ff06f)
core   0: 0x8000dd24 (0x00001f17) auipc   t5, 0x1
core   0: 3 0x8000dd24 (0x00001f17) x30 0x8000ed24
core   0: 0x8000dd28 (0x2c3f2e23) sw      gp, 732(t5)
core   0: 3 0x8000dd28 (0x2c3f2e23) mem 0x8000f000 0x00000001
core   0: 0x8000dd2c (0xff9ff06f) j       pc - 0x8
core   0: 3 0x8000dd2c (0xff9ff06f)
core   0: 0x8000dd24 (0x00001f17) auipc   t5, 0x1
core   0: 3 0x8000dd24 (0x00001f17) x30 0x8000ed24
core   0: 0x8000dd28 (0x2c3f2e23) sw      gp, 732(t5)
core   0: 3 0x8000dd28 (0x2c3f2e23) mem 0x8000f000 0x00000001
core   0: 0x8000dd2c (0xff9ff06f) j       pc - 0x8
core   0: 3 0x8000dd2c (0xff9ff06f)
core   0: 0x8000dd24 (0x00001f17) auipc   t5, 0x1
core   0: 3 0x8000dd24 (0x00001f17) x30 0x8000ed24
core   0: 0x8000dd28 (0x2c3f2e23) sw      gp, 732(t5)
core   0: 3 0x8000dd28 (0x2c3f2e23) mem 0x8000f000 0x00000001
core   0: 0x8000dd2c (0xff9ff06f) j       pc - 0x8
core   0: 3 0x8000dd2c (0xff9ff06f)
core   0: 0x8000dd24 (0x00001f17) auipc   t5, 0x1
core   0: 3 0x8000dd24 (0x00001f17) x30 0x8000ed24
core   0: 0x8000dd28 (0x2c3f2e23) sw      gp, 732(t5)
core   0: 3 0x8000dd28 (0x2c3f2e23) mem 0x8000f000 0x00000001
core   0: 0x8000dd2c (0xff9ff06f) j       pc - 0x8
core   0: 3 0x8000dd2c (0xff9ff06f)
core   0: 0x8000dd24 (0x00001f17) auipc   t5, 0x1
core   0: 3 0x8000dd24 (0x00001f17) x30 0x8000ed24
core   0: 0x8000dd28 (0x2c3f2e23) sw      gp, 732(t5)
core   0: 3 0x8000dd28 (0x2c3f2e23) mem 0x8000f000 0x00000001
core   0: 0x8000dd2c (0xff9ff06f) j       pc - 0x8
core   0: 3 0x8000dd2c (0xff9ff06f)
core   0: 0x8000dd24 (0x00001f17) auipc   t5, 0x1
core   0: 3 0x8000dd24 (0x00001f17) x30 0x8000ed24
core   0: 0x8000dd28 (0x2c3f2e23) sw      gp, 732(t5)
core   0: 3 0x8000dd28 (0x2c3f2e23) mem 0x8000f000 0x00000001
core   0: 0x8000dd2c (0xff9ff06f) j       pc - 0x8
core   0: 3 0x8000dd2c (0xff9ff06f)
core   0: 0x8000dd24 (0x00001f17) auipc   t5, 0x1
core   0: 3 0x8000dd24 (0x00001f17) x30 0x8000ed24
core   0: 0x8000dd28 (0x2c3f2e23) sw      gp, 732(t5)
core   0: 3 0x8000dd28 (0x2c3f2e23) mem 0x8000f000 0x00000001
core   0: 0x8000dd2c (0xff9ff06f) j       pc - 0x8
core   0: 3 0x8000dd2c (0xff9ff06f)
core   0: 0x8000dd24 (0x00001f17) auipc   t5, 0x1
core   0: 3 0x8000dd24 (0x00001f17) x30 0x8000ed24
core   0: 0x8000dd28 (0x2c3f2e23) sw      gp, 732(t5)
core   0: 3 0x8000dd28 (0x2c3f2e23) mem 0x8000f000 0x00000001
core   0: 0x8000dd2c (0xff9ff06f) j       pc - 0x8
core   0: 3 0x8000dd2c (0xff9ff06f)
core   0: 0x8000dd24 (0x00001f17) auipc   t5, 0x1
core   0: 3 0x8000dd24 (0x00001f17) x30 0x8000ed24
core   0: 0x8000dd28 (0x2c3f2e23) sw      gp, 732(t5)
core   0: 3 0x8000dd28 (0x2c3f2e23) mem 0x8000f000 0x00000001
core   0: 0x8000dd2c (0xff9ff06f) j       pc - 0x8
core   0: 3 0x8000dd2c (0xff9ff06f)
core   0: 0x8000dd24 (0x00001f17) auipc   t5, 0x1
core   0: 3 0x8000dd24 (0x00001f17) x30 0x8000ed24
core   0: 0x8000dd28 (0x2c3f2e23) sw      gp, 732(t5)
core   0: 3 0x8000dd28 (0x2c3f2e23) mem 0x8000f000 0x00000001
core   0: 0x8000dd2c (0xff9ff06f) j       pc - 0x8
core   0: 3 0x8000dd2c (0xff9ff06f)
core   0: 0x8000dd24 (0x00001f17) auipc   t5, 0x1
core   0: 3 0x8000dd24 (0x00001f17) x30 0x8000ed24
core   0: 0x8000dd28 (0x2c3f2e23) sw      gp, 732(t5)
core   0: 3 0x8000dd28 (0x2c3f2e23) mem 0x8000f000 0x00000001
core   0: 0x8000dd2c (0xff9ff06f) j       pc - 0x8
core   0: 3 0x8000dd2c (0xff9ff06f)
core   0: 0x8000dd24 (0x00001f17) auipc   t5, 0x1
core   0: 3 0x8000dd24 (0x00001f17) x30 0x8000ed24
core   0: 0x8000dd28 (0x2c3f2e23) sw      gp, 732(t5)
core   0: 3 0x8000dd28 (0x2c3f2e23) mem 0x8000f000 0x00000001
core   0: 0x8000dd2c (0xff9ff06f) j       pc - 0x8
core   0: 3 0x8000dd2c (0xff9ff06f)
core   0: 0x8000dd24 (0x00001f17) auipc   t5, 0x1
core   0: 3 0x8000dd24 (0x00001f17) x30 0x8000ed24
core   0: 0x8000dd28 (0x2c3f2e23) sw      gp, 732(t5)
core   0: 3 0x8000dd28 (0x2c3f2e23) mem 0x8000f000 0x00000001
core   0: 0x8000dd2c (0xff9ff06f) j       pc - 0x8
core   0: 3 0x8000dd2c (0xff9ff06f)
core   0: 0x8000dd24 (0x00001f17) auipc   t5, 0x1
core   0: 3 0x8000dd24 (0x00001f17) x30 0x8000ed24
core   0: 0x8000dd28 (0x2c3f2e23) sw      gp, 732(t5)
core   0: 3 0x8000dd28 (0x2c3f2e23) mem 0x8000f000 0x00000001
core   0: 0x8000dd2c (0xff9ff06f) j       pc - 0x8
core   0: 3 0x8000dd2c (0xff9ff06f)
core   0: 0x8000dd24 (0x00001f17) auipc   t5, 0x1
core   0: 3 0x8000dd24 (0x00001f17) x30 0x8000ed24
core   0: 0x8000dd28 (0x2c3f2e23) sw      gp, 732(t5)
core   0: 3 0x8000dd28 (0x2c3f2e23) mem 0x8000f000 0x00000001
core   0: 0x8000dd2c (0xff9ff06f) j       pc - 0x8
core   0: 3 0x8000dd2c (0xff9ff06f)
core   0: 0x8000dd24 (0x00001f17) auipc   t5, 0x1
core   0: 3 0x8000dd24 (0x00001f17) x30 0x8000ed24
core   0: 0x8000dd28 (0x2c3f2e23) sw      gp, 732(t5)
core   0: 3 0x8000dd28 (0x2c3f2e23) mem 0x8000f000 0x00000001
core   0: 0x8000dd2c (0xff9ff06f) j       pc - 0x8
core   0: 3 0x8000dd2c (0xff9ff06f)
core   0: 0x8000dd24 (0x00001f17) auipc   t5, 0x1
core   0: 3 0x8000dd24 (0x00001f17) x30 0x8000ed24
core   0: 0x8000dd28 (0x2c3f2e23) sw      gp, 732(t5)
core   0: 3 0x8000dd28 (0x2c3f2e23) mem 0x8000f000 0x00000001
core   0: 0x8000dd2c (0xff9ff06f) j       pc - 0x8
core   0: 3 0x8000dd2c (0xff9ff06f)
core   0: 0x8000dd24 (0x00001f17) auipc   t5, 0x1
core   0: 3 0x8000dd24 (0x00001f17) x30 0x8000ed24
core   0: 0x8000dd28 (0x2c3f2e23) sw      gp, 732(t5)
core   0: 3 0x8000dd28 (0x2c3f2e23) mem 0x8000f000 0x00000001
core   0: 0x8000dd2c (0xff9ff06f) j       pc - 0x8
core   0: 3 0x8000dd2c (0xff9ff06f)
core   0: 0x8000dd24 (0x00001f17) auipc   t5, 0x1
core   0: 3 0x8000dd24 (0x00001f17) x30 0x8000ed24
core   0: 0x8000dd28 (0x2c3f2e23) sw      gp, 732(t5)
core   0: 3 0x8000dd28 (0x2c3f2e23) mem 0x8000f000 0x00000001
core   0: 0x8000dd2c (0xff9ff06f) j       pc - 0x8
core   0: 3 0x8000dd2c (0xff9ff06f)
core   0: 0x8000dd24 (0x00001f17) auipc   t5, 0x1
core   0: 3 0x8000dd24 (0x00001f17) x30 0x8000ed24
core   0: 0x8000dd28 (0x2c3f2e23) sw      gp, 732(t5)
core   0: 3 0x8000dd28 (0x2c3f2e23) mem 0x8000f000 0x00000001
core   0: 0x8000dd2c (0xff9ff06f) j       pc - 0x8
core   0: 3 0x8000dd2c (0xff9ff06f)
core   0: 0x8000dd24 (0x00001f17) auipc   t5, 0x1
core   0: 3 0x8000dd24 (0x00001f17) x30 0x8000ed24
core   0: 0x8000dd28 (0x2c3f2e23) sw      gp, 732(t5)
core   0: 3 0x8000dd28 (0x2c3f2e23) mem 0x8000f000 0x00000001
core   0: 0x8000dd2c (0xff9ff06f) j       pc - 0x8
core   0: 3 0x8000dd2c (0xff9ff06f)
core   0: 0x8000dd24 (0x00001f17) auipc   t5, 0x1
core   0: 3 0x8000dd24 (0x00001f17) x30 0x8000ed24
core   0: 0x8000dd28 (0x2c3f2e23) sw      gp, 732(t5)
core   0: 3 0x8000dd28 (0x2c3f2e23) mem 0x8000f000 0x00000001
core   0: 0x8000dd2c (0xff9ff06f) j       pc - 0x8
core   0: 3 0x8000dd2c (0xff9ff06f)
core   0: 0x8000dd24 (0x00001f17) auipc   t5, 0x1
core   0: 3 0x8000dd24 (0x00001f17) x30 0x8000ed24
core   0: 0x8000dd28 (0x2c3f2e23) sw      gp, 732(t5)
core   0: 3 0x8000dd28 (0x2c3f2e23) mem 0x8000f000 0x00000001
core   0: 0x8000dd2c (0xff9ff06f) j       pc - 0x8
core   0: 3 0x8000dd2c (0xff9ff06f)
core   0: 0x8000dd24 (0x00001f17) auipc   t5, 0x1
core   0: 3 0x8000dd24 (0x00001f17) x30 0x8000ed24
core   0: 0x8000dd28 (0x2c3f2e23) sw      gp, 732(t5)
core   0: 3 0x8000dd28 (0x2c3f2e23) mem 0x8000f000 0x00000001
core   0: 0x8000dd2c (0xff9ff06f) j       pc - 0x8
core   0: 3 0x8000dd2c (0xff9ff06f)
core   0: 0x8000dd24 (0x00001f17) auipc   t5, 0x1
core   0: 3 0x8000dd24 (0x00001f17) x30 0x8000ed24
core   0: 0x8000dd28 (0x2c3f2e23) sw      gp, 732(t5)
core   0: 3 0x8000dd28 (0x2c3f2e23) mem 0x8000f000 0x00000001
core   0: 0x8000dd2c (0xff9ff06f) j       pc - 0x8
core   0: 3 0x8000dd2c (0xff9ff06f)
core   0: 0x8000dd24 (0x00001f17) auipc   t5, 0x1
core   0: 3 0x8000dd24 (0x00001f17) x30 0x8000ed24
core   0: 0x8000dd28 (0x2c3f2e23) sw      gp, 732(t5)
core   0: 3 0x8000dd28 (0x2c3f2e23) mem 0x8000f000 0x00000001
core   0: 0x8000dd2c (0xff9ff06f) j       pc - 0x8
core   0: 3 0x8000dd2c (0xff9ff06f)
core   0: 0x8000dd24 (0x00001f17) auipc   t5, 0x1
core   0: 3 0x8000dd24 (0x00001f17) x30 0x8000ed24
core   0: 0x8000dd28 (0x2c3f2e23) sw      gp, 732(t5)
core   0: 3 0x8000dd28 (0x2c3f2e23) mem 0x8000f000 0x00000001
core   0: 0x8000dd2c (0xff9ff06f) j       pc - 0x8
core   0: 3 0x8000dd2c (0xff9ff06f)
core   0: 0x8000dd24 (0x00001f17) auipc   t5, 0x1
core   0: 3 0x8000dd24 (0x00001f17) x30 0x8000ed24
core   0: 0x8000dd28 (0x2c3f2e23) sw      gp, 732(t5)
core   0: 3 0x8000dd28 (0x2c3f2e23) mem 0x8000f000 0x00000001
core   0: 0x8000dd2c (0xff9ff06f) j       pc - 0x8
core   0: 3 0x8000dd2c (0xff9ff06f)
core   0: 0x8000dd24 (0x00001f17) auipc   t5, 0x1
core   0: 3 0x8000dd24 (0x00001f17) x30 0x8000ed24
core   0: 0x8000dd28 (0x2c3f2e23) sw      gp, 732(t5)
core   0: 3 0x8000dd28 (0x2c3f2e23) mem 0x8000f000 0x00000001
core   0: 0x8000dd2c (0xff9ff06f) j       pc - 0x8
core   0: 3 0x8000dd2c (0xff9ff06f)
core   0: 0x8000dd24 (0x00001f17) auipc   t5, 0x1
core   0: 3 0x8000dd24 (0x00001f17) x30 0x8000ed24
core   0: 0x8000dd28 (0x2c3f2e23) sw      gp, 732(t5)
core   0: 3 0x8000dd28 (0x2c3f2e23) mem 0x8000f000 0x00000001
core   0: 0x8000dd2c (0xff9ff06f) j       pc - 0x8
core   0: 3 0x8000dd2c (0xff9ff06f)
core   0: 0x8000dd24 (0x00001f17) auipc   t5, 0x1
core   0: 3 0x8000dd24 (0x00001f17) x30 0x8000ed24
core   0: 0x8000dd28 (0x2c3f2e23) sw      gp, 732(t5)
core   0: 3 0x8000dd28 (0x2c3f2e23) mem 0x8000f000 0x00000001
core   0: 0x8000dd2c (0xff9ff06f) j       pc - 0x8
core   0: 3 0x8000dd2c (0xff9ff06f)
core   0: 0x8000dd24 (0x00001f17) auipc   t5, 0x1
core   0: 3 0x8000dd24 (0x00001f17) x30 0x8000ed24
core   0: 0x8000dd28 (0x2c3f2e23) sw      gp, 732(t5)
core   0: 3 0x8000dd28 (0x2c3f2e23) mem 0x8000f000 0x00000001
core   0: 0x8000dd2c (0xff9ff06f) j       pc - 0x8
core   0: 3 0x8000dd2c (0xff9ff06f)
core   0: 0x8000dd24 (0x00001f17) auipc   t5, 0x1
core   0: 3 0x8000dd24 (0x00001f17) x30 0x8000ed24
core   0: 0x8000dd28 (0x2c3f2e23) sw      gp, 732(t5)
core   0: 3 0x8000dd28 (0x2c3f2e23) mem 0x8000f000 0x00000001
core   0: 0x8000dd2c (0xff9ff06f) j       pc - 0x8
core   0: 3 0x8000dd2c (0xff9ff06f)
core   0: 0x8000dd24 (0x00001f17) auipc   t5, 0x1
core   0: 3 0x8000dd24 (0x00001f17) x30 0x8000ed24
core   0: 0x8000dd28 (0x2c3f2e23) sw      gp, 732(t5)
core   0: 3 0x8000dd28 (0x2c3f2e23) mem 0x8000f000 0x00000001
core   0: 0x8000dd2c (0xff9ff06f) j       pc - 0x8
core   0: 3 0x8000dd2c (0xff9ff06f)
core   0: 0x8000dd24 (0x00001f17) auipc   t5, 0x1
core   0: 3 0x8000dd24 (0x00001f17) x30 0x8000ed24
core   0: 0x8000dd28 (0x2c3f2e23) sw      gp, 732(t5)
core   0: 3 0x8000dd28 (0x2c3f2e23) mem 0x8000f000 0x00000001
core   0: 0x8000dd2c (0xff9ff06f) j       pc - 0x8
core   0: 3 0x8000dd2c (0xff9ff06f)
core   0: 0x8000dd24 (0x00001f17) auipc   t5, 0x1
core   0: 3 0x8000dd24 (0x00001f17) x30 0x8000ed24
core   0: 0x8000dd28 (0x2c3f2e23) sw      gp, 732(t5)
core   0: 3 0x8000dd28 (0x2c3f2e23) mem 0x8000f000 0x00000001
core   0: 0x8000dd2c (0xff9ff06f) j       pc - 0x8
core   0: 3 0x8000dd2c (0xff9ff06f)
core   0: 0x8000dd24 (0x00001f17) auipc   t5, 0x1
core   0: 3 0x8000dd24 (0x00001f17) x30 0x8000ed24
core   0: 0x8000dd28 (0x2c3f2e23) sw      gp, 732(t5)
core   0: 3 0x8000dd28 (0x2c3f2e23) mem 0x8000f000 0x00000001
core   0: 0x8000dd2c (0xff9ff06f) j       pc - 0x8
core   0: 3 0x8000dd2c (0xff9ff06f)
core   0: 0x8000dd24 (0x00001f17) auipc   t5, 0x1
core   0: 3 0x8000dd24 (0x00001f17) x30 0x8000ed24
core   0: 0x8000dd28 (0x2c3f2e23) sw      gp, 732(t5)
core   0: 3 0x8000dd28 (0x2c3f2e23) mem 0x8000f000 0x00000001
core   0: 0x8000dd2c (0xff9ff06f) j       pc - 0x8
core   0: 3 0x8000dd2c (0xff9ff06f)
core   0: 0x8000dd24 (0x00001f17) auipc   t5, 0x1
core   0: 3 0x8000dd24 (0x00001f17) x30 0x8000ed24
core   0: 0x8000dd28 (0x2c3f2e23) sw      gp, 732(t5)
core   0: 3 0x8000dd28 (0x2c3f2e23) mem 0x8000f000 0x00000001
core   0: 0x8000dd2c (0xff9ff06f) j       pc - 0x8
core   0: 3 0x8000dd2c (0xff9ff06f)
core   0: 0x8000dd24 (0x00001f17) auipc   t5, 0x1
core   0: 3 0x8000dd24 (0x00001f17) x30 0x8000ed24
core   0: 0x8000dd28 (0x2c3f2e23) sw      gp, 732(t5)
core   0: 3 0x8000dd28 (0x2c3f2e23) mem 0x8000f000 0x00000001
core   0: 0x8000dd2c (0xff9ff06f) j       pc - 0x8
core   0: 3 0x8000dd2c (0xff9ff06f)
core   0: 0x8000dd24 (0x00001f17) auipc   t5, 0x1
core   0: 3 0x8000dd24 (0x00001f17) x30 0x8000ed24
core   0: 0x8000dd28 (0x2c3f2e23) sw      gp, 732(t5)
core   0: 3 0x8000dd28 (0x2c3f2e23) mem 0x8000f000 0x00000001
core   0: 0x8000dd2c (0xff9ff06f) j       pc - 0x8
core   0: 3 0x8000dd2c (0xff9ff06f)
core   0: 0x8000dd24 (0x00001f17) auipc   t5, 0x1
core   0: 3 0x8000dd24 (0x00001f17) x30 0x8000ed24
core   0: 0x8000dd28 (0x2c3f2e23) sw      gp, 732(t5)
core   0: 3 0x8000dd28 (0x2c3f2e23) mem 0x8000f000 0x00000001
core   0: 0x8000dd2c (0xff9ff06f) j       pc - 0x8
core   0: 3 0x8000dd2c (0xff9ff06f)
core   0: 0x8000dd24 (0x00001f17) auipc   t5, 0x1
core   0: 3 0x8000dd24 (0x00001f17) x30 0x8000ed24
core   0: 0x8000dd28 (0x2c3f2e23) sw      gp, 732(t5)
core   0: 3 0x8000dd28 (0x2c3f2e23) mem 0x8000f000 0x00000001
core   0: 0x8000dd2c (0xff9ff06f) j       pc - 0x8
core   0: 3 0x8000dd2c (0xff9ff06f)
core   0: 0x8000dd24 (0x00001f17) auipc   t5, 0x1
core   0: 3 0x8000dd24 (0x00001f17) x30 0x8000ed24
core   0: 0x8000dd28 (0x2c3f2e23) sw      gp, 732(t5)
core   0: 3 0x8000dd28 (0x2c3f2e23) mem 0x8000f000 0x00000001
core   0: 0x8000dd2c (0xff9ff06f) j       pc - 0x8
core   0: 3 0x8000dd2c (0xff9ff06f)
core   0: 0x8000dd24 (0x00001f17) auipc   t5, 0x1
core   0: 3 0x8000dd24 (0x00001f17) x30 0x8000ed24
core   0: 0x8000dd28 (0x2c3f2e23) sw      gp, 732(t5)
core   0: 3 0x8000dd28 (0x2c3f2e23) mem 0x8000f000 0x00000001
core   0: 0x8000dd2c (0xff9ff06f) j       pc - 0x8
core   0: 3 0x8000dd2c (0xff9ff06f)
core   0: 0x8000dd24 (0x00001f17) auipc   t5, 0x1
core   0: 3 0x8000dd24 (0x00001f17) x30 0x8000ed24
core   0: 0x8000dd28 (0x2c3f2e23) sw      gp, 732(t5)
core   0: 3 0x8000dd28 (0x2c3f2e23) mem 0x8000f000 0x00000001
core   0: 0x8000dd2c (0xff9ff06f) j       pc - 0x8
core   0: 3 0x8000dd2c (0xff9ff06f)
core   0: 0x8000dd24 (0x00001f17) auipc   t5, 0x1
core   0: 3 0x8000dd24 (0x00001f17) x30 0x8000ed24
core   0: 0x8000dd28 (0x2c3f2e23) sw      gp, 732(t5)
core   0: 3 0x8000dd28 (0x2c3f2e23) mem 0x8000f000 0x00000001
core   0: 0x8000dd2c (0xff9ff06f) j       pc - 0x8
core   0: 3 0x8000dd2c (0xff9ff06f)
core   0: 0x8000dd24 (0x00001f17) auipc   t5, 0x1
core   0: 3 0x8000dd24 (0x00001f17) x30 0x8000ed24
core   0: 0x8000dd28 (0x2c3f2e23) sw      gp, 732(t5)
core   0: 3 0x8000dd28 (0x2c3f2e23) mem 0x8000f000 0x00000001
core   0: 0x8000dd2c (0xff9ff06f) j       pc - 0x8
core   0: 3 0x8000dd2c (0xff9ff06f)
core   0: 0x8000dd24 (0x00001f17) auipc   t5, 0x1
core   0: 3 0x8000dd24 (0x00001f17) x30 0x8000ed24
core   0: 0x8000dd28 (0x2c3f2e23) sw      gp, 732(t5)
core   0: 3 0x8000dd28 (0x2c3f2e23) mem 0x8000f000 0x00000001
core   0: 0x8000dd2c (0xff9ff06f) j       pc - 0x8
core   0: 3 0x8000dd2c (0xff9ff06f)
core   0: 0x8000dd24 (0x00001f17) auipc   t5, 0x1
core   0: 3 0x8000dd24 (0x00001f17) x30 0x8000ed24
core   0: 0x8000dd28 (0x2c3f2e23) sw      gp, 732(t5)
core   0: 3 0x8000dd28 (0x2c3f2e23) mem 0x8000f000 0x00000001
core   0: 0x8000dd2c (0xff9ff06f) j       pc - 0x8
core   0: 3 0x8000dd2c (0xff9ff06f)
core   0: 0x8000dd24 (0x00001f17) auipc   t5, 0x1
core   0: 3 0x8000dd24 (0x00001f17) x30 0x8000ed24
core   0: 0x8000dd28 (0x2c3f2e23) sw      gp, 732(t5)
core   0: 3 0x8000dd28 (0x2c3f2e23) mem 0x8000f000 0x00000001
core   0: 0x8000dd2c (0xff9ff06f) j       pc - 0x8
core   0: 3 0x8000dd2c (0xff9ff06f)
core   0: 0x8000dd24 (0x00001f17) auipc   t5, 0x1
core   0: 3 0x8000dd24 (0x00001f17) x30 0x8000ed24
core   0: 0x8000dd28 (0x2c3f2e23) sw      gp, 732(t5)
core   0: 3 0x8000dd28 (0x2c3f2e23) mem 0x8000f000 0x00000001
core   0: 0x8000dd2c (0xff9ff06f) j       pc - 0x8
core   0: 3 0x8000dd2c (0xff9ff06f)
core   0: 0x8000dd24 (0x00001f17) auipc   t5, 0x1
core   0: 3 0x8000dd24 (0x00001f17) x30 0x8000ed24
core   0: 0x8000dd28 (0x2c3f2e23) sw      gp, 732(t5)
core   0: 3 0x8000dd28 (0x2c3f2e23) mem 0x8000f000 0x00000001
core   0: 0x8000dd2c (0xff9ff06f) j       pc - 0x8
core   0: 3 0x8000dd2c (0xff9ff06f)
core   0: 0x8000dd24 (0x00001f17) auipc   t5, 0x1
core   0: 3 0x8000dd24 (0x00001f17) x30 0x8000ed24
core   0: 0x8000dd28 (0x2c3f2e23) sw      gp, 732(t5)
core   0: 3 0x8000dd28 (0x2c3f2e23) mem 0x8000f000 0x00000001
core   0: 0x8000dd2c (0xff9ff06f) j       pc - 0x8
core   0: 3 0x8000dd2c (0xff9ff06f)
core   0: 0x8000dd24 (0x00001f17) auipc   t5, 0x1
core   0: 3 0x8000dd24 (0x00001f17) x30 0x8000ed24
core   0: 0x8000dd28 (0x2c3f2e23) sw      gp, 732(t5)
core   0: 3 0x8000dd28 (0x2c3f2e23) mem 0x8000f000 0x00000001
core   0: 0x8000dd2c (0xff9ff06f) j       pc - 0x8
core   0: 3 0x8000dd2c (0xff9ff06f)
core   0: 0x8000dd24 (0x00001f17) auipc   t5, 0x1
core   0: 3 0x8000dd24 (0x00001f17) x30 0x8000ed24
core   0: 0x8000dd28 (0x2c3f2e23) sw      gp, 732(t5)
core   0: 3 0x8000dd28 (0x2c3f2e23) mem 0x8000f000 0x00000001
core   0: 0x8000dd2c (0xff9ff06f) j       pc - 0x8
core   0: 3 0x8000dd2c (0xff9ff06f)
core   0: 0x8000dd24 (0x00001f17) auipc   t5, 0x1
core   0: 3 0x8000dd24 (0x00001f17) x30 0x8000ed24
core   0: 0x8000dd28 (0x2c3f2e23) sw      gp, 732(t5)
core   0: 3 0x8000dd28 (0x2c3f2e23) mem 0x8000f000 0x00000001
core   0: 0x8000dd2c (0xff9ff06f) j       pc - 0x8
core   0: 3 0x8000dd2c (0xff9ff06f)
core   0: 0x8000dd24 (0x00001f17) auipc   t5, 0x1
core   0: 3 0x8000dd24 (0x00001f17) x30 0x8000ed24
core   0: 0x8000dd28 (0x2c3f2e23) sw      gp, 732(t5)
core   0: 3 0x8000dd28 (0x2c3f2e23) mem 0x8000f000 0x00000001
core   0: 0x8000dd2c (0xff9ff06f) j       pc - 0x8
core   0: 3 0x8000dd2c (0xff9ff06f)
core   0: 0x8000dd24 (0x00001f17) auipc   t5, 0x1
core   0: 3 0x8000dd24 (0x00001f17) x30 0x8000ed24
core   0: 0x8000dd28 (0x2c3f2e23) sw      gp, 732(t5)
core   0: 3 0x8000dd28 (0x2c3f2e23) mem 0x8000f000 0x00000001
core   0: 0x8000dd2c (0xff9ff06f) j       pc - 0x8
core   0: 3 0x8000dd2c (0xff9ff06f)
core   0: 0x8000dd24 (0x00001f17) auipc   t5, 0x1
core   0: 3 0x8000dd24 (0x00001f17) x30 0x8000ed24
core   0: 0x8000dd28 (0x2c3f2e23) sw      gp, 732(t5)
core   0: 3 0x8000dd28 (0x2c3f2e23) mem 0x8000f000 0x00000001
core   0: 0x8000dd2c (0xff9ff06f) j       pc - 0x8
core   0: 3 0x8000dd2c (0xff9ff06f)
core   0: 0x8000dd24 (0x00001f17) auipc   t5, 0x1
core   0: 3 0x8000dd24 (0x00001f17) x30 0x8000ed24
core   0: 0x8000dd28 (0x2c3f2e23) sw      gp, 732(t5)
core   0: 3 0x8000dd28 (0x2c3f2e23) mem 0x8000f000 0x00000001
core   0: 0x8000dd2c (0xff9ff06f) j       pc - 0x8
core   0: 3 0x8000dd2c (0xff9ff06f)
core   0: 0x8000dd24 (0x00001f17) auipc   t5, 0x1
core   0: 3 0x8000dd24 (0x00001f17) x30 0x8000ed24
core   0: 0x8000dd28 (0x2c3f2e23) sw      gp, 732(t5)
core   0: 3 0x8000dd28 (0x2c3f2e23) mem 0x8000f000 0x00000001
core   0: 0x8000dd2c (0xff9ff06f) j       pc - 0x8
core   0: 3 0x8000dd2c (0xff9ff06f)
core   0: 0x8000dd24 (0x00001f17) auipc   t5, 0x1
core   0: 3 0x8000dd24 (0x00001f17) x30 0x8000ed24
core   0: 0x8000dd28 (0x2c3f2e23) sw      gp, 732(t5)
core   0: 3 0x8000dd28 (0x2c3f2e23) mem 0x8000f000 0x00000001
core   0: 0x8000dd2c (0xff9ff06f) j       pc - 0x8
core   0: 3 0x8000dd2c (0xff9ff06f)
core   0: 0x8000dd24 (0x00001f17) auipc   t5, 0x1
core   0: 3 0x8000dd24 (0x00001f17) x30 0x8000ed24
core   0: 0x8000dd28 (0x2c3f2e23) sw      gp, 732(t5)
core   0: 3 0x8000dd28 (0x2c3f2e23) mem 0x8000f000 0x00000001
core   0: 0x8000dd2c (0xff9ff06f) j       pc - 0x8
core   0: 3 0x8000dd2c (0xff9ff06f)
core   0: 0x8000dd24 (0x00001f17) auipc   t5, 0x1
core   0: 3 0x8000dd24 (0x00001f17) x30 0x8000ed24
core   0: 0x8000dd28 (0x2c3f2e23) sw      gp, 732(t5)
core   0: 3 0x8000dd28 (0x2c3f2e23) mem 0x8000f000 0x00000001
core   0: 0x8000dd2c (0xff9ff06f) j       pc - 0x8
core   0: 3 0x8000dd2c (0xff9ff06f)
core   0: 0x8000dd24 (0x00001f17) auipc   t5, 0x1
core   0: 3 0x8000dd24 (0x00001f17) x30 0x8000ed24
core   0: 0x8000dd28 (0x2c3f2e23) sw      gp, 732(t5)
core   0: 3 0x8000dd28 (0x2c3f2e23) mem 0x8000f000 0x00000001
core   0: 0x8000dd2c (0xff9ff06f) j       pc - 0x8
core   0: 3 0x8000dd2c (0xff9ff06f)
core   0: 0x8000dd24 (0x00001f17) auipc   t5, 0x1
core   0: 3 0x8000dd24 (0x00001f17) x30 0x8000ed24
core   0: 0x8000dd28 (0x2c3f2e23) sw      gp, 732(t5)
core   0: 3 0x8000dd28 (0x2c3f2e23) mem 0x8000f000 0x00000001
core   0: 0x8000dd2c (0xff9ff06f) j       pc - 0x8
core   0: 3 0x8000dd2c (0xff9ff06f)
core   0: 0x8000dd24 (0x00001f17) auipc   t5, 0x1
core   0: 3 0x8000dd24 (0x00001f17) x30 0x8000ed24
core   0: 0x8000dd28 (0x2c3f2e23) sw      gp, 732(t5)
core   0: 3 0x8000dd28 (0x2c3f2e23) mem 0x8000f000 0x00000001
core   0: 0x8000dd2c (0xff9ff06f) j       pc - 0x8
core   0: 3 0x8000dd2c (0xff9ff06f)
core   0: 0x8000dd24 (0x00001f17) auipc   t5, 0x1
core   0: 3 0x8000dd24 (0x00001f17) x30 0x8000ed24
core   0: 0x8000dd28 (0x2c3f2e23) sw      gp, 732(t5)
core   0: 3 0x8000dd28 (0x2c3f2e23) mem 0x8000f000 0x00000001
core   0: 0x8000dd2c (0xff9ff06f) j       pc - 0x8
core   0: 3 0x8000dd2c (0xff9ff06f)
core   0: 0x8000dd24 (0x00001f17) auipc   t5, 0x1
core   0: 3 0x8000dd24 (0x00001f17) x30 0x8000ed24
core   0: 0x8000dd28 (0x2c3f2e23) sw      gp, 732(t5)
core   0: 3 0x8000dd28 (0x2c3f2e23) mem 0x8000f000 0x00000001
core   0: 0x8000dd2c (0xff9ff06f) j       pc - 0x8
core   0: 3 0x8000dd2c (0xff9ff06f)
core   0: 0x8000dd24 (0x00001f17) auipc   t5, 0x1
core   0: 3 0x8000dd24 (0x00001f17) x30 0x8000ed24
core   0: 0x8000dd28 (0x2c3f2e23) sw      gp, 732(t5)
core   0: 3 0x8000dd28 (0x2c3f2e23) mem 0x8000f000 0x00000001
core   0: 0x8000dd2c (0xff9ff06f) j       pc - 0x8
core   0: 3 0x8000dd2c (0xff9ff06f)
core   0: 0x8000dd24 (0x00001f17) auipc   t5, 0x1
core   0: 3 0x8000dd24 (0x00001f17) x30 0x8000ed24
core   0: 0x8000dd28 (0x2c3f2e23) sw      gp, 732(t5)
core   0: 3 0x8000dd28 (0x2c3f2e23) mem 0x8000f000 0x00000001
core   0: 0x8000dd2c (0xff9ff06f) j       pc - 0x8
core   0: 3 0x8000dd2c (0xff9ff06f)
core   0: 0x8000dd24 (0x00001f17) auipc   t5, 0x1
core   0: 3 0x8000dd24 (0x00001f17) x30 0x8000ed24
core   0: 0x8000dd28 (0x2c3f2e23) sw      gp, 732(t5)
core   0: 3 0x8000dd28 (0x2c3f2e23) mem 0x8000f000 0x00000001
core   0: 0x8000dd2c (0xff9ff06f) j       pc - 0x8
core   0: 3 0x8000dd2c (0xff9ff06f)
core   0: 0x8000dd24 (0x00001f17) auipc   t5, 0x1
core   0: 3 0x8000dd24 (0x00001f17) x30 0x8000ed24
core   0: 0x8000dd28 (0x2c3f2e23) sw      gp, 732(t5)
core   0: 3 0x8000dd28 (0x2c3f2e23) mem 0x8000f000 0x00000001
core   0: 0x8000dd2c (0xff9ff06f) j       pc - 0x8
core   0: 3 0x8000dd2c (0xff9ff06f)
core   0: 0x8000dd24 (0x00001f17) auipc   t5, 0x1
core   0: 3 0x8000dd24 (0x00001f17) x30 0x8000ed24
core   0: 0x8000dd28 (0x2c3f2e23) sw      gp, 732(t5)
core   0: 3 0x8000dd28 (0x2c3f2e23) mem 0x8000f000 0x00000001
core   0: 0x8000dd2c (0xff9ff06f) j       pc - 0x8
core   0: 3 0x8000dd2c (0xff9ff06f)
core   0: 0x8000dd24 (0x00001f17) auipc   t5, 0x1
core   0: 3 0x8000dd24 (0x00001f17) x30 0x8000ed24
core   0: 0x8000dd28 (0x2c3f2e23) sw      gp, 732(t5)
core   0: 3 0x8000dd28 (0x2c3f2e23) mem 0x8000f000 0x00000001
core   0: 0x8000dd2c (0xff9ff06f) j       pc - 0x8
core   0: 3 0x8000dd2c (0xff9ff06f)
core   0: 0x8000dd24 (0x00001f17) auipc   t5, 0x1
core   0: 3 0x8000dd24 (0x00001f17) x30 0x8000ed24
core   0: 0x8000dd28 (0x2c3f2e23) sw      gp, 732(t5)
core   0: 3 0x8000dd28 (0x2c3f2e23) mem 0x8000f000 0x00000001
core   0: 0x8000dd2c (0xff9ff06f) j       pc - 0x8
core   0: 3 0x8000dd2c (0xff9ff06f)
core   0: 0x8000dd24 (0x00001f17) auipc   t5, 0x1
core   0: 3 0x8000dd24 (0x00001f17) x30 0x8000ed24
core   0: 0x8000dd28 (0x2c3f2e23) sw      gp, 732(t5)
core   0: 3 0x8000dd28 (0x2c3f2e23) mem 0x8000f000 0x00000001
core   0: 0x8000dd2c (0xff9ff06f) j       pc - 0x8
core   0: 3 0x8000dd2c (0xff9ff06f)
core   0: 0x8000dd24 (0x00001f17) auipc   t5, 0x1
core   0: 3 0x8000dd24 (0x00001f17) x30 0x8000ed24
core   0: 0x8000dd28 (0x2c3f2e23) sw      gp, 732(t5)
core   0: 3 0x8000dd28 (0x2c3f2e23) mem 0x8000f000 0x00000001
core   0: 0x8000dd2c (0xff9ff06f) j       pc - 0x8
core   0: 3 0x8000dd2c (0xff9ff06f)
core   0: 0x8000dd24 (0x00001f17) auipc   t5, 0x1
core   0: 3 0x8000dd24 (0x00001f17) x30 0x8000ed24
core   0: 0x8000dd28 (0x2c3f2e23) sw      gp, 732(t5)
core   0: 3 0x8000dd28 (0x2c3f2e23) mem 0x8000f000 0x00000001
core   0: 0x8000dd2c (0xff9ff06f) j       pc - 0x8
core   0: 3 0x8000dd2c (0xff9ff06f)
core   0: 0x8000dd24 (0x00001f17) auipc   t5, 0x1
core   0: 3 0x8000dd24 (0x00001f17) x30 0x8000ed24
core   0: 0x8000dd28 (0x2c3f2e23) sw      gp, 732(t5)
core   0: 3 0x8000dd28 (0x2c3f2e23) mem 0x8000f000 0x00000001
core   0: 0x8000dd2c (0xff9ff06f) j       pc - 0x8
core   0: 3 0x8000dd2c (0xff9ff06f)
core   0: 0x8000dd24 (0x00001f17) auipc   t5, 0x1
core   0: 3 0x8000dd24 (0x00001f17) x30 0x8000ed24
core   0: 0x8000dd28 (0x2c3f2e23) sw      gp, 732(t5)
core   0: 3 0x8000dd28 (0x2c3f2e23) mem 0x8000f000 0x00000001
core   0: 0x8000dd2c (0xff9ff06f) j       pc - 0x8
core   0: 3 0x8000dd2c (0xff9ff06f)
core   0: 0x8000dd24 (0x00001f17) auipc   t5, 0x1
core   0: 3 0x8000dd24 (0x00001f17) x30 0x8000ed24
core   0: 0x8000dd28 (0x2c3f2e23) sw      gp, 732(t5)
core   0: 3 0x8000dd28 (0x2c3f2e23) mem 0x8000f000 0x00000001
core   0: 0x8000dd2c (0xff9ff06f) j       pc - 0x8
core   0: 3 0x8000dd2c (0xff9ff06f)
core   0: 0x8000dd24 (0x00001f17) auipc   t5, 0x1
core   0: 3 0x8000dd24 (0x00001f17) x30 0x8000ed24
core   0: 0x8000dd28 (0x2c3f2e23) sw      gp, 732(t5)
core   0: 3 0x8000dd28 (0x2c3f2e23) mem 0x8000f000 0x00000001
core   0: 0x8000dd2c (0xff9ff06f) j       pc - 0x8
core   0: 3 0x8000dd2c (0xff9ff06f)
core   0: 0x8000dd24 (0x00001f17) auipc   t5, 0x1
core   0: 3 0x8000dd24 (0x00001f17) x30 0x8000ed24
core   0: 0x8000dd28 (0x2c3f2e23) sw      gp, 732(t5)
core   0: 3 0x8000dd28 (0x2c3f2e23) mem 0x8000f000 0x00000001
core   0: 0x8000dd2c (0xff9ff06f) j       pc - 0x8
core   0: 3 0x8000dd2c (0xff9ff06f)
core   0: 0x8000dd24 (0x00001f17) auipc   t5, 0x1
core   0: 3 0x8000dd24 (0x00001f17) x30 0x8000ed24
core   0: 0x8000dd28 (0x2c3f2e23) sw      gp, 732(t5)
core   0: 3 0x8000dd28 (0x2c3f2e23) mem 0x8000f000 0x00000001
core   0: 0x8000dd2c (0xff9ff06f) j       pc - 0x8
core   0: 3 0x8000dd2c (0xff9ff06f)
core   0: 0x8000dd24 (0x00001f17) auipc   t5, 0x1
core   0: 3 0x8000dd24 (0x00001f17) x30 0x8000ed24
core   0: 0x8000dd28 (0x2c3f2e23) sw      gp, 732(t5)
core   0: 3 0x8000dd28 (0x2c3f2e23) mem 0x8000f000 0x00000001
core   0: 0x8000dd2c (0xff9ff06f) j       pc - 0x8
core   0: 3 0x8000dd2c (0xff9ff06f)
core   0: 0x8000dd24 (0x00001f17) auipc   t5, 0x1
core   0: 3 0x8000dd24 (0x00001f17) x30 0x8000ed24
core   0: 0x8000dd28 (0x2c3f2e23) sw      gp, 732(t5)
core   0: 3 0x8000dd28 (0x2c3f2e23) mem 0x8000f000 0x00000001
core   0: 0x8000dd2c (0xff9ff06f) j       pc - 0x8
core   0: 3 0x8000dd2c (0xff9ff06f)
core   0: 0x8000dd24 (0x00001f17) auipc   t5, 0x1
core   0: 3 0x8000dd24 (0x00001f17) x30 0x8000ed24
core   0: 0x8000dd28 (0x2c3f2e23) sw      gp, 732(t5)
core   0: 3 0x8000dd28 (0x2c3f2e23) mem 0x8000f000 0x00000001
core   0: 0x8000dd2c (0xff9ff06f) j       pc - 0x8
core   0: 3 0x8000dd2c (0xff9ff06f)
core   0: 0x8000dd24 (0x00001f17) auipc   t5, 0x1
core   0: 3 0x8000dd24 (0x00001f17) x30 0x8000ed24
core   0: 0x8000dd28 (0x2c3f2e23) sw      gp, 732(t5)
core   0: 3 0x8000dd28 (0x2c3f2e23) mem 0x8000f000 0x00000001
core   0: 0x8000dd2c (0xff9ff06f) j       pc - 0x8
core   0: 3 0x8000dd2c (0xff9ff06f)
core   0: 0x8000dd24 (0x00001f17) auipc   t5, 0x1
core   0: 3 0x8000dd24 (0x00001f17) x30 0x8000ed24
core   0: 0x8000dd28 (0x2c3f2e23) sw      gp, 732(t5)
core   0: 3 0x8000dd28 (0x2c3f2e23) mem 0x8000f000 0x00000001
core   0: 0x8000dd2c (0xff9ff06f) j       pc - 0x8
core   0: 3 0x8000dd2c (0xff9ff06f)
core   0: 0x8000dd24 (0x00001f17) auipc   t5, 0x1
core   0: 3 0x8000dd24 (0x00001f17) x30 0x8000ed24
core   0: 0x8000dd28 (0x2c3f2e23) sw      gp, 732(t5)
core   0: 3 0x8000dd28 (0x2c3f2e23) mem 0x8000f000 0x00000001
core   0: 0x8000dd2c (0xff9ff06f) j       pc - 0x8
core   0: 3 0x8000dd2c (0xff9ff06f)
core   0: 0x8000dd24 (0x00001f17) auipc   t5, 0x1
core   0: 3 0x8000dd24 (0x00001f17) x30 0x8000ed24
core   0: 0x8000dd28 (0x2c3f2e23) sw      gp, 732(t5)
core   0: 3 0x8000dd28 (0x2c3f2e23) mem 0x8000f000 0x00000001
core   0: 0x8000dd2c (0xff9ff06f) j       pc - 0x8
core   0: 3 0x8000dd2c (0xff9ff06f)
core   0: 0x8000dd24 (0x00001f17) auipc   t5, 0x1
core   0: 3 0x8000dd24 (0x00001f17) x30 0x8000ed24
core   0: 0x8000dd28 (0x2c3f2e23) sw      gp, 732(t5)
core   0: 3 0x8000dd28 (0x2c3f2e23) mem 0x8000f000 0x00000001
core   0: 0x8000dd2c (0xff9ff06f) j       pc - 0x8
core   0: 3 0x8000dd2c (0xff9ff06f)
core   0: 0x8000dd24 (0x00001f17) auipc   t5, 0x1
core   0: 3 0x8000dd24 (0x00001f17) x30 0x8000ed24
core   0: 0x8000dd28 (0x2c3f2e23) sw      gp, 732(t5)
core   0: 3 0x8000dd28 (0x2c3f2e23) mem 0x8000f000 0x00000001
core   0: 0x8000dd2c (0xff9ff06f) j       pc - 0x8
core   0: 3 0x8000dd2c (0xff9ff06f)
core   0: 0x8000dd24 (0x00001f17) auipc   t5, 0x1
core   0: 3 0x8000dd24 (0x00001f17) x30 0x8000ed24
core   0: 0x8000dd28 (0x2c3f2e23) sw      gp, 732(t5)
core   0: 3 0x8000dd28 (0x2c3f2e23) mem 0x8000f000 0x00000001
core   0: 0x8000dd2c (0xff9ff06f) j       pc - 0x8
core   0: 3 0x8000dd2c (0xff9ff06f)
core   0: 0x8000dd24 (0x00001f17) auipc   t5, 0x1
core   0: 3 0x8000dd24 (0x00001f17) x30 0x8000ed24
core   0: 0x8000dd28 (0x2c3f2e23) sw      gp, 732(t5)
core   0: 3 0x8000dd28 (0x2c3f2e23) mem 0x8000f000 0x00000001
core   0: 0x8000dd2c (0xff9ff06f) j       pc - 0x8
core   0: 3 0x8000dd2c (0xff9ff06f)
core   0: 0x8000dd24 (0x00001f17) auipc   t5, 0x1
core   0: 3 0x8000dd24 (0x00001f17) x30 0x8000ed24
core   0: 0x8000dd28 (0x2c3f2e23) sw      gp, 732(t5)
core   0: 3 0x8000dd28 (0x2c3f2e23) mem 0x8000f000 0x00000001
core   0: 0x8000dd2c (0xff9ff06f) j       pc - 0x8
core   0: 3 0x8000dd2c (0xff9ff06f)
core   0: 0x8000dd24 (0x00001f17) auipc   t5, 0x1
core   0: 3 0x8000dd24 (0x00001f17) x30 0x8000ed24
core   0: 0x8000dd28 (0x2c3f2e23) sw      gp, 732(t5)
core   0: 3 0x8000dd28 (0x2c3f2e23) mem 0x8000f000 0x00000001
core   0: 0x8000dd2c (0xff9ff06f) j       pc - 0x8
core   0: 3 0x8000dd2c (0xff9ff06f)
core   0: 0x8000dd24 (0x00001f17) auipc   t5, 0x1
core   0: 3 0x8000dd24 (0x00001f17) x30 0x8000ed24
core   0: 0x8000dd28 (0x2c3f2e23) sw      gp, 732(t5)
core   0: 3 0x8000dd28 (0x2c3f2e23) mem 0x8000f000 0x00000001
core   0: 0x8000dd2c (0xff9ff06f) j       pc - 0x8
core   0: 3 0x8000dd2c (0xff9ff06f)
core   0: 0x8000dd24 (0x00001f17) auipc   t5, 0x1
core   0: 3 0x8000dd24 (0x00001f17) x30 0x8000ed24
core   0: 0x8000dd28 (0x2c3f2e23) sw      gp, 732(t5)
core   0: 3 0x8000dd28 (0x2c3f2e23) mem 0x8000f000 0x00000001
core   0: 0x8000dd2c (0xff9ff06f) j       pc - 0x8
core   0: 3 0x8000dd2c (0xff9ff06f)
core   0: 0x8000dd24 (0x00001f17) auipc   t5, 0x1
core   0: 3 0x8000dd24 (0x00001f17) x30 0x8000ed24
core   0: 0x8000dd28 (0x2c3f2e23) sw      gp, 732(t5)
core   0: 3 0x8000dd28 (0x2c3f2e23) mem 0x8000f000 0x00000001
core   0: 0x8000dd2c (0xff9ff06f) j       pc - 0x8
core   0: 3 0x8000dd2c (0xff9ff06f)
core   0: 0x8000dd24 (0x00001f17) auipc   t5, 0x1
core   0: 3 0x8000dd24 (0x00001f17) x30 0x8000ed24
core   0: 0x8000dd28 (0x2c3f2e23) sw      gp, 732(t5)
core   0: 3 0x8000dd28 (0x2c3f2e23) mem 0x8000f000 0x00000001
core   0: 0x8000dd2c (0xff9ff06f) j       pc - 0x8
core   0: 3 0x8000dd2c (0xff9ff06f)
core   0: 0x8000dd24 (0x00001f17) auipc   t5, 0x1
core   0: 3 0x8000dd24 (0x00001f17) x30 0x8000ed24
core   0: 0x8000dd28 (0x2c3f2e23) sw      gp, 732(t5)
core   0: 3 0x8000dd28 (0x2c3f2e23) mem 0x8000f000 0x00000001
core   0: 0x8000dd2c (0xff9ff06f) j       pc - 0x8
core   0: 3 0x8000dd2c (0xff9ff06f)
core   0: 0x8000dd24 (0x00001f17) auipc   t5, 0x1
core   0: 3 0x8000dd24 (0x00001f17) x30 0x8000ed24
core   0: 0x8000dd28 (0x2c3f2e23) sw      gp, 732(t5)
core   0: 3 0x8000dd28 (0x2c3f2e23) mem 0x8000f000 0x00000001
core   0: 0x8000dd2c (0xff9ff06f) j       pc - 0x8
core   0: 3 0x8000dd2c (0xff9ff06f)
core   0: 0x8000dd24 (0x00001f17) auipc   t5, 0x1
core   0: 3 0x8000dd24 (0x00001f17) x30 0x8000ed24
core   0: 0x8000dd28 (0x2c3f2e23) sw      gp, 732(t5)
core   0: 3 0x8000dd28 (0x2c3f2e23) mem 0x8000f000 0x00000001
core   0: 0x8000dd2c (0xff9ff06f) j       pc - 0x8
core   0: 3 0x8000dd2c (0xff9ff06f)
core   0: 0x8000dd24 (0x00001f17) auipc   t5, 0x1
core   0: 3 0x8000dd24 (0x00001f17) x30 0x8000ed24
core   0: 0x8000dd28 (0x2c3f2e23) sw      gp, 732(t5)
core   0: 3 0x8000dd28 (0x2c3f2e23) mem 0x8000f000 0x00000001
core   0: 0x8000dd2c (0xff9ff06f) j       pc - 0x8
core   0: 3 0x8000dd2c (0xff9ff06f)
core   0: 0x8000dd24 (0x00001f17) auipc   t5, 0x1
core   0: 3 0x8000dd24 (0x00001f17) x30 0x8000ed24
core   0: 0x8000dd28 (0x2c3f2e23) sw      gp, 732(t5)
core   0: 3 0x8000dd28 (0x2c3f2e23) mem 0x8000f000 0x00000001
core   0: 0x8000dd2c (0xff9ff06f) j       pc - 0x8
core   0: 3 0x8000dd2c (0xff9ff06f)
core   0: 0x8000dd24 (0x00001f17) auipc   t5, 0x1
core   0: 3 0x8000dd24 (0x00001f17) x30 0x8000ed24
core   0: 0x8000dd28 (0x2c3f2e23) sw      gp, 732(t5)
core   0: 3 0x8000dd28 (0x2c3f2e23) mem 0x8000f000 0x00000001
core   0: 0x8000dd2c (0xff9ff06f) j       pc - 0x8
core   0: 3 0x8000dd2c (0xff9ff06f)
core   0: 0x8000dd24 (0x00001f17) auipc   t5, 0x1
core   0: 3 0x8000dd24 (0x00001f17) x30 0x8000ed24
core   0: 0x8000dd28 (0x2c3f2e23) sw      gp, 732(t5)
core   0: 3 0x8000dd28 (0x2c3f2e23) mem 0x8000f000 0x00000001
core   0: 0x8000dd2c (0xff9ff06f) j       pc - 0x8
core   0: 3 0x8000dd2c (0xff9ff06f)
core   0: 0x8000dd24 (0x00001f17) auipc   t5, 0x1
core   0: 3 0x8000dd24 (0x00001f17) x30 0x8000ed24
core   0: 0x8000dd28 (0x2c3f2e23) sw      gp, 732(t5)
core   0: 3 0x8000dd28 (0x2c3f2e23) mem 0x8000f000 0x00000001
core   0: 0x8000dd2c (0xff9ff06f) j       pc - 0x8
core   0: 3 0x8000dd2c (0xff9ff06f)
core   0: 0x8000dd24 (0x00001f17) auipc   t5, 0x1
core   0: 3 0x8000dd24 (0x00001f17) x30 0x8000ed24
core   0: 0x8000dd28 (0x2c3f2e23) sw      gp, 732(t5)
core   0: 3 0x8000dd28 (0x2c3f2e23) mem 0x8000f000 0x00000001
core   0: 0x8000dd2c (0xff9ff06f) j       pc - 0x8
core   0: 3 0x8000dd2c (0xff9ff06f)
core   0: 0x8000dd24 (0x00001f17) auipc   t5, 0x1
core   0: 3 0x8000dd24 (0x00001f17) x30 0x8000ed24
core   0: 0x8000dd28 (0x2c3f2e23) sw      gp, 732(t5)
core   0: 3 0x8000dd28 (0x2c3f2e23) mem 0x8000f000 0x00000001
core   0: 0x8000dd2c (0xff9ff06f) j       pc - 0x8
core   0: 3 0x8000dd2c (0xff9ff06f)
core   0: 0x8000dd24 (0x00001f17) auipc   t5, 0x1
core   0: 3 0x8000dd24 (0x00001f17) x30 0x8000ed24
core   0: 0x8000dd28 (0x2c3f2e23) sw      gp, 732(t5)
core   0: 3 0x8000dd28 (0x2c3f2e23) mem 0x8000f000 0x00000001
core   0: 0x8000dd2c (0xff9ff06f) j       pc - 0x8
core   0: 3 0x8000dd2c (0xff9ff06f)
core   0: 0x8000dd24 (0x00001f17) auipc   t5, 0x1
core   0: 3 0x8000dd24 (0x00001f17) x30 0x8000ed24
core   0: 0x8000dd28 (0x2c3f2e23) sw      gp, 732(t5)
core   0: 3 0x8000dd28 (0x2c3f2e23) mem 0x8000f000 0x00000001
core   0: 0x8000dd2c (0xff9ff06f) j       pc - 0x8
core   0: 3 0x8000dd2c (0xff9ff06f)
core   0: 0x8000dd24 (0x00001f17) auipc   t5, 0x1
core   0: 3 0x8000dd24 (0x00001f17) x30 0x8000ed24
core   0: 0x8000dd28 (0x2c3f2e23) sw      gp, 732(t5)
core   0: 3 0x8000dd28 (0x2c3f2e23) mem 0x8000f000 0x00000001
core   0: 0x8000dd2c (0xff9ff06f) j       pc - 0x8
core   0: 3 0x8000dd2c (0xff9ff06f)
core   0: 0x8000dd24 (0x00001f17) auipc   t5, 0x1
core   0: 3 0x8000dd24 (0x00001f17) x30 0x8000ed24
core   0: 0x8000dd28 (0x2c3f2e23) sw      gp, 732(t5)
core   0: 3 0x8000dd28 (0x2c3f2e23) mem 0x8000f000 0x00000001
core   0: 0x8000dd2c (0xff9ff06f) j       pc - 0x8
core   0: 3 0x8000dd2c (0xff9ff06f)
core   0: 0x8000dd24 (0x00001f17) auipc   t5, 0x1
core   0: 3 0x8000dd24 (0x00001f17) x30 0x8000ed24
core   0: 0x8000dd28 (0x2c3f2e23) sw      gp, 732(t5)
core   0: 3 0x8000dd28 (0x2c3f2e23) mem 0x8000f000 0x00000001
core   0: 0x8000dd2c (0xff9ff06f) j       pc - 0x8
core   0: 3 0x8000dd2c (0xff9ff06f)
core   0: 0x8000dd24 (0x00001f17) auipc   t5, 0x1
core   0: 3 0x8000dd24 (0x00001f17) x30 0x8000ed24
core   0: 0x8000dd28 (0x2c3f2e23) sw      gp, 732(t5)
core   0: 3 0x8000dd28 (0x2c3f2e23) mem 0x8000f000 0x00000001
core   0: 0x8000dd2c (0xff9ff06f) j       pc - 0x8
core   0: 3 0x8000dd2c (0xff9ff06f)
core   0: 0x8000dd24 (0x00001f17) auipc   t5, 0x1
core   0: 3 0x8000dd24 (0x00001f17) x30 0x8000ed24
core   0: 0x8000dd28 (0x2c3f2e23) sw      gp, 732(t5)
core   0: 3 0x8000dd28 (0x2c3f2e23) mem 0x8000f000 0x00000001
core   0: 0x8000dd2c (0xff9ff06f) j       pc - 0x8
core   0: 3 0x8000dd2c (0xff9ff06f)
core   0: 0x8000dd24 (0x00001f17) auipc   t5, 0x1
core   0: 3 0x8000dd24 (0x00001f17) x30 0x8000ed24
core   0: 0x8000dd28 (0x2c3f2e23) sw      gp, 732(t5)
core   0: 3 0x8000dd28 (0x2c3f2e23) mem 0x8000f000 0x00000001
core   0: 0x8000dd2c (0xff9ff06f) j       pc - 0x8
core   0: 3 0x8000dd2c (0xff9ff06f)
core   0: 0x8000dd24 (0x00001f17) auipc   t5, 0x1
core   0: 3 0x8000dd24 (0x00001f17) x30 0x8000ed24
core   0: 0x8000dd28 (0x2c3f2e23) sw      gp, 732(t5)
core   0: 3 0x8000dd28 (0x2c3f2e23) mem 0x8000f000 0x00000001
core   0: 0x8000dd2c (0xff9ff06f) j       pc - 0x8
core   0: 3 0x8000dd2c (0xff9ff06f)
core   0: 0x8000dd24 (0x00001f17) auipc   t5, 0x1
core   0: 3 0x8000dd24 (0x00001f17) x30 0x8000ed24
core   0: 0x8000dd28 (0x2c3f2e23) sw      gp, 732(t5)
core   0: 3 0x8000dd28 (0x2c3f2e23) mem 0x8000f000 0x00000001
core   0: 0x8000dd2c (0xff9ff06f) j       pc - 0x8
core   0: 3 0x8000dd2c (0xff9ff06f)
core   0: 0x8000dd24 (0x00001f17) auipc   t5, 0x1
core   0: 3 0x8000dd24 (0x00001f17) x30 0x8000ed24
core   0: 0x8000dd28 (0x2c3f2e23) sw      gp, 732(t5)
core   0: 3 0x8000dd28 (0x2c3f2e23) mem 0x8000f000 0x00000001
core   0: 0x8000dd2c (0xff9ff06f) j       pc - 0x8
core   0: 3 0x8000dd2c (0xff9ff06f)
core   0: 0x8000dd24 (0x00001f17) auipc   t5, 0x1
core   0: 3 0x8000dd24 (0x00001f17) x30 0x8000ed24
core   0: 0x8000dd28 (0x2c3f2e23) sw      gp, 732(t5)
core   0: 3 0x8000dd28 (0x2c3f2e23) mem 0x8000f000 0x00000001
core   0: 0x8000dd2c (0xff9ff06f) j       pc - 0x8
core   0: 3 0x8000dd2c (0xff9ff06f)
core   0: 0x8000dd24 (0x00001f17) auipc   t5, 0x1
core   0: 3 0x8000dd24 (0x00001f17) x30 0x8000ed24
core   0: 0x8000dd28 (0x2c3f2e23) sw      gp, 732(t5)
core   0: 3 0x8000dd28 (0x2c3f2e23) mem 0x8000f000 0x00000001
core   0: 0x8000dd2c (0xff9ff06f) j       pc - 0x8
core   0: 3 0x8000dd2c (0xff9ff06f)
core   0: 0x8000dd24 (0x00001f17) auipc   t5, 0x1
core   0: 3 0x8000dd24 (0x00001f17) x30 0x8000ed24
core   0: 0x8000dd28 (0x2c3f2e23) sw      gp, 732(t5)
core   0: 3 0x8000dd28 (0x2c3f2e23) mem 0x8000f000 0x00000001
core   0: 0x8000dd2c (0xff9ff06f) j       pc - 0x8
core   0: 3 0x8000dd2c (0xff9ff06f)
core   0: 0x8000dd24 (0x00001f17) auipc   t5, 0x1
core   0: 3 0x8000dd24 (0x00001f17) x30 0x8000ed24
core   0: 0x8000dd28 (0x2c3f2e23) sw      gp, 732(t5)
core   0: 3 0x8000dd28 (0x2c3f2e23) mem 0x8000f000 0x00000001
core   0: 0x8000dd2c (0xff9ff06f) j       pc - 0x8
core   0: 3 0x8000dd2c (0xff9ff06f)
core   0: 0x8000dd24 (0x00001f17) auipc   t5, 0x1
core   0: 3 0x8000dd24 (0x00001f17) x30 0x8000ed24
core   0: 0x8000dd28 (0x2c3f2e23) sw      gp, 732(t5)
core   0: 3 0x8000dd28 (0x2c3f2e23) mem 0x8000f000 0x00000001
core   0: 0x8000dd2c (0xff9ff06f) j       pc - 0x8
core   0: 3 0x8000dd2c (0xff9ff06f)
core   0: 0x8000dd24 (0x00001f17) auipc   t5, 0x1
core   0: 3 0x8000dd24 (0x00001f17) x30 0x8000ed24
core   0: 0x8000dd28 (0x2c3f2e23) sw      gp, 732(t5)
core   0: 3 0x8000dd28 (0x2c3f2e23) mem 0x8000f000 0x00000001
core   0: 0x8000dd2c (0xff9ff06f) j       pc - 0x8
core   0: 3 0x8000dd2c (0xff9ff06f)
core   0: 0x8000dd24 (0x00001f17) auipc   t5, 0x1
core   0: 3 0x8000dd24 (0x00001f17) x30 0x8000ed24
core   0: 0x8000dd28 (0x2c3f2e23) sw      gp, 732(t5)
core   0: 3 0x8000dd28 (0x2c3f2e23) mem 0x8000f000 0x00000001
core   0: 0x8000dd2c (0xff9ff06f) j       pc - 0x8
core   0: 3 0x8000dd2c (0xff9ff06f)
core   0: 0x8000dd24 (0x00001f17) auipc   t5, 0x1
core   0: 3 0x8000dd24 (0x00001f17) x30 0x8000ed24
core   0: 0x8000dd28 (0x2c3f2e23) sw      gp, 732(t5)
core   0: 3 0x8000dd28 (0x2c3f2e23) mem 0x8000f000 0x00000001
core   0: 0x8000dd2c (0xff9ff06f) j       pc - 0x8
core   0: 3 0x8000dd2c (0xff9ff06f)
core   0: 0x8000dd24 (0x00001f17) auipc   t5, 0x1
core   0: 3 0x8000dd24 (0x00001f17) x30 0x8000ed24
core   0: 0x8000dd28 (0x2c3f2e23) sw      gp, 732(t5)
core   0: 3 0x8000dd28 (0x2c3f2e23) mem 0x8000f000 0x00000001
core   0: 0x8000dd2c (0xff9ff06f) j       pc - 0x8
core   0: 3 0x8000dd2c (0xff9ff06f)
core   0: 0x8000dd24 (0x00001f17) auipc   t5, 0x1
core   0: 3 0x8000dd24 (0x00001f17) x30 0x8000ed24
core   0: 0x8000dd28 (0x2c3f2e23) sw      gp, 732(t5)
core   0: 3 0x8000dd28 (0x2c3f2e23) mem 0x8000f000 0x00000001
core   0: 0x8000dd2c (0xff9ff06f) j       pc - 0x8
core   0: 3 0x8000dd2c (0xff9ff06f)
core   0: 0x8000dd24 (0x00001f17) auipc   t5, 0x1
core   0: 3 0x8000dd24 (0x00001f17) x30 0x8000ed24
core   0: 0x8000dd28 (0x2c3f2e23) sw      gp, 732(t5)
core   0: 3 0x8000dd28 (0x2c3f2e23) mem 0x8000f000 0x00000001
core   0: 0x8000dd2c (0xff9ff06f) j       pc - 0x8
core   0: 3 0x8000dd2c (0xff9ff06f)
core   0: 0x8000dd24 (0x00001f17) auipc   t5, 0x1
core   0: 3 0x8000dd24 (0x00001f17) x30 0x8000ed24
core   0: 0x8000dd28 (0x2c3f2e23) sw      gp, 732(t5)
core   0: 3 0x8000dd28 (0x2c3f2e23) mem 0x8000f000 0x00000001
core   0: 0x8000dd2c (0xff9ff06f) j       pc - 0x8
core   0: 3 0x8000dd2c (0xff9ff06f)
core   0: 0x8000dd24 (0x00001f17) auipc   t5, 0x1
core   0: 3 0x8000dd24 (0x00001f17) x30 0x8000ed24
core   0: 0x8000dd28 (0x2c3f2e23) sw      gp, 732(t5)
core   0: 3 0x8000dd28 (0x2c3f2e23) mem 0x8000f000 0x00000001
core   0: 0x8000dd2c (0xff9ff06f) j       pc - 0x8
core   0: 3 0x8000dd2c (0xff9ff06f)
core   0: 0x8000dd24 (0x00001f17) auipc   t5, 0x1
core   0: 3 0x8000dd24 (0x00001f17) x30 0x8000ed24
core   0: 0x8000dd28 (0x2c3f2e23) sw      gp, 732(t5)
core   0: 3 0x8000dd28 (0x2c3f2e23) mem 0x8000f000 0x00000001
core   0: 0x8000dd2c (0xff9ff06f) j       pc - 0x8
core   0: 3 0x8000dd2c (0xff9ff06f)
core   0: 0x8000dd24 (0x00001f17) auipc   t5, 0x1
core   0: 3 0x8000dd24 (0x00001f17) x30 0x8000ed24
core   0: 0x8000dd28 (0x2c3f2e23) sw      gp, 732(t5)
core   0: 3 0x8000dd28 (0x2c3f2e23) mem 0x8000f000 0x00000001
core   0: 0x8000dd2c (0xff9ff06f) j       pc - 0x8
core   0: 3 0x8000dd2c (0xff9ff06f)
core   0: 0x8000dd24 (0x00001f17) auipc   t5, 0x1
core   0: 3 0x8000dd24 (0x00001f17) x30 0x8000ed24
core   0: 0x8000dd28 (0x2c3f2e23) sw      gp, 732(t5)
core   0: 3 0x8000dd28 (0x2c3f2e23) mem 0x8000f000 0x00000001
core   0: 0x8000dd2c (0xff9ff06f) j       pc - 0x8
core   0: 3 0x8000dd2c (0xff9ff06f)
core   0: 0x8000dd24 (0x00001f17) auipc   t5, 0x1
core   0: 3 0x8000dd24 (0x00001f17) x30 0x8000ed24
core   0: 0x8000dd28 (0x2c3f2e23) sw      gp, 732(t5)
core   0: 3 0x8000dd28 (0x2c3f2e23) mem 0x8000f000 0x00000001
core   0: 0x8000dd2c (0xff9ff06f) j       pc - 0x8
core   0: 3 0x8000dd2c (0xff9ff06f)
core   0: 0x8000dd24 (0x00001f17) auipc   t5, 0x1
core   0: 3 0x8000dd24 (0x00001f17) x30 0x8000ed24
core   0: 0x8000dd28 (0x2c3f2e23) sw      gp, 732(t5)
core   0: 3 0x8000dd28 (0x2c3f2e23) mem 0x8000f000 0x00000001
core   0: 0x8000dd2c (0xff9ff06f) j       pc - 0x8
core   0: 3 0x8000dd2c (0xff9ff06f)
core   0: 0x8000dd24 (0x00001f17) auipc   t5, 0x1
core   0: 3 0x8000dd24 (0x00001f17) x30 0x8000ed24
core   0: 0x8000dd28 (0x2c3f2e23) sw      gp, 732(t5)
core   0: 3 0x8000dd28 (0x2c3f2e23) mem 0x8000f000 0x00000001
core   0: 0x8000dd2c (0xff9ff06f) j       pc - 0x8
core   0: 3 0x8000dd2c (0xff9ff06f)
core   0: 0x8000dd24 (0x00001f17) auipc   t5, 0x1
core   0: 3 0x8000dd24 (0x00001f17) x30 0x8000ed24
core   0: 0x8000dd28 (0x2c3f2e23) sw      gp, 732(t5)
core   0: 3 0x8000dd28 (0x2c3f2e23) mem 0x8000f000 0x00000001
core   0: 0x8000dd2c (0xff9ff06f) j       pc - 0x8
core   0: 3 0x8000dd2c (0xff9ff06f)
core   0: 0x8000dd24 (0x00001f17) auipc   t5, 0x1
core   0: 3 0x8000dd24 (0x00001f17) x30 0x8000ed24
core   0: 0x8000dd28 (0x2c3f2e23) sw      gp, 732(t5)
core   0: 3 0x8000dd28 (0x2c3f2e23) mem 0x8000f000 0x00000001
core   0: 0x8000dd2c (0xff9ff06f) j       pc - 0x8
core   0: 3 0x8000dd2c (0xff9ff06f)
core   0: 0x8000dd24 (0x00001f17) auipc   t5, 0x1
core   0: 3 0x8000dd24 (0x00001f17) x30 0x8000ed24
core   0: 0x8000dd28 (0x2c3f2e23) sw      gp, 732(t5)
core   0: 3 0x8000dd28 (0x2c3f2e23) mem 0x8000f000 0x00000001
core   0: 0x8000dd2c (0xff9ff06f) j       pc - 0x8
core   0: 3 0x8000dd2c (0xff9ff06f)
core   0: 0x8000dd24 (0x00001f17) auipc   t5, 0x1
core   0: 3 0x8000dd24 (0x00001f17) x30 0x8000ed24
core   0: 0x8000dd28 (0x2c3f2e23) sw      gp, 732(t5)
core   0: 3 0x8000dd28 (0x2c3f2e23) mem 0x8000f000 0x00000001
core   0: 0x8000dd2c (0xff9ff06f) j       pc - 0x8
core   0: 3 0x8000dd2c (0xff9ff06f)
core   0: 0x8000dd24 (0x00001f17) auipc   t5, 0x1
core   0: 3 0x8000dd24 (0x00001f17) x30 0x8000ed24
core   0: 0x8000dd28 (0x2c3f2e23) sw      gp, 732(t5)
core   0: 3 0x8000dd28 (0x2c3f2e23) mem 0x8000f000 0x00000001
core   0: 0x8000dd2c (0xff9ff06f) j       pc - 0x8
core   0: 3 0x8000dd2c (0xff9ff06f)
core   0: 0x8000dd24 (0x00001f17) auipc   t5, 0x1
core   0: 3 0x8000dd24 (0x00001f17) x30 0x8000ed24
core   0: 0x8000dd28 (0x2c3f2e23) sw      gp, 732(t5)
core   0: 3 0x8000dd28 (0x2c3f2e23) mem 0x8000f000 0x00000001
core   0: 0x8000dd2c (0xff9ff06f) j       pc - 0x8
core   0: 3 0x8000dd2c (0xff9ff06f)
core   0: 0x8000dd24 (0x00001f17) auipc   t5, 0x1
core   0: 3 0x8000dd24 (0x00001f17) x30 0x8000ed24
core   0: 0x8000dd28 (0x2c3f2e23) sw      gp, 732(t5)
core   0: 3 0x8000dd28 (0x2c3f2e23) mem 0x8000f000 0x00000001
core   0: 0x8000dd2c (0xff9ff06f) j       pc - 0x8
core   0: 3 0x8000dd2c (0xff9ff06f)
core   0: 0x8000dd24 (0x00001f17) auipc   t5, 0x1
core   0: 3 0x8000dd24 (0x00001f17) x30 0x8000ed24
core   0: 0x8000dd28 (0x2c3f2e23) sw      gp, 732(t5)
core   0: 3 0x8000dd28 (0x2c3f2e23) mem 0x8000f000 0x00000001
core   0: 0x8000dd2c (0xff9ff06f) j       pc - 0x8
core   0: 3 0x8000dd2c (0xff9ff06f)
core   0: 0x8000dd24 (0x00001f17) auipc   t5, 0x1
core   0: 3 0x8000dd24 (0x00001f17) x30 0x8000ed24
core   0: 0x8000dd28 (0x2c3f2e23) sw      gp, 732(t5)
core   0: 3 0x8000dd28 (0x2c3f2e23) mem 0x8000f000 0x00000001
core   0: 0x8000dd2c (0xff9ff06f) j       pc - 0x8
core   0: 3 0x8000dd2c (0xff9ff06f)
core   0: 0x8000dd24 (0x00001f17) auipc   t5, 0x1
core   0: 3 0x8000dd24 (0x00001f17) x30 0x8000ed24
core   0: 0x8000dd28 (0x2c3f2e23) sw      gp, 732(t5)
core   0: 3 0x8000dd28 (0x2c3f2e23) mem 0x8000f000 0x00000001
core   0: 0x8000dd2c (0xff9ff06f) j       pc - 0x8
core   0: 3 0x8000dd2c (0xff9ff06f)
core   0: 0x8000dd24 (0x00001f17) auipc   t5, 0x1
core   0: 3 0x8000dd24 (0x00001f17) x30 0x8000ed24
core   0: 0x8000dd28 (0x2c3f2e23) sw      gp, 732(t5)
core   0: 3 0x8000dd28 (0x2c3f2e23) mem 0x8000f000 0x00000001
core   0: 0x8000dd2c (0xff9ff06f) j       pc - 0x8
core   0: 3 0x8000dd2c (0xff9ff06f)
core   0: 0x8000dd24 (0x00001f17) auipc   t5, 0x1
core   0: 3 0x8000dd24 (0x00001f17) x30 0x8000ed24
core   0: 0x8000dd28 (0x2c3f2e23) sw      gp, 732(t5)
core   0: 3 0x8000dd28 (0x2c3f2e23) mem 0x8000f000 0x00000001
core   0: 0x8000dd2c (0xff9ff06f) j       pc - 0x8
core   0: 3 0x8000dd2c (0xff9ff06f)
core   0: 0x8000dd24 (0x00001f17) auipc   t5, 0x1
core   0: 3 0x8000dd24 (0x00001f17) x30 0x8000ed24
core   0: 0x8000dd28 (0x2c3f2e23) sw      gp, 732(t5)
core   0: 3 0x8000dd28 (0x2c3f2e23) mem 0x8000f000 0x00000001
core   0: 0x8000dd2c (0xff9ff06f) j       pc - 0x8
core   0: 3 0x8000dd2c (0xff9ff06f)
core   0: 0x8000dd24 (0x00001f17) auipc   t5, 0x1
core   0: 3 0x8000dd24 (0x00001f17) x30 0x8000ed24
core   0: 0x8000dd28 (0x2c3f2e23) sw      gp, 732(t5)
core   0: 3 0x8000dd28 (0x2c3f2e23) mem 0x8000f000 0x00000001
core   0: 0x8000dd2c (0xff9ff06f) j       pc - 0x8
core   0: 3 0x8000dd2c (0xff9ff06f)
core   0: 0x8000dd24 (0x00001f17) auipc   t5, 0x1
core   0: 3 0x8000dd24 (0x00001f17) x30 0x8000ed24
core   0: 0x8000dd28 (0x2c3f2e23) sw      gp, 732(t5)
core   0: 3 0x8000dd28 (0x2c3f2e23) mem 0x8000f000 0x00000001
core   0: 0x8000dd2c (0xff9ff06f) j       pc - 0x8
core   0: 3 0x8000dd2c (0xff9ff06f)
core   0: 0x8000dd24 (0x00001f17) auipc   t5, 0x1
core   0: 3 0x8000dd24 (0x00001f17) x30 0x8000ed24
core   0: 0x8000dd28 (0x2c3f2e23) sw      gp, 732(t5)
core   0: 3 0x8000dd28 (0x2c3f2e23) mem 0x8000f000 0x00000001
core   0: 0x8000dd2c (0xff9ff06f) j       pc - 0x8
core   0: 3 0x8000dd2c (0xff9ff06f)
core   0: 0x8000dd24 (0x00001f17) auipc   t5, 0x1
core   0: 3 0x8000dd24 (0x00001f17) x30 0x8000ed24
core   0: 0x8000dd28 (0x2c3f2e23) sw      gp, 732(t5)
core   0: 3 0x8000dd28 (0x2c3f2e23) mem 0x8000f000 0x00000001
core   0: 0x8000dd2c (0xff9ff06f) j       pc - 0x8
core   0: 3 0x8000dd2c (0xff9ff06f)
core   0: 0x8000dd24 (0x00001f17) auipc   t5, 0x1
core   0: 3 0x8000dd24 (0x00001f17) x30 0x8000ed24
core   0: 0x8000dd28 (0x2c3f2e23) sw      gp, 732(t5)
core   0: 3 0x8000dd28 (0x2c3f2e23) mem 0x8000f000 0x00000001
core   0: 0x8000dd2c (0xff9ff06f) j       pc - 0x8
core   0: 3 0x8000dd2c (0xff9ff06f)
core   0: 0x8000dd24 (0x00001f17) auipc   t5, 0x1
core   0: 3 0x8000dd24 (0x00001f17) x30 0x8000ed24
core   0: 0x8000dd28 (0x2c3f2e23) sw      gp, 732(t5)
core   0: 3 0x8000dd28 (0x2c3f2e23) mem 0x8000f000 0x00000001
core   0: 0x8000dd2c (0xff9ff06f) j       pc - 0x8
core   0: 3 0x8000dd2c (0xff9ff06f)
core   0: 0x8000dd24 (0x00001f17) auipc   t5, 0x1
core   0: 3 0x8000dd24 (0x00001f17) x30 0x8000ed24
core   0: 0x8000dd28 (0x2c3f2e23) sw      gp, 732(t5)
core   0: 3 0x8000dd28 (0x2c3f2e23) mem 0x8000f000 0x00000001
core   0: 0x8000dd2c (0xff9ff06f) j       pc - 0x8
core   0: 3 0x8000dd2c (0xff9ff06f)
core   0: 0x8000dd24 (0x00001f17) auipc   t5, 0x1
core   0: 3 0x8000dd24 (0x00001f17) x30 0x8000ed24
core   0: 0x8000dd28 (0x2c3f2e23) sw      gp, 732(t5)
core   0: 3 0x8000dd28 (0x2c3f2e23) mem 0x8000f000 0x00000001
core   0: 0x8000dd2c (0xff9ff06f) j       pc - 0x8
core   0: 3 0x8000dd2c (0xff9ff06f)
core   0: 0x8000dd24 (0x00001f17) auipc   t5, 0x1
core   0: 3 0x8000dd24 (0x00001f17) x30 0x8000ed24
core   0: 0x8000dd28 (0x2c3f2e23) sw      gp, 732(t5)
core   0: 3 0x8000dd28 (0x2c3f2e23) mem 0x8000f000 0x00000001
core   0: 0x8000dd2c (0xff9ff06f) j       pc - 0x8
core   0: 3 0x8000dd2c (0xff9ff06f)
core   0: 0x8000dd24 (0x00001f17) auipc   t5, 0x1
core   0: 3 0x8000dd24 (0x00001f17) x30 0x8000ed24
core   0: 0x8000dd28 (0x2c3f2e23) sw      gp, 732(t5)
core   0: 3 0x8000dd28 (0x2c3f2e23) mem 0x8000f000 0x00000001
core   0: 0x8000dd2c (0xff9ff06f) j       pc - 0x8
core   0: 3 0x8000dd2c (0xff9ff06f)
core   0: 0x8000dd24 (0x00001f17) auipc   t5, 0x1
core   0: 3 0x8000dd24 (0x00001f17) x30 0x8000ed24
core   0: 0x8000dd28 (0x2c3f2e23) sw      gp, 732(t5)
core   0: 3 0x8000dd28 (0x2c3f2e23) mem 0x8000f000 0x00000001
core   0: 0x8000dd2c (0xff9ff06f) j       pc - 0x8
core   0: 3 0x8000dd2c (0xff9ff06f)
core   0: 0x8000dd24 (0x00001f17) auipc   t5, 0x1
core   0: 3 0x8000dd24 (0x00001f17) x30 0x8000ed24
core   0: 0x8000dd28 (0x2c3f2e23) sw      gp, 732(t5)
core   0: 3 0x8000dd28 (0x2c3f2e23) mem 0x8000f000 0x00000001
core   0: 0x8000dd2c (0xff9ff06f) j       pc - 0x8
core   0: 3 0x8000dd2c (0xff9ff06f)
core   0: 0x8000dd24 (0x00001f17) auipc   t5, 0x1
core   0: 3 0x8000dd24 (0x00001f17) x30 0x8000ed24
core   0: 0x8000dd28 (0x2c3f2e23) sw      gp, 732(t5)
core   0: 3 0x8000dd28 (0x2c3f2e23) mem 0x8000f000 0x00000001
core   0: 0x8000dd2c (0xff9ff06f) j       pc - 0x8
core   0: 3 0x8000dd2c (0xff9ff06f)
core   0: 0x8000dd24 (0x00001f17) auipc   t5, 0x1
core   0: 3 0x8000dd24 (0x00001f17) x30 0x8000ed24
core   0: 0x8000dd28 (0x2c3f2e23) sw      gp, 732(t5)
core   0: 3 0x8000dd28 (0x2c3f2e23) mem 0x8000f000 0x00000001
core   0: 0x8000dd2c (0xff9ff06f) j       pc - 0x8
core   0: 3 0x8000dd2c (0xff9ff06f)
core   0: 0x8000dd24 (0x00001f17) auipc   t5, 0x1
core   0: 3 0x8000dd24 (0x00001f17) x30 0x8000ed24
core   0: 0x8000dd28 (0x2c3f2e23) sw      gp, 732(t5)
core   0: 3 0x8000dd28 (0x2c3f2e23) mem 0x8000f000 0x00000001
core   0: 0x8000dd2c (0xff9ff06f) j       pc - 0x8
core   0: 3 0x8000dd2c (0xff9ff06f)
core   0: 0x8000dd24 (0x00001f17) auipc   t5, 0x1
core   0: 3 0x8000dd24 (0x00001f17) x30 0x8000ed24
core   0: 0x8000dd28 (0x2c3f2e23) sw      gp, 732(t5)
core   0: 3 0x8000dd28 (0x2c3f2e23) mem 0x8000f000 0x00000001
core   0: 0x8000dd2c (0xff9ff06f) j       pc - 0x8
core   0: 3 0x8000dd2c (0xff9ff06f)
core   0: 0x8000dd24 (0x00001f17) auipc   t5, 0x1
core   0: 3 0x8000dd24 (0x00001f17) x30 0x8000ed24
core   0: 0x8000dd28 (0x2c3f2e23) sw      gp, 732(t5)
core   0: 3 0x8000dd28 (0x2c3f2e23) mem 0x8000f000 0x00000001
core   0: 0x8000dd2c (0xff9ff06f) j       pc - 0x8
core   0: 3 0x8000dd2c (0xff9ff06f)
core   0: 0x8000dd24 (0x00001f17) auipc   t5, 0x1
core   0: 3 0x8000dd24 (0x00001f17) x30 0x8000ed24
core   0: 0x8000dd28 (0x2c3f2e23) sw      gp, 732(t5)
core   0: 3 0x8000dd28 (0x2c3f2e23) mem 0x8000f000 0x00000001
core   0: 0x8000dd2c (0xff9ff06f) j       pc - 0x8
core   0: 3 0x8000dd2c (0xff9ff06f)
core   0: 0x8000dd24 (0x00001f17) auipc   t5, 0x1
core   0: 3 0x8000dd24 (0x00001f17) x30 0x8000ed24
core   0: 0x8000dd28 (0x2c3f2e23) sw      gp, 732(t5)
core   0: 3 0x8000dd28 (0x2c3f2e23) mem 0x8000f000 0x00000001
core   0: 0x8000dd2c (0xff9ff06f) j       pc - 0x8
core   0: 3 0x8000dd2c (0xff9ff06f)
core   0: 0x8000dd24 (0x00001f17) auipc   t5, 0x1
core   0: 3 0x8000dd24 (0x00001f17) x30 0x8000ed24
core   0: 0x8000dd28 (0x2c3f2e23) sw      gp, 732(t5)
core   0: 3 0x8000dd28 (0x2c3f2e23) mem 0x8000f000 0x00000001
core   0: 0x8000dd2c (0xff9ff06f) j       pc - 0x8
core   0: 3 0x8000dd2c (0xff9ff06f)
core   0: 0x8000dd24 (0x00001f17) auipc   t5, 0x1
core   0: 3 0x8000dd24 (0x00001f17) x30 0x8000ed24
core   0: 0x8000dd28 (0x2c3f2e23) sw      gp, 732(t5)
core   0: 3 0x8000dd28 (0x2c3f2e23) mem 0x8000f000 0x00000001
core   0: 0x8000dd2c (0xff9ff06f) j       pc - 0x8
core   0: 3 0x8000dd2c (0xff9ff06f)
core   0: 0x8000dd24 (0x00001f17) auipc   t5, 0x1
core   0: 3 0x8000dd24 (0x00001f17) x30 0x8000ed24
core   0: 0x8000dd28 (0x2c3f2e23) sw      gp, 732(t5)
core   0: 3 0x8000dd28 (0x2c3f2e23) mem 0x8000f000 0x00000001
core   0: 0x8000dd2c (0xff9ff06f) j       pc - 0x8
core   0: 3 0x8000dd2c (0xff9ff06f)
core   0: 0x8000dd24 (0x00001f17) auipc   t5, 0x1
core   0: 3 0x8000dd24 (0x00001f17) x30 0x8000ed24
core   0: 0x8000dd28 (0x2c3f2e23) sw      gp, 732(t5)
core   0: 3 0x8000dd28 (0x2c3f2e23) mem 0x8000f000 0x00000001
core   0: 0x8000dd2c (0xff9ff06f) j       pc - 0x8
core   0: 3 0x8000dd2c (0xff9ff06f)
core   0: 0x8000dd24 (0x00001f17) auipc   t5, 0x1
core   0: 3 0x8000dd24 (0x00001f17) x30 0x8000ed24
core   0: 0x8000dd28 (0x2c3f2e23) sw      gp, 732(t5)
core   0: 3 0x8000dd28 (0x2c3f2e23) mem 0x8000f000 0x00000001
core   0: 0x8000dd2c (0xff9ff06f) j       pc - 0x8
core   0: 3 0x8000dd2c (0xff9ff06f)
core   0: 0x8000dd24 (0x00001f17) auipc   t5, 0x1
core   0: 3 0x8000dd24 (0x00001f17) x30 0x8000ed24
core   0: 0x8000dd28 (0x2c3f2e23) sw      gp, 732(t5)
core   0: 3 0x8000dd28 (0x2c3f2e23) mem 0x8000f000 0x00000001
core   0: 0x8000dd2c (0xff9ff06f) j       pc - 0x8
core   0: 3 0x8000dd2c (0xff9ff06f)
core   0: 0x8000dd24 (0x00001f17) auipc   t5, 0x1
core   0: 3 0x8000dd24 (0x00001f17) x30 0x8000ed24
core   0: 0x8000dd28 (0x2c3f2e23) sw      gp, 732(t5)
core   0: 3 0x8000dd28 (0x2c3f2e23) mem 0x8000f000 0x00000001
core   0: 0x8000dd2c (0xff9ff06f) j       pc - 0x8
core   0: 3 0x8000dd2c (0xff9ff06f)
core   0: 0x8000dd24 (0x00001f17) auipc   t5, 0x1
core   0: 3 0x8000dd24 (0x00001f17) x30 0x8000ed24
core   0: 0x8000dd28 (0x2c3f2e23) sw      gp, 732(t5)
core   0: 3 0x8000dd28 (0x2c3f2e23) mem 0x8000f000 0x00000001
core   0: 0x8000dd2c (0xff9ff06f) j       pc - 0x8
core   0: 3 0x8000dd2c (0xff9ff06f)
core   0: 0x8000dd24 (0x00001f17) auipc   t5, 0x1
core   0: 3 0x8000dd24 (0x00001f17) x30 0x8000ed24
core   0: 0x8000dd28 (0x2c3f2e23) sw      gp, 732(t5)
core   0: 3 0x8000dd28 (0x2c3f2e23) mem 0x8000f000 0x00000001
core   0: 0x8000dd2c (0xff9ff06f) j       pc - 0x8
core   0: 3 0x8000dd2c (0xff9ff06f)
core   0: 0x8000dd24 (0x00001f17) auipc   t5, 0x1
core   0: 3 0x8000dd24 (0x00001f17) x30 0x8000ed24
core   0: 0x8000dd28 (0x2c3f2e23) sw      gp, 732(t5)
core   0: 3 0x8000dd28 (0x2c3f2e23) mem 0x8000f000 0x00000001
core   0: 0x8000dd2c (0xff9ff06f) j       pc - 0x8
core   0: 3 0x8000dd2c (0xff9ff06f)
core   0: 0x8000dd24 (0x00001f17) auipc   t5, 0x1
core   0: 3 0x8000dd24 (0x00001f17) x30 0x8000ed24
core   0: 0x8000dd28 (0x2c3f2e23) sw      gp, 732(t5)
core   0: 3 0x8000dd28 (0x2c3f2e23) mem 0x8000f000 0x00000001
core   0: 0x8000dd2c (0xff9ff06f) j       pc - 0x8
core   0: 3 0x8000dd2c (0xff9ff06f)
core   0: 0x8000dd24 (0x00001f17) auipc   t5, 0x1
core   0: 3 0x8000dd24 (0x00001f17) x30 0x8000ed24
core   0: 0x8000dd28 (0x2c3f2e23) sw      gp, 732(t5)
core   0: 3 0x8000dd28 (0x2c3f2e23) mem 0x8000f000 0x00000001
core   0: 0x8000dd2c (0xff9ff06f) j       pc - 0x8
core   0: 3 0x8000dd2c (0xff9ff06f)
core   0: 0x8000dd24 (0x00001f17) auipc   t5, 0x1
core   0: 3 0x8000dd24 (0x00001f17) x30 0x8000ed24
core   0: 0x8000dd28 (0x2c3f2e23) sw      gp, 732(t5)
core   0: 3 0x8000dd28 (0x2c3f2e23) mem 0x8000f000 0x00000001
core   0: 0x8000dd2c (0xff9ff06f) j       pc - 0x8
core   0: 3 0x8000dd2c (0xff9ff06f)
core   0: 0x8000dd24 (0x00001f17) auipc   t5, 0x1
core   0: 3 0x8000dd24 (0x00001f17) x30 0x8000ed24
core   0: 0x8000dd28 (0x2c3f2e23) sw      gp, 732(t5)
core   0: 3 0x8000dd28 (0x2c3f2e23) mem 0x8000f000 0x00000001
core   0: 0x8000dd2c (0xff9ff06f) j       pc - 0x8
core   0: 3 0x8000dd2c (0xff9ff06f)
core   0: 0x8000dd24 (0x00001f17) auipc   t5, 0x1
core   0: 3 0x8000dd24 (0x00001f17) x30 0x8000ed24
core   0: 0x8000dd28 (0x2c3f2e23) sw      gp, 732(t5)
core   0: 3 0x8000dd28 (0x2c3f2e23) mem 0x8000f000 0x00000001
core   0: 0x8000dd2c (0xff9ff06f) j       pc - 0x8
core   0: 3 0x8000dd2c (0xff9ff06f)
core   0: 0x8000dd24 (0x00001f17) auipc   t5, 0x1
core   0: 3 0x8000dd24 (0x00001f17) x30 0x8000ed24
core   0: 0x8000dd28 (0x2c3f2e23) sw      gp, 732(t5)
core   0: 3 0x8000dd28 (0x2c3f2e23) mem 0x8000f000 0x00000001
core   0: 0x8000dd2c (0xff9ff06f) j       pc - 0x8
core   0: 3 0x8000dd2c (0xff9ff06f)
core   0: 0x8000dd24 (0x00001f17) auipc   t5, 0x1
core   0: 3 0x8000dd24 (0x00001f17) x30 0x8000ed24
core   0: 0x8000dd28 (0x2c3f2e23) sw      gp, 732(t5)
core   0: 3 0x8000dd28 (0x2c3f2e23) mem 0x8000f000 0x00000001
core   0: 0x8000dd2c (0xff9ff06f) j       pc - 0x8
core   0: 3 0x8000dd2c (0xff9ff06f)
core   0: 0x8000dd24 (0x00001f17) auipc   t5, 0x1
core   0: 3 0x8000dd24 (0x00001f17) x30 0x8000ed24
core   0: 0x8000dd28 (0x2c3f2e23) sw      gp, 732(t5)
core   0: 3 0x8000dd28 (0x2c3f2e23) mem 0x8000f000 0x00000001
core   0: 0x8000dd2c (0xff9ff06f) j       pc - 0x8
core   0: 3 0x8000dd2c (0xff9ff06f)
core   0: 0x8000dd24 (0x00001f17) auipc   t5, 0x1
core   0: 3 0x8000dd24 (0x00001f17) x30 0x8000ed24
core   0: 0x8000dd28 (0x2c3f2e23) sw      gp, 732(t5)
core   0: 3 0x8000dd28 (0x2c3f2e23) mem 0x8000f000 0x00000001
core   0: 0x8000dd2c (0xff9ff06f) j       pc - 0x8
core   0: 3 0x8000dd2c (0xff9ff06f)
core   0: 0x8000dd24 (0x00001f17) auipc   t5, 0x1
core   0: 3 0x8000dd24 (0x00001f17) x30 0x8000ed24
core   0: 0x8000dd28 (0x2c3f2e23) sw      gp, 732(t5)
core   0: 3 0x8000dd28 (0x2c3f2e23) mem 0x8000f000 0x00000001
core   0: 0x8000dd2c (0xff9ff06f) j       pc - 0x8
core   0: 3 0x8000dd2c (0xff9ff06f)
core   0: 0x8000dd24 (0x00001f17) auipc   t5, 0x1
core   0: 3 0x8000dd24 (0x00001f17) x30 0x8000ed24
core   0: 0x8000dd28 (0x2c3f2e23) sw      gp, 732(t5)
core   0: 3 0x8000dd28 (0x2c3f2e23) mem 0x8000f000 0x00000001
core   0: 0x8000dd2c (0xff9ff06f) j       pc - 0x8
core   0: 3 0x8000dd2c (0xff9ff06f)
core   0: 0x8000dd24 (0x00001f17) auipc   t5, 0x1
core   0: 3 0x8000dd24 (0x00001f17) x30 0x8000ed24
core   0: 0x8000dd28 (0x2c3f2e23) sw      gp, 732(t5)
core   0: 3 0x8000dd28 (0x2c3f2e23) mem 0x8000f000 0x00000001
core   0: 0x8000dd2c (0xff9ff06f) j       pc - 0x8
core   0: 3 0x8000dd2c (0xff9ff06f)
core   0: 0x8000dd24 (0x00001f17) auipc   t5, 0x1
core   0: 3 0x8000dd24 (0x00001f17) x30 0x8000ed24
core   0: 0x8000dd28 (0x2c3f2e23) sw      gp, 732(t5)
core   0: 3 0x8000dd28 (0x2c3f2e23) mem 0x8000f000 0x00000001
core   0: 0x8000dd2c (0xff9ff06f) j       pc - 0x8
core   0: 3 0x8000dd2c (0xff9ff06f)
core   0: 0x8000dd24 (0x00001f17) auipc   t5, 0x1
core   0: 3 0x8000dd24 (0x00001f17) x30 0x8000ed24
core   0: 0x8000dd28 (0x2c3f2e23) sw      gp, 732(t5)
core   0: 3 0x8000dd28 (0x2c3f2e23) mem 0x8000f000 0x00000001
core   0: 0x8000dd2c (0xff9ff06f) j       pc - 0x8
core   0: 3 0x8000dd2c (0xff9ff06f)
core   0: 0x8000dd24 (0x00001f17) auipc   t5, 0x1
core   0: 3 0x8000dd24 (0x00001f17) x30 0x8000ed24
core   0: 0x8000dd28 (0x2c3f2e23) sw      gp, 732(t5)
core   0: 3 0x8000dd28 (0x2c3f2e23) mem 0x8000f000 0x00000001
core   0: 0x8000dd2c (0xff9ff06f) j       pc - 0x8
core   0: 3 0x8000dd2c (0xff9ff06f)
core   0: 0x8000dd24 (0x00001f17) auipc   t5, 0x1
core   0: 3 0x8000dd24 (0x00001f17) x30 0x8000ed24
core   0: 0x8000dd28 (0x2c3f2e23) sw      gp, 732(t5)
core   0: 3 0x8000dd28 (0x2c3f2e23) mem 0x8000f000 0x00000001
core   0: 0x8000dd2c (0xff9ff06f) j       pc - 0x8
core   0: 3 0x8000dd2c (0xff9ff06f)
core   0: 0x8000dd24 (0x00001f17) auipc   t5, 0x1
core   0: 3 0x8000dd24 (0x00001f17) x30 0x8000ed24
core   0: 0x8000dd28 (0x2c3f2e23) sw      gp, 732(t5)
core   0: 3 0x8000dd28 (0x2c3f2e23) mem 0x8000f000 0x00000001
core   0: 0x8000dd2c (0xff9ff06f) j       pc - 0x8
core   0: 3 0x8000dd2c (0xff9ff06f)
core   0: 0x8000dd24 (0x00001f17) auipc   t5, 0x1
core   0: 3 0x8000dd24 (0x00001f17) x30 0x8000ed24
core   0: 0x8000dd28 (0x2c3f2e23) sw      gp, 732(t5)
core   0: 3 0x8000dd28 (0x2c3f2e23) mem 0x8000f000 0x00000001
core   0: 0x8000dd2c (0xff9ff06f) j       pc - 0x8
core   0: 3 0x8000dd2c (0xff9ff06f)
core   0: 0x8000dd24 (0x00001f17) auipc   t5, 0x1
core   0: 3 0x8000dd24 (0x00001f17) x30 0x8000ed24
core   0: 0x8000dd28 (0x2c3f2e23) sw      gp, 732(t5)
core   0: 3 0x8000dd28 (0x2c3f2e23) mem 0x8000f000 0x00000001
core   0: 0x8000dd2c (0xff9ff06f) j       pc - 0x8
core   0: 3 0x8000dd2c (0xff9ff06f)
core   0: 0x8000dd24 (0x00001f17) auipc   t5, 0x1
core   0: 3 0x8000dd24 (0x00001f17) x30 0x8000ed24
core   0: 0x8000dd28 (0x2c3f2e23) sw      gp, 732(t5)
core   0: 3 0x8000dd28 (0x2c3f2e23) mem 0x8000f000 0x00000001
core   0: 0x8000dd2c (0xff9ff06f) j       pc - 0x8
core   0: 3 0x8000dd2c (0xff9ff06f)
core   0: 0x8000dd24 (0x00001f17) auipc   t5, 0x1
core   0: 3 0x8000dd24 (0x00001f17) x30 0x8000ed24
core   0: 0x8000dd28 (0x2c3f2e23) sw      gp, 732(t5)
core   0: 3 0x8000dd28 (0x2c3f2e23) mem 0x8000f000 0x00000001
core   0: 0x8000dd2c (0xff9ff06f) j       pc - 0x8
core   0: 3 0x8000dd2c (0xff9ff06f)
core   0: 0x8000dd24 (0x00001f17) auipc   t5, 0x1
core   0: 3 0x8000dd24 (0x00001f17) x30 0x8000ed24
core   0: 0x8000dd28 (0x2c3f2e23) sw      gp, 732(t5)
core   0: 3 0x8000dd28 (0x2c3f2e23) mem 0x8000f000 0x00000001
core   0: 0x8000dd2c (0xff9ff06f) j       pc - 0x8
core   0: 3 0x8000dd2c (0xff9ff06f)
core   0: 0x8000dd24 (0x00001f17) auipc   t5, 0x1
core   0: 3 0x8000dd24 (0x00001f17) x30 0x8000ed24
core   0: 0x8000dd28 (0x2c3f2e23) sw      gp, 732(t5)
core   0: 3 0x8000dd28 (0x2c3f2e23) mem 0x8000f000 0x00000001
core   0: 0x8000dd2c (0xff9ff06f) j       pc - 0x8
core   0: 3 0x8000dd2c (0xff9ff06f)
core   0: 0x8000dd24 (0x00001f17) auipc   t5, 0x1
core   0: 3 0x8000dd24 (0x00001f17) x30 0x8000ed24
core   0: 0x8000dd28 (0x2c3f2e23) sw      gp, 732(t5)
core   0: 3 0x8000dd28 (0x2c3f2e23) mem 0x8000f000 0x00000001
core   0: 0x8000dd2c (0xff9ff06f) j       pc - 0x8
core   0: 3 0x8000dd2c (0xff9ff06f)
core   0: 0x8000dd24 (0x00001f17) auipc   t5, 0x1
core   0: 3 0x8000dd24 (0x00001f17) x30 0x8000ed24
core   0: 0x8000dd28 (0x2c3f2e23) sw      gp, 732(t5)
core   0: 3 0x8000dd28 (0x2c3f2e23) mem 0x8000f000 0x00000001
core   0: 0x8000dd2c (0xff9ff06f) j       pc - 0x8
core   0: 3 0x8000dd2c (0xff9ff06f)
core   0: 0x8000dd24 (0x00001f17) auipc   t5, 0x1
core   0: 3 0x8000dd24 (0x00001f17) x30 0x8000ed24
core   0: 0x8000dd28 (0x2c3f2e23) sw      gp, 732(t5)
core   0: 3 0x8000dd28 (0x2c3f2e23) mem 0x8000f000 0x00000001
core   0: 0x8000dd2c (0xff9ff06f) j       pc - 0x8
core   0: 3 0x8000dd2c (0xff9ff06f)
core   0: 0x8000dd24 (0x00001f17) auipc   t5, 0x1
core   0: 3 0x8000dd24 (0x00001f17) x30 0x8000ed24
core   0: 0x8000dd28 (0x2c3f2e23) sw      gp, 732(t5)
core   0: 3 0x8000dd28 (0x2c3f2e23) mem 0x8000f000 0x00000001
core   0: 0x8000dd2c (0xff9ff06f) j       pc - 0x8
core   0: 3 0x8000dd2c (0xff9ff06f)
core   0: 0x8000dd24 (0x00001f17) auipc   t5, 0x1
core   0: 3 0x8000dd24 (0x00001f17) x30 0x8000ed24
core   0: 0x8000dd28 (0x2c3f2e23) sw      gp, 732(t5)
core   0: 3 0x8000dd28 (0x2c3f2e23) mem 0x8000f000 0x00000001
core   0: 0x8000dd2c (0xff9ff06f) j       pc - 0x8
core   0: 3 0x8000dd2c (0xff9ff06f)
core   0: 0x8000dd24 (0x00001f17) auipc   t5, 0x1
core   0: 3 0x8000dd24 (0x00001f17) x30 0x8000ed24
core   0: 0x8000dd28 (0x2c3f2e23) sw      gp, 732(t5)
core   0: 3 0x8000dd28 (0x2c3f2e23) mem 0x8000f000 0x00000001
core   0: 0x8000dd2c (0xff9ff06f) j       pc - 0x8
core   0: 3 0x8000dd2c (0xff9ff06f)
core   0: 0x8000dd24 (0x00001f17) auipc   t5, 0x1
core   0: 3 0x8000dd24 (0x00001f17) x30 0x8000ed24
core   0: 0x8000dd28 (0x2c3f2e23) sw      gp, 732(t5)
core   0: 3 0x8000dd28 (0x2c3f2e23) mem 0x8000f000 0x00000001
core   0: 0x8000dd2c (0xff9ff06f) j       pc - 0x8
core   0: 3 0x8000dd2c (0xff9ff06f)
core   0: 0x8000dd24 (0x00001f17) auipc   t5, 0x1
core   0: 3 0x8000dd24 (0x00001f17) x30 0x8000ed24
core   0: 0x8000dd28 (0x2c3f2e23) sw      gp, 732(t5)
core   0: 3 0x8000dd28 (0x2c3f2e23) mem 0x8000f000 0x00000001
core   0: 0x8000dd2c (0xff9ff06f) j       pc - 0x8
core   0: 3 0x8000dd2c (0xff9ff06f)
core   0: 0x8000dd24 (0x00001f17) auipc   t5, 0x1
core   0: 3 0x8000dd24 (0x00001f17) x30 0x8000ed24
core   0: 0x8000dd28 (0x2c3f2e23) sw      gp, 732(t5)
core   0: 3 0x8000dd28 (0x2c3f2e23) mem 0x8000f000 0x00000001
core   0: 0x8000dd2c (0xff9ff06f) j       pc - 0x8
core   0: 3 0x8000dd2c (0xff9ff06f)
core   0: 0x8000dd24 (0x00001f17) auipc   t5, 0x1
core   0: 3 0x8000dd24 (0x00001f17) x30 0x8000ed24
core   0: 0x8000dd28 (0x2c3f2e23) sw      gp, 732(t5)
core   0: 3 0x8000dd28 (0x2c3f2e23) mem 0x8000f000 0x00000001
core   0: 0x8000dd2c (0xff9ff06f) j       pc - 0x8
core   0: 3 0x8000dd2c (0xff9ff06f)
core   0: 0x8000dd24 (0x00001f17) auipc   t5, 0x1
core   0: 3 0x8000dd24 (0x00001f17) x30 0x8000ed24
core   0: 0x8000dd28 (0x2c3f2e23) sw      gp, 732(t5)
core   0: 3 0x8000dd28 (0x2c3f2e23) mem 0x8000f000 0x00000001
core   0: 0x8000dd2c (0xff9ff06f) j       pc - 0x8
core   0: 3 0x8000dd2c (0xff9ff06f)
core   0: 0x8000dd24 (0x00001f17) auipc   t5, 0x1
core   0: 3 0x8000dd24 (0x00001f17) x30 0x8000ed24
core   0: 0x8000dd28 (0x2c3f2e23) sw      gp, 732(t5)
core   0: 3 0x8000dd28 (0x2c3f2e23) mem 0x8000f000 0x00000001
core   0: 0x8000dd2c (0xff9ff06f) j       pc - 0x8
core   0: 3 0x8000dd2c (0xff9ff06f)
core   0: 0x8000dd24 (0x00001f17) auipc   t5, 0x1
core   0: 3 0x8000dd24 (0x00001f17) x30 0x8000ed24
core   0: 0x8000dd28 (0x2c3f2e23) sw      gp, 732(t5)
core   0: 3 0x8000dd28 (0x2c3f2e23) mem 0x8000f000 0x00000001
core   0: 0x8000dd2c (0xff9ff06f) j       pc - 0x8
core   0: 3 0x8000dd2c (0xff9ff06f)
core   0: 0x8000dd24 (0x00001f17) auipc   t5, 0x1
core   0: 3 0x8000dd24 (0x00001f17) x30 0x8000ed24
core   0: 0x8000dd28 (0x2c3f2e23) sw      gp, 732(t5)
core   0: 3 0x8000dd28 (0x2c3f2e23) mem 0x8000f000 0x00000001
core   0: 0x8000dd2c (0xff9ff06f) j       pc - 0x8
core   0: 3 0x8000dd2c (0xff9ff06f)
core   0: 0x8000dd24 (0x00001f17) auipc   t5, 0x1
core   0: 3 0x8000dd24 (0x00001f17) x30 0x8000ed24
core   0: 0x8000dd28 (0x2c3f2e23) sw      gp, 732(t5)
core   0: 3 0x8000dd28 (0x2c3f2e23) mem 0x8000f000 0x00000001
core   0: 0x8000dd2c (0xff9ff06f) j       pc - 0x8
core   0: 3 0x8000dd2c (0xff9ff06f)
core   0: 0x8000dd24 (0x00001f17) auipc   t5, 0x1
core   0: 3 0x8000dd24 (0x00001f17) x30 0x8000ed24
core   0: 0x8000dd28 (0x2c3f2e23) sw      gp, 732(t5)
core   0: 3 0x8000dd28 (0x2c3f2e23) mem 0x8000f000 0x00000001
core   0: 0x8000dd2c (0xff9ff06f) j       pc - 0x8
core   0: 3 0x8000dd2c (0xff9ff06f)
core   0: 0x8000dd24 (0x00001f17) auipc   t5, 0x1
core   0: 3 0x8000dd24 (0x00001f17) x30 0x8000ed24
core   0: 0x8000dd28 (0x2c3f2e23) sw      gp, 732(t5)
core   0: 3 0x8000dd28 (0x2c3f2e23) mem 0x8000f000 0x00000001
core   0: 0x8000dd2c (0xff9ff06f) j       pc - 0x8
core   0: 3 0x8000dd2c (0xff9ff06f)
core   0: 0x8000dd24 (0x00001f17) auipc   t5, 0x1
core   0: 3 0x8000dd24 (0x00001f17) x30 0x8000ed24
core   0: 0x8000dd28 (0x2c3f2e23) sw      gp, 732(t5)
core   0: 3 0x8000dd28 (0x2c3f2e23) mem 0x8000f000 0x00000001
core   0: 0x8000dd2c (0xff9ff06f) j       pc - 0x8
core   0: 3 0x8000dd2c (0xff9ff06f)
core   0: 0x8000dd24 (0x00001f17) auipc   t5, 0x1
core   0: 3 0x8000dd24 (0x00001f17) x30 0x8000ed24
core   0: 0x8000dd28 (0x2c3f2e23) sw      gp, 732(t5)
core   0: 3 0x8000dd28 (0x2c3f2e23) mem 0x8000f000 0x00000001
core   0: 0x8000dd2c (0xff9ff06f) j       pc - 0x8
core   0: 3 0x8000dd2c (0xff9ff06f)
core   0: 0x8000dd24 (0x00001f17) auipc   t5, 0x1
core   0: 3 0x8000dd24 (0x00001f17) x30 0x8000ed24
core   0: 0x8000dd28 (0x2c3f2e23) sw      gp, 732(t5)
core   0: 3 0x8000dd28 (0x2c3f2e23) mem 0x8000f000 0x00000001
core   0: 0x8000dd2c (0xff9ff06f) j       pc - 0x8
core   0: 3 0x8000dd2c (0xff9ff06f)
core   0: 0x8000dd24 (0x00001f17) auipc   t5, 0x1
core   0: 3 0x8000dd24 (0x00001f17) x30 0x8000ed24
core   0: 0x8000dd28 (0x2c3f2e23) sw      gp, 732(t5)
core   0: 3 0x8000dd28 (0x2c3f2e23) mem 0x8000f000 0x00000001
core   0: 0x8000dd2c (0xff9ff06f) j       pc - 0x8
core   0: 3 0x8000dd2c (0xff9ff06f)
core   0: 0x8000dd24 (0x00001f17) auipc   t5, 0x1
core   0: 3 0x8000dd24 (0x00001f17) x30 0x8000ed24
core   0: 0x8000dd28 (0x2c3f2e23) sw      gp, 732(t5)
core   0: 3 0x8000dd28 (0x2c3f2e23) mem 0x8000f000 0x00000001
core   0: 0x8000dd2c (0xff9ff06f) j       pc - 0x8
core   0: 3 0x8000dd2c (0xff9ff06f)
core   0: 0x8000dd24 (0x00001f17) auipc   t5, 0x1
core   0: 3 0x8000dd24 (0x00001f17) x30 0x8000ed24
core   0: 0x8000dd28 (0x2c3f2e23) sw      gp, 732(t5)
core   0: 3 0x8000dd28 (0x2c3f2e23) mem 0x8000f000 0x00000001
core   0: 0x8000dd2c (0xff9ff06f) j       pc - 0x8
core   0: 3 0x8000dd2c (0xff9ff06f)
core   0: 0x8000dd24 (0x00001f17) auipc   t5, 0x1
core   0: 3 0x8000dd24 (0x00001f17) x30 0x8000ed24
core   0: 0x8000dd28 (0x2c3f2e23) sw      gp, 732(t5)
core   0: 3 0x8000dd28 (0x2c3f2e23) mem 0x8000f000 0x00000001
core   0: 0x8000dd2c (0xff9ff06f) j       pc - 0x8
core   0: 3 0x8000dd2c (0xff9ff06f)
core   0: 0x8000dd24 (0x00001f17) auipc   t5, 0x1
core   0: 3 0x8000dd24 (0x00001f17) x30 0x8000ed24
core   0: 0x8000dd28 (0x2c3f2e23) sw      gp, 732(t5)
core   0: 3 0x8000dd28 (0x2c3f2e23) mem 0x8000f000 0x00000001
core   0: 0x8000dd2c (0xff9ff06f) j       pc - 0x8
core   0: 3 0x8000dd2c (0xff9ff06f)
core   0: 0x8000dd24 (0x00001f17) auipc   t5, 0x1
core   0: 3 0x8000dd24 (0x00001f17) x30 0x8000ed24
core   0: 0x8000dd28 (0x2c3f2e23) sw      gp, 732(t5)
core   0: 3 0x8000dd28 (0x2c3f2e23) mem 0x8000f000 0x00000001
core   0: 0x8000dd2c (0xff9ff06f) j       pc - 0x8
core   0: 3 0x8000dd2c (0xff9ff06f)
core   0: 0x8000dd24 (0x00001f17) auipc   t5, 0x1
core   0: 3 0x8000dd24 (0x00001f17) x30 0x8000ed24
core   0: 0x8000dd28 (0x2c3f2e23) sw      gp, 732(t5)
core   0: 3 0x8000dd28 (0x2c3f2e23) mem 0x8000f000 0x00000001
core   0: 0x8000dd2c (0xff9ff06f) j       pc - 0x8
core   0: 3 0x8000dd2c (0xff9ff06f)
core   0: 0x8000dd24 (0x00001f17) auipc   t5, 0x1
core   0: 3 0x8000dd24 (0x00001f17) x30 0x8000ed24
core   0: 0x8000dd28 (0x2c3f2e23) sw      gp, 732(t5)
core   0: 3 0x8000dd28 (0x2c3f2e23) mem 0x8000f000 0x00000001
core   0: 0x8000dd2c (0xff9ff06f) j       pc - 0x8
core   0: 3 0x8000dd2c (0xff9ff06f)
core   0: 0x8000dd24 (0x00001f17) auipc   t5, 0x1
core   0: 3 0x8000dd24 (0x00001f17) x30 0x8000ed24
core   0: 0x8000dd28 (0x2c3f2e23) sw      gp, 732(t5)
core   0: 3 0x8000dd28 (0x2c3f2e23) mem 0x8000f000 0x00000001
core   0: 0x8000dd2c (0xff9ff06f) j       pc - 0x8
core   0: 3 0x8000dd2c (0xff9ff06f)
core   0: 0x8000dd24 (0x00001f17) auipc   t5, 0x1
core   0: 3 0x8000dd24 (0x00001f17) x30 0x8000ed24
core   0: 0x8000dd28 (0x2c3f2e23) sw      gp, 732(t5)
core   0: 3 0x8000dd28 (0x2c3f2e23) mem 0x8000f000 0x00000001
core   0: 0x8000dd2c (0xff9ff06f) j       pc - 0x8
core   0: 3 0x8000dd2c (0xff9ff06f)
core   0: 0x8000dd24 (0x00001f17) auipc   t5, 0x1
core   0: 3 0x8000dd24 (0x00001f17) x30 0x8000ed24
core   0: 0x8000dd28 (0x2c3f2e23) sw      gp, 732(t5)
core   0: 3 0x8000dd28 (0x2c3f2e23) mem 0x8000f000 0x00000001
core   0: 0x8000dd2c (0xff9ff06f) j       pc - 0x8
core   0: 3 0x8000dd2c (0xff9ff06f)
core   0: 0x8000dd24 (0x00001f17) auipc   t5, 0x1
core   0: 3 0x8000dd24 (0x00001f17) x30 0x8000ed24
core   0: 0x8000dd28 (0x2c3f2e23) sw      gp, 732(t5)
core   0: 3 0x8000dd28 (0x2c3f2e23) mem 0x8000f000 0x00000001
core   0: 0x8000dd2c (0xff9ff06f) j       pc - 0x8
core   0: 3 0x8000dd2c (0xff9ff06f)
core   0: 0x8000dd24 (0x00001f17) auipc   t5, 0x1
core   0: 3 0x8000dd24 (0x00001f17) x30 0x8000ed24
core   0: 0x8000dd28 (0x2c3f2e23) sw      gp, 732(t5)
core   0: 3 0x8000dd28 (0x2c3f2e23) mem 0x8000f000 0x00000001
core   0: 0x8000dd2c (0xff9ff06f) j       pc - 0x8
core   0: 3 0x8000dd2c (0xff9ff06f)
core   0: 0x8000dd24 (0x00001f17) auipc   t5, 0x1
core   0: 3 0x8000dd24 (0x00001f17) x30 0x8000ed24
core   0: 0x8000dd28 (0x2c3f2e23) sw      gp, 732(t5)
core   0: 3 0x8000dd28 (0x2c3f2e23) mem 0x8000f000 0x00000001
core   0: 0x8000dd2c (0xff9ff06f) j       pc - 0x8
core   0: 3 0x8000dd2c (0xff9ff06f)
core   0: 0x8000dd24 (0x00001f17) auipc   t5, 0x1
core   0: 3 0x8000dd24 (0x00001f17) x30 0x8000ed24
core   0: 0x8000dd28 (0x2c3f2e23) sw      gp, 732(t5)
core   0: 3 0x8000dd28 (0x2c3f2e23) mem 0x8000f000 0x00000001
core   0: 0x8000dd2c (0xff9ff06f) j       pc - 0x8
core   0: 3 0x8000dd2c (0xff9ff06f)
core   0: 0x8000dd24 (0x00001f17) auipc   t5, 0x1
core   0: 3 0x8000dd24 (0x00001f17) x30 0x8000ed24
core   0: 0x8000dd28 (0x2c3f2e23) sw      gp, 732(t5)
core   0: 3 0x8000dd28 (0x2c3f2e23) mem 0x8000f000 0x00000001
core   0: 0x8000dd2c (0xff9ff06f) j       pc - 0x8
core   0: 3 0x8000dd2c (0xff9ff06f)
core   0: 0x8000dd24 (0x00001f17) auipc   t5, 0x1
core   0: 3 0x8000dd24 (0x00001f17) x30 0x8000ed24
core   0: 0x8000dd28 (0x2c3f2e23) sw      gp, 732(t5)
core   0: 3 0x8000dd28 (0x2c3f2e23) mem 0x8000f000 0x00000001
core   0: 0x8000dd2c (0xff9ff06f) j       pc - 0x8
core   0: 3 0x8000dd2c (0xff9ff06f)
core   0: 0x8000dd24 (0x00001f17) auipc   t5, 0x1
core   0: 3 0x8000dd24 (0x00001f17) x30 0x8000ed24
core   0: 0x8000dd28 (0x2c3f2e23) sw      gp, 732(t5)
core   0: 3 0x8000dd28 (0x2c3f2e23) mem 0x8000f000 0x00000001
core   0: 0x8000dd2c (0xff9ff06f) j       pc - 0x8
core   0: 3 0x8000dd2c (0xff9ff06f)
core   0: 0x8000dd24 (0x00001f17) auipc   t5, 0x1
core   0: 3 0x8000dd24 (0x00001f17) x30 0x8000ed24
core   0: 0x8000dd28 (0x2c3f2e23) sw      gp, 732(t5)
core   0: 3 0x8000dd28 (0x2c3f2e23) mem 0x8000f000 0x00000001
core   0: 0x8000dd2c (0xff9ff06f) j       pc - 0x8
core   0: 3 0x8000dd2c (0xff9ff06f)
core   0: 0x8000dd24 (0x00001f17) auipc   t5, 0x1
core   0: 3 0x8000dd24 (0x00001f17) x30 0x8000ed24
core   0: 0x8000dd28 (0x2c3f2e23) sw      gp, 732(t5)
core   0: 3 0x8000dd28 (0x2c3f2e23) mem 0x8000f000 0x00000001
core   0: 0x8000dd2c (0xff9ff06f) j       pc - 0x8
core   0: 3 0x8000dd2c (0xff9ff06f)
core   0: 0x8000dd24 (0x00001f17) auipc   t5, 0x1
core   0: 3 0x8000dd24 (0x00001f17) x30 0x8000ed24
core   0: 0x8000dd28 (0x2c3f2e23) sw      gp, 732(t5)
core   0: 3 0x8000dd28 (0x2c3f2e23) mem 0x8000f000 0x00000001
core   0: 0x8000dd2c (0xff9ff06f) j       pc - 0x8
core   0: 3 0x8000dd2c (0xff9ff06f)
core   0: 0x8000dd24 (0x00001f17) auipc   t5, 0x1
core   0: 3 0x8000dd24 (0x00001f17) x30 0x8000ed24
core   0: 0x8000dd28 (0x2c3f2e23) sw      gp, 732(t5)
core   0: 3 0x8000dd28 (0x2c3f2e23) mem 0x8000f000 0x00000001
core   0: 0x8000dd2c (0xff9ff06f) j       pc - 0x8
core   0: 3 0x8000dd2c (0xff9ff06f)
core   0: 0x8000dd24 (0x00001f17) auipc   t5, 0x1
core   0: 3 0x8000dd24 (0x00001f17) x30 0x8000ed24
core   0: 0x8000dd28 (0x2c3f2e23) sw      gp, 732(t5)
core   0: 3 0x8000dd28 (0x2c3f2e23) mem 0x8000f000 0x00000001
core   0: 0x8000dd2c (0xff9ff06f) j       pc - 0x8
core   0: 3 0x8000dd2c (0xff9ff06f)
core   0: 0x8000dd24 (0x00001f17) auipc   t5, 0x1
core   0: 3 0x8000dd24 (0x00001f17) x30 0x8000ed24
core   0: 0x8000dd28 (0x2c3f2e23) sw      gp, 732(t5)
core   0: 3 0x8000dd28 (0x2c3f2e23) mem 0x8000f000 0x00000001
core   0: 0x8000dd2c (0xff9ff06f) j       pc - 0x8
core   0: 3 0x8000dd2c (0xff9ff06f)
core   0: 0x8000dd24 (0x00001f17) auipc   t5, 0x1
core   0: 3 0x8000dd24 (0x00001f17) x30 0x8000ed24
core   0: 0x8000dd28 (0x2c3f2e23) sw      gp, 732(t5)
core   0: 3 0x8000dd28 (0x2c3f2e23) mem 0x8000f000 0x00000001
core   0: 0x8000dd2c (0xff9ff06f) j       pc - 0x8
core   0: 3 0x8000dd2c (0xff9ff06f)
core   0: 0x8000dd24 (0x00001f17) auipc   t5, 0x1
core   0: 3 0x8000dd24 (0x00001f17) x30 0x8000ed24
core   0: 0x8000dd28 (0x2c3f2e23) sw      gp, 732(t5)
core   0: 3 0x8000dd28 (0x2c3f2e23) mem 0x8000f000 0x00000001
core   0: 0x8000dd2c (0xff9ff06f) j       pc - 0x8
core   0: 3 0x8000dd2c (0xff9ff06f)
core   0: 0x8000dd24 (0x00001f17) auipc   t5, 0x1
core   0: 3 0x8000dd24 (0x00001f17) x30 0x8000ed24
core   0: 0x8000dd28 (0x2c3f2e23) sw      gp, 732(t5)
core   0: 3 0x8000dd28 (0x2c3f2e23) mem 0x8000f000 0x00000001
core   0: 0x8000dd2c (0xff9ff06f) j       pc - 0x8
core   0: 3 0x8000dd2c (0xff9ff06f)
core   0: 0x8000dd24 (0x00001f17) auipc   t5, 0x1
core   0: 3 0x8000dd24 (0x00001f17) x30 0x8000ed24
core   0: 0x8000dd28 (0x2c3f2e23) sw      gp, 732(t5)
core   0: 3 0x8000dd28 (0x2c3f2e23) mem 0x8000f000 0x00000001
core   0: 0x8000dd2c (0xff9ff06f) j       pc - 0x8
core   0: 3 0x8000dd2c (0xff9ff06f)
core   0: 0x8000dd24 (0x00001f17) auipc   t5, 0x1
core   0: 3 0x8000dd24 (0x00001f17) x30 0x8000ed24
core   0: 0x8000dd28 (0x2c3f2e23) sw      gp, 732(t5)
core   0: 3 0x8000dd28 (0x2c3f2e23) mem 0x8000f000 0x00000001
core   0: 0x8000dd2c (0xff9ff06f) j       pc - 0x8
core   0: 3 0x8000dd2c (0xff9ff06f)
core   0: 0x8000dd24 (0x00001f17) auipc   t5, 0x1
core   0: 3 0x8000dd24 (0x00001f17) x30 0x8000ed24
core   0: 0x8000dd28 (0x2c3f2e23) sw      gp, 732(t5)
core   0: 3 0x8000dd28 (0x2c3f2e23) mem 0x8000f000 0x00000001
core   0: 0x8000dd2c (0xff9ff06f) j       pc - 0x8
core   0: 3 0x8000dd2c (0xff9ff06f)
core   0: 0x8000dd24 (0x00001f17) auipc   t5, 0x1
core   0: 3 0x8000dd24 (0x00001f17) x30 0x8000ed24
core   0: 0x8000dd28 (0x2c3f2e23) sw      gp, 732(t5)
core   0: 3 0x8000dd28 (0x2c3f2e23) mem 0x8000f000 0x00000001
core   0: 0x8000dd2c (0xff9ff06f) j       pc - 0x8
core   0: 3 0x8000dd2c (0xff9ff06f)
core   0: 0x8000dd24 (0x00001f17) auipc   t5, 0x1
core   0: 3 0x8000dd24 (0x00001f17) x30 0x8000ed24
core   0: 0x8000dd28 (0x2c3f2e23) sw      gp, 732(t5)
core   0: 3 0x8000dd28 (0x2c3f2e23) mem 0x8000f000 0x00000001
core   0: 0x8000dd2c (0xff9ff06f) j       pc - 0x8
core   0: 3 0x8000dd2c (0xff9ff06f)
core   0: 0x8000dd24 (0x00001f17) auipc   t5, 0x1
core   0: 3 0x8000dd24 (0x00001f17) x30 0x8000ed24
core   0: 0x8000dd28 (0x2c3f2e23) sw      gp, 732(t5)
core   0: 3 0x8000dd28 (0x2c3f2e23) mem 0x8000f000 0x00000001
core   0: 0x8000dd2c (0xff9ff06f) j       pc - 0x8
core   0: 3 0x8000dd2c (0xff9ff06f)
core   0: 0x8000dd24 (0x00001f17) auipc   t5, 0x1
core   0: 3 0x8000dd24 (0x00001f17) x30 0x8000ed24
core   0: 0x8000dd28 (0x2c3f2e23) sw      gp, 732(t5)
core   0: 3 0x8000dd28 (0x2c3f2e23) mem 0x8000f000 0x00000001
core   0: 0x8000dd2c (0xff9ff06f) j       pc - 0x8
core   0: 3 0x8000dd2c (0xff9ff06f)
core   0: 0x8000dd24 (0x00001f17) auipc   t5, 0x1
core   0: 3 0x8000dd24 (0x00001f17) x30 0x8000ed24
core   0: 0x8000dd28 (0x2c3f2e23) sw      gp, 732(t5)
core   0: 3 0x8000dd28 (0x2c3f2e23) mem 0x8000f000 0x00000001
core   0: 0x8000dd2c (0xff9ff06f) j       pc - 0x8
core   0: 3 0x8000dd2c (0xff9ff06f)
core   0: 0x8000dd24 (0x00001f17) auipc   t5, 0x1
core   0: 3 0x8000dd24 (0x00001f17) x30 0x8000ed24
core   0: 0x8000dd28 (0x2c3f2e23) sw      gp, 732(t5)
core   0: 3 0x8000dd28 (0x2c3f2e23) mem 0x8000f000 0x00000001
core   0: 0x8000dd2c (0xff9ff06f) j       pc - 0x8
core   0: 3 0x8000dd2c (0xff9ff06f)
core   0: 0x8000dd24 (0x00001f17) auipc   t5, 0x1
core   0: 3 0x8000dd24 (0x00001f17) x30 0x8000ed24
core   0: 0x8000dd28 (0x2c3f2e23) sw      gp, 732(t5)
core   0: 3 0x8000dd28 (0x2c3f2e23) mem 0x8000f000 0x00000001
core   0: 0x8000dd2c (0xff9ff06f) j       pc - 0x8
core   0: 3 0x8000dd2c (0xff9ff06f)
core   0: 0x8000dd24 (0x00001f17) auipc   t5, 0x1
core   0: 3 0x8000dd24 (0x00001f17) x30 0x8000ed24
core   0: 0x8000dd28 (0x2c3f2e23) sw      gp, 732(t5)
core   0: 3 0x8000dd28 (0x2c3f2e23) mem 0x8000f000 0x00000001
core   0: 0x8000dd2c (0xff9ff06f) j       pc - 0x8
core   0: 3 0x8000dd2c (0xff9ff06f)
core   0: 0x8000dd24 (0x00001f17) auipc   t5, 0x1
core   0: 3 0x8000dd24 (0x00001f17) x30 0x8000ed24
core   0: 0x8000dd28 (0x2c3f2e23) sw      gp, 732(t5)
core   0: 3 0x8000dd28 (0x2c3f2e23) mem 0x8000f000 0x00000001
core   0: 0x8000dd2c (0xff9ff06f) j       pc - 0x8
core   0: 3 0x8000dd2c (0xff9ff06f)
core   0: 0x8000dd24 (0x00001f17) auipc   t5, 0x1
core   0: 3 0x8000dd24 (0x00001f17) x30 0x8000ed24
core   0: 0x8000dd28 (0x2c3f2e23) sw      gp, 732(t5)
core   0: 3 0x8000dd28 (0x2c3f2e23) mem 0x8000f000 0x00000001
core   0: 0x8000dd2c (0xff9ff06f) j       pc - 0x8
core   0: 3 0x8000dd2c (0xff9ff06f)
core   0: 0x8000dd24 (0x00001f17) auipc   t5, 0x1
core   0: 3 0x8000dd24 (0x00001f17) x30 0x8000ed24
core   0: 0x8000dd28 (0x2c3f2e23) sw      gp, 732(t5)
core   0: 3 0x8000dd28 (0x2c3f2e23) mem 0x8000f000 0x00000001
core   0: 0x8000dd2c (0xff9ff06f) j       pc - 0x8
core   0: 3 0x8000dd2c (0xff9ff06f)
core   0: 0x8000dd24 (0x00001f17) auipc   t5, 0x1
core   0: 3 0x8000dd24 (0x00001f17) x30 0x8000ed24
core   0: 0x8000dd28 (0x2c3f2e23) sw      gp, 732(t5)
core   0: 3 0x8000dd28 (0x2c3f2e23) mem 0x8000f000 0x00000001
core   0: 0x8000dd2c (0xff9ff06f) j       pc - 0x8
core   0: 3 0x8000dd2c (0xff9ff06f)
core   0: 0x8000dd24 (0x00001f17) auipc   t5, 0x1
core   0: 3 0x8000dd24 (0x00001f17) x30 0x8000ed24
core   0: 0x8000dd28 (0x2c3f2e23) sw      gp, 732(t5)
core   0: 3 0x8000dd28 (0x2c3f2e23) mem 0x8000f000 0x00000001
core   0: 0x8000dd2c (0xff9ff06f) j       pc - 0x8
core   0: 3 0x8000dd2c (0xff9ff06f)
core   0: 0x8000dd24 (0x00001f17) auipc   t5, 0x1
core   0: 3 0x8000dd24 (0x00001f17) x30 0x8000ed24
core   0: 0x8000dd28 (0x2c3f2e23) sw      gp, 732(t5)
core   0: 3 0x8000dd28 (0x2c3f2e23) mem 0x8000f000 0x00000001
core   0: 0x8000dd2c (0xff9ff06f) j       pc - 0x8
core   0: 3 0x8000dd2c (0xff9ff06f)
core   0: 0x8000dd24 (0x00001f17) auipc   t5, 0x1
core   0: 3 0x8000dd24 (0x00001f17) x30 0x8000ed24
core   0: 0x8000dd28 (0x2c3f2e23) sw      gp, 732(t5)
core   0: 3 0x8000dd28 (0x2c3f2e23) mem 0x8000f000 0x00000001
core   0: 0x8000dd2c (0xff9ff06f) j       pc - 0x8
core   0: 3 0x8000dd2c (0xff9ff06f)
core   0: 0x8000dd24 (0x00001f17) auipc   t5, 0x1
core   0: 3 0x8000dd24 (0x00001f17) x30 0x8000ed24
core   0: 0x8000dd28 (0x2c3f2e23) sw      gp, 732(t5)
core   0: 3 0x8000dd28 (0x2c3f2e23) mem 0x8000f000 0x00000001
core   0: 0x8000dd2c (0xff9ff06f) j       pc - 0x8
core   0: 3 0x8000dd2c (0xff9ff06f)
core   0: 0x8000dd24 (0x00001f17) auipc   t5, 0x1
core   0: 3 0x8000dd24 (0x00001f17) x30 0x8000ed24
core   0: 0x8000dd28 (0x2c3f2e23) sw      gp, 732(t5)
core   0: 3 0x8000dd28 (0x2c3f2e23) mem 0x8000f000 0x00000001
core   0: 0x8000dd2c (0xff9ff06f) j       pc - 0x8
core   0: 3 0x8000dd2c (0xff9ff06f)
core   0: 0x8000dd24 (0x00001f17) auipc   t5, 0x1
core   0: 3 0x8000dd24 (0x00001f17) x30 0x8000ed24
core   0: 0x8000dd28 (0x2c3f2e23) sw      gp, 732(t5)
core   0: 3 0x8000dd28 (0x2c3f2e23) mem 0x8000f000 0x00000001
core   0: 0x8000dd2c (0xff9ff06f) j       pc - 0x8
core   0: 3 0x8000dd2c (0xff9ff06f)
core   0: 0x8000dd24 (0x00001f17) auipc   t5, 0x1
core   0: 3 0x8000dd24 (0x00001f17) x30 0x8000ed24
core   0: 0x8000dd28 (0x2c3f2e23) sw      gp, 732(t5)
core   0: 3 0x8000dd28 (0x2c3f2e23) mem 0x8000f000 0x00000001
core   0: 0x8000dd2c (0xff9ff06f) j       pc - 0x8
core   0: 3 0x8000dd2c (0xff9ff06f)
core   0: 0x8000dd24 (0x00001f17) auipc   t5, 0x1
core   0: 3 0x8000dd24 (0x00001f17) x30 0x8000ed24
core   0: 0x8000dd28 (0x2c3f2e23) sw      gp, 732(t5)
core   0: 3 0x8000dd28 (0x2c3f2e23) mem 0x8000f000 0x00000001
core   0: 0x8000dd2c (0xff9ff06f) j       pc - 0x8
core   0: 3 0x8000dd2c (0xff9ff06f)
core   0: 0x8000dd24 (0x00001f17) auipc   t5, 0x1
core   0: 3 0x8000dd24 (0x00001f17) x30 0x8000ed24
core   0: 0x8000dd28 (0x2c3f2e23) sw      gp, 732(t5)
core   0: 3 0x8000dd28 (0x2c3f2e23) mem 0x8000f000 0x00000001
core   0: 0x8000dd2c (0xff9ff06f) j       pc - 0x8
core   0: 3 0x8000dd2c (0xff9ff06f)
core   0: 0x8000dd24 (0x00001f17) auipc   t5, 0x1
core   0: 3 0x8000dd24 (0x00001f17) x30 0x8000ed24
core   0: 0x8000dd28 (0x2c3f2e23) sw      gp, 732(t5)
core   0: 3 0x8000dd28 (0x2c3f2e23) mem 0x8000f000 0x00000001
core   0: 0x8000dd2c (0xff9ff06f) j       pc - 0x8
core   0: 3 0x8000dd2c (0xff9ff06f)
core   0: 0x8000dd24 (0x00001f17) auipc   t5, 0x1
core   0: 3 0x8000dd24 (0x00001f17) x30 0x8000ed24
core   0: 0x8000dd28 (0x2c3f2e23) sw      gp, 732(t5)
core   0: 3 0x8000dd28 (0x2c3f2e23) mem 0x8000f000 0x00000001
core   0: 0x8000dd2c (0xff9ff06f) j       pc - 0x8
core   0: 3 0x8000dd2c (0xff9ff06f)
core   0: 0x8000dd24 (0x00001f17) auipc   t5, 0x1
core   0: 3 0x8000dd24 (0x00001f17) x30 0x8000ed24
core   0: 0x8000dd28 (0x2c3f2e23) sw      gp, 732(t5)
core   0: 3 0x8000dd28 (0x2c3f2e23) mem 0x8000f000 0x00000001
core   0: 0x8000dd2c (0xff9ff06f) j       pc - 0x8
core   0: 3 0x8000dd2c (0xff9ff06f)
core   0: 0x8000dd24 (0x00001f17) auipc   t5, 0x1
core   0: 3 0x8000dd24 (0x00001f17) x30 0x8000ed24
core   0: 0x8000dd28 (0x2c3f2e23) sw      gp, 732(t5)
core   0: 3 0x8000dd28 (0x2c3f2e23) mem 0x8000f000 0x00000001
core   0: 0x8000dd2c (0xff9ff06f) j       pc - 0x8
core   0: 3 0x8000dd2c (0xff9ff06f)
core   0: 0x8000dd24 (0x00001f17) auipc   t5, 0x1
core   0: 3 0x8000dd24 (0x00001f17) x30 0x8000ed24
core   0: 0x8000dd28 (0x2c3f2e23) sw      gp, 732(t5)
core   0: 3 0x8000dd28 (0x2c3f2e23) mem 0x8000f000 0x00000001
core   0: 0x8000dd2c (0xff9ff06f) j       pc - 0x8
core   0: 3 0x8000dd2c (0xff9ff06f)
core   0: 0x8000dd24 (0x00001f17) auipc   t5, 0x1
core   0: 3 0x8000dd24 (0x00001f17) x30 0x8000ed24
core   0: 0x8000dd28 (0x2c3f2e23) sw      gp, 732(t5)
core   0: 3 0x8000dd28 (0x2c3f2e23) mem 0x8000f000 0x00000001
core   0: 0x8000dd2c (0xff9ff06f) j       pc - 0x8
core   0: 3 0x8000dd2c (0xff9ff06f)
core   0: 0x8000dd24 (0x00001f17) auipc   t5, 0x1
core   0: 3 0x8000dd24 (0x00001f17) x30 0x8000ed24
core   0: 0x8000dd28 (0x2c3f2e23) sw      gp, 732(t5)
core   0: 3 0x8000dd28 (0x2c3f2e23) mem 0x8000f000 0x00000001
core   0: 0x8000dd2c (0xff9ff06f) j       pc - 0x8
core   0: 3 0x8000dd2c (0xff9ff06f)
core   0: 0x8000dd24 (0x00001f17) auipc   t5, 0x1
core   0: 3 0x8000dd24 (0x00001f17) x30 0x8000ed24
core   0: 0x8000dd28 (0x2c3f2e23) sw      gp, 732(t5)
core   0: 3 0x8000dd28 (0x2c3f2e23) mem 0x8000f000 0x00000001
core   0: 0x8000dd2c (0xff9ff06f) j       pc - 0x8
core   0: 3 0x8000dd2c (0xff9ff06f)
core   0: 0x8000dd24 (0x00001f17) auipc   t5, 0x1
core   0: 3 0x8000dd24 (0x00001f17) x30 0x8000ed24
core   0: 0x8000dd28 (0x2c3f2e23) sw      gp, 732(t5)
core   0: 3 0x8000dd28 (0x2c3f2e23) mem 0x8000f000 0x00000001
core   0: 0x8000dd2c (0xff9ff06f) j       pc - 0x8
core   0: 3 0x8000dd2c (0xff9ff06f)
core   0: 0x8000dd24 (0x00001f17) auipc   t5, 0x1
core   0: 3 0x8000dd24 (0x00001f17) x30 0x8000ed24
core   0: 0x8000dd28 (0x2c3f2e23) sw      gp, 732(t5)
core   0: 3 0x8000dd28 (0x2c3f2e23) mem 0x8000f000 0x00000001
core   0: 0x8000dd2c (0xff9ff06f) j       pc - 0x8
core   0: 3 0x8000dd2c (0xff9ff06f)
core   0: 0x8000dd24 (0x00001f17) auipc   t5, 0x1
core   0: 3 0x8000dd24 (0x00001f17) x30 0x8000ed24
core   0: 0x8000dd28 (0x2c3f2e23) sw      gp, 732(t5)
core   0: 3 0x8000dd28 (0x2c3f2e23) mem 0x8000f000 0x00000001
core   0: 0x8000dd2c (0xff9ff06f) j       pc - 0x8
core   0: 3 0x8000dd2c (0xff9ff06f)
core   0: 0x8000dd24 (0x00001f17) auipc   t5, 0x1
core   0: 3 0x8000dd24 (0x00001f17) x30 0x8000ed24
core   0: 0x8000dd28 (0x2c3f2e23) sw      gp, 732(t5)
core   0: 3 0x8000dd28 (0x2c3f2e23) mem 0x8000f000 0x00000001
core   0: 0x8000dd2c (0xff9ff06f) j       pc - 0x8
core   0: 3 0x8000dd2c (0xff9ff06f)
core   0: 0x8000dd24 (0x00001f17) auipc   t5, 0x1
core   0: 3 0x8000dd24 (0x00001f17) x30 0x8000ed24
core   0: 0x8000dd28 (0x2c3f2e23) sw      gp, 732(t5)
core   0: 3 0x8000dd28 (0x2c3f2e23) mem 0x8000f000 0x00000001
core   0: 0x8000dd2c (0xff9ff06f) j       pc - 0x8
core   0: 3 0x8000dd2c (0xff9ff06f)
core   0: 0x8000dd24 (0x00001f17) auipc   t5, 0x1
core   0: 3 0x8000dd24 (0x00001f17) x30 0x8000ed24
core   0: 0x8000dd28 (0x2c3f2e23) sw      gp, 732(t5)
core   0: 3 0x8000dd28 (0x2c3f2e23) mem 0x8000f000 0x00000001
core   0: 0x8000dd2c (0xff9ff06f) j       pc - 0x8
core   0: 3 0x8000dd2c (0xff9ff06f)
core   0: 0x8000dd24 (0x00001f17) auipc   t5, 0x1
core   0: 3 0x8000dd24 (0x00001f17) x30 0x8000ed24
core   0: 0x8000dd28 (0x2c3f2e23) sw      gp, 732(t5)
core   0: 3 0x8000dd28 (0x2c3f2e23) mem 0x8000f000 0x00000001
core   0: 0x8000dd2c (0xff9ff06f) j       pc - 0x8
core   0: 3 0x8000dd2c (0xff9ff06f)
core   0: 0x8000dd24 (0x00001f17) auipc   t5, 0x1
core   0: 3 0x8000dd24 (0x00001f17) x30 0x8000ed24
core   0: 0x8000dd28 (0x2c3f2e23) sw      gp, 732(t5)
core   0: 3 0x8000dd28 (0x2c3f2e23) mem 0x8000f000 0x00000001
core   0: 0x8000dd2c (0xff9ff06f) j       pc - 0x8
core   0: 3 0x8000dd2c (0xff9ff06f)
core   0: 0x8000dd24 (0x00001f17) auipc   t5, 0x1
core   0: 3 0x8000dd24 (0x00001f17) x30 0x8000ed24
core   0: 0x8000dd28 (0x2c3f2e23) sw      gp, 732(t5)
core   0: 3 0x8000dd28 (0x2c3f2e23) mem 0x8000f000 0x00000001
core   0: 0x8000dd2c (0xff9ff06f) j       pc - 0x8
core   0: 3 0x8000dd2c (0xff9ff06f)
core   0: 0x8000dd24 (0x00001f17) auipc   t5, 0x1
core   0: 3 0x8000dd24 (0x00001f17) x30 0x8000ed24
core   0: 0x8000dd28 (0x2c3f2e23) sw      gp, 732(t5)
core   0: 3 0x8000dd28 (0x2c3f2e23) mem 0x8000f000 0x00000001
core   0: 0x8000dd2c (0xff9ff06f) j       pc - 0x8
core   0: 3 0x8000dd2c (0xff9ff06f)
core   0: 0x8000dd24 (0x00001f17) auipc   t5, 0x1
core   0: 3 0x8000dd24 (0x00001f17) x30 0x8000ed24
core   0: 0x8000dd28 (0x2c3f2e23) sw      gp, 732(t5)
core   0: 3 0x8000dd28 (0x2c3f2e23) mem 0x8000f000 0x00000001
core   0: 0x8000dd2c (0xff9ff06f) j       pc - 0x8
core   0: 3 0x8000dd2c (0xff9ff06f)
core   0: 0x8000dd24 (0x00001f17) auipc   t5, 0x1
core   0: 3 0x8000dd24 (0x00001f17) x30 0x8000ed24
core   0: 0x8000dd28 (0x2c3f2e23) sw      gp, 732(t5)
core   0: 3 0x8000dd28 (0x2c3f2e23) mem 0x8000f000 0x00000001
core   0: 0x8000dd2c (0xff9ff06f) j       pc - 0x8
core   0: 3 0x8000dd2c (0xff9ff06f)
core   0: 0x8000dd24 (0x00001f17) auipc   t5, 0x1
core   0: 3 0x8000dd24 (0x00001f17) x30 0x8000ed24
core   0: 0x8000dd28 (0x2c3f2e23) sw      gp, 732(t5)
core   0: 3 0x8000dd28 (0x2c3f2e23) mem 0x8000f000 0x00000001
core   0: 0x8000dd2c (0xff9ff06f) j       pc - 0x8
core   0: 3 0x8000dd2c (0xff9ff06f)
core   0: 0x8000dd24 (0x00001f17) auipc   t5, 0x1
core   0: 3 0x8000dd24 (0x00001f17) x30 0x8000ed24
core   0: 0x8000dd28 (0x2c3f2e23) sw      gp, 732(t5)
core   0: 3 0x8000dd28 (0x2c3f2e23) mem 0x8000f000 0x00000001
core   0: 0x8000dd2c (0xff9ff06f) j       pc - 0x8
core   0: 3 0x8000dd2c (0xff9ff06f)
core   0: 0x8000dd24 (0x00001f17) auipc   t5, 0x1
core   0: 3 0x8000dd24 (0x00001f17) x30 0x8000ed24
core   0: 0x8000dd28 (0x2c3f2e23) sw      gp, 732(t5)
core   0: 3 0x8000dd28 (0x2c3f2e23) mem 0x8000f000 0x00000001
core   0: 0x8000dd2c (0xff9ff06f) j       pc - 0x8
core   0: 3 0x8000dd2c (0xff9ff06f)
core   0: 0x8000dd24 (0x00001f17) auipc   t5, 0x1
core   0: 3 0x8000dd24 (0x00001f17) x30 0x8000ed24
core   0: 0x8000dd28 (0x2c3f2e23) sw      gp, 732(t5)
core   0: 3 0x8000dd28 (0x2c3f2e23) mem 0x8000f000 0x00000001
core   0: 0x8000dd2c (0xff9ff06f) j       pc - 0x8
core   0: 3 0x8000dd2c (0xff9ff06f)
core   0: 0x8000dd24 (0x00001f17) auipc   t5, 0x1
core   0: 3 0x8000dd24 (0x00001f17) x30 0x8000ed24
core   0: 0x8000dd28 (0x2c3f2e23) sw      gp, 732(t5)
core   0: 3 0x8000dd28 (0x2c3f2e23) mem 0x8000f000 0x00000001
core   0: 0x8000dd2c (0xff9ff06f) j       pc - 0x8
core   0: 3 0x8000dd2c (0xff9ff06f)
core   0: 0x8000dd24 (0x00001f17) auipc   t5, 0x1
core   0: 3 0x8000dd24 (0x00001f17) x30 0x8000ed24
core   0: 0x8000dd28 (0x2c3f2e23) sw      gp, 732(t5)
core   0: 3 0x8000dd28 (0x2c3f2e23) mem 0x8000f000 0x00000001
core   0: 0x8000dd2c (0xff9ff06f) j       pc - 0x8
core   0: 3 0x8000dd2c (0xff9ff06f)
core   0: 0x8000dd24 (0x00001f17) auipc   t5, 0x1
core   0: 3 0x8000dd24 (0x00001f17) x30 0x8000ed24
core   0: 0x8000dd28 (0x2c3f2e23) sw      gp, 732(t5)
core   0: 3 0x8000dd28 (0x2c3f2e23) mem 0x8000f000 0x00000001
core   0: 0x8000dd2c (0xff9ff06f) j       pc - 0x8
core   0: 3 0x8000dd2c (0xff9ff06f)
core   0: 0x8000dd24 (0x00001f17) auipc   t5, 0x1
core   0: 3 0x8000dd24 (0x00001f17) x30 0x8000ed24
core   0: 0x8000dd28 (0x2c3f2e23) sw      gp, 732(t5)
core   0: 3 0x8000dd28 (0x2c3f2e23) mem 0x8000f000 0x00000001
core   0: 0x8000dd2c (0xff9ff06f) j       pc - 0x8
core   0: 3 0x8000dd2c (0xff9ff06f)
core   0: 0x8000dd24 (0x00001f17) auipc   t5, 0x1
core   0: 3 0x8000dd24 (0x00001f17) x30 0x8000ed24
core   0: 0x8000dd28 (0x2c3f2e23) sw      gp, 732(t5)
core   0: 3 0x8000dd28 (0x2c3f2e23) mem 0x8000f000 0x00000001
core   0: 0x8000dd2c (0xff9ff06f) j       pc - 0x8
core   0: 3 0x8000dd2c (0xff9ff06f)
core   0: 0x8000dd24 (0x00001f17) auipc   t5, 0x1
core   0: 3 0x8000dd24 (0x00001f17) x30 0x8000ed24
core   0: 0x8000dd28 (0x2c3f2e23) sw      gp, 732(t5)
core   0: 3 0x8000dd28 (0x2c3f2e23) mem 0x8000f000 0x00000001
core   0: 0x8000dd2c (0xff9ff06f) j       pc - 0x8
core   0: 3 0x8000dd2c (0xff9ff06f)
core   0: 0x8000dd24 (0x00001f17) auipc   t5, 0x1
core   0: 3 0x8000dd24 (0x00001f17) x30 0x8000ed24
core   0: 0x8000dd28 (0x2c3f2e23) sw      gp, 732(t5)
core   0: 3 0x8000dd28 (0x2c3f2e23) mem 0x8000f000 0x00000001
core   0: 0x8000dd2c (0xff9ff06f) j       pc - 0x8
core   0: 3 0x8000dd2c (0xff9ff06f)
core   0: 0x8000dd24 (0x00001f17) auipc   t5, 0x1
core   0: 3 0x8000dd24 (0x00001f17) x30 0x8000ed24
core   0: 0x8000dd28 (0x2c3f2e23) sw      gp, 732(t5)
core   0: 3 0x8000dd28 (0x2c3f2e23) mem 0x8000f000 0x00000001
core   0: 0x8000dd2c (0xff9ff06f) j       pc - 0x8
core   0: 3 0x8000dd2c (0xff9ff06f)
core   0: 0x8000dd24 (0x00001f17) auipc   t5, 0x1
core   0: 3 0x8000dd24 (0x00001f17) x30 0x8000ed24
core   0: 0x8000dd28 (0x2c3f2e23) sw      gp, 732(t5)
core   0: 3 0x8000dd28 (0x2c3f2e23) mem 0x8000f000 0x00000001
core   0: 0x8000dd2c (0xff9ff06f) j       pc - 0x8
core   0: 3 0x8000dd2c (0xff9ff06f)
core   0: 0x8000dd24 (0x00001f17) auipc   t5, 0x1
core   0: 3 0x8000dd24 (0x00001f17) x30 0x8000ed24
core   0: 0x8000dd28 (0x2c3f2e23) sw      gp, 732(t5)
core   0: 3 0x8000dd28 (0x2c3f2e23) mem 0x8000f000 0x00000001
core   0: 0x8000dd2c (0xff9ff06f) j       pc - 0x8
core   0: 3 0x8000dd2c (0xff9ff06f)
core   0: 0x8000dd24 (0x00001f17) auipc   t5, 0x1
core   0: 3 0x8000dd24 (0x00001f17) x30 0x8000ed24
core   0: 0x8000dd28 (0x2c3f2e23) sw      gp, 732(t5)
core   0: 3 0x8000dd28 (0x2c3f2e23) mem 0x8000f000 0x00000001
core   0: 0x8000dd2c (0xff9ff06f) j       pc - 0x8
core   0: 3 0x8000dd2c (0xff9ff06f)
core   0: 0x8000dd24 (0x00001f17) auipc   t5, 0x1
core   0: 3 0x8000dd24 (0x00001f17) x30 0x8000ed24
core   0: 0x8000dd28 (0x2c3f2e23) sw      gp, 732(t5)
core   0: 3 0x8000dd28 (0x2c3f2e23) mem 0x8000f000 0x00000001
core   0: 0x8000dd2c (0xff9ff06f) j       pc - 0x8
core   0: 3 0x8000dd2c (0xff9ff06f)
core   0: 0x8000dd24 (0x00001f17) auipc   t5, 0x1
core   0: 3 0x8000dd24 (0x00001f17) x30 0x8000ed24
core   0: 0x8000dd28 (0x2c3f2e23) sw      gp, 732(t5)
core   0: 3 0x8000dd28 (0x2c3f2e23) mem 0x8000f000 0x00000001
core   0: 0x8000dd2c (0xff9ff06f) j       pc - 0x8
core   0: 3 0x8000dd2c (0xff9ff06f)
core   0: 0x8000dd24 (0x00001f17) auipc   t5, 0x1
core   0: 3 0x8000dd24 (0x00001f17) x30 0x8000ed24
core   0: 0x8000dd28 (0x2c3f2e23) sw      gp, 732(t5)
core   0: 3 0x8000dd28 (0x2c3f2e23) mem 0x8000f000 0x00000001
core   0: 0x8000dd2c (0xff9ff06f) j       pc - 0x8
core   0: 3 0x8000dd2c (0xff9ff06f)
core   0: 0x8000dd24 (0x00001f17) auipc   t5, 0x1
core   0: 3 0x8000dd24 (0x00001f17) x30 0x8000ed24
core   0: 0x8000dd28 (0x2c3f2e23) sw      gp, 732(t5)
core   0: 3 0x8000dd28 (0x2c3f2e23) mem 0x8000f000 0x00000001
core   0: 0x8000dd2c (0xff9ff06f) j       pc - 0x8
core   0: 3 0x8000dd2c (0xff9ff06f)
core   0: 0x8000dd24 (0x00001f17) auipc   t5, 0x1
core   0: 3 0x8000dd24 (0x00001f17) x30 0x8000ed24
core   0: 0x8000dd28 (0x2c3f2e23) sw      gp, 732(t5)
core   0: 3 0x8000dd28 (0x2c3f2e23) mem 0x8000f000 0x00000001
core   0: 0x8000dd2c (0xff9ff06f) j       pc - 0x8
core   0: 3 0x8000dd2c (0xff9ff06f)
core   0: 0x8000dd24 (0x00001f17) auipc   t5, 0x1
core   0: 3 0x8000dd24 (0x00001f17) x30 0x8000ed24
core   0: 0x8000dd28 (0x2c3f2e23) sw      gp, 732(t5)
core   0: 3 0x8000dd28 (0x2c3f2e23) mem 0x8000f000 0x00000001
core   0: 0x8000dd2c (0xff9ff06f) j       pc - 0x8
core   0: 3 0x8000dd2c (0xff9ff06f)
core   0: 0x8000dd24 (0x00001f17) auipc   t5, 0x1
core   0: 3 0x8000dd24 (0x00001f17) x30 0x8000ed24
core   0: 0x8000dd28 (0x2c3f2e23) sw      gp, 732(t5)
core   0: 3 0x8000dd28 (0x2c3f2e23) mem 0x8000f000 0x00000001
core   0: 0x8000dd2c (0xff9ff06f) j       pc - 0x8
core   0: 3 0x8000dd2c (0xff9ff06f)
core   0: 0x8000dd24 (0x00001f17) auipc   t5, 0x1
core   0: 3 0x8000dd24 (0x00001f17) x30 0x8000ed24
core   0: 0x8000dd28 (0x2c3f2e23) sw      gp, 732(t5)
core   0: 3 0x8000dd28 (0x2c3f2e23) mem 0x8000f000 0x00000001
core   0: 0x8000dd2c (0xff9ff06f) j       pc - 0x8
core   0: 3 0x8000dd2c (0xff9ff06f)
core   0: 0x8000dd24 (0x00001f17) auipc   t5, 0x1
core   0: 3 0x8000dd24 (0x00001f17) x30 0x8000ed24
core   0: 0x8000dd28 (0x2c3f2e23) sw      gp, 732(t5)
core   0: 3 0x8000dd28 (0x2c3f2e23) mem 0x8000f000 0x00000001
core   0: 0x8000dd2c (0xff9ff06f) j       pc - 0x8
core   0: 3 0x8000dd2c (0xff9ff06f)
core   0: 0x8000dd24 (0x00001f17) auipc   t5, 0x1
core   0: 3 0x8000dd24 (0x00001f17) x30 0x8000ed24
core   0: 0x8000dd28 (0x2c3f2e23) sw      gp, 732(t5)
core   0: 3 0x8000dd28 (0x2c3f2e23) mem 0x8000f000 0x00000001
core   0: 0x8000dd2c (0xff9ff06f) j       pc - 0x8
core   0: 3 0x8000dd2c (0xff9ff06f)
core   0: 0x8000dd24 (0x00001f17) auipc   t5, 0x1
core   0: 3 0x8000dd24 (0x00001f17) x30 0x8000ed24
core   0: 0x8000dd28 (0x2c3f2e23) sw      gp, 732(t5)
core   0: 3 0x8000dd28 (0x2c3f2e23) mem 0x8000f000 0x00000001
core   0: 0x8000dd2c (0xff9ff06f) j       pc - 0x8
core   0: 3 0x8000dd2c (0xff9ff06f)
core   0: 0x8000dd24 (0x00001f17) auipc   t5, 0x1
core   0: 3 0x8000dd24 (0x00001f17) x30 0x8000ed24
core   0: 0x8000dd28 (0x2c3f2e23) sw      gp, 732(t5)
core   0: 3 0x8000dd28 (0x2c3f2e23) mem 0x8000f000 0x00000001
core   0: 0x8000dd2c (0xff9ff06f) j       pc - 0x8
core   0: 3 0x8000dd2c (0xff9ff06f)
core   0: 0x8000dd24 (0x00001f17) auipc   t5, 0x1
core   0: 3 0x8000dd24 (0x00001f17) x30 0x8000ed24
core   0: 0x8000dd28 (0x2c3f2e23) sw      gp, 732(t5)
core   0: 3 0x8000dd28 (0x2c3f2e23) mem 0x8000f000 0x00000001
core   0: 0x8000dd2c (0xff9ff06f) j       pc - 0x8
core   0: 3 0x8000dd2c (0xff9ff06f)
core   0: 0x8000dd24 (0x00001f17) auipc   t5, 0x1
core   0: 3 0x8000dd24 (0x00001f17) x30 0x8000ed24
core   0: 0x8000dd28 (0x2c3f2e23) sw      gp, 732(t5)
core   0: 3 0x8000dd28 (0x2c3f2e23) mem 0x8000f000 0x00000001
core   0: 0x8000dd2c (0xff9ff06f) j       pc - 0x8
core   0: 3 0x8000dd2c (0xff9ff06f)
core   0: 0x8000dd24 (0x00001f17) auipc   t5, 0x1
core   0: 3 0x8000dd24 (0x00001f17) x30 0x8000ed24
core   0: 0x8000dd28 (0x2c3f2e23) sw      gp, 732(t5)
core   0: 3 0x8000dd28 (0x2c3f2e23) mem 0x8000f000 0x00000001
core   0: 0x8000dd2c (0xff9ff06f) j       pc - 0x8
core   0: 3 0x8000dd2c (0xff9ff06f)
core   0: 0x8000dd24 (0x00001f17) auipc   t5, 0x1
core   0: 3 0x8000dd24 (0x00001f17) x30 0x8000ed24
core   0: 0x8000dd28 (0x2c3f2e23) sw      gp, 732(t5)
core   0: 3 0x8000dd28 (0x2c3f2e23) mem 0x8000f000 0x00000001
core   0: 0x8000dd2c (0xff9ff06f) j       pc - 0x8
core   0: 3 0x8000dd2c (0xff9ff06f)
core   0: 0x8000dd24 (0x00001f17) auipc   t5, 0x1
core   0: 3 0x8000dd24 (0x00001f17) x30 0x8000ed24
core   0: 0x8000dd28 (0x2c3f2e23) sw      gp, 732(t5)
core   0: 3 0x8000dd28 (0x2c3f2e23) mem 0x8000f000 0x00000001
core   0: 0x8000dd2c (0xff9ff06f) j       pc - 0x8
core   0: 3 0x8000dd2c (0xff9ff06f)
core   0: 0x8000dd24 (0x00001f17) auipc   t5, 0x1
core   0: 3 0x8000dd24 (0x00001f17) x30 0x8000ed24
core   0: 0x8000dd28 (0x2c3f2e23) sw      gp, 732(t5)
core   0: 3 0x8000dd28 (0x2c3f2e23) mem 0x8000f000 0x00000001
core   0: 0x8000dd2c (0xff9ff06f) j       pc - 0x8
core   0: 3 0x8000dd2c (0xff9ff06f)
core   0: 0x8000dd24 (0x00001f17) auipc   t5, 0x1
core   0: 3 0x8000dd24 (0x00001f17) x30 0x8000ed24
core   0: 0x8000dd28 (0x2c3f2e23) sw      gp, 732(t5)
core   0: 3 0x8000dd28 (0x2c3f2e23) mem 0x8000f000 0x00000001
core   0: 0x8000dd2c (0xff9ff06f) j       pc - 0x8
core   0: 3 0x8000dd2c (0xff9ff06f)
core   0: 0x8000dd24 (0x00001f17) auipc   t5, 0x1
core   0: 3 0x8000dd24 (0x00001f17) x30 0x8000ed24
core   0: 0x8000dd28 (0x2c3f2e23) sw      gp, 732(t5)
core   0: 3 0x8000dd28 (0x2c3f2e23) mem 0x8000f000 0x00000001
core   0: 0x8000dd2c (0xff9ff06f) j       pc - 0x8
core   0: 3 0x8000dd2c (0xff9ff06f)
core   0: 0x8000dd24 (0x00001f17) auipc   t5, 0x1
core   0: 3 0x8000dd24 (0x00001f17) x30 0x8000ed24
core   0: 0x8000dd28 (0x2c3f2e23) sw      gp, 732(t5)
core   0: 3 0x8000dd28 (0x2c3f2e23) mem 0x8000f000 0x00000001
core   0: 0x8000dd2c (0xff9ff06f) j       pc - 0x8
core   0: 3 0x8000dd2c (0xff9ff06f)
core   0: 0x8000dd24 (0x00001f17) auipc   t5, 0x1
core   0: 3 0x8000dd24 (0x00001f17) x30 0x8000ed24
core   0: 0x8000dd28 (0x2c3f2e23) sw      gp, 732(t5)
core   0: 3 0x8000dd28 (0x2c3f2e23) mem 0x8000f000 0x00000001
core   0: 0x8000dd2c (0xff9ff06f) j       pc - 0x8
core   0: 3 0x8000dd2c (0xff9ff06f)
core   0: 0x8000dd24 (0x00001f17) auipc   t5, 0x1
core   0: 3 0x8000dd24 (0x00001f17) x30 0x8000ed24
core   0: 0x8000dd28 (0x2c3f2e23) sw      gp, 732(t5)
core   0: 3 0x8000dd28 (0x2c3f2e23) mem 0x8000f000 0x00000001
core   0: 0x8000dd2c (0xff9ff06f) j       pc - 0x8
core   0: 3 0x8000dd2c (0xff9ff06f)
core   0: 0x8000dd24 (0x00001f17) auipc   t5, 0x1
core   0: 3 0x8000dd24 (0x00001f17) x30 0x8000ed24
core   0: 0x8000dd28 (0x2c3f2e23) sw      gp, 732(t5)
core   0: 3 0x8000dd28 (0x2c3f2e23) mem 0x8000f000 0x00000001
core   0: 0x8000dd2c (0xff9ff06f) j       pc - 0x8
core   0: 3 0x8000dd2c (0xff9ff06f)
core   0: 0x8000dd24 (0x00001f17) auipc   t5, 0x1
core   0: 3 0x8000dd24 (0x00001f17) x30 0x8000ed24
core   0: 0x8000dd28 (0x2c3f2e23) sw      gp, 732(t5)
core   0: 3 0x8000dd28 (0x2c3f2e23) mem 0x8000f000 0x00000001
core   0: 0x8000dd2c (0xff9ff06f) j       pc - 0x8
core   0: 3 0x8000dd2c (0xff9ff06f)
core   0: 0x8000dd24 (0x00001f17) auipc   t5, 0x1
core   0: 3 0x8000dd24 (0x00001f17) x30 0x8000ed24
core   0: 0x8000dd28 (0x2c3f2e23) sw      gp, 732(t5)
core   0: 3 0x8000dd28 (0x2c3f2e23) mem 0x8000f000 0x00000001
core   0: 0x8000dd2c (0xff9ff06f) j       pc - 0x8
core   0: 3 0x8000dd2c (0xff9ff06f)
core   0: 0x8000dd24 (0x00001f17) auipc   t5, 0x1
core   0: 3 0x8000dd24 (0x00001f17) x30 0x8000ed24
core   0: 0x8000dd28 (0x2c3f2e23) sw      gp, 732(t5)
core   0: 3 0x8000dd28 (0x2c3f2e23) mem 0x8000f000 0x00000001
core   0: 0x8000dd2c (0xff9ff06f) j       pc - 0x8
core   0: 3 0x8000dd2c (0xff9ff06f)
core   0: 0x8000dd24 (0x00001f17) auipc   t5, 0x1
core   0: 3 0x8000dd24 (0x00001f17) x30 0x8000ed24
core   0: 0x8000dd28 (0x2c3f2e23) sw      gp, 732(t5)
core   0: 3 0x8000dd28 (0x2c3f2e23) mem 0x8000f000 0x00000001
core   0: 0x8000dd2c (0xff9ff06f) j       pc - 0x8
core   0: 3 0x8000dd2c (0xff9ff06f)
core   0: 0x8000dd24 (0x00001f17) auipc   t5, 0x1
core   0: 3 0x8000dd24 (0x00001f17) x30 0x8000ed24
core   0: 0x8000dd28 (0x2c3f2e23) sw      gp, 732(t5)
core   0: 3 0x8000dd28 (0x2c3f2e23) mem 0x8000f000 0x00000001
core   0: 0x8000dd2c (0xff9ff06f) j       pc - 0x8
core   0: 3 0x8000dd2c (0xff9ff06f)
core   0: 0x8000dd24 (0x00001f17) auipc   t5, 0x1
core   0: 3 0x8000dd24 (0x00001f17) x30 0x8000ed24
core   0: 0x8000dd28 (0x2c3f2e23) sw      gp, 732(t5)
core   0: 3 0x8000dd28 (0x2c3f2e23) mem 0x8000f000 0x00000001
core   0: 0x8000dd2c (0xff9ff06f) j       pc - 0x8
core   0: 3 0x8000dd2c (0xff9ff06f)
core   0: 0x8000dd24 (0x00001f17) auipc   t5, 0x1
core   0: 3 0x8000dd24 (0x00001f17) x30 0x8000ed24
core   0: 0x8000dd28 (0x2c3f2e23) sw      gp, 732(t5)
core   0: 3 0x8000dd28 (0x2c3f2e23) mem 0x8000f000 0x00000001
core   0: 0x8000dd2c (0xff9ff06f) j       pc - 0x8
core   0: 3 0x8000dd2c (0xff9ff06f)
core   0: 0x8000dd24 (0x00001f17) auipc   t5, 0x1
core   0: 3 0x8000dd24 (0x00001f17) x30 0x8000ed24
core   0: 0x8000dd28 (0x2c3f2e23) sw      gp, 732(t5)
core   0: 3 0x8000dd28 (0x2c3f2e23) mem 0x8000f000 0x00000001
core   0: 0x8000dd2c (0xff9ff06f) j       pc - 0x8
core   0: 3 0x8000dd2c (0xff9ff06f)
core   0: 0x8000dd24 (0x00001f17) auipc   t5, 0x1
core   0: 3 0x8000dd24 (0x00001f17) x30 0x8000ed24
core   0: 0x8000dd28 (0x2c3f2e23) sw      gp, 732(t5)
core   0: 3 0x8000dd28 (0x2c3f2e23) mem 0x8000f000 0x00000001
core   0: 0x8000dd2c (0xff9ff06f) j       pc - 0x8
core   0: 3 0x8000dd2c (0xff9ff06f)
core   0: 0x8000dd24 (0x00001f17) auipc   t5, 0x1
core   0: 3 0x8000dd24 (0x00001f17) x30 0x8000ed24
core   0: 0x8000dd28 (0x2c3f2e23) sw      gp, 732(t5)
core   0: 3 0x8000dd28 (0x2c3f2e23) mem 0x8000f000 0x00000001
core   0: 0x8000dd2c (0xff9ff06f) j       pc - 0x8
core   0: 3 0x8000dd2c (0xff9ff06f)
core   0: 0x8000dd24 (0x00001f17) auipc   t5, 0x1
core   0: 3 0x8000dd24 (0x00001f17) x30 0x8000ed24
core   0: 0x8000dd28 (0x2c3f2e23) sw      gp, 732(t5)
core   0: 3 0x8000dd28 (0x2c3f2e23) mem 0x8000f000 0x00000001
core   0: 0x8000dd2c (0xff9ff06f) j       pc - 0x8
core   0: 3 0x8000dd2c (0xff9ff06f)
core   0: 0x8000dd24 (0x00001f17) auipc   t5, 0x1
core   0: 3 0x8000dd24 (0x00001f17) x30 0x8000ed24
core   0: 0x8000dd28 (0x2c3f2e23) sw      gp, 732(t5)
core   0: 3 0x8000dd28 (0x2c3f2e23) mem 0x8000f000 0x00000001
core   0: 0x8000dd2c (0xff9ff06f) j       pc - 0x8
core   0: 3 0x8000dd2c (0xff9ff06f)
core   0: 0x8000dd24 (0x00001f17) auipc   t5, 0x1
core   0: 3 0x8000dd24 (0x00001f17) x30 0x8000ed24
core   0: 0x8000dd28 (0x2c3f2e23) sw      gp, 732(t5)
core   0: 3 0x8000dd28 (0x2c3f2e23) mem 0x8000f000 0x00000001
core   0: 0x8000dd2c (0xff9ff06f) j       pc - 0x8
core   0: 3 0x8000dd2c (0xff9ff06f)
core   0: 0x8000dd24 (0x00001f17) auipc   t5, 0x1
core   0: 3 0x8000dd24 (0x00001f17) x30 0x8000ed24
core   0: 0x8000dd28 (0x2c3f2e23) sw      gp, 732(t5)
core   0: 3 0x8000dd28 (0x2c3f2e23) mem 0x8000f000 0x00000001
core   0: 0x8000dd2c (0xff9ff06f) j       pc - 0x8
core   0: 3 0x8000dd2c (0xff9ff06f)
core   0: 0x8000dd24 (0x00001f17) auipc   t5, 0x1
core   0: 3 0x8000dd24 (0x00001f17) x30 0x8000ed24
core   0: 0x8000dd28 (0x2c3f2e23) sw      gp, 732(t5)
core   0: 3 0x8000dd28 (0x2c3f2e23) mem 0x8000f000 0x00000001
core   0: 0x8000dd2c (0xff9ff06f) j       pc - 0x8
core   0: 3 0x8000dd2c (0xff9ff06f)
core   0: 0x8000dd24 (0x00001f17) auipc   t5, 0x1
core   0: 3 0x8000dd24 (0x00001f17) x30 0x8000ed24
core   0: 0x8000dd28 (0x2c3f2e23) sw      gp, 732(t5)
core   0: 3 0x8000dd28 (0x2c3f2e23) mem 0x8000f000 0x00000001
core   0: 0x8000dd2c (0xff9ff06f) j       pc - 0x8
core   0: 3 0x8000dd2c (0xff9ff06f)
core   0: 0x8000dd24 (0x00001f17) auipc   t5, 0x1
core   0: 3 0x8000dd24 (0x00001f17) x30 0x8000ed24
core   0: 0x8000dd28 (0x2c3f2e23) sw      gp, 732(t5)
core   0: 3 0x8000dd28 (0x2c3f2e23) mem 0x8000f000 0x00000001
core   0: 0x8000dd2c (0xff9ff06f) j       pc - 0x8
core   0: 3 0x8000dd2c (0xff9ff06f)
core   0: 0x8000dd24 (0x00001f17) auipc   t5, 0x1
core   0: 3 0x8000dd24 (0x00001f17) x30 0x8000ed24
core   0: 0x8000dd28 (0x2c3f2e23) sw      gp, 732(t5)
core   0: 3 0x8000dd28 (0x2c3f2e23) mem 0x8000f000 0x00000001
core   0: 0x8000dd2c (0xff9ff06f) j       pc - 0x8
core   0: 3 0x8000dd2c (0xff9ff06f)
core   0: 0x8000dd24 (0x00001f17) auipc   t5, 0x1
core   0: 3 0x8000dd24 (0x00001f17) x30 0x8000ed24
core   0: 0x8000dd28 (0x2c3f2e23) sw      gp, 732(t5)
core   0: 3 0x8000dd28 (0x2c3f2e23) mem 0x8000f000 0x00000001
core   0: 0x8000dd2c (0xff9ff06f) j       pc - 0x8
core   0: 3 0x8000dd2c (0xff9ff06f)
core   0: 0x8000dd24 (0x00001f17) auipc   t5, 0x1
core   0: 3 0x8000dd24 (0x00001f17) x30 0x8000ed24
core   0: 0x8000dd28 (0x2c3f2e23) sw      gp, 732(t5)
core   0: 3 0x8000dd28 (0x2c3f2e23) mem 0x8000f000 0x00000001
core   0: 0x8000dd2c (0xff9ff06f) j       pc - 0x8
core   0: 3 0x8000dd2c (0xff9ff06f)
core   0: 0x8000dd24 (0x00001f17) auipc   t5, 0x1
core   0: 3 0x8000dd24 (0x00001f17) x30 0x8000ed24
core   0: 0x8000dd28 (0x2c3f2e23) sw      gp, 732(t5)
core   0: 3 0x8000dd28 (0x2c3f2e23) mem 0x8000f000 0x00000001
core   0: 0x8000dd2c (0xff9ff06f) j       pc - 0x8
core   0: 3 0x8000dd2c (0xff9ff06f)
core   0: 0x8000dd24 (0x00001f17) auipc   t5, 0x1
core   0: 3 0x8000dd24 (0x00001f17) x30 0x8000ed24
core   0: 0x8000dd28 (0x2c3f2e23) sw      gp, 732(t5)
core   0: 3 0x8000dd28 (0x2c3f2e23) mem 0x8000f000 0x00000001
core   0: 0x8000dd2c (0xff9ff06f) j       pc - 0x8
core   0: 3 0x8000dd2c (0xff9ff06f)
core   0: 0x8000dd24 (0x00001f17) auipc   t5, 0x1
core   0: 3 0x8000dd24 (0x00001f17) x30 0x8000ed24
core   0: 0x8000dd28 (0x2c3f2e23) sw      gp, 732(t5)
core   0: 3 0x8000dd28 (0x2c3f2e23) mem 0x8000f000 0x00000001
core   0: 0x8000dd2c (0xff9ff06f) j       pc - 0x8
core   0: 3 0x8000dd2c (0xff9ff06f)
core   0: 0x8000dd24 (0x00001f17) auipc   t5, 0x1
core   0: 3 0x8000dd24 (0x00001f17) x30 0x8000ed24
core   0: 0x8000dd28 (0x2c3f2e23) sw      gp, 732(t5)
core   0: 3 0x8000dd28 (0x2c3f2e23) mem 0x8000f000 0x00000001
core   0: 0x8000dd2c (0xff9ff06f) j       pc - 0x8
core   0: 3 0x8000dd2c (0xff9ff06f)
core   0: 0x8000dd24 (0x00001f17) auipc   t5, 0x1
core   0: 3 0x8000dd24 (0x00001f17) x30 0x8000ed24
core   0: 0x8000dd28 (0x2c3f2e23) sw      gp, 732(t5)
core   0: 3 0x8000dd28 (0x2c3f2e23) mem 0x8000f000 0x00000001
core   0: 0x8000dd2c (0xff9ff06f) j       pc - 0x8
core   0: 3 0x8000dd2c (0xff9ff06f)
core   0: 0x8000dd24 (0x00001f17) auipc   t5, 0x1
core   0: 3 0x8000dd24 (0x00001f17) x30 0x8000ed24
core   0: 0x8000dd28 (0x2c3f2e23) sw      gp, 732(t5)
core   0: 3 0x8000dd28 (0x2c3f2e23) mem 0x8000f000 0x00000001
core   0: 0x8000dd2c (0xff9ff06f) j       pc - 0x8
core   0: 3 0x8000dd2c (0xff9ff06f)
core   0: 0x8000dd24 (0x00001f17) auipc   t5, 0x1
core   0: 3 0x8000dd24 (0x00001f17) x30 0x8000ed24
core   0: 0x8000dd28 (0x2c3f2e23) sw      gp, 732(t5)
core   0: 3 0x8000dd28 (0x2c3f2e23) mem 0x8000f000 0x00000001
core   0: 0x8000dd2c (0xff9ff06f) j       pc - 0x8
core   0: 3 0x8000dd2c (0xff9ff06f)
core   0: 0x8000dd24 (0x00001f17) auipc   t5, 0x1
core   0: 3 0x8000dd24 (0x00001f17) x30 0x8000ed24
core   0: 0x8000dd28 (0x2c3f2e23) sw      gp, 732(t5)
core   0: 3 0x8000dd28 (0x2c3f2e23) mem 0x8000f000 0x00000001
core   0: 0x8000dd2c (0xff9ff06f) j       pc - 0x8
core   0: 3 0x8000dd2c (0xff9ff06f)
core   0: 0x8000dd24 (0x00001f17) auipc   t5, 0x1
core   0: 3 0x8000dd24 (0x00001f17) x30 0x8000ed24
core   0: 0x8000dd28 (0x2c3f2e23) sw      gp, 732(t5)
core   0: 3 0x8000dd28 (0x2c3f2e23) mem 0x8000f000 0x00000001
core   0: 0x8000dd2c (0xff9ff06f) j       pc - 0x8
core   0: 3 0x8000dd2c (0xff9ff06f)
core   0: 0x8000dd24 (0x00001f17) auipc   t5, 0x1
core   0: 3 0x8000dd24 (0x00001f17) x30 0x8000ed24
core   0: 0x8000dd28 (0x2c3f2e23) sw      gp, 732(t5)
core   0: 3 0x8000dd28 (0x2c3f2e23) mem 0x8000f000 0x00000001
core   0: 0x8000dd2c (0xff9ff06f) j       pc - 0x8
core   0: 3 0x8000dd2c (0xff9ff06f)
core   0: 0x8000dd24 (0x00001f17) auipc   t5, 0x1
core   0: 3 0x8000dd24 (0x00001f17) x30 0x8000ed24
core   0: 0x8000dd28 (0x2c3f2e23) sw      gp, 732(t5)
core   0: 3 0x8000dd28 (0x2c3f2e23) mem 0x8000f000 0x00000001
core   0: 0x8000dd2c (0xff9ff06f) j       pc - 0x8
core   0: 3 0x8000dd2c (0xff9ff06f)
core   0: 0x8000dd24 (0x00001f17) auipc   t5, 0x1
core   0: 3 0x8000dd24 (0x00001f17) x30 0x8000ed24
core   0: 0x8000dd28 (0x2c3f2e23) sw      gp, 732(t5)
core   0: 3 0x8000dd28 (0x2c3f2e23) mem 0x8000f000 0x00000001
core   0: 0x8000dd2c (0xff9ff06f) j       pc - 0x8
core   0: 3 0x8000dd2c (0xff9ff06f)
core   0: 0x8000dd24 (0x00001f17) auipc   t5, 0x1
core   0: 3 0x8000dd24 (0x00001f17) x30 0x8000ed24
core   0: 0x8000dd28 (0x2c3f2e23) sw      gp, 732(t5)
core   0: 3 0x8000dd28 (0x2c3f2e23) mem 0x8000f000 0x00000001
core   0: 0x8000dd2c (0xff9ff06f) j       pc - 0x8
core   0: 3 0x8000dd2c (0xff9ff06f)
core   0: 0x8000dd24 (0x00001f17) auipc   t5, 0x1
core   0: 3 0x8000dd24 (0x00001f17) x30 0x8000ed24
core   0: 0x8000dd28 (0x2c3f2e23) sw      gp, 732(t5)
core   0: 3 0x8000dd28 (0x2c3f2e23) mem 0x8000f000 0x00000001
core   0: 0x8000dd2c (0xff9ff06f) j       pc - 0x8
core   0: 3 0x8000dd2c (0xff9ff06f)
core   0: 0x8000dd24 (0x00001f17) auipc   t5, 0x1
core   0: 3 0x8000dd24 (0x00001f17) x30 0x8000ed24
core   0: 0x8000dd28 (0x2c3f2e23) sw      gp, 732(t5)
core   0: 3 0x8000dd28 (0x2c3f2e23) mem 0x8000f000 0x00000001
core   0: 0x8000dd2c (0xff9ff06f) j       pc - 0x8
core   0: 3 0x8000dd2c (0xff9ff06f)
core   0: 0x8000dd24 (0x00001f17) auipc   t5, 0x1
core   0: 3 0x8000dd24 (0x00001f17) x30 0x8000ed24
core   0: 0x8000dd28 (0x2c3f2e23) sw      gp, 732(t5)
core   0: 3 0x8000dd28 (0x2c3f2e23) mem 0x8000f000 0x00000001
core   0: 0x8000dd2c (0xff9ff06f) j       pc - 0x8
core   0: 3 0x8000dd2c (0xff9ff06f)
core   0: 0x8000dd24 (0x00001f17) auipc   t5, 0x1
core   0: 3 0x8000dd24 (0x00001f17) x30 0x8000ed24
core   0: 0x8000dd28 (0x2c3f2e23) sw      gp, 732(t5)
core   0: 3 0x8000dd28 (0x2c3f2e23) mem 0x8000f000 0x00000001
core   0: 0x8000dd2c (0xff9ff06f) j       pc - 0x8
core   0: 3 0x8000dd2c (0xff9ff06f)
core   0: 0x8000dd24 (0x00001f17) auipc   t5, 0x1
core   0: 3 0x8000dd24 (0x00001f17) x30 0x8000ed24
core   0: 0x8000dd28 (0x2c3f2e23) sw      gp, 732(t5)
core   0: 3 0x8000dd28 (0x2c3f2e23) mem 0x8000f000 0x00000001
core   0: 0x8000dd2c (0xff9ff06f) j       pc - 0x8
core   0: 3 0x8000dd2c (0xff9ff06f)
core   0: 0x8000dd24 (0x00001f17) auipc   t5, 0x1
core   0: 3 0x8000dd24 (0x00001f17) x30 0x8000ed24
core   0: 0x8000dd28 (0x2c3f2e23) sw      gp, 732(t5)
core   0: 3 0x8000dd28 (0x2c3f2e23) mem 0x8000f000 0x00000001
core   0: 0x8000dd2c (0xff9ff06f) j       pc - 0x8
core   0: 3 0x8000dd2c (0xff9ff06f)
core   0: 0x8000dd24 (0x00001f17) auipc   t5, 0x1
core   0: 3 0x8000dd24 (0x00001f17) x30 0x8000ed24
core   0: 0x8000dd28 (0x2c3f2e23) sw      gp, 732(t5)
core   0: 3 0x8000dd28 (0x2c3f2e23) mem 0x8000f000 0x00000001
core   0: 0x8000dd2c (0xff9ff06f) j       pc - 0x8
core   0: 3 0x8000dd2c (0xff9ff06f)
core   0: 0x8000dd24 (0x00001f17) auipc   t5, 0x1
core   0: 3 0x8000dd24 (0x00001f17) x30 0x8000ed24
core   0: 0x8000dd28 (0x2c3f2e23) sw      gp, 732(t5)
core   0: 3 0x8000dd28 (0x2c3f2e23) mem 0x8000f000 0x00000001
core   0: 0x8000dd2c (0xff9ff06f) j       pc - 0x8
core   0: 3 0x8000dd2c (0xff9ff06f)
core   0: 0x8000dd24 (0x00001f17) auipc   t5, 0x1
core   0: 3 0x8000dd24 (0x00001f17) x30 0x8000ed24
core   0: 0x8000dd28 (0x2c3f2e23) sw      gp, 732(t5)
core   0: 3 0x8000dd28 (0x2c3f2e23) mem 0x8000f000 0x00000001
core   0: 0x8000dd2c (0xff9ff06f) j       pc - 0x8
core   0: 3 0x8000dd2c (0xff9ff06f)
core   0: 0x8000dd24 (0x00001f17) auipc   t5, 0x1
core   0: 3 0x8000dd24 (0x00001f17) x30 0x8000ed24
core   0: 0x8000dd28 (0x2c3f2e23) sw      gp, 732(t5)
core   0: 3 0x8000dd28 (0x2c3f2e23) mem 0x8000f000 0x00000001
core   0: 0x8000dd2c (0xff9ff06f) j       pc - 0x8
core   0: 3 0x8000dd2c (0xff9ff06f)
core   0: 0x8000dd24 (0x00001f17) auipc   t5, 0x1
core   0: 3 0x8000dd24 (0x00001f17) x30 0x8000ed24
core   0: 0x8000dd28 (0x2c3f2e23) sw      gp, 732(t5)
core   0: 3 0x8000dd28 (0x2c3f2e23) mem 0x8000f000 0x00000001
core   0: 0x8000dd2c (0xff9ff06f) j       pc - 0x8
core   0: 3 0x8000dd2c (0xff9ff06f)
core   0: 0x8000dd24 (0x00001f17) auipc   t5, 0x1
core   0: 3 0x8000dd24 (0x00001f17) x30 0x8000ed24
core   0: 0x8000dd28 (0x2c3f2e23) sw      gp, 732(t5)
core   0: 3 0x8000dd28 (0x2c3f2e23) mem 0x8000f000 0x00000001
core   0: 0x8000dd2c (0xff9ff06f) j       pc - 0x8
core   0: 3 0x8000dd2c (0xff9ff06f)
core   0: 0x8000dd24 (0x00001f17) auipc   t5, 0x1
core   0: 3 0x8000dd24 (0x00001f17) x30 0x8000ed24
core   0: 0x8000dd28 (0x2c3f2e23) sw      gp, 732(t5)
core   0: 3 0x8000dd28 (0x2c3f2e23) mem 0x8000f000 0x00000001
core   0: 0x8000dd2c (0xff9ff06f) j       pc - 0x8
core   0: 3 0x8000dd2c (0xff9ff06f)
core   0: 0x8000dd24 (0x00001f17) auipc   t5, 0x1
core   0: 3 0x8000dd24 (0x00001f17) x30 0x8000ed24
core   0: 0x8000dd28 (0x2c3f2e23) sw      gp, 732(t5)
core   0: 3 0x8000dd28 (0x2c3f2e23) mem 0x8000f000 0x00000001
core   0: 0x8000dd2c (0xff9ff06f) j       pc - 0x8
core   0: 3 0x8000dd2c (0xff9ff06f)
core   0: 0x8000dd24 (0x00001f17) auipc   t5, 0x1
core   0: 3 0x8000dd24 (0x00001f17) x30 0x8000ed24
core   0: 0x8000dd28 (0x2c3f2e23) sw      gp, 732(t5)
core   0: 3 0x8000dd28 (0x2c3f2e23) mem 0x8000f000 0x00000001
core   0: 0x8000dd2c (0xff9ff06f) j       pc - 0x8
core   0: 3 0x8000dd2c (0xff9ff06f)
core   0: 0x8000dd24 (0x00001f17) auipc   t5, 0x1
core   0: 3 0x8000dd24 (0x00001f17) x30 0x8000ed24
core   0: 0x8000dd28 (0x2c3f2e23) sw      gp, 732(t5)
core   0: 3 0x8000dd28 (0x2c3f2e23) mem 0x8000f000 0x00000001
core   0: 0x8000dd2c (0xff9ff06f) j       pc - 0x8
core   0: 3 0x8000dd2c (0xff9ff06f)
core   0: 0x8000dd24 (0x00001f17) auipc   t5, 0x1
core   0: 3 0x8000dd24 (0x00001f17) x30 0x8000ed24
core   0: 0x8000dd28 (0x2c3f2e23) sw      gp, 732(t5)
core   0: 3 0x8000dd28 (0x2c3f2e23) mem 0x8000f000 0x00000001
core   0: 0x8000dd2c (0xff9ff06f) j       pc - 0x8
core   0: 3 0x8000dd2c (0xff9ff06f)
core   0: 0x8000dd24 (0x00001f17) auipc   t5, 0x1
core   0: 3 0x8000dd24 (0x00001f17) x30 0x8000ed24
core   0: 0x8000dd28 (0x2c3f2e23) sw      gp, 732(t5)
core   0: 3 0x8000dd28 (0x2c3f2e23) mem 0x8000f000 0x00000001
core   0: 0x8000dd2c (0xff9ff06f) j       pc - 0x8
core   0: 3 0x8000dd2c (0xff9ff06f)
core   0: 0x8000dd24 (0x00001f17) auipc   t5, 0x1
core   0: 3 0x8000dd24 (0x00001f17) x30 0x8000ed24
core   0: 0x8000dd28 (0x2c3f2e23) sw      gp, 732(t5)
core   0: 3 0x8000dd28 (0x2c3f2e23) mem 0x8000f000 0x00000001
core   0: 0x8000dd2c (0xff9ff06f) j       pc - 0x8
core   0: 3 0x8000dd2c (0xff9ff06f)
core   0: 0x8000dd24 (0x00001f17) auipc   t5, 0x1
core   0: 3 0x8000dd24 (0x00001f17) x30 0x8000ed24
core   0: 0x8000dd28 (0x2c3f2e23) sw      gp, 732(t5)
core   0: 3 0x8000dd28 (0x2c3f2e23) mem 0x8000f000 0x00000001
core   0: 0x8000dd2c (0xff9ff06f) j       pc - 0x8
core   0: 3 0x8000dd2c (0xff9ff06f)
core   0: 0x8000dd24 (0x00001f17) auipc   t5, 0x1
core   0: 3 0x8000dd24 (0x00001f17) x30 0x8000ed24
core   0: 0x8000dd28 (0x2c3f2e23) sw      gp, 732(t5)
core   0: 3 0x8000dd28 (0x2c3f2e23) mem 0x8000f000 0x00000001
core   0: 0x8000dd2c (0xff9ff06f) j       pc - 0x8
core   0: 3 0x8000dd2c (0xff9ff06f)
core   0: 0x8000dd24 (0x00001f17) auipc   t5, 0x1
core   0: 3 0x8000dd24 (0x00001f17) x30 0x8000ed24
core   0: 0x8000dd28 (0x2c3f2e23) sw      gp, 732(t5)
core   0: 3 0x8000dd28 (0x2c3f2e23) mem 0x8000f000 0x00000001
core   0: 0x8000dd2c (0xff9ff06f) j       pc - 0x8
core   0: 3 0x8000dd2c (0xff9ff06f)
core   0: 0x8000dd24 (0x00001f17) auipc   t5, 0x1
core   0: 3 0x8000dd24 (0x00001f17) x30 0x8000ed24
core   0: 0x8000dd28 (0x2c3f2e23) sw      gp, 732(t5)
core   0: 3 0x8000dd28 (0x2c3f2e23) mem 0x8000f000 0x00000001
core   0: 0x8000dd2c (0xff9ff06f) j       pc - 0x8
core   0: 3 0x8000dd2c (0xff9ff06f)
core   0: 0x8000dd24 (0x00001f17) auipc   t5, 0x1
core   0: 3 0x8000dd24 (0x00001f17) x30 0x8000ed24
core   0: 0x8000dd28 (0x2c3f2e23) sw      gp, 732(t5)
core   0: 3 0x8000dd28 (0x2c3f2e23) mem 0x8000f000 0x00000001
core   0: 0x8000dd2c (0xff9ff06f) j       pc - 0x8
core   0: 3 0x8000dd2c (0xff9ff06f)
core   0: 0x8000dd24 (0x00001f17) auipc   t5, 0x1
core   0: 3 0x8000dd24 (0x00001f17) x30 0x8000ed24
core   0: 0x8000dd28 (0x2c3f2e23) sw      gp, 732(t5)
core   0: 3 0x8000dd28 (0x2c3f2e23) mem 0x8000f000 0x00000001
core   0: 0x8000dd2c (0xff9ff06f) j       pc - 0x8
core   0: 3 0x8000dd2c (0xff9ff06f)
core   0: 0x8000dd24 (0x00001f17) auipc   t5, 0x1
core   0: 3 0x8000dd24 (0x00001f17) x30 0x8000ed24
core   0: 0x8000dd28 (0x2c3f2e23) sw      gp, 732(t5)
core   0: 3 0x8000dd28 (0x2c3f2e23) mem 0x8000f000 0x00000001
core   0: 0x8000dd2c (0xff9ff06f) j       pc - 0x8
core   0: 3 0x8000dd2c (0xff9ff06f)
core   0: 0x8000dd24 (0x00001f17) auipc   t5, 0x1
core   0: 3 0x8000dd24 (0x00001f17) x30 0x8000ed24
core   0: 0x8000dd28 (0x2c3f2e23) sw      gp, 732(t5)
core   0: 3 0x8000dd28 (0x2c3f2e23) mem 0x8000f000 0x00000001
core   0: 0x8000dd2c (0xff9ff06f) j       pc - 0x8
core   0: 3 0x8000dd2c (0xff9ff06f)
core   0: 0x8000dd24 (0x00001f17) auipc   t5, 0x1
core   0: 3 0x8000dd24 (0x00001f17) x30 0x8000ed24
core   0: 0x8000dd28 (0x2c3f2e23) sw      gp, 732(t5)
core   0: 3 0x8000dd28 (0x2c3f2e23) mem 0x8000f000 0x00000001
core   0: 0x8000dd2c (0xff9ff06f) j       pc - 0x8
core   0: 3 0x8000dd2c (0xff9ff06f)
core   0: 0x8000dd24 (0x00001f17) auipc   t5, 0x1
core   0: 3 0x8000dd24 (0x00001f17) x30 0x8000ed24
core   0: 0x8000dd28 (0x2c3f2e23) sw      gp, 732(t5)
core   0: 3 0x8000dd28 (0x2c3f2e23) mem 0x8000f000 0x00000001
core   0: 0x8000dd2c (0xff9ff06f) j       pc - 0x8
core   0: 3 0x8000dd2c (0xff9ff06f)
core   0: 0x8000dd24 (0x00001f17) auipc   t5, 0x1
core   0: 3 0x8000dd24 (0x00001f17) x30 0x8000ed24
core   0: 0x8000dd28 (0x2c3f2e23) sw      gp, 732(t5)
core   0: 3 0x8000dd28 (0x2c3f2e23) mem 0x8000f000 0x00000001
core   0: 0x8000dd2c (0xff9ff06f) j       pc - 0x8
core   0: 3 0x8000dd2c (0xff9ff06f)
core   0: 0x8000dd24 (0x00001f17) auipc   t5, 0x1
core   0: 3 0x8000dd24 (0x00001f17) x30 0x8000ed24
core   0: 0x8000dd28 (0x2c3f2e23) sw      gp, 732(t5)
core   0: 3 0x8000dd28 (0x2c3f2e23) mem 0x8000f000 0x00000001
core   0: 0x8000dd2c (0xff9ff06f) j       pc - 0x8
core   0: 3 0x8000dd2c (0xff9ff06f)
core   0: 0x8000dd24 (0x00001f17) auipc   t5, 0x1
core   0: 3 0x8000dd24 (0x00001f17) x30 0x8000ed24
core   0: 0x8000dd28 (0x2c3f2e23) sw      gp, 732(t5)
core   0: 3 0x8000dd28 (0x2c3f2e23) mem 0x8000f000 0x00000001
core   0: 0x8000dd2c (0xff9ff06f) j       pc - 0x8
core   0: 3 0x8000dd2c (0xff9ff06f)
core   0: 0x8000dd24 (0x00001f17) auipc   t5, 0x1
core   0: 3 0x8000dd24 (0x00001f17) x30 0x8000ed24
core   0: 0x8000dd28 (0x2c3f2e23) sw      gp, 732(t5)
core   0: 3 0x8000dd28 (0x2c3f2e23) mem 0x8000f000 0x00000001
core   0: 0x8000dd2c (0xff9ff06f) j       pc - 0x8
core   0: 3 0x8000dd2c (0xff9ff06f)
core   0: 0x8000dd24 (0x00001f17) auipc   t5, 0x1
core   0: 3 0x8000dd24 (0x00001f17) x30 0x8000ed24
core   0: 0x8000dd28 (0x2c3f2e23) sw      gp, 732(t5)
core   0: 3 0x8000dd28 (0x2c3f2e23) mem 0x8000f000 0x00000001
core   0: 0x8000dd2c (0xff9ff06f) j       pc - 0x8
core   0: 3 0x8000dd2c (0xff9ff06f)
core   0: 0x8000dd24 (0x00001f17) auipc   t5, 0x1
core   0: 3 0x8000dd24 (0x00001f17) x30 0x8000ed24
core   0: 0x8000dd28 (0x2c3f2e23) sw      gp, 732(t5)
core   0: 3 0x8000dd28 (0x2c3f2e23) mem 0x8000f000 0x00000001
core   0: 0x8000dd2c (0xff9ff06f) j       pc - 0x8
core   0: 3 0x8000dd2c (0xff9ff06f)
core   0: 0x8000dd24 (0x00001f17) auipc   t5, 0x1
core   0: 3 0x8000dd24 (0x00001f17) x30 0x8000ed24
core   0: 0x8000dd28 (0x2c3f2e23) sw      gp, 732(t5)
core   0: 3 0x8000dd28 (0x2c3f2e23) mem 0x8000f000 0x00000001
core   0: 0x8000dd2c (0xff9ff06f) j       pc - 0x8
core   0: 3 0x8000dd2c (0xff9ff06f)
core   0: 0x8000dd24 (0x00001f17) auipc   t5, 0x1
core   0: 3 0x8000dd24 (0x00001f17) x30 0x8000ed24
core   0: 0x8000dd28 (0x2c3f2e23) sw      gp, 732(t5)
core   0: 3 0x8000dd28 (0x2c3f2e23) mem 0x8000f000 0x00000001
core   0: 0x8000dd2c (0xff9ff06f) j       pc - 0x8
core   0: 3 0x8000dd2c (0xff9ff06f)
core   0: 0x8000dd24 (0x00001f17) auipc   t5, 0x1
core   0: 3 0x8000dd24 (0x00001f17) x30 0x8000ed24
core   0: 0x8000dd28 (0x2c3f2e23) sw      gp, 732(t5)
core   0: 3 0x8000dd28 (0x2c3f2e23) mem 0x8000f000 0x00000001
core   0: 0x8000dd2c (0xff9ff06f) j       pc - 0x8
core   0: 3 0x8000dd2c (0xff9ff06f)
core   0: 0x8000dd24 (0x00001f17) auipc   t5, 0x1
core   0: 3 0x8000dd24 (0x00001f17) x30 0x8000ed24
core   0: 0x8000dd28 (0x2c3f2e23) sw      gp, 732(t5)
core   0: 3 0x8000dd28 (0x2c3f2e23) mem 0x8000f000 0x00000001
core   0: 0x8000dd2c (0xff9ff06f) j       pc - 0x8
core   0: 3 0x8000dd2c (0xff9ff06f)
core   0: 0x8000dd24 (0x00001f17) auipc   t5, 0x1
core   0: 3 0x8000dd24 (0x00001f17) x30 0x8000ed24
core   0: 0x8000dd28 (0x2c3f2e23) sw      gp, 732(t5)
core   0: 3 0x8000dd28 (0x2c3f2e23) mem 0x8000f000 0x00000001
core   0: 0x8000dd2c (0xff9ff06f) j       pc - 0x8
core   0: 3 0x8000dd2c (0xff9ff06f)
core   0: 0x8000dd24 (0x00001f17) auipc   t5, 0x1
core   0: 3 0x8000dd24 (0x00001f17) x30 0x8000ed24
core   0: 0x8000dd28 (0x2c3f2e23) sw      gp, 732(t5)
core   0: 3 0x8000dd28 (0x2c3f2e23) mem 0x8000f000 0x00000001
core   0: 0x8000dd2c (0xff9ff06f) j       pc - 0x8
core   0: 3 0x8000dd2c (0xff9ff06f)
core   0: 0x8000dd24 (0x00001f17) auipc   t5, 0x1
core   0: 3 0x8000dd24 (0x00001f17) x30 0x8000ed24
core   0: 0x8000dd28 (0x2c3f2e23) sw      gp, 732(t5)
core   0: 3 0x8000dd28 (0x2c3f2e23) mem 0x8000f000 0x00000001
core   0: 0x8000dd2c (0xff9ff06f) j       pc - 0x8
core   0: 3 0x8000dd2c (0xff9ff06f)
core   0: 0x8000dd24 (0x00001f17) auipc   t5, 0x1
core   0: 3 0x8000dd24 (0x00001f17) x30 0x8000ed24
core   0: 0x8000dd28 (0x2c3f2e23) sw      gp, 732(t5)
core   0: 3 0x8000dd28 (0x2c3f2e23) mem 0x8000f000 0x00000001
core   0: 0x8000dd2c (0xff9ff06f) j       pc - 0x8
core   0: 3 0x8000dd2c (0xff9ff06f)
core   0: 0x8000dd24 (0x00001f17) auipc   t5, 0x1
core   0: 3 0x8000dd24 (0x00001f17) x30 0x8000ed24
core   0: 0x8000dd28 (0x2c3f2e23) sw      gp, 732(t5)
core   0: 3 0x8000dd28 (0x2c3f2e23) mem 0x8000f000 0x00000001
core   0: 0x8000dd2c (0xff9ff06f) j       pc - 0x8
core   0: 3 0x8000dd2c (0xff9ff06f)
core   0: 0x8000dd24 (0x00001f17) auipc   t5, 0x1
core   0: 3 0x8000dd24 (0x00001f17) x30 0x8000ed24
core   0: 0x8000dd28 (0x2c3f2e23) sw      gp, 732(t5)
core   0: 3 0x8000dd28 (0x2c3f2e23) mem 0x8000f000 0x00000001
core   0: 0x8000dd2c (0xff9ff06f) j       pc - 0x8
core   0: 3 0x8000dd2c (0xff9ff06f)
core   0: 0x8000dd24 (0x00001f17) auipc   t5, 0x1
core   0: 3 0x8000dd24 (0x00001f17) x30 0x8000ed24
core   0: 0x8000dd28 (0x2c3f2e23) sw      gp, 732(t5)
core   0: 3 0x8000dd28 (0x2c3f2e23) mem 0x8000f000 0x00000001
core   0: 0x8000dd2c (0xff9ff06f) j       pc - 0x8
core   0: 3 0x8000dd2c (0xff9ff06f)
core   0: 0x8000dd24 (0x00001f17) auipc   t5, 0x1
core   0: 3 0x8000dd24 (0x00001f17) x30 0x8000ed24
core   0: 0x8000dd28 (0x2c3f2e23) sw      gp, 732(t5)
core   0: 3 0x8000dd28 (0x2c3f2e23) mem 0x8000f000 0x00000001
core   0: 0x8000dd2c (0xff9ff06f) j       pc - 0x8
core   0: 3 0x8000dd2c (0xff9ff06f)
core   0: 0x8000dd24 (0x00001f17) auipc   t5, 0x1
core   0: 3 0x8000dd24 (0x00001f17) x30 0x8000ed24
core   0: 0x8000dd28 (0x2c3f2e23) sw      gp, 732(t5)
core   0: 3 0x8000dd28 (0x2c3f2e23) mem 0x8000f000 0x00000001
core   0: 0x8000dd2c (0xff9ff06f) j       pc - 0x8
core   0: 3 0x8000dd2c (0xff9ff06f)
core   0: 0x8000dd24 (0x00001f17) auipc   t5, 0x1
core   0: 3 0x8000dd24 (0x00001f17) x30 0x8000ed24
core   0: 0x8000dd28 (0x2c3f2e23) sw      gp, 732(t5)
core   0: 3 0x8000dd28 (0x2c3f2e23) mem 0x8000f000 0x00000001
core   0: 0x8000dd2c (0xff9ff06f) j       pc - 0x8
core   0: 3 0x8000dd2c (0xff9ff06f)
core   0: 0x8000dd24 (0x00001f17) auipc   t5, 0x1
core   0: 3 0x8000dd24 (0x00001f17) x30 0x8000ed24
core   0: 0x8000dd28 (0x2c3f2e23) sw      gp, 732(t5)
core   0: 3 0x8000dd28 (0x2c3f2e23) mem 0x8000f000 0x00000001
core   0: 0x8000dd2c (0xff9ff06f) j       pc - 0x8
core   0: 3 0x8000dd2c (0xff9ff06f)
core   0: 0x8000dd24 (0x00001f17) auipc   t5, 0x1
core   0: 3 0x8000dd24 (0x00001f17) x30 0x8000ed24
core   0: 0x8000dd28 (0x2c3f2e23) sw      gp, 732(t5)
core   0: 3 0x8000dd28 (0x2c3f2e23) mem 0x8000f000 0x00000001
core   0: 0x8000dd2c (0xff9ff06f) j       pc - 0x8
core   0: 3 0x8000dd2c (0xff9ff06f)
core   0: 0x8000dd24 (0x00001f17) auipc   t5, 0x1
core   0: 3 0x8000dd24 (0x00001f17) x30 0x8000ed24
core   0: 0x8000dd28 (0x2c3f2e23) sw      gp, 732(t5)
core   0: 3 0x8000dd28 (0x2c3f2e23) mem 0x8000f000 0x00000001
core   0: 0x8000dd2c (0xff9ff06f) j       pc - 0x8
core   0: 3 0x8000dd2c (0xff9ff06f)
core   0: 0x8000dd24 (0x00001f17) auipc   t5, 0x1
core   0: 3 0x8000dd24 (0x00001f17) x30 0x8000ed24
core   0: 0x8000dd28 (0x2c3f2e23) sw      gp, 732(t5)
core   0: 3 0x8000dd28 (0x2c3f2e23) mem 0x8000f000 0x00000001
core   0: 0x8000dd2c (0xff9ff06f) j       pc - 0x8
core   0: 3 0x8000dd2c (0xff9ff06f)
core   0: 0x8000dd24 (0x00001f17) auipc   t5, 0x1
core   0: 3 0x8000dd24 (0x00001f17) x30 0x8000ed24
core   0: 0x8000dd28 (0x2c3f2e23) sw      gp, 732(t5)
core   0: 3 0x8000dd28 (0x2c3f2e23) mem 0x8000f000 0x00000001
core   0: 0x8000dd2c (0xff9ff06f) j       pc - 0x8
core   0: 3 0x8000dd2c (0xff9ff06f)
core   0: 0x8000dd24 (0x00001f17) auipc   t5, 0x1
core   0: 3 0x8000dd24 (0x00001f17) x30 0x8000ed24
core   0: 0x8000dd28 (0x2c3f2e23) sw      gp, 732(t5)
core   0: 3 0x8000dd28 (0x2c3f2e23) mem 0x8000f000 0x00000001
core   0: 0x8000dd2c (0xff9ff06f) j       pc - 0x8
core   0: 3 0x8000dd2c (0xff9ff06f)
core   0: 0x8000dd24 (0x00001f17) auipc   t5, 0x1
core   0: 3 0x8000dd24 (0x00001f17) x30 0x8000ed24
core   0: 0x8000dd28 (0x2c3f2e23) sw      gp, 732(t5)
core   0: 3 0x8000dd28 (0x2c3f2e23) mem 0x8000f000 0x00000001
core   0: 0x8000dd2c (0xff9ff06f) j       pc - 0x8
core   0: 3 0x8000dd2c (0xff9ff06f)
core   0: 0x8000dd24 (0x00001f17) auipc   t5, 0x1
core   0: 3 0x8000dd24 (0x00001f17) x30 0x8000ed24
core   0: 0x8000dd28 (0x2c3f2e23) sw      gp, 732(t5)
core   0: 3 0x8000dd28 (0x2c3f2e23) mem 0x8000f000 0x00000001
core   0: 0x8000dd2c (0xff9ff06f) j       pc - 0x8
core   0: 3 0x8000dd2c (0xff9ff06f)
core   0: 0x8000dd24 (0x00001f17) auipc   t5, 0x1
core   0: 3 0x8000dd24 (0x00001f17) x30 0x8000ed24
core   0: 0x8000dd28 (0x2c3f2e23) sw      gp, 732(t5)
core   0: 3 0x8000dd28 (0x2c3f2e23) mem 0x8000f000 0x00000001
core   0: 0x8000dd2c (0xff9ff06f) j       pc - 0x8
core   0: 3 0x8000dd2c (0xff9ff06f)
core   0: 0x8000dd24 (0x00001f17) auipc   t5, 0x1
core   0: 3 0x8000dd24 (0x00001f17) x30 0x8000ed24
core   0: 0x8000dd28 (0x2c3f2e23) sw      gp, 732(t5)
core   0: 3 0x8000dd28 (0x2c3f2e23) mem 0x8000f000 0x00000001
core   0: 0x8000dd2c (0xff9ff06f) j       pc - 0x8
core   0: 3 0x8000dd2c (0xff9ff06f)
core   0: 0x8000dd24 (0x00001f17) auipc   t5, 0x1
core   0: 3 0x8000dd24 (0x00001f17) x30 0x8000ed24
core   0: 0x8000dd28 (0x2c3f2e23) sw      gp, 732(t5)
core   0: 3 0x8000dd28 (0x2c3f2e23) mem 0x8000f000 0x00000001
core   0: 0x8000dd2c (0xff9ff06f) j       pc - 0x8
core   0: 3 0x8000dd2c (0xff9ff06f)
core   0: 0x8000dd24 (0x00001f17) auipc   t5, 0x1
core   0: 3 0x8000dd24 (0x00001f17) x30 0x8000ed24
core   0: 0x8000dd28 (0x2c3f2e23) sw      gp, 732(t5)
core   0: 3 0x8000dd28 (0x2c3f2e23) mem 0x8000f000 0x00000001
core   0: 0x8000dd2c (0xff9ff06f) j       pc - 0x8
core   0: 3 0x8000dd2c (0xff9ff06f)
core   0: 0x8000dd24 (0x00001f17) auipc   t5, 0x1
core   0: 3 0x8000dd24 (0x00001f17) x30 0x8000ed24
core   0: 0x8000dd28 (0x2c3f2e23) sw      gp, 732(t5)
core   0: 3 0x8000dd28 (0x2c3f2e23) mem 0x8000f000 0x00000001
core   0: 0x8000dd2c (0xff9ff06f) j       pc - 0x8
core   0: 3 0x8000dd2c (0xff9ff06f)
core   0: 0x8000dd24 (0x00001f17) auipc   t5, 0x1
core   0: 3 0x8000dd24 (0x00001f17) x30 0x8000ed24
core   0: 0x8000dd28 (0x2c3f2e23) sw      gp, 732(t5)
core   0: 3 0x8000dd28 (0x2c3f2e23) mem 0x8000f000 0x00000001
core   0: 0x8000dd2c (0xff9ff06f) j       pc - 0x8
core   0: 3 0x8000dd2c (0xff9ff06f)
core   0: 0x8000dd24 (0x00001f17) auipc   t5, 0x1
core   0: 3 0x8000dd24 (0x00001f17) x30 0x8000ed24
core   0: 0x8000dd28 (0x2c3f2e23) sw      gp, 732(t5)
core   0: 3 0x8000dd28 (0x2c3f2e23) mem 0x8000f000 0x00000001
core   0: 0x8000dd2c (0xff9ff06f) j       pc - 0x8
core   0: 3 0x8000dd2c (0xff9ff06f)
core   0: 0x8000dd24 (0x00001f17) auipc   t5, 0x1
core   0: 3 0x8000dd24 (0x00001f17) x30 0x8000ed24
core   0: 0x8000dd28 (0x2c3f2e23) sw      gp, 732(t5)
core   0: 3 0x8000dd28 (0x2c3f2e23) mem 0x8000f000 0x00000001
core   0: 0x8000dd2c (0xff9ff06f) j       pc - 0x8
core   0: 3 0x8000dd2c (0xff9ff06f)
core   0: 0x8000dd24 (0x00001f17) auipc   t5, 0x1
core   0: 3 0x8000dd24 (0x00001f17) x30 0x8000ed24
core   0: 0x8000dd28 (0x2c3f2e23) sw      gp, 732(t5)
core   0: 3 0x8000dd28 (0x2c3f2e23) mem 0x8000f000 0x00000001
core   0: 0x8000dd2c (0xff9ff06f) j       pc - 0x8
core   0: 3 0x8000dd2c (0xff9ff06f)
core   0: 0x8000dd24 (0x00001f17) auipc   t5, 0x1
core   0: 3 0x8000dd24 (0x00001f17) x30 0x8000ed24
core   0: 0x8000dd28 (0x2c3f2e23) sw      gp, 732(t5)
core   0: 3 0x8000dd28 (0x2c3f2e23) mem 0x8000f000 0x00000001
core   0: 0x8000dd2c (0xff9ff06f) j       pc - 0x8
core   0: 3 0x8000dd2c (0xff9ff06f)
core   0: 0x8000dd24 (0x00001f17) auipc   t5, 0x1
core   0: 3 0x8000dd24 (0x00001f17) x30 0x8000ed24
core   0: 0x8000dd28 (0x2c3f2e23) sw      gp, 732(t5)
core   0: 3 0x8000dd28 (0x2c3f2e23) mem 0x8000f000 0x00000001
core   0: 0x8000dd2c (0xff9ff06f) j       pc - 0x8
core   0: 3 0x8000dd2c (0xff9ff06f)
core   0: 0x8000dd24 (0x00001f17) auipc   t5, 0x1
core   0: 3 0x8000dd24 (0x00001f17) x30 0x8000ed24
core   0: 0x8000dd28 (0x2c3f2e23) sw      gp, 732(t5)
core   0: 3 0x8000dd28 (0x2c3f2e23) mem 0x8000f000 0x00000001
core   0: 0x8000dd2c (0xff9ff06f) j       pc - 0x8
core   0: 3 0x8000dd2c (0xff9ff06f)
core   0: 0x8000dd24 (0x00001f17) auipc   t5, 0x1
core   0: 3 0x8000dd24 (0x00001f17) x30 0x8000ed24
core   0: 0x8000dd28 (0x2c3f2e23) sw      gp, 732(t5)
core   0: 3 0x8000dd28 (0x2c3f2e23) mem 0x8000f000 0x00000001
core   0: 0x8000dd2c (0xff9ff06f) j       pc - 0x8
core   0: 3 0x8000dd2c (0xff9ff06f)
core   0: 0x8000dd24 (0x00001f17) auipc   t5, 0x1
core   0: 3 0x8000dd24 (0x00001f17) x30 0x8000ed24
core   0: 0x8000dd28 (0x2c3f2e23) sw      gp, 732(t5)
core   0: 3 0x8000dd28 (0x2c3f2e23) mem 0x8000f000 0x00000001
core   0: 0x8000dd2c (0xff9ff06f) j       pc - 0x8
core   0: 3 0x8000dd2c (0xff9ff06f)
core   0: 0x8000dd24 (0x00001f17) auipc   t5, 0x1
core   0: 3 0x8000dd24 (0x00001f17) x30 0x8000ed24
core   0: 0x8000dd28 (0x2c3f2e23) sw      gp, 732(t5)
core   0: 3 0x8000dd28 (0x2c3f2e23) mem 0x8000f000 0x00000001
core   0: 0x8000dd2c (0xff9ff06f) j       pc - 0x8
core   0: 3 0x8000dd2c (0xff9ff06f)
core   0: 0x8000dd24 (0x00001f17) auipc   t5, 0x1
core   0: 3 0x8000dd24 (0x00001f17) x30 0x8000ed24
core   0: 0x8000dd28 (0x2c3f2e23) sw      gp, 732(t5)
core   0: 3 0x8000dd28 (0x2c3f2e23) mem 0x8000f000 0x00000001
core   0: 0x8000dd2c (0xff9ff06f) j       pc - 0x8
core   0: 3 0x8000dd2c (0xff9ff06f)
core   0: 0x8000dd24 (0x00001f17) auipc   t5, 0x1
core   0: 3 0x8000dd24 (0x00001f17) x30 0x8000ed24
core   0: 0x8000dd28 (0x2c3f2e23) sw      gp, 732(t5)
core   0: 3 0x8000dd28 (0x2c3f2e23) mem 0x8000f000 0x00000001
core   0: 0x8000dd2c (0xff9ff06f) j       pc - 0x8
core   0: 3 0x8000dd2c (0xff9ff06f)
core   0: 0x8000dd24 (0x00001f17) auipc   t5, 0x1
core   0: 3 0x8000dd24 (0x00001f17) x30 0x8000ed24
core   0: 0x8000dd28 (0x2c3f2e23) sw      gp, 732(t5)
core   0: 3 0x8000dd28 (0x2c3f2e23) mem 0x8000f000 0x00000001
core   0: 0x8000dd2c (0xff9ff06f) j       pc - 0x8
core   0: 3 0x8000dd2c (0xff9ff06f)
core   0: 0x8000dd24 (0x00001f17) auipc   t5, 0x1
core   0: 3 0x8000dd24 (0x00001f17) x30 0x8000ed24
core   0: 0x8000dd28 (0x2c3f2e23) sw      gp, 732(t5)
core   0: 3 0x8000dd28 (0x2c3f2e23) mem 0x8000f000 0x00000001
core   0: 0x8000dd2c (0xff9ff06f) j       pc - 0x8
core   0: 3 0x8000dd2c (0xff9ff06f)
core   0: 0x8000dd24 (0x00001f17) auipc   t5, 0x1
core   0: 3 0x8000dd24 (0x00001f17) x30 0x8000ed24
core   0: 0x8000dd28 (0x2c3f2e23) sw      gp, 732(t5)
core   0: 3 0x8000dd28 (0x2c3f2e23) mem 0x8000f000 0x00000001
core   0: 0x8000dd2c (0xff9ff06f) j       pc - 0x8
core   0: 3 0x8000dd2c (0xff9ff06f)
core   0: 0x8000dd24 (0x00001f17) auipc   t5, 0x1
core   0: 3 0x8000dd24 (0x00001f17) x30 0x8000ed24
core   0: 0x8000dd28 (0x2c3f2e23) sw      gp, 732(t5)
core   0: 3 0x8000dd28 (0x2c3f2e23) mem 0x8000f000 0x00000001
core   0: 0x8000dd2c (0xff9ff06f) j       pc - 0x8
core   0: 3 0x8000dd2c (0xff9ff06f)
core   0: 0x8000dd24 (0x00001f17) auipc   t5, 0x1
core   0: 3 0x8000dd24 (0x00001f17) x30 0x8000ed24
core   0: 0x8000dd28 (0x2c3f2e23) sw      gp, 732(t5)
core   0: 3 0x8000dd28 (0x2c3f2e23) mem 0x8000f000 0x00000001
core   0: 0x8000dd2c (0xff9ff06f) j       pc - 0x8
core   0: 3 0x8000dd2c (0xff9ff06f)
core   0: 0x8000dd24 (0x00001f17) auipc   t5, 0x1
core   0: 3 0x8000dd24 (0x00001f17) x30 0x8000ed24
core   0: 0x8000dd28 (0x2c3f2e23) sw      gp, 732(t5)
core   0: 3 0x8000dd28 (0x2c3f2e23) mem 0x8000f000 0x00000001
core   0: 0x8000dd2c (0xff9ff06f) j       pc - 0x8
core   0: 3 0x8000dd2c (0xff9ff06f)
core   0: 0x8000dd24 (0x00001f17) auipc   t5, 0x1
core   0: 3 0x8000dd24 (0x00001f17) x30 0x8000ed24
core   0: 0x8000dd28 (0x2c3f2e23) sw      gp, 732(t5)
core   0: 3 0x8000dd28 (0x2c3f2e23) mem 0x8000f000 0x00000001
core   0: 0x8000dd2c (0xff9ff06f) j       pc - 0x8
core   0: 3 0x8000dd2c (0xff9ff06f)
core   0: 0x8000dd24 (0x00001f17) auipc   t5, 0x1
core   0: 3 0x8000dd24 (0x00001f17) x30 0x8000ed24
core   0: 0x8000dd28 (0x2c3f2e23) sw      gp, 732(t5)
core   0: 3 0x8000dd28 (0x2c3f2e23) mem 0x8000f000 0x00000001
core   0: 0x8000dd2c (0xff9ff06f) j       pc - 0x8
core   0: 3 0x8000dd2c (0xff9ff06f)
core   0: 0x8000dd24 (0x00001f17) auipc   t5, 0x1
core   0: 3 0x8000dd24 (0x00001f17) x30 0x8000ed24
core   0: 0x8000dd28 (0x2c3f2e23) sw      gp, 732(t5)
core   0: 3 0x8000dd28 (0x2c3f2e23) mem 0x8000f000 0x00000001
core   0: 0x8000dd2c (0xff9ff06f) j       pc - 0x8
core   0: 3 0x8000dd2c (0xff9ff06f)
core   0: 0x8000dd24 (0x00001f17) auipc   t5, 0x1
core   0: 3 0x8000dd24 (0x00001f17) x30 0x8000ed24
core   0: 0x8000dd28 (0x2c3f2e23) sw      gp, 732(t5)
core   0: 3 0x8000dd28 (0x2c3f2e23) mem 0x8000f000 0x00000001
core   0: 0x8000dd2c (0xff9ff06f) j       pc - 0x8
core   0: 3 0x8000dd2c (0xff9ff06f)
core   0: 0x8000dd24 (0x00001f17) auipc   t5, 0x1
core   0: 3 0x8000dd24 (0x00001f17) x30 0x8000ed24
core   0: 0x8000dd28 (0x2c3f2e23) sw      gp, 732(t5)
core   0: 3 0x8000dd28 (0x2c3f2e23) mem 0x8000f000 0x00000001
core   0: 0x8000dd2c (0xff9ff06f) j       pc - 0x8
core   0: 3 0x8000dd2c (0xff9ff06f)
core   0: 0x8000dd24 (0x00001f17) auipc   t5, 0x1
core   0: 3 0x8000dd24 (0x00001f17) x30 0x8000ed24
core   0: 0x8000dd28 (0x2c3f2e23) sw      gp, 732(t5)
core   0: 3 0x8000dd28 (0x2c3f2e23) mem 0x8000f000 0x00000001
core   0: 0x8000dd2c (0xff9ff06f) j       pc - 0x8
core   0: 3 0x8000dd2c (0xff9ff06f)
core   0: 0x8000dd24 (0x00001f17) auipc   t5, 0x1
core   0: 3 0x8000dd24 (0x00001f17) x30 0x8000ed24
core   0: 0x8000dd28 (0x2c3f2e23) sw      gp, 732(t5)
core   0: 3 0x8000dd28 (0x2c3f2e23) mem 0x8000f000 0x00000001
core   0: 0x8000dd2c (0xff9ff06f) j       pc - 0x8
core   0: 3 0x8000dd2c (0xff9ff06f)
core   0: 0x8000dd24 (0x00001f17) auipc   t5, 0x1
core   0: 3 0x8000dd24 (0x00001f17) x30 0x8000ed24
core   0: 0x8000dd28 (0x2c3f2e23) sw      gp, 732(t5)
core   0: 3 0x8000dd28 (0x2c3f2e23) mem 0x8000f000 0x00000001
core   0: 0x8000dd2c (0xff9ff06f) j       pc - 0x8
core   0: 3 0x8000dd2c (0xff9ff06f)
core   0: 0x8000dd24 (0x00001f17) auipc   t5, 0x1
core   0: 3 0x8000dd24 (0x00001f17) x30 0x8000ed24
core   0: 0x8000dd28 (0x2c3f2e23) sw      gp, 732(t5)
core   0: 3 0x8000dd28 (0x2c3f2e23) mem 0x8000f000 0x00000001
core   0: 0x8000dd2c (0xff9ff06f) j       pc - 0x8
core   0: 3 0x8000dd2c (0xff9ff06f)
core   0: 0x8000dd24 (0x00001f17) auipc   t5, 0x1
core   0: 3 0x8000dd24 (0x00001f17) x30 0x8000ed24
core   0: 0x8000dd28 (0x2c3f2e23) sw      gp, 732(t5)
core   0: 3 0x8000dd28 (0x2c3f2e23) mem 0x8000f000 0x00000001
core   0: 0x8000dd2c (0xff9ff06f) j       pc - 0x8
core   0: 3 0x8000dd2c (0xff9ff06f)
core   0: 0x8000dd24 (0x00001f17) auipc   t5, 0x1
core   0: 3 0x8000dd24 (0x00001f17) x30 0x8000ed24
core   0: 0x8000dd28 (0x2c3f2e23) sw      gp, 732(t5)
core   0: 3 0x8000dd28 (0x2c3f2e23) mem 0x8000f000 0x00000001
core   0: 0x8000dd2c (0xff9ff06f) j       pc - 0x8
core   0: 3 0x8000dd2c (0xff9ff06f)
core   0: 0x8000dd24 (0x00001f17) auipc   t5, 0x1
core   0: 3 0x8000dd24 (0x00001f17) x30 0x8000ed24
core   0: 0x8000dd28 (0x2c3f2e23) sw      gp, 732(t5)
core   0: 3 0x8000dd28 (0x2c3f2e23) mem 0x8000f000 0x00000001
core   0: 0x8000dd2c (0xff9ff06f) j       pc - 0x8
core   0: 3 0x8000dd2c (0xff9ff06f)
core   0: 0x8000dd24 (0x00001f17) auipc   t5, 0x1
core   0: 3 0x8000dd24 (0x00001f17) x30 0x8000ed24
core   0: 0x8000dd28 (0x2c3f2e23) sw      gp, 732(t5)
core   0: 3 0x8000dd28 (0x2c3f2e23) mem 0x8000f000 0x00000001
core   0: 0x8000dd2c (0xff9ff06f) j       pc - 0x8
core   0: 3 0x8000dd2c (0xff9ff06f)
core   0: 0x8000dd24 (0x00001f17) auipc   t5, 0x1
core   0: 3 0x8000dd24 (0x00001f17) x30 0x8000ed24
core   0: 0x8000dd28 (0x2c3f2e23) sw      gp, 732(t5)
core   0: 3 0x8000dd28 (0x2c3f2e23) mem 0x8000f000 0x00000001
core   0: 0x8000dd2c (0xff9ff06f) j       pc - 0x8
core   0: 3 0x8000dd2c (0xff9ff06f)
core   0: 0x8000dd24 (0x00001f17) auipc   t5, 0x1
core   0: 3 0x8000dd24 (0x00001f17) x30 0x8000ed24
core   0: 0x8000dd28 (0x2c3f2e23) sw      gp, 732(t5)
core   0: 3 0x8000dd28 (0x2c3f2e23) mem 0x8000f000 0x00000001
core   0: 0x8000dd2c (0xff9ff06f) j       pc - 0x8
core   0: 3 0x8000dd2c (0xff9ff06f)
core   0: 0x8000dd24 (0x00001f17) auipc   t5, 0x1
core   0: 3 0x8000dd24 (0x00001f17) x30 0x8000ed24
core   0: 0x8000dd28 (0x2c3f2e23) sw      gp, 732(t5)
core   0: 3 0x8000dd28 (0x2c3f2e23) mem 0x8000f000 0x00000001
core   0: 0x8000dd2c (0xff9ff06f) j       pc - 0x8
core   0: 3 0x8000dd2c (0xff9ff06f)
core   0: 0x8000dd24 (0x00001f17) auipc   t5, 0x1
core   0: 3 0x8000dd24 (0x00001f17) x30 0x8000ed24
core   0: 0x8000dd28 (0x2c3f2e23) sw      gp, 732(t5)
core   0: 3 0x8000dd28 (0x2c3f2e23) mem 0x8000f000 0x00000001
core   0: 0x8000dd2c (0xff9ff06f) j       pc - 0x8
core   0: 3 0x8000dd2c (0xff9ff06f)
core   0: 0x8000dd24 (0x00001f17) auipc   t5, 0x1
core   0: 3 0x8000dd24 (0x00001f17) x30 0x8000ed24
core   0: 0x8000dd28 (0x2c3f2e23) sw      gp, 732(t5)
core   0: 3 0x8000dd28 (0x2c3f2e23) mem 0x8000f000 0x00000001
core   0: 0x8000dd2c (0xff9ff06f) j       pc - 0x8
core   0: 3 0x8000dd2c (0xff9ff06f)
core   0: 0x8000dd24 (0x00001f17) auipc   t5, 0x1
core   0: 3 0x8000dd24 (0x00001f17) x30 0x8000ed24
core   0: 0x8000dd28 (0x2c3f2e23) sw      gp, 732(t5)
core   0: 3 0x8000dd28 (0x2c3f2e23) mem 0x8000f000 0x00000001
core   0: 0x8000dd2c (0xff9ff06f) j       pc - 0x8
core   0: 3 0x8000dd2c (0xff9ff06f)
core   0: 0x8000dd24 (0x00001f17) auipc   t5, 0x1
core   0: 3 0x8000dd24 (0x00001f17) x30 0x8000ed24
core   0: 0x8000dd28 (0x2c3f2e23) sw      gp, 732(t5)
core   0: 3 0x8000dd28 (0x2c3f2e23) mem 0x8000f000 0x00000001
core   0: 0x8000dd2c (0xff9ff06f) j       pc - 0x8
core   0: 3 0x8000dd2c (0xff9ff06f)
core   0: 0x8000dd24 (0x00001f17) auipc   t5, 0x1
core   0: 3 0x8000dd24 (0x00001f17) x30 0x8000ed24
core   0: 0x8000dd28 (0x2c3f2e23) sw      gp, 732(t5)
core   0: 3 0x8000dd28 (0x2c3f2e23) mem 0x8000f000 0x00000001
core   0: 0x8000dd2c (0xff9ff06f) j       pc - 0x8
core   0: 3 0x8000dd2c (0xff9ff06f)
core   0: 0x8000dd24 (0x00001f17) auipc   t5, 0x1
core   0: 3 0x8000dd24 (0x00001f17) x30 0x8000ed24
core   0: 0x8000dd28 (0x2c3f2e23) sw      gp, 732(t5)
core   0: 3 0x8000dd28 (0x2c3f2e23) mem 0x8000f000 0x00000001
core   0: 0x8000dd2c (0xff9ff06f) j       pc - 0x8
core   0: 3 0x8000dd2c (0xff9ff06f)
core   0: 0x8000dd24 (0x00001f17) auipc   t5, 0x1
core   0: 3 0x8000dd24 (0x00001f17) x30 0x8000ed24
core   0: 0x8000dd28 (0x2c3f2e23) sw      gp, 732(t5)
core   0: 3 0x8000dd28 (0x2c3f2e23) mem 0x8000f000 0x00000001
core   0: 0x8000dd2c (0xff9ff06f) j       pc - 0x8
core   0: 3 0x8000dd2c (0xff9ff06f)
core   0: 0x8000dd24 (0x00001f17) auipc   t5, 0x1
core   0: 3 0x8000dd24 (0x00001f17) x30 0x8000ed24
core   0: 0x8000dd28 (0x2c3f2e23) sw      gp, 732(t5)
core   0: 3 0x8000dd28 (0x2c3f2e23) mem 0x8000f000 0x00000001
core   0: 0x8000dd2c (0xff9ff06f) j       pc - 0x8
core   0: 3 0x8000dd2c (0xff9ff06f)
core   0: 0x8000dd24 (0x00001f17) auipc   t5, 0x1
core   0: 3 0x8000dd24 (0x00001f17) x30 0x8000ed24
core   0: 0x8000dd28 (0x2c3f2e23) sw      gp, 732(t5)
core   0: 3 0x8000dd28 (0x2c3f2e23) mem 0x8000f000 0x00000001
core   0: 0x8000dd2c (0xff9ff06f) j       pc - 0x8
core   0: 3 0x8000dd2c (0xff9ff06f)
core   0: 0x8000dd24 (0x00001f17) auipc   t5, 0x1
core   0: 3 0x8000dd24 (0x00001f17) x30 0x8000ed24
core   0: 0x8000dd28 (0x2c3f2e23) sw      gp, 732(t5)
core   0: 3 0x8000dd28 (0x2c3f2e23) mem 0x8000f000 0x00000001
core   0: 0x8000dd2c (0xff9ff06f) j       pc - 0x8
core   0: 3 0x8000dd2c (0xff9ff06f)
core   0: 0x8000dd24 (0x00001f17) auipc   t5, 0x1
core   0: 3 0x8000dd24 (0x00001f17) x30 0x8000ed24
core   0: 0x8000dd28 (0x2c3f2e23) sw      gp, 732(t5)
core   0: 3 0x8000dd28 (0x2c3f2e23) mem 0x8000f000 0x00000001
core   0: 0x8000dd2c (0xff9ff06f) j       pc - 0x8
core   0: 3 0x8000dd2c (0xff9ff06f)
core   0: 0x8000dd24 (0x00001f17) auipc   t5, 0x1
core   0: 3 0x8000dd24 (0x00001f17) x30 0x8000ed24
core   0: 0x8000dd28 (0x2c3f2e23) sw      gp, 732(t5)
core   0: 3 0x8000dd28 (0x2c3f2e23) mem 0x8000f000 0x00000001
core   0: 0x8000dd2c (0xff9ff06f) j       pc - 0x8
core   0: 3 0x8000dd2c (0xff9ff06f)
core   0: 0x8000dd24 (0x00001f17) auipc   t5, 0x1
core   0: 3 0x8000dd24 (0x00001f17) x30 0x8000ed24
core   0: 0x8000dd28 (0x2c3f2e23) sw      gp, 732(t5)
core   0: 3 0x8000dd28 (0x2c3f2e23) mem 0x8000f000 0x00000001
core   0: 0x8000dd2c (0xff9ff06f) j       pc - 0x8
core   0: 3 0x8000dd2c (0xff9ff06f)
core   0: 0x8000dd24 (0x00001f17) auipc   t5, 0x1
core   0: 3 0x8000dd24 (0x00001f17) x30 0x8000ed24
core   0: 0x8000dd28 (0x2c3f2e23) sw      gp, 732(t5)
core   0: 3 0x8000dd28 (0x2c3f2e23) mem 0x8000f000 0x00000001
core   0: 0x8000dd2c (0xff9ff06f) j       pc - 0x8
core   0: 3 0x8000dd2c (0xff9ff06f)
core   0: 0x8000dd24 (0x00001f17) auipc   t5, 0x1
core   0: 3 0x8000dd24 (0x00001f17) x30 0x8000ed24
core   0: 0x8000dd28 (0x2c3f2e23) sw      gp, 732(t5)
core   0: 3 0x8000dd28 (0x2c3f2e23) mem 0x8000f000 0x00000001
core   0: 0x8000dd2c (0xff9ff06f) j       pc - 0x8
core   0: 3 0x8000dd2c (0xff9ff06f)
core   0: 0x8000dd24 (0x00001f17) auipc   t5, 0x1
core   0: 3 0x8000dd24 (0x00001f17) x30 0x8000ed24
core   0: 0x8000dd28 (0x2c3f2e23) sw      gp, 732(t5)
core   0: 3 0x8000dd28 (0x2c3f2e23) mem 0x8000f000 0x00000001
core   0: 0x8000dd2c (0xff9ff06f) j       pc - 0x8
core   0: 3 0x8000dd2c (0xff9ff06f)
core   0: 0x8000dd24 (0x00001f17) auipc   t5, 0x1
core   0: 3 0x8000dd24 (0x00001f17) x30 0x8000ed24
core   0: 0x8000dd28 (0x2c3f2e23) sw      gp, 732(t5)
core   0: 3 0x8000dd28 (0x2c3f2e23) mem 0x8000f000 0x00000001
core   0: 0x8000dd2c (0xff9ff06f) j       pc - 0x8
core   0: 3 0x8000dd2c (0xff9ff06f)
core   0: 0x8000dd24 (0x00001f17) auipc   t5, 0x1
core   0: 3 0x8000dd24 (0x00001f17) x30 0x8000ed24
core   0: 0x8000dd28 (0x2c3f2e23) sw      gp, 732(t5)
core   0: 3 0x8000dd28 (0x2c3f2e23) mem 0x8000f000 0x00000001
core   0: 0x8000dd2c (0xff9ff06f) j       pc - 0x8
core   0: 3 0x8000dd2c (0xff9ff06f)
core   0: 0x8000dd24 (0x00001f17) auipc   t5, 0x1
core   0: 3 0x8000dd24 (0x00001f17) x30 0x8000ed24
core   0: 0x8000dd28 (0x2c3f2e23) sw      gp, 732(t5)
core   0: 3 0x8000dd28 (0x2c3f2e23) mem 0x8000f000 0x00000001
core   0: 0x8000dd2c (0xff9ff06f) j       pc - 0x8
core   0: 3 0x8000dd2c (0xff9ff06f)
core   0: 0x8000dd24 (0x00001f17) auipc   t5, 0x1
core   0: 3 0x8000dd24 (0x00001f17) x30 0x8000ed24
core   0: 0x8000dd28 (0x2c3f2e23) sw      gp, 732(t5)
core   0: 3 0x8000dd28 (0x2c3f2e23) mem 0x8000f000 0x00000001
core   0: 0x8000dd2c (0xff9ff06f) j       pc - 0x8
core   0: 3 0x8000dd2c (0xff9ff06f)
core   0: 0x8000dd24 (0x00001f17) auipc   t5, 0x1
core   0: 3 0x8000dd24 (0x00001f17) x30 0x8000ed24
core   0: 0x8000dd28 (0x2c3f2e23) sw      gp, 732(t5)
core   0: 3 0x8000dd28 (0x2c3f2e23) mem 0x8000f000 0x00000001
core   0: 0x8000dd2c (0xff9ff06f) j       pc - 0x8
core   0: 3 0x8000dd2c (0xff9ff06f)
core   0: 0x8000dd24 (0x00001f17) auipc   t5, 0x1
core   0: 3 0x8000dd24 (0x00001f17) x30 0x8000ed24
core   0: 0x8000dd28 (0x2c3f2e23) sw      gp, 732(t5)
core   0: 3 0x8000dd28 (0x2c3f2e23) mem 0x8000f000 0x00000001
core   0: 0x8000dd2c (0xff9ff06f) j       pc - 0x8
core   0: 3 0x8000dd2c (0xff9ff06f)
core   0: 0x8000dd24 (0x00001f17) auipc   t5, 0x1
core   0: 3 0x8000dd24 (0x00001f17) x30 0x8000ed24
core   0: 0x8000dd28 (0x2c3f2e23) sw      gp, 732(t5)
core   0: 3 0x8000dd28 (0x2c3f2e23) mem 0x8000f000 0x00000001
core   0: 0x8000dd2c (0xff9ff06f) j       pc - 0x8
core   0: 3 0x8000dd2c (0xff9ff06f)
core   0: 0x8000dd24 (0x00001f17) auipc   t5, 0x1
core   0: 3 0x8000dd24 (0x00001f17) x30 0x8000ed24
core   0: 0x8000dd28 (0x2c3f2e23) sw      gp, 732(t5)
core   0: 3 0x8000dd28 (0x2c3f2e23) mem 0x8000f000 0x00000001
core   0: 0x8000dd2c (0xff9ff06f) j       pc - 0x8
core   0: 3 0x8000dd2c (0xff9ff06f)
core   0: 0x8000dd24 (0x00001f17) auipc   t5, 0x1
core   0: 3 0x8000dd24 (0x00001f17) x30 0x8000ed24
core   0: 0x8000dd28 (0x2c3f2e23) sw      gp, 732(t5)
core   0: 3 0x8000dd28 (0x2c3f2e23) mem 0x8000f000 0x00000001
core   0: 0x8000dd2c (0xff9ff06f) j       pc - 0x8
core   0: 3 0x8000dd2c (0xff9ff06f)
core   0: 0x8000dd24 (0x00001f17) auipc   t5, 0x1
core   0: 3 0x8000dd24 (0x00001f17) x30 0x8000ed24
core   0: 0x8000dd28 (0x2c3f2e23) sw      gp, 732(t5)
core   0: 3 0x8000dd28 (0x2c3f2e23) mem 0x8000f000 0x00000001
core   0: 0x8000dd2c (0xff9ff06f) j       pc - 0x8
core   0: 3 0x8000dd2c (0xff9ff06f)
core   0: 0x8000dd24 (0x00001f17) auipc   t5, 0x1
core   0: 3 0x8000dd24 (0x00001f17) x30 0x8000ed24
core   0: 0x8000dd28 (0x2c3f2e23) sw      gp, 732(t5)
core   0: 3 0x8000dd28 (0x2c3f2e23) mem 0x8000f000 0x00000001
core   0: 0x8000dd2c (0xff9ff06f) j       pc - 0x8
core   0: 3 0x8000dd2c (0xff9ff06f)
core   0: 0x8000dd24 (0x00001f17) auipc   t5, 0x1
core   0: 3 0x8000dd24 (0x00001f17) x30 0x8000ed24
core   0: 0x8000dd28 (0x2c3f2e23) sw      gp, 732(t5)
core   0: 3 0x8000dd28 (0x2c3f2e23) mem 0x8000f000 0x00000001
core   0: 0x8000dd2c (0xff9ff06f) j       pc - 0x8
core   0: 3 0x8000dd2c (0xff9ff06f)
core   0: 0x8000dd24 (0x00001f17) auipc   t5, 0x1
core   0: 3 0x8000dd24 (0x00001f17) x30 0x8000ed24
core   0: 0x8000dd28 (0x2c3f2e23) sw      gp, 732(t5)
core   0: 3 0x8000dd28 (0x2c3f2e23) mem 0x8000f000 0x00000001
core   0: 0x8000dd2c (0xff9ff06f) j       pc - 0x8
core   0: 3 0x8000dd2c (0xff9ff06f)
core   0: 0x8000dd24 (0x00001f17) auipc   t5, 0x1
core   0: 3 0x8000dd24 (0x00001f17) x30 0x8000ed24
core   0: 0x8000dd28 (0x2c3f2e23) sw      gp, 732(t5)
core   0: 3 0x8000dd28 (0x2c3f2e23) mem 0x8000f000 0x00000001
core   0: 0x8000dd2c (0xff9ff06f) j       pc - 0x8
core   0: 3 0x8000dd2c (0xff9ff06f)
core   0: 0x8000dd24 (0x00001f17) auipc   t5, 0x1
core   0: 3 0x8000dd24 (0x00001f17) x30 0x8000ed24
core   0: 0x8000dd28 (0x2c3f2e23) sw      gp, 732(t5)
core   0: 3 0x8000dd28 (0x2c3f2e23) mem 0x8000f000 0x00000001
core   0: 0x8000dd2c (0xff9ff06f) j       pc - 0x8
core   0: 3 0x8000dd2c (0xff9ff06f)
core   0: 0x8000dd24 (0x00001f17) auipc   t5, 0x1
core   0: 3 0x8000dd24 (0x00001f17) x30 0x8000ed24
core   0: 0x8000dd28 (0x2c3f2e23) sw      gp, 732(t5)
core   0: 3 0x8000dd28 (0x2c3f2e23) mem 0x8000f000 0x00000001
core   0: 0x8000dd2c (0xff9ff06f) j       pc - 0x8
core   0: 3 0x8000dd2c (0xff9ff06f)
core   0: 0x8000dd24 (0x00001f17) auipc   t5, 0x1
core   0: 3 0x8000dd24 (0x00001f17) x30 0x8000ed24
core   0: 0x8000dd28 (0x2c3f2e23) sw      gp, 732(t5)
core   0: 3 0x8000dd28 (0x2c3f2e23) mem 0x8000f000 0x00000001
core   0: 0x8000dd2c (0xff9ff06f) j       pc - 0x8
core   0: 3 0x8000dd2c (0xff9ff06f)
core   0: 0x8000dd24 (0x00001f17) auipc   t5, 0x1
core   0: 3 0x8000dd24 (0x00001f17) x30 0x8000ed24
core   0: 0x8000dd28 (0x2c3f2e23) sw      gp, 732(t5)
core   0: 3 0x8000dd28 (0x2c3f2e23) mem 0x8000f000 0x00000001
core   0: 0x8000dd2c (0xff9ff06f) j       pc - 0x8
core   0: 3 0x8000dd2c (0xff9ff06f)
core   0: 0x8000dd24 (0x00001f17) auipc   t5, 0x1
core   0: 3 0x8000dd24 (0x00001f17) x30 0x8000ed24
core   0: 0x8000dd28 (0x2c3f2e23) sw      gp, 732(t5)
core   0: 3 0x8000dd28 (0x2c3f2e23) mem 0x8000f000 0x00000001
core   0: 0x8000dd2c (0xff9ff06f) j       pc - 0x8
core   0: 3 0x8000dd2c (0xff9ff06f)
core   0: 0x8000dd24 (0x00001f17) auipc   t5, 0x1
core   0: 3 0x8000dd24 (0x00001f17) x30 0x8000ed24
core   0: 0x8000dd28 (0x2c3f2e23) sw      gp, 732(t5)
core   0: 3 0x8000dd28 (0x2c3f2e23) mem 0x8000f000 0x00000001
core   0: 0x8000dd2c (0xff9ff06f) j       pc - 0x8
core   0: 3 0x8000dd2c (0xff9ff06f)
core   0: 0x8000dd24 (0x00001f17) auipc   t5, 0x1
core   0: 3 0x8000dd24 (0x00001f17) x30 0x8000ed24
core   0: 0x8000dd28 (0x2c3f2e23) sw      gp, 732(t5)
core   0: 3 0x8000dd28 (0x2c3f2e23) mem 0x8000f000 0x00000001
core   0: 0x8000dd2c (0xff9ff06f) j       pc - 0x8
core   0: 3 0x8000dd2c (0xff9ff06f)
core   0: 0x8000dd24 (0x00001f17) auipc   t5, 0x1
core   0: 3 0x8000dd24 (0x00001f17) x30 0x8000ed24
core   0: 0x8000dd28 (0x2c3f2e23) sw      gp, 732(t5)
core   0: 3 0x8000dd28 (0x2c3f2e23) mem 0x8000f000 0x00000001
core   0: 0x8000dd2c (0xff9ff06f) j       pc - 0x8
core   0: 3 0x8000dd2c (0xff9ff06f)
core   0: 0x8000dd24 (0x00001f17) auipc   t5, 0x1
core   0: 3 0x8000dd24 (0x00001f17) x30 0x8000ed24
core   0: 0x8000dd28 (0x2c3f2e23) sw      gp, 732(t5)
core   0: 3 0x8000dd28 (0x2c3f2e23) mem 0x8000f000 0x00000001
core   0: 0x8000dd2c (0xff9ff06f) j       pc - 0x8
core   0: 3 0x8000dd2c (0xff9ff06f)
core   0: 0x8000dd24 (0x00001f17) auipc   t5, 0x1
core   0: 3 0x8000dd24 (0x00001f17) x30 0x8000ed24
core   0: 0x8000dd28 (0x2c3f2e23) sw      gp, 732(t5)
core   0: 3 0x8000dd28 (0x2c3f2e23) mem 0x8000f000 0x00000001
core   0: 0x8000dd2c (0xff9ff06f) j       pc - 0x8
core   0: 3 0x8000dd2c (0xff9ff06f)
core   0: 0x8000dd24 (0x00001f17) auipc   t5, 0x1
core   0: 3 0x8000dd24 (0x00001f17) x30 0x8000ed24
core   0: 0x8000dd28 (0x2c3f2e23) sw      gp, 732(t5)
core   0: 3 0x8000dd28 (0x2c3f2e23) mem 0x8000f000 0x00000001
core   0: 0x8000dd2c (0xff9ff06f) j       pc - 0x8
core   0: 3 0x8000dd2c (0xff9ff06f)
core   0: 0x8000dd24 (0x00001f17) auipc   t5, 0x1
core   0: 3 0x8000dd24 (0x00001f17) x30 0x8000ed24
core   0: 0x8000dd28 (0x2c3f2e23) sw      gp, 732(t5)
core   0: 3 0x8000dd28 (0x2c3f2e23) mem 0x8000f000 0x00000001
core   0: 0x8000dd2c (0xff9ff06f) j       pc - 0x8
core   0: 3 0x8000dd2c (0xff9ff06f)
core   0: 0x8000dd24 (0x00001f17) auipc   t5, 0x1
core   0: 3 0x8000dd24 (0x00001f17) x30 0x8000ed24
core   0: 0x8000dd28 (0x2c3f2e23) sw      gp, 732(t5)
core   0: 3 0x8000dd28 (0x2c3f2e23) mem 0x8000f000 0x00000001
core   0: 0x8000dd2c (0xff9ff06f) j       pc - 0x8
core   0: 3 0x8000dd2c (0xff9ff06f)
core   0: 0x8000dd24 (0x00001f17) auipc   t5, 0x1
core   0: 3 0x8000dd24 (0x00001f17) x30 0x8000ed24
core   0: 0x8000dd28 (0x2c3f2e23) sw      gp, 732(t5)
core   0: 3 0x8000dd28 (0x2c3f2e23) mem 0x8000f000 0x00000001
core   0: 0x8000dd2c (0xff9ff06f) j       pc - 0x8
core   0: 3 0x8000dd2c (0xff9ff06f)
core   0: 0x8000dd24 (0x00001f17) auipc   t5, 0x1
core   0: 3 0x8000dd24 (0x00001f17) x30 0x8000ed24
core   0: 0x8000dd28 (0x2c3f2e23) sw      gp, 732(t5)
core   0: 3 0x8000dd28 (0x2c3f2e23) mem 0x8000f000 0x00000001
core   0: 0x8000dd2c (0xff9ff06f) j       pc - 0x8
core   0: 3 0x8000dd2c (0xff9ff06f)
core   0: 0x8000dd24 (0x00001f17) auipc   t5, 0x1
core   0: 3 0x8000dd24 (0x00001f17) x30 0x8000ed24
core   0: 0x8000dd28 (0x2c3f2e23) sw      gp, 732(t5)
core   0: 3 0x8000dd28 (0x2c3f2e23) mem 0x8000f000 0x00000001
core   0: 0x8000dd2c (0xff9ff06f) j       pc - 0x8
core   0: 3 0x8000dd2c (0xff9ff06f)
core   0: 0x8000dd24 (0x00001f17) auipc   t5, 0x1
core   0: 3 0x8000dd24 (0x00001f17) x30 0x8000ed24
core   0: 0x8000dd28 (0x2c3f2e23) sw      gp, 732(t5)
core   0: 3 0x8000dd28 (0x2c3f2e23) mem 0x8000f000 0x00000001
core   0: 0x8000dd2c (0xff9ff06f) j       pc - 0x8
core   0: 3 0x8000dd2c (0xff9ff06f)
core   0: 0x8000dd24 (0x00001f17) auipc   t5, 0x1
core   0: 3 0x8000dd24 (0x00001f17) x30 0x8000ed24
core   0: 0x8000dd28 (0x2c3f2e23) sw      gp, 732(t5)
core   0: 3 0x8000dd28 (0x2c3f2e23) mem 0x8000f000 0x00000001
core   0: 0x8000dd2c (0xff9ff06f) j       pc - 0x8
core   0: 3 0x8000dd2c (0xff9ff06f)
core   0: 0x8000dd24 (0x00001f17) auipc   t5, 0x1
core   0: 3 0x8000dd24 (0x00001f17) x30 0x8000ed24
core   0: 0x8000dd28 (0x2c3f2e23) sw      gp, 732(t5)
core   0: 3 0x8000dd28 (0x2c3f2e23) mem 0x8000f000 0x00000001
core   0: 0x8000dd2c (0xff9ff06f) j       pc - 0x8
core   0: 3 0x8000dd2c (0xff9ff06f)
core   0: 0x8000dd24 (0x00001f17) auipc   t5, 0x1
core   0: 3 0x8000dd24 (0x00001f17) x30 0x8000ed24
core   0: 0x8000dd28 (0x2c3f2e23) sw      gp, 732(t5)
core   0: 3 0x8000dd28 (0x2c3f2e23) mem 0x8000f000 0x00000001
core   0: 0x8000dd2c (0xff9ff06f) j       pc - 0x8
core   0: 3 0x8000dd2c (0xff9ff06f)
core   0: 0x8000dd24 (0x00001f17) auipc   t5, 0x1
core   0: 3 0x8000dd24 (0x00001f17) x30 0x8000ed24
core   0: 0x8000dd28 (0x2c3f2e23) sw      gp, 732(t5)
core   0: 3 0x8000dd28 (0x2c3f2e23) mem 0x8000f000 0x00000001
core   0: 0x8000dd2c (0xff9ff06f) j       pc - 0x8
core   0: 3 0x8000dd2c (0xff9ff06f)
core   0: 0x8000dd24 (0x00001f17) auipc   t5, 0x1
core   0: 3 0x8000dd24 (0x00001f17) x30 0x8000ed24
core   0: 0x8000dd28 (0x2c3f2e23) sw      gp, 732(t5)
core   0: 3 0x8000dd28 (0x2c3f2e23) mem 0x8000f000 0x00000001
core   0: 0x8000dd2c (0xff9ff06f) j       pc - 0x8
core   0: 3 0x8000dd2c (0xff9ff06f)
core   0: 0x8000dd24 (0x00001f17) auipc   t5, 0x1
core   0: 3 0x8000dd24 (0x00001f17) x30 0x8000ed24
core   0: 0x8000dd28 (0x2c3f2e23) sw      gp, 732(t5)
core   0: 3 0x8000dd28 (0x2c3f2e23) mem 0x8000f000 0x00000001
core   0: 0x8000dd2c (0xff9ff06f) j       pc - 0x8
core   0: 3 0x8000dd2c (0xff9ff06f)
core   0: 0x8000dd24 (0x00001f17) auipc   t5, 0x1
core   0: 3 0x8000dd24 (0x00001f17) x30 0x8000ed24
core   0: 0x8000dd28 (0x2c3f2e23) sw      gp, 732(t5)
core   0: 3 0x8000dd28 (0x2c3f2e23) mem 0x8000f000 0x00000001
core   0: 0x8000dd2c (0xff9ff06f) j       pc - 0x8
core   0: 3 0x8000dd2c (0xff9ff06f)
core   0: 0x8000dd24 (0x00001f17) auipc   t5, 0x1
core   0: 3 0x8000dd24 (0x00001f17) x30 0x8000ed24
core   0: 0x8000dd28 (0x2c3f2e23) sw      gp, 732(t5)
core   0: 3 0x8000dd28 (0x2c3f2e23) mem 0x8000f000 0x00000001
core   0: 0x8000dd2c (0xff9ff06f) j       pc - 0x8
core   0: 3 0x8000dd2c (0xff9ff06f)
core   0: 0x8000dd24 (0x00001f17) auipc   t5, 0x1
core   0: 3 0x8000dd24 (0x00001f17) x30 0x8000ed24
core   0: 0x8000dd28 (0x2c3f2e23) sw      gp, 732(t5)
core   0: 3 0x8000dd28 (0x2c3f2e23) mem 0x8000f000 0x00000001
core   0: 0x8000dd2c (0xff9ff06f) j       pc - 0x8
core   0: 3 0x8000dd2c (0xff9ff06f)
core   0: 0x8000dd24 (0x00001f17) auipc   t5, 0x1
core   0: 3 0x8000dd24 (0x00001f17) x30 0x8000ed24
core   0: 0x8000dd28 (0x2c3f2e23) sw      gp, 732(t5)
core   0: 3 0x8000dd28 (0x2c3f2e23) mem 0x8000f000 0x00000001
core   0: 0x8000dd2c (0xff9ff06f) j       pc - 0x8
core   0: 3 0x8000dd2c (0xff9ff06f)
core   0: 0x8000dd24 (0x00001f17) auipc   t5, 0x1
core   0: 3 0x8000dd24 (0x00001f17) x30 0x8000ed24
core   0: 0x8000dd28 (0x2c3f2e23) sw      gp, 732(t5)
core   0: 3 0x8000dd28 (0x2c3f2e23) mem 0x8000f000 0x00000001
core   0: 0x8000dd2c (0xff9ff06f) j       pc - 0x8
core   0: 3 0x8000dd2c (0xff9ff06f)
core   0: 0x8000dd24 (0x00001f17) auipc   t5, 0x1
core   0: 3 0x8000dd24 (0x00001f17) x30 0x8000ed24
core   0: 0x8000dd28 (0x2c3f2e23) sw      gp, 732(t5)
core   0: 3 0x8000dd28 (0x2c3f2e23) mem 0x8000f000 0x00000001
core   0: 0x8000dd2c (0xff9ff06f) j       pc - 0x8
core   0: 3 0x8000dd2c (0xff9ff06f)
core   0: 0x8000dd24 (0x00001f17) auipc   t5, 0x1
core   0: 3 0x8000dd24 (0x00001f17) x30 0x8000ed24
core   0: 0x8000dd28 (0x2c3f2e23) sw      gp, 732(t5)
core   0: 3 0x8000dd28 (0x2c3f2e23) mem 0x8000f000 0x00000001
core   0: 0x8000dd2c (0xff9ff06f) j       pc - 0x8
core   0: 3 0x8000dd2c (0xff9ff06f)
core   0: 0x8000dd24 (0x00001f17) auipc   t5, 0x1
core   0: 3 0x8000dd24 (0x00001f17) x30 0x8000ed24
core   0: 0x8000dd28 (0x2c3f2e23) sw      gp, 732(t5)
core   0: 3 0x8000dd28 (0x2c3f2e23) mem 0x8000f000 0x00000001
core   0: 0x8000dd2c (0xff9ff06f) j       pc - 0x8
core   0: 3 0x8000dd2c (0xff9ff06f)
core   0: 0x8000dd24 (0x00001f17) auipc   t5, 0x1
core   0: 3 0x8000dd24 (0x00001f17) x30 0x8000ed24
core   0: 0x8000dd28 (0x2c3f2e23) sw      gp, 732(t5)
core   0: 3 0x8000dd28 (0x2c3f2e23) mem 0x8000f000 0x00000001
core   0: 0x8000dd2c (0xff9ff06f) j       pc - 0x8
core   0: 3 0x8000dd2c (0xff9ff06f)
core   0: 0x8000dd24 (0x00001f17) auipc   t5, 0x1
core   0: 3 0x8000dd24 (0x00001f17) x30 0x8000ed24
core   0: 0x8000dd28 (0x2c3f2e23) sw      gp, 732(t5)
core   0: 3 0x8000dd28 (0x2c3f2e23) mem 0x8000f000 0x00000001
core   0: 0x8000dd2c (0xff9ff06f) j       pc - 0x8
core   0: 3 0x8000dd2c (0xff9ff06f)
core   0: 0x8000dd24 (0x00001f17) auipc   t5, 0x1
core   0: 3 0x8000dd24 (0x00001f17) x30 0x8000ed24
core   0: 0x8000dd28 (0x2c3f2e23) sw      gp, 732(t5)
core   0: 3 0x8000dd28 (0x2c3f2e23) mem 0x8000f000 0x00000001
core   0: 0x8000dd2c (0xff9ff06f) j       pc - 0x8
core   0: 3 0x8000dd2c (0xff9ff06f)
core   0: 0x8000dd24 (0x00001f17) auipc   t5, 0x1
core   0: 3 0x8000dd24 (0x00001f17) x30 0x8000ed24
core   0: 0x8000dd28 (0x2c3f2e23) sw      gp, 732(t5)
core   0: 3 0x8000dd28 (0x2c3f2e23) mem 0x8000f000 0x00000001
core   0: 0x8000dd2c (0xff9ff06f) j       pc - 0x8
core   0: 3 0x8000dd2c (0xff9ff06f)
core   0: 0x8000dd24 (0x00001f17) auipc   t5, 0x1
core   0: 3 0x8000dd24 (0x00001f17) x30 0x8000ed24
core   0: 0x8000dd28 (0x2c3f2e23) sw      gp, 732(t5)
core   0: 3 0x8000dd28 (0x2c3f2e23) mem 0x8000f000 0x00000001
core   0: 0x8000dd2c (0xff9ff06f) j       pc - 0x8
core   0: 3 0x8000dd2c (0xff9ff06f)
core   0: 0x8000dd24 (0x00001f17) auipc   t5, 0x1
core   0: 3 0x8000dd24 (0x00001f17) x30 0x8000ed24
core   0: 0x8000dd28 (0x2c3f2e23) sw      gp, 732(t5)
core   0: 3 0x8000dd28 (0x2c3f2e23) mem 0x8000f000 0x00000001
core   0: 0x8000dd2c (0xff9ff06f) j       pc - 0x8
core   0: 3 0x8000dd2c (0xff9ff06f)
core   0: 0x8000dd24 (0x00001f17) auipc   t5, 0x1
core   0: 3 0x8000dd24 (0x00001f17) x30 0x8000ed24
core   0: 0x8000dd28 (0x2c3f2e23) sw      gp, 732(t5)
core   0: 3 0x8000dd28 (0x2c3f2e23) mem 0x8000f000 0x00000001
core   0: 0x8000dd2c (0xff9ff06f) j       pc - 0x8
core   0: 3 0x8000dd2c (0xff9ff06f)
core   0: 0x8000dd24 (0x00001f17) auipc   t5, 0x1
core   0: 3 0x8000dd24 (0x00001f17) x30 0x8000ed24
core   0: 0x8000dd28 (0x2c3f2e23) sw      gp, 732(t5)
core   0: 3 0x8000dd28 (0x2c3f2e23) mem 0x8000f000 0x00000001
core   0: 0x8000dd2c (0xff9ff06f) j       pc - 0x8
core   0: 3 0x8000dd2c (0xff9ff06f)
core   0: 0x8000dd24 (0x00001f17) auipc   t5, 0x1
core   0: 3 0x8000dd24 (0x00001f17) x30 0x8000ed24
core   0: 0x8000dd28 (0x2c3f2e23) sw      gp, 732(t5)
core   0: 3 0x8000dd28 (0x2c3f2e23) mem 0x8000f000 0x00000001
core   0: 0x8000dd2c (0xff9ff06f) j       pc - 0x8
core   0: 3 0x8000dd2c (0xff9ff06f)
core   0: 0x8000dd24 (0x00001f17) auipc   t5, 0x1
core   0: 3 0x8000dd24 (0x00001f17) x30 0x8000ed24
core   0: 0x8000dd28 (0x2c3f2e23) sw      gp, 732(t5)
core   0: 3 0x8000dd28 (0x2c3f2e23) mem 0x8000f000 0x00000001
core   0: 0x8000dd2c (0xff9ff06f) j       pc - 0x8
core   0: 3 0x8000dd2c (0xff9ff06f)
core   0: 0x8000dd24 (0x00001f17) auipc   t5, 0x1
core   0: 3 0x8000dd24 (0x00001f17) x30 0x8000ed24
core   0: 0x8000dd28 (0x2c3f2e23) sw      gp, 732(t5)
core   0: 3 0x8000dd28 (0x2c3f2e23) mem 0x8000f000 0x00000001
core   0: 0x8000dd2c (0xff9ff06f) j       pc - 0x8
core   0: 3 0x8000dd2c (0xff9ff06f)
core   0: 0x8000dd24 (0x00001f17) auipc   t5, 0x1
core   0: 3 0x8000dd24 (0x00001f17) x30 0x8000ed24
core   0: 0x8000dd28 (0x2c3f2e23) sw      gp, 732(t5)
core   0: 3 0x8000dd28 (0x2c3f2e23) mem 0x8000f000 0x00000001
core   0: 0x8000dd2c (0xff9ff06f) j       pc - 0x8
core   0: 3 0x8000dd2c (0xff9ff06f)
core   0: 0x8000dd24 (0x00001f17) auipc   t5, 0x1
core   0: 3 0x8000dd24 (0x00001f17) x30 0x8000ed24
core   0: 0x8000dd28 (0x2c3f2e23) sw      gp, 732(t5)
core   0: 3 0x8000dd28 (0x2c3f2e23) mem 0x8000f000 0x00000001
core   0: 0x8000dd2c (0xff9ff06f) j       pc - 0x8
core   0: 3 0x8000dd2c (0xff9ff06f)
core   0: 0x8000dd24 (0x00001f17) auipc   t5, 0x1
core   0: 3 0x8000dd24 (0x00001f17) x30 0x8000ed24
core   0: 0x8000dd28 (0x2c3f2e23) sw      gp, 732(t5)
core   0: 3 0x8000dd28 (0x2c3f2e23) mem 0x8000f000 0x00000001
core   0: 0x8000dd2c (0xff9ff06f) j       pc - 0x8
core   0: 3 0x8000dd2c (0xff9ff06f)
core   0: 0x8000dd24 (0x00001f17) auipc   t5, 0x1
core   0: 3 0x8000dd24 (0x00001f17) x30 0x8000ed24
core   0: 0x8000dd28 (0x2c3f2e23) sw      gp, 732(t5)
core   0: 3 0x8000dd28 (0x2c3f2e23) mem 0x8000f000 0x00000001
core   0: 0x8000dd2c (0xff9ff06f) j       pc - 0x8
core   0: 3 0x8000dd2c (0xff9ff06f)
core   0: 0x8000dd24 (0x00001f17) auipc   t5, 0x1
core   0: 3 0x8000dd24 (0x00001f17) x30 0x8000ed24
core   0: 0x8000dd28 (0x2c3f2e23) sw      gp, 732(t5)
core   0: 3 0x8000dd28 (0x2c3f2e23) mem 0x8000f000 0x00000001
core   0: 0x8000dd2c (0xff9ff06f) j       pc - 0x8
core   0: 3 0x8000dd2c (0xff9ff06f)
core   0: 0x8000dd24 (0x00001f17) auipc   t5, 0x1
core   0: 3 0x8000dd24 (0x00001f17) x30 0x8000ed24
core   0: 0x8000dd28 (0x2c3f2e23) sw      gp, 732(t5)
core   0: 3 0x8000dd28 (0x2c3f2e23) mem 0x8000f000 0x00000001
core   0: 0x8000dd2c (0xff9ff06f) j       pc - 0x8
core   0: 3 0x8000dd2c (0xff9ff06f)
core   0: 0x8000dd24 (0x00001f17) auipc   t5, 0x1
core   0: 3 0x8000dd24 (0x00001f17) x30 0x8000ed24
core   0: 0x8000dd28 (0x2c3f2e23) sw      gp, 732(t5)
core   0: 3 0x8000dd28 (0x2c3f2e23) mem 0x8000f000 0x00000001
core   0: 0x8000dd2c (0xff9ff06f) j       pc - 0x8
core   0: 3 0x8000dd2c (0xff9ff06f)
core   0: 0x8000dd24 (0x00001f17) auipc   t5, 0x1
core   0: 3 0x8000dd24 (0x00001f17) x30 0x8000ed24
core   0: 0x8000dd28 (0x2c3f2e23) sw      gp, 732(t5)
core   0: 3 0x8000dd28 (0x2c3f2e23) mem 0x8000f000 0x00000001
core   0: 0x8000dd2c (0xff9ff06f) j       pc - 0x8
core   0: 3 0x8000dd2c (0xff9ff06f)
core   0: 0x8000dd24 (0x00001f17) auipc   t5, 0x1
core   0: 3 0x8000dd24 (0x00001f17) x30 0x8000ed24
core   0: 0x8000dd28 (0x2c3f2e23) sw      gp, 732(t5)
core   0: 3 0x8000dd28 (0x2c3f2e23) mem 0x8000f000 0x00000001
core   0: 0x8000dd2c (0xff9ff06f) j       pc - 0x8
core   0: 3 0x8000dd2c (0xff9ff06f)
core   0: 0x8000dd24 (0x00001f17) auipc   t5, 0x1
core   0: 3 0x8000dd24 (0x00001f17) x30 0x8000ed24
core   0: 0x8000dd28 (0x2c3f2e23) sw      gp, 732(t5)
core   0: 3 0x8000dd28 (0x2c3f2e23) mem 0x8000f000 0x00000001
core   0: 0x8000dd2c (0xff9ff06f) j       pc - 0x8
core   0: 3 0x8000dd2c (0xff9ff06f)
core   0: 0x8000dd24 (0x00001f17) auipc   t5, 0x1
core   0: 3 0x8000dd24 (0x00001f17) x30 0x8000ed24
core   0: 0x8000dd28 (0x2c3f2e23) sw      gp, 732(t5)
core   0: 3 0x8000dd28 (0x2c3f2e23) mem 0x8000f000 0x00000001
core   0: 0x8000dd2c (0xff9ff06f) j       pc - 0x8
core   0: 3 0x8000dd2c (0xff9ff06f)
core   0: 0x8000dd24 (0x00001f17) auipc   t5, 0x1
core   0: 3 0x8000dd24 (0x00001f17) x30 0x8000ed24
core   0: 0x8000dd28 (0x2c3f2e23) sw      gp, 732(t5)
core   0: 3 0x8000dd28 (0x2c3f2e23) mem 0x8000f000 0x00000001
core   0: 0x8000dd2c (0xff9ff06f) j       pc - 0x8
core   0: 3 0x8000dd2c (0xff9ff06f)
core   0: 0x8000dd24 (0x00001f17) auipc   t5, 0x1
core   0: 3 0x8000dd24 (0x00001f17) x30 0x8000ed24
core   0: 0x8000dd28 (0x2c3f2e23) sw      gp, 732(t5)
core   0: 3 0x8000dd28 (0x2c3f2e23) mem 0x8000f000 0x00000001
core   0: 0x8000dd2c (0xff9ff06f) j       pc - 0x8
core   0: 3 0x8000dd2c (0xff9ff06f)
core   0: 0x8000dd24 (0x00001f17) auipc   t5, 0x1
core   0: 3 0x8000dd24 (0x00001f17) x30 0x8000ed24
core   0: 0x8000dd28 (0x2c3f2e23) sw      gp, 732(t5)
core   0: 3 0x8000dd28 (0x2c3f2e23) mem 0x8000f000 0x00000001
core   0: 0x8000dd2c (0xff9ff06f) j       pc - 0x8
core   0: 3 0x8000dd2c (0xff9ff06f)
core   0: 0x8000dd24 (0x00001f17) auipc   t5, 0x1
core   0: 3 0x8000dd24 (0x00001f17) x30 0x8000ed24
core   0: 0x8000dd28 (0x2c3f2e23) sw      gp, 732(t5)
core   0: 3 0x8000dd28 (0x2c3f2e23) mem 0x8000f000 0x00000001
core   0: 0x8000dd2c (0xff9ff06f) j       pc - 0x8
core   0: 3 0x8000dd2c (0xff9ff06f)
core   0: 0x8000dd24 (0x00001f17) auipc   t5, 0x1
core   0: 3 0x8000dd24 (0x00001f17) x30 0x8000ed24
core   0: 0x8000dd28 (0x2c3f2e23) sw      gp, 732(t5)
core   0: 3 0x8000dd28 (0x2c3f2e23) mem 0x8000f000 0x00000001
core   0: 0x8000dd2c (0xff9ff06f) j       pc - 0x8
core   0: 3 0x8000dd2c (0xff9ff06f)
core   0: 0x8000dd24 (0x00001f17) auipc   t5, 0x1
core   0: 3 0x8000dd24 (0x00001f17) x30 0x8000ed24
core   0: 0x8000dd28 (0x2c3f2e23) sw      gp, 732(t5)
core   0: 3 0x8000dd28 (0x2c3f2e23) mem 0x8000f000 0x00000001
core   0: 0x8000dd2c (0xff9ff06f) j       pc - 0x8
core   0: 3 0x8000dd2c (0xff9ff06f)
core   0: 0x8000dd24 (0x00001f17) auipc   t5, 0x1
core   0: 3 0x8000dd24 (0x00001f17) x30 0x8000ed24
core   0: 0x8000dd28 (0x2c3f2e23) sw      gp, 732(t5)
core   0: 3 0x8000dd28 (0x2c3f2e23) mem 0x8000f000 0x00000001
core   0: 0x8000dd2c (0xff9ff06f) j       pc - 0x8
core   0: 3 0x8000dd2c (0xff9ff06f)
core   0: 0x8000dd24 (0x00001f17) auipc   t5, 0x1
core   0: 3 0x8000dd24 (0x00001f17) x30 0x8000ed24
core   0: 0x8000dd28 (0x2c3f2e23) sw      gp, 732(t5)
core   0: 3 0x8000dd28 (0x2c3f2e23) mem 0x8000f000 0x00000001
core   0: 0x8000dd2c (0xff9ff06f) j       pc - 0x8
core   0: 3 0x8000dd2c (0xff9ff06f)
core   0: 0x8000dd24 (0x00001f17) auipc   t5, 0x1
core   0: 3 0x8000dd24 (0x00001f17) x30 0x8000ed24
core   0: 0x8000dd28 (0x2c3f2e23) sw      gp, 732(t5)
core   0: 3 0x8000dd28 (0x2c3f2e23) mem 0x8000f000 0x00000001
core   0: 0x8000dd2c (0xff9ff06f) j       pc - 0x8
core   0: 3 0x8000dd2c (0xff9ff06f)
core   0: 0x8000dd24 (0x00001f17) auipc   t5, 0x1
core   0: 3 0x8000dd24 (0x00001f17) x30 0x8000ed24
core   0: 0x8000dd28 (0x2c3f2e23) sw      gp, 732(t5)
core   0: 3 0x8000dd28 (0x2c3f2e23) mem 0x8000f000 0x00000001
core   0: 0x8000dd2c (0xff9ff06f) j       pc - 0x8
core   0: 3 0x8000dd2c (0xff9ff06f)
core   0: 0x8000dd24 (0x00001f17) auipc   t5, 0x1
core   0: 3 0x8000dd24 (0x00001f17) x30 0x8000ed24
core   0: 0x8000dd28 (0x2c3f2e23) sw      gp, 732(t5)
core   0: 3 0x8000dd28 (0x2c3f2e23) mem 0x8000f000 0x00000001
core   0: 0x8000dd2c (0xff9ff06f) j       pc - 0x8
core   0: 3 0x8000dd2c (0xff9ff06f)
core   0: 0x8000dd24 (0x00001f17) auipc   t5, 0x1
core   0: 3 0x8000dd24 (0x00001f17) x30 0x8000ed24
core   0: 0x8000dd28 (0x2c3f2e23) sw      gp, 732(t5)
core   0: 3 0x8000dd28 (0x2c3f2e23) mem 0x8000f000 0x00000001
core   0: 0x8000dd2c (0xff9ff06f) j       pc - 0x8
core   0: 3 0x8000dd2c (0xff9ff06f)
core   0: 0x8000dd24 (0x00001f17) auipc   t5, 0x1
core   0: 3 0x8000dd24 (0x00001f17) x30 0x8000ed24
core   0: 0x8000dd28 (0x2c3f2e23) sw      gp, 732(t5)
core   0: 3 0x8000dd28 (0x2c3f2e23) mem 0x8000f000 0x00000001
core   0: 0x8000dd2c (0xff9ff06f) j       pc - 0x8
core   0: 3 0x8000dd2c (0xff9ff06f)
core   0: 0x8000dd24 (0x00001f17) auipc   t5, 0x1
core   0: 3 0x8000dd24 (0x00001f17) x30 0x8000ed24
core   0: 0x8000dd28 (0x2c3f2e23) sw      gp, 732(t5)
core   0: 3 0x8000dd28 (0x2c3f2e23) mem 0x8000f000 0x00000001
core   0: 0x8000dd2c (0xff9ff06f) j       pc - 0x8
core   0: 3 0x8000dd2c (0xff9ff06f)
core   0: 0x8000dd24 (0x00001f17) auipc   t5, 0x1
core   0: 3 0x8000dd24 (0x00001f17) x30 0x8000ed24
core   0: 0x8000dd28 (0x2c3f2e23) sw      gp, 732(t5)
core   0: 3 0x8000dd28 (0x2c3f2e23) mem 0x8000f000 0x00000001
core   0: 0x8000dd2c (0xff9ff06f) j       pc - 0x8
core   0: 3 0x8000dd2c (0xff9ff06f)
core   0: 0x8000dd24 (0x00001f17) auipc   t5, 0x1
core   0: 3 0x8000dd24 (0x00001f17) x30 0x8000ed24
core   0: 0x8000dd28 (0x2c3f2e23) sw      gp, 732(t5)
core   0: 3 0x8000dd28 (0x2c3f2e23) mem 0x8000f000 0x00000001
core   0: 0x8000dd2c (0xff9ff06f) j       pc - 0x8
core   0: 3 0x8000dd2c (0xff9ff06f)
core   0: 0x8000dd24 (0x00001f17) auipc   t5, 0x1
core   0: 3 0x8000dd24 (0x00001f17) x30 0x8000ed24
core   0: 0x8000dd28 (0x2c3f2e23) sw      gp, 732(t5)
core   0: 3 0x8000dd28 (0x2c3f2e23) mem 0x8000f000 0x00000001
core   0: 0x8000dd2c (0xff9ff06f) j       pc - 0x8
core   0: 3 0x8000dd2c (0xff9ff06f)
core   0: 0x8000dd24 (0x00001f17) auipc   t5, 0x1
core   0: 3 0x8000dd24 (0x00001f17) x30 0x8000ed24
core   0: 0x8000dd28 (0x2c3f2e23) sw      gp, 732(t5)
core   0: 3 0x8000dd28 (0x2c3f2e23) mem 0x8000f000 0x00000001
core   0: 0x8000dd2c (0xff9ff06f) j       pc - 0x8
core   0: 3 0x8000dd2c (0xff9ff06f)
core   0: 0x8000dd24 (0x00001f17) auipc   t5, 0x1
core   0: 3 0x8000dd24 (0x00001f17) x30 0x8000ed24
core   0: 0x8000dd28 (0x2c3f2e23) sw      gp, 732(t5)
core   0: 3 0x8000dd28 (0x2c3f2e23) mem 0x8000f000 0x00000001
core   0: 0x8000dd2c (0xff9ff06f) j       pc - 0x8
core   0: 3 0x8000dd2c (0xff9ff06f)
core   0: 0x8000dd24 (0x00001f17) auipc   t5, 0x1
core   0: 3 0x8000dd24 (0x00001f17) x30 0x8000ed24
core   0: 0x8000dd28 (0x2c3f2e23) sw      gp, 732(t5)
core   0: 3 0x8000dd28 (0x2c3f2e23) mem 0x8000f000 0x00000001
core   0: 0x8000dd2c (0xff9ff06f) j       pc - 0x8
core   0: 3 0x8000dd2c (0xff9ff06f)
core   0: 0x8000dd24 (0x00001f17) auipc   t5, 0x1
core   0: 3 0x8000dd24 (0x00001f17) x30 0x8000ed24
core   0: 0x8000dd28 (0x2c3f2e23) sw      gp, 732(t5)
core   0: 3 0x8000dd28 (0x2c3f2e23) mem 0x8000f000 0x00000001
core   0: 0x8000dd2c (0xff9ff06f) j       pc - 0x8
core   0: 3 0x8000dd2c (0xff9ff06f)
core   0: 0x8000dd24 (0x00001f17) auipc   t5, 0x1
core   0: 3 0x8000dd24 (0x00001f17) x30 0x8000ed24
core   0: 0x8000dd28 (0x2c3f2e23) sw      gp, 732(t5)
core   0: 3 0x8000dd28 (0x2c3f2e23) mem 0x8000f000 0x00000001
core   0: 0x8000dd2c (0xff9ff06f) j       pc - 0x8
core   0: 3 0x8000dd2c (0xff9ff06f)
core   0: 0x8000dd24 (0x00001f17) auipc   t5, 0x1
core   0: 3 0x8000dd24 (0x00001f17) x30 0x8000ed24
core   0: 0x8000dd28 (0x2c3f2e23) sw      gp, 732(t5)
core   0: 3 0x8000dd28 (0x2c3f2e23) mem 0x8000f000 0x00000001
core   0: 0x8000dd2c (0xff9ff06f) j       pc - 0x8
core   0: 3 0x8000dd2c (0xff9ff06f)
core   0: 0x8000dd24 (0x00001f17) auipc   t5, 0x1
core   0: 3 0x8000dd24 (0x00001f17) x30 0x8000ed24
core   0: 0x8000dd28 (0x2c3f2e23) sw      gp, 732(t5)
core   0: 3 0x8000dd28 (0x2c3f2e23) mem 0x8000f000 0x00000001
core   0: 0x8000dd2c (0xff9ff06f) j       pc - 0x8
core   0: 3 0x8000dd2c (0xff9ff06f)
core   0: 0x8000dd24 (0x00001f17) auipc   t5, 0x1
core   0: 3 0x8000dd24 (0x00001f17) x30 0x8000ed24
core   0: 0x8000dd28 (0x2c3f2e23) sw      gp, 732(t5)
core   0: 3 0x8000dd28 (0x2c3f2e23) mem 0x8000f000 0x00000001
core   0: 0x8000dd2c (0xff9ff06f) j       pc - 0x8
core   0: 3 0x8000dd2c (0xff9ff06f)
core   0: 0x8000dd24 (0x00001f17) auipc   t5, 0x1
core   0: 3 0x8000dd24 (0x00001f17) x30 0x8000ed24
core   0: 0x8000dd28 (0x2c3f2e23) sw      gp, 732(t5)
core   0: 3 0x8000dd28 (0x2c3f2e23) mem 0x8000f000 0x00000001
core   0: 0x8000dd2c (0xff9ff06f) j       pc - 0x8
core   0: 3 0x8000dd2c (0xff9ff06f)
core   0: 0x8000dd24 (0x00001f17) auipc   t5, 0x1
core   0: 3 0x8000dd24 (0x00001f17) x30 0x8000ed24
core   0: 0x8000dd28 (0x2c3f2e23) sw      gp, 732(t5)
core   0: 3 0x8000dd28 (0x2c3f2e23) mem 0x8000f000 0x00000001
core   0: 0x8000dd2c (0xff9ff06f) j       pc - 0x8
core   0: 3 0x8000dd2c (0xff9ff06f)
core   0: 0x8000dd24 (0x00001f17) auipc   t5, 0x1
core   0: 3 0x8000dd24 (0x00001f17) x30 0x8000ed24
core   0: 0x8000dd28 (0x2c3f2e23) sw      gp, 732(t5)
core   0: 3 0x8000dd28 (0x2c3f2e23) mem 0x8000f000 0x00000001
core   0: 0x8000dd2c (0xff9ff06f) j       pc - 0x8
core   0: 3 0x8000dd2c (0xff9ff06f)
core   0: 0x8000dd24 (0x00001f17) auipc   t5, 0x1
core   0: 3 0x8000dd24 (0x00001f17) x30 0x8000ed24
core   0: 0x8000dd28 (0x2c3f2e23) sw      gp, 732(t5)
core   0: 3 0x8000dd28 (0x2c3f2e23) mem 0x8000f000 0x00000001
core   0: 0x8000dd2c (0xff9ff06f) j       pc - 0x8
core   0: 3 0x8000dd2c (0xff9ff06f)
core   0: 0x8000dd24 (0x00001f17) auipc   t5, 0x1
core   0: 3 0x8000dd24 (0x00001f17) x30 0x8000ed24
core   0: 0x8000dd28 (0x2c3f2e23) sw      gp, 732(t5)
core   0: 3 0x8000dd28 (0x2c3f2e23) mem 0x8000f000 0x00000001
core   0: 0x8000dd2c (0xff9ff06f) j       pc - 0x8
core   0: 3 0x8000dd2c (0xff9ff06f)
core   0: 0x8000dd24 (0x00001f17) auipc   t5, 0x1
core   0: 3 0x8000dd24 (0x00001f17) x30 0x8000ed24
core   0: 0x8000dd28 (0x2c3f2e23) sw      gp, 732(t5)
core   0: 3 0x8000dd28 (0x2c3f2e23) mem 0x8000f000 0x00000001
core   0: 0x8000dd2c (0xff9ff06f) j       pc - 0x8
core   0: 3 0x8000dd2c (0xff9ff06f)
core   0: 0x8000dd24 (0x00001f17) auipc   t5, 0x1
core   0: 3 0x8000dd24 (0x00001f17) x30 0x8000ed24
core   0: 0x8000dd28 (0x2c3f2e23) sw      gp, 732(t5)
core   0: 3 0x8000dd28 (0x2c3f2e23) mem 0x8000f000 0x00000001
core   0: 0x8000dd2c (0xff9ff06f) j       pc - 0x8
core   0: 3 0x8000dd2c (0xff9ff06f)
core   0: 0x8000dd24 (0x00001f17) auipc   t5, 0x1
core   0: 3 0x8000dd24 (0x00001f17) x30 0x8000ed24
core   0: 0x8000dd28 (0x2c3f2e23) sw      gp, 732(t5)
core   0: 3 0x8000dd28 (0x2c3f2e23) mem 0x8000f000 0x00000001
core   0: 0x8000dd2c (0xff9ff06f) j       pc - 0x8
core   0: 3 0x8000dd2c (0xff9ff06f)
core   0: 0x8000dd24 (0x00001f17) auipc   t5, 0x1
core   0: 3 0x8000dd24 (0x00001f17) x30 0x8000ed24
core   0: 0x8000dd28 (0x2c3f2e23) sw      gp, 732(t5)
core   0: 3 0x8000dd28 (0x2c3f2e23) mem 0x8000f000 0x00000001
core   0: 0x8000dd2c (0xff9ff06f) j       pc - 0x8
core   0: 3 0x8000dd2c (0xff9ff06f)
core   0: 0x8000dd24 (0x00001f17) auipc   t5, 0x1
core   0: 3 0x8000dd24 (0x00001f17) x30 0x8000ed24
core   0: 0x8000dd28 (0x2c3f2e23) sw      gp, 732(t5)
core   0: 3 0x8000dd28 (0x2c3f2e23) mem 0x8000f000 0x00000001
core   0: 0x8000dd2c (0xff9ff06f) j       pc - 0x8
core   0: 3 0x8000dd2c (0xff9ff06f)
core   0: 0x8000dd24 (0x00001f17) auipc   t5, 0x1
core   0: 3 0x8000dd24 (0x00001f17) x30 0x8000ed24
core   0: 0x8000dd28 (0x2c3f2e23) sw      gp, 732(t5)
core   0: 3 0x8000dd28 (0x2c3f2e23) mem 0x8000f000 0x00000001
core   0: 0x8000dd2c (0xff9ff06f) j       pc - 0x8
core   0: 3 0x8000dd2c (0xff9ff06f)
core   0: 0x8000dd24 (0x00001f17) auipc   t5, 0x1
core   0: 3 0x8000dd24 (0x00001f17) x30 0x8000ed24
core   0: 0x8000dd28 (0x2c3f2e23) sw      gp, 732(t5)
core   0: 3 0x8000dd28 (0x2c3f2e23) mem 0x8000f000 0x00000001
core   0: 0x8000dd2c (0xff9ff06f) j       pc - 0x8
core   0: 3 0x8000dd2c (0xff9ff06f)
core   0: 0x8000dd24 (0x00001f17) auipc   t5, 0x1
core   0: 3 0x8000dd24 (0x00001f17) x30 0x8000ed24
core   0: 0x8000dd28 (0x2c3f2e23) sw      gp, 732(t5)
core   0: 3 0x8000dd28 (0x2c3f2e23) mem 0x8000f000 0x00000001
core   0: 0x8000dd2c (0xff9ff06f) j       pc - 0x8
core   0: 3 0x8000dd2c (0xff9ff06f)
core   0: 0x8000dd24 (0x00001f17) auipc   t5, 0x1
core   0: 3 0x8000dd24 (0x00001f17) x30 0x8000ed24
core   0: 0x8000dd28 (0x2c3f2e23) sw      gp, 732(t5)
core   0: 3 0x8000dd28 (0x2c3f2e23) mem 0x8000f000 0x00000001
core   0: 0x8000dd2c (0xff9ff06f) j       pc - 0x8
core   0: 3 0x8000dd2c (0xff9ff06f)
core   0: 0x8000dd24 (0x00001f17) auipc   t5, 0x1
core   0: 3 0x8000dd24 (0x00001f17) x30 0x8000ed24
core   0: 0x8000dd28 (0x2c3f2e23) sw      gp, 732(t5)
core   0: 3 0x8000dd28 (0x2c3f2e23) mem 0x8000f000 0x00000001
core   0: 0x8000dd2c (0xff9ff06f) j       pc - 0x8
core   0: 3 0x8000dd2c (0xff9ff06f)
core   0: 0x8000dd24 (0x00001f17) auipc   t5, 0x1
core   0: 3 0x8000dd24 (0x00001f17) x30 0x8000ed24
core   0: 0x8000dd28 (0x2c3f2e23) sw      gp, 732(t5)
core   0: 3 0x8000dd28 (0x2c3f2e23) mem 0x8000f000 0x00000001
core   0: 0x8000dd2c (0xff9ff06f) j       pc - 0x8
core   0: 3 0x8000dd2c (0xff9ff06f)
core   0: 0x8000dd24 (0x00001f17) auipc   t5, 0x1
core   0: 3 0x8000dd24 (0x00001f17) x30 0x8000ed24
core   0: 0x8000dd28 (0x2c3f2e23) sw      gp, 732(t5)
core   0: 3 0x8000dd28 (0x2c3f2e23) mem 0x8000f000 0x00000001
core   0: 0x8000dd2c (0xff9ff06f) j       pc - 0x8
core   0: 3 0x8000dd2c (0xff9ff06f)
core   0: 0x8000dd24 (0x00001f17) auipc   t5, 0x1
core   0: 3 0x8000dd24 (0x00001f17) x30 0x8000ed24
core   0: 0x8000dd28 (0x2c3f2e23) sw      gp, 732(t5)
core   0: 3 0x8000dd28 (0x2c3f2e23) mem 0x8000f000 0x00000001
core   0: 0x8000dd2c (0xff9ff06f) j       pc - 0x8
core   0: 3 0x8000dd2c (0xff9ff06f)
core   0: 0x8000dd24 (0x00001f17) auipc   t5, 0x1
core   0: 3 0x8000dd24 (0x00001f17) x30 0x8000ed24
core   0: 0x8000dd28 (0x2c3f2e23) sw      gp, 732(t5)
core   0: 3 0x8000dd28 (0x2c3f2e23) mem 0x8000f000 0x00000001
core   0: 0x8000dd2c (0xff9ff06f) j       pc - 0x8
core   0: 3 0x8000dd2c (0xff9ff06f)
core   0: 0x8000dd24 (0x00001f17) auipc   t5, 0x1
core   0: 3 0x8000dd24 (0x00001f17) x30 0x8000ed24
core   0: 0x8000dd28 (0x2c3f2e23) sw      gp, 732(t5)
core   0: 3 0x8000dd28 (0x2c3f2e23) mem 0x8000f000 0x00000001
core   0: 0x8000dd2c (0xff9ff06f) j       pc - 0x8
core   0: 3 0x8000dd2c (0xff9ff06f)
core   0: 0x8000dd24 (0x00001f17) auipc   t5, 0x1
core   0: 3 0x8000dd24 (0x00001f17) x30 0x8000ed24
core   0: 0x8000dd28 (0x2c3f2e23) sw      gp, 732(t5)
core   0: 3 0x8000dd28 (0x2c3f2e23) mem 0x8000f000 0x00000001
core   0: 0x8000dd2c (0xff9ff06f) j       pc - 0x8
core   0: 3 0x8000dd2c (0xff9ff06f)
core   0: 0x8000dd24 (0x00001f17) auipc   t5, 0x1
core   0: 3 0x8000dd24 (0x00001f17) x30 0x8000ed24
core   0: 0x8000dd28 (0x2c3f2e23) sw      gp, 732(t5)
core   0: 3 0x8000dd28 (0x2c3f2e23) mem 0x8000f000 0x00000001
core   0: 0x8000dd2c (0xff9ff06f) j       pc - 0x8
core   0: 3 0x8000dd2c (0xff9ff06f)
core   0: 0x8000dd24 (0x00001f17) auipc   t5, 0x1
core   0: 3 0x8000dd24 (0x00001f17) x30 0x8000ed24
core   0: 0x8000dd28 (0x2c3f2e23) sw      gp, 732(t5)
core   0: 3 0x8000dd28 (0x2c3f2e23) mem 0x8000f000 0x00000001
core   0: 0x8000dd2c (0xff9ff06f) j       pc - 0x8
core   0: 3 0x8000dd2c (0xff9ff06f)
core   0: 0x8000dd24 (0x00001f17) auipc   t5, 0x1
core   0: 3 0x8000dd24 (0x00001f17) x30 0x8000ed24
core   0: 0x8000dd28 (0x2c3f2e23) sw      gp, 732(t5)
core   0: 3 0x8000dd28 (0x2c3f2e23) mem 0x8000f000 0x00000001
core   0: 0x8000dd2c (0xff9ff06f) j       pc - 0x8
core   0: 3 0x8000dd2c (0xff9ff06f)
core   0: 0x8000dd24 (0x00001f17) auipc   t5, 0x1
core   0: 3 0x8000dd24 (0x00001f17) x30 0x8000ed24
core   0: 0x8000dd28 (0x2c3f2e23) sw      gp, 732(t5)
core   0: 3 0x8000dd28 (0x2c3f2e23) mem 0x8000f000 0x00000001
core   0: 0x8000dd2c (0xff9ff06f) j       pc - 0x8
core   0: 3 0x8000dd2c (0xff9ff06f)
core   0: 0x8000dd24 (0x00001f17) auipc   t5, 0x1
core   0: 3 0x8000dd24 (0x00001f17) x30 0x8000ed24
core   0: 0x8000dd28 (0x2c3f2e23) sw      gp, 732(t5)
core   0: 3 0x8000dd28 (0x2c3f2e23) mem 0x8000f000 0x00000001
core   0: 0x8000dd2c (0xff9ff06f) j       pc - 0x8
core   0: 3 0x8000dd2c (0xff9ff06f)
core   0: 0x8000dd24 (0x00001f17) auipc   t5, 0x1
core   0: 3 0x8000dd24 (0x00001f17) x30 0x8000ed24
core   0: 0x8000dd28 (0x2c3f2e23) sw      gp, 732(t5)
core   0: 3 0x8000dd28 (0x2c3f2e23) mem 0x8000f000 0x00000001
core   0: 0x8000dd2c (0xff9ff06f) j       pc - 0x8
core   0: 3 0x8000dd2c (0xff9ff06f)
core   0: 0x8000dd24 (0x00001f17) auipc   t5, 0x1
core   0: 3 0x8000dd24 (0x00001f17) x30 0x8000ed24
core   0: 0x8000dd28 (0x2c3f2e23) sw      gp, 732(t5)
core   0: 3 0x8000dd28 (0x2c3f2e23) mem 0x8000f000 0x00000001
core   0: 0x8000dd2c (0xff9ff06f) j       pc - 0x8
core   0: 3 0x8000dd2c (0xff9ff06f)
core   0: 0x8000dd24 (0x00001f17) auipc   t5, 0x1
core   0: 3 0x8000dd24 (0x00001f17) x30 0x8000ed24
core   0: 0x8000dd28 (0x2c3f2e23) sw      gp, 732(t5)
core   0: 3 0x8000dd28 (0x2c3f2e23) mem 0x8000f000 0x00000001
core   0: 0x8000dd2c (0xff9ff06f) j       pc - 0x8
core   0: 3 0x8000dd2c (0xff9ff06f)
core   0: 0x8000dd24 (0x00001f17) auipc   t5, 0x1
core   0: 3 0x8000dd24 (0x00001f17) x30 0x8000ed24
core   0: 0x8000dd28 (0x2c3f2e23) sw      gp, 732(t5)
core   0: 3 0x8000dd28 (0x2c3f2e23) mem 0x8000f000 0x00000001
core   0: 0x8000dd2c (0xff9ff06f) j       pc - 0x8
core   0: 3 0x8000dd2c (0xff9ff06f)
core   0: 0x8000dd24 (0x00001f17) auipc   t5, 0x1
core   0: 3 0x8000dd24 (0x00001f17) x30 0x8000ed24
core   0: 0x8000dd28 (0x2c3f2e23) sw      gp, 732(t5)
core   0: 3 0x8000dd28 (0x2c3f2e23) mem 0x8000f000 0x00000001
core   0: 0x8000dd2c (0xff9ff06f) j       pc - 0x8
core   0: 3 0x8000dd2c (0xff9ff06f)
core   0: 0x8000dd24 (0x00001f17) auipc   t5, 0x1
core   0: 3 0x8000dd24 (0x00001f17) x30 0x8000ed24
core   0: 0x8000dd28 (0x2c3f2e23) sw      gp, 732(t5)
core   0: 3 0x8000dd28 (0x2c3f2e23) mem 0x8000f000 0x00000001
core   0: 0x8000dd2c (0xff9ff06f) j       pc - 0x8
core   0: 3 0x8000dd2c (0xff9ff06f)
core   0: 0x8000dd24 (0x00001f17) auipc   t5, 0x1
core   0: 3 0x8000dd24 (0x00001f17) x30 0x8000ed24
core   0: 0x8000dd28 (0x2c3f2e23) sw      gp, 732(t5)
core   0: 3 0x8000dd28 (0x2c3f2e23) mem 0x8000f000 0x00000001
core   0: 0x8000dd2c (0xff9ff06f) j       pc - 0x8
core   0: 3 0x8000dd2c (0xff9ff06f)
core   0: 0x8000dd24 (0x00001f17) auipc   t5, 0x1
core   0: 3 0x8000dd24 (0x00001f17) x30 0x8000ed24
core   0: 0x8000dd28 (0x2c3f2e23) sw      gp, 732(t5)
core   0: 3 0x8000dd28 (0x2c3f2e23) mem 0x8000f000 0x00000001
core   0: 0x8000dd2c (0xff9ff06f) j       pc - 0x8
core   0: 3 0x8000dd2c (0xff9ff06f)
core   0: 0x8000dd24 (0x00001f17) auipc   t5, 0x1
core   0: 3 0x8000dd24 (0x00001f17) x30 0x8000ed24
core   0: 0x8000dd28 (0x2c3f2e23) sw      gp, 732(t5)
core   0: 3 0x8000dd28 (0x2c3f2e23) mem 0x8000f000 0x00000001
core   0: 0x8000dd2c (0xff9ff06f) j       pc - 0x8
core   0: 3 0x8000dd2c (0xff9ff06f)
core   0: 0x8000dd24 (0x00001f17) auipc   t5, 0x1
core   0: 3 0x8000dd24 (0x00001f17) x30 0x8000ed24
core   0: 0x8000dd28 (0x2c3f2e23) sw      gp, 732(t5)
core   0: 3 0x8000dd28 (0x2c3f2e23) mem 0x8000f000 0x00000001
core   0: 0x8000dd2c (0xff9ff06f) j       pc - 0x8
core   0: 3 0x8000dd2c (0xff9ff06f)
core   0: 0x8000dd24 (0x00001f17) auipc   t5, 0x1
core   0: 3 0x8000dd24 (0x00001f17) x30 0x8000ed24
core   0: 0x8000dd28 (0x2c3f2e23) sw      gp, 732(t5)
core   0: 3 0x8000dd28 (0x2c3f2e23) mem 0x8000f000 0x00000001
core   0: 0x8000dd2c (0xff9ff06f) j       pc - 0x8
core   0: 3 0x8000dd2c (0xff9ff06f)
core   0: 0x8000dd24 (0x00001f17) auipc   t5, 0x1
core   0: 3 0x8000dd24 (0x00001f17) x30 0x8000ed24
core   0: 0x8000dd28 (0x2c3f2e23) sw      gp, 732(t5)
core   0: 3 0x8000dd28 (0x2c3f2e23) mem 0x8000f000 0x00000001
core   0: 0x8000dd2c (0xff9ff06f) j       pc - 0x8
core   0: 3 0x8000dd2c (0xff9ff06f)
core   0: 0x8000dd24 (0x00001f17) auipc   t5, 0x1
core   0: 3 0x8000dd24 (0x00001f17) x30 0x8000ed24
core   0: 0x8000dd28 (0x2c3f2e23) sw      gp, 732(t5)
core   0: 3 0x8000dd28 (0x2c3f2e23) mem 0x8000f000 0x00000001
core   0: 0x8000dd2c (0xff9ff06f) j       pc - 0x8
core   0: 3 0x8000dd2c (0xff9ff06f)
core   0: 0x8000dd24 (0x00001f17) auipc   t5, 0x1
core   0: 3 0x8000dd24 (0x00001f17) x30 0x8000ed24
core   0: 0x8000dd28 (0x2c3f2e23) sw      gp, 732(t5)
core   0: 3 0x8000dd28 (0x2c3f2e23) mem 0x8000f000 0x00000001
core   0: 0x8000dd2c (0xff9ff06f) j       pc - 0x8
core   0: 3 0x8000dd2c (0xff9ff06f)
core   0: 0x8000dd24 (0x00001f17) auipc   t5, 0x1
core   0: 3 0x8000dd24 (0x00001f17) x30 0x8000ed24
core   0: 0x8000dd28 (0x2c3f2e23) sw      gp, 732(t5)
core   0: 3 0x8000dd28 (0x2c3f2e23) mem 0x8000f000 0x00000001
core   0: 0x8000dd2c (0xff9ff06f) j       pc - 0x8
core   0: 3 0x8000dd2c (0xff9ff06f)
core   0: 0x8000dd24 (0x00001f17) auipc   t5, 0x1
core   0: 3 0x8000dd24 (0x00001f17) x30 0x8000ed24
core   0: 0x8000dd28 (0x2c3f2e23) sw      gp, 732(t5)
core   0: 3 0x8000dd28 (0x2c3f2e23) mem 0x8000f000 0x00000001
core   0: 0x8000dd2c (0xff9ff06f) j       pc - 0x8
core   0: 3 0x8000dd2c (0xff9ff06f)
core   0: 0x8000dd24 (0x00001f17) auipc   t5, 0x1
core   0: 3 0x8000dd24 (0x00001f17) x30 0x8000ed24
core   0: 0x8000dd28 (0x2c3f2e23) sw      gp, 732(t5)
core   0: 3 0x8000dd28 (0x2c3f2e23) mem 0x8000f000 0x00000001
core   0: 0x8000dd2c (0xff9ff06f) j       pc - 0x8
core   0: 3 0x8000dd2c (0xff9ff06f)
core   0: 0x8000dd24 (0x00001f17) auipc   t5, 0x1
core   0: 3 0x8000dd24 (0x00001f17) x30 0x8000ed24
core   0: 0x8000dd28 (0x2c3f2e23) sw      gp, 732(t5)
core   0: 3 0x8000dd28 (0x2c3f2e23) mem 0x8000f000 0x00000001
core   0: 0x8000dd2c (0xff9ff06f) j       pc - 0x8
core   0: 3 0x8000dd2c (0xff9ff06f)
core   0: 0x8000dd24 (0x00001f17) auipc   t5, 0x1
core   0: 3 0x8000dd24 (0x00001f17) x30 0x8000ed24
core   0: 0x8000dd28 (0x2c3f2e23) sw      gp, 732(t5)
core   0: 3 0x8000dd28 (0x2c3f2e23) mem 0x8000f000 0x00000001
core   0: 0x8000dd2c (0xff9ff06f) j       pc - 0x8
core   0: 3 0x8000dd2c (0xff9ff06f)
core   0: 0x8000dd24 (0x00001f17) auipc   t5, 0x1
core   0: 3 0x8000dd24 (0x00001f17) x30 0x8000ed24
core   0: 0x8000dd28 (0x2c3f2e23) sw      gp, 732(t5)
core   0: 3 0x8000dd28 (0x2c3f2e23) mem 0x8000f000 0x00000001
core   0: 0x8000dd2c (0xff9ff06f) j       pc - 0x8
core   0: 3 0x8000dd2c (0xff9ff06f)
core   0: 0x8000dd24 (0x00001f17) auipc   t5, 0x1
core   0: 3 0x8000dd24 (0x00001f17) x30 0x8000ed24
core   0: 0x8000dd28 (0x2c3f2e23) sw      gp, 732(t5)
core   0: 3 0x8000dd28 (0x2c3f2e23) mem 0x8000f000 0x00000001
core   0: 0x8000dd2c (0xff9ff06f) j       pc - 0x8
core   0: 3 0x8000dd2c (0xff9ff06f)
core   0: 0x8000dd24 (0x00001f17) auipc   t5, 0x1
core   0: 3 0x8000dd24 (0x00001f17) x30 0x8000ed24
core   0: 0x8000dd28 (0x2c3f2e23) sw      gp, 732(t5)
core   0: 3 0x8000dd28 (0x2c3f2e23) mem 0x8000f000 0x00000001
core   0: 0x8000dd2c (0xff9ff06f) j       pc - 0x8
core   0: 3 0x8000dd2c (0xff9ff06f)
core   0: 0x8000dd24 (0x00001f17) auipc   t5, 0x1
core   0: 3 0x8000dd24 (0x00001f17) x30 0x8000ed24
core   0: 0x8000dd28 (0x2c3f2e23) sw      gp, 732(t5)
core   0: 3 0x8000dd28 (0x2c3f2e23) mem 0x8000f000 0x00000001
core   0: 0x8000dd2c (0xff9ff06f) j       pc - 0x8
core   0: 3 0x8000dd2c (0xff9ff06f)
core   0: 0x8000dd24 (0x00001f17) auipc   t5, 0x1
core   0: 3 0x8000dd24 (0x00001f17) x30 0x8000ed24
core   0: 0x8000dd28 (0x2c3f2e23) sw      gp, 732(t5)
core   0: 3 0x8000dd28 (0x2c3f2e23) mem 0x8000f000 0x00000001
core   0: 0x8000dd2c (0xff9ff06f) j       pc - 0x8
core   0: 3 0x8000dd2c (0xff9ff06f)
core   0: 0x8000dd24 (0x00001f17) auipc   t5, 0x1
core   0: 3 0x8000dd24 (0x00001f17) x30 0x8000ed24
core   0: 0x8000dd28 (0x2c3f2e23) sw      gp, 732(t5)
core   0: 3 0x8000dd28 (0x2c3f2e23) mem 0x8000f000 0x00000001
core   0: 0x8000dd2c (0xff9ff06f) j       pc - 0x8
core   0: 3 0x8000dd2c (0xff9ff06f)
core   0: 0x8000dd24 (0x00001f17) auipc   t5, 0x1
core   0: 3 0x8000dd24 (0x00001f17) x30 0x8000ed24
core   0: 0x8000dd28 (0x2c3f2e23) sw      gp, 732(t5)
core   0: 3 0x8000dd28 (0x2c3f2e23) mem 0x8000f000 0x00000001
core   0: 0x8000dd2c (0xff9ff06f) j       pc - 0x8
core   0: 3 0x8000dd2c (0xff9ff06f)
core   0: 0x8000dd24 (0x00001f17) auipc   t5, 0x1
core   0: 3 0x8000dd24 (0x00001f17) x30 0x8000ed24
core   0: 0x8000dd28 (0x2c3f2e23) sw      gp, 732(t5)
core   0: 3 0x8000dd28 (0x2c3f2e23) mem 0x8000f000 0x00000001
core   0: 0x8000dd2c (0xff9ff06f) j       pc - 0x8
core   0: 3 0x8000dd2c (0xff9ff06f)
core   0: 0x8000dd24 (0x00001f17) auipc   t5, 0x1
core   0: 3 0x8000dd24 (0x00001f17) x30 0x8000ed24
core   0: 0x8000dd28 (0x2c3f2e23) sw      gp, 732(t5)
core   0: 3 0x8000dd28 (0x2c3f2e23) mem 0x8000f000 0x00000001
core   0: 0x8000dd2c (0xff9ff06f) j       pc - 0x8
core   0: 3 0x8000dd2c (0xff9ff06f)
core   0: 0x8000dd24 (0x00001f17) auipc   t5, 0x1
core   0: 3 0x8000dd24 (0x00001f17) x30 0x8000ed24
core   0: 0x8000dd28 (0x2c3f2e23) sw      gp, 732(t5)
core   0: 3 0x8000dd28 (0x2c3f2e23) mem 0x8000f000 0x00000001
core   0: 0x8000dd2c (0xff9ff06f) j       pc - 0x8
core   0: 3 0x8000dd2c (0xff9ff06f)
core   0: 0x8000dd24 (0x00001f17) auipc   t5, 0x1
core   0: 3 0x8000dd24 (0x00001f17) x30 0x8000ed24
core   0: 0x8000dd28 (0x2c3f2e23) sw      gp, 732(t5)
core   0: 3 0x8000dd28 (0x2c3f2e23) mem 0x8000f000 0x00000001
core   0: 0x8000dd2c (0xff9ff06f) j       pc - 0x8
core   0: 3 0x8000dd2c (0xff9ff06f)
core   0: 0x8000dd24 (0x00001f17) auipc   t5, 0x1
core   0: 3 0x8000dd24 (0x00001f17) x30 0x8000ed24
core   0: 0x8000dd28 (0x2c3f2e23) sw      gp, 732(t5)
core   0: 3 0x8000dd28 (0x2c3f2e23) mem 0x8000f000 0x00000001
core   0: 0x8000dd2c (0xff9ff06f) j       pc - 0x8
core   0: 3 0x8000dd2c (0xff9ff06f)
core   0: 0x8000dd24 (0x00001f17) auipc   t5, 0x1
core   0: 3 0x8000dd24 (0x00001f17) x30 0x8000ed24
core   0: 0x8000dd28 (0x2c3f2e23) sw      gp, 732(t5)
core   0: 3 0x8000dd28 (0x2c3f2e23) mem 0x8000f000 0x00000001
core   0: 0x8000dd2c (0xff9ff06f) j       pc - 0x8
core   0: 3 0x8000dd2c (0xff9ff06f)
core   0: 0x8000dd24 (0x00001f17) auipc   t5, 0x1
core   0: 3 0x8000dd24 (0x00001f17) x30 0x8000ed24
core   0: 0x8000dd28 (0x2c3f2e23) sw      gp, 732(t5)
core   0: 3 0x8000dd28 (0x2c3f2e23) mem 0x8000f000 0x00000001
core   0: 0x8000dd2c (0xff9ff06f) j       pc - 0x8
core   0: 3 0x8000dd2c (0xff9ff06f)
core   0: 0x8000dd24 (0x00001f17) auipc   t5, 0x1
core   0: 3 0x8000dd24 (0x00001f17) x30 0x8000ed24
core   0: 0x8000dd28 (0x2c3f2e23) sw      gp, 732(t5)
core   0: 3 0x8000dd28 (0x2c3f2e23) mem 0x8000f000 0x00000001
core   0: 0x8000dd2c (0xff9ff06f) j       pc - 0x8
core   0: 3 0x8000dd2c (0xff9ff06f)
core   0: 0x8000dd24 (0x00001f17) auipc   t5, 0x1
core   0: 3 0x8000dd24 (0x00001f17) x30 0x8000ed24
core   0: 0x8000dd28 (0x2c3f2e23) sw      gp, 732(t5)
core   0: 3 0x8000dd28 (0x2c3f2e23) mem 0x8000f000 0x00000001
core   0: 0x8000dd2c (0xff9ff06f) j       pc - 0x8
core   0: 3 0x8000dd2c (0xff9ff06f)
core   0: 0x8000dd24 (0x00001f17) auipc   t5, 0x1
core   0: 3 0x8000dd24 (0x00001f17) x30 0x8000ed24
core   0: 0x8000dd28 (0x2c3f2e23) sw      gp, 732(t5)
core   0: 3 0x8000dd28 (0x2c3f2e23) mem 0x8000f000 0x00000001
core   0: 0x8000dd2c (0xff9ff06f) j       pc - 0x8
core   0: 3 0x8000dd2c (0xff9ff06f)
core   0: 0x8000dd24 (0x00001f17) auipc   t5, 0x1
core   0: 3 0x8000dd24 (0x00001f17) x30 0x8000ed24
core   0: 0x8000dd28 (0x2c3f2e23) sw      gp, 732(t5)
core   0: 3 0x8000dd28 (0x2c3f2e23) mem 0x8000f000 0x00000001
core   0: 0x8000dd2c (0xff9ff06f) j       pc - 0x8
core   0: 3 0x8000dd2c (0xff9ff06f)
core   0: 0x8000dd24 (0x00001f17) auipc   t5, 0x1
core   0: 3 0x8000dd24 (0x00001f17) x30 0x8000ed24
core   0: 0x8000dd28 (0x2c3f2e23) sw      gp, 732(t5)
core   0: 3 0x8000dd28 (0x2c3f2e23) mem 0x8000f000 0x00000001
core   0: 0x8000dd2c (0xff9ff06f) j       pc - 0x8
core   0: 3 0x8000dd2c (0xff9ff06f)
core   0: 0x8000dd24 (0x00001f17) auipc   t5, 0x1
core   0: 3 0x8000dd24 (0x00001f17) x30 0x8000ed24
core   0: 0x8000dd28 (0x2c3f2e23) sw      gp, 732(t5)
core   0: 3 0x8000dd28 (0x2c3f2e23) mem 0x8000f000 0x00000001
core   0: 0x8000dd2c (0xff9ff06f) j       pc - 0x8
core   0: 3 0x8000dd2c (0xff9ff06f)
core   0: 0x8000dd24 (0x00001f17) auipc   t5, 0x1
core   0: 3 0x8000dd24 (0x00001f17) x30 0x8000ed24
core   0: 0x8000dd28 (0x2c3f2e23) sw      gp, 732(t5)
core   0: 3 0x8000dd28 (0x2c3f2e23) mem 0x8000f000 0x00000001
core   0: 0x8000dd2c (0xff9ff06f) j       pc - 0x8
core   0: 3 0x8000dd2c (0xff9ff06f)
core   0: 0x8000dd24 (0x00001f17) auipc   t5, 0x1
core   0: 3 0x8000dd24 (0x00001f17) x30 0x8000ed24
core   0: 0x8000dd28 (0x2c3f2e23) sw      gp, 732(t5)
core   0: 3 0x8000dd28 (0x2c3f2e23) mem 0x8000f000 0x00000001
core   0: 0x8000dd2c (0xff9ff06f) j       pc - 0x8
core   0: 3 0x8000dd2c (0xff9ff06f)
core   0: 0x8000dd24 (0x00001f17) auipc   t5, 0x1
core   0: 3 0x8000dd24 (0x00001f17) x30 0x8000ed24
core   0: 0x8000dd28 (0x2c3f2e23) sw      gp, 732(t5)
core   0: 3 0x8000dd28 (0x2c3f2e23) mem 0x8000f000 0x00000001
core   0: 0x8000dd2c (0xff9ff06f) j       pc - 0x8
core   0: 3 0x8000dd2c (0xff9ff06f)
core   0: 0x8000dd24 (0x00001f17) auipc   t5, 0x1
core   0: 3 0x8000dd24 (0x00001f17) x30 0x8000ed24
core   0: 0x8000dd28 (0x2c3f2e23) sw      gp, 732(t5)
core   0: 3 0x8000dd28 (0x2c3f2e23) mem 0x8000f000 0x00000001
core   0: 0x8000dd2c (0xff9ff06f) j       pc - 0x8
core   0: 3 0x8000dd2c (0xff9ff06f)
core   0: 0x8000dd24 (0x00001f17) auipc   t5, 0x1
core   0: 3 0x8000dd24 (0x00001f17) x30 0x8000ed24
core   0: 0x8000dd28 (0x2c3f2e23) sw      gp, 732(t5)
core   0: 3 0x8000dd28 (0x2c3f2e23) mem 0x8000f000 0x00000001
core   0: 0x8000dd2c (0xff9ff06f) j       pc - 0x8
core   0: 3 0x8000dd2c (0xff9ff06f)
core   0: 0x8000dd24 (0x00001f17) auipc   t5, 0x1
core   0: 3 0x8000dd24 (0x00001f17) x30 0x8000ed24
core   0: 0x8000dd28 (0x2c3f2e23) sw      gp, 732(t5)
core   0: 3 0x8000dd28 (0x2c3f2e23) mem 0x8000f000 0x00000001
core   0: 0x8000dd2c (0xff9ff06f) j       pc - 0x8
core   0: 3 0x8000dd2c (0xff9ff06f)
core   0: 0x8000dd24 (0x00001f17) auipc   t5, 0x1
core   0: 3 0x8000dd24 (0x00001f17) x30 0x8000ed24
core   0: 0x8000dd28 (0x2c3f2e23) sw      gp, 732(t5)
core   0: 3 0x8000dd28 (0x2c3f2e23) mem 0x8000f000 0x00000001
core   0: 0x8000dd2c (0xff9ff06f) j       pc - 0x8
core   0: 3 0x8000dd2c (0xff9ff06f)
core   0: 0x8000dd24 (0x00001f17) auipc   t5, 0x1
core   0: 3 0x8000dd24 (0x00001f17) x30 0x8000ed24
core   0: 0x8000dd28 (0x2c3f2e23) sw      gp, 732(t5)
core   0: 3 0x8000dd28 (0x2c3f2e23) mem 0x8000f000 0x00000001
core   0: 0x8000dd2c (0xff9ff06f) j       pc - 0x8
core   0: 3 0x8000dd2c (0xff9ff06f)
core   0: 0x8000dd24 (0x00001f17) auipc   t5, 0x1
core   0: 3 0x8000dd24 (0x00001f17) x30 0x8000ed24
core   0: 0x8000dd28 (0x2c3f2e23) sw      gp, 732(t5)
core   0: 3 0x8000dd28 (0x2c3f2e23) mem 0x8000f000 0x00000001
core   0: 0x8000dd2c (0xff9ff06f) j       pc - 0x8
core   0: 3 0x8000dd2c (0xff9ff06f)
core   0: 0x8000dd24 (0x00001f17) auipc   t5, 0x1
core   0: 3 0x8000dd24 (0x00001f17) x30 0x8000ed24
core   0: 0x8000dd28 (0x2c3f2e23) sw      gp, 732(t5)
core   0: 3 0x8000dd28 (0x2c3f2e23) mem 0x8000f000 0x00000001
core   0: 0x8000dd2c (0xff9ff06f) j       pc - 0x8
core   0: 3 0x8000dd2c (0xff9ff06f)
core   0: 0x8000dd24 (0x00001f17) auipc   t5, 0x1
core   0: 3 0x8000dd24 (0x00001f17) x30 0x8000ed24
core   0: 0x8000dd28 (0x2c3f2e23) sw      gp, 732(t5)
core   0: 3 0x8000dd28 (0x2c3f2e23) mem 0x8000f000 0x00000001
core   0: 0x8000dd2c (0xff9ff06f) j       pc - 0x8
core   0: 3 0x8000dd2c (0xff9ff06f)
core   0: 0x8000dd24 (0x00001f17) auipc   t5, 0x1
core   0: 3 0x8000dd24 (0x00001f17) x30 0x8000ed24
core   0: 0x8000dd28 (0x2c3f2e23) sw      gp, 732(t5)
core   0: 3 0x8000dd28 (0x2c3f2e23) mem 0x8000f000 0x00000001
core   0: 0x8000dd2c (0xff9ff06f) j       pc - 0x8
core   0: 3 0x8000dd2c (0xff9ff06f)
core   0: 0x8000dd24 (0x00001f17) auipc   t5, 0x1
core   0: 3 0x8000dd24 (0x00001f17) x30 0x8000ed24
core   0: 0x8000dd28 (0x2c3f2e23) sw      gp, 732(t5)
core   0: 3 0x8000dd28 (0x2c3f2e23) mem 0x8000f000 0x00000001
core   0: 0x8000dd2c (0xff9ff06f) j       pc - 0x8
core   0: 3 0x8000dd2c (0xff9ff06f)
core   0: 0x8000dd24 (0x00001f17) auipc   t5, 0x1
core   0: 3 0x8000dd24 (0x00001f17) x30 0x8000ed24
core   0: 0x8000dd28 (0x2c3f2e23) sw      gp, 732(t5)
core   0: 3 0x8000dd28 (0x2c3f2e23) mem 0x8000f000 0x00000001
core   0: 0x8000dd2c (0xff9ff06f) j       pc - 0x8
core   0: 3 0x8000dd2c (0xff9ff06f)
core   0: 0x8000dd24 (0x00001f17) auipc   t5, 0x1
core   0: 3 0x8000dd24 (0x00001f17) x30 0x8000ed24
core   0: 0x8000dd28 (0x2c3f2e23) sw      gp, 732(t5)
core   0: 3 0x8000dd28 (0x2c3f2e23) mem 0x8000f000 0x00000001
core   0: 0x8000dd2c (0xff9ff06f) j       pc - 0x8
core   0: 3 0x8000dd2c (0xff9ff06f)
core   0: 0x8000dd24 (0x00001f17) auipc   t5, 0x1
core   0: 3 0x8000dd24 (0x00001f17) x30 0x8000ed24
core   0: 0x8000dd28 (0x2c3f2e23) sw      gp, 732(t5)
core   0: 3 0x8000dd28 (0x2c3f2e23) mem 0x8000f000 0x00000001
core   0: 0x8000dd2c (0xff9ff06f) j       pc - 0x8
core   0: 3 0x8000dd2c (0xff9ff06f)
core   0: 0x8000dd24 (0x00001f17) auipc   t5, 0x1
core   0: 3 0x8000dd24 (0x00001f17) x30 0x8000ed24
core   0: 0x8000dd28 (0x2c3f2e23) sw      gp, 732(t5)
core   0: 3 0x8000dd28 (0x2c3f2e23) mem 0x8000f000 0x00000001
core   0: 0x8000dd2c (0xff9ff06f) j       pc - 0x8
core   0: 3 0x8000dd2c (0xff9ff06f)
core   0: 0x8000dd24 (0x00001f17) auipc   t5, 0x1
core   0: 3 0x8000dd24 (0x00001f17) x30 0x8000ed24
core   0: 0x8000dd28 (0x2c3f2e23) sw      gp, 732(t5)
core   0: 3 0x8000dd28 (0x2c3f2e23) mem 0x8000f000 0x00000001
core   0: 0x8000dd2c (0xff9ff06f) j       pc - 0x8
core   0: 3 0x8000dd2c (0xff9ff06f)
core   0: 0x8000dd24 (0x00001f17) auipc   t5, 0x1
core   0: 3 0x8000dd24 (0x00001f17) x30 0x8000ed24
core   0: 0x8000dd28 (0x2c3f2e23) sw      gp, 732(t5)
core   0: 3 0x8000dd28 (0x2c3f2e23) mem 0x8000f000 0x00000001
core   0: 0x8000dd2c (0xff9ff06f) j       pc - 0x8
core   0: 3 0x8000dd2c (0xff9ff06f)
core   0: 0x8000dd24 (0x00001f17) auipc   t5, 0x1
core   0: 3 0x8000dd24 (0x00001f17) x30 0x8000ed24
core   0: 0x8000dd28 (0x2c3f2e23) sw      gp, 732(t5)
core   0: 3 0x8000dd28 (0x2c3f2e23) mem 0x8000f000 0x00000001
core   0: 0x8000dd2c (0xff9ff06f) j       pc - 0x8
core   0: 3 0x8000dd2c (0xff9ff06f)
core   0: 0x8000dd24 (0x00001f17) auipc   t5, 0x1
core   0: 3 0x8000dd24 (0x00001f17) x30 0x8000ed24
core   0: 0x8000dd28 (0x2c3f2e23) sw      gp, 732(t5)
core   0: 3 0x8000dd28 (0x2c3f2e23) mem 0x8000f000 0x00000001
core   0: 0x8000dd2c (0xff9ff06f) j       pc - 0x8
core   0: 3 0x8000dd2c (0xff9ff06f)
core   0: 0x8000dd24 (0x00001f17) auipc   t5, 0x1
core   0: 3 0x8000dd24 (0x00001f17) x30 0x8000ed24
core   0: 0x8000dd28 (0x2c3f2e23) sw      gp, 732(t5)
core   0: 3 0x8000dd28 (0x2c3f2e23) mem 0x8000f000 0x00000001
core   0: 0x8000dd2c (0xff9ff06f) j       pc - 0x8
core   0: 3 0x8000dd2c (0xff9ff06f)
core   0: 0x8000dd24 (0x00001f17) auipc   t5, 0x1
core   0: 3 0x8000dd24 (0x00001f17) x30 0x8000ed24
core   0: 0x8000dd28 (0x2c3f2e23) sw      gp, 732(t5)
core   0: 3 0x8000dd28 (0x2c3f2e23) mem 0x8000f000 0x00000001
core   0: 0x8000dd2c (0xff9ff06f) j       pc - 0x8
core   0: 3 0x8000dd2c (0xff9ff06f)
core   0: 0x8000dd24 (0x00001f17) auipc   t5, 0x1
core   0: 3 0x8000dd24 (0x00001f17) x30 0x8000ed24
core   0: 0x8000dd28 (0x2c3f2e23) sw      gp, 732(t5)
core   0: 3 0x8000dd28 (0x2c3f2e23) mem 0x8000f000 0x00000001
core   0: 0x8000dd2c (0xff9ff06f) j       pc - 0x8
core   0: 3 0x8000dd2c (0xff9ff06f)
core   0: 0x8000dd24 (0x00001f17) auipc   t5, 0x1
core   0: 3 0x8000dd24 (0x00001f17) x30 0x8000ed24
core   0: 0x8000dd28 (0x2c3f2e23) sw      gp, 732(t5)
core   0: 3 0x8000dd28 (0x2c3f2e23) mem 0x8000f000 0x00000001
core   0: 0x8000dd2c (0xff9ff06f) j       pc - 0x8
core   0: 3 0x8000dd2c (0xff9ff06f)
core   0: 0x8000dd24 (0x00001f17) auipc   t5, 0x1
core   0: 3 0x8000dd24 (0x00001f17) x30 0x8000ed24
core   0: 0x8000dd28 (0x2c3f2e23) sw      gp, 732(t5)
core   0: 3 0x8000dd28 (0x2c3f2e23) mem 0x8000f000 0x00000001
core   0: 0x8000dd2c (0xff9ff06f) j       pc - 0x8
core   0: 3 0x8000dd2c (0xff9ff06f)
core   0: 0x8000dd24 (0x00001f17) auipc   t5, 0x1
core   0: 3 0x8000dd24 (0x00001f17) x30 0x8000ed24
core   0: 0x8000dd28 (0x2c3f2e23) sw      gp, 732(t5)
core   0: 3 0x8000dd28 (0x2c3f2e23) mem 0x8000f000 0x00000001
core   0: 0x8000dd2c (0xff9ff06f) j       pc - 0x8
core   0: 3 0x8000dd2c (0xff9ff06f)
core   0: 0x8000dd24 (0x00001f17) auipc   t5, 0x1
core   0: 3 0x8000dd24 (0x00001f17) x30 0x8000ed24
core   0: 0x8000dd28 (0x2c3f2e23) sw      gp, 732(t5)
core   0: 3 0x8000dd28 (0x2c3f2e23) mem 0x8000f000 0x00000001
core   0: 0x8000dd2c (0xff9ff06f) j       pc - 0x8
core   0: 3 0x8000dd2c (0xff9ff06f)
core   0: 0x8000dd24 (0x00001f17) auipc   t5, 0x1
core   0: 3 0x8000dd24 (0x00001f17) x30 0x8000ed24
core   0: 0x8000dd28 (0x2c3f2e23) sw      gp, 732(t5)
core   0: 3 0x8000dd28 (0x2c3f2e23) mem 0x8000f000 0x00000001
core   0: 0x8000dd2c (0xff9ff06f) j       pc - 0x8
core   0: 3 0x8000dd2c (0xff9ff06f)
core   0: 0x8000dd24 (0x00001f17) auipc   t5, 0x1
core   0: 3 0x8000dd24 (0x00001f17) x30 0x8000ed24
core   0: 0x8000dd28 (0x2c3f2e23) sw      gp, 732(t5)
core   0: 3 0x8000dd28 (0x2c3f2e23) mem 0x8000f000 0x00000001
core   0: 0x8000dd2c (0xff9ff06f) j       pc - 0x8
core   0: 3 0x8000dd2c (0xff9ff06f)
core   0: 0x8000dd24 (0x00001f17) auipc   t5, 0x1
core   0: 3 0x8000dd24 (0x00001f17) x30 0x8000ed24
core   0: 0x8000dd28 (0x2c3f2e23) sw      gp, 732(t5)
core   0: 3 0x8000dd28 (0x2c3f2e23) mem 0x8000f000 0x00000001
core   0: 0x8000dd2c (0xff9ff06f) j       pc - 0x8
core   0: 3 0x8000dd2c (0xff9ff06f)
core   0: 0x8000dd24 (0x00001f17) auipc   t5, 0x1
core   0: 3 0x8000dd24 (0x00001f17) x30 0x8000ed24
core   0: 0x8000dd28 (0x2c3f2e23) sw      gp, 732(t5)
core   0: 3 0x8000dd28 (0x2c3f2e23) mem 0x8000f000 0x00000001
core   0: 0x8000dd2c (0xff9ff06f) j       pc - 0x8
core   0: 3 0x8000dd2c (0xff9ff06f)
core   0: 0x8000dd24 (0x00001f17) auipc   t5, 0x1
core   0: 3 0x8000dd24 (0x00001f17) x30 0x8000ed24
core   0: 0x8000dd28 (0x2c3f2e23) sw      gp, 732(t5)
core   0: 3 0x8000dd28 (0x2c3f2e23) mem 0x8000f000 0x00000001
core   0: 0x8000dd2c (0xff9ff06f) j       pc - 0x8
core   0: 3 0x8000dd2c (0xff9ff06f)
core   0: 0x8000dd24 (0x00001f17) auipc   t5, 0x1
core   0: 3 0x8000dd24 (0x00001f17) x30 0x8000ed24
core   0: 0x8000dd28 (0x2c3f2e23) sw      gp, 732(t5)
core   0: 3 0x8000dd28 (0x2c3f2e23) mem 0x8000f000 0x00000001
core   0: 0x8000dd2c (0xff9ff06f) j       pc - 0x8
core   0: 3 0x8000dd2c (0xff9ff06f)
core   0: 0x8000dd24 (0x00001f17) auipc   t5, 0x1
core   0: 3 0x8000dd24 (0x00001f17) x30 0x8000ed24
core   0: 0x8000dd28 (0x2c3f2e23) sw      gp, 732(t5)
core   0: 3 0x8000dd28 (0x2c3f2e23) mem 0x8000f000 0x00000001
core   0: 0x8000dd2c (0xff9ff06f) j       pc - 0x8
core   0: 3 0x8000dd2c (0xff9ff06f)
core   0: 0x8000dd24 (0x00001f17) auipc   t5, 0x1
core   0: 3 0x8000dd24 (0x00001f17) x30 0x8000ed24
core   0: 0x8000dd28 (0x2c3f2e23) sw      gp, 732(t5)
core   0: 3 0x8000dd28 (0x2c3f2e23) mem 0x8000f000 0x00000001
core   0: 0x8000dd2c (0xff9ff06f) j       pc - 0x8
core   0: 3 0x8000dd2c (0xff9ff06f)
core   0: 0x8000dd24 (0x00001f17) auipc   t5, 0x1
core   0: 3 0x8000dd24 (0x00001f17) x30 0x8000ed24
core   0: 0x8000dd28 (0x2c3f2e23) sw      gp, 732(t5)
core   0: 3 0x8000dd28 (0x2c3f2e23) mem 0x8000f000 0x00000001
core   0: 0x8000dd2c (0xff9ff06f) j       pc - 0x8
core   0: 3 0x8000dd2c (0xff9ff06f)
core   0: 0x8000dd24 (0x00001f17) auipc   t5, 0x1
core   0: 3 0x8000dd24 (0x00001f17) x30 0x8000ed24
core   0: 0x8000dd28 (0x2c3f2e23) sw      gp, 732(t5)
core   0: 3 0x8000dd28 (0x2c3f2e23) mem 0x8000f000 0x00000001
core   0: 0x8000dd2c (0xff9ff06f) j       pc - 0x8
core   0: 3 0x8000dd2c (0xff9ff06f)
core   0: 0x8000dd24 (0x00001f17) auipc   t5, 0x1
core   0: 3 0x8000dd24 (0x00001f17) x30 0x8000ed24
core   0: 0x8000dd28 (0x2c3f2e23) sw      gp, 732(t5)
core   0: 3 0x8000dd28 (0x2c3f2e23) mem 0x8000f000 0x00000001
core   0: 0x8000dd2c (0xff9ff06f) j       pc - 0x8
core   0: 3 0x8000dd2c (0xff9ff06f)
core   0: 0x8000dd24 (0x00001f17) auipc   t5, 0x1
core   0: 3 0x8000dd24 (0x00001f17) x30 0x8000ed24
core   0: 0x8000dd28 (0x2c3f2e23) sw      gp, 732(t5)
core   0: 3 0x8000dd28 (0x2c3f2e23) mem 0x8000f000 0x00000001
core   0: 0x8000dd2c (0xff9ff06f) j       pc - 0x8
core   0: 3 0x8000dd2c (0xff9ff06f)
core   0: 0x8000dd24 (0x00001f17) auipc   t5, 0x1
core   0: 3 0x8000dd24 (0x00001f17) x30 0x8000ed24
core   0: 0x8000dd28 (0x2c3f2e23) sw      gp, 732(t5)
core   0: 3 0x8000dd28 (0x2c3f2e23) mem 0x8000f000 0x00000001
core   0: 0x8000dd2c (0xff9ff06f) j       pc - 0x8
core   0: 3 0x8000dd2c (0xff9ff06f)
core   0: 0x8000dd24 (0x00001f17) auipc   t5, 0x1
core   0: 3 0x8000dd24 (0x00001f17) x30 0x8000ed24
core   0: 0x8000dd28 (0x2c3f2e23) sw      gp, 732(t5)
core   0: 3 0x8000dd28 (0x2c3f2e23) mem 0x8000f000 0x00000001
core   0: 0x8000dd2c (0xff9ff06f) j       pc - 0x8
core   0: 3 0x8000dd2c (0xff9ff06f)
core   0: 0x8000dd24 (0x00001f17) auipc   t5, 0x1
core   0: 3 0x8000dd24 (0x00001f17) x30 0x8000ed24
core   0: 0x8000dd28 (0x2c3f2e23) sw      gp, 732(t5)
core   0: 3 0x8000dd28 (0x2c3f2e23) mem 0x8000f000 0x00000001
core   0: 0x8000dd2c (0xff9ff06f) j       pc - 0x8
core   0: 3 0x8000dd2c (0xff9ff06f)
core   0: 0x8000dd24 (0x00001f17) auipc   t5, 0x1
core   0: 3 0x8000dd24 (0x00001f17) x30 0x8000ed24
core   0: 0x8000dd28 (0x2c3f2e23) sw      gp, 732(t5)
core   0: 3 0x8000dd28 (0x2c3f2e23) mem 0x8000f000 0x00000001
core   0: 0x8000dd2c (0xff9ff06f) j       pc - 0x8
core   0: 3 0x8000dd2c (0xff9ff06f)
core   0: 0x8000dd24 (0x00001f17) auipc   t5, 0x1
core   0: 3 0x8000dd24 (0x00001f17) x30 0x8000ed24
core   0: 0x8000dd28 (0x2c3f2e23) sw      gp, 732(t5)
core   0: 3 0x8000dd28 (0x2c3f2e23) mem 0x8000f000 0x00000001
core   0: 0x8000dd2c (0xff9ff06f) j       pc - 0x8
core   0: 3 0x8000dd2c (0xff9ff06f)
core   0: 0x8000dd24 (0x00001f17) auipc   t5, 0x1
core   0: 3 0x8000dd24 (0x00001f17) x30 0x8000ed24
core   0: 0x8000dd28 (0x2c3f2e23) sw      gp, 732(t5)
core   0: 3 0x8000dd28 (0x2c3f2e23) mem 0x8000f000 0x00000001
core   0: 0x8000dd2c (0xff9ff06f) j       pc - 0x8
core   0: 3 0x8000dd2c (0xff9ff06f)
core   0: 0x8000dd24 (0x00001f17) auipc   t5, 0x1
core   0: 3 0x8000dd24 (0x00001f17) x30 0x8000ed24
core   0: 0x8000dd28 (0x2c3f2e23) sw      gp, 732(t5)
core   0: 3 0x8000dd28 (0x2c3f2e23) mem 0x8000f000 0x00000001
core   0: 0x8000dd2c (0xff9ff06f) j       pc - 0x8
core   0: 3 0x8000dd2c (0xff9ff06f)
core   0: 0x8000dd24 (0x00001f17) auipc   t5, 0x1
core   0: 3 0x8000dd24 (0x00001f17) x30 0x8000ed24
core   0: 0x8000dd28 (0x2c3f2e23) sw      gp, 732(t5)
core   0: 3 0x8000dd28 (0x2c3f2e23) mem 0x8000f000 0x00000001
core   0: 0x8000dd2c (0xff9ff06f) j       pc - 0x8
core   0: 3 0x8000dd2c (0xff9ff06f)
core   0: 0x8000dd24 (0x00001f17) auipc   t5, 0x1
core   0: 3 0x8000dd24 (0x00001f17) x30 0x8000ed24
core   0: 0x8000dd28 (0x2c3f2e23) sw      gp, 732(t5)
core   0: 3 0x8000dd28 (0x2c3f2e23) mem 0x8000f000 0x00000001
core   0: 0x8000dd2c (0xff9ff06f) j       pc - 0x8
core   0: 3 0x8000dd2c (0xff9ff06f)
core   0: 0x8000dd24 (0x00001f17) auipc   t5, 0x1
core   0: 3 0x8000dd24 (0x00001f17) x30 0x8000ed24
core   0: 0x8000dd28 (0x2c3f2e23) sw      gp, 732(t5)
core   0: 3 0x8000dd28 (0x2c3f2e23) mem 0x8000f000 0x00000001
core   0: 0x8000dd2c (0xff9ff06f) j       pc - 0x8
core   0: 3 0x8000dd2c (0xff9ff06f)
core   0: 0x8000dd24 (0x00001f17) auipc   t5, 0x1
core   0: 3 0x8000dd24 (0x00001f17) x30 0x8000ed24
core   0: 0x8000dd28 (0x2c3f2e23) sw      gp, 732(t5)
core   0: 3 0x8000dd28 (0x2c3f2e23) mem 0x8000f000 0x00000001
core   0: 0x8000dd2c (0xff9ff06f) j       pc - 0x8
core   0: 3 0x8000dd2c (0xff9ff06f)
core   0: 0x8000dd24 (0x00001f17) auipc   t5, 0x1
core   0: 3 0x8000dd24 (0x00001f17) x30 0x8000ed24
core   0: 0x8000dd28 (0x2c3f2e23) sw      gp, 732(t5)
core   0: 3 0x8000dd28 (0x2c3f2e23) mem 0x8000f000 0x00000001
core   0: 0x8000dd2c (0xff9ff06f) j       pc - 0x8
core   0: 3 0x8000dd2c (0xff9ff06f)
core   0: 0x8000dd24 (0x00001f17) auipc   t5, 0x1
core   0: 3 0x8000dd24 (0x00001f17) x30 0x8000ed24
core   0: 0x8000dd28 (0x2c3f2e23) sw      gp, 732(t5)
core   0: 3 0x8000dd28 (0x2c3f2e23) mem 0x8000f000 0x00000001
core   0: 0x8000dd2c (0xff9ff06f) j       pc - 0x8
core   0: 3 0x8000dd2c (0xff9ff06f)
core   0: 0x8000dd24 (0x00001f17) auipc   t5, 0x1
core   0: 3 0x8000dd24 (0x00001f17) x30 0x8000ed24
core   0: 0x8000dd28 (0x2c3f2e23) sw      gp, 732(t5)
core   0: 3 0x8000dd28 (0x2c3f2e23) mem 0x8000f000 0x00000001
core   0: 0x8000dd2c (0xff9ff06f) j       pc - 0x8
core   0: 3 0x8000dd2c (0xff9ff06f)
core   0: 0x8000dd24 (0x00001f17) auipc   t5, 0x1
core   0: 3 0x8000dd24 (0x00001f17) x30 0x8000ed24
core   0: 0x8000dd28 (0x2c3f2e23) sw      gp, 732(t5)
core   0: 3 0x8000dd28 (0x2c3f2e23) mem 0x8000f000 0x00000001
core   0: 0x8000dd2c (0xff9ff06f) j       pc - 0x8
core   0: 3 0x8000dd2c (0xff9ff06f)
core   0: 0x8000dd24 (0x00001f17) auipc   t5, 0x1
core   0: 3 0x8000dd24 (0x00001f17) x30 0x8000ed24
core   0: 0x8000dd28 (0x2c3f2e23) sw      gp, 732(t5)
core   0: 3 0x8000dd28 (0x2c3f2e23) mem 0x8000f000 0x00000001
core   0: 0x8000dd2c (0xff9ff06f) j       pc - 0x8
core   0: 3 0x8000dd2c (0xff9ff06f)
core   0: 0x8000dd24 (0x00001f17) auipc   t5, 0x1
core   0: 3 0x8000dd24 (0x00001f17) x30 0x8000ed24
core   0: 0x8000dd28 (0x2c3f2e23) sw      gp, 732(t5)
core   0: 3 0x8000dd28 (0x2c3f2e23) mem 0x8000f000 0x00000001
core   0: 0x8000dd2c (0xff9ff06f) j       pc - 0x8
core   0: 3 0x8000dd2c (0xff9ff06f)
core   0: 0x8000dd24 (0x00001f17) auipc   t5, 0x1
core   0: 3 0x8000dd24 (0x00001f17) x30 0x8000ed24
core   0: 0x8000dd28 (0x2c3f2e23) sw      gp, 732(t5)
core   0: 3 0x8000dd28 (0x2c3f2e23) mem 0x8000f000 0x00000001
core   0: 0x8000dd2c (0xff9ff06f) j       pc - 0x8
core   0: 3 0x8000dd2c (0xff9ff06f)
core   0: 0x8000dd24 (0x00001f17) auipc   t5, 0x1
core   0: 3 0x8000dd24 (0x00001f17) x30 0x8000ed24
core   0: 0x8000dd28 (0x2c3f2e23) sw      gp, 732(t5)
core   0: 3 0x8000dd28 (0x2c3f2e23) mem 0x8000f000 0x00000001
core   0: 0x8000dd2c (0xff9ff06f) j       pc - 0x8
core   0: 3 0x8000dd2c (0xff9ff06f)
core   0: 0x8000dd24 (0x00001f17) auipc   t5, 0x1
core   0: 3 0x8000dd24 (0x00001f17) x30 0x8000ed24
core   0: 0x8000dd28 (0x2c3f2e23) sw      gp, 732(t5)
core   0: 3 0x8000dd28 (0x2c3f2e23) mem 0x8000f000 0x00000001
core   0: 0x8000dd2c (0xff9ff06f) j       pc - 0x8
core   0: 3 0x8000dd2c (0xff9ff06f)
core   0: 0x8000dd24 (0x00001f17) auipc   t5, 0x1
core   0: 3 0x8000dd24 (0x00001f17) x30 0x8000ed24
core   0: 0x8000dd28 (0x2c3f2e23) sw      gp, 732(t5)
core   0: 3 0x8000dd28 (0x2c3f2e23) mem 0x8000f000 0x00000001
core   0: 0x8000dd2c (0xff9ff06f) j       pc - 0x8
core   0: 3 0x8000dd2c (0xff9ff06f)
core   0: 0x8000dd24 (0x00001f17) auipc   t5, 0x1
core   0: 3 0x8000dd24 (0x00001f17) x30 0x8000ed24
core   0: 0x8000dd28 (0x2c3f2e23) sw      gp, 732(t5)
core   0: 3 0x8000dd28 (0x2c3f2e23) mem 0x8000f000 0x00000001
core   0: 0x8000dd2c (0xff9ff06f) j       pc - 0x8
core   0: 3 0x8000dd2c (0xff9ff06f)
core   0: 0x8000dd24 (0x00001f17) auipc   t5, 0x1
core   0: 3 0x8000dd24 (0x00001f17) x30 0x8000ed24
core   0: 0x8000dd28 (0x2c3f2e23) sw      gp, 732(t5)
core   0: 3 0x8000dd28 (0x2c3f2e23) mem 0x8000f000 0x00000001
core   0: 0x8000dd2c (0xff9ff06f) j       pc - 0x8
core   0: 3 0x8000dd2c (0xff9ff06f)
core   0: 0x8000dd24 (0x00001f17) auipc   t5, 0x1
core   0: 3 0x8000dd24 (0x00001f17) x30 0x8000ed24
core   0: 0x8000dd28 (0x2c3f2e23) sw      gp, 732(t5)
core   0: 3 0x8000dd28 (0x2c3f2e23) mem 0x8000f000 0x00000001
core   0: 0x8000dd2c (0xff9ff06f) j       pc - 0x8
core   0: 3 0x8000dd2c (0xff9ff06f)
core   0: 0x8000dd24 (0x00001f17) auipc   t5, 0x1
core   0: 3 0x8000dd24 (0x00001f17) x30 0x8000ed24
core   0: 0x8000dd28 (0x2c3f2e23) sw      gp, 732(t5)
core   0: 3 0x8000dd28 (0x2c3f2e23) mem 0x8000f000 0x00000001
core   0: 0x8000dd2c (0xff9ff06f) j       pc - 0x8
core   0: 3 0x8000dd2c (0xff9ff06f)
core   0: 0x8000dd24 (0x00001f17) auipc   t5, 0x1
core   0: 3 0x8000dd24 (0x00001f17) x30 0x8000ed24
core   0: 0x8000dd28 (0x2c3f2e23) sw      gp, 732(t5)
core   0: 3 0x8000dd28 (0x2c3f2e23) mem 0x8000f000 0x00000001
core   0: 0x8000dd2c (0xff9ff06f) j       pc - 0x8
core   0: 3 0x8000dd2c (0xff9ff06f)
core   0: 0x8000dd24 (0x00001f17) auipc   t5, 0x1
core   0: 3 0x8000dd24 (0x00001f17) x30 0x8000ed24
core   0: 0x8000dd28 (0x2c3f2e23) sw      gp, 732(t5)
core   0: 3 0x8000dd28 (0x2c3f2e23) mem 0x8000f000 0x00000001
core   0: 0x8000dd2c (0xff9ff06f) j       pc - 0x8
core   0: 3 0x8000dd2c (0xff9ff06f)
core   0: 0x8000dd24 (0x00001f17) auipc   t5, 0x1
core   0: 3 0x8000dd24 (0x00001f17) x30 0x8000ed24
core   0: 0x8000dd28 (0x2c3f2e23) sw      gp, 732(t5)
core   0: 3 0x8000dd28 (0x2c3f2e23) mem 0x8000f000 0x00000001
core   0: 0x8000dd2c (0xff9ff06f) j       pc - 0x8
core   0: 3 0x8000dd2c (0xff9ff06f)
core   0: 0x8000dd24 (0x00001f17) auipc   t5, 0x1
core   0: 3 0x8000dd24 (0x00001f17) x30 0x8000ed24
core   0: 0x8000dd28 (0x2c3f2e23) sw      gp, 732(t5)
core   0: 3 0x8000dd28 (0x2c3f2e23) mem 0x8000f000 0x00000001
core   0: 0x8000dd2c (0xff9ff06f) j       pc - 0x8
core   0: 3 0x8000dd2c (0xff9ff06f)
core   0: 0x8000dd24 (0x00001f17) auipc   t5, 0x1
core   0: 3 0x8000dd24 (0x00001f17) x30 0x8000ed24
core   0: 0x8000dd28 (0x2c3f2e23) sw      gp, 732(t5)
core   0: 3 0x8000dd28 (0x2c3f2e23) mem 0x8000f000 0x00000001
core   0: 0x8000dd2c (0xff9ff06f) j       pc - 0x8
core   0: 3 0x8000dd2c (0xff9ff06f)
core   0: 0x8000dd24 (0x00001f17) auipc   t5, 0x1
core   0: 3 0x8000dd24 (0x00001f17) x30 0x8000ed24
core   0: 0x8000dd28 (0x2c3f2e23) sw      gp, 732(t5)
core   0: 3 0x8000dd28 (0x2c3f2e23) mem 0x8000f000 0x00000001
core   0: 0x8000dd2c (0xff9ff06f) j       pc - 0x8
core   0: 3 0x8000dd2c (0xff9ff06f)
core   0: 0x8000dd24 (0x00001f17) auipc   t5, 0x1
core   0: 3 0x8000dd24 (0x00001f17) x30 0x8000ed24
core   0: 0x8000dd28 (0x2c3f2e23) sw      gp, 732(t5)
core   0: 3 0x8000dd28 (0x2c3f2e23) mem 0x8000f000 0x00000001
core   0: 0x8000dd2c (0xff9ff06f) j       pc - 0x8
core   0: 3 0x8000dd2c (0xff9ff06f)
core   0: 0x8000dd24 (0x00001f17) auipc   t5, 0x1
core   0: 3 0x8000dd24 (0x00001f17) x30 0x8000ed24
core   0: 0x8000dd28 (0x2c3f2e23) sw      gp, 732(t5)
core   0: 3 0x8000dd28 (0x2c3f2e23) mem 0x8000f000 0x00000001
core   0: 0x8000dd2c (0xff9ff06f) j       pc - 0x8
core   0: 3 0x8000dd2c (0xff9ff06f)
core   0: 0x8000dd24 (0x00001f17) auipc   t5, 0x1
core   0: 3 0x8000dd24 (0x00001f17) x30 0x8000ed24
core   0: 0x8000dd28 (0x2c3f2e23) sw      gp, 732(t5)
core   0: 3 0x8000dd28 (0x2c3f2e23) mem 0x8000f000 0x00000001
core   0: 0x8000dd2c (0xff9ff06f) j       pc - 0x8
core   0: 3 0x8000dd2c (0xff9ff06f)
core   0: 0x8000dd24 (0x00001f17) auipc   t5, 0x1
core   0: 3 0x8000dd24 (0x00001f17) x30 0x8000ed24
core   0: 0x8000dd28 (0x2c3f2e23) sw      gp, 732(t5)
core   0: 3 0x8000dd28 (0x2c3f2e23) mem 0x8000f000 0x00000001
core   0: 0x8000dd2c (0xff9ff06f) j       pc - 0x8
core   0: 3 0x8000dd2c (0xff9ff06f)
core   0: 0x8000dd24 (0x00001f17) auipc   t5, 0x1
core   0: 3 0x8000dd24 (0x00001f17) x30 0x8000ed24
core   0: 0x8000dd28 (0x2c3f2e23) sw      gp, 732(t5)
core   0: 3 0x8000dd28 (0x2c3f2e23) mem 0x8000f000 0x00000001
core   0: 0x8000dd2c (0xff9ff06f) j       pc - 0x8
core   0: 3 0x8000dd2c (0xff9ff06f)
core   0: 0x8000dd24 (0x00001f17) auipc   t5, 0x1
core   0: 3 0x8000dd24 (0x00001f17) x30 0x8000ed24
core   0: 0x8000dd28 (0x2c3f2e23) sw      gp, 732(t5)
core   0: 3 0x8000dd28 (0x2c3f2e23) mem 0x8000f000 0x00000001
core   0: 0x8000dd2c (0xff9ff06f) j       pc - 0x8
core   0: 3 0x8000dd2c (0xff9ff06f)
core   0: 0x8000dd24 (0x00001f17) auipc   t5, 0x1
core   0: 3 0x8000dd24 (0x00001f17) x30 0x8000ed24
core   0: 0x8000dd28 (0x2c3f2e23) sw      gp, 732(t5)
core   0: 3 0x8000dd28 (0x2c3f2e23) mem 0x8000f000 0x00000001
core   0: 0x8000dd2c (0xff9ff06f) j       pc - 0x8
core   0: 3 0x8000dd2c (0xff9ff06f)
core   0: 0x8000dd24 (0x00001f17) auipc   t5, 0x1
core   0: 3 0x8000dd24 (0x00001f17) x30 0x8000ed24
core   0: 0x8000dd28 (0x2c3f2e23) sw      gp, 732(t5)
core   0: 3 0x8000dd28 (0x2c3f2e23) mem 0x8000f000 0x00000001
core   0: 0x8000dd2c (0xff9ff06f) j       pc - 0x8
core   0: 3 0x8000dd2c (0xff9ff06f)
core   0: 0x8000dd24 (0x00001f17) auipc   t5, 0x1
core   0: 3 0x8000dd24 (0x00001f17) x30 0x8000ed24
core   0: 0x8000dd28 (0x2c3f2e23) sw      gp, 732(t5)
core   0: 3 0x8000dd28 (0x2c3f2e23) mem 0x8000f000 0x00000001
core   0: 0x8000dd2c (0xff9ff06f) j       pc - 0x8
core   0: 3 0x8000dd2c (0xff9ff06f)
core   0: 0x8000dd24 (0x00001f17) auipc   t5, 0x1
core   0: 3 0x8000dd24 (0x00001f17) x30 0x8000ed24
core   0: 0x8000dd28 (0x2c3f2e23) sw      gp, 732(t5)
core   0: 3 0x8000dd28 (0x2c3f2e23) mem 0x8000f000 0x00000001
core   0: 0x8000dd2c (0xff9ff06f) j       pc - 0x8
core   0: 3 0x8000dd2c (0xff9ff06f)
core   0: 0x8000dd24 (0x00001f17) auipc   t5, 0x1
core   0: 3 0x8000dd24 (0x00001f17) x30 0x8000ed24
core   0: 0x8000dd28 (0x2c3f2e23) sw      gp, 732(t5)
core   0: 3 0x8000dd28 (0x2c3f2e23) mem 0x8000f000 0x00000001
core   0: 0x8000dd2c (0xff9ff06f) j       pc - 0x8
core   0: 3 0x8000dd2c (0xff9ff06f)
core   0: 0x8000dd24 (0x00001f17) auipc   t5, 0x1
core   0: 3 0x8000dd24 (0x00001f17) x30 0x8000ed24
core   0: 0x8000dd28 (0x2c3f2e23) sw      gp, 732(t5)
core   0: 3 0x8000dd28 (0x2c3f2e23) mem 0x8000f000 0x00000001
core   0: 0x8000dd2c (0xff9ff06f) j       pc - 0x8
core   0: 3 0x8000dd2c (0xff9ff06f)
core   0: 0x8000dd24 (0x00001f17) auipc   t5, 0x1
core   0: 3 0x8000dd24 (0x00001f17) x30 0x8000ed24
core   0: 0x8000dd28 (0x2c3f2e23) sw      gp, 732(t5)
core   0: 3 0x8000dd28 (0x2c3f2e23) mem 0x8000f000 0x00000001
core   0: 0x8000dd2c (0xff9ff06f) j       pc - 0x8
core   0: 3 0x8000dd2c (0xff9ff06f)
core   0: 0x8000dd24 (0x00001f17) auipc   t5, 0x1
core   0: 3 0x8000dd24 (0x00001f17) x30 0x8000ed24
core   0: 0x8000dd28 (0x2c3f2e23) sw      gp, 732(t5)
core   0: 3 0x8000dd28 (0x2c3f2e23) mem 0x8000f000 0x00000001
core   0: 0x8000dd2c (0xff9ff06f) j       pc - 0x8
core   0: 3 0x8000dd2c (0xff9ff06f)
core   0: 0x8000dd24 (0x00001f17) auipc   t5, 0x1
core   0: 3 0x8000dd24 (0x00001f17) x30 0x8000ed24
core   0: 0x8000dd28 (0x2c3f2e23) sw      gp, 732(t5)
core   0: 3 0x8000dd28 (0x2c3f2e23) mem 0x8000f000 0x00000001
core   0: 0x8000dd2c (0xff9ff06f) j       pc - 0x8
core   0: 3 0x8000dd2c (0xff9ff06f)
core   0: 0x8000dd24 (0x00001f17) auipc   t5, 0x1
core   0: 3 0x8000dd24 (0x00001f17) x30 0x8000ed24
core   0: 0x8000dd28 (0x2c3f2e23) sw      gp, 732(t5)
core   0: 3 0x8000dd28 (0x2c3f2e23) mem 0x8000f000 0x00000001
core   0: 0x8000dd2c (0xff9ff06f) j       pc - 0x8
core   0: 3 0x8000dd2c (0xff9ff06f)
core   0: 0x8000dd24 (0x00001f17) auipc   t5, 0x1
core   0: 3 0x8000dd24 (0x00001f17) x30 0x8000ed24
core   0: 0x8000dd28 (0x2c3f2e23) sw      gp, 732(t5)
core   0: 3 0x8000dd28 (0x2c3f2e23) mem 0x8000f000 0x00000001
core   0: 0x8000dd2c (0xff9ff06f) j       pc - 0x8
core   0: 3 0x8000dd2c (0xff9ff06f)
core   0: 0x8000dd24 (0x00001f17) auipc   t5, 0x1
core   0: 3 0x8000dd24 (0x00001f17) x30 0x8000ed24
core   0: 0x8000dd28 (0x2c3f2e23) sw      gp, 732(t5)
core   0: 3 0x8000dd28 (0x2c3f2e23) mem 0x8000f000 0x00000001
core   0: 0x8000dd2c (0xff9ff06f) j       pc - 0x8
core   0: 3 0x8000dd2c (0xff9ff06f)
core   0: 0x8000dd24 (0x00001f17) auipc   t5, 0x1
core   0: 3 0x8000dd24 (0x00001f17) x30 0x8000ed24
core   0: 0x8000dd28 (0x2c3f2e23) sw      gp, 732(t5)
core   0: 3 0x8000dd28 (0x2c3f2e23) mem 0x8000f000 0x00000001
core   0: 0x8000dd2c (0xff9ff06f) j       pc - 0x8
core   0: 3 0x8000dd2c (0xff9ff06f)
core   0: 0x8000dd24 (0x00001f17) auipc   t5, 0x1
core   0: 3 0x8000dd24 (0x00001f17) x30 0x8000ed24
core   0: 0x8000dd28 (0x2c3f2e23) sw      gp, 732(t5)
core   0: 3 0x8000dd28 (0x2c3f2e23) mem 0x8000f000 0x00000001
core   0: 0x8000dd2c (0xff9ff06f) j       pc - 0x8
core   0: 3 0x8000dd2c (0xff9ff06f)
core   0: 0x8000dd24 (0x00001f17) auipc   t5, 0x1
core   0: 3 0x8000dd24 (0x00001f17) x30 0x8000ed24
core   0: 0x8000dd28 (0x2c3f2e23) sw      gp, 732(t5)
core   0: 3 0x8000dd28 (0x2c3f2e23) mem 0x8000f000 0x00000001
core   0: 0x8000dd2c (0xff9ff06f) j       pc - 0x8
core   0: 3 0x8000dd2c (0xff9ff06f)
core   0: 0x8000dd24 (0x00001f17) auipc   t5, 0x1
core   0: 3 0x8000dd24 (0x00001f17) x30 0x8000ed24
core   0: 0x8000dd28 (0x2c3f2e23) sw      gp, 732(t5)
core   0: 3 0x8000dd28 (0x2c3f2e23) mem 0x8000f000 0x00000001
core   0: 0x8000dd2c (0xff9ff06f) j       pc - 0x8
core   0: 3 0x8000dd2c (0xff9ff06f)
core   0: 0x8000dd24 (0x00001f17) auipc   t5, 0x1
core   0: 3 0x8000dd24 (0x00001f17) x30 0x8000ed24
core   0: 0x8000dd28 (0x2c3f2e23) sw      gp, 732(t5)
core   0: 3 0x8000dd28 (0x2c3f2e23) mem 0x8000f000 0x00000001
core   0: 0x8000dd2c (0xff9ff06f) j       pc - 0x8
core   0: 3 0x8000dd2c (0xff9ff06f)
core   0: 0x8000dd24 (0x00001f17) auipc   t5, 0x1
core   0: 3 0x8000dd24 (0x00001f17) x30 0x8000ed24
core   0: 0x8000dd28 (0x2c3f2e23) sw      gp, 732(t5)
core   0: 3 0x8000dd28 (0x2c3f2e23) mem 0x8000f000 0x00000001
core   0: 0x8000dd2c (0xff9ff06f) j       pc - 0x8
core   0: 3 0x8000dd2c (0xff9ff06f)
core   0: 0x8000dd24 (0x00001f17) auipc   t5, 0x1
core   0: 3 0x8000dd24 (0x00001f17) x30 0x8000ed24
core   0: 0x8000dd28 (0x2c3f2e23) sw      gp, 732(t5)
core   0: 3 0x8000dd28 (0x2c3f2e23) mem 0x8000f000 0x00000001
core   0: 0x8000dd2c (0xff9ff06f) j       pc - 0x8
core   0: 3 0x8000dd2c (0xff9ff06f)
core   0: 0x8000dd24 (0x00001f17) auipc   t5, 0x1
core   0: 3 0x8000dd24 (0x00001f17) x30 0x8000ed24
core   0: 0x8000dd28 (0x2c3f2e23) sw      gp, 732(t5)
core   0: 3 0x8000dd28 (0x2c3f2e23) mem 0x8000f000 0x00000001
core   0: 0x8000dd2c (0xff9ff06f) j       pc - 0x8
core   0: 3 0x8000dd2c (0xff9ff06f)
core   0: 0x8000dd24 (0x00001f17) auipc   t5, 0x1
core   0: 3 0x8000dd24 (0x00001f17) x30 0x8000ed24
core   0: 0x8000dd28 (0x2c3f2e23) sw      gp, 732(t5)
core   0: 3 0x8000dd28 (0x2c3f2e23) mem 0x8000f000 0x00000001
core   0: 0x8000dd2c (0xff9ff06f) j       pc - 0x8
core   0: 3 0x8000dd2c (0xff9ff06f)
core   0: 0x8000dd24 (0x00001f17) auipc   t5, 0x1
core   0: 3 0x8000dd24 (0x00001f17) x30 0x8000ed24
core   0: 0x8000dd28 (0x2c3f2e23) sw      gp, 732(t5)
core   0: 3 0x8000dd28 (0x2c3f2e23) mem 0x8000f000 0x00000001
core   0: 0x8000dd2c (0xff9ff06f) j       pc - 0x8
core   0: 3 0x8000dd2c (0xff9ff06f)
core   0: 0x8000dd24 (0x00001f17) auipc   t5, 0x1
core   0: 3 0x8000dd24 (0x00001f17) x30 0x8000ed24
core   0: 0x8000dd28 (0x2c3f2e23) sw      gp, 732(t5)
core   0: 3 0x8000dd28 (0x2c3f2e23) mem 0x8000f000 0x00000001
core   0: 0x8000dd2c (0xff9ff06f) j       pc - 0x8
core   0: 3 0x8000dd2c (0xff9ff06f)
core   0: 0x8000dd24 (0x00001f17) auipc   t5, 0x1
core   0: 3 0x8000dd24 (0x00001f17) x30 0x8000ed24
core   0: 0x8000dd28 (0x2c3f2e23) sw      gp, 732(t5)
core   0: 3 0x8000dd28 (0x2c3f2e23) mem 0x8000f000 0x00000001
core   0: 0x8000dd2c (0xff9ff06f) j       pc - 0x8
core   0: 3 0x8000dd2c (0xff9ff06f)
core   0: 0x8000dd24 (0x00001f17) auipc   t5, 0x1
core   0: 3 0x8000dd24 (0x00001f17) x30 0x8000ed24
core   0: 0x8000dd28 (0x2c3f2e23) sw      gp, 732(t5)
core   0: 3 0x8000dd28 (0x2c3f2e23) mem 0x8000f000 0x00000001
core   0: 0x8000dd2c (0xff9ff06f) j       pc - 0x8
core   0: 3 0x8000dd2c (0xff9ff06f)
core   0: 0x8000dd24 (0x00001f17) auipc   t5, 0x1
core   0: 3 0x8000dd24 (0x00001f17) x30 0x8000ed24
core   0: 0x8000dd28 (0x2c3f2e23) sw      gp, 732(t5)
core   0: 3 0x8000dd28 (0x2c3f2e23) mem 0x8000f000 0x00000001
core   0: 0x8000dd2c (0xff9ff06f) j       pc - 0x8
core   0: 3 0x8000dd2c (0xff9ff06f)
core   0: 0x8000dd24 (0x00001f17) auipc   t5, 0x1
core   0: 3 0x8000dd24 (0x00001f17) x30 0x8000ed24
core   0: 0x8000dd28 (0x2c3f2e23) sw      gp, 732(t5)
core   0: 3 0x8000dd28 (0x2c3f2e23) mem 0x8000f000 0x00000001
core   0: 0x8000dd2c (0xff9ff06f) j       pc - 0x8
core   0: 3 0x8000dd2c (0xff9ff06f)
core   0: 0x8000dd24 (0x00001f17) auipc   t5, 0x1
core   0: 3 0x8000dd24 (0x00001f17) x30 0x8000ed24
core   0: 0x8000dd28 (0x2c3f2e23) sw      gp, 732(t5)
core   0: 3 0x8000dd28 (0x2c3f2e23) mem 0x8000f000 0x00000001
core   0: 0x8000dd2c (0xff9ff06f) j       pc - 0x8
core   0: 3 0x8000dd2c (0xff9ff06f)
core   0: 0x8000dd24 (0x00001f17) auipc   t5, 0x1
core   0: 3 0x8000dd24 (0x00001f17) x30 0x8000ed24
core   0: 0x8000dd28 (0x2c3f2e23) sw      gp, 732(t5)
core   0: 3 0x8000dd28 (0x2c3f2e23) mem 0x8000f000 0x00000001
core   0: 0x8000dd2c (0xff9ff06f) j       pc - 0x8
core   0: 3 0x8000dd2c (0xff9ff06f)
core   0: 0x8000dd24 (0x00001f17) auipc   t5, 0x1
core   0: 3 0x8000dd24 (0x00001f17) x30 0x8000ed24
core   0: 0x8000dd28 (0x2c3f2e23) sw      gp, 732(t5)
core   0: 3 0x8000dd28 (0x2c3f2e23) mem 0x8000f000 0x00000001
core   0: 0x8000dd2c (0xff9ff06f) j       pc - 0x8
core   0: 3 0x8000dd2c (0xff9ff06f)
core   0: 0x8000dd24 (0x00001f17) auipc   t5, 0x1
core   0: 3 0x8000dd24 (0x00001f17) x30 0x8000ed24
core   0: 0x8000dd28 (0x2c3f2e23) sw      gp, 732(t5)
core   0: 3 0x8000dd28 (0x2c3f2e23) mem 0x8000f000 0x00000001
core   0: 0x8000dd2c (0xff9ff06f) j       pc - 0x8
core   0: 3 0x8000dd2c (0xff9ff06f)
core   0: 0x8000dd24 (0x00001f17) auipc   t5, 0x1
core   0: 3 0x8000dd24 (0x00001f17) x30 0x8000ed24
core   0: 0x8000dd28 (0x2c3f2e23) sw      gp, 732(t5)
core   0: 3 0x8000dd28 (0x2c3f2e23) mem 0x8000f000 0x00000001
core   0: 0x8000dd2c (0xff9ff06f) j       pc - 0x8
core   0: 3 0x8000dd2c (0xff9ff06f)
core   0: 0x8000dd24 (0x00001f17) auipc   t5, 0x1
core   0: 3 0x8000dd24 (0x00001f17) x30 0x8000ed24
core   0: 0x8000dd28 (0x2c3f2e23) sw      gp, 732(t5)
core   0: 3 0x8000dd28 (0x2c3f2e23) mem 0x8000f000 0x00000001
core   0: 0x8000dd2c (0xff9ff06f) j       pc - 0x8
core   0: 3 0x8000dd2c (0xff9ff06f)
core   0: 0x8000dd24 (0x00001f17) auipc   t5, 0x1
core   0: 3 0x8000dd24 (0x00001f17) x30 0x8000ed24
core   0: 0x8000dd28 (0x2c3f2e23) sw      gp, 732(t5)
core   0: 3 0x8000dd28 (0x2c3f2e23) mem 0x8000f000 0x00000001
core   0: 0x8000dd2c (0xff9ff06f) j       pc - 0x8
core   0: 3 0x8000dd2c (0xff9ff06f)
core   0: 0x8000dd24 (0x00001f17) auipc   t5, 0x1
core   0: 3 0x8000dd24 (0x00001f17) x30 0x8000ed24
core   0: 0x8000dd28 (0x2c3f2e23) sw      gp, 732(t5)
core   0: 3 0x8000dd28 (0x2c3f2e23) mem 0x8000f000 0x00000001
core   0: 0x8000dd2c (0xff9ff06f) j       pc - 0x8
core   0: 3 0x8000dd2c (0xff9ff06f)
core   0: 0x8000dd24 (0x00001f17) auipc   t5, 0x1
core   0: 3 0x8000dd24 (0x00001f17) x30 0x8000ed24
core   0: 0x8000dd28 (0x2c3f2e23) sw      gp, 732(t5)
core   0: 3 0x8000dd28 (0x2c3f2e23) mem 0x8000f000 0x00000001
core   0: 0x8000dd2c (0xff9ff06f) j       pc - 0x8
core   0: 3 0x8000dd2c (0xff9ff06f)
core   0: 0x8000dd24 (0x00001f17) auipc   t5, 0x1
core   0: 3 0x8000dd24 (0x00001f17) x30 0x8000ed24
core   0: 0x8000dd28 (0x2c3f2e23) sw      gp, 732(t5)
core   0: 3 0x8000dd28 (0x2c3f2e23) mem 0x8000f000 0x00000001
core   0: 0x8000dd2c (0xff9ff06f) j       pc - 0x8
core   0: 3 0x8000dd2c (0xff9ff06f)
core   0: 0x8000dd24 (0x00001f17) auipc   t5, 0x1
core   0: 3 0x8000dd24 (0x00001f17) x30 0x8000ed24
core   0: 0x8000dd28 (0x2c3f2e23) sw      gp, 732(t5)
core   0: 3 0x8000dd28 (0x2c3f2e23) mem 0x8000f000 0x00000001
core   0: 0x8000dd2c (0xff9ff06f) j       pc - 0x8
core   0: 3 0x8000dd2c (0xff9ff06f)
core   0: 0x8000dd24 (0x00001f17) auipc   t5, 0x1
core   0: 3 0x8000dd24 (0x00001f17) x30 0x8000ed24
core   0: 0x8000dd28 (0x2c3f2e23) sw      gp, 732(t5)
core   0: 3 0x8000dd28 (0x2c3f2e23) mem 0x8000f000 0x00000001
core   0: 0x8000dd2c (0xff9ff06f) j       pc - 0x8
core   0: 3 0x8000dd2c (0xff9ff06f)
core   0: 0x8000dd24 (0x00001f17) auipc   t5, 0x1
core   0: 3 0x8000dd24 (0x00001f17) x30 0x8000ed24
core   0: 0x8000dd28 (0x2c3f2e23) sw      gp, 732(t5)
core   0: 3 0x8000dd28 (0x2c3f2e23) mem 0x8000f000 0x00000001
core   0: 0x8000dd2c (0xff9ff06f) j       pc - 0x8
core   0: 3 0x8000dd2c (0xff9ff06f)
core   0: 0x8000dd24 (0x00001f17) auipc   t5, 0x1
core   0: 3 0x8000dd24 (0x00001f17) x30 0x8000ed24
core   0: 0x8000dd28 (0x2c3f2e23) sw      gp, 732(t5)
core   0: 3 0x8000dd28 (0x2c3f2e23) mem 0x8000f000 0x00000001
core   0: 0x8000dd2c (0xff9ff06f) j       pc - 0x8
core   0: 3 0x8000dd2c (0xff9ff06f)
core   0: 0x8000dd24 (0x00001f17) auipc   t5, 0x1
core   0: 3 0x8000dd24 (0x00001f17) x30 0x8000ed24
core   0: 0x8000dd28 (0x2c3f2e23) sw      gp, 732(t5)
core   0: 3 0x8000dd28 (0x2c3f2e23) mem 0x8000f000 0x00000001
core   0: 0x8000dd2c (0xff9ff06f) j       pc - 0x8
core   0: 3 0x8000dd2c (0xff9ff06f)
core   0: 0x8000dd24 (0x00001f17) auipc   t5, 0x1
core   0: 3 0x8000dd24 (0x00001f17) x30 0x8000ed24
core   0: 0x8000dd28 (0x2c3f2e23) sw      gp, 732(t5)
core   0: 3 0x8000dd28 (0x2c3f2e23) mem 0x8000f000 0x00000001
core   0: 0x8000dd2c (0xff9ff06f) j       pc - 0x8
core   0: 3 0x8000dd2c (0xff9ff06f)
core   0: 0x8000dd24 (0x00001f17) auipc   t5, 0x1
core   0: 3 0x8000dd24 (0x00001f17) x30 0x8000ed24
core   0: 0x8000dd28 (0x2c3f2e23) sw      gp, 732(t5)
core   0: 3 0x8000dd28 (0x2c3f2e23) mem 0x8000f000 0x00000001
core   0: 0x8000dd2c (0xff9ff06f) j       pc - 0x8
core   0: 3 0x8000dd2c (0xff9ff06f)
core   0: 0x8000dd24 (0x00001f17) auipc   t5, 0x1
core   0: 3 0x8000dd24 (0x00001f17) x30 0x8000ed24
core   0: 0x8000dd28 (0x2c3f2e23) sw      gp, 732(t5)
core   0: 3 0x8000dd28 (0x2c3f2e23) mem 0x8000f000 0x00000001
core   0: 0x8000dd2c (0xff9ff06f) j       pc - 0x8
core   0: 3 0x8000dd2c (0xff9ff06f)
core   0: 0x8000dd24 (0x00001f17) auipc   t5, 0x1
core   0: 3 0x8000dd24 (0x00001f17) x30 0x8000ed24
core   0: 0x8000dd28 (0x2c3f2e23) sw      gp, 732(t5)
core   0: 3 0x8000dd28 (0x2c3f2e23) mem 0x8000f000 0x00000001
core   0: 0x8000dd2c (0xff9ff06f) j       pc - 0x8
core   0: 3 0x8000dd2c (0xff9ff06f)
core   0: 0x8000dd24 (0x00001f17) auipc   t5, 0x1
core   0: 3 0x8000dd24 (0x00001f17) x30 0x8000ed24
core   0: 0x8000dd28 (0x2c3f2e23) sw      gp, 732(t5)
core   0: 3 0x8000dd28 (0x2c3f2e23) mem 0x8000f000 0x00000001
core   0: 0x8000dd2c (0xff9ff06f) j       pc - 0x8
core   0: 3 0x8000dd2c (0xff9ff06f)
core   0: 0x8000dd24 (0x00001f17) auipc   t5, 0x1
core   0: 3 0x8000dd24 (0x00001f17) x30 0x8000ed24
core   0: 0x8000dd28 (0x2c3f2e23) sw      gp, 732(t5)
core   0: 3 0x8000dd28 (0x2c3f2e23) mem 0x8000f000 0x00000001
core   0: 0x8000dd2c (0xff9ff06f) j       pc - 0x8
core   0: 3 0x8000dd2c (0xff9ff06f)
core   0: 0x8000dd24 (0x00001f17) auipc   t5, 0x1
core   0: 3 0x8000dd24 (0x00001f17) x30 0x8000ed24
core   0: 0x8000dd28 (0x2c3f2e23) sw      gp, 732(t5)
core   0: 3 0x8000dd28 (0x2c3f2e23) mem 0x8000f000 0x00000001
core   0: 0x8000dd2c (0xff9ff06f) j       pc - 0x8
core   0: 3 0x8000dd2c (0xff9ff06f)
core   0: 0x8000dd24 (0x00001f17) auipc   t5, 0x1
core   0: 3 0x8000dd24 (0x00001f17) x30 0x8000ed24
core   0: 0x8000dd28 (0x2c3f2e23) sw      gp, 732(t5)
core   0: 3 0x8000dd28 (0x2c3f2e23) mem 0x8000f000 0x00000001
core   0: 0x8000dd2c (0xff9ff06f) j       pc - 0x8
core   0: 3 0x8000dd2c (0xff9ff06f)
core   0: 0x8000dd24 (0x00001f17) auipc   t5, 0x1
core   0: 3 0x8000dd24 (0x00001f17) x30 0x8000ed24
core   0: 0x8000dd28 (0x2c3f2e23) sw      gp, 732(t5)
core   0: 3 0x8000dd28 (0x2c3f2e23) mem 0x8000f000 0x00000001
core   0: 0x8000dd2c (0xff9ff06f) j       pc - 0x8
core   0: 3 0x8000dd2c (0xff9ff06f)
core   0: 0x8000dd24 (0x00001f17) auipc   t5, 0x1
core   0: 3 0x8000dd24 (0x00001f17) x30 0x8000ed24
core   0: 0x8000dd28 (0x2c3f2e23) sw      gp, 732(t5)
core   0: 3 0x8000dd28 (0x2c3f2e23) mem 0x8000f000 0x00000001
core   0: 0x8000dd2c (0xff9ff06f) j       pc - 0x8
core   0: 3 0x8000dd2c (0xff9ff06f)
core   0: 0x8000dd24 (0x00001f17) auipc   t5, 0x1
core   0: 3 0x8000dd24 (0x00001f17) x30 0x8000ed24
core   0: 0x8000dd28 (0x2c3f2e23) sw      gp, 732(t5)
core   0: 3 0x8000dd28 (0x2c3f2e23) mem 0x8000f000 0x00000001
core   0: 0x8000dd2c (0xff9ff06f) j       pc - 0x8
core   0: 3 0x8000dd2c (0xff9ff06f)
core   0: 0x8000dd24 (0x00001f17) auipc   t5, 0x1
core   0: 3 0x8000dd24 (0x00001f17) x30 0x8000ed24
core   0: 0x8000dd28 (0x2c3f2e23) sw      gp, 732(t5)
core   0: 3 0x8000dd28 (0x2c3f2e23) mem 0x8000f000 0x00000001
core   0: 0x8000dd2c (0xff9ff06f) j       pc - 0x8
core   0: 3 0x8000dd2c (0xff9ff06f)
core   0: 0x8000dd24 (0x00001f17) auipc   t5, 0x1
core   0: 3 0x8000dd24 (0x00001f17) x30 0x8000ed24
core   0: 0x8000dd28 (0x2c3f2e23) sw      gp, 732(t5)
core   0: 3 0x8000dd28 (0x2c3f2e23) mem 0x8000f000 0x00000001
core   0: 0x8000dd2c (0xff9ff06f) j       pc - 0x8
core   0: 3 0x8000dd2c (0xff9ff06f)
core   0: 0x8000dd24 (0x00001f17) auipc   t5, 0x1
core   0: 3 0x8000dd24 (0x00001f17) x30 0x8000ed24
core   0: 0x8000dd28 (0x2c3f2e23) sw      gp, 732(t5)
core   0: 3 0x8000dd28 (0x2c3f2e23) mem 0x8000f000 0x00000001
core   0: 0x8000dd2c (0xff9ff06f) j       pc - 0x8
core   0: 3 0x8000dd2c (0xff9ff06f)
core   0: 0x8000dd24 (0x00001f17) auipc   t5, 0x1
core   0: 3 0x8000dd24 (0x00001f17) x30 0x8000ed24
core   0: 0x8000dd28 (0x2c3f2e23) sw      gp, 732(t5)
core   0: 3 0x8000dd28 (0x2c3f2e23) mem 0x8000f000 0x00000001
core   0: 0x8000dd2c (0xff9ff06f) j       pc - 0x8
core   0: 3 0x8000dd2c (0xff9ff06f)
core   0: 0x8000dd24 (0x00001f17) auipc   t5, 0x1
core   0: 3 0x8000dd24 (0x00001f17) x30 0x8000ed24
core   0: 0x8000dd28 (0x2c3f2e23) sw      gp, 732(t5)
core   0: 3 0x8000dd28 (0x2c3f2e23) mem 0x8000f000 0x00000001
core   0: 0x8000dd2c (0xff9ff06f) j       pc - 0x8
core   0: 3 0x8000dd2c (0xff9ff06f)
core   0: 0x8000dd24 (0x00001f17) auipc   t5, 0x1
core   0: 3 0x8000dd24 (0x00001f17) x30 0x8000ed24
core   0: 0x8000dd28 (0x2c3f2e23) sw      gp, 732(t5)
core   0: 3 0x8000dd28 (0x2c3f2e23) mem 0x8000f000 0x00000001
core   0: 0x8000dd2c (0xff9ff06f) j       pc - 0x8
core   0: 3 0x8000dd2c (0xff9ff06f)
core   0: 0x8000dd24 (0x00001f17) auipc   t5, 0x1
core   0: 3 0x8000dd24 (0x00001f17) x30 0x8000ed24
core   0: 0x8000dd28 (0x2c3f2e23) sw      gp, 732(t5)
core   0: 3 0x8000dd28 (0x2c3f2e23) mem 0x8000f000 0x00000001
core   0: 0x8000dd2c (0xff9ff06f) j       pc - 0x8
core   0: 3 0x8000dd2c (0xff9ff06f)
core   0: 0x8000dd24 (0x00001f17) auipc   t5, 0x1
core   0: 3 0x8000dd24 (0x00001f17) x30 0x8000ed24
core   0: 0x8000dd28 (0x2c3f2e23) sw      gp, 732(t5)
core   0: 3 0x8000dd28 (0x2c3f2e23) mem 0x8000f000 0x00000001
core   0: 0x8000dd2c (0xff9ff06f) j       pc - 0x8
core   0: 3 0x8000dd2c (0xff9ff06f)
core   0: 0x8000dd24 (0x00001f17) auipc   t5, 0x1
core   0: 3 0x8000dd24 (0x00001f17) x30 0x8000ed24
core   0: 0x8000dd28 (0x2c3f2e23) sw      gp, 732(t5)
core   0: 3 0x8000dd28 (0x2c3f2e23) mem 0x8000f000 0x00000001
core   0: 0x8000dd2c (0xff9ff06f) j       pc - 0x8
core   0: 3 0x8000dd2c (0xff9ff06f)
core   0: 0x8000dd24 (0x00001f17) auipc   t5, 0x1
core   0: 3 0x8000dd24 (0x00001f17) x30 0x8000ed24
core   0: 0x8000dd28 (0x2c3f2e23) sw      gp, 732(t5)
core   0: 3 0x8000dd28 (0x2c3f2e23) mem 0x8000f000 0x00000001
core   0: 0x8000dd2c (0xff9ff06f) j       pc - 0x8
core   0: 3 0x8000dd2c (0xff9ff06f)
core   0: 0x8000dd24 (0x00001f17) auipc   t5, 0x1
core   0: 3 0x8000dd24 (0x00001f17) x30 0x8000ed24
core   0: 0x8000dd28 (0x2c3f2e23) sw      gp, 732(t5)
core   0: 3 0x8000dd28 (0x2c3f2e23) mem 0x8000f000 0x00000001
core   0: 0x8000dd2c (0xff9ff06f) j       pc - 0x8
core   0: 3 0x8000dd2c (0xff9ff06f)
core   0: 0x8000dd24 (0x00001f17) auipc   t5, 0x1
core   0: 3 0x8000dd24 (0x00001f17) x30 0x8000ed24
core   0: 0x8000dd28 (0x2c3f2e23) sw      gp, 732(t5)
core   0: 3 0x8000dd28 (0x2c3f2e23) mem 0x8000f000 0x00000001
core   0: 0x8000dd2c (0xff9ff06f) j       pc - 0x8
core   0: 3 0x8000dd2c (0xff9ff06f)
core   0: 0x8000dd24 (0x00001f17) auipc   t5, 0x1
core   0: 3 0x8000dd24 (0x00001f17) x30 0x8000ed24
core   0: 0x8000dd28 (0x2c3f2e23) sw      gp, 732(t5)
core   0: 3 0x8000dd28 (0x2c3f2e23) mem 0x8000f000 0x00000001
core   0: 0x8000dd2c (0xff9ff06f) j       pc - 0x8
core   0: 3 0x8000dd2c (0xff9ff06f)
core   0: 0x8000dd24 (0x00001f17) auipc   t5, 0x1
core   0: 3 0x8000dd24 (0x00001f17) x30 0x8000ed24
core   0: 0x8000dd28 (0x2c3f2e23) sw      gp, 732(t5)
core   0: 3 0x8000dd28 (0x2c3f2e23) mem 0x8000f000 0x00000001
core   0: 0x8000dd2c (0xff9ff06f) j       pc - 0x8
core   0: 3 0x8000dd2c (0xff9ff06f)
core   0: 0x8000dd24 (0x00001f17) auipc   t5, 0x1
core   0: 3 0x8000dd24 (0x00001f17) x30 0x8000ed24
core   0: 0x8000dd28 (0x2c3f2e23) sw      gp, 732(t5)
core   0: 3 0x8000dd28 (0x2c3f2e23) mem 0x8000f000 0x00000001
core   0: 0x8000dd2c (0xff9ff06f) j       pc - 0x8
core   0: 3 0x8000dd2c (0xff9ff06f)
core   0: 0x8000dd24 (0x00001f17) auipc   t5, 0x1
core   0: 3 0x8000dd24 (0x00001f17) x30 0x8000ed24
core   0: 0x8000dd28 (0x2c3f2e23) sw      gp, 732(t5)
core   0: 3 0x8000dd28 (0x2c3f2e23) mem 0x8000f000 0x00000001
core   0: 0x8000dd2c (0xff9ff06f) j       pc - 0x8
core   0: 3 0x8000dd2c (0xff9ff06f)
core   0: 0x8000dd24 (0x00001f17) auipc   t5, 0x1
core   0: 3 0x8000dd24 (0x00001f17) x30 0x8000ed24
core   0: 0x8000dd28 (0x2c3f2e23) sw      gp, 732(t5)
core   0: 3 0x8000dd28 (0x2c3f2e23) mem 0x8000f000 0x00000001
core   0: 0x8000dd2c (0xff9ff06f) j       pc - 0x8
core   0: 3 0x8000dd2c (0xff9ff06f)
core   0: 0x8000dd24 (0x00001f17) auipc   t5, 0x1
core   0: 3 0x8000dd24 (0x00001f17) x30 0x8000ed24
core   0: 0x8000dd28 (0x2c3f2e23) sw      gp, 732(t5)
core   0: 3 0x8000dd28 (0x2c3f2e23) mem 0x8000f000 0x00000001
core   0: 0x8000dd2c (0xff9ff06f) j       pc - 0x8
core   0: 3 0x8000dd2c (0xff9ff06f)
core   0: 0x8000dd24 (0x00001f17) auipc   t5, 0x1
core   0: 3 0x8000dd24 (0x00001f17) x30 0x8000ed24
core   0: 0x8000dd28 (0x2c3f2e23) sw      gp, 732(t5)
core   0: 3 0x8000dd28 (0x2c3f2e23) mem 0x8000f000 0x00000001
core   0: 0x8000dd2c (0xff9ff06f) j       pc - 0x8
core   0: 3 0x8000dd2c (0xff9ff06f)
core   0: 0x8000dd24 (0x00001f17) auipc   t5, 0x1
core   0: 3 0x8000dd24 (0x00001f17) x30 0x8000ed24
core   0: 0x8000dd28 (0x2c3f2e23) sw      gp, 732(t5)
core   0: 3 0x8000dd28 (0x2c3f2e23) mem 0x8000f000 0x00000001
core   0: 0x8000dd2c (0xff9ff06f) j       pc - 0x8
core   0: 3 0x8000dd2c (0xff9ff06f)
core   0: 0x8000dd24 (0x00001f17) auipc   t5, 0x1
core   0: 3 0x8000dd24 (0x00001f17) x30 0x8000ed24
core   0: 0x8000dd28 (0x2c3f2e23) sw      gp, 732(t5)
core   0: 3 0x8000dd28 (0x2c3f2e23) mem 0x8000f000 0x00000001
core   0: 0x8000dd2c (0xff9ff06f) j       pc - 0x8
core   0: 3 0x8000dd2c (0xff9ff06f)
core   0: 0x8000dd24 (0x00001f17) auipc   t5, 0x1
core   0: 3 0x8000dd24 (0x00001f17) x30 0x8000ed24
core   0: 0x8000dd28 (0x2c3f2e23) sw      gp, 732(t5)
core   0: 3 0x8000dd28 (0x2c3f2e23) mem 0x8000f000 0x00000001
core   0: 0x8000dd2c (0xff9ff06f) j       pc - 0x8
core   0: 3 0x8000dd2c (0xff9ff06f)
core   0: 0x8000dd24 (0x00001f17) auipc   t5, 0x1
core   0: 3 0x8000dd24 (0x00001f17) x30 0x8000ed24
core   0: 0x8000dd28 (0x2c3f2e23) sw      gp, 732(t5)
core   0: 3 0x8000dd28 (0x2c3f2e23) mem 0x8000f000 0x00000001
core   0: 0x8000dd2c (0xff9ff06f) j       pc - 0x8
core   0: 3 0x8000dd2c (0xff9ff06f)
core   0: 0x8000dd24 (0x00001f17) auipc   t5, 0x1
core   0: 3 0x8000dd24 (0x00001f17) x30 0x8000ed24
core   0: 0x8000dd28 (0x2c3f2e23) sw      gp, 732(t5)
core   0: 3 0x8000dd28 (0x2c3f2e23) mem 0x8000f000 0x00000001
core   0: 0x8000dd2c (0xff9ff06f) j       pc - 0x8
core   0: 3 0x8000dd2c (0xff9ff06f)
core   0: 0x8000dd24 (0x00001f17) auipc   t5, 0x1
core   0: 3 0x8000dd24 (0x00001f17) x30 0x8000ed24
core   0: 0x8000dd28 (0x2c3f2e23) sw      gp, 732(t5)
core   0: 3 0x8000dd28 (0x2c3f2e23) mem 0x8000f000 0x00000001
core   0: 0x8000dd2c (0xff9ff06f) j       pc - 0x8
core   0: 3 0x8000dd2c (0xff9ff06f)
core   0: 0x8000dd24 (0x00001f17) auipc   t5, 0x1
core   0: 3 0x8000dd24 (0x00001f17) x30 0x8000ed24
core   0: 0x8000dd28 (0x2c3f2e23) sw      gp, 732(t5)
core   0: 3 0x8000dd28 (0x2c3f2e23) mem 0x8000f000 0x00000001
core   0: 0x8000dd2c (0xff9ff06f) j       pc - 0x8
core   0: 3 0x8000dd2c (0xff9ff06f)
core   0: 0x8000dd24 (0x00001f17) auipc   t5, 0x1
core   0: 3 0x8000dd24 (0x00001f17) x30 0x8000ed24
core   0: 0x8000dd28 (0x2c3f2e23) sw      gp, 732(t5)
core   0: 3 0x8000dd28 (0x2c3f2e23) mem 0x8000f000 0x00000001
core   0: 0x8000dd2c (0xff9ff06f) j       pc - 0x8
core   0: 3 0x8000dd2c (0xff9ff06f)
core   0: 0x8000dd24 (0x00001f17) auipc   t5, 0x1
core   0: 3 0x8000dd24 (0x00001f17) x30 0x8000ed24
core   0: 0x8000dd28 (0x2c3f2e23) sw      gp, 732(t5)
core   0: 3 0x8000dd28 (0x2c3f2e23) mem 0x8000f000 0x00000001
core   0: 0x8000dd2c (0xff9ff06f) j       pc - 0x8
core   0: 3 0x8000dd2c (0xff9ff06f)
core   0: 0x8000dd24 (0x00001f17) auipc   t5, 0x1
core   0: 3 0x8000dd24 (0x00001f17) x30 0x8000ed24
core   0: 0x8000dd28 (0x2c3f2e23) sw      gp, 732(t5)
core   0: 3 0x8000dd28 (0x2c3f2e23) mem 0x8000f000 0x00000001
core   0: 0x8000dd2c (0xff9ff06f) j       pc - 0x8
core   0: 3 0x8000dd2c (0xff9ff06f)
core   0: 0x8000dd24 (0x00001f17) auipc   t5, 0x1
core   0: 3 0x8000dd24 (0x00001f17) x30 0x8000ed24
core   0: 0x8000dd28 (0x2c3f2e23) sw      gp, 732(t5)
core   0: 3 0x8000dd28 (0x2c3f2e23) mem 0x8000f000 0x00000001
core   0: 0x8000dd2c (0xff9ff06f) j       pc - 0x8
core   0: 3 0x8000dd2c (0xff9ff06f)
core   0: 0x8000dd24 (0x00001f17) auipc   t5, 0x1
core   0: 3 0x8000dd24 (0x00001f17) x30 0x8000ed24
core   0: 0x8000dd28 (0x2c3f2e23) sw      gp, 732(t5)
core   0: 3 0x8000dd28 (0x2c3f2e23) mem 0x8000f000 0x00000001
core   0: 0x8000dd2c (0xff9ff06f) j       pc - 0x8
core   0: 3 0x8000dd2c (0xff9ff06f)
core   0: 0x8000dd24 (0x00001f17) auipc   t5, 0x1
core   0: 3 0x8000dd24 (0x00001f17) x30 0x8000ed24
core   0: 0x8000dd28 (0x2c3f2e23) sw      gp, 732(t5)
core   0: 3 0x8000dd28 (0x2c3f2e23) mem 0x8000f000 0x00000001
core   0: 0x8000dd2c (0xff9ff06f) j       pc - 0x8
core   0: 3 0x8000dd2c (0xff9ff06f)
core   0: 0x8000dd24 (0x00001f17) auipc   t5, 0x1
core   0: 3 0x8000dd24 (0x00001f17) x30 0x8000ed24
core   0: 0x8000dd28 (0x2c3f2e23) sw      gp, 732(t5)
core   0: 3 0x8000dd28 (0x2c3f2e23) mem 0x8000f000 0x00000001
core   0: 0x8000dd2c (0xff9ff06f) j       pc - 0x8
core   0: 3 0x8000dd2c (0xff9ff06f)
core   0: 0x8000dd24 (0x00001f17) auipc   t5, 0x1
core   0: 3 0x8000dd24 (0x00001f17) x30 0x8000ed24
core   0: 0x8000dd28 (0x2c3f2e23) sw      gp, 732(t5)
core   0: 3 0x8000dd28 (0x2c3f2e23) mem 0x8000f000 0x00000001
core   0: 0x8000dd2c (0xff9ff06f) j       pc - 0x8
core   0: 3 0x8000dd2c (0xff9ff06f)
core   0: 0x8000dd24 (0x00001f17) auipc   t5, 0x1
core   0: 3 0x8000dd24 (0x00001f17) x30 0x8000ed24
core   0: 0x8000dd28 (0x2c3f2e23) sw      gp, 732(t5)
core   0: 3 0x8000dd28 (0x2c3f2e23) mem 0x8000f000 0x00000001
core   0: 0x8000dd2c (0xff9ff06f) j       pc - 0x8
core   0: 3 0x8000dd2c (0xff9ff06f)
core   0: 0x8000dd24 (0x00001f17) auipc   t5, 0x1
core   0: 3 0x8000dd24 (0x00001f17) x30 0x8000ed24
core   0: 0x8000dd28 (0x2c3f2e23) sw      gp, 732(t5)
core   0: 3 0x8000dd28 (0x2c3f2e23) mem 0x8000f000 0x00000001
core   0: 0x8000dd2c (0xff9ff06f) j       pc - 0x8
core   0: 3 0x8000dd2c (0xff9ff06f)
core   0: 0x8000dd24 (0x00001f17) auipc   t5, 0x1
core   0: 3 0x8000dd24 (0x00001f17) x30 0x8000ed24
core   0: 0x8000dd28 (0x2c3f2e23) sw      gp, 732(t5)
core   0: 3 0x8000dd28 (0x2c3f2e23) mem 0x8000f000 0x00000001
core   0: 0x8000dd2c (0xff9ff06f) j       pc - 0x8
core   0: 3 0x8000dd2c (0xff9ff06f)
core   0: 0x8000dd24 (0x00001f17) auipc   t5, 0x1
core   0: 3 0x8000dd24 (0x00001f17) x30 0x8000ed24
core   0: 0x8000dd28 (0x2c3f2e23) sw      gp, 732(t5)
core   0: 3 0x8000dd28 (0x2c3f2e23) mem 0x8000f000 0x00000001
core   0: 0x8000dd2c (0xff9ff06f) j       pc - 0x8
core   0: 3 0x8000dd2c (0xff9ff06f)
core   0: 0x8000dd24 (0x00001f17) auipc   t5, 0x1
core   0: 3 0x8000dd24 (0x00001f17) x30 0x8000ed24
core   0: 0x8000dd28 (0x2c3f2e23) sw      gp, 732(t5)
core   0: 3 0x8000dd28 (0x2c3f2e23) mem 0x8000f000 0x00000001
core   0: 0x8000dd2c (0xff9ff06f) j       pc - 0x8
core   0: 3 0x8000dd2c (0xff9ff06f)
core   0: 0x8000dd24 (0x00001f17) auipc   t5, 0x1
core   0: 3 0x8000dd24 (0x00001f17) x30 0x8000ed24
core   0: 0x8000dd28 (0x2c3f2e23) sw      gp, 732(t5)
core   0: 3 0x8000dd28 (0x2c3f2e23) mem 0x8000f000 0x00000001
core   0: 0x8000dd2c (0xff9ff06f) j       pc - 0x8
core   0: 3 0x8000dd2c (0xff9ff06f)
core   0: 0x8000dd24 (0x00001f17) auipc   t5, 0x1
core   0: 3 0x8000dd24 (0x00001f17) x30 0x8000ed24
core   0: 0x8000dd28 (0x2c3f2e23) sw      gp, 732(t5)
core   0: 3 0x8000dd28 (0x2c3f2e23) mem 0x8000f000 0x00000001
core   0: 0x8000dd2c (0xff9ff06f) j       pc - 0x8
core   0: 3 0x8000dd2c (0xff9ff06f)
core   0: 0x8000dd24 (0x00001f17) auipc   t5, 0x1
core   0: 3 0x8000dd24 (0x00001f17) x30 0x8000ed24
core   0: 0x8000dd28 (0x2c3f2e23) sw      gp, 732(t5)
core   0: 3 0x8000dd28 (0x2c3f2e23) mem 0x8000f000 0x00000001
core   0: 0x8000dd2c (0xff9ff06f) j       pc - 0x8
core   0: 3 0x8000dd2c (0xff9ff06f)
core   0: 0x8000dd24 (0x00001f17) auipc   t5, 0x1
core   0: 3 0x8000dd24 (0x00001f17) x30 0x8000ed24
core   0: 0x8000dd28 (0x2c3f2e23) sw      gp, 732(t5)
core   0: 3 0x8000dd28 (0x2c3f2e23) mem 0x8000f000 0x00000001
core   0: 0x8000dd2c (0xff9ff06f) j       pc - 0x8
core   0: 3 0x8000dd2c (0xff9ff06f)
core   0: 0x8000dd24 (0x00001f17) auipc   t5, 0x1
core   0: 3 0x8000dd24 (0x00001f17) x30 0x8000ed24
core   0: 0x8000dd28 (0x2c3f2e23) sw      gp, 732(t5)
core   0: 3 0x8000dd28 (0x2c3f2e23) mem 0x8000f000 0x00000001
core   0: 0x8000dd2c (0xff9ff06f) j       pc - 0x8
core   0: 3 0x8000dd2c (0xff9ff06f)
core   0: 0x8000dd24 (0x00001f17) auipc   t5, 0x1
core   0: 3 0x8000dd24 (0x00001f17) x30 0x8000ed24
core   0: 0x8000dd28 (0x2c3f2e23) sw      gp, 732(t5)
core   0: 3 0x8000dd28 (0x2c3f2e23) mem 0x8000f000 0x00000001
core   0: 0x8000dd2c (0xff9ff06f) j       pc - 0x8
core   0: 3 0x8000dd2c (0xff9ff06f)
core   0: 0x8000dd24 (0x00001f17) auipc   t5, 0x1
core   0: 3 0x8000dd24 (0x00001f17) x30 0x8000ed24
core   0: 0x8000dd28 (0x2c3f2e23) sw      gp, 732(t5)
core   0: 3 0x8000dd28 (0x2c3f2e23) mem 0x8000f000 0x00000001
core   0: 0x8000dd2c (0xff9ff06f) j       pc - 0x8
core   0: 3 0x8000dd2c (0xff9ff06f)
core   0: 0x8000dd24 (0x00001f17) auipc   t5, 0x1
core   0: 3 0x8000dd24 (0x00001f17) x30 0x8000ed24
core   0: 0x8000dd28 (0x2c3f2e23) sw      gp, 732(t5)
core   0: 3 0x8000dd28 (0x2c3f2e23) mem 0x8000f000 0x00000001
core   0: 0x8000dd2c (0xff9ff06f) j       pc - 0x8
core   0: 3 0x8000dd2c (0xff9ff06f)
core   0: 0x8000dd24 (0x00001f17) auipc   t5, 0x1
core   0: 3 0x8000dd24 (0x00001f17) x30 0x8000ed24
core   0: 0x8000dd28 (0x2c3f2e23) sw      gp, 732(t5)
core   0: 3 0x8000dd28 (0x2c3f2e23) mem 0x8000f000 0x00000001
core   0: 0x8000dd2c (0xff9ff06f) j       pc - 0x8
core   0: 3 0x8000dd2c (0xff9ff06f)
core   0: 0x8000dd24 (0x00001f17) auipc   t5, 0x1
core   0: 3 0x8000dd24 (0x00001f17) x30 0x8000ed24
core   0: 0x8000dd28 (0x2c3f2e23) sw      gp, 732(t5)
core   0: 3 0x8000dd28 (0x2c3f2e23) mem 0x8000f000 0x00000001
core   0: 0x8000dd2c (0xff9ff06f) j       pc - 0x8
core   0: 3 0x8000dd2c (0xff9ff06f)
core   0: 0x8000dd24 (0x00001f17) auipc   t5, 0x1
core   0: 3 0x8000dd24 (0x00001f17) x30 0x8000ed24
core   0: 0x8000dd28 (0x2c3f2e23) sw      gp, 732(t5)
core   0: 3 0x8000dd28 (0x2c3f2e23) mem 0x8000f000 0x00000001
core   0: 0x8000dd2c (0xff9ff06f) j       pc - 0x8
core   0: 3 0x8000dd2c (0xff9ff06f)
core   0: 0x8000dd24 (0x00001f17) auipc   t5, 0x1
core   0: 3 0x8000dd24 (0x00001f17) x30 0x8000ed24
core   0: 0x8000dd28 (0x2c3f2e23) sw      gp, 732(t5)
core   0: 3 0x8000dd28 (0x2c3f2e23) mem 0x8000f000 0x00000001
core   0: 0x8000dd2c (0xff9ff06f) j       pc - 0x8
core   0: 3 0x8000dd2c (0xff9ff06f)
core   0: 0x8000dd24 (0x00001f17) auipc   t5, 0x1
core   0: 3 0x8000dd24 (0x00001f17) x30 0x8000ed24
core   0: 0x8000dd28 (0x2c3f2e23) sw      gp, 732(t5)
core   0: 3 0x8000dd28 (0x2c3f2e23) mem 0x8000f000 0x00000001
core   0: 0x8000dd2c (0xff9ff06f) j       pc - 0x8
core   0: 3 0x8000dd2c (0xff9ff06f)
core   0: 0x8000dd24 (0x00001f17) auipc   t5, 0x1
core   0: 3 0x8000dd24 (0x00001f17) x30 0x8000ed24
core   0: 0x8000dd28 (0x2c3f2e23) sw      gp, 732(t5)
core   0: 3 0x8000dd28 (0x2c3f2e23) mem 0x8000f000 0x00000001
core   0: 0x8000dd2c (0xff9ff06f) j       pc - 0x8
core   0: 3 0x8000dd2c (0xff9ff06f)
core   0: 0x8000dd24 (0x00001f17) auipc   t5, 0x1
core   0: 3 0x8000dd24 (0x00001f17) x30 0x8000ed24
core   0: 0x8000dd28 (0x2c3f2e23) sw      gp, 732(t5)
core   0: 3 0x8000dd28 (0x2c3f2e23) mem 0x8000f000 0x00000001
core   0: 0x8000dd2c (0xff9ff06f) j       pc - 0x8
core   0: 3 0x8000dd2c (0xff9ff06f)
core   0: 0x8000dd24 (0x00001f17) auipc   t5, 0x1
core   0: 3 0x8000dd24 (0x00001f17) x30 0x8000ed24
core   0: 0x8000dd28 (0x2c3f2e23) sw      gp, 732(t5)
core   0: 3 0x8000dd28 (0x2c3f2e23) mem 0x8000f000 0x00000001
core   0: 0x8000dd2c (0xff9ff06f) j       pc - 0x8
core   0: 3 0x8000dd2c (0xff9ff06f)
core   0: 0x8000dd24 (0x00001f17) auipc   t5, 0x1
core   0: 3 0x8000dd24 (0x00001f17) x30 0x8000ed24
core   0: 0x8000dd28 (0x2c3f2e23) sw      gp, 732(t5)
core   0: 3 0x8000dd28 (0x2c3f2e23) mem 0x8000f000 0x00000001
core   0: 0x8000dd2c (0xff9ff06f) j       pc - 0x8
core   0: 3 0x8000dd2c (0xff9ff06f)
core   0: 0x8000dd24 (0x00001f17) auipc   t5, 0x1
core   0: 3 0x8000dd24 (0x00001f17) x30 0x8000ed24
core   0: 0x8000dd28 (0x2c3f2e23) sw      gp, 732(t5)
core   0: 3 0x8000dd28 (0x2c3f2e23) mem 0x8000f000 0x00000001
core   0: 0x8000dd2c (0xff9ff06f) j       pc - 0x8
core   0: 3 0x8000dd2c (0xff9ff06f)
core   0: 0x8000dd24 (0x00001f17) auipc   t5, 0x1
core   0: 3 0x8000dd24 (0x00001f17) x30 0x8000ed24
core   0: 0x8000dd28 (0x2c3f2e23) sw      gp, 732(t5)
core   0: 3 0x8000dd28 (0x2c3f2e23) mem 0x8000f000 0x00000001
core   0: 0x8000dd2c (0xff9ff06f) j       pc - 0x8
core   0: 3 0x8000dd2c (0xff9ff06f)
core   0: 0x8000dd24 (0x00001f17) auipc   t5, 0x1
core   0: 3 0x8000dd24 (0x00001f17) x30 0x8000ed24
core   0: 0x8000dd28 (0x2c3f2e23) sw      gp, 732(t5)
core   0: 3 0x8000dd28 (0x2c3f2e23) mem 0x8000f000 0x00000001
core   0: 0x8000dd2c (0xff9ff06f) j       pc - 0x8
core   0: 3 0x8000dd2c (0xff9ff06f)
core   0: 0x8000dd24 (0x00001f17) auipc   t5, 0x1
core   0: 3 0x8000dd24 (0x00001f17) x30 0x8000ed24
core   0: 0x8000dd28 (0x2c3f2e23) sw      gp, 732(t5)
core   0: 3 0x8000dd28 (0x2c3f2e23) mem 0x8000f000 0x00000001
core   0: 0x8000dd2c (0xff9ff06f) j       pc - 0x8
core   0: 3 0x8000dd2c (0xff9ff06f)
core   0: 0x8000dd24 (0x00001f17) auipc   t5, 0x1
core   0: 3 0x8000dd24 (0x00001f17) x30 0x8000ed24
core   0: 0x8000dd28 (0x2c3f2e23) sw      gp, 732(t5)
core   0: 3 0x8000dd28 (0x2c3f2e23) mem 0x8000f000 0x00000001
core   0: 0x8000dd2c (0xff9ff06f) j       pc - 0x8
core   0: 3 0x8000dd2c (0xff9ff06f)
core   0: 0x8000dd24 (0x00001f17) auipc   t5, 0x1
core   0: 3 0x8000dd24 (0x00001f17) x30 0x8000ed24
core   0: 0x8000dd28 (0x2c3f2e23) sw      gp, 732(t5)
core   0: 3 0x8000dd28 (0x2c3f2e23) mem 0x8000f000 0x00000001
core   0: 0x8000dd2c (0xff9ff06f) j       pc - 0x8
core   0: 3 0x8000dd2c (0xff9ff06f)
core   0: 0x8000dd24 (0x00001f17) auipc   t5, 0x1
core   0: 3 0x8000dd24 (0x00001f17) x30 0x8000ed24
core   0: 0x8000dd28 (0x2c3f2e23) sw      gp, 732(t5)
core   0: 3 0x8000dd28 (0x2c3f2e23) mem 0x8000f000 0x00000001
core   0: 0x8000dd2c (0xff9ff06f) j       pc - 0x8
core   0: 3 0x8000dd2c (0xff9ff06f)
core   0: 0x8000dd24 (0x00001f17) auipc   t5, 0x1
core   0: 3 0x8000dd24 (0x00001f17) x30 0x8000ed24
core   0: 0x8000dd28 (0x2c3f2e23) sw      gp, 732(t5)
core   0: 3 0x8000dd28 (0x2c3f2e23) mem 0x8000f000 0x00000001
core   0: 0x8000dd2c (0xff9ff06f) j       pc - 0x8
core   0: 3 0x8000dd2c (0xff9ff06f)
core   0: 0x8000dd24 (0x00001f17) auipc   t5, 0x1
core   0: 3 0x8000dd24 (0x00001f17) x30 0x8000ed24
core   0: 0x8000dd28 (0x2c3f2e23) sw      gp, 732(t5)
core   0: 3 0x8000dd28 (0x2c3f2e23) mem 0x8000f000 0x00000001
core   0: 0x8000dd2c (0xff9ff06f) j       pc - 0x8
core   0: 3 0x8000dd2c (0xff9ff06f)
core   0: 0x8000dd24 (0x00001f17) auipc   t5, 0x1
core   0: 3 0x8000dd24 (0x00001f17) x30 0x8000ed24
core   0: 0x8000dd28 (0x2c3f2e23) sw      gp, 732(t5)
core   0: 3 0x8000dd28 (0x2c3f2e23) mem 0x8000f000 0x00000001
core   0: 0x8000dd2c (0xff9ff06f) j       pc - 0x8
core   0: 3 0x8000dd2c (0xff9ff06f)
core   0: 0x8000dd24 (0x00001f17) auipc   t5, 0x1
core   0: 3 0x8000dd24 (0x00001f17) x30 0x8000ed24
core   0: 0x8000dd28 (0x2c3f2e23) sw      gp, 732(t5)
core   0: 3 0x8000dd28 (0x2c3f2e23) mem 0x8000f000 0x00000001
core   0: 0x8000dd2c (0xff9ff06f) j       pc - 0x8
core   0: 3 0x8000dd2c (0xff9ff06f)
core   0: 0x8000dd24 (0x00001f17) auipc   t5, 0x1
core   0: 3 0x8000dd24 (0x00001f17) x30 0x8000ed24
core   0: 0x8000dd28 (0x2c3f2e23) sw      gp, 732(t5)
core   0: 3 0x8000dd28 (0x2c3f2e23) mem 0x8000f000 0x00000001
core   0: 0x8000dd2c (0xff9ff06f) j       pc - 0x8
core   0: 3 0x8000dd2c (0xff9ff06f)
core   0: 0x8000dd24 (0x00001f17) auipc   t5, 0x1
core   0: 3 0x8000dd24 (0x00001f17) x30 0x8000ed24
core   0: 0x8000dd28 (0x2c3f2e23) sw      gp, 732(t5)
core   0: 3 0x8000dd28 (0x2c3f2e23) mem 0x8000f000 0x00000001
core   0: 0x8000dd2c (0xff9ff06f) j       pc - 0x8
core   0: 3 0x8000dd2c (0xff9ff06f)
core   0: 0x8000dd24 (0x00001f17) auipc   t5, 0x1
core   0: 3 0x8000dd24 (0x00001f17) x30 0x8000ed24
core   0: 0x8000dd28 (0x2c3f2e23) sw      gp, 732(t5)
core   0: 3 0x8000dd28 (0x2c3f2e23) mem 0x8000f000 0x00000001
core   0: 0x8000dd2c (0xff9ff06f) j       pc - 0x8
core   0: 3 0x8000dd2c (0xff9ff06f)
core   0: 0x8000dd24 (0x00001f17) auipc   t5, 0x1
core   0: 3 0x8000dd24 (0x00001f17) x30 0x8000ed24
core   0: 0x8000dd28 (0x2c3f2e23) sw      gp, 732(t5)
core   0: 3 0x8000dd28 (0x2c3f2e23) mem 0x8000f000 0x00000001
core   0: 0x8000dd2c (0xff9ff06f) j       pc - 0x8
core   0: 3 0x8000dd2c (0xff9ff06f)
core   0: 0x8000dd24 (0x00001f17) auipc   t5, 0x1
core   0: 3 0x8000dd24 (0x00001f17) x30 0x8000ed24
core   0: 0x8000dd28 (0x2c3f2e23) sw      gp, 732(t5)
core   0: 3 0x8000dd28 (0x2c3f2e23) mem 0x8000f000 0x00000001
core   0: 0x8000dd2c (0xff9ff06f) j       pc - 0x8
core   0: 3 0x8000dd2c (0xff9ff06f)
core   0: 0x8000dd24 (0x00001f17) auipc   t5, 0x1
core   0: 3 0x8000dd24 (0x00001f17) x30 0x8000ed24
core   0: 0x8000dd28 (0x2c3f2e23) sw      gp, 732(t5)
core   0: 3 0x8000dd28 (0x2c3f2e23) mem 0x8000f000 0x00000001
core   0: 0x8000dd2c (0xff9ff06f) j       pc - 0x8
core   0: 3 0x8000dd2c (0xff9ff06f)
core   0: 0x8000dd24 (0x00001f17) auipc   t5, 0x1
core   0: 3 0x8000dd24 (0x00001f17) x30 0x8000ed24
core   0: 0x8000dd28 (0x2c3f2e23) sw      gp, 732(t5)
core   0: 3 0x8000dd28 (0x2c3f2e23) mem 0x8000f000 0x00000001
core   0: 0x8000dd2c (0xff9ff06f) j       pc - 0x8
core   0: 3 0x8000dd2c (0xff9ff06f)
core   0: 0x8000dd24 (0x00001f17) auipc   t5, 0x1
core   0: 3 0x8000dd24 (0x00001f17) x30 0x8000ed24
core   0: 0x8000dd28 (0x2c3f2e23) sw      gp, 732(t5)
core   0: 3 0x8000dd28 (0x2c3f2e23) mem 0x8000f000 0x00000001
core   0: 0x8000dd2c (0xff9ff06f) j       pc - 0x8
core   0: 3 0x8000dd2c (0xff9ff06f)
core   0: 0x8000dd24 (0x00001f17) auipc   t5, 0x1
core   0: 3 0x8000dd24 (0x00001f17) x30 0x8000ed24
core   0: 0x8000dd28 (0x2c3f2e23) sw      gp, 732(t5)
core   0: 3 0x8000dd28 (0x2c3f2e23) mem 0x8000f000 0x00000001
core   0: 0x8000dd2c (0xff9ff06f) j       pc - 0x8
core   0: 3 0x8000dd2c (0xff9ff06f)
core   0: 0x8000dd24 (0x00001f17) auipc   t5, 0x1
core   0: 3 0x8000dd24 (0x00001f17) x30 0x8000ed24
core   0: 0x8000dd28 (0x2c3f2e23) sw      gp, 732(t5)
core   0: 3 0x8000dd28 (0x2c3f2e23) mem 0x8000f000 0x00000001
core   0: 0x8000dd2c (0xff9ff06f) j       pc - 0x8
core   0: 3 0x8000dd2c (0xff9ff06f)
core   0: 0x8000dd24 (0x00001f17) auipc   t5, 0x1
core   0: 3 0x8000dd24 (0x00001f17) x30 0x8000ed24
core   0: 0x8000dd28 (0x2c3f2e23) sw      gp, 732(t5)
core   0: 3 0x8000dd28 (0x2c3f2e23) mem 0x8000f000 0x00000001
core   0: 0x8000dd2c (0xff9ff06f) j       pc - 0x8
core   0: 3 0x8000dd2c (0xff9ff06f)
core   0: 0x8000dd24 (0x00001f17) auipc   t5, 0x1
core   0: 3 0x8000dd24 (0x00001f17) x30 0x8000ed24
core   0: 0x8000dd28 (0x2c3f2e23) sw      gp, 732(t5)
core   0: 3 0x8000dd28 (0x2c3f2e23) mem 0x8000f000 0x00000001
core   0: 0x8000dd2c (0xff9ff06f) j       pc - 0x8
core   0: 3 0x8000dd2c (0xff9ff06f)
core   0: 0x8000dd24 (0x00001f17) auipc   t5, 0x1
core   0: 3 0x8000dd24 (0x00001f17) x30 0x8000ed24
core   0: 0x8000dd28 (0x2c3f2e23) sw      gp, 732(t5)
core   0: 3 0x8000dd28 (0x2c3f2e23) mem 0x8000f000 0x00000001
core   0: 0x8000dd2c (0xff9ff06f) j       pc - 0x8
core   0: 3 0x8000dd2c (0xff9ff06f)
core   0: 0x8000dd24 (0x00001f17) auipc   t5, 0x1
core   0: 3 0x8000dd24 (0x00001f17) x30 0x8000ed24
core   0: 0x8000dd28 (0x2c3f2e23) sw      gp, 732(t5)
core   0: 3 0x8000dd28 (0x2c3f2e23) mem 0x8000f000 0x00000001
core   0: 0x8000dd2c (0xff9ff06f) j       pc - 0x8
core   0: 3 0x8000dd2c (0xff9ff06f)
core   0: 0x8000dd24 (0x00001f17) auipc   t5, 0x1
core   0: 3 0x8000dd24 (0x00001f17) x30 0x8000ed24
core   0: 0x8000dd28 (0x2c3f2e23) sw      gp, 732(t5)
core   0: 3 0x8000dd28 (0x2c3f2e23) mem 0x8000f000 0x00000001
core   0: 0x8000dd2c (0xff9ff06f) j       pc - 0x8
core   0: 3 0x8000dd2c (0xff9ff06f)
core   0: 0x8000dd24 (0x00001f17) auipc   t5, 0x1
core   0: 3 0x8000dd24 (0x00001f17) x30 0x8000ed24
core   0: 0x8000dd28 (0x2c3f2e23) sw      gp, 732(t5)
core   0: 3 0x8000dd28 (0x2c3f2e23) mem 0x8000f000 0x00000001
core   0: 0x8000dd2c (0xff9ff06f) j       pc - 0x8
core   0: 3 0x8000dd2c (0xff9ff06f)
core   0: 0x8000dd24 (0x00001f17) auipc   t5, 0x1
core   0: 3 0x8000dd24 (0x00001f17) x30 0x8000ed24
core   0: 0x8000dd28 (0x2c3f2e23) sw      gp, 732(t5)
core   0: 3 0x8000dd28 (0x2c3f2e23) mem 0x8000f000 0x00000001
core   0: 0x8000dd2c (0xff9ff06f) j       pc - 0x8
core   0: 3 0x8000dd2c (0xff9ff06f)
core   0: 0x8000dd24 (0x00001f17) auipc   t5, 0x1
core   0: 3 0x8000dd24 (0x00001f17) x30 0x8000ed24
core   0: 0x8000dd28 (0x2c3f2e23) sw      gp, 732(t5)
core   0: 3 0x8000dd28 (0x2c3f2e23) mem 0x8000f000 0x00000001
core   0: 0x8000dd2c (0xff9ff06f) j       pc - 0x8
core   0: 3 0x8000dd2c (0xff9ff06f)
core   0: 0x8000dd24 (0x00001f17) auipc   t5, 0x1
core   0: 3 0x8000dd24 (0x00001f17) x30 0x8000ed24
core   0: 0x8000dd28 (0x2c3f2e23) sw      gp, 732(t5)
core   0: 3 0x8000dd28 (0x2c3f2e23) mem 0x8000f000 0x00000001
core   0: 0x8000dd2c (0xff9ff06f) j       pc - 0x8
core   0: 3 0x8000dd2c (0xff9ff06f)
core   0: 0x8000dd24 (0x00001f17) auipc   t5, 0x1
core   0: 3 0x8000dd24 (0x00001f17) x30 0x8000ed24
core   0: 0x8000dd28 (0x2c3f2e23) sw      gp, 732(t5)
core   0: 3 0x8000dd28 (0x2c3f2e23) mem 0x8000f000 0x00000001
core   0: 0x8000dd2c (0xff9ff06f) j       pc - 0x8
core   0: 3 0x8000dd2c (0xff9ff06f)
core   0: 0x8000dd24 (0x00001f17) auipc   t5, 0x1
core   0: 3 0x8000dd24 (0x00001f17) x30 0x8000ed24
core   0: 0x8000dd28 (0x2c3f2e23) sw      gp, 732(t5)
core   0: 3 0x8000dd28 (0x2c3f2e23) mem 0x8000f000 0x00000001
core   0: 0x8000dd2c (0xff9ff06f) j       pc - 0x8
core   0: 3 0x8000dd2c (0xff9ff06f)
core   0: 0x8000dd24 (0x00001f17) auipc   t5, 0x1
core   0: 3 0x8000dd24 (0x00001f17) x30 0x8000ed24
core   0: 0x8000dd28 (0x2c3f2e23) sw      gp, 732(t5)
core   0: 3 0x8000dd28 (0x2c3f2e23) mem 0x8000f000 0x00000001
core   0: 0x8000dd2c (0xff9ff06f) j       pc - 0x8
core   0: 3 0x8000dd2c (0xff9ff06f)
core   0: 0x8000dd24 (0x00001f17) auipc   t5, 0x1
core   0: 3 0x8000dd24 (0x00001f17) x30 0x8000ed24
core   0: 0x8000dd28 (0x2c3f2e23) sw      gp, 732(t5)
core   0: 3 0x8000dd28 (0x2c3f2e23) mem 0x8000f000 0x00000001
core   0: 0x8000dd2c (0xff9ff06f) j       pc - 0x8
core   0: 3 0x8000dd2c (0xff9ff06f)
core   0: 0x8000dd24 (0x00001f17) auipc   t5, 0x1
core   0: 3 0x8000dd24 (0x00001f17) x30 0x8000ed24
core   0: 0x8000dd28 (0x2c3f2e23) sw      gp, 732(t5)
core   0: 3 0x8000dd28 (0x2c3f2e23) mem 0x8000f000 0x00000001
core   0: 0x8000dd2c (0xff9ff06f) j       pc - 0x8
core   0: 3 0x8000dd2c (0xff9ff06f)
core   0: 0x8000dd24 (0x00001f17) auipc   t5, 0x1
core   0: 3 0x8000dd24 (0x00001f17) x30 0x8000ed24
core   0: 0x8000dd28 (0x2c3f2e23) sw      gp, 732(t5)
core   0: 3 0x8000dd28 (0x2c3f2e23) mem 0x8000f000 0x00000001
core   0: 0x8000dd2c (0xff9ff06f) j       pc - 0x8
core   0: 3 0x8000dd2c (0xff9ff06f)
core   0: 0x8000dd24 (0x00001f17) auipc   t5, 0x1
core   0: 3 0x8000dd24 (0x00001f17) x30 0x8000ed24
core   0: 0x8000dd28 (0x2c3f2e23) sw      gp, 732(t5)
core   0: 3 0x8000dd28 (0x2c3f2e23) mem 0x8000f000 0x00000001
core   0: 0x8000dd2c (0xff9ff06f) j       pc - 0x8
core   0: 3 0x8000dd2c (0xff9ff06f)
core   0: 0x8000dd24 (0x00001f17) auipc   t5, 0x1
core   0: 3 0x8000dd24 (0x00001f17) x30 0x8000ed24
core   0: 0x8000dd28 (0x2c3f2e23) sw      gp, 732(t5)
core   0: 3 0x8000dd28 (0x2c3f2e23) mem 0x8000f000 0x00000001
core   0: 0x8000dd2c (0xff9ff06f) j       pc - 0x8
core   0: 3 0x8000dd2c (0xff9ff06f)
core   0: 0x8000dd24 (0x00001f17) auipc   t5, 0x1
core   0: 3 0x8000dd24 (0x00001f17) x30 0x8000ed24
core   0: 0x8000dd28 (0x2c3f2e23) sw      gp, 732(t5)
core   0: 3 0x8000dd28 (0x2c3f2e23) mem 0x8000f000 0x00000001
core   0: 0x8000dd2c (0xff9ff06f) j       pc - 0x8
core   0: 3 0x8000dd2c (0xff9ff06f)
core   0: 0x8000dd24 (0x00001f17) auipc   t5, 0x1
core   0: 3 0x8000dd24 (0x00001f17) x30 0x8000ed24
core   0: 0x8000dd28 (0x2c3f2e23) sw      gp, 732(t5)
core   0: 3 0x8000dd28 (0x2c3f2e23) mem 0x8000f000 0x00000001
core   0: 0x8000dd2c (0xff9ff06f) j       pc - 0x8
core   0: 3 0x8000dd2c (0xff9ff06f)
core   0: 0x8000dd24 (0x00001f17) auipc   t5, 0x1
core   0: 3 0x8000dd24 (0x00001f17) x30 0x8000ed24
core   0: 0x8000dd28 (0x2c3f2e23) sw      gp, 732(t5)
core   0: 3 0x8000dd28 (0x2c3f2e23) mem 0x8000f000 0x00000001
core   0: 0x8000dd2c (0xff9ff06f) j       pc - 0x8
core   0: 3 0x8000dd2c (0xff9ff06f)
core   0: 0x8000dd24 (0x00001f17) auipc   t5, 0x1
core   0: 3 0x8000dd24 (0x00001f17) x30 0x8000ed24
core   0: 0x8000dd28 (0x2c3f2e23) sw      gp, 732(t5)
core   0: 3 0x8000dd28 (0x2c3f2e23) mem 0x8000f000 0x00000001
core   0: 0x8000dd2c (0xff9ff06f) j       pc - 0x8
core   0: 3 0x8000dd2c (0xff9ff06f)
core   0: 0x8000dd24 (0x00001f17) auipc   t5, 0x1
core   0: 3 0x8000dd24 (0x00001f17) x30 0x8000ed24
core   0: 0x8000dd28 (0x2c3f2e23) sw      gp, 732(t5)
core   0: 3 0x8000dd28 (0x2c3f2e23) mem 0x8000f000 0x00000001
core   0: 0x8000dd2c (0xff9ff06f) j       pc - 0x8
core   0: 3 0x8000dd2c (0xff9ff06f)
core   0: 0x8000dd24 (0x00001f17) auipc   t5, 0x1
core   0: 3 0x8000dd24 (0x00001f17) x30 0x8000ed24
core   0: 0x8000dd28 (0x2c3f2e23) sw      gp, 732(t5)
core   0: 3 0x8000dd28 (0x2c3f2e23) mem 0x8000f000 0x00000001
core   0: 0x8000dd2c (0xff9ff06f) j       pc - 0x8
core   0: 3 0x8000dd2c (0xff9ff06f)
core   0: 0x8000dd24 (0x00001f17) auipc   t5, 0x1
core   0: 3 0x8000dd24 (0x00001f17) x30 0x8000ed24
core   0: 0x8000dd28 (0x2c3f2e23) sw      gp, 732(t5)
core   0: 3 0x8000dd28 (0x2c3f2e23) mem 0x8000f000 0x00000001
core   0: 0x8000dd2c (0xff9ff06f) j       pc - 0x8
core   0: 3 0x8000dd2c (0xff9ff06f)
core   0: 0x8000dd24 (0x00001f17) auipc   t5, 0x1
core   0: 3 0x8000dd24 (0x00001f17) x30 0x8000ed24
core   0: 0x8000dd28 (0x2c3f2e23) sw      gp, 732(t5)
core   0: 3 0x8000dd28 (0x2c3f2e23) mem 0x8000f000 0x00000001
core   0: 0x8000dd2c (0xff9ff06f) j       pc - 0x8
core   0: 3 0x8000dd2c (0xff9ff06f)
core   0: 0x8000dd24 (0x00001f17) auipc   t5, 0x1
core   0: 3 0x8000dd24 (0x00001f17) x30 0x8000ed24
core   0: 0x8000dd28 (0x2c3f2e23) sw      gp, 732(t5)
core   0: 3 0x8000dd28 (0x2c3f2e23) mem 0x8000f000 0x00000001
core   0: 0x8000dd2c (0xff9ff06f) j       pc - 0x8
core   0: 3 0x8000dd2c (0xff9ff06f)
core   0: 0x8000dd24 (0x00001f17) auipc   t5, 0x1
core   0: 3 0x8000dd24 (0x00001f17) x30 0x8000ed24
core   0: 0x8000dd28 (0x2c3f2e23) sw      gp, 732(t5)
core   0: 3 0x8000dd28 (0x2c3f2e23) mem 0x8000f000 0x00000001
core   0: 0x8000dd2c (0xff9ff06f) j       pc - 0x8
core   0: 3 0x8000dd2c (0xff9ff06f)
core   0: 0x8000dd24 (0x00001f17) auipc   t5, 0x1
core   0: 3 0x8000dd24 (0x00001f17) x30 0x8000ed24
core   0: 0x8000dd28 (0x2c3f2e23) sw      gp, 732(t5)
core   0: 3 0x8000dd28 (0x2c3f2e23) mem 0x8000f000 0x00000001
core   0: 0x8000dd2c (0xff9ff06f) j       pc - 0x8
core   0: 3 0x8000dd2c (0xff9ff06f)
core   0: 0x8000dd24 (0x00001f17) auipc   t5, 0x1
core   0: 3 0x8000dd24 (0x00001f17) x30 0x8000ed24
core   0: 0x8000dd28 (0x2c3f2e23) sw      gp, 732(t5)
core   0: 3 0x8000dd28 (0x2c3f2e23) mem 0x8000f000 0x00000001
core   0: 0x8000dd2c (0xff9ff06f) j       pc - 0x8
core   0: 3 0x8000dd2c (0xff9ff06f)
core   0: 0x8000dd24 (0x00001f17) auipc   t5, 0x1
core   0: 3 0x8000dd24 (0x00001f17) x30 0x8000ed24
core   0: 0x8000dd28 (0x2c3f2e23) sw      gp, 732(t5)
core   0: 3 0x8000dd28 (0x2c3f2e23) mem 0x8000f000 0x00000001
core   0: 0x8000dd2c (0xff9ff06f) j       pc - 0x8
core   0: 3 0x8000dd2c (0xff9ff06f)
core   0: 0x8000dd24 (0x00001f17) auipc   t5, 0x1
core   0: 3 0x8000dd24 (0x00001f17) x30 0x8000ed24
core   0: 0x8000dd28 (0x2c3f2e23) sw      gp, 732(t5)
core   0: 3 0x8000dd28 (0x2c3f2e23) mem 0x8000f000 0x00000001
core   0: 0x8000dd2c (0xff9ff06f) j       pc - 0x8
core   0: 3 0x8000dd2c (0xff9ff06f)
core   0: 0x8000dd24 (0x00001f17) auipc   t5, 0x1
core   0: 3 0x8000dd24 (0x00001f17) x30 0x8000ed24
core   0: 0x8000dd28 (0x2c3f2e23) sw      gp, 732(t5)
core   0: 3 0x8000dd28 (0x2c3f2e23) mem 0x8000f000 0x00000001
core   0: 0x8000dd2c (0xff9ff06f) j       pc - 0x8
core   0: 3 0x8000dd2c (0xff9ff06f)
core   0: 0x8000dd24 (0x00001f17) auipc   t5, 0x1
core   0: 3 0x8000dd24 (0x00001f17) x30 0x8000ed24
core   0: 0x8000dd28 (0x2c3f2e23) sw      gp, 732(t5)
core   0: 3 0x8000dd28 (0x2c3f2e23) mem 0x8000f000 0x00000001
core   0: 0x8000dd2c (0xff9ff06f) j       pc - 0x8
core   0: 3 0x8000dd2c (0xff9ff06f)
core   0: 0x8000dd24 (0x00001f17) auipc   t5, 0x1
core   0: 3 0x8000dd24 (0x00001f17) x30 0x8000ed24
core   0: 0x8000dd28 (0x2c3f2e23) sw      gp, 732(t5)
core   0: 3 0x8000dd28 (0x2c3f2e23) mem 0x8000f000 0x00000001
core   0: 0x8000dd2c (0xff9ff06f) j       pc - 0x8
core   0: 3 0x8000dd2c (0xff9ff06f)
core   0: 0x8000dd24 (0x00001f17) auipc   t5, 0x1
core   0: 3 0x8000dd24 (0x00001f17) x30 0x8000ed24
core   0: 0x8000dd28 (0x2c3f2e23) sw      gp, 732(t5)
core   0: 3 0x8000dd28 (0x2c3f2e23) mem 0x8000f000 0x00000001
core   0: 0x8000dd2c (0xff9ff06f) j       pc - 0x8
core   0: 3 0x8000dd2c (0xff9ff06f)
core   0: 0x8000dd24 (0x00001f17) auipc   t5, 0x1
core   0: 3 0x8000dd24 (0x00001f17) x30 0x8000ed24
core   0: 0x8000dd28 (0x2c3f2e23) sw      gp, 732(t5)
core   0: 3 0x8000dd28 (0x2c3f2e23) mem 0x8000f000 0x00000001
core   0: 0x8000dd2c (0xff9ff06f) j       pc - 0x8
core   0: 3 0x8000dd2c (0xff9ff06f)
core   0: 0x8000dd24 (0x00001f17) auipc   t5, 0x1
core   0: 3 0x8000dd24 (0x00001f17) x30 0x8000ed24
core   0: 0x8000dd28 (0x2c3f2e23) sw      gp, 732(t5)
core   0: 3 0x8000dd28 (0x2c3f2e23) mem 0x8000f000 0x00000001
core   0: 0x8000dd2c (0xff9ff06f) j       pc - 0x8
core   0: 3 0x8000dd2c (0xff9ff06f)
core   0: 0x8000dd24 (0x00001f17) auipc   t5, 0x1
core   0: 3 0x8000dd24 (0x00001f17) x30 0x8000ed24
core   0: 0x8000dd28 (0x2c3f2e23) sw      gp, 732(t5)
core   0: 3 0x8000dd28 (0x2c3f2e23) mem 0x8000f000 0x00000001
core   0: 0x8000dd2c (0xff9ff06f) j       pc - 0x8
core   0: 3 0x8000dd2c (0xff9ff06f)
core   0: 0x8000dd24 (0x00001f17) auipc   t5, 0x1
core   0: 3 0x8000dd24 (0x00001f17) x30 0x8000ed24
core   0: 0x8000dd28 (0x2c3f2e23) sw      gp, 732(t5)
core   0: 3 0x8000dd28 (0x2c3f2e23) mem 0x8000f000 0x00000001
core   0: 0x8000dd2c (0xff9ff06f) j       pc - 0x8
core   0: 3 0x8000dd2c (0xff9ff06f)
core   0: 0x8000dd24 (0x00001f17) auipc   t5, 0x1
core   0: 3 0x8000dd24 (0x00001f17) x30 0x8000ed24
core   0: 0x8000dd28 (0x2c3f2e23) sw      gp, 732(t5)
core   0: 3 0x8000dd28 (0x2c3f2e23) mem 0x8000f000 0x00000001
core   0: 0x8000dd2c (0xff9ff06f) j       pc - 0x8
core   0: 3 0x8000dd2c (0xff9ff06f)
core   0: 0x8000dd24 (0x00001f17) auipc   t5, 0x1
core   0: 3 0x8000dd24 (0x00001f17) x30 0x8000ed24
core   0: 0x8000dd28 (0x2c3f2e23) sw      gp, 732(t5)
core   0: 3 0x8000dd28 (0x2c3f2e23) mem 0x8000f000 0x00000001
core   0: 0x8000dd2c (0xff9ff06f) j       pc - 0x8
core   0: 3 0x8000dd2c (0xff9ff06f)
core   0: 0x8000dd24 (0x00001f17) auipc   t5, 0x1
core   0: 3 0x8000dd24 (0x00001f17) x30 0x8000ed24
core   0: 0x8000dd28 (0x2c3f2e23) sw      gp, 732(t5)
core   0: 3 0x8000dd28 (0x2c3f2e23) mem 0x8000f000 0x00000001
core   0: 0x8000dd2c (0xff9ff06f) j       pc - 0x8
core   0: 3 0x8000dd2c (0xff9ff06f)
core   0: 0x8000dd24 (0x00001f17) auipc   t5, 0x1
core   0: 3 0x8000dd24 (0x00001f17) x30 0x8000ed24
core   0: 0x8000dd28 (0x2c3f2e23) sw      gp, 732(t5)
core   0: 3 0x8000dd28 (0x2c3f2e23) mem 0x8000f000 0x00000001
core   0: 0x8000dd2c (0xff9ff06f) j       pc - 0x8
core   0: 3 0x8000dd2c (0xff9ff06f)
core   0: 0x8000dd24 (0x00001f17) auipc   t5, 0x1
core   0: 3 0x8000dd24 (0x00001f17) x30 0x8000ed24
core   0: 0x8000dd28 (0x2c3f2e23) sw      gp, 732(t5)
core   0: 3 0x8000dd28 (0x2c3f2e23) mem 0x8000f000 0x00000001
core   0: 0x8000dd2c (0xff9ff06f) j       pc - 0x8
core   0: 3 0x8000dd2c (0xff9ff06f)
core   0: 0x8000dd24 (0x00001f17) auipc   t5, 0x1
core   0: 3 0x8000dd24 (0x00001f17) x30 0x8000ed24
core   0: 0x8000dd28 (0x2c3f2e23) sw      gp, 732(t5)
core   0: 3 0x8000dd28 (0x2c3f2e23) mem 0x8000f000 0x00000001
core   0: 0x8000dd2c (0xff9ff06f) j       pc - 0x8
core   0: 3 0x8000dd2c (0xff9ff06f)
core   0: 0x8000dd24 (0x00001f17) auipc   t5, 0x1
core   0: 3 0x8000dd24 (0x00001f17) x30 0x8000ed24
core   0: 0x8000dd28 (0x2c3f2e23) sw      gp, 732(t5)
core   0: 3 0x8000dd28 (0x2c3f2e23) mem 0x8000f000 0x00000001
core   0: 0x8000dd2c (0xff9ff06f) j       pc - 0x8
core   0: 3 0x8000dd2c (0xff9ff06f)
core   0: 0x8000dd24 (0x00001f17) auipc   t5, 0x1
core   0: 3 0x8000dd24 (0x00001f17) x30 0x8000ed24
core   0: 0x8000dd28 (0x2c3f2e23) sw      gp, 732(t5)
core   0: 3 0x8000dd28 (0x2c3f2e23) mem 0x8000f000 0x00000001
core   0: 0x8000dd2c (0xff9ff06f) j       pc - 0x8
core   0: 3 0x8000dd2c (0xff9ff06f)
core   0: 0x8000dd24 (0x00001f17) auipc   t5, 0x1
core   0: 3 0x8000dd24 (0x00001f17) x30 0x8000ed24
core   0: 0x8000dd28 (0x2c3f2e23) sw      gp, 732(t5)
core   0: 3 0x8000dd28 (0x2c3f2e23) mem 0x8000f000 0x00000001
core   0: 0x8000dd2c (0xff9ff06f) j       pc - 0x8
core   0: 3 0x8000dd2c (0xff9ff06f)
core   0: 0x8000dd24 (0x00001f17) auipc   t5, 0x1
core   0: 3 0x8000dd24 (0x00001f17) x30 0x8000ed24
core   0: 0x8000dd28 (0x2c3f2e23) sw      gp, 732(t5)
core   0: 3 0x8000dd28 (0x2c3f2e23) mem 0x8000f000 0x00000001
core   0: 0x8000dd2c (0xff9ff06f) j       pc - 0x8
core   0: 3 0x8000dd2c (0xff9ff06f)
core   0: 0x8000dd24 (0x00001f17) auipc   t5, 0x1
core   0: 3 0x8000dd24 (0x00001f17) x30 0x8000ed24
core   0: 0x8000dd28 (0x2c3f2e23) sw      gp, 732(t5)
core   0: 3 0x8000dd28 (0x2c3f2e23) mem 0x8000f000 0x00000001
core   0: 0x8000dd2c (0xff9ff06f) j       pc - 0x8
core   0: 3 0x8000dd2c (0xff9ff06f)
core   0: 0x8000dd24 (0x00001f17) auipc   t5, 0x1
core   0: 3 0x8000dd24 (0x00001f17) x30 0x8000ed24
core   0: 0x8000dd28 (0x2c3f2e23) sw      gp, 732(t5)
core   0: 3 0x8000dd28 (0x2c3f2e23) mem 0x8000f000 0x00000001
core   0: 0x8000dd2c (0xff9ff06f) j       pc - 0x8
core   0: 3 0x8000dd2c (0xff9ff06f)
core   0: 0x8000dd24 (0x00001f17) auipc   t5, 0x1
core   0: 3 0x8000dd24 (0x00001f17) x30 0x8000ed24
core   0: 0x8000dd28 (0x2c3f2e23) sw      gp, 732(t5)
core   0: 3 0x8000dd28 (0x2c3f2e23) mem 0x8000f000 0x00000001
core   0: 0x8000dd2c (0xff9ff06f) j       pc - 0x8
core   0: 3 0x8000dd2c (0xff9ff06f)
core   0: 0x8000dd24 (0x00001f17) auipc   t5, 0x1
core   0: 3 0x8000dd24 (0x00001f17) x30 0x8000ed24
core   0: 0x8000dd28 (0x2c3f2e23) sw      gp, 732(t5)
core   0: 3 0x8000dd28 (0x2c3f2e23) mem 0x8000f000 0x00000001
core   0: 0x8000dd2c (0xff9ff06f) j       pc - 0x8
core   0: 3 0x8000dd2c (0xff9ff06f)
core   0: 0x8000dd24 (0x00001f17) auipc   t5, 0x1
core   0: 3 0x8000dd24 (0x00001f17) x30 0x8000ed24
core   0: 0x8000dd28 (0x2c3f2e23) sw      gp, 732(t5)
core   0: 3 0x8000dd28 (0x2c3f2e23) mem 0x8000f000 0x00000001
core   0: 0x8000dd2c (0xff9ff06f) j       pc - 0x8
core   0: 3 0x8000dd2c (0xff9ff06f)
core   0: 0x8000dd24 (0x00001f17) auipc   t5, 0x1
core   0: 3 0x8000dd24 (0x00001f17) x30 0x8000ed24
core   0: 0x8000dd28 (0x2c3f2e23) sw      gp, 732(t5)
core   0: 3 0x8000dd28 (0x2c3f2e23) mem 0x8000f000 0x00000001
core   0: 0x8000dd2c (0xff9ff06f) j       pc - 0x8
core   0: 3 0x8000dd2c (0xff9ff06f)
core   0: 0x8000dd24 (0x00001f17) auipc   t5, 0x1
core   0: 3 0x8000dd24 (0x00001f17) x30 0x8000ed24
core   0: 0x8000dd28 (0x2c3f2e23) sw      gp, 732(t5)
core   0: 3 0x8000dd28 (0x2c3f2e23) mem 0x8000f000 0x00000001
core   0: 0x8000dd2c (0xff9ff06f) j       pc - 0x8
core   0: 3 0x8000dd2c (0xff9ff06f)
core   0: 0x8000dd24 (0x00001f17) auipc   t5, 0x1
core   0: 3 0x8000dd24 (0x00001f17) x30 0x8000ed24
core   0: 0x8000dd28 (0x2c3f2e23) sw      gp, 732(t5)
core   0: 3 0x8000dd28 (0x2c3f2e23) mem 0x8000f000 0x00000001
core   0: 0x8000dd2c (0xff9ff06f) j       pc - 0x8
core   0: 3 0x8000dd2c (0xff9ff06f)
core   0: 0x8000dd24 (0x00001f17) auipc   t5, 0x1
core   0: 3 0x8000dd24 (0x00001f17) x30 0x8000ed24
core   0: 0x8000dd28 (0x2c3f2e23) sw      gp, 732(t5)
core   0: 3 0x8000dd28 (0x2c3f2e23) mem 0x8000f000 0x00000001
core   0: 0x8000dd2c (0xff9ff06f) j       pc - 0x8
core   0: 3 0x8000dd2c (0xff9ff06f)
core   0: 0x8000dd24 (0x00001f17) auipc   t5, 0x1
core   0: 3 0x8000dd24 (0x00001f17) x30 0x8000ed24
core   0: 0x8000dd28 (0x2c3f2e23) sw      gp, 732(t5)
core   0: 3 0x8000dd28 (0x2c3f2e23) mem 0x8000f000 0x00000001
core   0: 0x8000dd2c (0xff9ff06f) j       pc - 0x8
core   0: 3 0x8000dd2c (0xff9ff06f)
core   0: 0x8000dd24 (0x00001f17) auipc   t5, 0x1
core   0: 3 0x8000dd24 (0x00001f17) x30 0x8000ed24
core   0: 0x8000dd28 (0x2c3f2e23) sw      gp, 732(t5)
core   0: 3 0x8000dd28 (0x2c3f2e23) mem 0x8000f000 0x00000001
core   0: 0x8000dd2c (0xff9ff06f) j       pc - 0x8
core   0: 3 0x8000dd2c (0xff9ff06f)
core   0: 0x8000dd24 (0x00001f17) auipc   t5, 0x1
core   0: 3 0x8000dd24 (0x00001f17) x30 0x8000ed24
core   0: 0x8000dd28 (0x2c3f2e23) sw      gp, 732(t5)
core   0: 3 0x8000dd28 (0x2c3f2e23) mem 0x8000f000 0x00000001
core   0: 0x8000dd2c (0xff9ff06f) j       pc - 0x8
core   0: 3 0x8000dd2c (0xff9ff06f)
core   0: 0x8000dd24 (0x00001f17) auipc   t5, 0x1
core   0: 3 0x8000dd24 (0x00001f17) x30 0x8000ed24
core   0: 0x8000dd28 (0x2c3f2e23) sw      gp, 732(t5)
core   0: 3 0x8000dd28 (0x2c3f2e23) mem 0x8000f000 0x00000001
core   0: 0x8000dd2c (0xff9ff06f) j       pc - 0x8
core   0: 3 0x8000dd2c (0xff9ff06f)
core   0: 0x8000dd24 (0x00001f17) auipc   t5, 0x1
core   0: 3 0x8000dd24 (0x00001f17) x30 0x8000ed24
core   0: 0x8000dd28 (0x2c3f2e23) sw      gp, 732(t5)
core   0: 3 0x8000dd28 (0x2c3f2e23) mem 0x8000f000 0x00000001
core   0: 0x8000dd2c (0xff9ff06f) j       pc - 0x8
core   0: 3 0x8000dd2c (0xff9ff06f)
core   0: 0x8000dd24 (0x00001f17) auipc   t5, 0x1
core   0: 3 0x8000dd24 (0x00001f17) x30 0x8000ed24
core   0: 0x8000dd28 (0x2c3f2e23) sw      gp, 732(t5)
core   0: 3 0x8000dd28 (0x2c3f2e23) mem 0x8000f000 0x00000001
core   0: 0x8000dd2c (0xff9ff06f) j       pc - 0x8
core   0: 3 0x8000dd2c (0xff9ff06f)
core   0: 0x8000dd24 (0x00001f17) auipc   t5, 0x1
core   0: 3 0x8000dd24 (0x00001f17) x30 0x8000ed24
core   0: 0x8000dd28 (0x2c3f2e23) sw      gp, 732(t5)
core   0: 3 0x8000dd28 (0x2c3f2e23) mem 0x8000f000 0x00000001
core   0: 0x8000dd2c (0xff9ff06f) j       pc - 0x8
core   0: 3 0x8000dd2c (0xff9ff06f)
core   0: 0x8000dd24 (0x00001f17) auipc   t5, 0x1
core   0: 3 0x8000dd24 (0x00001f17) x30 0x8000ed24
core   0: 0x8000dd28 (0x2c3f2e23) sw      gp, 732(t5)
core   0: 3 0x8000dd28 (0x2c3f2e23) mem 0x8000f000 0x00000001
core   0: 0x8000dd2c (0xff9ff06f) j       pc - 0x8
core   0: 3 0x8000dd2c (0xff9ff06f)
core   0: 0x8000dd24 (0x00001f17) auipc   t5, 0x1
core   0: 3 0x8000dd24 (0x00001f17) x30 0x8000ed24
core   0: 0x8000dd28 (0x2c3f2e23) sw      gp, 732(t5)
core   0: 3 0x8000dd28 (0x2c3f2e23) mem 0x8000f000 0x00000001
core   0: 0x8000dd2c (0xff9ff06f) j       pc - 0x8
core   0: 3 0x8000dd2c (0xff9ff06f)
core   0: 0x8000dd24 (0x00001f17) auipc   t5, 0x1
core   0: 3 0x8000dd24 (0x00001f17) x30 0x8000ed24
core   0: 0x8000dd28 (0x2c3f2e23) sw      gp, 732(t5)
core   0: 3 0x8000dd28 (0x2c3f2e23) mem 0x8000f000 0x00000001
core   0: 0x8000dd2c (0xff9ff06f) j       pc - 0x8
core   0: 3 0x8000dd2c (0xff9ff06f)
core   0: 0x8000dd24 (0x00001f17) auipc   t5, 0x1
core   0: 3 0x8000dd24 (0x00001f17) x30 0x8000ed24
core   0: 0x8000dd28 (0x2c3f2e23) sw      gp, 732(t5)
core   0: 3 0x8000dd28 (0x2c3f2e23) mem 0x8000f000 0x00000001
core   0: 0x8000dd2c (0xff9ff06f) j       pc - 0x8
core   0: 3 0x8000dd2c (0xff9ff06f)
core   0: 0x8000dd24 (0x00001f17) auipc   t5, 0x1
core   0: 3 0x8000dd24 (0x00001f17) x30 0x8000ed24
core   0: 0x8000dd28 (0x2c3f2e23) sw      gp, 732(t5)
core   0: 3 0x8000dd28 (0x2c3f2e23) mem 0x8000f000 0x00000001
core   0: 0x8000dd2c (0xff9ff06f) j       pc - 0x8
core   0: 3 0x8000dd2c (0xff9ff06f)
core   0: 0x8000dd24 (0x00001f17) auipc   t5, 0x1
core   0: 3 0x8000dd24 (0x00001f17) x30 0x8000ed24
core   0: 0x8000dd28 (0x2c3f2e23) sw      gp, 732(t5)
core   0: 3 0x8000dd28 (0x2c3f2e23) mem 0x8000f000 0x00000001
core   0: 0x8000dd2c (0xff9ff06f) j       pc - 0x8
core   0: 3 0x8000dd2c (0xff9ff06f)
core   0: 0x8000dd24 (0x00001f17) auipc   t5, 0x1
core   0: 3 0x8000dd24 (0x00001f17) x30 0x8000ed24
core   0: 0x8000dd28 (0x2c3f2e23) sw      gp, 732(t5)
core   0: 3 0x8000dd28 (0x2c3f2e23) mem 0x8000f000 0x00000001
core   0: 0x8000dd2c (0xff9ff06f) j       pc - 0x8
core   0: 3 0x8000dd2c (0xff9ff06f)
core   0: 0x8000dd24 (0x00001f17) auipc   t5, 0x1
core   0: 3 0x8000dd24 (0x00001f17) x30 0x8000ed24
core   0: 0x8000dd28 (0x2c3f2e23) sw      gp, 732(t5)
core   0: 3 0x8000dd28 (0x2c3f2e23) mem 0x8000f000 0x00000001
core   0: 0x8000dd2c (0xff9ff06f) j       pc - 0x8
core   0: 3 0x8000dd2c (0xff9ff06f)
core   0: 0x8000dd24 (0x00001f17) auipc   t5, 0x1
core   0: 3 0x8000dd24 (0x00001f17) x30 0x8000ed24
core   0: 0x8000dd28 (0x2c3f2e23) sw      gp, 732(t5)
core   0: 3 0x8000dd28 (0x2c3f2e23) mem 0x8000f000 0x00000001
core   0: 0x8000dd2c (0xff9ff06f) j       pc - 0x8
core   0: 3 0x8000dd2c (0xff9ff06f)
core   0: 0x8000dd24 (0x00001f17) auipc   t5, 0x1
core   0: 3 0x8000dd24 (0x00001f17) x30 0x8000ed24
core   0: 0x8000dd28 (0x2c3f2e23) sw      gp, 732(t5)
core   0: 3 0x8000dd28 (0x2c3f2e23) mem 0x8000f000 0x00000001
core   0: 0x8000dd2c (0xff9ff06f) j       pc - 0x8
core   0: 3 0x8000dd2c (0xff9ff06f)
core   0: 0x8000dd24 (0x00001f17) auipc   t5, 0x1
core   0: 3 0x8000dd24 (0x00001f17) x30 0x8000ed24
core   0: 0x8000dd28 (0x2c3f2e23) sw      gp, 732(t5)
core   0: 3 0x8000dd28 (0x2c3f2e23) mem 0x8000f000 0x00000001
core   0: 0x8000dd2c (0xff9ff06f) j       pc - 0x8
core   0: 3 0x8000dd2c (0xff9ff06f)
core   0: 0x8000dd24 (0x00001f17) auipc   t5, 0x1
core   0: 3 0x8000dd24 (0x00001f17) x30 0x8000ed24
core   0: 0x8000dd28 (0x2c3f2e23) sw      gp, 732(t5)
core   0: 3 0x8000dd28 (0x2c3f2e23) mem 0x8000f000 0x00000001
core   0: 0x8000dd2c (0xff9ff06f) j       pc - 0x8
core   0: 3 0x8000dd2c (0xff9ff06f)
core   0: 0x8000dd24 (0x00001f17) auipc   t5, 0x1
core   0: 3 0x8000dd24 (0x00001f17) x30 0x8000ed24
core   0: 0x8000dd28 (0x2c3f2e23) sw      gp, 732(t5)
core   0: 3 0x8000dd28 (0x2c3f2e23) mem 0x8000f000 0x00000001
core   0: 0x8000dd2c (0xff9ff06f) j       pc - 0x8
core   0: 3 0x8000dd2c (0xff9ff06f)
core   0: 0x8000dd24 (0x00001f17) auipc   t5, 0x1
core   0: 3 0x8000dd24 (0x00001f17) x30 0x8000ed24
core   0: 0x8000dd28 (0x2c3f2e23) sw      gp, 732(t5)
core   0: 3 0x8000dd28 (0x2c3f2e23) mem 0x8000f000 0x00000001
core   0: 0x8000dd2c (0xff9ff06f) j       pc - 0x8
core   0: 3 0x8000dd2c (0xff9ff06f)
core   0: 0x8000dd24 (0x00001f17) auipc   t5, 0x1
core   0: 3 0x8000dd24 (0x00001f17) x30 0x8000ed24
core   0: 0x8000dd28 (0x2c3f2e23) sw      gp, 732(t5)
core   0: 3 0x8000dd28 (0x2c3f2e23) mem 0x8000f000 0x00000001
core   0: 0x8000dd2c (0xff9ff06f) j       pc - 0x8
core   0: 3 0x8000dd2c (0xff9ff06f)
core   0: 0x8000dd24 (0x00001f17) auipc   t5, 0x1
core   0: 3 0x8000dd24 (0x00001f17) x30 0x8000ed24
core   0: 0x8000dd28 (0x2c3f2e23) sw      gp, 732(t5)
core   0: 3 0x8000dd28 (0x2c3f2e23) mem 0x8000f000 0x00000001
core   0: 0x8000dd2c (0xff9ff06f) j       pc - 0x8
core   0: 3 0x8000dd2c (0xff9ff06f)
core   0: 0x8000dd24 (0x00001f17) auipc   t5, 0x1
core   0: 3 0x8000dd24 (0x00001f17) x30 0x8000ed24
core   0: 0x8000dd28 (0x2c3f2e23) sw      gp, 732(t5)
core   0: 3 0x8000dd28 (0x2c3f2e23) mem 0x8000f000 0x00000001
core   0: 0x8000dd2c (0xff9ff06f) j       pc - 0x8
core   0: 3 0x8000dd2c (0xff9ff06f)
core   0: 0x8000dd24 (0x00001f17) auipc   t5, 0x1
core   0: 3 0x8000dd24 (0x00001f17) x30 0x8000ed24
core   0: 0x8000dd28 (0x2c3f2e23) sw      gp, 732(t5)
core   0: 3 0x8000dd28 (0x2c3f2e23) mem 0x8000f000 0x00000001
core   0: 0x8000dd2c (0xff9ff06f) j       pc - 0x8
core   0: 3 0x8000dd2c (0xff9ff06f)
core   0: 0x8000dd24 (0x00001f17) auipc   t5, 0x1
core   0: 3 0x8000dd24 (0x00001f17) x30 0x8000ed24
core   0: 0x8000dd28 (0x2c3f2e23) sw      gp, 732(t5)
core   0: 3 0x8000dd28 (0x2c3f2e23) mem 0x8000f000 0x00000001
core   0: 0x8000dd2c (0xff9ff06f) j       pc - 0x8
core   0: 3 0x8000dd2c (0xff9ff06f)
core   0: 0x8000dd24 (0x00001f17) auipc   t5, 0x1
core   0: 3 0x8000dd24 (0x00001f17) x30 0x8000ed24
core   0: 0x8000dd28 (0x2c3f2e23) sw      gp, 732(t5)
core   0: 3 0x8000dd28 (0x2c3f2e23) mem 0x8000f000 0x00000001
core   0: 0x8000dd2c (0xff9ff06f) j       pc - 0x8
core   0: 3 0x8000dd2c (0xff9ff06f)
core   0: 0x8000dd24 (0x00001f17) auipc   t5, 0x1
core   0: 3 0x8000dd24 (0x00001f17) x30 0x8000ed24
core   0: 0x8000dd28 (0x2c3f2e23) sw      gp, 732(t5)
core   0: 3 0x8000dd28 (0x2c3f2e23) mem 0x8000f000 0x00000001
core   0: 0x8000dd2c (0xff9ff06f) j       pc - 0x8
core   0: 3 0x8000dd2c (0xff9ff06f)
core   0: 0x8000dd24 (0x00001f17) auipc   t5, 0x1
core   0: 3 0x8000dd24 (0x00001f17) x30 0x8000ed24
core   0: 0x8000dd28 (0x2c3f2e23) sw      gp, 732(t5)
core   0: 3 0x8000dd28 (0x2c3f2e23) mem 0x8000f000 0x00000001
core   0: 0x8000dd2c (0xff9ff06f) j       pc - 0x8
core   0: 3 0x8000dd2c (0xff9ff06f)
core   0: 0x8000dd24 (0x00001f17) auipc   t5, 0x1
core   0: 3 0x8000dd24 (0x00001f17) x30 0x8000ed24
core   0: 0x8000dd28 (0x2c3f2e23) sw      gp, 732(t5)
core   0: 3 0x8000dd28 (0x2c3f2e23) mem 0x8000f000 0x00000001
core   0: 0x8000dd2c (0xff9ff06f) j       pc - 0x8
core   0: 3 0x8000dd2c (0xff9ff06f)
core   0: 0x8000dd24 (0x00001f17) auipc   t5, 0x1
core   0: 3 0x8000dd24 (0x00001f17) x30 0x8000ed24
core   0: 0x8000dd28 (0x2c3f2e23) sw      gp, 732(t5)
core   0: 3 0x8000dd28 (0x2c3f2e23) mem 0x8000f000 0x00000001
core   0: 0x8000dd2c (0xff9ff06f) j       pc - 0x8
core   0: 3 0x8000dd2c (0xff9ff06f)
core   0: 0x8000dd24 (0x00001f17) auipc   t5, 0x1
core   0: 3 0x8000dd24 (0x00001f17) x30 0x8000ed24
core   0: 0x8000dd28 (0x2c3f2e23) sw      gp, 732(t5)
core   0: 3 0x8000dd28 (0x2c3f2e23) mem 0x8000f000 0x00000001
core   0: 0x8000dd2c (0xff9ff06f) j       pc - 0x8
core   0: 3 0x8000dd2c (0xff9ff06f)
core   0: 0x8000dd24 (0x00001f17) auipc   t5, 0x1
core   0: 3 0x8000dd24 (0x00001f17) x30 0x8000ed24
core   0: 0x8000dd28 (0x2c3f2e23) sw      gp, 732(t5)
core   0: 3 0x8000dd28 (0x2c3f2e23) mem 0x8000f000 0x00000001
core   0: 0x8000dd2c (0xff9ff06f) j       pc - 0x8
core   0: 3 0x8000dd2c (0xff9ff06f)
core   0: 0x8000dd24 (0x00001f17) auipc   t5, 0x1
core   0: 3 0x8000dd24 (0x00001f17) x30 0x8000ed24
core   0: 0x8000dd28 (0x2c3f2e23) sw      gp, 732(t5)
core   0: 3 0x8000dd28 (0x2c3f2e23) mem 0x8000f000 0x00000001
core   0: 0x8000dd2c (0xff9ff06f) j       pc - 0x8
core   0: 3 0x8000dd2c (0xff9ff06f)
core   0: 0x8000dd24 (0x00001f17) auipc   t5, 0x1
core   0: 3 0x8000dd24 (0x00001f17) x30 0x8000ed24
core   0: 0x8000dd28 (0x2c3f2e23) sw      gp, 732(t5)
core   0: 3 0x8000dd28 (0x2c3f2e23) mem 0x8000f000 0x00000001
core   0: 0x8000dd2c (0xff9ff06f) j       pc - 0x8
core   0: 3 0x8000dd2c (0xff9ff06f)
core   0: 0x8000dd24 (0x00001f17) auipc   t5, 0x1
core   0: 3 0x8000dd24 (0x00001f17) x30 0x8000ed24
core   0: 0x8000dd28 (0x2c3f2e23) sw      gp, 732(t5)
core   0: 3 0x8000dd28 (0x2c3f2e23) mem 0x8000f000 0x00000001
core   0: 0x8000dd2c (0xff9ff06f) j       pc - 0x8
core   0: 3 0x8000dd2c (0xff9ff06f)
core   0: 0x8000dd24 (0x00001f17) auipc   t5, 0x1
core   0: 3 0x8000dd24 (0x00001f17) x30 0x8000ed24
core   0: 0x8000dd28 (0x2c3f2e23) sw      gp, 732(t5)
core   0: 3 0x8000dd28 (0x2c3f2e23) mem 0x8000f000 0x00000001
core   0: 0x8000dd2c (0xff9ff06f) j       pc - 0x8
core   0: 3 0x8000dd2c (0xff9ff06f)
core   0: 0x8000dd24 (0x00001f17) auipc   t5, 0x1
core   0: 3 0x8000dd24 (0x00001f17) x30 0x8000ed24
core   0: 0x8000dd28 (0x2c3f2e23) sw      gp, 732(t5)
core   0: 3 0x8000dd28 (0x2c3f2e23) mem 0x8000f000 0x00000001
core   0: 0x8000dd2c (0xff9ff06f) j       pc - 0x8
core   0: 3 0x8000dd2c (0xff9ff06f)
core   0: 0x8000dd24 (0x00001f17) auipc   t5, 0x1
core   0: 3 0x8000dd24 (0x00001f17) x30 0x8000ed24
core   0: 0x8000dd28 (0x2c3f2e23) sw      gp, 732(t5)
core   0: 3 0x8000dd28 (0x2c3f2e23) mem 0x8000f000 0x00000001
core   0: 0x8000dd2c (0xff9ff06f) j       pc - 0x8
core   0: 3 0x8000dd2c (0xff9ff06f)
core   0: 0x8000dd24 (0x00001f17) auipc   t5, 0x1
core   0: 3 0x8000dd24 (0x00001f17) x30 0x8000ed24
core   0: 0x8000dd28 (0x2c3f2e23) sw      gp, 732(t5)
core   0: 3 0x8000dd28 (0x2c3f2e23) mem 0x8000f000 0x00000001
core   0: 0x8000dd2c (0xff9ff06f) j       pc - 0x8
core   0: 3 0x8000dd2c (0xff9ff06f)
core   0: 0x8000dd24 (0x00001f17) auipc   t5, 0x1
core   0: 3 0x8000dd24 (0x00001f17) x30 0x8000ed24
core   0: 0x8000dd28 (0x2c3f2e23) sw      gp, 732(t5)
core   0: 3 0x8000dd28 (0x2c3f2e23) mem 0x8000f000 0x00000001
core   0: 0x8000dd2c (0xff9ff06f) j       pc - 0x8
core   0: 3 0x8000dd2c (0xff9ff06f)
core   0: 0x8000dd24 (0x00001f17) auipc   t5, 0x1
core   0: 3 0x8000dd24 (0x00001f17) x30 0x8000ed24
core   0: 0x8000dd28 (0x2c3f2e23) sw      gp, 732(t5)
core   0: 3 0x8000dd28 (0x2c3f2e23) mem 0x8000f000 0x00000001
core   0: 0x8000dd2c (0xff9ff06f) j       pc - 0x8
core   0: 3 0x8000dd2c (0xff9ff06f)
core   0: 0x8000dd24 (0x00001f17) auipc   t5, 0x1
core   0: 3 0x8000dd24 (0x00001f17) x30 0x8000ed24
core   0: 0x8000dd28 (0x2c3f2e23) sw      gp, 732(t5)
core   0: 3 0x8000dd28 (0x2c3f2e23) mem 0x8000f000 0x00000001
core   0: 0x8000dd2c (0xff9ff06f) j       pc - 0x8
core   0: 3 0x8000dd2c (0xff9ff06f)
core   0: 0x8000dd24 (0x00001f17) auipc   t5, 0x1
core   0: 3 0x8000dd24 (0x00001f17) x30 0x8000ed24
core   0: 0x8000dd28 (0x2c3f2e23) sw      gp, 732(t5)
core   0: 3 0x8000dd28 (0x2c3f2e23) mem 0x8000f000 0x00000001
core   0: 0x8000dd2c (0xff9ff06f) j       pc - 0x8
core   0: 3 0x8000dd2c (0xff9ff06f)
core   0: 0x8000dd24 (0x00001f17) auipc   t5, 0x1
core   0: 3 0x8000dd24 (0x00001f17) x30 0x8000ed24
core   0: 0x8000dd28 (0x2c3f2e23) sw      gp, 732(t5)
core   0: 3 0x8000dd28 (0x2c3f2e23) mem 0x8000f000 0x00000001
core   0: 0x8000dd2c (0xff9ff06f) j       pc - 0x8
core   0: 3 0x8000dd2c (0xff9ff06f)
core   0: 0x8000dd24 (0x00001f17) auipc   t5, 0x1
core   0: 3 0x8000dd24 (0x00001f17) x30 0x8000ed24
core   0: 0x8000dd28 (0x2c3f2e23) sw      gp, 732(t5)
core   0: 3 0x8000dd28 (0x2c3f2e23) mem 0x8000f000 0x00000001
core   0: 0x8000dd2c (0xff9ff06f) j       pc - 0x8
core   0: 3 0x8000dd2c (0xff9ff06f)
core   0: 0x8000dd24 (0x00001f17) auipc   t5, 0x1
core   0: 3 0x8000dd24 (0x00001f17) x30 0x8000ed24
core   0: 0x8000dd28 (0x2c3f2e23) sw      gp, 732(t5)
core   0: 3 0x8000dd28 (0x2c3f2e23) mem 0x8000f000 0x00000001
core   0: 0x8000dd2c (0xff9ff06f) j       pc - 0x8
core   0: 3 0x8000dd2c (0xff9ff06f)
core   0: 0x8000dd24 (0x00001f17) auipc   t5, 0x1
core   0: 3 0x8000dd24 (0x00001f17) x30 0x8000ed24
core   0: 0x8000dd28 (0x2c3f2e23) sw      gp, 732(t5)
core   0: 3 0x8000dd28 (0x2c3f2e23) mem 0x8000f000 0x00000001
core   0: 0x8000dd2c (0xff9ff06f) j       pc - 0x8
core   0: 3 0x8000dd2c (0xff9ff06f)
core   0: 0x8000dd24 (0x00001f17) auipc   t5, 0x1
core   0: 3 0x8000dd24 (0x00001f17) x30 0x8000ed24
core   0: 0x8000dd28 (0x2c3f2e23) sw      gp, 732(t5)
core   0: 3 0x8000dd28 (0x2c3f2e23) mem 0x8000f000 0x00000001
core   0: 0x8000dd2c (0xff9ff06f) j       pc - 0x8
core   0: 3 0x8000dd2c (0xff9ff06f)
core   0: 0x8000dd24 (0x00001f17) auipc   t5, 0x1
core   0: 3 0x8000dd24 (0x00001f17) x30 0x8000ed24
core   0: 0x8000dd28 (0x2c3f2e23) sw      gp, 732(t5)
core   0: 3 0x8000dd28 (0x2c3f2e23) mem 0x8000f000 0x00000001
core   0: 0x8000dd2c (0xff9ff06f) j       pc - 0x8
core   0: 3 0x8000dd2c (0xff9ff06f)
core   0: 0x8000dd24 (0x00001f17) auipc   t5, 0x1
core   0: 3 0x8000dd24 (0x00001f17) x30 0x8000ed24
core   0: 0x8000dd28 (0x2c3f2e23) sw      gp, 732(t5)
core   0: 3 0x8000dd28 (0x2c3f2e23) mem 0x8000f000 0x00000001
core   0: 0x8000dd2c (0xff9ff06f) j       pc - 0x8
core   0: 3 0x8000dd2c (0xff9ff06f)
core   0: 0x8000dd24 (0x00001f17) auipc   t5, 0x1
core   0: 3 0x8000dd24 (0x00001f17) x30 0x8000ed24
core   0: 0x8000dd28 (0x2c3f2e23) sw      gp, 732(t5)
core   0: 3 0x8000dd28 (0x2c3f2e23) mem 0x8000f000 0x00000001
core   0: 0x8000dd2c (0xff9ff06f) j       pc - 0x8
core   0: 3 0x8000dd2c (0xff9ff06f)
core   0: 0x8000dd24 (0x00001f17) auipc   t5, 0x1
core   0: 3 0x8000dd24 (0x00001f17) x30 0x8000ed24
core   0: 0x8000dd28 (0x2c3f2e23) sw      gp, 732(t5)
core   0: 3 0x8000dd28 (0x2c3f2e23) mem 0x8000f000 0x00000001
core   0: 0x8000dd2c (0xff9ff06f) j       pc - 0x8
core   0: 3 0x8000dd2c (0xff9ff06f)
core   0: 0x8000dd24 (0x00001f17) auipc   t5, 0x1
core   0: 3 0x8000dd24 (0x00001f17) x30 0x8000ed24
core   0: 0x8000dd28 (0x2c3f2e23) sw      gp, 732(t5)
core   0: 3 0x8000dd28 (0x2c3f2e23) mem 0x8000f000 0x00000001
core   0: 0x8000dd2c (0xff9ff06f) j       pc - 0x8
core   0: 3 0x8000dd2c (0xff9ff06f)
core   0: 0x8000dd24 (0x00001f17) auipc   t5, 0x1
core   0: 3 0x8000dd24 (0x00001f17) x30 0x8000ed24
core   0: 0x8000dd28 (0x2c3f2e23) sw      gp, 732(t5)
core   0: 3 0x8000dd28 (0x2c3f2e23) mem 0x8000f000 0x00000001
core   0: 0x8000dd2c (0xff9ff06f) j       pc - 0x8
core   0: 3 0x8000dd2c (0xff9ff06f)
core   0: 0x8000dd24 (0x00001f17) auipc   t5, 0x1
core   0: 3 0x8000dd24 (0x00001f17) x30 0x8000ed24
core   0: 0x8000dd28 (0x2c3f2e23) sw      gp, 732(t5)
core   0: 3 0x8000dd28 (0x2c3f2e23) mem 0x8000f000 0x00000001
core   0: 0x8000dd2c (0xff9ff06f) j       pc - 0x8
core   0: 3 0x8000dd2c (0xff9ff06f)
core   0: 0x8000dd24 (0x00001f17) auipc   t5, 0x1
core   0: 3 0x8000dd24 (0x00001f17) x30 0x8000ed24
core   0: 0x8000dd28 (0x2c3f2e23) sw      gp, 732(t5)
core   0: 3 0x8000dd28 (0x2c3f2e23) mem 0x8000f000 0x00000001
core   0: 0x8000dd2c (0xff9ff06f) j       pc - 0x8
core   0: 3 0x8000dd2c (0xff9ff06f)
core   0: 0x8000dd24 (0x00001f17) auipc   t5, 0x1
core   0: 3 0x8000dd24 (0x00001f17) x30 0x8000ed24
core   0: 0x8000dd28 (0x2c3f2e23) sw      gp, 732(t5)
core   0: 3 0x8000dd28 (0x2c3f2e23) mem 0x8000f000 0x00000001
core   0: 0x8000dd2c (0xff9ff06f) j       pc - 0x8
core   0: 3 0x8000dd2c (0xff9ff06f)
core   0: 0x8000dd24 (0x00001f17) auipc   t5, 0x1
core   0: 3 0x8000dd24 (0x00001f17) x30 0x8000ed24
core   0: 0x8000dd28 (0x2c3f2e23) sw      gp, 732(t5)
core   0: 3 0x8000dd28 (0x2c3f2e23) mem 0x8000f000 0x00000001
core   0: 0x8000dd2c (0xff9ff06f) j       pc - 0x8
core   0: 3 0x8000dd2c (0xff9ff06f)
core   0: 0x8000dd24 (0x00001f17) auipc   t5, 0x1
core   0: 3 0x8000dd24 (0x00001f17) x30 0x8000ed24
core   0: 0x8000dd28 (0x2c3f2e23) sw      gp, 732(t5)
core   0: 3 0x8000dd28 (0x2c3f2e23) mem 0x8000f000 0x00000001
core   0: 0x8000dd2c (0xff9ff06f) j       pc - 0x8
core   0: 3 0x8000dd2c (0xff9ff06f)
core   0: 0x8000dd24 (0x00001f17) auipc   t5, 0x1
core   0: 3 0x8000dd24 (0x00001f17) x30 0x8000ed24
core   0: 0x8000dd28 (0x2c3f2e23) sw      gp, 732(t5)
core   0: 3 0x8000dd28 (0x2c3f2e23) mem 0x8000f000 0x00000001
core   0: 0x8000dd2c (0xff9ff06f) j       pc - 0x8
core   0: 3 0x8000dd2c (0xff9ff06f)
core   0: 0x8000dd24 (0x00001f17) auipc   t5, 0x1
core   0: 3 0x8000dd24 (0x00001f17) x30 0x8000ed24
core   0: 0x8000dd28 (0x2c3f2e23) sw      gp, 732(t5)
core   0: 3 0x8000dd28 (0x2c3f2e23) mem 0x8000f000 0x00000001
core   0: 0x8000dd2c (0xff9ff06f) j       pc - 0x8
core   0: 3 0x8000dd2c (0xff9ff06f)
core   0: 0x8000dd24 (0x00001f17) auipc   t5, 0x1
core   0: 3 0x8000dd24 (0x00001f17) x30 0x8000ed24
core   0: 0x8000dd28 (0x2c3f2e23) sw      gp, 732(t5)
core   0: 3 0x8000dd28 (0x2c3f2e23) mem 0x8000f000 0x00000001
core   0: 0x8000dd2c (0xff9ff06f) j       pc - 0x8
core   0: 3 0x8000dd2c (0xff9ff06f)
core   0: 0x8000dd24 (0x00001f17) auipc   t5, 0x1
core   0: 3 0x8000dd24 (0x00001f17) x30 0x8000ed24
core   0: 0x8000dd28 (0x2c3f2e23) sw      gp, 732(t5)
core   0: 3 0x8000dd28 (0x2c3f2e23) mem 0x8000f000 0x00000001
core   0: 0x8000dd2c (0xff9ff06f) j       pc - 0x8
core   0: 3 0x8000dd2c (0xff9ff06f)
core   0: 0x8000dd24 (0x00001f17) auipc   t5, 0x1
core   0: 3 0x8000dd24 (0x00001f17) x30 0x8000ed24
core   0: 0x8000dd28 (0x2c3f2e23) sw      gp, 732(t5)
core   0: 3 0x8000dd28 (0x2c3f2e23) mem 0x8000f000 0x00000001
