core   0: 0x00001000 (0x00000297) auipc   t0, 0x0
core   0: 3 0x00001000 (0x00000297) x 5 0x00001000
core   0: 0x00001004 (0x02028593) addi    a1, t0, 32
core   0: 3 0x00001004 (0x02028593) x11 0x00001020
core   0: 0x00001008 (0xf1402573) csrr    a0, mhartid
core   0: 3 0x00001008 (0xf1402573) x10 0x00000000
core   0: 0x0000100c (0x0182a283) lw      t0, 24(t0)
core   0: 3 0x0000100c (0x0182a283) x 5 0x80000000 mem 0x00001018
core   0: 0x00001010 (0x00028067) jr      t0
core   0: 3 0x00001010 (0x00028067)
core   0: 0x80000000 (0xf14022f3) csrr    t0, mhartid
core   0: 3 0x80000000 (0xf14022f3) x 5 0x00000000
core   0: 0x80000004 (0x00000313) li      t1, 0
core   0: 3 0x80000004 (0x00000313) x 6 0x00000000
core   0: 0x80000008 (0x00628263) beq     t0, t1, pc + 4
core   0: 3 0x80000008 (0x00628263)
core   0: 0x8000000c (0x00000817) auipc   a6, 0x0
core   0: 3 0x8000000c (0x00000817) x16 0x8000000c
core   0: 0x80000010 (0x00c80813) addi    a6, a6, 12
core   0: 3 0x80000010 (0x00c80813) x16 0x80000018
core   0: 0x80000014 (0x00080067) jr      a6
core   0: 3 0x80000014 (0x00080067)
core   0: 0x80000018 (0x40000b37) lui     s6, 0x40000
core   0: 3 0x80000018 (0x40000b37) x22 0x40000000
core   0: 0x8000001c (0x100b0b13) addi    s6, s6, 256
core   0: 3 0x8000001c (0x100b0b13) x22 0x40000100
core   0: 0x80000020 (0x301b1073) csrw    misa, s6
core   0: 3 0x80000020 (0x301b1073) c769_misa 0x40140100
core   0: 0x80000024 (0x00029897) auipc   a7, 0x29
core   0: 3 0x80000024 (0x00029897) x17 0x80029024
core   0: 0x80000028 (0xcc088893) addi    a7, a7, -832
core   0: 3 0x80000028 (0xcc088893) x17 0x80028ce4
core   0: 0x8000002c (0x0000eb17) auipc   s6, 0xe
core   0: 3 0x8000002c (0x0000eb17) x22 0x8000e02c
core   0: 0x80000030 (0x5e4b0b13) addi    s6, s6, 1508
core   0: 3 0x80000030 (0x5e4b0b13) x22 0x8000e610
core   0: 0x80000034 (0x001b6b13) ori     s6, s6, 1
core   0: 3 0x80000034 (0x001b6b13) x22 0x8000e611
core   0: 0x80000038 (0x305b1073) csrw    mtvec, s6
core   0: 3 0x80000038 (0x305b1073) c773_mtvec 0x8000e611
core   0: 0x8000003c (0x00000b17) auipc   s6, 0x0
core   0: 3 0x8000003c (0x00000b17) x22 0x8000003c
core   0: 0x80000040 (0x028b0b13) addi    s6, s6, 40
core   0: 3 0x80000040 (0x028b0b13) x22 0x80000064
core   0: 0x80000044 (0x341b1073) csrw    mepc, s6
core   0: 3 0x80000044 (0x341b1073) c833_mepc 0x80000064
core   0: 0x80000048 (0x00000013) nop
core   0: 3 0x80000048 (0x00000013)
core   0: 0x8000004c (0x00002b37) lui     s6, 0x2
core   0: 3 0x8000004c (0x00002b37) x22 0x00002000
core   0: 0x80000050 (0x800b0b13) addi    s6, s6, -2048
core   0: 3 0x80000050 (0x800b0b13) x22 0x00001800
core   0: 0x80000054 (0x300b1073) csrw    mstatus, s6
core   0: 3 0x80000054 (0x300b1073) c768_mstatus 0x00001800
core   0: 0x80000058 (0x00000b13) li      s6, 0
core   0: 3 0x80000058 (0x00000b13) x22 0x00000000
core   0: 0x8000005c (0x304b1073) csrw    mie, s6
core   0: 3 0x8000005c (0x304b1073) c772_mie 0x00000000
core   0: 0x80000060 (0x30200073) mret
core   0: 3 0x80000060 (0x30200073) c768_mstatus 0x00000080
core   0: >>>>  init
core   0: 0x80000064 (0xfd0cc037) lui     zero, 0xfd0cc
core   0: 3 0x80000064 (0xfd0cc037)
core   0: 0x80000068 (0xada00013) li      zero, -1318
core   0: 3 0x80000068 (0xada00013)
core   0: 0x8000006c (0xfabe90b7) lui     ra, 0xfabe9
core   0: 3 0x8000006c (0xfabe90b7) x 1 0xfabe9000
core   0: 0x80000070 (0x97508093) addi    ra, ra, -1675
core   0: 3 0x80000070 (0x97508093) x 1 0xfabe8975
core   0: 0x80000074 (0x80000137) lui     sp, 0x80000
core   0: 3 0x80000074 (0x80000137) x 2 0x80000000
core   0: 0x80000078 (0x00000193) li      gp, 0
core   0: 3 0x80000078 (0x00000193) x 3 0x00000000
core   0: 0x8000007c (0x80000237) lui     tp, 0x80000
core   0: 3 0x8000007c (0x80000237) x 4 0x80000000
core   0: 0x80000080 (0x00200293) li      t0, 2
core   0: 3 0x80000080 (0x00200293) x 5 0x00000002
core   0: 0x80000084 (0x80000337) lui     t1, 0x80000
core   0: 3 0x80000084 (0x80000337) x 6 0x80000000
core   0: 0x80000088 (0x00b00393) li      t2, 11
core   0: 3 0x80000088 (0x00b00393) x 7 0x0000000b
core   0: 0x8000008c (0x80000437) lui     s0, 0x80000
core   0: 3 0x8000008c (0x80000437) x 8 0x80000000
core   0: 0x80000090 (0x800004b7) lui     s1, 0x80000
core   0: 3 0x80000090 (0x800004b7) x 9 0x80000000
core   0: 0x80000094 (0x80000537) lui     a0, 0x80000
core   0: 3 0x80000094 (0x80000537) x10 0x80000000
core   0: 0x80000098 (0x4f2ef5b7) lui     a1, 0x4f2ef
core   0: 3 0x80000098 (0x4f2ef5b7) x11 0x4f2ef000
core   0: 0x8000009c (0x3ae58593) addi    a1, a1, 942
core   0: 3 0x8000009c (0x3ae58593) x11 0x4f2ef3ae
core   0: 0x800000a0 (0x80000637) lui     a2, 0x80000
core   0: 3 0x800000a0 (0x80000637) x12 0x80000000
core   0: 0x800000a4 (0x00200693) li      a3, 2
core   0: 3 0x800000a4 (0x00200693) x13 0x00000002
core   0: 0x800000a8 (0xf441f737) lui     a4, 0xf441f
core   0: 3 0x800000a8 (0xf441f737) x14 0xf441f000
core   0: 0x800000ac (0xc6870713) addi    a4, a4, -920
core   0: 3 0x800000ac (0xc6870713) x14 0xf441ec68
core   0: 0x800000b0 (0x80000837) lui     a6, 0x80000
core   0: 3 0x800000b0 (0x80000837) x16 0x80000000
core   0: 0x800000b4 (0x017db937) lui     s2, 0x17db
core   0: 3 0x800000b4 (0x017db937) x18 0x017db000
core   0: 0x800000b8 (0x11290913) addi    s2, s2, 274
core   0: 3 0x800000b8 (0x11290913) x18 0x017db112
core   0: 0x800000bc (0x800009b7) lui     s3, 0x80000
core   0: 3 0x800000bc (0x800009b7) x19 0x80000000
core   0: 0x800000c0 (0x80000a37) lui     s4, 0x80000
core   0: 3 0x800000c0 (0x80000a37) x20 0x80000000
core   0: 0x800000c4 (0xa5069ab7) lui     s5, 0xa5069
core   0: 3 0x800000c4 (0xa5069ab7) x21 0xa5069000
core   0: 0x800000c8 (0x25aa8a93) addi    s5, s5, 602
core   0: 3 0x800000c8 (0x25aa8a93) x21 0xa506925a
core   0: 0x800000cc (0x80000b37) lui     s6, 0x80000
core   0: 3 0x800000cc (0x80000b37) x22 0x80000000
core   0: 0x800000d0 (0xfc1c4bb7) lui     s7, 0xfc1c4
core   0: 3 0x800000d0 (0xfc1c4bb7) x23 0xfc1c4000
core   0: 0x800000d4 (0x258b8b93) addi    s7, s7, 600
core   0: 3 0x800000d4 (0x258b8b93) x23 0xfc1c4258
core   0: 0x800000d8 (0xf8cb0c37) lui     s8, 0xf8cb0
core   0: 3 0x800000d8 (0xf8cb0c37) x24 0xf8cb0000
core   0: 0x800000dc (0x1f1c0c13) addi    s8, s8, 497
core   0: 3 0x800000dc (0x1f1c0c13) x24 0xf8cb01f1
core   0: 0x800000e0 (0x01a81cb7) lui     s9, 0x1a81
core   0: 3 0x800000e0 (0x01a81cb7) x25 0x01a81000
core   0: 0x800000e4 (0xf13c8c93) addi    s9, s9, -237
core   0: 3 0x800000e4 (0xf13c8c93) x25 0x01a80f13
core   0: 0x800000e8 (0x80000d37) lui     s10, 0x80000
core   0: 3 0x800000e8 (0x80000d37) x26 0x80000000
core   0: 0x800000ec (0xbd768db7) lui     s11, 0xbd768
core   0: 3 0x800000ec (0xbd768db7) x27 0xbd768000
core   0: 0x800000f0 (0x28ad8d93) addi    s11, s11, 650
core   0: 3 0x800000f0 (0x28ad8d93) x27 0xbd76828a
core   0: 0x800000f4 (0xff1ede37) lui     t3, 0xff1ed
core   0: 3 0x800000f4 (0xff1ede37) x28 0xff1ed000
core   0: 0x800000f8 (0xc1ee0e13) addi    t3, t3, -994
core   0: 3 0x800000f8 (0xc1ee0e13) x28 0xff1ecc1e
core   0: 0x800000fc (0x00e00e93) li      t4, 14
core   0: 3 0x800000fc (0x00e00e93) x29 0x0000000e
core   0: 0x80000100 (0x96a24f37) lui     t5, 0x96a24
core   0: 3 0x80000100 (0x96a24f37) x30 0x96a24000
core   0: 0x80000104 (0x63df0f13) addi    t5, t5, 1597
core   0: 3 0x80000104 (0x63df0f13) x30 0x96a2463d
core   0: 0x80000108 (0x00000f93) li      t6, 0
core   0: 3 0x80000108 (0x00000f93) x31 0x00000000
core   0: 0x8000010c (0x00025797) auipc   a5, 0x25
core   0: 3 0x8000010c (0x00025797) x15 0x8002510c
core   0: 0x80000110 (0xd5878793) addi    a5, a5, -680
core   0: 3 0x80000110 (0xd5878793) x15 0x80024e64
core   0: 0x80000114 (0xffe00713) li      a4, -2
core   0: 3 0x80000114 (0xffe00713) x14 0xfffffffe
core   0: 0x80000118 (0x00400d13) li      s10, 4
core   0: 3 0x80000118 (0x00400d13) x26 0x00000004
core   0: 0x8000011c (0x00000013) nop
core   0: 3 0x8000011c (0x00000013)
core   0: 0x80000120 (0x0144d3b3) srl     t2, s1, s4
core   0: 3 0x80000120 (0x0144d3b3) x 7 0x80000000
core   0: 0x80000124 (0x00a70713) addi    a4, a4, 10
core   0: 3 0x80000124 (0x00a70713) x14 0x00000008
core   0: 0x80000128 (0x00e99cb3) sll     s9, s3, a4
core   0: 3 0x80000128 (0x00e99cb3) x25 0x00000000
core   0: 0x8000012c (0xff600c13) li      s8, -10
core   0: 3 0x8000012c (0xff600c13) x24 0xfffffff6
core   0: 0x80000130 (0x40a9d313) srai    t1, s3, 10
core   0: 3 0x80000130 (0x40a9d313) x 6 0xffe00000
core   0: 0x80000134 (0xffe00e93) li      t4, -2
core   0: 3 0x80000134 (0xffe00e93) x29 0xfffffffe
core   0: 0x80000138 (0x798a4db7) lui     s11, 0x798a4
core   0: 3 0x80000138 (0x798a4db7) x27 0x798a4000
core   0: 0x8000013c (0x002c0c13) addi    s8, s8, 2
core   0: 3 0x8000013c (0x002c0c13) x24 0xfffffff8
core   0: 0x80000140 (0xffdc4ce3) blt     s8, t4, pc - 8
core   0: 3 0x80000140 (0xffdc4ce3)
core   0: 0x80000138 (0x798a4db7) lui     s11, 0x798a4
core   0: 3 0x80000138 (0x798a4db7) x27 0x798a4000
core   0: 0x8000013c (0x002c0c13) addi    s8, s8, 2
core   0: 3 0x8000013c (0x002c0c13) x24 0xfffffffa
core   0: 0x80000140 (0xffdc4ce3) blt     s8, t4, pc - 8
core   0: 3 0x80000140 (0xffdc4ce3)
core   0: 0x80000138 (0x798a4db7) lui     s11, 0x798a4
core   0: 3 0x80000138 (0x798a4db7) x27 0x798a4000
core   0: 0x8000013c (0x002c0c13) addi    s8, s8, 2
core   0: 3 0x8000013c (0x002c0c13) x24 0xfffffffc
core   0: 0x80000140 (0xffdc4ce3) blt     s8, t4, pc - 8
core   0: 3 0x80000140 (0xffdc4ce3)
core   0: 0x80000138 (0x798a4db7) lui     s11, 0x798a4
core   0: 3 0x80000138 (0x798a4db7) x27 0x798a4000
core   0: 0x8000013c (0x002c0c13) addi    s8, s8, 2
core   0: 3 0x8000013c (0x002c0c13) x24 0xfffffffe
core   0: 0x80000140 (0xffdc4ce3) blt     s8, t4, pc - 8
core   0: 3 0x80000140 (0xffdc4ce3)
core   0: 0x80000144 (0x012f8bb3) add     s7, t6, s2
core   0: 3 0x80000144 (0x012f8bb3) x23 0x017db112
core   0: 0x80000148 (0xf14cfa13) andi    s4, s9, -236
core   0: 3 0x80000148 (0xf14cfa13) x20 0x00000000
core   0: 0x8000014c (0xfda768e3) bltu    a4, s10, pc - 48
core   0: 3 0x8000014c (0xfda768e3)
core   0: 0x80000150 (0x5dee6613) ori     a2, t3, 1502
core   0: 3 0x80000150 (0x5dee6613) x12 0xff1ecdde
core   0: 0x80000154 (0xff900a13) li      s4, -7
core   0: 3 0x80000154 (0xff900a13) x20 0xfffffff9
core   0: 0x80000158 (0x47702f93) slti    t6, zero, 1143
core   0: 3 0x80000158 (0x47702f93) x31 0x00000001
core   0: 0x8000015c (0x01100213) li      tp, 17
core   0: 3 0x8000015c (0x01100213) x 4 0x00000011
core   0: 0x80000160 (0x45147fb7) lui     t6, 0x45147
core   0: 3 0x80000160 (0x45147fb7) x31 0x45147000
core   0: 0x80000164 (0x0120cb33) xor     s6, ra, s2
core   0: 3 0x80000164 (0x0120cb33) x22 0xfbc33867
core   0: 0x80000168 (0x01ecc633) xor     a2, s9, t5
core   0: 3 0x80000168 (0x01ecc633) x12 0x96a2463d
core   0: 0x8000016c (0x006b7fb3) and     t6, s6, t1
core   0: 3 0x8000016c (0x006b7fb3) x31 0xfbc00000
core   0: 0x80000170 (0x0000100f) fence.i
core   0: 3 0x80000170 (0x0000100f)
core   0: 0x80000174 (0x01c51293) slli    t0, a0, 28
core   0: 3 0x80000174 (0x01c51293) x 5 0x00000000
core   0: 0x80000178 (0x00aa0a13) addi    s4, s4, 10
core   0: 3 0x80000178 (0x00aa0a13) x20 0x00000003
core   0: 0x8000017c (0x7d670613) addi    a2, a4, 2006
core   0: 3 0x8000017c (0x7d670613) x12 0x000007de
core   0: 0x80000180 (0x00400b93) li      s7, 4
core   0: 3 0x80000180 (0x00400b93) x23 0x00000004
core   0: 0x80000184 (0x00a00e13) li      t3, 10
core   0: 3 0x80000184 (0x00a00e13) x28 0x0000000a
core   0: 0x80000188 (0xb41b2093) slti    ra, s6, -1215
core   0: 3 0x80000188 (0xb41b2093) x 1 0x00000001
core   0: 0x8000018c (0x01208933) add     s2, ra, s2
core   0: 3 0x8000018c (0x01208933) x18 0x017db113
core   0: 0x80000190 (0x003d0c33) add     s8, s10, gp
core   0: 3 0x80000190 (0x003d0c33) x24 0x00000004
core   0: 0x80000194 (0x001b8b93) addi    s7, s7, 1
core   0: 3 0x80000194 (0x001b8b93) x23 0x00000005
core   0: 0x80000198 (0xffcb8ae3) beq     s7, t3, pc - 12
core   0: 3 0x80000198 (0xffcb8ae3)
core   0: 0x8000019c (0x58000693) li      a3, 1408
core   0: 3 0x8000019c (0x58000693) x13 0x00000580
core   0: 0x800001a0 (0xfc4a42e3) blt     s4, tp, pc - 60
core   0: 3 0x800001a0 (0xfc4a42e3)
core   0: 0x80000164 (0x0120cb33) xor     s6, ra, s2
core   0: 3 0x80000164 (0x0120cb33) x22 0x017db112
core   0: 0x80000168 (0x01ecc633) xor     a2, s9, t5
core   0: 3 0x80000168 (0x01ecc633) x12 0x96a2463d
core   0: 0x8000016c (0x006b7fb3) and     t6, s6, t1
core   0: 3 0x8000016c (0x006b7fb3) x31 0x01600000
core   0: 0x80000170 (0x0000100f) fence.i
core   0: 3 0x80000170 (0x0000100f)
core   0: 0x80000174 (0x01c51293) slli    t0, a0, 28
core   0: 3 0x80000174 (0x01c51293) x 5 0x00000000
core   0: 0x80000178 (0x00aa0a13) addi    s4, s4, 10
core   0: 3 0x80000178 (0x00aa0a13) x20 0x0000000d
core   0: 0x8000017c (0x7d670613) addi    a2, a4, 2006
core   0: 3 0x8000017c (0x7d670613) x12 0x000007de
core   0: 0x80000180 (0x00400b93) li      s7, 4
core   0: 3 0x80000180 (0x00400b93) x23 0x00000004
core   0: 0x80000184 (0x00a00e13) li      t3, 10
core   0: 3 0x80000184 (0x00a00e13) x28 0x0000000a
core   0: 0x80000188 (0xb41b2093) slti    ra, s6, -1215
core   0: 3 0x80000188 (0xb41b2093) x 1 0x00000000
core   0: 0x8000018c (0x01208933) add     s2, ra, s2
core   0: 3 0x8000018c (0x01208933) x18 0x017db113
core   0: 0x80000190 (0x003d0c33) add     s8, s10, gp
core   0: 3 0x80000190 (0x003d0c33) x24 0x00000004
core   0: 0x80000194 (0x001b8b93) addi    s7, s7, 1
core   0: 3 0x80000194 (0x001b8b93) x23 0x00000005
core   0: 0x80000198 (0xffcb8ae3) beq     s7, t3, pc - 12
core   0: 3 0x80000198 (0xffcb8ae3)
core   0: 0x8000019c (0x58000693) li      a3, 1408
core   0: 3 0x8000019c (0x58000693) x13 0x00000580
core   0: 0x800001a0 (0xfc4a42e3) blt     s4, tp, pc - 60
core   0: 3 0x800001a0 (0xfc4a42e3)
core   0: 0x80000164 (0x0120cb33) xor     s6, ra, s2
core   0: 3 0x80000164 (0x0120cb33) x22 0x017db113
core   0: 0x80000168 (0x01ecc633) xor     a2, s9, t5
core   0: 3 0x80000168 (0x01ecc633) x12 0x96a2463d
core   0: 0x8000016c (0x006b7fb3) and     t6, s6, t1
core   0: 3 0x8000016c (0x006b7fb3) x31 0x01600000
core   0: 0x80000170 (0x0000100f) fence.i
core   0: 3 0x80000170 (0x0000100f)
core   0: 0x80000174 (0x01c51293) slli    t0, a0, 28
core   0: 3 0x80000174 (0x01c51293) x 5 0x00000000
core   0: 0x80000178 (0x00aa0a13) addi    s4, s4, 10
core   0: 3 0x80000178 (0x00aa0a13) x20 0x00000017
core   0: 0x8000017c (0x7d670613) addi    a2, a4, 2006
core   0: 3 0x8000017c (0x7d670613) x12 0x000007de
core   0: 0x80000180 (0x00400b93) li      s7, 4
core   0: 3 0x80000180 (0x00400b93) x23 0x00000004
core   0: 0x80000184 (0x00a00e13) li      t3, 10
core   0: 3 0x80000184 (0x00a00e13) x28 0x0000000a
core   0: 0x80000188 (0xb41b2093) slti    ra, s6, -1215
core   0: 3 0x80000188 (0xb41b2093) x 1 0x00000000
core   0: 0x8000018c (0x01208933) add     s2, ra, s2
core   0: 3 0x8000018c (0x01208933) x18 0x017db113
core   0: 0x80000190 (0x003d0c33) add     s8, s10, gp
core   0: 3 0x80000190 (0x003d0c33) x24 0x00000004
core   0: 0x80000194 (0x001b8b93) addi    s7, s7, 1
core   0: 3 0x80000194 (0x001b8b93) x23 0x00000005
core   0: 0x80000198 (0xffcb8ae3) beq     s7, t3, pc - 12
core   0: 3 0x80000198 (0xffcb8ae3)
core   0: 0x8000019c (0x58000693) li      a3, 1408
core   0: 3 0x8000019c (0x58000693) x13 0x00000580
core   0: 0x800001a0 (0xfc4a42e3) blt     s4, tp, pc - 60
core   0: 3 0x800001a0 (0xfc4a42e3)
core   0: 0x800001a4 (0x1331a693) slti    a3, gp, 307
core   0: 3 0x800001a4 (0x1331a693) x13 0x00000001
core   0: 0x800001a8 (0x00600093) li      ra, 6
core   0: 3 0x800001a8 (0x00600093) x 1 0x00000006
core   0: 0x800001ac (0x99088013) addi    zero, a7, -1648
core   0: 3 0x800001ac (0x99088013)
core   0: 0x800001b0 (0x00961513) slli    a0, a2, 9
core   0: 3 0x800001b0 (0x00961513) x10 0x000fbc00
core   0: 0x800001b4 (0x019ad433) srl     s0, s5, s9
core   0: 3 0x800001b4 (0x019ad433) x 8 0xa506925a
core   0: 0x800001b8 (0x006eecb3) or      s9, t4, t1
core   0: 3 0x800001b8 (0x006eecb3) x25 0xfffffffe
core   0: 0x800001bc (0x00900d13) li      s10, 9
core   0: 3 0x800001bc (0x00900d13) x26 0x00000009
core   0: 0x800001c0 (0xe8c90513) addi    a0, s2, -372
core   0: 3 0x800001c0 (0xe8c90513) x10 0x017daf9f
core   0: 0x800001c4 (0x0ff0000f) fence   iorw,iorw
core   0: 3 0x800001c4 (0x0ff0000f)
core   0: 0x800001c8 (0xd9b94413) xori    s0, s2, -613
core   0: 3 0x800001c8 (0xd9b94413) x 8 0xfe824c88
core   0: 0x800001cc (0x00508093) addi    ra, ra, 5
core   0: 3 0x800001cc (0x00508093) x 1 0x0000000b
core   0: 0x800001d0 (0xebb1a313) slti    t1, gp, -325
core   0: 3 0x800001d0 (0xebb1a313) x 6 0x00000000
core   0: 0x800001d4 (0x00080b33) add     s6, a6, zero
core   0: 3 0x800001d4 (0x00080b33) x22 0x80000000
core   0: 0x800001d8 (0x00600493) li      s1, 6
core   0: 3 0x800001d8 (0x00600493) x 9 0x00000006
core   0: 0x800001dc (0x01944eb3) xor     t4, s0, s9
core   0: 3 0x800001dc (0x01944eb3) x29 0x017db376
core   0: 0x800001e0 (0xfed00713) li      a4, -19
core   0: 3 0x800001e0 (0xfed00713) x14 0xffffffed
core   0: 0x800001e4 (0x42692d93) slti    s11, s2, 1062
core   0: 3 0x800001e4 (0x42692d93) x27 0x00000000
core   0: 0x800001e8 (0x36da3313) sltiu   t1, s4, 877
core   0: 3 0x800001e8 (0x36da3313) x 6 0x00000001
core   0: 0x800001ec (0x00000013) nop
core   0: 3 0x800001ec (0x00000013)
core   0: 0x800001f0 (0x00276eb3) or      t4, a4, sp
core   0: 3 0x800001f0 (0x00276eb3) x29 0xffffffed
core   0: 0x800001f4 (0x142d4c93) xori    s9, s10, 322
core   0: 3 0x800001f4 (0x142d4c93) x25 0x0000014b
core   0: 0x800001f8 (0xffc48493) addi    s1, s1, -4
core   0: 3 0x800001f8 (0xffc48493) x 9 0x00000002
core   0: 0x800001fc (0xd953e193) ori     gp, t2, -619
core   0: 3 0x800001fc (0xd953e193) x 3 0xfffffd95
core   0: 0x80000200 (0xfee4d2e3) bge     s1, a4, pc - 28
core   0: 3 0x80000200 (0xfee4d2e3)
core   0: 0x800001e4 (0x42692d93) slti    s11, s2, 1062
core   0: 3 0x800001e4 (0x42692d93) x27 0x00000000
core   0: 0x800001e8 (0x36da3313) sltiu   t1, s4, 877
core   0: 3 0x800001e8 (0x36da3313) x 6 0x00000001
core   0: 0x800001ec (0x00000013) nop
core   0: 3 0x800001ec (0x00000013)
core   0: 0x800001f0 (0x00276eb3) or      t4, a4, sp
core   0: 3 0x800001f0 (0x00276eb3) x29 0xffffffed
core   0: 0x800001f4 (0x142d4c93) xori    s9, s10, 322
core   0: 3 0x800001f4 (0x142d4c93) x25 0x0000014b
core   0: 0x800001f8 (0xffc48493) addi    s1, s1, -4
core   0: 3 0x800001f8 (0xffc48493) x 9 0xfffffffe
core   0: 0x800001fc (0xd953e193) ori     gp, t2, -619
core   0: 3 0x800001fc (0xd953e193) x 3 0xfffffd95
core   0: 0x80000200 (0xfee4d2e3) bge     s1, a4, pc - 28
core   0: 3 0x80000200 (0xfee4d2e3)
core   0: 0x800001e4 (0x42692d93) slti    s11, s2, 1062
core   0: 3 0x800001e4 (0x42692d93) x27 0x00000000
core   0: 0x800001e8 (0x36da3313) sltiu   t1, s4, 877
core   0: 3 0x800001e8 (0x36da3313) x 6 0x00000001
core   0: 0x800001ec (0x00000013) nop
core   0: 3 0x800001ec (0x00000013)
core   0: 0x800001f0 (0x00276eb3) or      t4, a4, sp
core   0: 3 0x800001f0 (0x00276eb3) x29 0xffffffed
core   0: 0x800001f4 (0x142d4c93) xori    s9, s10, 322
core   0: 3 0x800001f4 (0x142d4c93) x25 0x0000014b
core   0: 0x800001f8 (0xffc48493) addi    s1, s1, -4
core   0: 3 0x800001f8 (0xffc48493) x 9 0xfffffffa
core   0: 0x800001fc (0xd953e193) ori     gp, t2, -619
core   0: 3 0x800001fc (0xd953e193) x 3 0xfffffd95
core   0: 0x80000200 (0xfee4d2e3) bge     s1, a4, pc - 28
core   0: 3 0x80000200 (0xfee4d2e3)
core   0: 0x800001e4 (0x42692d93) slti    s11, s2, 1062
core   0: 3 0x800001e4 (0x42692d93) x27 0x00000000
core   0: 0x800001e8 (0x36da3313) sltiu   t1, s4, 877
core   0: 3 0x800001e8 (0x36da3313) x 6 0x00000001
core   0: 0x800001ec (0x00000013) nop
core   0: 3 0x800001ec (0x00000013)
core   0: 0x800001f0 (0x00276eb3) or      t4, a4, sp
core   0: 3 0x800001f0 (0x00276eb3) x29 0xffffffed
core   0: 0x800001f4 (0x142d4c93) xori    s9, s10, 322
core   0: 3 0x800001f4 (0x142d4c93) x25 0x0000014b
core   0: 0x800001f8 (0xffc48493) addi    s1, s1, -4
core   0: 3 0x800001f8 (0xffc48493) x 9 0xfffffff6
core   0: 0x800001fc (0xd953e193) ori     gp, t2, -619
core   0: 3 0x800001fc (0xd953e193) x 3 0xfffffd95
core   0: 0x80000200 (0xfee4d2e3) bge     s1, a4, pc - 28
core   0: 3 0x80000200 (0xfee4d2e3)
core   0: 0x800001e4 (0x42692d93) slti    s11, s2, 1062
core   0: 3 0x800001e4 (0x42692d93) x27 0x00000000
core   0: 0x800001e8 (0x36da3313) sltiu   t1, s4, 877
core   0: 3 0x800001e8 (0x36da3313) x 6 0x00000001
core   0: 0x800001ec (0x00000013) nop
core   0: 3 0x800001ec (0x00000013)
core   0: 0x800001f0 (0x00276eb3) or      t4, a4, sp
core   0: 3 0x800001f0 (0x00276eb3) x29 0xffffffed
core   0: 0x800001f4 (0x142d4c93) xori    s9, s10, 322
core   0: 3 0x800001f4 (0x142d4c93) x25 0x0000014b
core   0: 0x800001f8 (0xffc48493) addi    s1, s1, -4
core   0: 3 0x800001f8 (0xffc48493) x 9 0xfffffff2
core   0: 0x800001fc (0xd953e193) ori     gp, t2, -619
core   0: 3 0x800001fc (0xd953e193) x 3 0xfffffd95
core   0: 0x80000200 (0xfee4d2e3) bge     s1, a4, pc - 28
core   0: 3 0x80000200 (0xfee4d2e3)
core   0: 0x800001e4 (0x42692d93) slti    s11, s2, 1062
core   0: 3 0x800001e4 (0x42692d93) x27 0x00000000
core   0: 0x800001e8 (0x36da3313) sltiu   t1, s4, 877
core   0: 3 0x800001e8 (0x36da3313) x 6 0x00000001
core   0: 0x800001ec (0x00000013) nop
core   0: 3 0x800001ec (0x00000013)
core   0: 0x800001f0 (0x00276eb3) or      t4, a4, sp
core   0: 3 0x800001f0 (0x00276eb3) x29 0xffffffed
core   0: 0x800001f4 (0x142d4c93) xori    s9, s10, 322
core   0: 3 0x800001f4 (0x142d4c93) x25 0x0000014b
core   0: 0x800001f8 (0xffc48493) addi    s1, s1, -4
core   0: 3 0x800001f8 (0xffc48493) x 9 0xffffffee
core   0: 0x800001fc (0xd953e193) ori     gp, t2, -619
core   0: 3 0x800001fc (0xd953e193) x 3 0xfffffd95
core   0: 0x80000200 (0xfee4d2e3) bge     s1, a4, pc - 28
core   0: 3 0x80000200 (0xfee4d2e3)
core   0: 0x800001e4 (0x42692d93) slti    s11, s2, 1062
core   0: 3 0x800001e4 (0x42692d93) x27 0x00000000
core   0: 0x800001e8 (0x36da3313) sltiu   t1, s4, 877
core   0: 3 0x800001e8 (0x36da3313) x 6 0x00000001
core   0: 0x800001ec (0x00000013) nop
core   0: 3 0x800001ec (0x00000013)
core   0: 0x800001f0 (0x00276eb3) or      t4, a4, sp
core   0: 3 0x800001f0 (0x00276eb3) x29 0xffffffed
core   0: 0x800001f4 (0x142d4c93) xori    s9, s10, 322
core   0: 3 0x800001f4 (0x142d4c93) x25 0x0000014b
core   0: 0x800001f8 (0xffc48493) addi    s1, s1, -4
core   0: 3 0x800001f8 (0xffc48493) x 9 0xffffffea
core   0: 0x800001fc (0xd953e193) ori     gp, t2, -619
core   0: 3 0x800001fc (0xd953e193) x 3 0xfffffd95
core   0: 0x80000200 (0xfee4d2e3) bge     s1, a4, pc - 28
core   0: 3 0x80000200 (0xfee4d2e3)
core   0: 0x80000204 (0xe6416013) ori     zero, sp, -412
core   0: 3 0x80000204 (0xe6416013)
core   0: 0x80000208 (0x00e42eb3) slt     t4, s0, a4
core   0: 3 0x80000208 (0x00e42eb3) x29 0x00000001
core   0: 0x8000020c (0x0000100f) fence.i
core   0: 3 0x8000020c (0x0000100f)
core   0: 0x80000210 (0xfba0cce3) blt     ra, s10, pc - 72
core   0: 3 0x80000210 (0xfba0cce3)
core   0: 0x80000214 (0x767f8413) addi    s0, t6, 1895
core   0: 3 0x80000214 (0x767f8413) x 8 0x01600767
core   0: 0x80000218 (0x00a00413) li      s0, 10
core   0: 3 0x80000218 (0x00a00413) x 8 0x0000000a
core   0: 0x8000021c (0x3c14aa13) slti    s4, s1, 961
core   0: 3 0x8000021c (0x3c14aa13) x20 0x00000001
core   0: 0x80000220 (0x01cb96b3) sll     a3, s7, t3
core   0: 3 0x80000220 (0x01cb96b3) x13 0x00001400
core   0: 0x80000224 (0x00000013) nop
core   0: 3 0x80000224 (0x00000013)
core   0: 0x80000228 (0x01a9bd33) sltu    s10, s3, s10
core   0: 3 0x80000228 (0x01a9bd33) x26 0x00000000
core   0: 0x8000022c (0x00b00713) li      a4, 11
core   0: 3 0x8000022c (0x00b00713) x14 0x0000000b
core   0: 0x80000230 (0x006d9eb3) sll     t4, s11, t1
core   0: 3 0x80000230 (0x006d9eb3) x29 0x00000000
core   0: 0x80000234 (0xa1ef3b17) auipc   s6, 0xa1ef3
core   0: 3 0x80000234 (0xa1ef3b17) x22 0x21ef3234
core   0: 0x80000238 (0x007a9e13) slli    t3, s5, 7
core   0: 3 0x80000238 (0x007a9e13) x28 0x83492d00
core   0: 0x8000023c (0x00840413) addi    s0, s0, 8
core   0: 3 0x8000023c (0x00840413) x 8 0x00000012
core   0: 0x80000240 (0x153e4d13) xori    s10, t3, 339
core   0: 3 0x80000240 (0x153e4d13) x26 0x83492c53
core   0: 0x80000244 (0x00dabdb3) sltu    s11, s5, a3
core   0: 3 0x80000244 (0x00dabdb3) x27 0x00000000
core   0: 0x80000248 (0x0000100f) fence.i
core   0: 3 0x80000248 (0x0000100f)
core   0: 0x8000024c (0xfee464e3) bltu    s0, a4, pc - 24
core   0: 3 0x8000024c (0xfee464e3)
core   0: 0x80000250 (0x01392233) slt     tp, s2, s3
core   0: 3 0x80000250 (0x01392233) x 4 0x00000000
core   0: 0x80000254 (0x00600713) li      a4, 6
core   0: 3 0x80000254 (0x00600713) x14 0x00000006
core   0: 0x80000258 (0xff600393) li      t2, -10
core   0: 3 0x80000258 (0xff600393) x 7 0xfffffff6
core   0: 0x8000025c (0x00a5a533) slt     a0, a1, a0
core   0: 3 0x8000025c (0x00a5a533) x10 0x00000000
core   0: 0x80000260 (0x93a2b113) sltiu   sp, t0, -1734
core   0: 3 0x80000260 (0x93a2b113) x 2 0x00000001
core   0: 0x80000264 (0xffc70713) addi    a4, a4, -4
core   0: 3 0x80000264 (0xffc70713) x14 0x00000002
core   0: 0x80000268 (0xff700a13) li      s4, -9
core   0: 3 0x80000268 (0xff700a13) x20 0xfffffff7
core   0: 0x8000026c (0xb9bb0c93) addi    s9, s6, -1125
core   0: 3 0x8000026c (0xb9bb0c93) x25 0x21ef2dcf
core   0: 0x80000270 (0x00400493) li      s1, 4
core   0: 3 0x80000270 (0x00400493) x 9 0x00000004
core   0: 0x80000274 (0x00043ab3) sltu    s5, s0, zero
core   0: 3 0x80000274 (0x00043ab3) x21 0x00000000
core   0: 0x80000278 (0x001a0a13) addi    s4, s4, 1
core   0: 3 0x80000278 (0x001a0a13) x20 0xfffffff8
core   0: 0x8000027c (0xfe9a1ce3) bne     s4, s1, pc - 8
core   0: 3 0x8000027c (0xfe9a1ce3)
core   0: 0x80000274 (0x00043ab3) sltu    s5, s0, zero
core   0: 3 0x80000274 (0x00043ab3) x21 0x00000000
core   0: 0x80000278 (0x001a0a13) addi    s4, s4, 1
core   0: 3 0x80000278 (0x001a0a13) x20 0xfffffff9
core   0: 0x8000027c (0xfe9a1ce3) bne     s4, s1, pc - 8
core   0: 3 0x8000027c (0xfe9a1ce3)
core   0: 0x80000274 (0x00043ab3) sltu    s5, s0, zero
core   0: 3 0x80000274 (0x00043ab3) x21 0x00000000
core   0: 0x80000278 (0x001a0a13) addi    s4, s4, 1
core   0: 3 0x80000278 (0x001a0a13) x20 0xfffffffa
core   0: 0x8000027c (0xfe9a1ce3) bne     s4, s1, pc - 8
core   0: 3 0x8000027c (0xfe9a1ce3)
core   0: 0x80000274 (0x00043ab3) sltu    s5, s0, zero
core   0: 3 0x80000274 (0x00043ab3) x21 0x00000000
core   0: 0x80000278 (0x001a0a13) addi    s4, s4, 1
core   0: 3 0x80000278 (0x001a0a13) x20 0xfffffffb
core   0: 0x8000027c (0xfe9a1ce3) bne     s4, s1, pc - 8
core   0: 3 0x8000027c (0xfe9a1ce3)
core   0: 0x80000274 (0x00043ab3) sltu    s5, s0, zero
core   0: 3 0x80000274 (0x00043ab3) x21 0x00000000
core   0: 0x80000278 (0x001a0a13) addi    s4, s4, 1
core   0: 3 0x80000278 (0x001a0a13) x20 0xfffffffc
core   0: 0x8000027c (0xfe9a1ce3) bne     s4, s1, pc - 8
core   0: 3 0x8000027c (0xfe9a1ce3)
core   0: 0x80000274 (0x00043ab3) sltu    s5, s0, zero
core   0: 3 0x80000274 (0x00043ab3) x21 0x00000000
core   0: 0x80000278 (0x001a0a13) addi    s4, s4, 1
core   0: 3 0x80000278 (0x001a0a13) x20 0xfffffffd
core   0: 0x8000027c (0xfe9a1ce3) bne     s4, s1, pc - 8
core   0: 3 0x8000027c (0xfe9a1ce3)
core   0: 0x80000274 (0x00043ab3) sltu    s5, s0, zero
core   0: 3 0x80000274 (0x00043ab3) x21 0x00000000
core   0: 0x80000278 (0x001a0a13) addi    s4, s4, 1
core   0: 3 0x80000278 (0x001a0a13) x20 0xfffffffe
core   0: 0x8000027c (0xfe9a1ce3) bne     s4, s1, pc - 8
core   0: 3 0x8000027c (0xfe9a1ce3)
core   0: 0x80000274 (0x00043ab3) sltu    s5, s0, zero
core   0: 3 0x80000274 (0x00043ab3) x21 0x00000000
core   0: 0x80000278 (0x001a0a13) addi    s4, s4, 1
core   0: 3 0x80000278 (0x001a0a13) x20 0xffffffff
core   0: 0x8000027c (0xfe9a1ce3) bne     s4, s1, pc - 8
core   0: 3 0x8000027c (0xfe9a1ce3)
core   0: 0x80000274 (0x00043ab3) sltu    s5, s0, zero
core   0: 3 0x80000274 (0x00043ab3) x21 0x00000000
core   0: 0x80000278 (0x001a0a13) addi    s4, s4, 1
core   0: 3 0x80000278 (0x001a0a13) x20 0x00000000
core   0: 0x8000027c (0xfe9a1ce3) bne     s4, s1, pc - 8
core   0: 3 0x8000027c (0xfe9a1ce3)
core   0: 0x80000274 (0x00043ab3) sltu    s5, s0, zero
core   0: 3 0x80000274 (0x00043ab3) x21 0x00000000
core   0: 0x80000278 (0x001a0a13) addi    s4, s4, 1
core   0: 3 0x80000278 (0x001a0a13) x20 0x00000001
core   0: 0x8000027c (0xfe9a1ce3) bne     s4, s1, pc - 8
core   0: 3 0x8000027c (0xfe9a1ce3)
core   0: 0x80000274 (0x00043ab3) sltu    s5, s0, zero
core   0: 3 0x80000274 (0x00043ab3) x21 0x00000000
core   0: 0x80000278 (0x001a0a13) addi    s4, s4, 1
core   0: 3 0x80000278 (0x001a0a13) x20 0x00000002
core   0: 0x8000027c (0xfe9a1ce3) bne     s4, s1, pc - 8
core   0: 3 0x8000027c (0xfe9a1ce3)
core   0: 0x80000274 (0x00043ab3) sltu    s5, s0, zero
core   0: 3 0x80000274 (0x00043ab3) x21 0x00000000
core   0: 0x80000278 (0x001a0a13) addi    s4, s4, 1
core   0: 3 0x80000278 (0x001a0a13) x20 0x00000003
core   0: 0x8000027c (0xfe9a1ce3) bne     s4, s1, pc - 8
core   0: 3 0x8000027c (0xfe9a1ce3)
core   0: 0x80000274 (0x00043ab3) sltu    s5, s0, zero
core   0: 3 0x80000274 (0x00043ab3) x21 0x00000000
core   0: 0x80000278 (0x001a0a13) addi    s4, s4, 1
core   0: 3 0x80000278 (0x001a0a13) x20 0x00000004
core   0: 0x8000027c (0xfe9a1ce3) bne     s4, s1, pc - 8
core   0: 3 0x8000027c (0xfe9a1ce3)
core   0: 0x80000280 (0xfe7710e3) bne     a4, t2, pc - 32
core   0: 3 0x80000280 (0xfe7710e3)
core   0: 0x80000260 (0x93a2b113) sltiu   sp, t0, -1734
core   0: 3 0x80000260 (0x93a2b113) x 2 0x00000001
core   0: 0x80000264 (0xffc70713) addi    a4, a4, -4
core   0: 3 0x80000264 (0xffc70713) x14 0xfffffffe
core   0: 0x80000268 (0xff700a13) li      s4, -9
core   0: 3 0x80000268 (0xff700a13) x20 0xfffffff7
core   0: 0x8000026c (0xb9bb0c93) addi    s9, s6, -1125
core   0: 3 0x8000026c (0xb9bb0c93) x25 0x21ef2dcf
core   0: 0x80000270 (0x00400493) li      s1, 4
core   0: 3 0x80000270 (0x00400493) x 9 0x00000004
core   0: 0x80000274 (0x00043ab3) sltu    s5, s0, zero
core   0: 3 0x80000274 (0x00043ab3) x21 0x00000000
core   0: 0x80000278 (0x001a0a13) addi    s4, s4, 1
core   0: 3 0x80000278 (0x001a0a13) x20 0xfffffff8
core   0: 0x8000027c (0xfe9a1ce3) bne     s4, s1, pc - 8
core   0: 3 0x8000027c (0xfe9a1ce3)
core   0: 0x80000274 (0x00043ab3) sltu    s5, s0, zero
core   0: 3 0x80000274 (0x00043ab3) x21 0x00000000
core   0: 0x80000278 (0x001a0a13) addi    s4, s4, 1
core   0: 3 0x80000278 (0x001a0a13) x20 0xfffffff9
core   0: 0x8000027c (0xfe9a1ce3) bne     s4, s1, pc - 8
core   0: 3 0x8000027c (0xfe9a1ce3)
core   0: 0x80000274 (0x00043ab3) sltu    s5, s0, zero
core   0: 3 0x80000274 (0x00043ab3) x21 0x00000000
core   0: 0x80000278 (0x001a0a13) addi    s4, s4, 1
core   0: 3 0x80000278 (0x001a0a13) x20 0xfffffffa
core   0: 0x8000027c (0xfe9a1ce3) bne     s4, s1, pc - 8
core   0: 3 0x8000027c (0xfe9a1ce3)
core   0: 0x80000274 (0x00043ab3) sltu    s5, s0, zero
core   0: 3 0x80000274 (0x00043ab3) x21 0x00000000
core   0: 0x80000278 (0x001a0a13) addi    s4, s4, 1
core   0: 3 0x80000278 (0x001a0a13) x20 0xfffffffb
core   0: 0x8000027c (0xfe9a1ce3) bne     s4, s1, pc - 8
core   0: 3 0x8000027c (0xfe9a1ce3)
core   0: 0x80000274 (0x00043ab3) sltu    s5, s0, zero
core   0: 3 0x80000274 (0x00043ab3) x21 0x00000000
core   0: 0x80000278 (0x001a0a13) addi    s4, s4, 1
core   0: 3 0x80000278 (0x001a0a13) x20 0xfffffffc
core   0: 0x8000027c (0xfe9a1ce3) bne     s4, s1, pc - 8
core   0: 3 0x8000027c (0xfe9a1ce3)
core   0: 0x80000274 (0x00043ab3) sltu    s5, s0, zero
core   0: 3 0x80000274 (0x00043ab3) x21 0x00000000
core   0: 0x80000278 (0x001a0a13) addi    s4, s4, 1
core   0: 3 0x80000278 (0x001a0a13) x20 0xfffffffd
core   0: 0x8000027c (0xfe9a1ce3) bne     s4, s1, pc - 8
core   0: 3 0x8000027c (0xfe9a1ce3)
core   0: 0x80000274 (0x00043ab3) sltu    s5, s0, zero
core   0: 3 0x80000274 (0x00043ab3) x21 0x00000000
core   0: 0x80000278 (0x001a0a13) addi    s4, s4, 1
core   0: 3 0x80000278 (0x001a0a13) x20 0xfffffffe
core   0: 0x8000027c (0xfe9a1ce3) bne     s4, s1, pc - 8
core   0: 3 0x8000027c (0xfe9a1ce3)
core   0: 0x80000274 (0x00043ab3) sltu    s5, s0, zero
core   0: 3 0x80000274 (0x00043ab3) x21 0x00000000
core   0: 0x80000278 (0x001a0a13) addi    s4, s4, 1
core   0: 3 0x80000278 (0x001a0a13) x20 0xffffffff
core   0: 0x8000027c (0xfe9a1ce3) bne     s4, s1, pc - 8
core   0: 3 0x8000027c (0xfe9a1ce3)
core   0: 0x80000274 (0x00043ab3) sltu    s5, s0, zero
core   0: 3 0x80000274 (0x00043ab3) x21 0x00000000
core   0: 0x80000278 (0x001a0a13) addi    s4, s4, 1
core   0: 3 0x80000278 (0x001a0a13) x20 0x00000000
core   0: 0x8000027c (0xfe9a1ce3) bne     s4, s1, pc - 8
core   0: 3 0x8000027c (0xfe9a1ce3)
core   0: 0x80000274 (0x00043ab3) sltu    s5, s0, zero
core   0: 3 0x80000274 (0x00043ab3) x21 0x00000000
core   0: 0x80000278 (0x001a0a13) addi    s4, s4, 1
core   0: 3 0x80000278 (0x001a0a13) x20 0x00000001
core   0: 0x8000027c (0xfe9a1ce3) bne     s4, s1, pc - 8
core   0: 3 0x8000027c (0xfe9a1ce3)
core   0: 0x80000274 (0x00043ab3) sltu    s5, s0, zero
core   0: 3 0x80000274 (0x00043ab3) x21 0x00000000
core   0: 0x80000278 (0x001a0a13) addi    s4, s4, 1
core   0: 3 0x80000278 (0x001a0a13) x20 0x00000002
core   0: 0x8000027c (0xfe9a1ce3) bne     s4, s1, pc - 8
core   0: 3 0x8000027c (0xfe9a1ce3)
core   0: 0x80000274 (0x00043ab3) sltu    s5, s0, zero
core   0: 3 0x80000274 (0x00043ab3) x21 0x00000000
core   0: 0x80000278 (0x001a0a13) addi    s4, s4, 1
core   0: 3 0x80000278 (0x001a0a13) x20 0x00000003
core   0: 0x8000027c (0xfe9a1ce3) bne     s4, s1, pc - 8
core   0: 3 0x8000027c (0xfe9a1ce3)
core   0: 0x80000274 (0x00043ab3) sltu    s5, s0, zero
core   0: 3 0x80000274 (0x00043ab3) x21 0x00000000
core   0: 0x80000278 (0x001a0a13) addi    s4, s4, 1
core   0: 3 0x80000278 (0x001a0a13) x20 0x00000004
core   0: 0x8000027c (0xfe9a1ce3) bne     s4, s1, pc - 8
core   0: 3 0x8000027c (0xfe9a1ce3)
core   0: 0x80000280 (0xfe7710e3) bne     a4, t2, pc - 32
core   0: 3 0x80000280 (0xfe7710e3)
core   0: 0x80000260 (0x93a2b113) sltiu   sp, t0, -1734
core   0: 3 0x80000260 (0x93a2b113) x 2 0x00000001
core   0: 0x80000264 (0xffc70713) addi    a4, a4, -4
core   0: 3 0x80000264 (0xffc70713) x14 0xfffffffa
core   0: 0x80000268 (0xff700a13) li      s4, -9
core   0: 3 0x80000268 (0xff700a13) x20 0xfffffff7
core   0: 0x8000026c (0xb9bb0c93) addi    s9, s6, -1125
core   0: 3 0x8000026c (0xb9bb0c93) x25 0x21ef2dcf
core   0: 0x80000270 (0x00400493) li      s1, 4
core   0: 3 0x80000270 (0x00400493) x 9 0x00000004
core   0: 0x80000274 (0x00043ab3) sltu    s5, s0, zero
core   0: 3 0x80000274 (0x00043ab3) x21 0x00000000
core   0: 0x80000278 (0x001a0a13) addi    s4, s4, 1
core   0: 3 0x80000278 (0x001a0a13) x20 0xfffffff8
core   0: 0x8000027c (0xfe9a1ce3) bne     s4, s1, pc - 8
core   0: 3 0x8000027c (0xfe9a1ce3)
core   0: 0x80000274 (0x00043ab3) sltu    s5, s0, zero
core   0: 3 0x80000274 (0x00043ab3) x21 0x00000000
core   0: 0x80000278 (0x001a0a13) addi    s4, s4, 1
core   0: 3 0x80000278 (0x001a0a13) x20 0xfffffff9
core   0: 0x8000027c (0xfe9a1ce3) bne     s4, s1, pc - 8
core   0: 3 0x8000027c (0xfe9a1ce3)
core   0: 0x80000274 (0x00043ab3) sltu    s5, s0, zero
core   0: 3 0x80000274 (0x00043ab3) x21 0x00000000
core   0: 0x80000278 (0x001a0a13) addi    s4, s4, 1
core   0: 3 0x80000278 (0x001a0a13) x20 0xfffffffa
core   0: 0x8000027c (0xfe9a1ce3) bne     s4, s1, pc - 8
core   0: 3 0x8000027c (0xfe9a1ce3)
core   0: 0x80000274 (0x00043ab3) sltu    s5, s0, zero
core   0: 3 0x80000274 (0x00043ab3) x21 0x00000000
core   0: 0x80000278 (0x001a0a13) addi    s4, s4, 1
core   0: 3 0x80000278 (0x001a0a13) x20 0xfffffffb
core   0: 0x8000027c (0xfe9a1ce3) bne     s4, s1, pc - 8
core   0: 3 0x8000027c (0xfe9a1ce3)
core   0: 0x80000274 (0x00043ab3) sltu    s5, s0, zero
core   0: 3 0x80000274 (0x00043ab3) x21 0x00000000
core   0: 0x80000278 (0x001a0a13) addi    s4, s4, 1
core   0: 3 0x80000278 (0x001a0a13) x20 0xfffffffc
core   0: 0x8000027c (0xfe9a1ce3) bne     s4, s1, pc - 8
core   0: 3 0x8000027c (0xfe9a1ce3)
core   0: 0x80000274 (0x00043ab3) sltu    s5, s0, zero
core   0: 3 0x80000274 (0x00043ab3) x21 0x00000000
core   0: 0x80000278 (0x001a0a13) addi    s4, s4, 1
core   0: 3 0x80000278 (0x001a0a13) x20 0xfffffffd
core   0: 0x8000027c (0xfe9a1ce3) bne     s4, s1, pc - 8
core   0: 3 0x8000027c (0xfe9a1ce3)
core   0: 0x80000274 (0x00043ab3) sltu    s5, s0, zero
core   0: 3 0x80000274 (0x00043ab3) x21 0x00000000
core   0: 0x80000278 (0x001a0a13) addi    s4, s4, 1
core   0: 3 0x80000278 (0x001a0a13) x20 0xfffffffe
core   0: 0x8000027c (0xfe9a1ce3) bne     s4, s1, pc - 8
core   0: 3 0x8000027c (0xfe9a1ce3)
core   0: 0x80000274 (0x00043ab3) sltu    s5, s0, zero
core   0: 3 0x80000274 (0x00043ab3) x21 0x00000000
core   0: 0x80000278 (0x001a0a13) addi    s4, s4, 1
core   0: 3 0x80000278 (0x001a0a13) x20 0xffffffff
core   0: 0x8000027c (0xfe9a1ce3) bne     s4, s1, pc - 8
core   0: 3 0x8000027c (0xfe9a1ce3)
core   0: 0x80000274 (0x00043ab3) sltu    s5, s0, zero
core   0: 3 0x80000274 (0x00043ab3) x21 0x00000000
core   0: 0x80000278 (0x001a0a13) addi    s4, s4, 1
core   0: 3 0x80000278 (0x001a0a13) x20 0x00000000
core   0: 0x8000027c (0xfe9a1ce3) bne     s4, s1, pc - 8
core   0: 3 0x8000027c (0xfe9a1ce3)
core   0: 0x80000274 (0x00043ab3) sltu    s5, s0, zero
core   0: 3 0x80000274 (0x00043ab3) x21 0x00000000
core   0: 0x80000278 (0x001a0a13) addi    s4, s4, 1
core   0: 3 0x80000278 (0x001a0a13) x20 0x00000001
core   0: 0x8000027c (0xfe9a1ce3) bne     s4, s1, pc - 8
core   0: 3 0x8000027c (0xfe9a1ce3)
core   0: 0x80000274 (0x00043ab3) sltu    s5, s0, zero
core   0: 3 0x80000274 (0x00043ab3) x21 0x00000000
core   0: 0x80000278 (0x001a0a13) addi    s4, s4, 1
core   0: 3 0x80000278 (0x001a0a13) x20 0x00000002
core   0: 0x8000027c (0xfe9a1ce3) bne     s4, s1, pc - 8
core   0: 3 0x8000027c (0xfe9a1ce3)
core   0: 0x80000274 (0x00043ab3) sltu    s5, s0, zero
core   0: 3 0x80000274 (0x00043ab3) x21 0x00000000
core   0: 0x80000278 (0x001a0a13) addi    s4, s4, 1
core   0: 3 0x80000278 (0x001a0a13) x20 0x00000003
core   0: 0x8000027c (0xfe9a1ce3) bne     s4, s1, pc - 8
core   0: 3 0x8000027c (0xfe9a1ce3)
core   0: 0x80000274 (0x00043ab3) sltu    s5, s0, zero
core   0: 3 0x80000274 (0x00043ab3) x21 0x00000000
core   0: 0x80000278 (0x001a0a13) addi    s4, s4, 1
core   0: 3 0x80000278 (0x001a0a13) x20 0x00000004
core   0: 0x8000027c (0xfe9a1ce3) bne     s4, s1, pc - 8
core   0: 3 0x8000027c (0xfe9a1ce3)
core   0: 0x80000280 (0xfe7710e3) bne     a4, t2, pc - 32
core   0: 3 0x80000280 (0xfe7710e3)
core   0: 0x80000260 (0x93a2b113) sltiu   sp, t0, -1734
core   0: 3 0x80000260 (0x93a2b113) x 2 0x00000001
core   0: 0x80000264 (0xffc70713) addi    a4, a4, -4
core   0: 3 0x80000264 (0xffc70713) x14 0xfffffff6
core   0: 0x80000268 (0xff700a13) li      s4, -9
core   0: 3 0x80000268 (0xff700a13) x20 0xfffffff7
core   0: 0x8000026c (0xb9bb0c93) addi    s9, s6, -1125
core   0: 3 0x8000026c (0xb9bb0c93) x25 0x21ef2dcf
core   0: 0x80000270 (0x00400493) li      s1, 4
core   0: 3 0x80000270 (0x00400493) x 9 0x00000004
core   0: 0x80000274 (0x00043ab3) sltu    s5, s0, zero
core   0: 3 0x80000274 (0x00043ab3) x21 0x00000000
core   0: 0x80000278 (0x001a0a13) addi    s4, s4, 1
core   0: 3 0x80000278 (0x001a0a13) x20 0xfffffff8
core   0: 0x8000027c (0xfe9a1ce3) bne     s4, s1, pc - 8
core   0: 3 0x8000027c (0xfe9a1ce3)
core   0: 0x80000274 (0x00043ab3) sltu    s5, s0, zero
core   0: 3 0x80000274 (0x00043ab3) x21 0x00000000
core   0: 0x80000278 (0x001a0a13) addi    s4, s4, 1
core   0: 3 0x80000278 (0x001a0a13) x20 0xfffffff9
core   0: 0x8000027c (0xfe9a1ce3) bne     s4, s1, pc - 8
core   0: 3 0x8000027c (0xfe9a1ce3)
core   0: 0x80000274 (0x00043ab3) sltu    s5, s0, zero
core   0: 3 0x80000274 (0x00043ab3) x21 0x00000000
core   0: 0x80000278 (0x001a0a13) addi    s4, s4, 1
core   0: 3 0x80000278 (0x001a0a13) x20 0xfffffffa
core   0: 0x8000027c (0xfe9a1ce3) bne     s4, s1, pc - 8
core   0: 3 0x8000027c (0xfe9a1ce3)
core   0: 0x80000274 (0x00043ab3) sltu    s5, s0, zero
core   0: 3 0x80000274 (0x00043ab3) x21 0x00000000
core   0: 0x80000278 (0x001a0a13) addi    s4, s4, 1
core   0: 3 0x80000278 (0x001a0a13) x20 0xfffffffb
core   0: 0x8000027c (0xfe9a1ce3) bne     s4, s1, pc - 8
core   0: 3 0x8000027c (0xfe9a1ce3)
core   0: 0x80000274 (0x00043ab3) sltu    s5, s0, zero
core   0: 3 0x80000274 (0x00043ab3) x21 0x00000000
core   0: 0x80000278 (0x001a0a13) addi    s4, s4, 1
core   0: 3 0x80000278 (0x001a0a13) x20 0xfffffffc
core   0: 0x8000027c (0xfe9a1ce3) bne     s4, s1, pc - 8
core   0: 3 0x8000027c (0xfe9a1ce3)
core   0: 0x80000274 (0x00043ab3) sltu    s5, s0, zero
core   0: 3 0x80000274 (0x00043ab3) x21 0x00000000
core   0: 0x80000278 (0x001a0a13) addi    s4, s4, 1
core   0: 3 0x80000278 (0x001a0a13) x20 0xfffffffd
core   0: 0x8000027c (0xfe9a1ce3) bne     s4, s1, pc - 8
core   0: 3 0x8000027c (0xfe9a1ce3)
core   0: 0x80000274 (0x00043ab3) sltu    s5, s0, zero
core   0: 3 0x80000274 (0x00043ab3) x21 0x00000000
core   0: 0x80000278 (0x001a0a13) addi    s4, s4, 1
core   0: 3 0x80000278 (0x001a0a13) x20 0xfffffffe
core   0: 0x8000027c (0xfe9a1ce3) bne     s4, s1, pc - 8
core   0: 3 0x8000027c (0xfe9a1ce3)
core   0: 0x80000274 (0x00043ab3) sltu    s5, s0, zero
core   0: 3 0x80000274 (0x00043ab3) x21 0x00000000
core   0: 0x80000278 (0x001a0a13) addi    s4, s4, 1
core   0: 3 0x80000278 (0x001a0a13) x20 0xffffffff
core   0: 0x8000027c (0xfe9a1ce3) bne     s4, s1, pc - 8
core   0: 3 0x8000027c (0xfe9a1ce3)
core   0: 0x80000274 (0x00043ab3) sltu    s5, s0, zero
core   0: 3 0x80000274 (0x00043ab3) x21 0x00000000
core   0: 0x80000278 (0x001a0a13) addi    s4, s4, 1
core   0: 3 0x80000278 (0x001a0a13) x20 0x00000000
core   0: 0x8000027c (0xfe9a1ce3) bne     s4, s1, pc - 8
core   0: 3 0x8000027c (0xfe9a1ce3)
core   0: 0x80000274 (0x00043ab3) sltu    s5, s0, zero
core   0: 3 0x80000274 (0x00043ab3) x21 0x00000000
core   0: 0x80000278 (0x001a0a13) addi    s4, s4, 1
core   0: 3 0x80000278 (0x001a0a13) x20 0x00000001
core   0: 0x8000027c (0xfe9a1ce3) bne     s4, s1, pc - 8
core   0: 3 0x8000027c (0xfe9a1ce3)
core   0: 0x80000274 (0x00043ab3) sltu    s5, s0, zero
core   0: 3 0x80000274 (0x00043ab3) x21 0x00000000
core   0: 0x80000278 (0x001a0a13) addi    s4, s4, 1
core   0: 3 0x80000278 (0x001a0a13) x20 0x00000002
core   0: 0x8000027c (0xfe9a1ce3) bne     s4, s1, pc - 8
core   0: 3 0x8000027c (0xfe9a1ce3)
core   0: 0x80000274 (0x00043ab3) sltu    s5, s0, zero
core   0: 3 0x80000274 (0x00043ab3) x21 0x00000000
core   0: 0x80000278 (0x001a0a13) addi    s4, s4, 1
core   0: 3 0x80000278 (0x001a0a13) x20 0x00000003
core   0: 0x8000027c (0xfe9a1ce3) bne     s4, s1, pc - 8
core   0: 3 0x8000027c (0xfe9a1ce3)
core   0: 0x80000274 (0x00043ab3) sltu    s5, s0, zero
core   0: 3 0x80000274 (0x00043ab3) x21 0x00000000
core   0: 0x80000278 (0x001a0a13) addi    s4, s4, 1
core   0: 3 0x80000278 (0x001a0a13) x20 0x00000004
core   0: 0x8000027c (0xfe9a1ce3) bne     s4, s1, pc - 8
core   0: 3 0x8000027c (0xfe9a1ce3)
core   0: 0x80000280 (0xfe7710e3) bne     a4, t2, pc - 32
core   0: 3 0x80000280 (0xfe7710e3)
core   0: 0x80000284 (0xe35e3c13) sltiu   s8, t3, -459
core   0: 3 0x80000284 (0xe35e3c13) x24 0x00000001
core   0: 0x80000288 (0xffb00c93) li      s9, -5
core   0: 3 0x80000288 (0xffb00c93) x25 0xfffffffb
core   0: 0x8000028c (0x00a3d013) srli    zero, t2, 10
core   0: 3 0x8000028c (0x00a3d013)
core   0: 0x80000290 (0x000d9293) slli    t0, s11, 0
core   0: 3 0x80000290 (0x000d9293) x 5 0x00000000
core   0: 0x80000294 (0x04183d93) sltiu   s11, a6, 65
core   0: 3 0x80000294 (0x04183d93) x27 0x00000000
core   0: 0x80000298 (0x00400993) li      s3, 4
core   0: 3 0x80000298 (0x00400993) x19 0x00000004
core   0: 0x8000029c (0x0000100f) fence.i
core   0: 3 0x8000029c (0x0000100f)
core   0: 0x800002a0 (0x0000100f) fence.i
core   0: 3 0x800002a0 (0x0000100f)
core   0: 0x800002a4 (0x41745a13) srai    s4, s0, 23
core   0: 3 0x800002a4 (0x41745a13) x20 0x00000000
core   0: 0x800002a8 (0x6b0d4113) xori    sp, s10, 1712
core   0: 3 0x800002a8 (0x6b0d4113) x 2 0x83492ae3
core   0: 0x800002ac (0x008cfdb3) and     s11, s9, s0
core   0: 3 0x800002ac (0x008cfdb3) x27 0x00000012
core   0: 0x800002b0 (0x001c8c93) addi    s9, s9, 1
core   0: 3 0x800002b0 (0x001c8c93) x25 0xfffffffc
core   0: 0x800002b4 (0xabbd6c13) ori     s8, s10, -1349
core   0: 3 0x800002b4 (0xabbd6c13) x24 0xfffffefb
core   0: 0x800002b8 (0x0ff0000f) fence   iorw,iorw
core   0: 3 0x800002b8 (0x0ff0000f)
core   0: 0x800002bc (0x01e05c13) srli    s8, zero, 30
core   0: 3 0x800002bc (0x01e05c13) x24 0x00000000
core   0: 0x800002c0 (0x0000100f) fence.i
core   0: 3 0x800002c0 (0x0000100f)
core   0: 0x800002c4 (0xff3cc2e3) blt     s9, s3, pc - 28
core   0: 3 0x800002c4 (0xff3cc2e3)
core   0: 0x800002a8 (0x6b0d4113) xori    sp, s10, 1712
core   0: 3 0x800002a8 (0x6b0d4113) x 2 0x83492ae3
core   0: 0x800002ac (0x008cfdb3) and     s11, s9, s0
core   0: 3 0x800002ac (0x008cfdb3) x27 0x00000010
core   0: 0x800002b0 (0x001c8c93) addi    s9, s9, 1
core   0: 3 0x800002b0 (0x001c8c93) x25 0xfffffffd
core   0: 0x800002b4 (0xabbd6c13) ori     s8, s10, -1349
core   0: 3 0x800002b4 (0xabbd6c13) x24 0xfffffefb
core   0: 0x800002b8 (0x0ff0000f) fence   iorw,iorw
core   0: 3 0x800002b8 (0x0ff0000f)
core   0: 0x800002bc (0x01e05c13) srli    s8, zero, 30
core   0: 3 0x800002bc (0x01e05c13) x24 0x00000000
core   0: 0x800002c0 (0x0000100f) fence.i
core   0: 3 0x800002c0 (0x0000100f)
core   0: 0x800002c4 (0xff3cc2e3) blt     s9, s3, pc - 28
core   0: 3 0x800002c4 (0xff3cc2e3)
core   0: 0x800002a8 (0x6b0d4113) xori    sp, s10, 1712
core   0: 3 0x800002a8 (0x6b0d4113) x 2 0x83492ae3
core   0: 0x800002ac (0x008cfdb3) and     s11, s9, s0
core   0: 3 0x800002ac (0x008cfdb3) x27 0x00000010
core   0: 0x800002b0 (0x001c8c93) addi    s9, s9, 1
core   0: 3 0x800002b0 (0x001c8c93) x25 0xfffffffe
core   0: 0x800002b4 (0xabbd6c13) ori     s8, s10, -1349
core   0: 3 0x800002b4 (0xabbd6c13) x24 0xfffffefb
core   0: 0x800002b8 (0x0ff0000f) fence   iorw,iorw
core   0: 3 0x800002b8 (0x0ff0000f)
core   0: 0x800002bc (0x01e05c13) srli    s8, zero, 30
core   0: 3 0x800002bc (0x01e05c13) x24 0x00000000
core   0: 0x800002c0 (0x0000100f) fence.i
core   0: 3 0x800002c0 (0x0000100f)
core   0: 0x800002c4 (0xff3cc2e3) blt     s9, s3, pc - 28
core   0: 3 0x800002c4 (0xff3cc2e3)
core   0: 0x800002a8 (0x6b0d4113) xori    sp, s10, 1712
core   0: 3 0x800002a8 (0x6b0d4113) x 2 0x83492ae3
core   0: 0x800002ac (0x008cfdb3) and     s11, s9, s0
core   0: 3 0x800002ac (0x008cfdb3) x27 0x00000012
core   0: 0x800002b0 (0x001c8c93) addi    s9, s9, 1
core   0: 3 0x800002b0 (0x001c8c93) x25 0xffffffff
core   0: 0x800002b4 (0xabbd6c13) ori     s8, s10, -1349
core   0: 3 0x800002b4 (0xabbd6c13) x24 0xfffffefb
core   0: 0x800002b8 (0x0ff0000f) fence   iorw,iorw
core   0: 3 0x800002b8 (0x0ff0000f)
core   0: 0x800002bc (0x01e05c13) srli    s8, zero, 30
core   0: 3 0x800002bc (0x01e05c13) x24 0x00000000
core   0: 0x800002c0 (0x0000100f) fence.i
core   0: 3 0x800002c0 (0x0000100f)
core   0: 0x800002c4 (0xff3cc2e3) blt     s9, s3, pc - 28
core   0: 3 0x800002c4 (0xff3cc2e3)
core   0: 0x800002a8 (0x6b0d4113) xori    sp, s10, 1712
core   0: 3 0x800002a8 (0x6b0d4113) x 2 0x83492ae3
core   0: 0x800002ac (0x008cfdb3) and     s11, s9, s0
core   0: 3 0x800002ac (0x008cfdb3) x27 0x00000012
core   0: 0x800002b0 (0x001c8c93) addi    s9, s9, 1
core   0: 3 0x800002b0 (0x001c8c93) x25 0x00000000
core   0: 0x800002b4 (0xabbd6c13) ori     s8, s10, -1349
core   0: 3 0x800002b4 (0xabbd6c13) x24 0xfffffefb
core   0: 0x800002b8 (0x0ff0000f) fence   iorw,iorw
core   0: 3 0x800002b8 (0x0ff0000f)
core   0: 0x800002bc (0x01e05c13) srli    s8, zero, 30
core   0: 3 0x800002bc (0x01e05c13) x24 0x00000000
core   0: 0x800002c0 (0x0000100f) fence.i
core   0: 3 0x800002c0 (0x0000100f)
core   0: 0x800002c4 (0xff3cc2e3) blt     s9, s3, pc - 28
core   0: 3 0x800002c4 (0xff3cc2e3)
core   0: 0x800002a8 (0x6b0d4113) xori    sp, s10, 1712
core   0: 3 0x800002a8 (0x6b0d4113) x 2 0x83492ae3
core   0: 0x800002ac (0x008cfdb3) and     s11, s9, s0
core   0: 3 0x800002ac (0x008cfdb3) x27 0x00000000
core   0: 0x800002b0 (0x001c8c93) addi    s9, s9, 1
core   0: 3 0x800002b0 (0x001c8c93) x25 0x00000001
core   0: 0x800002b4 (0xabbd6c13) ori     s8, s10, -1349
core   0: 3 0x800002b4 (0xabbd6c13) x24 0xfffffefb
core   0: 0x800002b8 (0x0ff0000f) fence   iorw,iorw
core   0: 3 0x800002b8 (0x0ff0000f)
core   0: 0x800002bc (0x01e05c13) srli    s8, zero, 30
core   0: 3 0x800002bc (0x01e05c13) x24 0x00000000
core   0: 0x800002c0 (0x0000100f) fence.i
core   0: 3 0x800002c0 (0x0000100f)
core   0: 0x800002c4 (0xff3cc2e3) blt     s9, s3, pc - 28
core   0: 3 0x800002c4 (0xff3cc2e3)
core   0: 0x800002a8 (0x6b0d4113) xori    sp, s10, 1712
core   0: 3 0x800002a8 (0x6b0d4113) x 2 0x83492ae3
core   0: 0x800002ac (0x008cfdb3) and     s11, s9, s0
core   0: 3 0x800002ac (0x008cfdb3) x27 0x00000000
core   0: 0x800002b0 (0x001c8c93) addi    s9, s9, 1
core   0: 3 0x800002b0 (0x001c8c93) x25 0x00000002
core   0: 0x800002b4 (0xabbd6c13) ori     s8, s10, -1349
core   0: 3 0x800002b4 (0xabbd6c13) x24 0xfffffefb
core   0: 0x800002b8 (0x0ff0000f) fence   iorw,iorw
core   0: 3 0x800002b8 (0x0ff0000f)
core   0: 0x800002bc (0x01e05c13) srli    s8, zero, 30
core   0: 3 0x800002bc (0x01e05c13) x24 0x00000000
core   0: 0x800002c0 (0x0000100f) fence.i
core   0: 3 0x800002c0 (0x0000100f)
core   0: 0x800002c4 (0xff3cc2e3) blt     s9, s3, pc - 28
core   0: 3 0x800002c4 (0xff3cc2e3)
core   0: 0x800002a8 (0x6b0d4113) xori    sp, s10, 1712
core   0: 3 0x800002a8 (0x6b0d4113) x 2 0x83492ae3
core   0: 0x800002ac (0x008cfdb3) and     s11, s9, s0
core   0: 3 0x800002ac (0x008cfdb3) x27 0x00000002
core   0: 0x800002b0 (0x001c8c93) addi    s9, s9, 1
core   0: 3 0x800002b0 (0x001c8c93) x25 0x00000003
core   0: 0x800002b4 (0xabbd6c13) ori     s8, s10, -1349
core   0: 3 0x800002b4 (0xabbd6c13) x24 0xfffffefb
core   0: 0x800002b8 (0x0ff0000f) fence   iorw,iorw
core   0: 3 0x800002b8 (0x0ff0000f)
core   0: 0x800002bc (0x01e05c13) srli    s8, zero, 30
core   0: 3 0x800002bc (0x01e05c13) x24 0x00000000
core   0: 0x800002c0 (0x0000100f) fence.i
core   0: 3 0x800002c0 (0x0000100f)
core   0: 0x800002c4 (0xff3cc2e3) blt     s9, s3, pc - 28
core   0: 3 0x800002c4 (0xff3cc2e3)
core   0: 0x800002a8 (0x6b0d4113) xori    sp, s10, 1712
core   0: 3 0x800002a8 (0x6b0d4113) x 2 0x83492ae3
core   0: 0x800002ac (0x008cfdb3) and     s11, s9, s0
core   0: 3 0x800002ac (0x008cfdb3) x27 0x00000002
core   0: 0x800002b0 (0x001c8c93) addi    s9, s9, 1
core   0: 3 0x800002b0 (0x001c8c93) x25 0x00000004
core   0: 0x800002b4 (0xabbd6c13) ori     s8, s10, -1349
core   0: 3 0x800002b4 (0xabbd6c13) x24 0xfffffefb
core   0: 0x800002b8 (0x0ff0000f) fence   iorw,iorw
core   0: 3 0x800002b8 (0x0ff0000f)
core   0: 0x800002bc (0x01e05c13) srli    s8, zero, 30
core   0: 3 0x800002bc (0x01e05c13) x24 0x00000000
core   0: 0x800002c0 (0x0000100f) fence.i
core   0: 3 0x800002c0 (0x0000100f)
core   0: 0x800002c4 (0xff3cc2e3) blt     s9, s3, pc - 28
core   0: 3 0x800002c4 (0xff3cc2e3)
core   0: 0x800002c8 (0xad4e2493) slti    s1, t3, -1324
core   0: 3 0x800002c8 (0xad4e2493) x 9 0x00000001
core   0: 0x800002cc (0x00200613) li      a2, 2
core   0: 3 0x800002cc (0x00200613) x12 0x00000002
core   0: 0x800002d0 (0x01000b93) li      s7, 16
core   0: 3 0x800002d0 (0x01000b93) x23 0x00000010
core   0: 0x800002d4 (0x01e6c1b3) xor     gp, a3, t5
core   0: 3 0x800002d4 (0x01e6c1b3) x 3 0x96a2523d
core   0: 0x800002d8 (0x40098b33) sub     s6, s3, zero
core   0: 3 0x800002d8 (0x40098b33) x22 0x00000004
core   0: 0x800002dc (0x0119bcb3) sltu    s9, s3, a7
core   0: 3 0x800002dc (0x0119bcb3) x25 0x00000001
core   0: 0x800002e0 (0x6066a593) slti    a1, a3, 1542
core   0: 3 0x800002e0 (0x6066a593) x11 0x00000000
core   0: 0x800002e4 (0x018741b3) xor     gp, a4, s8
core   0: 3 0x800002e4 (0x018741b3) x 3 0xfffffff6
core   0: 0x800002e8 (0x01b8b0b3) sltu    ra, a7, s11
core   0: 3 0x800002e8 (0x01b8b0b3) x 1 0x00000000
core   0: 0x800002ec (0x00360613) addi    a2, a2, 3
core   0: 3 0x800002ec (0x00360613) x12 0x00000005
core   0: 0x800002f0 (0x89472397) auipc   t2, 0x89472
core   0: 3 0x800002f0 (0x89472397) x 7 0x094722f0
core   0: 0x800002f4 (0x00159213) slli    tp, a1, 1
core   0: 3 0x800002f4 (0x00159213) x 4 0x00000000
core   0: 0x800002f8 (0x0106d593) srli    a1, a3, 16
core   0: 3 0x800002f8 (0x0106d593) x11 0x00000000
core   0: 0x800002fc (0xe5250a13) addi    s4, a0, -430
core   0: 3 0x800002fc (0xe5250a13) x20 0xfffffe52
core   0: 0x80000300 (0x003d05b3) add     a1, s10, gp
core   0: 3 0x80000300 (0x003d05b3) x11 0x83492c49
core   0: 0x80000304 (0x01e89fb3) sll     t6, a7, t5
core   0: 3 0x80000304 (0x01e89fb3) x31 0x80000000
core   0: 0x80000308 (0xa88e7f13) andi    t5, t3, -1400
core   0: 3 0x80000308 (0xa88e7f13) x30 0x83492800
core   0: 0x8000030c (0xfd7664e3) bltu    a2, s7, pc - 56
core   0: 3 0x8000030c (0xfd7664e3)
core   0: 0x800002d4 (0x01e6c1b3) xor     gp, a3, t5
core   0: 3 0x800002d4 (0x01e6c1b3) x 3 0x83493c00
core   0: 0x800002d8 (0x40098b33) sub     s6, s3, zero
core   0: 3 0x800002d8 (0x40098b33) x22 0x00000004
core   0: 0x800002dc (0x0119bcb3) sltu    s9, s3, a7
core   0: 3 0x800002dc (0x0119bcb3) x25 0x00000001
core   0: 0x800002e0 (0x6066a593) slti    a1, a3, 1542
core   0: 3 0x800002e0 (0x6066a593) x11 0x00000000
core   0: 0x800002e4 (0x018741b3) xor     gp, a4, s8
core   0: 3 0x800002e4 (0x018741b3) x 3 0xfffffff6
core   0: 0x800002e8 (0x01b8b0b3) sltu    ra, a7, s11
core   0: 3 0x800002e8 (0x01b8b0b3) x 1 0x00000000
core   0: 0x800002ec (0x00360613) addi    a2, a2, 3
core   0: 3 0x800002ec (0x00360613) x12 0x00000008
core   0: 0x800002f0 (0x89472397) auipc   t2, 0x89472
core   0: 3 0x800002f0 (0x89472397) x 7 0x094722f0
core   0: 0x800002f4 (0x00159213) slli    tp, a1, 1
core   0: 3 0x800002f4 (0x00159213) x 4 0x00000000
core   0: 0x800002f8 (0x0106d593) srli    a1, a3, 16
core   0: 3 0x800002f8 (0x0106d593) x11 0x00000000
core   0: 0x800002fc (0xe5250a13) addi    s4, a0, -430
core   0: 3 0x800002fc (0xe5250a13) x20 0xfffffe52
core   0: 0x80000300 (0x003d05b3) add     a1, s10, gp
core   0: 3 0x80000300 (0x003d05b3) x11 0x83492c49
core   0: 0x80000304 (0x01e89fb3) sll     t6, a7, t5
core   0: 3 0x80000304 (0x01e89fb3) x31 0x80028ce4
core   0: 0x80000308 (0xa88e7f13) andi    t5, t3, -1400
core   0: 3 0x80000308 (0xa88e7f13) x30 0x83492800
core   0: 0x8000030c (0xfd7664e3) bltu    a2, s7, pc - 56
core   0: 3 0x8000030c (0xfd7664e3)
core   0: 0x800002d4 (0x01e6c1b3) xor     gp, a3, t5
core   0: 3 0x800002d4 (0x01e6c1b3) x 3 0x83493c00
core   0: 0x800002d8 (0x40098b33) sub     s6, s3, zero
core   0: 3 0x800002d8 (0x40098b33) x22 0x00000004
core   0: 0x800002dc (0x0119bcb3) sltu    s9, s3, a7
core   0: 3 0x800002dc (0x0119bcb3) x25 0x00000001
core   0: 0x800002e0 (0x6066a593) slti    a1, a3, 1542
core   0: 3 0x800002e0 (0x6066a593) x11 0x00000000
core   0: 0x800002e4 (0x018741b3) xor     gp, a4, s8
core   0: 3 0x800002e4 (0x018741b3) x 3 0xfffffff6
core   0: 0x800002e8 (0x01b8b0b3) sltu    ra, a7, s11
core   0: 3 0x800002e8 (0x01b8b0b3) x 1 0x00000000
core   0: 0x800002ec (0x00360613) addi    a2, a2, 3
core   0: 3 0x800002ec (0x00360613) x12 0x0000000b
core   0: 0x800002f0 (0x89472397) auipc   t2, 0x89472
core   0: 3 0x800002f0 (0x89472397) x 7 0x094722f0
core   0: 0x800002f4 (0x00159213) slli    tp, a1, 1
core   0: 3 0x800002f4 (0x00159213) x 4 0x00000000
core   0: 0x800002f8 (0x0106d593) srli    a1, a3, 16
core   0: 3 0x800002f8 (0x0106d593) x11 0x00000000
core   0: 0x800002fc (0xe5250a13) addi    s4, a0, -430
core   0: 3 0x800002fc (0xe5250a13) x20 0xfffffe52
core   0: 0x80000300 (0x003d05b3) add     a1, s10, gp
core   0: 3 0x80000300 (0x003d05b3) x11 0x83492c49
core   0: 0x80000304 (0x01e89fb3) sll     t6, a7, t5
core   0: 3 0x80000304 (0x01e89fb3) x31 0x80028ce4
core   0: 0x80000308 (0xa88e7f13) andi    t5, t3, -1400
core   0: 3 0x80000308 (0xa88e7f13) x30 0x83492800
core   0: 0x8000030c (0xfd7664e3) bltu    a2, s7, pc - 56
core   0: 3 0x8000030c (0xfd7664e3)
core   0: 0x800002d4 (0x01e6c1b3) xor     gp, a3, t5
core   0: 3 0x800002d4 (0x01e6c1b3) x 3 0x83493c00
core   0: 0x800002d8 (0x40098b33) sub     s6, s3, zero
core   0: 3 0x800002d8 (0x40098b33) x22 0x00000004
core   0: 0x800002dc (0x0119bcb3) sltu    s9, s3, a7
core   0: 3 0x800002dc (0x0119bcb3) x25 0x00000001
core   0: 0x800002e0 (0x6066a593) slti    a1, a3, 1542
core   0: 3 0x800002e0 (0x6066a593) x11 0x00000000
core   0: 0x800002e4 (0x018741b3) xor     gp, a4, s8
core   0: 3 0x800002e4 (0x018741b3) x 3 0xfffffff6
core   0: 0x800002e8 (0x01b8b0b3) sltu    ra, a7, s11
core   0: 3 0x800002e8 (0x01b8b0b3) x 1 0x00000000
core   0: 0x800002ec (0x00360613) addi    a2, a2, 3
core   0: 3 0x800002ec (0x00360613) x12 0x0000000e
core   0: 0x800002f0 (0x89472397) auipc   t2, 0x89472
core   0: 3 0x800002f0 (0x89472397) x 7 0x094722f0
core   0: 0x800002f4 (0x00159213) slli    tp, a1, 1
core   0: 3 0x800002f4 (0x00159213) x 4 0x00000000
core   0: 0x800002f8 (0x0106d593) srli    a1, a3, 16
core   0: 3 0x800002f8 (0x0106d593) x11 0x00000000
core   0: 0x800002fc (0xe5250a13) addi    s4, a0, -430
core   0: 3 0x800002fc (0xe5250a13) x20 0xfffffe52
core   0: 0x80000300 (0x003d05b3) add     a1, s10, gp
core   0: 3 0x80000300 (0x003d05b3) x11 0x83492c49
core   0: 0x80000304 (0x01e89fb3) sll     t6, a7, t5
core   0: 3 0x80000304 (0x01e89fb3) x31 0x80028ce4
core   0: 0x80000308 (0xa88e7f13) andi    t5, t3, -1400
core   0: 3 0x80000308 (0xa88e7f13) x30 0x83492800
core   0: 0x8000030c (0xfd7664e3) bltu    a2, s7, pc - 56
core   0: 3 0x8000030c (0xfd7664e3)
core   0: 0x800002d4 (0x01e6c1b3) xor     gp, a3, t5
core   0: 3 0x800002d4 (0x01e6c1b3) x 3 0x83493c00
core   0: 0x800002d8 (0x40098b33) sub     s6, s3, zero
core   0: 3 0x800002d8 (0x40098b33) x22 0x00000004
core   0: 0x800002dc (0x0119bcb3) sltu    s9, s3, a7
core   0: 3 0x800002dc (0x0119bcb3) x25 0x00000001
core   0: 0x800002e0 (0x6066a593) slti    a1, a3, 1542
core   0: 3 0x800002e0 (0x6066a593) x11 0x00000000
core   0: 0x800002e4 (0x018741b3) xor     gp, a4, s8
core   0: 3 0x800002e4 (0x018741b3) x 3 0xfffffff6
core   0: 0x800002e8 (0x01b8b0b3) sltu    ra, a7, s11
core   0: 3 0x800002e8 (0x01b8b0b3) x 1 0x00000000
core   0: 0x800002ec (0x00360613) addi    a2, a2, 3
core   0: 3 0x800002ec (0x00360613) x12 0x00000011
core   0: 0x800002f0 (0x89472397) auipc   t2, 0x89472
core   0: 3 0x800002f0 (0x89472397) x 7 0x094722f0
core   0: 0x800002f4 (0x00159213) slli    tp, a1, 1
core   0: 3 0x800002f4 (0x00159213) x 4 0x00000000
core   0: 0x800002f8 (0x0106d593) srli    a1, a3, 16
core   0: 3 0x800002f8 (0x0106d593) x11 0x00000000
core   0: 0x800002fc (0xe5250a13) addi    s4, a0, -430
core   0: 3 0x800002fc (0xe5250a13) x20 0xfffffe52
core   0: 0x80000300 (0x003d05b3) add     a1, s10, gp
core   0: 3 0x80000300 (0x003d05b3) x11 0x83492c49
core   0: 0x80000304 (0x01e89fb3) sll     t6, a7, t5
core   0: 3 0x80000304 (0x01e89fb3) x31 0x80028ce4
core   0: 0x80000308 (0xa88e7f13) andi    t5, t3, -1400
core   0: 3 0x80000308 (0xa88e7f13) x30 0x83492800
core   0: 0x8000030c (0xfd7664e3) bltu    a2, s7, pc - 56
core   0: 3 0x8000030c (0xfd7664e3)
core   0: 0x80000310 (0x0000100f) fence.i
core   0: 3 0x80000310 (0x0000100f)
core   0: 0x80000314 (0x00700613) li      a2, 7
core   0: 3 0x80000314 (0x00700613) x12 0x00000007
core   0: 0x80000318 (0x00500d13) li      s10, 5
core   0: 3 0x80000318 (0x00500d13) x26 0x00000005
core   0: 0x8000031c (0x00e88bb3) add     s7, a7, a4
core   0: 3 0x8000031c (0x00e88bb3) x23 0x80028cda
core   0: 0x80000320 (0xffd60613) addi    a2, a2, -3
core   0: 3 0x80000320 (0xffd60613) x12 0x00000004
core   0: 0x80000324 (0xff700c93) li      s9, -9
core   0: 3 0x80000324 (0xff700c93) x25 0xfffffff7
core   0: 0x80000328 (0xf6c7cb93) xori    s7, a5, -148
core   0: 3 0x80000328 (0xf6c7cb93) x23 0x7ffdb108
core   0: 0x8000032c (0xfee00393) li      t2, -18
core   0: 3 0x8000032c (0xfee00393) x 7 0xffffffee
core   0: 0x80000330 (0x00027333) and     t1, tp, zero
core   0: 3 0x80000330 (0x00027333) x 6 0x00000000
core   0: 0x80000334 (0xff7c8c93) addi    s9, s9, -9
core   0: 3 0x80000334 (0xff7c8c93) x25 0xffffffee
core   0: 0x80000338 (0xfe7c9ce3) bne     s9, t2, pc - 8
core   0: 3 0x80000338 (0xfe7c9ce3)
core   0: 0x8000033c (0xffa670e3) bgeu    a2, s10, pc - 32
core   0: 3 0x8000033c (0xffa670e3)
core   0: 0x80000340 (0x0000100f) fence.i
core   0: 3 0x80000340 (0x0000100f)
core   0: 0x80000344 (0xff800113) li      sp, -8
core   0: 3 0x80000344 (0xff800113) x 2 0xfffffff8
core   0: 0x80000348 (0x0000100f) fence.i
core   0: 3 0x80000348 (0x0000100f)
core   0: 0x8000034c (0x01e1b6b3) sltu    a3, gp, t5
core   0: 3 0x8000034c (0x01e1b6b3) x13 0x00000000
core   0: 0x80000350 (0x2fe52313) slti    t1, a0, 766
core   0: 3 0x80000350 (0x2fe52313) x 6 0x00000001
core   0: 0x80000354 (0x01698cb3) add     s9, s3, s6
core   0: 3 0x80000354 (0x01698cb3) x25 0x00000008
core   0: 0x80000358 (0xff800a13) li      s4, -8
core   0: 3 0x80000358 (0xff800a13) x20 0xfffffff8
core   0: 0x8000035c (0xa122bd93) sltiu   s11, t0, -1518
core   0: 3 0x8000035c (0xa122bd93) x27 0x00000001
core   0: 0x80000360 (0x04e0b913) sltiu   s2, ra, 78
core   0: 3 0x80000360 (0x04e0b913) x18 0x00000001
core   0: 0x80000364 (0x005a2733) slt     a4, s4, t0
core   0: 3 0x80000364 (0x005a2733) x14 0x00000001
core   0: 0x80000368 (0xc7c0b093) sltiu   ra, ra, -900
core   0: 3 0x80000368 (0xc7c0b093) x 1 0x00000001
core   0: 0x8000036c (0x17164193) xori    gp, a2, 369
core   0: 3 0x8000036c (0x17164193) x 3 0x00000175
core   0: 0x80000370 (0xffe10113) addi    sp, sp, -2
core   0: 3 0x80000370 (0xffe10113) x 2 0xfffffff6
core   0: 0x80000374 (0x252aaa93) slti    s5, s5, 594
core   0: 3 0x80000374 (0x252aaa93) x21 0x00000001
core   0: 0x80000378 (0x495b5d97) auipc   s11, 0x495b5
core   0: 3 0x80000378 (0x495b5d97) x27 0xc95b5378
core   0: 0x8000037c (0xff4154e3) bge     sp, s4, pc - 24
core   0: 3 0x8000037c (0xff4154e3)
core   0: 0x80000380 (0x00215713) srli    a4, sp, 2
core   0: 3 0x80000380 (0x00215713) x14 0x3ffffffd
core   0: 0x80000384 (0xffa00d13) li      s10, -6
core   0: 3 0x80000384 (0xffa00d13) x26 0xfffffffa
core   0: 0x80000388 (0x00000013) nop
core   0: 3 0x80000388 (0x00000013)
core   0: 0x8000038c (0x4099deb3) sra     t4, s3, s1
core   0: 3 0x8000038c (0x4099deb3) x29 0x00000002
core   0: 0x80000390 (0x00300093) li      ra, 3
core   0: 3 0x80000390 (0x00300093) x 1 0x00000003
core   0: 0x80000394 (0x01f09633) sll     a2, ra, t6
core   0: 3 0x80000394 (0x01f09633) x12 0x00000030
core   0: 0x80000398 (0xd27cf413) andi    s0, s9, -729
core   0: 3 0x80000398 (0xd27cf413) x 8 0x00000000
core   0: 0x8000039c (0x6b936e37) lui     t3, 0x6b936
core   0: 3 0x8000039c (0x6b936e37) x28 0x6b936000
core   0: 0x800003a0 (0x001d0d13) addi    s10, s10, 1
core   0: 3 0x800003a0 (0x001d0d13) x26 0xfffffffb
core   0: 0x800003a4 (0x00a00913) li      s2, 10
core   0: 3 0x800003a4 (0x00a00913) x18 0x0000000a
core   0: 0x800003a8 (0x0053b233) sltu    tp, t2, t0
core   0: 3 0x800003a8 (0x0053b233) x 4 0x00000000
core   0: 0x800003ac (0x00b8d433) srl     s0, a7, a1
core   0: 3 0x800003ac (0x00b8d433) x 8 0x00400146
core   0: 0x800003b0 (0x41db06b3) sub     a3, s6, t4
core   0: 3 0x800003b0 (0x41db06b3) x13 0x00000002
core   0: 0x800003b4 (0x01400513) li      a0, 20
core   0: 3 0x800003b4 (0x01400513) x10 0x00000014
core   0: 0x800003b8 (0x8e378717) auipc   a4, 0x8e378
core   0: 3 0x800003b8 (0x8e378717) x14 0x0e3783b8
core   0: 0x800003bc (0x9ce9e693) ori     a3, s3, -1586
core   0: 3 0x800003bc (0x9ce9e693) x13 0xfffff9ce
core   0: 0x800003c0 (0x015f8433) add     s0, t6, s5
core   0: 3 0x800003c0 (0x015f8433) x 8 0x80028ce5
core   0: 0x800003c4 (0x00690913) addi    s2, s2, 6
core   0: 3 0x800003c4 (0x00690913) x18 0x00000010
core   0: 0x800003c8 (0x0136a9b3) slt     s3, a3, s3
core   0: 3 0x800003c8 (0x0136a9b3) x19 0x00000001
core   0: 0x800003cc (0x00000013) nop
core   0: 3 0x800003cc (0x00000013)
core   0: 0x800003d0 (0xfea946e3) blt     s2, a0, pc - 20
core   0: 3 0x800003d0 (0xfea946e3)
core   0: 0x800003bc (0x9ce9e693) ori     a3, s3, -1586
core   0: 3 0x800003bc (0x9ce9e693) x13 0xfffff9cf
core   0: 0x800003c0 (0x015f8433) add     s0, t6, s5
core   0: 3 0x800003c0 (0x015f8433) x 8 0x80028ce5
core   0: 0x800003c4 (0x00690913) addi    s2, s2, 6
core   0: 3 0x800003c4 (0x00690913) x18 0x00000016
core   0: 0x800003c8 (0x0136a9b3) slt     s3, a3, s3
core   0: 3 0x800003c8 (0x0136a9b3) x19 0x00000001
core   0: 0x800003cc (0x00000013) nop
core   0: 3 0x800003cc (0x00000013)
core   0: 0x800003d0 (0xfea946e3) blt     s2, a0, pc - 20
core   0: 3 0x800003d0 (0xfea946e3)
core   0: 0x800003d4 (0x011c4333) xor     t1, s8, a7
core   0: 3 0x800003d4 (0x011c4333) x 6 0x80028ce4
core   0: 0x800003d8 (0x00a76133) or      sp, a4, a0
core   0: 3 0x800003d8 (0x00a76133) x 2 0x0e3783bc
core   0: 0x800003dc (0xfa1d6ee3) bltu    s10, ra, pc - 68
core   0: 3 0x800003dc (0xfa1d6ee3)
core   0: 0x800003e0 (0x00000013) nop
core   0: 3 0x800003e0 (0x00000013)
core   0: 0x800003e4 (0x00800613) li      a2, 8
core   0: 3 0x800003e4 (0x00800613) x12 0x00000008
core   0: 0x800003e8 (0xc152a937) lui     s2, 0xc152a
core   0: 3 0x800003e8 (0xc152a937) x18 0xc152a000
core   0: 0x800003ec (0x0ff0000f) fence   iorw,iorw
core   0: 3 0x800003ec (0x0ff0000f)
core   0: 0x800003f0 (0x40cc59b3) sra     s3, s8, a2
core   0: 3 0x800003f0 (0x40cc59b3) x19 0x00000000
core   0: 0x800003f4 (0x222f2913) slti    s2, t5, 546
core   0: 3 0x800003f4 (0x222f2913) x18 0x00000001
core   0: 0x800003f8 (0x00f00f13) li      t5, 15
core   0: 3 0x800003f8 (0x00f00f13) x30 0x0000000f
core   0: 0x800003fc (0x01666eb3) or      t4, a2, s6
core   0: 3 0x800003fc (0x01666eb3) x29 0x0000000c
core   0: 0x80000400 (0x2caa8913) addi    s2, s5, 714
core   0: 3 0x80000400 (0x2caa8913) x18 0x000002cb
core   0: 0x80000404 (0x013fa9b3) slt     s3, t6, s3
core   0: 3 0x80000404 (0x013fa9b3) x19 0x00000001
core   0: 0x80000408 (0x01084e33) xor     t3, a6, a6
core   0: 3 0x80000408 (0x01084e33) x28 0x00000000
core   0: 0x8000040c (0x210a7293) andi    t0, s4, 528
core   0: 3 0x8000040c (0x210a7293) x 5 0x00000210
core   0: 0x80000410 (0x00a60613) addi    a2, a2, 10
core   0: 3 0x80000410 (0x00a60613) x12 0x00000012
core   0: 0x80000414 (0x01ead313) srli    t1, s5, 30
core   0: 3 0x80000414 (0x01ead313) x 6 0x00000000
core   0: 0x80000418 (0x0145f9b3) and     s3, a1, s4
core   0: 3 0x80000418 (0x0145f9b3) x19 0x83492c48
core   0: 0x8000041c (0x00967b33) and     s6, a2, s1
core   0: 3 0x8000041c (0x00967b33) x22 0x00000000
core   0: 0x80000420 (0x00600593) li      a1, 6
core   0: 3 0x80000420 (0x00600593) x11 0x00000006
core   0: 0x80000424 (0x0156f3b3) and     t2, a3, s5
core   0: 3 0x80000424 (0x0156f3b3) x 7 0x00000001
core   0: 0x80000428 (0x01f9fd33) and     s10, s3, t6
core   0: 3 0x80000428 (0x01f9fd33) x26 0x80000c40
core   0: 0x8000042c (0x05653213) sltiu   tp, a0, 86
core   0: 3 0x8000042c (0x05653213) x 4 0x00000001
core   0: 0x80000430 (0x008616b3) sll     a3, a2, s0
core   0: 3 0x80000430 (0x008616b3) x13 0x00000240
core   0: 0x80000434 (0x0000100f) fence.i
core   0: 3 0x80000434 (0x0000100f)
core   0: 0x80000438 (0x0c388e97) auipc   t4, 0xc388
core   0: 3 0x80000438 (0x0c388e97) x29 0x8c388438
core   0: 0x8000043c (0x00600f93) li      t6, 6
core   0: 3 0x8000043c (0x00600f93) x31 0x00000006
core   0: 0x80000440 (0x01ed1433) sll     s0, s10, t5
core   0: 3 0x80000440 (0x01ed1433) x 8 0x06200000
core   0: 0x80000444 (0xf101c193) xori    gp, gp, -240
core   0: 3 0x80000444 (0xf101c193) x 3 0xfffffe65
core   0: 0x80000448 (0x415e0a33) sub     s4, t3, s5
core   0: 3 0x80000448 (0x415e0a33) x20 0xffffffff
core   0: 0x8000044c (0x33efbe93) sltiu   t4, t6, 830
core   0: 3 0x8000044c (0x33efbe93) x29 0x00000001
core   0: 0x80000450 (0xffd58593) addi    a1, a1, -3
core   0: 3 0x80000450 (0xffd58593) x11 0x00000003
core   0: 0x80000454 (0x40b3da13) srai    s4, t2, 11
core   0: 3 0x80000454 (0x40b3da13) x20 0x00000000
core   0: 0x80000458 (0x41cede33) sra     t3, t4, t3
core   0: 3 0x80000458 (0x41cede33) x28 0x00000001
core   0: 0x8000045c (0x01336233) or      tp, t1, s3
core   0: 3 0x8000045c (0x01336233) x 4 0x83492c48
core   0: 0x80000460 (0x0ff0000f) fence   iorw,iorw
core   0: 3 0x80000460 (0x0ff0000f)
core   0: 0x80000464 (0xfff5f0e3) bgeu    a1, t6, pc - 32
core   0: 3 0x80000464 (0xfff5f0e3)
core   0: 0x80000468 (0xfbe642e3) blt     a2, t5, pc - 92
core   0: 3 0x80000468 (0xfbe642e3)
core   0: 0x8000046c (0x018e8433) add     s0, t4, s8
core   0: 3 0x8000046c (0x018e8433) x 8 0x00000001
core   0: 0x80000470 (0x00a00e93) li      t4, 10
core   0: 3 0x80000470 (0x00a00e93) x29 0x0000000a
core   0: 0x80000474 (0x41648733) sub     a4, s1, s6
core   0: 3 0x80000474 (0x41648733) x14 0x00000001
core   0: 0x80000478 (0xff400693) li      a3, -12
core   0: 3 0x80000478 (0xff400693) x13 0xfffffff4
core   0: 0x8000047c (0x21408393) addi    t2, ra, 532
core   0: 3 0x8000047c (0x21408393) x 7 0x00000217
core   0: 0x80000480 (0x00c64e33) xor     t3, a2, a2
core   0: 3 0x80000480 (0x00c64e33) x28 0x00000000
core   0: 0x80000484 (0x0142de33) srl     t3, t0, s4
core   0: 3 0x80000484 (0x0142de33) x28 0x00000210
core   0: 0x80000488 (0xffee8e93) addi    t4, t4, -2
core   0: 3 0x80000488 (0xffee8e93) x29 0x00000008
core   0: 0x8000048c (0x41a082b3) sub     t0, ra, s10
core   0: 3 0x8000048c (0x41a082b3) x 5 0x7ffff3c3
core   0: 0x80000490 (0x00100613) li      a2, 1
core   0: 3 0x80000490 (0x00100613) x12 0x00000001
core   0: 0x80000494 (0x00300f13) li      t5, 3
core   0: 3 0x80000494 (0x00300f13) x30 0x00000003
core   0: 0x80000498 (0x011f7933) and     s2, t5, a7
core   0: 3 0x80000498 (0x011f7933) x18 0x00000000
core   0: 0x8000049c (0x9a641537) lui     a0, 0x9a641
core   0: 3 0x8000049c (0x9a641537) x10 0x9a641000
core   0: 0x800004a0 (0x4142dd33) sra     s10, t0, s4
core   0: 3 0x800004a0 (0x4142dd33) x26 0x7ffff3c3
core   0: 0x800004a4 (0x00260613) addi    a2, a2, 2
core   0: 3 0x800004a4 (0x00260613) x12 0x00000003
core   0: 0x800004a8 (0x51fd8b93) addi    s7, s11, 1311
core   0: 3 0x800004a8 (0x51fd8b93) x23 0xc95b5897
core   0: 0x800004ac (0xffe668e3) bltu    a2, t5, pc - 16
core   0: 3 0x800004ac (0xffe668e3)
core   0: 0x800004b0 (0xf33d0437) lui     s0, 0xf33d0
core   0: 3 0x800004b0 (0xf33d0437) x 8 0xf33d0000
core   0: 0x800004b4 (0x002625b3) slt     a1, a2, sp
core   0: 3 0x800004b4 (0x002625b3) x11 0x00000001
core   0: 0x800004b8 (0xfcde82e3) beq     t4, a3, pc - 60
core   0: 3 0x800004b8 (0xfcde82e3)
core   0: 0x800004bc (0x412c54b3) sra     s1, s8, s2
core   0: 3 0x800004bc (0x412c54b3) x 9 0x00000000
core   0: 0x800004c0 (0xffc00493) li      s1, -4
core   0: 3 0x800004c0 (0xffc00493) x 9 0xfffffffc
core   0: 0x800004c4 (0x0ff0000f) fence   iorw,iorw
core   0: 3 0x800004c4 (0x0ff0000f)
core   0: 0x800004c8 (0x00bf96b3) sll     a3, t6, a1
core   0: 3 0x800004c8 (0x00bf96b3) x13 0x0000000c
core   0: 0x800004cc (0x01100713) li      a4, 17
core   0: 3 0x800004cc (0x01100713) x14 0x00000011
core   0: 0x800004d0 (0x011c3433) sltu    s0, s8, a7
core   0: 3 0x800004d0 (0x011c3433) x 8 0x00000001
core   0: 0x800004d4 (0x008839b3) sltu    s3, a6, s0
core   0: 3 0x800004d4 (0x008839b3) x19 0x00000000
core   0: 0x800004d8 (0x096fab13) slti    s6, t6, 150
core   0: 3 0x800004d8 (0x096fab13) x22 0x00000001
core   0: 0x800004dc (0x0000100f) fence.i
core   0: 3 0x800004dc (0x0000100f)
core   0: 0x800004e0 (0x019f9133) sll     sp, t6, s9
core   0: 3 0x800004e0 (0x019f9133) x 2 0x00000600
core   0: 0x800004e4 (0x0ff0000f) fence   iorw,iorw
core   0: 3 0x800004e4 (0x0ff0000f)
core   0: 0x800004e8 (0x7750b213) sltiu   tp, ra, 1909
core   0: 3 0x800004e8 (0x7750b213) x 4 0x00000001
core   0: 0x800004ec (0x00748493) addi    s1, s1, 7
core   0: 3 0x800004ec (0x00748493) x 9 0x00000003
core   0: 0x800004f0 (0xf3196093) ori     ra, s2, -207
core   0: 3 0x800004f0 (0xf3196093) x 1 0xffffff31
core   0: 0x800004f4 (0x4186d213) srai    tp, a3, 24
core   0: 3 0x800004f4 (0x4186d213) x 4 0x00000000
core   0: 0x800004f8 (0x63c46593) ori     a1, s0, 1596
core   0: 3 0x800004f8 (0x63c46593) x11 0x0000063d
core   0: 0x800004fc (0x00138933) add     s2, t2, ra
core   0: 3 0x800004fc (0x00138933) x18 0x00000148
core   0: 0x80000500 (0x4b3c7213) andi    tp, s8, 1203
core   0: 3 0x80000500 (0x4b3c7213) x 4 0x00000000
core   0: 0x80000504 (0xfce4c8e3) blt     s1, a4, pc - 48
core   0: 3 0x80000504 (0xfce4c8e3)
core   0: 0x800004d4 (0x008839b3) sltu    s3, a6, s0
core   0: 3 0x800004d4 (0x008839b3) x19 0x00000000
core   0: 0x800004d8 (0x096fab13) slti    s6, t6, 150
core   0: 3 0x800004d8 (0x096fab13) x22 0x00000001
core   0: 0x800004dc (0x0000100f) fence.i
core   0: 3 0x800004dc (0x0000100f)
core   0: 0x800004e0 (0x019f9133) sll     sp, t6, s9
core   0: 3 0x800004e0 (0x019f9133) x 2 0x00000600
core   0: 0x800004e4 (0x0ff0000f) fence   iorw,iorw
core   0: 3 0x800004e4 (0x0ff0000f)
core   0: 0x800004e8 (0x7750b213) sltiu   tp, ra, 1909
core   0: 3 0x800004e8 (0x7750b213) x 4 0x00000000
core   0: 0x800004ec (0x00748493) addi    s1, s1, 7
core   0: 3 0x800004ec (0x00748493) x 9 0x0000000a
core   0: 0x800004f0 (0xf3196093) ori     ra, s2, -207
core   0: 3 0x800004f0 (0xf3196093) x 1 0xffffff79
core   0: 0x800004f4 (0x4186d213) srai    tp, a3, 24
core   0: 3 0x800004f4 (0x4186d213) x 4 0x00000000
core   0: 0x800004f8 (0x63c46593) ori     a1, s0, 1596
core   0: 3 0x800004f8 (0x63c46593) x11 0x0000063d
core   0: 0x800004fc (0x00138933) add     s2, t2, ra
core   0: 3 0x800004fc (0x00138933) x18 0x00000190
core   0: 0x80000500 (0x4b3c7213) andi    tp, s8, 1203
core   0: 3 0x80000500 (0x4b3c7213) x 4 0x00000000
core   0: 0x80000504 (0xfce4c8e3) blt     s1, a4, pc - 48
core   0: 3 0x80000504 (0xfce4c8e3)
core   0: 0x800004d4 (0x008839b3) sltu    s3, a6, s0
core   0: 3 0x800004d4 (0x008839b3) x19 0x00000000
core   0: 0x800004d8 (0x096fab13) slti    s6, t6, 150
core   0: 3 0x800004d8 (0x096fab13) x22 0x00000001
core   0: 0x800004dc (0x0000100f) fence.i
core   0: 3 0x800004dc (0x0000100f)
core   0: 0x800004e0 (0x019f9133) sll     sp, t6, s9
core   0: 3 0x800004e0 (0x019f9133) x 2 0x00000600
core   0: 0x800004e4 (0x0ff0000f) fence   iorw,iorw
core   0: 3 0x800004e4 (0x0ff0000f)
core   0: 0x800004e8 (0x7750b213) sltiu   tp, ra, 1909
core   0: 3 0x800004e8 (0x7750b213) x 4 0x00000000
core   0: 0x800004ec (0x00748493) addi    s1, s1, 7
core   0: 3 0x800004ec (0x00748493) x 9 0x00000011
core   0: 0x800004f0 (0xf3196093) ori     ra, s2, -207
core   0: 3 0x800004f0 (0xf3196093) x 1 0xffffffb1
core   0: 0x800004f4 (0x4186d213) srai    tp, a3, 24
core   0: 3 0x800004f4 (0x4186d213) x 4 0x00000000
core   0: 0x800004f8 (0x63c46593) ori     a1, s0, 1596
core   0: 3 0x800004f8 (0x63c46593) x11 0x0000063d
core   0: 0x800004fc (0x00138933) add     s2, t2, ra
core   0: 3 0x800004fc (0x00138933) x18 0x000001c8
core   0: 0x80000500 (0x4b3c7213) andi    tp, s8, 1203
core   0: 3 0x80000500 (0x4b3c7213) x 4 0x00000000
core   0: 0x80000504 (0xfce4c8e3) blt     s1, a4, pc - 48
core   0: 3 0x80000504 (0xfce4c8e3)
core   0: 0x80000508 (0x4136c393) xori    t2, a3, 1043
core   0: 3 0x80000508 (0x4136c393) x 7 0x0000041f
core   0: 0x8000050c (0xffe00e13) li      t3, -2
core   0: 3 0x8000050c (0xffe00e13) x28 0xfffffffe
core   0: 0x80000510 (0xbc1e2293) slti    t0, t3, -1087
core   0: 3 0x80000510 (0xbc1e2293) x 5 0x00000000
core   0: 0x80000514 (0x0012c733) xor     a4, t0, ra
core   0: 3 0x80000514 (0x0012c733) x14 0xffffffb1
core   0: 0x80000518 (0x00a00c93) li      s9, 10
core   0: 3 0x80000518 (0x00a00c93) x25 0x0000000a
core   0: 0x8000051c (0x010daf33) slt     t5, s11, a6
core   0: 3 0x8000051c (0x010daf33) x30 0x00000000
core   0: 0x80000520 (0x40ab0db3) sub     s11, s6, a0
core   0: 3 0x80000520 (0x40ab0db3) x27 0x659bf001
core   0: 0x80000524 (0x007e0e13) addi    t3, t3, 7
core   0: 3 0x80000524 (0x007e0e13) x28 0x00000005
core   0: 0x80000528 (0x00400913) li      s2, 4
core   0: 3 0x80000528 (0x00400913) x18 0x00000004
core   0: 0x8000052c (0x00cea4b3) slt     s1, t4, a2
core   0: 3 0x8000052c (0x00cea4b3) x 9 0x00000000
core   0: 0x80000530 (0x00914433) xor     s0, sp, s1
core   0: 3 0x80000530 (0x00914433) x 8 0x00000600
core   0: 0x80000534 (0x00800f93) li      t6, 8
core   0: 3 0x80000534 (0x00800f93) x31 0x00000008
core   0: 0x80000538 (0xc48e7b93) andi    s7, t3, -952
core   0: 3 0x80000538 (0xc48e7b93) x23 0x00000000
core   0: 0x8000053c (0x2bb2e493) ori     s1, t0, 699
core   0: 3 0x8000053c (0x2bb2e493) x 9 0x000002bb
core   0: 0x80000540 (0x00490913) addi    s2, s2, 4
core   0: 3 0x80000540 (0x00490913) x18 0x00000008
core   0: 0x80000544 (0x01d5d6b3) srl     a3, a1, t4
core   0: 3 0x80000544 (0x01d5d6b3) x13 0x00000006
core   0: 0x80000548 (0xfff968e3) bltu    s2, t6, pc - 16
core   0: 3 0x80000548 (0xfff968e3)
core   0: 0x8000054c (0x94904d93) xori    s11, zero, -1719
core   0: 3 0x8000054c (0x94904d93) x27 0xfffff949
core   0: 0x80000550 (0x46bef613) andi    a2, t4, 1131
core   0: 3 0x80000550 (0x46bef613) x12 0x00000008
core   0: 0x80000554 (0x000a69b3) or      s3, s4, zero
core   0: 3 0x80000554 (0x000a69b3) x19 0x00000000
core   0: 0x80000558 (0x00a58733) add     a4, a1, a0
core   0: 3 0x80000558 (0x00a58733) x14 0x9a64163d
core   0: 0x8000055c (0x66130013) addi    zero, t1, 1633
core   0: 3 0x8000055c (0x66130013)
core   0: 0x80000560 (0xa0f94e93) xori    t4, s2, -1521
core   0: 3 0x80000560 (0xa0f94e93) x29 0xfffffa07
core   0: 0x80000564 (0xfb9e6ce3) bltu    t3, s9, pc - 72
core   0: 3 0x80000564 (0xfb9e6ce3)
core   0: 0x8000051c (0x010daf33) slt     t5, s11, a6
core   0: 3 0x8000051c (0x010daf33) x30 0x00000000
core   0: 0x80000520 (0x40ab0db3) sub     s11, s6, a0
core   0: 3 0x80000520 (0x40ab0db3) x27 0x659bf001
core   0: 0x80000524 (0x007e0e13) addi    t3, t3, 7
core   0: 3 0x80000524 (0x007e0e13) x28 0x0000000c
core   0: 0x80000528 (0x00400913) li      s2, 4
core   0: 3 0x80000528 (0x00400913) x18 0x00000004
core   0: 0x8000052c (0x00cea4b3) slt     s1, t4, a2
core   0: 3 0x8000052c (0x00cea4b3) x 9 0x00000001
core   0: 0x80000530 (0x00914433) xor     s0, sp, s1
core   0: 3 0x80000530 (0x00914433) x 8 0x00000601
core   0: 0x80000534 (0x00800f93) li      t6, 8
core   0: 3 0x80000534 (0x00800f93) x31 0x00000008
core   0: 0x80000538 (0xc48e7b93) andi    s7, t3, -952
core   0: 3 0x80000538 (0xc48e7b93) x23 0x00000008
core   0: 0x8000053c (0x2bb2e493) ori     s1, t0, 699
core   0: 3 0x8000053c (0x2bb2e493) x 9 0x000002bb
core   0: 0x80000540 (0x00490913) addi    s2, s2, 4
core   0: 3 0x80000540 (0x00490913) x18 0x00000008
core   0: 0x80000544 (0x01d5d6b3) srl     a3, a1, t4
core   0: 3 0x80000544 (0x01d5d6b3) x13 0x0000000c
core   0: 0x80000548 (0xfff968e3) bltu    s2, t6, pc - 16
core   0: 3 0x80000548 (0xfff968e3)
core   0: 0x8000054c (0x94904d93) xori    s11, zero, -1719
core   0: 3 0x8000054c (0x94904d93) x27 0xfffff949
core   0: 0x80000550 (0x46bef613) andi    a2, t4, 1131
core   0: 3 0x80000550 (0x46bef613) x12 0x00000003
core   0: 0x80000554 (0x000a69b3) or      s3, s4, zero
core   0: 3 0x80000554 (0x000a69b3) x19 0x00000000
core   0: 0x80000558 (0x00a58733) add     a4, a1, a0
core   0: 3 0x80000558 (0x00a58733) x14 0x9a64163d
core   0: 0x8000055c (0x66130013) addi    zero, t1, 1633
core   0: 3 0x8000055c (0x66130013)
core   0: 0x80000560 (0xa0f94e93) xori    t4, s2, -1521
core   0: 3 0x80000560 (0xa0f94e93) x29 0xfffffa07
core   0: 0x80000564 (0xfb9e6ce3) bltu    t3, s9, pc - 72
core   0: 3 0x80000564 (0xfb9e6ce3)
core   0: 0x80000568 (0x01c81993) slli    s3, a6, 28
core   0: 3 0x80000568 (0x01c81993) x19 0x00000000
core   0: 0x8000056c (0xffb00d93) li      s11, -5
core   0: 3 0x8000056c (0xffb00d93) x27 0xfffffffb
core   0: 0x80000570 (0xff600593) li      a1, -10
core   0: 3 0x80000570 (0xff600593) x11 0xfffffff6
core   0: 0x80000574 (0xc4970b13) addi    s6, a4, -951
core   0: 3 0x80000574 (0xc4970b13) x22 0x9a641286
core   0: 0x80000578 (0xffbd8d93) addi    s11, s11, -5
core   0: 3 0x80000578 (0xffbd8d93) x27 0xfffffff6
core   0: 0x8000057c (0xffd00a13) li      s4, -3
core   0: 3 0x8000057c (0xffd00a13) x20 0xfffffffd
core   0: 0x80000580 (0x00b00613) li      a2, 11
core   0: 3 0x80000580 (0x00b00613) x12 0x0000000b
core   0: 0x80000584 (0x15c0d937) lui     s2, 0x15c0d
core   0: 3 0x80000584 (0x15c0d937) x18 0x15c0d000
core   0: 0x80000588 (0x007a0a13) addi    s4, s4, 7
core   0: 3 0x80000588 (0x007a0a13) x20 0x00000004
core   0: 0x8000058c (0xfeca0ce3) beq     s4, a2, pc - 8
core   0: 3 0x8000058c (0xfeca0ce3)
core   0: 0x80000590 (0xfebdd2e3) bge     s11, a1, pc - 28
core   0: 3 0x80000590 (0xfebdd2e3)
core   0: 0x80000574 (0xc4970b13) addi    s6, a4, -951
core   0: 3 0x80000574 (0xc4970b13) x22 0x9a641286
core   0: 0x80000578 (0xffbd8d93) addi    s11, s11, -5
core   0: 3 0x80000578 (0xffbd8d93) x27 0xfffffff1
core   0: 0x8000057c (0xffd00a13) li      s4, -3
core   0: 3 0x8000057c (0xffd00a13) x20 0xfffffffd
core   0: 0x80000580 (0x00b00613) li      a2, 11
core   0: 3 0x80000580 (0x00b00613) x12 0x0000000b
core   0: 0x80000584 (0x15c0d937) lui     s2, 0x15c0d
core   0: 3 0x80000584 (0x15c0d937) x18 0x15c0d000
core   0: 0x80000588 (0x007a0a13) addi    s4, s4, 7
core   0: 3 0x80000588 (0x007a0a13) x20 0x00000004
core   0: 0x8000058c (0xfeca0ce3) beq     s4, a2, pc - 8
core   0: 3 0x8000058c (0xfeca0ce3)
core   0: 0x80000590 (0xfebdd2e3) bge     s11, a1, pc - 28
core   0: 3 0x80000590 (0xfebdd2e3)
core   0: 0x80000594 (0x416edf93) srai    t6, t4, 22
core   0: 3 0x80000594 (0x416edf93) x31 0xffffffff
core   0: 0x80000598 (0xffb00093) li      ra, -5
core   0: 3 0x80000598 (0xffb00093) x 1 0xfffffffb
core   0: 0x8000059c (0x01300113) li      sp, 19
core   0: 3 0x8000059c (0x01300113) x 2 0x00000013
core   0: 0x800005a0 (0x0101b433) sltu    s0, gp, a6
core   0: 3 0x800005a0 (0x0101b433) x 8 0x00000000
core   0: 0x800005a4 (0x00308093) addi    ra, ra, 3
core   0: 3 0x800005a4 (0x00308093) x 1 0xfffffffe
core   0: 0x800005a8 (0xfe208ce3) beq     ra, sp, pc - 8
core   0: 3 0x800005a8 (0xfe208ce3)
core   0: 0x800005ac (0x00000013) nop
core   0: 3 0x800005ac (0x00000013)
core   0: 0x800005b0 (0x00600f93) li      t6, 6
core   0: 3 0x800005b0 (0x00600f93) x31 0x00000006
core   0: 0x800005b4 (0x01105eb3) srl     t4, zero, a7
core   0: 3 0x800005b4 (0x01105eb3) x29 0x00000000
core   0: 0x800005b8 (0xd0ecf913) andi    s2, s9, -754
core   0: 3 0x800005b8 (0xd0ecf913) x18 0x0000000a
core   0: 0x800005bc (0x00600593) li      a1, 6
core   0: 3 0x800005bc (0x00600593) x11 0x00000006
core   0: 0x800005c0 (0x00929093) slli    ra, t0, 9
core   0: 3 0x800005c0 (0x00929093) x 1 0x00000000
core   0: 0x800005c4 (0x39cf8013) addi    zero, t6, 924
core   0: 3 0x800005c4 (0x39cf8013)
core   0: 0x800005c8 (0x01de2f33) slt     t5, t3, t4
core   0: 3 0x800005c8 (0x01de2f33) x30 0x00000000
core   0: 0x800005cc (0xa8498013) addi    zero, s3, -1404
core   0: 3 0x800005cc (0xa8498013)
core   0: 0x800005d0 (0xffbf8f93) addi    t6, t6, -5
core   0: 3 0x800005d0 (0xffbf8f93) x31 0x00000001
core   0: 0x800005d4 (0x012c4933) xor     s2, s8, s2
core   0: 3 0x800005d4 (0x012c4933) x18 0x0000000a
core   0: 0x800005d8 (0xff700c93) li      s9, -9
core   0: 3 0x800005d8 (0xff700c93) x25 0xfffffff7
core   0: 0x800005dc (0x69d2f493) andi    s1, t0, 1693
core   0: 3 0x800005dc (0x69d2f493) x 9 0x00000000
core   0: 0x800005e0 (0x01641493) slli    s1, s0, 22
core   0: 3 0x800005e0 (0x01641493) x 9 0x00000000
core   0: 0x800005e4 (0x00100693) li      a3, 1
core   0: 3 0x800005e4 (0x00100693) x13 0x00000001
core   0: 0x800005e8 (0x87bbfb93) andi    s7, s7, -1925
core   0: 3 0x800005e8 (0x87bbfb93) x23 0x00000008
core   0: 0x800005ec (0x5ba9ce93) xori    t4, s3, 1466
core   0: 3 0x800005ec (0x5ba9ce93) x29 0x000005ba
core   0: 0x800005f0 (0x00aa5393) srli    t2, s4, 10
core   0: 3 0x800005f0 (0x00aa5393) x 7 0x00000000
core   0: 0x800005f4 (0x009bb4b3) sltu    s1, s7, s1
core   0: 3 0x800005f4 (0x009bb4b3) x 9 0x00000000
core   0: 0x800005f8 (0x01f7ddb3) srl     s11, a5, t6
core   0: 3 0x800005f8 (0x01f7ddb3) x27 0x40012732
core   0: 0x800005fc (0x004c8c93) addi    s9, s9, 4
core   0: 3 0x800005fc (0x004c8c93) x25 0xfffffffb
core   0: 0x80000600 (0xfedcc6e3) blt     s9, a3, pc - 20
core   0: 3 0x80000600 (0xfedcc6e3)
core   0: 0x800005ec (0x5ba9ce93) xori    t4, s3, 1466
core   0: 3 0x800005ec (0x5ba9ce93) x29 0x000005ba
core   0: 0x800005f0 (0x00aa5393) srli    t2, s4, 10
core   0: 3 0x800005f0 (0x00aa5393) x 7 0x00000000
core   0: 0x800005f4 (0x009bb4b3) sltu    s1, s7, s1
core   0: 3 0x800005f4 (0x009bb4b3) x 9 0x00000000
core   0: 0x800005f8 (0x01f7ddb3) srl     s11, a5, t6
core   0: 3 0x800005f8 (0x01f7ddb3) x27 0x40012732
core   0: 0x800005fc (0x004c8c93) addi    s9, s9, 4
core   0: 3 0x800005fc (0x004c8c93) x25 0xffffffff
core   0: 0x80000600 (0xfedcc6e3) blt     s9, a3, pc - 20
core   0: 3 0x80000600 (0xfedcc6e3)
core   0: 0x800005ec (0x5ba9ce93) xori    t4, s3, 1466
core   0: 3 0x800005ec (0x5ba9ce93) x29 0x000005ba
core   0: 0x800005f0 (0x00aa5393) srli    t2, s4, 10
core   0: 3 0x800005f0 (0x00aa5393) x 7 0x00000000
core   0: 0x800005f4 (0x009bb4b3) sltu    s1, s7, s1
core   0: 3 0x800005f4 (0x009bb4b3) x 9 0x00000000
core   0: 0x800005f8 (0x01f7ddb3) srl     s11, a5, t6
core   0: 3 0x800005f8 (0x01f7ddb3) x27 0x40012732
core   0: 0x800005fc (0x004c8c93) addi    s9, s9, 4
core   0: 3 0x800005fc (0x004c8c93) x25 0x00000003
core   0: 0x80000600 (0xfedcc6e3) blt     s9, a3, pc - 20
core   0: 3 0x80000600 (0xfedcc6e3)
core   0: 0x80000604 (0x017b8db3) add     s11, s7, s7
core   0: 3 0x80000604 (0x017b8db3) x27 0x00000010
core   0: 0x80000608 (0xc6fa4e93) xori    t4, s4, -913
core   0: 3 0x80000608 (0xc6fa4e93) x29 0xfffffc6b
core   0: 0x8000060c (0xefb73493) sltiu   s1, a4, -261
core   0: 3 0x8000060c (0xefb73493) x 9 0x00000001
core   0: 0x80000610 (0xfabffee3) bgeu    t6, a1, pc - 68
core   0: 3 0x80000610 (0xfabffee3)
core   0: 0x80000614 (0x40dfd4b3) sra     s1, t6, a3
core   0: 3 0x80000614 (0x40dfd4b3) x 9 0x00000000
core   0: 0x80000618 (0x00400e13) li      t3, 4
core   0: 3 0x80000618 (0x00400e13) x28 0x00000004
core   0: 0x8000061c (0x7bca2a13) slti    s4, s4, 1980
core   0: 3 0x8000061c (0x7bca2a13) x20 0x00000001
core   0: 0x80000620 (0xff500593) li      a1, -11
core   0: 3 0x80000620 (0xff500593) x11 0xfffffff5
core   0: 0x80000624 (0x4574fc93) andi    s9, s1, 1111
core   0: 3 0x80000624 (0x4574fc93) x25 0x00000000
core   0: 0x80000628 (0xffbe0e13) addi    t3, t3, -5
core   0: 3 0x80000628 (0xffbe0e13) x28 0xffffffff
core   0: 0x8000062c (0x00500c13) li      s8, 5
core   0: 3 0x8000062c (0x00500c13) x24 0x00000005
core   0: 0x80000630 (0xff300b93) li      s7, -13
core   0: 3 0x80000630 (0xff300b93) x23 0xfffffff3
core   0: 0x80000634 (0x90d30c93) addi    s9, t1, -1779
core   0: 3 0x80000634 (0x90d30c93) x25 0xfffff90d
core   0: 0x80000638 (0x00000013) nop
core   0: 3 0x80000638 (0x00000013)
core   0: 0x8000063c (0xff7c0c13) addi    s8, s8, -9
core   0: 3 0x8000063c (0xff7c0c13) x24 0xfffffffc
core   0: 0x80000640 (0xff7c0ce3) beq     s8, s7, pc - 8
core   0: 3 0x80000640 (0xff7c0ce3)
core   0: 0x80000644 (0xfebe10e3) bne     t3, a1, pc - 32
core   0: 3 0x80000644 (0xfebe10e3)
core   0: 0x80000624 (0x4574fc93) andi    s9, s1, 1111
core   0: 3 0x80000624 (0x4574fc93) x25 0x00000000
core   0: 0x80000628 (0xffbe0e13) addi    t3, t3, -5
core   0: 3 0x80000628 (0xffbe0e13) x28 0xfffffffa
core   0: 0x8000062c (0x00500c13) li      s8, 5
core   0: 3 0x8000062c (0x00500c13) x24 0x00000005
core   0: 0x80000630 (0xff300b93) li      s7, -13
core   0: 3 0x80000630 (0xff300b93) x23 0xfffffff3
core   0: 0x80000634 (0x90d30c93) addi    s9, t1, -1779
core   0: 3 0x80000634 (0x90d30c93) x25 0xfffff90d
core   0: 0x80000638 (0x00000013) nop
core   0: 3 0x80000638 (0x00000013)
core   0: 0x8000063c (0xff7c0c13) addi    s8, s8, -9
core   0: 3 0x8000063c (0xff7c0c13) x24 0xfffffffc
core   0: 0x80000640 (0xff7c0ce3) beq     s8, s7, pc - 8
core   0: 3 0x80000640 (0xff7c0ce3)
core   0: 0x80000644 (0xfebe10e3) bne     t3, a1, pc - 32
core   0: 3 0x80000644 (0xfebe10e3)
core   0: 0x80000624 (0x4574fc93) andi    s9, s1, 1111
core   0: 3 0x80000624 (0x4574fc93) x25 0x00000000
core   0: 0x80000628 (0xffbe0e13) addi    t3, t3, -5
core   0: 3 0x80000628 (0xffbe0e13) x28 0xfffffff5
core   0: 0x8000062c (0x00500c13) li      s8, 5
core   0: 3 0x8000062c (0x00500c13) x24 0x00000005
core   0: 0x80000630 (0xff300b93) li      s7, -13
core   0: 3 0x80000630 (0xff300b93) x23 0xfffffff3
core   0: 0x80000634 (0x90d30c93) addi    s9, t1, -1779
core   0: 3 0x80000634 (0x90d30c93) x25 0xfffff90d
core   0: 0x80000638 (0x00000013) nop
core   0: 3 0x80000638 (0x00000013)
core   0: 0x8000063c (0xff7c0c13) addi    s8, s8, -9
core   0: 3 0x8000063c (0xff7c0c13) x24 0xfffffffc
core   0: 0x80000640 (0xff7c0ce3) beq     s8, s7, pc - 8
core   0: 3 0x80000640 (0xff7c0ce3)
core   0: 0x80000644 (0xfebe10e3) bne     t3, a1, pc - 32
core   0: 3 0x80000644 (0xfebe10e3)
core   0: 0x80000648 (0x4f1f8637) lui     a2, 0x4f1f8
core   0: 3 0x80000648 (0x4f1f8637) x12 0x4f1f8000
core   0: 0x8000064c (0xffe00193) li      gp, -2
core   0: 3 0x8000064c (0xffe00193) x 3 0xfffffffe
core   0: 0x80000650 (0x67a82a17) auipc   s4, 0x67a82
core   0: 3 0x80000650 (0x67a82a17) x20 0xe7a82650
core   0: 0x80000654 (0x00627b33) and     s6, tp, t1
core   0: 3 0x80000654 (0x00627b33) x22 0x00000000
core   0: 0x80000658 (0x00e0cb33) xor     s6, ra, a4
core   0: 3 0x80000658 (0x00e0cb33) x22 0x9a64163d
core   0: 0x8000065c (0x00500a93) li      s5, 5
core   0: 3 0x8000065c (0x00500a93) x21 0x00000005
core   0: 0x80000660 (0x99152313) slti    t1, a0, -1647
core   0: 3 0x80000660 (0x99152313) x 6 0x00000001
core   0: 0x80000664 (0x018a09b3) add     s3, s4, s8
core   0: 3 0x80000664 (0x018a09b3) x19 0xe7a8264c
core   0: 0x80000668 (0xf7fcc093) xori    ra, s9, -129
core   0: 3 0x80000668 (0xf7fcc093) x 1 0x00000672
core   0: 0x8000066c (0xf77aabb7) lui     s7, 0xf77aa
core   0: 3 0x8000066c (0xf77aabb7) x23 0xf77aa000
core   0: 0x80000670 (0x41860633) sub     a2, a2, s8
core   0: 3 0x80000670 (0x41860633) x12 0x4f1f8004
core   0: 0x80000674 (0x01479013) slli    zero, a5, 20
core   0: 3 0x80000674 (0x01479013)
core   0: 0x80000678 (0x00718193) addi    gp, gp, 7
core   0: 3 0x80000678 (0x00718193) x 3 0x00000005
core   0: 0x8000067c (0xe998e413) ori     s0, a7, -359
core   0: 3 0x8000067c (0xe998e413) x 8 0xfffffefd
core   0: 0x80000680 (0xff700693) li      a3, -9
core   0: 3 0x80000680 (0xff700693) x13 0xfffffff7
core   0: 0x80000684 (0x00500f13) li      t5, 5
core   0: 3 0x80000684 (0x00500f13) x30 0x00000005
core   0: 0x80000688 (0x01389293) slli    t0, a7, 19
core   0: 3 0x80000688 (0x01389293) x 5 0x67200000
core   0: 0x8000068c (0x40cc0133) sub     sp, s8, a2
core   0: 3 0x8000068c (0x40cc0133) x 2 0xb0e07ff8
core   0: 0x80000690 (0x402cd2b3) sra     t0, s9, sp
core   0: 3 0x80000690 (0x402cd2b3) x 5 0xffffffff
core   0: 0x80000694 (0x3d3ef913) andi    s2, t4, 979
core   0: 3 0x80000694 (0x3d3ef913) x18 0x00000043
core   0: 0x80000698 (0xf21bae13) slti    t3, s7, -223
core   0: 3 0x80000698 (0xf21bae13) x28 0x00000001
core   0: 0x8000069c (0xe2edc113) xori    sp, s11, -466
core   0: 3 0x8000069c (0xe2edc113) x 2 0xfffffe3e
core   0: 0x800006a0 (0x0ff0000f) fence   iorw,iorw
core   0: 3 0x800006a0 (0x0ff0000f)
core   0: 0x800006a4 (0x00768693) addi    a3, a3, 7
core   0: 3 0x800006a4 (0x00768693) x13 0xfffffffe
core   0: 0x800006a8 (0xffe6c8e3) blt     a3, t5, pc - 16
core   0: 3 0x800006a8 (0xffe6c8e3)
core   0: 0x80000698 (0xf21bae13) slti    t3, s7, -223
core   0: 3 0x80000698 (0xf21bae13) x28 0x00000001
core   0: 0x8000069c (0xe2edc113) xori    sp, s11, -466
core   0: 3 0x8000069c (0xe2edc113) x 2 0xfffffe3e
core   0: 0x800006a0 (0x0ff0000f) fence   iorw,iorw
core   0: 3 0x800006a0 (0x0ff0000f)
core   0: 0x800006a4 (0x00768693) addi    a3, a3, 7
core   0: 3 0x800006a4 (0x00768693) x13 0x00000005
core   0: 0x800006a8 (0xffe6c8e3) blt     a3, t5, pc - 16
core   0: 3 0x800006a8 (0xffe6c8e3)
core   0: 0x800006ac (0x00ae52b3) srl     t0, t3, a0
core   0: 3 0x800006ac (0x00ae52b3) x 5 0x00000001
core   0: 0x800006b0 (0x40e60fb3) sub     t6, a2, a4
core   0: 3 0x800006b0 (0x40e60fb3) x31 0xb4bb69c7
core   0: 0x800006b4 (0x015d1233) sll     tp, s10, s5
core   0: 3 0x800006b4 (0x015d1233) x 4 0xfffe7860
core   0: 0x800006b8 (0x01ac79b3) and     s3, s8, s10
core   0: 3 0x800006b8 (0x01ac79b3) x19 0x7ffff3c0
core   0: 0x800006bc (0xe7622613) slti    a2, tp, -394
core   0: 3 0x800006bc (0xe7622613) x12 0x00000001
core   0: 0x800006c0 (0xfb5192e3) bne     gp, s5, pc - 92
core   0: 3 0x800006c0 (0xfb5192e3)
core   0: 0x800006c4 (0x24b7fd37) lui     s10, 0x24b7f
core   0: 3 0x800006c4 (0x24b7fd37) x26 0x24b7f000
core   0: 0x800006c8 (0x00000d93) li      s11, 0
core   0: 3 0x800006c8 (0x00000d93) x27 0x00000000
core   0: 0x800006cc (0x00e69033) sll     zero, a3, a4
core   0: 3 0x800006cc (0x00e69033)
core   0: 0x800006d0 (0x01d84f33) xor     t5, a6, t4
core   0: 3 0x800006d0 (0x01d84f33) x30 0x7ffffc6b
core   0: 0x800006d4 (0x40fb5093) srai    ra, s6, 15
core   0: 3 0x800006d4 (0x40fb5093) x 1 0xffff34c8
core   0: 0x800006d8 (0x8864c693) xori    a3, s1, -1914
core   0: 3 0x800006d8 (0x8864c693) x13 0xfffff886
core   0: 0x800006dc (0xff200213) li      tp, -14
core   0: 3 0x800006dc (0xff200213) x 4 0xfffffff2
core   0: 0x800006e0 (0x41308bb3) sub     s7, ra, s3
core   0: 3 0x800006e0 (0x41308bb3) x23 0x7fff4108
core   0: 0x800006e4 (0x0c568a93) addi    s5, a3, 197
core   0: 3 0x800006e4 (0x0c568a93) x21 0xfffff94b
core   0: 0x800006e8 (0xffad8d93) addi    s11, s11, -6
core   0: 3 0x800006e8 (0xffad8d93) x27 0xfffffffa
core   0: 0x800006ec (0x00000013) nop
core   0: 3 0x800006ec (0x00000013)
core   0: 0x800006f0 (0x00000013) nop
core   0: 3 0x800006f0 (0x00000013)
core   0: 0x800006f4 (0x40c1df13) srai    t5, gp, 12
core   0: 3 0x800006f4 (0x40c1df13) x30 0x00000000
core   0: 0x800006f8 (0x00868a33) add     s4, a3, s0
core   0: 3 0x800006f8 (0x00868a33) x20 0xfffff783
core   0: 0x800006fc (0xff700613) li      a2, -9
core   0: 3 0x800006fc (0xff700613) x12 0xfffffff7
core   0: 0x80000700 (0x0ff0000f) fence   iorw,iorw
core   0: 3 0x80000700 (0x0ff0000f)
core   0: 0x80000704 (0xff900d13) li      s10, -7
core   0: 3 0x80000704 (0xff900d13) x26 0xfffffff9
core   0: 0x80000708 (0x0199a933) slt     s2, s3, s9
core   0: 3 0x80000708 (0x0199a933) x18 0x00000000
core   0: 0x8000070c (0x00360613) addi    a2, a2, 3
core   0: 3 0x8000070c (0x00360613) x12 0xfffffffa
core   0: 0x80000710 (0x0000100f) fence.i
core   0: 3 0x80000710 (0x0000100f)
core   0: 0x80000714 (0x1d8c2c93) slti    s9, s8, 472
core   0: 3 0x80000714 (0x1d8c2c93) x25 0x00000001
core   0: 0x80000718 (0x01c59733) sll     a4, a1, t3
core   0: 3 0x80000718 (0x01c59733) x14 0xffffffea
core   0: 0x8000071c (0x4126d713) srai    a4, a3, 18
core   0: 3 0x8000071c (0x4126d713) x14 0xffffffff
core   0: 0x80000720 (0xffa644e3) blt     a2, s10, pc - 24
core   0: 3 0x80000720 (0xffa644e3)
core   0: 0x80000724 (0xc29b4993) xori    s3, s6, -983
core   0: 3 0x80000724 (0xc29b4993) x19 0x659bea14
core   0: 0x80000728 (0x01ca3733) sltu    a4, s4, t3
core   0: 3 0x80000728 (0x01ca3733) x14 0x00000000
core   0: 0x8000072c (0x3c8aa593) slti    a1, s5, 968
core   0: 3 0x8000072c (0x3c8aa593) x11 0x00000001
core   0: 0x80000730 (0x76a60593) addi    a1, a2, 1898
core   0: 3 0x80000730 (0x76a60593) x11 0x00000764
core   0: 0x80000734 (0x30b89137) lui     sp, 0x30b89
core   0: 3 0x80000734 (0x30b89137) x 2 0x30b89000
core   0: 0x80000738 (0xb6a26013) ori     zero, tp, -1174
core   0: 3 0x80000738 (0xb6a26013)
core   0: 0x8000073c (0x0173d9b3) srl     s3, t2, s7
core   0: 3 0x8000073c (0x0173d9b3) x19 0x00000000
core   0: 0x80000740 (0xfa4dd2e3) bge     s11, tp, pc - 92
core   0: 3 0x80000740 (0xfa4dd2e3)
core   0: 0x800006e4 (0x0c568a93) addi    s5, a3, 197
core   0: 3 0x800006e4 (0x0c568a93) x21 0xfffff94b
core   0: 0x800006e8 (0xffad8d93) addi    s11, s11, -6
core   0: 3 0x800006e8 (0xffad8d93) x27 0xfffffff4
core   0: 0x800006ec (0x00000013) nop
core   0: 3 0x800006ec (0x00000013)
core   0: 0x800006f0 (0x00000013) nop
core   0: 3 0x800006f0 (0x00000013)
core   0: 0x800006f4 (0x40c1df13) srai    t5, gp, 12
core   0: 3 0x800006f4 (0x40c1df13) x30 0x00000000
core   0: 0x800006f8 (0x00868a33) add     s4, a3, s0
core   0: 3 0x800006f8 (0x00868a33) x20 0xfffff783
core   0: 0x800006fc (0xff700613) li      a2, -9
core   0: 3 0x800006fc (0xff700613) x12 0xfffffff7
core   0: 0x80000700 (0x0ff0000f) fence   iorw,iorw
core   0: 3 0x80000700 (0x0ff0000f)
core   0: 0x80000704 (0xff900d13) li      s10, -7
core   0: 3 0x80000704 (0xff900d13) x26 0xfffffff9
core   0: 0x80000708 (0x0199a933) slt     s2, s3, s9
core   0: 3 0x80000708 (0x0199a933) x18 0x00000001
core   0: 0x8000070c (0x00360613) addi    a2, a2, 3
core   0: 3 0x8000070c (0x00360613) x12 0xfffffffa
core   0: 0x80000710 (0x0000100f) fence.i
core   0: 3 0x80000710 (0x0000100f)
core   0: 0x80000714 (0x1d8c2c93) slti    s9, s8, 472
core   0: 3 0x80000714 (0x1d8c2c93) x25 0x00000001
core   0: 0x80000718 (0x01c59733) sll     a4, a1, t3
core   0: 3 0x80000718 (0x01c59733) x14 0x00000ec8
core   0: 0x8000071c (0x4126d713) srai    a4, a3, 18
core   0: 3 0x8000071c (0x4126d713) x14 0xffffffff
core   0: 0x80000720 (0xffa644e3) blt     a2, s10, pc - 24
core   0: 3 0x80000720 (0xffa644e3)
core   0: 0x80000724 (0xc29b4993) xori    s3, s6, -983
core   0: 3 0x80000724 (0xc29b4993) x19 0x659bea14
core   0: 0x80000728 (0x01ca3733) sltu    a4, s4, t3
core   0: 3 0x80000728 (0x01ca3733) x14 0x00000000
core   0: 0x8000072c (0x3c8aa593) slti    a1, s5, 968
core   0: 3 0x8000072c (0x3c8aa593) x11 0x00000001
core   0: 0x80000730 (0x76a60593) addi    a1, a2, 1898
core   0: 3 0x80000730 (0x76a60593) x11 0x00000764
core   0: 0x80000734 (0x30b89137) lui     sp, 0x30b89
core   0: 3 0x80000734 (0x30b89137) x 2 0x30b89000
core   0: 0x80000738 (0xb6a26013) ori     zero, tp, -1174
core   0: 3 0x80000738 (0xb6a26013)
core   0: 0x8000073c (0x0173d9b3) srl     s3, t2, s7
core   0: 3 0x8000073c (0x0173d9b3) x19 0x00000000
core   0: 0x80000740 (0xfa4dd2e3) bge     s11, tp, pc - 92
core   0: 3 0x80000740 (0xfa4dd2e3)
core   0: 0x800006e4 (0x0c568a93) addi    s5, a3, 197
core   0: 3 0x800006e4 (0x0c568a93) x21 0xfffff94b
core   0: 0x800006e8 (0xffad8d93) addi    s11, s11, -6
core   0: 3 0x800006e8 (0xffad8d93) x27 0xffffffee
core   0: 0x800006ec (0x00000013) nop
core   0: 3 0x800006ec (0x00000013)
core   0: 0x800006f0 (0x00000013) nop
core   0: 3 0x800006f0 (0x00000013)
core   0: 0x800006f4 (0x40c1df13) srai    t5, gp, 12
core   0: 3 0x800006f4 (0x40c1df13) x30 0x00000000
core   0: 0x800006f8 (0x00868a33) add     s4, a3, s0
core   0: 3 0x800006f8 (0x00868a33) x20 0xfffff783
core   0: 0x800006fc (0xff700613) li      a2, -9
core   0: 3 0x800006fc (0xff700613) x12 0xfffffff7
core   0: 0x80000700 (0x0ff0000f) fence   iorw,iorw
core   0: 3 0x80000700 (0x0ff0000f)
core   0: 0x80000704 (0xff900d13) li      s10, -7
core   0: 3 0x80000704 (0xff900d13) x26 0xfffffff9
core   0: 0x80000708 (0x0199a933) slt     s2, s3, s9
core   0: 3 0x80000708 (0x0199a933) x18 0x00000001
core   0: 0x8000070c (0x00360613) addi    a2, a2, 3
core   0: 3 0x8000070c (0x00360613) x12 0xfffffffa
core   0: 0x80000710 (0x0000100f) fence.i
core   0: 3 0x80000710 (0x0000100f)
core   0: 0x80000714 (0x1d8c2c93) slti    s9, s8, 472
core   0: 3 0x80000714 (0x1d8c2c93) x25 0x00000001
core   0: 0x80000718 (0x01c59733) sll     a4, a1, t3
core   0: 3 0x80000718 (0x01c59733) x14 0x00000ec8
core   0: 0x8000071c (0x4126d713) srai    a4, a3, 18
core   0: 3 0x8000071c (0x4126d713) x14 0xffffffff
core   0: 0x80000720 (0xffa644e3) blt     a2, s10, pc - 24
core   0: 3 0x80000720 (0xffa644e3)
core   0: 0x80000724 (0xc29b4993) xori    s3, s6, -983
core   0: 3 0x80000724 (0xc29b4993) x19 0x659bea14
core   0: 0x80000728 (0x01ca3733) sltu    a4, s4, t3
core   0: 3 0x80000728 (0x01ca3733) x14 0x00000000
core   0: 0x8000072c (0x3c8aa593) slti    a1, s5, 968
core   0: 3 0x8000072c (0x3c8aa593) x11 0x00000001
core   0: 0x80000730 (0x76a60593) addi    a1, a2, 1898
core   0: 3 0x80000730 (0x76a60593) x11 0x00000764
core   0: 0x80000734 (0x30b89137) lui     sp, 0x30b89
core   0: 3 0x80000734 (0x30b89137) x 2 0x30b89000
core   0: 0x80000738 (0xb6a26013) ori     zero, tp, -1174
core   0: 3 0x80000738 (0xb6a26013)
core   0: 0x8000073c (0x0173d9b3) srl     s3, t2, s7
core   0: 3 0x8000073c (0x0173d9b3) x19 0x00000000
core   0: 0x80000740 (0xfa4dd2e3) bge     s11, tp, pc - 92
core   0: 3 0x80000740 (0xfa4dd2e3)
core   0: 0x80000744 (0x00f410b3) sll     ra, s0, a5
core   0: 3 0x80000744 (0x00f410b3) x 1 0xffffefd0
core   0: 0x80000748 (0x00400613) li      a2, 4
core   0: 3 0x80000748 (0x00400613) x12 0x00000004
core   0: 0x8000074c (0x00400393) li      t2, 4
core   0: 3 0x8000074c (0x00400393) x 7 0x00000004
core   0: 0x80000750 (0x53f63093) sltiu   ra, a2, 1343
core   0: 3 0x80000750 (0x53f63093) x 1 0x00000001
core   0: 0x80000754 (0xffd60613) addi    a2, a2, -3
core   0: 3 0x80000754 (0xffd60613) x12 0x00000001
core   0: 0x80000758 (0xfe767ce3) bgeu    a2, t2, pc - 8
core   0: 3 0x80000758 (0xfe767ce3)
core   0: 0x8000075c (0xba9bc293) xori    t0, s7, -1111
core   0: 3 0x8000075c (0xba9bc293) x 5 0x8000baa1
core   0: 0x80000760 (0x00100713) li      a4, 1
core   0: 3 0x80000760 (0x00100713) x14 0x00000001
core   0: 0x80000764 (0xff300413) li      s0, -13
core   0: 3 0x80000764 (0xff300413) x 8 0xfffffff3
core   0: 0x80000768 (0x41950233) sub     tp, a0, s9
core   0: 3 0x80000768 (0x41950233) x 4 0x9a640fff
core   0: 0x8000076c (0xff970713) addi    a4, a4, -7
core   0: 3 0x8000076c (0xff970713) x14 0xfffffffa
core   0: 0x80000770 (0x00000013) nop
core   0: 3 0x80000770 (0x00000013)
core   0: 0x80000774 (0xffe00513) li      a0, -2
core   0: 3 0x80000774 (0xffe00513) x10 0xfffffffe
core   0: 0x80000778 (0xfee00e93) li      t4, -18
core   0: 3 0x80000778 (0xfee00e93) x29 0xffffffee
core   0: 0x8000077c (0xfabc2a93) slti    s5, s8, -85
core   0: 3 0x8000077c (0xfabc2a93) x21 0x00000000
core   0: 0x80000780 (0x01250a33) add     s4, a0, s2
core   0: 3 0x80000780 (0x01250a33) x20 0xffffffff
core   0: 0x80000784 (0xffd50513) addi    a0, a0, -3
core   0: 3 0x80000784 (0xffd50513) x10 0xfffffffb
core   0: 0x80000788 (0xffd55ae3) bge     a0, t4, pc - 12
core   0: 3 0x80000788 (0xffd55ae3)
core   0: 0x8000077c (0xfabc2a93) slti    s5, s8, -85
core   0: 3 0x8000077c (0xfabc2a93) x21 0x00000000
core   0: 0x80000780 (0x01250a33) add     s4, a0, s2
core   0: 3 0x80000780 (0x01250a33) x20 0xfffffffc
core   0: 0x80000784 (0xffd50513) addi    a0, a0, -3
core   0: 3 0x80000784 (0xffd50513) x10 0xfffffff8
core   0: 0x80000788 (0xffd55ae3) bge     a0, t4, pc - 12
core   0: 3 0x80000788 (0xffd55ae3)
core   0: 0x8000077c (0xfabc2a93) slti    s5, s8, -85
core   0: 3 0x8000077c (0xfabc2a93) x21 0x00000000
core   0: 0x80000780 (0x01250a33) add     s4, a0, s2
core   0: 3 0x80000780 (0x01250a33) x20 0xfffffff9
core   0: 0x80000784 (0xffd50513) addi    a0, a0, -3
core   0: 3 0x80000784 (0xffd50513) x10 0xfffffff5
core   0: 0x80000788 (0xffd55ae3) bge     a0, t4, pc - 12
core   0: 3 0x80000788 (0xffd55ae3)
core   0: 0x8000077c (0xfabc2a93) slti    s5, s8, -85
core   0: 3 0x8000077c (0xfabc2a93) x21 0x00000000
core   0: 0x80000780 (0x01250a33) add     s4, a0, s2
core   0: 3 0x80000780 (0x01250a33) x20 0xfffffff6
core   0: 0x80000784 (0xffd50513) addi    a0, a0, -3
core   0: 3 0x80000784 (0xffd50513) x10 0xfffffff2
core   0: 0x80000788 (0xffd55ae3) bge     a0, t4, pc - 12
core   0: 3 0x80000788 (0xffd55ae3)
core   0: 0x8000077c (0xfabc2a93) slti    s5, s8, -85
core   0: 3 0x8000077c (0xfabc2a93) x21 0x00000000
core   0: 0x80000780 (0x01250a33) add     s4, a0, s2
core   0: 3 0x80000780 (0x01250a33) x20 0xfffffff3
core   0: 0x80000784 (0xffd50513) addi    a0, a0, -3
core   0: 3 0x80000784 (0xffd50513) x10 0xffffffef
core   0: 0x80000788 (0xffd55ae3) bge     a0, t4, pc - 12
core   0: 3 0x80000788 (0xffd55ae3)
core   0: 0x8000077c (0xfabc2a93) slti    s5, s8, -85
core   0: 3 0x8000077c (0xfabc2a93) x21 0x00000000
core   0: 0x80000780 (0x01250a33) add     s4, a0, s2
core   0: 3 0x80000780 (0x01250a33) x20 0xfffffff0
core   0: 0x80000784 (0xffd50513) addi    a0, a0, -3
core   0: 3 0x80000784 (0xffd50513) x10 0xffffffec
core   0: 0x80000788 (0xffd55ae3) bge     a0, t4, pc - 12
core   0: 3 0x80000788 (0xffd55ae3)
core   0: 0x8000078c (0xfc875ee3) bge     a4, s0, pc - 36
core   0: 3 0x8000078c (0xfc875ee3)
core   0: 0x80000768 (0x41950233) sub     tp, a0, s9
core   0: 3 0x80000768 (0x41950233) x 4 0xffffffeb
core   0: 0x8000076c (0xff970713) addi    a4, a4, -7
core   0: 3 0x8000076c (0xff970713) x14 0xfffffff3
core   0: 0x80000770 (0x00000013) nop
core   0: 3 0x80000770 (0x00000013)
core   0: 0x80000774 (0xffe00513) li      a0, -2
core   0: 3 0x80000774 (0xffe00513) x10 0xfffffffe
core   0: 0x80000778 (0xfee00e93) li      t4, -18
core   0: 3 0x80000778 (0xfee00e93) x29 0xffffffee
core   0: 0x8000077c (0xfabc2a93) slti    s5, s8, -85
core   0: 3 0x8000077c (0xfabc2a93) x21 0x00000000
core   0: 0x80000780 (0x01250a33) add     s4, a0, s2
core   0: 3 0x80000780 (0x01250a33) x20 0xffffffff
core   0: 0x80000784 (0xffd50513) addi    a0, a0, -3
core   0: 3 0x80000784 (0xffd50513) x10 0xfffffffb
core   0: 0x80000788 (0xffd55ae3) bge     a0, t4, pc - 12
core   0: 3 0x80000788 (0xffd55ae3)
core   0: 0x8000077c (0xfabc2a93) slti    s5, s8, -85
core   0: 3 0x8000077c (0xfabc2a93) x21 0x00000000
core   0: 0x80000780 (0x01250a33) add     s4, a0, s2
core   0: 3 0x80000780 (0x01250a33) x20 0xfffffffc
core   0: 0x80000784 (0xffd50513) addi    a0, a0, -3
core   0: 3 0x80000784 (0xffd50513) x10 0xfffffff8
core   0: 0x80000788 (0xffd55ae3) bge     a0, t4, pc - 12
core   0: 3 0x80000788 (0xffd55ae3)
core   0: 0x8000077c (0xfabc2a93) slti    s5, s8, -85
core   0: 3 0x8000077c (0xfabc2a93) x21 0x00000000
core   0: 0x80000780 (0x01250a33) add     s4, a0, s2
core   0: 3 0x80000780 (0x01250a33) x20 0xfffffff9
core   0: 0x80000784 (0xffd50513) addi    a0, a0, -3
core   0: 3 0x80000784 (0xffd50513) x10 0xfffffff5
core   0: 0x80000788 (0xffd55ae3) bge     a0, t4, pc - 12
core   0: 3 0x80000788 (0xffd55ae3)
core   0: 0x8000077c (0xfabc2a93) slti    s5, s8, -85
core   0: 3 0x8000077c (0xfabc2a93) x21 0x00000000
core   0: 0x80000780 (0x01250a33) add     s4, a0, s2
core   0: 3 0x80000780 (0x01250a33) x20 0xfffffff6
core   0: 0x80000784 (0xffd50513) addi    a0, a0, -3
core   0: 3 0x80000784 (0xffd50513) x10 0xfffffff2
core   0: 0x80000788 (0xffd55ae3) bge     a0, t4, pc - 12
core   0: 3 0x80000788 (0xffd55ae3)
core   0: 0x8000077c (0xfabc2a93) slti    s5, s8, -85
core   0: 3 0x8000077c (0xfabc2a93) x21 0x00000000
core   0: 0x80000780 (0x01250a33) add     s4, a0, s2
core   0: 3 0x80000780 (0x01250a33) x20 0xfffffff3
core   0: 0x80000784 (0xffd50513) addi    a0, a0, -3
core   0: 3 0x80000784 (0xffd50513) x10 0xffffffef
core   0: 0x80000788 (0xffd55ae3) bge     a0, t4, pc - 12
core   0: 3 0x80000788 (0xffd55ae3)
core   0: 0x8000077c (0xfabc2a93) slti    s5, s8, -85
core   0: 3 0x8000077c (0xfabc2a93) x21 0x00000000
core   0: 0x80000780 (0x01250a33) add     s4, a0, s2
core   0: 3 0x80000780 (0x01250a33) x20 0xfffffff0
core   0: 0x80000784 (0xffd50513) addi    a0, a0, -3
core   0: 3 0x80000784 (0xffd50513) x10 0xffffffec
core   0: 0x80000788 (0xffd55ae3) bge     a0, t4, pc - 12
core   0: 3 0x80000788 (0xffd55ae3)
core   0: 0x8000078c (0xfc875ee3) bge     a4, s0, pc - 36
core   0: 3 0x8000078c (0xfc875ee3)
core   0: 0x80000768 (0x41950233) sub     tp, a0, s9
core   0: 3 0x80000768 (0x41950233) x 4 0xffffffeb
core   0: 0x8000076c (0xff970713) addi    a4, a4, -7
core   0: 3 0x8000076c (0xff970713) x14 0xffffffec
core   0: 0x80000770 (0x00000013) nop
core   0: 3 0x80000770 (0x00000013)
core   0: 0x80000774 (0xffe00513) li      a0, -2
core   0: 3 0x80000774 (0xffe00513) x10 0xfffffffe
core   0: 0x80000778 (0xfee00e93) li      t4, -18
core   0: 3 0x80000778 (0xfee00e93) x29 0xffffffee
core   0: 0x8000077c (0xfabc2a93) slti    s5, s8, -85
core   0: 3 0x8000077c (0xfabc2a93) x21 0x00000000
core   0: 0x80000780 (0x01250a33) add     s4, a0, s2
core   0: 3 0x80000780 (0x01250a33) x20 0xffffffff
core   0: 0x80000784 (0xffd50513) addi    a0, a0, -3
core   0: 3 0x80000784 (0xffd50513) x10 0xfffffffb
core   0: 0x80000788 (0xffd55ae3) bge     a0, t4, pc - 12
core   0: 3 0x80000788 (0xffd55ae3)
core   0: 0x8000077c (0xfabc2a93) slti    s5, s8, -85
core   0: 3 0x8000077c (0xfabc2a93) x21 0x00000000
core   0: 0x80000780 (0x01250a33) add     s4, a0, s2
core   0: 3 0x80000780 (0x01250a33) x20 0xfffffffc
core   0: 0x80000784 (0xffd50513) addi    a0, a0, -3
core   0: 3 0x80000784 (0xffd50513) x10 0xfffffff8
core   0: 0x80000788 (0xffd55ae3) bge     a0, t4, pc - 12
core   0: 3 0x80000788 (0xffd55ae3)
core   0: 0x8000077c (0xfabc2a93) slti    s5, s8, -85
core   0: 3 0x8000077c (0xfabc2a93) x21 0x00000000
core   0: 0x80000780 (0x01250a33) add     s4, a0, s2
core   0: 3 0x80000780 (0x01250a33) x20 0xfffffff9
core   0: 0x80000784 (0xffd50513) addi    a0, a0, -3
core   0: 3 0x80000784 (0xffd50513) x10 0xfffffff5
core   0: 0x80000788 (0xffd55ae3) bge     a0, t4, pc - 12
core   0: 3 0x80000788 (0xffd55ae3)
core   0: 0x8000077c (0xfabc2a93) slti    s5, s8, -85
core   0: 3 0x8000077c (0xfabc2a93) x21 0x00000000
core   0: 0x80000780 (0x01250a33) add     s4, a0, s2
core   0: 3 0x80000780 (0x01250a33) x20 0xfffffff6
core   0: 0x80000784 (0xffd50513) addi    a0, a0, -3
core   0: 3 0x80000784 (0xffd50513) x10 0xfffffff2
core   0: 0x80000788 (0xffd55ae3) bge     a0, t4, pc - 12
core   0: 3 0x80000788 (0xffd55ae3)
core   0: 0x8000077c (0xfabc2a93) slti    s5, s8, -85
core   0: 3 0x8000077c (0xfabc2a93) x21 0x00000000
core   0: 0x80000780 (0x01250a33) add     s4, a0, s2
core   0: 3 0x80000780 (0x01250a33) x20 0xfffffff3
core   0: 0x80000784 (0xffd50513) addi    a0, a0, -3
core   0: 3 0x80000784 (0xffd50513) x10 0xffffffef
core   0: 0x80000788 (0xffd55ae3) bge     a0, t4, pc - 12
core   0: 3 0x80000788 (0xffd55ae3)
core   0: 0x8000077c (0xfabc2a93) slti    s5, s8, -85
core   0: 3 0x8000077c (0xfabc2a93) x21 0x00000000
core   0: 0x80000780 (0x01250a33) add     s4, a0, s2
core   0: 3 0x80000780 (0x01250a33) x20 0xfffffff0
core   0: 0x80000784 (0xffd50513) addi    a0, a0, -3
core   0: 3 0x80000784 (0xffd50513) x10 0xffffffec
core   0: 0x80000788 (0xffd55ae3) bge     a0, t4, pc - 12
core   0: 3 0x80000788 (0xffd55ae3)
core   0: 0x8000078c (0xfc875ee3) bge     a4, s0, pc - 36
core   0: 3 0x8000078c (0xfc875ee3)
core   0: 0x80000790 (0xde366113) ori     sp, a2, -541
core   0: 3 0x80000790 (0xde366113) x 2 0xfffffde3
core   0: 0x80000794 (0xff900a13) li      s4, -7
core   0: 3 0x80000794 (0xff900a13) x20 0xfffffff9
core   0: 0x80000798 (0x40ff5f13) srai    t5, t5, 15
core   0: 3 0x80000798 (0x40ff5f13) x30 0x00000000
core   0: 0x8000079c (0x01000413) li      s0, 16
core   0: 3 0x8000079c (0x01000413) x 8 0x00000010
core   0: 0x800007a0 (0x001da1b3) slt     gp, s11, ra
core   0: 3 0x800007a0 (0x001da1b3) x 3 0x00000001
core   0: 0x800007a4 (0x00674eb3) xor     t4, a4, t1
core   0: 3 0x800007a4 (0x00674eb3) x29 0xffffffed
core   0: 0x800007a8 (0x001a5993) srli    s3, s4, 1
core   0: 3 0x800007a8 (0x001a5993) x19 0x7ffffffc
core   0: 0x800007ac (0x4187f337) lui     t1, 0x4187f
core   0: 3 0x800007ac (0x4187f337) x 6 0x4187f000
core   0: 0x800007b0 (0x0000100f) fence.i
core   0: 3 0x800007b0 (0x0000100f)
core   0: 0x800007b4 (0x014c9eb3) sll     t4, s9, s4
core   0: 3 0x800007b4 (0x014c9eb3) x29 0x02000000
core   0: 0x800007b8 (0x0000100f) fence.i
core   0: 3 0x800007b8 (0x0000100f)
core   0: 0x800007bc (0x0ff0000f) fence   iorw,iorw
core   0: 3 0x800007bc (0x0ff0000f)
core   0: 0x800007c0 (0x00aa0a13) addi    s4, s4, 10
core   0: 3 0x800007c0 (0x00aa0a13) x20 0x00000003
core   0: 0x800007c4 (0x00565db3) srl     s11, a2, t0
core   0: 3 0x800007c4 (0x00565db3) x27 0x00000000
core   0: 0x800007c8 (0x5f6ef193) andi    gp, t4, 1526
core   0: 3 0x800007c8 (0x5f6ef193) x 3 0x00000000
core   0: 0x800007cc (0x448f2193) slti    gp, t5, 1096
core   0: 3 0x800007cc (0x448f2193) x 3 0x00000001
core   0: 0x800007d0 (0x012e9593) slli    a1, t4, 18
core   0: 3 0x800007d0 (0x012e9593) x11 0x00000000
core   0: 0x800007d4 (0xa4b23493) sltiu   s1, tp, -1461
core   0: 3 0x800007d4 (0xa4b23493) x 9 0x00000000
core   0: 0x800007d8 (0x7a3ead37) lui     s10, 0x7a3ea
core   0: 3 0x800007d8 (0x7a3ead37) x26 0x7a3ea000
core   0: 0x800007dc (0x019dd033) srl     zero, s11, s9
core   0: 3 0x800007dc (0x019dd033)
core   0: 0x800007e0 (0xfc8a62e3) bltu    s4, s0, pc - 60
core   0: 3 0x800007e0 (0xfc8a62e3)
core   0: 0x800007a4 (0x00674eb3) xor     t4, a4, t1
core   0: 3 0x800007a4 (0x00674eb3) x29 0xbe780fec
core   0: 0x800007a8 (0x001a5993) srli    s3, s4, 1
core   0: 3 0x800007a8 (0x001a5993) x19 0x00000001
core   0: 0x800007ac (0x4187f337) lui     t1, 0x4187f
core   0: 3 0x800007ac (0x4187f337) x 6 0x4187f000
core   0: 0x800007b0 (0x0000100f) fence.i
core   0: 3 0x800007b0 (0x0000100f)
core   0: 0x800007b4 (0x014c9eb3) sll     t4, s9, s4
core   0: 3 0x800007b4 (0x014c9eb3) x29 0x00000008
core   0: 0x800007b8 (0x0000100f) fence.i
core   0: 3 0x800007b8 (0x0000100f)
core   0: 0x800007bc (0x0ff0000f) fence   iorw,iorw
core   0: 3 0x800007bc (0x0ff0000f)
core   0: 0x800007c0 (0x00aa0a13) addi    s4, s4, 10
core   0: 3 0x800007c0 (0x00aa0a13) x20 0x0000000d
core   0: 0x800007c4 (0x00565db3) srl     s11, a2, t0
core   0: 3 0x800007c4 (0x00565db3) x27 0x00000000
core   0: 0x800007c8 (0x5f6ef193) andi    gp, t4, 1526
core   0: 3 0x800007c8 (0x5f6ef193) x 3 0x00000000
core   0: 0x800007cc (0x448f2193) slti    gp, t5, 1096
core   0: 3 0x800007cc (0x448f2193) x 3 0x00000001
core   0: 0x800007d0 (0x012e9593) slli    a1, t4, 18
core   0: 3 0x800007d0 (0x012e9593) x11 0x00200000
core   0: 0x800007d4 (0xa4b23493) sltiu   s1, tp, -1461
core   0: 3 0x800007d4 (0xa4b23493) x 9 0x00000000
core   0: 0x800007d8 (0x7a3ead37) lui     s10, 0x7a3ea
core   0: 3 0x800007d8 (0x7a3ead37) x26 0x7a3ea000
core   0: 0x800007dc (0x019dd033) srl     zero, s11, s9
core   0: 3 0x800007dc (0x019dd033)
core   0: 0x800007e0 (0xfc8a62e3) bltu    s4, s0, pc - 60
core   0: 3 0x800007e0 (0xfc8a62e3)
core   0: 0x800007a4 (0x00674eb3) xor     t4, a4, t1
core   0: 3 0x800007a4 (0x00674eb3) x29 0xbe780fec
core   0: 0x800007a8 (0x001a5993) srli    s3, s4, 1
core   0: 3 0x800007a8 (0x001a5993) x19 0x00000006
core   0: 0x800007ac (0x4187f337) lui     t1, 0x4187f
core   0: 3 0x800007ac (0x4187f337) x 6 0x4187f000
core   0: 0x800007b0 (0x0000100f) fence.i
core   0: 3 0x800007b0 (0x0000100f)
core   0: 0x800007b4 (0x014c9eb3) sll     t4, s9, s4
core   0: 3 0x800007b4 (0x014c9eb3) x29 0x00002000
core   0: 0x800007b8 (0x0000100f) fence.i
core   0: 3 0x800007b8 (0x0000100f)
core   0: 0x800007bc (0x0ff0000f) fence   iorw,iorw
core   0: 3 0x800007bc (0x0ff0000f)
core   0: 0x800007c0 (0x00aa0a13) addi    s4, s4, 10
core   0: 3 0x800007c0 (0x00aa0a13) x20 0x00000017
core   0: 0x800007c4 (0x00565db3) srl     s11, a2, t0
core   0: 3 0x800007c4 (0x00565db3) x27 0x00000000
core   0: 0x800007c8 (0x5f6ef193) andi    gp, t4, 1526
core   0: 3 0x800007c8 (0x5f6ef193) x 3 0x00000000
core   0: 0x800007cc (0x448f2193) slti    gp, t5, 1096
core   0: 3 0x800007cc (0x448f2193) x 3 0x00000001
core   0: 0x800007d0 (0x012e9593) slli    a1, t4, 18
core   0: 3 0x800007d0 (0x012e9593) x11 0x80000000
core   0: 0x800007d4 (0xa4b23493) sltiu   s1, tp, -1461
core   0: 3 0x800007d4 (0xa4b23493) x 9 0x00000000
core   0: 0x800007d8 (0x7a3ead37) lui     s10, 0x7a3ea
core   0: 3 0x800007d8 (0x7a3ead37) x26 0x7a3ea000
core   0: 0x800007dc (0x019dd033) srl     zero, s11, s9
core   0: 3 0x800007dc (0x019dd033)
core   0: 0x800007e0 (0xfc8a62e3) bltu    s4, s0, pc - 60
core   0: 3 0x800007e0 (0xfc8a62e3)
core   0: 0x800007e4 (0x00f533b3) sltu    t2, a0, a5
core   0: 3 0x800007e4 (0x00f533b3) x 7 0x00000000
core   0: 0x800007e8 (0x00a00c13) li      s8, 10
core   0: 3 0x800007e8 (0x00a00c13) x24 0x0000000a
core   0: 0x800007ec (0x0ff0000f) fence   iorw,iorw
core   0: 3 0x800007ec (0x0ff0000f)
core   0: 0x800007f0 (0x007a7333) and     t1, s4, t2
core   0: 3 0x800007f0 (0x007a7333) x 6 0x00000000
core   0: 0x800007f4 (0x76370c97) auipc   s9, 0x76370
core   0: 3 0x800007f4 (0x76370c97) x25 0xf63707f4
core   0: 0x800007f8 (0x008175b3) and     a1, sp, s0
core   0: 3 0x800007f8 (0x008175b3) x11 0x00000000
core   0: 0x800007fc (0x00000013) nop
core   0: 3 0x800007fc (0x00000013)
core   0: 0x80000800 (0x00800b93) li      s7, 8
core   0: 3 0x80000800 (0x00800b93) x23 0x00000008
core   0: 0x80000804 (0xa1c0c213) xori    tp, ra, -1508
core   0: 3 0x80000804 (0xa1c0c213) x 4 0xfffffa1d
core   0: 0x80000808 (0x0d2dae13) slti    t3, s11, 210
core   0: 3 0x80000808 (0x0d2dae13) x28 0x00000001
core   0: 0x8000080c (0x4008d613) srai    a2, a7, 0
core   0: 3 0x8000080c (0x4008d613) x12 0x80028ce4
core   0: 0x80000810 (0x26ea7393) andi    t2, s4, 622
core   0: 3 0x80000810 (0x26ea7393) x 7 0x00000006
core   0: 0x80000814 (0x00104cb7) lui     s9, 0x104
core   0: 3 0x80000814 (0x00104cb7) x25 0x00104000
core   0: 0x80000818 (0x014abf33) sltu    t5, s5, s4
core   0: 3 0x80000818 (0x014abf33) x30 0x00000001
core   0: 0x8000081c (0x00000013) nop
core   0: 3 0x8000081c (0x00000013)
core   0: 0x80000820 (0x0163f333) and     t1, t2, s6
core   0: 3 0x80000820 (0x0163f333) x 6 0x00000004
core   0: 0x80000824 (0xffdc0c13) addi    s8, s8, -3
core   0: 3 0x80000824 (0xffdc0c13) x24 0x00000007
core   0: 0x80000828 (0xff7c76e3) bgeu    s8, s7, pc - 20
core   0: 3 0x80000828 (0xff7c76e3)
core   0: 0x8000082c (0x41000ab3) sub     s5, zero, a6
core   0: 3 0x8000082c (0x41000ab3) x21 0x80000000
core   0: 0x80000830 (0x41a5dc13) srai    s8, a1, 26
core   0: 3 0x80000830 (0x41a5dc13) x24 0x00000000
core   0: 0x80000834 (0x004cd133) srl     sp, s9, tp
core   0: 3 0x80000834 (0x004cd133) x 2 0x00000000
core   0: 0x80000838 (0x23265b97) auipc   s7, 0x23265
core   0: 3 0x80000838 (0x23265b97) x23 0xa3265838
core   0: 0x8000083c (0x01108b33) add     s6, ra, a7
core   0: 3 0x8000083c (0x01108b33) x22 0x80028ce5
core   0: 0x80000840 (0x00000013) nop
core   0: 3 0x80000840 (0x00000013)
core   0: 0x80000844 (0x0586f863) bgeu    a3, s8, pc + 80
core   0: 3 0x80000844 (0x0586f863)
core   0: 0x80000894 (0x009af4b3) and     s1, s5, s1
core   0: 3 0x80000894 (0x009af4b3) x 9 0x00000000
core   0: 0x80000898 (0x408ad933) sra     s2, s5, s0
core   0: 3 0x80000898 (0x408ad933) x18 0xffff8000
core   0: 0x8000089c (0x01116263) bltu    sp, a7, pc + 4
core   0: 3 0x8000089c (0x01116263)
core   0: 0x800008a0 (0x00080233) add     tp, a6, zero
core   0: 3 0x800008a0 (0x00080233) x 4 0x80000000
core   0: 0x800008a4 (0x01039193) slli    gp, t2, 16
core   0: 3 0x800008a4 (0x01039193) x 3 0x00060000
core   0: 0x800008a8 (0x01075bb3) srl     s7, a4, a6
core   0: 3 0x800008a8 (0x01075bb3) x23 0xffffffec
core   0: 0x800008ac (0x039c6463) bltu    s8, s9, pc + 40
core   0: 3 0x800008ac (0x039c6463)
core   0: 0x800008d4 (0x40d903b3) sub     t2, s2, a3
core   0: 3 0x800008d4 (0x40d903b3) x 7 0xffff877a
core   0: 0x800008d8 (0x006480b3) add     ra, s1, t1
core   0: 3 0x800008d8 (0x006480b3) x 1 0x00000004
core   0: 0x800008dc (0xd76cee13) ori     t3, s9, -650
core   0: 3 0x800008dc (0xd76cee13) x28 0xfffffd76
core   0: 0x800008e0 (0x9b9c2513) slti    a0, s8, -1607
core   0: 3 0x800008e0 (0x9b9c2513) x10 0x00000000
core   0: 0x800008e4 (0x2455f393) andi    t2, a1, 581
core   0: 3 0x800008e4 (0x2455f393) x 7 0x00000000
core   0: 0x800008e8 (0x0000100f) fence.i
core   0: 3 0x800008e8 (0x0000100f)
core   0: 0x800008ec (0x01174f33) xor     t5, a4, a7
core   0: 3 0x800008ec (0x01174f33) x30 0x7ffd7308
core   0: 0x800008f0 (0xa2a26f13) ori     t5, tp, -1494
core   0: 3 0x800008f0 (0xa2a26f13) x30 0xfffffa2a
core   0: 0x800008f4 (0x01e5d263) bge     a1, t5, pc + 4
core   0: 3 0x800008f4 (0x01e5d263)
core   0: 0x800008f8 (0x01659863) bne     a1, s6, pc + 16
core   0: 3 0x800008f8 (0x01659863)
core   0: 0x80000908 (0xcf3aeb13) ori     s6, s5, -781
core   0: 3 0x80000908 (0xcf3aeb13) x22 0xfffffcf3
core   0: 0x8000090c (0x00000013) nop
core   0: 3 0x8000090c (0x00000013)
core   0: 0x80000910 (0xbd71ae37) lui     t3, 0xbd71a
core   0: 3 0x80000910 (0xbd71ae37) x28 0xbd71a000
core   0: 0x80000914 (0x011bdbb3) srl     s7, s7, a7
core   0: 3 0x80000914 (0x011bdbb3) x23 0x0ffffffe
core   0: 0x80000918 (0x5dfe8c13) addi    s8, t4, 1503
core   0: 3 0x80000918 (0x5dfe8c13) x24 0x000025df
core   0: 0x8000091c (0x00290ab3) add     s5, s2, sp
core   0: 3 0x8000091c (0x00290ab3) x21 0xffff8000
core   0: 0x80000920 (0x0ff0000f) fence   iorw,iorw
core   0: 3 0x80000920 (0x0ff0000f)
core   0: 0x80000924 (0x019d9413) slli    s0, s11, 25
core   0: 3 0x80000924 (0x019d9413) x 8 0x00000000
core   0: 0x80000928 (0x00ff8e33) add     t3, t6, a5
core   0: 3 0x80000928 (0x00ff8e33) x28 0x34bdb82b
core   0: 0x8000092c (0x26cf5a17) auipc   s4, 0x26cf5
core   0: 3 0x8000092c (0x26cf5a17) x20 0xa6cf592c
core   0: 0x80000930 (0x41d7df33) sra     t5, a5, t4
core   0: 3 0x80000930 (0x41d7df33) x30 0x80024e64
core   0: 0x80000934 (0x089e8c63) beq     t4, s1, pc + 152
core   0: 3 0x80000934 (0x089e8c63)
core   0: 0x80000938 (0x00ae51b3) srl     gp, t3, a0
core   0: 3 0x80000938 (0x00ae51b3) x 3 0x34bdb82b
core   0: 0x8000093c (0x01482033) slt     zero, a6, s4
core   0: 3 0x8000093c (0x01482033)
core   0: 0x80000940 (0x0d5fd263) bge     t6, s5, pc + 196
core   0: 3 0x80000940 (0x0d5fd263)
core   0: 0x80000944 (0x00000393) li      t2, 0
core   0: 3 0x80000944 (0x00000393) x 7 0x00000000
core   0: 0x80000948 (0x00000013) nop
core   0: 3 0x80000948 (0x00000013)
core   0: 0x8000094c (0x4029dd33) sra     s10, s3, sp
core   0: 3 0x8000094c (0x4029dd33) x26 0x00000006
core   0: 0x80000950 (0x8693f693) andi    a3, t2, -1943
core   0: 3 0x80000950 (0x8693f693) x13 0x00000000
core   0: 0x80000954 (0x28e22b93) slti    s7, tp, 654
core   0: 3 0x80000954 (0x28e22b93) x23 0x00000001
core   0: 0x80000958 (0x4f00bc93) sltiu   s9, ra, 1264
core   0: 3 0x80000958 (0x4f00bc93) x25 0x00000001
core   0: 0x8000095c (0xaaeed697) auipc   a3, 0xaaeed
core   0: 3 0x8000095c (0xaaeed697) x13 0x2aeed95c
core   0: 0x80000960 (0x2f40ae13) slti    t3, ra, 756
core   0: 3 0x80000960 (0x2f40ae13) x28 0x00000001
core   0: 0x80000964 (0x0128beb3) sltu    t4, a7, s2
core   0: 3 0x80000964 (0x0128beb3) x29 0x00000001
core   0: 0x80000968 (0x0000100f) fence.i
core   0: 3 0x80000968 (0x0000100f)
core   0: 0x8000096c (0x00500113) li      sp, 5
core   0: 3 0x8000096c (0x00500113) x 2 0x00000005
core   0: 0x80000970 (0x65d36a17) auipc   s4, 0x65d36
core   0: 3 0x80000970 (0x65d36a17) x20 0xe5d36970
core   0: 0x80000974 (0x757c8a93) addi    s5, s9, 1879
core   0: 3 0x80000974 (0x757c8a93) x21 0x00000758
core   0: 0x80000978 (0x009c5d13) srli    s10, s8, 9
core   0: 3 0x80000978 (0x009c5d13) x26 0x00000012
core   0: 0x8000097c (0x5c72ef13) ori     t5, t0, 1479
core   0: 3 0x8000097c (0x5c72ef13) x30 0x8000bfe7
core   0: 0x80000980 (0x00138393) addi    t2, t2, 1
core   0: 3 0x80000980 (0x00138393) x 7 0x00000001
core   0: 0x80000984 (0xffa00613) li      a2, -6
core   0: 3 0x80000984 (0xffa00613) x12 0xfffffffa
core   0: 0x80000988 (0x00100913) li      s2, 1
core   0: 3 0x80000988 (0x00100913) x18 0x00000001
core   0: 0x8000098c (0x403900b3) sub     ra, s2, gp
core   0: 3 0x8000098c (0x403900b3) x 1 0xcb4247d6
core   0: 0x80000990 (0x181c94b7) lui     s1, 0x181c9
core   0: 3 0x80000990 (0x181c94b7) x 9 0x181c9000
core   0: 0x80000994 (0x019349b3) xor     s3, t1, s9
core   0: 3 0x80000994 (0x019349b3) x19 0x00000005
core   0: 0x80000998 (0xab0c2f93) slti    t6, s8, -1360
core   0: 3 0x80000998 (0xab0c2f93) x31 0x00000000
core   0: 0x8000099c (0x03532213) slti    tp, t1, 53
core   0: 3 0x8000099c (0x03532213) x 4 0x00000001
core   0: 0x800009a0 (0x00160613) addi    a2, a2, 1
core   0: 3 0x800009a0 (0x00160613) x12 0xfffffffb
core   0: 0x800009a4 (0x00f12533) slt     a0, sp, a5
core   0: 3 0x800009a4 (0x00f12533) x10 0x00000000
core   0: 0x800009a8 (0x0066a733) slt     a4, a3, t1
core   0: 3 0x800009a8 (0x0066a733) x14 0x00000000
core   0: 0x800009ac (0xff2642e3) blt     a2, s2, pc - 28
core   0: 3 0x800009ac (0xff2642e3)
core   0: 0x80000990 (0x181c94b7) lui     s1, 0x181c9
core   0: 3 0x80000990 (0x181c94b7) x 9 0x181c9000
core   0: 0x80000994 (0x019349b3) xor     s3, t1, s9
core   0: 3 0x80000994 (0x019349b3) x19 0x00000005
core   0: 0x80000998 (0xab0c2f93) slti    t6, s8, -1360
core   0: 3 0x80000998 (0xab0c2f93) x31 0x00000000
core   0: 0x8000099c (0x03532213) slti    tp, t1, 53
core   0: 3 0x8000099c (0x03532213) x 4 0x00000001
core   0: 0x800009a0 (0x00160613) addi    a2, a2, 1
core   0: 3 0x800009a0 (0x00160613) x12 0xfffffffc
core   0: 0x800009a4 (0x00f12533) slt     a0, sp, a5
core   0: 3 0x800009a4 (0x00f12533) x10 0x00000000
core   0: 0x800009a8 (0x0066a733) slt     a4, a3, t1
core   0: 3 0x800009a8 (0x0066a733) x14 0x00000000
core   0: 0x800009ac (0xff2642e3) blt     a2, s2, pc - 28
core   0: 3 0x800009ac (0xff2642e3)
core   0: 0x80000990 (0x181c94b7) lui     s1, 0x181c9
core   0: 3 0x80000990 (0x181c94b7) x 9 0x181c9000
core   0: 0x80000994 (0x019349b3) xor     s3, t1, s9
core   0: 3 0x80000994 (0x019349b3) x19 0x00000005
core   0: 0x80000998 (0xab0c2f93) slti    t6, s8, -1360
core   0: 3 0x80000998 (0xab0c2f93) x31 0x00000000
core   0: 0x8000099c (0x03532213) slti    tp, t1, 53
core   0: 3 0x8000099c (0x03532213) x 4 0x00000001
core   0: 0x800009a0 (0x00160613) addi    a2, a2, 1
core   0: 3 0x800009a0 (0x00160613) x12 0xfffffffd
core   0: 0x800009a4 (0x00f12533) slt     a0, sp, a5
core   0: 3 0x800009a4 (0x00f12533) x10 0x00000000
core   0: 0x800009a8 (0x0066a733) slt     a4, a3, t1
core   0: 3 0x800009a8 (0x0066a733) x14 0x00000000
core   0: 0x800009ac (0xff2642e3) blt     a2, s2, pc - 28
core   0: 3 0x800009ac (0xff2642e3)
core   0: 0x80000990 (0x181c94b7) lui     s1, 0x181c9
core   0: 3 0x80000990 (0x181c94b7) x 9 0x181c9000
core   0: 0x80000994 (0x019349b3) xor     s3, t1, s9
core   0: 3 0x80000994 (0x019349b3) x19 0x00000005
core   0: 0x80000998 (0xab0c2f93) slti    t6, s8, -1360
core   0: 3 0x80000998 (0xab0c2f93) x31 0x00000000
core   0: 0x8000099c (0x03532213) slti    tp, t1, 53
core   0: 3 0x8000099c (0x03532213) x 4 0x00000001
core   0: 0x800009a0 (0x00160613) addi    a2, a2, 1
core   0: 3 0x800009a0 (0x00160613) x12 0xfffffffe
core   0: 0x800009a4 (0x00f12533) slt     a0, sp, a5
core   0: 3 0x800009a4 (0x00f12533) x10 0x00000000
core   0: 0x800009a8 (0x0066a733) slt     a4, a3, t1
core   0: 3 0x800009a8 (0x0066a733) x14 0x00000000
core   0: 0x800009ac (0xff2642e3) blt     a2, s2, pc - 28
core   0: 3 0x800009ac (0xff2642e3)
core   0: 0x80000990 (0x181c94b7) lui     s1, 0x181c9
core   0: 3 0x80000990 (0x181c94b7) x 9 0x181c9000
core   0: 0x80000994 (0x019349b3) xor     s3, t1, s9
core   0: 3 0x80000994 (0x019349b3) x19 0x00000005
core   0: 0x80000998 (0xab0c2f93) slti    t6, s8, -1360
core   0: 3 0x80000998 (0xab0c2f93) x31 0x00000000
core   0: 0x8000099c (0x03532213) slti    tp, t1, 53
core   0: 3 0x8000099c (0x03532213) x 4 0x00000001
core   0: 0x800009a0 (0x00160613) addi    a2, a2, 1
core   0: 3 0x800009a0 (0x00160613) x12 0xffffffff
core   0: 0x800009a4 (0x00f12533) slt     a0, sp, a5
core   0: 3 0x800009a4 (0x00f12533) x10 0x00000000
core   0: 0x800009a8 (0x0066a733) slt     a4, a3, t1
core   0: 3 0x800009a8 (0x0066a733) x14 0x00000000
core   0: 0x800009ac (0xff2642e3) blt     a2, s2, pc - 28
core   0: 3 0x800009ac (0xff2642e3)
core   0: 0x80000990 (0x181c94b7) lui     s1, 0x181c9
core   0: 3 0x80000990 (0x181c94b7) x 9 0x181c9000
core   0: 0x80000994 (0x019349b3) xor     s3, t1, s9
core   0: 3 0x80000994 (0x019349b3) x19 0x00000005
core   0: 0x80000998 (0xab0c2f93) slti    t6, s8, -1360
core   0: 3 0x80000998 (0xab0c2f93) x31 0x00000000
core   0: 0x8000099c (0x03532213) slti    tp, t1, 53
core   0: 3 0x8000099c (0x03532213) x 4 0x00000001
core   0: 0x800009a0 (0x00160613) addi    a2, a2, 1
core   0: 3 0x800009a0 (0x00160613) x12 0x00000000
core   0: 0x800009a4 (0x00f12533) slt     a0, sp, a5
core   0: 3 0x800009a4 (0x00f12533) x10 0x00000000
core   0: 0x800009a8 (0x0066a733) slt     a4, a3, t1
core   0: 3 0x800009a8 (0x0066a733) x14 0x00000000
core   0: 0x800009ac (0xff2642e3) blt     a2, s2, pc - 28
core   0: 3 0x800009ac (0xff2642e3)
core   0: 0x80000990 (0x181c94b7) lui     s1, 0x181c9
core   0: 3 0x80000990 (0x181c94b7) x 9 0x181c9000
core   0: 0x80000994 (0x019349b3) xor     s3, t1, s9
core   0: 3 0x80000994 (0x019349b3) x19 0x00000005
core   0: 0x80000998 (0xab0c2f93) slti    t6, s8, -1360
core   0: 3 0x80000998 (0xab0c2f93) x31 0x00000000
core   0: 0x8000099c (0x03532213) slti    tp, t1, 53
core   0: 3 0x8000099c (0x03532213) x 4 0x00000001
core   0: 0x800009a0 (0x00160613) addi    a2, a2, 1
core   0: 3 0x800009a0 (0x00160613) x12 0x00000001
core   0: 0x800009a4 (0x00f12533) slt     a0, sp, a5
core   0: 3 0x800009a4 (0x00f12533) x10 0x00000000
core   0: 0x800009a8 (0x0066a733) slt     a4, a3, t1
core   0: 3 0x800009a8 (0x0066a733) x14 0x00000000
core   0: 0x800009ac (0xff2642e3) blt     a2, s2, pc - 28
core   0: 3 0x800009ac (0xff2642e3)
core   0: 0x800009b0 (0x40ff06b3) sub     a3, t5, a5
core   0: 3 0x800009b0 (0x40ff06b3) x13 0xfffe7183
core   0: 0x800009b4 (0xfc2380e3) beq     t2, sp, pc - 64
core   0: 3 0x800009b4 (0xfc2380e3)
core   0: 0x800009b8 (0xde0ac593) xori    a1, s5, -544
core   0: 3 0x800009b8 (0xde0ac593) x11 0xfffffab8
core   0: 0x800009bc (0x042d1663) bne     s10, sp, pc + 76
core   0: 3 0x800009bc (0x042d1663)
core   0: 0x80000a08 (0x0000100f) fence.i
core   0: 3 0x80000a08 (0x0000100f)
core   0: 0x80000a0c (0x002ccc63) blt     s9, sp, pc + 24
core   0: 3 0x80000a0c (0x002ccc63)
core   0: 0x80000a24 (0x00ece3b3) or      t2, s9, a4
core   0: 3 0x80000a24 (0x00ece3b3) x 7 0x00000001
core   0: 0x80000a28 (0x03151c63) bne     a0, a7, pc + 56
core   0: 3 0x80000a28 (0x03151c63)
core   0: 0x80000a60 (0xb364af13) slti    t5, s1, -1226
core   0: 3 0x80000a60 (0xb364af13) x30 0x00000000
core   0: 0x80000a64 (0x019ae333) or      t1, s5, s9
core   0: 3 0x80000a64 (0x019ae333) x 6 0x00000759
core   0: 0x80000a68 (0x4113d693) srai    a3, t2, 17
core   0: 3 0x80000a68 (0x4113d693) x13 0x00000000
core   0: 0x80000a6c (0xfc846413) ori     s0, s0, -56
core   0: 3 0x80000a6c (0xfc846413) x 8 0xffffffc8
core   0: 0x80000a70 (0xea5ec017) auipc   zero, 0xea5ec
core   0: 3 0x80000a70 (0xea5ec017)
core   0: 0x80000a74 (0x030f9c63) bne     t6, a6, pc + 56
core   0: 3 0x80000a74 (0x030f9c63)
core   0: 0x80000aac (0xf5357c93) andi    s9, a0, -173
core   0: 3 0x80000aac (0xf5357c93) x25 0x00000000
core   0: 0x80000ab0 (0x016d0533) add     a0, s10, s6
core   0: 3 0x80000ab0 (0x016d0533) x10 0xfffffd05
core   0: 0x80000ab4 (0xbf590037) lui     zero, 0xbf590
core   0: 3 0x80000ab4 (0xbf590037)
core   0: 0x80000ab8 (0x0131c663) blt     gp, s3, pc + 12
core   0: 3 0x80000ab8 (0x0131c663)
core   0: 0x80000abc (0x01e3e663) bltu    t2, t5, pc + 12
core   0: 3 0x80000abc (0x01e3e663)
core   0: 0x80000ac0 (0x007c1393) slli    t2, s8, 7
core   0: 3 0x80000ac0 (0x007c1393) x 7 0x0012ef80
core   0: 0x80000ac4 (0x40d489b3) sub     s3, s1, a3
core   0: 3 0x80000ac4 (0x40d489b3) x19 0x181c9000
core   0: 0x80000ac8 (0x0ff0000f) fence   iorw,iorw
core   0: 3 0x80000ac8 (0x0ff0000f)
core   0: 0x80000acc (0x40ce5613) srai    a2, t3, 12
core   0: 3 0x80000acc (0x40ce5613) x12 0x00000000
core   0: 0x80000ad0 (0x025ff063) bgeu    t6, t0, pc + 32
core   0: 3 0x80000ad0 (0x025ff063)
core   0: 0x80000ad4 (0x0000100f) fence.i
core   0: 3 0x80000ad4 (0x0000100f)
core   0: 0x80000ad8 (0x00000013) nop
core   0: 3 0x80000ad8 (0x00000013)
core   0: 0x80000adc (0x00000013) nop
core   0: 3 0x80000adc (0x00000013)
core   0: 0x80000ae0 (0x0092fa33) and     s4, t0, s1
core   0: 3 0x80000ae0 (0x0092fa33) x20 0x00009000
core   0: 0x80000ae4 (0x41a40b33) sub     s6, s0, s10
core   0: 3 0x80000ae4 (0x41a40b33) x22 0xffffffb6
core   0: 0x80000ae8 (0x015ac9b3) xor     s3, s5, s5
core   0: 3 0x80000ae8 (0x015ac9b3) x19 0x00000000
core   0: 0x80000aec (0x027e5063) bge     t3, t2, pc + 32
core   0: 3 0x80000aec (0x027e5063)
core   0: 0x80000af0 (0x1b085217) auipc   tp, 0x1b085
core   0: 3 0x80000af0 (0x1b085217) x 4 0x9b085af0
core   0: 0x80000af4 (0xd64d7f93) andi    t6, s10, -668
core   0: 3 0x80000af4 (0xd64d7f93) x31 0x00000000
core   0: 0x80000af8 (0x76f77713) andi    a4, a4, 1903
core   0: 3 0x80000af8 (0x76f77713) x14 0x00000000
core   0: 0x80000afc (0x12a55197) auipc   gp, 0x12a55
core   0: 3 0x80000afc (0x12a55197) x 3 0x92a55afc
core   0: 0x80000b00 (0x0ff0000f) fence   iorw,iorw
core   0: 3 0x80000b00 (0x0ff0000f)
core   0: 0x80000b04 (0x00000013) nop
core   0: 3 0x80000b04 (0x00000013)
core   0: 0x80000b08 (0xed9e8637) lui     a2, 0xed9e8
core   0: 3 0x80000b08 (0xed9e8637) x12 0xed9e8000
core   0: 0x80000b0c (0x40030e33) sub     t3, t1, zero
core   0: 3 0x80000b0c (0x40030e33) x28 0x00000759
core   0: 0x80000b10 (0x00000013) nop
core   0: 3 0x80000b10 (0x00000013)
core   0: 0x80000b14 (0x0a939e63) bne     t2, s1, pc + 188
core   0: 3 0x80000b14 (0x0a939e63)
core   0: 0x80000bd0 (0x01395933) srl     s2, s2, s3
core   0: 3 0x80000bd0 (0x01395933) x18 0x00000001
core   0: 0x80000bd4 (0x013f5033) srl     zero, t5, s3
core   0: 3 0x80000bd4 (0x013f5033)
core   0: 0x80000bd8 (0x33c2cd37) lui     s10, 0x33c2c
core   0: 3 0x80000bd8 (0x33c2cd37) x26 0x33c2c000
core   0: 0x80000bdc (0x01341ab3) sll     s5, s0, s3
core   0: 3 0x80000bdc (0x01341ab3) x21 0xffffffc8
core   0: 0x80000be0 (0x01087e63) bgeu    a6, a6, pc + 28
core   0: 3 0x80000be0 (0x01087e63)
core   0: 0x80000bfc (0x01652633) slt     a2, a0, s6
core   0: 3 0x80000bfc (0x01652633) x12 0x00000001
core   0: 0x80000c00 (0xe6fd2b13) slti    s6, s10, -401
core   0: 3 0x80000c00 (0xe6fd2b13) x22 0x00000000
core   0: 0x80000c04 (0x0000100f) fence.i
core   0: 3 0x80000c04 (0x0000100f)
core   0: 0x80000c08 (0x00bd3233) sltu    tp, s10, a1
core   0: 3 0x80000c08 (0x00bd3233) x 4 0x00000001
core   0: 0x80000c0c (0x01488633) add     a2, a7, s4
core   0: 3 0x80000c0c (0x01488633) x12 0x80031ce4
core   0: 0x80000c10 (0x51e32c37) lui     s8, 0x51e32
core   0: 3 0x80000c10 (0x51e32c37) x24 0x51e32000
core   0: 0x80000c14 (0x01c0c033) xor     zero, ra, t3
core   0: 3 0x80000c14 (0x01c0c033)
core   0: 0x80000c18 (0x7b0ee037) lui     zero, 0x7b0ee
core   0: 3 0x80000c18 (0x7b0ee037)
core   0: 0x80000c1c (0xfbbe8f97) auipc   t6, 0xfbbe8
core   0: 3 0x80000c1c (0xfbbe8f97) x31 0x7bbe8c1c
core   0: 0x80000c20 (0xe093a113) slti    sp, t2, -503
core   0: 3 0x80000c20 (0xe093a113) x 2 0x00000000
core   0: 0x80000c24 (0x6ed7bc17) auipc   s8, 0x6ed7b
core   0: 3 0x80000c24 (0x6ed7bc17) x24 0xeed7bc24
core   0: 0x80000c28 (0x00153c33) sltu    s8, a0, ra
core   0: 3 0x80000c28 (0x00153c33) x24 0x00000000
core   0: 0x80000c2c (0x9c79a397) auipc   t2, 0x9c79a
core   0: 3 0x80000c2c (0x9c79a397) x 7 0x1c79ac2c
core   0: 0x80000c30 (0xa8d96f93) ori     t6, s2, -1395
core   0: 3 0x80000c30 (0xa8d96f93) x31 0xfffffa8d
core   0: 0x80000c34 (0x40fc5433) sra     s0, s8, a5
core   0: 3 0x80000c34 (0x40fc5433) x 8 0x00000000
core   0: 0x80000c38 (0x40a2d913) srai    s2, t0, 10
core   0: 3 0x80000c38 (0x40a2d913) x18 0xffe0002e
core   0: 0x80000c3c (0x00789093) slli    ra, a7, 7
core   0: 3 0x80000c3c (0x00789093) x 1 0x01467200
core   0: 0x80000c40 (0x622eb993) sltiu   s3, t4, 1570
core   0: 3 0x80000c40 (0x622eb993) x19 0x00000001
core   0: 0x80000c44 (0x08916e63) bltu    sp, s1, pc + 156
core   0: 3 0x80000c44 (0x08916e63)
core   0: 0x80000ce0 (0x0ff0000f) fence   iorw,iorw
core   0: 3 0x80000ce0 (0x0ff0000f)
core   0: 0x80000ce4 (0x0126bb33) sltu    s6, a3, s2
core   0: 3 0x80000ce4 (0x0126bb33) x22 0x00000001
core   0: 0x80000ce8 (0x41178cb3) sub     s9, a5, a7
core   0: 3 0x80000ce8 (0x41178cb3) x25 0xffffc180
core   0: 0x80000cec (0x039d4c63) blt     s10, s9, pc + 56
core   0: 3 0x80000cec (0x039d4c63)
core   0: 0x80000cf0 (0x00267db3) and     s11, a2, sp
core   0: 3 0x80000cf0 (0x00267db3) x27 0x00000000
core   0: 0x80000cf4 (0x01a2e663) bltu    t0, s10, pc + 12
core   0: 3 0x80000cf4 (0x01a2e663)
core   0: 0x80000cf8 (0xb1ad2913) slti    s2, s10, -1254
core   0: 3 0x80000cf8 (0xb1ad2913) x18 0x00000000
core   0: 0x80000cfc (0x40f7d113) srai    sp, a5, 15
core   0: 3 0x80000cfc (0x40f7d113) x 2 0xffff0004
core   0: 0x80000d00 (0x00f2eeb3) or      t4, t0, a5
core   0: 3 0x80000d00 (0x00f2eeb3) x29 0x8002fee5
core   0: 0x80000d04 (0xe9cef293) andi    t0, t4, -356
core   0: 3 0x80000d04 (0xe9cef293) x 5 0x8002fe84
core   0: 0x80000d08 (0x00425393) srli    t2, tp, 4
core   0: 3 0x80000d08 (0x00425393) x 7 0x00000000
core   0: 0x80000d0c (0x00000013) nop
core   0: 3 0x80000d0c (0x00000013)
core   0: 0x80000d10 (0x00c75c33) srl     s8, a4, a2
core   0: 3 0x80000d10 (0x00c75c33) x24 0x00000000
core   0: 0x80000d14 (0xd4da7e13) andi    t3, s4, -691
core   0: 3 0x80000d14 (0xd4da7e13) x28 0x00009000
core   0: 0x80000d18 (0x01938933) add     s2, t2, s9
core   0: 3 0x80000d18 (0x01938933) x18 0xffffc180
core   0: 0x80000d1c (0xf7782f13) slti    t5, a6, -137
core   0: 3 0x80000d1c (0xf7782f13) x30 0x00000001
core   0: 0x80000d20 (0x7a758c13) addi    s8, a1, 1959
core   0: 3 0x80000d20 (0x7a758c13) x24 0x0000025f
core   0: 0x80000d24 (0x04a66863) bltu    a2, a0, pc + 80
core   0: 3 0x80000d24 (0x04a66863)
core   0: 0x80000d74 (0x65a8c413) xori    s0, a7, 1626
core   0: 3 0x80000d74 (0x65a8c413) x 8 0x80028abe
core   0: 0x80000d78 (0x01cf1413) slli    s0, t5, 28
core   0: 3 0x80000d78 (0x01cf1413) x 8 0x10000000
core   0: 0x80000d7c (0x01845293) srli    t0, s0, 24
core   0: 3 0x80000d7c (0x01845293) x 5 0x00000010
core   0: 0x80000d80 (0x2bcdc313) xori    t1, s11, 700
core   0: 3 0x80000d80 (0x2bcdc313) x 6 0x000002bc
core   0: 0x80000d84 (0x01af7bb3) and     s7, t5, s10
core   0: 3 0x80000d84 (0x01af7bb3) x23 0x00000000
core   0: 0x80000d88 (0x01cb2033) slt     zero, s6, t3
core   0: 3 0x80000d88 (0x01cb2033)
core   0: 0x80000d8c (0x41795113) srai    sp, s2, 23
core   0: 3 0x80000d8c (0x41795113) x 2 0xffffffff
core   0: 0x80000d90 (0x01162fb3) slt     t6, a2, a7
core   0: 3 0x80000d90 (0x01162fb3) x31 0x00000000
core   0: 0x80000d94 (0x01fe1463) bne     t3, t6, pc + 8
core   0: 3 0x80000d94 (0x01fe1463)
core   0: 0x80000d9c (0x00558863) beq     a1, t0, pc + 16
core   0: 3 0x80000d9c (0x00558863)
core   0: 0x80000da0 (0x014e54b3) srl     s1, t3, s4
core   0: 3 0x80000da0 (0x014e54b3) x 9 0x00009000
core   0: 0x80000da4 (0x4093d013) srai    zero, t2, 9
core   0: 3 0x80000da4 (0x4093d013)
core   0: 0x80000da8 (0xfb436d93) ori     s11, t1, -76
core   0: 3 0x80000da8 (0xfb436d93) x27 0xffffffbc
core   0: 0x80000dac (0x181c1e97) auipc   t4, 0x181c1
core   0: 3 0x80000dac (0x181c1e97) x29 0x981c1dac
core   0: 0x80000db0 (0x41cad2b3) sra     t0, s5, t3
core   0: 3 0x80000db0 (0x41cad2b3) x 5 0xffffffc8
core   0: 0x80000db4 (0x00000013) nop
core   0: 3 0x80000db4 (0x00000013)
core   0: 0x80000db8 (0x04fee263) bltu    t4, a5, pc + 68
core   0: 3 0x80000db8 (0x04fee263)
core   0: 0x80000dbc (0x0109ce33) xor     t3, s3, a6
core   0: 3 0x80000dbc (0x0109ce33) x28 0x80000001
core   0: 0x80000dc0 (0x00b4e863) bltu    s1, a1, pc + 16
core   0: 3 0x80000dc0 (0x00b4e863)
core   0: 0x80000dd0 (0x01b1b5b3) sltu    a1, gp, s11
core   0: 3 0x80000dd0 (0x01b1b5b3) x11 0x00000001
core   0: 0x80000dd4 (0x017a1d93) slli    s11, s4, 23
core   0: 3 0x80000dd4 (0x017a1d93) x27 0x00000000
core   0: 0x80000dd8 (0x007a9f93) slli    t6, s5, 7
core   0: 3 0x80000dd8 (0x007a9f93) x31 0xffffe400
core   0: 0x80000ddc (0x00000013) nop
core   0: 3 0x80000ddc (0x00000013)
core   0: 0x80000de0 (0x09c42c93) slti    s9, s0, 156
core   0: 3 0x80000de0 (0x09c42c93) x25 0x00000000
core   0: 0x80000de4 (0x00cb4d33) xor     s10, s6, a2
core   0: 3 0x80000de4 (0x00cb4d33) x26 0x80031ce5
core   0: 0x80000de8 (0x411f89b3) sub     s3, t6, a7
core   0: 3 0x80000de8 (0x411f89b3) x19 0x7ffd571c
core   0: 0x80000dec (0x415101b3) sub     gp, sp, s5
core   0: 3 0x80000dec (0x415101b3) x 3 0x00000037
core   0: 0x80000df0 (0x41efdd13) srai    s10, t6, 30
core   0: 3 0x80000df0 (0x41efdd13) x26 0xffffffff
core   0: 0x80000df4 (0x4058dcb3) sra     s9, a7, t0
core   0: 3 0x80000df4 (0x4058dcb3) x25 0xff80028c
core   0: 0x80000df8 (0xfe44c013) xori    zero, s1, -28
core   0: 3 0x80000df8 (0xfe44c013)
core   0: 0x80000dfc (0x41c0dc33) sra     s8, ra, t3
core   0: 3 0x80000dfc (0x41c0dc33) x24 0x00a33900
core   0: 0x80000e00 (0x41d65013) srai    zero, a2, 29
core   0: 3 0x80000e00 (0x41d65013)
core   0: 0x80000e04 (0x02a55663) bge     a0, a0, pc + 44
core   0: 3 0x80000e04 (0x02a55663)
core   0: 0x80000e30 (0x704ccb13) xori    s6, s9, 1796
core   0: 3 0x80000e30 (0x704ccb13) x22 0xff800588
core   0: 0x80000e34 (0xa48e8ab7) lui     s5, 0xa48e8
core   0: 3 0x80000e34 (0xa48e8ab7) x21 0xa48e8000
core   0: 0x80000e38 (0x01a29ab3) sll     s5, t0, s10
core   0: 3 0x80000e38 (0x01a29ab3) x21 0x00000000
core   0: 0x80000e3c (0x009fc933) xor     s2, t6, s1
core   0: 3 0x80000e3c (0x009fc933) x18 0xffff7400
core   0: 0x80000e40 (0xa7160b93) addi    s7, a2, -1423
core   0: 3 0x80000e40 (0xa7160b93) x23 0x80031755
core   0: 0x80000e44 (0x14c36e97) auipc   t4, 0x14c36
core   0: 3 0x80000e44 (0x14c36e97) x29 0x94c36e44
core   0: 0x80000e48 (0x145780b7) lui     ra, 0x14578
core   0: 3 0x80000e48 (0x145780b7) x 1 0x14578000
core   0: 0x80000e4c (0x013b2033) slt     zero, s6, s3
core   0: 3 0x80000e4c (0x013b2033)
core   0: 0x80000e50 (0x78d74a13) xori    s4, a4, 1933
core   0: 3 0x80000e50 (0x78d74a13) x20 0x0000078d
core   0: 0x80000e54 (0x04ecd863) bge     s9, a4, pc + 80
core   0: 3 0x80000e54 (0x04ecd863)
core   0: 0x80000e58 (0x005d8fb3) add     t6, s11, t0
core   0: 3 0x80000e58 (0x005d8fb3) x31 0xffffffc8
core   0: 0x80000e5c (0x03185463) bge     a6, a7, pc + 40
core   0: 3 0x80000e5c (0x03185463)
core   0: 0x80000e60 (0x007b0b33) add     s6, s6, t2
core   0: 3 0x80000e60 (0x007b0b33) x22 0xff800588
core   0: 0x80000e64 (0x004af233) and     tp, s5, tp
core   0: 3 0x80000e64 (0x004af233) x 4 0x00000000
core   0: 0x80000e68 (0x0000100f) fence.i
core   0: 3 0x80000e68 (0x0000100f)
core   0: 0x80000e6c (0x016d0663) beq     s10, s6, pc + 12
core   0: 3 0x80000e6c (0x016d0663)
core   0: 0x80000e70 (0x1c5ffcb7) lui     s9, 0x1c5ff
core   0: 3 0x80000e70 (0x1c5ffcb7) x25 0x1c5ff000
core   0: 0x80000e74 (0xed700913) li      s2, -297
core   0: 3 0x80000e74 (0xed700913) x18 0xfffffed7
core   0: 0x80000e78 (0x01eed913) srli    s2, t4, 30
core   0: 3 0x80000e78 (0x01eed913) x18 0x00000002
core   0: 0x80000e7c (0x002d0263) beq     s10, sp, pc + 4
core   0: 3 0x80000e7c (0x002d0263)
core   0: 0x80000e80 (0x00cd7433) and     s0, s10, a2
core   0: 3 0x80000e80 (0x00cd7433) x 8 0x80031ce4
core   0: 0x80000e84 (0x019e2bb3) slt     s7, t3, s9
core   0: 3 0x80000e84 (0x019e2bb3) x23 0x00000001
core   0: 0x80000e88 (0x01c99463) bne     s3, t3, pc + 8
core   0: 3 0x80000e88 (0x01c99463)
core   0: 0x80000e90 (0x048de663) bltu    s11, s0, pc + 76
core   0: 3 0x80000e90 (0x048de663)
core   0: 0x80000edc (0x0ff0000f) fence   iorw,iorw
core   0: 3 0x80000edc (0x0ff0000f)
core   0: 0x80000ee0 (0x00bba633) slt     a2, s7, a1
core   0: 3 0x80000ee0 (0x00bba633) x12 0x00000000
core   0: 0x80000ee4 (0x0279f663) bgeu    s3, t2, pc + 44
core   0: 3 0x80000ee4 (0x0279f663)
core   0: 0x80000f10 (0x40628eb3) sub     t4, t0, t1
core   0: 3 0x80000f10 (0x40628eb3) x29 0xfffffd0c
core   0: 0x80000f14 (0x3e8b8993) addi    s3, s7, 1000
core   0: 3 0x80000f14 (0x3e8b8993) x19 0x000003e9
core   0: 0x80000f18 (0x00f4dd13) srli    s10, s1, 15
core   0: 3 0x80000f18 (0x00f4dd13) x26 0x00000001
core   0: 0x80000f1c (0x40b2d9b3) sra     s3, t0, a1
core   0: 3 0x80000f1c (0x40b2d9b3) x19 0xffffffe4
core   0: 0x80000f20 (0x0160d3b3) srl     t2, ra, s6
core   0: 3 0x80000f20 (0x0160d3b3) x 7 0x00145780
core   0: 0x80000f24 (0x01888c63) beq     a7, s8, pc + 24
core   0: 3 0x80000f24 (0x01888c63)
core   0: 0x80000f28 (0x4123d913) srai    s2, t2, 18
core   0: 3 0x80000f28 (0x4123d913) x18 0x00000005
core   0: 0x80000f2c (0x2bf62393) slti    t2, a2, 703
core   0: 3 0x80000f2c (0x2bf62393) x 7 0x00000001
core   0: 0x80000f30 (0x00000013) nop
core   0: 3 0x80000f30 (0x00000013)
core   0: 0x80000f34 (0x04a8f863) bgeu    a7, a0, pc + 80
core   0: 3 0x80000f34 (0x04a8f863)
core   0: 0x80000f38 (0x7a25ff13) andi    t5, a1, 1954
core   0: 3 0x80000f38 (0x7a25ff13) x30 0x00000000
core   0: 0x80000f3c (0xf34ad697) auipc   a3, 0xf34ad
core   0: 3 0x80000f3c (0xf34ad697) x13 0x734adf3c
core   0: 0x80000f40 (0x0088c663) blt     a7, s0, pc + 12
core   0: 3 0x80000f40 (0x0088c663)
core   0: 0x80000f4c (0x0ff0000f) fence   iorw,iorw
core   0: 3 0x80000f4c (0x0ff0000f)
core   0: 0x80000f50 (0x017e8533) add     a0, t4, s7
core   0: 3 0x80000f50 (0x017e8533) x10 0xfffffd0d
core   0: 0x80000f54 (0x402b5333) sra     t1, s6, sp
core   0: 3 0x80000f54 (0x402b5333) x 6 0xffffffff
core   0: 0x80000f58 (0x00cbbc33) sltu    s8, s7, a2
core   0: 3 0x80000f58 (0x00cbbc33) x24 0x00000000
core   0: 0x80000f5c (0x001f9a93) slli    s5, t6, 1
core   0: 3 0x80000f5c (0x001f9a93) x21 0xffffff90
core   0: 0x80000f60 (0x4031d613) srai    a2, gp, 3
core   0: 3 0x80000f60 (0x4031d613) x12 0x00000006
core   0: 0x80000f64 (0x014d8a33) add     s4, s11, s4
core   0: 3 0x80000f64 (0x014d8a33) x20 0x0000078d
core   0: 0x80000f68 (0xd89161b7) lui     gp, 0xd8916
core   0: 3 0x80000f68 (0xd89161b7) x 3 0xd8916000
core   0: 0x80000f6c (0x8f523493) sltiu   s1, tp, -1803
core   0: 3 0x80000f6c (0x8f523493) x 9 0x00000001
core   0: 0x80000f70 (0x0000100f) fence.i
core   0: 3 0x80000f70 (0x0000100f)
core   0: 0x80000f74 (0x02f24c63) blt     tp, a5, pc + 56
core   0: 3 0x80000f74 (0x02f24c63)
core   0: 0x80000f78 (0x0052de13) srli    t3, t0, 5
core   0: 3 0x80000f78 (0x0052de13) x28 0x07fffffe
core   0: 0x80000f7c (0xe4c7c093) xori    ra, a5, -436
core   0: 3 0x80000f7c (0xe4c7c093) x 1 0x7ffdb028
core   0: 0x80000f80 (0x01942fb3) slt     t6, s0, s9
core   0: 3 0x80000f80 (0x01942fb3) x31 0x00000001
core   0: 0x80000f84 (0x418e5e13) srai    t3, t3, 24
core   0: 3 0x80000f84 (0x418e5e13) x28 0x00000007
core   0: 0x80000f88 (0x414eb193) sltiu   gp, t4, 1044
core   0: 3 0x80000f88 (0x414eb193) x 3 0x00000000
core   0: 0x80000f8c (0xf6bb1d37) lui     s10, 0xf6bb1
core   0: 3 0x80000f8c (0xf6bb1d37) x26 0xf6bb1000
core   0: 0x80000f90 (0x033f8e63) beq     t6, s3, pc + 60
core   0: 3 0x80000f90 (0x033f8e63)
core   0: 0x80000f94 (0x0000100f) fence.i
core   0: 3 0x80000f94 (0x0000100f)
core   0: 0x80000f98 (0x0130b4b3) sltu    s1, ra, s3
core   0: 3 0x80000f98 (0x0130b4b3) x 9 0x00000001
core   0: 0x80000f9c (0x018ff463) bgeu    t6, s8, pc + 8
core   0: 3 0x80000f9c (0x018ff463)
core   0: 0x80000fa4 (0x5ccfd437) lui     s0, 0x5ccfd
core   0: 3 0x80000fa4 (0x5ccfd437) x 8 0x5ccfd000
core   0: 0x80000fa8 (0xe1595c37) lui     s8, 0xe1595
core   0: 3 0x80000fa8 (0xe1595c37) x24 0xe1595000
core   0: 0x80000fac (0x79ad7513) andi    a0, s10, 1946
core   0: 3 0x80000fac (0x79ad7513) x10 0x00000000
core   0: 0x80000fb0 (0x01e663b3) or      t2, a2, t5
core   0: 3 0x80000fb0 (0x01e663b3) x 7 0x00000006
core   0: 0x80000fb4 (0x40365db3) sra     s11, a2, gp
core   0: 3 0x80000fb4 (0x40365db3) x27 0x00000006
core   0: 0x80000fb8 (0x00f15e63) bge     sp, a5, pc + 28
core   0: 3 0x80000fb8 (0x00f15e63)
core   0: 0x80000fd4 (0x0000100f) fence.i
core   0: 3 0x80000fd4 (0x0000100f)
core   0: 0x80000fd8 (0x0000100f) fence.i
core   0: 3 0x80000fd8 (0x0000100f)
core   0: 0x80000fdc (0x01373533) sltu    a0, a4, s3
core   0: 3 0x80000fdc (0x01373533) x10 0x00000001
core   0: 0x80000fe0 (0x013e4933) xor     s2, t3, s3
core   0: 3 0x80000fe0 (0x013e4933) x18 0xffffffe3
core   0: 0x80000fe4 (0x01963233) sltu    tp, a2, s9
core   0: 3 0x80000fe4 (0x01963233) x 4 0x00000001
core   0: 0x80000fe8 (0x7ba7e993) ori     s3, a5, 1978
core   0: 3 0x80000fe8 (0x7ba7e993) x19 0x80024ffe
core   0: 0x80000fec (0x00c51c63) bne     a0, a2, pc + 24
core   0: 3 0x80000fec (0x00c51c63)
core   0: 0x80001004 (0x03198063) beq     s3, a7, pc + 32
core   0: 3 0x80001004 (0x03198063)
core   0: 0x80001008 (0x011a5033) srl     zero, s4, a7
core   0: 3 0x80001008 (0x011a5033)
core   0: 0x8000100c (0x402f03b3) sub     t2, t5, sp
core   0: 3 0x8000100c (0x402f03b3) x 7 0x00000001
core   0: 0x80001010 (0x0227c463) blt     a5, sp, pc + 40
core   0: 3 0x80001010 (0x0227c463)
core   0: 0x80001038 (0x81baa6b7) lui     a3, 0x81baa
core   0: 3 0x80001038 (0x81baa6b7) x13 0x81baa000
core   0: 0x8000103c (0x00000013) nop
core   0: 3 0x8000103c (0x00000013)
core   0: 0x80001040 (0x40f95cb3) sra     s9, s2, a5
core   0: 3 0x80001040 (0x40f95cb3) x25 0xfffffffe
core   0: 0x80001044 (0x00000013) nop
core   0: 3 0x80001044 (0x00000013)
core   0: 0x80001048 (0x01976863) bltu    a4, s9, pc + 16
core   0: 3 0x80001048 (0x01976863)
core   0: 0x80001058 (0x00623f33) sltu    t5, tp, t1
core   0: 3 0x80001058 (0x00623f33) x30 0x00000001
core   0: 0x8000105c (0x80372c93) slti    s9, a4, -2045
core   0: 3 0x8000105c (0x80372c93) x25 0x00000000
core   0: 0x80001060 (0x0000100f) fence.i
core   0: 3 0x80001060 (0x0000100f)
core   0: 0x80001064 (0x0065a6b3) slt     a3, a1, t1
core   0: 3 0x80001064 (0x0065a6b3) x13 0x00000000
core   0: 0x80001068 (0x01b78233) add     tp, a5, s11
core   0: 3 0x80001068 (0x01b78233) x 4 0x80024e6a
core   0: 0x8000106c (0x019c6ab3) or      s5, s8, s9
core   0: 3 0x8000106c (0x019c6ab3) x21 0xe1595000
core   0: 0x80001070 (0x01d9e0b3) or      ra, s3, t4
core   0: 3 0x80001070 (0x01d9e0b3) x 1 0xfffffffe
core   0: 0x80001074 (0x0ff0000f) fence   iorw,iorw
core   0: 3 0x80001074 (0x0ff0000f)
core   0: 0x80001078 (0xd279fb93) andi    s7, s3, -729
core   0: 3 0x80001078 (0xd279fb93) x23 0x80024d26
core   0: 0x8000107c (0x00cce333) or      t1, s9, a2
core   0: 3 0x8000107c (0x00cce333) x 6 0x00000006
core   0: 0x80001080 (0x1ab2c237) lui     tp, 0x1ab2c
core   0: 3 0x80001080 (0x1ab2c237) x 4 0x1ab2c000
core   0: 0x80001084 (0x01055d33) srl     s10, a0, a6
core   0: 3 0x80001084 (0x01055d33) x26 0x00000001
core   0: 0x80001088 (0xeb783bb7) lui     s7, 0xeb783
core   0: 3 0x80001088 (0xeb783bb7) x23 0xeb783000
core   0: 0x8000108c (0x03d0c063) blt     ra, t4, pc + 32
core   0: 3 0x8000108c (0x03d0c063)
core   0: 0x80001090 (0x018ee033) or      zero, t4, s8
core   0: 3 0x80001090 (0x018ee033)
core   0: 0x80001094 (0x007d9413) slli    s0, s11, 7
core   0: 3 0x80001094 (0x007d9413) x 8 0x00000300
core   0: 0x80001098 (0x51d73d93) sltiu   s11, a4, 1309
core   0: 3 0x80001098 (0x51d73d93) x27 0x00000001
core   0: 0x8000109c (0x00329133) sll     sp, t0, gp
core   0: 3 0x8000109c (0x00329133) x 2 0xffffffc8
core   0: 0x800010a0 (0x9a81b293) sltiu   t0, gp, -1624
core   0: 3 0x800010a0 (0x9a81b293) x 5 0x00000001
core   0: 0x800010a4 (0x00d68863) beq     a3, a3, pc + 16
core   0: 3 0x800010a4 (0x00d68863)
core   0: 0x800010b4 (0x01093133) sltu    sp, s2, a6
core   0: 3 0x800010b4 (0x01093133) x 2 0x00000000
core   0: 0x800010b8 (0x63e01597) auipc   a1, 0x63e01
core   0: 3 0x800010b8 (0x63e01597) x11 0xe3e020b8
core   0: 0x800010bc (0x0ff0000f) fence   iorw,iorw
core   0: 3 0x800010bc (0x0ff0000f)
core   0: 0x800010c0 (0x010ccc33) xor     s8, s9, a6
core   0: 3 0x800010c0 (0x010ccc33) x24 0x80000000
core   0: 0x800010c4 (0x00e201b3) add     gp, tp, a4
core   0: 3 0x800010c4 (0x00e201b3) x 3 0x1ab2c000
core   0: 0x800010c8 (0xa1aaab13) slti    s6, s5, -1510
core   0: 3 0x800010c8 (0xa1aaab13) x22 0x00000001
core   0: 0x800010cc (0x4064dfb3) sra     t6, s1, t1
core   0: 3 0x800010cc (0x4064dfb3) x31 0x00000000
core   0: 0x800010d0 (0x0157c463) blt     a5, s5, pc + 8
core   0: 3 0x800010d0 (0x0157c463)
core   0: 0x800010d8 (0x4e34f913) andi    s2, s1, 1251
core   0: 3 0x800010d8 (0x4e34f913) x18 0x00000001
core   0: 0x800010dc (0xad2aa937) lui     s2, 0xad2aa
core   0: 3 0x800010dc (0xad2aa937) x18 0xad2aa000
core   0: 0x800010e0 (0x4a4ec913) xori    s2, t4, 1188
core   0: 3 0x800010e0 (0x4a4ec913) x18 0xfffff9a8
core   0: 0x800010e4 (0x01741533) sll     a0, s0, s7
core   0: 3 0x800010e4 (0x01741533) x10 0x00000300
core   0: 0x800010e8 (0x00c56e33) or      t3, a0, a2
core   0: 3 0x800010e8 (0x00c56e33) x28 0x00000306
core   0: 0x800010ec (0x04558663) beq     a1, t0, pc + 76
core   0: 3 0x800010ec (0x04558663)
core   0: 0x800010f0 (0x00000013) nop
core   0: 3 0x800010f0 (0x00000013)
core   0: 0x800010f4 (0x41b65a33) sra     s4, a2, s11
core   0: 3 0x800010f4 (0x41b65a33) x20 0x00000003
core   0: 0x800010f8 (0x503af017) auipc   zero, 0x503af
core   0: 3 0x800010f8 (0x503af017)
core   0: 0x800010fc (0x00915d33) srl     s10, sp, s1
core   0: 3 0x800010fc (0x00915d33) x26 0x00000000
core   0: 0x80001100 (0x00657933) and     s2, a0, t1
core   0: 3 0x80001100 (0x00657933) x18 0x00000000
core   0: 0x80001104 (0x042ad663) bge     s5, sp, pc + 76
core   0: 3 0x80001104 (0x042ad663)
core   0: 0x80001108 (0x00be1533) sll     a0, t3, a1
core   0: 3 0x80001108 (0x00be1533) x10 0x06000000
core   0: 0x8000110c (0x015dd9b3) srl     s3, s11, s5
core   0: 3 0x8000110c (0x015dd9b3) x19 0x00000001
core   0: 0x80001110 (0xf9708113) addi    sp, ra, -105
core   0: 3 0x80001110 (0xf9708113) x 2 0xffffff95
core   0: 0x80001114 (0x009b80b3) add     ra, s7, s1
core   0: 3 0x80001114 (0x009b80b3) x 1 0xeb783001
core   0: 0x80001118 (0xac8cc913) xori    s2, s9, -1336
core   0: 3 0x80001118 (0xac8cc913) x18 0xfffffac8
core   0: 0x8000111c (0x01b4d413) srli    s0, s1, 27
core   0: 3 0x8000111c (0x01b4d413) x 8 0x00000000
core   0: 0x80001120 (0x0ff0000f) fence   iorw,iorw
core   0: 3 0x80001120 (0x0ff0000f)
core   0: 0x80001124 (0x00000013) nop
core   0: 3 0x80001124 (0x00000013)
core   0: 0x80001128 (0x01eafab3) and     s5, s5, t5
core   0: 3 0x80001128 (0x01eafab3) x21 0x00000000
core   0: 0x8000112c (0x174c7d93) andi    s11, s8, 372
core   0: 3 0x8000112c (0x174c7d93) x27 0x00000000
core   0: 0x80001130 (0x4a237db7) lui     s11, 0x4a237
core   0: 3 0x80001130 (0x4a237db7) x27 0x4a237000
core   0: 0x80001134 (0x2ce60d13) addi    s10, a2, 718
core   0: 3 0x80001134 (0x2ce60d13) x26 0x000002d4
core   0: 0x80001138 (0x414c5a13) srai    s4, s8, 20
core   0: 3 0x80001138 (0x414c5a13) x20 0xfffff800
core   0: 0x8000113c (0x006794b3) sll     s1, a5, t1
core   0: 3 0x8000113c (0x006794b3) x 9 0x00939900
core   0: 0x80001140 (0x891ccc93) xori    s9, s9, -1903
core   0: 3 0x80001140 (0x891ccc93) x25 0xfffff891
core   0: 0x80001144 (0x00081263) bnez    a6, pc + 4
core   0: 3 0x80001144 (0x00081263)
core   0: 0x80001148 (0x9bf48313) addi    t1, s1, -1601
core   0: 3 0x80001148 (0x9bf48313) x 6 0x009392bf
core   0: 0x8000114c (0x01bfaa33) slt     s4, t6, s11
core   0: 3 0x8000114c (0x01bfaa33) x20 0x00000001
core   0: 0x80001150 (0x00000013) nop
core   0: 3 0x80001150 (0x00000013)
core   0: 0x80001154 (0x05491263) bne     s2, s4, pc + 68
core   0: 3 0x80001154 (0x05491263)
core   0: 0x80001198 (0x01435713) srli    a4, t1, 20
core   0: 3 0x80001198 (0x01435713) x14 0x00000009
core   0: 0x8000119c (0x007c8fb3) add     t6, s9, t2
core   0: 3 0x8000119c (0x007c8fb3) x31 0xfffff892
core   0: 0x800011a0 (0x336b6513) ori     a0, s6, 822
core   0: 3 0x800011a0 (0x336b6513) x10 0x00000337
core   0: 0x800011a4 (0x0ff0000f) fence   iorw,iorw
core   0: 3 0x800011a4 (0x0ff0000f)
core   0: 0x800011a8 (0x00199863) bne     s3, ra, pc + 16
core   0: 3 0x800011a8 (0x00199863)
core   0: 0x800011b8 (0x0000100f) fence.i
core   0: 3 0x800011b8 (0x0000100f)
core   0: 0x800011bc (0x015ffcb3) and     s9, t6, s5
core   0: 3 0x800011bc (0x015ffcb3) x25 0x00000000
core   0: 0x800011c0 (0x0076bdb3) sltu    s11, a3, t2
core   0: 3 0x800011c0 (0x0076bdb3) x27 0x00000001
core   0: 0x800011c4 (0x01736463) bltu    t1, s7, pc + 8
core   0: 3 0x800011c4 (0x01736463)
core   0: 0x800011cc (0xbaf43193) sltiu   gp, s0, -1105
core   0: 3 0x800011cc (0xbaf43193) x 3 0x00000001
core   0: 0x800011d0 (0x0ff0000f) fence   iorw,iorw
core   0: 3 0x800011d0 (0x0ff0000f)
core   0: 0x800011d4 (0x0085f863) bgeu    a1, s0, pc + 16
core   0: 3 0x800011d4 (0x0085f863)
core   0: 0x800011e4 (0x7abd0717) auipc   a4, 0x7abd0
core   0: 3 0x800011e4 (0x7abd0717) x14 0xfabd11e4
core   0: 0x800011e8 (0x1dfb7713) andi    a4, s6, 479
core   0: 3 0x800011e8 (0x1dfb7713) x14 0x00000001
core   0: 0x800011ec (0x2dbaee93) ori     t4, s5, 731
core   0: 3 0x800011ec (0x2dbaee93) x29 0x000002db
core   0: 0x800011f0 (0x011ed993) srli    s3, t4, 17
core   0: 3 0x800011f0 (0x011ed993) x19 0x00000000
core   0: 0x800011f4 (0x01438eb3) add     t4, t2, s4
core   0: 3 0x800011f4 (0x01438eb3) x29 0x00000002
core   0: 0x800011f8 (0x411a5613) srai    a2, s4, 17
core   0: 3 0x800011f8 (0x411a5613) x12 0x00000000
core   0: 0x800011fc (0x003d1bb3) sll     s7, s10, gp
core   0: 3 0x800011fc (0x003d1bb3) x23 0x000005a8
core   0: 0x80001200 (0x003a5b13) srli    s6, s4, 3
core   0: 3 0x80001200 (0x003a5b13) x22 0x00000000
core   0: 0x80001204 (0x02a30c63) beq     t1, a0, pc + 56
core   0: 3 0x80001204 (0x02a30c63)
core   0: 0x80001208 (0xff5c6093) ori     ra, s8, -11
core   0: 3 0x80001208 (0xff5c6093) x 1 0xfffffff5
core   0: 0x8000120c (0x41f5d033) sra     zero, a1, t6
core   0: 3 0x8000120c (0x41f5d033)
core   0: 0x80001210 (0xe9e1fe13) andi    t3, gp, -354
core   0: 3 0x80001210 (0xe9e1fe13) x28 0x00000000
core   0: 0x80001214 (0x00000013) nop
core   0: 3 0x80001214 (0x00000013)
core   0: 0x80001218 (0x0000100f) fence.i
core   0: 3 0x80001218 (0x0000100f)
core   0: 0x8000121c (0x004fbdb3) sltu    s11, t6, tp
core   0: 3 0x8000121c (0x004fbdb3) x27 0x00000000
core   0: 0x80001220 (0x04a6c663) blt     a3, a0, pc + 76
core   0: 3 0x80001220 (0x04a6c663)
core   0: 0x8000126c (0x41fade33) sra     t3, s5, t6
core   0: 3 0x8000126c (0x41fade33) x28 0x00000000
core   0: 0x80001270 (0x0129a5b3) slt     a1, s3, s2
core   0: 3 0x80001270 (0x0129a5b3) x11 0x00000000
core   0: 0x80001274 (0x001f95b3) sll     a1, t6, ra
core   0: 3 0x80001274 (0x001f95b3) x11 0x12400000
core   0: 0x80001278 (0x005fd393) srli    t2, t6, 5
core   0: 3 0x80001278 (0x005fd393) x 7 0x07ffffc4
core   0: 0x8000127c (0x01d7fa33) and     s4, a5, t4
core   0: 3 0x8000127c (0x01d7fa33) x20 0x00000000
core   0: 0x80001280 (0x033b0663) beq     s6, s3, pc + 44
core   0: 3 0x80001280 (0x033b0663)
core   0: 0x800012ac (0x03a8e063) bltu    a7, s10, pc + 32
core   0: 3 0x800012ac (0x03a8e063)
core   0: 0x800012b0 (0x00380db3) add     s11, a6, gp
core   0: 3 0x800012b0 (0x00380db3) x27 0x80000001
core   0: 0x800012b4 (0x009e9263) bne     t4, s1, pc + 4
core   0: 3 0x800012b4 (0x009e9263)
core   0: 0x800012b8 (0x0093c663) blt     t2, s1, pc + 12
core   0: 3 0x800012b8 (0x0093c663)
core   0: 0x800012bc (0x91b65c97) auipc   s9, 0x91b65
core   0: 3 0x800012bc (0x91b65c97) x25 0x11b662bc
core   0: 0x800012c0 (0x00ba52b3) srl     t0, s4, a1
core   0: 3 0x800012c0 (0x00ba52b3) x 5 0x00000000
core   0: 0x800012c4 (0x00000013) nop
core   0: 3 0x800012c4 (0x00000013)
core   0: 0x800012c8 (0x04065863) bgez    a2, pc + 80
core   0: 3 0x800012c8 (0x04065863)
core   0: 0x80001318 (0x0000100f) fence.i
core   0: 3 0x80001318 (0x0000100f)
core   0: 0x8000131c (0x01b593b3) sll     t2, a1, s11
core   0: 3 0x8000131c (0x01b593b3) x 7 0x24800000
core   0: 0x80001320 (0x0168d313) srli    t1, a7, 22
core   0: 3 0x80001320 (0x0168d313) x 6 0x00000200
core   0: 0x80001324 (0x040ef463) bgeu    t4, zero, pc + 72
core   0: 3 0x80001324 (0x040ef463)
core   0: 0x8000136c (0x2e8dad93) slti    s11, s11, 744
core   0: 3 0x8000136c (0x2e8dad93) x27 0x00000001
core   0: 0x80001370 (0x00000013) nop
core   0: 3 0x80001370 (0x00000013)
core   0: 0x80001374 (0x2230e693) ori     a3, ra, 547
core   0: 3 0x80001374 (0x2230e693) x13 0xfffffff7
core   0: 0x80001378 (0x03b4cc63) blt     s1, s11, pc + 56
core   0: 3 0x80001378 (0x03b4cc63)
core   0: 0x8000137c (0x01446233) or      tp, s0, s4
core   0: 3 0x8000137c (0x01446233) x 4 0x00000000
core   0: 0x80001380 (0x397bfc13) andi    s8, s7, 919
core   0: 3 0x80001380 (0x397bfc13) x24 0x00000180
core   0: 0x80001384 (0x009da133) slt     sp, s11, s1
core   0: 3 0x80001384 (0x009da133) x 2 0x00000001
core   0: 0x80001388 (0x044f8263) beq     t6, tp, pc + 68
core   0: 3 0x80001388 (0x044f8263)
core   0: 0x8000138c (0x804adb97) auipc   s7, 0x804ad
core   0: 3 0x8000138c (0x804adb97) x23 0x004ae38c
core   0: 0x80001390 (0x012b3d33) sltu    s10, s6, s2
core   0: 3 0x80001390 (0x012b3d33) x26 0x00000001
core   0: 0x80001394 (0xacaca593) slti    a1, s9, -1334
core   0: 3 0x80001394 (0xacaca593) x11 0x00000000
core   0: 0x80001398 (0x007bfdb3) and     s11, s7, t2
core   0: 3 0x80001398 (0x007bfdb3) x27 0x00000000
core   0: 0x8000139c (0x0031a233) slt     tp, gp, gp
core   0: 3 0x8000139c (0x0031a233) x 4 0x00000000
core   0: 0x800013a0 (0xa6673593) sltiu   a1, a4, -1434
core   0: 3 0x800013a0 (0xa6673593) x11 0x00000001
core   0: 0x800013a4 (0x010f9c13) slli    s8, t6, 16
core   0: 3 0x800013a4 (0x010f9c13) x24 0xf8920000
core   0: 0x800013a8 (0x2b09a013) slti    zero, s3, 688
core   0: 3 0x800013a8 (0x2b09a013)
core   0: 0x800013ac (0xd2dc5737) lui     a4, 0xd2dc5
core   0: 3 0x800013ac (0xd2dc5737) x14 0xd2dc5000
core   0: 0x800013b0 (0x03368c63) beq     a3, s3, pc + 56
core   0: 3 0x800013b0 (0x03368c63)
core   0: 0x800013b4 (0x4a49a913) slti    s2, s3, 1188
core   0: 3 0x800013b4 (0x4a49a913) x18 0x00000001
core   0: 0x800013b8 (0x00d8aa33) slt     s4, a7, a3
core   0: 3 0x800013b8 (0x00d8aa33) x20 0x00000001
core   0: 0x800013bc (0x0000100f) fence.i
core   0: 3 0x800013bc (0x0000100f)
core   0: 0x800013c0 (0x87177493) andi    s1, a4, -1935
core   0: 3 0x800013c0 (0x87177493) x 9 0xd2dc5000
core   0: 0x800013c4 (0x00fbcc63) blt     s7, a5, pc + 24
core   0: 3 0x800013c4 (0x00fbcc63)
core   0: 0x800013c8 (0xd6bd3e93) sltiu   t4, s10, -661
core   0: 3 0x800013c8 (0xd6bd3e93) x29 0x00000001
core   0: 0x800013cc (0xd45b0493) addi    s1, s6, -699
core   0: 3 0x800013cc (0xd45b0493) x 9 0xfffffd45
core   0: 0x800013d0 (0x014d8ab3) add     s5, s11, s4
core   0: 3 0x800013d0 (0x014d8ab3) x21 0x00000001
core   0: 0x800013d4 (0x01785713) srli    a4, a6, 23
core   0: 3 0x800013d4 (0x01785713) x14 0x00000100
core   0: 0x800013d8 (0x6b6ef513) andi    a0, t4, 1718
core   0: 3 0x800013d8 (0x6b6ef513) x10 0x00000000
core   0: 0x800013dc (0x00000013) nop
core   0: 3 0x800013dc (0x00000013)
core   0: 0x800013e0 (0x01389f93) slli    t6, a7, 19
core   0: 3 0x800013e0 (0x01389f93) x31 0x67200000
core   0: 0x800013e4 (0x01c29863) bne     t0, t3, pc + 16
core   0: 3 0x800013e4 (0x01c29863)
core   0: 0x800013e8 (0x01ea9533) sll     a0, s5, t5
core   0: 3 0x800013e8 (0x01ea9533) x10 0x00000002
core   0: 0x800013ec (0x02c1ee63) bltu    gp, a2, pc + 60
core   0: 3 0x800013ec (0x02c1ee63)
core   0: 0x800013f0 (0x00635233) srl     tp, t1, t1
core   0: 3 0x800013f0 (0x00635233) x 4 0x00000200
core   0: 0x800013f4 (0x408e5393) srai    t2, t3, 8
core   0: 3 0x800013f4 (0x408e5393) x 7 0x00000000
core   0: 0x800013f8 (0x41538cb3) sub     s9, t2, s5
core   0: 3 0x800013f8 (0x41538cb3) x25 0xffffffff
core   0: 0x800013fc (0x03e56063) bltu    a0, t5, pc + 32
core   0: 3 0x800013fc (0x03e56063)
core   0: 0x80001400 (0xe3cb7b93) andi    s7, s6, -452
core   0: 3 0x80001400 (0xe3cb7b93) x23 0x00000000
core   0: 0x80001404 (0x00f34233) xor     tp, t1, a5
core   0: 3 0x80001404 (0x00f34233) x 4 0x80024c64
core   0: 0x80001408 (0x000b96b3) sll     a3, s7, zero
core   0: 3 0x80001408 (0x000b96b3) x13 0x00000000
core   0: 0x8000140c (0x009cedb3) or      s11, s9, s1
core   0: 3 0x8000140c (0x009cedb3) x27 0xffffffff
core   0: 0x80001410 (0x019eebb3) or      s7, t4, s9
core   0: 3 0x80001410 (0x019eebb3) x23 0xffffffff
core   0: 0x80001414 (0x05100863) beq     zero, a7, pc + 80
core   0: 3 0x80001414 (0x05100863)
core   0: 0x80001418 (0xd10aba13) sltiu   s4, s5, -752
core   0: 3 0x80001418 (0xd10aba13) x20 0x00000001
core   0: 0x8000141c (0x0031f233) and     tp, gp, gp
core   0: 3 0x8000141c (0x0031f233) x 4 0x00000001
core   0: 0x80001420 (0x00d53f33) sltu    t5, a0, a3
core   0: 3 0x80001420 (0x00d53f33) x30 0x00000000
core   0: 0x80001424 (0x0041b3b3) sltu    t2, gp, tp
core   0: 3 0x80001424 (0x0041b3b3) x 7 0x00000000
core   0: 0x80001428 (0x011109b3) add     s3, sp, a7
core   0: 3 0x80001428 (0x011109b3) x19 0x80028ce5
core   0: 0x8000142c (0x04acd263) bge     s9, a0, pc + 68
core   0: 3 0x8000142c (0x04acd263)
core   0: 0x80001430 (0x01ba85b3) add     a1, s5, s11
core   0: 3 0x80001430 (0x01ba85b3) x11 0x00000000
core   0: 0x80001434 (0x00307333) and     t1, zero, gp
core   0: 3 0x80001434 (0x00307333) x 6 0x00000000
core   0: 0x80001438 (0x6b51c513) xori    a0, gp, 1717
core   0: 3 0x80001438 (0x6b51c513) x10 0x000006b4
core   0: 0x8000143c (0xfefb0737) lui     a4, 0xfefb0
core   0: 3 0x8000143c (0xfefb0737) x14 0xfefb0000
core   0: 0x80001440 (0x008d1993) slli    s3, s10, 8
core   0: 3 0x80001440 (0x008d1993) x19 0x00000100
core   0: 0x80001444 (0x0000100f) fence.i
core   0: 3 0x80001444 (0x0000100f)
core   0: 0x80001448 (0x40d351b3) sra     gp, t1, a3
core   0: 3 0x80001448 (0x40d351b3) x 3 0x00000000
core   0: 0x8000144c (0x01a0d463) bge     ra, s10, pc + 8
core   0: 3 0x8000144c (0x01a0d463)
core   0: 0x80001450 (0x00846fb3) or      t6, s0, s0
core   0: 3 0x80001450 (0x00846fb3) x31 0x00000000
core   0: 0x80001454 (0x0000100f) fence.i
core   0: 3 0x80001454 (0x0000100f)
core   0: 0x80001458 (0x419bd433) sra     s0, s7, s9
core   0: 3 0x80001458 (0x419bd433) x 8 0xffffffff
core   0: 0x8000145c (0x059c1863) bne     s8, s9, pc + 80
core   0: 3 0x8000145c (0x059c1863)
core   0: 0x800014ac (0x404ad533) sra     a0, s5, tp
core   0: 3 0x800014ac (0x404ad533) x10 0x00000000
core   0: 0x800014b0 (0xd7acca13) xori    s4, s9, -646
core   0: 3 0x800014b0 (0xd7acca13) x20 0x00000285
core   0: 0x800014b4 (0x00ad7b33) and     s6, s10, a0
core   0: 3 0x800014b4 (0x00ad7b33) x22 0x00000000
core   0: 0x800014b8 (0x0140dd93) srli    s11, ra, 20
core   0: 3 0x800014b8 (0x0140dd93) x27 0x00000fff
core   0: 0x800014bc (0x00ebda93) srli    s5, s7, 14
core   0: 3 0x800014bc (0x00ebda93) x21 0x0003ffff
core   0: 0x800014c0 (0x01ea5c93) srli    s9, s4, 30
core   0: 3 0x800014c0 (0x01ea5c93) x25 0x00000000
core   0: 0x800014c4 (0xff386f13) ori     t5, a6, -13
core   0: 3 0x800014c4 (0xff386f13) x30 0xfffffff3
core   0: 0x800014c8 (0x00000013) nop
core   0: 3 0x800014c8 (0x00000013)
core   0: 0x800014cc (0x41df56b3) sra     a3, t5, t4
core   0: 3 0x800014cc (0x41df56b3) x13 0xfffffff9
core   0: 0x800014d0 (0x01b32933) slt     s2, t1, s11
core   0: 3 0x800014d0 (0x01b32933) x18 0x00000001
core   0: 0x800014d4 (0x008144b3) xor     s1, sp, s0
core   0: 3 0x800014d4 (0x008144b3) x 9 0xfffffffe
core   0: 0x800014d8 (0x017dfdb3) and     s11, s11, s7
core   0: 3 0x800014d8 (0x017dfdb3) x27 0x00000fff
core   0: 0x800014dc (0xf2906997) auipc   s3, 0xf2906
core   0: 3 0x800014dc (0xf2906997) x19 0x729074dc
core   0: 0x800014e0 (0x00000013) nop
core   0: 3 0x800014e0 (0x00000013)
core   0: 0x800014e4 (0x7e570113) addi    sp, a4, 2021
core   0: 3 0x800014e4 (0x7e570113) x 2 0xfefb07e5
core   0: 0x800014e8 (0x019bbc33) sltu    s8, s7, s9
core   0: 3 0x800014e8 (0x019bbc33) x24 0x00000000
core   0: 0x800014ec (0x0ff0000f) fence   iorw,iorw
core   0: 3 0x800014ec (0x0ff0000f)
core   0: 0x800014f0 (0x41cbde33) sra     t3, s7, t3
core   0: 3 0x800014f0 (0x41cbde33) x28 0xffffffff
core   0: 0x800014f4 (0x0ff0000f) fence   iorw,iorw
core   0: 3 0x800014f4 (0x0ff0000f)
core   0: 0x800014f8 (0x017ba4b3) slt     s1, s7, s7
core   0: 3 0x800014f8 (0x017ba4b3) x 9 0x00000000
core   0: 0x800014fc (0x01999db3) sll     s11, s3, s9
core   0: 3 0x800014fc (0x01999db3) x27 0x729074dc
core   0: 0x80001500 (0x7fa48c13) addi    s8, s1, 2042
core   0: 3 0x80001500 (0x7fa48c13) x24 0x000007fa
core   0: 0x80001504 (0x011aec63) bltu    s5, a7, pc + 24
core   0: 3 0x80001504 (0x011aec63)
core   0: 0x8000151c (0x34b4fa17) auipc   s4, 0x34b4f
core   0: 3 0x8000151c (0x34b4fa17) x20 0xb4b5051c
core   0: 0x80001520 (0x018cdf33) srl     t5, s9, s8
core   0: 3 0x80001520 (0x018cdf33) x30 0x00000000
core   0: 0x80001524 (0x07074e63) blt     a4, a6, pc + 124
core   0: 3 0x80001524 (0x07074e63)
core   0: 0x80001528 (0x01ca9cb3) sll     s9, s5, t3
core   0: 3 0x80001528 (0x01ca9cb3) x25 0x80000000
core   0: 0x8000152c (0x40bb5eb3) sra     t4, s6, a1
core   0: 3 0x8000152c (0x40bb5eb3) x29 0x00000000
core   0: 0x80001530 (0x0022d1b3) srl     gp, t0, sp
core   0: 3 0x80001530 (0x0022d1b3) x 3 0x00000000
core   0: 0x80001534 (0x3ac2eb13) ori     s6, t0, 940
core   0: 3 0x80001534 (0x3ac2eb13) x22 0x000003ac
core   0: 0x80001538 (0x49327e13) andi    t3, tp, 1171
core   0: 3 0x80001538 (0x49327e13) x28 0x00000001
core   0: 0x8000153c (0x00000013) nop
core   0: 3 0x8000153c (0x00000013)
core   0: 0x80001540 (0x00f092b3) sll     t0, ra, a5
core   0: 3 0x80001540 (0x00f092b3) x 5 0xffffff50
core   0: 0x80001544 (0x413c8b33) sub     s6, s9, s3
core   0: 3 0x80001544 (0x413c8b33) x22 0x0d6f8b24
core   0: 0x80001548 (0x01ed80b3) add     ra, s11, t5
core   0: 3 0x80001548 (0x01ed80b3) x 1 0x729074dc
core   0: 0x8000154c (0x009f9663) bne     t6, s1, pc + 12
core   0: 3 0x8000154c (0x009f9663)
core   0: 0x80001550 (0x008c9013) slli    zero, s9, 8
core   0: 3 0x80001550 (0x008c9013)
core   0: 0x80001554 (0x068c9463) bne     s9, s0, pc + 104
core   0: 3 0x80001554 (0x068c9463)
core   0: 0x800015bc (0x00395e33) srl     t3, s2, gp
core   0: 3 0x800015bc (0x00395e33) x28 0x00000001
core   0: 0x800015c0 (0x0000100f) fence.i
core   0: 3 0x800015c0 (0x0000100f)
core   0: 0x800015c4 (0xe037ec93) ori     s9, a5, -509
core   0: 3 0x800015c4 (0xe037ec93) x25 0xfffffe67
core   0: 0x800015c8 (0x8c3b2b13) slti    s6, s6, -1853
core   0: 3 0x800015c8 (0x8c3b2b13) x22 0x00000000
core   0: 0x800015cc (0x05327663) bgeu    tp, s3, pc + 76
core   0: 3 0x800015cc (0x05327663)
core   0: 0x800015d0 (0xf3f1e617) auipc   a2, 0xf3f1e
core   0: 3 0x800015d0 (0xf3f1e617) x12 0x73f1f5d0
core   0: 0x800015d4 (0x01fd8733) add     a4, s11, t6
core   0: 3 0x800015d4 (0x01fd8733) x14 0x729074dc
core   0: 0x800015d8 (0x0ff0000f) fence   iorw,iorw
core   0: 3 0x800015d8 (0x0ff0000f)
core   0: 0x800015dc (0xb4b5e4b7) lui     s1, 0xb4b5e
core   0: 3 0x800015dc (0xb4b5e4b7) x 9 0xb4b5e000
core   0: 0x800015e0 (0x00d8ed33) or      s10, a7, a3
core   0: 3 0x800015e0 (0x00d8ed33) x26 0xfffffffd
core   0: 0x800015e4 (0xe8c3b713) sltiu   a4, t2, -372
core   0: 3 0x800015e4 (0xe8c3b713) x14 0x00000001
core   0: 0x800015e8 (0x005da233) slt     tp, s11, t0
core   0: 3 0x800015e8 (0x005da233) x 4 0x00000000
core   0: 0x800015ec (0x281fa393) slti    t2, t6, 641
core   0: 3 0x800015ec (0x281fa393) x 7 0x00000001
core   0: 0x800015f0 (0x0362d063) bge     t0, s6, pc + 32
core   0: 3 0x800015f0 (0x0362d063)
core   0: 0x800015f4 (0x055e9663) bne     t4, s5, pc + 76
core   0: 3 0x800015f4 (0x055e9663)
core   0: 0x80001640 (0x0eab0693) addi    a3, s6, 234
core   0: 3 0x80001640 (0x0eab0693) x13 0x000000ea
core   0: 0x80001644 (0x015502b3) add     t0, a0, s5
core   0: 3 0x80001644 (0x015502b3) x 5 0x0003ffff
core   0: 0x80001648 (0x0037f263) bgeu    a5, gp, pc + 4
core   0: 3 0x80001648 (0x0037f263)
core   0: 0x8000164c (0x01666663) bltu    a2, s6, pc + 12
core   0: 3 0x8000164c (0x01666663)
core   0: 0x80001650 (0x410503b3) sub     t2, a0, a6
core   0: 3 0x80001650 (0x410503b3) x 7 0x80000000
core   0: 0x80001654 (0x00c98cb3) add     s9, s3, a2
core   0: 3 0x80001654 (0x00c98cb3) x25 0xe6826aac
core   0: 0x80001658 (0x00e86c63) bltu    a6, a4, pc + 24
core   0: 3 0x80001658 (0x00e86c63)
core   0: 0x8000165c (0x018e60b3) or      ra, t3, s8
core   0: 3 0x8000165c (0x018e60b3) x 1 0x000007fb
core   0: 0x80001660 (0x01a3acb3) slt     s9, t2, s10
core   0: 3 0x80001660 (0x01a3acb3) x25 0x00000001
core   0: 0x80001664 (0x6441e093) ori     ra, gp, 1604
core   0: 3 0x80001664 (0x6441e093) x 1 0x00000644
core   0: 0x80001668 (0x0ff0000f) fence   iorw,iorw
core   0: 3 0x80001668 (0x0ff0000f)
core   0: 0x8000166c (0xdfb04713) xori    a4, zero, -517
core   0: 3 0x8000166c (0xdfb04713) x14 0xfffffdfb
core   0: 0x80001670 (0xd51c7a13) andi    s4, s8, -687
core   0: 3 0x80001670 (0xd51c7a13) x20 0x00000550
core   0: 0x80001674 (0x41b65133) sra     sp, a2, s11
core   0: 3 0x80001674 (0x41b65133) x 2 0x00000007
core   0: 0x80001678 (0x9c79a993) slti    s3, s3, -1593
core   0: 3 0x80001678 (0x9c79a993) x19 0x00000000
core   0: 0x8000167c (0x406e50b3) sra     ra, t3, t1
core   0: 3 0x8000167c (0x406e50b3) x 1 0x00000001
core   0: 0x80001680 (0x01578733) add     a4, a5, s5
core   0: 3 0x80001680 (0x01578733) x14 0x80064e63
core   0: 0x80001684 (0x9f420e93) addi    t4, tp, -1548
core   0: 3 0x80001684 (0x9f420e93) x29 0xfffff9f4
core   0: 0x80001688 (0x035d6c63) bltu    s10, s5, pc + 56
core   0: 3 0x80001688 (0x035d6c63)
core   0: 0x8000168c (0x4015dab3) sra     s5, a1, ra
core   0: 3 0x8000168c (0x4015dab3) x21 0x00000000
core   0: 0x80001690 (0x68a10013) addi    zero, sp, 1674
core   0: 3 0x80001690 (0x68a10013)
core   0: 0x80001694 (0x01f1d863) bge     gp, t6, pc + 16
core   0: 3 0x80001694 (0x01f1d863)
core   0: 0x800016a4 (0x4888c913) xori    s2, a7, 1160
core   0: 3 0x800016a4 (0x4888c913) x18 0x8002886c
core   0: 0x800016a8 (0x0110d9b3) srl     s3, ra, a7
core   0: 3 0x800016a8 (0x0110d9b3) x19 0x00000000
core   0: 0x800016ac (0x01a25633) srl     a2, tp, s10
core   0: 3 0x800016ac (0x01a25633) x12 0x00000000
core   0: 0x800016b0 (0x00cb1e33) sll     t3, s6, a2
core   0: 3 0x800016b0 (0x00cb1e33) x28 0x00000000
core   0: 0x800016b4 (0x06502913) slti    s2, zero, 101
core   0: 3 0x800016b4 (0x06502913) x18 0x00000001
core   0: 0x800016b8 (0xaa710c37) lui     s8, 0xaa710
core   0: 3 0x800016b8 (0xaa710c37) x24 0xaa710000
core   0: 0x800016bc (0x77ecba93) sltiu   s5, s9, 1918
core   0: 3 0x800016bc (0x77ecba93) x21 0x00000001
core   0: 0x800016c0 (0x48574d17) auipc   s10, 0x48574
core   0: 3 0x800016c0 (0x48574d17) x26 0xc85756c0
core   0: 0x800016c4 (0x001a8c33) add     s8, s5, ra
core   0: 3 0x800016c4 (0x001a8c33) x24 0x00000002
core   0: 0x800016c8 (0xb2650c17) auipc   s8, 0xb2650
core   0: 3 0x800016c8 (0xb2650c17) x24 0x326516c8
core   0: 0x800016cc (0x0118d3b3) srl     t2, a7, a7
core   0: 3 0x800016cc (0x0118d3b3) x 7 0x080028ce
core   0: 0x800016d0 (0x00581bb3) sll     s7, a6, t0
core   0: 3 0x800016d0 (0x00581bb3) x23 0x00000000
core   0: 0x800016d4 (0x00000013) nop
core   0: 3 0x800016d4 (0x00000013)
core   0: 0x800016d8 (0x909f3e13) sltiu   t3, t5, -1783
core   0: 3 0x800016d8 (0x909f3e13) x28 0x00000001
core   0: 0x800016dc (0x012be6b3) or      a3, s7, s2
core   0: 3 0x800016dc (0x012be6b3) x13 0x00000001
core   0: 0x800016e0 (0xc376f513) andi    a0, a3, -969
core   0: 3 0x800016e0 (0xc376f513) x10 0x00000001
core   0: 0x800016e4 (0x5e15a613) slti    a2, a1, 1505
core   0: 3 0x800016e4 (0x5e15a613) x12 0x00000001
core   0: 0x800016e8 (0x05b85863) bge     a6, s11, pc + 80
core   0: 3 0x800016e8 (0x05b85863)
core   0: 0x800016ec (0x01cf8863) beq     t6, t3, pc + 16
core   0: 3 0x800016ec (0x01cf8863)
core   0: 0x800016f0 (0x0498f863) bgeu    a7, s1, pc + 80
core   0: 3 0x800016f0 (0x0498f863)
core   0: 0x800016f4 (0x002d70b3) and     ra, s10, sp
core   0: 3 0x800016f4 (0x002d70b3) x 1 0x00000000
core   0: 0x800016f8 (0x04597663) bgeu    s2, t0, pc + 76
core   0: 3 0x800016f8 (0x04597663)
core   0: 0x800016fc (0x01ba5d33) srl     s10, s4, s11
core   0: 3 0x800016fc (0x01ba5d33) x26 0x00000000
core   0: 0x80001700 (0x418b0a33) sub     s4, s6, s8
core   0: 3 0x80001700 (0x418b0a33) x20 0xcd9ae938
core   0: 0x80001704 (0x00000013) nop
core   0: 3 0x80001704 (0x00000013)
core   0: 0x80001708 (0x0108dd93) srli    s11, a7, 16
core   0: 3 0x80001708 (0x0108dd93) x27 0x00008002
core   0: 0x8000170c (0x0011c3b3) xor     t2, gp, ra
core   0: 3 0x8000170c (0x0011c3b3) x 7 0x00000000
core   0: 0x80001710 (0x00c23c33) sltu    s8, tp, a2
core   0: 3 0x80001710 (0x00c23c33) x24 0x00000001
core   0: 0x80001714 (0x05657663) bgeu    a0, s6, pc + 76
core   0: 3 0x80001714 (0x05657663)
core   0: 0x80001760 (0x00bb9c93) slli    s9, s7, 11
core   0: 3 0x80001760 (0x00bb9c93) x25 0x00000000
core   0: 0x80001764 (0x018525b3) slt     a1, a0, s8
core   0: 3 0x80001764 (0x018525b3) x11 0x00000000
core   0: 0x80001768 (0x172a7a13) andi    s4, s4, 370
core   0: 3 0x80001768 (0x172a7a13) x20 0x00000130
core   0: 0x8000176c (0x00ce5f13) srli    t5, t3, 12
core   0: 3 0x8000176c (0x00ce5f13) x30 0x00000000
core   0: 0x80001770 (0x0061ce63) blt     gp, t1, pc + 28
core   0: 3 0x80001770 (0x0061ce63)
core   0: 0x80001774 (0x01139eb3) sll     t4, t2, a7
core   0: 3 0x80001774 (0x01139eb3) x29 0x00000000
core   0: 0x80001778 (0x01bd95b3) sll     a1, s11, s11
core   0: 3 0x80001778 (0x01bd95b3) x11 0x00020008
core   0: 0x8000177c (0x4065d493) srai    s1, a1, 6
core   0: 3 0x8000177c (0x4065d493) x 9 0x00000800
core   0: 0x80001780 (0x019ae463) bltu    s5, s9, pc + 8
core   0: 3 0x80001780 (0x019ae463)
core   0: 0x80001784 (0x00bc1a13) slli    s4, s8, 11
core   0: 3 0x80001784 (0x00bc1a13) x20 0x00000800
core   0: 0x80001788 (0x409109b3) sub     s3, sp, s1
core   0: 3 0x80001788 (0x409109b3) x19 0xfffff807
core   0: 0x8000178c (0xf3ca4393) xori    t2, s4, -196
core   0: 3 0x8000178c (0xf3ca4393) x 7 0xfffff73c
core   0: 0x80001790 (0x00b15093) srli    ra, sp, 11
core   0: 3 0x80001790 (0x00b15093) x 1 0x00000000
core   0: 0x80001794 (0x0b64ea63) bltu    s1, s6, pc + 180
core   0: 3 0x80001794 (0x0b64ea63)
core   0: 0x80001798 (0x5eb9a393) slti    t2, s3, 1515
core   0: 3 0x80001798 (0x5eb9a393) x 7 0x00000001
core   0: 0x8000179c (0x0a4ad463) bge     s5, tp, pc + 168
core   0: 3 0x8000179c (0x0a4ad463)
core   0: 0x80001844 (0x039ef063) bgeu    t4, s9, pc + 32
core   0: 3 0x80001844 (0x039ef063)
core   0: 0x80001864 (0x0274cc63) blt     s1, t2, pc + 56
core   0: 3 0x80001864 (0x0274cc63)
core   0: 0x80001868 (0x0183c463) blt     t2, s8, pc + 8
core   0: 3 0x80001868 (0x0183c463)
core   0: 0x8000186c (0x80567093) andi    ra, a2, -2043
core   0: 3 0x8000186c (0x80567093) x 1 0x00000001
core   0: 0x80001870 (0x02141e63) bne     s0, ra, pc + 60
core   0: 3 0x80001870 (0x02141e63)
core   0: 0x800018ac (0x01d48863) beq     s1, t4, pc + 16
core   0: 3 0x800018ac (0x01d48863)
core   0: 0x800018b0 (0x0000100f) fence.i
core   0: 3 0x800018b0 (0x0000100f)
core   0: 0x800018b4 (0x04bd4463) blt     s10, a1, pc + 72
core   0: 3 0x800018b4 (0x04bd4463)
core   0: 0x800018fc (0x6509f493) andi    s1, s3, 1616
core   0: 3 0x800018fc (0x6509f493) x 9 0x00000000
core   0: 0x80001900 (0xa86a0913) addi    s2, s4, -1402
core   0: 3 0x80001900 (0xa86a0913) x18 0x00000286
core   0: 0x80001904 (0x82c9c193) xori    gp, s3, -2004
core   0: 3 0x80001904 (0x82c9c193) x 3 0x0000002b
core   0: 0x80001908 (0xa4ffb313) sltiu   t1, t6, -1457
core   0: 3 0x80001908 (0xa4ffb313) x 6 0x00000001
core   0: 0x8000190c (0x419e8ab3) sub     s5, t4, s9
core   0: 3 0x8000190c (0x419e8ab3) x21 0x00000000
core   0: 0x80001910 (0x0000100f) fence.i
core   0: 3 0x80001910 (0x0000100f)
core   0: 0x80001914 (0x004c2f33) slt     t5, s8, tp
core   0: 3 0x80001914 (0x004c2f33) x30 0x00000000
core   0: 0x80001918 (0x00a79663) bne     a5, a0, pc + 12
core   0: 3 0x80001918 (0x00a79663)
core   0: 0x80001924 (0x000e9f13) slli    t5, t4, 0
core   0: 3 0x80001924 (0x000e9f13) x30 0x00000000
core   0: 0x80001928 (0x01fe9e33) sll     t3, t4, t6
core   0: 3 0x80001928 (0x01fe9e33) x28 0x00000000
core   0: 0x8000192c (0x00ed8bb3) add     s7, s11, a4
core   0: 3 0x8000192c (0x00ed8bb3) x23 0x8006ce65
core   0: 0x80001930 (0x00fc3db3) sltu    s11, s8, a5
core   0: 3 0x80001930 (0x00fc3db3) x27 0x00000001
core   0: 0x80001934 (0x0057dab3) srl     s5, a5, t0
core   0: 3 0x80001934 (0x0057dab3) x21 0x00000001
core   0: 0x80001938 (0x0ff0000f) fence   iorw,iorw
core   0: 3 0x80001938 (0x0ff0000f)
core   0: 0x8000193c (0xe5d4f013) andi    zero, s1, -419
core   0: 3 0x8000193c (0xe5d4f013)
core   0: 0x80001940 (0x41e6d4b3) sra     s1, a3, t5
core   0: 3 0x80001940 (0x41e6d4b3) x 9 0x00000001
core   0: 0x80001944 (0x01b49263) bne     s1, s11, pc + 4
core   0: 3 0x80001944 (0x01b49263)
core   0: 0x80001948 (0x054ce413) ori     s0, s9, 84
core   0: 3 0x80001948 (0x054ce413) x 8 0x00000054
core   0: 0x8000194c (0x003f0a33) add     s4, t5, gp
core   0: 3 0x8000194c (0x003f0a33) x20 0x0000002b
core   0: 0x80001950 (0xe3a27a93) andi    s5, tp, -454
core   0: 3 0x80001950 (0xe3a27a93) x21 0x00000000
core   0: 0x80001954 (0x7b4ba613) slti    a2, s7, 1972
core   0: 3 0x80001954 (0x7b4ba613) x12 0x00000001
core   0: 0x80001958 (0x01bb6033) or      zero, s6, s11
core   0: 3 0x80001958 (0x01bb6033)
core   0: 0x8000195c (0x00a4d1b3) srl     gp, s1, a0
core   0: 3 0x8000195c (0x00a4d1b3) x 3 0x00000000
core   0: 0x80001960 (0x0ff0000f) fence   iorw,iorw
core   0: 3 0x80001960 (0x0ff0000f)
core   0: 0x80001964 (0x02338063) beq     t2, gp, pc + 32
core   0: 3 0x80001964 (0x02338063)
core   0: 0x80001968 (0x004639b3) sltu    s3, a2, tp
core   0: 3 0x80001968 (0x004639b3) x19 0x00000000
core   0: 0x8000196c (0x442b6413) ori     s0, s6, 1090
core   0: 3 0x8000196c (0x442b6413) x 8 0x00000442
core   0: 0x80001970 (0x0198db33) srl     s6, a7, s9
core   0: 3 0x80001970 (0x0198db33) x22 0x80028ce4
core   0: 0x80001974 (0x35a7f617) auipc   a2, 0x35a7f
core   0: 3 0x80001974 (0x35a7f617) x12 0xb5a80974
core   0: 0x80001978 (0xf4a02f13) slti    t5, zero, -182
core   0: 3 0x80001978 (0xf4a02f13) x30 0x00000000
core   0: 0x8000197c (0x00f1c9b3) xor     s3, gp, a5
core   0: 3 0x8000197c (0x00f1c9b3) x19 0x80024e64
core   0: 0x80001980 (0x0028f463) bgeu    a7, sp, pc + 8
core   0: 3 0x80001980 (0x0028f463)
core   0: 0x80001988 (0x0ff0000f) fence   iorw,iorw
core   0: 3 0x80001988 (0x0ff0000f)
core   0: 0x8000198c (0x0000100f) fence.i
core   0: 3 0x8000198c (0x0000100f)
core   0: 0x80001990 (0x95960d93) addi    s11, a2, -1703
core   0: 3 0x80001990 (0x95960d93) x27 0xb5a802cd
core   0: 0x80001994 (0x6cd9cfb7) lui     t6, 0x6cd9c
core   0: 3 0x80001994 (0x6cd9cfb7) x31 0x6cd9c000
core   0: 0x80001998 (0x0123bdb3) sltu    s11, t2, s2
core   0: 3 0x80001998 (0x0123bdb3) x27 0x00000001
core   0: 0x8000199c (0x01ed5c93) srli    s9, s10, 30
core   0: 3 0x8000199c (0x01ed5c93) x25 0x00000000
core   0: 0x800019a0 (0x05da5263) bge     s4, t4, pc + 68
core   0: 3 0x800019a0 (0x05da5263)
core   0: 0x800019e4 (0x1ff33513) sltiu   a0, t1, 511
core   0: 3 0x800019e4 (0x1ff33513) x10 0x00000001
core   0: 0x800019e8 (0xd6b1c693) xori    a3, gp, -661
core   0: 3 0x800019e8 (0xd6b1c693) x13 0xfffffd6b
core   0: 0x800019ec (0x0ff0000f) fence   iorw,iorw
core   0: 3 0x800019ec (0x0ff0000f)
core   0: 0x800019f0 (0x00ee4eb3) xor     t4, t3, a4
core   0: 3 0x800019f0 (0x00ee4eb3) x29 0x80064e63
core   0: 0x800019f4 (0x00906663) bltu    zero, s1, pc + 12
core   0: 3 0x800019f4 (0x00906663)
core   0: 0x80001a00 (0x40b4db33) sra     s6, s1, a1
core   0: 3 0x80001a00 (0x40b4db33) x22 0x00000000
core   0: 0x80001a04 (0x016f9593) slli    a1, t6, 22
core   0: 3 0x80001a04 (0x016f9593) x11 0x00000000
core   0: 0x80001a08 (0x0ff0000f) fence   iorw,iorw
core   0: 3 0x80001a08 (0x0ff0000f)
core   0: 0x80001a0c (0x016e0663) beq     t3, s6, pc + 12
core   0: 3 0x80001a0c (0x016e0663)
core   0: 0x80001a18 (0x01565c63) bge     a2, s5, pc + 24
core   0: 3 0x80001a18 (0x01565c63)
core   0: 0x80001a1c (0x41e55c33) sra     s8, a0, t5
core   0: 3 0x80001a1c (0x41e55c33) x24 0x00000001
core   0: 0x80001a20 (0xc408ba93) sltiu   s5, a7, -960
core   0: 3 0x80001a20 (0xc408ba93) x21 0x00000001
core   0: 0x80001a24 (0x009e9533) sll     a0, t4, s1
core   0: 3 0x80001a24 (0x009e9533) x10 0x000c9cc6
core   0: 0x80001a28 (0x01035263) bge     t1, a6, pc + 4
core   0: 3 0x80001a28 (0x01035263)
core   0: 0x80001a2c (0x41e10db3) sub     s11, sp, t5
core   0: 3 0x80001a2c (0x41e10db3) x27 0x00000007
core   0: 0x80001a30 (0x02e3f063) bgeu    t2, a4, pc + 32
core   0: 3 0x80001a30 (0x02e3f063)
core   0: 0x80001a34 (0x01b8e4b3) or      s1, a7, s11
core   0: 3 0x80001a34 (0x01b8e4b3) x 9 0x80028ce7
core   0: 0x80001a38 (0x0ff0000f) fence   iorw,iorw
core   0: 3 0x80001a38 (0x0ff0000f)
core   0: 0x80001a3c (0x04881263) bne     a6, s0, pc + 68
core   0: 3 0x80001a3c (0x04881263)
core   0: 0x80001a80 (0x84a12713) slti    a4, sp, -1974
core   0: 3 0x80001a80 (0x84a12713) x14 0x00000000
core   0: 0x80001a84 (0x01604cb3) xor     s9, zero, s6
core   0: 3 0x80001a84 (0x01604cb3) x25 0x00000000
core   0: 0x80001a88 (0x017ee863) bltu    t4, s7, pc + 16
core   0: 3 0x80001a88 (0x017ee863)
core   0: 0x80001a98 (0x00129bb3) sll     s7, t0, ra
core   0: 3 0x80001a98 (0x00129bb3) x23 0x0007fffe
core   0: 0x80001a9c (0x014d6033) or      zero, s10, s4
core   0: 3 0x80001a9c (0x014d6033)
core   0: 0x80001aa0 (0x01f29693) slli    a3, t0, 31
core   0: 3 0x80001aa0 (0x01f29693) x13 0x80000000
core   0: 0x80001aa4 (0x00000013) nop
core   0: 3 0x80001aa4 (0x00000013)
core   0: 0x80001aa8 (0x406b00b3) sub     ra, s6, t1
core   0: 3 0x80001aa8 (0x406b00b3) x 1 0xffffffff
core   0: 0x80001aac (0x0000100f) fence.i
core   0: 3 0x80001aac (0x0000100f)
core   0: 0x80001ab0 (0x06178117) auipc   sp, 0x6178
core   0: 3 0x80001ab0 (0x06178117) x 2 0x86179ab0
core   0: 0x80001ab4 (0xe1d86713) ori     a4, a6, -483
core   0: 3 0x80001ab4 (0xe1d86713) x14 0xfffffe1d
core   0: 0x80001ab8 (0x01346eb3) or      t4, s0, s3
core   0: 3 0x80001ab8 (0x01346eb3) x29 0x80024e66
core   0: 0x80001abc (0x0000100f) fence.i
core   0: 3 0x80001abc (0x0000100f)
core   0: 0x80001ac0 (0x01031733) sll     a4, t1, a6
core   0: 3 0x80001ac0 (0x01031733) x14 0x00000001
core   0: 0x80001ac4 (0x54202c97) auipc   s9, 0x54202
core   0: 3 0x80001ac4 (0x54202c97) x25 0xd4203ac4
core   0: 0x80001ac8 (0x723f6013) ori     zero, t5, 1827
core   0: 3 0x80001ac8 (0x723f6013)
core   0: 0x80001acc (0x0ff0000f) fence   iorw,iorw
core   0: 3 0x80001acc (0x0ff0000f)
core   0: 0x80001ad0 (0x884de113) ori     sp, s11, -1916
core   0: 3 0x80001ad0 (0x884de113) x 2 0xfffff887
core   0: 0x80001ad4 (0x03ab5063) bge     s6, s10, pc + 32
core   0: 3 0x80001ad4 (0x03ab5063)
core   0: 0x80001af4 (0x00643eb3) sltu    t4, s0, t1
core   0: 3 0x80001af4 (0x00643eb3) x29 0x00000000
core   0: 0x80001af8 (0x0000100f) fence.i
core   0: 3 0x80001af8 (0x0000100f)
core   0: 0x80001afc (0x00aed733) srl     a4, t4, a0
core   0: 3 0x80001afc (0x00aed733) x14 0x00000000
core   0: 0x80001b00 (0x018bb3b3) sltu    t2, s7, s8
core   0: 3 0x80001b00 (0x018bb3b3) x 7 0x00000000
core   0: 0x80001b04 (0xbcf88293) addi    t0, a7, -1073
core   0: 3 0x80001b04 (0xbcf88293) x 5 0x800288b3
core   0: 0x80001b08 (0x1ad0c193) xori    gp, ra, 429
core   0: 3 0x80001b08 (0x1ad0c193) x 3 0xfffffe52
core   0: 0x80001b0c (0x011e01b3) add     gp, t3, a7
core   0: 3 0x80001b0c (0x011e01b3) x 3 0x80028ce4
core   0: 0x80001b10 (0x018a9733) sll     a4, s5, s8
core   0: 3 0x80001b10 (0x018a9733) x14 0x00000002
core   0: 0x80001b14 (0x01f6ab33) slt     s6, a3, t6
core   0: 3 0x80001b14 (0x01f6ab33) x22 0x00000001
core   0: 0x80001b18 (0x00229c33) sll     s8, t0, sp
core   0: 3 0x80001b18 (0x00229c33) x24 0x01445980
core   0: 0x80001b1c (0x010ef533) and     a0, t4, a6
core   0: 3 0x80001b1c (0x010ef533) x10 0x00000000
core   0: 0x80001b20 (0x00643ab3) sltu    s5, s0, t1
core   0: 3 0x80001b20 (0x00643ab3) x21 0x00000000
core   0: 0x80001b24 (0x005f0ab3) add     s5, t5, t0
core   0: 3 0x80001b24 (0x005f0ab3) x21 0x800288b3
core   0: 0x80001b28 (0x00c8fa33) and     s4, a7, a2
core   0: 3 0x80001b28 (0x00c8fa33) x20 0x80000864
core   0: 0x80001b2c (0x01491a93) slli    s5, s2, 20
core   0: 3 0x80001b2c (0x01491a93) x21 0x28600000
core   0: 0x80001b30 (0x001dd313) srli    t1, s11, 1
core   0: 3 0x80001b30 (0x001dd313) x 6 0x00000003
core   0: 0x80001b34 (0x01fde0b3) or      ra, s11, t6
core   0: 3 0x80001b34 (0x01fde0b3) x 1 0x6cd9c007
core   0: 0x80001b38 (0xfb65e3b7) lui     t2, 0xfb65e
core   0: 3 0x80001b38 (0xfb65e3b7) x 7 0xfb65e000
core   0: 0x80001b3c (0xe2eb4213) xori    tp, s6, -466
core   0: 3 0x80001b3c (0xe2eb4213) x 4 0xfffffe2f
core   0: 0x80001b40 (0x11b03ab7) lui     s5, 0x11b03
core   0: 3 0x80001b40 (0x11b03ab7) x21 0x11b03000
core   0: 0x80001b44 (0x0823b113) sltiu   sp, t2, 130
core   0: 3 0x80001b44 (0x0823b113) x 2 0x00000000
core   0: 0x80001b48 (0x940ebc93) sltiu   s9, t4, -1728
core   0: 3 0x80001b48 (0x940ebc93) x25 0x00000001
core   0: 0x80001b4c (0x0ff0000f) fence   iorw,iorw
core   0: 3 0x80001b4c (0x0ff0000f)
core   0: 0x80001b50 (0x016885b3) add     a1, a7, s6
core   0: 3 0x80001b50 (0x016885b3) x11 0x80028ce5
core   0: 0x80001b54 (0x00ab8e33) add     t3, s7, a0
core   0: 3 0x80001b54 (0x00ab8e33) x28 0x0007fffe
core   0: 0x80001b58 (0x001a1313) slli    t1, s4, 1
core   0: 3 0x80001b58 (0x001a1313) x 6 0x000010c8
core   0: 0x80001b5c (0x01c1acb3) slt     s9, gp, t3
core   0: 3 0x80001b5c (0x01c1acb3) x25 0x00000001
core   0: 0x80001b60 (0x411dd533) sra     a0, s11, a7
core   0: 3 0x80001b60 (0x411dd533) x10 0x00000000
core   0: 0x80001b64 (0x00dc3697) auipc   a3, 0xdc3
core   0: 3 0x80001b64 (0x00dc3697) x13 0x80dc4b64
core   0: 0x80001b68 (0x00737ab3) and     s5, t1, t2
core   0: 3 0x80001b68 (0x00737ab3) x21 0x00000000
core   0: 0x80001b6c (0x007dd593) srli    a1, s11, 7
core   0: 3 0x80001b6c (0x007dd593) x11 0x00000000
core   0: 0x80001b70 (0xc90b3093) sltiu   ra, s6, -880
core   0: 3 0x80001b70 (0xc90b3093) x 1 0x00000001
core   0: 0x80001b74 (0x00cbccb3) xor     s9, s7, a2
core   0: 3 0x80001b74 (0x00cbccb3) x25 0xb5aff68a
core   0: 0x80001b78 (0x40d4d993) srai    s3, s1, 13
core   0: 3 0x80001b78 (0x40d4d993) x19 0xfffc0014
core   0: 0x80001b7c (0x0007f633) and     a2, a5, zero
core   0: 3 0x80001b7c (0x0007f633) x12 0x00000000
core   0: 0x80001b80 (0x016bb433) sltu    s0, s7, s6
core   0: 3 0x80001b80 (0x016bb433) x 8 0x00000000
core   0: 0x80001b84 (0x2fb0b713) sltiu   a4, ra, 763
core   0: 3 0x80001b84 (0x2fb0b713) x14 0x00000001
core   0: 0x80001b88 (0x01981733) sll     a4, a6, s9
core   0: 3 0x80001b88 (0x01981733) x14 0x00000000
core   0: 0x80001b8c (0x01bab433) sltu    s0, s5, s11
core   0: 3 0x80001b8c (0x01bab433) x 8 0x00000001
core   0: 0x80001b90 (0x41d70db3) sub     s11, a4, t4
core   0: 3 0x80001b90 (0x41d70db3) x27 0x00000000
core   0: 0x80001b94 (0x05ced863) bge     t4, t3, pc + 80
core   0: 3 0x80001b94 (0x05ced863)
core   0: 0x80001b98 (0x053c8663) beq     s9, s3, pc + 76
core   0: 3 0x80001b98 (0x053c8663)
core   0: 0x80001b9c (0x00305413) srli    s0, zero, 3
core   0: 3 0x80001b9c (0x00305413) x 8 0x00000000
core   0: 0x80001ba0 (0x01013033) sltu    zero, sp, a6
core   0: 3 0x80001ba0 (0x01013033)
core   0: 0x80001ba4 (0x40e15e33) sra     t3, sp, a4
core   0: 3 0x80001ba4 (0x40e15e33) x28 0x00000000
core   0: 0x80001ba8 (0x01585013) srli    zero, a6, 21
core   0: 3 0x80001ba8 (0x01585013)
core   0: 0x80001bac (0x41be8533) sub     a0, t4, s11
core   0: 3 0x80001bac (0x41be8533) x10 0x00000000
core   0: 0x80001bb0 (0x006f6d33) or      s10, t5, t1
core   0: 3 0x80001bb0 (0x006f6d33) x26 0x000010c8
core   0: 0x80001bb4 (0x414359b3) sra     s3, t1, s4
core   0: 3 0x80001bb4 (0x414359b3) x19 0x0000010c
core   0: 0x80001bb8 (0x024adc63) bge     s5, tp, pc + 56
core   0: 3 0x80001bb8 (0x024adc63)
core   0: 0x80001bf0 (0x411f8333) sub     t1, t6, a7
core   0: 3 0x80001bf0 (0x411f8333) x 6 0xecd7331c
core   0: 0x80001bf4 (0x01645f13) srli    t5, s0, 22
core   0: 3 0x80001bf4 (0x01645f13) x30 0x00000000
core   0: 0x80001bf8 (0x0000100f) fence.i
core   0: 3 0x80001bf8 (0x0000100f)
core   0: 0x80001bfc (0x000a70b3) and     ra, s4, zero
core   0: 3 0x80001bfc (0x000a70b3) x 1 0x00000000
core   0: 0x80001c00 (0x00aef433) and     s0, t4, a0
core   0: 3 0x80001c00 (0x00aef433) x 8 0x00000000
core   0: 0x80001c04 (0x00000013) nop
core   0: 3 0x80001c04 (0x00000013)
core   0: 0x80001c08 (0x038e9063) bne     t4, s8, pc + 32
core   0: 3 0x80001c08 (0x038e9063)
core   0: 0x80001c28 (0x007b71b3) and     gp, s6, t2
core   0: 3 0x80001c28 (0x007b71b3) x 3 0x00000000
core   0: 0x80001c2c (0x0486a693) slti    a3, a3, 72
core   0: 3 0x80001c2c (0x0486a693) x13 0x00000001
core   0: 0x80001c30 (0x168b6593) ori     a1, s6, 360
core   0: 3 0x80001c30 (0x168b6593) x11 0x00000169
core   0: 0x80001c34 (0x0ff0000f) fence   iorw,iorw
core   0: 3 0x80001c34 (0x0ff0000f)
core   0: 0x80001c38 (0x0041eeb3) or      t4, gp, tp
core   0: 3 0x80001c38 (0x0041eeb3) x29 0xfffffe2f
core   0: 0x80001c3c (0x40f6d6b3) sra     a3, a3, a5
core   0: 3 0x80001c3c (0x40f6d6b3) x13 0x00000000
core   0: 0x80001c40 (0x0164de63) bge     s1, s6, pc + 28
core   0: 3 0x80001c40 (0x0164de63)
core   0: 0x80001c44 (0x016329b3) slt     s3, t1, s6
core   0: 3 0x80001c44 (0x016329b3) x19 0x00000001
core   0: 0x80001c48 (0x00000013) nop
core   0: 3 0x80001c48 (0x00000013)
core   0: 0x80001c4c (0x02f3ee63) bltu    t2, a5, pc + 60
core   0: 3 0x80001c4c (0x02f3ee63)
core   0: 0x80001c50 (0x4062da13) srai    s4, t0, 6
core   0: 3 0x80001c50 (0x4062da13) x20 0xfe000a22
core   0: 0x80001c54 (0xaa3ae013) ori     zero, s5, -1373
core   0: 3 0x80001c54 (0xaa3ae013)
core   0: 0x80001c58 (0x0241ca13) xori    s4, gp, 36
core   0: 3 0x80001c58 (0x0241ca13) x20 0x00000024
core   0: 0x80001c5c (0x41775a33) sra     s4, a4, s7
core   0: 3 0x80001c5c (0x41775a33) x20 0x00000000
core   0: 0x80001c60 (0x40da5a93) srai    s5, s4, 13
core   0: 3 0x80001c60 (0x40da5a93) x21 0x00000000
core   0: 0x80001c64 (0x000e69b3) or      s3, t3, zero
core   0: 3 0x80001c64 (0x000e69b3) x19 0x00000000
core   0: 0x80001c68 (0x01126133) or      sp, tp, a7
core   0: 3 0x80001c68 (0x01126133) x 2 0xfffffeef
core   0: 0x80001c6c (0x04116863) bltu    sp, ra, pc + 80
core   0: 3 0x80001c6c (0x04116863)
core   0: 0x80001c70 (0x0146d713) srli    a4, a3, 20
core   0: 3 0x80001c70 (0x0146d713) x14 0x00000000
core   0: 0x80001c74 (0x4060d093) srai    ra, ra, 6
core   0: 3 0x80001c74 (0x4060d093) x 1 0x00000000
core   0: 0x80001c78 (0x20c48393) addi    t2, s1, 524
core   0: 3 0x80001c78 (0x20c48393) x 7 0x80028ef3
core   0: 0x80001c7c (0x47398713) addi    a4, s3, 1139
core   0: 3 0x80001c7c (0x47398713) x14 0x00000473
core   0: 0x80001c80 (0x035d5663) bge     s10, s5, pc + 44
core   0: 3 0x80001c80 (0x035d5663)
core   0: 0x80001cac (0xb9518013) addi    zero, gp, -1131
core   0: 3 0x80001cac (0xb9518013)
core   0: 0x80001cb0 (0x01049463) bne     s1, a6, pc + 8
core   0: 3 0x80001cb0 (0x01049463)
core   0: 0x80001cb8 (0x00444a33) xor     s4, s0, tp
core   0: 3 0x80001cb8 (0x00444a33) x20 0xfffffe2f
core   0: 0x80001cbc (0x01919693) slli    a3, gp, 25
core   0: 3 0x80001cbc (0x01919693) x13 0x00000000
core   0: 0x80001cc0 (0x41278bb3) sub     s7, a5, s2
core   0: 3 0x80001cc0 (0x41278bb3) x23 0x80024bde
core   0: 0x80001cc4 (0x7bed3037) lui     zero, 0x7bed3
core   0: 3 0x80001cc4 (0x7bed3037)
core   0: 0x80001cc8 (0x0000100f) fence.i
core   0: 3 0x80001cc8 (0x0000100f)
core   0: 0x80001ccc (0x01fe0263) beq     t3, t6, pc + 4
core   0: 3 0x80001ccc (0x01fe0263)
core   0: 0x80001cd0 (0x014c2433) slt     s0, s8, s4
core   0: 3 0x80001cd0 (0x014c2433) x 8 0x00000000
core   0: 0x80001cd4 (0x01d8e463) bltu    a7, t4, pc + 8
core   0: 3 0x80001cd4 (0x01d8e463)
core   0: 0x80001cdc (0x00f48663) beq     s1, a5, pc + 12
core   0: 3 0x80001cdc (0x00f48663)
core   0: 0x80001ce0 (0x016420b3) slt     ra, s0, s6
core   0: 3 0x80001ce0 (0x016420b3) x 1 0x00000001
core   0: 0x80001ce4 (0x01a51b33) sll     s6, a0, s10
core   0: 3 0x80001ce4 (0x01a51b33) x22 0x00000000
core   0: 0x80001ce8 (0x00098863) beqz    s3, pc + 16
core   0: 3 0x80001ce8 (0x00098863)
core   0: 0x80001cf8 (0x00ee76b3) and     a3, t3, a4
core   0: 3 0x80001cf8 (0x00ee76b3) x13 0x00000000
core   0: 0x80001cfc (0x5668c937) lui     s2, 0x5668c
core   0: 3 0x80001cfc (0x5668c937) x18 0x5668c000
core   0: 0x80001d00 (0x765a0213) addi    tp, s4, 1893
core   0: 3 0x80001d00 (0x765a0213) x 4 0x00000594
core   0: 0x80001d04 (0x00002f17) auipc   t5, 0x2
core   0: 3 0x80001d04 (0x00002f17) x30 0x80003d04
core   0: 0x80001d08 (0xc00f0f13) addi    t5, t5, -1024
core   0: 3 0x80001d08 (0xc00f0f13) x30 0x80003904
core   0: 0x80001d0c (0x32feeb17) auipc   s6, 0x32fee
core   0: 3 0x80001d0c (0x32feeb17) x22 0xb2fefd0c
core   0: 0x80001d10 (0xe5280393) addi    t2, a6, -430
core   0: 3 0x80001d10 (0xe5280393) x 7 0x7ffffe52
core   0: 0x80001d14 (0xcd1f0f13) addi    t5, t5, -815
core   0: 3 0x80001d14 (0xcd1f0f13) x30 0x800035d5
core   0: 0x80001d18 (0x41675c33) sra     s8, a4, s6
core   0: 3 0x80001d18 (0x41675c33) x24 0x00000000
core   0: 0x80001d1c (0x81ca0b37) lui     s6, 0x81ca0
core   0: 3 0x80001d1c (0x81ca0b37) x22 0x81ca0000
core   0: 0x80001d20 (0x0ff0000f) fence   iorw,iorw
core   0: 3 0x80001d20 (0x0ff0000f)
core   0: 0x80001d24 (0x00000013) nop
core   0: 3 0x80001d24 (0x00000013)
core   0: 0x80001d28 (0x01726bb3) or      s7, tp, s7
core   0: 3 0x80001d28 (0x01726bb3) x23 0x80024fde
core   0: 0x80001d2c (0x0ff0000f) fence   iorw,iorw
core   0: 3 0x80001d2c (0x0ff0000f)
core   0: 0x80001d30 (0x32ff09e7) jalr    s3, t5, 815
core   0: 3 0x80001d30 (0x32ff09e7) x19 0x80001d34
core   0: 0x80003904 (0x01d94db3) xor     s11, s2, t4
core   0: 3 0x80003904 (0x01d94db3) x27 0xa9973e2f
core   0: 0x80003908 (0xfd078793) addi    a5, a5, -48
core   0: 3 0x80003908 (0xfd078793) x15 0x80024e34
core   0: 0x8000390c (0x0137a223) sw      s3, 4(a5)
core   0: 3 0x8000390c (0x0137a223) mem 0x80024e38 0x80001d34
core   0: 0x80003910 (0x688dba13) sltiu   s4, s11, 1672
core   0: 3 0x80003910 (0x688dba13) x20 0x00000000
core   0: 0x80003914 (0xbc192513) slti    a0, s2, -1087
core   0: 3 0x80003914 (0xbc192513) x10 0x00000000
core   0: 0x80003918 (0x01a74ab3) xor     s5, a4, s10
core   0: 3 0x80003918 (0x01a74ab3) x21 0x000014bb
core   0: 0x8000391c (0x00001317) auipc   t1, 0x1
core   0: 3 0x8000391c (0x00001317) x 6 0x8000491c
core   0: 0x80003920 (0x85030313) addi    t1, t1, -1968
core   0: 3 0x80003920 (0x85030313) x 6 0x8000416c
core   0: 0x80003924 (0xcea30313) addi    t1, t1, -790
core   0: 3 0x80003924 (0xcea30313) x 6 0x80003e56
core   0: 0x80003928 (0x00000013) nop
core   0: 3 0x80003928 (0x00000013)
core   0: 0x8000392c (0x0ff0000f) fence   iorw,iorw
core   0: 3 0x8000392c (0x0ff0000f)
core   0: 0x80003930 (0x00d89bb3) sll     s7, a7, a3
core   0: 3 0x80003930 (0x00d89bb3) x23 0x80028ce4
core   0: 0x80003934 (0x00b0f033) and     zero, ra, a1
core   0: 3 0x80003934 (0x00b0f033)
core   0: 0x80003938 (0x0000100f) fence.i
core   0: 3 0x80003938 (0x0000100f)
core   0: 0x8000393c (0x01911463) bne     sp, s9, pc + 8
core   0: 3 0x8000393c (0x01911463)
core   0: 0x80003944 (0x316309e7) jalr    s3, t1, 790
core   0: 3 0x80003944 (0x316309e7) x19 0x80003948
core   0: 0x8000416c (0xfd078793) addi    a5, a5, -48
core   0: 3 0x8000416c (0xfd078793) x15 0x80024e04
core   0: 0x80004170 (0x34397093) andi    ra, s2, 835
core   0: 3 0x80004170 (0x34397093) x 1 0x00000000
core   0: 0x80004174 (0x41460933) sub     s2, a2, s4
core   0: 3 0x80004174 (0x41460933) x18 0x00000000
core   0: 0x80004178 (0x15e2aa13) slti    s4, t0, 350
core   0: 3 0x80004178 (0x15e2aa13) x20 0x00000001
core   0: 0x8000417c (0x0058e933) or      s2, a7, t0
core   0: 3 0x8000417c (0x0058e933) x18 0x80028cf7
core   0: 0x80004180 (0x0137a223) sw      s3, 4(a5)
core   0: 3 0x80004180 (0x0137a223) mem 0x80024e08 0x80003948
core   0: 0x80004184 (0x91bcee97) auipc   t4, 0x91bce
core   0: 3 0x80004184 (0x91bcee97) x29 0x11bd2184
core   0: 0x80004188 (0x16ab6c13) ori     s8, s6, 362
core   0: 3 0x80004188 (0x16ab6c13) x24 0x81ca016a
core   0: 0x8000418c (0x00800e13) li      t3, 8
core   0: 3 0x8000418c (0x00800e13) x28 0x00000008
core   0: 0x80004190 (0xc189e213) ori     tp, s3, -1000
core   0: 3 0x80004190 (0xc189e213) x 4 0xfffffd58
core   0: 0x80004194 (0x01100c93) li      s9, 17
core   0: 3 0x80004194 (0x01100c93) x25 0x00000011
core   0: 0x80004198 (0xa0920b93) addi    s7, tp, -1527
core   0: 3 0x80004198 (0xa0920b93) x23 0xfffff761
core   0: 0x8000419c (0x0143d933) srl     s2, t2, s4
core   0: 3 0x8000419c (0x0143d933) x18 0x3fffff29
core   0: 0x800041a0 (0x006e0e13) addi    t3, t3, 6
core   0: 3 0x800041a0 (0x006e0e13) x28 0x0000000e
core   0: 0x800041a4 (0x9b406717) auipc   a4, 0x9b406
core   0: 3 0x800041a4 (0x9b406717) x14 0x1b40a1a4
core   0: 0x800041a8 (0x39ce4a93) xori    s5, t3, 924
core   0: 3 0x800041a8 (0x39ce4a93) x21 0x00000392
core   0: 0x800041ac (0xff9e46e3) blt     t3, s9, pc - 20
core   0: 3 0x800041ac (0xff9e46e3)
core   0: 0x80004198 (0xa0920b93) addi    s7, tp, -1527
core   0: 3 0x80004198 (0xa0920b93) x23 0xfffff761
core   0: 0x8000419c (0x0143d933) srl     s2, t2, s4
core   0: 3 0x8000419c (0x0143d933) x18 0x3fffff29
core   0: 0x800041a0 (0x006e0e13) addi    t3, t3, 6
core   0: 3 0x800041a0 (0x006e0e13) x28 0x00000014
core   0: 0x800041a4 (0x9b406717) auipc   a4, 0x9b406
core   0: 3 0x800041a4 (0x9b406717) x14 0x1b40a1a4
core   0: 0x800041a8 (0x39ce4a93) xori    s5, t3, 924
core   0: 3 0x800041a8 (0x39ce4a93) x21 0x00000388
core   0: 0x800041ac (0xff9e46e3) blt     t3, s9, pc - 20
core   0: 3 0x800041ac (0xff9e46e3)
core   0: 0x800041b0 (0x0ff0000f) fence   iorw,iorw
core   0: 3 0x800041b0 (0x0ff0000f)
core   0: 0x800041b4 (0xff900e13) li      t3, -7
core   0: 3 0x800041b4 (0xff900e13) x28 0xfffffff9
core   0: 0x800041b8 (0x0000100f) fence.i
core   0: 3 0x800041b8 (0x0000100f)
core   0: 0x800041bc (0x01345433) srl     s0, s0, s3
core   0: 3 0x800041bc (0x01345433) x 8 0x00000000
core   0: 0x800041c0 (0xffa00f93) li      t6, -6
core   0: 3 0x800041c0 (0xffa00f93) x31 0xfffffffa
core   0: 0x800041c4 (0x00566ab3) or      s5, a2, t0
core   0: 3 0x800041c4 (0x00566ab3) x21 0x800288b3
core   0: 0x800041c8 (0x40215293) srai    t0, sp, 2
core   0: 3 0x800041c8 (0x40215293) x 5 0xffffffbb
core   0: 0x800041cc (0x001e0e13) addi    t3, t3, 1
core   0: 3 0x800041cc (0x001e0e13) x28 0xfffffffa
core   0: 0x800041d0 (0x00a00613) li      a2, 10
core   0: 3 0x800041d0 (0x00a00613) x12 0x0000000a
core   0: 0x800041d4 (0x01975e93) srli    t4, a4, 25
core   0: 3 0x800041d4 (0x01975e93) x29 0x0000000d
core   0: 0x800041d8 (0x00800d13) li      s10, 8
core   0: 3 0x800041d8 (0x00800d13) x26 0x00000008
core   0: 0x800041dc (0x006adc93) srli    s9, s5, 6
core   0: 3 0x800041dc (0x006adc93) x25 0x02000a22
core   0: 0x800041e0 (0x285ccc13) xori    s8, s9, 645
core   0: 3 0x800041e0 (0x285ccc13) x24 0x020008a7
core   0: 0x800041e4 (0x0ff0000f) fence   iorw,iorw
core   0: 3 0x800041e4 (0x0ff0000f)
core   0: 0x800041e8 (0x2799f917) auipc   s2, 0x2799f
core   0: 3 0x800041e8 (0x2799f917) x18 0xa79a31e8
core   0: 0x800041ec (0xffe60613) addi    a2, a2, -2
core   0: 3 0x800041ec (0xffe60613) x12 0x00000008
core   0: 0x800041f0 (0x007e1093) slli    ra, t3, 7
core   0: 3 0x800041f0 (0x007e1093) x 1 0xfffffd00
core   0: 0x800041f4 (0xb41fbd93) sltiu   s11, t6, -1215
core   0: 3 0x800041f4 (0xb41fbd93) x27 0x00000000
core   0: 0x800041f8 (0x4175dcb3) sra     s9, a1, s7
core   0: 3 0x800041f8 (0x4175dcb3) x25 0x000000b4
core   0: 0x800041fc (0x0000100f) fence.i
core   0: 3 0x800041fc (0x0000100f)
core   0: 0x80004200 (0xffa610e3) bne     a2, s10, pc - 32
core   0: 3 0x80004200 (0xffa610e3)
core   0: 0x80004204 (0x01a55713) srli    a4, a0, 26
core   0: 3 0x80004204 (0x01a55713) x14 0x00000000
core   0: 0x80004208 (0x01ef9a13) slli    s4, t6, 30
core   0: 3 0x80004208 (0x01ef9a13) x20 0x80000000
core   0: 0x8000420c (0xfbfe0ce3) beq     t3, t6, pc - 72
core   0: 3 0x8000420c (0xfbfe0ce3)
core   0: 0x800041c4 (0x00566ab3) or      s5, a2, t0
core   0: 3 0x800041c4 (0x00566ab3) x21 0xffffffbb
core   0: 0x800041c8 (0x40215293) srai    t0, sp, 2
core   0: 3 0x800041c8 (0x40215293) x 5 0xffffffbb
core   0: 0x800041cc (0x001e0e13) addi    t3, t3, 1
core   0: 3 0x800041cc (0x001e0e13) x28 0xfffffffb
core   0: 0x800041d0 (0x00a00613) li      a2, 10
core   0: 3 0x800041d0 (0x00a00613) x12 0x0000000a
core   0: 0x800041d4 (0x01975e93) srli    t4, a4, 25
core   0: 3 0x800041d4 (0x01975e93) x29 0x00000000
core   0: 0x800041d8 (0x00800d13) li      s10, 8
core   0: 3 0x800041d8 (0x00800d13) x26 0x00000008
core   0: 0x800041dc (0x006adc93) srli    s9, s5, 6
core   0: 3 0x800041dc (0x006adc93) x25 0x03fffffe
core   0: 0x800041e0 (0x285ccc13) xori    s8, s9, 645
core   0: 3 0x800041e0 (0x285ccc13) x24 0x03fffd7b
core   0: 0x800041e4 (0x0ff0000f) fence   iorw,iorw
core   0: 3 0x800041e4 (0x0ff0000f)
core   0: 0x800041e8 (0x2799f917) auipc   s2, 0x2799f
core   0: 3 0x800041e8 (0x2799f917) x18 0xa79a31e8
core   0: 0x800041ec (0xffe60613) addi    a2, a2, -2
core   0: 3 0x800041ec (0xffe60613) x12 0x00000008
core   0: 0x800041f0 (0x007e1093) slli    ra, t3, 7
core   0: 3 0x800041f0 (0x007e1093) x 1 0xfffffd80
core   0: 0x800041f4 (0xb41fbd93) sltiu   s11, t6, -1215
core   0: 3 0x800041f4 (0xb41fbd93) x27 0x00000000
core   0: 0x800041f8 (0x4175dcb3) sra     s9, a1, s7
core   0: 3 0x800041f8 (0x4175dcb3) x25 0x000000b4
core   0: 0x800041fc (0x0000100f) fence.i
core   0: 3 0x800041fc (0x0000100f)
core   0: 0x80004200 (0xffa610e3) bne     a2, s10, pc - 32
core   0: 3 0x80004200 (0xffa610e3)
core   0: 0x80004204 (0x01a55713) srli    a4, a0, 26
core   0: 3 0x80004204 (0x01a55713) x14 0x00000000
core   0: 0x80004208 (0x01ef9a13) slli    s4, t6, 30
core   0: 3 0x80004208 (0x01ef9a13) x20 0x80000000
core   0: 0x8000420c (0xfbfe0ce3) beq     t3, t6, pc - 72
core   0: 3 0x8000420c (0xfbfe0ce3)
core   0: 0x80004210 (0x00094933) xor     s2, s2, zero
core   0: 3 0x80004210 (0x00094933) x18 0xa79a31e8
core   0: 0x80004214 (0xff800193) li      gp, -8
core   0: 3 0x80004214 (0xff800193) x 3 0xfffffff8
core   0: 0x80004218 (0x4df3cb97) auipc   s7, 0x4df3c
core   0: 3 0x80004218 (0x4df3cb97) x23 0xcdf40218
core   0: 0x8000421c (0x00138e33) add     t3, t2, ra
core   0: 3 0x8000421c (0x00138e33) x28 0x7ffffbd2
core   0: 0x80004220 (0xe355ee93) ori     t4, a1, -459
core   0: 3 0x80004220 (0xe355ee93) x29 0xffffff7d
core   0: 0x80004224 (0xc1303613) sltiu   a2, zero, -1005
core   0: 3 0x80004224 (0xc1303613) x12 0x00000001
core   0: 0x80004228 (0x008b73b3) and     t2, s6, s0
core   0: 3 0x80004228 (0x008b73b3) x 7 0x00000000
core   0: 0x8000422c (0x0ff0000f) fence   iorw,iorw
core   0: 3 0x8000422c (0x0ff0000f)
core   0: 0x80004230 (0x00300093) li      ra, 3
core   0: 3 0x80004230 (0x00300093) x 1 0x00000003
core   0: 0x80004234 (0x00542933) slt     s2, s0, t0
core   0: 3 0x80004234 (0x00542933) x18 0x00000000
core   0: 0x80004238 (0x00a18193) addi    gp, gp, 10
core   0: 3 0x80004238 (0x00a18193) x 3 0x00000002
core   0: 0x8000423c (0x9c80f397) auipc   t2, 0x9c80f
core   0: 3 0x8000423c (0x9c80f397) x 7 0x1c81323c
core   0: 0x80004240 (0xfb53edb7) lui     s11, 0xfb53e
core   0: 3 0x80004240 (0xfb53edb7) x27 0xfb53e000
core   0: 0x80004244 (0x01c78a33) add     s4, a5, t3
core   0: 3 0x80004244 (0x01c78a33) x20 0x000249d6
core   0: 0x80004248 (0x00900113) li      sp, 9
core   0: 3 0x80004248 (0x00900113) x 2 0x00000009
core   0: 0x8000424c (0x00e00493) li      s1, 14
core   0: 3 0x8000424c (0x00e00493) x 9 0x0000000e
core   0: 0x80004250 (0x401bd513) srai    a0, s7, 1
core   0: 3 0x80004250 (0x401bd513) x10 0xe6fa010c
core   0: 0x80004254 (0x01d62a33) slt     s4, a2, t4
core   0: 3 0x80004254 (0x01d62a33) x20 0x00000000
core   0: 0x80004258 (0x3bb30d93) addi    s11, t1, 955
core   0: 3 0x80004258 (0x3bb30d93) x27 0x80004211
core   0: 0x8000425c (0x00410113) addi    sp, sp, 4
core   0: 3 0x8000425c (0x00410113) x 2 0x0000000d
core   0: 0x80004260 (0x98f1e313) ori     t1, gp, -1649
core   0: 3 0x80004260 (0x98f1e313) x 6 0xfffff98f
core   0: 0x80004264 (0x00123b33) sltu    s6, tp, ra
core   0: 3 0x80004264 (0x00123b33) x22 0x00000000
core   0: 0x80004268 (0x40a8d533) sra     a0, a7, a0
core   0: 3 0x80004268 (0x40a8d533) x10 0xfff80028
core   0: 0x8000426c (0xfe9146e3) blt     sp, s1, pc - 20
core   0: 3 0x8000426c (0xfe9146e3)
core   0: 0x80004258 (0x3bb30d93) addi    s11, t1, 955
core   0: 3 0x80004258 (0x3bb30d93) x27 0xfffffd4a
core   0: 0x8000425c (0x00410113) addi    sp, sp, 4
core   0: 3 0x8000425c (0x00410113) x 2 0x00000011
core   0: 0x80004260 (0x98f1e313) ori     t1, gp, -1649
core   0: 3 0x80004260 (0x98f1e313) x 6 0xfffff98f
core   0: 0x80004264 (0x00123b33) sltu    s6, tp, ra
core   0: 3 0x80004264 (0x00123b33) x22 0x00000000
core   0: 0x80004268 (0x40a8d533) sra     a0, a7, a0
core   0: 3 0x80004268 (0x40a8d533) x10 0xff80028c
core   0: 0x8000426c (0xfe9146e3) blt     sp, s1, pc - 20
core   0: 3 0x8000426c (0xfe9146e3)
core   0: 0x80004270 (0x00ca7733) and     a4, s4, a2
core   0: 3 0x80004270 (0x00ca7733) x14 0x00000000
core   0: 0x80004274 (0x404652b3) sra     t0, a2, tp
core   0: 3 0x80004274 (0x404652b3) x 5 0x00000000
core   0: 0x80004278 (0x037aeab7) lui     s5, 0x37ae
core   0: 3 0x80004278 (0x037aeab7) x21 0x037ae000
core   0: 0x8000427c (0x01ced913) srli    s2, t4, 28
core   0: 3 0x8000427c (0x01ced913) x18 0x0000000f
core   0: 0x80004280 (0x93baae93) slti    t4, s5, -1733
core   0: 3 0x80004280 (0x93baae93) x29 0x00000000
core   0: 0x80004284 (0x0076dc93) srli    s9, a3, 7
core   0: 3 0x80004284 (0x0076dc93) x25 0x00000000
core   0: 0x80004288 (0x00114db3) xor     s11, sp, ra
core   0: 3 0x80004288 (0x00114db3) x27 0x00000012
core   0: 0x8000428c (0x0040ba33) sltu    s4, ra, tp
core   0: 3 0x8000428c (0x0040ba33) x20 0x00000001
core   0: 0x80004290 (0xfa11c2e3) blt     gp, ra, pc - 92
core   0: 3 0x80004290 (0xfa11c2e3)
core   0: 0x80004234 (0x00542933) slt     s2, s0, t0
core   0: 3 0x80004234 (0x00542933) x18 0x00000000
core   0: 0x80004238 (0x00a18193) addi    gp, gp, 10
core   0: 3 0x80004238 (0x00a18193) x 3 0x0000000c
core   0: 0x8000423c (0x9c80f397) auipc   t2, 0x9c80f
core   0: 3 0x8000423c (0x9c80f397) x 7 0x1c81323c
core   0: 0x80004240 (0xfb53edb7) lui     s11, 0xfb53e
core   0: 3 0x80004240 (0xfb53edb7) x27 0xfb53e000
core   0: 0x80004244 (0x01c78a33) add     s4, a5, t3
core   0: 3 0x80004244 (0x01c78a33) x20 0x000249d6
core   0: 0x80004248 (0x00900113) li      sp, 9
core   0: 3 0x80004248 (0x00900113) x 2 0x00000009
core   0: 0x8000424c (0x00e00493) li      s1, 14
core   0: 3 0x8000424c (0x00e00493) x 9 0x0000000e
core   0: 0x80004250 (0x401bd513) srai    a0, s7, 1
core   0: 3 0x80004250 (0x401bd513) x10 0xe6fa010c
core   0: 0x80004254 (0x01d62a33) slt     s4, a2, t4
core   0: 3 0x80004254 (0x01d62a33) x20 0x00000000
core   0: 0x80004258 (0x3bb30d93) addi    s11, t1, 955
core   0: 3 0x80004258 (0x3bb30d93) x27 0xfffffd4a
core   0: 0x8000425c (0x00410113) addi    sp, sp, 4
core   0: 3 0x8000425c (0x00410113) x 2 0x0000000d
core   0: 0x80004260 (0x98f1e313) ori     t1, gp, -1649
core   0: 3 0x80004260 (0x98f1e313) x 6 0xfffff98f
core   0: 0x80004264 (0x00123b33) sltu    s6, tp, ra
core   0: 3 0x80004264 (0x00123b33) x22 0x00000000
core   0: 0x80004268 (0x40a8d533) sra     a0, a7, a0
core   0: 3 0x80004268 (0x40a8d533) x10 0xfff80028
core   0: 0x8000426c (0xfe9146e3) blt     sp, s1, pc - 20
core   0: 3 0x8000426c (0xfe9146e3)
core   0: 0x80004258 (0x3bb30d93) addi    s11, t1, 955
core   0: 3 0x80004258 (0x3bb30d93) x27 0xfffffd4a
core   0: 0x8000425c (0x00410113) addi    sp, sp, 4
core   0: 3 0x8000425c (0x00410113) x 2 0x00000011
core   0: 0x80004260 (0x98f1e313) ori     t1, gp, -1649
core   0: 3 0x80004260 (0x98f1e313) x 6 0xfffff98f
core   0: 0x80004264 (0x00123b33) sltu    s6, tp, ra
core   0: 3 0x80004264 (0x00123b33) x22 0x00000000
core   0: 0x80004268 (0x40a8d533) sra     a0, a7, a0
core   0: 3 0x80004268 (0x40a8d533) x10 0xff80028c
core   0: 0x8000426c (0xfe9146e3) blt     sp, s1, pc - 20
core   0: 3 0x8000426c (0xfe9146e3)
core   0: 0x80004270 (0x00ca7733) and     a4, s4, a2
core   0: 3 0x80004270 (0x00ca7733) x14 0x00000000
core   0: 0x80004274 (0x404652b3) sra     t0, a2, tp
core   0: 3 0x80004274 (0x404652b3) x 5 0x00000000
core   0: 0x80004278 (0x037aeab7) lui     s5, 0x37ae
core   0: 3 0x80004278 (0x037aeab7) x21 0x037ae000
core   0: 0x8000427c (0x01ced913) srli    s2, t4, 28
core   0: 3 0x8000427c (0x01ced913) x18 0x00000000
core   0: 0x80004280 (0x93baae93) slti    t4, s5, -1733
core   0: 3 0x80004280 (0x93baae93) x29 0x00000000
core   0: 0x80004284 (0x0076dc93) srli    s9, a3, 7
core   0: 3 0x80004284 (0x0076dc93) x25 0x00000000
core   0: 0x80004288 (0x00114db3) xor     s11, sp, ra
core   0: 3 0x80004288 (0x00114db3) x27 0x00000012
core   0: 0x8000428c (0x0040ba33) sltu    s4, ra, tp
core   0: 3 0x8000428c (0x0040ba33) x20 0x00000001
core   0: 0x80004290 (0xfa11c2e3) blt     gp, ra, pc - 92
core   0: 3 0x80004290 (0xfa11c2e3)
core   0: 0x80004294 (0x00bf0033) add     zero, t5, a1
core   0: 3 0x80004294 (0x00bf0033)
core   0: 0x80004298 (0x00700a13) li      s4, 7
core   0: 3 0x80004298 (0x00700a13) x20 0x00000007
core   0: 0x8000429c (0x0000100f) fence.i
core   0: 3 0x8000429c (0x0000100f)
core   0: 0x800042a0 (0x417502b3) sub     t0, a0, s7
core   0: 3 0x800042a0 (0x417502b3) x 5 0x318c0074
core   0: 0x800042a4 (0x826f0013) addi    zero, t5, -2010
core   0: 3 0x800042a4 (0x826f0013)
core   0: 0x800042a8 (0xff100b93) li      s7, -15
core   0: 3 0x800042a8 (0xff100b93) x23 0xfffffff1
core   0: 0x800042ac (0xa0ec6413) ori     s0, s8, -1522
core   0: 3 0x800042ac (0xa0ec6413) x 8 0xffffff7f
core   0: 0x800042b0 (0x00316cb3) or      s9, sp, gp
core   0: 3 0x800042b0 (0x00316cb3) x25 0x0000001d
core   0: 0x800042b4 (0x0ff0000f) fence   iorw,iorw
core   0: 3 0x800042b4 (0x0ff0000f)
core   0: 0x800042b8 (0x01b64ab3) xor     s5, a2, s11
core   0: 3 0x800042b8 (0x01b64ab3) x21 0x00000013
core   0: 0x800042bc (0x017623b3) slt     t2, a2, s7
core   0: 3 0x800042bc (0x017623b3) x 7 0x00000000
core   0: 0x800042c0 (0x0165d993) srli    s3, a1, 22
core   0: 3 0x800042c0 (0x0165d993) x19 0x00000000
core   0: 0x800042c4 (0x674c4a93) xori    s5, s8, 1652
core   0: 3 0x800042c4 (0x674c4a93) x21 0x03fffb0f
core   0: 0x800042c8 (0x00619113) slli    sp, gp, 6
core   0: 3 0x800042c8 (0x00619113) x 2 0x00000300
core   0: 0x800042cc (0x70ec54b7) lui     s1, 0x70ec5
core   0: 3 0x800042cc (0x70ec54b7) x 9 0x70ec5000
core   0: 0x800042d0 (0x04247c93) andi    s9, s0, 66
core   0: 3 0x800042d0 (0x04247c93) x25 0x00000042
core   0: 0x800042d4 (0x97ae0593) addi    a1, t3, -1670
core   0: 3 0x800042d4 (0x97ae0593) x11 0x7ffff54c
core   0: 0x800042d8 (0x412d5d13) srai    s10, s10, 18
core   0: 3 0x800042d8 (0x412d5d13) x26 0x00000000
core   0: 0x800042dc (0x01081133) sll     sp, a6, a6
core   0: 3 0x800042dc (0x01081133) x 2 0x80000000
core   0: 0x800042e0 (0x0093d0b3) srl     ra, t2, s1
core   0: 3 0x800042e0 (0x0093d0b3) x 1 0x00000000
core   0: 0x800042e4 (0x41d5d393) srai    t2, a1, 29
core   0: 3 0x800042e4 (0x41d5d393) x 7 0x00000003
core   0: 0x800042e8 (0x017df9b3) and     s3, s11, s7
core   0: 3 0x800042e8 (0x017df9b3) x19 0x00000010
core   0: 0x800042ec (0x01f32eb3) slt     t4, t1, t6
core   0: 3 0x800042ec (0x01f32eb3) x29 0x00000001
core   0: 0x800042f0 (0xfffa0a13) addi    s4, s4, -1
core   0: 3 0x800042f0 (0xfffa0a13) x20 0x00000006
core   0: 0x800042f4 (0x99506493) ori     s1, zero, -1643
core   0: 3 0x800042f4 (0x99506493) x 9 0xfffff995
core   0: 0x800042f8 (0x00d4b9b3) sltu    s3, s1, a3
core   0: 3 0x800042f8 (0x00d4b9b3) x19 0x00000000
core   0: 0x800042fc (0x947aa913) slti    s2, s5, -1721
core   0: 3 0x800042fc (0x947aa913) x18 0x00000000
core   0: 0x80004300 (0x31bd3517) auipc   a0, 0x31bd3
core   0: 3 0x80004300 (0x31bd3517) x10 0xb1bd7300
core   0: 0x80004304 (0xe188aa93) slti    s5, a7, -488
core   0: 3 0x80004304 (0xe188aa93) x21 0x00000001
core   0: 0x80004308 (0xff7a10e3) bne     s4, s7, pc - 32
core   0: 3 0x80004308 (0xff7a10e3)
core   0: 0x800042e8 (0x017df9b3) and     s3, s11, s7
core   0: 3 0x800042e8 (0x017df9b3) x19 0x00000010
core   0: 0x800042ec (0x01f32eb3) slt     t4, t1, t6
core   0: 3 0x800042ec (0x01f32eb3) x29 0x00000001
core   0: 0x800042f0 (0xfffa0a13) addi    s4, s4, -1
core   0: 3 0x800042f0 (0xfffa0a13) x20 0x00000005
core   0: 0x800042f4 (0x99506493) ori     s1, zero, -1643
core   0: 3 0x800042f4 (0x99506493) x 9 0xfffff995
core   0: 0x800042f8 (0x00d4b9b3) sltu    s3, s1, a3
core   0: 3 0x800042f8 (0x00d4b9b3) x19 0x00000000
core   0: 0x800042fc (0x947aa913) slti    s2, s5, -1721
core   0: 3 0x800042fc (0x947aa913) x18 0x00000000
core   0: 0x80004300 (0x31bd3517) auipc   a0, 0x31bd3
core   0: 3 0x80004300 (0x31bd3517) x10 0xb1bd7300
core   0: 0x80004304 (0xe188aa93) slti    s5, a7, -488
core   0: 3 0x80004304 (0xe188aa93) x21 0x00000001
core   0: 0x80004308 (0xff7a10e3) bne     s4, s7, pc - 32
core   0: 3 0x80004308 (0xff7a10e3)
core   0: 0x800042e8 (0x017df9b3) and     s3, s11, s7
core   0: 3 0x800042e8 (0x017df9b3) x19 0x00000010
core   0: 0x800042ec (0x01f32eb3) slt     t4, t1, t6
core   0: 3 0x800042ec (0x01f32eb3) x29 0x00000001
core   0: 0x800042f0 (0xfffa0a13) addi    s4, s4, -1
core   0: 3 0x800042f0 (0xfffa0a13) x20 0x00000004
core   0: 0x800042f4 (0x99506493) ori     s1, zero, -1643
core   0: 3 0x800042f4 (0x99506493) x 9 0xfffff995
core   0: 0x800042f8 (0x00d4b9b3) sltu    s3, s1, a3
core   0: 3 0x800042f8 (0x00d4b9b3) x19 0x00000000
core   0: 0x800042fc (0x947aa913) slti    s2, s5, -1721
core   0: 3 0x800042fc (0x947aa913) x18 0x00000000
core   0: 0x80004300 (0x31bd3517) auipc   a0, 0x31bd3
core   0: 3 0x80004300 (0x31bd3517) x10 0xb1bd7300
core   0: 0x80004304 (0xe188aa93) slti    s5, a7, -488
core   0: 3 0x80004304 (0xe188aa93) x21 0x00000001
core   0: 0x80004308 (0xff7a10e3) bne     s4, s7, pc - 32
core   0: 3 0x80004308 (0xff7a10e3)
core   0: 0x800042e8 (0x017df9b3) and     s3, s11, s7
core   0: 3 0x800042e8 (0x017df9b3) x19 0x00000010
core   0: 0x800042ec (0x01f32eb3) slt     t4, t1, t6
core   0: 3 0x800042ec (0x01f32eb3) x29 0x00000001
core   0: 0x800042f0 (0xfffa0a13) addi    s4, s4, -1
core   0: 3 0x800042f0 (0xfffa0a13) x20 0x00000003
core   0: 0x800042f4 (0x99506493) ori     s1, zero, -1643
core   0: 3 0x800042f4 (0x99506493) x 9 0xfffff995
core   0: 0x800042f8 (0x00d4b9b3) sltu    s3, s1, a3
core   0: 3 0x800042f8 (0x00d4b9b3) x19 0x00000000
core   0: 0x800042fc (0x947aa913) slti    s2, s5, -1721
core   0: 3 0x800042fc (0x947aa913) x18 0x00000000
core   0: 0x80004300 (0x31bd3517) auipc   a0, 0x31bd3
core   0: 3 0x80004300 (0x31bd3517) x10 0xb1bd7300
core   0: 0x80004304 (0xe188aa93) slti    s5, a7, -488
core   0: 3 0x80004304 (0xe188aa93) x21 0x00000001
core   0: 0x80004308 (0xff7a10e3) bne     s4, s7, pc - 32
core   0: 3 0x80004308 (0xff7a10e3)
core   0: 0x800042e8 (0x017df9b3) and     s3, s11, s7
core   0: 3 0x800042e8 (0x017df9b3) x19 0x00000010
core   0: 0x800042ec (0x01f32eb3) slt     t4, t1, t6
core   0: 3 0x800042ec (0x01f32eb3) x29 0x00000001
core   0: 0x800042f0 (0xfffa0a13) addi    s4, s4, -1
core   0: 3 0x800042f0 (0xfffa0a13) x20 0x00000002
core   0: 0x800042f4 (0x99506493) ori     s1, zero, -1643
core   0: 3 0x800042f4 (0x99506493) x 9 0xfffff995
core   0: 0x800042f8 (0x00d4b9b3) sltu    s3, s1, a3
core   0: 3 0x800042f8 (0x00d4b9b3) x19 0x00000000
core   0: 0x800042fc (0x947aa913) slti    s2, s5, -1721
core   0: 3 0x800042fc (0x947aa913) x18 0x00000000
core   0: 0x80004300 (0x31bd3517) auipc   a0, 0x31bd3
core   0: 3 0x80004300 (0x31bd3517) x10 0xb1bd7300
core   0: 0x80004304 (0xe188aa93) slti    s5, a7, -488
core   0: 3 0x80004304 (0xe188aa93) x21 0x00000001
core   0: 0x80004308 (0xff7a10e3) bne     s4, s7, pc - 32
core   0: 3 0x80004308 (0xff7a10e3)
core   0: 0x800042e8 (0x017df9b3) and     s3, s11, s7
core   0: 3 0x800042e8 (0x017df9b3) x19 0x00000010
core   0: 0x800042ec (0x01f32eb3) slt     t4, t1, t6
core   0: 3 0x800042ec (0x01f32eb3) x29 0x00000001
core   0: 0x800042f0 (0xfffa0a13) addi    s4, s4, -1
core   0: 3 0x800042f0 (0xfffa0a13) x20 0x00000001
core   0: 0x800042f4 (0x99506493) ori     s1, zero, -1643
core   0: 3 0x800042f4 (0x99506493) x 9 0xfffff995
core   0: 0x800042f8 (0x00d4b9b3) sltu    s3, s1, a3
core   0: 3 0x800042f8 (0x00d4b9b3) x19 0x00000000
core   0: 0x800042fc (0x947aa913) slti    s2, s5, -1721
core   0: 3 0x800042fc (0x947aa913) x18 0x00000000
core   0: 0x80004300 (0x31bd3517) auipc   a0, 0x31bd3
core   0: 3 0x80004300 (0x31bd3517) x10 0xb1bd7300
core   0: 0x80004304 (0xe188aa93) slti    s5, a7, -488
core   0: 3 0x80004304 (0xe188aa93) x21 0x00000001
core   0: 0x80004308 (0xff7a10e3) bne     s4, s7, pc - 32
core   0: 3 0x80004308 (0xff7a10e3)
core   0: 0x800042e8 (0x017df9b3) and     s3, s11, s7
core   0: 3 0x800042e8 (0x017df9b3) x19 0x00000010
core   0: 0x800042ec (0x01f32eb3) slt     t4, t1, t6
core   0: 3 0x800042ec (0x01f32eb3) x29 0x00000001
core   0: 0x800042f0 (0xfffa0a13) addi    s4, s4, -1
core   0: 3 0x800042f0 (0xfffa0a13) x20 0x00000000
core   0: 0x800042f4 (0x99506493) ori     s1, zero, -1643
core   0: 3 0x800042f4 (0x99506493) x 9 0xfffff995
core   0: 0x800042f8 (0x00d4b9b3) sltu    s3, s1, a3
core   0: 3 0x800042f8 (0x00d4b9b3) x19 0x00000000
core   0: 0x800042fc (0x947aa913) slti    s2, s5, -1721
core   0: 3 0x800042fc (0x947aa913) x18 0x00000000
core   0: 0x80004300 (0x31bd3517) auipc   a0, 0x31bd3
core   0: 3 0x80004300 (0x31bd3517) x10 0xb1bd7300
core   0: 0x80004304 (0xe188aa93) slti    s5, a7, -488
core   0: 3 0x80004304 (0xe188aa93) x21 0x00000001
core   0: 0x80004308 (0xff7a10e3) bne     s4, s7, pc - 32
core   0: 3 0x80004308 (0xff7a10e3)
core   0: 0x800042e8 (0x017df9b3) and     s3, s11, s7
core   0: 3 0x800042e8 (0x017df9b3) x19 0x00000010
core   0: 0x800042ec (0x01f32eb3) slt     t4, t1, t6
core   0: 3 0x800042ec (0x01f32eb3) x29 0x00000001
core   0: 0x800042f0 (0xfffa0a13) addi    s4, s4, -1
core   0: 3 0x800042f0 (0xfffa0a13) x20 0xffffffff
core   0: 0x800042f4 (0x99506493) ori     s1, zero, -1643
core   0: 3 0x800042f4 (0x99506493) x 9 0xfffff995
core   0: 0x800042f8 (0x00d4b9b3) sltu    s3, s1, a3
core   0: 3 0x800042f8 (0x00d4b9b3) x19 0x00000000
core   0: 0x800042fc (0x947aa913) slti    s2, s5, -1721
core   0: 3 0x800042fc (0x947aa913) x18 0x00000000
core   0: 0x80004300 (0x31bd3517) auipc   a0, 0x31bd3
core   0: 3 0x80004300 (0x31bd3517) x10 0xb1bd7300
core   0: 0x80004304 (0xe188aa93) slti    s5, a7, -488
core   0: 3 0x80004304 (0xe188aa93) x21 0x00000001
core   0: 0x80004308 (0xff7a10e3) bne     s4, s7, pc - 32
core   0: 3 0x80004308 (0xff7a10e3)
core   0: 0x800042e8 (0x017df9b3) and     s3, s11, s7
core   0: 3 0x800042e8 (0x017df9b3) x19 0x00000010
core   0: 0x800042ec (0x01f32eb3) slt     t4, t1, t6
core   0: 3 0x800042ec (0x01f32eb3) x29 0x00000001
core   0: 0x800042f0 (0xfffa0a13) addi    s4, s4, -1
core   0: 3 0x800042f0 (0xfffa0a13) x20 0xfffffffe
core   0: 0x800042f4 (0x99506493) ori     s1, zero, -1643
core   0: 3 0x800042f4 (0x99506493) x 9 0xfffff995
core   0: 0x800042f8 (0x00d4b9b3) sltu    s3, s1, a3
core   0: 3 0x800042f8 (0x00d4b9b3) x19 0x00000000
core   0: 0x800042fc (0x947aa913) slti    s2, s5, -1721
core   0: 3 0x800042fc (0x947aa913) x18 0x00000000
core   0: 0x80004300 (0x31bd3517) auipc   a0, 0x31bd3
core   0: 3 0x80004300 (0x31bd3517) x10 0xb1bd7300
core   0: 0x80004304 (0xe188aa93) slti    s5, a7, -488
core   0: 3 0x80004304 (0xe188aa93) x21 0x00000001
core   0: 0x80004308 (0xff7a10e3) bne     s4, s7, pc - 32
core   0: 3 0x80004308 (0xff7a10e3)
core   0: 0x800042e8 (0x017df9b3) and     s3, s11, s7
core   0: 3 0x800042e8 (0x017df9b3) x19 0x00000010
core   0: 0x800042ec (0x01f32eb3) slt     t4, t1, t6
core   0: 3 0x800042ec (0x01f32eb3) x29 0x00000001
core   0: 0x800042f0 (0xfffa0a13) addi    s4, s4, -1
core   0: 3 0x800042f0 (0xfffa0a13) x20 0xfffffffd
core   0: 0x800042f4 (0x99506493) ori     s1, zero, -1643
core   0: 3 0x800042f4 (0x99506493) x 9 0xfffff995
core   0: 0x800042f8 (0x00d4b9b3) sltu    s3, s1, a3
core   0: 3 0x800042f8 (0x00d4b9b3) x19 0x00000000
core   0: 0x800042fc (0x947aa913) slti    s2, s5, -1721
core   0: 3 0x800042fc (0x947aa913) x18 0x00000000
core   0: 0x80004300 (0x31bd3517) auipc   a0, 0x31bd3
core   0: 3 0x80004300 (0x31bd3517) x10 0xb1bd7300
core   0: 0x80004304 (0xe188aa93) slti    s5, a7, -488
core   0: 3 0x80004304 (0xe188aa93) x21 0x00000001
core   0: 0x80004308 (0xff7a10e3) bne     s4, s7, pc - 32
core   0: 3 0x80004308 (0xff7a10e3)
core   0: 0x800042e8 (0x017df9b3) and     s3, s11, s7
core   0: 3 0x800042e8 (0x017df9b3) x19 0x00000010
core   0: 0x800042ec (0x01f32eb3) slt     t4, t1, t6
core   0: 3 0x800042ec (0x01f32eb3) x29 0x00000001
core   0: 0x800042f0 (0xfffa0a13) addi    s4, s4, -1
core   0: 3 0x800042f0 (0xfffa0a13) x20 0xfffffffc
core   0: 0x800042f4 (0x99506493) ori     s1, zero, -1643
core   0: 3 0x800042f4 (0x99506493) x 9 0xfffff995
core   0: 0x800042f8 (0x00d4b9b3) sltu    s3, s1, a3
core   0: 3 0x800042f8 (0x00d4b9b3) x19 0x00000000
core   0: 0x800042fc (0x947aa913) slti    s2, s5, -1721
core   0: 3 0x800042fc (0x947aa913) x18 0x00000000
core   0: 0x80004300 (0x31bd3517) auipc   a0, 0x31bd3
core   0: 3 0x80004300 (0x31bd3517) x10 0xb1bd7300
core   0: 0x80004304 (0xe188aa93) slti    s5, a7, -488
core   0: 3 0x80004304 (0xe188aa93) x21 0x00000001
core   0: 0x80004308 (0xff7a10e3) bne     s4, s7, pc - 32
core   0: 3 0x80004308 (0xff7a10e3)
core   0: 0x800042e8 (0x017df9b3) and     s3, s11, s7
core   0: 3 0x800042e8 (0x017df9b3) x19 0x00000010
core   0: 0x800042ec (0x01f32eb3) slt     t4, t1, t6
core   0: 3 0x800042ec (0x01f32eb3) x29 0x00000001
core   0: 0x800042f0 (0xfffa0a13) addi    s4, s4, -1
core   0: 3 0x800042f0 (0xfffa0a13) x20 0xfffffffb
core   0: 0x800042f4 (0x99506493) ori     s1, zero, -1643
core   0: 3 0x800042f4 (0x99506493) x 9 0xfffff995
core   0: 0x800042f8 (0x00d4b9b3) sltu    s3, s1, a3
core   0: 3 0x800042f8 (0x00d4b9b3) x19 0x00000000
core   0: 0x800042fc (0x947aa913) slti    s2, s5, -1721
core   0: 3 0x800042fc (0x947aa913) x18 0x00000000
core   0: 0x80004300 (0x31bd3517) auipc   a0, 0x31bd3
core   0: 3 0x80004300 (0x31bd3517) x10 0xb1bd7300
core   0: 0x80004304 (0xe188aa93) slti    s5, a7, -488
core   0: 3 0x80004304 (0xe188aa93) x21 0x00000001
core   0: 0x80004308 (0xff7a10e3) bne     s4, s7, pc - 32
core   0: 3 0x80004308 (0xff7a10e3)
core   0: 0x800042e8 (0x017df9b3) and     s3, s11, s7
core   0: 3 0x800042e8 (0x017df9b3) x19 0x00000010
core   0: 0x800042ec (0x01f32eb3) slt     t4, t1, t6
core   0: 3 0x800042ec (0x01f32eb3) x29 0x00000001
core   0: 0x800042f0 (0xfffa0a13) addi    s4, s4, -1
core   0: 3 0x800042f0 (0xfffa0a13) x20 0xfffffffa
core   0: 0x800042f4 (0x99506493) ori     s1, zero, -1643
core   0: 3 0x800042f4 (0x99506493) x 9 0xfffff995
core   0: 0x800042f8 (0x00d4b9b3) sltu    s3, s1, a3
core   0: 3 0x800042f8 (0x00d4b9b3) x19 0x00000000
core   0: 0x800042fc (0x947aa913) slti    s2, s5, -1721
core   0: 3 0x800042fc (0x947aa913) x18 0x00000000
core   0: 0x80004300 (0x31bd3517) auipc   a0, 0x31bd3
core   0: 3 0x80004300 (0x31bd3517) x10 0xb1bd7300
core   0: 0x80004304 (0xe188aa93) slti    s5, a7, -488
core   0: 3 0x80004304 (0xe188aa93) x21 0x00000001
core   0: 0x80004308 (0xff7a10e3) bne     s4, s7, pc - 32
core   0: 3 0x80004308 (0xff7a10e3)
core   0: 0x800042e8 (0x017df9b3) and     s3, s11, s7
core   0: 3 0x800042e8 (0x017df9b3) x19 0x00000010
core   0: 0x800042ec (0x01f32eb3) slt     t4, t1, t6
core   0: 3 0x800042ec (0x01f32eb3) x29 0x00000001
core   0: 0x800042f0 (0xfffa0a13) addi    s4, s4, -1
core   0: 3 0x800042f0 (0xfffa0a13) x20 0xfffffff9
core   0: 0x800042f4 (0x99506493) ori     s1, zero, -1643
core   0: 3 0x800042f4 (0x99506493) x 9 0xfffff995
core   0: 0x800042f8 (0x00d4b9b3) sltu    s3, s1, a3
core   0: 3 0x800042f8 (0x00d4b9b3) x19 0x00000000
core   0: 0x800042fc (0x947aa913) slti    s2, s5, -1721
core   0: 3 0x800042fc (0x947aa913) x18 0x00000000
core   0: 0x80004300 (0x31bd3517) auipc   a0, 0x31bd3
core   0: 3 0x80004300 (0x31bd3517) x10 0xb1bd7300
core   0: 0x80004304 (0xe188aa93) slti    s5, a7, -488
core   0: 3 0x80004304 (0xe188aa93) x21 0x00000001
core   0: 0x80004308 (0xff7a10e3) bne     s4, s7, pc - 32
core   0: 3 0x80004308 (0xff7a10e3)
core   0: 0x800042e8 (0x017df9b3) and     s3, s11, s7
core   0: 3 0x800042e8 (0x017df9b3) x19 0x00000010
core   0: 0x800042ec (0x01f32eb3) slt     t4, t1, t6
core   0: 3 0x800042ec (0x01f32eb3) x29 0x00000001
core   0: 0x800042f0 (0xfffa0a13) addi    s4, s4, -1
core   0: 3 0x800042f0 (0xfffa0a13) x20 0xfffffff8
core   0: 0x800042f4 (0x99506493) ori     s1, zero, -1643
core   0: 3 0x800042f4 (0x99506493) x 9 0xfffff995
core   0: 0x800042f8 (0x00d4b9b3) sltu    s3, s1, a3
core   0: 3 0x800042f8 (0x00d4b9b3) x19 0x00000000
core   0: 0x800042fc (0x947aa913) slti    s2, s5, -1721
core   0: 3 0x800042fc (0x947aa913) x18 0x00000000
core   0: 0x80004300 (0x31bd3517) auipc   a0, 0x31bd3
core   0: 3 0x80004300 (0x31bd3517) x10 0xb1bd7300
core   0: 0x80004304 (0xe188aa93) slti    s5, a7, -488
core   0: 3 0x80004304 (0xe188aa93) x21 0x00000001
core   0: 0x80004308 (0xff7a10e3) bne     s4, s7, pc - 32
core   0: 3 0x80004308 (0xff7a10e3)
core   0: 0x800042e8 (0x017df9b3) and     s3, s11, s7
core   0: 3 0x800042e8 (0x017df9b3) x19 0x00000010
core   0: 0x800042ec (0x01f32eb3) slt     t4, t1, t6
core   0: 3 0x800042ec (0x01f32eb3) x29 0x00000001
core   0: 0x800042f0 (0xfffa0a13) addi    s4, s4, -1
core   0: 3 0x800042f0 (0xfffa0a13) x20 0xfffffff7
core   0: 0x800042f4 (0x99506493) ori     s1, zero, -1643
core   0: 3 0x800042f4 (0x99506493) x 9 0xfffff995
core   0: 0x800042f8 (0x00d4b9b3) sltu    s3, s1, a3
core   0: 3 0x800042f8 (0x00d4b9b3) x19 0x00000000
core   0: 0x800042fc (0x947aa913) slti    s2, s5, -1721
core   0: 3 0x800042fc (0x947aa913) x18 0x00000000
core   0: 0x80004300 (0x31bd3517) auipc   a0, 0x31bd3
core   0: 3 0x80004300 (0x31bd3517) x10 0xb1bd7300
core   0: 0x80004304 (0xe188aa93) slti    s5, a7, -488
core   0: 3 0x80004304 (0xe188aa93) x21 0x00000001
core   0: 0x80004308 (0xff7a10e3) bne     s4, s7, pc - 32
core   0: 3 0x80004308 (0xff7a10e3)
core   0: 0x800042e8 (0x017df9b3) and     s3, s11, s7
core   0: 3 0x800042e8 (0x017df9b3) x19 0x00000010
core   0: 0x800042ec (0x01f32eb3) slt     t4, t1, t6
core   0: 3 0x800042ec (0x01f32eb3) x29 0x00000001
core   0: 0x800042f0 (0xfffa0a13) addi    s4, s4, -1
core   0: 3 0x800042f0 (0xfffa0a13) x20 0xfffffff6
core   0: 0x800042f4 (0x99506493) ori     s1, zero, -1643
core   0: 3 0x800042f4 (0x99506493) x 9 0xfffff995
core   0: 0x800042f8 (0x00d4b9b3) sltu    s3, s1, a3
core   0: 3 0x800042f8 (0x00d4b9b3) x19 0x00000000
core   0: 0x800042fc (0x947aa913) slti    s2, s5, -1721
core   0: 3 0x800042fc (0x947aa913) x18 0x00000000
core   0: 0x80004300 (0x31bd3517) auipc   a0, 0x31bd3
core   0: 3 0x80004300 (0x31bd3517) x10 0xb1bd7300
core   0: 0x80004304 (0xe188aa93) slti    s5, a7, -488
core   0: 3 0x80004304 (0xe188aa93) x21 0x00000001
core   0: 0x80004308 (0xff7a10e3) bne     s4, s7, pc - 32
core   0: 3 0x80004308 (0xff7a10e3)
core   0: 0x800042e8 (0x017df9b3) and     s3, s11, s7
core   0: 3 0x800042e8 (0x017df9b3) x19 0x00000010
core   0: 0x800042ec (0x01f32eb3) slt     t4, t1, t6
core   0: 3 0x800042ec (0x01f32eb3) x29 0x00000001
core   0: 0x800042f0 (0xfffa0a13) addi    s4, s4, -1
core   0: 3 0x800042f0 (0xfffa0a13) x20 0xfffffff5
core   0: 0x800042f4 (0x99506493) ori     s1, zero, -1643
core   0: 3 0x800042f4 (0x99506493) x 9 0xfffff995
core   0: 0x800042f8 (0x00d4b9b3) sltu    s3, s1, a3
core   0: 3 0x800042f8 (0x00d4b9b3) x19 0x00000000
core   0: 0x800042fc (0x947aa913) slti    s2, s5, -1721
core   0: 3 0x800042fc (0x947aa913) x18 0x00000000
core   0: 0x80004300 (0x31bd3517) auipc   a0, 0x31bd3
core   0: 3 0x80004300 (0x31bd3517) x10 0xb1bd7300
core   0: 0x80004304 (0xe188aa93) slti    s5, a7, -488
core   0: 3 0x80004304 (0xe188aa93) x21 0x00000001
core   0: 0x80004308 (0xff7a10e3) bne     s4, s7, pc - 32
core   0: 3 0x80004308 (0xff7a10e3)
core   0: 0x800042e8 (0x017df9b3) and     s3, s11, s7
core   0: 3 0x800042e8 (0x017df9b3) x19 0x00000010
core   0: 0x800042ec (0x01f32eb3) slt     t4, t1, t6
core   0: 3 0x800042ec (0x01f32eb3) x29 0x00000001
core   0: 0x800042f0 (0xfffa0a13) addi    s4, s4, -1
core   0: 3 0x800042f0 (0xfffa0a13) x20 0xfffffff4
core   0: 0x800042f4 (0x99506493) ori     s1, zero, -1643
core   0: 3 0x800042f4 (0x99506493) x 9 0xfffff995
core   0: 0x800042f8 (0x00d4b9b3) sltu    s3, s1, a3
core   0: 3 0x800042f8 (0x00d4b9b3) x19 0x00000000
core   0: 0x800042fc (0x947aa913) slti    s2, s5, -1721
core   0: 3 0x800042fc (0x947aa913) x18 0x00000000
core   0: 0x80004300 (0x31bd3517) auipc   a0, 0x31bd3
core   0: 3 0x80004300 (0x31bd3517) x10 0xb1bd7300
core   0: 0x80004304 (0xe188aa93) slti    s5, a7, -488
core   0: 3 0x80004304 (0xe188aa93) x21 0x00000001
core   0: 0x80004308 (0xff7a10e3) bne     s4, s7, pc - 32
core   0: 3 0x80004308 (0xff7a10e3)
core   0: 0x800042e8 (0x017df9b3) and     s3, s11, s7
core   0: 3 0x800042e8 (0x017df9b3) x19 0x00000010
core   0: 0x800042ec (0x01f32eb3) slt     t4, t1, t6
core   0: 3 0x800042ec (0x01f32eb3) x29 0x00000001
core   0: 0x800042f0 (0xfffa0a13) addi    s4, s4, -1
core   0: 3 0x800042f0 (0xfffa0a13) x20 0xfffffff3
core   0: 0x800042f4 (0x99506493) ori     s1, zero, -1643
core   0: 3 0x800042f4 (0x99506493) x 9 0xfffff995
core   0: 0x800042f8 (0x00d4b9b3) sltu    s3, s1, a3
core   0: 3 0x800042f8 (0x00d4b9b3) x19 0x00000000
core   0: 0x800042fc (0x947aa913) slti    s2, s5, -1721
core   0: 3 0x800042fc (0x947aa913) x18 0x00000000
core   0: 0x80004300 (0x31bd3517) auipc   a0, 0x31bd3
core   0: 3 0x80004300 (0x31bd3517) x10 0xb1bd7300
core   0: 0x80004304 (0xe188aa93) slti    s5, a7, -488
core   0: 3 0x80004304 (0xe188aa93) x21 0x00000001
core   0: 0x80004308 (0xff7a10e3) bne     s4, s7, pc - 32
core   0: 3 0x80004308 (0xff7a10e3)
core   0: 0x800042e8 (0x017df9b3) and     s3, s11, s7
core   0: 3 0x800042e8 (0x017df9b3) x19 0x00000010
core   0: 0x800042ec (0x01f32eb3) slt     t4, t1, t6
core   0: 3 0x800042ec (0x01f32eb3) x29 0x00000001
core   0: 0x800042f0 (0xfffa0a13) addi    s4, s4, -1
core   0: 3 0x800042f0 (0xfffa0a13) x20 0xfffffff2
core   0: 0x800042f4 (0x99506493) ori     s1, zero, -1643
core   0: 3 0x800042f4 (0x99506493) x 9 0xfffff995
core   0: 0x800042f8 (0x00d4b9b3) sltu    s3, s1, a3
core   0: 3 0x800042f8 (0x00d4b9b3) x19 0x00000000
core   0: 0x800042fc (0x947aa913) slti    s2, s5, -1721
core   0: 3 0x800042fc (0x947aa913) x18 0x00000000
core   0: 0x80004300 (0x31bd3517) auipc   a0, 0x31bd3
core   0: 3 0x80004300 (0x31bd3517) x10 0xb1bd7300
core   0: 0x80004304 (0xe188aa93) slti    s5, a7, -488
core   0: 3 0x80004304 (0xe188aa93) x21 0x00000001
core   0: 0x80004308 (0xff7a10e3) bne     s4, s7, pc - 32
core   0: 3 0x80004308 (0xff7a10e3)
core   0: 0x800042e8 (0x017df9b3) and     s3, s11, s7
core   0: 3 0x800042e8 (0x017df9b3) x19 0x00000010
core   0: 0x800042ec (0x01f32eb3) slt     t4, t1, t6
core   0: 3 0x800042ec (0x01f32eb3) x29 0x00000001
core   0: 0x800042f0 (0xfffa0a13) addi    s4, s4, -1
core   0: 3 0x800042f0 (0xfffa0a13) x20 0xfffffff1
core   0: 0x800042f4 (0x99506493) ori     s1, zero, -1643
core   0: 3 0x800042f4 (0x99506493) x 9 0xfffff995
core   0: 0x800042f8 (0x00d4b9b3) sltu    s3, s1, a3
core   0: 3 0x800042f8 (0x00d4b9b3) x19 0x00000000
core   0: 0x800042fc (0x947aa913) slti    s2, s5, -1721
core   0: 3 0x800042fc (0x947aa913) x18 0x00000000
core   0: 0x80004300 (0x31bd3517) auipc   a0, 0x31bd3
core   0: 3 0x80004300 (0x31bd3517) x10 0xb1bd7300
core   0: 0x80004304 (0xe188aa93) slti    s5, a7, -488
core   0: 3 0x80004304 (0xe188aa93) x21 0x00000001
core   0: 0x80004308 (0xff7a10e3) bne     s4, s7, pc - 32
core   0: 3 0x80004308 (0xff7a10e3)
core   0: 0x8000430c (0x403b5e13) srai    t3, s6, 3
core   0: 3 0x8000430c (0x403b5e13) x28 0x00000000
core   0: 0x80004310 (0xff600093) li      ra, -10
core   0: 3 0x80004310 (0xff600093) x 1 0xfffffff6
core   0: 0x80004314 (0x86470393) addi    t2, a4, -1948
core   0: 3 0x80004314 (0x86470393) x 7 0xfffff864
core   0: 0x80004318 (0x00d6a733) slt     a4, a3, a3
core   0: 3 0x80004318 (0x00d6a733) x14 0x00000000
core   0: 0x8000431c (0x00ffe133) or      sp, t6, a5
core   0: 3 0x8000431c (0x00ffe133) x 2 0xfffffffe
core   0: 0x80004320 (0xff100213) li      tp, -15
core   0: 3 0x80004320 (0xff100213) x 4 0xfffffff1
core   0: 0x80004324 (0xacedb517) auipc   a0, 0xacedb
core   0: 3 0x80004324 (0xacedb517) x10 0x2cedf324
core   0: 0x80004328 (0x1574d937) lui     s2, 0x1574d
core   0: 3 0x80004328 (0x1574d937) x18 0x1574d000
core   0: 0x8000432c (0x002fd293) srli    t0, t6, 2
core   0: 3 0x8000432c (0x002fd293) x 5 0x3ffffffe
core   0: 0x80004330 (0xffb08093) addi    ra, ra, -5
core   0: 3 0x80004330 (0xffb08093) x 1 0xfffffff1
core   0: 0x80004334 (0x68acb417) auipc   s0, 0x68acb
core   0: 3 0x80004334 (0x68acb417) x 8 0xe8acf334
core   0: 0x80004338 (0x0ff0000f) fence   iorw,iorw
core   0: 3 0x80004338 (0x0ff0000f)
core   0: 0x8000433c (0x00400f13) li      t5, 4
core   0: 3 0x8000433c (0x00400f13) x30 0x00000004
core   0: 0x80004340 (0x00200a93) li      s5, 2
core   0: 3 0x80004340 (0x00200a93) x21 0x00000002
core   0: 0x80004344 (0x01cea6b3) slt     a3, t4, t3
core   0: 3 0x80004344 (0x01cea6b3) x13 0x00000000
core   0: 0x80004348 (0x00000013) nop
core   0: 3 0x80004348 (0x00000013)
core   0: 0x8000434c (0x0ff0000f) fence   iorw,iorw
core   0: 3 0x8000434c (0x0ff0000f)
core   0: 0x80004350 (0x00e082b3) add     t0, ra, a4
core   0: 3 0x80004350 (0x00e082b3) x 5 0xfffffff1
core   0: 0x80004354 (0xffef0f13) addi    t5, t5, -2
core   0: 3 0x80004354 (0xffef0f13) x30 0x00000002
core   0: 0x80004358 (0x98463393) sltiu   t2, a2, -1660
core   0: 3 0x80004358 (0x98463393) x 7 0x00000001
core   0: 0x8000435c (0x00000013) nop
core   0: 3 0x8000435c (0x00000013)
core   0: 0x80004360 (0x8377acb7) lui     s9, 0x8377a
core   0: 3 0x80004360 (0x8377acb7) x25 0x8377a000
core   0: 0x80004364 (0xff5f02e3) beq     t5, s5, pc - 28
core   0: 3 0x80004364 (0xff5f02e3)
core   0: 0x80004348 (0x00000013) nop
core   0: 3 0x80004348 (0x00000013)
core   0: 0x8000434c (0x0ff0000f) fence   iorw,iorw
core   0: 3 0x8000434c (0x0ff0000f)
core   0: 0x80004350 (0x00e082b3) add     t0, ra, a4
core   0: 3 0x80004350 (0x00e082b3) x 5 0xfffffff1
core   0: 0x80004354 (0xffef0f13) addi    t5, t5, -2
core   0: 3 0x80004354 (0xffef0f13) x30 0x00000000
core   0: 0x80004358 (0x98463393) sltiu   t2, a2, -1660
core   0: 3 0x80004358 (0x98463393) x 7 0x00000001
core   0: 0x8000435c (0x00000013) nop
core   0: 3 0x8000435c (0x00000013)
core   0: 0x80004360 (0x8377acb7) lui     s9, 0x8377a
core   0: 3 0x80004360 (0x8377acb7) x25 0x8377a000
core   0: 0x80004364 (0xff5f02e3) beq     t5, s5, pc - 28
core   0: 3 0x80004364 (0xff5f02e3)
core   0: 0x80004368 (0x01e85d13) srli    s10, a6, 30
core   0: 3 0x80004368 (0x01e85d13) x26 0x00000002
core   0: 0x8000436c (0xfa40dee3) bge     ra, tp, pc - 68
core   0: 3 0x8000436c (0xfa40dee3)
core   0: 0x80004328 (0x1574d937) lui     s2, 0x1574d
core   0: 3 0x80004328 (0x1574d937) x18 0x1574d000
core   0: 0x8000432c (0x002fd293) srli    t0, t6, 2
core   0: 3 0x8000432c (0x002fd293) x 5 0x3ffffffe
core   0: 0x80004330 (0xffb08093) addi    ra, ra, -5
core   0: 3 0x80004330 (0xffb08093) x 1 0xffffffec
core   0: 0x80004334 (0x68acb417) auipc   s0, 0x68acb
core   0: 3 0x80004334 (0x68acb417) x 8 0xe8acf334
core   0: 0x80004338 (0x0ff0000f) fence   iorw,iorw
core   0: 3 0x80004338 (0x0ff0000f)
core   0: 0x8000433c (0x00400f13) li      t5, 4
core   0: 3 0x8000433c (0x00400f13) x30 0x00000004
core   0: 0x80004340 (0x00200a93) li      s5, 2
core   0: 3 0x80004340 (0x00200a93) x21 0x00000002
core   0: 0x80004344 (0x01cea6b3) slt     a3, t4, t3
core   0: 3 0x80004344 (0x01cea6b3) x13 0x00000000
core   0: 0x80004348 (0x00000013) nop
core   0: 3 0x80004348 (0x00000013)
core   0: 0x8000434c (0x0ff0000f) fence   iorw,iorw
core   0: 3 0x8000434c (0x0ff0000f)
core   0: 0x80004350 (0x00e082b3) add     t0, ra, a4
core   0: 3 0x80004350 (0x00e082b3) x 5 0xffffffec
core   0: 0x80004354 (0xffef0f13) addi    t5, t5, -2
core   0: 3 0x80004354 (0xffef0f13) x30 0x00000002
core   0: 0x80004358 (0x98463393) sltiu   t2, a2, -1660
core   0: 3 0x80004358 (0x98463393) x 7 0x00000001
core   0: 0x8000435c (0x00000013) nop
core   0: 3 0x8000435c (0x00000013)
core   0: 0x80004360 (0x8377acb7) lui     s9, 0x8377a
core   0: 3 0x80004360 (0x8377acb7) x25 0x8377a000
core   0: 0x80004364 (0xff5f02e3) beq     t5, s5, pc - 28
core   0: 3 0x80004364 (0xff5f02e3)
core   0: 0x80004348 (0x00000013) nop
core   0: 3 0x80004348 (0x00000013)
core   0: 0x8000434c (0x0ff0000f) fence   iorw,iorw
core   0: 3 0x8000434c (0x0ff0000f)
core   0: 0x80004350 (0x00e082b3) add     t0, ra, a4
core   0: 3 0x80004350 (0x00e082b3) x 5 0xffffffec
core   0: 0x80004354 (0xffef0f13) addi    t5, t5, -2
core   0: 3 0x80004354 (0xffef0f13) x30 0x00000000
core   0: 0x80004358 (0x98463393) sltiu   t2, a2, -1660
core   0: 3 0x80004358 (0x98463393) x 7 0x00000001
core   0: 0x8000435c (0x00000013) nop
core   0: 3 0x8000435c (0x00000013)
core   0: 0x80004360 (0x8377acb7) lui     s9, 0x8377a
core   0: 3 0x80004360 (0x8377acb7) x25 0x8377a000
core   0: 0x80004364 (0xff5f02e3) beq     t5, s5, pc - 28
core   0: 3 0x80004364 (0xff5f02e3)
core   0: 0x80004368 (0x01e85d13) srli    s10, a6, 30
core   0: 3 0x80004368 (0x01e85d13) x26 0x00000002
core   0: 0x8000436c (0xfa40dee3) bge     ra, tp, pc - 68
core   0: 3 0x8000436c (0xfa40dee3)
core   0: 0x80004370 (0x6cfff137) lui     sp, 0x6cfff
core   0: 3 0x80004370 (0x6cfff137) x 2 0x6cfff000
core   0: 0x80004374 (0x00700413) li      s0, 7
core   0: 3 0x80004374 (0x00700413) x 8 0x00000007
core   0: 0x80004378 (0x00e00d93) li      s11, 14
core   0: 3 0x80004378 (0x00e00d93) x27 0x0000000e
core   0: 0x8000437c (0x1f170193) addi    gp, a4, 497
core   0: 3 0x8000437c (0x1f170193) x 3 0x000001f1
core   0: 0x80004380 (0xda24de17) auipc   t3, 0xda24d
core   0: 3 0x80004380 (0xda24de17) x28 0x5a251380
core   0: 0x80004384 (0x00140413) addi    s0, s0, 1
core   0: 3 0x80004384 (0x00140413) x 8 0x00000008
core   0: 0x80004388 (0xffb40ae3) beq     s0, s11, pc - 12
core   0: 3 0x80004388 (0xffb40ae3)
core   0: 0x8000438c (0x64c22f13) slti    t5, tp, 1612
core   0: 3 0x8000438c (0x64c22f13) x30 0x00000001
core   0: 0x80004390 (0xffa00493) li      s1, -6
core   0: 3 0x80004390 (0xffa00493) x 9 0xfffffffa
core   0: 0x80004394 (0xff200c93) li      s9, -14
core   0: 3 0x80004394 (0xff200c93) x25 0xfffffff2
core   0: 0x80004398 (0x6f920113) addi    sp, tp, 1785
core   0: 3 0x80004398 (0x6f920113) x 2 0x000006ea
core   0: 0x8000439c (0x7a5f6d93) ori     s11, t5, 1957
core   0: 3 0x8000439c (0x7a5f6d93) x27 0x000007a5
core   0: 0x800043a0 (0xff648493) addi    s1, s1, -10
core   0: 3 0x800043a0 (0xff648493) x 9 0xfffffff0
core   0: 0x800043a4 (0x00fcf733) and     a4, s9, a5
core   0: 3 0x800043a4 (0x00fcf733) x14 0x80024e00
core   0: 0x800043a8 (0xff800a93) li      s5, -8
core   0: 3 0x800043a8 (0xff800a93) x21 0xfffffff8
core   0: 0x800043ac (0xfef00613) li      a2, -17
core   0: 3 0x800043ac (0xfef00613) x12 0xffffffef
core   0: 0x800043b0 (0x00000013) nop
core   0: 3 0x800043b0 (0x00000013)
core   0: 0x800043b4 (0x01382733) slt     a4, a6, s3
core   0: 3 0x800043b4 (0x01382733) x14 0x00000001
core   0: 0x800043b8 (0xff7a8a93) addi    s5, s5, -9
core   0: 3 0x800043b8 (0xff7a8a93) x21 0xffffffef
core   0: 0x800043bc (0xf24b3d97) auipc   s11, 0xf24b3
core   0: 3 0x800043bc (0xf24b3d97) x27 0x724b73bc
core   0: 0x800043c0 (0xfecadae3) bge     s5, a2, pc - 12
core   0: 3 0x800043c0 (0xfecadae3)
core   0: 0x800043b4 (0x01382733) slt     a4, a6, s3
core   0: 3 0x800043b4 (0x01382733) x14 0x00000001
core   0: 0x800043b8 (0xff7a8a93) addi    s5, s5, -9
core   0: 3 0x800043b8 (0xff7a8a93) x21 0xffffffe6
core   0: 0x800043bc (0xf24b3d97) auipc   s11, 0xf24b3
core   0: 3 0x800043bc (0xf24b3d97) x27 0x724b73bc
core   0: 0x800043c0 (0xfecadae3) bge     s5, a2, pc - 12
core   0: 3 0x800043c0 (0xfecadae3)
core   0: 0x800043c4 (0xfd94dce3) bge     s1, s9, pc - 40
core   0: 3 0x800043c4 (0xfd94dce3)
core   0: 0x800043c8 (0x01ce9033) sll     zero, t4, t3
core   0: 3 0x800043c8 (0x01ce9033)
core   0: 0x800043cc (0x00800913) li      s2, 8
core   0: 3 0x800043cc (0x00800913) x18 0x00000008
core   0: 0x800043d0 (0x0ff0000f) fence   iorw,iorw
core   0: 3 0x800043d0 (0x0ff0000f)
core   0: 0x800043d4 (0xff800293) li      t0, -8
core   0: 3 0x800043d4 (0xff800293) x 5 0xfffffff8
core   0: 0x800043d8 (0x0040cfb3) xor     t6, ra, tp
core   0: 3 0x800043d8 (0x0040cfb3) x31 0x0000001d
core   0: 0x800043dc (0x00f4ee33) or      t3, s1, a5
core   0: 3 0x800043dc (0x00f4ee33) x28 0xfffffff4
core   0: 0x800043e0 (0xffc90913) addi    s2, s2, -4
core   0: 3 0x800043e0 (0xffc90913) x18 0x00000004
core   0: 0x800043e4 (0x00200613) li      a2, 2
core   0: 3 0x800043e4 (0x00200613) x12 0x00000002
core   0: 0x800043e8 (0x00600e93) li      t4, 6
core   0: 3 0x800043e8 (0x00600e93) x29 0x00000006
core   0: 0x800043ec (0x00df7bb3) and     s7, t5, a3
core   0: 3 0x800043ec (0x00df7bb3) x23 0x00000000
core   0: 0x800043f0 (0x007dbc33) sltu    s8, s11, t2
core   0: 3 0x800043f0 (0x007dbc33) x24 0x00000000
core   0: 0x800043f4 (0x4b751e37) lui     t3, 0x4b751
core   0: 3 0x800043f4 (0x4b751e37) x28 0x4b751000
core   0: 0x800043f8 (0x01aa1013) slli    zero, s4, 26
core   0: 3 0x800043f8 (0x01aa1013)
core   0: 0x800043fc (0x00460613) addi    a2, a2, 4
core   0: 3 0x800043fc (0x00460613) x12 0x00000006
core   0: 0x80004400 (0xffd608e3) beq     a2, t4, pc - 16
core   0: 3 0x80004400 (0xffd608e3)
core   0: 0x800043f0 (0x007dbc33) sltu    s8, s11, t2
core   0: 3 0x800043f0 (0x007dbc33) x24 0x00000000
core   0: 0x800043f4 (0x4b751e37) lui     t3, 0x4b751
core   0: 3 0x800043f4 (0x4b751e37) x28 0x4b751000
core   0: 0x800043f8 (0x01aa1013) slli    zero, s4, 26
core   0: 3 0x800043f8 (0x01aa1013)
core   0: 0x800043fc (0x00460613) addi    a2, a2, 4
core   0: 3 0x800043fc (0x00460613) x12 0x0000000a
core   0: 0x80004400 (0xffd608e3) beq     a2, t4, pc - 16
core   0: 3 0x80004400 (0xffd608e3)
core   0: 0x80004404 (0x00345593) srli    a1, s0, 3
core   0: 3 0x80004404 (0x00345593) x11 0x00000001
core   0: 0x80004408 (0x011f5cb3) srl     s9, t5, a7
core   0: 3 0x80004408 (0x011f5cb3) x25 0x00000000
core   0: 0x8000440c (0xfc5956e3) bge     s2, t0, pc - 52
core   0: 3 0x8000440c (0xfc5956e3)
core   0: 0x800043d8 (0x0040cfb3) xor     t6, ra, tp
core   0: 3 0x800043d8 (0x0040cfb3) x31 0x0000001d
core   0: 0x800043dc (0x00f4ee33) or      t3, s1, a5
core   0: 3 0x800043dc (0x00f4ee33) x28 0xfffffff4
core   0: 0x800043e0 (0xffc90913) addi    s2, s2, -4
core   0: 3 0x800043e0 (0xffc90913) x18 0x00000000
core   0: 0x800043e4 (0x00200613) li      a2, 2
core   0: 3 0x800043e4 (0x00200613) x12 0x00000002
core   0: 0x800043e8 (0x00600e93) li      t4, 6
core   0: 3 0x800043e8 (0x00600e93) x29 0x00000006
core   0: 0x800043ec (0x00df7bb3) and     s7, t5, a3
core   0: 3 0x800043ec (0x00df7bb3) x23 0x00000000
core   0: 0x800043f0 (0x007dbc33) sltu    s8, s11, t2
core   0: 3 0x800043f0 (0x007dbc33) x24 0x00000000
core   0: 0x800043f4 (0x4b751e37) lui     t3, 0x4b751
core   0: 3 0x800043f4 (0x4b751e37) x28 0x4b751000
core   0: 0x800043f8 (0x01aa1013) slli    zero, s4, 26
core   0: 3 0x800043f8 (0x01aa1013)
core   0: 0x800043fc (0x00460613) addi    a2, a2, 4
core   0: 3 0x800043fc (0x00460613) x12 0x00000006
core   0: 0x80004400 (0xffd608e3) beq     a2, t4, pc - 16
core   0: 3 0x80004400 (0xffd608e3)
core   0: 0x800043f0 (0x007dbc33) sltu    s8, s11, t2
core   0: 3 0x800043f0 (0x007dbc33) x24 0x00000000
core   0: 0x800043f4 (0x4b751e37) lui     t3, 0x4b751
core   0: 3 0x800043f4 (0x4b751e37) x28 0x4b751000
core   0: 0x800043f8 (0x01aa1013) slli    zero, s4, 26
core   0: 3 0x800043f8 (0x01aa1013)
core   0: 0x800043fc (0x00460613) addi    a2, a2, 4
core   0: 3 0x800043fc (0x00460613) x12 0x0000000a
core   0: 0x80004400 (0xffd608e3) beq     a2, t4, pc - 16
core   0: 3 0x80004400 (0xffd608e3)
core   0: 0x80004404 (0x00345593) srli    a1, s0, 3
core   0: 3 0x80004404 (0x00345593) x11 0x00000001
core   0: 0x80004408 (0x011f5cb3) srl     s9, t5, a7
core   0: 3 0x80004408 (0x011f5cb3) x25 0x00000000
core   0: 0x8000440c (0xfc5956e3) bge     s2, t0, pc - 52
core   0: 3 0x8000440c (0xfc5956e3)
core   0: 0x800043d8 (0x0040cfb3) xor     t6, ra, tp
core   0: 3 0x800043d8 (0x0040cfb3) x31 0x0000001d
core   0: 0x800043dc (0x00f4ee33) or      t3, s1, a5
core   0: 3 0x800043dc (0x00f4ee33) x28 0xfffffff4
core   0: 0x800043e0 (0xffc90913) addi    s2, s2, -4
core   0: 3 0x800043e0 (0xffc90913) x18 0xfffffffc
core   0: 0x800043e4 (0x00200613) li      a2, 2
core   0: 3 0x800043e4 (0x00200613) x12 0x00000002
core   0: 0x800043e8 (0x00600e93) li      t4, 6
core   0: 3 0x800043e8 (0x00600e93) x29 0x00000006
core   0: 0x800043ec (0x00df7bb3) and     s7, t5, a3
core   0: 3 0x800043ec (0x00df7bb3) x23 0x00000000
core   0: 0x800043f0 (0x007dbc33) sltu    s8, s11, t2
core   0: 3 0x800043f0 (0x007dbc33) x24 0x00000000
core   0: 0x800043f4 (0x4b751e37) lui     t3, 0x4b751
core   0: 3 0x800043f4 (0x4b751e37) x28 0x4b751000
core   0: 0x800043f8 (0x01aa1013) slli    zero, s4, 26
core   0: 3 0x800043f8 (0x01aa1013)
core   0: 0x800043fc (0x00460613) addi    a2, a2, 4
core   0: 3 0x800043fc (0x00460613) x12 0x00000006
core   0: 0x80004400 (0xffd608e3) beq     a2, t4, pc - 16
core   0: 3 0x80004400 (0xffd608e3)
core   0: 0x800043f0 (0x007dbc33) sltu    s8, s11, t2
core   0: 3 0x800043f0 (0x007dbc33) x24 0x00000000
core   0: 0x800043f4 (0x4b751e37) lui     t3, 0x4b751
core   0: 3 0x800043f4 (0x4b751e37) x28 0x4b751000
core   0: 0x800043f8 (0x01aa1013) slli    zero, s4, 26
core   0: 3 0x800043f8 (0x01aa1013)
core   0: 0x800043fc (0x00460613) addi    a2, a2, 4
core   0: 3 0x800043fc (0x00460613) x12 0x0000000a
core   0: 0x80004400 (0xffd608e3) beq     a2, t4, pc - 16
core   0: 3 0x80004400 (0xffd608e3)
core   0: 0x80004404 (0x00345593) srli    a1, s0, 3
core   0: 3 0x80004404 (0x00345593) x11 0x00000001
core   0: 0x80004408 (0x011f5cb3) srl     s9, t5, a7
core   0: 3 0x80004408 (0x011f5cb3) x25 0x00000000
core   0: 0x8000440c (0xfc5956e3) bge     s2, t0, pc - 52
core   0: 3 0x8000440c (0xfc5956e3)
core   0: 0x800043d8 (0x0040cfb3) xor     t6, ra, tp
core   0: 3 0x800043d8 (0x0040cfb3) x31 0x0000001d
core   0: 0x800043dc (0x00f4ee33) or      t3, s1, a5
core   0: 3 0x800043dc (0x00f4ee33) x28 0xfffffff4
core   0: 0x800043e0 (0xffc90913) addi    s2, s2, -4
core   0: 3 0x800043e0 (0xffc90913) x18 0xfffffff8
core   0: 0x800043e4 (0x00200613) li      a2, 2
core   0: 3 0x800043e4 (0x00200613) x12 0x00000002
core   0: 0x800043e8 (0x00600e93) li      t4, 6
core   0: 3 0x800043e8 (0x00600e93) x29 0x00000006
core   0: 0x800043ec (0x00df7bb3) and     s7, t5, a3
core   0: 3 0x800043ec (0x00df7bb3) x23 0x00000000
core   0: 0x800043f0 (0x007dbc33) sltu    s8, s11, t2
core   0: 3 0x800043f0 (0x007dbc33) x24 0x00000000
core   0: 0x800043f4 (0x4b751e37) lui     t3, 0x4b751
core   0: 3 0x800043f4 (0x4b751e37) x28 0x4b751000
core   0: 0x800043f8 (0x01aa1013) slli    zero, s4, 26
core   0: 3 0x800043f8 (0x01aa1013)
core   0: 0x800043fc (0x00460613) addi    a2, a2, 4
core   0: 3 0x800043fc (0x00460613) x12 0x00000006
core   0: 0x80004400 (0xffd608e3) beq     a2, t4, pc - 16
core   0: 3 0x80004400 (0xffd608e3)
core   0: 0x800043f0 (0x007dbc33) sltu    s8, s11, t2
core   0: 3 0x800043f0 (0x007dbc33) x24 0x00000000
core   0: 0x800043f4 (0x4b751e37) lui     t3, 0x4b751
core   0: 3 0x800043f4 (0x4b751e37) x28 0x4b751000
core   0: 0x800043f8 (0x01aa1013) slli    zero, s4, 26
core   0: 3 0x800043f8 (0x01aa1013)
core   0: 0x800043fc (0x00460613) addi    a2, a2, 4
core   0: 3 0x800043fc (0x00460613) x12 0x0000000a
core   0: 0x80004400 (0xffd608e3) beq     a2, t4, pc - 16
core   0: 3 0x80004400 (0xffd608e3)
core   0: 0x80004404 (0x00345593) srli    a1, s0, 3
core   0: 3 0x80004404 (0x00345593) x11 0x00000001
core   0: 0x80004408 (0x011f5cb3) srl     s9, t5, a7
core   0: 3 0x80004408 (0x011f5cb3) x25 0x00000000
core   0: 0x8000440c (0xfc5956e3) bge     s2, t0, pc - 52
core   0: 3 0x8000440c (0xfc5956e3)
core   0: 0x800043d8 (0x0040cfb3) xor     t6, ra, tp
core   0: 3 0x800043d8 (0x0040cfb3) x31 0x0000001d
core   0: 0x800043dc (0x00f4ee33) or      t3, s1, a5
core   0: 3 0x800043dc (0x00f4ee33) x28 0xfffffff4
core   0: 0x800043e0 (0xffc90913) addi    s2, s2, -4
core   0: 3 0x800043e0 (0xffc90913) x18 0xfffffff4
core   0: 0x800043e4 (0x00200613) li      a2, 2
core   0: 3 0x800043e4 (0x00200613) x12 0x00000002
core   0: 0x800043e8 (0x00600e93) li      t4, 6
core   0: 3 0x800043e8 (0x00600e93) x29 0x00000006
core   0: 0x800043ec (0x00df7bb3) and     s7, t5, a3
core   0: 3 0x800043ec (0x00df7bb3) x23 0x00000000
core   0: 0x800043f0 (0x007dbc33) sltu    s8, s11, t2
core   0: 3 0x800043f0 (0x007dbc33) x24 0x00000000
core   0: 0x800043f4 (0x4b751e37) lui     t3, 0x4b751
core   0: 3 0x800043f4 (0x4b751e37) x28 0x4b751000
core   0: 0x800043f8 (0x01aa1013) slli    zero, s4, 26
core   0: 3 0x800043f8 (0x01aa1013)
core   0: 0x800043fc (0x00460613) addi    a2, a2, 4
core   0: 3 0x800043fc (0x00460613) x12 0x00000006
core   0: 0x80004400 (0xffd608e3) beq     a2, t4, pc - 16
core   0: 3 0x80004400 (0xffd608e3)
core   0: 0x800043f0 (0x007dbc33) sltu    s8, s11, t2
core   0: 3 0x800043f0 (0x007dbc33) x24 0x00000000
core   0: 0x800043f4 (0x4b751e37) lui     t3, 0x4b751
core   0: 3 0x800043f4 (0x4b751e37) x28 0x4b751000
core   0: 0x800043f8 (0x01aa1013) slli    zero, s4, 26
core   0: 3 0x800043f8 (0x01aa1013)
core   0: 0x800043fc (0x00460613) addi    a2, a2, 4
core   0: 3 0x800043fc (0x00460613) x12 0x0000000a
core   0: 0x80004400 (0xffd608e3) beq     a2, t4, pc - 16
core   0: 3 0x80004400 (0xffd608e3)
core   0: 0x80004404 (0x00345593) srli    a1, s0, 3
core   0: 3 0x80004404 (0x00345593) x11 0x00000001
core   0: 0x80004408 (0x011f5cb3) srl     s9, t5, a7
core   0: 3 0x80004408 (0x011f5cb3) x25 0x00000000
core   0: 0x8000440c (0xfc5956e3) bge     s2, t0, pc - 52
core   0: 3 0x8000440c (0xfc5956e3)
core   0: 0x80004410 (0x00000013) nop
core   0: 3 0x80004410 (0x00000013)
core   0: 0x80004414 (0x00600b93) li      s7, 6
core   0: 3 0x80004414 (0x00600b93) x23 0x00000006
core   0: 0x80004418 (0x00db8e33) add     t3, s7, a3
core   0: 3 0x80004418 (0x00db8e33) x28 0x00000006
core   0: 0x8000441c (0xe64ce137) lui     sp, 0xe64ce
core   0: 3 0x8000441c (0xe64ce137) x 2 0xe64ce000
core   0: 0x80004420 (0x40c1db33) sra     s6, gp, a2
core   0: 3 0x80004420 (0x40c1db33) x22 0x00000000
core   0: 0x80004424 (0x01a8b033) sltu    zero, a7, s10
core   0: 3 0x80004424 (0x01a8b033)
core   0: 0x80004428 (0x00500593) li      a1, 5
core   0: 3 0x80004428 (0x00500593) x11 0x00000005
core   0: 0x8000442c (0xdc9e8713) addi    a4, t4, -567
core   0: 3 0x8000442c (0xdc9e8713) x14 0xfffffdcf
core   0: 0x80004430 (0x00149533) sll     a0, s1, ra
core   0: 3 0x80004430 (0x00149533) x10 0xffff0000
core   0: 0x80004434 (0xd4583713) sltiu   a4, a6, -699
core   0: 3 0x80004434 (0xd4583713) x14 0x00000001
core   0: 0x80004438 (0x43e8bb13) sltiu   s6, a7, 1086
core   0: 3 0x80004438 (0x43e8bb13) x22 0x00000000
core   0: 0x8000443c (0x00000013) nop
core   0: 3 0x8000443c (0x00000013)
core   0: 0x80004440 (0x57093393) sltiu   t2, s2, 1392
core   0: 3 0x80004440 (0x57093393) x 7 0x00000000
core   0: 0x80004444 (0x0ff0000f) fence   iorw,iorw
core   0: 3 0x80004444 (0x0ff0000f)
core   0: 0x80004448 (0x00c77a33) and     s4, a4, a2
core   0: 3 0x80004448 (0x00c77a33) x20 0x00000000
core   0: 0x8000444c (0xffdb8b93) addi    s7, s7, -3
core   0: 3 0x8000444c (0xffdb8b93) x23 0x00000003
core   0: 0x80004450 (0xd22f2713) slti    a4, t5, -734
core   0: 3 0x80004450 (0xd22f2713) x14 0x00000000
core   0: 0x80004454 (0x01095713) srli    a4, s2, 16
core   0: 3 0x80004454 (0x01095713) x14 0x0000ffff
core   0: 0x80004458 (0x1072b293) sltiu   t0, t0, 263
core   0: 3 0x80004458 (0x1072b293) x 5 0x00000000
core   0: 0x8000445c (0xbda70213) addi    tp, a4, -1062
core   0: 3 0x8000445c (0xbda70213) x 4 0x0000fbd9
core   0: 0x80004460 (0x41db83b3) sub     t2, s7, t4
core   0: 3 0x80004460 (0x41db83b3) x 7 0xfffffffd
core   0: 0x80004464 (0xfcbbf4e3) bgeu    s7, a1, pc - 56
core   0: 3 0x80004464 (0xfcbbf4e3)
core   0: 0x80004468 (0x00089c33) sll     s8, a7, zero
core   0: 3 0x80004468 (0x00089c33) x24 0x80028ce4
core   0: 0x8000446c (0xffa00293) li      t0, -6
core   0: 3 0x8000446c (0xffa00293) x 5 0xfffffffa
core   0: 0x80004470 (0xffb00913) li      s2, -5
core   0: 3 0x80004470 (0xffb00913) x18 0xfffffffb
core   0: 0x80004474 (0x00b77a33) and     s4, a4, a1
core   0: 3 0x80004474 (0x00b77a33) x20 0x00000005
core   0: 0x80004478 (0x003611b3) sll     gp, a2, gp
core   0: 3 0x80004478 (0x003611b3) x 3 0x00140000
core   0: 0x8000447c (0xa3b91b37) lui     s6, 0xa3b91
core   0: 3 0x8000447c (0xa3b91b37) x22 0xa3b91000
core   0: 0x80004480 (0x0000100f) fence.i
core   0: 3 0x80004480 (0x0000100f)
core   0: 0x80004484 (0x00128293) addi    t0, t0, 1
core   0: 3 0x80004484 (0x00128293) x 5 0xfffffffb
core   0: 0x80004488 (0x41d003b3) sub     t2, zero, t4
core   0: 3 0x80004488 (0x41d003b3) x 7 0xfffffffa
core   0: 0x8000448c (0x9ce20713) addi    a4, tp, -1586
core   0: 3 0x8000448c (0x9ce20713) x14 0x0000f5a7
core   0: 0x80004490 (0x00a00a93) li      s5, 10
core   0: 3 0x80004490 (0x00a00a93) x21 0x0000000a
core   0: 0x80004494 (0x00a00993) li      s3, 10
core   0: 3 0x80004494 (0x00a00993) x19 0x0000000a
core   0: 0x80004498 (0x00e32133) slt     sp, t1, a4
core   0: 3 0x80004498 (0x00e32133) x 2 0x00000001
core   0: 0x8000449c (0xf58cbf93) sltiu   t6, s9, -168
core   0: 3 0x8000449c (0xf58cbf93) x31 0x00000001
core   0: 0x800044a0 (0x01ff8fb3) add     t6, t6, t6
core   0: 3 0x800044a0 (0x01ff8fb3) x31 0x00000002
core   0: 0x800044a4 (0xffaa8a93) addi    s5, s5, -6
core   0: 3 0x800044a4 (0xffaa8a93) x21 0x00000004
core   0: 0x800044a8 (0x1c2de013) ori     zero, s11, 450
core   0: 3 0x800044a8 (0x1c2de013)
core   0: 0x800044ac (0x01a7f733) and     a4, a5, s10
core   0: 3 0x800044ac (0x01a7f733) x14 0x00000000
core   0: 0x800044b0 (0xff3af8e3) bgeu    s5, s3, pc - 16
core   0: 3 0x800044b0 (0xff3af8e3)
core   0: 0x800044b4 (0x00856b33) or      s6, a0, s0
core   0: 3 0x800044b4 (0x00856b33) x22 0xffff0008
core   0: 0x800044b8 (0x0000100f) fence.i
core   0: 3 0x800044b8 (0x0000100f)
core   0: 0x800044bc (0xfd2290e3) bne     t0, s2, pc - 64
core   0: 3 0x800044bc (0xfd2290e3)
core   0: 0x800044c0 (0x004543b3) xor     t2, a0, tp
core   0: 3 0x800044c0 (0x004543b3) x 7 0xfffffbd9
core   0: 0x800044c4 (0x00000513) li      a0, 0
core   0: 3 0x800044c4 (0x00000513) x10 0x00000000
core   0: 0x800044c8 (0x00dbb9b3) sltu    s3, s7, a3
core   0: 3 0x800044c8 (0x00dbb9b3) x19 0x00000000
core   0: 0x800044cc (0x23776993) ori     s3, a4, 567
core   0: 3 0x800044cc (0x23776993) x19 0x00000237
core   0: 0x800044d0 (0x87e22293) slti    t0, tp, -1922
core   0: 3 0x800044d0 (0x87e22293) x 5 0x00000000
core   0: 0x800044d4 (0x18a20a93) addi    s5, tp, 394
core   0: 3 0x800044d4 (0x18a20a93) x21 0x0000fd63
core   0: 0x800044d8 (0x013603b3) add     t2, a2, s3
core   0: 3 0x800044d8 (0x013603b3) x 7 0x00000241
core   0: 0x800044dc (0x00700213) li      tp, 7
core   0: 3 0x800044dc (0x00700213) x 4 0x00000007
core   0: 0x800044e0 (0x46107317) auipc   t1, 0x46107
core   0: 3 0x800044e0 (0x46107317) x 6 0xc610b4e0
core   0: 0x800044e4 (0x01ec5493) srli    s1, s8, 30
core   0: 3 0x800044e4 (0x01ec5493) x 9 0x00000002
core   0: 0x800044e8 (0x01e89333) sll     t1, a7, t5
core   0: 3 0x800044e8 (0x01e89333) x 6 0x000519c8
core   0: 0x800044ec (0x6a830f13) addi    t5, t1, 1704
core   0: 3 0x800044ec (0x6a830f13) x30 0x00052070
core   0: 0x800044f0 (0x03a2b493) sltiu   s1, t0, 58
core   0: 3 0x800044f0 (0x03a2b493) x 9 0x00000001
core   0: 0x800044f4 (0x00650513) addi    a0, a0, 6
core   0: 3 0x800044f4 (0x00650513) x10 0x00000006
core   0: 0x800044f8 (0x8e986313) ori     t1, a6, -1815
core   0: 3 0x800044f8 (0x8e986313) x 6 0xfffff8e9
core   0: 0x800044fc (0x97fc3017) auipc   zero, 0x97fc3
core   0: 3 0x800044fc (0x97fc3017)
core   0: 0x80004500 (0xfe4548e3) blt     a0, tp, pc - 16
core   0: 3 0x80004500 (0xfe4548e3)
core   0: 0x800044f0 (0x03a2b493) sltiu   s1, t0, 58
core   0: 3 0x800044f0 (0x03a2b493) x 9 0x00000001
core   0: 0x800044f4 (0x00650513) addi    a0, a0, 6
core   0: 3 0x800044f4 (0x00650513) x10 0x0000000c
core   0: 0x800044f8 (0x8e986313) ori     t1, a6, -1815
core   0: 3 0x800044f8 (0x8e986313) x 6 0xfffff8e9
core   0: 0x800044fc (0x97fc3017) auipc   zero, 0x97fc3
core   0: 3 0x800044fc (0x97fc3017)
core   0: 0x80004500 (0xfe4548e3) blt     a0, tp, pc - 16
core   0: 3 0x80004500 (0xfe4548e3)
core   0: 0x80004504 (0x01279613) slli    a2, a5, 18
core   0: 3 0x80004504 (0x01279613) x12 0x38100000
core   0: 0x80004508 (0xffb00f13) li      t5, -5
core   0: 3 0x80004508 (0xffb00f13) x30 0xfffffffb
core   0: 0x8000450c (0x0142b133) sltu    sp, t0, s4
core   0: 3 0x8000450c (0x0142b133) x 2 0x00000001
core   0: 0x80004510 (0x00d5da93) srli    s5, a1, 13
core   0: 3 0x80004510 (0x00d5da93) x21 0x00000000
core   0: 0x80004514 (0x00f7c4b3) xor     s1, a5, a5
core   0: 3 0x80004514 (0x00f7c4b3) x 9 0x00000000
core   0: 0x80004518 (0xd6b56593) ori     a1, a0, -661
core   0: 3 0x80004518 (0xd6b56593) x11 0xfffffd6f
core   0: 0x8000451c (0x00000213) li      tp, 0
core   0: 3 0x8000451c (0x00000213) x 4 0x00000000
core   0: 0x80004520 (0x4174d593) srai    a1, s1, 23
core   0: 3 0x80004520 (0x4174d593) x11 0x00000000
core   0: 0x80004524 (0x0059ccb3) xor     s9, s3, t0
core   0: 3 0x80004524 (0x0059ccb3) x25 0x00000237
core   0: 0x80004528 (0x40d5d513) srai    a0, a1, 13
core   0: 3 0x80004528 (0x40d5d513) x10 0x00000000
core   0: 0x8000452c (0x001f0f13) addi    t5, t5, 1
core   0: 3 0x8000452c (0x001f0f13) x30 0xfffffffc
core   0: 0x80004530 (0x00400713) li      a4, 4
core   0: 3 0x80004530 (0x00400713) x14 0x00000004
core   0: 0x80004534 (0xb81b0b93) addi    s7, s6, -1151
core   0: 3 0x80004534 (0xb81b0b93) x23 0xfffefb89
core   0: 0x80004538 (0x656df613) andi    a2, s11, 1622
core   0: 3 0x80004538 (0x656df613) x12 0x00000214
core   0: 0x8000453c (0x01190133) add     sp, s2, a7
core   0: 3 0x8000453c (0x01190133) x 2 0x80028cdf
core   0: 0x80004540 (0x3971d5b7) lui     a1, 0x3971d
core   0: 3 0x80004540 (0x3971d5b7) x11 0x3971d000
core   0: 0x80004544 (0x012d9293) slli    t0, s11, 18
core   0: 3 0x80004544 (0x012d9293) x 5 0xcef00000
core   0: 0x80004548 (0x00a00f93) li      t6, 10
core   0: 3 0x80004548 (0x00a00f93) x31 0x0000000a
core   0: 0x8000454c (0x00955c33) srl     s8, a0, s1
core   0: 3 0x8000454c (0x00955c33) x24 0x00000000
core   0: 0x80004550 (0x92dc4b13) xori    s6, s8, -1747
core   0: 3 0x80004550 (0x92dc4b13) x22 0xfffff92d
core   0: 0x80004554 (0x0000100f) fence.i
core   0: 3 0x80004554 (0x0000100f)
core   0: 0x80004558 (0x00270713) addi    a4, a4, 2
core   0: 3 0x80004558 (0x00270713) x14 0x00000006
core   0: 0x8000455c (0xfff70ae3) beq     a4, t6, pc - 12
core   0: 3 0x8000455c (0xfff70ae3)
core   0: 0x80004560 (0x2d3b5397) auipc   t2, 0x2d3b5
core   0: 3 0x80004560 (0x2d3b5397) x 7 0xad3b9560
core   0: 0x80004564 (0x0000100f) fence.i
core   0: 3 0x80004564 (0x0000100f)
core   0: 0x80004568 (0x3c51f293) andi    t0, gp, 965
core   0: 3 0x80004568 (0x3c51f293) x 5 0x00000000
core   0: 0x8000456c (0xfa4f0ce3) beq     t5, tp, pc - 72
core   0: 3 0x8000456c (0xfa4f0ce3)
core   0: 0x80004570 (0x9cca1037) lui     zero, 0x9cca1
core   0: 3 0x80004570 (0x9cca1037)
core   0: 0x80004574 (0xff700713) li      a4, -9
core   0: 3 0x80004574 (0xff700713) x14 0xfffffff7
core   0: 0x80004578 (0x001b8a33) add     s4, s7, ra
core   0: 3 0x80004578 (0x001b8a33) x20 0xfffefb75
core   0: 0x8000457c (0xca86b393) sltiu   t2, a3, -856
core   0: 3 0x8000457c (0xca86b393) x 7 0x00000001
core   0: 0x80004580 (0x0158b6b3) sltu    a3, a7, s5
core   0: 3 0x80004580 (0x0158b6b3) x13 0x00000000
core   0: 0x80004584 (0x8d1aab93) slti    s7, s5, -1839
core   0: 3 0x80004584 (0x8d1aab93) x23 0x00000000
core   0: 0x80004588 (0xffa00093) li      ra, -6
core   0: 3 0x80004588 (0xffa00093) x 1 0xfffffffa
core   0: 0x8000458c (0xbabe3d13) sltiu   s10, t3, -1109
core   0: 3 0x8000458c (0xbabe3d13) x26 0x00000001
core   0: 0x80004590 (0x00d93bb3) sltu    s7, s2, a3
core   0: 3 0x80004590 (0x00d93bb3) x23 0x00000000
core   0: 0x80004594 (0x01732a33) slt     s4, t1, s7
core   0: 3 0x80004594 (0x01732a33) x20 0x00000001
core   0: 0x80004598 (0xe5c344b7) lui     s1, 0xe5c34
core   0: 3 0x80004598 (0xe5c344b7) x 9 0xe5c34000
core   0: 0x8000459c (0x00000013) nop
core   0: 3 0x8000459c (0x00000013)
core   0: 0x800045a0 (0x00370713) addi    a4, a4, 3
core   0: 3 0x800045a0 (0x00370713) x14 0xfffffffa
core   0: 0x800045a4 (0x0073ca33) xor     s4, t2, t2
core   0: 3 0x800045a4 (0x0073ca33) x20 0x00000000
core   0: 0x800045a8 (0x0100c933) xor     s2, ra, a6
core   0: 3 0x800045a8 (0x0100c933) x18 0x7ffffffa
core   0: 0x800045ac (0x401adc13) srai    s8, s5, 1
core   0: 3 0x800045ac (0x401adc13) x24 0x00000000
core   0: 0x800045b0 (0x007acab3) xor     s5, s5, t2
core   0: 3 0x800045b0 (0x007acab3) x21 0x00000001
core   0: 0x800045b4 (0xbd66bf17) auipc   t5, 0xbd66b
core   0: 3 0x800045b4 (0xbd66bf17) x30 0x3d66f5b4
core   0: 0x800045b8 (0x01b65e33) srl     t3, a2, s11
core   0: 3 0x800045b8 (0x01b65e33) x28 0x00000000
core   0: 0x800045bc (0x00490233) add     tp, s2, tp
core   0: 3 0x800045bc (0x00490233) x 4 0x7ffffffa
core   0: 0x800045c0 (0x002125b3) slt     a1, sp, sp
core   0: 3 0x800045c0 (0x002125b3) x11 0x00000000
core   0: 0x800045c4 (0x00f29513) slli    a0, t0, 15
core   0: 3 0x800045c4 (0x00f29513) x10 0x00000000
core   0: 0x800045c8 (0x814ce993) ori     s3, s9, -2028
core   0: 3 0x800045c8 (0x814ce993) x19 0xfffffa37
core   0: 0x800045cc (0x016d33b3) sltu    t2, s10, s6
core   0: 3 0x800045cc (0x016d33b3) x 7 0x00000001
core   0: 0x800045d0 (0x142bc293) xori    t0, s7, 322
core   0: 3 0x800045d0 (0x142bc293) x 5 0x00000142
core   0: 0x800045d4 (0x010f1013) slli    zero, t5, 16
core   0: 3 0x800045d4 (0x010f1013)
core   0: 0x800045d8 (0x05d23493) sltiu   s1, tp, 93
core   0: 3 0x800045d8 (0x05d23493) x 9 0x00000000
core   0: 0x800045dc (0x79f44c13) xori    s8, s0, 1951
core   0: 3 0x800045dc (0x79f44c13) x24 0x00000797
core   0: 0x800045e0 (0xf4393a13) sltiu   s4, s2, -189
core   0: 3 0x800045e0 (0xf4393a13) x20 0x00000001
core   0: 0x800045e4 (0xfa1748e3) blt     a4, ra, pc - 80
core   0: 3 0x800045e4 (0xfa1748e3)
core   0: 0x800045e8 (0x9408f613) andi    a2, a7, -1728
core   0: 3 0x800045e8 (0x9408f613) x12 0x80028840
core   0: 0x800045ec (0x00500713) li      a4, 5
core   0: 3 0x800045ec (0x00500713) x14 0x00000005
core   0: 0x800045f0 (0x001afb33) and     s6, s5, ra
core   0: 3 0x800045f0 (0x001afb33) x22 0x00000000
core   0: 0x800045f4 (0x95b2ce13) xori    t3, t0, -1701
core   0: 3 0x800045f4 (0x95b2ce13) x28 0xfffff819
core   0: 0x800045f8 (0x012fda13) srli    s4, t6, 18
core   0: 3 0x800045f8 (0x012fda13) x20 0x00000000
core   0: 0x800045fc (0x29993393) sltiu   t2, s2, 665
core   0: 3 0x800045fc (0x29993393) x 7 0x00000000
core   0: 0x80004600 (0x8bb84037) lui     zero, 0x8bb84
core   0: 3 0x80004600 (0x8bb84037)
core   0: 0x80004604 (0x0077db33) srl     s6, a5, t2
core   0: 3 0x80004604 (0x0077db33) x22 0x80024e04
core   0: 0x80004608 (0xc902f613) andi    a2, t0, -880
core   0: 3 0x80004608 (0xc902f613) x12 0x00000000
core   0: 0x8000460c (0x001f8ab3) add     s5, t6, ra
core   0: 3 0x8000460c (0x001f8ab3) x21 0x00000004
core   0: 0x80004610 (0x415f09b3) sub     s3, t5, s5
core   0: 3 0x80004610 (0x415f09b3) x19 0x3d66f5b0
core   0: 0x80004614 (0x014f23b3) slt     t2, t5, s4
core   0: 3 0x80004614 (0x014f23b3) x 7 0x00000000
core   0: 0x80004618 (0x00615f13) srli    t5, sp, 6
core   0: 3 0x80004618 (0x00615f13) x30 0x02000a33
core   0: 0x8000461c (0x008f6293) ori     t0, t5, 8
core   0: 3 0x8000461c (0x008f6293) x 5 0x02000a3b
core   0: 0x80004620 (0x00149593) slli    a1, s1, 1
core   0: 3 0x80004620 (0x00149593) x11 0x00000000
core   0: 0x80004624 (0x545becb7) lui     s9, 0x545be
core   0: 3 0x80004624 (0x545becb7) x25 0x545be000
core   0: 0x80004628 (0x01753fb3) sltu    t6, a0, s7
core   0: 3 0x80004628 (0x01753fb3) x31 0x00000000
core   0: 0x8000462c (0x1c9fc313) xori    t1, t6, 457
core   0: 3 0x8000462c (0x1c9fc313) x 6 0x000001c9
core   0: 0x80004630 (0x00000013) nop
core   0: 3 0x80004630 (0x00000013)
core   0: 0x80004634 (0xc5a50e13) addi    t3, a0, -934
core   0: 3 0x80004634 (0xc5a50e13) x28 0xfffffc5a
core   0: 0x80004638 (0x1041b297) auipc   t0, 0x1041b
core   0: 3 0x80004638 (0x1041b297) x 5 0x9041f638
core   0: 0x8000463c (0x4064dc13) srai    s8, s1, 6
core   0: 3 0x8000463c (0x4064dc13) x24 0x00000000
core   0: 0x80004640 (0x118aa693) slti    a3, s5, 280
core   0: 3 0x80004640 (0x118aa693) x13 0x00000001
core   0: 0x80004644 (0x01300e93) li      t4, 19
core   0: 3 0x80004644 (0x01300e93) x29 0x00000013
core   0: 0x80004648 (0x1ccb6093) ori     ra, s6, 460
core   0: 3 0x80004648 (0x1ccb6093) x 1 0x80024fcc
core   0: 0x8000464c (0x9a1fa513) slti    a0, t6, -1631
core   0: 3 0x8000464c (0x9a1fa513) x10 0x00000000
core   0: 0x80004650 (0x3cbc3a93) sltiu   s5, s8, 971
core   0: 3 0x80004650 (0x3cbc3a93) x21 0x00000001
core   0: 0x80004654 (0x00770713) addi    a4, a4, 7
core   0: 3 0x80004654 (0x00770713) x14 0x0000000c
core   0: 0x80004658 (0xffd70ae3) beq     a4, t4, pc - 12
core   0: 3 0x80004658 (0xffd70ae3)
core   0: 0x8000465c (0x0f8cfd13) andi    s10, s9, 248
core   0: 3 0x8000465c (0x0f8cfd13) x26 0x00000000
core   0: 0x80004660 (0xff600513) li      a0, -10
core   0: 3 0x80004660 (0xff600513) x10 0xfffffff6
core   0: 0x80004664 (0xcdfb0e93) addi    t4, s6, -801
core   0: 3 0x80004664 (0xcdfb0e93) x29 0x80024ae3
core   0: 0x80004668 (0x01085db3) srl     s11, a6, a6
core   0: 3 0x80004668 (0x01085db3) x27 0x80000000
core   0: 0x8000466c (0x0000100f) fence.i
core   0: 3 0x8000466c (0x0000100f)
core   0: 0x80004670 (0x01ec5933) srl     s2, s8, t5
core   0: 3 0x80004670 (0x01ec5933) x18 0x00000000
core   0: 0x80004674 (0x00034233) xor     tp, t1, zero
core   0: 3 0x80004674 (0x00034233) x 4 0x000001c9
core   0: 0x80004678 (0x01fa7fb3) and     t6, s4, t6
core   0: 3 0x80004678 (0x01fa7fb3) x31 0x00000000
core   0: 0x8000467c (0x45a40ab7) lui     s5, 0x45a40
core   0: 3 0x8000467c (0x45a40ab7) x21 0x45a40000
core   0: 0x80004680 (0x00f00c13) li      s8, 15
core   0: 3 0x80004680 (0x00f00c13) x24 0x0000000f
core   0: 0x80004684 (0x41565d33) sra     s10, a2, s5
core   0: 3 0x80004684 (0x41565d33) x26 0x00000000
core   0: 0x80004688 (0x01b905b3) add     a1, s2, s11
core   0: 3 0x80004688 (0x01b905b3) x11 0x80000000
core   0: 0x8000468c (0x00b23b33) sltu    s6, tp, a1
core   0: 3 0x8000468c (0x00b23b33) x22 0x00000001
core   0: 0x80004690 (0x8196e013) ori     zero, a3, -2023
core   0: 3 0x80004690 (0x8196e013)
core   0: 0x80004694 (0xedba0613) addi    a2, s4, -293
core   0: 3 0x80004694 (0xedba0613) x12 0xfffffedb
core   0: 0x80004698 (0x480e3cb7) lui     s9, 0x480e3
core   0: 3 0x80004698 (0x480e3cb7) x25 0x480e3000
core   0: 0x8000469c (0x00ead433) srl     s0, s5, a4
core   0: 3 0x8000469c (0x00ead433) x 8 0x00045a40
core   0: 0x800046a0 (0x40635fb3) sra     t6, t1, t1
core   0: 3 0x800046a0 (0x40635fb3) x31 0x00000000
core   0: 0x800046a4 (0x41195f13) srai    t5, s2, 17
core   0: 3 0x800046a4 (0x41195f13) x30 0x00000000
core   0: 0x800046a8 (0x7c3c1137) lui     sp, 0x7c3c1
core   0: 3 0x800046a8 (0x7c3c1137) x 2 0x7c3c1000
core   0: 0x800046ac (0x00550513) addi    a0, a0, 5
core   0: 3 0x800046ac (0x00550513) x10 0xfffffffb
core   0: 0x800046b0 (0xfd850ee3) beq     a0, s8, pc - 36
core   0: 3 0x800046b0 (0xfd850ee3)
core   0: 0x800046b4 (0x410f0a33) sub     s4, t5, a6
core   0: 3 0x800046b4 (0x410f0a33) x20 0x80000000
core   0: 0x800046b8 (0xffa00d13) li      s10, -6
core   0: 3 0x800046b8 (0xffa00d13) x26 0xfffffffa
core   0: 0x800046bc (0x40020b33) sub     s6, tp, zero
core   0: 3 0x800046bc (0x40020b33) x22 0x000001c9
core   0: 0x800046c0 (0x0000100f) fence.i
core   0: 3 0x800046c0 (0x0000100f)
core   0: 0x800046c4 (0x00e40333) add     t1, s0, a4
core   0: 3 0x800046c4 (0x00e40333) x 6 0x00045a4c
core   0: 0x800046c8 (0xeaa63213) sltiu   tp, a2, -342
core   0: 3 0x800046c8 (0xeaa63213) x 4 0x00000000
core   0: 0x800046cc (0x00100493) li      s1, 1
core   0: 3 0x800046cc (0x00100493) x 9 0x00000001
core   0: 0x800046d0 (0x3b31bd93) sltiu   s11, gp, 947
core   0: 3 0x800046d0 (0x3b31bd93) x27 0x00000000
core   0: 0x800046d4 (0x00859ab3) sll     s5, a1, s0
core   0: 3 0x800046d4 (0x00859ab3) x21 0x80000000
core   0: 0x800046d8 (0xd3179e37) lui     t3, 0xd3179
core   0: 3 0x800046d8 (0xd3179e37) x28 0xd3179000
core   0: 0x800046dc (0xe3ac6313) ori     t1, s8, -454
core   0: 3 0x800046dc (0xe3ac6313) x 6 0xfffffe3f
core   0: 0x800046e0 (0x01593b33) sltu    s6, s2, s5
core   0: 3 0x800046e0 (0x01593b33) x22 0x00000001
core   0: 0x800046e4 (0x00699d93) slli    s11, s3, 6
core   0: 3 0x800046e4 (0x00699d93) x27 0x59bd6c00
core   0: 0x800046e8 (0x0ff0000f) fence   iorw,iorw
core   0: 3 0x800046e8 (0x0ff0000f)
core   0: 0x800046ec (0x008d0d13) addi    s10, s10, 8
core   0: 3 0x800046ec (0x008d0d13) x26 0x00000002
core   0: 0x800046f0 (0xe18f5917) auipc   s2, 0xe18f5
core   0: 3 0x800046f0 (0xe18f5917) x18 0x618f96f0
core   0: 0x800046f4 (0xfe9d44e3) blt     s10, s1, pc - 24
core   0: 3 0x800046f4 (0xfe9d44e3)
core   0: 0x800046f8 (0x00aee5b3) or      a1, t4, a0
core   0: 3 0x800046f8 (0x00aee5b3) x11 0xfffffffb
core   0: 0x800046fc (0x00400f13) li      t5, 4
core   0: 3 0x800046fc (0x00400f13) x30 0x00000004
core   0: 0x80004700 (0x40ced2b3) sra     t0, t4, a2
core   0: 3 0x80004700 (0x40ced2b3) x 5 0xfffffff0
core   0: 0x80004704 (0x84006a13) ori     s4, zero, -1984
core   0: 3 0x80004704 (0x84006a13) x20 0xfffff840
core   0: 0x80004708 (0xfec00193) li      gp, -20
core   0: 3 0x80004708 (0xfec00193) x 3 0xffffffec
core   0: 0x8000470c (0x01d86033) or      zero, a6, t4
core   0: 3 0x8000470c (0x01d86033)
core   0: 0x80004710 (0x4115dcb3) sra     s9, a1, a7
core   0: 3 0x80004710 (0x4115dcb3) x25 0xffffffff
core   0: 0x80004714 (0xc41675b7) lui     a1, 0xc4167
core   0: 3 0x80004714 (0xc41675b7) x11 0xc4167000
core   0: 0x80004718 (0x0000100f) fence.i
core   0: 3 0x80004718 (0x0000100f)
core   0: 0x8000471c (0x010e85b3) add     a1, t4, a6
core   0: 3 0x8000471c (0x010e85b3) x11 0x00024ae3
core   0: 0x80004720 (0x400b8e33) sub     t3, s7, zero
core   0: 3 0x80004720 (0x400b8e33) x28 0x00000000
core   0: 0x80004724 (0x00b919b3) sll     s3, s2, a1
core   0: 3 0x80004724 (0x00b919b3) x19 0x0c7cb780
core   0: 0x80004728 (0x01bf8133) add     sp, t6, s11
core   0: 3 0x80004728 (0x01bf8133) x 2 0x59bd6c00
core   0: 0x8000472c (0x0ff0000f) fence   iorw,iorw
core   0: 3 0x8000472c (0x0ff0000f)
core   0: 0x80004730 (0x0078d233) srl     tp, a7, t2
core   0: 3 0x80004730 (0x0078d233) x 4 0x80028ce4
core   0: 0x80004734 (0xffaf0f13) addi    t5, t5, -6
core   0: 3 0x80004734 (0xffaf0f13) x30 0xfffffffe
core   0: 0x80004738 (0x15c9f513) andi    a0, s3, 348
core   0: 3 0x80004738 (0x15c9f513) x10 0x00000100
core   0: 0x8000473c (0x00000013) nop
core   0: 3 0x8000473c (0x00000013)
core   0: 0x80004740 (0x41fbdd93) srai    s11, s7, 31
core   0: 3 0x80004740 (0x41fbdd93) x27 0x00000000
core   0: 0x80004744 (0x866bff93) andi    t6, s7, -1946
core   0: 3 0x80004744 (0x866bff93) x31 0x00000000
core   0: 0x80004748 (0x00a4feb3) and     t4, s1, a0
core   0: 3 0x80004748 (0x00a4feb3) x29 0x00000000
core   0: 0x8000474c (0x13d2b613) sltiu   a2, t0, 317
core   0: 3 0x8000474c (0x13d2b613) x12 0x00000000
core   0: 0x80004750 (0x50970d93) addi    s11, a4, 1289
core   0: 3 0x80004750 (0x50970d93) x27 0x00000515
core   0: 0x80004754 (0x00aa6e33) or      t3, s4, a0
core   0: 3 0x80004754 (0x00aa6e33) x28 0xfffff940
core   0: 0x80004758 (0x016fd993) srli    s3, t6, 22
core   0: 3 0x80004758 (0x016fd993) x19 0x00000000
core   0: 0x8000475c (0x85478393) addi    t2, a5, -1964
core   0: 3 0x8000475c (0x85478393) x 7 0x80024658
core   0: 0x80004760 (0xfa3f0ee3) beq     t5, gp, pc - 68
core   0: 3 0x80004760 (0xfa3f0ee3)
core   0: 0x80004764 (0x009fb233) sltu    tp, t6, s1
core   0: 3 0x80004764 (0x009fb233) x 4 0x00000001
core   0: 0x80004768 (0xffe00593) li      a1, -2
core   0: 3 0x80004768 (0xffe00593) x11 0xfffffffe
core   0: 0x8000476c (0x438eed13) ori     s10, t4, 1080
core   0: 3 0x8000476c (0x438eed13) x26 0x00000438
core   0: 0x80004770 (0xffa00113) li      sp, -6
core   0: 3 0x80004770 (0xffa00113) x 2 0xfffffffa
core   0: 0x80004774 (0xf3641297) auipc   t0, 0xf3641
core   0: 3 0x80004774 (0xf3641297) x 5 0x73645774
core   0: 0x80004778 (0xffa58593) addi    a1, a1, -6
core   0: 3 0x80004778 (0xffa58593) x11 0xfffffff8
core   0: 0x8000477c (0x40170f33) sub     t5, a4, ra
core   0: 3 0x8000477c (0x40170f33) x30 0x7ffdb040
core   0: 0x80004780 (0x00500493) li      s1, 5
core   0: 3 0x80004780 (0x00500493) x 9 0x00000005
core   0: 0x80004784 (0x74980f13) addi    t5, a6, 1865
core   0: 3 0x80004784 (0x74980f13) x30 0x80000749
core   0: 0x80004788 (0x01b2ad33) slt     s10, t0, s11
core   0: 3 0x80004788 (0x01b2ad33) x26 0x00000000
core   0: 0x8000478c (0x00900913) li      s2, 9
core   0: 3 0x8000478c (0x00900913) x18 0x00000009
core   0: 0x80004790 (0x008eaab3) slt     s5, t4, s0
core   0: 3 0x80004790 (0x008eaab3) x21 0x00000001
core   0: 0x80004794 (0xbbd8ac13) slti    s8, a7, -1091
core   0: 3 0x80004794 (0xbbd8ac13) x24 0x00000001
core   0: 0x80004798 (0x00548493) addi    s1, s1, 5
core   0: 3 0x80004798 (0x00548493) x 9 0x0000000a
core   0: 0x8000479c (0x0ff0000f) fence   iorw,iorw
core   0: 3 0x8000479c (0x0ff0000f)
core   0: 0x800047a0 (0xff24e8e3) bltu    s1, s2, pc - 16
core   0: 3 0x800047a0 (0xff24e8e3)
core   0: 0x800047a4 (0x86b0f993) andi    s3, ra, -1941
core   0: 3 0x800047a4 (0x86b0f993) x19 0x80024848
core   0: 0x800047a8 (0xfc25d6e3) bge     a1, sp, pc - 52
core   0: 3 0x800047a8 (0xfc25d6e3)
core   0: 0x800047ac (0xadb62093) slti    ra, a2, -1317
core   0: 3 0x800047ac (0xadb62093) x 1 0x00000000
core   0: 0x800047b0 (0x00800d13) li      s10, 8
core   0: 3 0x800047b0 (0x00800d13) x26 0x00000008
core   0: 0x800047b4 (0x004ec1b3) xor     gp, t4, tp
core   0: 3 0x800047b4 (0x004ec1b3) x 3 0x00000001
core   0: 0x800047b8 (0x01c31013) slli    zero, t1, 28
core   0: 3 0x800047b8 (0x01c31013)
core   0: 0x800047bc (0x01400293) li      t0, 20
core   0: 3 0x800047bc (0x01400293) x 5 0x00000014
core   0: 0x800047c0 (0x015284b3) add     s1, t0, s5
core   0: 3 0x800047c0 (0x015284b3) x 9 0x00000015
core   0: 0x800047c4 (0x0004adb3) slt     s11, s1, zero
core   0: 3 0x800047c4 (0x0004adb3) x27 0x00000000
core   0: 0x800047c8 (0x5dd26f37) lui     t5, 0x5dd26
core   0: 3 0x800047c8 (0x5dd26f37) x30 0x5dd26000
core   0: 0x800047cc (0xa3e53713) sltiu   a4, a0, -1474
core   0: 3 0x800047cc (0xa3e53713) x14 0x00000001
core   0: 0x800047d0 (0x001d0d13) addi    s10, s10, 1
core   0: 3 0x800047d0 (0x001d0d13) x26 0x00000009
core   0: 0x800047d4 (0x0057e433) or      s0, a5, t0
core   0: 3 0x800047d4 (0x0057e433) x 8 0x80024e14
core   0: 0x800047d8 (0x00000013) nop
core   0: 3 0x800047d8 (0x00000013)
core   0: 0x800047dc (0xff900513) li      a0, -7
core   0: 3 0x800047dc (0xff900513) x10 0xfffffff9
core   0: 0x800047e0 (0xe9a4a593) slti    a1, s1, -358
core   0: 3 0x800047e0 (0xe9a4a593) x11 0x00000000
core   0: 0x800047e4 (0x20a31017) auipc   zero, 0x20a31
core   0: 3 0x800047e4 (0x20a31017)
core   0: 0x800047e8 (0x01942133) slt     sp, s0, s9
core   0: 3 0x800047e8 (0x01942133) x 2 0x00000001
core   0: 0x800047ec (0x00200093) li      ra, 2
core   0: 3 0x800047ec (0x00200093) x 1 0x00000002
core   0: 0x800047f0 (0x41c981b3) sub     gp, s3, t3
core   0: 3 0x800047f0 (0x41c981b3) x 3 0x80024f08
core   0: 0x800047f4 (0x0000100f) fence.i
core   0: 3 0x800047f4 (0x0000100f)
core   0: 0x800047f8 (0x0005e4b3) or      s1, a1, zero
core   0: 3 0x800047f8 (0x0005e4b3) x 9 0x00000000
core   0: 0x800047fc (0x00000013) nop
core   0: 3 0x800047fc (0x00000013)
core   0: 0x80004800 (0x00150513) addi    a0, a0, 1
core   0: 3 0x80004800 (0x00150513) x10 0xfffffffa
core   0: 0x80004804 (0x0000100f) fence.i
core   0: 3 0x80004804 (0x0000100f)
core   0: 0x80004808 (0x5d44e193) ori     gp, s1, 1492
core   0: 3 0x80004808 (0x5d44e193) x 3 0x000005d4
core   0: 0x8000480c (0xfe1506e3) beq     a0, ra, pc - 20
core   0: 3 0x8000480c (0xfe1506e3)
core   0: 0x80004810 (0x41b85493) srai    s1, a6, 27
core   0: 3 0x80004810 (0x41b85493) x 9 0xfffffff0
core   0: 0x80004814 (0xe031ce13) xori    t3, gp, -509
core   0: 3 0x80004814 (0xe031ce13) x28 0xfffffbd7
core   0: 0x80004818 (0x40d65033) sra     zero, a2, a3
core   0: 3 0x80004818 (0x40d65033)
core   0: 0x8000481c (0x0008ddb3) srl     s11, a7, zero
core   0: 3 0x8000481c (0x0008ddb3) x27 0x80028ce4
core   0: 0x80004820 (0xfa5d16e3) bne     s10, t0, pc - 84
core   0: 3 0x80004820 (0xfa5d16e3)
core   0: 0x800047cc (0xa3e53713) sltiu   a4, a0, -1474
core   0: 3 0x800047cc (0xa3e53713) x14 0x00000000
core   0: 0x800047d0 (0x001d0d13) addi    s10, s10, 1
core   0: 3 0x800047d0 (0x001d0d13) x26 0x0000000a
core   0: 0x800047d4 (0x0057e433) or      s0, a5, t0
core   0: 3 0x800047d4 (0x0057e433) x 8 0x80024e14
core   0: 0x800047d8 (0x00000013) nop
core   0: 3 0x800047d8 (0x00000013)
core   0: 0x800047dc (0xff900513) li      a0, -7
core   0: 3 0x800047dc (0xff900513) x10 0xfffffff9
core   0: 0x800047e0 (0xe9a4a593) slti    a1, s1, -358
core   0: 3 0x800047e0 (0xe9a4a593) x11 0x00000000
core   0: 0x800047e4 (0x20a31017) auipc   zero, 0x20a31
core   0: 3 0x800047e4 (0x20a31017)
core   0: 0x800047e8 (0x01942133) slt     sp, s0, s9
core   0: 3 0x800047e8 (0x01942133) x 2 0x00000001
core   0: 0x800047ec (0x00200093) li      ra, 2
core   0: 3 0x800047ec (0x00200093) x 1 0x00000002
core   0: 0x800047f0 (0x41c981b3) sub     gp, s3, t3
core   0: 3 0x800047f0 (0x41c981b3) x 3 0x80024c71
core   0: 0x800047f4 (0x0000100f) fence.i
core   0: 3 0x800047f4 (0x0000100f)
core   0: 0x800047f8 (0x0005e4b3) or      s1, a1, zero
core   0: 3 0x800047f8 (0x0005e4b3) x 9 0x00000000
core   0: 0x800047fc (0x00000013) nop
core   0: 3 0x800047fc (0x00000013)
core   0: 0x80004800 (0x00150513) addi    a0, a0, 1
core   0: 3 0x80004800 (0x00150513) x10 0xfffffffa
core   0: 0x80004804 (0x0000100f) fence.i
core   0: 3 0x80004804 (0x0000100f)
core   0: 0x80004808 (0x5d44e193) ori     gp, s1, 1492
core   0: 3 0x80004808 (0x5d44e193) x 3 0x000005d4
core   0: 0x8000480c (0xfe1506e3) beq     a0, ra, pc - 20
core   0: 3 0x8000480c (0xfe1506e3)
core   0: 0x80004810 (0x41b85493) srai    s1, a6, 27
core   0: 3 0x80004810 (0x41b85493) x 9 0xfffffff0
core   0: 0x80004814 (0xe031ce13) xori    t3, gp, -509
core   0: 3 0x80004814 (0xe031ce13) x28 0xfffffbd7
core   0: 0x80004818 (0x40d65033) sra     zero, a2, a3
core   0: 3 0x80004818 (0x40d65033)
core   0: 0x8000481c (0x0008ddb3) srl     s11, a7, zero
core   0: 3 0x8000481c (0x0008ddb3) x27 0x80028ce4
core   0: 0x80004820 (0xfa5d16e3) bne     s10, t0, pc - 84
core   0: 3 0x80004820 (0xfa5d16e3)
core   0: 0x800047cc (0xa3e53713) sltiu   a4, a0, -1474
core   0: 3 0x800047cc (0xa3e53713) x14 0x00000000
core   0: 0x800047d0 (0x001d0d13) addi    s10, s10, 1
core   0: 3 0x800047d0 (0x001d0d13) x26 0x0000000b
core   0: 0x800047d4 (0x0057e433) or      s0, a5, t0
core   0: 3 0x800047d4 (0x0057e433) x 8 0x80024e14
core   0: 0x800047d8 (0x00000013) nop
core   0: 3 0x800047d8 (0x00000013)
core   0: 0x800047dc (0xff900513) li      a0, -7
core   0: 3 0x800047dc (0xff900513) x10 0xfffffff9
core   0: 0x800047e0 (0xe9a4a593) slti    a1, s1, -358
core   0: 3 0x800047e0 (0xe9a4a593) x11 0x00000000
core   0: 0x800047e4 (0x20a31017) auipc   zero, 0x20a31
core   0: 3 0x800047e4 (0x20a31017)
core   0: 0x800047e8 (0x01942133) slt     sp, s0, s9
core   0: 3 0x800047e8 (0x01942133) x 2 0x00000001
core   0: 0x800047ec (0x00200093) li      ra, 2
core   0: 3 0x800047ec (0x00200093) x 1 0x00000002
core   0: 0x800047f0 (0x41c981b3) sub     gp, s3, t3
core   0: 3 0x800047f0 (0x41c981b3) x 3 0x80024c71
core   0: 0x800047f4 (0x0000100f) fence.i
core   0: 3 0x800047f4 (0x0000100f)
core   0: 0x800047f8 (0x0005e4b3) or      s1, a1, zero
core   0: 3 0x800047f8 (0x0005e4b3) x 9 0x00000000
core   0: 0x800047fc (0x00000013) nop
core   0: 3 0x800047fc (0x00000013)
core   0: 0x80004800 (0x00150513) addi    a0, a0, 1
core   0: 3 0x80004800 (0x00150513) x10 0xfffffffa
core   0: 0x80004804 (0x0000100f) fence.i
core   0: 3 0x80004804 (0x0000100f)
core   0: 0x80004808 (0x5d44e193) ori     gp, s1, 1492
core   0: 3 0x80004808 (0x5d44e193) x 3 0x000005d4
core   0: 0x8000480c (0xfe1506e3) beq     a0, ra, pc - 20
core   0: 3 0x8000480c (0xfe1506e3)
core   0: 0x80004810 (0x41b85493) srai    s1, a6, 27
core   0: 3 0x80004810 (0x41b85493) x 9 0xfffffff0
core   0: 0x80004814 (0xe031ce13) xori    t3, gp, -509
core   0: 3 0x80004814 (0xe031ce13) x28 0xfffffbd7
core   0: 0x80004818 (0x40d65033) sra     zero, a2, a3
core   0: 3 0x80004818 (0x40d65033)
core   0: 0x8000481c (0x0008ddb3) srl     s11, a7, zero
core   0: 3 0x8000481c (0x0008ddb3) x27 0x80028ce4
core   0: 0x80004820 (0xfa5d16e3) bne     s10, t0, pc - 84
core   0: 3 0x80004820 (0xfa5d16e3)
core   0: 0x800047cc (0xa3e53713) sltiu   a4, a0, -1474
core   0: 3 0x800047cc (0xa3e53713) x14 0x00000000
core   0: 0x800047d0 (0x001d0d13) addi    s10, s10, 1
core   0: 3 0x800047d0 (0x001d0d13) x26 0x0000000c
core   0: 0x800047d4 (0x0057e433) or      s0, a5, t0
core   0: 3 0x800047d4 (0x0057e433) x 8 0x80024e14
core   0: 0x800047d8 (0x00000013) nop
core   0: 3 0x800047d8 (0x00000013)
core   0: 0x800047dc (0xff900513) li      a0, -7
core   0: 3 0x800047dc (0xff900513) x10 0xfffffff9
core   0: 0x800047e0 (0xe9a4a593) slti    a1, s1, -358
core   0: 3 0x800047e0 (0xe9a4a593) x11 0x00000000
core   0: 0x800047e4 (0x20a31017) auipc   zero, 0x20a31
core   0: 3 0x800047e4 (0x20a31017)
core   0: 0x800047e8 (0x01942133) slt     sp, s0, s9
core   0: 3 0x800047e8 (0x01942133) x 2 0x00000001
core   0: 0x800047ec (0x00200093) li      ra, 2
core   0: 3 0x800047ec (0x00200093) x 1 0x00000002
core   0: 0x800047f0 (0x41c981b3) sub     gp, s3, t3
core   0: 3 0x800047f0 (0x41c981b3) x 3 0x80024c71
core   0: 0x800047f4 (0x0000100f) fence.i
core   0: 3 0x800047f4 (0x0000100f)
core   0: 0x800047f8 (0x0005e4b3) or      s1, a1, zero
core   0: 3 0x800047f8 (0x0005e4b3) x 9 0x00000000
core   0: 0x800047fc (0x00000013) nop
core   0: 3 0x800047fc (0x00000013)
core   0: 0x80004800 (0x00150513) addi    a0, a0, 1
core   0: 3 0x80004800 (0x00150513) x10 0xfffffffa
core   0: 0x80004804 (0x0000100f) fence.i
core   0: 3 0x80004804 (0x0000100f)
core   0: 0x80004808 (0x5d44e193) ori     gp, s1, 1492
core   0: 3 0x80004808 (0x5d44e193) x 3 0x000005d4
core   0: 0x8000480c (0xfe1506e3) beq     a0, ra, pc - 20
core   0: 3 0x8000480c (0xfe1506e3)
core   0: 0x80004810 (0x41b85493) srai    s1, a6, 27
core   0: 3 0x80004810 (0x41b85493) x 9 0xfffffff0
core   0: 0x80004814 (0xe031ce13) xori    t3, gp, -509
core   0: 3 0x80004814 (0xe031ce13) x28 0xfffffbd7
core   0: 0x80004818 (0x40d65033) sra     zero, a2, a3
core   0: 3 0x80004818 (0x40d65033)
core   0: 0x8000481c (0x0008ddb3) srl     s11, a7, zero
core   0: 3 0x8000481c (0x0008ddb3) x27 0x80028ce4
core   0: 0x80004820 (0xfa5d16e3) bne     s10, t0, pc - 84
core   0: 3 0x80004820 (0xfa5d16e3)
core   0: 0x800047cc (0xa3e53713) sltiu   a4, a0, -1474
core   0: 3 0x800047cc (0xa3e53713) x14 0x00000000
core   0: 0x800047d0 (0x001d0d13) addi    s10, s10, 1
core   0: 3 0x800047d0 (0x001d0d13) x26 0x0000000d
core   0: 0x800047d4 (0x0057e433) or      s0, a5, t0
core   0: 3 0x800047d4 (0x0057e433) x 8 0x80024e14
core   0: 0x800047d8 (0x00000013) nop
core   0: 3 0x800047d8 (0x00000013)
core   0: 0x800047dc (0xff900513) li      a0, -7
core   0: 3 0x800047dc (0xff900513) x10 0xfffffff9
core   0: 0x800047e0 (0xe9a4a593) slti    a1, s1, -358
core   0: 3 0x800047e0 (0xe9a4a593) x11 0x00000000
core   0: 0x800047e4 (0x20a31017) auipc   zero, 0x20a31
core   0: 3 0x800047e4 (0x20a31017)
core   0: 0x800047e8 (0x01942133) slt     sp, s0, s9
core   0: 3 0x800047e8 (0x01942133) x 2 0x00000001
core   0: 0x800047ec (0x00200093) li      ra, 2
core   0: 3 0x800047ec (0x00200093) x 1 0x00000002
core   0: 0x800047f0 (0x41c981b3) sub     gp, s3, t3
core   0: 3 0x800047f0 (0x41c981b3) x 3 0x80024c71
core   0: 0x800047f4 (0x0000100f) fence.i
core   0: 3 0x800047f4 (0x0000100f)
core   0: 0x800047f8 (0x0005e4b3) or      s1, a1, zero
core   0: 3 0x800047f8 (0x0005e4b3) x 9 0x00000000
core   0: 0x800047fc (0x00000013) nop
core   0: 3 0x800047fc (0x00000013)
core   0: 0x80004800 (0x00150513) addi    a0, a0, 1
core   0: 3 0x80004800 (0x00150513) x10 0xfffffffa
core   0: 0x80004804 (0x0000100f) fence.i
core   0: 3 0x80004804 (0x0000100f)
core   0: 0x80004808 (0x5d44e193) ori     gp, s1, 1492
core   0: 3 0x80004808 (0x5d44e193) x 3 0x000005d4
core   0: 0x8000480c (0xfe1506e3) beq     a0, ra, pc - 20
core   0: 3 0x8000480c (0xfe1506e3)
core   0: 0x80004810 (0x41b85493) srai    s1, a6, 27
core   0: 3 0x80004810 (0x41b85493) x 9 0xfffffff0
core   0: 0x80004814 (0xe031ce13) xori    t3, gp, -509
core   0: 3 0x80004814 (0xe031ce13) x28 0xfffffbd7
core   0: 0x80004818 (0x40d65033) sra     zero, a2, a3
core   0: 3 0x80004818 (0x40d65033)
core   0: 0x8000481c (0x0008ddb3) srl     s11, a7, zero
core   0: 3 0x8000481c (0x0008ddb3) x27 0x80028ce4
core   0: 0x80004820 (0xfa5d16e3) bne     s10, t0, pc - 84
core   0: 3 0x80004820 (0xfa5d16e3)
core   0: 0x800047cc (0xa3e53713) sltiu   a4, a0, -1474
core   0: 3 0x800047cc (0xa3e53713) x14 0x00000000
core   0: 0x800047d0 (0x001d0d13) addi    s10, s10, 1
core   0: 3 0x800047d0 (0x001d0d13) x26 0x0000000e
core   0: 0x800047d4 (0x0057e433) or      s0, a5, t0
core   0: 3 0x800047d4 (0x0057e433) x 8 0x80024e14
core   0: 0x800047d8 (0x00000013) nop
core   0: 3 0x800047d8 (0x00000013)
core   0: 0x800047dc (0xff900513) li      a0, -7
core   0: 3 0x800047dc (0xff900513) x10 0xfffffff9
core   0: 0x800047e0 (0xe9a4a593) slti    a1, s1, -358
core   0: 3 0x800047e0 (0xe9a4a593) x11 0x00000000
core   0: 0x800047e4 (0x20a31017) auipc   zero, 0x20a31
core   0: 3 0x800047e4 (0x20a31017)
core   0: 0x800047e8 (0x01942133) slt     sp, s0, s9
core   0: 3 0x800047e8 (0x01942133) x 2 0x00000001
core   0: 0x800047ec (0x00200093) li      ra, 2
core   0: 3 0x800047ec (0x00200093) x 1 0x00000002
core   0: 0x800047f0 (0x41c981b3) sub     gp, s3, t3
core   0: 3 0x800047f0 (0x41c981b3) x 3 0x80024c71
core   0: 0x800047f4 (0x0000100f) fence.i
core   0: 3 0x800047f4 (0x0000100f)
core   0: 0x800047f8 (0x0005e4b3) or      s1, a1, zero
core   0: 3 0x800047f8 (0x0005e4b3) x 9 0x00000000
core   0: 0x800047fc (0x00000013) nop
core   0: 3 0x800047fc (0x00000013)
core   0: 0x80004800 (0x00150513) addi    a0, a0, 1
core   0: 3 0x80004800 (0x00150513) x10 0xfffffffa
core   0: 0x80004804 (0x0000100f) fence.i
core   0: 3 0x80004804 (0x0000100f)
core   0: 0x80004808 (0x5d44e193) ori     gp, s1, 1492
core   0: 3 0x80004808 (0x5d44e193) x 3 0x000005d4
core   0: 0x8000480c (0xfe1506e3) beq     a0, ra, pc - 20
core   0: 3 0x8000480c (0xfe1506e3)
core   0: 0x80004810 (0x41b85493) srai    s1, a6, 27
core   0: 3 0x80004810 (0x41b85493) x 9 0xfffffff0
core   0: 0x80004814 (0xe031ce13) xori    t3, gp, -509
core   0: 3 0x80004814 (0xe031ce13) x28 0xfffffbd7
core   0: 0x80004818 (0x40d65033) sra     zero, a2, a3
core   0: 3 0x80004818 (0x40d65033)
core   0: 0x8000481c (0x0008ddb3) srl     s11, a7, zero
core   0: 3 0x8000481c (0x0008ddb3) x27 0x80028ce4
core   0: 0x80004820 (0xfa5d16e3) bne     s10, t0, pc - 84
core   0: 3 0x80004820 (0xfa5d16e3)
core   0: 0x800047cc (0xa3e53713) sltiu   a4, a0, -1474
core   0: 3 0x800047cc (0xa3e53713) x14 0x00000000
core   0: 0x800047d0 (0x001d0d13) addi    s10, s10, 1
core   0: 3 0x800047d0 (0x001d0d13) x26 0x0000000f
core   0: 0x800047d4 (0x0057e433) or      s0, a5, t0
core   0: 3 0x800047d4 (0x0057e433) x 8 0x80024e14
core   0: 0x800047d8 (0x00000013) nop
core   0: 3 0x800047d8 (0x00000013)
core   0: 0x800047dc (0xff900513) li      a0, -7
core   0: 3 0x800047dc (0xff900513) x10 0xfffffff9
core   0: 0x800047e0 (0xe9a4a593) slti    a1, s1, -358
core   0: 3 0x800047e0 (0xe9a4a593) x11 0x00000000
core   0: 0x800047e4 (0x20a31017) auipc   zero, 0x20a31
core   0: 3 0x800047e4 (0x20a31017)
core   0: 0x800047e8 (0x01942133) slt     sp, s0, s9
core   0: 3 0x800047e8 (0x01942133) x 2 0x00000001
core   0: 0x800047ec (0x00200093) li      ra, 2
core   0: 3 0x800047ec (0x00200093) x 1 0x00000002
core   0: 0x800047f0 (0x41c981b3) sub     gp, s3, t3
core   0: 3 0x800047f0 (0x41c981b3) x 3 0x80024c71
core   0: 0x800047f4 (0x0000100f) fence.i
core   0: 3 0x800047f4 (0x0000100f)
core   0: 0x800047f8 (0x0005e4b3) or      s1, a1, zero
core   0: 3 0x800047f8 (0x0005e4b3) x 9 0x00000000
core   0: 0x800047fc (0x00000013) nop
core   0: 3 0x800047fc (0x00000013)
core   0: 0x80004800 (0x00150513) addi    a0, a0, 1
core   0: 3 0x80004800 (0x00150513) x10 0xfffffffa
core   0: 0x80004804 (0x0000100f) fence.i
core   0: 3 0x80004804 (0x0000100f)
core   0: 0x80004808 (0x5d44e193) ori     gp, s1, 1492
core   0: 3 0x80004808 (0x5d44e193) x 3 0x000005d4
core   0: 0x8000480c (0xfe1506e3) beq     a0, ra, pc - 20
core   0: 3 0x8000480c (0xfe1506e3)
core   0: 0x80004810 (0x41b85493) srai    s1, a6, 27
core   0: 3 0x80004810 (0x41b85493) x 9 0xfffffff0
core   0: 0x80004814 (0xe031ce13) xori    t3, gp, -509
core   0: 3 0x80004814 (0xe031ce13) x28 0xfffffbd7
core   0: 0x80004818 (0x40d65033) sra     zero, a2, a3
core   0: 3 0x80004818 (0x40d65033)
core   0: 0x8000481c (0x0008ddb3) srl     s11, a7, zero
core   0: 3 0x8000481c (0x0008ddb3) x27 0x80028ce4
core   0: 0x80004820 (0xfa5d16e3) bne     s10, t0, pc - 84
core   0: 3 0x80004820 (0xfa5d16e3)
core   0: 0x800047cc (0xa3e53713) sltiu   a4, a0, -1474
core   0: 3 0x800047cc (0xa3e53713) x14 0x00000000
core   0: 0x800047d0 (0x001d0d13) addi    s10, s10, 1
core   0: 3 0x800047d0 (0x001d0d13) x26 0x00000010
core   0: 0x800047d4 (0x0057e433) or      s0, a5, t0
core   0: 3 0x800047d4 (0x0057e433) x 8 0x80024e14
core   0: 0x800047d8 (0x00000013) nop
core   0: 3 0x800047d8 (0x00000013)
core   0: 0x800047dc (0xff900513) li      a0, -7
core   0: 3 0x800047dc (0xff900513) x10 0xfffffff9
core   0: 0x800047e0 (0xe9a4a593) slti    a1, s1, -358
core   0: 3 0x800047e0 (0xe9a4a593) x11 0x00000000
core   0: 0x800047e4 (0x20a31017) auipc   zero, 0x20a31
core   0: 3 0x800047e4 (0x20a31017)
core   0: 0x800047e8 (0x01942133) slt     sp, s0, s9
core   0: 3 0x800047e8 (0x01942133) x 2 0x00000001
core   0: 0x800047ec (0x00200093) li      ra, 2
core   0: 3 0x800047ec (0x00200093) x 1 0x00000002
core   0: 0x800047f0 (0x41c981b3) sub     gp, s3, t3
core   0: 3 0x800047f0 (0x41c981b3) x 3 0x80024c71
core   0: 0x800047f4 (0x0000100f) fence.i
core   0: 3 0x800047f4 (0x0000100f)
core   0: 0x800047f8 (0x0005e4b3) or      s1, a1, zero
core   0: 3 0x800047f8 (0x0005e4b3) x 9 0x00000000
core   0: 0x800047fc (0x00000013) nop
core   0: 3 0x800047fc (0x00000013)
core   0: 0x80004800 (0x00150513) addi    a0, a0, 1
core   0: 3 0x80004800 (0x00150513) x10 0xfffffffa
core   0: 0x80004804 (0x0000100f) fence.i
core   0: 3 0x80004804 (0x0000100f)
core   0: 0x80004808 (0x5d44e193) ori     gp, s1, 1492
core   0: 3 0x80004808 (0x5d44e193) x 3 0x000005d4
core   0: 0x8000480c (0xfe1506e3) beq     a0, ra, pc - 20
core   0: 3 0x8000480c (0xfe1506e3)
core   0: 0x80004810 (0x41b85493) srai    s1, a6, 27
core   0: 3 0x80004810 (0x41b85493) x 9 0xfffffff0
core   0: 0x80004814 (0xe031ce13) xori    t3, gp, -509
core   0: 3 0x80004814 (0xe031ce13) x28 0xfffffbd7
core   0: 0x80004818 (0x40d65033) sra     zero, a2, a3
core   0: 3 0x80004818 (0x40d65033)
core   0: 0x8000481c (0x0008ddb3) srl     s11, a7, zero
core   0: 3 0x8000481c (0x0008ddb3) x27 0x80028ce4
core   0: 0x80004820 (0xfa5d16e3) bne     s10, t0, pc - 84
core   0: 3 0x80004820 (0xfa5d16e3)
core   0: 0x800047cc (0xa3e53713) sltiu   a4, a0, -1474
core   0: 3 0x800047cc (0xa3e53713) x14 0x00000000
core   0: 0x800047d0 (0x001d0d13) addi    s10, s10, 1
core   0: 3 0x800047d0 (0x001d0d13) x26 0x00000011
core   0: 0x800047d4 (0x0057e433) or      s0, a5, t0
core   0: 3 0x800047d4 (0x0057e433) x 8 0x80024e14
core   0: 0x800047d8 (0x00000013) nop
core   0: 3 0x800047d8 (0x00000013)
core   0: 0x800047dc (0xff900513) li      a0, -7
core   0: 3 0x800047dc (0xff900513) x10 0xfffffff9
core   0: 0x800047e0 (0xe9a4a593) slti    a1, s1, -358
core   0: 3 0x800047e0 (0xe9a4a593) x11 0x00000000
core   0: 0x800047e4 (0x20a31017) auipc   zero, 0x20a31
core   0: 3 0x800047e4 (0x20a31017)
core   0: 0x800047e8 (0x01942133) slt     sp, s0, s9
core   0: 3 0x800047e8 (0x01942133) x 2 0x00000001
core   0: 0x800047ec (0x00200093) li      ra, 2
core   0: 3 0x800047ec (0x00200093) x 1 0x00000002
core   0: 0x800047f0 (0x41c981b3) sub     gp, s3, t3
core   0: 3 0x800047f0 (0x41c981b3) x 3 0x80024c71
core   0: 0x800047f4 (0x0000100f) fence.i
core   0: 3 0x800047f4 (0x0000100f)
core   0: 0x800047f8 (0x0005e4b3) or      s1, a1, zero
core   0: 3 0x800047f8 (0x0005e4b3) x 9 0x00000000
core   0: 0x800047fc (0x00000013) nop
core   0: 3 0x800047fc (0x00000013)
core   0: 0x80004800 (0x00150513) addi    a0, a0, 1
core   0: 3 0x80004800 (0x00150513) x10 0xfffffffa
core   0: 0x80004804 (0x0000100f) fence.i
core   0: 3 0x80004804 (0x0000100f)
core   0: 0x80004808 (0x5d44e193) ori     gp, s1, 1492
core   0: 3 0x80004808 (0x5d44e193) x 3 0x000005d4
core   0: 0x8000480c (0xfe1506e3) beq     a0, ra, pc - 20
core   0: 3 0x8000480c (0xfe1506e3)
core   0: 0x80004810 (0x41b85493) srai    s1, a6, 27
core   0: 3 0x80004810 (0x41b85493) x 9 0xfffffff0
core   0: 0x80004814 (0xe031ce13) xori    t3, gp, -509
core   0: 3 0x80004814 (0xe031ce13) x28 0xfffffbd7
core   0: 0x80004818 (0x40d65033) sra     zero, a2, a3
core   0: 3 0x80004818 (0x40d65033)
core   0: 0x8000481c (0x0008ddb3) srl     s11, a7, zero
core   0: 3 0x8000481c (0x0008ddb3) x27 0x80028ce4
core   0: 0x80004820 (0xfa5d16e3) bne     s10, t0, pc - 84
core   0: 3 0x80004820 (0xfa5d16e3)
core   0: 0x800047cc (0xa3e53713) sltiu   a4, a0, -1474
core   0: 3 0x800047cc (0xa3e53713) x14 0x00000000
core   0: 0x800047d0 (0x001d0d13) addi    s10, s10, 1
core   0: 3 0x800047d0 (0x001d0d13) x26 0x00000012
core   0: 0x800047d4 (0x0057e433) or      s0, a5, t0
core   0: 3 0x800047d4 (0x0057e433) x 8 0x80024e14
core   0: 0x800047d8 (0x00000013) nop
core   0: 3 0x800047d8 (0x00000013)
core   0: 0x800047dc (0xff900513) li      a0, -7
core   0: 3 0x800047dc (0xff900513) x10 0xfffffff9
core   0: 0x800047e0 (0xe9a4a593) slti    a1, s1, -358
core   0: 3 0x800047e0 (0xe9a4a593) x11 0x00000000
core   0: 0x800047e4 (0x20a31017) auipc   zero, 0x20a31
core   0: 3 0x800047e4 (0x20a31017)
core   0: 0x800047e8 (0x01942133) slt     sp, s0, s9
core   0: 3 0x800047e8 (0x01942133) x 2 0x00000001
core   0: 0x800047ec (0x00200093) li      ra, 2
core   0: 3 0x800047ec (0x00200093) x 1 0x00000002
core   0: 0x800047f0 (0x41c981b3) sub     gp, s3, t3
core   0: 3 0x800047f0 (0x41c981b3) x 3 0x80024c71
core   0: 0x800047f4 (0x0000100f) fence.i
core   0: 3 0x800047f4 (0x0000100f)
core   0: 0x800047f8 (0x0005e4b3) or      s1, a1, zero
core   0: 3 0x800047f8 (0x0005e4b3) x 9 0x00000000
core   0: 0x800047fc (0x00000013) nop
core   0: 3 0x800047fc (0x00000013)
core   0: 0x80004800 (0x00150513) addi    a0, a0, 1
core   0: 3 0x80004800 (0x00150513) x10 0xfffffffa
core   0: 0x80004804 (0x0000100f) fence.i
core   0: 3 0x80004804 (0x0000100f)
core   0: 0x80004808 (0x5d44e193) ori     gp, s1, 1492
core   0: 3 0x80004808 (0x5d44e193) x 3 0x000005d4
core   0: 0x8000480c (0xfe1506e3) beq     a0, ra, pc - 20
core   0: 3 0x8000480c (0xfe1506e3)
core   0: 0x80004810 (0x41b85493) srai    s1, a6, 27
core   0: 3 0x80004810 (0x41b85493) x 9 0xfffffff0
core   0: 0x80004814 (0xe031ce13) xori    t3, gp, -509
core   0: 3 0x80004814 (0xe031ce13) x28 0xfffffbd7
core   0: 0x80004818 (0x40d65033) sra     zero, a2, a3
core   0: 3 0x80004818 (0x40d65033)
core   0: 0x8000481c (0x0008ddb3) srl     s11, a7, zero
core   0: 3 0x8000481c (0x0008ddb3) x27 0x80028ce4
core   0: 0x80004820 (0xfa5d16e3) bne     s10, t0, pc - 84
core   0: 3 0x80004820 (0xfa5d16e3)
core   0: 0x800047cc (0xa3e53713) sltiu   a4, a0, -1474
core   0: 3 0x800047cc (0xa3e53713) x14 0x00000000
core   0: 0x800047d0 (0x001d0d13) addi    s10, s10, 1
core   0: 3 0x800047d0 (0x001d0d13) x26 0x00000013
core   0: 0x800047d4 (0x0057e433) or      s0, a5, t0
core   0: 3 0x800047d4 (0x0057e433) x 8 0x80024e14
core   0: 0x800047d8 (0x00000013) nop
core   0: 3 0x800047d8 (0x00000013)
core   0: 0x800047dc (0xff900513) li      a0, -7
core   0: 3 0x800047dc (0xff900513) x10 0xfffffff9
core   0: 0x800047e0 (0xe9a4a593) slti    a1, s1, -358
core   0: 3 0x800047e0 (0xe9a4a593) x11 0x00000000
core   0: 0x800047e4 (0x20a31017) auipc   zero, 0x20a31
core   0: 3 0x800047e4 (0x20a31017)
core   0: 0x800047e8 (0x01942133) slt     sp, s0, s9
core   0: 3 0x800047e8 (0x01942133) x 2 0x00000001
core   0: 0x800047ec (0x00200093) li      ra, 2
core   0: 3 0x800047ec (0x00200093) x 1 0x00000002
core   0: 0x800047f0 (0x41c981b3) sub     gp, s3, t3
core   0: 3 0x800047f0 (0x41c981b3) x 3 0x80024c71
core   0: 0x800047f4 (0x0000100f) fence.i
core   0: 3 0x800047f4 (0x0000100f)
core   0: 0x800047f8 (0x0005e4b3) or      s1, a1, zero
core   0: 3 0x800047f8 (0x0005e4b3) x 9 0x00000000
core   0: 0x800047fc (0x00000013) nop
core   0: 3 0x800047fc (0x00000013)
core   0: 0x80004800 (0x00150513) addi    a0, a0, 1
core   0: 3 0x80004800 (0x00150513) x10 0xfffffffa
core   0: 0x80004804 (0x0000100f) fence.i
core   0: 3 0x80004804 (0x0000100f)
core   0: 0x80004808 (0x5d44e193) ori     gp, s1, 1492
core   0: 3 0x80004808 (0x5d44e193) x 3 0x000005d4
core   0: 0x8000480c (0xfe1506e3) beq     a0, ra, pc - 20
core   0: 3 0x8000480c (0xfe1506e3)
core   0: 0x80004810 (0x41b85493) srai    s1, a6, 27
core   0: 3 0x80004810 (0x41b85493) x 9 0xfffffff0
core   0: 0x80004814 (0xe031ce13) xori    t3, gp, -509
core   0: 3 0x80004814 (0xe031ce13) x28 0xfffffbd7
core   0: 0x80004818 (0x40d65033) sra     zero, a2, a3
core   0: 3 0x80004818 (0x40d65033)
core   0: 0x8000481c (0x0008ddb3) srl     s11, a7, zero
core   0: 3 0x8000481c (0x0008ddb3) x27 0x80028ce4
core   0: 0x80004820 (0xfa5d16e3) bne     s10, t0, pc - 84
core   0: 3 0x80004820 (0xfa5d16e3)
core   0: 0x800047cc (0xa3e53713) sltiu   a4, a0, -1474
core   0: 3 0x800047cc (0xa3e53713) x14 0x00000000
core   0: 0x800047d0 (0x001d0d13) addi    s10, s10, 1
core   0: 3 0x800047d0 (0x001d0d13) x26 0x00000014
core   0: 0x800047d4 (0x0057e433) or      s0, a5, t0
core   0: 3 0x800047d4 (0x0057e433) x 8 0x80024e14
core   0: 0x800047d8 (0x00000013) nop
core   0: 3 0x800047d8 (0x00000013)
core   0: 0x800047dc (0xff900513) li      a0, -7
core   0: 3 0x800047dc (0xff900513) x10 0xfffffff9
core   0: 0x800047e0 (0xe9a4a593) slti    a1, s1, -358
core   0: 3 0x800047e0 (0xe9a4a593) x11 0x00000000
core   0: 0x800047e4 (0x20a31017) auipc   zero, 0x20a31
core   0: 3 0x800047e4 (0x20a31017)
core   0: 0x800047e8 (0x01942133) slt     sp, s0, s9
core   0: 3 0x800047e8 (0x01942133) x 2 0x00000001
core   0: 0x800047ec (0x00200093) li      ra, 2
core   0: 3 0x800047ec (0x00200093) x 1 0x00000002
core   0: 0x800047f0 (0x41c981b3) sub     gp, s3, t3
core   0: 3 0x800047f0 (0x41c981b3) x 3 0x80024c71
core   0: 0x800047f4 (0x0000100f) fence.i
core   0: 3 0x800047f4 (0x0000100f)
core   0: 0x800047f8 (0x0005e4b3) or      s1, a1, zero
core   0: 3 0x800047f8 (0x0005e4b3) x 9 0x00000000
core   0: 0x800047fc (0x00000013) nop
core   0: 3 0x800047fc (0x00000013)
core   0: 0x80004800 (0x00150513) addi    a0, a0, 1
core   0: 3 0x80004800 (0x00150513) x10 0xfffffffa
core   0: 0x80004804 (0x0000100f) fence.i
core   0: 3 0x80004804 (0x0000100f)
core   0: 0x80004808 (0x5d44e193) ori     gp, s1, 1492
core   0: 3 0x80004808 (0x5d44e193) x 3 0x000005d4
core   0: 0x8000480c (0xfe1506e3) beq     a0, ra, pc - 20
core   0: 3 0x8000480c (0xfe1506e3)
core   0: 0x80004810 (0x41b85493) srai    s1, a6, 27
core   0: 3 0x80004810 (0x41b85493) x 9 0xfffffff0
core   0: 0x80004814 (0xe031ce13) xori    t3, gp, -509
core   0: 3 0x80004814 (0xe031ce13) x28 0xfffffbd7
core   0: 0x80004818 (0x40d65033) sra     zero, a2, a3
core   0: 3 0x80004818 (0x40d65033)
core   0: 0x8000481c (0x0008ddb3) srl     s11, a7, zero
core   0: 3 0x8000481c (0x0008ddb3) x27 0x80028ce4
core   0: 0x80004820 (0xfa5d16e3) bne     s10, t0, pc - 84
core   0: 3 0x80004820 (0xfa5d16e3)
core   0: 0x80004824 (0x01f71c13) slli    s8, a4, 31
core   0: 3 0x80004824 (0x01f71c13) x24 0x00000000
core   0: 0x80004828 (0xffd00513) li      a0, -3
core   0: 3 0x80004828 (0xffd00513) x10 0xfffffffd
core   0: 0x8000482c (0xd43be393) ori     t2, s7, -701
core   0: 3 0x8000482c (0xd43be393) x 7 0xfffffd43
core   0: 0x80004830 (0x40755193) srai    gp, a0, 7
core   0: 3 0x80004830 (0x40755193) x 3 0xffffffff
core   0: 0x80004834 (0xff500993) li      s3, -11
core   0: 3 0x80004834 (0xff500993) x19 0xfffffff5
core   0: 0x80004838 (0x10278493) addi    s1, a5, 258
core   0: 3 0x80004838 (0x10278493) x 9 0x80024f06
core   0: 0x8000483c (0x41d8dab3) sra     s5, a7, t4
core   0: 3 0x8000483c (0x41d8dab3) x21 0x80028ce4
core   0: 0x80004840 (0x0000100f) fence.i
core   0: 3 0x80004840 (0x0000100f)
core   0: 0x80004844 (0x00ae02b3) add     t0, t3, a0
core   0: 3 0x80004844 (0x00ae02b3) x 5 0xfffffbd4
core   0: 0x80004848 (0x0171cdb3) xor     s11, gp, s7
core   0: 3 0x80004848 (0x0171cdb3) x27 0xffffffff
core   0: 0x8000484c (0x006002b3) add     t0, zero, t1
core   0: 3 0x8000484c (0x006002b3) x 5 0xfffffe3f
core   0: 0x80004850 (0xffc50513) addi    a0, a0, -4
core   0: 3 0x80004850 (0xffc50513) x10 0xfffffff9
core   0: 0x80004854 (0xff351ce3) bne     a0, s3, pc - 8
core   0: 3 0x80004854 (0xff351ce3)
core   0: 0x8000484c (0x006002b3) add     t0, zero, t1
core   0: 3 0x8000484c (0x006002b3) x 5 0xfffffe3f
core   0: 0x80004850 (0xffc50513) addi    a0, a0, -4
core   0: 3 0x80004850 (0xffc50513) x10 0xfffffff5
core   0: 0x80004854 (0xff351ce3) bne     a0, s3, pc - 8
core   0: 3 0x80004854 (0xff351ce3)
core   0: 0x80004858 (0x0000100f) fence.i
core   0: 3 0x80004858 (0x0000100f)
core   0: 0x8000485c (0x00000713) li      a4, 0
core   0: 3 0x8000485c (0x00000713) x14 0x00000000
core   0: 0x80004860 (0xd1411f17) auipc   t5, 0xd1411
core   0: 3 0x80004860 (0xd1411f17) x30 0x51415860
core   0: 0x80004864 (0x00b00913) li      s2, 11
core   0: 3 0x80004864 (0x00b00913) x18 0x0000000b
core   0: 0x80004868 (0x01c82b33) slt     s6, a6, t3
core   0: 3 0x80004868 (0x01c82b33) x22 0x00000001
core   0: 0x8000486c (0x941ad497) auipc   s1, 0x941ad
core   0: 3 0x8000486c (0x941ad497) x 9 0x141b186c
core   0: 0x80004870 (0x008cf433) and     s0, s9, s0
core   0: 3 0x80004870 (0x008cf433) x 8 0x80024e14
core   0: 0x80004874 (0x9cee8137) lui     sp, 0x9cee8
core   0: 3 0x80004874 (0x9cee8137) x 2 0x9cee8000
core   0: 0x80004878 (0x0025b333) sltu    t1, a1, sp
core   0: 3 0x80004878 (0x0025b333) x 6 0x00000001
core   0: 0x8000487c (0x00170713) addi    a4, a4, 1
core   0: 3 0x8000487c (0x00170713) x14 0x00000001
core   0: 0x80004880 (0xff271ae3) bne     a4, s2, pc - 12
core   0: 3 0x80004880 (0xff271ae3)
core   0: 0x80004874 (0x9cee8137) lui     sp, 0x9cee8
core   0: 3 0x80004874 (0x9cee8137) x 2 0x9cee8000
core   0: 0x80004878 (0x0025b333) sltu    t1, a1, sp
core   0: 3 0x80004878 (0x0025b333) x 6 0x00000001
core   0: 0x8000487c (0x00170713) addi    a4, a4, 1
core   0: 3 0x8000487c (0x00170713) x14 0x00000002
core   0: 0x80004880 (0xff271ae3) bne     a4, s2, pc - 12
core   0: 3 0x80004880 (0xff271ae3)
core   0: 0x80004874 (0x9cee8137) lui     sp, 0x9cee8
core   0: 3 0x80004874 (0x9cee8137) x 2 0x9cee8000
core   0: 0x80004878 (0x0025b333) sltu    t1, a1, sp
core   0: 3 0x80004878 (0x0025b333) x 6 0x00000001
core   0: 0x8000487c (0x00170713) addi    a4, a4, 1
core   0: 3 0x8000487c (0x00170713) x14 0x00000003
core   0: 0x80004880 (0xff271ae3) bne     a4, s2, pc - 12
core   0: 3 0x80004880 (0xff271ae3)
core   0: 0x80004874 (0x9cee8137) lui     sp, 0x9cee8
core   0: 3 0x80004874 (0x9cee8137) x 2 0x9cee8000
core   0: 0x80004878 (0x0025b333) sltu    t1, a1, sp
core   0: 3 0x80004878 (0x0025b333) x 6 0x00000001
core   0: 0x8000487c (0x00170713) addi    a4, a4, 1
core   0: 3 0x8000487c (0x00170713) x14 0x00000004
core   0: 0x80004880 (0xff271ae3) bne     a4, s2, pc - 12
core   0: 3 0x80004880 (0xff271ae3)
core   0: 0x80004874 (0x9cee8137) lui     sp, 0x9cee8
core   0: 3 0x80004874 (0x9cee8137) x 2 0x9cee8000
core   0: 0x80004878 (0x0025b333) sltu    t1, a1, sp
core   0: 3 0x80004878 (0x0025b333) x 6 0x00000001
core   0: 0x8000487c (0x00170713) addi    a4, a4, 1
core   0: 3 0x8000487c (0x00170713) x14 0x00000005
core   0: 0x80004880 (0xff271ae3) bne     a4, s2, pc - 12
core   0: 3 0x80004880 (0xff271ae3)
core   0: 0x80004874 (0x9cee8137) lui     sp, 0x9cee8
core   0: 3 0x80004874 (0x9cee8137) x 2 0x9cee8000
core   0: 0x80004878 (0x0025b333) sltu    t1, a1, sp
core   0: 3 0x80004878 (0x0025b333) x 6 0x00000001
core   0: 0x8000487c (0x00170713) addi    a4, a4, 1
core   0: 3 0x8000487c (0x00170713) x14 0x00000006
core   0: 0x80004880 (0xff271ae3) bne     a4, s2, pc - 12
core   0: 3 0x80004880 (0xff271ae3)
core   0: 0x80004874 (0x9cee8137) lui     sp, 0x9cee8
core   0: 3 0x80004874 (0x9cee8137) x 2 0x9cee8000
core   0: 0x80004878 (0x0025b333) sltu    t1, a1, sp
core   0: 3 0x80004878 (0x0025b333) x 6 0x00000001
core   0: 0x8000487c (0x00170713) addi    a4, a4, 1
core   0: 3 0x8000487c (0x00170713) x14 0x00000007
core   0: 0x80004880 (0xff271ae3) bne     a4, s2, pc - 12
core   0: 3 0x80004880 (0xff271ae3)
core   0: 0x80004874 (0x9cee8137) lui     sp, 0x9cee8
core   0: 3 0x80004874 (0x9cee8137) x 2 0x9cee8000
core   0: 0x80004878 (0x0025b333) sltu    t1, a1, sp
core   0: 3 0x80004878 (0x0025b333) x 6 0x00000001
core   0: 0x8000487c (0x00170713) addi    a4, a4, 1
core   0: 3 0x8000487c (0x00170713) x14 0x00000008
core   0: 0x80004880 (0xff271ae3) bne     a4, s2, pc - 12
core   0: 3 0x80004880 (0xff271ae3)
core   0: 0x80004874 (0x9cee8137) lui     sp, 0x9cee8
core   0: 3 0x80004874 (0x9cee8137) x 2 0x9cee8000
core   0: 0x80004878 (0x0025b333) sltu    t1, a1, sp
core   0: 3 0x80004878 (0x0025b333) x 6 0x00000001
core   0: 0x8000487c (0x00170713) addi    a4, a4, 1
core   0: 3 0x8000487c (0x00170713) x14 0x00000009
core   0: 0x80004880 (0xff271ae3) bne     a4, s2, pc - 12
core   0: 3 0x80004880 (0xff271ae3)
core   0: 0x80004874 (0x9cee8137) lui     sp, 0x9cee8
core   0: 3 0x80004874 (0x9cee8137) x 2 0x9cee8000
core   0: 0x80004878 (0x0025b333) sltu    t1, a1, sp
core   0: 3 0x80004878 (0x0025b333) x 6 0x00000001
core   0: 0x8000487c (0x00170713) addi    a4, a4, 1
core   0: 3 0x8000487c (0x00170713) x14 0x0000000a
core   0: 0x80004880 (0xff271ae3) bne     a4, s2, pc - 12
core   0: 3 0x80004880 (0xff271ae3)
core   0: 0x80004874 (0x9cee8137) lui     sp, 0x9cee8
core   0: 3 0x80004874 (0x9cee8137) x 2 0x9cee8000
core   0: 0x80004878 (0x0025b333) sltu    t1, a1, sp
core   0: 3 0x80004878 (0x0025b333) x 6 0x00000001
core   0: 0x8000487c (0x00170713) addi    a4, a4, 1
core   0: 3 0x8000487c (0x00170713) x14 0x0000000b
core   0: 0x80004880 (0xff271ae3) bne     a4, s2, pc - 12
core   0: 3 0x80004880 (0xff271ae3)
core   0: 0x80004884 (0x013302b3) add     t0, t1, s3
core   0: 3 0x80004884 (0x013302b3) x 5 0xfffffff6
core   0: 0x80004888 (0xff600693) li      a3, -10
core   0: 3 0x80004888 (0xff600693) x13 0xfffffff6
core   0: 0x8000488c (0x00d1b9b3) sltu    s3, gp, a3
core   0: 3 0x8000488c (0x00d1b9b3) x19 0x00000000
core   0: 0x80004890 (0x00f00413) li      s0, 15
core   0: 3 0x80004890 (0x00f00413) x 8 0x0000000f
core   0: 0x80004894 (0x01058033) add     zero, a1, a6
core   0: 3 0x80004894 (0x01058033)
core   0: 0x80004898 (0x156ff213) andi    tp, t6, 342
core   0: 3 0x80004898 (0x156ff213) x 4 0x00000000
core   0: 0x8000489c (0x00868693) addi    a3, a3, 8
core   0: 3 0x8000489c (0x00868693) x13 0xfffffffe
core   0: 0x800048a0 (0x41da8133) sub     sp, s5, t4
core   0: 3 0x800048a0 (0x41da8133) x 2 0x80028ce4
core   0: 0x800048a4 (0x40d554b3) sra     s1, a0, a3
core   0: 3 0x800048a4 (0x40d554b3) x 9 0xffffffff
core   0: 0x800048a8 (0x00a00f93) li      t6, 10
core   0: 3 0x800048a8 (0x00a00f93) x31 0x0000000a
core   0: 0x800048ac (0x019c65b3) or      a1, s8, s9
core   0: 3 0x800048ac (0x019c65b3) x11 0xffffffff
core   0: 0x800048b0 (0x00700193) li      gp, 7
core   0: 3 0x800048b0 (0x00700193) x 3 0x00000007
core   0: 0x800048b4 (0x017fd5b3) srl     a1, t6, s7
core   0: 3 0x800048b4 (0x017fd5b3) x11 0x0000000a
core   0: 0x800048b8 (0x000f7533) and     a0, t5, zero
core   0: 3 0x800048b8 (0x000f7533) x10 0x00000000
core   0: 0x800048bc (0xffef8f93) addi    t6, t6, -2
core   0: 3 0x800048bc (0xffef8f93) x31 0x00000008
core   0: 0x800048c0 (0x009cb133) sltu    sp, s9, s1
core   0: 3 0x800048c0 (0x009cb133) x 2 0x00000000
core   0: 0x800048c4 (0x41fa5933) sra     s2, s4, t6
core   0: 3 0x800048c4 (0x41fa5933) x18 0xfffffff8
core   0: 0x800048c8 (0x0085de93) srli    t4, a1, 8
core   0: 3 0x800048c8 (0x0085de93) x29 0x00000000
core   0: 0x800048cc (0x012dd113) srli    sp, s11, 18
core   0: 3 0x800048cc (0x012dd113) x 2 0x00003fff
core   0: 0x800048d0 (0xfe3ff4e3) bgeu    t6, gp, pc - 24
core   0: 3 0x800048d0 (0xfe3ff4e3)
core   0: 0x800048b8 (0x000f7533) and     a0, t5, zero
core   0: 3 0x800048b8 (0x000f7533) x10 0x00000000
core   0: 0x800048bc (0xffef8f93) addi    t6, t6, -2
core   0: 3 0x800048bc (0xffef8f93) x31 0x00000006
core   0: 0x800048c0 (0x009cb133) sltu    sp, s9, s1
core   0: 3 0x800048c0 (0x009cb133) x 2 0x00000000
core   0: 0x800048c4 (0x41fa5933) sra     s2, s4, t6
core   0: 3 0x800048c4 (0x41fa5933) x18 0xffffffe1
core   0: 0x800048c8 (0x0085de93) srli    t4, a1, 8
core   0: 3 0x800048c8 (0x0085de93) x29 0x00000000
core   0: 0x800048cc (0x012dd113) srli    sp, s11, 18
core   0: 3 0x800048cc (0x012dd113) x 2 0x00003fff
core   0: 0x800048d0 (0xfe3ff4e3) bgeu    t6, gp, pc - 24
core   0: 3 0x800048d0 (0xfe3ff4e3)
core   0: 0x800048d4 (0x2195bb17) auipc   s6, 0x2195b
core   0: 3 0x800048d4 (0x2195bb17) x22 0xa195f8d4
core   0: 0x800048d8 (0x40b15493) srai    s1, sp, 11
core   0: 3 0x800048d8 (0x40b15493) x 9 0x00000007
core   0: 0x800048dc (0x40b50d33) sub     s10, a0, a1
core   0: 3 0x800048dc (0x40b50d33) x26 0xfffffff6
core   0: 0x800048e0 (0x01666eb3) or      t4, a2, s6
core   0: 3 0x800048e0 (0x01666eb3) x29 0xa195f8d4
core   0: 0x800048e4 (0x0138e733) or      a4, a7, s3
core   0: 3 0x800048e4 (0x0138e733) x14 0x80028ce4
core   0: 0x800048e8 (0xfa86e8e3) bltu    a3, s0, pc - 80
core   0: 3 0x800048e8 (0xfa86e8e3)
core   0: 0x800048ec (0xc5bd8c93) addi    s9, s11, -933
core   0: 3 0x800048ec (0xc5bd8c93) x25 0xfffffc5a
core   0: 0x800048f0 (0xffd00413) li      s0, -3
core   0: 3 0x800048f0 (0xffd00413) x 8 0xfffffffd
core   0: 0x800048f4 (0x0000100f) fence.i
core   0: 3 0x800048f4 (0x0000100f)
core   0: 0x800048f8 (0x00000013) nop
core   0: 3 0x800048f8 (0x00000013)
core   0: 0x800048fc (0x00f00613) li      a2, 15
core   0: 3 0x800048fc (0x00f00613) x12 0x0000000f
core   0: 0x80004900 (0x015b34b3) sltu    s1, s6, s5
core   0: 3 0x80004900 (0x015b34b3) x 9 0x00000000
core   0: 0x80004904 (0x0ff0000f) fence   iorw,iorw
core   0: 3 0x80004904 (0x0ff0000f)
core   0: 0x80004908 (0x00639b93) slli    s7, t2, 6
core   0: 3 0x80004908 (0x00639b93) x23 0xffff50c0
core   0: 0x8000490c (0x40c2df33) sra     t5, t0, a2
core   0: 3 0x8000490c (0x40c2df33) x30 0xffffffff
core   0: 0x80004910 (0x0003aeb3) slt     t4, t2, zero
core   0: 3 0x80004910 (0x0003aeb3) x29 0x00000001
core   0: 0x80004914 (0x005ee1b3) or      gp, t4, t0
core   0: 3 0x80004914 (0x005ee1b3) x 3 0xfffffff7
core   0: 0x80004918 (0x017f1d33) sll     s10, t5, s7
core   0: 3 0x80004918 (0x017f1d33) x26 0xffffffff
core   0: 0x8000491c (0x00140413) addi    s0, s0, 1
core   0: 3 0x8000491c (0x00140413) x 8 0xfffffffe
core   0: 0x80004920 (0x0ff0000f) fence   iorw,iorw
core   0: 3 0x80004920 (0x0ff0000f)
core   0: 0x80004924 (0x3c172c13) slti    s8, a4, 961
core   0: 3 0x80004924 (0x3c172c13) x24 0x00000001
core   0: 0x80004928 (0x41a05333) sra     t1, zero, s10
core   0: 3 0x80004928 (0x41a05333) x 6 0x00000000
core   0: 0x8000492c (0x00000013) nop
core   0: 3 0x8000492c (0x00000013)
core   0: 0x80004930 (0x01d2f6b3) and     a3, t0, t4
core   0: 3 0x80004930 (0x01d2f6b3) x13 0x00000000
core   0: 0x80004934 (0xfcc446e3) blt     s0, a2, pc - 52
core   0: 3 0x80004934 (0xfcc446e3)
core   0: 0x80004900 (0x015b34b3) sltu    s1, s6, s5
core   0: 3 0x80004900 (0x015b34b3) x 9 0x00000000
core   0: 0x80004904 (0x0ff0000f) fence   iorw,iorw
core   0: 3 0x80004904 (0x0ff0000f)
core   0: 0x80004908 (0x00639b93) slli    s7, t2, 6
core   0: 3 0x80004908 (0x00639b93) x23 0xffff50c0
core   0: 0x8000490c (0x40c2df33) sra     t5, t0, a2
core   0: 3 0x8000490c (0x40c2df33) x30 0xffffffff
core   0: 0x80004910 (0x0003aeb3) slt     t4, t2, zero
core   0: 3 0x80004910 (0x0003aeb3) x29 0x00000001
core   0: 0x80004914 (0x005ee1b3) or      gp, t4, t0
core   0: 3 0x80004914 (0x005ee1b3) x 3 0xfffffff7
core   0: 0x80004918 (0x017f1d33) sll     s10, t5, s7
core   0: 3 0x80004918 (0x017f1d33) x26 0xffffffff
core   0: 0x8000491c (0x00140413) addi    s0, s0, 1
core   0: 3 0x8000491c (0x00140413) x 8 0xffffffff
core   0: 0x80004920 (0x0ff0000f) fence   iorw,iorw
core   0: 3 0x80004920 (0x0ff0000f)
core   0: 0x80004924 (0x3c172c13) slti    s8, a4, 961
core   0: 3 0x80004924 (0x3c172c13) x24 0x00000001
core   0: 0x80004928 (0x41a05333) sra     t1, zero, s10
core   0: 3 0x80004928 (0x41a05333) x 6 0x00000000
core   0: 0x8000492c (0x00000013) nop
core   0: 3 0x8000492c (0x00000013)
core   0: 0x80004930 (0x01d2f6b3) and     a3, t0, t4
core   0: 3 0x80004930 (0x01d2f6b3) x13 0x00000000
core   0: 0x80004934 (0xfcc446e3) blt     s0, a2, pc - 52
core   0: 3 0x80004934 (0xfcc446e3)
core   0: 0x80004900 (0x015b34b3) sltu    s1, s6, s5
core   0: 3 0x80004900 (0x015b34b3) x 9 0x00000000
core   0: 0x80004904 (0x0ff0000f) fence   iorw,iorw
core   0: 3 0x80004904 (0x0ff0000f)
core   0: 0x80004908 (0x00639b93) slli    s7, t2, 6
core   0: 3 0x80004908 (0x00639b93) x23 0xffff50c0
core   0: 0x8000490c (0x40c2df33) sra     t5, t0, a2
core   0: 3 0x8000490c (0x40c2df33) x30 0xffffffff
core   0: 0x80004910 (0x0003aeb3) slt     t4, t2, zero
core   0: 3 0x80004910 (0x0003aeb3) x29 0x00000001
core   0: 0x80004914 (0x005ee1b3) or      gp, t4, t0
core   0: 3 0x80004914 (0x005ee1b3) x 3 0xfffffff7
core   0: 0x80004918 (0x017f1d33) sll     s10, t5, s7
core   0: 3 0x80004918 (0x017f1d33) x26 0xffffffff
core   0: 0x8000491c (0x00140413) addi    s0, s0, 1
core   0: 3 0x8000491c (0x00140413) x 8 0x00000000
core   0: 0x80004920 (0x0ff0000f) fence   iorw,iorw
core   0: 3 0x80004920 (0x0ff0000f)
core   0: 0x80004924 (0x3c172c13) slti    s8, a4, 961
core   0: 3 0x80004924 (0x3c172c13) x24 0x00000001
core   0: 0x80004928 (0x41a05333) sra     t1, zero, s10
core   0: 3 0x80004928 (0x41a05333) x 6 0x00000000
core   0: 0x8000492c (0x00000013) nop
core   0: 3 0x8000492c (0x00000013)
core   0: 0x80004930 (0x01d2f6b3) and     a3, t0, t4
core   0: 3 0x80004930 (0x01d2f6b3) x13 0x00000000
core   0: 0x80004934 (0xfcc446e3) blt     s0, a2, pc - 52
core   0: 3 0x80004934 (0xfcc446e3)
core   0: 0x80004900 (0x015b34b3) sltu    s1, s6, s5
core   0: 3 0x80004900 (0x015b34b3) x 9 0x00000000
core   0: 0x80004904 (0x0ff0000f) fence   iorw,iorw
core   0: 3 0x80004904 (0x0ff0000f)
core   0: 0x80004908 (0x00639b93) slli    s7, t2, 6
core   0: 3 0x80004908 (0x00639b93) x23 0xffff50c0
core   0: 0x8000490c (0x40c2df33) sra     t5, t0, a2
core   0: 3 0x8000490c (0x40c2df33) x30 0xffffffff
core   0: 0x80004910 (0x0003aeb3) slt     t4, t2, zero
core   0: 3 0x80004910 (0x0003aeb3) x29 0x00000001
core   0: 0x80004914 (0x005ee1b3) or      gp, t4, t0
core   0: 3 0x80004914 (0x005ee1b3) x 3 0xfffffff7
core   0: 0x80004918 (0x017f1d33) sll     s10, t5, s7
core   0: 3 0x80004918 (0x017f1d33) x26 0xffffffff
core   0: 0x8000491c (0x00140413) addi    s0, s0, 1
core   0: 3 0x8000491c (0x00140413) x 8 0x00000001
core   0: 0x80004920 (0x0ff0000f) fence   iorw,iorw
core   0: 3 0x80004920 (0x0ff0000f)
core   0: 0x80004924 (0x3c172c13) slti    s8, a4, 961
core   0: 3 0x80004924 (0x3c172c13) x24 0x00000001
core   0: 0x80004928 (0x41a05333) sra     t1, zero, s10
core   0: 3 0x80004928 (0x41a05333) x 6 0x00000000
core   0: 0x8000492c (0x00000013) nop
core   0: 3 0x8000492c (0x00000013)
core   0: 0x80004930 (0x01d2f6b3) and     a3, t0, t4
core   0: 3 0x80004930 (0x01d2f6b3) x13 0x00000000
core   0: 0x80004934 (0xfcc446e3) blt     s0, a2, pc - 52
core   0: 3 0x80004934 (0xfcc446e3)
core   0: 0x80004900 (0x015b34b3) sltu    s1, s6, s5
core   0: 3 0x80004900 (0x015b34b3) x 9 0x00000000
core   0: 0x80004904 (0x0ff0000f) fence   iorw,iorw
core   0: 3 0x80004904 (0x0ff0000f)
core   0: 0x80004908 (0x00639b93) slli    s7, t2, 6
core   0: 3 0x80004908 (0x00639b93) x23 0xffff50c0
core   0: 0x8000490c (0x40c2df33) sra     t5, t0, a2
core   0: 3 0x8000490c (0x40c2df33) x30 0xffffffff
core   0: 0x80004910 (0x0003aeb3) slt     t4, t2, zero
core   0: 3 0x80004910 (0x0003aeb3) x29 0x00000001
core   0: 0x80004914 (0x005ee1b3) or      gp, t4, t0
core   0: 3 0x80004914 (0x005ee1b3) x 3 0xfffffff7
core   0: 0x80004918 (0x017f1d33) sll     s10, t5, s7
core   0: 3 0x80004918 (0x017f1d33) x26 0xffffffff
core   0: 0x8000491c (0x00140413) addi    s0, s0, 1
core   0: 3 0x8000491c (0x00140413) x 8 0x00000002
core   0: 0x80004920 (0x0ff0000f) fence   iorw,iorw
core   0: 3 0x80004920 (0x0ff0000f)
core   0: 0x80004924 (0x3c172c13) slti    s8, a4, 961
core   0: 3 0x80004924 (0x3c172c13) x24 0x00000001
core   0: 0x80004928 (0x41a05333) sra     t1, zero, s10
core   0: 3 0x80004928 (0x41a05333) x 6 0x00000000
core   0: 0x8000492c (0x00000013) nop
core   0: 3 0x8000492c (0x00000013)
core   0: 0x80004930 (0x01d2f6b3) and     a3, t0, t4
core   0: 3 0x80004930 (0x01d2f6b3) x13 0x00000000
core   0: 0x80004934 (0xfcc446e3) blt     s0, a2, pc - 52
core   0: 3 0x80004934 (0xfcc446e3)
core   0: 0x80004900 (0x015b34b3) sltu    s1, s6, s5
core   0: 3 0x80004900 (0x015b34b3) x 9 0x00000000
core   0: 0x80004904 (0x0ff0000f) fence   iorw,iorw
core   0: 3 0x80004904 (0x0ff0000f)
core   0: 0x80004908 (0x00639b93) slli    s7, t2, 6
core   0: 3 0x80004908 (0x00639b93) x23 0xffff50c0
core   0: 0x8000490c (0x40c2df33) sra     t5, t0, a2
core   0: 3 0x8000490c (0x40c2df33) x30 0xffffffff
core   0: 0x80004910 (0x0003aeb3) slt     t4, t2, zero
core   0: 3 0x80004910 (0x0003aeb3) x29 0x00000001
core   0: 0x80004914 (0x005ee1b3) or      gp, t4, t0
core   0: 3 0x80004914 (0x005ee1b3) x 3 0xfffffff7
core   0: 0x80004918 (0x017f1d33) sll     s10, t5, s7
core   0: 3 0x80004918 (0x017f1d33) x26 0xffffffff
core   0: 0x8000491c (0x00140413) addi    s0, s0, 1
core   0: 3 0x8000491c (0x00140413) x 8 0x00000003
core   0: 0x80004920 (0x0ff0000f) fence   iorw,iorw
core   0: 3 0x80004920 (0x0ff0000f)
core   0: 0x80004924 (0x3c172c13) slti    s8, a4, 961
core   0: 3 0x80004924 (0x3c172c13) x24 0x00000001
core   0: 0x80004928 (0x41a05333) sra     t1, zero, s10
core   0: 3 0x80004928 (0x41a05333) x 6 0x00000000
core   0: 0x8000492c (0x00000013) nop
core   0: 3 0x8000492c (0x00000013)
core   0: 0x80004930 (0x01d2f6b3) and     a3, t0, t4
core   0: 3 0x80004930 (0x01d2f6b3) x13 0x00000000
core   0: 0x80004934 (0xfcc446e3) blt     s0, a2, pc - 52
core   0: 3 0x80004934 (0xfcc446e3)
core   0: 0x80004900 (0x015b34b3) sltu    s1, s6, s5
core   0: 3 0x80004900 (0x015b34b3) x 9 0x00000000
core   0: 0x80004904 (0x0ff0000f) fence   iorw,iorw
core   0: 3 0x80004904 (0x0ff0000f)
core   0: 0x80004908 (0x00639b93) slli    s7, t2, 6
core   0: 3 0x80004908 (0x00639b93) x23 0xffff50c0
core   0: 0x8000490c (0x40c2df33) sra     t5, t0, a2
core   0: 3 0x8000490c (0x40c2df33) x30 0xffffffff
core   0: 0x80004910 (0x0003aeb3) slt     t4, t2, zero
core   0: 3 0x80004910 (0x0003aeb3) x29 0x00000001
core   0: 0x80004914 (0x005ee1b3) or      gp, t4, t0
core   0: 3 0x80004914 (0x005ee1b3) x 3 0xfffffff7
core   0: 0x80004918 (0x017f1d33) sll     s10, t5, s7
core   0: 3 0x80004918 (0x017f1d33) x26 0xffffffff
core   0: 0x8000491c (0x00140413) addi    s0, s0, 1
core   0: 3 0x8000491c (0x00140413) x 8 0x00000004
core   0: 0x80004920 (0x0ff0000f) fence   iorw,iorw
core   0: 3 0x80004920 (0x0ff0000f)
core   0: 0x80004924 (0x3c172c13) slti    s8, a4, 961
core   0: 3 0x80004924 (0x3c172c13) x24 0x00000001
core   0: 0x80004928 (0x41a05333) sra     t1, zero, s10
core   0: 3 0x80004928 (0x41a05333) x 6 0x00000000
core   0: 0x8000492c (0x00000013) nop
core   0: 3 0x8000492c (0x00000013)
core   0: 0x80004930 (0x01d2f6b3) and     a3, t0, t4
core   0: 3 0x80004930 (0x01d2f6b3) x13 0x00000000
core   0: 0x80004934 (0xfcc446e3) blt     s0, a2, pc - 52
core   0: 3 0x80004934 (0xfcc446e3)
core   0: 0x80004900 (0x015b34b3) sltu    s1, s6, s5
core   0: 3 0x80004900 (0x015b34b3) x 9 0x00000000
core   0: 0x80004904 (0x0ff0000f) fence   iorw,iorw
core   0: 3 0x80004904 (0x0ff0000f)
core   0: 0x80004908 (0x00639b93) slli    s7, t2, 6
core   0: 3 0x80004908 (0x00639b93) x23 0xffff50c0
core   0: 0x8000490c (0x40c2df33) sra     t5, t0, a2
core   0: 3 0x8000490c (0x40c2df33) x30 0xffffffff
core   0: 0x80004910 (0x0003aeb3) slt     t4, t2, zero
core   0: 3 0x80004910 (0x0003aeb3) x29 0x00000001
core   0: 0x80004914 (0x005ee1b3) or      gp, t4, t0
core   0: 3 0x80004914 (0x005ee1b3) x 3 0xfffffff7
core   0: 0x80004918 (0x017f1d33) sll     s10, t5, s7
core   0: 3 0x80004918 (0x017f1d33) x26 0xffffffff
core   0: 0x8000491c (0x00140413) addi    s0, s0, 1
core   0: 3 0x8000491c (0x00140413) x 8 0x00000005
core   0: 0x80004920 (0x0ff0000f) fence   iorw,iorw
core   0: 3 0x80004920 (0x0ff0000f)
core   0: 0x80004924 (0x3c172c13) slti    s8, a4, 961
core   0: 3 0x80004924 (0x3c172c13) x24 0x00000001
core   0: 0x80004928 (0x41a05333) sra     t1, zero, s10
core   0: 3 0x80004928 (0x41a05333) x 6 0x00000000
core   0: 0x8000492c (0x00000013) nop
core   0: 3 0x8000492c (0x00000013)
core   0: 0x80004930 (0x01d2f6b3) and     a3, t0, t4
core   0: 3 0x80004930 (0x01d2f6b3) x13 0x00000000
core   0: 0x80004934 (0xfcc446e3) blt     s0, a2, pc - 52
core   0: 3 0x80004934 (0xfcc446e3)
core   0: 0x80004900 (0x015b34b3) sltu    s1, s6, s5
core   0: 3 0x80004900 (0x015b34b3) x 9 0x00000000
core   0: 0x80004904 (0x0ff0000f) fence   iorw,iorw
core   0: 3 0x80004904 (0x0ff0000f)
core   0: 0x80004908 (0x00639b93) slli    s7, t2, 6
core   0: 3 0x80004908 (0x00639b93) x23 0xffff50c0
core   0: 0x8000490c (0x40c2df33) sra     t5, t0, a2
core   0: 3 0x8000490c (0x40c2df33) x30 0xffffffff
core   0: 0x80004910 (0x0003aeb3) slt     t4, t2, zero
core   0: 3 0x80004910 (0x0003aeb3) x29 0x00000001
core   0: 0x80004914 (0x005ee1b3) or      gp, t4, t0
core   0: 3 0x80004914 (0x005ee1b3) x 3 0xfffffff7
core   0: 0x80004918 (0x017f1d33) sll     s10, t5, s7
core   0: 3 0x80004918 (0x017f1d33) x26 0xffffffff
core   0: 0x8000491c (0x00140413) addi    s0, s0, 1
core   0: 3 0x8000491c (0x00140413) x 8 0x00000006
core   0: 0x80004920 (0x0ff0000f) fence   iorw,iorw
core   0: 3 0x80004920 (0x0ff0000f)
core   0: 0x80004924 (0x3c172c13) slti    s8, a4, 961
core   0: 3 0x80004924 (0x3c172c13) x24 0x00000001
core   0: 0x80004928 (0x41a05333) sra     t1, zero, s10
core   0: 3 0x80004928 (0x41a05333) x 6 0x00000000
core   0: 0x8000492c (0x00000013) nop
core   0: 3 0x8000492c (0x00000013)
core   0: 0x80004930 (0x01d2f6b3) and     a3, t0, t4
core   0: 3 0x80004930 (0x01d2f6b3) x13 0x00000000
core   0: 0x80004934 (0xfcc446e3) blt     s0, a2, pc - 52
core   0: 3 0x80004934 (0xfcc446e3)
core   0: 0x80004900 (0x015b34b3) sltu    s1, s6, s5
core   0: 3 0x80004900 (0x015b34b3) x 9 0x00000000
core   0: 0x80004904 (0x0ff0000f) fence   iorw,iorw
core   0: 3 0x80004904 (0x0ff0000f)
core   0: 0x80004908 (0x00639b93) slli    s7, t2, 6
core   0: 3 0x80004908 (0x00639b93) x23 0xffff50c0
core   0: 0x8000490c (0x40c2df33) sra     t5, t0, a2
core   0: 3 0x8000490c (0x40c2df33) x30 0xffffffff
core   0: 0x80004910 (0x0003aeb3) slt     t4, t2, zero
core   0: 3 0x80004910 (0x0003aeb3) x29 0x00000001
core   0: 0x80004914 (0x005ee1b3) or      gp, t4, t0
core   0: 3 0x80004914 (0x005ee1b3) x 3 0xfffffff7
core   0: 0x80004918 (0x017f1d33) sll     s10, t5, s7
core   0: 3 0x80004918 (0x017f1d33) x26 0xffffffff
core   0: 0x8000491c (0x00140413) addi    s0, s0, 1
core   0: 3 0x8000491c (0x00140413) x 8 0x00000007
core   0: 0x80004920 (0x0ff0000f) fence   iorw,iorw
core   0: 3 0x80004920 (0x0ff0000f)
core   0: 0x80004924 (0x3c172c13) slti    s8, a4, 961
core   0: 3 0x80004924 (0x3c172c13) x24 0x00000001
core   0: 0x80004928 (0x41a05333) sra     t1, zero, s10
core   0: 3 0x80004928 (0x41a05333) x 6 0x00000000
core   0: 0x8000492c (0x00000013) nop
core   0: 3 0x8000492c (0x00000013)
core   0: 0x80004930 (0x01d2f6b3) and     a3, t0, t4
core   0: 3 0x80004930 (0x01d2f6b3) x13 0x00000000
core   0: 0x80004934 (0xfcc446e3) blt     s0, a2, pc - 52
core   0: 3 0x80004934 (0xfcc446e3)
core   0: 0x80004900 (0x015b34b3) sltu    s1, s6, s5
core   0: 3 0x80004900 (0x015b34b3) x 9 0x00000000
core   0: 0x80004904 (0x0ff0000f) fence   iorw,iorw
core   0: 3 0x80004904 (0x0ff0000f)
core   0: 0x80004908 (0x00639b93) slli    s7, t2, 6
core   0: 3 0x80004908 (0x00639b93) x23 0xffff50c0
core   0: 0x8000490c (0x40c2df33) sra     t5, t0, a2
core   0: 3 0x8000490c (0x40c2df33) x30 0xffffffff
core   0: 0x80004910 (0x0003aeb3) slt     t4, t2, zero
core   0: 3 0x80004910 (0x0003aeb3) x29 0x00000001
core   0: 0x80004914 (0x005ee1b3) or      gp, t4, t0
core   0: 3 0x80004914 (0x005ee1b3) x 3 0xfffffff7
core   0: 0x80004918 (0x017f1d33) sll     s10, t5, s7
core   0: 3 0x80004918 (0x017f1d33) x26 0xffffffff
core   0: 0x8000491c (0x00140413) addi    s0, s0, 1
core   0: 3 0x8000491c (0x00140413) x 8 0x00000008
core   0: 0x80004920 (0x0ff0000f) fence   iorw,iorw
core   0: 3 0x80004920 (0x0ff0000f)
core   0: 0x80004924 (0x3c172c13) slti    s8, a4, 961
core   0: 3 0x80004924 (0x3c172c13) x24 0x00000001
core   0: 0x80004928 (0x41a05333) sra     t1, zero, s10
core   0: 3 0x80004928 (0x41a05333) x 6 0x00000000
core   0: 0x8000492c (0x00000013) nop
core   0: 3 0x8000492c (0x00000013)
core   0: 0x80004930 (0x01d2f6b3) and     a3, t0, t4
core   0: 3 0x80004930 (0x01d2f6b3) x13 0x00000000
core   0: 0x80004934 (0xfcc446e3) blt     s0, a2, pc - 52
core   0: 3 0x80004934 (0xfcc446e3)
core   0: 0x80004900 (0x015b34b3) sltu    s1, s6, s5
core   0: 3 0x80004900 (0x015b34b3) x 9 0x00000000
core   0: 0x80004904 (0x0ff0000f) fence   iorw,iorw
core   0: 3 0x80004904 (0x0ff0000f)
core   0: 0x80004908 (0x00639b93) slli    s7, t2, 6
core   0: 3 0x80004908 (0x00639b93) x23 0xffff50c0
core   0: 0x8000490c (0x40c2df33) sra     t5, t0, a2
core   0: 3 0x8000490c (0x40c2df33) x30 0xffffffff
core   0: 0x80004910 (0x0003aeb3) slt     t4, t2, zero
core   0: 3 0x80004910 (0x0003aeb3) x29 0x00000001
core   0: 0x80004914 (0x005ee1b3) or      gp, t4, t0
core   0: 3 0x80004914 (0x005ee1b3) x 3 0xfffffff7
core   0: 0x80004918 (0x017f1d33) sll     s10, t5, s7
core   0: 3 0x80004918 (0x017f1d33) x26 0xffffffff
core   0: 0x8000491c (0x00140413) addi    s0, s0, 1
core   0: 3 0x8000491c (0x00140413) x 8 0x00000009
core   0: 0x80004920 (0x0ff0000f) fence   iorw,iorw
core   0: 3 0x80004920 (0x0ff0000f)
core   0: 0x80004924 (0x3c172c13) slti    s8, a4, 961
core   0: 3 0x80004924 (0x3c172c13) x24 0x00000001
core   0: 0x80004928 (0x41a05333) sra     t1, zero, s10
core   0: 3 0x80004928 (0x41a05333) x 6 0x00000000
core   0: 0x8000492c (0x00000013) nop
core   0: 3 0x8000492c (0x00000013)
core   0: 0x80004930 (0x01d2f6b3) and     a3, t0, t4
core   0: 3 0x80004930 (0x01d2f6b3) x13 0x00000000
core   0: 0x80004934 (0xfcc446e3) blt     s0, a2, pc - 52
core   0: 3 0x80004934 (0xfcc446e3)
core   0: 0x80004900 (0x015b34b3) sltu    s1, s6, s5
core   0: 3 0x80004900 (0x015b34b3) x 9 0x00000000
core   0: 0x80004904 (0x0ff0000f) fence   iorw,iorw
core   0: 3 0x80004904 (0x0ff0000f)
core   0: 0x80004908 (0x00639b93) slli    s7, t2, 6
core   0: 3 0x80004908 (0x00639b93) x23 0xffff50c0
core   0: 0x8000490c (0x40c2df33) sra     t5, t0, a2
core   0: 3 0x8000490c (0x40c2df33) x30 0xffffffff
core   0: 0x80004910 (0x0003aeb3) slt     t4, t2, zero
core   0: 3 0x80004910 (0x0003aeb3) x29 0x00000001
core   0: 0x80004914 (0x005ee1b3) or      gp, t4, t0
core   0: 3 0x80004914 (0x005ee1b3) x 3 0xfffffff7
core   0: 0x80004918 (0x017f1d33) sll     s10, t5, s7
core   0: 3 0x80004918 (0x017f1d33) x26 0xffffffff
core   0: 0x8000491c (0x00140413) addi    s0, s0, 1
core   0: 3 0x8000491c (0x00140413) x 8 0x0000000a
core   0: 0x80004920 (0x0ff0000f) fence   iorw,iorw
core   0: 3 0x80004920 (0x0ff0000f)
core   0: 0x80004924 (0x3c172c13) slti    s8, a4, 961
core   0: 3 0x80004924 (0x3c172c13) x24 0x00000001
core   0: 0x80004928 (0x41a05333) sra     t1, zero, s10
core   0: 3 0x80004928 (0x41a05333) x 6 0x00000000
core   0: 0x8000492c (0x00000013) nop
core   0: 3 0x8000492c (0x00000013)
core   0: 0x80004930 (0x01d2f6b3) and     a3, t0, t4
core   0: 3 0x80004930 (0x01d2f6b3) x13 0x00000000
core   0: 0x80004934 (0xfcc446e3) blt     s0, a2, pc - 52
core   0: 3 0x80004934 (0xfcc446e3)
core   0: 0x80004900 (0x015b34b3) sltu    s1, s6, s5
core   0: 3 0x80004900 (0x015b34b3) x 9 0x00000000
core   0: 0x80004904 (0x0ff0000f) fence   iorw,iorw
core   0: 3 0x80004904 (0x0ff0000f)
core   0: 0x80004908 (0x00639b93) slli    s7, t2, 6
core   0: 3 0x80004908 (0x00639b93) x23 0xffff50c0
core   0: 0x8000490c (0x40c2df33) sra     t5, t0, a2
core   0: 3 0x8000490c (0x40c2df33) x30 0xffffffff
core   0: 0x80004910 (0x0003aeb3) slt     t4, t2, zero
core   0: 3 0x80004910 (0x0003aeb3) x29 0x00000001
core   0: 0x80004914 (0x005ee1b3) or      gp, t4, t0
core   0: 3 0x80004914 (0x005ee1b3) x 3 0xfffffff7
core   0: 0x80004918 (0x017f1d33) sll     s10, t5, s7
core   0: 3 0x80004918 (0x017f1d33) x26 0xffffffff
core   0: 0x8000491c (0x00140413) addi    s0, s0, 1
core   0: 3 0x8000491c (0x00140413) x 8 0x0000000b
core   0: 0x80004920 (0x0ff0000f) fence   iorw,iorw
core   0: 3 0x80004920 (0x0ff0000f)
core   0: 0x80004924 (0x3c172c13) slti    s8, a4, 961
core   0: 3 0x80004924 (0x3c172c13) x24 0x00000001
core   0: 0x80004928 (0x41a05333) sra     t1, zero, s10
core   0: 3 0x80004928 (0x41a05333) x 6 0x00000000
core   0: 0x8000492c (0x00000013) nop
core   0: 3 0x8000492c (0x00000013)
core   0: 0x80004930 (0x01d2f6b3) and     a3, t0, t4
core   0: 3 0x80004930 (0x01d2f6b3) x13 0x00000000
core   0: 0x80004934 (0xfcc446e3) blt     s0, a2, pc - 52
core   0: 3 0x80004934 (0xfcc446e3)
core   0: 0x80004900 (0x015b34b3) sltu    s1, s6, s5
core   0: 3 0x80004900 (0x015b34b3) x 9 0x00000000
core   0: 0x80004904 (0x0ff0000f) fence   iorw,iorw
core   0: 3 0x80004904 (0x0ff0000f)
core   0: 0x80004908 (0x00639b93) slli    s7, t2, 6
core   0: 3 0x80004908 (0x00639b93) x23 0xffff50c0
core   0: 0x8000490c (0x40c2df33) sra     t5, t0, a2
core   0: 3 0x8000490c (0x40c2df33) x30 0xffffffff
core   0: 0x80004910 (0x0003aeb3) slt     t4, t2, zero
core   0: 3 0x80004910 (0x0003aeb3) x29 0x00000001
core   0: 0x80004914 (0x005ee1b3) or      gp, t4, t0
core   0: 3 0x80004914 (0x005ee1b3) x 3 0xfffffff7
core   0: 0x80004918 (0x017f1d33) sll     s10, t5, s7
core   0: 3 0x80004918 (0x017f1d33) x26 0xffffffff
core   0: 0x8000491c (0x00140413) addi    s0, s0, 1
core   0: 3 0x8000491c (0x00140413) x 8 0x0000000c
core   0: 0x80004920 (0x0ff0000f) fence   iorw,iorw
core   0: 3 0x80004920 (0x0ff0000f)
core   0: 0x80004924 (0x3c172c13) slti    s8, a4, 961
core   0: 3 0x80004924 (0x3c172c13) x24 0x00000001
core   0: 0x80004928 (0x41a05333) sra     t1, zero, s10
core   0: 3 0x80004928 (0x41a05333) x 6 0x00000000
core   0: 0x8000492c (0x00000013) nop
core   0: 3 0x8000492c (0x00000013)
core   0: 0x80004930 (0x01d2f6b3) and     a3, t0, t4
core   0: 3 0x80004930 (0x01d2f6b3) x13 0x00000000
core   0: 0x80004934 (0xfcc446e3) blt     s0, a2, pc - 52
core   0: 3 0x80004934 (0xfcc446e3)
core   0: 0x80004900 (0x015b34b3) sltu    s1, s6, s5
core   0: 3 0x80004900 (0x015b34b3) x 9 0x00000000
core   0: 0x80004904 (0x0ff0000f) fence   iorw,iorw
core   0: 3 0x80004904 (0x0ff0000f)
core   0: 0x80004908 (0x00639b93) slli    s7, t2, 6
core   0: 3 0x80004908 (0x00639b93) x23 0xffff50c0
core   0: 0x8000490c (0x40c2df33) sra     t5, t0, a2
core   0: 3 0x8000490c (0x40c2df33) x30 0xffffffff
core   0: 0x80004910 (0x0003aeb3) slt     t4, t2, zero
core   0: 3 0x80004910 (0x0003aeb3) x29 0x00000001
core   0: 0x80004914 (0x005ee1b3) or      gp, t4, t0
core   0: 3 0x80004914 (0x005ee1b3) x 3 0xfffffff7
core   0: 0x80004918 (0x017f1d33) sll     s10, t5, s7
core   0: 3 0x80004918 (0x017f1d33) x26 0xffffffff
core   0: 0x8000491c (0x00140413) addi    s0, s0, 1
core   0: 3 0x8000491c (0x00140413) x 8 0x0000000d
core   0: 0x80004920 (0x0ff0000f) fence   iorw,iorw
core   0: 3 0x80004920 (0x0ff0000f)
core   0: 0x80004924 (0x3c172c13) slti    s8, a4, 961
core   0: 3 0x80004924 (0x3c172c13) x24 0x00000001
core   0: 0x80004928 (0x41a05333) sra     t1, zero, s10
core   0: 3 0x80004928 (0x41a05333) x 6 0x00000000
core   0: 0x8000492c (0x00000013) nop
core   0: 3 0x8000492c (0x00000013)
core   0: 0x80004930 (0x01d2f6b3) and     a3, t0, t4
core   0: 3 0x80004930 (0x01d2f6b3) x13 0x00000000
core   0: 0x80004934 (0xfcc446e3) blt     s0, a2, pc - 52
core   0: 3 0x80004934 (0xfcc446e3)
core   0: 0x80004900 (0x015b34b3) sltu    s1, s6, s5
core   0: 3 0x80004900 (0x015b34b3) x 9 0x00000000
core   0: 0x80004904 (0x0ff0000f) fence   iorw,iorw
core   0: 3 0x80004904 (0x0ff0000f)
core   0: 0x80004908 (0x00639b93) slli    s7, t2, 6
core   0: 3 0x80004908 (0x00639b93) x23 0xffff50c0
core   0: 0x8000490c (0x40c2df33) sra     t5, t0, a2
core   0: 3 0x8000490c (0x40c2df33) x30 0xffffffff
core   0: 0x80004910 (0x0003aeb3) slt     t4, t2, zero
core   0: 3 0x80004910 (0x0003aeb3) x29 0x00000001
core   0: 0x80004914 (0x005ee1b3) or      gp, t4, t0
core   0: 3 0x80004914 (0x005ee1b3) x 3 0xfffffff7
core   0: 0x80004918 (0x017f1d33) sll     s10, t5, s7
core   0: 3 0x80004918 (0x017f1d33) x26 0xffffffff
core   0: 0x8000491c (0x00140413) addi    s0, s0, 1
core   0: 3 0x8000491c (0x00140413) x 8 0x0000000e
core   0: 0x80004920 (0x0ff0000f) fence   iorw,iorw
core   0: 3 0x80004920 (0x0ff0000f)
core   0: 0x80004924 (0x3c172c13) slti    s8, a4, 961
core   0: 3 0x80004924 (0x3c172c13) x24 0x00000001
core   0: 0x80004928 (0x41a05333) sra     t1, zero, s10
core   0: 3 0x80004928 (0x41a05333) x 6 0x00000000
core   0: 0x8000492c (0x00000013) nop
core   0: 3 0x8000492c (0x00000013)
core   0: 0x80004930 (0x01d2f6b3) and     a3, t0, t4
core   0: 3 0x80004930 (0x01d2f6b3) x13 0x00000000
core   0: 0x80004934 (0xfcc446e3) blt     s0, a2, pc - 52
core   0: 3 0x80004934 (0xfcc446e3)
core   0: 0x80004900 (0x015b34b3) sltu    s1, s6, s5
core   0: 3 0x80004900 (0x015b34b3) x 9 0x00000000
core   0: 0x80004904 (0x0ff0000f) fence   iorw,iorw
core   0: 3 0x80004904 (0x0ff0000f)
core   0: 0x80004908 (0x00639b93) slli    s7, t2, 6
core   0: 3 0x80004908 (0x00639b93) x23 0xffff50c0
core   0: 0x8000490c (0x40c2df33) sra     t5, t0, a2
core   0: 3 0x8000490c (0x40c2df33) x30 0xffffffff
core   0: 0x80004910 (0x0003aeb3) slt     t4, t2, zero
core   0: 3 0x80004910 (0x0003aeb3) x29 0x00000001
core   0: 0x80004914 (0x005ee1b3) or      gp, t4, t0
core   0: 3 0x80004914 (0x005ee1b3) x 3 0xfffffff7
core   0: 0x80004918 (0x017f1d33) sll     s10, t5, s7
core   0: 3 0x80004918 (0x017f1d33) x26 0xffffffff
core   0: 0x8000491c (0x00140413) addi    s0, s0, 1
core   0: 3 0x8000491c (0x00140413) x 8 0x0000000f
core   0: 0x80004920 (0x0ff0000f) fence   iorw,iorw
core   0: 3 0x80004920 (0x0ff0000f)
core   0: 0x80004924 (0x3c172c13) slti    s8, a4, 961
core   0: 3 0x80004924 (0x3c172c13) x24 0x00000001
core   0: 0x80004928 (0x41a05333) sra     t1, zero, s10
core   0: 3 0x80004928 (0x41a05333) x 6 0x00000000
core   0: 0x8000492c (0x00000013) nop
core   0: 3 0x8000492c (0x00000013)
core   0: 0x80004930 (0x01d2f6b3) and     a3, t0, t4
core   0: 3 0x80004930 (0x01d2f6b3) x13 0x00000000
core   0: 0x80004934 (0xfcc446e3) blt     s0, a2, pc - 52
core   0: 3 0x80004934 (0xfcc446e3)
core   0: 0x80004938 (0x01469c13) slli    s8, a3, 20
core   0: 3 0x80004938 (0x01469c13) x24 0x00000000
core   0: 0x8000493c (0x00a00413) li      s0, 10
core   0: 3 0x8000493c (0x00a00413) x 8 0x0000000a
core   0: 0x80004940 (0x0ff0000f) fence   iorw,iorw
core   0: 3 0x80004940 (0x0ff0000f)
core   0: 0x80004944 (0x09847593) andi    a1, s0, 152
core   0: 3 0x80004944 (0x09847593) x11 0x00000008
core   0: 0x80004948 (0x409c5993) srai    s3, s8, 9
core   0: 3 0x80004948 (0x409c5993) x19 0x00000000
core   0: 0x8000494c (0x00070ab3) add     s5, a4, zero
core   0: 3 0x8000494c (0x00070ab3) x21 0x80028ce4
core   0: 0x80004950 (0x0ff0000f) fence   iorw,iorw
core   0: 3 0x80004950 (0x0ff0000f)
core   0: 0x80004954 (0x01f66633) or      a2, a2, t6
core   0: 3 0x80004954 (0x01f66633) x12 0x0000000f
core   0: 0x80004958 (0x002b8c33) add     s8, s7, sp
core   0: 3 0x80004958 (0x002b8c33) x24 0xffff90bf
core   0: 0x8000495c (0x00100493) li      s1, 1
core   0: 3 0x8000495c (0x00100493) x 9 0x00000001
core   0: 0x80004960 (0x00542a33) slt     s4, s0, t0
core   0: 3 0x80004960 (0x00542a33) x20 0x00000000
core   0: 0x80004964 (0xff940413) addi    s0, s0, -7
core   0: 3 0x80004964 (0xff940413) x 8 0x00000003
core   0: 0x80004968 (0x8f871d17) auipc   s10, 0x8f871
core   0: 3 0x80004968 (0x8f871d17) x26 0x0f875968
core   0: 0x8000496c (0x0078b6b3) sltu    a3, a7, t2
core   0: 3 0x8000496c (0x0078b6b3) x13 0x00000001
core   0: 0x80004970 (0xdca32697) auipc   a3, 0xdca32
core   0: 3 0x80004970 (0xdca32697) x13 0x5ca36970
core   0: 0x80004974 (0x41975a33) sra     s4, a4, s9
core   0: 3 0x80004974 (0x41975a33) x20 0xffffffe0
core   0: 0x80004978 (0xeccddf17) auipc   t5, 0xeccdd
core   0: 3 0x80004978 (0xeccddf17) x30 0x6cce1978
core   0: 0x8000497c (0x4735cf93) xori    t6, a1, 1139
core   0: 3 0x8000497c (0x4735cf93) x31 0x0000047b
core   0: 0x80004980 (0xfe9450e3) bge     s0, s1, pc - 32
core   0: 3 0x80004980 (0xfe9450e3)
core   0: 0x80004960 (0x00542a33) slt     s4, s0, t0
core   0: 3 0x80004960 (0x00542a33) x20 0x00000000
core   0: 0x80004964 (0xff940413) addi    s0, s0, -7
core   0: 3 0x80004964 (0xff940413) x 8 0xfffffffc
core   0: 0x80004968 (0x8f871d17) auipc   s10, 0x8f871
core   0: 3 0x80004968 (0x8f871d17) x26 0x0f875968
core   0: 0x8000496c (0x0078b6b3) sltu    a3, a7, t2
core   0: 3 0x8000496c (0x0078b6b3) x13 0x00000001
core   0: 0x80004970 (0xdca32697) auipc   a3, 0xdca32
core   0: 3 0x80004970 (0xdca32697) x13 0x5ca36970
core   0: 0x80004974 (0x41975a33) sra     s4, a4, s9
core   0: 3 0x80004974 (0x41975a33) x20 0xffffffe0
core   0: 0x80004978 (0xeccddf17) auipc   t5, 0xeccdd
core   0: 3 0x80004978 (0xeccddf17) x30 0x6cce1978
core   0: 0x8000497c (0x4735cf93) xori    t6, a1, 1139
core   0: 3 0x8000497c (0x4735cf93) x31 0x0000047b
core   0: 0x80004980 (0xfe9450e3) bge     s0, s1, pc - 32
core   0: 3 0x80004980 (0xfe9450e3)
core   0: 0x80004984 (0x00179db3) sll     s11, a5, ra
core   0: 3 0x80004984 (0x00179db3) x27 0x00093810
core   0: 0x80004988 (0x00a00a93) li      s5, 10
core   0: 3 0x80004988 (0x00a00a93) x21 0x0000000a
core   0: 0x8000498c (0x00a00693) li      a3, 10
core   0: 3 0x8000498c (0x00a00693) x13 0x0000000a
core   0: 0x80004990 (0x00e03db7) lui     s11, 0xe03
core   0: 3 0x80004990 (0x00e03db7) x27 0x00e03000
core   0: 0x80004994 (0x0469ae13) slti    t3, s3, 70
core   0: 3 0x80004994 (0x0469ae13) x28 0x00000001
core   0: 0x80004998 (0xffaa8a93) addi    s5, s5, -6
core   0: 3 0x80004998 (0xffaa8a93) x21 0x00000004
core   0: 0x8000499c (0xff900113) li      sp, -7
core   0: 3 0x8000499c (0xff900113) x 2 0xfffffff9
core   0: 0x800049a0 (0xff500993) li      s3, -11
core   0: 3 0x800049a0 (0xff500993) x19 0xfffffff5
core   0: 0x800049a4 (0x005ffa33) and     s4, t6, t0
core   0: 3 0x800049a4 (0x005ffa33) x20 0x00000472
core   0: 0x800049a8 (0x5ef0fc93) andi    s9, ra, 1519
core   0: 3 0x800049a8 (0x5ef0fc93) x25 0x00000002
core   0: 0x800049ac (0xff810113) addi    sp, sp, -8
core   0: 3 0x800049ac (0xff810113) x 2 0xfffffff1
core   0: 0x800049b0 (0xff315ae3) bge     sp, s3, pc - 12
core   0: 3 0x800049b0 (0xff315ae3)
core   0: 0x800049b4 (0xfedad0e3) bge     s5, a3, pc - 32
core   0: 3 0x800049b4 (0xfedad0e3)
core   0: 0x800049b8 (0x6ffd0017) auipc   zero, 0x6ffd0
core   0: 3 0x800049b8 (0x6ffd0017)
core   0: 0x800049bc (0xffb00b13) li      s6, -5
core   0: 3 0x800049bc (0xffb00b13) x22 0xfffffffb
core   0: 0x800049c0 (0xd6062193) slti    gp, a2, -672
core   0: 3 0x800049c0 (0xd6062193) x 3 0x00000000
core   0: 0x800049c4 (0x0ff0000f) fence   iorw,iorw
core   0: 3 0x800049c4 (0x0ff0000f)
core   0: 0x800049c8 (0x01300913) li      s2, 19
core   0: 3 0x800049c8 (0x01300913) x18 0x00000013
core   0: 0x800049cc (0x41e58db3) sub     s11, a1, t5
core   0: 3 0x800049cc (0x41e58db3) x27 0x9331e690
core   0: 0x800049d0 (0x015d2333) slt     t1, s10, s5
core   0: 3 0x800049d0 (0x015d2333) x 6 0x00000000
core   0: 0x800049d4 (0x0ff0000f) fence   iorw,iorw
core   0: 3 0x800049d4 (0x0ff0000f)
core   0: 0x800049d8 (0x00c5d493) srli    s1, a1, 12
core   0: 3 0x800049d8 (0x00c5d493) x 9 0x00000000
core   0: 0x800049dc (0x418b8eb3) sub     t4, s7, s8
core   0: 3 0x800049dc (0x418b8eb3) x29 0xffffc001
core   0: 0x800049e0 (0x59514093) xori    ra, sp, 1429
core   0: 3 0x800049e0 (0x59514093) x 1 0xfffffa64
core   0: 0x800049e4 (0x002b0b13) addi    s6, s6, 2
core   0: 3 0x800049e4 (0x002b0b13) x22 0xfffffffd
core   0: 0x800049e8 (0xff2b4ae3) blt     s6, s2, pc - 12
core   0: 3 0x800049e8 (0xff2b4ae3)
core   0: 0x800049dc (0x418b8eb3) sub     t4, s7, s8
core   0: 3 0x800049dc (0x418b8eb3) x29 0xffffc001
core   0: 0x800049e0 (0x59514093) xori    ra, sp, 1429
core   0: 3 0x800049e0 (0x59514093) x 1 0xfffffa64
core   0: 0x800049e4 (0x002b0b13) addi    s6, s6, 2
core   0: 3 0x800049e4 (0x002b0b13) x22 0xffffffff
core   0: 0x800049e8 (0xff2b4ae3) blt     s6, s2, pc - 12
core   0: 3 0x800049e8 (0xff2b4ae3)
core   0: 0x800049dc (0x418b8eb3) sub     t4, s7, s8
core   0: 3 0x800049dc (0x418b8eb3) x29 0xffffc001
core   0: 0x800049e0 (0x59514093) xori    ra, sp, 1429
core   0: 3 0x800049e0 (0x59514093) x 1 0xfffffa64
core   0: 0x800049e4 (0x002b0b13) addi    s6, s6, 2
core   0: 3 0x800049e4 (0x002b0b13) x22 0x00000001
core   0: 0x800049e8 (0xff2b4ae3) blt     s6, s2, pc - 12
core   0: 3 0x800049e8 (0xff2b4ae3)
core   0: 0x800049dc (0x418b8eb3) sub     t4, s7, s8
core   0: 3 0x800049dc (0x418b8eb3) x29 0xffffc001
core   0: 0x800049e0 (0x59514093) xori    ra, sp, 1429
core   0: 3 0x800049e0 (0x59514093) x 1 0xfffffa64
core   0: 0x800049e4 (0x002b0b13) addi    s6, s6, 2
core   0: 3 0x800049e4 (0x002b0b13) x22 0x00000003
core   0: 0x800049e8 (0xff2b4ae3) blt     s6, s2, pc - 12
core   0: 3 0x800049e8 (0xff2b4ae3)
core   0: 0x800049dc (0x418b8eb3) sub     t4, s7, s8
core   0: 3 0x800049dc (0x418b8eb3) x29 0xffffc001
core   0: 0x800049e0 (0x59514093) xori    ra, sp, 1429
core   0: 3 0x800049e0 (0x59514093) x 1 0xfffffa64
core   0: 0x800049e4 (0x002b0b13) addi    s6, s6, 2
core   0: 3 0x800049e4 (0x002b0b13) x22 0x00000005
core   0: 0x800049e8 (0xff2b4ae3) blt     s6, s2, pc - 12
core   0: 3 0x800049e8 (0xff2b4ae3)
core   0: 0x800049dc (0x418b8eb3) sub     t4, s7, s8
core   0: 3 0x800049dc (0x418b8eb3) x29 0xffffc001
core   0: 0x800049e0 (0x59514093) xori    ra, sp, 1429
core   0: 3 0x800049e0 (0x59514093) x 1 0xfffffa64
core   0: 0x800049e4 (0x002b0b13) addi    s6, s6, 2
core   0: 3 0x800049e4 (0x002b0b13) x22 0x00000007
core   0: 0x800049e8 (0xff2b4ae3) blt     s6, s2, pc - 12
core   0: 3 0x800049e8 (0xff2b4ae3)
core   0: 0x800049dc (0x418b8eb3) sub     t4, s7, s8
core   0: 3 0x800049dc (0x418b8eb3) x29 0xffffc001
core   0: 0x800049e0 (0x59514093) xori    ra, sp, 1429
core   0: 3 0x800049e0 (0x59514093) x 1 0xfffffa64
core   0: 0x800049e4 (0x002b0b13) addi    s6, s6, 2
core   0: 3 0x800049e4 (0x002b0b13) x22 0x00000009
core   0: 0x800049e8 (0xff2b4ae3) blt     s6, s2, pc - 12
core   0: 3 0x800049e8 (0xff2b4ae3)
core   0: 0x800049dc (0x418b8eb3) sub     t4, s7, s8
core   0: 3 0x800049dc (0x418b8eb3) x29 0xffffc001
core   0: 0x800049e0 (0x59514093) xori    ra, sp, 1429
core   0: 3 0x800049e0 (0x59514093) x 1 0xfffffa64
core   0: 0x800049e4 (0x002b0b13) addi    s6, s6, 2
core   0: 3 0x800049e4 (0x002b0b13) x22 0x0000000b
core   0: 0x800049e8 (0xff2b4ae3) blt     s6, s2, pc - 12
core   0: 3 0x800049e8 (0xff2b4ae3)
core   0: 0x800049dc (0x418b8eb3) sub     t4, s7, s8
core   0: 3 0x800049dc (0x418b8eb3) x29 0xffffc001
core   0: 0x800049e0 (0x59514093) xori    ra, sp, 1429
core   0: 3 0x800049e0 (0x59514093) x 1 0xfffffa64
core   0: 0x800049e4 (0x002b0b13) addi    s6, s6, 2
core   0: 3 0x800049e4 (0x002b0b13) x22 0x0000000d
core   0: 0x800049e8 (0xff2b4ae3) blt     s6, s2, pc - 12
core   0: 3 0x800049e8 (0xff2b4ae3)
core   0: 0x800049dc (0x418b8eb3) sub     t4, s7, s8
core   0: 3 0x800049dc (0x418b8eb3) x29 0xffffc001
core   0: 0x800049e0 (0x59514093) xori    ra, sp, 1429
core   0: 3 0x800049e0 (0x59514093) x 1 0xfffffa64
core   0: 0x800049e4 (0x002b0b13) addi    s6, s6, 2
core   0: 3 0x800049e4 (0x002b0b13) x22 0x0000000f
core   0: 0x800049e8 (0xff2b4ae3) blt     s6, s2, pc - 12
core   0: 3 0x800049e8 (0xff2b4ae3)
core   0: 0x800049dc (0x418b8eb3) sub     t4, s7, s8
core   0: 3 0x800049dc (0x418b8eb3) x29 0xffffc001
core   0: 0x800049e0 (0x59514093) xori    ra, sp, 1429
core   0: 3 0x800049e0 (0x59514093) x 1 0xfffffa64
core   0: 0x800049e4 (0x002b0b13) addi    s6, s6, 2
core   0: 3 0x800049e4 (0x002b0b13) x22 0x00000011
core   0: 0x800049e8 (0xff2b4ae3) blt     s6, s2, pc - 12
core   0: 3 0x800049e8 (0xff2b4ae3)
core   0: 0x800049dc (0x418b8eb3) sub     t4, s7, s8
core   0: 3 0x800049dc (0x418b8eb3) x29 0xffffc001
core   0: 0x800049e0 (0x59514093) xori    ra, sp, 1429
core   0: 3 0x800049e0 (0x59514093) x 1 0xfffffa64
core   0: 0x800049e4 (0x002b0b13) addi    s6, s6, 2
core   0: 3 0x800049e4 (0x002b0b13) x22 0x00000013
core   0: 0x800049e8 (0xff2b4ae3) blt     s6, s2, pc - 12
core   0: 3 0x800049e8 (0xff2b4ae3)
core   0: 0x800049ec (0xe3dccf13) xori    t5, s9, -451
core   0: 3 0x800049ec (0xe3dccf13) x30 0xfffffe3f
core   0: 0x800049f0 (0x00100493) li      s1, 1
core   0: 3 0x800049f0 (0x00100493) x 9 0x00000001
core   0: 0x800049f4 (0x01a81393) slli    t2, a6, 26
core   0: 3 0x800049f4 (0x01a81393) x 7 0x00000000
core   0: 0x800049f8 (0x003225b3) slt     a1, tp, gp
core   0: 3 0x800049f8 (0x003225b3) x11 0x00000000
core   0: 0x800049fc (0x01df9a33) sll     s4, t6, t4
core   0: 3 0x800049fc (0x01df9a33) x20 0x000008f6
core   0: 0x80004a00 (0xffe00993) li      s3, -2
core   0: 3 0x80004a00 (0xffe00993) x19 0xfffffffe
core   0: 0x80004a04 (0x00000013) nop
core   0: 3 0x80004a04 (0x00000013)
core   0: 0x80004a08 (0x41fe5a93) srai    s5, t3, 31
core   0: 3 0x80004a08 (0x41fe5a93) x21 0x00000000
core   0: 0x80004a0c (0xffd48493) addi    s1, s1, -3
core   0: 3 0x80004a0c (0xffd48493) x 9 0xfffffffe
core   0: 0x80004a10 (0x41845d93) srai    s11, s0, 24
core   0: 3 0x80004a10 (0x41845d93) x27 0xffffffff
core   0: 0x80004a14 (0x011aedb3) or      s11, s5, a7
core   0: 3 0x80004a14 (0x011aedb3) x27 0x80028ce4
core   0: 0x80004a18 (0xffb00093) li      ra, -5
core   0: 3 0x80004a18 (0xffb00093) x 1 0xfffffffb
core   0: 0x80004a1c (0x4049d533) sra     a0, s3, tp
core   0: 3 0x80004a1c (0x4049d533) x10 0xfffffffe
core   0: 0x80004a20 (0x00300193) li      gp, 3
core   0: 3 0x80004a20 (0x00300193) x 3 0x00000003
core   0: 0x80004a24 (0x00000013) nop
core   0: 3 0x80004a24 (0x00000013)
core   0: 0x80004a28 (0x01f5ddb3) srl     s11, a1, t6
core   0: 3 0x80004a28 (0x01f5ddb3) x27 0x00000000
core   0: 0x80004a2c (0x10bd0393) addi    t2, s10, 267
core   0: 3 0x80004a2c (0x10bd0393) x 7 0x0f875a73
core   0: 0x80004a30 (0x40288233) sub     tp, a7, sp
core   0: 3 0x80004a30 (0x40288233) x 4 0x80028cf3
core   0: 0x80004a34 (0x41105ab3) sra     s5, zero, a7
core   0: 3 0x80004a34 (0x41105ab3) x21 0x00000000
core   0: 0x80004a38 (0x01574233) xor     tp, a4, s5
core   0: 3 0x80004a38 (0x01574233) x 4 0x80028ce4
core   0: 0x80004a3c (0x013a6033) or      zero, s4, s3
core   0: 3 0x80004a3c (0x013a6033)
core   0: 0x80004a40 (0x3e931e37) lui     t3, 0x3e931
core   0: 3 0x80004a40 (0x3e931e37) x28 0x3e931000
core   0: 0x80004a44 (0x00108093) addi    ra, ra, 1
core   0: 3 0x80004a44 (0x00108093) x 1 0xfffffffc
core   0: 0x80004a48 (0xaa467593) andi    a1, a2, -1372
core   0: 3 0x80004a48 (0xaa467593) x11 0x00000004
core   0: 0x80004a4c (0x0132f613) andi    a2, t0, 19
core   0: 3 0x80004a4c (0x0132f613) x12 0x00000012
core   0: 0x80004a50 (0xfe3080e3) beq     ra, gp, pc - 32
core   0: 3 0x80004a50 (0xfe3080e3)
core   0: 0x80004a54 (0x41860533) sub     a0, a2, s8
core   0: 3 0x80004a54 (0x41860533) x10 0x00006f53
core   0: 0x80004a58 (0x0075b733) sltu    a4, a1, t2
core   0: 3 0x80004a58 (0x0075b733) x14 0x00000001
core   0: 0x80004a5c (0x00d39a33) sll     s4, t2, a3
core   0: 3 0x80004a5c (0x00d39a33) x20 0x1d69cc00
core   0: 0x80004a60 (0x409b8d93) addi    s11, s7, 1033
core   0: 3 0x80004a60 (0x409b8d93) x27 0xffff54c9
core   0: 0x80004a64 (0xfb3490e3) bne     s1, s3, pc - 96
core   0: 3 0x80004a64 (0xfb3490e3)
core   0: 0x80004a68 (0x4097d713) srai    a4, a5, 9
core   0: 3 0x80004a68 (0x4097d713) x14 0xffc00127
core   0: 0x80004a6c (0x00a00e13) li      t3, 10
core   0: 3 0x80004a6c (0x00a00e13) x28 0x0000000a
core   0: 0x80004a70 (0x951ce313) ori     t1, s9, -1711
core   0: 3 0x80004a70 (0x951ce313) x 6 0xfffff953
core   0: 0x80004a74 (0x00900713) li      a4, 9
core   0: 3 0x80004a74 (0x00900713) x14 0x00000009
core   0: 0x80004a78 (0x14db2313) slti    t1, s6, 333
core   0: 3 0x80004a78 (0x14db2313) x 6 0x00000001
core   0: 0x80004a7c (0x00a5c4b3) xor     s1, a1, a0
core   0: 3 0x80004a7c (0x00a5c4b3) x 9 0x00006f57
core   0: 0x80004a80 (0xff8e0e13) addi    t3, t3, -8
core   0: 3 0x80004a80 (0xff8e0e13) x28 0x00000002
core   0: 0x80004a84 (0x9b148b97) auipc   s7, 0x9b148
core   0: 3 0x80004a84 (0x9b148b97) x23 0x1b14ca84
core   0: 0x80004a88 (0x2ea8ed13) ori     s10, a7, 746
core   0: 3 0x80004a88 (0x2ea8ed13) x26 0x80028eee
core   0: 0x80004a8c (0x00700613) li      a2, 7
core   0: 3 0x80004a8c (0x00700613) x12 0x00000007
core   0: 0x80004a90 (0x00219eb3) sll     t4, gp, sp
core   0: 3 0x80004a90 (0x00219eb3) x29 0x00060000
core   0: 0x80004a94 (0x00900693) li      a3, 9
core   0: 3 0x80004a94 (0x00900693) x13 0x00000009
core   0: 0x80004a98 (0xcec78f93) addi    t6, a5, -788
core   0: 3 0x80004a98 (0xcec78f93) x31 0x80024af0
core   0: 0x80004a9c (0x41a2dc93) srai    s9, t0, 26
core   0: 3 0x80004a9c (0x41a2dc93) x25 0xffffffff
core   0: 0x80004aa0 (0x0000100f) fence.i
core   0: 3 0x80004aa0 (0x0000100f)
core   0: 0x80004aa4 (0x4d496f13) ori     t5, s2, 1236
core   0: 3 0x80004aa4 (0x4d496f13) x30 0x000004d7
core   0: 0x80004aa8 (0x00c7e433) or      s0, a5, a2
core   0: 3 0x80004aa8 (0x00c7e433) x 8 0x80024e07
core   0: 0x80004aac (0x00260613) addi    a2, a2, 2
core   0: 3 0x80004aac (0x00260613) x12 0x00000009
core   0: 0x80004ab0 (0xfed664e3) bltu    a2, a3, pc - 24
core   0: 3 0x80004ab0 (0xfed664e3)
core   0: 0x80004ab4 (0xfcee74e3) bgeu    t3, a4, pc - 56
core   0: 3 0x80004ab4 (0xfcee74e3)
core   0: 0x80004ab8 (0x0ff0000f) fence   iorw,iorw
core   0: 3 0x80004ab8 (0x0ff0000f)
core   0: 0x80004abc (0xff800b93) li      s7, -8
core   0: 3 0x80004abc (0xff800b93) x23 0xfffffff8
core   0: 0x80004ac0 (0x01a7bf33) sltu    t5, a5, s10
core   0: 3 0x80004ac0 (0x01a7bf33) x30 0x00000001
core   0: 0x80004ac4 (0x013fcc93) xori    s9, t6, 19
core   0: 3 0x80004ac4 (0x013fcc93) x25 0x80024ae3
core   0: 0x80004ac8 (0xbbc93613) sltiu   a2, s2, -1092
core   0: 3 0x80004ac8 (0xbbc93613) x12 0x00000001
core   0: 0x80004acc (0x98a1a093) slti    ra, gp, -1654
core   0: 3 0x80004acc (0x98a1a093) x 1 0x00000000
core   0: 0x80004ad0 (0x40e60c33) sub     s8, a2, a4
core   0: 3 0x80004ad0 (0x40e60c33) x24 0xfffffff8
core   0: 0x80004ad4 (0x01ae9f33) sll     t5, t4, s10
core   0: 3 0x80004ad4 (0x01ae9f33) x30 0x80000000
core   0: 0x80004ad8 (0x994392b7) lui     t0, 0x99439
core   0: 3 0x80004ad8 (0x994392b7) x 5 0x99439000
core   0: 0x80004adc (0x00c00b13) li      s6, 12
core   0: 3 0x80004adc (0x00c00b13) x22 0x0000000c
core   0: 0x80004ae0 (0x00000013) nop
core   0: 3 0x80004ae0 (0x00000013)
core   0: 0x80004ae4 (0x224b8113) addi    sp, s7, 548
core   0: 3 0x80004ae4 (0x224b8113) x 2 0x0000021c
core   0: 0x80004ae8 (0x00d82a33) slt     s4, a6, a3
core   0: 3 0x80004ae8 (0x00d82a33) x20 0x00000001
core   0: 0x80004aec (0x00af9713) slli    a4, t6, 10
core   0: 3 0x80004aec (0x00af9713) x14 0x092bc000
core   0: 0x80004af0 (0x40cdd313) srai    t1, s11, 12
core   0: 3 0x80004af0 (0x40cdd313) x 6 0xfffffff5
core   0: 0x80004af4 (0x005b8b93) addi    s7, s7, 5
core   0: 3 0x80004af4 (0x005b8b93) x23 0xfffffffd
core   0: 0x80004af8 (0x01aba2b3) slt     t0, s7, s10
core   0: 3 0x80004af8 (0x01aba2b3) x 5 0x00000000
core   0: 0x80004afc (0x01dd1f93) slli    t6, s10, 29
core   0: 3 0x80004afc (0x01dd1f93) x31 0xc0000000
core   0: 0x80004b00 (0x00dabeb3) sltu    t4, s5, a3
core   0: 3 0x80004b00 (0x00dabeb3) x29 0x00000001
core   0: 0x80004b04 (0x4251f313) andi    t1, gp, 1061
core   0: 3 0x80004b04 (0x4251f313) x 6 0x00000001
core   0: 0x80004b08 (0x4101d313) srai    t1, gp, 16
core   0: 3 0x80004b08 (0x4101d313) x 6 0x00000000
core   0: 0x80004b0c (0x41cc5613) srai    a2, s8, 28
core   0: 3 0x80004b0c (0x41cc5613) x12 0xffffffff
core   0: 0x80004b10 (0xfd6b8ce3) beq     s7, s6, pc - 40
core   0: 3 0x80004b10 (0xfd6b8ce3)
core   0: 0x80004b14 (0x00a41293) slli    t0, s0, 10
core   0: 3 0x80004b14 (0x00a41293) x 5 0x09381c00
core   0: 0x80004b18 (0x00000a13) li      s4, 0
core   0: 3 0x80004b18 (0x00000a13) x20 0x00000000
core   0: 0x80004b1c (0x00462733) slt     a4, a2, tp
core   0: 3 0x80004b1c (0x00462733) x14 0x00000000
core   0: 0x80004b20 (0x6d286093) ori     ra, a6, 1746
core   0: 3 0x80004b20 (0x6d286093) x 1 0x800006d2
core   0: 0x80004b24 (0x96a0e6b7) lui     a3, 0x96a0e
core   0: 3 0x80004b24 (0x96a0e6b7) x13 0x96a0e000
core   0: 0x80004b28 (0x01000b13) li      s6, 16
core   0: 3 0x80004b28 (0x01000b13) x22 0x00000010
core   0: 0x80004b2c (0xb52ab697) auipc   a3, 0xb52ab
core   0: 3 0x80004b2c (0xb52ab697) x13 0x352afb2c
core   0: 0x80004b30 (0xcecf0093) addi    ra, t5, -788
core   0: 3 0x80004b30 (0xcecf0093) x 1 0x7ffffcec
core   0: 0x80004b34 (0x0ff0000f) fence   iorw,iorw
core   0: 3 0x80004b34 (0x0ff0000f)
core   0: 0x80004b38 (0x004a0a13) addi    s4, s4, 4
core   0: 3 0x80004b38 (0x004a0a13) x20 0x00000004
core   0: 0x80004b3c (0x401ddc13) srai    s8, s11, 1
core   0: 3 0x80004b3c (0x401ddc13) x24 0xffffaa64
core   0: 0x80004b40 (0xff600293) li      t0, -10
core   0: 3 0x80004b40 (0xff600293) x 5 0xfffffff6
core   0: 0x80004b44 (0x1cffc413) xori    s0, t6, 463
core   0: 3 0x80004b44 (0x1cffc413) x 8 0xc00001cf
core   0: 0x80004b48 (0x01289933) sll     s2, a7, s2
core   0: 3 0x80004b48 (0x01289933) x18 0x67200000
core   0: 0x80004b4c (0xfff00493) li      s1, -1
core   0: 3 0x80004b4c (0xfff00493) x 9 0xffffffff
core   0: 0x80004b50 (0x00648eb3) add     t4, s1, t1
core   0: 3 0x80004b50 (0x00648eb3) x29 0xffffffff
core   0: 0x80004b54 (0x4d2a7917) auipc   s2, 0x4d2a7
core   0: 3 0x80004b54 (0x4d2a7917) x18 0xcd2abb54
core   0: 0x80004b58 (0x769d3a93) sltiu   s5, s10, 1897
core   0: 3 0x80004b58 (0x769d3a93) x21 0x00000000
core   0: 0x80004b5c (0x40f35ab3) sra     s5, t1, a5
core   0: 3 0x80004b5c (0x40f35ab3) x21 0x00000000
core   0: 0x80004b60 (0x1c278093) addi    ra, a5, 450
core   0: 3 0x80004b60 (0x1c278093) x 1 0x80024fc6
core   0: 0x80004b64 (0x00828293) addi    t0, t0, 8
core   0: 3 0x80004b64 (0x00828293) x 5 0xfffffffe
core   0: 0x80004b68 (0x00f79bb3) sll     s7, a5, a5
core   0: 3 0x80004b68 (0x00f79bb3) x23 0x0024e040
core   0: 0x80004b6c (0xfe92c6e3) blt     t0, s1, pc - 20
core   0: 3 0x80004b6c (0xfe92c6e3)
core   0: 0x80004b58 (0x769d3a93) sltiu   s5, s10, 1897
core   0: 3 0x80004b58 (0x769d3a93) x21 0x00000000
core   0: 0x80004b5c (0x40f35ab3) sra     s5, t1, a5
core   0: 3 0x80004b5c (0x40f35ab3) x21 0x00000000
core   0: 0x80004b60 (0x1c278093) addi    ra, a5, 450
core   0: 3 0x80004b60 (0x1c278093) x 1 0x80024fc6
core   0: 0x80004b64 (0x00828293) addi    t0, t0, 8
core   0: 3 0x80004b64 (0x00828293) x 5 0x00000006
core   0: 0x80004b68 (0x00f79bb3) sll     s7, a5, a5
core   0: 3 0x80004b68 (0x00f79bb3) x23 0x0024e040
core   0: 0x80004b6c (0xfe92c6e3) blt     t0, s1, pc - 20
core   0: 3 0x80004b6c (0xfe92c6e3)
core   0: 0x80004b70 (0x00ee43b3) xor     t2, t3, a4
core   0: 3 0x80004b70 (0x00ee43b3) x 7 0x00000002
core   0: 0x80004b74 (0xfb6a4ce3) blt     s4, s6, pc - 72
core   0: 3 0x80004b74 (0xfb6a4ce3)
core   0: 0x80004b2c (0xb52ab697) auipc   a3, 0xb52ab
core   0: 3 0x80004b2c (0xb52ab697) x13 0x352afb2c
core   0: 0x80004b30 (0xcecf0093) addi    ra, t5, -788
core   0: 3 0x80004b30 (0xcecf0093) x 1 0x7ffffcec
core   0: 0x80004b34 (0x0ff0000f) fence   iorw,iorw
core   0: 3 0x80004b34 (0x0ff0000f)
core   0: 0x80004b38 (0x004a0a13) addi    s4, s4, 4
core   0: 3 0x80004b38 (0x004a0a13) x20 0x00000008
core   0: 0x80004b3c (0x401ddc13) srai    s8, s11, 1
core   0: 3 0x80004b3c (0x401ddc13) x24 0xffffaa64
core   0: 0x80004b40 (0xff600293) li      t0, -10
core   0: 3 0x80004b40 (0xff600293) x 5 0xfffffff6
core   0: 0x80004b44 (0x1cffc413) xori    s0, t6, 463
core   0: 3 0x80004b44 (0x1cffc413) x 8 0xc00001cf
core   0: 0x80004b48 (0x01289933) sll     s2, a7, s2
core   0: 3 0x80004b48 (0x01289933) x18 0xce400000
core   0: 0x80004b4c (0xfff00493) li      s1, -1
core   0: 3 0x80004b4c (0xfff00493) x 9 0xffffffff
core   0: 0x80004b50 (0x00648eb3) add     t4, s1, t1
core   0: 3 0x80004b50 (0x00648eb3) x29 0xffffffff
core   0: 0x80004b54 (0x4d2a7917) auipc   s2, 0x4d2a7
core   0: 3 0x80004b54 (0x4d2a7917) x18 0xcd2abb54
core   0: 0x80004b58 (0x769d3a93) sltiu   s5, s10, 1897
core   0: 3 0x80004b58 (0x769d3a93) x21 0x00000000
core   0: 0x80004b5c (0x40f35ab3) sra     s5, t1, a5
core   0: 3 0x80004b5c (0x40f35ab3) x21 0x00000000
core   0: 0x80004b60 (0x1c278093) addi    ra, a5, 450
core   0: 3 0x80004b60 (0x1c278093) x 1 0x80024fc6
core   0: 0x80004b64 (0x00828293) addi    t0, t0, 8
core   0: 3 0x80004b64 (0x00828293) x 5 0xfffffffe
core   0: 0x80004b68 (0x00f79bb3) sll     s7, a5, a5
core   0: 3 0x80004b68 (0x00f79bb3) x23 0x0024e040
core   0: 0x80004b6c (0xfe92c6e3) blt     t0, s1, pc - 20
core   0: 3 0x80004b6c (0xfe92c6e3)
core   0: 0x80004b58 (0x769d3a93) sltiu   s5, s10, 1897
core   0: 3 0x80004b58 (0x769d3a93) x21 0x00000000
core   0: 0x80004b5c (0x40f35ab3) sra     s5, t1, a5
core   0: 3 0x80004b5c (0x40f35ab3) x21 0x00000000
core   0: 0x80004b60 (0x1c278093) addi    ra, a5, 450
core   0: 3 0x80004b60 (0x1c278093) x 1 0x80024fc6
core   0: 0x80004b64 (0x00828293) addi    t0, t0, 8
core   0: 3 0x80004b64 (0x00828293) x 5 0x00000006
core   0: 0x80004b68 (0x00f79bb3) sll     s7, a5, a5
core   0: 3 0x80004b68 (0x00f79bb3) x23 0x0024e040
core   0: 0x80004b6c (0xfe92c6e3) blt     t0, s1, pc - 20
core   0: 3 0x80004b6c (0xfe92c6e3)
core   0: 0x80004b70 (0x00ee43b3) xor     t2, t3, a4
core   0: 3 0x80004b70 (0x00ee43b3) x 7 0x00000002
core   0: 0x80004b74 (0xfb6a4ce3) blt     s4, s6, pc - 72
core   0: 3 0x80004b74 (0xfb6a4ce3)
core   0: 0x80004b2c (0xb52ab697) auipc   a3, 0xb52ab
core   0: 3 0x80004b2c (0xb52ab697) x13 0x352afb2c
core   0: 0x80004b30 (0xcecf0093) addi    ra, t5, -788
core   0: 3 0x80004b30 (0xcecf0093) x 1 0x7ffffcec
core   0: 0x80004b34 (0x0ff0000f) fence   iorw,iorw
core   0: 3 0x80004b34 (0x0ff0000f)
core   0: 0x80004b38 (0x004a0a13) addi    s4, s4, 4
core   0: 3 0x80004b38 (0x004a0a13) x20 0x0000000c
core   0: 0x80004b3c (0x401ddc13) srai    s8, s11, 1
core   0: 3 0x80004b3c (0x401ddc13) x24 0xffffaa64
core   0: 0x80004b40 (0xff600293) li      t0, -10
core   0: 3 0x80004b40 (0xff600293) x 5 0xfffffff6
core   0: 0x80004b44 (0x1cffc413) xori    s0, t6, 463
core   0: 3 0x80004b44 (0x1cffc413) x 8 0xc00001cf
core   0: 0x80004b48 (0x01289933) sll     s2, a7, s2
core   0: 3 0x80004b48 (0x01289933) x18 0xce400000
core   0: 0x80004b4c (0xfff00493) li      s1, -1
core   0: 3 0x80004b4c (0xfff00493) x 9 0xffffffff
core   0: 0x80004b50 (0x00648eb3) add     t4, s1, t1
core   0: 3 0x80004b50 (0x00648eb3) x29 0xffffffff
core   0: 0x80004b54 (0x4d2a7917) auipc   s2, 0x4d2a7
core   0: 3 0x80004b54 (0x4d2a7917) x18 0xcd2abb54
core   0: 0x80004b58 (0x769d3a93) sltiu   s5, s10, 1897
core   0: 3 0x80004b58 (0x769d3a93) x21 0x00000000
core   0: 0x80004b5c (0x40f35ab3) sra     s5, t1, a5
core   0: 3 0x80004b5c (0x40f35ab3) x21 0x00000000
core   0: 0x80004b60 (0x1c278093) addi    ra, a5, 450
core   0: 3 0x80004b60 (0x1c278093) x 1 0x80024fc6
core   0: 0x80004b64 (0x00828293) addi    t0, t0, 8
core   0: 3 0x80004b64 (0x00828293) x 5 0xfffffffe
core   0: 0x80004b68 (0x00f79bb3) sll     s7, a5, a5
core   0: 3 0x80004b68 (0x00f79bb3) x23 0x0024e040
core   0: 0x80004b6c (0xfe92c6e3) blt     t0, s1, pc - 20
core   0: 3 0x80004b6c (0xfe92c6e3)
core   0: 0x80004b58 (0x769d3a93) sltiu   s5, s10, 1897
core   0: 3 0x80004b58 (0x769d3a93) x21 0x00000000
core   0: 0x80004b5c (0x40f35ab3) sra     s5, t1, a5
core   0: 3 0x80004b5c (0x40f35ab3) x21 0x00000000
core   0: 0x80004b60 (0x1c278093) addi    ra, a5, 450
core   0: 3 0x80004b60 (0x1c278093) x 1 0x80024fc6
core   0: 0x80004b64 (0x00828293) addi    t0, t0, 8
core   0: 3 0x80004b64 (0x00828293) x 5 0x00000006
core   0: 0x80004b68 (0x00f79bb3) sll     s7, a5, a5
core   0: 3 0x80004b68 (0x00f79bb3) x23 0x0024e040
core   0: 0x80004b6c (0xfe92c6e3) blt     t0, s1, pc - 20
core   0: 3 0x80004b6c (0xfe92c6e3)
core   0: 0x80004b70 (0x00ee43b3) xor     t2, t3, a4
core   0: 3 0x80004b70 (0x00ee43b3) x 7 0x00000002
core   0: 0x80004b74 (0xfb6a4ce3) blt     s4, s6, pc - 72
core   0: 3 0x80004b74 (0xfb6a4ce3)
core   0: 0x80004b2c (0xb52ab697) auipc   a3, 0xb52ab
core   0: 3 0x80004b2c (0xb52ab697) x13 0x352afb2c
core   0: 0x80004b30 (0xcecf0093) addi    ra, t5, -788
core   0: 3 0x80004b30 (0xcecf0093) x 1 0x7ffffcec
core   0: 0x80004b34 (0x0ff0000f) fence   iorw,iorw
core   0: 3 0x80004b34 (0x0ff0000f)
core   0: 0x80004b38 (0x004a0a13) addi    s4, s4, 4
core   0: 3 0x80004b38 (0x004a0a13) x20 0x00000010
core   0: 0x80004b3c (0x401ddc13) srai    s8, s11, 1
core   0: 3 0x80004b3c (0x401ddc13) x24 0xffffaa64
core   0: 0x80004b40 (0xff600293) li      t0, -10
core   0: 3 0x80004b40 (0xff600293) x 5 0xfffffff6
core   0: 0x80004b44 (0x1cffc413) xori    s0, t6, 463
core   0: 3 0x80004b44 (0x1cffc413) x 8 0xc00001cf
core   0: 0x80004b48 (0x01289933) sll     s2, a7, s2
core   0: 3 0x80004b48 (0x01289933) x18 0xce400000
core   0: 0x80004b4c (0xfff00493) li      s1, -1
core   0: 3 0x80004b4c (0xfff00493) x 9 0xffffffff
core   0: 0x80004b50 (0x00648eb3) add     t4, s1, t1
core   0: 3 0x80004b50 (0x00648eb3) x29 0xffffffff
core   0: 0x80004b54 (0x4d2a7917) auipc   s2, 0x4d2a7
core   0: 3 0x80004b54 (0x4d2a7917) x18 0xcd2abb54
core   0: 0x80004b58 (0x769d3a93) sltiu   s5, s10, 1897
core   0: 3 0x80004b58 (0x769d3a93) x21 0x00000000
core   0: 0x80004b5c (0x40f35ab3) sra     s5, t1, a5
core   0: 3 0x80004b5c (0x40f35ab3) x21 0x00000000
core   0: 0x80004b60 (0x1c278093) addi    ra, a5, 450
core   0: 3 0x80004b60 (0x1c278093) x 1 0x80024fc6
core   0: 0x80004b64 (0x00828293) addi    t0, t0, 8
core   0: 3 0x80004b64 (0x00828293) x 5 0xfffffffe
core   0: 0x80004b68 (0x00f79bb3) sll     s7, a5, a5
core   0: 3 0x80004b68 (0x00f79bb3) x23 0x0024e040
core   0: 0x80004b6c (0xfe92c6e3) blt     t0, s1, pc - 20
core   0: 3 0x80004b6c (0xfe92c6e3)
core   0: 0x80004b58 (0x769d3a93) sltiu   s5, s10, 1897
core   0: 3 0x80004b58 (0x769d3a93) x21 0x00000000
core   0: 0x80004b5c (0x40f35ab3) sra     s5, t1, a5
core   0: 3 0x80004b5c (0x40f35ab3) x21 0x00000000
core   0: 0x80004b60 (0x1c278093) addi    ra, a5, 450
core   0: 3 0x80004b60 (0x1c278093) x 1 0x80024fc6
core   0: 0x80004b64 (0x00828293) addi    t0, t0, 8
core   0: 3 0x80004b64 (0x00828293) x 5 0x00000006
core   0: 0x80004b68 (0x00f79bb3) sll     s7, a5, a5
core   0: 3 0x80004b68 (0x00f79bb3) x23 0x0024e040
core   0: 0x80004b6c (0xfe92c6e3) blt     t0, s1, pc - 20
core   0: 3 0x80004b6c (0xfe92c6e3)
core   0: 0x80004b70 (0x00ee43b3) xor     t2, t3, a4
core   0: 3 0x80004b70 (0x00ee43b3) x 7 0x00000002
core   0: 0x80004b74 (0xfb6a4ce3) blt     s4, s6, pc - 72
core   0: 3 0x80004b74 (0xfb6a4ce3)
core   0: 0x80004b78 (0x00b153b3) srl     t2, sp, a1
core   0: 3 0x80004b78 (0x00b153b3) x 7 0x00000021
core   0: 0x80004b7c (0xff700513) li      a0, -9
core   0: 3 0x80004b7c (0xff700513) x10 0xfffffff7
core   0: 0x80004b80 (0x50d0e113) ori     sp, ra, 1293
core   0: 3 0x80004b80 (0x50d0e113) x 2 0x80024fcf
core   0: 0x80004b84 (0x01e02b33) slt     s6, zero, t5
core   0: 3 0x80004b84 (0x01e02b33) x22 0x00000000
core   0: 0x80004b88 (0x01cd0433) add     s0, s10, t3
core   0: 3 0x80004b88 (0x01cd0433) x 8 0x80028ef0
core   0: 0x80004b8c (0x00000013) nop
core   0: 3 0x80004b8c (0x00000013)
core   0: 0x80004b90 (0x53d8e093) ori     ra, a7, 1341
core   0: 3 0x80004b90 (0x53d8e093) x 1 0x80028dfd
core   0: 0x80004b94 (0x41d20e33) sub     t3, tp, t4
core   0: 3 0x80004b94 (0x41d20e33) x28 0x80028ce5
core   0: 0x80004b98 (0x0062eeb3) or      t4, t0, t1
core   0: 3 0x80004b98 (0x0062eeb3) x29 0x00000006
core   0: 0x80004b9c (0xeb50ef93) ori     t6, ra, -331
core   0: 3 0x80004b9c (0xeb50ef93) x31 0xfffffffd
core   0: 0x80004ba0 (0xff000493) li      s1, -16
core   0: 3 0x80004ba0 (0xff000493) x 9 0xfffffff0
core   0: 0x80004ba4 (0x00397033) and     zero, s2, gp
core   0: 3 0x80004ba4 (0x00397033)
core   0: 0x80004ba8 (0x01de9c33) sll     s8, t4, t4
core   0: 3 0x80004ba8 (0x01de9c33) x24 0x00000180
core   0: 0x80004bac (0x1ef9e213) ori     tp, s3, 495
core   0: 3 0x80004bac (0x1ef9e213) x 4 0xffffffff
core   0: 0x80004bb0 (0x4d8c4413) xori    s0, s8, 1240
core   0: 3 0x80004bb0 (0x4d8c4413) x 8 0x00000558
core   0: 0x80004bb4 (0x01e4c3b3) xor     t2, s1, t5
core   0: 3 0x80004bb4 (0x01e4c3b3) x 7 0x7ffffff0
core   0: 0x80004bb8 (0x009b65b3) or      a1, s6, s1
core   0: 3 0x80004bb8 (0x009b65b3) x11 0xfffffff0
core   0: 0x80004bbc (0x01e05433) srl     s0, zero, t5
core   0: 3 0x80004bbc (0x01e05433) x 8 0x00000000
core   0: 0x80004bc0 (0x77067313) andi    t1, a2, 1904
core   0: 3 0x80004bc0 (0x77067313) x 6 0x00000770
core   0: 0x80004bc4 (0x0000100f) fence.i
core   0: 3 0x80004bc4 (0x0000100f)
core   0: 0x80004bc8 (0xffc50513) addi    a0, a0, -4
core   0: 3 0x80004bc8 (0xffc50513) x10 0xfffffff3
core   0: 0x80004bcc (0x00bf6bb3) or      s7, t5, a1
core   0: 3 0x80004bcc (0x00bf6bb3) x23 0xfffffff0
core   0: 0x80004bd0 (0x00de02b3) add     t0, t3, a3
core   0: 3 0x80004bd0 (0x00de02b3) x 5 0xb52d8811
core   0: 0x80004bd4 (0x00e1ecb3) or      s9, gp, a4
core   0: 3 0x80004bd4 (0x00e1ecb3) x25 0x00000003
core   0: 0x80004bd8 (0x34e9bf13) sltiu   t5, s3, 846
core   0: 3 0x80004bd8 (0x34e9bf13) x30 0x00000000
core   0: 0x80004bdc (0x78888b13) addi    s6, a7, 1928
core   0: 3 0x80004bdc (0x78888b13) x22 0x8002946c
core   0: 0x80004be0 (0x57949e17) auipc   t3, 0x57949
core   0: 3 0x80004be0 (0x57949e17) x28 0xd794dbe0
core   0: 0x80004be4 (0x402606b3) sub     a3, a2, sp
core   0: 3 0x80004be4 (0x402606b3) x13 0x7ffdb030
core   0: 0x80004be8 (0xfc9552e3) bge     a0, s1, pc - 60
core   0: 3 0x80004be8 (0xfc9552e3)
core   0: 0x80004bac (0x1ef9e213) ori     tp, s3, 495
core   0: 3 0x80004bac (0x1ef9e213) x 4 0xffffffff
core   0: 0x80004bb0 (0x4d8c4413) xori    s0, s8, 1240
core   0: 3 0x80004bb0 (0x4d8c4413) x 8 0x00000558
core   0: 0x80004bb4 (0x01e4c3b3) xor     t2, s1, t5
core   0: 3 0x80004bb4 (0x01e4c3b3) x 7 0xfffffff0
core   0: 0x80004bb8 (0x009b65b3) or      a1, s6, s1
core   0: 3 0x80004bb8 (0x009b65b3) x11 0xfffffffc
core   0: 0x80004bbc (0x01e05433) srl     s0, zero, t5
core   0: 3 0x80004bbc (0x01e05433) x 8 0x00000000
core   0: 0x80004bc0 (0x77067313) andi    t1, a2, 1904
core   0: 3 0x80004bc0 (0x77067313) x 6 0x00000770
core   0: 0x80004bc4 (0x0000100f) fence.i
core   0: 3 0x80004bc4 (0x0000100f)
core   0: 0x80004bc8 (0xffc50513) addi    a0, a0, -4
core   0: 3 0x80004bc8 (0xffc50513) x10 0xffffffef
core   0: 0x80004bcc (0x00bf6bb3) or      s7, t5, a1
core   0: 3 0x80004bcc (0x00bf6bb3) x23 0xfffffffc
core   0: 0x80004bd0 (0x00de02b3) add     t0, t3, a3
core   0: 3 0x80004bd0 (0x00de02b3) x 5 0x57928c10
core   0: 0x80004bd4 (0x00e1ecb3) or      s9, gp, a4
core   0: 3 0x80004bd4 (0x00e1ecb3) x25 0x00000003
core   0: 0x80004bd8 (0x34e9bf13) sltiu   t5, s3, 846
core   0: 3 0x80004bd8 (0x34e9bf13) x30 0x00000000
core   0: 0x80004bdc (0x78888b13) addi    s6, a7, 1928
core   0: 3 0x80004bdc (0x78888b13) x22 0x8002946c
core   0: 0x80004be0 (0x57949e17) auipc   t3, 0x57949
core   0: 3 0x80004be0 (0x57949e17) x28 0xd794dbe0
core   0: 0x80004be4 (0x402606b3) sub     a3, a2, sp
core   0: 3 0x80004be4 (0x402606b3) x13 0x7ffdb030
core   0: 0x80004be8 (0xfc9552e3) bge     a0, s1, pc - 60
core   0: 3 0x80004be8 (0xfc9552e3)
core   0: 0x80004bec (0x00fc81b3) add     gp, s9, a5
core   0: 3 0x80004bec (0x00fc81b3) x 3 0x80024e07
core   0: 0x80004bf0 (0xfff00513) li      a0, -1
core   0: 3 0x80004bf0 (0xfff00513) x10 0xffffffff
core   0: 0x80004bf4 (0x40538f33) sub     t5, t2, t0
core   0: 3 0x80004bf4 (0x40538f33) x30 0xa86d73e0
core   0: 0x80004bf8 (0x1ed22413) slti    s0, tp, 493
core   0: 3 0x80004bf8 (0x1ed22413) x 8 0x00000001
core   0: 0x80004bfc (0x0ea1ec97) auipc   s9, 0xea1e
core   0: 3 0x80004bfc (0x0ea1ec97) x25 0x8ea22bfc
core   0: 0x80004c00 (0x01541f93) slli    t6, s0, 21
core   0: 3 0x80004c00 (0x01541f93) x31 0x00200000
core   0: 0x80004c04 (0x01092cb3) slt     s9, s2, a6
core   0: 3 0x80004c04 (0x01092cb3) x25 0x00000000
core   0: 0x80004c08 (0x004ea333) slt     t1, t4, tp
core   0: 3 0x80004c08 (0x004ea333) x 6 0x00000000
core   0: 0x80004c0c (0x01200993) li      s3, 18
core   0: 3 0x80004c0c (0x01200993) x19 0x00000012
core   0: 0x80004c10 (0x0000100f) fence.i
core   0: 3 0x80004c10 (0x0000100f)
core   0: 0x80004c14 (0x401856b3) sra     a3, a6, ra
core   0: 3 0x80004c14 (0x401856b3) x13 0xfffffffc
core   0: 0x80004c18 (0x6eec7e97) auipc   t4, 0x6eec7
core   0: 3 0x80004c18 (0x6eec7e97) x29 0xeeecbc18
core   0: 0x80004c1c (0x0187c4b3) xor     s1, a5, s8
core   0: 3 0x80004c1c (0x0187c4b3) x 9 0x80024f84
core   0: 0x80004c20 (0x00350513) addi    a0, a0, 3
core   0: 3 0x80004c20 (0x00350513) x10 0x00000002
core   0: 0x80004c24 (0x00df01b3) add     gp, t5, a3
core   0: 3 0x80004c24 (0x00df01b3) x 3 0xa86d73dc
core   0: 0x80004c28 (0x405400b3) sub     ra, s0, t0
core   0: 3 0x80004c28 (0x405400b3) x 1 0xa86d73f1
core   0: 0x80004c2c (0x00b6de33) srl     t3, a3, a1
core   0: 3 0x80004c2c (0x00b6de33) x28 0x0000000f
core   0: 0x80004c30 (0x7e463313) sltiu   t1, a2, 2020
core   0: 3 0x80004c30 (0x7e463313) x 6 0x00000000
core   0: 0x80004c34 (0x0176fdb3) and     s11, a3, s7
core   0: 3 0x80004c34 (0x0176fdb3) x27 0xfffffffc
core   0: 0x80004c38 (0x82757497) auipc   s1, 0x82757
core   0: 3 0x80004c38 (0x82757497) x 9 0x0275bc38
core   0: 0x80004c3c (0x00e65c93) srli    s9, a2, 14
core   0: 3 0x80004c3c (0x00e65c93) x25 0x0003ffff
core   0: 0x80004c40 (0xfd354ce3) blt     a0, s3, pc - 40
core   0: 3 0x80004c40 (0xfd354ce3)
core   0: 0x80004c18 (0x6eec7e97) auipc   t4, 0x6eec7
core   0: 3 0x80004c18 (0x6eec7e97) x29 0xeeecbc18
core   0: 0x80004c1c (0x0187c4b3) xor     s1, a5, s8
core   0: 3 0x80004c1c (0x0187c4b3) x 9 0x80024f84
core   0: 0x80004c20 (0x00350513) addi    a0, a0, 3
core   0: 3 0x80004c20 (0x00350513) x10 0x00000005
core   0: 0x80004c24 (0x00df01b3) add     gp, t5, a3
core   0: 3 0x80004c24 (0x00df01b3) x 3 0xa86d73dc
core   0: 0x80004c28 (0x405400b3) sub     ra, s0, t0
core   0: 3 0x80004c28 (0x405400b3) x 1 0xa86d73f1
core   0: 0x80004c2c (0x00b6de33) srl     t3, a3, a1
core   0: 3 0x80004c2c (0x00b6de33) x28 0x0000000f
core   0: 0x80004c30 (0x7e463313) sltiu   t1, a2, 2020
core   0: 3 0x80004c30 (0x7e463313) x 6 0x00000000
core   0: 0x80004c34 (0x0176fdb3) and     s11, a3, s7
core   0: 3 0x80004c34 (0x0176fdb3) x27 0xfffffffc
core   0: 0x80004c38 (0x82757497) auipc   s1, 0x82757
core   0: 3 0x80004c38 (0x82757497) x 9 0x0275bc38
core   0: 0x80004c3c (0x00e65c93) srli    s9, a2, 14
core   0: 3 0x80004c3c (0x00e65c93) x25 0x0003ffff
core   0: 0x80004c40 (0xfd354ce3) blt     a0, s3, pc - 40
core   0: 3 0x80004c40 (0xfd354ce3)
core   0: 0x80004c18 (0x6eec7e97) auipc   t4, 0x6eec7
core   0: 3 0x80004c18 (0x6eec7e97) x29 0xeeecbc18
core   0: 0x80004c1c (0x0187c4b3) xor     s1, a5, s8
core   0: 3 0x80004c1c (0x0187c4b3) x 9 0x80024f84
core   0: 0x80004c20 (0x00350513) addi    a0, a0, 3
core   0: 3 0x80004c20 (0x00350513) x10 0x00000008
core   0: 0x80004c24 (0x00df01b3) add     gp, t5, a3
core   0: 3 0x80004c24 (0x00df01b3) x 3 0xa86d73dc
core   0: 0x80004c28 (0x405400b3) sub     ra, s0, t0
core   0: 3 0x80004c28 (0x405400b3) x 1 0xa86d73f1
core   0: 0x80004c2c (0x00b6de33) srl     t3, a3, a1
core   0: 3 0x80004c2c (0x00b6de33) x28 0x0000000f
core   0: 0x80004c30 (0x7e463313) sltiu   t1, a2, 2020
core   0: 3 0x80004c30 (0x7e463313) x 6 0x00000000
core   0: 0x80004c34 (0x0176fdb3) and     s11, a3, s7
core   0: 3 0x80004c34 (0x0176fdb3) x27 0xfffffffc
core   0: 0x80004c38 (0x82757497) auipc   s1, 0x82757
core   0: 3 0x80004c38 (0x82757497) x 9 0x0275bc38
core   0: 0x80004c3c (0x00e65c93) srli    s9, a2, 14
core   0: 3 0x80004c3c (0x00e65c93) x25 0x0003ffff
core   0: 0x80004c40 (0xfd354ce3) blt     a0, s3, pc - 40
core   0: 3 0x80004c40 (0xfd354ce3)
core   0: 0x80004c18 (0x6eec7e97) auipc   t4, 0x6eec7
core   0: 3 0x80004c18 (0x6eec7e97) x29 0xeeecbc18
core   0: 0x80004c1c (0x0187c4b3) xor     s1, a5, s8
core   0: 3 0x80004c1c (0x0187c4b3) x 9 0x80024f84
core   0: 0x80004c20 (0x00350513) addi    a0, a0, 3
core   0: 3 0x80004c20 (0x00350513) x10 0x0000000b
core   0: 0x80004c24 (0x00df01b3) add     gp, t5, a3
core   0: 3 0x80004c24 (0x00df01b3) x 3 0xa86d73dc
core   0: 0x80004c28 (0x405400b3) sub     ra, s0, t0
core   0: 3 0x80004c28 (0x405400b3) x 1 0xa86d73f1
core   0: 0x80004c2c (0x00b6de33) srl     t3, a3, a1
core   0: 3 0x80004c2c (0x00b6de33) x28 0x0000000f
core   0: 0x80004c30 (0x7e463313) sltiu   t1, a2, 2020
core   0: 3 0x80004c30 (0x7e463313) x 6 0x00000000
core   0: 0x80004c34 (0x0176fdb3) and     s11, a3, s7
core   0: 3 0x80004c34 (0x0176fdb3) x27 0xfffffffc
core   0: 0x80004c38 (0x82757497) auipc   s1, 0x82757
core   0: 3 0x80004c38 (0x82757497) x 9 0x0275bc38
core   0: 0x80004c3c (0x00e65c93) srli    s9, a2, 14
core   0: 3 0x80004c3c (0x00e65c93) x25 0x0003ffff
core   0: 0x80004c40 (0xfd354ce3) blt     a0, s3, pc - 40
core   0: 3 0x80004c40 (0xfd354ce3)
core   0: 0x80004c18 (0x6eec7e97) auipc   t4, 0x6eec7
core   0: 3 0x80004c18 (0x6eec7e97) x29 0xeeecbc18
core   0: 0x80004c1c (0x0187c4b3) xor     s1, a5, s8
core   0: 3 0x80004c1c (0x0187c4b3) x 9 0x80024f84
core   0: 0x80004c20 (0x00350513) addi    a0, a0, 3
core   0: 3 0x80004c20 (0x00350513) x10 0x0000000e
core   0: 0x80004c24 (0x00df01b3) add     gp, t5, a3
core   0: 3 0x80004c24 (0x00df01b3) x 3 0xa86d73dc
core   0: 0x80004c28 (0x405400b3) sub     ra, s0, t0
core   0: 3 0x80004c28 (0x405400b3) x 1 0xa86d73f1
core   0: 0x80004c2c (0x00b6de33) srl     t3, a3, a1
core   0: 3 0x80004c2c (0x00b6de33) x28 0x0000000f
core   0: 0x80004c30 (0x7e463313) sltiu   t1, a2, 2020
core   0: 3 0x80004c30 (0x7e463313) x 6 0x00000000
core   0: 0x80004c34 (0x0176fdb3) and     s11, a3, s7
core   0: 3 0x80004c34 (0x0176fdb3) x27 0xfffffffc
core   0: 0x80004c38 (0x82757497) auipc   s1, 0x82757
core   0: 3 0x80004c38 (0x82757497) x 9 0x0275bc38
core   0: 0x80004c3c (0x00e65c93) srli    s9, a2, 14
core   0: 3 0x80004c3c (0x00e65c93) x25 0x0003ffff
core   0: 0x80004c40 (0xfd354ce3) blt     a0, s3, pc - 40
core   0: 3 0x80004c40 (0xfd354ce3)
core   0: 0x80004c18 (0x6eec7e97) auipc   t4, 0x6eec7
core   0: 3 0x80004c18 (0x6eec7e97) x29 0xeeecbc18
core   0: 0x80004c1c (0x0187c4b3) xor     s1, a5, s8
core   0: 3 0x80004c1c (0x0187c4b3) x 9 0x80024f84
core   0: 0x80004c20 (0x00350513) addi    a0, a0, 3
core   0: 3 0x80004c20 (0x00350513) x10 0x00000011
core   0: 0x80004c24 (0x00df01b3) add     gp, t5, a3
core   0: 3 0x80004c24 (0x00df01b3) x 3 0xa86d73dc
core   0: 0x80004c28 (0x405400b3) sub     ra, s0, t0
core   0: 3 0x80004c28 (0x405400b3) x 1 0xa86d73f1
core   0: 0x80004c2c (0x00b6de33) srl     t3, a3, a1
core   0: 3 0x80004c2c (0x00b6de33) x28 0x0000000f
core   0: 0x80004c30 (0x7e463313) sltiu   t1, a2, 2020
core   0: 3 0x80004c30 (0x7e463313) x 6 0x00000000
core   0: 0x80004c34 (0x0176fdb3) and     s11, a3, s7
core   0: 3 0x80004c34 (0x0176fdb3) x27 0xfffffffc
core   0: 0x80004c38 (0x82757497) auipc   s1, 0x82757
core   0: 3 0x80004c38 (0x82757497) x 9 0x0275bc38
core   0: 0x80004c3c (0x00e65c93) srli    s9, a2, 14
core   0: 3 0x80004c3c (0x00e65c93) x25 0x0003ffff
core   0: 0x80004c40 (0xfd354ce3) blt     a0, s3, pc - 40
core   0: 3 0x80004c40 (0xfd354ce3)
core   0: 0x80004c18 (0x6eec7e97) auipc   t4, 0x6eec7
core   0: 3 0x80004c18 (0x6eec7e97) x29 0xeeecbc18
core   0: 0x80004c1c (0x0187c4b3) xor     s1, a5, s8
core   0: 3 0x80004c1c (0x0187c4b3) x 9 0x80024f84
core   0: 0x80004c20 (0x00350513) addi    a0, a0, 3
core   0: 3 0x80004c20 (0x00350513) x10 0x00000014
core   0: 0x80004c24 (0x00df01b3) add     gp, t5, a3
core   0: 3 0x80004c24 (0x00df01b3) x 3 0xa86d73dc
core   0: 0x80004c28 (0x405400b3) sub     ra, s0, t0
core   0: 3 0x80004c28 (0x405400b3) x 1 0xa86d73f1
core   0: 0x80004c2c (0x00b6de33) srl     t3, a3, a1
core   0: 3 0x80004c2c (0x00b6de33) x28 0x0000000f
core   0: 0x80004c30 (0x7e463313) sltiu   t1, a2, 2020
core   0: 3 0x80004c30 (0x7e463313) x 6 0x00000000
core   0: 0x80004c34 (0x0176fdb3) and     s11, a3, s7
core   0: 3 0x80004c34 (0x0176fdb3) x27 0xfffffffc
core   0: 0x80004c38 (0x82757497) auipc   s1, 0x82757
core   0: 3 0x80004c38 (0x82757497) x 9 0x0275bc38
core   0: 0x80004c3c (0x00e65c93) srli    s9, a2, 14
core   0: 3 0x80004c3c (0x00e65c93) x25 0x0003ffff
core   0: 0x80004c40 (0xfd354ce3) blt     a0, s3, pc - 40
core   0: 3 0x80004c40 (0xfd354ce3)
core   0: 0x80004c44 (0xf4838617) auipc   a2, 0xf4838
core   0: 3 0x80004c44 (0xf4838617) x12 0x7483cc44
core   0: 0x80004c48 (0x00100193) li      gp, 1
core   0: 3 0x80004c48 (0x00100193) x 3 0x00000001
core   0: 0x80004c4c (0x00600313) li      t1, 6
core   0: 3 0x80004c4c (0x00600313) x 6 0x00000006
core   0: 0x80004c50 (0x86fca993) slti    s3, s9, -1937
core   0: 3 0x80004c50 (0x86fca993) x19 0x00000000
core   0: 0x80004c54 (0x00c3d233) srl     tp, t2, a2
core   0: 3 0x80004c54 (0x00c3d233) x 4 0x0fffffff
core   0: 0x80004c58 (0x00000013) nop
core   0: 3 0x80004c58 (0x00000013)
core   0: 0x80004c5c (0x00718193) addi    gp, gp, 7
core   0: 3 0x80004c5c (0x00718193) x 3 0x00000008
core   0: 0x80004c60 (0x00500e93) li      t4, 5
core   0: 3 0x80004c60 (0x00500e93) x29 0x00000005
core   0: 0x80004c64 (0xad2df097) auipc   ra, 0xad2df
core   0: 3 0x80004c64 (0xad2df097) x 1 0x2d2e3c64
core   0: 0x80004c68 (0xffb00f13) li      t5, -5
core   0: 3 0x80004c68 (0xffb00f13) x30 0xfffffffb
core   0: 0x80004c6c (0xd64a89b7) lui     s3, 0xd64a8
core   0: 3 0x80004c6c (0xd64a89b7) x19 0xd64a8000
core   0: 0x80004c70 (0xff6e8e93) addi    t4, t4, -10
core   0: 3 0x80004c70 (0xff6e8e93) x29 0xfffffffb
core   0: 0x80004c74 (0x34b53593) sltiu   a1, a0, 843
core   0: 3 0x80004c74 (0x34b53593) x11 0x00000001
core   0: 0x80004c78 (0xffee9ae3) bne     t4, t5, pc - 12
core   0: 3 0x80004c78 (0xffee9ae3)
core   0: 0x80004c7c (0xfc61cee3) blt     gp, t1, pc - 36
core   0: 3 0x80004c7c (0xfc61cee3)
core   0: 0x80004c80 (0xc6862237) lui     tp, 0xc6862
core   0: 3 0x80004c80 (0xc6862237) x 4 0xc6862000
core   0: 0x80004c84 (0x00600513) li      a0, 6
core   0: 3 0x80004c84 (0x00600513) x10 0x00000006
core   0: 0x80004c88 (0x00850733) add     a4, a0, s0
core   0: 3 0x80004c88 (0x00850733) x14 0x00000007
core   0: 0x80004c8c (0xffb00293) li      t0, -5
core   0: 3 0x80004c8c (0xffb00293) x 5 0xfffffffb
core   0: 0x80004c90 (0x41fa89b3) sub     s3, s5, t6
core   0: 3 0x80004c90 (0x41fa89b3) x19 0xffe00000
core   0: 0x80004c94 (0x9373c313) xori    t1, t2, -1737
core   0: 3 0x80004c94 (0x9373c313) x 6 0x000006c7
core   0: 0x80004c98 (0x1a4c6013) ori     zero, s8, 420
core   0: 3 0x80004c98 (0x1a4c6013)
core   0: 0x80004c9c (0x0c544593) xori    a1, s0, 197
core   0: 3 0x80004c9c (0x0c544593) x11 0x000000c4
core   0: 0x80004ca0 (0xbb8eee13) ori     t3, t4, -1096
core   0: 3 0x80004ca0 (0xbb8eee13) x28 0xfffffffb
core   0: 0x80004ca4 (0x40465333) sra     t1, a2, tp
core   0: 3 0x80004ca4 (0x40465333) x 6 0x7483cc44
core   0: 0x80004ca8 (0x436ec713) xori    a4, t4, 1078
core   0: 3 0x80004ca8 (0x436ec713) x14 0xfffffbcd
core   0: 0x80004cac (0xff950513) addi    a0, a0, -7
core   0: 3 0x80004cac (0xff950513) x10 0xffffffff
core   0: 0x80004cb0 (0xa1ec0693) addi    a3, s8, -1506
core   0: 3 0x80004cb0 (0xa1ec0693) x13 0xfffffb9e
core   0: 0x80004cb4 (0x304fbf93) sltiu   t6, t6, 772
core   0: 3 0x80004cb4 (0x304fbf93) x31 0x00000000
core   0: 0x80004cb8 (0x410bd713) srai    a4, s7, 16
core   0: 3 0x80004cb8 (0x410bd713) x14 0xffffffff
core   0: 0x80004cbc (0x01a215b3) sll     a1, tp, s10
core   0: 3 0x80004cbc (0x01a215b3) x11 0x88000000
core   0: 0x80004cc0 (0x00000213) li      tp, 0
core   0: 3 0x80004cc0 (0x00000213) x 4 0x00000000
core   0: 0x80004cc4 (0x40c95333) sra     t1, s2, a2
core   0: 3 0x80004cc4 (0x40c95333) x 6 0xfcd2abb5
core   0: 0x80004cc8 (0x00a00413) li      s0, 10
core   0: 3 0x80004cc8 (0x00a00413) x 8 0x0000000a
core   0: 0x80004ccc (0x0a9ca717) auipc   a4, 0xa9ca
core   0: 3 0x80004ccc (0x0a9ca717) x14 0x8a9ceccc
core   0: 0x80004cd0 (0x00000013) nop
core   0: 3 0x80004cd0 (0x00000013)
core   0: 0x80004cd4 (0x00000013) nop
core   0: 3 0x80004cd4 (0x00000013)
core   0: 0x80004cd8 (0xb22d2d97) auipc   s11, 0xb22d2
core   0: 3 0x80004cd8 (0xb22d2d97) x27 0x322d6cd8
core   0: 0x80004cdc (0x00220213) addi    tp, tp, 2
core   0: 3 0x80004cdc (0x00220213) x 4 0x00000002
core   0: 0x80004ce0 (0x00f85c13) srli    s8, a6, 15
core   0: 3 0x80004ce0 (0x00f85c13) x24 0x00010000
core   0: 0x80004ce4 (0xfe826ae3) bltu    tp, s0, pc - 12
core   0: 3 0x80004ce4 (0xfe826ae3)
core   0: 0x80004cd8 (0xb22d2d97) auipc   s11, 0xb22d2
core   0: 3 0x80004cd8 (0xb22d2d97) x27 0x322d6cd8
core   0: 0x80004cdc (0x00220213) addi    tp, tp, 2
core   0: 3 0x80004cdc (0x00220213) x 4 0x00000004
core   0: 0x80004ce0 (0x00f85c13) srli    s8, a6, 15
core   0: 3 0x80004ce0 (0x00f85c13) x24 0x00010000
core   0: 0x80004ce4 (0xfe826ae3) bltu    tp, s0, pc - 12
core   0: 3 0x80004ce4 (0xfe826ae3)
core   0: 0x80004cd8 (0xb22d2d97) auipc   s11, 0xb22d2
core   0: 3 0x80004cd8 (0xb22d2d97) x27 0x322d6cd8
core   0: 0x80004cdc (0x00220213) addi    tp, tp, 2
core   0: 3 0x80004cdc (0x00220213) x 4 0x00000006
core   0: 0x80004ce0 (0x00f85c13) srli    s8, a6, 15
core   0: 3 0x80004ce0 (0x00f85c13) x24 0x00010000
core   0: 0x80004ce4 (0xfe826ae3) bltu    tp, s0, pc - 12
core   0: 3 0x80004ce4 (0xfe826ae3)
core   0: 0x80004cd8 (0xb22d2d97) auipc   s11, 0xb22d2
core   0: 3 0x80004cd8 (0xb22d2d97) x27 0x322d6cd8
core   0: 0x80004cdc (0x00220213) addi    tp, tp, 2
core   0: 3 0x80004cdc (0x00220213) x 4 0x00000008
core   0: 0x80004ce0 (0x00f85c13) srli    s8, a6, 15
core   0: 3 0x80004ce0 (0x00f85c13) x24 0x00010000
core   0: 0x80004ce4 (0xfe826ae3) bltu    tp, s0, pc - 12
core   0: 3 0x80004ce4 (0xfe826ae3)
core   0: 0x80004cd8 (0xb22d2d97) auipc   s11, 0xb22d2
core   0: 3 0x80004cd8 (0xb22d2d97) x27 0x322d6cd8
core   0: 0x80004cdc (0x00220213) addi    tp, tp, 2
core   0: 3 0x80004cdc (0x00220213) x 4 0x0000000a
core   0: 0x80004ce0 (0x00f85c13) srli    s8, a6, 15
core   0: 3 0x80004ce0 (0x00f85c13) x24 0x00010000
core   0: 0x80004ce4 (0xfe826ae3) bltu    tp, s0, pc - 12
core   0: 3 0x80004ce4 (0xfe826ae3)
core   0: 0x80004ce8 (0x01dcad33) slt     s10, s9, t4
core   0: 3 0x80004ce8 (0x01dcad33) x26 0x00000000
core   0: 0x80004cec (0x00df2bb3) slt     s7, t5, a3
core   0: 3 0x80004cec (0x00df2bb3) x23 0x00000000
core   0: 0x80004cf0 (0xfa5552e3) bge     a0, t0, pc - 92
core   0: 3 0x80004cf0 (0xfa5552e3)
core   0: 0x80004c94 (0x9373c313) xori    t1, t2, -1737
core   0: 3 0x80004c94 (0x9373c313) x 6 0x000006c7
core   0: 0x80004c98 (0x1a4c6013) ori     zero, s8, 420
core   0: 3 0x80004c98 (0x1a4c6013)
core   0: 0x80004c9c (0x0c544593) xori    a1, s0, 197
core   0: 3 0x80004c9c (0x0c544593) x11 0x000000cf
core   0: 0x80004ca0 (0xbb8eee13) ori     t3, t4, -1096
core   0: 3 0x80004ca0 (0xbb8eee13) x28 0xfffffffb
core   0: 0x80004ca4 (0x40465333) sra     t1, a2, tp
core   0: 3 0x80004ca4 (0x40465333) x 6 0x001d20f3
core   0: 0x80004ca8 (0x436ec713) xori    a4, t4, 1078
core   0: 3 0x80004ca8 (0x436ec713) x14 0xfffffbcd
core   0: 0x80004cac (0xff950513) addi    a0, a0, -7
core   0: 3 0x80004cac (0xff950513) x10 0xfffffff8
core   0: 0x80004cb0 (0xa1ec0693) addi    a3, s8, -1506
core   0: 3 0x80004cb0 (0xa1ec0693) x13 0x0000fa1e
core   0: 0x80004cb4 (0x304fbf93) sltiu   t6, t6, 772
core   0: 3 0x80004cb4 (0x304fbf93) x31 0x00000001
core   0: 0x80004cb8 (0x410bd713) srai    a4, s7, 16
core   0: 3 0x80004cb8 (0x410bd713) x14 0x00000000
core   0: 0x80004cbc (0x01a215b3) sll     a1, tp, s10
core   0: 3 0x80004cbc (0x01a215b3) x11 0x0000000a
core   0: 0x80004cc0 (0x00000213) li      tp, 0
core   0: 3 0x80004cc0 (0x00000213) x 4 0x00000000
core   0: 0x80004cc4 (0x40c95333) sra     t1, s2, a2
core   0: 3 0x80004cc4 (0x40c95333) x 6 0xfcd2abb5
core   0: 0x80004cc8 (0x00a00413) li      s0, 10
core   0: 3 0x80004cc8 (0x00a00413) x 8 0x0000000a
core   0: 0x80004ccc (0x0a9ca717) auipc   a4, 0xa9ca
core   0: 3 0x80004ccc (0x0a9ca717) x14 0x8a9ceccc
core   0: 0x80004cd0 (0x00000013) nop
core   0: 3 0x80004cd0 (0x00000013)
core   0: 0x80004cd4 (0x00000013) nop
core   0: 3 0x80004cd4 (0x00000013)
core   0: 0x80004cd8 (0xb22d2d97) auipc   s11, 0xb22d2
core   0: 3 0x80004cd8 (0xb22d2d97) x27 0x322d6cd8
core   0: 0x80004cdc (0x00220213) addi    tp, tp, 2
core   0: 3 0x80004cdc (0x00220213) x 4 0x00000002
core   0: 0x80004ce0 (0x00f85c13) srli    s8, a6, 15
core   0: 3 0x80004ce0 (0x00f85c13) x24 0x00010000
core   0: 0x80004ce4 (0xfe826ae3) bltu    tp, s0, pc - 12
core   0: 3 0x80004ce4 (0xfe826ae3)
core   0: 0x80004cd8 (0xb22d2d97) auipc   s11, 0xb22d2
core   0: 3 0x80004cd8 (0xb22d2d97) x27 0x322d6cd8
core   0: 0x80004cdc (0x00220213) addi    tp, tp, 2
core   0: 3 0x80004cdc (0x00220213) x 4 0x00000004
core   0: 0x80004ce0 (0x00f85c13) srli    s8, a6, 15
core   0: 3 0x80004ce0 (0x00f85c13) x24 0x00010000
core   0: 0x80004ce4 (0xfe826ae3) bltu    tp, s0, pc - 12
core   0: 3 0x80004ce4 (0xfe826ae3)
core   0: 0x80004cd8 (0xb22d2d97) auipc   s11, 0xb22d2
core   0: 3 0x80004cd8 (0xb22d2d97) x27 0x322d6cd8
core   0: 0x80004cdc (0x00220213) addi    tp, tp, 2
core   0: 3 0x80004cdc (0x00220213) x 4 0x00000006
core   0: 0x80004ce0 (0x00f85c13) srli    s8, a6, 15
core   0: 3 0x80004ce0 (0x00f85c13) x24 0x00010000
core   0: 0x80004ce4 (0xfe826ae3) bltu    tp, s0, pc - 12
core   0: 3 0x80004ce4 (0xfe826ae3)
core   0: 0x80004cd8 (0xb22d2d97) auipc   s11, 0xb22d2
core   0: 3 0x80004cd8 (0xb22d2d97) x27 0x322d6cd8
core   0: 0x80004cdc (0x00220213) addi    tp, tp, 2
core   0: 3 0x80004cdc (0x00220213) x 4 0x00000008
core   0: 0x80004ce0 (0x00f85c13) srli    s8, a6, 15
core   0: 3 0x80004ce0 (0x00f85c13) x24 0x00010000
core   0: 0x80004ce4 (0xfe826ae3) bltu    tp, s0, pc - 12
core   0: 3 0x80004ce4 (0xfe826ae3)
core   0: 0x80004cd8 (0xb22d2d97) auipc   s11, 0xb22d2
core   0: 3 0x80004cd8 (0xb22d2d97) x27 0x322d6cd8
core   0: 0x80004cdc (0x00220213) addi    tp, tp, 2
core   0: 3 0x80004cdc (0x00220213) x 4 0x0000000a
core   0: 0x80004ce0 (0x00f85c13) srli    s8, a6, 15
core   0: 3 0x80004ce0 (0x00f85c13) x24 0x00010000
core   0: 0x80004ce4 (0xfe826ae3) bltu    tp, s0, pc - 12
core   0: 3 0x80004ce4 (0xfe826ae3)
core   0: 0x80004ce8 (0x01dcad33) slt     s10, s9, t4
core   0: 3 0x80004ce8 (0x01dcad33) x26 0x00000000
core   0: 0x80004cec (0x00df2bb3) slt     s7, t5, a3
core   0: 3 0x80004cec (0x00df2bb3) x23 0x00000001
core   0: 0x80004cf0 (0xfa5552e3) bge     a0, t0, pc - 92
core   0: 3 0x80004cf0 (0xfa5552e3)
core   0: 0x80004cf4 (0x70660d13) addi    s10, a2, 1798
core   0: 3 0x80004cf4 (0x70660d13) x26 0x7483d34a
core   0: 0x80004cf8 (0xff600413) li      s0, -10
core   0: 3 0x80004cf8 (0xff600413) x 8 0xfffffff6
core   0: 0x80004cfc (0x01100213) li      tp, 17
core   0: 3 0x80004cfc (0x01100213) x 4 0x00000011
core   0: 0x80004d00 (0xa3262313) slti    t1, a2, -1486
core   0: 3 0x80004d00 (0xa3262313) x 6 0x00000000
core   0: 0x80004d04 (0x015e5613) srli    a2, t3, 21
core   0: 3 0x80004d04 (0x015e5613) x12 0x000007ff
core   0: 0x80004d08 (0x00940413) addi    s0, s0, 9
core   0: 3 0x80004d08 (0x00940413) x 8 0xffffffff
core   0: 0x80004d0c (0xffa00993) li      s3, -6
core   0: 3 0x80004d0c (0xffa00993) x19 0xfffffffa
core   0: 0x80004d10 (0x00200b13) li      s6, 2
core   0: 3 0x80004d10 (0x00200b13) x22 0x00000002
core   0: 0x80004d14 (0x00286db3) or      s11, a6, sp
core   0: 3 0x80004d14 (0x00286db3) x27 0x80024fcf
core   0: 0x80004d18 (0x00498993) addi    s3, s3, 4
core   0: 3 0x80004d18 (0x00498993) x19 0xfffffffe
core   0: 0x80004d1c (0xff69ece3) bltu    s3, s6, pc - 8
core   0: 3 0x80004d1c (0xff69ece3)
core   0: 0x80004d20 (0xfe4410e3) bne     s0, tp, pc - 32
core   0: 3 0x80004d20 (0xfe4410e3)
core   0: 0x80004d00 (0xa3262313) slti    t1, a2, -1486
core   0: 3 0x80004d00 (0xa3262313) x 6 0x00000000
core   0: 0x80004d04 (0x015e5613) srli    a2, t3, 21
core   0: 3 0x80004d04 (0x015e5613) x12 0x000007ff
core   0: 0x80004d08 (0x00940413) addi    s0, s0, 9
core   0: 3 0x80004d08 (0x00940413) x 8 0x00000008
core   0: 0x80004d0c (0xffa00993) li      s3, -6
core   0: 3 0x80004d0c (0xffa00993) x19 0xfffffffa
core   0: 0x80004d10 (0x00200b13) li      s6, 2
core   0: 3 0x80004d10 (0x00200b13) x22 0x00000002
core   0: 0x80004d14 (0x00286db3) or      s11, a6, sp
core   0: 3 0x80004d14 (0x00286db3) x27 0x80024fcf
core   0: 0x80004d18 (0x00498993) addi    s3, s3, 4
core   0: 3 0x80004d18 (0x00498993) x19 0xfffffffe
core   0: 0x80004d1c (0xff69ece3) bltu    s3, s6, pc - 8
core   0: 3 0x80004d1c (0xff69ece3)
core   0: 0x80004d20 (0xfe4410e3) bne     s0, tp, pc - 32
core   0: 3 0x80004d20 (0xfe4410e3)
core   0: 0x80004d00 (0xa3262313) slti    t1, a2, -1486
core   0: 3 0x80004d00 (0xa3262313) x 6 0x00000000
core   0: 0x80004d04 (0x015e5613) srli    a2, t3, 21
core   0: 3 0x80004d04 (0x015e5613) x12 0x000007ff
core   0: 0x80004d08 (0x00940413) addi    s0, s0, 9
core   0: 3 0x80004d08 (0x00940413) x 8 0x00000011
core   0: 0x80004d0c (0xffa00993) li      s3, -6
core   0: 3 0x80004d0c (0xffa00993) x19 0xfffffffa
core   0: 0x80004d10 (0x00200b13) li      s6, 2
core   0: 3 0x80004d10 (0x00200b13) x22 0x00000002
core   0: 0x80004d14 (0x00286db3) or      s11, a6, sp
core   0: 3 0x80004d14 (0x00286db3) x27 0x80024fcf
core   0: 0x80004d18 (0x00498993) addi    s3, s3, 4
core   0: 3 0x80004d18 (0x00498993) x19 0xfffffffe
core   0: 0x80004d1c (0xff69ece3) bltu    s3, s6, pc - 8
core   0: 3 0x80004d1c (0xff69ece3)
core   0: 0x80004d20 (0xfe4410e3) bne     s0, tp, pc - 32
core   0: 3 0x80004d20 (0xfe4410e3)
core   0: 0x80004d24 (0x0000100f) fence.i
core   0: 3 0x80004d24 (0x0000100f)
core   0: 0x80004d28 (0x00200593) li      a1, 2
core   0: 3 0x80004d28 (0x00200593) x11 0x00000002
core   0: 0x80004d2c (0x00900393) li      t2, 9
core   0: 3 0x80004d2c (0x00900393) x 7 0x00000009
core   0: 0x80004d30 (0x88c6d697) auipc   a3, 0x88c6d
core   0: 3 0x80004d30 (0x88c6d697) x13 0x08c71d30
core   0: 0x80004d34 (0x00b4a2b3) slt     t0, s1, a1
core   0: 3 0x80004d34 (0x00b4a2b3) x 5 0x00000000
core   0: 0x80004d38 (0x0000100f) fence.i
core   0: 3 0x80004d38 (0x0000100f)
core   0: 0x80004d3c (0x00000013) nop
core   0: 3 0x80004d3c (0x00000013)
core   0: 0x80004d40 (0x00858593) addi    a1, a1, 8
core   0: 3 0x80004d40 (0x00858593) x11 0x0000000a
core   0: 0x80004d44 (0x0178ddb3) srl     s11, a7, s7
core   0: 3 0x80004d44 (0x0178ddb3) x27 0x40014672
core   0: 0x80004d48 (0x00500a93) li      s5, 5
core   0: 3 0x80004d48 (0x00500a93) x21 0x00000005
core   0: 0x80004d4c (0x00000013) nop
core   0: 3 0x80004d4c (0x00000013)
core   0: 0x80004d50 (0x04309637) lui     a2, 0x4309
core   0: 3 0x80004d50 (0x04309637) x12 0x04309000
core   0: 0x80004d54 (0x414e8fb3) sub     t6, t4, s4
core   0: 3 0x80004d54 (0x414e8fb3) x31 0xffffffeb
core   0: 0x80004d58 (0x3122d117) auipc   sp, 0x3122d
core   0: 3 0x80004d58 (0x3122d117) x 2 0xb1231d58
core   0: 0x80004d5c (0x006d6233) or      tp, s10, t1
core   0: 3 0x80004d5c (0x006d6233) x 4 0x7483d34a
core   0: 0x80004d60 (0xff31ce93) xori    t4, gp, -13
core   0: 3 0x80004d60 (0xff31ce93) x29 0xfffffffb
core   0: 0x80004d64 (0x00a6bfb3) sltu    t6, a3, a0
core   0: 3 0x80004d64 (0x00a6bfb3) x31 0x00000001
core   0: 0x80004d68 (0x00f5aeb3) slt     t4, a1, a5
core   0: 3 0x80004d68 (0x00f5aeb3) x29 0x00000000
core   0: 0x80004d6c (0x00b00913) li      s2, 11
core   0: 3 0x80004d6c (0x00b00913) x18 0x0000000b
core   0: 0x80004d70 (0x334d4c13) xori    s8, s10, 820
core   0: 3 0x80004d70 (0x334d4c13) x24 0x7483d07e
core   0: 0x80004d74 (0xa5260093) addi    ra, a2, -1454
core   0: 3 0x80004d74 (0xa5260093) x 1 0x04308a52
core   0: 0x80004d78 (0x00aa8a93) addi    s5, s5, 10
core   0: 3 0x80004d78 (0x00aa8a93) x21 0x0000000f
core   0: 0x80004d7c (0x5a5e0e13) addi    t3, t3, 1445
core   0: 3 0x80004d7c (0x5a5e0e13) x28 0x000005a0
core   0: 0x80004d80 (0xff2aeae3) bltu    s5, s2, pc - 12
core   0: 3 0x80004d80 (0xff2aeae3)
core   0: 0x80004d84 (0x00cb1f33) sll     t5, s6, a2
core   0: 3 0x80004d84 (0x00cb1f33) x30 0x00000002
core   0: 0x80004d88 (0xfa75cae3) blt     a1, t2, pc - 76
core   0: 3 0x80004d88 (0xfa75cae3)
core   0: 0x80004d8c (0xaec8db37) lui     s6, 0xaec8d
core   0: 3 0x80004d8c (0xaec8db37) x22 0xaec8d000
core   0: 0x80004d90 (0xff700413) li      s0, -9
core   0: 3 0x80004d90 (0xff700413) x 8 0xfffffff7
core   0: 0x80004d94 (0x0132e033) or      zero, t0, s3
core   0: 3 0x80004d94 (0x0132e033)
core   0: 0x80004d98 (0x40235f33) sra     t5, t1, sp
core   0: 3 0x80004d98 (0x40235f33) x30 0x00000000
core   0: 0x80004d9c (0xc9b5bfb7) lui     t6, 0xc9b5b
core   0: 3 0x80004d9c (0xc9b5bfb7) x31 0xc9b5b000
core   0: 0x80004da0 (0x00d00513) li      a0, 13
core   0: 3 0x80004da0 (0x00d00513) x10 0x0000000d
core   0: 0x80004da4 (0x5207f593) andi    a1, a5, 1312
core   0: 3 0x80004da4 (0x5207f593) x11 0x00000400
core   0: 0x80004da8 (0xc6aff093) andi    ra, t6, -918
core   0: 3 0x80004da8 (0xc6aff093) x 1 0xc9b5b000
core   0: 0x80004dac (0x0000100f) fence.i
core   0: 3 0x80004dac (0x0000100f)
core   0: 0x80004db0 (0x01a17333) and     t1, sp, s10
core   0: 3 0x80004db0 (0x01a17333) x 6 0x30031148
core   0: 0x80004db4 (0x2a89e593) ori     a1, s3, 680
core   0: 3 0x80004db4 (0x2a89e593) x11 0xfffffffe
core   0: 0x80004db8 (0x00419bb3) sll     s7, gp, tp
core   0: 3 0x80004db8 (0x00419bb3) x23 0x00002000
core   0: 0x80004dbc (0x8f109c37) lui     s8, 0x8f109
core   0: 3 0x80004dbc (0x8f109c37) x24 0x8f109000
core   0: 0x80004dc0 (0x0093b333) sltu    t1, t2, s1
core   0: 3 0x80004dc0 (0x0093b333) x 6 0x00000001
core   0: 0x80004dc4 (0x00a0a933) slt     s2, ra, a0
core   0: 3 0x80004dc4 (0x00a0a933) x18 0x00000001
core   0: 0x80004dc8 (0x001fb733) sltu    a4, t6, ra
core   0: 3 0x80004dc8 (0x001fb733) x14 0x00000000
core   0: 0x80004dcc (0x238ba993) slti    s3, s7, 568
core   0: 3 0x80004dcc (0x238ba993) x19 0x00000000
core   0: 0x80004dd0 (0x7e0a8493) addi    s1, s5, 2016
core   0: 3 0x80004dd0 (0x7e0a8493) x 9 0x000007ef
core   0: 0x80004dd4 (0x015829b3) slt     s3, a6, s5
core   0: 3 0x80004dd4 (0x015829b3) x19 0x00000001
core   0: 0x80004dd8 (0x832ccd93) xori    s11, s9, -1998
core   0: 3 0x80004dd8 (0x832ccd93) x27 0xfffc07cd
core   0: 0x80004ddc (0x79dfe613) ori     a2, t6, 1949
core   0: 3 0x80004ddc (0x79dfe613) x12 0xc9b5b79d
core   0: 0x80004de0 (0x24b83317) auipc   t1, 0x24b83
core   0: 3 0x80004de0 (0x24b83317) x 6 0xa4b87de0
core   0: 0x80004de4 (0x00a40413) addi    s0, s0, 10
core   0: 3 0x80004de4 (0x00a40413) x 8 0x00000001
core   0: 0x80004de8 (0x00000013) nop
core   0: 3 0x80004de8 (0x00000013)
core   0: 0x80004dec (0x40fbd0b3) sra     ra, s7, a5
core   0: 3 0x80004dec (0x40fbd0b3) x 1 0x00000200
core   0: 0x80004df0 (0x00c58a33) add     s4, a1, a2
core   0: 3 0x80004df0 (0x00c58a33) x20 0xc9b5b79b
core   0: 0x80004df4 (0x00000013) nop
core   0: 3 0x80004df4 (0x00000013)
core   0: 0x80004df8 (0xfaa44ce3) blt     s0, a0, pc - 72
core   0: 3 0x80004df8 (0xfaa44ce3)
core   0: 0x80004db0 (0x01a17333) and     t1, sp, s10
core   0: 3 0x80004db0 (0x01a17333) x 6 0x30031148
core   0: 0x80004db4 (0x2a89e593) ori     a1, s3, 680
core   0: 3 0x80004db4 (0x2a89e593) x11 0x000002a9
core   0: 0x80004db8 (0x00419bb3) sll     s7, gp, tp
core   0: 3 0x80004db8 (0x00419bb3) x23 0x00002000
core   0: 0x80004dbc (0x8f109c37) lui     s8, 0x8f109
core   0: 3 0x80004dbc (0x8f109c37) x24 0x8f109000
core   0: 0x80004dc0 (0x0093b333) sltu    t1, t2, s1
core   0: 3 0x80004dc0 (0x0093b333) x 6 0x00000001
core   0: 0x80004dc4 (0x00a0a933) slt     s2, ra, a0
core   0: 3 0x80004dc4 (0x00a0a933) x18 0x00000000
core   0: 0x80004dc8 (0x001fb733) sltu    a4, t6, ra
core   0: 3 0x80004dc8 (0x001fb733) x14 0x00000000
core   0: 0x80004dcc (0x238ba993) slti    s3, s7, 568
core   0: 3 0x80004dcc (0x238ba993) x19 0x00000000
core   0: 0x80004dd0 (0x7e0a8493) addi    s1, s5, 2016
core   0: 3 0x80004dd0 (0x7e0a8493) x 9 0x000007ef
core   0: 0x80004dd4 (0x015829b3) slt     s3, a6, s5
core   0: 3 0x80004dd4 (0x015829b3) x19 0x00000001
core   0: 0x80004dd8 (0x832ccd93) xori    s11, s9, -1998
core   0: 3 0x80004dd8 (0x832ccd93) x27 0xfffc07cd
core   0: 0x80004ddc (0x79dfe613) ori     a2, t6, 1949
core   0: 3 0x80004ddc (0x79dfe613) x12 0xc9b5b79d
core   0: 0x80004de0 (0x24b83317) auipc   t1, 0x24b83
core   0: 3 0x80004de0 (0x24b83317) x 6 0xa4b87de0
core   0: 0x80004de4 (0x00a40413) addi    s0, s0, 10
core   0: 3 0x80004de4 (0x00a40413) x 8 0x0000000b
core   0: 0x80004de8 (0x00000013) nop
core   0: 3 0x80004de8 (0x00000013)
core   0: 0x80004dec (0x40fbd0b3) sra     ra, s7, a5
core   0: 3 0x80004dec (0x40fbd0b3) x 1 0x00000200
core   0: 0x80004df0 (0x00c58a33) add     s4, a1, a2
core   0: 3 0x80004df0 (0x00c58a33) x20 0xc9b5ba46
core   0: 0x80004df4 (0x00000013) nop
core   0: 3 0x80004df4 (0x00000013)
core   0: 0x80004df8 (0xfaa44ce3) blt     s0, a0, pc - 72
core   0: 3 0x80004df8 (0xfaa44ce3)
core   0: 0x80004db0 (0x01a17333) and     t1, sp, s10
core   0: 3 0x80004db0 (0x01a17333) x 6 0x30031148
core   0: 0x80004db4 (0x2a89e593) ori     a1, s3, 680
core   0: 3 0x80004db4 (0x2a89e593) x11 0x000002a9
core   0: 0x80004db8 (0x00419bb3) sll     s7, gp, tp
core   0: 3 0x80004db8 (0x00419bb3) x23 0x00002000
core   0: 0x80004dbc (0x8f109c37) lui     s8, 0x8f109
core   0: 3 0x80004dbc (0x8f109c37) x24 0x8f109000
core   0: 0x80004dc0 (0x0093b333) sltu    t1, t2, s1
core   0: 3 0x80004dc0 (0x0093b333) x 6 0x00000001
core   0: 0x80004dc4 (0x00a0a933) slt     s2, ra, a0
core   0: 3 0x80004dc4 (0x00a0a933) x18 0x00000000
core   0: 0x80004dc8 (0x001fb733) sltu    a4, t6, ra
core   0: 3 0x80004dc8 (0x001fb733) x14 0x00000000
core   0: 0x80004dcc (0x238ba993) slti    s3, s7, 568
core   0: 3 0x80004dcc (0x238ba993) x19 0x00000000
core   0: 0x80004dd0 (0x7e0a8493) addi    s1, s5, 2016
core   0: 3 0x80004dd0 (0x7e0a8493) x 9 0x000007ef
core   0: 0x80004dd4 (0x015829b3) slt     s3, a6, s5
core   0: 3 0x80004dd4 (0x015829b3) x19 0x00000001
core   0: 0x80004dd8 (0x832ccd93) xori    s11, s9, -1998
core   0: 3 0x80004dd8 (0x832ccd93) x27 0xfffc07cd
core   0: 0x80004ddc (0x79dfe613) ori     a2, t6, 1949
core   0: 3 0x80004ddc (0x79dfe613) x12 0xc9b5b79d
core   0: 0x80004de0 (0x24b83317) auipc   t1, 0x24b83
core   0: 3 0x80004de0 (0x24b83317) x 6 0xa4b87de0
core   0: 0x80004de4 (0x00a40413) addi    s0, s0, 10
core   0: 3 0x80004de4 (0x00a40413) x 8 0x00000015
core   0: 0x80004de8 (0x00000013) nop
core   0: 3 0x80004de8 (0x00000013)
core   0: 0x80004dec (0x40fbd0b3) sra     ra, s7, a5
core   0: 3 0x80004dec (0x40fbd0b3) x 1 0x00000200
core   0: 0x80004df0 (0x00c58a33) add     s4, a1, a2
core   0: 3 0x80004df0 (0x00c58a33) x20 0xc9b5ba46
core   0: 0x80004df4 (0x00000013) nop
core   0: 3 0x80004df4 (0x00000013)
core   0: 0x80004df8 (0xfaa44ce3) blt     s0, a0, pc - 72
core   0: 3 0x80004df8 (0xfaa44ce3)
core   0: 0x80004dfc (0x00cf3db3) sltu    s11, t5, a2
core   0: 3 0x80004dfc (0x00cf3db3) x27 0x00000001
core   0: 0x80004e00 (0xffa00593) li      a1, -6
core   0: 3 0x80004e00 (0xffa00593) x11 0xfffffffa
core   0: 0x80004e04 (0x01cadcb3) srl     s9, s5, t3
core   0: 3 0x80004e04 (0x01cadcb3) x25 0x0000000f
core   0: 0x80004e08 (0x410bd1b3) sra     gp, s7, a6
core   0: 3 0x80004e08 (0x410bd1b3) x 3 0x00002000
core   0: 0x80004e0c (0xff400993) li      s3, -12
core   0: 3 0x80004e0c (0xff400993) x19 0xfffffff4
core   0: 0x80004e10 (0x0adac397) auipc   t2, 0xadac
core   0: 3 0x80004e10 (0x0adac397) x 7 0x8adb0e10
core   0: 0x80004e14 (0x585d6693) ori     a3, s10, 1413
core   0: 3 0x80004e14 (0x585d6693) x13 0x7483d7cf
core   0: 0x80004e18 (0x00433b33) sltu    s6, t1, tp
core   0: 3 0x80004e18 (0x00433b33) x22 0x00000000
core   0: 0x80004e1c (0xffd58593) addi    a1, a1, -3
core   0: 3 0x80004e1c (0xffd58593) x11 0xfffffff7
core   0: 0x80004e20 (0x408cdc33) sra     s8, s9, s0
core   0: 3 0x80004e20 (0x408cdc33) x24 0x00000000
core   0: 0x80004e24 (0x40ba5e93) srai    t4, s4, 11
core   0: 3 0x80004e24 (0x40ba5e93) x29 0xfff936b7
core   0: 0x80004e28 (0x00628633) add     a2, t0, t1
core   0: 3 0x80004e28 (0x00628633) x12 0xa4b87de0
core   0: 0x80004e2c (0xff3594e3) bne     a1, s3, pc - 24
core   0: 3 0x80004e2c (0xff3594e3)
core   0: 0x80004e14 (0x585d6693) ori     a3, s10, 1413
core   0: 3 0x80004e14 (0x585d6693) x13 0x7483d7cf
core   0: 0x80004e18 (0x00433b33) sltu    s6, t1, tp
core   0: 3 0x80004e18 (0x00433b33) x22 0x00000000
core   0: 0x80004e1c (0xffd58593) addi    a1, a1, -3
core   0: 3 0x80004e1c (0xffd58593) x11 0xfffffff4
core   0: 0x80004e20 (0x408cdc33) sra     s8, s9, s0
core   0: 3 0x80004e20 (0x408cdc33) x24 0x00000000
core   0: 0x80004e24 (0x40ba5e93) srai    t4, s4, 11
core   0: 3 0x80004e24 (0x40ba5e93) x29 0xfff936b7
core   0: 0x80004e28 (0x00628633) add     a2, t0, t1
core   0: 3 0x80004e28 (0x00628633) x12 0xa4b87de0
core   0: 0x80004e2c (0xff3594e3) bne     a1, s3, pc - 24
core   0: 3 0x80004e2c (0xff3594e3)
core   0: 0x80004e30 (0xbb55bb93) sltiu   s7, a1, -1099
core   0: 3 0x80004e30 (0xbb55bb93) x23 0x00000000
core   0: 0x80004e34 (0x00a00693) li      a3, 10
core   0: 3 0x80004e34 (0x00a00693) x13 0x0000000a
core   0: 0x80004e38 (0x01200b93) li      s7, 18
core   0: 3 0x80004e38 (0x01200b93) x23 0x00000012
core   0: 0x80004e3c (0x2f117f37) lui     t5, 0x2f117
core   0: 3 0x80004e3c (0x2f117f37) x30 0x2f117000
core   0: 0x80004e40 (0x00168693) addi    a3, a3, 1
core   0: 3 0x80004e40 (0x00168693) x13 0x0000000b
core   0: 0x80004e44 (0xff769ce3) bne     a3, s7, pc - 8
core   0: 3 0x80004e44 (0xff769ce3)
core   0: 0x80004e3c (0x2f117f37) lui     t5, 0x2f117
core   0: 3 0x80004e3c (0x2f117f37) x30 0x2f117000
core   0: 0x80004e40 (0x00168693) addi    a3, a3, 1
core   0: 3 0x80004e40 (0x00168693) x13 0x0000000c
core   0: 0x80004e44 (0xff769ce3) bne     a3, s7, pc - 8
core   0: 3 0x80004e44 (0xff769ce3)
core   0: 0x80004e3c (0x2f117f37) lui     t5, 0x2f117
core   0: 3 0x80004e3c (0x2f117f37) x30 0x2f117000
core   0: 0x80004e40 (0x00168693) addi    a3, a3, 1
core   0: 3 0x80004e40 (0x00168693) x13 0x0000000d
core   0: 0x80004e44 (0xff769ce3) bne     a3, s7, pc - 8
core   0: 3 0x80004e44 (0xff769ce3)
core   0: 0x80004e3c (0x2f117f37) lui     t5, 0x2f117
core   0: 3 0x80004e3c (0x2f117f37) x30 0x2f117000
core   0: 0x80004e40 (0x00168693) addi    a3, a3, 1
core   0: 3 0x80004e40 (0x00168693) x13 0x0000000e
core   0: 0x80004e44 (0xff769ce3) bne     a3, s7, pc - 8
core   0: 3 0x80004e44 (0xff769ce3)
core   0: 0x80004e3c (0x2f117f37) lui     t5, 0x2f117
core   0: 3 0x80004e3c (0x2f117f37) x30 0x2f117000
core   0: 0x80004e40 (0x00168693) addi    a3, a3, 1
core   0: 3 0x80004e40 (0x00168693) x13 0x0000000f
core   0: 0x80004e44 (0xff769ce3) bne     a3, s7, pc - 8
core   0: 3 0x80004e44 (0xff769ce3)
core   0: 0x80004e3c (0x2f117f37) lui     t5, 0x2f117
core   0: 3 0x80004e3c (0x2f117f37) x30 0x2f117000
core   0: 0x80004e40 (0x00168693) addi    a3, a3, 1
core   0: 3 0x80004e40 (0x00168693) x13 0x00000010
core   0: 0x80004e44 (0xff769ce3) bne     a3, s7, pc - 8
core   0: 3 0x80004e44 (0xff769ce3)
core   0: 0x80004e3c (0x2f117f37) lui     t5, 0x2f117
core   0: 3 0x80004e3c (0x2f117f37) x30 0x2f117000
core   0: 0x80004e40 (0x00168693) addi    a3, a3, 1
core   0: 3 0x80004e40 (0x00168693) x13 0x00000011
core   0: 0x80004e44 (0xff769ce3) bne     a3, s7, pc - 8
core   0: 3 0x80004e44 (0xff769ce3)
core   0: 0x80004e3c (0x2f117f37) lui     t5, 0x2f117
core   0: 3 0x80004e3c (0x2f117f37) x30 0x2f117000
core   0: 0x80004e40 (0x00168693) addi    a3, a3, 1
core   0: 3 0x80004e40 (0x00168693) x13 0x00000012
core   0: 0x80004e44 (0xff769ce3) bne     a3, s7, pc - 8
core   0: 3 0x80004e44 (0xff769ce3)
core   0: 0x80004e48 (0x01cdcdb3) xor     s11, s11, t3
core   0: 3 0x80004e48 (0x01cdcdb3) x27 0x000005a1
core   0: 0x80004e4c (0xffa00713) li      a4, -6
core   0: 3 0x80004e4c (0xffa00713) x14 0xfffffffa
core   0: 0x80004e50 (0x29157593) andi    a1, a0, 657
core   0: 3 0x80004e50 (0x29157593) x11 0x00000001
core   0: 0x80004e54 (0x00c25513) srli    a0, tp, 12
core   0: 3 0x80004e54 (0x00c25513) x10 0x0007483d
core   0: 0x80004e58 (0x1e6f3c13) sltiu   s8, t5, 486
core   0: 3 0x80004e58 (0x1e6f3c13) x24 0x00000000
core   0: 0x80004e5c (0x00b00313) li      t1, 11
core   0: 3 0x80004e5c (0x00b00313) x 6 0x0000000b
core   0: 0x80004e60 (0x01742eb3) slt     t4, s0, s7
core   0: 3 0x80004e60 (0x01742eb3) x29 0x00000000
core   0: 0x80004e64 (0x015e2c33) slt     s8, t3, s5
core   0: 3 0x80004e64 (0x015e2c33) x24 0x00000000
core   0: 0x80004e68 (0x01de7d33) and     s10, t3, t4
core   0: 3 0x80004e68 (0x01de7d33) x26 0x00000000
core   0: 0x80004e6c (0x0081bb33) sltu    s6, gp, s0
core   0: 3 0x80004e6c (0x0081bb33) x22 0x00000000
core   0: 0x80004e70 (0x01051493) slli    s1, a0, 16
core   0: 3 0x80004e70 (0x01051493) x 9 0x483d0000
core   0: 0x80004e74 (0x00000013) nop
core   0: 3 0x80004e74 (0x00000013)
core   0: 0x80004e78 (0xbd818c93) addi    s9, gp, -1064
core   0: 3 0x80004e78 (0xbd818c93) x25 0x00001bd8
core   0: 0x80004e7c (0xc8af12b7) lui     t0, 0xc8af1
core   0: 3 0x80004e7c (0xc8af12b7) x 5 0xc8af1000
core   0: 0x80004e80 (0xa2a26693) ori     a3, tp, -1494
core   0: 3 0x80004e80 (0xa2a26693) x13 0xfffffb6a
core   0: 0x80004e84 (0xea7a6c13) ori     s8, s4, -345
core   0: 3 0x80004e84 (0xea7a6c13) x24 0xfffffee7
core   0: 0x80004e88 (0x002474b3) and     s1, s0, sp
core   0: 3 0x80004e88 (0x002474b3) x 9 0x00000010
core   0: 0x80004e8c (0x005d7133) and     sp, s10, t0
core   0: 3 0x80004e8c (0x005d7133) x 2 0x00000000
core   0: 0x80004e90 (0x507a8a13) addi    s4, s5, 1287
core   0: 3 0x80004e90 (0x507a8a13) x20 0x00000516
core   0: 0x80004e94 (0x0000100f) fence.i
core   0: 3 0x80004e94 (0x0000100f)
core   0: 0x80004e98 (0x9cf76b13) ori     s6, a4, -1585
core   0: 3 0x80004e98 (0x9cf76b13) x22 0xffffffff
core   0: 0x80004e9c (0x00000013) nop
core   0: 3 0x80004e9c (0x00000013)
core   0: 0x80004ea0 (0x0ff0000f) fence   iorw,iorw
core   0: 3 0x80004ea0 (0x0ff0000f)
core   0: 0x80004ea4 (0x37c8c393) xori    t2, a7, 892
core   0: 3 0x80004ea4 (0x37c8c393) x 7 0x80028f98
core   0: 0x80004ea8 (0x00870713) addi    a4, a4, 8
core   0: 3 0x80004ea8 (0x00870713) x14 0x00000002
core   0: 0x80004eac (0x4001d633) sra     a2, gp, zero
core   0: 3 0x80004eac (0x4001d633) x12 0x00002000
core   0: 0x80004eb0 (0xfa674ee3) blt     a4, t1, pc - 68
core   0: 3 0x80004eb0 (0xfa674ee3)
core   0: 0x80004e6c (0x0081bb33) sltu    s6, gp, s0
core   0: 3 0x80004e6c (0x0081bb33) x22 0x00000000
core   0: 0x80004e70 (0x01051493) slli    s1, a0, 16
core   0: 3 0x80004e70 (0x01051493) x 9 0x483d0000
core   0: 0x80004e74 (0x00000013) nop
core   0: 3 0x80004e74 (0x00000013)
core   0: 0x80004e78 (0xbd818c93) addi    s9, gp, -1064
core   0: 3 0x80004e78 (0xbd818c93) x25 0x00001bd8
core   0: 0x80004e7c (0xc8af12b7) lui     t0, 0xc8af1
core   0: 3 0x80004e7c (0xc8af12b7) x 5 0xc8af1000
core   0: 0x80004e80 (0xa2a26693) ori     a3, tp, -1494
core   0: 3 0x80004e80 (0xa2a26693) x13 0xfffffb6a
core   0: 0x80004e84 (0xea7a6c13) ori     s8, s4, -345
core   0: 3 0x80004e84 (0xea7a6c13) x24 0xffffffb7
core   0: 0x80004e88 (0x002474b3) and     s1, s0, sp
core   0: 3 0x80004e88 (0x002474b3) x 9 0x00000000
core   0: 0x80004e8c (0x005d7133) and     sp, s10, t0
core   0: 3 0x80004e8c (0x005d7133) x 2 0x00000000
core   0: 0x80004e90 (0x507a8a13) addi    s4, s5, 1287
core   0: 3 0x80004e90 (0x507a8a13) x20 0x00000516
core   0: 0x80004e94 (0x0000100f) fence.i
core   0: 3 0x80004e94 (0x0000100f)
core   0: 0x80004e98 (0x9cf76b13) ori     s6, a4, -1585
core   0: 3 0x80004e98 (0x9cf76b13) x22 0xfffff9cf
core   0: 0x80004e9c (0x00000013) nop
core   0: 3 0x80004e9c (0x00000013)
core   0: 0x80004ea0 (0x0ff0000f) fence   iorw,iorw
core   0: 3 0x80004ea0 (0x0ff0000f)
core   0: 0x80004ea4 (0x37c8c393) xori    t2, a7, 892
core   0: 3 0x80004ea4 (0x37c8c393) x 7 0x80028f98
core   0: 0x80004ea8 (0x00870713) addi    a4, a4, 8
core   0: 3 0x80004ea8 (0x00870713) x14 0x0000000a
core   0: 0x80004eac (0x4001d633) sra     a2, gp, zero
core   0: 3 0x80004eac (0x4001d633) x12 0x00002000
core   0: 0x80004eb0 (0xfa674ee3) blt     a4, t1, pc - 68
core   0: 3 0x80004eb0 (0xfa674ee3)
core   0: 0x80004e6c (0x0081bb33) sltu    s6, gp, s0
core   0: 3 0x80004e6c (0x0081bb33) x22 0x00000000
core   0: 0x80004e70 (0x01051493) slli    s1, a0, 16
core   0: 3 0x80004e70 (0x01051493) x 9 0x483d0000
core   0: 0x80004e74 (0x00000013) nop
core   0: 3 0x80004e74 (0x00000013)
core   0: 0x80004e78 (0xbd818c93) addi    s9, gp, -1064
core   0: 3 0x80004e78 (0xbd818c93) x25 0x00001bd8
core   0: 0x80004e7c (0xc8af12b7) lui     t0, 0xc8af1
core   0: 3 0x80004e7c (0xc8af12b7) x 5 0xc8af1000
core   0: 0x80004e80 (0xa2a26693) ori     a3, tp, -1494
core   0: 3 0x80004e80 (0xa2a26693) x13 0xfffffb6a
core   0: 0x80004e84 (0xea7a6c13) ori     s8, s4, -345
core   0: 3 0x80004e84 (0xea7a6c13) x24 0xffffffb7
core   0: 0x80004e88 (0x002474b3) and     s1, s0, sp
core   0: 3 0x80004e88 (0x002474b3) x 9 0x00000000
core   0: 0x80004e8c (0x005d7133) and     sp, s10, t0
core   0: 3 0x80004e8c (0x005d7133) x 2 0x00000000
core   0: 0x80004e90 (0x507a8a13) addi    s4, s5, 1287
core   0: 3 0x80004e90 (0x507a8a13) x20 0x00000516
core   0: 0x80004e94 (0x0000100f) fence.i
core   0: 3 0x80004e94 (0x0000100f)
core   0: 0x80004e98 (0x9cf76b13) ori     s6, a4, -1585
core   0: 3 0x80004e98 (0x9cf76b13) x22 0xfffff9cf
core   0: 0x80004e9c (0x00000013) nop
core   0: 3 0x80004e9c (0x00000013)
core   0: 0x80004ea0 (0x0ff0000f) fence   iorw,iorw
core   0: 3 0x80004ea0 (0x0ff0000f)
core   0: 0x80004ea4 (0x37c8c393) xori    t2, a7, 892
core   0: 3 0x80004ea4 (0x37c8c393) x 7 0x80028f98
core   0: 0x80004ea8 (0x00870713) addi    a4, a4, 8
core   0: 3 0x80004ea8 (0x00870713) x14 0x00000012
core   0: 0x80004eac (0x4001d633) sra     a2, gp, zero
core   0: 3 0x80004eac (0x4001d633) x12 0x00002000
core   0: 0x80004eb0 (0xfa674ee3) blt     a4, t1, pc - 68
core   0: 3 0x80004eb0 (0xfa674ee3)
core   0: 0x80004eb4 (0x4168d013) srai    zero, a7, 22
core   0: 3 0x80004eb4 (0x4168d013)
core   0: 0x80004eb8 (0xff700713) li      a4, -9
core   0: 3 0x80004eb8 (0xff700713) x14 0xfffffff7
core   0: 0x80004ebc (0x01100d13) li      s10, 17
core   0: 3 0x80004ebc (0x01100d13) x26 0x00000011
core   0: 0x80004ec0 (0x005ff533) and     a0, t6, t0
core   0: 3 0x80004ec0 (0x005ff533) x10 0xc8a51000
core   0: 0x80004ec4 (0x014be933) or      s2, s7, s4
core   0: 3 0x80004ec4 (0x014be933) x18 0x00000516
core   0: 0x80004ec8 (0x00570713) addi    a4, a4, 5
core   0: 3 0x80004ec8 (0x00570713) x14 0xfffffffc
core   0: 0x80004ecc (0x00600593) li      a1, 6
core   0: 3 0x80004ecc (0x00600593) x11 0x00000006
core   0: 0x80004ed0 (0xffe00413) li      s0, -2
core   0: 3 0x80004ed0 (0xffe00413) x 8 0xfffffffe
core   0: 0x80004ed4 (0x00281cb3) sll     s9, a6, sp
core   0: 3 0x80004ed4 (0x00281cb3) x25 0x80000000
core   0: 0x80004ed8 (0x012dbcb3) sltu    s9, s11, s2
core   0: 3 0x80004ed8 (0x012dbcb3) x25 0x00000000
core   0: 0x80004edc (0xff658593) addi    a1, a1, -10
core   0: 3 0x80004edc (0xff658593) x11 0xfffffffc
core   0: 0x80004ee0 (0xfe85dce3) bge     a1, s0, pc - 8
core   0: 3 0x80004ee0 (0xfe85dce3)
core   0: 0x80004ee4 (0xffa760e3) bltu    a4, s10, pc - 32
core   0: 3 0x80004ee4 (0xffa760e3)
core   0: 0x80004ee8 (0xf4c6ec97) auipc   s9, 0xf4c6e
core   0: 3 0x80004ee8 (0xf4c6ec97) x25 0x74c72ee8
core   0: 0x80004eec (0xffe00613) li      a2, -2
core   0: 3 0x80004eec (0xffe00613) x12 0xfffffffe
core   0: 0x80004ef0 (0x01300c13) li      s8, 19
core   0: 3 0x80004ef0 (0x01300c13) x24 0x00000013
core   0: 0x80004ef4 (0x00000013) nop
core   0: 3 0x80004ef4 (0x00000013)
core   0: 0x80004ef8 (0x78bf3b97) auipc   s7, 0x78bf3
core   0: 3 0x80004ef8 (0x78bf3b97) x23 0xf8bf7ef8
core   0: 0x80004efc (0x00360613) addi    a2, a2, 3
core   0: 3 0x80004efc (0x00360613) x12 0x00000001
core   0: 0x80004f00 (0x00600493) li      s1, 6
core   0: 3 0x80004f00 (0x00600493) x 9 0x00000006
core   0: 0x80004f04 (0x01d875b3) and     a1, a6, t4
core   0: 3 0x80004f04 (0x01d875b3) x11 0x00000000
core   0: 0x80004f08 (0x0231e713) ori     a4, gp, 35
core   0: 3 0x80004f08 (0x0231e713) x14 0x00002023
core   0: 0x80004f0c (0x00a00d13) li      s10, 10
core   0: 3 0x80004f0c (0x00a00d13) x26 0x0000000a
core   0: 0x80004f10 (0x00edb2b3) sltu    t0, s11, a4
core   0: 3 0x80004f10 (0x00edb2b3) x 5 0x00000001
core   0: 0x80004f14 (0x412e0d97) auipc   s11, 0x412e0
core   0: 3 0x80004f14 (0x412e0d97) x27 0xc12e4f14
core   0: 0x80004f18 (0x01e29f93) slli    t6, t0, 30
core   0: 3 0x80004f18 (0x01e29f93) x31 0x40000000
core   0: 0x80004f1c (0x00906033) or      zero, zero, s1
core   0: 3 0x80004f1c (0x00906033)
core   0: 0x80004f20 (0x00148493) addi    s1, s1, 1
core   0: 3 0x80004f20 (0x00148493) x 9 0x00000007
core   0: 0x80004f24 (0x419555b3) sra     a1, a0, s9
core   0: 3 0x80004f24 (0x419555b3) x11 0xffc8a510
core   0: 0x80004f28 (0xffa484e3) beq     s1, s10, pc - 24
core   0: 3 0x80004f28 (0xffa484e3)
core   0: 0x80004f2c (0x40195413) srai    s0, s2, 1
core   0: 3 0x80004f2c (0x40195413) x 8 0x0000028b
core   0: 0x80004f30 (0x01924233) xor     tp, tp, s9
core   0: 3 0x80004f30 (0x01924233) x 4 0x0044fda2
core   0: 0x80004f34 (0x01718f33) add     t5, gp, s7
core   0: 3 0x80004f34 (0x01718f33) x30 0xf8bf9ef8
core   0: 0x80004f38 (0xfb864ee3) blt     a2, s8, pc - 68
core   0: 3 0x80004f38 (0xfb864ee3)
core   0: 0x80004ef4 (0x00000013) nop
core   0: 3 0x80004ef4 (0x00000013)
core   0: 0x80004ef8 (0x78bf3b97) auipc   s7, 0x78bf3
core   0: 3 0x80004ef8 (0x78bf3b97) x23 0xf8bf7ef8
core   0: 0x80004efc (0x00360613) addi    a2, a2, 3
core   0: 3 0x80004efc (0x00360613) x12 0x00000004
core   0: 0x80004f00 (0x00600493) li      s1, 6
core   0: 3 0x80004f00 (0x00600493) x 9 0x00000006
core   0: 0x80004f04 (0x01d875b3) and     a1, a6, t4
core   0: 3 0x80004f04 (0x01d875b3) x11 0x00000000
core   0: 0x80004f08 (0x0231e713) ori     a4, gp, 35
core   0: 3 0x80004f08 (0x0231e713) x14 0x00002023
core   0: 0x80004f0c (0x00a00d13) li      s10, 10
core   0: 3 0x80004f0c (0x00a00d13) x26 0x0000000a
core   0: 0x80004f10 (0x00edb2b3) sltu    t0, s11, a4
core   0: 3 0x80004f10 (0x00edb2b3) x 5 0x00000000
core   0: 0x80004f14 (0x412e0d97) auipc   s11, 0x412e0
core   0: 3 0x80004f14 (0x412e0d97) x27 0xc12e4f14
core   0: 0x80004f18 (0x01e29f93) slli    t6, t0, 30
core   0: 3 0x80004f18 (0x01e29f93) x31 0x00000000
core   0: 0x80004f1c (0x00906033) or      zero, zero, s1
core   0: 3 0x80004f1c (0x00906033)
core   0: 0x80004f20 (0x00148493) addi    s1, s1, 1
core   0: 3 0x80004f20 (0x00148493) x 9 0x00000007
core   0: 0x80004f24 (0x419555b3) sra     a1, a0, s9
core   0: 3 0x80004f24 (0x419555b3) x11 0xffc8a510
core   0: 0x80004f28 (0xffa484e3) beq     s1, s10, pc - 24
core   0: 3 0x80004f28 (0xffa484e3)
core   0: 0x80004f2c (0x40195413) srai    s0, s2, 1
core   0: 3 0x80004f2c (0x40195413) x 8 0x0000028b
core   0: 0x80004f30 (0x01924233) xor     tp, tp, s9
core   0: 3 0x80004f30 (0x01924233) x 4 0x7483d34a
core   0: 0x80004f34 (0x01718f33) add     t5, gp, s7
core   0: 3 0x80004f34 (0x01718f33) x30 0xf8bf9ef8
core   0: 0x80004f38 (0xfb864ee3) blt     a2, s8, pc - 68
core   0: 3 0x80004f38 (0xfb864ee3)
core   0: 0x80004ef4 (0x00000013) nop
core   0: 3 0x80004ef4 (0x00000013)
core   0: 0x80004ef8 (0x78bf3b97) auipc   s7, 0x78bf3
core   0: 3 0x80004ef8 (0x78bf3b97) x23 0xf8bf7ef8
core   0: 0x80004efc (0x00360613) addi    a2, a2, 3
core   0: 3 0x80004efc (0x00360613) x12 0x00000007
core   0: 0x80004f00 (0x00600493) li      s1, 6
core   0: 3 0x80004f00 (0x00600493) x 9 0x00000006
core   0: 0x80004f04 (0x01d875b3) and     a1, a6, t4
core   0: 3 0x80004f04 (0x01d875b3) x11 0x00000000
core   0: 0x80004f08 (0x0231e713) ori     a4, gp, 35
core   0: 3 0x80004f08 (0x0231e713) x14 0x00002023
core   0: 0x80004f0c (0x00a00d13) li      s10, 10
core   0: 3 0x80004f0c (0x00a00d13) x26 0x0000000a
core   0: 0x80004f10 (0x00edb2b3) sltu    t0, s11, a4
core   0: 3 0x80004f10 (0x00edb2b3) x 5 0x00000000
core   0: 0x80004f14 (0x412e0d97) auipc   s11, 0x412e0
core   0: 3 0x80004f14 (0x412e0d97) x27 0xc12e4f14
core   0: 0x80004f18 (0x01e29f93) slli    t6, t0, 30
core   0: 3 0x80004f18 (0x01e29f93) x31 0x00000000
core   0: 0x80004f1c (0x00906033) or      zero, zero, s1
core   0: 3 0x80004f1c (0x00906033)
core   0: 0x80004f20 (0x00148493) addi    s1, s1, 1
core   0: 3 0x80004f20 (0x00148493) x 9 0x00000007
core   0: 0x80004f24 (0x419555b3) sra     a1, a0, s9
core   0: 3 0x80004f24 (0x419555b3) x11 0xffc8a510
core   0: 0x80004f28 (0xffa484e3) beq     s1, s10, pc - 24
core   0: 3 0x80004f28 (0xffa484e3)
core   0: 0x80004f2c (0x40195413) srai    s0, s2, 1
core   0: 3 0x80004f2c (0x40195413) x 8 0x0000028b
core   0: 0x80004f30 (0x01924233) xor     tp, tp, s9
core   0: 3 0x80004f30 (0x01924233) x 4 0x0044fda2
core   0: 0x80004f34 (0x01718f33) add     t5, gp, s7
core   0: 3 0x80004f34 (0x01718f33) x30 0xf8bf9ef8
core   0: 0x80004f38 (0xfb864ee3) blt     a2, s8, pc - 68
core   0: 3 0x80004f38 (0xfb864ee3)
core   0: 0x80004ef4 (0x00000013) nop
core   0: 3 0x80004ef4 (0x00000013)
core   0: 0x80004ef8 (0x78bf3b97) auipc   s7, 0x78bf3
core   0: 3 0x80004ef8 (0x78bf3b97) x23 0xf8bf7ef8
core   0: 0x80004efc (0x00360613) addi    a2, a2, 3
core   0: 3 0x80004efc (0x00360613) x12 0x0000000a
core   0: 0x80004f00 (0x00600493) li      s1, 6
core   0: 3 0x80004f00 (0x00600493) x 9 0x00000006
core   0: 0x80004f04 (0x01d875b3) and     a1, a6, t4
core   0: 3 0x80004f04 (0x01d875b3) x11 0x00000000
core   0: 0x80004f08 (0x0231e713) ori     a4, gp, 35
core   0: 3 0x80004f08 (0x0231e713) x14 0x00002023
core   0: 0x80004f0c (0x00a00d13) li      s10, 10
core   0: 3 0x80004f0c (0x00a00d13) x26 0x0000000a
core   0: 0x80004f10 (0x00edb2b3) sltu    t0, s11, a4
core   0: 3 0x80004f10 (0x00edb2b3) x 5 0x00000000
core   0: 0x80004f14 (0x412e0d97) auipc   s11, 0x412e0
core   0: 3 0x80004f14 (0x412e0d97) x27 0xc12e4f14
core   0: 0x80004f18 (0x01e29f93) slli    t6, t0, 30
core   0: 3 0x80004f18 (0x01e29f93) x31 0x00000000
core   0: 0x80004f1c (0x00906033) or      zero, zero, s1
core   0: 3 0x80004f1c (0x00906033)
core   0: 0x80004f20 (0x00148493) addi    s1, s1, 1
core   0: 3 0x80004f20 (0x00148493) x 9 0x00000007
core   0: 0x80004f24 (0x419555b3) sra     a1, a0, s9
core   0: 3 0x80004f24 (0x419555b3) x11 0xffc8a510
core   0: 0x80004f28 (0xffa484e3) beq     s1, s10, pc - 24
core   0: 3 0x80004f28 (0xffa484e3)
core   0: 0x80004f2c (0x40195413) srai    s0, s2, 1
core   0: 3 0x80004f2c (0x40195413) x 8 0x0000028b
core   0: 0x80004f30 (0x01924233) xor     tp, tp, s9
core   0: 3 0x80004f30 (0x01924233) x 4 0x7483d34a
core   0: 0x80004f34 (0x01718f33) add     t5, gp, s7
core   0: 3 0x80004f34 (0x01718f33) x30 0xf8bf9ef8
core   0: 0x80004f38 (0xfb864ee3) blt     a2, s8, pc - 68
core   0: 3 0x80004f38 (0xfb864ee3)
core   0: 0x80004ef4 (0x00000013) nop
core   0: 3 0x80004ef4 (0x00000013)
core   0: 0x80004ef8 (0x78bf3b97) auipc   s7, 0x78bf3
core   0: 3 0x80004ef8 (0x78bf3b97) x23 0xf8bf7ef8
core   0: 0x80004efc (0x00360613) addi    a2, a2, 3
core   0: 3 0x80004efc (0x00360613) x12 0x0000000d
core   0: 0x80004f00 (0x00600493) li      s1, 6
core   0: 3 0x80004f00 (0x00600493) x 9 0x00000006
core   0: 0x80004f04 (0x01d875b3) and     a1, a6, t4
core   0: 3 0x80004f04 (0x01d875b3) x11 0x00000000
core   0: 0x80004f08 (0x0231e713) ori     a4, gp, 35
core   0: 3 0x80004f08 (0x0231e713) x14 0x00002023
core   0: 0x80004f0c (0x00a00d13) li      s10, 10
core   0: 3 0x80004f0c (0x00a00d13) x26 0x0000000a
core   0: 0x80004f10 (0x00edb2b3) sltu    t0, s11, a4
core   0: 3 0x80004f10 (0x00edb2b3) x 5 0x00000000
core   0: 0x80004f14 (0x412e0d97) auipc   s11, 0x412e0
core   0: 3 0x80004f14 (0x412e0d97) x27 0xc12e4f14
core   0: 0x80004f18 (0x01e29f93) slli    t6, t0, 30
core   0: 3 0x80004f18 (0x01e29f93) x31 0x00000000
core   0: 0x80004f1c (0x00906033) or      zero, zero, s1
core   0: 3 0x80004f1c (0x00906033)
core   0: 0x80004f20 (0x00148493) addi    s1, s1, 1
core   0: 3 0x80004f20 (0x00148493) x 9 0x00000007
core   0: 0x80004f24 (0x419555b3) sra     a1, a0, s9
core   0: 3 0x80004f24 (0x419555b3) x11 0xffc8a510
core   0: 0x80004f28 (0xffa484e3) beq     s1, s10, pc - 24
core   0: 3 0x80004f28 (0xffa484e3)
core   0: 0x80004f2c (0x40195413) srai    s0, s2, 1
core   0: 3 0x80004f2c (0x40195413) x 8 0x0000028b
core   0: 0x80004f30 (0x01924233) xor     tp, tp, s9
core   0: 3 0x80004f30 (0x01924233) x 4 0x0044fda2
core   0: 0x80004f34 (0x01718f33) add     t5, gp, s7
core   0: 3 0x80004f34 (0x01718f33) x30 0xf8bf9ef8
core   0: 0x80004f38 (0xfb864ee3) blt     a2, s8, pc - 68
core   0: 3 0x80004f38 (0xfb864ee3)
core   0: 0x80004ef4 (0x00000013) nop
core   0: 3 0x80004ef4 (0x00000013)
core   0: 0x80004ef8 (0x78bf3b97) auipc   s7, 0x78bf3
core   0: 3 0x80004ef8 (0x78bf3b97) x23 0xf8bf7ef8
core   0: 0x80004efc (0x00360613) addi    a2, a2, 3
core   0: 3 0x80004efc (0x00360613) x12 0x00000010
core   0: 0x80004f00 (0x00600493) li      s1, 6
core   0: 3 0x80004f00 (0x00600493) x 9 0x00000006
core   0: 0x80004f04 (0x01d875b3) and     a1, a6, t4
core   0: 3 0x80004f04 (0x01d875b3) x11 0x00000000
core   0: 0x80004f08 (0x0231e713) ori     a4, gp, 35
core   0: 3 0x80004f08 (0x0231e713) x14 0x00002023
core   0: 0x80004f0c (0x00a00d13) li      s10, 10
core   0: 3 0x80004f0c (0x00a00d13) x26 0x0000000a
core   0: 0x80004f10 (0x00edb2b3) sltu    t0, s11, a4
core   0: 3 0x80004f10 (0x00edb2b3) x 5 0x00000000
core   0: 0x80004f14 (0x412e0d97) auipc   s11, 0x412e0
core   0: 3 0x80004f14 (0x412e0d97) x27 0xc12e4f14
core   0: 0x80004f18 (0x01e29f93) slli    t6, t0, 30
core   0: 3 0x80004f18 (0x01e29f93) x31 0x00000000
core   0: 0x80004f1c (0x00906033) or      zero, zero, s1
core   0: 3 0x80004f1c (0x00906033)
core   0: 0x80004f20 (0x00148493) addi    s1, s1, 1
core   0: 3 0x80004f20 (0x00148493) x 9 0x00000007
core   0: 0x80004f24 (0x419555b3) sra     a1, a0, s9
core   0: 3 0x80004f24 (0x419555b3) x11 0xffc8a510
core   0: 0x80004f28 (0xffa484e3) beq     s1, s10, pc - 24
core   0: 3 0x80004f28 (0xffa484e3)
core   0: 0x80004f2c (0x40195413) srai    s0, s2, 1
core   0: 3 0x80004f2c (0x40195413) x 8 0x0000028b
core   0: 0x80004f30 (0x01924233) xor     tp, tp, s9
core   0: 3 0x80004f30 (0x01924233) x 4 0x7483d34a
core   0: 0x80004f34 (0x01718f33) add     t5, gp, s7
core   0: 3 0x80004f34 (0x01718f33) x30 0xf8bf9ef8
core   0: 0x80004f38 (0xfb864ee3) blt     a2, s8, pc - 68
core   0: 3 0x80004f38 (0xfb864ee3)
core   0: 0x80004ef4 (0x00000013) nop
core   0: 3 0x80004ef4 (0x00000013)
core   0: 0x80004ef8 (0x78bf3b97) auipc   s7, 0x78bf3
core   0: 3 0x80004ef8 (0x78bf3b97) x23 0xf8bf7ef8
core   0: 0x80004efc (0x00360613) addi    a2, a2, 3
core   0: 3 0x80004efc (0x00360613) x12 0x00000013
core   0: 0x80004f00 (0x00600493) li      s1, 6
core   0: 3 0x80004f00 (0x00600493) x 9 0x00000006
core   0: 0x80004f04 (0x01d875b3) and     a1, a6, t4
core   0: 3 0x80004f04 (0x01d875b3) x11 0x00000000
core   0: 0x80004f08 (0x0231e713) ori     a4, gp, 35
core   0: 3 0x80004f08 (0x0231e713) x14 0x00002023
core   0: 0x80004f0c (0x00a00d13) li      s10, 10
core   0: 3 0x80004f0c (0x00a00d13) x26 0x0000000a
core   0: 0x80004f10 (0x00edb2b3) sltu    t0, s11, a4
core   0: 3 0x80004f10 (0x00edb2b3) x 5 0x00000000
core   0: 0x80004f14 (0x412e0d97) auipc   s11, 0x412e0
core   0: 3 0x80004f14 (0x412e0d97) x27 0xc12e4f14
core   0: 0x80004f18 (0x01e29f93) slli    t6, t0, 30
core   0: 3 0x80004f18 (0x01e29f93) x31 0x00000000
core   0: 0x80004f1c (0x00906033) or      zero, zero, s1
core   0: 3 0x80004f1c (0x00906033)
core   0: 0x80004f20 (0x00148493) addi    s1, s1, 1
core   0: 3 0x80004f20 (0x00148493) x 9 0x00000007
core   0: 0x80004f24 (0x419555b3) sra     a1, a0, s9
core   0: 3 0x80004f24 (0x419555b3) x11 0xffc8a510
core   0: 0x80004f28 (0xffa484e3) beq     s1, s10, pc - 24
core   0: 3 0x80004f28 (0xffa484e3)
core   0: 0x80004f2c (0x40195413) srai    s0, s2, 1
core   0: 3 0x80004f2c (0x40195413) x 8 0x0000028b
core   0: 0x80004f30 (0x01924233) xor     tp, tp, s9
core   0: 3 0x80004f30 (0x01924233) x 4 0x0044fda2
core   0: 0x80004f34 (0x01718f33) add     t5, gp, s7
core   0: 3 0x80004f34 (0x01718f33) x30 0xf8bf9ef8
core   0: 0x80004f38 (0xfb864ee3) blt     a2, s8, pc - 68
core   0: 3 0x80004f38 (0xfb864ee3)
core   0: 0x80004f3c (0x00c33433) sltu    s0, t1, a2
core   0: 3 0x80004f3c (0x00c33433) x 8 0x00000001
core   0: 0x80004f40 (0xffd00e93) li      t4, -3
core   0: 3 0x80004f40 (0xffd00e93) x29 0xfffffffd
core   0: 0x80004f44 (0x01200613) li      a2, 18
core   0: 3 0x80004f44 (0x01200613) x12 0x00000012
core   0: 0x80004f48 (0x0929a437) lui     s0, 0x929a
core   0: 3 0x80004f48 (0x0929a437) x 8 0x0929a000
core   0: 0x80004f4c (0x001e8e93) addi    t4, t4, 1
core   0: 3 0x80004f4c (0x001e8e93) x29 0xfffffffe
core   0: 0x80004f50 (0xfece8ce3) beq     t4, a2, pc - 8
core   0: 3 0x80004f50 (0xfece8ce3)
core   0: 0x80004f54 (0x1ed5da17) auipc   s4, 0x1ed5d
core   0: 3 0x80004f54 (0x1ed5da17) x20 0x9ed61f54
core   0: 0x80004f58 (0xffd00693) li      a3, -3
core   0: 3 0x80004f58 (0xffd00693) x13 0xfffffffd
core   0: 0x80004f5c (0xfee00d13) li      s10, -18
core   0: 3 0x80004f5c (0xfee00d13) x26 0xffffffee
core   0: 0x80004f60 (0xe6033c93) sltiu   s9, t1, -416
core   0: 3 0x80004f60 (0xe6033c93) x25 0x00000001
core   0: 0x80004f64 (0x4140dfb3) sra     t6, ra, s4
core   0: 3 0x80004f64 (0x4140dfb3) x31 0x00000000
core   0: 0x80004f68 (0x001f5933) srl     s2, t5, ra
core   0: 3 0x80004f68 (0x001f5933) x18 0xf8bf9ef8
core   0: 0x80004f6c (0x0132fbb3) and     s7, t0, s3
core   0: 3 0x80004f6c (0x0132fbb3) x23 0x00000000
core   0: 0x80004f70 (0x41705ab3) sra     s5, zero, s7
core   0: 3 0x80004f70 (0x41705ab3) x21 0x00000000
core   0: 0x80004f74 (0xff768693) addi    a3, a3, -9
core   0: 3 0x80004f74 (0xff768693) x13 0xfffffff4
core   0: 0x80004f78 (0xde0992b7) lui     t0, 0xde099
core   0: 3 0x80004f78 (0xde0992b7) x 5 0xde099000
core   0: 0x80004f7c (0xff600593) li      a1, -10
core   0: 3 0x80004f7c (0xff600593) x11 0xfffffff6
core   0: 0x80004f80 (0xf1462013) slti    zero, a2, -236
core   0: 3 0x80004f80 (0xf1462013)
core   0: 0x80004f84 (0xff600f13) li      t5, -10
core   0: 3 0x80004f84 (0xff600f13) x30 0xfffffff6
core   0: 0x80004f88 (0x00d66733) or      a4, a2, a3
core   0: 3 0x80004f88 (0x00d66733) x14 0xfffffff6
core   0: 0x80004f8c (0x1bd04a97) auipc   s5, 0x1bd04
core   0: 3 0x80004f8c (0x1bd04a97) x21 0x9bd08f8c
core   0: 0x80004f90 (0x01c35913) srli    s2, t1, 28
core   0: 3 0x80004f90 (0x01c35913) x18 0x00000000
core   0: 0x80004f94 (0x016cd013) srli    zero, s9, 22
core   0: 3 0x80004f94 (0x016cd013)
core   0: 0x80004f98 (0x00000013) nop
core   0: 3 0x80004f98 (0x00000013)
core   0: 0x80004f9c (0x00c051b3) srl     gp, zero, a2
core   0: 3 0x80004f9c (0x00c051b3) x 3 0x00000000
core   0: 0x80004fa0 (0xff858593) addi    a1, a1, -8
core   0: 3 0x80004fa0 (0xff858593) x11 0xffffffee
core   0: 0x80004fa4 (0xffe5dae3) bge     a1, t5, pc - 12
core   0: 3 0x80004fa4 (0xffe5dae3)
core   0: 0x80004fa8 (0xfad9ea13) ori     s4, s3, -83
core   0: 3 0x80004fa8 (0xfad9ea13) x20 0xfffffffd
core   0: 0x80004fac (0xfba6dae3) bge     a3, s10, pc - 76
core   0: 3 0x80004fac (0xfba6dae3)
core   0: 0x80004f60 (0xe6033c93) sltiu   s9, t1, -416
core   0: 3 0x80004f60 (0xe6033c93) x25 0x00000001
core   0: 0x80004f64 (0x4140dfb3) sra     t6, ra, s4
core   0: 3 0x80004f64 (0x4140dfb3) x31 0x00000000
core   0: 0x80004f68 (0x001f5933) srl     s2, t5, ra
core   0: 3 0x80004f68 (0x001f5933) x18 0xfffffff6
core   0: 0x80004f6c (0x0132fbb3) and     s7, t0, s3
core   0: 3 0x80004f6c (0x0132fbb3) x23 0xde099000
core   0: 0x80004f70 (0x41705ab3) sra     s5, zero, s7
core   0: 3 0x80004f70 (0x41705ab3) x21 0x00000000
core   0: 0x80004f74 (0xff768693) addi    a3, a3, -9
core   0: 3 0x80004f74 (0xff768693) x13 0xffffffeb
core   0: 0x80004f78 (0xde0992b7) lui     t0, 0xde099
core   0: 3 0x80004f78 (0xde0992b7) x 5 0xde099000
core   0: 0x80004f7c (0xff600593) li      a1, -10
core   0: 3 0x80004f7c (0xff600593) x11 0xfffffff6
core   0: 0x80004f80 (0xf1462013) slti    zero, a2, -236
core   0: 3 0x80004f80 (0xf1462013)
core   0: 0x80004f84 (0xff600f13) li      t5, -10
core   0: 3 0x80004f84 (0xff600f13) x30 0xfffffff6
core   0: 0x80004f88 (0x00d66733) or      a4, a2, a3
core   0: 3 0x80004f88 (0x00d66733) x14 0xfffffffb
core   0: 0x80004f8c (0x1bd04a97) auipc   s5, 0x1bd04
core   0: 3 0x80004f8c (0x1bd04a97) x21 0x9bd08f8c
core   0: 0x80004f90 (0x01c35913) srli    s2, t1, 28
core   0: 3 0x80004f90 (0x01c35913) x18 0x00000000
core   0: 0x80004f94 (0x016cd013) srli    zero, s9, 22
core   0: 3 0x80004f94 (0x016cd013)
core   0: 0x80004f98 (0x00000013) nop
core   0: 3 0x80004f98 (0x00000013)
core   0: 0x80004f9c (0x00c051b3) srl     gp, zero, a2
core   0: 3 0x80004f9c (0x00c051b3) x 3 0x00000000
core   0: 0x80004fa0 (0xff858593) addi    a1, a1, -8
core   0: 3 0x80004fa0 (0xff858593) x11 0xffffffee
core   0: 0x80004fa4 (0xffe5dae3) bge     a1, t5, pc - 12
core   0: 3 0x80004fa4 (0xffe5dae3)
core   0: 0x80004fa8 (0xfad9ea13) ori     s4, s3, -83
core   0: 3 0x80004fa8 (0xfad9ea13) x20 0xfffffffd
core   0: 0x80004fac (0xfba6dae3) bge     a3, s10, pc - 76
core   0: 3 0x80004fac (0xfba6dae3)
core   0: 0x80004fb0 (0x0ff0000f) fence   iorw,iorw
core   0: 3 0x80004fb0 (0x0ff0000f)
core   0: 0x80004fb4 (0xffe00113) li      sp, -2
core   0: 3 0x80004fb4 (0xffe00113) x 2 0xfffffffe
core   0: 0x80004fb8 (0x011f8a33) add     s4, t6, a7
core   0: 3 0x80004fb8 (0x011f8a33) x20 0x80028ce4
core   0: 0x80004fbc (0x00ed1233) sll     tp, s10, a4
core   0: 3 0x80004fbc (0x00ed1233) x 4 0x70000000
core   0: 0x80004fc0 (0x41fe01b3) sub     gp, t3, t6
core   0: 3 0x80004fc0 (0x41fe01b3) x 3 0x000005a0
core   0: 0x80004fc4 (0x7f773617) auipc   a2, 0x7f773
core   0: 3 0x80004fc4 (0x7f773617) x12 0xff777fc4
core   0: 0x80004fc8 (0xff300693) li      a3, -13
core   0: 3 0x80004fc8 (0xff300693) x13 0xfffffff3
core   0: 0x80004fcc (0x00ad5f33) srl     t5, s10, a0
core   0: 3 0x80004fcc (0x00ad5f33) x30 0xffffffee
core   0: 0x80004fd0 (0x01ad5613) srli    a2, s10, 26
core   0: 3 0x80004fd0 (0x01ad5613) x12 0x0000003f
core   0: 0x80004fd4 (0x01461db3) sll     s11, a2, s4
core   0: 3 0x80004fd4 (0x01461db3) x27 0x000003f0
core   0: 0x80004fd8 (0x0ff0000f) fence   iorw,iorw
core   0: 3 0x80004fd8 (0x0ff0000f)
core   0: 0x80004fdc (0x00765a33) srl     s4, a2, t2
core   0: 3 0x80004fdc (0x00765a33) x20 0x00000000
core   0: 0x80004fe0 (0x00827a33) and     s4, tp, s0
core   0: 3 0x80004fe0 (0x00827a33) x20 0x00000000
core   0: 0x80004fe4 (0x40168ab3) sub     s5, a3, ra
core   0: 3 0x80004fe4 (0x40168ab3) x21 0xfffffdf3
core   0: 0x80004fe8 (0x01c025b3) slt     a1, zero, t3
core   0: 3 0x80004fe8 (0x01c025b3) x11 0x00000001
core   0: 0x80004fec (0xffe10113) addi    sp, sp, -2
core   0: 3 0x80004fec (0xffe10113) x 2 0xfffffffc
core   0: 0x80004ff0 (0x08608313) addi    t1, ra, 134
core   0: 3 0x80004ff0 (0x08608313) x 6 0x00000286
core   0: 0x80004ff4 (0x6b132d93) slti    s11, t1, 1713
core   0: 3 0x80004ff4 (0x6b132d93) x27 0x00000001
core   0: 0x80004ff8 (0x00d974b3) and     s1, s2, a3
core   0: 3 0x80004ff8 (0x00d974b3) x 9 0x00000000
core   0: 0x80004ffc (0x0ff0000f) fence   iorw,iorw
core   0: 3 0x80004ffc (0x0ff0000f)
core   0: 0x80005000 (0x01631b33) sll     s6, t1, s6
core   0: 3 0x80005000 (0x01631b33) x22 0x01430000
core   0: 0x80005004 (0x407ad433) sra     s0, s5, t2
core   0: 3 0x80005004 (0x407ad433) x 8 0xffffffff
core   0: 0x80005008 (0x0093d5b3) srl     a1, t2, s1
core   0: 3 0x80005008 (0x0093d5b3) x11 0x80028f98
core   0: 0x8000500c (0x00390033) add     zero, s2, gp
core   0: 3 0x8000500c (0x00390033)
core   0: 0x80005010 (0x6e4ae213) ori     tp, s5, 1764
core   0: 3 0x80005010 (0x6e4ae213) x 4 0xfffffff7
core   0: 0x80005014 (0x011eb1b3) sltu    gp, t4, a7
core   0: 3 0x80005014 (0x011eb1b3) x 3 0x00000000
core   0: 0x80005018 (0xfcd158e3) bge     sp, a3, pc - 48
core   0: 3 0x80005018 (0xfcd158e3)
core   0: 0x80004fe8 (0x01c025b3) slt     a1, zero, t3
core   0: 3 0x80004fe8 (0x01c025b3) x11 0x00000001
core   0: 0x80004fec (0xffe10113) addi    sp, sp, -2
core   0: 3 0x80004fec (0xffe10113) x 2 0xfffffffa
core   0: 0x80004ff0 (0x08608313) addi    t1, ra, 134
core   0: 3 0x80004ff0 (0x08608313) x 6 0x00000286
core   0: 0x80004ff4 (0x6b132d93) slti    s11, t1, 1713
core   0: 3 0x80004ff4 (0x6b132d93) x27 0x00000001
core   0: 0x80004ff8 (0x00d974b3) and     s1, s2, a3
core   0: 3 0x80004ff8 (0x00d974b3) x 9 0x00000000
core   0: 0x80004ffc (0x0ff0000f) fence   iorw,iorw
core   0: 3 0x80004ffc (0x0ff0000f)
core   0: 0x80005000 (0x01631b33) sll     s6, t1, s6
core   0: 3 0x80005000 (0x01631b33) x22 0x00000286
core   0: 0x80005004 (0x407ad433) sra     s0, s5, t2
core   0: 3 0x80005004 (0x407ad433) x 8 0xffffffff
core   0: 0x80005008 (0x0093d5b3) srl     a1, t2, s1
core   0: 3 0x80005008 (0x0093d5b3) x11 0x80028f98
core   0: 0x8000500c (0x00390033) add     zero, s2, gp
core   0: 3 0x8000500c (0x00390033)
core   0: 0x80005010 (0x6e4ae213) ori     tp, s5, 1764
core   0: 3 0x80005010 (0x6e4ae213) x 4 0xfffffff7
core   0: 0x80005014 (0x011eb1b3) sltu    gp, t4, a7
core   0: 3 0x80005014 (0x011eb1b3) x 3 0x00000000
core   0: 0x80005018 (0xfcd158e3) bge     sp, a3, pc - 48
core   0: 3 0x80005018 (0xfcd158e3)
core   0: 0x80004fe8 (0x01c025b3) slt     a1, zero, t3
core   0: 3 0x80004fe8 (0x01c025b3) x11 0x00000001
core   0: 0x80004fec (0xffe10113) addi    sp, sp, -2
core   0: 3 0x80004fec (0xffe10113) x 2 0xfffffff8
core   0: 0x80004ff0 (0x08608313) addi    t1, ra, 134
core   0: 3 0x80004ff0 (0x08608313) x 6 0x00000286
core   0: 0x80004ff4 (0x6b132d93) slti    s11, t1, 1713
core   0: 3 0x80004ff4 (0x6b132d93) x27 0x00000001
core   0: 0x80004ff8 (0x00d974b3) and     s1, s2, a3
core   0: 3 0x80004ff8 (0x00d974b3) x 9 0x00000000
core   0: 0x80004ffc (0x0ff0000f) fence   iorw,iorw
core   0: 3 0x80004ffc (0x0ff0000f)
core   0: 0x80005000 (0x01631b33) sll     s6, t1, s6
core   0: 3 0x80005000 (0x01631b33) x22 0x0000a180
core   0: 0x80005004 (0x407ad433) sra     s0, s5, t2
core   0: 3 0x80005004 (0x407ad433) x 8 0xffffffff
core   0: 0x80005008 (0x0093d5b3) srl     a1, t2, s1
core   0: 3 0x80005008 (0x0093d5b3) x11 0x80028f98
core   0: 0x8000500c (0x00390033) add     zero, s2, gp
core   0: 3 0x8000500c (0x00390033)
core   0: 0x80005010 (0x6e4ae213) ori     tp, s5, 1764
core   0: 3 0x80005010 (0x6e4ae213) x 4 0xfffffff7
core   0: 0x80005014 (0x011eb1b3) sltu    gp, t4, a7
core   0: 3 0x80005014 (0x011eb1b3) x 3 0x00000000
core   0: 0x80005018 (0xfcd158e3) bge     sp, a3, pc - 48
core   0: 3 0x80005018 (0xfcd158e3)
core   0: 0x80004fe8 (0x01c025b3) slt     a1, zero, t3
core   0: 3 0x80004fe8 (0x01c025b3) x11 0x00000001
core   0: 0x80004fec (0xffe10113) addi    sp, sp, -2
core   0: 3 0x80004fec (0xffe10113) x 2 0xfffffff6
core   0: 0x80004ff0 (0x08608313) addi    t1, ra, 134
core   0: 3 0x80004ff0 (0x08608313) x 6 0x00000286
core   0: 0x80004ff4 (0x6b132d93) slti    s11, t1, 1713
core   0: 3 0x80004ff4 (0x6b132d93) x27 0x00000001
core   0: 0x80004ff8 (0x00d974b3) and     s1, s2, a3
core   0: 3 0x80004ff8 (0x00d974b3) x 9 0x00000000
core   0: 0x80004ffc (0x0ff0000f) fence   iorw,iorw
core   0: 3 0x80004ffc (0x0ff0000f)
core   0: 0x80005000 (0x01631b33) sll     s6, t1, s6
core   0: 3 0x80005000 (0x01631b33) x22 0x00000286
core   0: 0x80005004 (0x407ad433) sra     s0, s5, t2
core   0: 3 0x80005004 (0x407ad433) x 8 0xffffffff
core   0: 0x80005008 (0x0093d5b3) srl     a1, t2, s1
core   0: 3 0x80005008 (0x0093d5b3) x11 0x80028f98
core   0: 0x8000500c (0x00390033) add     zero, s2, gp
core   0: 3 0x8000500c (0x00390033)
core   0: 0x80005010 (0x6e4ae213) ori     tp, s5, 1764
core   0: 3 0x80005010 (0x6e4ae213) x 4 0xfffffff7
core   0: 0x80005014 (0x011eb1b3) sltu    gp, t4, a7
core   0: 3 0x80005014 (0x011eb1b3) x 3 0x00000000
core   0: 0x80005018 (0xfcd158e3) bge     sp, a3, pc - 48
core   0: 3 0x80005018 (0xfcd158e3)
core   0: 0x80004fe8 (0x01c025b3) slt     a1, zero, t3
core   0: 3 0x80004fe8 (0x01c025b3) x11 0x00000001
core   0: 0x80004fec (0xffe10113) addi    sp, sp, -2
core   0: 3 0x80004fec (0xffe10113) x 2 0xfffffff4
core   0: 0x80004ff0 (0x08608313) addi    t1, ra, 134
core   0: 3 0x80004ff0 (0x08608313) x 6 0x00000286
core   0: 0x80004ff4 (0x6b132d93) slti    s11, t1, 1713
core   0: 3 0x80004ff4 (0x6b132d93) x27 0x00000001
core   0: 0x80004ff8 (0x00d974b3) and     s1, s2, a3
core   0: 3 0x80004ff8 (0x00d974b3) x 9 0x00000000
core   0: 0x80004ffc (0x0ff0000f) fence   iorw,iorw
core   0: 3 0x80004ffc (0x0ff0000f)
core   0: 0x80005000 (0x01631b33) sll     s6, t1, s6
core   0: 3 0x80005000 (0x01631b33) x22 0x0000a180
core   0: 0x80005004 (0x407ad433) sra     s0, s5, t2
core   0: 3 0x80005004 (0x407ad433) x 8 0xffffffff
core   0: 0x80005008 (0x0093d5b3) srl     a1, t2, s1
core   0: 3 0x80005008 (0x0093d5b3) x11 0x80028f98
core   0: 0x8000500c (0x00390033) add     zero, s2, gp
core   0: 3 0x8000500c (0x00390033)
core   0: 0x80005010 (0x6e4ae213) ori     tp, s5, 1764
core   0: 3 0x80005010 (0x6e4ae213) x 4 0xfffffff7
core   0: 0x80005014 (0x011eb1b3) sltu    gp, t4, a7
core   0: 3 0x80005014 (0x011eb1b3) x 3 0x00000000
core   0: 0x80005018 (0xfcd158e3) bge     sp, a3, pc - 48
core   0: 3 0x80005018 (0xfcd158e3)
core   0: 0x80004fe8 (0x01c025b3) slt     a1, zero, t3
core   0: 3 0x80004fe8 (0x01c025b3) x11 0x00000001
core   0: 0x80004fec (0xffe10113) addi    sp, sp, -2
core   0: 3 0x80004fec (0xffe10113) x 2 0xfffffff2
core   0: 0x80004ff0 (0x08608313) addi    t1, ra, 134
core   0: 3 0x80004ff0 (0x08608313) x 6 0x00000286
core   0: 0x80004ff4 (0x6b132d93) slti    s11, t1, 1713
core   0: 3 0x80004ff4 (0x6b132d93) x27 0x00000001
core   0: 0x80004ff8 (0x00d974b3) and     s1, s2, a3
core   0: 3 0x80004ff8 (0x00d974b3) x 9 0x00000000
core   0: 0x80004ffc (0x0ff0000f) fence   iorw,iorw
core   0: 3 0x80004ffc (0x0ff0000f)
core   0: 0x80005000 (0x01631b33) sll     s6, t1, s6
core   0: 3 0x80005000 (0x01631b33) x22 0x00000286
core   0: 0x80005004 (0x407ad433) sra     s0, s5, t2
core   0: 3 0x80005004 (0x407ad433) x 8 0xffffffff
core   0: 0x80005008 (0x0093d5b3) srl     a1, t2, s1
core   0: 3 0x80005008 (0x0093d5b3) x11 0x80028f98
core   0: 0x8000500c (0x00390033) add     zero, s2, gp
core   0: 3 0x8000500c (0x00390033)
core   0: 0x80005010 (0x6e4ae213) ori     tp, s5, 1764
core   0: 3 0x80005010 (0x6e4ae213) x 4 0xfffffff7
core   0: 0x80005014 (0x011eb1b3) sltu    gp, t4, a7
core   0: 3 0x80005014 (0x011eb1b3) x 3 0x00000000
core   0: 0x80005018 (0xfcd158e3) bge     sp, a3, pc - 48
core   0: 3 0x80005018 (0xfcd158e3)
core   0: 0x8000501c (0x6cc43a93) sltiu   s5, s0, 1740
core   0: 3 0x8000501c (0x6cc43a93) x21 0x00000000
core   0: 0x80005020 (0xff600593) li      a1, -10
core   0: 3 0x80005020 (0xff600593) x11 0xfffffff6
core   0: 0x80005024 (0x00f00e13) li      t3, 15
core   0: 3 0x80005024 (0x00f00e13) x28 0x0000000f
core   0: 0x80005028 (0x00b9f133) and     sp, s3, a1
core   0: 3 0x80005028 (0x00b9f133) x 2 0xfffffff4
core   0: 0x8000502c (0x490c92b7) lui     t0, 0x490c9
core   0: 3 0x8000502c (0x490c92b7) x 5 0x490c9000
core   0: 0x80005030 (0x00258593) addi    a1, a1, 2
core   0: 3 0x80005030 (0x00258593) x11 0xfffffff8
core   0: 0x80005034 (0x5ca4cc93) xori    s9, s1, 1482
core   0: 3 0x80005034 (0x5ca4cc93) x25 0x000005ca
core   0: 0x80005038 (0xffc5e8e3) bltu    a1, t3, pc - 16
core   0: 3 0x80005038 (0xffc5e8e3)
core   0: 0x8000503c (0x00000013) nop
core   0: 3 0x8000503c (0x00000013)
core   0: 0x80005040 (0x00700a93) li      s5, 7
core   0: 3 0x80005040 (0x00700a93) x21 0x00000007
core   0: 0x80005044 (0x01df01b3) add     gp, t5, t4
core   0: 3 0x80005044 (0x01df01b3) x 3 0xffffffec
core   0: 0x80005048 (0x01da1513) slli    a0, s4, 29
core   0: 3 0x80005048 (0x01da1513) x10 0x00000000
core   0: 0x8000504c (0x019c0d33) add     s10, s8, s9
core   0: 3 0x8000504c (0x019c0d33) x26 0x000005dd
core   0: 0x80005050 (0x00900e93) li      t4, 9
core   0: 3 0x80005050 (0x00900e93) x29 0x00000009
core   0: 0x80005054 (0x41ab8233) sub     tp, s7, s10
core   0: 3 0x80005054 (0x41ab8233) x 4 0xde098a23
core   0: 0x80005058 (0xe4746f93) ori     t6, s0, -441
core   0: 3 0x80005058 (0xe4746f93) x31 0xffffffff
core   0: 0x8000505c (0x009a8a93) addi    s5, s5, 9
core   0: 3 0x8000505c (0x009a8a93) x21 0x00000010
core   0: 0x80005060 (0x00700c13) li      s8, 7
core   0: 3 0x80005060 (0x00700c13) x24 0x00000007
core   0: 0x80005064 (0x36c9c913) xori    s2, s3, 876
core   0: 3 0x80005064 (0x36c9c913) x18 0xfffffc98
core   0: 0x80005068 (0xfff00993) li      s3, -1
core   0: 3 0x80005068 (0xfff00993) x19 0xffffffff
core   0: 0x8000506c (0x6a396013) ori     zero, s2, 1699
core   0: 3 0x8000506c (0x6a396013)
core   0: 0x80005070 (0x4032d393) srai    t2, t0, 3
core   0: 3 0x80005070 (0x4032d393) x 7 0x09219200
core   0: 0x80005074 (0x00569933) sll     s2, a3, t0
core   0: 3 0x80005074 (0x00569933) x18 0xfffffff3
core   0: 0x80005078 (0xff8c0c13) addi    s8, s8, -8
core   0: 3 0x80005078 (0xff8c0c13) x24 0xffffffff
core   0: 0x8000507c (0x015b9333) sll     t1, s7, s5
core   0: 3 0x8000507c (0x015b9333) x 6 0x90000000
core   0: 0x80005080 (0xff3c16e3) bne     s8, s3, pc - 20
core   0: 3 0x80005080 (0xff3c16e3)
core   0: 0x80005084 (0x3fa8b413) sltiu   s0, a7, 1018
core   0: 3 0x80005084 (0x3fa8b413) x 8 0x00000000
core   0: 0x80005088 (0x002530b3) sltu    ra, a0, sp
core   0: 3 0x80005088 (0x002530b3) x 1 0x00000001
core   0: 0x8000508c (0xf0ec6713) ori     a4, s8, -242
core   0: 3 0x8000508c (0xf0ec6713) x14 0xffffffff
core   0: 0x80005090 (0x001c0cb3) add     s9, s8, ra
core   0: 3 0x80005090 (0x001c0cb3) x25 0x00000000
core   0: 0x80005094 (0xfddac2e3) blt     s5, t4, pc - 60
core   0: 3 0x80005094 (0xfddac2e3)
core   0: 0x80005098 (0x92fb7693) andi    a3, s6, -1745
core   0: 3 0x80005098 (0x92fb7693) x13 0x00000006
core   0: 0x8000509c (0x00a00513) li      a0, 10
core   0: 3 0x8000509c (0x00a00513) x10 0x0000000a
core   0: 0x800050a0 (0x01db3cb3) sltu    s9, s6, t4
core   0: 3 0x800050a0 (0x01db3cb3) x25 0x00000000
core   0: 0x800050a4 (0xf43aeeb7) lui     t4, 0xf43ae
core   0: 3 0x800050a4 (0xf43aeeb7) x29 0xf43ae000
core   0: 0x800050a8 (0xffe00613) li      a2, -2
core   0: 3 0x800050a8 (0xffe00613) x12 0xfffffffe
core   0: 0x800050ac (0x0e63c013) xori    zero, t2, 230
core   0: 3 0x800050ac (0x0e63c013)
core   0: 0x800050b0 (0xf9db2b13) slti    s6, s6, -99
core   0: 3 0x800050b0 (0xf9db2b13) x22 0x00000000
core   0: 0x800050b4 (0x011a7eb3) and     t4, s4, a7
core   0: 3 0x800050b4 (0x011a7eb3) x29 0x00000000
core   0: 0x800050b8 (0x833ac193) xori    gp, s5, -1997
core   0: 3 0x800050b8 (0x833ac193) x 3 0xfffff823
core   0: 0x800050bc (0x30e7b993) sltiu   s3, a5, 782
core   0: 3 0x800050bc (0x30e7b993) x19 0x00000000
core   0: 0x800050c0 (0x0004de13) srli    t3, s1, 0
core   0: 3 0x800050c0 (0x0004de13) x28 0x00000000
core   0: 0x800050c4 (0x0ff0000f) fence   iorw,iorw
core   0: 3 0x800050c4 (0x0ff0000f)
core   0: 0x800050c8 (0x40a4da33) sra     s4, s1, a0
core   0: 3 0x800050c8 (0x40a4da33) x20 0x00000000
core   0: 0x800050cc (0xffd50513) addi    a0, a0, -3
core   0: 3 0x800050cc (0xffd50513) x10 0x00000007
core   0: 0x800050d0 (0x00de5d33) srl     s10, t3, a3
core   0: 3 0x800050d0 (0x00de5d33) x26 0x00000000
core   0: 0x800050d4 (0xbf5eb713) sltiu   a4, t4, -1035
core   0: 3 0x800050d4 (0xbf5eb713) x14 0x00000001
core   0: 0x800050d8 (0xffc00b93) li      s7, -4
core   0: 3 0x800050d8 (0xffc00b93) x23 0xfffffffc
core   0: 0x800050dc (0x35fcfd93) andi    s11, s9, 863
core   0: 3 0x800050dc (0x35fcfd93) x27 0x00000000
core   0: 0x800050e0 (0x00800213) li      tp, 8
core   0: 3 0x800050e0 (0x00800213) x 4 0x00000008
core   0: 0x800050e4 (0x005912b3) sll     t0, s2, t0
core   0: 3 0x800050e4 (0x005912b3) x 5 0xfffffff3
core   0: 0x800050e8 (0x3973b193) sltiu   gp, t2, 919
core   0: 3 0x800050e8 (0x3973b193) x 3 0x00000000
core   0: 0x800050ec (0x00b97db3) and     s11, s2, a1
core   0: 3 0x800050ec (0x00b97db3) x27 0xfffffff0
core   0: 0x800050f0 (0x008b8b93) addi    s7, s7, 8
core   0: 3 0x800050f0 (0x008b8b93) x23 0x00000004
core   0: 0x800050f4 (0x0000100f) fence.i
core   0: 3 0x800050f4 (0x0000100f)
core   0: 0x800050f8 (0x014f83b3) add     t2, t6, s4
core   0: 3 0x800050f8 (0x014f83b3) x 7 0xffffffff
core   0: 0x800050fc (0x01c37fb3) and     t6, t1, t3
core   0: 3 0x800050fc (0x01c37fb3) x31 0x00000000
core   0: 0x80005100 (0x0000100f) fence.i
core   0: 3 0x80005100 (0x0000100f)
core   0: 0x80005104 (0xfe4be2e3) bltu    s7, tp, pc - 28
core   0: 3 0x80005104 (0xfe4be2e3)
core   0: 0x800050e8 (0x3973b193) sltiu   gp, t2, 919
core   0: 3 0x800050e8 (0x3973b193) x 3 0x00000000
core   0: 0x800050ec (0x00b97db3) and     s11, s2, a1
core   0: 3 0x800050ec (0x00b97db3) x27 0xfffffff0
core   0: 0x800050f0 (0x008b8b93) addi    s7, s7, 8
core   0: 3 0x800050f0 (0x008b8b93) x23 0x0000000c
core   0: 0x800050f4 (0x0000100f) fence.i
core   0: 3 0x800050f4 (0x0000100f)
core   0: 0x800050f8 (0x014f83b3) add     t2, t6, s4
core   0: 3 0x800050f8 (0x014f83b3) x 7 0x00000000
core   0: 0x800050fc (0x01c37fb3) and     t6, t1, t3
core   0: 3 0x800050fc (0x01c37fb3) x31 0x00000000
core   0: 0x80005100 (0x0000100f) fence.i
core   0: 3 0x80005100 (0x0000100f)
core   0: 0x80005104 (0xfe4be2e3) bltu    s7, tp, pc - 28
core   0: 3 0x80005104 (0xfe4be2e3)
core   0: 0x80005108 (0x01a004b3) add     s1, zero, s10
core   0: 3 0x80005108 (0x01a004b3) x 9 0x00000000
core   0: 0x8000510c (0x017a7eb3) and     t4, s4, s7
core   0: 3 0x8000510c (0x017a7eb3) x29 0x00000000
core   0: 0x80005110 (0xfac550e3) bge     a0, a2, pc - 96
core   0: 3 0x80005110 (0xfac550e3)
core   0: 0x800050b0 (0xf9db2b13) slti    s6, s6, -99
core   0: 3 0x800050b0 (0xf9db2b13) x22 0x00000000
core   0: 0x800050b4 (0x011a7eb3) and     t4, s4, a7
core   0: 3 0x800050b4 (0x011a7eb3) x29 0x00000000
core   0: 0x800050b8 (0x833ac193) xori    gp, s5, -1997
core   0: 3 0x800050b8 (0x833ac193) x 3 0xfffff823
core   0: 0x800050bc (0x30e7b993) sltiu   s3, a5, 782
core   0: 3 0x800050bc (0x30e7b993) x19 0x00000000
core   0: 0x800050c0 (0x0004de13) srli    t3, s1, 0
core   0: 3 0x800050c0 (0x0004de13) x28 0x00000000
core   0: 0x800050c4 (0x0ff0000f) fence   iorw,iorw
core   0: 3 0x800050c4 (0x0ff0000f)
core   0: 0x800050c8 (0x40a4da33) sra     s4, s1, a0
core   0: 3 0x800050c8 (0x40a4da33) x20 0x00000000
core   0: 0x800050cc (0xffd50513) addi    a0, a0, -3
core   0: 3 0x800050cc (0xffd50513) x10 0x00000004
core   0: 0x800050d0 (0x00de5d33) srl     s10, t3, a3
core   0: 3 0x800050d0 (0x00de5d33) x26 0x00000000
core   0: 0x800050d4 (0xbf5eb713) sltiu   a4, t4, -1035
core   0: 3 0x800050d4 (0xbf5eb713) x14 0x00000001
core   0: 0x800050d8 (0xffc00b93) li      s7, -4
core   0: 3 0x800050d8 (0xffc00b93) x23 0xfffffffc
core   0: 0x800050dc (0x35fcfd93) andi    s11, s9, 863
core   0: 3 0x800050dc (0x35fcfd93) x27 0x00000000
core   0: 0x800050e0 (0x00800213) li      tp, 8
core   0: 3 0x800050e0 (0x00800213) x 4 0x00000008
core   0: 0x800050e4 (0x005912b3) sll     t0, s2, t0
core   0: 3 0x800050e4 (0x005912b3) x 5 0xff980000
core   0: 0x800050e8 (0x3973b193) sltiu   gp, t2, 919
core   0: 3 0x800050e8 (0x3973b193) x 3 0x00000001
core   0: 0x800050ec (0x00b97db3) and     s11, s2, a1
core   0: 3 0x800050ec (0x00b97db3) x27 0xfffffff0
core   0: 0x800050f0 (0x008b8b93) addi    s7, s7, 8
core   0: 3 0x800050f0 (0x008b8b93) x23 0x00000004
core   0: 0x800050f4 (0x0000100f) fence.i
core   0: 3 0x800050f4 (0x0000100f)
core   0: 0x800050f8 (0x014f83b3) add     t2, t6, s4
core   0: 3 0x800050f8 (0x014f83b3) x 7 0x00000000
core   0: 0x800050fc (0x01c37fb3) and     t6, t1, t3
core   0: 3 0x800050fc (0x01c37fb3) x31 0x00000000
core   0: 0x80005100 (0x0000100f) fence.i
core   0: 3 0x80005100 (0x0000100f)
core   0: 0x80005104 (0xfe4be2e3) bltu    s7, tp, pc - 28
core   0: 3 0x80005104 (0xfe4be2e3)
core   0: 0x800050e8 (0x3973b193) sltiu   gp, t2, 919
core   0: 3 0x800050e8 (0x3973b193) x 3 0x00000001
core   0: 0x800050ec (0x00b97db3) and     s11, s2, a1
core   0: 3 0x800050ec (0x00b97db3) x27 0xfffffff0
core   0: 0x800050f0 (0x008b8b93) addi    s7, s7, 8
core   0: 3 0x800050f0 (0x008b8b93) x23 0x0000000c
core   0: 0x800050f4 (0x0000100f) fence.i
core   0: 3 0x800050f4 (0x0000100f)
core   0: 0x800050f8 (0x014f83b3) add     t2, t6, s4
core   0: 3 0x800050f8 (0x014f83b3) x 7 0x00000000
core   0: 0x800050fc (0x01c37fb3) and     t6, t1, t3
core   0: 3 0x800050fc (0x01c37fb3) x31 0x00000000
core   0: 0x80005100 (0x0000100f) fence.i
core   0: 3 0x80005100 (0x0000100f)
core   0: 0x80005104 (0xfe4be2e3) bltu    s7, tp, pc - 28
core   0: 3 0x80005104 (0xfe4be2e3)
core   0: 0x80005108 (0x01a004b3) add     s1, zero, s10
core   0: 3 0x80005108 (0x01a004b3) x 9 0x00000000
core   0: 0x8000510c (0x017a7eb3) and     t4, s4, s7
core   0: 3 0x8000510c (0x017a7eb3) x29 0x00000000
core   0: 0x80005110 (0xfac550e3) bge     a0, a2, pc - 96
core   0: 3 0x80005110 (0xfac550e3)
core   0: 0x800050b0 (0xf9db2b13) slti    s6, s6, -99
core   0: 3 0x800050b0 (0xf9db2b13) x22 0x00000000
core   0: 0x800050b4 (0x011a7eb3) and     t4, s4, a7
core   0: 3 0x800050b4 (0x011a7eb3) x29 0x00000000
core   0: 0x800050b8 (0x833ac193) xori    gp, s5, -1997
core   0: 3 0x800050b8 (0x833ac193) x 3 0xfffff823
core   0: 0x800050bc (0x30e7b993) sltiu   s3, a5, 782
core   0: 3 0x800050bc (0x30e7b993) x19 0x00000000
core   0: 0x800050c0 (0x0004de13) srli    t3, s1, 0
core   0: 3 0x800050c0 (0x0004de13) x28 0x00000000
core   0: 0x800050c4 (0x0ff0000f) fence   iorw,iorw
core   0: 3 0x800050c4 (0x0ff0000f)
core   0: 0x800050c8 (0x40a4da33) sra     s4, s1, a0
core   0: 3 0x800050c8 (0x40a4da33) x20 0x00000000
core   0: 0x800050cc (0xffd50513) addi    a0, a0, -3
core   0: 3 0x800050cc (0xffd50513) x10 0x00000001
core   0: 0x800050d0 (0x00de5d33) srl     s10, t3, a3
core   0: 3 0x800050d0 (0x00de5d33) x26 0x00000000
core   0: 0x800050d4 (0xbf5eb713) sltiu   a4, t4, -1035
core   0: 3 0x800050d4 (0xbf5eb713) x14 0x00000001
core   0: 0x800050d8 (0xffc00b93) li      s7, -4
core   0: 3 0x800050d8 (0xffc00b93) x23 0xfffffffc
core   0: 0x800050dc (0x35fcfd93) andi    s11, s9, 863
core   0: 3 0x800050dc (0x35fcfd93) x27 0x00000000
core   0: 0x800050e0 (0x00800213) li      tp, 8
core   0: 3 0x800050e0 (0x00800213) x 4 0x00000008
core   0: 0x800050e4 (0x005912b3) sll     t0, s2, t0
core   0: 3 0x800050e4 (0x005912b3) x 5 0xfffffff3
core   0: 0x800050e8 (0x3973b193) sltiu   gp, t2, 919
core   0: 3 0x800050e8 (0x3973b193) x 3 0x00000001
core   0: 0x800050ec (0x00b97db3) and     s11, s2, a1
core   0: 3 0x800050ec (0x00b97db3) x27 0xfffffff0
core   0: 0x800050f0 (0x008b8b93) addi    s7, s7, 8
core   0: 3 0x800050f0 (0x008b8b93) x23 0x00000004
core   0: 0x800050f4 (0x0000100f) fence.i
core   0: 3 0x800050f4 (0x0000100f)
core   0: 0x800050f8 (0x014f83b3) add     t2, t6, s4
core   0: 3 0x800050f8 (0x014f83b3) x 7 0x00000000
core   0: 0x800050fc (0x01c37fb3) and     t6, t1, t3
core   0: 3 0x800050fc (0x01c37fb3) x31 0x00000000
core   0: 0x80005100 (0x0000100f) fence.i
core   0: 3 0x80005100 (0x0000100f)
core   0: 0x80005104 (0xfe4be2e3) bltu    s7, tp, pc - 28
core   0: 3 0x80005104 (0xfe4be2e3)
core   0: 0x800050e8 (0x3973b193) sltiu   gp, t2, 919
core   0: 3 0x800050e8 (0x3973b193) x 3 0x00000001
core   0: 0x800050ec (0x00b97db3) and     s11, s2, a1
core   0: 3 0x800050ec (0x00b97db3) x27 0xfffffff0
core   0: 0x800050f0 (0x008b8b93) addi    s7, s7, 8
core   0: 3 0x800050f0 (0x008b8b93) x23 0x0000000c
core   0: 0x800050f4 (0x0000100f) fence.i
core   0: 3 0x800050f4 (0x0000100f)
core   0: 0x800050f8 (0x014f83b3) add     t2, t6, s4
core   0: 3 0x800050f8 (0x014f83b3) x 7 0x00000000
core   0: 0x800050fc (0x01c37fb3) and     t6, t1, t3
core   0: 3 0x800050fc (0x01c37fb3) x31 0x00000000
core   0: 0x80005100 (0x0000100f) fence.i
core   0: 3 0x80005100 (0x0000100f)
core   0: 0x80005104 (0xfe4be2e3) bltu    s7, tp, pc - 28
core   0: 3 0x80005104 (0xfe4be2e3)
core   0: 0x80005108 (0x01a004b3) add     s1, zero, s10
core   0: 3 0x80005108 (0x01a004b3) x 9 0x00000000
core   0: 0x8000510c (0x017a7eb3) and     t4, s4, s7
core   0: 3 0x8000510c (0x017a7eb3) x29 0x00000000
core   0: 0x80005110 (0xfac550e3) bge     a0, a2, pc - 96
core   0: 3 0x80005110 (0xfac550e3)
core   0: 0x800050b0 (0xf9db2b13) slti    s6, s6, -99
core   0: 3 0x800050b0 (0xf9db2b13) x22 0x00000000
core   0: 0x800050b4 (0x011a7eb3) and     t4, s4, a7
core   0: 3 0x800050b4 (0x011a7eb3) x29 0x00000000
core   0: 0x800050b8 (0x833ac193) xori    gp, s5, -1997
core   0: 3 0x800050b8 (0x833ac193) x 3 0xfffff823
core   0: 0x800050bc (0x30e7b993) sltiu   s3, a5, 782
core   0: 3 0x800050bc (0x30e7b993) x19 0x00000000
core   0: 0x800050c0 (0x0004de13) srli    t3, s1, 0
core   0: 3 0x800050c0 (0x0004de13) x28 0x00000000
core   0: 0x800050c4 (0x0ff0000f) fence   iorw,iorw
core   0: 3 0x800050c4 (0x0ff0000f)
core   0: 0x800050c8 (0x40a4da33) sra     s4, s1, a0
core   0: 3 0x800050c8 (0x40a4da33) x20 0x00000000
core   0: 0x800050cc (0xffd50513) addi    a0, a0, -3
core   0: 3 0x800050cc (0xffd50513) x10 0xfffffffe
core   0: 0x800050d0 (0x00de5d33) srl     s10, t3, a3
core   0: 3 0x800050d0 (0x00de5d33) x26 0x00000000
core   0: 0x800050d4 (0xbf5eb713) sltiu   a4, t4, -1035
core   0: 3 0x800050d4 (0xbf5eb713) x14 0x00000001
core   0: 0x800050d8 (0xffc00b93) li      s7, -4
core   0: 3 0x800050d8 (0xffc00b93) x23 0xfffffffc
core   0: 0x800050dc (0x35fcfd93) andi    s11, s9, 863
core   0: 3 0x800050dc (0x35fcfd93) x27 0x00000000
core   0: 0x800050e0 (0x00800213) li      tp, 8
core   0: 3 0x800050e0 (0x00800213) x 4 0x00000008
core   0: 0x800050e4 (0x005912b3) sll     t0, s2, t0
core   0: 3 0x800050e4 (0x005912b3) x 5 0xff980000
core   0: 0x800050e8 (0x3973b193) sltiu   gp, t2, 919
core   0: 3 0x800050e8 (0x3973b193) x 3 0x00000001
core   0: 0x800050ec (0x00b97db3) and     s11, s2, a1
core   0: 3 0x800050ec (0x00b97db3) x27 0xfffffff0
core   0: 0x800050f0 (0x008b8b93) addi    s7, s7, 8
core   0: 3 0x800050f0 (0x008b8b93) x23 0x00000004
core   0: 0x800050f4 (0x0000100f) fence.i
core   0: 3 0x800050f4 (0x0000100f)
core   0: 0x800050f8 (0x014f83b3) add     t2, t6, s4
core   0: 3 0x800050f8 (0x014f83b3) x 7 0x00000000
core   0: 0x800050fc (0x01c37fb3) and     t6, t1, t3
core   0: 3 0x800050fc (0x01c37fb3) x31 0x00000000
core   0: 0x80005100 (0x0000100f) fence.i
core   0: 3 0x80005100 (0x0000100f)
core   0: 0x80005104 (0xfe4be2e3) bltu    s7, tp, pc - 28
core   0: 3 0x80005104 (0xfe4be2e3)
core   0: 0x800050e8 (0x3973b193) sltiu   gp, t2, 919
core   0: 3 0x800050e8 (0x3973b193) x 3 0x00000001
core   0: 0x800050ec (0x00b97db3) and     s11, s2, a1
core   0: 3 0x800050ec (0x00b97db3) x27 0xfffffff0
core   0: 0x800050f0 (0x008b8b93) addi    s7, s7, 8
core   0: 3 0x800050f0 (0x008b8b93) x23 0x0000000c
core   0: 0x800050f4 (0x0000100f) fence.i
core   0: 3 0x800050f4 (0x0000100f)
core   0: 0x800050f8 (0x014f83b3) add     t2, t6, s4
core   0: 3 0x800050f8 (0x014f83b3) x 7 0x00000000
core   0: 0x800050fc (0x01c37fb3) and     t6, t1, t3
core   0: 3 0x800050fc (0x01c37fb3) x31 0x00000000
core   0: 0x80005100 (0x0000100f) fence.i
core   0: 3 0x80005100 (0x0000100f)
core   0: 0x80005104 (0xfe4be2e3) bltu    s7, tp, pc - 28
core   0: 3 0x80005104 (0xfe4be2e3)
core   0: 0x80005108 (0x01a004b3) add     s1, zero, s10
core   0: 3 0x80005108 (0x01a004b3) x 9 0x00000000
core   0: 0x8000510c (0x017a7eb3) and     t4, s4, s7
core   0: 3 0x8000510c (0x017a7eb3) x29 0x00000000
core   0: 0x80005110 (0xfac550e3) bge     a0, a2, pc - 96
core   0: 3 0x80005110 (0xfac550e3)
core   0: 0x800050b0 (0xf9db2b13) slti    s6, s6, -99
core   0: 3 0x800050b0 (0xf9db2b13) x22 0x00000000
core   0: 0x800050b4 (0x011a7eb3) and     t4, s4, a7
core   0: 3 0x800050b4 (0x011a7eb3) x29 0x00000000
core   0: 0x800050b8 (0x833ac193) xori    gp, s5, -1997
core   0: 3 0x800050b8 (0x833ac193) x 3 0xfffff823
core   0: 0x800050bc (0x30e7b993) sltiu   s3, a5, 782
core   0: 3 0x800050bc (0x30e7b993) x19 0x00000000
core   0: 0x800050c0 (0x0004de13) srli    t3, s1, 0
core   0: 3 0x800050c0 (0x0004de13) x28 0x00000000
core   0: 0x800050c4 (0x0ff0000f) fence   iorw,iorw
core   0: 3 0x800050c4 (0x0ff0000f)
core   0: 0x800050c8 (0x40a4da33) sra     s4, s1, a0
core   0: 3 0x800050c8 (0x40a4da33) x20 0x00000000
core   0: 0x800050cc (0xffd50513) addi    a0, a0, -3
core   0: 3 0x800050cc (0xffd50513) x10 0xfffffffb
core   0: 0x800050d0 (0x00de5d33) srl     s10, t3, a3
core   0: 3 0x800050d0 (0x00de5d33) x26 0x00000000
core   0: 0x800050d4 (0xbf5eb713) sltiu   a4, t4, -1035
core   0: 3 0x800050d4 (0xbf5eb713) x14 0x00000001
core   0: 0x800050d8 (0xffc00b93) li      s7, -4
core   0: 3 0x800050d8 (0xffc00b93) x23 0xfffffffc
core   0: 0x800050dc (0x35fcfd93) andi    s11, s9, 863
core   0: 3 0x800050dc (0x35fcfd93) x27 0x00000000
core   0: 0x800050e0 (0x00800213) li      tp, 8
core   0: 3 0x800050e0 (0x00800213) x 4 0x00000008
core   0: 0x800050e4 (0x005912b3) sll     t0, s2, t0
core   0: 3 0x800050e4 (0x005912b3) x 5 0xfffffff3
core   0: 0x800050e8 (0x3973b193) sltiu   gp, t2, 919
core   0: 3 0x800050e8 (0x3973b193) x 3 0x00000001
core   0: 0x800050ec (0x00b97db3) and     s11, s2, a1
core   0: 3 0x800050ec (0x00b97db3) x27 0xfffffff0
core   0: 0x800050f0 (0x008b8b93) addi    s7, s7, 8
core   0: 3 0x800050f0 (0x008b8b93) x23 0x00000004
core   0: 0x800050f4 (0x0000100f) fence.i
core   0: 3 0x800050f4 (0x0000100f)
core   0: 0x800050f8 (0x014f83b3) add     t2, t6, s4
core   0: 3 0x800050f8 (0x014f83b3) x 7 0x00000000
core   0: 0x800050fc (0x01c37fb3) and     t6, t1, t3
core   0: 3 0x800050fc (0x01c37fb3) x31 0x00000000
core   0: 0x80005100 (0x0000100f) fence.i
core   0: 3 0x80005100 (0x0000100f)
core   0: 0x80005104 (0xfe4be2e3) bltu    s7, tp, pc - 28
core   0: 3 0x80005104 (0xfe4be2e3)
core   0: 0x800050e8 (0x3973b193) sltiu   gp, t2, 919
core   0: 3 0x800050e8 (0x3973b193) x 3 0x00000001
core   0: 0x800050ec (0x00b97db3) and     s11, s2, a1
core   0: 3 0x800050ec (0x00b97db3) x27 0xfffffff0
core   0: 0x800050f0 (0x008b8b93) addi    s7, s7, 8
core   0: 3 0x800050f0 (0x008b8b93) x23 0x0000000c
core   0: 0x800050f4 (0x0000100f) fence.i
core   0: 3 0x800050f4 (0x0000100f)
core   0: 0x800050f8 (0x014f83b3) add     t2, t6, s4
core   0: 3 0x800050f8 (0x014f83b3) x 7 0x00000000
core   0: 0x800050fc (0x01c37fb3) and     t6, t1, t3
core   0: 3 0x800050fc (0x01c37fb3) x31 0x00000000
core   0: 0x80005100 (0x0000100f) fence.i
core   0: 3 0x80005100 (0x0000100f)
core   0: 0x80005104 (0xfe4be2e3) bltu    s7, tp, pc - 28
core   0: 3 0x80005104 (0xfe4be2e3)
core   0: 0x80005108 (0x01a004b3) add     s1, zero, s10
core   0: 3 0x80005108 (0x01a004b3) x 9 0x00000000
core   0: 0x8000510c (0x017a7eb3) and     t4, s4, s7
core   0: 3 0x8000510c (0x017a7eb3) x29 0x00000000
core   0: 0x80005110 (0xfac550e3) bge     a0, a2, pc - 96
core   0: 3 0x80005110 (0xfac550e3)
core   0: 0x80005114 (0x403e5593) srai    a1, t3, 3
core   0: 3 0x80005114 (0x403e5593) x11 0x00000000
core   0: 0x80005118 (0xff700a93) li      s5, -9
core   0: 3 0x80005118 (0xff700a93) x21 0xfffffff7
core   0: 0x8000511c (0x003d4d33) xor     s10, s10, gp
core   0: 3 0x8000511c (0x003d4d33) x26 0x00000001
core   0: 0x80005120 (0x40e8de93) srai    t4, a7, 14
core   0: 3 0x80005120 (0x40e8de93) x29 0xfffe000a
core   0: 0x80005124 (0xff700a13) li      s4, -9
core   0: 3 0x80005124 (0xff700a13) x20 0xfffffff7
core   0: 0x80005128 (0x2de8e293) ori     t0, a7, 734
core   0: 3 0x80005128 (0x2de8e293) x 5 0x80028efe
core   0: 0x8000512c (0x0000100f) fence.i
core   0: 3 0x8000512c (0x0000100f)
core   0: 0x80005130 (0xff6a8a93) addi    s5, s5, -10
core   0: 3 0x80005130 (0xff6a8a93) x21 0xffffffed
core   0: 0x80005134 (0x01d2acb3) slt     s9, t0, t4
core   0: 3 0x80005134 (0x01d2acb3) x25 0x00000001
core   0: 0x80005138 (0x0ff0000f) fence   iorw,iorw
core   0: 3 0x80005138 (0x0ff0000f)
core   0: 0x8000513c (0x415b8533) sub     a0, s7, s5
core   0: 3 0x8000513c (0x415b8533) x10 0x0000001f
core   0: 0x80005140 (0x41bc8d33) sub     s10, s9, s11
core   0: 3 0x80005140 (0x41bc8d33) x26 0x00000011
core   0: 0x80005144 (0xff900693) li      a3, -7
core   0: 3 0x80005144 (0xff900693) x13 0xfffffff9
core   0: 0x80005148 (0x01c9af33) slt     t5, s3, t3
core   0: 3 0x80005148 (0x01c9af33) x30 0x00000000
core   0: 0x8000514c (0xff900b13) li      s6, -7
core   0: 3 0x8000514c (0xff900b13) x22 0xfffffff9
core   0: 0x80005150 (0x007820b3) slt     ra, a6, t2
core   0: 3 0x80005150 (0x007820b3) x 1 0x00000001
core   0: 0x80005154 (0x41608933) sub     s2, ra, s6
core   0: 3 0x80005154 (0x41608933) x18 0x00000008
core   0: 0x80005158 (0xffc68693) addi    a3, a3, -4
core   0: 3 0x80005158 (0xffc68693) x13 0xfffffff5
core   0: 0x8000515c (0x53a46093) ori     ra, s0, 1338
core   0: 3 0x8000515c (0x53a46093) x 1 0x0000053a
core   0: 0x80005160 (0xff66d8e3) bge     a3, s6, pc - 16
core   0: 3 0x80005160 (0xff66d8e3)
core   0: 0x80005164 (0x15acc713) xori    a4, s9, 346
core   0: 3 0x80005164 (0x15acc713) x14 0x0000015b
core   0: 0x80005168 (0xfd4ad0e3) bge     s5, s4, pc - 64
core   0: 3 0x80005168 (0xfd4ad0e3)
core   0: 0x8000516c (0xe2afb213) sltiu   tp, t6, -470
core   0: 3 0x8000516c (0xe2afb213) x 4 0x00000001
core   0: 0x80005170 (0xff800313) li      t1, -8
core   0: 3 0x80005170 (0xff800313) x 6 0xfffffff8
core   0: 0x80005174 (0x016a5113) srli    sp, s4, 22
core   0: 3 0x80005174 (0x016a5113) x 2 0x000003ff
core   0: 0x80005178 (0xff800f13) li      t5, -8
core   0: 3 0x80005178 (0xff800f13) x30 0xfffffff8
core   0: 0x8000517c (0xf6778a93) addi    s5, a5, -153
core   0: 3 0x8000517c (0xf6778a93) x21 0x80024d6b
core   0: 0x80005180 (0xffb30313) addi    t1, t1, -5
core   0: 3 0x80005180 (0xffb30313) x 6 0xfffffff3
core   0: 0x80005184 (0x0000100f) fence.i
core   0: 3 0x80005184 (0x0000100f)
core   0: 0x80005188 (0x00a5c633) xor     a2, a1, a0
core   0: 3 0x80005188 (0x00a5c633) x12 0x0000001f
core   0: 0x8000518c (0xc1dfc393) xori    t2, t6, -995
core   0: 3 0x8000518c (0xc1dfc393) x 7 0xfffffc1d
core   0: 0x80005190 (0xffe356e3) bge     t1, t5, pc - 20
core   0: 3 0x80005190 (0xffe356e3)
core   0: 0x80005194 (0x226d20b7) lui     ra, 0x226d2
core   0: 3 0x80005194 (0x226d20b7) x 1 0x226d2000
core   0: 0x80005198 (0x00800d93) li      s11, 8
core   0: 3 0x80005198 (0x00800d93) x27 0x00000008
core   0: 0x8000519c (0x01104333) xor     t1, zero, a7
core   0: 3 0x8000519c (0x01104333) x 6 0x80028ce4
core   0: 0x800051a0 (0x00800693) li      a3, 8
core   0: 3 0x800051a0 (0x00800693) x13 0x00000008
core   0: 0x800051a4 (0x4e3aa913) slti    s2, s5, 1251
core   0: 3 0x800051a4 (0x4e3aa913) x18 0x00000001
core   0: 0x800051a8 (0x01b5e933) or      s2, a1, s11
core   0: 3 0x800051a8 (0x01b5e933) x18 0x00000008
core   0: 0x800051ac (0xffed8d93) addi    s11, s11, -2
core   0: 3 0x800051ac (0xffed8d93) x27 0x00000006
core   0: 0x800051b0 (0xfeddfae3) bgeu    s11, a3, pc - 12
core   0: 3 0x800051b0 (0xfeddfae3)
core   0: 0x800051b4 (0x1c0b7393) andi    t2, s6, 448
core   0: 3 0x800051b4 (0x1c0b7393) x 7 0x000001c0
core   0: 0x800051b8 (0x00300493) li      s1, 3
core   0: 3 0x800051b8 (0x00300493) x 9 0x00000003
core   0: 0x800051bc (0xe1553613) sltiu   a2, a0, -491
core   0: 3 0x800051bc (0xe1553613) x12 0x00000001
core   0: 0x800051c0 (0x01a9c2b3) xor     t0, s3, s10
core   0: 3 0x800051c0 (0x01a9c2b3) x 5 0x00000011
core   0: 0x800051c4 (0x60a61c97) auipc   s9, 0x60a61
core   0: 3 0x800051c4 (0x60a61c97) x25 0xe0a661c4
core   0: 0x800051c8 (0x004f9a33) sll     s4, t6, tp
core   0: 3 0x800051c8 (0x004f9a33) x20 0x00000000
core   0: 0x800051cc (0x2f70b413) sltiu   s0, ra, 759
core   0: 3 0x800051cc (0x2f70b413) x 8 0x00000000
core   0: 0x800051d0 (0x01000713) li      a4, 16
core   0: 3 0x800051d0 (0x01000713) x14 0x00000010
core   0: 0x800051d4 (0x0078beb3) sltu    t4, a7, t2
core   0: 3 0x800051d4 (0x0078beb3) x29 0x00000000
core   0: 0x800051d8 (0x00e46d17) auipc   s10, 0xe46
core   0: 3 0x800051d8 (0x00e46d17) x26 0x80e4b1d8
core   0: 0x800051dc (0x40695433) sra     s0, s2, t1
core   0: 3 0x800051dc (0x40695433) x 8 0x00000000
core   0: 0x800051e0 (0x007b9433) sll     s0, s7, t2
core   0: 3 0x800051e0 (0x007b9433) x 8 0x0000000c
core   0: 0x800051e4 (0x01e1b9b3) sltu    s3, gp, t5
core   0: 3 0x800051e4 (0x01e1b9b3) x19 0x00000001
core   0: 0x800051e8 (0xda8b1117) auipc   sp, 0xda8b1
core   0: 3 0x800051e8 (0xda8b1117) x 2 0x5a8b61e8
core   0: 0x800051ec (0x01dc61b3) or      gp, s8, t4
core   0: 3 0x800051ec (0x01dc61b3) x 3 0xffffffff
core   0: 0x800051f0 (0x410ed193) srai    gp, t4, 16
core   0: 3 0x800051f0 (0x410ed193) x 3 0x00000000
core   0: 0x800051f4 (0xf864f137) lui     sp, 0xf864f
core   0: 3 0x800051f4 (0xf864f137) x 2 0xf864f000
core   0: 0x800051f8 (0x00148493) addi    s1, s1, 1
core   0: 3 0x800051f8 (0x00148493) x 9 0x00000004
core   0: 0x800051fc (0x4b83f093) andi    ra, t2, 1208
core   0: 3 0x800051fc (0x4b83f093) x 1 0x00000080
core   0: 0x80005200 (0x0ff0000f) fence   iorw,iorw
core   0: 3 0x80005200 (0x0ff0000f)
core   0: 0x80005204 (0x01524e33) xor     t3, tp, s5
core   0: 3 0x80005204 (0x01524e33) x28 0x80024d6a
core   0: 0x80005208 (0x01321fb3) sll     t6, tp, s3
core   0: 3 0x80005208 (0x01321fb3) x31 0x00000002
core   0: 0x8000520c (0x27fbb013) sltiu   zero, s7, 639
core   0: 3 0x8000520c (0x27fbb013)
core   0: 0x80005210 (0x12cf8393) addi    t2, t6, 300
core   0: 3 0x80005210 (0x12cf8393) x 7 0x0000012e
core   0: 0x80005214 (0x40f9d613) srai    a2, s3, 15
core   0: 3 0x80005214 (0x40f9d613) x12 0x00000000
core   0: 0x80005218 (0xfce490e3) bne     s1, a4, pc - 64
core   0: 3 0x80005218 (0xfce490e3)
core   0: 0x800051d8 (0x00e46d17) auipc   s10, 0xe46
core   0: 3 0x800051d8 (0x00e46d17) x26 0x80e4b1d8
core   0: 0x800051dc (0x40695433) sra     s0, s2, t1
core   0: 3 0x800051dc (0x40695433) x 8 0x00000000
core   0: 0x800051e0 (0x007b9433) sll     s0, s7, t2
core   0: 3 0x800051e0 (0x007b9433) x 8 0x00030000
core   0: 0x800051e4 (0x01e1b9b3) sltu    s3, gp, t5
core   0: 3 0x800051e4 (0x01e1b9b3) x19 0x00000001
core   0: 0x800051e8 (0xda8b1117) auipc   sp, 0xda8b1
core   0: 3 0x800051e8 (0xda8b1117) x 2 0x5a8b61e8
core   0: 0x800051ec (0x01dc61b3) or      gp, s8, t4
core   0: 3 0x800051ec (0x01dc61b3) x 3 0xffffffff
core   0: 0x800051f0 (0x410ed193) srai    gp, t4, 16
core   0: 3 0x800051f0 (0x410ed193) x 3 0x00000000
core   0: 0x800051f4 (0xf864f137) lui     sp, 0xf864f
core   0: 3 0x800051f4 (0xf864f137) x 2 0xf864f000
core   0: 0x800051f8 (0x00148493) addi    s1, s1, 1
core   0: 3 0x800051f8 (0x00148493) x 9 0x00000005
core   0: 0x800051fc (0x4b83f093) andi    ra, t2, 1208
core   0: 3 0x800051fc (0x4b83f093) x 1 0x00000028
core   0: 0x80005200 (0x0ff0000f) fence   iorw,iorw
core   0: 3 0x80005200 (0x0ff0000f)
core   0: 0x80005204 (0x01524e33) xor     t3, tp, s5
core   0: 3 0x80005204 (0x01524e33) x28 0x80024d6a
core   0: 0x80005208 (0x01321fb3) sll     t6, tp, s3
core   0: 3 0x80005208 (0x01321fb3) x31 0x00000002
core   0: 0x8000520c (0x27fbb013) sltiu   zero, s7, 639
core   0: 3 0x8000520c (0x27fbb013)
core   0: 0x80005210 (0x12cf8393) addi    t2, t6, 300
core   0: 3 0x80005210 (0x12cf8393) x 7 0x0000012e
core   0: 0x80005214 (0x40f9d613) srai    a2, s3, 15
core   0: 3 0x80005214 (0x40f9d613) x12 0x00000000
core   0: 0x80005218 (0xfce490e3) bne     s1, a4, pc - 64
core   0: 3 0x80005218 (0xfce490e3)
core   0: 0x800051d8 (0x00e46d17) auipc   s10, 0xe46
core   0: 3 0x800051d8 (0x00e46d17) x26 0x80e4b1d8
core   0: 0x800051dc (0x40695433) sra     s0, s2, t1
core   0: 3 0x800051dc (0x40695433) x 8 0x00000000
core   0: 0x800051e0 (0x007b9433) sll     s0, s7, t2
core   0: 3 0x800051e0 (0x007b9433) x 8 0x00030000
core   0: 0x800051e4 (0x01e1b9b3) sltu    s3, gp, t5
core   0: 3 0x800051e4 (0x01e1b9b3) x19 0x00000001
core   0: 0x800051e8 (0xda8b1117) auipc   sp, 0xda8b1
core   0: 3 0x800051e8 (0xda8b1117) x 2 0x5a8b61e8
core   0: 0x800051ec (0x01dc61b3) or      gp, s8, t4
core   0: 3 0x800051ec (0x01dc61b3) x 3 0xffffffff
core   0: 0x800051f0 (0x410ed193) srai    gp, t4, 16
core   0: 3 0x800051f0 (0x410ed193) x 3 0x00000000
core   0: 0x800051f4 (0xf864f137) lui     sp, 0xf864f
core   0: 3 0x800051f4 (0xf864f137) x 2 0xf864f000
core   0: 0x800051f8 (0x00148493) addi    s1, s1, 1
core   0: 3 0x800051f8 (0x00148493) x 9 0x00000006
core   0: 0x800051fc (0x4b83f093) andi    ra, t2, 1208
core   0: 3 0x800051fc (0x4b83f093) x 1 0x00000028
core   0: 0x80005200 (0x0ff0000f) fence   iorw,iorw
core   0: 3 0x80005200 (0x0ff0000f)
core   0: 0x80005204 (0x01524e33) xor     t3, tp, s5
core   0: 3 0x80005204 (0x01524e33) x28 0x80024d6a
core   0: 0x80005208 (0x01321fb3) sll     t6, tp, s3
core   0: 3 0x80005208 (0x01321fb3) x31 0x00000002
core   0: 0x8000520c (0x27fbb013) sltiu   zero, s7, 639
core   0: 3 0x8000520c (0x27fbb013)
core   0: 0x80005210 (0x12cf8393) addi    t2, t6, 300
core   0: 3 0x80005210 (0x12cf8393) x 7 0x0000012e
core   0: 0x80005214 (0x40f9d613) srai    a2, s3, 15
core   0: 3 0x80005214 (0x40f9d613) x12 0x00000000
core   0: 0x80005218 (0xfce490e3) bne     s1, a4, pc - 64
core   0: 3 0x80005218 (0xfce490e3)
core   0: 0x800051d8 (0x00e46d17) auipc   s10, 0xe46
core   0: 3 0x800051d8 (0x00e46d17) x26 0x80e4b1d8
core   0: 0x800051dc (0x40695433) sra     s0, s2, t1
core   0: 3 0x800051dc (0x40695433) x 8 0x00000000
core   0: 0x800051e0 (0x007b9433) sll     s0, s7, t2
core   0: 3 0x800051e0 (0x007b9433) x 8 0x00030000
core   0: 0x800051e4 (0x01e1b9b3) sltu    s3, gp, t5
core   0: 3 0x800051e4 (0x01e1b9b3) x19 0x00000001
core   0: 0x800051e8 (0xda8b1117) auipc   sp, 0xda8b1
core   0: 3 0x800051e8 (0xda8b1117) x 2 0x5a8b61e8
core   0: 0x800051ec (0x01dc61b3) or      gp, s8, t4
core   0: 3 0x800051ec (0x01dc61b3) x 3 0xffffffff
core   0: 0x800051f0 (0x410ed193) srai    gp, t4, 16
core   0: 3 0x800051f0 (0x410ed193) x 3 0x00000000
core   0: 0x800051f4 (0xf864f137) lui     sp, 0xf864f
core   0: 3 0x800051f4 (0xf864f137) x 2 0xf864f000
core   0: 0x800051f8 (0x00148493) addi    s1, s1, 1
core   0: 3 0x800051f8 (0x00148493) x 9 0x00000007
core   0: 0x800051fc (0x4b83f093) andi    ra, t2, 1208
core   0: 3 0x800051fc (0x4b83f093) x 1 0x00000028
core   0: 0x80005200 (0x0ff0000f) fence   iorw,iorw
core   0: 3 0x80005200 (0x0ff0000f)
core   0: 0x80005204 (0x01524e33) xor     t3, tp, s5
core   0: 3 0x80005204 (0x01524e33) x28 0x80024d6a
core   0: 0x80005208 (0x01321fb3) sll     t6, tp, s3
core   0: 3 0x80005208 (0x01321fb3) x31 0x00000002
core   0: 0x8000520c (0x27fbb013) sltiu   zero, s7, 639
core   0: 3 0x8000520c (0x27fbb013)
core   0: 0x80005210 (0x12cf8393) addi    t2, t6, 300
core   0: 3 0x80005210 (0x12cf8393) x 7 0x0000012e
core   0: 0x80005214 (0x40f9d613) srai    a2, s3, 15
core   0: 3 0x80005214 (0x40f9d613) x12 0x00000000
core   0: 0x80005218 (0xfce490e3) bne     s1, a4, pc - 64
core   0: 3 0x80005218 (0xfce490e3)
core   0: 0x800051d8 (0x00e46d17) auipc   s10, 0xe46
core   0: 3 0x800051d8 (0x00e46d17) x26 0x80e4b1d8
core   0: 0x800051dc (0x40695433) sra     s0, s2, t1
core   0: 3 0x800051dc (0x40695433) x 8 0x00000000
core   0: 0x800051e0 (0x007b9433) sll     s0, s7, t2
core   0: 3 0x800051e0 (0x007b9433) x 8 0x00030000
core   0: 0x800051e4 (0x01e1b9b3) sltu    s3, gp, t5
core   0: 3 0x800051e4 (0x01e1b9b3) x19 0x00000001
core   0: 0x800051e8 (0xda8b1117) auipc   sp, 0xda8b1
core   0: 3 0x800051e8 (0xda8b1117) x 2 0x5a8b61e8
core   0: 0x800051ec (0x01dc61b3) or      gp, s8, t4
core   0: 3 0x800051ec (0x01dc61b3) x 3 0xffffffff
core   0: 0x800051f0 (0x410ed193) srai    gp, t4, 16
core   0: 3 0x800051f0 (0x410ed193) x 3 0x00000000
core   0: 0x800051f4 (0xf864f137) lui     sp, 0xf864f
core   0: 3 0x800051f4 (0xf864f137) x 2 0xf864f000
core   0: 0x800051f8 (0x00148493) addi    s1, s1, 1
core   0: 3 0x800051f8 (0x00148493) x 9 0x00000008
core   0: 0x800051fc (0x4b83f093) andi    ra, t2, 1208
core   0: 3 0x800051fc (0x4b83f093) x 1 0x00000028
core   0: 0x80005200 (0x0ff0000f) fence   iorw,iorw
core   0: 3 0x80005200 (0x0ff0000f)
core   0: 0x80005204 (0x01524e33) xor     t3, tp, s5
core   0: 3 0x80005204 (0x01524e33) x28 0x80024d6a
core   0: 0x80005208 (0x01321fb3) sll     t6, tp, s3
core   0: 3 0x80005208 (0x01321fb3) x31 0x00000002
core   0: 0x8000520c (0x27fbb013) sltiu   zero, s7, 639
core   0: 3 0x8000520c (0x27fbb013)
core   0: 0x80005210 (0x12cf8393) addi    t2, t6, 300
core   0: 3 0x80005210 (0x12cf8393) x 7 0x0000012e
core   0: 0x80005214 (0x40f9d613) srai    a2, s3, 15
core   0: 3 0x80005214 (0x40f9d613) x12 0x00000000
core   0: 0x80005218 (0xfce490e3) bne     s1, a4, pc - 64
core   0: 3 0x80005218 (0xfce490e3)
core   0: 0x800051d8 (0x00e46d17) auipc   s10, 0xe46
core   0: 3 0x800051d8 (0x00e46d17) x26 0x80e4b1d8
core   0: 0x800051dc (0x40695433) sra     s0, s2, t1
core   0: 3 0x800051dc (0x40695433) x 8 0x00000000
core   0: 0x800051e0 (0x007b9433) sll     s0, s7, t2
core   0: 3 0x800051e0 (0x007b9433) x 8 0x00030000
core   0: 0x800051e4 (0x01e1b9b3) sltu    s3, gp, t5
core   0: 3 0x800051e4 (0x01e1b9b3) x19 0x00000001
core   0: 0x800051e8 (0xda8b1117) auipc   sp, 0xda8b1
core   0: 3 0x800051e8 (0xda8b1117) x 2 0x5a8b61e8
core   0: 0x800051ec (0x01dc61b3) or      gp, s8, t4
core   0: 3 0x800051ec (0x01dc61b3) x 3 0xffffffff
core   0: 0x800051f0 (0x410ed193) srai    gp, t4, 16
core   0: 3 0x800051f0 (0x410ed193) x 3 0x00000000
core   0: 0x800051f4 (0xf864f137) lui     sp, 0xf864f
core   0: 3 0x800051f4 (0xf864f137) x 2 0xf864f000
core   0: 0x800051f8 (0x00148493) addi    s1, s1, 1
core   0: 3 0x800051f8 (0x00148493) x 9 0x00000009
core   0: 0x800051fc (0x4b83f093) andi    ra, t2, 1208
core   0: 3 0x800051fc (0x4b83f093) x 1 0x00000028
core   0: 0x80005200 (0x0ff0000f) fence   iorw,iorw
core   0: 3 0x80005200 (0x0ff0000f)
core   0: 0x80005204 (0x01524e33) xor     t3, tp, s5
core   0: 3 0x80005204 (0x01524e33) x28 0x80024d6a
core   0: 0x80005208 (0x01321fb3) sll     t6, tp, s3
core   0: 3 0x80005208 (0x01321fb3) x31 0x00000002
core   0: 0x8000520c (0x27fbb013) sltiu   zero, s7, 639
core   0: 3 0x8000520c (0x27fbb013)
core   0: 0x80005210 (0x12cf8393) addi    t2, t6, 300
core   0: 3 0x80005210 (0x12cf8393) x 7 0x0000012e
core   0: 0x80005214 (0x40f9d613) srai    a2, s3, 15
core   0: 3 0x80005214 (0x40f9d613) x12 0x00000000
core   0: 0x80005218 (0xfce490e3) bne     s1, a4, pc - 64
core   0: 3 0x80005218 (0xfce490e3)
core   0: 0x800051d8 (0x00e46d17) auipc   s10, 0xe46
core   0: 3 0x800051d8 (0x00e46d17) x26 0x80e4b1d8
core   0: 0x800051dc (0x40695433) sra     s0, s2, t1
core   0: 3 0x800051dc (0x40695433) x 8 0x00000000
core   0: 0x800051e0 (0x007b9433) sll     s0, s7, t2
core   0: 3 0x800051e0 (0x007b9433) x 8 0x00030000
core   0: 0x800051e4 (0x01e1b9b3) sltu    s3, gp, t5
core   0: 3 0x800051e4 (0x01e1b9b3) x19 0x00000001
core   0: 0x800051e8 (0xda8b1117) auipc   sp, 0xda8b1
core   0: 3 0x800051e8 (0xda8b1117) x 2 0x5a8b61e8
core   0: 0x800051ec (0x01dc61b3) or      gp, s8, t4
core   0: 3 0x800051ec (0x01dc61b3) x 3 0xffffffff
core   0: 0x800051f0 (0x410ed193) srai    gp, t4, 16
core   0: 3 0x800051f0 (0x410ed193) x 3 0x00000000
core   0: 0x800051f4 (0xf864f137) lui     sp, 0xf864f
core   0: 3 0x800051f4 (0xf864f137) x 2 0xf864f000
core   0: 0x800051f8 (0x00148493) addi    s1, s1, 1
core   0: 3 0x800051f8 (0x00148493) x 9 0x0000000a
core   0: 0x800051fc (0x4b83f093) andi    ra, t2, 1208
core   0: 3 0x800051fc (0x4b83f093) x 1 0x00000028
core   0: 0x80005200 (0x0ff0000f) fence   iorw,iorw
core   0: 3 0x80005200 (0x0ff0000f)
core   0: 0x80005204 (0x01524e33) xor     t3, tp, s5
core   0: 3 0x80005204 (0x01524e33) x28 0x80024d6a
core   0: 0x80005208 (0x01321fb3) sll     t6, tp, s3
core   0: 3 0x80005208 (0x01321fb3) x31 0x00000002
core   0: 0x8000520c (0x27fbb013) sltiu   zero, s7, 639
core   0: 3 0x8000520c (0x27fbb013)
core   0: 0x80005210 (0x12cf8393) addi    t2, t6, 300
core   0: 3 0x80005210 (0x12cf8393) x 7 0x0000012e
core   0: 0x80005214 (0x40f9d613) srai    a2, s3, 15
core   0: 3 0x80005214 (0x40f9d613) x12 0x00000000
core   0: 0x80005218 (0xfce490e3) bne     s1, a4, pc - 64
core   0: 3 0x80005218 (0xfce490e3)
core   0: 0x800051d8 (0x00e46d17) auipc   s10, 0xe46
core   0: 3 0x800051d8 (0x00e46d17) x26 0x80e4b1d8
core   0: 0x800051dc (0x40695433) sra     s0, s2, t1
core   0: 3 0x800051dc (0x40695433) x 8 0x00000000
core   0: 0x800051e0 (0x007b9433) sll     s0, s7, t2
core   0: 3 0x800051e0 (0x007b9433) x 8 0x00030000
core   0: 0x800051e4 (0x01e1b9b3) sltu    s3, gp, t5
core   0: 3 0x800051e4 (0x01e1b9b3) x19 0x00000001
core   0: 0x800051e8 (0xda8b1117) auipc   sp, 0xda8b1
core   0: 3 0x800051e8 (0xda8b1117) x 2 0x5a8b61e8
core   0: 0x800051ec (0x01dc61b3) or      gp, s8, t4
core   0: 3 0x800051ec (0x01dc61b3) x 3 0xffffffff
core   0: 0x800051f0 (0x410ed193) srai    gp, t4, 16
core   0: 3 0x800051f0 (0x410ed193) x 3 0x00000000
core   0: 0x800051f4 (0xf864f137) lui     sp, 0xf864f
core   0: 3 0x800051f4 (0xf864f137) x 2 0xf864f000
core   0: 0x800051f8 (0x00148493) addi    s1, s1, 1
core   0: 3 0x800051f8 (0x00148493) x 9 0x0000000b
core   0: 0x800051fc (0x4b83f093) andi    ra, t2, 1208
core   0: 3 0x800051fc (0x4b83f093) x 1 0x00000028
core   0: 0x80005200 (0x0ff0000f) fence   iorw,iorw
core   0: 3 0x80005200 (0x0ff0000f)
core   0: 0x80005204 (0x01524e33) xor     t3, tp, s5
core   0: 3 0x80005204 (0x01524e33) x28 0x80024d6a
core   0: 0x80005208 (0x01321fb3) sll     t6, tp, s3
core   0: 3 0x80005208 (0x01321fb3) x31 0x00000002
core   0: 0x8000520c (0x27fbb013) sltiu   zero, s7, 639
core   0: 3 0x8000520c (0x27fbb013)
core   0: 0x80005210 (0x12cf8393) addi    t2, t6, 300
core   0: 3 0x80005210 (0x12cf8393) x 7 0x0000012e
core   0: 0x80005214 (0x40f9d613) srai    a2, s3, 15
core   0: 3 0x80005214 (0x40f9d613) x12 0x00000000
core   0: 0x80005218 (0xfce490e3) bne     s1, a4, pc - 64
core   0: 3 0x80005218 (0xfce490e3)
core   0: 0x800051d8 (0x00e46d17) auipc   s10, 0xe46
core   0: 3 0x800051d8 (0x00e46d17) x26 0x80e4b1d8
core   0: 0x800051dc (0x40695433) sra     s0, s2, t1
core   0: 3 0x800051dc (0x40695433) x 8 0x00000000
core   0: 0x800051e0 (0x007b9433) sll     s0, s7, t2
core   0: 3 0x800051e0 (0x007b9433) x 8 0x00030000
core   0: 0x800051e4 (0x01e1b9b3) sltu    s3, gp, t5
core   0: 3 0x800051e4 (0x01e1b9b3) x19 0x00000001
core   0: 0x800051e8 (0xda8b1117) auipc   sp, 0xda8b1
core   0: 3 0x800051e8 (0xda8b1117) x 2 0x5a8b61e8
core   0: 0x800051ec (0x01dc61b3) or      gp, s8, t4
core   0: 3 0x800051ec (0x01dc61b3) x 3 0xffffffff
core   0: 0x800051f0 (0x410ed193) srai    gp, t4, 16
core   0: 3 0x800051f0 (0x410ed193) x 3 0x00000000
core   0: 0x800051f4 (0xf864f137) lui     sp, 0xf864f
core   0: 3 0x800051f4 (0xf864f137) x 2 0xf864f000
core   0: 0x800051f8 (0x00148493) addi    s1, s1, 1
core   0: 3 0x800051f8 (0x00148493) x 9 0x0000000c
core   0: 0x800051fc (0x4b83f093) andi    ra, t2, 1208
core   0: 3 0x800051fc (0x4b83f093) x 1 0x00000028
core   0: 0x80005200 (0x0ff0000f) fence   iorw,iorw
core   0: 3 0x80005200 (0x0ff0000f)
core   0: 0x80005204 (0x01524e33) xor     t3, tp, s5
core   0: 3 0x80005204 (0x01524e33) x28 0x80024d6a
core   0: 0x80005208 (0x01321fb3) sll     t6, tp, s3
core   0: 3 0x80005208 (0x01321fb3) x31 0x00000002
core   0: 0x8000520c (0x27fbb013) sltiu   zero, s7, 639
core   0: 3 0x8000520c (0x27fbb013)
core   0: 0x80005210 (0x12cf8393) addi    t2, t6, 300
core   0: 3 0x80005210 (0x12cf8393) x 7 0x0000012e
core   0: 0x80005214 (0x40f9d613) srai    a2, s3, 15
core   0: 3 0x80005214 (0x40f9d613) x12 0x00000000
core   0: 0x80005218 (0xfce490e3) bne     s1, a4, pc - 64
core   0: 3 0x80005218 (0xfce490e3)
core   0: 0x800051d8 (0x00e46d17) auipc   s10, 0xe46
core   0: 3 0x800051d8 (0x00e46d17) x26 0x80e4b1d8
core   0: 0x800051dc (0x40695433) sra     s0, s2, t1
core   0: 3 0x800051dc (0x40695433) x 8 0x00000000
core   0: 0x800051e0 (0x007b9433) sll     s0, s7, t2
core   0: 3 0x800051e0 (0x007b9433) x 8 0x00030000
core   0: 0x800051e4 (0x01e1b9b3) sltu    s3, gp, t5
core   0: 3 0x800051e4 (0x01e1b9b3) x19 0x00000001
core   0: 0x800051e8 (0xda8b1117) auipc   sp, 0xda8b1
core   0: 3 0x800051e8 (0xda8b1117) x 2 0x5a8b61e8
core   0: 0x800051ec (0x01dc61b3) or      gp, s8, t4
core   0: 3 0x800051ec (0x01dc61b3) x 3 0xffffffff
core   0: 0x800051f0 (0x410ed193) srai    gp, t4, 16
core   0: 3 0x800051f0 (0x410ed193) x 3 0x00000000
core   0: 0x800051f4 (0xf864f137) lui     sp, 0xf864f
core   0: 3 0x800051f4 (0xf864f137) x 2 0xf864f000
core   0: 0x800051f8 (0x00148493) addi    s1, s1, 1
core   0: 3 0x800051f8 (0x00148493) x 9 0x0000000d
core   0: 0x800051fc (0x4b83f093) andi    ra, t2, 1208
core   0: 3 0x800051fc (0x4b83f093) x 1 0x00000028
core   0: 0x80005200 (0x0ff0000f) fence   iorw,iorw
core   0: 3 0x80005200 (0x0ff0000f)
core   0: 0x80005204 (0x01524e33) xor     t3, tp, s5
core   0: 3 0x80005204 (0x01524e33) x28 0x80024d6a
core   0: 0x80005208 (0x01321fb3) sll     t6, tp, s3
core   0: 3 0x80005208 (0x01321fb3) x31 0x00000002
core   0: 0x8000520c (0x27fbb013) sltiu   zero, s7, 639
core   0: 3 0x8000520c (0x27fbb013)
core   0: 0x80005210 (0x12cf8393) addi    t2, t6, 300
core   0: 3 0x80005210 (0x12cf8393) x 7 0x0000012e
core   0: 0x80005214 (0x40f9d613) srai    a2, s3, 15
core   0: 3 0x80005214 (0x40f9d613) x12 0x00000000
core   0: 0x80005218 (0xfce490e3) bne     s1, a4, pc - 64
core   0: 3 0x80005218 (0xfce490e3)
core   0: 0x800051d8 (0x00e46d17) auipc   s10, 0xe46
core   0: 3 0x800051d8 (0x00e46d17) x26 0x80e4b1d8
core   0: 0x800051dc (0x40695433) sra     s0, s2, t1
core   0: 3 0x800051dc (0x40695433) x 8 0x00000000
core   0: 0x800051e0 (0x007b9433) sll     s0, s7, t2
core   0: 3 0x800051e0 (0x007b9433) x 8 0x00030000
core   0: 0x800051e4 (0x01e1b9b3) sltu    s3, gp, t5
core   0: 3 0x800051e4 (0x01e1b9b3) x19 0x00000001
core   0: 0x800051e8 (0xda8b1117) auipc   sp, 0xda8b1
core   0: 3 0x800051e8 (0xda8b1117) x 2 0x5a8b61e8
core   0: 0x800051ec (0x01dc61b3) or      gp, s8, t4
core   0: 3 0x800051ec (0x01dc61b3) x 3 0xffffffff
core   0: 0x800051f0 (0x410ed193) srai    gp, t4, 16
core   0: 3 0x800051f0 (0x410ed193) x 3 0x00000000
core   0: 0x800051f4 (0xf864f137) lui     sp, 0xf864f
core   0: 3 0x800051f4 (0xf864f137) x 2 0xf864f000
core   0: 0x800051f8 (0x00148493) addi    s1, s1, 1
core   0: 3 0x800051f8 (0x00148493) x 9 0x0000000e
core   0: 0x800051fc (0x4b83f093) andi    ra, t2, 1208
core   0: 3 0x800051fc (0x4b83f093) x 1 0x00000028
core   0: 0x80005200 (0x0ff0000f) fence   iorw,iorw
core   0: 3 0x80005200 (0x0ff0000f)
core   0: 0x80005204 (0x01524e33) xor     t3, tp, s5
core   0: 3 0x80005204 (0x01524e33) x28 0x80024d6a
core   0: 0x80005208 (0x01321fb3) sll     t6, tp, s3
core   0: 3 0x80005208 (0x01321fb3) x31 0x00000002
core   0: 0x8000520c (0x27fbb013) sltiu   zero, s7, 639
core   0: 3 0x8000520c (0x27fbb013)
core   0: 0x80005210 (0x12cf8393) addi    t2, t6, 300
core   0: 3 0x80005210 (0x12cf8393) x 7 0x0000012e
core   0: 0x80005214 (0x40f9d613) srai    a2, s3, 15
core   0: 3 0x80005214 (0x40f9d613) x12 0x00000000
core   0: 0x80005218 (0xfce490e3) bne     s1, a4, pc - 64
core   0: 3 0x80005218 (0xfce490e3)
core   0: 0x800051d8 (0x00e46d17) auipc   s10, 0xe46
core   0: 3 0x800051d8 (0x00e46d17) x26 0x80e4b1d8
core   0: 0x800051dc (0x40695433) sra     s0, s2, t1
core   0: 3 0x800051dc (0x40695433) x 8 0x00000000
core   0: 0x800051e0 (0x007b9433) sll     s0, s7, t2
core   0: 3 0x800051e0 (0x007b9433) x 8 0x00030000
core   0: 0x800051e4 (0x01e1b9b3) sltu    s3, gp, t5
core   0: 3 0x800051e4 (0x01e1b9b3) x19 0x00000001
core   0: 0x800051e8 (0xda8b1117) auipc   sp, 0xda8b1
core   0: 3 0x800051e8 (0xda8b1117) x 2 0x5a8b61e8
core   0: 0x800051ec (0x01dc61b3) or      gp, s8, t4
core   0: 3 0x800051ec (0x01dc61b3) x 3 0xffffffff
core   0: 0x800051f0 (0x410ed193) srai    gp, t4, 16
core   0: 3 0x800051f0 (0x410ed193) x 3 0x00000000
core   0: 0x800051f4 (0xf864f137) lui     sp, 0xf864f
core   0: 3 0x800051f4 (0xf864f137) x 2 0xf864f000
core   0: 0x800051f8 (0x00148493) addi    s1, s1, 1
core   0: 3 0x800051f8 (0x00148493) x 9 0x0000000f
core   0: 0x800051fc (0x4b83f093) andi    ra, t2, 1208
core   0: 3 0x800051fc (0x4b83f093) x 1 0x00000028
core   0: 0x80005200 (0x0ff0000f) fence   iorw,iorw
core   0: 3 0x80005200 (0x0ff0000f)
core   0: 0x80005204 (0x01524e33) xor     t3, tp, s5
core   0: 3 0x80005204 (0x01524e33) x28 0x80024d6a
core   0: 0x80005208 (0x01321fb3) sll     t6, tp, s3
core   0: 3 0x80005208 (0x01321fb3) x31 0x00000002
core   0: 0x8000520c (0x27fbb013) sltiu   zero, s7, 639
core   0: 3 0x8000520c (0x27fbb013)
core   0: 0x80005210 (0x12cf8393) addi    t2, t6, 300
core   0: 3 0x80005210 (0x12cf8393) x 7 0x0000012e
core   0: 0x80005214 (0x40f9d613) srai    a2, s3, 15
core   0: 3 0x80005214 (0x40f9d613) x12 0x00000000
core   0: 0x80005218 (0xfce490e3) bne     s1, a4, pc - 64
core   0: 3 0x80005218 (0xfce490e3)
core   0: 0x800051d8 (0x00e46d17) auipc   s10, 0xe46
core   0: 3 0x800051d8 (0x00e46d17) x26 0x80e4b1d8
core   0: 0x800051dc (0x40695433) sra     s0, s2, t1
core   0: 3 0x800051dc (0x40695433) x 8 0x00000000
core   0: 0x800051e0 (0x007b9433) sll     s0, s7, t2
core   0: 3 0x800051e0 (0x007b9433) x 8 0x00030000
core   0: 0x800051e4 (0x01e1b9b3) sltu    s3, gp, t5
core   0: 3 0x800051e4 (0x01e1b9b3) x19 0x00000001
core   0: 0x800051e8 (0xda8b1117) auipc   sp, 0xda8b1
core   0: 3 0x800051e8 (0xda8b1117) x 2 0x5a8b61e8
core   0: 0x800051ec (0x01dc61b3) or      gp, s8, t4
core   0: 3 0x800051ec (0x01dc61b3) x 3 0xffffffff
core   0: 0x800051f0 (0x410ed193) srai    gp, t4, 16
core   0: 3 0x800051f0 (0x410ed193) x 3 0x00000000
core   0: 0x800051f4 (0xf864f137) lui     sp, 0xf864f
core   0: 3 0x800051f4 (0xf864f137) x 2 0xf864f000
core   0: 0x800051f8 (0x00148493) addi    s1, s1, 1
core   0: 3 0x800051f8 (0x00148493) x 9 0x00000010
core   0: 0x800051fc (0x4b83f093) andi    ra, t2, 1208
core   0: 3 0x800051fc (0x4b83f093) x 1 0x00000028
core   0: 0x80005200 (0x0ff0000f) fence   iorw,iorw
core   0: 3 0x80005200 (0x0ff0000f)
core   0: 0x80005204 (0x01524e33) xor     t3, tp, s5
core   0: 3 0x80005204 (0x01524e33) x28 0x80024d6a
core   0: 0x80005208 (0x01321fb3) sll     t6, tp, s3
core   0: 3 0x80005208 (0x01321fb3) x31 0x00000002
core   0: 0x8000520c (0x27fbb013) sltiu   zero, s7, 639
core   0: 3 0x8000520c (0x27fbb013)
core   0: 0x80005210 (0x12cf8393) addi    t2, t6, 300
core   0: 3 0x80005210 (0x12cf8393) x 7 0x0000012e
core   0: 0x80005214 (0x40f9d613) srai    a2, s3, 15
core   0: 3 0x80005214 (0x40f9d613) x12 0x00000000
core   0: 0x80005218 (0xfce490e3) bne     s1, a4, pc - 64
core   0: 3 0x80005218 (0xfce490e3)
core   0: 0x8000521c (0x01679033) sll     zero, a5, s6
core   0: 3 0x8000521c (0x01679033)
core   0: 0x80005220 (0xff700b13) li      s6, -9
core   0: 3 0x80005220 (0xff700b13) x22 0xfffffff7
core   0: 0x80005224 (0x6e55f313) andi    t1, a1, 1765
core   0: 3 0x80005224 (0x6e55f313) x 6 0x00000000
core   0: 0x80005228 (0xdafec0b7) lui     ra, 0xdafec
core   0: 3 0x80005228 (0xdafec0b7) x 1 0xdafec000
core   0: 0x8000522c (0xfec00913) li      s2, -20
core   0: 3 0x8000522c (0xfec00913) x18 0xffffffec
core   0: 0x80005230 (0x41b68533) sub     a0, a3, s11
core   0: 3 0x80005230 (0x41b68533) x10 0x00000002
core   0: 0x80005234 (0xff7b0b13) addi    s6, s6, -9
core   0: 3 0x80005234 (0xff7b0b13) x22 0xffffffee
core   0: 0x80005238 (0x41295213) srai    tp, s2, 18
core   0: 3 0x80005238 (0x41295213) x 4 0xffffffff
core   0: 0x8000523c (0x00b5ca33) xor     s4, a1, a1
core   0: 3 0x8000523c (0x00b5ca33) x20 0x00000000
core   0: 0x80005240 (0x40e25f33) sra     t5, tp, a4
core   0: 3 0x80005240 (0x40e25f33) x30 0xffffffff
core   0: 0x80005244 (0x6c1b4113) xori    sp, s6, 1729
core   0: 3 0x80005244 (0x6c1b4113) x 2 0xfffff92f
core   0: 0x80005248 (0x62e96537) lui     a0, 0x62e96
core   0: 3 0x80005248 (0x62e96537) x10 0x62e96000
core   0: 0x8000524c (0x00000013) nop
core   0: 3 0x8000524c (0x00000013)
core   0: 0x80005250 (0xffa00293) li      t0, -6
core   0: 3 0x80005250 (0xffa00293) x 5 0xfffffffa
core   0: 0x80005254 (0x01200593) li      a1, 18
core   0: 3 0x80005254 (0x01200593) x11 0x00000012
core   0: 0x80005258 (0x01d1ca33) xor     s4, gp, t4
core   0: 3 0x80005258 (0x01d1ca33) x20 0x00000000
core   0: 0x8000525c (0xbf88c513) xori    a0, a7, -1032
core   0: 3 0x8000525c (0xbf88c513) x10 0x7ffd771c
core   0: 0x80005260 (0x08670113) addi    sp, a4, 134
core   0: 3 0x80005260 (0x08670113) x 2 0x00000096
core   0: 0x80005264 (0x0108d533) srl     a0, a7, a6
core   0: 3 0x80005264 (0x0108d533) x10 0x80028ce4
core   0: 0x80005268 (0x419ad413) srai    s0, s5, 25
core   0: 3 0x80005268 (0x419ad413) x 8 0xffffffc0
core   0: 0x8000526c (0x00928293) addi    t0, t0, 9
core   0: 3 0x8000526c (0x00928293) x 5 0x00000003
core   0: 0x80005270 (0xfeb2c8e3) blt     t0, a1, pc - 16
core   0: 3 0x80005270 (0xfeb2c8e3)
core   0: 0x80005260 (0x08670113) addi    sp, a4, 134
core   0: 3 0x80005260 (0x08670113) x 2 0x00000096
core   0: 0x80005264 (0x0108d533) srl     a0, a7, a6
core   0: 3 0x80005264 (0x0108d533) x10 0x80028ce4
core   0: 0x80005268 (0x419ad413) srai    s0, s5, 25
core   0: 3 0x80005268 (0x419ad413) x 8 0xffffffc0
core   0: 0x8000526c (0x00928293) addi    t0, t0, 9
core   0: 3 0x8000526c (0x00928293) x 5 0x0000000c
core   0: 0x80005270 (0xfeb2c8e3) blt     t0, a1, pc - 16
core   0: 3 0x80005270 (0xfeb2c8e3)
core   0: 0x80005260 (0x08670113) addi    sp, a4, 134
core   0: 3 0x80005260 (0x08670113) x 2 0x00000096
core   0: 0x80005264 (0x0108d533) srl     a0, a7, a6
core   0: 3 0x80005264 (0x0108d533) x10 0x80028ce4
core   0: 0x80005268 (0x419ad413) srai    s0, s5, 25
core   0: 3 0x80005268 (0x419ad413) x 8 0xffffffc0
core   0: 0x8000526c (0x00928293) addi    t0, t0, 9
core   0: 3 0x8000526c (0x00928293) x 5 0x00000015
core   0: 0x80005270 (0xfeb2c8e3) blt     t0, a1, pc - 16
core   0: 3 0x80005270 (0xfeb2c8e3)
core   0: 0x80005274 (0x36722493) slti    s1, tp, 871
core   0: 3 0x80005274 (0x36722493) x 9 0x00000001
core   0: 0x80005278 (0xfb2b5ce3) bge     s6, s2, pc - 72
core   0: 3 0x80005278 (0xfb2b5ce3)
core   0: 0x80005230 (0x41b68533) sub     a0, a3, s11
core   0: 3 0x80005230 (0x41b68533) x10 0x00000002
core   0: 0x80005234 (0xff7b0b13) addi    s6, s6, -9
core   0: 3 0x80005234 (0xff7b0b13) x22 0xffffffe5
core   0: 0x80005238 (0x41295213) srai    tp, s2, 18
core   0: 3 0x80005238 (0x41295213) x 4 0xffffffff
core   0: 0x8000523c (0x00b5ca33) xor     s4, a1, a1
core   0: 3 0x8000523c (0x00b5ca33) x20 0x00000000
core   0: 0x80005240 (0x40e25f33) sra     t5, tp, a4
core   0: 3 0x80005240 (0x40e25f33) x30 0xffffffff
core   0: 0x80005244 (0x6c1b4113) xori    sp, s6, 1729
core   0: 3 0x80005244 (0x6c1b4113) x 2 0xfffff924
core   0: 0x80005248 (0x62e96537) lui     a0, 0x62e96
core   0: 3 0x80005248 (0x62e96537) x10 0x62e96000
core   0: 0x8000524c (0x00000013) nop
core   0: 3 0x8000524c (0x00000013)
core   0: 0x80005250 (0xffa00293) li      t0, -6
core   0: 3 0x80005250 (0xffa00293) x 5 0xfffffffa
core   0: 0x80005254 (0x01200593) li      a1, 18
core   0: 3 0x80005254 (0x01200593) x11 0x00000012
core   0: 0x80005258 (0x01d1ca33) xor     s4, gp, t4
core   0: 3 0x80005258 (0x01d1ca33) x20 0x00000000
core   0: 0x8000525c (0xbf88c513) xori    a0, a7, -1032
core   0: 3 0x8000525c (0xbf88c513) x10 0x7ffd771c
core   0: 0x80005260 (0x08670113) addi    sp, a4, 134
core   0: 3 0x80005260 (0x08670113) x 2 0x00000096
core   0: 0x80005264 (0x0108d533) srl     a0, a7, a6
core   0: 3 0x80005264 (0x0108d533) x10 0x80028ce4
core   0: 0x80005268 (0x419ad413) srai    s0, s5, 25
core   0: 3 0x80005268 (0x419ad413) x 8 0xffffffc0
core   0: 0x8000526c (0x00928293) addi    t0, t0, 9
core   0: 3 0x8000526c (0x00928293) x 5 0x00000003
core   0: 0x80005270 (0xfeb2c8e3) blt     t0, a1, pc - 16
core   0: 3 0x80005270 (0xfeb2c8e3)
core   0: 0x80005260 (0x08670113) addi    sp, a4, 134
core   0: 3 0x80005260 (0x08670113) x 2 0x00000096
core   0: 0x80005264 (0x0108d533) srl     a0, a7, a6
core   0: 3 0x80005264 (0x0108d533) x10 0x80028ce4
core   0: 0x80005268 (0x419ad413) srai    s0, s5, 25
core   0: 3 0x80005268 (0x419ad413) x 8 0xffffffc0
core   0: 0x8000526c (0x00928293) addi    t0, t0, 9
core   0: 3 0x8000526c (0x00928293) x 5 0x0000000c
core   0: 0x80005270 (0xfeb2c8e3) blt     t0, a1, pc - 16
core   0: 3 0x80005270 (0xfeb2c8e3)
core   0: 0x80005260 (0x08670113) addi    sp, a4, 134
core   0: 3 0x80005260 (0x08670113) x 2 0x00000096
core   0: 0x80005264 (0x0108d533) srl     a0, a7, a6
core   0: 3 0x80005264 (0x0108d533) x10 0x80028ce4
core   0: 0x80005268 (0x419ad413) srai    s0, s5, 25
core   0: 3 0x80005268 (0x419ad413) x 8 0xffffffc0
core   0: 0x8000526c (0x00928293) addi    t0, t0, 9
core   0: 3 0x8000526c (0x00928293) x 5 0x00000015
core   0: 0x80005270 (0xfeb2c8e3) blt     t0, a1, pc - 16
core   0: 3 0x80005270 (0xfeb2c8e3)
core   0: 0x80005274 (0x36722493) slti    s1, tp, 871
core   0: 3 0x80005274 (0x36722493) x 9 0x00000001
core   0: 0x80005278 (0xfb2b5ce3) bge     s6, s2, pc - 72
core   0: 3 0x80005278 (0xfb2b5ce3)
core   0: 0x8000527c (0x9113e613) ori     a2, t2, -1775
core   0: 3 0x8000527c (0x9113e613) x12 0xfffff93f
core   0: 0x80005280 (0x00800593) li      a1, 8
core   0: 3 0x80005280 (0x00800593) x11 0x00000008
core   0: 0x80005284 (0x00f00613) li      a2, 15
core   0: 3 0x80005284 (0x00f00613) x12 0x0000000f
core   0: 0x80005288 (0x5e987e93) andi    t4, a6, 1513
core   0: 3 0x80005288 (0x5e987e93) x29 0x00000000
core   0: 0x8000528c (0x00d3b233) sltu    tp, t2, a3
core   0: 3 0x8000528c (0x00d3b233) x 4 0x00000000
core   0: 0x80005290 (0x0ff0000f) fence   iorw,iorw
core   0: 3 0x80005290 (0x0ff0000f)
core   0: 0x80005294 (0x00158593) addi    a1, a1, 1
core   0: 3 0x80005294 (0x00158593) x11 0x00000009
core   0: 0x80005298 (0x00100093) li      ra, 1
core   0: 3 0x80005298 (0x00100093) x 1 0x00000001
core   0: 0x8000529c (0xe5244d13) xori    s10, s0, -430
core   0: 3 0x8000529c (0xe5244d13) x26 0x00000192
core   0: 0x800052a0 (0xff800c13) li      s8, -8
core   0: 3 0x800052a0 (0xff800c13) x24 0xfffffff8
core   0: 0x800052a4 (0x24d95697) auipc   a3, 0x24d95
core   0: 3 0x800052a4 (0x24d95697) x13 0xa4d9a2a4
core   0: 0x800052a8 (0xffb08093) addi    ra, ra, -5
core   0: 3 0x800052a8 (0xffb08093) x 1 0xfffffffc
core   0: 0x800052ac (0xff80dce3) bge     ra, s8, pc - 8
core   0: 3 0x800052ac (0xff80dce3)
core   0: 0x800052a4 (0x24d95697) auipc   a3, 0x24d95
core   0: 3 0x800052a4 (0x24d95697) x13 0xa4d9a2a4
core   0: 0x800052a8 (0xffb08093) addi    ra, ra, -5
core   0: 3 0x800052a8 (0xffb08093) x 1 0xfffffff7
core   0: 0x800052ac (0xff80dce3) bge     ra, s8, pc - 8
core   0: 3 0x800052ac (0xff80dce3)
core   0: 0x800052b0 (0xfcc58ee3) beq     a1, a2, pc - 36
core   0: 3 0x800052b0 (0xfcc58ee3)
core   0: 0x800052b4 (0x40db83b3) sub     t2, s7, a3
core   0: 3 0x800052b4 (0x40db83b3) x 7 0x5b265d68
core   0: 0x800052b8 (0x0360e063) bltu    ra, s6, pc + 32
core   0: 3 0x800052b8 (0x0360e063)
core   0: 0x800052bc (0x41dad333) sra     t1, s5, t4
core   0: 3 0x800052bc (0x41dad333) x 6 0x80024d6b
core   0: 0x800052c0 (0x01d55193) srli    gp, a0, 29
core   0: 3 0x800052c0 (0x01d55193) x 3 0x00000004
core   0: 0x800052c4 (0x7e652393) slti    t2, a0, 2022
core   0: 3 0x800052c4 (0x7e652393) x 7 0x00000001
core   0: 0x800052c8 (0x019ebb33) sltu    s6, t4, s9
core   0: 3 0x800052c8 (0x019ebb33) x22 0x00000001
core   0: 0x800052cc (0xe3e2af13) slti    t5, t0, -450
core   0: 3 0x800052cc (0xe3e2af13) x30 0x00000000
core   0: 0x800052d0 (0x01e97863) bgeu    s2, t5, pc + 16
core   0: 3 0x800052d0 (0x01e97863)
core   0: 0x800052e0 (0x28b60713) addi    a4, a2, 651
core   0: 3 0x800052e0 (0x28b60713) x14 0x0000029a
core   0: 0x800052e4 (0x00e53733) sltu    a4, a0, a4
core   0: 3 0x800052e4 (0x00e53733) x14 0x00000000
core   0: 0x800052e8 (0xe183ea13) ori     s4, t2, -488
core   0: 3 0x800052e8 (0xe183ea13) x20 0xfffffe19
core   0: 0x800052ec (0x0ff0000f) fence   iorw,iorw
core   0: 3 0x800052ec (0x0ff0000f)
core   0: 0x800052f0 (0x0000100f) fence.i
core   0: 3 0x800052f0 (0x0000100f)
core   0: 0x800052f4 (0x0000100f) fence.i
core   0: 3 0x800052f4 (0x0000100f)
core   0: 0x800052f8 (0x022a7863) bgeu    s4, sp, pc + 48
core   0: 3 0x800052f8 (0x022a7863)
core   0: 0x80005328 (0x00975633) srl     a2, a4, s1
core   0: 3 0x80005328 (0x00975633) x12 0x00000000
core   0: 0x8000532c (0x04780463) beq     a6, t2, pc + 72
core   0: 3 0x8000532c (0x04780463)
core   0: 0x80005330 (0x8333f013) andi    zero, t2, -1997
core   0: 3 0x80005330 (0x8333f013)
core   0: 0x80005334 (0x0562e663) bltu    t0, s6, pc + 76
core   0: 3 0x80005334 (0x0562e663)
core   0: 0x80005338 (0x033d7c63) bgeu    s10, s3, pc + 56
core   0: 3 0x80005338 (0x033d7c63)
core   0: 0x80005370 (0x62947a93) andi    s5, s0, 1577
core   0: 3 0x80005370 (0x62947a93) x21 0x00000600
core   0: 0x80005374 (0xe6ec8b13) addi    s6, s9, -402
core   0: 3 0x80005374 (0xe6ec8b13) x22 0xe0a66032
core   0: 0x80005378 (0xd93c2413) slti    s0, s8, -621
core   0: 3 0x80005378 (0xd93c2413) x 8 0x00000000
core   0: 0x8000537c (0x00f41213) slli    tp, s0, 15
core   0: 3 0x8000537c (0x00f41213) x 4 0x00000000
core   0: 0x80005380 (0x00755263) bge     a0, t2, pc + 4
core   0: 3 0x80005380 (0x00755263)
core   0: 0x80005384 (0x43f16413) ori     s0, sp, 1087
core   0: 3 0x80005384 (0x43f16413) x 8 0x000004bf
core   0: 0x80005388 (0x0c2b6b13) ori     s6, s6, 194
core   0: 3 0x80005388 (0x0c2b6b13) x22 0xe0a660f2
core   0: 0x8000538c (0x056dc463) blt     s11, s6, pc + 72
core   0: 3 0x8000538c (0x056dc463)
core   0: 0x80005390 (0x5ac16c93) ori     s9, sp, 1452
core   0: 3 0x80005390 (0x5ac16c93) x25 0x000005be
core   0: 0x80005394 (0x6faf0e37) lui     t3, 0x6faf0
core   0: 3 0x80005394 (0x6faf0e37) x28 0x6faf0000
core   0: 0x80005398 (0x01a9cdb3) xor     s11, s3, s10
core   0: 3 0x80005398 (0x01a9cdb3) x27 0x00000193
core   0: 0x8000539c (0x01e95033) srl     zero, s2, t5
core   0: 3 0x8000539c (0x01e95033)
core   0: 0x800053a0 (0x927f2f13) slti    t5, t5, -1753
core   0: 3 0x800053a0 (0x927f2f13) x30 0x00000000
core   0: 0x800053a4 (0x005636b3) sltu    a3, a2, t0
core   0: 3 0x800053a4 (0x005636b3) x13 0x00000001
core   0: 0x800053a8 (0x059f8663) beq     t6, s9, pc + 76
core   0: 3 0x800053a8 (0x059f8663)
core   0: 0x800053ac (0x26f7b0b7) lui     ra, 0x26f7b
core   0: 3 0x800053ac (0x26f7b0b7) x 1 0x26f7b000
core   0: 0x800053b0 (0xd0b76413) ori     s0, a4, -757
core   0: 3 0x800053b0 (0xd0b76413) x 8 0xfffffd0b
core   0: 0x800053b4 (0x00afee63) bltu    t6, a0, pc + 28
core   0: 3 0x800053b4 (0x00afee63)
core   0: 0x800053d0 (0x018a81b3) add     gp, s5, s8
core   0: 3 0x800053d0 (0x018a81b3) x 3 0x000005f8
core   0: 0x800053d4 (0xebda7f13) andi    t5, s4, -323
core   0: 3 0x800053d4 (0xebda7f13) x30 0xfffffe19
core   0: 0x800053d8 (0x057f9463) bne     t6, s7, pc + 72
core   0: 3 0x800053d8 (0x057f9463)
core   0: 0x80005420 (0x040d1463) bnez    s10, pc + 72
core   0: 3 0x80005420 (0x040d1463)
core   0: 0x80005468 (0x0446de63) bge     a3, tp, pc + 92
core   0: 3 0x80005468 (0x0446de63)
core   0: 0x800054c4 (0xa5eb0713) addi    a4, s6, -1442
core   0: 3 0x800054c4 (0xa5eb0713) x14 0xe0a65b50
core   0: 0x800054c8 (0x00c160b3) or      ra, sp, a2
core   0: 3 0x800054c8 (0x00c160b3) x 1 0x00000096
core   0: 0x800054cc (0x00fd4ab3) xor     s5, s10, a5
core   0: 3 0x800054cc (0x00fd4ab3) x21 0x80024f96
core   0: 0x800054d0 (0x016f1e93) slli    t4, t5, 22
core   0: 3 0x800054d0 (0x016f1e93) x29 0x86400000
core   0: 0x800054d4 (0x631ac193) xori    gp, s5, 1585
core   0: 3 0x800054d4 (0x631ac193) x 3 0x800249a7
core   0: 0x800054d8 (0x006a1493) slli    s1, s4, 6
core   0: 3 0x800054d8 (0x006a1493) x 9 0xffff8640
core   0: 0x800054dc (0x00c069b3) or      s3, zero, a2
core   0: 3 0x800054dc (0x00c069b3) x19 0x00000000
core   0: 0x800054e0 (0x407c53b3) sra     t2, s8, t2
core   0: 3 0x800054e0 (0x407c53b3) x 7 0xfffffffc
core   0: 0x800054e4 (0x012ead33) slt     s10, t4, s2
core   0: 3 0x800054e4 (0x012ead33) x26 0x00000001
core   0: 0x800054e8 (0x006fdb13) srli    s6, t6, 6
core   0: 3 0x800054e8 (0x006fdb13) x22 0x00000000
core   0: 0x800054ec (0x01f1e263) bltu    gp, t6, pc + 4
core   0: 3 0x800054ec (0x01f1e263)
core   0: 0x800054f0 (0x00293db3) sltu    s11, s2, sp
core   0: 3 0x800054f0 (0x00293db3) x27 0x00000000
core   0: 0x800054f4 (0x0107d393) srli    t2, a5, 16
core   0: 3 0x800054f4 (0x0107d393) x 7 0x00008002
core   0: 0x800054f8 (0x016b7c63) bgeu    s6, s6, pc + 24
core   0: 3 0x800054f8 (0x016b7c63)
core   0: 0x80005510 (0x02585863) bge     a6, t0, pc + 48
core   0: 3 0x80005510 (0x02585863)
core   0: 0x80005514 (0x010a5713) srli    a4, s4, 16
core   0: 3 0x80005514 (0x010a5713) x14 0x0000ffff
core   0: 0x80005518 (0x002e0733) add     a4, t3, sp
core   0: 3 0x80005518 (0x002e0733) x14 0x6faf0096
core   0: 0x8000551c (0x0128da33) srl     s4, a7, s2
core   0: 3 0x8000551c (0x0128da33) x20 0x00080028
core   0: 0x80005520 (0x0321ec63) bltu    gp, s2, pc + 56
core   0: 3 0x80005520 (0x0321ec63)
core   0: 0x80005558 (0x04e57663) bgeu    a0, a4, pc + 76
core   0: 3 0x80005558 (0x04e57663)
core   0: 0x800055a4 (0x2939bc13) sltiu   s8, s3, 659
core   0: 3 0x800055a4 (0x2939bc13) x24 0x00000001
core   0: 0x800055a8 (0x38862413) slti    s0, a2, 904
core   0: 3 0x800055a8 (0x38862413) x 8 0x00000001
core   0: 0x800055ac (0x00600713) li      a4, 6
core   0: 3 0x800055ac (0x00600713) x14 0x00000006
core   0: 0x800055b0 (0x0000100f) fence.i
core   0: 3 0x800055b0 (0x0000100f)
core   0: 0x800055b4 (0x00a00b93) li      s7, 10
core   0: 3 0x800055b4 (0x00a00b93) x23 0x0000000a
core   0: 0x800055b8 (0x7230aa93) slti    s5, ra, 1827
core   0: 3 0x800055b8 (0x7230aa93) x21 0x00000001
core   0: 0x800055bc (0x01f1e2b3) or      t0, gp, t6
core   0: 3 0x800055bc (0x01f1e2b3) x 5 0x800249a7
core   0: 0x800055c0 (0x95c7af17) auipc   t5, 0x95c7a
core   0: 3 0x800055c0 (0x95c7af17) x30 0x15c7f5c0
core   0: 0x800055c4 (0x01cd34b3) sltu    s1, s10, t3
core   0: 3 0x800055c4 (0x01cd34b3) x 9 0x00000001
core   0: 0x800055c8 (0x1bda0393) addi    t2, s4, 445
core   0: 3 0x800055c8 (0x1bda0393) x 7 0x000801e5
core   0: 0x800055cc (0x005bcf33) xor     t5, s7, t0
core   0: 3 0x800055cc (0x005bcf33) x30 0x800249ad
core   0: 0x800055d0 (0x41c08333) sub     t1, ra, t3
core   0: 3 0x800055d0 (0x41c08333) x 6 0x90510096
core   0: 0x800055d4 (0x00f559b3) srl     s3, a0, a5
core   0: 3 0x800055d4 (0x00f559b3) x19 0x080028ce
core   0: 0x800055d8 (0x00000013) nop
core   0: 3 0x800055d8 (0x00000013)
core   0: 0x800055dc (0x90217eb7) lui     t4, 0x90217
core   0: 3 0x800055dc (0x90217eb7) x29 0x90217000
core   0: 0x800055e0 (0x00a70713) addi    a4, a4, 10
core   0: 3 0x800055e0 (0x00a70713) x14 0x00000010
core   0: 0x800055e4 (0x00ddcfb3) xor     t6, s11, a3
core   0: 3 0x800055e4 (0x00ddcfb3) x31 0x00000001
core   0: 0x800055e8 (0x004e3633) sltu    a2, t3, tp
core   0: 3 0x800055e8 (0x004e3633) x12 0x00000000
core   0: 0x800055ec (0x406589b3) sub     s3, a1, t1
core   0: 3 0x800055ec (0x406589b3) x19 0x6faeff73
core   0: 0x800055f0 (0xff900593) li      a1, -7
core   0: 3 0x800055f0 (0xff900593) x11 0xfffffff9
core   0: 0x800055f4 (0x00246ab3) or      s5, s0, sp
core   0: 3 0x800055f4 (0x00246ab3) x21 0x00000097
core   0: 0x800055f8 (0x00046e13) ori     t3, s0, 0
core   0: 3 0x800055f8 (0x00046e13) x28 0x00000001
core   0: 0x800055fc (0x011b1133) sll     sp, s6, a7
core   0: 3 0x800055fc (0x011b1133) x 2 0x00000000
core   0: 0x80005600 (0x0c7e10b7) lui     ra, 0xc7e1
core   0: 3 0x80005600 (0x0c7e10b7) x 1 0x0c7e1000
core   0: 0x80005604 (0xea9e8513) addi    a0, t4, -343
core   0: 3 0x80005604 (0xea9e8513) x10 0x90216ea9
core   0: 0x80005608 (0x015c21b3) slt     gp, s8, s5
core   0: 3 0x80005608 (0x015c21b3) x 3 0x00000001
core   0: 0x8000560c (0x01a2d393) srli    t2, t0, 26
core   0: 3 0x8000560c (0x01a2d393) x 7 0x00000020
core   0: 0x80005610 (0xff200913) li      s2, -14
core   0: 3 0x80005610 (0xff200913) x18 0xfffffff2
core   0: 0x80005614 (0x013709b3) add     s3, a4, s3
core   0: 3 0x80005614 (0x013709b3) x19 0x6faeff83
core   0: 0x80005618 (0xa0c18197) auipc   gp, 0xa0c18
core   0: 3 0x80005618 (0xa0c18197) x 3 0x20c1d618
core   0: 0x8000561c (0x0ff0000f) fence   iorw,iorw
core   0: 3 0x8000561c (0x0ff0000f)
core   0: 0x80005620 (0xff958593) addi    a1, a1, -7
core   0: 3 0x80005620 (0xff958593) x11 0xfffffff2
core   0: 0x80005624 (0x00000013) nop
core   0: 3 0x80005624 (0x00000013)
core   0: 0x80005628 (0xff2598e3) bne     a1, s2, pc - 16
core   0: 3 0x80005628 (0xff2598e3)
core   0: 0x8000562c (0xf9774ae3) blt     a4, s7, pc - 108
core   0: 3 0x8000562c (0xf9774ae3)
core   0: 0x80005630 (0x0ff0000f) fence   iorw,iorw
core   0: 3 0x80005630 (0x0ff0000f)
core   0: 0x80005634 (0x01e35863) bge     t1, t5, pc + 16
core   0: 3 0x80005634 (0x01e35863)
core   0: 0x80005644 (0x402f02b3) sub     t0, t5, sp
core   0: 3 0x80005644 (0x402f02b3) x 5 0x800249ad
core   0: 0x80005648 (0x9f348e13) addi    t3, s1, -1549
core   0: 3 0x80005648 (0x9f348e13) x28 0xfffff9f4
core   0: 0x8000564c (0x01366bb3) or      s7, a2, s3
core   0: 3 0x8000564c (0x01366bb3) x23 0x6faeff83
core   0: 0x80005650 (0x03038397) auipc   t2, 0x3038
core   0: 3 0x80005650 (0x03038397) x 7 0x8303d650
core   0: 0x80005654 (0x0000100f) fence.i
core   0: 3 0x80005654 (0x0000100f)
core   0: 0x80005658 (0x0dd0f613) andi    a2, ra, 221
core   0: 3 0x80005658 (0x0dd0f613) x12 0x00000000
core   0: 0x8000565c (0x002416b3) sll     a3, s0, sp
core   0: 3 0x8000565c (0x002416b3) x13 0x00000001
core   0: 0x80005660 (0x012b5113) srli    sp, s6, 18
core   0: 3 0x80005660 (0x012b5113) x 2 0x00000000
core   0: 0x80005664 (0x00174263) blt     a4, ra, pc + 4
core   0: 3 0x80005664 (0x00174263)
core   0: 0x80005668 (0xffd84e13) xori    t3, a6, -3
core   0: 3 0x80005668 (0xffd84e13) x28 0x7ffffffd
core   0: 0x8000566c (0x00e39613) slli    a2, t2, 14
core   0: 3 0x8000566c (0x00e39613) x12 0xf5940000
core   0: 0x80005670 (0x6c72de37) lui     t3, 0x6c72d
core   0: 3 0x80005670 (0x6c72de37) x28 0x6c72d000
core   0: 0x80005674 (0xd9ab2113) slti    sp, s6, -614
core   0: 3 0x80005674 (0xd9ab2113) x 2 0x00000000
core   0: 0x80005678 (0x00d88ab3) add     s5, a7, a3
core   0: 3 0x80005678 (0x00d88ab3) x21 0x80028ce5
core   0: 0x8000567c (0x36c0a413) slti    s0, ra, 876
core   0: 3 0x8000567c (0x36c0a413) x 8 0x00000000
core   0: 0x80005680 (0x00047e33) and     t3, s0, zero
core   0: 3 0x80005680 (0x00047e33) x28 0x00000000
core   0: 0x80005684 (0xb0873f13) sltiu   t5, a4, -1272
core   0: 3 0x80005684 (0xb0873f13) x30 0x00000001
core   0: 0x80005688 (0x036ecf93) xori    t6, t4, 54
core   0: 3 0x80005688 (0x036ecf93) x31 0x90217036
core   0: 0x8000568c (0x89f57493) andi    s1, a0, -1889
core   0: 3 0x8000568c (0x89f57493) x 9 0x90216889
core   0: 0x80005690 (0x2bd7ca93) xori    s5, a5, 701
core   0: 3 0x80005690 (0x2bd7ca93) x21 0x80024cb9
core   0: 0x80005694 (0x00270263) beq     a4, sp, pc + 4
core   0: 3 0x80005694 (0x00270263)
core   0: 0x80005698 (0x00000013) nop
core   0: 3 0x80005698 (0x00000013)
core   0: 0x8000569c (0x743dcd13) xori    s10, s11, 1859
core   0: 3 0x8000569c (0x743dcd13) x26 0x00000743
core   0: 0x800056a0 (0x000e90b3) sll     ra, t4, zero
core   0: 3 0x800056a0 (0x000e90b3) x 1 0x90217000
core   0: 0x800056a4 (0x012e7fb3) and     t6, t3, s2
core   0: 3 0x800056a4 (0x012e7fb3) x31 0x00000000
core   0: 0x800056a8 (0x00000013) nop
core   0: 3 0x800056a8 (0x00000013)
core   0: 0x800056ac (0x015b9293) slli    t0, s7, 21
core   0: 3 0x800056ac (0x015b9293) x 5 0xf0600000
core   0: 0x800056b0 (0x06d08a63) beq     ra, a3, pc + 116
core   0: 3 0x800056b0 (0x06d08a63)
core   0: 0x800056b4 (0x41a40f33) sub     t5, s0, s10
core   0: 3 0x800056b4 (0x41a40f33) x30 0xfffff8bd
core   0: 0x800056b8 (0x0000100f) fence.i
core   0: 3 0x800056b8 (0x0000100f)
core   0: 0x800056bc (0xabbc2e93) slti    t4, s8, -1349
core   0: 3 0x800056bc (0xabbc2e93) x29 0x00000000
core   0: 0x800056c0 (0x04209e63) bne     ra, sp, pc + 92
core   0: 3 0x800056c0 (0x04209e63)
core   0: 0x8000571c (0x01179cb3) sll     s9, a5, a7
core   0: 3 0x8000571c (0x01179cb3) x25 0x0024e040
core   0: 0x80005720 (0x0000100f) fence.i
core   0: 3 0x80005720 (0x0000100f)
core   0: 0x80005724 (0x00f14233) xor     tp, sp, a5
core   0: 3 0x80005724 (0x00f14233) x 4 0x80024e04
core   0: 0x80005728 (0x41b9d933) sra     s2, s3, s11
core   0: 3 0x80005728 (0x41b9d933) x18 0x6faeff83
core   0: 0x8000572c (0x04717463) bgeu    sp, t2, pc + 72
core   0: 3 0x8000572c (0x04717463)
core   0: 0x80005730 (0x00000013) nop
core   0: 3 0x80005730 (0x00000013)
core   0: 0x80005734 (0x03fd6863) bltu    s10, t6, pc + 48
core   0: 3 0x80005734 (0x03fd6863)
core   0: 0x80005738 (0xea8a9c37) lui     s8, 0xea8a9
core   0: 3 0x80005738 (0xea8a9c37) x24 0xea8a9000
core   0: 0x8000573c (0x03184c63) blt     a6, a7, pc + 56
core   0: 3 0x8000573c (0x03184c63)
core   0: 0x80005774 (0x00d42b33) slt     s6, s0, a3
core   0: 3 0x80005774 (0x00d42b33) x22 0x00000001
core   0: 0x80005778 (0x0032b3b3) sltu    t2, t0, gp
core   0: 3 0x80005778 (0x0032b3b3) x 7 0x00000000
core   0: 0x8000577c (0x41c15433) sra     s0, sp, t3
core   0: 3 0x8000577c (0x41c15433) x 8 0x00000000
core   0: 0x80005780 (0x0118df93) srli    t6, a7, 17
core   0: 3 0x80005780 (0x0118df93) x31 0x00004001
core   0: 0x80005784 (0x05300663) beq     zero, s3, pc + 76
core   0: 3 0x80005784 (0x05300663)
core   0: 0x80005788 (0x009760b3) or      ra, a4, s1
core   0: 3 0x80005788 (0x009760b3) x 1 0x90216899
core   0: 0x8000578c (0x0ff0000f) fence   iorw,iorw
core   0: 3 0x8000578c (0x0ff0000f)
core   0: 0x80005790 (0x00000013) nop
core   0: 3 0x80005790 (0x00000013)
core   0: 0x80005794 (0x040c4863) bltz    s8, pc + 80
core   0: 3 0x80005794 (0x040c4863)
core   0: 0x800057e4 (0x00c659b3) srl     s3, a2, a2
core   0: 3 0x800057e4 (0x00c659b3) x19 0xf5940000
core   0: 0x800057e8 (0x9f45bc13) sltiu   s8, a1, -1548
core   0: 3 0x800057e8 (0x9f45bc13) x24 0x00000000
core   0: 0x800057ec (0x005fd613) srli    a2, t6, 5
core   0: 3 0x800057ec (0x005fd613) x12 0x00000200
core   0: 0x800057f0 (0x00f84733) xor     a4, a6, a5
core   0: 3 0x800057f0 (0x00f84733) x14 0x00024e04
core   0: 0x800057f4 (0x3d37f213) andi    tp, a5, 979
core   0: 3 0x800057f4 (0x3d37f213) x 4 0x00000200
core   0: 0x800057f8 (0x00551633) sll     a2, a0, t0
core   0: 3 0x800057f8 (0x00551633) x12 0x90216ea9
core   0: 0x800057fc (0x011f72b3) and     t0, t5, a7
core   0: 3 0x800057fc (0x011f72b3) x 5 0x800288a4
core   0: 0x80005800 (0x01b54db3) xor     s11, a0, s11
core   0: 3 0x80005800 (0x01b54db3) x27 0x90216ea9
core   0: 0x80005804 (0x1fb84e17) auipc   t3, 0x1fb84
core   0: 3 0x80005804 (0x1fb84e17) x28 0x9fb89804
core   0: 0x80005808 (0xa9ad7493) andi    s1, s10, -1382
core   0: 3 0x80005808 (0xa9ad7493) x 9 0x00000202
core   0: 0x8000580c (0x006ea033) slt     zero, t4, t1
core   0: 3 0x8000580c (0x006ea033)
core   0: 0x80005810 (0xff897d13) andi    s10, s2, -8
core   0: 3 0x80005810 (0xff897d13) x26 0x6faeff80
core   0: 0x80005814 (0x00000013) nop
core   0: 3 0x80005814 (0x00000013)
core   0: 0x80005818 (0x005e3eb3) sltu    t4, t3, t0
core   0: 3 0x80005818 (0x005e3eb3) x29 0x00000000
core   0: 0x8000581c (0x01a01033) sll     zero, zero, s10
core   0: 3 0x8000581c (0x01a01033)
core   0: 0x80005820 (0x16c36617) auipc   a2, 0x16c36
core   0: 3 0x80005820 (0x16c36617) x12 0x96c3b820
core   0: 0x80005824 (0x02a75e63) bge     a4, a0, pc + 60
core   0: 3 0x80005824 (0x02a75e63)
core   0: 0x80005860 (0x0054d233) srl     tp, s1, t0
core   0: 3 0x80005860 (0x0054d233) x 4 0x00000020
core   0: 0x80005864 (0x00000013) nop
core   0: 3 0x80005864 (0x00000013)
core   0: 0x80005868 (0x89e08313) addi    t1, ra, -1890
core   0: 3 0x80005868 (0x89e08313) x 6 0x90216137
core   0: 0x8000586c (0x40ec55b3) sra     a1, s8, a4
core   0: 3 0x8000586c (0x40ec55b3) x11 0x00000000
core   0: 0x80005870 (0x0250f863) bgeu    ra, t0, pc + 48
core   0: 3 0x80005870 (0x0250f863)
core   0: 0x800058a0 (0xfc392593) slti    a1, s2, -61
core   0: 3 0x800058a0 (0xfc392593) x11 0x00000000
core   0: 0x800058a4 (0xb4227413) andi    s0, tp, -1214
core   0: 3 0x800058a4 (0xb4227413) x 8 0x00000000
core   0: 0x800058a8 (0x0ff0000f) fence   iorw,iorw
core   0: 3 0x800058a8 (0x0ff0000f)
core   0: 0x800058ac (0xea66bc93) sltiu   s9, a3, -346
core   0: 3 0x800058ac (0xea66bc93) x25 0x00000001
core   0: 0x800058b0 (0x009ac5b3) xor     a1, s5, s1
core   0: 3 0x800058b0 (0x009ac5b3) x11 0x80024ebb
core   0: 0x800058b4 (0x01965113) srli    sp, a2, 25
core   0: 3 0x800058b4 (0x01965113) x 2 0x0000004b
core   0: 0x800058b8 (0x14feb413) sltiu   s0, t4, 335
core   0: 3 0x800058b8 (0x14feb413) x 8 0x00000001
core   0: 0x800058bc (0xd4d3fc13) andi    s8, t2, -691
core   0: 3 0x800058bc (0xd4d3fc13) x24 0x00000000
core   0: 0x800058c0 (0x00000013) nop
core   0: 3 0x800058c0 (0x00000013)
core   0: 0x800058c4 (0xb1776193) ori     gp, a4, -1257
core   0: 3 0x800058c4 (0xb1776193) x 3 0xffffff17
core   0: 0x800058c8 (0x01c67db3) and     s11, a2, t3
core   0: 3 0x800058c8 (0x01c67db3) x27 0x96809800
core   0: 0x800058cc (0x22206213) ori     tp, zero, 546
core   0: 3 0x800058cc (0x22206213) x 4 0x00000222
core   0: 0x800058d0 (0x21d83113) sltiu   sp, a6, 541
core   0: 3 0x800058d0 (0x21d83113) x 2 0x00000000
core   0: 0x800058d4 (0x017a59b3) srl     s3, s4, s7
core   0: 3 0x800058d4 (0x017a59b3) x19 0x00010005
core   0: 0x800058d8 (0x00f19493) slli    s1, gp, 15
core   0: 3 0x800058d8 (0x00f19493) x 9 0xff8b8000
core   0: 0x800058dc (0xf5243497) auipc   s1, 0xf5243
core   0: 3 0x800058dc (0xf5243497) x 9 0x752488dc
core   0: 0x800058e0 (0x007b4333) xor     t1, s6, t2
core   0: 3 0x800058e0 (0x007b4333) x 6 0x00000001
core   0: 0x800058e4 (0x08140063) beq     s0, ra, pc + 128
core   0: 3 0x800058e4 (0x08140063)
core   0: 0x800058e8 (0x0000100f) fence.i
core   0: 3 0x800058e8 (0x0000100f)
core   0: 0x800058ec (0x41505313) srai    t1, zero, 21
core   0: 3 0x800058ec (0x41505313) x 6 0x00000000
core   0: 0x800058f0 (0x012d4c33) xor     s8, s10, s2
core   0: 3 0x800058f0 (0x012d4c33) x24 0x00000003
core   0: 0x800058f4 (0x09298e63) beq     s3, s2, pc + 156
core   0: 3 0x800058f4 (0x09298e63)
core   0: 0x800058f8 (0x09a50c63) beq     a0, s10, pc + 152
core   0: 3 0x800058f8 (0x09a50c63)
core   0: 0x800058fc (0x07fc8e63) beq     s9, t6, pc + 124
core   0: 3 0x800058fc (0x07fc8e63)
core   0: 0x80005900 (0x1f0eb413) sltiu   s0, t4, 496
core   0: 3 0x80005900 (0x1f0eb413) x 8 0x00000001
core   0: 0x80005904 (0x0b0a6063) bltu    s4, a6, pc + 160
core   0: 3 0x80005904 (0x0b0a6063)
core   0: 0x800059a4 (0x02578e63) beq     a5, t0, pc + 60
core   0: 3 0x800059a4 (0x02578e63)
core   0: 0x800059a8 (0x3defcf13) xori    t5, t6, 990
core   0: 3 0x800059a8 (0x3defcf13) x30 0x000043df
core   0: 0x800059ac (0x006623b3) slt     t2, a2, t1
core   0: 3 0x800059ac (0x006623b3) x 7 0x00000001
core   0: 0x800059b0 (0x048a8263) beq     s5, s0, pc + 68
core   0: 3 0x800059b0 (0x048a8263)
core   0: 0x800059b4 (0x00c30cb3) add     s9, t1, a2
core   0: 3 0x800059b4 (0x00c30cb3) x25 0x96c3b820
core   0: 0x800059b8 (0x00175493) srli    s1, a4, 1
core   0: 3 0x800059b8 (0x00175493) x 9 0x00012702
core   0: 0x800059bc (0x01d41f13) slli    t5, s0, 29
core   0: 3 0x800059bc (0x01d41f13) x30 0x20000000
core   0: 0x800059c0 (0xe72bea97) auipc   s5, 0xe72be
core   0: 3 0x800059c0 (0xe72bea97) x21 0x672c39c0
core   0: 0x800059c4 (0x00000013) nop
core   0: 3 0x800059c4 (0x00000013)
core   0: 0x800059c8 (0x007d5ab3) srl     s5, s10, t2
core   0: 3 0x800059c8 (0x007d5ab3) x21 0x37d77fc0
core   0: 0x800059cc (0xef230b93) addi    s7, t1, -270
core   0: 3 0x800059cc (0xef230b93) x23 0xfffffef2
core   0: 0x800059d0 (0x01b8fab3) and     s5, a7, s11
core   0: 3 0x800059d0 (0x01b8fab3) x21 0x80008800
core   0: 0x800059d4 (0x0151ed33) or      s10, gp, s5
core   0: 3 0x800059d4 (0x0151ed33) x26 0xffffff17
core   0: 0x800059d8 (0x30800713) li      a4, 776
core   0: 3 0x800059d8 (0x30800713) x14 0x00000308
core   0: 0x800059dc (0x027e0863) beq     t3, t2, pc + 48
core   0: 3 0x800059dc (0x027e0863)
core   0: 0x800059e0 (0x0afbc493) xori    s1, s7, 175
core   0: 3 0x800059e0 (0x0afbc493) x 9 0xfffffe5d
core   0: 0x800059e4 (0xb4662513) slti    a0, a2, -1210
core   0: 3 0x800059e4 (0xb4662513) x10 0x00000001
core   0: 0x800059e8 (0x03b84063) blt     a6, s11, pc + 32
core   0: 3 0x800059e8 (0x03b84063)
core   0: 0x80005a08 (0x01a8b9b3) sltu    s3, a7, s10
core   0: 3 0x80005a08 (0x01a8b9b3) x19 0x00000001
core   0: 0x80005a0c (0x045c7463) bgeu    s8, t0, pc + 72
core   0: 3 0x80005a0c (0x045c7463)
core   0: 0x80005a10 (0x0000100f) fence.i
core   0: 3 0x80005a10 (0x0000100f)
core   0: 0x80005a14 (0x01b45613) srli    a2, s0, 27
core   0: 3 0x80005a14 (0x01b45613) x12 0x00000000
core   0: 0x80005a18 (0x02c8ec63) bltu    a7, a2, pc + 56
core   0: 3 0x80005a18 (0x02c8ec63)
core   0: 0x80005a1c (0x41245313) srai    t1, s0, 18
core   0: 3 0x80005a1c (0x41245313) x 6 0x00000000
core   0: 0x80005a20 (0x05b51463) bne     a0, s11, pc + 72
core   0: 3 0x80005a20 (0x05b51463)
core   0: 0x80005a68 (0x008a1b33) sll     s6, s4, s0
core   0: 3 0x80005a68 (0x008a1b33) x22 0x00100050
core   0: 0x80005a6c (0x416f5613) srai    a2, t5, 22
core   0: 3 0x80005a6c (0x416f5613) x12 0x00000080
core   0: 0x80005a70 (0x027d1863) bne     s10, t2, pc + 48
core   0: 3 0x80005a70 (0x027d1863)
core   0: 0x80005aa0 (0xbd3d3013) sltiu   zero, s10, -1069
core   0: 3 0x80005aa0 (0xbd3d3013)
core   0: 0x80005aa4 (0xaabac037) lui     zero, 0xaabac
core   0: 3 0x80005aa4 (0xaabac037)
core   0: 0x80005aa8 (0x0000100f) fence.i
core   0: 3 0x80005aa8 (0x0000100f)
core   0: 0x80005aac (0x0ff0000f) fence   iorw,iorw
core   0: 3 0x80005aac (0x0ff0000f)
core   0: 0x80005ab0 (0xf35f5d17) auipc   s10, 0xf35f5
core   0: 3 0x80005ab0 (0xf35f5d17) x26 0x735faab0
core   0: 0x80005ab4 (0x6faa6f13) ori     t5, s4, 1786
core   0: 3 0x80005ab4 (0x6faa6f13) x30 0x000806fa
core   0: 0x80005ab8 (0x427fe393) ori     t2, t6, 1063
core   0: 3 0x80005ab8 (0x427fe393) x 7 0x00004427
core   0: 0x80005abc (0x0000100f) fence.i
core   0: 3 0x80005abc (0x0000100f)
core   0: 0x80005ac0 (0x0021dd93) srli    s11, gp, 2
core   0: 3 0x80005ac0 (0x0021dd93) x27 0x3fffffc5
core   0: 0x80005ac4 (0x4135dfb3) sra     t6, a1, s3
core   0: 3 0x80005ac4 (0x4135dfb3) x31 0xc001275d
core   0: 0x80005ac8 (0x002569b3) or      s3, a0, sp
core   0: 3 0x80005ac8 (0x002569b3) x19 0x00000001
core   0: 0x80005acc (0x00dfa633) slt     a2, t6, a3
core   0: 3 0x80005acc (0x00dfa633) x12 0x00000001
core   0: 0x80005ad0 (0xb86e3e13) sltiu   t3, t3, -1146
core   0: 3 0x80005ad0 (0xb86e3e13) x28 0x00000001
core   0: 0x80005ad4 (0x01dafc33) and     s8, s5, t4
core   0: 3 0x80005ad4 (0x01dafc33) x24 0x00000000
core   0: 0x80005ad8 (0x572abc17) auipc   s8, 0x572ab
core   0: 3 0x80005ad8 (0x572abc17) x24 0xd72b0ad8
core   0: 0x80005adc (0x00224e63) blt     tp, sp, pc + 28
core   0: 3 0x80005adc (0x00224e63)
core   0: 0x80005ae0 (0xc2243c93) sltiu   s9, s0, -990
core   0: 3 0x80005ae0 (0xc2243c93) x25 0x00000001
core   0: 0x80005ae4 (0x9c398b37) lui     s6, 0x9c398
core   0: 3 0x80005ae4 (0x9c398b37) x22 0x9c398000
core   0: 0x80005ae8 (0x01b143b3) xor     t2, sp, s11
core   0: 3 0x80005ae8 (0x01b143b3) x 7 0x3fffffc5
core   0: 0x80005aec (0x626e5e37) lui     t3, 0x626e5
core   0: 3 0x80005aec (0x626e5e37) x28 0x626e5000
core   0: 0x80005af0 (0x03165063) bge     a2, a7, pc + 32
core   0: 3 0x80005af0 (0x03165063)
core   0: 0x80005b10 (0x0ad5af13) slti    t5, a1, 173
core   0: 3 0x80005b10 (0x0ad5af13) x30 0x00000001
core   0: 0x80005b14 (0x08f8f063) bgeu    a7, a5, pc + 128
core   0: 3 0x80005b14 (0x08f8f063)
core   0: 0x80005b94 (0x014d64b3) or      s1, s10, s4
core   0: 3 0x80005b94 (0x014d64b3) x 9 0x735faab8
core   0: 0x80005b98 (0x018dfbb3) and     s7, s11, s8
core   0: 3 0x80005b98 (0x018dfbb3) x23 0x172b0ac0
core   0: 0x80005b9c (0x67e57593) andi    a1, a0, 1662
core   0: 3 0x80005b9c (0x67e57593) x11 0x00000000
core   0: 0x80005ba0 (0x0000100f) fence.i
core   0: 3 0x80005ba0 (0x0000100f)
core   0: 0x80005ba4 (0x0129d613) srli    a2, s3, 18
core   0: 3 0x80005ba4 (0x0129d613) x12 0x00000000
core   0: 0x80005ba8 (0x05de1663) bne     t3, t4, pc + 76
core   0: 3 0x80005ba8 (0x05de1663)
core   0: 0x80005bf4 (0x4090dc13) srai    s8, ra, 9
core   0: 3 0x80005bf4 (0x4090dc13) x24 0xffc810b4
core   0: 0x80005bf8 (0x01e8dc13) srli    s8, a7, 30
core   0: 3 0x80005bf8 (0x01e8dc13) x24 0x00000002
core   0: 0x80005bfc (0x0ff0000f) fence   iorw,iorw
core   0: 3 0x80005bfc (0x0ff0000f)
core   0: 0x80005c00 (0x6e5e6913) ori     s2, t3, 1765
core   0: 3 0x80005c00 (0x6e5e6913) x18 0x626e56e5
core   0: 0x80005c04 (0x0000100f) fence.i
core   0: 3 0x80005c04 (0x0000100f)
core   0: 0x80005c08 (0x00000013) nop
core   0: 3 0x80005c08 (0x00000013)
core   0: 0x80005c0c (0x007b9013) slli    zero, s7, 7
core   0: 3 0x80005c0c (0x007b9013)
core   0: 0x80005c10 (0xe6074e93) xori    t4, a4, -416
core   0: 3 0x80005c10 (0xe6074e93) x29 0xfffffd68
core   0: 0x80005c14 (0x0000100f) fence.i
core   0: 3 0x80005c14 (0x0000100f)
core   0: 0x80005c18 (0x953b4713) xori    a4, s6, -1709
core   0: 3 0x80005c18 (0x953b4713) x14 0x63c67953
core   0: 0x80005c1c (0x003d26b3) slt     a3, s10, gp
core   0: 3 0x80005c1c (0x003d26b3) x13 0x00000000
core   0: 0x80005c20 (0x00d0fe63) bgeu    ra, a3, pc + 28
core   0: 3 0x80005c20 (0x00d0fe63)
core   0: 0x80005c3c (0x00f04b33) xor     s6, zero, a5
core   0: 3 0x80005c3c (0x00f04b33) x22 0x80024e04
core   0: 0x80005c40 (0x4114d333) sra     t1, s1, a7
core   0: 3 0x80005c40 (0x4114d333) x 6 0x0735faab
core   0: 0x80005c44 (0x01d293b3) sll     t2, t0, t4
core   0: 3 0x80005c44 (0x01d293b3) x 7 0x0288a400
core   0: 0x80005c48 (0x9b14f497) auipc   s1, 0x9b14f
core   0: 3 0x80005c48 (0x9b14f497) x 9 0x1b154c48
core   0: 0x80005c4c (0x053c6463) bltu    s8, s3, pc + 72
core   0: 3 0x80005c4c (0x053c6463)
core   0: 0x80005c50 (0x01d3ed33) or      s10, t2, t4
core   0: 3 0x80005c50 (0x01d3ed33) x26 0xfffffd68
core   0: 0x80005c54 (0x41835993) srai    s3, t1, 24
core   0: 3 0x80005c54 (0x41835993) x19 0x00000007
core   0: 0x80005c58 (0x0243ef93) ori     t6, t2, 36
core   0: 3 0x80005c58 (0x0243ef93) x31 0x0288a424
core   0: 0x80005c5c (0x05f7f463) bgeu    a5, t6, pc + 72
core   0: 3 0x80005c5c (0x05f7f463)
core   0: 0x80005ca4 (0x4084d133) sra     sp, s1, s0
core   0: 3 0x80005ca4 (0x4084d133) x 2 0x0d8aa624
core   0: 0x80005ca8 (0x00e37eb3) and     t4, t1, a4
core   0: 3 0x80005ca8 (0x00e37eb3) x29 0x03047803
core   0: 0x80005cac (0x415dd633) sra     a2, s11, s5
core   0: 3 0x80005cac (0x415dd633) x12 0x3fffffc5
core   0: 0x80005cb0 (0x0363ec63) bltu    t2, s6, pc + 56
core   0: 3 0x80005cb0 (0x0363ec63)
core   0: 0x80005ce8 (0x9da86393) ori     t2, a6, -1574
core   0: 3 0x80005ce8 (0x9da86393) x 7 0xfffff9da
core   0: 0x80005cec (0x00fc9a63) bne     s9, a5, pc + 20
core   0: 3 0x80005cec (0x00fc9a63)
core   0: 0x80005d00 (0x0ff0000f) fence   iorw,iorw
core   0: 3 0x80005d00 (0x0ff0000f)
core   0: 0x80005d04 (0x0ff0000f) fence   iorw,iorw
core   0: 3 0x80005d04 (0x0ff0000f)
core   0: 0x80005d08 (0x00f34c63) blt     t1, a5, pc + 24
core   0: 3 0x80005d08 (0x00f34c63)
core   0: 0x80005d0c (0x593c4b93) xori    s7, s8, 1427
core   0: 3 0x80005d0c (0x593c4b93) x23 0x00000591
core   0: 0x80005d10 (0xa530eb93) ori     s7, ra, -1453
core   0: 3 0x80005d10 (0xa530eb93) x23 0xfffffadb
core   0: 0x80005d14 (0x00000013) nop
core   0: 3 0x80005d14 (0x00000013)
core   0: 0x80005d18 (0x41f40533) sub     a0, s0, t6
core   0: 3 0x80005d18 (0x41f40533) x10 0xfd775bdd
core   0: 0x80005d1c (0x404c7e13) andi    t3, s8, 1028
core   0: 3 0x80005d1c (0x404c7e13) x28 0x00000000
core   0: 0x80005d20 (0x0078f3b3) and     t2, a7, t2
core   0: 3 0x80005d20 (0x0078f3b3) x 7 0x800288c0
core   0: 0x80005d24 (0x0083fbb3) and     s7, t2, s0
core   0: 3 0x80005d24 (0x0083fbb3) x23 0x00000000
core   0: 0x80005d28 (0x00e24eb3) xor     t4, tp, a4
core   0: 3 0x80005d28 (0x00e24eb3) x29 0x63c67b71
core   0: 0x80005d2c (0x0000100f) fence.i
core   0: 3 0x80005d2c (0x0000100f)
core   0: 0x80005d30 (0x408edc93) srai    s9, t4, 8
core   0: 3 0x80005d30 (0x408edc93) x25 0x0063c67b
core   0: 0x80005d34 (0x0517d863) bge     a5, a7, pc + 80
core   0: 3 0x80005d34 (0x0517d863)
core   0: 0x80005d38 (0x41df0ab3) sub     s5, t5, t4
core   0: 3 0x80005d38 (0x41df0ab3) x21 0x9c398490
core   0: 0x80005d3c (0x5df6b313) sltiu   t1, a3, 1503
core   0: 3 0x80005d3c (0x5df6b313) x 6 0x00000001
core   0: 0x80005d40 (0xdb546113) ori     sp, s0, -587
core   0: 3 0x80005d40 (0xdb546113) x 2 0xfffffdb5
core   0: 0x80005d44 (0x413d5a93) srai    s5, s10, 19
core   0: 3 0x80005d44 (0x413d5a93) x21 0xffffffff
core   0: 0x80005d48 (0x4e058693) addi    a3, a1, 1248
core   0: 3 0x80005d48 (0x4e058693) x13 0x000004e0
core   0: 0x80005d4c (0x0000100f) fence.i
core   0: 3 0x80005d4c (0x0000100f)
core   0: 0x80005d50 (0x00dcdf33) srl     t5, s9, a3
core   0: 3 0x80005d50 (0x00dcdf33) x30 0x0063c67b
core   0: 0x80005d54 (0x009cdcb3) srl     s9, s9, s1
core   0: 3 0x80005d54 (0x009cdcb3) x25 0x000063c6
core   0: 0x80005d58 (0xc3eccf37) lui     t5, 0xc3ecc
core   0: 3 0x80005d58 (0xc3eccf37) x30 0xc3ecc000
core   0: 0x80005d5c (0xcf057037) lui     zero, 0xcf057
core   0: 3 0x80005d5c (0xcf057037)
core   0: 0x80005d60 (0x41ab5733) sra     a4, s6, s10
core   0: 3 0x80005d60 (0x41ab5733) x14 0xff80024e
core   0: 0x80005d64 (0x40580b33) sub     s6, a6, t0
core   0: 3 0x80005d64 (0x40580b33) x22 0xfffd775c
core   0: 0x80005d68 (0xc699b593) sltiu   a1, s3, -919
core   0: 3 0x80005d68 (0xc699b593) x11 0x00000001
core   0: 0x80005d6c (0x412b09b3) sub     s3, s6, s2
core   0: 3 0x80005d6c (0x412b09b3) x19 0x9d8f2077
core   0: 0x80005d70 (0x04060463) beqz    a2, pc + 72
core   0: 3 0x80005d70 (0x04060463)
core   0: 0x80005d74 (0x414b4a13) xori    s4, s6, 1044
core   0: 3 0x80005d74 (0x414b4a13) x20 0xfffd7348
core   0: 0x80005d78 (0x00e25c33) srl     s8, tp, a4
core   0: 3 0x80005d78 (0x00e25c33) x24 0x00000000
core   0: 0x80005d7c (0xf9a0c993) xori    s3, ra, -102
core   0: 3 0x80005d7c (0xf9a0c993) x19 0x6fde9703
core   0: 0x80005d80 (0x04be0863) beq     t3, a1, pc + 80
core   0: 3 0x80005d80 (0x04be0863)
core   0: 0x80005d84 (0x40be8c33) sub     s8, t4, a1
core   0: 3 0x80005d84 (0x40be8c33) x24 0x63c67b70
core   0: 0x80005d88 (0x00000013) nop
core   0: 3 0x80005d88 (0x00000013)
core   0: 0x80005d8c (0x01bc4cb3) xor     s9, s8, s11
core   0: 3 0x80005d8c (0x01bc4cb3) x25 0x5c3984b5
core   0: 0x80005d90 (0x0133d533) srl     a0, t2, s3
core   0: 3 0x80005d90 (0x0133d533) x10 0x10005118
core   0: 0x80005d94 (0x031fde63) bge     t6, a7, pc + 60
core   0: 3 0x80005d94 (0x031fde63)
core   0: 0x80005dd0 (0xd605bf13) sltiu   t5, a1, -672
core   0: 3 0x80005dd0 (0xd605bf13) x30 0x00000001
core   0: 0x80005dd4 (0x0007feb3) and     t4, a5, zero
core   0: 3 0x80005dd4 (0x0007feb3) x29 0x00000000
core   0: 0x80005dd8 (0x013ff263) bgeu    t6, s3, pc + 4
core   0: 3 0x80005dd8 (0x013ff263)
core   0: 0x80005ddc (0xb3b80a13) addi    s4, a6, -1221
core   0: 3 0x80005ddc (0xb3b80a13) x20 0x7ffffb3b
core   0: 0x80005de0 (0x00fa5633) srl     a2, s4, a5
core   0: 3 0x80005de0 (0x00fa5633) x12 0x07ffffb3
core   0: 0x80005de4 (0x001c6e33) or      t3, s8, ra
core   0: 3 0x80005de4 (0x001c6e33) x28 0xf3e77bf9
core   0: 0x80005de8 (0x01626cb3) or      s9, tp, s6
core   0: 3 0x80005de8 (0x01626cb3) x25 0xfffd777e
core   0: 0x80005dec (0x03b04063) blt     zero, s11, pc + 32
core   0: 3 0x80005dec (0x03b04063)
core   0: 0x80005e0c (0x000a9c13) slli    s8, s5, 0
core   0: 3 0x80005e0c (0x000a9c13) x24 0xffffffff
core   0: 0x80005e10 (0x41a95c33) sra     s8, s2, s10
core   0: 3 0x80005e10 (0x41a95c33) x24 0x00626e56
core   0: 0x80005e14 (0x0000100f) fence.i
core   0: 3 0x80005e14 (0x0000100f)
core   0: 0x80005e18 (0x056b1663) bne     s6, s6, pc + 76
core   0: 3 0x80005e18 (0x056b1663)
core   0: 0x80005e1c (0x014d9d33) sll     s10, s11, s4
core   0: 3 0x80005e1c (0x014d9d33) x26 0x28000000
core   0: 0x80005e20 (0x8a734413) xori    s0, t1, -1881
core   0: 3 0x80005e20 (0x8a734413) x 8 0xfffff8a6
core   0: 0x80005e24 (0x4171d493) srai    s1, gp, 23
core   0: 3 0x80005e24 (0x4171d493) x 9 0xffffffff
core   0: 0x80005e28 (0x409c5113) srai    sp, s8, 9
core   0: 3 0x80005e28 (0x409c5113) x 2 0x00003137
core   0: 0x80005e2c (0x045c1663) bne     s8, t0, pc + 76
core   0: 3 0x80005e2c (0x045c1663)
core   0: 0x80005e78 (0x0ff0000f) fence   iorw,iorw
core   0: 3 0x80005e78 (0x0ff0000f)
core   0: 0x80005e7c (0x07745863) bge     s0, s7, pc + 112
core   0: 3 0x80005e7c (0x07745863)
core   0: 0x80005e80 (0x55f9ec37) lui     s8, 0x55f9e
core   0: 3 0x80005e80 (0x55f9ec37) x24 0x55f9e000
core   0: 0x80005e84 (0x05b68e63) beq     a3, s11, pc + 92
core   0: 3 0x80005e84 (0x05b68e63)
core   0: 0x80005e88 (0x074e7a63) bgeu    t3, s4, pc + 116
core   0: 3 0x80005e88 (0x074e7a63)
core   0: 0x80005efc (0xc96f3d13) sltiu   s10, t5, -874
core   0: 3 0x80005efc (0xc96f3d13) x26 0x00000001
core   0: 0x80005f00 (0x405989b3) sub     s3, s3, t0
core   0: 3 0x80005f00 (0x405989b3) x19 0xefdc0e5f
core   0: 0x80005f04 (0x03654863) blt     a0, s6, pc + 48
core   0: 3 0x80005f04 (0x03654863)
core   0: 0x80005f08 (0x02386663) bltu    a6, gp, pc + 44
core   0: 3 0x80005f08 (0x02386663)
core   0: 0x80005f34 (0xdb392c93) slti    s9, s2, -589
core   0: 3 0x80005f34 (0xdb392c93) x25 0x00000000
core   0: 0x80005f38 (0xd0812e13) slti    t3, sp, -760
core   0: 3 0x80005f38 (0xd0812e13) x28 0x00000000
core   0: 0x80005f3c (0x03011863) bne     sp, a6, pc + 48
core   0: 3 0x80005f3c (0x03011863)
core   0: 0x80005f6c (0x018db433) sltu    s0, s11, s8
core   0: 3 0x80005f6c (0x018db433) x 8 0x00000001
core   0: 0x80005f70 (0x010e3e33) sltu    t3, t3, a6
core   0: 3 0x80005f70 (0x010e3e33) x28 0x00000001
core   0: 0x80005f74 (0x65a26b93) ori     s7, tp, 1626
core   0: 3 0x80005f74 (0x65a26b93) x23 0x0000067a
core   0: 0x80005f78 (0x408c50b3) sra     ra, s8, s0
core   0: 3 0x80005f78 (0x408c50b3) x 1 0x2afcf000
core   0: 0x80005f7c (0x41cc5413) srai    s0, s8, 28
core   0: 3 0x80005f7c (0x41cc5413) x 8 0x00000005
core   0: 0x80005f80 (0x46e70c97) auipc   s9, 0x46e70
core   0: 3 0x80005f80 (0x46e70c97) x25 0xc6e75f80
core   0: 0x80005f84 (0x04690863) beq     s2, t1, pc + 80
core   0: 3 0x80005f84 (0x04690863)
core   0: 0x80005f88 (0x00a0d263) bge     ra, a0, pc + 4
core   0: 3 0x80005f88 (0x00a0d263)
core   0: 0x80005f8c (0x041ad863) bge     s5, ra, pc + 80
core   0: 3 0x80005f8c (0x041ad863)
core   0: 0x80005f90 (0xb9f14713) xori    a4, sp, -1121
core   0: 3 0x80005f90 (0xb9f14713) x14 0xffffcaa8
core   0: 0x80005f94 (0x011a4033) xor     zero, s4, a7
core   0: 3 0x80005f94 (0x011a4033)
core   0: 0x80005f98 (0x41d38cb3) sub     s9, t2, t4
core   0: 3 0x80005f98 (0x41d38cb3) x25 0x800288c0
core   0: 0x80005f9c (0x00bf6263) bltu    t5, a1, pc + 4
core   0: 3 0x80005f9c (0x00bf6263)
core   0: 0x80005fa0 (0x0119b433) sltu    s0, s3, a7
core   0: 3 0x80005fa0 (0x0119b433) x 8 0x00000000
core   0: 0x80005fa4 (0x0ff0000f) fence   iorw,iorw
core   0: 3 0x80005fa4 (0x0ff0000f)
core   0: 0x80005fa8 (0x011896b3) sll     a3, a7, a7
core   0: 3 0x80005fa8 (0x011896b3) x13 0x0028ce40
core   0: 0x80005fac (0x0349d063) bge     s3, s4, pc + 32
core   0: 3 0x80005fac (0x0349d063)
core   0: 0x80005fb0 (0x2ad159b7) lui     s3, 0x2ad15
core   0: 3 0x80005fb0 (0x2ad159b7) x19 0x2ad15000
core   0: 0x80005fb4 (0x003164b3) or      s1, sp, gp
core   0: 3 0x80005fb4 (0x003164b3) x 9 0xffffff37
core   0: 0x80005fb8 (0x01c2d913) srli    s2, t0, 28
core   0: 3 0x80005fb8 (0x01c2d913) x18 0x00000008
core   0: 0x80005fbc (0x05987463) bgeu    a6, s9, pc + 72
core   0: 3 0x80005fbc (0x05987463)
core   0: 0x80005fc0 (0x012afeb3) and     t4, s5, s2
core   0: 3 0x80005fc0 (0x012afeb3) x29 0x00000008
core   0: 0x80005fc4 (0x0ff0000f) fence   iorw,iorw
core   0: 3 0x80005fc4 (0x0ff0000f)
core   0: 0x80005fc8 (0x7b557d13) andi    s10, a0, 1973
core   0: 3 0x80005fc8 (0x7b557d13) x26 0x00000110
core   0: 0x80005fcc (0x0083df13) srli    t5, t2, 8
core   0: 3 0x80005fcc (0x0083df13) x30 0x00800288
core   0: 0x80005fd0 (0x43e74d13) xori    s10, a4, 1086
core   0: 3 0x80005fd0 (0x43e74d13) x26 0xffffce96
core   0: 0x80005fd4 (0x40f383b3) sub     t2, t2, a5
core   0: 3 0x80005fd4 (0x40f383b3) x 7 0x00003abc
core   0: 0x80005fd8 (0x01333bb3) sltu    s7, t1, s3
core   0: 3 0x80005fd8 (0x01333bb3) x23 0x00000001
core   0: 0x80005fdc (0x03c75e63) bge     a4, t3, pc + 60
core   0: 3 0x80005fdc (0x03c75e63)
core   0: 0x80005fe0 (0x3d3f50b7) lui     ra, 0x3d3f5
core   0: 3 0x80005fe0 (0x3d3f50b7) x 1 0x3d3f5000
core   0: 0x80005fe4 (0x01a0e863) bltu    ra, s10, pc + 16
core   0: 3 0x80005fe4 (0x01a0e863)
core   0: 0x80005ff4 (0x012ae033) or      zero, s5, s2
core   0: 3 0x80005ff4 (0x012ae033)
core   0: 0x80005ff8 (0x01d2d293) srli    t0, t0, 29
core   0: 3 0x80005ff8 (0x01d2d293) x 5 0x00000004
core   0: 0x80005ffc (0x22b3fc93) andi    s9, t2, 555
core   0: 3 0x80005ffc (0x22b3fc93) x25 0x00000228
core   0: 0x80006000 (0x6e2d4bb7) lui     s7, 0x6e2d4
core   0: 3 0x80006000 (0x6e2d4bb7) x23 0x6e2d4000
core   0: 0x80006004 (0x412d5a13) srai    s4, s10, 18
core   0: 3 0x80006004 (0x412d5a13) x20 0xffffffff
core   0: 0x80006008 (0x08964593) xori    a1, a2, 137
core   0: 3 0x80006008 (0x08964593) x11 0x07ffff3a
core   0: 0x8000600c (0x04255863) bge     a0, sp, pc + 80
core   0: 3 0x8000600c (0x04255863)
core   0: 0x8000605c (0x41961c97) auipc   s9, 0x41961
core   0: 3 0x8000605c (0x41961c97) x25 0xc196705c
core   0: 0x80006060 (0xe5d33c93) sltiu   s9, t1, -419
core   0: 3 0x80006060 (0xe5d33c93) x25 0x00000001
core   0: 0x80006064 (0x015012b3) sll     t0, zero, s5
core   0: 3 0x80006064 (0x015012b3) x 5 0x00000000
core   0: 0x80006068 (0x0ff0000f) fence   iorw,iorw
core   0: 3 0x80006068 (0x0ff0000f)
core   0: 0x8000606c (0xd935e393) ori     t2, a1, -621
core   0: 3 0x8000606c (0xd935e393) x 7 0xffffffbb
core   0: 0x80006070 (0x2e234293) xori    t0, t1, 738
core   0: 3 0x80006070 (0x2e234293) x 5 0x000002e3
core   0: 0x80006074 (0x01f65fb3) srl     t6, a2, t6
core   0: 3 0x80006074 (0x01f65fb3) x31 0x007ffffb
core   0: 0x80006078 (0x05109663) bne     ra, a7, pc + 76
core   0: 3 0x80006078 (0x05109663)
core   0: 0x800060c4 (0x043a06b7) lui     a3, 0x43a0
core   0: 3 0x800060c4 (0x043a06b7) x13 0x043a0000
core   0: 0x800060c8 (0x013bde93) srli    t4, s7, 19
core   0: 3 0x800060c8 (0x013bde93) x29 0x00000dc5
core   0: 0x800060cc (0x0ff0000f) fence   iorw,iorw
core   0: 3 0x800060cc (0x0ff0000f)
core   0: 0x800060d0 (0x00894863) blt     s2, s0, pc + 16
core   0: 3 0x800060d0 (0x00894863)
core   0: 0x800060d4 (0x35a7d017) auipc   zero, 0x35a7d
core   0: 3 0x800060d4 (0x35a7d017)
core   0: 0x800060d8 (0x00a409b3) add     s3, s0, a0
core   0: 3 0x800060d8 (0x00a409b3) x19 0x10005118
core   0: 0x800060dc (0x86ef7213) andi    tp, t5, -1938
core   0: 3 0x800060dc (0x86ef7213) x 4 0x00800008
core   0: 0x800060e0 (0x09679c63) bne     a5, s6, pc + 152
core   0: 3 0x800060e0 (0x09679c63)
core   0: 0x80006178 (0xb087f113) andi    sp, a5, -1272
core   0: 3 0x80006178 (0xb087f113) x 2 0x80024a00
core   0: 0x8000617c (0x01a9aa97) auipc   s5, 0x1a9a
core   0: 3 0x8000617c (0x01a9aa97) x21 0x81aa017c
core   0: 0x80006180 (0x3b0d8393) addi    t2, s11, 944
core   0: 3 0x80006180 (0x3b0d8393) x 7 0x40000375
core   0: 0x80006184 (0x00e65f93) srli    t6, a2, 14
core   0: 3 0x80006184 (0x00e65f93) x31 0x00001fff
core   0: 0x80006188 (0xf6090413) addi    s0, s2, -160
core   0: 3 0x80006188 (0xf6090413) x 8 0xffffff68
core   0: 0x8000618c (0x00046263) bltu    s0, zero, pc + 4
core   0: 3 0x8000618c (0x00046263)
core   0: 0x80006190 (0x04117863) bgeu    sp, ra, pc + 80
core   0: 3 0x80006190 (0x04117863)
core   0: 0x800061e0 (0x41685993) srai    s3, a6, 22
core   0: 3 0x800061e0 (0x41685993) x19 0xfffffe00
core   0: 0x800061e4 (0x04c90463) beq     s2, a2, pc + 72
core   0: 3 0x800061e4 (0x04c90463)
core   0: 0x800061e8 (0x00835463) bge     t1, s0, pc + 8
core   0: 3 0x800061e8 (0x00835463)
core   0: 0x800061f0 (0x38cc6917) auipc   s2, 0x38cc6
core   0: 3 0x800061f0 (0x38cc6917) x18 0xb8ccc1f0
core   0: 0x800061f4 (0xfbd7ed93) ori     s11, a5, -67
core   0: 3 0x800061f4 (0xfbd7ed93) x27 0xffffffbd
core   0: 0x800061f8 (0x00861eb3) sll     t4, a2, s0
core   0: 3 0x800061f8 (0x00861eb3) x29 0xffffb300
core   0: 0x800061fc (0x0000100f) fence.i
core   0: 3 0x800061fc (0x0000100f)
core   0: 0x80006200 (0x0482c463) blt     t0, s0, pc + 72
core   0: 3 0x80006200 (0x0482c463)
core   0: 0x80006204 (0x94f86213) ori     tp, a6, -1713
core   0: 3 0x80006204 (0x94f86213) x 4 0xfffff94f
core   0: 0x80006208 (0x0293ec63) bltu    t2, s1, pc + 56
core   0: 3 0x80006208 (0x0293ec63)
core   0: 0x80006240 (0x04529463) bne     t0, t0, pc + 72
core   0: 3 0x80006240 (0x04529463)
core   0: 0x80006244 (0x40c95f33) sra     t5, s2, a2
core   0: 3 0x80006244 (0x40c95f33) x30 0xfffff719
core   0: 0x80006248 (0x01121293) slli    t0, tp, 17
core   0: 3 0x80006248 (0x01121293) x 5 0xf29e0000
core   0: 0x8000624c (0x02559863) bne     a1, t0, pc + 48
core   0: 3 0x8000624c (0x02559863)
core   0: 0x8000627c (0x04551263) bne     a0, t0, pc + 68
core   0: 3 0x8000627c (0x04551263)
core   0: 0x800062c0 (0x01129c13) slli    s8, t0, 17
core   0: 3 0x800062c0 (0x01129c13) x24 0x00000000
core   0: 0x800062c4 (0x0000100f) fence.i
core   0: 3 0x800062c4 (0x0000100f)
core   0: 0x800062c8 (0x005ff233) and     tp, t6, t0
core   0: 3 0x800062c8 (0x005ff233) x 4 0x00000000
core   0: 0x800062cc (0x1967e2b7) lui     t0, 0x1967e
core   0: 3 0x800062cc (0x1967e2b7) x 5 0x1967e000
core   0: 0x800062d0 (0x40715eb3) sra     t4, sp, t2
core   0: 3 0x800062d0 (0x40715eb3) x29 0xfffffc00
core   0: 0x800062d4 (0x00035d93) srli    s11, t1, 0
core   0: 3 0x800062d4 (0x00035d93) x27 0x00000001
core   0: 0x800062d8 (0x0ff0000f) fence   iorw,iorw
core   0: 3 0x800062d8 (0x0ff0000f)
core   0: 0x800062dc (0xc1d1c413) xori    s0, gp, -995
core   0: 3 0x800062dc (0xc1d1c413) x 8 0x0000030a
core   0: 0x800062e0 (0x01798633) add     a2, s3, s7
core   0: 3 0x800062e0 (0x01798633) x12 0x6e2d3e00
core   0: 0x800062e4 (0x8deeaab7) lui     s5, 0x8deea
core   0: 3 0x800062e4 (0x8deeaab7) x21 0x8deea000
core   0: 0x800062e8 (0x00738263) beq     t2, t2, pc + 4
core   0: 3 0x800062e8 (0x00738263)
core   0: 0x800062ec (0x0111d013) srli    zero, gp, 17
core   0: 3 0x800062ec (0x0111d013)
core   0: 0x800062f0 (0x41be0cb3) sub     s9, t3, s11
core   0: 3 0x800062f0 (0x41be0cb3) x25 0x00000000
core   0: 0x800062f4 (0x015b05b3) add     a1, s6, s5
core   0: 3 0x800062f4 (0x015b05b3) x11 0x8dec175c
core   0: 0x800062f8 (0x0050c263) blt     ra, t0, pc + 4
core   0: 3 0x800062f8 (0x0050c263)
core   0: 0x800062fc (0x01755133) srl     sp, a0, s7
core   0: 3 0x800062fc (0x01755133) x 2 0x10005118
core   0: 0x80006300 (0x01a642b3) xor     t0, a2, s10
core   0: 3 0x80006300 (0x01a642b3) x 5 0x91d2f096
core   0: 0x80006304 (0x0000100f) fence.i
core   0: 3 0x80006304 (0x0000100f)
core   0: 0x80006308 (0x8b4b4b93) xori    s7, s6, -1868
core   0: 3 0x80006308 (0x8b4b4b93) x23 0x00028fe8
core   0: 0x8000630c (0x79d84d93) xori    s11, a6, 1949
core   0: 3 0x8000630c (0x79d84d93) x27 0x8000079d
core   0: 0x80006310 (0x03d84e63) blt     a6, t4, pc + 60
core   0: 3 0x80006310 (0x03d84e63)
core   0: 0x8000634c (0x00a76e33) or      t3, a4, a0
core   0: 3 0x8000634c (0x00a76e33) x28 0xffffdbb8
core   0: 0x80006350 (0x0ce96b93) ori     s7, s2, 206
core   0: 3 0x80006350 (0x0ce96b93) x23 0xb8ccc1fe
core   0: 0x80006354 (0x01b05eb3) srl     t4, zero, s11
core   0: 3 0x80006354 (0x01b05eb3) x29 0x00000000
core   0: 0x80006358 (0x4130d1b3) sra     gp, ra, s3
core   0: 3 0x80006358 (0x4130d1b3) x 3 0x3d3f5000
core   0: 0x8000635c (0x00be22b3) slt     t0, t3, a1
core   0: 3 0x8000635c (0x00be22b3) x 5 0x00000000
core   0: 0x80006360 (0x01a9e733) or      a4, s3, s10
core   0: 3 0x80006360 (0x01a9e733) x14 0xfffffe96
core   0: 0x80006364 (0x011e9eb3) sll     t4, t4, a7
core   0: 3 0x80006364 (0x011e9eb3) x29 0x00000000
core   0: 0x80006368 (0x64fef293) andi    t0, t4, 1615
core   0: 3 0x80006368 (0x64fef293) x 5 0x00000000
core   0: 0x8000636c (0x0f196113) ori     sp, s2, 241
core   0: 3 0x8000636c (0x0f196113) x 2 0xb8ccc1f1
core   0: 0x80006370 (0x009ed913) srli    s2, t4, 9
core   0: 3 0x80006370 (0x009ed913) x18 0x00000000
core   0: 0x80006374 (0x05839663) bne     t2, s8, pc + 76
core   0: 3 0x80006374 (0x05839663)
core   0: 0x800063c0 (0x00b0dab3) srl     s5, ra, a1
core   0: 3 0x800063c0 (0x00b0dab3) x21 0x00000003
core   0: 0x800063c4 (0x0ff0000f) fence   iorw,iorw
core   0: 3 0x800063c4 (0x0ff0000f)
core   0: 0x800063c8 (0x003feb33) or      s6, t6, gp
core   0: 3 0x800063c8 (0x003feb33) x22 0x3d3f5fff
core   0: 0x800063cc (0x2f5e4993) xori    s3, t3, 757
core   0: 3 0x800063cc (0x2f5e4993) x19 0xffffd94d
core   0: 0x800063d0 (0x00000013) nop
core   0: 3 0x800063d0 (0x00000013)
core   0: 0x800063d4 (0x00319633) sll     a2, gp, gp
core   0: 3 0x800063d4 (0x00319633) x12 0x3d3f5000
core   0: 0x800063d8 (0x040d4463) bltz    s10, pc + 72
core   0: 3 0x800063d8 (0x040d4463)
core   0: 0x80006420 (0x00f33233) sltu    tp, t1, a5
core   0: 3 0x80006420 (0x00f33233) x 4 0x00000001
core   0: 0x80006424 (0x01352e33) slt     t3, a0, s3
core   0: 3 0x80006424 (0x01352e33) x28 0x00000000
core   0: 0x80006428 (0x406d0233) sub     tp, s10, t1
core   0: 3 0x80006428 (0x406d0233) x 4 0xffffce95
core   0: 0x8000642c (0x01630bb3) add     s7, t1, s6
core   0: 3 0x8000642c (0x01630bb3) x23 0x3d3f6000
core   0: 0x80006430 (0x04c09863) bne     ra, a2, pc + 80
core   0: 3 0x80006430 (0x04c09863)
core   0: 0x80006434 (0x006da4b3) slt     s1, s11, t1
core   0: 3 0x80006434 (0x006da4b3) x 9 0x00000001
core   0: 0x80006438 (0x04e17463) bgeu    sp, a4, pc + 72
core   0: 3 0x80006438 (0x04e17463)
core   0: 0x8000643c (0x34c49b17) auipc   s6, 0x34c49
core   0: 3 0x8000643c (0x34c49b17) x22 0xb4c4f43c
core   0: 0x80006440 (0x0ff0000f) fence   iorw,iorw
core   0: 3 0x80006440 (0x0ff0000f)
core   0: 0x80006444 (0x00fd6933) or      s2, s10, a5
core   0: 3 0x80006444 (0x00fd6933) x18 0xffffce96
core   0: 0x80006448 (0x2dc0e193) ori     gp, ra, 732
core   0: 3 0x80006448 (0x2dc0e193) x 3 0x3d3f52dc
core   0: 0x8000644c (0x018542b3) xor     t0, a0, s8
core   0: 3 0x8000644c (0x018542b3) x 5 0x10005118
core   0: 0x80006450 (0x0ff0000f) fence   iorw,iorw
core   0: 3 0x80006450 (0x0ff0000f)
core   0: 0x80006454 (0x00940bb3) add     s7, s0, s1
core   0: 3 0x80006454 (0x00940bb3) x23 0x0000030b
core   0: 0x80006458 (0x83e9e913) ori     s2, s3, -1986
core   0: 3 0x80006458 (0x83e9e913) x18 0xfffff97f
core   0: 0x8000645c (0x01fb2cb3) slt     s9, s6, t6
core   0: 3 0x8000645c (0x01fb2cb3) x25 0x00000001
core   0: 0x80006460 (0x413f00b3) sub     ra, t5, s3
core   0: 3 0x80006460 (0x413f00b3) x 1 0x00001dcc
core   0: 0x80006464 (0x01465933) srl     s2, a2, s4
core   0: 3 0x80006464 (0x01465933) x18 0x00000000
core   0: 0x80006468 (0x38fbf993) andi    s3, s7, 911
core   0: 3 0x80006468 (0x38fbf993) x19 0x0000030b
core   0: 0x8000646c (0xc2194993) xori    s3, s2, -991
core   0: 3 0x8000646c (0xc2194993) x19 0xfffffc21
core   0: 0x80006470 (0x02cfc863) blt     t6, a2, pc + 48
core   0: 3 0x80006470 (0x02cfc863)
core   0: 0x800064a0 (0x01bf89b3) add     s3, t6, s11
core   0: 3 0x800064a0 (0x01bf89b3) x19 0x8000279c
core   0: 0x800064a4 (0x00000013) nop
core   0: 3 0x800064a4 (0x00000013)
core   0: 0x800064a8 (0x02c76863) bltu    a4, a2, pc + 48
core   0: 3 0x800064a8 (0x02c76863)
core   0: 0x800064ac (0x891ccc13) xori    s8, s9, -1903
core   0: 3 0x800064ac (0x891ccc13) x24 0xfffff890
core   0: 0x800064b0 (0x3f87f393) andi    t2, a5, 1016
core   0: 3 0x800064b0 (0x3f87f393) x 7 0x00000200
core   0: 0x800064b4 (0x01717a63) bgeu    sp, s7, pc + 20
core   0: 3 0x800064b4 (0x01717a63)
core   0: 0x800064c8 (0x004e9c13) slli    s8, t4, 4
core   0: 3 0x800064c8 (0x004e9c13) x24 0x00000000
core   0: 0x800064cc (0x008d21b3) slt     gp, s10, s0
core   0: 3 0x800064cc (0x008d21b3) x 3 0x00000001
core   0: 0x800064d0 (0x00d24863) blt     tp, a3, pc + 16
core   0: 3 0x800064d0 (0x00d24863)
core   0: 0x800064e0 (0x40ff5d13) srai    s10, t5, 15
core   0: 3 0x800064e0 (0x40ff5d13) x26 0xffffffff
core   0: 0x800064e4 (0x0062db33) srl     s6, t0, t1
core   0: 3 0x800064e4 (0x0062db33) x22 0x0800288c
core   0: 0x800064e8 (0x01751633) sll     a2, a0, s7
core   0: 3 0x800064e8 (0x01751633) x12 0x0288c000
core   0: 0x800064ec (0x384f8293) addi    t0, t6, 900
core   0: 3 0x800064ec (0x384f8293) x 5 0x00002383
core   0: 0x800064f0 (0x0026ee33) or      t3, a3, sp
core   0: 3 0x800064f0 (0x0026ee33) x28 0xbcfec1f1
core   0: 0x800064f4 (0x41fdd613) srai    a2, s11, 31
core   0: 3 0x800064f4 (0x41fdd613) x12 0xffffffff
core   0: 0x800064f8 (0x00d51463) bne     a0, a3, pc + 8
core   0: 3 0x800064f8 (0x00d51463)
core   0: 0x80006500 (0x40810eb3) sub     t4, sp, s0
core   0: 3 0x80006500 (0x40810eb3) x29 0xb8ccbee7
core   0: 0x80006504 (0x0083a0b3) slt     ra, t2, s0
core   0: 3 0x80006504 (0x0083a0b3) x 1 0x00000001
core   0: 0x80006508 (0x004f39b3) sltu    s3, t5, tp
core   0: 3 0x80006508 (0x004f39b3) x19 0x00000000
core   0: 0x8000650c (0x41618433) sub     s0, gp, s6
core   0: 3 0x8000650c (0x41618433) x 8 0xf7ffd775
core   0: 0x80006510 (0x0326d863) bge     a3, s2, pc + 48
core   0: 3 0x80006510 (0x0326d863)
core   0: 0x80006540 (0x6b82e213) ori     tp, t0, 1720
core   0: 3 0x80006540 (0x6b82e213) x 4 0x000027bb
core   0: 0x80006544 (0x01d000b3) add     ra, zero, t4
core   0: 3 0x80006544 (0x01d000b3) x 1 0xb8ccbee7
core   0: 0x80006548 (0xf60ac137) lui     sp, 0xf60ac
core   0: 3 0x80006548 (0xf60ac137) x 2 0xf60ac000
core   0: 0x8000654c (0x05a9e663) bltu    s3, s10, pc + 76
core   0: 3 0x8000654c (0x05a9e663)
core   0: 0x80006598 (0x0150ec33) or      s8, ra, s5
core   0: 3 0x80006598 (0x0150ec33) x24 0xb8ccbee7
core   0: 0x8000659c (0x00198463) beq     s3, ra, pc + 8
core   0: 3 0x8000659c (0x00198463)
core   0: 0x800065a0 (0x0b712193) slti    gp, sp, 183
core   0: 3 0x800065a0 (0x0b712193) x 3 0x00000001
core   0: 0x800065a4 (0x75c00f17) auipc   t5, 0x75c00
core   0: 3 0x800065a4 (0x75c00f17) x30 0xf5c065a4
core   0: 0x800065a8 (0x004ae233) or      tp, s5, tp
core   0: 3 0x800065a8 (0x004ae233) x 4 0x000027bb
core   0: 0x800065ac (0x002b4eb3) xor     t4, s6, sp
core   0: 3 0x800065ac (0x002b4eb3) x29 0xfe0ae88c
core   0: 0x800065b0 (0x40b28fb3) sub     t6, t0, a1
core   0: 3 0x800065b0 (0x40b28fb3) x31 0x72140c27
core   0: 0x800065b4 (0x0165d433) srl     s0, a1, s6
core   0: 3 0x800065b4 (0x0165d433) x 8 0x0008dec1
core   0: 0x800065b8 (0x00bab733) sltu    a4, s5, a1
core   0: 3 0x800065b8 (0x00bab733) x14 0x00000001
core   0: 0x800065bc (0x0ff0000f) fence   iorw,iorw
core   0: 3 0x800065bc (0x0ff0000f)
core   0: 0x800065c0 (0x00000013) nop
core   0: 3 0x800065c0 (0x00000013)
core   0: 0x800065c4 (0x00766a63) bltu    a2, t2, pc + 20
core   0: 3 0x800065c4 (0x00766a63)
core   0: 0x800065c8 (0xf2d36f93) ori     t6, t1, -211
core   0: 3 0x800065c8 (0xf2d36f93) x31 0xffffff2d
core   0: 0x800065cc (0x004af0b3) and     ra, s5, tp
core   0: 3 0x800065cc (0x004af0b3) x 1 0x00000003
core   0: 0x800065d0 (0x00c65033) srl     zero, a2, a2
core   0: 3 0x800065d0 (0x00c65033)
core   0: 0x800065d4 (0x01755193) srli    gp, a0, 23
core   0: 3 0x800065d4 (0x01755193) x 3 0x00000020
core   0: 0x800065d8 (0x4221e093) ori     ra, gp, 1058
core   0: 3 0x800065d8 (0x4221e093) x 1 0x00000422
core   0: 0x800065dc (0x413a5393) srai    t2, s4, 19
core   0: 3 0x800065dc (0x413a5393) x 7 0xffffffff
core   0: 0x800065e0 (0x9b206737) lui     a4, 0x9b206
core   0: 3 0x800065e0 (0x9b206737) x14 0x9b206000
core   0: 0x800065e4 (0x0ff0000f) fence   iorw,iorw
core   0: 3 0x800065e4 (0x0ff0000f)
core   0: 0x800065e8 (0x0000100f) fence.i
core   0: 3 0x800065e8 (0x0000100f)
core   0: 0x800065ec (0x023f5863) bge     t5, gp, pc + 48
core   0: 3 0x800065ec (0x023f5863)
core   0: 0x800065f0 (0x4146dfb3) sra     t6, a3, s4
core   0: 3 0x800065f0 (0x4146dfb3) x31 0x00000000
core   0: 0x800065f4 (0x5be54d13) xori    s10, a0, 1470
core   0: 3 0x800065f4 (0x5be54d13) x26 0x100054a6
core   0: 0x800065f8 (0xd52a6593) ori     a1, s4, -686
core   0: 3 0x800065f8 (0xd52a6593) x11 0xffffffff
core   0: 0x800065fc (0x0637b693) sltiu   a3, a5, 99
core   0: 3 0x800065fc (0x0637b693) x13 0x00000000
core   0: 0x80006600 (0x01eecd33) xor     s10, t4, t5
core   0: 3 0x80006600 (0x01eecd33) x26 0x0bca8d28
core   0: 0x80006604 (0x9a54f593) andi    a1, s1, -1627
core   0: 3 0x80006604 (0x9a54f593) x11 0x00000001
core   0: 0x80006608 (0x0000100f) fence.i
core   0: 3 0x80006608 (0x0000100f)
core   0: 0x8000660c (0x9c81ba93) sltiu   s5, gp, -1592
core   0: 3 0x8000660c (0x9c81ba93) x21 0x00000001
core   0: 0x80006610 (0x04e56463) bltu    a0, a4, pc + 72
core   0: 3 0x80006610 (0x04e56463)
core   0: 0x80006658 (0x869bae17) auipc   t3, 0x869ba
core   0: 3 0x80006658 (0x869bae17) x28 0x069c0658
core   0: 0x8000665c (0x01e43e33) sltu    t3, s0, t5
core   0: 3 0x8000665c (0x01e43e33) x28 0x00000001
core   0: 0x80006660 (0x01fb5263) bge     s6, t6, pc + 4
core   0: 3 0x80006660 (0x01fb5263)
core   0: 0x80006664 (0x2219ff93) andi    t6, s3, 545
core   0: 3 0x80006664 (0x2219ff93) x31 0x00000000
core   0: 0x80006668 (0x0265f063) bgeu    a1, t1, pc + 32
core   0: 3 0x80006668 (0x0265f063)
core   0: 0x80006688 (0x0141df93) srli    t6, gp, 20
core   0: 3 0x80006688 (0x0141df93) x31 0x00000000
core   0: 0x8000668c (0x04d1c463) blt     gp, a3, pc + 72
core   0: 3 0x8000668c (0x04d1c463)
core   0: 0x80006690 (0x0479d663) bge     s3, t2, pc + 76
core   0: 3 0x80006690 (0x0479d663)
core   0: 0x800066dc (0x00671e33) sll     t3, a4, t1
core   0: 3 0x800066dc (0x00671e33) x28 0x3640c000
core   0: 0x800066e0 (0xc9c64513) xori    a0, a2, -868
core   0: 3 0x800066e0 (0xc9c64513) x10 0x00000363
core   0: 0x800066e4 (0x009ed613) srli    a2, t4, 9
core   0: 3 0x800066e4 (0x009ed613) x12 0x007f0574
core   0: 0x800066e8 (0x04078863) beqz    a5, pc + 80
core   0: 3 0x800066e8 (0x04078863)
core   0: 0x800066ec (0x29b2b293) sltiu   t0, t0, 667
core   0: 3 0x800066ec (0x29b2b293) x 5 0x00000000
core   0: 0x800066f0 (0x01705db3) srl     s11, zero, s7
core   0: 3 0x800066f0 (0x01705db3) x27 0x00000000
core   0: 0x800066f4 (0xff5c7737) lui     a4, 0xff5c7
core   0: 3 0x800066f4 (0xff5c7737) x14 0xff5c7000
core   0: 0x800066f8 (0x41ea8e33) sub     t3, s5, t5
core   0: 3 0x800066f8 (0x41ea8e33) x28 0x0a3f9a5d
core   0: 0x800066fc (0x054f0663) beq     t5, s4, pc + 76
core   0: 3 0x800066fc (0x054f0663)
core   0: 0x80006700 (0x01f55533) srl     a0, a0, t6
core   0: 3 0x80006700 (0x01f55533) x10 0x00000363
core   0: 0x80006704 (0x04605663) bge     zero, t1, pc + 76
core   0: 3 0x80006704 (0x04605663)
core   0: 0x80006708 (0x01061b33) sll     s6, a2, a6
core   0: 3 0x80006708 (0x01061b33) x22 0x007f0574
core   0: 0x8000670c (0x03966c63) bltu    a2, s9, pc + 56
core   0: 3 0x8000670c (0x03966c63)
core   0: 0x80006710 (0x40ad5733) sra     a4, s10, a0
core   0: 3 0x80006710 (0x40ad5733) x14 0x017951a5
core   0: 0x80006714 (0x01b34033) xor     zero, t1, s11
core   0: 3 0x80006714 (0x01b34033)
core   0: 0x80006718 (0x02c34063) blt     t1, a2, pc + 32
core   0: 3 0x80006718 (0x02c34063)
core   0: 0x80006738 (0x60c6aab7) lui     s5, 0x60c6a
core   0: 3 0x80006738 (0x60c6aab7) x21 0x60c6a000
core   0: 0x8000673c (0x413c0c33) sub     s8, s8, s3
core   0: 3 0x8000673c (0x413c0c33) x24 0xb8ccbee7
core   0: 0x80006740 (0x01f3f263) bgeu    t2, t6, pc + 4
core   0: 3 0x80006740 (0x01f3f263)
core   0: 0x80006744 (0xae4c7013) andi    zero, s8, -1308
core   0: 3 0x80006744 (0xae4c7013)
core   0: 0x80006748 (0x0257c863) blt     a5, t0, pc + 48
core   0: 3 0x80006748 (0x0257c863)
core   0: 0x80006778 (0x00d24863) blt     tp, a3, pc + 16
core   0: 3 0x80006778 (0x00d24863)
core   0: 0x8000677c (0x00544333) xor     t1, s0, t0
core   0: 3 0x8000677c (0x00544333) x 6 0x0008dec1
core   0: 0x80006780 (0x20f16b13) ori     s6, sp, 527
core   0: 3 0x80006780 (0x20f16b13) x22 0xf60ac20f
core   0: 0x80006784 (0x012c8433) add     s0, s9, s2
core   0: 3 0x80006784 (0x012c8433) x 8 0x00000001
core   0: 0x80006788 (0x0491c663) blt     gp, s1, pc + 76
core   0: 3 0x80006788 (0x0491c663)
core   0: 0x8000678c (0x0299fc63) bgeu    s3, s1, pc + 56
core   0: 3 0x8000678c (0x0299fc63)
core   0: 0x80006790 (0x0119ac33) slt     s8, s3, a7
core   0: 3 0x80006790 (0x0119ac33) x24 0x00000000
core   0: 0x80006794 (0x03868c63) beq     a3, s8, pc + 56
core   0: 3 0x80006794 (0x03868c63)
core   0: 0x800067cc (0x007e4db3) xor     s11, t3, t2
core   0: 3 0x800067cc (0x007e4db3) x27 0xf5c065a2
core   0: 0x800067d0 (0xf64fa717) auipc   a4, 0xf64fa
core   0: 3 0x800067d0 (0xf64fa717) x14 0x765007d0
core   0: 0x800067d4 (0x056f6863) bltu    t5, s6, pc + 80
core   0: 3 0x800067d4 (0x056f6863)
core   0: 0x80006824 (0x018ed033) srl     zero, t4, s8
core   0: 3 0x80006824 (0x018ed033)
core   0: 0x80006828 (0x41d85cb3) sra     s9, a6, t4
core   0: 3 0x80006828 (0x41d85cb3) x25 0xfff80000
core   0: 0x8000682c (0x042b4263) blt     s6, sp, pc + 68
core   0: 3 0x8000682c (0x042b4263)
core   0: 0x80006830 (0x4c33fd93) andi    s11, t2, 1219
core   0: 3 0x80006830 (0x4c33fd93) x27 0x000004c3
core   0: 0x80006834 (0x01d1b133) sltu    sp, gp, t4
core   0: 3 0x80006834 (0x01d1b133) x 2 0x00000001
core   0: 0x80006838 (0x014c1c93) slli    s9, s8, 20
core   0: 3 0x80006838 (0x014c1c93) x25 0x00000000
core   0: 0x8000683c (0x014d1f33) sll     t5, s10, s4
core   0: 3 0x8000683c (0x014d1f33) x30 0x00000000
core   0: 0x80006840 (0xcc83b693) sltiu   a3, t2, -824
core   0: 3 0x80006840 (0xcc83b693) x13 0x00000000
core   0: 0x80006844 (0xf290f093) andi    ra, ra, -215
core   0: 3 0x80006844 (0xf290f093) x 1 0x00000420
core   0: 0x80006848 (0x0000100f) fence.i
core   0: 3 0x80006848 (0x0000100f)
core   0: 0x8000684c (0x03aae863) bltu    s5, s10, pc + 48
core   0: 3 0x8000684c (0x03aae863)
core   0: 0x80006850 (0xf4793093) sltiu   ra, s2, -185
core   0: 3 0x80006850 (0xf4793093) x 1 0x00000001
core   0: 0x80006854 (0x4d020b37) lui     s6, 0x4d020
core   0: 3 0x80006854 (0x4d020b37) x22 0x4d020000
core   0: 0x80006858 (0x013f9233) sll     tp, t6, s3
core   0: 3 0x80006858 (0x013f9233) x 4 0x00000000
core   0: 0x8000685c (0x0000100f) fence.i
core   0: 3 0x8000685c (0x0000100f)
core   0: 0x80006860 (0x4149da13) srai    s4, s3, 20
core   0: 3 0x80006860 (0x4149da13) x20 0x00000000
core   0: 0x80006864 (0x009a1263) bne     s4, s1, pc + 4
core   0: 3 0x80006864 (0x009a1263)
core   0: 0x80006868 (0x01c35463) bge     t1, t3, pc + 8
core   0: 3 0x80006868 (0x01c35463)
core   0: 0x8000686c (0x41025c33) sra     s8, tp, a6
core   0: 3 0x8000686c (0x41025c33) x24 0x00000000
core   0: 0x80006870 (0x3596ceb7) lui     t4, 0x3596c
core   0: 3 0x80006870 (0x3596ceb7) x29 0x3596c000
core   0: 0x80006874 (0x02147863) bgeu    s0, ra, pc + 48
core   0: 3 0x80006874 (0x02147863)
core   0: 0x800068a4 (0x00000013) nop
core   0: 3 0x800068a4 (0x00000013)
core   0: 0x800068a8 (0x055c0463) beq     s8, s5, pc + 72
core   0: 3 0x800068a8 (0x055c0463)
core   0: 0x800068ac (0x00c25d33) srl     s10, tp, a2
core   0: 3 0x800068ac (0x00c25d33) x26 0x00000000
core   0: 0x800068b0 (0x0412e463) bltu    t0, ra, pc + 72
core   0: 3 0x800068b0 (0x0412e463)
core   0: 0x800068f8 (0xd8765c37) lui     s8, 0xd8765
core   0: 3 0x800068f8 (0xd8765c37) x24 0xd8765000
core   0: 0x800068fc (0x01cb5b13) srli    s6, s6, 28
core   0: 3 0x800068fc (0x01cb5b13) x22 0x00000004
core   0: 0x80006900 (0x0b6e5463) bge     t3, s6, pc + 168
core   0: 3 0x80006900 (0x0b6e5463)
core   0: 0x800069a8 (0x00000013) nop
core   0: 3 0x800069a8 (0x00000013)
core   0: 0x800069ac (0xd4e46c13) ori     s8, s0, -690
core   0: 3 0x800069ac (0xd4e46c13) x24 0xfffffd4f
core   0: 0x800069b0 (0x05251663) bne     a0, s2, pc + 76
core   0: 3 0x800069b0 (0x05251663)
core   0: 0x800069fc (0x5756fd93) andi    s11, a3, 1397
core   0: 3 0x800069fc (0x5756fd93) x27 0x00000000
core   0: 0x80006a00 (0x001bbbb3) sltu    s7, s7, ra
core   0: 3 0x80006a00 (0x001bbbb3) x23 0x00000000
core   0: 0x80006a04 (0x05b3c463) blt     t2, s11, pc + 72
core   0: 3 0x80006a04 (0x05b3c463)
core   0: 0x80006a4c (0x01d89733) sll     a4, a7, t4
core   0: 3 0x80006a4c (0x01d89733) x14 0x80028ce4
core   0: 0x80006a50 (0xa309bc93) sltiu   s9, s3, -1488
core   0: 3 0x80006a50 (0xa309bc93) x25 0x00000001
core   0: 0x80006a54 (0x034b4863) blt     s6, s4, pc + 48
core   0: 3 0x80006a54 (0x034b4863)
core   0: 0x80006a58 (0x01b95f13) srli    t5, s2, 27
core   0: 3 0x80006a58 (0x01b95f13) x30 0x00000000
core   0: 0x80006a5c (0x0161f863) bgeu    gp, s6, pc + 16
core   0: 3 0x80006a5c (0x0161f863)
core   0: 0x80006a6c (0xca83c597) auipc   a1, 0xca83c
core   0: 3 0x80006a6c (0xca83c597) x11 0x4a842a6c
core   0: 0x80006a70 (0x0ff0000f) fence   iorw,iorw
core   0: 3 0x80006a70 (0x0ff0000f)
core   0: 0x80006a74 (0x00d80733) add     a4, a6, a3
core   0: 3 0x80006a74 (0x00d80733) x14 0x80000000
core   0: 0x80006a78 (0x0000100f) fence.i
core   0: 3 0x80006a78 (0x0000100f)
core   0: 0x80006a7c (0x00483933) sltu    s2, a6, tp
core   0: 3 0x80006a7c (0x00483933) x18 0x00000000
core   0: 0x80006a80 (0x00000013) nop
core   0: 3 0x80006a80 (0x00000013)
core   0: 0x80006a84 (0xf3728393) addi    t2, t0, -201
core   0: 3 0x80006a84 (0xf3728393) x 7 0xffffff37
core   0: 0x80006a88 (0x09fe3697) auipc   a3, 0x9fe3
core   0: 3 0x80006a88 (0x09fe3697) x13 0x89fe9a88
core   0: 0x80006a8c (0x41ee5013) srai    zero, t3, 30
core   0: 3 0x80006a8c (0x41ee5013)
core   0: 0x80006a90 (0x01a50433) add     s0, a0, s10
core   0: 3 0x80006a90 (0x01a50433) x 8 0x00000363
core   0: 0x80006a94 (0x41488233) sub     tp, a7, s4
core   0: 3 0x80006a94 (0x41488233) x 4 0x80028ce4
core   0: 0x80006a98 (0x009771b3) and     gp, a4, s1
core   0: 3 0x80006a98 (0x009771b3) x 3 0x00000000
core   0: 0x80006a9c (0x01a610b3) sll     ra, a2, s10
core   0: 3 0x80006a9c (0x01a610b3) x 1 0x007f0574
core   0: 0x80006aa0 (0x009ada93) srli    s5, s5, 9
core   0: 3 0x80006aa0 (0x009ada93) x21 0x00306350
core   0: 0x80006aa4 (0x01ea72b3) and     t0, s4, t5
core   0: 3 0x80006aa4 (0x01ea72b3) x 5 0x00000000
core   0: 0x80006aa8 (0x0b655a63) bge     a0, s6, pc + 180
core   0: 3 0x80006aa8 (0x0b655a63)
core   0: 0x80006b5c (0x40345c33) sra     s8, s0, gp
core   0: 3 0x80006b5c (0x40345c33) x24 0x00000363
core   0: 0x80006b60 (0x417756b3) sra     a3, a4, s7
core   0: 3 0x80006b60 (0x417756b3) x13 0x80000000
core   0: 0x80006b64 (0x595ec313) xori    t1, t4, 1429
core   0: 3 0x80006b64 (0x595ec313) x 6 0x3596c595
core   0: 0x80006b68 (0x00146033) or      zero, s0, ra
core   0: 3 0x80006b68 (0x00146033)
core   0: 0x80006b6c (0x01c71013) slli    zero, a4, 28
core   0: 3 0x80006b6c (0x01c71013)
core   0: 0x80006b70 (0x40b5d493) srai    s1, a1, 11
core   0: 3 0x80006b70 (0x40b5d493) x 9 0x00095085
core   0: 0x80006b74 (0x017612b3) sll     t0, a2, s7
core   0: 3 0x80006b74 (0x017612b3) x 5 0x007f0574
core   0: 0x80006b78 (0x01db4463) blt     s6, t4, pc + 8
core   0: 3 0x80006b78 (0x01db4463)
core   0: 0x80006b80 (0x00a81513) slli    a0, a6, 10
core   0: 3 0x80006b80 (0x00a81513) x10 0x00000000
core   0: 0x80006b84 (0x009bb333) sltu    t1, s7, s1
core   0: 3 0x80006b84 (0x009bb333) x 6 0x00000001
core   0: 0x80006b88 (0x40575133) sra     sp, a4, t0
core   0: 3 0x80006b88 (0x40575133) x 2 0xfffff800
core   0: 0x80006b8c (0x04c59863) bne     a1, a2, pc + 80
core   0: 3 0x80006b8c (0x04c59863)
core   0: 0x80006bdc (0x0000100f) fence.i
core   0: 3 0x80006bdc (0x0000100f)
core   0: 0x80006be0 (0x3cca2693) slti    a3, s4, 972
core   0: 3 0x80006be0 (0x3cca2693) x13 0x00000001
core   0: 0x80006be4 (0x02654063) blt     a0, t1, pc + 32
core   0: 3 0x80006be4 (0x02654063)
core   0: 0x80006c04 (0x014d8e63) beq     s11, s4, pc + 28
core   0: 3 0x80006c04 (0x014d8e63)
core   0: 0x80006c20 (0xf7108613) addi    a2, ra, -143
core   0: 3 0x80006c20 (0xf7108613) x12 0x007f04e5
core   0: 0x80006c24 (0x006f2c33) slt     s8, t5, t1
core   0: 3 0x80006c24 (0x006f2c33) x24 0x00000001
core   0: 0x80006c28 (0x0aa27063) bgeu    tp, a0, pc + 160
core   0: 3 0x80006c28 (0x0aa27063)
core   0: 0x80006cc8 (0x01bed933) srl     s2, t4, s11
core   0: 3 0x80006cc8 (0x01bed933) x18 0x3596c000
core   0: 0x80006ccc (0xd3de8713) addi    a4, t4, -707
core   0: 3 0x80006ccc (0xd3de8713) x14 0x3596bd3d
core   0: 0x80006cd0 (0xe3942c93) slti    s9, s0, -455
core   0: 3 0x80006cd0 (0xe3942c93) x25 0x00000000
core   0: 0x80006cd4 (0xd0d9bab7) lui     s5, 0xd0d9b
core   0: 3 0x80006cd4 (0xd0d9bab7) x21 0xd0d9b000
core   0: 0x80006cd8 (0xab2d2d93) slti    s11, s10, -1358
core   0: 3 0x80006cd8 (0xab2d2d93) x27 0x00000000
core   0: 0x80006cdc (0xe7bcff93) andi    t6, s9, -389
core   0: 3 0x80006cdc (0xe7bcff93) x31 0x00000000
core   0: 0x80006ce0 (0x0172feb3) and     t4, t0, s7
core   0: 3 0x80006ce0 (0x0172feb3) x29 0x00000000
core   0: 0x80006ce4 (0x05fd6263) bltu    s10, t6, pc + 68
core   0: 3 0x80006ce4 (0x05fd6263)
core   0: 0x80006ce8 (0xc80bdf37) lui     t5, 0xc80bd
core   0: 3 0x80006ce8 (0xc80bdf37) x30 0xc80bd000
core   0: 0x80006cec (0x013c2933) slt     s2, s8, s3
core   0: 3 0x80006cec (0x013c2933) x18 0x00000000
core   0: 0x80006cf0 (0x018250b3) srl     ra, tp, s8
core   0: 3 0x80006cf0 (0x018250b3) x 1 0x40014672
core   0: 0x80006cf4 (0xa04db113) sltiu   sp, s11, -1532
core   0: 3 0x80006cf4 (0xa04db113) x 2 0x00000001
core   0: 0x80006cf8 (0xfd4e2993) slti    s3, t3, -44
core   0: 3 0x80006cf8 (0xfd4e2993) x19 0x00000000
core   0: 0x80006cfc (0xc90fe693) ori     a3, t6, -880
core   0: 3 0x80006cfc (0xc90fe693) x13 0xfffffc90
core   0: 0x80006d00 (0x01ce1fb3) sll     t6, t3, t3
core   0: 3 0x80006d00 (0x01ce1fb3) x31 0xa0000000
core   0: 0x80006d04 (0x05ab0463) beq     s6, s10, pc + 72
core   0: 3 0x80006d04 (0x05ab0463)
core   0: 0x80006d08 (0x40975393) srai    t2, a4, 9
core   0: 3 0x80006d08 (0x40975393) x 7 0x001acb5e
core   0: 0x80006d0c (0x4098dd33) sra     s10, a7, s1
core   0: 3 0x80006d0c (0x4098dd33) x26 0xfc001467
core   0: 0x80006d10 (0x0021da13) srli    s4, gp, 2
core   0: 3 0x80006d10 (0x0021da13) x20 0x00000000
core   0: 0x80006d14 (0x039c7863) bgeu    s8, s9, pc + 48
core   0: 3 0x80006d14 (0x039c7863)
core   0: 0x80006d44 (0x01765cb3) srl     s9, a2, s7
core   0: 3 0x80006d44 (0x01765cb3) x25 0x007f04e5
core   0: 0x80006d48 (0xaf6a75b7) lui     a1, 0xaf6a7
core   0: 3 0x80006d48 (0xaf6a75b7) x11 0xaf6a7000
core   0: 0x80006d4c (0x00531263) bne     t1, t0, pc + 4
core   0: 3 0x80006d4c (0x00531263)
core   0: 0x80006d50 (0x00b04e33) xor     t3, zero, a1
core   0: 3 0x80006d50 (0x00b04e33) x28 0xaf6a7000
core   0: 0x80006d54 (0x418adf33) sra     t5, s5, s8
core   0: 3 0x80006d54 (0x418adf33) x30 0xe86cd800
core   0: 0x80006d58 (0x038d0e63) beq     s10, s8, pc + 60
core   0: 3 0x80006d58 (0x038d0e63)
core   0: 0x80006d5c (0x01c67533) and     a0, a2, t3
core   0: 3 0x80006d5c (0x01c67533) x10 0x006a0000
core   0: 0x80006d60 (0x0000100f) fence.i
core   0: 3 0x80006d60 (0x0000100f)
core   0: 0x80006d64 (0x41175fb3) sra     t6, a4, a7
core   0: 3 0x80006d64 (0x41175fb3) x31 0x03596bd3
core   0: 0x80006d68 (0x01e29f93) slli    t6, t0, 30
core   0: 3 0x80006d68 (0x01e29f93) x31 0x00000000
core   0: 0x80006d6c (0x00000013) nop
core   0: 3 0x80006d6c (0x00000013)
core   0: 0x80006d70 (0xbffeca13) xori    s4, t4, -1025
core   0: 3 0x80006d70 (0xbffeca13) x20 0xfffffbff
core   0: 0x80006d74 (0x4072dc93) srai    s9, t0, 7
core   0: 3 0x80006d74 (0x4072dc93) x25 0x0000fe0a
core   0: 0x80006d78 (0x0c872313) slti    t1, a4, 200
core   0: 3 0x80006d78 (0x0c872313) x 6 0x00000000
core   0: 0x80006d7c (0x0000100f) fence.i
core   0: 3 0x80006d7c (0x0000100f)
core   0: 0x80006d80 (0x0536f663) bgeu    a3, s3, pc + 76
core   0: 3 0x80006d80 (0x0536f663)
core   0: 0x80006dcc (0x0054ccb3) xor     s9, s1, t0
core   0: 3 0x80006dcc (0x0054ccb3) x25 0x007655f1
core   0: 0x80006dd0 (0x03c9f863) bgeu    s3, t3, pc + 48
core   0: 3 0x80006dd0 (0x03c9f863)
core   0: 0x80006dd4 (0x0000100f) fence.i
core   0: 3 0x80006dd4 (0x0000100f)
core   0: 0x80006dd8 (0x010ea533) slt     a0, t4, a6
core   0: 3 0x80006dd8 (0x010ea533) x10 0x00000000
core   0: 0x80006ddc (0xad00c593) xori    a1, ra, -1328
core   0: 3 0x80006ddc (0xad00c593) x11 0xbffebca2
core   0: 0x80006de0 (0x013684b3) add     s1, a3, s3
core   0: 3 0x80006de0 (0x013684b3) x 9 0xfffffc90
core   0: 0x80006de4 (0x004ddd13) srli    s10, s11, 4
core   0: 3 0x80006de4 (0x004ddd13) x26 0x00000000
core   0: 0x80006de8 (0x01da5e13) srli    t3, s4, 29
core   0: 3 0x80006de8 (0x01da5e13) x28 0x00000007
core   0: 0x80006dec (0x01cef733) and     a4, t4, t3
core   0: 3 0x80006dec (0x01cef733) x14 0x00000000
core   0: 0x80006df0 (0xe0dac993) xori    s3, s5, -499
core   0: 3 0x80006df0 (0xe0dac993) x19 0x2f264e0d
core   0: 0x80006df4 (0x02406c63) bltu    zero, tp, pc + 56
core   0: 3 0x80006df4 (0x02406c63)
core   0: 0x80006e2c (0x04121663) bne     tp, ra, pc + 76
core   0: 3 0x80006e2c (0x04121663)
core   0: 0x80006e78 (0x05c39263) bne     t2, t3, pc + 68
core   0: 3 0x80006e78 (0x05c39263)
core   0: 0x80006ebc (0x033c7063) bgeu    s8, s3, pc + 32
core   0: 3 0x80006ebc (0x033c7063)
core   0: 0x80006ec0 (0x02f75863) bge     a4, a5, pc + 48
core   0: 3 0x80006ec0 (0x02f75863)
core   0: 0x80006ef0 (0x0099e9b3) or      s3, s3, s1
core   0: 3 0x80006ef0 (0x0099e9b3) x19 0xfffffe9d
core   0: 0x80006ef4 (0x010edf33) srl     t5, t4, a6
core   0: 3 0x80006ef4 (0x010edf33) x30 0x00000000
core   0: 0x80006ef8 (0x01b175b3) and     a1, sp, s11
core   0: 3 0x80006ef8 (0x01b175b3) x11 0x00000000
core   0: 0x80006efc (0x04346463) bltu    s0, gp, pc + 72
core   0: 3 0x80006efc (0x04346463)
core   0: 0x80006f00 (0x0000100f) fence.i
core   0: 3 0x80006f00 (0x0000100f)
core   0: 0x80006f04 (0x00849393) slli    t2, s1, 8
core   0: 3 0x80006f04 (0x00849393) x 7 0xfffc9000
core   0: 0x80006f08 (0x0c32a913) slti    s2, t0, 195
core   0: 3 0x80006f08 (0x0c32a913) x18 0x00000000
core   0: 0x80006f0c (0x01319213) slli    tp, gp, 19
core   0: 3 0x80006f0c (0x01319213) x 4 0x00000000
core   0: 0x80006f10 (0x03c8f863) bgeu    a7, t3, pc + 48
core   0: 3 0x80006f10 (0x03c8f863)
core   0: 0x80006f40 (0xb28b3197) auipc   gp, 0xb28b3
core   0: 3 0x80006f40 (0xb28b3197) x 3 0x328b9f40
core   0: 0x80006f44 (0x0ff0000f) fence   iorw,iorw
core   0: 3 0x80006f44 (0x0ff0000f)
core   0: 0x80006f48 (0xfdc77eb7) lui     t4, 0xfdc77
core   0: 3 0x80006f48 (0xfdc77eb7) x29 0xfdc77000
core   0: 0x80006f4c (0x04a25c63) bge     tp, a0, pc + 88
core   0: 3 0x80006f4c (0x04a25c63)
core   0: 0x80006fa4 (0x00244c33) xor     s8, s0, sp
core   0: 3 0x80006fa4 (0x00244c33) x24 0x00000362
core   0: 0x80006fa8 (0x00321263) bne     tp, gp, pc + 4
core   0: 3 0x80006fa8 (0x00321263)
core   0: 0x80006fac (0xa7438c93) addi    s9, t2, -1420
core   0: 3 0x80006fac (0xa7438c93) x25 0xfffc8a74
core   0: 0x80006fb0 (0x0c399e63) bne     s3, gp, pc + 220
core   0: 3 0x80006fb0 (0x0c399e63)
core   0: 0x8000708c (0x0024f533) and     a0, s1, sp
core   0: 3 0x8000708c (0x0024f533) x10 0x00000000
core   0: 0x80007090 (0x00eca3b3) slt     t2, s9, a4
core   0: 3 0x80007090 (0x00eca3b3) x 7 0x00000001
core   0: 0x80007094 (0x4035df93) srai    t6, a1, 3
core   0: 3 0x80007094 (0x4035df93) x31 0x00000000
core   0: 0x80007098 (0x40a8d6b3) sra     a3, a7, a0
core   0: 3 0x80007098 (0x40a8d6b3) x13 0x80028ce4
core   0: 0x8000709c (0x05184663) blt     a6, a7, pc + 76
core   0: 3 0x8000709c (0x05184663)
core   0: 0x800070e8 (0x0ff0000f) fence   iorw,iorw
core   0: 3 0x800070e8 (0x0ff0000f)
core   0: 0x800070ec (0x964a2913) slti    s2, s4, -1692
core   0: 3 0x800070ec (0x964a2913) x18 0x00000000
core   0: 0x800070f0 (0x0110f863) bgeu    ra, a7, pc + 16
core   0: 3 0x800070f0 (0x0110f863)
core   0: 0x800070f4 (0x41edd913) srai    s2, s11, 30
core   0: 3 0x800070f4 (0x41edd913) x18 0x00000000
core   0: 0x800070f8 (0x04b81663) bne     a6, a1, pc + 76
core   0: 3 0x800070f8 (0x04b81663)
core   0: 0x80007144 (0x01c32033) slt     zero, t1, t3
core   0: 3 0x80007144 (0x01c32033)
core   0: 0x80007148 (0x02c6d063) bge     a3, a2, pc + 32
core   0: 3 0x80007148 (0x02c6d063)
core   0: 0x8000714c (0x00bc9993) slli    s3, s9, 11
core   0: 3 0x8000714c (0x00bc9993) x19 0xe453a000
core   0: 0x80007150 (0x02560863) beq     a2, t0, pc + 48
core   0: 3 0x80007150 (0x02560863)
core   0: 0x80007154 (0x0000100f) fence.i
core   0: 3 0x80007154 (0x0000100f)
core   0: 0x80007158 (0x01a04933) xor     s2, zero, s10
core   0: 3 0x80007158 (0x01a04933) x18 0x00000000
core   0: 0x8000715c (0x03a2fe63) bgeu    t0, s10, pc + 60
core   0: 3 0x8000715c (0x03a2fe63)
core   0: 0x80007198 (0x005201b3) add     gp, tp, t0
core   0: 3 0x80007198 (0x005201b3) x 3 0x007f0574
core   0: 0x8000719c (0x00c17f33) and     t5, sp, a2
core   0: 3 0x8000719c (0x00c17f33) x30 0x00000001
core   0: 0x800071a0 (0x01ce5993) srli    s3, t3, 28
core   0: 3 0x800071a0 (0x01ce5993) x19 0x00000000
core   0: 0x800071a4 (0x51242713) slti    a4, s0, 1298
core   0: 3 0x800071a4 (0x51242713) x14 0x00000001
core   0: 0x800071a8 (0x00032133) slt     sp, t1, zero
core   0: 3 0x800071a8 (0x00032133) x 2 0x00000000
core   0: 0x800071ac (0x0377e863) bltu    a5, s7, pc + 48
core   0: 3 0x800071ac (0x0377e863)
core   0: 0x800071b0 (0x415ba017) auipc   zero, 0x415ba
core   0: 3 0x800071b0 (0x415ba017)
core   0: 0x800071b4 (0x7d8c0a93) addi    s5, s8, 2008
core   0: 3 0x800071b4 (0x7d8c0a93) x21 0x00000b3a
core   0: 0x800071b8 (0x012f1613) slli    a2, t5, 18
core   0: 3 0x800071b8 (0x012f1613) x12 0x00040000
core   0: 0x800071bc (0x004d7263) bgeu    s10, tp, pc + 4
core   0: 3 0x800071bc (0x004d7263)
core   0: 0x800071c0 (0x032d1863) bne     s10, s2, pc + 48
core   0: 3 0x800071c0 (0x032d1863)
core   0: 0x800071c4 (0x00eb31b3) sltu    gp, s6, a4
core   0: 3 0x800071c4 (0x00eb31b3) x 3 0x00000000
core   0: 0x800071c8 (0x41dc5633) sra     a2, s8, t4
core   0: 3 0x800071c8 (0x41dc5633) x12 0x00000362
core   0: 0x800071cc (0x2c6ef913) andi    s2, t4, 710
core   0: 3 0x800071cc (0x2c6ef913) x18 0x00000000
core   0: 0x800071d0 (0x5d169997) auipc   s3, 0x5d169
core   0: 3 0x800071d0 (0x5d169997) x19 0xdd1701d0
core   0: 0x800071d4 (0x01f06733) or      a4, zero, t6
core   0: 3 0x800071d4 (0x01f06733) x14 0x00000000
core   0: 0x800071d8 (0x00000013) nop
core   0: 3 0x800071d8 (0x00000013)
core   0: 0x800071dc (0x01741593) slli    a1, s0, 23
core   0: 3 0x800071dc (0x01741593) x11 0xb1800000
core   0: 0x800071e0 (0x02198863) beq     s3, ra, pc + 48
core   0: 3 0x800071e0 (0x02198863)
core   0: 0x800071e4 (0x01d31a13) slli    s4, t1, 29
core   0: 3 0x800071e4 (0x01d31a13) x20 0x00000000
core   0: 0x800071e8 (0x01dad2b3) srl     t0, s5, t4
core   0: 3 0x800071e8 (0x01dad2b3) x 5 0x00000b3a
core   0: 0x800071ec (0x44dbba93) sltiu   s5, s7, 1101
core   0: 3 0x800071ec (0x44dbba93) x21 0x00000001
core   0: 0x800071f0 (0x00501a63) bne     zero, t0, pc + 20
core   0: 3 0x800071f0 (0x00501a63)
core   0: 0x80007204 (0x903e1b17) auipc   s6, 0x903e1
core   0: 3 0x80007204 (0x903e1b17) x22 0x103e8204
core   0: 0x80007208 (0x0ff0000f) fence   iorw,iorw
core   0: 3 0x80007208 (0x0ff0000f)
core   0: 0x8000720c (0xec068693) addi    a3, a3, -320
core   0: 3 0x8000720c (0xec068693) x13 0x80028ba4
core   0: 0x80007210 (0x3afa33b7) lui     t2, 0x3afa3
core   0: 3 0x80007210 (0x3afa33b7) x 7 0x3afa3000
core   0: 0x80007214 (0xd974b093) sltiu   ra, s1, -617
core   0: 3 0x80007214 (0xd974b093) x 1 0x00000001
core   0: 0x80007218 (0xf22a4117) auipc   sp, 0xf22a4
core   0: 3 0x80007218 (0xf22a4117) x 2 0x722ab218
core   0: 0x8000721c (0x0000100f) fence.i
core   0: 3 0x8000721c (0x0000100f)
core   0: 0x80007220 (0x01d31913) slli    s2, t1, 29
core   0: 3 0x80007220 (0x01d31913) x18 0x00000000
core   0: 0x80007224 (0x20578b97) auipc   s7, 0x20578
core   0: 3 0x80007224 (0x20578b97) x23 0xa057f224
core   0: 0x80007228 (0x002774b3) and     s1, a4, sp
core   0: 3 0x80007228 (0x002774b3) x 9 0x00000000
core   0: 0x8000722c (0x007ad9b3) srl     s3, s5, t2
core   0: 3 0x8000722c (0x007ad9b3) x19 0x00000001
core   0: 0x80007230 (0x34483913) sltiu   s2, a6, 836
core   0: 3 0x80007230 (0x34483913) x18 0x00000000
core   0: 0x80007234 (0xe5562ab7) lui     s5, 0xe5562
core   0: 3 0x80007234 (0xe5562ab7) x21 0xe5562000
core   0: 0x80007238 (0x016ca1b3) slt     gp, s9, s6
core   0: 3 0x80007238 (0x016ca1b3) x 3 0x00000001
core   0: 0x8000723c (0x00a16233) or      tp, sp, a0
core   0: 3 0x8000723c (0x00a16233) x 4 0x722ab218
core   0: 0x80007240 (0x40fddd93) srai    s11, s11, 15
core   0: 3 0x80007240 (0x40fddd93) x27 0x00000000
core   0: 0x80007244 (0x41c4db33) sra     s6, s1, t3
core   0: 3 0x80007244 (0x41c4db33) x22 0x00000000
core   0: 0x80007248 (0x007574b3) and     s1, a0, t2
core   0: 3 0x80007248 (0x007574b3) x 9 0x00000000
core   0: 0x8000724c (0xa2874d13) xori    s10, a4, -1496
core   0: 3 0x8000724c (0xa2874d13) x26 0xfffffa28
core   0: 0x80007250 (0x00000013) nop
core   0: 3 0x80007250 (0x00000013)
core   0: 0x80007254 (0x0a76c863) blt     a3, t2, pc + 176
core   0: 3 0x80007254 (0x0a76c863)
core   0: 0x80007304 (0xdcb6ae93) slti    t4, a3, -565
core   0: 3 0x80007304 (0xdcb6ae93) x29 0x00000001
core   0: 0x80007308 (0xa870ca93) xori    s5, ra, -1401
core   0: 3 0x80007308 (0xa870ca93) x21 0xfffffa86
core   0: 0x8000730c (0x01eaf263) bgeu    s5, t5, pc + 4
core   0: 3 0x8000730c (0x01eaf263)
core   0: 0x80007310 (0x00499eb3) sll     t4, s3, tp
core   0: 3 0x80007310 (0x00499eb3) x29 0x01000000
core   0: 0x80007314 (0x00d5c233) xor     tp, a1, a3
core   0: 3 0x80007314 (0x00d5c233) x 4 0x31828ba4
core   0: 0x80007318 (0x01d033b3) snez    t2, t4
core   0: 3 0x80007318 (0x01d033b3) x 7 0x00000001
core   0: 0x8000731c (0x41f2d113) srai    sp, t0, 31
core   0: 3 0x8000731c (0x41f2d113) x 2 0x00000000
core   0: 0x80007320 (0x0ff0000f) fence   iorw,iorw
core   0: 3 0x80007320 (0x0ff0000f)
core   0: 0x80007324 (0x01fa61b3) or      gp, s4, t6
core   0: 3 0x80007324 (0x01fa61b3) x 3 0x00000000
core   0: 0x80007328 (0x018bd0b3) srl     ra, s7, s8
core   0: 3 0x80007328 (0x018bd0b3) x 1 0x2815fc89
core   0: 0x8000732c (0x015dbd33) sltu    s10, s11, s5
core   0: 3 0x8000732c (0x015dbd33) x26 0x00000001
core   0: 0x80007330 (0x406851b3) sra     gp, a6, t1
core   0: 3 0x80007330 (0x406851b3) x 3 0x80000000
core   0: 0x80007334 (0x0fb88713) addi    a4, a7, 251
core   0: 3 0x80007334 (0x0fb88713) x14 0x80028ddf
core   0: 0x80007338 (0x24554617) auipc   a2, 0x24554
core   0: 3 0x80007338 (0x24554617) x12 0xa455b338
core   0: 0x8000733c (0xf267b493) sltiu   s1, a5, -218
core   0: 3 0x8000733c (0xf267b493) x 9 0x00000001
core   0: 0x80007340 (0x00f45bb3) srl     s7, s0, a5
core   0: 3 0x80007340 (0x00f45bb3) x23 0x00000036
core   0: 0x80007344 (0x00a16eb3) or      t4, sp, a0
core   0: 3 0x80007344 (0x00a16eb3) x29 0x00000000
core   0: 0x80007348 (0x00c653b3) srl     t2, a2, a2
core   0: 3 0x80007348 (0x00c653b3) x 7 0x000000a4
core   0: 0x8000734c (0x005f6c63) bltu    t5, t0, pc + 24
core   0: 3 0x8000734c (0x005f6c63)
core   0: 0x80007364 (0x00000013) nop
core   0: 3 0x80007364 (0x00000013)
core   0: 0x80007368 (0x007ee0b3) or      ra, t4, t2
core   0: 3 0x80007368 (0x007ee0b3) x 1 0x000000a4
core   0: 0x8000736c (0x02db9063) bne     s7, a3, pc + 32
core   0: 3 0x8000736c (0x02db9063)
core   0: 0x8000738c (0x00cc5193) srli    gp, s8, 12
core   0: 3 0x8000738c (0x00cc5193) x 3 0x00000000
core   0: 0x80007390 (0x00000013) nop
core   0: 3 0x80007390 (0x00000013)
core   0: 0x80007394 (0x03f7fc63) bgeu    a5, t6, pc + 56
core   0: 3 0x80007394 (0x03f7fc63)
core   0: 0x800073cc (0x004e4eb3) xor     t4, t3, tp
core   0: 3 0x800073cc (0x004e4eb3) x29 0x31828ba3
core   0: 0x800073d0 (0x04e08663) beq     ra, a4, pc + 76
core   0: 3 0x800073d0 (0x04e08663)
core   0: 0x800073d4 (0x0002fdb3) and     s11, t0, zero
core   0: 3 0x800073d4 (0x0002fdb3) x27 0x00000000
core   0: 0x800073d8 (0x00000013) nop
core   0: 3 0x800073d8 (0x00000013)
core   0: 0x800073dc (0x006f9333) sll     t1, t6, t1
core   0: 3 0x800073dc (0x006f9333) x 6 0x00000000
core   0: 0x800073e0 (0x410d5293) srai    t0, s10, 16
core   0: 3 0x800073e0 (0x410d5293) x 5 0x00000000
core   0: 0x800073e4 (0x00000013) nop
core   0: 3 0x800073e4 (0x00000013)
core   0: 0x800073e8 (0x40f58033) sub     zero, a1, a5
core   0: 3 0x800073e8 (0x40f58033)
core   0: 0x800073ec (0x05820863) beq     tp, s8, pc + 80
core   0: 3 0x800073ec (0x05820863)
core   0: 0x800073f0 (0x1fdb3d13) sltiu   s10, s6, 509
core   0: 3 0x800073f0 (0x1fdb3d13) x26 0x00000001
core   0: 0x800073f4 (0x00755bb3) srl     s7, a0, t2
core   0: 3 0x800073f4 (0x00755bb3) x23 0x00000000
core   0: 0x800073f8 (0x00c9dab3) srl     s5, s3, a2
core   0: 3 0x800073f8 (0x00c9dab3) x21 0x00000000
core   0: 0x800073fc (0x6401eb13) ori     s6, gp, 1600
core   0: 3 0x800073fc (0x6401eb13) x22 0x00000640
core   0: 0x80007400 (0x00f7f4b3) and     s1, a5, a5
core   0: 3 0x80007400 (0x00f7f4b3) x 9 0x80024e04
core   0: 0x80007404 (0x00ac8533) add     a0, s9, a0
core   0: 3 0x80007404 (0x00ac8533) x10 0xfffc8a74
core   0: 0x80007408 (0x929e2937) lui     s2, 0x929e2
core   0: 3 0x80007408 (0x929e2937) x18 0x929e2000
core   0: 0x8000740c (0x018ec9b3) xor     s3, t4, s8
core   0: 3 0x8000740c (0x018ec9b3) x19 0x318288c1
core   0: 0x80007410 (0x01a7f863) bgeu    a5, s10, pc + 16
core   0: 3 0x80007410 (0x01a7f863)
core   0: 0x80007420 (0x22d8f013) andi    zero, a7, 557
core   0: 3 0x80007420 (0x22d8f013)
core   0: 0x80007424 (0x01c68d33) add     s10, a3, t3
core   0: 3 0x80007424 (0x01c68d33) x26 0x80028bab
core   0: 0x80007428 (0x00aafd33) and     s10, s5, a0
core   0: 3 0x80007428 (0x00aafd33) x26 0x00000000
core   0: 0x8000742c (0x6ed23013) sltiu   zero, tp, 1773
core   0: 3 0x8000742c (0x6ed23013)
core   0: 0x80007430 (0x05385463) bge     a6, s3, pc + 72
core   0: 3 0x80007430 (0x05385463)
core   0: 0x80007434 (0x40345eb3) sra     t4, s0, gp
core   0: 3 0x80007434 (0x40345eb3) x29 0x00000363
core   0: 0x80007438 (0x01864e33) xor     t3, a2, s8
core   0: 3 0x80007438 (0x01864e33) x28 0xa455b05a
core   0: 0x8000743c (0x01851513) slli    a0, a0, 24
core   0: 3 0x8000743c (0x01851513) x10 0x74000000
core   0: 0x80007440 (0x00fa5463) bge     s4, a5, pc + 8
core   0: 3 0x80007440 (0x00fa5463)
core   0: 0x80007448 (0x405c5f13) srai    t5, s8, 5
core   0: 3 0x80007448 (0x405c5f13) x30 0x0000001b
core   0: 0x8000744c (0x00fca633) slt     a2, s9, a5
core   0: 3 0x8000744c (0x00fca633) x12 0x00000000
core   0: 0x80007450 (0x012a9a13) slli    s4, s5, 18
core   0: 3 0x80007450 (0x012a9a13) x20 0x00000000
core   0: 0x80007454 (0x75f4f193) andi    gp, s1, 1887
core   0: 3 0x80007454 (0x75f4f193) x 3 0x00000604
core   0: 0x80007458 (0x01445e33) srl     t3, s0, s4
core   0: 3 0x80007458 (0x01445e33) x28 0x00000363
core   0: 0x8000745c (0x4171dab3) sra     s5, gp, s7
core   0: 3 0x8000745c (0x4171dab3) x21 0x00000604
core   0: 0x80007460 (0x02047863) bgeu    s0, zero, pc + 48
core   0: 3 0x80007460 (0x02047863)
core   0: 0x80007490 (0xf59fff93) andi    t6, t6, -167
core   0: 3 0x80007490 (0xf59fff93) x31 0x00000000
core   0: 0x80007494 (0x066c4737) lui     a4, 0x66c4
core   0: 3 0x80007494 (0x066c4737) x14 0x066c4000
core   0: 0x80007498 (0x006baeb3) slt     t4, s7, t1
core   0: 3 0x80007498 (0x006baeb3) x29 0x00000000
core   0: 0x8000749c (0x004ad113) srli    sp, s5, 4
core   0: 3 0x8000749c (0x004ad113) x 2 0x00000060
core   0: 0x800074a0 (0x01277033) and     zero, a4, s2
core   0: 3 0x800074a0 (0x01277033)
core   0: 0x800074a4 (0x6cec8913) addi    s2, s9, 1742
core   0: 3 0x800074a4 (0x6cec8913) x18 0xfffc9142
core   0: 0x800074a8 (0x00142fb3) slt     t6, s0, ra
core   0: 3 0x800074a8 (0x00142fb3) x31 0x00000000
core   0: 0x800074ac (0x04c25663) bge     tp, a2, pc + 76
core   0: 3 0x800074ac (0x04c25663)
core   0: 0x800074f8 (0xe258eb93) ori     s7, a7, -475
core   0: 3 0x800074f8 (0xe258eb93) x23 0xfffffee5
core   0: 0x800074fc (0x0576f463) bgeu    a3, s7, pc + 72
core   0: 3 0x800074fc (0x0576f463)
core   0: 0x80007500 (0x01fc6e63) bltu    s8, t6, pc + 28
core   0: 3 0x80007500 (0x01fc6e63)
core   0: 0x80007504 (0xe9ef4913) xori    s2, t5, -354
core   0: 3 0x80007504 (0xe9ef4913) x18 0xfffffe85
core   0: 0x80007508 (0x9d16cf37) lui     t5, 0x9d16c
core   0: 3 0x80007508 (0x9d16cf37) x30 0x9d16c000
core   0: 0x8000750c (0x013c8e33) add     t3, s9, s3
core   0: 3 0x8000750c (0x013c8e33) x28 0x317f1335
core   0: 0x80007510 (0x01bbc263) blt     s7, s11, pc + 4
core   0: 3 0x80007510 (0x01bbc263)
core   0: 0x80007514 (0x01465fb3) srl     t6, a2, s4
core   0: 3 0x80007514 (0x01465fb3) x31 0x00000000
core   0: 0x80007518 (0x00aee0b3) or      ra, t4, a0
core   0: 3 0x80007518 (0x00aee0b3) x 1 0x74000000
core   0: 0x8000751c (0x0109ad33) slt     s10, s3, a6
core   0: 3 0x8000751c (0x0109ad33) x26 0x00000000
core   0: 0x80007520 (0xe40cff93) andi    t6, s9, -448
core   0: 3 0x80007520 (0xe40cff93) x31 0xfffc8a40
core   0: 0x80007524 (0x0ff0000f) fence   iorw,iorw
core   0: 3 0x80007524 (0x0ff0000f)
core   0: 0x80007528 (0x6822f493) andi    s1, t0, 1666
core   0: 3 0x80007528 (0x6822f493) x 9 0x00000000
core   0: 0x8000752c (0x018ab9b3) sltu    s3, s5, s8
core   0: 3 0x8000752c (0x018ab9b3) x19 0x00000000
core   0: 0x80007530 (0x81024113) xori    sp, tp, -2032
core   0: 3 0x80007530 (0x81024113) x 2 0xce7d73b4
core   0: 0x80007534 (0x6e7a9a37) lui     s4, 0x6e7a9
core   0: 3 0x80007534 (0x6e7a9a37) x20 0x6e7a9000
core   0: 0x80007538 (0x0c2e6f37) lui     t5, 0xc2e6
core   0: 3 0x80007538 (0x0c2e6f37) x30 0x0c2e6000
core   0: 0x8000753c (0x01828cb3) add     s9, t0, s8
core   0: 3 0x8000753c (0x01828cb3) x25 0x00000362
core   0: 0x80007540 (0x50cb3a13) sltiu   s4, s6, 1292
core   0: 3 0x80007540 (0x50cb3a13) x20 0x00000000
core   0: 0x80007544 (0x041ad863) bge     s5, ra, pc + 80
core   0: 3 0x80007544 (0x041ad863)
core   0: 0x80007548 (0x00000013) nop
core   0: 3 0x80007548 (0x00000013)
core   0: 0x8000754c (0x0011e1b3) or      gp, gp, ra
core   0: 3 0x8000754c (0x0011e1b3) x 3 0x74000604
core   0: 0x80007550 (0x00589313) slli    t1, a7, 5
core   0: 3 0x80007550 (0x00589313) x 6 0x00519c80
core   0: 0x80007554 (0x01186533) or      a0, a6, a7
core   0: 3 0x80007554 (0x01186533) x10 0x80028ce4
core   0: 0x80007558 (0x03a88c93) addi    s9, a7, 58
core   0: 3 0x80007558 (0x03a88c93) x25 0x80028d1e
core   0: 0x8000755c (0xe4904993) xori    s3, zero, -439
core   0: 3 0x8000755c (0xe4904993) x19 0xfffffe49
core   0: 0x80007560 (0x0000100f) fence.i
core   0: 3 0x80007560 (0x0000100f)
core   0: 0x80007564 (0x040d0463) beqz    s10, pc + 72
core   0: 3 0x80007564 (0x040d0463)
core   0: 0x800075ac (0x00279263) bne     a5, sp, pc + 4
core   0: 3 0x800075ac (0x00279263)
core   0: 0x800075b0 (0x255f0613) addi    a2, t5, 597
core   0: 3 0x800075b0 (0x255f0613) x12 0x0c2e6255
core   0: 0x800075b4 (0x00ec9313) slli    t1, s9, 14
core   0: 3 0x800075b4 (0x00ec9313) x 6 0xa3478000
core   0: 0x800075b8 (0x01ad6fb3) or      t6, s10, s10
core   0: 3 0x800075b8 (0x01ad6fb3) x31 0x00000000
core   0: 0x800075bc (0x00a0e733) or      a4, ra, a0
core   0: 3 0x800075bc (0x00a0e733) x14 0xf4028ce4
core   0: 0x800075c0 (0x01145a63) bge     s0, a7, pc + 20
core   0: 3 0x800075c0 (0x01145a63)
core   0: 0x800075d4 (0x04486663) bltu    a6, tp, pc + 76
core   0: 3 0x800075d4 (0x04486663)
core   0: 0x800075d8 (0x9d21cfb7) lui     t6, 0x9d21c
core   0: 3 0x800075d8 (0x9d21cfb7) x31 0x9d21c000
core   0: 0x800075dc (0x00fe60b3) or      ra, t3, a5
core   0: 3 0x800075dc (0x00fe60b3) x 1 0xb17f5f35
core   0: 0x800075e0 (0xd965ff93) andi    t6, a1, -618
core   0: 3 0x800075e0 (0xd965ff93) x31 0xb1800000
core   0: 0x800075e4 (0x58837c93) andi    s9, t1, 1416
core   0: 3 0x800075e4 (0x58837c93) x25 0x00000000
core   0: 0x800075e8 (0x11974513) xori    a0, a4, 281
core   0: 3 0x800075e8 (0x11974513) x10 0xf4028dfd
core   0: 0x800075ec (0x022bfc63) bgeu    s7, sp, pc + 56
core   0: 3 0x800075ec (0x022bfc63)
core   0: 0x80007624 (0x004001b3) add     gp, zero, tp
core   0: 3 0x80007624 (0x004001b3) x 3 0x31828ba4
core   0: 0x80007628 (0x025b7663) bgeu    s6, t0, pc + 44
core   0: 3 0x80007628 (0x025b7663)
core   0: 0x80007654 (0xd6d13c13) sltiu   s8, sp, -659
core   0: 3 0x80007654 (0xd6d13c13) x24 0x00000001
core   0: 0x80007658 (0x0ff0000f) fence   iorw,iorw
core   0: 3 0x80007658 (0x0ff0000f)
core   0: 0x8000765c (0x023ed863) bge     t4, gp, pc + 48
core   0: 3 0x8000765c (0x023ed863)
core   0: 0x80007660 (0x00000013) nop
core   0: 3 0x80007660 (0x00000013)
core   0: 0x80007664 (0x3a137e97) auipc   t4, 0x3a137
core   0: 3 0x80007664 (0x3a137e97) x29 0xba13e664
core   0: 0x80007668 (0x6ff93393) sltiu   t2, s2, 1791
core   0: 3 0x80007668 (0x6ff93393) x 7 0x00000000
core   0: 0x8000766c (0x00e46263) bltu    s0, a4, pc + 4
core   0: 3 0x8000766c (0x00e46263)
core   0: 0x80007670 (0x4157d3b3) sra     t2, a5, s5
core   0: 3 0x80007670 (0x4157d3b3) x 7 0xf80024e0
core   0: 0x80007674 (0x411d5193) srai    gp, s10, 17
core   0: 3 0x80007674 (0x411d5193) x 3 0x00000000
core   0: 0x80007678 (0x05198863) beq     s3, a7, pc + 80
core   0: 3 0x80007678 (0x05198863)
core   0: 0x8000767c (0x034b9863) bne     s7, s4, pc + 48
core   0: 3 0x8000767c (0x034b9863)
core   0: 0x800076ac (0x0000100f) fence.i
core   0: 3 0x800076ac (0x0000100f)
core   0: 0x800076b0 (0x01c55633) srl     a2, a0, t3
core   0: 3 0x800076b0 (0x01c55633) x12 0x000007a0
core   0: 0x800076b4 (0x043a4463) blt     s4, gp, pc + 72
core   0: 3 0x800076b4 (0x043a4463)
core   0: 0x800076b8 (0x04848463) beq     s1, s0, pc + 72
core   0: 3 0x800076b8 (0x04848463)
core   0: 0x800076bc (0x010d8e33) add     t3, s11, a6
core   0: 3 0x800076bc (0x010d8e33) x28 0x80000000
core   0: 0x800076c0 (0x00dd44b3) xor     s1, s10, a3
core   0: 3 0x800076c0 (0x00dd44b3) x 9 0x80028ba4
core   0: 0x800076c4 (0x02a19c63) bne     gp, a0, pc + 56
core   0: 3 0x800076c4 (0x02a19c63)
core   0: 0x800076fc (0x03ff6863) bltu    t5, t6, pc + 48
core   0: 3 0x800076fc (0x03ff6863)
core   0: 0x8000772c (0x954d6913) ori     s2, s10, -1708
core   0: 3 0x8000772c (0x954d6913) x18 0xfffff954
core   0: 0x80007730 (0x9bd54193) xori    gp, a0, -1603
core   0: 3 0x80007730 (0x9bd54193) x 3 0x0bfd7440
core   0: 0x80007734 (0x111b5337) lui     t1, 0x111b5
core   0: 3 0x80007734 (0x111b5337) x 6 0x111b5000
core   0: 0x80007738 (0x63208b93) addi    s7, ra, 1586
core   0: 3 0x80007738 (0x63208b93) x23 0xb17f6567
core   0: 0x8000773c (0x0ff0000f) fence   iorw,iorw
core   0: 3 0x8000773c (0x0ff0000f)
core   0: 0x80007740 (0x1d7b8993) addi    s3, s7, 471
core   0: 3 0x80007740 (0x1d7b8993) x19 0xb17f673e
core   0: 0x80007744 (0x40a380b3) sub     ra, t2, a0
core   0: 3 0x80007744 (0x40a380b3) x 1 0x03fd96e3
core   0: 0x80007748 (0xde4c6693) ori     a3, s8, -540
core   0: 3 0x80007748 (0xde4c6693) x13 0xfffffde5
core   0: 0x8000774c (0x00187e33) and     t3, a6, ra
core   0: 3 0x8000774c (0x00187e33) x28 0x00000000
core   0: 0x80007750 (0x016b6f13) ori     t5, s6, 22
core   0: 3 0x80007750 (0x016b6f13) x30 0x00000656
core   0: 0x80007754 (0x00e88d33) add     s10, a7, a4
core   0: 3 0x80007754 (0x00e88d33) x26 0x740519c8
core   0: 0x80007758 (0x000caa33) slt     s4, s9, zero
core   0: 3 0x80007758 (0x000caa33) x20 0x00000000
core   0: 0x8000775c (0x00eddc13) srli    s8, s11, 14
core   0: 3 0x8000775c (0x00eddc13) x24 0x00000000
core   0: 0x80007760 (0x3d71aa13) slti    s4, gp, 983
core   0: 3 0x80007760 (0x3d71aa13) x20 0x00000000
core   0: 0x80007764 (0x00d8dc93) srli    s9, a7, 13
core   0: 3 0x80007764 (0x00d8dc93) x25 0x00040014
core   0: 0x80007768 (0x00000013) nop
core   0: 3 0x80007768 (0x00000013)
core   0: 0x8000776c (0x0674da17) auipc   s4, 0x674d
core   0: 3 0x8000776c (0x0674da17) x20 0x8675476c
core   0: 0x80007770 (0x00db0db3) add     s11, s6, a3
core   0: 3 0x80007770 (0x00db0db3) x27 0x00000425
core   0: 0x80007774 (0xf41efc93) andi    s9, t4, -191
core   0: 3 0x80007774 (0xf41efc93) x25 0xba13e640
core   0: 0x80007778 (0x3e137a13) andi    s4, t1, 993
core   0: 3 0x80007778 (0x3e137a13) x20 0x00000000
core   0: 0x8000777c (0x00443ab3) sltu    s5, s0, tp
core   0: 3 0x8000777c (0x00443ab3) x21 0x00000001
core   0: 0x80007780 (0x038fd863) bge     t6, s8, pc + 48
core   0: 3 0x80007780 (0x038fd863)
core   0: 0x80007784 (0x01b45693) srli    a3, s0, 27
core   0: 3 0x80007784 (0x01b45693) x13 0x00000000
core   0: 0x80007788 (0x380e1997) auipc   s3, 0x380e1
core   0: 3 0x80007788 (0x380e1997) x19 0xb80e8788
core   0: 0x8000778c (0x002c7433) and     s0, s8, sp
core   0: 3 0x8000778c (0x002c7433) x 8 0x00000000
core   0: 0x80007790 (0xbd07f993) andi    s3, a5, -1072
core   0: 3 0x80007790 (0xbd07f993) x19 0x80024a00
core   0: 0x80007794 (0xcb337f13) andi    t5, t1, -845
core   0: 3 0x80007794 (0xcb337f13) x30 0x111b5000
core   0: 0x80007798 (0xd3d2e913) ori     s2, t0, -707
core   0: 3 0x80007798 (0xd3d2e913) x18 0xfffffd3d
core   0: 0x8000779c (0xad460293) addi    t0, a2, -1324
core   0: 3 0x8000779c (0xad460293) x 5 0x00000274
core   0: 0x800077a0 (0x000a3cb3) sltu    s9, s4, zero
core   0: 3 0x800077a0 (0x000a3cb3) x25 0x00000000
core   0: 0x800077a4 (0x415a5a93) srai    s5, s4, 21
core   0: 3 0x800077a4 (0x415a5a93) x21 0x00000000
core   0: 0x800077a8 (0x00000013) nop
core   0: 3 0x800077a8 (0x00000013)
core   0: 0x800077ac (0xcda92f17) auipc   t5, 0xcda92
core   0: 3 0x800077ac (0xcda92f17) x30 0x4da997ac
core   0: 0x800077b0 (0x01885e13) srli    t3, a6, 24
core   0: 3 0x800077b0 (0x01885e13) x28 0x00000080
core   0: 0x800077b4 (0x502cce93) xori    t4, s9, 1282
core   0: 3 0x800077b4 (0x502cce93) x29 0x00000502
core   0: 0x800077b8 (0x02514863) blt     sp, t0, pc + 48
core   0: 3 0x800077b8 (0x02514863)
core   0: 0x800077e8 (0x40a95e33) sra     t3, s2, a0
core   0: 3 0x800077e8 (0x40a95e33) x28 0xffffffff
core   0: 0x800077ec (0x01a81db3) sll     s11, a6, s10
core   0: 3 0x800077ec (0x01a81db3) x27 0x00000000
core   0: 0x800077f0 (0x415adf13) srai    t5, s5, 21
core   0: 3 0x800077f0 (0x415adf13) x30 0x00000000
core   0: 0x800077f4 (0x01759f33) sll     t5, a1, s7
core   0: 3 0x800077f4 (0x01759f33) x30 0xc0000000
core   0: 0x800077f8 (0x052f6863) bltu    t5, s2, pc + 80
core   0: 3 0x800077f8 (0x052f6863)
core   0: 0x80007848 (0x4065d6b3) sra     a3, a1, t1
core   0: 3 0x80007848 (0x4065d6b3) x13 0xb1800000
core   0: 0x8000784c (0x02cef863) bgeu    t4, a2, pc + 48
core   0: 3 0x8000784c (0x02cef863)
core   0: 0x80007850 (0x0144d113) srli    sp, s1, 20
core   0: 3 0x80007850 (0x0144d113) x 2 0x00000800
core   0: 0x80007854 (0x04448663) beq     s1, tp, pc + 76
core   0: 3 0x80007854 (0x04448663)
core   0: 0x80007858 (0x034bee63) bltu    s7, s4, pc + 60
core   0: 3 0x80007858 (0x034bee63)
core   0: 0x8000785c (0x01371d13) slli    s10, a4, 19
core   0: 3 0x8000785c (0x01371d13) x26 0x67200000
core   0: 0x80007860 (0x00191c13) slli    s8, s2, 1
core   0: 3 0x80007860 (0x00191c13) x24 0xfffffa7a
core   0: 0x80007864 (0x01741263) bne     s0, s7, pc + 4
core   0: 3 0x80007864 (0x01741263)
core   0: 0x80007868 (0x045d9263) bne     s11, t0, pc + 68
core   0: 3 0x80007868 (0x045d9263)
core   0: 0x800078ac (0x076b7113) andi    sp, s6, 118
core   0: 3 0x800078ac (0x076b7113) x 2 0x00000040
core   0: 0x800078b0 (0x01319e63) bne     gp, s3, pc + 28
core   0: 3 0x800078b0 (0x01319e63)
core   0: 0x800078cc (0x03cec663) blt     t4, t3, pc + 44
core   0: 3 0x800078cc (0x03cec663)
core   0: 0x800078d0 (0x00240a63) beq     s0, sp, pc + 20
core   0: 3 0x800078d0 (0x00240a63)
core   0: 0x800078d4 (0x007d4133) xor     sp, s10, t2
core   0: 3 0x800078d4 (0x007d4133) x 2 0x9f2024e0
core   0: 0x800078d8 (0x408b5f33) sra     t5, s6, s0
core   0: 3 0x800078d8 (0x408b5f33) x30 0x00000640
core   0: 0x800078dc (0x04f0d463) bge     ra, a5, pc + 72
core   0: 3 0x800078dc (0x04f0d463)
core   0: 0x80007924 (0x0049d093) srli    ra, s3, 4
core   0: 3 0x80007924 (0x0049d093) x 1 0x080024a0
core   0: 0x80007928 (0x0000100f) fence.i
core   0: 3 0x80007928 (0x0000100f)
core   0: 0x8000792c (0xd85c5037) lui     zero, 0xd85c5
core   0: 3 0x8000792c (0xd85c5037)
core   0: 0x80007930 (0x01955933) srl     s2, a0, s9
core   0: 3 0x80007930 (0x01955933) x18 0xf4028dfd
core   0: 0x80007934 (0x0037d263) bge     a5, gp, pc + 4
core   0: 3 0x80007934 (0x0037d263)
core   0: 0x80007938 (0x01594533) xor     a0, s2, s5
core   0: 3 0x80007938 (0x01594533) x10 0xf4028dfd
core   0: 0x8000793c (0x8fef3393) sltiu   t2, t5, -1794
core   0: 3 0x8000793c (0x8fef3393) x 7 0x00000001
core   0: 0x80007940 (0x0000100f) fence.i
core   0: 3 0x80007940 (0x0000100f)
core   0: 0x80007944 (0x056cc263) blt     s9, s6, pc + 68
core   0: 3 0x80007944 (0x056cc263)
core   0: 0x80007988 (0x00214a33) xor     s4, sp, sp
core   0: 3 0x80007988 (0x00214a33) x20 0x00000000
core   0: 0x8000798c (0x0139bfb3) sltu    t6, s3, s3
core   0: 3 0x8000798c (0x0139bfb3) x31 0x00000000
core   0: 0x80007990 (0x05e97463) bgeu    s2, t5, pc + 72
core   0: 3 0x80007990 (0x05e97463)
core   0: 0x800079d8 (0x417a54b3) sra     s1, s4, s7
core   0: 3 0x800079d8 (0x417a54b3) x 9 0x00000000
core   0: 0x800079dc (0x41f5d1b3) sra     gp, a1, t6
core   0: 3 0x800079dc (0x41f5d1b3) x 3 0xb1800000
core   0: 0x800079e0 (0x0511c463) blt     gp, a7, pc + 72
core   0: 3 0x800079e0 (0x0511c463)
core   0: 0x800079e4 (0x00141513) slli    a0, s0, 1
core   0: 3 0x800079e4 (0x00141513) x10 0x00000000
core   0: 0x800079e8 (0x01510c33) add     s8, sp, s5
core   0: 3 0x800079e8 (0x01510c33) x24 0x9f2024e0
core   0: 0x800079ec (0x034f5863) bge     t5, s4, pc + 48
core   0: 3 0x800079ec (0x034f5863)
core   0: 0x80007a1c (0xd0aa6193) ori     gp, s4, -758
core   0: 3 0x80007a1c (0xd0aa6193) x 3 0xfffffd0a
core   0: 0x80007a20 (0x02904e63) blt     zero, s1, pc + 60
core   0: 3 0x80007a20 (0x02904e63)
core   0: 0x80007a24 (0x410359b3) sra     s3, t1, a6
core   0: 3 0x80007a24 (0x410359b3) x19 0x111b5000
core   0: 0x80007a28 (0x40cd59b3) sra     s3, s10, a2
core   0: 3 0x80007a28 (0x40cd59b3) x19 0x67200000
core   0: 0x80007a2c (0x01958263) beq     a1, s9, pc + 4
core   0: 3 0x80007a2c (0x01958263)
core   0: 0x80007a30 (0x03849863) bne     s1, s8, pc + 48
core   0: 3 0x80007a30 (0x03849863)
core   0: 0x80007a60 (0x42df4193) xori    gp, t5, 1069
core   0: 3 0x80007a60 (0x42df4193) x 3 0x0000026d
core   0: 0x80007a64 (0x11587513) andi    a0, a6, 277
core   0: 3 0x80007a64 (0x11587513) x10 0x00000000
core   0: 0x80007a68 (0x0442f863) bgeu    t0, tp, pc + 80
core   0: 3 0x80007a68 (0x0442f863)
core   0: 0x80007a6c (0xf5bb66b7) lui     a3, 0xf5bb6
core   0: 3 0x80007a6c (0xf5bb66b7) x13 0xf5bb6000
core   0: 0x80007a70 (0x00000013) nop
core   0: 3 0x80007a70 (0x00000013)
core   0: 0x80007a74 (0xb130f4b7) lui     s1, 0xb130f
core   0: 3 0x80007a74 (0xb130f4b7) x 9 0xb130f000
core   0: 0x80007a78 (0x43ec7e13) andi    t3, s8, 1086
core   0: 3 0x80007a78 (0x43ec7e13) x28 0x00000420
core   0: 0x80007a7c (0x00885fb3) srl     t6, a6, s0
core   0: 3 0x80007a7c (0x00885fb3) x31 0x80000000
core   0: 0x80007a80 (0xeaf49437) lui     s0, 0xeaf49
core   0: 3 0x80007a80 (0xeaf49437) x 8 0xeaf49000
core   0: 0x80007a84 (0x0099c9b3) xor     s3, s3, s1
core   0: 3 0x80007a84 (0x0099c9b3) x19 0xd610f000
core   0: 0x80007a88 (0x009a9c13) slli    s8, s5, 9
core   0: 3 0x80007a88 (0x009a9c13) x24 0x00000000
core   0: 0x80007a8c (0x000bbb33) sltu    s6, s7, zero
core   0: 3 0x80007a8c (0x000bbb33) x22 0x00000000
core   0: 0x80007a90 (0x058c8463) beq     s9, s8, pc + 72
core   0: 3 0x80007a90 (0x058c8463)
core   0: 0x80007ad8 (0x034e0663) beq     t3, s4, pc + 44
core   0: 3 0x80007ad8 (0x034e0663)
core   0: 0x80007adc (0x00b01c13) slli    s8, zero, 11
core   0: 3 0x80007adc (0x00b01c13) x24 0x00000000
core   0: 0x80007ae0 (0x003f1ab3) sll     s5, t5, gp
core   0: 3 0x80007ae0 (0x003f1ab3) x21 0x00c80000
core   0: 0x80007ae4 (0x03155c63) bge     a0, a7, pc + 56
core   0: 3 0x80007ae4 (0x03155c63)
core   0: 0x80007b1c (0xdbfa0013) addi    zero, s4, -577
core   0: 3 0x80007b1c (0xdbfa0013)
core   0: 0x80007b20 (0x00faac33) slt     s8, s5, a5
core   0: 3 0x80007b20 (0x00faac33) x24 0x00000000
core   0: 0x80007b24 (0x0000100f) fence.i
core   0: 3 0x80007b24 (0x0000100f)
core   0: 0x80007b28 (0xceb0b637) lui     a2, 0xceb0b
core   0: 3 0x80007b28 (0xceb0b637) x12 0xceb0b000
core   0: 0x80007b2c (0x72fe4d97) auipc   s11, 0x72fe4
core   0: 3 0x80007b2c (0x72fe4d97) x27 0xf2febb2c
core   0: 0x80007b30 (0x7ef57e13) andi    t3, a0, 2031
core   0: 3 0x80007b30 (0x7ef57e13) x28 0x00000000
core   0: 0x80007b34 (0x010b9213) slli    tp, s7, 16
core   0: 3 0x80007b34 (0x010b9213) x 4 0x65670000
core   0: 0x80007b38 (0x01f7d513) srli    a0, a5, 31
core   0: 3 0x80007b38 (0x01f7d513) x10 0x00000001
core   0: 0x80007b3c (0x01eb72b3) and     t0, s6, t5
core   0: 3 0x80007b3c (0x01eb72b3) x 5 0x00000000
core   0: 0x80007b40 (0x05a16663) bltu    sp, s10, pc + 76
core   0: 3 0x80007b40 (0x05a16663)
core   0: 0x80007b44 (0x675f2293) slti    t0, t5, 1653
core   0: 3 0x80007b44 (0x675f2293) x 5 0x00000001
core   0: 0x80007b48 (0x04abe863) bltu    s7, a0, pc + 80
core   0: 3 0x80007b48 (0x04abe863)
core   0: 0x80007b4c (0x02616863) bltu    sp, t1, pc + 48
core   0: 3 0x80007b4c (0x02616863)
core   0: 0x80007b50 (0x00a71ab3) sll     s5, a4, a0
core   0: 3 0x80007b50 (0x00a71ab3) x21 0xe80519c8
core   0: 0x80007b54 (0x03cc5863) bge     s8, t3, pc + 48
core   0: 3 0x80007b54 (0x03cc5863)
core   0: 0x80007b84 (0x798ce713) ori     a4, s9, 1944
core   0: 3 0x80007b84 (0x798ce713) x14 0x00000798
core   0: 0x80007b88 (0x00876733) or      a4, a4, s0
core   0: 3 0x80007b88 (0x00876733) x14 0xeaf49798
core   0: 0x80007b8c (0x01743db3) sltu    s11, s0, s7
core   0: 3 0x80007b8c (0x01743db3) x27 0x00000000
core   0: 0x80007b90 (0x44ef8e93) addi    t4, t6, 1102
core   0: 3 0x80007b90 (0x44ef8e93) x29 0x8000044e
core   0: 0x80007b94 (0x0470f863) bgeu    ra, t2, pc + 80
core   0: 3 0x80007b94 (0x0470f863)
core   0: 0x80007be4 (0x0025d593) srli    a1, a1, 2
core   0: 3 0x80007be4 (0x0025d593) x11 0x2c600000
core   0: 0x80007be8 (0xe463a993) slti    s3, t2, -442
core   0: 3 0x80007be8 (0xe463a993) x19 0x00000000
core   0: 0x80007bec (0x40f4d733) sra     a4, s1, a5
core   0: 3 0x80007bec (0x40f4d733) x14 0xfb130f00
core   0: 0x80007bf0 (0x01757233) and     tp, a0, s7
core   0: 3 0x80007bf0 (0x01757233) x 4 0x00000001
core   0: 0x80007bf4 (0xce3acd13) xori    s10, s5, -797
core   0: 3 0x80007bf4 (0xce3acd13) x26 0x17fae52b
core   0: 0x80007bf8 (0x01604c33) xor     s8, zero, s6
core   0: 3 0x80007bf8 (0x01604c33) x24 0x00000000
core   0: 0x80007bfc (0x0281f063) bgeu    gp, s0, pc + 32
core   0: 3 0x80007bfc (0x0281f063)
core   0: 0x80007c00 (0x0306c063) blt     a3, a6, pc + 32
core   0: 3 0x80007c00 (0x0306c063)
core   0: 0x80007c04 (0x0ff0000f) fence   iorw,iorw
core   0: 3 0x80007c04 (0x0ff0000f)
core   0: 0x80007c08 (0x01e59263) bne     a1, t5, pc + 4
core   0: 3 0x80007c08 (0x01e59263)
core   0: 0x80007c0c (0x0000100f) fence.i
core   0: 3 0x80007c0c (0x0000100f)
core   0: 0x80007c10 (0x924dfb13) andi    s6, s11, -1756
core   0: 3 0x80007c10 (0x924dfb13) x22 0x00000000
core   0: 0x80007c14 (0x00d093b3) sll     t2, ra, a3
core   0: 3 0x80007c14 (0x00d093b3) x 7 0x080024a0
core   0: 0x80007c18 (0x01019733) sll     a4, gp, a6
core   0: 3 0x80007c18 (0x01019733) x14 0x0000026d
core   0: 0x80007c1c (0x018ed263) bge     t4, s8, pc + 4
core   0: 3 0x80007c1c (0x018ed263)
core   0: 0x80007c20 (0x0a0b6e93) ori     t4, s6, 160
core   0: 3 0x80007c20 (0x0a0b6e93) x29 0x000000a0
core   0: 0x80007c24 (0x014bb9b3) sltu    s3, s7, s4
core   0: 3 0x80007c24 (0x014bb9b3) x19 0x00000000
core   0: 0x80007c28 (0xc046fe93) andi    t4, a3, -1020
core   0: 3 0x80007c28 (0xc046fe93) x29 0xf5bb6000
core   0: 0x80007c2c (0x418f8a33) sub     s4, t6, s8
core   0: 3 0x80007c2c (0x418f8a33) x20 0x80000000
core   0: 0x80007c30 (0x40815413) srai    s0, sp, 8
core   0: 3 0x80007c30 (0x40815413) x 8 0xff9f2024
core   0: 0x80007c34 (0x0ff0000f) fence   iorw,iorw
core   0: 3 0x80007c34 (0x0ff0000f)
core   0: 0x80007c38 (0x0ff0000f) fence   iorw,iorw
core   0: 3 0x80007c38 (0x0ff0000f)
core   0: 0x80007c3c (0xb1313b93) sltiu   s7, sp, -1261
core   0: 3 0x80007c3c (0xb1313b93) x23 0x00000001
core   0: 0x80007c40 (0x00000013) nop
core   0: 3 0x80007c40 (0x00000013)
core   0: 0x80007c44 (0xffc00113) li      sp, -4
core   0: 3 0x80007c44 (0xffc00113) x 2 0xfffffffc
core   0: 0x80007c48 (0x00600713) li      a4, 6
core   0: 3 0x80007c48 (0x00600713) x14 0x00000006
core   0: 0x80007c4c (0x02ec7313) andi    t1, s8, 46
core   0: 3 0x80007c4c (0x02ec7313) x 6 0x00000000
core   0: 0x80007c50 (0x00110113) addi    sp, sp, 1
core   0: 3 0x80007c50 (0x00110113) x 2 0xfffffffd
core   0: 0x80007c54 (0xffb00a93) li      s5, -5
core   0: 3 0x80007c54 (0xffb00a93) x21 0xfffffffb
core   0: 0x80007c58 (0xffc00c13) li      s8, -4
core   0: 3 0x80007c58 (0xffc00c13) x24 0xfffffffc
core   0: 0x80007c5c (0x17a9d597) auipc   a1, 0x17a9d
core   0: 3 0x80007c5c (0x17a9d597) x11 0x97aa4c5c
core   0: 0x80007c60 (0x001a8a93) addi    s5, s5, 1
core   0: 3 0x80007c60 (0x001a8a93) x21 0xfffffffc
core   0: 0x80007c64 (0xff8acce3) blt     s5, s8, pc - 8
core   0: 3 0x80007c64 (0xff8acce3)
core   0: 0x80007c68 (0xfee102e3) beq     sp, a4, pc - 28
core   0: 3 0x80007c68 (0xfee102e3)
core   0: 0x80007c6c (0x01914cb3) xor     s9, sp, s9
core   0: 3 0x80007c6c (0x01914cb3) x25 0xfffffffd
core   0: 0x80007c70 (0x00000013) nop
core   0: 3 0x80007c70 (0x00000013)
core   0: 0x80007c74 (0x9b196913) ori     s2, s2, -1615
core   0: 3 0x80007c74 (0x9b196913) x18 0xfffffdfd
core   0: 0x80007c78 (0x00de9313) slli    t1, t4, 13
core   0: 3 0x80007c78 (0x00de9313) x 6 0x6c000000
core   0: 0x80007c7c (0x047ed863) bge     t4, t2, pc + 80
core   0: 3 0x80007c7c (0x047ed863)
core   0: 0x80007c80 (0x03fe7863) bgeu    t3, t6, pc + 48
core   0: 3 0x80007c80 (0x03fe7863)
core   0: 0x80007c84 (0x4cc34393) xori    t2, t1, 1228
core   0: 3 0x80007c84 (0x4cc34393) x 7 0x6c0004cc
core   0: 0x80007c88 (0x041c1263) bne     s8, ra, pc + 68
core   0: 3 0x80007c88 (0x041c1263)
core   0: 0x80007ccc (0xe25fe913) ori     s2, t6, -475
core   0: 3 0x80007ccc (0xe25fe913) x18 0xfffffe25
core   0: 0x80007cd0 (0x0593f663) bgeu    t2, s9, pc + 76
core   0: 3 0x80007cd0 (0x0593f663)
core   0: 0x80007cd4 (0xc2554293) xori    t0, a0, -987
core   0: 3 0x80007cd4 (0xc2554293) x 5 0xfffffc24
core   0: 0x80007cd8 (0x00000013) nop
core   0: 3 0x80007cd8 (0x00000013)
core   0: 0x80007cdc (0x8f2b4493) xori    s1, s6, -1806
core   0: 3 0x80007cdc (0x8f2b4493) x 9 0xfffff8f2
core   0: 0x80007ce0 (0x01ceff33) and     t5, t4, t3
core   0: 3 0x80007ce0 (0x01ceff33) x30 0x00000000
core   0: 0x80007ce4 (0x97bbdc97) auipc   s9, 0x97bbd
core   0: 3 0x80007ce4 (0x97bbdc97) x25 0x17bc4ce4
core   0: 0x80007ce8 (0x40095c13) srai    s8, s2, 0
core   0: 3 0x80007ce8 (0x40095c13) x24 0xfffffe25
core   0: 0x80007cec (0xe6b8f493) andi    s1, a7, -405
core   0: 3 0x80007cec (0xe6b8f493) x 9 0x80028c60
core   0: 0x80007cf0 (0x717ead13) slti    s10, t4, 1815
core   0: 3 0x80007cf0 (0x717ead13) x26 0x00000001
core   0: 0x80007cf4 (0x00e876b3) and     a3, a6, a4
core   0: 3 0x80007cf4 (0x00e876b3) x13 0x00000000
core   0: 0x80007cf8 (0x37c11517) auipc   a0, 0x37c11
core   0: 3 0x80007cf8 (0x37c11517) x10 0xb7c18cf8
core   0: 0x80007cfc (0x15e6b197) auipc   gp, 0x15e6b
core   0: 3 0x80007cfc (0x15e6b197) x 3 0x95e72cfc
core   0: 0x80007d00 (0xe455b393) sltiu   t2, a1, -443
core   0: 3 0x80007d00 (0xe455b393) x 7 0x00000001
core   0: 0x80007d04 (0x000b7a33) and     s4, s6, zero
core   0: 3 0x80007d04 (0x000b7a33) x20 0x00000000
core   0: 0x80007d08 (0x03495517) auipc   a0, 0x3495
core   0: 3 0x80007d08 (0x03495517) x10 0x8349cd08
core   0: 0x80007d0c (0x41a75593) srai    a1, a4, 26
core   0: 3 0x80007d0c (0x41a75593) x11 0x00000000
core   0: 0x80007d10 (0x63404193) xori    gp, zero, 1588
core   0: 3 0x80007d10 (0x63404193) x 3 0x00000634
core   0: 0x80007d14 (0x0936e263) bltu    a3, s3, pc + 132
core   0: 3 0x80007d14 (0x0936e263)
core   0: 0x80007d18 (0x2306b293) sltiu   t0, a3, 560
core   0: 3 0x80007d18 (0x2306b293) x 5 0x00000001
core   0: 0x80007d1c (0x0103fc33) and     s8, t2, a6
core   0: 3 0x80007d1c (0x0103fc33) x24 0x00000000
core   0: 0x80007d20 (0x4f7b7a13) andi    s4, s6, 1271
core   0: 3 0x80007d20 (0x4f7b7a13) x20 0x00000000
core   0: 0x80007d24 (0x01ee40b3) xor     ra, t3, t5
core   0: 3 0x80007d24 (0x01ee40b3) x 1 0x00000000
core   0: 0x80007d28 (0x06039a63) bnez    t2, pc + 116
core   0: 3 0x80007d28 (0x06039a63)
core   0: 0x80007d9c (0xc2182c17) auipc   s8, 0xc2182
core   0: 3 0x80007d9c (0xc2182c17) x24 0x42189d9c
core   0: 0x80007da0 (0x017c7863) bgeu    s8, s7, pc + 16
core   0: 3 0x80007da0 (0x017c7863)
core   0: 0x80007db0 (0x01a38d33) add     s10, t2, s10
core   0: 3 0x80007db0 (0x01a38d33) x26 0x00000002
core   0: 0x80007db4 (0xd9c54697) auipc   a3, 0xd9c54
core   0: 3 0x80007db4 (0xd9c54697) x13 0x59c5bdb4
core   0: 0x80007db8 (0x0112abb3) slt     s7, t0, a7
core   0: 3 0x80007db8 (0x0112abb3) x23 0x00000000
core   0: 0x80007dbc (0x01b0af33) slt     t5, ra, s11
core   0: 3 0x80007dbc (0x01b0af33) x30 0x00000000
core   0: 0x80007dc0 (0x00a804b3) add     s1, a6, a0
core   0: 3 0x80007dc0 (0x00a804b3) x 9 0x0349cd08
core   0: 0x80007dc4 (0x0000100f) fence.i
core   0: 3 0x80007dc4 (0x0000100f)
core   0: 0x80007dc8 (0x02288537) lui     a0, 0x2288
core   0: 3 0x80007dc8 (0x02288537) x10 0x02288000
core   0: 0x80007dcc (0x00795263) bge     s2, t2, pc + 4
core   0: 3 0x80007dcc (0x00795263)
core   0: 0x80007dd0 (0x56e9f913) andi    s2, s3, 1390
core   0: 3 0x80007dd0 (0x56e9f913) x18 0x00000000
core   0: 0x80007dd4 (0x0095a4b3) slt     s1, a1, s1
core   0: 3 0x80007dd4 (0x0095a4b3) x 9 0x00000001
core   0: 0x80007dd8 (0x00c63b33) sltu    s6, a2, a2
core   0: 3 0x80007dd8 (0x00c63b33) x22 0x00000000
core   0: 0x80007ddc (0x03520663) beq     tp, s5, pc + 44
core   0: 3 0x80007ddc (0x03520663)
core   0: 0x80007de0 (0x00b54c33) xor     s8, a0, a1
core   0: 3 0x80007de0 (0x00b54c33) x24 0x02288000
core   0: 0x80007de4 (0xcf5bc913) xori    s2, s7, -779
core   0: 3 0x80007de4 (0xcf5bc913) x18 0xfffffcf5
core   0: 0x80007de8 (0x016a36b3) sltu    a3, s4, s6
core   0: 3 0x80007de8 (0x016a36b3) x13 0x00000000
core   0: 0x80007dec (0x03ba6863) bltu    s4, s11, pc + 48
core   0: 3 0x80007dec (0x03ba6863)
core   0: 0x80007df0 (0x02748863) beq     s1, t2, pc + 48
core   0: 3 0x80007df0 (0x02748863)
core   0: 0x80007e20 (0x0ff0000f) fence   iorw,iorw
core   0: 3 0x80007e20 (0x0ff0000f)
core   0: 0x80007e24 (0x22472993) slti    s3, a4, 548
core   0: 3 0x80007e24 (0x22472993) x19 0x00000001
core   0: 0x80007e28 (0x00f59fb3) sll     t6, a1, a5
core   0: 3 0x80007e28 (0x00f59fb3) x31 0x00000000
core   0: 0x80007e2c (0x41cfd393) srai    t2, t6, 28
core   0: 3 0x80007e2c (0x41cfd393) x 7 0x00000000
core   0: 0x80007e30 (0x0039a0b3) slt     ra, s3, gp
core   0: 3 0x80007e30 (0x0039a0b3) x 1 0x00000001
core   0: 0x80007e34 (0x4097d9b3) sra     s3, a5, s1
core   0: 3 0x80007e34 (0x4097d9b3) x19 0xc0012702
core   0: 0x80007e38 (0x740cf013) andi    zero, s9, 1856
core   0: 3 0x80007e38 (0x740cf013)
core   0: 0x80007e3c (0x01575293) srli    t0, a4, 21
core   0: 3 0x80007e3c (0x01575293) x 5 0x00000000
core   0: 0x80007e40 (0x01c3d263) bge     t2, t3, pc + 4
core   0: 3 0x80007e40 (0x01c3d263)
core   0: 0x80007e44 (0x0005cfb3) xor     t6, a1, zero
core   0: 3 0x80007e44 (0x0005cfb3) x31 0x00000000
core   0: 0x80007e48 (0x4dacf293) andi    t0, s9, 1242
core   0: 3 0x80007e48 (0x4dacf293) x 5 0x000004c0
core   0: 0x80007e4c (0x019d2733) slt     a4, s10, s9
core   0: 3 0x80007e4c (0x019d2733) x14 0x00000001
core   0: 0x80007e50 (0x0000100f) fence.i
core   0: 3 0x80007e50 (0x0000100f)
core   0: 0x80007e54 (0x00932e33) slt     t3, t1, s1
core   0: 3 0x80007e54 (0x00932e33) x28 0x00000000
core   0: 0x80007e58 (0x05f54663) blt     a0, t6, pc + 76
core   0: 3 0x80007e58 (0x05f54663)
core   0: 0x80007e5c (0x009d60b3) or      ra, s10, s1
core   0: 3 0x80007e5c (0x009d60b3) x 1 0x00000003
core   0: 0x80007e60 (0x6516ac13) slti    s8, a3, 1617
core   0: 3 0x80007e60 (0x6516ac13) x24 0x00000001
core   0: 0x80007e64 (0x0000100f) fence.i
core   0: 3 0x80007e64 (0x0000100f)
core   0: 0x80007e68 (0x0063c533) xor     a0, t2, t1
core   0: 3 0x80007e68 (0x0063c533) x10 0x6c000000
core   0: 0x80007e6c (0x008b5493) srli    s1, s6, 8
core   0: 3 0x80007e6c (0x008b5493) x 9 0x00000000
core   0: 0x80007e70 (0x0231fc63) bgeu    gp, gp, pc + 56
core   0: 3 0x80007e70 (0x0231fc63)
core   0: 0x80007ea8 (0x002026b3) slt     a3, zero, sp
core   0: 3 0x80007ea8 (0x002026b3) x13 0x00000000
core   0: 0x80007eac (0x03c0c063) blt     ra, t3, pc + 32
core   0: 3 0x80007eac (0x03c0c063)
core   0: 0x80007eb0 (0x0163e863) bltu    t2, s6, pc + 16
core   0: 3 0x80007eb0 (0x0163e863)
core   0: 0x80007eb4 (0x00be2133) slt     sp, t3, a1
core   0: 3 0x80007eb4 (0x00be2133) x 2 0x00000000
core   0: 0x80007eb8 (0x41bb82b3) sub     t0, s7, s11
core   0: 3 0x80007eb8 (0x41bb82b3) x 5 0x00000000
core   0: 0x80007ebc (0x00759463) bne     a1, t2, pc + 8
core   0: 3 0x80007ebc (0x00759463)
core   0: 0x80007ec0 (0x30cd4c93) xori    s9, s10, 780
core   0: 3 0x80007ec0 (0x30cd4c93) x25 0x0000030e
core   0: 0x80007ec4 (0x418389b3) sub     s3, t2, s8
core   0: 3 0x80007ec4 (0x418389b3) x19 0xffffffff
core   0: 0x80007ec8 (0x3046ab13) slti    s6, a3, 772
core   0: 3 0x80007ec8 (0x3046ab13) x22 0x00000001
core   0: 0x80007ecc (0x65ded037) lui     zero, 0x65ded
core   0: 3 0x80007ecc (0x65ded037)
core   0: 0x80007ed0 (0x00ba9633) sll     a2, s5, a1
core   0: 3 0x80007ed0 (0x00ba9633) x12 0xfffffffc
core   0: 0x80007ed4 (0x018879b3) and     s3, a6, s8
core   0: 3 0x80007ed4 (0x018879b3) x19 0x00000000
core   0: 0x80007ed8 (0x183d9bb7) lui     s7, 0x183d9
core   0: 3 0x80007ed8 (0x183d9bb7) x23 0x183d9000
core   0: 0x80007edc (0x00671fb3) sll     t6, a4, t1
core   0: 3 0x80007edc (0x00671fb3) x31 0x00000001
core   0: 0x80007ee0 (0xb2ca4993) xori    s3, s4, -1236
core   0: 3 0x80007ee0 (0xb2ca4993) x19 0xfffffb2c
core   0: 0x80007ee4 (0x006e56b3) srl     a3, t3, t1
core   0: 3 0x80007ee4 (0x006e56b3) x13 0x00000000
core   0: 0x80007ee8 (0x41ed86b3) sub     a3, s11, t5
core   0: 3 0x80007ee8 (0x41ed86b3) x13 0x00000000
core   0: 0x80007eec (0x00fe2a33) slt     s4, t3, a5
core   0: 3 0x80007eec (0x00fe2a33) x20 0x00000000
core   0: 0x80007ef0 (0x00000013) nop
core   0: 3 0x80007ef0 (0x00000013)
core   0: 0x80007ef4 (0x9fc45fb7) lui     t6, 0x9fc45
core   0: 3 0x80007ef4 (0x9fc45fb7) x31 0x9fc45000
core   0: 0x80007ef8 (0x006bc433) xor     s0, s7, t1
core   0: 3 0x80007ef8 (0x006bc433) x 8 0x743d9000
core   0: 0x80007efc (0x04361863) bne     a2, gp, pc + 80
core   0: 3 0x80007efc (0x04361863)
core   0: 0x80007f4c (0x516dca93) xori    s5, s11, 1302
core   0: 3 0x80007f4c (0x516dca93) x21 0x00000516
core   0: 0x80007f50 (0x011eeb33) or      s6, t4, a7
core   0: 3 0x80007f50 (0x011eeb33) x22 0xf5bbece4
core   0: 0x80007f54 (0x09228e93) addi    t4, t0, 146
core   0: 3 0x80007f54 (0x09228e93) x29 0x00000092
core   0: 0x80007f58 (0x04320863) beq     tp, gp, pc + 80
core   0: 3 0x80007f58 (0x04320863)
core   0: 0x80007f5c (0x25903593) sltiu   a1, zero, 601
core   0: 3 0x80007f5c (0x25903593) x11 0x00000001
core   0: 0x80007f60 (0x0ff0000f) fence   iorw,iorw
core   0: 3 0x80007f60 (0x0ff0000f)
core   0: 0x80007f64 (0x0365d663) bge     a1, s6, pc + 44
core   0: 3 0x80007f64 (0x0365d663)
core   0: 0x80007f90 (0x0099aa33) slt     s4, s3, s1
core   0: 3 0x80007f90 (0x0099aa33) x20 0x00000001
core   0: 0x80007f94 (0x00d3deb3) srl     t4, t2, a3
core   0: 3 0x80007f94 (0x00d3deb3) x29 0x00000000
core   0: 0x80007f98 (0x0166a4b3) slt     s1, a3, s6
core   0: 3 0x80007f98 (0x0166a4b3) x 9 0x00000000
core   0: 0x80007f9c (0x003f8db3) add     s11, t6, gp
core   0: 3 0x80007f9c (0x003f8db3) x27 0x9fc45634
core   0: 0x80007fa0 (0x61f3ce13) xori    t3, t2, 1567
core   0: 3 0x80007fa0 (0x61f3ce13) x28 0x0000061f
core   0: 0x80007fa4 (0x053f7937) lui     s2, 0x53f7
core   0: 3 0x80007fa4 (0x053f7937) x18 0x053f7000
core   0: 0x80007fa8 (0x0c057193) andi    gp, a0, 192
core   0: 3 0x80007fa8 (0x0c057193) x 3 0x00000000
core   0: 0x80007fac (0x04e71e63) bne     a4, a4, pc + 92
core   0: 3 0x80007fac (0x04e71e63)
core   0: 0x80007fb0 (0xff800693) li      a3, -8
core   0: 3 0x80007fb0 (0xff800693) x13 0xfffffff8
core   0: 0x80007fb4 (0xe8c0db97) auipc   s7, 0xe8c0d
core   0: 3 0x80007fb4 (0xe8c0db97) x23 0x68c14fb4
core   0: 0x80007fb8 (0x00a00193) li      gp, 10
core   0: 3 0x80007fb8 (0x00a00193) x 3 0x0000000a
core   0: 0x80007fbc (0x0285a213) slti    tp, a1, 40
core   0: 3 0x80007fbc (0x0285a213) x 4 0x00000001
core   0: 0x80007fc0 (0x01475133) srl     sp, a4, s4
core   0: 3 0x80007fc0 (0x01475133) x 2 0x00000000
core   0: 0x80007fc4 (0x78d97313) andi    t1, s2, 1933
core   0: 3 0x80007fc4 (0x78d97313) x 6 0x00000000
core   0: 0x80007fc8 (0x6488c093) xori    ra, a7, 1608
core   0: 3 0x80007fc8 (0x6488c093) x 1 0x80028aac
core   0: 0x80007fcc (0x00e7e933) or      s2, a5, a4
core   0: 3 0x80007fcc (0x00e7e933) x18 0x80024e05
core   0: 0x80007fd0 (0x40f6db33) sra     s6, a3, a5
core   0: 3 0x80007fd0 (0x40f6db33) x22 0xffffffff
core   0: 0x80007fd4 (0x4ccd3f93) sltiu   t6, s10, 1228
core   0: 3 0x80007fd4 (0x4ccd3f93) x31 0x00000001
core   0: 0x80007fd8 (0x0000100f) fence.i
core   0: 3 0x80007fd8 (0x0000100f)
core   0: 0x80007fdc (0x00368693) addi    a3, a3, 3
core   0: 3 0x80007fdc (0x00368693) x13 0xfffffffb
core   0: 0x80007fe0 (0x00000013) nop
core   0: 3 0x80007fe0 (0x00000013)
core   0: 0x80007fe4 (0x0ff0000f) fence   iorw,iorw
core   0: 3 0x80007fe4 (0x0ff0000f)
core   0: 0x80007fe8 (0xfc368ee3) beq     a3, gp, pc - 36
core   0: 3 0x80007fe8 (0xfc368ee3)
core   0: 0x80007fec (0x34278313) addi    t1, a5, 834
core   0: 3 0x80007fec (0x34278313) x 6 0x80025146
core   0: 0x80007ff0 (0x4ae3e693) ori     a3, t2, 1198
core   0: 3 0x80007ff0 (0x4ae3e693) x13 0x000004ae
core   0: 0x80007ff4 (0x01b55413) srli    s0, a0, 27
core   0: 3 0x80007ff4 (0x01b55413) x 8 0x0000000d
core   0: 0x80007ff8 (0x39c5ac13) slti    s8, a1, 924
core   0: 3 0x80007ff8 (0x39c5ac13) x24 0x00000001
core   0: 0x80007ffc (0x00431493) slli    s1, t1, 4
core   0: 3 0x80007ffc (0x00431493) x 9 0x00251460
core   0: 0x80008000 (0x03de0863) beq     t3, t4, pc + 48
core   0: 3 0x80008000 (0x03de0863)
core   0: 0x80008004 (0x00c45a63) bge     s0, a2, pc + 20
core   0: 3 0x80008004 (0x00c45a63)
core   0: 0x80008018 (0x05bbc463) blt     s7, s11, pc + 72
core   0: 3 0x80008018 (0x05bbc463)
core   0: 0x8000801c (0x043af463) bgeu    s5, gp, pc + 72
core   0: 3 0x8000801c (0x043af463)
core   0: 0x80008064 (0x00469033) sll     zero, a3, tp
core   0: 3 0x80008064 (0x00469033)
core   0: 0x80008068 (0x014951b3) srl     gp, s2, s4
core   0: 3 0x80008068 (0x014951b3) x 3 0x40012702
core   0: 0x8000806c (0x4114dc93) srai    s9, s1, 17
core   0: 3 0x8000806c (0x4114dc93) x25 0x00000012
core   0: 0x80008070 (0x01a390b3) sll     ra, t2, s10
core   0: 3 0x80008070 (0x01a390b3) x 1 0x00000000
core   0: 0x80008074 (0x01129693) slli    a3, t0, 17
core   0: 3 0x80008074 (0x01129693) x13 0x00000000
core   0: 0x80008078 (0x0066c463) blt     a3, t1, pc + 8
core   0: 3 0x80008078 (0x0066c463)
core   0: 0x8000807c (0x8a4cfa93) andi    s5, s9, -1884
core   0: 3 0x8000807c (0x8a4cfa93) x21 0x00000000
core   0: 0x80008080 (0x006f30b3) sltu    ra, t5, t1
core   0: 3 0x80008080 (0x006f30b3) x 1 0x00000001
core   0: 0x80008084 (0x65327213) andi    tp, tp, 1619
core   0: 3 0x80008084 (0x65327213) x 4 0x00000001
core   0: 0x80008088 (0x0000100f) fence.i
core   0: 3 0x80008088 (0x0000100f)
core   0: 0x8000808c (0x0000100f) fence.i
core   0: 3 0x8000808c (0x0000100f)
core   0: 0x80008090 (0x01484533) xor     a0, a6, s4
core   0: 3 0x80008090 (0x01484533) x10 0x80000001
core   0: 0x80008094 (0x00e15633) srl     a2, sp, a4
core   0: 3 0x80008094 (0x00e15633) x12 0x00000000
core   0: 0x80008098 (0x854fe693) ori     a3, t6, -1964
core   0: 3 0x80008098 (0x854fe693) x13 0xfffff855
core   0: 0x8000809c (0x00e97ab3) and     s5, s2, a4
core   0: 3 0x8000809c (0x00e97ab3) x21 0x00000001
core   0: 0x800080a0 (0x01fb2033) slt     zero, s6, t6
core   0: 3 0x800080a0 (0x01fb2033)
core   0: 0x800080a4 (0x018ad333) srl     t1, s5, s8
core   0: 3 0x800080a4 (0x018ad333) x 6 0x00000000
core   0: 0x800080a8 (0x00634cb3) xor     s9, t1, t1
core   0: 3 0x800080a8 (0x00634cb3) x25 0x00000000
core   0: 0x800080ac (0x00452033) slt     zero, a0, tp
core   0: 3 0x800080ac (0x00452033)
core   0: 0x800080b0 (0x004b5113) srli    sp, s6, 4
core   0: 3 0x800080b0 (0x004b5113) x 2 0x0fffffff
core   0: 0x800080b4 (0x00431863) bne     t1, tp, pc + 16
core   0: 3 0x800080b4 (0x00431863)
core   0: 0x800080c4 (0x4052d9b3) sra     s3, t0, t0
core   0: 3 0x800080c4 (0x4052d9b3) x19 0x00000000
core   0: 0x800080c8 (0x07246e63) bltu    s0, s2, pc + 124
core   0: 3 0x800080c8 (0x07246e63)
core   0: 0x80008144 (0x542bbe93) sltiu   t4, s7, 1346
core   0: 3 0x80008144 (0x542bbe93) x29 0x00000000
core   0: 0x80008148 (0xc14d2713) slti    a4, s10, -1004
core   0: 3 0x80008148 (0xc14d2713) x14 0x00000000
core   0: 0x8000814c (0x00000013) nop
core   0: 3 0x8000814c (0x00000013)
core   0: 0x80008150 (0x05057463) bgeu    a0, a6, pc + 72
core   0: 3 0x80008150 (0x05057463)
core   0: 0x80008198 (0x0197df33) srl     t5, a5, s9
core   0: 3 0x80008198 (0x0197df33) x30 0x80024e04
core   0: 0x8000819c (0xfa3dc737) lui     a4, 0xfa3dc
core   0: 3 0x8000819c (0xfa3dc737) x14 0xfa3dc000
core   0: 0x800081a0 (0x02a15e63) bge     sp, a0, pc + 60
core   0: 3 0x800081a0 (0x02a15e63)
core   0: 0x800081dc (0x01a49263) bne     s1, s10, pc + 4
core   0: 3 0x800081dc (0x01a49263)
core   0: 0x800081e0 (0x019d9393) slli    t2, s11, 25
core   0: 3 0x800081e0 (0x019d9393) x 7 0x68000000
core   0: 0x800081e4 (0x4172d1b3) sra     gp, t0, s7
core   0: 3 0x800081e4 (0x4172d1b3) x 3 0x00000000
core   0: 0x800081e8 (0x03cfd663) bge     t6, t3, pc + 44
core   0: 3 0x800081e8 (0x03cfd663)
core   0: 0x800081ec (0x0109a4b3) slt     s1, s3, a6
core   0: 3 0x800081ec (0x0109a4b3) x 9 0x00000000
core   0: 0x800081f0 (0x0191b3b3) sltu    t2, gp, s9
core   0: 3 0x800081f0 (0x0191b3b3) x 7 0x00000000
core   0: 0x800081f4 (0xac3e1ab7) lui     s5, 0xac3e1
core   0: 3 0x800081f4 (0xac3e1ab7) x21 0xac3e1000
core   0: 0x800081f8 (0x01911db3) sll     s11, sp, s9
core   0: 3 0x800081f8 (0x01911db3) x27 0x0fffffff
core   0: 0x800081fc (0x4036dd33) sra     s10, a3, gp
core   0: 3 0x800081fc (0x4036dd33) x26 0xfffff855
core   0: 0x80008200 (0x010a4db3) xor     s11, s4, a6
core   0: 3 0x80008200 (0x010a4db3) x27 0x80000001
core   0: 0x80008204 (0x41158f33) sub     t5, a1, a7
core   0: 3 0x80008204 (0x41158f33) x30 0x7ffd731d
core   0: 0x80008208 (0x04fc4263) blt     s8, a5, pc + 68
core   0: 3 0x80008208 (0x04fc4263)
core   0: 0x8000820c (0x74356013) ori     zero, a0, 1859
core   0: 3 0x8000820c (0x74356013)
core   0: 0x80008210 (0x4102d533) sra     a0, t0, a6
core   0: 3 0x80008210 (0x4102d533) x10 0x00000000
core   0: 0x80008214 (0x77ca4c13) xori    s8, s4, 1916
core   0: 3 0x80008214 (0x77ca4c13) x24 0x0000077d
core   0: 0x80008218 (0x00886fb3) or      t6, a6, s0
core   0: 3 0x80008218 (0x00886fb3) x31 0x8000000d
core   0: 0x8000821c (0xf8bd5f97) auipc   t6, 0xf8bd5
core   0: 3 0x8000821c (0xf8bd5f97) x31 0x78bdd21c
core   0: 0x80008220 (0x22e98293) addi    t0, s3, 558
core   0: 3 0x80008220 (0x22e98293) x 5 0x0000022e
core   0: 0x80008224 (0x01ebeab3) or      s5, s7, t5
core   0: 3 0x80008224 (0x01ebeab3) x21 0x7ffd7fbd
core   0: 0x80008228 (0x00000013) nop
core   0: 3 0x80008228 (0x00000013)
core   0: 0x8000822c (0x00523e33) sltu    t3, tp, t0
core   0: 3 0x8000822c (0x00523e33) x28 0x00000001
core   0: 0x80008230 (0xfd0f3393) sltiu   t2, t5, -48
core   0: 3 0x80008230 (0xfd0f3393) x 7 0x00000001
core   0: 0x80008234 (0x0389cc63) blt     s3, s8, pc + 56
core   0: 3 0x80008234 (0x0389cc63)
core   0: 0x8000826c (0x20dc4193) xori    gp, s8, 525
core   0: 3 0x8000826c (0x20dc4193) x 3 0x00000570
core   0: 0x80008270 (0x0043b133) sltu    sp, t2, tp
core   0: 3 0x80008270 (0x0043b133) x 2 0x00000000
core   0: 0x80008274 (0x01541a33) sll     s4, s0, s5
core   0: 3 0x80008274 (0x01541a33) x20 0xa0000000
core   0: 0x80008278 (0x40b00733) sub     a4, zero, a1
core   0: 3 0x80008278 (0x40b00733) x14 0xffffffff
core   0: 0x8000827c (0xc35f2113) slti    sp, t5, -971
core   0: 3 0x8000827c (0xc35f2113) x 2 0x00000000
core   0: 0x80008280 (0x0033ffb3) and     t6, t2, gp
core   0: 3 0x80008280 (0x0033ffb3) x31 0x00000000
core   0: 0x80008284 (0x0000100f) fence.i
core   0: 3 0x80008284 (0x0000100f)
core   0: 0x80008288 (0x0000100f) fence.i
core   0: 3 0x80008288 (0x0000100f)
core   0: 0x8000828c (0x02d50863) beq     a0, a3, pc + 48
core   0: 3 0x8000828c (0x02d50863)
core   0: 0x80008290 (0x032c0c63) beq     s8, s2, pc + 56
core   0: 3 0x80008290 (0x032c0c63)
core   0: 0x80008294 (0x019c9e13) slli    t3, s9, 25
core   0: 3 0x80008294 (0x019c9e13) x28 0x00000000
core   0: 0x80008298 (0x00a15eb3) srl     t4, sp, a0
core   0: 3 0x80008298 (0x00a15eb3) x29 0x00000000
core   0: 0x8000829c (0x98b63593) sltiu   a1, a2, -1653
core   0: 3 0x8000829c (0x98b63593) x11 0x00000001
core   0: 0x800082a0 (0xf64fcd93) xori    s11, t6, -156
core   0: 3 0x800082a0 (0xf64fcd93) x27 0xffffff64
core   0: 0x800082a4 (0x033d9063) bne     s11, s3, pc + 32
core   0: 3 0x800082a4 (0x033d9063)
core   0: 0x800082c4 (0x013d29b3) slt     s3, s10, s3
core   0: 3 0x800082c4 (0x013d29b3) x19 0x00000001
core   0: 0x800082c8 (0x0ff0000f) fence   iorw,iorw
core   0: 3 0x800082c8 (0x0ff0000f)
core   0: 0x800082cc (0x00000013) nop
core   0: 3 0x800082cc (0x00000013)
core   0: 0x800082d0 (0x009edcb3) srl     s9, t4, s1
core   0: 3 0x800082d0 (0x009edcb3) x25 0x00000000
core   0: 0x800082d4 (0xcaa28b37) lui     s6, 0xcaa28
core   0: 3 0x800082d4 (0xcaa28b37) x22 0xcaa28000
core   0: 0x800082d8 (0x41ae5d33) sra     s10, t3, s10
core   0: 3 0x800082d8 (0x41ae5d33) x26 0x00000000
core   0: 0x800082dc (0x0188ceb3) xor     t4, a7, s8
core   0: 3 0x800082dc (0x0188ceb3) x29 0x80028b99
core   0: 0x800082e0 (0x0149ebb3) or      s7, s3, s4
core   0: 3 0x800082e0 (0x0149ebb3) x23 0xa0000001
core   0: 0x800082e4 (0x04607463) bgeu    zero, t1, pc + 72
core   0: 3 0x800082e4 (0x04607463)
core   0: 0x8000832c (0xcdbeccb7) lui     s9, 0xcdbec
core   0: 3 0x8000832c (0xcdbeccb7) x25 0xcdbec000
core   0: 0x80008330 (0xd831c513) xori    a0, gp, -637
core   0: 3 0x80008330 (0xd831c513) x10 0xfffff8f3
core   0: 0x80008334 (0x40a50ab3) sub     s5, a0, a0
core   0: 3 0x80008334 (0x40a50ab3) x21 0x00000000
core   0: 0x80008338 (0x02bdf063) bgeu    s11, a1, pc + 32
core   0: 3 0x80008338 (0x02bdf063)
core   0: 0x80008358 (0x0108d3b3) srl     t2, a7, a6
core   0: 3 0x80008358 (0x0108d3b3) x 7 0x80028ce4
core   0: 0x8000835c (0xfa5eff93) andi    t6, t4, -91
core   0: 3 0x8000835c (0xfa5eff93) x31 0x80028b81
core   0: 0x80008360 (0x00000013) nop
core   0: 3 0x80008360 (0x00000013)
core   0: 0x80008364 (0x9c4fa697) auipc   a3, 0x9c4fa
core   0: 3 0x80008364 (0x9c4fa697) x13 0x1c502364
core   0: 0x80008368 (0x40f00633) sub     a2, zero, a5
core   0: 3 0x80008368 (0x40f00633) x12 0x7ffdb1fc
core   0: 0x8000836c (0x00148a33) add     s4, s1, ra
core   0: 3 0x8000836c (0x00148a33) x20 0x00000001
core   0: 0x80008370 (0x004dbcb3) sltu    s9, s11, tp
core   0: 3 0x80008370 (0x004dbcb3) x25 0x00000000
core   0: 0x80008374 (0x6b4e6993) ori     s3, t3, 1716
core   0: 3 0x80008374 (0x6b4e6993) x19 0x000006b4
core   0: 0x80008378 (0x00c05a63) bge     zero, a2, pc + 20
core   0: 3 0x80008378 (0x00c05a63)
core   0: 0x8000837c (0xbe544d13) xori    s10, s0, -1051
core   0: 3 0x8000837c (0xbe544d13) x26 0xfffffbe8
core   0: 0x80008380 (0x40830cb3) sub     s9, t1, s0
core   0: 3 0x80008380 (0x40830cb3) x25 0xfffffff3
core   0: 0x80008384 (0x02657863) bgeu    a0, t1, pc + 48
core   0: 3 0x80008384 (0x02657863)
core   0: 0x800083b4 (0x00e93fb3) sltu    t6, s2, a4
core   0: 3 0x800083b4 (0x00e93fb3) x31 0x00000001
core   0: 0x800083b8 (0xb1efc417) auipc   s0, 0xb1efc
core   0: 3 0x800083b8 (0xb1efc417) x 8 0x31f043b8
core   0: 0x800083bc (0x00ab1c63) bne     s6, a0, pc + 24
core   0: 3 0x800083bc (0x00ab1c63)
core   0: 0x800083d4 (0xd9df4b93) xori    s7, t5, -611
core   0: 3 0x800083d4 (0xd9df4b93) x23 0x80028e80
core   0: 0x800083d8 (0x0033dc13) srli    s8, t2, 3
core   0: 3 0x800083d8 (0x0033dc13) x24 0x1000519c
core   0: 0x800083dc (0x016ebdb3) sltu    s11, t4, s6
core   0: 3 0x800083dc (0x016ebdb3) x27 0x00000001
core   0: 0x800083e0 (0x0457f663) bgeu    a5, t0, pc + 76
core   0: 3 0x800083e0 (0x0457f663)
core   0: 0x8000842c (0x04985863) bge     a6, s1, pc + 80
core   0: 3 0x8000842c (0x04985863)
core   0: 0x80008430 (0x00000013) nop
core   0: 3 0x80008430 (0x00000013)
core   0: 0x80008434 (0x0ff0000f) fence   iorw,iorw
core   0: 3 0x80008434 (0x0ff0000f)
core   0: 0x80008438 (0x00d6bcb3) sltu    s9, a3, a3
core   0: 3 0x80008438 (0x00d6bcb3) x25 0x00000000
core   0: 0x8000843c (0x00b27a33) and     s4, tp, a1
core   0: 3 0x8000843c (0x00b27a33) x20 0x00000001
core   0: 0x80008440 (0x01f15e13) srli    t3, sp, 31
core   0: 3 0x80008440 (0x01f15e13) x28 0x00000000
core   0: 0x80008444 (0x01abd9b3) srl     s3, s7, s10
core   0: 3 0x80008444 (0x01abd9b3) x19 0x0080028e
core   0: 0x80008448 (0x008c7333) and     t1, s8, s0
core   0: 3 0x80008448 (0x008c7333) x 6 0x10004198
core   0: 0x8000844c (0x019c7033) and     zero, s8, s9
core   0: 3 0x8000844c (0x019c7033)
core   0: 0x80008450 (0x004fd193) srli    gp, t6, 4
core   0: 3 0x80008450 (0x004fd193) x 3 0x00000000
core   0: 0x80008454 (0x0ff0000f) fence   iorw,iorw
core   0: 3 0x80008454 (0x0ff0000f)
core   0: 0x80008458 (0x010fcbb3) xor     s7, t6, a6
core   0: 3 0x80008458 (0x010fcbb3) x23 0x80000001
core   0: 0x8000845c (0xcd2d2b93) slti    s7, s10, -814
core   0: 3 0x8000845c (0xcd2d2b93) x23 0x00000001
core   0: 0x80008460 (0x0199f463) bgeu    s3, s9, pc + 8
core   0: 3 0x80008460 (0x0199f463)
core   0: 0x80008468 (0xca190113) addi    sp, s2, -863
core   0: 3 0x80008468 (0xca190113) x 2 0x80024aa6
core   0: 0x8000846c (0x0148b3b3) sltu    t2, a7, s4
core   0: 3 0x8000846c (0x0148b3b3) x 7 0x00000000
core   0: 0x80008470 (0x00730a13) addi    s4, t1, 7
core   0: 3 0x80008470 (0x00730a13) x20 0x1000419f
core   0: 0x80008474 (0x01411f13) slli    t5, sp, 20
core   0: 3 0x80008474 (0x01411f13) x30 0xaa600000
core   0: 0x80008478 (0x006b8633) add     a2, s7, t1
core   0: 3 0x80008478 (0x006b8633) x12 0x10004199
core   0: 0x8000847c (0x516d3f13) sltiu   t5, s10, 1302
core   0: 3 0x8000847c (0x516d3f13) x30 0x00000000
core   0: 0x80008480 (0x017fedb3) or      s11, t6, s7
core   0: 3 0x80008480 (0x017fedb3) x27 0x00000001
core   0: 0x80008484 (0x41dddd93) srai    s11, s11, 29
core   0: 3 0x80008484 (0x41dddd93) x27 0x00000000
core   0: 0x80008488 (0x39f10e97) auipc   t4, 0x39f10
core   0: 3 0x80008488 (0x39f10e97) x29 0xb9f18488
core   0: 0x8000848c (0x40935ab3) sra     s5, t1, s1
core   0: 3 0x8000848c (0x40935ab3) x21 0x10004198
core   0: 0x80008490 (0x4723c113) xori    sp, t2, 1138
core   0: 3 0x80008490 (0x4723c113) x 2 0x00000472
core   0: 0x80008494 (0x0028e433) or      s0, a7, sp
core   0: 3 0x80008494 (0x0028e433) x 8 0x80028cf6
core   0: 0x80008498 (0x40948e13) addi    t3, s1, 1033
core   0: 3 0x80008498 (0x40948e13) x28 0x00000409
core   0: 0x8000849c (0xbebcafb7) lui     t6, 0xbebca
core   0: 3 0x8000849c (0xbebcafb7) x31 0xbebca000
core   0: 0x800084a0 (0xc6ec6413) ori     s0, s8, -914
core   0: 3 0x800084a0 (0xc6ec6413) x 8 0xfffffdfe
core   0: 0x800084a4 (0x41475d93) srai    s11, a4, 20
core   0: 3 0x800084a4 (0x41475d93) x27 0xffffffff
core   0: 0x800084a8 (0x01199d13) slli    s10, s3, 17
core   0: 3 0x800084a8 (0x01199d13) x26 0x051c0000
core   0: 0x800084ac (0x401c0cb3) sub     s9, s8, ra
core   0: 3 0x800084ac (0x401c0cb3) x25 0x1000519b
core   0: 0x800084b0 (0x04cf7263) bgeu    t5, a2, pc + 68
core   0: 3 0x800084b0 (0x04cf7263)
core   0: 0x800084b4 (0x41105033) sra     zero, zero, a7
core   0: 3 0x800084b4 (0x41105033)
core   0: 0x800084b8 (0x3bb5f593) andi    a1, a1, 955
core   0: 3 0x800084b8 (0x3bb5f593) x11 0x00000001
core   0: 0x800084bc (0x0120a3b3) slt     t2, ra, s2
core   0: 3 0x800084bc (0x0120a3b3) x 7 0x00000000
core   0: 0x800084c0 (0x01d95d93) srli    s11, s2, 29
core   0: 3 0x800084c0 (0x01d95d93) x27 0x00000004
core   0: 0x800084c4 (0x024dfc63) bgeu    s11, tp, pc + 56
core   0: 3 0x800084c4 (0x024dfc63)
core   0: 0x800084fc (0x01791533) sll     a0, s2, s7
core   0: 3 0x800084fc (0x01791533) x10 0x00049c0a
core   0: 0x80008500 (0x0199efb3) or      t6, s3, s9
core   0: 3 0x80008500 (0x0199efb3) x31 0x1080539f
core   0: 0x80008504 (0x01e2d113) srli    sp, t0, 30
core   0: 3 0x80008504 (0x01e2d113) x 2 0x00000000
core   0: 0x80008508 (0x01733233) sltu    tp, t1, s7
core   0: 3 0x80008508 (0x01733233) x 4 0x00000000
core   0: 0x8000850c (0x4152da13) srai    s4, t0, 21
core   0: 3 0x8000850c (0x4152da13) x20 0x00000000
core   0: 0x80008510 (0x27ed7293) andi    t0, s10, 638
core   0: 3 0x80008510 (0x27ed7293) x 5 0x00000000
core   0: 0x80008514 (0x0140f733) and     a4, ra, s4
core   0: 3 0x80008514 (0x0140f733) x14 0x00000000
core   0: 0x80008518 (0x04b20863) beq     tp, a1, pc + 80
core   0: 3 0x80008518 (0x04b20863)
core   0: 0x8000851c (0x014a2733) slt     a4, s4, s4
core   0: 3 0x8000851c (0x014a2733) x14 0x00000000
core   0: 0x80008520 (0x20d4f313) andi    t1, s1, 525
core   0: 3 0x80008520 (0x20d4f313) x 6 0x00000000
core   0: 0x80008524 (0xb998cc93) xori    s9, a7, -1127
core   0: 3 0x80008524 (0xb998cc93) x25 0x7ffd777d
core   0: 0x80008528 (0x0142f863) bgeu    t0, s4, pc + 16
core   0: 3 0x80008528 (0x0142f863)
core   0: 0x80008538 (0x40d6deb3) sra     t4, a3, a3
core   0: 3 0x80008538 (0x40d6deb3) x29 0x01c50236
core   0: 0x8000853c (0x01bfa233) slt     tp, t6, s11
core   0: 3 0x8000853c (0x01bfa233) x 4 0x00000000
core   0: 0x80008540 (0x00628133) add     sp, t0, t1
core   0: 3 0x80008540 (0x00628133) x 2 0x00000000
core   0: 0x80008544 (0x8ce82413) slti    s0, a6, -1842
core   0: 3 0x80008544 (0x8ce82413) x 8 0x00000001
core   0: 0x80008548 (0x24e8a013) slti    zero, a7, 590
core   0: 3 0x80008548 (0x24e8a013)
core   0: 0x8000854c (0x53570013) addi    zero, a4, 1333
core   0: 3 0x8000854c (0x53570013)
core   0: 0x80008550 (0x009f5693) srli    a3, t5, 9
core   0: 3 0x80008550 (0x009f5693) x13 0x00000000
core   0: 0x80008554 (0x4190d313) srai    t1, ra, 25
core   0: 3 0x80008554 (0x4190d313) x 6 0x00000000
core   0: 0x80008558 (0xb74de693) ori     a3, s11, -1164
core   0: 3 0x80008558 (0xb74de693) x13 0xfffffb74
core   0: 0x8000855c (0x54cca613) slti    a2, s9, 1356
core   0: 3 0x8000855c (0x54cca613) x12 0x00000000
core   0: 0x80008560 (0x0000100f) fence.i
core   0: 3 0x80008560 (0x0000100f)
core   0: 0x80008564 (0xbe063113) sltiu   sp, a2, -1056
core   0: 3 0x80008564 (0xbe063113) x 2 0x00000001
core   0: 0x80008568 (0x01a45493) srli    s1, s0, 26
core   0: 3 0x80008568 (0x01a45493) x 9 0x00000000
core   0: 0x8000856c (0x0487f863) bgeu    a5, s0, pc + 80
core   0: 3 0x8000856c (0x0487f863)
core   0: 0x800085bc (0x00fd1613) slli    a2, s10, 15
core   0: 3 0x800085bc (0x00fd1613) x12 0x00000000
core   0: 0x800085c0 (0x41950bb3) sub     s7, a0, s9
core   0: 3 0x800085c0 (0x41950bb3) x23 0x8007248d
core   0: 0x800085c4 (0x00e99c93) slli    s9, s3, 14
core   0: 3 0x800085c4 (0x00e99c93) x25 0x00a38000
core   0: 0x800085c8 (0x41acd093) srai    ra, s9, 26
core   0: 3 0x800085c8 (0x41acd093) x 1 0x00000000
core   0: 0x800085cc (0x0ff0000f) fence   iorw,iorw
core   0: 3 0x800085cc (0x0ff0000f)
core   0: 0x800085d0 (0x1e438393) addi    t2, t2, 484
core   0: 3 0x800085d0 (0x1e438393) x 7 0x000001e4
core   0: 0x800085d4 (0x024bd863) bge     s7, tp, pc + 48
core   0: 3 0x800085d4 (0x024bd863)
core   0: 0x800085d8 (0x00139e63) bne     t2, ra, pc + 28
core   0: 3 0x800085d8 (0x00139e63)
core   0: 0x800085f4 (0x0067b233) sltu    tp, a5, t1
core   0: 3 0x800085f4 (0x0067b233) x 4 0x00000000
core   0: 0x800085f8 (0x0d19f263) bgeu    s3, a7, pc + 196
core   0: 3 0x800085f8 (0x0d19f263)
core   0: 0x800085fc (0x02955863) bge     a0, s1, pc + 48
core   0: 3 0x800085fc (0x02955863)
core   0: 0x8000862c (0x410bd933) sra     s2, s7, a6
core   0: 3 0x8000862c (0x410bd933) x18 0x8007248d
core   0: 0x80008630 (0x00100313) li      t1, 1
core   0: 3 0x80008630 (0x00100313) x 6 0x00000001
core   0: 0x80008634 (0x00d00713) li      a4, 13
core   0: 3 0x80008634 (0x00d00713) x14 0x0000000d
core   0: 0x80008638 (0x01aeec33) or      s8, t4, s10
core   0: 3 0x80008638 (0x01aeec33) x24 0x05dd0236
core   0: 0x8000863c (0xa13fe093) ori     ra, t6, -1517
core   0: 3 0x8000863c (0xa13fe093) x 1 0xfffffb9f
core   0: 0x80008640 (0x00130313) addi    t1, t1, 1
core   0: 3 0x80008640 (0x00130313) x 6 0x00000002
core   0: 0x80008644 (0x01385693) srli    a3, a6, 19
core   0: 3 0x80008644 (0x01385693) x13 0x00001000
core   0: 0x80008648 (0x00000593) li      a1, 0
core   0: 3 0x80008648 (0x00000593) x11 0x00000000
core   0: 0x8000864c (0x01fe53b3) srl     t2, t3, t6
core   0: 3 0x8000864c (0x01fe53b3) x 7 0x00000000
core   0: 0x80008650 (0x00000013) nop
core   0: 3 0x80008650 (0x00000013)
core   0: 0x80008654 (0x40a486b3) sub     a3, s1, a0
core   0: 3 0x80008654 (0x40a486b3) x13 0xfffb63f6
core   0: 0x80008658 (0x00600f13) li      t5, 6
core   0: 3 0x80008658 (0x00600f13) x30 0x00000006
core   0: 0x8000865c (0x0117d993) srli    s3, a5, 17
core   0: 3 0x8000865c (0x0117d993) x19 0x00004001
core   0: 0x80008660 (0x00602b33) slt     s6, zero, t1
core   0: 3 0x80008660 (0x00602b33) x22 0x00000001
core   0: 0x80008664 (0xa3e50413) addi    s0, a0, -1474
core   0: 3 0x80008664 (0xa3e50413) x 8 0x00049648
core   0: 0x80008668 (0x01aa5a93) srli    s5, s4, 26
core   0: 3 0x80008668 (0x01aa5a93) x21 0x00000000
core   0: 0x8000866c (0x41e70cb3) sub     s9, a4, t5
core   0: 3 0x8000866c (0x41e70cb3) x25 0x00000007
core   0: 0x80008670 (0x36b4a693) slti    a3, s1, 875
core   0: 3 0x80008670 (0x36b4a693) x13 0x00000001
core   0: 0x80008674 (0x0158f9b3) and     s3, a7, s5
core   0: 3 0x80008674 (0x0158f9b3) x19 0x00000000
core   0: 0x80008678 (0x01115213) srli    tp, sp, 17
core   0: 3 0x80008678 (0x01115213) x 4 0x00000000
core   0: 0x8000867c (0x772ccf93) xori    t6, s9, 1906
core   0: 3 0x8000867c (0x772ccf93) x31 0x00000775
core   0: 0x80008680 (0x31a70293) addi    t0, a4, 794
core   0: 3 0x80008680 (0x31a70293) x 5 0x00000327
core   0: 0x80008684 (0x017ede93) srli    t4, t4, 23
core   0: 3 0x80008684 (0x017ede93) x29 0x00000003
core   0: 0x80008688 (0xefc2a193) slti    gp, t0, -260
core   0: 3 0x80008688 (0xefc2a193) x 3 0x00000000
core   0: 0x8000868c (0x0fe2a513) slti    a0, t0, 254
core   0: 3 0x8000868c (0x0fe2a513) x10 0x00000000
core   0: 0x80008690 (0x877e7c13) andi    s8, t3, -1929
core   0: 3 0x80008690 (0x877e7c13) x24 0x00000001
core   0: 0x80008694 (0x00a0dc33) srl     s8, ra, a0
core   0: 3 0x80008694 (0x00a0dc33) x24 0xfffffb9f
core   0: 0x80008698 (0x00358593) addi    a1, a1, 3
core   0: 3 0x80008698 (0x00358593) x11 0x00000003
core   0: 0x8000869c (0xfde5c4e3) blt     a1, t5, pc - 56
core   0: 3 0x8000869c (0xfde5c4e3)
core   0: 0x80008664 (0xa3e50413) addi    s0, a0, -1474
core   0: 3 0x80008664 (0xa3e50413) x 8 0xfffffa3e
core   0: 0x80008668 (0x01aa5a93) srli    s5, s4, 26
core   0: 3 0x80008668 (0x01aa5a93) x21 0x00000000
core   0: 0x8000866c (0x41e70cb3) sub     s9, a4, t5
core   0: 3 0x8000866c (0x41e70cb3) x25 0x00000007
core   0: 0x80008670 (0x36b4a693) slti    a3, s1, 875
core   0: 3 0x80008670 (0x36b4a693) x13 0x00000001
core   0: 0x80008674 (0x0158f9b3) and     s3, a7, s5
core   0: 3 0x80008674 (0x0158f9b3) x19 0x00000000
core   0: 0x80008678 (0x01115213) srli    tp, sp, 17
core   0: 3 0x80008678 (0x01115213) x 4 0x00000000
core   0: 0x8000867c (0x772ccf93) xori    t6, s9, 1906
core   0: 3 0x8000867c (0x772ccf93) x31 0x00000775
core   0: 0x80008680 (0x31a70293) addi    t0, a4, 794
core   0: 3 0x80008680 (0x31a70293) x 5 0x00000327
core   0: 0x80008684 (0x017ede93) srli    t4, t4, 23
core   0: 3 0x80008684 (0x017ede93) x29 0x00000000
core   0: 0x80008688 (0xefc2a193) slti    gp, t0, -260
core   0: 3 0x80008688 (0xefc2a193) x 3 0x00000000
core   0: 0x8000868c (0x0fe2a513) slti    a0, t0, 254
core   0: 3 0x8000868c (0x0fe2a513) x10 0x00000000
core   0: 0x80008690 (0x877e7c13) andi    s8, t3, -1929
core   0: 3 0x80008690 (0x877e7c13) x24 0x00000001
core   0: 0x80008694 (0x00a0dc33) srl     s8, ra, a0
core   0: 3 0x80008694 (0x00a0dc33) x24 0xfffffb9f
core   0: 0x80008698 (0x00358593) addi    a1, a1, 3
core   0: 3 0x80008698 (0x00358593) x11 0x00000006
core   0: 0x8000869c (0xfde5c4e3) blt     a1, t5, pc - 56
core   0: 3 0x8000869c (0xfde5c4e3)
core   0: 0x800086a0 (0x42fddf97) auipc   t6, 0x42fdd
core   0: 3 0x800086a0 (0x42fddf97) x31 0xc2fe56a0
core   0: 0x800086a4 (0xf8e31ce3) bne     t1, a4, pc - 104
core   0: 3 0x800086a4 (0xf8e31ce3)
core   0: 0x8000863c (0xa13fe093) ori     ra, t6, -1517
core   0: 3 0x8000863c (0xa13fe093) x 1 0xfffffeb3
core   0: 0x80008640 (0x00130313) addi    t1, t1, 1
core   0: 3 0x80008640 (0x00130313) x 6 0x00000003
core   0: 0x80008644 (0x01385693) srli    a3, a6, 19
core   0: 3 0x80008644 (0x01385693) x13 0x00001000
core   0: 0x80008648 (0x00000593) li      a1, 0
core   0: 3 0x80008648 (0x00000593) x11 0x00000000
core   0: 0x8000864c (0x01fe53b3) srl     t2, t3, t6
core   0: 3 0x8000864c (0x01fe53b3) x 7 0x00000409
core   0: 0x80008650 (0x00000013) nop
core   0: 3 0x80008650 (0x00000013)
core   0: 0x80008654 (0x40a486b3) sub     a3, s1, a0
core   0: 3 0x80008654 (0x40a486b3) x13 0x00000000
core   0: 0x80008658 (0x00600f13) li      t5, 6
core   0: 3 0x80008658 (0x00600f13) x30 0x00000006
core   0: 0x8000865c (0x0117d993) srli    s3, a5, 17
core   0: 3 0x8000865c (0x0117d993) x19 0x00004001
core   0: 0x80008660 (0x00602b33) slt     s6, zero, t1
core   0: 3 0x80008660 (0x00602b33) x22 0x00000001
core   0: 0x80008664 (0xa3e50413) addi    s0, a0, -1474
core   0: 3 0x80008664 (0xa3e50413) x 8 0xfffffa3e
core   0: 0x80008668 (0x01aa5a93) srli    s5, s4, 26
core   0: 3 0x80008668 (0x01aa5a93) x21 0x00000000
core   0: 0x8000866c (0x41e70cb3) sub     s9, a4, t5
core   0: 3 0x8000866c (0x41e70cb3) x25 0x00000007
core   0: 0x80008670 (0x36b4a693) slti    a3, s1, 875
core   0: 3 0x80008670 (0x36b4a693) x13 0x00000001
core   0: 0x80008674 (0x0158f9b3) and     s3, a7, s5
core   0: 3 0x80008674 (0x0158f9b3) x19 0x00000000
core   0: 0x80008678 (0x01115213) srli    tp, sp, 17
core   0: 3 0x80008678 (0x01115213) x 4 0x00000000
core   0: 0x8000867c (0x772ccf93) xori    t6, s9, 1906
core   0: 3 0x8000867c (0x772ccf93) x31 0x00000775
core   0: 0x80008680 (0x31a70293) addi    t0, a4, 794
core   0: 3 0x80008680 (0x31a70293) x 5 0x00000327
core   0: 0x80008684 (0x017ede93) srli    t4, t4, 23
core   0: 3 0x80008684 (0x017ede93) x29 0x00000000
core   0: 0x80008688 (0xefc2a193) slti    gp, t0, -260
core   0: 3 0x80008688 (0xefc2a193) x 3 0x00000000
core   0: 0x8000868c (0x0fe2a513) slti    a0, t0, 254
core   0: 3 0x8000868c (0x0fe2a513) x10 0x00000000
core   0: 0x80008690 (0x877e7c13) andi    s8, t3, -1929
core   0: 3 0x80008690 (0x877e7c13) x24 0x00000001
core   0: 0x80008694 (0x00a0dc33) srl     s8, ra, a0
core   0: 3 0x80008694 (0x00a0dc33) x24 0xfffffeb3
core   0: 0x80008698 (0x00358593) addi    a1, a1, 3
core   0: 3 0x80008698 (0x00358593) x11 0x00000003
core   0: 0x8000869c (0xfde5c4e3) blt     a1, t5, pc - 56
core   0: 3 0x8000869c (0xfde5c4e3)
core   0: 0x80008664 (0xa3e50413) addi    s0, a0, -1474
core   0: 3 0x80008664 (0xa3e50413) x 8 0xfffffa3e
core   0: 0x80008668 (0x01aa5a93) srli    s5, s4, 26
core   0: 3 0x80008668 (0x01aa5a93) x21 0x00000000
core   0: 0x8000866c (0x41e70cb3) sub     s9, a4, t5
core   0: 3 0x8000866c (0x41e70cb3) x25 0x00000007
core   0: 0x80008670 (0x36b4a693) slti    a3, s1, 875
core   0: 3 0x80008670 (0x36b4a693) x13 0x00000001
core   0: 0x80008674 (0x0158f9b3) and     s3, a7, s5
core   0: 3 0x80008674 (0x0158f9b3) x19 0x00000000
core   0: 0x80008678 (0x01115213) srli    tp, sp, 17
core   0: 3 0x80008678 (0x01115213) x 4 0x00000000
core   0: 0x8000867c (0x772ccf93) xori    t6, s9, 1906
core   0: 3 0x8000867c (0x772ccf93) x31 0x00000775
core   0: 0x80008680 (0x31a70293) addi    t0, a4, 794
core   0: 3 0x80008680 (0x31a70293) x 5 0x00000327
core   0: 0x80008684 (0x017ede93) srli    t4, t4, 23
core   0: 3 0x80008684 (0x017ede93) x29 0x00000000
core   0: 0x80008688 (0xefc2a193) slti    gp, t0, -260
core   0: 3 0x80008688 (0xefc2a193) x 3 0x00000000
core   0: 0x8000868c (0x0fe2a513) slti    a0, t0, 254
core   0: 3 0x8000868c (0x0fe2a513) x10 0x00000000
core   0: 0x80008690 (0x877e7c13) andi    s8, t3, -1929
core   0: 3 0x80008690 (0x877e7c13) x24 0x00000001
core   0: 0x80008694 (0x00a0dc33) srl     s8, ra, a0
core   0: 3 0x80008694 (0x00a0dc33) x24 0xfffffeb3
core   0: 0x80008698 (0x00358593) addi    a1, a1, 3
core   0: 3 0x80008698 (0x00358593) x11 0x00000006
core   0: 0x8000869c (0xfde5c4e3) blt     a1, t5, pc - 56
core   0: 3 0x8000869c (0xfde5c4e3)
core   0: 0x800086a0 (0x42fddf97) auipc   t6, 0x42fdd
core   0: 3 0x800086a0 (0x42fddf97) x31 0xc2fe56a0
core   0: 0x800086a4 (0xf8e31ce3) bne     t1, a4, pc - 104
core   0: 3 0x800086a4 (0xf8e31ce3)
core   0: 0x8000863c (0xa13fe093) ori     ra, t6, -1517
core   0: 3 0x8000863c (0xa13fe093) x 1 0xfffffeb3
core   0: 0x80008640 (0x00130313) addi    t1, t1, 1
core   0: 3 0x80008640 (0x00130313) x 6 0x00000004
core   0: 0x80008644 (0x01385693) srli    a3, a6, 19
core   0: 3 0x80008644 (0x01385693) x13 0x00001000
core   0: 0x80008648 (0x00000593) li      a1, 0
core   0: 3 0x80008648 (0x00000593) x11 0x00000000
core   0: 0x8000864c (0x01fe53b3) srl     t2, t3, t6
core   0: 3 0x8000864c (0x01fe53b3) x 7 0x00000409
core   0: 0x80008650 (0x00000013) nop
core   0: 3 0x80008650 (0x00000013)
core   0: 0x80008654 (0x40a486b3) sub     a3, s1, a0
core   0: 3 0x80008654 (0x40a486b3) x13 0x00000000
core   0: 0x80008658 (0x00600f13) li      t5, 6
core   0: 3 0x80008658 (0x00600f13) x30 0x00000006
core   0: 0x8000865c (0x0117d993) srli    s3, a5, 17
core   0: 3 0x8000865c (0x0117d993) x19 0x00004001
core   0: 0x80008660 (0x00602b33) slt     s6, zero, t1
core   0: 3 0x80008660 (0x00602b33) x22 0x00000001
core   0: 0x80008664 (0xa3e50413) addi    s0, a0, -1474
core   0: 3 0x80008664 (0xa3e50413) x 8 0xfffffa3e
core   0: 0x80008668 (0x01aa5a93) srli    s5, s4, 26
core   0: 3 0x80008668 (0x01aa5a93) x21 0x00000000
core   0: 0x8000866c (0x41e70cb3) sub     s9, a4, t5
core   0: 3 0x8000866c (0x41e70cb3) x25 0x00000007
core   0: 0x80008670 (0x36b4a693) slti    a3, s1, 875
core   0: 3 0x80008670 (0x36b4a693) x13 0x00000001
core   0: 0x80008674 (0x0158f9b3) and     s3, a7, s5
core   0: 3 0x80008674 (0x0158f9b3) x19 0x00000000
core   0: 0x80008678 (0x01115213) srli    tp, sp, 17
core   0: 3 0x80008678 (0x01115213) x 4 0x00000000
core   0: 0x8000867c (0x772ccf93) xori    t6, s9, 1906
core   0: 3 0x8000867c (0x772ccf93) x31 0x00000775
core   0: 0x80008680 (0x31a70293) addi    t0, a4, 794
core   0: 3 0x80008680 (0x31a70293) x 5 0x00000327
core   0: 0x80008684 (0x017ede93) srli    t4, t4, 23
core   0: 3 0x80008684 (0x017ede93) x29 0x00000000
core   0: 0x80008688 (0xefc2a193) slti    gp, t0, -260
core   0: 3 0x80008688 (0xefc2a193) x 3 0x00000000
core   0: 0x8000868c (0x0fe2a513) slti    a0, t0, 254
core   0: 3 0x8000868c (0x0fe2a513) x10 0x00000000
core   0: 0x80008690 (0x877e7c13) andi    s8, t3, -1929
core   0: 3 0x80008690 (0x877e7c13) x24 0x00000001
core   0: 0x80008694 (0x00a0dc33) srl     s8, ra, a0
core   0: 3 0x80008694 (0x00a0dc33) x24 0xfffffeb3
core   0: 0x80008698 (0x00358593) addi    a1, a1, 3
core   0: 3 0x80008698 (0x00358593) x11 0x00000003
core   0: 0x8000869c (0xfde5c4e3) blt     a1, t5, pc - 56
core   0: 3 0x8000869c (0xfde5c4e3)
core   0: 0x80008664 (0xa3e50413) addi    s0, a0, -1474
core   0: 3 0x80008664 (0xa3e50413) x 8 0xfffffa3e
core   0: 0x80008668 (0x01aa5a93) srli    s5, s4, 26
core   0: 3 0x80008668 (0x01aa5a93) x21 0x00000000
core   0: 0x8000866c (0x41e70cb3) sub     s9, a4, t5
core   0: 3 0x8000866c (0x41e70cb3) x25 0x00000007
core   0: 0x80008670 (0x36b4a693) slti    a3, s1, 875
core   0: 3 0x80008670 (0x36b4a693) x13 0x00000001
core   0: 0x80008674 (0x0158f9b3) and     s3, a7, s5
core   0: 3 0x80008674 (0x0158f9b3) x19 0x00000000
core   0: 0x80008678 (0x01115213) srli    tp, sp, 17
core   0: 3 0x80008678 (0x01115213) x 4 0x00000000
core   0: 0x8000867c (0x772ccf93) xori    t6, s9, 1906
core   0: 3 0x8000867c (0x772ccf93) x31 0x00000775
core   0: 0x80008680 (0x31a70293) addi    t0, a4, 794
core   0: 3 0x80008680 (0x31a70293) x 5 0x00000327
core   0: 0x80008684 (0x017ede93) srli    t4, t4, 23
core   0: 3 0x80008684 (0x017ede93) x29 0x00000000
core   0: 0x80008688 (0xefc2a193) slti    gp, t0, -260
core   0: 3 0x80008688 (0xefc2a193) x 3 0x00000000
core   0: 0x8000868c (0x0fe2a513) slti    a0, t0, 254
core   0: 3 0x8000868c (0x0fe2a513) x10 0x00000000
core   0: 0x80008690 (0x877e7c13) andi    s8, t3, -1929
core   0: 3 0x80008690 (0x877e7c13) x24 0x00000001
core   0: 0x80008694 (0x00a0dc33) srl     s8, ra, a0
core   0: 3 0x80008694 (0x00a0dc33) x24 0xfffffeb3
core   0: 0x80008698 (0x00358593) addi    a1, a1, 3
core   0: 3 0x80008698 (0x00358593) x11 0x00000006
core   0: 0x8000869c (0xfde5c4e3) blt     a1, t5, pc - 56
core   0: 3 0x8000869c (0xfde5c4e3)
core   0: 0x800086a0 (0x42fddf97) auipc   t6, 0x42fdd
core   0: 3 0x800086a0 (0x42fddf97) x31 0xc2fe56a0
core   0: 0x800086a4 (0xf8e31ce3) bne     t1, a4, pc - 104
core   0: 3 0x800086a4 (0xf8e31ce3)
core   0: 0x8000863c (0xa13fe093) ori     ra, t6, -1517
core   0: 3 0x8000863c (0xa13fe093) x 1 0xfffffeb3
core   0: 0x80008640 (0x00130313) addi    t1, t1, 1
core   0: 3 0x80008640 (0x00130313) x 6 0x00000005
core   0: 0x80008644 (0x01385693) srli    a3, a6, 19
core   0: 3 0x80008644 (0x01385693) x13 0x00001000
core   0: 0x80008648 (0x00000593) li      a1, 0
core   0: 3 0x80008648 (0x00000593) x11 0x00000000
core   0: 0x8000864c (0x01fe53b3) srl     t2, t3, t6
core   0: 3 0x8000864c (0x01fe53b3) x 7 0x00000409
core   0: 0x80008650 (0x00000013) nop
core   0: 3 0x80008650 (0x00000013)
core   0: 0x80008654 (0x40a486b3) sub     a3, s1, a0
core   0: 3 0x80008654 (0x40a486b3) x13 0x00000000
core   0: 0x80008658 (0x00600f13) li      t5, 6
core   0: 3 0x80008658 (0x00600f13) x30 0x00000006
core   0: 0x8000865c (0x0117d993) srli    s3, a5, 17
core   0: 3 0x8000865c (0x0117d993) x19 0x00004001
core   0: 0x80008660 (0x00602b33) slt     s6, zero, t1
core   0: 3 0x80008660 (0x00602b33) x22 0x00000001
core   0: 0x80008664 (0xa3e50413) addi    s0, a0, -1474
core   0: 3 0x80008664 (0xa3e50413) x 8 0xfffffa3e
core   0: 0x80008668 (0x01aa5a93) srli    s5, s4, 26
core   0: 3 0x80008668 (0x01aa5a93) x21 0x00000000
core   0: 0x8000866c (0x41e70cb3) sub     s9, a4, t5
core   0: 3 0x8000866c (0x41e70cb3) x25 0x00000007
core   0: 0x80008670 (0x36b4a693) slti    a3, s1, 875
core   0: 3 0x80008670 (0x36b4a693) x13 0x00000001
core   0: 0x80008674 (0x0158f9b3) and     s3, a7, s5
core   0: 3 0x80008674 (0x0158f9b3) x19 0x00000000
core   0: 0x80008678 (0x01115213) srli    tp, sp, 17
core   0: 3 0x80008678 (0x01115213) x 4 0x00000000
core   0: 0x8000867c (0x772ccf93) xori    t6, s9, 1906
core   0: 3 0x8000867c (0x772ccf93) x31 0x00000775
core   0: 0x80008680 (0x31a70293) addi    t0, a4, 794
core   0: 3 0x80008680 (0x31a70293) x 5 0x00000327
core   0: 0x80008684 (0x017ede93) srli    t4, t4, 23
core   0: 3 0x80008684 (0x017ede93) x29 0x00000000
core   0: 0x80008688 (0xefc2a193) slti    gp, t0, -260
core   0: 3 0x80008688 (0xefc2a193) x 3 0x00000000
core   0: 0x8000868c (0x0fe2a513) slti    a0, t0, 254
core   0: 3 0x8000868c (0x0fe2a513) x10 0x00000000
core   0: 0x80008690 (0x877e7c13) andi    s8, t3, -1929
core   0: 3 0x80008690 (0x877e7c13) x24 0x00000001
core   0: 0x80008694 (0x00a0dc33) srl     s8, ra, a0
core   0: 3 0x80008694 (0x00a0dc33) x24 0xfffffeb3
core   0: 0x80008698 (0x00358593) addi    a1, a1, 3
core   0: 3 0x80008698 (0x00358593) x11 0x00000003
core   0: 0x8000869c (0xfde5c4e3) blt     a1, t5, pc - 56
core   0: 3 0x8000869c (0xfde5c4e3)
core   0: 0x80008664 (0xa3e50413) addi    s0, a0, -1474
core   0: 3 0x80008664 (0xa3e50413) x 8 0xfffffa3e
core   0: 0x80008668 (0x01aa5a93) srli    s5, s4, 26
core   0: 3 0x80008668 (0x01aa5a93) x21 0x00000000
core   0: 0x8000866c (0x41e70cb3) sub     s9, a4, t5
core   0: 3 0x8000866c (0x41e70cb3) x25 0x00000007
core   0: 0x80008670 (0x36b4a693) slti    a3, s1, 875
core   0: 3 0x80008670 (0x36b4a693) x13 0x00000001
core   0: 0x80008674 (0x0158f9b3) and     s3, a7, s5
core   0: 3 0x80008674 (0x0158f9b3) x19 0x00000000
core   0: 0x80008678 (0x01115213) srli    tp, sp, 17
core   0: 3 0x80008678 (0x01115213) x 4 0x00000000
core   0: 0x8000867c (0x772ccf93) xori    t6, s9, 1906
core   0: 3 0x8000867c (0x772ccf93) x31 0x00000775
core   0: 0x80008680 (0x31a70293) addi    t0, a4, 794
core   0: 3 0x80008680 (0x31a70293) x 5 0x00000327
core   0: 0x80008684 (0x017ede93) srli    t4, t4, 23
core   0: 3 0x80008684 (0x017ede93) x29 0x00000000
core   0: 0x80008688 (0xefc2a193) slti    gp, t0, -260
core   0: 3 0x80008688 (0xefc2a193) x 3 0x00000000
core   0: 0x8000868c (0x0fe2a513) slti    a0, t0, 254
core   0: 3 0x8000868c (0x0fe2a513) x10 0x00000000
core   0: 0x80008690 (0x877e7c13) andi    s8, t3, -1929
core   0: 3 0x80008690 (0x877e7c13) x24 0x00000001
core   0: 0x80008694 (0x00a0dc33) srl     s8, ra, a0
core   0: 3 0x80008694 (0x00a0dc33) x24 0xfffffeb3
core   0: 0x80008698 (0x00358593) addi    a1, a1, 3
core   0: 3 0x80008698 (0x00358593) x11 0x00000006
core   0: 0x8000869c (0xfde5c4e3) blt     a1, t5, pc - 56
core   0: 3 0x8000869c (0xfde5c4e3)
core   0: 0x800086a0 (0x42fddf97) auipc   t6, 0x42fdd
core   0: 3 0x800086a0 (0x42fddf97) x31 0xc2fe56a0
core   0: 0x800086a4 (0xf8e31ce3) bne     t1, a4, pc - 104
core   0: 3 0x800086a4 (0xf8e31ce3)
core   0: 0x8000863c (0xa13fe093) ori     ra, t6, -1517
core   0: 3 0x8000863c (0xa13fe093) x 1 0xfffffeb3
core   0: 0x80008640 (0x00130313) addi    t1, t1, 1
core   0: 3 0x80008640 (0x00130313) x 6 0x00000006
core   0: 0x80008644 (0x01385693) srli    a3, a6, 19
core   0: 3 0x80008644 (0x01385693) x13 0x00001000
core   0: 0x80008648 (0x00000593) li      a1, 0
core   0: 3 0x80008648 (0x00000593) x11 0x00000000
core   0: 0x8000864c (0x01fe53b3) srl     t2, t3, t6
core   0: 3 0x8000864c (0x01fe53b3) x 7 0x00000409
core   0: 0x80008650 (0x00000013) nop
core   0: 3 0x80008650 (0x00000013)
core   0: 0x80008654 (0x40a486b3) sub     a3, s1, a0
core   0: 3 0x80008654 (0x40a486b3) x13 0x00000000
core   0: 0x80008658 (0x00600f13) li      t5, 6
core   0: 3 0x80008658 (0x00600f13) x30 0x00000006
core   0: 0x8000865c (0x0117d993) srli    s3, a5, 17
core   0: 3 0x8000865c (0x0117d993) x19 0x00004001
core   0: 0x80008660 (0x00602b33) slt     s6, zero, t1
core   0: 3 0x80008660 (0x00602b33) x22 0x00000001
core   0: 0x80008664 (0xa3e50413) addi    s0, a0, -1474
core   0: 3 0x80008664 (0xa3e50413) x 8 0xfffffa3e
core   0: 0x80008668 (0x01aa5a93) srli    s5, s4, 26
core   0: 3 0x80008668 (0x01aa5a93) x21 0x00000000
core   0: 0x8000866c (0x41e70cb3) sub     s9, a4, t5
core   0: 3 0x8000866c (0x41e70cb3) x25 0x00000007
core   0: 0x80008670 (0x36b4a693) slti    a3, s1, 875
core   0: 3 0x80008670 (0x36b4a693) x13 0x00000001
core   0: 0x80008674 (0x0158f9b3) and     s3, a7, s5
core   0: 3 0x80008674 (0x0158f9b3) x19 0x00000000
core   0: 0x80008678 (0x01115213) srli    tp, sp, 17
core   0: 3 0x80008678 (0x01115213) x 4 0x00000000
core   0: 0x8000867c (0x772ccf93) xori    t6, s9, 1906
core   0: 3 0x8000867c (0x772ccf93) x31 0x00000775
core   0: 0x80008680 (0x31a70293) addi    t0, a4, 794
core   0: 3 0x80008680 (0x31a70293) x 5 0x00000327
core   0: 0x80008684 (0x017ede93) srli    t4, t4, 23
core   0: 3 0x80008684 (0x017ede93) x29 0x00000000
core   0: 0x80008688 (0xefc2a193) slti    gp, t0, -260
core   0: 3 0x80008688 (0xefc2a193) x 3 0x00000000
core   0: 0x8000868c (0x0fe2a513) slti    a0, t0, 254
core   0: 3 0x8000868c (0x0fe2a513) x10 0x00000000
core   0: 0x80008690 (0x877e7c13) andi    s8, t3, -1929
core   0: 3 0x80008690 (0x877e7c13) x24 0x00000001
core   0: 0x80008694 (0x00a0dc33) srl     s8, ra, a0
core   0: 3 0x80008694 (0x00a0dc33) x24 0xfffffeb3
core   0: 0x80008698 (0x00358593) addi    a1, a1, 3
core   0: 3 0x80008698 (0x00358593) x11 0x00000003
core   0: 0x8000869c (0xfde5c4e3) blt     a1, t5, pc - 56
core   0: 3 0x8000869c (0xfde5c4e3)
core   0: 0x80008664 (0xa3e50413) addi    s0, a0, -1474
core   0: 3 0x80008664 (0xa3e50413) x 8 0xfffffa3e
core   0: 0x80008668 (0x01aa5a93) srli    s5, s4, 26
core   0: 3 0x80008668 (0x01aa5a93) x21 0x00000000
core   0: 0x8000866c (0x41e70cb3) sub     s9, a4, t5
core   0: 3 0x8000866c (0x41e70cb3) x25 0x00000007
core   0: 0x80008670 (0x36b4a693) slti    a3, s1, 875
core   0: 3 0x80008670 (0x36b4a693) x13 0x00000001
core   0: 0x80008674 (0x0158f9b3) and     s3, a7, s5
core   0: 3 0x80008674 (0x0158f9b3) x19 0x00000000
core   0: 0x80008678 (0x01115213) srli    tp, sp, 17
core   0: 3 0x80008678 (0x01115213) x 4 0x00000000
core   0: 0x8000867c (0x772ccf93) xori    t6, s9, 1906
core   0: 3 0x8000867c (0x772ccf93) x31 0x00000775
core   0: 0x80008680 (0x31a70293) addi    t0, a4, 794
core   0: 3 0x80008680 (0x31a70293) x 5 0x00000327
core   0: 0x80008684 (0x017ede93) srli    t4, t4, 23
core   0: 3 0x80008684 (0x017ede93) x29 0x00000000
core   0: 0x80008688 (0xefc2a193) slti    gp, t0, -260
core   0: 3 0x80008688 (0xefc2a193) x 3 0x00000000
core   0: 0x8000868c (0x0fe2a513) slti    a0, t0, 254
core   0: 3 0x8000868c (0x0fe2a513) x10 0x00000000
core   0: 0x80008690 (0x877e7c13) andi    s8, t3, -1929
core   0: 3 0x80008690 (0x877e7c13) x24 0x00000001
core   0: 0x80008694 (0x00a0dc33) srl     s8, ra, a0
core   0: 3 0x80008694 (0x00a0dc33) x24 0xfffffeb3
core   0: 0x80008698 (0x00358593) addi    a1, a1, 3
core   0: 3 0x80008698 (0x00358593) x11 0x00000006
core   0: 0x8000869c (0xfde5c4e3) blt     a1, t5, pc - 56
core   0: 3 0x8000869c (0xfde5c4e3)
core   0: 0x800086a0 (0x42fddf97) auipc   t6, 0x42fdd
core   0: 3 0x800086a0 (0x42fddf97) x31 0xc2fe56a0
core   0: 0x800086a4 (0xf8e31ce3) bne     t1, a4, pc - 104
core   0: 3 0x800086a4 (0xf8e31ce3)
core   0: 0x8000863c (0xa13fe093) ori     ra, t6, -1517
core   0: 3 0x8000863c (0xa13fe093) x 1 0xfffffeb3
core   0: 0x80008640 (0x00130313) addi    t1, t1, 1
core   0: 3 0x80008640 (0x00130313) x 6 0x00000007
core   0: 0x80008644 (0x01385693) srli    a3, a6, 19
core   0: 3 0x80008644 (0x01385693) x13 0x00001000
core   0: 0x80008648 (0x00000593) li      a1, 0
core   0: 3 0x80008648 (0x00000593) x11 0x00000000
core   0: 0x8000864c (0x01fe53b3) srl     t2, t3, t6
core   0: 3 0x8000864c (0x01fe53b3) x 7 0x00000409
core   0: 0x80008650 (0x00000013) nop
core   0: 3 0x80008650 (0x00000013)
core   0: 0x80008654 (0x40a486b3) sub     a3, s1, a0
core   0: 3 0x80008654 (0x40a486b3) x13 0x00000000
core   0: 0x80008658 (0x00600f13) li      t5, 6
core   0: 3 0x80008658 (0x00600f13) x30 0x00000006
core   0: 0x8000865c (0x0117d993) srli    s3, a5, 17
core   0: 3 0x8000865c (0x0117d993) x19 0x00004001
core   0: 0x80008660 (0x00602b33) slt     s6, zero, t1
core   0: 3 0x80008660 (0x00602b33) x22 0x00000001
core   0: 0x80008664 (0xa3e50413) addi    s0, a0, -1474
core   0: 3 0x80008664 (0xa3e50413) x 8 0xfffffa3e
core   0: 0x80008668 (0x01aa5a93) srli    s5, s4, 26
core   0: 3 0x80008668 (0x01aa5a93) x21 0x00000000
core   0: 0x8000866c (0x41e70cb3) sub     s9, a4, t5
core   0: 3 0x8000866c (0x41e70cb3) x25 0x00000007
core   0: 0x80008670 (0x36b4a693) slti    a3, s1, 875
core   0: 3 0x80008670 (0x36b4a693) x13 0x00000001
core   0: 0x80008674 (0x0158f9b3) and     s3, a7, s5
core   0: 3 0x80008674 (0x0158f9b3) x19 0x00000000
core   0: 0x80008678 (0x01115213) srli    tp, sp, 17
core   0: 3 0x80008678 (0x01115213) x 4 0x00000000
core   0: 0x8000867c (0x772ccf93) xori    t6, s9, 1906
core   0: 3 0x8000867c (0x772ccf93) x31 0x00000775
core   0: 0x80008680 (0x31a70293) addi    t0, a4, 794
core   0: 3 0x80008680 (0x31a70293) x 5 0x00000327
core   0: 0x80008684 (0x017ede93) srli    t4, t4, 23
core   0: 3 0x80008684 (0x017ede93) x29 0x00000000
core   0: 0x80008688 (0xefc2a193) slti    gp, t0, -260
core   0: 3 0x80008688 (0xefc2a193) x 3 0x00000000
core   0: 0x8000868c (0x0fe2a513) slti    a0, t0, 254
core   0: 3 0x8000868c (0x0fe2a513) x10 0x00000000
core   0: 0x80008690 (0x877e7c13) andi    s8, t3, -1929
core   0: 3 0x80008690 (0x877e7c13) x24 0x00000001
core   0: 0x80008694 (0x00a0dc33) srl     s8, ra, a0
core   0: 3 0x80008694 (0x00a0dc33) x24 0xfffffeb3
core   0: 0x80008698 (0x00358593) addi    a1, a1, 3
core   0: 3 0x80008698 (0x00358593) x11 0x00000003
core   0: 0x8000869c (0xfde5c4e3) blt     a1, t5, pc - 56
core   0: 3 0x8000869c (0xfde5c4e3)
core   0: 0x80008664 (0xa3e50413) addi    s0, a0, -1474
core   0: 3 0x80008664 (0xa3e50413) x 8 0xfffffa3e
core   0: 0x80008668 (0x01aa5a93) srli    s5, s4, 26
core   0: 3 0x80008668 (0x01aa5a93) x21 0x00000000
core   0: 0x8000866c (0x41e70cb3) sub     s9, a4, t5
core   0: 3 0x8000866c (0x41e70cb3) x25 0x00000007
core   0: 0x80008670 (0x36b4a693) slti    a3, s1, 875
core   0: 3 0x80008670 (0x36b4a693) x13 0x00000001
core   0: 0x80008674 (0x0158f9b3) and     s3, a7, s5
core   0: 3 0x80008674 (0x0158f9b3) x19 0x00000000
core   0: 0x80008678 (0x01115213) srli    tp, sp, 17
core   0: 3 0x80008678 (0x01115213) x 4 0x00000000
core   0: 0x8000867c (0x772ccf93) xori    t6, s9, 1906
core   0: 3 0x8000867c (0x772ccf93) x31 0x00000775
core   0: 0x80008680 (0x31a70293) addi    t0, a4, 794
core   0: 3 0x80008680 (0x31a70293) x 5 0x00000327
core   0: 0x80008684 (0x017ede93) srli    t4, t4, 23
core   0: 3 0x80008684 (0x017ede93) x29 0x00000000
core   0: 0x80008688 (0xefc2a193) slti    gp, t0, -260
core   0: 3 0x80008688 (0xefc2a193) x 3 0x00000000
core   0: 0x8000868c (0x0fe2a513) slti    a0, t0, 254
core   0: 3 0x8000868c (0x0fe2a513) x10 0x00000000
core   0: 0x80008690 (0x877e7c13) andi    s8, t3, -1929
core   0: 3 0x80008690 (0x877e7c13) x24 0x00000001
core   0: 0x80008694 (0x00a0dc33) srl     s8, ra, a0
core   0: 3 0x80008694 (0x00a0dc33) x24 0xfffffeb3
core   0: 0x80008698 (0x00358593) addi    a1, a1, 3
core   0: 3 0x80008698 (0x00358593) x11 0x00000006
core   0: 0x8000869c (0xfde5c4e3) blt     a1, t5, pc - 56
core   0: 3 0x8000869c (0xfde5c4e3)
core   0: 0x800086a0 (0x42fddf97) auipc   t6, 0x42fdd
core   0: 3 0x800086a0 (0x42fddf97) x31 0xc2fe56a0
core   0: 0x800086a4 (0xf8e31ce3) bne     t1, a4, pc - 104
core   0: 3 0x800086a4 (0xf8e31ce3)
core   0: 0x8000863c (0xa13fe093) ori     ra, t6, -1517
core   0: 3 0x8000863c (0xa13fe093) x 1 0xfffffeb3
core   0: 0x80008640 (0x00130313) addi    t1, t1, 1
core   0: 3 0x80008640 (0x00130313) x 6 0x00000008
core   0: 0x80008644 (0x01385693) srli    a3, a6, 19
core   0: 3 0x80008644 (0x01385693) x13 0x00001000
core   0: 0x80008648 (0x00000593) li      a1, 0
core   0: 3 0x80008648 (0x00000593) x11 0x00000000
core   0: 0x8000864c (0x01fe53b3) srl     t2, t3, t6
core   0: 3 0x8000864c (0x01fe53b3) x 7 0x00000409
core   0: 0x80008650 (0x00000013) nop
core   0: 3 0x80008650 (0x00000013)
core   0: 0x80008654 (0x40a486b3) sub     a3, s1, a0
core   0: 3 0x80008654 (0x40a486b3) x13 0x00000000
core   0: 0x80008658 (0x00600f13) li      t5, 6
core   0: 3 0x80008658 (0x00600f13) x30 0x00000006
core   0: 0x8000865c (0x0117d993) srli    s3, a5, 17
core   0: 3 0x8000865c (0x0117d993) x19 0x00004001
core   0: 0x80008660 (0x00602b33) slt     s6, zero, t1
core   0: 3 0x80008660 (0x00602b33) x22 0x00000001
core   0: 0x80008664 (0xa3e50413) addi    s0, a0, -1474
core   0: 3 0x80008664 (0xa3e50413) x 8 0xfffffa3e
core   0: 0x80008668 (0x01aa5a93) srli    s5, s4, 26
core   0: 3 0x80008668 (0x01aa5a93) x21 0x00000000
core   0: 0x8000866c (0x41e70cb3) sub     s9, a4, t5
core   0: 3 0x8000866c (0x41e70cb3) x25 0x00000007
core   0: 0x80008670 (0x36b4a693) slti    a3, s1, 875
core   0: 3 0x80008670 (0x36b4a693) x13 0x00000001
core   0: 0x80008674 (0x0158f9b3) and     s3, a7, s5
core   0: 3 0x80008674 (0x0158f9b3) x19 0x00000000
core   0: 0x80008678 (0x01115213) srli    tp, sp, 17
core   0: 3 0x80008678 (0x01115213) x 4 0x00000000
core   0: 0x8000867c (0x772ccf93) xori    t6, s9, 1906
core   0: 3 0x8000867c (0x772ccf93) x31 0x00000775
core   0: 0x80008680 (0x31a70293) addi    t0, a4, 794
core   0: 3 0x80008680 (0x31a70293) x 5 0x00000327
core   0: 0x80008684 (0x017ede93) srli    t4, t4, 23
core   0: 3 0x80008684 (0x017ede93) x29 0x00000000
core   0: 0x80008688 (0xefc2a193) slti    gp, t0, -260
core   0: 3 0x80008688 (0xefc2a193) x 3 0x00000000
core   0: 0x8000868c (0x0fe2a513) slti    a0, t0, 254
core   0: 3 0x8000868c (0x0fe2a513) x10 0x00000000
core   0: 0x80008690 (0x877e7c13) andi    s8, t3, -1929
core   0: 3 0x80008690 (0x877e7c13) x24 0x00000001
core   0: 0x80008694 (0x00a0dc33) srl     s8, ra, a0
core   0: 3 0x80008694 (0x00a0dc33) x24 0xfffffeb3
core   0: 0x80008698 (0x00358593) addi    a1, a1, 3
core   0: 3 0x80008698 (0x00358593) x11 0x00000003
core   0: 0x8000869c (0xfde5c4e3) blt     a1, t5, pc - 56
core   0: 3 0x8000869c (0xfde5c4e3)
core   0: 0x80008664 (0xa3e50413) addi    s0, a0, -1474
core   0: 3 0x80008664 (0xa3e50413) x 8 0xfffffa3e
core   0: 0x80008668 (0x01aa5a93) srli    s5, s4, 26
core   0: 3 0x80008668 (0x01aa5a93) x21 0x00000000
core   0: 0x8000866c (0x41e70cb3) sub     s9, a4, t5
core   0: 3 0x8000866c (0x41e70cb3) x25 0x00000007
core   0: 0x80008670 (0x36b4a693) slti    a3, s1, 875
core   0: 3 0x80008670 (0x36b4a693) x13 0x00000001
core   0: 0x80008674 (0x0158f9b3) and     s3, a7, s5
core   0: 3 0x80008674 (0x0158f9b3) x19 0x00000000
core   0: 0x80008678 (0x01115213) srli    tp, sp, 17
core   0: 3 0x80008678 (0x01115213) x 4 0x00000000
core   0: 0x8000867c (0x772ccf93) xori    t6, s9, 1906
core   0: 3 0x8000867c (0x772ccf93) x31 0x00000775
core   0: 0x80008680 (0x31a70293) addi    t0, a4, 794
core   0: 3 0x80008680 (0x31a70293) x 5 0x00000327
core   0: 0x80008684 (0x017ede93) srli    t4, t4, 23
core   0: 3 0x80008684 (0x017ede93) x29 0x00000000
core   0: 0x80008688 (0xefc2a193) slti    gp, t0, -260
core   0: 3 0x80008688 (0xefc2a193) x 3 0x00000000
core   0: 0x8000868c (0x0fe2a513) slti    a0, t0, 254
core   0: 3 0x8000868c (0x0fe2a513) x10 0x00000000
core   0: 0x80008690 (0x877e7c13) andi    s8, t3, -1929
core   0: 3 0x80008690 (0x877e7c13) x24 0x00000001
core   0: 0x80008694 (0x00a0dc33) srl     s8, ra, a0
core   0: 3 0x80008694 (0x00a0dc33) x24 0xfffffeb3
core   0: 0x80008698 (0x00358593) addi    a1, a1, 3
core   0: 3 0x80008698 (0x00358593) x11 0x00000006
core   0: 0x8000869c (0xfde5c4e3) blt     a1, t5, pc - 56
core   0: 3 0x8000869c (0xfde5c4e3)
core   0: 0x800086a0 (0x42fddf97) auipc   t6, 0x42fdd
core   0: 3 0x800086a0 (0x42fddf97) x31 0xc2fe56a0
core   0: 0x800086a4 (0xf8e31ce3) bne     t1, a4, pc - 104
core   0: 3 0x800086a4 (0xf8e31ce3)
core   0: 0x8000863c (0xa13fe093) ori     ra, t6, -1517
core   0: 3 0x8000863c (0xa13fe093) x 1 0xfffffeb3
core   0: 0x80008640 (0x00130313) addi    t1, t1, 1
core   0: 3 0x80008640 (0x00130313) x 6 0x00000009
core   0: 0x80008644 (0x01385693) srli    a3, a6, 19
core   0: 3 0x80008644 (0x01385693) x13 0x00001000
core   0: 0x80008648 (0x00000593) li      a1, 0
core   0: 3 0x80008648 (0x00000593) x11 0x00000000
core   0: 0x8000864c (0x01fe53b3) srl     t2, t3, t6
core   0: 3 0x8000864c (0x01fe53b3) x 7 0x00000409
core   0: 0x80008650 (0x00000013) nop
core   0: 3 0x80008650 (0x00000013)
core   0: 0x80008654 (0x40a486b3) sub     a3, s1, a0
core   0: 3 0x80008654 (0x40a486b3) x13 0x00000000
core   0: 0x80008658 (0x00600f13) li      t5, 6
core   0: 3 0x80008658 (0x00600f13) x30 0x00000006
core   0: 0x8000865c (0x0117d993) srli    s3, a5, 17
core   0: 3 0x8000865c (0x0117d993) x19 0x00004001
core   0: 0x80008660 (0x00602b33) slt     s6, zero, t1
core   0: 3 0x80008660 (0x00602b33) x22 0x00000001
core   0: 0x80008664 (0xa3e50413) addi    s0, a0, -1474
core   0: 3 0x80008664 (0xa3e50413) x 8 0xfffffa3e
core   0: 0x80008668 (0x01aa5a93) srli    s5, s4, 26
core   0: 3 0x80008668 (0x01aa5a93) x21 0x00000000
core   0: 0x8000866c (0x41e70cb3) sub     s9, a4, t5
core   0: 3 0x8000866c (0x41e70cb3) x25 0x00000007
core   0: 0x80008670 (0x36b4a693) slti    a3, s1, 875
core   0: 3 0x80008670 (0x36b4a693) x13 0x00000001
core   0: 0x80008674 (0x0158f9b3) and     s3, a7, s5
core   0: 3 0x80008674 (0x0158f9b3) x19 0x00000000
core   0: 0x80008678 (0x01115213) srli    tp, sp, 17
core   0: 3 0x80008678 (0x01115213) x 4 0x00000000
core   0: 0x8000867c (0x772ccf93) xori    t6, s9, 1906
core   0: 3 0x8000867c (0x772ccf93) x31 0x00000775
core   0: 0x80008680 (0x31a70293) addi    t0, a4, 794
core   0: 3 0x80008680 (0x31a70293) x 5 0x00000327
core   0: 0x80008684 (0x017ede93) srli    t4, t4, 23
core   0: 3 0x80008684 (0x017ede93) x29 0x00000000
core   0: 0x80008688 (0xefc2a193) slti    gp, t0, -260
core   0: 3 0x80008688 (0xefc2a193) x 3 0x00000000
core   0: 0x8000868c (0x0fe2a513) slti    a0, t0, 254
core   0: 3 0x8000868c (0x0fe2a513) x10 0x00000000
core   0: 0x80008690 (0x877e7c13) andi    s8, t3, -1929
core   0: 3 0x80008690 (0x877e7c13) x24 0x00000001
core   0: 0x80008694 (0x00a0dc33) srl     s8, ra, a0
core   0: 3 0x80008694 (0x00a0dc33) x24 0xfffffeb3
core   0: 0x80008698 (0x00358593) addi    a1, a1, 3
core   0: 3 0x80008698 (0x00358593) x11 0x00000003
core   0: 0x8000869c (0xfde5c4e3) blt     a1, t5, pc - 56
core   0: 3 0x8000869c (0xfde5c4e3)
core   0: 0x80008664 (0xa3e50413) addi    s0, a0, -1474
core   0: 3 0x80008664 (0xa3e50413) x 8 0xfffffa3e
core   0: 0x80008668 (0x01aa5a93) srli    s5, s4, 26
core   0: 3 0x80008668 (0x01aa5a93) x21 0x00000000
core   0: 0x8000866c (0x41e70cb3) sub     s9, a4, t5
core   0: 3 0x8000866c (0x41e70cb3) x25 0x00000007
core   0: 0x80008670 (0x36b4a693) slti    a3, s1, 875
core   0: 3 0x80008670 (0x36b4a693) x13 0x00000001
core   0: 0x80008674 (0x0158f9b3) and     s3, a7, s5
core   0: 3 0x80008674 (0x0158f9b3) x19 0x00000000
core   0: 0x80008678 (0x01115213) srli    tp, sp, 17
core   0: 3 0x80008678 (0x01115213) x 4 0x00000000
core   0: 0x8000867c (0x772ccf93) xori    t6, s9, 1906
core   0: 3 0x8000867c (0x772ccf93) x31 0x00000775
core   0: 0x80008680 (0x31a70293) addi    t0, a4, 794
core   0: 3 0x80008680 (0x31a70293) x 5 0x00000327
core   0: 0x80008684 (0x017ede93) srli    t4, t4, 23
core   0: 3 0x80008684 (0x017ede93) x29 0x00000000
core   0: 0x80008688 (0xefc2a193) slti    gp, t0, -260
core   0: 3 0x80008688 (0xefc2a193) x 3 0x00000000
core   0: 0x8000868c (0x0fe2a513) slti    a0, t0, 254
core   0: 3 0x8000868c (0x0fe2a513) x10 0x00000000
core   0: 0x80008690 (0x877e7c13) andi    s8, t3, -1929
core   0: 3 0x80008690 (0x877e7c13) x24 0x00000001
core   0: 0x80008694 (0x00a0dc33) srl     s8, ra, a0
core   0: 3 0x80008694 (0x00a0dc33) x24 0xfffffeb3
core   0: 0x80008698 (0x00358593) addi    a1, a1, 3
core   0: 3 0x80008698 (0x00358593) x11 0x00000006
core   0: 0x8000869c (0xfde5c4e3) blt     a1, t5, pc - 56
core   0: 3 0x8000869c (0xfde5c4e3)
core   0: 0x800086a0 (0x42fddf97) auipc   t6, 0x42fdd
core   0: 3 0x800086a0 (0x42fddf97) x31 0xc2fe56a0
core   0: 0x800086a4 (0xf8e31ce3) bne     t1, a4, pc - 104
core   0: 3 0x800086a4 (0xf8e31ce3)
core   0: 0x8000863c (0xa13fe093) ori     ra, t6, -1517
core   0: 3 0x8000863c (0xa13fe093) x 1 0xfffffeb3
core   0: 0x80008640 (0x00130313) addi    t1, t1, 1
core   0: 3 0x80008640 (0x00130313) x 6 0x0000000a
core   0: 0x80008644 (0x01385693) srli    a3, a6, 19
core   0: 3 0x80008644 (0x01385693) x13 0x00001000
core   0: 0x80008648 (0x00000593) li      a1, 0
core   0: 3 0x80008648 (0x00000593) x11 0x00000000
core   0: 0x8000864c (0x01fe53b3) srl     t2, t3, t6
core   0: 3 0x8000864c (0x01fe53b3) x 7 0x00000409
core   0: 0x80008650 (0x00000013) nop
core   0: 3 0x80008650 (0x00000013)
core   0: 0x80008654 (0x40a486b3) sub     a3, s1, a0
core   0: 3 0x80008654 (0x40a486b3) x13 0x00000000
core   0: 0x80008658 (0x00600f13) li      t5, 6
core   0: 3 0x80008658 (0x00600f13) x30 0x00000006
core   0: 0x8000865c (0x0117d993) srli    s3, a5, 17
core   0: 3 0x8000865c (0x0117d993) x19 0x00004001
core   0: 0x80008660 (0x00602b33) slt     s6, zero, t1
core   0: 3 0x80008660 (0x00602b33) x22 0x00000001
core   0: 0x80008664 (0xa3e50413) addi    s0, a0, -1474
core   0: 3 0x80008664 (0xa3e50413) x 8 0xfffffa3e
core   0: 0x80008668 (0x01aa5a93) srli    s5, s4, 26
core   0: 3 0x80008668 (0x01aa5a93) x21 0x00000000
core   0: 0x8000866c (0x41e70cb3) sub     s9, a4, t5
core   0: 3 0x8000866c (0x41e70cb3) x25 0x00000007
core   0: 0x80008670 (0x36b4a693) slti    a3, s1, 875
core   0: 3 0x80008670 (0x36b4a693) x13 0x00000001
core   0: 0x80008674 (0x0158f9b3) and     s3, a7, s5
core   0: 3 0x80008674 (0x0158f9b3) x19 0x00000000
core   0: 0x80008678 (0x01115213) srli    tp, sp, 17
core   0: 3 0x80008678 (0x01115213) x 4 0x00000000
core   0: 0x8000867c (0x772ccf93) xori    t6, s9, 1906
core   0: 3 0x8000867c (0x772ccf93) x31 0x00000775
core   0: 0x80008680 (0x31a70293) addi    t0, a4, 794
core   0: 3 0x80008680 (0x31a70293) x 5 0x00000327
core   0: 0x80008684 (0x017ede93) srli    t4, t4, 23
core   0: 3 0x80008684 (0x017ede93) x29 0x00000000
core   0: 0x80008688 (0xefc2a193) slti    gp, t0, -260
core   0: 3 0x80008688 (0xefc2a193) x 3 0x00000000
core   0: 0x8000868c (0x0fe2a513) slti    a0, t0, 254
core   0: 3 0x8000868c (0x0fe2a513) x10 0x00000000
core   0: 0x80008690 (0x877e7c13) andi    s8, t3, -1929
core   0: 3 0x80008690 (0x877e7c13) x24 0x00000001
core   0: 0x80008694 (0x00a0dc33) srl     s8, ra, a0
core   0: 3 0x80008694 (0x00a0dc33) x24 0xfffffeb3
core   0: 0x80008698 (0x00358593) addi    a1, a1, 3
core   0: 3 0x80008698 (0x00358593) x11 0x00000003
core   0: 0x8000869c (0xfde5c4e3) blt     a1, t5, pc - 56
core   0: 3 0x8000869c (0xfde5c4e3)
core   0: 0x80008664 (0xa3e50413) addi    s0, a0, -1474
core   0: 3 0x80008664 (0xa3e50413) x 8 0xfffffa3e
core   0: 0x80008668 (0x01aa5a93) srli    s5, s4, 26
core   0: 3 0x80008668 (0x01aa5a93) x21 0x00000000
core   0: 0x8000866c (0x41e70cb3) sub     s9, a4, t5
core   0: 3 0x8000866c (0x41e70cb3) x25 0x00000007
core   0: 0x80008670 (0x36b4a693) slti    a3, s1, 875
core   0: 3 0x80008670 (0x36b4a693) x13 0x00000001
core   0: 0x80008674 (0x0158f9b3) and     s3, a7, s5
core   0: 3 0x80008674 (0x0158f9b3) x19 0x00000000
core   0: 0x80008678 (0x01115213) srli    tp, sp, 17
core   0: 3 0x80008678 (0x01115213) x 4 0x00000000
core   0: 0x8000867c (0x772ccf93) xori    t6, s9, 1906
core   0: 3 0x8000867c (0x772ccf93) x31 0x00000775
core   0: 0x80008680 (0x31a70293) addi    t0, a4, 794
core   0: 3 0x80008680 (0x31a70293) x 5 0x00000327
core   0: 0x80008684 (0x017ede93) srli    t4, t4, 23
core   0: 3 0x80008684 (0x017ede93) x29 0x00000000
core   0: 0x80008688 (0xefc2a193) slti    gp, t0, -260
core   0: 3 0x80008688 (0xefc2a193) x 3 0x00000000
core   0: 0x8000868c (0x0fe2a513) slti    a0, t0, 254
core   0: 3 0x8000868c (0x0fe2a513) x10 0x00000000
core   0: 0x80008690 (0x877e7c13) andi    s8, t3, -1929
core   0: 3 0x80008690 (0x877e7c13) x24 0x00000001
core   0: 0x80008694 (0x00a0dc33) srl     s8, ra, a0
core   0: 3 0x80008694 (0x00a0dc33) x24 0xfffffeb3
core   0: 0x80008698 (0x00358593) addi    a1, a1, 3
core   0: 3 0x80008698 (0x00358593) x11 0x00000006
core   0: 0x8000869c (0xfde5c4e3) blt     a1, t5, pc - 56
core   0: 3 0x8000869c (0xfde5c4e3)
core   0: 0x800086a0 (0x42fddf97) auipc   t6, 0x42fdd
core   0: 3 0x800086a0 (0x42fddf97) x31 0xc2fe56a0
core   0: 0x800086a4 (0xf8e31ce3) bne     t1, a4, pc - 104
core   0: 3 0x800086a4 (0xf8e31ce3)
core   0: 0x8000863c (0xa13fe093) ori     ra, t6, -1517
core   0: 3 0x8000863c (0xa13fe093) x 1 0xfffffeb3
core   0: 0x80008640 (0x00130313) addi    t1, t1, 1
core   0: 3 0x80008640 (0x00130313) x 6 0x0000000b
core   0: 0x80008644 (0x01385693) srli    a3, a6, 19
core   0: 3 0x80008644 (0x01385693) x13 0x00001000
core   0: 0x80008648 (0x00000593) li      a1, 0
core   0: 3 0x80008648 (0x00000593) x11 0x00000000
core   0: 0x8000864c (0x01fe53b3) srl     t2, t3, t6
core   0: 3 0x8000864c (0x01fe53b3) x 7 0x00000409
core   0: 0x80008650 (0x00000013) nop
core   0: 3 0x80008650 (0x00000013)
core   0: 0x80008654 (0x40a486b3) sub     a3, s1, a0
core   0: 3 0x80008654 (0x40a486b3) x13 0x00000000
core   0: 0x80008658 (0x00600f13) li      t5, 6
core   0: 3 0x80008658 (0x00600f13) x30 0x00000006
core   0: 0x8000865c (0x0117d993) srli    s3, a5, 17
core   0: 3 0x8000865c (0x0117d993) x19 0x00004001
core   0: 0x80008660 (0x00602b33) slt     s6, zero, t1
core   0: 3 0x80008660 (0x00602b33) x22 0x00000001
core   0: 0x80008664 (0xa3e50413) addi    s0, a0, -1474
core   0: 3 0x80008664 (0xa3e50413) x 8 0xfffffa3e
core   0: 0x80008668 (0x01aa5a93) srli    s5, s4, 26
core   0: 3 0x80008668 (0x01aa5a93) x21 0x00000000
core   0: 0x8000866c (0x41e70cb3) sub     s9, a4, t5
core   0: 3 0x8000866c (0x41e70cb3) x25 0x00000007
core   0: 0x80008670 (0x36b4a693) slti    a3, s1, 875
core   0: 3 0x80008670 (0x36b4a693) x13 0x00000001
core   0: 0x80008674 (0x0158f9b3) and     s3, a7, s5
core   0: 3 0x80008674 (0x0158f9b3) x19 0x00000000
core   0: 0x80008678 (0x01115213) srli    tp, sp, 17
core   0: 3 0x80008678 (0x01115213) x 4 0x00000000
core   0: 0x8000867c (0x772ccf93) xori    t6, s9, 1906
core   0: 3 0x8000867c (0x772ccf93) x31 0x00000775
core   0: 0x80008680 (0x31a70293) addi    t0, a4, 794
core   0: 3 0x80008680 (0x31a70293) x 5 0x00000327
core   0: 0x80008684 (0x017ede93) srli    t4, t4, 23
core   0: 3 0x80008684 (0x017ede93) x29 0x00000000
core   0: 0x80008688 (0xefc2a193) slti    gp, t0, -260
core   0: 3 0x80008688 (0xefc2a193) x 3 0x00000000
core   0: 0x8000868c (0x0fe2a513) slti    a0, t0, 254
core   0: 3 0x8000868c (0x0fe2a513) x10 0x00000000
core   0: 0x80008690 (0x877e7c13) andi    s8, t3, -1929
core   0: 3 0x80008690 (0x877e7c13) x24 0x00000001
core   0: 0x80008694 (0x00a0dc33) srl     s8, ra, a0
core   0: 3 0x80008694 (0x00a0dc33) x24 0xfffffeb3
core   0: 0x80008698 (0x00358593) addi    a1, a1, 3
core   0: 3 0x80008698 (0x00358593) x11 0x00000003
core   0: 0x8000869c (0xfde5c4e3) blt     a1, t5, pc - 56
core   0: 3 0x8000869c (0xfde5c4e3)
core   0: 0x80008664 (0xa3e50413) addi    s0, a0, -1474
core   0: 3 0x80008664 (0xa3e50413) x 8 0xfffffa3e
core   0: 0x80008668 (0x01aa5a93) srli    s5, s4, 26
core   0: 3 0x80008668 (0x01aa5a93) x21 0x00000000
core   0: 0x8000866c (0x41e70cb3) sub     s9, a4, t5
core   0: 3 0x8000866c (0x41e70cb3) x25 0x00000007
core   0: 0x80008670 (0x36b4a693) slti    a3, s1, 875
core   0: 3 0x80008670 (0x36b4a693) x13 0x00000001
core   0: 0x80008674 (0x0158f9b3) and     s3, a7, s5
core   0: 3 0x80008674 (0x0158f9b3) x19 0x00000000
core   0: 0x80008678 (0x01115213) srli    tp, sp, 17
core   0: 3 0x80008678 (0x01115213) x 4 0x00000000
core   0: 0x8000867c (0x772ccf93) xori    t6, s9, 1906
core   0: 3 0x8000867c (0x772ccf93) x31 0x00000775
core   0: 0x80008680 (0x31a70293) addi    t0, a4, 794
core   0: 3 0x80008680 (0x31a70293) x 5 0x00000327
core   0: 0x80008684 (0x017ede93) srli    t4, t4, 23
core   0: 3 0x80008684 (0x017ede93) x29 0x00000000
core   0: 0x80008688 (0xefc2a193) slti    gp, t0, -260
core   0: 3 0x80008688 (0xefc2a193) x 3 0x00000000
core   0: 0x8000868c (0x0fe2a513) slti    a0, t0, 254
core   0: 3 0x8000868c (0x0fe2a513) x10 0x00000000
core   0: 0x80008690 (0x877e7c13) andi    s8, t3, -1929
core   0: 3 0x80008690 (0x877e7c13) x24 0x00000001
core   0: 0x80008694 (0x00a0dc33) srl     s8, ra, a0
core   0: 3 0x80008694 (0x00a0dc33) x24 0xfffffeb3
core   0: 0x80008698 (0x00358593) addi    a1, a1, 3
core   0: 3 0x80008698 (0x00358593) x11 0x00000006
core   0: 0x8000869c (0xfde5c4e3) blt     a1, t5, pc - 56
core   0: 3 0x8000869c (0xfde5c4e3)
core   0: 0x800086a0 (0x42fddf97) auipc   t6, 0x42fdd
core   0: 3 0x800086a0 (0x42fddf97) x31 0xc2fe56a0
core   0: 0x800086a4 (0xf8e31ce3) bne     t1, a4, pc - 104
core   0: 3 0x800086a4 (0xf8e31ce3)
core   0: 0x8000863c (0xa13fe093) ori     ra, t6, -1517
core   0: 3 0x8000863c (0xa13fe093) x 1 0xfffffeb3
core   0: 0x80008640 (0x00130313) addi    t1, t1, 1
core   0: 3 0x80008640 (0x00130313) x 6 0x0000000c
core   0: 0x80008644 (0x01385693) srli    a3, a6, 19
core   0: 3 0x80008644 (0x01385693) x13 0x00001000
core   0: 0x80008648 (0x00000593) li      a1, 0
core   0: 3 0x80008648 (0x00000593) x11 0x00000000
core   0: 0x8000864c (0x01fe53b3) srl     t2, t3, t6
core   0: 3 0x8000864c (0x01fe53b3) x 7 0x00000409
core   0: 0x80008650 (0x00000013) nop
core   0: 3 0x80008650 (0x00000013)
core   0: 0x80008654 (0x40a486b3) sub     a3, s1, a0
core   0: 3 0x80008654 (0x40a486b3) x13 0x00000000
core   0: 0x80008658 (0x00600f13) li      t5, 6
core   0: 3 0x80008658 (0x00600f13) x30 0x00000006
core   0: 0x8000865c (0x0117d993) srli    s3, a5, 17
core   0: 3 0x8000865c (0x0117d993) x19 0x00004001
core   0: 0x80008660 (0x00602b33) slt     s6, zero, t1
core   0: 3 0x80008660 (0x00602b33) x22 0x00000001
core   0: 0x80008664 (0xa3e50413) addi    s0, a0, -1474
core   0: 3 0x80008664 (0xa3e50413) x 8 0xfffffa3e
core   0: 0x80008668 (0x01aa5a93) srli    s5, s4, 26
core   0: 3 0x80008668 (0x01aa5a93) x21 0x00000000
core   0: 0x8000866c (0x41e70cb3) sub     s9, a4, t5
core   0: 3 0x8000866c (0x41e70cb3) x25 0x00000007
core   0: 0x80008670 (0x36b4a693) slti    a3, s1, 875
core   0: 3 0x80008670 (0x36b4a693) x13 0x00000001
core   0: 0x80008674 (0x0158f9b3) and     s3, a7, s5
core   0: 3 0x80008674 (0x0158f9b3) x19 0x00000000
core   0: 0x80008678 (0x01115213) srli    tp, sp, 17
core   0: 3 0x80008678 (0x01115213) x 4 0x00000000
core   0: 0x8000867c (0x772ccf93) xori    t6, s9, 1906
core   0: 3 0x8000867c (0x772ccf93) x31 0x00000775
core   0: 0x80008680 (0x31a70293) addi    t0, a4, 794
core   0: 3 0x80008680 (0x31a70293) x 5 0x00000327
core   0: 0x80008684 (0x017ede93) srli    t4, t4, 23
core   0: 3 0x80008684 (0x017ede93) x29 0x00000000
core   0: 0x80008688 (0xefc2a193) slti    gp, t0, -260
core   0: 3 0x80008688 (0xefc2a193) x 3 0x00000000
core   0: 0x8000868c (0x0fe2a513) slti    a0, t0, 254
core   0: 3 0x8000868c (0x0fe2a513) x10 0x00000000
core   0: 0x80008690 (0x877e7c13) andi    s8, t3, -1929
core   0: 3 0x80008690 (0x877e7c13) x24 0x00000001
core   0: 0x80008694 (0x00a0dc33) srl     s8, ra, a0
core   0: 3 0x80008694 (0x00a0dc33) x24 0xfffffeb3
core   0: 0x80008698 (0x00358593) addi    a1, a1, 3
core   0: 3 0x80008698 (0x00358593) x11 0x00000003
core   0: 0x8000869c (0xfde5c4e3) blt     a1, t5, pc - 56
core   0: 3 0x8000869c (0xfde5c4e3)
core   0: 0x80008664 (0xa3e50413) addi    s0, a0, -1474
core   0: 3 0x80008664 (0xa3e50413) x 8 0xfffffa3e
core   0: 0x80008668 (0x01aa5a93) srli    s5, s4, 26
core   0: 3 0x80008668 (0x01aa5a93) x21 0x00000000
core   0: 0x8000866c (0x41e70cb3) sub     s9, a4, t5
core   0: 3 0x8000866c (0x41e70cb3) x25 0x00000007
core   0: 0x80008670 (0x36b4a693) slti    a3, s1, 875
core   0: 3 0x80008670 (0x36b4a693) x13 0x00000001
core   0: 0x80008674 (0x0158f9b3) and     s3, a7, s5
core   0: 3 0x80008674 (0x0158f9b3) x19 0x00000000
core   0: 0x80008678 (0x01115213) srli    tp, sp, 17
core   0: 3 0x80008678 (0x01115213) x 4 0x00000000
core   0: 0x8000867c (0x772ccf93) xori    t6, s9, 1906
core   0: 3 0x8000867c (0x772ccf93) x31 0x00000775
core   0: 0x80008680 (0x31a70293) addi    t0, a4, 794
core   0: 3 0x80008680 (0x31a70293) x 5 0x00000327
core   0: 0x80008684 (0x017ede93) srli    t4, t4, 23
core   0: 3 0x80008684 (0x017ede93) x29 0x00000000
core   0: 0x80008688 (0xefc2a193) slti    gp, t0, -260
core   0: 3 0x80008688 (0xefc2a193) x 3 0x00000000
core   0: 0x8000868c (0x0fe2a513) slti    a0, t0, 254
core   0: 3 0x8000868c (0x0fe2a513) x10 0x00000000
core   0: 0x80008690 (0x877e7c13) andi    s8, t3, -1929
core   0: 3 0x80008690 (0x877e7c13) x24 0x00000001
core   0: 0x80008694 (0x00a0dc33) srl     s8, ra, a0
core   0: 3 0x80008694 (0x00a0dc33) x24 0xfffffeb3
core   0: 0x80008698 (0x00358593) addi    a1, a1, 3
core   0: 3 0x80008698 (0x00358593) x11 0x00000006
core   0: 0x8000869c (0xfde5c4e3) blt     a1, t5, pc - 56
core   0: 3 0x8000869c (0xfde5c4e3)
core   0: 0x800086a0 (0x42fddf97) auipc   t6, 0x42fdd
core   0: 3 0x800086a0 (0x42fddf97) x31 0xc2fe56a0
core   0: 0x800086a4 (0xf8e31ce3) bne     t1, a4, pc - 104
core   0: 3 0x800086a4 (0xf8e31ce3)
core   0: 0x8000863c (0xa13fe093) ori     ra, t6, -1517
core   0: 3 0x8000863c (0xa13fe093) x 1 0xfffffeb3
core   0: 0x80008640 (0x00130313) addi    t1, t1, 1
core   0: 3 0x80008640 (0x00130313) x 6 0x0000000d
core   0: 0x80008644 (0x01385693) srli    a3, a6, 19
core   0: 3 0x80008644 (0x01385693) x13 0x00001000
core   0: 0x80008648 (0x00000593) li      a1, 0
core   0: 3 0x80008648 (0x00000593) x11 0x00000000
core   0: 0x8000864c (0x01fe53b3) srl     t2, t3, t6
core   0: 3 0x8000864c (0x01fe53b3) x 7 0x00000409
core   0: 0x80008650 (0x00000013) nop
core   0: 3 0x80008650 (0x00000013)
core   0: 0x80008654 (0x40a486b3) sub     a3, s1, a0
core   0: 3 0x80008654 (0x40a486b3) x13 0x00000000
core   0: 0x80008658 (0x00600f13) li      t5, 6
core   0: 3 0x80008658 (0x00600f13) x30 0x00000006
core   0: 0x8000865c (0x0117d993) srli    s3, a5, 17
core   0: 3 0x8000865c (0x0117d993) x19 0x00004001
core   0: 0x80008660 (0x00602b33) slt     s6, zero, t1
core   0: 3 0x80008660 (0x00602b33) x22 0x00000001
core   0: 0x80008664 (0xa3e50413) addi    s0, a0, -1474
core   0: 3 0x80008664 (0xa3e50413) x 8 0xfffffa3e
core   0: 0x80008668 (0x01aa5a93) srli    s5, s4, 26
core   0: 3 0x80008668 (0x01aa5a93) x21 0x00000000
core   0: 0x8000866c (0x41e70cb3) sub     s9, a4, t5
core   0: 3 0x8000866c (0x41e70cb3) x25 0x00000007
core   0: 0x80008670 (0x36b4a693) slti    a3, s1, 875
core   0: 3 0x80008670 (0x36b4a693) x13 0x00000001
core   0: 0x80008674 (0x0158f9b3) and     s3, a7, s5
core   0: 3 0x80008674 (0x0158f9b3) x19 0x00000000
core   0: 0x80008678 (0x01115213) srli    tp, sp, 17
core   0: 3 0x80008678 (0x01115213) x 4 0x00000000
core   0: 0x8000867c (0x772ccf93) xori    t6, s9, 1906
core   0: 3 0x8000867c (0x772ccf93) x31 0x00000775
core   0: 0x80008680 (0x31a70293) addi    t0, a4, 794
core   0: 3 0x80008680 (0x31a70293) x 5 0x00000327
core   0: 0x80008684 (0x017ede93) srli    t4, t4, 23
core   0: 3 0x80008684 (0x017ede93) x29 0x00000000
core   0: 0x80008688 (0xefc2a193) slti    gp, t0, -260
core   0: 3 0x80008688 (0xefc2a193) x 3 0x00000000
core   0: 0x8000868c (0x0fe2a513) slti    a0, t0, 254
core   0: 3 0x8000868c (0x0fe2a513) x10 0x00000000
core   0: 0x80008690 (0x877e7c13) andi    s8, t3, -1929
core   0: 3 0x80008690 (0x877e7c13) x24 0x00000001
core   0: 0x80008694 (0x00a0dc33) srl     s8, ra, a0
core   0: 3 0x80008694 (0x00a0dc33) x24 0xfffffeb3
core   0: 0x80008698 (0x00358593) addi    a1, a1, 3
core   0: 3 0x80008698 (0x00358593) x11 0x00000003
core   0: 0x8000869c (0xfde5c4e3) blt     a1, t5, pc - 56
core   0: 3 0x8000869c (0xfde5c4e3)
core   0: 0x80008664 (0xa3e50413) addi    s0, a0, -1474
core   0: 3 0x80008664 (0xa3e50413) x 8 0xfffffa3e
core   0: 0x80008668 (0x01aa5a93) srli    s5, s4, 26
core   0: 3 0x80008668 (0x01aa5a93) x21 0x00000000
core   0: 0x8000866c (0x41e70cb3) sub     s9, a4, t5
core   0: 3 0x8000866c (0x41e70cb3) x25 0x00000007
core   0: 0x80008670 (0x36b4a693) slti    a3, s1, 875
core   0: 3 0x80008670 (0x36b4a693) x13 0x00000001
core   0: 0x80008674 (0x0158f9b3) and     s3, a7, s5
core   0: 3 0x80008674 (0x0158f9b3) x19 0x00000000
core   0: 0x80008678 (0x01115213) srli    tp, sp, 17
core   0: 3 0x80008678 (0x01115213) x 4 0x00000000
core   0: 0x8000867c (0x772ccf93) xori    t6, s9, 1906
core   0: 3 0x8000867c (0x772ccf93) x31 0x00000775
core   0: 0x80008680 (0x31a70293) addi    t0, a4, 794
core   0: 3 0x80008680 (0x31a70293) x 5 0x00000327
core   0: 0x80008684 (0x017ede93) srli    t4, t4, 23
core   0: 3 0x80008684 (0x017ede93) x29 0x00000000
core   0: 0x80008688 (0xefc2a193) slti    gp, t0, -260
core   0: 3 0x80008688 (0xefc2a193) x 3 0x00000000
core   0: 0x8000868c (0x0fe2a513) slti    a0, t0, 254
core   0: 3 0x8000868c (0x0fe2a513) x10 0x00000000
core   0: 0x80008690 (0x877e7c13) andi    s8, t3, -1929
core   0: 3 0x80008690 (0x877e7c13) x24 0x00000001
core   0: 0x80008694 (0x00a0dc33) srl     s8, ra, a0
core   0: 3 0x80008694 (0x00a0dc33) x24 0xfffffeb3
core   0: 0x80008698 (0x00358593) addi    a1, a1, 3
core   0: 3 0x80008698 (0x00358593) x11 0x00000006
core   0: 0x8000869c (0xfde5c4e3) blt     a1, t5, pc - 56
core   0: 3 0x8000869c (0xfde5c4e3)
core   0: 0x800086a0 (0x42fddf97) auipc   t6, 0x42fdd
core   0: 3 0x800086a0 (0x42fddf97) x31 0xc2fe56a0
core   0: 0x800086a4 (0xf8e31ce3) bne     t1, a4, pc - 104
core   0: 3 0x800086a4 (0xf8e31ce3)
core   0: 0x800086a8 (0xf17c2393) slti    t2, s8, -233
core   0: 3 0x800086a8 (0xf17c2393) x 7 0x00000001
core   0: 0x800086ac (0xe8836e13) ori     t3, t1, -376
core   0: 3 0x800086ac (0xe8836e13) x28 0xfffffe8d
core   0: 0x800086b0 (0x013d8333) add     t1, s11, s3
core   0: 3 0x800086b0 (0x013d8333) x 6 0x00000004
core   0: 0x800086b4 (0x0055a433) slt     s0, a1, t0
core   0: 3 0x800086b4 (0x0055a433) x 8 0x00000001
core   0: 0x800086b8 (0x056dd663) bge     s11, s6, pc + 76
core   0: 3 0x800086b8 (0x056dd663)
core   0: 0x80008704 (0xd10bac93) slti    s9, s7, -752
core   0: 3 0x80008704 (0xd10bac93) x25 0x00000001
core   0: 0x80008708 (0x88300a93) li      s5, -1917
core   0: 3 0x80008708 (0x88300a93) x21 0xfffff883
core   0: 0x8000870c (0x00e56533) or      a0, a0, a4
core   0: 3 0x8000870c (0x00e56533) x10 0x0000000d
core   0: 0x80008710 (0x01d5ccb3) xor     s9, a1, t4
core   0: 3 0x80008710 (0x01d5ccb3) x25 0x00000006
core   0: 0x80008714 (0xa657a613) slti    a2, a5, -1435
core   0: 3 0x80008714 (0xa657a613) x12 0x00000001
core   0: 0x80008718 (0x051c0463) beq     s8, a7, pc + 72
core   0: 3 0x80008718 (0x051c0463)
core   0: 0x8000871c (0x00d25d13) srli    s10, tp, 13
core   0: 3 0x8000871c (0x00d25d13) x26 0x00000000
core   0: 0x80008720 (0x4164dbb3) sra     s7, s1, s6
core   0: 3 0x80008720 (0x4164dbb3) x23 0x00000000
core   0: 0x80008724 (0x00e31c93) slli    s9, t1, 14
core   0: 3 0x80008724 (0x00e31c93) x25 0x00010000
core   0: 0x80008728 (0x02b95c63) bge     s2, a1, pc + 56
core   0: 3 0x80008728 (0x02b95c63)
core   0: 0x8000872c (0x015806b3) add     a3, a6, s5
core   0: 3 0x8000872c (0x015806b3) x13 0x7ffff883
core   0: 0x80008730 (0x41d38f33) sub     t5, t2, t4
core   0: 3 0x80008730 (0x41d38f33) x30 0x00000001
core   0: 0x80008734 (0x0000100f) fence.i
core   0: 3 0x80008734 (0x0000100f)
core   0: 0x80008738 (0x01cc6eb3) or      t4, s8, t3
core   0: 3 0x80008738 (0x01cc6eb3) x29 0xfffffebf
core   0: 0x8000873c (0x034af863) bgeu    s5, s4, pc + 48
core   0: 3 0x8000873c (0x034af863)
core   0: 0x8000876c (0x40da5c93) srai    s9, s4, 13
core   0: 3 0x8000876c (0x40da5c93) x25 0x00000000
core   0: 0x80008770 (0x0012bfb3) sltu    t6, t0, ra
core   0: 3 0x80008770 (0x0012bfb3) x31 0x00000001
core   0: 0x80008774 (0x0ff0000f) fence   iorw,iorw
core   0: 3 0x80008774 (0x0ff0000f)
core   0: 0x80008778 (0x0000100f) fence.i
core   0: 3 0x80008778 (0x0000100f)
core   0: 0x8000877c (0x47ecc493) xori    s1, s9, 1150
core   0: 3 0x8000877c (0x47ecc493) x 9 0x0000047e
core   0: 0x80008780 (0x03e24863) blt     tp, t5, pc + 48
core   0: 3 0x80008780 (0x03e24863)
core   0: 0x800087b0 (0x05984263) blt     a6, s9, pc + 68
core   0: 3 0x800087b0 (0x05984263)
core   0: 0x800087f4 (0xfe926093) ori     ra, tp, -23
core   0: 3 0x800087f4 (0xfe926093) x 1 0xffffffe9
core   0: 0x800087f8 (0x01ea9913) slli    s2, s5, 30
core   0: 3 0x800087f8 (0x01ea9913) x18 0xc0000000
core   0: 0x800087fc (0x00c81733) sll     a4, a6, a2
core   0: 3 0x800087fc (0x00c81733) x14 0x00000000
core   0: 0x80008800 (0x011759b3) srl     s3, a4, a7
core   0: 3 0x80008800 (0x011759b3) x19 0x00000000
core   0: 0x80008804 (0x1d9c2093) slti    ra, s8, 473
core   0: 3 0x80008804 (0x1d9c2093) x 1 0x00000001
core   0: 0x80008808 (0x409f52b3) sra     t0, t5, s1
core   0: 3 0x80008808 (0x409f52b3) x 5 0x00000000
core   0: 0x8000880c (0xb936c593) xori    a1, a3, -1133
core   0: 3 0x8000880c (0xb936c593) x11 0x80000310
core   0: 0x80008810 (0xdf8dfc37) lui     s8, 0xdf8df
core   0: 3 0x80008810 (0xdf8dfc37) x24 0xdf8df000
core   0: 0x80008814 (0x00000013) nop
core   0: 3 0x80008814 (0x00000013)
core   0: 0x80008818 (0x0035f1b3) and     gp, a1, gp
core   0: 3 0x80008818 (0x0035f1b3) x 3 0x00000000
core   0: 0x8000881c (0x00ee9d33) sll     s10, t4, a4
core   0: 3 0x8000881c (0x00ee9d33) x26 0xfffffebf
core   0: 0x80008820 (0x00f74ab3) xor     s5, a4, a5
core   0: 3 0x80008820 (0x00f74ab3) x21 0x80024e04
core   0: 0x80008824 (0x005e5a63) bge     t3, t0, pc + 20
core   0: 3 0x80008824 (0x005e5a63)
core   0: 0x80008828 (0x01455c63) bge     a0, s4, pc + 24
core   0: 3 0x80008828 (0x01455c63)
core   0: 0x80008840 (0xafb32d93) slti    s11, t1, -1285
core   0: 3 0x80008840 (0xafb32d93) x27 0x00000000
core   0: 0x80008844 (0x708a7b93) andi    s7, s4, 1800
core   0: 3 0x80008844 (0x708a7b93) x23 0x00000000
core   0: 0x80008848 (0x00808263) beq     ra, s0, pc + 4
core   0: 3 0x80008848 (0x00808263)
core   0: 0x8000884c (0x006a6ab3) or      s5, s4, t1
core   0: 3 0x8000884c (0x006a6ab3) x21 0x00000004
core   0: 0x80008850 (0x01360f33) add     t5, a2, s3
core   0: 3 0x80008850 (0x01360f33) x30 0x00000001
core   0: 0x80008854 (0x01eae463) bltu    s5, t5, pc + 8
core   0: 3 0x80008854 (0x01eae463)
core   0: 0x80008858 (0x05148463) beq     s1, a7, pc + 72
core   0: 3 0x80008858 (0x05148463)
core   0: 0x8000885c (0x00bb7513) andi    a0, s6, 11
core   0: 3 0x8000885c (0x00bb7513) x10 0x00000001
core   0: 0x80008860 (0x02720e63) beq     tp, t2, pc + 60
core   0: 3 0x80008860 (0x02720e63)
core   0: 0x80008864 (0x045e5463) bge     t3, t0, pc + 72
core   0: 3 0x80008864 (0x045e5463)
core   0: 0x80008868 (0x00520cb3) add     s9, tp, t0
core   0: 3 0x80008868 (0x00520cb3) x25 0x00000000
core   0: 0x8000886c (0x04ef0263) beq     t5, a4, pc + 68
core   0: 3 0x8000886c (0x04ef0263)
core   0: 0x80008870 (0x00b61c33) sll     s8, a2, a1
core   0: 3 0x80008870 (0x00b61c33) x24 0x00010000
core   0: 0x80008874 (0xed5e4913) xori    s2, t3, -299
core   0: 3 0x80008874 (0xed5e4913) x18 0x00000058
core   0: 0x80008878 (0x00a2f533) and     a0, t0, a0
core   0: 3 0x80008878 (0x00a2f533) x10 0x00000000
core   0: 0x8000887c (0x011be133) or      sp, s7, a7
core   0: 3 0x8000887c (0x011be133) x 2 0x80028ce4
core   0: 0x80008880 (0x6c52b413) sltiu   s0, t0, 1733
core   0: 3 0x80008880 (0x6c52b413) x 8 0x00000001
core   0: 0x80008884 (0x016a44b3) xor     s1, s4, s6
core   0: 3 0x80008884 (0x016a44b3) x 9 0x00000001
core   0: 0x80008888 (0x4069de93) srai    t4, s3, 6
core   0: 3 0x80008888 (0x4069de93) x29 0x00000000
core   0: 0x8000888c (0x00e01db3) sll     s11, zero, a4
core   0: 3 0x8000888c (0x00e01db3) x27 0x00000000
core   0: 0x80008890 (0x41560d33) sub     s10, a2, s5
core   0: 3 0x80008890 (0x41560d33) x26 0xfffffffd
core   0: 0x80008894 (0xf2b83693) sltiu   a3, a6, -213
core   0: 3 0x80008894 (0xf2b83693) x13 0x00000001
core   0: 0x80008898 (0x01ed3333) sltu    t1, s10, t5
core   0: 3 0x80008898 (0x01ed3333) x 6 0x00000000
core   0: 0x8000889c (0x009b8e63) beq     s7, s1, pc + 28
core   0: 3 0x8000889c (0x009b8e63)
core   0: 0x800088a0 (0xae5c8c93) addi    s9, s9, -1307
core   0: 3 0x800088a0 (0xae5c8c93) x25 0xfffffae5
core   0: 0x800088a4 (0x05c25663) bge     tp, t3, pc + 76
core   0: 3 0x800088a4 (0x05c25663)
core   0: 0x800088f0 (0x0000100f) fence.i
core   0: 3 0x800088f0 (0x0000100f)
core   0: 0x800088f4 (0x01243d33) sltu    s10, s0, s2
core   0: 3 0x800088f4 (0x01243d33) x26 0x00000001
core   0: 0x800088f8 (0x02a20063) beq     tp, a0, pc + 32
core   0: 3 0x800088f8 (0x02a20063)
core   0: 0x80008918 (0x7a8d4b13) xori    s6, s10, 1960
core   0: 3 0x80008918 (0x7a8d4b13) x22 0x000007a9
core   0: 0x8000891c (0xae178913) addi    s2, a5, -1311
core   0: 3 0x8000891c (0xae178913) x18 0x800248e5
core   0: 0x80008920 (0x0b79c663) blt     s3, s7, pc + 172
core   0: 3 0x80008920 (0x0b79c663)
core   0: 0x80008924 (0x4051d393) srai    t2, gp, 5
core   0: 3 0x80008924 (0x4051d393) x 7 0x00000000
core   0: 0x80008928 (0x0000100f) fence.i
core   0: 3 0x80008928 (0x0000100f)
core   0: 0x8000892c (0x09ed0863) beq     s10, t5, pc + 144
core   0: 3 0x8000892c (0x09ed0863)
core   0: 0x800089bc (0x7ed37597) auipc   a1, 0x7ed37
core   0: 3 0x800089bc (0x7ed37597) x11 0xfed3f9bc
core   0: 0x800089c0 (0x008ea9b3) slt     s3, t4, s0
core   0: 3 0x800089c0 (0x008ea9b3) x19 0x00000001
core   0: 0x800089c4 (0x05df0463) beq     t5, t4, pc + 72
core   0: 3 0x800089c4 (0x05df0463)
core   0: 0x800089c8 (0x4071d233) sra     tp, gp, t2
core   0: 3 0x800089c8 (0x4071d233) x 4 0x00000000
core   0: 0x800089cc (0x7023b713) sltiu   a4, t2, 1794
core   0: 3 0x800089cc (0x7023b713) x14 0x00000001
core   0: 0x800089d0 (0x0020e5b3) or      a1, ra, sp
core   0: 3 0x800089d0 (0x0020e5b3) x11 0x80028ce5
core   0: 0x800089d4 (0x02ab4663) blt     s6, a0, pc + 44
core   0: 3 0x800089d4 (0x02ab4663)
core   0: 0x800089d8 (0x02107863) bgeu    zero, ra, pc + 48
core   0: 3 0x800089d8 (0x02107863)
core   0: 0x800089dc (0x0ff0000f) fence   iorw,iorw
core   0: 3 0x800089dc (0x0ff0000f)
core   0: 0x800089e0 (0x0ff0000f) fence   iorw,iorw
core   0: 3 0x800089e0 (0x0ff0000f)
core   0: 0x800089e4 (0x40ba8f33) sub     t5, s5, a1
core   0: 3 0x800089e4 (0x40ba8f33) x30 0x7ffd731f
core   0: 0x800089e8 (0x3a196213) ori     tp, s2, 929
core   0: 3 0x800089e8 (0x3a196213) x 4 0x80024be5
core   0: 0x800089ec (0x419e5eb3) sra     t4, t3, s9
core   0: 3 0x800089ec (0x419e5eb3) x29 0xfffffff4
core   0: 0x800089f0 (0x97dda693) slti    a3, s11, -1667
core   0: 3 0x800089f0 (0x97dda693) x13 0x00000000
core   0: 0x800089f4 (0x014fd2b3) srl     t0, t6, s4
core   0: 3 0x800089f4 (0x014fd2b3) x 5 0x00000001
core   0: 0x800089f8 (0xdc4cc917) auipc   s2, 0xdc4cc
core   0: 3 0x800089f8 (0xdc4cc917) x18 0x5c4d49f8
core   0: 0x800089fc (0x00ba5613) srli    a2, s4, 11
core   0: 3 0x800089fc (0x00ba5613) x12 0x00000000
core   0: 0x80008a00 (0x01c4ad33) slt     s10, s1, t3
core   0: 3 0x80008a00 (0x01c4ad33) x26 0x00000000
core   0: 0x80008a04 (0x0049e263) bltu    s3, tp, pc + 4
core   0: 3 0x80008a04 (0x0049e263)
core   0: 0x80008a08 (0x00a95133) srl     sp, s2, a0
core   0: 3 0x80008a08 (0x00a95133) x 2 0x5c4d49f8
core   0: 0x80008a0c (0x06286a63) bltu    a6, sp, pc + 116
core   0: 3 0x80008a0c (0x06286a63)
core   0: 0x80008a10 (0x00da26b3) slt     a3, s4, a3
core   0: 3 0x80008a10 (0x00da26b3) x13 0x00000000
core   0: 0x80008a14 (0x01118cb3) add     s9, gp, a7
core   0: 3 0x80008a14 (0x01118cb3) x25 0x80028ce4
core   0: 0x80008a18 (0x01fedcb3) srl     s9, t4, t6
core   0: 3 0x80008a18 (0x01fedcb3) x25 0x7ffffffa
core   0: 0x80008a1c (0x0ec9e113) ori     sp, s3, 236
core   0: 3 0x80008a1c (0x0ec9e113) x 2 0x000000ed
core   0: 0x80008a20 (0x007746b3) xor     a3, a4, t2
core   0: 3 0x80008a20 (0x007746b3) x13 0x00000001
core   0: 0x80008a24 (0x40ae8533) sub     a0, t4, a0
core   0: 3 0x80008a24 (0x40ae8533) x10 0xfffffff4
core   0: 0x80008a28 (0x01e4cf33) xor     t5, s1, t5
core   0: 3 0x80008a28 (0x01e4cf33) x30 0x7ffd731e
core   0: 0x80008a2c (0x00000a93) li      s5, 0
core   0: 3 0x80008a2c (0x00000a93) x21 0x00000000
core   0: 0x80008a30 (0xc7afa293) slti    t0, t6, -902
core   0: 3 0x80008a30 (0xc7afa293) x 5 0x00000000
core   0: 0x80008a34 (0x0000100f) fence.i
core   0: 3 0x80008a34 (0x0000100f)
core   0: 0x80008a38 (0x8c89bf93) sltiu   t6, s3, -1848
core   0: 3 0x80008a38 (0x8c89bf93) x31 0x00000001
core   0: 0x80008a3c (0xff100a13) li      s4, -15
core   0: 3 0x80008a3c (0xff100a13) x20 0xfffffff1
core   0: 0x80008a40 (0x0ff0000f) fence   iorw,iorw
core   0: 3 0x80008a40 (0x0ff0000f)
core   0: 0x80008a44 (0x005426b3) slt     a3, s0, t0
core   0: 3 0x80008a44 (0x005426b3) x13 0x00000000
core   0: 0x80008a48 (0x00b49db3) sll     s11, s1, a1
core   0: 3 0x80008a48 (0x00b49db3) x27 0x00000020
core   0: 0x80008a4c (0xff6a8a93) addi    s5, s5, -10
core   0: 3 0x80008a4c (0xff6a8a93) x21 0xfffffff6
core   0: 0x80008a50 (0xff4adae3) bge     s5, s4, pc - 12
core   0: 3 0x80008a50 (0xff4adae3)
core   0: 0x80008a44 (0x005426b3) slt     a3, s0, t0
core   0: 3 0x80008a44 (0x005426b3) x13 0x00000000
core   0: 0x80008a48 (0x00b49db3) sll     s11, s1, a1
core   0: 3 0x80008a48 (0x00b49db3) x27 0x00000020
core   0: 0x80008a4c (0xff6a8a93) addi    s5, s5, -10
core   0: 3 0x80008a4c (0xff6a8a93) x21 0xffffffec
core   0: 0x80008a50 (0xff4adae3) bge     s5, s4, pc - 12
core   0: 3 0x80008a50 (0xff4adae3)
core   0: 0x80008a54 (0x0000100f) fence.i
core   0: 3 0x80008a54 (0x0000100f)
core   0: 0x80008a58 (0xcaca7b93) andi    s7, s4, -852
core   0: 3 0x80008a58 (0xcaca7b93) x23 0xfffffca0
core   0: 0x80008a5c (0x03e5ec63) bltu    a1, t5, pc + 56
core   0: 3 0x80008a5c (0x03e5ec63)
core   0: 0x80008a60 (0x00071f13) slli    t5, a4, 0
core   0: 3 0x80008a60 (0x00071f13) x30 0x00000001
core   0: 0x80008a64 (0x868d6093) ori     ra, s10, -1944
core   0: 3 0x80008a64 (0x868d6093) x 1 0xfffff868
core   0: 0x80008a68 (0x2170a913) slti    s2, ra, 535
core   0: 3 0x80008a68 (0x2170a913) x18 0x00000001
core   0: 0x80008a6c (0x40d80b33) sub     s6, a6, a3
core   0: 3 0x80008a6c (0x40d80b33) x22 0x80000000
core   0: 0x80008a70 (0x400f5f93) srai    t6, t5, 0
core   0: 3 0x80008a70 (0x400f5f93) x31 0x00000001
core   0: 0x80008a74 (0x00000013) nop
core   0: 3 0x80008a74 (0x00000013)
core   0: 0x80008a78 (0x012ebdb3) sltu    s11, t4, s2
core   0: 3 0x80008a78 (0x012ebdb3) x27 0x00000000
core   0: 0x80008a7c (0x006bf863) bgeu    s7, t1, pc + 16
core   0: 3 0x80008a7c (0x006bf863)
core   0: 0x80008a8c (0x007561b3) or      gp, a0, t2
core   0: 3 0x80008a8c (0x007561b3) x 3 0xfffffff4
core   0: 0x80008a90 (0xd2b3a413) slti    s0, t2, -725
core   0: 3 0x80008a90 (0xd2b3a413) x 8 0x00000000
core   0: 0x80008a94 (0x01a11933) sll     s2, sp, s10
core   0: 3 0x80008a94 (0x01a11933) x18 0x000000ed
core   0: 0x80008a98 (0xf1fb2337) lui     t1, 0xf1fb2
core   0: 3 0x80008a98 (0xf1fb2337) x 6 0xf1fb2000
core   0: 0x80008a9c (0x0024f033) and     zero, s1, sp
core   0: 3 0x80008a9c (0x0024f033)
core   0: 0x80008aa0 (0xdddfa313) slti    t1, t6, -547
core   0: 3 0x80008aa0 (0xdddfa313) x 6 0x00000000
core   0: 0x80008aa4 (0x40c55713) srai    a4, a0, 12
core   0: 3 0x80008aa4 (0x40c55713) x14 0xffffffff
core   0: 0x80008aa8 (0x00000013) nop
core   0: 3 0x80008aa8 (0x00000013)
core   0: 0x80008aac (0x015ff733) and     a4, t6, s5
core   0: 3 0x80008aac (0x015ff733) x14 0x00000000
core   0: 0x80008ab0 (0x402256b3) sra     a3, tp, sp
core   0: 3 0x80008ab0 (0x402256b3) x13 0xfffc0012
core   0: 0x80008ab4 (0xb37d6997) auipc   s3, 0xb37d6
core   0: 3 0x80008ab4 (0xb37d6997) x19 0x337deab4
core   0: 0x80008ab8 (0x368a3f17) auipc   t5, 0x368a3
core   0: 3 0x80008ab8 (0x368a3f17) x30 0xb68abab8
core   0: 0x80008abc (0x04088663) beqz    a7, pc + 76
core   0: 3 0x80008abc (0x04088663)
core   0: 0x80008ac0 (0x042ce863) bltu    s9, sp, pc + 80
core   0: 3 0x80008ac0 (0x042ce863)
core   0: 0x80008ac4 (0x00e05a63) bge     zero, a4, pc + 20
core   0: 3 0x80008ac4 (0x00e05a63)
core   0: 0x80008ad8 (0x3041e913) ori     s2, gp, 772
core   0: 3 0x80008ad8 (0x3041e913) x18 0xfffffff4
core   0: 0x80008adc (0x0123de63) bge     t2, s2, pc + 28
core   0: 3 0x80008adc (0x0123de63)
core   0: 0x80008af8 (0x400d04b3) sub     s1, s10, zero
core   0: 3 0x80008af8 (0x400d04b3) x 9 0x00000000
core   0: 0x80008afc (0x00000013) nop
core   0: 3 0x80008afc (0x00000013)
core   0: 0x80008b00 (0x056bc463) blt     s7, s6, pc + 72
core   0: 3 0x80008b00 (0x056bc463)
core   0: 0x80008b04 (0x5c71c113) xori    sp, gp, 1479
core   0: 3 0x80008b04 (0x5c71c113) x 2 0xfffffa33
core   0: 0x80008b08 (0x01fca0b3) slt     ra, s9, t6
core   0: 3 0x80008b08 (0x01fca0b3) x 1 0x00000000
core   0: 0x80008b0c (0x020cd663) bgez    s9, pc + 44
core   0: 3 0x80008b0c (0x020cd663)
core   0: 0x80008b38 (0x00e15bb3) srl     s7, sp, a4
core   0: 3 0x80008b38 (0x00e15bb3) x23 0xfffffa33
core   0: 0x80008b3c (0x0000100f) fence.i
core   0: 3 0x80008b3c (0x0000100f)
core   0: 0x80008b40 (0x00ba6bb3) or      s7, s4, a1
core   0: 3 0x80008b40 (0x00ba6bb3) x23 0xfffffff5
core   0: 0x80008b44 (0x417a06b3) sub     a3, s4, s7
core   0: 3 0x80008b44 (0x417a06b3) x13 0xfffffffc
core   0: 0x80008b48 (0x032a1863) bne     s4, s2, pc + 48
core   0: 3 0x80008b48 (0x032a1863)
core   0: 0x80008b78 (0x01ebfd33) and     s10, s7, t5
core   0: 3 0x80008b78 (0x01ebfd33) x26 0xb68abab0
core   0: 0x80008b7c (0x01423db3) sltu    s11, tp, s4
core   0: 3 0x80008b7c (0x01423db3) x27 0x00000001
core   0: 0x80008b80 (0x0000100f) fence.i
core   0: 3 0x80008b80 (0x0000100f)
core   0: 0x80008b84 (0x2fe96e93) ori     t4, s2, 766
core   0: 3 0x80008b84 (0x2fe96e93) x29 0xfffffffe
core   0: 0x80008b88 (0x250d6913) ori     s2, s10, 592
core   0: 3 0x80008b88 (0x250d6913) x18 0xb68abaf0
core   0: 0x80008b8c (0x451d4a13) xori    s4, s10, 1105
core   0: 3 0x80008b8c (0x451d4a13) x20 0xb68abee1
core   0: 0x80008b90 (0x0087dd13) srli    s10, a5, 8
core   0: 3 0x80008b90 (0x0087dd13) x26 0x0080024e
core   0: 0x80008b94 (0x05b65663) bge     a2, s11, pc + 76
core   0: 3 0x80008b94 (0x05b65663)
core   0: 0x80008b98 (0x00b21863) bne     tp, a1, pc + 16
core   0: 3 0x80008b98 (0x00b21863)
core   0: 0x80008ba8 (0x01f41c33) sll     s8, s0, t6
core   0: 3 0x80008ba8 (0x01f41c33) x24 0x00000000
core   0: 0x80008bac (0x0000100f) fence.i
core   0: 3 0x80008bac (0x0000100f)
core   0: 0x80008bb0 (0x01552a33) slt     s4, a0, s5
core   0: 3 0x80008bb0 (0x01552a33) x20 0x00000000
core   0: 0x80008bb4 (0x002b0263) beq     s6, sp, pc + 4
core   0: 3 0x80008bb4 (0x002b0263)
core   0: 0x80008bb8 (0x02b4d063) bge     s1, a1, pc + 32
core   0: 3 0x80008bb8 (0x02b4d063)
core   0: 0x80008bd8 (0x01c973b3) and     t2, s2, t3
core   0: 3 0x80008bd8 (0x01c973b3) x 7 0xb68aba80
core   0: 0x80008bdc (0x018b62b3) or      t0, s6, s8
core   0: 3 0x80008bdc (0x018b62b3) x 5 0x80000000
core   0: 0x80008be0 (0x01b449b3) xor     s3, s0, s11
core   0: 3 0x80008be0 (0x01b449b3) x19 0x00000001
core   0: 0x80008be4 (0x01e19cb3) sll     s9, gp, t5
core   0: 3 0x80008be4 (0x01e19cb3) x25 0xf4000000
core   0: 0x80008be8 (0x016ebbb3) sltu    s7, t4, s6
core   0: 3 0x80008be8 (0x016ebbb3) x23 0x00000000
core   0: 0x80008bec (0x34a41cb7) lui     s9, 0x34a41
core   0: 3 0x80008bec (0x34a41cb7) x25 0x34a41000
core   0: 0x80008bf0 (0x419ed4b3) sra     s1, t4, s9
core   0: 3 0x80008bf0 (0x419ed4b3) x 9 0xfffffffe
core   0: 0x80008bf4 (0x00a3b533) sltu    a0, t2, a0
core   0: 3 0x80008bf4 (0x00a3b533) x10 0x00000001
core   0: 0x80008bf8 (0x40c08033) sub     zero, ra, a2
core   0: 3 0x80008bf8 (0x40c08033)
core   0: 0x80008bfc (0x0119bc33) sltu    s8, s3, a7
core   0: 3 0x80008bfc (0x0119bc33) x24 0x00000001
core   0: 0x80008c00 (0x0000100f) fence.i
core   0: 3 0x80008c00 (0x0000100f)
core   0: 0x80008c04 (0x0262f863) bgeu    t0, t1, pc + 48
core   0: 3 0x80008c04 (0x0262f863)
core   0: 0x80008c34 (0x01680263) beq     a6, s6, pc + 4
core   0: 3 0x80008c34 (0x01680263)
core   0: 0x80008c38 (0x00c7edb3) or      s11, a5, a2
core   0: 3 0x80008c38 (0x00c7edb3) x27 0x80024e04
core   0: 0x80008c3c (0x0104e6b3) or      a3, s1, a6
core   0: 3 0x80008c3c (0x0104e6b3) x13 0xfffffffe
core   0: 0x80008c40 (0x040f4663) bltz    t5, pc + 76
core   0: 3 0x80008c40 (0x040f4663)
core   0: 0x80008c8c (0x0322f863) bgeu    t0, s2, pc + 48
core   0: 3 0x80008c8c (0x0322f863)
core   0: 0x80008c90 (0x569c8513) addi    a0, s9, 1385
core   0: 3 0x80008c90 (0x569c8513) x10 0x34a41569
core   0: 0x80008c94 (0x01d51613) slli    a2, a0, 29
core   0: 3 0x80008c94 (0x01d51613) x12 0x20000000
core   0: 0x80008c98 (0xd3c83b93) sltiu   s7, a6, -708
core   0: 3 0x80008c98 (0xd3c83b93) x23 0x00000001
core   0: 0x80008c9c (0x04781863) bne     a6, t2, pc + 80
core   0: 3 0x80008c9c (0x04781863)
core   0: 0x80008cec (0x4ef0af13) slti    t5, ra, 1263
core   0: 3 0x80008cec (0x4ef0af13) x30 0x00000001
core   0: 0x80008cf0 (0x013df633) and     a2, s11, s3
core   0: 3 0x80008cf0 (0x013df633) x12 0x00000000
core   0: 0x80008cf4 (0x00bcf463) bgeu    s9, a1, pc + 8
core   0: 3 0x80008cf4 (0x00bcf463)
core   0: 0x80008cf8 (0x0454d863) bge     s1, t0, pc + 80
core   0: 3 0x80008cf8 (0x0454d863)
core   0: 0x80008d48 (0x00319863) bne     gp, gp, pc + 16
core   0: 3 0x80008d48 (0x00319863)
core   0: 0x80008d4c (0xc22f5a17) auipc   s4, 0xc22f5
core   0: 3 0x80008d4c (0xc22f5a17) x20 0x422fdd4c
core   0: 0x80008d50 (0xe2780f93) addi    t6, a6, -473
core   0: 3 0x80008d50 (0xe2780f93) x31 0x7ffffe27
core   0: 0x80008d54 (0x00ff5a63) bge     t5, a5, pc + 20
core   0: 3 0x80008d54 (0x00ff5a63)
core   0: 0x80008d68 (0x414f0cb3) sub     s9, t5, s4
core   0: 3 0x80008d68 (0x414f0cb3) x25 0xbdd022b5
core   0: 0x80008d6c (0x051c6463) bltu    s8, a7, pc + 72
core   0: 3 0x80008d6c (0x051c6463)
core   0: 0x80008db4 (0x05f60863) beq     a2, t6, pc + 80
core   0: 3 0x80008db4 (0x05f60863)
core   0: 0x80008db8 (0x0364f663) bgeu    s1, s6, pc + 44
core   0: 3 0x80008db8 (0x0364f663)
core   0: 0x80008de4 (0x05d40663) beq     s0, t4, pc + 76
core   0: 3 0x80008de4 (0x05d40663)
core   0: 0x80008de8 (0x014526b3) slt     a3, a0, s4
core   0: 3 0x80008de8 (0x014526b3) x13 0x00000001
core   0: 0x80008dec (0x4c430a13) addi    s4, t1, 1220
core   0: 3 0x80008dec (0x4c430a13) x20 0x000004c4
core   0: 0x80008df0 (0x00000013) nop
core   0: 3 0x80008df0 (0x00000013)
core   0: 0x80008df4 (0x001df2b3) and     t0, s11, ra
core   0: 3 0x80008df4 (0x001df2b3) x 5 0x00000000
core   0: 0x80008df8 (0x01c81d13) slli    s10, a6, 28
core   0: 3 0x80008df8 (0x01c81d13) x26 0x00000000
core   0: 0x80008dfc (0xef910413) addi    s0, sp, -263
core   0: 3 0x80008dfc (0xef910413) x 8 0xfffff92c
core   0: 0x80008e00 (0x015db9b3) sltu    s3, s11, s5
core   0: 3 0x80008e00 (0x015db9b3) x19 0x00000001
core   0: 0x80008e04 (0x027bfc63) bgeu    s7, t2, pc + 56
core   0: 3 0x80008e04 (0x027bfc63)
core   0: 0x80008e08 (0x0ff0000f) fence   iorw,iorw
core   0: 3 0x80008e08 (0x0ff0000f)
core   0: 0x80008e0c (0x400d8bb3) sub     s7, s11, zero
core   0: 3 0x80008e0c (0x400d8bb3) x23 0x80024e04
core   0: 0x80008e10 (0x00547a33) and     s4, s0, t0
core   0: 3 0x80008e10 (0x00547a33) x20 0x00000000
core   0: 0x80008e14 (0x02fe7063) bgeu    t3, a5, pc + 32
core   0: 3 0x80008e14 (0x02fe7063)
core   0: 0x80008e34 (0x004f64b3) or      s1, t5, tp
core   0: 3 0x80008e34 (0x004f64b3) x 9 0x80024be5
core   0: 0x80008e38 (0x00000013) nop
core   0: 3 0x80008e38 (0x00000013)
core   0: 0x80008e3c (0x015b9013) slli    zero, s7, 21
core   0: 3 0x80008e3c (0x015b9013)
core   0: 0x80008e40 (0x05d4c463) blt     s1, t4, pc + 72
core   0: 3 0x80008e40 (0x05d4c463)
core   0: 0x80008e88 (0x1901fc93) andi    s9, gp, 400
core   0: 3 0x80008e88 (0x1901fc93) x25 0x00000190
core   0: 0x80008e8c (0x8b296113) ori     sp, s2, -1870
core   0: 3 0x80008e8c (0x8b296113) x 2 0xfffffaf2
core   0: 0x80008e90 (0x410d85b3) sub     a1, s11, a6
core   0: 3 0x80008e90 (0x410d85b3) x11 0x00024e04
core   0: 0x80008e94 (0x0286e863) bltu    a3, s0, pc + 48
core   0: 3 0x80008e94 (0x0286e863)
core   0: 0x80008ec4 (0x00c7d9b3) srl     s3, a5, a2
core   0: 3 0x80008ec4 (0x00c7d9b3) x19 0x80024e04
core   0: 0x80008ec8 (0x41a65913) srai    s2, a2, 26
core   0: 3 0x80008ec8 (0x41a65913) x18 0x00000000
core   0: 0x80008ecc (0x0ff0000f) fence   iorw,iorw
core   0: 3 0x80008ecc (0x0ff0000f)
core   0: 0x80008ed0 (0x78f78a97) auipc   s5, 0x78f78
core   0: 3 0x80008ed0 (0x78f78a97) x21 0xf8f80ed0
core   0: 0x80008ed4 (0x00202533) slt     a0, zero, sp
core   0: 3 0x80008ed4 (0x00202533) x10 0x00000000
core   0: 0x80008ed8 (0x019f36b3) sltu    a3, t5, s9
core   0: 3 0x80008ed8 (0x019f36b3) x13 0x00000001
core   0: 0x80008edc (0x08459063) bne     a1, tp, pc + 128
core   0: 3 0x80008edc (0x08459063)
core   0: 0x80008f5c (0x01979033) sll     zero, a5, s9
core   0: 3 0x80008f5c (0x01979033)
core   0: 0x80008f60 (0x0ff0000f) fence   iorw,iorw
core   0: 3 0x80008f60 (0x0ff0000f)
core   0: 0x80008f64 (0x00f83333) sltu    t1, a6, a5
core   0: 3 0x80008f64 (0x00f83333) x 6 0x00000001
core   0: 0x80008f68 (0x009b4433) xor     s0, s6, s1
core   0: 3 0x80008f68 (0x009b4433) x 8 0x00024be5
core   0: 0x80008f6c (0x402f5193) srai    gp, t5, 2
core   0: 3 0x80008f6c (0x402f5193) x 3 0x00000000
core   0: 0x80008f70 (0x00bd9463) bne     s11, a1, pc + 8
core   0: 3 0x80008f70 (0x00bd9463)
core   0: 0x80008f78 (0x0000100f) fence.i
core   0: 3 0x80008f78 (0x0000100f)
core   0: 0x80008f7c (0x41235633) sra     a2, t1, s2
core   0: 3 0x80008f7c (0x41235633) x12 0x00000001
core   0: 0x80008f80 (0x019a71b3) and     gp, s4, s9
core   0: 3 0x80008f80 (0x019a71b3) x 3 0x00000000
core   0: 0x80008f84 (0x874cec93) ori     s9, s9, -1932
core   0: 3 0x80008f84 (0x874cec93) x25 0xfffff9f4
core   0: 0x80008f88 (0x04eac463) blt     s5, a4, pc + 72
core   0: 3 0x80008f88 (0x04eac463)
core   0: 0x80008fd0 (0xa03b8513) addi    a0, s7, -1533
core   0: 3 0x80008fd0 (0xa03b8513) x10 0x80024807
core   0: 0x80008fd4 (0x0575c863) blt     a1, s7, pc + 80
core   0: 3 0x80008fd4 (0x0575c863)
core   0: 0x80008fd8 (0x034e7c63) bgeu    t3, s4, pc + 56
core   0: 3 0x80008fd8 (0x034e7c63)
core   0: 0x80009010 (0xf42bd997) auipc   s3, 0xf42bd
core   0: 3 0x80009010 (0xf42bd997) x19 0x742c6010
core   0: 0x80009014 (0x47b0c597) auipc   a1, 0x47b0c
core   0: 3 0x80009014 (0x47b0c597) x11 0xc7b15014
core   0: 0x80009018 (0xdbd9c493) xori    s1, s3, -579
core   0: 3 0x80009018 (0xdbd9c493) x 9 0x8bd39dad
core   0: 0x8000901c (0xfdd40c13) addi    s8, s0, -35
core   0: 3 0x8000901c (0xfdd40c13) x24 0x00024bc2
core   0: 0x80009020 (0x04105663) bge     zero, ra, pc + 76
core   0: 3 0x80009020 (0x04105663)
core   0: 0x8000906c (0x01187a33) and     s4, a6, a7
core   0: 3 0x8000906c (0x01187a33) x20 0x80000000
core   0: 0x80009070 (0x68ed3693) sltiu   a3, s10, 1678
core   0: 3 0x80009070 (0x68ed3693) x13 0x00000001
core   0: 0x80009074 (0x04c48863) beq     s1, a2, pc + 80
core   0: 3 0x80009074 (0x04c48863)
core   0: 0x80009078 (0x014ddbb3) srl     s7, s11, s4
core   0: 3 0x80009078 (0x014ddbb3) x23 0x80024e04
core   0: 0x8000907c (0xe35e2613) slti    a2, t3, -459
core   0: 3 0x8000907c (0xe35e2613) x12 0x00000000
core   0: 0x80009080 (0x0063f433) and     s0, t2, t1
core   0: 3 0x80009080 (0x0063f433) x 8 0x00000000
core   0: 0x80009084 (0x494eb417) auipc   s0, 0x494eb
core   0: 3 0x80009084 (0x494eb417) x 8 0xc94f4084
core   0: 0x80009088 (0x0000100f) fence.i
core   0: 3 0x80009088 (0x0000100f)
core   0: 0x8000908c (0x7df9bd13) sltiu   s10, s3, 2015
core   0: 3 0x8000908c (0x7df9bd13) x26 0x00000000
core   0: 0x80009090 (0x008153b3) srl     t2, sp, s0
core   0: 3 0x80009090 (0x008153b3) x 7 0x0fffffaf
core   0: 0x80009094 (0x7e87f413) andi    s0, a5, 2024
core   0: 3 0x80009094 (0x7e87f413) x 8 0x00000600
core   0: 0x80009098 (0xaf060d17) auipc   s10, 0xaf060
core   0: 3 0x80009098 (0xaf060d17) x26 0x2f069098
core   0: 0x8000909c (0x00d7df13) srli    t5, a5, 13
core   0: 3 0x8000909c (0x00d7df13) x30 0x00040012
core   0: 0x800090a0 (0x014d6a63) bltu    s10, s4, pc + 20
core   0: 3 0x800090a0 (0x014d6a63)
core   0: 0x800090b4 (0x631a8213) addi    tp, s5, 1585
core   0: 3 0x800090b4 (0x631a8213) x 4 0xf8f81501
core   0: 0x800090b8 (0x0ff0000f) fence   iorw,iorw
core   0: 3 0x800090b8 (0x0ff0000f)
core   0: 0x800090bc (0x00222993) slti    s3, tp, 2
core   0: 3 0x800090bc (0x00222993) x19 0x00000001
core   0: 0x800090c0 (0x04735463) bge     t1, t2, pc + 72
core   0: 3 0x800090c0 (0x04735463)
core   0: 0x800090c4 (0x034a4863) blt     s4, s4, pc + 48
core   0: 3 0x800090c4 (0x034a4863)
core   0: 0x800090c8 (0x4145d993) srai    s3, a1, 20
core   0: 3 0x800090c8 (0x4145d993) x19 0xfffffc7b
core   0: 0x800090cc (0x01d612b3) sll     t0, a2, t4
core   0: 3 0x800090cc (0x01d612b3) x 5 0x00000000
core   0: 0x800090d0 (0x243dcf93) xori    t6, s11, 579
core   0: 3 0x800090d0 (0x243dcf93) x31 0x80024c47
core   0: 0x800090d4 (0x04c74463) blt     a4, a2, pc + 72
core   0: 3 0x800090d4 (0x04c74463)
core   0: 0x800090d8 (0xacdec097) auipc   ra, 0xacdec
core   0: 3 0x800090d8 (0xacdec097) x 1 0x2cdf50d8
core   0: 0x800090dc (0x0000100f) fence.i
core   0: 3 0x800090dc (0x0000100f)
core   0: 0x800090e0 (0x6217e313) ori     t1, a5, 1569
core   0: 3 0x800090e0 (0x6217e313) x 6 0x80024e25
core   0: 0x800090e4 (0x00d5d493) srli    s1, a1, 13
core   0: 3 0x800090e4 (0x00d5d493) x 9 0x00063d8a
core   0: 0x800090e8 (0x0000100f) fence.i
core   0: 3 0x800090e8 (0x0000100f)
core   0: 0x800090ec (0x00e884b3) add     s1, a7, a4
core   0: 3 0x800090ec (0x00e884b3) x 9 0x80028ce4
core   0: 0x800090f0 (0x01852133) slt     sp, a0, s8
core   0: 3 0x800090f0 (0x01852133) x 2 0x00000001
core   0: 0x800090f4 (0x56e80437) lui     s0, 0x56e80
core   0: 3 0x800090f4 (0x56e80437) x 8 0x56e80000
core   0: 0x800090f8 (0x00c5f263) bgeu    a1, a2, pc + 4
core   0: 3 0x800090f8 (0x00c5f263)
core   0: 0x800090fc (0x05934663) blt     t1, s9, pc + 76
core   0: 3 0x800090fc (0x05934663)
core   0: 0x80009148 (0x0ff0000f) fence   iorw,iorw
core   0: 3 0x80009148 (0x0ff0000f)
core   0: 0x8000914c (0x40867c13) andi    s8, a2, 1032
core   0: 3 0x8000914c (0x40867c13) x24 0x00000000
core   0: 0x80009150 (0x0551d463) bge     gp, s5, pc + 72
core   0: 3 0x80009150 (0x0551d463)
core   0: 0x80009198 (0x00c0cbb3) xor     s7, ra, a2
core   0: 3 0x80009198 (0x00c0cbb3) x23 0x2cdf50d8
core   0: 0x8000919c (0x00432a33) slt     s4, t1, tp
core   0: 3 0x8000919c (0x00432a33) x20 0x00000001
core   0: 0x800091a0 (0xe969fc93) andi    s9, s3, -362
core   0: 3 0x800091a0 (0xe969fc93) x25 0xfffffc12
core   0: 0x800091a4 (0x0000100f) fence.i
core   0: 3 0x800091a4 (0x0000100f)
core   0: 0x800091a8 (0x405b89b3) sub     s3, s7, t0
core   0: 3 0x800091a8 (0x405b89b3) x19 0x2cdf50d8
core   0: 0x800091ac (0x0000100f) fence.i
core   0: 3 0x800091ac (0x0000100f)
core   0: 0x800091b0 (0x00000013) nop
core   0: 3 0x800091b0 (0x00000013)
core   0: 0x800091b4 (0xc5cef613) andi    a2, t4, -932
core   0: 3 0x800091b4 (0xc5cef613) x12 0xfffffc5c
core   0: 0x800091b8 (0x00200b13) li      s6, 2
core   0: 3 0x800091b8 (0x00200b13) x22 0x00000002
core   0: 0x800091bc (0x0ff0000f) fence   iorw,iorw
core   0: 3 0x800091bc (0x0ff0000f)
core   0: 0x800091c0 (0x01771693) slli    a3, a4, 23
core   0: 3 0x800091c0 (0x01771693) x13 0x00000000
core   0: 0x800091c4 (0x01441933) sll     s2, s0, s4
core   0: 3 0x800091c4 (0x01441933) x18 0xadd00000
core   0: 0x800091c8 (0x00afceb3) xor     t4, t6, a0
core   0: 3 0x800091c8 (0x00afceb3) x29 0x00000440
core   0: 0x800091cc (0x0ff0000f) fence   iorw,iorw
core   0: 3 0x800091cc (0x0ff0000f)
core   0: 0x800091d0 (0x01400193) li      gp, 20
core   0: 3 0x800091d0 (0x01400193) x 3 0x00000014
core   0: 0x800091d4 (0x016f29b3) slt     s3, t5, s6
core   0: 3 0x800091d4 (0x016f29b3) x19 0x00000000
core   0: 0x800091d8 (0x0029e233) or      tp, s3, sp
core   0: 3 0x800091d8 (0x0029e233) x 4 0x00000001
core   0: 0x800091dc (0x41d35d33) sra     s10, t1, t4
core   0: 3 0x800091dc (0x41d35d33) x26 0x80024e25
core   0: 0x800091e0 (0xd95dc217) auipc   tp, 0xd95dc
core   0: 3 0x800091e0 (0xd95dc217) x 4 0x595e51e0
core   0: 0x800091e4 (0x0186b633) sltu    a2, a3, s8
core   0: 3 0x800091e4 (0x0186b633) x12 0x00000000
core   0: 0x800091e8 (0x017fd613) srli    a2, t6, 23
core   0: 3 0x800091e8 (0x017fd613) x12 0x00000100
core   0: 0x800091ec (0x018bcab3) xor     s5, s7, s8
core   0: 3 0x800091ec (0x018bcab3) x21 0x2cdf50d8
core   0: 0x800091f0 (0x006c2bb3) slt     s7, s8, t1
core   0: 3 0x800091f0 (0x006c2bb3) x23 0x00000000
core   0: 0x800091f4 (0x014e9e33) sll     t3, t4, s4
core   0: 3 0x800091f4 (0x014e9e33) x28 0x00000880
core   0: 0x800091f8 (0x00e9dab3) srl     s5, s3, a4
core   0: 3 0x800091f8 (0x00e9dab3) x21 0x00000000
core   0: 0x800091fc (0x009b0b13) addi    s6, s6, 9
core   0: 3 0x800091fc (0x009b0b13) x22 0x0000000b
core   0: 0x80009200 (0x00ab8fb3) add     t6, s7, a0
core   0: 3 0x80009200 (0x00ab8fb3) x31 0x80024807
core   0: 0x80009204 (0x009dce33) xor     t3, s11, s1
core   0: 3 0x80009204 (0x009dce33) x28 0x0000c2e0
core   0: 0x80009208 (0x40b35ab3) sra     s5, t1, a1
core   0: 3 0x80009208 (0x40b35ab3) x21 0xfffff800
core   0: 0x8000920c (0xf5e4a593) slti    a1, s1, -162
core   0: 3 0x8000920c (0xf5e4a593) x11 0x00000001
core   0: 0x80009210 (0xfe3b10e3) bne     s6, gp, pc - 32
core   0: 3 0x80009210 (0xfe3b10e3)
core   0: 0x800091f0 (0x006c2bb3) slt     s7, s8, t1
core   0: 3 0x800091f0 (0x006c2bb3) x23 0x00000000
core   0: 0x800091f4 (0x014e9e33) sll     t3, t4, s4
core   0: 3 0x800091f4 (0x014e9e33) x28 0x00000880
core   0: 0x800091f8 (0x00e9dab3) srl     s5, s3, a4
core   0: 3 0x800091f8 (0x00e9dab3) x21 0x00000000
core   0: 0x800091fc (0x009b0b13) addi    s6, s6, 9
core   0: 3 0x800091fc (0x009b0b13) x22 0x00000014
core   0: 0x80009200 (0x00ab8fb3) add     t6, s7, a0
core   0: 3 0x80009200 (0x00ab8fb3) x31 0x80024807
core   0: 0x80009204 (0x009dce33) xor     t3, s11, s1
core   0: 3 0x80009204 (0x009dce33) x28 0x0000c2e0
core   0: 0x80009208 (0x40b35ab3) sra     s5, t1, a1
core   0: 3 0x80009208 (0x40b35ab3) x21 0xc0012712
core   0: 0x8000920c (0xf5e4a593) slti    a1, s1, -162
core   0: 3 0x8000920c (0xf5e4a593) x11 0x00000001
core   0: 0x80009210 (0xfe3b10e3) bne     s6, gp, pc - 32
core   0: 3 0x80009210 (0xfe3b10e3)
core   0: 0x80009214 (0xf828b313) sltiu   t1, a7, -126
core   0: 3 0x80009214 (0xf828b313) x 6 0x00000001
core   0: 0x80009218 (0x00000013) nop
core   0: 3 0x80009218 (0x00000013)
core   0: 0x8000921c (0x00801f13) slli    t5, zero, 8
core   0: 3 0x8000921c (0x00801f13) x30 0x00000000
core   0: 0x80009220 (0xa08f6c93) ori     s9, t5, -1528
core   0: 3 0x80009220 (0xa08f6c93) x25 0xfffffa08
core   0: 0x80009224 (0x01a2d933) srl     s2, t0, s10
core   0: 3 0x80009224 (0x01a2d933) x18 0x00000000
core   0: 0x80009228 (0x402a5333) sra     t1, s4, sp
core   0: 3 0x80009228 (0x402a5333) x 6 0x00000000
core   0: 0x8000922c (0x000154b3) srl     s1, sp, zero
core   0: 3 0x8000922c (0x000154b3) x 9 0x00000001
core   0: 0x80009230 (0x406f09b3) sub     s3, t5, t1
core   0: 3 0x80009230 (0x406f09b3) x19 0x00000000
core   0: 0x80009234 (0x400cd5b3) sra     a1, s9, zero
core   0: 3 0x80009234 (0x400cd5b3) x11 0xfffffa08
core   0: 0x80009238 (0x0b400663) beq     zero, s4, pc + 172
core   0: 3 0x80009238 (0x0b400663)
core   0: 0x8000923c (0x00096a33) or      s4, s2, zero
core   0: 3 0x8000923c (0x00096a33) x20 0x00000000
core   0: 0x80009240 (0x01391933) sll     s2, s2, s3
core   0: 3 0x80009240 (0x01391933) x18 0x00000000
core   0: 0x80009244 (0xf1523313) sltiu   t1, tp, -235
core   0: 3 0x80009244 (0xf1523313) x 6 0x00000001
core   0: 0x80009248 (0x00600313) li      t1, 6
core   0: 3 0x80009248 (0x00600313) x 6 0x00000006
core   0: 0x8000924c (0x0113d0b3) srl     ra, t2, a7
core   0: 3 0x8000924c (0x0113d0b3) x 1 0x00fffffa
core   0: 0x80009250 (0x0177aeb3) slt     t4, a5, s7
core   0: 3 0x80009250 (0x0177aeb3) x29 0x00000001
core   0: 0x80009254 (0x41e8d633) sra     a2, a7, t5
core   0: 3 0x80009254 (0x41e8d633) x12 0x80028ce4
core   0: 0x80009258 (0xf2750293) addi    t0, a0, -217
core   0: 3 0x80009258 (0xf2750293) x 5 0x8002472e
core   0: 0x8000925c (0x01e832b3) sltu    t0, a6, t5
core   0: 3 0x8000925c (0x01e832b3) x 5 0x00000000
core   0: 0x80009260 (0x91947e13) andi    t3, s0, -1767
core   0: 3 0x80009260 (0x91947e13) x28 0x56e80000
core   0: 0x80009264 (0x0103e033) or      zero, t2, a6
core   0: 3 0x80009264 (0x0103e033)
core   0: 0x80009268 (0x407ed013) srai    zero, t4, 7
core   0: 3 0x80009268 (0x407ed013)
core   0: 0x8000926c (0x0ff0000f) fence   iorw,iorw
core   0: 3 0x8000926c (0x0ff0000f)
core   0: 0x80009270 (0x00c4feb3) and     t4, s1, a2
core   0: 3 0x80009270 (0x00c4feb3) x29 0x00000000
core   0: 0x80009274 (0x009ebc33) sltu    s8, t4, s1
core   0: 3 0x80009274 (0x009ebc33) x24 0x00000001
core   0: 0x80009278 (0x875f6c13) ori     s8, t5, -1931
core   0: 3 0x80009278 (0x875f6c13) x24 0xfffff875
core   0: 0x8000927c (0x261d0c93) addi    s9, s10, 609
core   0: 3 0x8000927c (0x261d0c93) x25 0x80025086
core   0: 0x80009280 (0x00c40d33) add     s10, s0, a2
core   0: 3 0x80009280 (0x00c40d33) x26 0xd6ea8ce4
core   0: 0x80009284 (0x41b989b3) sub     s3, s3, s11
core   0: 3 0x80009284 (0x41b989b3) x19 0x7ffdb1fc
core   0: 0x80009288 (0x00600213) li      tp, 6
core   0: 3 0x80009288 (0x00600213) x 4 0x00000006
core   0: 0x8000928c (0x0105de33) srl     t3, a1, a6
core   0: 3 0x8000928c (0x0105de33) x28 0xfffffa08
core   0: 0x80009290 (0x4718ef93) ori     t6, a7, 1137
core   0: 3 0x80009290 (0x4718ef93) x31 0x80028cf5
core   0: 0x80009294 (0x26414913) xori    s2, sp, 612
core   0: 3 0x80009294 (0x26414913) x18 0x00000265
core   0: 0x80009298 (0x008205b3) add     a1, tp, s0
core   0: 3 0x80009298 (0x008205b3) x11 0x56e80006
core   0: 0x8000929c (0x12694493) xori    s1, s2, 294
core   0: 3 0x8000929c (0x12694493) x 9 0x00000343
core   0: 0x800092a0 (0xfff30313) addi    t1, t1, -1
core   0: 3 0x800092a0 (0xfff30313) x 6 0x00000005
core   0: 0x800092a4 (0x0ff0000f) fence   iorw,iorw
core   0: 3 0x800092a4 (0x0ff0000f)
core   0: 0x800092a8 (0xfe4374e3) bgeu    t1, tp, pc - 24
core   0: 3 0x800092a8 (0xfe4374e3)
core   0: 0x800092ac (0x501c8297) auipc   t0, 0x501c8
core   0: 3 0x800092ac (0x501c8297) x 5 0xd01d12ac
core   0: 0x800092b0 (0x04e8e663) bltu    a7, a4, pc + 76
core   0: 3 0x800092b0 (0x04e8e663)
core   0: 0x800092b4 (0xc76fb613) sltiu   a2, t6, -906
core   0: 3 0x800092b4 (0xc76fb613) x12 0x00000001
core   0: 0x800092b8 (0x403d8033) sub     zero, s11, gp
core   0: 3 0x800092b8 (0x403d8033)
core   0: 0x800092bc (0xd2124093) xori    ra, tp, -735
core   0: 3 0x800092bc (0xd2124093) x 1 0xfffffd27
core   0: 0x800092c0 (0x00000013) nop
core   0: 3 0x800092c0 (0x00000013)
core   0: 0x800092c4 (0x017e6c33) or      s8, t3, s7
core   0: 3 0x800092c4 (0x017e6c33) x24 0xfffffa08
core   0: 0x800092c8 (0x00f75a33) srl     s4, a4, a5
core   0: 3 0x800092c8 (0x00f75a33) x20 0x00000000
core   0: 0x800092cc (0x5f570113) addi    sp, a4, 1525
core   0: 3 0x800092cc (0x5f570113) x 2 0x000005f5
core   0: 0x800092d0 (0x8c9b2093) slti    ra, s6, -1847
core   0: 3 0x800092d0 (0x8c9b2093) x 1 0x00000000
core   0: 0x800092d4 (0x8b1a2eb7) lui     t4, 0x8b1a2
core   0: 3 0x800092d4 (0x8b1a2eb7) x29 0x8b1a2000
core   0: 0x800092d8 (0x015f0cb3) add     s9, t5, s5
core   0: 3 0x800092d8 (0x015f0cb3) x25 0xc0012712
core   0: 0x800092dc (0x03a29063) bne     t0, s10, pc + 32
core   0: 3 0x800092dc (0x03a29063)
core   0: 0x800092fc (0x014eed33) or      s10, t4, s4
core   0: 3 0x800092fc (0x014eed33) x26 0x8b1a2000
core   0: 0x80009300 (0x00b89393) slli    t2, a7, 11
core   0: 3 0x80009300 (0x00b89393) x 7 0x14672000
core   0: 0x80009304 (0x0000100f) fence.i
core   0: 3 0x80009304 (0x0000100f)
core   0: 0x80009308 (0x73dddf17) auipc   t5, 0x73ddd
core   0: 3 0x80009308 (0x73dddf17) x30 0xf3de6308
core   0: 0x8000930c (0x017c2eb3) slt     t4, s8, s7
core   0: 3 0x8000930c (0x017c2eb3) x29 0x00000001
core   0: 0x80009310 (0x01c5ca63) blt     a1, t3, pc + 20
core   0: 3 0x80009310 (0x01c5ca63)
core   0: 0x80009314 (0x0095b033) sltu    zero, a1, s1
core   0: 3 0x80009314 (0x0095b033)
core   0: 0x80009318 (0x043c7663) bgeu    s8, gp, pc + 76
core   0: 3 0x80009318 (0x043c7663)
core   0: 0x80009364 (0x3529a197) auipc   gp, 0x3529a
core   0: 3 0x80009364 (0x3529a197) x 3 0xb52a3364
core   0: 0x80009368 (0x41c4d933) sra     s2, s1, t3
core   0: 3 0x80009368 (0x41c4d933) x18 0x00000003
core   0: 0x8000936c (0x019cdeb3) srl     t4, s9, s9
core   0: 3 0x8000936c (0x019cdeb3) x29 0x00003000
core   0: 0x80009370 (0x0ff0000f) fence   iorw,iorw
core   0: 3 0x80009370 (0x0ff0000f)
core   0: 0x80009374 (0x00000013) nop
core   0: 3 0x80009374 (0x00000013)
core   0: 0x80009378 (0x044dd863) bge     s11, tp, pc + 80
core   0: 3 0x80009378 (0x044dd863)
core   0: 0x8000937c (0x0ff0000f) fence   iorw,iorw
core   0: 3 0x8000937c (0x0ff0000f)
core   0: 0x80009380 (0x028dd863) bge     s11, s0, pc + 48
core   0: 3 0x80009380 (0x028dd863)
core   0: 0x80009384 (0x01006e63) bltu    zero, a6, pc + 28
core   0: 3 0x80009384 (0x01006e63)
core   0: 0x800093a0 (0x0386e863) bltu    a3, s8, pc + 48
core   0: 3 0x800093a0 (0x0386e863)
core   0: 0x800093d0 (0xe4956513) ori     a0, a0, -439
core   0: 3 0x800093d0 (0xe4956513) x10 0xfffffe4f
core   0: 0x800093d4 (0x009fdf93) srli    t6, t6, 9
core   0: 3 0x800093d4 (0x009fdf93) x31 0x00400146
core   0: 0x800093d8 (0x291ad617) auipc   a2, 0x291ad
core   0: 3 0x800093d8 (0x291ad617) x12 0xa91b63d8
core   0: 0x800093dc (0x007a7b33) and     s6, s4, t2
core   0: 3 0x800093dc (0x007a7b33) x22 0x00000000
core   0: 0x800093e0 (0x1bfcc593) xori    a1, s9, 447
core   0: 3 0x800093e0 (0x1bfcc593) x11 0xc00126ad
core   0: 0x800093e4 (0x4696a093) slti    ra, a3, 1129
core   0: 3 0x800093e4 (0x4696a093) x 1 0x00000001
core   0: 0x800093e8 (0x409c8db3) sub     s11, s9, s1
core   0: 3 0x800093e8 (0x409c8db3) x27 0xc00123cf
core   0: 0x800093ec (0x01ee8733) add     a4, t4, t5
core   0: 3 0x800093ec (0x01ee8733) x14 0xf3de9308
core   0: 0x800093f0 (0x01cb96b3) sll     a3, s7, t3
core   0: 3 0x800093f0 (0x01cb96b3) x13 0x00000000
core   0: 0x800093f4 (0x00fb1013) slli    zero, s6, 15
core   0: 3 0x800093f4 (0x00fb1013)
core   0: 0x800093f8 (0x012214b3) sll     s1, tp, s2
core   0: 3 0x800093f8 (0x012214b3) x 9 0x00000030
core   0: 0x800093fc (0x009e1db3) sll     s11, t3, s1
core   0: 3 0x800093fc (0x009e1db3) x27 0xfa080000
core   0: 0x80009400 (0x01c649b3) xor     s3, a2, t3
core   0: 3 0x80009400 (0x01c649b3) x19 0x56e499d0
core   0: 0x80009404 (0x18942d93) slti    s11, s0, 393
core   0: 3 0x80009404 (0x18942d93) x27 0x00000000
core   0: 0x80009408 (0x0000f533) and     a0, ra, zero
core   0: 3 0x80009408 (0x0000f533) x10 0x00000000
core   0: 0x8000940c (0x00000013) nop
core   0: 3 0x8000940c (0x00000013)
core   0: 0x80009410 (0x0ff0000f) fence   iorw,iorw
core   0: 3 0x80009410 (0x0ff0000f)
core   0: 0x80009414 (0xba19c293) xori    t0, s3, -1119
core   0: 3 0x80009414 (0xba19c293) x 5 0xa91b6271
core   0: 0x80009418 (0x0218cc63) blt     a7, ra, pc + 56
core   0: 3 0x80009418 (0x0218cc63)
core   0: 0x80009450 (0x01cab033) sltu    zero, s5, t3
core   0: 3 0x80009450 (0x01cab033)
core   0: 0x80009454 (0x01871a33) sll     s4, a4, s8
core   0: 3 0x80009454 (0x01871a33) x20 0xde930800
core   0: 0x80009458 (0x013dd733) srl     a4, s11, s3
core   0: 3 0x80009458 (0x013dd733) x14 0x00000000
core   0: 0x8000945c (0x0000100f) fence.i
core   0: 3 0x8000945c (0x0000100f)
core   0: 0x80009460 (0x0065aa33) slt     s4, a1, t1
core   0: 3 0x80009460 (0x0065aa33) x20 0x00000001
core   0: 0x80009464 (0x055f6c13) ori     s8, t5, 85
core   0: 3 0x80009464 (0x055f6c13) x24 0xf3de635d
core   0: 0x80009468 (0xfff00613) li      a2, -1
core   0: 3 0x80009468 (0xfff00613) x12 0xffffffff
core   0: 0x8000946c (0x00200293) li      t0, 2
core   0: 3 0x8000946c (0x00200293) x 5 0x00000002
core   0: 0x80009470 (0x54a16313) ori     t1, sp, 1354
core   0: 3 0x80009470 (0x54a16313) x 6 0x000005ff
core   0: 0x80009474 (0x00a60613) addi    a2, a2, 10
core   0: 3 0x80009474 (0x00a60613) x12 0x00000009
core   0: 0x80009478 (0xffe00713) li      a4, -2
core   0: 3 0x80009478 (0xffe00713) x14 0xfffffffe
core   0: 0x8000947c (0x00700f93) li      t6, 7
core   0: 3 0x8000947c (0x00700f93) x31 0x00000007
core   0: 0x80009480 (0x543cc213) xori    tp, s9, 1347
core   0: 3 0x80009480 (0x543cc213) x 4 0xc0012251
core   0: 0x80009484 (0x00170713) addi    a4, a4, 1
core   0: 3 0x80009484 (0x00170713) x14 0xffffffff
core   0: 0x80009488 (0xfff71ce3) bne     a4, t6, pc - 8
core   0: 3 0x80009488 (0xfff71ce3)
core   0: 0x80009480 (0x543cc213) xori    tp, s9, 1347
core   0: 3 0x80009480 (0x543cc213) x 4 0xc0012251
core   0: 0x80009484 (0x00170713) addi    a4, a4, 1
core   0: 3 0x80009484 (0x00170713) x14 0x00000000
core   0: 0x80009488 (0xfff71ce3) bne     a4, t6, pc - 8
core   0: 3 0x80009488 (0xfff71ce3)
core   0: 0x80009480 (0x543cc213) xori    tp, s9, 1347
core   0: 3 0x80009480 (0x543cc213) x 4 0xc0012251
core   0: 0x80009484 (0x00170713) addi    a4, a4, 1
core   0: 3 0x80009484 (0x00170713) x14 0x00000001
core   0: 0x80009488 (0xfff71ce3) bne     a4, t6, pc - 8
core   0: 3 0x80009488 (0xfff71ce3)
core   0: 0x80009480 (0x543cc213) xori    tp, s9, 1347
core   0: 3 0x80009480 (0x543cc213) x 4 0xc0012251
core   0: 0x80009484 (0x00170713) addi    a4, a4, 1
core   0: 3 0x80009484 (0x00170713) x14 0x00000002
core   0: 0x80009488 (0xfff71ce3) bne     a4, t6, pc - 8
core   0: 3 0x80009488 (0xfff71ce3)
core   0: 0x80009480 (0x543cc213) xori    tp, s9, 1347
core   0: 3 0x80009480 (0x543cc213) x 4 0xc0012251
core   0: 0x80009484 (0x00170713) addi    a4, a4, 1
core   0: 3 0x80009484 (0x00170713) x14 0x00000003
core   0: 0x80009488 (0xfff71ce3) bne     a4, t6, pc - 8
core   0: 3 0x80009488 (0xfff71ce3)
core   0: 0x80009480 (0x543cc213) xori    tp, s9, 1347
core   0: 3 0x80009480 (0x543cc213) x 4 0xc0012251
core   0: 0x80009484 (0x00170713) addi    a4, a4, 1
core   0: 3 0x80009484 (0x00170713) x14 0x00000004
core   0: 0x80009488 (0xfff71ce3) bne     a4, t6, pc - 8
core   0: 3 0x80009488 (0xfff71ce3)
core   0: 0x80009480 (0x543cc213) xori    tp, s9, 1347
core   0: 3 0x80009480 (0x543cc213) x 4 0xc0012251
core   0: 0x80009484 (0x00170713) addi    a4, a4, 1
core   0: 3 0x80009484 (0x00170713) x14 0x00000005
core   0: 0x80009488 (0xfff71ce3) bne     a4, t6, pc - 8
core   0: 3 0x80009488 (0xfff71ce3)
core   0: 0x80009480 (0x543cc213) xori    tp, s9, 1347
core   0: 3 0x80009480 (0x543cc213) x 4 0xc0012251
core   0: 0x80009484 (0x00170713) addi    a4, a4, 1
core   0: 3 0x80009484 (0x00170713) x14 0x00000006
core   0: 0x80009488 (0xfff71ce3) bne     a4, t6, pc - 8
core   0: 3 0x80009488 (0xfff71ce3)
core   0: 0x80009480 (0x543cc213) xori    tp, s9, 1347
core   0: 3 0x80009480 (0x543cc213) x 4 0xc0012251
core   0: 0x80009484 (0x00170713) addi    a4, a4, 1
core   0: 3 0x80009484 (0x00170713) x14 0x00000007
core   0: 0x80009488 (0xfff71ce3) bne     a4, t6, pc - 8
core   0: 3 0x80009488 (0xfff71ce3)
core   0: 0x8000948c (0xfe5642e3) blt     a2, t0, pc - 28
core   0: 3 0x8000948c (0xfe5642e3)
core   0: 0x80009490 (0x40040ab3) sub     s5, s0, zero
core   0: 3 0x80009490 (0x40040ab3) x21 0x56e80000
core   0: 0x80009494 (0x01eec863) blt     t4, t5, pc + 16
core   0: 3 0x80009494 (0x01eec863)
core   0: 0x80009498 (0x01d49863) bne     s1, t4, pc + 16
core   0: 3 0x80009498 (0x01d49863)
core   0: 0x800094a8 (0x01e616b3) sll     a3, a2, t5
core   0: 3 0x800094a8 (0x01e616b3) x13 0x00000900
core   0: 0x800094ac (0x00031a63) bnez    t1, pc + 20
core   0: 3 0x800094ac (0x00031a63)
core   0: 0x800094c0 (0x016803b3) add     t2, a6, s6
core   0: 3 0x800094c0 (0x016803b3) x 7 0x80000000
core   0: 0x800094c4 (0x0ff0000f) fence   iorw,iorw
core   0: 3 0x800094c4 (0x0ff0000f)
core   0: 0x800094c8 (0x29956193) ori     gp, a0, 665
core   0: 3 0x800094c8 (0x29956193) x 3 0x00000299
core   0: 0x800094cc (0x0179aab3) slt     s5, s3, s7
core   0: 3 0x800094cc (0x0179aab3) x21 0x00000000
core   0: 0x800094d0 (0x01d0fd33) and     s10, ra, t4
core   0: 3 0x800094d0 (0x01d0fd33) x26 0x00000000
core   0: 0x800094d4 (0x0000100f) fence.i
core   0: 3 0x800094d4 (0x0000100f)
core   0: 0x800094d8 (0x0174df93) srli    t6, s1, 23
core   0: 3 0x800094d8 (0x0174df93) x31 0x00000000
core   0: 0x800094dc (0x704c6a13) ori     s4, s8, 1796
core   0: 3 0x800094dc (0x704c6a13) x20 0xf3de675d
core   0: 0x800094e0 (0x05b80463) beq     a6, s11, pc + 72
core   0: 3 0x800094e0 (0x05b80463)
core   0: 0x800094e4 (0x476e4fb7) lui     t6, 0x476e4
core   0: 3 0x800094e4 (0x476e4fb7) x31 0x476e4000
core   0: 0x800094e8 (0x01aab133) sltu    sp, s5, s10
core   0: 3 0x800094e8 (0x01aab133) x 2 0x00000000
core   0: 0x800094ec (0x0000100f) fence.i
core   0: 3 0x800094ec (0x0000100f)
core   0: 0x800094f0 (0x01e81b93) slli    s7, a6, 30
core   0: 3 0x800094f0 (0x01e81b93) x23 0x00000000
core   0: 0x800094f4 (0x00878cb3) add     s9, a5, s0
core   0: 3 0x800094f4 (0x00878cb3) x25 0xd6ea4e04
core   0: 0x800094f8 (0x15b4c093) xori    ra, s1, 347
core   0: 3 0x800094f8 (0x15b4c093) x 1 0x0000016b
core   0: 0x800094fc (0x031ad663) bge     s5, a7, pc + 44
core   0: 3 0x800094fc (0x031ad663)
core   0: 0x80009528 (0x005c45b3) xor     a1, s8, t0
core   0: 3 0x80009528 (0x005c45b3) x11 0xf3de635f
core   0: 0x8000952c (0x6a734e13) xori    t3, t1, 1703
core   0: 3 0x8000952c (0x6a734e13) x28 0x00000358
core   0: 0x80009530 (0x019de433) or      s0, s11, s9
core   0: 3 0x80009530 (0x019de433) x 8 0xd6ea4e04
core   0: 0x80009534 (0x0ff0000f) fence   iorw,iorw
core   0: 3 0x80009534 (0x0ff0000f)
core   0: 0x80009538 (0xf9ad3913) sltiu   s2, s10, -102
core   0: 3 0x80009538 (0xf9ad3913) x18 0x00000001
core   0: 0x8000953c (0x03a90c63) beq     s2, s10, pc + 56
core   0: 3 0x8000953c (0x03a90c63)
core   0: 0x80009540 (0x00942c33) slt     s8, s0, s1
core   0: 3 0x80009540 (0x00942c33) x24 0x00000001
core   0: 0x80009544 (0x0762f863) bgeu    t0, s6, pc + 112
core   0: 3 0x80009544 (0x0762f863)
core   0: 0x800095b4 (0x427c5497) auipc   s1, 0x427c5
core   0: 3 0x800095b4 (0x427c5497) x 9 0xc27ce5b4
core   0: 0x800095b8 (0x047f5663) bge     t5, t2, pc + 76
core   0: 3 0x800095b8 (0x047f5663)
core   0: 0x80009604 (0x0524d663) bge     s1, s2, pc + 76
core   0: 3 0x80009604 (0x0524d663)
core   0: 0x80009608 (0x01cfc5b3) xor     a1, t6, t3
core   0: 3 0x80009608 (0x01cfc5b3) x11 0x476e4358
core   0: 0x8000960c (0x0ff0000f) fence   iorw,iorw
core   0: 3 0x8000960c (0x0ff0000f)
core   0: 0x80009610 (0x0ff0000f) fence   iorw,iorw
core   0: 3 0x80009610 (0x0ff0000f)
core   0: 0x80009614 (0x01190a33) add     s4, s2, a7
core   0: 3 0x80009614 (0x01190a33) x20 0x80028ce5
core   0: 0x80009618 (0x011f99b3) sll     s3, t6, a7
core   0: 3 0x80009618 (0x011f99b3) x19 0x76e40000
core   0: 0x8000961c (0x4128d113) srai    sp, a7, 18
core   0: 3 0x8000961c (0x4128d113) x 2 0xffffe000
core   0: 0x80009620 (0x00a3b4b3) sltu    s1, t2, a0
core   0: 3 0x80009620 (0x00a3b4b3) x 9 0x00000000
core   0: 0x80009624 (0x019afbb3) and     s7, s5, s9
core   0: 3 0x80009624 (0x019afbb3) x23 0x00000000
core   0: 0x80009628 (0x00000013) nop
core   0: 3 0x80009628 (0x00000013)
core   0: 0x8000962c (0x0165a3b3) slt     t2, a1, s6
core   0: 3 0x8000962c (0x0165a3b3) x 7 0x00000000
core   0: 0x80009630 (0x011cda33) srl     s4, s9, a7
core   0: 3 0x80009630 (0x011cda33) x20 0x0d6ea4e0
core   0: 0x80009634 (0x1f226c13) ori     s8, tp, 498
core   0: 3 0x80009634 (0x1f226c13) x24 0xc00123f3
core   0: 0x80009638 (0x86f3be13) sltiu   t3, t2, -1937
core   0: 3 0x80009638 (0x86f3be13) x28 0x00000001
core   0: 0x8000963c (0x41f4dcb3) sra     s9, s1, t6
core   0: 3 0x8000963c (0x41f4dcb3) x25 0x00000000
core   0: 0x80009640 (0x00b3dc63) bge     t2, a1, pc + 24
core   0: 3 0x80009640 (0x00b3dc63)
core   0: 0x80009644 (0x412c5413) srai    s0, s8, 18
core   0: 3 0x80009644 (0x412c5413) x 8 0xfffff000
core   0: 0x80009648 (0x00000013) nop
core   0: 3 0x80009648 (0x00000013)
core   0: 0x8000964c (0x6ce68617) auipc   a2, 0x6ce68
core   0: 3 0x8000964c (0x6ce68617) x12 0xece7164c
core   0: 0x80009650 (0x409f05b3) sub     a1, t5, s1
core   0: 3 0x80009650 (0x409f05b3) x11 0xf3de6308
core   0: 0x80009654 (0xb0d6b913) sltiu   s2, a3, -1267
core   0: 3 0x80009654 (0xb0d6b913) x18 0x00000001
core   0: 0x80009658 (0x00b45eb3) srl     t4, s0, a1
core   0: 3 0x80009658 (0x00b45eb3) x29 0x00fffff0
core   0: 0x8000965c (0x0047a983) lw      s3, 4(a5)
core   0: 3 0x8000965c (0x0047a983) x19 0x80003948 mem 0x80024e08
core   0: 0x80009660 (0x013c9b13) slli    s6, s9, 19
core   0: 3 0x80009660 (0x013c9b13) x22 0x00000000
core   0: 0x80009664 (0xa0e66013) ori     zero, a2, -1522
core   0: 3 0x80009664 (0xa0e66013)
core   0: 0x80009668 (0x03078793) addi    a5, a5, 48
core   0: 3 0x80009668 (0x03078793) x15 0x80024e34
core   0: 0x8000966c (0xbe956193) ori     gp, a0, -1047
core   0: 3 0x8000966c (0xbe956193) x 3 0xfffffbe9
core   0: 0x80009670 (0x72eebd93) sltiu   s11, t4, 1838
core   0: 3 0x80009670 (0x72eebd93) x27 0x00000000
core   0: 0x80009674 (0x40445033) sra     zero, s0, tp
core   0: 3 0x80009674 (0x40445033)
core   0: 0x80009678 (0x01e61413) slli    s0, a2, 30
core   0: 3 0x80009678 (0x01e61413) x 8 0x00000000
core   0: 0x8000967c (0x0ff0000f) fence   iorw,iorw
core   0: 3 0x8000967c (0x0ff0000f)
core   0: 0x80009680 (0x01d33133) sltu    sp, t1, t4
core   0: 3 0x80009680 (0x01d33133) x 2 0x00000001
core   0: 0x80009684 (0x01e85bb3) srl     s7, a6, t5
core   0: 3 0x80009684 (0x01e85bb3) x23 0x00800000
core   0: 0x80009688 (0xdadd8d93) addi    s11, s11, -595
core   0: 3 0x80009688 (0xdadd8d93) x27 0xfffffdad
core   0: 0x8000968c (0x00198513) addi    a0, s3, 1
core   0: 3 0x8000968c (0x00198513) x10 0x80003949
core   0: 0x80009690 (0x00050567) jalr    a0, a0, 0
core   0: 3 0x80009690 (0x00050567) x10 0x80009694
core   0: 0x80003948 (0x00300093) li      ra, 3
core   0: 3 0x80003948 (0x00300093) x 1 0x00000003
core   0: 0x8000394c (0x00900913) li      s2, 9
core   0: 3 0x8000394c (0x00900913) x18 0x00000009
core   0: 0x80003950 (0x01b1c733) xor     a4, gp, s11
core   0: 3 0x80003950 (0x01b1c733) x14 0x00000644
core   0: 0x80003954 (0xa0f84f93) xori    t6, a6, -1521
core   0: 3 0x80003954 (0xa0f84f93) x31 0x7ffffa0f
core   0: 0x80003958 (0x00608093) addi    ra, ra, 6
core   0: 3 0x80003958 (0x00608093) x 1 0x00000009
core   0: 0x8000395c (0x00800693) li      a3, 8
core   0: 3 0x8000395c (0x00800693) x13 0x00000008
core   0: 0x80003960 (0x00800993) li      s3, 8
core   0: 3 0x80003960 (0x00800993) x19 0x00000008
core   0: 0x80003964 (0x00c453b3) srl     t2, s0, a2
core   0: 3 0x80003964 (0x00c453b3) x 7 0x00000000
core   0: 0x80003968 (0x01d57733) and     a4, a0, t4
core   0: 3 0x80003968 (0x01d57733) x14 0x00009690
core   0: 0x8000396c (0xff868693) addi    a3, a3, -8
core   0: 3 0x8000396c (0xff868693) x13 0x00000000
core   0: 0x80003970 (0x01cd5cb3) srl     s9, s10, t3
core   0: 3 0x80003970 (0x01cd5cb3) x25 0x00000000
core   0: 0x80003974 (0xff36dae3) bge     a3, s3, pc - 12
core   0: 3 0x80003974 (0xff36dae3)
core   0: 0x80003978 (0x01675013) srli    zero, a4, 22
core   0: 3 0x80003978 (0x01675013)
core   0: 0x8000397c (0x01b441b3) xor     gp, s0, s11
core   0: 3 0x8000397c (0x01b441b3) x 3 0xfffffdad
core   0: 0x80003980 (0x5375ba93) sltiu   s5, a1, 1335
core   0: 3 0x80003980 (0x5375ba93) x21 0x00000000
core   0: 0x80003984 (0xfd20e8e3) bltu    ra, s2, pc - 48
core   0: 3 0x80003984 (0xfd20e8e3)
core   0: 0x80003988 (0x0ff0000f) fence   iorw,iorw
core   0: 3 0x80003988 (0x0ff0000f)
core   0: 0x8000398c (0x00000493) li      s1, 0
core   0: 3 0x8000398c (0x00000493) x 9 0x00000000
core   0: 0x80003990 (0x40ba5513) srai    a0, s4, 11
core   0: 3 0x80003990 (0x40ba5513) x10 0x0001add4
core   0: 0x80003994 (0x4d496113) ori     sp, s2, 1236
core   0: 3 0x80003994 (0x4d496113) x 2 0x000004dd
core   0: 0x80003998 (0x01278ab3) add     s5, a5, s2
core   0: 3 0x80003998 (0x01278ab3) x21 0x80024e3d
core   0: 0x8000399c (0xbb4ec593) xori    a1, t4, -1100
core   0: 3 0x8000399c (0xbb4ec593) x11 0xff000444
core   0: 0x800039a0 (0x005cdc33) srl     s8, s9, t0
core   0: 3 0x800039a0 (0x005cdc33) x24 0x00000000
core   0: 0x800039a4 (0x77906293) ori     t0, zero, 1913
core   0: 3 0x800039a4 (0x77906293) x 5 0x00000779
core   0: 0x800039a8 (0x5c360713) addi    a4, a2, 1475
core   0: 3 0x800039a8 (0x5c360713) x14 0xece71c0f
core   0: 0x800039ac (0x01673433) sltu    s0, a4, s6
core   0: 3 0x800039ac (0x01673433) x 8 0x00000000
core   0: 0x800039b0 (0x00270033) add     zero, a4, sp
core   0: 3 0x800039b0 (0x00270033)
core   0: 0x800039b4 (0x00600d93) li      s11, 6
core   0: 3 0x800039b4 (0x00600d93) x27 0x00000006
core   0: 0x800039b8 (0xd0fc8737) lui     a4, 0xd0fc8
core   0: 3 0x800039b8 (0xd0fc8737) x14 0xd0fc8000
core   0: 0x800039bc (0x18c9fc13) andi    s8, s3, 396
core   0: 3 0x800039bc (0x18c9fc13) x24 0x00000008
core   0: 0x800039c0 (0x00a48493) addi    s1, s1, 10
core   0: 3 0x800039c0 (0x00a48493) x 9 0x0000000a
core   0: 0x800039c4 (0x419dd913) srai    s2, s11, 25
core   0: 3 0x800039c4 (0x419dd913) x18 0x00000000
core   0: 0x800039c8 (0x010415b3) sll     a1, s0, a6
core   0: 3 0x800039c8 (0x010415b3) x11 0x00000000
core   0: 0x800039cc (0x20dec293) xori    t0, t4, 525
core   0: 3 0x800039cc (0x20dec293) x 5 0x00fffdfd
core   0: 0x800039d0 (0xffb4e4e3) bltu    s1, s11, pc - 24
core   0: 3 0x800039d0 (0xffb4e4e3)
core   0: 0x800039d4 (0x4539f997) auipc   s3, 0x4539f
core   0: 3 0x800039d4 (0x4539f997) x19 0xc53a29d4
core   0: 0x800039d8 (0x00800513) li      a0, 8
core   0: 3 0x800039d8 (0x00800513) x10 0x00000008
core   0: 0x800039dc (0x001e4cb3) xor     s9, t3, ra
core   0: 3 0x800039dc (0x001e4cb3) x25 0x00000008
core   0: 0x800039e0 (0x0000100f) fence.i
core   0: 3 0x800039e0 (0x0000100f)
core   0: 0x800039e4 (0x00941733) sll     a4, s0, s1
core   0: 3 0x800039e4 (0x00941733) x14 0x00000000
core   0: 0x800039e8 (0x0ff0000f) fence   iorw,iorw
core   0: 3 0x800039e8 (0x0ff0000f)
core   0: 0x800039ec (0x417dde93) srai    t4, s11, 23
core   0: 3 0x800039ec (0x417dde93) x29 0x00000000
core   0: 0x800039f0 (0xfec00693) li      a3, -20
core   0: 3 0x800039f0 (0xfec00693) x13 0xffffffec
core   0: 0x800039f4 (0x3c2cb193) sltiu   gp, s9, 962
core   0: 3 0x800039f4 (0x3c2cb193) x 3 0x00000001
core   0: 0x800039f8 (0x015043b3) xor     t2, zero, s5
core   0: 3 0x800039f8 (0x015043b3) x 7 0x80024e3d
core   0: 0x800039fc (0xffc50513) addi    a0, a0, -4
core   0: 3 0x800039fc (0xffc50513) x10 0x00000004
core   0: 0x80003a00 (0x2b6dc613) xori    a2, s11, 694
core   0: 3 0x80003a00 (0x2b6dc613) x12 0x000002b0
core   0: 0x80003a04 (0xfed50ae3) beq     a0, a3, pc - 12
core   0: 3 0x80003a04 (0xfed50ae3)
core   0: 0x80003a08 (0x01144333) xor     t1, s0, a7
core   0: 3 0x80003a08 (0x01144333) x 6 0x80028ce4
core   0: 0x80003a0c (0xff700413) li      s0, -9
core   0: 3 0x80003a0c (0xff700413) x 8 0xfffffff7
core   0: 0x80003a10 (0x00e00713) li      a4, 14
core   0: 3 0x80003a10 (0x00e00713) x14 0x0000000e
core   0: 0x80003a14 (0x331a8a93) addi    s5, s5, 817
core   0: 3 0x80003a14 (0x331a8a93) x21 0x8002516e
core   0: 0x80003a18 (0x007440b3) xor     ra, s0, t2
core   0: 3 0x80003a18 (0x007440b3) x 1 0x7ffdb1ca
core   0: 0x80003a1c (0x00940413) addi    s0, s0, 9
core   0: 3 0x80003a1c (0x00940413) x 8 0x00000000
core   0: 0x80003a20 (0xfee44ce3) blt     s0, a4, pc - 8
core   0: 3 0x80003a20 (0xfee44ce3)
core   0: 0x80003a18 (0x007440b3) xor     ra, s0, t2
core   0: 3 0x80003a18 (0x007440b3) x 1 0x80024e3d
core   0: 0x80003a1c (0x00940413) addi    s0, s0, 9
core   0: 3 0x80003a1c (0x00940413) x 8 0x00000009
core   0: 0x80003a20 (0xfee44ce3) blt     s0, a4, pc - 8
core   0: 3 0x80003a20 (0xfee44ce3)
core   0: 0x80003a18 (0x007440b3) xor     ra, s0, t2
core   0: 3 0x80003a18 (0x007440b3) x 1 0x80024e34
core   0: 0x80003a1c (0x00940413) addi    s0, s0, 9
core   0: 3 0x80003a1c (0x00940413) x 8 0x00000012
core   0: 0x80003a20 (0xfee44ce3) blt     s0, a4, pc - 8
core   0: 3 0x80003a20 (0xfee44ce3)
core   0: 0x80003a24 (0x01140c33) add     s8, s0, a7
core   0: 3 0x80003a24 (0x01140c33) x24 0x80028cf6
core   0: 0x80003a28 (0xff600513) li      a0, -10
core   0: 3 0x80003a28 (0xff600513) x10 0xfffffff6
core   0: 0x80003a2c (0x01204233) xor     tp, zero, s2
core   0: 3 0x80003a2c (0x01204233) x 4 0x00000000
core   0: 0x80003a30 (0x00300293) li      t0, 3
core   0: 3 0x80003a30 (0x00300293) x 5 0x00000003
core   0: 0x80003a34 (0x01301033) sll     zero, zero, s3
core   0: 3 0x80003a34 (0x01301033)
core   0: 0x80003a38 (0x015efcb3) and     s9, t4, s5
core   0: 3 0x80003a38 (0x015efcb3) x25 0x00000000
core   0: 0x80003a3c (0x579f2bb7) lui     s7, 0x579f2
core   0: 3 0x80003a3c (0x579f2bb7) x23 0x579f2000
core   0: 0x80003a40 (0xf7f78713) addi    a4, a5, -129
core   0: 3 0x80003a40 (0xf7f78713) x14 0x80024db3
core   0: 0x80003a44 (0x40b98e33) sub     t3, s3, a1
core   0: 3 0x80003a44 (0x40b98e33) x28 0xc53a29d4
core   0: 0x80003a48 (0x7880b313) sltiu   t1, ra, 1928
core   0: 3 0x80003a48 (0x7880b313) x 6 0x00000000
core   0: 0x80003a4c (0x0189ceb3) xor     t4, s3, s8
core   0: 3 0x80003a4c (0x0189ceb3) x29 0x4538a522
core   0: 0x80003a50 (0x0141d133) srl     sp, gp, s4
core   0: 3 0x80003a50 (0x0141d133) x 2 0x00000001
core   0: 0x80003a54 (0x018649b3) xor     s3, a2, s8
core   0: 3 0x80003a54 (0x018649b3) x19 0x80028e46
core   0: 0x80003a58 (0x00332033) slt     zero, t1, gp
core   0: 3 0x80003a58 (0x00332033)
core   0: 0x80003a5c (0xc9900213) li      tp, -871
core   0: 3 0x80003a5c (0xc9900213) x 4 0xfffffc99
core   0: 0x80003a60 (0x0ff0000f) fence   iorw,iorw
core   0: 3 0x80003a60 (0x0ff0000f)
core   0: 0x80003a64 (0x00150513) addi    a0, a0, 1
core   0: 3 0x80003a64 (0x00150513) x10 0xfffffff7
core   0: 0x80003a68 (0x5ea6e417) auipc   s0, 0x5ea6e
core   0: 3 0x80003a68 (0x5ea6e417) x 8 0xdea71a68
core   0: 0x80003a6c (0x01d585b3) add     a1, a1, t4
core   0: 3 0x80003a6c (0x01d585b3) x11 0x4538a522
core   0: 0x80003a70 (0xba128d13) addi    s10, t0, -1119
core   0: 3 0x80003a70 (0xba128d13) x26 0xfffffba4
core   0: 0x80003a74 (0x019e65b3) or      a1, t3, s9
core   0: 3 0x80003a74 (0x019e65b3) x11 0xc53a29d4
core   0: 0x80003a78 (0x1f10a093) slti    ra, ra, 497
core   0: 3 0x80003a78 (0x1f10a093) x 1 0x00000001
core   0: 0x80003a7c (0x00b1c433) xor     s0, gp, a1
core   0: 3 0x80003a7c (0x00b1c433) x 8 0xc53a29d5
core   0: 0x80003a80 (0x74238193) addi    gp, t2, 1858
core   0: 3 0x80003a80 (0x74238193) x 3 0x8002557f
core   0: 0x80003a84 (0xec3ab717) auipc   a4, 0xec3ab
core   0: 3 0x80003a84 (0xec3ab717) x14 0x6c3aea84
core   0: 0x80003a88 (0xdd470e13) addi    t3, a4, -556
core   0: 3 0x80003a88 (0xdd470e13) x28 0x6c3ae858
core   0: 0x80003a8c (0x412c5913) srai    s2, s8, 18
core   0: 3 0x80003a8c (0x412c5913) x18 0xffffe000
core   0: 0x80003a90 (0x40a05a33) sra     s4, zero, a0
core   0: 3 0x80003a90 (0x40a05a33) x20 0x00000000
core   0: 0x80003a94 (0xfa5518e3) bne     a0, t0, pc - 80
core   0: 3 0x80003a94 (0xfa5518e3)
core   0: 0x80003a44 (0x40b98e33) sub     t3, s3, a1
core   0: 3 0x80003a44 (0x40b98e33) x28 0xbac86472
core   0: 0x80003a48 (0x7880b313) sltiu   t1, ra, 1928
core   0: 3 0x80003a48 (0x7880b313) x 6 0x00000001
core   0: 0x80003a4c (0x0189ceb3) xor     t4, s3, s8
core   0: 3 0x80003a4c (0x0189ceb3) x29 0x000002b0
core   0: 0x80003a50 (0x0141d133) srl     sp, gp, s4
core   0: 3 0x80003a50 (0x0141d133) x 2 0x8002557f
core   0: 0x80003a54 (0x018649b3) xor     s3, a2, s8
core   0: 3 0x80003a54 (0x018649b3) x19 0x80028e46
core   0: 0x80003a58 (0x00332033) slt     zero, t1, gp
core   0: 3 0x80003a58 (0x00332033)
core   0: 0x80003a5c (0xc9900213) li      tp, -871
core   0: 3 0x80003a5c (0xc9900213) x 4 0xfffffc99
core   0: 0x80003a60 (0x0ff0000f) fence   iorw,iorw
core   0: 3 0x80003a60 (0x0ff0000f)
core   0: 0x80003a64 (0x00150513) addi    a0, a0, 1
core   0: 3 0x80003a64 (0x00150513) x10 0xfffffff8
core   0: 0x80003a68 (0x5ea6e417) auipc   s0, 0x5ea6e
core   0: 3 0x80003a68 (0x5ea6e417) x 8 0xdea71a68
core   0: 0x80003a6c (0x01d585b3) add     a1, a1, t4
core   0: 3 0x80003a6c (0x01d585b3) x11 0xc53a2c84
core   0: 0x80003a70 (0xba128d13) addi    s10, t0, -1119
core   0: 3 0x80003a70 (0xba128d13) x26 0xfffffba4
core   0: 0x80003a74 (0x019e65b3) or      a1, t3, s9
core   0: 3 0x80003a74 (0x019e65b3) x11 0xbac86472
core   0: 0x80003a78 (0x1f10a093) slti    ra, ra, 497
core   0: 3 0x80003a78 (0x1f10a093) x 1 0x00000001
core   0: 0x80003a7c (0x00b1c433) xor     s0, gp, a1
core   0: 3 0x80003a7c (0x00b1c433) x 8 0x3aca310d
core   0: 0x80003a80 (0x74238193) addi    gp, t2, 1858
core   0: 3 0x80003a80 (0x74238193) x 3 0x8002557f
core   0: 0x80003a84 (0xec3ab717) auipc   a4, 0xec3ab
core   0: 3 0x80003a84 (0xec3ab717) x14 0x6c3aea84
core   0: 0x80003a88 (0xdd470e13) addi    t3, a4, -556
core   0: 3 0x80003a88 (0xdd470e13) x28 0x6c3ae858
core   0: 0x80003a8c (0x412c5913) srai    s2, s8, 18
core   0: 3 0x80003a8c (0x412c5913) x18 0xffffe000
core   0: 0x80003a90 (0x40a05a33) sra     s4, zero, a0
core   0: 3 0x80003a90 (0x40a05a33) x20 0x00000000
core   0: 0x80003a94 (0xfa5518e3) bne     a0, t0, pc - 80
core   0: 3 0x80003a94 (0xfa5518e3)
core   0: 0x80003a44 (0x40b98e33) sub     t3, s3, a1
core   0: 3 0x80003a44 (0x40b98e33) x28 0xc53a29d4
core   0: 0x80003a48 (0x7880b313) sltiu   t1, ra, 1928
core   0: 3 0x80003a48 (0x7880b313) x 6 0x00000001
core   0: 0x80003a4c (0x0189ceb3) xor     t4, s3, s8
core   0: 3 0x80003a4c (0x0189ceb3) x29 0x000002b0
core   0: 0x80003a50 (0x0141d133) srl     sp, gp, s4
core   0: 3 0x80003a50 (0x0141d133) x 2 0x8002557f
core   0: 0x80003a54 (0x018649b3) xor     s3, a2, s8
core   0: 3 0x80003a54 (0x018649b3) x19 0x80028e46
core   0: 0x80003a58 (0x00332033) slt     zero, t1, gp
core   0: 3 0x80003a58 (0x00332033)
core   0: 0x80003a5c (0xc9900213) li      tp, -871
core   0: 3 0x80003a5c (0xc9900213) x 4 0xfffffc99
core   0: 0x80003a60 (0x0ff0000f) fence   iorw,iorw
core   0: 3 0x80003a60 (0x0ff0000f)
core   0: 0x80003a64 (0x00150513) addi    a0, a0, 1
core   0: 3 0x80003a64 (0x00150513) x10 0xfffffff9
core   0: 0x80003a68 (0x5ea6e417) auipc   s0, 0x5ea6e
core   0: 3 0x80003a68 (0x5ea6e417) x 8 0xdea71a68
core   0: 0x80003a6c (0x01d585b3) add     a1, a1, t4
core   0: 3 0x80003a6c (0x01d585b3) x11 0xbac86722
core   0: 0x80003a70 (0xba128d13) addi    s10, t0, -1119
core   0: 3 0x80003a70 (0xba128d13) x26 0xfffffba4
core   0: 0x80003a74 (0x019e65b3) or      a1, t3, s9
core   0: 3 0x80003a74 (0x019e65b3) x11 0xc53a29d4
core   0: 0x80003a78 (0x1f10a093) slti    ra, ra, 497
core   0: 3 0x80003a78 (0x1f10a093) x 1 0x00000001
core   0: 0x80003a7c (0x00b1c433) xor     s0, gp, a1
core   0: 3 0x80003a7c (0x00b1c433) x 8 0x45387cab
core   0: 0x80003a80 (0x74238193) addi    gp, t2, 1858
core   0: 3 0x80003a80 (0x74238193) x 3 0x8002557f
core   0: 0x80003a84 (0xec3ab717) auipc   a4, 0xec3ab
core   0: 3 0x80003a84 (0xec3ab717) x14 0x6c3aea84
core   0: 0x80003a88 (0xdd470e13) addi    t3, a4, -556
core   0: 3 0x80003a88 (0xdd470e13) x28 0x6c3ae858
core   0: 0x80003a8c (0x412c5913) srai    s2, s8, 18
core   0: 3 0x80003a8c (0x412c5913) x18 0xffffe000
core   0: 0x80003a90 (0x40a05a33) sra     s4, zero, a0
core   0: 3 0x80003a90 (0x40a05a33) x20 0x00000000
core   0: 0x80003a94 (0xfa5518e3) bne     a0, t0, pc - 80
core   0: 3 0x80003a94 (0xfa5518e3)
core   0: 0x80003a44 (0x40b98e33) sub     t3, s3, a1
core   0: 3 0x80003a44 (0x40b98e33) x28 0xbac86472
core   0: 0x80003a48 (0x7880b313) sltiu   t1, ra, 1928
core   0: 3 0x80003a48 (0x7880b313) x 6 0x00000001
core   0: 0x80003a4c (0x0189ceb3) xor     t4, s3, s8
core   0: 3 0x80003a4c (0x0189ceb3) x29 0x000002b0
core   0: 0x80003a50 (0x0141d133) srl     sp, gp, s4
core   0: 3 0x80003a50 (0x0141d133) x 2 0x8002557f
core   0: 0x80003a54 (0x018649b3) xor     s3, a2, s8
core   0: 3 0x80003a54 (0x018649b3) x19 0x80028e46
core   0: 0x80003a58 (0x00332033) slt     zero, t1, gp
core   0: 3 0x80003a58 (0x00332033)
core   0: 0x80003a5c (0xc9900213) li      tp, -871
core   0: 3 0x80003a5c (0xc9900213) x 4 0xfffffc99
core   0: 0x80003a60 (0x0ff0000f) fence   iorw,iorw
core   0: 3 0x80003a60 (0x0ff0000f)
core   0: 0x80003a64 (0x00150513) addi    a0, a0, 1
core   0: 3 0x80003a64 (0x00150513) x10 0xfffffffa
core   0: 0x80003a68 (0x5ea6e417) auipc   s0, 0x5ea6e
core   0: 3 0x80003a68 (0x5ea6e417) x 8 0xdea71a68
core   0: 0x80003a6c (0x01d585b3) add     a1, a1, t4
core   0: 3 0x80003a6c (0x01d585b3) x11 0xc53a2c84
core   0: 0x80003a70 (0xba128d13) addi    s10, t0, -1119
core   0: 3 0x80003a70 (0xba128d13) x26 0xfffffba4
core   0: 0x80003a74 (0x019e65b3) or      a1, t3, s9
core   0: 3 0x80003a74 (0x019e65b3) x11 0xbac86472
core   0: 0x80003a78 (0x1f10a093) slti    ra, ra, 497
core   0: 3 0x80003a78 (0x1f10a093) x 1 0x00000001
core   0: 0x80003a7c (0x00b1c433) xor     s0, gp, a1
core   0: 3 0x80003a7c (0x00b1c433) x 8 0x3aca310d
core   0: 0x80003a80 (0x74238193) addi    gp, t2, 1858
core   0: 3 0x80003a80 (0x74238193) x 3 0x8002557f
core   0: 0x80003a84 (0xec3ab717) auipc   a4, 0xec3ab
core   0: 3 0x80003a84 (0xec3ab717) x14 0x6c3aea84
core   0: 0x80003a88 (0xdd470e13) addi    t3, a4, -556
core   0: 3 0x80003a88 (0xdd470e13) x28 0x6c3ae858
core   0: 0x80003a8c (0x412c5913) srai    s2, s8, 18
core   0: 3 0x80003a8c (0x412c5913) x18 0xffffe000
core   0: 0x80003a90 (0x40a05a33) sra     s4, zero, a0
core   0: 3 0x80003a90 (0x40a05a33) x20 0x00000000
core   0: 0x80003a94 (0xfa5518e3) bne     a0, t0, pc - 80
core   0: 3 0x80003a94 (0xfa5518e3)
core   0: 0x80003a44 (0x40b98e33) sub     t3, s3, a1
core   0: 3 0x80003a44 (0x40b98e33) x28 0xc53a29d4
core   0: 0x80003a48 (0x7880b313) sltiu   t1, ra, 1928
core   0: 3 0x80003a48 (0x7880b313) x 6 0x00000001
core   0: 0x80003a4c (0x0189ceb3) xor     t4, s3, s8
core   0: 3 0x80003a4c (0x0189ceb3) x29 0x000002b0
core   0: 0x80003a50 (0x0141d133) srl     sp, gp, s4
core   0: 3 0x80003a50 (0x0141d133) x 2 0x8002557f
core   0: 0x80003a54 (0x018649b3) xor     s3, a2, s8
core   0: 3 0x80003a54 (0x018649b3) x19 0x80028e46
core   0: 0x80003a58 (0x00332033) slt     zero, t1, gp
core   0: 3 0x80003a58 (0x00332033)
core   0: 0x80003a5c (0xc9900213) li      tp, -871
core   0: 3 0x80003a5c (0xc9900213) x 4 0xfffffc99
core   0: 0x80003a60 (0x0ff0000f) fence   iorw,iorw
core   0: 3 0x80003a60 (0x0ff0000f)
core   0: 0x80003a64 (0x00150513) addi    a0, a0, 1
core   0: 3 0x80003a64 (0x00150513) x10 0xfffffffb
core   0: 0x80003a68 (0x5ea6e417) auipc   s0, 0x5ea6e
core   0: 3 0x80003a68 (0x5ea6e417) x 8 0xdea71a68
core   0: 0x80003a6c (0x01d585b3) add     a1, a1, t4
core   0: 3 0x80003a6c (0x01d585b3) x11 0xbac86722
core   0: 0x80003a70 (0xba128d13) addi    s10, t0, -1119
core   0: 3 0x80003a70 (0xba128d13) x26 0xfffffba4
core   0: 0x80003a74 (0x019e65b3) or      a1, t3, s9
core   0: 3 0x80003a74 (0x019e65b3) x11 0xc53a29d4
core   0: 0x80003a78 (0x1f10a093) slti    ra, ra, 497
core   0: 3 0x80003a78 (0x1f10a093) x 1 0x00000001
core   0: 0x80003a7c (0x00b1c433) xor     s0, gp, a1
core   0: 3 0x80003a7c (0x00b1c433) x 8 0x45387cab
core   0: 0x80003a80 (0x74238193) addi    gp, t2, 1858
core   0: 3 0x80003a80 (0x74238193) x 3 0x8002557f
core   0: 0x80003a84 (0xec3ab717) auipc   a4, 0xec3ab
core   0: 3 0x80003a84 (0xec3ab717) x14 0x6c3aea84
core   0: 0x80003a88 (0xdd470e13) addi    t3, a4, -556
core   0: 3 0x80003a88 (0xdd470e13) x28 0x6c3ae858
core   0: 0x80003a8c (0x412c5913) srai    s2, s8, 18
core   0: 3 0x80003a8c (0x412c5913) x18 0xffffe000
core   0: 0x80003a90 (0x40a05a33) sra     s4, zero, a0
core   0: 3 0x80003a90 (0x40a05a33) x20 0x00000000
core   0: 0x80003a94 (0xfa5518e3) bne     a0, t0, pc - 80
core   0: 3 0x80003a94 (0xfa5518e3)
core   0: 0x80003a44 (0x40b98e33) sub     t3, s3, a1
core   0: 3 0x80003a44 (0x40b98e33) x28 0xbac86472
core   0: 0x80003a48 (0x7880b313) sltiu   t1, ra, 1928
core   0: 3 0x80003a48 (0x7880b313) x 6 0x00000001
core   0: 0x80003a4c (0x0189ceb3) xor     t4, s3, s8
core   0: 3 0x80003a4c (0x0189ceb3) x29 0x000002b0
core   0: 0x80003a50 (0x0141d133) srl     sp, gp, s4
core   0: 3 0x80003a50 (0x0141d133) x 2 0x8002557f
core   0: 0x80003a54 (0x018649b3) xor     s3, a2, s8
core   0: 3 0x80003a54 (0x018649b3) x19 0x80028e46
core   0: 0x80003a58 (0x00332033) slt     zero, t1, gp
core   0: 3 0x80003a58 (0x00332033)
core   0: 0x80003a5c (0xc9900213) li      tp, -871
core   0: 3 0x80003a5c (0xc9900213) x 4 0xfffffc99
core   0: 0x80003a60 (0x0ff0000f) fence   iorw,iorw
core   0: 3 0x80003a60 (0x0ff0000f)
core   0: 0x80003a64 (0x00150513) addi    a0, a0, 1
core   0: 3 0x80003a64 (0x00150513) x10 0xfffffffc
core   0: 0x80003a68 (0x5ea6e417) auipc   s0, 0x5ea6e
core   0: 3 0x80003a68 (0x5ea6e417) x 8 0xdea71a68
core   0: 0x80003a6c (0x01d585b3) add     a1, a1, t4
core   0: 3 0x80003a6c (0x01d585b3) x11 0xc53a2c84
core   0: 0x80003a70 (0xba128d13) addi    s10, t0, -1119
core   0: 3 0x80003a70 (0xba128d13) x26 0xfffffba4
core   0: 0x80003a74 (0x019e65b3) or      a1, t3, s9
core   0: 3 0x80003a74 (0x019e65b3) x11 0xbac86472
core   0: 0x80003a78 (0x1f10a093) slti    ra, ra, 497
core   0: 3 0x80003a78 (0x1f10a093) x 1 0x00000001
core   0: 0x80003a7c (0x00b1c433) xor     s0, gp, a1
core   0: 3 0x80003a7c (0x00b1c433) x 8 0x3aca310d
core   0: 0x80003a80 (0x74238193) addi    gp, t2, 1858
core   0: 3 0x80003a80 (0x74238193) x 3 0x8002557f
core   0: 0x80003a84 (0xec3ab717) auipc   a4, 0xec3ab
core   0: 3 0x80003a84 (0xec3ab717) x14 0x6c3aea84
core   0: 0x80003a88 (0xdd470e13) addi    t3, a4, -556
core   0: 3 0x80003a88 (0xdd470e13) x28 0x6c3ae858
core   0: 0x80003a8c (0x412c5913) srai    s2, s8, 18
core   0: 3 0x80003a8c (0x412c5913) x18 0xffffe000
core   0: 0x80003a90 (0x40a05a33) sra     s4, zero, a0
core   0: 3 0x80003a90 (0x40a05a33) x20 0x00000000
core   0: 0x80003a94 (0xfa5518e3) bne     a0, t0, pc - 80
core   0: 3 0x80003a94 (0xfa5518e3)
core   0: 0x80003a44 (0x40b98e33) sub     t3, s3, a1
core   0: 3 0x80003a44 (0x40b98e33) x28 0xc53a29d4
core   0: 0x80003a48 (0x7880b313) sltiu   t1, ra, 1928
core   0: 3 0x80003a48 (0x7880b313) x 6 0x00000001
core   0: 0x80003a4c (0x0189ceb3) xor     t4, s3, s8
core   0: 3 0x80003a4c (0x0189ceb3) x29 0x000002b0
core   0: 0x80003a50 (0x0141d133) srl     sp, gp, s4
core   0: 3 0x80003a50 (0x0141d133) x 2 0x8002557f
core   0: 0x80003a54 (0x018649b3) xor     s3, a2, s8
core   0: 3 0x80003a54 (0x018649b3) x19 0x80028e46
core   0: 0x80003a58 (0x00332033) slt     zero, t1, gp
core   0: 3 0x80003a58 (0x00332033)
core   0: 0x80003a5c (0xc9900213) li      tp, -871
core   0: 3 0x80003a5c (0xc9900213) x 4 0xfffffc99
core   0: 0x80003a60 (0x0ff0000f) fence   iorw,iorw
core   0: 3 0x80003a60 (0x0ff0000f)
core   0: 0x80003a64 (0x00150513) addi    a0, a0, 1
core   0: 3 0x80003a64 (0x00150513) x10 0xfffffffd
core   0: 0x80003a68 (0x5ea6e417) auipc   s0, 0x5ea6e
core   0: 3 0x80003a68 (0x5ea6e417) x 8 0xdea71a68
core   0: 0x80003a6c (0x01d585b3) add     a1, a1, t4
core   0: 3 0x80003a6c (0x01d585b3) x11 0xbac86722
core   0: 0x80003a70 (0xba128d13) addi    s10, t0, -1119
core   0: 3 0x80003a70 (0xba128d13) x26 0xfffffba4
core   0: 0x80003a74 (0x019e65b3) or      a1, t3, s9
core   0: 3 0x80003a74 (0x019e65b3) x11 0xc53a29d4
core   0: 0x80003a78 (0x1f10a093) slti    ra, ra, 497
core   0: 3 0x80003a78 (0x1f10a093) x 1 0x00000001
core   0: 0x80003a7c (0x00b1c433) xor     s0, gp, a1
core   0: 3 0x80003a7c (0x00b1c433) x 8 0x45387cab
core   0: 0x80003a80 (0x74238193) addi    gp, t2, 1858
core   0: 3 0x80003a80 (0x74238193) x 3 0x8002557f
core   0: 0x80003a84 (0xec3ab717) auipc   a4, 0xec3ab
core   0: 3 0x80003a84 (0xec3ab717) x14 0x6c3aea84
core   0: 0x80003a88 (0xdd470e13) addi    t3, a4, -556
core   0: 3 0x80003a88 (0xdd470e13) x28 0x6c3ae858
core   0: 0x80003a8c (0x412c5913) srai    s2, s8, 18
core   0: 3 0x80003a8c (0x412c5913) x18 0xffffe000
core   0: 0x80003a90 (0x40a05a33) sra     s4, zero, a0
core   0: 3 0x80003a90 (0x40a05a33) x20 0x00000000
core   0: 0x80003a94 (0xfa5518e3) bne     a0, t0, pc - 80
core   0: 3 0x80003a94 (0xfa5518e3)
core   0: 0x80003a44 (0x40b98e33) sub     t3, s3, a1
core   0: 3 0x80003a44 (0x40b98e33) x28 0xbac86472
core   0: 0x80003a48 (0x7880b313) sltiu   t1, ra, 1928
core   0: 3 0x80003a48 (0x7880b313) x 6 0x00000001
core   0: 0x80003a4c (0x0189ceb3) xor     t4, s3, s8
core   0: 3 0x80003a4c (0x0189ceb3) x29 0x000002b0
core   0: 0x80003a50 (0x0141d133) srl     sp, gp, s4
core   0: 3 0x80003a50 (0x0141d133) x 2 0x8002557f
core   0: 0x80003a54 (0x018649b3) xor     s3, a2, s8
core   0: 3 0x80003a54 (0x018649b3) x19 0x80028e46
core   0: 0x80003a58 (0x00332033) slt     zero, t1, gp
core   0: 3 0x80003a58 (0x00332033)
core   0: 0x80003a5c (0xc9900213) li      tp, -871
core   0: 3 0x80003a5c (0xc9900213) x 4 0xfffffc99
core   0: 0x80003a60 (0x0ff0000f) fence   iorw,iorw
core   0: 3 0x80003a60 (0x0ff0000f)
core   0: 0x80003a64 (0x00150513) addi    a0, a0, 1
core   0: 3 0x80003a64 (0x00150513) x10 0xfffffffe
core   0: 0x80003a68 (0x5ea6e417) auipc   s0, 0x5ea6e
core   0: 3 0x80003a68 (0x5ea6e417) x 8 0xdea71a68
core   0: 0x80003a6c (0x01d585b3) add     a1, a1, t4
core   0: 3 0x80003a6c (0x01d585b3) x11 0xc53a2c84
core   0: 0x80003a70 (0xba128d13) addi    s10, t0, -1119
core   0: 3 0x80003a70 (0xba128d13) x26 0xfffffba4
core   0: 0x80003a74 (0x019e65b3) or      a1, t3, s9
core   0: 3 0x80003a74 (0x019e65b3) x11 0xbac86472
core   0: 0x80003a78 (0x1f10a093) slti    ra, ra, 497
core   0: 3 0x80003a78 (0x1f10a093) x 1 0x00000001
core   0: 0x80003a7c (0x00b1c433) xor     s0, gp, a1
core   0: 3 0x80003a7c (0x00b1c433) x 8 0x3aca310d
core   0: 0x80003a80 (0x74238193) addi    gp, t2, 1858
core   0: 3 0x80003a80 (0x74238193) x 3 0x8002557f
core   0: 0x80003a84 (0xec3ab717) auipc   a4, 0xec3ab
core   0: 3 0x80003a84 (0xec3ab717) x14 0x6c3aea84
core   0: 0x80003a88 (0xdd470e13) addi    t3, a4, -556
core   0: 3 0x80003a88 (0xdd470e13) x28 0x6c3ae858
core   0: 0x80003a8c (0x412c5913) srai    s2, s8, 18
core   0: 3 0x80003a8c (0x412c5913) x18 0xffffe000
core   0: 0x80003a90 (0x40a05a33) sra     s4, zero, a0
core   0: 3 0x80003a90 (0x40a05a33) x20 0x00000000
core   0: 0x80003a94 (0xfa5518e3) bne     a0, t0, pc - 80
core   0: 3 0x80003a94 (0xfa5518e3)
core   0: 0x80003a44 (0x40b98e33) sub     t3, s3, a1
core   0: 3 0x80003a44 (0x40b98e33) x28 0xc53a29d4
core   0: 0x80003a48 (0x7880b313) sltiu   t1, ra, 1928
core   0: 3 0x80003a48 (0x7880b313) x 6 0x00000001
core   0: 0x80003a4c (0x0189ceb3) xor     t4, s3, s8
core   0: 3 0x80003a4c (0x0189ceb3) x29 0x000002b0
core   0: 0x80003a50 (0x0141d133) srl     sp, gp, s4
core   0: 3 0x80003a50 (0x0141d133) x 2 0x8002557f
core   0: 0x80003a54 (0x018649b3) xor     s3, a2, s8
core   0: 3 0x80003a54 (0x018649b3) x19 0x80028e46
core   0: 0x80003a58 (0x00332033) slt     zero, t1, gp
core   0: 3 0x80003a58 (0x00332033)
core   0: 0x80003a5c (0xc9900213) li      tp, -871
core   0: 3 0x80003a5c (0xc9900213) x 4 0xfffffc99
core   0: 0x80003a60 (0x0ff0000f) fence   iorw,iorw
core   0: 3 0x80003a60 (0x0ff0000f)
core   0: 0x80003a64 (0x00150513) addi    a0, a0, 1
core   0: 3 0x80003a64 (0x00150513) x10 0xffffffff
core   0: 0x80003a68 (0x5ea6e417) auipc   s0, 0x5ea6e
core   0: 3 0x80003a68 (0x5ea6e417) x 8 0xdea71a68
core   0: 0x80003a6c (0x01d585b3) add     a1, a1, t4
core   0: 3 0x80003a6c (0x01d585b3) x11 0xbac86722
core   0: 0x80003a70 (0xba128d13) addi    s10, t0, -1119
core   0: 3 0x80003a70 (0xba128d13) x26 0xfffffba4
core   0: 0x80003a74 (0x019e65b3) or      a1, t3, s9
core   0: 3 0x80003a74 (0x019e65b3) x11 0xc53a29d4
core   0: 0x80003a78 (0x1f10a093) slti    ra, ra, 497
core   0: 3 0x80003a78 (0x1f10a093) x 1 0x00000001
core   0: 0x80003a7c (0x00b1c433) xor     s0, gp, a1
core   0: 3 0x80003a7c (0x00b1c433) x 8 0x45387cab
core   0: 0x80003a80 (0x74238193) addi    gp, t2, 1858
core   0: 3 0x80003a80 (0x74238193) x 3 0x8002557f
core   0: 0x80003a84 (0xec3ab717) auipc   a4, 0xec3ab
core   0: 3 0x80003a84 (0xec3ab717) x14 0x6c3aea84
core   0: 0x80003a88 (0xdd470e13) addi    t3, a4, -556
core   0: 3 0x80003a88 (0xdd470e13) x28 0x6c3ae858
core   0: 0x80003a8c (0x412c5913) srai    s2, s8, 18
core   0: 3 0x80003a8c (0x412c5913) x18 0xffffe000
core   0: 0x80003a90 (0x40a05a33) sra     s4, zero, a0
core   0: 3 0x80003a90 (0x40a05a33) x20 0x00000000
core   0: 0x80003a94 (0xfa5518e3) bne     a0, t0, pc - 80
core   0: 3 0x80003a94 (0xfa5518e3)
core   0: 0x80003a44 (0x40b98e33) sub     t3, s3, a1
core   0: 3 0x80003a44 (0x40b98e33) x28 0xbac86472
core   0: 0x80003a48 (0x7880b313) sltiu   t1, ra, 1928
core   0: 3 0x80003a48 (0x7880b313) x 6 0x00000001
core   0: 0x80003a4c (0x0189ceb3) xor     t4, s3, s8
core   0: 3 0x80003a4c (0x0189ceb3) x29 0x000002b0
core   0: 0x80003a50 (0x0141d133) srl     sp, gp, s4
core   0: 3 0x80003a50 (0x0141d133) x 2 0x8002557f
core   0: 0x80003a54 (0x018649b3) xor     s3, a2, s8
core   0: 3 0x80003a54 (0x018649b3) x19 0x80028e46
core   0: 0x80003a58 (0x00332033) slt     zero, t1, gp
core   0: 3 0x80003a58 (0x00332033)
core   0: 0x80003a5c (0xc9900213) li      tp, -871
core   0: 3 0x80003a5c (0xc9900213) x 4 0xfffffc99
core   0: 0x80003a60 (0x0ff0000f) fence   iorw,iorw
core   0: 3 0x80003a60 (0x0ff0000f)
core   0: 0x80003a64 (0x00150513) addi    a0, a0, 1
core   0: 3 0x80003a64 (0x00150513) x10 0x00000000
core   0: 0x80003a68 (0x5ea6e417) auipc   s0, 0x5ea6e
core   0: 3 0x80003a68 (0x5ea6e417) x 8 0xdea71a68
core   0: 0x80003a6c (0x01d585b3) add     a1, a1, t4
core   0: 3 0x80003a6c (0x01d585b3) x11 0xc53a2c84
core   0: 0x80003a70 (0xba128d13) addi    s10, t0, -1119
core   0: 3 0x80003a70 (0xba128d13) x26 0xfffffba4
core   0: 0x80003a74 (0x019e65b3) or      a1, t3, s9
core   0: 3 0x80003a74 (0x019e65b3) x11 0xbac86472
core   0: 0x80003a78 (0x1f10a093) slti    ra, ra, 497
core   0: 3 0x80003a78 (0x1f10a093) x 1 0x00000001
core   0: 0x80003a7c (0x00b1c433) xor     s0, gp, a1
core   0: 3 0x80003a7c (0x00b1c433) x 8 0x3aca310d
core   0: 0x80003a80 (0x74238193) addi    gp, t2, 1858
core   0: 3 0x80003a80 (0x74238193) x 3 0x8002557f
core   0: 0x80003a84 (0xec3ab717) auipc   a4, 0xec3ab
core   0: 3 0x80003a84 (0xec3ab717) x14 0x6c3aea84
core   0: 0x80003a88 (0xdd470e13) addi    t3, a4, -556
core   0: 3 0x80003a88 (0xdd470e13) x28 0x6c3ae858
core   0: 0x80003a8c (0x412c5913) srai    s2, s8, 18
core   0: 3 0x80003a8c (0x412c5913) x18 0xffffe000
core   0: 0x80003a90 (0x40a05a33) sra     s4, zero, a0
core   0: 3 0x80003a90 (0x40a05a33) x20 0x00000000
core   0: 0x80003a94 (0xfa5518e3) bne     a0, t0, pc - 80
core   0: 3 0x80003a94 (0xfa5518e3)
core   0: 0x80003a44 (0x40b98e33) sub     t3, s3, a1
core   0: 3 0x80003a44 (0x40b98e33) x28 0xc53a29d4
core   0: 0x80003a48 (0x7880b313) sltiu   t1, ra, 1928
core   0: 3 0x80003a48 (0x7880b313) x 6 0x00000001
core   0: 0x80003a4c (0x0189ceb3) xor     t4, s3, s8
core   0: 3 0x80003a4c (0x0189ceb3) x29 0x000002b0
core   0: 0x80003a50 (0x0141d133) srl     sp, gp, s4
core   0: 3 0x80003a50 (0x0141d133) x 2 0x8002557f
core   0: 0x80003a54 (0x018649b3) xor     s3, a2, s8
core   0: 3 0x80003a54 (0x018649b3) x19 0x80028e46
core   0: 0x80003a58 (0x00332033) slt     zero, t1, gp
core   0: 3 0x80003a58 (0x00332033)
core   0: 0x80003a5c (0xc9900213) li      tp, -871
core   0: 3 0x80003a5c (0xc9900213) x 4 0xfffffc99
core   0: 0x80003a60 (0x0ff0000f) fence   iorw,iorw
core   0: 3 0x80003a60 (0x0ff0000f)
core   0: 0x80003a64 (0x00150513) addi    a0, a0, 1
core   0: 3 0x80003a64 (0x00150513) x10 0x00000001
core   0: 0x80003a68 (0x5ea6e417) auipc   s0, 0x5ea6e
core   0: 3 0x80003a68 (0x5ea6e417) x 8 0xdea71a68
core   0: 0x80003a6c (0x01d585b3) add     a1, a1, t4
core   0: 3 0x80003a6c (0x01d585b3) x11 0xbac86722
core   0: 0x80003a70 (0xba128d13) addi    s10, t0, -1119
core   0: 3 0x80003a70 (0xba128d13) x26 0xfffffba4
core   0: 0x80003a74 (0x019e65b3) or      a1, t3, s9
core   0: 3 0x80003a74 (0x019e65b3) x11 0xc53a29d4
core   0: 0x80003a78 (0x1f10a093) slti    ra, ra, 497
core   0: 3 0x80003a78 (0x1f10a093) x 1 0x00000001
core   0: 0x80003a7c (0x00b1c433) xor     s0, gp, a1
core   0: 3 0x80003a7c (0x00b1c433) x 8 0x45387cab
core   0: 0x80003a80 (0x74238193) addi    gp, t2, 1858
core   0: 3 0x80003a80 (0x74238193) x 3 0x8002557f
core   0: 0x80003a84 (0xec3ab717) auipc   a4, 0xec3ab
core   0: 3 0x80003a84 (0xec3ab717) x14 0x6c3aea84
core   0: 0x80003a88 (0xdd470e13) addi    t3, a4, -556
core   0: 3 0x80003a88 (0xdd470e13) x28 0x6c3ae858
core   0: 0x80003a8c (0x412c5913) srai    s2, s8, 18
core   0: 3 0x80003a8c (0x412c5913) x18 0xffffe000
core   0: 0x80003a90 (0x40a05a33) sra     s4, zero, a0
core   0: 3 0x80003a90 (0x40a05a33) x20 0x00000000
core   0: 0x80003a94 (0xfa5518e3) bne     a0, t0, pc - 80
core   0: 3 0x80003a94 (0xfa5518e3)
core   0: 0x80003a44 (0x40b98e33) sub     t3, s3, a1
core   0: 3 0x80003a44 (0x40b98e33) x28 0xbac86472
core   0: 0x80003a48 (0x7880b313) sltiu   t1, ra, 1928
core   0: 3 0x80003a48 (0x7880b313) x 6 0x00000001
core   0: 0x80003a4c (0x0189ceb3) xor     t4, s3, s8
core   0: 3 0x80003a4c (0x0189ceb3) x29 0x000002b0
core   0: 0x80003a50 (0x0141d133) srl     sp, gp, s4
core   0: 3 0x80003a50 (0x0141d133) x 2 0x8002557f
core   0: 0x80003a54 (0x018649b3) xor     s3, a2, s8
core   0: 3 0x80003a54 (0x018649b3) x19 0x80028e46
core   0: 0x80003a58 (0x00332033) slt     zero, t1, gp
core   0: 3 0x80003a58 (0x00332033)
core   0: 0x80003a5c (0xc9900213) li      tp, -871
core   0: 3 0x80003a5c (0xc9900213) x 4 0xfffffc99
core   0: 0x80003a60 (0x0ff0000f) fence   iorw,iorw
core   0: 3 0x80003a60 (0x0ff0000f)
core   0: 0x80003a64 (0x00150513) addi    a0, a0, 1
core   0: 3 0x80003a64 (0x00150513) x10 0x00000002
core   0: 0x80003a68 (0x5ea6e417) auipc   s0, 0x5ea6e
core   0: 3 0x80003a68 (0x5ea6e417) x 8 0xdea71a68
core   0: 0x80003a6c (0x01d585b3) add     a1, a1, t4
core   0: 3 0x80003a6c (0x01d585b3) x11 0xc53a2c84
core   0: 0x80003a70 (0xba128d13) addi    s10, t0, -1119
core   0: 3 0x80003a70 (0xba128d13) x26 0xfffffba4
core   0: 0x80003a74 (0x019e65b3) or      a1, t3, s9
core   0: 3 0x80003a74 (0x019e65b3) x11 0xbac86472
core   0: 0x80003a78 (0x1f10a093) slti    ra, ra, 497
core   0: 3 0x80003a78 (0x1f10a093) x 1 0x00000001
core   0: 0x80003a7c (0x00b1c433) xor     s0, gp, a1
core   0: 3 0x80003a7c (0x00b1c433) x 8 0x3aca310d
core   0: 0x80003a80 (0x74238193) addi    gp, t2, 1858
core   0: 3 0x80003a80 (0x74238193) x 3 0x8002557f
core   0: 0x80003a84 (0xec3ab717) auipc   a4, 0xec3ab
core   0: 3 0x80003a84 (0xec3ab717) x14 0x6c3aea84
core   0: 0x80003a88 (0xdd470e13) addi    t3, a4, -556
core   0: 3 0x80003a88 (0xdd470e13) x28 0x6c3ae858
core   0: 0x80003a8c (0x412c5913) srai    s2, s8, 18
core   0: 3 0x80003a8c (0x412c5913) x18 0xffffe000
core   0: 0x80003a90 (0x40a05a33) sra     s4, zero, a0
core   0: 3 0x80003a90 (0x40a05a33) x20 0x00000000
core   0: 0x80003a94 (0xfa5518e3) bne     a0, t0, pc - 80
core   0: 3 0x80003a94 (0xfa5518e3)
core   0: 0x80003a44 (0x40b98e33) sub     t3, s3, a1
core   0: 3 0x80003a44 (0x40b98e33) x28 0xc53a29d4
core   0: 0x80003a48 (0x7880b313) sltiu   t1, ra, 1928
core   0: 3 0x80003a48 (0x7880b313) x 6 0x00000001
core   0: 0x80003a4c (0x0189ceb3) xor     t4, s3, s8
core   0: 3 0x80003a4c (0x0189ceb3) x29 0x000002b0
core   0: 0x80003a50 (0x0141d133) srl     sp, gp, s4
core   0: 3 0x80003a50 (0x0141d133) x 2 0x8002557f
core   0: 0x80003a54 (0x018649b3) xor     s3, a2, s8
core   0: 3 0x80003a54 (0x018649b3) x19 0x80028e46
core   0: 0x80003a58 (0x00332033) slt     zero, t1, gp
core   0: 3 0x80003a58 (0x00332033)
core   0: 0x80003a5c (0xc9900213) li      tp, -871
core   0: 3 0x80003a5c (0xc9900213) x 4 0xfffffc99
core   0: 0x80003a60 (0x0ff0000f) fence   iorw,iorw
core   0: 3 0x80003a60 (0x0ff0000f)
core   0: 0x80003a64 (0x00150513) addi    a0, a0, 1
core   0: 3 0x80003a64 (0x00150513) x10 0x00000003
core   0: 0x80003a68 (0x5ea6e417) auipc   s0, 0x5ea6e
core   0: 3 0x80003a68 (0x5ea6e417) x 8 0xdea71a68
core   0: 0x80003a6c (0x01d585b3) add     a1, a1, t4
core   0: 3 0x80003a6c (0x01d585b3) x11 0xbac86722
core   0: 0x80003a70 (0xba128d13) addi    s10, t0, -1119
core   0: 3 0x80003a70 (0xba128d13) x26 0xfffffba4
core   0: 0x80003a74 (0x019e65b3) or      a1, t3, s9
core   0: 3 0x80003a74 (0x019e65b3) x11 0xc53a29d4
core   0: 0x80003a78 (0x1f10a093) slti    ra, ra, 497
core   0: 3 0x80003a78 (0x1f10a093) x 1 0x00000001
core   0: 0x80003a7c (0x00b1c433) xor     s0, gp, a1
core   0: 3 0x80003a7c (0x00b1c433) x 8 0x45387cab
core   0: 0x80003a80 (0x74238193) addi    gp, t2, 1858
core   0: 3 0x80003a80 (0x74238193) x 3 0x8002557f
core   0: 0x80003a84 (0xec3ab717) auipc   a4, 0xec3ab
core   0: 3 0x80003a84 (0xec3ab717) x14 0x6c3aea84
core   0: 0x80003a88 (0xdd470e13) addi    t3, a4, -556
core   0: 3 0x80003a88 (0xdd470e13) x28 0x6c3ae858
core   0: 0x80003a8c (0x412c5913) srai    s2, s8, 18
core   0: 3 0x80003a8c (0x412c5913) x18 0xffffe000
core   0: 0x80003a90 (0x40a05a33) sra     s4, zero, a0
core   0: 3 0x80003a90 (0x40a05a33) x20 0x00000000
core   0: 0x80003a94 (0xfa5518e3) bne     a0, t0, pc - 80
core   0: 3 0x80003a94 (0xfa5518e3)
core   0: 0x80003a98 (0x00db20b3) slt     ra, s6, a3
core   0: 3 0x80003a98 (0x00db20b3) x 1 0x00000000
core   0: 0x80003a9c (0xffb00d13) li      s10, -5
core   0: 3 0x80003a9c (0xffb00d13) x26 0xfffffffb
core   0: 0x80003aa0 (0xfef00593) li      a1, -17
core   0: 3 0x80003aa0 (0xfef00593) x11 0xffffffef
core   0: 0x80003aa4 (0x938e0393) addi    t2, t3, -1736
core   0: 3 0x80003aa4 (0x938e0393) x 7 0x6c3ae190
core   0: 0x80003aa8 (0x867d8513) addi    a0, s11, -1945
core   0: 3 0x80003aa8 (0x867d8513) x10 0xfffff86d
core   0: 0x80003aac (0xffcd0d13) addi    s10, s10, -4
core   0: 3 0x80003aac (0xffcd0d13) x26 0xfffffff7
core   0: 0x80003ab0 (0xfebd1ce3) bne     s10, a1, pc - 8
core   0: 3 0x80003ab0 (0xfebd1ce3)
core   0: 0x80003aa8 (0x867d8513) addi    a0, s11, -1945
core   0: 3 0x80003aa8 (0x867d8513) x10 0xfffff86d
core   0: 0x80003aac (0xffcd0d13) addi    s10, s10, -4
core   0: 3 0x80003aac (0xffcd0d13) x26 0xfffffff3
core   0: 0x80003ab0 (0xfebd1ce3) bne     s10, a1, pc - 8
core   0: 3 0x80003ab0 (0xfebd1ce3)
core   0: 0x80003aa8 (0x867d8513) addi    a0, s11, -1945
core   0: 3 0x80003aa8 (0x867d8513) x10 0xfffff86d
core   0: 0x80003aac (0xffcd0d13) addi    s10, s10, -4
core   0: 3 0x80003aac (0xffcd0d13) x26 0xffffffef
core   0: 0x80003ab0 (0xfebd1ce3) bne     s10, a1, pc - 8
core   0: 3 0x80003ab0 (0xfebd1ce3)
core   0: 0x80003ab4 (0x01e42e33) slt     t3, s0, t5
core   0: 3 0x80003ab4 (0x01e42e33) x28 0x00000000
core   0: 0x80003ab8 (0x0038e5b3) or      a1, a7, gp
core   0: 3 0x80003ab8 (0x0038e5b3) x11 0x8002ddff
core   0: 0x80003abc (0x01dae9b3) or      s3, s5, t4
core   0: 3 0x80003abc (0x01dae9b3) x19 0x800253fe
core   0: 0x80003ac0 (0x0000100f) fence.i
core   0: 3 0x80003ac0 (0x0000100f)
core   0: 0x80003ac4 (0x000bfd33) and     s10, s7, zero
core   0: 3 0x80003ac4 (0x000bfd33) x26 0x00000000
core   0: 0x80003ac8 (0x01be8b33) add     s6, t4, s11
core   0: 3 0x80003ac8 (0x01be8b33) x22 0x000002b6
core   0: 0x80003acc (0xf0885097) auipc   ra, 0xf0885
core   0: 3 0x80003acc (0xf0885097) x 1 0x70888acc
core   0: 0x80003ad0 (0x6312c993) xori    s3, t0, 1585
core   0: 3 0x80003ad0 (0x6312c993) x19 0x00000632
core   0: 0x80003ad4 (0x377bf913) andi    s2, s7, 887
core   0: 3 0x80003ad4 (0x377bf913) x18 0x00000000
core   0: 0x80003ad8 (0x00fdf463) bgeu    s11, a5, pc + 8
core   0: 3 0x80003ad8 (0x00fdf463)
core   0: 0x80003adc (0x00000013) nop
core   0: 3 0x80003adc (0x00000013)
core   0: 0x80003ae0 (0x417d5093) srai    ra, s10, 23
core   0: 3 0x80003ae0 (0x417d5093) x 1 0x00000000
core   0: 0x80003ae4 (0x5f173413) sltiu   s0, a4, 1521
core   0: 3 0x80003ae4 (0x5f173413) x 8 0x00000000
core   0: 0x80003ae8 (0x00000013) nop
core   0: 3 0x80003ae8 (0x00000013)
core   0: 0x80003aec (0x03e76c63) bltu    a4, t5, pc + 56
core   0: 3 0x80003aec (0x03e76c63)
core   0: 0x80003b24 (0x0ff0000f) fence   iorw,iorw
core   0: 3 0x80003b24 (0x0ff0000f)
core   0: 0x80003b28 (0x00901a63) bne     zero, s1, pc + 20
core   0: 3 0x80003b28 (0x00901a63)
core   0: 0x80003b3c (0xd1076c13) ori     s8, a4, -752
core   0: 3 0x80003b3c (0xd1076c13) x24 0xffffff94
core   0: 0x80003b40 (0x73791f97) auipc   t6, 0x73791
core   0: 3 0x80003b40 (0x73791f97) x31 0xf3794b40
core   0: 0x80003b44 (0xcc9fc393) xori    t2, t6, -823
core   0: 3 0x80003b44 (0xcc9fc393) x 7 0x0c86b789
core   0: 0x80003b48 (0x054b5663) bge     s6, s4, pc + 76
core   0: 3 0x80003b48 (0x054b5663)
core   0: 0x80003b94 (0x0cf4ec93) ori     s9, s1, 207
core   0: 3 0x80003b94 (0x0cf4ec93) x25 0x000000cf
core   0: 0x80003b98 (0x0125da93) srli    s5, a1, 18
core   0: 3 0x80003b98 (0x0125da93) x21 0x00002000
core   0: 0x80003b9c (0x01e66a63) bltu    a2, t5, pc + 20
core   0: 3 0x80003b9c (0x01e66a63)
core   0: 0x80003bb0 (0x01075933) srl     s2, a4, a6
core   0: 3 0x80003bb0 (0x01075933) x18 0x6c3aea84
core   0: 0x80003bb4 (0x05bac663) blt     s5, s11, pc + 76
core   0: 3 0x80003bb4 (0x05bac663)
core   0: 0x80003bb8 (0x0577cf93) xori    t6, a5, 87
core   0: 3 0x80003bb8 (0x0577cf93) x31 0x80024e63
core   0: 0x80003bbc (0x86f3a193) slti    gp, t2, -1937
core   0: 3 0x80003bbc (0x86f3a193) x 3 0x00000000
core   0: 0x80003bc0 (0x408852b3) sra     t0, a6, s0
core   0: 3 0x80003bc0 (0x408852b3) x 5 0x80000000
core   0: 0x80003bc4 (0x00331f93) slli    t6, t1, 3
core   0: 3 0x80003bc4 (0x00331f93) x31 0x00000008
core   0: 0x80003bc8 (0x059f8663) beq     t6, s9, pc + 76
core   0: 3 0x80003bc8 (0x059f8663)
core   0: 0x80003bcc (0x03e77063) bgeu    a4, t5, pc + 32
core   0: 3 0x80003bcc (0x03e77063)
core   0: 0x80003bd0 (0xeec28993) addi    s3, t0, -276
core   0: 3 0x80003bd0 (0xeec28993) x19 0x7ffffeec
core   0: 0x80003bd4 (0x4064d213) srai    tp, s1, 6
core   0: 3 0x80003bd4 (0x4064d213) x 4 0x00000000
core   0: 0x80003bd8 (0x0443c213) xori    tp, t2, 68
core   0: 3 0x80003bd8 (0x0443c213) x 4 0x0c86b7cd
core   0: 0x80003bdc (0x01156433) or      s0, a0, a7
core   0: 3 0x80003bdc (0x01156433) x 8 0xfffffced
core   0: 0x80003be0 (0x02c91663) bne     s2, a2, pc + 44
core   0: 3 0x80003be0 (0x02c91663)
core   0: 0x80003c0c (0x404fdc13) srai    s8, t6, 4
core   0: 3 0x80003c0c (0x404fdc13) x24 0x00000000
core   0: 0x80003c10 (0x40398e33) sub     t3, s3, gp
core   0: 3 0x80003c10 (0x40398e33) x28 0x7ffffeec
core   0: 0x80003c14 (0x00bfd433) srl     s0, t6, a1
core   0: 3 0x80003c14 (0x00bfd433) x 8 0x00000000
core   0: 0x80003c18 (0xab68a693) slti    a3, a7, -1354
core   0: 3 0x80003c18 (0xab68a693) x13 0x00000001
core   0: 0x80003c1c (0x030fd663) bge     t6, a6, pc + 44
core   0: 3 0x80003c1c (0x030fd663)
core   0: 0x80003c48 (0x001cda93) srli    s5, s9, 1
core   0: 3 0x80003c48 (0x001cda93) x21 0x00000067
core   0: 0x80003c4c (0x6869e517) auipc   a0, 0x6869e
core   0: 3 0x80003c4c (0x6869e517) x10 0xe86a1c4c
core   0: 0x80003c50 (0x01ce7e63) bgeu    t3, t3, pc + 28
core   0: 3 0x80003c50 (0x01ce7e63)
core   0: 0x80003c6c (0x03010463) beq     sp, a6, pc + 40
core   0: 3 0x80003c6c (0x03010463)
core   0: 0x80003c70 (0x0ff0000f) fence   iorw,iorw
core   0: 3 0x80003c70 (0x0ff0000f)
core   0: 0x80003c74 (0x012c5633) srl     a2, s8, s2
core   0: 3 0x80003c74 (0x012c5633) x12 0x00000000
core   0: 0x80003c78 (0x00ca60b3) or      ra, s4, a2
core   0: 3 0x80003c78 (0x00ca60b3) x 1 0x00000000
core   0: 0x80003c7c (0x01cf5093) srli    ra, t5, 28
core   0: 3 0x80003c7c (0x01cf5093) x 1 0x0000000f
core   0: 0x80003c80 (0x40e75133) sra     sp, a4, a4
core   0: 3 0x80003c80 (0x40e75133) x 2 0x06c3aea8
core   0: 0x80003c84 (0x4e6eee37) lui     t3, 0x4e6ee
core   0: 3 0x80003c84 (0x4e6eee37) x28 0x4e6ee000
core   0: 0x80003c88 (0x0ff0000f) fence   iorw,iorw
core   0: 3 0x80003c88 (0x0ff0000f)
core   0: 0x80003c8c (0x9e67b113) sltiu   sp, a5, -1562
core   0: 3 0x80003c8c (0x9e67b113) x 2 0x00000001
core   0: 0x80003c90 (0x0000100f) fence.i
core   0: 3 0x80003c90 (0x0000100f)
core   0: 0x80003c94 (0x000330b3) sltu    ra, t1, zero
core   0: 3 0x80003c94 (0x000330b3) x 1 0x00000000
core   0: 0x80003c98 (0x0000100f) fence.i
core   0: 3 0x80003c98 (0x0000100f)
core   0: 0x80003c9c (0xd175fd93) andi    s11, a1, -745
core   0: 3 0x80003c9c (0xd175fd93) x27 0x8002dd17
core   0: 0x80003ca0 (0x01fd46b3) xor     a3, s10, t6
core   0: 3 0x80003ca0 (0x01fd46b3) x13 0x00000008
core   0: 0x80003ca4 (0x0000100f) fence.i
core   0: 3 0x80003ca4 (0x0000100f)
core   0: 0x80003ca8 (0x41d55a33) sra     s4, a0, t4
core   0: 3 0x80003ca8 (0x41d55a33) x20 0xffffe86a
core   0: 0x80003cac (0x41ba0cb3) sub     s9, s4, s11
core   0: 3 0x80003cac (0x41ba0cb3) x25 0x7ffd0b53
core   0: 0x80003cb0 (0x48d9b593) sltiu   a1, s3, 1165
core   0: 3 0x80003cb0 (0x48d9b593) x11 0x00000000
core   0: 0x80003cb4 (0x003655b3) srl     a1, a2, gp
core   0: 3 0x80003cb4 (0x003655b3) x11 0x00000000
core   0: 0x80003cb8 (0x01c37133) and     sp, t1, t3
core   0: 3 0x80003cb8 (0x01c37133) x 2 0x00000000
core   0: 0x80003cbc (0x00000013) nop
core   0: 3 0x80003cbc (0x00000013)
core   0: 0x80003cc0 (0x410c0033) sub     zero, s8, a6
core   0: 3 0x80003cc0 (0x410c0033)
core   0: 0x80003cc4 (0x02cafc63) bgeu    s5, a2, pc + 56
core   0: 3 0x80003cc4 (0x02cafc63)
core   0: 0x80003cfc (0xd1623093) sltiu   ra, tp, -746
core   0: 3 0x80003cfc (0xd1623093) x 1 0x00000001
core   0: 0x80003d00 (0x0029d733) srl     a4, s3, sp
core   0: 3 0x80003d00 (0x0029d733) x14 0x7ffffeec
core   0: 0x80003d04 (0x2dd20213) addi    tp, tp, 733
core   0: 3 0x80003d04 (0x2dd20213) x 4 0x0c86baaa
core   0: 0x80003d08 (0x0000100f) fence.i
core   0: 3 0x80003d08 (0x0000100f)
core   0: 0x80003d0c (0x01c1abb3) slt     s7, gp, t3
core   0: 3 0x80003d0c (0x01c1abb3) x23 0x00000001
core   0: 0x80003d10 (0x0ff0000f) fence   iorw,iorw
core   0: 3 0x80003d10 (0x0ff0000f)
core   0: 0x80003d14 (0x001f20b3) slt     ra, t5, ra
core   0: 3 0x80003d14 (0x001f20b3) x 1 0x00000001
core   0: 0x80003d18 (0x2d5bff93) andi    t6, s7, 725
core   0: 3 0x80003d18 (0x2d5bff93) x31 0x00000001
core   0: 0x80003d1c (0x02918863) beq     gp, s1, pc + 48
core   0: 3 0x80003d1c (0x02918863)
core   0: 0x80003d20 (0x41e10f33) sub     t5, sp, t5
core   0: 3 0x80003d20 (0x41e10f33) x30 0x0c219cf8
core   0: 0x80003d24 (0xb17d2f93) slti    t6, s10, -1257
core   0: 3 0x80003d24 (0xb17d2f93) x31 0x00000000
core   0: 0x80003d28 (0x2b50aa93) slti    s5, ra, 693
core   0: 3 0x80003d28 (0x2b50aa93) x21 0x00000001
core   0: 0x80003d2c (0x00ddd5b3) srl     a1, s11, a3
core   0: 3 0x80003d2c (0x00ddd5b3) x11 0x008002dd
core   0: 0x80003d30 (0x00ea0633) add     a2, s4, a4
core   0: 3 0x80003d30 (0x00ea0633) x12 0x7fffe756
core   0: 0x80003d34 (0x376d4993) xori    s3, s10, 886
core   0: 3 0x80003d34 (0x376d4993) x19 0x00000376
core   0: 0x80003d38 (0x6ff4b393) sltiu   t2, s1, 1791
core   0: 3 0x80003d38 (0x6ff4b393) x 7 0x00000001
core   0: 0x80003d3c (0x0ff0000f) fence   iorw,iorw
core   0: 3 0x80003d3c (0x0ff0000f)
core   0: 0x80003d40 (0x03be8a63) beq     t4, s11, pc + 52
core   0: 3 0x80003d40 (0x03be8a63)
core   0: 0x80003d44 (0x01b87ab3) and     s5, a6, s11
core   0: 3 0x80003d44 (0x01b87ab3) x21 0x80000000
core   0: 0x80003d48 (0x0ff0000f) fence   iorw,iorw
core   0: 3 0x80003d48 (0x0ff0000f)
core   0: 0x80003d4c (0x0000100f) fence.i
core   0: 3 0x80003d4c (0x0000100f)
core   0: 0x80003d50 (0x036df263) bgeu    s11, s6, pc + 36
core   0: 3 0x80003d50 (0x036df263)
core   0: 0x80003d74 (0x00002d33) slt     s10, zero, zero
core   0: 3 0x80003d74 (0x00002d33) x26 0x00000000
core   0: 0x80003d78 (0x03926663) bltu    tp, s9, pc + 44
core   0: 3 0x80003d78 (0x03926663)
core   0: 0x80003da4 (0x01576fb3) or      t6, a4, s5
core   0: 3 0x80003da4 (0x01576fb3) x31 0xfffffeec
core   0: 0x80003da8 (0x024b6063) bltu    s6, tp, pc + 32
core   0: 3 0x80003da8 (0x024b6063)
core   0: 0x80003dc8 (0x00000013) nop
core   0: 3 0x80003dc8 (0x00000013)
core   0: 0x80003dcc (0x40c404b3) sub     s1, s0, a2
core   0: 3 0x80003dcc (0x40c404b3) x 9 0x800018aa
core   0: 0x80003dd0 (0x00899ab3) sll     s5, s3, s0
core   0: 3 0x80003dd0 (0x00899ab3) x21 0x00000376
core   0: 0x80003dd4 (0xbc0b8f13) addi    t5, s7, -1088
core   0: 3 0x80003dd4 (0xbc0b8f13) x30 0xfffffbc1
core   0: 0x80003dd8 (0x01928b33) add     s6, t0, s9
core   0: 3 0x80003dd8 (0x01928b33) x22 0xfffd0b53
core   0: 0x80003ddc (0x003d26b3) slt     a3, s10, gp
core   0: 3 0x80003ddc (0x003d26b3) x13 0x00000000
core   0: 0x80003de0 (0x03f07a63) bgeu    zero, t6, pc + 52
core   0: 3 0x80003de0 (0x03f07a63)
core   0: 0x80003de4 (0x00634cb3) xor     s9, t1, t1
core   0: 3 0x80003de4 (0x00634cb3) x25 0x00000000
core   0: 0x80003de8 (0x010cec33) or      s8, s9, a6
core   0: 3 0x80003de8 (0x010cec33) x24 0x80000000
core   0: 0x80003dec (0x0000100f) fence.i
core   0: 3 0x80003dec (0x0000100f)
core   0: 0x80003df0 (0x00a4d393) srli    t2, s1, 10
core   0: 3 0x80003df0 (0x00a4d393) x 7 0x00200006
core   0: 0x80003df4 (0x0000100f) fence.i
core   0: 3 0x80003df4 (0x0000100f)
core   0: 0x80003df8 (0x05f06663) bltu    zero, t6, pc + 76
core   0: 3 0x80003df8 (0x05f06663)
core   0: 0x80003e44 (0x00291593) slli    a1, s2, 2
core   0: 3 0x80003e44 (0x00291593) x11 0xb0ebaa10
core   0: 0x80003e48 (0x0000100f) fence.i
core   0: 3 0x80003e48 (0x0000100f)
core   0: 0x80003e4c (0x3af72613) slti    a2, a4, 943
core   0: 3 0x80003e4c (0x3af72613) x12 0x00000000
core   0: 0x80003e50 (0x00c481b3) add     gp, s1, a2
core   0: 3 0x80003e50 (0x00c481b3) x 3 0x800018aa
core   0: 0x80003e54 (0xcc6b20b7) lui     ra, 0xcc6b2
core   0: 3 0x80003e54 (0xcc6b20b7) x 1 0xcc6b2000
core   0: 0x80003e58 (0xdcc4bf13) sltiu   t5, s1, -564
core   0: 3 0x80003e58 (0xdcc4bf13) x30 0x00000001
core   0: 0x80003e5c (0x02e37663) bgeu    t1, a4, pc + 44
core   0: 3 0x80003e5c (0x02e37663)
core   0: 0x80003e60 (0x009b0eb3) add     t4, s6, s1
core   0: 3 0x80003e60 (0x009b0eb3) x29 0x7ffd23fd
core   0: 0x80003e64 (0x02405463) bge     zero, tp, pc + 40
core   0: 3 0x80003e64 (0x02405463)
core   0: 0x80003e68 (0x01fd0ab3) add     s5, s10, t6
core   0: 3 0x80003e68 (0x01fd0ab3) x21 0xfffffeec
core   0: 0x80003e6c (0x00cf8433) add     s0, t6, a2
core   0: 3 0x80003e6c (0x00cf8433) x 8 0xfffffeec
core   0: 0x80003e70 (0x4dd6b413) sltiu   s0, a3, 1245
core   0: 3 0x80003e70 (0x4dd6b413) x 8 0x00000001
core   0: 0x80003e74 (0x0ff0000f) fence   iorw,iorw
core   0: 3 0x80003e74 (0x0ff0000f)
core   0: 0x80003e78 (0x0026ac33) slt     s8, a3, sp
core   0: 3 0x80003e78 (0x0026ac33) x24 0x00000000
core   0: 0x80003e7c (0xe2683c13) sltiu   s8, a6, -474
core   0: 3 0x80003e7c (0xe2683c13) x24 0x00000001
core   0: 0x80003e80 (0x01735cb3) srl     s9, t1, s7
core   0: 3 0x80003e80 (0x01735cb3) x25 0x00000000
core   0: 0x80003e84 (0x01620e63) beq     tp, s6, pc + 28
core   0: 3 0x80003e84 (0x01620e63)
core   0: 0x80003e88 (0x0000100f) fence.i
core   0: 3 0x80003e88 (0x0000100f)
core   0: 0x80003e8c (0x6c63ac93) slti    s9, t2, 1734
core   0: 3 0x80003e8c (0x6c63ac93) x25 0x00000000
core   0: 0x80003e90 (0x023be663) bltu    s7, gp, pc + 44
core   0: 3 0x80003e90 (0x023be663)
core   0: 0x80003ebc (0x00ab5633) srl     a2, s6, a0
core   0: 3 0x80003ebc (0x00ab5633) x12 0x000fffd0
core   0: 0x80003ec0 (0x020d0463) beqz    s10, pc + 40
core   0: 3 0x80003ec0 (0x020d0463)
core   0: 0x80003ee8 (0x0369f263) bgeu    s3, s6, pc + 36
core   0: 3 0x80003ee8 (0x0369f263)
core   0: 0x80003eec (0x03144463) blt     s0, a7, pc + 40
core   0: 3 0x80003eec (0x03144463)
core   0: 0x80003ef0 (0x40efdc93) srai    s9, t6, 14
core   0: 3 0x80003ef0 (0x40efdc93) x25 0xffffffff
core   0: 0x80003ef4 (0x00489ab3) sll     s5, a7, tp
core   0: 3 0x80003ef4 (0x00489ab3) x21 0x0a339000
core   0: 0x80003ef8 (0x01db0a63) beq     s6, t4, pc + 20
core   0: 3 0x80003ef8 (0x01db0a63)
core   0: 0x80003efc (0x0000100f) fence.i
core   0: 3 0x80003efc (0x0000100f)
core   0: 0x80003f00 (0x400b0a33) sub     s4, s6, zero
core   0: 3 0x80003f00 (0x400b0a33) x20 0xfffd0b53
core   0: 0x80003f04 (0x41eb8a33) sub     s4, s7, t5
core   0: 3 0x80003f04 (0x41eb8a33) x20 0x00000000
core   0: 0x80003f08 (0x403ad493) srai    s1, s5, 3
core   0: 3 0x80003f08 (0x403ad493) x 9 0x01467200
core   0: 0x80003f0c (0x00000013) nop
core   0: 3 0x80003f0c (0x00000013)
core   0: 0x80003f10 (0x015193b3) sll     t2, gp, s5
core   0: 3 0x80003f10 (0x015193b3) x 7 0x800018aa
core   0: 0x80003f14 (0x01000cb3) add     s9, zero, a6
core   0: 3 0x80003f14 (0x01000cb3) x25 0x80000000
core   0: 0x80003f18 (0x01401c13) slli    s8, zero, 20
core   0: 3 0x80003f18 (0x01401c13) x24 0x00000000
core   0: 0x80003f1c (0x00a00593) li      a1, 10
core   0: 3 0x80003f1c (0x00a00593) x11 0x0000000a
core   0: 0x80003f20 (0x00500e13) li      t3, 5
core   0: 3 0x80003f20 (0x00500e13) x28 0x00000005
core   0: 0x80003f24 (0xb5b56093) ori     ra, a0, -1189
core   0: 3 0x80003f24 (0xb5b56093) x 1 0xffffff5f
core   0: 0x80003f28 (0xfff58593) addi    a1, a1, -1
core   0: 3 0x80003f28 (0xfff58593) x11 0x00000009
core   0: 0x80003f2c (0x00a00a13) li      s4, 10
core   0: 3 0x80003f2c (0x00a00a13) x20 0x0000000a
core   0: 0x80003f30 (0x00300193) li      gp, 3
core   0: 3 0x80003f30 (0x00300193) x 3 0x00000003
core   0: 0x80003f34 (0xb708a493) slti    s1, a7, -1168
core   0: 3 0x80003f34 (0xb708a493) x 9 0x00000001
core   0: 0x80003f38 (0xffea0a13) addi    s4, s4, -2
core   0: 3 0x80003f38 (0xffea0a13) x20 0x00000008
core   0: 0x80003f3c (0xfe3a7ce3) bgeu    s4, gp, pc - 8
core   0: 3 0x80003f3c (0xfe3a7ce3)
core   0: 0x80003f34 (0xb708a493) slti    s1, a7, -1168
core   0: 3 0x80003f34 (0xb708a493) x 9 0x00000001
core   0: 0x80003f38 (0xffea0a13) addi    s4, s4, -2
core   0: 3 0x80003f38 (0xffea0a13) x20 0x00000006
core   0: 0x80003f3c (0xfe3a7ce3) bgeu    s4, gp, pc - 8
core   0: 3 0x80003f3c (0xfe3a7ce3)
core   0: 0x80003f34 (0xb708a493) slti    s1, a7, -1168
core   0: 3 0x80003f34 (0xb708a493) x 9 0x00000001
core   0: 0x80003f38 (0xffea0a13) addi    s4, s4, -2
core   0: 3 0x80003f38 (0xffea0a13) x20 0x00000004
core   0: 0x80003f3c (0xfe3a7ce3) bgeu    s4, gp, pc - 8
core   0: 3 0x80003f3c (0xfe3a7ce3)
core   0: 0x80003f34 (0xb708a493) slti    s1, a7, -1168
core   0: 3 0x80003f34 (0xb708a493) x 9 0x00000001
core   0: 0x80003f38 (0xffea0a13) addi    s4, s4, -2
core   0: 3 0x80003f38 (0xffea0a13) x20 0x00000002
core   0: 0x80003f3c (0xfe3a7ce3) bgeu    s4, gp, pc - 8
core   0: 3 0x80003f3c (0xfe3a7ce3)
core   0: 0x80003f40 (0xf2f8ac37) lui     s8, 0xf2f8a
core   0: 3 0x80003f40 (0xf2f8ac37) x24 0xf2f8a000
core   0: 0x80003f44 (0xffc580e3) beq     a1, t3, pc - 32
core   0: 3 0x80003f44 (0xffc580e3)
core   0: 0x80003f48 (0x006b2db3) slt     s11, s6, t1
core   0: 3 0x80003f48 (0x006b2db3) x27 0x00000001
core   0: 0x80003f4c (0x41fb0033) sub     zero, s6, t6
core   0: 3 0x80003f4c (0x41fb0033)
core   0: 0x80003f50 (0xfb834e13) xori    t3, t1, -72
core   0: 3 0x80003f50 (0xfb834e13) x28 0xffffffb9
core   0: 0x80003f54 (0xa9958a97) auipc   s5, 0xa9958
core   0: 3 0x80003f54 (0xa9958a97) x21 0x2995bf54
core   0: 0x80003f58 (0x05299463) bne     s3, s2, pc + 72
core   0: 3 0x80003f58 (0x05299463)
core   0: 0x80003fa0 (0x0270de63) bge     ra, t2, pc + 60
core   0: 3 0x80003fa0 (0x0270de63)
core   0: 0x80003fdc (0x003ef2b3) and     t0, t4, gp
core   0: 3 0x80003fdc (0x003ef2b3) x 5 0x00000001
core   0: 0x80003fe0 (0xe13dc293) xori    t0, s11, -493
core   0: 3 0x80003fe0 (0xe13dc293) x 5 0xfffffe12
core   0: 0x80003fe4 (0x6ff02093) slti    ra, zero, 1791
core   0: 3 0x80003fe4 (0x6ff02093) x 1 0x00000001
core   0: 0x80003fe8 (0x41c75eb3) sra     t4, a4, t3
core   0: 3 0x80003fe8 (0x41c75eb3) x29 0x0000003f
core   0: 0x80003fec (0x00139a93) slli    s5, t2, 1
core   0: 3 0x80003fec (0x00139a93) x21 0x00003154
core   0: 0x80003ff0 (0x0000100f) fence.i
core   0: 3 0x80003ff0 (0x0000100f)
core   0: 0x80003ff4 (0x01bbf463) bgeu    s7, s11, pc + 8
core   0: 3 0x80003ff4 (0x01bbf463)
core   0: 0x80003ffc (0x9f38f597) auipc   a1, 0x9f38f
core   0: 3 0x80003ffc (0x9f38f597) x11 0x1f392ffc
core   0: 0x80004000 (0x0230c863) blt     ra, gp, pc + 48
core   0: 3 0x80004000 (0x0230c863)
core   0: 0x80004030 (0x2694e393) ori     t2, s1, 617
core   0: 3 0x80004030 (0x2694e393) x 7 0x00000269
core   0: 0x80004034 (0xdcb74f13) xori    t5, a4, -565
core   0: 3 0x80004034 (0xdcb74f13) x30 0x80000327
core   0: 0x80004038 (0x90beaf13) slti    t5, t4, -1781
core   0: 3 0x80004038 (0x90beaf13) x30 0x00000000
core   0: 0x8000403c (0x03e20c63) beq     tp, t5, pc + 56
core   0: 3 0x8000403c (0x03e20c63)
core   0: 0x80004040 (0x019af433) and     s0, s5, s9
core   0: 3 0x80004040 (0x019af433) x 8 0x00000000
core   0: 0x80004044 (0x14a9fa93) andi    s5, s3, 330
core   0: 3 0x80004044 (0x14a9fa93) x21 0x00000142
core   0: 0x80004048 (0x012dec33) or      s8, s11, s2
core   0: 3 0x80004048 (0x012dec33) x24 0x6c3aea85
core   0: 0x8000404c (0x02026263) bltu    tp, zero, pc + 36
core   0: 3 0x8000404c (0x02026263)
core   0: 0x80004050 (0x02156013) ori     zero, a0, 33
core   0: 3 0x80004050 (0x02156013)
core   0: 0x80004054 (0x01c5f633) and     a2, a1, t3
core   0: 3 0x80004054 (0x01c5f633) x12 0x1f392fb8
core   0: 0x80004058 (0x014eeab3) or      s5, t4, s4
core   0: 3 0x80004058 (0x014eeab3) x21 0x0000003f
core   0: 0x8000405c (0x63eb74b7) lui     s1, 0x63eb7
core   0: 3 0x8000405c (0x63eb74b7) x 9 0x63eb7000
core   0: 0x80004060 (0xd9963fb7) lui     t6, 0xd9963
core   0: 3 0x80004060 (0xd9963fb7) x31 0xd9963000
core   0: 0x80004064 (0x8b480013) addi    zero, a6, -1868
core   0: 3 0x80004064 (0x8b480013)
core   0: 0x80004068 (0x417bd033) sra     zero, s7, s7
core   0: 3 0x80004068 (0x417bd033)
core   0: 0x8000406c (0xaa645b17) auipc   s6, 0xaa645
core   0: 3 0x8000406c (0xaa645b17) x22 0x2a64906c
core   0: 0x80004070 (0x6701cd13) xori    s10, gp, 1648
core   0: 3 0x80004070 (0x6701cd13) x26 0x00000673
core   0: 0x80004074 (0x00c953b3) srl     t2, s2, a2
core   0: 3 0x80004074 (0x00c953b3) x 7 0x0000006c
core   0: 0x80004078 (0xc33a0e13) addi    t3, s4, -973
core   0: 3 0x80004078 (0xc33a0e13) x28 0xfffffc35
core   0: 0x8000407c (0x04949663) bne     s1, s1, pc + 76
core   0: 3 0x8000407c (0x04949663)
core   0: 0x80004080 (0x004d9693) slli    a3, s11, 4
core   0: 3 0x80004080 (0x004d9693) x13 0x00000010
core   0: 0x80004084 (0x05a0aa13) slti    s4, ra, 90
core   0: 3 0x80004084 (0x05a0aa13) x20 0x00000001
core   0: 0x80004088 (0x04647663) bgeu    s0, t1, pc + 76
core   0: 3 0x80004088 (0x04647663)
core   0: 0x8000408c (0x40308cb3) sub     s9, ra, gp
core   0: 3 0x8000408c (0x40308cb3) x25 0xfffffffe
core   0: 0x80004090 (0x33f7e913) ori     s2, a5, 831
core   0: 3 0x80004090 (0x33f7e913) x18 0x80024f3f
core   0: 0x80004094 (0x04541463) bne     s0, t0, pc + 72
core   0: 3 0x80004094 (0x04541463)
core   0: 0x800040dc (0x00f58a63) beq     a1, a5, pc + 20
core   0: 3 0x800040dc (0x00f58a63)
core   0: 0x800040e0 (0x018bd263) bge     s7, s8, pc + 4
core   0: 3 0x800040e0 (0x018bd263)
core   0: 0x800040e4 (0x25c8fc13) andi    s8, a7, 604
core   0: 3 0x800040e4 (0x25c8fc13) x24 0x00000044
core   0: 0x800040e8 (0x000a5eb3) srl     t4, s4, zero
core   0: 3 0x800040e8 (0x000a5eb3) x29 0x00000001
core   0: 0x800040ec (0xc930ce13) xori    t3, ra, -877
core   0: 3 0x800040ec (0xc930ce13) x28 0xfffffc92
core   0: 0x800040f0 (0x01466333) or      t1, a2, s4
core   0: 3 0x800040f0 (0x01466333) x 6 0x1f392fb9
core   0: 0x800040f4 (0x60454237) lui     tp, 0x60454
core   0: 3 0x800040f4 (0x60454237) x 4 0x60454000
core   0: 0x800040f8 (0x0148db33) srl     s6, a7, s4
core   0: 3 0x800040f8 (0x0148db33) x22 0x40014672
core   0: 0x800040fc (0x012c8a33) add     s4, s9, s2
core   0: 3 0x800040fc (0x012c8a33) x20 0x80024f3d
core   0: 0x80004100 (0x00ebdcb3) srl     s9, s7, a4
core   0: 3 0x80004100 (0x00ebdcb3) x25 0x00000000
core   0: 0x80004104 (0x0075acb3) slt     s9, a1, t2
core   0: 3 0x80004104 (0x0075acb3) x25 0x00000000
core   0: 0x80004108 (0x030c1863) bne     s8, a6, pc + 48
core   0: 3 0x80004108 (0x030c1863)
core   0: 0x80004138 (0x00c7bcb3) sltu    s9, a5, a2
core   0: 3 0x80004138 (0x00c7bcb3) x25 0x00000000
core   0: 0x8000413c (0x01bc52b3) srl     t0, s8, s11
core   0: 3 0x8000413c (0x01bc52b3) x 5 0x00000022
core   0: 0x80004140 (0x00000013) nop
core   0: 3 0x80004140 (0x00000013)
core   0: 0x80004144 (0x0c8fadb7) lui     s11, 0xc8fa
core   0: 3 0x80004144 (0x0c8fadb7) x27 0x0c8fa000
core   0: 0x80004148 (0x00f21393) slli    t2, tp, 15
core   0: 3 0x80004148 (0x00f21393) x 7 0xa0000000
core   0: 0x8000414c (0x0047a983) lw      s3, 4(a5)
core   0: 3 0x8000414c (0x0047a983) x19 0x80001d34 mem 0x80024e38
core   0: 0x80004150 (0x01a2e6b3) or      a3, t0, s10
core   0: 3 0x80004150 (0x01a2e6b3) x13 0x00000673
core   0: 0x80004154 (0x06fab113) sltiu   sp, s5, 111
core   0: 3 0x80004154 (0x06fab113) x 2 0x00000001
core   0: 0x80004158 (0x03078793) addi    a5, a5, 48
core   0: 3 0x80004158 (0x03078793) x15 0x80024e64
core   0: 0x8000415c (0x416e51b3) sra     gp, t3, s6
core   0: 3 0x8000415c (0x416e51b3) x 3 0xffffffff
core   0: 0x80004160 (0x6b234413) xori    s0, t1, 1714
core   0: 3 0x80004160 (0x6b234413) x 8 0x1f39290b
core   0: 0x80004164 (0x00198513) addi    a0, s3, 1
core   0: 3 0x80004164 (0x00198513) x10 0x80001d35
core   0: 0x80004168 (0x00050567) jalr    a0, a0, 0
core   0: 3 0x80004168 (0x00050567) x10 0x8000416c
core   0: 0x80001d34 (0x01e4ebb3) or      s7, s1, t5
core   0: 3 0x80001d34 (0x01e4ebb3) x23 0x63eb7000
core   0: 0x80001d38 (0x417cdab3) sra     s5, s9, s7
core   0: 3 0x80001d38 (0x417cdab3) x21 0x00000000
core   0: 0x80001d3c (0x416709b3) sub     s3, a4, s6
core   0: 3 0x80001d3c (0x416709b3) x19 0x3ffeb87a
core   0: 0x80001d40 (0x00901193) slli    gp, zero, 9
core   0: 3 0x80001d40 (0x00901193) x 3 0x00000000
core   0: 0x80001d44 (0x01105013) srli    zero, zero, 17
core   0: 3 0x80001d44 (0x01105013)
core   0: 0x80001d48 (0x0cc88a13) addi    s4, a7, 204
core   0: 3 0x80001d48 (0x0cc88a13) x20 0x80028db0
core   0: 0x80001d4c (0x01776fb3) or      t6, a4, s7
core   0: 3 0x80001d4c (0x01776fb3) x31 0x7ffffeec
core   0: 0x80001d50 (0x0043ffb3) and     t6, t2, tp
core   0: 3 0x80001d50 (0x0043ffb3) x31 0x20000000
core   0: 0x80001d54 (0x40c6db33) sra     s6, a3, a2
core   0: 3 0x80001d54 (0x40c6db33) x22 0x00000000
core   0: 0x80001d58 (0x2fc87493) andi    s1, a6, 764
core   0: 3 0x80001d58 (0x2fc87493) x 9 0x00000000
core   0: 0x80001d5c (0x01b79e33) sll     t3, a5, s11
core   0: 3 0x80001d5c (0x01b79e33) x28 0x80024e64
core   0: 0x80001d60 (0x01be1033) sll     zero, t3, s11
core   0: 3 0x80001d60 (0x01be1033)
core   0: 0x80001d64 (0x69c5aa17) auipc   s4, 0x69c5a
core   0: 3 0x80001d64 (0x69c5aa17) x20 0xe9c5bd64
core   0: 0x80001d68 (0xc314e013) ori     zero, s1, -975
core   0: 3 0x80001d68 (0xc314e013)
core   0: 0x80001d6c (0x01c44ab3) xor     s5, s0, t3
core   0: 3 0x80001d6c (0x01c44ab3) x21 0x9f3b676f
core   0: 0x80001d70 (0x04945663) bge     s0, s1, pc + 76
core   0: 3 0x80001d70 (0x04945663)
core   0: 0x80001dbc (0x8c6d9b97) auipc   s7, 0x8c6d9
core   0: 3 0x80001dbc (0x8c6d9b97) x23 0x0c6dadbc
core   0: 0x80001dc0 (0x00000013) nop
core   0: 3 0x80001dc0 (0x00000013)
core   0: 0x80001dc4 (0x01c06863) bltu    zero, t3, pc + 16
core   0: 3 0x80001dc4 (0x01c06863)
core   0: 0x80001dd4 (0x0042f863) bgeu    t0, tp, pc + 16
core   0: 3 0x80001dd4 (0x0042f863)
core   0: 0x80001dd8 (0x04d29663) bne     t0, a3, pc + 76
core   0: 3 0x80001dd8 (0x04d29663)
core   0: 0x80001e24 (0xc03ef713) andi    a4, t4, -1021
core   0: 3 0x80001e24 (0xc03ef713) x14 0x00000001
core   0: 0x80001e28 (0x007b11b3) sll     gp, s6, t2
core   0: 3 0x80001e28 (0x007b11b3) x 3 0x00000000
core   0: 0x80001e2c (0x0000100f) fence.i
core   0: 3 0x80001e2c (0x0000100f)
core   0: 0x80001e30 (0x007936b3) sltu    a3, s2, t2
core   0: 3 0x80001e30 (0x007936b3) x13 0x00000001
core   0: 0x80001e34 (0x00000013) nop
core   0: 3 0x80001e34 (0x00000013)
core   0: 0x80001e38 (0x0ff0000f) fence   iorw,iorw
core   0: 3 0x80001e38 (0x0ff0000f)
core   0: 0x80001e3c (0x00754263) blt     a0, t2, pc + 4
core   0: 3 0x80001e3c (0x00754263)
core   0: 0x80001e40 (0xde562593) slti    a1, a2, -539
core   0: 3 0x80001e40 (0xde562593) x11 0x00000000
core   0: 0x80001e44 (0x04436863) bltu    t1, tp, pc + 80
core   0: 3 0x80001e44 (0x04436863)
core   0: 0x80001e94 (0x00a31263) bne     t1, a0, pc + 4
core   0: 3 0x80001e94 (0x00a31263)
core   0: 0x80001e98 (0x00d91a93) slli    s5, s2, 13
core   0: 3 0x80001e98 (0x00d91a93) x21 0x49e7e000
core   0: 0x80001e9c (0x47860393) addi    t2, a2, 1144
core   0: 3 0x80001e9c (0x47860393) x 7 0x1f393430
core   0: 0x80001ea0 (0x0ff0000f) fence   iorw,iorw
core   0: 3 0x80001ea0 (0x0ff0000f)
core   0: 0x80001ea4 (0x418e5533) sra     a0, t3, s8
core   0: 3 0x80001ea4 (0x418e5533) x10 0xf80024e6
core   0: 0x80001ea8 (0x4054d1b3) sra     gp, s1, t0
core   0: 3 0x80001ea8 (0x4054d1b3) x 3 0x00000000
core   0: 0x80001eac (0xee494997) auipc   s3, 0xee494
core   0: 3 0x80001eac (0xee494997) x19 0x6e495eac
core   0: 0x80001eb0 (0x2e602a13) slti    s4, zero, 742
core   0: 3 0x80001eb0 (0x2e602a13) x20 0x00000001
core   0: 0x80001eb4 (0x005a2033) slt     zero, s4, t0
core   0: 3 0x80001eb4 (0x005a2033)
core   0: 0x80001eb8 (0x011fc3b3) xor     t2, t6, a7
core   0: 3 0x80001eb8 (0x011fc3b3) x 7 0xa0028ce4
core   0: 0x80001ebc (0x07facdb7) lui     s11, 0x7fac
core   0: 3 0x80001ebc (0x07facdb7) x27 0x07fac000
core   0: 0x80001ec0 (0x031d5063) bge     s10, a7, pc + 32
core   0: 3 0x80001ec0 (0x031d5063)
core   0: 0x80001ee0 (0xd91adc97) auipc   s9, 0xd91ad
core   0: 3 0x80001ee0 (0xd91adc97) x25 0x591aeee0
core   0: 0x80001ee4 (0x03a31c63) bne     t1, s10, pc + 56
core   0: 3 0x80001ee4 (0x03a31c63)
core   0: 0x80001f1c (0x02914c63) blt     sp, s1, pc + 56
core   0: 3 0x80001f1c (0x02914c63)
core   0: 0x80001f20 (0x009ad333) srl     t1, s5, s1
core   0: 3 0x80001f20 (0x009ad333) x 6 0x49e7e000
core   0: 0x80001f24 (0x0ff0000f) fence   iorw,iorw
core   0: 3 0x80001f24 (0x0ff0000f)
core   0: 0x80001f28 (0x01c98463) beq     s3, t3, pc + 8
core   0: 3 0x80001f28 (0x01c98463)
core   0: 0x80001f2c (0x0000100f) fence.i
core   0: 3 0x80001f2c (0x0000100f)
core   0: 0x80001f30 (0xd856cb13) xori    s6, a3, -635
core   0: 3 0x80001f30 (0xd856cb13) x22 0xfffffd84
core   0: 0x80001f34 (0x411e5c13) srai    s8, t3, 17
core   0: 3 0x80001f34 (0x411e5c13) x24 0xffffc001
core   0: 0x80001f38 (0x41e05733) sra     a4, zero, t5
core   0: 3 0x80001f38 (0x41e05733) x14 0x00000000
core   0: 0x80001f3c (0x396a7613) andi    a2, s4, 918
core   0: 3 0x80001f3c (0x396a7613) x12 0x00000000
core   0: 0x80001f40 (0x01595733) srl     a4, s2, s5
core   0: 3 0x80001f40 (0x01595733) x14 0x80024f3f
core   0: 0x80001f44 (0x706a4e17) auipc   t3, 0x706a4
core   0: 3 0x80001f44 (0x706a4e17) x28 0xf06a5f44
core   0: 0x80001f48 (0x01d3b5b3) sltu    a1, t2, t4
core   0: 3 0x80001f48 (0x01d3b5b3) x11 0x00000000
core   0: 0x80001f4c (0x012c4fb3) xor     t6, s8, s2
core   0: 3 0x80001f4c (0x012c4fb3) x31 0x7ffd8f3e
core   0: 0x80001f50 (0x0000100f) fence.i
core   0: 3 0x80001f50 (0x0000100f)
core   0: 0x80001f54 (0x02cc5e63) bge     s8, a2, pc + 60
core   0: 3 0x80001f54 (0x02cc5e63)
core   0: 0x80001f58 (0x01d57863) bgeu    a0, t4, pc + 16
core   0: 3 0x80001f58 (0x01d57863)
core   0: 0x80001f68 (0x01ce9013) slli    zero, t4, 28
core   0: 3 0x80001f68 (0x01ce9013)
core   0: 0x80001f6c (0x01e8f863) bgeu    a7, t5, pc + 16
core   0: 3 0x80001f6c (0x01e8f863)
core   0: 0x80001f7c (0x015272b3) and     t0, tp, s5
core   0: 3 0x80001f7c (0x015272b3) x 5 0x40454000
core   0: 0x80001f80 (0x17096cb7) lui     s9, 0x17096
core   0: 3 0x80001f80 (0x17096cb7) x25 0x17096000
core   0: 0x80001f84 (0x978faf93) slti    t6, t6, -1672
core   0: 3 0x80001f84 (0x978faf93) x31 0x00000000
core   0: 0x80001f88 (0x001ddf13) srli    t5, s11, 1
core   0: 3 0x80001f88 (0x001ddf13) x30 0x03fd6000
core   0: 0x80001f8c (0x01b4fab3) and     s5, s1, s11
core   0: 3 0x80001f8c (0x01b4fab3) x21 0x00000000
core   0: 0x80001f90 (0x00cc1313) slli    t1, s8, 12
core   0: 3 0x80001f90 (0x00cc1313) x 6 0xfc001000
core   0: 0x80001f94 (0x00504663) blt     zero, t0, pc + 12
core   0: 3 0x80001f94 (0x00504663)
core   0: 0x80001fa0 (0x2d7c7913) andi    s2, s8, 727
core   0: 3 0x80001fa0 (0x2d7c7913) x18 0x00000001
core   0: 0x80001fa4 (0x91510293) addi    t0, sp, -1771
core   0: 3 0x80001fa4 (0x91510293) x 5 0xfffff916
core   0: 0x80001fa8 (0x003cfbb3) and     s7, s9, gp
core   0: 3 0x80001fa8 (0x003cfbb3) x23 0x00000000
core   0: 0x80001fac (0xf2d2bdb7) lui     s11, 0xf2d2b
core   0: 3 0x80001fac (0xf2d2bdb7) x27 0xf2d2b000
core   0: 0x80001fb0 (0x49dc2037) lui     zero, 0x49dc2
core   0: 3 0x80001fb0 (0x49dc2037)
core   0: 0x80001fb4 (0x44def513) andi    a0, t4, 1101
core   0: 3 0x80001fb4 (0x44def513) x10 0x00000001
core   0: 0x80001fb8 (0x04828663) beq     t0, s0, pc + 76
core   0: 3 0x80001fb8 (0x04828663)
core   0: 0x80001fbc (0xd111f313) andi    t1, gp, -751
core   0: 3 0x80001fbc (0xd111f313) x 6 0x00000000
core   0: 0x80001fc0 (0xbc49ea17) auipc   s4, 0xbc49e
core   0: 3 0x80001fc0 (0xbc49ea17) x20 0x3c49ffc0
core   0: 0x80001fc4 (0xc1020d97) auipc   s11, 0xc1020
core   0: 3 0x80001fc4 (0xc1020d97) x27 0x41021fc4
core   0: 0x80001fc8 (0x00997a33) and     s4, s2, s1
core   0: 3 0x80001fc8 (0x00997a33) x20 0x00000000
core   0: 0x80001fcc (0x00915533) srl     a0, sp, s1
core   0: 3 0x80001fcc (0x00915533) x10 0x00000001
core   0: 0x80001fd0 (0x266f7b37) lui     s6, 0x266f7
core   0: 3 0x80001fd0 (0x266f7b37) x22 0x266f7000
core   0: 0x80001fd4 (0x00bbcc63) blt     s7, a1, pc + 24
core   0: 3 0x80001fd4 (0x00bbcc63)
core   0: 0x80001fd8 (0x06bbbb93) sltiu   s7, s7, 107
core   0: 3 0x80001fd8 (0x06bbbb93) x23 0x00000001
core   0: 0x80001fdc (0x015095b3) sll     a1, ra, s5
core   0: 3 0x80001fdc (0x015095b3) x11 0x00000001
core   0: 0x80001fe0 (0x416cd013) srai    zero, s9, 22
core   0: 3 0x80001fe0 (0x416cd013)
core   0: 0x80001fe4 (0x011efdb3) and     s11, t4, a7
core   0: 3 0x80001fe4 (0x011efdb3) x27 0x00000000
core   0: 0x80001fe8 (0x01654663) blt     a0, s6, pc + 12
core   0: 3 0x80001fe8 (0x01654663)
core   0: 0x80001ff4 (0x03625063) bge     tp, s6, pc + 32
core   0: 3 0x80001ff4 (0x03625063)
core   0: 0x80002014 (0x00f9e233) or      tp, s3, a5
core   0: 3 0x80002014 (0x00f9e233) x 4 0xee4b5eec
core   0: 0x80002018 (0x0797c393) xori    t2, a5, 121
core   0: 3 0x80002018 (0x0797c393) x 7 0x80024e1d
core   0: 0x8000201c (0x2d07aa93) slti    s5, a5, 720
core   0: 3 0x8000201c (0x2d07aa93) x21 0x00000001
core   0: 0x80002020 (0x014a5593) srli    a1, s4, 20
core   0: 3 0x80002020 (0x014a5593) x11 0x00000000
core   0: 0x80002024 (0x00dcea33) or      s4, s9, a3
core   0: 3 0x80002024 (0x00dcea33) x20 0x17096001
core   0: 0x80002028 (0x01dec3b3) xor     t2, t4, t4
core   0: 3 0x80002028 (0x01dec3b3) x 7 0x00000000
core   0: 0x8000202c (0x00b9e333) or      t1, s3, a1
core   0: 3 0x8000202c (0x00b9e333) x 6 0x6e495eac
core   0: 0x80002030 (0xdfbb3093) sltiu   ra, s6, -517
core   0: 3 0x80002030 (0xdfbb3093) x 1 0x00000001
core   0: 0x80002034 (0x0053ceb3) xor     t4, t2, t0
core   0: 3 0x80002034 (0x0053ceb3) x29 0xfffff916
core   0: 0x80002038 (0x8ce88e37) lui     t3, 0x8ce88
core   0: 3 0x80002038 (0x8ce88e37) x28 0x8ce88000
core   0: 0x8000203c (0x413784b3) sub     s1, a5, s3
core   0: 3 0x8000203c (0x413784b3) x 9 0x11b8efb8
core   0: 0x80002040 (0x01908c63) beq     ra, s9, pc + 24
core   0: 3 0x80002040 (0x01908c63)
core   0: 0x80002044 (0x0037a533) slt     a0, a5, gp
core   0: 3 0x80002044 (0x0037a533) x10 0x00000001
core   0: 0x80002048 (0x0ff0000f) fence   iorw,iorw
core   0: 3 0x80002048 (0x0ff0000f)
core   0: 0x8000204c (0x28c68593) addi    a1, a3, 652
core   0: 3 0x8000204c (0x28c68593) x11 0x0000028d
core   0: 0x80002050 (0x05890e13) addi    t3, s2, 88
core   0: 3 0x80002050 (0x05890e13) x28 0x00000059
core   0: 0x80002054 (0x01724ab3) xor     s5, tp, s7
core   0: 3 0x80002054 (0x01724ab3) x21 0xee4b5eed
core   0: 0x80002058 (0x01eeb033) sltu    zero, t4, t5
core   0: 3 0x80002058 (0x01eeb033)
core   0: 0x8000205c (0xbce38c93) addi    s9, t2, -1074
core   0: 3 0x8000205c (0xbce38c93) x25 0xfffffbce
core   0: 0x80002060 (0x08750a63) beq     a0, t2, pc + 148
core   0: 3 0x80002060 (0x08750a63)
core   0: 0x80002064 (0xffa00613) li      a2, -6
core   0: 3 0x80002064 (0xffa00613) x12 0xfffffffa
core   0: 0x80002068 (0x01df59b3) srl     s3, t5, t4
core   0: 3 0x80002068 (0x01df59b3) x19 0x0000000f
core   0: 0x8000206c (0x408c8f33) sub     t5, s9, s0
core   0: 3 0x8000206c (0x408c8f33) x30 0xe0c6d2c3
core   0: 0x80002070 (0xb77aea93) ori     s5, s5, -1161
core   0: 3 0x80002070 (0xb77aea93) x21 0xffffffff
core   0: 0x80002074 (0x0168df93) srli    t6, a7, 22
core   0: 3 0x80002074 (0x0168df93) x31 0x00000200
core   0: 0x80002078 (0x0023ea33) or      s4, t2, sp
core   0: 3 0x80002078 (0x0023ea33) x20 0x00000001
core   0: 0x8000207c (0x41b65e13) srai    t3, a2, 27
core   0: 3 0x8000207c (0x41b65e13) x28 0xffffffff
core   0: 0x80002080 (0x3738a693) slti    a3, a7, 883
core   0: 3 0x80002080 (0x3738a693) x13 0x00000001
core   0: 0x80002084 (0x00ac9e33) sll     t3, s9, a0
core   0: 3 0x80002084 (0x00ac9e33) x28 0xfffff79c
core   0: 0x80002088 (0x40d5d293) srai    t0, a1, 13
core   0: 3 0x80002088 (0x40d5d293) x 5 0x00000000
core   0: 0x8000208c (0x91b94b97) auipc   s7, 0x91b94
core   0: 3 0x8000208c (0x91b94b97) x23 0x11b9608c
core   0: 0x80002090 (0x010f3b33) sltu    s6, t5, a6
core   0: 3 0x80002090 (0x010f3b33) x22 0x00000000
core   0: 0x80002094 (0x811e0213) addi    tp, t3, -2031
core   0: 3 0x80002094 (0x811e0213) x 4 0xffffefad
core   0: 0x80002098 (0x01000c93) li      s9, 16
core   0: 3 0x80002098 (0x01000c93) x25 0x00000010
core   0: 0x8000209c (0x40dc5693) srai    a3, s8, 13
core   0: 3 0x8000209c (0x40dc5693) x13 0xfffffffe
core   0: 0x800020a0 (0x00f41033) sll     zero, s0, a5
core   0: 3 0x800020a0 (0x00f41033)
core   0: 0x800020a4 (0x00000013) nop
core   0: 3 0x800020a4 (0x00000013)
core   0: 0x800020a8 (0x00000013) nop
core   0: 3 0x800020a8 (0x00000013)
core   0: 0x800020ac (0x410d5233) sra     tp, s10, a6
core   0: 3 0x800020ac (0x410d5233) x 4 0x00000673
core   0: 0x800020b0 (0x00000013) nop
core   0: 3 0x800020b0 (0x00000013)
core   0: 0x800020b4 (0xc5b8f913) andi    s2, a7, -933
core   0: 3 0x800020b4 (0xc5b8f913) x18 0x80028c40
core   0: 0x800020b8 (0x41760db3) sub     s11, a2, s7
core   0: 3 0x800020b8 (0x41760db3) x27 0xee469f6e
core   0: 0x800020bc (0x012cd413) srli    s0, s9, 18
core   0: 3 0x800020bc (0x012cd413) x 8 0x00000000
core   0: 0x800020c0 (0x00160613) addi    a2, a2, 1
core   0: 3 0x800020c0 (0x00160613) x12 0xfffffffb
core   0: 0x800020c4 (0xe6f12c17) auipc   s8, 0xe6f12
core   0: 3 0x800020c4 (0xe6f12c17) x24 0x66f140c4
core   0: 0x800020c8 (0x906e7597) auipc   a1, 0x906e7
core   0: 3 0x800020c8 (0x906e7597) x11 0x106e90c8
core   0: 0x800020cc (0xa169be13) sltiu   t3, s3, -1514
core   0: 3 0x800020cc (0xa169be13) x28 0x00000001
core   0: 0x800020d0 (0xfd964ce3) blt     a2, s9, pc - 40
core   0: 3 0x800020d0 (0xfd964ce3)
core   0: 0x800020a8 (0x00000013) nop
core   0: 3 0x800020a8 (0x00000013)
core   0: 0x800020ac (0x410d5233) sra     tp, s10, a6
core   0: 3 0x800020ac (0x410d5233) x 4 0x00000673
core   0: 0x800020b0 (0x00000013) nop
core   0: 3 0x800020b0 (0x00000013)
core   0: 0x800020b4 (0xc5b8f913) andi    s2, a7, -933
core   0: 3 0x800020b4 (0xc5b8f913) x18 0x80028c40
core   0: 0x800020b8 (0x41760db3) sub     s11, a2, s7
core   0: 3 0x800020b8 (0x41760db3) x27 0xee469f6f
core   0: 0x800020bc (0x012cd413) srli    s0, s9, 18
core   0: 3 0x800020bc (0x012cd413) x 8 0x00000000
core   0: 0x800020c0 (0x00160613) addi    a2, a2, 1
core   0: 3 0x800020c0 (0x00160613) x12 0xfffffffc
core   0: 0x800020c4 (0xe6f12c17) auipc   s8, 0xe6f12
core   0: 3 0x800020c4 (0xe6f12c17) x24 0x66f140c4
core   0: 0x800020c8 (0x906e7597) auipc   a1, 0x906e7
core   0: 3 0x800020c8 (0x906e7597) x11 0x106e90c8
core   0: 0x800020cc (0xa169be13) sltiu   t3, s3, -1514
core   0: 3 0x800020cc (0xa169be13) x28 0x00000001
core   0: 0x800020d0 (0xfd964ce3) blt     a2, s9, pc - 40
core   0: 3 0x800020d0 (0xfd964ce3)
core   0: 0x800020a8 (0x00000013) nop
core   0: 3 0x800020a8 (0x00000013)
core   0: 0x800020ac (0x410d5233) sra     tp, s10, a6
core   0: 3 0x800020ac (0x410d5233) x 4 0x00000673
core   0: 0x800020b0 (0x00000013) nop
core   0: 3 0x800020b0 (0x00000013)
core   0: 0x800020b4 (0xc5b8f913) andi    s2, a7, -933
core   0: 3 0x800020b4 (0xc5b8f913) x18 0x80028c40
core   0: 0x800020b8 (0x41760db3) sub     s11, a2, s7
core   0: 3 0x800020b8 (0x41760db3) x27 0xee469f70
core   0: 0x800020bc (0x012cd413) srli    s0, s9, 18
core   0: 3 0x800020bc (0x012cd413) x 8 0x00000000
core   0: 0x800020c0 (0x00160613) addi    a2, a2, 1
core   0: 3 0x800020c0 (0x00160613) x12 0xfffffffd
core   0: 0x800020c4 (0xe6f12c17) auipc   s8, 0xe6f12
core   0: 3 0x800020c4 (0xe6f12c17) x24 0x66f140c4
core   0: 0x800020c8 (0x906e7597) auipc   a1, 0x906e7
core   0: 3 0x800020c8 (0x906e7597) x11 0x106e90c8
core   0: 0x800020cc (0xa169be13) sltiu   t3, s3, -1514
core   0: 3 0x800020cc (0xa169be13) x28 0x00000001
core   0: 0x800020d0 (0xfd964ce3) blt     a2, s9, pc - 40
core   0: 3 0x800020d0 (0xfd964ce3)
core   0: 0x800020a8 (0x00000013) nop
core   0: 3 0x800020a8 (0x00000013)
core   0: 0x800020ac (0x410d5233) sra     tp, s10, a6
core   0: 3 0x800020ac (0x410d5233) x 4 0x00000673
core   0: 0x800020b0 (0x00000013) nop
core   0: 3 0x800020b0 (0x00000013)
core   0: 0x800020b4 (0xc5b8f913) andi    s2, a7, -933
core   0: 3 0x800020b4 (0xc5b8f913) x18 0x80028c40
core   0: 0x800020b8 (0x41760db3) sub     s11, a2, s7
core   0: 3 0x800020b8 (0x41760db3) x27 0xee469f71
core   0: 0x800020bc (0x012cd413) srli    s0, s9, 18
core   0: 3 0x800020bc (0x012cd413) x 8 0x00000000
core   0: 0x800020c0 (0x00160613) addi    a2, a2, 1
core   0: 3 0x800020c0 (0x00160613) x12 0xfffffffe
core   0: 0x800020c4 (0xe6f12c17) auipc   s8, 0xe6f12
core   0: 3 0x800020c4 (0xe6f12c17) x24 0x66f140c4
core   0: 0x800020c8 (0x906e7597) auipc   a1, 0x906e7
core   0: 3 0x800020c8 (0x906e7597) x11 0x106e90c8
core   0: 0x800020cc (0xa169be13) sltiu   t3, s3, -1514
core   0: 3 0x800020cc (0xa169be13) x28 0x00000001
core   0: 0x800020d0 (0xfd964ce3) blt     a2, s9, pc - 40
core   0: 3 0x800020d0 (0xfd964ce3)
core   0: 0x800020a8 (0x00000013) nop
core   0: 3 0x800020a8 (0x00000013)
core   0: 0x800020ac (0x410d5233) sra     tp, s10, a6
core   0: 3 0x800020ac (0x410d5233) x 4 0x00000673
core   0: 0x800020b0 (0x00000013) nop
core   0: 3 0x800020b0 (0x00000013)
core   0: 0x800020b4 (0xc5b8f913) andi    s2, a7, -933
core   0: 3 0x800020b4 (0xc5b8f913) x18 0x80028c40
core   0: 0x800020b8 (0x41760db3) sub     s11, a2, s7
core   0: 3 0x800020b8 (0x41760db3) x27 0xee469f72
core   0: 0x800020bc (0x012cd413) srli    s0, s9, 18
core   0: 3 0x800020bc (0x012cd413) x 8 0x00000000
core   0: 0x800020c0 (0x00160613) addi    a2, a2, 1
core   0: 3 0x800020c0 (0x00160613) x12 0xffffffff
core   0: 0x800020c4 (0xe6f12c17) auipc   s8, 0xe6f12
core   0: 3 0x800020c4 (0xe6f12c17) x24 0x66f140c4
core   0: 0x800020c8 (0x906e7597) auipc   a1, 0x906e7
core   0: 3 0x800020c8 (0x906e7597) x11 0x106e90c8
core   0: 0x800020cc (0xa169be13) sltiu   t3, s3, -1514
core   0: 3 0x800020cc (0xa169be13) x28 0x00000001
core   0: 0x800020d0 (0xfd964ce3) blt     a2, s9, pc - 40
core   0: 3 0x800020d0 (0xfd964ce3)
core   0: 0x800020a8 (0x00000013) nop
core   0: 3 0x800020a8 (0x00000013)
core   0: 0x800020ac (0x410d5233) sra     tp, s10, a6
core   0: 3 0x800020ac (0x410d5233) x 4 0x00000673
core   0: 0x800020b0 (0x00000013) nop
core   0: 3 0x800020b0 (0x00000013)
core   0: 0x800020b4 (0xc5b8f913) andi    s2, a7, -933
core   0: 3 0x800020b4 (0xc5b8f913) x18 0x80028c40
core   0: 0x800020b8 (0x41760db3) sub     s11, a2, s7
core   0: 3 0x800020b8 (0x41760db3) x27 0xee469f73
core   0: 0x800020bc (0x012cd413) srli    s0, s9, 18
core   0: 3 0x800020bc (0x012cd413) x 8 0x00000000
core   0: 0x800020c0 (0x00160613) addi    a2, a2, 1
core   0: 3 0x800020c0 (0x00160613) x12 0x00000000
core   0: 0x800020c4 (0xe6f12c17) auipc   s8, 0xe6f12
core   0: 3 0x800020c4 (0xe6f12c17) x24 0x66f140c4
core   0: 0x800020c8 (0x906e7597) auipc   a1, 0x906e7
core   0: 3 0x800020c8 (0x906e7597) x11 0x106e90c8
core   0: 0x800020cc (0xa169be13) sltiu   t3, s3, -1514
core   0: 3 0x800020cc (0xa169be13) x28 0x00000001
core   0: 0x800020d0 (0xfd964ce3) blt     a2, s9, pc - 40
core   0: 3 0x800020d0 (0xfd964ce3)
core   0: 0x800020a8 (0x00000013) nop
core   0: 3 0x800020a8 (0x00000013)
core   0: 0x800020ac (0x410d5233) sra     tp, s10, a6
core   0: 3 0x800020ac (0x410d5233) x 4 0x00000673
core   0: 0x800020b0 (0x00000013) nop
core   0: 3 0x800020b0 (0x00000013)
core   0: 0x800020b4 (0xc5b8f913) andi    s2, a7, -933
core   0: 3 0x800020b4 (0xc5b8f913) x18 0x80028c40
core   0: 0x800020b8 (0x41760db3) sub     s11, a2, s7
core   0: 3 0x800020b8 (0x41760db3) x27 0xee469f74
core   0: 0x800020bc (0x012cd413) srli    s0, s9, 18
core   0: 3 0x800020bc (0x012cd413) x 8 0x00000000
core   0: 0x800020c0 (0x00160613) addi    a2, a2, 1
core   0: 3 0x800020c0 (0x00160613) x12 0x00000001
core   0: 0x800020c4 (0xe6f12c17) auipc   s8, 0xe6f12
core   0: 3 0x800020c4 (0xe6f12c17) x24 0x66f140c4
core   0: 0x800020c8 (0x906e7597) auipc   a1, 0x906e7
core   0: 3 0x800020c8 (0x906e7597) x11 0x106e90c8
core   0: 0x800020cc (0xa169be13) sltiu   t3, s3, -1514
core   0: 3 0x800020cc (0xa169be13) x28 0x00000001
core   0: 0x800020d0 (0xfd964ce3) blt     a2, s9, pc - 40
core   0: 3 0x800020d0 (0xfd964ce3)
core   0: 0x800020a8 (0x00000013) nop
core   0: 3 0x800020a8 (0x00000013)
core   0: 0x800020ac (0x410d5233) sra     tp, s10, a6
core   0: 3 0x800020ac (0x410d5233) x 4 0x00000673
core   0: 0x800020b0 (0x00000013) nop
core   0: 3 0x800020b0 (0x00000013)
core   0: 0x800020b4 (0xc5b8f913) andi    s2, a7, -933
core   0: 3 0x800020b4 (0xc5b8f913) x18 0x80028c40
core   0: 0x800020b8 (0x41760db3) sub     s11, a2, s7
core   0: 3 0x800020b8 (0x41760db3) x27 0xee469f75
core   0: 0x800020bc (0x012cd413) srli    s0, s9, 18
core   0: 3 0x800020bc (0x012cd413) x 8 0x00000000
core   0: 0x800020c0 (0x00160613) addi    a2, a2, 1
core   0: 3 0x800020c0 (0x00160613) x12 0x00000002
core   0: 0x800020c4 (0xe6f12c17) auipc   s8, 0xe6f12
core   0: 3 0x800020c4 (0xe6f12c17) x24 0x66f140c4
core   0: 0x800020c8 (0x906e7597) auipc   a1, 0x906e7
core   0: 3 0x800020c8 (0x906e7597) x11 0x106e90c8
core   0: 0x800020cc (0xa169be13) sltiu   t3, s3, -1514
core   0: 3 0x800020cc (0xa169be13) x28 0x00000001
core   0: 0x800020d0 (0xfd964ce3) blt     a2, s9, pc - 40
core   0: 3 0x800020d0 (0xfd964ce3)
core   0: 0x800020a8 (0x00000013) nop
core   0: 3 0x800020a8 (0x00000013)
core   0: 0x800020ac (0x410d5233) sra     tp, s10, a6
core   0: 3 0x800020ac (0x410d5233) x 4 0x00000673
core   0: 0x800020b0 (0x00000013) nop
core   0: 3 0x800020b0 (0x00000013)
core   0: 0x800020b4 (0xc5b8f913) andi    s2, a7, -933
core   0: 3 0x800020b4 (0xc5b8f913) x18 0x80028c40
core   0: 0x800020b8 (0x41760db3) sub     s11, a2, s7
core   0: 3 0x800020b8 (0x41760db3) x27 0xee469f76
core   0: 0x800020bc (0x012cd413) srli    s0, s9, 18
core   0: 3 0x800020bc (0x012cd413) x 8 0x00000000
core   0: 0x800020c0 (0x00160613) addi    a2, a2, 1
core   0: 3 0x800020c0 (0x00160613) x12 0x00000003
core   0: 0x800020c4 (0xe6f12c17) auipc   s8, 0xe6f12
core   0: 3 0x800020c4 (0xe6f12c17) x24 0x66f140c4
core   0: 0x800020c8 (0x906e7597) auipc   a1, 0x906e7
core   0: 3 0x800020c8 (0x906e7597) x11 0x106e90c8
core   0: 0x800020cc (0xa169be13) sltiu   t3, s3, -1514
core   0: 3 0x800020cc (0xa169be13) x28 0x00000001
core   0: 0x800020d0 (0xfd964ce3) blt     a2, s9, pc - 40
core   0: 3 0x800020d0 (0xfd964ce3)
core   0: 0x800020a8 (0x00000013) nop
core   0: 3 0x800020a8 (0x00000013)
core   0: 0x800020ac (0x410d5233) sra     tp, s10, a6
core   0: 3 0x800020ac (0x410d5233) x 4 0x00000673
core   0: 0x800020b0 (0x00000013) nop
core   0: 3 0x800020b0 (0x00000013)
core   0: 0x800020b4 (0xc5b8f913) andi    s2, a7, -933
core   0: 3 0x800020b4 (0xc5b8f913) x18 0x80028c40
core   0: 0x800020b8 (0x41760db3) sub     s11, a2, s7
core   0: 3 0x800020b8 (0x41760db3) x27 0xee469f77
core   0: 0x800020bc (0x012cd413) srli    s0, s9, 18
core   0: 3 0x800020bc (0x012cd413) x 8 0x00000000
core   0: 0x800020c0 (0x00160613) addi    a2, a2, 1
core   0: 3 0x800020c0 (0x00160613) x12 0x00000004
core   0: 0x800020c4 (0xe6f12c17) auipc   s8, 0xe6f12
core   0: 3 0x800020c4 (0xe6f12c17) x24 0x66f140c4
core   0: 0x800020c8 (0x906e7597) auipc   a1, 0x906e7
core   0: 3 0x800020c8 (0x906e7597) x11 0x106e90c8
core   0: 0x800020cc (0xa169be13) sltiu   t3, s3, -1514
core   0: 3 0x800020cc (0xa169be13) x28 0x00000001
core   0: 0x800020d0 (0xfd964ce3) blt     a2, s9, pc - 40
core   0: 3 0x800020d0 (0xfd964ce3)
core   0: 0x800020a8 (0x00000013) nop
core   0: 3 0x800020a8 (0x00000013)
core   0: 0x800020ac (0x410d5233) sra     tp, s10, a6
core   0: 3 0x800020ac (0x410d5233) x 4 0x00000673
core   0: 0x800020b0 (0x00000013) nop
core   0: 3 0x800020b0 (0x00000013)
core   0: 0x800020b4 (0xc5b8f913) andi    s2, a7, -933
core   0: 3 0x800020b4 (0xc5b8f913) x18 0x80028c40
core   0: 0x800020b8 (0x41760db3) sub     s11, a2, s7
core   0: 3 0x800020b8 (0x41760db3) x27 0xee469f78
core   0: 0x800020bc (0x012cd413) srli    s0, s9, 18
core   0: 3 0x800020bc (0x012cd413) x 8 0x00000000
core   0: 0x800020c0 (0x00160613) addi    a2, a2, 1
core   0: 3 0x800020c0 (0x00160613) x12 0x00000005
core   0: 0x800020c4 (0xe6f12c17) auipc   s8, 0xe6f12
core   0: 3 0x800020c4 (0xe6f12c17) x24 0x66f140c4
core   0: 0x800020c8 (0x906e7597) auipc   a1, 0x906e7
core   0: 3 0x800020c8 (0x906e7597) x11 0x106e90c8
core   0: 0x800020cc (0xa169be13) sltiu   t3, s3, -1514
core   0: 3 0x800020cc (0xa169be13) x28 0x00000001
core   0: 0x800020d0 (0xfd964ce3) blt     a2, s9, pc - 40
core   0: 3 0x800020d0 (0xfd964ce3)
core   0: 0x800020a8 (0x00000013) nop
core   0: 3 0x800020a8 (0x00000013)
core   0: 0x800020ac (0x410d5233) sra     tp, s10, a6
core   0: 3 0x800020ac (0x410d5233) x 4 0x00000673
core   0: 0x800020b0 (0x00000013) nop
core   0: 3 0x800020b0 (0x00000013)
core   0: 0x800020b4 (0xc5b8f913) andi    s2, a7, -933
core   0: 3 0x800020b4 (0xc5b8f913) x18 0x80028c40
core   0: 0x800020b8 (0x41760db3) sub     s11, a2, s7
core   0: 3 0x800020b8 (0x41760db3) x27 0xee469f79
core   0: 0x800020bc (0x012cd413) srli    s0, s9, 18
core   0: 3 0x800020bc (0x012cd413) x 8 0x00000000
core   0: 0x800020c0 (0x00160613) addi    a2, a2, 1
core   0: 3 0x800020c0 (0x00160613) x12 0x00000006
core   0: 0x800020c4 (0xe6f12c17) auipc   s8, 0xe6f12
core   0: 3 0x800020c4 (0xe6f12c17) x24 0x66f140c4
core   0: 0x800020c8 (0x906e7597) auipc   a1, 0x906e7
core   0: 3 0x800020c8 (0x906e7597) x11 0x106e90c8
core   0: 0x800020cc (0xa169be13) sltiu   t3, s3, -1514
core   0: 3 0x800020cc (0xa169be13) x28 0x00000001
core   0: 0x800020d0 (0xfd964ce3) blt     a2, s9, pc - 40
core   0: 3 0x800020d0 (0xfd964ce3)
core   0: 0x800020a8 (0x00000013) nop
core   0: 3 0x800020a8 (0x00000013)
core   0: 0x800020ac (0x410d5233) sra     tp, s10, a6
core   0: 3 0x800020ac (0x410d5233) x 4 0x00000673
core   0: 0x800020b0 (0x00000013) nop
core   0: 3 0x800020b0 (0x00000013)
core   0: 0x800020b4 (0xc5b8f913) andi    s2, a7, -933
core   0: 3 0x800020b4 (0xc5b8f913) x18 0x80028c40
core   0: 0x800020b8 (0x41760db3) sub     s11, a2, s7
core   0: 3 0x800020b8 (0x41760db3) x27 0xee469f7a
core   0: 0x800020bc (0x012cd413) srli    s0, s9, 18
core   0: 3 0x800020bc (0x012cd413) x 8 0x00000000
core   0: 0x800020c0 (0x00160613) addi    a2, a2, 1
core   0: 3 0x800020c0 (0x00160613) x12 0x00000007
core   0: 0x800020c4 (0xe6f12c17) auipc   s8, 0xe6f12
core   0: 3 0x800020c4 (0xe6f12c17) x24 0x66f140c4
core   0: 0x800020c8 (0x906e7597) auipc   a1, 0x906e7
core   0: 3 0x800020c8 (0x906e7597) x11 0x106e90c8
core   0: 0x800020cc (0xa169be13) sltiu   t3, s3, -1514
core   0: 3 0x800020cc (0xa169be13) x28 0x00000001
core   0: 0x800020d0 (0xfd964ce3) blt     a2, s9, pc - 40
core   0: 3 0x800020d0 (0xfd964ce3)
core   0: 0x800020a8 (0x00000013) nop
core   0: 3 0x800020a8 (0x00000013)
core   0: 0x800020ac (0x410d5233) sra     tp, s10, a6
core   0: 3 0x800020ac (0x410d5233) x 4 0x00000673
core   0: 0x800020b0 (0x00000013) nop
core   0: 3 0x800020b0 (0x00000013)
core   0: 0x800020b4 (0xc5b8f913) andi    s2, a7, -933
core   0: 3 0x800020b4 (0xc5b8f913) x18 0x80028c40
core   0: 0x800020b8 (0x41760db3) sub     s11, a2, s7
core   0: 3 0x800020b8 (0x41760db3) x27 0xee469f7b
core   0: 0x800020bc (0x012cd413) srli    s0, s9, 18
core   0: 3 0x800020bc (0x012cd413) x 8 0x00000000
core   0: 0x800020c0 (0x00160613) addi    a2, a2, 1
core   0: 3 0x800020c0 (0x00160613) x12 0x00000008
core   0: 0x800020c4 (0xe6f12c17) auipc   s8, 0xe6f12
core   0: 3 0x800020c4 (0xe6f12c17) x24 0x66f140c4
core   0: 0x800020c8 (0x906e7597) auipc   a1, 0x906e7
core   0: 3 0x800020c8 (0x906e7597) x11 0x106e90c8
core   0: 0x800020cc (0xa169be13) sltiu   t3, s3, -1514
core   0: 3 0x800020cc (0xa169be13) x28 0x00000001
core   0: 0x800020d0 (0xfd964ce3) blt     a2, s9, pc - 40
core   0: 3 0x800020d0 (0xfd964ce3)
core   0: 0x800020a8 (0x00000013) nop
core   0: 3 0x800020a8 (0x00000013)
core   0: 0x800020ac (0x410d5233) sra     tp, s10, a6
core   0: 3 0x800020ac (0x410d5233) x 4 0x00000673
core   0: 0x800020b0 (0x00000013) nop
core   0: 3 0x800020b0 (0x00000013)
core   0: 0x800020b4 (0xc5b8f913) andi    s2, a7, -933
core   0: 3 0x800020b4 (0xc5b8f913) x18 0x80028c40
core   0: 0x800020b8 (0x41760db3) sub     s11, a2, s7
core   0: 3 0x800020b8 (0x41760db3) x27 0xee469f7c
core   0: 0x800020bc (0x012cd413) srli    s0, s9, 18
core   0: 3 0x800020bc (0x012cd413) x 8 0x00000000
core   0: 0x800020c0 (0x00160613) addi    a2, a2, 1
core   0: 3 0x800020c0 (0x00160613) x12 0x00000009
core   0: 0x800020c4 (0xe6f12c17) auipc   s8, 0xe6f12
core   0: 3 0x800020c4 (0xe6f12c17) x24 0x66f140c4
core   0: 0x800020c8 (0x906e7597) auipc   a1, 0x906e7
core   0: 3 0x800020c8 (0x906e7597) x11 0x106e90c8
core   0: 0x800020cc (0xa169be13) sltiu   t3, s3, -1514
core   0: 3 0x800020cc (0xa169be13) x28 0x00000001
core   0: 0x800020d0 (0xfd964ce3) blt     a2, s9, pc - 40
core   0: 3 0x800020d0 (0xfd964ce3)
core   0: 0x800020a8 (0x00000013) nop
core   0: 3 0x800020a8 (0x00000013)
core   0: 0x800020ac (0x410d5233) sra     tp, s10, a6
core   0: 3 0x800020ac (0x410d5233) x 4 0x00000673
core   0: 0x800020b0 (0x00000013) nop
core   0: 3 0x800020b0 (0x00000013)
core   0: 0x800020b4 (0xc5b8f913) andi    s2, a7, -933
core   0: 3 0x800020b4 (0xc5b8f913) x18 0x80028c40
core   0: 0x800020b8 (0x41760db3) sub     s11, a2, s7
core   0: 3 0x800020b8 (0x41760db3) x27 0xee469f7d
core   0: 0x800020bc (0x012cd413) srli    s0, s9, 18
core   0: 3 0x800020bc (0x012cd413) x 8 0x00000000
core   0: 0x800020c0 (0x00160613) addi    a2, a2, 1
core   0: 3 0x800020c0 (0x00160613) x12 0x0000000a
core   0: 0x800020c4 (0xe6f12c17) auipc   s8, 0xe6f12
core   0: 3 0x800020c4 (0xe6f12c17) x24 0x66f140c4
core   0: 0x800020c8 (0x906e7597) auipc   a1, 0x906e7
core   0: 3 0x800020c8 (0x906e7597) x11 0x106e90c8
core   0: 0x800020cc (0xa169be13) sltiu   t3, s3, -1514
core   0: 3 0x800020cc (0xa169be13) x28 0x00000001
core   0: 0x800020d0 (0xfd964ce3) blt     a2, s9, pc - 40
core   0: 3 0x800020d0 (0xfd964ce3)
core   0: 0x800020a8 (0x00000013) nop
core   0: 3 0x800020a8 (0x00000013)
core   0: 0x800020ac (0x410d5233) sra     tp, s10, a6
core   0: 3 0x800020ac (0x410d5233) x 4 0x00000673
core   0: 0x800020b0 (0x00000013) nop
core   0: 3 0x800020b0 (0x00000013)
core   0: 0x800020b4 (0xc5b8f913) andi    s2, a7, -933
core   0: 3 0x800020b4 (0xc5b8f913) x18 0x80028c40
core   0: 0x800020b8 (0x41760db3) sub     s11, a2, s7
core   0: 3 0x800020b8 (0x41760db3) x27 0xee469f7e
core   0: 0x800020bc (0x012cd413) srli    s0, s9, 18
core   0: 3 0x800020bc (0x012cd413) x 8 0x00000000
core   0: 0x800020c0 (0x00160613) addi    a2, a2, 1
core   0: 3 0x800020c0 (0x00160613) x12 0x0000000b
core   0: 0x800020c4 (0xe6f12c17) auipc   s8, 0xe6f12
core   0: 3 0x800020c4 (0xe6f12c17) x24 0x66f140c4
core   0: 0x800020c8 (0x906e7597) auipc   a1, 0x906e7
core   0: 3 0x800020c8 (0x906e7597) x11 0x106e90c8
core   0: 0x800020cc (0xa169be13) sltiu   t3, s3, -1514
core   0: 3 0x800020cc (0xa169be13) x28 0x00000001
core   0: 0x800020d0 (0xfd964ce3) blt     a2, s9, pc - 40
core   0: 3 0x800020d0 (0xfd964ce3)
core   0: 0x800020a8 (0x00000013) nop
core   0: 3 0x800020a8 (0x00000013)
core   0: 0x800020ac (0x410d5233) sra     tp, s10, a6
core   0: 3 0x800020ac (0x410d5233) x 4 0x00000673
core   0: 0x800020b0 (0x00000013) nop
core   0: 3 0x800020b0 (0x00000013)
core   0: 0x800020b4 (0xc5b8f913) andi    s2, a7, -933
core   0: 3 0x800020b4 (0xc5b8f913) x18 0x80028c40
core   0: 0x800020b8 (0x41760db3) sub     s11, a2, s7
core   0: 3 0x800020b8 (0x41760db3) x27 0xee469f7f
core   0: 0x800020bc (0x012cd413) srli    s0, s9, 18
core   0: 3 0x800020bc (0x012cd413) x 8 0x00000000
core   0: 0x800020c0 (0x00160613) addi    a2, a2, 1
core   0: 3 0x800020c0 (0x00160613) x12 0x0000000c
core   0: 0x800020c4 (0xe6f12c17) auipc   s8, 0xe6f12
core   0: 3 0x800020c4 (0xe6f12c17) x24 0x66f140c4
core   0: 0x800020c8 (0x906e7597) auipc   a1, 0x906e7
core   0: 3 0x800020c8 (0x906e7597) x11 0x106e90c8
core   0: 0x800020cc (0xa169be13) sltiu   t3, s3, -1514
core   0: 3 0x800020cc (0xa169be13) x28 0x00000001
core   0: 0x800020d0 (0xfd964ce3) blt     a2, s9, pc - 40
core   0: 3 0x800020d0 (0xfd964ce3)
core   0: 0x800020a8 (0x00000013) nop
core   0: 3 0x800020a8 (0x00000013)
core   0: 0x800020ac (0x410d5233) sra     tp, s10, a6
core   0: 3 0x800020ac (0x410d5233) x 4 0x00000673
core   0: 0x800020b0 (0x00000013) nop
core   0: 3 0x800020b0 (0x00000013)
core   0: 0x800020b4 (0xc5b8f913) andi    s2, a7, -933
core   0: 3 0x800020b4 (0xc5b8f913) x18 0x80028c40
core   0: 0x800020b8 (0x41760db3) sub     s11, a2, s7
core   0: 3 0x800020b8 (0x41760db3) x27 0xee469f80
core   0: 0x800020bc (0x012cd413) srli    s0, s9, 18
core   0: 3 0x800020bc (0x012cd413) x 8 0x00000000
core   0: 0x800020c0 (0x00160613) addi    a2, a2, 1
core   0: 3 0x800020c0 (0x00160613) x12 0x0000000d
core   0: 0x800020c4 (0xe6f12c17) auipc   s8, 0xe6f12
core   0: 3 0x800020c4 (0xe6f12c17) x24 0x66f140c4
core   0: 0x800020c8 (0x906e7597) auipc   a1, 0x906e7
core   0: 3 0x800020c8 (0x906e7597) x11 0x106e90c8
core   0: 0x800020cc (0xa169be13) sltiu   t3, s3, -1514
core   0: 3 0x800020cc (0xa169be13) x28 0x00000001
core   0: 0x800020d0 (0xfd964ce3) blt     a2, s9, pc - 40
core   0: 3 0x800020d0 (0xfd964ce3)
core   0: 0x800020a8 (0x00000013) nop
core   0: 3 0x800020a8 (0x00000013)
core   0: 0x800020ac (0x410d5233) sra     tp, s10, a6
core   0: 3 0x800020ac (0x410d5233) x 4 0x00000673
core   0: 0x800020b0 (0x00000013) nop
core   0: 3 0x800020b0 (0x00000013)
core   0: 0x800020b4 (0xc5b8f913) andi    s2, a7, -933
core   0: 3 0x800020b4 (0xc5b8f913) x18 0x80028c40
core   0: 0x800020b8 (0x41760db3) sub     s11, a2, s7
core   0: 3 0x800020b8 (0x41760db3) x27 0xee469f81
core   0: 0x800020bc (0x012cd413) srli    s0, s9, 18
core   0: 3 0x800020bc (0x012cd413) x 8 0x00000000
core   0: 0x800020c0 (0x00160613) addi    a2, a2, 1
core   0: 3 0x800020c0 (0x00160613) x12 0x0000000e
core   0: 0x800020c4 (0xe6f12c17) auipc   s8, 0xe6f12
core   0: 3 0x800020c4 (0xe6f12c17) x24 0x66f140c4
core   0: 0x800020c8 (0x906e7597) auipc   a1, 0x906e7
core   0: 3 0x800020c8 (0x906e7597) x11 0x106e90c8
core   0: 0x800020cc (0xa169be13) sltiu   t3, s3, -1514
core   0: 3 0x800020cc (0xa169be13) x28 0x00000001
core   0: 0x800020d0 (0xfd964ce3) blt     a2, s9, pc - 40
core   0: 3 0x800020d0 (0xfd964ce3)
core   0: 0x800020a8 (0x00000013) nop
core   0: 3 0x800020a8 (0x00000013)
core   0: 0x800020ac (0x410d5233) sra     tp, s10, a6
core   0: 3 0x800020ac (0x410d5233) x 4 0x00000673
core   0: 0x800020b0 (0x00000013) nop
core   0: 3 0x800020b0 (0x00000013)
core   0: 0x800020b4 (0xc5b8f913) andi    s2, a7, -933
core   0: 3 0x800020b4 (0xc5b8f913) x18 0x80028c40
core   0: 0x800020b8 (0x41760db3) sub     s11, a2, s7
core   0: 3 0x800020b8 (0x41760db3) x27 0xee469f82
core   0: 0x800020bc (0x012cd413) srli    s0, s9, 18
core   0: 3 0x800020bc (0x012cd413) x 8 0x00000000
core   0: 0x800020c0 (0x00160613) addi    a2, a2, 1
core   0: 3 0x800020c0 (0x00160613) x12 0x0000000f
core   0: 0x800020c4 (0xe6f12c17) auipc   s8, 0xe6f12
core   0: 3 0x800020c4 (0xe6f12c17) x24 0x66f140c4
core   0: 0x800020c8 (0x906e7597) auipc   a1, 0x906e7
core   0: 3 0x800020c8 (0x906e7597) x11 0x106e90c8
core   0: 0x800020cc (0xa169be13) sltiu   t3, s3, -1514
core   0: 3 0x800020cc (0xa169be13) x28 0x00000001
core   0: 0x800020d0 (0xfd964ce3) blt     a2, s9, pc - 40
core   0: 3 0x800020d0 (0xfd964ce3)
core   0: 0x800020a8 (0x00000013) nop
core   0: 3 0x800020a8 (0x00000013)
core   0: 0x800020ac (0x410d5233) sra     tp, s10, a6
core   0: 3 0x800020ac (0x410d5233) x 4 0x00000673
core   0: 0x800020b0 (0x00000013) nop
core   0: 3 0x800020b0 (0x00000013)
core   0: 0x800020b4 (0xc5b8f913) andi    s2, a7, -933
core   0: 3 0x800020b4 (0xc5b8f913) x18 0x80028c40
core   0: 0x800020b8 (0x41760db3) sub     s11, a2, s7
core   0: 3 0x800020b8 (0x41760db3) x27 0xee469f83
core   0: 0x800020bc (0x012cd413) srli    s0, s9, 18
core   0: 3 0x800020bc (0x012cd413) x 8 0x00000000
core   0: 0x800020c0 (0x00160613) addi    a2, a2, 1
core   0: 3 0x800020c0 (0x00160613) x12 0x00000010
core   0: 0x800020c4 (0xe6f12c17) auipc   s8, 0xe6f12
core   0: 3 0x800020c4 (0xe6f12c17) x24 0x66f140c4
core   0: 0x800020c8 (0x906e7597) auipc   a1, 0x906e7
core   0: 3 0x800020c8 (0x906e7597) x11 0x106e90c8
core   0: 0x800020cc (0xa169be13) sltiu   t3, s3, -1514
core   0: 3 0x800020cc (0xa169be13) x28 0x00000001
core   0: 0x800020d0 (0xfd964ce3) blt     a2, s9, pc - 40
core   0: 3 0x800020d0 (0xfd964ce3)
core   0: 0x800020d4 (0x01c59d13) slli    s10, a1, 28
core   0: 3 0x800020d4 (0x01c59d13) x26 0x80000000
core   0: 0x800020d8 (0x017c1e33) sll     t3, s8, s7
core   0: 3 0x800020d8 (0x017c1e33) x28 0x140c4000
core   0: 0x800020dc (0x0013de63) bge     t2, ra, pc + 28
core   0: 3 0x800020dc (0x0013de63)
core   0: 0x800020e0 (0x41e8d033) sra     zero, a7, t5
core   0: 3 0x800020e0 (0x41e8d033)
core   0: 0x800020e4 (0x7d2d8913) addi    s2, s11, 2002
core   0: 3 0x800020e4 (0x7d2d8913) x18 0xee46a755
core   0: 0x800020e8 (0x00bd9e33) sll     t3, s11, a1
core   0: 3 0x800020e8 (0x00bd9e33) x28 0x469f8300
core   0: 0x800020ec (0x0000100f) fence.i
core   0: 3 0x800020ec (0x0000100f)
core   0: 0x800020f0 (0x01992b33) slt     s6, s2, s9
core   0: 3 0x800020f0 (0x01992b33) x22 0x00000001
core   0: 0x800020f4 (0x00000013) nop
core   0: 3 0x800020f4 (0x00000013)
core   0: 0x800020f8 (0x011d5193) srli    gp, s10, 17
core   0: 3 0x800020f8 (0x011d5193) x 3 0x00004000
core   0: 0x800020fc (0x00e636b3) sltu    a3, a2, a4
core   0: 3 0x800020fc (0x00e636b3) x13 0x00000001
core   0: 0x80002100 (0x012dd663) bge     s11, s2, pc + 12
core   0: 3 0x80002100 (0x012dd663)
core   0: 0x80002104 (0x019ef463) bgeu    t4, s9, pc + 8
core   0: 3 0x80002104 (0x019ef463)
core   0: 0x8000210c (0x01267433) and     s0, a2, s2
core   0: 3 0x8000210c (0x01267433) x 8 0x00000010
core   0: 0x80002110 (0x5ea14293) xori    t0, sp, 1514
core   0: 3 0x80002110 (0x5ea14293) x 5 0x000005eb
core   0: 0x80002114 (0x01bccc33) xor     s8, s9, s11
core   0: 3 0x80002114 (0x01bccc33) x24 0xee469f93
core   0: 0x80002118 (0x0000100f) fence.i
core   0: 3 0x80002118 (0x0000100f)
core   0: 0x8000211c (0x3b133637) lui     a2, 0x3b133
core   0: 3 0x8000211c (0x3b133637) x12 0x3b133000
core   0: 0x80002120 (0x0486e663) bltu    a3, s0, pc + 76
core   0: 3 0x80002120 (0x0486e663)
core   0: 0x8000216c (0x015735b3) sltu    a1, a4, s5
core   0: 3 0x8000216c (0x015735b3) x11 0x00000001
core   0: 0x80002170 (0x03fe4663) blt     t3, t6, pc + 44
core   0: 3 0x80002170 (0x03fe4663)
core   0: 0x80002174 (0x011aa6b3) slt     a3, s5, a7
core   0: 3 0x80002174 (0x011aa6b3) x13 0x00000000
core   0: 0x80002178 (0x405edf33) sra     t5, t4, t0
core   0: 3 0x80002178 (0x405edf33) x30 0xffffffff
core   0: 0x8000217c (0xaa2afa13) andi    s4, s5, -1374
core   0: 3 0x8000217c (0xaa2afa13) x20 0xfffffaa2
core   0: 0x80002180 (0x00e09993) slli    s3, ra, 14
core   0: 3 0x80002180 (0x00e09993) x19 0x00004000
core   0: 0x80002184 (0x01adacb3) slt     s9, s11, s10
core   0: 3 0x80002184 (0x01adacb3) x25 0x00000000
core   0: 0x80002188 (0x0ff0000f) fence   iorw,iorw
core   0: 3 0x80002188 (0x0ff0000f)
core   0: 0x8000218c (0x01ccdb33) srl     s6, s9, t3
core   0: 3 0x8000218c (0x01ccdb33) x22 0x00000000
core   0: 0x80002190 (0x0119deb3) srl     t4, s3, a7
core   0: 3 0x80002190 (0x0119deb3) x29 0x00000400
core   0: 0x80002194 (0x059f4863) blt     t5, s9, pc + 80
core   0: 3 0x80002194 (0x059f4863)
core   0: 0x800021e4 (0x0189e0b3) or      ra, s3, s8
core   0: 3 0x800021e4 (0x0189e0b3) x 1 0xee46df93
core   0: 0x800021e8 (0x00d04263) blt     zero, a3, pc + 4
core   0: 3 0x800021e8 (0x00d04263)
core   0: 0x800021ec (0x039c0463) beq     s8, s9, pc + 40
core   0: 3 0x800021ec (0x039c0463)
core   0: 0x800021f0 (0x019409b3) add     s3, s0, s9
core   0: 3 0x800021f0 (0x019409b3) x19 0x00000010
core   0: 0x800021f4 (0x007d9393) slli    t2, s11, 7
core   0: 3 0x800021f4 (0x007d9393) x 7 0x234fc180
core   0: 0x800021f8 (0x01cb75b3) and     a1, s6, t3
core   0: 3 0x800021f8 (0x01cb75b3) x11 0x00000000
core   0: 0x800021fc (0x00320c63) beq     tp, gp, pc + 24
core   0: 3 0x800021fc (0x00320c63)
core   0: 0x80002200 (0x0139cbb3) xor     s7, s3, s3
core   0: 3 0x80002200 (0x0139cbb3) x23 0x00000000
core   0: 0x80002204 (0x017e3ab3) sltu    s5, t3, s7
core   0: 3 0x80002204 (0x017e3ab3) x21 0x00000000
core   0: 0x80002208 (0x01191263) bne     s2, a7, pc + 4
core   0: 3 0x80002208 (0x01191263)
core   0: 0x8000220c (0x0178d313) srli    t1, a7, 23
core   0: 3 0x8000220c (0x0178d313) x 6 0x00000100
core   0: 0x80002210 (0x888bf013) andi    zero, s7, -1912
core   0: 3 0x80002210 (0x888bf013)
core   0: 0x80002214 (0xa7957213) andi    tp, a0, -1415
core   0: 3 0x80002214 (0xa7957213) x 4 0x00000001
core   0: 0x80002218 (0x01c95663) bge     s2, t3, pc + 12
core   0: 3 0x80002218 (0x01c95663)
core   0: 0x8000221c (0x00280533) add     a0, a6, sp
core   0: 3 0x8000221c (0x00280533) x10 0x80000001
core   0: 0x80002220 (0x01b5c633) xor     a2, a1, s11
core   0: 3 0x80002220 (0x01b5c633) x12 0xee469f83
core   0: 0x80002224 (0x015efab3) and     s5, t4, s5
core   0: 3 0x80002224 (0x015efab3) x21 0x00000000
core   0: 0x80002228 (0x40d1d993) srai    s3, gp, 13
core   0: 3 0x80002228 (0x40d1d993) x19 0x00000002
core   0: 0x8000222c (0xa5343917) auipc   s2, 0xa5343
core   0: 3 0x8000222c (0xa5343917) x18 0x2534522c
core   0: 0x80002230 (0x00325633) srl     a2, tp, gp
core   0: 3 0x80002230 (0x00325633) x12 0x00000001
core   0: 0x80002234 (0xfa8c6293) ori     t0, s8, -88
core   0: 3 0x80002234 (0xfa8c6293) x 5 0xffffffbb
core   0: 0x80002238 (0x41c40cb3) sub     s9, s0, t3
core   0: 3 0x80002238 (0x41c40cb3) x25 0xb9607d10
core   0: 0x8000223c (0x01ab75b3) and     a1, s6, s10
core   0: 3 0x8000223c (0x01ab75b3) x11 0x00000000
core   0: 0x80002240 (0x01749633) sll     a2, s1, s7
core   0: 3 0x80002240 (0x01749633) x12 0x11b8efb8
core   0: 0x80002244 (0x0ff0000f) fence   iorw,iorw
core   0: 3 0x80002244 (0x0ff0000f)
core   0: 0x80002248 (0x037afe63) bgeu    s5, s7, pc + 60
core   0: 3 0x80002248 (0x037afe63)
core   0: 0x80002284 (0x011d6033) or      zero, s10, a7
core   0: 3 0x80002284 (0x011d6033)
core   0: 0x80002288 (0x0000100f) fence.i
core   0: 3 0x80002288 (0x0000100f)
core   0: 0x8000228c (0x00000013) nop
core   0: 3 0x8000228c (0x00000013)
core   0: 0x80002290 (0x044dd063) bge     s11, tp, pc + 64
core   0: 3 0x80002290 (0x044dd063)
core   0: 0x80002294 (0x01519233) sll     tp, gp, s5
core   0: 3 0x80002294 (0x01519233) x 4 0x00004000
core   0: 0x80002298 (0x41bddf93) srai    t6, s11, 27
core   0: 3 0x80002298 (0x41bddf93) x31 0xfffffffd
core   0: 0x8000229c (0x01cee533) or      a0, t4, t3
core   0: 3 0x8000229c (0x01cee533) x10 0x469f8700
core   0: 0x800022a0 (0x00001d97) auipc   s11, 0x1
core   0: 3 0x800022a0 (0x00001d97) x27 0x800032a0
core   0: 0x800022a4 (0x664d8d93) addi    s11, s11, 1636
core   0: 3 0x800022a4 (0x664d8d93) x27 0x80003904
core   0: 0x800022a8 (0x072b1097) auipc   ra, 0x72b1
core   0: 3 0x800022a8 (0x072b1097) x 1 0x872b32a8
core   0: 0x800022ac (0x8e914113) xori    sp, sp, -1815
core   0: 3 0x800022ac (0x8e914113) x 2 0xfffff8e8
core   0: 0x800022b0 (0x27142f93) slti    t6, s0, 625
core   0: 3 0x800022b0 (0x27142f93) x31 0x00000001
core   0: 0x800022b4 (0x2b3d8d93) addi    s11, s11, 691
core   0: 3 0x800022b4 (0x2b3d8d93) x27 0x80003bb7
core   0: 0x800022b8 (0x0000100f) fence.i
core   0: 3 0x800022b8 (0x0000100f)
core   0: 0x800022bc (0x00fd6463) bltu    s10, a5, pc + 8
core   0: 3 0x800022bc (0x00fd6463)
core   0: 0x800022c4 (0xd4ed89e7) jalr    s3, s11, -690
core   0: 3 0x800022c4 (0xd4ed89e7) x19 0x800022c8
core   0: 0x80003904 (0x01d94db3) xor     s11, s2, t4
core   0: 3 0x80003904 (0x01d94db3) x27 0x2534562c
core   0: 0x80003908 (0xfd078793) addi    a5, a5, -48
core   0: 3 0x80003908 (0xfd078793) x15 0x80024e34
core   0: 0x8000390c (0x0137a223) sw      s3, 4(a5)
core   0: 3 0x8000390c (0x0137a223) mem 0x80024e38 0x800022c8
core   0: 0x80003910 (0x688dba13) sltiu   s4, s11, 1672
core   0: 3 0x80003910 (0x688dba13) x20 0x00000000
core   0: 0x80003914 (0xbc192513) slti    a0, s2, -1087
core   0: 3 0x80003914 (0xbc192513) x10 0x00000000
core   0: 0x80003918 (0x01a74ab3) xor     s5, a4, s10
core   0: 3 0x80003918 (0x01a74ab3) x21 0x00024f3f
core   0: 0x8000391c (0x00001317) auipc   t1, 0x1
core   0: 3 0x8000391c (0x00001317) x 6 0x8000491c
core   0: 0x80003920 (0x85030313) addi    t1, t1, -1968
core   0: 3 0x80003920 (0x85030313) x 6 0x8000416c
core   0: 0x80003924 (0xcea30313) addi    t1, t1, -790
core   0: 3 0x80003924 (0xcea30313) x 6 0x80003e56
core   0: 0x80003928 (0x00000013) nop
core   0: 3 0x80003928 (0x00000013)
core   0: 0x8000392c (0x0ff0000f) fence   iorw,iorw
core   0: 3 0x8000392c (0x0ff0000f)
core   0: 0x80003930 (0x00d89bb3) sll     s7, a7, a3
core   0: 3 0x80003930 (0x00d89bb3) x23 0x80028ce4
core   0: 0x80003934 (0x00b0f033) and     zero, ra, a1
core   0: 3 0x80003934 (0x00b0f033)
core   0: 0x80003938 (0x0000100f) fence.i
core   0: 3 0x80003938 (0x0000100f)
core   0: 0x8000393c (0x01911463) bne     sp, s9, pc + 8
core   0: 3 0x8000393c (0x01911463)
core   0: 0x80003944 (0x316309e7) jalr    s3, t1, 790
core   0: 3 0x80003944 (0x316309e7) x19 0x80003948
core   0: 0x8000416c (0xfd078793) addi    a5, a5, -48
core   0: 3 0x8000416c (0xfd078793) x15 0x80024e04
core   0: 0x80004170 (0x34397093) andi    ra, s2, 835
core   0: 3 0x80004170 (0x34397093) x 1 0x00000200
core   0: 0x80004174 (0x41460933) sub     s2, a2, s4
core   0: 3 0x80004174 (0x41460933) x18 0x11b8efb8
core   0: 0x80004178 (0x15e2aa13) slti    s4, t0, 350
core   0: 3 0x80004178 (0x15e2aa13) x20 0x00000001
core   0: 0x8000417c (0x0058e933) or      s2, a7, t0
core   0: 3 0x8000417c (0x0058e933) x18 0xffffffff
core   0: 0x80004180 (0x0137a223) sw      s3, 4(a5)
core   0: 3 0x80004180 (0x0137a223) mem 0x80024e08 0x80003948
core   0: 0x80004184 (0x91bcee97) auipc   t4, 0x91bce
core   0: 3 0x80004184 (0x91bcee97) x29 0x11bd2184
core   0: 0x80004188 (0x16ab6c13) ori     s8, s6, 362
core   0: 3 0x80004188 (0x16ab6c13) x24 0x0000016a
core   0: 0x8000418c (0x00800e13) li      t3, 8
core   0: 3 0x8000418c (0x00800e13) x28 0x00000008
core   0: 0x80004190 (0xc189e213) ori     tp, s3, -1000
core   0: 3 0x80004190 (0xc189e213) x 4 0xfffffd58
core   0: 0x80004194 (0x01100c93) li      s9, 17
core   0: 3 0x80004194 (0x01100c93) x25 0x00000011
core   0: 0x80004198 (0xa0920b93) addi    s7, tp, -1527
core   0: 3 0x80004198 (0xa0920b93) x23 0xfffff761
core   0: 0x8000419c (0x0143d933) srl     s2, t2, s4
core   0: 3 0x8000419c (0x0143d933) x18 0x11a7e0c0
core   0: 0x800041a0 (0x006e0e13) addi    t3, t3, 6
core   0: 3 0x800041a0 (0x006e0e13) x28 0x0000000e
core   0: 0x800041a4 (0x9b406717) auipc   a4, 0x9b406
core   0: 3 0x800041a4 (0x9b406717) x14 0x1b40a1a4
core   0: 0x800041a8 (0x39ce4a93) xori    s5, t3, 924
core   0: 3 0x800041a8 (0x39ce4a93) x21 0x00000392
core   0: 0x800041ac (0xff9e46e3) blt     t3, s9, pc - 20
core   0: 3 0x800041ac (0xff9e46e3)
core   0: 0x80004198 (0xa0920b93) addi    s7, tp, -1527
core   0: 3 0x80004198 (0xa0920b93) x23 0xfffff761
core   0: 0x8000419c (0x0143d933) srl     s2, t2, s4
core   0: 3 0x8000419c (0x0143d933) x18 0x11a7e0c0
core   0: 0x800041a0 (0x006e0e13) addi    t3, t3, 6
core   0: 3 0x800041a0 (0x006e0e13) x28 0x00000014
core   0: 0x800041a4 (0x9b406717) auipc   a4, 0x9b406
core   0: 3 0x800041a4 (0x9b406717) x14 0x1b40a1a4
core   0: 0x800041a8 (0x39ce4a93) xori    s5, t3, 924
core   0: 3 0x800041a8 (0x39ce4a93) x21 0x00000388
core   0: 0x800041ac (0xff9e46e3) blt     t3, s9, pc - 20
core   0: 3 0x800041ac (0xff9e46e3)
core   0: 0x800041b0 (0x0ff0000f) fence   iorw,iorw
core   0: 3 0x800041b0 (0x0ff0000f)
core   0: 0x800041b4 (0xff900e13) li      t3, -7
core   0: 3 0x800041b4 (0xff900e13) x28 0xfffffff9
core   0: 0x800041b8 (0x0000100f) fence.i
core   0: 3 0x800041b8 (0x0000100f)
core   0: 0x800041bc (0x01345433) srl     s0, s0, s3
core   0: 3 0x800041bc (0x01345433) x 8 0x00000000
core   0: 0x800041c0 (0xffa00f93) li      t6, -6
core   0: 3 0x800041c0 (0xffa00f93) x31 0xfffffffa
core   0: 0x800041c4 (0x00566ab3) or      s5, a2, t0
core   0: 3 0x800041c4 (0x00566ab3) x21 0xffffffbb
core   0: 0x800041c8 (0x40215293) srai    t0, sp, 2
core   0: 3 0x800041c8 (0x40215293) x 5 0xfffffe3a
core   0: 0x800041cc (0x001e0e13) addi    t3, t3, 1
core   0: 3 0x800041cc (0x001e0e13) x28 0xfffffffa
core   0: 0x800041d0 (0x00a00613) li      a2, 10
core   0: 3 0x800041d0 (0x00a00613) x12 0x0000000a
core   0: 0x800041d4 (0x01975e93) srli    t4, a4, 25
core   0: 3 0x800041d4 (0x01975e93) x29 0x0000000d
core   0: 0x800041d8 (0x00800d13) li      s10, 8
core   0: 3 0x800041d8 (0x00800d13) x26 0x00000008
core   0: 0x800041dc (0x006adc93) srli    s9, s5, 6
core   0: 3 0x800041dc (0x006adc93) x25 0x03fffffe
core   0: 0x800041e0 (0x285ccc13) xori    s8, s9, 645
core   0: 3 0x800041e0 (0x285ccc13) x24 0x03fffd7b
core   0: 0x800041e4 (0x0ff0000f) fence   iorw,iorw
core   0: 3 0x800041e4 (0x0ff0000f)
core   0: 0x800041e8 (0x2799f917) auipc   s2, 0x2799f
core   0: 3 0x800041e8 (0x2799f917) x18 0xa79a31e8
core   0: 0x800041ec (0xffe60613) addi    a2, a2, -2
core   0: 3 0x800041ec (0xffe60613) x12 0x00000008
core   0: 0x800041f0 (0x007e1093) slli    ra, t3, 7
core   0: 3 0x800041f0 (0x007e1093) x 1 0xfffffd00
core   0: 0x800041f4 (0xb41fbd93) sltiu   s11, t6, -1215
core   0: 3 0x800041f4 (0xb41fbd93) x27 0x00000000
core   0: 0x800041f8 (0x4175dcb3) sra     s9, a1, s7
core   0: 3 0x800041f8 (0x4175dcb3) x25 0x00000000
core   0: 0x800041fc (0x0000100f) fence.i
core   0: 3 0x800041fc (0x0000100f)
core   0: 0x80004200 (0xffa610e3) bne     a2, s10, pc - 32
core   0: 3 0x80004200 (0xffa610e3)
core   0: 0x80004204 (0x01a55713) srli    a4, a0, 26
core   0: 3 0x80004204 (0x01a55713) x14 0x00000000
core   0: 0x80004208 (0x01ef9a13) slli    s4, t6, 30
core   0: 3 0x80004208 (0x01ef9a13) x20 0x80000000
core   0: 0x8000420c (0xfbfe0ce3) beq     t3, t6, pc - 72
core   0: 3 0x8000420c (0xfbfe0ce3)
core   0: 0x800041c4 (0x00566ab3) or      s5, a2, t0
core   0: 3 0x800041c4 (0x00566ab3) x21 0xfffffe3a
core   0: 0x800041c8 (0x40215293) srai    t0, sp, 2
core   0: 3 0x800041c8 (0x40215293) x 5 0xfffffe3a
core   0: 0x800041cc (0x001e0e13) addi    t3, t3, 1
core   0: 3 0x800041cc (0x001e0e13) x28 0xfffffffb
core   0: 0x800041d0 (0x00a00613) li      a2, 10
core   0: 3 0x800041d0 (0x00a00613) x12 0x0000000a
core   0: 0x800041d4 (0x01975e93) srli    t4, a4, 25
core   0: 3 0x800041d4 (0x01975e93) x29 0x00000000
core   0: 0x800041d8 (0x00800d13) li      s10, 8
core   0: 3 0x800041d8 (0x00800d13) x26 0x00000008
core   0: 0x800041dc (0x006adc93) srli    s9, s5, 6
core   0: 3 0x800041dc (0x006adc93) x25 0x03fffff8
core   0: 0x800041e0 (0x285ccc13) xori    s8, s9, 645
core   0: 3 0x800041e0 (0x285ccc13) x24 0x03fffd7d
core   0: 0x800041e4 (0x0ff0000f) fence   iorw,iorw
core   0: 3 0x800041e4 (0x0ff0000f)
core   0: 0x800041e8 (0x2799f917) auipc   s2, 0x2799f
core   0: 3 0x800041e8 (0x2799f917) x18 0xa79a31e8
core   0: 0x800041ec (0xffe60613) addi    a2, a2, -2
core   0: 3 0x800041ec (0xffe60613) x12 0x00000008
core   0: 0x800041f0 (0x007e1093) slli    ra, t3, 7
core   0: 3 0x800041f0 (0x007e1093) x 1 0xfffffd80
core   0: 0x800041f4 (0xb41fbd93) sltiu   s11, t6, -1215
core   0: 3 0x800041f4 (0xb41fbd93) x27 0x00000000
core   0: 0x800041f8 (0x4175dcb3) sra     s9, a1, s7
core   0: 3 0x800041f8 (0x4175dcb3) x25 0x00000000
core   0: 0x800041fc (0x0000100f) fence.i
core   0: 3 0x800041fc (0x0000100f)
core   0: 0x80004200 (0xffa610e3) bne     a2, s10, pc - 32
core   0: 3 0x80004200 (0xffa610e3)
core   0: 0x80004204 (0x01a55713) srli    a4, a0, 26
core   0: 3 0x80004204 (0x01a55713) x14 0x00000000
core   0: 0x80004208 (0x01ef9a13) slli    s4, t6, 30
core   0: 3 0x80004208 (0x01ef9a13) x20 0x80000000
core   0: 0x8000420c (0xfbfe0ce3) beq     t3, t6, pc - 72
core   0: 3 0x8000420c (0xfbfe0ce3)
core   0: 0x80004210 (0x00094933) xor     s2, s2, zero
core   0: 3 0x80004210 (0x00094933) x18 0xa79a31e8
core   0: 0x80004214 (0xff800193) li      gp, -8
core   0: 3 0x80004214 (0xff800193) x 3 0xfffffff8
core   0: 0x80004218 (0x4df3cb97) auipc   s7, 0x4df3c
core   0: 3 0x80004218 (0x4df3cb97) x23 0xcdf40218
core   0: 0x8000421c (0x00138e33) add     t3, t2, ra
core   0: 3 0x8000421c (0x00138e33) x28 0x234fbf00
core   0: 0x80004220 (0xe355ee93) ori     t4, a1, -459
core   0: 3 0x80004220 (0xe355ee93) x29 0xfffffe35
core   0: 0x80004224 (0xc1303613) sltiu   a2, zero, -1005
core   0: 3 0x80004224 (0xc1303613) x12 0x00000001
core   0: 0x80004228 (0x008b73b3) and     t2, s6, s0
core   0: 3 0x80004228 (0x008b73b3) x 7 0x00000000
core   0: 0x8000422c (0x0ff0000f) fence   iorw,iorw
core   0: 3 0x8000422c (0x0ff0000f)
core   0: 0x80004230 (0x00300093) li      ra, 3
core   0: 3 0x80004230 (0x00300093) x 1 0x00000003
core   0: 0x80004234 (0x00542933) slt     s2, s0, t0
core   0: 3 0x80004234 (0x00542933) x18 0x00000000
core   0: 0x80004238 (0x00a18193) addi    gp, gp, 10
core   0: 3 0x80004238 (0x00a18193) x 3 0x00000002
core   0: 0x8000423c (0x9c80f397) auipc   t2, 0x9c80f
core   0: 3 0x8000423c (0x9c80f397) x 7 0x1c81323c
core   0: 0x80004240 (0xfb53edb7) lui     s11, 0xfb53e
core   0: 3 0x80004240 (0xfb53edb7) x27 0xfb53e000
core   0: 0x80004244 (0x01c78a33) add     s4, a5, t3
core   0: 3 0x80004244 (0x01c78a33) x20 0xa3520d04
core   0: 0x80004248 (0x00900113) li      sp, 9
core   0: 3 0x80004248 (0x00900113) x 2 0x00000009
core   0: 0x8000424c (0x00e00493) li      s1, 14
core   0: 3 0x8000424c (0x00e00493) x 9 0x0000000e
core   0: 0x80004250 (0x401bd513) srai    a0, s7, 1
core   0: 3 0x80004250 (0x401bd513) x10 0xe6fa010c
core   0: 0x80004254 (0x01d62a33) slt     s4, a2, t4
core   0: 3 0x80004254 (0x01d62a33) x20 0x00000000
core   0: 0x80004258 (0x3bb30d93) addi    s11, t1, 955
core   0: 3 0x80004258 (0x3bb30d93) x27 0x80004211
core   0: 0x8000425c (0x00410113) addi    sp, sp, 4
core   0: 3 0x8000425c (0x00410113) x 2 0x0000000d
core   0: 0x80004260 (0x98f1e313) ori     t1, gp, -1649
core   0: 3 0x80004260 (0x98f1e313) x 6 0xfffff98f
core   0: 0x80004264 (0x00123b33) sltu    s6, tp, ra
core   0: 3 0x80004264 (0x00123b33) x22 0x00000000
core   0: 0x80004268 (0x40a8d533) sra     a0, a7, a0
core   0: 3 0x80004268 (0x40a8d533) x10 0xfff80028
core   0: 0x8000426c (0xfe9146e3) blt     sp, s1, pc - 20
core   0: 3 0x8000426c (0xfe9146e3)
core   0: 0x80004258 (0x3bb30d93) addi    s11, t1, 955
core   0: 3 0x80004258 (0x3bb30d93) x27 0xfffffd4a
core   0: 0x8000425c (0x00410113) addi    sp, sp, 4
core   0: 3 0x8000425c (0x00410113) x 2 0x00000011
core   0: 0x80004260 (0x98f1e313) ori     t1, gp, -1649
core   0: 3 0x80004260 (0x98f1e313) x 6 0xfffff98f
core   0: 0x80004264 (0x00123b33) sltu    s6, tp, ra
core   0: 3 0x80004264 (0x00123b33) x22 0x00000000
core   0: 0x80004268 (0x40a8d533) sra     a0, a7, a0
core   0: 3 0x80004268 (0x40a8d533) x10 0xff80028c
core   0: 0x8000426c (0xfe9146e3) blt     sp, s1, pc - 20
core   0: 3 0x8000426c (0xfe9146e3)
core   0: 0x80004270 (0x00ca7733) and     a4, s4, a2
core   0: 3 0x80004270 (0x00ca7733) x14 0x00000000
core   0: 0x80004274 (0x404652b3) sra     t0, a2, tp
core   0: 3 0x80004274 (0x404652b3) x 5 0x00000000
core   0: 0x80004278 (0x037aeab7) lui     s5, 0x37ae
core   0: 3 0x80004278 (0x037aeab7) x21 0x037ae000
core   0: 0x8000427c (0x01ced913) srli    s2, t4, 28
core   0: 3 0x8000427c (0x01ced913) x18 0x0000000f
core   0: 0x80004280 (0x93baae93) slti    t4, s5, -1733
core   0: 3 0x80004280 (0x93baae93) x29 0x00000000
core   0: 0x80004284 (0x0076dc93) srli    s9, a3, 7
core   0: 3 0x80004284 (0x0076dc93) x25 0x00000000
core   0: 0x80004288 (0x00114db3) xor     s11, sp, ra
core   0: 3 0x80004288 (0x00114db3) x27 0x00000012
core   0: 0x8000428c (0x0040ba33) sltu    s4, ra, tp
core   0: 3 0x8000428c (0x0040ba33) x20 0x00000001
core   0: 0x80004290 (0xfa11c2e3) blt     gp, ra, pc - 92
core   0: 3 0x80004290 (0xfa11c2e3)
core   0: 0x80004234 (0x00542933) slt     s2, s0, t0
core   0: 3 0x80004234 (0x00542933) x18 0x00000000
core   0: 0x80004238 (0x00a18193) addi    gp, gp, 10
core   0: 3 0x80004238 (0x00a18193) x 3 0x0000000c
core   0: 0x8000423c (0x9c80f397) auipc   t2, 0x9c80f
core   0: 3 0x8000423c (0x9c80f397) x 7 0x1c81323c
core   0: 0x80004240 (0xfb53edb7) lui     s11, 0xfb53e
core   0: 3 0x80004240 (0xfb53edb7) x27 0xfb53e000
core   0: 0x80004244 (0x01c78a33) add     s4, a5, t3
core   0: 3 0x80004244 (0x01c78a33) x20 0xa3520d04
core   0: 0x80004248 (0x00900113) li      sp, 9
core   0: 3 0x80004248 (0x00900113) x 2 0x00000009
core   0: 0x8000424c (0x00e00493) li      s1, 14
core   0: 3 0x8000424c (0x00e00493) x 9 0x0000000e
core   0: 0x80004250 (0x401bd513) srai    a0, s7, 1
core   0: 3 0x80004250 (0x401bd513) x10 0xe6fa010c
core   0: 0x80004254 (0x01d62a33) slt     s4, a2, t4
core   0: 3 0x80004254 (0x01d62a33) x20 0x00000000
core   0: 0x80004258 (0x3bb30d93) addi    s11, t1, 955
core   0: 3 0x80004258 (0x3bb30d93) x27 0xfffffd4a
core   0: 0x8000425c (0x00410113) addi    sp, sp, 4
core   0: 3 0x8000425c (0x00410113) x 2 0x0000000d
core   0: 0x80004260 (0x98f1e313) ori     t1, gp, -1649
core   0: 3 0x80004260 (0x98f1e313) x 6 0xfffff98f
core   0: 0x80004264 (0x00123b33) sltu    s6, tp, ra
core   0: 3 0x80004264 (0x00123b33) x22 0x00000000
core   0: 0x80004268 (0x40a8d533) sra     a0, a7, a0
core   0: 3 0x80004268 (0x40a8d533) x10 0xfff80028
core   0: 0x8000426c (0xfe9146e3) blt     sp, s1, pc - 20
core   0: 3 0x8000426c (0xfe9146e3)
core   0: 0x80004258 (0x3bb30d93) addi    s11, t1, 955
core   0: 3 0x80004258 (0x3bb30d93) x27 0xfffffd4a
core   0: 0x8000425c (0x00410113) addi    sp, sp, 4
core   0: 3 0x8000425c (0x00410113) x 2 0x00000011
core   0: 0x80004260 (0x98f1e313) ori     t1, gp, -1649
core   0: 3 0x80004260 (0x98f1e313) x 6 0xfffff98f
core   0: 0x80004264 (0x00123b33) sltu    s6, tp, ra
core   0: 3 0x80004264 (0x00123b33) x22 0x00000000
core   0: 0x80004268 (0x40a8d533) sra     a0, a7, a0
core   0: 3 0x80004268 (0x40a8d533) x10 0xff80028c
core   0: 0x8000426c (0xfe9146e3) blt     sp, s1, pc - 20
core   0: 3 0x8000426c (0xfe9146e3)
core   0: 0x80004270 (0x00ca7733) and     a4, s4, a2
core   0: 3 0x80004270 (0x00ca7733) x14 0x00000000
core   0: 0x80004274 (0x404652b3) sra     t0, a2, tp
core   0: 3 0x80004274 (0x404652b3) x 5 0x00000000
core   0: 0x80004278 (0x037aeab7) lui     s5, 0x37ae
core   0: 3 0x80004278 (0x037aeab7) x21 0x037ae000
core   0: 0x8000427c (0x01ced913) srli    s2, t4, 28
core   0: 3 0x8000427c (0x01ced913) x18 0x00000000
core   0: 0x80004280 (0x93baae93) slti    t4, s5, -1733
core   0: 3 0x80004280 (0x93baae93) x29 0x00000000
core   0: 0x80004284 (0x0076dc93) srli    s9, a3, 7
core   0: 3 0x80004284 (0x0076dc93) x25 0x00000000
core   0: 0x80004288 (0x00114db3) xor     s11, sp, ra
core   0: 3 0x80004288 (0x00114db3) x27 0x00000012
core   0: 0x8000428c (0x0040ba33) sltu    s4, ra, tp
core   0: 3 0x8000428c (0x0040ba33) x20 0x00000001
core   0: 0x80004290 (0xfa11c2e3) blt     gp, ra, pc - 92
core   0: 3 0x80004290 (0xfa11c2e3)
core   0: 0x80004294 (0x00bf0033) add     zero, t5, a1
core   0: 3 0x80004294 (0x00bf0033)
core   0: 0x80004298 (0x00700a13) li      s4, 7
core   0: 3 0x80004298 (0x00700a13) x20 0x00000007
core   0: 0x8000429c (0x0000100f) fence.i
core   0: 3 0x8000429c (0x0000100f)
core   0: 0x800042a0 (0x417502b3) sub     t0, a0, s7
core   0: 3 0x800042a0 (0x417502b3) x 5 0x318c0074
core   0: 0x800042a4 (0x826f0013) addi    zero, t5, -2010
core   0: 3 0x800042a4 (0x826f0013)
core   0: 0x800042a8 (0xff100b93) li      s7, -15
core   0: 3 0x800042a8 (0xff100b93) x23 0xfffffff1
core   0: 0x800042ac (0xa0ec6413) ori     s0, s8, -1522
core   0: 3 0x800042ac (0xa0ec6413) x 8 0xffffff7f
core   0: 0x800042b0 (0x00316cb3) or      s9, sp, gp
core   0: 3 0x800042b0 (0x00316cb3) x25 0x0000001d
core   0: 0x800042b4 (0x0ff0000f) fence   iorw,iorw
core   0: 3 0x800042b4 (0x0ff0000f)
core   0: 0x800042b8 (0x01b64ab3) xor     s5, a2, s11
core   0: 3 0x800042b8 (0x01b64ab3) x21 0x00000013
core   0: 0x800042bc (0x017623b3) slt     t2, a2, s7
core   0: 3 0x800042bc (0x017623b3) x 7 0x00000000
core   0: 0x800042c0 (0x0165d993) srli    s3, a1, 22
core   0: 3 0x800042c0 (0x0165d993) x19 0x00000000
core   0: 0x800042c4 (0x674c4a93) xori    s5, s8, 1652
core   0: 3 0x800042c4 (0x674c4a93) x21 0x03fffb09
core   0: 0x800042c8 (0x00619113) slli    sp, gp, 6
core   0: 3 0x800042c8 (0x00619113) x 2 0x00000300
core   0: 0x800042cc (0x70ec54b7) lui     s1, 0x70ec5
core   0: 3 0x800042cc (0x70ec54b7) x 9 0x70ec5000
core   0: 0x800042d0 (0x04247c93) andi    s9, s0, 66
core   0: 3 0x800042d0 (0x04247c93) x25 0x00000042
core   0: 0x800042d4 (0x97ae0593) addi    a1, t3, -1670
core   0: 3 0x800042d4 (0x97ae0593) x11 0x234fb87a
core   0: 0x800042d8 (0x412d5d13) srai    s10, s10, 18
core   0: 3 0x800042d8 (0x412d5d13) x26 0x00000000
core   0: 0x800042dc (0x01081133) sll     sp, a6, a6
core   0: 3 0x800042dc (0x01081133) x 2 0x80000000
core   0: 0x800042e0 (0x0093d0b3) srl     ra, t2, s1
core   0: 3 0x800042e0 (0x0093d0b3) x 1 0x00000000
core   0: 0x800042e4 (0x41d5d393) srai    t2, a1, 29
core   0: 3 0x800042e4 (0x41d5d393) x 7 0x00000001
core   0: 0x800042e8 (0x017df9b3) and     s3, s11, s7
core   0: 3 0x800042e8 (0x017df9b3) x19 0x00000010
core   0: 0x800042ec (0x01f32eb3) slt     t4, t1, t6
core   0: 3 0x800042ec (0x01f32eb3) x29 0x00000001
core   0: 0x800042f0 (0xfffa0a13) addi    s4, s4, -1
core   0: 3 0x800042f0 (0xfffa0a13) x20 0x00000006
core   0: 0x800042f4 (0x99506493) ori     s1, zero, -1643
core   0: 3 0x800042f4 (0x99506493) x 9 0xfffff995
core   0: 0x800042f8 (0x00d4b9b3) sltu    s3, s1, a3
core   0: 3 0x800042f8 (0x00d4b9b3) x19 0x00000000
core   0: 0x800042fc (0x947aa913) slti    s2, s5, -1721
core   0: 3 0x800042fc (0x947aa913) x18 0x00000000
core   0: 0x80004300 (0x31bd3517) auipc   a0, 0x31bd3
core   0: 3 0x80004300 (0x31bd3517) x10 0xb1bd7300
core   0: 0x80004304 (0xe188aa93) slti    s5, a7, -488
core   0: 3 0x80004304 (0xe188aa93) x21 0x00000001
core   0: 0x80004308 (0xff7a10e3) bne     s4, s7, pc - 32
core   0: 3 0x80004308 (0xff7a10e3)
core   0: 0x800042e8 (0x017df9b3) and     s3, s11, s7
core   0: 3 0x800042e8 (0x017df9b3) x19 0x00000010
core   0: 0x800042ec (0x01f32eb3) slt     t4, t1, t6
core   0: 3 0x800042ec (0x01f32eb3) x29 0x00000001
core   0: 0x800042f0 (0xfffa0a13) addi    s4, s4, -1
core   0: 3 0x800042f0 (0xfffa0a13) x20 0x00000005
core   0: 0x800042f4 (0x99506493) ori     s1, zero, -1643
core   0: 3 0x800042f4 (0x99506493) x 9 0xfffff995
core   0: 0x800042f8 (0x00d4b9b3) sltu    s3, s1, a3
core   0: 3 0x800042f8 (0x00d4b9b3) x19 0x00000000
core   0: 0x800042fc (0x947aa913) slti    s2, s5, -1721
core   0: 3 0x800042fc (0x947aa913) x18 0x00000000
core   0: 0x80004300 (0x31bd3517) auipc   a0, 0x31bd3
core   0: 3 0x80004300 (0x31bd3517) x10 0xb1bd7300
core   0: 0x80004304 (0xe188aa93) slti    s5, a7, -488
core   0: 3 0x80004304 (0xe188aa93) x21 0x00000001
core   0: 0x80004308 (0xff7a10e3) bne     s4, s7, pc - 32
core   0: 3 0x80004308 (0xff7a10e3)
core   0: 0x800042e8 (0x017df9b3) and     s3, s11, s7
core   0: 3 0x800042e8 (0x017df9b3) x19 0x00000010
core   0: 0x800042ec (0x01f32eb3) slt     t4, t1, t6
core   0: 3 0x800042ec (0x01f32eb3) x29 0x00000001
core   0: 0x800042f0 (0xfffa0a13) addi    s4, s4, -1
core   0: 3 0x800042f0 (0xfffa0a13) x20 0x00000004
core   0: 0x800042f4 (0x99506493) ori     s1, zero, -1643
core   0: 3 0x800042f4 (0x99506493) x 9 0xfffff995
core   0: 0x800042f8 (0x00d4b9b3) sltu    s3, s1, a3
core   0: 3 0x800042f8 (0x00d4b9b3) x19 0x00000000
core   0: 0x800042fc (0x947aa913) slti    s2, s5, -1721
core   0: 3 0x800042fc (0x947aa913) x18 0x00000000
core   0: 0x80004300 (0x31bd3517) auipc   a0, 0x31bd3
core   0: 3 0x80004300 (0x31bd3517) x10 0xb1bd7300
core   0: 0x80004304 (0xe188aa93) slti    s5, a7, -488
core   0: 3 0x80004304 (0xe188aa93) x21 0x00000001
core   0: 0x80004308 (0xff7a10e3) bne     s4, s7, pc - 32
core   0: 3 0x80004308 (0xff7a10e3)
core   0: 0x800042e8 (0x017df9b3) and     s3, s11, s7
core   0: 3 0x800042e8 (0x017df9b3) x19 0x00000010
core   0: 0x800042ec (0x01f32eb3) slt     t4, t1, t6
core   0: 3 0x800042ec (0x01f32eb3) x29 0x00000001
core   0: 0x800042f0 (0xfffa0a13) addi    s4, s4, -1
core   0: 3 0x800042f0 (0xfffa0a13) x20 0x00000003
core   0: 0x800042f4 (0x99506493) ori     s1, zero, -1643
core   0: 3 0x800042f4 (0x99506493) x 9 0xfffff995
core   0: 0x800042f8 (0x00d4b9b3) sltu    s3, s1, a3
core   0: 3 0x800042f8 (0x00d4b9b3) x19 0x00000000
core   0: 0x800042fc (0x947aa913) slti    s2, s5, -1721
core   0: 3 0x800042fc (0x947aa913) x18 0x00000000
core   0: 0x80004300 (0x31bd3517) auipc   a0, 0x31bd3
core   0: 3 0x80004300 (0x31bd3517) x10 0xb1bd7300
core   0: 0x80004304 (0xe188aa93) slti    s5, a7, -488
core   0: 3 0x80004304 (0xe188aa93) x21 0x00000001
core   0: 0x80004308 (0xff7a10e3) bne     s4, s7, pc - 32
core   0: 3 0x80004308 (0xff7a10e3)
core   0: 0x800042e8 (0x017df9b3) and     s3, s11, s7
core   0: 3 0x800042e8 (0x017df9b3) x19 0x00000010
core   0: 0x800042ec (0x01f32eb3) slt     t4, t1, t6
core   0: 3 0x800042ec (0x01f32eb3) x29 0x00000001
core   0: 0x800042f0 (0xfffa0a13) addi    s4, s4, -1
core   0: 3 0x800042f0 (0xfffa0a13) x20 0x00000002
core   0: 0x800042f4 (0x99506493) ori     s1, zero, -1643
core   0: 3 0x800042f4 (0x99506493) x 9 0xfffff995
core   0: 0x800042f8 (0x00d4b9b3) sltu    s3, s1, a3
core   0: 3 0x800042f8 (0x00d4b9b3) x19 0x00000000
core   0: 0x800042fc (0x947aa913) slti    s2, s5, -1721
core   0: 3 0x800042fc (0x947aa913) x18 0x00000000
core   0: 0x80004300 (0x31bd3517) auipc   a0, 0x31bd3
core   0: 3 0x80004300 (0x31bd3517) x10 0xb1bd7300
core   0: 0x80004304 (0xe188aa93) slti    s5, a7, -488
core   0: 3 0x80004304 (0xe188aa93) x21 0x00000001
core   0: 0x80004308 (0xff7a10e3) bne     s4, s7, pc - 32
core   0: 3 0x80004308 (0xff7a10e3)
core   0: 0x800042e8 (0x017df9b3) and     s3, s11, s7
core   0: 3 0x800042e8 (0x017df9b3) x19 0x00000010
core   0: 0x800042ec (0x01f32eb3) slt     t4, t1, t6
core   0: 3 0x800042ec (0x01f32eb3) x29 0x00000001
core   0: 0x800042f0 (0xfffa0a13) addi    s4, s4, -1
core   0: 3 0x800042f0 (0xfffa0a13) x20 0x00000001
core   0: 0x800042f4 (0x99506493) ori     s1, zero, -1643
core   0: 3 0x800042f4 (0x99506493) x 9 0xfffff995
core   0: 0x800042f8 (0x00d4b9b3) sltu    s3, s1, a3
core   0: 3 0x800042f8 (0x00d4b9b3) x19 0x00000000
core   0: 0x800042fc (0x947aa913) slti    s2, s5, -1721
core   0: 3 0x800042fc (0x947aa913) x18 0x00000000
core   0: 0x80004300 (0x31bd3517) auipc   a0, 0x31bd3
core   0: 3 0x80004300 (0x31bd3517) x10 0xb1bd7300
core   0: 0x80004304 (0xe188aa93) slti    s5, a7, -488
core   0: 3 0x80004304 (0xe188aa93) x21 0x00000001
core   0: 0x80004308 (0xff7a10e3) bne     s4, s7, pc - 32
core   0: 3 0x80004308 (0xff7a10e3)
core   0: 0x800042e8 (0x017df9b3) and     s3, s11, s7
core   0: 3 0x800042e8 (0x017df9b3) x19 0x00000010
core   0: 0x800042ec (0x01f32eb3) slt     t4, t1, t6
core   0: 3 0x800042ec (0x01f32eb3) x29 0x00000001
core   0: 0x800042f0 (0xfffa0a13) addi    s4, s4, -1
core   0: 3 0x800042f0 (0xfffa0a13) x20 0x00000000
core   0: 0x800042f4 (0x99506493) ori     s1, zero, -1643
core   0: 3 0x800042f4 (0x99506493) x 9 0xfffff995
core   0: 0x800042f8 (0x00d4b9b3) sltu    s3, s1, a3
core   0: 3 0x800042f8 (0x00d4b9b3) x19 0x00000000
core   0: 0x800042fc (0x947aa913) slti    s2, s5, -1721
core   0: 3 0x800042fc (0x947aa913) x18 0x00000000
core   0: 0x80004300 (0x31bd3517) auipc   a0, 0x31bd3
core   0: 3 0x80004300 (0x31bd3517) x10 0xb1bd7300
core   0: 0x80004304 (0xe188aa93) slti    s5, a7, -488
core   0: 3 0x80004304 (0xe188aa93) x21 0x00000001
core   0: 0x80004308 (0xff7a10e3) bne     s4, s7, pc - 32
core   0: 3 0x80004308 (0xff7a10e3)
core   0: 0x800042e8 (0x017df9b3) and     s3, s11, s7
core   0: 3 0x800042e8 (0x017df9b3) x19 0x00000010
core   0: 0x800042ec (0x01f32eb3) slt     t4, t1, t6
core   0: 3 0x800042ec (0x01f32eb3) x29 0x00000001
core   0: 0x800042f0 (0xfffa0a13) addi    s4, s4, -1
core   0: 3 0x800042f0 (0xfffa0a13) x20 0xffffffff
core   0: 0x800042f4 (0x99506493) ori     s1, zero, -1643
core   0: 3 0x800042f4 (0x99506493) x 9 0xfffff995
core   0: 0x800042f8 (0x00d4b9b3) sltu    s3, s1, a3
core   0: 3 0x800042f8 (0x00d4b9b3) x19 0x00000000
core   0: 0x800042fc (0x947aa913) slti    s2, s5, -1721
core   0: 3 0x800042fc (0x947aa913) x18 0x00000000
core   0: 0x80004300 (0x31bd3517) auipc   a0, 0x31bd3
core   0: 3 0x80004300 (0x31bd3517) x10 0xb1bd7300
core   0: 0x80004304 (0xe188aa93) slti    s5, a7, -488
core   0: 3 0x80004304 (0xe188aa93) x21 0x00000001
core   0: 0x80004308 (0xff7a10e3) bne     s4, s7, pc - 32
core   0: 3 0x80004308 (0xff7a10e3)
core   0: 0x800042e8 (0x017df9b3) and     s3, s11, s7
core   0: 3 0x800042e8 (0x017df9b3) x19 0x00000010
core   0: 0x800042ec (0x01f32eb3) slt     t4, t1, t6
core   0: 3 0x800042ec (0x01f32eb3) x29 0x00000001
core   0: 0x800042f0 (0xfffa0a13) addi    s4, s4, -1
core   0: 3 0x800042f0 (0xfffa0a13) x20 0xfffffffe
core   0: 0x800042f4 (0x99506493) ori     s1, zero, -1643
core   0: 3 0x800042f4 (0x99506493) x 9 0xfffff995
core   0: 0x800042f8 (0x00d4b9b3) sltu    s3, s1, a3
core   0: 3 0x800042f8 (0x00d4b9b3) x19 0x00000000
core   0: 0x800042fc (0x947aa913) slti    s2, s5, -1721
core   0: 3 0x800042fc (0x947aa913) x18 0x00000000
core   0: 0x80004300 (0x31bd3517) auipc   a0, 0x31bd3
core   0: 3 0x80004300 (0x31bd3517) x10 0xb1bd7300
core   0: 0x80004304 (0xe188aa93) slti    s5, a7, -488
core   0: 3 0x80004304 (0xe188aa93) x21 0x00000001
core   0: 0x80004308 (0xff7a10e3) bne     s4, s7, pc - 32
core   0: 3 0x80004308 (0xff7a10e3)
core   0: 0x800042e8 (0x017df9b3) and     s3, s11, s7
core   0: 3 0x800042e8 (0x017df9b3) x19 0x00000010
core   0: 0x800042ec (0x01f32eb3) slt     t4, t1, t6
core   0: 3 0x800042ec (0x01f32eb3) x29 0x00000001
core   0: 0x800042f0 (0xfffa0a13) addi    s4, s4, -1
core   0: 3 0x800042f0 (0xfffa0a13) x20 0xfffffffd
core   0: 0x800042f4 (0x99506493) ori     s1, zero, -1643
core   0: 3 0x800042f4 (0x99506493) x 9 0xfffff995
core   0: 0x800042f8 (0x00d4b9b3) sltu    s3, s1, a3
core   0: 3 0x800042f8 (0x00d4b9b3) x19 0x00000000
core   0: 0x800042fc (0x947aa913) slti    s2, s5, -1721
core   0: 3 0x800042fc (0x947aa913) x18 0x00000000
core   0: 0x80004300 (0x31bd3517) auipc   a0, 0x31bd3
core   0: 3 0x80004300 (0x31bd3517) x10 0xb1bd7300
core   0: 0x80004304 (0xe188aa93) slti    s5, a7, -488
core   0: 3 0x80004304 (0xe188aa93) x21 0x00000001
core   0: 0x80004308 (0xff7a10e3) bne     s4, s7, pc - 32
core   0: 3 0x80004308 (0xff7a10e3)
core   0: 0x800042e8 (0x017df9b3) and     s3, s11, s7
core   0: 3 0x800042e8 (0x017df9b3) x19 0x00000010
core   0: 0x800042ec (0x01f32eb3) slt     t4, t1, t6
core   0: 3 0x800042ec (0x01f32eb3) x29 0x00000001
core   0: 0x800042f0 (0xfffa0a13) addi    s4, s4, -1
core   0: 3 0x800042f0 (0xfffa0a13) x20 0xfffffffc
core   0: 0x800042f4 (0x99506493) ori     s1, zero, -1643
core   0: 3 0x800042f4 (0x99506493) x 9 0xfffff995
core   0: 0x800042f8 (0x00d4b9b3) sltu    s3, s1, a3
core   0: 3 0x800042f8 (0x00d4b9b3) x19 0x00000000
core   0: 0x800042fc (0x947aa913) slti    s2, s5, -1721
core   0: 3 0x800042fc (0x947aa913) x18 0x00000000
core   0: 0x80004300 (0x31bd3517) auipc   a0, 0x31bd3
core   0: 3 0x80004300 (0x31bd3517) x10 0xb1bd7300
core   0: 0x80004304 (0xe188aa93) slti    s5, a7, -488
core   0: 3 0x80004304 (0xe188aa93) x21 0x00000001
core   0: 0x80004308 (0xff7a10e3) bne     s4, s7, pc - 32
core   0: 3 0x80004308 (0xff7a10e3)
core   0: 0x800042e8 (0x017df9b3) and     s3, s11, s7
core   0: 3 0x800042e8 (0x017df9b3) x19 0x00000010
core   0: 0x800042ec (0x01f32eb3) slt     t4, t1, t6
core   0: 3 0x800042ec (0x01f32eb3) x29 0x00000001
core   0: 0x800042f0 (0xfffa0a13) addi    s4, s4, -1
core   0: 3 0x800042f0 (0xfffa0a13) x20 0xfffffffb
core   0: 0x800042f4 (0x99506493) ori     s1, zero, -1643
core   0: 3 0x800042f4 (0x99506493) x 9 0xfffff995
core   0: 0x800042f8 (0x00d4b9b3) sltu    s3, s1, a3
core   0: 3 0x800042f8 (0x00d4b9b3) x19 0x00000000
core   0: 0x800042fc (0x947aa913) slti    s2, s5, -1721
core   0: 3 0x800042fc (0x947aa913) x18 0x00000000
core   0: 0x80004300 (0x31bd3517) auipc   a0, 0x31bd3
core   0: 3 0x80004300 (0x31bd3517) x10 0xb1bd7300
core   0: 0x80004304 (0xe188aa93) slti    s5, a7, -488
core   0: 3 0x80004304 (0xe188aa93) x21 0x00000001
core   0: 0x80004308 (0xff7a10e3) bne     s4, s7, pc - 32
core   0: 3 0x80004308 (0xff7a10e3)
core   0: 0x800042e8 (0x017df9b3) and     s3, s11, s7
core   0: 3 0x800042e8 (0x017df9b3) x19 0x00000010
core   0: 0x800042ec (0x01f32eb3) slt     t4, t1, t6
core   0: 3 0x800042ec (0x01f32eb3) x29 0x00000001
core   0: 0x800042f0 (0xfffa0a13) addi    s4, s4, -1
core   0: 3 0x800042f0 (0xfffa0a13) x20 0xfffffffa
core   0: 0x800042f4 (0x99506493) ori     s1, zero, -1643
core   0: 3 0x800042f4 (0x99506493) x 9 0xfffff995
core   0: 0x800042f8 (0x00d4b9b3) sltu    s3, s1, a3
core   0: 3 0x800042f8 (0x00d4b9b3) x19 0x00000000
core   0: 0x800042fc (0x947aa913) slti    s2, s5, -1721
core   0: 3 0x800042fc (0x947aa913) x18 0x00000000
core   0: 0x80004300 (0x31bd3517) auipc   a0, 0x31bd3
core   0: 3 0x80004300 (0x31bd3517) x10 0xb1bd7300
core   0: 0x80004304 (0xe188aa93) slti    s5, a7, -488
core   0: 3 0x80004304 (0xe188aa93) x21 0x00000001
core   0: 0x80004308 (0xff7a10e3) bne     s4, s7, pc - 32
core   0: 3 0x80004308 (0xff7a10e3)
core   0: 0x800042e8 (0x017df9b3) and     s3, s11, s7
core   0: 3 0x800042e8 (0x017df9b3) x19 0x00000010
core   0: 0x800042ec (0x01f32eb3) slt     t4, t1, t6
core   0: 3 0x800042ec (0x01f32eb3) x29 0x00000001
core   0: 0x800042f0 (0xfffa0a13) addi    s4, s4, -1
core   0: 3 0x800042f0 (0xfffa0a13) x20 0xfffffff9
core   0: 0x800042f4 (0x99506493) ori     s1, zero, -1643
core   0: 3 0x800042f4 (0x99506493) x 9 0xfffff995
core   0: 0x800042f8 (0x00d4b9b3) sltu    s3, s1, a3
core   0: 3 0x800042f8 (0x00d4b9b3) x19 0x00000000
core   0: 0x800042fc (0x947aa913) slti    s2, s5, -1721
core   0: 3 0x800042fc (0x947aa913) x18 0x00000000
core   0: 0x80004300 (0x31bd3517) auipc   a0, 0x31bd3
core   0: 3 0x80004300 (0x31bd3517) x10 0xb1bd7300
core   0: 0x80004304 (0xe188aa93) slti    s5, a7, -488
core   0: 3 0x80004304 (0xe188aa93) x21 0x00000001
core   0: 0x80004308 (0xff7a10e3) bne     s4, s7, pc - 32
core   0: 3 0x80004308 (0xff7a10e3)
core   0: 0x800042e8 (0x017df9b3) and     s3, s11, s7
core   0: 3 0x800042e8 (0x017df9b3) x19 0x00000010
core   0: 0x800042ec (0x01f32eb3) slt     t4, t1, t6
core   0: 3 0x800042ec (0x01f32eb3) x29 0x00000001
core   0: 0x800042f0 (0xfffa0a13) addi    s4, s4, -1
core   0: 3 0x800042f0 (0xfffa0a13) x20 0xfffffff8
core   0: 0x800042f4 (0x99506493) ori     s1, zero, -1643
core   0: 3 0x800042f4 (0x99506493) x 9 0xfffff995
core   0: 0x800042f8 (0x00d4b9b3) sltu    s3, s1, a3
core   0: 3 0x800042f8 (0x00d4b9b3) x19 0x00000000
core   0: 0x800042fc (0x947aa913) slti    s2, s5, -1721
core   0: 3 0x800042fc (0x947aa913) x18 0x00000000
core   0: 0x80004300 (0x31bd3517) auipc   a0, 0x31bd3
core   0: 3 0x80004300 (0x31bd3517) x10 0xb1bd7300
core   0: 0x80004304 (0xe188aa93) slti    s5, a7, -488
core   0: 3 0x80004304 (0xe188aa93) x21 0x00000001
core   0: 0x80004308 (0xff7a10e3) bne     s4, s7, pc - 32
core   0: 3 0x80004308 (0xff7a10e3)
core   0: 0x800042e8 (0x017df9b3) and     s3, s11, s7
core   0: 3 0x800042e8 (0x017df9b3) x19 0x00000010
core   0: 0x800042ec (0x01f32eb3) slt     t4, t1, t6
core   0: 3 0x800042ec (0x01f32eb3) x29 0x00000001
core   0: 0x800042f0 (0xfffa0a13) addi    s4, s4, -1
core   0: 3 0x800042f0 (0xfffa0a13) x20 0xfffffff7
core   0: 0x800042f4 (0x99506493) ori     s1, zero, -1643
core   0: 3 0x800042f4 (0x99506493) x 9 0xfffff995
core   0: 0x800042f8 (0x00d4b9b3) sltu    s3, s1, a3
core   0: 3 0x800042f8 (0x00d4b9b3) x19 0x00000000
core   0: 0x800042fc (0x947aa913) slti    s2, s5, -1721
core   0: 3 0x800042fc (0x947aa913) x18 0x00000000
core   0: 0x80004300 (0x31bd3517) auipc   a0, 0x31bd3
core   0: 3 0x80004300 (0x31bd3517) x10 0xb1bd7300
core   0: 0x80004304 (0xe188aa93) slti    s5, a7, -488
core   0: 3 0x80004304 (0xe188aa93) x21 0x00000001
core   0: 0x80004308 (0xff7a10e3) bne     s4, s7, pc - 32
core   0: 3 0x80004308 (0xff7a10e3)
core   0: 0x800042e8 (0x017df9b3) and     s3, s11, s7
core   0: 3 0x800042e8 (0x017df9b3) x19 0x00000010
core   0: 0x800042ec (0x01f32eb3) slt     t4, t1, t6
core   0: 3 0x800042ec (0x01f32eb3) x29 0x00000001
core   0: 0x800042f0 (0xfffa0a13) addi    s4, s4, -1
core   0: 3 0x800042f0 (0xfffa0a13) x20 0xfffffff6
core   0: 0x800042f4 (0x99506493) ori     s1, zero, -1643
core   0: 3 0x800042f4 (0x99506493) x 9 0xfffff995
core   0: 0x800042f8 (0x00d4b9b3) sltu    s3, s1, a3
core   0: 3 0x800042f8 (0x00d4b9b3) x19 0x00000000
core   0: 0x800042fc (0x947aa913) slti    s2, s5, -1721
core   0: 3 0x800042fc (0x947aa913) x18 0x00000000
core   0: 0x80004300 (0x31bd3517) auipc   a0, 0x31bd3
core   0: 3 0x80004300 (0x31bd3517) x10 0xb1bd7300
core   0: 0x80004304 (0xe188aa93) slti    s5, a7, -488
core   0: 3 0x80004304 (0xe188aa93) x21 0x00000001
core   0: 0x80004308 (0xff7a10e3) bne     s4, s7, pc - 32
core   0: 3 0x80004308 (0xff7a10e3)
core   0: 0x800042e8 (0x017df9b3) and     s3, s11, s7
core   0: 3 0x800042e8 (0x017df9b3) x19 0x00000010
core   0: 0x800042ec (0x01f32eb3) slt     t4, t1, t6
core   0: 3 0x800042ec (0x01f32eb3) x29 0x00000001
core   0: 0x800042f0 (0xfffa0a13) addi    s4, s4, -1
core   0: 3 0x800042f0 (0xfffa0a13) x20 0xfffffff5
core   0: 0x800042f4 (0x99506493) ori     s1, zero, -1643
core   0: 3 0x800042f4 (0x99506493) x 9 0xfffff995
core   0: 0x800042f8 (0x00d4b9b3) sltu    s3, s1, a3
core   0: 3 0x800042f8 (0x00d4b9b3) x19 0x00000000
core   0: 0x800042fc (0x947aa913) slti    s2, s5, -1721
core   0: 3 0x800042fc (0x947aa913) x18 0x00000000
core   0: 0x80004300 (0x31bd3517) auipc   a0, 0x31bd3
core   0: 3 0x80004300 (0x31bd3517) x10 0xb1bd7300
core   0: 0x80004304 (0xe188aa93) slti    s5, a7, -488
core   0: 3 0x80004304 (0xe188aa93) x21 0x00000001
core   0: 0x80004308 (0xff7a10e3) bne     s4, s7, pc - 32
core   0: 3 0x80004308 (0xff7a10e3)
core   0: 0x800042e8 (0x017df9b3) and     s3, s11, s7
core   0: 3 0x800042e8 (0x017df9b3) x19 0x00000010
core   0: 0x800042ec (0x01f32eb3) slt     t4, t1, t6
core   0: 3 0x800042ec (0x01f32eb3) x29 0x00000001
core   0: 0x800042f0 (0xfffa0a13) addi    s4, s4, -1
core   0: 3 0x800042f0 (0xfffa0a13) x20 0xfffffff4
core   0: 0x800042f4 (0x99506493) ori     s1, zero, -1643
core   0: 3 0x800042f4 (0x99506493) x 9 0xfffff995
core   0: 0x800042f8 (0x00d4b9b3) sltu    s3, s1, a3
core   0: 3 0x800042f8 (0x00d4b9b3) x19 0x00000000
core   0: 0x800042fc (0x947aa913) slti    s2, s5, -1721
core   0: 3 0x800042fc (0x947aa913) x18 0x00000000
core   0: 0x80004300 (0x31bd3517) auipc   a0, 0x31bd3
core   0: 3 0x80004300 (0x31bd3517) x10 0xb1bd7300
core   0: 0x80004304 (0xe188aa93) slti    s5, a7, -488
core   0: 3 0x80004304 (0xe188aa93) x21 0x00000001
core   0: 0x80004308 (0xff7a10e3) bne     s4, s7, pc - 32
core   0: 3 0x80004308 (0xff7a10e3)
core   0: 0x800042e8 (0x017df9b3) and     s3, s11, s7
core   0: 3 0x800042e8 (0x017df9b3) x19 0x00000010
core   0: 0x800042ec (0x01f32eb3) slt     t4, t1, t6
core   0: 3 0x800042ec (0x01f32eb3) x29 0x00000001
core   0: 0x800042f0 (0xfffa0a13) addi    s4, s4, -1
core   0: 3 0x800042f0 (0xfffa0a13) x20 0xfffffff3
core   0: 0x800042f4 (0x99506493) ori     s1, zero, -1643
core   0: 3 0x800042f4 (0x99506493) x 9 0xfffff995
core   0: 0x800042f8 (0x00d4b9b3) sltu    s3, s1, a3
core   0: 3 0x800042f8 (0x00d4b9b3) x19 0x00000000
core   0: 0x800042fc (0x947aa913) slti    s2, s5, -1721
core   0: 3 0x800042fc (0x947aa913) x18 0x00000000
core   0: 0x80004300 (0x31bd3517) auipc   a0, 0x31bd3
core   0: 3 0x80004300 (0x31bd3517) x10 0xb1bd7300
core   0: 0x80004304 (0xe188aa93) slti    s5, a7, -488
core   0: 3 0x80004304 (0xe188aa93) x21 0x00000001
core   0: 0x80004308 (0xff7a10e3) bne     s4, s7, pc - 32
core   0: 3 0x80004308 (0xff7a10e3)
core   0: 0x800042e8 (0x017df9b3) and     s3, s11, s7
core   0: 3 0x800042e8 (0x017df9b3) x19 0x00000010
core   0: 0x800042ec (0x01f32eb3) slt     t4, t1, t6
core   0: 3 0x800042ec (0x01f32eb3) x29 0x00000001
core   0: 0x800042f0 (0xfffa0a13) addi    s4, s4, -1
core   0: 3 0x800042f0 (0xfffa0a13) x20 0xfffffff2
core   0: 0x800042f4 (0x99506493) ori     s1, zero, -1643
core   0: 3 0x800042f4 (0x99506493) x 9 0xfffff995
core   0: 0x800042f8 (0x00d4b9b3) sltu    s3, s1, a3
core   0: 3 0x800042f8 (0x00d4b9b3) x19 0x00000000
core   0: 0x800042fc (0x947aa913) slti    s2, s5, -1721
core   0: 3 0x800042fc (0x947aa913) x18 0x00000000
core   0: 0x80004300 (0x31bd3517) auipc   a0, 0x31bd3
core   0: 3 0x80004300 (0x31bd3517) x10 0xb1bd7300
core   0: 0x80004304 (0xe188aa93) slti    s5, a7, -488
core   0: 3 0x80004304 (0xe188aa93) x21 0x00000001
core   0: 0x80004308 (0xff7a10e3) bne     s4, s7, pc - 32
core   0: 3 0x80004308 (0xff7a10e3)
core   0: 0x800042e8 (0x017df9b3) and     s3, s11, s7
core   0: 3 0x800042e8 (0x017df9b3) x19 0x00000010
core   0: 0x800042ec (0x01f32eb3) slt     t4, t1, t6
core   0: 3 0x800042ec (0x01f32eb3) x29 0x00000001
core   0: 0x800042f0 (0xfffa0a13) addi    s4, s4, -1
core   0: 3 0x800042f0 (0xfffa0a13) x20 0xfffffff1
core   0: 0x800042f4 (0x99506493) ori     s1, zero, -1643
core   0: 3 0x800042f4 (0x99506493) x 9 0xfffff995
core   0: 0x800042f8 (0x00d4b9b3) sltu    s3, s1, a3
core   0: 3 0x800042f8 (0x00d4b9b3) x19 0x00000000
core   0: 0x800042fc (0x947aa913) slti    s2, s5, -1721
core   0: 3 0x800042fc (0x947aa913) x18 0x00000000
core   0: 0x80004300 (0x31bd3517) auipc   a0, 0x31bd3
core   0: 3 0x80004300 (0x31bd3517) x10 0xb1bd7300
core   0: 0x80004304 (0xe188aa93) slti    s5, a7, -488
core   0: 3 0x80004304 (0xe188aa93) x21 0x00000001
core   0: 0x80004308 (0xff7a10e3) bne     s4, s7, pc - 32
core   0: 3 0x80004308 (0xff7a10e3)
core   0: 0x8000430c (0x403b5e13) srai    t3, s6, 3
core   0: 3 0x8000430c (0x403b5e13) x28 0x00000000
core   0: 0x80004310 (0xff600093) li      ra, -10
core   0: 3 0x80004310 (0xff600093) x 1 0xfffffff6
core   0: 0x80004314 (0x86470393) addi    t2, a4, -1948
core   0: 3 0x80004314 (0x86470393) x 7 0xfffff864
core   0: 0x80004318 (0x00d6a733) slt     a4, a3, a3
core   0: 3 0x80004318 (0x00d6a733) x14 0x00000000
core   0: 0x8000431c (0x00ffe133) or      sp, t6, a5
core   0: 3 0x8000431c (0x00ffe133) x 2 0xfffffffe
core   0: 0x80004320 (0xff100213) li      tp, -15
core   0: 3 0x80004320 (0xff100213) x 4 0xfffffff1
core   0: 0x80004324 (0xacedb517) auipc   a0, 0xacedb
core   0: 3 0x80004324 (0xacedb517) x10 0x2cedf324
core   0: 0x80004328 (0x1574d937) lui     s2, 0x1574d
core   0: 3 0x80004328 (0x1574d937) x18 0x1574d000
core   0: 0x8000432c (0x002fd293) srli    t0, t6, 2
core   0: 3 0x8000432c (0x002fd293) x 5 0x3ffffffe
core   0: 0x80004330 (0xffb08093) addi    ra, ra, -5
core   0: 3 0x80004330 (0xffb08093) x 1 0xfffffff1
core   0: 0x80004334 (0x68acb417) auipc   s0, 0x68acb
core   0: 3 0x80004334 (0x68acb417) x 8 0xe8acf334
core   0: 0x80004338 (0x0ff0000f) fence   iorw,iorw
core   0: 3 0x80004338 (0x0ff0000f)
core   0: 0x8000433c (0x00400f13) li      t5, 4
core   0: 3 0x8000433c (0x00400f13) x30 0x00000004
core   0: 0x80004340 (0x00200a93) li      s5, 2
core   0: 3 0x80004340 (0x00200a93) x21 0x00000002
core   0: 0x80004344 (0x01cea6b3) slt     a3, t4, t3
core   0: 3 0x80004344 (0x01cea6b3) x13 0x00000000
core   0: 0x80004348 (0x00000013) nop
core   0: 3 0x80004348 (0x00000013)
core   0: 0x8000434c (0x0ff0000f) fence   iorw,iorw
core   0: 3 0x8000434c (0x0ff0000f)
core   0: 0x80004350 (0x00e082b3) add     t0, ra, a4
core   0: 3 0x80004350 (0x00e082b3) x 5 0xfffffff1
core   0: 0x80004354 (0xffef0f13) addi    t5, t5, -2
core   0: 3 0x80004354 (0xffef0f13) x30 0x00000002
core   0: 0x80004358 (0x98463393) sltiu   t2, a2, -1660
core   0: 3 0x80004358 (0x98463393) x 7 0x00000001
core   0: 0x8000435c (0x00000013) nop
core   0: 3 0x8000435c (0x00000013)
core   0: 0x80004360 (0x8377acb7) lui     s9, 0x8377a
core   0: 3 0x80004360 (0x8377acb7) x25 0x8377a000
core   0: 0x80004364 (0xff5f02e3) beq     t5, s5, pc - 28
core   0: 3 0x80004364 (0xff5f02e3)
core   0: 0x80004348 (0x00000013) nop
core   0: 3 0x80004348 (0x00000013)
core   0: 0x8000434c (0x0ff0000f) fence   iorw,iorw
core   0: 3 0x8000434c (0x0ff0000f)
core   0: 0x80004350 (0x00e082b3) add     t0, ra, a4
core   0: 3 0x80004350 (0x00e082b3) x 5 0xfffffff1
core   0: 0x80004354 (0xffef0f13) addi    t5, t5, -2
core   0: 3 0x80004354 (0xffef0f13) x30 0x00000000
core   0: 0x80004358 (0x98463393) sltiu   t2, a2, -1660
core   0: 3 0x80004358 (0x98463393) x 7 0x00000001
core   0: 0x8000435c (0x00000013) nop
core   0: 3 0x8000435c (0x00000013)
core   0: 0x80004360 (0x8377acb7) lui     s9, 0x8377a
core   0: 3 0x80004360 (0x8377acb7) x25 0x8377a000
core   0: 0x80004364 (0xff5f02e3) beq     t5, s5, pc - 28
core   0: 3 0x80004364 (0xff5f02e3)
core   0: 0x80004368 (0x01e85d13) srli    s10, a6, 30
core   0: 3 0x80004368 (0x01e85d13) x26 0x00000002
core   0: 0x8000436c (0xfa40dee3) bge     ra, tp, pc - 68
core   0: 3 0x8000436c (0xfa40dee3)
core   0: 0x80004328 (0x1574d937) lui     s2, 0x1574d
core   0: 3 0x80004328 (0x1574d937) x18 0x1574d000
core   0: 0x8000432c (0x002fd293) srli    t0, t6, 2
core   0: 3 0x8000432c (0x002fd293) x 5 0x3ffffffe
core   0: 0x80004330 (0xffb08093) addi    ra, ra, -5
core   0: 3 0x80004330 (0xffb08093) x 1 0xffffffec
core   0: 0x80004334 (0x68acb417) auipc   s0, 0x68acb
core   0: 3 0x80004334 (0x68acb417) x 8 0xe8acf334
core   0: 0x80004338 (0x0ff0000f) fence   iorw,iorw
core   0: 3 0x80004338 (0x0ff0000f)
core   0: 0x8000433c (0x00400f13) li      t5, 4
core   0: 3 0x8000433c (0x00400f13) x30 0x00000004
core   0: 0x80004340 (0x00200a93) li      s5, 2
core   0: 3 0x80004340 (0x00200a93) x21 0x00000002
core   0: 0x80004344 (0x01cea6b3) slt     a3, t4, t3
core   0: 3 0x80004344 (0x01cea6b3) x13 0x00000000
core   0: 0x80004348 (0x00000013) nop
core   0: 3 0x80004348 (0x00000013)
core   0: 0x8000434c (0x0ff0000f) fence   iorw,iorw
core   0: 3 0x8000434c (0x0ff0000f)
core   0: 0x80004350 (0x00e082b3) add     t0, ra, a4
core   0: 3 0x80004350 (0x00e082b3) x 5 0xffffffec
core   0: 0x80004354 (0xffef0f13) addi    t5, t5, -2
core   0: 3 0x80004354 (0xffef0f13) x30 0x00000002
core   0: 0x80004358 (0x98463393) sltiu   t2, a2, -1660
core   0: 3 0x80004358 (0x98463393) x 7 0x00000001
core   0: 0x8000435c (0x00000013) nop
core   0: 3 0x8000435c (0x00000013)
core   0: 0x80004360 (0x8377acb7) lui     s9, 0x8377a
core   0: 3 0x80004360 (0x8377acb7) x25 0x8377a000
core   0: 0x80004364 (0xff5f02e3) beq     t5, s5, pc - 28
core   0: 3 0x80004364 (0xff5f02e3)
core   0: 0x80004348 (0x00000013) nop
core   0: 3 0x80004348 (0x00000013)
core   0: 0x8000434c (0x0ff0000f) fence   iorw,iorw
core   0: 3 0x8000434c (0x0ff0000f)
core   0: 0x80004350 (0x00e082b3) add     t0, ra, a4
core   0: 3 0x80004350 (0x00e082b3) x 5 0xffffffec
core   0: 0x80004354 (0xffef0f13) addi    t5, t5, -2
core   0: 3 0x80004354 (0xffef0f13) x30 0x00000000
core   0: 0x80004358 (0x98463393) sltiu   t2, a2, -1660
core   0: 3 0x80004358 (0x98463393) x 7 0x00000001
core   0: 0x8000435c (0x00000013) nop
core   0: 3 0x8000435c (0x00000013)
core   0: 0x80004360 (0x8377acb7) lui     s9, 0x8377a
core   0: 3 0x80004360 (0x8377acb7) x25 0x8377a000
core   0: 0x80004364 (0xff5f02e3) beq     t5, s5, pc - 28
core   0: 3 0x80004364 (0xff5f02e3)
core   0: 0x80004368 (0x01e85d13) srli    s10, a6, 30
core   0: 3 0x80004368 (0x01e85d13) x26 0x00000002
core   0: 0x8000436c (0xfa40dee3) bge     ra, tp, pc - 68
core   0: 3 0x8000436c (0xfa40dee3)
core   0: 0x80004370 (0x6cfff137) lui     sp, 0x6cfff
core   0: 3 0x80004370 (0x6cfff137) x 2 0x6cfff000
core   0: 0x80004374 (0x00700413) li      s0, 7
core   0: 3 0x80004374 (0x00700413) x 8 0x00000007
core   0: 0x80004378 (0x00e00d93) li      s11, 14
core   0: 3 0x80004378 (0x00e00d93) x27 0x0000000e
core   0: 0x8000437c (0x1f170193) addi    gp, a4, 497
core   0: 3 0x8000437c (0x1f170193) x 3 0x000001f1
core   0: 0x80004380 (0xda24de17) auipc   t3, 0xda24d
core   0: 3 0x80004380 (0xda24de17) x28 0x5a251380
core   0: 0x80004384 (0x00140413) addi    s0, s0, 1
core   0: 3 0x80004384 (0x00140413) x 8 0x00000008
core   0: 0x80004388 (0xffb40ae3) beq     s0, s11, pc - 12
core   0: 3 0x80004388 (0xffb40ae3)
core   0: 0x8000438c (0x64c22f13) slti    t5, tp, 1612
core   0: 3 0x8000438c (0x64c22f13) x30 0x00000001
core   0: 0x80004390 (0xffa00493) li      s1, -6
core   0: 3 0x80004390 (0xffa00493) x 9 0xfffffffa
core   0: 0x80004394 (0xff200c93) li      s9, -14
core   0: 3 0x80004394 (0xff200c93) x25 0xfffffff2
core   0: 0x80004398 (0x6f920113) addi    sp, tp, 1785
core   0: 3 0x80004398 (0x6f920113) x 2 0x000006ea
core   0: 0x8000439c (0x7a5f6d93) ori     s11, t5, 1957
core   0: 3 0x8000439c (0x7a5f6d93) x27 0x000007a5
core   0: 0x800043a0 (0xff648493) addi    s1, s1, -10
core   0: 3 0x800043a0 (0xff648493) x 9 0xfffffff0
core   0: 0x800043a4 (0x00fcf733) and     a4, s9, a5
core   0: 3 0x800043a4 (0x00fcf733) x14 0x80024e00
core   0: 0x800043a8 (0xff800a93) li      s5, -8
core   0: 3 0x800043a8 (0xff800a93) x21 0xfffffff8
core   0: 0x800043ac (0xfef00613) li      a2, -17
core   0: 3 0x800043ac (0xfef00613) x12 0xffffffef
core   0: 0x800043b0 (0x00000013) nop
core   0: 3 0x800043b0 (0x00000013)
core   0: 0x800043b4 (0x01382733) slt     a4, a6, s3
core   0: 3 0x800043b4 (0x01382733) x14 0x00000001
core   0: 0x800043b8 (0xff7a8a93) addi    s5, s5, -9
core   0: 3 0x800043b8 (0xff7a8a93) x21 0xffffffef
core   0: 0x800043bc (0xf24b3d97) auipc   s11, 0xf24b3
core   0: 3 0x800043bc (0xf24b3d97) x27 0x724b73bc
core   0: 0x800043c0 (0xfecadae3) bge     s5, a2, pc - 12
core   0: 3 0x800043c0 (0xfecadae3)
core   0: 0x800043b4 (0x01382733) slt     a4, a6, s3
core   0: 3 0x800043b4 (0x01382733) x14 0x00000001
core   0: 0x800043b8 (0xff7a8a93) addi    s5, s5, -9
core   0: 3 0x800043b8 (0xff7a8a93) x21 0xffffffe6
core   0: 0x800043bc (0xf24b3d97) auipc   s11, 0xf24b3
core   0: 3 0x800043bc (0xf24b3d97) x27 0x724b73bc
core   0: 0x800043c0 (0xfecadae3) bge     s5, a2, pc - 12
core   0: 3 0x800043c0 (0xfecadae3)
core   0: 0x800043c4 (0xfd94dce3) bge     s1, s9, pc - 40
core   0: 3 0x800043c4 (0xfd94dce3)
core   0: 0x800043c8 (0x01ce9033) sll     zero, t4, t3
core   0: 3 0x800043c8 (0x01ce9033)
core   0: 0x800043cc (0x00800913) li      s2, 8
core   0: 3 0x800043cc (0x00800913) x18 0x00000008
core   0: 0x800043d0 (0x0ff0000f) fence   iorw,iorw
core   0: 3 0x800043d0 (0x0ff0000f)
core   0: 0x800043d4 (0xff800293) li      t0, -8
core   0: 3 0x800043d4 (0xff800293) x 5 0xfffffff8
core   0: 0x800043d8 (0x0040cfb3) xor     t6, ra, tp
core   0: 3 0x800043d8 (0x0040cfb3) x31 0x0000001d
core   0: 0x800043dc (0x00f4ee33) or      t3, s1, a5
core   0: 3 0x800043dc (0x00f4ee33) x28 0xfffffff4
core   0: 0x800043e0 (0xffc90913) addi    s2, s2, -4
core   0: 3 0x800043e0 (0xffc90913) x18 0x00000004
core   0: 0x800043e4 (0x00200613) li      a2, 2
core   0: 3 0x800043e4 (0x00200613) x12 0x00000002
core   0: 0x800043e8 (0x00600e93) li      t4, 6
core   0: 3 0x800043e8 (0x00600e93) x29 0x00000006
core   0: 0x800043ec (0x00df7bb3) and     s7, t5, a3
core   0: 3 0x800043ec (0x00df7bb3) x23 0x00000000
core   0: 0x800043f0 (0x007dbc33) sltu    s8, s11, t2
core   0: 3 0x800043f0 (0x007dbc33) x24 0x00000000
core   0: 0x800043f4 (0x4b751e37) lui     t3, 0x4b751
core   0: 3 0x800043f4 (0x4b751e37) x28 0x4b751000
core   0: 0x800043f8 (0x01aa1013) slli    zero, s4, 26
core   0: 3 0x800043f8 (0x01aa1013)
core   0: 0x800043fc (0x00460613) addi    a2, a2, 4
core   0: 3 0x800043fc (0x00460613) x12 0x00000006
core   0: 0x80004400 (0xffd608e3) beq     a2, t4, pc - 16
core   0: 3 0x80004400 (0xffd608e3)
core   0: 0x800043f0 (0x007dbc33) sltu    s8, s11, t2
core   0: 3 0x800043f0 (0x007dbc33) x24 0x00000000
core   0: 0x800043f4 (0x4b751e37) lui     t3, 0x4b751
core   0: 3 0x800043f4 (0x4b751e37) x28 0x4b751000
core   0: 0x800043f8 (0x01aa1013) slli    zero, s4, 26
core   0: 3 0x800043f8 (0x01aa1013)
core   0: 0x800043fc (0x00460613) addi    a2, a2, 4
core   0: 3 0x800043fc (0x00460613) x12 0x0000000a
core   0: 0x80004400 (0xffd608e3) beq     a2, t4, pc - 16
core   0: 3 0x80004400 (0xffd608e3)
core   0: 0x80004404 (0x00345593) srli    a1, s0, 3
core   0: 3 0x80004404 (0x00345593) x11 0x00000001
core   0: 0x80004408 (0x011f5cb3) srl     s9, t5, a7
core   0: 3 0x80004408 (0x011f5cb3) x25 0x00000000
core   0: 0x8000440c (0xfc5956e3) bge     s2, t0, pc - 52
core   0: 3 0x8000440c (0xfc5956e3)
core   0: 0x800043d8 (0x0040cfb3) xor     t6, ra, tp
core   0: 3 0x800043d8 (0x0040cfb3) x31 0x0000001d
core   0: 0x800043dc (0x00f4ee33) or      t3, s1, a5
core   0: 3 0x800043dc (0x00f4ee33) x28 0xfffffff4
core   0: 0x800043e0 (0xffc90913) addi    s2, s2, -4
core   0: 3 0x800043e0 (0xffc90913) x18 0x00000000
core   0: 0x800043e4 (0x00200613) li      a2, 2
core   0: 3 0x800043e4 (0x00200613) x12 0x00000002
core   0: 0x800043e8 (0x00600e93) li      t4, 6
core   0: 3 0x800043e8 (0x00600e93) x29 0x00000006
core   0: 0x800043ec (0x00df7bb3) and     s7, t5, a3
core   0: 3 0x800043ec (0x00df7bb3) x23 0x00000000
core   0: 0x800043f0 (0x007dbc33) sltu    s8, s11, t2
core   0: 3 0x800043f0 (0x007dbc33) x24 0x00000000
core   0: 0x800043f4 (0x4b751e37) lui     t3, 0x4b751
core   0: 3 0x800043f4 (0x4b751e37) x28 0x4b751000
core   0: 0x800043f8 (0x01aa1013) slli    zero, s4, 26
core   0: 3 0x800043f8 (0x01aa1013)
core   0: 0x800043fc (0x00460613) addi    a2, a2, 4
core   0: 3 0x800043fc (0x00460613) x12 0x00000006
core   0: 0x80004400 (0xffd608e3) beq     a2, t4, pc - 16
core   0: 3 0x80004400 (0xffd608e3)
core   0: 0x800043f0 (0x007dbc33) sltu    s8, s11, t2
core   0: 3 0x800043f0 (0x007dbc33) x24 0x00000000
core   0: 0x800043f4 (0x4b751e37) lui     t3, 0x4b751
core   0: 3 0x800043f4 (0x4b751e37) x28 0x4b751000
core   0: 0x800043f8 (0x01aa1013) slli    zero, s4, 26
core   0: 3 0x800043f8 (0x01aa1013)
core   0: 0x800043fc (0x00460613) addi    a2, a2, 4
core   0: 3 0x800043fc (0x00460613) x12 0x0000000a
core   0: 0x80004400 (0xffd608e3) beq     a2, t4, pc - 16
core   0: 3 0x80004400 (0xffd608e3)
core   0: 0x80004404 (0x00345593) srli    a1, s0, 3
core   0: 3 0x80004404 (0x00345593) x11 0x00000001
core   0: 0x80004408 (0x011f5cb3) srl     s9, t5, a7
core   0: 3 0x80004408 (0x011f5cb3) x25 0x00000000
core   0: 0x8000440c (0xfc5956e3) bge     s2, t0, pc - 52
core   0: 3 0x8000440c (0xfc5956e3)
core   0: 0x800043d8 (0x0040cfb3) xor     t6, ra, tp
core   0: 3 0x800043d8 (0x0040cfb3) x31 0x0000001d
core   0: 0x800043dc (0x00f4ee33) or      t3, s1, a5
core   0: 3 0x800043dc (0x00f4ee33) x28 0xfffffff4
core   0: 0x800043e0 (0xffc90913) addi    s2, s2, -4
core   0: 3 0x800043e0 (0xffc90913) x18 0xfffffffc
core   0: 0x800043e4 (0x00200613) li      a2, 2
core   0: 3 0x800043e4 (0x00200613) x12 0x00000002
core   0: 0x800043e8 (0x00600e93) li      t4, 6
core   0: 3 0x800043e8 (0x00600e93) x29 0x00000006
core   0: 0x800043ec (0x00df7bb3) and     s7, t5, a3
core   0: 3 0x800043ec (0x00df7bb3) x23 0x00000000
core   0: 0x800043f0 (0x007dbc33) sltu    s8, s11, t2
core   0: 3 0x800043f0 (0x007dbc33) x24 0x00000000
core   0: 0x800043f4 (0x4b751e37) lui     t3, 0x4b751
core   0: 3 0x800043f4 (0x4b751e37) x28 0x4b751000
core   0: 0x800043f8 (0x01aa1013) slli    zero, s4, 26
core   0: 3 0x800043f8 (0x01aa1013)
core   0: 0x800043fc (0x00460613) addi    a2, a2, 4
core   0: 3 0x800043fc (0x00460613) x12 0x00000006
core   0: 0x80004400 (0xffd608e3) beq     a2, t4, pc - 16
core   0: 3 0x80004400 (0xffd608e3)
core   0: 0x800043f0 (0x007dbc33) sltu    s8, s11, t2
core   0: 3 0x800043f0 (0x007dbc33) x24 0x00000000
core   0: 0x800043f4 (0x4b751e37) lui     t3, 0x4b751
core   0: 3 0x800043f4 (0x4b751e37) x28 0x4b751000
core   0: 0x800043f8 (0x01aa1013) slli    zero, s4, 26
core   0: 3 0x800043f8 (0x01aa1013)
core   0: 0x800043fc (0x00460613) addi    a2, a2, 4
core   0: 3 0x800043fc (0x00460613) x12 0x0000000a
core   0: 0x80004400 (0xffd608e3) beq     a2, t4, pc - 16
core   0: 3 0x80004400 (0xffd608e3)
core   0: 0x80004404 (0x00345593) srli    a1, s0, 3
core   0: 3 0x80004404 (0x00345593) x11 0x00000001
core   0: 0x80004408 (0x011f5cb3) srl     s9, t5, a7
core   0: 3 0x80004408 (0x011f5cb3) x25 0x00000000
core   0: 0x8000440c (0xfc5956e3) bge     s2, t0, pc - 52
core   0: 3 0x8000440c (0xfc5956e3)
core   0: 0x800043d8 (0x0040cfb3) xor     t6, ra, tp
core   0: 3 0x800043d8 (0x0040cfb3) x31 0x0000001d
core   0: 0x800043dc (0x00f4ee33) or      t3, s1, a5
core   0: 3 0x800043dc (0x00f4ee33) x28 0xfffffff4
core   0: 0x800043e0 (0xffc90913) addi    s2, s2, -4
core   0: 3 0x800043e0 (0xffc90913) x18 0xfffffff8
core   0: 0x800043e4 (0x00200613) li      a2, 2
core   0: 3 0x800043e4 (0x00200613) x12 0x00000002
core   0: 0x800043e8 (0x00600e93) li      t4, 6
core   0: 3 0x800043e8 (0x00600e93) x29 0x00000006
core   0: 0x800043ec (0x00df7bb3) and     s7, t5, a3
core   0: 3 0x800043ec (0x00df7bb3) x23 0x00000000
core   0: 0x800043f0 (0x007dbc33) sltu    s8, s11, t2
core   0: 3 0x800043f0 (0x007dbc33) x24 0x00000000
core   0: 0x800043f4 (0x4b751e37) lui     t3, 0x4b751
core   0: 3 0x800043f4 (0x4b751e37) x28 0x4b751000
core   0: 0x800043f8 (0x01aa1013) slli    zero, s4, 26
core   0: 3 0x800043f8 (0x01aa1013)
core   0: 0x800043fc (0x00460613) addi    a2, a2, 4
core   0: 3 0x800043fc (0x00460613) x12 0x00000006
core   0: 0x80004400 (0xffd608e3) beq     a2, t4, pc - 16
core   0: 3 0x80004400 (0xffd608e3)
core   0: 0x800043f0 (0x007dbc33) sltu    s8, s11, t2
core   0: 3 0x800043f0 (0x007dbc33) x24 0x00000000
core   0: 0x800043f4 (0x4b751e37) lui     t3, 0x4b751
core   0: 3 0x800043f4 (0x4b751e37) x28 0x4b751000
core   0: 0x800043f8 (0x01aa1013) slli    zero, s4, 26
core   0: 3 0x800043f8 (0x01aa1013)
core   0: 0x800043fc (0x00460613) addi    a2, a2, 4
core   0: 3 0x800043fc (0x00460613) x12 0x0000000a
core   0: 0x80004400 (0xffd608e3) beq     a2, t4, pc - 16
core   0: 3 0x80004400 (0xffd608e3)
core   0: 0x80004404 (0x00345593) srli    a1, s0, 3
core   0: 3 0x80004404 (0x00345593) x11 0x00000001
core   0: 0x80004408 (0x011f5cb3) srl     s9, t5, a7
core   0: 3 0x80004408 (0x011f5cb3) x25 0x00000000
core   0: 0x8000440c (0xfc5956e3) bge     s2, t0, pc - 52
core   0: 3 0x8000440c (0xfc5956e3)
core   0: 0x800043d8 (0x0040cfb3) xor     t6, ra, tp
core   0: 3 0x800043d8 (0x0040cfb3) x31 0x0000001d
core   0: 0x800043dc (0x00f4ee33) or      t3, s1, a5
core   0: 3 0x800043dc (0x00f4ee33) x28 0xfffffff4
core   0: 0x800043e0 (0xffc90913) addi    s2, s2, -4
core   0: 3 0x800043e0 (0xffc90913) x18 0xfffffff4
core   0: 0x800043e4 (0x00200613) li      a2, 2
core   0: 3 0x800043e4 (0x00200613) x12 0x00000002
core   0: 0x800043e8 (0x00600e93) li      t4, 6
core   0: 3 0x800043e8 (0x00600e93) x29 0x00000006
core   0: 0x800043ec (0x00df7bb3) and     s7, t5, a3
core   0: 3 0x800043ec (0x00df7bb3) x23 0x00000000
core   0: 0x800043f0 (0x007dbc33) sltu    s8, s11, t2
core   0: 3 0x800043f0 (0x007dbc33) x24 0x00000000
core   0: 0x800043f4 (0x4b751e37) lui     t3, 0x4b751
core   0: 3 0x800043f4 (0x4b751e37) x28 0x4b751000
core   0: 0x800043f8 (0x01aa1013) slli    zero, s4, 26
core   0: 3 0x800043f8 (0x01aa1013)
core   0: 0x800043fc (0x00460613) addi    a2, a2, 4
core   0: 3 0x800043fc (0x00460613) x12 0x00000006
core   0: 0x80004400 (0xffd608e3) beq     a2, t4, pc - 16
core   0: 3 0x80004400 (0xffd608e3)
core   0: 0x800043f0 (0x007dbc33) sltu    s8, s11, t2
core   0: 3 0x800043f0 (0x007dbc33) x24 0x00000000
core   0: 0x800043f4 (0x4b751e37) lui     t3, 0x4b751
core   0: 3 0x800043f4 (0x4b751e37) x28 0x4b751000
core   0: 0x800043f8 (0x01aa1013) slli    zero, s4, 26
core   0: 3 0x800043f8 (0x01aa1013)
core   0: 0x800043fc (0x00460613) addi    a2, a2, 4
core   0: 3 0x800043fc (0x00460613) x12 0x0000000a
core   0: 0x80004400 (0xffd608e3) beq     a2, t4, pc - 16
core   0: 3 0x80004400 (0xffd608e3)
core   0: 0x80004404 (0x00345593) srli    a1, s0, 3
core   0: 3 0x80004404 (0x00345593) x11 0x00000001
core   0: 0x80004408 (0x011f5cb3) srl     s9, t5, a7
core   0: 3 0x80004408 (0x011f5cb3) x25 0x00000000
core   0: 0x8000440c (0xfc5956e3) bge     s2, t0, pc - 52
core   0: 3 0x8000440c (0xfc5956e3)
core   0: 0x80004410 (0x00000013) nop
core   0: 3 0x80004410 (0x00000013)
core   0: 0x80004414 (0x00600b93) li      s7, 6
core   0: 3 0x80004414 (0x00600b93) x23 0x00000006
core   0: 0x80004418 (0x00db8e33) add     t3, s7, a3
core   0: 3 0x80004418 (0x00db8e33) x28 0x00000006
core   0: 0x8000441c (0xe64ce137) lui     sp, 0xe64ce
core   0: 3 0x8000441c (0xe64ce137) x 2 0xe64ce000
core   0: 0x80004420 (0x40c1db33) sra     s6, gp, a2
core   0: 3 0x80004420 (0x40c1db33) x22 0x00000000
core   0: 0x80004424 (0x01a8b033) sltu    zero, a7, s10
core   0: 3 0x80004424 (0x01a8b033)
core   0: 0x80004428 (0x00500593) li      a1, 5
core   0: 3 0x80004428 (0x00500593) x11 0x00000005
core   0: 0x8000442c (0xdc9e8713) addi    a4, t4, -567
core   0: 3 0x8000442c (0xdc9e8713) x14 0xfffffdcf
core   0: 0x80004430 (0x00149533) sll     a0, s1, ra
core   0: 3 0x80004430 (0x00149533) x10 0xffff0000
core   0: 0x80004434 (0xd4583713) sltiu   a4, a6, -699
core   0: 3 0x80004434 (0xd4583713) x14 0x00000001
core   0: 0x80004438 (0x43e8bb13) sltiu   s6, a7, 1086
core   0: 3 0x80004438 (0x43e8bb13) x22 0x00000000
core   0: 0x8000443c (0x00000013) nop
core   0: 3 0x8000443c (0x00000013)
core   0: 0x80004440 (0x57093393) sltiu   t2, s2, 1392
core   0: 3 0x80004440 (0x57093393) x 7 0x00000000
core   0: 0x80004444 (0x0ff0000f) fence   iorw,iorw
core   0: 3 0x80004444 (0x0ff0000f)
core   0: 0x80004448 (0x00c77a33) and     s4, a4, a2
core   0: 3 0x80004448 (0x00c77a33) x20 0x00000000
core   0: 0x8000444c (0xffdb8b93) addi    s7, s7, -3
core   0: 3 0x8000444c (0xffdb8b93) x23 0x00000003
core   0: 0x80004450 (0xd22f2713) slti    a4, t5, -734
core   0: 3 0x80004450 (0xd22f2713) x14 0x00000000
core   0: 0x80004454 (0x01095713) srli    a4, s2, 16
core   0: 3 0x80004454 (0x01095713) x14 0x0000ffff
core   0: 0x80004458 (0x1072b293) sltiu   t0, t0, 263
core   0: 3 0x80004458 (0x1072b293) x 5 0x00000000
core   0: 0x8000445c (0xbda70213) addi    tp, a4, -1062
core   0: 3 0x8000445c (0xbda70213) x 4 0x0000fbd9
core   0: 0x80004460 (0x41db83b3) sub     t2, s7, t4
core   0: 3 0x80004460 (0x41db83b3) x 7 0xfffffffd
core   0: 0x80004464 (0xfcbbf4e3) bgeu    s7, a1, pc - 56
core   0: 3 0x80004464 (0xfcbbf4e3)
core   0: 0x80004468 (0x00089c33) sll     s8, a7, zero
core   0: 3 0x80004468 (0x00089c33) x24 0x80028ce4
core   0: 0x8000446c (0xffa00293) li      t0, -6
core   0: 3 0x8000446c (0xffa00293) x 5 0xfffffffa
core   0: 0x80004470 (0xffb00913) li      s2, -5
core   0: 3 0x80004470 (0xffb00913) x18 0xfffffffb
core   0: 0x80004474 (0x00b77a33) and     s4, a4, a1
core   0: 3 0x80004474 (0x00b77a33) x20 0x00000005
core   0: 0x80004478 (0x003611b3) sll     gp, a2, gp
core   0: 3 0x80004478 (0x003611b3) x 3 0x00140000
core   0: 0x8000447c (0xa3b91b37) lui     s6, 0xa3b91
core   0: 3 0x8000447c (0xa3b91b37) x22 0xa3b91000
core   0: 0x80004480 (0x0000100f) fence.i
core   0: 3 0x80004480 (0x0000100f)
core   0: 0x80004484 (0x00128293) addi    t0, t0, 1
core   0: 3 0x80004484 (0x00128293) x 5 0xfffffffb
core   0: 0x80004488 (0x41d003b3) sub     t2, zero, t4
core   0: 3 0x80004488 (0x41d003b3) x 7 0xfffffffa
core   0: 0x8000448c (0x9ce20713) addi    a4, tp, -1586
core   0: 3 0x8000448c (0x9ce20713) x14 0x0000f5a7
core   0: 0x80004490 (0x00a00a93) li      s5, 10
core   0: 3 0x80004490 (0x00a00a93) x21 0x0000000a
core   0: 0x80004494 (0x00a00993) li      s3, 10
core   0: 3 0x80004494 (0x00a00993) x19 0x0000000a
core   0: 0x80004498 (0x00e32133) slt     sp, t1, a4
core   0: 3 0x80004498 (0x00e32133) x 2 0x00000001
core   0: 0x8000449c (0xf58cbf93) sltiu   t6, s9, -168
core   0: 3 0x8000449c (0xf58cbf93) x31 0x00000001
core   0: 0x800044a0 (0x01ff8fb3) add     t6, t6, t6
core   0: 3 0x800044a0 (0x01ff8fb3) x31 0x00000002
core   0: 0x800044a4 (0xffaa8a93) addi    s5, s5, -6
core   0: 3 0x800044a4 (0xffaa8a93) x21 0x00000004
core   0: 0x800044a8 (0x1c2de013) ori     zero, s11, 450
core   0: 3 0x800044a8 (0x1c2de013)
core   0: 0x800044ac (0x01a7f733) and     a4, a5, s10
core   0: 3 0x800044ac (0x01a7f733) x14 0x00000000
core   0: 0x800044b0 (0xff3af8e3) bgeu    s5, s3, pc - 16
core   0: 3 0x800044b0 (0xff3af8e3)
core   0: 0x800044b4 (0x00856b33) or      s6, a0, s0
core   0: 3 0x800044b4 (0x00856b33) x22 0xffff0008
core   0: 0x800044b8 (0x0000100f) fence.i
core   0: 3 0x800044b8 (0x0000100f)
core   0: 0x800044bc (0xfd2290e3) bne     t0, s2, pc - 64
core   0: 3 0x800044bc (0xfd2290e3)
core   0: 0x800044c0 (0x004543b3) xor     t2, a0, tp
core   0: 3 0x800044c0 (0x004543b3) x 7 0xfffffbd9
core   0: 0x800044c4 (0x00000513) li      a0, 0
core   0: 3 0x800044c4 (0x00000513) x10 0x00000000
core   0: 0x800044c8 (0x00dbb9b3) sltu    s3, s7, a3
core   0: 3 0x800044c8 (0x00dbb9b3) x19 0x00000000
core   0: 0x800044cc (0x23776993) ori     s3, a4, 567
core   0: 3 0x800044cc (0x23776993) x19 0x00000237
core   0: 0x800044d0 (0x87e22293) slti    t0, tp, -1922
core   0: 3 0x800044d0 (0x87e22293) x 5 0x00000000
core   0: 0x800044d4 (0x18a20a93) addi    s5, tp, 394
core   0: 3 0x800044d4 (0x18a20a93) x21 0x0000fd63
core   0: 0x800044d8 (0x013603b3) add     t2, a2, s3
core   0: 3 0x800044d8 (0x013603b3) x 7 0x00000241
core   0: 0x800044dc (0x00700213) li      tp, 7
core   0: 3 0x800044dc (0x00700213) x 4 0x00000007
core   0: 0x800044e0 (0x46107317) auipc   t1, 0x46107
core   0: 3 0x800044e0 (0x46107317) x 6 0xc610b4e0
core   0: 0x800044e4 (0x01ec5493) srli    s1, s8, 30
core   0: 3 0x800044e4 (0x01ec5493) x 9 0x00000002
core   0: 0x800044e8 (0x01e89333) sll     t1, a7, t5
core   0: 3 0x800044e8 (0x01e89333) x 6 0x000519c8
core   0: 0x800044ec (0x6a830f13) addi    t5, t1, 1704
core   0: 3 0x800044ec (0x6a830f13) x30 0x00052070
core   0: 0x800044f0 (0x03a2b493) sltiu   s1, t0, 58
core   0: 3 0x800044f0 (0x03a2b493) x 9 0x00000001
core   0: 0x800044f4 (0x00650513) addi    a0, a0, 6
core   0: 3 0x800044f4 (0x00650513) x10 0x00000006
core   0: 0x800044f8 (0x8e986313) ori     t1, a6, -1815
core   0: 3 0x800044f8 (0x8e986313) x 6 0xfffff8e9
core   0: 0x800044fc (0x97fc3017) auipc   zero, 0x97fc3
core   0: 3 0x800044fc (0x97fc3017)
core   0: 0x80004500 (0xfe4548e3) blt     a0, tp, pc - 16
core   0: 3 0x80004500 (0xfe4548e3)
core   0: 0x800044f0 (0x03a2b493) sltiu   s1, t0, 58
core   0: 3 0x800044f0 (0x03a2b493) x 9 0x00000001
core   0: 0x800044f4 (0x00650513) addi    a0, a0, 6
core   0: 3 0x800044f4 (0x00650513) x10 0x0000000c
core   0: 0x800044f8 (0x8e986313) ori     t1, a6, -1815
core   0: 3 0x800044f8 (0x8e986313) x 6 0xfffff8e9
core   0: 0x800044fc (0x97fc3017) auipc   zero, 0x97fc3
core   0: 3 0x800044fc (0x97fc3017)
core   0: 0x80004500 (0xfe4548e3) blt     a0, tp, pc - 16
core   0: 3 0x80004500 (0xfe4548e3)
core   0: 0x80004504 (0x01279613) slli    a2, a5, 18
core   0: 3 0x80004504 (0x01279613) x12 0x38100000
core   0: 0x80004508 (0xffb00f13) li      t5, -5
core   0: 3 0x80004508 (0xffb00f13) x30 0xfffffffb
core   0: 0x8000450c (0x0142b133) sltu    sp, t0, s4
core   0: 3 0x8000450c (0x0142b133) x 2 0x00000001
core   0: 0x80004510 (0x00d5da93) srli    s5, a1, 13
core   0: 3 0x80004510 (0x00d5da93) x21 0x00000000
core   0: 0x80004514 (0x00f7c4b3) xor     s1, a5, a5
core   0: 3 0x80004514 (0x00f7c4b3) x 9 0x00000000
core   0: 0x80004518 (0xd6b56593) ori     a1, a0, -661
core   0: 3 0x80004518 (0xd6b56593) x11 0xfffffd6f
core   0: 0x8000451c (0x00000213) li      tp, 0
core   0: 3 0x8000451c (0x00000213) x 4 0x00000000
core   0: 0x80004520 (0x4174d593) srai    a1, s1, 23
core   0: 3 0x80004520 (0x4174d593) x11 0x00000000
core   0: 0x80004524 (0x0059ccb3) xor     s9, s3, t0
core   0: 3 0x80004524 (0x0059ccb3) x25 0x00000237
core   0: 0x80004528 (0x40d5d513) srai    a0, a1, 13
core   0: 3 0x80004528 (0x40d5d513) x10 0x00000000
core   0: 0x8000452c (0x001f0f13) addi    t5, t5, 1
core   0: 3 0x8000452c (0x001f0f13) x30 0xfffffffc
core   0: 0x80004530 (0x00400713) li      a4, 4
core   0: 3 0x80004530 (0x00400713) x14 0x00000004
core   0: 0x80004534 (0xb81b0b93) addi    s7, s6, -1151
core   0: 3 0x80004534 (0xb81b0b93) x23 0xfffefb89
core   0: 0x80004538 (0x656df613) andi    a2, s11, 1622
core   0: 3 0x80004538 (0x656df613) x12 0x00000214
core   0: 0x8000453c (0x01190133) add     sp, s2, a7
core   0: 3 0x8000453c (0x01190133) x 2 0x80028cdf
core   0: 0x80004540 (0x3971d5b7) lui     a1, 0x3971d
core   0: 3 0x80004540 (0x3971d5b7) x11 0x3971d000
core   0: 0x80004544 (0x012d9293) slli    t0, s11, 18
core   0: 3 0x80004544 (0x012d9293) x 5 0xcef00000
core   0: 0x80004548 (0x00a00f93) li      t6, 10
core   0: 3 0x80004548 (0x00a00f93) x31 0x0000000a
core   0: 0x8000454c (0x00955c33) srl     s8, a0, s1
core   0: 3 0x8000454c (0x00955c33) x24 0x00000000
core   0: 0x80004550 (0x92dc4b13) xori    s6, s8, -1747
core   0: 3 0x80004550 (0x92dc4b13) x22 0xfffff92d
core   0: 0x80004554 (0x0000100f) fence.i
core   0: 3 0x80004554 (0x0000100f)
core   0: 0x80004558 (0x00270713) addi    a4, a4, 2
core   0: 3 0x80004558 (0x00270713) x14 0x00000006
core   0: 0x8000455c (0xfff70ae3) beq     a4, t6, pc - 12
core   0: 3 0x8000455c (0xfff70ae3)
core   0: 0x80004560 (0x2d3b5397) auipc   t2, 0x2d3b5
core   0: 3 0x80004560 (0x2d3b5397) x 7 0xad3b9560
core   0: 0x80004564 (0x0000100f) fence.i
core   0: 3 0x80004564 (0x0000100f)
core   0: 0x80004568 (0x3c51f293) andi    t0, gp, 965
core   0: 3 0x80004568 (0x3c51f293) x 5 0x00000000
core   0: 0x8000456c (0xfa4f0ce3) beq     t5, tp, pc - 72
core   0: 3 0x8000456c (0xfa4f0ce3)
core   0: 0x80004570 (0x9cca1037) lui     zero, 0x9cca1
core   0: 3 0x80004570 (0x9cca1037)
core   0: 0x80004574 (0xff700713) li      a4, -9
core   0: 3 0x80004574 (0xff700713) x14 0xfffffff7
core   0: 0x80004578 (0x001b8a33) add     s4, s7, ra
core   0: 3 0x80004578 (0x001b8a33) x20 0xfffefb75
core   0: 0x8000457c (0xca86b393) sltiu   t2, a3, -856
core   0: 3 0x8000457c (0xca86b393) x 7 0x00000001
core   0: 0x80004580 (0x0158b6b3) sltu    a3, a7, s5
core   0: 3 0x80004580 (0x0158b6b3) x13 0x00000000
core   0: 0x80004584 (0x8d1aab93) slti    s7, s5, -1839
core   0: 3 0x80004584 (0x8d1aab93) x23 0x00000000
core   0: 0x80004588 (0xffa00093) li      ra, -6
core   0: 3 0x80004588 (0xffa00093) x 1 0xfffffffa
core   0: 0x8000458c (0xbabe3d13) sltiu   s10, t3, -1109
core   0: 3 0x8000458c (0xbabe3d13) x26 0x00000001
core   0: 0x80004590 (0x00d93bb3) sltu    s7, s2, a3
core   0: 3 0x80004590 (0x00d93bb3) x23 0x00000000
core   0: 0x80004594 (0x01732a33) slt     s4, t1, s7
core   0: 3 0x80004594 (0x01732a33) x20 0x00000001
core   0: 0x80004598 (0xe5c344b7) lui     s1, 0xe5c34
core   0: 3 0x80004598 (0xe5c344b7) x 9 0xe5c34000
core   0: 0x8000459c (0x00000013) nop
core   0: 3 0x8000459c (0x00000013)
core   0: 0x800045a0 (0x00370713) addi    a4, a4, 3
core   0: 3 0x800045a0 (0x00370713) x14 0xfffffffa
core   0: 0x800045a4 (0x0073ca33) xor     s4, t2, t2
core   0: 3 0x800045a4 (0x0073ca33) x20 0x00000000
core   0: 0x800045a8 (0x0100c933) xor     s2, ra, a6
core   0: 3 0x800045a8 (0x0100c933) x18 0x7ffffffa
core   0: 0x800045ac (0x401adc13) srai    s8, s5, 1
core   0: 3 0x800045ac (0x401adc13) x24 0x00000000
core   0: 0x800045b0 (0x007acab3) xor     s5, s5, t2
core   0: 3 0x800045b0 (0x007acab3) x21 0x00000001
core   0: 0x800045b4 (0xbd66bf17) auipc   t5, 0xbd66b
core   0: 3 0x800045b4 (0xbd66bf17) x30 0x3d66f5b4
core   0: 0x800045b8 (0x01b65e33) srl     t3, a2, s11
core   0: 3 0x800045b8 (0x01b65e33) x28 0x00000000
core   0: 0x800045bc (0x00490233) add     tp, s2, tp
core   0: 3 0x800045bc (0x00490233) x 4 0x7ffffffa
core   0: 0x800045c0 (0x002125b3) slt     a1, sp, sp
core   0: 3 0x800045c0 (0x002125b3) x11 0x00000000
core   0: 0x800045c4 (0x00f29513) slli    a0, t0, 15
core   0: 3 0x800045c4 (0x00f29513) x10 0x00000000
core   0: 0x800045c8 (0x814ce993) ori     s3, s9, -2028
core   0: 3 0x800045c8 (0x814ce993) x19 0xfffffa37
core   0: 0x800045cc (0x016d33b3) sltu    t2, s10, s6
core   0: 3 0x800045cc (0x016d33b3) x 7 0x00000001
core   0: 0x800045d0 (0x142bc293) xori    t0, s7, 322
core   0: 3 0x800045d0 (0x142bc293) x 5 0x00000142
core   0: 0x800045d4 (0x010f1013) slli    zero, t5, 16
core   0: 3 0x800045d4 (0x010f1013)
core   0: 0x800045d8 (0x05d23493) sltiu   s1, tp, 93
core   0: 3 0x800045d8 (0x05d23493) x 9 0x00000000
core   0: 0x800045dc (0x79f44c13) xori    s8, s0, 1951
core   0: 3 0x800045dc (0x79f44c13) x24 0x00000797
core   0: 0x800045e0 (0xf4393a13) sltiu   s4, s2, -189
core   0: 3 0x800045e0 (0xf4393a13) x20 0x00000001
core   0: 0x800045e4 (0xfa1748e3) blt     a4, ra, pc - 80
core   0: 3 0x800045e4 (0xfa1748e3)
core   0: 0x800045e8 (0x9408f613) andi    a2, a7, -1728
core   0: 3 0x800045e8 (0x9408f613) x12 0x80028840
core   0: 0x800045ec (0x00500713) li      a4, 5
core   0: 3 0x800045ec (0x00500713) x14 0x00000005
core   0: 0x800045f0 (0x001afb33) and     s6, s5, ra
core   0: 3 0x800045f0 (0x001afb33) x22 0x00000000
core   0: 0x800045f4 (0x95b2ce13) xori    t3, t0, -1701
core   0: 3 0x800045f4 (0x95b2ce13) x28 0xfffff819
core   0: 0x800045f8 (0x012fda13) srli    s4, t6, 18
core   0: 3 0x800045f8 (0x012fda13) x20 0x00000000
core   0: 0x800045fc (0x29993393) sltiu   t2, s2, 665
core   0: 3 0x800045fc (0x29993393) x 7 0x00000000
core   0: 0x80004600 (0x8bb84037) lui     zero, 0x8bb84
core   0: 3 0x80004600 (0x8bb84037)
core   0: 0x80004604 (0x0077db33) srl     s6, a5, t2
core   0: 3 0x80004604 (0x0077db33) x22 0x80024e04
core   0: 0x80004608 (0xc902f613) andi    a2, t0, -880
core   0: 3 0x80004608 (0xc902f613) x12 0x00000000
core   0: 0x8000460c (0x001f8ab3) add     s5, t6, ra
core   0: 3 0x8000460c (0x001f8ab3) x21 0x00000004
core   0: 0x80004610 (0x415f09b3) sub     s3, t5, s5
core   0: 3 0x80004610 (0x415f09b3) x19 0x3d66f5b0
core   0: 0x80004614 (0x014f23b3) slt     t2, t5, s4
core   0: 3 0x80004614 (0x014f23b3) x 7 0x00000000
core   0: 0x80004618 (0x00615f13) srli    t5, sp, 6
core   0: 3 0x80004618 (0x00615f13) x30 0x02000a33
core   0: 0x8000461c (0x008f6293) ori     t0, t5, 8
core   0: 3 0x8000461c (0x008f6293) x 5 0x02000a3b
core   0: 0x80004620 (0x00149593) slli    a1, s1, 1
core   0: 3 0x80004620 (0x00149593) x11 0x00000000
core   0: 0x80004624 (0x545becb7) lui     s9, 0x545be
core   0: 3 0x80004624 (0x545becb7) x25 0x545be000
core   0: 0x80004628 (0x01753fb3) sltu    t6, a0, s7
core   0: 3 0x80004628 (0x01753fb3) x31 0x00000000
core   0: 0x8000462c (0x1c9fc313) xori    t1, t6, 457
core   0: 3 0x8000462c (0x1c9fc313) x 6 0x000001c9
core   0: 0x80004630 (0x00000013) nop
core   0: 3 0x80004630 (0x00000013)
core   0: 0x80004634 (0xc5a50e13) addi    t3, a0, -934
core   0: 3 0x80004634 (0xc5a50e13) x28 0xfffffc5a
core   0: 0x80004638 (0x1041b297) auipc   t0, 0x1041b
core   0: 3 0x80004638 (0x1041b297) x 5 0x9041f638
core   0: 0x8000463c (0x4064dc13) srai    s8, s1, 6
core   0: 3 0x8000463c (0x4064dc13) x24 0x00000000
core   0: 0x80004640 (0x118aa693) slti    a3, s5, 280
core   0: 3 0x80004640 (0x118aa693) x13 0x00000001
core   0: 0x80004644 (0x01300e93) li      t4, 19
core   0: 3 0x80004644 (0x01300e93) x29 0x00000013
core   0: 0x80004648 (0x1ccb6093) ori     ra, s6, 460
core   0: 3 0x80004648 (0x1ccb6093) x 1 0x80024fcc
core   0: 0x8000464c (0x9a1fa513) slti    a0, t6, -1631
core   0: 3 0x8000464c (0x9a1fa513) x10 0x00000000
core   0: 0x80004650 (0x3cbc3a93) sltiu   s5, s8, 971
core   0: 3 0x80004650 (0x3cbc3a93) x21 0x00000001
core   0: 0x80004654 (0x00770713) addi    a4, a4, 7
core   0: 3 0x80004654 (0x00770713) x14 0x0000000c
core   0: 0x80004658 (0xffd70ae3) beq     a4, t4, pc - 12
core   0: 3 0x80004658 (0xffd70ae3)
core   0: 0x8000465c (0x0f8cfd13) andi    s10, s9, 248
core   0: 3 0x8000465c (0x0f8cfd13) x26 0x00000000
core   0: 0x80004660 (0xff600513) li      a0, -10
core   0: 3 0x80004660 (0xff600513) x10 0xfffffff6
core   0: 0x80004664 (0xcdfb0e93) addi    t4, s6, -801
core   0: 3 0x80004664 (0xcdfb0e93) x29 0x80024ae3
core   0: 0x80004668 (0x01085db3) srl     s11, a6, a6
core   0: 3 0x80004668 (0x01085db3) x27 0x80000000
core   0: 0x8000466c (0x0000100f) fence.i
core   0: 3 0x8000466c (0x0000100f)
core   0: 0x80004670 (0x01ec5933) srl     s2, s8, t5
core   0: 3 0x80004670 (0x01ec5933) x18 0x00000000
core   0: 0x80004674 (0x00034233) xor     tp, t1, zero
core   0: 3 0x80004674 (0x00034233) x 4 0x000001c9
core   0: 0x80004678 (0x01fa7fb3) and     t6, s4, t6
core   0: 3 0x80004678 (0x01fa7fb3) x31 0x00000000
core   0: 0x8000467c (0x45a40ab7) lui     s5, 0x45a40
core   0: 3 0x8000467c (0x45a40ab7) x21 0x45a40000
core   0: 0x80004680 (0x00f00c13) li      s8, 15
core   0: 3 0x80004680 (0x00f00c13) x24 0x0000000f
core   0: 0x80004684 (0x41565d33) sra     s10, a2, s5
core   0: 3 0x80004684 (0x41565d33) x26 0x00000000
core   0: 0x80004688 (0x01b905b3) add     a1, s2, s11
core   0: 3 0x80004688 (0x01b905b3) x11 0x80000000
core   0: 0x8000468c (0x00b23b33) sltu    s6, tp, a1
core   0: 3 0x8000468c (0x00b23b33) x22 0x00000001
core   0: 0x80004690 (0x8196e013) ori     zero, a3, -2023
core   0: 3 0x80004690 (0x8196e013)
core   0: 0x80004694 (0xedba0613) addi    a2, s4, -293
core   0: 3 0x80004694 (0xedba0613) x12 0xfffffedb
core   0: 0x80004698 (0x480e3cb7) lui     s9, 0x480e3
core   0: 3 0x80004698 (0x480e3cb7) x25 0x480e3000
core   0: 0x8000469c (0x00ead433) srl     s0, s5, a4
core   0: 3 0x8000469c (0x00ead433) x 8 0x00045a40
core   0: 0x800046a0 (0x40635fb3) sra     t6, t1, t1
core   0: 3 0x800046a0 (0x40635fb3) x31 0x00000000
core   0: 0x800046a4 (0x41195f13) srai    t5, s2, 17
core   0: 3 0x800046a4 (0x41195f13) x30 0x00000000
core   0: 0x800046a8 (0x7c3c1137) lui     sp, 0x7c3c1
core   0: 3 0x800046a8 (0x7c3c1137) x 2 0x7c3c1000
core   0: 0x800046ac (0x00550513) addi    a0, a0, 5
core   0: 3 0x800046ac (0x00550513) x10 0xfffffffb
core   0: 0x800046b0 (0xfd850ee3) beq     a0, s8, pc - 36
core   0: 3 0x800046b0 (0xfd850ee3)
core   0: 0x800046b4 (0x410f0a33) sub     s4, t5, a6
core   0: 3 0x800046b4 (0x410f0a33) x20 0x80000000
core   0: 0x800046b8 (0xffa00d13) li      s10, -6
core   0: 3 0x800046b8 (0xffa00d13) x26 0xfffffffa
core   0: 0x800046bc (0x40020b33) sub     s6, tp, zero
core   0: 3 0x800046bc (0x40020b33) x22 0x000001c9
core   0: 0x800046c0 (0x0000100f) fence.i
core   0: 3 0x800046c0 (0x0000100f)
core   0: 0x800046c4 (0x00e40333) add     t1, s0, a4
core   0: 3 0x800046c4 (0x00e40333) x 6 0x00045a4c
core   0: 0x800046c8 (0xeaa63213) sltiu   tp, a2, -342
core   0: 3 0x800046c8 (0xeaa63213) x 4 0x00000000
core   0: 0x800046cc (0x00100493) li      s1, 1
core   0: 3 0x800046cc (0x00100493) x 9 0x00000001
core   0: 0x800046d0 (0x3b31bd93) sltiu   s11, gp, 947
core   0: 3 0x800046d0 (0x3b31bd93) x27 0x00000000
core   0: 0x800046d4 (0x00859ab3) sll     s5, a1, s0
core   0: 3 0x800046d4 (0x00859ab3) x21 0x80000000
core   0: 0x800046d8 (0xd3179e37) lui     t3, 0xd3179
core   0: 3 0x800046d8 (0xd3179e37) x28 0xd3179000
core   0: 0x800046dc (0xe3ac6313) ori     t1, s8, -454
core   0: 3 0x800046dc (0xe3ac6313) x 6 0xfffffe3f
core   0: 0x800046e0 (0x01593b33) sltu    s6, s2, s5
core   0: 3 0x800046e0 (0x01593b33) x22 0x00000001
core   0: 0x800046e4 (0x00699d93) slli    s11, s3, 6
core   0: 3 0x800046e4 (0x00699d93) x27 0x59bd6c00
core   0: 0x800046e8 (0x0ff0000f) fence   iorw,iorw
core   0: 3 0x800046e8 (0x0ff0000f)
core   0: 0x800046ec (0x008d0d13) addi    s10, s10, 8
core   0: 3 0x800046ec (0x008d0d13) x26 0x00000002
core   0: 0x800046f0 (0xe18f5917) auipc   s2, 0xe18f5
core   0: 3 0x800046f0 (0xe18f5917) x18 0x618f96f0
core   0: 0x800046f4 (0xfe9d44e3) blt     s10, s1, pc - 24
core   0: 3 0x800046f4 (0xfe9d44e3)
core   0: 0x800046f8 (0x00aee5b3) or      a1, t4, a0
core   0: 3 0x800046f8 (0x00aee5b3) x11 0xfffffffb
core   0: 0x800046fc (0x00400f13) li      t5, 4
core   0: 3 0x800046fc (0x00400f13) x30 0x00000004
core   0: 0x80004700 (0x40ced2b3) sra     t0, t4, a2
core   0: 3 0x80004700 (0x40ced2b3) x 5 0xfffffff0
core   0: 0x80004704 (0x84006a13) ori     s4, zero, -1984
core   0: 3 0x80004704 (0x84006a13) x20 0xfffff840
core   0: 0x80004708 (0xfec00193) li      gp, -20
core   0: 3 0x80004708 (0xfec00193) x 3 0xffffffec
core   0: 0x8000470c (0x01d86033) or      zero, a6, t4
core   0: 3 0x8000470c (0x01d86033)
core   0: 0x80004710 (0x4115dcb3) sra     s9, a1, a7
core   0: 3 0x80004710 (0x4115dcb3) x25 0xffffffff
core   0: 0x80004714 (0xc41675b7) lui     a1, 0xc4167
core   0: 3 0x80004714 (0xc41675b7) x11 0xc4167000
core   0: 0x80004718 (0x0000100f) fence.i
core   0: 3 0x80004718 (0x0000100f)
core   0: 0x8000471c (0x010e85b3) add     a1, t4, a6
core   0: 3 0x8000471c (0x010e85b3) x11 0x00024ae3
core   0: 0x80004720 (0x400b8e33) sub     t3, s7, zero
core   0: 3 0x80004720 (0x400b8e33) x28 0x00000000
core   0: 0x80004724 (0x00b919b3) sll     s3, s2, a1
core   0: 3 0x80004724 (0x00b919b3) x19 0x0c7cb780
core   0: 0x80004728 (0x01bf8133) add     sp, t6, s11
core   0: 3 0x80004728 (0x01bf8133) x 2 0x59bd6c00
core   0: 0x8000472c (0x0ff0000f) fence   iorw,iorw
core   0: 3 0x8000472c (0x0ff0000f)
core   0: 0x80004730 (0x0078d233) srl     tp, a7, t2
core   0: 3 0x80004730 (0x0078d233) x 4 0x80028ce4
core   0: 0x80004734 (0xffaf0f13) addi    t5, t5, -6
core   0: 3 0x80004734 (0xffaf0f13) x30 0xfffffffe
core   0: 0x80004738 (0x15c9f513) andi    a0, s3, 348
core   0: 3 0x80004738 (0x15c9f513) x10 0x00000100
core   0: 0x8000473c (0x00000013) nop
core   0: 3 0x8000473c (0x00000013)
core   0: 0x80004740 (0x41fbdd93) srai    s11, s7, 31
core   0: 3 0x80004740 (0x41fbdd93) x27 0x00000000
core   0: 0x80004744 (0x866bff93) andi    t6, s7, -1946
core   0: 3 0x80004744 (0x866bff93) x31 0x00000000
core   0: 0x80004748 (0x00a4feb3) and     t4, s1, a0
core   0: 3 0x80004748 (0x00a4feb3) x29 0x00000000
core   0: 0x8000474c (0x13d2b613) sltiu   a2, t0, 317
core   0: 3 0x8000474c (0x13d2b613) x12 0x00000000
core   0: 0x80004750 (0x50970d93) addi    s11, a4, 1289
core   0: 3 0x80004750 (0x50970d93) x27 0x00000515
core   0: 0x80004754 (0x00aa6e33) or      t3, s4, a0
core   0: 3 0x80004754 (0x00aa6e33) x28 0xfffff940
core   0: 0x80004758 (0x016fd993) srli    s3, t6, 22
core   0: 3 0x80004758 (0x016fd993) x19 0x00000000
core   0: 0x8000475c (0x85478393) addi    t2, a5, -1964
core   0: 3 0x8000475c (0x85478393) x 7 0x80024658
core   0: 0x80004760 (0xfa3f0ee3) beq     t5, gp, pc - 68
core   0: 3 0x80004760 (0xfa3f0ee3)
core   0: 0x80004764 (0x009fb233) sltu    tp, t6, s1
core   0: 3 0x80004764 (0x009fb233) x 4 0x00000001
core   0: 0x80004768 (0xffe00593) li      a1, -2
core   0: 3 0x80004768 (0xffe00593) x11 0xfffffffe
core   0: 0x8000476c (0x438eed13) ori     s10, t4, 1080
core   0: 3 0x8000476c (0x438eed13) x26 0x00000438
core   0: 0x80004770 (0xffa00113) li      sp, -6
core   0: 3 0x80004770 (0xffa00113) x 2 0xfffffffa
core   0: 0x80004774 (0xf3641297) auipc   t0, 0xf3641
core   0: 3 0x80004774 (0xf3641297) x 5 0x73645774
core   0: 0x80004778 (0xffa58593) addi    a1, a1, -6
core   0: 3 0x80004778 (0xffa58593) x11 0xfffffff8
core   0: 0x8000477c (0x40170f33) sub     t5, a4, ra
core   0: 3 0x8000477c (0x40170f33) x30 0x7ffdb040
core   0: 0x80004780 (0x00500493) li      s1, 5
core   0: 3 0x80004780 (0x00500493) x 9 0x00000005
core   0: 0x80004784 (0x74980f13) addi    t5, a6, 1865
core   0: 3 0x80004784 (0x74980f13) x30 0x80000749
core   0: 0x80004788 (0x01b2ad33) slt     s10, t0, s11
core   0: 3 0x80004788 (0x01b2ad33) x26 0x00000000
core   0: 0x8000478c (0x00900913) li      s2, 9
core   0: 3 0x8000478c (0x00900913) x18 0x00000009
core   0: 0x80004790 (0x008eaab3) slt     s5, t4, s0
core   0: 3 0x80004790 (0x008eaab3) x21 0x00000001
core   0: 0x80004794 (0xbbd8ac13) slti    s8, a7, -1091
core   0: 3 0x80004794 (0xbbd8ac13) x24 0x00000001
core   0: 0x80004798 (0x00548493) addi    s1, s1, 5
core   0: 3 0x80004798 (0x00548493) x 9 0x0000000a
core   0: 0x8000479c (0x0ff0000f) fence   iorw,iorw
core   0: 3 0x8000479c (0x0ff0000f)
core   0: 0x800047a0 (0xff24e8e3) bltu    s1, s2, pc - 16
core   0: 3 0x800047a0 (0xff24e8e3)
core   0: 0x800047a4 (0x86b0f993) andi    s3, ra, -1941
core   0: 3 0x800047a4 (0x86b0f993) x19 0x80024848
core   0: 0x800047a8 (0xfc25d6e3) bge     a1, sp, pc - 52
core   0: 3 0x800047a8 (0xfc25d6e3)
core   0: 0x800047ac (0xadb62093) slti    ra, a2, -1317
core   0: 3 0x800047ac (0xadb62093) x 1 0x00000000
core   0: 0x800047b0 (0x00800d13) li      s10, 8
core   0: 3 0x800047b0 (0x00800d13) x26 0x00000008
core   0: 0x800047b4 (0x004ec1b3) xor     gp, t4, tp
core   0: 3 0x800047b4 (0x004ec1b3) x 3 0x00000001
core   0: 0x800047b8 (0x01c31013) slli    zero, t1, 28
core   0: 3 0x800047b8 (0x01c31013)
core   0: 0x800047bc (0x01400293) li      t0, 20
core   0: 3 0x800047bc (0x01400293) x 5 0x00000014
core   0: 0x800047c0 (0x015284b3) add     s1, t0, s5
core   0: 3 0x800047c0 (0x015284b3) x 9 0x00000015
core   0: 0x800047c4 (0x0004adb3) slt     s11, s1, zero
core   0: 3 0x800047c4 (0x0004adb3) x27 0x00000000
core   0: 0x800047c8 (0x5dd26f37) lui     t5, 0x5dd26
core   0: 3 0x800047c8 (0x5dd26f37) x30 0x5dd26000
core   0: 0x800047cc (0xa3e53713) sltiu   a4, a0, -1474
core   0: 3 0x800047cc (0xa3e53713) x14 0x00000001
core   0: 0x800047d0 (0x001d0d13) addi    s10, s10, 1
core   0: 3 0x800047d0 (0x001d0d13) x26 0x00000009
core   0: 0x800047d4 (0x0057e433) or      s0, a5, t0
core   0: 3 0x800047d4 (0x0057e433) x 8 0x80024e14
core   0: 0x800047d8 (0x00000013) nop
core   0: 3 0x800047d8 (0x00000013)
core   0: 0x800047dc (0xff900513) li      a0, -7
core   0: 3 0x800047dc (0xff900513) x10 0xfffffff9
core   0: 0x800047e0 (0xe9a4a593) slti    a1, s1, -358
core   0: 3 0x800047e0 (0xe9a4a593) x11 0x00000000
core   0: 0x800047e4 (0x20a31017) auipc   zero, 0x20a31
core   0: 3 0x800047e4 (0x20a31017)
core   0: 0x800047e8 (0x01942133) slt     sp, s0, s9
core   0: 3 0x800047e8 (0x01942133) x 2 0x00000001
core   0: 0x800047ec (0x00200093) li      ra, 2
core   0: 3 0x800047ec (0x00200093) x 1 0x00000002
core   0: 0x800047f0 (0x41c981b3) sub     gp, s3, t3
core   0: 3 0x800047f0 (0x41c981b3) x 3 0x80024f08
core   0: 0x800047f4 (0x0000100f) fence.i
core   0: 3 0x800047f4 (0x0000100f)
core   0: 0x800047f8 (0x0005e4b3) or      s1, a1, zero
core   0: 3 0x800047f8 (0x0005e4b3) x 9 0x00000000
core   0: 0x800047fc (0x00000013) nop
core   0: 3 0x800047fc (0x00000013)
core   0: 0x80004800 (0x00150513) addi    a0, a0, 1
core   0: 3 0x80004800 (0x00150513) x10 0xfffffffa
core   0: 0x80004804 (0x0000100f) fence.i
core   0: 3 0x80004804 (0x0000100f)
core   0: 0x80004808 (0x5d44e193) ori     gp, s1, 1492
core   0: 3 0x80004808 (0x5d44e193) x 3 0x000005d4
core   0: 0x8000480c (0xfe1506e3) beq     a0, ra, pc - 20
core   0: 3 0x8000480c (0xfe1506e3)
core   0: 0x80004810 (0x41b85493) srai    s1, a6, 27
core   0: 3 0x80004810 (0x41b85493) x 9 0xfffffff0
core   0: 0x80004814 (0xe031ce13) xori    t3, gp, -509
core   0: 3 0x80004814 (0xe031ce13) x28 0xfffffbd7
core   0: 0x80004818 (0x40d65033) sra     zero, a2, a3
core   0: 3 0x80004818 (0x40d65033)
core   0: 0x8000481c (0x0008ddb3) srl     s11, a7, zero
core   0: 3 0x8000481c (0x0008ddb3) x27 0x80028ce4
core   0: 0x80004820 (0xfa5d16e3) bne     s10, t0, pc - 84
core   0: 3 0x80004820 (0xfa5d16e3)
core   0: 0x800047cc (0xa3e53713) sltiu   a4, a0, -1474
core   0: 3 0x800047cc (0xa3e53713) x14 0x00000000
core   0: 0x800047d0 (0x001d0d13) addi    s10, s10, 1
core   0: 3 0x800047d0 (0x001d0d13) x26 0x0000000a
core   0: 0x800047d4 (0x0057e433) or      s0, a5, t0
core   0: 3 0x800047d4 (0x0057e433) x 8 0x80024e14
core   0: 0x800047d8 (0x00000013) nop
core   0: 3 0x800047d8 (0x00000013)
core   0: 0x800047dc (0xff900513) li      a0, -7
core   0: 3 0x800047dc (0xff900513) x10 0xfffffff9
core   0: 0x800047e0 (0xe9a4a593) slti    a1, s1, -358
core   0: 3 0x800047e0 (0xe9a4a593) x11 0x00000000
core   0: 0x800047e4 (0x20a31017) auipc   zero, 0x20a31
core   0: 3 0x800047e4 (0x20a31017)
core   0: 0x800047e8 (0x01942133) slt     sp, s0, s9
core   0: 3 0x800047e8 (0x01942133) x 2 0x00000001
core   0: 0x800047ec (0x00200093) li      ra, 2
core   0: 3 0x800047ec (0x00200093) x 1 0x00000002
core   0: 0x800047f0 (0x41c981b3) sub     gp, s3, t3
core   0: 3 0x800047f0 (0x41c981b3) x 3 0x80024c71
core   0: 0x800047f4 (0x0000100f) fence.i
core   0: 3 0x800047f4 (0x0000100f)
core   0: 0x800047f8 (0x0005e4b3) or      s1, a1, zero
core   0: 3 0x800047f8 (0x0005e4b3) x 9 0x00000000
core   0: 0x800047fc (0x00000013) nop
core   0: 3 0x800047fc (0x00000013)
core   0: 0x80004800 (0x00150513) addi    a0, a0, 1
core   0: 3 0x80004800 (0x00150513) x10 0xfffffffa
core   0: 0x80004804 (0x0000100f) fence.i
core   0: 3 0x80004804 (0x0000100f)
core   0: 0x80004808 (0x5d44e193) ori     gp, s1, 1492
core   0: 3 0x80004808 (0x5d44e193) x 3 0x000005d4
core   0: 0x8000480c (0xfe1506e3) beq     a0, ra, pc - 20
core   0: 3 0x8000480c (0xfe1506e3)
core   0: 0x80004810 (0x41b85493) srai    s1, a6, 27
core   0: 3 0x80004810 (0x41b85493) x 9 0xfffffff0
core   0: 0x80004814 (0xe031ce13) xori    t3, gp, -509
core   0: 3 0x80004814 (0xe031ce13) x28 0xfffffbd7
core   0: 0x80004818 (0x40d65033) sra     zero, a2, a3
core   0: 3 0x80004818 (0x40d65033)
core   0: 0x8000481c (0x0008ddb3) srl     s11, a7, zero
core   0: 3 0x8000481c (0x0008ddb3) x27 0x80028ce4
core   0: 0x80004820 (0xfa5d16e3) bne     s10, t0, pc - 84
core   0: 3 0x80004820 (0xfa5d16e3)
core   0: 0x800047cc (0xa3e53713) sltiu   a4, a0, -1474
core   0: 3 0x800047cc (0xa3e53713) x14 0x00000000
core   0: 0x800047d0 (0x001d0d13) addi    s10, s10, 1
core   0: 3 0x800047d0 (0x001d0d13) x26 0x0000000b
core   0: 0x800047d4 (0x0057e433) or      s0, a5, t0
core   0: 3 0x800047d4 (0x0057e433) x 8 0x80024e14
core   0: 0x800047d8 (0x00000013) nop
core   0: 3 0x800047d8 (0x00000013)
core   0: 0x800047dc (0xff900513) li      a0, -7
core   0: 3 0x800047dc (0xff900513) x10 0xfffffff9
core   0: 0x800047e0 (0xe9a4a593) slti    a1, s1, -358
core   0: 3 0x800047e0 (0xe9a4a593) x11 0x00000000
core   0: 0x800047e4 (0x20a31017) auipc   zero, 0x20a31
core   0: 3 0x800047e4 (0x20a31017)
core   0: 0x800047e8 (0x01942133) slt     sp, s0, s9
core   0: 3 0x800047e8 (0x01942133) x 2 0x00000001
core   0: 0x800047ec (0x00200093) li      ra, 2
core   0: 3 0x800047ec (0x00200093) x 1 0x00000002
core   0: 0x800047f0 (0x41c981b3) sub     gp, s3, t3
core   0: 3 0x800047f0 (0x41c981b3) x 3 0x80024c71
core   0: 0x800047f4 (0x0000100f) fence.i
core   0: 3 0x800047f4 (0x0000100f)
core   0: 0x800047f8 (0x0005e4b3) or      s1, a1, zero
core   0: 3 0x800047f8 (0x0005e4b3) x 9 0x00000000
core   0: 0x800047fc (0x00000013) nop
core   0: 3 0x800047fc (0x00000013)
core   0: 0x80004800 (0x00150513) addi    a0, a0, 1
core   0: 3 0x80004800 (0x00150513) x10 0xfffffffa
core   0: 0x80004804 (0x0000100f) fence.i
core   0: 3 0x80004804 (0x0000100f)
core   0: 0x80004808 (0x5d44e193) ori     gp, s1, 1492
core   0: 3 0x80004808 (0x5d44e193) x 3 0x000005d4
core   0: 0x8000480c (0xfe1506e3) beq     a0, ra, pc - 20
core   0: 3 0x8000480c (0xfe1506e3)
core   0: 0x80004810 (0x41b85493) srai    s1, a6, 27
core   0: 3 0x80004810 (0x41b85493) x 9 0xfffffff0
core   0: 0x80004814 (0xe031ce13) xori    t3, gp, -509
core   0: 3 0x80004814 (0xe031ce13) x28 0xfffffbd7
core   0: 0x80004818 (0x40d65033) sra     zero, a2, a3
core   0: 3 0x80004818 (0x40d65033)
core   0: 0x8000481c (0x0008ddb3) srl     s11, a7, zero
core   0: 3 0x8000481c (0x0008ddb3) x27 0x80028ce4
core   0: 0x80004820 (0xfa5d16e3) bne     s10, t0, pc - 84
core   0: 3 0x80004820 (0xfa5d16e3)
core   0: 0x800047cc (0xa3e53713) sltiu   a4, a0, -1474
core   0: 3 0x800047cc (0xa3e53713) x14 0x00000000
core   0: 0x800047d0 (0x001d0d13) addi    s10, s10, 1
core   0: 3 0x800047d0 (0x001d0d13) x26 0x0000000c
core   0: 0x800047d4 (0x0057e433) or      s0, a5, t0
core   0: 3 0x800047d4 (0x0057e433) x 8 0x80024e14
core   0: 0x800047d8 (0x00000013) nop
core   0: 3 0x800047d8 (0x00000013)
core   0: 0x800047dc (0xff900513) li      a0, -7
core   0: 3 0x800047dc (0xff900513) x10 0xfffffff9
core   0: 0x800047e0 (0xe9a4a593) slti    a1, s1, -358
core   0: 3 0x800047e0 (0xe9a4a593) x11 0x00000000
core   0: 0x800047e4 (0x20a31017) auipc   zero, 0x20a31
core   0: 3 0x800047e4 (0x20a31017)
core   0: 0x800047e8 (0x01942133) slt     sp, s0, s9
core   0: 3 0x800047e8 (0x01942133) x 2 0x00000001
core   0: 0x800047ec (0x00200093) li      ra, 2
core   0: 3 0x800047ec (0x00200093) x 1 0x00000002
core   0: 0x800047f0 (0x41c981b3) sub     gp, s3, t3
core   0: 3 0x800047f0 (0x41c981b3) x 3 0x80024c71
core   0: 0x800047f4 (0x0000100f) fence.i
core   0: 3 0x800047f4 (0x0000100f)
core   0: 0x800047f8 (0x0005e4b3) or      s1, a1, zero
core   0: 3 0x800047f8 (0x0005e4b3) x 9 0x00000000
core   0: 0x800047fc (0x00000013) nop
core   0: 3 0x800047fc (0x00000013)
core   0: 0x80004800 (0x00150513) addi    a0, a0, 1
core   0: 3 0x80004800 (0x00150513) x10 0xfffffffa
core   0: 0x80004804 (0x0000100f) fence.i
core   0: 3 0x80004804 (0x0000100f)
core   0: 0x80004808 (0x5d44e193) ori     gp, s1, 1492
core   0: 3 0x80004808 (0x5d44e193) x 3 0x000005d4
core   0: 0x8000480c (0xfe1506e3) beq     a0, ra, pc - 20
core   0: 3 0x8000480c (0xfe1506e3)
core   0: 0x80004810 (0x41b85493) srai    s1, a6, 27
core   0: 3 0x80004810 (0x41b85493) x 9 0xfffffff0
core   0: 0x80004814 (0xe031ce13) xori    t3, gp, -509
core   0: 3 0x80004814 (0xe031ce13) x28 0xfffffbd7
core   0: 0x80004818 (0x40d65033) sra     zero, a2, a3
core   0: 3 0x80004818 (0x40d65033)
core   0: 0x8000481c (0x0008ddb3) srl     s11, a7, zero
core   0: 3 0x8000481c (0x0008ddb3) x27 0x80028ce4
core   0: 0x80004820 (0xfa5d16e3) bne     s10, t0, pc - 84
core   0: 3 0x80004820 (0xfa5d16e3)
core   0: 0x800047cc (0xa3e53713) sltiu   a4, a0, -1474
core   0: 3 0x800047cc (0xa3e53713) x14 0x00000000
core   0: 0x800047d0 (0x001d0d13) addi    s10, s10, 1
core   0: 3 0x800047d0 (0x001d0d13) x26 0x0000000d
core   0: 0x800047d4 (0x0057e433) or      s0, a5, t0
core   0: 3 0x800047d4 (0x0057e433) x 8 0x80024e14
core   0: 0x800047d8 (0x00000013) nop
core   0: 3 0x800047d8 (0x00000013)
core   0: 0x800047dc (0xff900513) li      a0, -7
core   0: 3 0x800047dc (0xff900513) x10 0xfffffff9
core   0: 0x800047e0 (0xe9a4a593) slti    a1, s1, -358
core   0: 3 0x800047e0 (0xe9a4a593) x11 0x00000000
core   0: 0x800047e4 (0x20a31017) auipc   zero, 0x20a31
core   0: 3 0x800047e4 (0x20a31017)
core   0: 0x800047e8 (0x01942133) slt     sp, s0, s9
core   0: 3 0x800047e8 (0x01942133) x 2 0x00000001
core   0: 0x800047ec (0x00200093) li      ra, 2
core   0: 3 0x800047ec (0x00200093) x 1 0x00000002
core   0: 0x800047f0 (0x41c981b3) sub     gp, s3, t3
core   0: 3 0x800047f0 (0x41c981b3) x 3 0x80024c71
core   0: 0x800047f4 (0x0000100f) fence.i
core   0: 3 0x800047f4 (0x0000100f)
core   0: 0x800047f8 (0x0005e4b3) or      s1, a1, zero
core   0: 3 0x800047f8 (0x0005e4b3) x 9 0x00000000
core   0: 0x800047fc (0x00000013) nop
core   0: 3 0x800047fc (0x00000013)
core   0: 0x80004800 (0x00150513) addi    a0, a0, 1
core   0: 3 0x80004800 (0x00150513) x10 0xfffffffa
core   0: 0x80004804 (0x0000100f) fence.i
core   0: 3 0x80004804 (0x0000100f)
core   0: 0x80004808 (0x5d44e193) ori     gp, s1, 1492
core   0: 3 0x80004808 (0x5d44e193) x 3 0x000005d4
core   0: 0x8000480c (0xfe1506e3) beq     a0, ra, pc - 20
core   0: 3 0x8000480c (0xfe1506e3)
core   0: 0x80004810 (0x41b85493) srai    s1, a6, 27
core   0: 3 0x80004810 (0x41b85493) x 9 0xfffffff0
core   0: 0x80004814 (0xe031ce13) xori    t3, gp, -509
core   0: 3 0x80004814 (0xe031ce13) x28 0xfffffbd7
core   0: 0x80004818 (0x40d65033) sra     zero, a2, a3
core   0: 3 0x80004818 (0x40d65033)
core   0: 0x8000481c (0x0008ddb3) srl     s11, a7, zero
core   0: 3 0x8000481c (0x0008ddb3) x27 0x80028ce4
core   0: 0x80004820 (0xfa5d16e3) bne     s10, t0, pc - 84
core   0: 3 0x80004820 (0xfa5d16e3)
core   0: 0x800047cc (0xa3e53713) sltiu   a4, a0, -1474
core   0: 3 0x800047cc (0xa3e53713) x14 0x00000000
core   0: 0x800047d0 (0x001d0d13) addi    s10, s10, 1
core   0: 3 0x800047d0 (0x001d0d13) x26 0x0000000e
core   0: 0x800047d4 (0x0057e433) or      s0, a5, t0
core   0: 3 0x800047d4 (0x0057e433) x 8 0x80024e14
core   0: 0x800047d8 (0x00000013) nop
core   0: 3 0x800047d8 (0x00000013)
core   0: 0x800047dc (0xff900513) li      a0, -7
core   0: 3 0x800047dc (0xff900513) x10 0xfffffff9
core   0: 0x800047e0 (0xe9a4a593) slti    a1, s1, -358
core   0: 3 0x800047e0 (0xe9a4a593) x11 0x00000000
core   0: 0x800047e4 (0x20a31017) auipc   zero, 0x20a31
core   0: 3 0x800047e4 (0x20a31017)
core   0: 0x800047e8 (0x01942133) slt     sp, s0, s9
core   0: 3 0x800047e8 (0x01942133) x 2 0x00000001
core   0: 0x800047ec (0x00200093) li      ra, 2
core   0: 3 0x800047ec (0x00200093) x 1 0x00000002
core   0: 0x800047f0 (0x41c981b3) sub     gp, s3, t3
core   0: 3 0x800047f0 (0x41c981b3) x 3 0x80024c71
core   0: 0x800047f4 (0x0000100f) fence.i
core   0: 3 0x800047f4 (0x0000100f)
core   0: 0x800047f8 (0x0005e4b3) or      s1, a1, zero
core   0: 3 0x800047f8 (0x0005e4b3) x 9 0x00000000
core   0: 0x800047fc (0x00000013) nop
core   0: 3 0x800047fc (0x00000013)
core   0: 0x80004800 (0x00150513) addi    a0, a0, 1
core   0: 3 0x80004800 (0x00150513) x10 0xfffffffa
core   0: 0x80004804 (0x0000100f) fence.i
core   0: 3 0x80004804 (0x0000100f)
core   0: 0x80004808 (0x5d44e193) ori     gp, s1, 1492
core   0: 3 0x80004808 (0x5d44e193) x 3 0x000005d4
core   0: 0x8000480c (0xfe1506e3) beq     a0, ra, pc - 20
core   0: 3 0x8000480c (0xfe1506e3)
core   0: 0x80004810 (0x41b85493) srai    s1, a6, 27
core   0: 3 0x80004810 (0x41b85493) x 9 0xfffffff0
core   0: 0x80004814 (0xe031ce13) xori    t3, gp, -509
core   0: 3 0x80004814 (0xe031ce13) x28 0xfffffbd7
core   0: 0x80004818 (0x40d65033) sra     zero, a2, a3
core   0: 3 0x80004818 (0x40d65033)
core   0: 0x8000481c (0x0008ddb3) srl     s11, a7, zero
core   0: 3 0x8000481c (0x0008ddb3) x27 0x80028ce4
core   0: 0x80004820 (0xfa5d16e3) bne     s10, t0, pc - 84
core   0: 3 0x80004820 (0xfa5d16e3)
core   0: 0x800047cc (0xa3e53713) sltiu   a4, a0, -1474
core   0: 3 0x800047cc (0xa3e53713) x14 0x00000000
core   0: 0x800047d0 (0x001d0d13) addi    s10, s10, 1
core   0: 3 0x800047d0 (0x001d0d13) x26 0x0000000f
core   0: 0x800047d4 (0x0057e433) or      s0, a5, t0
core   0: 3 0x800047d4 (0x0057e433) x 8 0x80024e14
core   0: 0x800047d8 (0x00000013) nop
core   0: 3 0x800047d8 (0x00000013)
core   0: 0x800047dc (0xff900513) li      a0, -7
core   0: 3 0x800047dc (0xff900513) x10 0xfffffff9
core   0: 0x800047e0 (0xe9a4a593) slti    a1, s1, -358
core   0: 3 0x800047e0 (0xe9a4a593) x11 0x00000000
core   0: 0x800047e4 (0x20a31017) auipc   zero, 0x20a31
core   0: 3 0x800047e4 (0x20a31017)
core   0: 0x800047e8 (0x01942133) slt     sp, s0, s9
core   0: 3 0x800047e8 (0x01942133) x 2 0x00000001
core   0: 0x800047ec (0x00200093) li      ra, 2
core   0: 3 0x800047ec (0x00200093) x 1 0x00000002
core   0: 0x800047f0 (0x41c981b3) sub     gp, s3, t3
core   0: 3 0x800047f0 (0x41c981b3) x 3 0x80024c71
core   0: 0x800047f4 (0x0000100f) fence.i
core   0: 3 0x800047f4 (0x0000100f)
core   0: 0x800047f8 (0x0005e4b3) or      s1, a1, zero
core   0: 3 0x800047f8 (0x0005e4b3) x 9 0x00000000
core   0: 0x800047fc (0x00000013) nop
core   0: 3 0x800047fc (0x00000013)
core   0: 0x80004800 (0x00150513) addi    a0, a0, 1
core   0: 3 0x80004800 (0x00150513) x10 0xfffffffa
core   0: 0x80004804 (0x0000100f) fence.i
core   0: 3 0x80004804 (0x0000100f)
core   0: 0x80004808 (0x5d44e193) ori     gp, s1, 1492
core   0: 3 0x80004808 (0x5d44e193) x 3 0x000005d4
core   0: 0x8000480c (0xfe1506e3) beq     a0, ra, pc - 20
core   0: 3 0x8000480c (0xfe1506e3)
core   0: 0x80004810 (0x41b85493) srai    s1, a6, 27
core   0: 3 0x80004810 (0x41b85493) x 9 0xfffffff0
core   0: 0x80004814 (0xe031ce13) xori    t3, gp, -509
core   0: 3 0x80004814 (0xe031ce13) x28 0xfffffbd7
core   0: 0x80004818 (0x40d65033) sra     zero, a2, a3
core   0: 3 0x80004818 (0x40d65033)
core   0: 0x8000481c (0x0008ddb3) srl     s11, a7, zero
core   0: 3 0x8000481c (0x0008ddb3) x27 0x80028ce4
core   0: 0x80004820 (0xfa5d16e3) bne     s10, t0, pc - 84
core   0: 3 0x80004820 (0xfa5d16e3)
core   0: 0x800047cc (0xa3e53713) sltiu   a4, a0, -1474
core   0: 3 0x800047cc (0xa3e53713) x14 0x00000000
core   0: 0x800047d0 (0x001d0d13) addi    s10, s10, 1
core   0: 3 0x800047d0 (0x001d0d13) x26 0x00000010
core   0: 0x800047d4 (0x0057e433) or      s0, a5, t0
core   0: 3 0x800047d4 (0x0057e433) x 8 0x80024e14
core   0: 0x800047d8 (0x00000013) nop
core   0: 3 0x800047d8 (0x00000013)
core   0: 0x800047dc (0xff900513) li      a0, -7
core   0: 3 0x800047dc (0xff900513) x10 0xfffffff9
core   0: 0x800047e0 (0xe9a4a593) slti    a1, s1, -358
core   0: 3 0x800047e0 (0xe9a4a593) x11 0x00000000
core   0: 0x800047e4 (0x20a31017) auipc   zero, 0x20a31
core   0: 3 0x800047e4 (0x20a31017)
core   0: 0x800047e8 (0x01942133) slt     sp, s0, s9
core   0: 3 0x800047e8 (0x01942133) x 2 0x00000001
core   0: 0x800047ec (0x00200093) li      ra, 2
core   0: 3 0x800047ec (0x00200093) x 1 0x00000002
core   0: 0x800047f0 (0x41c981b3) sub     gp, s3, t3
core   0: 3 0x800047f0 (0x41c981b3) x 3 0x80024c71
core   0: 0x800047f4 (0x0000100f) fence.i
core   0: 3 0x800047f4 (0x0000100f)
core   0: 0x800047f8 (0x0005e4b3) or      s1, a1, zero
core   0: 3 0x800047f8 (0x0005e4b3) x 9 0x00000000
core   0: 0x800047fc (0x00000013) nop
core   0: 3 0x800047fc (0x00000013)
core   0: 0x80004800 (0x00150513) addi    a0, a0, 1
core   0: 3 0x80004800 (0x00150513) x10 0xfffffffa
core   0: 0x80004804 (0x0000100f) fence.i
core   0: 3 0x80004804 (0x0000100f)
core   0: 0x80004808 (0x5d44e193) ori     gp, s1, 1492
core   0: 3 0x80004808 (0x5d44e193) x 3 0x000005d4
core   0: 0x8000480c (0xfe1506e3) beq     a0, ra, pc - 20
core   0: 3 0x8000480c (0xfe1506e3)
core   0: 0x80004810 (0x41b85493) srai    s1, a6, 27
core   0: 3 0x80004810 (0x41b85493) x 9 0xfffffff0
core   0: 0x80004814 (0xe031ce13) xori    t3, gp, -509
core   0: 3 0x80004814 (0xe031ce13) x28 0xfffffbd7
core   0: 0x80004818 (0x40d65033) sra     zero, a2, a3
core   0: 3 0x80004818 (0x40d65033)
core   0: 0x8000481c (0x0008ddb3) srl     s11, a7, zero
core   0: 3 0x8000481c (0x0008ddb3) x27 0x80028ce4
core   0: 0x80004820 (0xfa5d16e3) bne     s10, t0, pc - 84
core   0: 3 0x80004820 (0xfa5d16e3)
core   0: 0x800047cc (0xa3e53713) sltiu   a4, a0, -1474
core   0: 3 0x800047cc (0xa3e53713) x14 0x00000000
core   0: 0x800047d0 (0x001d0d13) addi    s10, s10, 1
core   0: 3 0x800047d0 (0x001d0d13) x26 0x00000011
core   0: 0x800047d4 (0x0057e433) or      s0, a5, t0
core   0: 3 0x800047d4 (0x0057e433) x 8 0x80024e14
core   0: 0x800047d8 (0x00000013) nop
core   0: 3 0x800047d8 (0x00000013)
core   0: 0x800047dc (0xff900513) li      a0, -7
core   0: 3 0x800047dc (0xff900513) x10 0xfffffff9
core   0: 0x800047e0 (0xe9a4a593) slti    a1, s1, -358
core   0: 3 0x800047e0 (0xe9a4a593) x11 0x00000000
core   0: 0x800047e4 (0x20a31017) auipc   zero, 0x20a31
core   0: 3 0x800047e4 (0x20a31017)
core   0: 0x800047e8 (0x01942133) slt     sp, s0, s9
core   0: 3 0x800047e8 (0x01942133) x 2 0x00000001
core   0: 0x800047ec (0x00200093) li      ra, 2
core   0: 3 0x800047ec (0x00200093) x 1 0x00000002
core   0: 0x800047f0 (0x41c981b3) sub     gp, s3, t3
core   0: 3 0x800047f0 (0x41c981b3) x 3 0x80024c71
core   0: 0x800047f4 (0x0000100f) fence.i
core   0: 3 0x800047f4 (0x0000100f)
core   0: 0x800047f8 (0x0005e4b3) or      s1, a1, zero
core   0: 3 0x800047f8 (0x0005e4b3) x 9 0x00000000
core   0: 0x800047fc (0x00000013) nop
core   0: 3 0x800047fc (0x00000013)
core   0: 0x80004800 (0x00150513) addi    a0, a0, 1
core   0: 3 0x80004800 (0x00150513) x10 0xfffffffa
core   0: 0x80004804 (0x0000100f) fence.i
core   0: 3 0x80004804 (0x0000100f)
core   0: 0x80004808 (0x5d44e193) ori     gp, s1, 1492
core   0: 3 0x80004808 (0x5d44e193) x 3 0x000005d4
core   0: 0x8000480c (0xfe1506e3) beq     a0, ra, pc - 20
core   0: 3 0x8000480c (0xfe1506e3)
core   0: 0x80004810 (0x41b85493) srai    s1, a6, 27
core   0: 3 0x80004810 (0x41b85493) x 9 0xfffffff0
core   0: 0x80004814 (0xe031ce13) xori    t3, gp, -509
core   0: 3 0x80004814 (0xe031ce13) x28 0xfffffbd7
core   0: 0x80004818 (0x40d65033) sra     zero, a2, a3
core   0: 3 0x80004818 (0x40d65033)
core   0: 0x8000481c (0x0008ddb3) srl     s11, a7, zero
core   0: 3 0x8000481c (0x0008ddb3) x27 0x80028ce4
core   0: 0x80004820 (0xfa5d16e3) bne     s10, t0, pc - 84
core   0: 3 0x80004820 (0xfa5d16e3)
core   0: 0x800047cc (0xa3e53713) sltiu   a4, a0, -1474
core   0: 3 0x800047cc (0xa3e53713) x14 0x00000000
core   0: 0x800047d0 (0x001d0d13) addi    s10, s10, 1
core   0: 3 0x800047d0 (0x001d0d13) x26 0x00000012
core   0: 0x800047d4 (0x0057e433) or      s0, a5, t0
core   0: 3 0x800047d4 (0x0057e433) x 8 0x80024e14
core   0: 0x800047d8 (0x00000013) nop
core   0: 3 0x800047d8 (0x00000013)
core   0: 0x800047dc (0xff900513) li      a0, -7
core   0: 3 0x800047dc (0xff900513) x10 0xfffffff9
core   0: 0x800047e0 (0xe9a4a593) slti    a1, s1, -358
core   0: 3 0x800047e0 (0xe9a4a593) x11 0x00000000
core   0: 0x800047e4 (0x20a31017) auipc   zero, 0x20a31
core   0: 3 0x800047e4 (0x20a31017)
core   0: 0x800047e8 (0x01942133) slt     sp, s0, s9
core   0: 3 0x800047e8 (0x01942133) x 2 0x00000001
core   0: 0x800047ec (0x00200093) li      ra, 2
core   0: 3 0x800047ec (0x00200093) x 1 0x00000002
core   0: 0x800047f0 (0x41c981b3) sub     gp, s3, t3
core   0: 3 0x800047f0 (0x41c981b3) x 3 0x80024c71
core   0: 0x800047f4 (0x0000100f) fence.i
core   0: 3 0x800047f4 (0x0000100f)
core   0: 0x800047f8 (0x0005e4b3) or      s1, a1, zero
core   0: 3 0x800047f8 (0x0005e4b3) x 9 0x00000000
core   0: 0x800047fc (0x00000013) nop
core   0: 3 0x800047fc (0x00000013)
core   0: 0x80004800 (0x00150513) addi    a0, a0, 1
core   0: 3 0x80004800 (0x00150513) x10 0xfffffffa
core   0: 0x80004804 (0x0000100f) fence.i
core   0: 3 0x80004804 (0x0000100f)
core   0: 0x80004808 (0x5d44e193) ori     gp, s1, 1492
core   0: 3 0x80004808 (0x5d44e193) x 3 0x000005d4
core   0: 0x8000480c (0xfe1506e3) beq     a0, ra, pc - 20
core   0: 3 0x8000480c (0xfe1506e3)
core   0: 0x80004810 (0x41b85493) srai    s1, a6, 27
core   0: 3 0x80004810 (0x41b85493) x 9 0xfffffff0
core   0: 0x80004814 (0xe031ce13) xori    t3, gp, -509
core   0: 3 0x80004814 (0xe031ce13) x28 0xfffffbd7
core   0: 0x80004818 (0x40d65033) sra     zero, a2, a3
core   0: 3 0x80004818 (0x40d65033)
core   0: 0x8000481c (0x0008ddb3) srl     s11, a7, zero
core   0: 3 0x8000481c (0x0008ddb3) x27 0x80028ce4
core   0: 0x80004820 (0xfa5d16e3) bne     s10, t0, pc - 84
core   0: 3 0x80004820 (0xfa5d16e3)
core   0: 0x800047cc (0xa3e53713) sltiu   a4, a0, -1474
core   0: 3 0x800047cc (0xa3e53713) x14 0x00000000
core   0: 0x800047d0 (0x001d0d13) addi    s10, s10, 1
core   0: 3 0x800047d0 (0x001d0d13) x26 0x00000013
core   0: 0x800047d4 (0x0057e433) or      s0, a5, t0
core   0: 3 0x800047d4 (0x0057e433) x 8 0x80024e14
core   0: 0x800047d8 (0x00000013) nop
core   0: 3 0x800047d8 (0x00000013)
core   0: 0x800047dc (0xff900513) li      a0, -7
core   0: 3 0x800047dc (0xff900513) x10 0xfffffff9
core   0: 0x800047e0 (0xe9a4a593) slti    a1, s1, -358
core   0: 3 0x800047e0 (0xe9a4a593) x11 0x00000000
core   0: 0x800047e4 (0x20a31017) auipc   zero, 0x20a31
core   0: 3 0x800047e4 (0x20a31017)
core   0: 0x800047e8 (0x01942133) slt     sp, s0, s9
core   0: 3 0x800047e8 (0x01942133) x 2 0x00000001
core   0: 0x800047ec (0x00200093) li      ra, 2
core   0: 3 0x800047ec (0x00200093) x 1 0x00000002
core   0: 0x800047f0 (0x41c981b3) sub     gp, s3, t3
core   0: 3 0x800047f0 (0x41c981b3) x 3 0x80024c71
core   0: 0x800047f4 (0x0000100f) fence.i
core   0: 3 0x800047f4 (0x0000100f)
core   0: 0x800047f8 (0x0005e4b3) or      s1, a1, zero
core   0: 3 0x800047f8 (0x0005e4b3) x 9 0x00000000
core   0: 0x800047fc (0x00000013) nop
core   0: 3 0x800047fc (0x00000013)
core   0: 0x80004800 (0x00150513) addi    a0, a0, 1
core   0: 3 0x80004800 (0x00150513) x10 0xfffffffa
core   0: 0x80004804 (0x0000100f) fence.i
core   0: 3 0x80004804 (0x0000100f)
core   0: 0x80004808 (0x5d44e193) ori     gp, s1, 1492
core   0: 3 0x80004808 (0x5d44e193) x 3 0x000005d4
core   0: 0x8000480c (0xfe1506e3) beq     a0, ra, pc - 20
core   0: 3 0x8000480c (0xfe1506e3)
core   0: 0x80004810 (0x41b85493) srai    s1, a6, 27
core   0: 3 0x80004810 (0x41b85493) x 9 0xfffffff0
core   0: 0x80004814 (0xe031ce13) xori    t3, gp, -509
core   0: 3 0x80004814 (0xe031ce13) x28 0xfffffbd7
core   0: 0x80004818 (0x40d65033) sra     zero, a2, a3
core   0: 3 0x80004818 (0x40d65033)
core   0: 0x8000481c (0x0008ddb3) srl     s11, a7, zero
core   0: 3 0x8000481c (0x0008ddb3) x27 0x80028ce4
core   0: 0x80004820 (0xfa5d16e3) bne     s10, t0, pc - 84
core   0: 3 0x80004820 (0xfa5d16e3)
core   0: 0x800047cc (0xa3e53713) sltiu   a4, a0, -1474
core   0: 3 0x800047cc (0xa3e53713) x14 0x00000000
core   0: 0x800047d0 (0x001d0d13) addi    s10, s10, 1
core   0: 3 0x800047d0 (0x001d0d13) x26 0x00000014
core   0: 0x800047d4 (0x0057e433) or      s0, a5, t0
core   0: 3 0x800047d4 (0x0057e433) x 8 0x80024e14
core   0: 0x800047d8 (0x00000013) nop
core   0: 3 0x800047d8 (0x00000013)
core   0: 0x800047dc (0xff900513) li      a0, -7
core   0: 3 0x800047dc (0xff900513) x10 0xfffffff9
core   0: 0x800047e0 (0xe9a4a593) slti    a1, s1, -358
core   0: 3 0x800047e0 (0xe9a4a593) x11 0x00000000
core   0: 0x800047e4 (0x20a31017) auipc   zero, 0x20a31
core   0: 3 0x800047e4 (0x20a31017)
core   0: 0x800047e8 (0x01942133) slt     sp, s0, s9
core   0: 3 0x800047e8 (0x01942133) x 2 0x00000001
core   0: 0x800047ec (0x00200093) li      ra, 2
core   0: 3 0x800047ec (0x00200093) x 1 0x00000002
core   0: 0x800047f0 (0x41c981b3) sub     gp, s3, t3
core   0: 3 0x800047f0 (0x41c981b3) x 3 0x80024c71
core   0: 0x800047f4 (0x0000100f) fence.i
core   0: 3 0x800047f4 (0x0000100f)
core   0: 0x800047f8 (0x0005e4b3) or      s1, a1, zero
core   0: 3 0x800047f8 (0x0005e4b3) x 9 0x00000000
core   0: 0x800047fc (0x00000013) nop
core   0: 3 0x800047fc (0x00000013)
core   0: 0x80004800 (0x00150513) addi    a0, a0, 1
core   0: 3 0x80004800 (0x00150513) x10 0xfffffffa
core   0: 0x80004804 (0x0000100f) fence.i
core   0: 3 0x80004804 (0x0000100f)
core   0: 0x80004808 (0x5d44e193) ori     gp, s1, 1492
core   0: 3 0x80004808 (0x5d44e193) x 3 0x000005d4
core   0: 0x8000480c (0xfe1506e3) beq     a0, ra, pc - 20
core   0: 3 0x8000480c (0xfe1506e3)
core   0: 0x80004810 (0x41b85493) srai    s1, a6, 27
core   0: 3 0x80004810 (0x41b85493) x 9 0xfffffff0
core   0: 0x80004814 (0xe031ce13) xori    t3, gp, -509
core   0: 3 0x80004814 (0xe031ce13) x28 0xfffffbd7
core   0: 0x80004818 (0x40d65033) sra     zero, a2, a3
core   0: 3 0x80004818 (0x40d65033)
core   0: 0x8000481c (0x0008ddb3) srl     s11, a7, zero
core   0: 3 0x8000481c (0x0008ddb3) x27 0x80028ce4
core   0: 0x80004820 (0xfa5d16e3) bne     s10, t0, pc - 84
core   0: 3 0x80004820 (0xfa5d16e3)
core   0: 0x80004824 (0x01f71c13) slli    s8, a4, 31
core   0: 3 0x80004824 (0x01f71c13) x24 0x00000000
core   0: 0x80004828 (0xffd00513) li      a0, -3
core   0: 3 0x80004828 (0xffd00513) x10 0xfffffffd
core   0: 0x8000482c (0xd43be393) ori     t2, s7, -701
core   0: 3 0x8000482c (0xd43be393) x 7 0xfffffd43
core   0: 0x80004830 (0x40755193) srai    gp, a0, 7
core   0: 3 0x80004830 (0x40755193) x 3 0xffffffff
core   0: 0x80004834 (0xff500993) li      s3, -11
core   0: 3 0x80004834 (0xff500993) x19 0xfffffff5
core   0: 0x80004838 (0x10278493) addi    s1, a5, 258
core   0: 3 0x80004838 (0x10278493) x 9 0x80024f06
core   0: 0x8000483c (0x41d8dab3) sra     s5, a7, t4
core   0: 3 0x8000483c (0x41d8dab3) x21 0x80028ce4
core   0: 0x80004840 (0x0000100f) fence.i
core   0: 3 0x80004840 (0x0000100f)
core   0: 0x80004844 (0x00ae02b3) add     t0, t3, a0
core   0: 3 0x80004844 (0x00ae02b3) x 5 0xfffffbd4
core   0: 0x80004848 (0x0171cdb3) xor     s11, gp, s7
core   0: 3 0x80004848 (0x0171cdb3) x27 0xffffffff
core   0: 0x8000484c (0x006002b3) add     t0, zero, t1
core   0: 3 0x8000484c (0x006002b3) x 5 0xfffffe3f
core   0: 0x80004850 (0xffc50513) addi    a0, a0, -4
core   0: 3 0x80004850 (0xffc50513) x10 0xfffffff9
core   0: 0x80004854 (0xff351ce3) bne     a0, s3, pc - 8
core   0: 3 0x80004854 (0xff351ce3)
core   0: 0x8000484c (0x006002b3) add     t0, zero, t1
core   0: 3 0x8000484c (0x006002b3) x 5 0xfffffe3f
core   0: 0x80004850 (0xffc50513) addi    a0, a0, -4
core   0: 3 0x80004850 (0xffc50513) x10 0xfffffff5
core   0: 0x80004854 (0xff351ce3) bne     a0, s3, pc - 8
core   0: 3 0x80004854 (0xff351ce3)
core   0: 0x80004858 (0x0000100f) fence.i
core   0: 3 0x80004858 (0x0000100f)
core   0: 0x8000485c (0x00000713) li      a4, 0
core   0: 3 0x8000485c (0x00000713) x14 0x00000000
core   0: 0x80004860 (0xd1411f17) auipc   t5, 0xd1411
core   0: 3 0x80004860 (0xd1411f17) x30 0x51415860
core   0: 0x80004864 (0x00b00913) li      s2, 11
core   0: 3 0x80004864 (0x00b00913) x18 0x0000000b
core   0: 0x80004868 (0x01c82b33) slt     s6, a6, t3
core   0: 3 0x80004868 (0x01c82b33) x22 0x00000001
core   0: 0x8000486c (0x941ad497) auipc   s1, 0x941ad
core   0: 3 0x8000486c (0x941ad497) x 9 0x141b186c
core   0: 0x80004870 (0x008cf433) and     s0, s9, s0
core   0: 3 0x80004870 (0x008cf433) x 8 0x80024e14
core   0: 0x80004874 (0x9cee8137) lui     sp, 0x9cee8
core   0: 3 0x80004874 (0x9cee8137) x 2 0x9cee8000
core   0: 0x80004878 (0x0025b333) sltu    t1, a1, sp
core   0: 3 0x80004878 (0x0025b333) x 6 0x00000001
core   0: 0x8000487c (0x00170713) addi    a4, a4, 1
core   0: 3 0x8000487c (0x00170713) x14 0x00000001
core   0: 0x80004880 (0xff271ae3) bne     a4, s2, pc - 12
core   0: 3 0x80004880 (0xff271ae3)
core   0: 0x80004874 (0x9cee8137) lui     sp, 0x9cee8
core   0: 3 0x80004874 (0x9cee8137) x 2 0x9cee8000
core   0: 0x80004878 (0x0025b333) sltu    t1, a1, sp
core   0: 3 0x80004878 (0x0025b333) x 6 0x00000001
core   0: 0x8000487c (0x00170713) addi    a4, a4, 1
core   0: 3 0x8000487c (0x00170713) x14 0x00000002
core   0: 0x80004880 (0xff271ae3) bne     a4, s2, pc - 12
core   0: 3 0x80004880 (0xff271ae3)
core   0: 0x80004874 (0x9cee8137) lui     sp, 0x9cee8
core   0: 3 0x80004874 (0x9cee8137) x 2 0x9cee8000
core   0: 0x80004878 (0x0025b333) sltu    t1, a1, sp
core   0: 3 0x80004878 (0x0025b333) x 6 0x00000001
core   0: 0x8000487c (0x00170713) addi    a4, a4, 1
core   0: 3 0x8000487c (0x00170713) x14 0x00000003
core   0: 0x80004880 (0xff271ae3) bne     a4, s2, pc - 12
core   0: 3 0x80004880 (0xff271ae3)
core   0: 0x80004874 (0x9cee8137) lui     sp, 0x9cee8
core   0: 3 0x80004874 (0x9cee8137) x 2 0x9cee8000
core   0: 0x80004878 (0x0025b333) sltu    t1, a1, sp
core   0: 3 0x80004878 (0x0025b333) x 6 0x00000001
core   0: 0x8000487c (0x00170713) addi    a4, a4, 1
core   0: 3 0x8000487c (0x00170713) x14 0x00000004
core   0: 0x80004880 (0xff271ae3) bne     a4, s2, pc - 12
core   0: 3 0x80004880 (0xff271ae3)
core   0: 0x80004874 (0x9cee8137) lui     sp, 0x9cee8
core   0: 3 0x80004874 (0x9cee8137) x 2 0x9cee8000
core   0: 0x80004878 (0x0025b333) sltu    t1, a1, sp
core   0: 3 0x80004878 (0x0025b333) x 6 0x00000001
core   0: 0x8000487c (0x00170713) addi    a4, a4, 1
core   0: 3 0x8000487c (0x00170713) x14 0x00000005
core   0: 0x80004880 (0xff271ae3) bne     a4, s2, pc - 12
core   0: 3 0x80004880 (0xff271ae3)
core   0: 0x80004874 (0x9cee8137) lui     sp, 0x9cee8
core   0: 3 0x80004874 (0x9cee8137) x 2 0x9cee8000
core   0: 0x80004878 (0x0025b333) sltu    t1, a1, sp
core   0: 3 0x80004878 (0x0025b333) x 6 0x00000001
core   0: 0x8000487c (0x00170713) addi    a4, a4, 1
core   0: 3 0x8000487c (0x00170713) x14 0x00000006
core   0: 0x80004880 (0xff271ae3) bne     a4, s2, pc - 12
core   0: 3 0x80004880 (0xff271ae3)
core   0: 0x80004874 (0x9cee8137) lui     sp, 0x9cee8
core   0: 3 0x80004874 (0x9cee8137) x 2 0x9cee8000
core   0: 0x80004878 (0x0025b333) sltu    t1, a1, sp
core   0: 3 0x80004878 (0x0025b333) x 6 0x00000001
core   0: 0x8000487c (0x00170713) addi    a4, a4, 1
core   0: 3 0x8000487c (0x00170713) x14 0x00000007
core   0: 0x80004880 (0xff271ae3) bne     a4, s2, pc - 12
core   0: 3 0x80004880 (0xff271ae3)
core   0: 0x80004874 (0x9cee8137) lui     sp, 0x9cee8
core   0: 3 0x80004874 (0x9cee8137) x 2 0x9cee8000
core   0: 0x80004878 (0x0025b333) sltu    t1, a1, sp
core   0: 3 0x80004878 (0x0025b333) x 6 0x00000001
core   0: 0x8000487c (0x00170713) addi    a4, a4, 1
core   0: 3 0x8000487c (0x00170713) x14 0x00000008
core   0: 0x80004880 (0xff271ae3) bne     a4, s2, pc - 12
core   0: 3 0x80004880 (0xff271ae3)
core   0: 0x80004874 (0x9cee8137) lui     sp, 0x9cee8
core   0: 3 0x80004874 (0x9cee8137) x 2 0x9cee8000
core   0: 0x80004878 (0x0025b333) sltu    t1, a1, sp
core   0: 3 0x80004878 (0x0025b333) x 6 0x00000001
core   0: 0x8000487c (0x00170713) addi    a4, a4, 1
core   0: 3 0x8000487c (0x00170713) x14 0x00000009
core   0: 0x80004880 (0xff271ae3) bne     a4, s2, pc - 12
core   0: 3 0x80004880 (0xff271ae3)
core   0: 0x80004874 (0x9cee8137) lui     sp, 0x9cee8
core   0: 3 0x80004874 (0x9cee8137) x 2 0x9cee8000
core   0: 0x80004878 (0x0025b333) sltu    t1, a1, sp
core   0: 3 0x80004878 (0x0025b333) x 6 0x00000001
core   0: 0x8000487c (0x00170713) addi    a4, a4, 1
core   0: 3 0x8000487c (0x00170713) x14 0x0000000a
core   0: 0x80004880 (0xff271ae3) bne     a4, s2, pc - 12
core   0: 3 0x80004880 (0xff271ae3)
core   0: 0x80004874 (0x9cee8137) lui     sp, 0x9cee8
core   0: 3 0x80004874 (0x9cee8137) x 2 0x9cee8000
core   0: 0x80004878 (0x0025b333) sltu    t1, a1, sp
core   0: 3 0x80004878 (0x0025b333) x 6 0x00000001
core   0: 0x8000487c (0x00170713) addi    a4, a4, 1
core   0: 3 0x8000487c (0x00170713) x14 0x0000000b
core   0: 0x80004880 (0xff271ae3) bne     a4, s2, pc - 12
core   0: 3 0x80004880 (0xff271ae3)
core   0: 0x80004884 (0x013302b3) add     t0, t1, s3
core   0: 3 0x80004884 (0x013302b3) x 5 0xfffffff6
core   0: 0x80004888 (0xff600693) li      a3, -10
core   0: 3 0x80004888 (0xff600693) x13 0xfffffff6
core   0: 0x8000488c (0x00d1b9b3) sltu    s3, gp, a3
core   0: 3 0x8000488c (0x00d1b9b3) x19 0x00000000
core   0: 0x80004890 (0x00f00413) li      s0, 15
core   0: 3 0x80004890 (0x00f00413) x 8 0x0000000f
core   0: 0x80004894 (0x01058033) add     zero, a1, a6
core   0: 3 0x80004894 (0x01058033)
core   0: 0x80004898 (0x156ff213) andi    tp, t6, 342
core   0: 3 0x80004898 (0x156ff213) x 4 0x00000000
core   0: 0x8000489c (0x00868693) addi    a3, a3, 8
core   0: 3 0x8000489c (0x00868693) x13 0xfffffffe
core   0: 0x800048a0 (0x41da8133) sub     sp, s5, t4
core   0: 3 0x800048a0 (0x41da8133) x 2 0x80028ce4
core   0: 0x800048a4 (0x40d554b3) sra     s1, a0, a3
core   0: 3 0x800048a4 (0x40d554b3) x 9 0xffffffff
core   0: 0x800048a8 (0x00a00f93) li      t6, 10
core   0: 3 0x800048a8 (0x00a00f93) x31 0x0000000a
core   0: 0x800048ac (0x019c65b3) or      a1, s8, s9
core   0: 3 0x800048ac (0x019c65b3) x11 0xffffffff
core   0: 0x800048b0 (0x00700193) li      gp, 7
core   0: 3 0x800048b0 (0x00700193) x 3 0x00000007
core   0: 0x800048b4 (0x017fd5b3) srl     a1, t6, s7
core   0: 3 0x800048b4 (0x017fd5b3) x11 0x0000000a
core   0: 0x800048b8 (0x000f7533) and     a0, t5, zero
core   0: 3 0x800048b8 (0x000f7533) x10 0x00000000
core   0: 0x800048bc (0xffef8f93) addi    t6, t6, -2
core   0: 3 0x800048bc (0xffef8f93) x31 0x00000008
core   0: 0x800048c0 (0x009cb133) sltu    sp, s9, s1
core   0: 3 0x800048c0 (0x009cb133) x 2 0x00000000
core   0: 0x800048c4 (0x41fa5933) sra     s2, s4, t6
core   0: 3 0x800048c4 (0x41fa5933) x18 0xfffffff8
core   0: 0x800048c8 (0x0085de93) srli    t4, a1, 8
core   0: 3 0x800048c8 (0x0085de93) x29 0x00000000
core   0: 0x800048cc (0x012dd113) srli    sp, s11, 18
core   0: 3 0x800048cc (0x012dd113) x 2 0x00003fff
core   0: 0x800048d0 (0xfe3ff4e3) bgeu    t6, gp, pc - 24
core   0: 3 0x800048d0 (0xfe3ff4e3)
core   0: 0x800048b8 (0x000f7533) and     a0, t5, zero
core   0: 3 0x800048b8 (0x000f7533) x10 0x00000000
core   0: 0x800048bc (0xffef8f93) addi    t6, t6, -2
core   0: 3 0x800048bc (0xffef8f93) x31 0x00000006
core   0: 0x800048c0 (0x009cb133) sltu    sp, s9, s1
core   0: 3 0x800048c0 (0x009cb133) x 2 0x00000000
core   0: 0x800048c4 (0x41fa5933) sra     s2, s4, t6
core   0: 3 0x800048c4 (0x41fa5933) x18 0xffffffe1
core   0: 0x800048c8 (0x0085de93) srli    t4, a1, 8
core   0: 3 0x800048c8 (0x0085de93) x29 0x00000000
core   0: 0x800048cc (0x012dd113) srli    sp, s11, 18
core   0: 3 0x800048cc (0x012dd113) x 2 0x00003fff
core   0: 0x800048d0 (0xfe3ff4e3) bgeu    t6, gp, pc - 24
core   0: 3 0x800048d0 (0xfe3ff4e3)
core   0: 0x800048d4 (0x2195bb17) auipc   s6, 0x2195b
core   0: 3 0x800048d4 (0x2195bb17) x22 0xa195f8d4
core   0: 0x800048d8 (0x40b15493) srai    s1, sp, 11
core   0: 3 0x800048d8 (0x40b15493) x 9 0x00000007
core   0: 0x800048dc (0x40b50d33) sub     s10, a0, a1
core   0: 3 0x800048dc (0x40b50d33) x26 0xfffffff6
core   0: 0x800048e0 (0x01666eb3) or      t4, a2, s6
core   0: 3 0x800048e0 (0x01666eb3) x29 0xa195f8d4
core   0: 0x800048e4 (0x0138e733) or      a4, a7, s3
core   0: 3 0x800048e4 (0x0138e733) x14 0x80028ce4
core   0: 0x800048e8 (0xfa86e8e3) bltu    a3, s0, pc - 80
core   0: 3 0x800048e8 (0xfa86e8e3)
core   0: 0x800048ec (0xc5bd8c93) addi    s9, s11, -933
core   0: 3 0x800048ec (0xc5bd8c93) x25 0xfffffc5a
core   0: 0x800048f0 (0xffd00413) li      s0, -3
core   0: 3 0x800048f0 (0xffd00413) x 8 0xfffffffd
core   0: 0x800048f4 (0x0000100f) fence.i
core   0: 3 0x800048f4 (0x0000100f)
core   0: 0x800048f8 (0x00000013) nop
core   0: 3 0x800048f8 (0x00000013)
core   0: 0x800048fc (0x00f00613) li      a2, 15
core   0: 3 0x800048fc (0x00f00613) x12 0x0000000f
core   0: 0x80004900 (0x015b34b3) sltu    s1, s6, s5
core   0: 3 0x80004900 (0x015b34b3) x 9 0x00000000
core   0: 0x80004904 (0x0ff0000f) fence   iorw,iorw
core   0: 3 0x80004904 (0x0ff0000f)
core   0: 0x80004908 (0x00639b93) slli    s7, t2, 6
core   0: 3 0x80004908 (0x00639b93) x23 0xffff50c0
core   0: 0x8000490c (0x40c2df33) sra     t5, t0, a2
core   0: 3 0x8000490c (0x40c2df33) x30 0xffffffff
core   0: 0x80004910 (0x0003aeb3) slt     t4, t2, zero
core   0: 3 0x80004910 (0x0003aeb3) x29 0x00000001
core   0: 0x80004914 (0x005ee1b3) or      gp, t4, t0
core   0: 3 0x80004914 (0x005ee1b3) x 3 0xfffffff7
core   0: 0x80004918 (0x017f1d33) sll     s10, t5, s7
core   0: 3 0x80004918 (0x017f1d33) x26 0xffffffff
core   0: 0x8000491c (0x00140413) addi    s0, s0, 1
core   0: 3 0x8000491c (0x00140413) x 8 0xfffffffe
core   0: 0x80004920 (0x0ff0000f) fence   iorw,iorw
core   0: 3 0x80004920 (0x0ff0000f)
core   0: 0x80004924 (0x3c172c13) slti    s8, a4, 961
core   0: 3 0x80004924 (0x3c172c13) x24 0x00000001
core   0: 0x80004928 (0x41a05333) sra     t1, zero, s10
core   0: 3 0x80004928 (0x41a05333) x 6 0x00000000
core   0: 0x8000492c (0x00000013) nop
core   0: 3 0x8000492c (0x00000013)
core   0: 0x80004930 (0x01d2f6b3) and     a3, t0, t4
core   0: 3 0x80004930 (0x01d2f6b3) x13 0x00000000
core   0: 0x80004934 (0xfcc446e3) blt     s0, a2, pc - 52
core   0: 3 0x80004934 (0xfcc446e3)
core   0: 0x80004900 (0x015b34b3) sltu    s1, s6, s5
core   0: 3 0x80004900 (0x015b34b3) x 9 0x00000000
core   0: 0x80004904 (0x0ff0000f) fence   iorw,iorw
core   0: 3 0x80004904 (0x0ff0000f)
core   0: 0x80004908 (0x00639b93) slli    s7, t2, 6
core   0: 3 0x80004908 (0x00639b93) x23 0xffff50c0
core   0: 0x8000490c (0x40c2df33) sra     t5, t0, a2
core   0: 3 0x8000490c (0x40c2df33) x30 0xffffffff
core   0: 0x80004910 (0x0003aeb3) slt     t4, t2, zero
core   0: 3 0x80004910 (0x0003aeb3) x29 0x00000001
core   0: 0x80004914 (0x005ee1b3) or      gp, t4, t0
core   0: 3 0x80004914 (0x005ee1b3) x 3 0xfffffff7
core   0: 0x80004918 (0x017f1d33) sll     s10, t5, s7
core   0: 3 0x80004918 (0x017f1d33) x26 0xffffffff
core   0: 0x8000491c (0x00140413) addi    s0, s0, 1
core   0: 3 0x8000491c (0x00140413) x 8 0xffffffff
core   0: 0x80004920 (0x0ff0000f) fence   iorw,iorw
core   0: 3 0x80004920 (0x0ff0000f)
core   0: 0x80004924 (0x3c172c13) slti    s8, a4, 961
core   0: 3 0x80004924 (0x3c172c13) x24 0x00000001
core   0: 0x80004928 (0x41a05333) sra     t1, zero, s10
core   0: 3 0x80004928 (0x41a05333) x 6 0x00000000
core   0: 0x8000492c (0x00000013) nop
core   0: 3 0x8000492c (0x00000013)
core   0: 0x80004930 (0x01d2f6b3) and     a3, t0, t4
core   0: 3 0x80004930 (0x01d2f6b3) x13 0x00000000
core   0: 0x80004934 (0xfcc446e3) blt     s0, a2, pc - 52
core   0: 3 0x80004934 (0xfcc446e3)
core   0: 0x80004900 (0x015b34b3) sltu    s1, s6, s5
core   0: 3 0x80004900 (0x015b34b3) x 9 0x00000000
core   0: 0x80004904 (0x0ff0000f) fence   iorw,iorw
core   0: 3 0x80004904 (0x0ff0000f)
core   0: 0x80004908 (0x00639b93) slli    s7, t2, 6
core   0: 3 0x80004908 (0x00639b93) x23 0xffff50c0
core   0: 0x8000490c (0x40c2df33) sra     t5, t0, a2
core   0: 3 0x8000490c (0x40c2df33) x30 0xffffffff
core   0: 0x80004910 (0x0003aeb3) slt     t4, t2, zero
core   0: 3 0x80004910 (0x0003aeb3) x29 0x00000001
core   0: 0x80004914 (0x005ee1b3) or      gp, t4, t0
core   0: 3 0x80004914 (0x005ee1b3) x 3 0xfffffff7
core   0: 0x80004918 (0x017f1d33) sll     s10, t5, s7
core   0: 3 0x80004918 (0x017f1d33) x26 0xffffffff
core   0: 0x8000491c (0x00140413) addi    s0, s0, 1
core   0: 3 0x8000491c (0x00140413) x 8 0x00000000
core   0: 0x80004920 (0x0ff0000f) fence   iorw,iorw
core   0: 3 0x80004920 (0x0ff0000f)
core   0: 0x80004924 (0x3c172c13) slti    s8, a4, 961
core   0: 3 0x80004924 (0x3c172c13) x24 0x00000001
core   0: 0x80004928 (0x41a05333) sra     t1, zero, s10
core   0: 3 0x80004928 (0x41a05333) x 6 0x00000000
core   0: 0x8000492c (0x00000013) nop
core   0: 3 0x8000492c (0x00000013)
core   0: 0x80004930 (0x01d2f6b3) and     a3, t0, t4
core   0: 3 0x80004930 (0x01d2f6b3) x13 0x00000000
core   0: 0x80004934 (0xfcc446e3) blt     s0, a2, pc - 52
core   0: 3 0x80004934 (0xfcc446e3)
core   0: 0x80004900 (0x015b34b3) sltu    s1, s6, s5
core   0: 3 0x80004900 (0x015b34b3) x 9 0x00000000
core   0: 0x80004904 (0x0ff0000f) fence   iorw,iorw
core   0: 3 0x80004904 (0x0ff0000f)
core   0: 0x80004908 (0x00639b93) slli    s7, t2, 6
core   0: 3 0x80004908 (0x00639b93) x23 0xffff50c0
core   0: 0x8000490c (0x40c2df33) sra     t5, t0, a2
core   0: 3 0x8000490c (0x40c2df33) x30 0xffffffff
core   0: 0x80004910 (0x0003aeb3) slt     t4, t2, zero
core   0: 3 0x80004910 (0x0003aeb3) x29 0x00000001
core   0: 0x80004914 (0x005ee1b3) or      gp, t4, t0
core   0: 3 0x80004914 (0x005ee1b3) x 3 0xfffffff7
core   0: 0x80004918 (0x017f1d33) sll     s10, t5, s7
core   0: 3 0x80004918 (0x017f1d33) x26 0xffffffff
core   0: 0x8000491c (0x00140413) addi    s0, s0, 1
core   0: 3 0x8000491c (0x00140413) x 8 0x00000001
core   0: 0x80004920 (0x0ff0000f) fence   iorw,iorw
core   0: 3 0x80004920 (0x0ff0000f)
core   0: 0x80004924 (0x3c172c13) slti    s8, a4, 961
core   0: 3 0x80004924 (0x3c172c13) x24 0x00000001
core   0: 0x80004928 (0x41a05333) sra     t1, zero, s10
core   0: 3 0x80004928 (0x41a05333) x 6 0x00000000
core   0: 0x8000492c (0x00000013) nop
core   0: 3 0x8000492c (0x00000013)
core   0: 0x80004930 (0x01d2f6b3) and     a3, t0, t4
core   0: 3 0x80004930 (0x01d2f6b3) x13 0x00000000
core   0: 0x80004934 (0xfcc446e3) blt     s0, a2, pc - 52
core   0: 3 0x80004934 (0xfcc446e3)
core   0: 0x80004900 (0x015b34b3) sltu    s1, s6, s5
core   0: 3 0x80004900 (0x015b34b3) x 9 0x00000000
core   0: 0x80004904 (0x0ff0000f) fence   iorw,iorw
core   0: 3 0x80004904 (0x0ff0000f)
core   0: 0x80004908 (0x00639b93) slli    s7, t2, 6
core   0: 3 0x80004908 (0x00639b93) x23 0xffff50c0
core   0: 0x8000490c (0x40c2df33) sra     t5, t0, a2
core   0: 3 0x8000490c (0x40c2df33) x30 0xffffffff
core   0: 0x80004910 (0x0003aeb3) slt     t4, t2, zero
core   0: 3 0x80004910 (0x0003aeb3) x29 0x00000001
core   0: 0x80004914 (0x005ee1b3) or      gp, t4, t0
core   0: 3 0x80004914 (0x005ee1b3) x 3 0xfffffff7
core   0: 0x80004918 (0x017f1d33) sll     s10, t5, s7
core   0: 3 0x80004918 (0x017f1d33) x26 0xffffffff
core   0: 0x8000491c (0x00140413) addi    s0, s0, 1
core   0: 3 0x8000491c (0x00140413) x 8 0x00000002
core   0: 0x80004920 (0x0ff0000f) fence   iorw,iorw
core   0: 3 0x80004920 (0x0ff0000f)
core   0: 0x80004924 (0x3c172c13) slti    s8, a4, 961
core   0: 3 0x80004924 (0x3c172c13) x24 0x00000001
core   0: 0x80004928 (0x41a05333) sra     t1, zero, s10
core   0: 3 0x80004928 (0x41a05333) x 6 0x00000000
core   0: 0x8000492c (0x00000013) nop
core   0: 3 0x8000492c (0x00000013)
core   0: 0x80004930 (0x01d2f6b3) and     a3, t0, t4
core   0: 3 0x80004930 (0x01d2f6b3) x13 0x00000000
core   0: 0x80004934 (0xfcc446e3) blt     s0, a2, pc - 52
core   0: 3 0x80004934 (0xfcc446e3)
core   0: 0x80004900 (0x015b34b3) sltu    s1, s6, s5
core   0: 3 0x80004900 (0x015b34b3) x 9 0x00000000
core   0: 0x80004904 (0x0ff0000f) fence   iorw,iorw
core   0: 3 0x80004904 (0x0ff0000f)
core   0: 0x80004908 (0x00639b93) slli    s7, t2, 6
core   0: 3 0x80004908 (0x00639b93) x23 0xffff50c0
core   0: 0x8000490c (0x40c2df33) sra     t5, t0, a2
core   0: 3 0x8000490c (0x40c2df33) x30 0xffffffff
core   0: 0x80004910 (0x0003aeb3) slt     t4, t2, zero
core   0: 3 0x80004910 (0x0003aeb3) x29 0x00000001
core   0: 0x80004914 (0x005ee1b3) or      gp, t4, t0
core   0: 3 0x80004914 (0x005ee1b3) x 3 0xfffffff7
core   0: 0x80004918 (0x017f1d33) sll     s10, t5, s7
core   0: 3 0x80004918 (0x017f1d33) x26 0xffffffff
core   0: 0x8000491c (0x00140413) addi    s0, s0, 1
core   0: 3 0x8000491c (0x00140413) x 8 0x00000003
core   0: 0x80004920 (0x0ff0000f) fence   iorw,iorw
core   0: 3 0x80004920 (0x0ff0000f)
core   0: 0x80004924 (0x3c172c13) slti    s8, a4, 961
core   0: 3 0x80004924 (0x3c172c13) x24 0x00000001
core   0: 0x80004928 (0x41a05333) sra     t1, zero, s10
core   0: 3 0x80004928 (0x41a05333) x 6 0x00000000
core   0: 0x8000492c (0x00000013) nop
core   0: 3 0x8000492c (0x00000013)
core   0: 0x80004930 (0x01d2f6b3) and     a3, t0, t4
core   0: 3 0x80004930 (0x01d2f6b3) x13 0x00000000
core   0: 0x80004934 (0xfcc446e3) blt     s0, a2, pc - 52
core   0: 3 0x80004934 (0xfcc446e3)
core   0: 0x80004900 (0x015b34b3) sltu    s1, s6, s5
core   0: 3 0x80004900 (0x015b34b3) x 9 0x00000000
core   0: 0x80004904 (0x0ff0000f) fence   iorw,iorw
core   0: 3 0x80004904 (0x0ff0000f)
core   0: 0x80004908 (0x00639b93) slli    s7, t2, 6
core   0: 3 0x80004908 (0x00639b93) x23 0xffff50c0
core   0: 0x8000490c (0x40c2df33) sra     t5, t0, a2
core   0: 3 0x8000490c (0x40c2df33) x30 0xffffffff
core   0: 0x80004910 (0x0003aeb3) slt     t4, t2, zero
core   0: 3 0x80004910 (0x0003aeb3) x29 0x00000001
core   0: 0x80004914 (0x005ee1b3) or      gp, t4, t0
core   0: 3 0x80004914 (0x005ee1b3) x 3 0xfffffff7
core   0: 0x80004918 (0x017f1d33) sll     s10, t5, s7
core   0: 3 0x80004918 (0x017f1d33) x26 0xffffffff
core   0: 0x8000491c (0x00140413) addi    s0, s0, 1
core   0: 3 0x8000491c (0x00140413) x 8 0x00000004
core   0: 0x80004920 (0x0ff0000f) fence   iorw,iorw
core   0: 3 0x80004920 (0x0ff0000f)
core   0: 0x80004924 (0x3c172c13) slti    s8, a4, 961
core   0: 3 0x80004924 (0x3c172c13) x24 0x00000001
core   0: 0x80004928 (0x41a05333) sra     t1, zero, s10
core   0: 3 0x80004928 (0x41a05333) x 6 0x00000000
core   0: 0x8000492c (0x00000013) nop
core   0: 3 0x8000492c (0x00000013)
core   0: 0x80004930 (0x01d2f6b3) and     a3, t0, t4
core   0: 3 0x80004930 (0x01d2f6b3) x13 0x00000000
core   0: 0x80004934 (0xfcc446e3) blt     s0, a2, pc - 52
core   0: 3 0x80004934 (0xfcc446e3)
core   0: 0x80004900 (0x015b34b3) sltu    s1, s6, s5
core   0: 3 0x80004900 (0x015b34b3) x 9 0x00000000
core   0: 0x80004904 (0x0ff0000f) fence   iorw,iorw
core   0: 3 0x80004904 (0x0ff0000f)
core   0: 0x80004908 (0x00639b93) slli    s7, t2, 6
core   0: 3 0x80004908 (0x00639b93) x23 0xffff50c0
core   0: 0x8000490c (0x40c2df33) sra     t5, t0, a2
core   0: 3 0x8000490c (0x40c2df33) x30 0xffffffff
core   0: 0x80004910 (0x0003aeb3) slt     t4, t2, zero
core   0: 3 0x80004910 (0x0003aeb3) x29 0x00000001
core   0: 0x80004914 (0x005ee1b3) or      gp, t4, t0
core   0: 3 0x80004914 (0x005ee1b3) x 3 0xfffffff7
core   0: 0x80004918 (0x017f1d33) sll     s10, t5, s7
core   0: 3 0x80004918 (0x017f1d33) x26 0xffffffff
core   0: 0x8000491c (0x00140413) addi    s0, s0, 1
core   0: 3 0x8000491c (0x00140413) x 8 0x00000005
core   0: 0x80004920 (0x0ff0000f) fence   iorw,iorw
core   0: 3 0x80004920 (0x0ff0000f)
core   0: 0x80004924 (0x3c172c13) slti    s8, a4, 961
core   0: 3 0x80004924 (0x3c172c13) x24 0x00000001
core   0: 0x80004928 (0x41a05333) sra     t1, zero, s10
core   0: 3 0x80004928 (0x41a05333) x 6 0x00000000
core   0: 0x8000492c (0x00000013) nop
core   0: 3 0x8000492c (0x00000013)
core   0: 0x80004930 (0x01d2f6b3) and     a3, t0, t4
core   0: 3 0x80004930 (0x01d2f6b3) x13 0x00000000
core   0: 0x80004934 (0xfcc446e3) blt     s0, a2, pc - 52
core   0: 3 0x80004934 (0xfcc446e3)
core   0: 0x80004900 (0x015b34b3) sltu    s1, s6, s5
core   0: 3 0x80004900 (0x015b34b3) x 9 0x00000000
core   0: 0x80004904 (0x0ff0000f) fence   iorw,iorw
core   0: 3 0x80004904 (0x0ff0000f)
core   0: 0x80004908 (0x00639b93) slli    s7, t2, 6
core   0: 3 0x80004908 (0x00639b93) x23 0xffff50c0
core   0: 0x8000490c (0x40c2df33) sra     t5, t0, a2
core   0: 3 0x8000490c (0x40c2df33) x30 0xffffffff
core   0: 0x80004910 (0x0003aeb3) slt     t4, t2, zero
core   0: 3 0x80004910 (0x0003aeb3) x29 0x00000001
core   0: 0x80004914 (0x005ee1b3) or      gp, t4, t0
core   0: 3 0x80004914 (0x005ee1b3) x 3 0xfffffff7
core   0: 0x80004918 (0x017f1d33) sll     s10, t5, s7
core   0: 3 0x80004918 (0x017f1d33) x26 0xffffffff
core   0: 0x8000491c (0x00140413) addi    s0, s0, 1
core   0: 3 0x8000491c (0x00140413) x 8 0x00000006
core   0: 0x80004920 (0x0ff0000f) fence   iorw,iorw
core   0: 3 0x80004920 (0x0ff0000f)
core   0: 0x80004924 (0x3c172c13) slti    s8, a4, 961
core   0: 3 0x80004924 (0x3c172c13) x24 0x00000001
core   0: 0x80004928 (0x41a05333) sra     t1, zero, s10
core   0: 3 0x80004928 (0x41a05333) x 6 0x00000000
core   0: 0x8000492c (0x00000013) nop
core   0: 3 0x8000492c (0x00000013)
core   0: 0x80004930 (0x01d2f6b3) and     a3, t0, t4
core   0: 3 0x80004930 (0x01d2f6b3) x13 0x00000000
core   0: 0x80004934 (0xfcc446e3) blt     s0, a2, pc - 52
core   0: 3 0x80004934 (0xfcc446e3)
core   0: 0x80004900 (0x015b34b3) sltu    s1, s6, s5
core   0: 3 0x80004900 (0x015b34b3) x 9 0x00000000
core   0: 0x80004904 (0x0ff0000f) fence   iorw,iorw
core   0: 3 0x80004904 (0x0ff0000f)
core   0: 0x80004908 (0x00639b93) slli    s7, t2, 6
core   0: 3 0x80004908 (0x00639b93) x23 0xffff50c0
core   0: 0x8000490c (0x40c2df33) sra     t5, t0, a2
core   0: 3 0x8000490c (0x40c2df33) x30 0xffffffff
core   0: 0x80004910 (0x0003aeb3) slt     t4, t2, zero
core   0: 3 0x80004910 (0x0003aeb3) x29 0x00000001
core   0: 0x80004914 (0x005ee1b3) or      gp, t4, t0
core   0: 3 0x80004914 (0x005ee1b3) x 3 0xfffffff7
core   0: 0x80004918 (0x017f1d33) sll     s10, t5, s7
core   0: 3 0x80004918 (0x017f1d33) x26 0xffffffff
core   0: 0x8000491c (0x00140413) addi    s0, s0, 1
core   0: 3 0x8000491c (0x00140413) x 8 0x00000007
core   0: 0x80004920 (0x0ff0000f) fence   iorw,iorw
core   0: 3 0x80004920 (0x0ff0000f)
core   0: 0x80004924 (0x3c172c13) slti    s8, a4, 961
core   0: 3 0x80004924 (0x3c172c13) x24 0x00000001
core   0: 0x80004928 (0x41a05333) sra     t1, zero, s10
core   0: 3 0x80004928 (0x41a05333) x 6 0x00000000
core   0: 0x8000492c (0x00000013) nop
core   0: 3 0x8000492c (0x00000013)
core   0: 0x80004930 (0x01d2f6b3) and     a3, t0, t4
core   0: 3 0x80004930 (0x01d2f6b3) x13 0x00000000
core   0: 0x80004934 (0xfcc446e3) blt     s0, a2, pc - 52
core   0: 3 0x80004934 (0xfcc446e3)
core   0: 0x80004900 (0x015b34b3) sltu    s1, s6, s5
core   0: 3 0x80004900 (0x015b34b3) x 9 0x00000000
core   0: 0x80004904 (0x0ff0000f) fence   iorw,iorw
core   0: 3 0x80004904 (0x0ff0000f)
core   0: 0x80004908 (0x00639b93) slli    s7, t2, 6
core   0: 3 0x80004908 (0x00639b93) x23 0xffff50c0
core   0: 0x8000490c (0x40c2df33) sra     t5, t0, a2
core   0: 3 0x8000490c (0x40c2df33) x30 0xffffffff
core   0: 0x80004910 (0x0003aeb3) slt     t4, t2, zero
core   0: 3 0x80004910 (0x0003aeb3) x29 0x00000001
core   0: 0x80004914 (0x005ee1b3) or      gp, t4, t0
core   0: 3 0x80004914 (0x005ee1b3) x 3 0xfffffff7
core   0: 0x80004918 (0x017f1d33) sll     s10, t5, s7
core   0: 3 0x80004918 (0x017f1d33) x26 0xffffffff
core   0: 0x8000491c (0x00140413) addi    s0, s0, 1
core   0: 3 0x8000491c (0x00140413) x 8 0x00000008
core   0: 0x80004920 (0x0ff0000f) fence   iorw,iorw
core   0: 3 0x80004920 (0x0ff0000f)
core   0: 0x80004924 (0x3c172c13) slti    s8, a4, 961
core   0: 3 0x80004924 (0x3c172c13) x24 0x00000001
core   0: 0x80004928 (0x41a05333) sra     t1, zero, s10
core   0: 3 0x80004928 (0x41a05333) x 6 0x00000000
core   0: 0x8000492c (0x00000013) nop
core   0: 3 0x8000492c (0x00000013)
core   0: 0x80004930 (0x01d2f6b3) and     a3, t0, t4
core   0: 3 0x80004930 (0x01d2f6b3) x13 0x00000000
core   0: 0x80004934 (0xfcc446e3) blt     s0, a2, pc - 52
core   0: 3 0x80004934 (0xfcc446e3)
core   0: 0x80004900 (0x015b34b3) sltu    s1, s6, s5
core   0: 3 0x80004900 (0x015b34b3) x 9 0x00000000
core   0: 0x80004904 (0x0ff0000f) fence   iorw,iorw
core   0: 3 0x80004904 (0x0ff0000f)
core   0: 0x80004908 (0x00639b93) slli    s7, t2, 6
core   0: 3 0x80004908 (0x00639b93) x23 0xffff50c0
core   0: 0x8000490c (0x40c2df33) sra     t5, t0, a2
core   0: 3 0x8000490c (0x40c2df33) x30 0xffffffff
core   0: 0x80004910 (0x0003aeb3) slt     t4, t2, zero
core   0: 3 0x80004910 (0x0003aeb3) x29 0x00000001
core   0: 0x80004914 (0x005ee1b3) or      gp, t4, t0
core   0: 3 0x80004914 (0x005ee1b3) x 3 0xfffffff7
core   0: 0x80004918 (0x017f1d33) sll     s10, t5, s7
core   0: 3 0x80004918 (0x017f1d33) x26 0xffffffff
core   0: 0x8000491c (0x00140413) addi    s0, s0, 1
core   0: 3 0x8000491c (0x00140413) x 8 0x00000009
core   0: 0x80004920 (0x0ff0000f) fence   iorw,iorw
core   0: 3 0x80004920 (0x0ff0000f)
core   0: 0x80004924 (0x3c172c13) slti    s8, a4, 961
core   0: 3 0x80004924 (0x3c172c13) x24 0x00000001
core   0: 0x80004928 (0x41a05333) sra     t1, zero, s10
core   0: 3 0x80004928 (0x41a05333) x 6 0x00000000
core   0: 0x8000492c (0x00000013) nop
core   0: 3 0x8000492c (0x00000013)
core   0: 0x80004930 (0x01d2f6b3) and     a3, t0, t4
core   0: 3 0x80004930 (0x01d2f6b3) x13 0x00000000
core   0: 0x80004934 (0xfcc446e3) blt     s0, a2, pc - 52
core   0: 3 0x80004934 (0xfcc446e3)
core   0: 0x80004900 (0x015b34b3) sltu    s1, s6, s5
core   0: 3 0x80004900 (0x015b34b3) x 9 0x00000000
core   0: 0x80004904 (0x0ff0000f) fence   iorw,iorw
core   0: 3 0x80004904 (0x0ff0000f)
core   0: 0x80004908 (0x00639b93) slli    s7, t2, 6
core   0: 3 0x80004908 (0x00639b93) x23 0xffff50c0
core   0: 0x8000490c (0x40c2df33) sra     t5, t0, a2
core   0: 3 0x8000490c (0x40c2df33) x30 0xffffffff
core   0: 0x80004910 (0x0003aeb3) slt     t4, t2, zero
core   0: 3 0x80004910 (0x0003aeb3) x29 0x00000001
core   0: 0x80004914 (0x005ee1b3) or      gp, t4, t0
core   0: 3 0x80004914 (0x005ee1b3) x 3 0xfffffff7
core   0: 0x80004918 (0x017f1d33) sll     s10, t5, s7
core   0: 3 0x80004918 (0x017f1d33) x26 0xffffffff
core   0: 0x8000491c (0x00140413) addi    s0, s0, 1
core   0: 3 0x8000491c (0x00140413) x 8 0x0000000a
core   0: 0x80004920 (0x0ff0000f) fence   iorw,iorw
core   0: 3 0x80004920 (0x0ff0000f)
core   0: 0x80004924 (0x3c172c13) slti    s8, a4, 961
core   0: 3 0x80004924 (0x3c172c13) x24 0x00000001
core   0: 0x80004928 (0x41a05333) sra     t1, zero, s10
core   0: 3 0x80004928 (0x41a05333) x 6 0x00000000
core   0: 0x8000492c (0x00000013) nop
core   0: 3 0x8000492c (0x00000013)
core   0: 0x80004930 (0x01d2f6b3) and     a3, t0, t4
core   0: 3 0x80004930 (0x01d2f6b3) x13 0x00000000
core   0: 0x80004934 (0xfcc446e3) blt     s0, a2, pc - 52
core   0: 3 0x80004934 (0xfcc446e3)
core   0: 0x80004900 (0x015b34b3) sltu    s1, s6, s5
core   0: 3 0x80004900 (0x015b34b3) x 9 0x00000000
core   0: 0x80004904 (0x0ff0000f) fence   iorw,iorw
core   0: 3 0x80004904 (0x0ff0000f)
core   0: 0x80004908 (0x00639b93) slli    s7, t2, 6
core   0: 3 0x80004908 (0x00639b93) x23 0xffff50c0
core   0: 0x8000490c (0x40c2df33) sra     t5, t0, a2
core   0: 3 0x8000490c (0x40c2df33) x30 0xffffffff
core   0: 0x80004910 (0x0003aeb3) slt     t4, t2, zero
core   0: 3 0x80004910 (0x0003aeb3) x29 0x00000001
core   0: 0x80004914 (0x005ee1b3) or      gp, t4, t0
core   0: 3 0x80004914 (0x005ee1b3) x 3 0xfffffff7
core   0: 0x80004918 (0x017f1d33) sll     s10, t5, s7
core   0: 3 0x80004918 (0x017f1d33) x26 0xffffffff
core   0: 0x8000491c (0x00140413) addi    s0, s0, 1
core   0: 3 0x8000491c (0x00140413) x 8 0x0000000b
core   0: 0x80004920 (0x0ff0000f) fence   iorw,iorw
core   0: 3 0x80004920 (0x0ff0000f)
core   0: 0x80004924 (0x3c172c13) slti    s8, a4, 961
core   0: 3 0x80004924 (0x3c172c13) x24 0x00000001
core   0: 0x80004928 (0x41a05333) sra     t1, zero, s10
core   0: 3 0x80004928 (0x41a05333) x 6 0x00000000
core   0: 0x8000492c (0x00000013) nop
core   0: 3 0x8000492c (0x00000013)
core   0: 0x80004930 (0x01d2f6b3) and     a3, t0, t4
core   0: 3 0x80004930 (0x01d2f6b3) x13 0x00000000
core   0: 0x80004934 (0xfcc446e3) blt     s0, a2, pc - 52
core   0: 3 0x80004934 (0xfcc446e3)
core   0: 0x80004900 (0x015b34b3) sltu    s1, s6, s5
core   0: 3 0x80004900 (0x015b34b3) x 9 0x00000000
core   0: 0x80004904 (0x0ff0000f) fence   iorw,iorw
core   0: 3 0x80004904 (0x0ff0000f)
core   0: 0x80004908 (0x00639b93) slli    s7, t2, 6
core   0: 3 0x80004908 (0x00639b93) x23 0xffff50c0
core   0: 0x8000490c (0x40c2df33) sra     t5, t0, a2
core   0: 3 0x8000490c (0x40c2df33) x30 0xffffffff
core   0: 0x80004910 (0x0003aeb3) slt     t4, t2, zero
core   0: 3 0x80004910 (0x0003aeb3) x29 0x00000001
core   0: 0x80004914 (0x005ee1b3) or      gp, t4, t0
core   0: 3 0x80004914 (0x005ee1b3) x 3 0xfffffff7
core   0: 0x80004918 (0x017f1d33) sll     s10, t5, s7
core   0: 3 0x80004918 (0x017f1d33) x26 0xffffffff
core   0: 0x8000491c (0x00140413) addi    s0, s0, 1
core   0: 3 0x8000491c (0x00140413) x 8 0x0000000c
core   0: 0x80004920 (0x0ff0000f) fence   iorw,iorw
core   0: 3 0x80004920 (0x0ff0000f)
core   0: 0x80004924 (0x3c172c13) slti    s8, a4, 961
core   0: 3 0x80004924 (0x3c172c13) x24 0x00000001
core   0: 0x80004928 (0x41a05333) sra     t1, zero, s10
core   0: 3 0x80004928 (0x41a05333) x 6 0x00000000
core   0: 0x8000492c (0x00000013) nop
core   0: 3 0x8000492c (0x00000013)
core   0: 0x80004930 (0x01d2f6b3) and     a3, t0, t4
core   0: 3 0x80004930 (0x01d2f6b3) x13 0x00000000
core   0: 0x80004934 (0xfcc446e3) blt     s0, a2, pc - 52
core   0: 3 0x80004934 (0xfcc446e3)
core   0: 0x80004900 (0x015b34b3) sltu    s1, s6, s5
core   0: 3 0x80004900 (0x015b34b3) x 9 0x00000000
core   0: 0x80004904 (0x0ff0000f) fence   iorw,iorw
core   0: 3 0x80004904 (0x0ff0000f)
core   0: 0x80004908 (0x00639b93) slli    s7, t2, 6
core   0: 3 0x80004908 (0x00639b93) x23 0xffff50c0
core   0: 0x8000490c (0x40c2df33) sra     t5, t0, a2
core   0: 3 0x8000490c (0x40c2df33) x30 0xffffffff
core   0: 0x80004910 (0x0003aeb3) slt     t4, t2, zero
core   0: 3 0x80004910 (0x0003aeb3) x29 0x00000001
core   0: 0x80004914 (0x005ee1b3) or      gp, t4, t0
core   0: 3 0x80004914 (0x005ee1b3) x 3 0xfffffff7
core   0: 0x80004918 (0x017f1d33) sll     s10, t5, s7
core   0: 3 0x80004918 (0x017f1d33) x26 0xffffffff
core   0: 0x8000491c (0x00140413) addi    s0, s0, 1
core   0: 3 0x8000491c (0x00140413) x 8 0x0000000d
core   0: 0x80004920 (0x0ff0000f) fence   iorw,iorw
core   0: 3 0x80004920 (0x0ff0000f)
core   0: 0x80004924 (0x3c172c13) slti    s8, a4, 961
core   0: 3 0x80004924 (0x3c172c13) x24 0x00000001
core   0: 0x80004928 (0x41a05333) sra     t1, zero, s10
core   0: 3 0x80004928 (0x41a05333) x 6 0x00000000
core   0: 0x8000492c (0x00000013) nop
core   0: 3 0x8000492c (0x00000013)
core   0: 0x80004930 (0x01d2f6b3) and     a3, t0, t4
core   0: 3 0x80004930 (0x01d2f6b3) x13 0x00000000
core   0: 0x80004934 (0xfcc446e3) blt     s0, a2, pc - 52
core   0: 3 0x80004934 (0xfcc446e3)
core   0: 0x80004900 (0x015b34b3) sltu    s1, s6, s5
core   0: 3 0x80004900 (0x015b34b3) x 9 0x00000000
core   0: 0x80004904 (0x0ff0000f) fence   iorw,iorw
core   0: 3 0x80004904 (0x0ff0000f)
core   0: 0x80004908 (0x00639b93) slli    s7, t2, 6
core   0: 3 0x80004908 (0x00639b93) x23 0xffff50c0
core   0: 0x8000490c (0x40c2df33) sra     t5, t0, a2
core   0: 3 0x8000490c (0x40c2df33) x30 0xffffffff
core   0: 0x80004910 (0x0003aeb3) slt     t4, t2, zero
core   0: 3 0x80004910 (0x0003aeb3) x29 0x00000001
core   0: 0x80004914 (0x005ee1b3) or      gp, t4, t0
core   0: 3 0x80004914 (0x005ee1b3) x 3 0xfffffff7
core   0: 0x80004918 (0x017f1d33) sll     s10, t5, s7
core   0: 3 0x80004918 (0x017f1d33) x26 0xffffffff
core   0: 0x8000491c (0x00140413) addi    s0, s0, 1
core   0: 3 0x8000491c (0x00140413) x 8 0x0000000e
core   0: 0x80004920 (0x0ff0000f) fence   iorw,iorw
core   0: 3 0x80004920 (0x0ff0000f)
core   0: 0x80004924 (0x3c172c13) slti    s8, a4, 961
core   0: 3 0x80004924 (0x3c172c13) x24 0x00000001
core   0: 0x80004928 (0x41a05333) sra     t1, zero, s10
core   0: 3 0x80004928 (0x41a05333) x 6 0x00000000
core   0: 0x8000492c (0x00000013) nop
core   0: 3 0x8000492c (0x00000013)
core   0: 0x80004930 (0x01d2f6b3) and     a3, t0, t4
core   0: 3 0x80004930 (0x01d2f6b3) x13 0x00000000
core   0: 0x80004934 (0xfcc446e3) blt     s0, a2, pc - 52
core   0: 3 0x80004934 (0xfcc446e3)
core   0: 0x80004900 (0x015b34b3) sltu    s1, s6, s5
core   0: 3 0x80004900 (0x015b34b3) x 9 0x00000000
core   0: 0x80004904 (0x0ff0000f) fence   iorw,iorw
core   0: 3 0x80004904 (0x0ff0000f)
core   0: 0x80004908 (0x00639b93) slli    s7, t2, 6
core   0: 3 0x80004908 (0x00639b93) x23 0xffff50c0
core   0: 0x8000490c (0x40c2df33) sra     t5, t0, a2
core   0: 3 0x8000490c (0x40c2df33) x30 0xffffffff
core   0: 0x80004910 (0x0003aeb3) slt     t4, t2, zero
core   0: 3 0x80004910 (0x0003aeb3) x29 0x00000001
core   0: 0x80004914 (0x005ee1b3) or      gp, t4, t0
core   0: 3 0x80004914 (0x005ee1b3) x 3 0xfffffff7
core   0: 0x80004918 (0x017f1d33) sll     s10, t5, s7
core   0: 3 0x80004918 (0x017f1d33) x26 0xffffffff
core   0: 0x8000491c (0x00140413) addi    s0, s0, 1
core   0: 3 0x8000491c (0x00140413) x 8 0x0000000f
core   0: 0x80004920 (0x0ff0000f) fence   iorw,iorw
core   0: 3 0x80004920 (0x0ff0000f)
core   0: 0x80004924 (0x3c172c13) slti    s8, a4, 961
core   0: 3 0x80004924 (0x3c172c13) x24 0x00000001
core   0: 0x80004928 (0x41a05333) sra     t1, zero, s10
core   0: 3 0x80004928 (0x41a05333) x 6 0x00000000
core   0: 0x8000492c (0x00000013) nop
core   0: 3 0x8000492c (0x00000013)
core   0: 0x80004930 (0x01d2f6b3) and     a3, t0, t4
core   0: 3 0x80004930 (0x01d2f6b3) x13 0x00000000
core   0: 0x80004934 (0xfcc446e3) blt     s0, a2, pc - 52
core   0: 3 0x80004934 (0xfcc446e3)
core   0: 0x80004938 (0x01469c13) slli    s8, a3, 20
core   0: 3 0x80004938 (0x01469c13) x24 0x00000000
core   0: 0x8000493c (0x00a00413) li      s0, 10
core   0: 3 0x8000493c (0x00a00413) x 8 0x0000000a
core   0: 0x80004940 (0x0ff0000f) fence   iorw,iorw
core   0: 3 0x80004940 (0x0ff0000f)
core   0: 0x80004944 (0x09847593) andi    a1, s0, 152
core   0: 3 0x80004944 (0x09847593) x11 0x00000008
core   0: 0x80004948 (0x409c5993) srai    s3, s8, 9
core   0: 3 0x80004948 (0x409c5993) x19 0x00000000
core   0: 0x8000494c (0x00070ab3) add     s5, a4, zero
core   0: 3 0x8000494c (0x00070ab3) x21 0x80028ce4
core   0: 0x80004950 (0x0ff0000f) fence   iorw,iorw
core   0: 3 0x80004950 (0x0ff0000f)
core   0: 0x80004954 (0x01f66633) or      a2, a2, t6
core   0: 3 0x80004954 (0x01f66633) x12 0x0000000f
core   0: 0x80004958 (0x002b8c33) add     s8, s7, sp
core   0: 3 0x80004958 (0x002b8c33) x24 0xffff90bf
core   0: 0x8000495c (0x00100493) li      s1, 1
core   0: 3 0x8000495c (0x00100493) x 9 0x00000001
core   0: 0x80004960 (0x00542a33) slt     s4, s0, t0
core   0: 3 0x80004960 (0x00542a33) x20 0x00000000
core   0: 0x80004964 (0xff940413) addi    s0, s0, -7
core   0: 3 0x80004964 (0xff940413) x 8 0x00000003
core   0: 0x80004968 (0x8f871d17) auipc   s10, 0x8f871
core   0: 3 0x80004968 (0x8f871d17) x26 0x0f875968
core   0: 0x8000496c (0x0078b6b3) sltu    a3, a7, t2
core   0: 3 0x8000496c (0x0078b6b3) x13 0x00000001
core   0: 0x80004970 (0xdca32697) auipc   a3, 0xdca32
core   0: 3 0x80004970 (0xdca32697) x13 0x5ca36970
core   0: 0x80004974 (0x41975a33) sra     s4, a4, s9
core   0: 3 0x80004974 (0x41975a33) x20 0xffffffe0
core   0: 0x80004978 (0xeccddf17) auipc   t5, 0xeccdd
core   0: 3 0x80004978 (0xeccddf17) x30 0x6cce1978
core   0: 0x8000497c (0x4735cf93) xori    t6, a1, 1139
core   0: 3 0x8000497c (0x4735cf93) x31 0x0000047b
core   0: 0x80004980 (0xfe9450e3) bge     s0, s1, pc - 32
core   0: 3 0x80004980 (0xfe9450e3)
core   0: 0x80004960 (0x00542a33) slt     s4, s0, t0
core   0: 3 0x80004960 (0x00542a33) x20 0x00000000
core   0: 0x80004964 (0xff940413) addi    s0, s0, -7
core   0: 3 0x80004964 (0xff940413) x 8 0xfffffffc
core   0: 0x80004968 (0x8f871d17) auipc   s10, 0x8f871
core   0: 3 0x80004968 (0x8f871d17) x26 0x0f875968
core   0: 0x8000496c (0x0078b6b3) sltu    a3, a7, t2
core   0: 3 0x8000496c (0x0078b6b3) x13 0x00000001
core   0: 0x80004970 (0xdca32697) auipc   a3, 0xdca32
core   0: 3 0x80004970 (0xdca32697) x13 0x5ca36970
core   0: 0x80004974 (0x41975a33) sra     s4, a4, s9
core   0: 3 0x80004974 (0x41975a33) x20 0xffffffe0
core   0: 0x80004978 (0xeccddf17) auipc   t5, 0xeccdd
core   0: 3 0x80004978 (0xeccddf17) x30 0x6cce1978
core   0: 0x8000497c (0x4735cf93) xori    t6, a1, 1139
core   0: 3 0x8000497c (0x4735cf93) x31 0x0000047b
core   0: 0x80004980 (0xfe9450e3) bge     s0, s1, pc - 32
core   0: 3 0x80004980 (0xfe9450e3)
core   0: 0x80004984 (0x00179db3) sll     s11, a5, ra
core   0: 3 0x80004984 (0x00179db3) x27 0x00093810
core   0: 0x80004988 (0x00a00a93) li      s5, 10
core   0: 3 0x80004988 (0x00a00a93) x21 0x0000000a
core   0: 0x8000498c (0x00a00693) li      a3, 10
core   0: 3 0x8000498c (0x00a00693) x13 0x0000000a
core   0: 0x80004990 (0x00e03db7) lui     s11, 0xe03
core   0: 3 0x80004990 (0x00e03db7) x27 0x00e03000
core   0: 0x80004994 (0x0469ae13) slti    t3, s3, 70
core   0: 3 0x80004994 (0x0469ae13) x28 0x00000001
core   0: 0x80004998 (0xffaa8a93) addi    s5, s5, -6
core   0: 3 0x80004998 (0xffaa8a93) x21 0x00000004
core   0: 0x8000499c (0xff900113) li      sp, -7
core   0: 3 0x8000499c (0xff900113) x 2 0xfffffff9
core   0: 0x800049a0 (0xff500993) li      s3, -11
core   0: 3 0x800049a0 (0xff500993) x19 0xfffffff5
core   0: 0x800049a4 (0x005ffa33) and     s4, t6, t0
core   0: 3 0x800049a4 (0x005ffa33) x20 0x00000472
core   0: 0x800049a8 (0x5ef0fc93) andi    s9, ra, 1519
core   0: 3 0x800049a8 (0x5ef0fc93) x25 0x00000002
core   0: 0x800049ac (0xff810113) addi    sp, sp, -8
core   0: 3 0x800049ac (0xff810113) x 2 0xfffffff1
core   0: 0x800049b0 (0xff315ae3) bge     sp, s3, pc - 12
core   0: 3 0x800049b0 (0xff315ae3)
core   0: 0x800049b4 (0xfedad0e3) bge     s5, a3, pc - 32
core   0: 3 0x800049b4 (0xfedad0e3)
core   0: 0x800049b8 (0x6ffd0017) auipc   zero, 0x6ffd0
core   0: 3 0x800049b8 (0x6ffd0017)
core   0: 0x800049bc (0xffb00b13) li      s6, -5
core   0: 3 0x800049bc (0xffb00b13) x22 0xfffffffb
core   0: 0x800049c0 (0xd6062193) slti    gp, a2, -672
core   0: 3 0x800049c0 (0xd6062193) x 3 0x00000000
core   0: 0x800049c4 (0x0ff0000f) fence   iorw,iorw
core   0: 3 0x800049c4 (0x0ff0000f)
core   0: 0x800049c8 (0x01300913) li      s2, 19
core   0: 3 0x800049c8 (0x01300913) x18 0x00000013
core   0: 0x800049cc (0x41e58db3) sub     s11, a1, t5
core   0: 3 0x800049cc (0x41e58db3) x27 0x9331e690
core   0: 0x800049d0 (0x015d2333) slt     t1, s10, s5
core   0: 3 0x800049d0 (0x015d2333) x 6 0x00000000
core   0: 0x800049d4 (0x0ff0000f) fence   iorw,iorw
core   0: 3 0x800049d4 (0x0ff0000f)
core   0: 0x800049d8 (0x00c5d493) srli    s1, a1, 12
core   0: 3 0x800049d8 (0x00c5d493) x 9 0x00000000
core   0: 0x800049dc (0x418b8eb3) sub     t4, s7, s8
core   0: 3 0x800049dc (0x418b8eb3) x29 0xffffc001
core   0: 0x800049e0 (0x59514093) xori    ra, sp, 1429
core   0: 3 0x800049e0 (0x59514093) x 1 0xfffffa64
core   0: 0x800049e4 (0x002b0b13) addi    s6, s6, 2
core   0: 3 0x800049e4 (0x002b0b13) x22 0xfffffffd
core   0: 0x800049e8 (0xff2b4ae3) blt     s6, s2, pc - 12
core   0: 3 0x800049e8 (0xff2b4ae3)
core   0: 0x800049dc (0x418b8eb3) sub     t4, s7, s8
core   0: 3 0x800049dc (0x418b8eb3) x29 0xffffc001
core   0: 0x800049e0 (0x59514093) xori    ra, sp, 1429
core   0: 3 0x800049e0 (0x59514093) x 1 0xfffffa64
core   0: 0x800049e4 (0x002b0b13) addi    s6, s6, 2
core   0: 3 0x800049e4 (0x002b0b13) x22 0xffffffff
core   0: 0x800049e8 (0xff2b4ae3) blt     s6, s2, pc - 12
core   0: 3 0x800049e8 (0xff2b4ae3)
core   0: 0x800049dc (0x418b8eb3) sub     t4, s7, s8
core   0: 3 0x800049dc (0x418b8eb3) x29 0xffffc001
core   0: 0x800049e0 (0x59514093) xori    ra, sp, 1429
core   0: 3 0x800049e0 (0x59514093) x 1 0xfffffa64
core   0: 0x800049e4 (0x002b0b13) addi    s6, s6, 2
core   0: 3 0x800049e4 (0x002b0b13) x22 0x00000001
core   0: 0x800049e8 (0xff2b4ae3) blt     s6, s2, pc - 12
core   0: 3 0x800049e8 (0xff2b4ae3)
core   0: 0x800049dc (0x418b8eb3) sub     t4, s7, s8
core   0: 3 0x800049dc (0x418b8eb3) x29 0xffffc001
core   0: 0x800049e0 (0x59514093) xori    ra, sp, 1429
core   0: 3 0x800049e0 (0x59514093) x 1 0xfffffa64
core   0: 0x800049e4 (0x002b0b13) addi    s6, s6, 2
core   0: 3 0x800049e4 (0x002b0b13) x22 0x00000003
core   0: 0x800049e8 (0xff2b4ae3) blt     s6, s2, pc - 12
core   0: 3 0x800049e8 (0xff2b4ae3)
core   0: 0x800049dc (0x418b8eb3) sub     t4, s7, s8
core   0: 3 0x800049dc (0x418b8eb3) x29 0xffffc001
core   0: 0x800049e0 (0x59514093) xori    ra, sp, 1429
core   0: 3 0x800049e0 (0x59514093) x 1 0xfffffa64
core   0: 0x800049e4 (0x002b0b13) addi    s6, s6, 2
core   0: 3 0x800049e4 (0x002b0b13) x22 0x00000005
core   0: 0x800049e8 (0xff2b4ae3) blt     s6, s2, pc - 12
core   0: 3 0x800049e8 (0xff2b4ae3)
core   0: 0x800049dc (0x418b8eb3) sub     t4, s7, s8
core   0: 3 0x800049dc (0x418b8eb3) x29 0xffffc001
core   0: 0x800049e0 (0x59514093) xori    ra, sp, 1429
core   0: 3 0x800049e0 (0x59514093) x 1 0xfffffa64
core   0: 0x800049e4 (0x002b0b13) addi    s6, s6, 2
core   0: 3 0x800049e4 (0x002b0b13) x22 0x00000007
core   0: 0x800049e8 (0xff2b4ae3) blt     s6, s2, pc - 12
core   0: 3 0x800049e8 (0xff2b4ae3)
core   0: 0x800049dc (0x418b8eb3) sub     t4, s7, s8
core   0: 3 0x800049dc (0x418b8eb3) x29 0xffffc001
core   0: 0x800049e0 (0x59514093) xori    ra, sp, 1429
core   0: 3 0x800049e0 (0x59514093) x 1 0xfffffa64
core   0: 0x800049e4 (0x002b0b13) addi    s6, s6, 2
core   0: 3 0x800049e4 (0x002b0b13) x22 0x00000009
core   0: 0x800049e8 (0xff2b4ae3) blt     s6, s2, pc - 12
core   0: 3 0x800049e8 (0xff2b4ae3)
core   0: 0x800049dc (0x418b8eb3) sub     t4, s7, s8
core   0: 3 0x800049dc (0x418b8eb3) x29 0xffffc001
core   0: 0x800049e0 (0x59514093) xori    ra, sp, 1429
core   0: 3 0x800049e0 (0x59514093) x 1 0xfffffa64
core   0: 0x800049e4 (0x002b0b13) addi    s6, s6, 2
core   0: 3 0x800049e4 (0x002b0b13) x22 0x0000000b
core   0: 0x800049e8 (0xff2b4ae3) blt     s6, s2, pc - 12
core   0: 3 0x800049e8 (0xff2b4ae3)
core   0: 0x800049dc (0x418b8eb3) sub     t4, s7, s8
core   0: 3 0x800049dc (0x418b8eb3) x29 0xffffc001
core   0: 0x800049e0 (0x59514093) xori    ra, sp, 1429
core   0: 3 0x800049e0 (0x59514093) x 1 0xfffffa64
core   0: 0x800049e4 (0x002b0b13) addi    s6, s6, 2
core   0: 3 0x800049e4 (0x002b0b13) x22 0x0000000d
core   0: 0x800049e8 (0xff2b4ae3) blt     s6, s2, pc - 12
core   0: 3 0x800049e8 (0xff2b4ae3)
core   0: 0x800049dc (0x418b8eb3) sub     t4, s7, s8
core   0: 3 0x800049dc (0x418b8eb3) x29 0xffffc001
core   0: 0x800049e0 (0x59514093) xori    ra, sp, 1429
core   0: 3 0x800049e0 (0x59514093) x 1 0xfffffa64
core   0: 0x800049e4 (0x002b0b13) addi    s6, s6, 2
core   0: 3 0x800049e4 (0x002b0b13) x22 0x0000000f
core   0: 0x800049e8 (0xff2b4ae3) blt     s6, s2, pc - 12
core   0: 3 0x800049e8 (0xff2b4ae3)
core   0: 0x800049dc (0x418b8eb3) sub     t4, s7, s8
core   0: 3 0x800049dc (0x418b8eb3) x29 0xffffc001
core   0: 0x800049e0 (0x59514093) xori    ra, sp, 1429
core   0: 3 0x800049e0 (0x59514093) x 1 0xfffffa64
core   0: 0x800049e4 (0x002b0b13) addi    s6, s6, 2
core   0: 3 0x800049e4 (0x002b0b13) x22 0x00000011
core   0: 0x800049e8 (0xff2b4ae3) blt     s6, s2, pc - 12
core   0: 3 0x800049e8 (0xff2b4ae3)
core   0: 0x800049dc (0x418b8eb3) sub     t4, s7, s8
core   0: 3 0x800049dc (0x418b8eb3) x29 0xffffc001
core   0: 0x800049e0 (0x59514093) xori    ra, sp, 1429
core   0: 3 0x800049e0 (0x59514093) x 1 0xfffffa64
core   0: 0x800049e4 (0x002b0b13) addi    s6, s6, 2
core   0: 3 0x800049e4 (0x002b0b13) x22 0x00000013
core   0: 0x800049e8 (0xff2b4ae3) blt     s6, s2, pc - 12
core   0: 3 0x800049e8 (0xff2b4ae3)
core   0: 0x800049ec (0xe3dccf13) xori    t5, s9, -451
core   0: 3 0x800049ec (0xe3dccf13) x30 0xfffffe3f
core   0: 0x800049f0 (0x00100493) li      s1, 1
core   0: 3 0x800049f0 (0x00100493) x 9 0x00000001
core   0: 0x800049f4 (0x01a81393) slli    t2, a6, 26
core   0: 3 0x800049f4 (0x01a81393) x 7 0x00000000
core   0: 0x800049f8 (0x003225b3) slt     a1, tp, gp
core   0: 3 0x800049f8 (0x003225b3) x11 0x00000000
core   0: 0x800049fc (0x01df9a33) sll     s4, t6, t4
core   0: 3 0x800049fc (0x01df9a33) x20 0x000008f6
core   0: 0x80004a00 (0xffe00993) li      s3, -2
core   0: 3 0x80004a00 (0xffe00993) x19 0xfffffffe
core   0: 0x80004a04 (0x00000013) nop
core   0: 3 0x80004a04 (0x00000013)
core   0: 0x80004a08 (0x41fe5a93) srai    s5, t3, 31
core   0: 3 0x80004a08 (0x41fe5a93) x21 0x00000000
core   0: 0x80004a0c (0xffd48493) addi    s1, s1, -3
core   0: 3 0x80004a0c (0xffd48493) x 9 0xfffffffe
core   0: 0x80004a10 (0x41845d93) srai    s11, s0, 24
core   0: 3 0x80004a10 (0x41845d93) x27 0xffffffff
core   0: 0x80004a14 (0x011aedb3) or      s11, s5, a7
core   0: 3 0x80004a14 (0x011aedb3) x27 0x80028ce4
core   0: 0x80004a18 (0xffb00093) li      ra, -5
core   0: 3 0x80004a18 (0xffb00093) x 1 0xfffffffb
core   0: 0x80004a1c (0x4049d533) sra     a0, s3, tp
core   0: 3 0x80004a1c (0x4049d533) x10 0xfffffffe
core   0: 0x80004a20 (0x00300193) li      gp, 3
core   0: 3 0x80004a20 (0x00300193) x 3 0x00000003
core   0: 0x80004a24 (0x00000013) nop
core   0: 3 0x80004a24 (0x00000013)
core   0: 0x80004a28 (0x01f5ddb3) srl     s11, a1, t6
core   0: 3 0x80004a28 (0x01f5ddb3) x27 0x00000000
core   0: 0x80004a2c (0x10bd0393) addi    t2, s10, 267
core   0: 3 0x80004a2c (0x10bd0393) x 7 0x0f875a73
core   0: 0x80004a30 (0x40288233) sub     tp, a7, sp
core   0: 3 0x80004a30 (0x40288233) x 4 0x80028cf3
core   0: 0x80004a34 (0x41105ab3) sra     s5, zero, a7
core   0: 3 0x80004a34 (0x41105ab3) x21 0x00000000
core   0: 0x80004a38 (0x01574233) xor     tp, a4, s5
core   0: 3 0x80004a38 (0x01574233) x 4 0x80028ce4
core   0: 0x80004a3c (0x013a6033) or      zero, s4, s3
core   0: 3 0x80004a3c (0x013a6033)
core   0: 0x80004a40 (0x3e931e37) lui     t3, 0x3e931
core   0: 3 0x80004a40 (0x3e931e37) x28 0x3e931000
core   0: 0x80004a44 (0x00108093) addi    ra, ra, 1
core   0: 3 0x80004a44 (0x00108093) x 1 0xfffffffc
core   0: 0x80004a48 (0xaa467593) andi    a1, a2, -1372
core   0: 3 0x80004a48 (0xaa467593) x11 0x00000004
core   0: 0x80004a4c (0x0132f613) andi    a2, t0, 19
core   0: 3 0x80004a4c (0x0132f613) x12 0x00000012
core   0: 0x80004a50 (0xfe3080e3) beq     ra, gp, pc - 32
core   0: 3 0x80004a50 (0xfe3080e3)
core   0: 0x80004a54 (0x41860533) sub     a0, a2, s8
core   0: 3 0x80004a54 (0x41860533) x10 0x00006f53
core   0: 0x80004a58 (0x0075b733) sltu    a4, a1, t2
core   0: 3 0x80004a58 (0x0075b733) x14 0x00000001
core   0: 0x80004a5c (0x00d39a33) sll     s4, t2, a3
core   0: 3 0x80004a5c (0x00d39a33) x20 0x1d69cc00
core   0: 0x80004a60 (0x409b8d93) addi    s11, s7, 1033
core   0: 3 0x80004a60 (0x409b8d93) x27 0xffff54c9
core   0: 0x80004a64 (0xfb3490e3) bne     s1, s3, pc - 96
core   0: 3 0x80004a64 (0xfb3490e3)
core   0: 0x80004a68 (0x4097d713) srai    a4, a5, 9
core   0: 3 0x80004a68 (0x4097d713) x14 0xffc00127
core   0: 0x80004a6c (0x00a00e13) li      t3, 10
core   0: 3 0x80004a6c (0x00a00e13) x28 0x0000000a
core   0: 0x80004a70 (0x951ce313) ori     t1, s9, -1711
core   0: 3 0x80004a70 (0x951ce313) x 6 0xfffff953
core   0: 0x80004a74 (0x00900713) li      a4, 9
core   0: 3 0x80004a74 (0x00900713) x14 0x00000009
core   0: 0x80004a78 (0x14db2313) slti    t1, s6, 333
core   0: 3 0x80004a78 (0x14db2313) x 6 0x00000001
core   0: 0x80004a7c (0x00a5c4b3) xor     s1, a1, a0
core   0: 3 0x80004a7c (0x00a5c4b3) x 9 0x00006f57
core   0: 0x80004a80 (0xff8e0e13) addi    t3, t3, -8
core   0: 3 0x80004a80 (0xff8e0e13) x28 0x00000002
core   0: 0x80004a84 (0x9b148b97) auipc   s7, 0x9b148
core   0: 3 0x80004a84 (0x9b148b97) x23 0x1b14ca84
core   0: 0x80004a88 (0x2ea8ed13) ori     s10, a7, 746
core   0: 3 0x80004a88 (0x2ea8ed13) x26 0x80028eee
core   0: 0x80004a8c (0x00700613) li      a2, 7
core   0: 3 0x80004a8c (0x00700613) x12 0x00000007
core   0: 0x80004a90 (0x00219eb3) sll     t4, gp, sp
core   0: 3 0x80004a90 (0x00219eb3) x29 0x00060000
core   0: 0x80004a94 (0x00900693) li      a3, 9
core   0: 3 0x80004a94 (0x00900693) x13 0x00000009
core   0: 0x80004a98 (0xcec78f93) addi    t6, a5, -788
core   0: 3 0x80004a98 (0xcec78f93) x31 0x80024af0
core   0: 0x80004a9c (0x41a2dc93) srai    s9, t0, 26
core   0: 3 0x80004a9c (0x41a2dc93) x25 0xffffffff
core   0: 0x80004aa0 (0x0000100f) fence.i
core   0: 3 0x80004aa0 (0x0000100f)
core   0: 0x80004aa4 (0x4d496f13) ori     t5, s2, 1236
core   0: 3 0x80004aa4 (0x4d496f13) x30 0x000004d7
core   0: 0x80004aa8 (0x00c7e433) or      s0, a5, a2
core   0: 3 0x80004aa8 (0x00c7e433) x 8 0x80024e07
core   0: 0x80004aac (0x00260613) addi    a2, a2, 2
core   0: 3 0x80004aac (0x00260613) x12 0x00000009
core   0: 0x80004ab0 (0xfed664e3) bltu    a2, a3, pc - 24
core   0: 3 0x80004ab0 (0xfed664e3)
core   0: 0x80004ab4 (0xfcee74e3) bgeu    t3, a4, pc - 56
core   0: 3 0x80004ab4 (0xfcee74e3)
core   0: 0x80004ab8 (0x0ff0000f) fence   iorw,iorw
core   0: 3 0x80004ab8 (0x0ff0000f)
core   0: 0x80004abc (0xff800b93) li      s7, -8
core   0: 3 0x80004abc (0xff800b93) x23 0xfffffff8
core   0: 0x80004ac0 (0x01a7bf33) sltu    t5, a5, s10
core   0: 3 0x80004ac0 (0x01a7bf33) x30 0x00000001
core   0: 0x80004ac4 (0x013fcc93) xori    s9, t6, 19
core   0: 3 0x80004ac4 (0x013fcc93) x25 0x80024ae3
core   0: 0x80004ac8 (0xbbc93613) sltiu   a2, s2, -1092
core   0: 3 0x80004ac8 (0xbbc93613) x12 0x00000001
core   0: 0x80004acc (0x98a1a093) slti    ra, gp, -1654
core   0: 3 0x80004acc (0x98a1a093) x 1 0x00000000
core   0: 0x80004ad0 (0x40e60c33) sub     s8, a2, a4
core   0: 3 0x80004ad0 (0x40e60c33) x24 0xfffffff8
core   0: 0x80004ad4 (0x01ae9f33) sll     t5, t4, s10
core   0: 3 0x80004ad4 (0x01ae9f33) x30 0x80000000
core   0: 0x80004ad8 (0x994392b7) lui     t0, 0x99439
core   0: 3 0x80004ad8 (0x994392b7) x 5 0x99439000
core   0: 0x80004adc (0x00c00b13) li      s6, 12
core   0: 3 0x80004adc (0x00c00b13) x22 0x0000000c
core   0: 0x80004ae0 (0x00000013) nop
core   0: 3 0x80004ae0 (0x00000013)
core   0: 0x80004ae4 (0x224b8113) addi    sp, s7, 548
core   0: 3 0x80004ae4 (0x224b8113) x 2 0x0000021c
core   0: 0x80004ae8 (0x00d82a33) slt     s4, a6, a3
core   0: 3 0x80004ae8 (0x00d82a33) x20 0x00000001
core   0: 0x80004aec (0x00af9713) slli    a4, t6, 10
core   0: 3 0x80004aec (0x00af9713) x14 0x092bc000
core   0: 0x80004af0 (0x40cdd313) srai    t1, s11, 12
core   0: 3 0x80004af0 (0x40cdd313) x 6 0xfffffff5
core   0: 0x80004af4 (0x005b8b93) addi    s7, s7, 5
core   0: 3 0x80004af4 (0x005b8b93) x23 0xfffffffd
core   0: 0x80004af8 (0x01aba2b3) slt     t0, s7, s10
core   0: 3 0x80004af8 (0x01aba2b3) x 5 0x00000000
core   0: 0x80004afc (0x01dd1f93) slli    t6, s10, 29
core   0: 3 0x80004afc (0x01dd1f93) x31 0xc0000000
core   0: 0x80004b00 (0x00dabeb3) sltu    t4, s5, a3
core   0: 3 0x80004b00 (0x00dabeb3) x29 0x00000001
core   0: 0x80004b04 (0x4251f313) andi    t1, gp, 1061
core   0: 3 0x80004b04 (0x4251f313) x 6 0x00000001
core   0: 0x80004b08 (0x4101d313) srai    t1, gp, 16
core   0: 3 0x80004b08 (0x4101d313) x 6 0x00000000
core   0: 0x80004b0c (0x41cc5613) srai    a2, s8, 28
core   0: 3 0x80004b0c (0x41cc5613) x12 0xffffffff
core   0: 0x80004b10 (0xfd6b8ce3) beq     s7, s6, pc - 40
core   0: 3 0x80004b10 (0xfd6b8ce3)
core   0: 0x80004b14 (0x00a41293) slli    t0, s0, 10
core   0: 3 0x80004b14 (0x00a41293) x 5 0x09381c00
core   0: 0x80004b18 (0x00000a13) li      s4, 0
core   0: 3 0x80004b18 (0x00000a13) x20 0x00000000
core   0: 0x80004b1c (0x00462733) slt     a4, a2, tp
core   0: 3 0x80004b1c (0x00462733) x14 0x00000000
core   0: 0x80004b20 (0x6d286093) ori     ra, a6, 1746
core   0: 3 0x80004b20 (0x6d286093) x 1 0x800006d2
core   0: 0x80004b24 (0x96a0e6b7) lui     a3, 0x96a0e
core   0: 3 0x80004b24 (0x96a0e6b7) x13 0x96a0e000
core   0: 0x80004b28 (0x01000b13) li      s6, 16
core   0: 3 0x80004b28 (0x01000b13) x22 0x00000010
core   0: 0x80004b2c (0xb52ab697) auipc   a3, 0xb52ab
core   0: 3 0x80004b2c (0xb52ab697) x13 0x352afb2c
core   0: 0x80004b30 (0xcecf0093) addi    ra, t5, -788
core   0: 3 0x80004b30 (0xcecf0093) x 1 0x7ffffcec
core   0: 0x80004b34 (0x0ff0000f) fence   iorw,iorw
core   0: 3 0x80004b34 (0x0ff0000f)
core   0: 0x80004b38 (0x004a0a13) addi    s4, s4, 4
core   0: 3 0x80004b38 (0x004a0a13) x20 0x00000004
core   0: 0x80004b3c (0x401ddc13) srai    s8, s11, 1
core   0: 3 0x80004b3c (0x401ddc13) x24 0xffffaa64
core   0: 0x80004b40 (0xff600293) li      t0, -10
core   0: 3 0x80004b40 (0xff600293) x 5 0xfffffff6
core   0: 0x80004b44 (0x1cffc413) xori    s0, t6, 463
core   0: 3 0x80004b44 (0x1cffc413) x 8 0xc00001cf
core   0: 0x80004b48 (0x01289933) sll     s2, a7, s2
core   0: 3 0x80004b48 (0x01289933) x18 0x67200000
core   0: 0x80004b4c (0xfff00493) li      s1, -1
core   0: 3 0x80004b4c (0xfff00493) x 9 0xffffffff
core   0: 0x80004b50 (0x00648eb3) add     t4, s1, t1
core   0: 3 0x80004b50 (0x00648eb3) x29 0xffffffff
core   0: 0x80004b54 (0x4d2a7917) auipc   s2, 0x4d2a7
core   0: 3 0x80004b54 (0x4d2a7917) x18 0xcd2abb54
core   0: 0x80004b58 (0x769d3a93) sltiu   s5, s10, 1897
core   0: 3 0x80004b58 (0x769d3a93) x21 0x00000000
core   0: 0x80004b5c (0x40f35ab3) sra     s5, t1, a5
core   0: 3 0x80004b5c (0x40f35ab3) x21 0x00000000
core   0: 0x80004b60 (0x1c278093) addi    ra, a5, 450
core   0: 3 0x80004b60 (0x1c278093) x 1 0x80024fc6
core   0: 0x80004b64 (0x00828293) addi    t0, t0, 8
core   0: 3 0x80004b64 (0x00828293) x 5 0xfffffffe
core   0: 0x80004b68 (0x00f79bb3) sll     s7, a5, a5
core   0: 3 0x80004b68 (0x00f79bb3) x23 0x0024e040
core   0: 0x80004b6c (0xfe92c6e3) blt     t0, s1, pc - 20
core   0: 3 0x80004b6c (0xfe92c6e3)
core   0: 0x80004b58 (0x769d3a93) sltiu   s5, s10, 1897
core   0: 3 0x80004b58 (0x769d3a93) x21 0x00000000
core   0: 0x80004b5c (0x40f35ab3) sra     s5, t1, a5
core   0: 3 0x80004b5c (0x40f35ab3) x21 0x00000000
core   0: 0x80004b60 (0x1c278093) addi    ra, a5, 450
core   0: 3 0x80004b60 (0x1c278093) x 1 0x80024fc6
core   0: 0x80004b64 (0x00828293) addi    t0, t0, 8
core   0: 3 0x80004b64 (0x00828293) x 5 0x00000006
core   0: 0x80004b68 (0x00f79bb3) sll     s7, a5, a5
core   0: 3 0x80004b68 (0x00f79bb3) x23 0x0024e040
core   0: 0x80004b6c (0xfe92c6e3) blt     t0, s1, pc - 20
core   0: 3 0x80004b6c (0xfe92c6e3)
core   0: 0x80004b70 (0x00ee43b3) xor     t2, t3, a4
core   0: 3 0x80004b70 (0x00ee43b3) x 7 0x00000002
core   0: 0x80004b74 (0xfb6a4ce3) blt     s4, s6, pc - 72
core   0: 3 0x80004b74 (0xfb6a4ce3)
core   0: 0x80004b2c (0xb52ab697) auipc   a3, 0xb52ab
core   0: 3 0x80004b2c (0xb52ab697) x13 0x352afb2c
core   0: 0x80004b30 (0xcecf0093) addi    ra, t5, -788
core   0: 3 0x80004b30 (0xcecf0093) x 1 0x7ffffcec
core   0: 0x80004b34 (0x0ff0000f) fence   iorw,iorw
core   0: 3 0x80004b34 (0x0ff0000f)
core   0: 0x80004b38 (0x004a0a13) addi    s4, s4, 4
core   0: 3 0x80004b38 (0x004a0a13) x20 0x00000008
core   0: 0x80004b3c (0x401ddc13) srai    s8, s11, 1
core   0: 3 0x80004b3c (0x401ddc13) x24 0xffffaa64
core   0: 0x80004b40 (0xff600293) li      t0, -10
core   0: 3 0x80004b40 (0xff600293) x 5 0xfffffff6
core   0: 0x80004b44 (0x1cffc413) xori    s0, t6, 463
core   0: 3 0x80004b44 (0x1cffc413) x 8 0xc00001cf
core   0: 0x80004b48 (0x01289933) sll     s2, a7, s2
core   0: 3 0x80004b48 (0x01289933) x18 0xce400000
core   0: 0x80004b4c (0xfff00493) li      s1, -1
core   0: 3 0x80004b4c (0xfff00493) x 9 0xffffffff
core   0: 0x80004b50 (0x00648eb3) add     t4, s1, t1
core   0: 3 0x80004b50 (0x00648eb3) x29 0xffffffff
core   0: 0x80004b54 (0x4d2a7917) auipc   s2, 0x4d2a7
core   0: 3 0x80004b54 (0x4d2a7917) x18 0xcd2abb54
core   0: 0x80004b58 (0x769d3a93) sltiu   s5, s10, 1897
core   0: 3 0x80004b58 (0x769d3a93) x21 0x00000000
core   0: 0x80004b5c (0x40f35ab3) sra     s5, t1, a5
core   0: 3 0x80004b5c (0x40f35ab3) x21 0x00000000
core   0: 0x80004b60 (0x1c278093) addi    ra, a5, 450
core   0: 3 0x80004b60 (0x1c278093) x 1 0x80024fc6
core   0: 0x80004b64 (0x00828293) addi    t0, t0, 8
core   0: 3 0x80004b64 (0x00828293) x 5 0xfffffffe
core   0: 0x80004b68 (0x00f79bb3) sll     s7, a5, a5
core   0: 3 0x80004b68 (0x00f79bb3) x23 0x0024e040
core   0: 0x80004b6c (0xfe92c6e3) blt     t0, s1, pc - 20
core   0: 3 0x80004b6c (0xfe92c6e3)
core   0: 0x80004b58 (0x769d3a93) sltiu   s5, s10, 1897
core   0: 3 0x80004b58 (0x769d3a93) x21 0x00000000
core   0: 0x80004b5c (0x40f35ab3) sra     s5, t1, a5
core   0: 3 0x80004b5c (0x40f35ab3) x21 0x00000000
core   0: 0x80004b60 (0x1c278093) addi    ra, a5, 450
core   0: 3 0x80004b60 (0x1c278093) x 1 0x80024fc6
core   0: 0x80004b64 (0x00828293) addi    t0, t0, 8
core   0: 3 0x80004b64 (0x00828293) x 5 0x00000006
core   0: 0x80004b68 (0x00f79bb3) sll     s7, a5, a5
core   0: 3 0x80004b68 (0x00f79bb3) x23 0x0024e040
core   0: 0x80004b6c (0xfe92c6e3) blt     t0, s1, pc - 20
core   0: 3 0x80004b6c (0xfe92c6e3)
core   0: 0x80004b70 (0x00ee43b3) xor     t2, t3, a4
core   0: 3 0x80004b70 (0x00ee43b3) x 7 0x00000002
core   0: 0x80004b74 (0xfb6a4ce3) blt     s4, s6, pc - 72
core   0: 3 0x80004b74 (0xfb6a4ce3)
core   0: 0x80004b2c (0xb52ab697) auipc   a3, 0xb52ab
core   0: 3 0x80004b2c (0xb52ab697) x13 0x352afb2c
core   0: 0x80004b30 (0xcecf0093) addi    ra, t5, -788
core   0: 3 0x80004b30 (0xcecf0093) x 1 0x7ffffcec
core   0: 0x80004b34 (0x0ff0000f) fence   iorw,iorw
core   0: 3 0x80004b34 (0x0ff0000f)
core   0: 0x80004b38 (0x004a0a13) addi    s4, s4, 4
core   0: 3 0x80004b38 (0x004a0a13) x20 0x0000000c
core   0: 0x80004b3c (0x401ddc13) srai    s8, s11, 1
core   0: 3 0x80004b3c (0x401ddc13) x24 0xffffaa64
core   0: 0x80004b40 (0xff600293) li      t0, -10
core   0: 3 0x80004b40 (0xff600293) x 5 0xfffffff6
core   0: 0x80004b44 (0x1cffc413) xori    s0, t6, 463
core   0: 3 0x80004b44 (0x1cffc413) x 8 0xc00001cf
core   0: 0x80004b48 (0x01289933) sll     s2, a7, s2
core   0: 3 0x80004b48 (0x01289933) x18 0xce400000
core   0: 0x80004b4c (0xfff00493) li      s1, -1
core   0: 3 0x80004b4c (0xfff00493) x 9 0xffffffff
core   0: 0x80004b50 (0x00648eb3) add     t4, s1, t1
core   0: 3 0x80004b50 (0x00648eb3) x29 0xffffffff
core   0: 0x80004b54 (0x4d2a7917) auipc   s2, 0x4d2a7
core   0: 3 0x80004b54 (0x4d2a7917) x18 0xcd2abb54
core   0: 0x80004b58 (0x769d3a93) sltiu   s5, s10, 1897
core   0: 3 0x80004b58 (0x769d3a93) x21 0x00000000
core   0: 0x80004b5c (0x40f35ab3) sra     s5, t1, a5
core   0: 3 0x80004b5c (0x40f35ab3) x21 0x00000000
core   0: 0x80004b60 (0x1c278093) addi    ra, a5, 450
core   0: 3 0x80004b60 (0x1c278093) x 1 0x80024fc6
core   0: 0x80004b64 (0x00828293) addi    t0, t0, 8
core   0: 3 0x80004b64 (0x00828293) x 5 0xfffffffe
core   0: 0x80004b68 (0x00f79bb3) sll     s7, a5, a5
core   0: 3 0x80004b68 (0x00f79bb3) x23 0x0024e040
core   0: 0x80004b6c (0xfe92c6e3) blt     t0, s1, pc - 20
core   0: 3 0x80004b6c (0xfe92c6e3)
core   0: 0x80004b58 (0x769d3a93) sltiu   s5, s10, 1897
core   0: 3 0x80004b58 (0x769d3a93) x21 0x00000000
core   0: 0x80004b5c (0x40f35ab3) sra     s5, t1, a5
core   0: 3 0x80004b5c (0x40f35ab3) x21 0x00000000
core   0: 0x80004b60 (0x1c278093) addi    ra, a5, 450
core   0: 3 0x80004b60 (0x1c278093) x 1 0x80024fc6
core   0: 0x80004b64 (0x00828293) addi    t0, t0, 8
core   0: 3 0x80004b64 (0x00828293) x 5 0x00000006
core   0: 0x80004b68 (0x00f79bb3) sll     s7, a5, a5
core   0: 3 0x80004b68 (0x00f79bb3) x23 0x0024e040
core   0: 0x80004b6c (0xfe92c6e3) blt     t0, s1, pc - 20
core   0: 3 0x80004b6c (0xfe92c6e3)
core   0: 0x80004b70 (0x00ee43b3) xor     t2, t3, a4
core   0: 3 0x80004b70 (0x00ee43b3) x 7 0x00000002
core   0: 0x80004b74 (0xfb6a4ce3) blt     s4, s6, pc - 72
core   0: 3 0x80004b74 (0xfb6a4ce3)
core   0: 0x80004b2c (0xb52ab697) auipc   a3, 0xb52ab
core   0: 3 0x80004b2c (0xb52ab697) x13 0x352afb2c
core   0: 0x80004b30 (0xcecf0093) addi    ra, t5, -788
core   0: 3 0x80004b30 (0xcecf0093) x 1 0x7ffffcec
core   0: 0x80004b34 (0x0ff0000f) fence   iorw,iorw
core   0: 3 0x80004b34 (0x0ff0000f)
core   0: 0x80004b38 (0x004a0a13) addi    s4, s4, 4
core   0: 3 0x80004b38 (0x004a0a13) x20 0x00000010
core   0: 0x80004b3c (0x401ddc13) srai    s8, s11, 1
core   0: 3 0x80004b3c (0x401ddc13) x24 0xffffaa64
core   0: 0x80004b40 (0xff600293) li      t0, -10
core   0: 3 0x80004b40 (0xff600293) x 5 0xfffffff6
core   0: 0x80004b44 (0x1cffc413) xori    s0, t6, 463
core   0: 3 0x80004b44 (0x1cffc413) x 8 0xc00001cf
core   0: 0x80004b48 (0x01289933) sll     s2, a7, s2
core   0: 3 0x80004b48 (0x01289933) x18 0xce400000
core   0: 0x80004b4c (0xfff00493) li      s1, -1
core   0: 3 0x80004b4c (0xfff00493) x 9 0xffffffff
core   0: 0x80004b50 (0x00648eb3) add     t4, s1, t1
core   0: 3 0x80004b50 (0x00648eb3) x29 0xffffffff
core   0: 0x80004b54 (0x4d2a7917) auipc   s2, 0x4d2a7
core   0: 3 0x80004b54 (0x4d2a7917) x18 0xcd2abb54
core   0: 0x80004b58 (0x769d3a93) sltiu   s5, s10, 1897
core   0: 3 0x80004b58 (0x769d3a93) x21 0x00000000
core   0: 0x80004b5c (0x40f35ab3) sra     s5, t1, a5
core   0: 3 0x80004b5c (0x40f35ab3) x21 0x00000000
core   0: 0x80004b60 (0x1c278093) addi    ra, a5, 450
core   0: 3 0x80004b60 (0x1c278093) x 1 0x80024fc6
core   0: 0x80004b64 (0x00828293) addi    t0, t0, 8
core   0: 3 0x80004b64 (0x00828293) x 5 0xfffffffe
core   0: 0x80004b68 (0x00f79bb3) sll     s7, a5, a5
core   0: 3 0x80004b68 (0x00f79bb3) x23 0x0024e040
core   0: 0x80004b6c (0xfe92c6e3) blt     t0, s1, pc - 20
core   0: 3 0x80004b6c (0xfe92c6e3)
core   0: 0x80004b58 (0x769d3a93) sltiu   s5, s10, 1897
core   0: 3 0x80004b58 (0x769d3a93) x21 0x00000000
core   0: 0x80004b5c (0x40f35ab3) sra     s5, t1, a5
core   0: 3 0x80004b5c (0x40f35ab3) x21 0x00000000
core   0: 0x80004b60 (0x1c278093) addi    ra, a5, 450
core   0: 3 0x80004b60 (0x1c278093) x 1 0x80024fc6
core   0: 0x80004b64 (0x00828293) addi    t0, t0, 8
core   0: 3 0x80004b64 (0x00828293) x 5 0x00000006
core   0: 0x80004b68 (0x00f79bb3) sll     s7, a5, a5
core   0: 3 0x80004b68 (0x00f79bb3) x23 0x0024e040
core   0: 0x80004b6c (0xfe92c6e3) blt     t0, s1, pc - 20
core   0: 3 0x80004b6c (0xfe92c6e3)
core   0: 0x80004b70 (0x00ee43b3) xor     t2, t3, a4
core   0: 3 0x80004b70 (0x00ee43b3) x 7 0x00000002
core   0: 0x80004b74 (0xfb6a4ce3) blt     s4, s6, pc - 72
core   0: 3 0x80004b74 (0xfb6a4ce3)
core   0: 0x80004b78 (0x00b153b3) srl     t2, sp, a1
core   0: 3 0x80004b78 (0x00b153b3) x 7 0x00000021
core   0: 0x80004b7c (0xff700513) li      a0, -9
core   0: 3 0x80004b7c (0xff700513) x10 0xfffffff7
core   0: 0x80004b80 (0x50d0e113) ori     sp, ra, 1293
core   0: 3 0x80004b80 (0x50d0e113) x 2 0x80024fcf
core   0: 0x80004b84 (0x01e02b33) slt     s6, zero, t5
core   0: 3 0x80004b84 (0x01e02b33) x22 0x00000000
core   0: 0x80004b88 (0x01cd0433) add     s0, s10, t3
core   0: 3 0x80004b88 (0x01cd0433) x 8 0x80028ef0
core   0: 0x80004b8c (0x00000013) nop
core   0: 3 0x80004b8c (0x00000013)
core   0: 0x80004b90 (0x53d8e093) ori     ra, a7, 1341
core   0: 3 0x80004b90 (0x53d8e093) x 1 0x80028dfd
core   0: 0x80004b94 (0x41d20e33) sub     t3, tp, t4
core   0: 3 0x80004b94 (0x41d20e33) x28 0x80028ce5
core   0: 0x80004b98 (0x0062eeb3) or      t4, t0, t1
core   0: 3 0x80004b98 (0x0062eeb3) x29 0x00000006
core   0: 0x80004b9c (0xeb50ef93) ori     t6, ra, -331
core   0: 3 0x80004b9c (0xeb50ef93) x31 0xfffffffd
core   0: 0x80004ba0 (0xff000493) li      s1, -16
core   0: 3 0x80004ba0 (0xff000493) x 9 0xfffffff0
core   0: 0x80004ba4 (0x00397033) and     zero, s2, gp
core   0: 3 0x80004ba4 (0x00397033)
core   0: 0x80004ba8 (0x01de9c33) sll     s8, t4, t4
core   0: 3 0x80004ba8 (0x01de9c33) x24 0x00000180
core   0: 0x80004bac (0x1ef9e213) ori     tp, s3, 495
core   0: 3 0x80004bac (0x1ef9e213) x 4 0xffffffff
core   0: 0x80004bb0 (0x4d8c4413) xori    s0, s8, 1240
core   0: 3 0x80004bb0 (0x4d8c4413) x 8 0x00000558
core   0: 0x80004bb4 (0x01e4c3b3) xor     t2, s1, t5
core   0: 3 0x80004bb4 (0x01e4c3b3) x 7 0x7ffffff0
core   0: 0x80004bb8 (0x009b65b3) or      a1, s6, s1
core   0: 3 0x80004bb8 (0x009b65b3) x11 0xfffffff0
core   0: 0x80004bbc (0x01e05433) srl     s0, zero, t5
core   0: 3 0x80004bbc (0x01e05433) x 8 0x00000000
core   0: 0x80004bc0 (0x77067313) andi    t1, a2, 1904
core   0: 3 0x80004bc0 (0x77067313) x 6 0x00000770
core   0: 0x80004bc4 (0x0000100f) fence.i
core   0: 3 0x80004bc4 (0x0000100f)
core   0: 0x80004bc8 (0xffc50513) addi    a0, a0, -4
core   0: 3 0x80004bc8 (0xffc50513) x10 0xfffffff3
core   0: 0x80004bcc (0x00bf6bb3) or      s7, t5, a1
core   0: 3 0x80004bcc (0x00bf6bb3) x23 0xfffffff0
core   0: 0x80004bd0 (0x00de02b3) add     t0, t3, a3
core   0: 3 0x80004bd0 (0x00de02b3) x 5 0xb52d8811
core   0: 0x80004bd4 (0x00e1ecb3) or      s9, gp, a4
core   0: 3 0x80004bd4 (0x00e1ecb3) x25 0x00000003
core   0: 0x80004bd8 (0x34e9bf13) sltiu   t5, s3, 846
core   0: 3 0x80004bd8 (0x34e9bf13) x30 0x00000000
core   0: 0x80004bdc (0x78888b13) addi    s6, a7, 1928
core   0: 3 0x80004bdc (0x78888b13) x22 0x8002946c
core   0: 0x80004be0 (0x57949e17) auipc   t3, 0x57949
core   0: 3 0x80004be0 (0x57949e17) x28 0xd794dbe0
core   0: 0x80004be4 (0x402606b3) sub     a3, a2, sp
core   0: 3 0x80004be4 (0x402606b3) x13 0x7ffdb030
core   0: 0x80004be8 (0xfc9552e3) bge     a0, s1, pc - 60
core   0: 3 0x80004be8 (0xfc9552e3)
core   0: 0x80004bac (0x1ef9e213) ori     tp, s3, 495
core   0: 3 0x80004bac (0x1ef9e213) x 4 0xffffffff
core   0: 0x80004bb0 (0x4d8c4413) xori    s0, s8, 1240
core   0: 3 0x80004bb0 (0x4d8c4413) x 8 0x00000558
core   0: 0x80004bb4 (0x01e4c3b3) xor     t2, s1, t5
core   0: 3 0x80004bb4 (0x01e4c3b3) x 7 0xfffffff0
core   0: 0x80004bb8 (0x009b65b3) or      a1, s6, s1
core   0: 3 0x80004bb8 (0x009b65b3) x11 0xfffffffc
core   0: 0x80004bbc (0x01e05433) srl     s0, zero, t5
core   0: 3 0x80004bbc (0x01e05433) x 8 0x00000000
core   0: 0x80004bc0 (0x77067313) andi    t1, a2, 1904
core   0: 3 0x80004bc0 (0x77067313) x 6 0x00000770
core   0: 0x80004bc4 (0x0000100f) fence.i
core   0: 3 0x80004bc4 (0x0000100f)
core   0: 0x80004bc8 (0xffc50513) addi    a0, a0, -4
core   0: 3 0x80004bc8 (0xffc50513) x10 0xffffffef
core   0: 0x80004bcc (0x00bf6bb3) or      s7, t5, a1
core   0: 3 0x80004bcc (0x00bf6bb3) x23 0xfffffffc
core   0: 0x80004bd0 (0x00de02b3) add     t0, t3, a3
core   0: 3 0x80004bd0 (0x00de02b3) x 5 0x57928c10
core   0: 0x80004bd4 (0x00e1ecb3) or      s9, gp, a4
core   0: 3 0x80004bd4 (0x00e1ecb3) x25 0x00000003
core   0: 0x80004bd8 (0x34e9bf13) sltiu   t5, s3, 846
core   0: 3 0x80004bd8 (0x34e9bf13) x30 0x00000000
core   0: 0x80004bdc (0x78888b13) addi    s6, a7, 1928
core   0: 3 0x80004bdc (0x78888b13) x22 0x8002946c
core   0: 0x80004be0 (0x57949e17) auipc   t3, 0x57949
core   0: 3 0x80004be0 (0x57949e17) x28 0xd794dbe0
core   0: 0x80004be4 (0x402606b3) sub     a3, a2, sp
core   0: 3 0x80004be4 (0x402606b3) x13 0x7ffdb030
core   0: 0x80004be8 (0xfc9552e3) bge     a0, s1, pc - 60
core   0: 3 0x80004be8 (0xfc9552e3)
core   0: 0x80004bec (0x00fc81b3) add     gp, s9, a5
core   0: 3 0x80004bec (0x00fc81b3) x 3 0x80024e07
core   0: 0x80004bf0 (0xfff00513) li      a0, -1
core   0: 3 0x80004bf0 (0xfff00513) x10 0xffffffff
core   0: 0x80004bf4 (0x40538f33) sub     t5, t2, t0
core   0: 3 0x80004bf4 (0x40538f33) x30 0xa86d73e0
core   0: 0x80004bf8 (0x1ed22413) slti    s0, tp, 493
core   0: 3 0x80004bf8 (0x1ed22413) x 8 0x00000001
core   0: 0x80004bfc (0x0ea1ec97) auipc   s9, 0xea1e
core   0: 3 0x80004bfc (0x0ea1ec97) x25 0x8ea22bfc
core   0: 0x80004c00 (0x01541f93) slli    t6, s0, 21
core   0: 3 0x80004c00 (0x01541f93) x31 0x00200000
core   0: 0x80004c04 (0x01092cb3) slt     s9, s2, a6
core   0: 3 0x80004c04 (0x01092cb3) x25 0x00000000
core   0: 0x80004c08 (0x004ea333) slt     t1, t4, tp
core   0: 3 0x80004c08 (0x004ea333) x 6 0x00000000
core   0: 0x80004c0c (0x01200993) li      s3, 18
core   0: 3 0x80004c0c (0x01200993) x19 0x00000012
core   0: 0x80004c10 (0x0000100f) fence.i
core   0: 3 0x80004c10 (0x0000100f)
core   0: 0x80004c14 (0x401856b3) sra     a3, a6, ra
core   0: 3 0x80004c14 (0x401856b3) x13 0xfffffffc
core   0: 0x80004c18 (0x6eec7e97) auipc   t4, 0x6eec7
core   0: 3 0x80004c18 (0x6eec7e97) x29 0xeeecbc18
core   0: 0x80004c1c (0x0187c4b3) xor     s1, a5, s8
core   0: 3 0x80004c1c (0x0187c4b3) x 9 0x80024f84
core   0: 0x80004c20 (0x00350513) addi    a0, a0, 3
core   0: 3 0x80004c20 (0x00350513) x10 0x00000002
core   0: 0x80004c24 (0x00df01b3) add     gp, t5, a3
core   0: 3 0x80004c24 (0x00df01b3) x 3 0xa86d73dc
core   0: 0x80004c28 (0x405400b3) sub     ra, s0, t0
core   0: 3 0x80004c28 (0x405400b3) x 1 0xa86d73f1
core   0: 0x80004c2c (0x00b6de33) srl     t3, a3, a1
core   0: 3 0x80004c2c (0x00b6de33) x28 0x0000000f
core   0: 0x80004c30 (0x7e463313) sltiu   t1, a2, 2020
core   0: 3 0x80004c30 (0x7e463313) x 6 0x00000000
core   0: 0x80004c34 (0x0176fdb3) and     s11, a3, s7
core   0: 3 0x80004c34 (0x0176fdb3) x27 0xfffffffc
core   0: 0x80004c38 (0x82757497) auipc   s1, 0x82757
core   0: 3 0x80004c38 (0x82757497) x 9 0x0275bc38
core   0: 0x80004c3c (0x00e65c93) srli    s9, a2, 14
core   0: 3 0x80004c3c (0x00e65c93) x25 0x0003ffff
core   0: 0x80004c40 (0xfd354ce3) blt     a0, s3, pc - 40
core   0: 3 0x80004c40 (0xfd354ce3)
core   0: 0x80004c18 (0x6eec7e97) auipc   t4, 0x6eec7
core   0: 3 0x80004c18 (0x6eec7e97) x29 0xeeecbc18
core   0: 0x80004c1c (0x0187c4b3) xor     s1, a5, s8
core   0: 3 0x80004c1c (0x0187c4b3) x 9 0x80024f84
core   0: 0x80004c20 (0x00350513) addi    a0, a0, 3
core   0: 3 0x80004c20 (0x00350513) x10 0x00000005
core   0: 0x80004c24 (0x00df01b3) add     gp, t5, a3
core   0: 3 0x80004c24 (0x00df01b3) x 3 0xa86d73dc
core   0: 0x80004c28 (0x405400b3) sub     ra, s0, t0
core   0: 3 0x80004c28 (0x405400b3) x 1 0xa86d73f1
core   0: 0x80004c2c (0x00b6de33) srl     t3, a3, a1
core   0: 3 0x80004c2c (0x00b6de33) x28 0x0000000f
core   0: 0x80004c30 (0x7e463313) sltiu   t1, a2, 2020
core   0: 3 0x80004c30 (0x7e463313) x 6 0x00000000
core   0: 0x80004c34 (0x0176fdb3) and     s11, a3, s7
core   0: 3 0x80004c34 (0x0176fdb3) x27 0xfffffffc
core   0: 0x80004c38 (0x82757497) auipc   s1, 0x82757
core   0: 3 0x80004c38 (0x82757497) x 9 0x0275bc38
core   0: 0x80004c3c (0x00e65c93) srli    s9, a2, 14
core   0: 3 0x80004c3c (0x00e65c93) x25 0x0003ffff
core   0: 0x80004c40 (0xfd354ce3) blt     a0, s3, pc - 40
core   0: 3 0x80004c40 (0xfd354ce3)
core   0: 0x80004c18 (0x6eec7e97) auipc   t4, 0x6eec7
core   0: 3 0x80004c18 (0x6eec7e97) x29 0xeeecbc18
core   0: 0x80004c1c (0x0187c4b3) xor     s1, a5, s8
core   0: 3 0x80004c1c (0x0187c4b3) x 9 0x80024f84
core   0: 0x80004c20 (0x00350513) addi    a0, a0, 3
core   0: 3 0x80004c20 (0x00350513) x10 0x00000008
core   0: 0x80004c24 (0x00df01b3) add     gp, t5, a3
core   0: 3 0x80004c24 (0x00df01b3) x 3 0xa86d73dc
core   0: 0x80004c28 (0x405400b3) sub     ra, s0, t0
core   0: 3 0x80004c28 (0x405400b3) x 1 0xa86d73f1
core   0: 0x80004c2c (0x00b6de33) srl     t3, a3, a1
core   0: 3 0x80004c2c (0x00b6de33) x28 0x0000000f
core   0: 0x80004c30 (0x7e463313) sltiu   t1, a2, 2020
core   0: 3 0x80004c30 (0x7e463313) x 6 0x00000000
core   0: 0x80004c34 (0x0176fdb3) and     s11, a3, s7
core   0: 3 0x80004c34 (0x0176fdb3) x27 0xfffffffc
core   0: 0x80004c38 (0x82757497) auipc   s1, 0x82757
core   0: 3 0x80004c38 (0x82757497) x 9 0x0275bc38
core   0: 0x80004c3c (0x00e65c93) srli    s9, a2, 14
core   0: 3 0x80004c3c (0x00e65c93) x25 0x0003ffff
core   0: 0x80004c40 (0xfd354ce3) blt     a0, s3, pc - 40
core   0: 3 0x80004c40 (0xfd354ce3)
core   0: 0x80004c18 (0x6eec7e97) auipc   t4, 0x6eec7
core   0: 3 0x80004c18 (0x6eec7e97) x29 0xeeecbc18
core   0: 0x80004c1c (0x0187c4b3) xor     s1, a5, s8
core   0: 3 0x80004c1c (0x0187c4b3) x 9 0x80024f84
core   0: 0x80004c20 (0x00350513) addi    a0, a0, 3
core   0: 3 0x80004c20 (0x00350513) x10 0x0000000b
core   0: 0x80004c24 (0x00df01b3) add     gp, t5, a3
core   0: 3 0x80004c24 (0x00df01b3) x 3 0xa86d73dc
core   0: 0x80004c28 (0x405400b3) sub     ra, s0, t0
core   0: 3 0x80004c28 (0x405400b3) x 1 0xa86d73f1
core   0: 0x80004c2c (0x00b6de33) srl     t3, a3, a1
core   0: 3 0x80004c2c (0x00b6de33) x28 0x0000000f
core   0: 0x80004c30 (0x7e463313) sltiu   t1, a2, 2020
core   0: 3 0x80004c30 (0x7e463313) x 6 0x00000000
core   0: 0x80004c34 (0x0176fdb3) and     s11, a3, s7
core   0: 3 0x80004c34 (0x0176fdb3) x27 0xfffffffc
core   0: 0x80004c38 (0x82757497) auipc   s1, 0x82757
core   0: 3 0x80004c38 (0x82757497) x 9 0x0275bc38
core   0: 0x80004c3c (0x00e65c93) srli    s9, a2, 14
core   0: 3 0x80004c3c (0x00e65c93) x25 0x0003ffff
core   0: 0x80004c40 (0xfd354ce3) blt     a0, s3, pc - 40
core   0: 3 0x80004c40 (0xfd354ce3)
core   0: 0x80004c18 (0x6eec7e97) auipc   t4, 0x6eec7
core   0: 3 0x80004c18 (0x6eec7e97) x29 0xeeecbc18
core   0: 0x80004c1c (0x0187c4b3) xor     s1, a5, s8
core   0: 3 0x80004c1c (0x0187c4b3) x 9 0x80024f84
core   0: 0x80004c20 (0x00350513) addi    a0, a0, 3
core   0: 3 0x80004c20 (0x00350513) x10 0x0000000e
core   0: 0x80004c24 (0x00df01b3) add     gp, t5, a3
core   0: 3 0x80004c24 (0x00df01b3) x 3 0xa86d73dc
core   0: 0x80004c28 (0x405400b3) sub     ra, s0, t0
core   0: 3 0x80004c28 (0x405400b3) x 1 0xa86d73f1
core   0: 0x80004c2c (0x00b6de33) srl     t3, a3, a1
core   0: 3 0x80004c2c (0x00b6de33) x28 0x0000000f
core   0: 0x80004c30 (0x7e463313) sltiu   t1, a2, 2020
core   0: 3 0x80004c30 (0x7e463313) x 6 0x00000000
core   0: 0x80004c34 (0x0176fdb3) and     s11, a3, s7
core   0: 3 0x80004c34 (0x0176fdb3) x27 0xfffffffc
core   0: 0x80004c38 (0x82757497) auipc   s1, 0x82757
core   0: 3 0x80004c38 (0x82757497) x 9 0x0275bc38
core   0: 0x80004c3c (0x00e65c93) srli    s9, a2, 14
core   0: 3 0x80004c3c (0x00e65c93) x25 0x0003ffff
core   0: 0x80004c40 (0xfd354ce3) blt     a0, s3, pc - 40
core   0: 3 0x80004c40 (0xfd354ce3)
core   0: 0x80004c18 (0x6eec7e97) auipc   t4, 0x6eec7
core   0: 3 0x80004c18 (0x6eec7e97) x29 0xeeecbc18
core   0: 0x80004c1c (0x0187c4b3) xor     s1, a5, s8
core   0: 3 0x80004c1c (0x0187c4b3) x 9 0x80024f84
core   0: 0x80004c20 (0x00350513) addi    a0, a0, 3
core   0: 3 0x80004c20 (0x00350513) x10 0x00000011
core   0: 0x80004c24 (0x00df01b3) add     gp, t5, a3
core   0: 3 0x80004c24 (0x00df01b3) x 3 0xa86d73dc
core   0: 0x80004c28 (0x405400b3) sub     ra, s0, t0
core   0: 3 0x80004c28 (0x405400b3) x 1 0xa86d73f1
core   0: 0x80004c2c (0x00b6de33) srl     t3, a3, a1
core   0: 3 0x80004c2c (0x00b6de33) x28 0x0000000f
core   0: 0x80004c30 (0x7e463313) sltiu   t1, a2, 2020
core   0: 3 0x80004c30 (0x7e463313) x 6 0x00000000
core   0: 0x80004c34 (0x0176fdb3) and     s11, a3, s7
core   0: 3 0x80004c34 (0x0176fdb3) x27 0xfffffffc
core   0: 0x80004c38 (0x82757497) auipc   s1, 0x82757
core   0: 3 0x80004c38 (0x82757497) x 9 0x0275bc38
core   0: 0x80004c3c (0x00e65c93) srli    s9, a2, 14
core   0: 3 0x80004c3c (0x00e65c93) x25 0x0003ffff
core   0: 0x80004c40 (0xfd354ce3) blt     a0, s3, pc - 40
core   0: 3 0x80004c40 (0xfd354ce3)
core   0: 0x80004c18 (0x6eec7e97) auipc   t4, 0x6eec7
core   0: 3 0x80004c18 (0x6eec7e97) x29 0xeeecbc18
core   0: 0x80004c1c (0x0187c4b3) xor     s1, a5, s8
core   0: 3 0x80004c1c (0x0187c4b3) x 9 0x80024f84
core   0: 0x80004c20 (0x00350513) addi    a0, a0, 3
core   0: 3 0x80004c20 (0x00350513) x10 0x00000014
core   0: 0x80004c24 (0x00df01b3) add     gp, t5, a3
core   0: 3 0x80004c24 (0x00df01b3) x 3 0xa86d73dc
core   0: 0x80004c28 (0x405400b3) sub     ra, s0, t0
core   0: 3 0x80004c28 (0x405400b3) x 1 0xa86d73f1
core   0: 0x80004c2c (0x00b6de33) srl     t3, a3, a1
core   0: 3 0x80004c2c (0x00b6de33) x28 0x0000000f
core   0: 0x80004c30 (0x7e463313) sltiu   t1, a2, 2020
core   0: 3 0x80004c30 (0x7e463313) x 6 0x00000000
core   0: 0x80004c34 (0x0176fdb3) and     s11, a3, s7
core   0: 3 0x80004c34 (0x0176fdb3) x27 0xfffffffc
core   0: 0x80004c38 (0x82757497) auipc   s1, 0x82757
core   0: 3 0x80004c38 (0x82757497) x 9 0x0275bc38
core   0: 0x80004c3c (0x00e65c93) srli    s9, a2, 14
core   0: 3 0x80004c3c (0x00e65c93) x25 0x0003ffff
core   0: 0x80004c40 (0xfd354ce3) blt     a0, s3, pc - 40
core   0: 3 0x80004c40 (0xfd354ce3)
core   0: 0x80004c44 (0xf4838617) auipc   a2, 0xf4838
core   0: 3 0x80004c44 (0xf4838617) x12 0x7483cc44
core   0: 0x80004c48 (0x00100193) li      gp, 1
core   0: 3 0x80004c48 (0x00100193) x 3 0x00000001
core   0: 0x80004c4c (0x00600313) li      t1, 6
core   0: 3 0x80004c4c (0x00600313) x 6 0x00000006
core   0: 0x80004c50 (0x86fca993) slti    s3, s9, -1937
core   0: 3 0x80004c50 (0x86fca993) x19 0x00000000
core   0: 0x80004c54 (0x00c3d233) srl     tp, t2, a2
core   0: 3 0x80004c54 (0x00c3d233) x 4 0x0fffffff
core   0: 0x80004c58 (0x00000013) nop
core   0: 3 0x80004c58 (0x00000013)
core   0: 0x80004c5c (0x00718193) addi    gp, gp, 7
core   0: 3 0x80004c5c (0x00718193) x 3 0x00000008
core   0: 0x80004c60 (0x00500e93) li      t4, 5
core   0: 3 0x80004c60 (0x00500e93) x29 0x00000005
core   0: 0x80004c64 (0xad2df097) auipc   ra, 0xad2df
core   0: 3 0x80004c64 (0xad2df097) x 1 0x2d2e3c64
core   0: 0x80004c68 (0xffb00f13) li      t5, -5
core   0: 3 0x80004c68 (0xffb00f13) x30 0xfffffffb
core   0: 0x80004c6c (0xd64a89b7) lui     s3, 0xd64a8
core   0: 3 0x80004c6c (0xd64a89b7) x19 0xd64a8000
core   0: 0x80004c70 (0xff6e8e93) addi    t4, t4, -10
core   0: 3 0x80004c70 (0xff6e8e93) x29 0xfffffffb
core   0: 0x80004c74 (0x34b53593) sltiu   a1, a0, 843
core   0: 3 0x80004c74 (0x34b53593) x11 0x00000001
core   0: 0x80004c78 (0xffee9ae3) bne     t4, t5, pc - 12
core   0: 3 0x80004c78 (0xffee9ae3)
core   0: 0x80004c7c (0xfc61cee3) blt     gp, t1, pc - 36
core   0: 3 0x80004c7c (0xfc61cee3)
core   0: 0x80004c80 (0xc6862237) lui     tp, 0xc6862
core   0: 3 0x80004c80 (0xc6862237) x 4 0xc6862000
core   0: 0x80004c84 (0x00600513) li      a0, 6
core   0: 3 0x80004c84 (0x00600513) x10 0x00000006
core   0: 0x80004c88 (0x00850733) add     a4, a0, s0
core   0: 3 0x80004c88 (0x00850733) x14 0x00000007
core   0: 0x80004c8c (0xffb00293) li      t0, -5
core   0: 3 0x80004c8c (0xffb00293) x 5 0xfffffffb
core   0: 0x80004c90 (0x41fa89b3) sub     s3, s5, t6
core   0: 3 0x80004c90 (0x41fa89b3) x19 0xffe00000
core   0: 0x80004c94 (0x9373c313) xori    t1, t2, -1737
core   0: 3 0x80004c94 (0x9373c313) x 6 0x000006c7
core   0: 0x80004c98 (0x1a4c6013) ori     zero, s8, 420
core   0: 3 0x80004c98 (0x1a4c6013)
core   0: 0x80004c9c (0x0c544593) xori    a1, s0, 197
core   0: 3 0x80004c9c (0x0c544593) x11 0x000000c4
core   0: 0x80004ca0 (0xbb8eee13) ori     t3, t4, -1096
core   0: 3 0x80004ca0 (0xbb8eee13) x28 0xfffffffb
core   0: 0x80004ca4 (0x40465333) sra     t1, a2, tp
core   0: 3 0x80004ca4 (0x40465333) x 6 0x7483cc44
core   0: 0x80004ca8 (0x436ec713) xori    a4, t4, 1078
core   0: 3 0x80004ca8 (0x436ec713) x14 0xfffffbcd
core   0: 0x80004cac (0xff950513) addi    a0, a0, -7
core   0: 3 0x80004cac (0xff950513) x10 0xffffffff
core   0: 0x80004cb0 (0xa1ec0693) addi    a3, s8, -1506
core   0: 3 0x80004cb0 (0xa1ec0693) x13 0xfffffb9e
core   0: 0x80004cb4 (0x304fbf93) sltiu   t6, t6, 772
core   0: 3 0x80004cb4 (0x304fbf93) x31 0x00000000
core   0: 0x80004cb8 (0x410bd713) srai    a4, s7, 16
core   0: 3 0x80004cb8 (0x410bd713) x14 0xffffffff
core   0: 0x80004cbc (0x01a215b3) sll     a1, tp, s10
core   0: 3 0x80004cbc (0x01a215b3) x11 0x88000000
core   0: 0x80004cc0 (0x00000213) li      tp, 0
core   0: 3 0x80004cc0 (0x00000213) x 4 0x00000000
core   0: 0x80004cc4 (0x40c95333) sra     t1, s2, a2
core   0: 3 0x80004cc4 (0x40c95333) x 6 0xfcd2abb5
core   0: 0x80004cc8 (0x00a00413) li      s0, 10
core   0: 3 0x80004cc8 (0x00a00413) x 8 0x0000000a
core   0: 0x80004ccc (0x0a9ca717) auipc   a4, 0xa9ca
core   0: 3 0x80004ccc (0x0a9ca717) x14 0x8a9ceccc
core   0: 0x80004cd0 (0x00000013) nop
core   0: 3 0x80004cd0 (0x00000013)
core   0: 0x80004cd4 (0x00000013) nop
core   0: 3 0x80004cd4 (0x00000013)
core   0: 0x80004cd8 (0xb22d2d97) auipc   s11, 0xb22d2
core   0: 3 0x80004cd8 (0xb22d2d97) x27 0x322d6cd8
core   0: 0x80004cdc (0x00220213) addi    tp, tp, 2
core   0: 3 0x80004cdc (0x00220213) x 4 0x00000002
core   0: 0x80004ce0 (0x00f85c13) srli    s8, a6, 15
core   0: 3 0x80004ce0 (0x00f85c13) x24 0x00010000
core   0: 0x80004ce4 (0xfe826ae3) bltu    tp, s0, pc - 12
core   0: 3 0x80004ce4 (0xfe826ae3)
core   0: 0x80004cd8 (0xb22d2d97) auipc   s11, 0xb22d2
core   0: 3 0x80004cd8 (0xb22d2d97) x27 0x322d6cd8
core   0: 0x80004cdc (0x00220213) addi    tp, tp, 2
core   0: 3 0x80004cdc (0x00220213) x 4 0x00000004
core   0: 0x80004ce0 (0x00f85c13) srli    s8, a6, 15
core   0: 3 0x80004ce0 (0x00f85c13) x24 0x00010000
core   0: 0x80004ce4 (0xfe826ae3) bltu    tp, s0, pc - 12
core   0: 3 0x80004ce4 (0xfe826ae3)
core   0: 0x80004cd8 (0xb22d2d97) auipc   s11, 0xb22d2
core   0: 3 0x80004cd8 (0xb22d2d97) x27 0x322d6cd8
core   0: 0x80004cdc (0x00220213) addi    tp, tp, 2
core   0: 3 0x80004cdc (0x00220213) x 4 0x00000006
core   0: 0x80004ce0 (0x00f85c13) srli    s8, a6, 15
core   0: 3 0x80004ce0 (0x00f85c13) x24 0x00010000
core   0: 0x80004ce4 (0xfe826ae3) bltu    tp, s0, pc - 12
core   0: 3 0x80004ce4 (0xfe826ae3)
core   0: 0x80004cd8 (0xb22d2d97) auipc   s11, 0xb22d2
core   0: 3 0x80004cd8 (0xb22d2d97) x27 0x322d6cd8
core   0: 0x80004cdc (0x00220213) addi    tp, tp, 2
core   0: 3 0x80004cdc (0x00220213) x 4 0x00000008
core   0: 0x80004ce0 (0x00f85c13) srli    s8, a6, 15
core   0: 3 0x80004ce0 (0x00f85c13) x24 0x00010000
core   0: 0x80004ce4 (0xfe826ae3) bltu    tp, s0, pc - 12
core   0: 3 0x80004ce4 (0xfe826ae3)
core   0: 0x80004cd8 (0xb22d2d97) auipc   s11, 0xb22d2
core   0: 3 0x80004cd8 (0xb22d2d97) x27 0x322d6cd8
core   0: 0x80004cdc (0x00220213) addi    tp, tp, 2
core   0: 3 0x80004cdc (0x00220213) x 4 0x0000000a
core   0: 0x80004ce0 (0x00f85c13) srli    s8, a6, 15
core   0: 3 0x80004ce0 (0x00f85c13) x24 0x00010000
core   0: 0x80004ce4 (0xfe826ae3) bltu    tp, s0, pc - 12
core   0: 3 0x80004ce4 (0xfe826ae3)
core   0: 0x80004ce8 (0x01dcad33) slt     s10, s9, t4
core   0: 3 0x80004ce8 (0x01dcad33) x26 0x00000000
core   0: 0x80004cec (0x00df2bb3) slt     s7, t5, a3
core   0: 3 0x80004cec (0x00df2bb3) x23 0x00000000
core   0: 0x80004cf0 (0xfa5552e3) bge     a0, t0, pc - 92
core   0: 3 0x80004cf0 (0xfa5552e3)
core   0: 0x80004c94 (0x9373c313) xori    t1, t2, -1737
core   0: 3 0x80004c94 (0x9373c313) x 6 0x000006c7
core   0: 0x80004c98 (0x1a4c6013) ori     zero, s8, 420
core   0: 3 0x80004c98 (0x1a4c6013)
core   0: 0x80004c9c (0x0c544593) xori    a1, s0, 197
core   0: 3 0x80004c9c (0x0c544593) x11 0x000000cf
core   0: 0x80004ca0 (0xbb8eee13) ori     t3, t4, -1096
core   0: 3 0x80004ca0 (0xbb8eee13) x28 0xfffffffb
core   0: 0x80004ca4 (0x40465333) sra     t1, a2, tp
core   0: 3 0x80004ca4 (0x40465333) x 6 0x001d20f3
core   0: 0x80004ca8 (0x436ec713) xori    a4, t4, 1078
core   0: 3 0x80004ca8 (0x436ec713) x14 0xfffffbcd
core   0: 0x80004cac (0xff950513) addi    a0, a0, -7
core   0: 3 0x80004cac (0xff950513) x10 0xfffffff8
core   0: 0x80004cb0 (0xa1ec0693) addi    a3, s8, -1506
core   0: 3 0x80004cb0 (0xa1ec0693) x13 0x0000fa1e
core   0: 0x80004cb4 (0x304fbf93) sltiu   t6, t6, 772
core   0: 3 0x80004cb4 (0x304fbf93) x31 0x00000001
core   0: 0x80004cb8 (0x410bd713) srai    a4, s7, 16
core   0: 3 0x80004cb8 (0x410bd713) x14 0x00000000
core   0: 0x80004cbc (0x01a215b3) sll     a1, tp, s10
core   0: 3 0x80004cbc (0x01a215b3) x11 0x0000000a
core   0: 0x80004cc0 (0x00000213) li      tp, 0
core   0: 3 0x80004cc0 (0x00000213) x 4 0x00000000
core   0: 0x80004cc4 (0x40c95333) sra     t1, s2, a2
core   0: 3 0x80004cc4 (0x40c95333) x 6 0xfcd2abb5
core   0: 0x80004cc8 (0x00a00413) li      s0, 10
core   0: 3 0x80004cc8 (0x00a00413) x 8 0x0000000a
core   0: 0x80004ccc (0x0a9ca717) auipc   a4, 0xa9ca
core   0: 3 0x80004ccc (0x0a9ca717) x14 0x8a9ceccc
core   0: 0x80004cd0 (0x00000013) nop
core   0: 3 0x80004cd0 (0x00000013)
core   0: 0x80004cd4 (0x00000013) nop
core   0: 3 0x80004cd4 (0x00000013)
core   0: 0x80004cd8 (0xb22d2d97) auipc   s11, 0xb22d2
core   0: 3 0x80004cd8 (0xb22d2d97) x27 0x322d6cd8
core   0: 0x80004cdc (0x00220213) addi    tp, tp, 2
core   0: 3 0x80004cdc (0x00220213) x 4 0x00000002
core   0: 0x80004ce0 (0x00f85c13) srli    s8, a6, 15
core   0: 3 0x80004ce0 (0x00f85c13) x24 0x00010000
core   0: 0x80004ce4 (0xfe826ae3) bltu    tp, s0, pc - 12
core   0: 3 0x80004ce4 (0xfe826ae3)
core   0: 0x80004cd8 (0xb22d2d97) auipc   s11, 0xb22d2
core   0: 3 0x80004cd8 (0xb22d2d97) x27 0x322d6cd8
core   0: 0x80004cdc (0x00220213) addi    tp, tp, 2
core   0: 3 0x80004cdc (0x00220213) x 4 0x00000004
core   0: 0x80004ce0 (0x00f85c13) srli    s8, a6, 15
core   0: 3 0x80004ce0 (0x00f85c13) x24 0x00010000
core   0: 0x80004ce4 (0xfe826ae3) bltu    tp, s0, pc - 12
core   0: 3 0x80004ce4 (0xfe826ae3)
core   0: 0x80004cd8 (0xb22d2d97) auipc   s11, 0xb22d2
core   0: 3 0x80004cd8 (0xb22d2d97) x27 0x322d6cd8
core   0: 0x80004cdc (0x00220213) addi    tp, tp, 2
core   0: 3 0x80004cdc (0x00220213) x 4 0x00000006
core   0: 0x80004ce0 (0x00f85c13) srli    s8, a6, 15
core   0: 3 0x80004ce0 (0x00f85c13) x24 0x00010000
core   0: 0x80004ce4 (0xfe826ae3) bltu    tp, s0, pc - 12
core   0: 3 0x80004ce4 (0xfe826ae3)
core   0: 0x80004cd8 (0xb22d2d97) auipc   s11, 0xb22d2
core   0: 3 0x80004cd8 (0xb22d2d97) x27 0x322d6cd8
core   0: 0x80004cdc (0x00220213) addi    tp, tp, 2
core   0: 3 0x80004cdc (0x00220213) x 4 0x00000008
core   0: 0x80004ce0 (0x00f85c13) srli    s8, a6, 15
core   0: 3 0x80004ce0 (0x00f85c13) x24 0x00010000
core   0: 0x80004ce4 (0xfe826ae3) bltu    tp, s0, pc - 12
core   0: 3 0x80004ce4 (0xfe826ae3)
core   0: 0x80004cd8 (0xb22d2d97) auipc   s11, 0xb22d2
core   0: 3 0x80004cd8 (0xb22d2d97) x27 0x322d6cd8
core   0: 0x80004cdc (0x00220213) addi    tp, tp, 2
core   0: 3 0x80004cdc (0x00220213) x 4 0x0000000a
core   0: 0x80004ce0 (0x00f85c13) srli    s8, a6, 15
core   0: 3 0x80004ce0 (0x00f85c13) x24 0x00010000
core   0: 0x80004ce4 (0xfe826ae3) bltu    tp, s0, pc - 12
core   0: 3 0x80004ce4 (0xfe826ae3)
core   0: 0x80004ce8 (0x01dcad33) slt     s10, s9, t4
core   0: 3 0x80004ce8 (0x01dcad33) x26 0x00000000
core   0: 0x80004cec (0x00df2bb3) slt     s7, t5, a3
core   0: 3 0x80004cec (0x00df2bb3) x23 0x00000001
core   0: 0x80004cf0 (0xfa5552e3) bge     a0, t0, pc - 92
core   0: 3 0x80004cf0 (0xfa5552e3)
core   0: 0x80004cf4 (0x70660d13) addi    s10, a2, 1798
core   0: 3 0x80004cf4 (0x70660d13) x26 0x7483d34a
core   0: 0x80004cf8 (0xff600413) li      s0, -10
core   0: 3 0x80004cf8 (0xff600413) x 8 0xfffffff6
core   0: 0x80004cfc (0x01100213) li      tp, 17
core   0: 3 0x80004cfc (0x01100213) x 4 0x00000011
core   0: 0x80004d00 (0xa3262313) slti    t1, a2, -1486
core   0: 3 0x80004d00 (0xa3262313) x 6 0x00000000
core   0: 0x80004d04 (0x015e5613) srli    a2, t3, 21
core   0: 3 0x80004d04 (0x015e5613) x12 0x000007ff
core   0: 0x80004d08 (0x00940413) addi    s0, s0, 9
core   0: 3 0x80004d08 (0x00940413) x 8 0xffffffff
core   0: 0x80004d0c (0xffa00993) li      s3, -6
core   0: 3 0x80004d0c (0xffa00993) x19 0xfffffffa
core   0: 0x80004d10 (0x00200b13) li      s6, 2
core   0: 3 0x80004d10 (0x00200b13) x22 0x00000002
core   0: 0x80004d14 (0x00286db3) or      s11, a6, sp
core   0: 3 0x80004d14 (0x00286db3) x27 0x80024fcf
core   0: 0x80004d18 (0x00498993) addi    s3, s3, 4
core   0: 3 0x80004d18 (0x00498993) x19 0xfffffffe
core   0: 0x80004d1c (0xff69ece3) bltu    s3, s6, pc - 8
core   0: 3 0x80004d1c (0xff69ece3)
core   0: 0x80004d20 (0xfe4410e3) bne     s0, tp, pc - 32
core   0: 3 0x80004d20 (0xfe4410e3)
core   0: 0x80004d00 (0xa3262313) slti    t1, a2, -1486
core   0: 3 0x80004d00 (0xa3262313) x 6 0x00000000
core   0: 0x80004d04 (0x015e5613) srli    a2, t3, 21
core   0: 3 0x80004d04 (0x015e5613) x12 0x000007ff
core   0: 0x80004d08 (0x00940413) addi    s0, s0, 9
core   0: 3 0x80004d08 (0x00940413) x 8 0x00000008
core   0: 0x80004d0c (0xffa00993) li      s3, -6
core   0: 3 0x80004d0c (0xffa00993) x19 0xfffffffa
core   0: 0x80004d10 (0x00200b13) li      s6, 2
core   0: 3 0x80004d10 (0x00200b13) x22 0x00000002
core   0: 0x80004d14 (0x00286db3) or      s11, a6, sp
core   0: 3 0x80004d14 (0x00286db3) x27 0x80024fcf
core   0: 0x80004d18 (0x00498993) addi    s3, s3, 4
core   0: 3 0x80004d18 (0x00498993) x19 0xfffffffe
core   0: 0x80004d1c (0xff69ece3) bltu    s3, s6, pc - 8
core   0: 3 0x80004d1c (0xff69ece3)
core   0: 0x80004d20 (0xfe4410e3) bne     s0, tp, pc - 32
core   0: 3 0x80004d20 (0xfe4410e3)
core   0: 0x80004d00 (0xa3262313) slti    t1, a2, -1486
core   0: 3 0x80004d00 (0xa3262313) x 6 0x00000000
core   0: 0x80004d04 (0x015e5613) srli    a2, t3, 21
core   0: 3 0x80004d04 (0x015e5613) x12 0x000007ff
core   0: 0x80004d08 (0x00940413) addi    s0, s0, 9
core   0: 3 0x80004d08 (0x00940413) x 8 0x00000011
core   0: 0x80004d0c (0xffa00993) li      s3, -6
core   0: 3 0x80004d0c (0xffa00993) x19 0xfffffffa
core   0: 0x80004d10 (0x00200b13) li      s6, 2
core   0: 3 0x80004d10 (0x00200b13) x22 0x00000002
core   0: 0x80004d14 (0x00286db3) or      s11, a6, sp
core   0: 3 0x80004d14 (0x00286db3) x27 0x80024fcf
core   0: 0x80004d18 (0x00498993) addi    s3, s3, 4
core   0: 3 0x80004d18 (0x00498993) x19 0xfffffffe
core   0: 0x80004d1c (0xff69ece3) bltu    s3, s6, pc - 8
core   0: 3 0x80004d1c (0xff69ece3)
core   0: 0x80004d20 (0xfe4410e3) bne     s0, tp, pc - 32
core   0: 3 0x80004d20 (0xfe4410e3)
core   0: 0x80004d24 (0x0000100f) fence.i
core   0: 3 0x80004d24 (0x0000100f)
core   0: 0x80004d28 (0x00200593) li      a1, 2
core   0: 3 0x80004d28 (0x00200593) x11 0x00000002
core   0: 0x80004d2c (0x00900393) li      t2, 9
core   0: 3 0x80004d2c (0x00900393) x 7 0x00000009
core   0: 0x80004d30 (0x88c6d697) auipc   a3, 0x88c6d
core   0: 3 0x80004d30 (0x88c6d697) x13 0x08c71d30
core   0: 0x80004d34 (0x00b4a2b3) slt     t0, s1, a1
core   0: 3 0x80004d34 (0x00b4a2b3) x 5 0x00000000
core   0: 0x80004d38 (0x0000100f) fence.i
core   0: 3 0x80004d38 (0x0000100f)
core   0: 0x80004d3c (0x00000013) nop
core   0: 3 0x80004d3c (0x00000013)
core   0: 0x80004d40 (0x00858593) addi    a1, a1, 8
core   0: 3 0x80004d40 (0x00858593) x11 0x0000000a
core   0: 0x80004d44 (0x0178ddb3) srl     s11, a7, s7
core   0: 3 0x80004d44 (0x0178ddb3) x27 0x40014672
core   0: 0x80004d48 (0x00500a93) li      s5, 5
core   0: 3 0x80004d48 (0x00500a93) x21 0x00000005
core   0: 0x80004d4c (0x00000013) nop
core   0: 3 0x80004d4c (0x00000013)
core   0: 0x80004d50 (0x04309637) lui     a2, 0x4309
core   0: 3 0x80004d50 (0x04309637) x12 0x04309000
core   0: 0x80004d54 (0x414e8fb3) sub     t6, t4, s4
core   0: 3 0x80004d54 (0x414e8fb3) x31 0xffffffeb
core   0: 0x80004d58 (0x3122d117) auipc   sp, 0x3122d
core   0: 3 0x80004d58 (0x3122d117) x 2 0xb1231d58
core   0: 0x80004d5c (0x006d6233) or      tp, s10, t1
core   0: 3 0x80004d5c (0x006d6233) x 4 0x7483d34a
core   0: 0x80004d60 (0xff31ce93) xori    t4, gp, -13
core   0: 3 0x80004d60 (0xff31ce93) x29 0xfffffffb
core   0: 0x80004d64 (0x00a6bfb3) sltu    t6, a3, a0
core   0: 3 0x80004d64 (0x00a6bfb3) x31 0x00000001
core   0: 0x80004d68 (0x00f5aeb3) slt     t4, a1, a5
core   0: 3 0x80004d68 (0x00f5aeb3) x29 0x00000000
core   0: 0x80004d6c (0x00b00913) li      s2, 11
core   0: 3 0x80004d6c (0x00b00913) x18 0x0000000b
core   0: 0x80004d70 (0x334d4c13) xori    s8, s10, 820
core   0: 3 0x80004d70 (0x334d4c13) x24 0x7483d07e
core   0: 0x80004d74 (0xa5260093) addi    ra, a2, -1454
core   0: 3 0x80004d74 (0xa5260093) x 1 0x04308a52
core   0: 0x80004d78 (0x00aa8a93) addi    s5, s5, 10
core   0: 3 0x80004d78 (0x00aa8a93) x21 0x0000000f
core   0: 0x80004d7c (0x5a5e0e13) addi    t3, t3, 1445
core   0: 3 0x80004d7c (0x5a5e0e13) x28 0x000005a0
core   0: 0x80004d80 (0xff2aeae3) bltu    s5, s2, pc - 12
core   0: 3 0x80004d80 (0xff2aeae3)
core   0: 0x80004d84 (0x00cb1f33) sll     t5, s6, a2
core   0: 3 0x80004d84 (0x00cb1f33) x30 0x00000002
core   0: 0x80004d88 (0xfa75cae3) blt     a1, t2, pc - 76
core   0: 3 0x80004d88 (0xfa75cae3)
core   0: 0x80004d8c (0xaec8db37) lui     s6, 0xaec8d
core   0: 3 0x80004d8c (0xaec8db37) x22 0xaec8d000
core   0: 0x80004d90 (0xff700413) li      s0, -9
core   0: 3 0x80004d90 (0xff700413) x 8 0xfffffff7
core   0: 0x80004d94 (0x0132e033) or      zero, t0, s3
core   0: 3 0x80004d94 (0x0132e033)
core   0: 0x80004d98 (0x40235f33) sra     t5, t1, sp
core   0: 3 0x80004d98 (0x40235f33) x30 0x00000000
core   0: 0x80004d9c (0xc9b5bfb7) lui     t6, 0xc9b5b
core   0: 3 0x80004d9c (0xc9b5bfb7) x31 0xc9b5b000
core   0: 0x80004da0 (0x00d00513) li      a0, 13
core   0: 3 0x80004da0 (0x00d00513) x10 0x0000000d
core   0: 0x80004da4 (0x5207f593) andi    a1, a5, 1312
core   0: 3 0x80004da4 (0x5207f593) x11 0x00000400
core   0: 0x80004da8 (0xc6aff093) andi    ra, t6, -918
core   0: 3 0x80004da8 (0xc6aff093) x 1 0xc9b5b000
core   0: 0x80004dac (0x0000100f) fence.i
core   0: 3 0x80004dac (0x0000100f)
core   0: 0x80004db0 (0x01a17333) and     t1, sp, s10
core   0: 3 0x80004db0 (0x01a17333) x 6 0x30031148
core   0: 0x80004db4 (0x2a89e593) ori     a1, s3, 680
core   0: 3 0x80004db4 (0x2a89e593) x11 0xfffffffe
core   0: 0x80004db8 (0x00419bb3) sll     s7, gp, tp
core   0: 3 0x80004db8 (0x00419bb3) x23 0x00002000
core   0: 0x80004dbc (0x8f109c37) lui     s8, 0x8f109
core   0: 3 0x80004dbc (0x8f109c37) x24 0x8f109000
core   0: 0x80004dc0 (0x0093b333) sltu    t1, t2, s1
core   0: 3 0x80004dc0 (0x0093b333) x 6 0x00000001
core   0: 0x80004dc4 (0x00a0a933) slt     s2, ra, a0
core   0: 3 0x80004dc4 (0x00a0a933) x18 0x00000001
core   0: 0x80004dc8 (0x001fb733) sltu    a4, t6, ra
core   0: 3 0x80004dc8 (0x001fb733) x14 0x00000000
core   0: 0x80004dcc (0x238ba993) slti    s3, s7, 568
core   0: 3 0x80004dcc (0x238ba993) x19 0x00000000
core   0: 0x80004dd0 (0x7e0a8493) addi    s1, s5, 2016
core   0: 3 0x80004dd0 (0x7e0a8493) x 9 0x000007ef
core   0: 0x80004dd4 (0x015829b3) slt     s3, a6, s5
core   0: 3 0x80004dd4 (0x015829b3) x19 0x00000001
core   0: 0x80004dd8 (0x832ccd93) xori    s11, s9, -1998
core   0: 3 0x80004dd8 (0x832ccd93) x27 0xfffc07cd
core   0: 0x80004ddc (0x79dfe613) ori     a2, t6, 1949
core   0: 3 0x80004ddc (0x79dfe613) x12 0xc9b5b79d
core   0: 0x80004de0 (0x24b83317) auipc   t1, 0x24b83
core   0: 3 0x80004de0 (0x24b83317) x 6 0xa4b87de0
core   0: 0x80004de4 (0x00a40413) addi    s0, s0, 10
core   0: 3 0x80004de4 (0x00a40413) x 8 0x00000001
core   0: 0x80004de8 (0x00000013) nop
core   0: 3 0x80004de8 (0x00000013)
core   0: 0x80004dec (0x40fbd0b3) sra     ra, s7, a5
core   0: 3 0x80004dec (0x40fbd0b3) x 1 0x00000200
core   0: 0x80004df0 (0x00c58a33) add     s4, a1, a2
core   0: 3 0x80004df0 (0x00c58a33) x20 0xc9b5b79b
core   0: 0x80004df4 (0x00000013) nop
core   0: 3 0x80004df4 (0x00000013)
core   0: 0x80004df8 (0xfaa44ce3) blt     s0, a0, pc - 72
core   0: 3 0x80004df8 (0xfaa44ce3)
core   0: 0x80004db0 (0x01a17333) and     t1, sp, s10
core   0: 3 0x80004db0 (0x01a17333) x 6 0x30031148
core   0: 0x80004db4 (0x2a89e593) ori     a1, s3, 680
core   0: 3 0x80004db4 (0x2a89e593) x11 0x000002a9
core   0: 0x80004db8 (0x00419bb3) sll     s7, gp, tp
core   0: 3 0x80004db8 (0x00419bb3) x23 0x00002000
core   0: 0x80004dbc (0x8f109c37) lui     s8, 0x8f109
core   0: 3 0x80004dbc (0x8f109c37) x24 0x8f109000
core   0: 0x80004dc0 (0x0093b333) sltu    t1, t2, s1
core   0: 3 0x80004dc0 (0x0093b333) x 6 0x00000001
core   0: 0x80004dc4 (0x00a0a933) slt     s2, ra, a0
core   0: 3 0x80004dc4 (0x00a0a933) x18 0x00000000
core   0: 0x80004dc8 (0x001fb733) sltu    a4, t6, ra
core   0: 3 0x80004dc8 (0x001fb733) x14 0x00000000
core   0: 0x80004dcc (0x238ba993) slti    s3, s7, 568
core   0: 3 0x80004dcc (0x238ba993) x19 0x00000000
core   0: 0x80004dd0 (0x7e0a8493) addi    s1, s5, 2016
core   0: 3 0x80004dd0 (0x7e0a8493) x 9 0x000007ef
core   0: 0x80004dd4 (0x015829b3) slt     s3, a6, s5
core   0: 3 0x80004dd4 (0x015829b3) x19 0x00000001
core   0: 0x80004dd8 (0x832ccd93) xori    s11, s9, -1998
core   0: 3 0x80004dd8 (0x832ccd93) x27 0xfffc07cd
core   0: 0x80004ddc (0x79dfe613) ori     a2, t6, 1949
core   0: 3 0x80004ddc (0x79dfe613) x12 0xc9b5b79d
core   0: 0x80004de0 (0x24b83317) auipc   t1, 0x24b83
core   0: 3 0x80004de0 (0x24b83317) x 6 0xa4b87de0
core   0: 0x80004de4 (0x00a40413) addi    s0, s0, 10
core   0: 3 0x80004de4 (0x00a40413) x 8 0x0000000b
core   0: 0x80004de8 (0x00000013) nop
core   0: 3 0x80004de8 (0x00000013)
core   0: 0x80004dec (0x40fbd0b3) sra     ra, s7, a5
core   0: 3 0x80004dec (0x40fbd0b3) x 1 0x00000200
core   0: 0x80004df0 (0x00c58a33) add     s4, a1, a2
core   0: 3 0x80004df0 (0x00c58a33) x20 0xc9b5ba46
core   0: 0x80004df4 (0x00000013) nop
core   0: 3 0x80004df4 (0x00000013)
core   0: 0x80004df8 (0xfaa44ce3) blt     s0, a0, pc - 72
core   0: 3 0x80004df8 (0xfaa44ce3)
core   0: 0x80004db0 (0x01a17333) and     t1, sp, s10
core   0: 3 0x80004db0 (0x01a17333) x 6 0x30031148
core   0: 0x80004db4 (0x2a89e593) ori     a1, s3, 680
core   0: 3 0x80004db4 (0x2a89e593) x11 0x000002a9
core   0: 0x80004db8 (0x00419bb3) sll     s7, gp, tp
core   0: 3 0x80004db8 (0x00419bb3) x23 0x00002000
core   0: 0x80004dbc (0x8f109c37) lui     s8, 0x8f109
core   0: 3 0x80004dbc (0x8f109c37) x24 0x8f109000
core   0: 0x80004dc0 (0x0093b333) sltu    t1, t2, s1
core   0: 3 0x80004dc0 (0x0093b333) x 6 0x00000001
core   0: 0x80004dc4 (0x00a0a933) slt     s2, ra, a0
core   0: 3 0x80004dc4 (0x00a0a933) x18 0x00000000
core   0: 0x80004dc8 (0x001fb733) sltu    a4, t6, ra
core   0: 3 0x80004dc8 (0x001fb733) x14 0x00000000
core   0: 0x80004dcc (0x238ba993) slti    s3, s7, 568
core   0: 3 0x80004dcc (0x238ba993) x19 0x00000000
core   0: 0x80004dd0 (0x7e0a8493) addi    s1, s5, 2016
core   0: 3 0x80004dd0 (0x7e0a8493) x 9 0x000007ef
core   0: 0x80004dd4 (0x015829b3) slt     s3, a6, s5
core   0: 3 0x80004dd4 (0x015829b3) x19 0x00000001
core   0: 0x80004dd8 (0x832ccd93) xori    s11, s9, -1998
core   0: 3 0x80004dd8 (0x832ccd93) x27 0xfffc07cd
core   0: 0x80004ddc (0x79dfe613) ori     a2, t6, 1949
core   0: 3 0x80004ddc (0x79dfe613) x12 0xc9b5b79d
core   0: 0x80004de0 (0x24b83317) auipc   t1, 0x24b83
core   0: 3 0x80004de0 (0x24b83317) x 6 0xa4b87de0
core   0: 0x80004de4 (0x00a40413) addi    s0, s0, 10
core   0: 3 0x80004de4 (0x00a40413) x 8 0x00000015
core   0: 0x80004de8 (0x00000013) nop
core   0: 3 0x80004de8 (0x00000013)
core   0: 0x80004dec (0x40fbd0b3) sra     ra, s7, a5
core   0: 3 0x80004dec (0x40fbd0b3) x 1 0x00000200
core   0: 0x80004df0 (0x00c58a33) add     s4, a1, a2
core   0: 3 0x80004df0 (0x00c58a33) x20 0xc9b5ba46
core   0: 0x80004df4 (0x00000013) nop
core   0: 3 0x80004df4 (0x00000013)
core   0: 0x80004df8 (0xfaa44ce3) blt     s0, a0, pc - 72
core   0: 3 0x80004df8 (0xfaa44ce3)
core   0: 0x80004dfc (0x00cf3db3) sltu    s11, t5, a2
core   0: 3 0x80004dfc (0x00cf3db3) x27 0x00000001
core   0: 0x80004e00 (0xffa00593) li      a1, -6
core   0: 3 0x80004e00 (0xffa00593) x11 0xfffffffa
core   0: 0x80004e04 (0x01cadcb3) srl     s9, s5, t3
core   0: 3 0x80004e04 (0x01cadcb3) x25 0x0000000f
core   0: 0x80004e08 (0x410bd1b3) sra     gp, s7, a6
core   0: 3 0x80004e08 (0x410bd1b3) x 3 0x00002000
core   0: 0x80004e0c (0xff400993) li      s3, -12
core   0: 3 0x80004e0c (0xff400993) x19 0xfffffff4
core   0: 0x80004e10 (0x0adac397) auipc   t2, 0xadac
core   0: 3 0x80004e10 (0x0adac397) x 7 0x8adb0e10
core   0: 0x80004e14 (0x585d6693) ori     a3, s10, 1413
core   0: 3 0x80004e14 (0x585d6693) x13 0x7483d7cf
core   0: 0x80004e18 (0x00433b33) sltu    s6, t1, tp
core   0: 3 0x80004e18 (0x00433b33) x22 0x00000000
core   0: 0x80004e1c (0xffd58593) addi    a1, a1, -3
core   0: 3 0x80004e1c (0xffd58593) x11 0xfffffff7
core   0: 0x80004e20 (0x408cdc33) sra     s8, s9, s0
core   0: 3 0x80004e20 (0x408cdc33) x24 0x00000000
core   0: 0x80004e24 (0x40ba5e93) srai    t4, s4, 11
core   0: 3 0x80004e24 (0x40ba5e93) x29 0xfff936b7
core   0: 0x80004e28 (0x00628633) add     a2, t0, t1
core   0: 3 0x80004e28 (0x00628633) x12 0xa4b87de0
core   0: 0x80004e2c (0xff3594e3) bne     a1, s3, pc - 24
core   0: 3 0x80004e2c (0xff3594e3)
core   0: 0x80004e14 (0x585d6693) ori     a3, s10, 1413
core   0: 3 0x80004e14 (0x585d6693) x13 0x7483d7cf
core   0: 0x80004e18 (0x00433b33) sltu    s6, t1, tp
core   0: 3 0x80004e18 (0x00433b33) x22 0x00000000
core   0: 0x80004e1c (0xffd58593) addi    a1, a1, -3
core   0: 3 0x80004e1c (0xffd58593) x11 0xfffffff4
core   0: 0x80004e20 (0x408cdc33) sra     s8, s9, s0
core   0: 3 0x80004e20 (0x408cdc33) x24 0x00000000
core   0: 0x80004e24 (0x40ba5e93) srai    t4, s4, 11
core   0: 3 0x80004e24 (0x40ba5e93) x29 0xfff936b7
core   0: 0x80004e28 (0x00628633) add     a2, t0, t1
core   0: 3 0x80004e28 (0x00628633) x12 0xa4b87de0
core   0: 0x80004e2c (0xff3594e3) bne     a1, s3, pc - 24
core   0: 3 0x80004e2c (0xff3594e3)
core   0: 0x80004e30 (0xbb55bb93) sltiu   s7, a1, -1099
core   0: 3 0x80004e30 (0xbb55bb93) x23 0x00000000
core   0: 0x80004e34 (0x00a00693) li      a3, 10
core   0: 3 0x80004e34 (0x00a00693) x13 0x0000000a
core   0: 0x80004e38 (0x01200b93) li      s7, 18
core   0: 3 0x80004e38 (0x01200b93) x23 0x00000012
core   0: 0x80004e3c (0x2f117f37) lui     t5, 0x2f117
core   0: 3 0x80004e3c (0x2f117f37) x30 0x2f117000
core   0: 0x80004e40 (0x00168693) addi    a3, a3, 1
core   0: 3 0x80004e40 (0x00168693) x13 0x0000000b
core   0: 0x80004e44 (0xff769ce3) bne     a3, s7, pc - 8
core   0: 3 0x80004e44 (0xff769ce3)
core   0: 0x80004e3c (0x2f117f37) lui     t5, 0x2f117
core   0: 3 0x80004e3c (0x2f117f37) x30 0x2f117000
core   0: 0x80004e40 (0x00168693) addi    a3, a3, 1
core   0: 3 0x80004e40 (0x00168693) x13 0x0000000c
core   0: 0x80004e44 (0xff769ce3) bne     a3, s7, pc - 8
core   0: 3 0x80004e44 (0xff769ce3)
core   0: 0x80004e3c (0x2f117f37) lui     t5, 0x2f117
core   0: 3 0x80004e3c (0x2f117f37) x30 0x2f117000
core   0: 0x80004e40 (0x00168693) addi    a3, a3, 1
core   0: 3 0x80004e40 (0x00168693) x13 0x0000000d
core   0: 0x80004e44 (0xff769ce3) bne     a3, s7, pc - 8
core   0: 3 0x80004e44 (0xff769ce3)
core   0: 0x80004e3c (0x2f117f37) lui     t5, 0x2f117
core   0: 3 0x80004e3c (0x2f117f37) x30 0x2f117000
core   0: 0x80004e40 (0x00168693) addi    a3, a3, 1
core   0: 3 0x80004e40 (0x00168693) x13 0x0000000e
core   0: 0x80004e44 (0xff769ce3) bne     a3, s7, pc - 8
core   0: 3 0x80004e44 (0xff769ce3)
core   0: 0x80004e3c (0x2f117f37) lui     t5, 0x2f117
core   0: 3 0x80004e3c (0x2f117f37) x30 0x2f117000
core   0: 0x80004e40 (0x00168693) addi    a3, a3, 1
core   0: 3 0x80004e40 (0x00168693) x13 0x0000000f
core   0: 0x80004e44 (0xff769ce3) bne     a3, s7, pc - 8
core   0: 3 0x80004e44 (0xff769ce3)
core   0: 0x80004e3c (0x2f117f37) lui     t5, 0x2f117
core   0: 3 0x80004e3c (0x2f117f37) x30 0x2f117000
core   0: 0x80004e40 (0x00168693) addi    a3, a3, 1
core   0: 3 0x80004e40 (0x00168693) x13 0x00000010
core   0: 0x80004e44 (0xff769ce3) bne     a3, s7, pc - 8
core   0: 3 0x80004e44 (0xff769ce3)
core   0: 0x80004e3c (0x2f117f37) lui     t5, 0x2f117
core   0: 3 0x80004e3c (0x2f117f37) x30 0x2f117000
core   0: 0x80004e40 (0x00168693) addi    a3, a3, 1
core   0: 3 0x80004e40 (0x00168693) x13 0x00000011
core   0: 0x80004e44 (0xff769ce3) bne     a3, s7, pc - 8
core   0: 3 0x80004e44 (0xff769ce3)
core   0: 0x80004e3c (0x2f117f37) lui     t5, 0x2f117
core   0: 3 0x80004e3c (0x2f117f37) x30 0x2f117000
core   0: 0x80004e40 (0x00168693) addi    a3, a3, 1
core   0: 3 0x80004e40 (0x00168693) x13 0x00000012
core   0: 0x80004e44 (0xff769ce3) bne     a3, s7, pc - 8
core   0: 3 0x80004e44 (0xff769ce3)
core   0: 0x80004e48 (0x01cdcdb3) xor     s11, s11, t3
core   0: 3 0x80004e48 (0x01cdcdb3) x27 0x000005a1
core   0: 0x80004e4c (0xffa00713) li      a4, -6
core   0: 3 0x80004e4c (0xffa00713) x14 0xfffffffa
core   0: 0x80004e50 (0x29157593) andi    a1, a0, 657
core   0: 3 0x80004e50 (0x29157593) x11 0x00000001
core   0: 0x80004e54 (0x00c25513) srli    a0, tp, 12
core   0: 3 0x80004e54 (0x00c25513) x10 0x0007483d
core   0: 0x80004e58 (0x1e6f3c13) sltiu   s8, t5, 486
core   0: 3 0x80004e58 (0x1e6f3c13) x24 0x00000000
core   0: 0x80004e5c (0x00b00313) li      t1, 11
core   0: 3 0x80004e5c (0x00b00313) x 6 0x0000000b
core   0: 0x80004e60 (0x01742eb3) slt     t4, s0, s7
core   0: 3 0x80004e60 (0x01742eb3) x29 0x00000000
core   0: 0x80004e64 (0x015e2c33) slt     s8, t3, s5
core   0: 3 0x80004e64 (0x015e2c33) x24 0x00000000
core   0: 0x80004e68 (0x01de7d33) and     s10, t3, t4
core   0: 3 0x80004e68 (0x01de7d33) x26 0x00000000
core   0: 0x80004e6c (0x0081bb33) sltu    s6, gp, s0
core   0: 3 0x80004e6c (0x0081bb33) x22 0x00000000
core   0: 0x80004e70 (0x01051493) slli    s1, a0, 16
core   0: 3 0x80004e70 (0x01051493) x 9 0x483d0000
core   0: 0x80004e74 (0x00000013) nop
core   0: 3 0x80004e74 (0x00000013)
core   0: 0x80004e78 (0xbd818c93) addi    s9, gp, -1064
core   0: 3 0x80004e78 (0xbd818c93) x25 0x00001bd8
core   0: 0x80004e7c (0xc8af12b7) lui     t0, 0xc8af1
core   0: 3 0x80004e7c (0xc8af12b7) x 5 0xc8af1000
core   0: 0x80004e80 (0xa2a26693) ori     a3, tp, -1494
core   0: 3 0x80004e80 (0xa2a26693) x13 0xfffffb6a
core   0: 0x80004e84 (0xea7a6c13) ori     s8, s4, -345
core   0: 3 0x80004e84 (0xea7a6c13) x24 0xfffffee7
core   0: 0x80004e88 (0x002474b3) and     s1, s0, sp
core   0: 3 0x80004e88 (0x002474b3) x 9 0x00000010
core   0: 0x80004e8c (0x005d7133) and     sp, s10, t0
core   0: 3 0x80004e8c (0x005d7133) x 2 0x00000000
core   0: 0x80004e90 (0x507a8a13) addi    s4, s5, 1287
core   0: 3 0x80004e90 (0x507a8a13) x20 0x00000516
core   0: 0x80004e94 (0x0000100f) fence.i
core   0: 3 0x80004e94 (0x0000100f)
core   0: 0x80004e98 (0x9cf76b13) ori     s6, a4, -1585
core   0: 3 0x80004e98 (0x9cf76b13) x22 0xffffffff
core   0: 0x80004e9c (0x00000013) nop
core   0: 3 0x80004e9c (0x00000013)
core   0: 0x80004ea0 (0x0ff0000f) fence   iorw,iorw
core   0: 3 0x80004ea0 (0x0ff0000f)
core   0: 0x80004ea4 (0x37c8c393) xori    t2, a7, 892
core   0: 3 0x80004ea4 (0x37c8c393) x 7 0x80028f98
core   0: 0x80004ea8 (0x00870713) addi    a4, a4, 8
core   0: 3 0x80004ea8 (0x00870713) x14 0x00000002
core   0: 0x80004eac (0x4001d633) sra     a2, gp, zero
core   0: 3 0x80004eac (0x4001d633) x12 0x00002000
core   0: 0x80004eb0 (0xfa674ee3) blt     a4, t1, pc - 68
core   0: 3 0x80004eb0 (0xfa674ee3)
core   0: 0x80004e6c (0x0081bb33) sltu    s6, gp, s0
core   0: 3 0x80004e6c (0x0081bb33) x22 0x00000000
core   0: 0x80004e70 (0x01051493) slli    s1, a0, 16
core   0: 3 0x80004e70 (0x01051493) x 9 0x483d0000
core   0: 0x80004e74 (0x00000013) nop
core   0: 3 0x80004e74 (0x00000013)
core   0: 0x80004e78 (0xbd818c93) addi    s9, gp, -1064
core   0: 3 0x80004e78 (0xbd818c93) x25 0x00001bd8
core   0: 0x80004e7c (0xc8af12b7) lui     t0, 0xc8af1
core   0: 3 0x80004e7c (0xc8af12b7) x 5 0xc8af1000
core   0: 0x80004e80 (0xa2a26693) ori     a3, tp, -1494
core   0: 3 0x80004e80 (0xa2a26693) x13 0xfffffb6a
core   0: 0x80004e84 (0xea7a6c13) ori     s8, s4, -345
core   0: 3 0x80004e84 (0xea7a6c13) x24 0xffffffb7
core   0: 0x80004e88 (0x002474b3) and     s1, s0, sp
core   0: 3 0x80004e88 (0x002474b3) x 9 0x00000000
core   0: 0x80004e8c (0x005d7133) and     sp, s10, t0
core   0: 3 0x80004e8c (0x005d7133) x 2 0x00000000
core   0: 0x80004e90 (0x507a8a13) addi    s4, s5, 1287
core   0: 3 0x80004e90 (0x507a8a13) x20 0x00000516
core   0: 0x80004e94 (0x0000100f) fence.i
core   0: 3 0x80004e94 (0x0000100f)
core   0: 0x80004e98 (0x9cf76b13) ori     s6, a4, -1585
core   0: 3 0x80004e98 (0x9cf76b13) x22 0xfffff9cf
core   0: 0x80004e9c (0x00000013) nop
core   0: 3 0x80004e9c (0x00000013)
core   0: 0x80004ea0 (0x0ff0000f) fence   iorw,iorw
core   0: 3 0x80004ea0 (0x0ff0000f)
core   0: 0x80004ea4 (0x37c8c393) xori    t2, a7, 892
core   0: 3 0x80004ea4 (0x37c8c393) x 7 0x80028f98
core   0: 0x80004ea8 (0x00870713) addi    a4, a4, 8
core   0: 3 0x80004ea8 (0x00870713) x14 0x0000000a
core   0: 0x80004eac (0x4001d633) sra     a2, gp, zero
core   0: 3 0x80004eac (0x4001d633) x12 0x00002000
core   0: 0x80004eb0 (0xfa674ee3) blt     a4, t1, pc - 68
core   0: 3 0x80004eb0 (0xfa674ee3)
core   0: 0x80004e6c (0x0081bb33) sltu    s6, gp, s0
core   0: 3 0x80004e6c (0x0081bb33) x22 0x00000000
core   0: 0x80004e70 (0x01051493) slli    s1, a0, 16
core   0: 3 0x80004e70 (0x01051493) x 9 0x483d0000
core   0: 0x80004e74 (0x00000013) nop
core   0: 3 0x80004e74 (0x00000013)
core   0: 0x80004e78 (0xbd818c93) addi    s9, gp, -1064
core   0: 3 0x80004e78 (0xbd818c93) x25 0x00001bd8
core   0: 0x80004e7c (0xc8af12b7) lui     t0, 0xc8af1
core   0: 3 0x80004e7c (0xc8af12b7) x 5 0xc8af1000
core   0: 0x80004e80 (0xa2a26693) ori     a3, tp, -1494
core   0: 3 0x80004e80 (0xa2a26693) x13 0xfffffb6a
core   0: 0x80004e84 (0xea7a6c13) ori     s8, s4, -345
core   0: 3 0x80004e84 (0xea7a6c13) x24 0xffffffb7
core   0: 0x80004e88 (0x002474b3) and     s1, s0, sp
core   0: 3 0x80004e88 (0x002474b3) x 9 0x00000000
core   0: 0x80004e8c (0x005d7133) and     sp, s10, t0
core   0: 3 0x80004e8c (0x005d7133) x 2 0x00000000
core   0: 0x80004e90 (0x507a8a13) addi    s4, s5, 1287
core   0: 3 0x80004e90 (0x507a8a13) x20 0x00000516
core   0: 0x80004e94 (0x0000100f) fence.i
core   0: 3 0x80004e94 (0x0000100f)
core   0: 0x80004e98 (0x9cf76b13) ori     s6, a4, -1585
core   0: 3 0x80004e98 (0x9cf76b13) x22 0xfffff9cf
core   0: 0x80004e9c (0x00000013) nop
core   0: 3 0x80004e9c (0x00000013)
core   0: 0x80004ea0 (0x0ff0000f) fence   iorw,iorw
core   0: 3 0x80004ea0 (0x0ff0000f)
core   0: 0x80004ea4 (0x37c8c393) xori    t2, a7, 892
core   0: 3 0x80004ea4 (0x37c8c393) x 7 0x80028f98
core   0: 0x80004ea8 (0x00870713) addi    a4, a4, 8
core   0: 3 0x80004ea8 (0x00870713) x14 0x00000012
core   0: 0x80004eac (0x4001d633) sra     a2, gp, zero
core   0: 3 0x80004eac (0x4001d633) x12 0x00002000
core   0: 0x80004eb0 (0xfa674ee3) blt     a4, t1, pc - 68
core   0: 3 0x80004eb0 (0xfa674ee3)
core   0: 0x80004eb4 (0x4168d013) srai    zero, a7, 22
core   0: 3 0x80004eb4 (0x4168d013)
core   0: 0x80004eb8 (0xff700713) li      a4, -9
core   0: 3 0x80004eb8 (0xff700713) x14 0xfffffff7
core   0: 0x80004ebc (0x01100d13) li      s10, 17
core   0: 3 0x80004ebc (0x01100d13) x26 0x00000011
core   0: 0x80004ec0 (0x005ff533) and     a0, t6, t0
core   0: 3 0x80004ec0 (0x005ff533) x10 0xc8a51000
core   0: 0x80004ec4 (0x014be933) or      s2, s7, s4
core   0: 3 0x80004ec4 (0x014be933) x18 0x00000516
core   0: 0x80004ec8 (0x00570713) addi    a4, a4, 5
core   0: 3 0x80004ec8 (0x00570713) x14 0xfffffffc
core   0: 0x80004ecc (0x00600593) li      a1, 6
core   0: 3 0x80004ecc (0x00600593) x11 0x00000006
core   0: 0x80004ed0 (0xffe00413) li      s0, -2
core   0: 3 0x80004ed0 (0xffe00413) x 8 0xfffffffe
core   0: 0x80004ed4 (0x00281cb3) sll     s9, a6, sp
core   0: 3 0x80004ed4 (0x00281cb3) x25 0x80000000
core   0: 0x80004ed8 (0x012dbcb3) sltu    s9, s11, s2
core   0: 3 0x80004ed8 (0x012dbcb3) x25 0x00000000
core   0: 0x80004edc (0xff658593) addi    a1, a1, -10
core   0: 3 0x80004edc (0xff658593) x11 0xfffffffc
core   0: 0x80004ee0 (0xfe85dce3) bge     a1, s0, pc - 8
core   0: 3 0x80004ee0 (0xfe85dce3)
core   0: 0x80004ee4 (0xffa760e3) bltu    a4, s10, pc - 32
core   0: 3 0x80004ee4 (0xffa760e3)
core   0: 0x80004ee8 (0xf4c6ec97) auipc   s9, 0xf4c6e
core   0: 3 0x80004ee8 (0xf4c6ec97) x25 0x74c72ee8
core   0: 0x80004eec (0xffe00613) li      a2, -2
core   0: 3 0x80004eec (0xffe00613) x12 0xfffffffe
core   0: 0x80004ef0 (0x01300c13) li      s8, 19
core   0: 3 0x80004ef0 (0x01300c13) x24 0x00000013
core   0: 0x80004ef4 (0x00000013) nop
core   0: 3 0x80004ef4 (0x00000013)
core   0: 0x80004ef8 (0x78bf3b97) auipc   s7, 0x78bf3
core   0: 3 0x80004ef8 (0x78bf3b97) x23 0xf8bf7ef8
core   0: 0x80004efc (0x00360613) addi    a2, a2, 3
core   0: 3 0x80004efc (0x00360613) x12 0x00000001
core   0: 0x80004f00 (0x00600493) li      s1, 6
core   0: 3 0x80004f00 (0x00600493) x 9 0x00000006
core   0: 0x80004f04 (0x01d875b3) and     a1, a6, t4
core   0: 3 0x80004f04 (0x01d875b3) x11 0x00000000
core   0: 0x80004f08 (0x0231e713) ori     a4, gp, 35
core   0: 3 0x80004f08 (0x0231e713) x14 0x00002023
core   0: 0x80004f0c (0x00a00d13) li      s10, 10
core   0: 3 0x80004f0c (0x00a00d13) x26 0x0000000a
core   0: 0x80004f10 (0x00edb2b3) sltu    t0, s11, a4
core   0: 3 0x80004f10 (0x00edb2b3) x 5 0x00000001
core   0: 0x80004f14 (0x412e0d97) auipc   s11, 0x412e0
core   0: 3 0x80004f14 (0x412e0d97) x27 0xc12e4f14
core   0: 0x80004f18 (0x01e29f93) slli    t6, t0, 30
core   0: 3 0x80004f18 (0x01e29f93) x31 0x40000000
core   0: 0x80004f1c (0x00906033) or      zero, zero, s1
core   0: 3 0x80004f1c (0x00906033)
core   0: 0x80004f20 (0x00148493) addi    s1, s1, 1
core   0: 3 0x80004f20 (0x00148493) x 9 0x00000007
core   0: 0x80004f24 (0x419555b3) sra     a1, a0, s9
core   0: 3 0x80004f24 (0x419555b3) x11 0xffc8a510
core   0: 0x80004f28 (0xffa484e3) beq     s1, s10, pc - 24
core   0: 3 0x80004f28 (0xffa484e3)
core   0: 0x80004f2c (0x40195413) srai    s0, s2, 1
core   0: 3 0x80004f2c (0x40195413) x 8 0x0000028b
core   0: 0x80004f30 (0x01924233) xor     tp, tp, s9
core   0: 3 0x80004f30 (0x01924233) x 4 0x0044fda2
core   0: 0x80004f34 (0x01718f33) add     t5, gp, s7
core   0: 3 0x80004f34 (0x01718f33) x30 0xf8bf9ef8
core   0: 0x80004f38 (0xfb864ee3) blt     a2, s8, pc - 68
core   0: 3 0x80004f38 (0xfb864ee3)
core   0: 0x80004ef4 (0x00000013) nop
core   0: 3 0x80004ef4 (0x00000013)
core   0: 0x80004ef8 (0x78bf3b97) auipc   s7, 0x78bf3
core   0: 3 0x80004ef8 (0x78bf3b97) x23 0xf8bf7ef8
core   0: 0x80004efc (0x00360613) addi    a2, a2, 3
core   0: 3 0x80004efc (0x00360613) x12 0x00000004
core   0: 0x80004f00 (0x00600493) li      s1, 6
core   0: 3 0x80004f00 (0x00600493) x 9 0x00000006
core   0: 0x80004f04 (0x01d875b3) and     a1, a6, t4
core   0: 3 0x80004f04 (0x01d875b3) x11 0x00000000
core   0: 0x80004f08 (0x0231e713) ori     a4, gp, 35
core   0: 3 0x80004f08 (0x0231e713) x14 0x00002023
core   0: 0x80004f0c (0x00a00d13) li      s10, 10
core   0: 3 0x80004f0c (0x00a00d13) x26 0x0000000a
core   0: 0x80004f10 (0x00edb2b3) sltu    t0, s11, a4
core   0: 3 0x80004f10 (0x00edb2b3) x 5 0x00000000
core   0: 0x80004f14 (0x412e0d97) auipc   s11, 0x412e0
core   0: 3 0x80004f14 (0x412e0d97) x27 0xc12e4f14
core   0: 0x80004f18 (0x01e29f93) slli    t6, t0, 30
core   0: 3 0x80004f18 (0x01e29f93) x31 0x00000000
core   0: 0x80004f1c (0x00906033) or      zero, zero, s1
core   0: 3 0x80004f1c (0x00906033)
core   0: 0x80004f20 (0x00148493) addi    s1, s1, 1
core   0: 3 0x80004f20 (0x00148493) x 9 0x00000007
core   0: 0x80004f24 (0x419555b3) sra     a1, a0, s9
core   0: 3 0x80004f24 (0x419555b3) x11 0xffc8a510
core   0: 0x80004f28 (0xffa484e3) beq     s1, s10, pc - 24
core   0: 3 0x80004f28 (0xffa484e3)
core   0: 0x80004f2c (0x40195413) srai    s0, s2, 1
core   0: 3 0x80004f2c (0x40195413) x 8 0x0000028b
core   0: 0x80004f30 (0x01924233) xor     tp, tp, s9
core   0: 3 0x80004f30 (0x01924233) x 4 0x7483d34a
core   0: 0x80004f34 (0x01718f33) add     t5, gp, s7
core   0: 3 0x80004f34 (0x01718f33) x30 0xf8bf9ef8
core   0: 0x80004f38 (0xfb864ee3) blt     a2, s8, pc - 68
core   0: 3 0x80004f38 (0xfb864ee3)
core   0: 0x80004ef4 (0x00000013) nop
core   0: 3 0x80004ef4 (0x00000013)
core   0: 0x80004ef8 (0x78bf3b97) auipc   s7, 0x78bf3
core   0: 3 0x80004ef8 (0x78bf3b97) x23 0xf8bf7ef8
core   0: 0x80004efc (0x00360613) addi    a2, a2, 3
core   0: 3 0x80004efc (0x00360613) x12 0x00000007
core   0: 0x80004f00 (0x00600493) li      s1, 6
core   0: 3 0x80004f00 (0x00600493) x 9 0x00000006
core   0: 0x80004f04 (0x01d875b3) and     a1, a6, t4
core   0: 3 0x80004f04 (0x01d875b3) x11 0x00000000
core   0: 0x80004f08 (0x0231e713) ori     a4, gp, 35
core   0: 3 0x80004f08 (0x0231e713) x14 0x00002023
core   0: 0x80004f0c (0x00a00d13) li      s10, 10
core   0: 3 0x80004f0c (0x00a00d13) x26 0x0000000a
core   0: 0x80004f10 (0x00edb2b3) sltu    t0, s11, a4
core   0: 3 0x80004f10 (0x00edb2b3) x 5 0x00000000
core   0: 0x80004f14 (0x412e0d97) auipc   s11, 0x412e0
core   0: 3 0x80004f14 (0x412e0d97) x27 0xc12e4f14
core   0: 0x80004f18 (0x01e29f93) slli    t6, t0, 30
core   0: 3 0x80004f18 (0x01e29f93) x31 0x00000000
core   0: 0x80004f1c (0x00906033) or      zero, zero, s1
core   0: 3 0x80004f1c (0x00906033)
core   0: 0x80004f20 (0x00148493) addi    s1, s1, 1
core   0: 3 0x80004f20 (0x00148493) x 9 0x00000007
core   0: 0x80004f24 (0x419555b3) sra     a1, a0, s9
core   0: 3 0x80004f24 (0x419555b3) x11 0xffc8a510
core   0: 0x80004f28 (0xffa484e3) beq     s1, s10, pc - 24
core   0: 3 0x80004f28 (0xffa484e3)
core   0: 0x80004f2c (0x40195413) srai    s0, s2, 1
core   0: 3 0x80004f2c (0x40195413) x 8 0x0000028b
core   0: 0x80004f30 (0x01924233) xor     tp, tp, s9
core   0: 3 0x80004f30 (0x01924233) x 4 0x0044fda2
core   0: 0x80004f34 (0x01718f33) add     t5, gp, s7
core   0: 3 0x80004f34 (0x01718f33) x30 0xf8bf9ef8
core   0: 0x80004f38 (0xfb864ee3) blt     a2, s8, pc - 68
core   0: 3 0x80004f38 (0xfb864ee3)
core   0: 0x80004ef4 (0x00000013) nop
core   0: 3 0x80004ef4 (0x00000013)
core   0: 0x80004ef8 (0x78bf3b97) auipc   s7, 0x78bf3
core   0: 3 0x80004ef8 (0x78bf3b97) x23 0xf8bf7ef8
core   0: 0x80004efc (0x00360613) addi    a2, a2, 3
core   0: 3 0x80004efc (0x00360613) x12 0x0000000a
core   0: 0x80004f00 (0x00600493) li      s1, 6
core   0: 3 0x80004f00 (0x00600493) x 9 0x00000006
core   0: 0x80004f04 (0x01d875b3) and     a1, a6, t4
core   0: 3 0x80004f04 (0x01d875b3) x11 0x00000000
core   0: 0x80004f08 (0x0231e713) ori     a4, gp, 35
core   0: 3 0x80004f08 (0x0231e713) x14 0x00002023
core   0: 0x80004f0c (0x00a00d13) li      s10, 10
core   0: 3 0x80004f0c (0x00a00d13) x26 0x0000000a
core   0: 0x80004f10 (0x00edb2b3) sltu    t0, s11, a4
core   0: 3 0x80004f10 (0x00edb2b3) x 5 0x00000000
core   0: 0x80004f14 (0x412e0d97) auipc   s11, 0x412e0
core   0: 3 0x80004f14 (0x412e0d97) x27 0xc12e4f14
core   0: 0x80004f18 (0x01e29f93) slli    t6, t0, 30
core   0: 3 0x80004f18 (0x01e29f93) x31 0x00000000
core   0: 0x80004f1c (0x00906033) or      zero, zero, s1
core   0: 3 0x80004f1c (0x00906033)
core   0: 0x80004f20 (0x00148493) addi    s1, s1, 1
core   0: 3 0x80004f20 (0x00148493) x 9 0x00000007
core   0: 0x80004f24 (0x419555b3) sra     a1, a0, s9
core   0: 3 0x80004f24 (0x419555b3) x11 0xffc8a510
core   0: 0x80004f28 (0xffa484e3) beq     s1, s10, pc - 24
core   0: 3 0x80004f28 (0xffa484e3)
core   0: 0x80004f2c (0x40195413) srai    s0, s2, 1
core   0: 3 0x80004f2c (0x40195413) x 8 0x0000028b
core   0: 0x80004f30 (0x01924233) xor     tp, tp, s9
core   0: 3 0x80004f30 (0x01924233) x 4 0x7483d34a
core   0: 0x80004f34 (0x01718f33) add     t5, gp, s7
core   0: 3 0x80004f34 (0x01718f33) x30 0xf8bf9ef8
core   0: 0x80004f38 (0xfb864ee3) blt     a2, s8, pc - 68
core   0: 3 0x80004f38 (0xfb864ee3)
core   0: 0x80004ef4 (0x00000013) nop
core   0: 3 0x80004ef4 (0x00000013)
core   0: 0x80004ef8 (0x78bf3b97) auipc   s7, 0x78bf3
core   0: 3 0x80004ef8 (0x78bf3b97) x23 0xf8bf7ef8
core   0: 0x80004efc (0x00360613) addi    a2, a2, 3
core   0: 3 0x80004efc (0x00360613) x12 0x0000000d
core   0: 0x80004f00 (0x00600493) li      s1, 6
core   0: 3 0x80004f00 (0x00600493) x 9 0x00000006
core   0: 0x80004f04 (0x01d875b3) and     a1, a6, t4
core   0: 3 0x80004f04 (0x01d875b3) x11 0x00000000
core   0: 0x80004f08 (0x0231e713) ori     a4, gp, 35
core   0: 3 0x80004f08 (0x0231e713) x14 0x00002023
core   0: 0x80004f0c (0x00a00d13) li      s10, 10
core   0: 3 0x80004f0c (0x00a00d13) x26 0x0000000a
core   0: 0x80004f10 (0x00edb2b3) sltu    t0, s11, a4
core   0: 3 0x80004f10 (0x00edb2b3) x 5 0x00000000
core   0: 0x80004f14 (0x412e0d97) auipc   s11, 0x412e0
core   0: 3 0x80004f14 (0x412e0d97) x27 0xc12e4f14
core   0: 0x80004f18 (0x01e29f93) slli    t6, t0, 30
core   0: 3 0x80004f18 (0x01e29f93) x31 0x00000000
core   0: 0x80004f1c (0x00906033) or      zero, zero, s1
core   0: 3 0x80004f1c (0x00906033)
core   0: 0x80004f20 (0x00148493) addi    s1, s1, 1
core   0: 3 0x80004f20 (0x00148493) x 9 0x00000007
core   0: 0x80004f24 (0x419555b3) sra     a1, a0, s9
core   0: 3 0x80004f24 (0x419555b3) x11 0xffc8a510
core   0: 0x80004f28 (0xffa484e3) beq     s1, s10, pc - 24
core   0: 3 0x80004f28 (0xffa484e3)
core   0: 0x80004f2c (0x40195413) srai    s0, s2, 1
core   0: 3 0x80004f2c (0x40195413) x 8 0x0000028b
core   0: 0x80004f30 (0x01924233) xor     tp, tp, s9
core   0: 3 0x80004f30 (0x01924233) x 4 0x0044fda2
core   0: 0x80004f34 (0x01718f33) add     t5, gp, s7
core   0: 3 0x80004f34 (0x01718f33) x30 0xf8bf9ef8
core   0: 0x80004f38 (0xfb864ee3) blt     a2, s8, pc - 68
core   0: 3 0x80004f38 (0xfb864ee3)
core   0: 0x80004ef4 (0x00000013) nop
core   0: 3 0x80004ef4 (0x00000013)
core   0: 0x80004ef8 (0x78bf3b97) auipc   s7, 0x78bf3
core   0: 3 0x80004ef8 (0x78bf3b97) x23 0xf8bf7ef8
core   0: 0x80004efc (0x00360613) addi    a2, a2, 3
core   0: 3 0x80004efc (0x00360613) x12 0x00000010
core   0: 0x80004f00 (0x00600493) li      s1, 6
core   0: 3 0x80004f00 (0x00600493) x 9 0x00000006
core   0: 0x80004f04 (0x01d875b3) and     a1, a6, t4
core   0: 3 0x80004f04 (0x01d875b3) x11 0x00000000
core   0: 0x80004f08 (0x0231e713) ori     a4, gp, 35
core   0: 3 0x80004f08 (0x0231e713) x14 0x00002023
core   0: 0x80004f0c (0x00a00d13) li      s10, 10
core   0: 3 0x80004f0c (0x00a00d13) x26 0x0000000a
core   0: 0x80004f10 (0x00edb2b3) sltu    t0, s11, a4
core   0: 3 0x80004f10 (0x00edb2b3) x 5 0x00000000
core   0: 0x80004f14 (0x412e0d97) auipc   s11, 0x412e0
core   0: 3 0x80004f14 (0x412e0d97) x27 0xc12e4f14
core   0: 0x80004f18 (0x01e29f93) slli    t6, t0, 30
core   0: 3 0x80004f18 (0x01e29f93) x31 0x00000000
core   0: 0x80004f1c (0x00906033) or      zero, zero, s1
core   0: 3 0x80004f1c (0x00906033)
core   0: 0x80004f20 (0x00148493) addi    s1, s1, 1
core   0: 3 0x80004f20 (0x00148493) x 9 0x00000007
core   0: 0x80004f24 (0x419555b3) sra     a1, a0, s9
core   0: 3 0x80004f24 (0x419555b3) x11 0xffc8a510
core   0: 0x80004f28 (0xffa484e3) beq     s1, s10, pc - 24
core   0: 3 0x80004f28 (0xffa484e3)
core   0: 0x80004f2c (0x40195413) srai    s0, s2, 1
core   0: 3 0x80004f2c (0x40195413) x 8 0x0000028b
core   0: 0x80004f30 (0x01924233) xor     tp, tp, s9
core   0: 3 0x80004f30 (0x01924233) x 4 0x7483d34a
core   0: 0x80004f34 (0x01718f33) add     t5, gp, s7
core   0: 3 0x80004f34 (0x01718f33) x30 0xf8bf9ef8
core   0: 0x80004f38 (0xfb864ee3) blt     a2, s8, pc - 68
core   0: 3 0x80004f38 (0xfb864ee3)
core   0: 0x80004ef4 (0x00000013) nop
core   0: 3 0x80004ef4 (0x00000013)
core   0: 0x80004ef8 (0x78bf3b97) auipc   s7, 0x78bf3
core   0: 3 0x80004ef8 (0x78bf3b97) x23 0xf8bf7ef8
core   0: 0x80004efc (0x00360613) addi    a2, a2, 3
core   0: 3 0x80004efc (0x00360613) x12 0x00000013
core   0: 0x80004f00 (0x00600493) li      s1, 6
core   0: 3 0x80004f00 (0x00600493) x 9 0x00000006
core   0: 0x80004f04 (0x01d875b3) and     a1, a6, t4
core   0: 3 0x80004f04 (0x01d875b3) x11 0x00000000
core   0: 0x80004f08 (0x0231e713) ori     a4, gp, 35
core   0: 3 0x80004f08 (0x0231e713) x14 0x00002023
core   0: 0x80004f0c (0x00a00d13) li      s10, 10
core   0: 3 0x80004f0c (0x00a00d13) x26 0x0000000a
core   0: 0x80004f10 (0x00edb2b3) sltu    t0, s11, a4
core   0: 3 0x80004f10 (0x00edb2b3) x 5 0x00000000
core   0: 0x80004f14 (0x412e0d97) auipc   s11, 0x412e0
core   0: 3 0x80004f14 (0x412e0d97) x27 0xc12e4f14
core   0: 0x80004f18 (0x01e29f93) slli    t6, t0, 30
core   0: 3 0x80004f18 (0x01e29f93) x31 0x00000000
core   0: 0x80004f1c (0x00906033) or      zero, zero, s1
core   0: 3 0x80004f1c (0x00906033)
core   0: 0x80004f20 (0x00148493) addi    s1, s1, 1
core   0: 3 0x80004f20 (0x00148493) x 9 0x00000007
core   0: 0x80004f24 (0x419555b3) sra     a1, a0, s9
core   0: 3 0x80004f24 (0x419555b3) x11 0xffc8a510
core   0: 0x80004f28 (0xffa484e3) beq     s1, s10, pc - 24
core   0: 3 0x80004f28 (0xffa484e3)
core   0: 0x80004f2c (0x40195413) srai    s0, s2, 1
core   0: 3 0x80004f2c (0x40195413) x 8 0x0000028b
core   0: 0x80004f30 (0x01924233) xor     tp, tp, s9
core   0: 3 0x80004f30 (0x01924233) x 4 0x0044fda2
core   0: 0x80004f34 (0x01718f33) add     t5, gp, s7
core   0: 3 0x80004f34 (0x01718f33) x30 0xf8bf9ef8
core   0: 0x80004f38 (0xfb864ee3) blt     a2, s8, pc - 68
core   0: 3 0x80004f38 (0xfb864ee3)
core   0: 0x80004f3c (0x00c33433) sltu    s0, t1, a2
core   0: 3 0x80004f3c (0x00c33433) x 8 0x00000001
core   0: 0x80004f40 (0xffd00e93) li      t4, -3
core   0: 3 0x80004f40 (0xffd00e93) x29 0xfffffffd
core   0: 0x80004f44 (0x01200613) li      a2, 18
core   0: 3 0x80004f44 (0x01200613) x12 0x00000012
core   0: 0x80004f48 (0x0929a437) lui     s0, 0x929a
core   0: 3 0x80004f48 (0x0929a437) x 8 0x0929a000
core   0: 0x80004f4c (0x001e8e93) addi    t4, t4, 1
core   0: 3 0x80004f4c (0x001e8e93) x29 0xfffffffe
core   0: 0x80004f50 (0xfece8ce3) beq     t4, a2, pc - 8
core   0: 3 0x80004f50 (0xfece8ce3)
core   0: 0x80004f54 (0x1ed5da17) auipc   s4, 0x1ed5d
core   0: 3 0x80004f54 (0x1ed5da17) x20 0x9ed61f54
core   0: 0x80004f58 (0xffd00693) li      a3, -3
core   0: 3 0x80004f58 (0xffd00693) x13 0xfffffffd
core   0: 0x80004f5c (0xfee00d13) li      s10, -18
core   0: 3 0x80004f5c (0xfee00d13) x26 0xffffffee
core   0: 0x80004f60 (0xe6033c93) sltiu   s9, t1, -416
core   0: 3 0x80004f60 (0xe6033c93) x25 0x00000001
core   0: 0x80004f64 (0x4140dfb3) sra     t6, ra, s4
core   0: 3 0x80004f64 (0x4140dfb3) x31 0x00000000
core   0: 0x80004f68 (0x001f5933) srl     s2, t5, ra
core   0: 3 0x80004f68 (0x001f5933) x18 0xf8bf9ef8
core   0: 0x80004f6c (0x0132fbb3) and     s7, t0, s3
core   0: 3 0x80004f6c (0x0132fbb3) x23 0x00000000
core   0: 0x80004f70 (0x41705ab3) sra     s5, zero, s7
core   0: 3 0x80004f70 (0x41705ab3) x21 0x00000000
core   0: 0x80004f74 (0xff768693) addi    a3, a3, -9
core   0: 3 0x80004f74 (0xff768693) x13 0xfffffff4
core   0: 0x80004f78 (0xde0992b7) lui     t0, 0xde099
core   0: 3 0x80004f78 (0xde0992b7) x 5 0xde099000
core   0: 0x80004f7c (0xff600593) li      a1, -10
core   0: 3 0x80004f7c (0xff600593) x11 0xfffffff6
core   0: 0x80004f80 (0xf1462013) slti    zero, a2, -236
core   0: 3 0x80004f80 (0xf1462013)
core   0: 0x80004f84 (0xff600f13) li      t5, -10
core   0: 3 0x80004f84 (0xff600f13) x30 0xfffffff6
core   0: 0x80004f88 (0x00d66733) or      a4, a2, a3
core   0: 3 0x80004f88 (0x00d66733) x14 0xfffffff6
core   0: 0x80004f8c (0x1bd04a97) auipc   s5, 0x1bd04
core   0: 3 0x80004f8c (0x1bd04a97) x21 0x9bd08f8c
core   0: 0x80004f90 (0x01c35913) srli    s2, t1, 28
core   0: 3 0x80004f90 (0x01c35913) x18 0x00000000
core   0: 0x80004f94 (0x016cd013) srli    zero, s9, 22
core   0: 3 0x80004f94 (0x016cd013)
core   0: 0x80004f98 (0x00000013) nop
core   0: 3 0x80004f98 (0x00000013)
core   0: 0x80004f9c (0x00c051b3) srl     gp, zero, a2
core   0: 3 0x80004f9c (0x00c051b3) x 3 0x00000000
core   0: 0x80004fa0 (0xff858593) addi    a1, a1, -8
core   0: 3 0x80004fa0 (0xff858593) x11 0xffffffee
core   0: 0x80004fa4 (0xffe5dae3) bge     a1, t5, pc - 12
core   0: 3 0x80004fa4 (0xffe5dae3)
core   0: 0x80004fa8 (0xfad9ea13) ori     s4, s3, -83
core   0: 3 0x80004fa8 (0xfad9ea13) x20 0xfffffffd
core   0: 0x80004fac (0xfba6dae3) bge     a3, s10, pc - 76
core   0: 3 0x80004fac (0xfba6dae3)
core   0: 0x80004f60 (0xe6033c93) sltiu   s9, t1, -416
core   0: 3 0x80004f60 (0xe6033c93) x25 0x00000001
core   0: 0x80004f64 (0x4140dfb3) sra     t6, ra, s4
core   0: 3 0x80004f64 (0x4140dfb3) x31 0x00000000
core   0: 0x80004f68 (0x001f5933) srl     s2, t5, ra
core   0: 3 0x80004f68 (0x001f5933) x18 0xfffffff6
core   0: 0x80004f6c (0x0132fbb3) and     s7, t0, s3
core   0: 3 0x80004f6c (0x0132fbb3) x23 0xde099000
core   0: 0x80004f70 (0x41705ab3) sra     s5, zero, s7
core   0: 3 0x80004f70 (0x41705ab3) x21 0x00000000
core   0: 0x80004f74 (0xff768693) addi    a3, a3, -9
core   0: 3 0x80004f74 (0xff768693) x13 0xffffffeb
core   0: 0x80004f78 (0xde0992b7) lui     t0, 0xde099
core   0: 3 0x80004f78 (0xde0992b7) x 5 0xde099000
core   0: 0x80004f7c (0xff600593) li      a1, -10
core   0: 3 0x80004f7c (0xff600593) x11 0xfffffff6
core   0: 0x80004f80 (0xf1462013) slti    zero, a2, -236
core   0: 3 0x80004f80 (0xf1462013)
core   0: 0x80004f84 (0xff600f13) li      t5, -10
core   0: 3 0x80004f84 (0xff600f13) x30 0xfffffff6
core   0: 0x80004f88 (0x00d66733) or      a4, a2, a3
core   0: 3 0x80004f88 (0x00d66733) x14 0xfffffffb
core   0: 0x80004f8c (0x1bd04a97) auipc   s5, 0x1bd04
core   0: 3 0x80004f8c (0x1bd04a97) x21 0x9bd08f8c
core   0: 0x80004f90 (0x01c35913) srli    s2, t1, 28
core   0: 3 0x80004f90 (0x01c35913) x18 0x00000000
core   0: 0x80004f94 (0x016cd013) srli    zero, s9, 22
core   0: 3 0x80004f94 (0x016cd013)
core   0: 0x80004f98 (0x00000013) nop
core   0: 3 0x80004f98 (0x00000013)
core   0: 0x80004f9c (0x00c051b3) srl     gp, zero, a2
core   0: 3 0x80004f9c (0x00c051b3) x 3 0x00000000
core   0: 0x80004fa0 (0xff858593) addi    a1, a1, -8
core   0: 3 0x80004fa0 (0xff858593) x11 0xffffffee
core   0: 0x80004fa4 (0xffe5dae3) bge     a1, t5, pc - 12
core   0: 3 0x80004fa4 (0xffe5dae3)
core   0: 0x80004fa8 (0xfad9ea13) ori     s4, s3, -83
core   0: 3 0x80004fa8 (0xfad9ea13) x20 0xfffffffd
core   0: 0x80004fac (0xfba6dae3) bge     a3, s10, pc - 76
core   0: 3 0x80004fac (0xfba6dae3)
core   0: 0x80004fb0 (0x0ff0000f) fence   iorw,iorw
core   0: 3 0x80004fb0 (0x0ff0000f)
core   0: 0x80004fb4 (0xffe00113) li      sp, -2
core   0: 3 0x80004fb4 (0xffe00113) x 2 0xfffffffe
core   0: 0x80004fb8 (0x011f8a33) add     s4, t6, a7
core   0: 3 0x80004fb8 (0x011f8a33) x20 0x80028ce4
core   0: 0x80004fbc (0x00ed1233) sll     tp, s10, a4
core   0: 3 0x80004fbc (0x00ed1233) x 4 0x70000000
core   0: 0x80004fc0 (0x41fe01b3) sub     gp, t3, t6
core   0: 3 0x80004fc0 (0x41fe01b3) x 3 0x000005a0
core   0: 0x80004fc4 (0x7f773617) auipc   a2, 0x7f773
core   0: 3 0x80004fc4 (0x7f773617) x12 0xff777fc4
core   0: 0x80004fc8 (0xff300693) li      a3, -13
core   0: 3 0x80004fc8 (0xff300693) x13 0xfffffff3
core   0: 0x80004fcc (0x00ad5f33) srl     t5, s10, a0
core   0: 3 0x80004fcc (0x00ad5f33) x30 0xffffffee
core   0: 0x80004fd0 (0x01ad5613) srli    a2, s10, 26
core   0: 3 0x80004fd0 (0x01ad5613) x12 0x0000003f
core   0: 0x80004fd4 (0x01461db3) sll     s11, a2, s4
core   0: 3 0x80004fd4 (0x01461db3) x27 0x000003f0
core   0: 0x80004fd8 (0x0ff0000f) fence   iorw,iorw
core   0: 3 0x80004fd8 (0x0ff0000f)
core   0: 0x80004fdc (0x00765a33) srl     s4, a2, t2
core   0: 3 0x80004fdc (0x00765a33) x20 0x00000000
core   0: 0x80004fe0 (0x00827a33) and     s4, tp, s0
core   0: 3 0x80004fe0 (0x00827a33) x20 0x00000000
core   0: 0x80004fe4 (0x40168ab3) sub     s5, a3, ra
core   0: 3 0x80004fe4 (0x40168ab3) x21 0xfffffdf3
core   0: 0x80004fe8 (0x01c025b3) slt     a1, zero, t3
core   0: 3 0x80004fe8 (0x01c025b3) x11 0x00000001
core   0: 0x80004fec (0xffe10113) addi    sp, sp, -2
core   0: 3 0x80004fec (0xffe10113) x 2 0xfffffffc
core   0: 0x80004ff0 (0x08608313) addi    t1, ra, 134
core   0: 3 0x80004ff0 (0x08608313) x 6 0x00000286
core   0: 0x80004ff4 (0x6b132d93) slti    s11, t1, 1713
core   0: 3 0x80004ff4 (0x6b132d93) x27 0x00000001
core   0: 0x80004ff8 (0x00d974b3) and     s1, s2, a3
core   0: 3 0x80004ff8 (0x00d974b3) x 9 0x00000000
core   0: 0x80004ffc (0x0ff0000f) fence   iorw,iorw
core   0: 3 0x80004ffc (0x0ff0000f)
core   0: 0x80005000 (0x01631b33) sll     s6, t1, s6
core   0: 3 0x80005000 (0x01631b33) x22 0x01430000
core   0: 0x80005004 (0x407ad433) sra     s0, s5, t2
core   0: 3 0x80005004 (0x407ad433) x 8 0xffffffff
core   0: 0x80005008 (0x0093d5b3) srl     a1, t2, s1
core   0: 3 0x80005008 (0x0093d5b3) x11 0x80028f98
core   0: 0x8000500c (0x00390033) add     zero, s2, gp
core   0: 3 0x8000500c (0x00390033)
core   0: 0x80005010 (0x6e4ae213) ori     tp, s5, 1764
core   0: 3 0x80005010 (0x6e4ae213) x 4 0xfffffff7
core   0: 0x80005014 (0x011eb1b3) sltu    gp, t4, a7
core   0: 3 0x80005014 (0x011eb1b3) x 3 0x00000000
core   0: 0x80005018 (0xfcd158e3) bge     sp, a3, pc - 48
core   0: 3 0x80005018 (0xfcd158e3)
core   0: 0x80004fe8 (0x01c025b3) slt     a1, zero, t3
core   0: 3 0x80004fe8 (0x01c025b3) x11 0x00000001
core   0: 0x80004fec (0xffe10113) addi    sp, sp, -2
core   0: 3 0x80004fec (0xffe10113) x 2 0xfffffffa
core   0: 0x80004ff0 (0x08608313) addi    t1, ra, 134
core   0: 3 0x80004ff0 (0x08608313) x 6 0x00000286
core   0: 0x80004ff4 (0x6b132d93) slti    s11, t1, 1713
core   0: 3 0x80004ff4 (0x6b132d93) x27 0x00000001
core   0: 0x80004ff8 (0x00d974b3) and     s1, s2, a3
core   0: 3 0x80004ff8 (0x00d974b3) x 9 0x00000000
core   0: 0x80004ffc (0x0ff0000f) fence   iorw,iorw
core   0: 3 0x80004ffc (0x0ff0000f)
core   0: 0x80005000 (0x01631b33) sll     s6, t1, s6
core   0: 3 0x80005000 (0x01631b33) x22 0x00000286
core   0: 0x80005004 (0x407ad433) sra     s0, s5, t2
core   0: 3 0x80005004 (0x407ad433) x 8 0xffffffff
core   0: 0x80005008 (0x0093d5b3) srl     a1, t2, s1
core   0: 3 0x80005008 (0x0093d5b3) x11 0x80028f98
core   0: 0x8000500c (0x00390033) add     zero, s2, gp
core   0: 3 0x8000500c (0x00390033)
core   0: 0x80005010 (0x6e4ae213) ori     tp, s5, 1764
core   0: 3 0x80005010 (0x6e4ae213) x 4 0xfffffff7
core   0: 0x80005014 (0x011eb1b3) sltu    gp, t4, a7
core   0: 3 0x80005014 (0x011eb1b3) x 3 0x00000000
core   0: 0x80005018 (0xfcd158e3) bge     sp, a3, pc - 48
core   0: 3 0x80005018 (0xfcd158e3)
core   0: 0x80004fe8 (0x01c025b3) slt     a1, zero, t3
core   0: 3 0x80004fe8 (0x01c025b3) x11 0x00000001
core   0: 0x80004fec (0xffe10113) addi    sp, sp, -2
core   0: 3 0x80004fec (0xffe10113) x 2 0xfffffff8
core   0: 0x80004ff0 (0x08608313) addi    t1, ra, 134
core   0: 3 0x80004ff0 (0x08608313) x 6 0x00000286
core   0: 0x80004ff4 (0x6b132d93) slti    s11, t1, 1713
core   0: 3 0x80004ff4 (0x6b132d93) x27 0x00000001
core   0: 0x80004ff8 (0x00d974b3) and     s1, s2, a3
core   0: 3 0x80004ff8 (0x00d974b3) x 9 0x00000000
core   0: 0x80004ffc (0x0ff0000f) fence   iorw,iorw
core   0: 3 0x80004ffc (0x0ff0000f)
core   0: 0x80005000 (0x01631b33) sll     s6, t1, s6
core   0: 3 0x80005000 (0x01631b33) x22 0x0000a180
core   0: 0x80005004 (0x407ad433) sra     s0, s5, t2
core   0: 3 0x80005004 (0x407ad433) x 8 0xffffffff
core   0: 0x80005008 (0x0093d5b3) srl     a1, t2, s1
core   0: 3 0x80005008 (0x0093d5b3) x11 0x80028f98
core   0: 0x8000500c (0x00390033) add     zero, s2, gp
core   0: 3 0x8000500c (0x00390033)
core   0: 0x80005010 (0x6e4ae213) ori     tp, s5, 1764
core   0: 3 0x80005010 (0x6e4ae213) x 4 0xfffffff7
core   0: 0x80005014 (0x011eb1b3) sltu    gp, t4, a7
core   0: 3 0x80005014 (0x011eb1b3) x 3 0x00000000
core   0: 0x80005018 (0xfcd158e3) bge     sp, a3, pc - 48
core   0: 3 0x80005018 (0xfcd158e3)
core   0: 0x80004fe8 (0x01c025b3) slt     a1, zero, t3
core   0: 3 0x80004fe8 (0x01c025b3) x11 0x00000001
core   0: 0x80004fec (0xffe10113) addi    sp, sp, -2
core   0: 3 0x80004fec (0xffe10113) x 2 0xfffffff6
core   0: 0x80004ff0 (0x08608313) addi    t1, ra, 134
core   0: 3 0x80004ff0 (0x08608313) x 6 0x00000286
core   0: 0x80004ff4 (0x6b132d93) slti    s11, t1, 1713
core   0: 3 0x80004ff4 (0x6b132d93) x27 0x00000001
core   0: 0x80004ff8 (0x00d974b3) and     s1, s2, a3
core   0: 3 0x80004ff8 (0x00d974b3) x 9 0x00000000
core   0: 0x80004ffc (0x0ff0000f) fence   iorw,iorw
core   0: 3 0x80004ffc (0x0ff0000f)
core   0: 0x80005000 (0x01631b33) sll     s6, t1, s6
core   0: 3 0x80005000 (0x01631b33) x22 0x00000286
core   0: 0x80005004 (0x407ad433) sra     s0, s5, t2
core   0: 3 0x80005004 (0x407ad433) x 8 0xffffffff
core   0: 0x80005008 (0x0093d5b3) srl     a1, t2, s1
core   0: 3 0x80005008 (0x0093d5b3) x11 0x80028f98
core   0: 0x8000500c (0x00390033) add     zero, s2, gp
core   0: 3 0x8000500c (0x00390033)
core   0: 0x80005010 (0x6e4ae213) ori     tp, s5, 1764
core   0: 3 0x80005010 (0x6e4ae213) x 4 0xfffffff7
core   0: 0x80005014 (0x011eb1b3) sltu    gp, t4, a7
core   0: 3 0x80005014 (0x011eb1b3) x 3 0x00000000
core   0: 0x80005018 (0xfcd158e3) bge     sp, a3, pc - 48
core   0: 3 0x80005018 (0xfcd158e3)
core   0: 0x80004fe8 (0x01c025b3) slt     a1, zero, t3
core   0: 3 0x80004fe8 (0x01c025b3) x11 0x00000001
core   0: 0x80004fec (0xffe10113) addi    sp, sp, -2
core   0: 3 0x80004fec (0xffe10113) x 2 0xfffffff4
core   0: 0x80004ff0 (0x08608313) addi    t1, ra, 134
core   0: 3 0x80004ff0 (0x08608313) x 6 0x00000286
core   0: 0x80004ff4 (0x6b132d93) slti    s11, t1, 1713
core   0: 3 0x80004ff4 (0x6b132d93) x27 0x00000001
core   0: 0x80004ff8 (0x00d974b3) and     s1, s2, a3
core   0: 3 0x80004ff8 (0x00d974b3) x 9 0x00000000
core   0: 0x80004ffc (0x0ff0000f) fence   iorw,iorw
core   0: 3 0x80004ffc (0x0ff0000f)
core   0: 0x80005000 (0x01631b33) sll     s6, t1, s6
core   0: 3 0x80005000 (0x01631b33) x22 0x0000a180
core   0: 0x80005004 (0x407ad433) sra     s0, s5, t2
core   0: 3 0x80005004 (0x407ad433) x 8 0xffffffff
core   0: 0x80005008 (0x0093d5b3) srl     a1, t2, s1
core   0: 3 0x80005008 (0x0093d5b3) x11 0x80028f98
core   0: 0x8000500c (0x00390033) add     zero, s2, gp
core   0: 3 0x8000500c (0x00390033)
core   0: 0x80005010 (0x6e4ae213) ori     tp, s5, 1764
core   0: 3 0x80005010 (0x6e4ae213) x 4 0xfffffff7
core   0: 0x80005014 (0x011eb1b3) sltu    gp, t4, a7
core   0: 3 0x80005014 (0x011eb1b3) x 3 0x00000000
core   0: 0x80005018 (0xfcd158e3) bge     sp, a3, pc - 48
core   0: 3 0x80005018 (0xfcd158e3)
core   0: 0x80004fe8 (0x01c025b3) slt     a1, zero, t3
core   0: 3 0x80004fe8 (0x01c025b3) x11 0x00000001
core   0: 0x80004fec (0xffe10113) addi    sp, sp, -2
core   0: 3 0x80004fec (0xffe10113) x 2 0xfffffff2
core   0: 0x80004ff0 (0x08608313) addi    t1, ra, 134
core   0: 3 0x80004ff0 (0x08608313) x 6 0x00000286
core   0: 0x80004ff4 (0x6b132d93) slti    s11, t1, 1713
core   0: 3 0x80004ff4 (0x6b132d93) x27 0x00000001
core   0: 0x80004ff8 (0x00d974b3) and     s1, s2, a3
core   0: 3 0x80004ff8 (0x00d974b3) x 9 0x00000000
core   0: 0x80004ffc (0x0ff0000f) fence   iorw,iorw
core   0: 3 0x80004ffc (0x0ff0000f)
core   0: 0x80005000 (0x01631b33) sll     s6, t1, s6
core   0: 3 0x80005000 (0x01631b33) x22 0x00000286
core   0: 0x80005004 (0x407ad433) sra     s0, s5, t2
core   0: 3 0x80005004 (0x407ad433) x 8 0xffffffff
core   0: 0x80005008 (0x0093d5b3) srl     a1, t2, s1
core   0: 3 0x80005008 (0x0093d5b3) x11 0x80028f98
core   0: 0x8000500c (0x00390033) add     zero, s2, gp
core   0: 3 0x8000500c (0x00390033)
core   0: 0x80005010 (0x6e4ae213) ori     tp, s5, 1764
core   0: 3 0x80005010 (0x6e4ae213) x 4 0xfffffff7
core   0: 0x80005014 (0x011eb1b3) sltu    gp, t4, a7
core   0: 3 0x80005014 (0x011eb1b3) x 3 0x00000000
core   0: 0x80005018 (0xfcd158e3) bge     sp, a3, pc - 48
core   0: 3 0x80005018 (0xfcd158e3)
core   0: 0x8000501c (0x6cc43a93) sltiu   s5, s0, 1740
core   0: 3 0x8000501c (0x6cc43a93) x21 0x00000000
core   0: 0x80005020 (0xff600593) li      a1, -10
core   0: 3 0x80005020 (0xff600593) x11 0xfffffff6
core   0: 0x80005024 (0x00f00e13) li      t3, 15
core   0: 3 0x80005024 (0x00f00e13) x28 0x0000000f
core   0: 0x80005028 (0x00b9f133) and     sp, s3, a1
core   0: 3 0x80005028 (0x00b9f133) x 2 0xfffffff4
core   0: 0x8000502c (0x490c92b7) lui     t0, 0x490c9
core   0: 3 0x8000502c (0x490c92b7) x 5 0x490c9000
core   0: 0x80005030 (0x00258593) addi    a1, a1, 2
core   0: 3 0x80005030 (0x00258593) x11 0xfffffff8
core   0: 0x80005034 (0x5ca4cc93) xori    s9, s1, 1482
core   0: 3 0x80005034 (0x5ca4cc93) x25 0x000005ca
core   0: 0x80005038 (0xffc5e8e3) bltu    a1, t3, pc - 16
core   0: 3 0x80005038 (0xffc5e8e3)
core   0: 0x8000503c (0x00000013) nop
core   0: 3 0x8000503c (0x00000013)
core   0: 0x80005040 (0x00700a93) li      s5, 7
core   0: 3 0x80005040 (0x00700a93) x21 0x00000007
core   0: 0x80005044 (0x01df01b3) add     gp, t5, t4
core   0: 3 0x80005044 (0x01df01b3) x 3 0xffffffec
core   0: 0x80005048 (0x01da1513) slli    a0, s4, 29
core   0: 3 0x80005048 (0x01da1513) x10 0x00000000
core   0: 0x8000504c (0x019c0d33) add     s10, s8, s9
core   0: 3 0x8000504c (0x019c0d33) x26 0x000005dd
core   0: 0x80005050 (0x00900e93) li      t4, 9
core   0: 3 0x80005050 (0x00900e93) x29 0x00000009
core   0: 0x80005054 (0x41ab8233) sub     tp, s7, s10
core   0: 3 0x80005054 (0x41ab8233) x 4 0xde098a23
core   0: 0x80005058 (0xe4746f93) ori     t6, s0, -441
core   0: 3 0x80005058 (0xe4746f93) x31 0xffffffff
core   0: 0x8000505c (0x009a8a93) addi    s5, s5, 9
core   0: 3 0x8000505c (0x009a8a93) x21 0x00000010
core   0: 0x80005060 (0x00700c13) li      s8, 7
core   0: 3 0x80005060 (0x00700c13) x24 0x00000007
core   0: 0x80005064 (0x36c9c913) xori    s2, s3, 876
core   0: 3 0x80005064 (0x36c9c913) x18 0xfffffc98
core   0: 0x80005068 (0xfff00993) li      s3, -1
core   0: 3 0x80005068 (0xfff00993) x19 0xffffffff
core   0: 0x8000506c (0x6a396013) ori     zero, s2, 1699
core   0: 3 0x8000506c (0x6a396013)
core   0: 0x80005070 (0x4032d393) srai    t2, t0, 3
core   0: 3 0x80005070 (0x4032d393) x 7 0x09219200
core   0: 0x80005074 (0x00569933) sll     s2, a3, t0
core   0: 3 0x80005074 (0x00569933) x18 0xfffffff3
core   0: 0x80005078 (0xff8c0c13) addi    s8, s8, -8
core   0: 3 0x80005078 (0xff8c0c13) x24 0xffffffff
core   0: 0x8000507c (0x015b9333) sll     t1, s7, s5
core   0: 3 0x8000507c (0x015b9333) x 6 0x90000000
core   0: 0x80005080 (0xff3c16e3) bne     s8, s3, pc - 20
core   0: 3 0x80005080 (0xff3c16e3)
core   0: 0x80005084 (0x3fa8b413) sltiu   s0, a7, 1018
core   0: 3 0x80005084 (0x3fa8b413) x 8 0x00000000
core   0: 0x80005088 (0x002530b3) sltu    ra, a0, sp
core   0: 3 0x80005088 (0x002530b3) x 1 0x00000001
core   0: 0x8000508c (0xf0ec6713) ori     a4, s8, -242
core   0: 3 0x8000508c (0xf0ec6713) x14 0xffffffff
core   0: 0x80005090 (0x001c0cb3) add     s9, s8, ra
core   0: 3 0x80005090 (0x001c0cb3) x25 0x00000000
core   0: 0x80005094 (0xfddac2e3) blt     s5, t4, pc - 60
core   0: 3 0x80005094 (0xfddac2e3)
core   0: 0x80005098 (0x92fb7693) andi    a3, s6, -1745
core   0: 3 0x80005098 (0x92fb7693) x13 0x00000006
core   0: 0x8000509c (0x00a00513) li      a0, 10
core   0: 3 0x8000509c (0x00a00513) x10 0x0000000a
core   0: 0x800050a0 (0x01db3cb3) sltu    s9, s6, t4
core   0: 3 0x800050a0 (0x01db3cb3) x25 0x00000000
core   0: 0x800050a4 (0xf43aeeb7) lui     t4, 0xf43ae
core   0: 3 0x800050a4 (0xf43aeeb7) x29 0xf43ae000
core   0: 0x800050a8 (0xffe00613) li      a2, -2
core   0: 3 0x800050a8 (0xffe00613) x12 0xfffffffe
core   0: 0x800050ac (0x0e63c013) xori    zero, t2, 230
core   0: 3 0x800050ac (0x0e63c013)
core   0: 0x800050b0 (0xf9db2b13) slti    s6, s6, -99
core   0: 3 0x800050b0 (0xf9db2b13) x22 0x00000000
core   0: 0x800050b4 (0x011a7eb3) and     t4, s4, a7
core   0: 3 0x800050b4 (0x011a7eb3) x29 0x00000000
core   0: 0x800050b8 (0x833ac193) xori    gp, s5, -1997
core   0: 3 0x800050b8 (0x833ac193) x 3 0xfffff823
core   0: 0x800050bc (0x30e7b993) sltiu   s3, a5, 782
core   0: 3 0x800050bc (0x30e7b993) x19 0x00000000
core   0: 0x800050c0 (0x0004de13) srli    t3, s1, 0
core   0: 3 0x800050c0 (0x0004de13) x28 0x00000000
core   0: 0x800050c4 (0x0ff0000f) fence   iorw,iorw
core   0: 3 0x800050c4 (0x0ff0000f)
core   0: 0x800050c8 (0x40a4da33) sra     s4, s1, a0
core   0: 3 0x800050c8 (0x40a4da33) x20 0x00000000
core   0: 0x800050cc (0xffd50513) addi    a0, a0, -3
core   0: 3 0x800050cc (0xffd50513) x10 0x00000007
core   0: 0x800050d0 (0x00de5d33) srl     s10, t3, a3
core   0: 3 0x800050d0 (0x00de5d33) x26 0x00000000
core   0: 0x800050d4 (0xbf5eb713) sltiu   a4, t4, -1035
core   0: 3 0x800050d4 (0xbf5eb713) x14 0x00000001
core   0: 0x800050d8 (0xffc00b93) li      s7, -4
core   0: 3 0x800050d8 (0xffc00b93) x23 0xfffffffc
core   0: 0x800050dc (0x35fcfd93) andi    s11, s9, 863
core   0: 3 0x800050dc (0x35fcfd93) x27 0x00000000
core   0: 0x800050e0 (0x00800213) li      tp, 8
core   0: 3 0x800050e0 (0x00800213) x 4 0x00000008
core   0: 0x800050e4 (0x005912b3) sll     t0, s2, t0
core   0: 3 0x800050e4 (0x005912b3) x 5 0xfffffff3
core   0: 0x800050e8 (0x3973b193) sltiu   gp, t2, 919
core   0: 3 0x800050e8 (0x3973b193) x 3 0x00000000
core   0: 0x800050ec (0x00b97db3) and     s11, s2, a1
core   0: 3 0x800050ec (0x00b97db3) x27 0xfffffff0
core   0: 0x800050f0 (0x008b8b93) addi    s7, s7, 8
core   0: 3 0x800050f0 (0x008b8b93) x23 0x00000004
core   0: 0x800050f4 (0x0000100f) fence.i
core   0: 3 0x800050f4 (0x0000100f)
core   0: 0x800050f8 (0x014f83b3) add     t2, t6, s4
core   0: 3 0x800050f8 (0x014f83b3) x 7 0xffffffff
core   0: 0x800050fc (0x01c37fb3) and     t6, t1, t3
core   0: 3 0x800050fc (0x01c37fb3) x31 0x00000000
core   0: 0x80005100 (0x0000100f) fence.i
core   0: 3 0x80005100 (0x0000100f)
core   0: 0x80005104 (0xfe4be2e3) bltu    s7, tp, pc - 28
core   0: 3 0x80005104 (0xfe4be2e3)
core   0: 0x800050e8 (0x3973b193) sltiu   gp, t2, 919
core   0: 3 0x800050e8 (0x3973b193) x 3 0x00000000
core   0: 0x800050ec (0x00b97db3) and     s11, s2, a1
core   0: 3 0x800050ec (0x00b97db3) x27 0xfffffff0
core   0: 0x800050f0 (0x008b8b93) addi    s7, s7, 8
core   0: 3 0x800050f0 (0x008b8b93) x23 0x0000000c
core   0: 0x800050f4 (0x0000100f) fence.i
core   0: 3 0x800050f4 (0x0000100f)
core   0: 0x800050f8 (0x014f83b3) add     t2, t6, s4
core   0: 3 0x800050f8 (0x014f83b3) x 7 0x00000000
core   0: 0x800050fc (0x01c37fb3) and     t6, t1, t3
core   0: 3 0x800050fc (0x01c37fb3) x31 0x00000000
core   0: 0x80005100 (0x0000100f) fence.i
core   0: 3 0x80005100 (0x0000100f)
core   0: 0x80005104 (0xfe4be2e3) bltu    s7, tp, pc - 28
core   0: 3 0x80005104 (0xfe4be2e3)
core   0: 0x80005108 (0x01a004b3) add     s1, zero, s10
core   0: 3 0x80005108 (0x01a004b3) x 9 0x00000000
core   0: 0x8000510c (0x017a7eb3) and     t4, s4, s7
core   0: 3 0x8000510c (0x017a7eb3) x29 0x00000000
core   0: 0x80005110 (0xfac550e3) bge     a0, a2, pc - 96
core   0: 3 0x80005110 (0xfac550e3)
core   0: 0x800050b0 (0xf9db2b13) slti    s6, s6, -99
core   0: 3 0x800050b0 (0xf9db2b13) x22 0x00000000
core   0: 0x800050b4 (0x011a7eb3) and     t4, s4, a7
core   0: 3 0x800050b4 (0x011a7eb3) x29 0x00000000
core   0: 0x800050b8 (0x833ac193) xori    gp, s5, -1997
core   0: 3 0x800050b8 (0x833ac193) x 3 0xfffff823
core   0: 0x800050bc (0x30e7b993) sltiu   s3, a5, 782
core   0: 3 0x800050bc (0x30e7b993) x19 0x00000000
core   0: 0x800050c0 (0x0004de13) srli    t3, s1, 0
core   0: 3 0x800050c0 (0x0004de13) x28 0x00000000
core   0: 0x800050c4 (0x0ff0000f) fence   iorw,iorw
core   0: 3 0x800050c4 (0x0ff0000f)
core   0: 0x800050c8 (0x40a4da33) sra     s4, s1, a0
core   0: 3 0x800050c8 (0x40a4da33) x20 0x00000000
core   0: 0x800050cc (0xffd50513) addi    a0, a0, -3
core   0: 3 0x800050cc (0xffd50513) x10 0x00000004
core   0: 0x800050d0 (0x00de5d33) srl     s10, t3, a3
core   0: 3 0x800050d0 (0x00de5d33) x26 0x00000000
core   0: 0x800050d4 (0xbf5eb713) sltiu   a4, t4, -1035
core   0: 3 0x800050d4 (0xbf5eb713) x14 0x00000001
core   0: 0x800050d8 (0xffc00b93) li      s7, -4
core   0: 3 0x800050d8 (0xffc00b93) x23 0xfffffffc
core   0: 0x800050dc (0x35fcfd93) andi    s11, s9, 863
core   0: 3 0x800050dc (0x35fcfd93) x27 0x00000000
core   0: 0x800050e0 (0x00800213) li      tp, 8
core   0: 3 0x800050e0 (0x00800213) x 4 0x00000008
core   0: 0x800050e4 (0x005912b3) sll     t0, s2, t0
core   0: 3 0x800050e4 (0x005912b3) x 5 0xff980000
core   0: 0x800050e8 (0x3973b193) sltiu   gp, t2, 919
core   0: 3 0x800050e8 (0x3973b193) x 3 0x00000001
core   0: 0x800050ec (0x00b97db3) and     s11, s2, a1
core   0: 3 0x800050ec (0x00b97db3) x27 0xfffffff0
core   0: 0x800050f0 (0x008b8b93) addi    s7, s7, 8
core   0: 3 0x800050f0 (0x008b8b93) x23 0x00000004
core   0: 0x800050f4 (0x0000100f) fence.i
core   0: 3 0x800050f4 (0x0000100f)
core   0: 0x800050f8 (0x014f83b3) add     t2, t6, s4
core   0: 3 0x800050f8 (0x014f83b3) x 7 0x00000000
core   0: 0x800050fc (0x01c37fb3) and     t6, t1, t3
core   0: 3 0x800050fc (0x01c37fb3) x31 0x00000000
core   0: 0x80005100 (0x0000100f) fence.i
core   0: 3 0x80005100 (0x0000100f)
core   0: 0x80005104 (0xfe4be2e3) bltu    s7, tp, pc - 28
core   0: 3 0x80005104 (0xfe4be2e3)
core   0: 0x800050e8 (0x3973b193) sltiu   gp, t2, 919
core   0: 3 0x800050e8 (0x3973b193) x 3 0x00000001
core   0: 0x800050ec (0x00b97db3) and     s11, s2, a1
core   0: 3 0x800050ec (0x00b97db3) x27 0xfffffff0
core   0: 0x800050f0 (0x008b8b93) addi    s7, s7, 8
core   0: 3 0x800050f0 (0x008b8b93) x23 0x0000000c
core   0: 0x800050f4 (0x0000100f) fence.i
core   0: 3 0x800050f4 (0x0000100f)
core   0: 0x800050f8 (0x014f83b3) add     t2, t6, s4
core   0: 3 0x800050f8 (0x014f83b3) x 7 0x00000000
core   0: 0x800050fc (0x01c37fb3) and     t6, t1, t3
core   0: 3 0x800050fc (0x01c37fb3) x31 0x00000000
core   0: 0x80005100 (0x0000100f) fence.i
core   0: 3 0x80005100 (0x0000100f)
core   0: 0x80005104 (0xfe4be2e3) bltu    s7, tp, pc - 28
core   0: 3 0x80005104 (0xfe4be2e3)
core   0: 0x80005108 (0x01a004b3) add     s1, zero, s10
core   0: 3 0x80005108 (0x01a004b3) x 9 0x00000000
core   0: 0x8000510c (0x017a7eb3) and     t4, s4, s7
core   0: 3 0x8000510c (0x017a7eb3) x29 0x00000000
core   0: 0x80005110 (0xfac550e3) bge     a0, a2, pc - 96
core   0: 3 0x80005110 (0xfac550e3)
core   0: 0x800050b0 (0xf9db2b13) slti    s6, s6, -99
core   0: 3 0x800050b0 (0xf9db2b13) x22 0x00000000
core   0: 0x800050b4 (0x011a7eb3) and     t4, s4, a7
core   0: 3 0x800050b4 (0x011a7eb3) x29 0x00000000
core   0: 0x800050b8 (0x833ac193) xori    gp, s5, -1997
core   0: 3 0x800050b8 (0x833ac193) x 3 0xfffff823
core   0: 0x800050bc (0x30e7b993) sltiu   s3, a5, 782
core   0: 3 0x800050bc (0x30e7b993) x19 0x00000000
core   0: 0x800050c0 (0x0004de13) srli    t3, s1, 0
core   0: 3 0x800050c0 (0x0004de13) x28 0x00000000
core   0: 0x800050c4 (0x0ff0000f) fence   iorw,iorw
core   0: 3 0x800050c4 (0x0ff0000f)
core   0: 0x800050c8 (0x40a4da33) sra     s4, s1, a0
core   0: 3 0x800050c8 (0x40a4da33) x20 0x00000000
core   0: 0x800050cc (0xffd50513) addi    a0, a0, -3
core   0: 3 0x800050cc (0xffd50513) x10 0x00000001
core   0: 0x800050d0 (0x00de5d33) srl     s10, t3, a3
core   0: 3 0x800050d0 (0x00de5d33) x26 0x00000000
core   0: 0x800050d4 (0xbf5eb713) sltiu   a4, t4, -1035
core   0: 3 0x800050d4 (0xbf5eb713) x14 0x00000001
core   0: 0x800050d8 (0xffc00b93) li      s7, -4
core   0: 3 0x800050d8 (0xffc00b93) x23 0xfffffffc
core   0: 0x800050dc (0x35fcfd93) andi    s11, s9, 863
core   0: 3 0x800050dc (0x35fcfd93) x27 0x00000000
core   0: 0x800050e0 (0x00800213) li      tp, 8
core   0: 3 0x800050e0 (0x00800213) x 4 0x00000008
core   0: 0x800050e4 (0x005912b3) sll     t0, s2, t0
core   0: 3 0x800050e4 (0x005912b3) x 5 0xfffffff3
core   0: 0x800050e8 (0x3973b193) sltiu   gp, t2, 919
core   0: 3 0x800050e8 (0x3973b193) x 3 0x00000001
core   0: 0x800050ec (0x00b97db3) and     s11, s2, a1
core   0: 3 0x800050ec (0x00b97db3) x27 0xfffffff0
core   0: 0x800050f0 (0x008b8b93) addi    s7, s7, 8
core   0: 3 0x800050f0 (0x008b8b93) x23 0x00000004
core   0: 0x800050f4 (0x0000100f) fence.i
core   0: 3 0x800050f4 (0x0000100f)
core   0: 0x800050f8 (0x014f83b3) add     t2, t6, s4
core   0: 3 0x800050f8 (0x014f83b3) x 7 0x00000000
core   0: 0x800050fc (0x01c37fb3) and     t6, t1, t3
core   0: 3 0x800050fc (0x01c37fb3) x31 0x00000000
core   0: 0x80005100 (0x0000100f) fence.i
core   0: 3 0x80005100 (0x0000100f)
core   0: 0x80005104 (0xfe4be2e3) bltu    s7, tp, pc - 28
core   0: 3 0x80005104 (0xfe4be2e3)
core   0: 0x800050e8 (0x3973b193) sltiu   gp, t2, 919
core   0: 3 0x800050e8 (0x3973b193) x 3 0x00000001
core   0: 0x800050ec (0x00b97db3) and     s11, s2, a1
core   0: 3 0x800050ec (0x00b97db3) x27 0xfffffff0
core   0: 0x800050f0 (0x008b8b93) addi    s7, s7, 8
core   0: 3 0x800050f0 (0x008b8b93) x23 0x0000000c
core   0: 0x800050f4 (0x0000100f) fence.i
core   0: 3 0x800050f4 (0x0000100f)
core   0: 0x800050f8 (0x014f83b3) add     t2, t6, s4
core   0: 3 0x800050f8 (0x014f83b3) x 7 0x00000000
core   0: 0x800050fc (0x01c37fb3) and     t6, t1, t3
core   0: 3 0x800050fc (0x01c37fb3) x31 0x00000000
core   0: 0x80005100 (0x0000100f) fence.i
core   0: 3 0x80005100 (0x0000100f)
core   0: 0x80005104 (0xfe4be2e3) bltu    s7, tp, pc - 28
core   0: 3 0x80005104 (0xfe4be2e3)
core   0: 0x80005108 (0x01a004b3) add     s1, zero, s10
core   0: 3 0x80005108 (0x01a004b3) x 9 0x00000000
core   0: 0x8000510c (0x017a7eb3) and     t4, s4, s7
core   0: 3 0x8000510c (0x017a7eb3) x29 0x00000000
core   0: 0x80005110 (0xfac550e3) bge     a0, a2, pc - 96
core   0: 3 0x80005110 (0xfac550e3)
core   0: 0x800050b0 (0xf9db2b13) slti    s6, s6, -99
core   0: 3 0x800050b0 (0xf9db2b13) x22 0x00000000
core   0: 0x800050b4 (0x011a7eb3) and     t4, s4, a7
core   0: 3 0x800050b4 (0x011a7eb3) x29 0x00000000
core   0: 0x800050b8 (0x833ac193) xori    gp, s5, -1997
core   0: 3 0x800050b8 (0x833ac193) x 3 0xfffff823
core   0: 0x800050bc (0x30e7b993) sltiu   s3, a5, 782
core   0: 3 0x800050bc (0x30e7b993) x19 0x00000000
core   0: 0x800050c0 (0x0004de13) srli    t3, s1, 0
core   0: 3 0x800050c0 (0x0004de13) x28 0x00000000
core   0: 0x800050c4 (0x0ff0000f) fence   iorw,iorw
core   0: 3 0x800050c4 (0x0ff0000f)
core   0: 0x800050c8 (0x40a4da33) sra     s4, s1, a0
core   0: 3 0x800050c8 (0x40a4da33) x20 0x00000000
core   0: 0x800050cc (0xffd50513) addi    a0, a0, -3
core   0: 3 0x800050cc (0xffd50513) x10 0xfffffffe
core   0: 0x800050d0 (0x00de5d33) srl     s10, t3, a3
core   0: 3 0x800050d0 (0x00de5d33) x26 0x00000000
core   0: 0x800050d4 (0xbf5eb713) sltiu   a4, t4, -1035
core   0: 3 0x800050d4 (0xbf5eb713) x14 0x00000001
core   0: 0x800050d8 (0xffc00b93) li      s7, -4
core   0: 3 0x800050d8 (0xffc00b93) x23 0xfffffffc
core   0: 0x800050dc (0x35fcfd93) andi    s11, s9, 863
core   0: 3 0x800050dc (0x35fcfd93) x27 0x00000000
core   0: 0x800050e0 (0x00800213) li      tp, 8
core   0: 3 0x800050e0 (0x00800213) x 4 0x00000008
core   0: 0x800050e4 (0x005912b3) sll     t0, s2, t0
core   0: 3 0x800050e4 (0x005912b3) x 5 0xff980000
core   0: 0x800050e8 (0x3973b193) sltiu   gp, t2, 919
core   0: 3 0x800050e8 (0x3973b193) x 3 0x00000001
core   0: 0x800050ec (0x00b97db3) and     s11, s2, a1
core   0: 3 0x800050ec (0x00b97db3) x27 0xfffffff0
core   0: 0x800050f0 (0x008b8b93) addi    s7, s7, 8
core   0: 3 0x800050f0 (0x008b8b93) x23 0x00000004
core   0: 0x800050f4 (0x0000100f) fence.i
core   0: 3 0x800050f4 (0x0000100f)
core   0: 0x800050f8 (0x014f83b3) add     t2, t6, s4
core   0: 3 0x800050f8 (0x014f83b3) x 7 0x00000000
core   0: 0x800050fc (0x01c37fb3) and     t6, t1, t3
core   0: 3 0x800050fc (0x01c37fb3) x31 0x00000000
core   0: 0x80005100 (0x0000100f) fence.i
core   0: 3 0x80005100 (0x0000100f)
core   0: 0x80005104 (0xfe4be2e3) bltu    s7, tp, pc - 28
core   0: 3 0x80005104 (0xfe4be2e3)
core   0: 0x800050e8 (0x3973b193) sltiu   gp, t2, 919
core   0: 3 0x800050e8 (0x3973b193) x 3 0x00000001
core   0: 0x800050ec (0x00b97db3) and     s11, s2, a1
core   0: 3 0x800050ec (0x00b97db3) x27 0xfffffff0
core   0: 0x800050f0 (0x008b8b93) addi    s7, s7, 8
core   0: 3 0x800050f0 (0x008b8b93) x23 0x0000000c
core   0: 0x800050f4 (0x0000100f) fence.i
core   0: 3 0x800050f4 (0x0000100f)
core   0: 0x800050f8 (0x014f83b3) add     t2, t6, s4
core   0: 3 0x800050f8 (0x014f83b3) x 7 0x00000000
core   0: 0x800050fc (0x01c37fb3) and     t6, t1, t3
core   0: 3 0x800050fc (0x01c37fb3) x31 0x00000000
core   0: 0x80005100 (0x0000100f) fence.i
core   0: 3 0x80005100 (0x0000100f)
core   0: 0x80005104 (0xfe4be2e3) bltu    s7, tp, pc - 28
core   0: 3 0x80005104 (0xfe4be2e3)
core   0: 0x80005108 (0x01a004b3) add     s1, zero, s10
core   0: 3 0x80005108 (0x01a004b3) x 9 0x00000000
core   0: 0x8000510c (0x017a7eb3) and     t4, s4, s7
core   0: 3 0x8000510c (0x017a7eb3) x29 0x00000000
core   0: 0x80005110 (0xfac550e3) bge     a0, a2, pc - 96
core   0: 3 0x80005110 (0xfac550e3)
core   0: 0x800050b0 (0xf9db2b13) slti    s6, s6, -99
core   0: 3 0x800050b0 (0xf9db2b13) x22 0x00000000
core   0: 0x800050b4 (0x011a7eb3) and     t4, s4, a7
core   0: 3 0x800050b4 (0x011a7eb3) x29 0x00000000
core   0: 0x800050b8 (0x833ac193) xori    gp, s5, -1997
core   0: 3 0x800050b8 (0x833ac193) x 3 0xfffff823
core   0: 0x800050bc (0x30e7b993) sltiu   s3, a5, 782
core   0: 3 0x800050bc (0x30e7b993) x19 0x00000000
core   0: 0x800050c0 (0x0004de13) srli    t3, s1, 0
core   0: 3 0x800050c0 (0x0004de13) x28 0x00000000
core   0: 0x800050c4 (0x0ff0000f) fence   iorw,iorw
core   0: 3 0x800050c4 (0x0ff0000f)
core   0: 0x800050c8 (0x40a4da33) sra     s4, s1, a0
core   0: 3 0x800050c8 (0x40a4da33) x20 0x00000000
core   0: 0x800050cc (0xffd50513) addi    a0, a0, -3
core   0: 3 0x800050cc (0xffd50513) x10 0xfffffffb
core   0: 0x800050d0 (0x00de5d33) srl     s10, t3, a3
core   0: 3 0x800050d0 (0x00de5d33) x26 0x00000000
core   0: 0x800050d4 (0xbf5eb713) sltiu   a4, t4, -1035
core   0: 3 0x800050d4 (0xbf5eb713) x14 0x00000001
core   0: 0x800050d8 (0xffc00b93) li      s7, -4
core   0: 3 0x800050d8 (0xffc00b93) x23 0xfffffffc
core   0: 0x800050dc (0x35fcfd93) andi    s11, s9, 863
core   0: 3 0x800050dc (0x35fcfd93) x27 0x00000000
core   0: 0x800050e0 (0x00800213) li      tp, 8
core   0: 3 0x800050e0 (0x00800213) x 4 0x00000008
core   0: 0x800050e4 (0x005912b3) sll     t0, s2, t0
core   0: 3 0x800050e4 (0x005912b3) x 5 0xfffffff3
core   0: 0x800050e8 (0x3973b193) sltiu   gp, t2, 919
core   0: 3 0x800050e8 (0x3973b193) x 3 0x00000001
core   0: 0x800050ec (0x00b97db3) and     s11, s2, a1
core   0: 3 0x800050ec (0x00b97db3) x27 0xfffffff0
core   0: 0x800050f0 (0x008b8b93) addi    s7, s7, 8
core   0: 3 0x800050f0 (0x008b8b93) x23 0x00000004
core   0: 0x800050f4 (0x0000100f) fence.i
core   0: 3 0x800050f4 (0x0000100f)
core   0: 0x800050f8 (0x014f83b3) add     t2, t6, s4
core   0: 3 0x800050f8 (0x014f83b3) x 7 0x00000000
core   0: 0x800050fc (0x01c37fb3) and     t6, t1, t3
core   0: 3 0x800050fc (0x01c37fb3) x31 0x00000000
core   0: 0x80005100 (0x0000100f) fence.i
core   0: 3 0x80005100 (0x0000100f)
core   0: 0x80005104 (0xfe4be2e3) bltu    s7, tp, pc - 28
core   0: 3 0x80005104 (0xfe4be2e3)
core   0: 0x800050e8 (0x3973b193) sltiu   gp, t2, 919
core   0: 3 0x800050e8 (0x3973b193) x 3 0x00000001
core   0: 0x800050ec (0x00b97db3) and     s11, s2, a1
core   0: 3 0x800050ec (0x00b97db3) x27 0xfffffff0
core   0: 0x800050f0 (0x008b8b93) addi    s7, s7, 8
core   0: 3 0x800050f0 (0x008b8b93) x23 0x0000000c
core   0: 0x800050f4 (0x0000100f) fence.i
core   0: 3 0x800050f4 (0x0000100f)
core   0: 0x800050f8 (0x014f83b3) add     t2, t6, s4
core   0: 3 0x800050f8 (0x014f83b3) x 7 0x00000000
core   0: 0x800050fc (0x01c37fb3) and     t6, t1, t3
core   0: 3 0x800050fc (0x01c37fb3) x31 0x00000000
core   0: 0x80005100 (0x0000100f) fence.i
core   0: 3 0x80005100 (0x0000100f)
core   0: 0x80005104 (0xfe4be2e3) bltu    s7, tp, pc - 28
core   0: 3 0x80005104 (0xfe4be2e3)
core   0: 0x80005108 (0x01a004b3) add     s1, zero, s10
core   0: 3 0x80005108 (0x01a004b3) x 9 0x00000000
core   0: 0x8000510c (0x017a7eb3) and     t4, s4, s7
core   0: 3 0x8000510c (0x017a7eb3) x29 0x00000000
core   0: 0x80005110 (0xfac550e3) bge     a0, a2, pc - 96
core   0: 3 0x80005110 (0xfac550e3)
core   0: 0x80005114 (0x403e5593) srai    a1, t3, 3
core   0: 3 0x80005114 (0x403e5593) x11 0x00000000
core   0: 0x80005118 (0xff700a93) li      s5, -9
core   0: 3 0x80005118 (0xff700a93) x21 0xfffffff7
core   0: 0x8000511c (0x003d4d33) xor     s10, s10, gp
core   0: 3 0x8000511c (0x003d4d33) x26 0x00000001
core   0: 0x80005120 (0x40e8de93) srai    t4, a7, 14
core   0: 3 0x80005120 (0x40e8de93) x29 0xfffe000a
core   0: 0x80005124 (0xff700a13) li      s4, -9
core   0: 3 0x80005124 (0xff700a13) x20 0xfffffff7
core   0: 0x80005128 (0x2de8e293) ori     t0, a7, 734
core   0: 3 0x80005128 (0x2de8e293) x 5 0x80028efe
core   0: 0x8000512c (0x0000100f) fence.i
core   0: 3 0x8000512c (0x0000100f)
core   0: 0x80005130 (0xff6a8a93) addi    s5, s5, -10
core   0: 3 0x80005130 (0xff6a8a93) x21 0xffffffed
core   0: 0x80005134 (0x01d2acb3) slt     s9, t0, t4
core   0: 3 0x80005134 (0x01d2acb3) x25 0x00000001
core   0: 0x80005138 (0x0ff0000f) fence   iorw,iorw
core   0: 3 0x80005138 (0x0ff0000f)
core   0: 0x8000513c (0x415b8533) sub     a0, s7, s5
core   0: 3 0x8000513c (0x415b8533) x10 0x0000001f
core   0: 0x80005140 (0x41bc8d33) sub     s10, s9, s11
core   0: 3 0x80005140 (0x41bc8d33) x26 0x00000011
core   0: 0x80005144 (0xff900693) li      a3, -7
core   0: 3 0x80005144 (0xff900693) x13 0xfffffff9
core   0: 0x80005148 (0x01c9af33) slt     t5, s3, t3
core   0: 3 0x80005148 (0x01c9af33) x30 0x00000000
core   0: 0x8000514c (0xff900b13) li      s6, -7
core   0: 3 0x8000514c (0xff900b13) x22 0xfffffff9
core   0: 0x80005150 (0x007820b3) slt     ra, a6, t2
core   0: 3 0x80005150 (0x007820b3) x 1 0x00000001
core   0: 0x80005154 (0x41608933) sub     s2, ra, s6
core   0: 3 0x80005154 (0x41608933) x18 0x00000008
core   0: 0x80005158 (0xffc68693) addi    a3, a3, -4
core   0: 3 0x80005158 (0xffc68693) x13 0xfffffff5
core   0: 0x8000515c (0x53a46093) ori     ra, s0, 1338
core   0: 3 0x8000515c (0x53a46093) x 1 0x0000053a
core   0: 0x80005160 (0xff66d8e3) bge     a3, s6, pc - 16
core   0: 3 0x80005160 (0xff66d8e3)
core   0: 0x80005164 (0x15acc713) xori    a4, s9, 346
core   0: 3 0x80005164 (0x15acc713) x14 0x0000015b
core   0: 0x80005168 (0xfd4ad0e3) bge     s5, s4, pc - 64
core   0: 3 0x80005168 (0xfd4ad0e3)
core   0: 0x8000516c (0xe2afb213) sltiu   tp, t6, -470
core   0: 3 0x8000516c (0xe2afb213) x 4 0x00000001
core   0: 0x80005170 (0xff800313) li      t1, -8
core   0: 3 0x80005170 (0xff800313) x 6 0xfffffff8
core   0: 0x80005174 (0x016a5113) srli    sp, s4, 22
core   0: 3 0x80005174 (0x016a5113) x 2 0x000003ff
core   0: 0x80005178 (0xff800f13) li      t5, -8
core   0: 3 0x80005178 (0xff800f13) x30 0xfffffff8
core   0: 0x8000517c (0xf6778a93) addi    s5, a5, -153
core   0: 3 0x8000517c (0xf6778a93) x21 0x80024d6b
core   0: 0x80005180 (0xffb30313) addi    t1, t1, -5
core   0: 3 0x80005180 (0xffb30313) x 6 0xfffffff3
core   0: 0x80005184 (0x0000100f) fence.i
core   0: 3 0x80005184 (0x0000100f)
core   0: 0x80005188 (0x00a5c633) xor     a2, a1, a0
core   0: 3 0x80005188 (0x00a5c633) x12 0x0000001f
core   0: 0x8000518c (0xc1dfc393) xori    t2, t6, -995
core   0: 3 0x8000518c (0xc1dfc393) x 7 0xfffffc1d
core   0: 0x80005190 (0xffe356e3) bge     t1, t5, pc - 20
core   0: 3 0x80005190 (0xffe356e3)
core   0: 0x80005194 (0x226d20b7) lui     ra, 0x226d2
core   0: 3 0x80005194 (0x226d20b7) x 1 0x226d2000
core   0: 0x80005198 (0x00800d93) li      s11, 8
core   0: 3 0x80005198 (0x00800d93) x27 0x00000008
core   0: 0x8000519c (0x01104333) xor     t1, zero, a7
core   0: 3 0x8000519c (0x01104333) x 6 0x80028ce4
core   0: 0x800051a0 (0x00800693) li      a3, 8
core   0: 3 0x800051a0 (0x00800693) x13 0x00000008
core   0: 0x800051a4 (0x4e3aa913) slti    s2, s5, 1251
core   0: 3 0x800051a4 (0x4e3aa913) x18 0x00000001
core   0: 0x800051a8 (0x01b5e933) or      s2, a1, s11
core   0: 3 0x800051a8 (0x01b5e933) x18 0x00000008
core   0: 0x800051ac (0xffed8d93) addi    s11, s11, -2
core   0: 3 0x800051ac (0xffed8d93) x27 0x00000006
core   0: 0x800051b0 (0xfeddfae3) bgeu    s11, a3, pc - 12
core   0: 3 0x800051b0 (0xfeddfae3)
core   0: 0x800051b4 (0x1c0b7393) andi    t2, s6, 448
core   0: 3 0x800051b4 (0x1c0b7393) x 7 0x000001c0
core   0: 0x800051b8 (0x00300493) li      s1, 3
core   0: 3 0x800051b8 (0x00300493) x 9 0x00000003
core   0: 0x800051bc (0xe1553613) sltiu   a2, a0, -491
core   0: 3 0x800051bc (0xe1553613) x12 0x00000001
core   0: 0x800051c0 (0x01a9c2b3) xor     t0, s3, s10
core   0: 3 0x800051c0 (0x01a9c2b3) x 5 0x00000011
core   0: 0x800051c4 (0x60a61c97) auipc   s9, 0x60a61
core   0: 3 0x800051c4 (0x60a61c97) x25 0xe0a661c4
core   0: 0x800051c8 (0x004f9a33) sll     s4, t6, tp
core   0: 3 0x800051c8 (0x004f9a33) x20 0x00000000
core   0: 0x800051cc (0x2f70b413) sltiu   s0, ra, 759
core   0: 3 0x800051cc (0x2f70b413) x 8 0x00000000
core   0: 0x800051d0 (0x01000713) li      a4, 16
core   0: 3 0x800051d0 (0x01000713) x14 0x00000010
core   0: 0x800051d4 (0x0078beb3) sltu    t4, a7, t2
core   0: 3 0x800051d4 (0x0078beb3) x29 0x00000000
core   0: 0x800051d8 (0x00e46d17) auipc   s10, 0xe46
core   0: 3 0x800051d8 (0x00e46d17) x26 0x80e4b1d8
core   0: 0x800051dc (0x40695433) sra     s0, s2, t1
core   0: 3 0x800051dc (0x40695433) x 8 0x00000000
core   0: 0x800051e0 (0x007b9433) sll     s0, s7, t2
core   0: 3 0x800051e0 (0x007b9433) x 8 0x0000000c
core   0: 0x800051e4 (0x01e1b9b3) sltu    s3, gp, t5
core   0: 3 0x800051e4 (0x01e1b9b3) x19 0x00000001
core   0: 0x800051e8 (0xda8b1117) auipc   sp, 0xda8b1
core   0: 3 0x800051e8 (0xda8b1117) x 2 0x5a8b61e8
core   0: 0x800051ec (0x01dc61b3) or      gp, s8, t4
core   0: 3 0x800051ec (0x01dc61b3) x 3 0xffffffff
core   0: 0x800051f0 (0x410ed193) srai    gp, t4, 16
core   0: 3 0x800051f0 (0x410ed193) x 3 0x00000000
core   0: 0x800051f4 (0xf864f137) lui     sp, 0xf864f
core   0: 3 0x800051f4 (0xf864f137) x 2 0xf864f000
core   0: 0x800051f8 (0x00148493) addi    s1, s1, 1
core   0: 3 0x800051f8 (0x00148493) x 9 0x00000004
core   0: 0x800051fc (0x4b83f093) andi    ra, t2, 1208
core   0: 3 0x800051fc (0x4b83f093) x 1 0x00000080
core   0: 0x80005200 (0x0ff0000f) fence   iorw,iorw
core   0: 3 0x80005200 (0x0ff0000f)
core   0: 0x80005204 (0x01524e33) xor     t3, tp, s5
core   0: 3 0x80005204 (0x01524e33) x28 0x80024d6a
core   0: 0x80005208 (0x01321fb3) sll     t6, tp, s3
core   0: 3 0x80005208 (0x01321fb3) x31 0x00000002
core   0: 0x8000520c (0x27fbb013) sltiu   zero, s7, 639
core   0: 3 0x8000520c (0x27fbb013)
core   0: 0x80005210 (0x12cf8393) addi    t2, t6, 300
core   0: 3 0x80005210 (0x12cf8393) x 7 0x0000012e
core   0: 0x80005214 (0x40f9d613) srai    a2, s3, 15
core   0: 3 0x80005214 (0x40f9d613) x12 0x00000000
core   0: 0x80005218 (0xfce490e3) bne     s1, a4, pc - 64
core   0: 3 0x80005218 (0xfce490e3)
core   0: 0x800051d8 (0x00e46d17) auipc   s10, 0xe46
core   0: 3 0x800051d8 (0x00e46d17) x26 0x80e4b1d8
core   0: 0x800051dc (0x40695433) sra     s0, s2, t1
core   0: 3 0x800051dc (0x40695433) x 8 0x00000000
core   0: 0x800051e0 (0x007b9433) sll     s0, s7, t2
core   0: 3 0x800051e0 (0x007b9433) x 8 0x00030000
core   0: 0x800051e4 (0x01e1b9b3) sltu    s3, gp, t5
core   0: 3 0x800051e4 (0x01e1b9b3) x19 0x00000001
core   0: 0x800051e8 (0xda8b1117) auipc   sp, 0xda8b1
core   0: 3 0x800051e8 (0xda8b1117) x 2 0x5a8b61e8
core   0: 0x800051ec (0x01dc61b3) or      gp, s8, t4
core   0: 3 0x800051ec (0x01dc61b3) x 3 0xffffffff
core   0: 0x800051f0 (0x410ed193) srai    gp, t4, 16
core   0: 3 0x800051f0 (0x410ed193) x 3 0x00000000
core   0: 0x800051f4 (0xf864f137) lui     sp, 0xf864f
core   0: 3 0x800051f4 (0xf864f137) x 2 0xf864f000
core   0: 0x800051f8 (0x00148493) addi    s1, s1, 1
core   0: 3 0x800051f8 (0x00148493) x 9 0x00000005
core   0: 0x800051fc (0x4b83f093) andi    ra, t2, 1208
core   0: 3 0x800051fc (0x4b83f093) x 1 0x00000028
core   0: 0x80005200 (0x0ff0000f) fence   iorw,iorw
core   0: 3 0x80005200 (0x0ff0000f)
core   0: 0x80005204 (0x01524e33) xor     t3, tp, s5
core   0: 3 0x80005204 (0x01524e33) x28 0x80024d6a
core   0: 0x80005208 (0x01321fb3) sll     t6, tp, s3
core   0: 3 0x80005208 (0x01321fb3) x31 0x00000002
core   0: 0x8000520c (0x27fbb013) sltiu   zero, s7, 639
core   0: 3 0x8000520c (0x27fbb013)
core   0: 0x80005210 (0x12cf8393) addi    t2, t6, 300
core   0: 3 0x80005210 (0x12cf8393) x 7 0x0000012e
core   0: 0x80005214 (0x40f9d613) srai    a2, s3, 15
core   0: 3 0x80005214 (0x40f9d613) x12 0x00000000
core   0: 0x80005218 (0xfce490e3) bne     s1, a4, pc - 64
core   0: 3 0x80005218 (0xfce490e3)
core   0: 0x800051d8 (0x00e46d17) auipc   s10, 0xe46
core   0: 3 0x800051d8 (0x00e46d17) x26 0x80e4b1d8
core   0: 0x800051dc (0x40695433) sra     s0, s2, t1
core   0: 3 0x800051dc (0x40695433) x 8 0x00000000
core   0: 0x800051e0 (0x007b9433) sll     s0, s7, t2
core   0: 3 0x800051e0 (0x007b9433) x 8 0x00030000
core   0: 0x800051e4 (0x01e1b9b3) sltu    s3, gp, t5
core   0: 3 0x800051e4 (0x01e1b9b3) x19 0x00000001
core   0: 0x800051e8 (0xda8b1117) auipc   sp, 0xda8b1
core   0: 3 0x800051e8 (0xda8b1117) x 2 0x5a8b61e8
core   0: 0x800051ec (0x01dc61b3) or      gp, s8, t4
core   0: 3 0x800051ec (0x01dc61b3) x 3 0xffffffff
core   0: 0x800051f0 (0x410ed193) srai    gp, t4, 16
core   0: 3 0x800051f0 (0x410ed193) x 3 0x00000000
core   0: 0x800051f4 (0xf864f137) lui     sp, 0xf864f
core   0: 3 0x800051f4 (0xf864f137) x 2 0xf864f000
core   0: 0x800051f8 (0x00148493) addi    s1, s1, 1
core   0: 3 0x800051f8 (0x00148493) x 9 0x00000006
core   0: 0x800051fc (0x4b83f093) andi    ra, t2, 1208
core   0: 3 0x800051fc (0x4b83f093) x 1 0x00000028
core   0: 0x80005200 (0x0ff0000f) fence   iorw,iorw
core   0: 3 0x80005200 (0x0ff0000f)
core   0: 0x80005204 (0x01524e33) xor     t3, tp, s5
core   0: 3 0x80005204 (0x01524e33) x28 0x80024d6a
core   0: 0x80005208 (0x01321fb3) sll     t6, tp, s3
core   0: 3 0x80005208 (0x01321fb3) x31 0x00000002
core   0: 0x8000520c (0x27fbb013) sltiu   zero, s7, 639
core   0: 3 0x8000520c (0x27fbb013)
core   0: 0x80005210 (0x12cf8393) addi    t2, t6, 300
core   0: 3 0x80005210 (0x12cf8393) x 7 0x0000012e
core   0: 0x80005214 (0x40f9d613) srai    a2, s3, 15
core   0: 3 0x80005214 (0x40f9d613) x12 0x00000000
core   0: 0x80005218 (0xfce490e3) bne     s1, a4, pc - 64
core   0: 3 0x80005218 (0xfce490e3)
core   0: 0x800051d8 (0x00e46d17) auipc   s10, 0xe46
core   0: 3 0x800051d8 (0x00e46d17) x26 0x80e4b1d8
core   0: 0x800051dc (0x40695433) sra     s0, s2, t1
core   0: 3 0x800051dc (0x40695433) x 8 0x00000000
core   0: 0x800051e0 (0x007b9433) sll     s0, s7, t2
core   0: 3 0x800051e0 (0x007b9433) x 8 0x00030000
core   0: 0x800051e4 (0x01e1b9b3) sltu    s3, gp, t5
core   0: 3 0x800051e4 (0x01e1b9b3) x19 0x00000001
core   0: 0x800051e8 (0xda8b1117) auipc   sp, 0xda8b1
core   0: 3 0x800051e8 (0xda8b1117) x 2 0x5a8b61e8
core   0: 0x800051ec (0x01dc61b3) or      gp, s8, t4
core   0: 3 0x800051ec (0x01dc61b3) x 3 0xffffffff
core   0: 0x800051f0 (0x410ed193) srai    gp, t4, 16
core   0: 3 0x800051f0 (0x410ed193) x 3 0x00000000
core   0: 0x800051f4 (0xf864f137) lui     sp, 0xf864f
core   0: 3 0x800051f4 (0xf864f137) x 2 0xf864f000
core   0: 0x800051f8 (0x00148493) addi    s1, s1, 1
core   0: 3 0x800051f8 (0x00148493) x 9 0x00000007
core   0: 0x800051fc (0x4b83f093) andi    ra, t2, 1208
core   0: 3 0x800051fc (0x4b83f093) x 1 0x00000028
core   0: 0x80005200 (0x0ff0000f) fence   iorw,iorw
core   0: 3 0x80005200 (0x0ff0000f)
core   0: 0x80005204 (0x01524e33) xor     t3, tp, s5
core   0: 3 0x80005204 (0x01524e33) x28 0x80024d6a
core   0: 0x80005208 (0x01321fb3) sll     t6, tp, s3
core   0: 3 0x80005208 (0x01321fb3) x31 0x00000002
core   0: 0x8000520c (0x27fbb013) sltiu   zero, s7, 639
core   0: 3 0x8000520c (0x27fbb013)
core   0: 0x80005210 (0x12cf8393) addi    t2, t6, 300
core   0: 3 0x80005210 (0x12cf8393) x 7 0x0000012e
core   0: 0x80005214 (0x40f9d613) srai    a2, s3, 15
core   0: 3 0x80005214 (0x40f9d613) x12 0x00000000
core   0: 0x80005218 (0xfce490e3) bne     s1, a4, pc - 64
core   0: 3 0x80005218 (0xfce490e3)
core   0: 0x800051d8 (0x00e46d17) auipc   s10, 0xe46
core   0: 3 0x800051d8 (0x00e46d17) x26 0x80e4b1d8
core   0: 0x800051dc (0x40695433) sra     s0, s2, t1
core   0: 3 0x800051dc (0x40695433) x 8 0x00000000
core   0: 0x800051e0 (0x007b9433) sll     s0, s7, t2
core   0: 3 0x800051e0 (0x007b9433) x 8 0x00030000
core   0: 0x800051e4 (0x01e1b9b3) sltu    s3, gp, t5
core   0: 3 0x800051e4 (0x01e1b9b3) x19 0x00000001
core   0: 0x800051e8 (0xda8b1117) auipc   sp, 0xda8b1
core   0: 3 0x800051e8 (0xda8b1117) x 2 0x5a8b61e8
core   0: 0x800051ec (0x01dc61b3) or      gp, s8, t4
core   0: 3 0x800051ec (0x01dc61b3) x 3 0xffffffff
core   0: 0x800051f0 (0x410ed193) srai    gp, t4, 16
core   0: 3 0x800051f0 (0x410ed193) x 3 0x00000000
core   0: 0x800051f4 (0xf864f137) lui     sp, 0xf864f
core   0: 3 0x800051f4 (0xf864f137) x 2 0xf864f000
core   0: 0x800051f8 (0x00148493) addi    s1, s1, 1
core   0: 3 0x800051f8 (0x00148493) x 9 0x00000008
core   0: 0x800051fc (0x4b83f093) andi    ra, t2, 1208
core   0: 3 0x800051fc (0x4b83f093) x 1 0x00000028
core   0: 0x80005200 (0x0ff0000f) fence   iorw,iorw
core   0: 3 0x80005200 (0x0ff0000f)
core   0: 0x80005204 (0x01524e33) xor     t3, tp, s5
core   0: 3 0x80005204 (0x01524e33) x28 0x80024d6a
core   0: 0x80005208 (0x01321fb3) sll     t6, tp, s3
core   0: 3 0x80005208 (0x01321fb3) x31 0x00000002
core   0: 0x8000520c (0x27fbb013) sltiu   zero, s7, 639
core   0: 3 0x8000520c (0x27fbb013)
core   0: 0x80005210 (0x12cf8393) addi    t2, t6, 300
core   0: 3 0x80005210 (0x12cf8393) x 7 0x0000012e
core   0: 0x80005214 (0x40f9d613) srai    a2, s3, 15
core   0: 3 0x80005214 (0x40f9d613) x12 0x00000000
core   0: 0x80005218 (0xfce490e3) bne     s1, a4, pc - 64
core   0: 3 0x80005218 (0xfce490e3)
core   0: 0x800051d8 (0x00e46d17) auipc   s10, 0xe46
core   0: 3 0x800051d8 (0x00e46d17) x26 0x80e4b1d8
core   0: 0x800051dc (0x40695433) sra     s0, s2, t1
core   0: 3 0x800051dc (0x40695433) x 8 0x00000000
core   0: 0x800051e0 (0x007b9433) sll     s0, s7, t2
core   0: 3 0x800051e0 (0x007b9433) x 8 0x00030000
core   0: 0x800051e4 (0x01e1b9b3) sltu    s3, gp, t5
core   0: 3 0x800051e4 (0x01e1b9b3) x19 0x00000001
core   0: 0x800051e8 (0xda8b1117) auipc   sp, 0xda8b1
core   0: 3 0x800051e8 (0xda8b1117) x 2 0x5a8b61e8
core   0: 0x800051ec (0x01dc61b3) or      gp, s8, t4
core   0: 3 0x800051ec (0x01dc61b3) x 3 0xffffffff
core   0: 0x800051f0 (0x410ed193) srai    gp, t4, 16
core   0: 3 0x800051f0 (0x410ed193) x 3 0x00000000
core   0: 0x800051f4 (0xf864f137) lui     sp, 0xf864f
core   0: 3 0x800051f4 (0xf864f137) x 2 0xf864f000
core   0: 0x800051f8 (0x00148493) addi    s1, s1, 1
core   0: 3 0x800051f8 (0x00148493) x 9 0x00000009
core   0: 0x800051fc (0x4b83f093) andi    ra, t2, 1208
core   0: 3 0x800051fc (0x4b83f093) x 1 0x00000028
core   0: 0x80005200 (0x0ff0000f) fence   iorw,iorw
core   0: 3 0x80005200 (0x0ff0000f)
core   0: 0x80005204 (0x01524e33) xor     t3, tp, s5
core   0: 3 0x80005204 (0x01524e33) x28 0x80024d6a
core   0: 0x80005208 (0x01321fb3) sll     t6, tp, s3
core   0: 3 0x80005208 (0x01321fb3) x31 0x00000002
core   0: 0x8000520c (0x27fbb013) sltiu   zero, s7, 639
core   0: 3 0x8000520c (0x27fbb013)
core   0: 0x80005210 (0x12cf8393) addi    t2, t6, 300
core   0: 3 0x80005210 (0x12cf8393) x 7 0x0000012e
core   0: 0x80005214 (0x40f9d613) srai    a2, s3, 15
core   0: 3 0x80005214 (0x40f9d613) x12 0x00000000
core   0: 0x80005218 (0xfce490e3) bne     s1, a4, pc - 64
core   0: 3 0x80005218 (0xfce490e3)
core   0: 0x800051d8 (0x00e46d17) auipc   s10, 0xe46
core   0: 3 0x800051d8 (0x00e46d17) x26 0x80e4b1d8
core   0: 0x800051dc (0x40695433) sra     s0, s2, t1
core   0: 3 0x800051dc (0x40695433) x 8 0x00000000
core   0: 0x800051e0 (0x007b9433) sll     s0, s7, t2
core   0: 3 0x800051e0 (0x007b9433) x 8 0x00030000
core   0: 0x800051e4 (0x01e1b9b3) sltu    s3, gp, t5
core   0: 3 0x800051e4 (0x01e1b9b3) x19 0x00000001
core   0: 0x800051e8 (0xda8b1117) auipc   sp, 0xda8b1
core   0: 3 0x800051e8 (0xda8b1117) x 2 0x5a8b61e8
core   0: 0x800051ec (0x01dc61b3) or      gp, s8, t4
core   0: 3 0x800051ec (0x01dc61b3) x 3 0xffffffff
core   0: 0x800051f0 (0x410ed193) srai    gp, t4, 16
core   0: 3 0x800051f0 (0x410ed193) x 3 0x00000000
core   0: 0x800051f4 (0xf864f137) lui     sp, 0xf864f
core   0: 3 0x800051f4 (0xf864f137) x 2 0xf864f000
core   0: 0x800051f8 (0x00148493) addi    s1, s1, 1
core   0: 3 0x800051f8 (0x00148493) x 9 0x0000000a
core   0: 0x800051fc (0x4b83f093) andi    ra, t2, 1208
core   0: 3 0x800051fc (0x4b83f093) x 1 0x00000028
core   0: 0x80005200 (0x0ff0000f) fence   iorw,iorw
core   0: 3 0x80005200 (0x0ff0000f)
core   0: 0x80005204 (0x01524e33) xor     t3, tp, s5
core   0: 3 0x80005204 (0x01524e33) x28 0x80024d6a
core   0: 0x80005208 (0x01321fb3) sll     t6, tp, s3
core   0: 3 0x80005208 (0x01321fb3) x31 0x00000002
core   0: 0x8000520c (0x27fbb013) sltiu   zero, s7, 639
core   0: 3 0x8000520c (0x27fbb013)
core   0: 0x80005210 (0x12cf8393) addi    t2, t6, 300
core   0: 3 0x80005210 (0x12cf8393) x 7 0x0000012e
core   0: 0x80005214 (0x40f9d613) srai    a2, s3, 15
core   0: 3 0x80005214 (0x40f9d613) x12 0x00000000
core   0: 0x80005218 (0xfce490e3) bne     s1, a4, pc - 64
core   0: 3 0x80005218 (0xfce490e3)
core   0: 0x800051d8 (0x00e46d17) auipc   s10, 0xe46
core   0: 3 0x800051d8 (0x00e46d17) x26 0x80e4b1d8
core   0: 0x800051dc (0x40695433) sra     s0, s2, t1
core   0: 3 0x800051dc (0x40695433) x 8 0x00000000
core   0: 0x800051e0 (0x007b9433) sll     s0, s7, t2
core   0: 3 0x800051e0 (0x007b9433) x 8 0x00030000
core   0: 0x800051e4 (0x01e1b9b3) sltu    s3, gp, t5
core   0: 3 0x800051e4 (0x01e1b9b3) x19 0x00000001
core   0: 0x800051e8 (0xda8b1117) auipc   sp, 0xda8b1
core   0: 3 0x800051e8 (0xda8b1117) x 2 0x5a8b61e8
core   0: 0x800051ec (0x01dc61b3) or      gp, s8, t4
core   0: 3 0x800051ec (0x01dc61b3) x 3 0xffffffff
core   0: 0x800051f0 (0x410ed193) srai    gp, t4, 16
core   0: 3 0x800051f0 (0x410ed193) x 3 0x00000000
core   0: 0x800051f4 (0xf864f137) lui     sp, 0xf864f
core   0: 3 0x800051f4 (0xf864f137) x 2 0xf864f000
core   0: 0x800051f8 (0x00148493) addi    s1, s1, 1
core   0: 3 0x800051f8 (0x00148493) x 9 0x0000000b
core   0: 0x800051fc (0x4b83f093) andi    ra, t2, 1208
core   0: 3 0x800051fc (0x4b83f093) x 1 0x00000028
core   0: 0x80005200 (0x0ff0000f) fence   iorw,iorw
core   0: 3 0x80005200 (0x0ff0000f)
core   0: 0x80005204 (0x01524e33) xor     t3, tp, s5
core   0: 3 0x80005204 (0x01524e33) x28 0x80024d6a
core   0: 0x80005208 (0x01321fb3) sll     t6, tp, s3
core   0: 3 0x80005208 (0x01321fb3) x31 0x00000002
core   0: 0x8000520c (0x27fbb013) sltiu   zero, s7, 639
core   0: 3 0x8000520c (0x27fbb013)
core   0: 0x80005210 (0x12cf8393) addi    t2, t6, 300
core   0: 3 0x80005210 (0x12cf8393) x 7 0x0000012e
core   0: 0x80005214 (0x40f9d613) srai    a2, s3, 15
core   0: 3 0x80005214 (0x40f9d613) x12 0x00000000
core   0: 0x80005218 (0xfce490e3) bne     s1, a4, pc - 64
core   0: 3 0x80005218 (0xfce490e3)
core   0: 0x800051d8 (0x00e46d17) auipc   s10, 0xe46
core   0: 3 0x800051d8 (0x00e46d17) x26 0x80e4b1d8
core   0: 0x800051dc (0x40695433) sra     s0, s2, t1
core   0: 3 0x800051dc (0x40695433) x 8 0x00000000
core   0: 0x800051e0 (0x007b9433) sll     s0, s7, t2
core   0: 3 0x800051e0 (0x007b9433) x 8 0x00030000
core   0: 0x800051e4 (0x01e1b9b3) sltu    s3, gp, t5
core   0: 3 0x800051e4 (0x01e1b9b3) x19 0x00000001
core   0: 0x800051e8 (0xda8b1117) auipc   sp, 0xda8b1
core   0: 3 0x800051e8 (0xda8b1117) x 2 0x5a8b61e8
core   0: 0x800051ec (0x01dc61b3) or      gp, s8, t4
core   0: 3 0x800051ec (0x01dc61b3) x 3 0xffffffff
core   0: 0x800051f0 (0x410ed193) srai    gp, t4, 16
core   0: 3 0x800051f0 (0x410ed193) x 3 0x00000000
core   0: 0x800051f4 (0xf864f137) lui     sp, 0xf864f
core   0: 3 0x800051f4 (0xf864f137) x 2 0xf864f000
core   0: 0x800051f8 (0x00148493) addi    s1, s1, 1
core   0: 3 0x800051f8 (0x00148493) x 9 0x0000000c
core   0: 0x800051fc (0x4b83f093) andi    ra, t2, 1208
core   0: 3 0x800051fc (0x4b83f093) x 1 0x00000028
core   0: 0x80005200 (0x0ff0000f) fence   iorw,iorw
core   0: 3 0x80005200 (0x0ff0000f)
core   0: 0x80005204 (0x01524e33) xor     t3, tp, s5
core   0: 3 0x80005204 (0x01524e33) x28 0x80024d6a
core   0: 0x80005208 (0x01321fb3) sll     t6, tp, s3
core   0: 3 0x80005208 (0x01321fb3) x31 0x00000002
core   0: 0x8000520c (0x27fbb013) sltiu   zero, s7, 639
core   0: 3 0x8000520c (0x27fbb013)
core   0: 0x80005210 (0x12cf8393) addi    t2, t6, 300
core   0: 3 0x80005210 (0x12cf8393) x 7 0x0000012e
core   0: 0x80005214 (0x40f9d613) srai    a2, s3, 15
core   0: 3 0x80005214 (0x40f9d613) x12 0x00000000
core   0: 0x80005218 (0xfce490e3) bne     s1, a4, pc - 64
core   0: 3 0x80005218 (0xfce490e3)
core   0: 0x800051d8 (0x00e46d17) auipc   s10, 0xe46
core   0: 3 0x800051d8 (0x00e46d17) x26 0x80e4b1d8
core   0: 0x800051dc (0x40695433) sra     s0, s2, t1
core   0: 3 0x800051dc (0x40695433) x 8 0x00000000
core   0: 0x800051e0 (0x007b9433) sll     s0, s7, t2
core   0: 3 0x800051e0 (0x007b9433) x 8 0x00030000
core   0: 0x800051e4 (0x01e1b9b3) sltu    s3, gp, t5
core   0: 3 0x800051e4 (0x01e1b9b3) x19 0x00000001
core   0: 0x800051e8 (0xda8b1117) auipc   sp, 0xda8b1
core   0: 3 0x800051e8 (0xda8b1117) x 2 0x5a8b61e8
core   0: 0x800051ec (0x01dc61b3) or      gp, s8, t4
core   0: 3 0x800051ec (0x01dc61b3) x 3 0xffffffff
core   0: 0x800051f0 (0x410ed193) srai    gp, t4, 16
core   0: 3 0x800051f0 (0x410ed193) x 3 0x00000000
core   0: 0x800051f4 (0xf864f137) lui     sp, 0xf864f
core   0: 3 0x800051f4 (0xf864f137) x 2 0xf864f000
core   0: 0x800051f8 (0x00148493) addi    s1, s1, 1
core   0: 3 0x800051f8 (0x00148493) x 9 0x0000000d
core   0: 0x800051fc (0x4b83f093) andi    ra, t2, 1208
core   0: 3 0x800051fc (0x4b83f093) x 1 0x00000028
core   0: 0x80005200 (0x0ff0000f) fence   iorw,iorw
core   0: 3 0x80005200 (0x0ff0000f)
core   0: 0x80005204 (0x01524e33) xor     t3, tp, s5
core   0: 3 0x80005204 (0x01524e33) x28 0x80024d6a
core   0: 0x80005208 (0x01321fb3) sll     t6, tp, s3
core   0: 3 0x80005208 (0x01321fb3) x31 0x00000002
core   0: 0x8000520c (0x27fbb013) sltiu   zero, s7, 639
core   0: 3 0x8000520c (0x27fbb013)
core   0: 0x80005210 (0x12cf8393) addi    t2, t6, 300
core   0: 3 0x80005210 (0x12cf8393) x 7 0x0000012e
core   0: 0x80005214 (0x40f9d613) srai    a2, s3, 15
core   0: 3 0x80005214 (0x40f9d613) x12 0x00000000
core   0: 0x80005218 (0xfce490e3) bne     s1, a4, pc - 64
core   0: 3 0x80005218 (0xfce490e3)
core   0: 0x800051d8 (0x00e46d17) auipc   s10, 0xe46
core   0: 3 0x800051d8 (0x00e46d17) x26 0x80e4b1d8
core   0: 0x800051dc (0x40695433) sra     s0, s2, t1
core   0: 3 0x800051dc (0x40695433) x 8 0x00000000
core   0: 0x800051e0 (0x007b9433) sll     s0, s7, t2
core   0: 3 0x800051e0 (0x007b9433) x 8 0x00030000
core   0: 0x800051e4 (0x01e1b9b3) sltu    s3, gp, t5
core   0: 3 0x800051e4 (0x01e1b9b3) x19 0x00000001
core   0: 0x800051e8 (0xda8b1117) auipc   sp, 0xda8b1
core   0: 3 0x800051e8 (0xda8b1117) x 2 0x5a8b61e8
core   0: 0x800051ec (0x01dc61b3) or      gp, s8, t4
core   0: 3 0x800051ec (0x01dc61b3) x 3 0xffffffff
core   0: 0x800051f0 (0x410ed193) srai    gp, t4, 16
core   0: 3 0x800051f0 (0x410ed193) x 3 0x00000000
core   0: 0x800051f4 (0xf864f137) lui     sp, 0xf864f
core   0: 3 0x800051f4 (0xf864f137) x 2 0xf864f000
core   0: 0x800051f8 (0x00148493) addi    s1, s1, 1
core   0: 3 0x800051f8 (0x00148493) x 9 0x0000000e
core   0: 0x800051fc (0x4b83f093) andi    ra, t2, 1208
core   0: 3 0x800051fc (0x4b83f093) x 1 0x00000028
core   0: 0x80005200 (0x0ff0000f) fence   iorw,iorw
core   0: 3 0x80005200 (0x0ff0000f)
core   0: 0x80005204 (0x01524e33) xor     t3, tp, s5
core   0: 3 0x80005204 (0x01524e33) x28 0x80024d6a
core   0: 0x80005208 (0x01321fb3) sll     t6, tp, s3
core   0: 3 0x80005208 (0x01321fb3) x31 0x00000002
core   0: 0x8000520c (0x27fbb013) sltiu   zero, s7, 639
core   0: 3 0x8000520c (0x27fbb013)
core   0: 0x80005210 (0x12cf8393) addi    t2, t6, 300
core   0: 3 0x80005210 (0x12cf8393) x 7 0x0000012e
core   0: 0x80005214 (0x40f9d613) srai    a2, s3, 15
core   0: 3 0x80005214 (0x40f9d613) x12 0x00000000
core   0: 0x80005218 (0xfce490e3) bne     s1, a4, pc - 64
core   0: 3 0x80005218 (0xfce490e3)
core   0: 0x800051d8 (0x00e46d17) auipc   s10, 0xe46
core   0: 3 0x800051d8 (0x00e46d17) x26 0x80e4b1d8
core   0: 0x800051dc (0x40695433) sra     s0, s2, t1
core   0: 3 0x800051dc (0x40695433) x 8 0x00000000
core   0: 0x800051e0 (0x007b9433) sll     s0, s7, t2
core   0: 3 0x800051e0 (0x007b9433) x 8 0x00030000
core   0: 0x800051e4 (0x01e1b9b3) sltu    s3, gp, t5
core   0: 3 0x800051e4 (0x01e1b9b3) x19 0x00000001
core   0: 0x800051e8 (0xda8b1117) auipc   sp, 0xda8b1
core   0: 3 0x800051e8 (0xda8b1117) x 2 0x5a8b61e8
core   0: 0x800051ec (0x01dc61b3) or      gp, s8, t4
core   0: 3 0x800051ec (0x01dc61b3) x 3 0xffffffff
core   0: 0x800051f0 (0x410ed193) srai    gp, t4, 16
core   0: 3 0x800051f0 (0x410ed193) x 3 0x00000000
core   0: 0x800051f4 (0xf864f137) lui     sp, 0xf864f
core   0: 3 0x800051f4 (0xf864f137) x 2 0xf864f000
core   0: 0x800051f8 (0x00148493) addi    s1, s1, 1
core   0: 3 0x800051f8 (0x00148493) x 9 0x0000000f
core   0: 0x800051fc (0x4b83f093) andi    ra, t2, 1208
core   0: 3 0x800051fc (0x4b83f093) x 1 0x00000028
core   0: 0x80005200 (0x0ff0000f) fence   iorw,iorw
core   0: 3 0x80005200 (0x0ff0000f)
core   0: 0x80005204 (0x01524e33) xor     t3, tp, s5
core   0: 3 0x80005204 (0x01524e33) x28 0x80024d6a
core   0: 0x80005208 (0x01321fb3) sll     t6, tp, s3
core   0: 3 0x80005208 (0x01321fb3) x31 0x00000002
core   0: 0x8000520c (0x27fbb013) sltiu   zero, s7, 639
core   0: 3 0x8000520c (0x27fbb013)
core   0: 0x80005210 (0x12cf8393) addi    t2, t6, 300
core   0: 3 0x80005210 (0x12cf8393) x 7 0x0000012e
core   0: 0x80005214 (0x40f9d613) srai    a2, s3, 15
core   0: 3 0x80005214 (0x40f9d613) x12 0x00000000
core   0: 0x80005218 (0xfce490e3) bne     s1, a4, pc - 64
core   0: 3 0x80005218 (0xfce490e3)
core   0: 0x800051d8 (0x00e46d17) auipc   s10, 0xe46
core   0: 3 0x800051d8 (0x00e46d17) x26 0x80e4b1d8
core   0: 0x800051dc (0x40695433) sra     s0, s2, t1
core   0: 3 0x800051dc (0x40695433) x 8 0x00000000
core   0: 0x800051e0 (0x007b9433) sll     s0, s7, t2
core   0: 3 0x800051e0 (0x007b9433) x 8 0x00030000
core   0: 0x800051e4 (0x01e1b9b3) sltu    s3, gp, t5
core   0: 3 0x800051e4 (0x01e1b9b3) x19 0x00000001
core   0: 0x800051e8 (0xda8b1117) auipc   sp, 0xda8b1
core   0: 3 0x800051e8 (0xda8b1117) x 2 0x5a8b61e8
core   0: 0x800051ec (0x01dc61b3) or      gp, s8, t4
core   0: 3 0x800051ec (0x01dc61b3) x 3 0xffffffff
core   0: 0x800051f0 (0x410ed193) srai    gp, t4, 16
core   0: 3 0x800051f0 (0x410ed193) x 3 0x00000000
core   0: 0x800051f4 (0xf864f137) lui     sp, 0xf864f
core   0: 3 0x800051f4 (0xf864f137) x 2 0xf864f000
core   0: 0x800051f8 (0x00148493) addi    s1, s1, 1
core   0: 3 0x800051f8 (0x00148493) x 9 0x00000010
core   0: 0x800051fc (0x4b83f093) andi    ra, t2, 1208
core   0: 3 0x800051fc (0x4b83f093) x 1 0x00000028
core   0: 0x80005200 (0x0ff0000f) fence   iorw,iorw
core   0: 3 0x80005200 (0x0ff0000f)
core   0: 0x80005204 (0x01524e33) xor     t3, tp, s5
core   0: 3 0x80005204 (0x01524e33) x28 0x80024d6a
core   0: 0x80005208 (0x01321fb3) sll     t6, tp, s3
core   0: 3 0x80005208 (0x01321fb3) x31 0x00000002
core   0: 0x8000520c (0x27fbb013) sltiu   zero, s7, 639
core   0: 3 0x8000520c (0x27fbb013)
core   0: 0x80005210 (0x12cf8393) addi    t2, t6, 300
core   0: 3 0x80005210 (0x12cf8393) x 7 0x0000012e
core   0: 0x80005214 (0x40f9d613) srai    a2, s3, 15
core   0: 3 0x80005214 (0x40f9d613) x12 0x00000000
core   0: 0x80005218 (0xfce490e3) bne     s1, a4, pc - 64
core   0: 3 0x80005218 (0xfce490e3)
core   0: 0x8000521c (0x01679033) sll     zero, a5, s6
core   0: 3 0x8000521c (0x01679033)
core   0: 0x80005220 (0xff700b13) li      s6, -9
core   0: 3 0x80005220 (0xff700b13) x22 0xfffffff7
core   0: 0x80005224 (0x6e55f313) andi    t1, a1, 1765
core   0: 3 0x80005224 (0x6e55f313) x 6 0x00000000
core   0: 0x80005228 (0xdafec0b7) lui     ra, 0xdafec
core   0: 3 0x80005228 (0xdafec0b7) x 1 0xdafec000
core   0: 0x8000522c (0xfec00913) li      s2, -20
core   0: 3 0x8000522c (0xfec00913) x18 0xffffffec
core   0: 0x80005230 (0x41b68533) sub     a0, a3, s11
core   0: 3 0x80005230 (0x41b68533) x10 0x00000002
core   0: 0x80005234 (0xff7b0b13) addi    s6, s6, -9
core   0: 3 0x80005234 (0xff7b0b13) x22 0xffffffee
core   0: 0x80005238 (0x41295213) srai    tp, s2, 18
core   0: 3 0x80005238 (0x41295213) x 4 0xffffffff
core   0: 0x8000523c (0x00b5ca33) xor     s4, a1, a1
core   0: 3 0x8000523c (0x00b5ca33) x20 0x00000000
core   0: 0x80005240 (0x40e25f33) sra     t5, tp, a4
core   0: 3 0x80005240 (0x40e25f33) x30 0xffffffff
core   0: 0x80005244 (0x6c1b4113) xori    sp, s6, 1729
core   0: 3 0x80005244 (0x6c1b4113) x 2 0xfffff92f
core   0: 0x80005248 (0x62e96537) lui     a0, 0x62e96
core   0: 3 0x80005248 (0x62e96537) x10 0x62e96000
core   0: 0x8000524c (0x00000013) nop
core   0: 3 0x8000524c (0x00000013)
core   0: 0x80005250 (0xffa00293) li      t0, -6
core   0: 3 0x80005250 (0xffa00293) x 5 0xfffffffa
core   0: 0x80005254 (0x01200593) li      a1, 18
core   0: 3 0x80005254 (0x01200593) x11 0x00000012
core   0: 0x80005258 (0x01d1ca33) xor     s4, gp, t4
core   0: 3 0x80005258 (0x01d1ca33) x20 0x00000000
core   0: 0x8000525c (0xbf88c513) xori    a0, a7, -1032
core   0: 3 0x8000525c (0xbf88c513) x10 0x7ffd771c
core   0: 0x80005260 (0x08670113) addi    sp, a4, 134
core   0: 3 0x80005260 (0x08670113) x 2 0x00000096
core   0: 0x80005264 (0x0108d533) srl     a0, a7, a6
core   0: 3 0x80005264 (0x0108d533) x10 0x80028ce4
core   0: 0x80005268 (0x419ad413) srai    s0, s5, 25
core   0: 3 0x80005268 (0x419ad413) x 8 0xffffffc0
core   0: 0x8000526c (0x00928293) addi    t0, t0, 9
core   0: 3 0x8000526c (0x00928293) x 5 0x00000003
core   0: 0x80005270 (0xfeb2c8e3) blt     t0, a1, pc - 16
core   0: 3 0x80005270 (0xfeb2c8e3)
core   0: 0x80005260 (0x08670113) addi    sp, a4, 134
core   0: 3 0x80005260 (0x08670113) x 2 0x00000096
core   0: 0x80005264 (0x0108d533) srl     a0, a7, a6
core   0: 3 0x80005264 (0x0108d533) x10 0x80028ce4
core   0: 0x80005268 (0x419ad413) srai    s0, s5, 25
core   0: 3 0x80005268 (0x419ad413) x 8 0xffffffc0
core   0: 0x8000526c (0x00928293) addi    t0, t0, 9
core   0: 3 0x8000526c (0x00928293) x 5 0x0000000c
core   0: 0x80005270 (0xfeb2c8e3) blt     t0, a1, pc - 16
core   0: 3 0x80005270 (0xfeb2c8e3)
core   0: 0x80005260 (0x08670113) addi    sp, a4, 134
core   0: 3 0x80005260 (0x08670113) x 2 0x00000096
core   0: 0x80005264 (0x0108d533) srl     a0, a7, a6
core   0: 3 0x80005264 (0x0108d533) x10 0x80028ce4
core   0: 0x80005268 (0x419ad413) srai    s0, s5, 25
core   0: 3 0x80005268 (0x419ad413) x 8 0xffffffc0
core   0: 0x8000526c (0x00928293) addi    t0, t0, 9
core   0: 3 0x8000526c (0x00928293) x 5 0x00000015
core   0: 0x80005270 (0xfeb2c8e3) blt     t0, a1, pc - 16
core   0: 3 0x80005270 (0xfeb2c8e3)
core   0: 0x80005274 (0x36722493) slti    s1, tp, 871
core   0: 3 0x80005274 (0x36722493) x 9 0x00000001
core   0: 0x80005278 (0xfb2b5ce3) bge     s6, s2, pc - 72
core   0: 3 0x80005278 (0xfb2b5ce3)
core   0: 0x80005230 (0x41b68533) sub     a0, a3, s11
core   0: 3 0x80005230 (0x41b68533) x10 0x00000002
core   0: 0x80005234 (0xff7b0b13) addi    s6, s6, -9
core   0: 3 0x80005234 (0xff7b0b13) x22 0xffffffe5
core   0: 0x80005238 (0x41295213) srai    tp, s2, 18
core   0: 3 0x80005238 (0x41295213) x 4 0xffffffff
core   0: 0x8000523c (0x00b5ca33) xor     s4, a1, a1
core   0: 3 0x8000523c (0x00b5ca33) x20 0x00000000
core   0: 0x80005240 (0x40e25f33) sra     t5, tp, a4
core   0: 3 0x80005240 (0x40e25f33) x30 0xffffffff
core   0: 0x80005244 (0x6c1b4113) xori    sp, s6, 1729
core   0: 3 0x80005244 (0x6c1b4113) x 2 0xfffff924
core   0: 0x80005248 (0x62e96537) lui     a0, 0x62e96
core   0: 3 0x80005248 (0x62e96537) x10 0x62e96000
core   0: 0x8000524c (0x00000013) nop
core   0: 3 0x8000524c (0x00000013)
core   0: 0x80005250 (0xffa00293) li      t0, -6
core   0: 3 0x80005250 (0xffa00293) x 5 0xfffffffa
core   0: 0x80005254 (0x01200593) li      a1, 18
core   0: 3 0x80005254 (0x01200593) x11 0x00000012
core   0: 0x80005258 (0x01d1ca33) xor     s4, gp, t4
core   0: 3 0x80005258 (0x01d1ca33) x20 0x00000000
core   0: 0x8000525c (0xbf88c513) xori    a0, a7, -1032
core   0: 3 0x8000525c (0xbf88c513) x10 0x7ffd771c
core   0: 0x80005260 (0x08670113) addi    sp, a4, 134
core   0: 3 0x80005260 (0x08670113) x 2 0x00000096
core   0: 0x80005264 (0x0108d533) srl     a0, a7, a6
core   0: 3 0x80005264 (0x0108d533) x10 0x80028ce4
core   0: 0x80005268 (0x419ad413) srai    s0, s5, 25
core   0: 3 0x80005268 (0x419ad413) x 8 0xffffffc0
core   0: 0x8000526c (0x00928293) addi    t0, t0, 9
core   0: 3 0x8000526c (0x00928293) x 5 0x00000003
core   0: 0x80005270 (0xfeb2c8e3) blt     t0, a1, pc - 16
core   0: 3 0x80005270 (0xfeb2c8e3)
core   0: 0x80005260 (0x08670113) addi    sp, a4, 134
core   0: 3 0x80005260 (0x08670113) x 2 0x00000096
core   0: 0x80005264 (0x0108d533) srl     a0, a7, a6
core   0: 3 0x80005264 (0x0108d533) x10 0x80028ce4
core   0: 0x80005268 (0x419ad413) srai    s0, s5, 25
core   0: 3 0x80005268 (0x419ad413) x 8 0xffffffc0
core   0: 0x8000526c (0x00928293) addi    t0, t0, 9
core   0: 3 0x8000526c (0x00928293) x 5 0x0000000c
core   0: 0x80005270 (0xfeb2c8e3) blt     t0, a1, pc - 16
core   0: 3 0x80005270 (0xfeb2c8e3)
core   0: 0x80005260 (0x08670113) addi    sp, a4, 134
core   0: 3 0x80005260 (0x08670113) x 2 0x00000096
core   0: 0x80005264 (0x0108d533) srl     a0, a7, a6
core   0: 3 0x80005264 (0x0108d533) x10 0x80028ce4
core   0: 0x80005268 (0x419ad413) srai    s0, s5, 25
core   0: 3 0x80005268 (0x419ad413) x 8 0xffffffc0
core   0: 0x8000526c (0x00928293) addi    t0, t0, 9
core   0: 3 0x8000526c (0x00928293) x 5 0x00000015
core   0: 0x80005270 (0xfeb2c8e3) blt     t0, a1, pc - 16
core   0: 3 0x80005270 (0xfeb2c8e3)
core   0: 0x80005274 (0x36722493) slti    s1, tp, 871
core   0: 3 0x80005274 (0x36722493) x 9 0x00000001
core   0: 0x80005278 (0xfb2b5ce3) bge     s6, s2, pc - 72
core   0: 3 0x80005278 (0xfb2b5ce3)
core   0: 0x8000527c (0x9113e613) ori     a2, t2, -1775
core   0: 3 0x8000527c (0x9113e613) x12 0xfffff93f
core   0: 0x80005280 (0x00800593) li      a1, 8
core   0: 3 0x80005280 (0x00800593) x11 0x00000008
core   0: 0x80005284 (0x00f00613) li      a2, 15
core   0: 3 0x80005284 (0x00f00613) x12 0x0000000f
core   0: 0x80005288 (0x5e987e93) andi    t4, a6, 1513
core   0: 3 0x80005288 (0x5e987e93) x29 0x00000000
core   0: 0x8000528c (0x00d3b233) sltu    tp, t2, a3
core   0: 3 0x8000528c (0x00d3b233) x 4 0x00000000
core   0: 0x80005290 (0x0ff0000f) fence   iorw,iorw
core   0: 3 0x80005290 (0x0ff0000f)
core   0: 0x80005294 (0x00158593) addi    a1, a1, 1
core   0: 3 0x80005294 (0x00158593) x11 0x00000009
core   0: 0x80005298 (0x00100093) li      ra, 1
core   0: 3 0x80005298 (0x00100093) x 1 0x00000001
core   0: 0x8000529c (0xe5244d13) xori    s10, s0, -430
core   0: 3 0x8000529c (0xe5244d13) x26 0x00000192
core   0: 0x800052a0 (0xff800c13) li      s8, -8
core   0: 3 0x800052a0 (0xff800c13) x24 0xfffffff8
core   0: 0x800052a4 (0x24d95697) auipc   a3, 0x24d95
core   0: 3 0x800052a4 (0x24d95697) x13 0xa4d9a2a4
core   0: 0x800052a8 (0xffb08093) addi    ra, ra, -5
core   0: 3 0x800052a8 (0xffb08093) x 1 0xfffffffc
core   0: 0x800052ac (0xff80dce3) bge     ra, s8, pc - 8
core   0: 3 0x800052ac (0xff80dce3)
core   0: 0x800052a4 (0x24d95697) auipc   a3, 0x24d95
core   0: 3 0x800052a4 (0x24d95697) x13 0xa4d9a2a4
core   0: 0x800052a8 (0xffb08093) addi    ra, ra, -5
core   0: 3 0x800052a8 (0xffb08093) x 1 0xfffffff7
core   0: 0x800052ac (0xff80dce3) bge     ra, s8, pc - 8
core   0: 3 0x800052ac (0xff80dce3)
core   0: 0x800052b0 (0xfcc58ee3) beq     a1, a2, pc - 36
core   0: 3 0x800052b0 (0xfcc58ee3)
core   0: 0x800052b4 (0x40db83b3) sub     t2, s7, a3
core   0: 3 0x800052b4 (0x40db83b3) x 7 0x5b265d68
core   0: 0x800052b8 (0x0360e063) bltu    ra, s6, pc + 32
core   0: 3 0x800052b8 (0x0360e063)
core   0: 0x800052bc (0x41dad333) sra     t1, s5, t4
core   0: 3 0x800052bc (0x41dad333) x 6 0x80024d6b
core   0: 0x800052c0 (0x01d55193) srli    gp, a0, 29
core   0: 3 0x800052c0 (0x01d55193) x 3 0x00000004
core   0: 0x800052c4 (0x7e652393) slti    t2, a0, 2022
core   0: 3 0x800052c4 (0x7e652393) x 7 0x00000001
core   0: 0x800052c8 (0x019ebb33) sltu    s6, t4, s9
core   0: 3 0x800052c8 (0x019ebb33) x22 0x00000001
core   0: 0x800052cc (0xe3e2af13) slti    t5, t0, -450
core   0: 3 0x800052cc (0xe3e2af13) x30 0x00000000
core   0: 0x800052d0 (0x01e97863) bgeu    s2, t5, pc + 16
core   0: 3 0x800052d0 (0x01e97863)
core   0: 0x800052e0 (0x28b60713) addi    a4, a2, 651
core   0: 3 0x800052e0 (0x28b60713) x14 0x0000029a
core   0: 0x800052e4 (0x00e53733) sltu    a4, a0, a4
core   0: 3 0x800052e4 (0x00e53733) x14 0x00000000
core   0: 0x800052e8 (0xe183ea13) ori     s4, t2, -488
core   0: 3 0x800052e8 (0xe183ea13) x20 0xfffffe19
core   0: 0x800052ec (0x0ff0000f) fence   iorw,iorw
core   0: 3 0x800052ec (0x0ff0000f)
core   0: 0x800052f0 (0x0000100f) fence.i
core   0: 3 0x800052f0 (0x0000100f)
core   0: 0x800052f4 (0x0000100f) fence.i
core   0: 3 0x800052f4 (0x0000100f)
core   0: 0x800052f8 (0x022a7863) bgeu    s4, sp, pc + 48
core   0: 3 0x800052f8 (0x022a7863)
core   0: 0x80005328 (0x00975633) srl     a2, a4, s1
core   0: 3 0x80005328 (0x00975633) x12 0x00000000
core   0: 0x8000532c (0x04780463) beq     a6, t2, pc + 72
core   0: 3 0x8000532c (0x04780463)
core   0: 0x80005330 (0x8333f013) andi    zero, t2, -1997
core   0: 3 0x80005330 (0x8333f013)
core   0: 0x80005334 (0x0562e663) bltu    t0, s6, pc + 76
core   0: 3 0x80005334 (0x0562e663)
core   0: 0x80005338 (0x033d7c63) bgeu    s10, s3, pc + 56
core   0: 3 0x80005338 (0x033d7c63)
core   0: 0x80005370 (0x62947a93) andi    s5, s0, 1577
core   0: 3 0x80005370 (0x62947a93) x21 0x00000600
core   0: 0x80005374 (0xe6ec8b13) addi    s6, s9, -402
core   0: 3 0x80005374 (0xe6ec8b13) x22 0xe0a66032
core   0: 0x80005378 (0xd93c2413) slti    s0, s8, -621
core   0: 3 0x80005378 (0xd93c2413) x 8 0x00000000
core   0: 0x8000537c (0x00f41213) slli    tp, s0, 15
core   0: 3 0x8000537c (0x00f41213) x 4 0x00000000
core   0: 0x80005380 (0x00755263) bge     a0, t2, pc + 4
core   0: 3 0x80005380 (0x00755263)
core   0: 0x80005384 (0x43f16413) ori     s0, sp, 1087
core   0: 3 0x80005384 (0x43f16413) x 8 0x000004bf
core   0: 0x80005388 (0x0c2b6b13) ori     s6, s6, 194
core   0: 3 0x80005388 (0x0c2b6b13) x22 0xe0a660f2
core   0: 0x8000538c (0x056dc463) blt     s11, s6, pc + 72
core   0: 3 0x8000538c (0x056dc463)
core   0: 0x80005390 (0x5ac16c93) ori     s9, sp, 1452
core   0: 3 0x80005390 (0x5ac16c93) x25 0x000005be
core   0: 0x80005394 (0x6faf0e37) lui     t3, 0x6faf0
core   0: 3 0x80005394 (0x6faf0e37) x28 0x6faf0000
core   0: 0x80005398 (0x01a9cdb3) xor     s11, s3, s10
core   0: 3 0x80005398 (0x01a9cdb3) x27 0x00000193
core   0: 0x8000539c (0x01e95033) srl     zero, s2, t5
core   0: 3 0x8000539c (0x01e95033)
core   0: 0x800053a0 (0x927f2f13) slti    t5, t5, -1753
core   0: 3 0x800053a0 (0x927f2f13) x30 0x00000000
core   0: 0x800053a4 (0x005636b3) sltu    a3, a2, t0
core   0: 3 0x800053a4 (0x005636b3) x13 0x00000001
core   0: 0x800053a8 (0x059f8663) beq     t6, s9, pc + 76
core   0: 3 0x800053a8 (0x059f8663)
core   0: 0x800053ac (0x26f7b0b7) lui     ra, 0x26f7b
core   0: 3 0x800053ac (0x26f7b0b7) x 1 0x26f7b000
core   0: 0x800053b0 (0xd0b76413) ori     s0, a4, -757
core   0: 3 0x800053b0 (0xd0b76413) x 8 0xfffffd0b
core   0: 0x800053b4 (0x00afee63) bltu    t6, a0, pc + 28
core   0: 3 0x800053b4 (0x00afee63)
core   0: 0x800053d0 (0x018a81b3) add     gp, s5, s8
core   0: 3 0x800053d0 (0x018a81b3) x 3 0x000005f8
core   0: 0x800053d4 (0xebda7f13) andi    t5, s4, -323
core   0: 3 0x800053d4 (0xebda7f13) x30 0xfffffe19
core   0: 0x800053d8 (0x057f9463) bne     t6, s7, pc + 72
core   0: 3 0x800053d8 (0x057f9463)
core   0: 0x80005420 (0x040d1463) bnez    s10, pc + 72
core   0: 3 0x80005420 (0x040d1463)
core   0: 0x80005468 (0x0446de63) bge     a3, tp, pc + 92
core   0: 3 0x80005468 (0x0446de63)
core   0: 0x800054c4 (0xa5eb0713) addi    a4, s6, -1442
core   0: 3 0x800054c4 (0xa5eb0713) x14 0xe0a65b50
core   0: 0x800054c8 (0x00c160b3) or      ra, sp, a2
core   0: 3 0x800054c8 (0x00c160b3) x 1 0x00000096
core   0: 0x800054cc (0x00fd4ab3) xor     s5, s10, a5
core   0: 3 0x800054cc (0x00fd4ab3) x21 0x80024f96
core   0: 0x800054d0 (0x016f1e93) slli    t4, t5, 22
core   0: 3 0x800054d0 (0x016f1e93) x29 0x86400000
core   0: 0x800054d4 (0x631ac193) xori    gp, s5, 1585
core   0: 3 0x800054d4 (0x631ac193) x 3 0x800249a7
core   0: 0x800054d8 (0x006a1493) slli    s1, s4, 6
core   0: 3 0x800054d8 (0x006a1493) x 9 0xffff8640
core   0: 0x800054dc (0x00c069b3) or      s3, zero, a2
core   0: 3 0x800054dc (0x00c069b3) x19 0x00000000
core   0: 0x800054e0 (0x407c53b3) sra     t2, s8, t2
core   0: 3 0x800054e0 (0x407c53b3) x 7 0xfffffffc
core   0: 0x800054e4 (0x012ead33) slt     s10, t4, s2
core   0: 3 0x800054e4 (0x012ead33) x26 0x00000001
core   0: 0x800054e8 (0x006fdb13) srli    s6, t6, 6
core   0: 3 0x800054e8 (0x006fdb13) x22 0x00000000
core   0: 0x800054ec (0x01f1e263) bltu    gp, t6, pc + 4
core   0: 3 0x800054ec (0x01f1e263)
core   0: 0x800054f0 (0x00293db3) sltu    s11, s2, sp
core   0: 3 0x800054f0 (0x00293db3) x27 0x00000000
core   0: 0x800054f4 (0x0107d393) srli    t2, a5, 16
core   0: 3 0x800054f4 (0x0107d393) x 7 0x00008002
core   0: 0x800054f8 (0x016b7c63) bgeu    s6, s6, pc + 24
core   0: 3 0x800054f8 (0x016b7c63)
core   0: 0x80005510 (0x02585863) bge     a6, t0, pc + 48
core   0: 3 0x80005510 (0x02585863)
core   0: 0x80005514 (0x010a5713) srli    a4, s4, 16
core   0: 3 0x80005514 (0x010a5713) x14 0x0000ffff
core   0: 0x80005518 (0x002e0733) add     a4, t3, sp
core   0: 3 0x80005518 (0x002e0733) x14 0x6faf0096
core   0: 0x8000551c (0x0128da33) srl     s4, a7, s2
core   0: 3 0x8000551c (0x0128da33) x20 0x00080028
core   0: 0x80005520 (0x0321ec63) bltu    gp, s2, pc + 56
core   0: 3 0x80005520 (0x0321ec63)
core   0: 0x80005558 (0x04e57663) bgeu    a0, a4, pc + 76
core   0: 3 0x80005558 (0x04e57663)
core   0: 0x800055a4 (0x2939bc13) sltiu   s8, s3, 659
core   0: 3 0x800055a4 (0x2939bc13) x24 0x00000001
core   0: 0x800055a8 (0x38862413) slti    s0, a2, 904
core   0: 3 0x800055a8 (0x38862413) x 8 0x00000001
core   0: 0x800055ac (0x00600713) li      a4, 6
core   0: 3 0x800055ac (0x00600713) x14 0x00000006
core   0: 0x800055b0 (0x0000100f) fence.i
core   0: 3 0x800055b0 (0x0000100f)
core   0: 0x800055b4 (0x00a00b93) li      s7, 10
core   0: 3 0x800055b4 (0x00a00b93) x23 0x0000000a
core   0: 0x800055b8 (0x7230aa93) slti    s5, ra, 1827
core   0: 3 0x800055b8 (0x7230aa93) x21 0x00000001
core   0: 0x800055bc (0x01f1e2b3) or      t0, gp, t6
core   0: 3 0x800055bc (0x01f1e2b3) x 5 0x800249a7
core   0: 0x800055c0 (0x95c7af17) auipc   t5, 0x95c7a
core   0: 3 0x800055c0 (0x95c7af17) x30 0x15c7f5c0
core   0: 0x800055c4 (0x01cd34b3) sltu    s1, s10, t3
core   0: 3 0x800055c4 (0x01cd34b3) x 9 0x00000001
core   0: 0x800055c8 (0x1bda0393) addi    t2, s4, 445
core   0: 3 0x800055c8 (0x1bda0393) x 7 0x000801e5
core   0: 0x800055cc (0x005bcf33) xor     t5, s7, t0
core   0: 3 0x800055cc (0x005bcf33) x30 0x800249ad
core   0: 0x800055d0 (0x41c08333) sub     t1, ra, t3
core   0: 3 0x800055d0 (0x41c08333) x 6 0x90510096
core   0: 0x800055d4 (0x00f559b3) srl     s3, a0, a5
core   0: 3 0x800055d4 (0x00f559b3) x19 0x080028ce
core   0: 0x800055d8 (0x00000013) nop
core   0: 3 0x800055d8 (0x00000013)
core   0: 0x800055dc (0x90217eb7) lui     t4, 0x90217
core   0: 3 0x800055dc (0x90217eb7) x29 0x90217000
core   0: 0x800055e0 (0x00a70713) addi    a4, a4, 10
core   0: 3 0x800055e0 (0x00a70713) x14 0x00000010
core   0: 0x800055e4 (0x00ddcfb3) xor     t6, s11, a3
core   0: 3 0x800055e4 (0x00ddcfb3) x31 0x00000001
core   0: 0x800055e8 (0x004e3633) sltu    a2, t3, tp
core   0: 3 0x800055e8 (0x004e3633) x12 0x00000000
core   0: 0x800055ec (0x406589b3) sub     s3, a1, t1
core   0: 3 0x800055ec (0x406589b3) x19 0x6faeff73
core   0: 0x800055f0 (0xff900593) li      a1, -7
core   0: 3 0x800055f0 (0xff900593) x11 0xfffffff9
core   0: 0x800055f4 (0x00246ab3) or      s5, s0, sp
core   0: 3 0x800055f4 (0x00246ab3) x21 0x00000097
core   0: 0x800055f8 (0x00046e13) ori     t3, s0, 0
core   0: 3 0x800055f8 (0x00046e13) x28 0x00000001
core   0: 0x800055fc (0x011b1133) sll     sp, s6, a7
core   0: 3 0x800055fc (0x011b1133) x 2 0x00000000
core   0: 0x80005600 (0x0c7e10b7) lui     ra, 0xc7e1
core   0: 3 0x80005600 (0x0c7e10b7) x 1 0x0c7e1000
core   0: 0x80005604 (0xea9e8513) addi    a0, t4, -343
core   0: 3 0x80005604 (0xea9e8513) x10 0x90216ea9
core   0: 0x80005608 (0x015c21b3) slt     gp, s8, s5
core   0: 3 0x80005608 (0x015c21b3) x 3 0x00000001
core   0: 0x8000560c (0x01a2d393) srli    t2, t0, 26
core   0: 3 0x8000560c (0x01a2d393) x 7 0x00000020
core   0: 0x80005610 (0xff200913) li      s2, -14
core   0: 3 0x80005610 (0xff200913) x18 0xfffffff2
core   0: 0x80005614 (0x013709b3) add     s3, a4, s3
core   0: 3 0x80005614 (0x013709b3) x19 0x6faeff83
core   0: 0x80005618 (0xa0c18197) auipc   gp, 0xa0c18
core   0: 3 0x80005618 (0xa0c18197) x 3 0x20c1d618
core   0: 0x8000561c (0x0ff0000f) fence   iorw,iorw
core   0: 3 0x8000561c (0x0ff0000f)
core   0: 0x80005620 (0xff958593) addi    a1, a1, -7
core   0: 3 0x80005620 (0xff958593) x11 0xfffffff2
core   0: 0x80005624 (0x00000013) nop
core   0: 3 0x80005624 (0x00000013)
core   0: 0x80005628 (0xff2598e3) bne     a1, s2, pc - 16
core   0: 3 0x80005628 (0xff2598e3)
core   0: 0x8000562c (0xf9774ae3) blt     a4, s7, pc - 108
core   0: 3 0x8000562c (0xf9774ae3)
core   0: 0x80005630 (0x0ff0000f) fence   iorw,iorw
core   0: 3 0x80005630 (0x0ff0000f)
core   0: 0x80005634 (0x01e35863) bge     t1, t5, pc + 16
core   0: 3 0x80005634 (0x01e35863)
core   0: 0x80005644 (0x402f02b3) sub     t0, t5, sp
core   0: 3 0x80005644 (0x402f02b3) x 5 0x800249ad
core   0: 0x80005648 (0x9f348e13) addi    t3, s1, -1549
core   0: 3 0x80005648 (0x9f348e13) x28 0xfffff9f4
core   0: 0x8000564c (0x01366bb3) or      s7, a2, s3
core   0: 3 0x8000564c (0x01366bb3) x23 0x6faeff83
core   0: 0x80005650 (0x03038397) auipc   t2, 0x3038
core   0: 3 0x80005650 (0x03038397) x 7 0x8303d650
core   0: 0x80005654 (0x0000100f) fence.i
core   0: 3 0x80005654 (0x0000100f)
core   0: 0x80005658 (0x0dd0f613) andi    a2, ra, 221
core   0: 3 0x80005658 (0x0dd0f613) x12 0x00000000
core   0: 0x8000565c (0x002416b3) sll     a3, s0, sp
core   0: 3 0x8000565c (0x002416b3) x13 0x00000001
core   0: 0x80005660 (0x012b5113) srli    sp, s6, 18
core   0: 3 0x80005660 (0x012b5113) x 2 0x00000000
core   0: 0x80005664 (0x00174263) blt     a4, ra, pc + 4
core   0: 3 0x80005664 (0x00174263)
core   0: 0x80005668 (0xffd84e13) xori    t3, a6, -3
core   0: 3 0x80005668 (0xffd84e13) x28 0x7ffffffd
core   0: 0x8000566c (0x00e39613) slli    a2, t2, 14
core   0: 3 0x8000566c (0x00e39613) x12 0xf5940000
core   0: 0x80005670 (0x6c72de37) lui     t3, 0x6c72d
core   0: 3 0x80005670 (0x6c72de37) x28 0x6c72d000
core   0: 0x80005674 (0xd9ab2113) slti    sp, s6, -614
core   0: 3 0x80005674 (0xd9ab2113) x 2 0x00000000
core   0: 0x80005678 (0x00d88ab3) add     s5, a7, a3
core   0: 3 0x80005678 (0x00d88ab3) x21 0x80028ce5
core   0: 0x8000567c (0x36c0a413) slti    s0, ra, 876
core   0: 3 0x8000567c (0x36c0a413) x 8 0x00000000
core   0: 0x80005680 (0x00047e33) and     t3, s0, zero
core   0: 3 0x80005680 (0x00047e33) x28 0x00000000
core   0: 0x80005684 (0xb0873f13) sltiu   t5, a4, -1272
core   0: 3 0x80005684 (0xb0873f13) x30 0x00000001
core   0: 0x80005688 (0x036ecf93) xori    t6, t4, 54
core   0: 3 0x80005688 (0x036ecf93) x31 0x90217036
core   0: 0x8000568c (0x89f57493) andi    s1, a0, -1889
core   0: 3 0x8000568c (0x89f57493) x 9 0x90216889
core   0: 0x80005690 (0x2bd7ca93) xori    s5, a5, 701
core   0: 3 0x80005690 (0x2bd7ca93) x21 0x80024cb9
core   0: 0x80005694 (0x00270263) beq     a4, sp, pc + 4
core   0: 3 0x80005694 (0x00270263)
core   0: 0x80005698 (0x00000013) nop
core   0: 3 0x80005698 (0x00000013)
core   0: 0x8000569c (0x743dcd13) xori    s10, s11, 1859
core   0: 3 0x8000569c (0x743dcd13) x26 0x00000743
core   0: 0x800056a0 (0x000e90b3) sll     ra, t4, zero
core   0: 3 0x800056a0 (0x000e90b3) x 1 0x90217000
core   0: 0x800056a4 (0x012e7fb3) and     t6, t3, s2
core   0: 3 0x800056a4 (0x012e7fb3) x31 0x00000000
core   0: 0x800056a8 (0x00000013) nop
core   0: 3 0x800056a8 (0x00000013)
core   0: 0x800056ac (0x015b9293) slli    t0, s7, 21
core   0: 3 0x800056ac (0x015b9293) x 5 0xf0600000
core   0: 0x800056b0 (0x06d08a63) beq     ra, a3, pc + 116
core   0: 3 0x800056b0 (0x06d08a63)
core   0: 0x800056b4 (0x41a40f33) sub     t5, s0, s10
core   0: 3 0x800056b4 (0x41a40f33) x30 0xfffff8bd
core   0: 0x800056b8 (0x0000100f) fence.i
core   0: 3 0x800056b8 (0x0000100f)
core   0: 0x800056bc (0xabbc2e93) slti    t4, s8, -1349
core   0: 3 0x800056bc (0xabbc2e93) x29 0x00000000
core   0: 0x800056c0 (0x04209e63) bne     ra, sp, pc + 92
core   0: 3 0x800056c0 (0x04209e63)
core   0: 0x8000571c (0x01179cb3) sll     s9, a5, a7
core   0: 3 0x8000571c (0x01179cb3) x25 0x0024e040
core   0: 0x80005720 (0x0000100f) fence.i
core   0: 3 0x80005720 (0x0000100f)
core   0: 0x80005724 (0x00f14233) xor     tp, sp, a5
core   0: 3 0x80005724 (0x00f14233) x 4 0x80024e04
core   0: 0x80005728 (0x41b9d933) sra     s2, s3, s11
core   0: 3 0x80005728 (0x41b9d933) x18 0x6faeff83
core   0: 0x8000572c (0x04717463) bgeu    sp, t2, pc + 72
core   0: 3 0x8000572c (0x04717463)
core   0: 0x80005730 (0x00000013) nop
core   0: 3 0x80005730 (0x00000013)
core   0: 0x80005734 (0x03fd6863) bltu    s10, t6, pc + 48
core   0: 3 0x80005734 (0x03fd6863)
core   0: 0x80005738 (0xea8a9c37) lui     s8, 0xea8a9
core   0: 3 0x80005738 (0xea8a9c37) x24 0xea8a9000
core   0: 0x8000573c (0x03184c63) blt     a6, a7, pc + 56
core   0: 3 0x8000573c (0x03184c63)
core   0: 0x80005774 (0x00d42b33) slt     s6, s0, a3
core   0: 3 0x80005774 (0x00d42b33) x22 0x00000001
core   0: 0x80005778 (0x0032b3b3) sltu    t2, t0, gp
core   0: 3 0x80005778 (0x0032b3b3) x 7 0x00000000
core   0: 0x8000577c (0x41c15433) sra     s0, sp, t3
core   0: 3 0x8000577c (0x41c15433) x 8 0x00000000
core   0: 0x80005780 (0x0118df93) srli    t6, a7, 17
core   0: 3 0x80005780 (0x0118df93) x31 0x00004001
core   0: 0x80005784 (0x05300663) beq     zero, s3, pc + 76
core   0: 3 0x80005784 (0x05300663)
core   0: 0x80005788 (0x009760b3) or      ra, a4, s1
core   0: 3 0x80005788 (0x009760b3) x 1 0x90216899
core   0: 0x8000578c (0x0ff0000f) fence   iorw,iorw
core   0: 3 0x8000578c (0x0ff0000f)
core   0: 0x80005790 (0x00000013) nop
core   0: 3 0x80005790 (0x00000013)
core   0: 0x80005794 (0x040c4863) bltz    s8, pc + 80
core   0: 3 0x80005794 (0x040c4863)
core   0: 0x800057e4 (0x00c659b3) srl     s3, a2, a2
core   0: 3 0x800057e4 (0x00c659b3) x19 0xf5940000
core   0: 0x800057e8 (0x9f45bc13) sltiu   s8, a1, -1548
core   0: 3 0x800057e8 (0x9f45bc13) x24 0x00000000
core   0: 0x800057ec (0x005fd613) srli    a2, t6, 5
core   0: 3 0x800057ec (0x005fd613) x12 0x00000200
core   0: 0x800057f0 (0x00f84733) xor     a4, a6, a5
core   0: 3 0x800057f0 (0x00f84733) x14 0x00024e04
core   0: 0x800057f4 (0x3d37f213) andi    tp, a5, 979
core   0: 3 0x800057f4 (0x3d37f213) x 4 0x00000200
core   0: 0x800057f8 (0x00551633) sll     a2, a0, t0
core   0: 3 0x800057f8 (0x00551633) x12 0x90216ea9
core   0: 0x800057fc (0x011f72b3) and     t0, t5, a7
core   0: 3 0x800057fc (0x011f72b3) x 5 0x800288a4
core   0: 0x80005800 (0x01b54db3) xor     s11, a0, s11
core   0: 3 0x80005800 (0x01b54db3) x27 0x90216ea9
core   0: 0x80005804 (0x1fb84e17) auipc   t3, 0x1fb84
core   0: 3 0x80005804 (0x1fb84e17) x28 0x9fb89804
core   0: 0x80005808 (0xa9ad7493) andi    s1, s10, -1382
core   0: 3 0x80005808 (0xa9ad7493) x 9 0x00000202
core   0: 0x8000580c (0x006ea033) slt     zero, t4, t1
core   0: 3 0x8000580c (0x006ea033)
core   0: 0x80005810 (0xff897d13) andi    s10, s2, -8
core   0: 3 0x80005810 (0xff897d13) x26 0x6faeff80
core   0: 0x80005814 (0x00000013) nop
core   0: 3 0x80005814 (0x00000013)
core   0: 0x80005818 (0x005e3eb3) sltu    t4, t3, t0
core   0: 3 0x80005818 (0x005e3eb3) x29 0x00000000
core   0: 0x8000581c (0x01a01033) sll     zero, zero, s10
core   0: 3 0x8000581c (0x01a01033)
core   0: 0x80005820 (0x16c36617) auipc   a2, 0x16c36
core   0: 3 0x80005820 (0x16c36617) x12 0x96c3b820
core   0: 0x80005824 (0x02a75e63) bge     a4, a0, pc + 60
core   0: 3 0x80005824 (0x02a75e63)
core   0: 0x80005860 (0x0054d233) srl     tp, s1, t0
core   0: 3 0x80005860 (0x0054d233) x 4 0x00000020
core   0: 0x80005864 (0x00000013) nop
core   0: 3 0x80005864 (0x00000013)
core   0: 0x80005868 (0x89e08313) addi    t1, ra, -1890
core   0: 3 0x80005868 (0x89e08313) x 6 0x90216137
core   0: 0x8000586c (0x40ec55b3) sra     a1, s8, a4
core   0: 3 0x8000586c (0x40ec55b3) x11 0x00000000
core   0: 0x80005870 (0x0250f863) bgeu    ra, t0, pc + 48
core   0: 3 0x80005870 (0x0250f863)
core   0: 0x800058a0 (0xfc392593) slti    a1, s2, -61
core   0: 3 0x800058a0 (0xfc392593) x11 0x00000000
core   0: 0x800058a4 (0xb4227413) andi    s0, tp, -1214
core   0: 3 0x800058a4 (0xb4227413) x 8 0x00000000
core   0: 0x800058a8 (0x0ff0000f) fence   iorw,iorw
core   0: 3 0x800058a8 (0x0ff0000f)
core   0: 0x800058ac (0xea66bc93) sltiu   s9, a3, -346
core   0: 3 0x800058ac (0xea66bc93) x25 0x00000001
core   0: 0x800058b0 (0x009ac5b3) xor     a1, s5, s1
core   0: 3 0x800058b0 (0x009ac5b3) x11 0x80024ebb
core   0: 0x800058b4 (0x01965113) srli    sp, a2, 25
core   0: 3 0x800058b4 (0x01965113) x 2 0x0000004b
core   0: 0x800058b8 (0x14feb413) sltiu   s0, t4, 335
core   0: 3 0x800058b8 (0x14feb413) x 8 0x00000001
core   0: 0x800058bc (0xd4d3fc13) andi    s8, t2, -691
core   0: 3 0x800058bc (0xd4d3fc13) x24 0x00000000
core   0: 0x800058c0 (0x00000013) nop
core   0: 3 0x800058c0 (0x00000013)
core   0: 0x800058c4 (0xb1776193) ori     gp, a4, -1257
core   0: 3 0x800058c4 (0xb1776193) x 3 0xffffff17
core   0: 0x800058c8 (0x01c67db3) and     s11, a2, t3
core   0: 3 0x800058c8 (0x01c67db3) x27 0x96809800
core   0: 0x800058cc (0x22206213) ori     tp, zero, 546
core   0: 3 0x800058cc (0x22206213) x 4 0x00000222
core   0: 0x800058d0 (0x21d83113) sltiu   sp, a6, 541
core   0: 3 0x800058d0 (0x21d83113) x 2 0x00000000
core   0: 0x800058d4 (0x017a59b3) srl     s3, s4, s7
core   0: 3 0x800058d4 (0x017a59b3) x19 0x00010005
core   0: 0x800058d8 (0x00f19493) slli    s1, gp, 15
core   0: 3 0x800058d8 (0x00f19493) x 9 0xff8b8000
core   0: 0x800058dc (0xf5243497) auipc   s1, 0xf5243
core   0: 3 0x800058dc (0xf5243497) x 9 0x752488dc
core   0: 0x800058e0 (0x007b4333) xor     t1, s6, t2
core   0: 3 0x800058e0 (0x007b4333) x 6 0x00000001
core   0: 0x800058e4 (0x08140063) beq     s0, ra, pc + 128
core   0: 3 0x800058e4 (0x08140063)
core   0: 0x800058e8 (0x0000100f) fence.i
core   0: 3 0x800058e8 (0x0000100f)
core   0: 0x800058ec (0x41505313) srai    t1, zero, 21
core   0: 3 0x800058ec (0x41505313) x 6 0x00000000
core   0: 0x800058f0 (0x012d4c33) xor     s8, s10, s2
core   0: 3 0x800058f0 (0x012d4c33) x24 0x00000003
core   0: 0x800058f4 (0x09298e63) beq     s3, s2, pc + 156
core   0: 3 0x800058f4 (0x09298e63)
core   0: 0x800058f8 (0x09a50c63) beq     a0, s10, pc + 152
core   0: 3 0x800058f8 (0x09a50c63)
core   0: 0x800058fc (0x07fc8e63) beq     s9, t6, pc + 124
core   0: 3 0x800058fc (0x07fc8e63)
core   0: 0x80005900 (0x1f0eb413) sltiu   s0, t4, 496
core   0: 3 0x80005900 (0x1f0eb413) x 8 0x00000001
core   0: 0x80005904 (0x0b0a6063) bltu    s4, a6, pc + 160
core   0: 3 0x80005904 (0x0b0a6063)
core   0: 0x800059a4 (0x02578e63) beq     a5, t0, pc + 60
core   0: 3 0x800059a4 (0x02578e63)
core   0: 0x800059a8 (0x3defcf13) xori    t5, t6, 990
core   0: 3 0x800059a8 (0x3defcf13) x30 0x000043df
core   0: 0x800059ac (0x006623b3) slt     t2, a2, t1
core   0: 3 0x800059ac (0x006623b3) x 7 0x00000001
core   0: 0x800059b0 (0x048a8263) beq     s5, s0, pc + 68
core   0: 3 0x800059b0 (0x048a8263)
core   0: 0x800059b4 (0x00c30cb3) add     s9, t1, a2
core   0: 3 0x800059b4 (0x00c30cb3) x25 0x96c3b820
core   0: 0x800059b8 (0x00175493) srli    s1, a4, 1
core   0: 3 0x800059b8 (0x00175493) x 9 0x00012702
core   0: 0x800059bc (0x01d41f13) slli    t5, s0, 29
core   0: 3 0x800059bc (0x01d41f13) x30 0x20000000
core   0: 0x800059c0 (0xe72bea97) auipc   s5, 0xe72be
core   0: 3 0x800059c0 (0xe72bea97) x21 0x672c39c0
core   0: 0x800059c4 (0x00000013) nop
core   0: 3 0x800059c4 (0x00000013)
core   0: 0x800059c8 (0x007d5ab3) srl     s5, s10, t2
core   0: 3 0x800059c8 (0x007d5ab3) x21 0x37d77fc0
core   0: 0x800059cc (0xef230b93) addi    s7, t1, -270
core   0: 3 0x800059cc (0xef230b93) x23 0xfffffef2
core   0: 0x800059d0 (0x01b8fab3) and     s5, a7, s11
core   0: 3 0x800059d0 (0x01b8fab3) x21 0x80008800
core   0: 0x800059d4 (0x0151ed33) or      s10, gp, s5
core   0: 3 0x800059d4 (0x0151ed33) x26 0xffffff17
core   0: 0x800059d8 (0x30800713) li      a4, 776
core   0: 3 0x800059d8 (0x30800713) x14 0x00000308
core   0: 0x800059dc (0x027e0863) beq     t3, t2, pc + 48
core   0: 3 0x800059dc (0x027e0863)
core   0: 0x800059e0 (0x0afbc493) xori    s1, s7, 175
core   0: 3 0x800059e0 (0x0afbc493) x 9 0xfffffe5d
core   0: 0x800059e4 (0xb4662513) slti    a0, a2, -1210
core   0: 3 0x800059e4 (0xb4662513) x10 0x00000001
core   0: 0x800059e8 (0x03b84063) blt     a6, s11, pc + 32
core   0: 3 0x800059e8 (0x03b84063)
core   0: 0x80005a08 (0x01a8b9b3) sltu    s3, a7, s10
core   0: 3 0x80005a08 (0x01a8b9b3) x19 0x00000001
core   0: 0x80005a0c (0x045c7463) bgeu    s8, t0, pc + 72
core   0: 3 0x80005a0c (0x045c7463)
core   0: 0x80005a10 (0x0000100f) fence.i
core   0: 3 0x80005a10 (0x0000100f)
core   0: 0x80005a14 (0x01b45613) srli    a2, s0, 27
core   0: 3 0x80005a14 (0x01b45613) x12 0x00000000
core   0: 0x80005a18 (0x02c8ec63) bltu    a7, a2, pc + 56
core   0: 3 0x80005a18 (0x02c8ec63)
core   0: 0x80005a1c (0x41245313) srai    t1, s0, 18
core   0: 3 0x80005a1c (0x41245313) x 6 0x00000000
core   0: 0x80005a20 (0x05b51463) bne     a0, s11, pc + 72
core   0: 3 0x80005a20 (0x05b51463)
core   0: 0x80005a68 (0x008a1b33) sll     s6, s4, s0
core   0: 3 0x80005a68 (0x008a1b33) x22 0x00100050
core   0: 0x80005a6c (0x416f5613) srai    a2, t5, 22
core   0: 3 0x80005a6c (0x416f5613) x12 0x00000080
core   0: 0x80005a70 (0x027d1863) bne     s10, t2, pc + 48
core   0: 3 0x80005a70 (0x027d1863)
core   0: 0x80005aa0 (0xbd3d3013) sltiu   zero, s10, -1069
core   0: 3 0x80005aa0 (0xbd3d3013)
core   0: 0x80005aa4 (0xaabac037) lui     zero, 0xaabac
core   0: 3 0x80005aa4 (0xaabac037)
core   0: 0x80005aa8 (0x0000100f) fence.i
core   0: 3 0x80005aa8 (0x0000100f)
core   0: 0x80005aac (0x0ff0000f) fence   iorw,iorw
core   0: 3 0x80005aac (0x0ff0000f)
core   0: 0x80005ab0 (0xf35f5d17) auipc   s10, 0xf35f5
core   0: 3 0x80005ab0 (0xf35f5d17) x26 0x735faab0
core   0: 0x80005ab4 (0x6faa6f13) ori     t5, s4, 1786
core   0: 3 0x80005ab4 (0x6faa6f13) x30 0x000806fa
core   0: 0x80005ab8 (0x427fe393) ori     t2, t6, 1063
core   0: 3 0x80005ab8 (0x427fe393) x 7 0x00004427
core   0: 0x80005abc (0x0000100f) fence.i
core   0: 3 0x80005abc (0x0000100f)
core   0: 0x80005ac0 (0x0021dd93) srli    s11, gp, 2
core   0: 3 0x80005ac0 (0x0021dd93) x27 0x3fffffc5
core   0: 0x80005ac4 (0x4135dfb3) sra     t6, a1, s3
core   0: 3 0x80005ac4 (0x4135dfb3) x31 0xc001275d
core   0: 0x80005ac8 (0x002569b3) or      s3, a0, sp
core   0: 3 0x80005ac8 (0x002569b3) x19 0x00000001
core   0: 0x80005acc (0x00dfa633) slt     a2, t6, a3
core   0: 3 0x80005acc (0x00dfa633) x12 0x00000001
core   0: 0x80005ad0 (0xb86e3e13) sltiu   t3, t3, -1146
core   0: 3 0x80005ad0 (0xb86e3e13) x28 0x00000001
core   0: 0x80005ad4 (0x01dafc33) and     s8, s5, t4
core   0: 3 0x80005ad4 (0x01dafc33) x24 0x00000000
core   0: 0x80005ad8 (0x572abc17) auipc   s8, 0x572ab
core   0: 3 0x80005ad8 (0x572abc17) x24 0xd72b0ad8
core   0: 0x80005adc (0x00224e63) blt     tp, sp, pc + 28
core   0: 3 0x80005adc (0x00224e63)
core   0: 0x80005ae0 (0xc2243c93) sltiu   s9, s0, -990
core   0: 3 0x80005ae0 (0xc2243c93) x25 0x00000001
core   0: 0x80005ae4 (0x9c398b37) lui     s6, 0x9c398
core   0: 3 0x80005ae4 (0x9c398b37) x22 0x9c398000
core   0: 0x80005ae8 (0x01b143b3) xor     t2, sp, s11
core   0: 3 0x80005ae8 (0x01b143b3) x 7 0x3fffffc5
core   0: 0x80005aec (0x626e5e37) lui     t3, 0x626e5
core   0: 3 0x80005aec (0x626e5e37) x28 0x626e5000
core   0: 0x80005af0 (0x03165063) bge     a2, a7, pc + 32
core   0: 3 0x80005af0 (0x03165063)
core   0: 0x80005b10 (0x0ad5af13) slti    t5, a1, 173
core   0: 3 0x80005b10 (0x0ad5af13) x30 0x00000001
core   0: 0x80005b14 (0x08f8f063) bgeu    a7, a5, pc + 128
core   0: 3 0x80005b14 (0x08f8f063)
core   0: 0x80005b94 (0x014d64b3) or      s1, s10, s4
core   0: 3 0x80005b94 (0x014d64b3) x 9 0x735faab8
core   0: 0x80005b98 (0x018dfbb3) and     s7, s11, s8
core   0: 3 0x80005b98 (0x018dfbb3) x23 0x172b0ac0
core   0: 0x80005b9c (0x67e57593) andi    a1, a0, 1662
core   0: 3 0x80005b9c (0x67e57593) x11 0x00000000
core   0: 0x80005ba0 (0x0000100f) fence.i
core   0: 3 0x80005ba0 (0x0000100f)
core   0: 0x80005ba4 (0x0129d613) srli    a2, s3, 18
core   0: 3 0x80005ba4 (0x0129d613) x12 0x00000000
core   0: 0x80005ba8 (0x05de1663) bne     t3, t4, pc + 76
core   0: 3 0x80005ba8 (0x05de1663)
core   0: 0x80005bf4 (0x4090dc13) srai    s8, ra, 9
core   0: 3 0x80005bf4 (0x4090dc13) x24 0xffc810b4
core   0: 0x80005bf8 (0x01e8dc13) srli    s8, a7, 30
core   0: 3 0x80005bf8 (0x01e8dc13) x24 0x00000002
core   0: 0x80005bfc (0x0ff0000f) fence   iorw,iorw
core   0: 3 0x80005bfc (0x0ff0000f)
core   0: 0x80005c00 (0x6e5e6913) ori     s2, t3, 1765
core   0: 3 0x80005c00 (0x6e5e6913) x18 0x626e56e5
core   0: 0x80005c04 (0x0000100f) fence.i
core   0: 3 0x80005c04 (0x0000100f)
core   0: 0x80005c08 (0x00000013) nop
core   0: 3 0x80005c08 (0x00000013)
core   0: 0x80005c0c (0x007b9013) slli    zero, s7, 7
core   0: 3 0x80005c0c (0x007b9013)
core   0: 0x80005c10 (0xe6074e93) xori    t4, a4, -416
core   0: 3 0x80005c10 (0xe6074e93) x29 0xfffffd68
core   0: 0x80005c14 (0x0000100f) fence.i
core   0: 3 0x80005c14 (0x0000100f)
core   0: 0x80005c18 (0x953b4713) xori    a4, s6, -1709
core   0: 3 0x80005c18 (0x953b4713) x14 0x63c67953
core   0: 0x80005c1c (0x003d26b3) slt     a3, s10, gp
core   0: 3 0x80005c1c (0x003d26b3) x13 0x00000000
core   0: 0x80005c20 (0x00d0fe63) bgeu    ra, a3, pc + 28
core   0: 3 0x80005c20 (0x00d0fe63)
core   0: 0x80005c3c (0x00f04b33) xor     s6, zero, a5
core   0: 3 0x80005c3c (0x00f04b33) x22 0x80024e04
core   0: 0x80005c40 (0x4114d333) sra     t1, s1, a7
core   0: 3 0x80005c40 (0x4114d333) x 6 0x0735faab
core   0: 0x80005c44 (0x01d293b3) sll     t2, t0, t4
core   0: 3 0x80005c44 (0x01d293b3) x 7 0x0288a400
core   0: 0x80005c48 (0x9b14f497) auipc   s1, 0x9b14f
core   0: 3 0x80005c48 (0x9b14f497) x 9 0x1b154c48
core   0: 0x80005c4c (0x053c6463) bltu    s8, s3, pc + 72
core   0: 3 0x80005c4c (0x053c6463)
core   0: 0x80005c50 (0x01d3ed33) or      s10, t2, t4
core   0: 3 0x80005c50 (0x01d3ed33) x26 0xfffffd68
core   0: 0x80005c54 (0x41835993) srai    s3, t1, 24
core   0: 3 0x80005c54 (0x41835993) x19 0x00000007
core   0: 0x80005c58 (0x0243ef93) ori     t6, t2, 36
core   0: 3 0x80005c58 (0x0243ef93) x31 0x0288a424
core   0: 0x80005c5c (0x05f7f463) bgeu    a5, t6, pc + 72
core   0: 3 0x80005c5c (0x05f7f463)
core   0: 0x80005ca4 (0x4084d133) sra     sp, s1, s0
core   0: 3 0x80005ca4 (0x4084d133) x 2 0x0d8aa624
core   0: 0x80005ca8 (0x00e37eb3) and     t4, t1, a4
core   0: 3 0x80005ca8 (0x00e37eb3) x29 0x03047803
core   0: 0x80005cac (0x415dd633) sra     a2, s11, s5
core   0: 3 0x80005cac (0x415dd633) x12 0x3fffffc5
core   0: 0x80005cb0 (0x0363ec63) bltu    t2, s6, pc + 56
core   0: 3 0x80005cb0 (0x0363ec63)
core   0: 0x80005ce8 (0x9da86393) ori     t2, a6, -1574
core   0: 3 0x80005ce8 (0x9da86393) x 7 0xfffff9da
core   0: 0x80005cec (0x00fc9a63) bne     s9, a5, pc + 20
core   0: 3 0x80005cec (0x00fc9a63)
core   0: 0x80005d00 (0x0ff0000f) fence   iorw,iorw
core   0: 3 0x80005d00 (0x0ff0000f)
core   0: 0x80005d04 (0x0ff0000f) fence   iorw,iorw
core   0: 3 0x80005d04 (0x0ff0000f)
core   0: 0x80005d08 (0x00f34c63) blt     t1, a5, pc + 24
core   0: 3 0x80005d08 (0x00f34c63)
core   0: 0x80005d0c (0x593c4b93) xori    s7, s8, 1427
core   0: 3 0x80005d0c (0x593c4b93) x23 0x00000591
core   0: 0x80005d10 (0xa530eb93) ori     s7, ra, -1453
core   0: 3 0x80005d10 (0xa530eb93) x23 0xfffffadb
core   0: 0x80005d14 (0x00000013) nop
core   0: 3 0x80005d14 (0x00000013)
core   0: 0x80005d18 (0x41f40533) sub     a0, s0, t6
core   0: 3 0x80005d18 (0x41f40533) x10 0xfd775bdd
core   0: 0x80005d1c (0x404c7e13) andi    t3, s8, 1028
core   0: 3 0x80005d1c (0x404c7e13) x28 0x00000000
core   0: 0x80005d20 (0x0078f3b3) and     t2, a7, t2
core   0: 3 0x80005d20 (0x0078f3b3) x 7 0x800288c0
core   0: 0x80005d24 (0x0083fbb3) and     s7, t2, s0
core   0: 3 0x80005d24 (0x0083fbb3) x23 0x00000000
core   0: 0x80005d28 (0x00e24eb3) xor     t4, tp, a4
core   0: 3 0x80005d28 (0x00e24eb3) x29 0x63c67b71
core   0: 0x80005d2c (0x0000100f) fence.i
core   0: 3 0x80005d2c (0x0000100f)
core   0: 0x80005d30 (0x408edc93) srai    s9, t4, 8
core   0: 3 0x80005d30 (0x408edc93) x25 0x0063c67b
core   0: 0x80005d34 (0x0517d863) bge     a5, a7, pc + 80
core   0: 3 0x80005d34 (0x0517d863)
core   0: 0x80005d38 (0x41df0ab3) sub     s5, t5, t4
core   0: 3 0x80005d38 (0x41df0ab3) x21 0x9c398490
core   0: 0x80005d3c (0x5df6b313) sltiu   t1, a3, 1503
core   0: 3 0x80005d3c (0x5df6b313) x 6 0x00000001
core   0: 0x80005d40 (0xdb546113) ori     sp, s0, -587
core   0: 3 0x80005d40 (0xdb546113) x 2 0xfffffdb5
core   0: 0x80005d44 (0x413d5a93) srai    s5, s10, 19
core   0: 3 0x80005d44 (0x413d5a93) x21 0xffffffff
core   0: 0x80005d48 (0x4e058693) addi    a3, a1, 1248
core   0: 3 0x80005d48 (0x4e058693) x13 0x000004e0
core   0: 0x80005d4c (0x0000100f) fence.i
core   0: 3 0x80005d4c (0x0000100f)
core   0: 0x80005d50 (0x00dcdf33) srl     t5, s9, a3
core   0: 3 0x80005d50 (0x00dcdf33) x30 0x0063c67b
core   0: 0x80005d54 (0x009cdcb3) srl     s9, s9, s1
core   0: 3 0x80005d54 (0x009cdcb3) x25 0x000063c6
core   0: 0x80005d58 (0xc3eccf37) lui     t5, 0xc3ecc
core   0: 3 0x80005d58 (0xc3eccf37) x30 0xc3ecc000
core   0: 0x80005d5c (0xcf057037) lui     zero, 0xcf057
core   0: 3 0x80005d5c (0xcf057037)
core   0: 0x80005d60 (0x41ab5733) sra     a4, s6, s10
core   0: 3 0x80005d60 (0x41ab5733) x14 0xff80024e
core   0: 0x80005d64 (0x40580b33) sub     s6, a6, t0
core   0: 3 0x80005d64 (0x40580b33) x22 0xfffd775c
core   0: 0x80005d68 (0xc699b593) sltiu   a1, s3, -919
core   0: 3 0x80005d68 (0xc699b593) x11 0x00000001
core   0: 0x80005d6c (0x412b09b3) sub     s3, s6, s2
core   0: 3 0x80005d6c (0x412b09b3) x19 0x9d8f2077
core   0: 0x80005d70 (0x04060463) beqz    a2, pc + 72
core   0: 3 0x80005d70 (0x04060463)
core   0: 0x80005d74 (0x414b4a13) xori    s4, s6, 1044
core   0: 3 0x80005d74 (0x414b4a13) x20 0xfffd7348
core   0: 0x80005d78 (0x00e25c33) srl     s8, tp, a4
core   0: 3 0x80005d78 (0x00e25c33) x24 0x00000000
core   0: 0x80005d7c (0xf9a0c993) xori    s3, ra, -102
core   0: 3 0x80005d7c (0xf9a0c993) x19 0x6fde9703
core   0: 0x80005d80 (0x04be0863) beq     t3, a1, pc + 80
core   0: 3 0x80005d80 (0x04be0863)
core   0: 0x80005d84 (0x40be8c33) sub     s8, t4, a1
core   0: 3 0x80005d84 (0x40be8c33) x24 0x63c67b70
core   0: 0x80005d88 (0x00000013) nop
core   0: 3 0x80005d88 (0x00000013)
core   0: 0x80005d8c (0x01bc4cb3) xor     s9, s8, s11
core   0: 3 0x80005d8c (0x01bc4cb3) x25 0x5c3984b5
core   0: 0x80005d90 (0x0133d533) srl     a0, t2, s3
core   0: 3 0x80005d90 (0x0133d533) x10 0x10005118
core   0: 0x80005d94 (0x031fde63) bge     t6, a7, pc + 60
core   0: 3 0x80005d94 (0x031fde63)
core   0: 0x80005dd0 (0xd605bf13) sltiu   t5, a1, -672
core   0: 3 0x80005dd0 (0xd605bf13) x30 0x00000001
core   0: 0x80005dd4 (0x0007feb3) and     t4, a5, zero
core   0: 3 0x80005dd4 (0x0007feb3) x29 0x00000000
core   0: 0x80005dd8 (0x013ff263) bgeu    t6, s3, pc + 4
core   0: 3 0x80005dd8 (0x013ff263)
core   0: 0x80005ddc (0xb3b80a13) addi    s4, a6, -1221
core   0: 3 0x80005ddc (0xb3b80a13) x20 0x7ffffb3b
core   0: 0x80005de0 (0x00fa5633) srl     a2, s4, a5
core   0: 3 0x80005de0 (0x00fa5633) x12 0x07ffffb3
core   0: 0x80005de4 (0x001c6e33) or      t3, s8, ra
core   0: 3 0x80005de4 (0x001c6e33) x28 0xf3e77bf9
core   0: 0x80005de8 (0x01626cb3) or      s9, tp, s6
core   0: 3 0x80005de8 (0x01626cb3) x25 0xfffd777e
core   0: 0x80005dec (0x03b04063) blt     zero, s11, pc + 32
core   0: 3 0x80005dec (0x03b04063)
core   0: 0x80005e0c (0x000a9c13) slli    s8, s5, 0
core   0: 3 0x80005e0c (0x000a9c13) x24 0xffffffff
core   0: 0x80005e10 (0x41a95c33) sra     s8, s2, s10
core   0: 3 0x80005e10 (0x41a95c33) x24 0x00626e56
core   0: 0x80005e14 (0x0000100f) fence.i
core   0: 3 0x80005e14 (0x0000100f)
core   0: 0x80005e18 (0x056b1663) bne     s6, s6, pc + 76
core   0: 3 0x80005e18 (0x056b1663)
core   0: 0x80005e1c (0x014d9d33) sll     s10, s11, s4
core   0: 3 0x80005e1c (0x014d9d33) x26 0x28000000
core   0: 0x80005e20 (0x8a734413) xori    s0, t1, -1881
core   0: 3 0x80005e20 (0x8a734413) x 8 0xfffff8a6
core   0: 0x80005e24 (0x4171d493) srai    s1, gp, 23
core   0: 3 0x80005e24 (0x4171d493) x 9 0xffffffff
core   0: 0x80005e28 (0x409c5113) srai    sp, s8, 9
core   0: 3 0x80005e28 (0x409c5113) x 2 0x00003137
core   0: 0x80005e2c (0x045c1663) bne     s8, t0, pc + 76
core   0: 3 0x80005e2c (0x045c1663)
core   0: 0x80005e78 (0x0ff0000f) fence   iorw,iorw
core   0: 3 0x80005e78 (0x0ff0000f)
core   0: 0x80005e7c (0x07745863) bge     s0, s7, pc + 112
core   0: 3 0x80005e7c (0x07745863)
core   0: 0x80005e80 (0x55f9ec37) lui     s8, 0x55f9e
core   0: 3 0x80005e80 (0x55f9ec37) x24 0x55f9e000
core   0: 0x80005e84 (0x05b68e63) beq     a3, s11, pc + 92
core   0: 3 0x80005e84 (0x05b68e63)
core   0: 0x80005e88 (0x074e7a63) bgeu    t3, s4, pc + 116
core   0: 3 0x80005e88 (0x074e7a63)
core   0: 0x80005efc (0xc96f3d13) sltiu   s10, t5, -874
core   0: 3 0x80005efc (0xc96f3d13) x26 0x00000001
core   0: 0x80005f00 (0x405989b3) sub     s3, s3, t0
core   0: 3 0x80005f00 (0x405989b3) x19 0xefdc0e5f
core   0: 0x80005f04 (0x03654863) blt     a0, s6, pc + 48
core   0: 3 0x80005f04 (0x03654863)
core   0: 0x80005f08 (0x02386663) bltu    a6, gp, pc + 44
core   0: 3 0x80005f08 (0x02386663)
core   0: 0x80005f34 (0xdb392c93) slti    s9, s2, -589
core   0: 3 0x80005f34 (0xdb392c93) x25 0x00000000
core   0: 0x80005f38 (0xd0812e13) slti    t3, sp, -760
core   0: 3 0x80005f38 (0xd0812e13) x28 0x00000000
core   0: 0x80005f3c (0x03011863) bne     sp, a6, pc + 48
core   0: 3 0x80005f3c (0x03011863)
core   0: 0x80005f6c (0x018db433) sltu    s0, s11, s8
core   0: 3 0x80005f6c (0x018db433) x 8 0x00000001
core   0: 0x80005f70 (0x010e3e33) sltu    t3, t3, a6
core   0: 3 0x80005f70 (0x010e3e33) x28 0x00000001
core   0: 0x80005f74 (0x65a26b93) ori     s7, tp, 1626
core   0: 3 0x80005f74 (0x65a26b93) x23 0x0000067a
core   0: 0x80005f78 (0x408c50b3) sra     ra, s8, s0
core   0: 3 0x80005f78 (0x408c50b3) x 1 0x2afcf000
core   0: 0x80005f7c (0x41cc5413) srai    s0, s8, 28
core   0: 3 0x80005f7c (0x41cc5413) x 8 0x00000005
core   0: 0x80005f80 (0x46e70c97) auipc   s9, 0x46e70
core   0: 3 0x80005f80 (0x46e70c97) x25 0xc6e75f80
core   0: 0x80005f84 (0x04690863) beq     s2, t1, pc + 80
core   0: 3 0x80005f84 (0x04690863)
core   0: 0x80005f88 (0x00a0d263) bge     ra, a0, pc + 4
core   0: 3 0x80005f88 (0x00a0d263)
core   0: 0x80005f8c (0x041ad863) bge     s5, ra, pc + 80
core   0: 3 0x80005f8c (0x041ad863)
core   0: 0x80005f90 (0xb9f14713) xori    a4, sp, -1121
core   0: 3 0x80005f90 (0xb9f14713) x14 0xffffcaa8
core   0: 0x80005f94 (0x011a4033) xor     zero, s4, a7
core   0: 3 0x80005f94 (0x011a4033)
core   0: 0x80005f98 (0x41d38cb3) sub     s9, t2, t4
core   0: 3 0x80005f98 (0x41d38cb3) x25 0x800288c0
core   0: 0x80005f9c (0x00bf6263) bltu    t5, a1, pc + 4
core   0: 3 0x80005f9c (0x00bf6263)
core   0: 0x80005fa0 (0x0119b433) sltu    s0, s3, a7
core   0: 3 0x80005fa0 (0x0119b433) x 8 0x00000000
core   0: 0x80005fa4 (0x0ff0000f) fence   iorw,iorw
core   0: 3 0x80005fa4 (0x0ff0000f)
core   0: 0x80005fa8 (0x011896b3) sll     a3, a7, a7
core   0: 3 0x80005fa8 (0x011896b3) x13 0x0028ce40
core   0: 0x80005fac (0x0349d063) bge     s3, s4, pc + 32
core   0: 3 0x80005fac (0x0349d063)
core   0: 0x80005fb0 (0x2ad159b7) lui     s3, 0x2ad15
core   0: 3 0x80005fb0 (0x2ad159b7) x19 0x2ad15000
core   0: 0x80005fb4 (0x003164b3) or      s1, sp, gp
core   0: 3 0x80005fb4 (0x003164b3) x 9 0xffffff37
core   0: 0x80005fb8 (0x01c2d913) srli    s2, t0, 28
core   0: 3 0x80005fb8 (0x01c2d913) x18 0x00000008
core   0: 0x80005fbc (0x05987463) bgeu    a6, s9, pc + 72
core   0: 3 0x80005fbc (0x05987463)
core   0: 0x80005fc0 (0x012afeb3) and     t4, s5, s2
core   0: 3 0x80005fc0 (0x012afeb3) x29 0x00000008
core   0: 0x80005fc4 (0x0ff0000f) fence   iorw,iorw
core   0: 3 0x80005fc4 (0x0ff0000f)
core   0: 0x80005fc8 (0x7b557d13) andi    s10, a0, 1973
core   0: 3 0x80005fc8 (0x7b557d13) x26 0x00000110
core   0: 0x80005fcc (0x0083df13) srli    t5, t2, 8
core   0: 3 0x80005fcc (0x0083df13) x30 0x00800288
core   0: 0x80005fd0 (0x43e74d13) xori    s10, a4, 1086
core   0: 3 0x80005fd0 (0x43e74d13) x26 0xffffce96
core   0: 0x80005fd4 (0x40f383b3) sub     t2, t2, a5
core   0: 3 0x80005fd4 (0x40f383b3) x 7 0x00003abc
core   0: 0x80005fd8 (0x01333bb3) sltu    s7, t1, s3
core   0: 3 0x80005fd8 (0x01333bb3) x23 0x00000001
core   0: 0x80005fdc (0x03c75e63) bge     a4, t3, pc + 60
core   0: 3 0x80005fdc (0x03c75e63)
core   0: 0x80005fe0 (0x3d3f50b7) lui     ra, 0x3d3f5
core   0: 3 0x80005fe0 (0x3d3f50b7) x 1 0x3d3f5000
core   0: 0x80005fe4 (0x01a0e863) bltu    ra, s10, pc + 16
core   0: 3 0x80005fe4 (0x01a0e863)
core   0: 0x80005ff4 (0x012ae033) or      zero, s5, s2
core   0: 3 0x80005ff4 (0x012ae033)
core   0: 0x80005ff8 (0x01d2d293) srli    t0, t0, 29
core   0: 3 0x80005ff8 (0x01d2d293) x 5 0x00000004
core   0: 0x80005ffc (0x22b3fc93) andi    s9, t2, 555
core   0: 3 0x80005ffc (0x22b3fc93) x25 0x00000228
core   0: 0x80006000 (0x6e2d4bb7) lui     s7, 0x6e2d4
core   0: 3 0x80006000 (0x6e2d4bb7) x23 0x6e2d4000
core   0: 0x80006004 (0x412d5a13) srai    s4, s10, 18
core   0: 3 0x80006004 (0x412d5a13) x20 0xffffffff
core   0: 0x80006008 (0x08964593) xori    a1, a2, 137
core   0: 3 0x80006008 (0x08964593) x11 0x07ffff3a
core   0: 0x8000600c (0x04255863) bge     a0, sp, pc + 80
core   0: 3 0x8000600c (0x04255863)
core   0: 0x8000605c (0x41961c97) auipc   s9, 0x41961
core   0: 3 0x8000605c (0x41961c97) x25 0xc196705c
core   0: 0x80006060 (0xe5d33c93) sltiu   s9, t1, -419
core   0: 3 0x80006060 (0xe5d33c93) x25 0x00000001
core   0: 0x80006064 (0x015012b3) sll     t0, zero, s5
core   0: 3 0x80006064 (0x015012b3) x 5 0x00000000
core   0: 0x80006068 (0x0ff0000f) fence   iorw,iorw
core   0: 3 0x80006068 (0x0ff0000f)
core   0: 0x8000606c (0xd935e393) ori     t2, a1, -621
core   0: 3 0x8000606c (0xd935e393) x 7 0xffffffbb
core   0: 0x80006070 (0x2e234293) xori    t0, t1, 738
core   0: 3 0x80006070 (0x2e234293) x 5 0x000002e3
core   0: 0x80006074 (0x01f65fb3) srl     t6, a2, t6
core   0: 3 0x80006074 (0x01f65fb3) x31 0x007ffffb
core   0: 0x80006078 (0x05109663) bne     ra, a7, pc + 76
core   0: 3 0x80006078 (0x05109663)
core   0: 0x800060c4 (0x043a06b7) lui     a3, 0x43a0
core   0: 3 0x800060c4 (0x043a06b7) x13 0x043a0000
core   0: 0x800060c8 (0x013bde93) srli    t4, s7, 19
core   0: 3 0x800060c8 (0x013bde93) x29 0x00000dc5
core   0: 0x800060cc (0x0ff0000f) fence   iorw,iorw
core   0: 3 0x800060cc (0x0ff0000f)
core   0: 0x800060d0 (0x00894863) blt     s2, s0, pc + 16
core   0: 3 0x800060d0 (0x00894863)
core   0: 0x800060d4 (0x35a7d017) auipc   zero, 0x35a7d
core   0: 3 0x800060d4 (0x35a7d017)
core   0: 0x800060d8 (0x00a409b3) add     s3, s0, a0
core   0: 3 0x800060d8 (0x00a409b3) x19 0x10005118
core   0: 0x800060dc (0x86ef7213) andi    tp, t5, -1938
core   0: 3 0x800060dc (0x86ef7213) x 4 0x00800008
core   0: 0x800060e0 (0x09679c63) bne     a5, s6, pc + 152
core   0: 3 0x800060e0 (0x09679c63)
core   0: 0x80006178 (0xb087f113) andi    sp, a5, -1272
core   0: 3 0x80006178 (0xb087f113) x 2 0x80024a00
core   0: 0x8000617c (0x01a9aa97) auipc   s5, 0x1a9a
core   0: 3 0x8000617c (0x01a9aa97) x21 0x81aa017c
core   0: 0x80006180 (0x3b0d8393) addi    t2, s11, 944
core   0: 3 0x80006180 (0x3b0d8393) x 7 0x40000375
core   0: 0x80006184 (0x00e65f93) srli    t6, a2, 14
core   0: 3 0x80006184 (0x00e65f93) x31 0x00001fff
core   0: 0x80006188 (0xf6090413) addi    s0, s2, -160
core   0: 3 0x80006188 (0xf6090413) x 8 0xffffff68
core   0: 0x8000618c (0x00046263) bltu    s0, zero, pc + 4
core   0: 3 0x8000618c (0x00046263)
core   0: 0x80006190 (0x04117863) bgeu    sp, ra, pc + 80
core   0: 3 0x80006190 (0x04117863)
core   0: 0x800061e0 (0x41685993) srai    s3, a6, 22
core   0: 3 0x800061e0 (0x41685993) x19 0xfffffe00
core   0: 0x800061e4 (0x04c90463) beq     s2, a2, pc + 72
core   0: 3 0x800061e4 (0x04c90463)
core   0: 0x800061e8 (0x00835463) bge     t1, s0, pc + 8
core   0: 3 0x800061e8 (0x00835463)
core   0: 0x800061f0 (0x38cc6917) auipc   s2, 0x38cc6
core   0: 3 0x800061f0 (0x38cc6917) x18 0xb8ccc1f0
core   0: 0x800061f4 (0xfbd7ed93) ori     s11, a5, -67
core   0: 3 0x800061f4 (0xfbd7ed93) x27 0xffffffbd
core   0: 0x800061f8 (0x00861eb3) sll     t4, a2, s0
core   0: 3 0x800061f8 (0x00861eb3) x29 0xffffb300
core   0: 0x800061fc (0x0000100f) fence.i
core   0: 3 0x800061fc (0x0000100f)
core   0: 0x80006200 (0x0482c463) blt     t0, s0, pc + 72
core   0: 3 0x80006200 (0x0482c463)
core   0: 0x80006204 (0x94f86213) ori     tp, a6, -1713
core   0: 3 0x80006204 (0x94f86213) x 4 0xfffff94f
core   0: 0x80006208 (0x0293ec63) bltu    t2, s1, pc + 56
core   0: 3 0x80006208 (0x0293ec63)
core   0: 0x80006240 (0x04529463) bne     t0, t0, pc + 72
core   0: 3 0x80006240 (0x04529463)
core   0: 0x80006244 (0x40c95f33) sra     t5, s2, a2
core   0: 3 0x80006244 (0x40c95f33) x30 0xfffff719
core   0: 0x80006248 (0x01121293) slli    t0, tp, 17
core   0: 3 0x80006248 (0x01121293) x 5 0xf29e0000
core   0: 0x8000624c (0x02559863) bne     a1, t0, pc + 48
core   0: 3 0x8000624c (0x02559863)
core   0: 0x8000627c (0x04551263) bne     a0, t0, pc + 68
core   0: 3 0x8000627c (0x04551263)
core   0: 0x800062c0 (0x01129c13) slli    s8, t0, 17
core   0: 3 0x800062c0 (0x01129c13) x24 0x00000000
core   0: 0x800062c4 (0x0000100f) fence.i
core   0: 3 0x800062c4 (0x0000100f)
core   0: 0x800062c8 (0x005ff233) and     tp, t6, t0
core   0: 3 0x800062c8 (0x005ff233) x 4 0x00000000
core   0: 0x800062cc (0x1967e2b7) lui     t0, 0x1967e
core   0: 3 0x800062cc (0x1967e2b7) x 5 0x1967e000
core   0: 0x800062d0 (0x40715eb3) sra     t4, sp, t2
core   0: 3 0x800062d0 (0x40715eb3) x29 0xfffffc00
core   0: 0x800062d4 (0x00035d93) srli    s11, t1, 0
core   0: 3 0x800062d4 (0x00035d93) x27 0x00000001
core   0: 0x800062d8 (0x0ff0000f) fence   iorw,iorw
core   0: 3 0x800062d8 (0x0ff0000f)
core   0: 0x800062dc (0xc1d1c413) xori    s0, gp, -995
core   0: 3 0x800062dc (0xc1d1c413) x 8 0x0000030a
core   0: 0x800062e0 (0x01798633) add     a2, s3, s7
core   0: 3 0x800062e0 (0x01798633) x12 0x6e2d3e00
core   0: 0x800062e4 (0x8deeaab7) lui     s5, 0x8deea
core   0: 3 0x800062e4 (0x8deeaab7) x21 0x8deea000
core   0: 0x800062e8 (0x00738263) beq     t2, t2, pc + 4
core   0: 3 0x800062e8 (0x00738263)
core   0: 0x800062ec (0x0111d013) srli    zero, gp, 17
core   0: 3 0x800062ec (0x0111d013)
core   0: 0x800062f0 (0x41be0cb3) sub     s9, t3, s11
core   0: 3 0x800062f0 (0x41be0cb3) x25 0x00000000
core   0: 0x800062f4 (0x015b05b3) add     a1, s6, s5
core   0: 3 0x800062f4 (0x015b05b3) x11 0x8dec175c
core   0: 0x800062f8 (0x0050c263) blt     ra, t0, pc + 4
core   0: 3 0x800062f8 (0x0050c263)
core   0: 0x800062fc (0x01755133) srl     sp, a0, s7
core   0: 3 0x800062fc (0x01755133) x 2 0x10005118
core   0: 0x80006300 (0x01a642b3) xor     t0, a2, s10
core   0: 3 0x80006300 (0x01a642b3) x 5 0x91d2f096
core   0: 0x80006304 (0x0000100f) fence.i
core   0: 3 0x80006304 (0x0000100f)
core   0: 0x80006308 (0x8b4b4b93) xori    s7, s6, -1868
core   0: 3 0x80006308 (0x8b4b4b93) x23 0x00028fe8
core   0: 0x8000630c (0x79d84d93) xori    s11, a6, 1949
core   0: 3 0x8000630c (0x79d84d93) x27 0x8000079d
core   0: 0x80006310 (0x03d84e63) blt     a6, t4, pc + 60
core   0: 3 0x80006310 (0x03d84e63)
core   0: 0x8000634c (0x00a76e33) or      t3, a4, a0
core   0: 3 0x8000634c (0x00a76e33) x28 0xffffdbb8
core   0: 0x80006350 (0x0ce96b93) ori     s7, s2, 206
core   0: 3 0x80006350 (0x0ce96b93) x23 0xb8ccc1fe
core   0: 0x80006354 (0x01b05eb3) srl     t4, zero, s11
core   0: 3 0x80006354 (0x01b05eb3) x29 0x00000000
core   0: 0x80006358 (0x4130d1b3) sra     gp, ra, s3
core   0: 3 0x80006358 (0x4130d1b3) x 3 0x3d3f5000
core   0: 0x8000635c (0x00be22b3) slt     t0, t3, a1
core   0: 3 0x8000635c (0x00be22b3) x 5 0x00000000
core   0: 0x80006360 (0x01a9e733) or      a4, s3, s10
core   0: 3 0x80006360 (0x01a9e733) x14 0xfffffe96
core   0: 0x80006364 (0x011e9eb3) sll     t4, t4, a7
core   0: 3 0x80006364 (0x011e9eb3) x29 0x00000000
core   0: 0x80006368 (0x64fef293) andi    t0, t4, 1615
core   0: 3 0x80006368 (0x64fef293) x 5 0x00000000
core   0: 0x8000636c (0x0f196113) ori     sp, s2, 241
core   0: 3 0x8000636c (0x0f196113) x 2 0xb8ccc1f1
core   0: 0x80006370 (0x009ed913) srli    s2, t4, 9
core   0: 3 0x80006370 (0x009ed913) x18 0x00000000
core   0: 0x80006374 (0x05839663) bne     t2, s8, pc + 76
core   0: 3 0x80006374 (0x05839663)
core   0: 0x800063c0 (0x00b0dab3) srl     s5, ra, a1
core   0: 3 0x800063c0 (0x00b0dab3) x21 0x00000003
core   0: 0x800063c4 (0x0ff0000f) fence   iorw,iorw
core   0: 3 0x800063c4 (0x0ff0000f)
core   0: 0x800063c8 (0x003feb33) or      s6, t6, gp
core   0: 3 0x800063c8 (0x003feb33) x22 0x3d3f5fff
core   0: 0x800063cc (0x2f5e4993) xori    s3, t3, 757
core   0: 3 0x800063cc (0x2f5e4993) x19 0xffffd94d
core   0: 0x800063d0 (0x00000013) nop
core   0: 3 0x800063d0 (0x00000013)
core   0: 0x800063d4 (0x00319633) sll     a2, gp, gp
core   0: 3 0x800063d4 (0x00319633) x12 0x3d3f5000
core   0: 0x800063d8 (0x040d4463) bltz    s10, pc + 72
core   0: 3 0x800063d8 (0x040d4463)
core   0: 0x80006420 (0x00f33233) sltu    tp, t1, a5
core   0: 3 0x80006420 (0x00f33233) x 4 0x00000001
core   0: 0x80006424 (0x01352e33) slt     t3, a0, s3
core   0: 3 0x80006424 (0x01352e33) x28 0x00000000
core   0: 0x80006428 (0x406d0233) sub     tp, s10, t1
core   0: 3 0x80006428 (0x406d0233) x 4 0xffffce95
core   0: 0x8000642c (0x01630bb3) add     s7, t1, s6
core   0: 3 0x8000642c (0x01630bb3) x23 0x3d3f6000
core   0: 0x80006430 (0x04c09863) bne     ra, a2, pc + 80
core   0: 3 0x80006430 (0x04c09863)
core   0: 0x80006434 (0x006da4b3) slt     s1, s11, t1
core   0: 3 0x80006434 (0x006da4b3) x 9 0x00000001
core   0: 0x80006438 (0x04e17463) bgeu    sp, a4, pc + 72
core   0: 3 0x80006438 (0x04e17463)
core   0: 0x8000643c (0x34c49b17) auipc   s6, 0x34c49
core   0: 3 0x8000643c (0x34c49b17) x22 0xb4c4f43c
core   0: 0x80006440 (0x0ff0000f) fence   iorw,iorw
core   0: 3 0x80006440 (0x0ff0000f)
core   0: 0x80006444 (0x00fd6933) or      s2, s10, a5
core   0: 3 0x80006444 (0x00fd6933) x18 0xffffce96
core   0: 0x80006448 (0x2dc0e193) ori     gp, ra, 732
core   0: 3 0x80006448 (0x2dc0e193) x 3 0x3d3f52dc
core   0: 0x8000644c (0x018542b3) xor     t0, a0, s8
core   0: 3 0x8000644c (0x018542b3) x 5 0x10005118
core   0: 0x80006450 (0x0ff0000f) fence   iorw,iorw
core   0: 3 0x80006450 (0x0ff0000f)
core   0: 0x80006454 (0x00940bb3) add     s7, s0, s1
core   0: 3 0x80006454 (0x00940bb3) x23 0x0000030b
core   0: 0x80006458 (0x83e9e913) ori     s2, s3, -1986
core   0: 3 0x80006458 (0x83e9e913) x18 0xfffff97f
core   0: 0x8000645c (0x01fb2cb3) slt     s9, s6, t6
core   0: 3 0x8000645c (0x01fb2cb3) x25 0x00000001
core   0: 0x80006460 (0x413f00b3) sub     ra, t5, s3
core   0: 3 0x80006460 (0x413f00b3) x 1 0x00001dcc
core   0: 0x80006464 (0x01465933) srl     s2, a2, s4
core   0: 3 0x80006464 (0x01465933) x18 0x00000000
core   0: 0x80006468 (0x38fbf993) andi    s3, s7, 911
core   0: 3 0x80006468 (0x38fbf993) x19 0x0000030b
core   0: 0x8000646c (0xc2194993) xori    s3, s2, -991
core   0: 3 0x8000646c (0xc2194993) x19 0xfffffc21
core   0: 0x80006470 (0x02cfc863) blt     t6, a2, pc + 48
core   0: 3 0x80006470 (0x02cfc863)
core   0: 0x800064a0 (0x01bf89b3) add     s3, t6, s11
core   0: 3 0x800064a0 (0x01bf89b3) x19 0x8000279c
core   0: 0x800064a4 (0x00000013) nop
core   0: 3 0x800064a4 (0x00000013)
core   0: 0x800064a8 (0x02c76863) bltu    a4, a2, pc + 48
core   0: 3 0x800064a8 (0x02c76863)
core   0: 0x800064ac (0x891ccc13) xori    s8, s9, -1903
core   0: 3 0x800064ac (0x891ccc13) x24 0xfffff890
core   0: 0x800064b0 (0x3f87f393) andi    t2, a5, 1016
core   0: 3 0x800064b0 (0x3f87f393) x 7 0x00000200
core   0: 0x800064b4 (0x01717a63) bgeu    sp, s7, pc + 20
core   0: 3 0x800064b4 (0x01717a63)
core   0: 0x800064c8 (0x004e9c13) slli    s8, t4, 4
core   0: 3 0x800064c8 (0x004e9c13) x24 0x00000000
core   0: 0x800064cc (0x008d21b3) slt     gp, s10, s0
core   0: 3 0x800064cc (0x008d21b3) x 3 0x00000001
core   0: 0x800064d0 (0x00d24863) blt     tp, a3, pc + 16
core   0: 3 0x800064d0 (0x00d24863)
core   0: 0x800064e0 (0x40ff5d13) srai    s10, t5, 15
core   0: 3 0x800064e0 (0x40ff5d13) x26 0xffffffff
core   0: 0x800064e4 (0x0062db33) srl     s6, t0, t1
core   0: 3 0x800064e4 (0x0062db33) x22 0x0800288c
core   0: 0x800064e8 (0x01751633) sll     a2, a0, s7
core   0: 3 0x800064e8 (0x01751633) x12 0x0288c000
core   0: 0x800064ec (0x384f8293) addi    t0, t6, 900
core   0: 3 0x800064ec (0x384f8293) x 5 0x00002383
core   0: 0x800064f0 (0x0026ee33) or      t3, a3, sp
core   0: 3 0x800064f0 (0x0026ee33) x28 0xbcfec1f1
core   0: 0x800064f4 (0x41fdd613) srai    a2, s11, 31
core   0: 3 0x800064f4 (0x41fdd613) x12 0xffffffff
core   0: 0x800064f8 (0x00d51463) bne     a0, a3, pc + 8
core   0: 3 0x800064f8 (0x00d51463)
core   0: 0x80006500 (0x40810eb3) sub     t4, sp, s0
core   0: 3 0x80006500 (0x40810eb3) x29 0xb8ccbee7
core   0: 0x80006504 (0x0083a0b3) slt     ra, t2, s0
core   0: 3 0x80006504 (0x0083a0b3) x 1 0x00000001
core   0: 0x80006508 (0x004f39b3) sltu    s3, t5, tp
core   0: 3 0x80006508 (0x004f39b3) x19 0x00000000
core   0: 0x8000650c (0x41618433) sub     s0, gp, s6
core   0: 3 0x8000650c (0x41618433) x 8 0xf7ffd775
core   0: 0x80006510 (0x0326d863) bge     a3, s2, pc + 48
core   0: 3 0x80006510 (0x0326d863)
core   0: 0x80006540 (0x6b82e213) ori     tp, t0, 1720
core   0: 3 0x80006540 (0x6b82e213) x 4 0x000027bb
core   0: 0x80006544 (0x01d000b3) add     ra, zero, t4
core   0: 3 0x80006544 (0x01d000b3) x 1 0xb8ccbee7
core   0: 0x80006548 (0xf60ac137) lui     sp, 0xf60ac
core   0: 3 0x80006548 (0xf60ac137) x 2 0xf60ac000
core   0: 0x8000654c (0x05a9e663) bltu    s3, s10, pc + 76
core   0: 3 0x8000654c (0x05a9e663)
core   0: 0x80006598 (0x0150ec33) or      s8, ra, s5
core   0: 3 0x80006598 (0x0150ec33) x24 0xb8ccbee7
core   0: 0x8000659c (0x00198463) beq     s3, ra, pc + 8
core   0: 3 0x8000659c (0x00198463)
core   0: 0x800065a0 (0x0b712193) slti    gp, sp, 183
core   0: 3 0x800065a0 (0x0b712193) x 3 0x00000001
core   0: 0x800065a4 (0x75c00f17) auipc   t5, 0x75c00
core   0: 3 0x800065a4 (0x75c00f17) x30 0xf5c065a4
core   0: 0x800065a8 (0x004ae233) or      tp, s5, tp
core   0: 3 0x800065a8 (0x004ae233) x 4 0x000027bb
core   0: 0x800065ac (0x002b4eb3) xor     t4, s6, sp
core   0: 3 0x800065ac (0x002b4eb3) x29 0xfe0ae88c
core   0: 0x800065b0 (0x40b28fb3) sub     t6, t0, a1
core   0: 3 0x800065b0 (0x40b28fb3) x31 0x72140c27
core   0: 0x800065b4 (0x0165d433) srl     s0, a1, s6
core   0: 3 0x800065b4 (0x0165d433) x 8 0x0008dec1
core   0: 0x800065b8 (0x00bab733) sltu    a4, s5, a1
core   0: 3 0x800065b8 (0x00bab733) x14 0x00000001
core   0: 0x800065bc (0x0ff0000f) fence   iorw,iorw
core   0: 3 0x800065bc (0x0ff0000f)
core   0: 0x800065c0 (0x00000013) nop
core   0: 3 0x800065c0 (0x00000013)
core   0: 0x800065c4 (0x00766a63) bltu    a2, t2, pc + 20
core   0: 3 0x800065c4 (0x00766a63)
core   0: 0x800065c8 (0xf2d36f93) ori     t6, t1, -211
core   0: 3 0x800065c8 (0xf2d36f93) x31 0xffffff2d
core   0: 0x800065cc (0x004af0b3) and     ra, s5, tp
core   0: 3 0x800065cc (0x004af0b3) x 1 0x00000003
core   0: 0x800065d0 (0x00c65033) srl     zero, a2, a2
core   0: 3 0x800065d0 (0x00c65033)
core   0: 0x800065d4 (0x01755193) srli    gp, a0, 23
core   0: 3 0x800065d4 (0x01755193) x 3 0x00000020
core   0: 0x800065d8 (0x4221e093) ori     ra, gp, 1058
core   0: 3 0x800065d8 (0x4221e093) x 1 0x00000422
core   0: 0x800065dc (0x413a5393) srai    t2, s4, 19
core   0: 3 0x800065dc (0x413a5393) x 7 0xffffffff
core   0: 0x800065e0 (0x9b206737) lui     a4, 0x9b206
core   0: 3 0x800065e0 (0x9b206737) x14 0x9b206000
core   0: 0x800065e4 (0x0ff0000f) fence   iorw,iorw
core   0: 3 0x800065e4 (0x0ff0000f)
core   0: 0x800065e8 (0x0000100f) fence.i
core   0: 3 0x800065e8 (0x0000100f)
core   0: 0x800065ec (0x023f5863) bge     t5, gp, pc + 48
core   0: 3 0x800065ec (0x023f5863)
core   0: 0x800065f0 (0x4146dfb3) sra     t6, a3, s4
core   0: 3 0x800065f0 (0x4146dfb3) x31 0x00000000
core   0: 0x800065f4 (0x5be54d13) xori    s10, a0, 1470
core   0: 3 0x800065f4 (0x5be54d13) x26 0x100054a6
core   0: 0x800065f8 (0xd52a6593) ori     a1, s4, -686
core   0: 3 0x800065f8 (0xd52a6593) x11 0xffffffff
core   0: 0x800065fc (0x0637b693) sltiu   a3, a5, 99
core   0: 3 0x800065fc (0x0637b693) x13 0x00000000
core   0: 0x80006600 (0x01eecd33) xor     s10, t4, t5
core   0: 3 0x80006600 (0x01eecd33) x26 0x0bca8d28
core   0: 0x80006604 (0x9a54f593) andi    a1, s1, -1627
core   0: 3 0x80006604 (0x9a54f593) x11 0x00000001
core   0: 0x80006608 (0x0000100f) fence.i
core   0: 3 0x80006608 (0x0000100f)
core   0: 0x8000660c (0x9c81ba93) sltiu   s5, gp, -1592
core   0: 3 0x8000660c (0x9c81ba93) x21 0x00000001
core   0: 0x80006610 (0x04e56463) bltu    a0, a4, pc + 72
core   0: 3 0x80006610 (0x04e56463)
core   0: 0x80006658 (0x869bae17) auipc   t3, 0x869ba
core   0: 3 0x80006658 (0x869bae17) x28 0x069c0658
core   0: 0x8000665c (0x01e43e33) sltu    t3, s0, t5
core   0: 3 0x8000665c (0x01e43e33) x28 0x00000001
core   0: 0x80006660 (0x01fb5263) bge     s6, t6, pc + 4
core   0: 3 0x80006660 (0x01fb5263)
core   0: 0x80006664 (0x2219ff93) andi    t6, s3, 545
core   0: 3 0x80006664 (0x2219ff93) x31 0x00000000
core   0: 0x80006668 (0x0265f063) bgeu    a1, t1, pc + 32
core   0: 3 0x80006668 (0x0265f063)
core   0: 0x80006688 (0x0141df93) srli    t6, gp, 20
core   0: 3 0x80006688 (0x0141df93) x31 0x00000000
core   0: 0x8000668c (0x04d1c463) blt     gp, a3, pc + 72
core   0: 3 0x8000668c (0x04d1c463)
core   0: 0x80006690 (0x0479d663) bge     s3, t2, pc + 76
core   0: 3 0x80006690 (0x0479d663)
core   0: 0x800066dc (0x00671e33) sll     t3, a4, t1
core   0: 3 0x800066dc (0x00671e33) x28 0x3640c000
core   0: 0x800066e0 (0xc9c64513) xori    a0, a2, -868
core   0: 3 0x800066e0 (0xc9c64513) x10 0x00000363
core   0: 0x800066e4 (0x009ed613) srli    a2, t4, 9
core   0: 3 0x800066e4 (0x009ed613) x12 0x007f0574
core   0: 0x800066e8 (0x04078863) beqz    a5, pc + 80
core   0: 3 0x800066e8 (0x04078863)
core   0: 0x800066ec (0x29b2b293) sltiu   t0, t0, 667
core   0: 3 0x800066ec (0x29b2b293) x 5 0x00000000
core   0: 0x800066f0 (0x01705db3) srl     s11, zero, s7
core   0: 3 0x800066f0 (0x01705db3) x27 0x00000000
core   0: 0x800066f4 (0xff5c7737) lui     a4, 0xff5c7
core   0: 3 0x800066f4 (0xff5c7737) x14 0xff5c7000
core   0: 0x800066f8 (0x41ea8e33) sub     t3, s5, t5
core   0: 3 0x800066f8 (0x41ea8e33) x28 0x0a3f9a5d
core   0: 0x800066fc (0x054f0663) beq     t5, s4, pc + 76
core   0: 3 0x800066fc (0x054f0663)
core   0: 0x80006700 (0x01f55533) srl     a0, a0, t6
core   0: 3 0x80006700 (0x01f55533) x10 0x00000363
core   0: 0x80006704 (0x04605663) bge     zero, t1, pc + 76
core   0: 3 0x80006704 (0x04605663)
core   0: 0x80006708 (0x01061b33) sll     s6, a2, a6
core   0: 3 0x80006708 (0x01061b33) x22 0x007f0574
core   0: 0x8000670c (0x03966c63) bltu    a2, s9, pc + 56
core   0: 3 0x8000670c (0x03966c63)
core   0: 0x80006710 (0x40ad5733) sra     a4, s10, a0
core   0: 3 0x80006710 (0x40ad5733) x14 0x017951a5
core   0: 0x80006714 (0x01b34033) xor     zero, t1, s11
core   0: 3 0x80006714 (0x01b34033)
core   0: 0x80006718 (0x02c34063) blt     t1, a2, pc + 32
core   0: 3 0x80006718 (0x02c34063)
core   0: 0x80006738 (0x60c6aab7) lui     s5, 0x60c6a
core   0: 3 0x80006738 (0x60c6aab7) x21 0x60c6a000
core   0: 0x8000673c (0x413c0c33) sub     s8, s8, s3
core   0: 3 0x8000673c (0x413c0c33) x24 0xb8ccbee7
core   0: 0x80006740 (0x01f3f263) bgeu    t2, t6, pc + 4
core   0: 3 0x80006740 (0x01f3f263)
core   0: 0x80006744 (0xae4c7013) andi    zero, s8, -1308
core   0: 3 0x80006744 (0xae4c7013)
core   0: 0x80006748 (0x0257c863) blt     a5, t0, pc + 48
core   0: 3 0x80006748 (0x0257c863)
core   0: 0x80006778 (0x00d24863) blt     tp, a3, pc + 16
core   0: 3 0x80006778 (0x00d24863)
core   0: 0x8000677c (0x00544333) xor     t1, s0, t0
core   0: 3 0x8000677c (0x00544333) x 6 0x0008dec1
core   0: 0x80006780 (0x20f16b13) ori     s6, sp, 527
core   0: 3 0x80006780 (0x20f16b13) x22 0xf60ac20f
core   0: 0x80006784 (0x012c8433) add     s0, s9, s2
core   0: 3 0x80006784 (0x012c8433) x 8 0x00000001
core   0: 0x80006788 (0x0491c663) blt     gp, s1, pc + 76
core   0: 3 0x80006788 (0x0491c663)
core   0: 0x8000678c (0x0299fc63) bgeu    s3, s1, pc + 56
core   0: 3 0x8000678c (0x0299fc63)
core   0: 0x80006790 (0x0119ac33) slt     s8, s3, a7
core   0: 3 0x80006790 (0x0119ac33) x24 0x00000000
core   0: 0x80006794 (0x03868c63) beq     a3, s8, pc + 56
core   0: 3 0x80006794 (0x03868c63)
core   0: 0x800067cc (0x007e4db3) xor     s11, t3, t2
core   0: 3 0x800067cc (0x007e4db3) x27 0xf5c065a2
core   0: 0x800067d0 (0xf64fa717) auipc   a4, 0xf64fa
core   0: 3 0x800067d0 (0xf64fa717) x14 0x765007d0
core   0: 0x800067d4 (0x056f6863) bltu    t5, s6, pc + 80
core   0: 3 0x800067d4 (0x056f6863)
core   0: 0x80006824 (0x018ed033) srl     zero, t4, s8
core   0: 3 0x80006824 (0x018ed033)
core   0: 0x80006828 (0x41d85cb3) sra     s9, a6, t4
core   0: 3 0x80006828 (0x41d85cb3) x25 0xfff80000
core   0: 0x8000682c (0x042b4263) blt     s6, sp, pc + 68
core   0: 3 0x8000682c (0x042b4263)
core   0: 0x80006830 (0x4c33fd93) andi    s11, t2, 1219
core   0: 3 0x80006830 (0x4c33fd93) x27 0x000004c3
core   0: 0x80006834 (0x01d1b133) sltu    sp, gp, t4
core   0: 3 0x80006834 (0x01d1b133) x 2 0x00000001
core   0: 0x80006838 (0x014c1c93) slli    s9, s8, 20
core   0: 3 0x80006838 (0x014c1c93) x25 0x00000000
core   0: 0x8000683c (0x014d1f33) sll     t5, s10, s4
core   0: 3 0x8000683c (0x014d1f33) x30 0x00000000
core   0: 0x80006840 (0xcc83b693) sltiu   a3, t2, -824
core   0: 3 0x80006840 (0xcc83b693) x13 0x00000000
core   0: 0x80006844 (0xf290f093) andi    ra, ra, -215
core   0: 3 0x80006844 (0xf290f093) x 1 0x00000420
core   0: 0x80006848 (0x0000100f) fence.i
core   0: 3 0x80006848 (0x0000100f)
core   0: 0x8000684c (0x03aae863) bltu    s5, s10, pc + 48
core   0: 3 0x8000684c (0x03aae863)
core   0: 0x80006850 (0xf4793093) sltiu   ra, s2, -185
core   0: 3 0x80006850 (0xf4793093) x 1 0x00000001
core   0: 0x80006854 (0x4d020b37) lui     s6, 0x4d020
core   0: 3 0x80006854 (0x4d020b37) x22 0x4d020000
core   0: 0x80006858 (0x013f9233) sll     tp, t6, s3
core   0: 3 0x80006858 (0x013f9233) x 4 0x00000000
core   0: 0x8000685c (0x0000100f) fence.i
core   0: 3 0x8000685c (0x0000100f)
core   0: 0x80006860 (0x4149da13) srai    s4, s3, 20
core   0: 3 0x80006860 (0x4149da13) x20 0x00000000
core   0: 0x80006864 (0x009a1263) bne     s4, s1, pc + 4
core   0: 3 0x80006864 (0x009a1263)
core   0: 0x80006868 (0x01c35463) bge     t1, t3, pc + 8
core   0: 3 0x80006868 (0x01c35463)
core   0: 0x8000686c (0x41025c33) sra     s8, tp, a6
core   0: 3 0x8000686c (0x41025c33) x24 0x00000000
core   0: 0x80006870 (0x3596ceb7) lui     t4, 0x3596c
core   0: 3 0x80006870 (0x3596ceb7) x29 0x3596c000
core   0: 0x80006874 (0x02147863) bgeu    s0, ra, pc + 48
core   0: 3 0x80006874 (0x02147863)
core   0: 0x800068a4 (0x00000013) nop
core   0: 3 0x800068a4 (0x00000013)
core   0: 0x800068a8 (0x055c0463) beq     s8, s5, pc + 72
core   0: 3 0x800068a8 (0x055c0463)
core   0: 0x800068ac (0x00c25d33) srl     s10, tp, a2
core   0: 3 0x800068ac (0x00c25d33) x26 0x00000000
core   0: 0x800068b0 (0x0412e463) bltu    t0, ra, pc + 72
core   0: 3 0x800068b0 (0x0412e463)
core   0: 0x800068f8 (0xd8765c37) lui     s8, 0xd8765
core   0: 3 0x800068f8 (0xd8765c37) x24 0xd8765000
core   0: 0x800068fc (0x01cb5b13) srli    s6, s6, 28
core   0: 3 0x800068fc (0x01cb5b13) x22 0x00000004
core   0: 0x80006900 (0x0b6e5463) bge     t3, s6, pc + 168
core   0: 3 0x80006900 (0x0b6e5463)
core   0: 0x800069a8 (0x00000013) nop
core   0: 3 0x800069a8 (0x00000013)
core   0: 0x800069ac (0xd4e46c13) ori     s8, s0, -690
core   0: 3 0x800069ac (0xd4e46c13) x24 0xfffffd4f
core   0: 0x800069b0 (0x05251663) bne     a0, s2, pc + 76
core   0: 3 0x800069b0 (0x05251663)
core   0: 0x800069fc (0x5756fd93) andi    s11, a3, 1397
core   0: 3 0x800069fc (0x5756fd93) x27 0x00000000
core   0: 0x80006a00 (0x001bbbb3) sltu    s7, s7, ra
core   0: 3 0x80006a00 (0x001bbbb3) x23 0x00000000
core   0: 0x80006a04 (0x05b3c463) blt     t2, s11, pc + 72
core   0: 3 0x80006a04 (0x05b3c463)
core   0: 0x80006a4c (0x01d89733) sll     a4, a7, t4
core   0: 3 0x80006a4c (0x01d89733) x14 0x80028ce4
core   0: 0x80006a50 (0xa309bc93) sltiu   s9, s3, -1488
core   0: 3 0x80006a50 (0xa309bc93) x25 0x00000001
core   0: 0x80006a54 (0x034b4863) blt     s6, s4, pc + 48
core   0: 3 0x80006a54 (0x034b4863)
core   0: 0x80006a58 (0x01b95f13) srli    t5, s2, 27
core   0: 3 0x80006a58 (0x01b95f13) x30 0x00000000
core   0: 0x80006a5c (0x0161f863) bgeu    gp, s6, pc + 16
core   0: 3 0x80006a5c (0x0161f863)
core   0: 0x80006a6c (0xca83c597) auipc   a1, 0xca83c
core   0: 3 0x80006a6c (0xca83c597) x11 0x4a842a6c
core   0: 0x80006a70 (0x0ff0000f) fence   iorw,iorw
core   0: 3 0x80006a70 (0x0ff0000f)
core   0: 0x80006a74 (0x00d80733) add     a4, a6, a3
core   0: 3 0x80006a74 (0x00d80733) x14 0x80000000
core   0: 0x80006a78 (0x0000100f) fence.i
core   0: 3 0x80006a78 (0x0000100f)
core   0: 0x80006a7c (0x00483933) sltu    s2, a6, tp
core   0: 3 0x80006a7c (0x00483933) x18 0x00000000
core   0: 0x80006a80 (0x00000013) nop
core   0: 3 0x80006a80 (0x00000013)
core   0: 0x80006a84 (0xf3728393) addi    t2, t0, -201
core   0: 3 0x80006a84 (0xf3728393) x 7 0xffffff37
core   0: 0x80006a88 (0x09fe3697) auipc   a3, 0x9fe3
core   0: 3 0x80006a88 (0x09fe3697) x13 0x89fe9a88
core   0: 0x80006a8c (0x41ee5013) srai    zero, t3, 30
core   0: 3 0x80006a8c (0x41ee5013)
core   0: 0x80006a90 (0x01a50433) add     s0, a0, s10
core   0: 3 0x80006a90 (0x01a50433) x 8 0x00000363
core   0: 0x80006a94 (0x41488233) sub     tp, a7, s4
core   0: 3 0x80006a94 (0x41488233) x 4 0x80028ce4
core   0: 0x80006a98 (0x009771b3) and     gp, a4, s1
core   0: 3 0x80006a98 (0x009771b3) x 3 0x00000000
core   0: 0x80006a9c (0x01a610b3) sll     ra, a2, s10
core   0: 3 0x80006a9c (0x01a610b3) x 1 0x007f0574
core   0: 0x80006aa0 (0x009ada93) srli    s5, s5, 9
core   0: 3 0x80006aa0 (0x009ada93) x21 0x00306350
core   0: 0x80006aa4 (0x01ea72b3) and     t0, s4, t5
core   0: 3 0x80006aa4 (0x01ea72b3) x 5 0x00000000
core   0: 0x80006aa8 (0x0b655a63) bge     a0, s6, pc + 180
core   0: 3 0x80006aa8 (0x0b655a63)
core   0: 0x80006b5c (0x40345c33) sra     s8, s0, gp
core   0: 3 0x80006b5c (0x40345c33) x24 0x00000363
core   0: 0x80006b60 (0x417756b3) sra     a3, a4, s7
core   0: 3 0x80006b60 (0x417756b3) x13 0x80000000
core   0: 0x80006b64 (0x595ec313) xori    t1, t4, 1429
core   0: 3 0x80006b64 (0x595ec313) x 6 0x3596c595
core   0: 0x80006b68 (0x00146033) or      zero, s0, ra
core   0: 3 0x80006b68 (0x00146033)
core   0: 0x80006b6c (0x01c71013) slli    zero, a4, 28
core   0: 3 0x80006b6c (0x01c71013)
core   0: 0x80006b70 (0x40b5d493) srai    s1, a1, 11
core   0: 3 0x80006b70 (0x40b5d493) x 9 0x00095085
core   0: 0x80006b74 (0x017612b3) sll     t0, a2, s7
core   0: 3 0x80006b74 (0x017612b3) x 5 0x007f0574
core   0: 0x80006b78 (0x01db4463) blt     s6, t4, pc + 8
core   0: 3 0x80006b78 (0x01db4463)
core   0: 0x80006b80 (0x00a81513) slli    a0, a6, 10
core   0: 3 0x80006b80 (0x00a81513) x10 0x00000000
core   0: 0x80006b84 (0x009bb333) sltu    t1, s7, s1
core   0: 3 0x80006b84 (0x009bb333) x 6 0x00000001
core   0: 0x80006b88 (0x40575133) sra     sp, a4, t0
core   0: 3 0x80006b88 (0x40575133) x 2 0xfffff800
core   0: 0x80006b8c (0x04c59863) bne     a1, a2, pc + 80
core   0: 3 0x80006b8c (0x04c59863)
core   0: 0x80006bdc (0x0000100f) fence.i
core   0: 3 0x80006bdc (0x0000100f)
core   0: 0x80006be0 (0x3cca2693) slti    a3, s4, 972
core   0: 3 0x80006be0 (0x3cca2693) x13 0x00000001
core   0: 0x80006be4 (0x02654063) blt     a0, t1, pc + 32
core   0: 3 0x80006be4 (0x02654063)
core   0: 0x80006c04 (0x014d8e63) beq     s11, s4, pc + 28
core   0: 3 0x80006c04 (0x014d8e63)
core   0: 0x80006c20 (0xf7108613) addi    a2, ra, -143
core   0: 3 0x80006c20 (0xf7108613) x12 0x007f04e5
core   0: 0x80006c24 (0x006f2c33) slt     s8, t5, t1
core   0: 3 0x80006c24 (0x006f2c33) x24 0x00000001
core   0: 0x80006c28 (0x0aa27063) bgeu    tp, a0, pc + 160
core   0: 3 0x80006c28 (0x0aa27063)
core   0: 0x80006cc8 (0x01bed933) srl     s2, t4, s11
core   0: 3 0x80006cc8 (0x01bed933) x18 0x3596c000
core   0: 0x80006ccc (0xd3de8713) addi    a4, t4, -707
core   0: 3 0x80006ccc (0xd3de8713) x14 0x3596bd3d
core   0: 0x80006cd0 (0xe3942c93) slti    s9, s0, -455
core   0: 3 0x80006cd0 (0xe3942c93) x25 0x00000000
core   0: 0x80006cd4 (0xd0d9bab7) lui     s5, 0xd0d9b
core   0: 3 0x80006cd4 (0xd0d9bab7) x21 0xd0d9b000
core   0: 0x80006cd8 (0xab2d2d93) slti    s11, s10, -1358
core   0: 3 0x80006cd8 (0xab2d2d93) x27 0x00000000
core   0: 0x80006cdc (0xe7bcff93) andi    t6, s9, -389
core   0: 3 0x80006cdc (0xe7bcff93) x31 0x00000000
core   0: 0x80006ce0 (0x0172feb3) and     t4, t0, s7
core   0: 3 0x80006ce0 (0x0172feb3) x29 0x00000000
core   0: 0x80006ce4 (0x05fd6263) bltu    s10, t6, pc + 68
core   0: 3 0x80006ce4 (0x05fd6263)
core   0: 0x80006ce8 (0xc80bdf37) lui     t5, 0xc80bd
core   0: 3 0x80006ce8 (0xc80bdf37) x30 0xc80bd000
core   0: 0x80006cec (0x013c2933) slt     s2, s8, s3
core   0: 3 0x80006cec (0x013c2933) x18 0x00000000
core   0: 0x80006cf0 (0x018250b3) srl     ra, tp, s8
core   0: 3 0x80006cf0 (0x018250b3) x 1 0x40014672
core   0: 0x80006cf4 (0xa04db113) sltiu   sp, s11, -1532
core   0: 3 0x80006cf4 (0xa04db113) x 2 0x00000001
core   0: 0x80006cf8 (0xfd4e2993) slti    s3, t3, -44
core   0: 3 0x80006cf8 (0xfd4e2993) x19 0x00000000
core   0: 0x80006cfc (0xc90fe693) ori     a3, t6, -880
core   0: 3 0x80006cfc (0xc90fe693) x13 0xfffffc90
core   0: 0x80006d00 (0x01ce1fb3) sll     t6, t3, t3
core   0: 3 0x80006d00 (0x01ce1fb3) x31 0xa0000000
core   0: 0x80006d04 (0x05ab0463) beq     s6, s10, pc + 72
core   0: 3 0x80006d04 (0x05ab0463)
core   0: 0x80006d08 (0x40975393) srai    t2, a4, 9
core   0: 3 0x80006d08 (0x40975393) x 7 0x001acb5e
core   0: 0x80006d0c (0x4098dd33) sra     s10, a7, s1
core   0: 3 0x80006d0c (0x4098dd33) x26 0xfc001467
core   0: 0x80006d10 (0x0021da13) srli    s4, gp, 2
core   0: 3 0x80006d10 (0x0021da13) x20 0x00000000
core   0: 0x80006d14 (0x039c7863) bgeu    s8, s9, pc + 48
core   0: 3 0x80006d14 (0x039c7863)
core   0: 0x80006d44 (0x01765cb3) srl     s9, a2, s7
core   0: 3 0x80006d44 (0x01765cb3) x25 0x007f04e5
core   0: 0x80006d48 (0xaf6a75b7) lui     a1, 0xaf6a7
core   0: 3 0x80006d48 (0xaf6a75b7) x11 0xaf6a7000
core   0: 0x80006d4c (0x00531263) bne     t1, t0, pc + 4
core   0: 3 0x80006d4c (0x00531263)
core   0: 0x80006d50 (0x00b04e33) xor     t3, zero, a1
core   0: 3 0x80006d50 (0x00b04e33) x28 0xaf6a7000
core   0: 0x80006d54 (0x418adf33) sra     t5, s5, s8
core   0: 3 0x80006d54 (0x418adf33) x30 0xe86cd800
core   0: 0x80006d58 (0x038d0e63) beq     s10, s8, pc + 60
core   0: 3 0x80006d58 (0x038d0e63)
core   0: 0x80006d5c (0x01c67533) and     a0, a2, t3
core   0: 3 0x80006d5c (0x01c67533) x10 0x006a0000
core   0: 0x80006d60 (0x0000100f) fence.i
core   0: 3 0x80006d60 (0x0000100f)
core   0: 0x80006d64 (0x41175fb3) sra     t6, a4, a7
core   0: 3 0x80006d64 (0x41175fb3) x31 0x03596bd3
core   0: 0x80006d68 (0x01e29f93) slli    t6, t0, 30
core   0: 3 0x80006d68 (0x01e29f93) x31 0x00000000
core   0: 0x80006d6c (0x00000013) nop
core   0: 3 0x80006d6c (0x00000013)
core   0: 0x80006d70 (0xbffeca13) xori    s4, t4, -1025
core   0: 3 0x80006d70 (0xbffeca13) x20 0xfffffbff
core   0: 0x80006d74 (0x4072dc93) srai    s9, t0, 7
core   0: 3 0x80006d74 (0x4072dc93) x25 0x0000fe0a
core   0: 0x80006d78 (0x0c872313) slti    t1, a4, 200
core   0: 3 0x80006d78 (0x0c872313) x 6 0x00000000
core   0: 0x80006d7c (0x0000100f) fence.i
core   0: 3 0x80006d7c (0x0000100f)
core   0: 0x80006d80 (0x0536f663) bgeu    a3, s3, pc + 76
core   0: 3 0x80006d80 (0x0536f663)
core   0: 0x80006dcc (0x0054ccb3) xor     s9, s1, t0
core   0: 3 0x80006dcc (0x0054ccb3) x25 0x007655f1
core   0: 0x80006dd0 (0x03c9f863) bgeu    s3, t3, pc + 48
core   0: 3 0x80006dd0 (0x03c9f863)
core   0: 0x80006dd4 (0x0000100f) fence.i
core   0: 3 0x80006dd4 (0x0000100f)
core   0: 0x80006dd8 (0x010ea533) slt     a0, t4, a6
core   0: 3 0x80006dd8 (0x010ea533) x10 0x00000000
core   0: 0x80006ddc (0xad00c593) xori    a1, ra, -1328
core   0: 3 0x80006ddc (0xad00c593) x11 0xbffebca2
core   0: 0x80006de0 (0x013684b3) add     s1, a3, s3
core   0: 3 0x80006de0 (0x013684b3) x 9 0xfffffc90
core   0: 0x80006de4 (0x004ddd13) srli    s10, s11, 4
core   0: 3 0x80006de4 (0x004ddd13) x26 0x00000000
core   0: 0x80006de8 (0x01da5e13) srli    t3, s4, 29
core   0: 3 0x80006de8 (0x01da5e13) x28 0x00000007
core   0: 0x80006dec (0x01cef733) and     a4, t4, t3
core   0: 3 0x80006dec (0x01cef733) x14 0x00000000
core   0: 0x80006df0 (0xe0dac993) xori    s3, s5, -499
core   0: 3 0x80006df0 (0xe0dac993) x19 0x2f264e0d
core   0: 0x80006df4 (0x02406c63) bltu    zero, tp, pc + 56
core   0: 3 0x80006df4 (0x02406c63)
core   0: 0x80006e2c (0x04121663) bne     tp, ra, pc + 76
core   0: 3 0x80006e2c (0x04121663)
core   0: 0x80006e78 (0x05c39263) bne     t2, t3, pc + 68
core   0: 3 0x80006e78 (0x05c39263)
core   0: 0x80006ebc (0x033c7063) bgeu    s8, s3, pc + 32
core   0: 3 0x80006ebc (0x033c7063)
core   0: 0x80006ec0 (0x02f75863) bge     a4, a5, pc + 48
core   0: 3 0x80006ec0 (0x02f75863)
core   0: 0x80006ef0 (0x0099e9b3) or      s3, s3, s1
core   0: 3 0x80006ef0 (0x0099e9b3) x19 0xfffffe9d
core   0: 0x80006ef4 (0x010edf33) srl     t5, t4, a6
core   0: 3 0x80006ef4 (0x010edf33) x30 0x00000000
core   0: 0x80006ef8 (0x01b175b3) and     a1, sp, s11
core   0: 3 0x80006ef8 (0x01b175b3) x11 0x00000000
core   0: 0x80006efc (0x04346463) bltu    s0, gp, pc + 72
core   0: 3 0x80006efc (0x04346463)
core   0: 0x80006f00 (0x0000100f) fence.i
core   0: 3 0x80006f00 (0x0000100f)
core   0: 0x80006f04 (0x00849393) slli    t2, s1, 8
core   0: 3 0x80006f04 (0x00849393) x 7 0xfffc9000
core   0: 0x80006f08 (0x0c32a913) slti    s2, t0, 195
core   0: 3 0x80006f08 (0x0c32a913) x18 0x00000000
core   0: 0x80006f0c (0x01319213) slli    tp, gp, 19
core   0: 3 0x80006f0c (0x01319213) x 4 0x00000000
core   0: 0x80006f10 (0x03c8f863) bgeu    a7, t3, pc + 48
core   0: 3 0x80006f10 (0x03c8f863)
core   0: 0x80006f40 (0xb28b3197) auipc   gp, 0xb28b3
core   0: 3 0x80006f40 (0xb28b3197) x 3 0x328b9f40
core   0: 0x80006f44 (0x0ff0000f) fence   iorw,iorw
core   0: 3 0x80006f44 (0x0ff0000f)
core   0: 0x80006f48 (0xfdc77eb7) lui     t4, 0xfdc77
core   0: 3 0x80006f48 (0xfdc77eb7) x29 0xfdc77000
core   0: 0x80006f4c (0x04a25c63) bge     tp, a0, pc + 88
core   0: 3 0x80006f4c (0x04a25c63)
core   0: 0x80006fa4 (0x00244c33) xor     s8, s0, sp
core   0: 3 0x80006fa4 (0x00244c33) x24 0x00000362
core   0: 0x80006fa8 (0x00321263) bne     tp, gp, pc + 4
core   0: 3 0x80006fa8 (0x00321263)
core   0: 0x80006fac (0xa7438c93) addi    s9, t2, -1420
core   0: 3 0x80006fac (0xa7438c93) x25 0xfffc8a74
core   0: 0x80006fb0 (0x0c399e63) bne     s3, gp, pc + 220
core   0: 3 0x80006fb0 (0x0c399e63)
core   0: 0x8000708c (0x0024f533) and     a0, s1, sp
core   0: 3 0x8000708c (0x0024f533) x10 0x00000000
core   0: 0x80007090 (0x00eca3b3) slt     t2, s9, a4
core   0: 3 0x80007090 (0x00eca3b3) x 7 0x00000001
core   0: 0x80007094 (0x4035df93) srai    t6, a1, 3
core   0: 3 0x80007094 (0x4035df93) x31 0x00000000
core   0: 0x80007098 (0x40a8d6b3) sra     a3, a7, a0
core   0: 3 0x80007098 (0x40a8d6b3) x13 0x80028ce4
core   0: 0x8000709c (0x05184663) blt     a6, a7, pc + 76
core   0: 3 0x8000709c (0x05184663)
core   0: 0x800070e8 (0x0ff0000f) fence   iorw,iorw
core   0: 3 0x800070e8 (0x0ff0000f)
core   0: 0x800070ec (0x964a2913) slti    s2, s4, -1692
core   0: 3 0x800070ec (0x964a2913) x18 0x00000000
core   0: 0x800070f0 (0x0110f863) bgeu    ra, a7, pc + 16
core   0: 3 0x800070f0 (0x0110f863)
core   0: 0x800070f4 (0x41edd913) srai    s2, s11, 30
core   0: 3 0x800070f4 (0x41edd913) x18 0x00000000
core   0: 0x800070f8 (0x04b81663) bne     a6, a1, pc + 76
core   0: 3 0x800070f8 (0x04b81663)
core   0: 0x80007144 (0x01c32033) slt     zero, t1, t3
core   0: 3 0x80007144 (0x01c32033)
core   0: 0x80007148 (0x02c6d063) bge     a3, a2, pc + 32
core   0: 3 0x80007148 (0x02c6d063)
core   0: 0x8000714c (0x00bc9993) slli    s3, s9, 11
core   0: 3 0x8000714c (0x00bc9993) x19 0xe453a000
core   0: 0x80007150 (0x02560863) beq     a2, t0, pc + 48
core   0: 3 0x80007150 (0x02560863)
core   0: 0x80007154 (0x0000100f) fence.i
core   0: 3 0x80007154 (0x0000100f)
core   0: 0x80007158 (0x01a04933) xor     s2, zero, s10
core   0: 3 0x80007158 (0x01a04933) x18 0x00000000
core   0: 0x8000715c (0x03a2fe63) bgeu    t0, s10, pc + 60
core   0: 3 0x8000715c (0x03a2fe63)
core   0: 0x80007198 (0x005201b3) add     gp, tp, t0
core   0: 3 0x80007198 (0x005201b3) x 3 0x007f0574
core   0: 0x8000719c (0x00c17f33) and     t5, sp, a2
core   0: 3 0x8000719c (0x00c17f33) x30 0x00000001
core   0: 0x800071a0 (0x01ce5993) srli    s3, t3, 28
core   0: 3 0x800071a0 (0x01ce5993) x19 0x00000000
core   0: 0x800071a4 (0x51242713) slti    a4, s0, 1298
core   0: 3 0x800071a4 (0x51242713) x14 0x00000001
core   0: 0x800071a8 (0x00032133) slt     sp, t1, zero
core   0: 3 0x800071a8 (0x00032133) x 2 0x00000000
core   0: 0x800071ac (0x0377e863) bltu    a5, s7, pc + 48
core   0: 3 0x800071ac (0x0377e863)
core   0: 0x800071b0 (0x415ba017) auipc   zero, 0x415ba
core   0: 3 0x800071b0 (0x415ba017)
core   0: 0x800071b4 (0x7d8c0a93) addi    s5, s8, 2008
core   0: 3 0x800071b4 (0x7d8c0a93) x21 0x00000b3a
core   0: 0x800071b8 (0x012f1613) slli    a2, t5, 18
core   0: 3 0x800071b8 (0x012f1613) x12 0x00040000
core   0: 0x800071bc (0x004d7263) bgeu    s10, tp, pc + 4
core   0: 3 0x800071bc (0x004d7263)
core   0: 0x800071c0 (0x032d1863) bne     s10, s2, pc + 48
core   0: 3 0x800071c0 (0x032d1863)
core   0: 0x800071c4 (0x00eb31b3) sltu    gp, s6, a4
core   0: 3 0x800071c4 (0x00eb31b3) x 3 0x00000000
core   0: 0x800071c8 (0x41dc5633) sra     a2, s8, t4
core   0: 3 0x800071c8 (0x41dc5633) x12 0x00000362
core   0: 0x800071cc (0x2c6ef913) andi    s2, t4, 710
core   0: 3 0x800071cc (0x2c6ef913) x18 0x00000000
core   0: 0x800071d0 (0x5d169997) auipc   s3, 0x5d169
core   0: 3 0x800071d0 (0x5d169997) x19 0xdd1701d0
core   0: 0x800071d4 (0x01f06733) or      a4, zero, t6
core   0: 3 0x800071d4 (0x01f06733) x14 0x00000000
core   0: 0x800071d8 (0x00000013) nop
core   0: 3 0x800071d8 (0x00000013)
core   0: 0x800071dc (0x01741593) slli    a1, s0, 23
core   0: 3 0x800071dc (0x01741593) x11 0xb1800000
core   0: 0x800071e0 (0x02198863) beq     s3, ra, pc + 48
core   0: 3 0x800071e0 (0x02198863)
core   0: 0x800071e4 (0x01d31a13) slli    s4, t1, 29
core   0: 3 0x800071e4 (0x01d31a13) x20 0x00000000
core   0: 0x800071e8 (0x01dad2b3) srl     t0, s5, t4
core   0: 3 0x800071e8 (0x01dad2b3) x 5 0x00000b3a
core   0: 0x800071ec (0x44dbba93) sltiu   s5, s7, 1101
core   0: 3 0x800071ec (0x44dbba93) x21 0x00000001
core   0: 0x800071f0 (0x00501a63) bne     zero, t0, pc + 20
core   0: 3 0x800071f0 (0x00501a63)
core   0: 0x80007204 (0x903e1b17) auipc   s6, 0x903e1
core   0: 3 0x80007204 (0x903e1b17) x22 0x103e8204
core   0: 0x80007208 (0x0ff0000f) fence   iorw,iorw
core   0: 3 0x80007208 (0x0ff0000f)
core   0: 0x8000720c (0xec068693) addi    a3, a3, -320
core   0: 3 0x8000720c (0xec068693) x13 0x80028ba4
core   0: 0x80007210 (0x3afa33b7) lui     t2, 0x3afa3
core   0: 3 0x80007210 (0x3afa33b7) x 7 0x3afa3000
core   0: 0x80007214 (0xd974b093) sltiu   ra, s1, -617
core   0: 3 0x80007214 (0xd974b093) x 1 0x00000001
core   0: 0x80007218 (0xf22a4117) auipc   sp, 0xf22a4
core   0: 3 0x80007218 (0xf22a4117) x 2 0x722ab218
core   0: 0x8000721c (0x0000100f) fence.i
core   0: 3 0x8000721c (0x0000100f)
core   0: 0x80007220 (0x01d31913) slli    s2, t1, 29
core   0: 3 0x80007220 (0x01d31913) x18 0x00000000
core   0: 0x80007224 (0x20578b97) auipc   s7, 0x20578
core   0: 3 0x80007224 (0x20578b97) x23 0xa057f224
core   0: 0x80007228 (0x002774b3) and     s1, a4, sp
core   0: 3 0x80007228 (0x002774b3) x 9 0x00000000
core   0: 0x8000722c (0x007ad9b3) srl     s3, s5, t2
core   0: 3 0x8000722c (0x007ad9b3) x19 0x00000001
core   0: 0x80007230 (0x34483913) sltiu   s2, a6, 836
core   0: 3 0x80007230 (0x34483913) x18 0x00000000
core   0: 0x80007234 (0xe5562ab7) lui     s5, 0xe5562
core   0: 3 0x80007234 (0xe5562ab7) x21 0xe5562000
core   0: 0x80007238 (0x016ca1b3) slt     gp, s9, s6
core   0: 3 0x80007238 (0x016ca1b3) x 3 0x00000001
core   0: 0x8000723c (0x00a16233) or      tp, sp, a0
core   0: 3 0x8000723c (0x00a16233) x 4 0x722ab218
core   0: 0x80007240 (0x40fddd93) srai    s11, s11, 15
core   0: 3 0x80007240 (0x40fddd93) x27 0x00000000
core   0: 0x80007244 (0x41c4db33) sra     s6, s1, t3
core   0: 3 0x80007244 (0x41c4db33) x22 0x00000000
core   0: 0x80007248 (0x007574b3) and     s1, a0, t2
core   0: 3 0x80007248 (0x007574b3) x 9 0x00000000
core   0: 0x8000724c (0xa2874d13) xori    s10, a4, -1496
core   0: 3 0x8000724c (0xa2874d13) x26 0xfffffa28
core   0: 0x80007250 (0x00000013) nop
core   0: 3 0x80007250 (0x00000013)
core   0: 0x80007254 (0x0a76c863) blt     a3, t2, pc + 176
core   0: 3 0x80007254 (0x0a76c863)
core   0: 0x80007304 (0xdcb6ae93) slti    t4, a3, -565
core   0: 3 0x80007304 (0xdcb6ae93) x29 0x00000001
core   0: 0x80007308 (0xa870ca93) xori    s5, ra, -1401
core   0: 3 0x80007308 (0xa870ca93) x21 0xfffffa86
core   0: 0x8000730c (0x01eaf263) bgeu    s5, t5, pc + 4
core   0: 3 0x8000730c (0x01eaf263)
core   0: 0x80007310 (0x00499eb3) sll     t4, s3, tp
core   0: 3 0x80007310 (0x00499eb3) x29 0x01000000
core   0: 0x80007314 (0x00d5c233) xor     tp, a1, a3
core   0: 3 0x80007314 (0x00d5c233) x 4 0x31828ba4
core   0: 0x80007318 (0x01d033b3) snez    t2, t4
core   0: 3 0x80007318 (0x01d033b3) x 7 0x00000001
core   0: 0x8000731c (0x41f2d113) srai    sp, t0, 31
core   0: 3 0x8000731c (0x41f2d113) x 2 0x00000000
core   0: 0x80007320 (0x0ff0000f) fence   iorw,iorw
core   0: 3 0x80007320 (0x0ff0000f)
core   0: 0x80007324 (0x01fa61b3) or      gp, s4, t6
core   0: 3 0x80007324 (0x01fa61b3) x 3 0x00000000
core   0: 0x80007328 (0x018bd0b3) srl     ra, s7, s8
core   0: 3 0x80007328 (0x018bd0b3) x 1 0x2815fc89
core   0: 0x8000732c (0x015dbd33) sltu    s10, s11, s5
core   0: 3 0x8000732c (0x015dbd33) x26 0x00000001
core   0: 0x80007330 (0x406851b3) sra     gp, a6, t1
core   0: 3 0x80007330 (0x406851b3) x 3 0x80000000
core   0: 0x80007334 (0x0fb88713) addi    a4, a7, 251
core   0: 3 0x80007334 (0x0fb88713) x14 0x80028ddf
core   0: 0x80007338 (0x24554617) auipc   a2, 0x24554
core   0: 3 0x80007338 (0x24554617) x12 0xa455b338
core   0: 0x8000733c (0xf267b493) sltiu   s1, a5, -218
core   0: 3 0x8000733c (0xf267b493) x 9 0x00000001
core   0: 0x80007340 (0x00f45bb3) srl     s7, s0, a5
core   0: 3 0x80007340 (0x00f45bb3) x23 0x00000036
core   0: 0x80007344 (0x00a16eb3) or      t4, sp, a0
core   0: 3 0x80007344 (0x00a16eb3) x29 0x00000000
core   0: 0x80007348 (0x00c653b3) srl     t2, a2, a2
core   0: 3 0x80007348 (0x00c653b3) x 7 0x000000a4
core   0: 0x8000734c (0x005f6c63) bltu    t5, t0, pc + 24
core   0: 3 0x8000734c (0x005f6c63)
core   0: 0x80007364 (0x00000013) nop
core   0: 3 0x80007364 (0x00000013)
core   0: 0x80007368 (0x007ee0b3) or      ra, t4, t2
core   0: 3 0x80007368 (0x007ee0b3) x 1 0x000000a4
core   0: 0x8000736c (0x02db9063) bne     s7, a3, pc + 32
core   0: 3 0x8000736c (0x02db9063)
core   0: 0x8000738c (0x00cc5193) srli    gp, s8, 12
core   0: 3 0x8000738c (0x00cc5193) x 3 0x00000000
core   0: 0x80007390 (0x00000013) nop
core   0: 3 0x80007390 (0x00000013)
core   0: 0x80007394 (0x03f7fc63) bgeu    a5, t6, pc + 56
core   0: 3 0x80007394 (0x03f7fc63)
core   0: 0x800073cc (0x004e4eb3) xor     t4, t3, tp
core   0: 3 0x800073cc (0x004e4eb3) x29 0x31828ba3
core   0: 0x800073d0 (0x04e08663) beq     ra, a4, pc + 76
core   0: 3 0x800073d0 (0x04e08663)
core   0: 0x800073d4 (0x0002fdb3) and     s11, t0, zero
core   0: 3 0x800073d4 (0x0002fdb3) x27 0x00000000
core   0: 0x800073d8 (0x00000013) nop
core   0: 3 0x800073d8 (0x00000013)
core   0: 0x800073dc (0x006f9333) sll     t1, t6, t1
core   0: 3 0x800073dc (0x006f9333) x 6 0x00000000
core   0: 0x800073e0 (0x410d5293) srai    t0, s10, 16
core   0: 3 0x800073e0 (0x410d5293) x 5 0x00000000
core   0: 0x800073e4 (0x00000013) nop
core   0: 3 0x800073e4 (0x00000013)
core   0: 0x800073e8 (0x40f58033) sub     zero, a1, a5
core   0: 3 0x800073e8 (0x40f58033)
core   0: 0x800073ec (0x05820863) beq     tp, s8, pc + 80
core   0: 3 0x800073ec (0x05820863)
core   0: 0x800073f0 (0x1fdb3d13) sltiu   s10, s6, 509
core   0: 3 0x800073f0 (0x1fdb3d13) x26 0x00000001
core   0: 0x800073f4 (0x00755bb3) srl     s7, a0, t2
core   0: 3 0x800073f4 (0x00755bb3) x23 0x00000000
core   0: 0x800073f8 (0x00c9dab3) srl     s5, s3, a2
core   0: 3 0x800073f8 (0x00c9dab3) x21 0x00000000
core   0: 0x800073fc (0x6401eb13) ori     s6, gp, 1600
core   0: 3 0x800073fc (0x6401eb13) x22 0x00000640
core   0: 0x80007400 (0x00f7f4b3) and     s1, a5, a5
core   0: 3 0x80007400 (0x00f7f4b3) x 9 0x80024e04
core   0: 0x80007404 (0x00ac8533) add     a0, s9, a0
core   0: 3 0x80007404 (0x00ac8533) x10 0xfffc8a74
core   0: 0x80007408 (0x929e2937) lui     s2, 0x929e2
core   0: 3 0x80007408 (0x929e2937) x18 0x929e2000
core   0: 0x8000740c (0x018ec9b3) xor     s3, t4, s8
core   0: 3 0x8000740c (0x018ec9b3) x19 0x318288c1
core   0: 0x80007410 (0x01a7f863) bgeu    a5, s10, pc + 16
core   0: 3 0x80007410 (0x01a7f863)
core   0: 0x80007420 (0x22d8f013) andi    zero, a7, 557
core   0: 3 0x80007420 (0x22d8f013)
core   0: 0x80007424 (0x01c68d33) add     s10, a3, t3
core   0: 3 0x80007424 (0x01c68d33) x26 0x80028bab
core   0: 0x80007428 (0x00aafd33) and     s10, s5, a0
core   0: 3 0x80007428 (0x00aafd33) x26 0x00000000
core   0: 0x8000742c (0x6ed23013) sltiu   zero, tp, 1773
core   0: 3 0x8000742c (0x6ed23013)
core   0: 0x80007430 (0x05385463) bge     a6, s3, pc + 72
core   0: 3 0x80007430 (0x05385463)
core   0: 0x80007434 (0x40345eb3) sra     t4, s0, gp
core   0: 3 0x80007434 (0x40345eb3) x29 0x00000363
core   0: 0x80007438 (0x01864e33) xor     t3, a2, s8
core   0: 3 0x80007438 (0x01864e33) x28 0xa455b05a
core   0: 0x8000743c (0x01851513) slli    a0, a0, 24
core   0: 3 0x8000743c (0x01851513) x10 0x74000000
core   0: 0x80007440 (0x00fa5463) bge     s4, a5, pc + 8
core   0: 3 0x80007440 (0x00fa5463)
core   0: 0x80007448 (0x405c5f13) srai    t5, s8, 5
core   0: 3 0x80007448 (0x405c5f13) x30 0x0000001b
core   0: 0x8000744c (0x00fca633) slt     a2, s9, a5
core   0: 3 0x8000744c (0x00fca633) x12 0x00000000
core   0: 0x80007450 (0x012a9a13) slli    s4, s5, 18
core   0: 3 0x80007450 (0x012a9a13) x20 0x00000000
core   0: 0x80007454 (0x75f4f193) andi    gp, s1, 1887
core   0: 3 0x80007454 (0x75f4f193) x 3 0x00000604
core   0: 0x80007458 (0x01445e33) srl     t3, s0, s4
core   0: 3 0x80007458 (0x01445e33) x28 0x00000363
core   0: 0x8000745c (0x4171dab3) sra     s5, gp, s7
core   0: 3 0x8000745c (0x4171dab3) x21 0x00000604
core   0: 0x80007460 (0x02047863) bgeu    s0, zero, pc + 48
core   0: 3 0x80007460 (0x02047863)
core   0: 0x80007490 (0xf59fff93) andi    t6, t6, -167
core   0: 3 0x80007490 (0xf59fff93) x31 0x00000000
core   0: 0x80007494 (0x066c4737) lui     a4, 0x66c4
core   0: 3 0x80007494 (0x066c4737) x14 0x066c4000
core   0: 0x80007498 (0x006baeb3) slt     t4, s7, t1
core   0: 3 0x80007498 (0x006baeb3) x29 0x00000000
core   0: 0x8000749c (0x004ad113) srli    sp, s5, 4
core   0: 3 0x8000749c (0x004ad113) x 2 0x00000060
core   0: 0x800074a0 (0x01277033) and     zero, a4, s2
core   0: 3 0x800074a0 (0x01277033)
core   0: 0x800074a4 (0x6cec8913) addi    s2, s9, 1742
core   0: 3 0x800074a4 (0x6cec8913) x18 0xfffc9142
core   0: 0x800074a8 (0x00142fb3) slt     t6, s0, ra
core   0: 3 0x800074a8 (0x00142fb3) x31 0x00000000
core   0: 0x800074ac (0x04c25663) bge     tp, a2, pc + 76
core   0: 3 0x800074ac (0x04c25663)
core   0: 0x800074f8 (0xe258eb93) ori     s7, a7, -475
core   0: 3 0x800074f8 (0xe258eb93) x23 0xfffffee5
core   0: 0x800074fc (0x0576f463) bgeu    a3, s7, pc + 72
core   0: 3 0x800074fc (0x0576f463)
core   0: 0x80007500 (0x01fc6e63) bltu    s8, t6, pc + 28
core   0: 3 0x80007500 (0x01fc6e63)
core   0: 0x80007504 (0xe9ef4913) xori    s2, t5, -354
core   0: 3 0x80007504 (0xe9ef4913) x18 0xfffffe85
core   0: 0x80007508 (0x9d16cf37) lui     t5, 0x9d16c
core   0: 3 0x80007508 (0x9d16cf37) x30 0x9d16c000
core   0: 0x8000750c (0x013c8e33) add     t3, s9, s3
core   0: 3 0x8000750c (0x013c8e33) x28 0x317f1335
core   0: 0x80007510 (0x01bbc263) blt     s7, s11, pc + 4
core   0: 3 0x80007510 (0x01bbc263)
core   0: 0x80007514 (0x01465fb3) srl     t6, a2, s4
core   0: 3 0x80007514 (0x01465fb3) x31 0x00000000
core   0: 0x80007518 (0x00aee0b3) or      ra, t4, a0
core   0: 3 0x80007518 (0x00aee0b3) x 1 0x74000000
core   0: 0x8000751c (0x0109ad33) slt     s10, s3, a6
core   0: 3 0x8000751c (0x0109ad33) x26 0x00000000
core   0: 0x80007520 (0xe40cff93) andi    t6, s9, -448
core   0: 3 0x80007520 (0xe40cff93) x31 0xfffc8a40
core   0: 0x80007524 (0x0ff0000f) fence   iorw,iorw
core   0: 3 0x80007524 (0x0ff0000f)
core   0: 0x80007528 (0x6822f493) andi    s1, t0, 1666
core   0: 3 0x80007528 (0x6822f493) x 9 0x00000000
core   0: 0x8000752c (0x018ab9b3) sltu    s3, s5, s8
core   0: 3 0x8000752c (0x018ab9b3) x19 0x00000000
core   0: 0x80007530 (0x81024113) xori    sp, tp, -2032
core   0: 3 0x80007530 (0x81024113) x 2 0xce7d73b4
core   0: 0x80007534 (0x6e7a9a37) lui     s4, 0x6e7a9
core   0: 3 0x80007534 (0x6e7a9a37) x20 0x6e7a9000
core   0: 0x80007538 (0x0c2e6f37) lui     t5, 0xc2e6
core   0: 3 0x80007538 (0x0c2e6f37) x30 0x0c2e6000
core   0: 0x8000753c (0x01828cb3) add     s9, t0, s8
core   0: 3 0x8000753c (0x01828cb3) x25 0x00000362
core   0: 0x80007540 (0x50cb3a13) sltiu   s4, s6, 1292
core   0: 3 0x80007540 (0x50cb3a13) x20 0x00000000
core   0: 0x80007544 (0x041ad863) bge     s5, ra, pc + 80
core   0: 3 0x80007544 (0x041ad863)
core   0: 0x80007548 (0x00000013) nop
core   0: 3 0x80007548 (0x00000013)
core   0: 0x8000754c (0x0011e1b3) or      gp, gp, ra
core   0: 3 0x8000754c (0x0011e1b3) x 3 0x74000604
core   0: 0x80007550 (0x00589313) slli    t1, a7, 5
core   0: 3 0x80007550 (0x00589313) x 6 0x00519c80
core   0: 0x80007554 (0x01186533) or      a0, a6, a7
core   0: 3 0x80007554 (0x01186533) x10 0x80028ce4
core   0: 0x80007558 (0x03a88c93) addi    s9, a7, 58
core   0: 3 0x80007558 (0x03a88c93) x25 0x80028d1e
core   0: 0x8000755c (0xe4904993) xori    s3, zero, -439
core   0: 3 0x8000755c (0xe4904993) x19 0xfffffe49
core   0: 0x80007560 (0x0000100f) fence.i
core   0: 3 0x80007560 (0x0000100f)
core   0: 0x80007564 (0x040d0463) beqz    s10, pc + 72
core   0: 3 0x80007564 (0x040d0463)
core   0: 0x800075ac (0x00279263) bne     a5, sp, pc + 4
core   0: 3 0x800075ac (0x00279263)
core   0: 0x800075b0 (0x255f0613) addi    a2, t5, 597
core   0: 3 0x800075b0 (0x255f0613) x12 0x0c2e6255
core   0: 0x800075b4 (0x00ec9313) slli    t1, s9, 14
core   0: 3 0x800075b4 (0x00ec9313) x 6 0xa3478000
core   0: 0x800075b8 (0x01ad6fb3) or      t6, s10, s10
core   0: 3 0x800075b8 (0x01ad6fb3) x31 0x00000000
core   0: 0x800075bc (0x00a0e733) or      a4, ra, a0
core   0: 3 0x800075bc (0x00a0e733) x14 0xf4028ce4
core   0: 0x800075c0 (0x01145a63) bge     s0, a7, pc + 20
core   0: 3 0x800075c0 (0x01145a63)
core   0: 0x800075d4 (0x04486663) bltu    a6, tp, pc + 76
core   0: 3 0x800075d4 (0x04486663)
core   0: 0x800075d8 (0x9d21cfb7) lui     t6, 0x9d21c
core   0: 3 0x800075d8 (0x9d21cfb7) x31 0x9d21c000
core   0: 0x800075dc (0x00fe60b3) or      ra, t3, a5
core   0: 3 0x800075dc (0x00fe60b3) x 1 0xb17f5f35
core   0: 0x800075e0 (0xd965ff93) andi    t6, a1, -618
core   0: 3 0x800075e0 (0xd965ff93) x31 0xb1800000
core   0: 0x800075e4 (0x58837c93) andi    s9, t1, 1416
core   0: 3 0x800075e4 (0x58837c93) x25 0x00000000
core   0: 0x800075e8 (0x11974513) xori    a0, a4, 281
core   0: 3 0x800075e8 (0x11974513) x10 0xf4028dfd
core   0: 0x800075ec (0x022bfc63) bgeu    s7, sp, pc + 56
core   0: 3 0x800075ec (0x022bfc63)
core   0: 0x80007624 (0x004001b3) add     gp, zero, tp
core   0: 3 0x80007624 (0x004001b3) x 3 0x31828ba4
core   0: 0x80007628 (0x025b7663) bgeu    s6, t0, pc + 44
core   0: 3 0x80007628 (0x025b7663)
core   0: 0x80007654 (0xd6d13c13) sltiu   s8, sp, -659
core   0: 3 0x80007654 (0xd6d13c13) x24 0x00000001
core   0: 0x80007658 (0x0ff0000f) fence   iorw,iorw
core   0: 3 0x80007658 (0x0ff0000f)
core   0: 0x8000765c (0x023ed863) bge     t4, gp, pc + 48
core   0: 3 0x8000765c (0x023ed863)
core   0: 0x80007660 (0x00000013) nop
core   0: 3 0x80007660 (0x00000013)
core   0: 0x80007664 (0x3a137e97) auipc   t4, 0x3a137
core   0: 3 0x80007664 (0x3a137e97) x29 0xba13e664
core   0: 0x80007668 (0x6ff93393) sltiu   t2, s2, 1791
core   0: 3 0x80007668 (0x6ff93393) x 7 0x00000000
core   0: 0x8000766c (0x00e46263) bltu    s0, a4, pc + 4
core   0: 3 0x8000766c (0x00e46263)
core   0: 0x80007670 (0x4157d3b3) sra     t2, a5, s5
core   0: 3 0x80007670 (0x4157d3b3) x 7 0xf80024e0
core   0: 0x80007674 (0x411d5193) srai    gp, s10, 17
core   0: 3 0x80007674 (0x411d5193) x 3 0x00000000
core   0: 0x80007678 (0x05198863) beq     s3, a7, pc + 80
core   0: 3 0x80007678 (0x05198863)
core   0: 0x8000767c (0x034b9863) bne     s7, s4, pc + 48
core   0: 3 0x8000767c (0x034b9863)
core   0: 0x800076ac (0x0000100f) fence.i
core   0: 3 0x800076ac (0x0000100f)
core   0: 0x800076b0 (0x01c55633) srl     a2, a0, t3
core   0: 3 0x800076b0 (0x01c55633) x12 0x000007a0
core   0: 0x800076b4 (0x043a4463) blt     s4, gp, pc + 72
core   0: 3 0x800076b4 (0x043a4463)
core   0: 0x800076b8 (0x04848463) beq     s1, s0, pc + 72
core   0: 3 0x800076b8 (0x04848463)
core   0: 0x800076bc (0x010d8e33) add     t3, s11, a6
core   0: 3 0x800076bc (0x010d8e33) x28 0x80000000
core   0: 0x800076c0 (0x00dd44b3) xor     s1, s10, a3
core   0: 3 0x800076c0 (0x00dd44b3) x 9 0x80028ba4
core   0: 0x800076c4 (0x02a19c63) bne     gp, a0, pc + 56
core   0: 3 0x800076c4 (0x02a19c63)
core   0: 0x800076fc (0x03ff6863) bltu    t5, t6, pc + 48
core   0: 3 0x800076fc (0x03ff6863)
core   0: 0x8000772c (0x954d6913) ori     s2, s10, -1708
core   0: 3 0x8000772c (0x954d6913) x18 0xfffff954
core   0: 0x80007730 (0x9bd54193) xori    gp, a0, -1603
core   0: 3 0x80007730 (0x9bd54193) x 3 0x0bfd7440
core   0: 0x80007734 (0x111b5337) lui     t1, 0x111b5
core   0: 3 0x80007734 (0x111b5337) x 6 0x111b5000
core   0: 0x80007738 (0x63208b93) addi    s7, ra, 1586
core   0: 3 0x80007738 (0x63208b93) x23 0xb17f6567
core   0: 0x8000773c (0x0ff0000f) fence   iorw,iorw
core   0: 3 0x8000773c (0x0ff0000f)
core   0: 0x80007740 (0x1d7b8993) addi    s3, s7, 471
core   0: 3 0x80007740 (0x1d7b8993) x19 0xb17f673e
core   0: 0x80007744 (0x40a380b3) sub     ra, t2, a0
core   0: 3 0x80007744 (0x40a380b3) x 1 0x03fd96e3
core   0: 0x80007748 (0xde4c6693) ori     a3, s8, -540
core   0: 3 0x80007748 (0xde4c6693) x13 0xfffffde5
core   0: 0x8000774c (0x00187e33) and     t3, a6, ra
core   0: 3 0x8000774c (0x00187e33) x28 0x00000000
core   0: 0x80007750 (0x016b6f13) ori     t5, s6, 22
core   0: 3 0x80007750 (0x016b6f13) x30 0x00000656
core   0: 0x80007754 (0x00e88d33) add     s10, a7, a4
core   0: 3 0x80007754 (0x00e88d33) x26 0x740519c8
core   0: 0x80007758 (0x000caa33) slt     s4, s9, zero
core   0: 3 0x80007758 (0x000caa33) x20 0x00000000
core   0: 0x8000775c (0x00eddc13) srli    s8, s11, 14
core   0: 3 0x8000775c (0x00eddc13) x24 0x00000000
core   0: 0x80007760 (0x3d71aa13) slti    s4, gp, 983
core   0: 3 0x80007760 (0x3d71aa13) x20 0x00000000
core   0: 0x80007764 (0x00d8dc93) srli    s9, a7, 13
core   0: 3 0x80007764 (0x00d8dc93) x25 0x00040014
core   0: 0x80007768 (0x00000013) nop
core   0: 3 0x80007768 (0x00000013)
core   0: 0x8000776c (0x0674da17) auipc   s4, 0x674d
core   0: 3 0x8000776c (0x0674da17) x20 0x8675476c
core   0: 0x80007770 (0x00db0db3) add     s11, s6, a3
core   0: 3 0x80007770 (0x00db0db3) x27 0x00000425
core   0: 0x80007774 (0xf41efc93) andi    s9, t4, -191
core   0: 3 0x80007774 (0xf41efc93) x25 0xba13e640
core   0: 0x80007778 (0x3e137a13) andi    s4, t1, 993
core   0: 3 0x80007778 (0x3e137a13) x20 0x00000000
core   0: 0x8000777c (0x00443ab3) sltu    s5, s0, tp
core   0: 3 0x8000777c (0x00443ab3) x21 0x00000001
core   0: 0x80007780 (0x038fd863) bge     t6, s8, pc + 48
core   0: 3 0x80007780 (0x038fd863)
core   0: 0x80007784 (0x01b45693) srli    a3, s0, 27
core   0: 3 0x80007784 (0x01b45693) x13 0x00000000
core   0: 0x80007788 (0x380e1997) auipc   s3, 0x380e1
core   0: 3 0x80007788 (0x380e1997) x19 0xb80e8788
core   0: 0x8000778c (0x002c7433) and     s0, s8, sp
core   0: 3 0x8000778c (0x002c7433) x 8 0x00000000
core   0: 0x80007790 (0xbd07f993) andi    s3, a5, -1072
core   0: 3 0x80007790 (0xbd07f993) x19 0x80024a00
core   0: 0x80007794 (0xcb337f13) andi    t5, t1, -845
core   0: 3 0x80007794 (0xcb337f13) x30 0x111b5000
core   0: 0x80007798 (0xd3d2e913) ori     s2, t0, -707
core   0: 3 0x80007798 (0xd3d2e913) x18 0xfffffd3d
core   0: 0x8000779c (0xad460293) addi    t0, a2, -1324
core   0: 3 0x8000779c (0xad460293) x 5 0x00000274
core   0: 0x800077a0 (0x000a3cb3) sltu    s9, s4, zero
core   0: 3 0x800077a0 (0x000a3cb3) x25 0x00000000
core   0: 0x800077a4 (0x415a5a93) srai    s5, s4, 21
core   0: 3 0x800077a4 (0x415a5a93) x21 0x00000000
core   0: 0x800077a8 (0x00000013) nop
core   0: 3 0x800077a8 (0x00000013)
core   0: 0x800077ac (0xcda92f17) auipc   t5, 0xcda92
core   0: 3 0x800077ac (0xcda92f17) x30 0x4da997ac
core   0: 0x800077b0 (0x01885e13) srli    t3, a6, 24
core   0: 3 0x800077b0 (0x01885e13) x28 0x00000080
core   0: 0x800077b4 (0x502cce93) xori    t4, s9, 1282
core   0: 3 0x800077b4 (0x502cce93) x29 0x00000502
core   0: 0x800077b8 (0x02514863) blt     sp, t0, pc + 48
core   0: 3 0x800077b8 (0x02514863)
core   0: 0x800077e8 (0x40a95e33) sra     t3, s2, a0
core   0: 3 0x800077e8 (0x40a95e33) x28 0xffffffff
core   0: 0x800077ec (0x01a81db3) sll     s11, a6, s10
core   0: 3 0x800077ec (0x01a81db3) x27 0x00000000
core   0: 0x800077f0 (0x415adf13) srai    t5, s5, 21
core   0: 3 0x800077f0 (0x415adf13) x30 0x00000000
core   0: 0x800077f4 (0x01759f33) sll     t5, a1, s7
core   0: 3 0x800077f4 (0x01759f33) x30 0xc0000000
core   0: 0x800077f8 (0x052f6863) bltu    t5, s2, pc + 80
core   0: 3 0x800077f8 (0x052f6863)
core   0: 0x80007848 (0x4065d6b3) sra     a3, a1, t1
core   0: 3 0x80007848 (0x4065d6b3) x13 0xb1800000
core   0: 0x8000784c (0x02cef863) bgeu    t4, a2, pc + 48
core   0: 3 0x8000784c (0x02cef863)
core   0: 0x80007850 (0x0144d113) srli    sp, s1, 20
core   0: 3 0x80007850 (0x0144d113) x 2 0x00000800
core   0: 0x80007854 (0x04448663) beq     s1, tp, pc + 76
core   0: 3 0x80007854 (0x04448663)
core   0: 0x80007858 (0x034bee63) bltu    s7, s4, pc + 60
core   0: 3 0x80007858 (0x034bee63)
core   0: 0x8000785c (0x01371d13) slli    s10, a4, 19
core   0: 3 0x8000785c (0x01371d13) x26 0x67200000
core   0: 0x80007860 (0x00191c13) slli    s8, s2, 1
core   0: 3 0x80007860 (0x00191c13) x24 0xfffffa7a
core   0: 0x80007864 (0x01741263) bne     s0, s7, pc + 4
core   0: 3 0x80007864 (0x01741263)
core   0: 0x80007868 (0x045d9263) bne     s11, t0, pc + 68
core   0: 3 0x80007868 (0x045d9263)
core   0: 0x800078ac (0x076b7113) andi    sp, s6, 118
core   0: 3 0x800078ac (0x076b7113) x 2 0x00000040
core   0: 0x800078b0 (0x01319e63) bne     gp, s3, pc + 28
core   0: 3 0x800078b0 (0x01319e63)
core   0: 0x800078cc (0x03cec663) blt     t4, t3, pc + 44
core   0: 3 0x800078cc (0x03cec663)
core   0: 0x800078d0 (0x00240a63) beq     s0, sp, pc + 20
core   0: 3 0x800078d0 (0x00240a63)
core   0: 0x800078d4 (0x007d4133) xor     sp, s10, t2
core   0: 3 0x800078d4 (0x007d4133) x 2 0x9f2024e0
core   0: 0x800078d8 (0x408b5f33) sra     t5, s6, s0
core   0: 3 0x800078d8 (0x408b5f33) x30 0x00000640
core   0: 0x800078dc (0x04f0d463) bge     ra, a5, pc + 72
core   0: 3 0x800078dc (0x04f0d463)
core   0: 0x80007924 (0x0049d093) srli    ra, s3, 4
core   0: 3 0x80007924 (0x0049d093) x 1 0x080024a0
core   0: 0x80007928 (0x0000100f) fence.i
core   0: 3 0x80007928 (0x0000100f)
core   0: 0x8000792c (0xd85c5037) lui     zero, 0xd85c5
core   0: 3 0x8000792c (0xd85c5037)
core   0: 0x80007930 (0x01955933) srl     s2, a0, s9
core   0: 3 0x80007930 (0x01955933) x18 0xf4028dfd
core   0: 0x80007934 (0x0037d263) bge     a5, gp, pc + 4
core   0: 3 0x80007934 (0x0037d263)
core   0: 0x80007938 (0x01594533) xor     a0, s2, s5
core   0: 3 0x80007938 (0x01594533) x10 0xf4028dfd
core   0: 0x8000793c (0x8fef3393) sltiu   t2, t5, -1794
core   0: 3 0x8000793c (0x8fef3393) x 7 0x00000001
core   0: 0x80007940 (0x0000100f) fence.i
core   0: 3 0x80007940 (0x0000100f)
core   0: 0x80007944 (0x056cc263) blt     s9, s6, pc + 68
core   0: 3 0x80007944 (0x056cc263)
core   0: 0x80007988 (0x00214a33) xor     s4, sp, sp
core   0: 3 0x80007988 (0x00214a33) x20 0x00000000
core   0: 0x8000798c (0x0139bfb3) sltu    t6, s3, s3
core   0: 3 0x8000798c (0x0139bfb3) x31 0x00000000
core   0: 0x80007990 (0x05e97463) bgeu    s2, t5, pc + 72
core   0: 3 0x80007990 (0x05e97463)
core   0: 0x800079d8 (0x417a54b3) sra     s1, s4, s7
core   0: 3 0x800079d8 (0x417a54b3) x 9 0x00000000
core   0: 0x800079dc (0x41f5d1b3) sra     gp, a1, t6
core   0: 3 0x800079dc (0x41f5d1b3) x 3 0xb1800000
core   0: 0x800079e0 (0x0511c463) blt     gp, a7, pc + 72
core   0: 3 0x800079e0 (0x0511c463)
core   0: 0x800079e4 (0x00141513) slli    a0, s0, 1
core   0: 3 0x800079e4 (0x00141513) x10 0x00000000
core   0: 0x800079e8 (0x01510c33) add     s8, sp, s5
core   0: 3 0x800079e8 (0x01510c33) x24 0x9f2024e0
core   0: 0x800079ec (0x034f5863) bge     t5, s4, pc + 48
core   0: 3 0x800079ec (0x034f5863)
core   0: 0x80007a1c (0xd0aa6193) ori     gp, s4, -758
core   0: 3 0x80007a1c (0xd0aa6193) x 3 0xfffffd0a
core   0: 0x80007a20 (0x02904e63) blt     zero, s1, pc + 60
core   0: 3 0x80007a20 (0x02904e63)
core   0: 0x80007a24 (0x410359b3) sra     s3, t1, a6
core   0: 3 0x80007a24 (0x410359b3) x19 0x111b5000
core   0: 0x80007a28 (0x40cd59b3) sra     s3, s10, a2
core   0: 3 0x80007a28 (0x40cd59b3) x19 0x67200000
core   0: 0x80007a2c (0x01958263) beq     a1, s9, pc + 4
core   0: 3 0x80007a2c (0x01958263)
core   0: 0x80007a30 (0x03849863) bne     s1, s8, pc + 48
core   0: 3 0x80007a30 (0x03849863)
core   0: 0x80007a60 (0x42df4193) xori    gp, t5, 1069
core   0: 3 0x80007a60 (0x42df4193) x 3 0x0000026d
core   0: 0x80007a64 (0x11587513) andi    a0, a6, 277
core   0: 3 0x80007a64 (0x11587513) x10 0x00000000
core   0: 0x80007a68 (0x0442f863) bgeu    t0, tp, pc + 80
core   0: 3 0x80007a68 (0x0442f863)
core   0: 0x80007a6c (0xf5bb66b7) lui     a3, 0xf5bb6
core   0: 3 0x80007a6c (0xf5bb66b7) x13 0xf5bb6000
core   0: 0x80007a70 (0x00000013) nop
core   0: 3 0x80007a70 (0x00000013)
core   0: 0x80007a74 (0xb130f4b7) lui     s1, 0xb130f
core   0: 3 0x80007a74 (0xb130f4b7) x 9 0xb130f000
core   0: 0x80007a78 (0x43ec7e13) andi    t3, s8, 1086
core   0: 3 0x80007a78 (0x43ec7e13) x28 0x00000420
core   0: 0x80007a7c (0x00885fb3) srl     t6, a6, s0
core   0: 3 0x80007a7c (0x00885fb3) x31 0x80000000
core   0: 0x80007a80 (0xeaf49437) lui     s0, 0xeaf49
core   0: 3 0x80007a80 (0xeaf49437) x 8 0xeaf49000
core   0: 0x80007a84 (0x0099c9b3) xor     s3, s3, s1
core   0: 3 0x80007a84 (0x0099c9b3) x19 0xd610f000
core   0: 0x80007a88 (0x009a9c13) slli    s8, s5, 9
core   0: 3 0x80007a88 (0x009a9c13) x24 0x00000000
core   0: 0x80007a8c (0x000bbb33) sltu    s6, s7, zero
core   0: 3 0x80007a8c (0x000bbb33) x22 0x00000000
core   0: 0x80007a90 (0x058c8463) beq     s9, s8, pc + 72
core   0: 3 0x80007a90 (0x058c8463)
core   0: 0x80007ad8 (0x034e0663) beq     t3, s4, pc + 44
core   0: 3 0x80007ad8 (0x034e0663)
core   0: 0x80007adc (0x00b01c13) slli    s8, zero, 11
core   0: 3 0x80007adc (0x00b01c13) x24 0x00000000
core   0: 0x80007ae0 (0x003f1ab3) sll     s5, t5, gp
core   0: 3 0x80007ae0 (0x003f1ab3) x21 0x00c80000
core   0: 0x80007ae4 (0x03155c63) bge     a0, a7, pc + 56
core   0: 3 0x80007ae4 (0x03155c63)
core   0: 0x80007b1c (0xdbfa0013) addi    zero, s4, -577
core   0: 3 0x80007b1c (0xdbfa0013)
core   0: 0x80007b20 (0x00faac33) slt     s8, s5, a5
core   0: 3 0x80007b20 (0x00faac33) x24 0x00000000
core   0: 0x80007b24 (0x0000100f) fence.i
core   0: 3 0x80007b24 (0x0000100f)
core   0: 0x80007b28 (0xceb0b637) lui     a2, 0xceb0b
core   0: 3 0x80007b28 (0xceb0b637) x12 0xceb0b000
core   0: 0x80007b2c (0x72fe4d97) auipc   s11, 0x72fe4
core   0: 3 0x80007b2c (0x72fe4d97) x27 0xf2febb2c
core   0: 0x80007b30 (0x7ef57e13) andi    t3, a0, 2031
core   0: 3 0x80007b30 (0x7ef57e13) x28 0x00000000
core   0: 0x80007b34 (0x010b9213) slli    tp, s7, 16
core   0: 3 0x80007b34 (0x010b9213) x 4 0x65670000
core   0: 0x80007b38 (0x01f7d513) srli    a0, a5, 31
core   0: 3 0x80007b38 (0x01f7d513) x10 0x00000001
core   0: 0x80007b3c (0x01eb72b3) and     t0, s6, t5
core   0: 3 0x80007b3c (0x01eb72b3) x 5 0x00000000
core   0: 0x80007b40 (0x05a16663) bltu    sp, s10, pc + 76
core   0: 3 0x80007b40 (0x05a16663)
core   0: 0x80007b44 (0x675f2293) slti    t0, t5, 1653
core   0: 3 0x80007b44 (0x675f2293) x 5 0x00000001
core   0: 0x80007b48 (0x04abe863) bltu    s7, a0, pc + 80
core   0: 3 0x80007b48 (0x04abe863)
core   0: 0x80007b4c (0x02616863) bltu    sp, t1, pc + 48
core   0: 3 0x80007b4c (0x02616863)
core   0: 0x80007b50 (0x00a71ab3) sll     s5, a4, a0
core   0: 3 0x80007b50 (0x00a71ab3) x21 0xe80519c8
core   0: 0x80007b54 (0x03cc5863) bge     s8, t3, pc + 48
core   0: 3 0x80007b54 (0x03cc5863)
core   0: 0x80007b84 (0x798ce713) ori     a4, s9, 1944
core   0: 3 0x80007b84 (0x798ce713) x14 0x00000798
core   0: 0x80007b88 (0x00876733) or      a4, a4, s0
core   0: 3 0x80007b88 (0x00876733) x14 0xeaf49798
core   0: 0x80007b8c (0x01743db3) sltu    s11, s0, s7
core   0: 3 0x80007b8c (0x01743db3) x27 0x00000000
core   0: 0x80007b90 (0x44ef8e93) addi    t4, t6, 1102
core   0: 3 0x80007b90 (0x44ef8e93) x29 0x8000044e
core   0: 0x80007b94 (0x0470f863) bgeu    ra, t2, pc + 80
core   0: 3 0x80007b94 (0x0470f863)
core   0: 0x80007be4 (0x0025d593) srli    a1, a1, 2
core   0: 3 0x80007be4 (0x0025d593) x11 0x2c600000
core   0: 0x80007be8 (0xe463a993) slti    s3, t2, -442
core   0: 3 0x80007be8 (0xe463a993) x19 0x00000000
core   0: 0x80007bec (0x40f4d733) sra     a4, s1, a5
core   0: 3 0x80007bec (0x40f4d733) x14 0xfb130f00
core   0: 0x80007bf0 (0x01757233) and     tp, a0, s7
core   0: 3 0x80007bf0 (0x01757233) x 4 0x00000001
core   0: 0x80007bf4 (0xce3acd13) xori    s10, s5, -797
core   0: 3 0x80007bf4 (0xce3acd13) x26 0x17fae52b
core   0: 0x80007bf8 (0x01604c33) xor     s8, zero, s6
core   0: 3 0x80007bf8 (0x01604c33) x24 0x00000000
core   0: 0x80007bfc (0x0281f063) bgeu    gp, s0, pc + 32
core   0: 3 0x80007bfc (0x0281f063)
core   0: 0x80007c00 (0x0306c063) blt     a3, a6, pc + 32
core   0: 3 0x80007c00 (0x0306c063)
core   0: 0x80007c04 (0x0ff0000f) fence   iorw,iorw
core   0: 3 0x80007c04 (0x0ff0000f)
core   0: 0x80007c08 (0x01e59263) bne     a1, t5, pc + 4
core   0: 3 0x80007c08 (0x01e59263)
core   0: 0x80007c0c (0x0000100f) fence.i
core   0: 3 0x80007c0c (0x0000100f)
core   0: 0x80007c10 (0x924dfb13) andi    s6, s11, -1756
core   0: 3 0x80007c10 (0x924dfb13) x22 0x00000000
core   0: 0x80007c14 (0x00d093b3) sll     t2, ra, a3
core   0: 3 0x80007c14 (0x00d093b3) x 7 0x080024a0
core   0: 0x80007c18 (0x01019733) sll     a4, gp, a6
core   0: 3 0x80007c18 (0x01019733) x14 0x0000026d
core   0: 0x80007c1c (0x018ed263) bge     t4, s8, pc + 4
core   0: 3 0x80007c1c (0x018ed263)
core   0: 0x80007c20 (0x0a0b6e93) ori     t4, s6, 160
core   0: 3 0x80007c20 (0x0a0b6e93) x29 0x000000a0
core   0: 0x80007c24 (0x014bb9b3) sltu    s3, s7, s4
core   0: 3 0x80007c24 (0x014bb9b3) x19 0x00000000
core   0: 0x80007c28 (0xc046fe93) andi    t4, a3, -1020
core   0: 3 0x80007c28 (0xc046fe93) x29 0xf5bb6000
core   0: 0x80007c2c (0x418f8a33) sub     s4, t6, s8
core   0: 3 0x80007c2c (0x418f8a33) x20 0x80000000
core   0: 0x80007c30 (0x40815413) srai    s0, sp, 8
core   0: 3 0x80007c30 (0x40815413) x 8 0xff9f2024
core   0: 0x80007c34 (0x0ff0000f) fence   iorw,iorw
core   0: 3 0x80007c34 (0x0ff0000f)
core   0: 0x80007c38 (0x0ff0000f) fence   iorw,iorw
core   0: 3 0x80007c38 (0x0ff0000f)
core   0: 0x80007c3c (0xb1313b93) sltiu   s7, sp, -1261
core   0: 3 0x80007c3c (0xb1313b93) x23 0x00000001
core   0: 0x80007c40 (0x00000013) nop
core   0: 3 0x80007c40 (0x00000013)
core   0: 0x80007c44 (0xffc00113) li      sp, -4
core   0: 3 0x80007c44 (0xffc00113) x 2 0xfffffffc
core   0: 0x80007c48 (0x00600713) li      a4, 6
core   0: 3 0x80007c48 (0x00600713) x14 0x00000006
core   0: 0x80007c4c (0x02ec7313) andi    t1, s8, 46
core   0: 3 0x80007c4c (0x02ec7313) x 6 0x00000000
core   0: 0x80007c50 (0x00110113) addi    sp, sp, 1
core   0: 3 0x80007c50 (0x00110113) x 2 0xfffffffd
core   0: 0x80007c54 (0xffb00a93) li      s5, -5
core   0: 3 0x80007c54 (0xffb00a93) x21 0xfffffffb
core   0: 0x80007c58 (0xffc00c13) li      s8, -4
core   0: 3 0x80007c58 (0xffc00c13) x24 0xfffffffc
core   0: 0x80007c5c (0x17a9d597) auipc   a1, 0x17a9d
core   0: 3 0x80007c5c (0x17a9d597) x11 0x97aa4c5c
core   0: 0x80007c60 (0x001a8a93) addi    s5, s5, 1
core   0: 3 0x80007c60 (0x001a8a93) x21 0xfffffffc
core   0: 0x80007c64 (0xff8acce3) blt     s5, s8, pc - 8
core   0: 3 0x80007c64 (0xff8acce3)
core   0: 0x80007c68 (0xfee102e3) beq     sp, a4, pc - 28
core   0: 3 0x80007c68 (0xfee102e3)
core   0: 0x80007c6c (0x01914cb3) xor     s9, sp, s9
core   0: 3 0x80007c6c (0x01914cb3) x25 0xfffffffd
core   0: 0x80007c70 (0x00000013) nop
core   0: 3 0x80007c70 (0x00000013)
core   0: 0x80007c74 (0x9b196913) ori     s2, s2, -1615
core   0: 3 0x80007c74 (0x9b196913) x18 0xfffffdfd
core   0: 0x80007c78 (0x00de9313) slli    t1, t4, 13
core   0: 3 0x80007c78 (0x00de9313) x 6 0x6c000000
core   0: 0x80007c7c (0x047ed863) bge     t4, t2, pc + 80
core   0: 3 0x80007c7c (0x047ed863)
core   0: 0x80007c80 (0x03fe7863) bgeu    t3, t6, pc + 48
core   0: 3 0x80007c80 (0x03fe7863)
core   0: 0x80007c84 (0x4cc34393) xori    t2, t1, 1228
core   0: 3 0x80007c84 (0x4cc34393) x 7 0x6c0004cc
core   0: 0x80007c88 (0x041c1263) bne     s8, ra, pc + 68
core   0: 3 0x80007c88 (0x041c1263)
core   0: 0x80007ccc (0xe25fe913) ori     s2, t6, -475
core   0: 3 0x80007ccc (0xe25fe913) x18 0xfffffe25
core   0: 0x80007cd0 (0x0593f663) bgeu    t2, s9, pc + 76
core   0: 3 0x80007cd0 (0x0593f663)
core   0: 0x80007cd4 (0xc2554293) xori    t0, a0, -987
core   0: 3 0x80007cd4 (0xc2554293) x 5 0xfffffc24
core   0: 0x80007cd8 (0x00000013) nop
core   0: 3 0x80007cd8 (0x00000013)
core   0: 0x80007cdc (0x8f2b4493) xori    s1, s6, -1806
core   0: 3 0x80007cdc (0x8f2b4493) x 9 0xfffff8f2
core   0: 0x80007ce0 (0x01ceff33) and     t5, t4, t3
core   0: 3 0x80007ce0 (0x01ceff33) x30 0x00000000
core   0: 0x80007ce4 (0x97bbdc97) auipc   s9, 0x97bbd
core   0: 3 0x80007ce4 (0x97bbdc97) x25 0x17bc4ce4
core   0: 0x80007ce8 (0x40095c13) srai    s8, s2, 0
core   0: 3 0x80007ce8 (0x40095c13) x24 0xfffffe25
core   0: 0x80007cec (0xe6b8f493) andi    s1, a7, -405
core   0: 3 0x80007cec (0xe6b8f493) x 9 0x80028c60
core   0: 0x80007cf0 (0x717ead13) slti    s10, t4, 1815
core   0: 3 0x80007cf0 (0x717ead13) x26 0x00000001
core   0: 0x80007cf4 (0x00e876b3) and     a3, a6, a4
core   0: 3 0x80007cf4 (0x00e876b3) x13 0x00000000
core   0: 0x80007cf8 (0x37c11517) auipc   a0, 0x37c11
core   0: 3 0x80007cf8 (0x37c11517) x10 0xb7c18cf8
core   0: 0x80007cfc (0x15e6b197) auipc   gp, 0x15e6b
core   0: 3 0x80007cfc (0x15e6b197) x 3 0x95e72cfc
core   0: 0x80007d00 (0xe455b393) sltiu   t2, a1, -443
core   0: 3 0x80007d00 (0xe455b393) x 7 0x00000001
core   0: 0x80007d04 (0x000b7a33) and     s4, s6, zero
core   0: 3 0x80007d04 (0x000b7a33) x20 0x00000000
core   0: 0x80007d08 (0x03495517) auipc   a0, 0x3495
core   0: 3 0x80007d08 (0x03495517) x10 0x8349cd08
core   0: 0x80007d0c (0x41a75593) srai    a1, a4, 26
core   0: 3 0x80007d0c (0x41a75593) x11 0x00000000
core   0: 0x80007d10 (0x63404193) xori    gp, zero, 1588
core   0: 3 0x80007d10 (0x63404193) x 3 0x00000634
core   0: 0x80007d14 (0x0936e263) bltu    a3, s3, pc + 132
core   0: 3 0x80007d14 (0x0936e263)
core   0: 0x80007d18 (0x2306b293) sltiu   t0, a3, 560
core   0: 3 0x80007d18 (0x2306b293) x 5 0x00000001
core   0: 0x80007d1c (0x0103fc33) and     s8, t2, a6
core   0: 3 0x80007d1c (0x0103fc33) x24 0x00000000
core   0: 0x80007d20 (0x4f7b7a13) andi    s4, s6, 1271
core   0: 3 0x80007d20 (0x4f7b7a13) x20 0x00000000
core   0: 0x80007d24 (0x01ee40b3) xor     ra, t3, t5
core   0: 3 0x80007d24 (0x01ee40b3) x 1 0x00000000
core   0: 0x80007d28 (0x06039a63) bnez    t2, pc + 116
core   0: 3 0x80007d28 (0x06039a63)
core   0: 0x80007d9c (0xc2182c17) auipc   s8, 0xc2182
core   0: 3 0x80007d9c (0xc2182c17) x24 0x42189d9c
core   0: 0x80007da0 (0x017c7863) bgeu    s8, s7, pc + 16
core   0: 3 0x80007da0 (0x017c7863)
core   0: 0x80007db0 (0x01a38d33) add     s10, t2, s10
core   0: 3 0x80007db0 (0x01a38d33) x26 0x00000002
core   0: 0x80007db4 (0xd9c54697) auipc   a3, 0xd9c54
core   0: 3 0x80007db4 (0xd9c54697) x13 0x59c5bdb4
core   0: 0x80007db8 (0x0112abb3) slt     s7, t0, a7
core   0: 3 0x80007db8 (0x0112abb3) x23 0x00000000
core   0: 0x80007dbc (0x01b0af33) slt     t5, ra, s11
core   0: 3 0x80007dbc (0x01b0af33) x30 0x00000000
core   0: 0x80007dc0 (0x00a804b3) add     s1, a6, a0
core   0: 3 0x80007dc0 (0x00a804b3) x 9 0x0349cd08
core   0: 0x80007dc4 (0x0000100f) fence.i
core   0: 3 0x80007dc4 (0x0000100f)
core   0: 0x80007dc8 (0x02288537) lui     a0, 0x2288
core   0: 3 0x80007dc8 (0x02288537) x10 0x02288000
core   0: 0x80007dcc (0x00795263) bge     s2, t2, pc + 4
core   0: 3 0x80007dcc (0x00795263)
core   0: 0x80007dd0 (0x56e9f913) andi    s2, s3, 1390
core   0: 3 0x80007dd0 (0x56e9f913) x18 0x00000000
core   0: 0x80007dd4 (0x0095a4b3) slt     s1, a1, s1
core   0: 3 0x80007dd4 (0x0095a4b3) x 9 0x00000001
core   0: 0x80007dd8 (0x00c63b33) sltu    s6, a2, a2
core   0: 3 0x80007dd8 (0x00c63b33) x22 0x00000000
core   0: 0x80007ddc (0x03520663) beq     tp, s5, pc + 44
core   0: 3 0x80007ddc (0x03520663)
core   0: 0x80007de0 (0x00b54c33) xor     s8, a0, a1
core   0: 3 0x80007de0 (0x00b54c33) x24 0x02288000
core   0: 0x80007de4 (0xcf5bc913) xori    s2, s7, -779
core   0: 3 0x80007de4 (0xcf5bc913) x18 0xfffffcf5
core   0: 0x80007de8 (0x016a36b3) sltu    a3, s4, s6
core   0: 3 0x80007de8 (0x016a36b3) x13 0x00000000
core   0: 0x80007dec (0x03ba6863) bltu    s4, s11, pc + 48
core   0: 3 0x80007dec (0x03ba6863)
core   0: 0x80007df0 (0x02748863) beq     s1, t2, pc + 48
core   0: 3 0x80007df0 (0x02748863)
core   0: 0x80007e20 (0x0ff0000f) fence   iorw,iorw
core   0: 3 0x80007e20 (0x0ff0000f)
core   0: 0x80007e24 (0x22472993) slti    s3, a4, 548
core   0: 3 0x80007e24 (0x22472993) x19 0x00000001
core   0: 0x80007e28 (0x00f59fb3) sll     t6, a1, a5
core   0: 3 0x80007e28 (0x00f59fb3) x31 0x00000000
core   0: 0x80007e2c (0x41cfd393) srai    t2, t6, 28
core   0: 3 0x80007e2c (0x41cfd393) x 7 0x00000000
core   0: 0x80007e30 (0x0039a0b3) slt     ra, s3, gp
core   0: 3 0x80007e30 (0x0039a0b3) x 1 0x00000001
core   0: 0x80007e34 (0x4097d9b3) sra     s3, a5, s1
core   0: 3 0x80007e34 (0x4097d9b3) x19 0xc0012702
core   0: 0x80007e38 (0x740cf013) andi    zero, s9, 1856
core   0: 3 0x80007e38 (0x740cf013)
core   0: 0x80007e3c (0x01575293) srli    t0, a4, 21
core   0: 3 0x80007e3c (0x01575293) x 5 0x00000000
core   0: 0x80007e40 (0x01c3d263) bge     t2, t3, pc + 4
core   0: 3 0x80007e40 (0x01c3d263)
core   0: 0x80007e44 (0x0005cfb3) xor     t6, a1, zero
core   0: 3 0x80007e44 (0x0005cfb3) x31 0x00000000
core   0: 0x80007e48 (0x4dacf293) andi    t0, s9, 1242
core   0: 3 0x80007e48 (0x4dacf293) x 5 0x000004c0
core   0: 0x80007e4c (0x019d2733) slt     a4, s10, s9
core   0: 3 0x80007e4c (0x019d2733) x14 0x00000001
core   0: 0x80007e50 (0x0000100f) fence.i
core   0: 3 0x80007e50 (0x0000100f)
core   0: 0x80007e54 (0x00932e33) slt     t3, t1, s1
core   0: 3 0x80007e54 (0x00932e33) x28 0x00000000
core   0: 0x80007e58 (0x05f54663) blt     a0, t6, pc + 76
core   0: 3 0x80007e58 (0x05f54663)
core   0: 0x80007e5c (0x009d60b3) or      ra, s10, s1
core   0: 3 0x80007e5c (0x009d60b3) x 1 0x00000003
core   0: 0x80007e60 (0x6516ac13) slti    s8, a3, 1617
core   0: 3 0x80007e60 (0x6516ac13) x24 0x00000001
core   0: 0x80007e64 (0x0000100f) fence.i
core   0: 3 0x80007e64 (0x0000100f)
core   0: 0x80007e68 (0x0063c533) xor     a0, t2, t1
core   0: 3 0x80007e68 (0x0063c533) x10 0x6c000000
core   0: 0x80007e6c (0x008b5493) srli    s1, s6, 8
core   0: 3 0x80007e6c (0x008b5493) x 9 0x00000000
core   0: 0x80007e70 (0x0231fc63) bgeu    gp, gp, pc + 56
core   0: 3 0x80007e70 (0x0231fc63)
core   0: 0x80007ea8 (0x002026b3) slt     a3, zero, sp
core   0: 3 0x80007ea8 (0x002026b3) x13 0x00000000
core   0: 0x80007eac (0x03c0c063) blt     ra, t3, pc + 32
core   0: 3 0x80007eac (0x03c0c063)
core   0: 0x80007eb0 (0x0163e863) bltu    t2, s6, pc + 16
core   0: 3 0x80007eb0 (0x0163e863)
core   0: 0x80007eb4 (0x00be2133) slt     sp, t3, a1
core   0: 3 0x80007eb4 (0x00be2133) x 2 0x00000000
core   0: 0x80007eb8 (0x41bb82b3) sub     t0, s7, s11
core   0: 3 0x80007eb8 (0x41bb82b3) x 5 0x00000000
core   0: 0x80007ebc (0x00759463) bne     a1, t2, pc + 8
core   0: 3 0x80007ebc (0x00759463)
core   0: 0x80007ec0 (0x30cd4c93) xori    s9, s10, 780
core   0: 3 0x80007ec0 (0x30cd4c93) x25 0x0000030e
core   0: 0x80007ec4 (0x418389b3) sub     s3, t2, s8
core   0: 3 0x80007ec4 (0x418389b3) x19 0xffffffff
core   0: 0x80007ec8 (0x3046ab13) slti    s6, a3, 772
core   0: 3 0x80007ec8 (0x3046ab13) x22 0x00000001
core   0: 0x80007ecc (0x65ded037) lui     zero, 0x65ded
core   0: 3 0x80007ecc (0x65ded037)
core   0: 0x80007ed0 (0x00ba9633) sll     a2, s5, a1
core   0: 3 0x80007ed0 (0x00ba9633) x12 0xfffffffc
core   0: 0x80007ed4 (0x018879b3) and     s3, a6, s8
core   0: 3 0x80007ed4 (0x018879b3) x19 0x00000000
core   0: 0x80007ed8 (0x183d9bb7) lui     s7, 0x183d9
core   0: 3 0x80007ed8 (0x183d9bb7) x23 0x183d9000
core   0: 0x80007edc (0x00671fb3) sll     t6, a4, t1
core   0: 3 0x80007edc (0x00671fb3) x31 0x00000001
core   0: 0x80007ee0 (0xb2ca4993) xori    s3, s4, -1236
core   0: 3 0x80007ee0 (0xb2ca4993) x19 0xfffffb2c
core   0: 0x80007ee4 (0x006e56b3) srl     a3, t3, t1
core   0: 3 0x80007ee4 (0x006e56b3) x13 0x00000000
core   0: 0x80007ee8 (0x41ed86b3) sub     a3, s11, t5
core   0: 3 0x80007ee8 (0x41ed86b3) x13 0x00000000
core   0: 0x80007eec (0x00fe2a33) slt     s4, t3, a5
core   0: 3 0x80007eec (0x00fe2a33) x20 0x00000000
core   0: 0x80007ef0 (0x00000013) nop
core   0: 3 0x80007ef0 (0x00000013)
core   0: 0x80007ef4 (0x9fc45fb7) lui     t6, 0x9fc45
core   0: 3 0x80007ef4 (0x9fc45fb7) x31 0x9fc45000
core   0: 0x80007ef8 (0x006bc433) xor     s0, s7, t1
core   0: 3 0x80007ef8 (0x006bc433) x 8 0x743d9000
core   0: 0x80007efc (0x04361863) bne     a2, gp, pc + 80
core   0: 3 0x80007efc (0x04361863)
core   0: 0x80007f4c (0x516dca93) xori    s5, s11, 1302
core   0: 3 0x80007f4c (0x516dca93) x21 0x00000516
core   0: 0x80007f50 (0x011eeb33) or      s6, t4, a7
core   0: 3 0x80007f50 (0x011eeb33) x22 0xf5bbece4
core   0: 0x80007f54 (0x09228e93) addi    t4, t0, 146
core   0: 3 0x80007f54 (0x09228e93) x29 0x00000092
core   0: 0x80007f58 (0x04320863) beq     tp, gp, pc + 80
core   0: 3 0x80007f58 (0x04320863)
core   0: 0x80007f5c (0x25903593) sltiu   a1, zero, 601
core   0: 3 0x80007f5c (0x25903593) x11 0x00000001
core   0: 0x80007f60 (0x0ff0000f) fence   iorw,iorw
core   0: 3 0x80007f60 (0x0ff0000f)
core   0: 0x80007f64 (0x0365d663) bge     a1, s6, pc + 44
core   0: 3 0x80007f64 (0x0365d663)
core   0: 0x80007f90 (0x0099aa33) slt     s4, s3, s1
core   0: 3 0x80007f90 (0x0099aa33) x20 0x00000001
core   0: 0x80007f94 (0x00d3deb3) srl     t4, t2, a3
core   0: 3 0x80007f94 (0x00d3deb3) x29 0x00000000
core   0: 0x80007f98 (0x0166a4b3) slt     s1, a3, s6
core   0: 3 0x80007f98 (0x0166a4b3) x 9 0x00000000
core   0: 0x80007f9c (0x003f8db3) add     s11, t6, gp
core   0: 3 0x80007f9c (0x003f8db3) x27 0x9fc45634
core   0: 0x80007fa0 (0x61f3ce13) xori    t3, t2, 1567
core   0: 3 0x80007fa0 (0x61f3ce13) x28 0x0000061f
core   0: 0x80007fa4 (0x053f7937) lui     s2, 0x53f7
core   0: 3 0x80007fa4 (0x053f7937) x18 0x053f7000
core   0: 0x80007fa8 (0x0c057193) andi    gp, a0, 192
core   0: 3 0x80007fa8 (0x0c057193) x 3 0x00000000
core   0: 0x80007fac (0x04e71e63) bne     a4, a4, pc + 92
core   0: 3 0x80007fac (0x04e71e63)
core   0: 0x80007fb0 (0xff800693) li      a3, -8
core   0: 3 0x80007fb0 (0xff800693) x13 0xfffffff8
core   0: 0x80007fb4 (0xe8c0db97) auipc   s7, 0xe8c0d
core   0: 3 0x80007fb4 (0xe8c0db97) x23 0x68c14fb4
core   0: 0x80007fb8 (0x00a00193) li      gp, 10
core   0: 3 0x80007fb8 (0x00a00193) x 3 0x0000000a
core   0: 0x80007fbc (0x0285a213) slti    tp, a1, 40
core   0: 3 0x80007fbc (0x0285a213) x 4 0x00000001
core   0: 0x80007fc0 (0x01475133) srl     sp, a4, s4
core   0: 3 0x80007fc0 (0x01475133) x 2 0x00000000
core   0: 0x80007fc4 (0x78d97313) andi    t1, s2, 1933
core   0: 3 0x80007fc4 (0x78d97313) x 6 0x00000000
core   0: 0x80007fc8 (0x6488c093) xori    ra, a7, 1608
core   0: 3 0x80007fc8 (0x6488c093) x 1 0x80028aac
core   0: 0x80007fcc (0x00e7e933) or      s2, a5, a4
core   0: 3 0x80007fcc (0x00e7e933) x18 0x80024e05
core   0: 0x80007fd0 (0x40f6db33) sra     s6, a3, a5
core   0: 3 0x80007fd0 (0x40f6db33) x22 0xffffffff
core   0: 0x80007fd4 (0x4ccd3f93) sltiu   t6, s10, 1228
core   0: 3 0x80007fd4 (0x4ccd3f93) x31 0x00000001
core   0: 0x80007fd8 (0x0000100f) fence.i
core   0: 3 0x80007fd8 (0x0000100f)
core   0: 0x80007fdc (0x00368693) addi    a3, a3, 3
core   0: 3 0x80007fdc (0x00368693) x13 0xfffffffb
core   0: 0x80007fe0 (0x00000013) nop
core   0: 3 0x80007fe0 (0x00000013)
core   0: 0x80007fe4 (0x0ff0000f) fence   iorw,iorw
core   0: 3 0x80007fe4 (0x0ff0000f)
core   0: 0x80007fe8 (0xfc368ee3) beq     a3, gp, pc - 36
core   0: 3 0x80007fe8 (0xfc368ee3)
core   0: 0x80007fec (0x34278313) addi    t1, a5, 834
core   0: 3 0x80007fec (0x34278313) x 6 0x80025146
core   0: 0x80007ff0 (0x4ae3e693) ori     a3, t2, 1198
core   0: 3 0x80007ff0 (0x4ae3e693) x13 0x000004ae
core   0: 0x80007ff4 (0x01b55413) srli    s0, a0, 27
core   0: 3 0x80007ff4 (0x01b55413) x 8 0x0000000d
core   0: 0x80007ff8 (0x39c5ac13) slti    s8, a1, 924
core   0: 3 0x80007ff8 (0x39c5ac13) x24 0x00000001
core   0: 0x80007ffc (0x00431493) slli    s1, t1, 4
core   0: 3 0x80007ffc (0x00431493) x 9 0x00251460
core   0: 0x80008000 (0x03de0863) beq     t3, t4, pc + 48
core   0: 3 0x80008000 (0x03de0863)
core   0: 0x80008004 (0x00c45a63) bge     s0, a2, pc + 20
core   0: 3 0x80008004 (0x00c45a63)
core   0: 0x80008018 (0x05bbc463) blt     s7, s11, pc + 72
core   0: 3 0x80008018 (0x05bbc463)
core   0: 0x8000801c (0x043af463) bgeu    s5, gp, pc + 72
core   0: 3 0x8000801c (0x043af463)
core   0: 0x80008064 (0x00469033) sll     zero, a3, tp
core   0: 3 0x80008064 (0x00469033)
core   0: 0x80008068 (0x014951b3) srl     gp, s2, s4
core   0: 3 0x80008068 (0x014951b3) x 3 0x40012702
core   0: 0x8000806c (0x4114dc93) srai    s9, s1, 17
core   0: 3 0x8000806c (0x4114dc93) x25 0x00000012
core   0: 0x80008070 (0x01a390b3) sll     ra, t2, s10
core   0: 3 0x80008070 (0x01a390b3) x 1 0x00000000
core   0: 0x80008074 (0x01129693) slli    a3, t0, 17
core   0: 3 0x80008074 (0x01129693) x13 0x00000000
core   0: 0x80008078 (0x0066c463) blt     a3, t1, pc + 8
core   0: 3 0x80008078 (0x0066c463)
core   0: 0x8000807c (0x8a4cfa93) andi    s5, s9, -1884
core   0: 3 0x8000807c (0x8a4cfa93) x21 0x00000000
core   0: 0x80008080 (0x006f30b3) sltu    ra, t5, t1
core   0: 3 0x80008080 (0x006f30b3) x 1 0x00000001
core   0: 0x80008084 (0x65327213) andi    tp, tp, 1619
core   0: 3 0x80008084 (0x65327213) x 4 0x00000001
core   0: 0x80008088 (0x0000100f) fence.i
core   0: 3 0x80008088 (0x0000100f)
core   0: 0x8000808c (0x0000100f) fence.i
core   0: 3 0x8000808c (0x0000100f)
core   0: 0x80008090 (0x01484533) xor     a0, a6, s4
core   0: 3 0x80008090 (0x01484533) x10 0x80000001
core   0: 0x80008094 (0x00e15633) srl     a2, sp, a4
core   0: 3 0x80008094 (0x00e15633) x12 0x00000000
core   0: 0x80008098 (0x854fe693) ori     a3, t6, -1964
core   0: 3 0x80008098 (0x854fe693) x13 0xfffff855
core   0: 0x8000809c (0x00e97ab3) and     s5, s2, a4
core   0: 3 0x8000809c (0x00e97ab3) x21 0x00000001
core   0: 0x800080a0 (0x01fb2033) slt     zero, s6, t6
core   0: 3 0x800080a0 (0x01fb2033)
core   0: 0x800080a4 (0x018ad333) srl     t1, s5, s8
core   0: 3 0x800080a4 (0x018ad333) x 6 0x00000000
core   0: 0x800080a8 (0x00634cb3) xor     s9, t1, t1
core   0: 3 0x800080a8 (0x00634cb3) x25 0x00000000
core   0: 0x800080ac (0x00452033) slt     zero, a0, tp
core   0: 3 0x800080ac (0x00452033)
core   0: 0x800080b0 (0x004b5113) srli    sp, s6, 4
core   0: 3 0x800080b0 (0x004b5113) x 2 0x0fffffff
core   0: 0x800080b4 (0x00431863) bne     t1, tp, pc + 16
core   0: 3 0x800080b4 (0x00431863)
core   0: 0x800080c4 (0x4052d9b3) sra     s3, t0, t0
core   0: 3 0x800080c4 (0x4052d9b3) x19 0x00000000
core   0: 0x800080c8 (0x07246e63) bltu    s0, s2, pc + 124
core   0: 3 0x800080c8 (0x07246e63)
core   0: 0x80008144 (0x542bbe93) sltiu   t4, s7, 1346
core   0: 3 0x80008144 (0x542bbe93) x29 0x00000000
core   0: 0x80008148 (0xc14d2713) slti    a4, s10, -1004
core   0: 3 0x80008148 (0xc14d2713) x14 0x00000000
core   0: 0x8000814c (0x00000013) nop
core   0: 3 0x8000814c (0x00000013)
core   0: 0x80008150 (0x05057463) bgeu    a0, a6, pc + 72
core   0: 3 0x80008150 (0x05057463)
core   0: 0x80008198 (0x0197df33) srl     t5, a5, s9
core   0: 3 0x80008198 (0x0197df33) x30 0x80024e04
core   0: 0x8000819c (0xfa3dc737) lui     a4, 0xfa3dc
core   0: 3 0x8000819c (0xfa3dc737) x14 0xfa3dc000
core   0: 0x800081a0 (0x02a15e63) bge     sp, a0, pc + 60
core   0: 3 0x800081a0 (0x02a15e63)
core   0: 0x800081dc (0x01a49263) bne     s1, s10, pc + 4
core   0: 3 0x800081dc (0x01a49263)
core   0: 0x800081e0 (0x019d9393) slli    t2, s11, 25
core   0: 3 0x800081e0 (0x019d9393) x 7 0x68000000
core   0: 0x800081e4 (0x4172d1b3) sra     gp, t0, s7
core   0: 3 0x800081e4 (0x4172d1b3) x 3 0x00000000
core   0: 0x800081e8 (0x03cfd663) bge     t6, t3, pc + 44
core   0: 3 0x800081e8 (0x03cfd663)
core   0: 0x800081ec (0x0109a4b3) slt     s1, s3, a6
core   0: 3 0x800081ec (0x0109a4b3) x 9 0x00000000
core   0: 0x800081f0 (0x0191b3b3) sltu    t2, gp, s9
core   0: 3 0x800081f0 (0x0191b3b3) x 7 0x00000000
core   0: 0x800081f4 (0xac3e1ab7) lui     s5, 0xac3e1
core   0: 3 0x800081f4 (0xac3e1ab7) x21 0xac3e1000
core   0: 0x800081f8 (0x01911db3) sll     s11, sp, s9
core   0: 3 0x800081f8 (0x01911db3) x27 0x0fffffff
core   0: 0x800081fc (0x4036dd33) sra     s10, a3, gp
core   0: 3 0x800081fc (0x4036dd33) x26 0xfffff855
core   0: 0x80008200 (0x010a4db3) xor     s11, s4, a6
core   0: 3 0x80008200 (0x010a4db3) x27 0x80000001
core   0: 0x80008204 (0x41158f33) sub     t5, a1, a7
core   0: 3 0x80008204 (0x41158f33) x30 0x7ffd731d
core   0: 0x80008208 (0x04fc4263) blt     s8, a5, pc + 68
core   0: 3 0x80008208 (0x04fc4263)
core   0: 0x8000820c (0x74356013) ori     zero, a0, 1859
core   0: 3 0x8000820c (0x74356013)
core   0: 0x80008210 (0x4102d533) sra     a0, t0, a6
core   0: 3 0x80008210 (0x4102d533) x10 0x00000000
core   0: 0x80008214 (0x77ca4c13) xori    s8, s4, 1916
core   0: 3 0x80008214 (0x77ca4c13) x24 0x0000077d
core   0: 0x80008218 (0x00886fb3) or      t6, a6, s0
core   0: 3 0x80008218 (0x00886fb3) x31 0x8000000d
core   0: 0x8000821c (0xf8bd5f97) auipc   t6, 0xf8bd5
core   0: 3 0x8000821c (0xf8bd5f97) x31 0x78bdd21c
core   0: 0x80008220 (0x22e98293) addi    t0, s3, 558
core   0: 3 0x80008220 (0x22e98293) x 5 0x0000022e
core   0: 0x80008224 (0x01ebeab3) or      s5, s7, t5
core   0: 3 0x80008224 (0x01ebeab3) x21 0x7ffd7fbd
core   0: 0x80008228 (0x00000013) nop
core   0: 3 0x80008228 (0x00000013)
core   0: 0x8000822c (0x00523e33) sltu    t3, tp, t0
core   0: 3 0x8000822c (0x00523e33) x28 0x00000001
core   0: 0x80008230 (0xfd0f3393) sltiu   t2, t5, -48
core   0: 3 0x80008230 (0xfd0f3393) x 7 0x00000001
core   0: 0x80008234 (0x0389cc63) blt     s3, s8, pc + 56
core   0: 3 0x80008234 (0x0389cc63)
core   0: 0x8000826c (0x20dc4193) xori    gp, s8, 525
core   0: 3 0x8000826c (0x20dc4193) x 3 0x00000570
core   0: 0x80008270 (0x0043b133) sltu    sp, t2, tp
core   0: 3 0x80008270 (0x0043b133) x 2 0x00000000
core   0: 0x80008274 (0x01541a33) sll     s4, s0, s5
core   0: 3 0x80008274 (0x01541a33) x20 0xa0000000
core   0: 0x80008278 (0x40b00733) sub     a4, zero, a1
core   0: 3 0x80008278 (0x40b00733) x14 0xffffffff
core   0: 0x8000827c (0xc35f2113) slti    sp, t5, -971
core   0: 3 0x8000827c (0xc35f2113) x 2 0x00000000
core   0: 0x80008280 (0x0033ffb3) and     t6, t2, gp
core   0: 3 0x80008280 (0x0033ffb3) x31 0x00000000
core   0: 0x80008284 (0x0000100f) fence.i
core   0: 3 0x80008284 (0x0000100f)
core   0: 0x80008288 (0x0000100f) fence.i
core   0: 3 0x80008288 (0x0000100f)
core   0: 0x8000828c (0x02d50863) beq     a0, a3, pc + 48
core   0: 3 0x8000828c (0x02d50863)
core   0: 0x80008290 (0x032c0c63) beq     s8, s2, pc + 56
core   0: 3 0x80008290 (0x032c0c63)
core   0: 0x80008294 (0x019c9e13) slli    t3, s9, 25
core   0: 3 0x80008294 (0x019c9e13) x28 0x00000000
core   0: 0x80008298 (0x00a15eb3) srl     t4, sp, a0
core   0: 3 0x80008298 (0x00a15eb3) x29 0x00000000
core   0: 0x8000829c (0x98b63593) sltiu   a1, a2, -1653
core   0: 3 0x8000829c (0x98b63593) x11 0x00000001
core   0: 0x800082a0 (0xf64fcd93) xori    s11, t6, -156
core   0: 3 0x800082a0 (0xf64fcd93) x27 0xffffff64
core   0: 0x800082a4 (0x033d9063) bne     s11, s3, pc + 32
core   0: 3 0x800082a4 (0x033d9063)
core   0: 0x800082c4 (0x013d29b3) slt     s3, s10, s3
core   0: 3 0x800082c4 (0x013d29b3) x19 0x00000001
core   0: 0x800082c8 (0x0ff0000f) fence   iorw,iorw
core   0: 3 0x800082c8 (0x0ff0000f)
core   0: 0x800082cc (0x00000013) nop
core   0: 3 0x800082cc (0x00000013)
core   0: 0x800082d0 (0x009edcb3) srl     s9, t4, s1
core   0: 3 0x800082d0 (0x009edcb3) x25 0x00000000
core   0: 0x800082d4 (0xcaa28b37) lui     s6, 0xcaa28
core   0: 3 0x800082d4 (0xcaa28b37) x22 0xcaa28000
core   0: 0x800082d8 (0x41ae5d33) sra     s10, t3, s10
core   0: 3 0x800082d8 (0x41ae5d33) x26 0x00000000
core   0: 0x800082dc (0x0188ceb3) xor     t4, a7, s8
core   0: 3 0x800082dc (0x0188ceb3) x29 0x80028b99
core   0: 0x800082e0 (0x0149ebb3) or      s7, s3, s4
core   0: 3 0x800082e0 (0x0149ebb3) x23 0xa0000001
core   0: 0x800082e4 (0x04607463) bgeu    zero, t1, pc + 72
core   0: 3 0x800082e4 (0x04607463)
core   0: 0x8000832c (0xcdbeccb7) lui     s9, 0xcdbec
core   0: 3 0x8000832c (0xcdbeccb7) x25 0xcdbec000
core   0: 0x80008330 (0xd831c513) xori    a0, gp, -637
core   0: 3 0x80008330 (0xd831c513) x10 0xfffff8f3
core   0: 0x80008334 (0x40a50ab3) sub     s5, a0, a0
core   0: 3 0x80008334 (0x40a50ab3) x21 0x00000000
core   0: 0x80008338 (0x02bdf063) bgeu    s11, a1, pc + 32
core   0: 3 0x80008338 (0x02bdf063)
core   0: 0x80008358 (0x0108d3b3) srl     t2, a7, a6
core   0: 3 0x80008358 (0x0108d3b3) x 7 0x80028ce4
core   0: 0x8000835c (0xfa5eff93) andi    t6, t4, -91
core   0: 3 0x8000835c (0xfa5eff93) x31 0x80028b81
core   0: 0x80008360 (0x00000013) nop
core   0: 3 0x80008360 (0x00000013)
core   0: 0x80008364 (0x9c4fa697) auipc   a3, 0x9c4fa
core   0: 3 0x80008364 (0x9c4fa697) x13 0x1c502364
core   0: 0x80008368 (0x40f00633) sub     a2, zero, a5
core   0: 3 0x80008368 (0x40f00633) x12 0x7ffdb1fc
core   0: 0x8000836c (0x00148a33) add     s4, s1, ra
core   0: 3 0x8000836c (0x00148a33) x20 0x00000001
core   0: 0x80008370 (0x004dbcb3) sltu    s9, s11, tp
core   0: 3 0x80008370 (0x004dbcb3) x25 0x00000000
core   0: 0x80008374 (0x6b4e6993) ori     s3, t3, 1716
core   0: 3 0x80008374 (0x6b4e6993) x19 0x000006b4
core   0: 0x80008378 (0x00c05a63) bge     zero, a2, pc + 20
core   0: 3 0x80008378 (0x00c05a63)
core   0: 0x8000837c (0xbe544d13) xori    s10, s0, -1051
core   0: 3 0x8000837c (0xbe544d13) x26 0xfffffbe8
core   0: 0x80008380 (0x40830cb3) sub     s9, t1, s0
core   0: 3 0x80008380 (0x40830cb3) x25 0xfffffff3
core   0: 0x80008384 (0x02657863) bgeu    a0, t1, pc + 48
core   0: 3 0x80008384 (0x02657863)
core   0: 0x800083b4 (0x00e93fb3) sltu    t6, s2, a4
core   0: 3 0x800083b4 (0x00e93fb3) x31 0x00000001
core   0: 0x800083b8 (0xb1efc417) auipc   s0, 0xb1efc
core   0: 3 0x800083b8 (0xb1efc417) x 8 0x31f043b8
core   0: 0x800083bc (0x00ab1c63) bne     s6, a0, pc + 24
core   0: 3 0x800083bc (0x00ab1c63)
core   0: 0x800083d4 (0xd9df4b93) xori    s7, t5, -611
core   0: 3 0x800083d4 (0xd9df4b93) x23 0x80028e80
core   0: 0x800083d8 (0x0033dc13) srli    s8, t2, 3
core   0: 3 0x800083d8 (0x0033dc13) x24 0x1000519c
core   0: 0x800083dc (0x016ebdb3) sltu    s11, t4, s6
core   0: 3 0x800083dc (0x016ebdb3) x27 0x00000001
core   0: 0x800083e0 (0x0457f663) bgeu    a5, t0, pc + 76
core   0: 3 0x800083e0 (0x0457f663)
core   0: 0x8000842c (0x04985863) bge     a6, s1, pc + 80
core   0: 3 0x8000842c (0x04985863)
core   0: 0x80008430 (0x00000013) nop
core   0: 3 0x80008430 (0x00000013)
core   0: 0x80008434 (0x0ff0000f) fence   iorw,iorw
core   0: 3 0x80008434 (0x0ff0000f)
core   0: 0x80008438 (0x00d6bcb3) sltu    s9, a3, a3
core   0: 3 0x80008438 (0x00d6bcb3) x25 0x00000000
core   0: 0x8000843c (0x00b27a33) and     s4, tp, a1
core   0: 3 0x8000843c (0x00b27a33) x20 0x00000001
core   0: 0x80008440 (0x01f15e13) srli    t3, sp, 31
core   0: 3 0x80008440 (0x01f15e13) x28 0x00000000
core   0: 0x80008444 (0x01abd9b3) srl     s3, s7, s10
core   0: 3 0x80008444 (0x01abd9b3) x19 0x0080028e
core   0: 0x80008448 (0x008c7333) and     t1, s8, s0
core   0: 3 0x80008448 (0x008c7333) x 6 0x10004198
core   0: 0x8000844c (0x019c7033) and     zero, s8, s9
core   0: 3 0x8000844c (0x019c7033)
core   0: 0x80008450 (0x004fd193) srli    gp, t6, 4
core   0: 3 0x80008450 (0x004fd193) x 3 0x00000000
core   0: 0x80008454 (0x0ff0000f) fence   iorw,iorw
core   0: 3 0x80008454 (0x0ff0000f)
core   0: 0x80008458 (0x010fcbb3) xor     s7, t6, a6
core   0: 3 0x80008458 (0x010fcbb3) x23 0x80000001
core   0: 0x8000845c (0xcd2d2b93) slti    s7, s10, -814
core   0: 3 0x8000845c (0xcd2d2b93) x23 0x00000001
core   0: 0x80008460 (0x0199f463) bgeu    s3, s9, pc + 8
core   0: 3 0x80008460 (0x0199f463)
core   0: 0x80008468 (0xca190113) addi    sp, s2, -863
core   0: 3 0x80008468 (0xca190113) x 2 0x80024aa6
core   0: 0x8000846c (0x0148b3b3) sltu    t2, a7, s4
core   0: 3 0x8000846c (0x0148b3b3) x 7 0x00000000
core   0: 0x80008470 (0x00730a13) addi    s4, t1, 7
core   0: 3 0x80008470 (0x00730a13) x20 0x1000419f
core   0: 0x80008474 (0x01411f13) slli    t5, sp, 20
core   0: 3 0x80008474 (0x01411f13) x30 0xaa600000
core   0: 0x80008478 (0x006b8633) add     a2, s7, t1
core   0: 3 0x80008478 (0x006b8633) x12 0x10004199
core   0: 0x8000847c (0x516d3f13) sltiu   t5, s10, 1302
core   0: 3 0x8000847c (0x516d3f13) x30 0x00000000
core   0: 0x80008480 (0x017fedb3) or      s11, t6, s7
core   0: 3 0x80008480 (0x017fedb3) x27 0x00000001
core   0: 0x80008484 (0x41dddd93) srai    s11, s11, 29
core   0: 3 0x80008484 (0x41dddd93) x27 0x00000000
core   0: 0x80008488 (0x39f10e97) auipc   t4, 0x39f10
core   0: 3 0x80008488 (0x39f10e97) x29 0xb9f18488
core   0: 0x8000848c (0x40935ab3) sra     s5, t1, s1
core   0: 3 0x8000848c (0x40935ab3) x21 0x10004198
core   0: 0x80008490 (0x4723c113) xori    sp, t2, 1138
core   0: 3 0x80008490 (0x4723c113) x 2 0x00000472
core   0: 0x80008494 (0x0028e433) or      s0, a7, sp
core   0: 3 0x80008494 (0x0028e433) x 8 0x80028cf6
core   0: 0x80008498 (0x40948e13) addi    t3, s1, 1033
core   0: 3 0x80008498 (0x40948e13) x28 0x00000409
core   0: 0x8000849c (0xbebcafb7) lui     t6, 0xbebca
core   0: 3 0x8000849c (0xbebcafb7) x31 0xbebca000
core   0: 0x800084a0 (0xc6ec6413) ori     s0, s8, -914
core   0: 3 0x800084a0 (0xc6ec6413) x 8 0xfffffdfe
core   0: 0x800084a4 (0x41475d93) srai    s11, a4, 20
core   0: 3 0x800084a4 (0x41475d93) x27 0xffffffff
core   0: 0x800084a8 (0x01199d13) slli    s10, s3, 17
core   0: 3 0x800084a8 (0x01199d13) x26 0x051c0000
core   0: 0x800084ac (0x401c0cb3) sub     s9, s8, ra
core   0: 3 0x800084ac (0x401c0cb3) x25 0x1000519b
core   0: 0x800084b0 (0x04cf7263) bgeu    t5, a2, pc + 68
core   0: 3 0x800084b0 (0x04cf7263)
core   0: 0x800084b4 (0x41105033) sra     zero, zero, a7
core   0: 3 0x800084b4 (0x41105033)
core   0: 0x800084b8 (0x3bb5f593) andi    a1, a1, 955
core   0: 3 0x800084b8 (0x3bb5f593) x11 0x00000001
core   0: 0x800084bc (0x0120a3b3) slt     t2, ra, s2
core   0: 3 0x800084bc (0x0120a3b3) x 7 0x00000000
core   0: 0x800084c0 (0x01d95d93) srli    s11, s2, 29
core   0: 3 0x800084c0 (0x01d95d93) x27 0x00000004
core   0: 0x800084c4 (0x024dfc63) bgeu    s11, tp, pc + 56
core   0: 3 0x800084c4 (0x024dfc63)
core   0: 0x800084fc (0x01791533) sll     a0, s2, s7
core   0: 3 0x800084fc (0x01791533) x10 0x00049c0a
core   0: 0x80008500 (0x0199efb3) or      t6, s3, s9
core   0: 3 0x80008500 (0x0199efb3) x31 0x1080539f
core   0: 0x80008504 (0x01e2d113) srli    sp, t0, 30
core   0: 3 0x80008504 (0x01e2d113) x 2 0x00000000
core   0: 0x80008508 (0x01733233) sltu    tp, t1, s7
core   0: 3 0x80008508 (0x01733233) x 4 0x00000000
core   0: 0x8000850c (0x4152da13) srai    s4, t0, 21
core   0: 3 0x8000850c (0x4152da13) x20 0x00000000
core   0: 0x80008510 (0x27ed7293) andi    t0, s10, 638
core   0: 3 0x80008510 (0x27ed7293) x 5 0x00000000
core   0: 0x80008514 (0x0140f733) and     a4, ra, s4
core   0: 3 0x80008514 (0x0140f733) x14 0x00000000
core   0: 0x80008518 (0x04b20863) beq     tp, a1, pc + 80
core   0: 3 0x80008518 (0x04b20863)
core   0: 0x8000851c (0x014a2733) slt     a4, s4, s4
core   0: 3 0x8000851c (0x014a2733) x14 0x00000000
core   0: 0x80008520 (0x20d4f313) andi    t1, s1, 525
core   0: 3 0x80008520 (0x20d4f313) x 6 0x00000000
core   0: 0x80008524 (0xb998cc93) xori    s9, a7, -1127
core   0: 3 0x80008524 (0xb998cc93) x25 0x7ffd777d
core   0: 0x80008528 (0x0142f863) bgeu    t0, s4, pc + 16
core   0: 3 0x80008528 (0x0142f863)
core   0: 0x80008538 (0x40d6deb3) sra     t4, a3, a3
core   0: 3 0x80008538 (0x40d6deb3) x29 0x01c50236
core   0: 0x8000853c (0x01bfa233) slt     tp, t6, s11
core   0: 3 0x8000853c (0x01bfa233) x 4 0x00000000
core   0: 0x80008540 (0x00628133) add     sp, t0, t1
core   0: 3 0x80008540 (0x00628133) x 2 0x00000000
core   0: 0x80008544 (0x8ce82413) slti    s0, a6, -1842
core   0: 3 0x80008544 (0x8ce82413) x 8 0x00000001
core   0: 0x80008548 (0x24e8a013) slti    zero, a7, 590
core   0: 3 0x80008548 (0x24e8a013)
core   0: 0x8000854c (0x53570013) addi    zero, a4, 1333
core   0: 3 0x8000854c (0x53570013)
core   0: 0x80008550 (0x009f5693) srli    a3, t5, 9
core   0: 3 0x80008550 (0x009f5693) x13 0x00000000
core   0: 0x80008554 (0x4190d313) srai    t1, ra, 25
core   0: 3 0x80008554 (0x4190d313) x 6 0x00000000
core   0: 0x80008558 (0xb74de693) ori     a3, s11, -1164
core   0: 3 0x80008558 (0xb74de693) x13 0xfffffb74
core   0: 0x8000855c (0x54cca613) slti    a2, s9, 1356
core   0: 3 0x8000855c (0x54cca613) x12 0x00000000
core   0: 0x80008560 (0x0000100f) fence.i
core   0: 3 0x80008560 (0x0000100f)
core   0: 0x80008564 (0xbe063113) sltiu   sp, a2, -1056
core   0: 3 0x80008564 (0xbe063113) x 2 0x00000001
core   0: 0x80008568 (0x01a45493) srli    s1, s0, 26
core   0: 3 0x80008568 (0x01a45493) x 9 0x00000000
core   0: 0x8000856c (0x0487f863) bgeu    a5, s0, pc + 80
core   0: 3 0x8000856c (0x0487f863)
core   0: 0x800085bc (0x00fd1613) slli    a2, s10, 15
core   0: 3 0x800085bc (0x00fd1613) x12 0x00000000
core   0: 0x800085c0 (0x41950bb3) sub     s7, a0, s9
core   0: 3 0x800085c0 (0x41950bb3) x23 0x8007248d
core   0: 0x800085c4 (0x00e99c93) slli    s9, s3, 14
core   0: 3 0x800085c4 (0x00e99c93) x25 0x00a38000
core   0: 0x800085c8 (0x41acd093) srai    ra, s9, 26
core   0: 3 0x800085c8 (0x41acd093) x 1 0x00000000
core   0: 0x800085cc (0x0ff0000f) fence   iorw,iorw
core   0: 3 0x800085cc (0x0ff0000f)
core   0: 0x800085d0 (0x1e438393) addi    t2, t2, 484
core   0: 3 0x800085d0 (0x1e438393) x 7 0x000001e4
core   0: 0x800085d4 (0x024bd863) bge     s7, tp, pc + 48
core   0: 3 0x800085d4 (0x024bd863)
core   0: 0x800085d8 (0x00139e63) bne     t2, ra, pc + 28
core   0: 3 0x800085d8 (0x00139e63)
core   0: 0x800085f4 (0x0067b233) sltu    tp, a5, t1
core   0: 3 0x800085f4 (0x0067b233) x 4 0x00000000
core   0: 0x800085f8 (0x0d19f263) bgeu    s3, a7, pc + 196
core   0: 3 0x800085f8 (0x0d19f263)
core   0: 0x800085fc (0x02955863) bge     a0, s1, pc + 48
core   0: 3 0x800085fc (0x02955863)
core   0: 0x8000862c (0x410bd933) sra     s2, s7, a6
core   0: 3 0x8000862c (0x410bd933) x18 0x8007248d
core   0: 0x80008630 (0x00100313) li      t1, 1
core   0: 3 0x80008630 (0x00100313) x 6 0x00000001
core   0: 0x80008634 (0x00d00713) li      a4, 13
core   0: 3 0x80008634 (0x00d00713) x14 0x0000000d
core   0: 0x80008638 (0x01aeec33) or      s8, t4, s10
core   0: 3 0x80008638 (0x01aeec33) x24 0x05dd0236
core   0: 0x8000863c (0xa13fe093) ori     ra, t6, -1517
core   0: 3 0x8000863c (0xa13fe093) x 1 0xfffffb9f
core   0: 0x80008640 (0x00130313) addi    t1, t1, 1
core   0: 3 0x80008640 (0x00130313) x 6 0x00000002
core   0: 0x80008644 (0x01385693) srli    a3, a6, 19
core   0: 3 0x80008644 (0x01385693) x13 0x00001000
core   0: 0x80008648 (0x00000593) li      a1, 0
core   0: 3 0x80008648 (0x00000593) x11 0x00000000
core   0: 0x8000864c (0x01fe53b3) srl     t2, t3, t6
core   0: 3 0x8000864c (0x01fe53b3) x 7 0x00000000
core   0: 0x80008650 (0x00000013) nop
core   0: 3 0x80008650 (0x00000013)
core   0: 0x80008654 (0x40a486b3) sub     a3, s1, a0
core   0: 3 0x80008654 (0x40a486b3) x13 0xfffb63f6
core   0: 0x80008658 (0x00600f13) li      t5, 6
core   0: 3 0x80008658 (0x00600f13) x30 0x00000006
core   0: 0x8000865c (0x0117d993) srli    s3, a5, 17
core   0: 3 0x8000865c (0x0117d993) x19 0x00004001
core   0: 0x80008660 (0x00602b33) slt     s6, zero, t1
core   0: 3 0x80008660 (0x00602b33) x22 0x00000001
core   0: 0x80008664 (0xa3e50413) addi    s0, a0, -1474
core   0: 3 0x80008664 (0xa3e50413) x 8 0x00049648
core   0: 0x80008668 (0x01aa5a93) srli    s5, s4, 26
core   0: 3 0x80008668 (0x01aa5a93) x21 0x00000000
core   0: 0x8000866c (0x41e70cb3) sub     s9, a4, t5
core   0: 3 0x8000866c (0x41e70cb3) x25 0x00000007
core   0: 0x80008670 (0x36b4a693) slti    a3, s1, 875
core   0: 3 0x80008670 (0x36b4a693) x13 0x00000001
core   0: 0x80008674 (0x0158f9b3) and     s3, a7, s5
core   0: 3 0x80008674 (0x0158f9b3) x19 0x00000000
core   0: 0x80008678 (0x01115213) srli    tp, sp, 17
core   0: 3 0x80008678 (0x01115213) x 4 0x00000000
core   0: 0x8000867c (0x772ccf93) xori    t6, s9, 1906
core   0: 3 0x8000867c (0x772ccf93) x31 0x00000775
core   0: 0x80008680 (0x31a70293) addi    t0, a4, 794
core   0: 3 0x80008680 (0x31a70293) x 5 0x00000327
core   0: 0x80008684 (0x017ede93) srli    t4, t4, 23
core   0: 3 0x80008684 (0x017ede93) x29 0x00000003
core   0: 0x80008688 (0xefc2a193) slti    gp, t0, -260
core   0: 3 0x80008688 (0xefc2a193) x 3 0x00000000
core   0: 0x8000868c (0x0fe2a513) slti    a0, t0, 254
core   0: 3 0x8000868c (0x0fe2a513) x10 0x00000000
core   0: 0x80008690 (0x877e7c13) andi    s8, t3, -1929
core   0: 3 0x80008690 (0x877e7c13) x24 0x00000001
core   0: 0x80008694 (0x00a0dc33) srl     s8, ra, a0
core   0: 3 0x80008694 (0x00a0dc33) x24 0xfffffb9f
core   0: 0x80008698 (0x00358593) addi    a1, a1, 3
core   0: 3 0x80008698 (0x00358593) x11 0x00000003
core   0: 0x8000869c (0xfde5c4e3) blt     a1, t5, pc - 56
core   0: 3 0x8000869c (0xfde5c4e3)
core   0: 0x80008664 (0xa3e50413) addi    s0, a0, -1474
core   0: 3 0x80008664 (0xa3e50413) x 8 0xfffffa3e
core   0: 0x80008668 (0x01aa5a93) srli    s5, s4, 26
core   0: 3 0x80008668 (0x01aa5a93) x21 0x00000000
core   0: 0x8000866c (0x41e70cb3) sub     s9, a4, t5
core   0: 3 0x8000866c (0x41e70cb3) x25 0x00000007
core   0: 0x80008670 (0x36b4a693) slti    a3, s1, 875
core   0: 3 0x80008670 (0x36b4a693) x13 0x00000001
core   0: 0x80008674 (0x0158f9b3) and     s3, a7, s5
core   0: 3 0x80008674 (0x0158f9b3) x19 0x00000000
core   0: 0x80008678 (0x01115213) srli    tp, sp, 17
core   0: 3 0x80008678 (0x01115213) x 4 0x00000000
core   0: 0x8000867c (0x772ccf93) xori    t6, s9, 1906
core   0: 3 0x8000867c (0x772ccf93) x31 0x00000775
core   0: 0x80008680 (0x31a70293) addi    t0, a4, 794
core   0: 3 0x80008680 (0x31a70293) x 5 0x00000327
core   0: 0x80008684 (0x017ede93) srli    t4, t4, 23
core   0: 3 0x80008684 (0x017ede93) x29 0x00000000
core   0: 0x80008688 (0xefc2a193) slti    gp, t0, -260
core   0: 3 0x80008688 (0xefc2a193) x 3 0x00000000
core   0: 0x8000868c (0x0fe2a513) slti    a0, t0, 254
core   0: 3 0x8000868c (0x0fe2a513) x10 0x00000000
core   0: 0x80008690 (0x877e7c13) andi    s8, t3, -1929
core   0: 3 0x80008690 (0x877e7c13) x24 0x00000001
core   0: 0x80008694 (0x00a0dc33) srl     s8, ra, a0
core   0: 3 0x80008694 (0x00a0dc33) x24 0xfffffb9f
core   0: 0x80008698 (0x00358593) addi    a1, a1, 3
core   0: 3 0x80008698 (0x00358593) x11 0x00000006
core   0: 0x8000869c (0xfde5c4e3) blt     a1, t5, pc - 56
core   0: 3 0x8000869c (0xfde5c4e3)
core   0: 0x800086a0 (0x42fddf97) auipc   t6, 0x42fdd
core   0: 3 0x800086a0 (0x42fddf97) x31 0xc2fe56a0
core   0: 0x800086a4 (0xf8e31ce3) bne     t1, a4, pc - 104
core   0: 3 0x800086a4 (0xf8e31ce3)
core   0: 0x8000863c (0xa13fe093) ori     ra, t6, -1517
core   0: 3 0x8000863c (0xa13fe093) x 1 0xfffffeb3
core   0: 0x80008640 (0x00130313) addi    t1, t1, 1
core   0: 3 0x80008640 (0x00130313) x 6 0x00000003
core   0: 0x80008644 (0x01385693) srli    a3, a6, 19
core   0: 3 0x80008644 (0x01385693) x13 0x00001000
core   0: 0x80008648 (0x00000593) li      a1, 0
core   0: 3 0x80008648 (0x00000593) x11 0x00000000
core   0: 0x8000864c (0x01fe53b3) srl     t2, t3, t6
core   0: 3 0x8000864c (0x01fe53b3) x 7 0x00000409
core   0: 0x80008650 (0x00000013) nop
core   0: 3 0x80008650 (0x00000013)
core   0: 0x80008654 (0x40a486b3) sub     a3, s1, a0
core   0: 3 0x80008654 (0x40a486b3) x13 0x00000000
core   0: 0x80008658 (0x00600f13) li      t5, 6
core   0: 3 0x80008658 (0x00600f13) x30 0x00000006
core   0: 0x8000865c (0x0117d993) srli    s3, a5, 17
core   0: 3 0x8000865c (0x0117d993) x19 0x00004001
core   0: 0x80008660 (0x00602b33) slt     s6, zero, t1
core   0: 3 0x80008660 (0x00602b33) x22 0x00000001
core   0: 0x80008664 (0xa3e50413) addi    s0, a0, -1474
core   0: 3 0x80008664 (0xa3e50413) x 8 0xfffffa3e
core   0: 0x80008668 (0x01aa5a93) srli    s5, s4, 26
core   0: 3 0x80008668 (0x01aa5a93) x21 0x00000000
core   0: 0x8000866c (0x41e70cb3) sub     s9, a4, t5
core   0: 3 0x8000866c (0x41e70cb3) x25 0x00000007
core   0: 0x80008670 (0x36b4a693) slti    a3, s1, 875
core   0: 3 0x80008670 (0x36b4a693) x13 0x00000001
core   0: 0x80008674 (0x0158f9b3) and     s3, a7, s5
core   0: 3 0x80008674 (0x0158f9b3) x19 0x00000000
core   0: 0x80008678 (0x01115213) srli    tp, sp, 17
core   0: 3 0x80008678 (0x01115213) x 4 0x00000000
core   0: 0x8000867c (0x772ccf93) xori    t6, s9, 1906
core   0: 3 0x8000867c (0x772ccf93) x31 0x00000775
core   0: 0x80008680 (0x31a70293) addi    t0, a4, 794
core   0: 3 0x80008680 (0x31a70293) x 5 0x00000327
core   0: 0x80008684 (0x017ede93) srli    t4, t4, 23
core   0: 3 0x80008684 (0x017ede93) x29 0x00000000
core   0: 0x80008688 (0xefc2a193) slti    gp, t0, -260
core   0: 3 0x80008688 (0xefc2a193) x 3 0x00000000
core   0: 0x8000868c (0x0fe2a513) slti    a0, t0, 254
core   0: 3 0x8000868c (0x0fe2a513) x10 0x00000000
core   0: 0x80008690 (0x877e7c13) andi    s8, t3, -1929
core   0: 3 0x80008690 (0x877e7c13) x24 0x00000001
core   0: 0x80008694 (0x00a0dc33) srl     s8, ra, a0
core   0: 3 0x80008694 (0x00a0dc33) x24 0xfffffeb3
core   0: 0x80008698 (0x00358593) addi    a1, a1, 3
core   0: 3 0x80008698 (0x00358593) x11 0x00000003
core   0: 0x8000869c (0xfde5c4e3) blt     a1, t5, pc - 56
core   0: 3 0x8000869c (0xfde5c4e3)
core   0: 0x80008664 (0xa3e50413) addi    s0, a0, -1474
core   0: 3 0x80008664 (0xa3e50413) x 8 0xfffffa3e
core   0: 0x80008668 (0x01aa5a93) srli    s5, s4, 26
core   0: 3 0x80008668 (0x01aa5a93) x21 0x00000000
core   0: 0x8000866c (0x41e70cb3) sub     s9, a4, t5
core   0: 3 0x8000866c (0x41e70cb3) x25 0x00000007
core   0: 0x80008670 (0x36b4a693) slti    a3, s1, 875
core   0: 3 0x80008670 (0x36b4a693) x13 0x00000001
core   0: 0x80008674 (0x0158f9b3) and     s3, a7, s5
core   0: 3 0x80008674 (0x0158f9b3) x19 0x00000000
core   0: 0x80008678 (0x01115213) srli    tp, sp, 17
core   0: 3 0x80008678 (0x01115213) x 4 0x00000000
core   0: 0x8000867c (0x772ccf93) xori    t6, s9, 1906
core   0: 3 0x8000867c (0x772ccf93) x31 0x00000775
core   0: 0x80008680 (0x31a70293) addi    t0, a4, 794
core   0: 3 0x80008680 (0x31a70293) x 5 0x00000327
core   0: 0x80008684 (0x017ede93) srli    t4, t4, 23
core   0: 3 0x80008684 (0x017ede93) x29 0x00000000
core   0: 0x80008688 (0xefc2a193) slti    gp, t0, -260
core   0: 3 0x80008688 (0xefc2a193) x 3 0x00000000
core   0: 0x8000868c (0x0fe2a513) slti    a0, t0, 254
core   0: 3 0x8000868c (0x0fe2a513) x10 0x00000000
core   0: 0x80008690 (0x877e7c13) andi    s8, t3, -1929
core   0: 3 0x80008690 (0x877e7c13) x24 0x00000001
core   0: 0x80008694 (0x00a0dc33) srl     s8, ra, a0
core   0: 3 0x80008694 (0x00a0dc33) x24 0xfffffeb3
core   0: 0x80008698 (0x00358593) addi    a1, a1, 3
core   0: 3 0x80008698 (0x00358593) x11 0x00000006
core   0: 0x8000869c (0xfde5c4e3) blt     a1, t5, pc - 56
core   0: 3 0x8000869c (0xfde5c4e3)
core   0: 0x800086a0 (0x42fddf97) auipc   t6, 0x42fdd
core   0: 3 0x800086a0 (0x42fddf97) x31 0xc2fe56a0
core   0: 0x800086a4 (0xf8e31ce3) bne     t1, a4, pc - 104
core   0: 3 0x800086a4 (0xf8e31ce3)
core   0: 0x8000863c (0xa13fe093) ori     ra, t6, -1517
core   0: 3 0x8000863c (0xa13fe093) x 1 0xfffffeb3
core   0: 0x80008640 (0x00130313) addi    t1, t1, 1
core   0: 3 0x80008640 (0x00130313) x 6 0x00000004
core   0: 0x80008644 (0x01385693) srli    a3, a6, 19
core   0: 3 0x80008644 (0x01385693) x13 0x00001000
core   0: 0x80008648 (0x00000593) li      a1, 0
core   0: 3 0x80008648 (0x00000593) x11 0x00000000
core   0: 0x8000864c (0x01fe53b3) srl     t2, t3, t6
core   0: 3 0x8000864c (0x01fe53b3) x 7 0x00000409
core   0: 0x80008650 (0x00000013) nop
core   0: 3 0x80008650 (0x00000013)
core   0: 0x80008654 (0x40a486b3) sub     a3, s1, a0
core   0: 3 0x80008654 (0x40a486b3) x13 0x00000000
core   0: 0x80008658 (0x00600f13) li      t5, 6
core   0: 3 0x80008658 (0x00600f13) x30 0x00000006
core   0: 0x8000865c (0x0117d993) srli    s3, a5, 17
core   0: 3 0x8000865c (0x0117d993) x19 0x00004001
core   0: 0x80008660 (0x00602b33) slt     s6, zero, t1
core   0: 3 0x80008660 (0x00602b33) x22 0x00000001
core   0: 0x80008664 (0xa3e50413) addi    s0, a0, -1474
core   0: 3 0x80008664 (0xa3e50413) x 8 0xfffffa3e
core   0: 0x80008668 (0x01aa5a93) srli    s5, s4, 26
core   0: 3 0x80008668 (0x01aa5a93) x21 0x00000000
core   0: 0x8000866c (0x41e70cb3) sub     s9, a4, t5
core   0: 3 0x8000866c (0x41e70cb3) x25 0x00000007
core   0: 0x80008670 (0x36b4a693) slti    a3, s1, 875
core   0: 3 0x80008670 (0x36b4a693) x13 0x00000001
core   0: 0x80008674 (0x0158f9b3) and     s3, a7, s5
core   0: 3 0x80008674 (0x0158f9b3) x19 0x00000000
core   0: 0x80008678 (0x01115213) srli    tp, sp, 17
core   0: 3 0x80008678 (0x01115213) x 4 0x00000000
core   0: 0x8000867c (0x772ccf93) xori    t6, s9, 1906
core   0: 3 0x8000867c (0x772ccf93) x31 0x00000775
core   0: 0x80008680 (0x31a70293) addi    t0, a4, 794
core   0: 3 0x80008680 (0x31a70293) x 5 0x00000327
core   0: 0x80008684 (0x017ede93) srli    t4, t4, 23
core   0: 3 0x80008684 (0x017ede93) x29 0x00000000
core   0: 0x80008688 (0xefc2a193) slti    gp, t0, -260
core   0: 3 0x80008688 (0xefc2a193) x 3 0x00000000
core   0: 0x8000868c (0x0fe2a513) slti    a0, t0, 254
core   0: 3 0x8000868c (0x0fe2a513) x10 0x00000000
core   0: 0x80008690 (0x877e7c13) andi    s8, t3, -1929
core   0: 3 0x80008690 (0x877e7c13) x24 0x00000001
core   0: 0x80008694 (0x00a0dc33) srl     s8, ra, a0
core   0: 3 0x80008694 (0x00a0dc33) x24 0xfffffeb3
core   0: 0x80008698 (0x00358593) addi    a1, a1, 3
core   0: 3 0x80008698 (0x00358593) x11 0x00000003
core   0: 0x8000869c (0xfde5c4e3) blt     a1, t5, pc - 56
core   0: 3 0x8000869c (0xfde5c4e3)
core   0: 0x80008664 (0xa3e50413) addi    s0, a0, -1474
core   0: 3 0x80008664 (0xa3e50413) x 8 0xfffffa3e
core   0: 0x80008668 (0x01aa5a93) srli    s5, s4, 26
core   0: 3 0x80008668 (0x01aa5a93) x21 0x00000000
core   0: 0x8000866c (0x41e70cb3) sub     s9, a4, t5
core   0: 3 0x8000866c (0x41e70cb3) x25 0x00000007
core   0: 0x80008670 (0x36b4a693) slti    a3, s1, 875
core   0: 3 0x80008670 (0x36b4a693) x13 0x00000001
core   0: 0x80008674 (0x0158f9b3) and     s3, a7, s5
core   0: 3 0x80008674 (0x0158f9b3) x19 0x00000000
core   0: 0x80008678 (0x01115213) srli    tp, sp, 17
core   0: 3 0x80008678 (0x01115213) x 4 0x00000000
core   0: 0x8000867c (0x772ccf93) xori    t6, s9, 1906
core   0: 3 0x8000867c (0x772ccf93) x31 0x00000775
core   0: 0x80008680 (0x31a70293) addi    t0, a4, 794
core   0: 3 0x80008680 (0x31a70293) x 5 0x00000327
core   0: 0x80008684 (0x017ede93) srli    t4, t4, 23
core   0: 3 0x80008684 (0x017ede93) x29 0x00000000
core   0: 0x80008688 (0xefc2a193) slti    gp, t0, -260
core   0: 3 0x80008688 (0xefc2a193) x 3 0x00000000
core   0: 0x8000868c (0x0fe2a513) slti    a0, t0, 254
core   0: 3 0x8000868c (0x0fe2a513) x10 0x00000000
core   0: 0x80008690 (0x877e7c13) andi    s8, t3, -1929
core   0: 3 0x80008690 (0x877e7c13) x24 0x00000001
core   0: 0x80008694 (0x00a0dc33) srl     s8, ra, a0
core   0: 3 0x80008694 (0x00a0dc33) x24 0xfffffeb3
core   0: 0x80008698 (0x00358593) addi    a1, a1, 3
core   0: 3 0x80008698 (0x00358593) x11 0x00000006
core   0: 0x8000869c (0xfde5c4e3) blt     a1, t5, pc - 56
core   0: 3 0x8000869c (0xfde5c4e3)
core   0: 0x800086a0 (0x42fddf97) auipc   t6, 0x42fdd
core   0: 3 0x800086a0 (0x42fddf97) x31 0xc2fe56a0
core   0: 0x800086a4 (0xf8e31ce3) bne     t1, a4, pc - 104
core   0: 3 0x800086a4 (0xf8e31ce3)
core   0: 0x8000863c (0xa13fe093) ori     ra, t6, -1517
core   0: 3 0x8000863c (0xa13fe093) x 1 0xfffffeb3
core   0: 0x80008640 (0x00130313) addi    t1, t1, 1
core   0: 3 0x80008640 (0x00130313) x 6 0x00000005
core   0: 0x80008644 (0x01385693) srli    a3, a6, 19
core   0: 3 0x80008644 (0x01385693) x13 0x00001000
core   0: 0x80008648 (0x00000593) li      a1, 0
core   0: 3 0x80008648 (0x00000593) x11 0x00000000
core   0: 0x8000864c (0x01fe53b3) srl     t2, t3, t6
core   0: 3 0x8000864c (0x01fe53b3) x 7 0x00000409
core   0: 0x80008650 (0x00000013) nop
core   0: 3 0x80008650 (0x00000013)
core   0: 0x80008654 (0x40a486b3) sub     a3, s1, a0
core   0: 3 0x80008654 (0x40a486b3) x13 0x00000000
core   0: 0x80008658 (0x00600f13) li      t5, 6
core   0: 3 0x80008658 (0x00600f13) x30 0x00000006
core   0: 0x8000865c (0x0117d993) srli    s3, a5, 17
core   0: 3 0x8000865c (0x0117d993) x19 0x00004001
core   0: 0x80008660 (0x00602b33) slt     s6, zero, t1
core   0: 3 0x80008660 (0x00602b33) x22 0x00000001
core   0: 0x80008664 (0xa3e50413) addi    s0, a0, -1474
core   0: 3 0x80008664 (0xa3e50413) x 8 0xfffffa3e
core   0: 0x80008668 (0x01aa5a93) srli    s5, s4, 26
core   0: 3 0x80008668 (0x01aa5a93) x21 0x00000000
core   0: 0x8000866c (0x41e70cb3) sub     s9, a4, t5
core   0: 3 0x8000866c (0x41e70cb3) x25 0x00000007
core   0: 0x80008670 (0x36b4a693) slti    a3, s1, 875
core   0: 3 0x80008670 (0x36b4a693) x13 0x00000001
core   0: 0x80008674 (0x0158f9b3) and     s3, a7, s5
core   0: 3 0x80008674 (0x0158f9b3) x19 0x00000000
core   0: 0x80008678 (0x01115213) srli    tp, sp, 17
core   0: 3 0x80008678 (0x01115213) x 4 0x00000000
core   0: 0x8000867c (0x772ccf93) xori    t6, s9, 1906
core   0: 3 0x8000867c (0x772ccf93) x31 0x00000775
core   0: 0x80008680 (0x31a70293) addi    t0, a4, 794
core   0: 3 0x80008680 (0x31a70293) x 5 0x00000327
core   0: 0x80008684 (0x017ede93) srli    t4, t4, 23
core   0: 3 0x80008684 (0x017ede93) x29 0x00000000
core   0: 0x80008688 (0xefc2a193) slti    gp, t0, -260
core   0: 3 0x80008688 (0xefc2a193) x 3 0x00000000
core   0: 0x8000868c (0x0fe2a513) slti    a0, t0, 254
core   0: 3 0x8000868c (0x0fe2a513) x10 0x00000000
core   0: 0x80008690 (0x877e7c13) andi    s8, t3, -1929
core   0: 3 0x80008690 (0x877e7c13) x24 0x00000001
core   0: 0x80008694 (0x00a0dc33) srl     s8, ra, a0
core   0: 3 0x80008694 (0x00a0dc33) x24 0xfffffeb3
core   0: 0x80008698 (0x00358593) addi    a1, a1, 3
core   0: 3 0x80008698 (0x00358593) x11 0x00000003
core   0: 0x8000869c (0xfde5c4e3) blt     a1, t5, pc - 56
core   0: 3 0x8000869c (0xfde5c4e3)
core   0: 0x80008664 (0xa3e50413) addi    s0, a0, -1474
core   0: 3 0x80008664 (0xa3e50413) x 8 0xfffffa3e
core   0: 0x80008668 (0x01aa5a93) srli    s5, s4, 26
core   0: 3 0x80008668 (0x01aa5a93) x21 0x00000000
core   0: 0x8000866c (0x41e70cb3) sub     s9, a4, t5
core   0: 3 0x8000866c (0x41e70cb3) x25 0x00000007
core   0: 0x80008670 (0x36b4a693) slti    a3, s1, 875
core   0: 3 0x80008670 (0x36b4a693) x13 0x00000001
core   0: 0x80008674 (0x0158f9b3) and     s3, a7, s5
core   0: 3 0x80008674 (0x0158f9b3) x19 0x00000000
core   0: 0x80008678 (0x01115213) srli    tp, sp, 17
core   0: 3 0x80008678 (0x01115213) x 4 0x00000000
core   0: 0x8000867c (0x772ccf93) xori    t6, s9, 1906
core   0: 3 0x8000867c (0x772ccf93) x31 0x00000775
core   0: 0x80008680 (0x31a70293) addi    t0, a4, 794
core   0: 3 0x80008680 (0x31a70293) x 5 0x00000327
core   0: 0x80008684 (0x017ede93) srli    t4, t4, 23
core   0: 3 0x80008684 (0x017ede93) x29 0x00000000
core   0: 0x80008688 (0xefc2a193) slti    gp, t0, -260
core   0: 3 0x80008688 (0xefc2a193) x 3 0x00000000
core   0: 0x8000868c (0x0fe2a513) slti    a0, t0, 254
core   0: 3 0x8000868c (0x0fe2a513) x10 0x00000000
core   0: 0x80008690 (0x877e7c13) andi    s8, t3, -1929
core   0: 3 0x80008690 (0x877e7c13) x24 0x00000001
core   0: 0x80008694 (0x00a0dc33) srl     s8, ra, a0
core   0: 3 0x80008694 (0x00a0dc33) x24 0xfffffeb3
core   0: 0x80008698 (0x00358593) addi    a1, a1, 3
core   0: 3 0x80008698 (0x00358593) x11 0x00000006
core   0: 0x8000869c (0xfde5c4e3) blt     a1, t5, pc - 56
core   0: 3 0x8000869c (0xfde5c4e3)
core   0: 0x800086a0 (0x42fddf97) auipc   t6, 0x42fdd
core   0: 3 0x800086a0 (0x42fddf97) x31 0xc2fe56a0
core   0: 0x800086a4 (0xf8e31ce3) bne     t1, a4, pc - 104
core   0: 3 0x800086a4 (0xf8e31ce3)
core   0: 0x8000863c (0xa13fe093) ori     ra, t6, -1517
core   0: 3 0x8000863c (0xa13fe093) x 1 0xfffffeb3
core   0: 0x80008640 (0x00130313) addi    t1, t1, 1
core   0: 3 0x80008640 (0x00130313) x 6 0x00000006
core   0: 0x80008644 (0x01385693) srli    a3, a6, 19
core   0: 3 0x80008644 (0x01385693) x13 0x00001000
core   0: 0x80008648 (0x00000593) li      a1, 0
core   0: 3 0x80008648 (0x00000593) x11 0x00000000
core   0: 0x8000864c (0x01fe53b3) srl     t2, t3, t6
core   0: 3 0x8000864c (0x01fe53b3) x 7 0x00000409
core   0: 0x80008650 (0x00000013) nop
core   0: 3 0x80008650 (0x00000013)
core   0: 0x80008654 (0x40a486b3) sub     a3, s1, a0
core   0: 3 0x80008654 (0x40a486b3) x13 0x00000000
core   0: 0x80008658 (0x00600f13) li      t5, 6
core   0: 3 0x80008658 (0x00600f13) x30 0x00000006
core   0: 0x8000865c (0x0117d993) srli    s3, a5, 17
core   0: 3 0x8000865c (0x0117d993) x19 0x00004001
core   0: 0x80008660 (0x00602b33) slt     s6, zero, t1
core   0: 3 0x80008660 (0x00602b33) x22 0x00000001
core   0: 0x80008664 (0xa3e50413) addi    s0, a0, -1474
core   0: 3 0x80008664 (0xa3e50413) x 8 0xfffffa3e
core   0: 0x80008668 (0x01aa5a93) srli    s5, s4, 26
core   0: 3 0x80008668 (0x01aa5a93) x21 0x00000000
core   0: 0x8000866c (0x41e70cb3) sub     s9, a4, t5
core   0: 3 0x8000866c (0x41e70cb3) x25 0x00000007
core   0: 0x80008670 (0x36b4a693) slti    a3, s1, 875
core   0: 3 0x80008670 (0x36b4a693) x13 0x00000001
core   0: 0x80008674 (0x0158f9b3) and     s3, a7, s5
core   0: 3 0x80008674 (0x0158f9b3) x19 0x00000000
core   0: 0x80008678 (0x01115213) srli    tp, sp, 17
core   0: 3 0x80008678 (0x01115213) x 4 0x00000000
core   0: 0x8000867c (0x772ccf93) xori    t6, s9, 1906
core   0: 3 0x8000867c (0x772ccf93) x31 0x00000775
core   0: 0x80008680 (0x31a70293) addi    t0, a4, 794
core   0: 3 0x80008680 (0x31a70293) x 5 0x00000327
core   0: 0x80008684 (0x017ede93) srli    t4, t4, 23
core   0: 3 0x80008684 (0x017ede93) x29 0x00000000
core   0: 0x80008688 (0xefc2a193) slti    gp, t0, -260
core   0: 3 0x80008688 (0xefc2a193) x 3 0x00000000
core   0: 0x8000868c (0x0fe2a513) slti    a0, t0, 254
core   0: 3 0x8000868c (0x0fe2a513) x10 0x00000000
core   0: 0x80008690 (0x877e7c13) andi    s8, t3, -1929
core   0: 3 0x80008690 (0x877e7c13) x24 0x00000001
core   0: 0x80008694 (0x00a0dc33) srl     s8, ra, a0
core   0: 3 0x80008694 (0x00a0dc33) x24 0xfffffeb3
core   0: 0x80008698 (0x00358593) addi    a1, a1, 3
core   0: 3 0x80008698 (0x00358593) x11 0x00000003
core   0: 0x8000869c (0xfde5c4e3) blt     a1, t5, pc - 56
core   0: 3 0x8000869c (0xfde5c4e3)
core   0: 0x80008664 (0xa3e50413) addi    s0, a0, -1474
core   0: 3 0x80008664 (0xa3e50413) x 8 0xfffffa3e
core   0: 0x80008668 (0x01aa5a93) srli    s5, s4, 26
core   0: 3 0x80008668 (0x01aa5a93) x21 0x00000000
core   0: 0x8000866c (0x41e70cb3) sub     s9, a4, t5
core   0: 3 0x8000866c (0x41e70cb3) x25 0x00000007
core   0: 0x80008670 (0x36b4a693) slti    a3, s1, 875
core   0: 3 0x80008670 (0x36b4a693) x13 0x00000001
core   0: 0x80008674 (0x0158f9b3) and     s3, a7, s5
core   0: 3 0x80008674 (0x0158f9b3) x19 0x00000000
core   0: 0x80008678 (0x01115213) srli    tp, sp, 17
core   0: 3 0x80008678 (0x01115213) x 4 0x00000000
core   0: 0x8000867c (0x772ccf93) xori    t6, s9, 1906
core   0: 3 0x8000867c (0x772ccf93) x31 0x00000775
core   0: 0x80008680 (0x31a70293) addi    t0, a4, 794
core   0: 3 0x80008680 (0x31a70293) x 5 0x00000327
core   0: 0x80008684 (0x017ede93) srli    t4, t4, 23
core   0: 3 0x80008684 (0x017ede93) x29 0x00000000
core   0: 0x80008688 (0xefc2a193) slti    gp, t0, -260
core   0: 3 0x80008688 (0xefc2a193) x 3 0x00000000
core   0: 0x8000868c (0x0fe2a513) slti    a0, t0, 254
core   0: 3 0x8000868c (0x0fe2a513) x10 0x00000000
core   0: 0x80008690 (0x877e7c13) andi    s8, t3, -1929
core   0: 3 0x80008690 (0x877e7c13) x24 0x00000001
core   0: 0x80008694 (0x00a0dc33) srl     s8, ra, a0
core   0: 3 0x80008694 (0x00a0dc33) x24 0xfffffeb3
core   0: 0x80008698 (0x00358593) addi    a1, a1, 3
core   0: 3 0x80008698 (0x00358593) x11 0x00000006
core   0: 0x8000869c (0xfde5c4e3) blt     a1, t5, pc - 56
core   0: 3 0x8000869c (0xfde5c4e3)
core   0: 0x800086a0 (0x42fddf97) auipc   t6, 0x42fdd
core   0: 3 0x800086a0 (0x42fddf97) x31 0xc2fe56a0
core   0: 0x800086a4 (0xf8e31ce3) bne     t1, a4, pc - 104
core   0: 3 0x800086a4 (0xf8e31ce3)
core   0: 0x8000863c (0xa13fe093) ori     ra, t6, -1517
core   0: 3 0x8000863c (0xa13fe093) x 1 0xfffffeb3
core   0: 0x80008640 (0x00130313) addi    t1, t1, 1
core   0: 3 0x80008640 (0x00130313) x 6 0x00000007
core   0: 0x80008644 (0x01385693) srli    a3, a6, 19
core   0: 3 0x80008644 (0x01385693) x13 0x00001000
core   0: 0x80008648 (0x00000593) li      a1, 0
core   0: 3 0x80008648 (0x00000593) x11 0x00000000
core   0: 0x8000864c (0x01fe53b3) srl     t2, t3, t6
core   0: 3 0x8000864c (0x01fe53b3) x 7 0x00000409
core   0: 0x80008650 (0x00000013) nop
core   0: 3 0x80008650 (0x00000013)
core   0: 0x80008654 (0x40a486b3) sub     a3, s1, a0
core   0: 3 0x80008654 (0x40a486b3) x13 0x00000000
core   0: 0x80008658 (0x00600f13) li      t5, 6
core   0: 3 0x80008658 (0x00600f13) x30 0x00000006
core   0: 0x8000865c (0x0117d993) srli    s3, a5, 17
core   0: 3 0x8000865c (0x0117d993) x19 0x00004001
core   0: 0x80008660 (0x00602b33) slt     s6, zero, t1
core   0: 3 0x80008660 (0x00602b33) x22 0x00000001
core   0: 0x80008664 (0xa3e50413) addi    s0, a0, -1474
core   0: 3 0x80008664 (0xa3e50413) x 8 0xfffffa3e
core   0: 0x80008668 (0x01aa5a93) srli    s5, s4, 26
core   0: 3 0x80008668 (0x01aa5a93) x21 0x00000000
core   0: 0x8000866c (0x41e70cb3) sub     s9, a4, t5
core   0: 3 0x8000866c (0x41e70cb3) x25 0x00000007
core   0: 0x80008670 (0x36b4a693) slti    a3, s1, 875
core   0: 3 0x80008670 (0x36b4a693) x13 0x00000001
core   0: 0x80008674 (0x0158f9b3) and     s3, a7, s5
core   0: 3 0x80008674 (0x0158f9b3) x19 0x00000000
core   0: 0x80008678 (0x01115213) srli    tp, sp, 17
core   0: 3 0x80008678 (0x01115213) x 4 0x00000000
core   0: 0x8000867c (0x772ccf93) xori    t6, s9, 1906
core   0: 3 0x8000867c (0x772ccf93) x31 0x00000775
core   0: 0x80008680 (0x31a70293) addi    t0, a4, 794
core   0: 3 0x80008680 (0x31a70293) x 5 0x00000327
core   0: 0x80008684 (0x017ede93) srli    t4, t4, 23
core   0: 3 0x80008684 (0x017ede93) x29 0x00000000
core   0: 0x80008688 (0xefc2a193) slti    gp, t0, -260
core   0: 3 0x80008688 (0xefc2a193) x 3 0x00000000
core   0: 0x8000868c (0x0fe2a513) slti    a0, t0, 254
core   0: 3 0x8000868c (0x0fe2a513) x10 0x00000000
core   0: 0x80008690 (0x877e7c13) andi    s8, t3, -1929
core   0: 3 0x80008690 (0x877e7c13) x24 0x00000001
core   0: 0x80008694 (0x00a0dc33) srl     s8, ra, a0
core   0: 3 0x80008694 (0x00a0dc33) x24 0xfffffeb3
core   0: 0x80008698 (0x00358593) addi    a1, a1, 3
core   0: 3 0x80008698 (0x00358593) x11 0x00000003
core   0: 0x8000869c (0xfde5c4e3) blt     a1, t5, pc - 56
core   0: 3 0x8000869c (0xfde5c4e3)
core   0: 0x80008664 (0xa3e50413) addi    s0, a0, -1474
core   0: 3 0x80008664 (0xa3e50413) x 8 0xfffffa3e
core   0: 0x80008668 (0x01aa5a93) srli    s5, s4, 26
core   0: 3 0x80008668 (0x01aa5a93) x21 0x00000000
core   0: 0x8000866c (0x41e70cb3) sub     s9, a4, t5
core   0: 3 0x8000866c (0x41e70cb3) x25 0x00000007
core   0: 0x80008670 (0x36b4a693) slti    a3, s1, 875
core   0: 3 0x80008670 (0x36b4a693) x13 0x00000001
core   0: 0x80008674 (0x0158f9b3) and     s3, a7, s5
core   0: 3 0x80008674 (0x0158f9b3) x19 0x00000000
core   0: 0x80008678 (0x01115213) srli    tp, sp, 17
core   0: 3 0x80008678 (0x01115213) x 4 0x00000000
core   0: 0x8000867c (0x772ccf93) xori    t6, s9, 1906
core   0: 3 0x8000867c (0x772ccf93) x31 0x00000775
core   0: 0x80008680 (0x31a70293) addi    t0, a4, 794
core   0: 3 0x80008680 (0x31a70293) x 5 0x00000327
core   0: 0x80008684 (0x017ede93) srli    t4, t4, 23
core   0: 3 0x80008684 (0x017ede93) x29 0x00000000
core   0: 0x80008688 (0xefc2a193) slti    gp, t0, -260
core   0: 3 0x80008688 (0xefc2a193) x 3 0x00000000
core   0: 0x8000868c (0x0fe2a513) slti    a0, t0, 254
core   0: 3 0x8000868c (0x0fe2a513) x10 0x00000000
core   0: 0x80008690 (0x877e7c13) andi    s8, t3, -1929
core   0: 3 0x80008690 (0x877e7c13) x24 0x00000001
core   0: 0x80008694 (0x00a0dc33) srl     s8, ra, a0
core   0: 3 0x80008694 (0x00a0dc33) x24 0xfffffeb3
core   0: 0x80008698 (0x00358593) addi    a1, a1, 3
core   0: 3 0x80008698 (0x00358593) x11 0x00000006
core   0: 0x8000869c (0xfde5c4e3) blt     a1, t5, pc - 56
core   0: 3 0x8000869c (0xfde5c4e3)
core   0: 0x800086a0 (0x42fddf97) auipc   t6, 0x42fdd
core   0: 3 0x800086a0 (0x42fddf97) x31 0xc2fe56a0
core   0: 0x800086a4 (0xf8e31ce3) bne     t1, a4, pc - 104
core   0: 3 0x800086a4 (0xf8e31ce3)
core   0: 0x8000863c (0xa13fe093) ori     ra, t6, -1517
core   0: 3 0x8000863c (0xa13fe093) x 1 0xfffffeb3
core   0: 0x80008640 (0x00130313) addi    t1, t1, 1
core   0: 3 0x80008640 (0x00130313) x 6 0x00000008
core   0: 0x80008644 (0x01385693) srli    a3, a6, 19
core   0: 3 0x80008644 (0x01385693) x13 0x00001000
core   0: 0x80008648 (0x00000593) li      a1, 0
core   0: 3 0x80008648 (0x00000593) x11 0x00000000
core   0: 0x8000864c (0x01fe53b3) srl     t2, t3, t6
core   0: 3 0x8000864c (0x01fe53b3) x 7 0x00000409
core   0: 0x80008650 (0x00000013) nop
core   0: 3 0x80008650 (0x00000013)
core   0: 0x80008654 (0x40a486b3) sub     a3, s1, a0
core   0: 3 0x80008654 (0x40a486b3) x13 0x00000000
core   0: 0x80008658 (0x00600f13) li      t5, 6
core   0: 3 0x80008658 (0x00600f13) x30 0x00000006
core   0: 0x8000865c (0x0117d993) srli    s3, a5, 17
core   0: 3 0x8000865c (0x0117d993) x19 0x00004001
core   0: 0x80008660 (0x00602b33) slt     s6, zero, t1
core   0: 3 0x80008660 (0x00602b33) x22 0x00000001
core   0: 0x80008664 (0xa3e50413) addi    s0, a0, -1474
core   0: 3 0x80008664 (0xa3e50413) x 8 0xfffffa3e
core   0: 0x80008668 (0x01aa5a93) srli    s5, s4, 26
core   0: 3 0x80008668 (0x01aa5a93) x21 0x00000000
core   0: 0x8000866c (0x41e70cb3) sub     s9, a4, t5
core   0: 3 0x8000866c (0x41e70cb3) x25 0x00000007
core   0: 0x80008670 (0x36b4a693) slti    a3, s1, 875
core   0: 3 0x80008670 (0x36b4a693) x13 0x00000001
core   0: 0x80008674 (0x0158f9b3) and     s3, a7, s5
core   0: 3 0x80008674 (0x0158f9b3) x19 0x00000000
core   0: 0x80008678 (0x01115213) srli    tp, sp, 17
core   0: 3 0x80008678 (0x01115213) x 4 0x00000000
core   0: 0x8000867c (0x772ccf93) xori    t6, s9, 1906
core   0: 3 0x8000867c (0x772ccf93) x31 0x00000775
core   0: 0x80008680 (0x31a70293) addi    t0, a4, 794
core   0: 3 0x80008680 (0x31a70293) x 5 0x00000327
core   0: 0x80008684 (0x017ede93) srli    t4, t4, 23
core   0: 3 0x80008684 (0x017ede93) x29 0x00000000
core   0: 0x80008688 (0xefc2a193) slti    gp, t0, -260
core   0: 3 0x80008688 (0xefc2a193) x 3 0x00000000
core   0: 0x8000868c (0x0fe2a513) slti    a0, t0, 254
core   0: 3 0x8000868c (0x0fe2a513) x10 0x00000000
core   0: 0x80008690 (0x877e7c13) andi    s8, t3, -1929
core   0: 3 0x80008690 (0x877e7c13) x24 0x00000001
core   0: 0x80008694 (0x00a0dc33) srl     s8, ra, a0
core   0: 3 0x80008694 (0x00a0dc33) x24 0xfffffeb3
core   0: 0x80008698 (0x00358593) addi    a1, a1, 3
core   0: 3 0x80008698 (0x00358593) x11 0x00000003
core   0: 0x8000869c (0xfde5c4e3) blt     a1, t5, pc - 56
core   0: 3 0x8000869c (0xfde5c4e3)
core   0: 0x80008664 (0xa3e50413) addi    s0, a0, -1474
core   0: 3 0x80008664 (0xa3e50413) x 8 0xfffffa3e
core   0: 0x80008668 (0x01aa5a93) srli    s5, s4, 26
core   0: 3 0x80008668 (0x01aa5a93) x21 0x00000000
core   0: 0x8000866c (0x41e70cb3) sub     s9, a4, t5
core   0: 3 0x8000866c (0x41e70cb3) x25 0x00000007
core   0: 0x80008670 (0x36b4a693) slti    a3, s1, 875
core   0: 3 0x80008670 (0x36b4a693) x13 0x00000001
core   0: 0x80008674 (0x0158f9b3) and     s3, a7, s5
core   0: 3 0x80008674 (0x0158f9b3) x19 0x00000000
core   0: 0x80008678 (0x01115213) srli    tp, sp, 17
core   0: 3 0x80008678 (0x01115213) x 4 0x00000000
core   0: 0x8000867c (0x772ccf93) xori    t6, s9, 1906
core   0: 3 0x8000867c (0x772ccf93) x31 0x00000775
core   0: 0x80008680 (0x31a70293) addi    t0, a4, 794
core   0: 3 0x80008680 (0x31a70293) x 5 0x00000327
core   0: 0x80008684 (0x017ede93) srli    t4, t4, 23
core   0: 3 0x80008684 (0x017ede93) x29 0x00000000
core   0: 0x80008688 (0xefc2a193) slti    gp, t0, -260
core   0: 3 0x80008688 (0xefc2a193) x 3 0x00000000
core   0: 0x8000868c (0x0fe2a513) slti    a0, t0, 254
core   0: 3 0x8000868c (0x0fe2a513) x10 0x00000000
core   0: 0x80008690 (0x877e7c13) andi    s8, t3, -1929
core   0: 3 0x80008690 (0x877e7c13) x24 0x00000001
core   0: 0x80008694 (0x00a0dc33) srl     s8, ra, a0
core   0: 3 0x80008694 (0x00a0dc33) x24 0xfffffeb3
core   0: 0x80008698 (0x00358593) addi    a1, a1, 3
core   0: 3 0x80008698 (0x00358593) x11 0x00000006
core   0: 0x8000869c (0xfde5c4e3) blt     a1, t5, pc - 56
core   0: 3 0x8000869c (0xfde5c4e3)
core   0: 0x800086a0 (0x42fddf97) auipc   t6, 0x42fdd
core   0: 3 0x800086a0 (0x42fddf97) x31 0xc2fe56a0
core   0: 0x800086a4 (0xf8e31ce3) bne     t1, a4, pc - 104
core   0: 3 0x800086a4 (0xf8e31ce3)
core   0: 0x8000863c (0xa13fe093) ori     ra, t6, -1517
core   0: 3 0x8000863c (0xa13fe093) x 1 0xfffffeb3
core   0: 0x80008640 (0x00130313) addi    t1, t1, 1
core   0: 3 0x80008640 (0x00130313) x 6 0x00000009
core   0: 0x80008644 (0x01385693) srli    a3, a6, 19
core   0: 3 0x80008644 (0x01385693) x13 0x00001000
core   0: 0x80008648 (0x00000593) li      a1, 0
core   0: 3 0x80008648 (0x00000593) x11 0x00000000
core   0: 0x8000864c (0x01fe53b3) srl     t2, t3, t6
core   0: 3 0x8000864c (0x01fe53b3) x 7 0x00000409
core   0: 0x80008650 (0x00000013) nop
core   0: 3 0x80008650 (0x00000013)
core   0: 0x80008654 (0x40a486b3) sub     a3, s1, a0
core   0: 3 0x80008654 (0x40a486b3) x13 0x00000000
core   0: 0x80008658 (0x00600f13) li      t5, 6
core   0: 3 0x80008658 (0x00600f13) x30 0x00000006
core   0: 0x8000865c (0x0117d993) srli    s3, a5, 17
core   0: 3 0x8000865c (0x0117d993) x19 0x00004001
core   0: 0x80008660 (0x00602b33) slt     s6, zero, t1
core   0: 3 0x80008660 (0x00602b33) x22 0x00000001
core   0: 0x80008664 (0xa3e50413) addi    s0, a0, -1474
core   0: 3 0x80008664 (0xa3e50413) x 8 0xfffffa3e
core   0: 0x80008668 (0x01aa5a93) srli    s5, s4, 26
core   0: 3 0x80008668 (0x01aa5a93) x21 0x00000000
core   0: 0x8000866c (0x41e70cb3) sub     s9, a4, t5
core   0: 3 0x8000866c (0x41e70cb3) x25 0x00000007
core   0: 0x80008670 (0x36b4a693) slti    a3, s1, 875
core   0: 3 0x80008670 (0x36b4a693) x13 0x00000001
core   0: 0x80008674 (0x0158f9b3) and     s3, a7, s5
core   0: 3 0x80008674 (0x0158f9b3) x19 0x00000000
core   0: 0x80008678 (0x01115213) srli    tp, sp, 17
core   0: 3 0x80008678 (0x01115213) x 4 0x00000000
core   0: 0x8000867c (0x772ccf93) xori    t6, s9, 1906
core   0: 3 0x8000867c (0x772ccf93) x31 0x00000775
core   0: 0x80008680 (0x31a70293) addi    t0, a4, 794
core   0: 3 0x80008680 (0x31a70293) x 5 0x00000327
core   0: 0x80008684 (0x017ede93) srli    t4, t4, 23
core   0: 3 0x80008684 (0x017ede93) x29 0x00000000
core   0: 0x80008688 (0xefc2a193) slti    gp, t0, -260
core   0: 3 0x80008688 (0xefc2a193) x 3 0x00000000
core   0: 0x8000868c (0x0fe2a513) slti    a0, t0, 254
core   0: 3 0x8000868c (0x0fe2a513) x10 0x00000000
core   0: 0x80008690 (0x877e7c13) andi    s8, t3, -1929
core   0: 3 0x80008690 (0x877e7c13) x24 0x00000001
core   0: 0x80008694 (0x00a0dc33) srl     s8, ra, a0
core   0: 3 0x80008694 (0x00a0dc33) x24 0xfffffeb3
core   0: 0x80008698 (0x00358593) addi    a1, a1, 3
core   0: 3 0x80008698 (0x00358593) x11 0x00000003
core   0: 0x8000869c (0xfde5c4e3) blt     a1, t5, pc - 56
core   0: 3 0x8000869c (0xfde5c4e3)
core   0: 0x80008664 (0xa3e50413) addi    s0, a0, -1474
core   0: 3 0x80008664 (0xa3e50413) x 8 0xfffffa3e
core   0: 0x80008668 (0x01aa5a93) srli    s5, s4, 26
core   0: 3 0x80008668 (0x01aa5a93) x21 0x00000000
core   0: 0x8000866c (0x41e70cb3) sub     s9, a4, t5
core   0: 3 0x8000866c (0x41e70cb3) x25 0x00000007
core   0: 0x80008670 (0x36b4a693) slti    a3, s1, 875
core   0: 3 0x80008670 (0x36b4a693) x13 0x00000001
core   0: 0x80008674 (0x0158f9b3) and     s3, a7, s5
core   0: 3 0x80008674 (0x0158f9b3) x19 0x00000000
core   0: 0x80008678 (0x01115213) srli    tp, sp, 17
core   0: 3 0x80008678 (0x01115213) x 4 0x00000000
core   0: 0x8000867c (0x772ccf93) xori    t6, s9, 1906
core   0: 3 0x8000867c (0x772ccf93) x31 0x00000775
core   0: 0x80008680 (0x31a70293) addi    t0, a4, 794
core   0: 3 0x80008680 (0x31a70293) x 5 0x00000327
core   0: 0x80008684 (0x017ede93) srli    t4, t4, 23
core   0: 3 0x80008684 (0x017ede93) x29 0x00000000
core   0: 0x80008688 (0xefc2a193) slti    gp, t0, -260
core   0: 3 0x80008688 (0xefc2a193) x 3 0x00000000
core   0: 0x8000868c (0x0fe2a513) slti    a0, t0, 254
core   0: 3 0x8000868c (0x0fe2a513) x10 0x00000000
core   0: 0x80008690 (0x877e7c13) andi    s8, t3, -1929
core   0: 3 0x80008690 (0x877e7c13) x24 0x00000001
core   0: 0x80008694 (0x00a0dc33) srl     s8, ra, a0
core   0: 3 0x80008694 (0x00a0dc33) x24 0xfffffeb3
core   0: 0x80008698 (0x00358593) addi    a1, a1, 3
core   0: 3 0x80008698 (0x00358593) x11 0x00000006
core   0: 0x8000869c (0xfde5c4e3) blt     a1, t5, pc - 56
core   0: 3 0x8000869c (0xfde5c4e3)
core   0: 0x800086a0 (0x42fddf97) auipc   t6, 0x42fdd
core   0: 3 0x800086a0 (0x42fddf97) x31 0xc2fe56a0
core   0: 0x800086a4 (0xf8e31ce3) bne     t1, a4, pc - 104
core   0: 3 0x800086a4 (0xf8e31ce3)
core   0: 0x8000863c (0xa13fe093) ori     ra, t6, -1517
core   0: 3 0x8000863c (0xa13fe093) x 1 0xfffffeb3
core   0: 0x80008640 (0x00130313) addi    t1, t1, 1
core   0: 3 0x80008640 (0x00130313) x 6 0x0000000a
core   0: 0x80008644 (0x01385693) srli    a3, a6, 19
core   0: 3 0x80008644 (0x01385693) x13 0x00001000
core   0: 0x80008648 (0x00000593) li      a1, 0
core   0: 3 0x80008648 (0x00000593) x11 0x00000000
core   0: 0x8000864c (0x01fe53b3) srl     t2, t3, t6
core   0: 3 0x8000864c (0x01fe53b3) x 7 0x00000409
core   0: 0x80008650 (0x00000013) nop
core   0: 3 0x80008650 (0x00000013)
core   0: 0x80008654 (0x40a486b3) sub     a3, s1, a0
core   0: 3 0x80008654 (0x40a486b3) x13 0x00000000
core   0: 0x80008658 (0x00600f13) li      t5, 6
core   0: 3 0x80008658 (0x00600f13) x30 0x00000006
core   0: 0x8000865c (0x0117d993) srli    s3, a5, 17
core   0: 3 0x8000865c (0x0117d993) x19 0x00004001
core   0: 0x80008660 (0x00602b33) slt     s6, zero, t1
core   0: 3 0x80008660 (0x00602b33) x22 0x00000001
core   0: 0x80008664 (0xa3e50413) addi    s0, a0, -1474
core   0: 3 0x80008664 (0xa3e50413) x 8 0xfffffa3e
core   0: 0x80008668 (0x01aa5a93) srli    s5, s4, 26
core   0: 3 0x80008668 (0x01aa5a93) x21 0x00000000
core   0: 0x8000866c (0x41e70cb3) sub     s9, a4, t5
core   0: 3 0x8000866c (0x41e70cb3) x25 0x00000007
core   0: 0x80008670 (0x36b4a693) slti    a3, s1, 875
core   0: 3 0x80008670 (0x36b4a693) x13 0x00000001
core   0: 0x80008674 (0x0158f9b3) and     s3, a7, s5
core   0: 3 0x80008674 (0x0158f9b3) x19 0x00000000
core   0: 0x80008678 (0x01115213) srli    tp, sp, 17
core   0: 3 0x80008678 (0x01115213) x 4 0x00000000
core   0: 0x8000867c (0x772ccf93) xori    t6, s9, 1906
core   0: 3 0x8000867c (0x772ccf93) x31 0x00000775
core   0: 0x80008680 (0x31a70293) addi    t0, a4, 794
core   0: 3 0x80008680 (0x31a70293) x 5 0x00000327
core   0: 0x80008684 (0x017ede93) srli    t4, t4, 23
core   0: 3 0x80008684 (0x017ede93) x29 0x00000000
core   0: 0x80008688 (0xefc2a193) slti    gp, t0, -260
core   0: 3 0x80008688 (0xefc2a193) x 3 0x00000000
core   0: 0x8000868c (0x0fe2a513) slti    a0, t0, 254
core   0: 3 0x8000868c (0x0fe2a513) x10 0x00000000
core   0: 0x80008690 (0x877e7c13) andi    s8, t3, -1929
core   0: 3 0x80008690 (0x877e7c13) x24 0x00000001
core   0: 0x80008694 (0x00a0dc33) srl     s8, ra, a0
core   0: 3 0x80008694 (0x00a0dc33) x24 0xfffffeb3
core   0: 0x80008698 (0x00358593) addi    a1, a1, 3
core   0: 3 0x80008698 (0x00358593) x11 0x00000003
core   0: 0x8000869c (0xfde5c4e3) blt     a1, t5, pc - 56
core   0: 3 0x8000869c (0xfde5c4e3)
core   0: 0x80008664 (0xa3e50413) addi    s0, a0, -1474
core   0: 3 0x80008664 (0xa3e50413) x 8 0xfffffa3e
core   0: 0x80008668 (0x01aa5a93) srli    s5, s4, 26
core   0: 3 0x80008668 (0x01aa5a93) x21 0x00000000
core   0: 0x8000866c (0x41e70cb3) sub     s9, a4, t5
core   0: 3 0x8000866c (0x41e70cb3) x25 0x00000007
core   0: 0x80008670 (0x36b4a693) slti    a3, s1, 875
core   0: 3 0x80008670 (0x36b4a693) x13 0x00000001
core   0: 0x80008674 (0x0158f9b3) and     s3, a7, s5
core   0: 3 0x80008674 (0x0158f9b3) x19 0x00000000
core   0: 0x80008678 (0x01115213) srli    tp, sp, 17
core   0: 3 0x80008678 (0x01115213) x 4 0x00000000
core   0: 0x8000867c (0x772ccf93) xori    t6, s9, 1906
core   0: 3 0x8000867c (0x772ccf93) x31 0x00000775
core   0: 0x80008680 (0x31a70293) addi    t0, a4, 794
core   0: 3 0x80008680 (0x31a70293) x 5 0x00000327
core   0: 0x80008684 (0x017ede93) srli    t4, t4, 23
core   0: 3 0x80008684 (0x017ede93) x29 0x00000000
core   0: 0x80008688 (0xefc2a193) slti    gp, t0, -260
core   0: 3 0x80008688 (0xefc2a193) x 3 0x00000000
core   0: 0x8000868c (0x0fe2a513) slti    a0, t0, 254
core   0: 3 0x8000868c (0x0fe2a513) x10 0x00000000
core   0: 0x80008690 (0x877e7c13) andi    s8, t3, -1929
core   0: 3 0x80008690 (0x877e7c13) x24 0x00000001
core   0: 0x80008694 (0x00a0dc33) srl     s8, ra, a0
core   0: 3 0x80008694 (0x00a0dc33) x24 0xfffffeb3
core   0: 0x80008698 (0x00358593) addi    a1, a1, 3
core   0: 3 0x80008698 (0x00358593) x11 0x00000006
core   0: 0x8000869c (0xfde5c4e3) blt     a1, t5, pc - 56
core   0: 3 0x8000869c (0xfde5c4e3)
core   0: 0x800086a0 (0x42fddf97) auipc   t6, 0x42fdd
core   0: 3 0x800086a0 (0x42fddf97) x31 0xc2fe56a0
core   0: 0x800086a4 (0xf8e31ce3) bne     t1, a4, pc - 104
core   0: 3 0x800086a4 (0xf8e31ce3)
core   0: 0x8000863c (0xa13fe093) ori     ra, t6, -1517
core   0: 3 0x8000863c (0xa13fe093) x 1 0xfffffeb3
core   0: 0x80008640 (0x00130313) addi    t1, t1, 1
core   0: 3 0x80008640 (0x00130313) x 6 0x0000000b
core   0: 0x80008644 (0x01385693) srli    a3, a6, 19
core   0: 3 0x80008644 (0x01385693) x13 0x00001000
core   0: 0x80008648 (0x00000593) li      a1, 0
core   0: 3 0x80008648 (0x00000593) x11 0x00000000
core   0: 0x8000864c (0x01fe53b3) srl     t2, t3, t6
core   0: 3 0x8000864c (0x01fe53b3) x 7 0x00000409
core   0: 0x80008650 (0x00000013) nop
core   0: 3 0x80008650 (0x00000013)
core   0: 0x80008654 (0x40a486b3) sub     a3, s1, a0
core   0: 3 0x80008654 (0x40a486b3) x13 0x00000000
core   0: 0x80008658 (0x00600f13) li      t5, 6
core   0: 3 0x80008658 (0x00600f13) x30 0x00000006
core   0: 0x8000865c (0x0117d993) srli    s3, a5, 17
core   0: 3 0x8000865c (0x0117d993) x19 0x00004001
core   0: 0x80008660 (0x00602b33) slt     s6, zero, t1
core   0: 3 0x80008660 (0x00602b33) x22 0x00000001
core   0: 0x80008664 (0xa3e50413) addi    s0, a0, -1474
core   0: 3 0x80008664 (0xa3e50413) x 8 0xfffffa3e
core   0: 0x80008668 (0x01aa5a93) srli    s5, s4, 26
core   0: 3 0x80008668 (0x01aa5a93) x21 0x00000000
core   0: 0x8000866c (0x41e70cb3) sub     s9, a4, t5
core   0: 3 0x8000866c (0x41e70cb3) x25 0x00000007
core   0: 0x80008670 (0x36b4a693) slti    a3, s1, 875
core   0: 3 0x80008670 (0x36b4a693) x13 0x00000001
core   0: 0x80008674 (0x0158f9b3) and     s3, a7, s5
core   0: 3 0x80008674 (0x0158f9b3) x19 0x00000000
core   0: 0x80008678 (0x01115213) srli    tp, sp, 17
core   0: 3 0x80008678 (0x01115213) x 4 0x00000000
core   0: 0x8000867c (0x772ccf93) xori    t6, s9, 1906
core   0: 3 0x8000867c (0x772ccf93) x31 0x00000775
core   0: 0x80008680 (0x31a70293) addi    t0, a4, 794
core   0: 3 0x80008680 (0x31a70293) x 5 0x00000327
core   0: 0x80008684 (0x017ede93) srli    t4, t4, 23
core   0: 3 0x80008684 (0x017ede93) x29 0x00000000
core   0: 0x80008688 (0xefc2a193) slti    gp, t0, -260
core   0: 3 0x80008688 (0xefc2a193) x 3 0x00000000
core   0: 0x8000868c (0x0fe2a513) slti    a0, t0, 254
core   0: 3 0x8000868c (0x0fe2a513) x10 0x00000000
core   0: 0x80008690 (0x877e7c13) andi    s8, t3, -1929
core   0: 3 0x80008690 (0x877e7c13) x24 0x00000001
core   0: 0x80008694 (0x00a0dc33) srl     s8, ra, a0
core   0: 3 0x80008694 (0x00a0dc33) x24 0xfffffeb3
core   0: 0x80008698 (0x00358593) addi    a1, a1, 3
core   0: 3 0x80008698 (0x00358593) x11 0x00000003
core   0: 0x8000869c (0xfde5c4e3) blt     a1, t5, pc - 56
core   0: 3 0x8000869c (0xfde5c4e3)
core   0: 0x80008664 (0xa3e50413) addi    s0, a0, -1474
core   0: 3 0x80008664 (0xa3e50413) x 8 0xfffffa3e
core   0: 0x80008668 (0x01aa5a93) srli    s5, s4, 26
core   0: 3 0x80008668 (0x01aa5a93) x21 0x00000000
core   0: 0x8000866c (0x41e70cb3) sub     s9, a4, t5
core   0: 3 0x8000866c (0x41e70cb3) x25 0x00000007
core   0: 0x80008670 (0x36b4a693) slti    a3, s1, 875
core   0: 3 0x80008670 (0x36b4a693) x13 0x00000001
core   0: 0x80008674 (0x0158f9b3) and     s3, a7, s5
core   0: 3 0x80008674 (0x0158f9b3) x19 0x00000000
core   0: 0x80008678 (0x01115213) srli    tp, sp, 17
core   0: 3 0x80008678 (0x01115213) x 4 0x00000000
core   0: 0x8000867c (0x772ccf93) xori    t6, s9, 1906
core   0: 3 0x8000867c (0x772ccf93) x31 0x00000775
core   0: 0x80008680 (0x31a70293) addi    t0, a4, 794
core   0: 3 0x80008680 (0x31a70293) x 5 0x00000327
core   0: 0x80008684 (0x017ede93) srli    t4, t4, 23
core   0: 3 0x80008684 (0x017ede93) x29 0x00000000
core   0: 0x80008688 (0xefc2a193) slti    gp, t0, -260
core   0: 3 0x80008688 (0xefc2a193) x 3 0x00000000
core   0: 0x8000868c (0x0fe2a513) slti    a0, t0, 254
core   0: 3 0x8000868c (0x0fe2a513) x10 0x00000000
core   0: 0x80008690 (0x877e7c13) andi    s8, t3, -1929
core   0: 3 0x80008690 (0x877e7c13) x24 0x00000001
core   0: 0x80008694 (0x00a0dc33) srl     s8, ra, a0
core   0: 3 0x80008694 (0x00a0dc33) x24 0xfffffeb3
core   0: 0x80008698 (0x00358593) addi    a1, a1, 3
core   0: 3 0x80008698 (0x00358593) x11 0x00000006
core   0: 0x8000869c (0xfde5c4e3) blt     a1, t5, pc - 56
core   0: 3 0x8000869c (0xfde5c4e3)
core   0: 0x800086a0 (0x42fddf97) auipc   t6, 0x42fdd
core   0: 3 0x800086a0 (0x42fddf97) x31 0xc2fe56a0
core   0: 0x800086a4 (0xf8e31ce3) bne     t1, a4, pc - 104
core   0: 3 0x800086a4 (0xf8e31ce3)
core   0: 0x8000863c (0xa13fe093) ori     ra, t6, -1517
core   0: 3 0x8000863c (0xa13fe093) x 1 0xfffffeb3
core   0: 0x80008640 (0x00130313) addi    t1, t1, 1
core   0: 3 0x80008640 (0x00130313) x 6 0x0000000c
core   0: 0x80008644 (0x01385693) srli    a3, a6, 19
core   0: 3 0x80008644 (0x01385693) x13 0x00001000
core   0: 0x80008648 (0x00000593) li      a1, 0
core   0: 3 0x80008648 (0x00000593) x11 0x00000000
core   0: 0x8000864c (0x01fe53b3) srl     t2, t3, t6
core   0: 3 0x8000864c (0x01fe53b3) x 7 0x00000409
core   0: 0x80008650 (0x00000013) nop
core   0: 3 0x80008650 (0x00000013)
core   0: 0x80008654 (0x40a486b3) sub     a3, s1, a0
core   0: 3 0x80008654 (0x40a486b3) x13 0x00000000
core   0: 0x80008658 (0x00600f13) li      t5, 6
core   0: 3 0x80008658 (0x00600f13) x30 0x00000006
core   0: 0x8000865c (0x0117d993) srli    s3, a5, 17
core   0: 3 0x8000865c (0x0117d993) x19 0x00004001
core   0: 0x80008660 (0x00602b33) slt     s6, zero, t1
core   0: 3 0x80008660 (0x00602b33) x22 0x00000001
core   0: 0x80008664 (0xa3e50413) addi    s0, a0, -1474
core   0: 3 0x80008664 (0xa3e50413) x 8 0xfffffa3e
core   0: 0x80008668 (0x01aa5a93) srli    s5, s4, 26
core   0: 3 0x80008668 (0x01aa5a93) x21 0x00000000
core   0: 0x8000866c (0x41e70cb3) sub     s9, a4, t5
core   0: 3 0x8000866c (0x41e70cb3) x25 0x00000007
core   0: 0x80008670 (0x36b4a693) slti    a3, s1, 875
core   0: 3 0x80008670 (0x36b4a693) x13 0x00000001
core   0: 0x80008674 (0x0158f9b3) and     s3, a7, s5
core   0: 3 0x80008674 (0x0158f9b3) x19 0x00000000
core   0: 0x80008678 (0x01115213) srli    tp, sp, 17
core   0: 3 0x80008678 (0x01115213) x 4 0x00000000
core   0: 0x8000867c (0x772ccf93) xori    t6, s9, 1906
core   0: 3 0x8000867c (0x772ccf93) x31 0x00000775
core   0: 0x80008680 (0x31a70293) addi    t0, a4, 794
core   0: 3 0x80008680 (0x31a70293) x 5 0x00000327
core   0: 0x80008684 (0x017ede93) srli    t4, t4, 23
core   0: 3 0x80008684 (0x017ede93) x29 0x00000000
core   0: 0x80008688 (0xefc2a193) slti    gp, t0, -260
core   0: 3 0x80008688 (0xefc2a193) x 3 0x00000000
core   0: 0x8000868c (0x0fe2a513) slti    a0, t0, 254
core   0: 3 0x8000868c (0x0fe2a513) x10 0x00000000
core   0: 0x80008690 (0x877e7c13) andi    s8, t3, -1929
core   0: 3 0x80008690 (0x877e7c13) x24 0x00000001
core   0: 0x80008694 (0x00a0dc33) srl     s8, ra, a0
core   0: 3 0x80008694 (0x00a0dc33) x24 0xfffffeb3
core   0: 0x80008698 (0x00358593) addi    a1, a1, 3
core   0: 3 0x80008698 (0x00358593) x11 0x00000003
core   0: 0x8000869c (0xfde5c4e3) blt     a1, t5, pc - 56
core   0: 3 0x8000869c (0xfde5c4e3)
core   0: 0x80008664 (0xa3e50413) addi    s0, a0, -1474
core   0: 3 0x80008664 (0xa3e50413) x 8 0xfffffa3e
core   0: 0x80008668 (0x01aa5a93) srli    s5, s4, 26
core   0: 3 0x80008668 (0x01aa5a93) x21 0x00000000
core   0: 0x8000866c (0x41e70cb3) sub     s9, a4, t5
core   0: 3 0x8000866c (0x41e70cb3) x25 0x00000007
core   0: 0x80008670 (0x36b4a693) slti    a3, s1, 875
core   0: 3 0x80008670 (0x36b4a693) x13 0x00000001
core   0: 0x80008674 (0x0158f9b3) and     s3, a7, s5
core   0: 3 0x80008674 (0x0158f9b3) x19 0x00000000
core   0: 0x80008678 (0x01115213) srli    tp, sp, 17
core   0: 3 0x80008678 (0x01115213) x 4 0x00000000
core   0: 0x8000867c (0x772ccf93) xori    t6, s9, 1906
core   0: 3 0x8000867c (0x772ccf93) x31 0x00000775
core   0: 0x80008680 (0x31a70293) addi    t0, a4, 794
core   0: 3 0x80008680 (0x31a70293) x 5 0x00000327
core   0: 0x80008684 (0x017ede93) srli    t4, t4, 23
core   0: 3 0x80008684 (0x017ede93) x29 0x00000000
core   0: 0x80008688 (0xefc2a193) slti    gp, t0, -260
core   0: 3 0x80008688 (0xefc2a193) x 3 0x00000000
core   0: 0x8000868c (0x0fe2a513) slti    a0, t0, 254
core   0: 3 0x8000868c (0x0fe2a513) x10 0x00000000
core   0: 0x80008690 (0x877e7c13) andi    s8, t3, -1929
core   0: 3 0x80008690 (0x877e7c13) x24 0x00000001
core   0: 0x80008694 (0x00a0dc33) srl     s8, ra, a0
core   0: 3 0x80008694 (0x00a0dc33) x24 0xfffffeb3
core   0: 0x80008698 (0x00358593) addi    a1, a1, 3
core   0: 3 0x80008698 (0x00358593) x11 0x00000006
core   0: 0x8000869c (0xfde5c4e3) blt     a1, t5, pc - 56
core   0: 3 0x8000869c (0xfde5c4e3)
core   0: 0x800086a0 (0x42fddf97) auipc   t6, 0x42fdd
core   0: 3 0x800086a0 (0x42fddf97) x31 0xc2fe56a0
core   0: 0x800086a4 (0xf8e31ce3) bne     t1, a4, pc - 104
core   0: 3 0x800086a4 (0xf8e31ce3)
core   0: 0x8000863c (0xa13fe093) ori     ra, t6, -1517
core   0: 3 0x8000863c (0xa13fe093) x 1 0xfffffeb3
core   0: 0x80008640 (0x00130313) addi    t1, t1, 1
core   0: 3 0x80008640 (0x00130313) x 6 0x0000000d
core   0: 0x80008644 (0x01385693) srli    a3, a6, 19
core   0: 3 0x80008644 (0x01385693) x13 0x00001000
core   0: 0x80008648 (0x00000593) li      a1, 0
core   0: 3 0x80008648 (0x00000593) x11 0x00000000
core   0: 0x8000864c (0x01fe53b3) srl     t2, t3, t6
core   0: 3 0x8000864c (0x01fe53b3) x 7 0x00000409
core   0: 0x80008650 (0x00000013) nop
core   0: 3 0x80008650 (0x00000013)
core   0: 0x80008654 (0x40a486b3) sub     a3, s1, a0
core   0: 3 0x80008654 (0x40a486b3) x13 0x00000000
core   0: 0x80008658 (0x00600f13) li      t5, 6
core   0: 3 0x80008658 (0x00600f13) x30 0x00000006
core   0: 0x8000865c (0x0117d993) srli    s3, a5, 17
core   0: 3 0x8000865c (0x0117d993) x19 0x00004001
core   0: 0x80008660 (0x00602b33) slt     s6, zero, t1
core   0: 3 0x80008660 (0x00602b33) x22 0x00000001
core   0: 0x80008664 (0xa3e50413) addi    s0, a0, -1474
core   0: 3 0x80008664 (0xa3e50413) x 8 0xfffffa3e
core   0: 0x80008668 (0x01aa5a93) srli    s5, s4, 26
core   0: 3 0x80008668 (0x01aa5a93) x21 0x00000000
core   0: 0x8000866c (0x41e70cb3) sub     s9, a4, t5
core   0: 3 0x8000866c (0x41e70cb3) x25 0x00000007
core   0: 0x80008670 (0x36b4a693) slti    a3, s1, 875
core   0: 3 0x80008670 (0x36b4a693) x13 0x00000001
core   0: 0x80008674 (0x0158f9b3) and     s3, a7, s5
core   0: 3 0x80008674 (0x0158f9b3) x19 0x00000000
core   0: 0x80008678 (0x01115213) srli    tp, sp, 17
core   0: 3 0x80008678 (0x01115213) x 4 0x00000000
core   0: 0x8000867c (0x772ccf93) xori    t6, s9, 1906
core   0: 3 0x8000867c (0x772ccf93) x31 0x00000775
core   0: 0x80008680 (0x31a70293) addi    t0, a4, 794
core   0: 3 0x80008680 (0x31a70293) x 5 0x00000327
core   0: 0x80008684 (0x017ede93) srli    t4, t4, 23
core   0: 3 0x80008684 (0x017ede93) x29 0x00000000
core   0: 0x80008688 (0xefc2a193) slti    gp, t0, -260
core   0: 3 0x80008688 (0xefc2a193) x 3 0x00000000
core   0: 0x8000868c (0x0fe2a513) slti    a0, t0, 254
core   0: 3 0x8000868c (0x0fe2a513) x10 0x00000000
core   0: 0x80008690 (0x877e7c13) andi    s8, t3, -1929
core   0: 3 0x80008690 (0x877e7c13) x24 0x00000001
core   0: 0x80008694 (0x00a0dc33) srl     s8, ra, a0
core   0: 3 0x80008694 (0x00a0dc33) x24 0xfffffeb3
core   0: 0x80008698 (0x00358593) addi    a1, a1, 3
core   0: 3 0x80008698 (0x00358593) x11 0x00000003
core   0: 0x8000869c (0xfde5c4e3) blt     a1, t5, pc - 56
core   0: 3 0x8000869c (0xfde5c4e3)
core   0: 0x80008664 (0xa3e50413) addi    s0, a0, -1474
core   0: 3 0x80008664 (0xa3e50413) x 8 0xfffffa3e
core   0: 0x80008668 (0x01aa5a93) srli    s5, s4, 26
core   0: 3 0x80008668 (0x01aa5a93) x21 0x00000000
core   0: 0x8000866c (0x41e70cb3) sub     s9, a4, t5
core   0: 3 0x8000866c (0x41e70cb3) x25 0x00000007
core   0: 0x80008670 (0x36b4a693) slti    a3, s1, 875
core   0: 3 0x80008670 (0x36b4a693) x13 0x00000001
core   0: 0x80008674 (0x0158f9b3) and     s3, a7, s5
core   0: 3 0x80008674 (0x0158f9b3) x19 0x00000000
core   0: 0x80008678 (0x01115213) srli    tp, sp, 17
core   0: 3 0x80008678 (0x01115213) x 4 0x00000000
core   0: 0x8000867c (0x772ccf93) xori    t6, s9, 1906
core   0: 3 0x8000867c (0x772ccf93) x31 0x00000775
core   0: 0x80008680 (0x31a70293) addi    t0, a4, 794
core   0: 3 0x80008680 (0x31a70293) x 5 0x00000327
core   0: 0x80008684 (0x017ede93) srli    t4, t4, 23
core   0: 3 0x80008684 (0x017ede93) x29 0x00000000
core   0: 0x80008688 (0xefc2a193) slti    gp, t0, -260
core   0: 3 0x80008688 (0xefc2a193) x 3 0x00000000
core   0: 0x8000868c (0x0fe2a513) slti    a0, t0, 254
core   0: 3 0x8000868c (0x0fe2a513) x10 0x00000000
core   0: 0x80008690 (0x877e7c13) andi    s8, t3, -1929
core   0: 3 0x80008690 (0x877e7c13) x24 0x00000001
core   0: 0x80008694 (0x00a0dc33) srl     s8, ra, a0
core   0: 3 0x80008694 (0x00a0dc33) x24 0xfffffeb3
core   0: 0x80008698 (0x00358593) addi    a1, a1, 3
core   0: 3 0x80008698 (0x00358593) x11 0x00000006
core   0: 0x8000869c (0xfde5c4e3) blt     a1, t5, pc - 56
core   0: 3 0x8000869c (0xfde5c4e3)
core   0: 0x800086a0 (0x42fddf97) auipc   t6, 0x42fdd
core   0: 3 0x800086a0 (0x42fddf97) x31 0xc2fe56a0
core   0: 0x800086a4 (0xf8e31ce3) bne     t1, a4, pc - 104
core   0: 3 0x800086a4 (0xf8e31ce3)
core   0: 0x800086a8 (0xf17c2393) slti    t2, s8, -233
core   0: 3 0x800086a8 (0xf17c2393) x 7 0x00000001
core   0: 0x800086ac (0xe8836e13) ori     t3, t1, -376
core   0: 3 0x800086ac (0xe8836e13) x28 0xfffffe8d
core   0: 0x800086b0 (0x013d8333) add     t1, s11, s3
core   0: 3 0x800086b0 (0x013d8333) x 6 0x00000004
core   0: 0x800086b4 (0x0055a433) slt     s0, a1, t0
core   0: 3 0x800086b4 (0x0055a433) x 8 0x00000001
core   0: 0x800086b8 (0x056dd663) bge     s11, s6, pc + 76
core   0: 3 0x800086b8 (0x056dd663)
core   0: 0x80008704 (0xd10bac93) slti    s9, s7, -752
core   0: 3 0x80008704 (0xd10bac93) x25 0x00000001
core   0: 0x80008708 (0x88300a93) li      s5, -1917
core   0: 3 0x80008708 (0x88300a93) x21 0xfffff883
core   0: 0x8000870c (0x00e56533) or      a0, a0, a4
core   0: 3 0x8000870c (0x00e56533) x10 0x0000000d
core   0: 0x80008710 (0x01d5ccb3) xor     s9, a1, t4
core   0: 3 0x80008710 (0x01d5ccb3) x25 0x00000006
core   0: 0x80008714 (0xa657a613) slti    a2, a5, -1435
core   0: 3 0x80008714 (0xa657a613) x12 0x00000001
core   0: 0x80008718 (0x051c0463) beq     s8, a7, pc + 72
core   0: 3 0x80008718 (0x051c0463)
core   0: 0x8000871c (0x00d25d13) srli    s10, tp, 13
core   0: 3 0x8000871c (0x00d25d13) x26 0x00000000
core   0: 0x80008720 (0x4164dbb3) sra     s7, s1, s6
core   0: 3 0x80008720 (0x4164dbb3) x23 0x00000000
core   0: 0x80008724 (0x00e31c93) slli    s9, t1, 14
core   0: 3 0x80008724 (0x00e31c93) x25 0x00010000
core   0: 0x80008728 (0x02b95c63) bge     s2, a1, pc + 56
core   0: 3 0x80008728 (0x02b95c63)
core   0: 0x8000872c (0x015806b3) add     a3, a6, s5
core   0: 3 0x8000872c (0x015806b3) x13 0x7ffff883
core   0: 0x80008730 (0x41d38f33) sub     t5, t2, t4
core   0: 3 0x80008730 (0x41d38f33) x30 0x00000001
core   0: 0x80008734 (0x0000100f) fence.i
core   0: 3 0x80008734 (0x0000100f)
core   0: 0x80008738 (0x01cc6eb3) or      t4, s8, t3
core   0: 3 0x80008738 (0x01cc6eb3) x29 0xfffffebf
core   0: 0x8000873c (0x034af863) bgeu    s5, s4, pc + 48
core   0: 3 0x8000873c (0x034af863)
core   0: 0x8000876c (0x40da5c93) srai    s9, s4, 13
core   0: 3 0x8000876c (0x40da5c93) x25 0x00000000
core   0: 0x80008770 (0x0012bfb3) sltu    t6, t0, ra
core   0: 3 0x80008770 (0x0012bfb3) x31 0x00000001
core   0: 0x80008774 (0x0ff0000f) fence   iorw,iorw
core   0: 3 0x80008774 (0x0ff0000f)
core   0: 0x80008778 (0x0000100f) fence.i
core   0: 3 0x80008778 (0x0000100f)
core   0: 0x8000877c (0x47ecc493) xori    s1, s9, 1150
core   0: 3 0x8000877c (0x47ecc493) x 9 0x0000047e
core   0: 0x80008780 (0x03e24863) blt     tp, t5, pc + 48
core   0: 3 0x80008780 (0x03e24863)
core   0: 0x800087b0 (0x05984263) blt     a6, s9, pc + 68
core   0: 3 0x800087b0 (0x05984263)
core   0: 0x800087f4 (0xfe926093) ori     ra, tp, -23
core   0: 3 0x800087f4 (0xfe926093) x 1 0xffffffe9
core   0: 0x800087f8 (0x01ea9913) slli    s2, s5, 30
core   0: 3 0x800087f8 (0x01ea9913) x18 0xc0000000
core   0: 0x800087fc (0x00c81733) sll     a4, a6, a2
core   0: 3 0x800087fc (0x00c81733) x14 0x00000000
core   0: 0x80008800 (0x011759b3) srl     s3, a4, a7
core   0: 3 0x80008800 (0x011759b3) x19 0x00000000
core   0: 0x80008804 (0x1d9c2093) slti    ra, s8, 473
core   0: 3 0x80008804 (0x1d9c2093) x 1 0x00000001
core   0: 0x80008808 (0x409f52b3) sra     t0, t5, s1
core   0: 3 0x80008808 (0x409f52b3) x 5 0x00000000
core   0: 0x8000880c (0xb936c593) xori    a1, a3, -1133
core   0: 3 0x8000880c (0xb936c593) x11 0x80000310
core   0: 0x80008810 (0xdf8dfc37) lui     s8, 0xdf8df
core   0: 3 0x80008810 (0xdf8dfc37) x24 0xdf8df000
core   0: 0x80008814 (0x00000013) nop
core   0: 3 0x80008814 (0x00000013)
core   0: 0x80008818 (0x0035f1b3) and     gp, a1, gp
core   0: 3 0x80008818 (0x0035f1b3) x 3 0x00000000
core   0: 0x8000881c (0x00ee9d33) sll     s10, t4, a4
core   0: 3 0x8000881c (0x00ee9d33) x26 0xfffffebf
core   0: 0x80008820 (0x00f74ab3) xor     s5, a4, a5
core   0: 3 0x80008820 (0x00f74ab3) x21 0x80024e04
core   0: 0x80008824 (0x005e5a63) bge     t3, t0, pc + 20
core   0: 3 0x80008824 (0x005e5a63)
core   0: 0x80008828 (0x01455c63) bge     a0, s4, pc + 24
core   0: 3 0x80008828 (0x01455c63)
core   0: 0x80008840 (0xafb32d93) slti    s11, t1, -1285
core   0: 3 0x80008840 (0xafb32d93) x27 0x00000000
core   0: 0x80008844 (0x708a7b93) andi    s7, s4, 1800
core   0: 3 0x80008844 (0x708a7b93) x23 0x00000000
core   0: 0x80008848 (0x00808263) beq     ra, s0, pc + 4
core   0: 3 0x80008848 (0x00808263)
core   0: 0x8000884c (0x006a6ab3) or      s5, s4, t1
core   0: 3 0x8000884c (0x006a6ab3) x21 0x00000004
core   0: 0x80008850 (0x01360f33) add     t5, a2, s3
core   0: 3 0x80008850 (0x01360f33) x30 0x00000001
core   0: 0x80008854 (0x01eae463) bltu    s5, t5, pc + 8
core   0: 3 0x80008854 (0x01eae463)
core   0: 0x80008858 (0x05148463) beq     s1, a7, pc + 72
core   0: 3 0x80008858 (0x05148463)
core   0: 0x8000885c (0x00bb7513) andi    a0, s6, 11
core   0: 3 0x8000885c (0x00bb7513) x10 0x00000001
core   0: 0x80008860 (0x02720e63) beq     tp, t2, pc + 60
core   0: 3 0x80008860 (0x02720e63)
core   0: 0x80008864 (0x045e5463) bge     t3, t0, pc + 72
core   0: 3 0x80008864 (0x045e5463)
core   0: 0x80008868 (0x00520cb3) add     s9, tp, t0
core   0: 3 0x80008868 (0x00520cb3) x25 0x00000000
core   0: 0x8000886c (0x04ef0263) beq     t5, a4, pc + 68
core   0: 3 0x8000886c (0x04ef0263)
core   0: 0x80008870 (0x00b61c33) sll     s8, a2, a1
core   0: 3 0x80008870 (0x00b61c33) x24 0x00010000
core   0: 0x80008874 (0xed5e4913) xori    s2, t3, -299
core   0: 3 0x80008874 (0xed5e4913) x18 0x00000058
core   0: 0x80008878 (0x00a2f533) and     a0, t0, a0
core   0: 3 0x80008878 (0x00a2f533) x10 0x00000000
core   0: 0x8000887c (0x011be133) or      sp, s7, a7
core   0: 3 0x8000887c (0x011be133) x 2 0x80028ce4
core   0: 0x80008880 (0x6c52b413) sltiu   s0, t0, 1733
core   0: 3 0x80008880 (0x6c52b413) x 8 0x00000001
core   0: 0x80008884 (0x016a44b3) xor     s1, s4, s6
core   0: 3 0x80008884 (0x016a44b3) x 9 0x00000001
core   0: 0x80008888 (0x4069de93) srai    t4, s3, 6
core   0: 3 0x80008888 (0x4069de93) x29 0x00000000
core   0: 0x8000888c (0x00e01db3) sll     s11, zero, a4
core   0: 3 0x8000888c (0x00e01db3) x27 0x00000000
core   0: 0x80008890 (0x41560d33) sub     s10, a2, s5
core   0: 3 0x80008890 (0x41560d33) x26 0xfffffffd
core   0: 0x80008894 (0xf2b83693) sltiu   a3, a6, -213
core   0: 3 0x80008894 (0xf2b83693) x13 0x00000001
core   0: 0x80008898 (0x01ed3333) sltu    t1, s10, t5
core   0: 3 0x80008898 (0x01ed3333) x 6 0x00000000
core   0: 0x8000889c (0x009b8e63) beq     s7, s1, pc + 28
core   0: 3 0x8000889c (0x009b8e63)
core   0: 0x800088a0 (0xae5c8c93) addi    s9, s9, -1307
core   0: 3 0x800088a0 (0xae5c8c93) x25 0xfffffae5
core   0: 0x800088a4 (0x05c25663) bge     tp, t3, pc + 76
core   0: 3 0x800088a4 (0x05c25663)
core   0: 0x800088f0 (0x0000100f) fence.i
core   0: 3 0x800088f0 (0x0000100f)
core   0: 0x800088f4 (0x01243d33) sltu    s10, s0, s2
core   0: 3 0x800088f4 (0x01243d33) x26 0x00000001
core   0: 0x800088f8 (0x02a20063) beq     tp, a0, pc + 32
core   0: 3 0x800088f8 (0x02a20063)
core   0: 0x80008918 (0x7a8d4b13) xori    s6, s10, 1960
core   0: 3 0x80008918 (0x7a8d4b13) x22 0x000007a9
core   0: 0x8000891c (0xae178913) addi    s2, a5, -1311
core   0: 3 0x8000891c (0xae178913) x18 0x800248e5
core   0: 0x80008920 (0x0b79c663) blt     s3, s7, pc + 172
core   0: 3 0x80008920 (0x0b79c663)
core   0: 0x80008924 (0x4051d393) srai    t2, gp, 5
core   0: 3 0x80008924 (0x4051d393) x 7 0x00000000
core   0: 0x80008928 (0x0000100f) fence.i
core   0: 3 0x80008928 (0x0000100f)
core   0: 0x8000892c (0x09ed0863) beq     s10, t5, pc + 144
core   0: 3 0x8000892c (0x09ed0863)
core   0: 0x800089bc (0x7ed37597) auipc   a1, 0x7ed37
core   0: 3 0x800089bc (0x7ed37597) x11 0xfed3f9bc
core   0: 0x800089c0 (0x008ea9b3) slt     s3, t4, s0
core   0: 3 0x800089c0 (0x008ea9b3) x19 0x00000001
core   0: 0x800089c4 (0x05df0463) beq     t5, t4, pc + 72
core   0: 3 0x800089c4 (0x05df0463)
core   0: 0x800089c8 (0x4071d233) sra     tp, gp, t2
core   0: 3 0x800089c8 (0x4071d233) x 4 0x00000000
core   0: 0x800089cc (0x7023b713) sltiu   a4, t2, 1794
core   0: 3 0x800089cc (0x7023b713) x14 0x00000001
core   0: 0x800089d0 (0x0020e5b3) or      a1, ra, sp
core   0: 3 0x800089d0 (0x0020e5b3) x11 0x80028ce5
core   0: 0x800089d4 (0x02ab4663) blt     s6, a0, pc + 44
core   0: 3 0x800089d4 (0x02ab4663)
core   0: 0x800089d8 (0x02107863) bgeu    zero, ra, pc + 48
core   0: 3 0x800089d8 (0x02107863)
core   0: 0x800089dc (0x0ff0000f) fence   iorw,iorw
core   0: 3 0x800089dc (0x0ff0000f)
core   0: 0x800089e0 (0x0ff0000f) fence   iorw,iorw
core   0: 3 0x800089e0 (0x0ff0000f)
core   0: 0x800089e4 (0x40ba8f33) sub     t5, s5, a1
core   0: 3 0x800089e4 (0x40ba8f33) x30 0x7ffd731f
core   0: 0x800089e8 (0x3a196213) ori     tp, s2, 929
core   0: 3 0x800089e8 (0x3a196213) x 4 0x80024be5
core   0: 0x800089ec (0x419e5eb3) sra     t4, t3, s9
core   0: 3 0x800089ec (0x419e5eb3) x29 0xfffffff4
core   0: 0x800089f0 (0x97dda693) slti    a3, s11, -1667
core   0: 3 0x800089f0 (0x97dda693) x13 0x00000000
core   0: 0x800089f4 (0x014fd2b3) srl     t0, t6, s4
core   0: 3 0x800089f4 (0x014fd2b3) x 5 0x00000001
core   0: 0x800089f8 (0xdc4cc917) auipc   s2, 0xdc4cc
core   0: 3 0x800089f8 (0xdc4cc917) x18 0x5c4d49f8
core   0: 0x800089fc (0x00ba5613) srli    a2, s4, 11
core   0: 3 0x800089fc (0x00ba5613) x12 0x00000000
core   0: 0x80008a00 (0x01c4ad33) slt     s10, s1, t3
core   0: 3 0x80008a00 (0x01c4ad33) x26 0x00000000
core   0: 0x80008a04 (0x0049e263) bltu    s3, tp, pc + 4
core   0: 3 0x80008a04 (0x0049e263)
core   0: 0x80008a08 (0x00a95133) srl     sp, s2, a0
core   0: 3 0x80008a08 (0x00a95133) x 2 0x5c4d49f8
core   0: 0x80008a0c (0x06286a63) bltu    a6, sp, pc + 116
core   0: 3 0x80008a0c (0x06286a63)
core   0: 0x80008a10 (0x00da26b3) slt     a3, s4, a3
core   0: 3 0x80008a10 (0x00da26b3) x13 0x00000000
core   0: 0x80008a14 (0x01118cb3) add     s9, gp, a7
core   0: 3 0x80008a14 (0x01118cb3) x25 0x80028ce4
core   0: 0x80008a18 (0x01fedcb3) srl     s9, t4, t6
core   0: 3 0x80008a18 (0x01fedcb3) x25 0x7ffffffa
core   0: 0x80008a1c (0x0ec9e113) ori     sp, s3, 236
core   0: 3 0x80008a1c (0x0ec9e113) x 2 0x000000ed
core   0: 0x80008a20 (0x007746b3) xor     a3, a4, t2
core   0: 3 0x80008a20 (0x007746b3) x13 0x00000001
core   0: 0x80008a24 (0x40ae8533) sub     a0, t4, a0
core   0: 3 0x80008a24 (0x40ae8533) x10 0xfffffff4
core   0: 0x80008a28 (0x01e4cf33) xor     t5, s1, t5
core   0: 3 0x80008a28 (0x01e4cf33) x30 0x7ffd731e
core   0: 0x80008a2c (0x00000a93) li      s5, 0
core   0: 3 0x80008a2c (0x00000a93) x21 0x00000000
core   0: 0x80008a30 (0xc7afa293) slti    t0, t6, -902
core   0: 3 0x80008a30 (0xc7afa293) x 5 0x00000000
core   0: 0x80008a34 (0x0000100f) fence.i
core   0: 3 0x80008a34 (0x0000100f)
core   0: 0x80008a38 (0x8c89bf93) sltiu   t6, s3, -1848
core   0: 3 0x80008a38 (0x8c89bf93) x31 0x00000001
core   0: 0x80008a3c (0xff100a13) li      s4, -15
core   0: 3 0x80008a3c (0xff100a13) x20 0xfffffff1
core   0: 0x80008a40 (0x0ff0000f) fence   iorw,iorw
core   0: 3 0x80008a40 (0x0ff0000f)
core   0: 0x80008a44 (0x005426b3) slt     a3, s0, t0
core   0: 3 0x80008a44 (0x005426b3) x13 0x00000000
core   0: 0x80008a48 (0x00b49db3) sll     s11, s1, a1
core   0: 3 0x80008a48 (0x00b49db3) x27 0x00000020
core   0: 0x80008a4c (0xff6a8a93) addi    s5, s5, -10
core   0: 3 0x80008a4c (0xff6a8a93) x21 0xfffffff6
core   0: 0x80008a50 (0xff4adae3) bge     s5, s4, pc - 12
core   0: 3 0x80008a50 (0xff4adae3)
core   0: 0x80008a44 (0x005426b3) slt     a3, s0, t0
core   0: 3 0x80008a44 (0x005426b3) x13 0x00000000
core   0: 0x80008a48 (0x00b49db3) sll     s11, s1, a1
core   0: 3 0x80008a48 (0x00b49db3) x27 0x00000020
core   0: 0x80008a4c (0xff6a8a93) addi    s5, s5, -10
core   0: 3 0x80008a4c (0xff6a8a93) x21 0xffffffec
core   0: 0x80008a50 (0xff4adae3) bge     s5, s4, pc - 12
core   0: 3 0x80008a50 (0xff4adae3)
core   0: 0x80008a54 (0x0000100f) fence.i
core   0: 3 0x80008a54 (0x0000100f)
core   0: 0x80008a58 (0xcaca7b93) andi    s7, s4, -852
core   0: 3 0x80008a58 (0xcaca7b93) x23 0xfffffca0
core   0: 0x80008a5c (0x03e5ec63) bltu    a1, t5, pc + 56
core   0: 3 0x80008a5c (0x03e5ec63)
core   0: 0x80008a60 (0x00071f13) slli    t5, a4, 0
core   0: 3 0x80008a60 (0x00071f13) x30 0x00000001
core   0: 0x80008a64 (0x868d6093) ori     ra, s10, -1944
core   0: 3 0x80008a64 (0x868d6093) x 1 0xfffff868
core   0: 0x80008a68 (0x2170a913) slti    s2, ra, 535
core   0: 3 0x80008a68 (0x2170a913) x18 0x00000001
core   0: 0x80008a6c (0x40d80b33) sub     s6, a6, a3
core   0: 3 0x80008a6c (0x40d80b33) x22 0x80000000
core   0: 0x80008a70 (0x400f5f93) srai    t6, t5, 0
core   0: 3 0x80008a70 (0x400f5f93) x31 0x00000001
core   0: 0x80008a74 (0x00000013) nop
core   0: 3 0x80008a74 (0x00000013)
core   0: 0x80008a78 (0x012ebdb3) sltu    s11, t4, s2
core   0: 3 0x80008a78 (0x012ebdb3) x27 0x00000000
core   0: 0x80008a7c (0x006bf863) bgeu    s7, t1, pc + 16
core   0: 3 0x80008a7c (0x006bf863)
core   0: 0x80008a8c (0x007561b3) or      gp, a0, t2
core   0: 3 0x80008a8c (0x007561b3) x 3 0xfffffff4
core   0: 0x80008a90 (0xd2b3a413) slti    s0, t2, -725
core   0: 3 0x80008a90 (0xd2b3a413) x 8 0x00000000
core   0: 0x80008a94 (0x01a11933) sll     s2, sp, s10
core   0: 3 0x80008a94 (0x01a11933) x18 0x000000ed
core   0: 0x80008a98 (0xf1fb2337) lui     t1, 0xf1fb2
core   0: 3 0x80008a98 (0xf1fb2337) x 6 0xf1fb2000
core   0: 0x80008a9c (0x0024f033) and     zero, s1, sp
core   0: 3 0x80008a9c (0x0024f033)
core   0: 0x80008aa0 (0xdddfa313) slti    t1, t6, -547
core   0: 3 0x80008aa0 (0xdddfa313) x 6 0x00000000
core   0: 0x80008aa4 (0x40c55713) srai    a4, a0, 12
core   0: 3 0x80008aa4 (0x40c55713) x14 0xffffffff
core   0: 0x80008aa8 (0x00000013) nop
core   0: 3 0x80008aa8 (0x00000013)
core   0: 0x80008aac (0x015ff733) and     a4, t6, s5
core   0: 3 0x80008aac (0x015ff733) x14 0x00000000
core   0: 0x80008ab0 (0x402256b3) sra     a3, tp, sp
core   0: 3 0x80008ab0 (0x402256b3) x13 0xfffc0012
core   0: 0x80008ab4 (0xb37d6997) auipc   s3, 0xb37d6
core   0: 3 0x80008ab4 (0xb37d6997) x19 0x337deab4
core   0: 0x80008ab8 (0x368a3f17) auipc   t5, 0x368a3
core   0: 3 0x80008ab8 (0x368a3f17) x30 0xb68abab8
core   0: 0x80008abc (0x04088663) beqz    a7, pc + 76
core   0: 3 0x80008abc (0x04088663)
core   0: 0x80008ac0 (0x042ce863) bltu    s9, sp, pc + 80
core   0: 3 0x80008ac0 (0x042ce863)
core   0: 0x80008ac4 (0x00e05a63) bge     zero, a4, pc + 20
core   0: 3 0x80008ac4 (0x00e05a63)
core   0: 0x80008ad8 (0x3041e913) ori     s2, gp, 772
core   0: 3 0x80008ad8 (0x3041e913) x18 0xfffffff4
core   0: 0x80008adc (0x0123de63) bge     t2, s2, pc + 28
core   0: 3 0x80008adc (0x0123de63)
core   0: 0x80008af8 (0x400d04b3) sub     s1, s10, zero
core   0: 3 0x80008af8 (0x400d04b3) x 9 0x00000000
core   0: 0x80008afc (0x00000013) nop
core   0: 3 0x80008afc (0x00000013)
core   0: 0x80008b00 (0x056bc463) blt     s7, s6, pc + 72
core   0: 3 0x80008b00 (0x056bc463)
core   0: 0x80008b04 (0x5c71c113) xori    sp, gp, 1479
core   0: 3 0x80008b04 (0x5c71c113) x 2 0xfffffa33
core   0: 0x80008b08 (0x01fca0b3) slt     ra, s9, t6
core   0: 3 0x80008b08 (0x01fca0b3) x 1 0x00000000
core   0: 0x80008b0c (0x020cd663) bgez    s9, pc + 44
core   0: 3 0x80008b0c (0x020cd663)
core   0: 0x80008b38 (0x00e15bb3) srl     s7, sp, a4
core   0: 3 0x80008b38 (0x00e15bb3) x23 0xfffffa33
core   0: 0x80008b3c (0x0000100f) fence.i
core   0: 3 0x80008b3c (0x0000100f)
core   0: 0x80008b40 (0x00ba6bb3) or      s7, s4, a1
core   0: 3 0x80008b40 (0x00ba6bb3) x23 0xfffffff5
core   0: 0x80008b44 (0x417a06b3) sub     a3, s4, s7
core   0: 3 0x80008b44 (0x417a06b3) x13 0xfffffffc
core   0: 0x80008b48 (0x032a1863) bne     s4, s2, pc + 48
core   0: 3 0x80008b48 (0x032a1863)
core   0: 0x80008b78 (0x01ebfd33) and     s10, s7, t5
core   0: 3 0x80008b78 (0x01ebfd33) x26 0xb68abab0
core   0: 0x80008b7c (0x01423db3) sltu    s11, tp, s4
core   0: 3 0x80008b7c (0x01423db3) x27 0x00000001
core   0: 0x80008b80 (0x0000100f) fence.i
core   0: 3 0x80008b80 (0x0000100f)
core   0: 0x80008b84 (0x2fe96e93) ori     t4, s2, 766
core   0: 3 0x80008b84 (0x2fe96e93) x29 0xfffffffe
core   0: 0x80008b88 (0x250d6913) ori     s2, s10, 592
core   0: 3 0x80008b88 (0x250d6913) x18 0xb68abaf0
core   0: 0x80008b8c (0x451d4a13) xori    s4, s10, 1105
core   0: 3 0x80008b8c (0x451d4a13) x20 0xb68abee1
core   0: 0x80008b90 (0x0087dd13) srli    s10, a5, 8
core   0: 3 0x80008b90 (0x0087dd13) x26 0x0080024e
core   0: 0x80008b94 (0x05b65663) bge     a2, s11, pc + 76
core   0: 3 0x80008b94 (0x05b65663)
core   0: 0x80008b98 (0x00b21863) bne     tp, a1, pc + 16
core   0: 3 0x80008b98 (0x00b21863)
core   0: 0x80008ba8 (0x01f41c33) sll     s8, s0, t6
core   0: 3 0x80008ba8 (0x01f41c33) x24 0x00000000
core   0: 0x80008bac (0x0000100f) fence.i
core   0: 3 0x80008bac (0x0000100f)
core   0: 0x80008bb0 (0x01552a33) slt     s4, a0, s5
core   0: 3 0x80008bb0 (0x01552a33) x20 0x00000000
core   0: 0x80008bb4 (0x002b0263) beq     s6, sp, pc + 4
core   0: 3 0x80008bb4 (0x002b0263)
core   0: 0x80008bb8 (0x02b4d063) bge     s1, a1, pc + 32
core   0: 3 0x80008bb8 (0x02b4d063)
core   0: 0x80008bd8 (0x01c973b3) and     t2, s2, t3
core   0: 3 0x80008bd8 (0x01c973b3) x 7 0xb68aba80
core   0: 0x80008bdc (0x018b62b3) or      t0, s6, s8
core   0: 3 0x80008bdc (0x018b62b3) x 5 0x80000000
core   0: 0x80008be0 (0x01b449b3) xor     s3, s0, s11
core   0: 3 0x80008be0 (0x01b449b3) x19 0x00000001
core   0: 0x80008be4 (0x01e19cb3) sll     s9, gp, t5
core   0: 3 0x80008be4 (0x01e19cb3) x25 0xf4000000
core   0: 0x80008be8 (0x016ebbb3) sltu    s7, t4, s6
core   0: 3 0x80008be8 (0x016ebbb3) x23 0x00000000
core   0: 0x80008bec (0x34a41cb7) lui     s9, 0x34a41
core   0: 3 0x80008bec (0x34a41cb7) x25 0x34a41000
core   0: 0x80008bf0 (0x419ed4b3) sra     s1, t4, s9
core   0: 3 0x80008bf0 (0x419ed4b3) x 9 0xfffffffe
core   0: 0x80008bf4 (0x00a3b533) sltu    a0, t2, a0
core   0: 3 0x80008bf4 (0x00a3b533) x10 0x00000001
core   0: 0x80008bf8 (0x40c08033) sub     zero, ra, a2
core   0: 3 0x80008bf8 (0x40c08033)
core   0: 0x80008bfc (0x0119bc33) sltu    s8, s3, a7
core   0: 3 0x80008bfc (0x0119bc33) x24 0x00000001
core   0: 0x80008c00 (0x0000100f) fence.i
core   0: 3 0x80008c00 (0x0000100f)
core   0: 0x80008c04 (0x0262f863) bgeu    t0, t1, pc + 48
core   0: 3 0x80008c04 (0x0262f863)
core   0: 0x80008c34 (0x01680263) beq     a6, s6, pc + 4
core   0: 3 0x80008c34 (0x01680263)
core   0: 0x80008c38 (0x00c7edb3) or      s11, a5, a2
core   0: 3 0x80008c38 (0x00c7edb3) x27 0x80024e04
core   0: 0x80008c3c (0x0104e6b3) or      a3, s1, a6
core   0: 3 0x80008c3c (0x0104e6b3) x13 0xfffffffe
core   0: 0x80008c40 (0x040f4663) bltz    t5, pc + 76
core   0: 3 0x80008c40 (0x040f4663)
core   0: 0x80008c8c (0x0322f863) bgeu    t0, s2, pc + 48
core   0: 3 0x80008c8c (0x0322f863)
core   0: 0x80008c90 (0x569c8513) addi    a0, s9, 1385
core   0: 3 0x80008c90 (0x569c8513) x10 0x34a41569
core   0: 0x80008c94 (0x01d51613) slli    a2, a0, 29
core   0: 3 0x80008c94 (0x01d51613) x12 0x20000000
core   0: 0x80008c98 (0xd3c83b93) sltiu   s7, a6, -708
core   0: 3 0x80008c98 (0xd3c83b93) x23 0x00000001
core   0: 0x80008c9c (0x04781863) bne     a6, t2, pc + 80
core   0: 3 0x80008c9c (0x04781863)
core   0: 0x80008cec (0x4ef0af13) slti    t5, ra, 1263
core   0: 3 0x80008cec (0x4ef0af13) x30 0x00000001
core   0: 0x80008cf0 (0x013df633) and     a2, s11, s3
core   0: 3 0x80008cf0 (0x013df633) x12 0x00000000
core   0: 0x80008cf4 (0x00bcf463) bgeu    s9, a1, pc + 8
core   0: 3 0x80008cf4 (0x00bcf463)
core   0: 0x80008cf8 (0x0454d863) bge     s1, t0, pc + 80
core   0: 3 0x80008cf8 (0x0454d863)
core   0: 0x80008d48 (0x00319863) bne     gp, gp, pc + 16
core   0: 3 0x80008d48 (0x00319863)
core   0: 0x80008d4c (0xc22f5a17) auipc   s4, 0xc22f5
core   0: 3 0x80008d4c (0xc22f5a17) x20 0x422fdd4c
core   0: 0x80008d50 (0xe2780f93) addi    t6, a6, -473
core   0: 3 0x80008d50 (0xe2780f93) x31 0x7ffffe27
core   0: 0x80008d54 (0x00ff5a63) bge     t5, a5, pc + 20
core   0: 3 0x80008d54 (0x00ff5a63)
core   0: 0x80008d68 (0x414f0cb3) sub     s9, t5, s4
core   0: 3 0x80008d68 (0x414f0cb3) x25 0xbdd022b5
core   0: 0x80008d6c (0x051c6463) bltu    s8, a7, pc + 72
core   0: 3 0x80008d6c (0x051c6463)
core   0: 0x80008db4 (0x05f60863) beq     a2, t6, pc + 80
core   0: 3 0x80008db4 (0x05f60863)
core   0: 0x80008db8 (0x0364f663) bgeu    s1, s6, pc + 44
core   0: 3 0x80008db8 (0x0364f663)
core   0: 0x80008de4 (0x05d40663) beq     s0, t4, pc + 76
core   0: 3 0x80008de4 (0x05d40663)
core   0: 0x80008de8 (0x014526b3) slt     a3, a0, s4
core   0: 3 0x80008de8 (0x014526b3) x13 0x00000001
core   0: 0x80008dec (0x4c430a13) addi    s4, t1, 1220
core   0: 3 0x80008dec (0x4c430a13) x20 0x000004c4
core   0: 0x80008df0 (0x00000013) nop
core   0: 3 0x80008df0 (0x00000013)
core   0: 0x80008df4 (0x001df2b3) and     t0, s11, ra
core   0: 3 0x80008df4 (0x001df2b3) x 5 0x00000000
core   0: 0x80008df8 (0x01c81d13) slli    s10, a6, 28
core   0: 3 0x80008df8 (0x01c81d13) x26 0x00000000
core   0: 0x80008dfc (0xef910413) addi    s0, sp, -263
core   0: 3 0x80008dfc (0xef910413) x 8 0xfffff92c
core   0: 0x80008e00 (0x015db9b3) sltu    s3, s11, s5
core   0: 3 0x80008e00 (0x015db9b3) x19 0x00000001
core   0: 0x80008e04 (0x027bfc63) bgeu    s7, t2, pc + 56
core   0: 3 0x80008e04 (0x027bfc63)
core   0: 0x80008e08 (0x0ff0000f) fence   iorw,iorw
core   0: 3 0x80008e08 (0x0ff0000f)
core   0: 0x80008e0c (0x400d8bb3) sub     s7, s11, zero
core   0: 3 0x80008e0c (0x400d8bb3) x23 0x80024e04
core   0: 0x80008e10 (0x00547a33) and     s4, s0, t0
core   0: 3 0x80008e10 (0x00547a33) x20 0x00000000
core   0: 0x80008e14 (0x02fe7063) bgeu    t3, a5, pc + 32
core   0: 3 0x80008e14 (0x02fe7063)
core   0: 0x80008e34 (0x004f64b3) or      s1, t5, tp
core   0: 3 0x80008e34 (0x004f64b3) x 9 0x80024be5
core   0: 0x80008e38 (0x00000013) nop
core   0: 3 0x80008e38 (0x00000013)
core   0: 0x80008e3c (0x015b9013) slli    zero, s7, 21
core   0: 3 0x80008e3c (0x015b9013)
core   0: 0x80008e40 (0x05d4c463) blt     s1, t4, pc + 72
core   0: 3 0x80008e40 (0x05d4c463)
core   0: 0x80008e88 (0x1901fc93) andi    s9, gp, 400
core   0: 3 0x80008e88 (0x1901fc93) x25 0x00000190
core   0: 0x80008e8c (0x8b296113) ori     sp, s2, -1870
core   0: 3 0x80008e8c (0x8b296113) x 2 0xfffffaf2
core   0: 0x80008e90 (0x410d85b3) sub     a1, s11, a6
core   0: 3 0x80008e90 (0x410d85b3) x11 0x00024e04
core   0: 0x80008e94 (0x0286e863) bltu    a3, s0, pc + 48
core   0: 3 0x80008e94 (0x0286e863)
core   0: 0x80008ec4 (0x00c7d9b3) srl     s3, a5, a2
core   0: 3 0x80008ec4 (0x00c7d9b3) x19 0x80024e04
core   0: 0x80008ec8 (0x41a65913) srai    s2, a2, 26
core   0: 3 0x80008ec8 (0x41a65913) x18 0x00000000
core   0: 0x80008ecc (0x0ff0000f) fence   iorw,iorw
core   0: 3 0x80008ecc (0x0ff0000f)
core   0: 0x80008ed0 (0x78f78a97) auipc   s5, 0x78f78
core   0: 3 0x80008ed0 (0x78f78a97) x21 0xf8f80ed0
core   0: 0x80008ed4 (0x00202533) slt     a0, zero, sp
core   0: 3 0x80008ed4 (0x00202533) x10 0x00000000
core   0: 0x80008ed8 (0x019f36b3) sltu    a3, t5, s9
core   0: 3 0x80008ed8 (0x019f36b3) x13 0x00000001
core   0: 0x80008edc (0x08459063) bne     a1, tp, pc + 128
core   0: 3 0x80008edc (0x08459063)
core   0: 0x80008f5c (0x01979033) sll     zero, a5, s9
core   0: 3 0x80008f5c (0x01979033)
core   0: 0x80008f60 (0x0ff0000f) fence   iorw,iorw
core   0: 3 0x80008f60 (0x0ff0000f)
core   0: 0x80008f64 (0x00f83333) sltu    t1, a6, a5
core   0: 3 0x80008f64 (0x00f83333) x 6 0x00000001
core   0: 0x80008f68 (0x009b4433) xor     s0, s6, s1
core   0: 3 0x80008f68 (0x009b4433) x 8 0x00024be5
core   0: 0x80008f6c (0x402f5193) srai    gp, t5, 2
core   0: 3 0x80008f6c (0x402f5193) x 3 0x00000000
core   0: 0x80008f70 (0x00bd9463) bne     s11, a1, pc + 8
core   0: 3 0x80008f70 (0x00bd9463)
core   0: 0x80008f78 (0x0000100f) fence.i
core   0: 3 0x80008f78 (0x0000100f)
core   0: 0x80008f7c (0x41235633) sra     a2, t1, s2
core   0: 3 0x80008f7c (0x41235633) x12 0x00000001
core   0: 0x80008f80 (0x019a71b3) and     gp, s4, s9
core   0: 3 0x80008f80 (0x019a71b3) x 3 0x00000000
core   0: 0x80008f84 (0x874cec93) ori     s9, s9, -1932
core   0: 3 0x80008f84 (0x874cec93) x25 0xfffff9f4
core   0: 0x80008f88 (0x04eac463) blt     s5, a4, pc + 72
core   0: 3 0x80008f88 (0x04eac463)
core   0: 0x80008fd0 (0xa03b8513) addi    a0, s7, -1533
core   0: 3 0x80008fd0 (0xa03b8513) x10 0x80024807
core   0: 0x80008fd4 (0x0575c863) blt     a1, s7, pc + 80
core   0: 3 0x80008fd4 (0x0575c863)
core   0: 0x80008fd8 (0x034e7c63) bgeu    t3, s4, pc + 56
core   0: 3 0x80008fd8 (0x034e7c63)
core   0: 0x80009010 (0xf42bd997) auipc   s3, 0xf42bd
core   0: 3 0x80009010 (0xf42bd997) x19 0x742c6010
core   0: 0x80009014 (0x47b0c597) auipc   a1, 0x47b0c
core   0: 3 0x80009014 (0x47b0c597) x11 0xc7b15014
core   0: 0x80009018 (0xdbd9c493) xori    s1, s3, -579
core   0: 3 0x80009018 (0xdbd9c493) x 9 0x8bd39dad
core   0: 0x8000901c (0xfdd40c13) addi    s8, s0, -35
core   0: 3 0x8000901c (0xfdd40c13) x24 0x00024bc2
core   0: 0x80009020 (0x04105663) bge     zero, ra, pc + 76
core   0: 3 0x80009020 (0x04105663)
core   0: 0x8000906c (0x01187a33) and     s4, a6, a7
core   0: 3 0x8000906c (0x01187a33) x20 0x80000000
core   0: 0x80009070 (0x68ed3693) sltiu   a3, s10, 1678
core   0: 3 0x80009070 (0x68ed3693) x13 0x00000001
core   0: 0x80009074 (0x04c48863) beq     s1, a2, pc + 80
core   0: 3 0x80009074 (0x04c48863)
core   0: 0x80009078 (0x014ddbb3) srl     s7, s11, s4
core   0: 3 0x80009078 (0x014ddbb3) x23 0x80024e04
core   0: 0x8000907c (0xe35e2613) slti    a2, t3, -459
core   0: 3 0x8000907c (0xe35e2613) x12 0x00000000
core   0: 0x80009080 (0x0063f433) and     s0, t2, t1
core   0: 3 0x80009080 (0x0063f433) x 8 0x00000000
core   0: 0x80009084 (0x494eb417) auipc   s0, 0x494eb
core   0: 3 0x80009084 (0x494eb417) x 8 0xc94f4084
core   0: 0x80009088 (0x0000100f) fence.i
core   0: 3 0x80009088 (0x0000100f)
core   0: 0x8000908c (0x7df9bd13) sltiu   s10, s3, 2015
core   0: 3 0x8000908c (0x7df9bd13) x26 0x00000000
core   0: 0x80009090 (0x008153b3) srl     t2, sp, s0
core   0: 3 0x80009090 (0x008153b3) x 7 0x0fffffaf
core   0: 0x80009094 (0x7e87f413) andi    s0, a5, 2024
core   0: 3 0x80009094 (0x7e87f413) x 8 0x00000600
core   0: 0x80009098 (0xaf060d17) auipc   s10, 0xaf060
core   0: 3 0x80009098 (0xaf060d17) x26 0x2f069098
core   0: 0x8000909c (0x00d7df13) srli    t5, a5, 13
core   0: 3 0x8000909c (0x00d7df13) x30 0x00040012
core   0: 0x800090a0 (0x014d6a63) bltu    s10, s4, pc + 20
core   0: 3 0x800090a0 (0x014d6a63)
core   0: 0x800090b4 (0x631a8213) addi    tp, s5, 1585
core   0: 3 0x800090b4 (0x631a8213) x 4 0xf8f81501
core   0: 0x800090b8 (0x0ff0000f) fence   iorw,iorw
core   0: 3 0x800090b8 (0x0ff0000f)
core   0: 0x800090bc (0x00222993) slti    s3, tp, 2
core   0: 3 0x800090bc (0x00222993) x19 0x00000001
core   0: 0x800090c0 (0x04735463) bge     t1, t2, pc + 72
core   0: 3 0x800090c0 (0x04735463)
core   0: 0x800090c4 (0x034a4863) blt     s4, s4, pc + 48
core   0: 3 0x800090c4 (0x034a4863)
core   0: 0x800090c8 (0x4145d993) srai    s3, a1, 20
core   0: 3 0x800090c8 (0x4145d993) x19 0xfffffc7b
core   0: 0x800090cc (0x01d612b3) sll     t0, a2, t4
core   0: 3 0x800090cc (0x01d612b3) x 5 0x00000000
core   0: 0x800090d0 (0x243dcf93) xori    t6, s11, 579
core   0: 3 0x800090d0 (0x243dcf93) x31 0x80024c47
core   0: 0x800090d4 (0x04c74463) blt     a4, a2, pc + 72
core   0: 3 0x800090d4 (0x04c74463)
core   0: 0x800090d8 (0xacdec097) auipc   ra, 0xacdec
core   0: 3 0x800090d8 (0xacdec097) x 1 0x2cdf50d8
core   0: 0x800090dc (0x0000100f) fence.i
core   0: 3 0x800090dc (0x0000100f)
core   0: 0x800090e0 (0x6217e313) ori     t1, a5, 1569
core   0: 3 0x800090e0 (0x6217e313) x 6 0x80024e25
core   0: 0x800090e4 (0x00d5d493) srli    s1, a1, 13
core   0: 3 0x800090e4 (0x00d5d493) x 9 0x00063d8a
core   0: 0x800090e8 (0x0000100f) fence.i
core   0: 3 0x800090e8 (0x0000100f)
core   0: 0x800090ec (0x00e884b3) add     s1, a7, a4
core   0: 3 0x800090ec (0x00e884b3) x 9 0x80028ce4
core   0: 0x800090f0 (0x01852133) slt     sp, a0, s8
core   0: 3 0x800090f0 (0x01852133) x 2 0x00000001
core   0: 0x800090f4 (0x56e80437) lui     s0, 0x56e80
core   0: 3 0x800090f4 (0x56e80437) x 8 0x56e80000
core   0: 0x800090f8 (0x00c5f263) bgeu    a1, a2, pc + 4
core   0: 3 0x800090f8 (0x00c5f263)
core   0: 0x800090fc (0x05934663) blt     t1, s9, pc + 76
core   0: 3 0x800090fc (0x05934663)
core   0: 0x80009148 (0x0ff0000f) fence   iorw,iorw
core   0: 3 0x80009148 (0x0ff0000f)
core   0: 0x8000914c (0x40867c13) andi    s8, a2, 1032
core   0: 3 0x8000914c (0x40867c13) x24 0x00000000
core   0: 0x80009150 (0x0551d463) bge     gp, s5, pc + 72
core   0: 3 0x80009150 (0x0551d463)
core   0: 0x80009198 (0x00c0cbb3) xor     s7, ra, a2
core   0: 3 0x80009198 (0x00c0cbb3) x23 0x2cdf50d8
core   0: 0x8000919c (0x00432a33) slt     s4, t1, tp
core   0: 3 0x8000919c (0x00432a33) x20 0x00000001
core   0: 0x800091a0 (0xe969fc93) andi    s9, s3, -362
core   0: 3 0x800091a0 (0xe969fc93) x25 0xfffffc12
core   0: 0x800091a4 (0x0000100f) fence.i
core   0: 3 0x800091a4 (0x0000100f)
core   0: 0x800091a8 (0x405b89b3) sub     s3, s7, t0
core   0: 3 0x800091a8 (0x405b89b3) x19 0x2cdf50d8
core   0: 0x800091ac (0x0000100f) fence.i
core   0: 3 0x800091ac (0x0000100f)
core   0: 0x800091b0 (0x00000013) nop
core   0: 3 0x800091b0 (0x00000013)
core   0: 0x800091b4 (0xc5cef613) andi    a2, t4, -932
core   0: 3 0x800091b4 (0xc5cef613) x12 0xfffffc5c
core   0: 0x800091b8 (0x00200b13) li      s6, 2
core   0: 3 0x800091b8 (0x00200b13) x22 0x00000002
core   0: 0x800091bc (0x0ff0000f) fence   iorw,iorw
core   0: 3 0x800091bc (0x0ff0000f)
core   0: 0x800091c0 (0x01771693) slli    a3, a4, 23
core   0: 3 0x800091c0 (0x01771693) x13 0x00000000
core   0: 0x800091c4 (0x01441933) sll     s2, s0, s4
core   0: 3 0x800091c4 (0x01441933) x18 0xadd00000
core   0: 0x800091c8 (0x00afceb3) xor     t4, t6, a0
core   0: 3 0x800091c8 (0x00afceb3) x29 0x00000440
core   0: 0x800091cc (0x0ff0000f) fence   iorw,iorw
core   0: 3 0x800091cc (0x0ff0000f)
core   0: 0x800091d0 (0x01400193) li      gp, 20
core   0: 3 0x800091d0 (0x01400193) x 3 0x00000014
core   0: 0x800091d4 (0x016f29b3) slt     s3, t5, s6
core   0: 3 0x800091d4 (0x016f29b3) x19 0x00000000
core   0: 0x800091d8 (0x0029e233) or      tp, s3, sp
core   0: 3 0x800091d8 (0x0029e233) x 4 0x00000001
core   0: 0x800091dc (0x41d35d33) sra     s10, t1, t4
core   0: 3 0x800091dc (0x41d35d33) x26 0x80024e25
core   0: 0x800091e0 (0xd95dc217) auipc   tp, 0xd95dc
core   0: 3 0x800091e0 (0xd95dc217) x 4 0x595e51e0
core   0: 0x800091e4 (0x0186b633) sltu    a2, a3, s8
core   0: 3 0x800091e4 (0x0186b633) x12 0x00000000
core   0: 0x800091e8 (0x017fd613) srli    a2, t6, 23
core   0: 3 0x800091e8 (0x017fd613) x12 0x00000100
core   0: 0x800091ec (0x018bcab3) xor     s5, s7, s8
core   0: 3 0x800091ec (0x018bcab3) x21 0x2cdf50d8
core   0: 0x800091f0 (0x006c2bb3) slt     s7, s8, t1
core   0: 3 0x800091f0 (0x006c2bb3) x23 0x00000000
core   0: 0x800091f4 (0x014e9e33) sll     t3, t4, s4
core   0: 3 0x800091f4 (0x014e9e33) x28 0x00000880
core   0: 0x800091f8 (0x00e9dab3) srl     s5, s3, a4
core   0: 3 0x800091f8 (0x00e9dab3) x21 0x00000000
core   0: 0x800091fc (0x009b0b13) addi    s6, s6, 9
core   0: 3 0x800091fc (0x009b0b13) x22 0x0000000b
core   0: 0x80009200 (0x00ab8fb3) add     t6, s7, a0
core   0: 3 0x80009200 (0x00ab8fb3) x31 0x80024807
core   0: 0x80009204 (0x009dce33) xor     t3, s11, s1
core   0: 3 0x80009204 (0x009dce33) x28 0x0000c2e0
core   0: 0x80009208 (0x40b35ab3) sra     s5, t1, a1
core   0: 3 0x80009208 (0x40b35ab3) x21 0xfffff800
core   0: 0x8000920c (0xf5e4a593) slti    a1, s1, -162
core   0: 3 0x8000920c (0xf5e4a593) x11 0x00000001
core   0: 0x80009210 (0xfe3b10e3) bne     s6, gp, pc - 32
core   0: 3 0x80009210 (0xfe3b10e3)
core   0: 0x800091f0 (0x006c2bb3) slt     s7, s8, t1
core   0: 3 0x800091f0 (0x006c2bb3) x23 0x00000000
core   0: 0x800091f4 (0x014e9e33) sll     t3, t4, s4
core   0: 3 0x800091f4 (0x014e9e33) x28 0x00000880
core   0: 0x800091f8 (0x00e9dab3) srl     s5, s3, a4
core   0: 3 0x800091f8 (0x00e9dab3) x21 0x00000000
core   0: 0x800091fc (0x009b0b13) addi    s6, s6, 9
core   0: 3 0x800091fc (0x009b0b13) x22 0x00000014
core   0: 0x80009200 (0x00ab8fb3) add     t6, s7, a0
core   0: 3 0x80009200 (0x00ab8fb3) x31 0x80024807
core   0: 0x80009204 (0x009dce33) xor     t3, s11, s1
core   0: 3 0x80009204 (0x009dce33) x28 0x0000c2e0
core   0: 0x80009208 (0x40b35ab3) sra     s5, t1, a1
core   0: 3 0x80009208 (0x40b35ab3) x21 0xc0012712
core   0: 0x8000920c (0xf5e4a593) slti    a1, s1, -162
core   0: 3 0x8000920c (0xf5e4a593) x11 0x00000001
core   0: 0x80009210 (0xfe3b10e3) bne     s6, gp, pc - 32
core   0: 3 0x80009210 (0xfe3b10e3)
core   0: 0x80009214 (0xf828b313) sltiu   t1, a7, -126
core   0: 3 0x80009214 (0xf828b313) x 6 0x00000001
core   0: 0x80009218 (0x00000013) nop
core   0: 3 0x80009218 (0x00000013)
core   0: 0x8000921c (0x00801f13) slli    t5, zero, 8
core   0: 3 0x8000921c (0x00801f13) x30 0x00000000
core   0: 0x80009220 (0xa08f6c93) ori     s9, t5, -1528
core   0: 3 0x80009220 (0xa08f6c93) x25 0xfffffa08
core   0: 0x80009224 (0x01a2d933) srl     s2, t0, s10
core   0: 3 0x80009224 (0x01a2d933) x18 0x00000000
core   0: 0x80009228 (0x402a5333) sra     t1, s4, sp
core   0: 3 0x80009228 (0x402a5333) x 6 0x00000000
core   0: 0x8000922c (0x000154b3) srl     s1, sp, zero
core   0: 3 0x8000922c (0x000154b3) x 9 0x00000001
core   0: 0x80009230 (0x406f09b3) sub     s3, t5, t1
core   0: 3 0x80009230 (0x406f09b3) x19 0x00000000
core   0: 0x80009234 (0x400cd5b3) sra     a1, s9, zero
core   0: 3 0x80009234 (0x400cd5b3) x11 0xfffffa08
core   0: 0x80009238 (0x0b400663) beq     zero, s4, pc + 172
core   0: 3 0x80009238 (0x0b400663)
core   0: 0x8000923c (0x00096a33) or      s4, s2, zero
core   0: 3 0x8000923c (0x00096a33) x20 0x00000000
core   0: 0x80009240 (0x01391933) sll     s2, s2, s3
core   0: 3 0x80009240 (0x01391933) x18 0x00000000
core   0: 0x80009244 (0xf1523313) sltiu   t1, tp, -235
core   0: 3 0x80009244 (0xf1523313) x 6 0x00000001
core   0: 0x80009248 (0x00600313) li      t1, 6
core   0: 3 0x80009248 (0x00600313) x 6 0x00000006
core   0: 0x8000924c (0x0113d0b3) srl     ra, t2, a7
core   0: 3 0x8000924c (0x0113d0b3) x 1 0x00fffffa
core   0: 0x80009250 (0x0177aeb3) slt     t4, a5, s7
core   0: 3 0x80009250 (0x0177aeb3) x29 0x00000001
core   0: 0x80009254 (0x41e8d633) sra     a2, a7, t5
core   0: 3 0x80009254 (0x41e8d633) x12 0x80028ce4
core   0: 0x80009258 (0xf2750293) addi    t0, a0, -217
core   0: 3 0x80009258 (0xf2750293) x 5 0x8002472e
core   0: 0x8000925c (0x01e832b3) sltu    t0, a6, t5
core   0: 3 0x8000925c (0x01e832b3) x 5 0x00000000
core   0: 0x80009260 (0x91947e13) andi    t3, s0, -1767
core   0: 3 0x80009260 (0x91947e13) x28 0x56e80000
core   0: 0x80009264 (0x0103e033) or      zero, t2, a6
core   0: 3 0x80009264 (0x0103e033)
core   0: 0x80009268 (0x407ed013) srai    zero, t4, 7
core   0: 3 0x80009268 (0x407ed013)
core   0: 0x8000926c (0x0ff0000f) fence   iorw,iorw
core   0: 3 0x8000926c (0x0ff0000f)
core   0: 0x80009270 (0x00c4feb3) and     t4, s1, a2
core   0: 3 0x80009270 (0x00c4feb3) x29 0x00000000
core   0: 0x80009274 (0x009ebc33) sltu    s8, t4, s1
core   0: 3 0x80009274 (0x009ebc33) x24 0x00000001
core   0: 0x80009278 (0x875f6c13) ori     s8, t5, -1931
core   0: 3 0x80009278 (0x875f6c13) x24 0xfffff875
core   0: 0x8000927c (0x261d0c93) addi    s9, s10, 609
core   0: 3 0x8000927c (0x261d0c93) x25 0x80025086
core   0: 0x80009280 (0x00c40d33) add     s10, s0, a2
core   0: 3 0x80009280 (0x00c40d33) x26 0xd6ea8ce4
core   0: 0x80009284 (0x41b989b3) sub     s3, s3, s11
core   0: 3 0x80009284 (0x41b989b3) x19 0x7ffdb1fc
core   0: 0x80009288 (0x00600213) li      tp, 6
core   0: 3 0x80009288 (0x00600213) x 4 0x00000006
core   0: 0x8000928c (0x0105de33) srl     t3, a1, a6
core   0: 3 0x8000928c (0x0105de33) x28 0xfffffa08
core   0: 0x80009290 (0x4718ef93) ori     t6, a7, 1137
core   0: 3 0x80009290 (0x4718ef93) x31 0x80028cf5
core   0: 0x80009294 (0x26414913) xori    s2, sp, 612
core   0: 3 0x80009294 (0x26414913) x18 0x00000265
core   0: 0x80009298 (0x008205b3) add     a1, tp, s0
core   0: 3 0x80009298 (0x008205b3) x11 0x56e80006
core   0: 0x8000929c (0x12694493) xori    s1, s2, 294
core   0: 3 0x8000929c (0x12694493) x 9 0x00000343
core   0: 0x800092a0 (0xfff30313) addi    t1, t1, -1
core   0: 3 0x800092a0 (0xfff30313) x 6 0x00000005
core   0: 0x800092a4 (0x0ff0000f) fence   iorw,iorw
core   0: 3 0x800092a4 (0x0ff0000f)
core   0: 0x800092a8 (0xfe4374e3) bgeu    t1, tp, pc - 24
core   0: 3 0x800092a8 (0xfe4374e3)
core   0: 0x800092ac (0x501c8297) auipc   t0, 0x501c8
core   0: 3 0x800092ac (0x501c8297) x 5 0xd01d12ac
core   0: 0x800092b0 (0x04e8e663) bltu    a7, a4, pc + 76
core   0: 3 0x800092b0 (0x04e8e663)
core   0: 0x800092b4 (0xc76fb613) sltiu   a2, t6, -906
core   0: 3 0x800092b4 (0xc76fb613) x12 0x00000001
core   0: 0x800092b8 (0x403d8033) sub     zero, s11, gp
core   0: 3 0x800092b8 (0x403d8033)
core   0: 0x800092bc (0xd2124093) xori    ra, tp, -735
core   0: 3 0x800092bc (0xd2124093) x 1 0xfffffd27
core   0: 0x800092c0 (0x00000013) nop
core   0: 3 0x800092c0 (0x00000013)
core   0: 0x800092c4 (0x017e6c33) or      s8, t3, s7
core   0: 3 0x800092c4 (0x017e6c33) x24 0xfffffa08
core   0: 0x800092c8 (0x00f75a33) srl     s4, a4, a5
core   0: 3 0x800092c8 (0x00f75a33) x20 0x00000000
core   0: 0x800092cc (0x5f570113) addi    sp, a4, 1525
core   0: 3 0x800092cc (0x5f570113) x 2 0x000005f5
core   0: 0x800092d0 (0x8c9b2093) slti    ra, s6, -1847
core   0: 3 0x800092d0 (0x8c9b2093) x 1 0x00000000
core   0: 0x800092d4 (0x8b1a2eb7) lui     t4, 0x8b1a2
core   0: 3 0x800092d4 (0x8b1a2eb7) x29 0x8b1a2000
core   0: 0x800092d8 (0x015f0cb3) add     s9, t5, s5
core   0: 3 0x800092d8 (0x015f0cb3) x25 0xc0012712
core   0: 0x800092dc (0x03a29063) bne     t0, s10, pc + 32
core   0: 3 0x800092dc (0x03a29063)
core   0: 0x800092fc (0x014eed33) or      s10, t4, s4
core   0: 3 0x800092fc (0x014eed33) x26 0x8b1a2000
core   0: 0x80009300 (0x00b89393) slli    t2, a7, 11
core   0: 3 0x80009300 (0x00b89393) x 7 0x14672000
core   0: 0x80009304 (0x0000100f) fence.i
core   0: 3 0x80009304 (0x0000100f)
core   0: 0x80009308 (0x73dddf17) auipc   t5, 0x73ddd
core   0: 3 0x80009308 (0x73dddf17) x30 0xf3de6308
core   0: 0x8000930c (0x017c2eb3) slt     t4, s8, s7
core   0: 3 0x8000930c (0x017c2eb3) x29 0x00000001
core   0: 0x80009310 (0x01c5ca63) blt     a1, t3, pc + 20
core   0: 3 0x80009310 (0x01c5ca63)
core   0: 0x80009314 (0x0095b033) sltu    zero, a1, s1
core   0: 3 0x80009314 (0x0095b033)
core   0: 0x80009318 (0x043c7663) bgeu    s8, gp, pc + 76
core   0: 3 0x80009318 (0x043c7663)
core   0: 0x80009364 (0x3529a197) auipc   gp, 0x3529a
core   0: 3 0x80009364 (0x3529a197) x 3 0xb52a3364
core   0: 0x80009368 (0x41c4d933) sra     s2, s1, t3
core   0: 3 0x80009368 (0x41c4d933) x18 0x00000003
core   0: 0x8000936c (0x019cdeb3) srl     t4, s9, s9
core   0: 3 0x8000936c (0x019cdeb3) x29 0x00003000
core   0: 0x80009370 (0x0ff0000f) fence   iorw,iorw
core   0: 3 0x80009370 (0x0ff0000f)
core   0: 0x80009374 (0x00000013) nop
core   0: 3 0x80009374 (0x00000013)
core   0: 0x80009378 (0x044dd863) bge     s11, tp, pc + 80
core   0: 3 0x80009378 (0x044dd863)
core   0: 0x8000937c (0x0ff0000f) fence   iorw,iorw
core   0: 3 0x8000937c (0x0ff0000f)
core   0: 0x80009380 (0x028dd863) bge     s11, s0, pc + 48
core   0: 3 0x80009380 (0x028dd863)
core   0: 0x80009384 (0x01006e63) bltu    zero, a6, pc + 28
core   0: 3 0x80009384 (0x01006e63)
core   0: 0x800093a0 (0x0386e863) bltu    a3, s8, pc + 48
core   0: 3 0x800093a0 (0x0386e863)
core   0: 0x800093d0 (0xe4956513) ori     a0, a0, -439
core   0: 3 0x800093d0 (0xe4956513) x10 0xfffffe4f
core   0: 0x800093d4 (0x009fdf93) srli    t6, t6, 9
core   0: 3 0x800093d4 (0x009fdf93) x31 0x00400146
core   0: 0x800093d8 (0x291ad617) auipc   a2, 0x291ad
core   0: 3 0x800093d8 (0x291ad617) x12 0xa91b63d8
core   0: 0x800093dc (0x007a7b33) and     s6, s4, t2
core   0: 3 0x800093dc (0x007a7b33) x22 0x00000000
core   0: 0x800093e0 (0x1bfcc593) xori    a1, s9, 447
core   0: 3 0x800093e0 (0x1bfcc593) x11 0xc00126ad
core   0: 0x800093e4 (0x4696a093) slti    ra, a3, 1129
core   0: 3 0x800093e4 (0x4696a093) x 1 0x00000001
core   0: 0x800093e8 (0x409c8db3) sub     s11, s9, s1
core   0: 3 0x800093e8 (0x409c8db3) x27 0xc00123cf
core   0: 0x800093ec (0x01ee8733) add     a4, t4, t5
core   0: 3 0x800093ec (0x01ee8733) x14 0xf3de9308
core   0: 0x800093f0 (0x01cb96b3) sll     a3, s7, t3
core   0: 3 0x800093f0 (0x01cb96b3) x13 0x00000000
core   0: 0x800093f4 (0x00fb1013) slli    zero, s6, 15
core   0: 3 0x800093f4 (0x00fb1013)
core   0: 0x800093f8 (0x012214b3) sll     s1, tp, s2
core   0: 3 0x800093f8 (0x012214b3) x 9 0x00000030
core   0: 0x800093fc (0x009e1db3) sll     s11, t3, s1
core   0: 3 0x800093fc (0x009e1db3) x27 0xfa080000
core   0: 0x80009400 (0x01c649b3) xor     s3, a2, t3
core   0: 3 0x80009400 (0x01c649b3) x19 0x56e499d0
core   0: 0x80009404 (0x18942d93) slti    s11, s0, 393
core   0: 3 0x80009404 (0x18942d93) x27 0x00000000
core   0: 0x80009408 (0x0000f533) and     a0, ra, zero
core   0: 3 0x80009408 (0x0000f533) x10 0x00000000
core   0: 0x8000940c (0x00000013) nop
core   0: 3 0x8000940c (0x00000013)
core   0: 0x80009410 (0x0ff0000f) fence   iorw,iorw
core   0: 3 0x80009410 (0x0ff0000f)
core   0: 0x80009414 (0xba19c293) xori    t0, s3, -1119
core   0: 3 0x80009414 (0xba19c293) x 5 0xa91b6271
core   0: 0x80009418 (0x0218cc63) blt     a7, ra, pc + 56
core   0: 3 0x80009418 (0x0218cc63)
core   0: 0x80009450 (0x01cab033) sltu    zero, s5, t3
core   0: 3 0x80009450 (0x01cab033)
core   0: 0x80009454 (0x01871a33) sll     s4, a4, s8
core   0: 3 0x80009454 (0x01871a33) x20 0xde930800
core   0: 0x80009458 (0x013dd733) srl     a4, s11, s3
core   0: 3 0x80009458 (0x013dd733) x14 0x00000000
core   0: 0x8000945c (0x0000100f) fence.i
core   0: 3 0x8000945c (0x0000100f)
core   0: 0x80009460 (0x0065aa33) slt     s4, a1, t1
core   0: 3 0x80009460 (0x0065aa33) x20 0x00000001
core   0: 0x80009464 (0x055f6c13) ori     s8, t5, 85
core   0: 3 0x80009464 (0x055f6c13) x24 0xf3de635d
core   0: 0x80009468 (0xfff00613) li      a2, -1
core   0: 3 0x80009468 (0xfff00613) x12 0xffffffff
core   0: 0x8000946c (0x00200293) li      t0, 2
core   0: 3 0x8000946c (0x00200293) x 5 0x00000002
core   0: 0x80009470 (0x54a16313) ori     t1, sp, 1354
core   0: 3 0x80009470 (0x54a16313) x 6 0x000005ff
core   0: 0x80009474 (0x00a60613) addi    a2, a2, 10
core   0: 3 0x80009474 (0x00a60613) x12 0x00000009
core   0: 0x80009478 (0xffe00713) li      a4, -2
core   0: 3 0x80009478 (0xffe00713) x14 0xfffffffe
core   0: 0x8000947c (0x00700f93) li      t6, 7
core   0: 3 0x8000947c (0x00700f93) x31 0x00000007
core   0: 0x80009480 (0x543cc213) xori    tp, s9, 1347
core   0: 3 0x80009480 (0x543cc213) x 4 0xc0012251
core   0: 0x80009484 (0x00170713) addi    a4, a4, 1
core   0: 3 0x80009484 (0x00170713) x14 0xffffffff
core   0: 0x80009488 (0xfff71ce3) bne     a4, t6, pc - 8
core   0: 3 0x80009488 (0xfff71ce3)
core   0: 0x80009480 (0x543cc213) xori    tp, s9, 1347
core   0: 3 0x80009480 (0x543cc213) x 4 0xc0012251
core   0: 0x80009484 (0x00170713) addi    a4, a4, 1
core   0: 3 0x80009484 (0x00170713) x14 0x00000000
core   0: 0x80009488 (0xfff71ce3) bne     a4, t6, pc - 8
core   0: 3 0x80009488 (0xfff71ce3)
core   0: 0x80009480 (0x543cc213) xori    tp, s9, 1347
core   0: 3 0x80009480 (0x543cc213) x 4 0xc0012251
core   0: 0x80009484 (0x00170713) addi    a4, a4, 1
core   0: 3 0x80009484 (0x00170713) x14 0x00000001
core   0: 0x80009488 (0xfff71ce3) bne     a4, t6, pc - 8
core   0: 3 0x80009488 (0xfff71ce3)
core   0: 0x80009480 (0x543cc213) xori    tp, s9, 1347
core   0: 3 0x80009480 (0x543cc213) x 4 0xc0012251
core   0: 0x80009484 (0x00170713) addi    a4, a4, 1
core   0: 3 0x80009484 (0x00170713) x14 0x00000002
core   0: 0x80009488 (0xfff71ce3) bne     a4, t6, pc - 8
core   0: 3 0x80009488 (0xfff71ce3)
core   0: 0x80009480 (0x543cc213) xori    tp, s9, 1347
core   0: 3 0x80009480 (0x543cc213) x 4 0xc0012251
core   0: 0x80009484 (0x00170713) addi    a4, a4, 1
core   0: 3 0x80009484 (0x00170713) x14 0x00000003
core   0: 0x80009488 (0xfff71ce3) bne     a4, t6, pc - 8
core   0: 3 0x80009488 (0xfff71ce3)
core   0: 0x80009480 (0x543cc213) xori    tp, s9, 1347
core   0: 3 0x80009480 (0x543cc213) x 4 0xc0012251
core   0: 0x80009484 (0x00170713) addi    a4, a4, 1
core   0: 3 0x80009484 (0x00170713) x14 0x00000004
core   0: 0x80009488 (0xfff71ce3) bne     a4, t6, pc - 8
core   0: 3 0x80009488 (0xfff71ce3)
core   0: 0x80009480 (0x543cc213) xori    tp, s9, 1347
core   0: 3 0x80009480 (0x543cc213) x 4 0xc0012251
core   0: 0x80009484 (0x00170713) addi    a4, a4, 1
core   0: 3 0x80009484 (0x00170713) x14 0x00000005
core   0: 0x80009488 (0xfff71ce3) bne     a4, t6, pc - 8
core   0: 3 0x80009488 (0xfff71ce3)
core   0: 0x80009480 (0x543cc213) xori    tp, s9, 1347
core   0: 3 0x80009480 (0x543cc213) x 4 0xc0012251
core   0: 0x80009484 (0x00170713) addi    a4, a4, 1
core   0: 3 0x80009484 (0x00170713) x14 0x00000006
core   0: 0x80009488 (0xfff71ce3) bne     a4, t6, pc - 8
core   0: 3 0x80009488 (0xfff71ce3)
core   0: 0x80009480 (0x543cc213) xori    tp, s9, 1347
core   0: 3 0x80009480 (0x543cc213) x 4 0xc0012251
core   0: 0x80009484 (0x00170713) addi    a4, a4, 1
core   0: 3 0x80009484 (0x00170713) x14 0x00000007
core   0: 0x80009488 (0xfff71ce3) bne     a4, t6, pc - 8
core   0: 3 0x80009488 (0xfff71ce3)
core   0: 0x8000948c (0xfe5642e3) blt     a2, t0, pc - 28
core   0: 3 0x8000948c (0xfe5642e3)
core   0: 0x80009490 (0x40040ab3) sub     s5, s0, zero
core   0: 3 0x80009490 (0x40040ab3) x21 0x56e80000
core   0: 0x80009494 (0x01eec863) blt     t4, t5, pc + 16
core   0: 3 0x80009494 (0x01eec863)
core   0: 0x80009498 (0x01d49863) bne     s1, t4, pc + 16
core   0: 3 0x80009498 (0x01d49863)
core   0: 0x800094a8 (0x01e616b3) sll     a3, a2, t5
core   0: 3 0x800094a8 (0x01e616b3) x13 0x00000900
core   0: 0x800094ac (0x00031a63) bnez    t1, pc + 20
core   0: 3 0x800094ac (0x00031a63)
core   0: 0x800094c0 (0x016803b3) add     t2, a6, s6
core   0: 3 0x800094c0 (0x016803b3) x 7 0x80000000
core   0: 0x800094c4 (0x0ff0000f) fence   iorw,iorw
core   0: 3 0x800094c4 (0x0ff0000f)
core   0: 0x800094c8 (0x29956193) ori     gp, a0, 665
core   0: 3 0x800094c8 (0x29956193) x 3 0x00000299
core   0: 0x800094cc (0x0179aab3) slt     s5, s3, s7
core   0: 3 0x800094cc (0x0179aab3) x21 0x00000000
core   0: 0x800094d0 (0x01d0fd33) and     s10, ra, t4
core   0: 3 0x800094d0 (0x01d0fd33) x26 0x00000000
core   0: 0x800094d4 (0x0000100f) fence.i
core   0: 3 0x800094d4 (0x0000100f)
core   0: 0x800094d8 (0x0174df93) srli    t6, s1, 23
core   0: 3 0x800094d8 (0x0174df93) x31 0x00000000
core   0: 0x800094dc (0x704c6a13) ori     s4, s8, 1796
core   0: 3 0x800094dc (0x704c6a13) x20 0xf3de675d
core   0: 0x800094e0 (0x05b80463) beq     a6, s11, pc + 72
core   0: 3 0x800094e0 (0x05b80463)
core   0: 0x800094e4 (0x476e4fb7) lui     t6, 0x476e4
core   0: 3 0x800094e4 (0x476e4fb7) x31 0x476e4000
core   0: 0x800094e8 (0x01aab133) sltu    sp, s5, s10
core   0: 3 0x800094e8 (0x01aab133) x 2 0x00000000
core   0: 0x800094ec (0x0000100f) fence.i
core   0: 3 0x800094ec (0x0000100f)
core   0: 0x800094f0 (0x01e81b93) slli    s7, a6, 30
core   0: 3 0x800094f0 (0x01e81b93) x23 0x00000000
core   0: 0x800094f4 (0x00878cb3) add     s9, a5, s0
core   0: 3 0x800094f4 (0x00878cb3) x25 0xd6ea4e04
core   0: 0x800094f8 (0x15b4c093) xori    ra, s1, 347
core   0: 3 0x800094f8 (0x15b4c093) x 1 0x0000016b
core   0: 0x800094fc (0x031ad663) bge     s5, a7, pc + 44
core   0: 3 0x800094fc (0x031ad663)
core   0: 0x80009528 (0x005c45b3) xor     a1, s8, t0
core   0: 3 0x80009528 (0x005c45b3) x11 0xf3de635f
core   0: 0x8000952c (0x6a734e13) xori    t3, t1, 1703
core   0: 3 0x8000952c (0x6a734e13) x28 0x00000358
core   0: 0x80009530 (0x019de433) or      s0, s11, s9
core   0: 3 0x80009530 (0x019de433) x 8 0xd6ea4e04
core   0: 0x80009534 (0x0ff0000f) fence   iorw,iorw
core   0: 3 0x80009534 (0x0ff0000f)
core   0: 0x80009538 (0xf9ad3913) sltiu   s2, s10, -102
core   0: 3 0x80009538 (0xf9ad3913) x18 0x00000001
core   0: 0x8000953c (0x03a90c63) beq     s2, s10, pc + 56
core   0: 3 0x8000953c (0x03a90c63)
core   0: 0x80009540 (0x00942c33) slt     s8, s0, s1
core   0: 3 0x80009540 (0x00942c33) x24 0x00000001
core   0: 0x80009544 (0x0762f863) bgeu    t0, s6, pc + 112
core   0: 3 0x80009544 (0x0762f863)
core   0: 0x800095b4 (0x427c5497) auipc   s1, 0x427c5
core   0: 3 0x800095b4 (0x427c5497) x 9 0xc27ce5b4
core   0: 0x800095b8 (0x047f5663) bge     t5, t2, pc + 76
core   0: 3 0x800095b8 (0x047f5663)
core   0: 0x80009604 (0x0524d663) bge     s1, s2, pc + 76
core   0: 3 0x80009604 (0x0524d663)
core   0: 0x80009608 (0x01cfc5b3) xor     a1, t6, t3
core   0: 3 0x80009608 (0x01cfc5b3) x11 0x476e4358
core   0: 0x8000960c (0x0ff0000f) fence   iorw,iorw
core   0: 3 0x8000960c (0x0ff0000f)
core   0: 0x80009610 (0x0ff0000f) fence   iorw,iorw
core   0: 3 0x80009610 (0x0ff0000f)
core   0: 0x80009614 (0x01190a33) add     s4, s2, a7
core   0: 3 0x80009614 (0x01190a33) x20 0x80028ce5
core   0: 0x80009618 (0x011f99b3) sll     s3, t6, a7
core   0: 3 0x80009618 (0x011f99b3) x19 0x76e40000
core   0: 0x8000961c (0x4128d113) srai    sp, a7, 18
core   0: 3 0x8000961c (0x4128d113) x 2 0xffffe000
core   0: 0x80009620 (0x00a3b4b3) sltu    s1, t2, a0
core   0: 3 0x80009620 (0x00a3b4b3) x 9 0x00000000
core   0: 0x80009624 (0x019afbb3) and     s7, s5, s9
core   0: 3 0x80009624 (0x019afbb3) x23 0x00000000
core   0: 0x80009628 (0x00000013) nop
core   0: 3 0x80009628 (0x00000013)
core   0: 0x8000962c (0x0165a3b3) slt     t2, a1, s6
core   0: 3 0x8000962c (0x0165a3b3) x 7 0x00000000
core   0: 0x80009630 (0x011cda33) srl     s4, s9, a7
core   0: 3 0x80009630 (0x011cda33) x20 0x0d6ea4e0
core   0: 0x80009634 (0x1f226c13) ori     s8, tp, 498
core   0: 3 0x80009634 (0x1f226c13) x24 0xc00123f3
core   0: 0x80009638 (0x86f3be13) sltiu   t3, t2, -1937
core   0: 3 0x80009638 (0x86f3be13) x28 0x00000001
core   0: 0x8000963c (0x41f4dcb3) sra     s9, s1, t6
core   0: 3 0x8000963c (0x41f4dcb3) x25 0x00000000
core   0: 0x80009640 (0x00b3dc63) bge     t2, a1, pc + 24
core   0: 3 0x80009640 (0x00b3dc63)
core   0: 0x80009644 (0x412c5413) srai    s0, s8, 18
core   0: 3 0x80009644 (0x412c5413) x 8 0xfffff000
core   0: 0x80009648 (0x00000013) nop
core   0: 3 0x80009648 (0x00000013)
core   0: 0x8000964c (0x6ce68617) auipc   a2, 0x6ce68
core   0: 3 0x8000964c (0x6ce68617) x12 0xece7164c
core   0: 0x80009650 (0x409f05b3) sub     a1, t5, s1
core   0: 3 0x80009650 (0x409f05b3) x11 0xf3de6308
core   0: 0x80009654 (0xb0d6b913) sltiu   s2, a3, -1267
core   0: 3 0x80009654 (0xb0d6b913) x18 0x00000001
core   0: 0x80009658 (0x00b45eb3) srl     t4, s0, a1
core   0: 3 0x80009658 (0x00b45eb3) x29 0x00fffff0
core   0: 0x8000965c (0x0047a983) lw      s3, 4(a5)
core   0: 3 0x8000965c (0x0047a983) x19 0x80003948 mem 0x80024e08
core   0: 0x80009660 (0x013c9b13) slli    s6, s9, 19
core   0: 3 0x80009660 (0x013c9b13) x22 0x00000000
core   0: 0x80009664 (0xa0e66013) ori     zero, a2, -1522
core   0: 3 0x80009664 (0xa0e66013)
core   0: 0x80009668 (0x03078793) addi    a5, a5, 48
core   0: 3 0x80009668 (0x03078793) x15 0x80024e34
core   0: 0x8000966c (0xbe956193) ori     gp, a0, -1047
core   0: 3 0x8000966c (0xbe956193) x 3 0xfffffbe9
core   0: 0x80009670 (0x72eebd93) sltiu   s11, t4, 1838
core   0: 3 0x80009670 (0x72eebd93) x27 0x00000000
core   0: 0x80009674 (0x40445033) sra     zero, s0, tp
core   0: 3 0x80009674 (0x40445033)
core   0: 0x80009678 (0x01e61413) slli    s0, a2, 30
core   0: 3 0x80009678 (0x01e61413) x 8 0x00000000
core   0: 0x8000967c (0x0ff0000f) fence   iorw,iorw
core   0: 3 0x8000967c (0x0ff0000f)
core   0: 0x80009680 (0x01d33133) sltu    sp, t1, t4
core   0: 3 0x80009680 (0x01d33133) x 2 0x00000001
core   0: 0x80009684 (0x01e85bb3) srl     s7, a6, t5
core   0: 3 0x80009684 (0x01e85bb3) x23 0x00800000
core   0: 0x80009688 (0xdadd8d93) addi    s11, s11, -595
core   0: 3 0x80009688 (0xdadd8d93) x27 0xfffffdad
core   0: 0x8000968c (0x00198513) addi    a0, s3, 1
core   0: 3 0x8000968c (0x00198513) x10 0x80003949
core   0: 0x80009690 (0x00050567) jalr    a0, a0, 0
core   0: 3 0x80009690 (0x00050567) x10 0x80009694
core   0: 0x80003948 (0x00300093) li      ra, 3
core   0: 3 0x80003948 (0x00300093) x 1 0x00000003
core   0: 0x8000394c (0x00900913) li      s2, 9
core   0: 3 0x8000394c (0x00900913) x18 0x00000009
core   0: 0x80003950 (0x01b1c733) xor     a4, gp, s11
core   0: 3 0x80003950 (0x01b1c733) x14 0x00000644
core   0: 0x80003954 (0xa0f84f93) xori    t6, a6, -1521
core   0: 3 0x80003954 (0xa0f84f93) x31 0x7ffffa0f
core   0: 0x80003958 (0x00608093) addi    ra, ra, 6
core   0: 3 0x80003958 (0x00608093) x 1 0x00000009
core   0: 0x8000395c (0x00800693) li      a3, 8
core   0: 3 0x8000395c (0x00800693) x13 0x00000008
core   0: 0x80003960 (0x00800993) li      s3, 8
core   0: 3 0x80003960 (0x00800993) x19 0x00000008
core   0: 0x80003964 (0x00c453b3) srl     t2, s0, a2
core   0: 3 0x80003964 (0x00c453b3) x 7 0x00000000
core   0: 0x80003968 (0x01d57733) and     a4, a0, t4
core   0: 3 0x80003968 (0x01d57733) x14 0x00009690
core   0: 0x8000396c (0xff868693) addi    a3, a3, -8
core   0: 3 0x8000396c (0xff868693) x13 0x00000000
core   0: 0x80003970 (0x01cd5cb3) srl     s9, s10, t3
core   0: 3 0x80003970 (0x01cd5cb3) x25 0x00000000
core   0: 0x80003974 (0xff36dae3) bge     a3, s3, pc - 12
core   0: 3 0x80003974 (0xff36dae3)
core   0: 0x80003978 (0x01675013) srli    zero, a4, 22
core   0: 3 0x80003978 (0x01675013)
core   0: 0x8000397c (0x01b441b3) xor     gp, s0, s11
core   0: 3 0x8000397c (0x01b441b3) x 3 0xfffffdad
core   0: 0x80003980 (0x5375ba93) sltiu   s5, a1, 1335
core   0: 3 0x80003980 (0x5375ba93) x21 0x00000000
core   0: 0x80003984 (0xfd20e8e3) bltu    ra, s2, pc - 48
core   0: 3 0x80003984 (0xfd20e8e3)
core   0: 0x80003988 (0x0ff0000f) fence   iorw,iorw
core   0: 3 0x80003988 (0x0ff0000f)
core   0: 0x8000398c (0x00000493) li      s1, 0
core   0: 3 0x8000398c (0x00000493) x 9 0x00000000
core   0: 0x80003990 (0x40ba5513) srai    a0, s4, 11
core   0: 3 0x80003990 (0x40ba5513) x10 0x0001add4
core   0: 0x80003994 (0x4d496113) ori     sp, s2, 1236
core   0: 3 0x80003994 (0x4d496113) x 2 0x000004dd
core   0: 0x80003998 (0x01278ab3) add     s5, a5, s2
core   0: 3 0x80003998 (0x01278ab3) x21 0x80024e3d
core   0: 0x8000399c (0xbb4ec593) xori    a1, t4, -1100
core   0: 3 0x8000399c (0xbb4ec593) x11 0xff000444
core   0: 0x800039a0 (0x005cdc33) srl     s8, s9, t0
core   0: 3 0x800039a0 (0x005cdc33) x24 0x00000000
core   0: 0x800039a4 (0x77906293) ori     t0, zero, 1913
core   0: 3 0x800039a4 (0x77906293) x 5 0x00000779
core   0: 0x800039a8 (0x5c360713) addi    a4, a2, 1475
core   0: 3 0x800039a8 (0x5c360713) x14 0xece71c0f
core   0: 0x800039ac (0x01673433) sltu    s0, a4, s6
core   0: 3 0x800039ac (0x01673433) x 8 0x00000000
core   0: 0x800039b0 (0x00270033) add     zero, a4, sp
core   0: 3 0x800039b0 (0x00270033)
core   0: 0x800039b4 (0x00600d93) li      s11, 6
core   0: 3 0x800039b4 (0x00600d93) x27 0x00000006
core   0: 0x800039b8 (0xd0fc8737) lui     a4, 0xd0fc8
core   0: 3 0x800039b8 (0xd0fc8737) x14 0xd0fc8000
core   0: 0x800039bc (0x18c9fc13) andi    s8, s3, 396
core   0: 3 0x800039bc (0x18c9fc13) x24 0x00000008
core   0: 0x800039c0 (0x00a48493) addi    s1, s1, 10
core   0: 3 0x800039c0 (0x00a48493) x 9 0x0000000a
core   0: 0x800039c4 (0x419dd913) srai    s2, s11, 25
core   0: 3 0x800039c4 (0x419dd913) x18 0x00000000
core   0: 0x800039c8 (0x010415b3) sll     a1, s0, a6
core   0: 3 0x800039c8 (0x010415b3) x11 0x00000000
core   0: 0x800039cc (0x20dec293) xori    t0, t4, 525
core   0: 3 0x800039cc (0x20dec293) x 5 0x00fffdfd
core   0: 0x800039d0 (0xffb4e4e3) bltu    s1, s11, pc - 24
core   0: 3 0x800039d0 (0xffb4e4e3)
core   0: 0x800039d4 (0x4539f997) auipc   s3, 0x4539f
core   0: 3 0x800039d4 (0x4539f997) x19 0xc53a29d4
core   0: 0x800039d8 (0x00800513) li      a0, 8
core   0: 3 0x800039d8 (0x00800513) x10 0x00000008
core   0: 0x800039dc (0x001e4cb3) xor     s9, t3, ra
core   0: 3 0x800039dc (0x001e4cb3) x25 0x00000008
core   0: 0x800039e0 (0x0000100f) fence.i
core   0: 3 0x800039e0 (0x0000100f)
core   0: 0x800039e4 (0x00941733) sll     a4, s0, s1
core   0: 3 0x800039e4 (0x00941733) x14 0x00000000
core   0: 0x800039e8 (0x0ff0000f) fence   iorw,iorw
core   0: 3 0x800039e8 (0x0ff0000f)
core   0: 0x800039ec (0x417dde93) srai    t4, s11, 23
core   0: 3 0x800039ec (0x417dde93) x29 0x00000000
core   0: 0x800039f0 (0xfec00693) li      a3, -20
core   0: 3 0x800039f0 (0xfec00693) x13 0xffffffec
core   0: 0x800039f4 (0x3c2cb193) sltiu   gp, s9, 962
core   0: 3 0x800039f4 (0x3c2cb193) x 3 0x00000001
core   0: 0x800039f8 (0x015043b3) xor     t2, zero, s5
core   0: 3 0x800039f8 (0x015043b3) x 7 0x80024e3d
core   0: 0x800039fc (0xffc50513) addi    a0, a0, -4
core   0: 3 0x800039fc (0xffc50513) x10 0x00000004
core   0: 0x80003a00 (0x2b6dc613) xori    a2, s11, 694
core   0: 3 0x80003a00 (0x2b6dc613) x12 0x000002b0
core   0: 0x80003a04 (0xfed50ae3) beq     a0, a3, pc - 12
core   0: 3 0x80003a04 (0xfed50ae3)
core   0: 0x80003a08 (0x01144333) xor     t1, s0, a7
core   0: 3 0x80003a08 (0x01144333) x 6 0x80028ce4
core   0: 0x80003a0c (0xff700413) li      s0, -9
core   0: 3 0x80003a0c (0xff700413) x 8 0xfffffff7
core   0: 0x80003a10 (0x00e00713) li      a4, 14
core   0: 3 0x80003a10 (0x00e00713) x14 0x0000000e
core   0: 0x80003a14 (0x331a8a93) addi    s5, s5, 817
core   0: 3 0x80003a14 (0x331a8a93) x21 0x8002516e
core   0: 0x80003a18 (0x007440b3) xor     ra, s0, t2
core   0: 3 0x80003a18 (0x007440b3) x 1 0x7ffdb1ca
core   0: 0x80003a1c (0x00940413) addi    s0, s0, 9
core   0: 3 0x80003a1c (0x00940413) x 8 0x00000000
core   0: 0x80003a20 (0xfee44ce3) blt     s0, a4, pc - 8
core   0: 3 0x80003a20 (0xfee44ce3)
core   0: 0x80003a18 (0x007440b3) xor     ra, s0, t2
core   0: 3 0x80003a18 (0x007440b3) x 1 0x80024e3d
core   0: 0x80003a1c (0x00940413) addi    s0, s0, 9
core   0: 3 0x80003a1c (0x00940413) x 8 0x00000009
core   0: 0x80003a20 (0xfee44ce3) blt     s0, a4, pc - 8
core   0: 3 0x80003a20 (0xfee44ce3)
core   0: 0x80003a18 (0x007440b3) xor     ra, s0, t2
core   0: 3 0x80003a18 (0x007440b3) x 1 0x80024e34
core   0: 0x80003a1c (0x00940413) addi    s0, s0, 9
core   0: 3 0x80003a1c (0x00940413) x 8 0x00000012
core   0: 0x80003a20 (0xfee44ce3) blt     s0, a4, pc - 8
core   0: 3 0x80003a20 (0xfee44ce3)
core   0: 0x80003a24 (0x01140c33) add     s8, s0, a7
core   0: 3 0x80003a24 (0x01140c33) x24 0x80028cf6
core   0: 0x80003a28 (0xff600513) li      a0, -10
core   0: 3 0x80003a28 (0xff600513) x10 0xfffffff6
core   0: 0x80003a2c (0x01204233) xor     tp, zero, s2
core   0: 3 0x80003a2c (0x01204233) x 4 0x00000000
core   0: 0x80003a30 (0x00300293) li      t0, 3
core   0: 3 0x80003a30 (0x00300293) x 5 0x00000003
core   0: 0x80003a34 (0x01301033) sll     zero, zero, s3
core   0: 3 0x80003a34 (0x01301033)
core   0: 0x80003a38 (0x015efcb3) and     s9, t4, s5
core   0: 3 0x80003a38 (0x015efcb3) x25 0x00000000
core   0: 0x80003a3c (0x579f2bb7) lui     s7, 0x579f2
core   0: 3 0x80003a3c (0x579f2bb7) x23 0x579f2000
core   0: 0x80003a40 (0xf7f78713) addi    a4, a5, -129
core   0: 3 0x80003a40 (0xf7f78713) x14 0x80024db3
core   0: 0x80003a44 (0x40b98e33) sub     t3, s3, a1
core   0: 3 0x80003a44 (0x40b98e33) x28 0xc53a29d4
core   0: 0x80003a48 (0x7880b313) sltiu   t1, ra, 1928
core   0: 3 0x80003a48 (0x7880b313) x 6 0x00000000
core   0: 0x80003a4c (0x0189ceb3) xor     t4, s3, s8
core   0: 3 0x80003a4c (0x0189ceb3) x29 0x4538a522
core   0: 0x80003a50 (0x0141d133) srl     sp, gp, s4
core   0: 3 0x80003a50 (0x0141d133) x 2 0x00000001
core   0: 0x80003a54 (0x018649b3) xor     s3, a2, s8
core   0: 3 0x80003a54 (0x018649b3) x19 0x80028e46
core   0: 0x80003a58 (0x00332033) slt     zero, t1, gp
core   0: 3 0x80003a58 (0x00332033)
core   0: 0x80003a5c (0xc9900213) li      tp, -871
core   0: 3 0x80003a5c (0xc9900213) x 4 0xfffffc99
core   0: 0x80003a60 (0x0ff0000f) fence   iorw,iorw
core   0: 3 0x80003a60 (0x0ff0000f)
core   0: 0x80003a64 (0x00150513) addi    a0, a0, 1
core   0: 3 0x80003a64 (0x00150513) x10 0xfffffff7
core   0: 0x80003a68 (0x5ea6e417) auipc   s0, 0x5ea6e
core   0: 3 0x80003a68 (0x5ea6e417) x 8 0xdea71a68
core   0: 0x80003a6c (0x01d585b3) add     a1, a1, t4
core   0: 3 0x80003a6c (0x01d585b3) x11 0x4538a522
core   0: 0x80003a70 (0xba128d13) addi    s10, t0, -1119
core   0: 3 0x80003a70 (0xba128d13) x26 0xfffffba4
core   0: 0x80003a74 (0x019e65b3) or      a1, t3, s9
core   0: 3 0x80003a74 (0x019e65b3) x11 0xc53a29d4
core   0: 0x80003a78 (0x1f10a093) slti    ra, ra, 497
core   0: 3 0x80003a78 (0x1f10a093) x 1 0x00000001
core   0: 0x80003a7c (0x00b1c433) xor     s0, gp, a1
core   0: 3 0x80003a7c (0x00b1c433) x 8 0xc53a29d5
core   0: 0x80003a80 (0x74238193) addi    gp, t2, 1858
core   0: 3 0x80003a80 (0x74238193) x 3 0x8002557f
core   0: 0x80003a84 (0xec3ab717) auipc   a4, 0xec3ab
core   0: 3 0x80003a84 (0xec3ab717) x14 0x6c3aea84
core   0: 0x80003a88 (0xdd470e13) addi    t3, a4, -556
core   0: 3 0x80003a88 (0xdd470e13) x28 0x6c3ae858
core   0: 0x80003a8c (0x412c5913) srai    s2, s8, 18
core   0: 3 0x80003a8c (0x412c5913) x18 0xffffe000
core   0: 0x80003a90 (0x40a05a33) sra     s4, zero, a0
core   0: 3 0x80003a90 (0x40a05a33) x20 0x00000000
core   0: 0x80003a94 (0xfa5518e3) bne     a0, t0, pc - 80
core   0: 3 0x80003a94 (0xfa5518e3)
core   0: 0x80003a44 (0x40b98e33) sub     t3, s3, a1
core   0: 3 0x80003a44 (0x40b98e33) x28 0xbac86472
core   0: 0x80003a48 (0x7880b313) sltiu   t1, ra, 1928
core   0: 3 0x80003a48 (0x7880b313) x 6 0x00000001
core   0: 0x80003a4c (0x0189ceb3) xor     t4, s3, s8
core   0: 3 0x80003a4c (0x0189ceb3) x29 0x000002b0
core   0: 0x80003a50 (0x0141d133) srl     sp, gp, s4
core   0: 3 0x80003a50 (0x0141d133) x 2 0x8002557f
core   0: 0x80003a54 (0x018649b3) xor     s3, a2, s8
core   0: 3 0x80003a54 (0x018649b3) x19 0x80028e46
core   0: 0x80003a58 (0x00332033) slt     zero, t1, gp
core   0: 3 0x80003a58 (0x00332033)
core   0: 0x80003a5c (0xc9900213) li      tp, -871
core   0: 3 0x80003a5c (0xc9900213) x 4 0xfffffc99
core   0: 0x80003a60 (0x0ff0000f) fence   iorw,iorw
core   0: 3 0x80003a60 (0x0ff0000f)
core   0: 0x80003a64 (0x00150513) addi    a0, a0, 1
core   0: 3 0x80003a64 (0x00150513) x10 0xfffffff8
core   0: 0x80003a68 (0x5ea6e417) auipc   s0, 0x5ea6e
core   0: 3 0x80003a68 (0x5ea6e417) x 8 0xdea71a68
core   0: 0x80003a6c (0x01d585b3) add     a1, a1, t4
core   0: 3 0x80003a6c (0x01d585b3) x11 0xc53a2c84
core   0: 0x80003a70 (0xba128d13) addi    s10, t0, -1119
core   0: 3 0x80003a70 (0xba128d13) x26 0xfffffba4
core   0: 0x80003a74 (0x019e65b3) or      a1, t3, s9
core   0: 3 0x80003a74 (0x019e65b3) x11 0xbac86472
core   0: 0x80003a78 (0x1f10a093) slti    ra, ra, 497
core   0: 3 0x80003a78 (0x1f10a093) x 1 0x00000001
core   0: 0x80003a7c (0x00b1c433) xor     s0, gp, a1
core   0: 3 0x80003a7c (0x00b1c433) x 8 0x3aca310d
core   0: 0x80003a80 (0x74238193) addi    gp, t2, 1858
core   0: 3 0x80003a80 (0x74238193) x 3 0x8002557f
core   0: 0x80003a84 (0xec3ab717) auipc   a4, 0xec3ab
core   0: 3 0x80003a84 (0xec3ab717) x14 0x6c3aea84
core   0: 0x80003a88 (0xdd470e13) addi    t3, a4, -556
core   0: 3 0x80003a88 (0xdd470e13) x28 0x6c3ae858
core   0: 0x80003a8c (0x412c5913) srai    s2, s8, 18
core   0: 3 0x80003a8c (0x412c5913) x18 0xffffe000
core   0: 0x80003a90 (0x40a05a33) sra     s4, zero, a0
core   0: 3 0x80003a90 (0x40a05a33) x20 0x00000000
core   0: 0x80003a94 (0xfa5518e3) bne     a0, t0, pc - 80
core   0: 3 0x80003a94 (0xfa5518e3)
core   0: 0x80003a44 (0x40b98e33) sub     t3, s3, a1
core   0: 3 0x80003a44 (0x40b98e33) x28 0xc53a29d4
core   0: 0x80003a48 (0x7880b313) sltiu   t1, ra, 1928
core   0: 3 0x80003a48 (0x7880b313) x 6 0x00000001
core   0: 0x80003a4c (0x0189ceb3) xor     t4, s3, s8
core   0: 3 0x80003a4c (0x0189ceb3) x29 0x000002b0
core   0: 0x80003a50 (0x0141d133) srl     sp, gp, s4
core   0: 3 0x80003a50 (0x0141d133) x 2 0x8002557f
core   0: 0x80003a54 (0x018649b3) xor     s3, a2, s8
core   0: 3 0x80003a54 (0x018649b3) x19 0x80028e46
core   0: 0x80003a58 (0x00332033) slt     zero, t1, gp
core   0: 3 0x80003a58 (0x00332033)
core   0: 0x80003a5c (0xc9900213) li      tp, -871
core   0: 3 0x80003a5c (0xc9900213) x 4 0xfffffc99
core   0: 0x80003a60 (0x0ff0000f) fence   iorw,iorw
core   0: 3 0x80003a60 (0x0ff0000f)
core   0: 0x80003a64 (0x00150513) addi    a0, a0, 1
core   0: 3 0x80003a64 (0x00150513) x10 0xfffffff9
core   0: 0x80003a68 (0x5ea6e417) auipc   s0, 0x5ea6e
core   0: 3 0x80003a68 (0x5ea6e417) x 8 0xdea71a68
core   0: 0x80003a6c (0x01d585b3) add     a1, a1, t4
core   0: 3 0x80003a6c (0x01d585b3) x11 0xbac86722
core   0: 0x80003a70 (0xba128d13) addi    s10, t0, -1119
core   0: 3 0x80003a70 (0xba128d13) x26 0xfffffba4
core   0: 0x80003a74 (0x019e65b3) or      a1, t3, s9
core   0: 3 0x80003a74 (0x019e65b3) x11 0xc53a29d4
core   0: 0x80003a78 (0x1f10a093) slti    ra, ra, 497
core   0: 3 0x80003a78 (0x1f10a093) x 1 0x00000001
core   0: 0x80003a7c (0x00b1c433) xor     s0, gp, a1
core   0: 3 0x80003a7c (0x00b1c433) x 8 0x45387cab
core   0: 0x80003a80 (0x74238193) addi    gp, t2, 1858
core   0: 3 0x80003a80 (0x74238193) x 3 0x8002557f
core   0: 0x80003a84 (0xec3ab717) auipc   a4, 0xec3ab
core   0: 3 0x80003a84 (0xec3ab717) x14 0x6c3aea84
core   0: 0x80003a88 (0xdd470e13) addi    t3, a4, -556
core   0: 3 0x80003a88 (0xdd470e13) x28 0x6c3ae858
core   0: 0x80003a8c (0x412c5913) srai    s2, s8, 18
core   0: 3 0x80003a8c (0x412c5913) x18 0xffffe000
core   0: 0x80003a90 (0x40a05a33) sra     s4, zero, a0
core   0: 3 0x80003a90 (0x40a05a33) x20 0x00000000
core   0: 0x80003a94 (0xfa5518e3) bne     a0, t0, pc - 80
core   0: 3 0x80003a94 (0xfa5518e3)
core   0: 0x80003a44 (0x40b98e33) sub     t3, s3, a1
core   0: 3 0x80003a44 (0x40b98e33) x28 0xbac86472
core   0: 0x80003a48 (0x7880b313) sltiu   t1, ra, 1928
core   0: 3 0x80003a48 (0x7880b313) x 6 0x00000001
core   0: 0x80003a4c (0x0189ceb3) xor     t4, s3, s8
core   0: 3 0x80003a4c (0x0189ceb3) x29 0x000002b0
core   0: 0x80003a50 (0x0141d133) srl     sp, gp, s4
core   0: 3 0x80003a50 (0x0141d133) x 2 0x8002557f
core   0: 0x80003a54 (0x018649b3) xor     s3, a2, s8
core   0: 3 0x80003a54 (0x018649b3) x19 0x80028e46
core   0: 0x80003a58 (0x00332033) slt     zero, t1, gp
core   0: 3 0x80003a58 (0x00332033)
core   0: 0x80003a5c (0xc9900213) li      tp, -871
core   0: 3 0x80003a5c (0xc9900213) x 4 0xfffffc99
core   0: 0x80003a60 (0x0ff0000f) fence   iorw,iorw
core   0: 3 0x80003a60 (0x0ff0000f)
core   0: 0x80003a64 (0x00150513) addi    a0, a0, 1
core   0: 3 0x80003a64 (0x00150513) x10 0xfffffffa
core   0: 0x80003a68 (0x5ea6e417) auipc   s0, 0x5ea6e
core   0: 3 0x80003a68 (0x5ea6e417) x 8 0xdea71a68
core   0: 0x80003a6c (0x01d585b3) add     a1, a1, t4
core   0: 3 0x80003a6c (0x01d585b3) x11 0xc53a2c84
core   0: 0x80003a70 (0xba128d13) addi    s10, t0, -1119
core   0: 3 0x80003a70 (0xba128d13) x26 0xfffffba4
core   0: 0x80003a74 (0x019e65b3) or      a1, t3, s9
core   0: 3 0x80003a74 (0x019e65b3) x11 0xbac86472
core   0: 0x80003a78 (0x1f10a093) slti    ra, ra, 497
core   0: 3 0x80003a78 (0x1f10a093) x 1 0x00000001
core   0: 0x80003a7c (0x00b1c433) xor     s0, gp, a1
core   0: 3 0x80003a7c (0x00b1c433) x 8 0x3aca310d
core   0: 0x80003a80 (0x74238193) addi    gp, t2, 1858
core   0: 3 0x80003a80 (0x74238193) x 3 0x8002557f
core   0: 0x80003a84 (0xec3ab717) auipc   a4, 0xec3ab
core   0: 3 0x80003a84 (0xec3ab717) x14 0x6c3aea84
core   0: 0x80003a88 (0xdd470e13) addi    t3, a4, -556
core   0: 3 0x80003a88 (0xdd470e13) x28 0x6c3ae858
core   0: 0x80003a8c (0x412c5913) srai    s2, s8, 18
core   0: 3 0x80003a8c (0x412c5913) x18 0xffffe000
core   0: 0x80003a90 (0x40a05a33) sra     s4, zero, a0
core   0: 3 0x80003a90 (0x40a05a33) x20 0x00000000
core   0: 0x80003a94 (0xfa5518e3) bne     a0, t0, pc - 80
core   0: 3 0x80003a94 (0xfa5518e3)
core   0: 0x80003a44 (0x40b98e33) sub     t3, s3, a1
core   0: 3 0x80003a44 (0x40b98e33) x28 0xc53a29d4
core   0: 0x80003a48 (0x7880b313) sltiu   t1, ra, 1928
core   0: 3 0x80003a48 (0x7880b313) x 6 0x00000001
core   0: 0x80003a4c (0x0189ceb3) xor     t4, s3, s8
core   0: 3 0x80003a4c (0x0189ceb3) x29 0x000002b0
core   0: 0x80003a50 (0x0141d133) srl     sp, gp, s4
core   0: 3 0x80003a50 (0x0141d133) x 2 0x8002557f
core   0: 0x80003a54 (0x018649b3) xor     s3, a2, s8
core   0: 3 0x80003a54 (0x018649b3) x19 0x80028e46
core   0: 0x80003a58 (0x00332033) slt     zero, t1, gp
core   0: 3 0x80003a58 (0x00332033)
core   0: 0x80003a5c (0xc9900213) li      tp, -871
core   0: 3 0x80003a5c (0xc9900213) x 4 0xfffffc99
core   0: 0x80003a60 (0x0ff0000f) fence   iorw,iorw
core   0: 3 0x80003a60 (0x0ff0000f)
core   0: 0x80003a64 (0x00150513) addi    a0, a0, 1
core   0: 3 0x80003a64 (0x00150513) x10 0xfffffffb
core   0: 0x80003a68 (0x5ea6e417) auipc   s0, 0x5ea6e
core   0: 3 0x80003a68 (0x5ea6e417) x 8 0xdea71a68
core   0: 0x80003a6c (0x01d585b3) add     a1, a1, t4
core   0: 3 0x80003a6c (0x01d585b3) x11 0xbac86722
core   0: 0x80003a70 (0xba128d13) addi    s10, t0, -1119
core   0: 3 0x80003a70 (0xba128d13) x26 0xfffffba4
core   0: 0x80003a74 (0x019e65b3) or      a1, t3, s9
core   0: 3 0x80003a74 (0x019e65b3) x11 0xc53a29d4
core   0: 0x80003a78 (0x1f10a093) slti    ra, ra, 497
core   0: 3 0x80003a78 (0x1f10a093) x 1 0x00000001
core   0: 0x80003a7c (0x00b1c433) xor     s0, gp, a1
core   0: 3 0x80003a7c (0x00b1c433) x 8 0x45387cab
core   0: 0x80003a80 (0x74238193) addi    gp, t2, 1858
core   0: 3 0x80003a80 (0x74238193) x 3 0x8002557f
core   0: 0x80003a84 (0xec3ab717) auipc   a4, 0xec3ab
core   0: 3 0x80003a84 (0xec3ab717) x14 0x6c3aea84
core   0: 0x80003a88 (0xdd470e13) addi    t3, a4, -556
core   0: 3 0x80003a88 (0xdd470e13) x28 0x6c3ae858
core   0: 0x80003a8c (0x412c5913) srai    s2, s8, 18
core   0: 3 0x80003a8c (0x412c5913) x18 0xffffe000
core   0: 0x80003a90 (0x40a05a33) sra     s4, zero, a0
core   0: 3 0x80003a90 (0x40a05a33) x20 0x00000000
core   0: 0x80003a94 (0xfa5518e3) bne     a0, t0, pc - 80
core   0: 3 0x80003a94 (0xfa5518e3)
core   0: 0x80003a44 (0x40b98e33) sub     t3, s3, a1
core   0: 3 0x80003a44 (0x40b98e33) x28 0xbac86472
core   0: 0x80003a48 (0x7880b313) sltiu   t1, ra, 1928
core   0: 3 0x80003a48 (0x7880b313) x 6 0x00000001
core   0: 0x80003a4c (0x0189ceb3) xor     t4, s3, s8
core   0: 3 0x80003a4c (0x0189ceb3) x29 0x000002b0
core   0: 0x80003a50 (0x0141d133) srl     sp, gp, s4
core   0: 3 0x80003a50 (0x0141d133) x 2 0x8002557f
core   0: 0x80003a54 (0x018649b3) xor     s3, a2, s8
core   0: 3 0x80003a54 (0x018649b3) x19 0x80028e46
core   0: 0x80003a58 (0x00332033) slt     zero, t1, gp
core   0: 3 0x80003a58 (0x00332033)
core   0: 0x80003a5c (0xc9900213) li      tp, -871
core   0: 3 0x80003a5c (0xc9900213) x 4 0xfffffc99
core   0: 0x80003a60 (0x0ff0000f) fence   iorw,iorw
core   0: 3 0x80003a60 (0x0ff0000f)
core   0: 0x80003a64 (0x00150513) addi    a0, a0, 1
core   0: 3 0x80003a64 (0x00150513) x10 0xfffffffc
core   0: 0x80003a68 (0x5ea6e417) auipc   s0, 0x5ea6e
core   0: 3 0x80003a68 (0x5ea6e417) x 8 0xdea71a68
core   0: 0x80003a6c (0x01d585b3) add     a1, a1, t4
core   0: 3 0x80003a6c (0x01d585b3) x11 0xc53a2c84
core   0: 0x80003a70 (0xba128d13) addi    s10, t0, -1119
core   0: 3 0x80003a70 (0xba128d13) x26 0xfffffba4
core   0: 0x80003a74 (0x019e65b3) or      a1, t3, s9
core   0: 3 0x80003a74 (0x019e65b3) x11 0xbac86472
core   0: 0x80003a78 (0x1f10a093) slti    ra, ra, 497
core   0: 3 0x80003a78 (0x1f10a093) x 1 0x00000001
core   0: 0x80003a7c (0x00b1c433) xor     s0, gp, a1
core   0: 3 0x80003a7c (0x00b1c433) x 8 0x3aca310d
core   0: 0x80003a80 (0x74238193) addi    gp, t2, 1858
core   0: 3 0x80003a80 (0x74238193) x 3 0x8002557f
core   0: 0x80003a84 (0xec3ab717) auipc   a4, 0xec3ab
core   0: 3 0x80003a84 (0xec3ab717) x14 0x6c3aea84
core   0: 0x80003a88 (0xdd470e13) addi    t3, a4, -556
core   0: 3 0x80003a88 (0xdd470e13) x28 0x6c3ae858
core   0: 0x80003a8c (0x412c5913) srai    s2, s8, 18
core   0: 3 0x80003a8c (0x412c5913) x18 0xffffe000
core   0: 0x80003a90 (0x40a05a33) sra     s4, zero, a0
core   0: 3 0x80003a90 (0x40a05a33) x20 0x00000000
core   0: 0x80003a94 (0xfa5518e3) bne     a0, t0, pc - 80
core   0: 3 0x80003a94 (0xfa5518e3)
core   0: 0x80003a44 (0x40b98e33) sub     t3, s3, a1
core   0: 3 0x80003a44 (0x40b98e33) x28 0xc53a29d4
core   0: 0x80003a48 (0x7880b313) sltiu   t1, ra, 1928
core   0: 3 0x80003a48 (0x7880b313) x 6 0x00000001
core   0: 0x80003a4c (0x0189ceb3) xor     t4, s3, s8
core   0: 3 0x80003a4c (0x0189ceb3) x29 0x000002b0
core   0: 0x80003a50 (0x0141d133) srl     sp, gp, s4
core   0: 3 0x80003a50 (0x0141d133) x 2 0x8002557f
core   0: 0x80003a54 (0x018649b3) xor     s3, a2, s8
core   0: 3 0x80003a54 (0x018649b3) x19 0x80028e46
core   0: 0x80003a58 (0x00332033) slt     zero, t1, gp
core   0: 3 0x80003a58 (0x00332033)
core   0: 0x80003a5c (0xc9900213) li      tp, -871
core   0: 3 0x80003a5c (0xc9900213) x 4 0xfffffc99
core   0: 0x80003a60 (0x0ff0000f) fence   iorw,iorw
core   0: 3 0x80003a60 (0x0ff0000f)
core   0: 0x80003a64 (0x00150513) addi    a0, a0, 1
core   0: 3 0x80003a64 (0x00150513) x10 0xfffffffd
core   0: 0x80003a68 (0x5ea6e417) auipc   s0, 0x5ea6e
core   0: 3 0x80003a68 (0x5ea6e417) x 8 0xdea71a68
core   0: 0x80003a6c (0x01d585b3) add     a1, a1, t4
core   0: 3 0x80003a6c (0x01d585b3) x11 0xbac86722
core   0: 0x80003a70 (0xba128d13) addi    s10, t0, -1119
core   0: 3 0x80003a70 (0xba128d13) x26 0xfffffba4
core   0: 0x80003a74 (0x019e65b3) or      a1, t3, s9
core   0: 3 0x80003a74 (0x019e65b3) x11 0xc53a29d4
core   0: 0x80003a78 (0x1f10a093) slti    ra, ra, 497
core   0: 3 0x80003a78 (0x1f10a093) x 1 0x00000001
core   0: 0x80003a7c (0x00b1c433) xor     s0, gp, a1
core   0: 3 0x80003a7c (0x00b1c433) x 8 0x45387cab
core   0: 0x80003a80 (0x74238193) addi    gp, t2, 1858
core   0: 3 0x80003a80 (0x74238193) x 3 0x8002557f
core   0: 0x80003a84 (0xec3ab717) auipc   a4, 0xec3ab
core   0: 3 0x80003a84 (0xec3ab717) x14 0x6c3aea84
core   0: 0x80003a88 (0xdd470e13) addi    t3, a4, -556
core   0: 3 0x80003a88 (0xdd470e13) x28 0x6c3ae858
core   0: 0x80003a8c (0x412c5913) srai    s2, s8, 18
core   0: 3 0x80003a8c (0x412c5913) x18 0xffffe000
core   0: 0x80003a90 (0x40a05a33) sra     s4, zero, a0
core   0: 3 0x80003a90 (0x40a05a33) x20 0x00000000
core   0: 0x80003a94 (0xfa5518e3) bne     a0, t0, pc - 80
core   0: 3 0x80003a94 (0xfa5518e3)
core   0: 0x80003a44 (0x40b98e33) sub     t3, s3, a1
core   0: 3 0x80003a44 (0x40b98e33) x28 0xbac86472
core   0: 0x80003a48 (0x7880b313) sltiu   t1, ra, 1928
core   0: 3 0x80003a48 (0x7880b313) x 6 0x00000001
core   0: 0x80003a4c (0x0189ceb3) xor     t4, s3, s8
core   0: 3 0x80003a4c (0x0189ceb3) x29 0x000002b0
core   0: 0x80003a50 (0x0141d133) srl     sp, gp, s4
core   0: 3 0x80003a50 (0x0141d133) x 2 0x8002557f
core   0: 0x80003a54 (0x018649b3) xor     s3, a2, s8
core   0: 3 0x80003a54 (0x018649b3) x19 0x80028e46
core   0: 0x80003a58 (0x00332033) slt     zero, t1, gp
core   0: 3 0x80003a58 (0x00332033)
core   0: 0x80003a5c (0xc9900213) li      tp, -871
core   0: 3 0x80003a5c (0xc9900213) x 4 0xfffffc99
core   0: 0x80003a60 (0x0ff0000f) fence   iorw,iorw
core   0: 3 0x80003a60 (0x0ff0000f)
core   0: 0x80003a64 (0x00150513) addi    a0, a0, 1
core   0: 3 0x80003a64 (0x00150513) x10 0xfffffffe
core   0: 0x80003a68 (0x5ea6e417) auipc   s0, 0x5ea6e
core   0: 3 0x80003a68 (0x5ea6e417) x 8 0xdea71a68
core   0: 0x80003a6c (0x01d585b3) add     a1, a1, t4
core   0: 3 0x80003a6c (0x01d585b3) x11 0xc53a2c84
core   0: 0x80003a70 (0xba128d13) addi    s10, t0, -1119
core   0: 3 0x80003a70 (0xba128d13) x26 0xfffffba4
core   0: 0x80003a74 (0x019e65b3) or      a1, t3, s9
core   0: 3 0x80003a74 (0x019e65b3) x11 0xbac86472
core   0: 0x80003a78 (0x1f10a093) slti    ra, ra, 497
core   0: 3 0x80003a78 (0x1f10a093) x 1 0x00000001
core   0: 0x80003a7c (0x00b1c433) xor     s0, gp, a1
core   0: 3 0x80003a7c (0x00b1c433) x 8 0x3aca310d
core   0: 0x80003a80 (0x74238193) addi    gp, t2, 1858
core   0: 3 0x80003a80 (0x74238193) x 3 0x8002557f
core   0: 0x80003a84 (0xec3ab717) auipc   a4, 0xec3ab
core   0: 3 0x80003a84 (0xec3ab717) x14 0x6c3aea84
core   0: 0x80003a88 (0xdd470e13) addi    t3, a4, -556
core   0: 3 0x80003a88 (0xdd470e13) x28 0x6c3ae858
core   0: 0x80003a8c (0x412c5913) srai    s2, s8, 18
core   0: 3 0x80003a8c (0x412c5913) x18 0xffffe000
core   0: 0x80003a90 (0x40a05a33) sra     s4, zero, a0
core   0: 3 0x80003a90 (0x40a05a33) x20 0x00000000
core   0: 0x80003a94 (0xfa5518e3) bne     a0, t0, pc - 80
core   0: 3 0x80003a94 (0xfa5518e3)
core   0: 0x80003a44 (0x40b98e33) sub     t3, s3, a1
core   0: 3 0x80003a44 (0x40b98e33) x28 0xc53a29d4
core   0: 0x80003a48 (0x7880b313) sltiu   t1, ra, 1928
core   0: 3 0x80003a48 (0x7880b313) x 6 0x00000001
core   0: 0x80003a4c (0x0189ceb3) xor     t4, s3, s8
core   0: 3 0x80003a4c (0x0189ceb3) x29 0x000002b0
core   0: 0x80003a50 (0x0141d133) srl     sp, gp, s4
core   0: 3 0x80003a50 (0x0141d133) x 2 0x8002557f
core   0: 0x80003a54 (0x018649b3) xor     s3, a2, s8
core   0: 3 0x80003a54 (0x018649b3) x19 0x80028e46
core   0: 0x80003a58 (0x00332033) slt     zero, t1, gp
core   0: 3 0x80003a58 (0x00332033)
core   0: 0x80003a5c (0xc9900213) li      tp, -871
core   0: 3 0x80003a5c (0xc9900213) x 4 0xfffffc99
core   0: 0x80003a60 (0x0ff0000f) fence   iorw,iorw
core   0: 3 0x80003a60 (0x0ff0000f)
core   0: 0x80003a64 (0x00150513) addi    a0, a0, 1
core   0: 3 0x80003a64 (0x00150513) x10 0xffffffff
core   0: 0x80003a68 (0x5ea6e417) auipc   s0, 0x5ea6e
core   0: 3 0x80003a68 (0x5ea6e417) x 8 0xdea71a68
core   0: 0x80003a6c (0x01d585b3) add     a1, a1, t4
core   0: 3 0x80003a6c (0x01d585b3) x11 0xbac86722
core   0: 0x80003a70 (0xba128d13) addi    s10, t0, -1119
core   0: 3 0x80003a70 (0xba128d13) x26 0xfffffba4
core   0: 0x80003a74 (0x019e65b3) or      a1, t3, s9
core   0: 3 0x80003a74 (0x019e65b3) x11 0xc53a29d4
core   0: 0x80003a78 (0x1f10a093) slti    ra, ra, 497
core   0: 3 0x80003a78 (0x1f10a093) x 1 0x00000001
core   0: 0x80003a7c (0x00b1c433) xor     s0, gp, a1
core   0: 3 0x80003a7c (0x00b1c433) x 8 0x45387cab
core   0: 0x80003a80 (0x74238193) addi    gp, t2, 1858
core   0: 3 0x80003a80 (0x74238193) x 3 0x8002557f
core   0: 0x80003a84 (0xec3ab717) auipc   a4, 0xec3ab
core   0: 3 0x80003a84 (0xec3ab717) x14 0x6c3aea84
core   0: 0x80003a88 (0xdd470e13) addi    t3, a4, -556
core   0: 3 0x80003a88 (0xdd470e13) x28 0x6c3ae858
core   0: 0x80003a8c (0x412c5913) srai    s2, s8, 18
core   0: 3 0x80003a8c (0x412c5913) x18 0xffffe000
core   0: 0x80003a90 (0x40a05a33) sra     s4, zero, a0
core   0: 3 0x80003a90 (0x40a05a33) x20 0x00000000
core   0: 0x80003a94 (0xfa5518e3) bne     a0, t0, pc - 80
core   0: 3 0x80003a94 (0xfa5518e3)
core   0: 0x80003a44 (0x40b98e33) sub     t3, s3, a1
core   0: 3 0x80003a44 (0x40b98e33) x28 0xbac86472
core   0: 0x80003a48 (0x7880b313) sltiu   t1, ra, 1928
core   0: 3 0x80003a48 (0x7880b313) x 6 0x00000001
core   0: 0x80003a4c (0x0189ceb3) xor     t4, s3, s8
core   0: 3 0x80003a4c (0x0189ceb3) x29 0x000002b0
core   0: 0x80003a50 (0x0141d133) srl     sp, gp, s4
core   0: 3 0x80003a50 (0x0141d133) x 2 0x8002557f
core   0: 0x80003a54 (0x018649b3) xor     s3, a2, s8
core   0: 3 0x80003a54 (0x018649b3) x19 0x80028e46
core   0: 0x80003a58 (0x00332033) slt     zero, t1, gp
core   0: 3 0x80003a58 (0x00332033)
core   0: 0x80003a5c (0xc9900213) li      tp, -871
core   0: 3 0x80003a5c (0xc9900213) x 4 0xfffffc99
core   0: 0x80003a60 (0x0ff0000f) fence   iorw,iorw
core   0: 3 0x80003a60 (0x0ff0000f)
core   0: 0x80003a64 (0x00150513) addi    a0, a0, 1
core   0: 3 0x80003a64 (0x00150513) x10 0x00000000
core   0: 0x80003a68 (0x5ea6e417) auipc   s0, 0x5ea6e
core   0: 3 0x80003a68 (0x5ea6e417) x 8 0xdea71a68
core   0: 0x80003a6c (0x01d585b3) add     a1, a1, t4
core   0: 3 0x80003a6c (0x01d585b3) x11 0xc53a2c84
core   0: 0x80003a70 (0xba128d13) addi    s10, t0, -1119
core   0: 3 0x80003a70 (0xba128d13) x26 0xfffffba4
core   0: 0x80003a74 (0x019e65b3) or      a1, t3, s9
core   0: 3 0x80003a74 (0x019e65b3) x11 0xbac86472
core   0: 0x80003a78 (0x1f10a093) slti    ra, ra, 497
core   0: 3 0x80003a78 (0x1f10a093) x 1 0x00000001
core   0: 0x80003a7c (0x00b1c433) xor     s0, gp, a1
core   0: 3 0x80003a7c (0x00b1c433) x 8 0x3aca310d
core   0: 0x80003a80 (0x74238193) addi    gp, t2, 1858
core   0: 3 0x80003a80 (0x74238193) x 3 0x8002557f
core   0: 0x80003a84 (0xec3ab717) auipc   a4, 0xec3ab
core   0: 3 0x80003a84 (0xec3ab717) x14 0x6c3aea84
core   0: 0x80003a88 (0xdd470e13) addi    t3, a4, -556
core   0: 3 0x80003a88 (0xdd470e13) x28 0x6c3ae858
core   0: 0x80003a8c (0x412c5913) srai    s2, s8, 18
core   0: 3 0x80003a8c (0x412c5913) x18 0xffffe000
core   0: 0x80003a90 (0x40a05a33) sra     s4, zero, a0
core   0: 3 0x80003a90 (0x40a05a33) x20 0x00000000
core   0: 0x80003a94 (0xfa5518e3) bne     a0, t0, pc - 80
core   0: 3 0x80003a94 (0xfa5518e3)
core   0: 0x80003a44 (0x40b98e33) sub     t3, s3, a1
core   0: 3 0x80003a44 (0x40b98e33) x28 0xc53a29d4
core   0: 0x80003a48 (0x7880b313) sltiu   t1, ra, 1928
core   0: 3 0x80003a48 (0x7880b313) x 6 0x00000001
core   0: 0x80003a4c (0x0189ceb3) xor     t4, s3, s8
core   0: 3 0x80003a4c (0x0189ceb3) x29 0x000002b0
core   0: 0x80003a50 (0x0141d133) srl     sp, gp, s4
core   0: 3 0x80003a50 (0x0141d133) x 2 0x8002557f
core   0: 0x80003a54 (0x018649b3) xor     s3, a2, s8
core   0: 3 0x80003a54 (0x018649b3) x19 0x80028e46
core   0: 0x80003a58 (0x00332033) slt     zero, t1, gp
core   0: 3 0x80003a58 (0x00332033)
core   0: 0x80003a5c (0xc9900213) li      tp, -871
core   0: 3 0x80003a5c (0xc9900213) x 4 0xfffffc99
core   0: 0x80003a60 (0x0ff0000f) fence   iorw,iorw
core   0: 3 0x80003a60 (0x0ff0000f)
core   0: 0x80003a64 (0x00150513) addi    a0, a0, 1
core   0: 3 0x80003a64 (0x00150513) x10 0x00000001
core   0: 0x80003a68 (0x5ea6e417) auipc   s0, 0x5ea6e
core   0: 3 0x80003a68 (0x5ea6e417) x 8 0xdea71a68
core   0: 0x80003a6c (0x01d585b3) add     a1, a1, t4
core   0: 3 0x80003a6c (0x01d585b3) x11 0xbac86722
core   0: 0x80003a70 (0xba128d13) addi    s10, t0, -1119
core   0: 3 0x80003a70 (0xba128d13) x26 0xfffffba4
core   0: 0x80003a74 (0x019e65b3) or      a1, t3, s9
core   0: 3 0x80003a74 (0x019e65b3) x11 0xc53a29d4
core   0: 0x80003a78 (0x1f10a093) slti    ra, ra, 497
core   0: 3 0x80003a78 (0x1f10a093) x 1 0x00000001
core   0: 0x80003a7c (0x00b1c433) xor     s0, gp, a1
core   0: 3 0x80003a7c (0x00b1c433) x 8 0x45387cab
core   0: 0x80003a80 (0x74238193) addi    gp, t2, 1858
core   0: 3 0x80003a80 (0x74238193) x 3 0x8002557f
core   0: 0x80003a84 (0xec3ab717) auipc   a4, 0xec3ab
core   0: 3 0x80003a84 (0xec3ab717) x14 0x6c3aea84
core   0: 0x80003a88 (0xdd470e13) addi    t3, a4, -556
core   0: 3 0x80003a88 (0xdd470e13) x28 0x6c3ae858
core   0: 0x80003a8c (0x412c5913) srai    s2, s8, 18
core   0: 3 0x80003a8c (0x412c5913) x18 0xffffe000
core   0: 0x80003a90 (0x40a05a33) sra     s4, zero, a0
core   0: 3 0x80003a90 (0x40a05a33) x20 0x00000000
core   0: 0x80003a94 (0xfa5518e3) bne     a0, t0, pc - 80
core   0: 3 0x80003a94 (0xfa5518e3)
core   0: 0x80003a44 (0x40b98e33) sub     t3, s3, a1
core   0: 3 0x80003a44 (0x40b98e33) x28 0xbac86472
core   0: 0x80003a48 (0x7880b313) sltiu   t1, ra, 1928
core   0: 3 0x80003a48 (0x7880b313) x 6 0x00000001
core   0: 0x80003a4c (0x0189ceb3) xor     t4, s3, s8
core   0: 3 0x80003a4c (0x0189ceb3) x29 0x000002b0
core   0: 0x80003a50 (0x0141d133) srl     sp, gp, s4
core   0: 3 0x80003a50 (0x0141d133) x 2 0x8002557f
core   0: 0x80003a54 (0x018649b3) xor     s3, a2, s8
core   0: 3 0x80003a54 (0x018649b3) x19 0x80028e46
core   0: 0x80003a58 (0x00332033) slt     zero, t1, gp
core   0: 3 0x80003a58 (0x00332033)
core   0: 0x80003a5c (0xc9900213) li      tp, -871
core   0: 3 0x80003a5c (0xc9900213) x 4 0xfffffc99
core   0: 0x80003a60 (0x0ff0000f) fence   iorw,iorw
core   0: 3 0x80003a60 (0x0ff0000f)
core   0: 0x80003a64 (0x00150513) addi    a0, a0, 1
core   0: 3 0x80003a64 (0x00150513) x10 0x00000002
core   0: 0x80003a68 (0x5ea6e417) auipc   s0, 0x5ea6e
core   0: 3 0x80003a68 (0x5ea6e417) x 8 0xdea71a68
core   0: 0x80003a6c (0x01d585b3) add     a1, a1, t4
core   0: 3 0x80003a6c (0x01d585b3) x11 0xc53a2c84
core   0: 0x80003a70 (0xba128d13) addi    s10, t0, -1119
core   0: 3 0x80003a70 (0xba128d13) x26 0xfffffba4
core   0: 0x80003a74 (0x019e65b3) or      a1, t3, s9
core   0: 3 0x80003a74 (0x019e65b3) x11 0xbac86472
core   0: 0x80003a78 (0x1f10a093) slti    ra, ra, 497
core   0: 3 0x80003a78 (0x1f10a093) x 1 0x00000001
core   0: 0x80003a7c (0x00b1c433) xor     s0, gp, a1
core   0: 3 0x80003a7c (0x00b1c433) x 8 0x3aca310d
core   0: 0x80003a80 (0x74238193) addi    gp, t2, 1858
core   0: 3 0x80003a80 (0x74238193) x 3 0x8002557f
core   0: 0x80003a84 (0xec3ab717) auipc   a4, 0xec3ab
core   0: 3 0x80003a84 (0xec3ab717) x14 0x6c3aea84
core   0: 0x80003a88 (0xdd470e13) addi    t3, a4, -556
core   0: 3 0x80003a88 (0xdd470e13) x28 0x6c3ae858
core   0: 0x80003a8c (0x412c5913) srai    s2, s8, 18
core   0: 3 0x80003a8c (0x412c5913) x18 0xffffe000
core   0: 0x80003a90 (0x40a05a33) sra     s4, zero, a0
core   0: 3 0x80003a90 (0x40a05a33) x20 0x00000000
core   0: 0x80003a94 (0xfa5518e3) bne     a0, t0, pc - 80
core   0: 3 0x80003a94 (0xfa5518e3)
core   0: 0x80003a44 (0x40b98e33) sub     t3, s3, a1
core   0: 3 0x80003a44 (0x40b98e33) x28 0xc53a29d4
core   0: 0x80003a48 (0x7880b313) sltiu   t1, ra, 1928
core   0: 3 0x80003a48 (0x7880b313) x 6 0x00000001
core   0: 0x80003a4c (0x0189ceb3) xor     t4, s3, s8
core   0: 3 0x80003a4c (0x0189ceb3) x29 0x000002b0
core   0: 0x80003a50 (0x0141d133) srl     sp, gp, s4
core   0: 3 0x80003a50 (0x0141d133) x 2 0x8002557f
core   0: 0x80003a54 (0x018649b3) xor     s3, a2, s8
core   0: 3 0x80003a54 (0x018649b3) x19 0x80028e46
core   0: 0x80003a58 (0x00332033) slt     zero, t1, gp
core   0: 3 0x80003a58 (0x00332033)
core   0: 0x80003a5c (0xc9900213) li      tp, -871
core   0: 3 0x80003a5c (0xc9900213) x 4 0xfffffc99
core   0: 0x80003a60 (0x0ff0000f) fence   iorw,iorw
core   0: 3 0x80003a60 (0x0ff0000f)
core   0: 0x80003a64 (0x00150513) addi    a0, a0, 1
core   0: 3 0x80003a64 (0x00150513) x10 0x00000003
core   0: 0x80003a68 (0x5ea6e417) auipc   s0, 0x5ea6e
core   0: 3 0x80003a68 (0x5ea6e417) x 8 0xdea71a68
core   0: 0x80003a6c (0x01d585b3) add     a1, a1, t4
core   0: 3 0x80003a6c (0x01d585b3) x11 0xbac86722
core   0: 0x80003a70 (0xba128d13) addi    s10, t0, -1119
core   0: 3 0x80003a70 (0xba128d13) x26 0xfffffba4
core   0: 0x80003a74 (0x019e65b3) or      a1, t3, s9
core   0: 3 0x80003a74 (0x019e65b3) x11 0xc53a29d4
core   0: 0x80003a78 (0x1f10a093) slti    ra, ra, 497
core   0: 3 0x80003a78 (0x1f10a093) x 1 0x00000001
core   0: 0x80003a7c (0x00b1c433) xor     s0, gp, a1
core   0: 3 0x80003a7c (0x00b1c433) x 8 0x45387cab
core   0: 0x80003a80 (0x74238193) addi    gp, t2, 1858
core   0: 3 0x80003a80 (0x74238193) x 3 0x8002557f
core   0: 0x80003a84 (0xec3ab717) auipc   a4, 0xec3ab
core   0: 3 0x80003a84 (0xec3ab717) x14 0x6c3aea84
core   0: 0x80003a88 (0xdd470e13) addi    t3, a4, -556
core   0: 3 0x80003a88 (0xdd470e13) x28 0x6c3ae858
core   0: 0x80003a8c (0x412c5913) srai    s2, s8, 18
core   0: 3 0x80003a8c (0x412c5913) x18 0xffffe000
core   0: 0x80003a90 (0x40a05a33) sra     s4, zero, a0
core   0: 3 0x80003a90 (0x40a05a33) x20 0x00000000
core   0: 0x80003a94 (0xfa5518e3) bne     a0, t0, pc - 80
core   0: 3 0x80003a94 (0xfa5518e3)
core   0: 0x80003a98 (0x00db20b3) slt     ra, s6, a3
core   0: 3 0x80003a98 (0x00db20b3) x 1 0x00000000
core   0: 0x80003a9c (0xffb00d13) li      s10, -5
core   0: 3 0x80003a9c (0xffb00d13) x26 0xfffffffb
core   0: 0x80003aa0 (0xfef00593) li      a1, -17
core   0: 3 0x80003aa0 (0xfef00593) x11 0xffffffef
core   0: 0x80003aa4 (0x938e0393) addi    t2, t3, -1736
core   0: 3 0x80003aa4 (0x938e0393) x 7 0x6c3ae190
core   0: 0x80003aa8 (0x867d8513) addi    a0, s11, -1945
core   0: 3 0x80003aa8 (0x867d8513) x10 0xfffff86d
core   0: 0x80003aac (0xffcd0d13) addi    s10, s10, -4
core   0: 3 0x80003aac (0xffcd0d13) x26 0xfffffff7
core   0: 0x80003ab0 (0xfebd1ce3) bne     s10, a1, pc - 8
core   0: 3 0x80003ab0 (0xfebd1ce3)
core   0: 0x80003aa8 (0x867d8513) addi    a0, s11, -1945
core   0: 3 0x80003aa8 (0x867d8513) x10 0xfffff86d
core   0: 0x80003aac (0xffcd0d13) addi    s10, s10, -4
core   0: 3 0x80003aac (0xffcd0d13) x26 0xfffffff3
core   0: 0x80003ab0 (0xfebd1ce3) bne     s10, a1, pc - 8
core   0: 3 0x80003ab0 (0xfebd1ce3)
core   0: 0x80003aa8 (0x867d8513) addi    a0, s11, -1945
core   0: 3 0x80003aa8 (0x867d8513) x10 0xfffff86d
core   0: 0x80003aac (0xffcd0d13) addi    s10, s10, -4
core   0: 3 0x80003aac (0xffcd0d13) x26 0xffffffef
core   0: 0x80003ab0 (0xfebd1ce3) bne     s10, a1, pc - 8
core   0: 3 0x80003ab0 (0xfebd1ce3)
core   0: 0x80003ab4 (0x01e42e33) slt     t3, s0, t5
core   0: 3 0x80003ab4 (0x01e42e33) x28 0x00000000
core   0: 0x80003ab8 (0x0038e5b3) or      a1, a7, gp
core   0: 3 0x80003ab8 (0x0038e5b3) x11 0x8002ddff
core   0: 0x80003abc (0x01dae9b3) or      s3, s5, t4
core   0: 3 0x80003abc (0x01dae9b3) x19 0x800253fe
core   0: 0x80003ac0 (0x0000100f) fence.i
core   0: 3 0x80003ac0 (0x0000100f)
core   0: 0x80003ac4 (0x000bfd33) and     s10, s7, zero
core   0: 3 0x80003ac4 (0x000bfd33) x26 0x00000000
core   0: 0x80003ac8 (0x01be8b33) add     s6, t4, s11
core   0: 3 0x80003ac8 (0x01be8b33) x22 0x000002b6
core   0: 0x80003acc (0xf0885097) auipc   ra, 0xf0885
core   0: 3 0x80003acc (0xf0885097) x 1 0x70888acc
core   0: 0x80003ad0 (0x6312c993) xori    s3, t0, 1585
core   0: 3 0x80003ad0 (0x6312c993) x19 0x00000632
core   0: 0x80003ad4 (0x377bf913) andi    s2, s7, 887
core   0: 3 0x80003ad4 (0x377bf913) x18 0x00000000
core   0: 0x80003ad8 (0x00fdf463) bgeu    s11, a5, pc + 8
core   0: 3 0x80003ad8 (0x00fdf463)
core   0: 0x80003adc (0x00000013) nop
core   0: 3 0x80003adc (0x00000013)
core   0: 0x80003ae0 (0x417d5093) srai    ra, s10, 23
core   0: 3 0x80003ae0 (0x417d5093) x 1 0x00000000
core   0: 0x80003ae4 (0x5f173413) sltiu   s0, a4, 1521
core   0: 3 0x80003ae4 (0x5f173413) x 8 0x00000000
core   0: 0x80003ae8 (0x00000013) nop
core   0: 3 0x80003ae8 (0x00000013)
core   0: 0x80003aec (0x03e76c63) bltu    a4, t5, pc + 56
core   0: 3 0x80003aec (0x03e76c63)
core   0: 0x80003b24 (0x0ff0000f) fence   iorw,iorw
core   0: 3 0x80003b24 (0x0ff0000f)
core   0: 0x80003b28 (0x00901a63) bne     zero, s1, pc + 20
core   0: 3 0x80003b28 (0x00901a63)
core   0: 0x80003b3c (0xd1076c13) ori     s8, a4, -752
core   0: 3 0x80003b3c (0xd1076c13) x24 0xffffff94
core   0: 0x80003b40 (0x73791f97) auipc   t6, 0x73791
core   0: 3 0x80003b40 (0x73791f97) x31 0xf3794b40
core   0: 0x80003b44 (0xcc9fc393) xori    t2, t6, -823
core   0: 3 0x80003b44 (0xcc9fc393) x 7 0x0c86b789
core   0: 0x80003b48 (0x054b5663) bge     s6, s4, pc + 76
core   0: 3 0x80003b48 (0x054b5663)
core   0: 0x80003b94 (0x0cf4ec93) ori     s9, s1, 207
core   0: 3 0x80003b94 (0x0cf4ec93) x25 0x000000cf
core   0: 0x80003b98 (0x0125da93) srli    s5, a1, 18
core   0: 3 0x80003b98 (0x0125da93) x21 0x00002000
core   0: 0x80003b9c (0x01e66a63) bltu    a2, t5, pc + 20
core   0: 3 0x80003b9c (0x01e66a63)
core   0: 0x80003bb0 (0x01075933) srl     s2, a4, a6
core   0: 3 0x80003bb0 (0x01075933) x18 0x6c3aea84
core   0: 0x80003bb4 (0x05bac663) blt     s5, s11, pc + 76
core   0: 3 0x80003bb4 (0x05bac663)
core   0: 0x80003bb8 (0x0577cf93) xori    t6, a5, 87
core   0: 3 0x80003bb8 (0x0577cf93) x31 0x80024e63
core   0: 0x80003bbc (0x86f3a193) slti    gp, t2, -1937
core   0: 3 0x80003bbc (0x86f3a193) x 3 0x00000000
core   0: 0x80003bc0 (0x408852b3) sra     t0, a6, s0
core   0: 3 0x80003bc0 (0x408852b3) x 5 0x80000000
core   0: 0x80003bc4 (0x00331f93) slli    t6, t1, 3
core   0: 3 0x80003bc4 (0x00331f93) x31 0x00000008
core   0: 0x80003bc8 (0x059f8663) beq     t6, s9, pc + 76
core   0: 3 0x80003bc8 (0x059f8663)
core   0: 0x80003bcc (0x03e77063) bgeu    a4, t5, pc + 32
core   0: 3 0x80003bcc (0x03e77063)
core   0: 0x80003bd0 (0xeec28993) addi    s3, t0, -276
core   0: 3 0x80003bd0 (0xeec28993) x19 0x7ffffeec
core   0: 0x80003bd4 (0x4064d213) srai    tp, s1, 6
core   0: 3 0x80003bd4 (0x4064d213) x 4 0x00000000
core   0: 0x80003bd8 (0x0443c213) xori    tp, t2, 68
core   0: 3 0x80003bd8 (0x0443c213) x 4 0x0c86b7cd
core   0: 0x80003bdc (0x01156433) or      s0, a0, a7
core   0: 3 0x80003bdc (0x01156433) x 8 0xfffffced
core   0: 0x80003be0 (0x02c91663) bne     s2, a2, pc + 44
core   0: 3 0x80003be0 (0x02c91663)
core   0: 0x80003c0c (0x404fdc13) srai    s8, t6, 4
core   0: 3 0x80003c0c (0x404fdc13) x24 0x00000000
core   0: 0x80003c10 (0x40398e33) sub     t3, s3, gp
core   0: 3 0x80003c10 (0x40398e33) x28 0x7ffffeec
core   0: 0x80003c14 (0x00bfd433) srl     s0, t6, a1
core   0: 3 0x80003c14 (0x00bfd433) x 8 0x00000000
core   0: 0x80003c18 (0xab68a693) slti    a3, a7, -1354
core   0: 3 0x80003c18 (0xab68a693) x13 0x00000001
core   0: 0x80003c1c (0x030fd663) bge     t6, a6, pc + 44
core   0: 3 0x80003c1c (0x030fd663)
core   0: 0x80003c48 (0x001cda93) srli    s5, s9, 1
core   0: 3 0x80003c48 (0x001cda93) x21 0x00000067
core   0: 0x80003c4c (0x6869e517) auipc   a0, 0x6869e
core   0: 3 0x80003c4c (0x6869e517) x10 0xe86a1c4c
core   0: 0x80003c50 (0x01ce7e63) bgeu    t3, t3, pc + 28
core   0: 3 0x80003c50 (0x01ce7e63)
core   0: 0x80003c6c (0x03010463) beq     sp, a6, pc + 40
core   0: 3 0x80003c6c (0x03010463)
core   0: 0x80003c70 (0x0ff0000f) fence   iorw,iorw
core   0: 3 0x80003c70 (0x0ff0000f)
core   0: 0x80003c74 (0x012c5633) srl     a2, s8, s2
core   0: 3 0x80003c74 (0x012c5633) x12 0x00000000
core   0: 0x80003c78 (0x00ca60b3) or      ra, s4, a2
core   0: 3 0x80003c78 (0x00ca60b3) x 1 0x00000000
core   0: 0x80003c7c (0x01cf5093) srli    ra, t5, 28
core   0: 3 0x80003c7c (0x01cf5093) x 1 0x0000000f
core   0: 0x80003c80 (0x40e75133) sra     sp, a4, a4
core   0: 3 0x80003c80 (0x40e75133) x 2 0x06c3aea8
core   0: 0x80003c84 (0x4e6eee37) lui     t3, 0x4e6ee
core   0: 3 0x80003c84 (0x4e6eee37) x28 0x4e6ee000
core   0: 0x80003c88 (0x0ff0000f) fence   iorw,iorw
core   0: 3 0x80003c88 (0x0ff0000f)
core   0: 0x80003c8c (0x9e67b113) sltiu   sp, a5, -1562
core   0: 3 0x80003c8c (0x9e67b113) x 2 0x00000001
core   0: 0x80003c90 (0x0000100f) fence.i
core   0: 3 0x80003c90 (0x0000100f)
core   0: 0x80003c94 (0x000330b3) sltu    ra, t1, zero
core   0: 3 0x80003c94 (0x000330b3) x 1 0x00000000
core   0: 0x80003c98 (0x0000100f) fence.i
core   0: 3 0x80003c98 (0x0000100f)
core   0: 0x80003c9c (0xd175fd93) andi    s11, a1, -745
core   0: 3 0x80003c9c (0xd175fd93) x27 0x8002dd17
core   0: 0x80003ca0 (0x01fd46b3) xor     a3, s10, t6
core   0: 3 0x80003ca0 (0x01fd46b3) x13 0x00000008
core   0: 0x80003ca4 (0x0000100f) fence.i
core   0: 3 0x80003ca4 (0x0000100f)
core   0: 0x80003ca8 (0x41d55a33) sra     s4, a0, t4
core   0: 3 0x80003ca8 (0x41d55a33) x20 0xffffe86a
core   0: 0x80003cac (0x41ba0cb3) sub     s9, s4, s11
core   0: 3 0x80003cac (0x41ba0cb3) x25 0x7ffd0b53
core   0: 0x80003cb0 (0x48d9b593) sltiu   a1, s3, 1165
core   0: 3 0x80003cb0 (0x48d9b593) x11 0x00000000
core   0: 0x80003cb4 (0x003655b3) srl     a1, a2, gp
core   0: 3 0x80003cb4 (0x003655b3) x11 0x00000000
core   0: 0x80003cb8 (0x01c37133) and     sp, t1, t3
core   0: 3 0x80003cb8 (0x01c37133) x 2 0x00000000
core   0: 0x80003cbc (0x00000013) nop
core   0: 3 0x80003cbc (0x00000013)
core   0: 0x80003cc0 (0x410c0033) sub     zero, s8, a6
core   0: 3 0x80003cc0 (0x410c0033)
core   0: 0x80003cc4 (0x02cafc63) bgeu    s5, a2, pc + 56
core   0: 3 0x80003cc4 (0x02cafc63)
core   0: 0x80003cfc (0xd1623093) sltiu   ra, tp, -746
core   0: 3 0x80003cfc (0xd1623093) x 1 0x00000001
core   0: 0x80003d00 (0x0029d733) srl     a4, s3, sp
core   0: 3 0x80003d00 (0x0029d733) x14 0x7ffffeec
core   0: 0x80003d04 (0x2dd20213) addi    tp, tp, 733
core   0: 3 0x80003d04 (0x2dd20213) x 4 0x0c86baaa
core   0: 0x80003d08 (0x0000100f) fence.i
core   0: 3 0x80003d08 (0x0000100f)
core   0: 0x80003d0c (0x01c1abb3) slt     s7, gp, t3
core   0: 3 0x80003d0c (0x01c1abb3) x23 0x00000001
core   0: 0x80003d10 (0x0ff0000f) fence   iorw,iorw
core   0: 3 0x80003d10 (0x0ff0000f)
core   0: 0x80003d14 (0x001f20b3) slt     ra, t5, ra
core   0: 3 0x80003d14 (0x001f20b3) x 1 0x00000001
core   0: 0x80003d18 (0x2d5bff93) andi    t6, s7, 725
core   0: 3 0x80003d18 (0x2d5bff93) x31 0x00000001
core   0: 0x80003d1c (0x02918863) beq     gp, s1, pc + 48
core   0: 3 0x80003d1c (0x02918863)
core   0: 0x80003d20 (0x41e10f33) sub     t5, sp, t5
core   0: 3 0x80003d20 (0x41e10f33) x30 0x0c219cf8
core   0: 0x80003d24 (0xb17d2f93) slti    t6, s10, -1257
core   0: 3 0x80003d24 (0xb17d2f93) x31 0x00000000
core   0: 0x80003d28 (0x2b50aa93) slti    s5, ra, 693
core   0: 3 0x80003d28 (0x2b50aa93) x21 0x00000001
core   0: 0x80003d2c (0x00ddd5b3) srl     a1, s11, a3
core   0: 3 0x80003d2c (0x00ddd5b3) x11 0x008002dd
core   0: 0x80003d30 (0x00ea0633) add     a2, s4, a4
core   0: 3 0x80003d30 (0x00ea0633) x12 0x7fffe756
core   0: 0x80003d34 (0x376d4993) xori    s3, s10, 886
core   0: 3 0x80003d34 (0x376d4993) x19 0x00000376
core   0: 0x80003d38 (0x6ff4b393) sltiu   t2, s1, 1791
core   0: 3 0x80003d38 (0x6ff4b393) x 7 0x00000001
core   0: 0x80003d3c (0x0ff0000f) fence   iorw,iorw
core   0: 3 0x80003d3c (0x0ff0000f)
core   0: 0x80003d40 (0x03be8a63) beq     t4, s11, pc + 52
core   0: 3 0x80003d40 (0x03be8a63)
core   0: 0x80003d44 (0x01b87ab3) and     s5, a6, s11
core   0: 3 0x80003d44 (0x01b87ab3) x21 0x80000000
core   0: 0x80003d48 (0x0ff0000f) fence   iorw,iorw
core   0: 3 0x80003d48 (0x0ff0000f)
core   0: 0x80003d4c (0x0000100f) fence.i
core   0: 3 0x80003d4c (0x0000100f)
core   0: 0x80003d50 (0x036df263) bgeu    s11, s6, pc + 36
core   0: 3 0x80003d50 (0x036df263)
core   0: 0x80003d74 (0x00002d33) slt     s10, zero, zero
core   0: 3 0x80003d74 (0x00002d33) x26 0x00000000
core   0: 0x80003d78 (0x03926663) bltu    tp, s9, pc + 44
core   0: 3 0x80003d78 (0x03926663)
core   0: 0x80003da4 (0x01576fb3) or      t6, a4, s5
core   0: 3 0x80003da4 (0x01576fb3) x31 0xfffffeec
core   0: 0x80003da8 (0x024b6063) bltu    s6, tp, pc + 32
core   0: 3 0x80003da8 (0x024b6063)
core   0: 0x80003dc8 (0x00000013) nop
core   0: 3 0x80003dc8 (0x00000013)
core   0: 0x80003dcc (0x40c404b3) sub     s1, s0, a2
core   0: 3 0x80003dcc (0x40c404b3) x 9 0x800018aa
core   0: 0x80003dd0 (0x00899ab3) sll     s5, s3, s0
core   0: 3 0x80003dd0 (0x00899ab3) x21 0x00000376
core   0: 0x80003dd4 (0xbc0b8f13) addi    t5, s7, -1088
core   0: 3 0x80003dd4 (0xbc0b8f13) x30 0xfffffbc1
core   0: 0x80003dd8 (0x01928b33) add     s6, t0, s9
core   0: 3 0x80003dd8 (0x01928b33) x22 0xfffd0b53
core   0: 0x80003ddc (0x003d26b3) slt     a3, s10, gp
core   0: 3 0x80003ddc (0x003d26b3) x13 0x00000000
core   0: 0x80003de0 (0x03f07a63) bgeu    zero, t6, pc + 52
core   0: 3 0x80003de0 (0x03f07a63)
core   0: 0x80003de4 (0x00634cb3) xor     s9, t1, t1
core   0: 3 0x80003de4 (0x00634cb3) x25 0x00000000
core   0: 0x80003de8 (0x010cec33) or      s8, s9, a6
core   0: 3 0x80003de8 (0x010cec33) x24 0x80000000
core   0: 0x80003dec (0x0000100f) fence.i
core   0: 3 0x80003dec (0x0000100f)
core   0: 0x80003df0 (0x00a4d393) srli    t2, s1, 10
core   0: 3 0x80003df0 (0x00a4d393) x 7 0x00200006
core   0: 0x80003df4 (0x0000100f) fence.i
core   0: 3 0x80003df4 (0x0000100f)
core   0: 0x80003df8 (0x05f06663) bltu    zero, t6, pc + 76
core   0: 3 0x80003df8 (0x05f06663)
core   0: 0x80003e44 (0x00291593) slli    a1, s2, 2
core   0: 3 0x80003e44 (0x00291593) x11 0xb0ebaa10
core   0: 0x80003e48 (0x0000100f) fence.i
core   0: 3 0x80003e48 (0x0000100f)
core   0: 0x80003e4c (0x3af72613) slti    a2, a4, 943
core   0: 3 0x80003e4c (0x3af72613) x12 0x00000000
core   0: 0x80003e50 (0x00c481b3) add     gp, s1, a2
core   0: 3 0x80003e50 (0x00c481b3) x 3 0x800018aa
core   0: 0x80003e54 (0xcc6b20b7) lui     ra, 0xcc6b2
core   0: 3 0x80003e54 (0xcc6b20b7) x 1 0xcc6b2000
core   0: 0x80003e58 (0xdcc4bf13) sltiu   t5, s1, -564
core   0: 3 0x80003e58 (0xdcc4bf13) x30 0x00000001
core   0: 0x80003e5c (0x02e37663) bgeu    t1, a4, pc + 44
core   0: 3 0x80003e5c (0x02e37663)
core   0: 0x80003e60 (0x009b0eb3) add     t4, s6, s1
core   0: 3 0x80003e60 (0x009b0eb3) x29 0x7ffd23fd
core   0: 0x80003e64 (0x02405463) bge     zero, tp, pc + 40
core   0: 3 0x80003e64 (0x02405463)
core   0: 0x80003e68 (0x01fd0ab3) add     s5, s10, t6
core   0: 3 0x80003e68 (0x01fd0ab3) x21 0xfffffeec
core   0: 0x80003e6c (0x00cf8433) add     s0, t6, a2
core   0: 3 0x80003e6c (0x00cf8433) x 8 0xfffffeec
core   0: 0x80003e70 (0x4dd6b413) sltiu   s0, a3, 1245
core   0: 3 0x80003e70 (0x4dd6b413) x 8 0x00000001
core   0: 0x80003e74 (0x0ff0000f) fence   iorw,iorw
core   0: 3 0x80003e74 (0x0ff0000f)
core   0: 0x80003e78 (0x0026ac33) slt     s8, a3, sp
core   0: 3 0x80003e78 (0x0026ac33) x24 0x00000000
core   0: 0x80003e7c (0xe2683c13) sltiu   s8, a6, -474
core   0: 3 0x80003e7c (0xe2683c13) x24 0x00000001
core   0: 0x80003e80 (0x01735cb3) srl     s9, t1, s7
core   0: 3 0x80003e80 (0x01735cb3) x25 0x00000000
core   0: 0x80003e84 (0x01620e63) beq     tp, s6, pc + 28
core   0: 3 0x80003e84 (0x01620e63)
core   0: 0x80003e88 (0x0000100f) fence.i
core   0: 3 0x80003e88 (0x0000100f)
core   0: 0x80003e8c (0x6c63ac93) slti    s9, t2, 1734
core   0: 3 0x80003e8c (0x6c63ac93) x25 0x00000000
core   0: 0x80003e90 (0x023be663) bltu    s7, gp, pc + 44
core   0: 3 0x80003e90 (0x023be663)
core   0: 0x80003ebc (0x00ab5633) srl     a2, s6, a0
core   0: 3 0x80003ebc (0x00ab5633) x12 0x000fffd0
core   0: 0x80003ec0 (0x020d0463) beqz    s10, pc + 40
core   0: 3 0x80003ec0 (0x020d0463)
core   0: 0x80003ee8 (0x0369f263) bgeu    s3, s6, pc + 36
core   0: 3 0x80003ee8 (0x0369f263)
core   0: 0x80003eec (0x03144463) blt     s0, a7, pc + 40
core   0: 3 0x80003eec (0x03144463)
core   0: 0x80003ef0 (0x40efdc93) srai    s9, t6, 14
core   0: 3 0x80003ef0 (0x40efdc93) x25 0xffffffff
core   0: 0x80003ef4 (0x00489ab3) sll     s5, a7, tp
core   0: 3 0x80003ef4 (0x00489ab3) x21 0x0a339000
core   0: 0x80003ef8 (0x01db0a63) beq     s6, t4, pc + 20
core   0: 3 0x80003ef8 (0x01db0a63)
core   0: 0x80003efc (0x0000100f) fence.i
core   0: 3 0x80003efc (0x0000100f)
core   0: 0x80003f00 (0x400b0a33) sub     s4, s6, zero
core   0: 3 0x80003f00 (0x400b0a33) x20 0xfffd0b53
core   0: 0x80003f04 (0x41eb8a33) sub     s4, s7, t5
core   0: 3 0x80003f04 (0x41eb8a33) x20 0x00000000
core   0: 0x80003f08 (0x403ad493) srai    s1, s5, 3
core   0: 3 0x80003f08 (0x403ad493) x 9 0x01467200
core   0: 0x80003f0c (0x00000013) nop
core   0: 3 0x80003f0c (0x00000013)
core   0: 0x80003f10 (0x015193b3) sll     t2, gp, s5
core   0: 3 0x80003f10 (0x015193b3) x 7 0x800018aa
core   0: 0x80003f14 (0x01000cb3) add     s9, zero, a6
core   0: 3 0x80003f14 (0x01000cb3) x25 0x80000000
core   0: 0x80003f18 (0x01401c13) slli    s8, zero, 20
core   0: 3 0x80003f18 (0x01401c13) x24 0x00000000
core   0: 0x80003f1c (0x00a00593) li      a1, 10
core   0: 3 0x80003f1c (0x00a00593) x11 0x0000000a
core   0: 0x80003f20 (0x00500e13) li      t3, 5
core   0: 3 0x80003f20 (0x00500e13) x28 0x00000005
core   0: 0x80003f24 (0xb5b56093) ori     ra, a0, -1189
core   0: 3 0x80003f24 (0xb5b56093) x 1 0xffffff5f
core   0: 0x80003f28 (0xfff58593) addi    a1, a1, -1
core   0: 3 0x80003f28 (0xfff58593) x11 0x00000009
core   0: 0x80003f2c (0x00a00a13) li      s4, 10
core   0: 3 0x80003f2c (0x00a00a13) x20 0x0000000a
core   0: 0x80003f30 (0x00300193) li      gp, 3
core   0: 3 0x80003f30 (0x00300193) x 3 0x00000003
core   0: 0x80003f34 (0xb708a493) slti    s1, a7, -1168
core   0: 3 0x80003f34 (0xb708a493) x 9 0x00000001
core   0: 0x80003f38 (0xffea0a13) addi    s4, s4, -2
core   0: 3 0x80003f38 (0xffea0a13) x20 0x00000008
core   0: 0x80003f3c (0xfe3a7ce3) bgeu    s4, gp, pc - 8
core   0: 3 0x80003f3c (0xfe3a7ce3)
core   0: 0x80003f34 (0xb708a493) slti    s1, a7, -1168
core   0: 3 0x80003f34 (0xb708a493) x 9 0x00000001
core   0: 0x80003f38 (0xffea0a13) addi    s4, s4, -2
core   0: 3 0x80003f38 (0xffea0a13) x20 0x00000006
core   0: 0x80003f3c (0xfe3a7ce3) bgeu    s4, gp, pc - 8
core   0: 3 0x80003f3c (0xfe3a7ce3)
core   0: 0x80003f34 (0xb708a493) slti    s1, a7, -1168
core   0: 3 0x80003f34 (0xb708a493) x 9 0x00000001
core   0: 0x80003f38 (0xffea0a13) addi    s4, s4, -2
core   0: 3 0x80003f38 (0xffea0a13) x20 0x00000004
core   0: 0x80003f3c (0xfe3a7ce3) bgeu    s4, gp, pc - 8
core   0: 3 0x80003f3c (0xfe3a7ce3)
core   0: 0x80003f34 (0xb708a493) slti    s1, a7, -1168
core   0: 3 0x80003f34 (0xb708a493) x 9 0x00000001
core   0: 0x80003f38 (0xffea0a13) addi    s4, s4, -2
core   0: 3 0x80003f38 (0xffea0a13) x20 0x00000002
core   0: 0x80003f3c (0xfe3a7ce3) bgeu    s4, gp, pc - 8
core   0: 3 0x80003f3c (0xfe3a7ce3)
core   0: 0x80003f40 (0xf2f8ac37) lui     s8, 0xf2f8a
core   0: 3 0x80003f40 (0xf2f8ac37) x24 0xf2f8a000
core   0: 0x80003f44 (0xffc580e3) beq     a1, t3, pc - 32
core   0: 3 0x80003f44 (0xffc580e3)
core   0: 0x80003f48 (0x006b2db3) slt     s11, s6, t1
core   0: 3 0x80003f48 (0x006b2db3) x27 0x00000001
core   0: 0x80003f4c (0x41fb0033) sub     zero, s6, t6
core   0: 3 0x80003f4c (0x41fb0033)
core   0: 0x80003f50 (0xfb834e13) xori    t3, t1, -72
core   0: 3 0x80003f50 (0xfb834e13) x28 0xffffffb9
core   0: 0x80003f54 (0xa9958a97) auipc   s5, 0xa9958
core   0: 3 0x80003f54 (0xa9958a97) x21 0x2995bf54
core   0: 0x80003f58 (0x05299463) bne     s3, s2, pc + 72
core   0: 3 0x80003f58 (0x05299463)
core   0: 0x80003fa0 (0x0270de63) bge     ra, t2, pc + 60
core   0: 3 0x80003fa0 (0x0270de63)
core   0: 0x80003fdc (0x003ef2b3) and     t0, t4, gp
core   0: 3 0x80003fdc (0x003ef2b3) x 5 0x00000001
core   0: 0x80003fe0 (0xe13dc293) xori    t0, s11, -493
core   0: 3 0x80003fe0 (0xe13dc293) x 5 0xfffffe12
core   0: 0x80003fe4 (0x6ff02093) slti    ra, zero, 1791
core   0: 3 0x80003fe4 (0x6ff02093) x 1 0x00000001
core   0: 0x80003fe8 (0x41c75eb3) sra     t4, a4, t3
core   0: 3 0x80003fe8 (0x41c75eb3) x29 0x0000003f
core   0: 0x80003fec (0x00139a93) slli    s5, t2, 1
core   0: 3 0x80003fec (0x00139a93) x21 0x00003154
core   0: 0x80003ff0 (0x0000100f) fence.i
core   0: 3 0x80003ff0 (0x0000100f)
core   0: 0x80003ff4 (0x01bbf463) bgeu    s7, s11, pc + 8
core   0: 3 0x80003ff4 (0x01bbf463)
core   0: 0x80003ffc (0x9f38f597) auipc   a1, 0x9f38f
core   0: 3 0x80003ffc (0x9f38f597) x11 0x1f392ffc
core   0: 0x80004000 (0x0230c863) blt     ra, gp, pc + 48
core   0: 3 0x80004000 (0x0230c863)
core   0: 0x80004030 (0x2694e393) ori     t2, s1, 617
core   0: 3 0x80004030 (0x2694e393) x 7 0x00000269
core   0: 0x80004034 (0xdcb74f13) xori    t5, a4, -565
core   0: 3 0x80004034 (0xdcb74f13) x30 0x80000327
core   0: 0x80004038 (0x90beaf13) slti    t5, t4, -1781
core   0: 3 0x80004038 (0x90beaf13) x30 0x00000000
core   0: 0x8000403c (0x03e20c63) beq     tp, t5, pc + 56
core   0: 3 0x8000403c (0x03e20c63)
core   0: 0x80004040 (0x019af433) and     s0, s5, s9
core   0: 3 0x80004040 (0x019af433) x 8 0x00000000
core   0: 0x80004044 (0x14a9fa93) andi    s5, s3, 330
core   0: 3 0x80004044 (0x14a9fa93) x21 0x00000142
core   0: 0x80004048 (0x012dec33) or      s8, s11, s2
core   0: 3 0x80004048 (0x012dec33) x24 0x6c3aea85
core   0: 0x8000404c (0x02026263) bltu    tp, zero, pc + 36
core   0: 3 0x8000404c (0x02026263)
core   0: 0x80004050 (0x02156013) ori     zero, a0, 33
core   0: 3 0x80004050 (0x02156013)
core   0: 0x80004054 (0x01c5f633) and     a2, a1, t3
core   0: 3 0x80004054 (0x01c5f633) x12 0x1f392fb8
core   0: 0x80004058 (0x014eeab3) or      s5, t4, s4
core   0: 3 0x80004058 (0x014eeab3) x21 0x0000003f
core   0: 0x8000405c (0x63eb74b7) lui     s1, 0x63eb7
core   0: 3 0x8000405c (0x63eb74b7) x 9 0x63eb7000
core   0: 0x80004060 (0xd9963fb7) lui     t6, 0xd9963
core   0: 3 0x80004060 (0xd9963fb7) x31 0xd9963000
core   0: 0x80004064 (0x8b480013) addi    zero, a6, -1868
core   0: 3 0x80004064 (0x8b480013)
core   0: 0x80004068 (0x417bd033) sra     zero, s7, s7
core   0: 3 0x80004068 (0x417bd033)
core   0: 0x8000406c (0xaa645b17) auipc   s6, 0xaa645
core   0: 3 0x8000406c (0xaa645b17) x22 0x2a64906c
core   0: 0x80004070 (0x6701cd13) xori    s10, gp, 1648
core   0: 3 0x80004070 (0x6701cd13) x26 0x00000673
core   0: 0x80004074 (0x00c953b3) srl     t2, s2, a2
core   0: 3 0x80004074 (0x00c953b3) x 7 0x0000006c
core   0: 0x80004078 (0xc33a0e13) addi    t3, s4, -973
core   0: 3 0x80004078 (0xc33a0e13) x28 0xfffffc35
core   0: 0x8000407c (0x04949663) bne     s1, s1, pc + 76
core   0: 3 0x8000407c (0x04949663)
core   0: 0x80004080 (0x004d9693) slli    a3, s11, 4
core   0: 3 0x80004080 (0x004d9693) x13 0x00000010
core   0: 0x80004084 (0x05a0aa13) slti    s4, ra, 90
core   0: 3 0x80004084 (0x05a0aa13) x20 0x00000001
core   0: 0x80004088 (0x04647663) bgeu    s0, t1, pc + 76
core   0: 3 0x80004088 (0x04647663)
core   0: 0x8000408c (0x40308cb3) sub     s9, ra, gp
core   0: 3 0x8000408c (0x40308cb3) x25 0xfffffffe
core   0: 0x80004090 (0x33f7e913) ori     s2, a5, 831
core   0: 3 0x80004090 (0x33f7e913) x18 0x80024f3f
core   0: 0x80004094 (0x04541463) bne     s0, t0, pc + 72
core   0: 3 0x80004094 (0x04541463)
core   0: 0x800040dc (0x00f58a63) beq     a1, a5, pc + 20
core   0: 3 0x800040dc (0x00f58a63)
core   0: 0x800040e0 (0x018bd263) bge     s7, s8, pc + 4
core   0: 3 0x800040e0 (0x018bd263)
core   0: 0x800040e4 (0x25c8fc13) andi    s8, a7, 604
core   0: 3 0x800040e4 (0x25c8fc13) x24 0x00000044
core   0: 0x800040e8 (0x000a5eb3) srl     t4, s4, zero
core   0: 3 0x800040e8 (0x000a5eb3) x29 0x00000001
core   0: 0x800040ec (0xc930ce13) xori    t3, ra, -877
core   0: 3 0x800040ec (0xc930ce13) x28 0xfffffc92
core   0: 0x800040f0 (0x01466333) or      t1, a2, s4
core   0: 3 0x800040f0 (0x01466333) x 6 0x1f392fb9
core   0: 0x800040f4 (0x60454237) lui     tp, 0x60454
core   0: 3 0x800040f4 (0x60454237) x 4 0x60454000
core   0: 0x800040f8 (0x0148db33) srl     s6, a7, s4
core   0: 3 0x800040f8 (0x0148db33) x22 0x40014672
core   0: 0x800040fc (0x012c8a33) add     s4, s9, s2
core   0: 3 0x800040fc (0x012c8a33) x20 0x80024f3d
core   0: 0x80004100 (0x00ebdcb3) srl     s9, s7, a4
core   0: 3 0x80004100 (0x00ebdcb3) x25 0x00000000
core   0: 0x80004104 (0x0075acb3) slt     s9, a1, t2
core   0: 3 0x80004104 (0x0075acb3) x25 0x00000000
core   0: 0x80004108 (0x030c1863) bne     s8, a6, pc + 48
core   0: 3 0x80004108 (0x030c1863)
core   0: 0x80004138 (0x00c7bcb3) sltu    s9, a5, a2
core   0: 3 0x80004138 (0x00c7bcb3) x25 0x00000000
core   0: 0x8000413c (0x01bc52b3) srl     t0, s8, s11
core   0: 3 0x8000413c (0x01bc52b3) x 5 0x00000022
core   0: 0x80004140 (0x00000013) nop
core   0: 3 0x80004140 (0x00000013)
core   0: 0x80004144 (0x0c8fadb7) lui     s11, 0xc8fa
core   0: 3 0x80004144 (0x0c8fadb7) x27 0x0c8fa000
core   0: 0x80004148 (0x00f21393) slli    t2, tp, 15
core   0: 3 0x80004148 (0x00f21393) x 7 0xa0000000
core   0: 0x8000414c (0x0047a983) lw      s3, 4(a5)
core   0: 3 0x8000414c (0x0047a983) x19 0x800022c8 mem 0x80024e38
core   0: 0x80004150 (0x01a2e6b3) or      a3, t0, s10
core   0: 3 0x80004150 (0x01a2e6b3) x13 0x00000673
core   0: 0x80004154 (0x06fab113) sltiu   sp, s5, 111
core   0: 3 0x80004154 (0x06fab113) x 2 0x00000001
core   0: 0x80004158 (0x03078793) addi    a5, a5, 48
core   0: 3 0x80004158 (0x03078793) x15 0x80024e64
core   0: 0x8000415c (0x416e51b3) sra     gp, t3, s6
core   0: 3 0x8000415c (0x416e51b3) x 3 0xffffffff
core   0: 0x80004160 (0x6b234413) xori    s0, t1, 1714
core   0: 3 0x80004160 (0x6b234413) x 8 0x1f39290b
core   0: 0x80004164 (0x00198513) addi    a0, s3, 1
core   0: 3 0x80004164 (0x00198513) x10 0x800022c9
core   0: 0x80004168 (0x00050567) jalr    a0, a0, 0
core   0: 3 0x80004168 (0x00050567) x10 0x8000416c
core   0: 0x800022c8 (0x6bb36e37) lui     t3, 0x6bb36
core   0: 3 0x800022c8 (0x6bb36e37) x28 0x6bb36000
core   0: 0x800022cc (0x015e1263) bne     t3, s5, pc + 4
core   0: 3 0x800022cc (0x015e1263)
core   0: 0x800022d0 (0xd6cbcc93) xori    s9, s7, -660
core   0: 3 0x800022d0 (0xd6cbcc93) x25 0xfffffd6d
core   0: 0x800022d4 (0x00000817) auipc   a6, 0x0
core   0: 3 0x800022d4 (0x00000817) x16 0x800022d4
core   0: 0x800022d8 (0x00c80813) addi    a6, a6, 12
core   0: 3 0x800022d8 (0x00c80813) x16 0x800022e0
core   0: 0x800022dc (0x00080067) jr      a6
core   0: 3 0x800022dc (0x00080067)
core   0: 0x800022e0 (0x00100193) li      gp, 1
core   0: 3 0x800022e0 (0x00100193) x 3 0x00000001
core   0: 0x800022e4 (0x00000073) ecall
core   0: exception trap_machine_ecall, epc 0x800022e4
core   0: >>>>  mtvec_handler
core   0: 0x8000e610 (0x0400006f) j       pc + 0x40
core   0: 3 0x8000e610 (0x0400006f)
core   0: 0x8000e650 (0xffc88893) addi    a7, a7, -4
core   0: 3 0x8000e650 (0xffc88893) x17 0x80028ce0
core   0: 0x8000e654 (0x00f8a023) sw      a5, 0(a7)
core   0: 3 0x8000e654 (0x00f8a023) mem 0x80028ce0 0x80024e64
core   0: 0x8000e658 (0x000887b3) add     a5, a7, zero
core   0: 3 0x8000e658 (0x000887b3) x15 0x80028ce0
core   0: 0x8000e65c (0xf8078793) addi    a5, a5, -128
core   0: 3 0x8000e65c (0xf8078793) x15 0x80028c60
core   0: 0x8000e660 (0x0017a223) sw      ra, 4(a5)
core   0: 3 0x8000e660 (0x0017a223) mem 0x80028c64 0x00000001
core   0: 0x8000e664 (0x0027a423) sw      sp, 8(a5)
core   0: 3 0x8000e664 (0x0027a423) mem 0x80028c68 0x00000001
core   0: 0x8000e668 (0x0037a623) sw      gp, 12(a5)
core   0: 3 0x8000e668 (0x0037a623) mem 0x80028c6c 0x00000001
core   0: 0x8000e66c (0x0047a823) sw      tp, 16(a5)
core   0: 3 0x8000e66c (0x0047a823) mem 0x80028c70 0x60454000
core   0: 0x8000e670 (0x0057aa23) sw      t0, 20(a5)
core   0: 3 0x8000e670 (0x0057aa23) mem 0x80028c74 0x00000022
core   0: 0x8000e674 (0x0067ac23) sw      t1, 24(a5)
core   0: 3 0x8000e674 (0x0067ac23) mem 0x80028c78 0x1f392fb9
core   0: 0x8000e678 (0x0077ae23) sw      t2, 28(a5)
core   0: 3 0x8000e678 (0x0077ae23) mem 0x80028c7c 0xa0000000
core   0: 0x8000e67c (0x0287a023) sw      s0, 32(a5)
core   0: 3 0x8000e67c (0x0287a023) mem 0x80028c80 0x1f39290b
core   0: 0x8000e680 (0x0297a223) sw      s1, 36(a5)
core   0: 3 0x8000e680 (0x0297a223) mem 0x80028c84 0x63eb7000
core   0: 0x8000e684 (0x02a7a423) sw      a0, 40(a5)
core   0: 3 0x8000e684 (0x02a7a423) mem 0x80028c88 0x8000416c
core   0: 0x8000e688 (0x02b7a623) sw      a1, 44(a5)
core   0: 3 0x8000e688 (0x02b7a623) mem 0x80028c8c 0x1f392ffc
core   0: 0x8000e68c (0x02c7a823) sw      a2, 48(a5)
core   0: 3 0x8000e68c (0x02c7a823) mem 0x80028c90 0x1f392fb8
core   0: 0x8000e690 (0x02d7aa23) sw      a3, 52(a5)
core   0: 3 0x8000e690 (0x02d7aa23) mem 0x80028c94 0x00000673
core   0: 0x8000e694 (0x02e7ac23) sw      a4, 56(a5)
core   0: 3 0x8000e694 (0x02e7ac23) mem 0x80028c98 0x7ffffeec
core   0: 0x8000e698 (0x02f7ae23) sw      a5, 60(a5)
core   0: 3 0x8000e698 (0x02f7ae23) mem 0x80028c9c 0x80028c60
core   0: 0x8000e69c (0x0507a023) sw      a6, 64(a5)
core   0: 3 0x8000e69c (0x0507a023) mem 0x80028ca0 0x800022e0
core   0: 0x8000e6a0 (0x0517a223) sw      a7, 68(a5)
core   0: 3 0x8000e6a0 (0x0517a223) mem 0x80028ca4 0x80028ce0
core   0: 0x8000e6a4 (0x0527a423) sw      s2, 72(a5)
core   0: 3 0x8000e6a4 (0x0527a423) mem 0x80028ca8 0x80024f3f
core   0: 0x8000e6a8 (0x0537a623) sw      s3, 76(a5)
core   0: 3 0x8000e6a8 (0x0537a623) mem 0x80028cac 0x800022c8
core   0: 0x8000e6ac (0x0547a823) sw      s4, 80(a5)
core   0: 3 0x8000e6ac (0x0547a823) mem 0x80028cb0 0x80024f3d
core   0: 0x8000e6b0 (0x0557aa23) sw      s5, 84(a5)
core   0: 3 0x8000e6b0 (0x0557aa23) mem 0x80028cb4 0x0000003f
core   0: 0x8000e6b4 (0x0567ac23) sw      s6, 88(a5)
core   0: 3 0x8000e6b4 (0x0567ac23) mem 0x80028cb8 0x40014672
core   0: 0x8000e6b8 (0x0577ae23) sw      s7, 92(a5)
core   0: 3 0x8000e6b8 (0x0577ae23) mem 0x80028cbc 0x00000001
core   0: 0x8000e6bc (0x0787a023) sw      s8, 96(a5)
core   0: 3 0x8000e6bc (0x0787a023) mem 0x80028cc0 0x00000044
core   0: 0x8000e6c0 (0x0797a223) sw      s9, 100(a5)
core   0: 3 0x8000e6c0 (0x0797a223) mem 0x80028cc4 0xfffffd6d
core   0: 0x8000e6c4 (0x07a7a423) sw      s10, 104(a5)
core   0: 3 0x8000e6c4 (0x07a7a423) mem 0x80028cc8 0x00000673
core   0: 0x8000e6c8 (0x07b7a623) sw      s11, 108(a5)
core   0: 3 0x8000e6c8 (0x07b7a623) mem 0x80028ccc 0x0c8fa000
core   0: 0x8000e6cc (0x07c7a823) sw      t3, 112(a5)
core   0: 3 0x8000e6cc (0x07c7a823) mem 0x80028cd0 0x6bb36000
core   0: 0x8000e6d0 (0x07d7aa23) sw      t4, 116(a5)
core   0: 3 0x8000e6d0 (0x07d7aa23) mem 0x80028cd4 0x00000001
core   0: 0x8000e6d4 (0x07e7ac23) sw      t5, 120(a5)
core   0: 3 0x8000e6d4 (0x07e7ac23) mem 0x80028cd8 0x00000000
core   0: 0x8000e6d8 (0x07f7ae23) sw      t6, 124(a5)
core   0: 3 0x8000e6d8 (0x07f7ae23) mem 0x80028cdc 0xd9963000
core   0: 0x8000e6dc (0x000788b3) add     a7, a5, zero
core   0: 3 0x8000e6dc (0x000788b3) x17 0x80028c60
core   0: 0x8000e6e0 (0x34102b73) csrr    s6, mepc
core   0: 3 0x8000e6e0 (0x34102b73) x22 0x800022e4
core   0: 0x8000e6e4 (0x34202b73) csrr    s6, mcause
core   0: 3 0x8000e6e4 (0x34202b73) x22 0x0000000b
core   0: 0x8000e6e8 (0x00300c93) li      s9, 3
core   0: 3 0x8000e6e8 (0x00300c93) x25 0x00000003
core   0: 0x8000e6ec (0x2b9b0a63) beq     s6, s9, pc + 692
core   0: 3 0x8000e6ec (0x2b9b0a63)
core   0: 0x8000e6f0 (0x00800c93) li      s9, 8
core   0: 3 0x8000e6f0 (0x00800c93) x25 0x00000008
core   0: 0x8000e6f4 (0x059b0e63) beq     s6, s9, pc + 92
core   0: 3 0x8000e6f4 (0x059b0e63)
core   0: 0x8000e6f8 (0x00900c93) li      s9, 9
core   0: 3 0x8000e6f8 (0x00900c93) x25 0x00000009
core   0: 0x8000e6fc (0x059b0a63) beq     s6, s9, pc + 84
core   0: 3 0x8000e6fc (0x059b0a63)
core   0: 0x8000e700 (0x00b00c93) li      s9, 11
core   0: 3 0x8000e700 (0x00b00c93) x25 0x0000000b
core   0: 0x8000e704 (0x059b0663) beq     s6, s9, pc + 76
core   0: 3 0x8000e704 (0x059b0663)
core   0: 0x8000e750 (0xffff2b17) auipc   s6, 0xffff2
core   0: 3 0x8000e750 (0xffff2b17) x22 0x80000750
core   0: 0x8000e754 (0x8b0b0b13) addi    s6, s6, -1872
core   0: 3 0x8000e754 (0x8b0b0b13) x22 0x80000000
core   0: 0x8000e758 (0x000b2023) sw      zero, 0(s6)
core   0: 3 0x8000e758 (0x000b2023) mem 0x80000000 0x00000000
core   0: 0x8000e75c (0x001b2223) sw      ra, 4(s6)
core   0: 3 0x8000e75c (0x001b2223) mem 0x80000004 0x00000001
core   0: 0x8000e760 (0x002b2423) sw      sp, 8(s6)
core   0: 3 0x8000e760 (0x002b2423) mem 0x80000008 0x00000001
core   0: 0x8000e764 (0x003b2623) sw      gp, 12(s6)
core   0: 3 0x8000e764 (0x003b2623) mem 0x8000000c 0x00000001
core   0: 0x8000e768 (0x004b2823) sw      tp, 16(s6)
core   0: 3 0x8000e768 (0x004b2823) mem 0x80000010 0x60454000
core   0: 0x8000e76c (0x005b2a23) sw      t0, 20(s6)
core   0: 3 0x8000e76c (0x005b2a23) mem 0x80000014 0x00000022
core   0: 0x8000e770 (0x006b2c23) sw      t1, 24(s6)
core   0: 3 0x8000e770 (0x006b2c23) mem 0x80000018 0x1f392fb9
core   0: 0x8000e774 (0x007b2e23) sw      t2, 28(s6)
core   0: 3 0x8000e774 (0x007b2e23) mem 0x8000001c 0xa0000000
core   0: 0x8000e778 (0x028b2023) sw      s0, 32(s6)
core   0: 3 0x8000e778 (0x028b2023) mem 0x80000020 0x1f39290b
core   0: 0x8000e77c (0x029b2223) sw      s1, 36(s6)
core   0: 3 0x8000e77c (0x029b2223) mem 0x80000024 0x63eb7000
core   0: 0x8000e780 (0x02ab2423) sw      a0, 40(s6)
core   0: 3 0x8000e780 (0x02ab2423) mem 0x80000028 0x8000416c
core   0: 0x8000e784 (0x02bb2623) sw      a1, 44(s6)
core   0: 3 0x8000e784 (0x02bb2623) mem 0x8000002c 0x1f392ffc
core   0: 0x8000e788 (0x02cb2823) sw      a2, 48(s6)
core   0: 3 0x8000e788 (0x02cb2823) mem 0x80000030 0x1f392fb8
core   0: 0x8000e78c (0x02db2a23) sw      a3, 52(s6)
core   0: 3 0x8000e78c (0x02db2a23) mem 0x80000034 0x00000673
core   0: 0x8000e790 (0x02eb2c23) sw      a4, 56(s6)
core   0: 3 0x8000e790 (0x02eb2c23) mem 0x80000038 0x7ffffeec
core   0: 0x8000e794 (0x02fb2e23) sw      a5, 60(s6)
core   0: 3 0x8000e794 (0x02fb2e23) mem 0x8000003c 0x80028c60
core   0: 0x8000e798 (0x050b2023) sw      a6, 64(s6)
core   0: 3 0x8000e798 (0x050b2023) mem 0x80000040 0x800022e0
core   0: 0x8000e79c (0x051b2223) sw      a7, 68(s6)
core   0: 3 0x8000e79c (0x051b2223) mem 0x80000044 0x80028c60
core   0: 0x8000e7a0 (0x052b2423) sw      s2, 72(s6)
core   0: 3 0x8000e7a0 (0x052b2423) mem 0x80000048 0x80024f3f
core   0: 0x8000e7a4 (0x053b2623) sw      s3, 76(s6)
core   0: 3 0x8000e7a4 (0x053b2623) mem 0x8000004c 0x800022c8
core   0: 0x8000e7a8 (0x054b2823) sw      s4, 80(s6)
core   0: 3 0x8000e7a8 (0x054b2823) mem 0x80000050 0x80024f3d
core   0: 0x8000e7ac (0x055b2a23) sw      s5, 84(s6)
core   0: 3 0x8000e7ac (0x055b2a23) mem 0x80000054 0x0000003f
core   0: 0x8000e7b0 (0x056b2c23) sw      s6, 88(s6)
core   0: 3 0x8000e7b0 (0x056b2c23) mem 0x80000058 0x80000000
core   0: 0x8000e7b4 (0x057b2e23) sw      s7, 92(s6)
core   0: 3 0x8000e7b4 (0x057b2e23) mem 0x8000005c 0x00000001
core   0: 0x8000e7b8 (0x078b2023) sw      s8, 96(s6)
core   0: 3 0x8000e7b8 (0x078b2023) mem 0x80000060 0x00000044
core   0: 0x8000e7bc (0x079b2223) sw      s9, 100(s6)
core   0: 3 0x8000e7bc (0x079b2223) mem 0x80000064 0x0000000b
core   0: 0x8000e7c0 (0x07ab2423) sw      s10, 104(s6)
core   0: 3 0x8000e7c0 (0x07ab2423) mem 0x80000068 0x00000673
core   0: 0x8000e7c4 (0x07bb2623) sw      s11, 108(s6)
core   0: 3 0x8000e7c4 (0x07bb2623) mem 0x8000006c 0x0c8fa000
core   0: 0x8000e7c8 (0x07cb2823) sw      t3, 112(s6)
core   0: 3 0x8000e7c8 (0x07cb2823) mem 0x80000070 0x6bb36000
core   0: 0x8000e7cc (0x07db2a23) sw      t4, 116(s6)
core   0: 3 0x8000e7cc (0x07db2a23) mem 0x80000074 0x00000001
core   0: 0x8000e7d0 (0x07eb2c23) sw      t5, 120(s6)
core   0: 3 0x8000e7d0 (0x07eb2c23) mem 0x80000078 0x00000000
core   0: 0x8000e7d4 (0x07fb2e23) sw      t6, 124(s6)
core   0: 3 0x8000e7d4 (0x07fb2e23) mem 0x8000007c 0xd9963000
core   0: 0x8000e7d8 (0xfffff817) auipc   a6, 0xfffff
core   0: 3 0x8000e7d8 (0xfffff817) x16 0x8000d7d8
core   0: 0x8000e7dc (0x40880813) addi    a6, a6, 1032
core   0: 3 0x8000e7dc (0x40880813) x16 0x8000dbe0
core   0: 0x8000e7e0 (0x00080067) jr      a6
core   0: 3 0x8000e7e0 (0x00080067)
core   0: 0x8000dbe0 (0x00001f17) auipc   t5, 0x1
core   0: 3 0x8000dbe0 (0x00001f17) x30 0x8000ebe0
core   0: 0x8000dbe4 (0x423f2023) sw      gp, 1056(t5)
core   0: 3 0x8000dbe4 (0x423f2023) mem 0x8000f000 0x00000001
core   0: 0x8000dbe8 (0xff9ff06f) j       pc - 0x8
core   0: 3 0x8000dbe8 (0xff9ff06f)
core   0: 0x8000dbe0 (0x00001f17) auipc   t5, 0x1
core   0: 3 0x8000dbe0 (0x00001f17) x30 0x8000ebe0
core   0: 0x8000dbe4 (0x423f2023) sw      gp, 1056(t5)
core   0: 3 0x8000dbe4 (0x423f2023) mem 0x8000f000 0x00000001
core   0: 0x8000dbe8 (0xff9ff06f) j       pc - 0x8
core   0: 3 0x8000dbe8 (0xff9ff06f)
core   0: 0x8000dbe0 (0x00001f17) auipc   t5, 0x1
core   0: 3 0x8000dbe0 (0x00001f17) x30 0x8000ebe0
core   0: 0x8000dbe4 (0x423f2023) sw      gp, 1056(t5)
core   0: 3 0x8000dbe4 (0x423f2023) mem 0x8000f000 0x00000001
core   0: 0x8000dbe8 (0xff9ff06f) j       pc - 0x8
core   0: 3 0x8000dbe8 (0xff9ff06f)
core   0: 0x8000dbe0 (0x00001f17) auipc   t5, 0x1
core   0: 3 0x8000dbe0 (0x00001f17) x30 0x8000ebe0
core   0: 0x8000dbe4 (0x423f2023) sw      gp, 1056(t5)
core   0: 3 0x8000dbe4 (0x423f2023) mem 0x8000f000 0x00000001
core   0: 0x8000dbe8 (0xff9ff06f) j       pc - 0x8
core   0: 3 0x8000dbe8 (0xff9ff06f)
core   0: 0x8000dbe0 (0x00001f17) auipc   t5, 0x1
core   0: 3 0x8000dbe0 (0x00001f17) x30 0x8000ebe0
core   0: 0x8000dbe4 (0x423f2023) sw      gp, 1056(t5)
core   0: 3 0x8000dbe4 (0x423f2023) mem 0x8000f000 0x00000001
core   0: 0x8000dbe8 (0xff9ff06f) j       pc - 0x8
core   0: 3 0x8000dbe8 (0xff9ff06f)
core   0: 0x8000dbe0 (0x00001f17) auipc   t5, 0x1
core   0: 3 0x8000dbe0 (0x00001f17) x30 0x8000ebe0
core   0: 0x8000dbe4 (0x423f2023) sw      gp, 1056(t5)
core   0: 3 0x8000dbe4 (0x423f2023) mem 0x8000f000 0x00000001
core   0: 0x8000dbe8 (0xff9ff06f) j       pc - 0x8
core   0: 3 0x8000dbe8 (0xff9ff06f)
core   0: 0x8000dbe0 (0x00001f17) auipc   t5, 0x1
core   0: 3 0x8000dbe0 (0x00001f17) x30 0x8000ebe0
core   0: 0x8000dbe4 (0x423f2023) sw      gp, 1056(t5)
core   0: 3 0x8000dbe4 (0x423f2023) mem 0x8000f000 0x00000001
core   0: 0x8000dbe8 (0xff9ff06f) j       pc - 0x8
core   0: 3 0x8000dbe8 (0xff9ff06f)
core   0: 0x8000dbe0 (0x00001f17) auipc   t5, 0x1
core   0: 3 0x8000dbe0 (0x00001f17) x30 0x8000ebe0
core   0: 0x8000dbe4 (0x423f2023) sw      gp, 1056(t5)
core   0: 3 0x8000dbe4 (0x423f2023) mem 0x8000f000 0x00000001
core   0: 0x8000dbe8 (0xff9ff06f) j       pc - 0x8
core   0: 3 0x8000dbe8 (0xff9ff06f)
core   0: 0x8000dbe0 (0x00001f17) auipc   t5, 0x1
core   0: 3 0x8000dbe0 (0x00001f17) x30 0x8000ebe0
core   0: 0x8000dbe4 (0x423f2023) sw      gp, 1056(t5)
core   0: 3 0x8000dbe4 (0x423f2023) mem 0x8000f000 0x00000001
core   0: 0x8000dbe8 (0xff9ff06f) j       pc - 0x8
core   0: 3 0x8000dbe8 (0xff9ff06f)
core   0: 0x8000dbe0 (0x00001f17) auipc   t5, 0x1
core   0: 3 0x8000dbe0 (0x00001f17) x30 0x8000ebe0
core   0: 0x8000dbe4 (0x423f2023) sw      gp, 1056(t5)
core   0: 3 0x8000dbe4 (0x423f2023) mem 0x8000f000 0x00000001
core   0: 0x8000dbe8 (0xff9ff06f) j       pc - 0x8
core   0: 3 0x8000dbe8 (0xff9ff06f)
core   0: 0x8000dbe0 (0x00001f17) auipc   t5, 0x1
core   0: 3 0x8000dbe0 (0x00001f17) x30 0x8000ebe0
core   0: 0x8000dbe4 (0x423f2023) sw      gp, 1056(t5)
core   0: 3 0x8000dbe4 (0x423f2023) mem 0x8000f000 0x00000001
core   0: 0x8000dbe8 (0xff9ff06f) j       pc - 0x8
core   0: 3 0x8000dbe8 (0xff9ff06f)
core   0: 0x8000dbe0 (0x00001f17) auipc   t5, 0x1
core   0: 3 0x8000dbe0 (0x00001f17) x30 0x8000ebe0
core   0: 0x8000dbe4 (0x423f2023) sw      gp, 1056(t5)
core   0: 3 0x8000dbe4 (0x423f2023) mem 0x8000f000 0x00000001
core   0: 0x8000dbe8 (0xff9ff06f) j       pc - 0x8
core   0: 3 0x8000dbe8 (0xff9ff06f)
core   0: 0x8000dbe0 (0x00001f17) auipc   t5, 0x1
core   0: 3 0x8000dbe0 (0x00001f17) x30 0x8000ebe0
core   0: 0x8000dbe4 (0x423f2023) sw      gp, 1056(t5)
core   0: 3 0x8000dbe4 (0x423f2023) mem 0x8000f000 0x00000001
core   0: 0x8000dbe8 (0xff9ff06f) j       pc - 0x8
core   0: 3 0x8000dbe8 (0xff9ff06f)
core   0: 0x8000dbe0 (0x00001f17) auipc   t5, 0x1
core   0: 3 0x8000dbe0 (0x00001f17) x30 0x8000ebe0
core   0: 0x8000dbe4 (0x423f2023) sw      gp, 1056(t5)
core   0: 3 0x8000dbe4 (0x423f2023) mem 0x8000f000 0x00000001
core   0: 0x8000dbe8 (0xff9ff06f) j       pc - 0x8
core   0: 3 0x8000dbe8 (0xff9ff06f)
core   0: 0x8000dbe0 (0x00001f17) auipc   t5, 0x1
core   0: 3 0x8000dbe0 (0x00001f17) x30 0x8000ebe0
core   0: 0x8000dbe4 (0x423f2023) sw      gp, 1056(t5)
core   0: 3 0x8000dbe4 (0x423f2023) mem 0x8000f000 0x00000001
core   0: 0x8000dbe8 (0xff9ff06f) j       pc - 0x8
core   0: 3 0x8000dbe8 (0xff9ff06f)
core   0: 0x8000dbe0 (0x00001f17) auipc   t5, 0x1
core   0: 3 0x8000dbe0 (0x00001f17) x30 0x8000ebe0
core   0: 0x8000dbe4 (0x423f2023) sw      gp, 1056(t5)
core   0: 3 0x8000dbe4 (0x423f2023) mem 0x8000f000 0x00000001
core   0: 0x8000dbe8 (0xff9ff06f) j       pc - 0x8
core   0: 3 0x8000dbe8 (0xff9ff06f)
core   0: 0x8000dbe0 (0x00001f17) auipc   t5, 0x1
core   0: 3 0x8000dbe0 (0x00001f17) x30 0x8000ebe0
core   0: 0x8000dbe4 (0x423f2023) sw      gp, 1056(t5)
core   0: 3 0x8000dbe4 (0x423f2023) mem 0x8000f000 0x00000001
core   0: 0x8000dbe8 (0xff9ff06f) j       pc - 0x8
core   0: 3 0x8000dbe8 (0xff9ff06f)
core   0: 0x8000dbe0 (0x00001f17) auipc   t5, 0x1
core   0: 3 0x8000dbe0 (0x00001f17) x30 0x8000ebe0
core   0: 0x8000dbe4 (0x423f2023) sw      gp, 1056(t5)
core   0: 3 0x8000dbe4 (0x423f2023) mem 0x8000f000 0x00000001
core   0: 0x8000dbe8 (0xff9ff06f) j       pc - 0x8
core   0: 3 0x8000dbe8 (0xff9ff06f)
core   0: 0x8000dbe0 (0x00001f17) auipc   t5, 0x1
core   0: 3 0x8000dbe0 (0x00001f17) x30 0x8000ebe0
core   0: 0x8000dbe4 (0x423f2023) sw      gp, 1056(t5)
core   0: 3 0x8000dbe4 (0x423f2023) mem 0x8000f000 0x00000001
core   0: 0x8000dbe8 (0xff9ff06f) j       pc - 0x8
core   0: 3 0x8000dbe8 (0xff9ff06f)
core   0: 0x8000dbe0 (0x00001f17) auipc   t5, 0x1
core   0: 3 0x8000dbe0 (0x00001f17) x30 0x8000ebe0
core   0: 0x8000dbe4 (0x423f2023) sw      gp, 1056(t5)
core   0: 3 0x8000dbe4 (0x423f2023) mem 0x8000f000 0x00000001
core   0: 0x8000dbe8 (0xff9ff06f) j       pc - 0x8
core   0: 3 0x8000dbe8 (0xff9ff06f)
core   0: 0x8000dbe0 (0x00001f17) auipc   t5, 0x1
core   0: 3 0x8000dbe0 (0x00001f17) x30 0x8000ebe0
core   0: 0x8000dbe4 (0x423f2023) sw      gp, 1056(t5)
core   0: 3 0x8000dbe4 (0x423f2023) mem 0x8000f000 0x00000001
core   0: 0x8000dbe8 (0xff9ff06f) j       pc - 0x8
core   0: 3 0x8000dbe8 (0xff9ff06f)
core   0: 0x8000dbe0 (0x00001f17) auipc   t5, 0x1
core   0: 3 0x8000dbe0 (0x00001f17) x30 0x8000ebe0
core   0: 0x8000dbe4 (0x423f2023) sw      gp, 1056(t5)
core   0: 3 0x8000dbe4 (0x423f2023) mem 0x8000f000 0x00000001
core   0: 0x8000dbe8 (0xff9ff06f) j       pc - 0x8
core   0: 3 0x8000dbe8 (0xff9ff06f)
core   0: 0x8000dbe0 (0x00001f17) auipc   t5, 0x1
core   0: 3 0x8000dbe0 (0x00001f17) x30 0x8000ebe0
core   0: 0x8000dbe4 (0x423f2023) sw      gp, 1056(t5)
core   0: 3 0x8000dbe4 (0x423f2023) mem 0x8000f000 0x00000001
core   0: 0x8000dbe8 (0xff9ff06f) j       pc - 0x8
core   0: 3 0x8000dbe8 (0xff9ff06f)
core   0: 0x8000dbe0 (0x00001f17) auipc   t5, 0x1
core   0: 3 0x8000dbe0 (0x00001f17) x30 0x8000ebe0
core   0: 0x8000dbe4 (0x423f2023) sw      gp, 1056(t5)
core   0: 3 0x8000dbe4 (0x423f2023) mem 0x8000f000 0x00000001
core   0: 0x8000dbe8 (0xff9ff06f) j       pc - 0x8
core   0: 3 0x8000dbe8 (0xff9ff06f)
core   0: 0x8000dbe0 (0x00001f17) auipc   t5, 0x1
core   0: 3 0x8000dbe0 (0x00001f17) x30 0x8000ebe0
core   0: 0x8000dbe4 (0x423f2023) sw      gp, 1056(t5)
core   0: 3 0x8000dbe4 (0x423f2023) mem 0x8000f000 0x00000001
core   0: 0x8000dbe8 (0xff9ff06f) j       pc - 0x8
core   0: 3 0x8000dbe8 (0xff9ff06f)
core   0: 0x8000dbe0 (0x00001f17) auipc   t5, 0x1
core   0: 3 0x8000dbe0 (0x00001f17) x30 0x8000ebe0
core   0: 0x8000dbe4 (0x423f2023) sw      gp, 1056(t5)
core   0: 3 0x8000dbe4 (0x423f2023) mem 0x8000f000 0x00000001
core   0: 0x8000dbe8 (0xff9ff06f) j       pc - 0x8
core   0: 3 0x8000dbe8 (0xff9ff06f)
core   0: 0x8000dbe0 (0x00001f17) auipc   t5, 0x1
core   0: 3 0x8000dbe0 (0x00001f17) x30 0x8000ebe0
core   0: 0x8000dbe4 (0x423f2023) sw      gp, 1056(t5)
core   0: 3 0x8000dbe4 (0x423f2023) mem 0x8000f000 0x00000001
core   0: 0x8000dbe8 (0xff9ff06f) j       pc - 0x8
core   0: 3 0x8000dbe8 (0xff9ff06f)
core   0: 0x8000dbe0 (0x00001f17) auipc   t5, 0x1
core   0: 3 0x8000dbe0 (0x00001f17) x30 0x8000ebe0
core   0: 0x8000dbe4 (0x423f2023) sw      gp, 1056(t5)
core   0: 3 0x8000dbe4 (0x423f2023) mem 0x8000f000 0x00000001
core   0: 0x8000dbe8 (0xff9ff06f) j       pc - 0x8
core   0: 3 0x8000dbe8 (0xff9ff06f)
core   0: 0x8000dbe0 (0x00001f17) auipc   t5, 0x1
core   0: 3 0x8000dbe0 (0x00001f17) x30 0x8000ebe0
core   0: 0x8000dbe4 (0x423f2023) sw      gp, 1056(t5)
core   0: 3 0x8000dbe4 (0x423f2023) mem 0x8000f000 0x00000001
core   0: 0x8000dbe8 (0xff9ff06f) j       pc - 0x8
core   0: 3 0x8000dbe8 (0xff9ff06f)
core   0: 0x8000dbe0 (0x00001f17) auipc   t5, 0x1
core   0: 3 0x8000dbe0 (0x00001f17) x30 0x8000ebe0
core   0: 0x8000dbe4 (0x423f2023) sw      gp, 1056(t5)
core   0: 3 0x8000dbe4 (0x423f2023) mem 0x8000f000 0x00000001
core   0: 0x8000dbe8 (0xff9ff06f) j       pc - 0x8
core   0: 3 0x8000dbe8 (0xff9ff06f)
core   0: 0x8000dbe0 (0x00001f17) auipc   t5, 0x1
core   0: 3 0x8000dbe0 (0x00001f17) x30 0x8000ebe0
core   0: 0x8000dbe4 (0x423f2023) sw      gp, 1056(t5)
core   0: 3 0x8000dbe4 (0x423f2023) mem 0x8000f000 0x00000001
core   0: 0x8000dbe8 (0xff9ff06f) j       pc - 0x8
core   0: 3 0x8000dbe8 (0xff9ff06f)
core   0: 0x8000dbe0 (0x00001f17) auipc   t5, 0x1
core   0: 3 0x8000dbe0 (0x00001f17) x30 0x8000ebe0
core   0: 0x8000dbe4 (0x423f2023) sw      gp, 1056(t5)
core   0: 3 0x8000dbe4 (0x423f2023) mem 0x8000f000 0x00000001
core   0: 0x8000dbe8 (0xff9ff06f) j       pc - 0x8
core   0: 3 0x8000dbe8 (0xff9ff06f)
core   0: 0x8000dbe0 (0x00001f17) auipc   t5, 0x1
core   0: 3 0x8000dbe0 (0x00001f17) x30 0x8000ebe0
core   0: 0x8000dbe4 (0x423f2023) sw      gp, 1056(t5)
core   0: 3 0x8000dbe4 (0x423f2023) mem 0x8000f000 0x00000001
core   0: 0x8000dbe8 (0xff9ff06f) j       pc - 0x8
core   0: 3 0x8000dbe8 (0xff9ff06f)
core   0: 0x8000dbe0 (0x00001f17) auipc   t5, 0x1
core   0: 3 0x8000dbe0 (0x00001f17) x30 0x8000ebe0
core   0: 0x8000dbe4 (0x423f2023) sw      gp, 1056(t5)
core   0: 3 0x8000dbe4 (0x423f2023) mem 0x8000f000 0x00000001
core   0: 0x8000dbe8 (0xff9ff06f) j       pc - 0x8
core   0: 3 0x8000dbe8 (0xff9ff06f)
core   0: 0x8000dbe0 (0x00001f17) auipc   t5, 0x1
core   0: 3 0x8000dbe0 (0x00001f17) x30 0x8000ebe0
core   0: 0x8000dbe4 (0x423f2023) sw      gp, 1056(t5)
core   0: 3 0x8000dbe4 (0x423f2023) mem 0x8000f000 0x00000001
core   0: 0x8000dbe8 (0xff9ff06f) j       pc - 0x8
core   0: 3 0x8000dbe8 (0xff9ff06f)
core   0: 0x8000dbe0 (0x00001f17) auipc   t5, 0x1
core   0: 3 0x8000dbe0 (0x00001f17) x30 0x8000ebe0
core   0: 0x8000dbe4 (0x423f2023) sw      gp, 1056(t5)
core   0: 3 0x8000dbe4 (0x423f2023) mem 0x8000f000 0x00000001
core   0: 0x8000dbe8 (0xff9ff06f) j       pc - 0x8
core   0: 3 0x8000dbe8 (0xff9ff06f)
core   0: 0x8000dbe0 (0x00001f17) auipc   t5, 0x1
core   0: 3 0x8000dbe0 (0x00001f17) x30 0x8000ebe0
core   0: 0x8000dbe4 (0x423f2023) sw      gp, 1056(t5)
core   0: 3 0x8000dbe4 (0x423f2023) mem 0x8000f000 0x00000001
core   0: 0x8000dbe8 (0xff9ff06f) j       pc - 0x8
core   0: 3 0x8000dbe8 (0xff9ff06f)
core   0: 0x8000dbe0 (0x00001f17) auipc   t5, 0x1
core   0: 3 0x8000dbe0 (0x00001f17) x30 0x8000ebe0
core   0: 0x8000dbe4 (0x423f2023) sw      gp, 1056(t5)
core   0: 3 0x8000dbe4 (0x423f2023) mem 0x8000f000 0x00000001
core   0: 0x8000dbe8 (0xff9ff06f) j       pc - 0x8
core   0: 3 0x8000dbe8 (0xff9ff06f)
core   0: 0x8000dbe0 (0x00001f17) auipc   t5, 0x1
core   0: 3 0x8000dbe0 (0x00001f17) x30 0x8000ebe0
core   0: 0x8000dbe4 (0x423f2023) sw      gp, 1056(t5)
core   0: 3 0x8000dbe4 (0x423f2023) mem 0x8000f000 0x00000001
core   0: 0x8000dbe8 (0xff9ff06f) j       pc - 0x8
core   0: 3 0x8000dbe8 (0xff9ff06f)
core   0: 0x8000dbe0 (0x00001f17) auipc   t5, 0x1
core   0: 3 0x8000dbe0 (0x00001f17) x30 0x8000ebe0
core   0: 0x8000dbe4 (0x423f2023) sw      gp, 1056(t5)
core   0: 3 0x8000dbe4 (0x423f2023) mem 0x8000f000 0x00000001
core   0: 0x8000dbe8 (0xff9ff06f) j       pc - 0x8
core   0: 3 0x8000dbe8 (0xff9ff06f)
core   0: 0x8000dbe0 (0x00001f17) auipc   t5, 0x1
core   0: 3 0x8000dbe0 (0x00001f17) x30 0x8000ebe0
core   0: 0x8000dbe4 (0x423f2023) sw      gp, 1056(t5)
core   0: 3 0x8000dbe4 (0x423f2023) mem 0x8000f000 0x00000001
core   0: 0x8000dbe8 (0xff9ff06f) j       pc - 0x8
core   0: 3 0x8000dbe8 (0xff9ff06f)
core   0: 0x8000dbe0 (0x00001f17) auipc   t5, 0x1
core   0: 3 0x8000dbe0 (0x00001f17) x30 0x8000ebe0
core   0: 0x8000dbe4 (0x423f2023) sw      gp, 1056(t5)
core   0: 3 0x8000dbe4 (0x423f2023) mem 0x8000f000 0x00000001
core   0: 0x8000dbe8 (0xff9ff06f) j       pc - 0x8
core   0: 3 0x8000dbe8 (0xff9ff06f)
core   0: 0x8000dbe0 (0x00001f17) auipc   t5, 0x1
core   0: 3 0x8000dbe0 (0x00001f17) x30 0x8000ebe0
core   0: 0x8000dbe4 (0x423f2023) sw      gp, 1056(t5)
core   0: 3 0x8000dbe4 (0x423f2023) mem 0x8000f000 0x00000001
core   0: 0x8000dbe8 (0xff9ff06f) j       pc - 0x8
core   0: 3 0x8000dbe8 (0xff9ff06f)
core   0: 0x8000dbe0 (0x00001f17) auipc   t5, 0x1
core   0: 3 0x8000dbe0 (0x00001f17) x30 0x8000ebe0
core   0: 0x8000dbe4 (0x423f2023) sw      gp, 1056(t5)
core   0: 3 0x8000dbe4 (0x423f2023) mem 0x8000f000 0x00000001
core   0: 0x8000dbe8 (0xff9ff06f) j       pc - 0x8
core   0: 3 0x8000dbe8 (0xff9ff06f)
core   0: 0x8000dbe0 (0x00001f17) auipc   t5, 0x1
core   0: 3 0x8000dbe0 (0x00001f17) x30 0x8000ebe0
core   0: 0x8000dbe4 (0x423f2023) sw      gp, 1056(t5)
core   0: 3 0x8000dbe4 (0x423f2023) mem 0x8000f000 0x00000001
core   0: 0x8000dbe8 (0xff9ff06f) j       pc - 0x8
core   0: 3 0x8000dbe8 (0xff9ff06f)
core   0: 0x8000dbe0 (0x00001f17) auipc   t5, 0x1
core   0: 3 0x8000dbe0 (0x00001f17) x30 0x8000ebe0
core   0: 0x8000dbe4 (0x423f2023) sw      gp, 1056(t5)
core   0: 3 0x8000dbe4 (0x423f2023) mem 0x8000f000 0x00000001
core   0: 0x8000dbe8 (0xff9ff06f) j       pc - 0x8
core   0: 3 0x8000dbe8 (0xff9ff06f)
core   0: 0x8000dbe0 (0x00001f17) auipc   t5, 0x1
core   0: 3 0x8000dbe0 (0x00001f17) x30 0x8000ebe0
core   0: 0x8000dbe4 (0x423f2023) sw      gp, 1056(t5)
core   0: 3 0x8000dbe4 (0x423f2023) mem 0x8000f000 0x00000001
core   0: 0x8000dbe8 (0xff9ff06f) j       pc - 0x8
core   0: 3 0x8000dbe8 (0xff9ff06f)
core   0: 0x8000dbe0 (0x00001f17) auipc   t5, 0x1
core   0: 3 0x8000dbe0 (0x00001f17) x30 0x8000ebe0
core   0: 0x8000dbe4 (0x423f2023) sw      gp, 1056(t5)
core   0: 3 0x8000dbe4 (0x423f2023) mem 0x8000f000 0x00000001
core   0: 0x8000dbe8 (0xff9ff06f) j       pc - 0x8
core   0: 3 0x8000dbe8 (0xff9ff06f)
core   0: 0x8000dbe0 (0x00001f17) auipc   t5, 0x1
core   0: 3 0x8000dbe0 (0x00001f17) x30 0x8000ebe0
core   0: 0x8000dbe4 (0x423f2023) sw      gp, 1056(t5)
core   0: 3 0x8000dbe4 (0x423f2023) mem 0x8000f000 0x00000001
core   0: 0x8000dbe8 (0xff9ff06f) j       pc - 0x8
core   0: 3 0x8000dbe8 (0xff9ff06f)
core   0: 0x8000dbe0 (0x00001f17) auipc   t5, 0x1
core   0: 3 0x8000dbe0 (0x00001f17) x30 0x8000ebe0
core   0: 0x8000dbe4 (0x423f2023) sw      gp, 1056(t5)
core   0: 3 0x8000dbe4 (0x423f2023) mem 0x8000f000 0x00000001
core   0: 0x8000dbe8 (0xff9ff06f) j       pc - 0x8
core   0: 3 0x8000dbe8 (0xff9ff06f)
core   0: 0x8000dbe0 (0x00001f17) auipc   t5, 0x1
core   0: 3 0x8000dbe0 (0x00001f17) x30 0x8000ebe0
core   0: 0x8000dbe4 (0x423f2023) sw      gp, 1056(t5)
core   0: 3 0x8000dbe4 (0x423f2023) mem 0x8000f000 0x00000001
core   0: 0x8000dbe8 (0xff9ff06f) j       pc - 0x8
core   0: 3 0x8000dbe8 (0xff9ff06f)
core   0: 0x8000dbe0 (0x00001f17) auipc   t5, 0x1
core   0: 3 0x8000dbe0 (0x00001f17) x30 0x8000ebe0
core   0: 0x8000dbe4 (0x423f2023) sw      gp, 1056(t5)
core   0: 3 0x8000dbe4 (0x423f2023) mem 0x8000f000 0x00000001
core   0: 0x8000dbe8 (0xff9ff06f) j       pc - 0x8
core   0: 3 0x8000dbe8 (0xff9ff06f)
core   0: 0x8000dbe0 (0x00001f17) auipc   t5, 0x1
core   0: 3 0x8000dbe0 (0x00001f17) x30 0x8000ebe0
core   0: 0x8000dbe4 (0x423f2023) sw      gp, 1056(t5)
core   0: 3 0x8000dbe4 (0x423f2023) mem 0x8000f000 0x00000001
core   0: 0x8000dbe8 (0xff9ff06f) j       pc - 0x8
core   0: 3 0x8000dbe8 (0xff9ff06f)
core   0: 0x8000dbe0 (0x00001f17) auipc   t5, 0x1
core   0: 3 0x8000dbe0 (0x00001f17) x30 0x8000ebe0
core   0: 0x8000dbe4 (0x423f2023) sw      gp, 1056(t5)
core   0: 3 0x8000dbe4 (0x423f2023) mem 0x8000f000 0x00000001
core   0: 0x8000dbe8 (0xff9ff06f) j       pc - 0x8
core   0: 3 0x8000dbe8 (0xff9ff06f)
core   0: 0x8000dbe0 (0x00001f17) auipc   t5, 0x1
core   0: 3 0x8000dbe0 (0x00001f17) x30 0x8000ebe0
core   0: 0x8000dbe4 (0x423f2023) sw      gp, 1056(t5)
core   0: 3 0x8000dbe4 (0x423f2023) mem 0x8000f000 0x00000001
core   0: 0x8000dbe8 (0xff9ff06f) j       pc - 0x8
core   0: 3 0x8000dbe8 (0xff9ff06f)
core   0: 0x8000dbe0 (0x00001f17) auipc   t5, 0x1
core   0: 3 0x8000dbe0 (0x00001f17) x30 0x8000ebe0
core   0: 0x8000dbe4 (0x423f2023) sw      gp, 1056(t5)
core   0: 3 0x8000dbe4 (0x423f2023) mem 0x8000f000 0x00000001
core   0: 0x8000dbe8 (0xff9ff06f) j       pc - 0x8
core   0: 3 0x8000dbe8 (0xff9ff06f)
core   0: 0x8000dbe0 (0x00001f17) auipc   t5, 0x1
core   0: 3 0x8000dbe0 (0x00001f17) x30 0x8000ebe0
core   0: 0x8000dbe4 (0x423f2023) sw      gp, 1056(t5)
core   0: 3 0x8000dbe4 (0x423f2023) mem 0x8000f000 0x00000001
core   0: 0x8000dbe8 (0xff9ff06f) j       pc - 0x8
core   0: 3 0x8000dbe8 (0xff9ff06f)
core   0: 0x8000dbe0 (0x00001f17) auipc   t5, 0x1
core   0: 3 0x8000dbe0 (0x00001f17) x30 0x8000ebe0
core   0: 0x8000dbe4 (0x423f2023) sw      gp, 1056(t5)
core   0: 3 0x8000dbe4 (0x423f2023) mem 0x8000f000 0x00000001
core   0: 0x8000dbe8 (0xff9ff06f) j       pc - 0x8
core   0: 3 0x8000dbe8 (0xff9ff06f)
core   0: 0x8000dbe0 (0x00001f17) auipc   t5, 0x1
core   0: 3 0x8000dbe0 (0x00001f17) x30 0x8000ebe0
core   0: 0x8000dbe4 (0x423f2023) sw      gp, 1056(t5)
core   0: 3 0x8000dbe4 (0x423f2023) mem 0x8000f000 0x00000001
core   0: 0x8000dbe8 (0xff9ff06f) j       pc - 0x8
core   0: 3 0x8000dbe8 (0xff9ff06f)
core   0: 0x8000dbe0 (0x00001f17) auipc   t5, 0x1
core   0: 3 0x8000dbe0 (0x00001f17) x30 0x8000ebe0
core   0: 0x8000dbe4 (0x423f2023) sw      gp, 1056(t5)
core   0: 3 0x8000dbe4 (0x423f2023) mem 0x8000f000 0x00000001
core   0: 0x8000dbe8 (0xff9ff06f) j       pc - 0x8
core   0: 3 0x8000dbe8 (0xff9ff06f)
core   0: 0x8000dbe0 (0x00001f17) auipc   t5, 0x1
core   0: 3 0x8000dbe0 (0x00001f17) x30 0x8000ebe0
core   0: 0x8000dbe4 (0x423f2023) sw      gp, 1056(t5)
core   0: 3 0x8000dbe4 (0x423f2023) mem 0x8000f000 0x00000001
core   0: 0x8000dbe8 (0xff9ff06f) j       pc - 0x8
core   0: 3 0x8000dbe8 (0xff9ff06f)
core   0: 0x8000dbe0 (0x00001f17) auipc   t5, 0x1
core   0: 3 0x8000dbe0 (0x00001f17) x30 0x8000ebe0
core   0: 0x8000dbe4 (0x423f2023) sw      gp, 1056(t5)
core   0: 3 0x8000dbe4 (0x423f2023) mem 0x8000f000 0x00000001
core   0: 0x8000dbe8 (0xff9ff06f) j       pc - 0x8
core   0: 3 0x8000dbe8 (0xff9ff06f)
core   0: 0x8000dbe0 (0x00001f17) auipc   t5, 0x1
core   0: 3 0x8000dbe0 (0x00001f17) x30 0x8000ebe0
core   0: 0x8000dbe4 (0x423f2023) sw      gp, 1056(t5)
core   0: 3 0x8000dbe4 (0x423f2023) mem 0x8000f000 0x00000001
core   0: 0x8000dbe8 (0xff9ff06f) j       pc - 0x8
core   0: 3 0x8000dbe8 (0xff9ff06f)
core   0: 0x8000dbe0 (0x00001f17) auipc   t5, 0x1
core   0: 3 0x8000dbe0 (0x00001f17) x30 0x8000ebe0
core   0: 0x8000dbe4 (0x423f2023) sw      gp, 1056(t5)
core   0: 3 0x8000dbe4 (0x423f2023) mem 0x8000f000 0x00000001
core   0: 0x8000dbe8 (0xff9ff06f) j       pc - 0x8
core   0: 3 0x8000dbe8 (0xff9ff06f)
core   0: 0x8000dbe0 (0x00001f17) auipc   t5, 0x1
core   0: 3 0x8000dbe0 (0x00001f17) x30 0x8000ebe0
core   0: 0x8000dbe4 (0x423f2023) sw      gp, 1056(t5)
core   0: 3 0x8000dbe4 (0x423f2023) mem 0x8000f000 0x00000001
core   0: 0x8000dbe8 (0xff9ff06f) j       pc - 0x8
core   0: 3 0x8000dbe8 (0xff9ff06f)
core   0: 0x8000dbe0 (0x00001f17) auipc   t5, 0x1
core   0: 3 0x8000dbe0 (0x00001f17) x30 0x8000ebe0
core   0: 0x8000dbe4 (0x423f2023) sw      gp, 1056(t5)
core   0: 3 0x8000dbe4 (0x423f2023) mem 0x8000f000 0x00000001
core   0: 0x8000dbe8 (0xff9ff06f) j       pc - 0x8
core   0: 3 0x8000dbe8 (0xff9ff06f)
core   0: 0x8000dbe0 (0x00001f17) auipc   t5, 0x1
core   0: 3 0x8000dbe0 (0x00001f17) x30 0x8000ebe0
core   0: 0x8000dbe4 (0x423f2023) sw      gp, 1056(t5)
core   0: 3 0x8000dbe4 (0x423f2023) mem 0x8000f000 0x00000001
core   0: 0x8000dbe8 (0xff9ff06f) j       pc - 0x8
core   0: 3 0x8000dbe8 (0xff9ff06f)
core   0: 0x8000dbe0 (0x00001f17) auipc   t5, 0x1
core   0: 3 0x8000dbe0 (0x00001f17) x30 0x8000ebe0
core   0: 0x8000dbe4 (0x423f2023) sw      gp, 1056(t5)
core   0: 3 0x8000dbe4 (0x423f2023) mem 0x8000f000 0x00000001
core   0: 0x8000dbe8 (0xff9ff06f) j       pc - 0x8
core   0: 3 0x8000dbe8 (0xff9ff06f)
core   0: 0x8000dbe0 (0x00001f17) auipc   t5, 0x1
core   0: 3 0x8000dbe0 (0x00001f17) x30 0x8000ebe0
core   0: 0x8000dbe4 (0x423f2023) sw      gp, 1056(t5)
core   0: 3 0x8000dbe4 (0x423f2023) mem 0x8000f000 0x00000001
core   0: 0x8000dbe8 (0xff9ff06f) j       pc - 0x8
core   0: 3 0x8000dbe8 (0xff9ff06f)
core   0: 0x8000dbe0 (0x00001f17) auipc   t5, 0x1
core   0: 3 0x8000dbe0 (0x00001f17) x30 0x8000ebe0
core   0: 0x8000dbe4 (0x423f2023) sw      gp, 1056(t5)
core   0: 3 0x8000dbe4 (0x423f2023) mem 0x8000f000 0x00000001
core   0: 0x8000dbe8 (0xff9ff06f) j       pc - 0x8
core   0: 3 0x8000dbe8 (0xff9ff06f)
core   0: 0x8000dbe0 (0x00001f17) auipc   t5, 0x1
core   0: 3 0x8000dbe0 (0x00001f17) x30 0x8000ebe0
core   0: 0x8000dbe4 (0x423f2023) sw      gp, 1056(t5)
core   0: 3 0x8000dbe4 (0x423f2023) mem 0x8000f000 0x00000001
core   0: 0x8000dbe8 (0xff9ff06f) j       pc - 0x8
core   0: 3 0x8000dbe8 (0xff9ff06f)
core   0: 0x8000dbe0 (0x00001f17) auipc   t5, 0x1
core   0: 3 0x8000dbe0 (0x00001f17) x30 0x8000ebe0
core   0: 0x8000dbe4 (0x423f2023) sw      gp, 1056(t5)
core   0: 3 0x8000dbe4 (0x423f2023) mem 0x8000f000 0x00000001
core   0: 0x8000dbe8 (0xff9ff06f) j       pc - 0x8
core   0: 3 0x8000dbe8 (0xff9ff06f)
core   0: 0x8000dbe0 (0x00001f17) auipc   t5, 0x1
core   0: 3 0x8000dbe0 (0x00001f17) x30 0x8000ebe0
core   0: 0x8000dbe4 (0x423f2023) sw      gp, 1056(t5)
core   0: 3 0x8000dbe4 (0x423f2023) mem 0x8000f000 0x00000001
core   0: 0x8000dbe8 (0xff9ff06f) j       pc - 0x8
core   0: 3 0x8000dbe8 (0xff9ff06f)
core   0: 0x8000dbe0 (0x00001f17) auipc   t5, 0x1
core   0: 3 0x8000dbe0 (0x00001f17) x30 0x8000ebe0
core   0: 0x8000dbe4 (0x423f2023) sw      gp, 1056(t5)
core   0: 3 0x8000dbe4 (0x423f2023) mem 0x8000f000 0x00000001
core   0: 0x8000dbe8 (0xff9ff06f) j       pc - 0x8
core   0: 3 0x8000dbe8 (0xff9ff06f)
core   0: 0x8000dbe0 (0x00001f17) auipc   t5, 0x1
core   0: 3 0x8000dbe0 (0x00001f17) x30 0x8000ebe0
core   0: 0x8000dbe4 (0x423f2023) sw      gp, 1056(t5)
core   0: 3 0x8000dbe4 (0x423f2023) mem 0x8000f000 0x00000001
core   0: 0x8000dbe8 (0xff9ff06f) j       pc - 0x8
core   0: 3 0x8000dbe8 (0xff9ff06f)
core   0: 0x8000dbe0 (0x00001f17) auipc   t5, 0x1
core   0: 3 0x8000dbe0 (0x00001f17) x30 0x8000ebe0
core   0: 0x8000dbe4 (0x423f2023) sw      gp, 1056(t5)
core   0: 3 0x8000dbe4 (0x423f2023) mem 0x8000f000 0x00000001
core   0: 0x8000dbe8 (0xff9ff06f) j       pc - 0x8
core   0: 3 0x8000dbe8 (0xff9ff06f)
core   0: 0x8000dbe0 (0x00001f17) auipc   t5, 0x1
core   0: 3 0x8000dbe0 (0x00001f17) x30 0x8000ebe0
core   0: 0x8000dbe4 (0x423f2023) sw      gp, 1056(t5)
core   0: 3 0x8000dbe4 (0x423f2023) mem 0x8000f000 0x00000001
core   0: 0x8000dbe8 (0xff9ff06f) j       pc - 0x8
core   0: 3 0x8000dbe8 (0xff9ff06f)
core   0: 0x8000dbe0 (0x00001f17) auipc   t5, 0x1
core   0: 3 0x8000dbe0 (0x00001f17) x30 0x8000ebe0
core   0: 0x8000dbe4 (0x423f2023) sw      gp, 1056(t5)
core   0: 3 0x8000dbe4 (0x423f2023) mem 0x8000f000 0x00000001
core   0: 0x8000dbe8 (0xff9ff06f) j       pc - 0x8
core   0: 3 0x8000dbe8 (0xff9ff06f)
core   0: 0x8000dbe0 (0x00001f17) auipc   t5, 0x1
core   0: 3 0x8000dbe0 (0x00001f17) x30 0x8000ebe0
core   0: 0x8000dbe4 (0x423f2023) sw      gp, 1056(t5)
core   0: 3 0x8000dbe4 (0x423f2023) mem 0x8000f000 0x00000001
core   0: 0x8000dbe8 (0xff9ff06f) j       pc - 0x8
core   0: 3 0x8000dbe8 (0xff9ff06f)
core   0: 0x8000dbe0 (0x00001f17) auipc   t5, 0x1
core   0: 3 0x8000dbe0 (0x00001f17) x30 0x8000ebe0
core   0: 0x8000dbe4 (0x423f2023) sw      gp, 1056(t5)
core   0: 3 0x8000dbe4 (0x423f2023) mem 0x8000f000 0x00000001
core   0: 0x8000dbe8 (0xff9ff06f) j       pc - 0x8
core   0: 3 0x8000dbe8 (0xff9ff06f)
core   0: 0x8000dbe0 (0x00001f17) auipc   t5, 0x1
core   0: 3 0x8000dbe0 (0x00001f17) x30 0x8000ebe0
core   0: 0x8000dbe4 (0x423f2023) sw      gp, 1056(t5)
core   0: 3 0x8000dbe4 (0x423f2023) mem 0x8000f000 0x00000001
core   0: 0x8000dbe8 (0xff9ff06f) j       pc - 0x8
core   0: 3 0x8000dbe8 (0xff9ff06f)
core   0: 0x8000dbe0 (0x00001f17) auipc   t5, 0x1
core   0: 3 0x8000dbe0 (0x00001f17) x30 0x8000ebe0
core   0: 0x8000dbe4 (0x423f2023) sw      gp, 1056(t5)
core   0: 3 0x8000dbe4 (0x423f2023) mem 0x8000f000 0x00000001
core   0: 0x8000dbe8 (0xff9ff06f) j       pc - 0x8
core   0: 3 0x8000dbe8 (0xff9ff06f)
core   0: 0x8000dbe0 (0x00001f17) auipc   t5, 0x1
core   0: 3 0x8000dbe0 (0x00001f17) x30 0x8000ebe0
core   0: 0x8000dbe4 (0x423f2023) sw      gp, 1056(t5)
core   0: 3 0x8000dbe4 (0x423f2023) mem 0x8000f000 0x00000001
core   0: 0x8000dbe8 (0xff9ff06f) j       pc - 0x8
core   0: 3 0x8000dbe8 (0xff9ff06f)
core   0: 0x8000dbe0 (0x00001f17) auipc   t5, 0x1
core   0: 3 0x8000dbe0 (0x00001f17) x30 0x8000ebe0
core   0: 0x8000dbe4 (0x423f2023) sw      gp, 1056(t5)
core   0: 3 0x8000dbe4 (0x423f2023) mem 0x8000f000 0x00000001
core   0: 0x8000dbe8 (0xff9ff06f) j       pc - 0x8
core   0: 3 0x8000dbe8 (0xff9ff06f)
core   0: 0x8000dbe0 (0x00001f17) auipc   t5, 0x1
core   0: 3 0x8000dbe0 (0x00001f17) x30 0x8000ebe0
core   0: 0x8000dbe4 (0x423f2023) sw      gp, 1056(t5)
core   0: 3 0x8000dbe4 (0x423f2023) mem 0x8000f000 0x00000001
core   0: 0x8000dbe8 (0xff9ff06f) j       pc - 0x8
core   0: 3 0x8000dbe8 (0xff9ff06f)
core   0: 0x8000dbe0 (0x00001f17) auipc   t5, 0x1
core   0: 3 0x8000dbe0 (0x00001f17) x30 0x8000ebe0
core   0: 0x8000dbe4 (0x423f2023) sw      gp, 1056(t5)
core   0: 3 0x8000dbe4 (0x423f2023) mem 0x8000f000 0x00000001
core   0: 0x8000dbe8 (0xff9ff06f) j       pc - 0x8
core   0: 3 0x8000dbe8 (0xff9ff06f)
core   0: 0x8000dbe0 (0x00001f17) auipc   t5, 0x1
core   0: 3 0x8000dbe0 (0x00001f17) x30 0x8000ebe0
core   0: 0x8000dbe4 (0x423f2023) sw      gp, 1056(t5)
core   0: 3 0x8000dbe4 (0x423f2023) mem 0x8000f000 0x00000001
core   0: 0x8000dbe8 (0xff9ff06f) j       pc - 0x8
core   0: 3 0x8000dbe8 (0xff9ff06f)
core   0: 0x8000dbe0 (0x00001f17) auipc   t5, 0x1
core   0: 3 0x8000dbe0 (0x00001f17) x30 0x8000ebe0
core   0: 0x8000dbe4 (0x423f2023) sw      gp, 1056(t5)
core   0: 3 0x8000dbe4 (0x423f2023) mem 0x8000f000 0x00000001
core   0: 0x8000dbe8 (0xff9ff06f) j       pc - 0x8
core   0: 3 0x8000dbe8 (0xff9ff06f)
core   0: 0x8000dbe0 (0x00001f17) auipc   t5, 0x1
core   0: 3 0x8000dbe0 (0x00001f17) x30 0x8000ebe0
core   0: 0x8000dbe4 (0x423f2023) sw      gp, 1056(t5)
core   0: 3 0x8000dbe4 (0x423f2023) mem 0x8000f000 0x00000001
core   0: 0x8000dbe8 (0xff9ff06f) j       pc - 0x8
core   0: 3 0x8000dbe8 (0xff9ff06f)
core   0: 0x8000dbe0 (0x00001f17) auipc   t5, 0x1
core   0: 3 0x8000dbe0 (0x00001f17) x30 0x8000ebe0
core   0: 0x8000dbe4 (0x423f2023) sw      gp, 1056(t5)
core   0: 3 0x8000dbe4 (0x423f2023) mem 0x8000f000 0x00000001
core   0: 0x8000dbe8 (0xff9ff06f) j       pc - 0x8
core   0: 3 0x8000dbe8 (0xff9ff06f)
core   0: 0x8000dbe0 (0x00001f17) auipc   t5, 0x1
core   0: 3 0x8000dbe0 (0x00001f17) x30 0x8000ebe0
core   0: 0x8000dbe4 (0x423f2023) sw      gp, 1056(t5)
core   0: 3 0x8000dbe4 (0x423f2023) mem 0x8000f000 0x00000001
core   0: 0x8000dbe8 (0xff9ff06f) j       pc - 0x8
core   0: 3 0x8000dbe8 (0xff9ff06f)
core   0: 0x8000dbe0 (0x00001f17) auipc   t5, 0x1
core   0: 3 0x8000dbe0 (0x00001f17) x30 0x8000ebe0
core   0: 0x8000dbe4 (0x423f2023) sw      gp, 1056(t5)
core   0: 3 0x8000dbe4 (0x423f2023) mem 0x8000f000 0x00000001
core   0: 0x8000dbe8 (0xff9ff06f) j       pc - 0x8
core   0: 3 0x8000dbe8 (0xff9ff06f)
core   0: 0x8000dbe0 (0x00001f17) auipc   t5, 0x1
core   0: 3 0x8000dbe0 (0x00001f17) x30 0x8000ebe0
core   0: 0x8000dbe4 (0x423f2023) sw      gp, 1056(t5)
core   0: 3 0x8000dbe4 (0x423f2023) mem 0x8000f000 0x00000001
core   0: 0x8000dbe8 (0xff9ff06f) j       pc - 0x8
core   0: 3 0x8000dbe8 (0xff9ff06f)
core   0: 0x8000dbe0 (0x00001f17) auipc   t5, 0x1
core   0: 3 0x8000dbe0 (0x00001f17) x30 0x8000ebe0
core   0: 0x8000dbe4 (0x423f2023) sw      gp, 1056(t5)
core   0: 3 0x8000dbe4 (0x423f2023) mem 0x8000f000 0x00000001
core   0: 0x8000dbe8 (0xff9ff06f) j       pc - 0x8
core   0: 3 0x8000dbe8 (0xff9ff06f)
core   0: 0x8000dbe0 (0x00001f17) auipc   t5, 0x1
core   0: 3 0x8000dbe0 (0x00001f17) x30 0x8000ebe0
core   0: 0x8000dbe4 (0x423f2023) sw      gp, 1056(t5)
core   0: 3 0x8000dbe4 (0x423f2023) mem 0x8000f000 0x00000001
core   0: 0x8000dbe8 (0xff9ff06f) j       pc - 0x8
core   0: 3 0x8000dbe8 (0xff9ff06f)
core   0: 0x8000dbe0 (0x00001f17) auipc   t5, 0x1
core   0: 3 0x8000dbe0 (0x00001f17) x30 0x8000ebe0
core   0: 0x8000dbe4 (0x423f2023) sw      gp, 1056(t5)
core   0: 3 0x8000dbe4 (0x423f2023) mem 0x8000f000 0x00000001
core   0: 0x8000dbe8 (0xff9ff06f) j       pc - 0x8
core   0: 3 0x8000dbe8 (0xff9ff06f)
core   0: 0x8000dbe0 (0x00001f17) auipc   t5, 0x1
core   0: 3 0x8000dbe0 (0x00001f17) x30 0x8000ebe0
core   0: 0x8000dbe4 (0x423f2023) sw      gp, 1056(t5)
core   0: 3 0x8000dbe4 (0x423f2023) mem 0x8000f000 0x00000001
core   0: 0x8000dbe8 (0xff9ff06f) j       pc - 0x8
core   0: 3 0x8000dbe8 (0xff9ff06f)
core   0: 0x8000dbe0 (0x00001f17) auipc   t5, 0x1
core   0: 3 0x8000dbe0 (0x00001f17) x30 0x8000ebe0
core   0: 0x8000dbe4 (0x423f2023) sw      gp, 1056(t5)
core   0: 3 0x8000dbe4 (0x423f2023) mem 0x8000f000 0x00000001
core   0: 0x8000dbe8 (0xff9ff06f) j       pc - 0x8
core   0: 3 0x8000dbe8 (0xff9ff06f)
core   0: 0x8000dbe0 (0x00001f17) auipc   t5, 0x1
core   0: 3 0x8000dbe0 (0x00001f17) x30 0x8000ebe0
core   0: 0x8000dbe4 (0x423f2023) sw      gp, 1056(t5)
core   0: 3 0x8000dbe4 (0x423f2023) mem 0x8000f000 0x00000001
core   0: 0x8000dbe8 (0xff9ff06f) j       pc - 0x8
core   0: 3 0x8000dbe8 (0xff9ff06f)
core   0: 0x8000dbe0 (0x00001f17) auipc   t5, 0x1
core   0: 3 0x8000dbe0 (0x00001f17) x30 0x8000ebe0
core   0: 0x8000dbe4 (0x423f2023) sw      gp, 1056(t5)
core   0: 3 0x8000dbe4 (0x423f2023) mem 0x8000f000 0x00000001
core   0: 0x8000dbe8 (0xff9ff06f) j       pc - 0x8
core   0: 3 0x8000dbe8 (0xff9ff06f)
core   0: 0x8000dbe0 (0x00001f17) auipc   t5, 0x1
core   0: 3 0x8000dbe0 (0x00001f17) x30 0x8000ebe0
core   0: 0x8000dbe4 (0x423f2023) sw      gp, 1056(t5)
core   0: 3 0x8000dbe4 (0x423f2023) mem 0x8000f000 0x00000001
core   0: 0x8000dbe8 (0xff9ff06f) j       pc - 0x8
core   0: 3 0x8000dbe8 (0xff9ff06f)
core   0: 0x8000dbe0 (0x00001f17) auipc   t5, 0x1
core   0: 3 0x8000dbe0 (0x00001f17) x30 0x8000ebe0
core   0: 0x8000dbe4 (0x423f2023) sw      gp, 1056(t5)
core   0: 3 0x8000dbe4 (0x423f2023) mem 0x8000f000 0x00000001
core   0: 0x8000dbe8 (0xff9ff06f) j       pc - 0x8
core   0: 3 0x8000dbe8 (0xff9ff06f)
core   0: 0x8000dbe0 (0x00001f17) auipc   t5, 0x1
core   0: 3 0x8000dbe0 (0x00001f17) x30 0x8000ebe0
core   0: 0x8000dbe4 (0x423f2023) sw      gp, 1056(t5)
core   0: 3 0x8000dbe4 (0x423f2023) mem 0x8000f000 0x00000001
core   0: 0x8000dbe8 (0xff9ff06f) j       pc - 0x8
core   0: 3 0x8000dbe8 (0xff9ff06f)
core   0: 0x8000dbe0 (0x00001f17) auipc   t5, 0x1
core   0: 3 0x8000dbe0 (0x00001f17) x30 0x8000ebe0
core   0: 0x8000dbe4 (0x423f2023) sw      gp, 1056(t5)
core   0: 3 0x8000dbe4 (0x423f2023) mem 0x8000f000 0x00000001
core   0: 0x8000dbe8 (0xff9ff06f) j       pc - 0x8
core   0: 3 0x8000dbe8 (0xff9ff06f)
core   0: 0x8000dbe0 (0x00001f17) auipc   t5, 0x1
core   0: 3 0x8000dbe0 (0x00001f17) x30 0x8000ebe0
core   0: 0x8000dbe4 (0x423f2023) sw      gp, 1056(t5)
core   0: 3 0x8000dbe4 (0x423f2023) mem 0x8000f000 0x00000001
core   0: 0x8000dbe8 (0xff9ff06f) j       pc - 0x8
core   0: 3 0x8000dbe8 (0xff9ff06f)
core   0: 0x8000dbe0 (0x00001f17) auipc   t5, 0x1
core   0: 3 0x8000dbe0 (0x00001f17) x30 0x8000ebe0
core   0: 0x8000dbe4 (0x423f2023) sw      gp, 1056(t5)
core   0: 3 0x8000dbe4 (0x423f2023) mem 0x8000f000 0x00000001
core   0: 0x8000dbe8 (0xff9ff06f) j       pc - 0x8
core   0: 3 0x8000dbe8 (0xff9ff06f)
core   0: 0x8000dbe0 (0x00001f17) auipc   t5, 0x1
core   0: 3 0x8000dbe0 (0x00001f17) x30 0x8000ebe0
core   0: 0x8000dbe4 (0x423f2023) sw      gp, 1056(t5)
core   0: 3 0x8000dbe4 (0x423f2023) mem 0x8000f000 0x00000001
core   0: 0x8000dbe8 (0xff9ff06f) j       pc - 0x8
core   0: 3 0x8000dbe8 (0xff9ff06f)
core   0: 0x8000dbe0 (0x00001f17) auipc   t5, 0x1
core   0: 3 0x8000dbe0 (0x00001f17) x30 0x8000ebe0
core   0: 0x8000dbe4 (0x423f2023) sw      gp, 1056(t5)
core   0: 3 0x8000dbe4 (0x423f2023) mem 0x8000f000 0x00000001
core   0: 0x8000dbe8 (0xff9ff06f) j       pc - 0x8
core   0: 3 0x8000dbe8 (0xff9ff06f)
core   0: 0x8000dbe0 (0x00001f17) auipc   t5, 0x1
core   0: 3 0x8000dbe0 (0x00001f17) x30 0x8000ebe0
core   0: 0x8000dbe4 (0x423f2023) sw      gp, 1056(t5)
core   0: 3 0x8000dbe4 (0x423f2023) mem 0x8000f000 0x00000001
core   0: 0x8000dbe8 (0xff9ff06f) j       pc - 0x8
core   0: 3 0x8000dbe8 (0xff9ff06f)
core   0: 0x8000dbe0 (0x00001f17) auipc   t5, 0x1
core   0: 3 0x8000dbe0 (0x00001f17) x30 0x8000ebe0
core   0: 0x8000dbe4 (0x423f2023) sw      gp, 1056(t5)
core   0: 3 0x8000dbe4 (0x423f2023) mem 0x8000f000 0x00000001
core   0: 0x8000dbe8 (0xff9ff06f) j       pc - 0x8
core   0: 3 0x8000dbe8 (0xff9ff06f)
core   0: 0x8000dbe0 (0x00001f17) auipc   t5, 0x1
core   0: 3 0x8000dbe0 (0x00001f17) x30 0x8000ebe0
core   0: 0x8000dbe4 (0x423f2023) sw      gp, 1056(t5)
core   0: 3 0x8000dbe4 (0x423f2023) mem 0x8000f000 0x00000001
core   0: 0x8000dbe8 (0xff9ff06f) j       pc - 0x8
core   0: 3 0x8000dbe8 (0xff9ff06f)
core   0: 0x8000dbe0 (0x00001f17) auipc   t5, 0x1
core   0: 3 0x8000dbe0 (0x00001f17) x30 0x8000ebe0
core   0: 0x8000dbe4 (0x423f2023) sw      gp, 1056(t5)
core   0: 3 0x8000dbe4 (0x423f2023) mem 0x8000f000 0x00000001
core   0: 0x8000dbe8 (0xff9ff06f) j       pc - 0x8
core   0: 3 0x8000dbe8 (0xff9ff06f)
core   0: 0x8000dbe0 (0x00001f17) auipc   t5, 0x1
core   0: 3 0x8000dbe0 (0x00001f17) x30 0x8000ebe0
core   0: 0x8000dbe4 (0x423f2023) sw      gp, 1056(t5)
core   0: 3 0x8000dbe4 (0x423f2023) mem 0x8000f000 0x00000001
core   0: 0x8000dbe8 (0xff9ff06f) j       pc - 0x8
core   0: 3 0x8000dbe8 (0xff9ff06f)
core   0: 0x8000dbe0 (0x00001f17) auipc   t5, 0x1
core   0: 3 0x8000dbe0 (0x00001f17) x30 0x8000ebe0
core   0: 0x8000dbe4 (0x423f2023) sw      gp, 1056(t5)
core   0: 3 0x8000dbe4 (0x423f2023) mem 0x8000f000 0x00000001
core   0: 0x8000dbe8 (0xff9ff06f) j       pc - 0x8
core   0: 3 0x8000dbe8 (0xff9ff06f)
core   0: 0x8000dbe0 (0x00001f17) auipc   t5, 0x1
core   0: 3 0x8000dbe0 (0x00001f17) x30 0x8000ebe0
core   0: 0x8000dbe4 (0x423f2023) sw      gp, 1056(t5)
core   0: 3 0x8000dbe4 (0x423f2023) mem 0x8000f000 0x00000001
core   0: 0x8000dbe8 (0xff9ff06f) j       pc - 0x8
core   0: 3 0x8000dbe8 (0xff9ff06f)
core   0: 0x8000dbe0 (0x00001f17) auipc   t5, 0x1
core   0: 3 0x8000dbe0 (0x00001f17) x30 0x8000ebe0
core   0: 0x8000dbe4 (0x423f2023) sw      gp, 1056(t5)
core   0: 3 0x8000dbe4 (0x423f2023) mem 0x8000f000 0x00000001
core   0: 0x8000dbe8 (0xff9ff06f) j       pc - 0x8
core   0: 3 0x8000dbe8 (0xff9ff06f)
core   0: 0x8000dbe0 (0x00001f17) auipc   t5, 0x1
core   0: 3 0x8000dbe0 (0x00001f17) x30 0x8000ebe0
core   0: 0x8000dbe4 (0x423f2023) sw      gp, 1056(t5)
core   0: 3 0x8000dbe4 (0x423f2023) mem 0x8000f000 0x00000001
core   0: 0x8000dbe8 (0xff9ff06f) j       pc - 0x8
core   0: 3 0x8000dbe8 (0xff9ff06f)
core   0: 0x8000dbe0 (0x00001f17) auipc   t5, 0x1
core   0: 3 0x8000dbe0 (0x00001f17) x30 0x8000ebe0
core   0: 0x8000dbe4 (0x423f2023) sw      gp, 1056(t5)
core   0: 3 0x8000dbe4 (0x423f2023) mem 0x8000f000 0x00000001
core   0: 0x8000dbe8 (0xff9ff06f) j       pc - 0x8
core   0: 3 0x8000dbe8 (0xff9ff06f)
core   0: 0x8000dbe0 (0x00001f17) auipc   t5, 0x1
core   0: 3 0x8000dbe0 (0x00001f17) x30 0x8000ebe0
core   0: 0x8000dbe4 (0x423f2023) sw      gp, 1056(t5)
core   0: 3 0x8000dbe4 (0x423f2023) mem 0x8000f000 0x00000001
core   0: 0x8000dbe8 (0xff9ff06f) j       pc - 0x8
core   0: 3 0x8000dbe8 (0xff9ff06f)
core   0: 0x8000dbe0 (0x00001f17) auipc   t5, 0x1
core   0: 3 0x8000dbe0 (0x00001f17) x30 0x8000ebe0
core   0: 0x8000dbe4 (0x423f2023) sw      gp, 1056(t5)
core   0: 3 0x8000dbe4 (0x423f2023) mem 0x8000f000 0x00000001
core   0: 0x8000dbe8 (0xff9ff06f) j       pc - 0x8
core   0: 3 0x8000dbe8 (0xff9ff06f)
core   0: 0x8000dbe0 (0x00001f17) auipc   t5, 0x1
core   0: 3 0x8000dbe0 (0x00001f17) x30 0x8000ebe0
core   0: 0x8000dbe4 (0x423f2023) sw      gp, 1056(t5)
core   0: 3 0x8000dbe4 (0x423f2023) mem 0x8000f000 0x00000001
core   0: 0x8000dbe8 (0xff9ff06f) j       pc - 0x8
core   0: 3 0x8000dbe8 (0xff9ff06f)
core   0: 0x8000dbe0 (0x00001f17) auipc   t5, 0x1
core   0: 3 0x8000dbe0 (0x00001f17) x30 0x8000ebe0
core   0: 0x8000dbe4 (0x423f2023) sw      gp, 1056(t5)
core   0: 3 0x8000dbe4 (0x423f2023) mem 0x8000f000 0x00000001
core   0: 0x8000dbe8 (0xff9ff06f) j       pc - 0x8
core   0: 3 0x8000dbe8 (0xff9ff06f)
core   0: 0x8000dbe0 (0x00001f17) auipc   t5, 0x1
core   0: 3 0x8000dbe0 (0x00001f17) x30 0x8000ebe0
core   0: 0x8000dbe4 (0x423f2023) sw      gp, 1056(t5)
core   0: 3 0x8000dbe4 (0x423f2023) mem 0x8000f000 0x00000001
core   0: 0x8000dbe8 (0xff9ff06f) j       pc - 0x8
core   0: 3 0x8000dbe8 (0xff9ff06f)
core   0: 0x8000dbe0 (0x00001f17) auipc   t5, 0x1
core   0: 3 0x8000dbe0 (0x00001f17) x30 0x8000ebe0
core   0: 0x8000dbe4 (0x423f2023) sw      gp, 1056(t5)
core   0: 3 0x8000dbe4 (0x423f2023) mem 0x8000f000 0x00000001
core   0: 0x8000dbe8 (0xff9ff06f) j       pc - 0x8
core   0: 3 0x8000dbe8 (0xff9ff06f)
core   0: 0x8000dbe0 (0x00001f17) auipc   t5, 0x1
core   0: 3 0x8000dbe0 (0x00001f17) x30 0x8000ebe0
core   0: 0x8000dbe4 (0x423f2023) sw      gp, 1056(t5)
core   0: 3 0x8000dbe4 (0x423f2023) mem 0x8000f000 0x00000001
core   0: 0x8000dbe8 (0xff9ff06f) j       pc - 0x8
core   0: 3 0x8000dbe8 (0xff9ff06f)
core   0: 0x8000dbe0 (0x00001f17) auipc   t5, 0x1
core   0: 3 0x8000dbe0 (0x00001f17) x30 0x8000ebe0
core   0: 0x8000dbe4 (0x423f2023) sw      gp, 1056(t5)
core   0: 3 0x8000dbe4 (0x423f2023) mem 0x8000f000 0x00000001
core   0: 0x8000dbe8 (0xff9ff06f) j       pc - 0x8
core   0: 3 0x8000dbe8 (0xff9ff06f)
core   0: 0x8000dbe0 (0x00001f17) auipc   t5, 0x1
core   0: 3 0x8000dbe0 (0x00001f17) x30 0x8000ebe0
core   0: 0x8000dbe4 (0x423f2023) sw      gp, 1056(t5)
core   0: 3 0x8000dbe4 (0x423f2023) mem 0x8000f000 0x00000001
core   0: 0x8000dbe8 (0xff9ff06f) j       pc - 0x8
core   0: 3 0x8000dbe8 (0xff9ff06f)
core   0: 0x8000dbe0 (0x00001f17) auipc   t5, 0x1
core   0: 3 0x8000dbe0 (0x00001f17) x30 0x8000ebe0
core   0: 0x8000dbe4 (0x423f2023) sw      gp, 1056(t5)
core   0: 3 0x8000dbe4 (0x423f2023) mem 0x8000f000 0x00000001
core   0: 0x8000dbe8 (0xff9ff06f) j       pc - 0x8
core   0: 3 0x8000dbe8 (0xff9ff06f)
core   0: 0x8000dbe0 (0x00001f17) auipc   t5, 0x1
core   0: 3 0x8000dbe0 (0x00001f17) x30 0x8000ebe0
core   0: 0x8000dbe4 (0x423f2023) sw      gp, 1056(t5)
core   0: 3 0x8000dbe4 (0x423f2023) mem 0x8000f000 0x00000001
core   0: 0x8000dbe8 (0xff9ff06f) j       pc - 0x8
core   0: 3 0x8000dbe8 (0xff9ff06f)
core   0: 0x8000dbe0 (0x00001f17) auipc   t5, 0x1
core   0: 3 0x8000dbe0 (0x00001f17) x30 0x8000ebe0
core   0: 0x8000dbe4 (0x423f2023) sw      gp, 1056(t5)
core   0: 3 0x8000dbe4 (0x423f2023) mem 0x8000f000 0x00000001
core   0: 0x8000dbe8 (0xff9ff06f) j       pc - 0x8
core   0: 3 0x8000dbe8 (0xff9ff06f)
core   0: 0x8000dbe0 (0x00001f17) auipc   t5, 0x1
core   0: 3 0x8000dbe0 (0x00001f17) x30 0x8000ebe0
core   0: 0x8000dbe4 (0x423f2023) sw      gp, 1056(t5)
core   0: 3 0x8000dbe4 (0x423f2023) mem 0x8000f000 0x00000001
core   0: 0x8000dbe8 (0xff9ff06f) j       pc - 0x8
core   0: 3 0x8000dbe8 (0xff9ff06f)
core   0: 0x8000dbe0 (0x00001f17) auipc   t5, 0x1
core   0: 3 0x8000dbe0 (0x00001f17) x30 0x8000ebe0
core   0: 0x8000dbe4 (0x423f2023) sw      gp, 1056(t5)
core   0: 3 0x8000dbe4 (0x423f2023) mem 0x8000f000 0x00000001
core   0: 0x8000dbe8 (0xff9ff06f) j       pc - 0x8
core   0: 3 0x8000dbe8 (0xff9ff06f)
core   0: 0x8000dbe0 (0x00001f17) auipc   t5, 0x1
core   0: 3 0x8000dbe0 (0x00001f17) x30 0x8000ebe0
core   0: 0x8000dbe4 (0x423f2023) sw      gp, 1056(t5)
core   0: 3 0x8000dbe4 (0x423f2023) mem 0x8000f000 0x00000001
core   0: 0x8000dbe8 (0xff9ff06f) j       pc - 0x8
core   0: 3 0x8000dbe8 (0xff9ff06f)
core   0: 0x8000dbe0 (0x00001f17) auipc   t5, 0x1
core   0: 3 0x8000dbe0 (0x00001f17) x30 0x8000ebe0
core   0: 0x8000dbe4 (0x423f2023) sw      gp, 1056(t5)
core   0: 3 0x8000dbe4 (0x423f2023) mem 0x8000f000 0x00000001
core   0: 0x8000dbe8 (0xff9ff06f) j       pc - 0x8
core   0: 3 0x8000dbe8 (0xff9ff06f)
core   0: 0x8000dbe0 (0x00001f17) auipc   t5, 0x1
core   0: 3 0x8000dbe0 (0x00001f17) x30 0x8000ebe0
core   0: 0x8000dbe4 (0x423f2023) sw      gp, 1056(t5)
core   0: 3 0x8000dbe4 (0x423f2023) mem 0x8000f000 0x00000001
core   0: 0x8000dbe8 (0xff9ff06f) j       pc - 0x8
core   0: 3 0x8000dbe8 (0xff9ff06f)
core   0: 0x8000dbe0 (0x00001f17) auipc   t5, 0x1
core   0: 3 0x8000dbe0 (0x00001f17) x30 0x8000ebe0
core   0: 0x8000dbe4 (0x423f2023) sw      gp, 1056(t5)
core   0: 3 0x8000dbe4 (0x423f2023) mem 0x8000f000 0x00000001
core   0: 0x8000dbe8 (0xff9ff06f) j       pc - 0x8
core   0: 3 0x8000dbe8 (0xff9ff06f)
core   0: 0x8000dbe0 (0x00001f17) auipc   t5, 0x1
core   0: 3 0x8000dbe0 (0x00001f17) x30 0x8000ebe0
core   0: 0x8000dbe4 (0x423f2023) sw      gp, 1056(t5)
core   0: 3 0x8000dbe4 (0x423f2023) mem 0x8000f000 0x00000001
core   0: 0x8000dbe8 (0xff9ff06f) j       pc - 0x8
core   0: 3 0x8000dbe8 (0xff9ff06f)
core   0: 0x8000dbe0 (0x00001f17) auipc   t5, 0x1
core   0: 3 0x8000dbe0 (0x00001f17) x30 0x8000ebe0
core   0: 0x8000dbe4 (0x423f2023) sw      gp, 1056(t5)
core   0: 3 0x8000dbe4 (0x423f2023) mem 0x8000f000 0x00000001
core   0: 0x8000dbe8 (0xff9ff06f) j       pc - 0x8
core   0: 3 0x8000dbe8 (0xff9ff06f)
core   0: 0x8000dbe0 (0x00001f17) auipc   t5, 0x1
core   0: 3 0x8000dbe0 (0x00001f17) x30 0x8000ebe0
core   0: 0x8000dbe4 (0x423f2023) sw      gp, 1056(t5)
core   0: 3 0x8000dbe4 (0x423f2023) mem 0x8000f000 0x00000001
core   0: 0x8000dbe8 (0xff9ff06f) j       pc - 0x8
core   0: 3 0x8000dbe8 (0xff9ff06f)
core   0: 0x8000dbe0 (0x00001f17) auipc   t5, 0x1
core   0: 3 0x8000dbe0 (0x00001f17) x30 0x8000ebe0
core   0: 0x8000dbe4 (0x423f2023) sw      gp, 1056(t5)
core   0: 3 0x8000dbe4 (0x423f2023) mem 0x8000f000 0x00000001
core   0: 0x8000dbe8 (0xff9ff06f) j       pc - 0x8
core   0: 3 0x8000dbe8 (0xff9ff06f)
core   0: 0x8000dbe0 (0x00001f17) auipc   t5, 0x1
core   0: 3 0x8000dbe0 (0x00001f17) x30 0x8000ebe0
core   0: 0x8000dbe4 (0x423f2023) sw      gp, 1056(t5)
core   0: 3 0x8000dbe4 (0x423f2023) mem 0x8000f000 0x00000001
core   0: 0x8000dbe8 (0xff9ff06f) j       pc - 0x8
core   0: 3 0x8000dbe8 (0xff9ff06f)
core   0: 0x8000dbe0 (0x00001f17) auipc   t5, 0x1
core   0: 3 0x8000dbe0 (0x00001f17) x30 0x8000ebe0
core   0: 0x8000dbe4 (0x423f2023) sw      gp, 1056(t5)
core   0: 3 0x8000dbe4 (0x423f2023) mem 0x8000f000 0x00000001
core   0: 0x8000dbe8 (0xff9ff06f) j       pc - 0x8
core   0: 3 0x8000dbe8 (0xff9ff06f)
core   0: 0x8000dbe0 (0x00001f17) auipc   t5, 0x1
core   0: 3 0x8000dbe0 (0x00001f17) x30 0x8000ebe0
core   0: 0x8000dbe4 (0x423f2023) sw      gp, 1056(t5)
core   0: 3 0x8000dbe4 (0x423f2023) mem 0x8000f000 0x00000001
core   0: 0x8000dbe8 (0xff9ff06f) j       pc - 0x8
core   0: 3 0x8000dbe8 (0xff9ff06f)
core   0: 0x8000dbe0 (0x00001f17) auipc   t5, 0x1
core   0: 3 0x8000dbe0 (0x00001f17) x30 0x8000ebe0
core   0: 0x8000dbe4 (0x423f2023) sw      gp, 1056(t5)
core   0: 3 0x8000dbe4 (0x423f2023) mem 0x8000f000 0x00000001
core   0: 0x8000dbe8 (0xff9ff06f) j       pc - 0x8
core   0: 3 0x8000dbe8 (0xff9ff06f)
core   0: 0x8000dbe0 (0x00001f17) auipc   t5, 0x1
core   0: 3 0x8000dbe0 (0x00001f17) x30 0x8000ebe0
core   0: 0x8000dbe4 (0x423f2023) sw      gp, 1056(t5)
core   0: 3 0x8000dbe4 (0x423f2023) mem 0x8000f000 0x00000001
core   0: 0x8000dbe8 (0xff9ff06f) j       pc - 0x8
core   0: 3 0x8000dbe8 (0xff9ff06f)
core   0: 0x8000dbe0 (0x00001f17) auipc   t5, 0x1
core   0: 3 0x8000dbe0 (0x00001f17) x30 0x8000ebe0
core   0: 0x8000dbe4 (0x423f2023) sw      gp, 1056(t5)
core   0: 3 0x8000dbe4 (0x423f2023) mem 0x8000f000 0x00000001
core   0: 0x8000dbe8 (0xff9ff06f) j       pc - 0x8
core   0: 3 0x8000dbe8 (0xff9ff06f)
core   0: 0x8000dbe0 (0x00001f17) auipc   t5, 0x1
core   0: 3 0x8000dbe0 (0x00001f17) x30 0x8000ebe0
core   0: 0x8000dbe4 (0x423f2023) sw      gp, 1056(t5)
core   0: 3 0x8000dbe4 (0x423f2023) mem 0x8000f000 0x00000001
core   0: 0x8000dbe8 (0xff9ff06f) j       pc - 0x8
core   0: 3 0x8000dbe8 (0xff9ff06f)
core   0: 0x8000dbe0 (0x00001f17) auipc   t5, 0x1
core   0: 3 0x8000dbe0 (0x00001f17) x30 0x8000ebe0
core   0: 0x8000dbe4 (0x423f2023) sw      gp, 1056(t5)
core   0: 3 0x8000dbe4 (0x423f2023) mem 0x8000f000 0x00000001
core   0: 0x8000dbe8 (0xff9ff06f) j       pc - 0x8
core   0: 3 0x8000dbe8 (0xff9ff06f)
core   0: 0x8000dbe0 (0x00001f17) auipc   t5, 0x1
core   0: 3 0x8000dbe0 (0x00001f17) x30 0x8000ebe0
core   0: 0x8000dbe4 (0x423f2023) sw      gp, 1056(t5)
core   0: 3 0x8000dbe4 (0x423f2023) mem 0x8000f000 0x00000001
core   0: 0x8000dbe8 (0xff9ff06f) j       pc - 0x8
core   0: 3 0x8000dbe8 (0xff9ff06f)
core   0: 0x8000dbe0 (0x00001f17) auipc   t5, 0x1
core   0: 3 0x8000dbe0 (0x00001f17) x30 0x8000ebe0
core   0: 0x8000dbe4 (0x423f2023) sw      gp, 1056(t5)
core   0: 3 0x8000dbe4 (0x423f2023) mem 0x8000f000 0x00000001
core   0: 0x8000dbe8 (0xff9ff06f) j       pc - 0x8
core   0: 3 0x8000dbe8 (0xff9ff06f)
core   0: 0x8000dbe0 (0x00001f17) auipc   t5, 0x1
core   0: 3 0x8000dbe0 (0x00001f17) x30 0x8000ebe0
core   0: 0x8000dbe4 (0x423f2023) sw      gp, 1056(t5)
core   0: 3 0x8000dbe4 (0x423f2023) mem 0x8000f000 0x00000001
core   0: 0x8000dbe8 (0xff9ff06f) j       pc - 0x8
core   0: 3 0x8000dbe8 (0xff9ff06f)
core   0: 0x8000dbe0 (0x00001f17) auipc   t5, 0x1
core   0: 3 0x8000dbe0 (0x00001f17) x30 0x8000ebe0
core   0: 0x8000dbe4 (0x423f2023) sw      gp, 1056(t5)
core   0: 3 0x8000dbe4 (0x423f2023) mem 0x8000f000 0x00000001
core   0: 0x8000dbe8 (0xff9ff06f) j       pc - 0x8
core   0: 3 0x8000dbe8 (0xff9ff06f)
core   0: 0x8000dbe0 (0x00001f17) auipc   t5, 0x1
core   0: 3 0x8000dbe0 (0x00001f17) x30 0x8000ebe0
core   0: 0x8000dbe4 (0x423f2023) sw      gp, 1056(t5)
core   0: 3 0x8000dbe4 (0x423f2023) mem 0x8000f000 0x00000001
core   0: 0x8000dbe8 (0xff9ff06f) j       pc - 0x8
core   0: 3 0x8000dbe8 (0xff9ff06f)
core   0: 0x8000dbe0 (0x00001f17) auipc   t5, 0x1
core   0: 3 0x8000dbe0 (0x00001f17) x30 0x8000ebe0
core   0: 0x8000dbe4 (0x423f2023) sw      gp, 1056(t5)
core   0: 3 0x8000dbe4 (0x423f2023) mem 0x8000f000 0x00000001
core   0: 0x8000dbe8 (0xff9ff06f) j       pc - 0x8
core   0: 3 0x8000dbe8 (0xff9ff06f)
core   0: 0x8000dbe0 (0x00001f17) auipc   t5, 0x1
core   0: 3 0x8000dbe0 (0x00001f17) x30 0x8000ebe0
core   0: 0x8000dbe4 (0x423f2023) sw      gp, 1056(t5)
core   0: 3 0x8000dbe4 (0x423f2023) mem 0x8000f000 0x00000001
core   0: 0x8000dbe8 (0xff9ff06f) j       pc - 0x8
core   0: 3 0x8000dbe8 (0xff9ff06f)
core   0: 0x8000dbe0 (0x00001f17) auipc   t5, 0x1
core   0: 3 0x8000dbe0 (0x00001f17) x30 0x8000ebe0
core   0: 0x8000dbe4 (0x423f2023) sw      gp, 1056(t5)
core   0: 3 0x8000dbe4 (0x423f2023) mem 0x8000f000 0x00000001
core   0: 0x8000dbe8 (0xff9ff06f) j       pc - 0x8
core   0: 3 0x8000dbe8 (0xff9ff06f)
core   0: 0x8000dbe0 (0x00001f17) auipc   t5, 0x1
core   0: 3 0x8000dbe0 (0x00001f17) x30 0x8000ebe0
core   0: 0x8000dbe4 (0x423f2023) sw      gp, 1056(t5)
core   0: 3 0x8000dbe4 (0x423f2023) mem 0x8000f000 0x00000001
core   0: 0x8000dbe8 (0xff9ff06f) j       pc - 0x8
core   0: 3 0x8000dbe8 (0xff9ff06f)
core   0: 0x8000dbe0 (0x00001f17) auipc   t5, 0x1
core   0: 3 0x8000dbe0 (0x00001f17) x30 0x8000ebe0
core   0: 0x8000dbe4 (0x423f2023) sw      gp, 1056(t5)
core   0: 3 0x8000dbe4 (0x423f2023) mem 0x8000f000 0x00000001
core   0: 0x8000dbe8 (0xff9ff06f) j       pc - 0x8
core   0: 3 0x8000dbe8 (0xff9ff06f)
core   0: 0x8000dbe0 (0x00001f17) auipc   t5, 0x1
core   0: 3 0x8000dbe0 (0x00001f17) x30 0x8000ebe0
core   0: 0x8000dbe4 (0x423f2023) sw      gp, 1056(t5)
core   0: 3 0x8000dbe4 (0x423f2023) mem 0x8000f000 0x00000001
core   0: 0x8000dbe8 (0xff9ff06f) j       pc - 0x8
core   0: 3 0x8000dbe8 (0xff9ff06f)
core   0: 0x8000dbe0 (0x00001f17) auipc   t5, 0x1
core   0: 3 0x8000dbe0 (0x00001f17) x30 0x8000ebe0
core   0: 0x8000dbe4 (0x423f2023) sw      gp, 1056(t5)
core   0: 3 0x8000dbe4 (0x423f2023) mem 0x8000f000 0x00000001
core   0: 0x8000dbe8 (0xff9ff06f) j       pc - 0x8
core   0: 3 0x8000dbe8 (0xff9ff06f)
core   0: 0x8000dbe0 (0x00001f17) auipc   t5, 0x1
core   0: 3 0x8000dbe0 (0x00001f17) x30 0x8000ebe0
core   0: 0x8000dbe4 (0x423f2023) sw      gp, 1056(t5)
core   0: 3 0x8000dbe4 (0x423f2023) mem 0x8000f000 0x00000001
core   0: 0x8000dbe8 (0xff9ff06f) j       pc - 0x8
core   0: 3 0x8000dbe8 (0xff9ff06f)
core   0: 0x8000dbe0 (0x00001f17) auipc   t5, 0x1
core   0: 3 0x8000dbe0 (0x00001f17) x30 0x8000ebe0
core   0: 0x8000dbe4 (0x423f2023) sw      gp, 1056(t5)
core   0: 3 0x8000dbe4 (0x423f2023) mem 0x8000f000 0x00000001
core   0: 0x8000dbe8 (0xff9ff06f) j       pc - 0x8
core   0: 3 0x8000dbe8 (0xff9ff06f)
core   0: 0x8000dbe0 (0x00001f17) auipc   t5, 0x1
core   0: 3 0x8000dbe0 (0x00001f17) x30 0x8000ebe0
core   0: 0x8000dbe4 (0x423f2023) sw      gp, 1056(t5)
core   0: 3 0x8000dbe4 (0x423f2023) mem 0x8000f000 0x00000001
core   0: 0x8000dbe8 (0xff9ff06f) j       pc - 0x8
core   0: 3 0x8000dbe8 (0xff9ff06f)
core   0: 0x8000dbe0 (0x00001f17) auipc   t5, 0x1
core   0: 3 0x8000dbe0 (0x00001f17) x30 0x8000ebe0
core   0: 0x8000dbe4 (0x423f2023) sw      gp, 1056(t5)
core   0: 3 0x8000dbe4 (0x423f2023) mem 0x8000f000 0x00000001
core   0: 0x8000dbe8 (0xff9ff06f) j       pc - 0x8
core   0: 3 0x8000dbe8 (0xff9ff06f)
core   0: 0x8000dbe0 (0x00001f17) auipc   t5, 0x1
core   0: 3 0x8000dbe0 (0x00001f17) x30 0x8000ebe0
core   0: 0x8000dbe4 (0x423f2023) sw      gp, 1056(t5)
core   0: 3 0x8000dbe4 (0x423f2023) mem 0x8000f000 0x00000001
core   0: 0x8000dbe8 (0xff9ff06f) j       pc - 0x8
core   0: 3 0x8000dbe8 (0xff9ff06f)
core   0: 0x8000dbe0 (0x00001f17) auipc   t5, 0x1
core   0: 3 0x8000dbe0 (0x00001f17) x30 0x8000ebe0
core   0: 0x8000dbe4 (0x423f2023) sw      gp, 1056(t5)
core   0: 3 0x8000dbe4 (0x423f2023) mem 0x8000f000 0x00000001
core   0: 0x8000dbe8 (0xff9ff06f) j       pc - 0x8
core   0: 3 0x8000dbe8 (0xff9ff06f)
core   0: 0x8000dbe0 (0x00001f17) auipc   t5, 0x1
core   0: 3 0x8000dbe0 (0x00001f17) x30 0x8000ebe0
core   0: 0x8000dbe4 (0x423f2023) sw      gp, 1056(t5)
core   0: 3 0x8000dbe4 (0x423f2023) mem 0x8000f000 0x00000001
core   0: 0x8000dbe8 (0xff9ff06f) j       pc - 0x8
core   0: 3 0x8000dbe8 (0xff9ff06f)
core   0: 0x8000dbe0 (0x00001f17) auipc   t5, 0x1
core   0: 3 0x8000dbe0 (0x00001f17) x30 0x8000ebe0
core   0: 0x8000dbe4 (0x423f2023) sw      gp, 1056(t5)
core   0: 3 0x8000dbe4 (0x423f2023) mem 0x8000f000 0x00000001
core   0: 0x8000dbe8 (0xff9ff06f) j       pc - 0x8
core   0: 3 0x8000dbe8 (0xff9ff06f)
core   0: 0x8000dbe0 (0x00001f17) auipc   t5, 0x1
core   0: 3 0x8000dbe0 (0x00001f17) x30 0x8000ebe0
core   0: 0x8000dbe4 (0x423f2023) sw      gp, 1056(t5)
core   0: 3 0x8000dbe4 (0x423f2023) mem 0x8000f000 0x00000001
core   0: 0x8000dbe8 (0xff9ff06f) j       pc - 0x8
core   0: 3 0x8000dbe8 (0xff9ff06f)
core   0: 0x8000dbe0 (0x00001f17) auipc   t5, 0x1
core   0: 3 0x8000dbe0 (0x00001f17) x30 0x8000ebe0
core   0: 0x8000dbe4 (0x423f2023) sw      gp, 1056(t5)
core   0: 3 0x8000dbe4 (0x423f2023) mem 0x8000f000 0x00000001
core   0: 0x8000dbe8 (0xff9ff06f) j       pc - 0x8
core   0: 3 0x8000dbe8 (0xff9ff06f)
core   0: 0x8000dbe0 (0x00001f17) auipc   t5, 0x1
core   0: 3 0x8000dbe0 (0x00001f17) x30 0x8000ebe0
core   0: 0x8000dbe4 (0x423f2023) sw      gp, 1056(t5)
core   0: 3 0x8000dbe4 (0x423f2023) mem 0x8000f000 0x00000001
core   0: 0x8000dbe8 (0xff9ff06f) j       pc - 0x8
core   0: 3 0x8000dbe8 (0xff9ff06f)
core   0: 0x8000dbe0 (0x00001f17) auipc   t5, 0x1
core   0: 3 0x8000dbe0 (0x00001f17) x30 0x8000ebe0
core   0: 0x8000dbe4 (0x423f2023) sw      gp, 1056(t5)
core   0: 3 0x8000dbe4 (0x423f2023) mem 0x8000f000 0x00000001
core   0: 0x8000dbe8 (0xff9ff06f) j       pc - 0x8
core   0: 3 0x8000dbe8 (0xff9ff06f)
core   0: 0x8000dbe0 (0x00001f17) auipc   t5, 0x1
core   0: 3 0x8000dbe0 (0x00001f17) x30 0x8000ebe0
core   0: 0x8000dbe4 (0x423f2023) sw      gp, 1056(t5)
core   0: 3 0x8000dbe4 (0x423f2023) mem 0x8000f000 0x00000001
core   0: 0x8000dbe8 (0xff9ff06f) j       pc - 0x8
core   0: 3 0x8000dbe8 (0xff9ff06f)
core   0: 0x8000dbe0 (0x00001f17) auipc   t5, 0x1
core   0: 3 0x8000dbe0 (0x00001f17) x30 0x8000ebe0
core   0: 0x8000dbe4 (0x423f2023) sw      gp, 1056(t5)
core   0: 3 0x8000dbe4 (0x423f2023) mem 0x8000f000 0x00000001
core   0: 0x8000dbe8 (0xff9ff06f) j       pc - 0x8
core   0: 3 0x8000dbe8 (0xff9ff06f)
core   0: 0x8000dbe0 (0x00001f17) auipc   t5, 0x1
core   0: 3 0x8000dbe0 (0x00001f17) x30 0x8000ebe0
core   0: 0x8000dbe4 (0x423f2023) sw      gp, 1056(t5)
core   0: 3 0x8000dbe4 (0x423f2023) mem 0x8000f000 0x00000001
core   0: 0x8000dbe8 (0xff9ff06f) j       pc - 0x8
core   0: 3 0x8000dbe8 (0xff9ff06f)
core   0: 0x8000dbe0 (0x00001f17) auipc   t5, 0x1
core   0: 3 0x8000dbe0 (0x00001f17) x30 0x8000ebe0
core   0: 0x8000dbe4 (0x423f2023) sw      gp, 1056(t5)
core   0: 3 0x8000dbe4 (0x423f2023) mem 0x8000f000 0x00000001
core   0: 0x8000dbe8 (0xff9ff06f) j       pc - 0x8
core   0: 3 0x8000dbe8 (0xff9ff06f)
core   0: 0x8000dbe0 (0x00001f17) auipc   t5, 0x1
core   0: 3 0x8000dbe0 (0x00001f17) x30 0x8000ebe0
core   0: 0x8000dbe4 (0x423f2023) sw      gp, 1056(t5)
core   0: 3 0x8000dbe4 (0x423f2023) mem 0x8000f000 0x00000001
core   0: 0x8000dbe8 (0xff9ff06f) j       pc - 0x8
core   0: 3 0x8000dbe8 (0xff9ff06f)
core   0: 0x8000dbe0 (0x00001f17) auipc   t5, 0x1
core   0: 3 0x8000dbe0 (0x00001f17) x30 0x8000ebe0
core   0: 0x8000dbe4 (0x423f2023) sw      gp, 1056(t5)
core   0: 3 0x8000dbe4 (0x423f2023) mem 0x8000f000 0x00000001
core   0: 0x8000dbe8 (0xff9ff06f) j       pc - 0x8
core   0: 3 0x8000dbe8 (0xff9ff06f)
core   0: 0x8000dbe0 (0x00001f17) auipc   t5, 0x1
core   0: 3 0x8000dbe0 (0x00001f17) x30 0x8000ebe0
core   0: 0x8000dbe4 (0x423f2023) sw      gp, 1056(t5)
core   0: 3 0x8000dbe4 (0x423f2023) mem 0x8000f000 0x00000001
core   0: 0x8000dbe8 (0xff9ff06f) j       pc - 0x8
core   0: 3 0x8000dbe8 (0xff9ff06f)
core   0: 0x8000dbe0 (0x00001f17) auipc   t5, 0x1
core   0: 3 0x8000dbe0 (0x00001f17) x30 0x8000ebe0
core   0: 0x8000dbe4 (0x423f2023) sw      gp, 1056(t5)
core   0: 3 0x8000dbe4 (0x423f2023) mem 0x8000f000 0x00000001
core   0: 0x8000dbe8 (0xff9ff06f) j       pc - 0x8
core   0: 3 0x8000dbe8 (0xff9ff06f)
core   0: 0x8000dbe0 (0x00001f17) auipc   t5, 0x1
core   0: 3 0x8000dbe0 (0x00001f17) x30 0x8000ebe0
core   0: 0x8000dbe4 (0x423f2023) sw      gp, 1056(t5)
core   0: 3 0x8000dbe4 (0x423f2023) mem 0x8000f000 0x00000001
core   0: 0x8000dbe8 (0xff9ff06f) j       pc - 0x8
core   0: 3 0x8000dbe8 (0xff9ff06f)
core   0: 0x8000dbe0 (0x00001f17) auipc   t5, 0x1
core   0: 3 0x8000dbe0 (0x00001f17) x30 0x8000ebe0
core   0: 0x8000dbe4 (0x423f2023) sw      gp, 1056(t5)
core   0: 3 0x8000dbe4 (0x423f2023) mem 0x8000f000 0x00000001
core   0: 0x8000dbe8 (0xff9ff06f) j       pc - 0x8
core   0: 3 0x8000dbe8 (0xff9ff06f)
core   0: 0x8000dbe0 (0x00001f17) auipc   t5, 0x1
core   0: 3 0x8000dbe0 (0x00001f17) x30 0x8000ebe0
core   0: 0x8000dbe4 (0x423f2023) sw      gp, 1056(t5)
core   0: 3 0x8000dbe4 (0x423f2023) mem 0x8000f000 0x00000001
core   0: 0x8000dbe8 (0xff9ff06f) j       pc - 0x8
core   0: 3 0x8000dbe8 (0xff9ff06f)
core   0: 0x8000dbe0 (0x00001f17) auipc   t5, 0x1
core   0: 3 0x8000dbe0 (0x00001f17) x30 0x8000ebe0
core   0: 0x8000dbe4 (0x423f2023) sw      gp, 1056(t5)
core   0: 3 0x8000dbe4 (0x423f2023) mem 0x8000f000 0x00000001
core   0: 0x8000dbe8 (0xff9ff06f) j       pc - 0x8
core   0: 3 0x8000dbe8 (0xff9ff06f)
core   0: 0x8000dbe0 (0x00001f17) auipc   t5, 0x1
core   0: 3 0x8000dbe0 (0x00001f17) x30 0x8000ebe0
core   0: 0x8000dbe4 (0x423f2023) sw      gp, 1056(t5)
core   0: 3 0x8000dbe4 (0x423f2023) mem 0x8000f000 0x00000001
core   0: 0x8000dbe8 (0xff9ff06f) j       pc - 0x8
core   0: 3 0x8000dbe8 (0xff9ff06f)
core   0: 0x8000dbe0 (0x00001f17) auipc   t5, 0x1
core   0: 3 0x8000dbe0 (0x00001f17) x30 0x8000ebe0
core   0: 0x8000dbe4 (0x423f2023) sw      gp, 1056(t5)
core   0: 3 0x8000dbe4 (0x423f2023) mem 0x8000f000 0x00000001
core   0: 0x8000dbe8 (0xff9ff06f) j       pc - 0x8
core   0: 3 0x8000dbe8 (0xff9ff06f)
core   0: 0x8000dbe0 (0x00001f17) auipc   t5, 0x1
core   0: 3 0x8000dbe0 (0x00001f17) x30 0x8000ebe0
core   0: 0x8000dbe4 (0x423f2023) sw      gp, 1056(t5)
core   0: 3 0x8000dbe4 (0x423f2023) mem 0x8000f000 0x00000001
core   0: 0x8000dbe8 (0xff9ff06f) j       pc - 0x8
core   0: 3 0x8000dbe8 (0xff9ff06f)
core   0: 0x8000dbe0 (0x00001f17) auipc   t5, 0x1
core   0: 3 0x8000dbe0 (0x00001f17) x30 0x8000ebe0
core   0: 0x8000dbe4 (0x423f2023) sw      gp, 1056(t5)
core   0: 3 0x8000dbe4 (0x423f2023) mem 0x8000f000 0x00000001
core   0: 0x8000dbe8 (0xff9ff06f) j       pc - 0x8
core   0: 3 0x8000dbe8 (0xff9ff06f)
core   0: 0x8000dbe0 (0x00001f17) auipc   t5, 0x1
core   0: 3 0x8000dbe0 (0x00001f17) x30 0x8000ebe0
core   0: 0x8000dbe4 (0x423f2023) sw      gp, 1056(t5)
core   0: 3 0x8000dbe4 (0x423f2023) mem 0x8000f000 0x00000001
core   0: 0x8000dbe8 (0xff9ff06f) j       pc - 0x8
core   0: 3 0x8000dbe8 (0xff9ff06f)
core   0: 0x8000dbe0 (0x00001f17) auipc   t5, 0x1
core   0: 3 0x8000dbe0 (0x00001f17) x30 0x8000ebe0
core   0: 0x8000dbe4 (0x423f2023) sw      gp, 1056(t5)
core   0: 3 0x8000dbe4 (0x423f2023) mem 0x8000f000 0x00000001
core   0: 0x8000dbe8 (0xff9ff06f) j       pc - 0x8
core   0: 3 0x8000dbe8 (0xff9ff06f)
core   0: 0x8000dbe0 (0x00001f17) auipc   t5, 0x1
core   0: 3 0x8000dbe0 (0x00001f17) x30 0x8000ebe0
core   0: 0x8000dbe4 (0x423f2023) sw      gp, 1056(t5)
core   0: 3 0x8000dbe4 (0x423f2023) mem 0x8000f000 0x00000001
core   0: 0x8000dbe8 (0xff9ff06f) j       pc - 0x8
core   0: 3 0x8000dbe8 (0xff9ff06f)
core   0: 0x8000dbe0 (0x00001f17) auipc   t5, 0x1
core   0: 3 0x8000dbe0 (0x00001f17) x30 0x8000ebe0
core   0: 0x8000dbe4 (0x423f2023) sw      gp, 1056(t5)
core   0: 3 0x8000dbe4 (0x423f2023) mem 0x8000f000 0x00000001
core   0: 0x8000dbe8 (0xff9ff06f) j       pc - 0x8
core   0: 3 0x8000dbe8 (0xff9ff06f)
core   0: 0x8000dbe0 (0x00001f17) auipc   t5, 0x1
core   0: 3 0x8000dbe0 (0x00001f17) x30 0x8000ebe0
core   0: 0x8000dbe4 (0x423f2023) sw      gp, 1056(t5)
core   0: 3 0x8000dbe4 (0x423f2023) mem 0x8000f000 0x00000001
core   0: 0x8000dbe8 (0xff9ff06f) j       pc - 0x8
core   0: 3 0x8000dbe8 (0xff9ff06f)
core   0: 0x8000dbe0 (0x00001f17) auipc   t5, 0x1
core   0: 3 0x8000dbe0 (0x00001f17) x30 0x8000ebe0
core   0: 0x8000dbe4 (0x423f2023) sw      gp, 1056(t5)
core   0: 3 0x8000dbe4 (0x423f2023) mem 0x8000f000 0x00000001
core   0: 0x8000dbe8 (0xff9ff06f) j       pc - 0x8
core   0: 3 0x8000dbe8 (0xff9ff06f)
core   0: 0x8000dbe0 (0x00001f17) auipc   t5, 0x1
core   0: 3 0x8000dbe0 (0x00001f17) x30 0x8000ebe0
core   0: 0x8000dbe4 (0x423f2023) sw      gp, 1056(t5)
core   0: 3 0x8000dbe4 (0x423f2023) mem 0x8000f000 0x00000001
core   0: 0x8000dbe8 (0xff9ff06f) j       pc - 0x8
core   0: 3 0x8000dbe8 (0xff9ff06f)
core   0: 0x8000dbe0 (0x00001f17) auipc   t5, 0x1
core   0: 3 0x8000dbe0 (0x00001f17) x30 0x8000ebe0
core   0: 0x8000dbe4 (0x423f2023) sw      gp, 1056(t5)
core   0: 3 0x8000dbe4 (0x423f2023) mem 0x8000f000 0x00000001
core   0: 0x8000dbe8 (0xff9ff06f) j       pc - 0x8
core   0: 3 0x8000dbe8 (0xff9ff06f)
core   0: 0x8000dbe0 (0x00001f17) auipc   t5, 0x1
core   0: 3 0x8000dbe0 (0x00001f17) x30 0x8000ebe0
core   0: 0x8000dbe4 (0x423f2023) sw      gp, 1056(t5)
core   0: 3 0x8000dbe4 (0x423f2023) mem 0x8000f000 0x00000001
core   0: 0x8000dbe8 (0xff9ff06f) j       pc - 0x8
core   0: 3 0x8000dbe8 (0xff9ff06f)
core   0: 0x8000dbe0 (0x00001f17) auipc   t5, 0x1
core   0: 3 0x8000dbe0 (0x00001f17) x30 0x8000ebe0
core   0: 0x8000dbe4 (0x423f2023) sw      gp, 1056(t5)
core   0: 3 0x8000dbe4 (0x423f2023) mem 0x8000f000 0x00000001
core   0: 0x8000dbe8 (0xff9ff06f) j       pc - 0x8
core   0: 3 0x8000dbe8 (0xff9ff06f)
core   0: 0x8000dbe0 (0x00001f17) auipc   t5, 0x1
core   0: 3 0x8000dbe0 (0x00001f17) x30 0x8000ebe0
core   0: 0x8000dbe4 (0x423f2023) sw      gp, 1056(t5)
core   0: 3 0x8000dbe4 (0x423f2023) mem 0x8000f000 0x00000001
core   0: 0x8000dbe8 (0xff9ff06f) j       pc - 0x8
core   0: 3 0x8000dbe8 (0xff9ff06f)
core   0: 0x8000dbe0 (0x00001f17) auipc   t5, 0x1
core   0: 3 0x8000dbe0 (0x00001f17) x30 0x8000ebe0
core   0: 0x8000dbe4 (0x423f2023) sw      gp, 1056(t5)
core   0: 3 0x8000dbe4 (0x423f2023) mem 0x8000f000 0x00000001
core   0: 0x8000dbe8 (0xff9ff06f) j       pc - 0x8
core   0: 3 0x8000dbe8 (0xff9ff06f)
core   0: 0x8000dbe0 (0x00001f17) auipc   t5, 0x1
core   0: 3 0x8000dbe0 (0x00001f17) x30 0x8000ebe0
core   0: 0x8000dbe4 (0x423f2023) sw      gp, 1056(t5)
core   0: 3 0x8000dbe4 (0x423f2023) mem 0x8000f000 0x00000001
core   0: 0x8000dbe8 (0xff9ff06f) j       pc - 0x8
core   0: 3 0x8000dbe8 (0xff9ff06f)
core   0: 0x8000dbe0 (0x00001f17) auipc   t5, 0x1
core   0: 3 0x8000dbe0 (0x00001f17) x30 0x8000ebe0
core   0: 0x8000dbe4 (0x423f2023) sw      gp, 1056(t5)
core   0: 3 0x8000dbe4 (0x423f2023) mem 0x8000f000 0x00000001
core   0: 0x8000dbe8 (0xff9ff06f) j       pc - 0x8
core   0: 3 0x8000dbe8 (0xff9ff06f)
core   0: 0x8000dbe0 (0x00001f17) auipc   t5, 0x1
core   0: 3 0x8000dbe0 (0x00001f17) x30 0x8000ebe0
core   0: 0x8000dbe4 (0x423f2023) sw      gp, 1056(t5)
core   0: 3 0x8000dbe4 (0x423f2023) mem 0x8000f000 0x00000001
core   0: 0x8000dbe8 (0xff9ff06f) j       pc - 0x8
core   0: 3 0x8000dbe8 (0xff9ff06f)
core   0: 0x8000dbe0 (0x00001f17) auipc   t5, 0x1
core   0: 3 0x8000dbe0 (0x00001f17) x30 0x8000ebe0
core   0: 0x8000dbe4 (0x423f2023) sw      gp, 1056(t5)
core   0: 3 0x8000dbe4 (0x423f2023) mem 0x8000f000 0x00000001
core   0: 0x8000dbe8 (0xff9ff06f) j       pc - 0x8
core   0: 3 0x8000dbe8 (0xff9ff06f)
core   0: 0x8000dbe0 (0x00001f17) auipc   t5, 0x1
core   0: 3 0x8000dbe0 (0x00001f17) x30 0x8000ebe0
core   0: 0x8000dbe4 (0x423f2023) sw      gp, 1056(t5)
core   0: 3 0x8000dbe4 (0x423f2023) mem 0x8000f000 0x00000001
core   0: 0x8000dbe8 (0xff9ff06f) j       pc - 0x8
core   0: 3 0x8000dbe8 (0xff9ff06f)
core   0: 0x8000dbe0 (0x00001f17) auipc   t5, 0x1
core   0: 3 0x8000dbe0 (0x00001f17) x30 0x8000ebe0
core   0: 0x8000dbe4 (0x423f2023) sw      gp, 1056(t5)
core   0: 3 0x8000dbe4 (0x423f2023) mem 0x8000f000 0x00000001
core   0: 0x8000dbe8 (0xff9ff06f) j       pc - 0x8
core   0: 3 0x8000dbe8 (0xff9ff06f)
core   0: 0x8000dbe0 (0x00001f17) auipc   t5, 0x1
core   0: 3 0x8000dbe0 (0x00001f17) x30 0x8000ebe0
core   0: 0x8000dbe4 (0x423f2023) sw      gp, 1056(t5)
core   0: 3 0x8000dbe4 (0x423f2023) mem 0x8000f000 0x00000001
core   0: 0x8000dbe8 (0xff9ff06f) j       pc - 0x8
core   0: 3 0x8000dbe8 (0xff9ff06f)
core   0: 0x8000dbe0 (0x00001f17) auipc   t5, 0x1
core   0: 3 0x8000dbe0 (0x00001f17) x30 0x8000ebe0
core   0: 0x8000dbe4 (0x423f2023) sw      gp, 1056(t5)
core   0: 3 0x8000dbe4 (0x423f2023) mem 0x8000f000 0x00000001
core   0: 0x8000dbe8 (0xff9ff06f) j       pc - 0x8
core   0: 3 0x8000dbe8 (0xff9ff06f)
core   0: 0x8000dbe0 (0x00001f17) auipc   t5, 0x1
core   0: 3 0x8000dbe0 (0x00001f17) x30 0x8000ebe0
core   0: 0x8000dbe4 (0x423f2023) sw      gp, 1056(t5)
core   0: 3 0x8000dbe4 (0x423f2023) mem 0x8000f000 0x00000001
core   0: 0x8000dbe8 (0xff9ff06f) j       pc - 0x8
core   0: 3 0x8000dbe8 (0xff9ff06f)
core   0: 0x8000dbe0 (0x00001f17) auipc   t5, 0x1
core   0: 3 0x8000dbe0 (0x00001f17) x30 0x8000ebe0
core   0: 0x8000dbe4 (0x423f2023) sw      gp, 1056(t5)
core   0: 3 0x8000dbe4 (0x423f2023) mem 0x8000f000 0x00000001
core   0: 0x8000dbe8 (0xff9ff06f) j       pc - 0x8
core   0: 3 0x8000dbe8 (0xff9ff06f)
core   0: 0x8000dbe0 (0x00001f17) auipc   t5, 0x1
core   0: 3 0x8000dbe0 (0x00001f17) x30 0x8000ebe0
core   0: 0x8000dbe4 (0x423f2023) sw      gp, 1056(t5)
core   0: 3 0x8000dbe4 (0x423f2023) mem 0x8000f000 0x00000001
core   0: 0x8000dbe8 (0xff9ff06f) j       pc - 0x8
core   0: 3 0x8000dbe8 (0xff9ff06f)
core   0: 0x8000dbe0 (0x00001f17) auipc   t5, 0x1
core   0: 3 0x8000dbe0 (0x00001f17) x30 0x8000ebe0
core   0: 0x8000dbe4 (0x423f2023) sw      gp, 1056(t5)
core   0: 3 0x8000dbe4 (0x423f2023) mem 0x8000f000 0x00000001
core   0: 0x8000dbe8 (0xff9ff06f) j       pc - 0x8
core   0: 3 0x8000dbe8 (0xff9ff06f)
core   0: 0x8000dbe0 (0x00001f17) auipc   t5, 0x1
core   0: 3 0x8000dbe0 (0x00001f17) x30 0x8000ebe0
core   0: 0x8000dbe4 (0x423f2023) sw      gp, 1056(t5)
core   0: 3 0x8000dbe4 (0x423f2023) mem 0x8000f000 0x00000001
core   0: 0x8000dbe8 (0xff9ff06f) j       pc - 0x8
core   0: 3 0x8000dbe8 (0xff9ff06f)
core   0: 0x8000dbe0 (0x00001f17) auipc   t5, 0x1
core   0: 3 0x8000dbe0 (0x00001f17) x30 0x8000ebe0
core   0: 0x8000dbe4 (0x423f2023) sw      gp, 1056(t5)
core   0: 3 0x8000dbe4 (0x423f2023) mem 0x8000f000 0x00000001
core   0: 0x8000dbe8 (0xff9ff06f) j       pc - 0x8
core   0: 3 0x8000dbe8 (0xff9ff06f)
core   0: 0x8000dbe0 (0x00001f17) auipc   t5, 0x1
core   0: 3 0x8000dbe0 (0x00001f17) x30 0x8000ebe0
core   0: 0x8000dbe4 (0x423f2023) sw      gp, 1056(t5)
core   0: 3 0x8000dbe4 (0x423f2023) mem 0x8000f000 0x00000001
core   0: 0x8000dbe8 (0xff9ff06f) j       pc - 0x8
core   0: 3 0x8000dbe8 (0xff9ff06f)
core   0: 0x8000dbe0 (0x00001f17) auipc   t5, 0x1
core   0: 3 0x8000dbe0 (0x00001f17) x30 0x8000ebe0
core   0: 0x8000dbe4 (0x423f2023) sw      gp, 1056(t5)
core   0: 3 0x8000dbe4 (0x423f2023) mem 0x8000f000 0x00000001
core   0: 0x8000dbe8 (0xff9ff06f) j       pc - 0x8
core   0: 3 0x8000dbe8 (0xff9ff06f)
core   0: 0x8000dbe0 (0x00001f17) auipc   t5, 0x1
core   0: 3 0x8000dbe0 (0x00001f17) x30 0x8000ebe0
core   0: 0x8000dbe4 (0x423f2023) sw      gp, 1056(t5)
core   0: 3 0x8000dbe4 (0x423f2023) mem 0x8000f000 0x00000001
core   0: 0x8000dbe8 (0xff9ff06f) j       pc - 0x8
core   0: 3 0x8000dbe8 (0xff9ff06f)
core   0: 0x8000dbe0 (0x00001f17) auipc   t5, 0x1
core   0: 3 0x8000dbe0 (0x00001f17) x30 0x8000ebe0
core   0: 0x8000dbe4 (0x423f2023) sw      gp, 1056(t5)
core   0: 3 0x8000dbe4 (0x423f2023) mem 0x8000f000 0x00000001
core   0: 0x8000dbe8 (0xff9ff06f) j       pc - 0x8
core   0: 3 0x8000dbe8 (0xff9ff06f)
core   0: 0x8000dbe0 (0x00001f17) auipc   t5, 0x1
core   0: 3 0x8000dbe0 (0x00001f17) x30 0x8000ebe0
core   0: 0x8000dbe4 (0x423f2023) sw      gp, 1056(t5)
core   0: 3 0x8000dbe4 (0x423f2023) mem 0x8000f000 0x00000001
core   0: 0x8000dbe8 (0xff9ff06f) j       pc - 0x8
core   0: 3 0x8000dbe8 (0xff9ff06f)
core   0: 0x8000dbe0 (0x00001f17) auipc   t5, 0x1
core   0: 3 0x8000dbe0 (0x00001f17) x30 0x8000ebe0
core   0: 0x8000dbe4 (0x423f2023) sw      gp, 1056(t5)
core   0: 3 0x8000dbe4 (0x423f2023) mem 0x8000f000 0x00000001
core   0: 0x8000dbe8 (0xff9ff06f) j       pc - 0x8
core   0: 3 0x8000dbe8 (0xff9ff06f)
core   0: 0x8000dbe0 (0x00001f17) auipc   t5, 0x1
core   0: 3 0x8000dbe0 (0x00001f17) x30 0x8000ebe0
core   0: 0x8000dbe4 (0x423f2023) sw      gp, 1056(t5)
core   0: 3 0x8000dbe4 (0x423f2023) mem 0x8000f000 0x00000001
core   0: 0x8000dbe8 (0xff9ff06f) j       pc - 0x8
core   0: 3 0x8000dbe8 (0xff9ff06f)
core   0: 0x8000dbe0 (0x00001f17) auipc   t5, 0x1
core   0: 3 0x8000dbe0 (0x00001f17) x30 0x8000ebe0
core   0: 0x8000dbe4 (0x423f2023) sw      gp, 1056(t5)
core   0: 3 0x8000dbe4 (0x423f2023) mem 0x8000f000 0x00000001
core   0: 0x8000dbe8 (0xff9ff06f) j       pc - 0x8
core   0: 3 0x8000dbe8 (0xff9ff06f)
core   0: 0x8000dbe0 (0x00001f17) auipc   t5, 0x1
core   0: 3 0x8000dbe0 (0x00001f17) x30 0x8000ebe0
core   0: 0x8000dbe4 (0x423f2023) sw      gp, 1056(t5)
core   0: 3 0x8000dbe4 (0x423f2023) mem 0x8000f000 0x00000001
core   0: 0x8000dbe8 (0xff9ff06f) j       pc - 0x8
core   0: 3 0x8000dbe8 (0xff9ff06f)
core   0: 0x8000dbe0 (0x00001f17) auipc   t5, 0x1
core   0: 3 0x8000dbe0 (0x00001f17) x30 0x8000ebe0
core   0: 0x8000dbe4 (0x423f2023) sw      gp, 1056(t5)
core   0: 3 0x8000dbe4 (0x423f2023) mem 0x8000f000 0x00000001
core   0: 0x8000dbe8 (0xff9ff06f) j       pc - 0x8
core   0: 3 0x8000dbe8 (0xff9ff06f)
core   0: 0x8000dbe0 (0x00001f17) auipc   t5, 0x1
core   0: 3 0x8000dbe0 (0x00001f17) x30 0x8000ebe0
core   0: 0x8000dbe4 (0x423f2023) sw      gp, 1056(t5)
core   0: 3 0x8000dbe4 (0x423f2023) mem 0x8000f000 0x00000001
core   0: 0x8000dbe8 (0xff9ff06f) j       pc - 0x8
core   0: 3 0x8000dbe8 (0xff9ff06f)
core   0: 0x8000dbe0 (0x00001f17) auipc   t5, 0x1
core   0: 3 0x8000dbe0 (0x00001f17) x30 0x8000ebe0
core   0: 0x8000dbe4 (0x423f2023) sw      gp, 1056(t5)
core   0: 3 0x8000dbe4 (0x423f2023) mem 0x8000f000 0x00000001
core   0: 0x8000dbe8 (0xff9ff06f) j       pc - 0x8
core   0: 3 0x8000dbe8 (0xff9ff06f)
core   0: 0x8000dbe0 (0x00001f17) auipc   t5, 0x1
core   0: 3 0x8000dbe0 (0x00001f17) x30 0x8000ebe0
core   0: 0x8000dbe4 (0x423f2023) sw      gp, 1056(t5)
core   0: 3 0x8000dbe4 (0x423f2023) mem 0x8000f000 0x00000001
core   0: 0x8000dbe8 (0xff9ff06f) j       pc - 0x8
core   0: 3 0x8000dbe8 (0xff9ff06f)
core   0: 0x8000dbe0 (0x00001f17) auipc   t5, 0x1
core   0: 3 0x8000dbe0 (0x00001f17) x30 0x8000ebe0
core   0: 0x8000dbe4 (0x423f2023) sw      gp, 1056(t5)
core   0: 3 0x8000dbe4 (0x423f2023) mem 0x8000f000 0x00000001
core   0: 0x8000dbe8 (0xff9ff06f) j       pc - 0x8
core   0: 3 0x8000dbe8 (0xff9ff06f)
core   0: 0x8000dbe0 (0x00001f17) auipc   t5, 0x1
core   0: 3 0x8000dbe0 (0x00001f17) x30 0x8000ebe0
core   0: 0x8000dbe4 (0x423f2023) sw      gp, 1056(t5)
core   0: 3 0x8000dbe4 (0x423f2023) mem 0x8000f000 0x00000001
core   0: 0x8000dbe8 (0xff9ff06f) j       pc - 0x8
core   0: 3 0x8000dbe8 (0xff9ff06f)
core   0: 0x8000dbe0 (0x00001f17) auipc   t5, 0x1
core   0: 3 0x8000dbe0 (0x00001f17) x30 0x8000ebe0
core   0: 0x8000dbe4 (0x423f2023) sw      gp, 1056(t5)
core   0: 3 0x8000dbe4 (0x423f2023) mem 0x8000f000 0x00000001
core   0: 0x8000dbe8 (0xff9ff06f) j       pc - 0x8
core   0: 3 0x8000dbe8 (0xff9ff06f)
core   0: 0x8000dbe0 (0x00001f17) auipc   t5, 0x1
core   0: 3 0x8000dbe0 (0x00001f17) x30 0x8000ebe0
core   0: 0x8000dbe4 (0x423f2023) sw      gp, 1056(t5)
core   0: 3 0x8000dbe4 (0x423f2023) mem 0x8000f000 0x00000001
core   0: 0x8000dbe8 (0xff9ff06f) j       pc - 0x8
core   0: 3 0x8000dbe8 (0xff9ff06f)
core   0: 0x8000dbe0 (0x00001f17) auipc   t5, 0x1
core   0: 3 0x8000dbe0 (0x00001f17) x30 0x8000ebe0
core   0: 0x8000dbe4 (0x423f2023) sw      gp, 1056(t5)
core   0: 3 0x8000dbe4 (0x423f2023) mem 0x8000f000 0x00000001
core   0: 0x8000dbe8 (0xff9ff06f) j       pc - 0x8
core   0: 3 0x8000dbe8 (0xff9ff06f)
core   0: 0x8000dbe0 (0x00001f17) auipc   t5, 0x1
core   0: 3 0x8000dbe0 (0x00001f17) x30 0x8000ebe0
core   0: 0x8000dbe4 (0x423f2023) sw      gp, 1056(t5)
core   0: 3 0x8000dbe4 (0x423f2023) mem 0x8000f000 0x00000001
core   0: 0x8000dbe8 (0xff9ff06f) j       pc - 0x8
core   0: 3 0x8000dbe8 (0xff9ff06f)
core   0: 0x8000dbe0 (0x00001f17) auipc   t5, 0x1
core   0: 3 0x8000dbe0 (0x00001f17) x30 0x8000ebe0
core   0: 0x8000dbe4 (0x423f2023) sw      gp, 1056(t5)
core   0: 3 0x8000dbe4 (0x423f2023) mem 0x8000f000 0x00000001
core   0: 0x8000dbe8 (0xff9ff06f) j       pc - 0x8
core   0: 3 0x8000dbe8 (0xff9ff06f)
core   0: 0x8000dbe0 (0x00001f17) auipc   t5, 0x1
core   0: 3 0x8000dbe0 (0x00001f17) x30 0x8000ebe0
core   0: 0x8000dbe4 (0x423f2023) sw      gp, 1056(t5)
core   0: 3 0x8000dbe4 (0x423f2023) mem 0x8000f000 0x00000001
core   0: 0x8000dbe8 (0xff9ff06f) j       pc - 0x8
core   0: 3 0x8000dbe8 (0xff9ff06f)
core   0: 0x8000dbe0 (0x00001f17) auipc   t5, 0x1
core   0: 3 0x8000dbe0 (0x00001f17) x30 0x8000ebe0
core   0: 0x8000dbe4 (0x423f2023) sw      gp, 1056(t5)
core   0: 3 0x8000dbe4 (0x423f2023) mem 0x8000f000 0x00000001
core   0: 0x8000dbe8 (0xff9ff06f) j       pc - 0x8
core   0: 3 0x8000dbe8 (0xff9ff06f)
core   0: 0x8000dbe0 (0x00001f17) auipc   t5, 0x1
core   0: 3 0x8000dbe0 (0x00001f17) x30 0x8000ebe0
core   0: 0x8000dbe4 (0x423f2023) sw      gp, 1056(t5)
core   0: 3 0x8000dbe4 (0x423f2023) mem 0x8000f000 0x00000001
core   0: 0x8000dbe8 (0xff9ff06f) j       pc - 0x8
core   0: 3 0x8000dbe8 (0xff9ff06f)
core   0: 0x8000dbe0 (0x00001f17) auipc   t5, 0x1
core   0: 3 0x8000dbe0 (0x00001f17) x30 0x8000ebe0
core   0: 0x8000dbe4 (0x423f2023) sw      gp, 1056(t5)
core   0: 3 0x8000dbe4 (0x423f2023) mem 0x8000f000 0x00000001
core   0: 0x8000dbe8 (0xff9ff06f) j       pc - 0x8
core   0: 3 0x8000dbe8 (0xff9ff06f)
core   0: 0x8000dbe0 (0x00001f17) auipc   t5, 0x1
core   0: 3 0x8000dbe0 (0x00001f17) x30 0x8000ebe0
core   0: 0x8000dbe4 (0x423f2023) sw      gp, 1056(t5)
core   0: 3 0x8000dbe4 (0x423f2023) mem 0x8000f000 0x00000001
core   0: 0x8000dbe8 (0xff9ff06f) j       pc - 0x8
core   0: 3 0x8000dbe8 (0xff9ff06f)
core   0: 0x8000dbe0 (0x00001f17) auipc   t5, 0x1
core   0: 3 0x8000dbe0 (0x00001f17) x30 0x8000ebe0
core   0: 0x8000dbe4 (0x423f2023) sw      gp, 1056(t5)
core   0: 3 0x8000dbe4 (0x423f2023) mem 0x8000f000 0x00000001
core   0: 0x8000dbe8 (0xff9ff06f) j       pc - 0x8
core   0: 3 0x8000dbe8 (0xff9ff06f)
core   0: 0x8000dbe0 (0x00001f17) auipc   t5, 0x1
core   0: 3 0x8000dbe0 (0x00001f17) x30 0x8000ebe0
core   0: 0x8000dbe4 (0x423f2023) sw      gp, 1056(t5)
core   0: 3 0x8000dbe4 (0x423f2023) mem 0x8000f000 0x00000001
core   0: 0x8000dbe8 (0xff9ff06f) j       pc - 0x8
core   0: 3 0x8000dbe8 (0xff9ff06f)
core   0: 0x8000dbe0 (0x00001f17) auipc   t5, 0x1
core   0: 3 0x8000dbe0 (0x00001f17) x30 0x8000ebe0
core   0: 0x8000dbe4 (0x423f2023) sw      gp, 1056(t5)
core   0: 3 0x8000dbe4 (0x423f2023) mem 0x8000f000 0x00000001
core   0: 0x8000dbe8 (0xff9ff06f) j       pc - 0x8
core   0: 3 0x8000dbe8 (0xff9ff06f)
core   0: 0x8000dbe0 (0x00001f17) auipc   t5, 0x1
core   0: 3 0x8000dbe0 (0x00001f17) x30 0x8000ebe0
core   0: 0x8000dbe4 (0x423f2023) sw      gp, 1056(t5)
core   0: 3 0x8000dbe4 (0x423f2023) mem 0x8000f000 0x00000001
core   0: 0x8000dbe8 (0xff9ff06f) j       pc - 0x8
core   0: 3 0x8000dbe8 (0xff9ff06f)
core   0: 0x8000dbe0 (0x00001f17) auipc   t5, 0x1
core   0: 3 0x8000dbe0 (0x00001f17) x30 0x8000ebe0
core   0: 0x8000dbe4 (0x423f2023) sw      gp, 1056(t5)
core   0: 3 0x8000dbe4 (0x423f2023) mem 0x8000f000 0x00000001
core   0: 0x8000dbe8 (0xff9ff06f) j       pc - 0x8
core   0: 3 0x8000dbe8 (0xff9ff06f)
core   0: 0x8000dbe0 (0x00001f17) auipc   t5, 0x1
core   0: 3 0x8000dbe0 (0x00001f17) x30 0x8000ebe0
core   0: 0x8000dbe4 (0x423f2023) sw      gp, 1056(t5)
core   0: 3 0x8000dbe4 (0x423f2023) mem 0x8000f000 0x00000001
core   0: 0x8000dbe8 (0xff9ff06f) j       pc - 0x8
core   0: 3 0x8000dbe8 (0xff9ff06f)
core   0: 0x8000dbe0 (0x00001f17) auipc   t5, 0x1
core   0: 3 0x8000dbe0 (0x00001f17) x30 0x8000ebe0
core   0: 0x8000dbe4 (0x423f2023) sw      gp, 1056(t5)
core   0: 3 0x8000dbe4 (0x423f2023) mem 0x8000f000 0x00000001
core   0: 0x8000dbe8 (0xff9ff06f) j       pc - 0x8
core   0: 3 0x8000dbe8 (0xff9ff06f)
core   0: 0x8000dbe0 (0x00001f17) auipc   t5, 0x1
core   0: 3 0x8000dbe0 (0x00001f17) x30 0x8000ebe0
core   0: 0x8000dbe4 (0x423f2023) sw      gp, 1056(t5)
core   0: 3 0x8000dbe4 (0x423f2023) mem 0x8000f000 0x00000001
core   0: 0x8000dbe8 (0xff9ff06f) j       pc - 0x8
core   0: 3 0x8000dbe8 (0xff9ff06f)
core   0: 0x8000dbe0 (0x00001f17) auipc   t5, 0x1
core   0: 3 0x8000dbe0 (0x00001f17) x30 0x8000ebe0
core   0: 0x8000dbe4 (0x423f2023) sw      gp, 1056(t5)
core   0: 3 0x8000dbe4 (0x423f2023) mem 0x8000f000 0x00000001
core   0: 0x8000dbe8 (0xff9ff06f) j       pc - 0x8
core   0: 3 0x8000dbe8 (0xff9ff06f)
core   0: 0x8000dbe0 (0x00001f17) auipc   t5, 0x1
core   0: 3 0x8000dbe0 (0x00001f17) x30 0x8000ebe0
core   0: 0x8000dbe4 (0x423f2023) sw      gp, 1056(t5)
core   0: 3 0x8000dbe4 (0x423f2023) mem 0x8000f000 0x00000001
core   0: 0x8000dbe8 (0xff9ff06f) j       pc - 0x8
core   0: 3 0x8000dbe8 (0xff9ff06f)
core   0: 0x8000dbe0 (0x00001f17) auipc   t5, 0x1
core   0: 3 0x8000dbe0 (0x00001f17) x30 0x8000ebe0
core   0: 0x8000dbe4 (0x423f2023) sw      gp, 1056(t5)
core   0: 3 0x8000dbe4 (0x423f2023) mem 0x8000f000 0x00000001
core   0: 0x8000dbe8 (0xff9ff06f) j       pc - 0x8
core   0: 3 0x8000dbe8 (0xff9ff06f)
core   0: 0x8000dbe0 (0x00001f17) auipc   t5, 0x1
core   0: 3 0x8000dbe0 (0x00001f17) x30 0x8000ebe0
core   0: 0x8000dbe4 (0x423f2023) sw      gp, 1056(t5)
core   0: 3 0x8000dbe4 (0x423f2023) mem 0x8000f000 0x00000001
core   0: 0x8000dbe8 (0xff9ff06f) j       pc - 0x8
core   0: 3 0x8000dbe8 (0xff9ff06f)
core   0: 0x8000dbe0 (0x00001f17) auipc   t5, 0x1
core   0: 3 0x8000dbe0 (0x00001f17) x30 0x8000ebe0
core   0: 0x8000dbe4 (0x423f2023) sw      gp, 1056(t5)
core   0: 3 0x8000dbe4 (0x423f2023) mem 0x8000f000 0x00000001
core   0: 0x8000dbe8 (0xff9ff06f) j       pc - 0x8
core   0: 3 0x8000dbe8 (0xff9ff06f)
core   0: 0x8000dbe0 (0x00001f17) auipc   t5, 0x1
core   0: 3 0x8000dbe0 (0x00001f17) x30 0x8000ebe0
core   0: 0x8000dbe4 (0x423f2023) sw      gp, 1056(t5)
core   0: 3 0x8000dbe4 (0x423f2023) mem 0x8000f000 0x00000001
core   0: 0x8000dbe8 (0xff9ff06f) j       pc - 0x8
core   0: 3 0x8000dbe8 (0xff9ff06f)
core   0: 0x8000dbe0 (0x00001f17) auipc   t5, 0x1
core   0: 3 0x8000dbe0 (0x00001f17) x30 0x8000ebe0
core   0: 0x8000dbe4 (0x423f2023) sw      gp, 1056(t5)
core   0: 3 0x8000dbe4 (0x423f2023) mem 0x8000f000 0x00000001
core   0: 0x8000dbe8 (0xff9ff06f) j       pc - 0x8
core   0: 3 0x8000dbe8 (0xff9ff06f)
core   0: 0x8000dbe0 (0x00001f17) auipc   t5, 0x1
core   0: 3 0x8000dbe0 (0x00001f17) x30 0x8000ebe0
core   0: 0x8000dbe4 (0x423f2023) sw      gp, 1056(t5)
core   0: 3 0x8000dbe4 (0x423f2023) mem 0x8000f000 0x00000001
core   0: 0x8000dbe8 (0xff9ff06f) j       pc - 0x8
core   0: 3 0x8000dbe8 (0xff9ff06f)
core   0: 0x8000dbe0 (0x00001f17) auipc   t5, 0x1
core   0: 3 0x8000dbe0 (0x00001f17) x30 0x8000ebe0
core   0: 0x8000dbe4 (0x423f2023) sw      gp, 1056(t5)
core   0: 3 0x8000dbe4 (0x423f2023) mem 0x8000f000 0x00000001
core   0: 0x8000dbe8 (0xff9ff06f) j       pc - 0x8
core   0: 3 0x8000dbe8 (0xff9ff06f)
core   0: 0x8000dbe0 (0x00001f17) auipc   t5, 0x1
core   0: 3 0x8000dbe0 (0x00001f17) x30 0x8000ebe0
core   0: 0x8000dbe4 (0x423f2023) sw      gp, 1056(t5)
core   0: 3 0x8000dbe4 (0x423f2023) mem 0x8000f000 0x00000001
core   0: 0x8000dbe8 (0xff9ff06f) j       pc - 0x8
core   0: 3 0x8000dbe8 (0xff9ff06f)
core   0: 0x8000dbe0 (0x00001f17) auipc   t5, 0x1
core   0: 3 0x8000dbe0 (0x00001f17) x30 0x8000ebe0
core   0: 0x8000dbe4 (0x423f2023) sw      gp, 1056(t5)
core   0: 3 0x8000dbe4 (0x423f2023) mem 0x8000f000 0x00000001
core   0: 0x8000dbe8 (0xff9ff06f) j       pc - 0x8
core   0: 3 0x8000dbe8 (0xff9ff06f)
core   0: 0x8000dbe0 (0x00001f17) auipc   t5, 0x1
core   0: 3 0x8000dbe0 (0x00001f17) x30 0x8000ebe0
core   0: 0x8000dbe4 (0x423f2023) sw      gp, 1056(t5)
core   0: 3 0x8000dbe4 (0x423f2023) mem 0x8000f000 0x00000001
core   0: 0x8000dbe8 (0xff9ff06f) j       pc - 0x8
core   0: 3 0x8000dbe8 (0xff9ff06f)
core   0: 0x8000dbe0 (0x00001f17) auipc   t5, 0x1
core   0: 3 0x8000dbe0 (0x00001f17) x30 0x8000ebe0
core   0: 0x8000dbe4 (0x423f2023) sw      gp, 1056(t5)
core   0: 3 0x8000dbe4 (0x423f2023) mem 0x8000f000 0x00000001
core   0: 0x8000dbe8 (0xff9ff06f) j       pc - 0x8
core   0: 3 0x8000dbe8 (0xff9ff06f)
core   0: 0x8000dbe0 (0x00001f17) auipc   t5, 0x1
core   0: 3 0x8000dbe0 (0x00001f17) x30 0x8000ebe0
core   0: 0x8000dbe4 (0x423f2023) sw      gp, 1056(t5)
core   0: 3 0x8000dbe4 (0x423f2023) mem 0x8000f000 0x00000001
core   0: 0x8000dbe8 (0xff9ff06f) j       pc - 0x8
core   0: 3 0x8000dbe8 (0xff9ff06f)
core   0: 0x8000dbe0 (0x00001f17) auipc   t5, 0x1
core   0: 3 0x8000dbe0 (0x00001f17) x30 0x8000ebe0
core   0: 0x8000dbe4 (0x423f2023) sw      gp, 1056(t5)
core   0: 3 0x8000dbe4 (0x423f2023) mem 0x8000f000 0x00000001
core   0: 0x8000dbe8 (0xff9ff06f) j       pc - 0x8
core   0: 3 0x8000dbe8 (0xff9ff06f)
core   0: 0x8000dbe0 (0x00001f17) auipc   t5, 0x1
core   0: 3 0x8000dbe0 (0x00001f17) x30 0x8000ebe0
core   0: 0x8000dbe4 (0x423f2023) sw      gp, 1056(t5)
core   0: 3 0x8000dbe4 (0x423f2023) mem 0x8000f000 0x00000001
core   0: 0x8000dbe8 (0xff9ff06f) j       pc - 0x8
core   0: 3 0x8000dbe8 (0xff9ff06f)
core   0: 0x8000dbe0 (0x00001f17) auipc   t5, 0x1
core   0: 3 0x8000dbe0 (0x00001f17) x30 0x8000ebe0
core   0: 0x8000dbe4 (0x423f2023) sw      gp, 1056(t5)
core   0: 3 0x8000dbe4 (0x423f2023) mem 0x8000f000 0x00000001
core   0: 0x8000dbe8 (0xff9ff06f) j       pc - 0x8
core   0: 3 0x8000dbe8 (0xff9ff06f)
core   0: 0x8000dbe0 (0x00001f17) auipc   t5, 0x1
core   0: 3 0x8000dbe0 (0x00001f17) x30 0x8000ebe0
core   0: 0x8000dbe4 (0x423f2023) sw      gp, 1056(t5)
core   0: 3 0x8000dbe4 (0x423f2023) mem 0x8000f000 0x00000001
core   0: 0x8000dbe8 (0xff9ff06f) j       pc - 0x8
core   0: 3 0x8000dbe8 (0xff9ff06f)
core   0: 0x8000dbe0 (0x00001f17) auipc   t5, 0x1
core   0: 3 0x8000dbe0 (0x00001f17) x30 0x8000ebe0
core   0: 0x8000dbe4 (0x423f2023) sw      gp, 1056(t5)
core   0: 3 0x8000dbe4 (0x423f2023) mem 0x8000f000 0x00000001
core   0: 0x8000dbe8 (0xff9ff06f) j       pc - 0x8
core   0: 3 0x8000dbe8 (0xff9ff06f)
core   0: 0x8000dbe0 (0x00001f17) auipc   t5, 0x1
core   0: 3 0x8000dbe0 (0x00001f17) x30 0x8000ebe0
core   0: 0x8000dbe4 (0x423f2023) sw      gp, 1056(t5)
core   0: 3 0x8000dbe4 (0x423f2023) mem 0x8000f000 0x00000001
core   0: 0x8000dbe8 (0xff9ff06f) j       pc - 0x8
core   0: 3 0x8000dbe8 (0xff9ff06f)
core   0: 0x8000dbe0 (0x00001f17) auipc   t5, 0x1
core   0: 3 0x8000dbe0 (0x00001f17) x30 0x8000ebe0
core   0: 0x8000dbe4 (0x423f2023) sw      gp, 1056(t5)
core   0: 3 0x8000dbe4 (0x423f2023) mem 0x8000f000 0x00000001
core   0: 0x8000dbe8 (0xff9ff06f) j       pc - 0x8
core   0: 3 0x8000dbe8 (0xff9ff06f)
core   0: 0x8000dbe0 (0x00001f17) auipc   t5, 0x1
core   0: 3 0x8000dbe0 (0x00001f17) x30 0x8000ebe0
core   0: 0x8000dbe4 (0x423f2023) sw      gp, 1056(t5)
core   0: 3 0x8000dbe4 (0x423f2023) mem 0x8000f000 0x00000001
core   0: 0x8000dbe8 (0xff9ff06f) j       pc - 0x8
core   0: 3 0x8000dbe8 (0xff9ff06f)
core   0: 0x8000dbe0 (0x00001f17) auipc   t5, 0x1
core   0: 3 0x8000dbe0 (0x00001f17) x30 0x8000ebe0
core   0: 0x8000dbe4 (0x423f2023) sw      gp, 1056(t5)
core   0: 3 0x8000dbe4 (0x423f2023) mem 0x8000f000 0x00000001
core   0: 0x8000dbe8 (0xff9ff06f) j       pc - 0x8
core   0: 3 0x8000dbe8 (0xff9ff06f)
core   0: 0x8000dbe0 (0x00001f17) auipc   t5, 0x1
core   0: 3 0x8000dbe0 (0x00001f17) x30 0x8000ebe0
core   0: 0x8000dbe4 (0x423f2023) sw      gp, 1056(t5)
core   0: 3 0x8000dbe4 (0x423f2023) mem 0x8000f000 0x00000001
core   0: 0x8000dbe8 (0xff9ff06f) j       pc - 0x8
core   0: 3 0x8000dbe8 (0xff9ff06f)
core   0: 0x8000dbe0 (0x00001f17) auipc   t5, 0x1
core   0: 3 0x8000dbe0 (0x00001f17) x30 0x8000ebe0
core   0: 0x8000dbe4 (0x423f2023) sw      gp, 1056(t5)
core   0: 3 0x8000dbe4 (0x423f2023) mem 0x8000f000 0x00000001
core   0: 0x8000dbe8 (0xff9ff06f) j       pc - 0x8
core   0: 3 0x8000dbe8 (0xff9ff06f)
core   0: 0x8000dbe0 (0x00001f17) auipc   t5, 0x1
core   0: 3 0x8000dbe0 (0x00001f17) x30 0x8000ebe0
core   0: 0x8000dbe4 (0x423f2023) sw      gp, 1056(t5)
core   0: 3 0x8000dbe4 (0x423f2023) mem 0x8000f000 0x00000001
core   0: 0x8000dbe8 (0xff9ff06f) j       pc - 0x8
core   0: 3 0x8000dbe8 (0xff9ff06f)
core   0: 0x8000dbe0 (0x00001f17) auipc   t5, 0x1
core   0: 3 0x8000dbe0 (0x00001f17) x30 0x8000ebe0
core   0: 0x8000dbe4 (0x423f2023) sw      gp, 1056(t5)
core   0: 3 0x8000dbe4 (0x423f2023) mem 0x8000f000 0x00000001
core   0: 0x8000dbe8 (0xff9ff06f) j       pc - 0x8
core   0: 3 0x8000dbe8 (0xff9ff06f)
core   0: 0x8000dbe0 (0x00001f17) auipc   t5, 0x1
core   0: 3 0x8000dbe0 (0x00001f17) x30 0x8000ebe0
core   0: 0x8000dbe4 (0x423f2023) sw      gp, 1056(t5)
core   0: 3 0x8000dbe4 (0x423f2023) mem 0x8000f000 0x00000001
core   0: 0x8000dbe8 (0xff9ff06f) j       pc - 0x8
core   0: 3 0x8000dbe8 (0xff9ff06f)
core   0: 0x8000dbe0 (0x00001f17) auipc   t5, 0x1
core   0: 3 0x8000dbe0 (0x00001f17) x30 0x8000ebe0
core   0: 0x8000dbe4 (0x423f2023) sw      gp, 1056(t5)
core   0: 3 0x8000dbe4 (0x423f2023) mem 0x8000f000 0x00000001
core   0: 0x8000dbe8 (0xff9ff06f) j       pc - 0x8
core   0: 3 0x8000dbe8 (0xff9ff06f)
core   0: 0x8000dbe0 (0x00001f17) auipc   t5, 0x1
core   0: 3 0x8000dbe0 (0x00001f17) x30 0x8000ebe0
core   0: 0x8000dbe4 (0x423f2023) sw      gp, 1056(t5)
core   0: 3 0x8000dbe4 (0x423f2023) mem 0x8000f000 0x00000001
core   0: 0x8000dbe8 (0xff9ff06f) j       pc - 0x8
core   0: 3 0x8000dbe8 (0xff9ff06f)
core   0: 0x8000dbe0 (0x00001f17) auipc   t5, 0x1
core   0: 3 0x8000dbe0 (0x00001f17) x30 0x8000ebe0
core   0: 0x8000dbe4 (0x423f2023) sw      gp, 1056(t5)
core   0: 3 0x8000dbe4 (0x423f2023) mem 0x8000f000 0x00000001
core   0: 0x8000dbe8 (0xff9ff06f) j       pc - 0x8
core   0: 3 0x8000dbe8 (0xff9ff06f)
core   0: 0x8000dbe0 (0x00001f17) auipc   t5, 0x1
core   0: 3 0x8000dbe0 (0x00001f17) x30 0x8000ebe0
core   0: 0x8000dbe4 (0x423f2023) sw      gp, 1056(t5)
core   0: 3 0x8000dbe4 (0x423f2023) mem 0x8000f000 0x00000001
core   0: 0x8000dbe8 (0xff9ff06f) j       pc - 0x8
core   0: 3 0x8000dbe8 (0xff9ff06f)
core   0: 0x8000dbe0 (0x00001f17) auipc   t5, 0x1
core   0: 3 0x8000dbe0 (0x00001f17) x30 0x8000ebe0
core   0: 0x8000dbe4 (0x423f2023) sw      gp, 1056(t5)
core   0: 3 0x8000dbe4 (0x423f2023) mem 0x8000f000 0x00000001
core   0: 0x8000dbe8 (0xff9ff06f) j       pc - 0x8
core   0: 3 0x8000dbe8 (0xff9ff06f)
core   0: 0x8000dbe0 (0x00001f17) auipc   t5, 0x1
core   0: 3 0x8000dbe0 (0x00001f17) x30 0x8000ebe0
core   0: 0x8000dbe4 (0x423f2023) sw      gp, 1056(t5)
core   0: 3 0x8000dbe4 (0x423f2023) mem 0x8000f000 0x00000001
core   0: 0x8000dbe8 (0xff9ff06f) j       pc - 0x8
core   0: 3 0x8000dbe8 (0xff9ff06f)
core   0: 0x8000dbe0 (0x00001f17) auipc   t5, 0x1
core   0: 3 0x8000dbe0 (0x00001f17) x30 0x8000ebe0
core   0: 0x8000dbe4 (0x423f2023) sw      gp, 1056(t5)
core   0: 3 0x8000dbe4 (0x423f2023) mem 0x8000f000 0x00000001
core   0: 0x8000dbe8 (0xff9ff06f) j       pc - 0x8
core   0: 3 0x8000dbe8 (0xff9ff06f)
core   0: 0x8000dbe0 (0x00001f17) auipc   t5, 0x1
core   0: 3 0x8000dbe0 (0x00001f17) x30 0x8000ebe0
core   0: 0x8000dbe4 (0x423f2023) sw      gp, 1056(t5)
core   0: 3 0x8000dbe4 (0x423f2023) mem 0x8000f000 0x00000001
core   0: 0x8000dbe8 (0xff9ff06f) j       pc - 0x8
core   0: 3 0x8000dbe8 (0xff9ff06f)
core   0: 0x8000dbe0 (0x00001f17) auipc   t5, 0x1
core   0: 3 0x8000dbe0 (0x00001f17) x30 0x8000ebe0
core   0: 0x8000dbe4 (0x423f2023) sw      gp, 1056(t5)
core   0: 3 0x8000dbe4 (0x423f2023) mem 0x8000f000 0x00000001
core   0: 0x8000dbe8 (0xff9ff06f) j       pc - 0x8
core   0: 3 0x8000dbe8 (0xff9ff06f)
core   0: 0x8000dbe0 (0x00001f17) auipc   t5, 0x1
core   0: 3 0x8000dbe0 (0x00001f17) x30 0x8000ebe0
core   0: 0x8000dbe4 (0x423f2023) sw      gp, 1056(t5)
core   0: 3 0x8000dbe4 (0x423f2023) mem 0x8000f000 0x00000001
core   0: 0x8000dbe8 (0xff9ff06f) j       pc - 0x8
core   0: 3 0x8000dbe8 (0xff9ff06f)
core   0: 0x8000dbe0 (0x00001f17) auipc   t5, 0x1
core   0: 3 0x8000dbe0 (0x00001f17) x30 0x8000ebe0
core   0: 0x8000dbe4 (0x423f2023) sw      gp, 1056(t5)
core   0: 3 0x8000dbe4 (0x423f2023) mem 0x8000f000 0x00000001
core   0: 0x8000dbe8 (0xff9ff06f) j       pc - 0x8
core   0: 3 0x8000dbe8 (0xff9ff06f)
core   0: 0x8000dbe0 (0x00001f17) auipc   t5, 0x1
core   0: 3 0x8000dbe0 (0x00001f17) x30 0x8000ebe0
core   0: 0x8000dbe4 (0x423f2023) sw      gp, 1056(t5)
core   0: 3 0x8000dbe4 (0x423f2023) mem 0x8000f000 0x00000001
core   0: 0x8000dbe8 (0xff9ff06f) j       pc - 0x8
core   0: 3 0x8000dbe8 (0xff9ff06f)
core   0: 0x8000dbe0 (0x00001f17) auipc   t5, 0x1
core   0: 3 0x8000dbe0 (0x00001f17) x30 0x8000ebe0
core   0: 0x8000dbe4 (0x423f2023) sw      gp, 1056(t5)
core   0: 3 0x8000dbe4 (0x423f2023) mem 0x8000f000 0x00000001
core   0: 0x8000dbe8 (0xff9ff06f) j       pc - 0x8
core   0: 3 0x8000dbe8 (0xff9ff06f)
core   0: 0x8000dbe0 (0x00001f17) auipc   t5, 0x1
core   0: 3 0x8000dbe0 (0x00001f17) x30 0x8000ebe0
core   0: 0x8000dbe4 (0x423f2023) sw      gp, 1056(t5)
core   0: 3 0x8000dbe4 (0x423f2023) mem 0x8000f000 0x00000001
core   0: 0x8000dbe8 (0xff9ff06f) j       pc - 0x8
core   0: 3 0x8000dbe8 (0xff9ff06f)
core   0: 0x8000dbe0 (0x00001f17) auipc   t5, 0x1
core   0: 3 0x8000dbe0 (0x00001f17) x30 0x8000ebe0
core   0: 0x8000dbe4 (0x423f2023) sw      gp, 1056(t5)
core   0: 3 0x8000dbe4 (0x423f2023) mem 0x8000f000 0x00000001
core   0: 0x8000dbe8 (0xff9ff06f) j       pc - 0x8
core   0: 3 0x8000dbe8 (0xff9ff06f)
core   0: 0x8000dbe0 (0x00001f17) auipc   t5, 0x1
core   0: 3 0x8000dbe0 (0x00001f17) x30 0x8000ebe0
core   0: 0x8000dbe4 (0x423f2023) sw      gp, 1056(t5)
core   0: 3 0x8000dbe4 (0x423f2023) mem 0x8000f000 0x00000001
core   0: 0x8000dbe8 (0xff9ff06f) j       pc - 0x8
core   0: 3 0x8000dbe8 (0xff9ff06f)
core   0: 0x8000dbe0 (0x00001f17) auipc   t5, 0x1
core   0: 3 0x8000dbe0 (0x00001f17) x30 0x8000ebe0
core   0: 0x8000dbe4 (0x423f2023) sw      gp, 1056(t5)
core   0: 3 0x8000dbe4 (0x423f2023) mem 0x8000f000 0x00000001
core   0: 0x8000dbe8 (0xff9ff06f) j       pc - 0x8
core   0: 3 0x8000dbe8 (0xff9ff06f)
core   0: 0x8000dbe0 (0x00001f17) auipc   t5, 0x1
core   0: 3 0x8000dbe0 (0x00001f17) x30 0x8000ebe0
core   0: 0x8000dbe4 (0x423f2023) sw      gp, 1056(t5)
core   0: 3 0x8000dbe4 (0x423f2023) mem 0x8000f000 0x00000001
core   0: 0x8000dbe8 (0xff9ff06f) j       pc - 0x8
core   0: 3 0x8000dbe8 (0xff9ff06f)
core   0: 0x8000dbe0 (0x00001f17) auipc   t5, 0x1
core   0: 3 0x8000dbe0 (0x00001f17) x30 0x8000ebe0
core   0: 0x8000dbe4 (0x423f2023) sw      gp, 1056(t5)
core   0: 3 0x8000dbe4 (0x423f2023) mem 0x8000f000 0x00000001
core   0: 0x8000dbe8 (0xff9ff06f) j       pc - 0x8
core   0: 3 0x8000dbe8 (0xff9ff06f)
core   0: 0x8000dbe0 (0x00001f17) auipc   t5, 0x1
core   0: 3 0x8000dbe0 (0x00001f17) x30 0x8000ebe0
core   0: 0x8000dbe4 (0x423f2023) sw      gp, 1056(t5)
core   0: 3 0x8000dbe4 (0x423f2023) mem 0x8000f000 0x00000001
core   0: 0x8000dbe8 (0xff9ff06f) j       pc - 0x8
core   0: 3 0x8000dbe8 (0xff9ff06f)
core   0: 0x8000dbe0 (0x00001f17) auipc   t5, 0x1
core   0: 3 0x8000dbe0 (0x00001f17) x30 0x8000ebe0
core   0: 0x8000dbe4 (0x423f2023) sw      gp, 1056(t5)
core   0: 3 0x8000dbe4 (0x423f2023) mem 0x8000f000 0x00000001
core   0: 0x8000dbe8 (0xff9ff06f) j       pc - 0x8
core   0: 3 0x8000dbe8 (0xff9ff06f)
core   0: 0x8000dbe0 (0x00001f17) auipc   t5, 0x1
core   0: 3 0x8000dbe0 (0x00001f17) x30 0x8000ebe0
core   0: 0x8000dbe4 (0x423f2023) sw      gp, 1056(t5)
core   0: 3 0x8000dbe4 (0x423f2023) mem 0x8000f000 0x00000001
core   0: 0x8000dbe8 (0xff9ff06f) j       pc - 0x8
core   0: 3 0x8000dbe8 (0xff9ff06f)
core   0: 0x8000dbe0 (0x00001f17) auipc   t5, 0x1
core   0: 3 0x8000dbe0 (0x00001f17) x30 0x8000ebe0
core   0: 0x8000dbe4 (0x423f2023) sw      gp, 1056(t5)
core   0: 3 0x8000dbe4 (0x423f2023) mem 0x8000f000 0x00000001
core   0: 0x8000dbe8 (0xff9ff06f) j       pc - 0x8
core   0: 3 0x8000dbe8 (0xff9ff06f)
core   0: 0x8000dbe0 (0x00001f17) auipc   t5, 0x1
core   0: 3 0x8000dbe0 (0x00001f17) x30 0x8000ebe0
core   0: 0x8000dbe4 (0x423f2023) sw      gp, 1056(t5)
core   0: 3 0x8000dbe4 (0x423f2023) mem 0x8000f000 0x00000001
core   0: 0x8000dbe8 (0xff9ff06f) j       pc - 0x8
core   0: 3 0x8000dbe8 (0xff9ff06f)
core   0: 0x8000dbe0 (0x00001f17) auipc   t5, 0x1
core   0: 3 0x8000dbe0 (0x00001f17) x30 0x8000ebe0
core   0: 0x8000dbe4 (0x423f2023) sw      gp, 1056(t5)
core   0: 3 0x8000dbe4 (0x423f2023) mem 0x8000f000 0x00000001
core   0: 0x8000dbe8 (0xff9ff06f) j       pc - 0x8
core   0: 3 0x8000dbe8 (0xff9ff06f)
core   0: 0x8000dbe0 (0x00001f17) auipc   t5, 0x1
core   0: 3 0x8000dbe0 (0x00001f17) x30 0x8000ebe0
core   0: 0x8000dbe4 (0x423f2023) sw      gp, 1056(t5)
core   0: 3 0x8000dbe4 (0x423f2023) mem 0x8000f000 0x00000001
core   0: 0x8000dbe8 (0xff9ff06f) j       pc - 0x8
core   0: 3 0x8000dbe8 (0xff9ff06f)
core   0: 0x8000dbe0 (0x00001f17) auipc   t5, 0x1
core   0: 3 0x8000dbe0 (0x00001f17) x30 0x8000ebe0
core   0: 0x8000dbe4 (0x423f2023) sw      gp, 1056(t5)
core   0: 3 0x8000dbe4 (0x423f2023) mem 0x8000f000 0x00000001
core   0: 0x8000dbe8 (0xff9ff06f) j       pc - 0x8
core   0: 3 0x8000dbe8 (0xff9ff06f)
core   0: 0x8000dbe0 (0x00001f17) auipc   t5, 0x1
core   0: 3 0x8000dbe0 (0x00001f17) x30 0x8000ebe0
core   0: 0x8000dbe4 (0x423f2023) sw      gp, 1056(t5)
core   0: 3 0x8000dbe4 (0x423f2023) mem 0x8000f000 0x00000001
core   0: 0x8000dbe8 (0xff9ff06f) j       pc - 0x8
core   0: 3 0x8000dbe8 (0xff9ff06f)
core   0: 0x8000dbe0 (0x00001f17) auipc   t5, 0x1
core   0: 3 0x8000dbe0 (0x00001f17) x30 0x8000ebe0
core   0: 0x8000dbe4 (0x423f2023) sw      gp, 1056(t5)
core   0: 3 0x8000dbe4 (0x423f2023) mem 0x8000f000 0x00000001
core   0: 0x8000dbe8 (0xff9ff06f) j       pc - 0x8
core   0: 3 0x8000dbe8 (0xff9ff06f)
core   0: 0x8000dbe0 (0x00001f17) auipc   t5, 0x1
core   0: 3 0x8000dbe0 (0x00001f17) x30 0x8000ebe0
core   0: 0x8000dbe4 (0x423f2023) sw      gp, 1056(t5)
core   0: 3 0x8000dbe4 (0x423f2023) mem 0x8000f000 0x00000001
core   0: 0x8000dbe8 (0xff9ff06f) j       pc - 0x8
core   0: 3 0x8000dbe8 (0xff9ff06f)
core   0: 0x8000dbe0 (0x00001f17) auipc   t5, 0x1
core   0: 3 0x8000dbe0 (0x00001f17) x30 0x8000ebe0
core   0: 0x8000dbe4 (0x423f2023) sw      gp, 1056(t5)
core   0: 3 0x8000dbe4 (0x423f2023) mem 0x8000f000 0x00000001
core   0: 0x8000dbe8 (0xff9ff06f) j       pc - 0x8
core   0: 3 0x8000dbe8 (0xff9ff06f)
core   0: 0x8000dbe0 (0x00001f17) auipc   t5, 0x1
core   0: 3 0x8000dbe0 (0x00001f17) x30 0x8000ebe0
core   0: 0x8000dbe4 (0x423f2023) sw      gp, 1056(t5)
core   0: 3 0x8000dbe4 (0x423f2023) mem 0x8000f000 0x00000001
core   0: 0x8000dbe8 (0xff9ff06f) j       pc - 0x8
core   0: 3 0x8000dbe8 (0xff9ff06f)
core   0: 0x8000dbe0 (0x00001f17) auipc   t5, 0x1
core   0: 3 0x8000dbe0 (0x00001f17) x30 0x8000ebe0
core   0: 0x8000dbe4 (0x423f2023) sw      gp, 1056(t5)
core   0: 3 0x8000dbe4 (0x423f2023) mem 0x8000f000 0x00000001
core   0: 0x8000dbe8 (0xff9ff06f) j       pc - 0x8
core   0: 3 0x8000dbe8 (0xff9ff06f)
core   0: 0x8000dbe0 (0x00001f17) auipc   t5, 0x1
core   0: 3 0x8000dbe0 (0x00001f17) x30 0x8000ebe0
core   0: 0x8000dbe4 (0x423f2023) sw      gp, 1056(t5)
core   0: 3 0x8000dbe4 (0x423f2023) mem 0x8000f000 0x00000001
core   0: 0x8000dbe8 (0xff9ff06f) j       pc - 0x8
core   0: 3 0x8000dbe8 (0xff9ff06f)
core   0: 0x8000dbe0 (0x00001f17) auipc   t5, 0x1
core   0: 3 0x8000dbe0 (0x00001f17) x30 0x8000ebe0
core   0: 0x8000dbe4 (0x423f2023) sw      gp, 1056(t5)
core   0: 3 0x8000dbe4 (0x423f2023) mem 0x8000f000 0x00000001
core   0: 0x8000dbe8 (0xff9ff06f) j       pc - 0x8
core   0: 3 0x8000dbe8 (0xff9ff06f)
core   0: 0x8000dbe0 (0x00001f17) auipc   t5, 0x1
core   0: 3 0x8000dbe0 (0x00001f17) x30 0x8000ebe0
core   0: 0x8000dbe4 (0x423f2023) sw      gp, 1056(t5)
core   0: 3 0x8000dbe4 (0x423f2023) mem 0x8000f000 0x00000001
core   0: 0x8000dbe8 (0xff9ff06f) j       pc - 0x8
core   0: 3 0x8000dbe8 (0xff9ff06f)
core   0: 0x8000dbe0 (0x00001f17) auipc   t5, 0x1
core   0: 3 0x8000dbe0 (0x00001f17) x30 0x8000ebe0
core   0: 0x8000dbe4 (0x423f2023) sw      gp, 1056(t5)
core   0: 3 0x8000dbe4 (0x423f2023) mem 0x8000f000 0x00000001
core   0: 0x8000dbe8 (0xff9ff06f) j       pc - 0x8
core   0: 3 0x8000dbe8 (0xff9ff06f)
core   0: 0x8000dbe0 (0x00001f17) auipc   t5, 0x1
core   0: 3 0x8000dbe0 (0x00001f17) x30 0x8000ebe0
core   0: 0x8000dbe4 (0x423f2023) sw      gp, 1056(t5)
core   0: 3 0x8000dbe4 (0x423f2023) mem 0x8000f000 0x00000001
core   0: 0x8000dbe8 (0xff9ff06f) j       pc - 0x8
core   0: 3 0x8000dbe8 (0xff9ff06f)
core   0: 0x8000dbe0 (0x00001f17) auipc   t5, 0x1
core   0: 3 0x8000dbe0 (0x00001f17) x30 0x8000ebe0
core   0: 0x8000dbe4 (0x423f2023) sw      gp, 1056(t5)
core   0: 3 0x8000dbe4 (0x423f2023) mem 0x8000f000 0x00000001
core   0: 0x8000dbe8 (0xff9ff06f) j       pc - 0x8
core   0: 3 0x8000dbe8 (0xff9ff06f)
core   0: 0x8000dbe0 (0x00001f17) auipc   t5, 0x1
core   0: 3 0x8000dbe0 (0x00001f17) x30 0x8000ebe0
core   0: 0x8000dbe4 (0x423f2023) sw      gp, 1056(t5)
core   0: 3 0x8000dbe4 (0x423f2023) mem 0x8000f000 0x00000001
core   0: 0x8000dbe8 (0xff9ff06f) j       pc - 0x8
core   0: 3 0x8000dbe8 (0xff9ff06f)
core   0: 0x8000dbe0 (0x00001f17) auipc   t5, 0x1
core   0: 3 0x8000dbe0 (0x00001f17) x30 0x8000ebe0
core   0: 0x8000dbe4 (0x423f2023) sw      gp, 1056(t5)
core   0: 3 0x8000dbe4 (0x423f2023) mem 0x8000f000 0x00000001
core   0: 0x8000dbe8 (0xff9ff06f) j       pc - 0x8
core   0: 3 0x8000dbe8 (0xff9ff06f)
core   0: 0x8000dbe0 (0x00001f17) auipc   t5, 0x1
core   0: 3 0x8000dbe0 (0x00001f17) x30 0x8000ebe0
core   0: 0x8000dbe4 (0x423f2023) sw      gp, 1056(t5)
core   0: 3 0x8000dbe4 (0x423f2023) mem 0x8000f000 0x00000001
core   0: 0x8000dbe8 (0xff9ff06f) j       pc - 0x8
core   0: 3 0x8000dbe8 (0xff9ff06f)
core   0: 0x8000dbe0 (0x00001f17) auipc   t5, 0x1
core   0: 3 0x8000dbe0 (0x00001f17) x30 0x8000ebe0
core   0: 0x8000dbe4 (0x423f2023) sw      gp, 1056(t5)
core   0: 3 0x8000dbe4 (0x423f2023) mem 0x8000f000 0x00000001
core   0: 0x8000dbe8 (0xff9ff06f) j       pc - 0x8
core   0: 3 0x8000dbe8 (0xff9ff06f)
core   0: 0x8000dbe0 (0x00001f17) auipc   t5, 0x1
core   0: 3 0x8000dbe0 (0x00001f17) x30 0x8000ebe0
core   0: 0x8000dbe4 (0x423f2023) sw      gp, 1056(t5)
core   0: 3 0x8000dbe4 (0x423f2023) mem 0x8000f000 0x00000001
core   0: 0x8000dbe8 (0xff9ff06f) j       pc - 0x8
core   0: 3 0x8000dbe8 (0xff9ff06f)
core   0: 0x8000dbe0 (0x00001f17) auipc   t5, 0x1
core   0: 3 0x8000dbe0 (0x00001f17) x30 0x8000ebe0
core   0: 0x8000dbe4 (0x423f2023) sw      gp, 1056(t5)
core   0: 3 0x8000dbe4 (0x423f2023) mem 0x8000f000 0x00000001
core   0: 0x8000dbe8 (0xff9ff06f) j       pc - 0x8
core   0: 3 0x8000dbe8 (0xff9ff06f)
core   0: 0x8000dbe0 (0x00001f17) auipc   t5, 0x1
core   0: 3 0x8000dbe0 (0x00001f17) x30 0x8000ebe0
core   0: 0x8000dbe4 (0x423f2023) sw      gp, 1056(t5)
core   0: 3 0x8000dbe4 (0x423f2023) mem 0x8000f000 0x00000001
core   0: 0x8000dbe8 (0xff9ff06f) j       pc - 0x8
core   0: 3 0x8000dbe8 (0xff9ff06f)
core   0: 0x8000dbe0 (0x00001f17) auipc   t5, 0x1
core   0: 3 0x8000dbe0 (0x00001f17) x30 0x8000ebe0
core   0: 0x8000dbe4 (0x423f2023) sw      gp, 1056(t5)
core   0: 3 0x8000dbe4 (0x423f2023) mem 0x8000f000 0x00000001
core   0: 0x8000dbe8 (0xff9ff06f) j       pc - 0x8
core   0: 3 0x8000dbe8 (0xff9ff06f)
core   0: 0x8000dbe0 (0x00001f17) auipc   t5, 0x1
core   0: 3 0x8000dbe0 (0x00001f17) x30 0x8000ebe0
core   0: 0x8000dbe4 (0x423f2023) sw      gp, 1056(t5)
core   0: 3 0x8000dbe4 (0x423f2023) mem 0x8000f000 0x00000001
core   0: 0x8000dbe8 (0xff9ff06f) j       pc - 0x8
core   0: 3 0x8000dbe8 (0xff9ff06f)
core   0: 0x8000dbe0 (0x00001f17) auipc   t5, 0x1
core   0: 3 0x8000dbe0 (0x00001f17) x30 0x8000ebe0
core   0: 0x8000dbe4 (0x423f2023) sw      gp, 1056(t5)
core   0: 3 0x8000dbe4 (0x423f2023) mem 0x8000f000 0x00000001
core   0: 0x8000dbe8 (0xff9ff06f) j       pc - 0x8
core   0: 3 0x8000dbe8 (0xff9ff06f)
core   0: 0x8000dbe0 (0x00001f17) auipc   t5, 0x1
core   0: 3 0x8000dbe0 (0x00001f17) x30 0x8000ebe0
core   0: 0x8000dbe4 (0x423f2023) sw      gp, 1056(t5)
core   0: 3 0x8000dbe4 (0x423f2023) mem 0x8000f000 0x00000001
core   0: 0x8000dbe8 (0xff9ff06f) j       pc - 0x8
core   0: 3 0x8000dbe8 (0xff9ff06f)
core   0: 0x8000dbe0 (0x00001f17) auipc   t5, 0x1
core   0: 3 0x8000dbe0 (0x00001f17) x30 0x8000ebe0
core   0: 0x8000dbe4 (0x423f2023) sw      gp, 1056(t5)
core   0: 3 0x8000dbe4 (0x423f2023) mem 0x8000f000 0x00000001
core   0: 0x8000dbe8 (0xff9ff06f) j       pc - 0x8
core   0: 3 0x8000dbe8 (0xff9ff06f)
core   0: 0x8000dbe0 (0x00001f17) auipc   t5, 0x1
core   0: 3 0x8000dbe0 (0x00001f17) x30 0x8000ebe0
core   0: 0x8000dbe4 (0x423f2023) sw      gp, 1056(t5)
core   0: 3 0x8000dbe4 (0x423f2023) mem 0x8000f000 0x00000001
core   0: 0x8000dbe8 (0xff9ff06f) j       pc - 0x8
core   0: 3 0x8000dbe8 (0xff9ff06f)
core   0: 0x8000dbe0 (0x00001f17) auipc   t5, 0x1
core   0: 3 0x8000dbe0 (0x00001f17) x30 0x8000ebe0
core   0: 0x8000dbe4 (0x423f2023) sw      gp, 1056(t5)
core   0: 3 0x8000dbe4 (0x423f2023) mem 0x8000f000 0x00000001
core   0: 0x8000dbe8 (0xff9ff06f) j       pc - 0x8
core   0: 3 0x8000dbe8 (0xff9ff06f)
core   0: 0x8000dbe0 (0x00001f17) auipc   t5, 0x1
core   0: 3 0x8000dbe0 (0x00001f17) x30 0x8000ebe0
core   0: 0x8000dbe4 (0x423f2023) sw      gp, 1056(t5)
core   0: 3 0x8000dbe4 (0x423f2023) mem 0x8000f000 0x00000001
core   0: 0x8000dbe8 (0xff9ff06f) j       pc - 0x8
core   0: 3 0x8000dbe8 (0xff9ff06f)
core   0: 0x8000dbe0 (0x00001f17) auipc   t5, 0x1
core   0: 3 0x8000dbe0 (0x00001f17) x30 0x8000ebe0
core   0: 0x8000dbe4 (0x423f2023) sw      gp, 1056(t5)
core   0: 3 0x8000dbe4 (0x423f2023) mem 0x8000f000 0x00000001
core   0: 0x8000dbe8 (0xff9ff06f) j       pc - 0x8
core   0: 3 0x8000dbe8 (0xff9ff06f)
core   0: 0x8000dbe0 (0x00001f17) auipc   t5, 0x1
core   0: 3 0x8000dbe0 (0x00001f17) x30 0x8000ebe0
core   0: 0x8000dbe4 (0x423f2023) sw      gp, 1056(t5)
core   0: 3 0x8000dbe4 (0x423f2023) mem 0x8000f000 0x00000001
core   0: 0x8000dbe8 (0xff9ff06f) j       pc - 0x8
core   0: 3 0x8000dbe8 (0xff9ff06f)
core   0: 0x8000dbe0 (0x00001f17) auipc   t5, 0x1
core   0: 3 0x8000dbe0 (0x00001f17) x30 0x8000ebe0
core   0: 0x8000dbe4 (0x423f2023) sw      gp, 1056(t5)
core   0: 3 0x8000dbe4 (0x423f2023) mem 0x8000f000 0x00000001
core   0: 0x8000dbe8 (0xff9ff06f) j       pc - 0x8
core   0: 3 0x8000dbe8 (0xff9ff06f)
core   0: 0x8000dbe0 (0x00001f17) auipc   t5, 0x1
core   0: 3 0x8000dbe0 (0x00001f17) x30 0x8000ebe0
core   0: 0x8000dbe4 (0x423f2023) sw      gp, 1056(t5)
core   0: 3 0x8000dbe4 (0x423f2023) mem 0x8000f000 0x00000001
core   0: 0x8000dbe8 (0xff9ff06f) j       pc - 0x8
core   0: 3 0x8000dbe8 (0xff9ff06f)
core   0: 0x8000dbe0 (0x00001f17) auipc   t5, 0x1
core   0: 3 0x8000dbe0 (0x00001f17) x30 0x8000ebe0
core   0: 0x8000dbe4 (0x423f2023) sw      gp, 1056(t5)
core   0: 3 0x8000dbe4 (0x423f2023) mem 0x8000f000 0x00000001
core   0: 0x8000dbe8 (0xff9ff06f) j       pc - 0x8
core   0: 3 0x8000dbe8 (0xff9ff06f)
core   0: 0x8000dbe0 (0x00001f17) auipc   t5, 0x1
core   0: 3 0x8000dbe0 (0x00001f17) x30 0x8000ebe0
core   0: 0x8000dbe4 (0x423f2023) sw      gp, 1056(t5)
core   0: 3 0x8000dbe4 (0x423f2023) mem 0x8000f000 0x00000001
core   0: 0x8000dbe8 (0xff9ff06f) j       pc - 0x8
core   0: 3 0x8000dbe8 (0xff9ff06f)
core   0: 0x8000dbe0 (0x00001f17) auipc   t5, 0x1
core   0: 3 0x8000dbe0 (0x00001f17) x30 0x8000ebe0
core   0: 0x8000dbe4 (0x423f2023) sw      gp, 1056(t5)
core   0: 3 0x8000dbe4 (0x423f2023) mem 0x8000f000 0x00000001
core   0: 0x8000dbe8 (0xff9ff06f) j       pc - 0x8
core   0: 3 0x8000dbe8 (0xff9ff06f)
core   0: 0x8000dbe0 (0x00001f17) auipc   t5, 0x1
core   0: 3 0x8000dbe0 (0x00001f17) x30 0x8000ebe0
core   0: 0x8000dbe4 (0x423f2023) sw      gp, 1056(t5)
core   0: 3 0x8000dbe4 (0x423f2023) mem 0x8000f000 0x00000001
core   0: 0x8000dbe8 (0xff9ff06f) j       pc - 0x8
core   0: 3 0x8000dbe8 (0xff9ff06f)
core   0: 0x8000dbe0 (0x00001f17) auipc   t5, 0x1
core   0: 3 0x8000dbe0 (0x00001f17) x30 0x8000ebe0
core   0: 0x8000dbe4 (0x423f2023) sw      gp, 1056(t5)
core   0: 3 0x8000dbe4 (0x423f2023) mem 0x8000f000 0x00000001
core   0: 0x8000dbe8 (0xff9ff06f) j       pc - 0x8
core   0: 3 0x8000dbe8 (0xff9ff06f)
core   0: 0x8000dbe0 (0x00001f17) auipc   t5, 0x1
core   0: 3 0x8000dbe0 (0x00001f17) x30 0x8000ebe0
core   0: 0x8000dbe4 (0x423f2023) sw      gp, 1056(t5)
core   0: 3 0x8000dbe4 (0x423f2023) mem 0x8000f000 0x00000001
core   0: 0x8000dbe8 (0xff9ff06f) j       pc - 0x8
core   0: 3 0x8000dbe8 (0xff9ff06f)
core   0: 0x8000dbe0 (0x00001f17) auipc   t5, 0x1
core   0: 3 0x8000dbe0 (0x00001f17) x30 0x8000ebe0
core   0: 0x8000dbe4 (0x423f2023) sw      gp, 1056(t5)
core   0: 3 0x8000dbe4 (0x423f2023) mem 0x8000f000 0x00000001
core   0: 0x8000dbe8 (0xff9ff06f) j       pc - 0x8
core   0: 3 0x8000dbe8 (0xff9ff06f)
core   0: 0x8000dbe0 (0x00001f17) auipc   t5, 0x1
core   0: 3 0x8000dbe0 (0x00001f17) x30 0x8000ebe0
core   0: 0x8000dbe4 (0x423f2023) sw      gp, 1056(t5)
core   0: 3 0x8000dbe4 (0x423f2023) mem 0x8000f000 0x00000001
core   0: 0x8000dbe8 (0xff9ff06f) j       pc - 0x8
core   0: 3 0x8000dbe8 (0xff9ff06f)
core   0: 0x8000dbe0 (0x00001f17) auipc   t5, 0x1
core   0: 3 0x8000dbe0 (0x00001f17) x30 0x8000ebe0
core   0: 0x8000dbe4 (0x423f2023) sw      gp, 1056(t5)
core   0: 3 0x8000dbe4 (0x423f2023) mem 0x8000f000 0x00000001
core   0: 0x8000dbe8 (0xff9ff06f) j       pc - 0x8
core   0: 3 0x8000dbe8 (0xff9ff06f)
core   0: 0x8000dbe0 (0x00001f17) auipc   t5, 0x1
core   0: 3 0x8000dbe0 (0x00001f17) x30 0x8000ebe0
core   0: 0x8000dbe4 (0x423f2023) sw      gp, 1056(t5)
core   0: 3 0x8000dbe4 (0x423f2023) mem 0x8000f000 0x00000001
core   0: 0x8000dbe8 (0xff9ff06f) j       pc - 0x8
core   0: 3 0x8000dbe8 (0xff9ff06f)
core   0: 0x8000dbe0 (0x00001f17) auipc   t5, 0x1
core   0: 3 0x8000dbe0 (0x00001f17) x30 0x8000ebe0
core   0: 0x8000dbe4 (0x423f2023) sw      gp, 1056(t5)
core   0: 3 0x8000dbe4 (0x423f2023) mem 0x8000f000 0x00000001
core   0: 0x8000dbe8 (0xff9ff06f) j       pc - 0x8
core   0: 3 0x8000dbe8 (0xff9ff06f)
core   0: 0x8000dbe0 (0x00001f17) auipc   t5, 0x1
core   0: 3 0x8000dbe0 (0x00001f17) x30 0x8000ebe0
core   0: 0x8000dbe4 (0x423f2023) sw      gp, 1056(t5)
core   0: 3 0x8000dbe4 (0x423f2023) mem 0x8000f000 0x00000001
core   0: 0x8000dbe8 (0xff9ff06f) j       pc - 0x8
core   0: 3 0x8000dbe8 (0xff9ff06f)
core   0: 0x8000dbe0 (0x00001f17) auipc   t5, 0x1
core   0: 3 0x8000dbe0 (0x00001f17) x30 0x8000ebe0
core   0: 0x8000dbe4 (0x423f2023) sw      gp, 1056(t5)
core   0: 3 0x8000dbe4 (0x423f2023) mem 0x8000f000 0x00000001
core   0: 0x8000dbe8 (0xff9ff06f) j       pc - 0x8
core   0: 3 0x8000dbe8 (0xff9ff06f)
core   0: 0x8000dbe0 (0x00001f17) auipc   t5, 0x1
core   0: 3 0x8000dbe0 (0x00001f17) x30 0x8000ebe0
core   0: 0x8000dbe4 (0x423f2023) sw      gp, 1056(t5)
core   0: 3 0x8000dbe4 (0x423f2023) mem 0x8000f000 0x00000001
core   0: 0x8000dbe8 (0xff9ff06f) j       pc - 0x8
core   0: 3 0x8000dbe8 (0xff9ff06f)
core   0: 0x8000dbe0 (0x00001f17) auipc   t5, 0x1
core   0: 3 0x8000dbe0 (0x00001f17) x30 0x8000ebe0
core   0: 0x8000dbe4 (0x423f2023) sw      gp, 1056(t5)
core   0: 3 0x8000dbe4 (0x423f2023) mem 0x8000f000 0x00000001
core   0: 0x8000dbe8 (0xff9ff06f) j       pc - 0x8
core   0: 3 0x8000dbe8 (0xff9ff06f)
core   0: 0x8000dbe0 (0x00001f17) auipc   t5, 0x1
core   0: 3 0x8000dbe0 (0x00001f17) x30 0x8000ebe0
core   0: 0x8000dbe4 (0x423f2023) sw      gp, 1056(t5)
core   0: 3 0x8000dbe4 (0x423f2023) mem 0x8000f000 0x00000001
core   0: 0x8000dbe8 (0xff9ff06f) j       pc - 0x8
core   0: 3 0x8000dbe8 (0xff9ff06f)
core   0: 0x8000dbe0 (0x00001f17) auipc   t5, 0x1
core   0: 3 0x8000dbe0 (0x00001f17) x30 0x8000ebe0
core   0: 0x8000dbe4 (0x423f2023) sw      gp, 1056(t5)
core   0: 3 0x8000dbe4 (0x423f2023) mem 0x8000f000 0x00000001
core   0: 0x8000dbe8 (0xff9ff06f) j       pc - 0x8
core   0: 3 0x8000dbe8 (0xff9ff06f)
core   0: 0x8000dbe0 (0x00001f17) auipc   t5, 0x1
core   0: 3 0x8000dbe0 (0x00001f17) x30 0x8000ebe0
core   0: 0x8000dbe4 (0x423f2023) sw      gp, 1056(t5)
core   0: 3 0x8000dbe4 (0x423f2023) mem 0x8000f000 0x00000001
core   0: 0x8000dbe8 (0xff9ff06f) j       pc - 0x8
core   0: 3 0x8000dbe8 (0xff9ff06f)
core   0: 0x8000dbe0 (0x00001f17) auipc   t5, 0x1
core   0: 3 0x8000dbe0 (0x00001f17) x30 0x8000ebe0
core   0: 0x8000dbe4 (0x423f2023) sw      gp, 1056(t5)
core   0: 3 0x8000dbe4 (0x423f2023) mem 0x8000f000 0x00000001
core   0: 0x8000dbe8 (0xff9ff06f) j       pc - 0x8
core   0: 3 0x8000dbe8 (0xff9ff06f)
core   0: 0x8000dbe0 (0x00001f17) auipc   t5, 0x1
core   0: 3 0x8000dbe0 (0x00001f17) x30 0x8000ebe0
core   0: 0x8000dbe4 (0x423f2023) sw      gp, 1056(t5)
core   0: 3 0x8000dbe4 (0x423f2023) mem 0x8000f000 0x00000001
core   0: 0x8000dbe8 (0xff9ff06f) j       pc - 0x8
core   0: 3 0x8000dbe8 (0xff9ff06f)
core   0: 0x8000dbe0 (0x00001f17) auipc   t5, 0x1
core   0: 3 0x8000dbe0 (0x00001f17) x30 0x8000ebe0
core   0: 0x8000dbe4 (0x423f2023) sw      gp, 1056(t5)
core   0: 3 0x8000dbe4 (0x423f2023) mem 0x8000f000 0x00000001
core   0: 0x8000dbe8 (0xff9ff06f) j       pc - 0x8
core   0: 3 0x8000dbe8 (0xff9ff06f)
core   0: 0x8000dbe0 (0x00001f17) auipc   t5, 0x1
core   0: 3 0x8000dbe0 (0x00001f17) x30 0x8000ebe0
core   0: 0x8000dbe4 (0x423f2023) sw      gp, 1056(t5)
core   0: 3 0x8000dbe4 (0x423f2023) mem 0x8000f000 0x00000001
core   0: 0x8000dbe8 (0xff9ff06f) j       pc - 0x8
core   0: 3 0x8000dbe8 (0xff9ff06f)
core   0: 0x8000dbe0 (0x00001f17) auipc   t5, 0x1
core   0: 3 0x8000dbe0 (0x00001f17) x30 0x8000ebe0
core   0: 0x8000dbe4 (0x423f2023) sw      gp, 1056(t5)
core   0: 3 0x8000dbe4 (0x423f2023) mem 0x8000f000 0x00000001
core   0: 0x8000dbe8 (0xff9ff06f) j       pc - 0x8
core   0: 3 0x8000dbe8 (0xff9ff06f)
core   0: 0x8000dbe0 (0x00001f17) auipc   t5, 0x1
core   0: 3 0x8000dbe0 (0x00001f17) x30 0x8000ebe0
core   0: 0x8000dbe4 (0x423f2023) sw      gp, 1056(t5)
core   0: 3 0x8000dbe4 (0x423f2023) mem 0x8000f000 0x00000001
core   0: 0x8000dbe8 (0xff9ff06f) j       pc - 0x8
core   0: 3 0x8000dbe8 (0xff9ff06f)
core   0: 0x8000dbe0 (0x00001f17) auipc   t5, 0x1
core   0: 3 0x8000dbe0 (0x00001f17) x30 0x8000ebe0
core   0: 0x8000dbe4 (0x423f2023) sw      gp, 1056(t5)
core   0: 3 0x8000dbe4 (0x423f2023) mem 0x8000f000 0x00000001
core   0: 0x8000dbe8 (0xff9ff06f) j       pc - 0x8
core   0: 3 0x8000dbe8 (0xff9ff06f)
core   0: 0x8000dbe0 (0x00001f17) auipc   t5, 0x1
core   0: 3 0x8000dbe0 (0x00001f17) x30 0x8000ebe0
core   0: 0x8000dbe4 (0x423f2023) sw      gp, 1056(t5)
core   0: 3 0x8000dbe4 (0x423f2023) mem 0x8000f000 0x00000001
core   0: 0x8000dbe8 (0xff9ff06f) j       pc - 0x8
core   0: 3 0x8000dbe8 (0xff9ff06f)
core   0: 0x8000dbe0 (0x00001f17) auipc   t5, 0x1
core   0: 3 0x8000dbe0 (0x00001f17) x30 0x8000ebe0
core   0: 0x8000dbe4 (0x423f2023) sw      gp, 1056(t5)
core   0: 3 0x8000dbe4 (0x423f2023) mem 0x8000f000 0x00000001
core   0: 0x8000dbe8 (0xff9ff06f) j       pc - 0x8
core   0: 3 0x8000dbe8 (0xff9ff06f)
core   0: 0x8000dbe0 (0x00001f17) auipc   t5, 0x1
core   0: 3 0x8000dbe0 (0x00001f17) x30 0x8000ebe0
core   0: 0x8000dbe4 (0x423f2023) sw      gp, 1056(t5)
core   0: 3 0x8000dbe4 (0x423f2023) mem 0x8000f000 0x00000001
core   0: 0x8000dbe8 (0xff9ff06f) j       pc - 0x8
core   0: 3 0x8000dbe8 (0xff9ff06f)
core   0: 0x8000dbe0 (0x00001f17) auipc   t5, 0x1
core   0: 3 0x8000dbe0 (0x00001f17) x30 0x8000ebe0
core   0: 0x8000dbe4 (0x423f2023) sw      gp, 1056(t5)
core   0: 3 0x8000dbe4 (0x423f2023) mem 0x8000f000 0x00000001
core   0: 0x8000dbe8 (0xff9ff06f) j       pc - 0x8
core   0: 3 0x8000dbe8 (0xff9ff06f)
core   0: 0x8000dbe0 (0x00001f17) auipc   t5, 0x1
core   0: 3 0x8000dbe0 (0x00001f17) x30 0x8000ebe0
core   0: 0x8000dbe4 (0x423f2023) sw      gp, 1056(t5)
core   0: 3 0x8000dbe4 (0x423f2023) mem 0x8000f000 0x00000001
core   0: 0x8000dbe8 (0xff9ff06f) j       pc - 0x8
core   0: 3 0x8000dbe8 (0xff9ff06f)
core   0: 0x8000dbe0 (0x00001f17) auipc   t5, 0x1
core   0: 3 0x8000dbe0 (0x00001f17) x30 0x8000ebe0
core   0: 0x8000dbe4 (0x423f2023) sw      gp, 1056(t5)
core   0: 3 0x8000dbe4 (0x423f2023) mem 0x8000f000 0x00000001
core   0: 0x8000dbe8 (0xff9ff06f) j       pc - 0x8
core   0: 3 0x8000dbe8 (0xff9ff06f)
core   0: 0x8000dbe0 (0x00001f17) auipc   t5, 0x1
core   0: 3 0x8000dbe0 (0x00001f17) x30 0x8000ebe0
core   0: 0x8000dbe4 (0x423f2023) sw      gp, 1056(t5)
core   0: 3 0x8000dbe4 (0x423f2023) mem 0x8000f000 0x00000001
core   0: 0x8000dbe8 (0xff9ff06f) j       pc - 0x8
core   0: 3 0x8000dbe8 (0xff9ff06f)
core   0: 0x8000dbe0 (0x00001f17) auipc   t5, 0x1
core   0: 3 0x8000dbe0 (0x00001f17) x30 0x8000ebe0
core   0: 0x8000dbe4 (0x423f2023) sw      gp, 1056(t5)
core   0: 3 0x8000dbe4 (0x423f2023) mem 0x8000f000 0x00000001
core   0: 0x8000dbe8 (0xff9ff06f) j       pc - 0x8
core   0: 3 0x8000dbe8 (0xff9ff06f)
core   0: 0x8000dbe0 (0x00001f17) auipc   t5, 0x1
core   0: 3 0x8000dbe0 (0x00001f17) x30 0x8000ebe0
core   0: 0x8000dbe4 (0x423f2023) sw      gp, 1056(t5)
core   0: 3 0x8000dbe4 (0x423f2023) mem 0x8000f000 0x00000001
core   0: 0x8000dbe8 (0xff9ff06f) j       pc - 0x8
core   0: 3 0x8000dbe8 (0xff9ff06f)
core   0: 0x8000dbe0 (0x00001f17) auipc   t5, 0x1
core   0: 3 0x8000dbe0 (0x00001f17) x30 0x8000ebe0
core   0: 0x8000dbe4 (0x423f2023) sw      gp, 1056(t5)
core   0: 3 0x8000dbe4 (0x423f2023) mem 0x8000f000 0x00000001
core   0: 0x8000dbe8 (0xff9ff06f) j       pc - 0x8
core   0: 3 0x8000dbe8 (0xff9ff06f)
core   0: 0x8000dbe0 (0x00001f17) auipc   t5, 0x1
core   0: 3 0x8000dbe0 (0x00001f17) x30 0x8000ebe0
core   0: 0x8000dbe4 (0x423f2023) sw      gp, 1056(t5)
core   0: 3 0x8000dbe4 (0x423f2023) mem 0x8000f000 0x00000001
core   0: 0x8000dbe8 (0xff9ff06f) j       pc - 0x8
core   0: 3 0x8000dbe8 (0xff9ff06f)
core   0: 0x8000dbe0 (0x00001f17) auipc   t5, 0x1
core   0: 3 0x8000dbe0 (0x00001f17) x30 0x8000ebe0
core   0: 0x8000dbe4 (0x423f2023) sw      gp, 1056(t5)
core   0: 3 0x8000dbe4 (0x423f2023) mem 0x8000f000 0x00000001
core   0: 0x8000dbe8 (0xff9ff06f) j       pc - 0x8
core   0: 3 0x8000dbe8 (0xff9ff06f)
core   0: 0x8000dbe0 (0x00001f17) auipc   t5, 0x1
core   0: 3 0x8000dbe0 (0x00001f17) x30 0x8000ebe0
core   0: 0x8000dbe4 (0x423f2023) sw      gp, 1056(t5)
core   0: 3 0x8000dbe4 (0x423f2023) mem 0x8000f000 0x00000001
core   0: 0x8000dbe8 (0xff9ff06f) j       pc - 0x8
core   0: 3 0x8000dbe8 (0xff9ff06f)
core   0: 0x8000dbe0 (0x00001f17) auipc   t5, 0x1
core   0: 3 0x8000dbe0 (0x00001f17) x30 0x8000ebe0
core   0: 0x8000dbe4 (0x423f2023) sw      gp, 1056(t5)
core   0: 3 0x8000dbe4 (0x423f2023) mem 0x8000f000 0x00000001
core   0: 0x8000dbe8 (0xff9ff06f) j       pc - 0x8
core   0: 3 0x8000dbe8 (0xff9ff06f)
core   0: 0x8000dbe0 (0x00001f17) auipc   t5, 0x1
core   0: 3 0x8000dbe0 (0x00001f17) x30 0x8000ebe0
core   0: 0x8000dbe4 (0x423f2023) sw      gp, 1056(t5)
core   0: 3 0x8000dbe4 (0x423f2023) mem 0x8000f000 0x00000001
core   0: 0x8000dbe8 (0xff9ff06f) j       pc - 0x8
core   0: 3 0x8000dbe8 (0xff9ff06f)
core   0: 0x8000dbe0 (0x00001f17) auipc   t5, 0x1
core   0: 3 0x8000dbe0 (0x00001f17) x30 0x8000ebe0
core   0: 0x8000dbe4 (0x423f2023) sw      gp, 1056(t5)
core   0: 3 0x8000dbe4 (0x423f2023) mem 0x8000f000 0x00000001
core   0: 0x8000dbe8 (0xff9ff06f) j       pc - 0x8
core   0: 3 0x8000dbe8 (0xff9ff06f)
core   0: 0x8000dbe0 (0x00001f17) auipc   t5, 0x1
core   0: 3 0x8000dbe0 (0x00001f17) x30 0x8000ebe0
core   0: 0x8000dbe4 (0x423f2023) sw      gp, 1056(t5)
core   0: 3 0x8000dbe4 (0x423f2023) mem 0x8000f000 0x00000001
core   0: 0x8000dbe8 (0xff9ff06f) j       pc - 0x8
core   0: 3 0x8000dbe8 (0xff9ff06f)
core   0: 0x8000dbe0 (0x00001f17) auipc   t5, 0x1
core   0: 3 0x8000dbe0 (0x00001f17) x30 0x8000ebe0
core   0: 0x8000dbe4 (0x423f2023) sw      gp, 1056(t5)
core   0: 3 0x8000dbe4 (0x423f2023) mem 0x8000f000 0x00000001
core   0: 0x8000dbe8 (0xff9ff06f) j       pc - 0x8
core   0: 3 0x8000dbe8 (0xff9ff06f)
core   0: 0x8000dbe0 (0x00001f17) auipc   t5, 0x1
core   0: 3 0x8000dbe0 (0x00001f17) x30 0x8000ebe0
core   0: 0x8000dbe4 (0x423f2023) sw      gp, 1056(t5)
core   0: 3 0x8000dbe4 (0x423f2023) mem 0x8000f000 0x00000001
core   0: 0x8000dbe8 (0xff9ff06f) j       pc - 0x8
core   0: 3 0x8000dbe8 (0xff9ff06f)
core   0: 0x8000dbe0 (0x00001f17) auipc   t5, 0x1
core   0: 3 0x8000dbe0 (0x00001f17) x30 0x8000ebe0
core   0: 0x8000dbe4 (0x423f2023) sw      gp, 1056(t5)
core   0: 3 0x8000dbe4 (0x423f2023) mem 0x8000f000 0x00000001
core   0: 0x8000dbe8 (0xff9ff06f) j       pc - 0x8
core   0: 3 0x8000dbe8 (0xff9ff06f)
core   0: 0x8000dbe0 (0x00001f17) auipc   t5, 0x1
core   0: 3 0x8000dbe0 (0x00001f17) x30 0x8000ebe0
core   0: 0x8000dbe4 (0x423f2023) sw      gp, 1056(t5)
core   0: 3 0x8000dbe4 (0x423f2023) mem 0x8000f000 0x00000001
core   0: 0x8000dbe8 (0xff9ff06f) j       pc - 0x8
core   0: 3 0x8000dbe8 (0xff9ff06f)
core   0: 0x8000dbe0 (0x00001f17) auipc   t5, 0x1
core   0: 3 0x8000dbe0 (0x00001f17) x30 0x8000ebe0
core   0: 0x8000dbe4 (0x423f2023) sw      gp, 1056(t5)
core   0: 3 0x8000dbe4 (0x423f2023) mem 0x8000f000 0x00000001
core   0: 0x8000dbe8 (0xff9ff06f) j       pc - 0x8
core   0: 3 0x8000dbe8 (0xff9ff06f)
core   0: 0x8000dbe0 (0x00001f17) auipc   t5, 0x1
core   0: 3 0x8000dbe0 (0x00001f17) x30 0x8000ebe0
core   0: 0x8000dbe4 (0x423f2023) sw      gp, 1056(t5)
core   0: 3 0x8000dbe4 (0x423f2023) mem 0x8000f000 0x00000001
core   0: 0x8000dbe8 (0xff9ff06f) j       pc - 0x8
core   0: 3 0x8000dbe8 (0xff9ff06f)
core   0: 0x8000dbe0 (0x00001f17) auipc   t5, 0x1
core   0: 3 0x8000dbe0 (0x00001f17) x30 0x8000ebe0
core   0: 0x8000dbe4 (0x423f2023) sw      gp, 1056(t5)
core   0: 3 0x8000dbe4 (0x423f2023) mem 0x8000f000 0x00000001
core   0: 0x8000dbe8 (0xff9ff06f) j       pc - 0x8
core   0: 3 0x8000dbe8 (0xff9ff06f)
core   0: 0x8000dbe0 (0x00001f17) auipc   t5, 0x1
core   0: 3 0x8000dbe0 (0x00001f17) x30 0x8000ebe0
core   0: 0x8000dbe4 (0x423f2023) sw      gp, 1056(t5)
core   0: 3 0x8000dbe4 (0x423f2023) mem 0x8000f000 0x00000001
core   0: 0x8000dbe8 (0xff9ff06f) j       pc - 0x8
core   0: 3 0x8000dbe8 (0xff9ff06f)
core   0: 0x8000dbe0 (0x00001f17) auipc   t5, 0x1
core   0: 3 0x8000dbe0 (0x00001f17) x30 0x8000ebe0
core   0: 0x8000dbe4 (0x423f2023) sw      gp, 1056(t5)
core   0: 3 0x8000dbe4 (0x423f2023) mem 0x8000f000 0x00000001
core   0: 0x8000dbe8 (0xff9ff06f) j       pc - 0x8
core   0: 3 0x8000dbe8 (0xff9ff06f)
core   0: 0x8000dbe0 (0x00001f17) auipc   t5, 0x1
core   0: 3 0x8000dbe0 (0x00001f17) x30 0x8000ebe0
core   0: 0x8000dbe4 (0x423f2023) sw      gp, 1056(t5)
core   0: 3 0x8000dbe4 (0x423f2023) mem 0x8000f000 0x00000001
core   0: 0x8000dbe8 (0xff9ff06f) j       pc - 0x8
core   0: 3 0x8000dbe8 (0xff9ff06f)
core   0: 0x8000dbe0 (0x00001f17) auipc   t5, 0x1
core   0: 3 0x8000dbe0 (0x00001f17) x30 0x8000ebe0
core   0: 0x8000dbe4 (0x423f2023) sw      gp, 1056(t5)
core   0: 3 0x8000dbe4 (0x423f2023) mem 0x8000f000 0x00000001
core   0: 0x8000dbe8 (0xff9ff06f) j       pc - 0x8
core   0: 3 0x8000dbe8 (0xff9ff06f)
core   0: 0x8000dbe0 (0x00001f17) auipc   t5, 0x1
core   0: 3 0x8000dbe0 (0x00001f17) x30 0x8000ebe0
core   0: 0x8000dbe4 (0x423f2023) sw      gp, 1056(t5)
core   0: 3 0x8000dbe4 (0x423f2023) mem 0x8000f000 0x00000001
core   0: 0x8000dbe8 (0xff9ff06f) j       pc - 0x8
core   0: 3 0x8000dbe8 (0xff9ff06f)
core   0: 0x8000dbe0 (0x00001f17) auipc   t5, 0x1
core   0: 3 0x8000dbe0 (0x00001f17) x30 0x8000ebe0
core   0: 0x8000dbe4 (0x423f2023) sw      gp, 1056(t5)
core   0: 3 0x8000dbe4 (0x423f2023) mem 0x8000f000 0x00000001
core   0: 0x8000dbe8 (0xff9ff06f) j       pc - 0x8
core   0: 3 0x8000dbe8 (0xff9ff06f)
core   0: 0x8000dbe0 (0x00001f17) auipc   t5, 0x1
core   0: 3 0x8000dbe0 (0x00001f17) x30 0x8000ebe0
core   0: 0x8000dbe4 (0x423f2023) sw      gp, 1056(t5)
core   0: 3 0x8000dbe4 (0x423f2023) mem 0x8000f000 0x00000001
core   0: 0x8000dbe8 (0xff9ff06f) j       pc - 0x8
core   0: 3 0x8000dbe8 (0xff9ff06f)
core   0: 0x8000dbe0 (0x00001f17) auipc   t5, 0x1
core   0: 3 0x8000dbe0 (0x00001f17) x30 0x8000ebe0
core   0: 0x8000dbe4 (0x423f2023) sw      gp, 1056(t5)
core   0: 3 0x8000dbe4 (0x423f2023) mem 0x8000f000 0x00000001
core   0: 0x8000dbe8 (0xff9ff06f) j       pc - 0x8
core   0: 3 0x8000dbe8 (0xff9ff06f)
core   0: 0x8000dbe0 (0x00001f17) auipc   t5, 0x1
core   0: 3 0x8000dbe0 (0x00001f17) x30 0x8000ebe0
core   0: 0x8000dbe4 (0x423f2023) sw      gp, 1056(t5)
core   0: 3 0x8000dbe4 (0x423f2023) mem 0x8000f000 0x00000001
core   0: 0x8000dbe8 (0xff9ff06f) j       pc - 0x8
core   0: 3 0x8000dbe8 (0xff9ff06f)
core   0: 0x8000dbe0 (0x00001f17) auipc   t5, 0x1
core   0: 3 0x8000dbe0 (0x00001f17) x30 0x8000ebe0
core   0: 0x8000dbe4 (0x423f2023) sw      gp, 1056(t5)
core   0: 3 0x8000dbe4 (0x423f2023) mem 0x8000f000 0x00000001
core   0: 0x8000dbe8 (0xff9ff06f) j       pc - 0x8
core   0: 3 0x8000dbe8 (0xff9ff06f)
core   0: 0x8000dbe0 (0x00001f17) auipc   t5, 0x1
core   0: 3 0x8000dbe0 (0x00001f17) x30 0x8000ebe0
core   0: 0x8000dbe4 (0x423f2023) sw      gp, 1056(t5)
core   0: 3 0x8000dbe4 (0x423f2023) mem 0x8000f000 0x00000001
core   0: 0x8000dbe8 (0xff9ff06f) j       pc - 0x8
core   0: 3 0x8000dbe8 (0xff9ff06f)
core   0: 0x8000dbe0 (0x00001f17) auipc   t5, 0x1
core   0: 3 0x8000dbe0 (0x00001f17) x30 0x8000ebe0
core   0: 0x8000dbe4 (0x423f2023) sw      gp, 1056(t5)
core   0: 3 0x8000dbe4 (0x423f2023) mem 0x8000f000 0x00000001
core   0: 0x8000dbe8 (0xff9ff06f) j       pc - 0x8
core   0: 3 0x8000dbe8 (0xff9ff06f)
core   0: 0x8000dbe0 (0x00001f17) auipc   t5, 0x1
core   0: 3 0x8000dbe0 (0x00001f17) x30 0x8000ebe0
core   0: 0x8000dbe4 (0x423f2023) sw      gp, 1056(t5)
core   0: 3 0x8000dbe4 (0x423f2023) mem 0x8000f000 0x00000001
core   0: 0x8000dbe8 (0xff9ff06f) j       pc - 0x8
core   0: 3 0x8000dbe8 (0xff9ff06f)
core   0: 0x8000dbe0 (0x00001f17) auipc   t5, 0x1
core   0: 3 0x8000dbe0 (0x00001f17) x30 0x8000ebe0
core   0: 0x8000dbe4 (0x423f2023) sw      gp, 1056(t5)
core   0: 3 0x8000dbe4 (0x423f2023) mem 0x8000f000 0x00000001
core   0: 0x8000dbe8 (0xff9ff06f) j       pc - 0x8
core   0: 3 0x8000dbe8 (0xff9ff06f)
core   0: 0x8000dbe0 (0x00001f17) auipc   t5, 0x1
core   0: 3 0x8000dbe0 (0x00001f17) x30 0x8000ebe0
core   0: 0x8000dbe4 (0x423f2023) sw      gp, 1056(t5)
core   0: 3 0x8000dbe4 (0x423f2023) mem 0x8000f000 0x00000001
core   0: 0x8000dbe8 (0xff9ff06f) j       pc - 0x8
core   0: 3 0x8000dbe8 (0xff9ff06f)
core   0: 0x8000dbe0 (0x00001f17) auipc   t5, 0x1
core   0: 3 0x8000dbe0 (0x00001f17) x30 0x8000ebe0
core   0: 0x8000dbe4 (0x423f2023) sw      gp, 1056(t5)
core   0: 3 0x8000dbe4 (0x423f2023) mem 0x8000f000 0x00000001
core   0: 0x8000dbe8 (0xff9ff06f) j       pc - 0x8
core   0: 3 0x8000dbe8 (0xff9ff06f)
core   0: 0x8000dbe0 (0x00001f17) auipc   t5, 0x1
core   0: 3 0x8000dbe0 (0x00001f17) x30 0x8000ebe0
core   0: 0x8000dbe4 (0x423f2023) sw      gp, 1056(t5)
core   0: 3 0x8000dbe4 (0x423f2023) mem 0x8000f000 0x00000001
core   0: 0x8000dbe8 (0xff9ff06f) j       pc - 0x8
core   0: 3 0x8000dbe8 (0xff9ff06f)
core   0: 0x8000dbe0 (0x00001f17) auipc   t5, 0x1
core   0: 3 0x8000dbe0 (0x00001f17) x30 0x8000ebe0
core   0: 0x8000dbe4 (0x423f2023) sw      gp, 1056(t5)
core   0: 3 0x8000dbe4 (0x423f2023) mem 0x8000f000 0x00000001
core   0: 0x8000dbe8 (0xff9ff06f) j       pc - 0x8
core   0: 3 0x8000dbe8 (0xff9ff06f)
core   0: 0x8000dbe0 (0x00001f17) auipc   t5, 0x1
core   0: 3 0x8000dbe0 (0x00001f17) x30 0x8000ebe0
core   0: 0x8000dbe4 (0x423f2023) sw      gp, 1056(t5)
core   0: 3 0x8000dbe4 (0x423f2023) mem 0x8000f000 0x00000001
core   0: 0x8000dbe8 (0xff9ff06f) j       pc - 0x8
core   0: 3 0x8000dbe8 (0xff9ff06f)
core   0: 0x8000dbe0 (0x00001f17) auipc   t5, 0x1
core   0: 3 0x8000dbe0 (0x00001f17) x30 0x8000ebe0
core   0: 0x8000dbe4 (0x423f2023) sw      gp, 1056(t5)
core   0: 3 0x8000dbe4 (0x423f2023) mem 0x8000f000 0x00000001
core   0: 0x8000dbe8 (0xff9ff06f) j       pc - 0x8
core   0: 3 0x8000dbe8 (0xff9ff06f)
core   0: 0x8000dbe0 (0x00001f17) auipc   t5, 0x1
core   0: 3 0x8000dbe0 (0x00001f17) x30 0x8000ebe0
core   0: 0x8000dbe4 (0x423f2023) sw      gp, 1056(t5)
core   0: 3 0x8000dbe4 (0x423f2023) mem 0x8000f000 0x00000001
core   0: 0x8000dbe8 (0xff9ff06f) j       pc - 0x8
core   0: 3 0x8000dbe8 (0xff9ff06f)
core   0: 0x8000dbe0 (0x00001f17) auipc   t5, 0x1
core   0: 3 0x8000dbe0 (0x00001f17) x30 0x8000ebe0
core   0: 0x8000dbe4 (0x423f2023) sw      gp, 1056(t5)
core   0: 3 0x8000dbe4 (0x423f2023) mem 0x8000f000 0x00000001
core   0: 0x8000dbe8 (0xff9ff06f) j       pc - 0x8
core   0: 3 0x8000dbe8 (0xff9ff06f)
core   0: 0x8000dbe0 (0x00001f17) auipc   t5, 0x1
core   0: 3 0x8000dbe0 (0x00001f17) x30 0x8000ebe0
core   0: 0x8000dbe4 (0x423f2023) sw      gp, 1056(t5)
core   0: 3 0x8000dbe4 (0x423f2023) mem 0x8000f000 0x00000001
core   0: 0x8000dbe8 (0xff9ff06f) j       pc - 0x8
core   0: 3 0x8000dbe8 (0xff9ff06f)
core   0: 0x8000dbe0 (0x00001f17) auipc   t5, 0x1
core   0: 3 0x8000dbe0 (0x00001f17) x30 0x8000ebe0
core   0: 0x8000dbe4 (0x423f2023) sw      gp, 1056(t5)
core   0: 3 0x8000dbe4 (0x423f2023) mem 0x8000f000 0x00000001
core   0: 0x8000dbe8 (0xff9ff06f) j       pc - 0x8
core   0: 3 0x8000dbe8 (0xff9ff06f)
core   0: 0x8000dbe0 (0x00001f17) auipc   t5, 0x1
core   0: 3 0x8000dbe0 (0x00001f17) x30 0x8000ebe0
core   0: 0x8000dbe4 (0x423f2023) sw      gp, 1056(t5)
core   0: 3 0x8000dbe4 (0x423f2023) mem 0x8000f000 0x00000001
core   0: 0x8000dbe8 (0xff9ff06f) j       pc - 0x8
core   0: 3 0x8000dbe8 (0xff9ff06f)
core   0: 0x8000dbe0 (0x00001f17) auipc   t5, 0x1
core   0: 3 0x8000dbe0 (0x00001f17) x30 0x8000ebe0
core   0: 0x8000dbe4 (0x423f2023) sw      gp, 1056(t5)
core   0: 3 0x8000dbe4 (0x423f2023) mem 0x8000f000 0x00000001
core   0: 0x8000dbe8 (0xff9ff06f) j       pc - 0x8
core   0: 3 0x8000dbe8 (0xff9ff06f)
core   0: 0x8000dbe0 (0x00001f17) auipc   t5, 0x1
core   0: 3 0x8000dbe0 (0x00001f17) x30 0x8000ebe0
core   0: 0x8000dbe4 (0x423f2023) sw      gp, 1056(t5)
core   0: 3 0x8000dbe4 (0x423f2023) mem 0x8000f000 0x00000001
core   0: 0x8000dbe8 (0xff9ff06f) j       pc - 0x8
core   0: 3 0x8000dbe8 (0xff9ff06f)
core   0: 0x8000dbe0 (0x00001f17) auipc   t5, 0x1
core   0: 3 0x8000dbe0 (0x00001f17) x30 0x8000ebe0
core   0: 0x8000dbe4 (0x423f2023) sw      gp, 1056(t5)
core   0: 3 0x8000dbe4 (0x423f2023) mem 0x8000f000 0x00000001
core   0: 0x8000dbe8 (0xff9ff06f) j       pc - 0x8
core   0: 3 0x8000dbe8 (0xff9ff06f)
core   0: 0x8000dbe0 (0x00001f17) auipc   t5, 0x1
core   0: 3 0x8000dbe0 (0x00001f17) x30 0x8000ebe0
core   0: 0x8000dbe4 (0x423f2023) sw      gp, 1056(t5)
core   0: 3 0x8000dbe4 (0x423f2023) mem 0x8000f000 0x00000001
core   0: 0x8000dbe8 (0xff9ff06f) j       pc - 0x8
core   0: 3 0x8000dbe8 (0xff9ff06f)
core   0: 0x8000dbe0 (0x00001f17) auipc   t5, 0x1
core   0: 3 0x8000dbe0 (0x00001f17) x30 0x8000ebe0
core   0: 0x8000dbe4 (0x423f2023) sw      gp, 1056(t5)
core   0: 3 0x8000dbe4 (0x423f2023) mem 0x8000f000 0x00000001
core   0: 0x8000dbe8 (0xff9ff06f) j       pc - 0x8
core   0: 3 0x8000dbe8 (0xff9ff06f)
core   0: 0x8000dbe0 (0x00001f17) auipc   t5, 0x1
core   0: 3 0x8000dbe0 (0x00001f17) x30 0x8000ebe0
core   0: 0x8000dbe4 (0x423f2023) sw      gp, 1056(t5)
core   0: 3 0x8000dbe4 (0x423f2023) mem 0x8000f000 0x00000001
core   0: 0x8000dbe8 (0xff9ff06f) j       pc - 0x8
core   0: 3 0x8000dbe8 (0xff9ff06f)
core   0: 0x8000dbe0 (0x00001f17) auipc   t5, 0x1
core   0: 3 0x8000dbe0 (0x00001f17) x30 0x8000ebe0
core   0: 0x8000dbe4 (0x423f2023) sw      gp, 1056(t5)
core   0: 3 0x8000dbe4 (0x423f2023) mem 0x8000f000 0x00000001
core   0: 0x8000dbe8 (0xff9ff06f) j       pc - 0x8
core   0: 3 0x8000dbe8 (0xff9ff06f)
core   0: 0x8000dbe0 (0x00001f17) auipc   t5, 0x1
core   0: 3 0x8000dbe0 (0x00001f17) x30 0x8000ebe0
core   0: 0x8000dbe4 (0x423f2023) sw      gp, 1056(t5)
core   0: 3 0x8000dbe4 (0x423f2023) mem 0x8000f000 0x00000001
core   0: 0x8000dbe8 (0xff9ff06f) j       pc - 0x8
core   0: 3 0x8000dbe8 (0xff9ff06f)
core   0: 0x8000dbe0 (0x00001f17) auipc   t5, 0x1
core   0: 3 0x8000dbe0 (0x00001f17) x30 0x8000ebe0
core   0: 0x8000dbe4 (0x423f2023) sw      gp, 1056(t5)
core   0: 3 0x8000dbe4 (0x423f2023) mem 0x8000f000 0x00000001
core   0: 0x8000dbe8 (0xff9ff06f) j       pc - 0x8
core   0: 3 0x8000dbe8 (0xff9ff06f)
core   0: 0x8000dbe0 (0x00001f17) auipc   t5, 0x1
core   0: 3 0x8000dbe0 (0x00001f17) x30 0x8000ebe0
core   0: 0x8000dbe4 (0x423f2023) sw      gp, 1056(t5)
core   0: 3 0x8000dbe4 (0x423f2023) mem 0x8000f000 0x00000001
core   0: 0x8000dbe8 (0xff9ff06f) j       pc - 0x8
core   0: 3 0x8000dbe8 (0xff9ff06f)
core   0: 0x8000dbe0 (0x00001f17) auipc   t5, 0x1
core   0: 3 0x8000dbe0 (0x00001f17) x30 0x8000ebe0
core   0: 0x8000dbe4 (0x423f2023) sw      gp, 1056(t5)
core   0: 3 0x8000dbe4 (0x423f2023) mem 0x8000f000 0x00000001
core   0: 0x8000dbe8 (0xff9ff06f) j       pc - 0x8
core   0: 3 0x8000dbe8 (0xff9ff06f)
core   0: 0x8000dbe0 (0x00001f17) auipc   t5, 0x1
core   0: 3 0x8000dbe0 (0x00001f17) x30 0x8000ebe0
core   0: 0x8000dbe4 (0x423f2023) sw      gp, 1056(t5)
core   0: 3 0x8000dbe4 (0x423f2023) mem 0x8000f000 0x00000001
core   0: 0x8000dbe8 (0xff9ff06f) j       pc - 0x8
core   0: 3 0x8000dbe8 (0xff9ff06f)
core   0: 0x8000dbe0 (0x00001f17) auipc   t5, 0x1
core   0: 3 0x8000dbe0 (0x00001f17) x30 0x8000ebe0
core   0: 0x8000dbe4 (0x423f2023) sw      gp, 1056(t5)
core   0: 3 0x8000dbe4 (0x423f2023) mem 0x8000f000 0x00000001
core   0: 0x8000dbe8 (0xff9ff06f) j       pc - 0x8
core   0: 3 0x8000dbe8 (0xff9ff06f)
core   0: 0x8000dbe0 (0x00001f17) auipc   t5, 0x1
core   0: 3 0x8000dbe0 (0x00001f17) x30 0x8000ebe0
core   0: 0x8000dbe4 (0x423f2023) sw      gp, 1056(t5)
core   0: 3 0x8000dbe4 (0x423f2023) mem 0x8000f000 0x00000001
core   0: 0x8000dbe8 (0xff9ff06f) j       pc - 0x8
core   0: 3 0x8000dbe8 (0xff9ff06f)
core   0: 0x8000dbe0 (0x00001f17) auipc   t5, 0x1
core   0: 3 0x8000dbe0 (0x00001f17) x30 0x8000ebe0
core   0: 0x8000dbe4 (0x423f2023) sw      gp, 1056(t5)
core   0: 3 0x8000dbe4 (0x423f2023) mem 0x8000f000 0x00000001
core   0: 0x8000dbe8 (0xff9ff06f) j       pc - 0x8
core   0: 3 0x8000dbe8 (0xff9ff06f)
core   0: 0x8000dbe0 (0x00001f17) auipc   t5, 0x1
core   0: 3 0x8000dbe0 (0x00001f17) x30 0x8000ebe0
core   0: 0x8000dbe4 (0x423f2023) sw      gp, 1056(t5)
core   0: 3 0x8000dbe4 (0x423f2023) mem 0x8000f000 0x00000001
core   0: 0x8000dbe8 (0xff9ff06f) j       pc - 0x8
core   0: 3 0x8000dbe8 (0xff9ff06f)
core   0: 0x8000dbe0 (0x00001f17) auipc   t5, 0x1
core   0: 3 0x8000dbe0 (0x00001f17) x30 0x8000ebe0
core   0: 0x8000dbe4 (0x423f2023) sw      gp, 1056(t5)
core   0: 3 0x8000dbe4 (0x423f2023) mem 0x8000f000 0x00000001
core   0: 0x8000dbe8 (0xff9ff06f) j       pc - 0x8
core   0: 3 0x8000dbe8 (0xff9ff06f)
core   0: 0x8000dbe0 (0x00001f17) auipc   t5, 0x1
core   0: 3 0x8000dbe0 (0x00001f17) x30 0x8000ebe0
core   0: 0x8000dbe4 (0x423f2023) sw      gp, 1056(t5)
core   0: 3 0x8000dbe4 (0x423f2023) mem 0x8000f000 0x00000001
core   0: 0x8000dbe8 (0xff9ff06f) j       pc - 0x8
core   0: 3 0x8000dbe8 (0xff9ff06f)
core   0: 0x8000dbe0 (0x00001f17) auipc   t5, 0x1
core   0: 3 0x8000dbe0 (0x00001f17) x30 0x8000ebe0
core   0: 0x8000dbe4 (0x423f2023) sw      gp, 1056(t5)
core   0: 3 0x8000dbe4 (0x423f2023) mem 0x8000f000 0x00000001
core   0: 0x8000dbe8 (0xff9ff06f) j       pc - 0x8
core   0: 3 0x8000dbe8 (0xff9ff06f)
core   0: 0x8000dbe0 (0x00001f17) auipc   t5, 0x1
core   0: 3 0x8000dbe0 (0x00001f17) x30 0x8000ebe0
core   0: 0x8000dbe4 (0x423f2023) sw      gp, 1056(t5)
core   0: 3 0x8000dbe4 (0x423f2023) mem 0x8000f000 0x00000001
core   0: 0x8000dbe8 (0xff9ff06f) j       pc - 0x8
core   0: 3 0x8000dbe8 (0xff9ff06f)
core   0: 0x8000dbe0 (0x00001f17) auipc   t5, 0x1
core   0: 3 0x8000dbe0 (0x00001f17) x30 0x8000ebe0
core   0: 0x8000dbe4 (0x423f2023) sw      gp, 1056(t5)
core   0: 3 0x8000dbe4 (0x423f2023) mem 0x8000f000 0x00000001
core   0: 0x8000dbe8 (0xff9ff06f) j       pc - 0x8
core   0: 3 0x8000dbe8 (0xff9ff06f)
core   0: 0x8000dbe0 (0x00001f17) auipc   t5, 0x1
core   0: 3 0x8000dbe0 (0x00001f17) x30 0x8000ebe0
core   0: 0x8000dbe4 (0x423f2023) sw      gp, 1056(t5)
core   0: 3 0x8000dbe4 (0x423f2023) mem 0x8000f000 0x00000001
core   0: 0x8000dbe8 (0xff9ff06f) j       pc - 0x8
core   0: 3 0x8000dbe8 (0xff9ff06f)
core   0: 0x8000dbe0 (0x00001f17) auipc   t5, 0x1
core   0: 3 0x8000dbe0 (0x00001f17) x30 0x8000ebe0
core   0: 0x8000dbe4 (0x423f2023) sw      gp, 1056(t5)
core   0: 3 0x8000dbe4 (0x423f2023) mem 0x8000f000 0x00000001
core   0: 0x8000dbe8 (0xff9ff06f) j       pc - 0x8
core   0: 3 0x8000dbe8 (0xff9ff06f)
core   0: 0x8000dbe0 (0x00001f17) auipc   t5, 0x1
core   0: 3 0x8000dbe0 (0x00001f17) x30 0x8000ebe0
core   0: 0x8000dbe4 (0x423f2023) sw      gp, 1056(t5)
core   0: 3 0x8000dbe4 (0x423f2023) mem 0x8000f000 0x00000001
core   0: 0x8000dbe8 (0xff9ff06f) j       pc - 0x8
core   0: 3 0x8000dbe8 (0xff9ff06f)
core   0: 0x8000dbe0 (0x00001f17) auipc   t5, 0x1
core   0: 3 0x8000dbe0 (0x00001f17) x30 0x8000ebe0
core   0: 0x8000dbe4 (0x423f2023) sw      gp, 1056(t5)
core   0: 3 0x8000dbe4 (0x423f2023) mem 0x8000f000 0x00000001
core   0: 0x8000dbe8 (0xff9ff06f) j       pc - 0x8
core   0: 3 0x8000dbe8 (0xff9ff06f)
core   0: 0x8000dbe0 (0x00001f17) auipc   t5, 0x1
core   0: 3 0x8000dbe0 (0x00001f17) x30 0x8000ebe0
core   0: 0x8000dbe4 (0x423f2023) sw      gp, 1056(t5)
core   0: 3 0x8000dbe4 (0x423f2023) mem 0x8000f000 0x00000001
core   0: 0x8000dbe8 (0xff9ff06f) j       pc - 0x8
core   0: 3 0x8000dbe8 (0xff9ff06f)
core   0: 0x8000dbe0 (0x00001f17) auipc   t5, 0x1
core   0: 3 0x8000dbe0 (0x00001f17) x30 0x8000ebe0
core   0: 0x8000dbe4 (0x423f2023) sw      gp, 1056(t5)
core   0: 3 0x8000dbe4 (0x423f2023) mem 0x8000f000 0x00000001
core   0: 0x8000dbe8 (0xff9ff06f) j       pc - 0x8
core   0: 3 0x8000dbe8 (0xff9ff06f)
core   0: 0x8000dbe0 (0x00001f17) auipc   t5, 0x1
core   0: 3 0x8000dbe0 (0x00001f17) x30 0x8000ebe0
core   0: 0x8000dbe4 (0x423f2023) sw      gp, 1056(t5)
core   0: 3 0x8000dbe4 (0x423f2023) mem 0x8000f000 0x00000001
core   0: 0x8000dbe8 (0xff9ff06f) j       pc - 0x8
core   0: 3 0x8000dbe8 (0xff9ff06f)
core   0: 0x8000dbe0 (0x00001f17) auipc   t5, 0x1
core   0: 3 0x8000dbe0 (0x00001f17) x30 0x8000ebe0
core   0: 0x8000dbe4 (0x423f2023) sw      gp, 1056(t5)
core   0: 3 0x8000dbe4 (0x423f2023) mem 0x8000f000 0x00000001
core   0: 0x8000dbe8 (0xff9ff06f) j       pc - 0x8
core   0: 3 0x8000dbe8 (0xff9ff06f)
core   0: 0x8000dbe0 (0x00001f17) auipc   t5, 0x1
core   0: 3 0x8000dbe0 (0x00001f17) x30 0x8000ebe0
core   0: 0x8000dbe4 (0x423f2023) sw      gp, 1056(t5)
core   0: 3 0x8000dbe4 (0x423f2023) mem 0x8000f000 0x00000001
core   0: 0x8000dbe8 (0xff9ff06f) j       pc - 0x8
core   0: 3 0x8000dbe8 (0xff9ff06f)
core   0: 0x8000dbe0 (0x00001f17) auipc   t5, 0x1
core   0: 3 0x8000dbe0 (0x00001f17) x30 0x8000ebe0
core   0: 0x8000dbe4 (0x423f2023) sw      gp, 1056(t5)
core   0: 3 0x8000dbe4 (0x423f2023) mem 0x8000f000 0x00000001
core   0: 0x8000dbe8 (0xff9ff06f) j       pc - 0x8
core   0: 3 0x8000dbe8 (0xff9ff06f)
core   0: 0x8000dbe0 (0x00001f17) auipc   t5, 0x1
core   0: 3 0x8000dbe0 (0x00001f17) x30 0x8000ebe0
core   0: 0x8000dbe4 (0x423f2023) sw      gp, 1056(t5)
core   0: 3 0x8000dbe4 (0x423f2023) mem 0x8000f000 0x00000001
core   0: 0x8000dbe8 (0xff9ff06f) j       pc - 0x8
core   0: 3 0x8000dbe8 (0xff9ff06f)
core   0: 0x8000dbe0 (0x00001f17) auipc   t5, 0x1
core   0: 3 0x8000dbe0 (0x00001f17) x30 0x8000ebe0
core   0: 0x8000dbe4 (0x423f2023) sw      gp, 1056(t5)
core   0: 3 0x8000dbe4 (0x423f2023) mem 0x8000f000 0x00000001
core   0: 0x8000dbe8 (0xff9ff06f) j       pc - 0x8
core   0: 3 0x8000dbe8 (0xff9ff06f)
core   0: 0x8000dbe0 (0x00001f17) auipc   t5, 0x1
core   0: 3 0x8000dbe0 (0x00001f17) x30 0x8000ebe0
core   0: 0x8000dbe4 (0x423f2023) sw      gp, 1056(t5)
core   0: 3 0x8000dbe4 (0x423f2023) mem 0x8000f000 0x00000001
core   0: 0x8000dbe8 (0xff9ff06f) j       pc - 0x8
core   0: 3 0x8000dbe8 (0xff9ff06f)
core   0: 0x8000dbe0 (0x00001f17) auipc   t5, 0x1
core   0: 3 0x8000dbe0 (0x00001f17) x30 0x8000ebe0
core   0: 0x8000dbe4 (0x423f2023) sw      gp, 1056(t5)
core   0: 3 0x8000dbe4 (0x423f2023) mem 0x8000f000 0x00000001
core   0: 0x8000dbe8 (0xff9ff06f) j       pc - 0x8
core   0: 3 0x8000dbe8 (0xff9ff06f)
core   0: 0x8000dbe0 (0x00001f17) auipc   t5, 0x1
core   0: 3 0x8000dbe0 (0x00001f17) x30 0x8000ebe0
core   0: 0x8000dbe4 (0x423f2023) sw      gp, 1056(t5)
core   0: 3 0x8000dbe4 (0x423f2023) mem 0x8000f000 0x00000001
core   0: 0x8000dbe8 (0xff9ff06f) j       pc - 0x8
core   0: 3 0x8000dbe8 (0xff9ff06f)
core   0: 0x8000dbe0 (0x00001f17) auipc   t5, 0x1
core   0: 3 0x8000dbe0 (0x00001f17) x30 0x8000ebe0
core   0: 0x8000dbe4 (0x423f2023) sw      gp, 1056(t5)
core   0: 3 0x8000dbe4 (0x423f2023) mem 0x8000f000 0x00000001
core   0: 0x8000dbe8 (0xff9ff06f) j       pc - 0x8
core   0: 3 0x8000dbe8 (0xff9ff06f)
core   0: 0x8000dbe0 (0x00001f17) auipc   t5, 0x1
core   0: 3 0x8000dbe0 (0x00001f17) x30 0x8000ebe0
core   0: 0x8000dbe4 (0x423f2023) sw      gp, 1056(t5)
core   0: 3 0x8000dbe4 (0x423f2023) mem 0x8000f000 0x00000001
core   0: 0x8000dbe8 (0xff9ff06f) j       pc - 0x8
core   0: 3 0x8000dbe8 (0xff9ff06f)
core   0: 0x8000dbe0 (0x00001f17) auipc   t5, 0x1
core   0: 3 0x8000dbe0 (0x00001f17) x30 0x8000ebe0
core   0: 0x8000dbe4 (0x423f2023) sw      gp, 1056(t5)
core   0: 3 0x8000dbe4 (0x423f2023) mem 0x8000f000 0x00000001
core   0: 0x8000dbe8 (0xff9ff06f) j       pc - 0x8
core   0: 3 0x8000dbe8 (0xff9ff06f)
core   0: 0x8000dbe0 (0x00001f17) auipc   t5, 0x1
core   0: 3 0x8000dbe0 (0x00001f17) x30 0x8000ebe0
core   0: 0x8000dbe4 (0x423f2023) sw      gp, 1056(t5)
core   0: 3 0x8000dbe4 (0x423f2023) mem 0x8000f000 0x00000001
core   0: 0x8000dbe8 (0xff9ff06f) j       pc - 0x8
core   0: 3 0x8000dbe8 (0xff9ff06f)
core   0: 0x8000dbe0 (0x00001f17) auipc   t5, 0x1
core   0: 3 0x8000dbe0 (0x00001f17) x30 0x8000ebe0
core   0: 0x8000dbe4 (0x423f2023) sw      gp, 1056(t5)
core   0: 3 0x8000dbe4 (0x423f2023) mem 0x8000f000 0x00000001
core   0: 0x8000dbe8 (0xff9ff06f) j       pc - 0x8
core   0: 3 0x8000dbe8 (0xff9ff06f)
core   0: 0x8000dbe0 (0x00001f17) auipc   t5, 0x1
core   0: 3 0x8000dbe0 (0x00001f17) x30 0x8000ebe0
core   0: 0x8000dbe4 (0x423f2023) sw      gp, 1056(t5)
core   0: 3 0x8000dbe4 (0x423f2023) mem 0x8000f000 0x00000001
core   0: 0x8000dbe8 (0xff9ff06f) j       pc - 0x8
core   0: 3 0x8000dbe8 (0xff9ff06f)
core   0: 0x8000dbe0 (0x00001f17) auipc   t5, 0x1
core   0: 3 0x8000dbe0 (0x00001f17) x30 0x8000ebe0
core   0: 0x8000dbe4 (0x423f2023) sw      gp, 1056(t5)
core   0: 3 0x8000dbe4 (0x423f2023) mem 0x8000f000 0x00000001
core   0: 0x8000dbe8 (0xff9ff06f) j       pc - 0x8
core   0: 3 0x8000dbe8 (0xff9ff06f)
core   0: 0x8000dbe0 (0x00001f17) auipc   t5, 0x1
core   0: 3 0x8000dbe0 (0x00001f17) x30 0x8000ebe0
core   0: 0x8000dbe4 (0x423f2023) sw      gp, 1056(t5)
core   0: 3 0x8000dbe4 (0x423f2023) mem 0x8000f000 0x00000001
core   0: 0x8000dbe8 (0xff9ff06f) j       pc - 0x8
core   0: 3 0x8000dbe8 (0xff9ff06f)
core   0: 0x8000dbe0 (0x00001f17) auipc   t5, 0x1
core   0: 3 0x8000dbe0 (0x00001f17) x30 0x8000ebe0
core   0: 0x8000dbe4 (0x423f2023) sw      gp, 1056(t5)
core   0: 3 0x8000dbe4 (0x423f2023) mem 0x8000f000 0x00000001
core   0: 0x8000dbe8 (0xff9ff06f) j       pc - 0x8
core   0: 3 0x8000dbe8 (0xff9ff06f)
core   0: 0x8000dbe0 (0x00001f17) auipc   t5, 0x1
core   0: 3 0x8000dbe0 (0x00001f17) x30 0x8000ebe0
core   0: 0x8000dbe4 (0x423f2023) sw      gp, 1056(t5)
core   0: 3 0x8000dbe4 (0x423f2023) mem 0x8000f000 0x00000001
core   0: 0x8000dbe8 (0xff9ff06f) j       pc - 0x8
core   0: 3 0x8000dbe8 (0xff9ff06f)
core   0: 0x8000dbe0 (0x00001f17) auipc   t5, 0x1
core   0: 3 0x8000dbe0 (0x00001f17) x30 0x8000ebe0
core   0: 0x8000dbe4 (0x423f2023) sw      gp, 1056(t5)
core   0: 3 0x8000dbe4 (0x423f2023) mem 0x8000f000 0x00000001
core   0: 0x8000dbe8 (0xff9ff06f) j       pc - 0x8
core   0: 3 0x8000dbe8 (0xff9ff06f)
core   0: 0x8000dbe0 (0x00001f17) auipc   t5, 0x1
core   0: 3 0x8000dbe0 (0x00001f17) x30 0x8000ebe0
core   0: 0x8000dbe4 (0x423f2023) sw      gp, 1056(t5)
core   0: 3 0x8000dbe4 (0x423f2023) mem 0x8000f000 0x00000001
core   0: 0x8000dbe8 (0xff9ff06f) j       pc - 0x8
core   0: 3 0x8000dbe8 (0xff9ff06f)
core   0: 0x8000dbe0 (0x00001f17) auipc   t5, 0x1
core   0: 3 0x8000dbe0 (0x00001f17) x30 0x8000ebe0
core   0: 0x8000dbe4 (0x423f2023) sw      gp, 1056(t5)
core   0: 3 0x8000dbe4 (0x423f2023) mem 0x8000f000 0x00000001
core   0: 0x8000dbe8 (0xff9ff06f) j       pc - 0x8
core   0: 3 0x8000dbe8 (0xff9ff06f)
core   0: 0x8000dbe0 (0x00001f17) auipc   t5, 0x1
core   0: 3 0x8000dbe0 (0x00001f17) x30 0x8000ebe0
core   0: 0x8000dbe4 (0x423f2023) sw      gp, 1056(t5)
core   0: 3 0x8000dbe4 (0x423f2023) mem 0x8000f000 0x00000001
core   0: 0x8000dbe8 (0xff9ff06f) j       pc - 0x8
core   0: 3 0x8000dbe8 (0xff9ff06f)
core   0: 0x8000dbe0 (0x00001f17) auipc   t5, 0x1
core   0: 3 0x8000dbe0 (0x00001f17) x30 0x8000ebe0
core   0: 0x8000dbe4 (0x423f2023) sw      gp, 1056(t5)
core   0: 3 0x8000dbe4 (0x423f2023) mem 0x8000f000 0x00000001
core   0: 0x8000dbe8 (0xff9ff06f) j       pc - 0x8
core   0: 3 0x8000dbe8 (0xff9ff06f)
core   0: 0x8000dbe0 (0x00001f17) auipc   t5, 0x1
core   0: 3 0x8000dbe0 (0x00001f17) x30 0x8000ebe0
core   0: 0x8000dbe4 (0x423f2023) sw      gp, 1056(t5)
core   0: 3 0x8000dbe4 (0x423f2023) mem 0x8000f000 0x00000001
core   0: 0x8000dbe8 (0xff9ff06f) j       pc - 0x8
core   0: 3 0x8000dbe8 (0xff9ff06f)
core   0: 0x8000dbe0 (0x00001f17) auipc   t5, 0x1
core   0: 3 0x8000dbe0 (0x00001f17) x30 0x8000ebe0
core   0: 0x8000dbe4 (0x423f2023) sw      gp, 1056(t5)
core   0: 3 0x8000dbe4 (0x423f2023) mem 0x8000f000 0x00000001
core   0: 0x8000dbe8 (0xff9ff06f) j       pc - 0x8
core   0: 3 0x8000dbe8 (0xff9ff06f)
core   0: 0x8000dbe0 (0x00001f17) auipc   t5, 0x1
core   0: 3 0x8000dbe0 (0x00001f17) x30 0x8000ebe0
core   0: 0x8000dbe4 (0x423f2023) sw      gp, 1056(t5)
core   0: 3 0x8000dbe4 (0x423f2023) mem 0x8000f000 0x00000001
core   0: 0x8000dbe8 (0xff9ff06f) j       pc - 0x8
core   0: 3 0x8000dbe8 (0xff9ff06f)
core   0: 0x8000dbe0 (0x00001f17) auipc   t5, 0x1
core   0: 3 0x8000dbe0 (0x00001f17) x30 0x8000ebe0
core   0: 0x8000dbe4 (0x423f2023) sw      gp, 1056(t5)
core   0: 3 0x8000dbe4 (0x423f2023) mem 0x8000f000 0x00000001
core   0: 0x8000dbe8 (0xff9ff06f) j       pc - 0x8
core   0: 3 0x8000dbe8 (0xff9ff06f)
core   0: 0x8000dbe0 (0x00001f17) auipc   t5, 0x1
core   0: 3 0x8000dbe0 (0x00001f17) x30 0x8000ebe0
core   0: 0x8000dbe4 (0x423f2023) sw      gp, 1056(t5)
core   0: 3 0x8000dbe4 (0x423f2023) mem 0x8000f000 0x00000001
core   0: 0x8000dbe8 (0xff9ff06f) j       pc - 0x8
core   0: 3 0x8000dbe8 (0xff9ff06f)
core   0: 0x8000dbe0 (0x00001f17) auipc   t5, 0x1
core   0: 3 0x8000dbe0 (0x00001f17) x30 0x8000ebe0
core   0: 0x8000dbe4 (0x423f2023) sw      gp, 1056(t5)
core   0: 3 0x8000dbe4 (0x423f2023) mem 0x8000f000 0x00000001
core   0: 0x8000dbe8 (0xff9ff06f) j       pc - 0x8
core   0: 3 0x8000dbe8 (0xff9ff06f)
core   0: 0x8000dbe0 (0x00001f17) auipc   t5, 0x1
core   0: 3 0x8000dbe0 (0x00001f17) x30 0x8000ebe0
core   0: 0x8000dbe4 (0x423f2023) sw      gp, 1056(t5)
core   0: 3 0x8000dbe4 (0x423f2023) mem 0x8000f000 0x00000001
core   0: 0x8000dbe8 (0xff9ff06f) j       pc - 0x8
core   0: 3 0x8000dbe8 (0xff9ff06f)
core   0: 0x8000dbe0 (0x00001f17) auipc   t5, 0x1
core   0: 3 0x8000dbe0 (0x00001f17) x30 0x8000ebe0
core   0: 0x8000dbe4 (0x423f2023) sw      gp, 1056(t5)
core   0: 3 0x8000dbe4 (0x423f2023) mem 0x8000f000 0x00000001
core   0: 0x8000dbe8 (0xff9ff06f) j       pc - 0x8
core   0: 3 0x8000dbe8 (0xff9ff06f)
core   0: 0x8000dbe0 (0x00001f17) auipc   t5, 0x1
core   0: 3 0x8000dbe0 (0x00001f17) x30 0x8000ebe0
core   0: 0x8000dbe4 (0x423f2023) sw      gp, 1056(t5)
core   0: 3 0x8000dbe4 (0x423f2023) mem 0x8000f000 0x00000001
core   0: 0x8000dbe8 (0xff9ff06f) j       pc - 0x8
core   0: 3 0x8000dbe8 (0xff9ff06f)
core   0: 0x8000dbe0 (0x00001f17) auipc   t5, 0x1
core   0: 3 0x8000dbe0 (0x00001f17) x30 0x8000ebe0
core   0: 0x8000dbe4 (0x423f2023) sw      gp, 1056(t5)
core   0: 3 0x8000dbe4 (0x423f2023) mem 0x8000f000 0x00000001
core   0: 0x8000dbe8 (0xff9ff06f) j       pc - 0x8
core   0: 3 0x8000dbe8 (0xff9ff06f)
core   0: 0x8000dbe0 (0x00001f17) auipc   t5, 0x1
core   0: 3 0x8000dbe0 (0x00001f17) x30 0x8000ebe0
core   0: 0x8000dbe4 (0x423f2023) sw      gp, 1056(t5)
core   0: 3 0x8000dbe4 (0x423f2023) mem 0x8000f000 0x00000001
core   0: 0x8000dbe8 (0xff9ff06f) j       pc - 0x8
core   0: 3 0x8000dbe8 (0xff9ff06f)
core   0: 0x8000dbe0 (0x00001f17) auipc   t5, 0x1
core   0: 3 0x8000dbe0 (0x00001f17) x30 0x8000ebe0
core   0: 0x8000dbe4 (0x423f2023) sw      gp, 1056(t5)
core   0: 3 0x8000dbe4 (0x423f2023) mem 0x8000f000 0x00000001
core   0: 0x8000dbe8 (0xff9ff06f) j       pc - 0x8
core   0: 3 0x8000dbe8 (0xff9ff06f)
core   0: 0x8000dbe0 (0x00001f17) auipc   t5, 0x1
core   0: 3 0x8000dbe0 (0x00001f17) x30 0x8000ebe0
core   0: 0x8000dbe4 (0x423f2023) sw      gp, 1056(t5)
core   0: 3 0x8000dbe4 (0x423f2023) mem 0x8000f000 0x00000001
core   0: 0x8000dbe8 (0xff9ff06f) j       pc - 0x8
core   0: 3 0x8000dbe8 (0xff9ff06f)
core   0: 0x8000dbe0 (0x00001f17) auipc   t5, 0x1
core   0: 3 0x8000dbe0 (0x00001f17) x30 0x8000ebe0
core   0: 0x8000dbe4 (0x423f2023) sw      gp, 1056(t5)
core   0: 3 0x8000dbe4 (0x423f2023) mem 0x8000f000 0x00000001
core   0: 0x8000dbe8 (0xff9ff06f) j       pc - 0x8
core   0: 3 0x8000dbe8 (0xff9ff06f)
core   0: 0x8000dbe0 (0x00001f17) auipc   t5, 0x1
core   0: 3 0x8000dbe0 (0x00001f17) x30 0x8000ebe0
core   0: 0x8000dbe4 (0x423f2023) sw      gp, 1056(t5)
core   0: 3 0x8000dbe4 (0x423f2023) mem 0x8000f000 0x00000001
core   0: 0x8000dbe8 (0xff9ff06f) j       pc - 0x8
core   0: 3 0x8000dbe8 (0xff9ff06f)
core   0: 0x8000dbe0 (0x00001f17) auipc   t5, 0x1
core   0: 3 0x8000dbe0 (0x00001f17) x30 0x8000ebe0
core   0: 0x8000dbe4 (0x423f2023) sw      gp, 1056(t5)
core   0: 3 0x8000dbe4 (0x423f2023) mem 0x8000f000 0x00000001
core   0: 0x8000dbe8 (0xff9ff06f) j       pc - 0x8
core   0: 3 0x8000dbe8 (0xff9ff06f)
core   0: 0x8000dbe0 (0x00001f17) auipc   t5, 0x1
core   0: 3 0x8000dbe0 (0x00001f17) x30 0x8000ebe0
core   0: 0x8000dbe4 (0x423f2023) sw      gp, 1056(t5)
core   0: 3 0x8000dbe4 (0x423f2023) mem 0x8000f000 0x00000001
core   0: 0x8000dbe8 (0xff9ff06f) j       pc - 0x8
core   0: 3 0x8000dbe8 (0xff9ff06f)
core   0: 0x8000dbe0 (0x00001f17) auipc   t5, 0x1
core   0: 3 0x8000dbe0 (0x00001f17) x30 0x8000ebe0
core   0: 0x8000dbe4 (0x423f2023) sw      gp, 1056(t5)
core   0: 3 0x8000dbe4 (0x423f2023) mem 0x8000f000 0x00000001
core   0: 0x8000dbe8 (0xff9ff06f) j       pc - 0x8
core   0: 3 0x8000dbe8 (0xff9ff06f)
core   0: 0x8000dbe0 (0x00001f17) auipc   t5, 0x1
core   0: 3 0x8000dbe0 (0x00001f17) x30 0x8000ebe0
core   0: 0x8000dbe4 (0x423f2023) sw      gp, 1056(t5)
core   0: 3 0x8000dbe4 (0x423f2023) mem 0x8000f000 0x00000001
core   0: 0x8000dbe8 (0xff9ff06f) j       pc - 0x8
core   0: 3 0x8000dbe8 (0xff9ff06f)
core   0: 0x8000dbe0 (0x00001f17) auipc   t5, 0x1
core   0: 3 0x8000dbe0 (0x00001f17) x30 0x8000ebe0
core   0: 0x8000dbe4 (0x423f2023) sw      gp, 1056(t5)
core   0: 3 0x8000dbe4 (0x423f2023) mem 0x8000f000 0x00000001
core   0: 0x8000dbe8 (0xff9ff06f) j       pc - 0x8
core   0: 3 0x8000dbe8 (0xff9ff06f)
core   0: 0x8000dbe0 (0x00001f17) auipc   t5, 0x1
core   0: 3 0x8000dbe0 (0x00001f17) x30 0x8000ebe0
core   0: 0x8000dbe4 (0x423f2023) sw      gp, 1056(t5)
core   0: 3 0x8000dbe4 (0x423f2023) mem 0x8000f000 0x00000001
core   0: 0x8000dbe8 (0xff9ff06f) j       pc - 0x8
core   0: 3 0x8000dbe8 (0xff9ff06f)
core   0: 0x8000dbe0 (0x00001f17) auipc   t5, 0x1
core   0: 3 0x8000dbe0 (0x00001f17) x30 0x8000ebe0
core   0: 0x8000dbe4 (0x423f2023) sw      gp, 1056(t5)
core   0: 3 0x8000dbe4 (0x423f2023) mem 0x8000f000 0x00000001
core   0: 0x8000dbe8 (0xff9ff06f) j       pc - 0x8
core   0: 3 0x8000dbe8 (0xff9ff06f)
core   0: 0x8000dbe0 (0x00001f17) auipc   t5, 0x1
core   0: 3 0x8000dbe0 (0x00001f17) x30 0x8000ebe0
core   0: 0x8000dbe4 (0x423f2023) sw      gp, 1056(t5)
core   0: 3 0x8000dbe4 (0x423f2023) mem 0x8000f000 0x00000001
core   0: 0x8000dbe8 (0xff9ff06f) j       pc - 0x8
core   0: 3 0x8000dbe8 (0xff9ff06f)
core   0: 0x8000dbe0 (0x00001f17) auipc   t5, 0x1
core   0: 3 0x8000dbe0 (0x00001f17) x30 0x8000ebe0
core   0: 0x8000dbe4 (0x423f2023) sw      gp, 1056(t5)
core   0: 3 0x8000dbe4 (0x423f2023) mem 0x8000f000 0x00000001
core   0: 0x8000dbe8 (0xff9ff06f) j       pc - 0x8
core   0: 3 0x8000dbe8 (0xff9ff06f)
core   0: 0x8000dbe0 (0x00001f17) auipc   t5, 0x1
core   0: 3 0x8000dbe0 (0x00001f17) x30 0x8000ebe0
core   0: 0x8000dbe4 (0x423f2023) sw      gp, 1056(t5)
core   0: 3 0x8000dbe4 (0x423f2023) mem 0x8000f000 0x00000001
core   0: 0x8000dbe8 (0xff9ff06f) j       pc - 0x8
core   0: 3 0x8000dbe8 (0xff9ff06f)
core   0: 0x8000dbe0 (0x00001f17) auipc   t5, 0x1
core   0: 3 0x8000dbe0 (0x00001f17) x30 0x8000ebe0
core   0: 0x8000dbe4 (0x423f2023) sw      gp, 1056(t5)
core   0: 3 0x8000dbe4 (0x423f2023) mem 0x8000f000 0x00000001
core   0: 0x8000dbe8 (0xff9ff06f) j       pc - 0x8
core   0: 3 0x8000dbe8 (0xff9ff06f)
core   0: 0x8000dbe0 (0x00001f17) auipc   t5, 0x1
core   0: 3 0x8000dbe0 (0x00001f17) x30 0x8000ebe0
core   0: 0x8000dbe4 (0x423f2023) sw      gp, 1056(t5)
core   0: 3 0x8000dbe4 (0x423f2023) mem 0x8000f000 0x00000001
core   0: 0x8000dbe8 (0xff9ff06f) j       pc - 0x8
core   0: 3 0x8000dbe8 (0xff9ff06f)
core   0: 0x8000dbe0 (0x00001f17) auipc   t5, 0x1
core   0: 3 0x8000dbe0 (0x00001f17) x30 0x8000ebe0
core   0: 0x8000dbe4 (0x423f2023) sw      gp, 1056(t5)
core   0: 3 0x8000dbe4 (0x423f2023) mem 0x8000f000 0x00000001
core   0: 0x8000dbe8 (0xff9ff06f) j       pc - 0x8
core   0: 3 0x8000dbe8 (0xff9ff06f)
core   0: 0x8000dbe0 (0x00001f17) auipc   t5, 0x1
core   0: 3 0x8000dbe0 (0x00001f17) x30 0x8000ebe0
core   0: 0x8000dbe4 (0x423f2023) sw      gp, 1056(t5)
core   0: 3 0x8000dbe4 (0x423f2023) mem 0x8000f000 0x00000001
core   0: 0x8000dbe8 (0xff9ff06f) j       pc - 0x8
core   0: 3 0x8000dbe8 (0xff9ff06f)
core   0: 0x8000dbe0 (0x00001f17) auipc   t5, 0x1
core   0: 3 0x8000dbe0 (0x00001f17) x30 0x8000ebe0
core   0: 0x8000dbe4 (0x423f2023) sw      gp, 1056(t5)
core   0: 3 0x8000dbe4 (0x423f2023) mem 0x8000f000 0x00000001
core   0: 0x8000dbe8 (0xff9ff06f) j       pc - 0x8
core   0: 3 0x8000dbe8 (0xff9ff06f)
core   0: 0x8000dbe0 (0x00001f17) auipc   t5, 0x1
core   0: 3 0x8000dbe0 (0x00001f17) x30 0x8000ebe0
core   0: 0x8000dbe4 (0x423f2023) sw      gp, 1056(t5)
core   0: 3 0x8000dbe4 (0x423f2023) mem 0x8000f000 0x00000001
core   0: 0x8000dbe8 (0xff9ff06f) j       pc - 0x8
core   0: 3 0x8000dbe8 (0xff9ff06f)
core   0: 0x8000dbe0 (0x00001f17) auipc   t5, 0x1
core   0: 3 0x8000dbe0 (0x00001f17) x30 0x8000ebe0
core   0: 0x8000dbe4 (0x423f2023) sw      gp, 1056(t5)
core   0: 3 0x8000dbe4 (0x423f2023) mem 0x8000f000 0x00000001
core   0: 0x8000dbe8 (0xff9ff06f) j       pc - 0x8
core   0: 3 0x8000dbe8 (0xff9ff06f)
core   0: 0x8000dbe0 (0x00001f17) auipc   t5, 0x1
core   0: 3 0x8000dbe0 (0x00001f17) x30 0x8000ebe0
core   0: 0x8000dbe4 (0x423f2023) sw      gp, 1056(t5)
core   0: 3 0x8000dbe4 (0x423f2023) mem 0x8000f000 0x00000001
core   0: 0x8000dbe8 (0xff9ff06f) j       pc - 0x8
core   0: 3 0x8000dbe8 (0xff9ff06f)
core   0: 0x8000dbe0 (0x00001f17) auipc   t5, 0x1
core   0: 3 0x8000dbe0 (0x00001f17) x30 0x8000ebe0
core   0: 0x8000dbe4 (0x423f2023) sw      gp, 1056(t5)
core   0: 3 0x8000dbe4 (0x423f2023) mem 0x8000f000 0x00000001
core   0: 0x8000dbe8 (0xff9ff06f) j       pc - 0x8
core   0: 3 0x8000dbe8 (0xff9ff06f)
core   0: 0x8000dbe0 (0x00001f17) auipc   t5, 0x1
core   0: 3 0x8000dbe0 (0x00001f17) x30 0x8000ebe0
core   0: 0x8000dbe4 (0x423f2023) sw      gp, 1056(t5)
core   0: 3 0x8000dbe4 (0x423f2023) mem 0x8000f000 0x00000001
core   0: 0x8000dbe8 (0xff9ff06f) j       pc - 0x8
core   0: 3 0x8000dbe8 (0xff9ff06f)
core   0: 0x8000dbe0 (0x00001f17) auipc   t5, 0x1
core   0: 3 0x8000dbe0 (0x00001f17) x30 0x8000ebe0
core   0: 0x8000dbe4 (0x423f2023) sw      gp, 1056(t5)
core   0: 3 0x8000dbe4 (0x423f2023) mem 0x8000f000 0x00000001
core   0: 0x8000dbe8 (0xff9ff06f) j       pc - 0x8
core   0: 3 0x8000dbe8 (0xff9ff06f)
core   0: 0x8000dbe0 (0x00001f17) auipc   t5, 0x1
core   0: 3 0x8000dbe0 (0x00001f17) x30 0x8000ebe0
core   0: 0x8000dbe4 (0x423f2023) sw      gp, 1056(t5)
core   0: 3 0x8000dbe4 (0x423f2023) mem 0x8000f000 0x00000001
core   0: 0x8000dbe8 (0xff9ff06f) j       pc - 0x8
core   0: 3 0x8000dbe8 (0xff9ff06f)
core   0: 0x8000dbe0 (0x00001f17) auipc   t5, 0x1
core   0: 3 0x8000dbe0 (0x00001f17) x30 0x8000ebe0
core   0: 0x8000dbe4 (0x423f2023) sw      gp, 1056(t5)
core   0: 3 0x8000dbe4 (0x423f2023) mem 0x8000f000 0x00000001
core   0: 0x8000dbe8 (0xff9ff06f) j       pc - 0x8
core   0: 3 0x8000dbe8 (0xff9ff06f)
core   0: 0x8000dbe0 (0x00001f17) auipc   t5, 0x1
core   0: 3 0x8000dbe0 (0x00001f17) x30 0x8000ebe0
core   0: 0x8000dbe4 (0x423f2023) sw      gp, 1056(t5)
core   0: 3 0x8000dbe4 (0x423f2023) mem 0x8000f000 0x00000001
core   0: 0x8000dbe8 (0xff9ff06f) j       pc - 0x8
core   0: 3 0x8000dbe8 (0xff9ff06f)
core   0: 0x8000dbe0 (0x00001f17) auipc   t5, 0x1
core   0: 3 0x8000dbe0 (0x00001f17) x30 0x8000ebe0
core   0: 0x8000dbe4 (0x423f2023) sw      gp, 1056(t5)
core   0: 3 0x8000dbe4 (0x423f2023) mem 0x8000f000 0x00000001
core   0: 0x8000dbe8 (0xff9ff06f) j       pc - 0x8
core   0: 3 0x8000dbe8 (0xff9ff06f)
core   0: 0x8000dbe0 (0x00001f17) auipc   t5, 0x1
core   0: 3 0x8000dbe0 (0x00001f17) x30 0x8000ebe0
core   0: 0x8000dbe4 (0x423f2023) sw      gp, 1056(t5)
core   0: 3 0x8000dbe4 (0x423f2023) mem 0x8000f000 0x00000001
core   0: 0x8000dbe8 (0xff9ff06f) j       pc - 0x8
core   0: 3 0x8000dbe8 (0xff9ff06f)
core   0: 0x8000dbe0 (0x00001f17) auipc   t5, 0x1
core   0: 3 0x8000dbe0 (0x00001f17) x30 0x8000ebe0
core   0: 0x8000dbe4 (0x423f2023) sw      gp, 1056(t5)
core   0: 3 0x8000dbe4 (0x423f2023) mem 0x8000f000 0x00000001
core   0: 0x8000dbe8 (0xff9ff06f) j       pc - 0x8
core   0: 3 0x8000dbe8 (0xff9ff06f)
core   0: 0x8000dbe0 (0x00001f17) auipc   t5, 0x1
core   0: 3 0x8000dbe0 (0x00001f17) x30 0x8000ebe0
core   0: 0x8000dbe4 (0x423f2023) sw      gp, 1056(t5)
core   0: 3 0x8000dbe4 (0x423f2023) mem 0x8000f000 0x00000001
core   0: 0x8000dbe8 (0xff9ff06f) j       pc - 0x8
core   0: 3 0x8000dbe8 (0xff9ff06f)
core   0: 0x8000dbe0 (0x00001f17) auipc   t5, 0x1
core   0: 3 0x8000dbe0 (0x00001f17) x30 0x8000ebe0
core   0: 0x8000dbe4 (0x423f2023) sw      gp, 1056(t5)
core   0: 3 0x8000dbe4 (0x423f2023) mem 0x8000f000 0x00000001
core   0: 0x8000dbe8 (0xff9ff06f) j       pc - 0x8
core   0: 3 0x8000dbe8 (0xff9ff06f)
core   0: 0x8000dbe0 (0x00001f17) auipc   t5, 0x1
core   0: 3 0x8000dbe0 (0x00001f17) x30 0x8000ebe0
core   0: 0x8000dbe4 (0x423f2023) sw      gp, 1056(t5)
core   0: 3 0x8000dbe4 (0x423f2023) mem 0x8000f000 0x00000001
core   0: 0x8000dbe8 (0xff9ff06f) j       pc - 0x8
core   0: 3 0x8000dbe8 (0xff9ff06f)
core   0: 0x8000dbe0 (0x00001f17) auipc   t5, 0x1
core   0: 3 0x8000dbe0 (0x00001f17) x30 0x8000ebe0
core   0: 0x8000dbe4 (0x423f2023) sw      gp, 1056(t5)
core   0: 3 0x8000dbe4 (0x423f2023) mem 0x8000f000 0x00000001
core   0: 0x8000dbe8 (0xff9ff06f) j       pc - 0x8
core   0: 3 0x8000dbe8 (0xff9ff06f)
core   0: 0x8000dbe0 (0x00001f17) auipc   t5, 0x1
core   0: 3 0x8000dbe0 (0x00001f17) x30 0x8000ebe0
core   0: 0x8000dbe4 (0x423f2023) sw      gp, 1056(t5)
core   0: 3 0x8000dbe4 (0x423f2023) mem 0x8000f000 0x00000001
core   0: 0x8000dbe8 (0xff9ff06f) j       pc - 0x8
core   0: 3 0x8000dbe8 (0xff9ff06f)
core   0: 0x8000dbe0 (0x00001f17) auipc   t5, 0x1
core   0: 3 0x8000dbe0 (0x00001f17) x30 0x8000ebe0
core   0: 0x8000dbe4 (0x423f2023) sw      gp, 1056(t5)
core   0: 3 0x8000dbe4 (0x423f2023) mem 0x8000f000 0x00000001
core   0: 0x8000dbe8 (0xff9ff06f) j       pc - 0x8
core   0: 3 0x8000dbe8 (0xff9ff06f)
core   0: 0x8000dbe0 (0x00001f17) auipc   t5, 0x1
core   0: 3 0x8000dbe0 (0x00001f17) x30 0x8000ebe0
core   0: 0x8000dbe4 (0x423f2023) sw      gp, 1056(t5)
core   0: 3 0x8000dbe4 (0x423f2023) mem 0x8000f000 0x00000001
core   0: 0x8000dbe8 (0xff9ff06f) j       pc - 0x8
core   0: 3 0x8000dbe8 (0xff9ff06f)
core   0: 0x8000dbe0 (0x00001f17) auipc   t5, 0x1
core   0: 3 0x8000dbe0 (0x00001f17) x30 0x8000ebe0
core   0: 0x8000dbe4 (0x423f2023) sw      gp, 1056(t5)
core   0: 3 0x8000dbe4 (0x423f2023) mem 0x8000f000 0x00000001
core   0: 0x8000dbe8 (0xff9ff06f) j       pc - 0x8
core   0: 3 0x8000dbe8 (0xff9ff06f)
core   0: 0x8000dbe0 (0x00001f17) auipc   t5, 0x1
core   0: 3 0x8000dbe0 (0x00001f17) x30 0x8000ebe0
core   0: 0x8000dbe4 (0x423f2023) sw      gp, 1056(t5)
core   0: 3 0x8000dbe4 (0x423f2023) mem 0x8000f000 0x00000001
core   0: 0x8000dbe8 (0xff9ff06f) j       pc - 0x8
core   0: 3 0x8000dbe8 (0xff9ff06f)
core   0: 0x8000dbe0 (0x00001f17) auipc   t5, 0x1
core   0: 3 0x8000dbe0 (0x00001f17) x30 0x8000ebe0
core   0: 0x8000dbe4 (0x423f2023) sw      gp, 1056(t5)
core   0: 3 0x8000dbe4 (0x423f2023) mem 0x8000f000 0x00000001
core   0: 0x8000dbe8 (0xff9ff06f) j       pc - 0x8
core   0: 3 0x8000dbe8 (0xff9ff06f)
core   0: 0x8000dbe0 (0x00001f17) auipc   t5, 0x1
core   0: 3 0x8000dbe0 (0x00001f17) x30 0x8000ebe0
core   0: 0x8000dbe4 (0x423f2023) sw      gp, 1056(t5)
core   0: 3 0x8000dbe4 (0x423f2023) mem 0x8000f000 0x00000001
core   0: 0x8000dbe8 (0xff9ff06f) j       pc - 0x8
core   0: 3 0x8000dbe8 (0xff9ff06f)
core   0: 0x8000dbe0 (0x00001f17) auipc   t5, 0x1
core   0: 3 0x8000dbe0 (0x00001f17) x30 0x8000ebe0
core   0: 0x8000dbe4 (0x423f2023) sw      gp, 1056(t5)
core   0: 3 0x8000dbe4 (0x423f2023) mem 0x8000f000 0x00000001
core   0: 0x8000dbe8 (0xff9ff06f) j       pc - 0x8
core   0: 3 0x8000dbe8 (0xff9ff06f)
core   0: 0x8000dbe0 (0x00001f17) auipc   t5, 0x1
core   0: 3 0x8000dbe0 (0x00001f17) x30 0x8000ebe0
core   0: 0x8000dbe4 (0x423f2023) sw      gp, 1056(t5)
core   0: 3 0x8000dbe4 (0x423f2023) mem 0x8000f000 0x00000001
core   0: 0x8000dbe8 (0xff9ff06f) j       pc - 0x8
core   0: 3 0x8000dbe8 (0xff9ff06f)
core   0: 0x8000dbe0 (0x00001f17) auipc   t5, 0x1
core   0: 3 0x8000dbe0 (0x00001f17) x30 0x8000ebe0
core   0: 0x8000dbe4 (0x423f2023) sw      gp, 1056(t5)
core   0: 3 0x8000dbe4 (0x423f2023) mem 0x8000f000 0x00000001
core   0: 0x8000dbe8 (0xff9ff06f) j       pc - 0x8
core   0: 3 0x8000dbe8 (0xff9ff06f)
core   0: 0x8000dbe0 (0x00001f17) auipc   t5, 0x1
core   0: 3 0x8000dbe0 (0x00001f17) x30 0x8000ebe0
core   0: 0x8000dbe4 (0x423f2023) sw      gp, 1056(t5)
core   0: 3 0x8000dbe4 (0x423f2023) mem 0x8000f000 0x00000001
core   0: 0x8000dbe8 (0xff9ff06f) j       pc - 0x8
core   0: 3 0x8000dbe8 (0xff9ff06f)
core   0: 0x8000dbe0 (0x00001f17) auipc   t5, 0x1
core   0: 3 0x8000dbe0 (0x00001f17) x30 0x8000ebe0
core   0: 0x8000dbe4 (0x423f2023) sw      gp, 1056(t5)
core   0: 3 0x8000dbe4 (0x423f2023) mem 0x8000f000 0x00000001
core   0: 0x8000dbe8 (0xff9ff06f) j       pc - 0x8
core   0: 3 0x8000dbe8 (0xff9ff06f)
core   0: 0x8000dbe0 (0x00001f17) auipc   t5, 0x1
core   0: 3 0x8000dbe0 (0x00001f17) x30 0x8000ebe0
core   0: 0x8000dbe4 (0x423f2023) sw      gp, 1056(t5)
core   0: 3 0x8000dbe4 (0x423f2023) mem 0x8000f000 0x00000001
core   0: 0x8000dbe8 (0xff9ff06f) j       pc - 0x8
core   0: 3 0x8000dbe8 (0xff9ff06f)
core   0: 0x8000dbe0 (0x00001f17) auipc   t5, 0x1
core   0: 3 0x8000dbe0 (0x00001f17) x30 0x8000ebe0
core   0: 0x8000dbe4 (0x423f2023) sw      gp, 1056(t5)
core   0: 3 0x8000dbe4 (0x423f2023) mem 0x8000f000 0x00000001
core   0: 0x8000dbe8 (0xff9ff06f) j       pc - 0x8
core   0: 3 0x8000dbe8 (0xff9ff06f)
core   0: 0x8000dbe0 (0x00001f17) auipc   t5, 0x1
core   0: 3 0x8000dbe0 (0x00001f17) x30 0x8000ebe0
core   0: 0x8000dbe4 (0x423f2023) sw      gp, 1056(t5)
core   0: 3 0x8000dbe4 (0x423f2023) mem 0x8000f000 0x00000001
core   0: 0x8000dbe8 (0xff9ff06f) j       pc - 0x8
core   0: 3 0x8000dbe8 (0xff9ff06f)
core   0: 0x8000dbe0 (0x00001f17) auipc   t5, 0x1
core   0: 3 0x8000dbe0 (0x00001f17) x30 0x8000ebe0
core   0: 0x8000dbe4 (0x423f2023) sw      gp, 1056(t5)
core   0: 3 0x8000dbe4 (0x423f2023) mem 0x8000f000 0x00000001
core   0: 0x8000dbe8 (0xff9ff06f) j       pc - 0x8
core   0: 3 0x8000dbe8 (0xff9ff06f)
core   0: 0x8000dbe0 (0x00001f17) auipc   t5, 0x1
core   0: 3 0x8000dbe0 (0x00001f17) x30 0x8000ebe0
core   0: 0x8000dbe4 (0x423f2023) sw      gp, 1056(t5)
core   0: 3 0x8000dbe4 (0x423f2023) mem 0x8000f000 0x00000001
core   0: 0x8000dbe8 (0xff9ff06f) j       pc - 0x8
core   0: 3 0x8000dbe8 (0xff9ff06f)
core   0: 0x8000dbe0 (0x00001f17) auipc   t5, 0x1
core   0: 3 0x8000dbe0 (0x00001f17) x30 0x8000ebe0
core   0: 0x8000dbe4 (0x423f2023) sw      gp, 1056(t5)
core   0: 3 0x8000dbe4 (0x423f2023) mem 0x8000f000 0x00000001
core   0: 0x8000dbe8 (0xff9ff06f) j       pc - 0x8
core   0: 3 0x8000dbe8 (0xff9ff06f)
core   0: 0x8000dbe0 (0x00001f17) auipc   t5, 0x1
core   0: 3 0x8000dbe0 (0x00001f17) x30 0x8000ebe0
core   0: 0x8000dbe4 (0x423f2023) sw      gp, 1056(t5)
core   0: 3 0x8000dbe4 (0x423f2023) mem 0x8000f000 0x00000001
core   0: 0x8000dbe8 (0xff9ff06f) j       pc - 0x8
core   0: 3 0x8000dbe8 (0xff9ff06f)
core   0: 0x8000dbe0 (0x00001f17) auipc   t5, 0x1
core   0: 3 0x8000dbe0 (0x00001f17) x30 0x8000ebe0
core   0: 0x8000dbe4 (0x423f2023) sw      gp, 1056(t5)
core   0: 3 0x8000dbe4 (0x423f2023) mem 0x8000f000 0x00000001
core   0: 0x8000dbe8 (0xff9ff06f) j       pc - 0x8
core   0: 3 0x8000dbe8 (0xff9ff06f)
core   0: 0x8000dbe0 (0x00001f17) auipc   t5, 0x1
core   0: 3 0x8000dbe0 (0x00001f17) x30 0x8000ebe0
core   0: 0x8000dbe4 (0x423f2023) sw      gp, 1056(t5)
core   0: 3 0x8000dbe4 (0x423f2023) mem 0x8000f000 0x00000001
core   0: 0x8000dbe8 (0xff9ff06f) j       pc - 0x8
core   0: 3 0x8000dbe8 (0xff9ff06f)
core   0: 0x8000dbe0 (0x00001f17) auipc   t5, 0x1
core   0: 3 0x8000dbe0 (0x00001f17) x30 0x8000ebe0
core   0: 0x8000dbe4 (0x423f2023) sw      gp, 1056(t5)
core   0: 3 0x8000dbe4 (0x423f2023) mem 0x8000f000 0x00000001
core   0: 0x8000dbe8 (0xff9ff06f) j       pc - 0x8
core   0: 3 0x8000dbe8 (0xff9ff06f)
core   0: 0x8000dbe0 (0x00001f17) auipc   t5, 0x1
core   0: 3 0x8000dbe0 (0x00001f17) x30 0x8000ebe0
core   0: 0x8000dbe4 (0x423f2023) sw      gp, 1056(t5)
core   0: 3 0x8000dbe4 (0x423f2023) mem 0x8000f000 0x00000001
core   0: 0x8000dbe8 (0xff9ff06f) j       pc - 0x8
core   0: 3 0x8000dbe8 (0xff9ff06f)
core   0: 0x8000dbe0 (0x00001f17) auipc   t5, 0x1
core   0: 3 0x8000dbe0 (0x00001f17) x30 0x8000ebe0
core   0: 0x8000dbe4 (0x423f2023) sw      gp, 1056(t5)
core   0: 3 0x8000dbe4 (0x423f2023) mem 0x8000f000 0x00000001
core   0: 0x8000dbe8 (0xff9ff06f) j       pc - 0x8
core   0: 3 0x8000dbe8 (0xff9ff06f)
core   0: 0x8000dbe0 (0x00001f17) auipc   t5, 0x1
core   0: 3 0x8000dbe0 (0x00001f17) x30 0x8000ebe0
core   0: 0x8000dbe4 (0x423f2023) sw      gp, 1056(t5)
core   0: 3 0x8000dbe4 (0x423f2023) mem 0x8000f000 0x00000001
core   0: 0x8000dbe8 (0xff9ff06f) j       pc - 0x8
core   0: 3 0x8000dbe8 (0xff9ff06f)
core   0: 0x8000dbe0 (0x00001f17) auipc   t5, 0x1
core   0: 3 0x8000dbe0 (0x00001f17) x30 0x8000ebe0
core   0: 0x8000dbe4 (0x423f2023) sw      gp, 1056(t5)
core   0: 3 0x8000dbe4 (0x423f2023) mem 0x8000f000 0x00000001
core   0: 0x8000dbe8 (0xff9ff06f) j       pc - 0x8
core   0: 3 0x8000dbe8 (0xff9ff06f)
core   0: 0x8000dbe0 (0x00001f17) auipc   t5, 0x1
core   0: 3 0x8000dbe0 (0x00001f17) x30 0x8000ebe0
core   0: 0x8000dbe4 (0x423f2023) sw      gp, 1056(t5)
core   0: 3 0x8000dbe4 (0x423f2023) mem 0x8000f000 0x00000001
core   0: 0x8000dbe8 (0xff9ff06f) j       pc - 0x8
core   0: 3 0x8000dbe8 (0xff9ff06f)
core   0: 0x8000dbe0 (0x00001f17) auipc   t5, 0x1
core   0: 3 0x8000dbe0 (0x00001f17) x30 0x8000ebe0
core   0: 0x8000dbe4 (0x423f2023) sw      gp, 1056(t5)
core   0: 3 0x8000dbe4 (0x423f2023) mem 0x8000f000 0x00000001
core   0: 0x8000dbe8 (0xff9ff06f) j       pc - 0x8
core   0: 3 0x8000dbe8 (0xff9ff06f)
core   0: 0x8000dbe0 (0x00001f17) auipc   t5, 0x1
core   0: 3 0x8000dbe0 (0x00001f17) x30 0x8000ebe0
core   0: 0x8000dbe4 (0x423f2023) sw      gp, 1056(t5)
core   0: 3 0x8000dbe4 (0x423f2023) mem 0x8000f000 0x00000001
core   0: 0x8000dbe8 (0xff9ff06f) j       pc - 0x8
core   0: 3 0x8000dbe8 (0xff9ff06f)
core   0: 0x8000dbe0 (0x00001f17) auipc   t5, 0x1
core   0: 3 0x8000dbe0 (0x00001f17) x30 0x8000ebe0
core   0: 0x8000dbe4 (0x423f2023) sw      gp, 1056(t5)
core   0: 3 0x8000dbe4 (0x423f2023) mem 0x8000f000 0x00000001
core   0: 0x8000dbe8 (0xff9ff06f) j       pc - 0x8
core   0: 3 0x8000dbe8 (0xff9ff06f)
core   0: 0x8000dbe0 (0x00001f17) auipc   t5, 0x1
core   0: 3 0x8000dbe0 (0x00001f17) x30 0x8000ebe0
core   0: 0x8000dbe4 (0x423f2023) sw      gp, 1056(t5)
core   0: 3 0x8000dbe4 (0x423f2023) mem 0x8000f000 0x00000001
core   0: 0x8000dbe8 (0xff9ff06f) j       pc - 0x8
core   0: 3 0x8000dbe8 (0xff9ff06f)
core   0: 0x8000dbe0 (0x00001f17) auipc   t5, 0x1
core   0: 3 0x8000dbe0 (0x00001f17) x30 0x8000ebe0
core   0: 0x8000dbe4 (0x423f2023) sw      gp, 1056(t5)
core   0: 3 0x8000dbe4 (0x423f2023) mem 0x8000f000 0x00000001
core   0: 0x8000dbe8 (0xff9ff06f) j       pc - 0x8
core   0: 3 0x8000dbe8 (0xff9ff06f)
core   0: 0x8000dbe0 (0x00001f17) auipc   t5, 0x1
core   0: 3 0x8000dbe0 (0x00001f17) x30 0x8000ebe0
core   0: 0x8000dbe4 (0x423f2023) sw      gp, 1056(t5)
core   0: 3 0x8000dbe4 (0x423f2023) mem 0x8000f000 0x00000001
core   0: 0x8000dbe8 (0xff9ff06f) j       pc - 0x8
core   0: 3 0x8000dbe8 (0xff9ff06f)
core   0: 0x8000dbe0 (0x00001f17) auipc   t5, 0x1
core   0: 3 0x8000dbe0 (0x00001f17) x30 0x8000ebe0
core   0: 0x8000dbe4 (0x423f2023) sw      gp, 1056(t5)
core   0: 3 0x8000dbe4 (0x423f2023) mem 0x8000f000 0x00000001
core   0: 0x8000dbe8 (0xff9ff06f) j       pc - 0x8
core   0: 3 0x8000dbe8 (0xff9ff06f)
core   0: 0x8000dbe0 (0x00001f17) auipc   t5, 0x1
core   0: 3 0x8000dbe0 (0x00001f17) x30 0x8000ebe0
core   0: 0x8000dbe4 (0x423f2023) sw      gp, 1056(t5)
core   0: 3 0x8000dbe4 (0x423f2023) mem 0x8000f000 0x00000001
core   0: 0x8000dbe8 (0xff9ff06f) j       pc - 0x8
core   0: 3 0x8000dbe8 (0xff9ff06f)
core   0: 0x8000dbe0 (0x00001f17) auipc   t5, 0x1
core   0: 3 0x8000dbe0 (0x00001f17) x30 0x8000ebe0
core   0: 0x8000dbe4 (0x423f2023) sw      gp, 1056(t5)
core   0: 3 0x8000dbe4 (0x423f2023) mem 0x8000f000 0x00000001
core   0: 0x8000dbe8 (0xff9ff06f) j       pc - 0x8
core   0: 3 0x8000dbe8 (0xff9ff06f)
core   0: 0x8000dbe0 (0x00001f17) auipc   t5, 0x1
core   0: 3 0x8000dbe0 (0x00001f17) x30 0x8000ebe0
core   0: 0x8000dbe4 (0x423f2023) sw      gp, 1056(t5)
core   0: 3 0x8000dbe4 (0x423f2023) mem 0x8000f000 0x00000001
core   0: 0x8000dbe8 (0xff9ff06f) j       pc - 0x8
core   0: 3 0x8000dbe8 (0xff9ff06f)
core   0: 0x8000dbe0 (0x00001f17) auipc   t5, 0x1
core   0: 3 0x8000dbe0 (0x00001f17) x30 0x8000ebe0
core   0: 0x8000dbe4 (0x423f2023) sw      gp, 1056(t5)
core   0: 3 0x8000dbe4 (0x423f2023) mem 0x8000f000 0x00000001
core   0: 0x8000dbe8 (0xff9ff06f) j       pc - 0x8
core   0: 3 0x8000dbe8 (0xff9ff06f)
core   0: 0x8000dbe0 (0x00001f17) auipc   t5, 0x1
core   0: 3 0x8000dbe0 (0x00001f17) x30 0x8000ebe0
core   0: 0x8000dbe4 (0x423f2023) sw      gp, 1056(t5)
core   0: 3 0x8000dbe4 (0x423f2023) mem 0x8000f000 0x00000001
core   0: 0x8000dbe8 (0xff9ff06f) j       pc - 0x8
core   0: 3 0x8000dbe8 (0xff9ff06f)
core   0: 0x8000dbe0 (0x00001f17) auipc   t5, 0x1
core   0: 3 0x8000dbe0 (0x00001f17) x30 0x8000ebe0
core   0: 0x8000dbe4 (0x423f2023) sw      gp, 1056(t5)
core   0: 3 0x8000dbe4 (0x423f2023) mem 0x8000f000 0x00000001
core   0: 0x8000dbe8 (0xff9ff06f) j       pc - 0x8
core   0: 3 0x8000dbe8 (0xff9ff06f)
core   0: 0x8000dbe0 (0x00001f17) auipc   t5, 0x1
core   0: 3 0x8000dbe0 (0x00001f17) x30 0x8000ebe0
core   0: 0x8000dbe4 (0x423f2023) sw      gp, 1056(t5)
core   0: 3 0x8000dbe4 (0x423f2023) mem 0x8000f000 0x00000001
core   0: 0x8000dbe8 (0xff9ff06f) j       pc - 0x8
core   0: 3 0x8000dbe8 (0xff9ff06f)
core   0: 0x8000dbe0 (0x00001f17) auipc   t5, 0x1
core   0: 3 0x8000dbe0 (0x00001f17) x30 0x8000ebe0
core   0: 0x8000dbe4 (0x423f2023) sw      gp, 1056(t5)
core   0: 3 0x8000dbe4 (0x423f2023) mem 0x8000f000 0x00000001
core   0: 0x8000dbe8 (0xff9ff06f) j       pc - 0x8
core   0: 3 0x8000dbe8 (0xff9ff06f)
core   0: 0x8000dbe0 (0x00001f17) auipc   t5, 0x1
core   0: 3 0x8000dbe0 (0x00001f17) x30 0x8000ebe0
core   0: 0x8000dbe4 (0x423f2023) sw      gp, 1056(t5)
core   0: 3 0x8000dbe4 (0x423f2023) mem 0x8000f000 0x00000001
core   0: 0x8000dbe8 (0xff9ff06f) j       pc - 0x8
core   0: 3 0x8000dbe8 (0xff9ff06f)
core   0: 0x8000dbe0 (0x00001f17) auipc   t5, 0x1
core   0: 3 0x8000dbe0 (0x00001f17) x30 0x8000ebe0
core   0: 0x8000dbe4 (0x423f2023) sw      gp, 1056(t5)
core   0: 3 0x8000dbe4 (0x423f2023) mem 0x8000f000 0x00000001
core   0: 0x8000dbe8 (0xff9ff06f) j       pc - 0x8
core   0: 3 0x8000dbe8 (0xff9ff06f)
core   0: 0x8000dbe0 (0x00001f17) auipc   t5, 0x1
core   0: 3 0x8000dbe0 (0x00001f17) x30 0x8000ebe0
core   0: 0x8000dbe4 (0x423f2023) sw      gp, 1056(t5)
core   0: 3 0x8000dbe4 (0x423f2023) mem 0x8000f000 0x00000001
core   0: 0x8000dbe8 (0xff9ff06f) j       pc - 0x8
core   0: 3 0x8000dbe8 (0xff9ff06f)
core   0: 0x8000dbe0 (0x00001f17) auipc   t5, 0x1
core   0: 3 0x8000dbe0 (0x00001f17) x30 0x8000ebe0
core   0: 0x8000dbe4 (0x423f2023) sw      gp, 1056(t5)
core   0: 3 0x8000dbe4 (0x423f2023) mem 0x8000f000 0x00000001
core   0: 0x8000dbe8 (0xff9ff06f) j       pc - 0x8
core   0: 3 0x8000dbe8 (0xff9ff06f)
core   0: 0x8000dbe0 (0x00001f17) auipc   t5, 0x1
core   0: 3 0x8000dbe0 (0x00001f17) x30 0x8000ebe0
core   0: 0x8000dbe4 (0x423f2023) sw      gp, 1056(t5)
core   0: 3 0x8000dbe4 (0x423f2023) mem 0x8000f000 0x00000001
core   0: 0x8000dbe8 (0xff9ff06f) j       pc - 0x8
core   0: 3 0x8000dbe8 (0xff9ff06f)
core   0: 0x8000dbe0 (0x00001f17) auipc   t5, 0x1
core   0: 3 0x8000dbe0 (0x00001f17) x30 0x8000ebe0
core   0: 0x8000dbe4 (0x423f2023) sw      gp, 1056(t5)
core   0: 3 0x8000dbe4 (0x423f2023) mem 0x8000f000 0x00000001
core   0: 0x8000dbe8 (0xff9ff06f) j       pc - 0x8
core   0: 3 0x8000dbe8 (0xff9ff06f)
core   0: 0x8000dbe0 (0x00001f17) auipc   t5, 0x1
core   0: 3 0x8000dbe0 (0x00001f17) x30 0x8000ebe0
core   0: 0x8000dbe4 (0x423f2023) sw      gp, 1056(t5)
core   0: 3 0x8000dbe4 (0x423f2023) mem 0x8000f000 0x00000001
core   0: 0x8000dbe8 (0xff9ff06f) j       pc - 0x8
core   0: 3 0x8000dbe8 (0xff9ff06f)
core   0: 0x8000dbe0 (0x00001f17) auipc   t5, 0x1
core   0: 3 0x8000dbe0 (0x00001f17) x30 0x8000ebe0
core   0: 0x8000dbe4 (0x423f2023) sw      gp, 1056(t5)
core   0: 3 0x8000dbe4 (0x423f2023) mem 0x8000f000 0x00000001
core   0: 0x8000dbe8 (0xff9ff06f) j       pc - 0x8
core   0: 3 0x8000dbe8 (0xff9ff06f)
core   0: 0x8000dbe0 (0x00001f17) auipc   t5, 0x1
core   0: 3 0x8000dbe0 (0x00001f17) x30 0x8000ebe0
core   0: 0x8000dbe4 (0x423f2023) sw      gp, 1056(t5)
core   0: 3 0x8000dbe4 (0x423f2023) mem 0x8000f000 0x00000001
core   0: 0x8000dbe8 (0xff9ff06f) j       pc - 0x8
core   0: 3 0x8000dbe8 (0xff9ff06f)
core   0: 0x8000dbe0 (0x00001f17) auipc   t5, 0x1
core   0: 3 0x8000dbe0 (0x00001f17) x30 0x8000ebe0
core   0: 0x8000dbe4 (0x423f2023) sw      gp, 1056(t5)
core   0: 3 0x8000dbe4 (0x423f2023) mem 0x8000f000 0x00000001
core   0: 0x8000dbe8 (0xff9ff06f) j       pc - 0x8
core   0: 3 0x8000dbe8 (0xff9ff06f)
core   0: 0x8000dbe0 (0x00001f17) auipc   t5, 0x1
core   0: 3 0x8000dbe0 (0x00001f17) x30 0x8000ebe0
core   0: 0x8000dbe4 (0x423f2023) sw      gp, 1056(t5)
core   0: 3 0x8000dbe4 (0x423f2023) mem 0x8000f000 0x00000001
core   0: 0x8000dbe8 (0xff9ff06f) j       pc - 0x8
core   0: 3 0x8000dbe8 (0xff9ff06f)
core   0: 0x8000dbe0 (0x00001f17) auipc   t5, 0x1
core   0: 3 0x8000dbe0 (0x00001f17) x30 0x8000ebe0
core   0: 0x8000dbe4 (0x423f2023) sw      gp, 1056(t5)
core   0: 3 0x8000dbe4 (0x423f2023) mem 0x8000f000 0x00000001
core   0: 0x8000dbe8 (0xff9ff06f) j       pc - 0x8
core   0: 3 0x8000dbe8 (0xff9ff06f)
core   0: 0x8000dbe0 (0x00001f17) auipc   t5, 0x1
core   0: 3 0x8000dbe0 (0x00001f17) x30 0x8000ebe0
core   0: 0x8000dbe4 (0x423f2023) sw      gp, 1056(t5)
core   0: 3 0x8000dbe4 (0x423f2023) mem 0x8000f000 0x00000001
core   0: 0x8000dbe8 (0xff9ff06f) j       pc - 0x8
core   0: 3 0x8000dbe8 (0xff9ff06f)
core   0: 0x8000dbe0 (0x00001f17) auipc   t5, 0x1
core   0: 3 0x8000dbe0 (0x00001f17) x30 0x8000ebe0
core   0: 0x8000dbe4 (0x423f2023) sw      gp, 1056(t5)
core   0: 3 0x8000dbe4 (0x423f2023) mem 0x8000f000 0x00000001
core   0: 0x8000dbe8 (0xff9ff06f) j       pc - 0x8
core   0: 3 0x8000dbe8 (0xff9ff06f)
core   0: 0x8000dbe0 (0x00001f17) auipc   t5, 0x1
core   0: 3 0x8000dbe0 (0x00001f17) x30 0x8000ebe0
core   0: 0x8000dbe4 (0x423f2023) sw      gp, 1056(t5)
core   0: 3 0x8000dbe4 (0x423f2023) mem 0x8000f000 0x00000001
core   0: 0x8000dbe8 (0xff9ff06f) j       pc - 0x8
core   0: 3 0x8000dbe8 (0xff9ff06f)
core   0: 0x8000dbe0 (0x00001f17) auipc   t5, 0x1
core   0: 3 0x8000dbe0 (0x00001f17) x30 0x8000ebe0
core   0: 0x8000dbe4 (0x423f2023) sw      gp, 1056(t5)
core   0: 3 0x8000dbe4 (0x423f2023) mem 0x8000f000 0x00000001
core   0: 0x8000dbe8 (0xff9ff06f) j       pc - 0x8
core   0: 3 0x8000dbe8 (0xff9ff06f)
core   0: 0x8000dbe0 (0x00001f17) auipc   t5, 0x1
core   0: 3 0x8000dbe0 (0x00001f17) x30 0x8000ebe0
core   0: 0x8000dbe4 (0x423f2023) sw      gp, 1056(t5)
core   0: 3 0x8000dbe4 (0x423f2023) mem 0x8000f000 0x00000001
core   0: 0x8000dbe8 (0xff9ff06f) j       pc - 0x8
core   0: 3 0x8000dbe8 (0xff9ff06f)
core   0: 0x8000dbe0 (0x00001f17) auipc   t5, 0x1
core   0: 3 0x8000dbe0 (0x00001f17) x30 0x8000ebe0
core   0: 0x8000dbe4 (0x423f2023) sw      gp, 1056(t5)
core   0: 3 0x8000dbe4 (0x423f2023) mem 0x8000f000 0x00000001
core   0: 0x8000dbe8 (0xff9ff06f) j       pc - 0x8
core   0: 3 0x8000dbe8 (0xff9ff06f)
core   0: 0x8000dbe0 (0x00001f17) auipc   t5, 0x1
core   0: 3 0x8000dbe0 (0x00001f17) x30 0x8000ebe0
core   0: 0x8000dbe4 (0x423f2023) sw      gp, 1056(t5)
core   0: 3 0x8000dbe4 (0x423f2023) mem 0x8000f000 0x00000001
core   0: 0x8000dbe8 (0xff9ff06f) j       pc - 0x8
core   0: 3 0x8000dbe8 (0xff9ff06f)
core   0: 0x8000dbe0 (0x00001f17) auipc   t5, 0x1
core   0: 3 0x8000dbe0 (0x00001f17) x30 0x8000ebe0
core   0: 0x8000dbe4 (0x423f2023) sw      gp, 1056(t5)
core   0: 3 0x8000dbe4 (0x423f2023) mem 0x8000f000 0x00000001
core   0: 0x8000dbe8 (0xff9ff06f) j       pc - 0x8
core   0: 3 0x8000dbe8 (0xff9ff06f)
core   0: 0x8000dbe0 (0x00001f17) auipc   t5, 0x1
core   0: 3 0x8000dbe0 (0x00001f17) x30 0x8000ebe0
core   0: 0x8000dbe4 (0x423f2023) sw      gp, 1056(t5)
core   0: 3 0x8000dbe4 (0x423f2023) mem 0x8000f000 0x00000001
core   0: 0x8000dbe8 (0xff9ff06f) j       pc - 0x8
core   0: 3 0x8000dbe8 (0xff9ff06f)
core   0: 0x8000dbe0 (0x00001f17) auipc   t5, 0x1
core   0: 3 0x8000dbe0 (0x00001f17) x30 0x8000ebe0
core   0: 0x8000dbe4 (0x423f2023) sw      gp, 1056(t5)
core   0: 3 0x8000dbe4 (0x423f2023) mem 0x8000f000 0x00000001
core   0: 0x8000dbe8 (0xff9ff06f) j       pc - 0x8
core   0: 3 0x8000dbe8 (0xff9ff06f)
core   0: 0x8000dbe0 (0x00001f17) auipc   t5, 0x1
core   0: 3 0x8000dbe0 (0x00001f17) x30 0x8000ebe0
core   0: 0x8000dbe4 (0x423f2023) sw      gp, 1056(t5)
core   0: 3 0x8000dbe4 (0x423f2023) mem 0x8000f000 0x00000001
core   0: 0x8000dbe8 (0xff9ff06f) j       pc - 0x8
core   0: 3 0x8000dbe8 (0xff9ff06f)
core   0: 0x8000dbe0 (0x00001f17) auipc   t5, 0x1
core   0: 3 0x8000dbe0 (0x00001f17) x30 0x8000ebe0
core   0: 0x8000dbe4 (0x423f2023) sw      gp, 1056(t5)
core   0: 3 0x8000dbe4 (0x423f2023) mem 0x8000f000 0x00000001
core   0: 0x8000dbe8 (0xff9ff06f) j       pc - 0x8
core   0: 3 0x8000dbe8 (0xff9ff06f)
core   0: 0x8000dbe0 (0x00001f17) auipc   t5, 0x1
core   0: 3 0x8000dbe0 (0x00001f17) x30 0x8000ebe0
core   0: 0x8000dbe4 (0x423f2023) sw      gp, 1056(t5)
core   0: 3 0x8000dbe4 (0x423f2023) mem 0x8000f000 0x00000001
core   0: 0x8000dbe8 (0xff9ff06f) j       pc - 0x8
core   0: 3 0x8000dbe8 (0xff9ff06f)
core   0: 0x8000dbe0 (0x00001f17) auipc   t5, 0x1
core   0: 3 0x8000dbe0 (0x00001f17) x30 0x8000ebe0
core   0: 0x8000dbe4 (0x423f2023) sw      gp, 1056(t5)
core   0: 3 0x8000dbe4 (0x423f2023) mem 0x8000f000 0x00000001
core   0: 0x8000dbe8 (0xff9ff06f) j       pc - 0x8
core   0: 3 0x8000dbe8 (0xff9ff06f)
core   0: 0x8000dbe0 (0x00001f17) auipc   t5, 0x1
core   0: 3 0x8000dbe0 (0x00001f17) x30 0x8000ebe0
core   0: 0x8000dbe4 (0x423f2023) sw      gp, 1056(t5)
core   0: 3 0x8000dbe4 (0x423f2023) mem 0x8000f000 0x00000001
core   0: 0x8000dbe8 (0xff9ff06f) j       pc - 0x8
core   0: 3 0x8000dbe8 (0xff9ff06f)
core   0: 0x8000dbe0 (0x00001f17) auipc   t5, 0x1
core   0: 3 0x8000dbe0 (0x00001f17) x30 0x8000ebe0
core   0: 0x8000dbe4 (0x423f2023) sw      gp, 1056(t5)
core   0: 3 0x8000dbe4 (0x423f2023) mem 0x8000f000 0x00000001
core   0: 0x8000dbe8 (0xff9ff06f) j       pc - 0x8
core   0: 3 0x8000dbe8 (0xff9ff06f)
core   0: 0x8000dbe0 (0x00001f17) auipc   t5, 0x1
core   0: 3 0x8000dbe0 (0x00001f17) x30 0x8000ebe0
core   0: 0x8000dbe4 (0x423f2023) sw      gp, 1056(t5)
core   0: 3 0x8000dbe4 (0x423f2023) mem 0x8000f000 0x00000001
core   0: 0x8000dbe8 (0xff9ff06f) j       pc - 0x8
core   0: 3 0x8000dbe8 (0xff9ff06f)
core   0: 0x8000dbe0 (0x00001f17) auipc   t5, 0x1
core   0: 3 0x8000dbe0 (0x00001f17) x30 0x8000ebe0
core   0: 0x8000dbe4 (0x423f2023) sw      gp, 1056(t5)
core   0: 3 0x8000dbe4 (0x423f2023) mem 0x8000f000 0x00000001
core   0: 0x8000dbe8 (0xff9ff06f) j       pc - 0x8
core   0: 3 0x8000dbe8 (0xff9ff06f)
core   0: 0x8000dbe0 (0x00001f17) auipc   t5, 0x1
core   0: 3 0x8000dbe0 (0x00001f17) x30 0x8000ebe0
core   0: 0x8000dbe4 (0x423f2023) sw      gp, 1056(t5)
core   0: 3 0x8000dbe4 (0x423f2023) mem 0x8000f000 0x00000001
core   0: 0x8000dbe8 (0xff9ff06f) j       pc - 0x8
core   0: 3 0x8000dbe8 (0xff9ff06f)
core   0: 0x8000dbe0 (0x00001f17) auipc   t5, 0x1
core   0: 3 0x8000dbe0 (0x00001f17) x30 0x8000ebe0
core   0: 0x8000dbe4 (0x423f2023) sw      gp, 1056(t5)
core   0: 3 0x8000dbe4 (0x423f2023) mem 0x8000f000 0x00000001
core   0: 0x8000dbe8 (0xff9ff06f) j       pc - 0x8
core   0: 3 0x8000dbe8 (0xff9ff06f)
core   0: 0x8000dbe0 (0x00001f17) auipc   t5, 0x1
core   0: 3 0x8000dbe0 (0x00001f17) x30 0x8000ebe0
core   0: 0x8000dbe4 (0x423f2023) sw      gp, 1056(t5)
core   0: 3 0x8000dbe4 (0x423f2023) mem 0x8000f000 0x00000001
core   0: 0x8000dbe8 (0xff9ff06f) j       pc - 0x8
core   0: 3 0x8000dbe8 (0xff9ff06f)
core   0: 0x8000dbe0 (0x00001f17) auipc   t5, 0x1
core   0: 3 0x8000dbe0 (0x00001f17) x30 0x8000ebe0
core   0: 0x8000dbe4 (0x423f2023) sw      gp, 1056(t5)
core   0: 3 0x8000dbe4 (0x423f2023) mem 0x8000f000 0x00000001
core   0: 0x8000dbe8 (0xff9ff06f) j       pc - 0x8
core   0: 3 0x8000dbe8 (0xff9ff06f)
core   0: 0x8000dbe0 (0x00001f17) auipc   t5, 0x1
core   0: 3 0x8000dbe0 (0x00001f17) x30 0x8000ebe0
core   0: 0x8000dbe4 (0x423f2023) sw      gp, 1056(t5)
core   0: 3 0x8000dbe4 (0x423f2023) mem 0x8000f000 0x00000001
core   0: 0x8000dbe8 (0xff9ff06f) j       pc - 0x8
core   0: 3 0x8000dbe8 (0xff9ff06f)
core   0: 0x8000dbe0 (0x00001f17) auipc   t5, 0x1
core   0: 3 0x8000dbe0 (0x00001f17) x30 0x8000ebe0
core   0: 0x8000dbe4 (0x423f2023) sw      gp, 1056(t5)
core   0: 3 0x8000dbe4 (0x423f2023) mem 0x8000f000 0x00000001
core   0: 0x8000dbe8 (0xff9ff06f) j       pc - 0x8
core   0: 3 0x8000dbe8 (0xff9ff06f)
core   0: 0x8000dbe0 (0x00001f17) auipc   t5, 0x1
core   0: 3 0x8000dbe0 (0x00001f17) x30 0x8000ebe0
core   0: 0x8000dbe4 (0x423f2023) sw      gp, 1056(t5)
core   0: 3 0x8000dbe4 (0x423f2023) mem 0x8000f000 0x00000001
core   0: 0x8000dbe8 (0xff9ff06f) j       pc - 0x8
core   0: 3 0x8000dbe8 (0xff9ff06f)
core   0: 0x8000dbe0 (0x00001f17) auipc   t5, 0x1
core   0: 3 0x8000dbe0 (0x00001f17) x30 0x8000ebe0
core   0: 0x8000dbe4 (0x423f2023) sw      gp, 1056(t5)
core   0: 3 0x8000dbe4 (0x423f2023) mem 0x8000f000 0x00000001
core   0: 0x8000dbe8 (0xff9ff06f) j       pc - 0x8
core   0: 3 0x8000dbe8 (0xff9ff06f)
core   0: 0x8000dbe0 (0x00001f17) auipc   t5, 0x1
core   0: 3 0x8000dbe0 (0x00001f17) x30 0x8000ebe0
core   0: 0x8000dbe4 (0x423f2023) sw      gp, 1056(t5)
core   0: 3 0x8000dbe4 (0x423f2023) mem 0x8000f000 0x00000001
core   0: 0x8000dbe8 (0xff9ff06f) j       pc - 0x8
core   0: 3 0x8000dbe8 (0xff9ff06f)
core   0: 0x8000dbe0 (0x00001f17) auipc   t5, 0x1
core   0: 3 0x8000dbe0 (0x00001f17) x30 0x8000ebe0
core   0: 0x8000dbe4 (0x423f2023) sw      gp, 1056(t5)
core   0: 3 0x8000dbe4 (0x423f2023) mem 0x8000f000 0x00000001
core   0: 0x8000dbe8 (0xff9ff06f) j       pc - 0x8
core   0: 3 0x8000dbe8 (0xff9ff06f)
core   0: 0x8000dbe0 (0x00001f17) auipc   t5, 0x1
core   0: 3 0x8000dbe0 (0x00001f17) x30 0x8000ebe0
core   0: 0x8000dbe4 (0x423f2023) sw      gp, 1056(t5)
core   0: 3 0x8000dbe4 (0x423f2023) mem 0x8000f000 0x00000001
core   0: 0x8000dbe8 (0xff9ff06f) j       pc - 0x8
core   0: 3 0x8000dbe8 (0xff9ff06f)
core   0: 0x8000dbe0 (0x00001f17) auipc   t5, 0x1
core   0: 3 0x8000dbe0 (0x00001f17) x30 0x8000ebe0
core   0: 0x8000dbe4 (0x423f2023) sw      gp, 1056(t5)
core   0: 3 0x8000dbe4 (0x423f2023) mem 0x8000f000 0x00000001
core   0: 0x8000dbe8 (0xff9ff06f) j       pc - 0x8
core   0: 3 0x8000dbe8 (0xff9ff06f)
core   0: 0x8000dbe0 (0x00001f17) auipc   t5, 0x1
core   0: 3 0x8000dbe0 (0x00001f17) x30 0x8000ebe0
core   0: 0x8000dbe4 (0x423f2023) sw      gp, 1056(t5)
core   0: 3 0x8000dbe4 (0x423f2023) mem 0x8000f000 0x00000001
core   0: 0x8000dbe8 (0xff9ff06f) j       pc - 0x8
core   0: 3 0x8000dbe8 (0xff9ff06f)
core   0: 0x8000dbe0 (0x00001f17) auipc   t5, 0x1
core   0: 3 0x8000dbe0 (0x00001f17) x30 0x8000ebe0
core   0: 0x8000dbe4 (0x423f2023) sw      gp, 1056(t5)
core   0: 3 0x8000dbe4 (0x423f2023) mem 0x8000f000 0x00000001
core   0: 0x8000dbe8 (0xff9ff06f) j       pc - 0x8
core   0: 3 0x8000dbe8 (0xff9ff06f)
core   0: 0x8000dbe0 (0x00001f17) auipc   t5, 0x1
core   0: 3 0x8000dbe0 (0x00001f17) x30 0x8000ebe0
core   0: 0x8000dbe4 (0x423f2023) sw      gp, 1056(t5)
core   0: 3 0x8000dbe4 (0x423f2023) mem 0x8000f000 0x00000001
core   0: 0x8000dbe8 (0xff9ff06f) j       pc - 0x8
core   0: 3 0x8000dbe8 (0xff9ff06f)
core   0: 0x8000dbe0 (0x00001f17) auipc   t5, 0x1
core   0: 3 0x8000dbe0 (0x00001f17) x30 0x8000ebe0
core   0: 0x8000dbe4 (0x423f2023) sw      gp, 1056(t5)
core   0: 3 0x8000dbe4 (0x423f2023) mem 0x8000f000 0x00000001
core   0: 0x8000dbe8 (0xff9ff06f) j       pc - 0x8
core   0: 3 0x8000dbe8 (0xff9ff06f)
core   0: 0x8000dbe0 (0x00001f17) auipc   t5, 0x1
core   0: 3 0x8000dbe0 (0x00001f17) x30 0x8000ebe0
core   0: 0x8000dbe4 (0x423f2023) sw      gp, 1056(t5)
core   0: 3 0x8000dbe4 (0x423f2023) mem 0x8000f000 0x00000001
core   0: 0x8000dbe8 (0xff9ff06f) j       pc - 0x8
core   0: 3 0x8000dbe8 (0xff9ff06f)
core   0: 0x8000dbe0 (0x00001f17) auipc   t5, 0x1
core   0: 3 0x8000dbe0 (0x00001f17) x30 0x8000ebe0
core   0: 0x8000dbe4 (0x423f2023) sw      gp, 1056(t5)
core   0: 3 0x8000dbe4 (0x423f2023) mem 0x8000f000 0x00000001
core   0: 0x8000dbe8 (0xff9ff06f) j       pc - 0x8
core   0: 3 0x8000dbe8 (0xff9ff06f)
core   0: 0x8000dbe0 (0x00001f17) auipc   t5, 0x1
core   0: 3 0x8000dbe0 (0x00001f17) x30 0x8000ebe0
core   0: 0x8000dbe4 (0x423f2023) sw      gp, 1056(t5)
core   0: 3 0x8000dbe4 (0x423f2023) mem 0x8000f000 0x00000001
core   0: 0x8000dbe8 (0xff9ff06f) j       pc - 0x8
core   0: 3 0x8000dbe8 (0xff9ff06f)
core   0: 0x8000dbe0 (0x00001f17) auipc   t5, 0x1
core   0: 3 0x8000dbe0 (0x00001f17) x30 0x8000ebe0
core   0: 0x8000dbe4 (0x423f2023) sw      gp, 1056(t5)
core   0: 3 0x8000dbe4 (0x423f2023) mem 0x8000f000 0x00000001
core   0: 0x8000dbe8 (0xff9ff06f) j       pc - 0x8
core   0: 3 0x8000dbe8 (0xff9ff06f)
core   0: 0x8000dbe0 (0x00001f17) auipc   t5, 0x1
core   0: 3 0x8000dbe0 (0x00001f17) x30 0x8000ebe0
core   0: 0x8000dbe4 (0x423f2023) sw      gp, 1056(t5)
core   0: 3 0x8000dbe4 (0x423f2023) mem 0x8000f000 0x00000001
core   0: 0x8000dbe8 (0xff9ff06f) j       pc - 0x8
core   0: 3 0x8000dbe8 (0xff9ff06f)
core   0: 0x8000dbe0 (0x00001f17) auipc   t5, 0x1
core   0: 3 0x8000dbe0 (0x00001f17) x30 0x8000ebe0
core   0: 0x8000dbe4 (0x423f2023) sw      gp, 1056(t5)
core   0: 3 0x8000dbe4 (0x423f2023) mem 0x8000f000 0x00000001
core   0: 0x8000dbe8 (0xff9ff06f) j       pc - 0x8
core   0: 3 0x8000dbe8 (0xff9ff06f)
core   0: 0x8000dbe0 (0x00001f17) auipc   t5, 0x1
core   0: 3 0x8000dbe0 (0x00001f17) x30 0x8000ebe0
core   0: 0x8000dbe4 (0x423f2023) sw      gp, 1056(t5)
core   0: 3 0x8000dbe4 (0x423f2023) mem 0x8000f000 0x00000001
core   0: 0x8000dbe8 (0xff9ff06f) j       pc - 0x8
core   0: 3 0x8000dbe8 (0xff9ff06f)
core   0: 0x8000dbe0 (0x00001f17) auipc   t5, 0x1
core   0: 3 0x8000dbe0 (0x00001f17) x30 0x8000ebe0
core   0: 0x8000dbe4 (0x423f2023) sw      gp, 1056(t5)
core   0: 3 0x8000dbe4 (0x423f2023) mem 0x8000f000 0x00000001
core   0: 0x8000dbe8 (0xff9ff06f) j       pc - 0x8
core   0: 3 0x8000dbe8 (0xff9ff06f)
core   0: 0x8000dbe0 (0x00001f17) auipc   t5, 0x1
core   0: 3 0x8000dbe0 (0x00001f17) x30 0x8000ebe0
core   0: 0x8000dbe4 (0x423f2023) sw      gp, 1056(t5)
core   0: 3 0x8000dbe4 (0x423f2023) mem 0x8000f000 0x00000001
core   0: 0x8000dbe8 (0xff9ff06f) j       pc - 0x8
core   0: 3 0x8000dbe8 (0xff9ff06f)
core   0: 0x8000dbe0 (0x00001f17) auipc   t5, 0x1
core   0: 3 0x8000dbe0 (0x00001f17) x30 0x8000ebe0
core   0: 0x8000dbe4 (0x423f2023) sw      gp, 1056(t5)
core   0: 3 0x8000dbe4 (0x423f2023) mem 0x8000f000 0x00000001
core   0: 0x8000dbe8 (0xff9ff06f) j       pc - 0x8
core   0: 3 0x8000dbe8 (0xff9ff06f)
core   0: 0x8000dbe0 (0x00001f17) auipc   t5, 0x1
core   0: 3 0x8000dbe0 (0x00001f17) x30 0x8000ebe0
core   0: 0x8000dbe4 (0x423f2023) sw      gp, 1056(t5)
core   0: 3 0x8000dbe4 (0x423f2023) mem 0x8000f000 0x00000001
core   0: 0x8000dbe8 (0xff9ff06f) j       pc - 0x8
core   0: 3 0x8000dbe8 (0xff9ff06f)
core   0: 0x8000dbe0 (0x00001f17) auipc   t5, 0x1
core   0: 3 0x8000dbe0 (0x00001f17) x30 0x8000ebe0
core   0: 0x8000dbe4 (0x423f2023) sw      gp, 1056(t5)
core   0: 3 0x8000dbe4 (0x423f2023) mem 0x8000f000 0x00000001
core   0: 0x8000dbe8 (0xff9ff06f) j       pc - 0x8
core   0: 3 0x8000dbe8 (0xff9ff06f)
core   0: 0x8000dbe0 (0x00001f17) auipc   t5, 0x1
core   0: 3 0x8000dbe0 (0x00001f17) x30 0x8000ebe0
core   0: 0x8000dbe4 (0x423f2023) sw      gp, 1056(t5)
core   0: 3 0x8000dbe4 (0x423f2023) mem 0x8000f000 0x00000001
core   0: 0x8000dbe8 (0xff9ff06f) j       pc - 0x8
core   0: 3 0x8000dbe8 (0xff9ff06f)
core   0: 0x8000dbe0 (0x00001f17) auipc   t5, 0x1
core   0: 3 0x8000dbe0 (0x00001f17) x30 0x8000ebe0
core   0: 0x8000dbe4 (0x423f2023) sw      gp, 1056(t5)
core   0: 3 0x8000dbe4 (0x423f2023) mem 0x8000f000 0x00000001
core   0: 0x8000dbe8 (0xff9ff06f) j       pc - 0x8
core   0: 3 0x8000dbe8 (0xff9ff06f)
core   0: 0x8000dbe0 (0x00001f17) auipc   t5, 0x1
core   0: 3 0x8000dbe0 (0x00001f17) x30 0x8000ebe0
core   0: 0x8000dbe4 (0x423f2023) sw      gp, 1056(t5)
core   0: 3 0x8000dbe4 (0x423f2023) mem 0x8000f000 0x00000001
core   0: 0x8000dbe8 (0xff9ff06f) j       pc - 0x8
core   0: 3 0x8000dbe8 (0xff9ff06f)
core   0: 0x8000dbe0 (0x00001f17) auipc   t5, 0x1
core   0: 3 0x8000dbe0 (0x00001f17) x30 0x8000ebe0
core   0: 0x8000dbe4 (0x423f2023) sw      gp, 1056(t5)
core   0: 3 0x8000dbe4 (0x423f2023) mem 0x8000f000 0x00000001
core   0: 0x8000dbe8 (0xff9ff06f) j       pc - 0x8
core   0: 3 0x8000dbe8 (0xff9ff06f)
core   0: 0x8000dbe0 (0x00001f17) auipc   t5, 0x1
core   0: 3 0x8000dbe0 (0x00001f17) x30 0x8000ebe0
core   0: 0x8000dbe4 (0x423f2023) sw      gp, 1056(t5)
core   0: 3 0x8000dbe4 (0x423f2023) mem 0x8000f000 0x00000001
core   0: 0x8000dbe8 (0xff9ff06f) j       pc - 0x8
core   0: 3 0x8000dbe8 (0xff9ff06f)
core   0: 0x8000dbe0 (0x00001f17) auipc   t5, 0x1
core   0: 3 0x8000dbe0 (0x00001f17) x30 0x8000ebe0
core   0: 0x8000dbe4 (0x423f2023) sw      gp, 1056(t5)
core   0: 3 0x8000dbe4 (0x423f2023) mem 0x8000f000 0x00000001
core   0: 0x8000dbe8 (0xff9ff06f) j       pc - 0x8
core   0: 3 0x8000dbe8 (0xff9ff06f)
core   0: 0x8000dbe0 (0x00001f17) auipc   t5, 0x1
core   0: 3 0x8000dbe0 (0x00001f17) x30 0x8000ebe0
core   0: 0x8000dbe4 (0x423f2023) sw      gp, 1056(t5)
core   0: 3 0x8000dbe4 (0x423f2023) mem 0x8000f000 0x00000001
core   0: 0x8000dbe8 (0xff9ff06f) j       pc - 0x8
core   0: 3 0x8000dbe8 (0xff9ff06f)
core   0: 0x8000dbe0 (0x00001f17) auipc   t5, 0x1
core   0: 3 0x8000dbe0 (0x00001f17) x30 0x8000ebe0
core   0: 0x8000dbe4 (0x423f2023) sw      gp, 1056(t5)
core   0: 3 0x8000dbe4 (0x423f2023) mem 0x8000f000 0x00000001
core   0: 0x8000dbe8 (0xff9ff06f) j       pc - 0x8
core   0: 3 0x8000dbe8 (0xff9ff06f)
core   0: 0x8000dbe0 (0x00001f17) auipc   t5, 0x1
core   0: 3 0x8000dbe0 (0x00001f17) x30 0x8000ebe0
core   0: 0x8000dbe4 (0x423f2023) sw      gp, 1056(t5)
core   0: 3 0x8000dbe4 (0x423f2023) mem 0x8000f000 0x00000001
core   0: 0x8000dbe8 (0xff9ff06f) j       pc - 0x8
core   0: 3 0x8000dbe8 (0xff9ff06f)
core   0: 0x8000dbe0 (0x00001f17) auipc   t5, 0x1
core   0: 3 0x8000dbe0 (0x00001f17) x30 0x8000ebe0
core   0: 0x8000dbe4 (0x423f2023) sw      gp, 1056(t5)
core   0: 3 0x8000dbe4 (0x423f2023) mem 0x8000f000 0x00000001
core   0: 0x8000dbe8 (0xff9ff06f) j       pc - 0x8
core   0: 3 0x8000dbe8 (0xff9ff06f)
core   0: 0x8000dbe0 (0x00001f17) auipc   t5, 0x1
core   0: 3 0x8000dbe0 (0x00001f17) x30 0x8000ebe0
core   0: 0x8000dbe4 (0x423f2023) sw      gp, 1056(t5)
core   0: 3 0x8000dbe4 (0x423f2023) mem 0x8000f000 0x00000001
core   0: 0x8000dbe8 (0xff9ff06f) j       pc - 0x8
core   0: 3 0x8000dbe8 (0xff9ff06f)
core   0: 0x8000dbe0 (0x00001f17) auipc   t5, 0x1
core   0: 3 0x8000dbe0 (0x00001f17) x30 0x8000ebe0
core   0: 0x8000dbe4 (0x423f2023) sw      gp, 1056(t5)
core   0: 3 0x8000dbe4 (0x423f2023) mem 0x8000f000 0x00000001
core   0: 0x8000dbe8 (0xff9ff06f) j       pc - 0x8
core   0: 3 0x8000dbe8 (0xff9ff06f)
core   0: 0x8000dbe0 (0x00001f17) auipc   t5, 0x1
core   0: 3 0x8000dbe0 (0x00001f17) x30 0x8000ebe0
core   0: 0x8000dbe4 (0x423f2023) sw      gp, 1056(t5)
core   0: 3 0x8000dbe4 (0x423f2023) mem 0x8000f000 0x00000001
core   0: 0x8000dbe8 (0xff9ff06f) j       pc - 0x8
core   0: 3 0x8000dbe8 (0xff9ff06f)
core   0: 0x8000dbe0 (0x00001f17) auipc   t5, 0x1
core   0: 3 0x8000dbe0 (0x00001f17) x30 0x8000ebe0
core   0: 0x8000dbe4 (0x423f2023) sw      gp, 1056(t5)
core   0: 3 0x8000dbe4 (0x423f2023) mem 0x8000f000 0x00000001
core   0: 0x8000dbe8 (0xff9ff06f) j       pc - 0x8
core   0: 3 0x8000dbe8 (0xff9ff06f)
core   0: 0x8000dbe0 (0x00001f17) auipc   t5, 0x1
core   0: 3 0x8000dbe0 (0x00001f17) x30 0x8000ebe0
core   0: 0x8000dbe4 (0x423f2023) sw      gp, 1056(t5)
core   0: 3 0x8000dbe4 (0x423f2023) mem 0x8000f000 0x00000001
core   0: 0x8000dbe8 (0xff9ff06f) j       pc - 0x8
core   0: 3 0x8000dbe8 (0xff9ff06f)
core   0: 0x8000dbe0 (0x00001f17) auipc   t5, 0x1
core   0: 3 0x8000dbe0 (0x00001f17) x30 0x8000ebe0
core   0: 0x8000dbe4 (0x423f2023) sw      gp, 1056(t5)
core   0: 3 0x8000dbe4 (0x423f2023) mem 0x8000f000 0x00000001
core   0: 0x8000dbe8 (0xff9ff06f) j       pc - 0x8
core   0: 3 0x8000dbe8 (0xff9ff06f)
core   0: 0x8000dbe0 (0x00001f17) auipc   t5, 0x1
core   0: 3 0x8000dbe0 (0x00001f17) x30 0x8000ebe0
core   0: 0x8000dbe4 (0x423f2023) sw      gp, 1056(t5)
core   0: 3 0x8000dbe4 (0x423f2023) mem 0x8000f000 0x00000001
core   0: 0x8000dbe8 (0xff9ff06f) j       pc - 0x8
core   0: 3 0x8000dbe8 (0xff9ff06f)
core   0: 0x8000dbe0 (0x00001f17) auipc   t5, 0x1
core   0: 3 0x8000dbe0 (0x00001f17) x30 0x8000ebe0
core   0: 0x8000dbe4 (0x423f2023) sw      gp, 1056(t5)
core   0: 3 0x8000dbe4 (0x423f2023) mem 0x8000f000 0x00000001
core   0: 0x8000dbe8 (0xff9ff06f) j       pc - 0x8
core   0: 3 0x8000dbe8 (0xff9ff06f)
core   0: 0x8000dbe0 (0x00001f17) auipc   t5, 0x1
core   0: 3 0x8000dbe0 (0x00001f17) x30 0x8000ebe0
core   0: 0x8000dbe4 (0x423f2023) sw      gp, 1056(t5)
core   0: 3 0x8000dbe4 (0x423f2023) mem 0x8000f000 0x00000001
core   0: 0x8000dbe8 (0xff9ff06f) j       pc - 0x8
core   0: 3 0x8000dbe8 (0xff9ff06f)
core   0: 0x8000dbe0 (0x00001f17) auipc   t5, 0x1
core   0: 3 0x8000dbe0 (0x00001f17) x30 0x8000ebe0
core   0: 0x8000dbe4 (0x423f2023) sw      gp, 1056(t5)
core   0: 3 0x8000dbe4 (0x423f2023) mem 0x8000f000 0x00000001
core   0: 0x8000dbe8 (0xff9ff06f) j       pc - 0x8
core   0: 3 0x8000dbe8 (0xff9ff06f)
core   0: 0x8000dbe0 (0x00001f17) auipc   t5, 0x1
core   0: 3 0x8000dbe0 (0x00001f17) x30 0x8000ebe0
core   0: 0x8000dbe4 (0x423f2023) sw      gp, 1056(t5)
core   0: 3 0x8000dbe4 (0x423f2023) mem 0x8000f000 0x00000001
core   0: 0x8000dbe8 (0xff9ff06f) j       pc - 0x8
core   0: 3 0x8000dbe8 (0xff9ff06f)
core   0: 0x8000dbe0 (0x00001f17) auipc   t5, 0x1
core   0: 3 0x8000dbe0 (0x00001f17) x30 0x8000ebe0
core   0: 0x8000dbe4 (0x423f2023) sw      gp, 1056(t5)
core   0: 3 0x8000dbe4 (0x423f2023) mem 0x8000f000 0x00000001
core   0: 0x8000dbe8 (0xff9ff06f) j       pc - 0x8
core   0: 3 0x8000dbe8 (0xff9ff06f)
core   0: 0x8000dbe0 (0x00001f17) auipc   t5, 0x1
core   0: 3 0x8000dbe0 (0x00001f17) x30 0x8000ebe0
core   0: 0x8000dbe4 (0x423f2023) sw      gp, 1056(t5)
core   0: 3 0x8000dbe4 (0x423f2023) mem 0x8000f000 0x00000001
core   0: 0x8000dbe8 (0xff9ff06f) j       pc - 0x8
core   0: 3 0x8000dbe8 (0xff9ff06f)
core   0: 0x8000dbe0 (0x00001f17) auipc   t5, 0x1
core   0: 3 0x8000dbe0 (0x00001f17) x30 0x8000ebe0
core   0: 0x8000dbe4 (0x423f2023) sw      gp, 1056(t5)
core   0: 3 0x8000dbe4 (0x423f2023) mem 0x8000f000 0x00000001
core   0: 0x8000dbe8 (0xff9ff06f) j       pc - 0x8
core   0: 3 0x8000dbe8 (0xff9ff06f)
core   0: 0x8000dbe0 (0x00001f17) auipc   t5, 0x1
core   0: 3 0x8000dbe0 (0x00001f17) x30 0x8000ebe0
core   0: 0x8000dbe4 (0x423f2023) sw      gp, 1056(t5)
core   0: 3 0x8000dbe4 (0x423f2023) mem 0x8000f000 0x00000001
core   0: 0x8000dbe8 (0xff9ff06f) j       pc - 0x8
core   0: 3 0x8000dbe8 (0xff9ff06f)
core   0: 0x8000dbe0 (0x00001f17) auipc   t5, 0x1
core   0: 3 0x8000dbe0 (0x00001f17) x30 0x8000ebe0
core   0: 0x8000dbe4 (0x423f2023) sw      gp, 1056(t5)
core   0: 3 0x8000dbe4 (0x423f2023) mem 0x8000f000 0x00000001
core   0: 0x8000dbe8 (0xff9ff06f) j       pc - 0x8
core   0: 3 0x8000dbe8 (0xff9ff06f)
core   0: 0x8000dbe0 (0x00001f17) auipc   t5, 0x1
core   0: 3 0x8000dbe0 (0x00001f17) x30 0x8000ebe0
core   0: 0x8000dbe4 (0x423f2023) sw      gp, 1056(t5)
core   0: 3 0x8000dbe4 (0x423f2023) mem 0x8000f000 0x00000001
core   0: 0x8000dbe8 (0xff9ff06f) j       pc - 0x8
core   0: 3 0x8000dbe8 (0xff9ff06f)
core   0: 0x8000dbe0 (0x00001f17) auipc   t5, 0x1
core   0: 3 0x8000dbe0 (0x00001f17) x30 0x8000ebe0
core   0: 0x8000dbe4 (0x423f2023) sw      gp, 1056(t5)
core   0: 3 0x8000dbe4 (0x423f2023) mem 0x8000f000 0x00000001
core   0: 0x8000dbe8 (0xff9ff06f) j       pc - 0x8
core   0: 3 0x8000dbe8 (0xff9ff06f)
core   0: 0x8000dbe0 (0x00001f17) auipc   t5, 0x1
core   0: 3 0x8000dbe0 (0x00001f17) x30 0x8000ebe0
core   0: 0x8000dbe4 (0x423f2023) sw      gp, 1056(t5)
core   0: 3 0x8000dbe4 (0x423f2023) mem 0x8000f000 0x00000001
core   0: 0x8000dbe8 (0xff9ff06f) j       pc - 0x8
core   0: 3 0x8000dbe8 (0xff9ff06f)
core   0: 0x8000dbe0 (0x00001f17) auipc   t5, 0x1
core   0: 3 0x8000dbe0 (0x00001f17) x30 0x8000ebe0
core   0: 0x8000dbe4 (0x423f2023) sw      gp, 1056(t5)
core   0: 3 0x8000dbe4 (0x423f2023) mem 0x8000f000 0x00000001
core   0: 0x8000dbe8 (0xff9ff06f) j       pc - 0x8
core   0: 3 0x8000dbe8 (0xff9ff06f)
core   0: 0x8000dbe0 (0x00001f17) auipc   t5, 0x1
core   0: 3 0x8000dbe0 (0x00001f17) x30 0x8000ebe0
core   0: 0x8000dbe4 (0x423f2023) sw      gp, 1056(t5)
core   0: 3 0x8000dbe4 (0x423f2023) mem 0x8000f000 0x00000001
core   0: 0x8000dbe8 (0xff9ff06f) j       pc - 0x8
core   0: 3 0x8000dbe8 (0xff9ff06f)
core   0: 0x8000dbe0 (0x00001f17) auipc   t5, 0x1
core   0: 3 0x8000dbe0 (0x00001f17) x30 0x8000ebe0
core   0: 0x8000dbe4 (0x423f2023) sw      gp, 1056(t5)
core   0: 3 0x8000dbe4 (0x423f2023) mem 0x8000f000 0x00000001
core   0: 0x8000dbe8 (0xff9ff06f) j       pc - 0x8
core   0: 3 0x8000dbe8 (0xff9ff06f)
core   0: 0x8000dbe0 (0x00001f17) auipc   t5, 0x1
core   0: 3 0x8000dbe0 (0x00001f17) x30 0x8000ebe0
core   0: 0x8000dbe4 (0x423f2023) sw      gp, 1056(t5)
core   0: 3 0x8000dbe4 (0x423f2023) mem 0x8000f000 0x00000001
core   0: 0x8000dbe8 (0xff9ff06f) j       pc - 0x8
core   0: 3 0x8000dbe8 (0xff9ff06f)
core   0: 0x8000dbe0 (0x00001f17) auipc   t5, 0x1
core   0: 3 0x8000dbe0 (0x00001f17) x30 0x8000ebe0
core   0: 0x8000dbe4 (0x423f2023) sw      gp, 1056(t5)
core   0: 3 0x8000dbe4 (0x423f2023) mem 0x8000f000 0x00000001
core   0: 0x8000dbe8 (0xff9ff06f) j       pc - 0x8
core   0: 3 0x8000dbe8 (0xff9ff06f)
core   0: 0x8000dbe0 (0x00001f17) auipc   t5, 0x1
core   0: 3 0x8000dbe0 (0x00001f17) x30 0x8000ebe0
core   0: 0x8000dbe4 (0x423f2023) sw      gp, 1056(t5)
core   0: 3 0x8000dbe4 (0x423f2023) mem 0x8000f000 0x00000001
core   0: 0x8000dbe8 (0xff9ff06f) j       pc - 0x8
core   0: 3 0x8000dbe8 (0xff9ff06f)
core   0: 0x8000dbe0 (0x00001f17) auipc   t5, 0x1
core   0: 3 0x8000dbe0 (0x00001f17) x30 0x8000ebe0
core   0: 0x8000dbe4 (0x423f2023) sw      gp, 1056(t5)
core   0: 3 0x8000dbe4 (0x423f2023) mem 0x8000f000 0x00000001
core   0: 0x8000dbe8 (0xff9ff06f) j       pc - 0x8
core   0: 3 0x8000dbe8 (0xff9ff06f)
core   0: 0x8000dbe0 (0x00001f17) auipc   t5, 0x1
core   0: 3 0x8000dbe0 (0x00001f17) x30 0x8000ebe0
core   0: 0x8000dbe4 (0x423f2023) sw      gp, 1056(t5)
core   0: 3 0x8000dbe4 (0x423f2023) mem 0x8000f000 0x00000001
core   0: 0x8000dbe8 (0xff9ff06f) j       pc - 0x8
core   0: 3 0x8000dbe8 (0xff9ff06f)
core   0: 0x8000dbe0 (0x00001f17) auipc   t5, 0x1
core   0: 3 0x8000dbe0 (0x00001f17) x30 0x8000ebe0
core   0: 0x8000dbe4 (0x423f2023) sw      gp, 1056(t5)
core   0: 3 0x8000dbe4 (0x423f2023) mem 0x8000f000 0x00000001
core   0: 0x8000dbe8 (0xff9ff06f) j       pc - 0x8
core   0: 3 0x8000dbe8 (0xff9ff06f)
core   0: 0x8000dbe0 (0x00001f17) auipc   t5, 0x1
core   0: 3 0x8000dbe0 (0x00001f17) x30 0x8000ebe0
core   0: 0x8000dbe4 (0x423f2023) sw      gp, 1056(t5)
core   0: 3 0x8000dbe4 (0x423f2023) mem 0x8000f000 0x00000001
core   0: 0x8000dbe8 (0xff9ff06f) j       pc - 0x8
core   0: 3 0x8000dbe8 (0xff9ff06f)
core   0: 0x8000dbe0 (0x00001f17) auipc   t5, 0x1
core   0: 3 0x8000dbe0 (0x00001f17) x30 0x8000ebe0
core   0: 0x8000dbe4 (0x423f2023) sw      gp, 1056(t5)
core   0: 3 0x8000dbe4 (0x423f2023) mem 0x8000f000 0x00000001
core   0: 0x8000dbe8 (0xff9ff06f) j       pc - 0x8
core   0: 3 0x8000dbe8 (0xff9ff06f)
core   0: 0x8000dbe0 (0x00001f17) auipc   t5, 0x1
core   0: 3 0x8000dbe0 (0x00001f17) x30 0x8000ebe0
core   0: 0x8000dbe4 (0x423f2023) sw      gp, 1056(t5)
core   0: 3 0x8000dbe4 (0x423f2023) mem 0x8000f000 0x00000001
core   0: 0x8000dbe8 (0xff9ff06f) j       pc - 0x8
core   0: 3 0x8000dbe8 (0xff9ff06f)
core   0: 0x8000dbe0 (0x00001f17) auipc   t5, 0x1
core   0: 3 0x8000dbe0 (0x00001f17) x30 0x8000ebe0
core   0: 0x8000dbe4 (0x423f2023) sw      gp, 1056(t5)
core   0: 3 0x8000dbe4 (0x423f2023) mem 0x8000f000 0x00000001
core   0: 0x8000dbe8 (0xff9ff06f) j       pc - 0x8
core   0: 3 0x8000dbe8 (0xff9ff06f)
core   0: 0x8000dbe0 (0x00001f17) auipc   t5, 0x1
core   0: 3 0x8000dbe0 (0x00001f17) x30 0x8000ebe0
core   0: 0x8000dbe4 (0x423f2023) sw      gp, 1056(t5)
core   0: 3 0x8000dbe4 (0x423f2023) mem 0x8000f000 0x00000001
core   0: 0x8000dbe8 (0xff9ff06f) j       pc - 0x8
core   0: 3 0x8000dbe8 (0xff9ff06f)
core   0: 0x8000dbe0 (0x00001f17) auipc   t5, 0x1
core   0: 3 0x8000dbe0 (0x00001f17) x30 0x8000ebe0
core   0: 0x8000dbe4 (0x423f2023) sw      gp, 1056(t5)
core   0: 3 0x8000dbe4 (0x423f2023) mem 0x8000f000 0x00000001
core   0: 0x8000dbe8 (0xff9ff06f) j       pc - 0x8
core   0: 3 0x8000dbe8 (0xff9ff06f)
core   0: 0x8000dbe0 (0x00001f17) auipc   t5, 0x1
core   0: 3 0x8000dbe0 (0x00001f17) x30 0x8000ebe0
core   0: 0x8000dbe4 (0x423f2023) sw      gp, 1056(t5)
core   0: 3 0x8000dbe4 (0x423f2023) mem 0x8000f000 0x00000001
core   0: 0x8000dbe8 (0xff9ff06f) j       pc - 0x8
core   0: 3 0x8000dbe8 (0xff9ff06f)
core   0: 0x8000dbe0 (0x00001f17) auipc   t5, 0x1
core   0: 3 0x8000dbe0 (0x00001f17) x30 0x8000ebe0
core   0: 0x8000dbe4 (0x423f2023) sw      gp, 1056(t5)
core   0: 3 0x8000dbe4 (0x423f2023) mem 0x8000f000 0x00000001
core   0: 0x8000dbe8 (0xff9ff06f) j       pc - 0x8
core   0: 3 0x8000dbe8 (0xff9ff06f)
core   0: 0x8000dbe0 (0x00001f17) auipc   t5, 0x1
core   0: 3 0x8000dbe0 (0x00001f17) x30 0x8000ebe0
core   0: 0x8000dbe4 (0x423f2023) sw      gp, 1056(t5)
core   0: 3 0x8000dbe4 (0x423f2023) mem 0x8000f000 0x00000001
core   0: 0x8000dbe8 (0xff9ff06f) j       pc - 0x8
core   0: 3 0x8000dbe8 (0xff9ff06f)
core   0: 0x8000dbe0 (0x00001f17) auipc   t5, 0x1
core   0: 3 0x8000dbe0 (0x00001f17) x30 0x8000ebe0
core   0: 0x8000dbe4 (0x423f2023) sw      gp, 1056(t5)
core   0: 3 0x8000dbe4 (0x423f2023) mem 0x8000f000 0x00000001
core   0: 0x8000dbe8 (0xff9ff06f) j       pc - 0x8
core   0: 3 0x8000dbe8 (0xff9ff06f)
core   0: 0x8000dbe0 (0x00001f17) auipc   t5, 0x1
core   0: 3 0x8000dbe0 (0x00001f17) x30 0x8000ebe0
core   0: 0x8000dbe4 (0x423f2023) sw      gp, 1056(t5)
core   0: 3 0x8000dbe4 (0x423f2023) mem 0x8000f000 0x00000001
core   0: 0x8000dbe8 (0xff9ff06f) j       pc - 0x8
core   0: 3 0x8000dbe8 (0xff9ff06f)
core   0: 0x8000dbe0 (0x00001f17) auipc   t5, 0x1
core   0: 3 0x8000dbe0 (0x00001f17) x30 0x8000ebe0
core   0: 0x8000dbe4 (0x423f2023) sw      gp, 1056(t5)
core   0: 3 0x8000dbe4 (0x423f2023) mem 0x8000f000 0x00000001
core   0: 0x8000dbe8 (0xff9ff06f) j       pc - 0x8
core   0: 3 0x8000dbe8 (0xff9ff06f)
core   0: 0x8000dbe0 (0x00001f17) auipc   t5, 0x1
core   0: 3 0x8000dbe0 (0x00001f17) x30 0x8000ebe0
core   0: 0x8000dbe4 (0x423f2023) sw      gp, 1056(t5)
core   0: 3 0x8000dbe4 (0x423f2023) mem 0x8000f000 0x00000001
core   0: 0x8000dbe8 (0xff9ff06f) j       pc - 0x8
core   0: 3 0x8000dbe8 (0xff9ff06f)
core   0: 0x8000dbe0 (0x00001f17) auipc   t5, 0x1
core   0: 3 0x8000dbe0 (0x00001f17) x30 0x8000ebe0
core   0: 0x8000dbe4 (0x423f2023) sw      gp, 1056(t5)
core   0: 3 0x8000dbe4 (0x423f2023) mem 0x8000f000 0x00000001
core   0: 0x8000dbe8 (0xff9ff06f) j       pc - 0x8
core   0: 3 0x8000dbe8 (0xff9ff06f)
core   0: 0x8000dbe0 (0x00001f17) auipc   t5, 0x1
core   0: 3 0x8000dbe0 (0x00001f17) x30 0x8000ebe0
core   0: 0x8000dbe4 (0x423f2023) sw      gp, 1056(t5)
core   0: 3 0x8000dbe4 (0x423f2023) mem 0x8000f000 0x00000001
core   0: 0x8000dbe8 (0xff9ff06f) j       pc - 0x8
core   0: 3 0x8000dbe8 (0xff9ff06f)
core   0: 0x8000dbe0 (0x00001f17) auipc   t5, 0x1
core   0: 3 0x8000dbe0 (0x00001f17) x30 0x8000ebe0
core   0: 0x8000dbe4 (0x423f2023) sw      gp, 1056(t5)
core   0: 3 0x8000dbe4 (0x423f2023) mem 0x8000f000 0x00000001
core   0: 0x8000dbe8 (0xff9ff06f) j       pc - 0x8
core   0: 3 0x8000dbe8 (0xff9ff06f)
core   0: 0x8000dbe0 (0x00001f17) auipc   t5, 0x1
core   0: 3 0x8000dbe0 (0x00001f17) x30 0x8000ebe0
core   0: 0x8000dbe4 (0x423f2023) sw      gp, 1056(t5)
core   0: 3 0x8000dbe4 (0x423f2023) mem 0x8000f000 0x00000001
core   0: 0x8000dbe8 (0xff9ff06f) j       pc - 0x8
core   0: 3 0x8000dbe8 (0xff9ff06f)
core   0: 0x8000dbe0 (0x00001f17) auipc   t5, 0x1
core   0: 3 0x8000dbe0 (0x00001f17) x30 0x8000ebe0
core   0: 0x8000dbe4 (0x423f2023) sw      gp, 1056(t5)
core   0: 3 0x8000dbe4 (0x423f2023) mem 0x8000f000 0x00000001
core   0: 0x8000dbe8 (0xff9ff06f) j       pc - 0x8
core   0: 3 0x8000dbe8 (0xff9ff06f)
core   0: 0x8000dbe0 (0x00001f17) auipc   t5, 0x1
core   0: 3 0x8000dbe0 (0x00001f17) x30 0x8000ebe0
core   0: 0x8000dbe4 (0x423f2023) sw      gp, 1056(t5)
core   0: 3 0x8000dbe4 (0x423f2023) mem 0x8000f000 0x00000001
core   0: 0x8000dbe8 (0xff9ff06f) j       pc - 0x8
core   0: 3 0x8000dbe8 (0xff9ff06f)
core   0: 0x8000dbe0 (0x00001f17) auipc   t5, 0x1
core   0: 3 0x8000dbe0 (0x00001f17) x30 0x8000ebe0
core   0: 0x8000dbe4 (0x423f2023) sw      gp, 1056(t5)
core   0: 3 0x8000dbe4 (0x423f2023) mem 0x8000f000 0x00000001
core   0: 0x8000dbe8 (0xff9ff06f) j       pc - 0x8
core   0: 3 0x8000dbe8 (0xff9ff06f)
core   0: 0x8000dbe0 (0x00001f17) auipc   t5, 0x1
core   0: 3 0x8000dbe0 (0x00001f17) x30 0x8000ebe0
core   0: 0x8000dbe4 (0x423f2023) sw      gp, 1056(t5)
core   0: 3 0x8000dbe4 (0x423f2023) mem 0x8000f000 0x00000001
core   0: 0x8000dbe8 (0xff9ff06f) j       pc - 0x8
core   0: 3 0x8000dbe8 (0xff9ff06f)
core   0: 0x8000dbe0 (0x00001f17) auipc   t5, 0x1
core   0: 3 0x8000dbe0 (0x00001f17) x30 0x8000ebe0
core   0: 0x8000dbe4 (0x423f2023) sw      gp, 1056(t5)
core   0: 3 0x8000dbe4 (0x423f2023) mem 0x8000f000 0x00000001
core   0: 0x8000dbe8 (0xff9ff06f) j       pc - 0x8
core   0: 3 0x8000dbe8 (0xff9ff06f)
core   0: 0x8000dbe0 (0x00001f17) auipc   t5, 0x1
core   0: 3 0x8000dbe0 (0x00001f17) x30 0x8000ebe0
core   0: 0x8000dbe4 (0x423f2023) sw      gp, 1056(t5)
core   0: 3 0x8000dbe4 (0x423f2023) mem 0x8000f000 0x00000001
core   0: 0x8000dbe8 (0xff9ff06f) j       pc - 0x8
core   0: 3 0x8000dbe8 (0xff9ff06f)
core   0: 0x8000dbe0 (0x00001f17) auipc   t5, 0x1
core   0: 3 0x8000dbe0 (0x00001f17) x30 0x8000ebe0
core   0: 0x8000dbe4 (0x423f2023) sw      gp, 1056(t5)
core   0: 3 0x8000dbe4 (0x423f2023) mem 0x8000f000 0x00000001
core   0: 0x8000dbe8 (0xff9ff06f) j       pc - 0x8
core   0: 3 0x8000dbe8 (0xff9ff06f)
core   0: 0x8000dbe0 (0x00001f17) auipc   t5, 0x1
core   0: 3 0x8000dbe0 (0x00001f17) x30 0x8000ebe0
core   0: 0x8000dbe4 (0x423f2023) sw      gp, 1056(t5)
core   0: 3 0x8000dbe4 (0x423f2023) mem 0x8000f000 0x00000001
core   0: 0x8000dbe8 (0xff9ff06f) j       pc - 0x8
core   0: 3 0x8000dbe8 (0xff9ff06f)
core   0: 0x8000dbe0 (0x00001f17) auipc   t5, 0x1
core   0: 3 0x8000dbe0 (0x00001f17) x30 0x8000ebe0
core   0: 0x8000dbe4 (0x423f2023) sw      gp, 1056(t5)
core   0: 3 0x8000dbe4 (0x423f2023) mem 0x8000f000 0x00000001
core   0: 0x8000dbe8 (0xff9ff06f) j       pc - 0x8
core   0: 3 0x8000dbe8 (0xff9ff06f)
core   0: 0x8000dbe0 (0x00001f17) auipc   t5, 0x1
core   0: 3 0x8000dbe0 (0x00001f17) x30 0x8000ebe0
core   0: 0x8000dbe4 (0x423f2023) sw      gp, 1056(t5)
core   0: 3 0x8000dbe4 (0x423f2023) mem 0x8000f000 0x00000001
core   0: 0x8000dbe8 (0xff9ff06f) j       pc - 0x8
core   0: 3 0x8000dbe8 (0xff9ff06f)
core   0: 0x8000dbe0 (0x00001f17) auipc   t5, 0x1
core   0: 3 0x8000dbe0 (0x00001f17) x30 0x8000ebe0
core   0: 0x8000dbe4 (0x423f2023) sw      gp, 1056(t5)
core   0: 3 0x8000dbe4 (0x423f2023) mem 0x8000f000 0x00000001
core   0: 0x8000dbe8 (0xff9ff06f) j       pc - 0x8
core   0: 3 0x8000dbe8 (0xff9ff06f)
core   0: 0x8000dbe0 (0x00001f17) auipc   t5, 0x1
core   0: 3 0x8000dbe0 (0x00001f17) x30 0x8000ebe0
core   0: 0x8000dbe4 (0x423f2023) sw      gp, 1056(t5)
core   0: 3 0x8000dbe4 (0x423f2023) mem 0x8000f000 0x00000001
core   0: 0x8000dbe8 (0xff9ff06f) j       pc - 0x8
core   0: 3 0x8000dbe8 (0xff9ff06f)
core   0: 0x8000dbe0 (0x00001f17) auipc   t5, 0x1
core   0: 3 0x8000dbe0 (0x00001f17) x30 0x8000ebe0
core   0: 0x8000dbe4 (0x423f2023) sw      gp, 1056(t5)
core   0: 3 0x8000dbe4 (0x423f2023) mem 0x8000f000 0x00000001
core   0: 0x8000dbe8 (0xff9ff06f) j       pc - 0x8
core   0: 3 0x8000dbe8 (0xff9ff06f)
core   0: 0x8000dbe0 (0x00001f17) auipc   t5, 0x1
core   0: 3 0x8000dbe0 (0x00001f17) x30 0x8000ebe0
core   0: 0x8000dbe4 (0x423f2023) sw      gp, 1056(t5)
core   0: 3 0x8000dbe4 (0x423f2023) mem 0x8000f000 0x00000001
core   0: 0x8000dbe8 (0xff9ff06f) j       pc - 0x8
core   0: 3 0x8000dbe8 (0xff9ff06f)
core   0: 0x8000dbe0 (0x00001f17) auipc   t5, 0x1
core   0: 3 0x8000dbe0 (0x00001f17) x30 0x8000ebe0
core   0: 0x8000dbe4 (0x423f2023) sw      gp, 1056(t5)
core   0: 3 0x8000dbe4 (0x423f2023) mem 0x8000f000 0x00000001
core   0: 0x8000dbe8 (0xff9ff06f) j       pc - 0x8
core   0: 3 0x8000dbe8 (0xff9ff06f)
core   0: 0x8000dbe0 (0x00001f17) auipc   t5, 0x1
core   0: 3 0x8000dbe0 (0x00001f17) x30 0x8000ebe0
core   0: 0x8000dbe4 (0x423f2023) sw      gp, 1056(t5)
core   0: 3 0x8000dbe4 (0x423f2023) mem 0x8000f000 0x00000001
core   0: 0x8000dbe8 (0xff9ff06f) j       pc - 0x8
core   0: 3 0x8000dbe8 (0xff9ff06f)
core   0: 0x8000dbe0 (0x00001f17) auipc   t5, 0x1
core   0: 3 0x8000dbe0 (0x00001f17) x30 0x8000ebe0
core   0: 0x8000dbe4 (0x423f2023) sw      gp, 1056(t5)
core   0: 3 0x8000dbe4 (0x423f2023) mem 0x8000f000 0x00000001
core   0: 0x8000dbe8 (0xff9ff06f) j       pc - 0x8
core   0: 3 0x8000dbe8 (0xff9ff06f)
core   0: 0x8000dbe0 (0x00001f17) auipc   t5, 0x1
core   0: 3 0x8000dbe0 (0x00001f17) x30 0x8000ebe0
core   0: 0x8000dbe4 (0x423f2023) sw      gp, 1056(t5)
core   0: 3 0x8000dbe4 (0x423f2023) mem 0x8000f000 0x00000001
core   0: 0x8000dbe8 (0xff9ff06f) j       pc - 0x8
core   0: 3 0x8000dbe8 (0xff9ff06f)
core   0: 0x8000dbe0 (0x00001f17) auipc   t5, 0x1
core   0: 3 0x8000dbe0 (0x00001f17) x30 0x8000ebe0
core   0: 0x8000dbe4 (0x423f2023) sw      gp, 1056(t5)
core   0: 3 0x8000dbe4 (0x423f2023) mem 0x8000f000 0x00000001
core   0: 0x8000dbe8 (0xff9ff06f) j       pc - 0x8
core   0: 3 0x8000dbe8 (0xff9ff06f)
core   0: 0x8000dbe0 (0x00001f17) auipc   t5, 0x1
core   0: 3 0x8000dbe0 (0x00001f17) x30 0x8000ebe0
core   0: 0x8000dbe4 (0x423f2023) sw      gp, 1056(t5)
core   0: 3 0x8000dbe4 (0x423f2023) mem 0x8000f000 0x00000001
core   0: 0x8000dbe8 (0xff9ff06f) j       pc - 0x8
core   0: 3 0x8000dbe8 (0xff9ff06f)
core   0: 0x8000dbe0 (0x00001f17) auipc   t5, 0x1
core   0: 3 0x8000dbe0 (0x00001f17) x30 0x8000ebe0
core   0: 0x8000dbe4 (0x423f2023) sw      gp, 1056(t5)
core   0: 3 0x8000dbe4 (0x423f2023) mem 0x8000f000 0x00000001
core   0: 0x8000dbe8 (0xff9ff06f) j       pc - 0x8
core   0: 3 0x8000dbe8 (0xff9ff06f)
core   0: 0x8000dbe0 (0x00001f17) auipc   t5, 0x1
core   0: 3 0x8000dbe0 (0x00001f17) x30 0x8000ebe0
core   0: 0x8000dbe4 (0x423f2023) sw      gp, 1056(t5)
core   0: 3 0x8000dbe4 (0x423f2023) mem 0x8000f000 0x00000001
core   0: 0x8000dbe8 (0xff9ff06f) j       pc - 0x8
core   0: 3 0x8000dbe8 (0xff9ff06f)
core   0: 0x8000dbe0 (0x00001f17) auipc   t5, 0x1
core   0: 3 0x8000dbe0 (0x00001f17) x30 0x8000ebe0
core   0: 0x8000dbe4 (0x423f2023) sw      gp, 1056(t5)
core   0: 3 0x8000dbe4 (0x423f2023) mem 0x8000f000 0x00000001
core   0: 0x8000dbe8 (0xff9ff06f) j       pc - 0x8
core   0: 3 0x8000dbe8 (0xff9ff06f)
core   0: 0x8000dbe0 (0x00001f17) auipc   t5, 0x1
core   0: 3 0x8000dbe0 (0x00001f17) x30 0x8000ebe0
core   0: 0x8000dbe4 (0x423f2023) sw      gp, 1056(t5)
core   0: 3 0x8000dbe4 (0x423f2023) mem 0x8000f000 0x00000001
core   0: 0x8000dbe8 (0xff9ff06f) j       pc - 0x8
core   0: 3 0x8000dbe8 (0xff9ff06f)
core   0: 0x8000dbe0 (0x00001f17) auipc   t5, 0x1
core   0: 3 0x8000dbe0 (0x00001f17) x30 0x8000ebe0
core   0: 0x8000dbe4 (0x423f2023) sw      gp, 1056(t5)
core   0: 3 0x8000dbe4 (0x423f2023) mem 0x8000f000 0x00000001
core   0: 0x8000dbe8 (0xff9ff06f) j       pc - 0x8
core   0: 3 0x8000dbe8 (0xff9ff06f)
core   0: 0x8000dbe0 (0x00001f17) auipc   t5, 0x1
core   0: 3 0x8000dbe0 (0x00001f17) x30 0x8000ebe0
core   0: 0x8000dbe4 (0x423f2023) sw      gp, 1056(t5)
core   0: 3 0x8000dbe4 (0x423f2023) mem 0x8000f000 0x00000001
core   0: 0x8000dbe8 (0xff9ff06f) j       pc - 0x8
core   0: 3 0x8000dbe8 (0xff9ff06f)
core   0: 0x8000dbe0 (0x00001f17) auipc   t5, 0x1
core   0: 3 0x8000dbe0 (0x00001f17) x30 0x8000ebe0
core   0: 0x8000dbe4 (0x423f2023) sw      gp, 1056(t5)
core   0: 3 0x8000dbe4 (0x423f2023) mem 0x8000f000 0x00000001
core   0: 0x8000dbe8 (0xff9ff06f) j       pc - 0x8
core   0: 3 0x8000dbe8 (0xff9ff06f)
core   0: 0x8000dbe0 (0x00001f17) auipc   t5, 0x1
core   0: 3 0x8000dbe0 (0x00001f17) x30 0x8000ebe0
core   0: 0x8000dbe4 (0x423f2023) sw      gp, 1056(t5)
core   0: 3 0x8000dbe4 (0x423f2023) mem 0x8000f000 0x00000001
core   0: 0x8000dbe8 (0xff9ff06f) j       pc - 0x8
core   0: 3 0x8000dbe8 (0xff9ff06f)
core   0: 0x8000dbe0 (0x00001f17) auipc   t5, 0x1
core   0: 3 0x8000dbe0 (0x00001f17) x30 0x8000ebe0
core   0: 0x8000dbe4 (0x423f2023) sw      gp, 1056(t5)
core   0: 3 0x8000dbe4 (0x423f2023) mem 0x8000f000 0x00000001
core   0: 0x8000dbe8 (0xff9ff06f) j       pc - 0x8
core   0: 3 0x8000dbe8 (0xff9ff06f)
core   0: 0x8000dbe0 (0x00001f17) auipc   t5, 0x1
core   0: 3 0x8000dbe0 (0x00001f17) x30 0x8000ebe0
core   0: 0x8000dbe4 (0x423f2023) sw      gp, 1056(t5)
core   0: 3 0x8000dbe4 (0x423f2023) mem 0x8000f000 0x00000001
core   0: 0x8000dbe8 (0xff9ff06f) j       pc - 0x8
core   0: 3 0x8000dbe8 (0xff9ff06f)
core   0: 0x8000dbe0 (0x00001f17) auipc   t5, 0x1
core   0: 3 0x8000dbe0 (0x00001f17) x30 0x8000ebe0
core   0: 0x8000dbe4 (0x423f2023) sw      gp, 1056(t5)
core   0: 3 0x8000dbe4 (0x423f2023) mem 0x8000f000 0x00000001
core   0: 0x8000dbe8 (0xff9ff06f) j       pc - 0x8
core   0: 3 0x8000dbe8 (0xff9ff06f)
core   0: 0x8000dbe0 (0x00001f17) auipc   t5, 0x1
core   0: 3 0x8000dbe0 (0x00001f17) x30 0x8000ebe0
core   0: 0x8000dbe4 (0x423f2023) sw      gp, 1056(t5)
core   0: 3 0x8000dbe4 (0x423f2023) mem 0x8000f000 0x00000001
core   0: 0x8000dbe8 (0xff9ff06f) j       pc - 0x8
core   0: 3 0x8000dbe8 (0xff9ff06f)
core   0: 0x8000dbe0 (0x00001f17) auipc   t5, 0x1
core   0: 3 0x8000dbe0 (0x00001f17) x30 0x8000ebe0
core   0: 0x8000dbe4 (0x423f2023) sw      gp, 1056(t5)
core   0: 3 0x8000dbe4 (0x423f2023) mem 0x8000f000 0x00000001
core   0: 0x8000dbe8 (0xff9ff06f) j       pc - 0x8
core   0: 3 0x8000dbe8 (0xff9ff06f)
core   0: 0x8000dbe0 (0x00001f17) auipc   t5, 0x1
core   0: 3 0x8000dbe0 (0x00001f17) x30 0x8000ebe0
core   0: 0x8000dbe4 (0x423f2023) sw      gp, 1056(t5)
core   0: 3 0x8000dbe4 (0x423f2023) mem 0x8000f000 0x00000001
core   0: 0x8000dbe8 (0xff9ff06f) j       pc - 0x8
core   0: 3 0x8000dbe8 (0xff9ff06f)
core   0: 0x8000dbe0 (0x00001f17) auipc   t5, 0x1
core   0: 3 0x8000dbe0 (0x00001f17) x30 0x8000ebe0
core   0: 0x8000dbe4 (0x423f2023) sw      gp, 1056(t5)
core   0: 3 0x8000dbe4 (0x423f2023) mem 0x8000f000 0x00000001
core   0: 0x8000dbe8 (0xff9ff06f) j       pc - 0x8
core   0: 3 0x8000dbe8 (0xff9ff06f)
core   0: 0x8000dbe0 (0x00001f17) auipc   t5, 0x1
core   0: 3 0x8000dbe0 (0x00001f17) x30 0x8000ebe0
core   0: 0x8000dbe4 (0x423f2023) sw      gp, 1056(t5)
core   0: 3 0x8000dbe4 (0x423f2023) mem 0x8000f000 0x00000001
core   0: 0x8000dbe8 (0xff9ff06f) j       pc - 0x8
core   0: 3 0x8000dbe8 (0xff9ff06f)
core   0: 0x8000dbe0 (0x00001f17) auipc   t5, 0x1
core   0: 3 0x8000dbe0 (0x00001f17) x30 0x8000ebe0
core   0: 0x8000dbe4 (0x423f2023) sw      gp, 1056(t5)
core   0: 3 0x8000dbe4 (0x423f2023) mem 0x8000f000 0x00000001
core   0: 0x8000dbe8 (0xff9ff06f) j       pc - 0x8
core   0: 3 0x8000dbe8 (0xff9ff06f)
core   0: 0x8000dbe0 (0x00001f17) auipc   t5, 0x1
core   0: 3 0x8000dbe0 (0x00001f17) x30 0x8000ebe0
core   0: 0x8000dbe4 (0x423f2023) sw      gp, 1056(t5)
core   0: 3 0x8000dbe4 (0x423f2023) mem 0x8000f000 0x00000001
core   0: 0x8000dbe8 (0xff9ff06f) j       pc - 0x8
core   0: 3 0x8000dbe8 (0xff9ff06f)
core   0: 0x8000dbe0 (0x00001f17) auipc   t5, 0x1
core   0: 3 0x8000dbe0 (0x00001f17) x30 0x8000ebe0
core   0: 0x8000dbe4 (0x423f2023) sw      gp, 1056(t5)
core   0: 3 0x8000dbe4 (0x423f2023) mem 0x8000f000 0x00000001
core   0: 0x8000dbe8 (0xff9ff06f) j       pc - 0x8
core   0: 3 0x8000dbe8 (0xff9ff06f)
core   0: 0x8000dbe0 (0x00001f17) auipc   t5, 0x1
core   0: 3 0x8000dbe0 (0x00001f17) x30 0x8000ebe0
core   0: 0x8000dbe4 (0x423f2023) sw      gp, 1056(t5)
core   0: 3 0x8000dbe4 (0x423f2023) mem 0x8000f000 0x00000001
core   0: 0x8000dbe8 (0xff9ff06f) j       pc - 0x8
core   0: 3 0x8000dbe8 (0xff9ff06f)
core   0: 0x8000dbe0 (0x00001f17) auipc   t5, 0x1
core   0: 3 0x8000dbe0 (0x00001f17) x30 0x8000ebe0
core   0: 0x8000dbe4 (0x423f2023) sw      gp, 1056(t5)
core   0: 3 0x8000dbe4 (0x423f2023) mem 0x8000f000 0x00000001
core   0: 0x8000dbe8 (0xff9ff06f) j       pc - 0x8
core   0: 3 0x8000dbe8 (0xff9ff06f)
core   0: 0x8000dbe0 (0x00001f17) auipc   t5, 0x1
core   0: 3 0x8000dbe0 (0x00001f17) x30 0x8000ebe0
core   0: 0x8000dbe4 (0x423f2023) sw      gp, 1056(t5)
core   0: 3 0x8000dbe4 (0x423f2023) mem 0x8000f000 0x00000001
core   0: 0x8000dbe8 (0xff9ff06f) j       pc - 0x8
core   0: 3 0x8000dbe8 (0xff9ff06f)
core   0: 0x8000dbe0 (0x00001f17) auipc   t5, 0x1
core   0: 3 0x8000dbe0 (0x00001f17) x30 0x8000ebe0
core   0: 0x8000dbe4 (0x423f2023) sw      gp, 1056(t5)
core   0: 3 0x8000dbe4 (0x423f2023) mem 0x8000f000 0x00000001
core   0: 0x8000dbe8 (0xff9ff06f) j       pc - 0x8
core   0: 3 0x8000dbe8 (0xff9ff06f)
core   0: 0x8000dbe0 (0x00001f17) auipc   t5, 0x1
core   0: 3 0x8000dbe0 (0x00001f17) x30 0x8000ebe0
core   0: 0x8000dbe4 (0x423f2023) sw      gp, 1056(t5)
core   0: 3 0x8000dbe4 (0x423f2023) mem 0x8000f000 0x00000001
core   0: 0x8000dbe8 (0xff9ff06f) j       pc - 0x8
core   0: 3 0x8000dbe8 (0xff9ff06f)
core   0: 0x8000dbe0 (0x00001f17) auipc   t5, 0x1
core   0: 3 0x8000dbe0 (0x00001f17) x30 0x8000ebe0
core   0: 0x8000dbe4 (0x423f2023) sw      gp, 1056(t5)
core   0: 3 0x8000dbe4 (0x423f2023) mem 0x8000f000 0x00000001
core   0: 0x8000dbe8 (0xff9ff06f) j       pc - 0x8
core   0: 3 0x8000dbe8 (0xff9ff06f)
core   0: 0x8000dbe0 (0x00001f17) auipc   t5, 0x1
core   0: 3 0x8000dbe0 (0x00001f17) x30 0x8000ebe0
core   0: 0x8000dbe4 (0x423f2023) sw      gp, 1056(t5)
core   0: 3 0x8000dbe4 (0x423f2023) mem 0x8000f000 0x00000001
core   0: 0x8000dbe8 (0xff9ff06f) j       pc - 0x8
core   0: 3 0x8000dbe8 (0xff9ff06f)
core   0: 0x8000dbe0 (0x00001f17) auipc   t5, 0x1
core   0: 3 0x8000dbe0 (0x00001f17) x30 0x8000ebe0
core   0: 0x8000dbe4 (0x423f2023) sw      gp, 1056(t5)
core   0: 3 0x8000dbe4 (0x423f2023) mem 0x8000f000 0x00000001
core   0: 0x8000dbe8 (0xff9ff06f) j       pc - 0x8
core   0: 3 0x8000dbe8 (0xff9ff06f)
core   0: 0x8000dbe0 (0x00001f17) auipc   t5, 0x1
core   0: 3 0x8000dbe0 (0x00001f17) x30 0x8000ebe0
core   0: 0x8000dbe4 (0x423f2023) sw      gp, 1056(t5)
core   0: 3 0x8000dbe4 (0x423f2023) mem 0x8000f000 0x00000001
core   0: 0x8000dbe8 (0xff9ff06f) j       pc - 0x8
core   0: 3 0x8000dbe8 (0xff9ff06f)
core   0: 0x8000dbe0 (0x00001f17) auipc   t5, 0x1
core   0: 3 0x8000dbe0 (0x00001f17) x30 0x8000ebe0
core   0: 0x8000dbe4 (0x423f2023) sw      gp, 1056(t5)
core   0: 3 0x8000dbe4 (0x423f2023) mem 0x8000f000 0x00000001
core   0: 0x8000dbe8 (0xff9ff06f) j       pc - 0x8
core   0: 3 0x8000dbe8 (0xff9ff06f)
core   0: 0x8000dbe0 (0x00001f17) auipc   t5, 0x1
core   0: 3 0x8000dbe0 (0x00001f17) x30 0x8000ebe0
core   0: 0x8000dbe4 (0x423f2023) sw      gp, 1056(t5)
core   0: 3 0x8000dbe4 (0x423f2023) mem 0x8000f000 0x00000001
core   0: 0x8000dbe8 (0xff9ff06f) j       pc - 0x8
core   0: 3 0x8000dbe8 (0xff9ff06f)
core   0: 0x8000dbe0 (0x00001f17) auipc   t5, 0x1
core   0: 3 0x8000dbe0 (0x00001f17) x30 0x8000ebe0
core   0: 0x8000dbe4 (0x423f2023) sw      gp, 1056(t5)
core   0: 3 0x8000dbe4 (0x423f2023) mem 0x8000f000 0x00000001
core   0: 0x8000dbe8 (0xff9ff06f) j       pc - 0x8
core   0: 3 0x8000dbe8 (0xff9ff06f)
core   0: 0x8000dbe0 (0x00001f17) auipc   t5, 0x1
core   0: 3 0x8000dbe0 (0x00001f17) x30 0x8000ebe0
core   0: 0x8000dbe4 (0x423f2023) sw      gp, 1056(t5)
core   0: 3 0x8000dbe4 (0x423f2023) mem 0x8000f000 0x00000001
core   0: 0x8000dbe8 (0xff9ff06f) j       pc - 0x8
core   0: 3 0x8000dbe8 (0xff9ff06f)
core   0: 0x8000dbe0 (0x00001f17) auipc   t5, 0x1
core   0: 3 0x8000dbe0 (0x00001f17) x30 0x8000ebe0
core   0: 0x8000dbe4 (0x423f2023) sw      gp, 1056(t5)
core   0: 3 0x8000dbe4 (0x423f2023) mem 0x8000f000 0x00000001
core   0: 0x8000dbe8 (0xff9ff06f) j       pc - 0x8
core   0: 3 0x8000dbe8 (0xff9ff06f)
core   0: 0x8000dbe0 (0x00001f17) auipc   t5, 0x1
core   0: 3 0x8000dbe0 (0x00001f17) x30 0x8000ebe0
core   0: 0x8000dbe4 (0x423f2023) sw      gp, 1056(t5)
core   0: 3 0x8000dbe4 (0x423f2023) mem 0x8000f000 0x00000001
core   0: 0x8000dbe8 (0xff9ff06f) j       pc - 0x8
core   0: 3 0x8000dbe8 (0xff9ff06f)
core   0: 0x8000dbe0 (0x00001f17) auipc   t5, 0x1
core   0: 3 0x8000dbe0 (0x00001f17) x30 0x8000ebe0
core   0: 0x8000dbe4 (0x423f2023) sw      gp, 1056(t5)
core   0: 3 0x8000dbe4 (0x423f2023) mem 0x8000f000 0x00000001
core   0: 0x8000dbe8 (0xff9ff06f) j       pc - 0x8
core   0: 3 0x8000dbe8 (0xff9ff06f)
core   0: 0x8000dbe0 (0x00001f17) auipc   t5, 0x1
core   0: 3 0x8000dbe0 (0x00001f17) x30 0x8000ebe0
core   0: 0x8000dbe4 (0x423f2023) sw      gp, 1056(t5)
core   0: 3 0x8000dbe4 (0x423f2023) mem 0x8000f000 0x00000001
core   0: 0x8000dbe8 (0xff9ff06f) j       pc - 0x8
core   0: 3 0x8000dbe8 (0xff9ff06f)
core   0: 0x8000dbe0 (0x00001f17) auipc   t5, 0x1
core   0: 3 0x8000dbe0 (0x00001f17) x30 0x8000ebe0
core   0: 0x8000dbe4 (0x423f2023) sw      gp, 1056(t5)
core   0: 3 0x8000dbe4 (0x423f2023) mem 0x8000f000 0x00000001
core   0: 0x8000dbe8 (0xff9ff06f) j       pc - 0x8
core   0: 3 0x8000dbe8 (0xff9ff06f)
core   0: 0x8000dbe0 (0x00001f17) auipc   t5, 0x1
core   0: 3 0x8000dbe0 (0x00001f17) x30 0x8000ebe0
core   0: 0x8000dbe4 (0x423f2023) sw      gp, 1056(t5)
core   0: 3 0x8000dbe4 (0x423f2023) mem 0x8000f000 0x00000001
core   0: 0x8000dbe8 (0xff9ff06f) j       pc - 0x8
core   0: 3 0x8000dbe8 (0xff9ff06f)
core   0: 0x8000dbe0 (0x00001f17) auipc   t5, 0x1
core   0: 3 0x8000dbe0 (0x00001f17) x30 0x8000ebe0
core   0: 0x8000dbe4 (0x423f2023) sw      gp, 1056(t5)
core   0: 3 0x8000dbe4 (0x423f2023) mem 0x8000f000 0x00000001
core   0: 0x8000dbe8 (0xff9ff06f) j       pc - 0x8
core   0: 3 0x8000dbe8 (0xff9ff06f)
core   0: 0x8000dbe0 (0x00001f17) auipc   t5, 0x1
core   0: 3 0x8000dbe0 (0x00001f17) x30 0x8000ebe0
core   0: 0x8000dbe4 (0x423f2023) sw      gp, 1056(t5)
core   0: 3 0x8000dbe4 (0x423f2023) mem 0x8000f000 0x00000001
core   0: 0x8000dbe8 (0xff9ff06f) j       pc - 0x8
core   0: 3 0x8000dbe8 (0xff9ff06f)
core   0: 0x8000dbe0 (0x00001f17) auipc   t5, 0x1
core   0: 3 0x8000dbe0 (0x00001f17) x30 0x8000ebe0
core   0: 0x8000dbe4 (0x423f2023) sw      gp, 1056(t5)
core   0: 3 0x8000dbe4 (0x423f2023) mem 0x8000f000 0x00000001
core   0: 0x8000dbe8 (0xff9ff06f) j       pc - 0x8
core   0: 3 0x8000dbe8 (0xff9ff06f)
core   0: 0x8000dbe0 (0x00001f17) auipc   t5, 0x1
core   0: 3 0x8000dbe0 (0x00001f17) x30 0x8000ebe0
core   0: 0x8000dbe4 (0x423f2023) sw      gp, 1056(t5)
core   0: 3 0x8000dbe4 (0x423f2023) mem 0x8000f000 0x00000001
core   0: 0x8000dbe8 (0xff9ff06f) j       pc - 0x8
core   0: 3 0x8000dbe8 (0xff9ff06f)
core   0: 0x8000dbe0 (0x00001f17) auipc   t5, 0x1
core   0: 3 0x8000dbe0 (0x00001f17) x30 0x8000ebe0
core   0: 0x8000dbe4 (0x423f2023) sw      gp, 1056(t5)
core   0: 3 0x8000dbe4 (0x423f2023) mem 0x8000f000 0x00000001
core   0: 0x8000dbe8 (0xff9ff06f) j       pc - 0x8
core   0: 3 0x8000dbe8 (0xff9ff06f)
core   0: 0x8000dbe0 (0x00001f17) auipc   t5, 0x1
core   0: 3 0x8000dbe0 (0x00001f17) x30 0x8000ebe0
core   0: 0x8000dbe4 (0x423f2023) sw      gp, 1056(t5)
core   0: 3 0x8000dbe4 (0x423f2023) mem 0x8000f000 0x00000001
core   0: 0x8000dbe8 (0xff9ff06f) j       pc - 0x8
core   0: 3 0x8000dbe8 (0xff9ff06f)
core   0: 0x8000dbe0 (0x00001f17) auipc   t5, 0x1
core   0: 3 0x8000dbe0 (0x00001f17) x30 0x8000ebe0
core   0: 0x8000dbe4 (0x423f2023) sw      gp, 1056(t5)
core   0: 3 0x8000dbe4 (0x423f2023) mem 0x8000f000 0x00000001
core   0: 0x8000dbe8 (0xff9ff06f) j       pc - 0x8
core   0: 3 0x8000dbe8 (0xff9ff06f)
core   0: 0x8000dbe0 (0x00001f17) auipc   t5, 0x1
core   0: 3 0x8000dbe0 (0x00001f17) x30 0x8000ebe0
core   0: 0x8000dbe4 (0x423f2023) sw      gp, 1056(t5)
core   0: 3 0x8000dbe4 (0x423f2023) mem 0x8000f000 0x00000001
core   0: 0x8000dbe8 (0xff9ff06f) j       pc - 0x8
core   0: 3 0x8000dbe8 (0xff9ff06f)
core   0: 0x8000dbe0 (0x00001f17) auipc   t5, 0x1
core   0: 3 0x8000dbe0 (0x00001f17) x30 0x8000ebe0
core   0: 0x8000dbe4 (0x423f2023) sw      gp, 1056(t5)
core   0: 3 0x8000dbe4 (0x423f2023) mem 0x8000f000 0x00000001
core   0: 0x8000dbe8 (0xff9ff06f) j       pc - 0x8
core   0: 3 0x8000dbe8 (0xff9ff06f)
core   0: 0x8000dbe0 (0x00001f17) auipc   t5, 0x1
core   0: 3 0x8000dbe0 (0x00001f17) x30 0x8000ebe0
core   0: 0x8000dbe4 (0x423f2023) sw      gp, 1056(t5)
core   0: 3 0x8000dbe4 (0x423f2023) mem 0x8000f000 0x00000001
core   0: 0x8000dbe8 (0xff9ff06f) j       pc - 0x8
core   0: 3 0x8000dbe8 (0xff9ff06f)
core   0: 0x8000dbe0 (0x00001f17) auipc   t5, 0x1
core   0: 3 0x8000dbe0 (0x00001f17) x30 0x8000ebe0
core   0: 0x8000dbe4 (0x423f2023) sw      gp, 1056(t5)
core   0: 3 0x8000dbe4 (0x423f2023) mem 0x8000f000 0x00000001
core   0: 0x8000dbe8 (0xff9ff06f) j       pc - 0x8
core   0: 3 0x8000dbe8 (0xff9ff06f)
core   0: 0x8000dbe0 (0x00001f17) auipc   t5, 0x1
core   0: 3 0x8000dbe0 (0x00001f17) x30 0x8000ebe0
core   0: 0x8000dbe4 (0x423f2023) sw      gp, 1056(t5)
core   0: 3 0x8000dbe4 (0x423f2023) mem 0x8000f000 0x00000001
core   0: 0x8000dbe8 (0xff9ff06f) j       pc - 0x8
core   0: 3 0x8000dbe8 (0xff9ff06f)
core   0: 0x8000dbe0 (0x00001f17) auipc   t5, 0x1
core   0: 3 0x8000dbe0 (0x00001f17) x30 0x8000ebe0
core   0: 0x8000dbe4 (0x423f2023) sw      gp, 1056(t5)
core   0: 3 0x8000dbe4 (0x423f2023) mem 0x8000f000 0x00000001
core   0: 0x8000dbe8 (0xff9ff06f) j       pc - 0x8
core   0: 3 0x8000dbe8 (0xff9ff06f)
core   0: 0x8000dbe0 (0x00001f17) auipc   t5, 0x1
core   0: 3 0x8000dbe0 (0x00001f17) x30 0x8000ebe0
core   0: 0x8000dbe4 (0x423f2023) sw      gp, 1056(t5)
core   0: 3 0x8000dbe4 (0x423f2023) mem 0x8000f000 0x00000001
core   0: 0x8000dbe8 (0xff9ff06f) j       pc - 0x8
core   0: 3 0x8000dbe8 (0xff9ff06f)
core   0: 0x8000dbe0 (0x00001f17) auipc   t5, 0x1
core   0: 3 0x8000dbe0 (0x00001f17) x30 0x8000ebe0
core   0: 0x8000dbe4 (0x423f2023) sw      gp, 1056(t5)
core   0: 3 0x8000dbe4 (0x423f2023) mem 0x8000f000 0x00000001
core   0: 0x8000dbe8 (0xff9ff06f) j       pc - 0x8
core   0: 3 0x8000dbe8 (0xff9ff06f)
core   0: 0x8000dbe0 (0x00001f17) auipc   t5, 0x1
core   0: 3 0x8000dbe0 (0x00001f17) x30 0x8000ebe0
core   0: 0x8000dbe4 (0x423f2023) sw      gp, 1056(t5)
core   0: 3 0x8000dbe4 (0x423f2023) mem 0x8000f000 0x00000001
core   0: 0x8000dbe8 (0xff9ff06f) j       pc - 0x8
core   0: 3 0x8000dbe8 (0xff9ff06f)
core   0: 0x8000dbe0 (0x00001f17) auipc   t5, 0x1
core   0: 3 0x8000dbe0 (0x00001f17) x30 0x8000ebe0
core   0: 0x8000dbe4 (0x423f2023) sw      gp, 1056(t5)
core   0: 3 0x8000dbe4 (0x423f2023) mem 0x8000f000 0x00000001
core   0: 0x8000dbe8 (0xff9ff06f) j       pc - 0x8
core   0: 3 0x8000dbe8 (0xff9ff06f)
core   0: 0x8000dbe0 (0x00001f17) auipc   t5, 0x1
core   0: 3 0x8000dbe0 (0x00001f17) x30 0x8000ebe0
core   0: 0x8000dbe4 (0x423f2023) sw      gp, 1056(t5)
core   0: 3 0x8000dbe4 (0x423f2023) mem 0x8000f000 0x00000001
core   0: 0x8000dbe8 (0xff9ff06f) j       pc - 0x8
core   0: 3 0x8000dbe8 (0xff9ff06f)
core   0: 0x8000dbe0 (0x00001f17) auipc   t5, 0x1
core   0: 3 0x8000dbe0 (0x00001f17) x30 0x8000ebe0
core   0: 0x8000dbe4 (0x423f2023) sw      gp, 1056(t5)
core   0: 3 0x8000dbe4 (0x423f2023) mem 0x8000f000 0x00000001
core   0: 0x8000dbe8 (0xff9ff06f) j       pc - 0x8
core   0: 3 0x8000dbe8 (0xff9ff06f)
core   0: 0x8000dbe0 (0x00001f17) auipc   t5, 0x1
core   0: 3 0x8000dbe0 (0x00001f17) x30 0x8000ebe0
core   0: 0x8000dbe4 (0x423f2023) sw      gp, 1056(t5)
core   0: 3 0x8000dbe4 (0x423f2023) mem 0x8000f000 0x00000001
core   0: 0x8000dbe8 (0xff9ff06f) j       pc - 0x8
core   0: 3 0x8000dbe8 (0xff9ff06f)
core   0: 0x8000dbe0 (0x00001f17) auipc   t5, 0x1
core   0: 3 0x8000dbe0 (0x00001f17) x30 0x8000ebe0
core   0: 0x8000dbe4 (0x423f2023) sw      gp, 1056(t5)
core   0: 3 0x8000dbe4 (0x423f2023) mem 0x8000f000 0x00000001
core   0: 0x8000dbe8 (0xff9ff06f) j       pc - 0x8
core   0: 3 0x8000dbe8 (0xff9ff06f)
core   0: 0x8000dbe0 (0x00001f17) auipc   t5, 0x1
core   0: 3 0x8000dbe0 (0x00001f17) x30 0x8000ebe0
core   0: 0x8000dbe4 (0x423f2023) sw      gp, 1056(t5)
core   0: 3 0x8000dbe4 (0x423f2023) mem 0x8000f000 0x00000001
core   0: 0x8000dbe8 (0xff9ff06f) j       pc - 0x8
core   0: 3 0x8000dbe8 (0xff9ff06f)
core   0: 0x8000dbe0 (0x00001f17) auipc   t5, 0x1
core   0: 3 0x8000dbe0 (0x00001f17) x30 0x8000ebe0
core   0: 0x8000dbe4 (0x423f2023) sw      gp, 1056(t5)
core   0: 3 0x8000dbe4 (0x423f2023) mem 0x8000f000 0x00000001
core   0: 0x8000dbe8 (0xff9ff06f) j       pc - 0x8
core   0: 3 0x8000dbe8 (0xff9ff06f)
core   0: 0x8000dbe0 (0x00001f17) auipc   t5, 0x1
core   0: 3 0x8000dbe0 (0x00001f17) x30 0x8000ebe0
core   0: 0x8000dbe4 (0x423f2023) sw      gp, 1056(t5)
core   0: 3 0x8000dbe4 (0x423f2023) mem 0x8000f000 0x00000001
core   0: 0x8000dbe8 (0xff9ff06f) j       pc - 0x8
core   0: 3 0x8000dbe8 (0xff9ff06f)
core   0: 0x8000dbe0 (0x00001f17) auipc   t5, 0x1
core   0: 3 0x8000dbe0 (0x00001f17) x30 0x8000ebe0
core   0: 0x8000dbe4 (0x423f2023) sw      gp, 1056(t5)
core   0: 3 0x8000dbe4 (0x423f2023) mem 0x8000f000 0x00000001
core   0: 0x8000dbe8 (0xff9ff06f) j       pc - 0x8
core   0: 3 0x8000dbe8 (0xff9ff06f)
core   0: 0x8000dbe0 (0x00001f17) auipc   t5, 0x1
core   0: 3 0x8000dbe0 (0x00001f17) x30 0x8000ebe0
core   0: 0x8000dbe4 (0x423f2023) sw      gp, 1056(t5)
core   0: 3 0x8000dbe4 (0x423f2023) mem 0x8000f000 0x00000001
core   0: 0x8000dbe8 (0xff9ff06f) j       pc - 0x8
core   0: 3 0x8000dbe8 (0xff9ff06f)
core   0: 0x8000dbe0 (0x00001f17) auipc   t5, 0x1
core   0: 3 0x8000dbe0 (0x00001f17) x30 0x8000ebe0
core   0: 0x8000dbe4 (0x423f2023) sw      gp, 1056(t5)
core   0: 3 0x8000dbe4 (0x423f2023) mem 0x8000f000 0x00000001
core   0: 0x8000dbe8 (0xff9ff06f) j       pc - 0x8
core   0: 3 0x8000dbe8 (0xff9ff06f)
core   0: 0x8000dbe0 (0x00001f17) auipc   t5, 0x1
core   0: 3 0x8000dbe0 (0x00001f17) x30 0x8000ebe0
core   0: 0x8000dbe4 (0x423f2023) sw      gp, 1056(t5)
core   0: 3 0x8000dbe4 (0x423f2023) mem 0x8000f000 0x00000001
core   0: 0x8000dbe8 (0xff9ff06f) j       pc - 0x8
core   0: 3 0x8000dbe8 (0xff9ff06f)
core   0: 0x8000dbe0 (0x00001f17) auipc   t5, 0x1
core   0: 3 0x8000dbe0 (0x00001f17) x30 0x8000ebe0
core   0: 0x8000dbe4 (0x423f2023) sw      gp, 1056(t5)
core   0: 3 0x8000dbe4 (0x423f2023) mem 0x8000f000 0x00000001
core   0: 0x8000dbe8 (0xff9ff06f) j       pc - 0x8
core   0: 3 0x8000dbe8 (0xff9ff06f)
core   0: 0x8000dbe0 (0x00001f17) auipc   t5, 0x1
core   0: 3 0x8000dbe0 (0x00001f17) x30 0x8000ebe0
core   0: 0x8000dbe4 (0x423f2023) sw      gp, 1056(t5)
core   0: 3 0x8000dbe4 (0x423f2023) mem 0x8000f000 0x00000001
core   0: 0x8000dbe8 (0xff9ff06f) j       pc - 0x8
core   0: 3 0x8000dbe8 (0xff9ff06f)
core   0: 0x8000dbe0 (0x00001f17) auipc   t5, 0x1
core   0: 3 0x8000dbe0 (0x00001f17) x30 0x8000ebe0
core   0: 0x8000dbe4 (0x423f2023) sw      gp, 1056(t5)
core   0: 3 0x8000dbe4 (0x423f2023) mem 0x8000f000 0x00000001
core   0: 0x8000dbe8 (0xff9ff06f) j       pc - 0x8
core   0: 3 0x8000dbe8 (0xff9ff06f)
core   0: 0x8000dbe0 (0x00001f17) auipc   t5, 0x1
core   0: 3 0x8000dbe0 (0x00001f17) x30 0x8000ebe0
core   0: 0x8000dbe4 (0x423f2023) sw      gp, 1056(t5)
core   0: 3 0x8000dbe4 (0x423f2023) mem 0x8000f000 0x00000001
core   0: 0x8000dbe8 (0xff9ff06f) j       pc - 0x8
core   0: 3 0x8000dbe8 (0xff9ff06f)
core   0: 0x8000dbe0 (0x00001f17) auipc   t5, 0x1
core   0: 3 0x8000dbe0 (0x00001f17) x30 0x8000ebe0
core   0: 0x8000dbe4 (0x423f2023) sw      gp, 1056(t5)
core   0: 3 0x8000dbe4 (0x423f2023) mem 0x8000f000 0x00000001
core   0: 0x8000dbe8 (0xff9ff06f) j       pc - 0x8
core   0: 3 0x8000dbe8 (0xff9ff06f)
core   0: 0x8000dbe0 (0x00001f17) auipc   t5, 0x1
core   0: 3 0x8000dbe0 (0x00001f17) x30 0x8000ebe0
core   0: 0x8000dbe4 (0x423f2023) sw      gp, 1056(t5)
core   0: 3 0x8000dbe4 (0x423f2023) mem 0x8000f000 0x00000001
core   0: 0x8000dbe8 (0xff9ff06f) j       pc - 0x8
core   0: 3 0x8000dbe8 (0xff9ff06f)
core   0: 0x8000dbe0 (0x00001f17) auipc   t5, 0x1
core   0: 3 0x8000dbe0 (0x00001f17) x30 0x8000ebe0
core   0: 0x8000dbe4 (0x423f2023) sw      gp, 1056(t5)
core   0: 3 0x8000dbe4 (0x423f2023) mem 0x8000f000 0x00000001
core   0: 0x8000dbe8 (0xff9ff06f) j       pc - 0x8
core   0: 3 0x8000dbe8 (0xff9ff06f)
core   0: 0x8000dbe0 (0x00001f17) auipc   t5, 0x1
core   0: 3 0x8000dbe0 (0x00001f17) x30 0x8000ebe0
core   0: 0x8000dbe4 (0x423f2023) sw      gp, 1056(t5)
core   0: 3 0x8000dbe4 (0x423f2023) mem 0x8000f000 0x00000001
core   0: 0x8000dbe8 (0xff9ff06f) j       pc - 0x8
core   0: 3 0x8000dbe8 (0xff9ff06f)
core   0: 0x8000dbe0 (0x00001f17) auipc   t5, 0x1
core   0: 3 0x8000dbe0 (0x00001f17) x30 0x8000ebe0
core   0: 0x8000dbe4 (0x423f2023) sw      gp, 1056(t5)
core   0: 3 0x8000dbe4 (0x423f2023) mem 0x8000f000 0x00000001
core   0: 0x8000dbe8 (0xff9ff06f) j       pc - 0x8
core   0: 3 0x8000dbe8 (0xff9ff06f)
core   0: 0x8000dbe0 (0x00001f17) auipc   t5, 0x1
core   0: 3 0x8000dbe0 (0x00001f17) x30 0x8000ebe0
core   0: 0x8000dbe4 (0x423f2023) sw      gp, 1056(t5)
core   0: 3 0x8000dbe4 (0x423f2023) mem 0x8000f000 0x00000001
core   0: 0x8000dbe8 (0xff9ff06f) j       pc - 0x8
core   0: 3 0x8000dbe8 (0xff9ff06f)
core   0: 0x8000dbe0 (0x00001f17) auipc   t5, 0x1
core   0: 3 0x8000dbe0 (0x00001f17) x30 0x8000ebe0
core   0: 0x8000dbe4 (0x423f2023) sw      gp, 1056(t5)
core   0: 3 0x8000dbe4 (0x423f2023) mem 0x8000f000 0x00000001
core   0: 0x8000dbe8 (0xff9ff06f) j       pc - 0x8
core   0: 3 0x8000dbe8 (0xff9ff06f)
core   0: 0x8000dbe0 (0x00001f17) auipc   t5, 0x1
core   0: 3 0x8000dbe0 (0x00001f17) x30 0x8000ebe0
core   0: 0x8000dbe4 (0x423f2023) sw      gp, 1056(t5)
core   0: 3 0x8000dbe4 (0x423f2023) mem 0x8000f000 0x00000001
core   0: 0x8000dbe8 (0xff9ff06f) j       pc - 0x8
core   0: 3 0x8000dbe8 (0xff9ff06f)
core   0: 0x8000dbe0 (0x00001f17) auipc   t5, 0x1
core   0: 3 0x8000dbe0 (0x00001f17) x30 0x8000ebe0
core   0: 0x8000dbe4 (0x423f2023) sw      gp, 1056(t5)
core   0: 3 0x8000dbe4 (0x423f2023) mem 0x8000f000 0x00000001
core   0: 0x8000dbe8 (0xff9ff06f) j       pc - 0x8
core   0: 3 0x8000dbe8 (0xff9ff06f)
core   0: 0x8000dbe0 (0x00001f17) auipc   t5, 0x1
core   0: 3 0x8000dbe0 (0x00001f17) x30 0x8000ebe0
core   0: 0x8000dbe4 (0x423f2023) sw      gp, 1056(t5)
core   0: 3 0x8000dbe4 (0x423f2023) mem 0x8000f000 0x00000001
core   0: 0x8000dbe8 (0xff9ff06f) j       pc - 0x8
core   0: 3 0x8000dbe8 (0xff9ff06f)
core   0: 0x8000dbe0 (0x00001f17) auipc   t5, 0x1
core   0: 3 0x8000dbe0 (0x00001f17) x30 0x8000ebe0
core   0: 0x8000dbe4 (0x423f2023) sw      gp, 1056(t5)
core   0: 3 0x8000dbe4 (0x423f2023) mem 0x8000f000 0x00000001
core   0: 0x8000dbe8 (0xff9ff06f) j       pc - 0x8
core   0: 3 0x8000dbe8 (0xff9ff06f)
core   0: 0x8000dbe0 (0x00001f17) auipc   t5, 0x1
core   0: 3 0x8000dbe0 (0x00001f17) x30 0x8000ebe0
core   0: 0x8000dbe4 (0x423f2023) sw      gp, 1056(t5)
core   0: 3 0x8000dbe4 (0x423f2023) mem 0x8000f000 0x00000001
core   0: 0x8000dbe8 (0xff9ff06f) j       pc - 0x8
core   0: 3 0x8000dbe8 (0xff9ff06f)
core   0: 0x8000dbe0 (0x00001f17) auipc   t5, 0x1
core   0: 3 0x8000dbe0 (0x00001f17) x30 0x8000ebe0
core   0: 0x8000dbe4 (0x423f2023) sw      gp, 1056(t5)
core   0: 3 0x8000dbe4 (0x423f2023) mem 0x8000f000 0x00000001
core   0: 0x8000dbe8 (0xff9ff06f) j       pc - 0x8
core   0: 3 0x8000dbe8 (0xff9ff06f)
core   0: 0x8000dbe0 (0x00001f17) auipc   t5, 0x1
core   0: 3 0x8000dbe0 (0x00001f17) x30 0x8000ebe0
core   0: 0x8000dbe4 (0x423f2023) sw      gp, 1056(t5)
core   0: 3 0x8000dbe4 (0x423f2023) mem 0x8000f000 0x00000001
core   0: 0x8000dbe8 (0xff9ff06f) j       pc - 0x8
core   0: 3 0x8000dbe8 (0xff9ff06f)
core   0: 0x8000dbe0 (0x00001f17) auipc   t5, 0x1
core   0: 3 0x8000dbe0 (0x00001f17) x30 0x8000ebe0
core   0: 0x8000dbe4 (0x423f2023) sw      gp, 1056(t5)
core   0: 3 0x8000dbe4 (0x423f2023) mem 0x8000f000 0x00000001
core   0: 0x8000dbe8 (0xff9ff06f) j       pc - 0x8
core   0: 3 0x8000dbe8 (0xff9ff06f)
core   0: 0x8000dbe0 (0x00001f17) auipc   t5, 0x1
core   0: 3 0x8000dbe0 (0x00001f17) x30 0x8000ebe0
core   0: 0x8000dbe4 (0x423f2023) sw      gp, 1056(t5)
core   0: 3 0x8000dbe4 (0x423f2023) mem 0x8000f000 0x00000001
core   0: 0x8000dbe8 (0xff9ff06f) j       pc - 0x8
core   0: 3 0x8000dbe8 (0xff9ff06f)
core   0: 0x8000dbe0 (0x00001f17) auipc   t5, 0x1
core   0: 3 0x8000dbe0 (0x00001f17) x30 0x8000ebe0
core   0: 0x8000dbe4 (0x423f2023) sw      gp, 1056(t5)
core   0: 3 0x8000dbe4 (0x423f2023) mem 0x8000f000 0x00000001
core   0: 0x8000dbe8 (0xff9ff06f) j       pc - 0x8
core   0: 3 0x8000dbe8 (0xff9ff06f)
core   0: 0x8000dbe0 (0x00001f17) auipc   t5, 0x1
core   0: 3 0x8000dbe0 (0x00001f17) x30 0x8000ebe0
core   0: 0x8000dbe4 (0x423f2023) sw      gp, 1056(t5)
core   0: 3 0x8000dbe4 (0x423f2023) mem 0x8000f000 0x00000001
core   0: 0x8000dbe8 (0xff9ff06f) j       pc - 0x8
core   0: 3 0x8000dbe8 (0xff9ff06f)
core   0: 0x8000dbe0 (0x00001f17) auipc   t5, 0x1
core   0: 3 0x8000dbe0 (0x00001f17) x30 0x8000ebe0
core   0: 0x8000dbe4 (0x423f2023) sw      gp, 1056(t5)
core   0: 3 0x8000dbe4 (0x423f2023) mem 0x8000f000 0x00000001
core   0: 0x8000dbe8 (0xff9ff06f) j       pc - 0x8
core   0: 3 0x8000dbe8 (0xff9ff06f)
core   0: 0x8000dbe0 (0x00001f17) auipc   t5, 0x1
core   0: 3 0x8000dbe0 (0x00001f17) x30 0x8000ebe0
core   0: 0x8000dbe4 (0x423f2023) sw      gp, 1056(t5)
core   0: 3 0x8000dbe4 (0x423f2023) mem 0x8000f000 0x00000001
core   0: 0x8000dbe8 (0xff9ff06f) j       pc - 0x8
core   0: 3 0x8000dbe8 (0xff9ff06f)
core   0: 0x8000dbe0 (0x00001f17) auipc   t5, 0x1
core   0: 3 0x8000dbe0 (0x00001f17) x30 0x8000ebe0
core   0: 0x8000dbe4 (0x423f2023) sw      gp, 1056(t5)
core   0: 3 0x8000dbe4 (0x423f2023) mem 0x8000f000 0x00000001
core   0: 0x8000dbe8 (0xff9ff06f) j       pc - 0x8
core   0: 3 0x8000dbe8 (0xff9ff06f)
core   0: 0x8000dbe0 (0x00001f17) auipc   t5, 0x1
core   0: 3 0x8000dbe0 (0x00001f17) x30 0x8000ebe0
core   0: 0x8000dbe4 (0x423f2023) sw      gp, 1056(t5)
core   0: 3 0x8000dbe4 (0x423f2023) mem 0x8000f000 0x00000001
core   0: 0x8000dbe8 (0xff9ff06f) j       pc - 0x8
core   0: 3 0x8000dbe8 (0xff9ff06f)
core   0: 0x8000dbe0 (0x00001f17) auipc   t5, 0x1
core   0: 3 0x8000dbe0 (0x00001f17) x30 0x8000ebe0
core   0: 0x8000dbe4 (0x423f2023) sw      gp, 1056(t5)
core   0: 3 0x8000dbe4 (0x423f2023) mem 0x8000f000 0x00000001
core   0: 0x8000dbe8 (0xff9ff06f) j       pc - 0x8
core   0: 3 0x8000dbe8 (0xff9ff06f)
core   0: 0x8000dbe0 (0x00001f17) auipc   t5, 0x1
core   0: 3 0x8000dbe0 (0x00001f17) x30 0x8000ebe0
core   0: 0x8000dbe4 (0x423f2023) sw      gp, 1056(t5)
core   0: 3 0x8000dbe4 (0x423f2023) mem 0x8000f000 0x00000001
core   0: 0x8000dbe8 (0xff9ff06f) j       pc - 0x8
core   0: 3 0x8000dbe8 (0xff9ff06f)
core   0: 0x8000dbe0 (0x00001f17) auipc   t5, 0x1
core   0: 3 0x8000dbe0 (0x00001f17) x30 0x8000ebe0
core   0: 0x8000dbe4 (0x423f2023) sw      gp, 1056(t5)
core   0: 3 0x8000dbe4 (0x423f2023) mem 0x8000f000 0x00000001
core   0: 0x8000dbe8 (0xff9ff06f) j       pc - 0x8
core   0: 3 0x8000dbe8 (0xff9ff06f)
core   0: 0x8000dbe0 (0x00001f17) auipc   t5, 0x1
core   0: 3 0x8000dbe0 (0x00001f17) x30 0x8000ebe0
core   0: 0x8000dbe4 (0x423f2023) sw      gp, 1056(t5)
core   0: 3 0x8000dbe4 (0x423f2023) mem 0x8000f000 0x00000001
core   0: 0x8000dbe8 (0xff9ff06f) j       pc - 0x8
core   0: 3 0x8000dbe8 (0xff9ff06f)
core   0: 0x8000dbe0 (0x00001f17) auipc   t5, 0x1
core   0: 3 0x8000dbe0 (0x00001f17) x30 0x8000ebe0
core   0: 0x8000dbe4 (0x423f2023) sw      gp, 1056(t5)
core   0: 3 0x8000dbe4 (0x423f2023) mem 0x8000f000 0x00000001
core   0: 0x8000dbe8 (0xff9ff06f) j       pc - 0x8
core   0: 3 0x8000dbe8 (0xff9ff06f)
core   0: 0x8000dbe0 (0x00001f17) auipc   t5, 0x1
core   0: 3 0x8000dbe0 (0x00001f17) x30 0x8000ebe0
core   0: 0x8000dbe4 (0x423f2023) sw      gp, 1056(t5)
core   0: 3 0x8000dbe4 (0x423f2023) mem 0x8000f000 0x00000001
core   0: 0x8000dbe8 (0xff9ff06f) j       pc - 0x8
core   0: 3 0x8000dbe8 (0xff9ff06f)
core   0: 0x8000dbe0 (0x00001f17) auipc   t5, 0x1
core   0: 3 0x8000dbe0 (0x00001f17) x30 0x8000ebe0
core   0: 0x8000dbe4 (0x423f2023) sw      gp, 1056(t5)
core   0: 3 0x8000dbe4 (0x423f2023) mem 0x8000f000 0x00000001
core   0: 0x8000dbe8 (0xff9ff06f) j       pc - 0x8
core   0: 3 0x8000dbe8 (0xff9ff06f)
core   0: 0x8000dbe0 (0x00001f17) auipc   t5, 0x1
core   0: 3 0x8000dbe0 (0x00001f17) x30 0x8000ebe0
core   0: 0x8000dbe4 (0x423f2023) sw      gp, 1056(t5)
core   0: 3 0x8000dbe4 (0x423f2023) mem 0x8000f000 0x00000001
core   0: 0x8000dbe8 (0xff9ff06f) j       pc - 0x8
core   0: 3 0x8000dbe8 (0xff9ff06f)
core   0: 0x8000dbe0 (0x00001f17) auipc   t5, 0x1
core   0: 3 0x8000dbe0 (0x00001f17) x30 0x8000ebe0
core   0: 0x8000dbe4 (0x423f2023) sw      gp, 1056(t5)
core   0: 3 0x8000dbe4 (0x423f2023) mem 0x8000f000 0x00000001
core   0: 0x8000dbe8 (0xff9ff06f) j       pc - 0x8
core   0: 3 0x8000dbe8 (0xff9ff06f)
core   0: 0x8000dbe0 (0x00001f17) auipc   t5, 0x1
core   0: 3 0x8000dbe0 (0x00001f17) x30 0x8000ebe0
core   0: 0x8000dbe4 (0x423f2023) sw      gp, 1056(t5)
core   0: 3 0x8000dbe4 (0x423f2023) mem 0x8000f000 0x00000001
core   0: 0x8000dbe8 (0xff9ff06f) j       pc - 0x8
core   0: 3 0x8000dbe8 (0xff9ff06f)
core   0: 0x8000dbe0 (0x00001f17) auipc   t5, 0x1
core   0: 3 0x8000dbe0 (0x00001f17) x30 0x8000ebe0
core   0: 0x8000dbe4 (0x423f2023) sw      gp, 1056(t5)
core   0: 3 0x8000dbe4 (0x423f2023) mem 0x8000f000 0x00000001
core   0: 0x8000dbe8 (0xff9ff06f) j       pc - 0x8
core   0: 3 0x8000dbe8 (0xff9ff06f)
core   0: 0x8000dbe0 (0x00001f17) auipc   t5, 0x1
core   0: 3 0x8000dbe0 (0x00001f17) x30 0x8000ebe0
core   0: 0x8000dbe4 (0x423f2023) sw      gp, 1056(t5)
core   0: 3 0x8000dbe4 (0x423f2023) mem 0x8000f000 0x00000001
core   0: 0x8000dbe8 (0xff9ff06f) j       pc - 0x8
core   0: 3 0x8000dbe8 (0xff9ff06f)
core   0: 0x8000dbe0 (0x00001f17) auipc   t5, 0x1
core   0: 3 0x8000dbe0 (0x00001f17) x30 0x8000ebe0
core   0: 0x8000dbe4 (0x423f2023) sw      gp, 1056(t5)
core   0: 3 0x8000dbe4 (0x423f2023) mem 0x8000f000 0x00000001
core   0: 0x8000dbe8 (0xff9ff06f) j       pc - 0x8
core   0: 3 0x8000dbe8 (0xff9ff06f)
core   0: 0x8000dbe0 (0x00001f17) auipc   t5, 0x1
core   0: 3 0x8000dbe0 (0x00001f17) x30 0x8000ebe0
core   0: 0x8000dbe4 (0x423f2023) sw      gp, 1056(t5)
core   0: 3 0x8000dbe4 (0x423f2023) mem 0x8000f000 0x00000001
core   0: 0x8000dbe8 (0xff9ff06f) j       pc - 0x8
core   0: 3 0x8000dbe8 (0xff9ff06f)
core   0: 0x8000dbe0 (0x00001f17) auipc   t5, 0x1
core   0: 3 0x8000dbe0 (0x00001f17) x30 0x8000ebe0
core   0: 0x8000dbe4 (0x423f2023) sw      gp, 1056(t5)
core   0: 3 0x8000dbe4 (0x423f2023) mem 0x8000f000 0x00000001
core   0: 0x8000dbe8 (0xff9ff06f) j       pc - 0x8
core   0: 3 0x8000dbe8 (0xff9ff06f)
core   0: 0x8000dbe0 (0x00001f17) auipc   t5, 0x1
core   0: 3 0x8000dbe0 (0x00001f17) x30 0x8000ebe0
core   0: 0x8000dbe4 (0x423f2023) sw      gp, 1056(t5)
core   0: 3 0x8000dbe4 (0x423f2023) mem 0x8000f000 0x00000001
core   0: 0x8000dbe8 (0xff9ff06f) j       pc - 0x8
core   0: 3 0x8000dbe8 (0xff9ff06f)
core   0: 0x8000dbe0 (0x00001f17) auipc   t5, 0x1
core   0: 3 0x8000dbe0 (0x00001f17) x30 0x8000ebe0
core   0: 0x8000dbe4 (0x423f2023) sw      gp, 1056(t5)
core   0: 3 0x8000dbe4 (0x423f2023) mem 0x8000f000 0x00000001
core   0: 0x8000dbe8 (0xff9ff06f) j       pc - 0x8
core   0: 3 0x8000dbe8 (0xff9ff06f)
core   0: 0x8000dbe0 (0x00001f17) auipc   t5, 0x1
core   0: 3 0x8000dbe0 (0x00001f17) x30 0x8000ebe0
core   0: 0x8000dbe4 (0x423f2023) sw      gp, 1056(t5)
core   0: 3 0x8000dbe4 (0x423f2023) mem 0x8000f000 0x00000001
core   0: 0x8000dbe8 (0xff9ff06f) j       pc - 0x8
core   0: 3 0x8000dbe8 (0xff9ff06f)
core   0: 0x8000dbe0 (0x00001f17) auipc   t5, 0x1
core   0: 3 0x8000dbe0 (0x00001f17) x30 0x8000ebe0
core   0: 0x8000dbe4 (0x423f2023) sw      gp, 1056(t5)
core   0: 3 0x8000dbe4 (0x423f2023) mem 0x8000f000 0x00000001
core   0: 0x8000dbe8 (0xff9ff06f) j       pc - 0x8
core   0: 3 0x8000dbe8 (0xff9ff06f)
core   0: 0x8000dbe0 (0x00001f17) auipc   t5, 0x1
core   0: 3 0x8000dbe0 (0x00001f17) x30 0x8000ebe0
core   0: 0x8000dbe4 (0x423f2023) sw      gp, 1056(t5)
core   0: 3 0x8000dbe4 (0x423f2023) mem 0x8000f000 0x00000001
core   0: 0x8000dbe8 (0xff9ff06f) j       pc - 0x8
core   0: 3 0x8000dbe8 (0xff9ff06f)
core   0: 0x8000dbe0 (0x00001f17) auipc   t5, 0x1
core   0: 3 0x8000dbe0 (0x00001f17) x30 0x8000ebe0
core   0: 0x8000dbe4 (0x423f2023) sw      gp, 1056(t5)
core   0: 3 0x8000dbe4 (0x423f2023) mem 0x8000f000 0x00000001
core   0: 0x8000dbe8 (0xff9ff06f) j       pc - 0x8
core   0: 3 0x8000dbe8 (0xff9ff06f)
core   0: 0x8000dbe0 (0x00001f17) auipc   t5, 0x1
core   0: 3 0x8000dbe0 (0x00001f17) x30 0x8000ebe0
core   0: 0x8000dbe4 (0x423f2023) sw      gp, 1056(t5)
core   0: 3 0x8000dbe4 (0x423f2023) mem 0x8000f000 0x00000001
core   0: 0x8000dbe8 (0xff9ff06f) j       pc - 0x8
core   0: 3 0x8000dbe8 (0xff9ff06f)
core   0: 0x8000dbe0 (0x00001f17) auipc   t5, 0x1
core   0: 3 0x8000dbe0 (0x00001f17) x30 0x8000ebe0
core   0: 0x8000dbe4 (0x423f2023) sw      gp, 1056(t5)
core   0: 3 0x8000dbe4 (0x423f2023) mem 0x8000f000 0x00000001
core   0: 0x8000dbe8 (0xff9ff06f) j       pc - 0x8
core   0: 3 0x8000dbe8 (0xff9ff06f)
core   0: 0x8000dbe0 (0x00001f17) auipc   t5, 0x1
core   0: 3 0x8000dbe0 (0x00001f17) x30 0x8000ebe0
core   0: 0x8000dbe4 (0x423f2023) sw      gp, 1056(t5)
core   0: 3 0x8000dbe4 (0x423f2023) mem 0x8000f000 0x00000001
core   0: 0x8000dbe8 (0xff9ff06f) j       pc - 0x8
core   0: 3 0x8000dbe8 (0xff9ff06f)
core   0: 0x8000dbe0 (0x00001f17) auipc   t5, 0x1
core   0: 3 0x8000dbe0 (0x00001f17) x30 0x8000ebe0
core   0: 0x8000dbe4 (0x423f2023) sw      gp, 1056(t5)
core   0: 3 0x8000dbe4 (0x423f2023) mem 0x8000f000 0x00000001
core   0: 0x8000dbe8 (0xff9ff06f) j       pc - 0x8
core   0: 3 0x8000dbe8 (0xff9ff06f)
core   0: 0x8000dbe0 (0x00001f17) auipc   t5, 0x1
core   0: 3 0x8000dbe0 (0x00001f17) x30 0x8000ebe0
core   0: 0x8000dbe4 (0x423f2023) sw      gp, 1056(t5)
core   0: 3 0x8000dbe4 (0x423f2023) mem 0x8000f000 0x00000001
core   0: 0x8000dbe8 (0xff9ff06f) j       pc - 0x8
core   0: 3 0x8000dbe8 (0xff9ff06f)
core   0: 0x8000dbe0 (0x00001f17) auipc   t5, 0x1
core   0: 3 0x8000dbe0 (0x00001f17) x30 0x8000ebe0
core   0: 0x8000dbe4 (0x423f2023) sw      gp, 1056(t5)
core   0: 3 0x8000dbe4 (0x423f2023) mem 0x8000f000 0x00000001
core   0: 0x8000dbe8 (0xff9ff06f) j       pc - 0x8
core   0: 3 0x8000dbe8 (0xff9ff06f)
core   0: 0x8000dbe0 (0x00001f17) auipc   t5, 0x1
core   0: 3 0x8000dbe0 (0x00001f17) x30 0x8000ebe0
core   0: 0x8000dbe4 (0x423f2023) sw      gp, 1056(t5)
core   0: 3 0x8000dbe4 (0x423f2023) mem 0x8000f000 0x00000001
core   0: 0x8000dbe8 (0xff9ff06f) j       pc - 0x8
core   0: 3 0x8000dbe8 (0xff9ff06f)
core   0: 0x8000dbe0 (0x00001f17) auipc   t5, 0x1
core   0: 3 0x8000dbe0 (0x00001f17) x30 0x8000ebe0
core   0: 0x8000dbe4 (0x423f2023) sw      gp, 1056(t5)
core   0: 3 0x8000dbe4 (0x423f2023) mem 0x8000f000 0x00000001
core   0: 0x8000dbe8 (0xff9ff06f) j       pc - 0x8
core   0: 3 0x8000dbe8 (0xff9ff06f)
core   0: 0x8000dbe0 (0x00001f17) auipc   t5, 0x1
core   0: 3 0x8000dbe0 (0x00001f17) x30 0x8000ebe0
core   0: 0x8000dbe4 (0x423f2023) sw      gp, 1056(t5)
core   0: 3 0x8000dbe4 (0x423f2023) mem 0x8000f000 0x00000001
core   0: 0x8000dbe8 (0xff9ff06f) j       pc - 0x8
core   0: 3 0x8000dbe8 (0xff9ff06f)
core   0: 0x8000dbe0 (0x00001f17) auipc   t5, 0x1
core   0: 3 0x8000dbe0 (0x00001f17) x30 0x8000ebe0
core   0: 0x8000dbe4 (0x423f2023) sw      gp, 1056(t5)
core   0: 3 0x8000dbe4 (0x423f2023) mem 0x8000f000 0x00000001
core   0: 0x8000dbe8 (0xff9ff06f) j       pc - 0x8
core   0: 3 0x8000dbe8 (0xff9ff06f)
core   0: 0x8000dbe0 (0x00001f17) auipc   t5, 0x1
core   0: 3 0x8000dbe0 (0x00001f17) x30 0x8000ebe0
core   0: 0x8000dbe4 (0x423f2023) sw      gp, 1056(t5)
core   0: 3 0x8000dbe4 (0x423f2023) mem 0x8000f000 0x00000001
core   0: 0x8000dbe8 (0xff9ff06f) j       pc - 0x8
core   0: 3 0x8000dbe8 (0xff9ff06f)
core   0: 0x8000dbe0 (0x00001f17) auipc   t5, 0x1
core   0: 3 0x8000dbe0 (0x00001f17) x30 0x8000ebe0
core   0: 0x8000dbe4 (0x423f2023) sw      gp, 1056(t5)
core   0: 3 0x8000dbe4 (0x423f2023) mem 0x8000f000 0x00000001
core   0: 0x8000dbe8 (0xff9ff06f) j       pc - 0x8
core   0: 3 0x8000dbe8 (0xff9ff06f)
core   0: 0x8000dbe0 (0x00001f17) auipc   t5, 0x1
core   0: 3 0x8000dbe0 (0x00001f17) x30 0x8000ebe0
core   0: 0x8000dbe4 (0x423f2023) sw      gp, 1056(t5)
core   0: 3 0x8000dbe4 (0x423f2023) mem 0x8000f000 0x00000001
core   0: 0x8000dbe8 (0xff9ff06f) j       pc - 0x8
core   0: 3 0x8000dbe8 (0xff9ff06f)
core   0: 0x8000dbe0 (0x00001f17) auipc   t5, 0x1
core   0: 3 0x8000dbe0 (0x00001f17) x30 0x8000ebe0
core   0: 0x8000dbe4 (0x423f2023) sw      gp, 1056(t5)
core   0: 3 0x8000dbe4 (0x423f2023) mem 0x8000f000 0x00000001
core   0: 0x8000dbe8 (0xff9ff06f) j       pc - 0x8
core   0: 3 0x8000dbe8 (0xff9ff06f)
core   0: 0x8000dbe0 (0x00001f17) auipc   t5, 0x1
core   0: 3 0x8000dbe0 (0x00001f17) x30 0x8000ebe0
core   0: 0x8000dbe4 (0x423f2023) sw      gp, 1056(t5)
core   0: 3 0x8000dbe4 (0x423f2023) mem 0x8000f000 0x00000001
core   0: 0x8000dbe8 (0xff9ff06f) j       pc - 0x8
core   0: 3 0x8000dbe8 (0xff9ff06f)
core   0: 0x8000dbe0 (0x00001f17) auipc   t5, 0x1
core   0: 3 0x8000dbe0 (0x00001f17) x30 0x8000ebe0
core   0: 0x8000dbe4 (0x423f2023) sw      gp, 1056(t5)
core   0: 3 0x8000dbe4 (0x423f2023) mem 0x8000f000 0x00000001
core   0: 0x8000dbe8 (0xff9ff06f) j       pc - 0x8
core   0: 3 0x8000dbe8 (0xff9ff06f)
core   0: 0x8000dbe0 (0x00001f17) auipc   t5, 0x1
core   0: 3 0x8000dbe0 (0x00001f17) x30 0x8000ebe0
core   0: 0x8000dbe4 (0x423f2023) sw      gp, 1056(t5)
core   0: 3 0x8000dbe4 (0x423f2023) mem 0x8000f000 0x00000001
core   0: 0x8000dbe8 (0xff9ff06f) j       pc - 0x8
core   0: 3 0x8000dbe8 (0xff9ff06f)
core   0: 0x8000dbe0 (0x00001f17) auipc   t5, 0x1
core   0: 3 0x8000dbe0 (0x00001f17) x30 0x8000ebe0
core   0: 0x8000dbe4 (0x423f2023) sw      gp, 1056(t5)
core   0: 3 0x8000dbe4 (0x423f2023) mem 0x8000f000 0x00000001
core   0: 0x8000dbe8 (0xff9ff06f) j       pc - 0x8
core   0: 3 0x8000dbe8 (0xff9ff06f)
core   0: 0x8000dbe0 (0x00001f17) auipc   t5, 0x1
core   0: 3 0x8000dbe0 (0x00001f17) x30 0x8000ebe0
core   0: 0x8000dbe4 (0x423f2023) sw      gp, 1056(t5)
core   0: 3 0x8000dbe4 (0x423f2023) mem 0x8000f000 0x00000001
core   0: 0x8000dbe8 (0xff9ff06f) j       pc - 0x8
core   0: 3 0x8000dbe8 (0xff9ff06f)
core   0: 0x8000dbe0 (0x00001f17) auipc   t5, 0x1
core   0: 3 0x8000dbe0 (0x00001f17) x30 0x8000ebe0
core   0: 0x8000dbe4 (0x423f2023) sw      gp, 1056(t5)
core   0: 3 0x8000dbe4 (0x423f2023) mem 0x8000f000 0x00000001
core   0: 0x8000dbe8 (0xff9ff06f) j       pc - 0x8
core   0: 3 0x8000dbe8 (0xff9ff06f)
core   0: 0x8000dbe0 (0x00001f17) auipc   t5, 0x1
core   0: 3 0x8000dbe0 (0x00001f17) x30 0x8000ebe0
core   0: 0x8000dbe4 (0x423f2023) sw      gp, 1056(t5)
core   0: 3 0x8000dbe4 (0x423f2023) mem 0x8000f000 0x00000001
core   0: 0x8000dbe8 (0xff9ff06f) j       pc - 0x8
core   0: 3 0x8000dbe8 (0xff9ff06f)
core   0: 0x8000dbe0 (0x00001f17) auipc   t5, 0x1
core   0: 3 0x8000dbe0 (0x00001f17) x30 0x8000ebe0
core   0: 0x8000dbe4 (0x423f2023) sw      gp, 1056(t5)
core   0: 3 0x8000dbe4 (0x423f2023) mem 0x8000f000 0x00000001
core   0: 0x8000dbe8 (0xff9ff06f) j       pc - 0x8
core   0: 3 0x8000dbe8 (0xff9ff06f)
core   0: 0x8000dbe0 (0x00001f17) auipc   t5, 0x1
core   0: 3 0x8000dbe0 (0x00001f17) x30 0x8000ebe0
core   0: 0x8000dbe4 (0x423f2023) sw      gp, 1056(t5)
core   0: 3 0x8000dbe4 (0x423f2023) mem 0x8000f000 0x00000001
core   0: 0x8000dbe8 (0xff9ff06f) j       pc - 0x8
core   0: 3 0x8000dbe8 (0xff9ff06f)
core   0: 0x8000dbe0 (0x00001f17) auipc   t5, 0x1
core   0: 3 0x8000dbe0 (0x00001f17) x30 0x8000ebe0
core   0: 0x8000dbe4 (0x423f2023) sw      gp, 1056(t5)
core   0: 3 0x8000dbe4 (0x423f2023) mem 0x8000f000 0x00000001
core   0: 0x8000dbe8 (0xff9ff06f) j       pc - 0x8
core   0: 3 0x8000dbe8 (0xff9ff06f)
core   0: 0x8000dbe0 (0x00001f17) auipc   t5, 0x1
core   0: 3 0x8000dbe0 (0x00001f17) x30 0x8000ebe0
core   0: 0x8000dbe4 (0x423f2023) sw      gp, 1056(t5)
core   0: 3 0x8000dbe4 (0x423f2023) mem 0x8000f000 0x00000001
core   0: 0x8000dbe8 (0xff9ff06f) j       pc - 0x8
core   0: 3 0x8000dbe8 (0xff9ff06f)
core   0: 0x8000dbe0 (0x00001f17) auipc   t5, 0x1
core   0: 3 0x8000dbe0 (0x00001f17) x30 0x8000ebe0
core   0: 0x8000dbe4 (0x423f2023) sw      gp, 1056(t5)
core   0: 3 0x8000dbe4 (0x423f2023) mem 0x8000f000 0x00000001
core   0: 0x8000dbe8 (0xff9ff06f) j       pc - 0x8
core   0: 3 0x8000dbe8 (0xff9ff06f)
core   0: 0x8000dbe0 (0x00001f17) auipc   t5, 0x1
core   0: 3 0x8000dbe0 (0x00001f17) x30 0x8000ebe0
core   0: 0x8000dbe4 (0x423f2023) sw      gp, 1056(t5)
core   0: 3 0x8000dbe4 (0x423f2023) mem 0x8000f000 0x00000001
core   0: 0x8000dbe8 (0xff9ff06f) j       pc - 0x8
core   0: 3 0x8000dbe8 (0xff9ff06f)
core   0: 0x8000dbe0 (0x00001f17) auipc   t5, 0x1
core   0: 3 0x8000dbe0 (0x00001f17) x30 0x8000ebe0
core   0: 0x8000dbe4 (0x423f2023) sw      gp, 1056(t5)
core   0: 3 0x8000dbe4 (0x423f2023) mem 0x8000f000 0x00000001
core   0: 0x8000dbe8 (0xff9ff06f) j       pc - 0x8
core   0: 3 0x8000dbe8 (0xff9ff06f)
core   0: 0x8000dbe0 (0x00001f17) auipc   t5, 0x1
core   0: 3 0x8000dbe0 (0x00001f17) x30 0x8000ebe0
core   0: 0x8000dbe4 (0x423f2023) sw      gp, 1056(t5)
core   0: 3 0x8000dbe4 (0x423f2023) mem 0x8000f000 0x00000001
core   0: 0x8000dbe8 (0xff9ff06f) j       pc - 0x8
core   0: 3 0x8000dbe8 (0xff9ff06f)
core   0: 0x8000dbe0 (0x00001f17) auipc   t5, 0x1
core   0: 3 0x8000dbe0 (0x00001f17) x30 0x8000ebe0
core   0: 0x8000dbe4 (0x423f2023) sw      gp, 1056(t5)
core   0: 3 0x8000dbe4 (0x423f2023) mem 0x8000f000 0x00000001
core   0: 0x8000dbe8 (0xff9ff06f) j       pc - 0x8
core   0: 3 0x8000dbe8 (0xff9ff06f)
core   0: 0x8000dbe0 (0x00001f17) auipc   t5, 0x1
core   0: 3 0x8000dbe0 (0x00001f17) x30 0x8000ebe0
core   0: 0x8000dbe4 (0x423f2023) sw      gp, 1056(t5)
core   0: 3 0x8000dbe4 (0x423f2023) mem 0x8000f000 0x00000001
core   0: 0x8000dbe8 (0xff9ff06f) j       pc - 0x8
core   0: 3 0x8000dbe8 (0xff9ff06f)
core   0: 0x8000dbe0 (0x00001f17) auipc   t5, 0x1
core   0: 3 0x8000dbe0 (0x00001f17) x30 0x8000ebe0
core   0: 0x8000dbe4 (0x423f2023) sw      gp, 1056(t5)
core   0: 3 0x8000dbe4 (0x423f2023) mem 0x8000f000 0x00000001
core   0: 0x8000dbe8 (0xff9ff06f) j       pc - 0x8
core   0: 3 0x8000dbe8 (0xff9ff06f)
core   0: 0x8000dbe0 (0x00001f17) auipc   t5, 0x1
core   0: 3 0x8000dbe0 (0x00001f17) x30 0x8000ebe0
core   0: 0x8000dbe4 (0x423f2023) sw      gp, 1056(t5)
core   0: 3 0x8000dbe4 (0x423f2023) mem 0x8000f000 0x00000001
core   0: 0x8000dbe8 (0xff9ff06f) j       pc - 0x8
core   0: 3 0x8000dbe8 (0xff9ff06f)
core   0: 0x8000dbe0 (0x00001f17) auipc   t5, 0x1
core   0: 3 0x8000dbe0 (0x00001f17) x30 0x8000ebe0
core   0: 0x8000dbe4 (0x423f2023) sw      gp, 1056(t5)
core   0: 3 0x8000dbe4 (0x423f2023) mem 0x8000f000 0x00000001
core   0: 0x8000dbe8 (0xff9ff06f) j       pc - 0x8
core   0: 3 0x8000dbe8 (0xff9ff06f)
core   0: 0x8000dbe0 (0x00001f17) auipc   t5, 0x1
core   0: 3 0x8000dbe0 (0x00001f17) x30 0x8000ebe0
core   0: 0x8000dbe4 (0x423f2023) sw      gp, 1056(t5)
core   0: 3 0x8000dbe4 (0x423f2023) mem 0x8000f000 0x00000001
core   0: 0x8000dbe8 (0xff9ff06f) j       pc - 0x8
core   0: 3 0x8000dbe8 (0xff9ff06f)
core   0: 0x8000dbe0 (0x00001f17) auipc   t5, 0x1
core   0: 3 0x8000dbe0 (0x00001f17) x30 0x8000ebe0
core   0: 0x8000dbe4 (0x423f2023) sw      gp, 1056(t5)
core   0: 3 0x8000dbe4 (0x423f2023) mem 0x8000f000 0x00000001
core   0: 0x8000dbe8 (0xff9ff06f) j       pc - 0x8
core   0: 3 0x8000dbe8 (0xff9ff06f)
core   0: 0x8000dbe0 (0x00001f17) auipc   t5, 0x1
core   0: 3 0x8000dbe0 (0x00001f17) x30 0x8000ebe0
core   0: 0x8000dbe4 (0x423f2023) sw      gp, 1056(t5)
core   0: 3 0x8000dbe4 (0x423f2023) mem 0x8000f000 0x00000001
core   0: 0x8000dbe8 (0xff9ff06f) j       pc - 0x8
core   0: 3 0x8000dbe8 (0xff9ff06f)
core   0: 0x8000dbe0 (0x00001f17) auipc   t5, 0x1
core   0: 3 0x8000dbe0 (0x00001f17) x30 0x8000ebe0
core   0: 0x8000dbe4 (0x423f2023) sw      gp, 1056(t5)
core   0: 3 0x8000dbe4 (0x423f2023) mem 0x8000f000 0x00000001
core   0: 0x8000dbe8 (0xff9ff06f) j       pc - 0x8
core   0: 3 0x8000dbe8 (0xff9ff06f)
core   0: 0x8000dbe0 (0x00001f17) auipc   t5, 0x1
core   0: 3 0x8000dbe0 (0x00001f17) x30 0x8000ebe0
core   0: 0x8000dbe4 (0x423f2023) sw      gp, 1056(t5)
core   0: 3 0x8000dbe4 (0x423f2023) mem 0x8000f000 0x00000001
core   0: 0x8000dbe8 (0xff9ff06f) j       pc - 0x8
core   0: 3 0x8000dbe8 (0xff9ff06f)
core   0: 0x8000dbe0 (0x00001f17) auipc   t5, 0x1
core   0: 3 0x8000dbe0 (0x00001f17) x30 0x8000ebe0
core   0: 0x8000dbe4 (0x423f2023) sw      gp, 1056(t5)
core   0: 3 0x8000dbe4 (0x423f2023) mem 0x8000f000 0x00000001
core   0: 0x8000dbe8 (0xff9ff06f) j       pc - 0x8
core   0: 3 0x8000dbe8 (0xff9ff06f)
core   0: 0x8000dbe0 (0x00001f17) auipc   t5, 0x1
core   0: 3 0x8000dbe0 (0x00001f17) x30 0x8000ebe0
core   0: 0x8000dbe4 (0x423f2023) sw      gp, 1056(t5)
core   0: 3 0x8000dbe4 (0x423f2023) mem 0x8000f000 0x00000001
core   0: 0x8000dbe8 (0xff9ff06f) j       pc - 0x8
core   0: 3 0x8000dbe8 (0xff9ff06f)
core   0: 0x8000dbe0 (0x00001f17) auipc   t5, 0x1
core   0: 3 0x8000dbe0 (0x00001f17) x30 0x8000ebe0
core   0: 0x8000dbe4 (0x423f2023) sw      gp, 1056(t5)
core   0: 3 0x8000dbe4 (0x423f2023) mem 0x8000f000 0x00000001
core   0: 0x8000dbe8 (0xff9ff06f) j       pc - 0x8
core   0: 3 0x8000dbe8 (0xff9ff06f)
core   0: 0x8000dbe0 (0x00001f17) auipc   t5, 0x1
core   0: 3 0x8000dbe0 (0x00001f17) x30 0x8000ebe0
core   0: 0x8000dbe4 (0x423f2023) sw      gp, 1056(t5)
core   0: 3 0x8000dbe4 (0x423f2023) mem 0x8000f000 0x00000001
core   0: 0x8000dbe8 (0xff9ff06f) j       pc - 0x8
core   0: 3 0x8000dbe8 (0xff9ff06f)
core   0: 0x8000dbe0 (0x00001f17) auipc   t5, 0x1
core   0: 3 0x8000dbe0 (0x00001f17) x30 0x8000ebe0
core   0: 0x8000dbe4 (0x423f2023) sw      gp, 1056(t5)
core   0: 3 0x8000dbe4 (0x423f2023) mem 0x8000f000 0x00000001
core   0: 0x8000dbe8 (0xff9ff06f) j       pc - 0x8
core   0: 3 0x8000dbe8 (0xff9ff06f)
core   0: 0x8000dbe0 (0x00001f17) auipc   t5, 0x1
core   0: 3 0x8000dbe0 (0x00001f17) x30 0x8000ebe0
core   0: 0x8000dbe4 (0x423f2023) sw      gp, 1056(t5)
core   0: 3 0x8000dbe4 (0x423f2023) mem 0x8000f000 0x00000001
core   0: 0x8000dbe8 (0xff9ff06f) j       pc - 0x8
core   0: 3 0x8000dbe8 (0xff9ff06f)
core   0: 0x8000dbe0 (0x00001f17) auipc   t5, 0x1
core   0: 3 0x8000dbe0 (0x00001f17) x30 0x8000ebe0
core   0: 0x8000dbe4 (0x423f2023) sw      gp, 1056(t5)
core   0: 3 0x8000dbe4 (0x423f2023) mem 0x8000f000 0x00000001
core   0: 0x8000dbe8 (0xff9ff06f) j       pc - 0x8
core   0: 3 0x8000dbe8 (0xff9ff06f)
core   0: 0x8000dbe0 (0x00001f17) auipc   t5, 0x1
core   0: 3 0x8000dbe0 (0x00001f17) x30 0x8000ebe0
core   0: 0x8000dbe4 (0x423f2023) sw      gp, 1056(t5)
core   0: 3 0x8000dbe4 (0x423f2023) mem 0x8000f000 0x00000001
core   0: 0x8000dbe8 (0xff9ff06f) j       pc - 0x8
core   0: 3 0x8000dbe8 (0xff9ff06f)
core   0: 0x8000dbe0 (0x00001f17) auipc   t5, 0x1
core   0: 3 0x8000dbe0 (0x00001f17) x30 0x8000ebe0
core   0: 0x8000dbe4 (0x423f2023) sw      gp, 1056(t5)
core   0: 3 0x8000dbe4 (0x423f2023) mem 0x8000f000 0x00000001
core   0: 0x8000dbe8 (0xff9ff06f) j       pc - 0x8
core   0: 3 0x8000dbe8 (0xff9ff06f)
core   0: 0x8000dbe0 (0x00001f17) auipc   t5, 0x1
core   0: 3 0x8000dbe0 (0x00001f17) x30 0x8000ebe0
core   0: 0x8000dbe4 (0x423f2023) sw      gp, 1056(t5)
core   0: 3 0x8000dbe4 (0x423f2023) mem 0x8000f000 0x00000001
core   0: 0x8000dbe8 (0xff9ff06f) j       pc - 0x8
core   0: 3 0x8000dbe8 (0xff9ff06f)
core   0: 0x8000dbe0 (0x00001f17) auipc   t5, 0x1
core   0: 3 0x8000dbe0 (0x00001f17) x30 0x8000ebe0
core   0: 0x8000dbe4 (0x423f2023) sw      gp, 1056(t5)
core   0: 3 0x8000dbe4 (0x423f2023) mem 0x8000f000 0x00000001
core   0: 0x8000dbe8 (0xff9ff06f) j       pc - 0x8
core   0: 3 0x8000dbe8 (0xff9ff06f)
core   0: 0x8000dbe0 (0x00001f17) auipc   t5, 0x1
core   0: 3 0x8000dbe0 (0x00001f17) x30 0x8000ebe0
core   0: 0x8000dbe4 (0x423f2023) sw      gp, 1056(t5)
core   0: 3 0x8000dbe4 (0x423f2023) mem 0x8000f000 0x00000001
core   0: 0x8000dbe8 (0xff9ff06f) j       pc - 0x8
core   0: 3 0x8000dbe8 (0xff9ff06f)
core   0: 0x8000dbe0 (0x00001f17) auipc   t5, 0x1
core   0: 3 0x8000dbe0 (0x00001f17) x30 0x8000ebe0
core   0: 0x8000dbe4 (0x423f2023) sw      gp, 1056(t5)
core   0: 3 0x8000dbe4 (0x423f2023) mem 0x8000f000 0x00000001
core   0: 0x8000dbe8 (0xff9ff06f) j       pc - 0x8
core   0: 3 0x8000dbe8 (0xff9ff06f)
core   0: 0x8000dbe0 (0x00001f17) auipc   t5, 0x1
core   0: 3 0x8000dbe0 (0x00001f17) x30 0x8000ebe0
core   0: 0x8000dbe4 (0x423f2023) sw      gp, 1056(t5)
core   0: 3 0x8000dbe4 (0x423f2023) mem 0x8000f000 0x00000001
core   0: 0x8000dbe8 (0xff9ff06f) j       pc - 0x8
core   0: 3 0x8000dbe8 (0xff9ff06f)
core   0: 0x8000dbe0 (0x00001f17) auipc   t5, 0x1
core   0: 3 0x8000dbe0 (0x00001f17) x30 0x8000ebe0
core   0: 0x8000dbe4 (0x423f2023) sw      gp, 1056(t5)
core   0: 3 0x8000dbe4 (0x423f2023) mem 0x8000f000 0x00000001
core   0: 0x8000dbe8 (0xff9ff06f) j       pc - 0x8
core   0: 3 0x8000dbe8 (0xff9ff06f)
core   0: 0x8000dbe0 (0x00001f17) auipc   t5, 0x1
core   0: 3 0x8000dbe0 (0x00001f17) x30 0x8000ebe0
core   0: 0x8000dbe4 (0x423f2023) sw      gp, 1056(t5)
core   0: 3 0x8000dbe4 (0x423f2023) mem 0x8000f000 0x00000001
core   0: 0x8000dbe8 (0xff9ff06f) j       pc - 0x8
core   0: 3 0x8000dbe8 (0xff9ff06f)
core   0: 0x8000dbe0 (0x00001f17) auipc   t5, 0x1
core   0: 3 0x8000dbe0 (0x00001f17) x30 0x8000ebe0
core   0: 0x8000dbe4 (0x423f2023) sw      gp, 1056(t5)
core   0: 3 0x8000dbe4 (0x423f2023) mem 0x8000f000 0x00000001
core   0: 0x8000dbe8 (0xff9ff06f) j       pc - 0x8
core   0: 3 0x8000dbe8 (0xff9ff06f)
core   0: 0x8000dbe0 (0x00001f17) auipc   t5, 0x1
core   0: 3 0x8000dbe0 (0x00001f17) x30 0x8000ebe0
core   0: 0x8000dbe4 (0x423f2023) sw      gp, 1056(t5)
core   0: 3 0x8000dbe4 (0x423f2023) mem 0x8000f000 0x00000001
core   0: 0x8000dbe8 (0xff9ff06f) j       pc - 0x8
core   0: 3 0x8000dbe8 (0xff9ff06f)
core   0: 0x8000dbe0 (0x00001f17) auipc   t5, 0x1
core   0: 3 0x8000dbe0 (0x00001f17) x30 0x8000ebe0
core   0: 0x8000dbe4 (0x423f2023) sw      gp, 1056(t5)
core   0: 3 0x8000dbe4 (0x423f2023) mem 0x8000f000 0x00000001
core   0: 0x8000dbe8 (0xff9ff06f) j       pc - 0x8
core   0: 3 0x8000dbe8 (0xff9ff06f)
core   0: 0x8000dbe0 (0x00001f17) auipc   t5, 0x1
core   0: 3 0x8000dbe0 (0x00001f17) x30 0x8000ebe0
core   0: 0x8000dbe4 (0x423f2023) sw      gp, 1056(t5)
core   0: 3 0x8000dbe4 (0x423f2023) mem 0x8000f000 0x00000001
core   0: 0x8000dbe8 (0xff9ff06f) j       pc - 0x8
core   0: 3 0x8000dbe8 (0xff9ff06f)
core   0: 0x8000dbe0 (0x00001f17) auipc   t5, 0x1
core   0: 3 0x8000dbe0 (0x00001f17) x30 0x8000ebe0
core   0: 0x8000dbe4 (0x423f2023) sw      gp, 1056(t5)
core   0: 3 0x8000dbe4 (0x423f2023) mem 0x8000f000 0x00000001
core   0: 0x8000dbe8 (0xff9ff06f) j       pc - 0x8
core   0: 3 0x8000dbe8 (0xff9ff06f)
core   0: 0x8000dbe0 (0x00001f17) auipc   t5, 0x1
core   0: 3 0x8000dbe0 (0x00001f17) x30 0x8000ebe0
core   0: 0x8000dbe4 (0x423f2023) sw      gp, 1056(t5)
core   0: 3 0x8000dbe4 (0x423f2023) mem 0x8000f000 0x00000001
core   0: 0x8000dbe8 (0xff9ff06f) j       pc - 0x8
core   0: 3 0x8000dbe8 (0xff9ff06f)
core   0: 0x8000dbe0 (0x00001f17) auipc   t5, 0x1
core   0: 3 0x8000dbe0 (0x00001f17) x30 0x8000ebe0
core   0: 0x8000dbe4 (0x423f2023) sw      gp, 1056(t5)
core   0: 3 0x8000dbe4 (0x423f2023) mem 0x8000f000 0x00000001
core   0: 0x8000dbe8 (0xff9ff06f) j       pc - 0x8
core   0: 3 0x8000dbe8 (0xff9ff06f)
core   0: 0x8000dbe0 (0x00001f17) auipc   t5, 0x1
core   0: 3 0x8000dbe0 (0x00001f17) x30 0x8000ebe0
core   0: 0x8000dbe4 (0x423f2023) sw      gp, 1056(t5)
core   0: 3 0x8000dbe4 (0x423f2023) mem 0x8000f000 0x00000001
core   0: 0x8000dbe8 (0xff9ff06f) j       pc - 0x8
core   0: 3 0x8000dbe8 (0xff9ff06f)
core   0: 0x8000dbe0 (0x00001f17) auipc   t5, 0x1
core   0: 3 0x8000dbe0 (0x00001f17) x30 0x8000ebe0
core   0: 0x8000dbe4 (0x423f2023) sw      gp, 1056(t5)
core   0: 3 0x8000dbe4 (0x423f2023) mem 0x8000f000 0x00000001
core   0: 0x8000dbe8 (0xff9ff06f) j       pc - 0x8
core   0: 3 0x8000dbe8 (0xff9ff06f)
core   0: 0x8000dbe0 (0x00001f17) auipc   t5, 0x1
core   0: 3 0x8000dbe0 (0x00001f17) x30 0x8000ebe0
core   0: 0x8000dbe4 (0x423f2023) sw      gp, 1056(t5)
core   0: 3 0x8000dbe4 (0x423f2023) mem 0x8000f000 0x00000001
core   0: 0x8000dbe8 (0xff9ff06f) j       pc - 0x8
core   0: 3 0x8000dbe8 (0xff9ff06f)
core   0: 0x8000dbe0 (0x00001f17) auipc   t5, 0x1
core   0: 3 0x8000dbe0 (0x00001f17) x30 0x8000ebe0
core   0: 0x8000dbe4 (0x423f2023) sw      gp, 1056(t5)
core   0: 3 0x8000dbe4 (0x423f2023) mem 0x8000f000 0x00000001
core   0: 0x8000dbe8 (0xff9ff06f) j       pc - 0x8
core   0: 3 0x8000dbe8 (0xff9ff06f)
core   0: 0x8000dbe0 (0x00001f17) auipc   t5, 0x1
core   0: 3 0x8000dbe0 (0x00001f17) x30 0x8000ebe0
core   0: 0x8000dbe4 (0x423f2023) sw      gp, 1056(t5)
core   0: 3 0x8000dbe4 (0x423f2023) mem 0x8000f000 0x00000001
core   0: 0x8000dbe8 (0xff9ff06f) j       pc - 0x8
core   0: 3 0x8000dbe8 (0xff9ff06f)
core   0: 0x8000dbe0 (0x00001f17) auipc   t5, 0x1
core   0: 3 0x8000dbe0 (0x00001f17) x30 0x8000ebe0
core   0: 0x8000dbe4 (0x423f2023) sw      gp, 1056(t5)
core   0: 3 0x8000dbe4 (0x423f2023) mem 0x8000f000 0x00000001
core   0: 0x8000dbe8 (0xff9ff06f) j       pc - 0x8
core   0: 3 0x8000dbe8 (0xff9ff06f)
core   0: 0x8000dbe0 (0x00001f17) auipc   t5, 0x1
core   0: 3 0x8000dbe0 (0x00001f17) x30 0x8000ebe0
core   0: 0x8000dbe4 (0x423f2023) sw      gp, 1056(t5)
core   0: 3 0x8000dbe4 (0x423f2023) mem 0x8000f000 0x00000001
core   0: 0x8000dbe8 (0xff9ff06f) j       pc - 0x8
core   0: 3 0x8000dbe8 (0xff9ff06f)
core   0: 0x8000dbe0 (0x00001f17) auipc   t5, 0x1
core   0: 3 0x8000dbe0 (0x00001f17) x30 0x8000ebe0
core   0: 0x8000dbe4 (0x423f2023) sw      gp, 1056(t5)
core   0: 3 0x8000dbe4 (0x423f2023) mem 0x8000f000 0x00000001
core   0: 0x8000dbe8 (0xff9ff06f) j       pc - 0x8
core   0: 3 0x8000dbe8 (0xff9ff06f)
core   0: 0x8000dbe0 (0x00001f17) auipc   t5, 0x1
core   0: 3 0x8000dbe0 (0x00001f17) x30 0x8000ebe0
core   0: 0x8000dbe4 (0x423f2023) sw      gp, 1056(t5)
core   0: 3 0x8000dbe4 (0x423f2023) mem 0x8000f000 0x00000001
core   0: 0x8000dbe8 (0xff9ff06f) j       pc - 0x8
core   0: 3 0x8000dbe8 (0xff9ff06f)
core   0: 0x8000dbe0 (0x00001f17) auipc   t5, 0x1
core   0: 3 0x8000dbe0 (0x00001f17) x30 0x8000ebe0
core   0: 0x8000dbe4 (0x423f2023) sw      gp, 1056(t5)
core   0: 3 0x8000dbe4 (0x423f2023) mem 0x8000f000 0x00000001
core   0: 0x8000dbe8 (0xff9ff06f) j       pc - 0x8
core   0: 3 0x8000dbe8 (0xff9ff06f)
core   0: 0x8000dbe0 (0x00001f17) auipc   t5, 0x1
core   0: 3 0x8000dbe0 (0x00001f17) x30 0x8000ebe0
core   0: 0x8000dbe4 (0x423f2023) sw      gp, 1056(t5)
core   0: 3 0x8000dbe4 (0x423f2023) mem 0x8000f000 0x00000001
core   0: 0x8000dbe8 (0xff9ff06f) j       pc - 0x8
core   0: 3 0x8000dbe8 (0xff9ff06f)
core   0: 0x8000dbe0 (0x00001f17) auipc   t5, 0x1
core   0: 3 0x8000dbe0 (0x00001f17) x30 0x8000ebe0
core   0: 0x8000dbe4 (0x423f2023) sw      gp, 1056(t5)
core   0: 3 0x8000dbe4 (0x423f2023) mem 0x8000f000 0x00000001
core   0: 0x8000dbe8 (0xff9ff06f) j       pc - 0x8
core   0: 3 0x8000dbe8 (0xff9ff06f)
core   0: 0x8000dbe0 (0x00001f17) auipc   t5, 0x1
core   0: 3 0x8000dbe0 (0x00001f17) x30 0x8000ebe0
core   0: 0x8000dbe4 (0x423f2023) sw      gp, 1056(t5)
core   0: 3 0x8000dbe4 (0x423f2023) mem 0x8000f000 0x00000001
core   0: 0x8000dbe8 (0xff9ff06f) j       pc - 0x8
core   0: 3 0x8000dbe8 (0xff9ff06f)
core   0: 0x8000dbe0 (0x00001f17) auipc   t5, 0x1
core   0: 3 0x8000dbe0 (0x00001f17) x30 0x8000ebe0
core   0: 0x8000dbe4 (0x423f2023) sw      gp, 1056(t5)
core   0: 3 0x8000dbe4 (0x423f2023) mem 0x8000f000 0x00000001
core   0: 0x8000dbe8 (0xff9ff06f) j       pc - 0x8
core   0: 3 0x8000dbe8 (0xff9ff06f)
core   0: 0x8000dbe0 (0x00001f17) auipc   t5, 0x1
core   0: 3 0x8000dbe0 (0x00001f17) x30 0x8000ebe0
core   0: 0x8000dbe4 (0x423f2023) sw      gp, 1056(t5)
core   0: 3 0x8000dbe4 (0x423f2023) mem 0x8000f000 0x00000001
core   0: 0x8000dbe8 (0xff9ff06f) j       pc - 0x8
core   0: 3 0x8000dbe8 (0xff9ff06f)
core   0: 0x8000dbe0 (0x00001f17) auipc   t5, 0x1
core   0: 3 0x8000dbe0 (0x00001f17) x30 0x8000ebe0
core   0: 0x8000dbe4 (0x423f2023) sw      gp, 1056(t5)
core   0: 3 0x8000dbe4 (0x423f2023) mem 0x8000f000 0x00000001
core   0: 0x8000dbe8 (0xff9ff06f) j       pc - 0x8
core   0: 3 0x8000dbe8 (0xff9ff06f)
core   0: 0x8000dbe0 (0x00001f17) auipc   t5, 0x1
core   0: 3 0x8000dbe0 (0x00001f17) x30 0x8000ebe0
core   0: 0x8000dbe4 (0x423f2023) sw      gp, 1056(t5)
core   0: 3 0x8000dbe4 (0x423f2023) mem 0x8000f000 0x00000001
core   0: 0x8000dbe8 (0xff9ff06f) j       pc - 0x8
core   0: 3 0x8000dbe8 (0xff9ff06f)
core   0: 0x8000dbe0 (0x00001f17) auipc   t5, 0x1
core   0: 3 0x8000dbe0 (0x00001f17) x30 0x8000ebe0
core   0: 0x8000dbe4 (0x423f2023) sw      gp, 1056(t5)
core   0: 3 0x8000dbe4 (0x423f2023) mem 0x8000f000 0x00000001
core   0: 0x8000dbe8 (0xff9ff06f) j       pc - 0x8
core   0: 3 0x8000dbe8 (0xff9ff06f)
core   0: 0x8000dbe0 (0x00001f17) auipc   t5, 0x1
core   0: 3 0x8000dbe0 (0x00001f17) x30 0x8000ebe0
core   0: 0x8000dbe4 (0x423f2023) sw      gp, 1056(t5)
core   0: 3 0x8000dbe4 (0x423f2023) mem 0x8000f000 0x00000001
core   0: 0x8000dbe8 (0xff9ff06f) j       pc - 0x8
core   0: 3 0x8000dbe8 (0xff9ff06f)
core   0: 0x8000dbe0 (0x00001f17) auipc   t5, 0x1
core   0: 3 0x8000dbe0 (0x00001f17) x30 0x8000ebe0
core   0: 0x8000dbe4 (0x423f2023) sw      gp, 1056(t5)
core   0: 3 0x8000dbe4 (0x423f2023) mem 0x8000f000 0x00000001
core   0: 0x8000dbe8 (0xff9ff06f) j       pc - 0x8
core   0: 3 0x8000dbe8 (0xff9ff06f)
core   0: 0x8000dbe0 (0x00001f17) auipc   t5, 0x1
core   0: 3 0x8000dbe0 (0x00001f17) x30 0x8000ebe0
core   0: 0x8000dbe4 (0x423f2023) sw      gp, 1056(t5)
core   0: 3 0x8000dbe4 (0x423f2023) mem 0x8000f000 0x00000001
core   0: 0x8000dbe8 (0xff9ff06f) j       pc - 0x8
core   0: 3 0x8000dbe8 (0xff9ff06f)
core   0: 0x8000dbe0 (0x00001f17) auipc   t5, 0x1
core   0: 3 0x8000dbe0 (0x00001f17) x30 0x8000ebe0
core   0: 0x8000dbe4 (0x423f2023) sw      gp, 1056(t5)
core   0: 3 0x8000dbe4 (0x423f2023) mem 0x8000f000 0x00000001
core   0: 0x8000dbe8 (0xff9ff06f) j       pc - 0x8
core   0: 3 0x8000dbe8 (0xff9ff06f)
core   0: 0x8000dbe0 (0x00001f17) auipc   t5, 0x1
core   0: 3 0x8000dbe0 (0x00001f17) x30 0x8000ebe0
core   0: 0x8000dbe4 (0x423f2023) sw      gp, 1056(t5)
core   0: 3 0x8000dbe4 (0x423f2023) mem 0x8000f000 0x00000001
core   0: 0x8000dbe8 (0xff9ff06f) j       pc - 0x8
core   0: 3 0x8000dbe8 (0xff9ff06f)
core   0: 0x8000dbe0 (0x00001f17) auipc   t5, 0x1
core   0: 3 0x8000dbe0 (0x00001f17) x30 0x8000ebe0
core   0: 0x8000dbe4 (0x423f2023) sw      gp, 1056(t5)
core   0: 3 0x8000dbe4 (0x423f2023) mem 0x8000f000 0x00000001
core   0: 0x8000dbe8 (0xff9ff06f) j       pc - 0x8
core   0: 3 0x8000dbe8 (0xff9ff06f)
core   0: 0x8000dbe0 (0x00001f17) auipc   t5, 0x1
core   0: 3 0x8000dbe0 (0x00001f17) x30 0x8000ebe0
core   0: 0x8000dbe4 (0x423f2023) sw      gp, 1056(t5)
core   0: 3 0x8000dbe4 (0x423f2023) mem 0x8000f000 0x00000001
core   0: 0x8000dbe8 (0xff9ff06f) j       pc - 0x8
core   0: 3 0x8000dbe8 (0xff9ff06f)
core   0: 0x8000dbe0 (0x00001f17) auipc   t5, 0x1
core   0: 3 0x8000dbe0 (0x00001f17) x30 0x8000ebe0
core   0: 0x8000dbe4 (0x423f2023) sw      gp, 1056(t5)
core   0: 3 0x8000dbe4 (0x423f2023) mem 0x8000f000 0x00000001
core   0: 0x8000dbe8 (0xff9ff06f) j       pc - 0x8
core   0: 3 0x8000dbe8 (0xff9ff06f)
core   0: 0x8000dbe0 (0x00001f17) auipc   t5, 0x1
core   0: 3 0x8000dbe0 (0x00001f17) x30 0x8000ebe0
core   0: 0x8000dbe4 (0x423f2023) sw      gp, 1056(t5)
core   0: 3 0x8000dbe4 (0x423f2023) mem 0x8000f000 0x00000001
core   0: 0x8000dbe8 (0xff9ff06f) j       pc - 0x8
core   0: 3 0x8000dbe8 (0xff9ff06f)
core   0: 0x8000dbe0 (0x00001f17) auipc   t5, 0x1
core   0: 3 0x8000dbe0 (0x00001f17) x30 0x8000ebe0
core   0: 0x8000dbe4 (0x423f2023) sw      gp, 1056(t5)
core   0: 3 0x8000dbe4 (0x423f2023) mem 0x8000f000 0x00000001
core   0: 0x8000dbe8 (0xff9ff06f) j       pc - 0x8
core   0: 3 0x8000dbe8 (0xff9ff06f)
core   0: 0x8000dbe0 (0x00001f17) auipc   t5, 0x1
core   0: 3 0x8000dbe0 (0x00001f17) x30 0x8000ebe0
core   0: 0x8000dbe4 (0x423f2023) sw      gp, 1056(t5)
core   0: 3 0x8000dbe4 (0x423f2023) mem 0x8000f000 0x00000001
core   0: 0x8000dbe8 (0xff9ff06f) j       pc - 0x8
core   0: 3 0x8000dbe8 (0xff9ff06f)
core   0: 0x8000dbe0 (0x00001f17) auipc   t5, 0x1
core   0: 3 0x8000dbe0 (0x00001f17) x30 0x8000ebe0
core   0: 0x8000dbe4 (0x423f2023) sw      gp, 1056(t5)
core   0: 3 0x8000dbe4 (0x423f2023) mem 0x8000f000 0x00000001
core   0: 0x8000dbe8 (0xff9ff06f) j       pc - 0x8
core   0: 3 0x8000dbe8 (0xff9ff06f)
core   0: 0x8000dbe0 (0x00001f17) auipc   t5, 0x1
core   0: 3 0x8000dbe0 (0x00001f17) x30 0x8000ebe0
core   0: 0x8000dbe4 (0x423f2023) sw      gp, 1056(t5)
core   0: 3 0x8000dbe4 (0x423f2023) mem 0x8000f000 0x00000001
core   0: 0x8000dbe8 (0xff9ff06f) j       pc - 0x8
core   0: 3 0x8000dbe8 (0xff9ff06f)
core   0: 0x8000dbe0 (0x00001f17) auipc   t5, 0x1
core   0: 3 0x8000dbe0 (0x00001f17) x30 0x8000ebe0
core   0: 0x8000dbe4 (0x423f2023) sw      gp, 1056(t5)
core   0: 3 0x8000dbe4 (0x423f2023) mem 0x8000f000 0x00000001
core   0: 0x8000dbe8 (0xff9ff06f) j       pc - 0x8
core   0: 3 0x8000dbe8 (0xff9ff06f)
core   0: 0x8000dbe0 (0x00001f17) auipc   t5, 0x1
core   0: 3 0x8000dbe0 (0x00001f17) x30 0x8000ebe0
core   0: 0x8000dbe4 (0x423f2023) sw      gp, 1056(t5)
core   0: 3 0x8000dbe4 (0x423f2023) mem 0x8000f000 0x00000001
core   0: 0x8000dbe8 (0xff9ff06f) j       pc - 0x8
core   0: 3 0x8000dbe8 (0xff9ff06f)
core   0: 0x8000dbe0 (0x00001f17) auipc   t5, 0x1
core   0: 3 0x8000dbe0 (0x00001f17) x30 0x8000ebe0
core   0: 0x8000dbe4 (0x423f2023) sw      gp, 1056(t5)
core   0: 3 0x8000dbe4 (0x423f2023) mem 0x8000f000 0x00000001
core   0: 0x8000dbe8 (0xff9ff06f) j       pc - 0x8
core   0: 3 0x8000dbe8 (0xff9ff06f)
core   0: 0x8000dbe0 (0x00001f17) auipc   t5, 0x1
core   0: 3 0x8000dbe0 (0x00001f17) x30 0x8000ebe0
core   0: 0x8000dbe4 (0x423f2023) sw      gp, 1056(t5)
core   0: 3 0x8000dbe4 (0x423f2023) mem 0x8000f000 0x00000001
core   0: 0x8000dbe8 (0xff9ff06f) j       pc - 0x8
core   0: 3 0x8000dbe8 (0xff9ff06f)
core   0: 0x8000dbe0 (0x00001f17) auipc   t5, 0x1
core   0: 3 0x8000dbe0 (0x00001f17) x30 0x8000ebe0
core   0: 0x8000dbe4 (0x423f2023) sw      gp, 1056(t5)
core   0: 3 0x8000dbe4 (0x423f2023) mem 0x8000f000 0x00000001
core   0: 0x8000dbe8 (0xff9ff06f) j       pc - 0x8
core   0: 3 0x8000dbe8 (0xff9ff06f)
core   0: 0x8000dbe0 (0x00001f17) auipc   t5, 0x1
core   0: 3 0x8000dbe0 (0x00001f17) x30 0x8000ebe0
core   0: 0x8000dbe4 (0x423f2023) sw      gp, 1056(t5)
core   0: 3 0x8000dbe4 (0x423f2023) mem 0x8000f000 0x00000001
core   0: 0x8000dbe8 (0xff9ff06f) j       pc - 0x8
core   0: 3 0x8000dbe8 (0xff9ff06f)
core   0: 0x8000dbe0 (0x00001f17) auipc   t5, 0x1
core   0: 3 0x8000dbe0 (0x00001f17) x30 0x8000ebe0
core   0: 0x8000dbe4 (0x423f2023) sw      gp, 1056(t5)
core   0: 3 0x8000dbe4 (0x423f2023) mem 0x8000f000 0x00000001
core   0: 0x8000dbe8 (0xff9ff06f) j       pc - 0x8
core   0: 3 0x8000dbe8 (0xff9ff06f)
core   0: 0x8000dbe0 (0x00001f17) auipc   t5, 0x1
core   0: 3 0x8000dbe0 (0x00001f17) x30 0x8000ebe0
core   0: 0x8000dbe4 (0x423f2023) sw      gp, 1056(t5)
core   0: 3 0x8000dbe4 (0x423f2023) mem 0x8000f000 0x00000001
core   0: 0x8000dbe8 (0xff9ff06f) j       pc - 0x8
core   0: 3 0x8000dbe8 (0xff9ff06f)
core   0: 0x8000dbe0 (0x00001f17) auipc   t5, 0x1
core   0: 3 0x8000dbe0 (0x00001f17) x30 0x8000ebe0
core   0: 0x8000dbe4 (0x423f2023) sw      gp, 1056(t5)
core   0: 3 0x8000dbe4 (0x423f2023) mem 0x8000f000 0x00000001
core   0: 0x8000dbe8 (0xff9ff06f) j       pc - 0x8
core   0: 3 0x8000dbe8 (0xff9ff06f)
core   0: 0x8000dbe0 (0x00001f17) auipc   t5, 0x1
core   0: 3 0x8000dbe0 (0x00001f17) x30 0x8000ebe0
core   0: 0x8000dbe4 (0x423f2023) sw      gp, 1056(t5)
core   0: 3 0x8000dbe4 (0x423f2023) mem 0x8000f000 0x00000001
core   0: 0x8000dbe8 (0xff9ff06f) j       pc - 0x8
core   0: 3 0x8000dbe8 (0xff9ff06f)
core   0: 0x8000dbe0 (0x00001f17) auipc   t5, 0x1
core   0: 3 0x8000dbe0 (0x00001f17) x30 0x8000ebe0
core   0: 0x8000dbe4 (0x423f2023) sw      gp, 1056(t5)
core   0: 3 0x8000dbe4 (0x423f2023) mem 0x8000f000 0x00000001
core   0: 0x8000dbe8 (0xff9ff06f) j       pc - 0x8
core   0: 3 0x8000dbe8 (0xff9ff06f)
core   0: 0x8000dbe0 (0x00001f17) auipc   t5, 0x1
core   0: 3 0x8000dbe0 (0x00001f17) x30 0x8000ebe0
core   0: 0x8000dbe4 (0x423f2023) sw      gp, 1056(t5)
core   0: 3 0x8000dbe4 (0x423f2023) mem 0x8000f000 0x00000001
core   0: 0x8000dbe8 (0xff9ff06f) j       pc - 0x8
core   0: 3 0x8000dbe8 (0xff9ff06f)
core   0: 0x8000dbe0 (0x00001f17) auipc   t5, 0x1
core   0: 3 0x8000dbe0 (0x00001f17) x30 0x8000ebe0
core   0: 0x8000dbe4 (0x423f2023) sw      gp, 1056(t5)
core   0: 3 0x8000dbe4 (0x423f2023) mem 0x8000f000 0x00000001
core   0: 0x8000dbe8 (0xff9ff06f) j       pc - 0x8
core   0: 3 0x8000dbe8 (0xff9ff06f)
core   0: 0x8000dbe0 (0x00001f17) auipc   t5, 0x1
core   0: 3 0x8000dbe0 (0x00001f17) x30 0x8000ebe0
core   0: 0x8000dbe4 (0x423f2023) sw      gp, 1056(t5)
core   0: 3 0x8000dbe4 (0x423f2023) mem 0x8000f000 0x00000001
core   0: 0x8000dbe8 (0xff9ff06f) j       pc - 0x8
core   0: 3 0x8000dbe8 (0xff9ff06f)
core   0: 0x8000dbe0 (0x00001f17) auipc   t5, 0x1
core   0: 3 0x8000dbe0 (0x00001f17) x30 0x8000ebe0
core   0: 0x8000dbe4 (0x423f2023) sw      gp, 1056(t5)
core   0: 3 0x8000dbe4 (0x423f2023) mem 0x8000f000 0x00000001
core   0: 0x8000dbe8 (0xff9ff06f) j       pc - 0x8
core   0: 3 0x8000dbe8 (0xff9ff06f)
core   0: 0x8000dbe0 (0x00001f17) auipc   t5, 0x1
core   0: 3 0x8000dbe0 (0x00001f17) x30 0x8000ebe0
core   0: 0x8000dbe4 (0x423f2023) sw      gp, 1056(t5)
core   0: 3 0x8000dbe4 (0x423f2023) mem 0x8000f000 0x00000001
core   0: 0x8000dbe8 (0xff9ff06f) j       pc - 0x8
core   0: 3 0x8000dbe8 (0xff9ff06f)
core   0: 0x8000dbe0 (0x00001f17) auipc   t5, 0x1
core   0: 3 0x8000dbe0 (0x00001f17) x30 0x8000ebe0
core   0: 0x8000dbe4 (0x423f2023) sw      gp, 1056(t5)
core   0: 3 0x8000dbe4 (0x423f2023) mem 0x8000f000 0x00000001
core   0: 0x8000dbe8 (0xff9ff06f) j       pc - 0x8
core   0: 3 0x8000dbe8 (0xff9ff06f)
core   0: 0x8000dbe0 (0x00001f17) auipc   t5, 0x1
core   0: 3 0x8000dbe0 (0x00001f17) x30 0x8000ebe0
core   0: 0x8000dbe4 (0x423f2023) sw      gp, 1056(t5)
core   0: 3 0x8000dbe4 (0x423f2023) mem 0x8000f000 0x00000001
core   0: 0x8000dbe8 (0xff9ff06f) j       pc - 0x8
core   0: 3 0x8000dbe8 (0xff9ff06f)
core   0: 0x8000dbe0 (0x00001f17) auipc   t5, 0x1
core   0: 3 0x8000dbe0 (0x00001f17) x30 0x8000ebe0
core   0: 0x8000dbe4 (0x423f2023) sw      gp, 1056(t5)
core   0: 3 0x8000dbe4 (0x423f2023) mem 0x8000f000 0x00000001
core   0: 0x8000dbe8 (0xff9ff06f) j       pc - 0x8
core   0: 3 0x8000dbe8 (0xff9ff06f)
core   0: 0x8000dbe0 (0x00001f17) auipc   t5, 0x1
core   0: 3 0x8000dbe0 (0x00001f17) x30 0x8000ebe0
core   0: 0x8000dbe4 (0x423f2023) sw      gp, 1056(t5)
core   0: 3 0x8000dbe4 (0x423f2023) mem 0x8000f000 0x00000001
core   0: 0x8000dbe8 (0xff9ff06f) j       pc - 0x8
core   0: 3 0x8000dbe8 (0xff9ff06f)
core   0: 0x8000dbe0 (0x00001f17) auipc   t5, 0x1
core   0: 3 0x8000dbe0 (0x00001f17) x30 0x8000ebe0
core   0: 0x8000dbe4 (0x423f2023) sw      gp, 1056(t5)
core   0: 3 0x8000dbe4 (0x423f2023) mem 0x8000f000 0x00000001
core   0: 0x8000dbe8 (0xff9ff06f) j       pc - 0x8
core   0: 3 0x8000dbe8 (0xff9ff06f)
core   0: 0x8000dbe0 (0x00001f17) auipc   t5, 0x1
core   0: 3 0x8000dbe0 (0x00001f17) x30 0x8000ebe0
core   0: 0x8000dbe4 (0x423f2023) sw      gp, 1056(t5)
core   0: 3 0x8000dbe4 (0x423f2023) mem 0x8000f000 0x00000001
core   0: 0x8000dbe8 (0xff9ff06f) j       pc - 0x8
core   0: 3 0x8000dbe8 (0xff9ff06f)
core   0: 0x8000dbe0 (0x00001f17) auipc   t5, 0x1
core   0: 3 0x8000dbe0 (0x00001f17) x30 0x8000ebe0
core   0: 0x8000dbe4 (0x423f2023) sw      gp, 1056(t5)
core   0: 3 0x8000dbe4 (0x423f2023) mem 0x8000f000 0x00000001
core   0: 0x8000dbe8 (0xff9ff06f) j       pc - 0x8
core   0: 3 0x8000dbe8 (0xff9ff06f)
core   0: 0x8000dbe0 (0x00001f17) auipc   t5, 0x1
core   0: 3 0x8000dbe0 (0x00001f17) x30 0x8000ebe0
core   0: 0x8000dbe4 (0x423f2023) sw      gp, 1056(t5)
core   0: 3 0x8000dbe4 (0x423f2023) mem 0x8000f000 0x00000001
core   0: 0x8000dbe8 (0xff9ff06f) j       pc - 0x8
core   0: 3 0x8000dbe8 (0xff9ff06f)
core   0: 0x8000dbe0 (0x00001f17) auipc   t5, 0x1
core   0: 3 0x8000dbe0 (0x00001f17) x30 0x8000ebe0
core   0: 0x8000dbe4 (0x423f2023) sw      gp, 1056(t5)
core   0: 3 0x8000dbe4 (0x423f2023) mem 0x8000f000 0x00000001
core   0: 0x8000dbe8 (0xff9ff06f) j       pc - 0x8
core   0: 3 0x8000dbe8 (0xff9ff06f)
core   0: 0x8000dbe0 (0x00001f17) auipc   t5, 0x1
core   0: 3 0x8000dbe0 (0x00001f17) x30 0x8000ebe0
core   0: 0x8000dbe4 (0x423f2023) sw      gp, 1056(t5)
core   0: 3 0x8000dbe4 (0x423f2023) mem 0x8000f000 0x00000001
core   0: 0x8000dbe8 (0xff9ff06f) j       pc - 0x8
core   0: 3 0x8000dbe8 (0xff9ff06f)
core   0: 0x8000dbe0 (0x00001f17) auipc   t5, 0x1
core   0: 3 0x8000dbe0 (0x00001f17) x30 0x8000ebe0
core   0: 0x8000dbe4 (0x423f2023) sw      gp, 1056(t5)
core   0: 3 0x8000dbe4 (0x423f2023) mem 0x8000f000 0x00000001
core   0: 0x8000dbe8 (0xff9ff06f) j       pc - 0x8
core   0: 3 0x8000dbe8 (0xff9ff06f)
core   0: 0x8000dbe0 (0x00001f17) auipc   t5, 0x1
core   0: 3 0x8000dbe0 (0x00001f17) x30 0x8000ebe0
core   0: 0x8000dbe4 (0x423f2023) sw      gp, 1056(t5)
core   0: 3 0x8000dbe4 (0x423f2023) mem 0x8000f000 0x00000001
core   0: 0x8000dbe8 (0xff9ff06f) j       pc - 0x8
core   0: 3 0x8000dbe8 (0xff9ff06f)
core   0: 0x8000dbe0 (0x00001f17) auipc   t5, 0x1
core   0: 3 0x8000dbe0 (0x00001f17) x30 0x8000ebe0
core   0: 0x8000dbe4 (0x423f2023) sw      gp, 1056(t5)
core   0: 3 0x8000dbe4 (0x423f2023) mem 0x8000f000 0x00000001
core   0: 0x8000dbe8 (0xff9ff06f) j       pc - 0x8
core   0: 3 0x8000dbe8 (0xff9ff06f)
core   0: 0x8000dbe0 (0x00001f17) auipc   t5, 0x1
core   0: 3 0x8000dbe0 (0x00001f17) x30 0x8000ebe0
core   0: 0x8000dbe4 (0x423f2023) sw      gp, 1056(t5)
core   0: 3 0x8000dbe4 (0x423f2023) mem 0x8000f000 0x00000001
core   0: 0x8000dbe8 (0xff9ff06f) j       pc - 0x8
core   0: 3 0x8000dbe8 (0xff9ff06f)
core   0: 0x8000dbe0 (0x00001f17) auipc   t5, 0x1
core   0: 3 0x8000dbe0 (0x00001f17) x30 0x8000ebe0
core   0: 0x8000dbe4 (0x423f2023) sw      gp, 1056(t5)
core   0: 3 0x8000dbe4 (0x423f2023) mem 0x8000f000 0x00000001
core   0: 0x8000dbe8 (0xff9ff06f) j       pc - 0x8
core   0: 3 0x8000dbe8 (0xff9ff06f)
core   0: 0x8000dbe0 (0x00001f17) auipc   t5, 0x1
core   0: 3 0x8000dbe0 (0x00001f17) x30 0x8000ebe0
core   0: 0x8000dbe4 (0x423f2023) sw      gp, 1056(t5)
core   0: 3 0x8000dbe4 (0x423f2023) mem 0x8000f000 0x00000001
core   0: 0x8000dbe8 (0xff9ff06f) j       pc - 0x8
core   0: 3 0x8000dbe8 (0xff9ff06f)
core   0: 0x8000dbe0 (0x00001f17) auipc   t5, 0x1
core   0: 3 0x8000dbe0 (0x00001f17) x30 0x8000ebe0
core   0: 0x8000dbe4 (0x423f2023) sw      gp, 1056(t5)
core   0: 3 0x8000dbe4 (0x423f2023) mem 0x8000f000 0x00000001
core   0: 0x8000dbe8 (0xff9ff06f) j       pc - 0x8
core   0: 3 0x8000dbe8 (0xff9ff06f)
core   0: 0x8000dbe0 (0x00001f17) auipc   t5, 0x1
core   0: 3 0x8000dbe0 (0x00001f17) x30 0x8000ebe0
core   0: 0x8000dbe4 (0x423f2023) sw      gp, 1056(t5)
core   0: 3 0x8000dbe4 (0x423f2023) mem 0x8000f000 0x00000001
core   0: 0x8000dbe8 (0xff9ff06f) j       pc - 0x8
core   0: 3 0x8000dbe8 (0xff9ff06f)
core   0: 0x8000dbe0 (0x00001f17) auipc   t5, 0x1
core   0: 3 0x8000dbe0 (0x00001f17) x30 0x8000ebe0
core   0: 0x8000dbe4 (0x423f2023) sw      gp, 1056(t5)
core   0: 3 0x8000dbe4 (0x423f2023) mem 0x8000f000 0x00000001
core   0: 0x8000dbe8 (0xff9ff06f) j       pc - 0x8
core   0: 3 0x8000dbe8 (0xff9ff06f)
core   0: 0x8000dbe0 (0x00001f17) auipc   t5, 0x1
core   0: 3 0x8000dbe0 (0x00001f17) x30 0x8000ebe0
core   0: 0x8000dbe4 (0x423f2023) sw      gp, 1056(t5)
core   0: 3 0x8000dbe4 (0x423f2023) mem 0x8000f000 0x00000001
core   0: 0x8000dbe8 (0xff9ff06f) j       pc - 0x8
core   0: 3 0x8000dbe8 (0xff9ff06f)
core   0: 0x8000dbe0 (0x00001f17) auipc   t5, 0x1
core   0: 3 0x8000dbe0 (0x00001f17) x30 0x8000ebe0
core   0: 0x8000dbe4 (0x423f2023) sw      gp, 1056(t5)
core   0: 3 0x8000dbe4 (0x423f2023) mem 0x8000f000 0x00000001
core   0: 0x8000dbe8 (0xff9ff06f) j       pc - 0x8
core   0: 3 0x8000dbe8 (0xff9ff06f)
core   0: 0x8000dbe0 (0x00001f17) auipc   t5, 0x1
core   0: 3 0x8000dbe0 (0x00001f17) x30 0x8000ebe0
core   0: 0x8000dbe4 (0x423f2023) sw      gp, 1056(t5)
core   0: 3 0x8000dbe4 (0x423f2023) mem 0x8000f000 0x00000001
core   0: 0x8000dbe8 (0xff9ff06f) j       pc - 0x8
core   0: 3 0x8000dbe8 (0xff9ff06f)
core   0: 0x8000dbe0 (0x00001f17) auipc   t5, 0x1
core   0: 3 0x8000dbe0 (0x00001f17) x30 0x8000ebe0
core   0: 0x8000dbe4 (0x423f2023) sw      gp, 1056(t5)
core   0: 3 0x8000dbe4 (0x423f2023) mem 0x8000f000 0x00000001
core   0: 0x8000dbe8 (0xff9ff06f) j       pc - 0x8
core   0: 3 0x8000dbe8 (0xff9ff06f)
core   0: 0x8000dbe0 (0x00001f17) auipc   t5, 0x1
core   0: 3 0x8000dbe0 (0x00001f17) x30 0x8000ebe0
core   0: 0x8000dbe4 (0x423f2023) sw      gp, 1056(t5)
core   0: 3 0x8000dbe4 (0x423f2023) mem 0x8000f000 0x00000001
core   0: 0x8000dbe8 (0xff9ff06f) j       pc - 0x8
core   0: 3 0x8000dbe8 (0xff9ff06f)
core   0: 0x8000dbe0 (0x00001f17) auipc   t5, 0x1
core   0: 3 0x8000dbe0 (0x00001f17) x30 0x8000ebe0
core   0: 0x8000dbe4 (0x423f2023) sw      gp, 1056(t5)
core   0: 3 0x8000dbe4 (0x423f2023) mem 0x8000f000 0x00000001
core   0: 0x8000dbe8 (0xff9ff06f) j       pc - 0x8
core   0: 3 0x8000dbe8 (0xff9ff06f)
core   0: 0x8000dbe0 (0x00001f17) auipc   t5, 0x1
core   0: 3 0x8000dbe0 (0x00001f17) x30 0x8000ebe0
core   0: 0x8000dbe4 (0x423f2023) sw      gp, 1056(t5)
core   0: 3 0x8000dbe4 (0x423f2023) mem 0x8000f000 0x00000001
core   0: 0x8000dbe8 (0xff9ff06f) j       pc - 0x8
core   0: 3 0x8000dbe8 (0xff9ff06f)
core   0: 0x8000dbe0 (0x00001f17) auipc   t5, 0x1
core   0: 3 0x8000dbe0 (0x00001f17) x30 0x8000ebe0
core   0: 0x8000dbe4 (0x423f2023) sw      gp, 1056(t5)
core   0: 3 0x8000dbe4 (0x423f2023) mem 0x8000f000 0x00000001
core   0: 0x8000dbe8 (0xff9ff06f) j       pc - 0x8
core   0: 3 0x8000dbe8 (0xff9ff06f)
core   0: 0x8000dbe0 (0x00001f17) auipc   t5, 0x1
core   0: 3 0x8000dbe0 (0x00001f17) x30 0x8000ebe0
core   0: 0x8000dbe4 (0x423f2023) sw      gp, 1056(t5)
core   0: 3 0x8000dbe4 (0x423f2023) mem 0x8000f000 0x00000001
core   0: 0x8000dbe8 (0xff9ff06f) j       pc - 0x8
core   0: 3 0x8000dbe8 (0xff9ff06f)
core   0: 0x8000dbe0 (0x00001f17) auipc   t5, 0x1
core   0: 3 0x8000dbe0 (0x00001f17) x30 0x8000ebe0
core   0: 0x8000dbe4 (0x423f2023) sw      gp, 1056(t5)
core   0: 3 0x8000dbe4 (0x423f2023) mem 0x8000f000 0x00000001
core   0: 0x8000dbe8 (0xff9ff06f) j       pc - 0x8
core   0: 3 0x8000dbe8 (0xff9ff06f)
core   0: 0x8000dbe0 (0x00001f17) auipc   t5, 0x1
core   0: 3 0x8000dbe0 (0x00001f17) x30 0x8000ebe0
core   0: 0x8000dbe4 (0x423f2023) sw      gp, 1056(t5)
core   0: 3 0x8000dbe4 (0x423f2023) mem 0x8000f000 0x00000001
core   0: 0x8000dbe8 (0xff9ff06f) j       pc - 0x8
core   0: 3 0x8000dbe8 (0xff9ff06f)
core   0: 0x8000dbe0 (0x00001f17) auipc   t5, 0x1
core   0: 3 0x8000dbe0 (0x00001f17) x30 0x8000ebe0
core   0: 0x8000dbe4 (0x423f2023) sw      gp, 1056(t5)
core   0: 3 0x8000dbe4 (0x423f2023) mem 0x8000f000 0x00000001
core   0: 0x8000dbe8 (0xff9ff06f) j       pc - 0x8
core   0: 3 0x8000dbe8 (0xff9ff06f)
core   0: 0x8000dbe0 (0x00001f17) auipc   t5, 0x1
core   0: 3 0x8000dbe0 (0x00001f17) x30 0x8000ebe0
core   0: 0x8000dbe4 (0x423f2023) sw      gp, 1056(t5)
core   0: 3 0x8000dbe4 (0x423f2023) mem 0x8000f000 0x00000001
core   0: 0x8000dbe8 (0xff9ff06f) j       pc - 0x8
core   0: 3 0x8000dbe8 (0xff9ff06f)
core   0: 0x8000dbe0 (0x00001f17) auipc   t5, 0x1
core   0: 3 0x8000dbe0 (0x00001f17) x30 0x8000ebe0
core   0: 0x8000dbe4 (0x423f2023) sw      gp, 1056(t5)
core   0: 3 0x8000dbe4 (0x423f2023) mem 0x8000f000 0x00000001
core   0: 0x8000dbe8 (0xff9ff06f) j       pc - 0x8
core   0: 3 0x8000dbe8 (0xff9ff06f)
core   0: 0x8000dbe0 (0x00001f17) auipc   t5, 0x1
core   0: 3 0x8000dbe0 (0x00001f17) x30 0x8000ebe0
core   0: 0x8000dbe4 (0x423f2023) sw      gp, 1056(t5)
core   0: 3 0x8000dbe4 (0x423f2023) mem 0x8000f000 0x00000001
core   0: 0x8000dbe8 (0xff9ff06f) j       pc - 0x8
core   0: 3 0x8000dbe8 (0xff9ff06f)
core   0: 0x8000dbe0 (0x00001f17) auipc   t5, 0x1
core   0: 3 0x8000dbe0 (0x00001f17) x30 0x8000ebe0
core   0: 0x8000dbe4 (0x423f2023) sw      gp, 1056(t5)
core   0: 3 0x8000dbe4 (0x423f2023) mem 0x8000f000 0x00000001
core   0: 0x8000dbe8 (0xff9ff06f) j       pc - 0x8
core   0: 3 0x8000dbe8 (0xff9ff06f)
core   0: 0x8000dbe0 (0x00001f17) auipc   t5, 0x1
core   0: 3 0x8000dbe0 (0x00001f17) x30 0x8000ebe0
core   0: 0x8000dbe4 (0x423f2023) sw      gp, 1056(t5)
core   0: 3 0x8000dbe4 (0x423f2023) mem 0x8000f000 0x00000001
core   0: 0x8000dbe8 (0xff9ff06f) j       pc - 0x8
core   0: 3 0x8000dbe8 (0xff9ff06f)
core   0: 0x8000dbe0 (0x00001f17) auipc   t5, 0x1
core   0: 3 0x8000dbe0 (0x00001f17) x30 0x8000ebe0
core   0: 0x8000dbe4 (0x423f2023) sw      gp, 1056(t5)
core   0: 3 0x8000dbe4 (0x423f2023) mem 0x8000f000 0x00000001
core   0: 0x8000dbe8 (0xff9ff06f) j       pc - 0x8
core   0: 3 0x8000dbe8 (0xff9ff06f)
core   0: 0x8000dbe0 (0x00001f17) auipc   t5, 0x1
core   0: 3 0x8000dbe0 (0x00001f17) x30 0x8000ebe0
core   0: 0x8000dbe4 (0x423f2023) sw      gp, 1056(t5)
core   0: 3 0x8000dbe4 (0x423f2023) mem 0x8000f000 0x00000001
core   0: 0x8000dbe8 (0xff9ff06f) j       pc - 0x8
core   0: 3 0x8000dbe8 (0xff9ff06f)
core   0: 0x8000dbe0 (0x00001f17) auipc   t5, 0x1
core   0: 3 0x8000dbe0 (0x00001f17) x30 0x8000ebe0
core   0: 0x8000dbe4 (0x423f2023) sw      gp, 1056(t5)
core   0: 3 0x8000dbe4 (0x423f2023) mem 0x8000f000 0x00000001
core   0: 0x8000dbe8 (0xff9ff06f) j       pc - 0x8
core   0: 3 0x8000dbe8 (0xff9ff06f)
core   0: 0x8000dbe0 (0x00001f17) auipc   t5, 0x1
core   0: 3 0x8000dbe0 (0x00001f17) x30 0x8000ebe0
core   0: 0x8000dbe4 (0x423f2023) sw      gp, 1056(t5)
core   0: 3 0x8000dbe4 (0x423f2023) mem 0x8000f000 0x00000001
core   0: 0x8000dbe8 (0xff9ff06f) j       pc - 0x8
core   0: 3 0x8000dbe8 (0xff9ff06f)
core   0: 0x8000dbe0 (0x00001f17) auipc   t5, 0x1
core   0: 3 0x8000dbe0 (0x00001f17) x30 0x8000ebe0
core   0: 0x8000dbe4 (0x423f2023) sw      gp, 1056(t5)
core   0: 3 0x8000dbe4 (0x423f2023) mem 0x8000f000 0x00000001
core   0: 0x8000dbe8 (0xff9ff06f) j       pc - 0x8
core   0: 3 0x8000dbe8 (0xff9ff06f)
core   0: 0x8000dbe0 (0x00001f17) auipc   t5, 0x1
core   0: 3 0x8000dbe0 (0x00001f17) x30 0x8000ebe0
core   0: 0x8000dbe4 (0x423f2023) sw      gp, 1056(t5)
core   0: 3 0x8000dbe4 (0x423f2023) mem 0x8000f000 0x00000001
core   0: 0x8000dbe8 (0xff9ff06f) j       pc - 0x8
core   0: 3 0x8000dbe8 (0xff9ff06f)
core   0: 0x8000dbe0 (0x00001f17) auipc   t5, 0x1
core   0: 3 0x8000dbe0 (0x00001f17) x30 0x8000ebe0
core   0: 0x8000dbe4 (0x423f2023) sw      gp, 1056(t5)
core   0: 3 0x8000dbe4 (0x423f2023) mem 0x8000f000 0x00000001
core   0: 0x8000dbe8 (0xff9ff06f) j       pc - 0x8
core   0: 3 0x8000dbe8 (0xff9ff06f)
core   0: 0x8000dbe0 (0x00001f17) auipc   t5, 0x1
core   0: 3 0x8000dbe0 (0x00001f17) x30 0x8000ebe0
core   0: 0x8000dbe4 (0x423f2023) sw      gp, 1056(t5)
core   0: 3 0x8000dbe4 (0x423f2023) mem 0x8000f000 0x00000001
core   0: 0x8000dbe8 (0xff9ff06f) j       pc - 0x8
core   0: 3 0x8000dbe8 (0xff9ff06f)
core   0: 0x8000dbe0 (0x00001f17) auipc   t5, 0x1
core   0: 3 0x8000dbe0 (0x00001f17) x30 0x8000ebe0
core   0: 0x8000dbe4 (0x423f2023) sw      gp, 1056(t5)
core   0: 3 0x8000dbe4 (0x423f2023) mem 0x8000f000 0x00000001
core   0: 0x8000dbe8 (0xff9ff06f) j       pc - 0x8
core   0: 3 0x8000dbe8 (0xff9ff06f)
core   0: 0x8000dbe0 (0x00001f17) auipc   t5, 0x1
core   0: 3 0x8000dbe0 (0x00001f17) x30 0x8000ebe0
core   0: 0x8000dbe4 (0x423f2023) sw      gp, 1056(t5)
core   0: 3 0x8000dbe4 (0x423f2023) mem 0x8000f000 0x00000001
core   0: 0x8000dbe8 (0xff9ff06f) j       pc - 0x8
core   0: 3 0x8000dbe8 (0xff9ff06f)
core   0: 0x8000dbe0 (0x00001f17) auipc   t5, 0x1
core   0: 3 0x8000dbe0 (0x00001f17) x30 0x8000ebe0
core   0: 0x8000dbe4 (0x423f2023) sw      gp, 1056(t5)
core   0: 3 0x8000dbe4 (0x423f2023) mem 0x8000f000 0x00000001
core   0: 0x8000dbe8 (0xff9ff06f) j       pc - 0x8
core   0: 3 0x8000dbe8 (0xff9ff06f)
core   0: 0x8000dbe0 (0x00001f17) auipc   t5, 0x1
core   0: 3 0x8000dbe0 (0x00001f17) x30 0x8000ebe0
core   0: 0x8000dbe4 (0x423f2023) sw      gp, 1056(t5)
core   0: 3 0x8000dbe4 (0x423f2023) mem 0x8000f000 0x00000001
core   0: 0x8000dbe8 (0xff9ff06f) j       pc - 0x8
core   0: 3 0x8000dbe8 (0xff9ff06f)
core   0: 0x8000dbe0 (0x00001f17) auipc   t5, 0x1
core   0: 3 0x8000dbe0 (0x00001f17) x30 0x8000ebe0
core   0: 0x8000dbe4 (0x423f2023) sw      gp, 1056(t5)
core   0: 3 0x8000dbe4 (0x423f2023) mem 0x8000f000 0x00000001
core   0: 0x8000dbe8 (0xff9ff06f) j       pc - 0x8
core   0: 3 0x8000dbe8 (0xff9ff06f)
core   0: 0x8000dbe0 (0x00001f17) auipc   t5, 0x1
core   0: 3 0x8000dbe0 (0x00001f17) x30 0x8000ebe0
core   0: 0x8000dbe4 (0x423f2023) sw      gp, 1056(t5)
core   0: 3 0x8000dbe4 (0x423f2023) mem 0x8000f000 0x00000001
core   0: 0x8000dbe8 (0xff9ff06f) j       pc - 0x8
core   0: 3 0x8000dbe8 (0xff9ff06f)
core   0: 0x8000dbe0 (0x00001f17) auipc   t5, 0x1
core   0: 3 0x8000dbe0 (0x00001f17) x30 0x8000ebe0
core   0: 0x8000dbe4 (0x423f2023) sw      gp, 1056(t5)
core   0: 3 0x8000dbe4 (0x423f2023) mem 0x8000f000 0x00000001
core   0: 0x8000dbe8 (0xff9ff06f) j       pc - 0x8
core   0: 3 0x8000dbe8 (0xff9ff06f)
core   0: 0x8000dbe0 (0x00001f17) auipc   t5, 0x1
core   0: 3 0x8000dbe0 (0x00001f17) x30 0x8000ebe0
core   0: 0x8000dbe4 (0x423f2023) sw      gp, 1056(t5)
core   0: 3 0x8000dbe4 (0x423f2023) mem 0x8000f000 0x00000001
core   0: 0x8000dbe8 (0xff9ff06f) j       pc - 0x8
core   0: 3 0x8000dbe8 (0xff9ff06f)
core   0: 0x8000dbe0 (0x00001f17) auipc   t5, 0x1
core   0: 3 0x8000dbe0 (0x00001f17) x30 0x8000ebe0
core   0: 0x8000dbe4 (0x423f2023) sw      gp, 1056(t5)
core   0: 3 0x8000dbe4 (0x423f2023) mem 0x8000f000 0x00000001
core   0: 0x8000dbe8 (0xff9ff06f) j       pc - 0x8
core   0: 3 0x8000dbe8 (0xff9ff06f)
core   0: 0x8000dbe0 (0x00001f17) auipc   t5, 0x1
core   0: 3 0x8000dbe0 (0x00001f17) x30 0x8000ebe0
core   0: 0x8000dbe4 (0x423f2023) sw      gp, 1056(t5)
core   0: 3 0x8000dbe4 (0x423f2023) mem 0x8000f000 0x00000001
core   0: 0x8000dbe8 (0xff9ff06f) j       pc - 0x8
core   0: 3 0x8000dbe8 (0xff9ff06f)
core   0: 0x8000dbe0 (0x00001f17) auipc   t5, 0x1
core   0: 3 0x8000dbe0 (0x00001f17) x30 0x8000ebe0
core   0: 0x8000dbe4 (0x423f2023) sw      gp, 1056(t5)
core   0: 3 0x8000dbe4 (0x423f2023) mem 0x8000f000 0x00000001
core   0: 0x8000dbe8 (0xff9ff06f) j       pc - 0x8
core   0: 3 0x8000dbe8 (0xff9ff06f)
core   0: 0x8000dbe0 (0x00001f17) auipc   t5, 0x1
core   0: 3 0x8000dbe0 (0x00001f17) x30 0x8000ebe0
core   0: 0x8000dbe4 (0x423f2023) sw      gp, 1056(t5)
core   0: 3 0x8000dbe4 (0x423f2023) mem 0x8000f000 0x00000001
core   0: 0x8000dbe8 (0xff9ff06f) j       pc - 0x8
core   0: 3 0x8000dbe8 (0xff9ff06f)
core   0: 0x8000dbe0 (0x00001f17) auipc   t5, 0x1
core   0: 3 0x8000dbe0 (0x00001f17) x30 0x8000ebe0
core   0: 0x8000dbe4 (0x423f2023) sw      gp, 1056(t5)
core   0: 3 0x8000dbe4 (0x423f2023) mem 0x8000f000 0x00000001
core   0: 0x8000dbe8 (0xff9ff06f) j       pc - 0x8
core   0: 3 0x8000dbe8 (0xff9ff06f)
core   0: 0x8000dbe0 (0x00001f17) auipc   t5, 0x1
core   0: 3 0x8000dbe0 (0x00001f17) x30 0x8000ebe0
core   0: 0x8000dbe4 (0x423f2023) sw      gp, 1056(t5)
core   0: 3 0x8000dbe4 (0x423f2023) mem 0x8000f000 0x00000001
core   0: 0x8000dbe8 (0xff9ff06f) j       pc - 0x8
core   0: 3 0x8000dbe8 (0xff9ff06f)
core   0: 0x8000dbe0 (0x00001f17) auipc   t5, 0x1
core   0: 3 0x8000dbe0 (0x00001f17) x30 0x8000ebe0
core   0: 0x8000dbe4 (0x423f2023) sw      gp, 1056(t5)
core   0: 3 0x8000dbe4 (0x423f2023) mem 0x8000f000 0x00000001
core   0: 0x8000dbe8 (0xff9ff06f) j       pc - 0x8
core   0: 3 0x8000dbe8 (0xff9ff06f)
core   0: 0x8000dbe0 (0x00001f17) auipc   t5, 0x1
core   0: 3 0x8000dbe0 (0x00001f17) x30 0x8000ebe0
core   0: 0x8000dbe4 (0x423f2023) sw      gp, 1056(t5)
core   0: 3 0x8000dbe4 (0x423f2023) mem 0x8000f000 0x00000001
core   0: 0x8000dbe8 (0xff9ff06f) j       pc - 0x8
core   0: 3 0x8000dbe8 (0xff9ff06f)
core   0: 0x8000dbe0 (0x00001f17) auipc   t5, 0x1
core   0: 3 0x8000dbe0 (0x00001f17) x30 0x8000ebe0
core   0: 0x8000dbe4 (0x423f2023) sw      gp, 1056(t5)
core   0: 3 0x8000dbe4 (0x423f2023) mem 0x8000f000 0x00000001
core   0: 0x8000dbe8 (0xff9ff06f) j       pc - 0x8
core   0: 3 0x8000dbe8 (0xff9ff06f)
core   0: 0x8000dbe0 (0x00001f17) auipc   t5, 0x1
core   0: 3 0x8000dbe0 (0x00001f17) x30 0x8000ebe0
core   0: 0x8000dbe4 (0x423f2023) sw      gp, 1056(t5)
core   0: 3 0x8000dbe4 (0x423f2023) mem 0x8000f000 0x00000001
core   0: 0x8000dbe8 (0xff9ff06f) j       pc - 0x8
core   0: 3 0x8000dbe8 (0xff9ff06f)
core   0: 0x8000dbe0 (0x00001f17) auipc   t5, 0x1
core   0: 3 0x8000dbe0 (0x00001f17) x30 0x8000ebe0
core   0: 0x8000dbe4 (0x423f2023) sw      gp, 1056(t5)
core   0: 3 0x8000dbe4 (0x423f2023) mem 0x8000f000 0x00000001
core   0: 0x8000dbe8 (0xff9ff06f) j       pc - 0x8
core   0: 3 0x8000dbe8 (0xff9ff06f)
core   0: 0x8000dbe0 (0x00001f17) auipc   t5, 0x1
core   0: 3 0x8000dbe0 (0x00001f17) x30 0x8000ebe0
core   0: 0x8000dbe4 (0x423f2023) sw      gp, 1056(t5)
core   0: 3 0x8000dbe4 (0x423f2023) mem 0x8000f000 0x00000001
core   0: 0x8000dbe8 (0xff9ff06f) j       pc - 0x8
core   0: 3 0x8000dbe8 (0xff9ff06f)
core   0: 0x8000dbe0 (0x00001f17) auipc   t5, 0x1
core   0: 3 0x8000dbe0 (0x00001f17) x30 0x8000ebe0
core   0: 0x8000dbe4 (0x423f2023) sw      gp, 1056(t5)
core   0: 3 0x8000dbe4 (0x423f2023) mem 0x8000f000 0x00000001
core   0: 0x8000dbe8 (0xff9ff06f) j       pc - 0x8
core   0: 3 0x8000dbe8 (0xff9ff06f)
core   0: 0x8000dbe0 (0x00001f17) auipc   t5, 0x1
core   0: 3 0x8000dbe0 (0x00001f17) x30 0x8000ebe0
core   0: 0x8000dbe4 (0x423f2023) sw      gp, 1056(t5)
core   0: 3 0x8000dbe4 (0x423f2023) mem 0x8000f000 0x00000001
core   0: 0x8000dbe8 (0xff9ff06f) j       pc - 0x8
core   0: 3 0x8000dbe8 (0xff9ff06f)
core   0: 0x8000dbe0 (0x00001f17) auipc   t5, 0x1
core   0: 3 0x8000dbe0 (0x00001f17) x30 0x8000ebe0
core   0: 0x8000dbe4 (0x423f2023) sw      gp, 1056(t5)
core   0: 3 0x8000dbe4 (0x423f2023) mem 0x8000f000 0x00000001
core   0: 0x8000dbe8 (0xff9ff06f) j       pc - 0x8
core   0: 3 0x8000dbe8 (0xff9ff06f)
core   0: 0x8000dbe0 (0x00001f17) auipc   t5, 0x1
core   0: 3 0x8000dbe0 (0x00001f17) x30 0x8000ebe0
core   0: 0x8000dbe4 (0x423f2023) sw      gp, 1056(t5)
core   0: 3 0x8000dbe4 (0x423f2023) mem 0x8000f000 0x00000001
core   0: 0x8000dbe8 (0xff9ff06f) j       pc - 0x8
core   0: 3 0x8000dbe8 (0xff9ff06f)
core   0: 0x8000dbe0 (0x00001f17) auipc   t5, 0x1
core   0: 3 0x8000dbe0 (0x00001f17) x30 0x8000ebe0
core   0: 0x8000dbe4 (0x423f2023) sw      gp, 1056(t5)
core   0: 3 0x8000dbe4 (0x423f2023) mem 0x8000f000 0x00000001
core   0: 0x8000dbe8 (0xff9ff06f) j       pc - 0x8
core   0: 3 0x8000dbe8 (0xff9ff06f)
core   0: 0x8000dbe0 (0x00001f17) auipc   t5, 0x1
core   0: 3 0x8000dbe0 (0x00001f17) x30 0x8000ebe0
core   0: 0x8000dbe4 (0x423f2023) sw      gp, 1056(t5)
core   0: 3 0x8000dbe4 (0x423f2023) mem 0x8000f000 0x00000001
core   0: 0x8000dbe8 (0xff9ff06f) j       pc - 0x8
core   0: 3 0x8000dbe8 (0xff9ff06f)
core   0: 0x8000dbe0 (0x00001f17) auipc   t5, 0x1
core   0: 3 0x8000dbe0 (0x00001f17) x30 0x8000ebe0
core   0: 0x8000dbe4 (0x423f2023) sw      gp, 1056(t5)
core   0: 3 0x8000dbe4 (0x423f2023) mem 0x8000f000 0x00000001
core   0: 0x8000dbe8 (0xff9ff06f) j       pc - 0x8
core   0: 3 0x8000dbe8 (0xff9ff06f)
core   0: 0x8000dbe0 (0x00001f17) auipc   t5, 0x1
core   0: 3 0x8000dbe0 (0x00001f17) x30 0x8000ebe0
core   0: 0x8000dbe4 (0x423f2023) sw      gp, 1056(t5)
core   0: 3 0x8000dbe4 (0x423f2023) mem 0x8000f000 0x00000001
core   0: 0x8000dbe8 (0xff9ff06f) j       pc - 0x8
core   0: 3 0x8000dbe8 (0xff9ff06f)
core   0: 0x8000dbe0 (0x00001f17) auipc   t5, 0x1
core   0: 3 0x8000dbe0 (0x00001f17) x30 0x8000ebe0
core   0: 0x8000dbe4 (0x423f2023) sw      gp, 1056(t5)
core   0: 3 0x8000dbe4 (0x423f2023) mem 0x8000f000 0x00000001
core   0: 0x8000dbe8 (0xff9ff06f) j       pc - 0x8
core   0: 3 0x8000dbe8 (0xff9ff06f)
core   0: 0x8000dbe0 (0x00001f17) auipc   t5, 0x1
core   0: 3 0x8000dbe0 (0x00001f17) x30 0x8000ebe0
core   0: 0x8000dbe4 (0x423f2023) sw      gp, 1056(t5)
core   0: 3 0x8000dbe4 (0x423f2023) mem 0x8000f000 0x00000001
core   0: 0x8000dbe8 (0xff9ff06f) j       pc - 0x8
core   0: 3 0x8000dbe8 (0xff9ff06f)
core   0: 0x8000dbe0 (0x00001f17) auipc   t5, 0x1
core   0: 3 0x8000dbe0 (0x00001f17) x30 0x8000ebe0
core   0: 0x8000dbe4 (0x423f2023) sw      gp, 1056(t5)
core   0: 3 0x8000dbe4 (0x423f2023) mem 0x8000f000 0x00000001
core   0: 0x8000dbe8 (0xff9ff06f) j       pc - 0x8
core   0: 3 0x8000dbe8 (0xff9ff06f)
core   0: 0x8000dbe0 (0x00001f17) auipc   t5, 0x1
core   0: 3 0x8000dbe0 (0x00001f17) x30 0x8000ebe0
core   0: 0x8000dbe4 (0x423f2023) sw      gp, 1056(t5)
core   0: 3 0x8000dbe4 (0x423f2023) mem 0x8000f000 0x00000001
core   0: 0x8000dbe8 (0xff9ff06f) j       pc - 0x8
core   0: 3 0x8000dbe8 (0xff9ff06f)
core   0: 0x8000dbe0 (0x00001f17) auipc   t5, 0x1
core   0: 3 0x8000dbe0 (0x00001f17) x30 0x8000ebe0
core   0: 0x8000dbe4 (0x423f2023) sw      gp, 1056(t5)
core   0: 3 0x8000dbe4 (0x423f2023) mem 0x8000f000 0x00000001
core   0: 0x8000dbe8 (0xff9ff06f) j       pc - 0x8
core   0: 3 0x8000dbe8 (0xff9ff06f)
core   0: 0x8000dbe0 (0x00001f17) auipc   t5, 0x1
core   0: 3 0x8000dbe0 (0x00001f17) x30 0x8000ebe0
core   0: 0x8000dbe4 (0x423f2023) sw      gp, 1056(t5)
core   0: 3 0x8000dbe4 (0x423f2023) mem 0x8000f000 0x00000001
core   0: 0x8000dbe8 (0xff9ff06f) j       pc - 0x8
core   0: 3 0x8000dbe8 (0xff9ff06f)
core   0: 0x8000dbe0 (0x00001f17) auipc   t5, 0x1
core   0: 3 0x8000dbe0 (0x00001f17) x30 0x8000ebe0
core   0: 0x8000dbe4 (0x423f2023) sw      gp, 1056(t5)
core   0: 3 0x8000dbe4 (0x423f2023) mem 0x8000f000 0x00000001
core   0: 0x8000dbe8 (0xff9ff06f) j       pc - 0x8
core   0: 3 0x8000dbe8 (0xff9ff06f)
core   0: 0x8000dbe0 (0x00001f17) auipc   t5, 0x1
core   0: 3 0x8000dbe0 (0x00001f17) x30 0x8000ebe0
core   0: 0x8000dbe4 (0x423f2023) sw      gp, 1056(t5)
core   0: 3 0x8000dbe4 (0x423f2023) mem 0x8000f000 0x00000001
core   0: 0x8000dbe8 (0xff9ff06f) j       pc - 0x8
core   0: 3 0x8000dbe8 (0xff9ff06f)
core   0: 0x8000dbe0 (0x00001f17) auipc   t5, 0x1
core   0: 3 0x8000dbe0 (0x00001f17) x30 0x8000ebe0
core   0: 0x8000dbe4 (0x423f2023) sw      gp, 1056(t5)
core   0: 3 0x8000dbe4 (0x423f2023) mem 0x8000f000 0x00000001
core   0: 0x8000dbe8 (0xff9ff06f) j       pc - 0x8
core   0: 3 0x8000dbe8 (0xff9ff06f)
core   0: 0x8000dbe0 (0x00001f17) auipc   t5, 0x1
core   0: 3 0x8000dbe0 (0x00001f17) x30 0x8000ebe0
core   0: 0x8000dbe4 (0x423f2023) sw      gp, 1056(t5)
core   0: 3 0x8000dbe4 (0x423f2023) mem 0x8000f000 0x00000001
core   0: 0x8000dbe8 (0xff9ff06f) j       pc - 0x8
core   0: 3 0x8000dbe8 (0xff9ff06f)
core   0: 0x8000dbe0 (0x00001f17) auipc   t5, 0x1
core   0: 3 0x8000dbe0 (0x00001f17) x30 0x8000ebe0
core   0: 0x8000dbe4 (0x423f2023) sw      gp, 1056(t5)
core   0: 3 0x8000dbe4 (0x423f2023) mem 0x8000f000 0x00000001
core   0: 0x8000dbe8 (0xff9ff06f) j       pc - 0x8
core   0: 3 0x8000dbe8 (0xff9ff06f)
core   0: 0x8000dbe0 (0x00001f17) auipc   t5, 0x1
core   0: 3 0x8000dbe0 (0x00001f17) x30 0x8000ebe0
core   0: 0x8000dbe4 (0x423f2023) sw      gp, 1056(t5)
core   0: 3 0x8000dbe4 (0x423f2023) mem 0x8000f000 0x00000001
core   0: 0x8000dbe8 (0xff9ff06f) j       pc - 0x8
core   0: 3 0x8000dbe8 (0xff9ff06f)
core   0: 0x8000dbe0 (0x00001f17) auipc   t5, 0x1
core   0: 3 0x8000dbe0 (0x00001f17) x30 0x8000ebe0
core   0: 0x8000dbe4 (0x423f2023) sw      gp, 1056(t5)
core   0: 3 0x8000dbe4 (0x423f2023) mem 0x8000f000 0x00000001
core   0: 0x8000dbe8 (0xff9ff06f) j       pc - 0x8
core   0: 3 0x8000dbe8 (0xff9ff06f)
core   0: 0x8000dbe0 (0x00001f17) auipc   t5, 0x1
core   0: 3 0x8000dbe0 (0x00001f17) x30 0x8000ebe0
core   0: 0x8000dbe4 (0x423f2023) sw      gp, 1056(t5)
core   0: 3 0x8000dbe4 (0x423f2023) mem 0x8000f000 0x00000001
core   0: 0x8000dbe8 (0xff9ff06f) j       pc - 0x8
core   0: 3 0x8000dbe8 (0xff9ff06f)
core   0: 0x8000dbe0 (0x00001f17) auipc   t5, 0x1
core   0: 3 0x8000dbe0 (0x00001f17) x30 0x8000ebe0
core   0: 0x8000dbe4 (0x423f2023) sw      gp, 1056(t5)
core   0: 3 0x8000dbe4 (0x423f2023) mem 0x8000f000 0x00000001
core   0: 0x8000dbe8 (0xff9ff06f) j       pc - 0x8
core   0: 3 0x8000dbe8 (0xff9ff06f)
core   0: 0x8000dbe0 (0x00001f17) auipc   t5, 0x1
core   0: 3 0x8000dbe0 (0x00001f17) x30 0x8000ebe0
core   0: 0x8000dbe4 (0x423f2023) sw      gp, 1056(t5)
core   0: 3 0x8000dbe4 (0x423f2023) mem 0x8000f000 0x00000001
core   0: 0x8000dbe8 (0xff9ff06f) j       pc - 0x8
core   0: 3 0x8000dbe8 (0xff9ff06f)
core   0: 0x8000dbe0 (0x00001f17) auipc   t5, 0x1
core   0: 3 0x8000dbe0 (0x00001f17) x30 0x8000ebe0
core   0: 0x8000dbe4 (0x423f2023) sw      gp, 1056(t5)
core   0: 3 0x8000dbe4 (0x423f2023) mem 0x8000f000 0x00000001
core   0: 0x8000dbe8 (0xff9ff06f) j       pc - 0x8
core   0: 3 0x8000dbe8 (0xff9ff06f)
core   0: 0x8000dbe0 (0x00001f17) auipc   t5, 0x1
core   0: 3 0x8000dbe0 (0x00001f17) x30 0x8000ebe0
core   0: 0x8000dbe4 (0x423f2023) sw      gp, 1056(t5)
core   0: 3 0x8000dbe4 (0x423f2023) mem 0x8000f000 0x00000001
core   0: 0x8000dbe8 (0xff9ff06f) j       pc - 0x8
core   0: 3 0x8000dbe8 (0xff9ff06f)
core   0: 0x8000dbe0 (0x00001f17) auipc   t5, 0x1
core   0: 3 0x8000dbe0 (0x00001f17) x30 0x8000ebe0
core   0: 0x8000dbe4 (0x423f2023) sw      gp, 1056(t5)
core   0: 3 0x8000dbe4 (0x423f2023) mem 0x8000f000 0x00000001
core   0: 0x8000dbe8 (0xff9ff06f) j       pc - 0x8
core   0: 3 0x8000dbe8 (0xff9ff06f)
core   0: 0x8000dbe0 (0x00001f17) auipc   t5, 0x1
core   0: 3 0x8000dbe0 (0x00001f17) x30 0x8000ebe0
core   0: 0x8000dbe4 (0x423f2023) sw      gp, 1056(t5)
core   0: 3 0x8000dbe4 (0x423f2023) mem 0x8000f000 0x00000001
core   0: 0x8000dbe8 (0xff9ff06f) j       pc - 0x8
core   0: 3 0x8000dbe8 (0xff9ff06f)
core   0: 0x8000dbe0 (0x00001f17) auipc   t5, 0x1
core   0: 3 0x8000dbe0 (0x00001f17) x30 0x8000ebe0
core   0: 0x8000dbe4 (0x423f2023) sw      gp, 1056(t5)
core   0: 3 0x8000dbe4 (0x423f2023) mem 0x8000f000 0x00000001
core   0: 0x8000dbe8 (0xff9ff06f) j       pc - 0x8
core   0: 3 0x8000dbe8 (0xff9ff06f)
core   0: 0x8000dbe0 (0x00001f17) auipc   t5, 0x1
core   0: 3 0x8000dbe0 (0x00001f17) x30 0x8000ebe0
core   0: 0x8000dbe4 (0x423f2023) sw      gp, 1056(t5)
core   0: 3 0x8000dbe4 (0x423f2023) mem 0x8000f000 0x00000001
core   0: 0x8000dbe8 (0xff9ff06f) j       pc - 0x8
core   0: 3 0x8000dbe8 (0xff9ff06f)
core   0: 0x8000dbe0 (0x00001f17) auipc   t5, 0x1
core   0: 3 0x8000dbe0 (0x00001f17) x30 0x8000ebe0
core   0: 0x8000dbe4 (0x423f2023) sw      gp, 1056(t5)
core   0: 3 0x8000dbe4 (0x423f2023) mem 0x8000f000 0x00000001
core   0: 0x8000dbe8 (0xff9ff06f) j       pc - 0x8
core   0: 3 0x8000dbe8 (0xff9ff06f)
core   0: 0x8000dbe0 (0x00001f17) auipc   t5, 0x1
core   0: 3 0x8000dbe0 (0x00001f17) x30 0x8000ebe0
core   0: 0x8000dbe4 (0x423f2023) sw      gp, 1056(t5)
core   0: 3 0x8000dbe4 (0x423f2023) mem 0x8000f000 0x00000001
core   0: 0x8000dbe8 (0xff9ff06f) j       pc - 0x8
core   0: 3 0x8000dbe8 (0xff9ff06f)
core   0: 0x8000dbe0 (0x00001f17) auipc   t5, 0x1
core   0: 3 0x8000dbe0 (0x00001f17) x30 0x8000ebe0
core   0: 0x8000dbe4 (0x423f2023) sw      gp, 1056(t5)
core   0: 3 0x8000dbe4 (0x423f2023) mem 0x8000f000 0x00000001
core   0: 0x8000dbe8 (0xff9ff06f) j       pc - 0x8
core   0: 3 0x8000dbe8 (0xff9ff06f)
core   0: 0x8000dbe0 (0x00001f17) auipc   t5, 0x1
core   0: 3 0x8000dbe0 (0x00001f17) x30 0x8000ebe0
core   0: 0x8000dbe4 (0x423f2023) sw      gp, 1056(t5)
core   0: 3 0x8000dbe4 (0x423f2023) mem 0x8000f000 0x00000001
core   0: 0x8000dbe8 (0xff9ff06f) j       pc - 0x8
core   0: 3 0x8000dbe8 (0xff9ff06f)
core   0: 0x8000dbe0 (0x00001f17) auipc   t5, 0x1
core   0: 3 0x8000dbe0 (0x00001f17) x30 0x8000ebe0
core   0: 0x8000dbe4 (0x423f2023) sw      gp, 1056(t5)
core   0: 3 0x8000dbe4 (0x423f2023) mem 0x8000f000 0x00000001
core   0: 0x8000dbe8 (0xff9ff06f) j       pc - 0x8
core   0: 3 0x8000dbe8 (0xff9ff06f)
core   0: 0x8000dbe0 (0x00001f17) auipc   t5, 0x1
core   0: 3 0x8000dbe0 (0x00001f17) x30 0x8000ebe0
core   0: 0x8000dbe4 (0x423f2023) sw      gp, 1056(t5)
core   0: 3 0x8000dbe4 (0x423f2023) mem 0x8000f000 0x00000001
core   0: 0x8000dbe8 (0xff9ff06f) j       pc - 0x8
core   0: 3 0x8000dbe8 (0xff9ff06f)
core   0: 0x8000dbe0 (0x00001f17) auipc   t5, 0x1
core   0: 3 0x8000dbe0 (0x00001f17) x30 0x8000ebe0
core   0: 0x8000dbe4 (0x423f2023) sw      gp, 1056(t5)
core   0: 3 0x8000dbe4 (0x423f2023) mem 0x8000f000 0x00000001
core   0: 0x8000dbe8 (0xff9ff06f) j       pc - 0x8
core   0: 3 0x8000dbe8 (0xff9ff06f)
core   0: 0x8000dbe0 (0x00001f17) auipc   t5, 0x1
core   0: 3 0x8000dbe0 (0x00001f17) x30 0x8000ebe0
core   0: 0x8000dbe4 (0x423f2023) sw      gp, 1056(t5)
core   0: 3 0x8000dbe4 (0x423f2023) mem 0x8000f000 0x00000001
core   0: 0x8000dbe8 (0xff9ff06f) j       pc - 0x8
core   0: 3 0x8000dbe8 (0xff9ff06f)
core   0: 0x8000dbe0 (0x00001f17) auipc   t5, 0x1
core   0: 3 0x8000dbe0 (0x00001f17) x30 0x8000ebe0
core   0: 0x8000dbe4 (0x423f2023) sw      gp, 1056(t5)
core   0: 3 0x8000dbe4 (0x423f2023) mem 0x8000f000 0x00000001
core   0: 0x8000dbe8 (0xff9ff06f) j       pc - 0x8
core   0: 3 0x8000dbe8 (0xff9ff06f)
core   0: 0x8000dbe0 (0x00001f17) auipc   t5, 0x1
core   0: 3 0x8000dbe0 (0x00001f17) x30 0x8000ebe0
core   0: 0x8000dbe4 (0x423f2023) sw      gp, 1056(t5)
core   0: 3 0x8000dbe4 (0x423f2023) mem 0x8000f000 0x00000001
core   0: 0x8000dbe8 (0xff9ff06f) j       pc - 0x8
core   0: 3 0x8000dbe8 (0xff9ff06f)
core   0: 0x8000dbe0 (0x00001f17) auipc   t5, 0x1
core   0: 3 0x8000dbe0 (0x00001f17) x30 0x8000ebe0
core   0: 0x8000dbe4 (0x423f2023) sw      gp, 1056(t5)
core   0: 3 0x8000dbe4 (0x423f2023) mem 0x8000f000 0x00000001
core   0: 0x8000dbe8 (0xff9ff06f) j       pc - 0x8
core   0: 3 0x8000dbe8 (0xff9ff06f)
core   0: 0x8000dbe0 (0x00001f17) auipc   t5, 0x1
core   0: 3 0x8000dbe0 (0x00001f17) x30 0x8000ebe0
core   0: 0x8000dbe4 (0x423f2023) sw      gp, 1056(t5)
core   0: 3 0x8000dbe4 (0x423f2023) mem 0x8000f000 0x00000001
core   0: 0x8000dbe8 (0xff9ff06f) j       pc - 0x8
core   0: 3 0x8000dbe8 (0xff9ff06f)
core   0: 0x8000dbe0 (0x00001f17) auipc   t5, 0x1
core   0: 3 0x8000dbe0 (0x00001f17) x30 0x8000ebe0
core   0: 0x8000dbe4 (0x423f2023) sw      gp, 1056(t5)
core   0: 3 0x8000dbe4 (0x423f2023) mem 0x8000f000 0x00000001
core   0: 0x8000dbe8 (0xff9ff06f) j       pc - 0x8
core   0: 3 0x8000dbe8 (0xff9ff06f)
core   0: 0x8000dbe0 (0x00001f17) auipc   t5, 0x1
core   0: 3 0x8000dbe0 (0x00001f17) x30 0x8000ebe0
core   0: 0x8000dbe4 (0x423f2023) sw      gp, 1056(t5)
core   0: 3 0x8000dbe4 (0x423f2023) mem 0x8000f000 0x00000001
core   0: 0x8000dbe8 (0xff9ff06f) j       pc - 0x8
core   0: 3 0x8000dbe8 (0xff9ff06f)
core   0: 0x8000dbe0 (0x00001f17) auipc   t5, 0x1
core   0: 3 0x8000dbe0 (0x00001f17) x30 0x8000ebe0
core   0: 0x8000dbe4 (0x423f2023) sw      gp, 1056(t5)
core   0: 3 0x8000dbe4 (0x423f2023) mem 0x8000f000 0x00000001
core   0: 0x8000dbe8 (0xff9ff06f) j       pc - 0x8
core   0: 3 0x8000dbe8 (0xff9ff06f)
core   0: 0x8000dbe0 (0x00001f17) auipc   t5, 0x1
core   0: 3 0x8000dbe0 (0x00001f17) x30 0x8000ebe0
core   0: 0x8000dbe4 (0x423f2023) sw      gp, 1056(t5)
core   0: 3 0x8000dbe4 (0x423f2023) mem 0x8000f000 0x00000001
core   0: 0x8000dbe8 (0xff9ff06f) j       pc - 0x8
core   0: 3 0x8000dbe8 (0xff9ff06f)
core   0: 0x8000dbe0 (0x00001f17) auipc   t5, 0x1
core   0: 3 0x8000dbe0 (0x00001f17) x30 0x8000ebe0
core   0: 0x8000dbe4 (0x423f2023) sw      gp, 1056(t5)
core   0: 3 0x8000dbe4 (0x423f2023) mem 0x8000f000 0x00000001
core   0: 0x8000dbe8 (0xff9ff06f) j       pc - 0x8
core   0: 3 0x8000dbe8 (0xff9ff06f)
core   0: 0x8000dbe0 (0x00001f17) auipc   t5, 0x1
core   0: 3 0x8000dbe0 (0x00001f17) x30 0x8000ebe0
core   0: 0x8000dbe4 (0x423f2023) sw      gp, 1056(t5)
core   0: 3 0x8000dbe4 (0x423f2023) mem 0x8000f000 0x00000001
core   0: 0x8000dbe8 (0xff9ff06f) j       pc - 0x8
core   0: 3 0x8000dbe8 (0xff9ff06f)
core   0: 0x8000dbe0 (0x00001f17) auipc   t5, 0x1
core   0: 3 0x8000dbe0 (0x00001f17) x30 0x8000ebe0
core   0: 0x8000dbe4 (0x423f2023) sw      gp, 1056(t5)
core   0: 3 0x8000dbe4 (0x423f2023) mem 0x8000f000 0x00000001
core   0: 0x8000dbe8 (0xff9ff06f) j       pc - 0x8
core   0: 3 0x8000dbe8 (0xff9ff06f)
core   0: 0x8000dbe0 (0x00001f17) auipc   t5, 0x1
core   0: 3 0x8000dbe0 (0x00001f17) x30 0x8000ebe0
core   0: 0x8000dbe4 (0x423f2023) sw      gp, 1056(t5)
core   0: 3 0x8000dbe4 (0x423f2023) mem 0x8000f000 0x00000001
core   0: 0x8000dbe8 (0xff9ff06f) j       pc - 0x8
core   0: 3 0x8000dbe8 (0xff9ff06f)
core   0: 0x8000dbe0 (0x00001f17) auipc   t5, 0x1
core   0: 3 0x8000dbe0 (0x00001f17) x30 0x8000ebe0
core   0: 0x8000dbe4 (0x423f2023) sw      gp, 1056(t5)
core   0: 3 0x8000dbe4 (0x423f2023) mem 0x8000f000 0x00000001
core   0: 0x8000dbe8 (0xff9ff06f) j       pc - 0x8
core   0: 3 0x8000dbe8 (0xff9ff06f)
core   0: 0x8000dbe0 (0x00001f17) auipc   t5, 0x1
core   0: 3 0x8000dbe0 (0x00001f17) x30 0x8000ebe0
core   0: 0x8000dbe4 (0x423f2023) sw      gp, 1056(t5)
core   0: 3 0x8000dbe4 (0x423f2023) mem 0x8000f000 0x00000001
core   0: 0x8000dbe8 (0xff9ff06f) j       pc - 0x8
core   0: 3 0x8000dbe8 (0xff9ff06f)
core   0: 0x8000dbe0 (0x00001f17) auipc   t5, 0x1
core   0: 3 0x8000dbe0 (0x00001f17) x30 0x8000ebe0
core   0: 0x8000dbe4 (0x423f2023) sw      gp, 1056(t5)
core   0: 3 0x8000dbe4 (0x423f2023) mem 0x8000f000 0x00000001
core   0: 0x8000dbe8 (0xff9ff06f) j       pc - 0x8
core   0: 3 0x8000dbe8 (0xff9ff06f)
core   0: 0x8000dbe0 (0x00001f17) auipc   t5, 0x1
core   0: 3 0x8000dbe0 (0x00001f17) x30 0x8000ebe0
core   0: 0x8000dbe4 (0x423f2023) sw      gp, 1056(t5)
core   0: 3 0x8000dbe4 (0x423f2023) mem 0x8000f000 0x00000001
core   0: 0x8000dbe8 (0xff9ff06f) j       pc - 0x8
core   0: 3 0x8000dbe8 (0xff9ff06f)
core   0: 0x8000dbe0 (0x00001f17) auipc   t5, 0x1
core   0: 3 0x8000dbe0 (0x00001f17) x30 0x8000ebe0
core   0: 0x8000dbe4 (0x423f2023) sw      gp, 1056(t5)
core   0: 3 0x8000dbe4 (0x423f2023) mem 0x8000f000 0x00000001
core   0: 0x8000dbe8 (0xff9ff06f) j       pc - 0x8
core   0: 3 0x8000dbe8 (0xff9ff06f)
core   0: 0x8000dbe0 (0x00001f17) auipc   t5, 0x1
core   0: 3 0x8000dbe0 (0x00001f17) x30 0x8000ebe0
core   0: 0x8000dbe4 (0x423f2023) sw      gp, 1056(t5)
core   0: 3 0x8000dbe4 (0x423f2023) mem 0x8000f000 0x00000001
core   0: 0x8000dbe8 (0xff9ff06f) j       pc - 0x8
core   0: 3 0x8000dbe8 (0xff9ff06f)
core   0: 0x8000dbe0 (0x00001f17) auipc   t5, 0x1
core   0: 3 0x8000dbe0 (0x00001f17) x30 0x8000ebe0
core   0: 0x8000dbe4 (0x423f2023) sw      gp, 1056(t5)
core   0: 3 0x8000dbe4 (0x423f2023) mem 0x8000f000 0x00000001
core   0: 0x8000dbe8 (0xff9ff06f) j       pc - 0x8
core   0: 3 0x8000dbe8 (0xff9ff06f)
core   0: 0x8000dbe0 (0x00001f17) auipc   t5, 0x1
core   0: 3 0x8000dbe0 (0x00001f17) x30 0x8000ebe0
core   0: 0x8000dbe4 (0x423f2023) sw      gp, 1056(t5)
core   0: 3 0x8000dbe4 (0x423f2023) mem 0x8000f000 0x00000001
core   0: 0x8000dbe8 (0xff9ff06f) j       pc - 0x8
core   0: 3 0x8000dbe8 (0xff9ff06f)
core   0: 0x8000dbe0 (0x00001f17) auipc   t5, 0x1
core   0: 3 0x8000dbe0 (0x00001f17) x30 0x8000ebe0
core   0: 0x8000dbe4 (0x423f2023) sw      gp, 1056(t5)
core   0: 3 0x8000dbe4 (0x423f2023) mem 0x8000f000 0x00000001
core   0: 0x8000dbe8 (0xff9ff06f) j       pc - 0x8
core   0: 3 0x8000dbe8 (0xff9ff06f)
core   0: 0x8000dbe0 (0x00001f17) auipc   t5, 0x1
core   0: 3 0x8000dbe0 (0x00001f17) x30 0x8000ebe0
core   0: 0x8000dbe4 (0x423f2023) sw      gp, 1056(t5)
core   0: 3 0x8000dbe4 (0x423f2023) mem 0x8000f000 0x00000001
core   0: 0x8000dbe8 (0xff9ff06f) j       pc - 0x8
core   0: 3 0x8000dbe8 (0xff9ff06f)
core   0: 0x8000dbe0 (0x00001f17) auipc   t5, 0x1
core   0: 3 0x8000dbe0 (0x00001f17) x30 0x8000ebe0
core   0: 0x8000dbe4 (0x423f2023) sw      gp, 1056(t5)
core   0: 3 0x8000dbe4 (0x423f2023) mem 0x8000f000 0x00000001
core   0: 0x8000dbe8 (0xff9ff06f) j       pc - 0x8
core   0: 3 0x8000dbe8 (0xff9ff06f)
core   0: 0x8000dbe0 (0x00001f17) auipc   t5, 0x1
core   0: 3 0x8000dbe0 (0x00001f17) x30 0x8000ebe0
core   0: 0x8000dbe4 (0x423f2023) sw      gp, 1056(t5)
core   0: 3 0x8000dbe4 (0x423f2023) mem 0x8000f000 0x00000001
core   0: 0x8000dbe8 (0xff9ff06f) j       pc - 0x8
core   0: 3 0x8000dbe8 (0xff9ff06f)
core   0: 0x8000dbe0 (0x00001f17) auipc   t5, 0x1
core   0: 3 0x8000dbe0 (0x00001f17) x30 0x8000ebe0
core   0: 0x8000dbe4 (0x423f2023) sw      gp, 1056(t5)
core   0: 3 0x8000dbe4 (0x423f2023) mem 0x8000f000 0x00000001
core   0: 0x8000dbe8 (0xff9ff06f) j       pc - 0x8
core   0: 3 0x8000dbe8 (0xff9ff06f)
core   0: 0x8000dbe0 (0x00001f17) auipc   t5, 0x1
core   0: 3 0x8000dbe0 (0x00001f17) x30 0x8000ebe0
core   0: 0x8000dbe4 (0x423f2023) sw      gp, 1056(t5)
core   0: 3 0x8000dbe4 (0x423f2023) mem 0x8000f000 0x00000001
core   0: 0x8000dbe8 (0xff9ff06f) j       pc - 0x8
core   0: 3 0x8000dbe8 (0xff9ff06f)
core   0: 0x8000dbe0 (0x00001f17) auipc   t5, 0x1
core   0: 3 0x8000dbe0 (0x00001f17) x30 0x8000ebe0
core   0: 0x8000dbe4 (0x423f2023) sw      gp, 1056(t5)
core   0: 3 0x8000dbe4 (0x423f2023) mem 0x8000f000 0x00000001
core   0: 0x8000dbe8 (0xff9ff06f) j       pc - 0x8
core   0: 3 0x8000dbe8 (0xff9ff06f)
core   0: 0x8000dbe0 (0x00001f17) auipc   t5, 0x1
core   0: 3 0x8000dbe0 (0x00001f17) x30 0x8000ebe0
core   0: 0x8000dbe4 (0x423f2023) sw      gp, 1056(t5)
core   0: 3 0x8000dbe4 (0x423f2023) mem 0x8000f000 0x00000001
core   0: 0x8000dbe8 (0xff9ff06f) j       pc - 0x8
core   0: 3 0x8000dbe8 (0xff9ff06f)
core   0: 0x8000dbe0 (0x00001f17) auipc   t5, 0x1
core   0: 3 0x8000dbe0 (0x00001f17) x30 0x8000ebe0
core   0: 0x8000dbe4 (0x423f2023) sw      gp, 1056(t5)
core   0: 3 0x8000dbe4 (0x423f2023) mem 0x8000f000 0x00000001
core   0: 0x8000dbe8 (0xff9ff06f) j       pc - 0x8
core   0: 3 0x8000dbe8 (0xff9ff06f)
core   0: 0x8000dbe0 (0x00001f17) auipc   t5, 0x1
core   0: 3 0x8000dbe0 (0x00001f17) x30 0x8000ebe0
core   0: 0x8000dbe4 (0x423f2023) sw      gp, 1056(t5)
core   0: 3 0x8000dbe4 (0x423f2023) mem 0x8000f000 0x00000001
core   0: 0x8000dbe8 (0xff9ff06f) j       pc - 0x8
core   0: 3 0x8000dbe8 (0xff9ff06f)
core   0: 0x8000dbe0 (0x00001f17) auipc   t5, 0x1
core   0: 3 0x8000dbe0 (0x00001f17) x30 0x8000ebe0
core   0: 0x8000dbe4 (0x423f2023) sw      gp, 1056(t5)
core   0: 3 0x8000dbe4 (0x423f2023) mem 0x8000f000 0x00000001
core   0: 0x8000dbe8 (0xff9ff06f) j       pc - 0x8
core   0: 3 0x8000dbe8 (0xff9ff06f)
core   0: 0x8000dbe0 (0x00001f17) auipc   t5, 0x1
core   0: 3 0x8000dbe0 (0x00001f17) x30 0x8000ebe0
core   0: 0x8000dbe4 (0x423f2023) sw      gp, 1056(t5)
core   0: 3 0x8000dbe4 (0x423f2023) mem 0x8000f000 0x00000001
core   0: 0x8000dbe8 (0xff9ff06f) j       pc - 0x8
core   0: 3 0x8000dbe8 (0xff9ff06f)
core   0: 0x8000dbe0 (0x00001f17) auipc   t5, 0x1
core   0: 3 0x8000dbe0 (0x00001f17) x30 0x8000ebe0
core   0: 0x8000dbe4 (0x423f2023) sw      gp, 1056(t5)
core   0: 3 0x8000dbe4 (0x423f2023) mem 0x8000f000 0x00000001
core   0: 0x8000dbe8 (0xff9ff06f) j       pc - 0x8
core   0: 3 0x8000dbe8 (0xff9ff06f)
core   0: 0x8000dbe0 (0x00001f17) auipc   t5, 0x1
core   0: 3 0x8000dbe0 (0x00001f17) x30 0x8000ebe0
core   0: 0x8000dbe4 (0x423f2023) sw      gp, 1056(t5)
core   0: 3 0x8000dbe4 (0x423f2023) mem 0x8000f000 0x00000001
core   0: 0x8000dbe8 (0xff9ff06f) j       pc - 0x8
core   0: 3 0x8000dbe8 (0xff9ff06f)
core   0: 0x8000dbe0 (0x00001f17) auipc   t5, 0x1
core   0: 3 0x8000dbe0 (0x00001f17) x30 0x8000ebe0
core   0: 0x8000dbe4 (0x423f2023) sw      gp, 1056(t5)
core   0: 3 0x8000dbe4 (0x423f2023) mem 0x8000f000 0x00000001
core   0: 0x8000dbe8 (0xff9ff06f) j       pc - 0x8
core   0: 3 0x8000dbe8 (0xff9ff06f)
core   0: 0x8000dbe0 (0x00001f17) auipc   t5, 0x1
core   0: 3 0x8000dbe0 (0x00001f17) x30 0x8000ebe0
core   0: 0x8000dbe4 (0x423f2023) sw      gp, 1056(t5)
core   0: 3 0x8000dbe4 (0x423f2023) mem 0x8000f000 0x00000001
core   0: 0x8000dbe8 (0xff9ff06f) j       pc - 0x8
core   0: 3 0x8000dbe8 (0xff9ff06f)
core   0: 0x8000dbe0 (0x00001f17) auipc   t5, 0x1
core   0: 3 0x8000dbe0 (0x00001f17) x30 0x8000ebe0
core   0: 0x8000dbe4 (0x423f2023) sw      gp, 1056(t5)
core   0: 3 0x8000dbe4 (0x423f2023) mem 0x8000f000 0x00000001
core   0: 0x8000dbe8 (0xff9ff06f) j       pc - 0x8
core   0: 3 0x8000dbe8 (0xff9ff06f)
core   0: 0x8000dbe0 (0x00001f17) auipc   t5, 0x1
core   0: 3 0x8000dbe0 (0x00001f17) x30 0x8000ebe0
core   0: 0x8000dbe4 (0x423f2023) sw      gp, 1056(t5)
core   0: 3 0x8000dbe4 (0x423f2023) mem 0x8000f000 0x00000001
core   0: 0x8000dbe8 (0xff9ff06f) j       pc - 0x8
core   0: 3 0x8000dbe8 (0xff9ff06f)
core   0: 0x8000dbe0 (0x00001f17) auipc   t5, 0x1
core   0: 3 0x8000dbe0 (0x00001f17) x30 0x8000ebe0
core   0: 0x8000dbe4 (0x423f2023) sw      gp, 1056(t5)
core   0: 3 0x8000dbe4 (0x423f2023) mem 0x8000f000 0x00000001
core   0: 0x8000dbe8 (0xff9ff06f) j       pc - 0x8
core   0: 3 0x8000dbe8 (0xff9ff06f)
core   0: 0x8000dbe0 (0x00001f17) auipc   t5, 0x1
core   0: 3 0x8000dbe0 (0x00001f17) x30 0x8000ebe0
core   0: 0x8000dbe4 (0x423f2023) sw      gp, 1056(t5)
core   0: 3 0x8000dbe4 (0x423f2023) mem 0x8000f000 0x00000001
core   0: 0x8000dbe8 (0xff9ff06f) j       pc - 0x8
core   0: 3 0x8000dbe8 (0xff9ff06f)
core   0: 0x8000dbe0 (0x00001f17) auipc   t5, 0x1
core   0: 3 0x8000dbe0 (0x00001f17) x30 0x8000ebe0
core   0: 0x8000dbe4 (0x423f2023) sw      gp, 1056(t5)
core   0: 3 0x8000dbe4 (0x423f2023) mem 0x8000f000 0x00000001
core   0: 0x8000dbe8 (0xff9ff06f) j       pc - 0x8
core   0: 3 0x8000dbe8 (0xff9ff06f)
core   0: 0x8000dbe0 (0x00001f17) auipc   t5, 0x1
core   0: 3 0x8000dbe0 (0x00001f17) x30 0x8000ebe0
core   0: 0x8000dbe4 (0x423f2023) sw      gp, 1056(t5)
core   0: 3 0x8000dbe4 (0x423f2023) mem 0x8000f000 0x00000001
core   0: 0x8000dbe8 (0xff9ff06f) j       pc - 0x8
core   0: 3 0x8000dbe8 (0xff9ff06f)
core   0: 0x8000dbe0 (0x00001f17) auipc   t5, 0x1
core   0: 3 0x8000dbe0 (0x00001f17) x30 0x8000ebe0
core   0: 0x8000dbe4 (0x423f2023) sw      gp, 1056(t5)
core   0: 3 0x8000dbe4 (0x423f2023) mem 0x8000f000 0x00000001
core   0: 0x8000dbe8 (0xff9ff06f) j       pc - 0x8
core   0: 3 0x8000dbe8 (0xff9ff06f)
core   0: 0x8000dbe0 (0x00001f17) auipc   t5, 0x1
core   0: 3 0x8000dbe0 (0x00001f17) x30 0x8000ebe0
core   0: 0x8000dbe4 (0x423f2023) sw      gp, 1056(t5)
core   0: 3 0x8000dbe4 (0x423f2023) mem 0x8000f000 0x00000001
core   0: 0x8000dbe8 (0xff9ff06f) j       pc - 0x8
core   0: 3 0x8000dbe8 (0xff9ff06f)
core   0: 0x8000dbe0 (0x00001f17) auipc   t5, 0x1
core   0: 3 0x8000dbe0 (0x00001f17) x30 0x8000ebe0
core   0: 0x8000dbe4 (0x423f2023) sw      gp, 1056(t5)
core   0: 3 0x8000dbe4 (0x423f2023) mem 0x8000f000 0x00000001
core   0: 0x8000dbe8 (0xff9ff06f) j       pc - 0x8
core   0: 3 0x8000dbe8 (0xff9ff06f)
core   0: 0x8000dbe0 (0x00001f17) auipc   t5, 0x1
core   0: 3 0x8000dbe0 (0x00001f17) x30 0x8000ebe0
core   0: 0x8000dbe4 (0x423f2023) sw      gp, 1056(t5)
core   0: 3 0x8000dbe4 (0x423f2023) mem 0x8000f000 0x00000001
core   0: 0x8000dbe8 (0xff9ff06f) j       pc - 0x8
core   0: 3 0x8000dbe8 (0xff9ff06f)
core   0: 0x8000dbe0 (0x00001f17) auipc   t5, 0x1
core   0: 3 0x8000dbe0 (0x00001f17) x30 0x8000ebe0
core   0: 0x8000dbe4 (0x423f2023) sw      gp, 1056(t5)
core   0: 3 0x8000dbe4 (0x423f2023) mem 0x8000f000 0x00000001
core   0: 0x8000dbe8 (0xff9ff06f) j       pc - 0x8
core   0: 3 0x8000dbe8 (0xff9ff06f)
core   0: 0x8000dbe0 (0x00001f17) auipc   t5, 0x1
core   0: 3 0x8000dbe0 (0x00001f17) x30 0x8000ebe0
core   0: 0x8000dbe4 (0x423f2023) sw      gp, 1056(t5)
core   0: 3 0x8000dbe4 (0x423f2023) mem 0x8000f000 0x00000001
core   0: 0x8000dbe8 (0xff9ff06f) j       pc - 0x8
core   0: 3 0x8000dbe8 (0xff9ff06f)
core   0: 0x8000dbe0 (0x00001f17) auipc   t5, 0x1
core   0: 3 0x8000dbe0 (0x00001f17) x30 0x8000ebe0
core   0: 0x8000dbe4 (0x423f2023) sw      gp, 1056(t5)
core   0: 3 0x8000dbe4 (0x423f2023) mem 0x8000f000 0x00000001
core   0: 0x8000dbe8 (0xff9ff06f) j       pc - 0x8
core   0: 3 0x8000dbe8 (0xff9ff06f)
core   0: 0x8000dbe0 (0x00001f17) auipc   t5, 0x1
core   0: 3 0x8000dbe0 (0x00001f17) x30 0x8000ebe0
core   0: 0x8000dbe4 (0x423f2023) sw      gp, 1056(t5)
core   0: 3 0x8000dbe4 (0x423f2023) mem 0x8000f000 0x00000001
core   0: 0x8000dbe8 (0xff9ff06f) j       pc - 0x8
core   0: 3 0x8000dbe8 (0xff9ff06f)
core   0: 0x8000dbe0 (0x00001f17) auipc   t5, 0x1
core   0: 3 0x8000dbe0 (0x00001f17) x30 0x8000ebe0
core   0: 0x8000dbe4 (0x423f2023) sw      gp, 1056(t5)
core   0: 3 0x8000dbe4 (0x423f2023) mem 0x8000f000 0x00000001
core   0: 0x8000dbe8 (0xff9ff06f) j       pc - 0x8
core   0: 3 0x8000dbe8 (0xff9ff06f)
core   0: 0x8000dbe0 (0x00001f17) auipc   t5, 0x1
core   0: 3 0x8000dbe0 (0x00001f17) x30 0x8000ebe0
core   0: 0x8000dbe4 (0x423f2023) sw      gp, 1056(t5)
core   0: 3 0x8000dbe4 (0x423f2023) mem 0x8000f000 0x00000001
core   0: 0x8000dbe8 (0xff9ff06f) j       pc - 0x8
core   0: 3 0x8000dbe8 (0xff9ff06f)
core   0: 0x8000dbe0 (0x00001f17) auipc   t5, 0x1
core   0: 3 0x8000dbe0 (0x00001f17) x30 0x8000ebe0
core   0: 0x8000dbe4 (0x423f2023) sw      gp, 1056(t5)
core   0: 3 0x8000dbe4 (0x423f2023) mem 0x8000f000 0x00000001
core   0: 0x8000dbe8 (0xff9ff06f) j       pc - 0x8
core   0: 3 0x8000dbe8 (0xff9ff06f)
core   0: 0x8000dbe0 (0x00001f17) auipc   t5, 0x1
core   0: 3 0x8000dbe0 (0x00001f17) x30 0x8000ebe0
core   0: 0x8000dbe4 (0x423f2023) sw      gp, 1056(t5)
core   0: 3 0x8000dbe4 (0x423f2023) mem 0x8000f000 0x00000001
core   0: 0x8000dbe8 (0xff9ff06f) j       pc - 0x8
core   0: 3 0x8000dbe8 (0xff9ff06f)
core   0: 0x8000dbe0 (0x00001f17) auipc   t5, 0x1
core   0: 3 0x8000dbe0 (0x00001f17) x30 0x8000ebe0
core   0: 0x8000dbe4 (0x423f2023) sw      gp, 1056(t5)
core   0: 3 0x8000dbe4 (0x423f2023) mem 0x8000f000 0x00000001
core   0: 0x8000dbe8 (0xff9ff06f) j       pc - 0x8
core   0: 3 0x8000dbe8 (0xff9ff06f)
core   0: 0x8000dbe0 (0x00001f17) auipc   t5, 0x1
core   0: 3 0x8000dbe0 (0x00001f17) x30 0x8000ebe0
core   0: 0x8000dbe4 (0x423f2023) sw      gp, 1056(t5)
core   0: 3 0x8000dbe4 (0x423f2023) mem 0x8000f000 0x00000001
core   0: 0x8000dbe8 (0xff9ff06f) j       pc - 0x8
core   0: 3 0x8000dbe8 (0xff9ff06f)
core   0: 0x8000dbe0 (0x00001f17) auipc   t5, 0x1
core   0: 3 0x8000dbe0 (0x00001f17) x30 0x8000ebe0
core   0: 0x8000dbe4 (0x423f2023) sw      gp, 1056(t5)
core   0: 3 0x8000dbe4 (0x423f2023) mem 0x8000f000 0x00000001
core   0: 0x8000dbe8 (0xff9ff06f) j       pc - 0x8
core   0: 3 0x8000dbe8 (0xff9ff06f)
core   0: 0x8000dbe0 (0x00001f17) auipc   t5, 0x1
core   0: 3 0x8000dbe0 (0x00001f17) x30 0x8000ebe0
core   0: 0x8000dbe4 (0x423f2023) sw      gp, 1056(t5)
core   0: 3 0x8000dbe4 (0x423f2023) mem 0x8000f000 0x00000001
core   0: 0x8000dbe8 (0xff9ff06f) j       pc - 0x8
core   0: 3 0x8000dbe8 (0xff9ff06f)
core   0: 0x8000dbe0 (0x00001f17) auipc   t5, 0x1
core   0: 3 0x8000dbe0 (0x00001f17) x30 0x8000ebe0
core   0: 0x8000dbe4 (0x423f2023) sw      gp, 1056(t5)
core   0: 3 0x8000dbe4 (0x423f2023) mem 0x8000f000 0x00000001
core   0: 0x8000dbe8 (0xff9ff06f) j       pc - 0x8
core   0: 3 0x8000dbe8 (0xff9ff06f)
core   0: 0x8000dbe0 (0x00001f17) auipc   t5, 0x1
core   0: 3 0x8000dbe0 (0x00001f17) x30 0x8000ebe0
core   0: 0x8000dbe4 (0x423f2023) sw      gp, 1056(t5)
core   0: 3 0x8000dbe4 (0x423f2023) mem 0x8000f000 0x00000001
core   0: 0x8000dbe8 (0xff9ff06f) j       pc - 0x8
core   0: 3 0x8000dbe8 (0xff9ff06f)
core   0: 0x8000dbe0 (0x00001f17) auipc   t5, 0x1
core   0: 3 0x8000dbe0 (0x00001f17) x30 0x8000ebe0
core   0: 0x8000dbe4 (0x423f2023) sw      gp, 1056(t5)
core   0: 3 0x8000dbe4 (0x423f2023) mem 0x8000f000 0x00000001
core   0: 0x8000dbe8 (0xff9ff06f) j       pc - 0x8
core   0: 3 0x8000dbe8 (0xff9ff06f)
core   0: 0x8000dbe0 (0x00001f17) auipc   t5, 0x1
core   0: 3 0x8000dbe0 (0x00001f17) x30 0x8000ebe0
core   0: 0x8000dbe4 (0x423f2023) sw      gp, 1056(t5)
core   0: 3 0x8000dbe4 (0x423f2023) mem 0x8000f000 0x00000001
core   0: 0x8000dbe8 (0xff9ff06f) j       pc - 0x8
core   0: 3 0x8000dbe8 (0xff9ff06f)
core   0: 0x8000dbe0 (0x00001f17) auipc   t5, 0x1
core   0: 3 0x8000dbe0 (0x00001f17) x30 0x8000ebe0
core   0: 0x8000dbe4 (0x423f2023) sw      gp, 1056(t5)
core   0: 3 0x8000dbe4 (0x423f2023) mem 0x8000f000 0x00000001
core   0: 0x8000dbe8 (0xff9ff06f) j       pc - 0x8
core   0: 3 0x8000dbe8 (0xff9ff06f)
core   0: 0x8000dbe0 (0x00001f17) auipc   t5, 0x1
core   0: 3 0x8000dbe0 (0x00001f17) x30 0x8000ebe0
core   0: 0x8000dbe4 (0x423f2023) sw      gp, 1056(t5)
core   0: 3 0x8000dbe4 (0x423f2023) mem 0x8000f000 0x00000001
core   0: 0x8000dbe8 (0xff9ff06f) j       pc - 0x8
core   0: 3 0x8000dbe8 (0xff9ff06f)
core   0: 0x8000dbe0 (0x00001f17) auipc   t5, 0x1
core   0: 3 0x8000dbe0 (0x00001f17) x30 0x8000ebe0
core   0: 0x8000dbe4 (0x423f2023) sw      gp, 1056(t5)
core   0: 3 0x8000dbe4 (0x423f2023) mem 0x8000f000 0x00000001
core   0: 0x8000dbe8 (0xff9ff06f) j       pc - 0x8
core   0: 3 0x8000dbe8 (0xff9ff06f)
core   0: 0x8000dbe0 (0x00001f17) auipc   t5, 0x1
core   0: 3 0x8000dbe0 (0x00001f17) x30 0x8000ebe0
core   0: 0x8000dbe4 (0x423f2023) sw      gp, 1056(t5)
core   0: 3 0x8000dbe4 (0x423f2023) mem 0x8000f000 0x00000001
core   0: 0x8000dbe8 (0xff9ff06f) j       pc - 0x8
core   0: 3 0x8000dbe8 (0xff9ff06f)
core   0: 0x8000dbe0 (0x00001f17) auipc   t5, 0x1
core   0: 3 0x8000dbe0 (0x00001f17) x30 0x8000ebe0
core   0: 0x8000dbe4 (0x423f2023) sw      gp, 1056(t5)
core   0: 3 0x8000dbe4 (0x423f2023) mem 0x8000f000 0x00000001
core   0: 0x8000dbe8 (0xff9ff06f) j       pc - 0x8
core   0: 3 0x8000dbe8 (0xff9ff06f)
core   0: 0x8000dbe0 (0x00001f17) auipc   t5, 0x1
core   0: 3 0x8000dbe0 (0x00001f17) x30 0x8000ebe0
core   0: 0x8000dbe4 (0x423f2023) sw      gp, 1056(t5)
core   0: 3 0x8000dbe4 (0x423f2023) mem 0x8000f000 0x00000001
core   0: 0x8000dbe8 (0xff9ff06f) j       pc - 0x8
core   0: 3 0x8000dbe8 (0xff9ff06f)
core   0: 0x8000dbe0 (0x00001f17) auipc   t5, 0x1
core   0: 3 0x8000dbe0 (0x00001f17) x30 0x8000ebe0
core   0: 0x8000dbe4 (0x423f2023) sw      gp, 1056(t5)
core   0: 3 0x8000dbe4 (0x423f2023) mem 0x8000f000 0x00000001
core   0: 0x8000dbe8 (0xff9ff06f) j       pc - 0x8
core   0: 3 0x8000dbe8 (0xff9ff06f)
core   0: 0x8000dbe0 (0x00001f17) auipc   t5, 0x1
core   0: 3 0x8000dbe0 (0x00001f17) x30 0x8000ebe0
core   0: 0x8000dbe4 (0x423f2023) sw      gp, 1056(t5)
core   0: 3 0x8000dbe4 (0x423f2023) mem 0x8000f000 0x00000001
core   0: 0x8000dbe8 (0xff9ff06f) j       pc - 0x8
core   0: 3 0x8000dbe8 (0xff9ff06f)
core   0: 0x8000dbe0 (0x00001f17) auipc   t5, 0x1
core   0: 3 0x8000dbe0 (0x00001f17) x30 0x8000ebe0
core   0: 0x8000dbe4 (0x423f2023) sw      gp, 1056(t5)
core   0: 3 0x8000dbe4 (0x423f2023) mem 0x8000f000 0x00000001
core   0: 0x8000dbe8 (0xff9ff06f) j       pc - 0x8
core   0: 3 0x8000dbe8 (0xff9ff06f)
core   0: 0x8000dbe0 (0x00001f17) auipc   t5, 0x1
core   0: 3 0x8000dbe0 (0x00001f17) x30 0x8000ebe0
core   0: 0x8000dbe4 (0x423f2023) sw      gp, 1056(t5)
core   0: 3 0x8000dbe4 (0x423f2023) mem 0x8000f000 0x00000001
core   0: 0x8000dbe8 (0xff9ff06f) j       pc - 0x8
core   0: 3 0x8000dbe8 (0xff9ff06f)
core   0: 0x8000dbe0 (0x00001f17) auipc   t5, 0x1
core   0: 3 0x8000dbe0 (0x00001f17) x30 0x8000ebe0
core   0: 0x8000dbe4 (0x423f2023) sw      gp, 1056(t5)
core   0: 3 0x8000dbe4 (0x423f2023) mem 0x8000f000 0x00000001
core   0: 0x8000dbe8 (0xff9ff06f) j       pc - 0x8
core   0: 3 0x8000dbe8 (0xff9ff06f)
core   0: 0x8000dbe0 (0x00001f17) auipc   t5, 0x1
core   0: 3 0x8000dbe0 (0x00001f17) x30 0x8000ebe0
core   0: 0x8000dbe4 (0x423f2023) sw      gp, 1056(t5)
core   0: 3 0x8000dbe4 (0x423f2023) mem 0x8000f000 0x00000001
core   0: 0x8000dbe8 (0xff9ff06f) j       pc - 0x8
core   0: 3 0x8000dbe8 (0xff9ff06f)
core   0: 0x8000dbe0 (0x00001f17) auipc   t5, 0x1
core   0: 3 0x8000dbe0 (0x00001f17) x30 0x8000ebe0
core   0: 0x8000dbe4 (0x423f2023) sw      gp, 1056(t5)
core   0: 3 0x8000dbe4 (0x423f2023) mem 0x8000f000 0x00000001
core   0: 0x8000dbe8 (0xff9ff06f) j       pc - 0x8
core   0: 3 0x8000dbe8 (0xff9ff06f)
core   0: 0x8000dbe0 (0x00001f17) auipc   t5, 0x1
core   0: 3 0x8000dbe0 (0x00001f17) x30 0x8000ebe0
core   0: 0x8000dbe4 (0x423f2023) sw      gp, 1056(t5)
core   0: 3 0x8000dbe4 (0x423f2023) mem 0x8000f000 0x00000001
core   0: 0x8000dbe8 (0xff9ff06f) j       pc - 0x8
core   0: 3 0x8000dbe8 (0xff9ff06f)
core   0: 0x8000dbe0 (0x00001f17) auipc   t5, 0x1
core   0: 3 0x8000dbe0 (0x00001f17) x30 0x8000ebe0
core   0: 0x8000dbe4 (0x423f2023) sw      gp, 1056(t5)
core   0: 3 0x8000dbe4 (0x423f2023) mem 0x8000f000 0x00000001
core   0: 0x8000dbe8 (0xff9ff06f) j       pc - 0x8
core   0: 3 0x8000dbe8 (0xff9ff06f)
core   0: 0x8000dbe0 (0x00001f17) auipc   t5, 0x1
core   0: 3 0x8000dbe0 (0x00001f17) x30 0x8000ebe0
core   0: 0x8000dbe4 (0x423f2023) sw      gp, 1056(t5)
core   0: 3 0x8000dbe4 (0x423f2023) mem 0x8000f000 0x00000001
core   0: 0x8000dbe8 (0xff9ff06f) j       pc - 0x8
core   0: 3 0x8000dbe8 (0xff9ff06f)
core   0: 0x8000dbe0 (0x00001f17) auipc   t5, 0x1
core   0: 3 0x8000dbe0 (0x00001f17) x30 0x8000ebe0
core   0: 0x8000dbe4 (0x423f2023) sw      gp, 1056(t5)
core   0: 3 0x8000dbe4 (0x423f2023) mem 0x8000f000 0x00000001
core   0: 0x8000dbe8 (0xff9ff06f) j       pc - 0x8
core   0: 3 0x8000dbe8 (0xff9ff06f)
core   0: 0x8000dbe0 (0x00001f17) auipc   t5, 0x1
core   0: 3 0x8000dbe0 (0x00001f17) x30 0x8000ebe0
core   0: 0x8000dbe4 (0x423f2023) sw      gp, 1056(t5)
core   0: 3 0x8000dbe4 (0x423f2023) mem 0x8000f000 0x00000001
core   0: 0x8000dbe8 (0xff9ff06f) j       pc - 0x8
core   0: 3 0x8000dbe8 (0xff9ff06f)
core   0: 0x8000dbe0 (0x00001f17) auipc   t5, 0x1
core   0: 3 0x8000dbe0 (0x00001f17) x30 0x8000ebe0
core   0: 0x8000dbe4 (0x423f2023) sw      gp, 1056(t5)
core   0: 3 0x8000dbe4 (0x423f2023) mem 0x8000f000 0x00000001
core   0: 0x8000dbe8 (0xff9ff06f) j       pc - 0x8
core   0: 3 0x8000dbe8 (0xff9ff06f)
core   0: 0x8000dbe0 (0x00001f17) auipc   t5, 0x1
core   0: 3 0x8000dbe0 (0x00001f17) x30 0x8000ebe0
core   0: 0x8000dbe4 (0x423f2023) sw      gp, 1056(t5)
core   0: 3 0x8000dbe4 (0x423f2023) mem 0x8000f000 0x00000001
core   0: 0x8000dbe8 (0xff9ff06f) j       pc - 0x8
core   0: 3 0x8000dbe8 (0xff9ff06f)
core   0: 0x8000dbe0 (0x00001f17) auipc   t5, 0x1
core   0: 3 0x8000dbe0 (0x00001f17) x30 0x8000ebe0
core   0: 0x8000dbe4 (0x423f2023) sw      gp, 1056(t5)
core   0: 3 0x8000dbe4 (0x423f2023) mem 0x8000f000 0x00000001
core   0: 0x8000dbe8 (0xff9ff06f) j       pc - 0x8
core   0: 3 0x8000dbe8 (0xff9ff06f)
core   0: 0x8000dbe0 (0x00001f17) auipc   t5, 0x1
core   0: 3 0x8000dbe0 (0x00001f17) x30 0x8000ebe0
core   0: 0x8000dbe4 (0x423f2023) sw      gp, 1056(t5)
core   0: 3 0x8000dbe4 (0x423f2023) mem 0x8000f000 0x00000001
core   0: 0x8000dbe8 (0xff9ff06f) j       pc - 0x8
core   0: 3 0x8000dbe8 (0xff9ff06f)
core   0: 0x8000dbe0 (0x00001f17) auipc   t5, 0x1
core   0: 3 0x8000dbe0 (0x00001f17) x30 0x8000ebe0
core   0: 0x8000dbe4 (0x423f2023) sw      gp, 1056(t5)
core   0: 3 0x8000dbe4 (0x423f2023) mem 0x8000f000 0x00000001
core   0: 0x8000dbe8 (0xff9ff06f) j       pc - 0x8
core   0: 3 0x8000dbe8 (0xff9ff06f)
core   0: 0x8000dbe0 (0x00001f17) auipc   t5, 0x1
core   0: 3 0x8000dbe0 (0x00001f17) x30 0x8000ebe0
core   0: 0x8000dbe4 (0x423f2023) sw      gp, 1056(t5)
core   0: 3 0x8000dbe4 (0x423f2023) mem 0x8000f000 0x00000001
core   0: 0x8000dbe8 (0xff9ff06f) j       pc - 0x8
core   0: 3 0x8000dbe8 (0xff9ff06f)
core   0: 0x8000dbe0 (0x00001f17) auipc   t5, 0x1
core   0: 3 0x8000dbe0 (0x00001f17) x30 0x8000ebe0
core   0: 0x8000dbe4 (0x423f2023) sw      gp, 1056(t5)
core   0: 3 0x8000dbe4 (0x423f2023) mem 0x8000f000 0x00000001
core   0: 0x8000dbe8 (0xff9ff06f) j       pc - 0x8
core   0: 3 0x8000dbe8 (0xff9ff06f)
core   0: 0x8000dbe0 (0x00001f17) auipc   t5, 0x1
core   0: 3 0x8000dbe0 (0x00001f17) x30 0x8000ebe0
core   0: 0x8000dbe4 (0x423f2023) sw      gp, 1056(t5)
core   0: 3 0x8000dbe4 (0x423f2023) mem 0x8000f000 0x00000001
core   0: 0x8000dbe8 (0xff9ff06f) j       pc - 0x8
core   0: 3 0x8000dbe8 (0xff9ff06f)
core   0: 0x8000dbe0 (0x00001f17) auipc   t5, 0x1
core   0: 3 0x8000dbe0 (0x00001f17) x30 0x8000ebe0
core   0: 0x8000dbe4 (0x423f2023) sw      gp, 1056(t5)
core   0: 3 0x8000dbe4 (0x423f2023) mem 0x8000f000 0x00000001
core   0: 0x8000dbe8 (0xff9ff06f) j       pc - 0x8
core   0: 3 0x8000dbe8 (0xff9ff06f)
core   0: 0x8000dbe0 (0x00001f17) auipc   t5, 0x1
core   0: 3 0x8000dbe0 (0x00001f17) x30 0x8000ebe0
core   0: 0x8000dbe4 (0x423f2023) sw      gp, 1056(t5)
core   0: 3 0x8000dbe4 (0x423f2023) mem 0x8000f000 0x00000001
core   0: 0x8000dbe8 (0xff9ff06f) j       pc - 0x8
core   0: 3 0x8000dbe8 (0xff9ff06f)
core   0: 0x8000dbe0 (0x00001f17) auipc   t5, 0x1
core   0: 3 0x8000dbe0 (0x00001f17) x30 0x8000ebe0
core   0: 0x8000dbe4 (0x423f2023) sw      gp, 1056(t5)
core   0: 3 0x8000dbe4 (0x423f2023) mem 0x8000f000 0x00000001
core   0: 0x8000dbe8 (0xff9ff06f) j       pc - 0x8
core   0: 3 0x8000dbe8 (0xff9ff06f)
core   0: 0x8000dbe0 (0x00001f17) auipc   t5, 0x1
core   0: 3 0x8000dbe0 (0x00001f17) x30 0x8000ebe0
core   0: 0x8000dbe4 (0x423f2023) sw      gp, 1056(t5)
core   0: 3 0x8000dbe4 (0x423f2023) mem 0x8000f000 0x00000001
core   0: 0x8000dbe8 (0xff9ff06f) j       pc - 0x8
core   0: 3 0x8000dbe8 (0xff9ff06f)
core   0: 0x8000dbe0 (0x00001f17) auipc   t5, 0x1
core   0: 3 0x8000dbe0 (0x00001f17) x30 0x8000ebe0
core   0: 0x8000dbe4 (0x423f2023) sw      gp, 1056(t5)
core   0: 3 0x8000dbe4 (0x423f2023) mem 0x8000f000 0x00000001
core   0: 0x8000dbe8 (0xff9ff06f) j       pc - 0x8
core   0: 3 0x8000dbe8 (0xff9ff06f)
core   0: 0x8000dbe0 (0x00001f17) auipc   t5, 0x1
core   0: 3 0x8000dbe0 (0x00001f17) x30 0x8000ebe0
core   0: 0x8000dbe4 (0x423f2023) sw      gp, 1056(t5)
core   0: 3 0x8000dbe4 (0x423f2023) mem 0x8000f000 0x00000001
core   0: 0x8000dbe8 (0xff9ff06f) j       pc - 0x8
core   0: 3 0x8000dbe8 (0xff9ff06f)
core   0: 0x8000dbe0 (0x00001f17) auipc   t5, 0x1
core   0: 3 0x8000dbe0 (0x00001f17) x30 0x8000ebe0
core   0: 0x8000dbe4 (0x423f2023) sw      gp, 1056(t5)
core   0: 3 0x8000dbe4 (0x423f2023) mem 0x8000f000 0x00000001
core   0: 0x8000dbe8 (0xff9ff06f) j       pc - 0x8
core   0: 3 0x8000dbe8 (0xff9ff06f)
core   0: 0x8000dbe0 (0x00001f17) auipc   t5, 0x1
core   0: 3 0x8000dbe0 (0x00001f17) x30 0x8000ebe0
core   0: 0x8000dbe4 (0x423f2023) sw      gp, 1056(t5)
core   0: 3 0x8000dbe4 (0x423f2023) mem 0x8000f000 0x00000001
core   0: 0x8000dbe8 (0xff9ff06f) j       pc - 0x8
core   0: 3 0x8000dbe8 (0xff9ff06f)
core   0: 0x8000dbe0 (0x00001f17) auipc   t5, 0x1
core   0: 3 0x8000dbe0 (0x00001f17) x30 0x8000ebe0
core   0: 0x8000dbe4 (0x423f2023) sw      gp, 1056(t5)
core   0: 3 0x8000dbe4 (0x423f2023) mem 0x8000f000 0x00000001
core   0: 0x8000dbe8 (0xff9ff06f) j       pc - 0x8
core   0: 3 0x8000dbe8 (0xff9ff06f)
core   0: 0x8000dbe0 (0x00001f17) auipc   t5, 0x1
core   0: 3 0x8000dbe0 (0x00001f17) x30 0x8000ebe0
core   0: 0x8000dbe4 (0x423f2023) sw      gp, 1056(t5)
core   0: 3 0x8000dbe4 (0x423f2023) mem 0x8000f000 0x00000001
core   0: 0x8000dbe8 (0xff9ff06f) j       pc - 0x8
core   0: 3 0x8000dbe8 (0xff9ff06f)
core   0: 0x8000dbe0 (0x00001f17) auipc   t5, 0x1
core   0: 3 0x8000dbe0 (0x00001f17) x30 0x8000ebe0
core   0: 0x8000dbe4 (0x423f2023) sw      gp, 1056(t5)
core   0: 3 0x8000dbe4 (0x423f2023) mem 0x8000f000 0x00000001
core   0: 0x8000dbe8 (0xff9ff06f) j       pc - 0x8
core   0: 3 0x8000dbe8 (0xff9ff06f)
core   0: 0x8000dbe0 (0x00001f17) auipc   t5, 0x1
core   0: 3 0x8000dbe0 (0x00001f17) x30 0x8000ebe0
core   0: 0x8000dbe4 (0x423f2023) sw      gp, 1056(t5)
core   0: 3 0x8000dbe4 (0x423f2023) mem 0x8000f000 0x00000001
core   0: 0x8000dbe8 (0xff9ff06f) j       pc - 0x8
core   0: 3 0x8000dbe8 (0xff9ff06f)
core   0: 0x8000dbe0 (0x00001f17) auipc   t5, 0x1
core   0: 3 0x8000dbe0 (0x00001f17) x30 0x8000ebe0
core   0: 0x8000dbe4 (0x423f2023) sw      gp, 1056(t5)
core   0: 3 0x8000dbe4 (0x423f2023) mem 0x8000f000 0x00000001
core   0: 0x8000dbe8 (0xff9ff06f) j       pc - 0x8
core   0: 3 0x8000dbe8 (0xff9ff06f)
core   0: 0x8000dbe0 (0x00001f17) auipc   t5, 0x1
core   0: 3 0x8000dbe0 (0x00001f17) x30 0x8000ebe0
core   0: 0x8000dbe4 (0x423f2023) sw      gp, 1056(t5)
core   0: 3 0x8000dbe4 (0x423f2023) mem 0x8000f000 0x00000001
core   0: 0x8000dbe8 (0xff9ff06f) j       pc - 0x8
core   0: 3 0x8000dbe8 (0xff9ff06f)
core   0: 0x8000dbe0 (0x00001f17) auipc   t5, 0x1
core   0: 3 0x8000dbe0 (0x00001f17) x30 0x8000ebe0
core   0: 0x8000dbe4 (0x423f2023) sw      gp, 1056(t5)
core   0: 3 0x8000dbe4 (0x423f2023) mem 0x8000f000 0x00000001
core   0: 0x8000dbe8 (0xff9ff06f) j       pc - 0x8
core   0: 3 0x8000dbe8 (0xff9ff06f)
core   0: 0x8000dbe0 (0x00001f17) auipc   t5, 0x1
core   0: 3 0x8000dbe0 (0x00001f17) x30 0x8000ebe0
core   0: 0x8000dbe4 (0x423f2023) sw      gp, 1056(t5)
core   0: 3 0x8000dbe4 (0x423f2023) mem 0x8000f000 0x00000001
core   0: 0x8000dbe8 (0xff9ff06f) j       pc - 0x8
core   0: 3 0x8000dbe8 (0xff9ff06f)
core   0: 0x8000dbe0 (0x00001f17) auipc   t5, 0x1
core   0: 3 0x8000dbe0 (0x00001f17) x30 0x8000ebe0
core   0: 0x8000dbe4 (0x423f2023) sw      gp, 1056(t5)
core   0: 3 0x8000dbe4 (0x423f2023) mem 0x8000f000 0x00000001
core   0: 0x8000dbe8 (0xff9ff06f) j       pc - 0x8
core   0: 3 0x8000dbe8 (0xff9ff06f)
core   0: 0x8000dbe0 (0x00001f17) auipc   t5, 0x1
core   0: 3 0x8000dbe0 (0x00001f17) x30 0x8000ebe0
core   0: 0x8000dbe4 (0x423f2023) sw      gp, 1056(t5)
core   0: 3 0x8000dbe4 (0x423f2023) mem 0x8000f000 0x00000001
core   0: 0x8000dbe8 (0xff9ff06f) j       pc - 0x8
core   0: 3 0x8000dbe8 (0xff9ff06f)
core   0: 0x8000dbe0 (0x00001f17) auipc   t5, 0x1
core   0: 3 0x8000dbe0 (0x00001f17) x30 0x8000ebe0
core   0: 0x8000dbe4 (0x423f2023) sw      gp, 1056(t5)
core   0: 3 0x8000dbe4 (0x423f2023) mem 0x8000f000 0x00000001
core   0: 0x8000dbe8 (0xff9ff06f) j       pc - 0x8
core   0: 3 0x8000dbe8 (0xff9ff06f)
core   0: 0x8000dbe0 (0x00001f17) auipc   t5, 0x1
core   0: 3 0x8000dbe0 (0x00001f17) x30 0x8000ebe0
core   0: 0x8000dbe4 (0x423f2023) sw      gp, 1056(t5)
core   0: 3 0x8000dbe4 (0x423f2023) mem 0x8000f000 0x00000001
core   0: 0x8000dbe8 (0xff9ff06f) j       pc - 0x8
core   0: 3 0x8000dbe8 (0xff9ff06f)
core   0: 0x8000dbe0 (0x00001f17) auipc   t5, 0x1
core   0: 3 0x8000dbe0 (0x00001f17) x30 0x8000ebe0
core   0: 0x8000dbe4 (0x423f2023) sw      gp, 1056(t5)
core   0: 3 0x8000dbe4 (0x423f2023) mem 0x8000f000 0x00000001
core   0: 0x8000dbe8 (0xff9ff06f) j       pc - 0x8
core   0: 3 0x8000dbe8 (0xff9ff06f)
core   0: 0x8000dbe0 (0x00001f17) auipc   t5, 0x1
core   0: 3 0x8000dbe0 (0x00001f17) x30 0x8000ebe0
core   0: 0x8000dbe4 (0x423f2023) sw      gp, 1056(t5)
core   0: 3 0x8000dbe4 (0x423f2023) mem 0x8000f000 0x00000001
core   0: 0x8000dbe8 (0xff9ff06f) j       pc - 0x8
core   0: 3 0x8000dbe8 (0xff9ff06f)
core   0: 0x8000dbe0 (0x00001f17) auipc   t5, 0x1
core   0: 3 0x8000dbe0 (0x00001f17) x30 0x8000ebe0
core   0: 0x8000dbe4 (0x423f2023) sw      gp, 1056(t5)
core   0: 3 0x8000dbe4 (0x423f2023) mem 0x8000f000 0x00000001
core   0: 0x8000dbe8 (0xff9ff06f) j       pc - 0x8
core   0: 3 0x8000dbe8 (0xff9ff06f)
core   0: 0x8000dbe0 (0x00001f17) auipc   t5, 0x1
core   0: 3 0x8000dbe0 (0x00001f17) x30 0x8000ebe0
core   0: 0x8000dbe4 (0x423f2023) sw      gp, 1056(t5)
core   0: 3 0x8000dbe4 (0x423f2023) mem 0x8000f000 0x00000001
core   0: 0x8000dbe8 (0xff9ff06f) j       pc - 0x8
core   0: 3 0x8000dbe8 (0xff9ff06f)
core   0: 0x8000dbe0 (0x00001f17) auipc   t5, 0x1
core   0: 3 0x8000dbe0 (0x00001f17) x30 0x8000ebe0
core   0: 0x8000dbe4 (0x423f2023) sw      gp, 1056(t5)
core   0: 3 0x8000dbe4 (0x423f2023) mem 0x8000f000 0x00000001
core   0: 0x8000dbe8 (0xff9ff06f) j       pc - 0x8
core   0: 3 0x8000dbe8 (0xff9ff06f)
core   0: 0x8000dbe0 (0x00001f17) auipc   t5, 0x1
core   0: 3 0x8000dbe0 (0x00001f17) x30 0x8000ebe0
core   0: 0x8000dbe4 (0x423f2023) sw      gp, 1056(t5)
core   0: 3 0x8000dbe4 (0x423f2023) mem 0x8000f000 0x00000001
core   0: 0x8000dbe8 (0xff9ff06f) j       pc - 0x8
core   0: 3 0x8000dbe8 (0xff9ff06f)
core   0: 0x8000dbe0 (0x00001f17) auipc   t5, 0x1
core   0: 3 0x8000dbe0 (0x00001f17) x30 0x8000ebe0
core   0: 0x8000dbe4 (0x423f2023) sw      gp, 1056(t5)
core   0: 3 0x8000dbe4 (0x423f2023) mem 0x8000f000 0x00000001
core   0: 0x8000dbe8 (0xff9ff06f) j       pc - 0x8
core   0: 3 0x8000dbe8 (0xff9ff06f)
core   0: 0x8000dbe0 (0x00001f17) auipc   t5, 0x1
core   0: 3 0x8000dbe0 (0x00001f17) x30 0x8000ebe0
core   0: 0x8000dbe4 (0x423f2023) sw      gp, 1056(t5)
core   0: 3 0x8000dbe4 (0x423f2023) mem 0x8000f000 0x00000001
core   0: 0x8000dbe8 (0xff9ff06f) j       pc - 0x8
core   0: 3 0x8000dbe8 (0xff9ff06f)
core   0: 0x8000dbe0 (0x00001f17) auipc   t5, 0x1
core   0: 3 0x8000dbe0 (0x00001f17) x30 0x8000ebe0
core   0: 0x8000dbe4 (0x423f2023) sw      gp, 1056(t5)
core   0: 3 0x8000dbe4 (0x423f2023) mem 0x8000f000 0x00000001
core   0: 0x8000dbe8 (0xff9ff06f) j       pc - 0x8
core   0: 3 0x8000dbe8 (0xff9ff06f)
core   0: 0x8000dbe0 (0x00001f17) auipc   t5, 0x1
core   0: 3 0x8000dbe0 (0x00001f17) x30 0x8000ebe0
core   0: 0x8000dbe4 (0x423f2023) sw      gp, 1056(t5)
core   0: 3 0x8000dbe4 (0x423f2023) mem 0x8000f000 0x00000001
core   0: 0x8000dbe8 (0xff9ff06f) j       pc - 0x8
core   0: 3 0x8000dbe8 (0xff9ff06f)
core   0: 0x8000dbe0 (0x00001f17) auipc   t5, 0x1
core   0: 3 0x8000dbe0 (0x00001f17) x30 0x8000ebe0
core   0: 0x8000dbe4 (0x423f2023) sw      gp, 1056(t5)
core   0: 3 0x8000dbe4 (0x423f2023) mem 0x8000f000 0x00000001
core   0: 0x8000dbe8 (0xff9ff06f) j       pc - 0x8
core   0: 3 0x8000dbe8 (0xff9ff06f)
core   0: 0x8000dbe0 (0x00001f17) auipc   t5, 0x1
core   0: 3 0x8000dbe0 (0x00001f17) x30 0x8000ebe0
core   0: 0x8000dbe4 (0x423f2023) sw      gp, 1056(t5)
core   0: 3 0x8000dbe4 (0x423f2023) mem 0x8000f000 0x00000001
core   0: 0x8000dbe8 (0xff9ff06f) j       pc - 0x8
core   0: 3 0x8000dbe8 (0xff9ff06f)
core   0: 0x8000dbe0 (0x00001f17) auipc   t5, 0x1
core   0: 3 0x8000dbe0 (0x00001f17) x30 0x8000ebe0
core   0: 0x8000dbe4 (0x423f2023) sw      gp, 1056(t5)
core   0: 3 0x8000dbe4 (0x423f2023) mem 0x8000f000 0x00000001
core   0: 0x8000dbe8 (0xff9ff06f) j       pc - 0x8
core   0: 3 0x8000dbe8 (0xff9ff06f)
core   0: 0x8000dbe0 (0x00001f17) auipc   t5, 0x1
core   0: 3 0x8000dbe0 (0x00001f17) x30 0x8000ebe0
core   0: 0x8000dbe4 (0x423f2023) sw      gp, 1056(t5)
core   0: 3 0x8000dbe4 (0x423f2023) mem 0x8000f000 0x00000001
core   0: 0x8000dbe8 (0xff9ff06f) j       pc - 0x8
core   0: 3 0x8000dbe8 (0xff9ff06f)
core   0: 0x8000dbe0 (0x00001f17) auipc   t5, 0x1
core   0: 3 0x8000dbe0 (0x00001f17) x30 0x8000ebe0
core   0: 0x8000dbe4 (0x423f2023) sw      gp, 1056(t5)
core   0: 3 0x8000dbe4 (0x423f2023) mem 0x8000f000 0x00000001
core   0: 0x8000dbe8 (0xff9ff06f) j       pc - 0x8
core   0: 3 0x8000dbe8 (0xff9ff06f)
core   0: 0x8000dbe0 (0x00001f17) auipc   t5, 0x1
core   0: 3 0x8000dbe0 (0x00001f17) x30 0x8000ebe0
core   0: 0x8000dbe4 (0x423f2023) sw      gp, 1056(t5)
core   0: 3 0x8000dbe4 (0x423f2023) mem 0x8000f000 0x00000001
core   0: 0x8000dbe8 (0xff9ff06f) j       pc - 0x8
core   0: 3 0x8000dbe8 (0xff9ff06f)
core   0: 0x8000dbe0 (0x00001f17) auipc   t5, 0x1
core   0: 3 0x8000dbe0 (0x00001f17) x30 0x8000ebe0
core   0: 0x8000dbe4 (0x423f2023) sw      gp, 1056(t5)
core   0: 3 0x8000dbe4 (0x423f2023) mem 0x8000f000 0x00000001
core   0: 0x8000dbe8 (0xff9ff06f) j       pc - 0x8
core   0: 3 0x8000dbe8 (0xff9ff06f)
core   0: 0x8000dbe0 (0x00001f17) auipc   t5, 0x1
core   0: 3 0x8000dbe0 (0x00001f17) x30 0x8000ebe0
core   0: 0x8000dbe4 (0x423f2023) sw      gp, 1056(t5)
core   0: 3 0x8000dbe4 (0x423f2023) mem 0x8000f000 0x00000001
core   0: 0x8000dbe8 (0xff9ff06f) j       pc - 0x8
core   0: 3 0x8000dbe8 (0xff9ff06f)
core   0: 0x8000dbe0 (0x00001f17) auipc   t5, 0x1
core   0: 3 0x8000dbe0 (0x00001f17) x30 0x8000ebe0
core   0: 0x8000dbe4 (0x423f2023) sw      gp, 1056(t5)
core   0: 3 0x8000dbe4 (0x423f2023) mem 0x8000f000 0x00000001
core   0: 0x8000dbe8 (0xff9ff06f) j       pc - 0x8
core   0: 3 0x8000dbe8 (0xff9ff06f)
core   0: 0x8000dbe0 (0x00001f17) auipc   t5, 0x1
core   0: 3 0x8000dbe0 (0x00001f17) x30 0x8000ebe0
core   0: 0x8000dbe4 (0x423f2023) sw      gp, 1056(t5)
core   0: 3 0x8000dbe4 (0x423f2023) mem 0x8000f000 0x00000001
core   0: 0x8000dbe8 (0xff9ff06f) j       pc - 0x8
core   0: 3 0x8000dbe8 (0xff9ff06f)
core   0: 0x8000dbe0 (0x00001f17) auipc   t5, 0x1
core   0: 3 0x8000dbe0 (0x00001f17) x30 0x8000ebe0
core   0: 0x8000dbe4 (0x423f2023) sw      gp, 1056(t5)
core   0: 3 0x8000dbe4 (0x423f2023) mem 0x8000f000 0x00000001
core   0: 0x8000dbe8 (0xff9ff06f) j       pc - 0x8
core   0: 3 0x8000dbe8 (0xff9ff06f)
core   0: 0x8000dbe0 (0x00001f17) auipc   t5, 0x1
core   0: 3 0x8000dbe0 (0x00001f17) x30 0x8000ebe0
core   0: 0x8000dbe4 (0x423f2023) sw      gp, 1056(t5)
core   0: 3 0x8000dbe4 (0x423f2023) mem 0x8000f000 0x00000001
core   0: 0x8000dbe8 (0xff9ff06f) j       pc - 0x8
core   0: 3 0x8000dbe8 (0xff9ff06f)
core   0: 0x8000dbe0 (0x00001f17) auipc   t5, 0x1
core   0: 3 0x8000dbe0 (0x00001f17) x30 0x8000ebe0
core   0: 0x8000dbe4 (0x423f2023) sw      gp, 1056(t5)
core   0: 3 0x8000dbe4 (0x423f2023) mem 0x8000f000 0x00000001
core   0: 0x8000dbe8 (0xff9ff06f) j       pc - 0x8
core   0: 3 0x8000dbe8 (0xff9ff06f)
core   0: 0x8000dbe0 (0x00001f17) auipc   t5, 0x1
core   0: 3 0x8000dbe0 (0x00001f17) x30 0x8000ebe0
core   0: 0x8000dbe4 (0x423f2023) sw      gp, 1056(t5)
core   0: 3 0x8000dbe4 (0x423f2023) mem 0x8000f000 0x00000001
core   0: 0x8000dbe8 (0xff9ff06f) j       pc - 0x8
core   0: 3 0x8000dbe8 (0xff9ff06f)
core   0: 0x8000dbe0 (0x00001f17) auipc   t5, 0x1
core   0: 3 0x8000dbe0 (0x00001f17) x30 0x8000ebe0
core   0: 0x8000dbe4 (0x423f2023) sw      gp, 1056(t5)
core   0: 3 0x8000dbe4 (0x423f2023) mem 0x8000f000 0x00000001
core   0: 0x8000dbe8 (0xff9ff06f) j       pc - 0x8
core   0: 3 0x8000dbe8 (0xff9ff06f)
core   0: 0x8000dbe0 (0x00001f17) auipc   t5, 0x1
core   0: 3 0x8000dbe0 (0x00001f17) x30 0x8000ebe0
core   0: 0x8000dbe4 (0x423f2023) sw      gp, 1056(t5)
core   0: 3 0x8000dbe4 (0x423f2023) mem 0x8000f000 0x00000001
core   0: 0x8000dbe8 (0xff9ff06f) j       pc - 0x8
core   0: 3 0x8000dbe8 (0xff9ff06f)
core   0: 0x8000dbe0 (0x00001f17) auipc   t5, 0x1
core   0: 3 0x8000dbe0 (0x00001f17) x30 0x8000ebe0
core   0: 0x8000dbe4 (0x423f2023) sw      gp, 1056(t5)
core   0: 3 0x8000dbe4 (0x423f2023) mem 0x8000f000 0x00000001
core   0: 0x8000dbe8 (0xff9ff06f) j       pc - 0x8
core   0: 3 0x8000dbe8 (0xff9ff06f)
core   0: 0x8000dbe0 (0x00001f17) auipc   t5, 0x1
core   0: 3 0x8000dbe0 (0x00001f17) x30 0x8000ebe0
core   0: 0x8000dbe4 (0x423f2023) sw      gp, 1056(t5)
core   0: 3 0x8000dbe4 (0x423f2023) mem 0x8000f000 0x00000001
core   0: 0x8000dbe8 (0xff9ff06f) j       pc - 0x8
core   0: 3 0x8000dbe8 (0xff9ff06f)
core   0: 0x8000dbe0 (0x00001f17) auipc   t5, 0x1
core   0: 3 0x8000dbe0 (0x00001f17) x30 0x8000ebe0
core   0: 0x8000dbe4 (0x423f2023) sw      gp, 1056(t5)
core   0: 3 0x8000dbe4 (0x423f2023) mem 0x8000f000 0x00000001
core   0: 0x8000dbe8 (0xff9ff06f) j       pc - 0x8
core   0: 3 0x8000dbe8 (0xff9ff06f)
core   0: 0x8000dbe0 (0x00001f17) auipc   t5, 0x1
core   0: 3 0x8000dbe0 (0x00001f17) x30 0x8000ebe0
core   0: 0x8000dbe4 (0x423f2023) sw      gp, 1056(t5)
core   0: 3 0x8000dbe4 (0x423f2023) mem 0x8000f000 0x00000001
core   0: 0x8000dbe8 (0xff9ff06f) j       pc - 0x8
core   0: 3 0x8000dbe8 (0xff9ff06f)
core   0: 0x8000dbe0 (0x00001f17) auipc   t5, 0x1
core   0: 3 0x8000dbe0 (0x00001f17) x30 0x8000ebe0
core   0: 0x8000dbe4 (0x423f2023) sw      gp, 1056(t5)
core   0: 3 0x8000dbe4 (0x423f2023) mem 0x8000f000 0x00000001
core   0: 0x8000dbe8 (0xff9ff06f) j       pc - 0x8
core   0: 3 0x8000dbe8 (0xff9ff06f)
core   0: 0x8000dbe0 (0x00001f17) auipc   t5, 0x1
core   0: 3 0x8000dbe0 (0x00001f17) x30 0x8000ebe0
core   0: 0x8000dbe4 (0x423f2023) sw      gp, 1056(t5)
core   0: 3 0x8000dbe4 (0x423f2023) mem 0x8000f000 0x00000001
core   0: 0x8000dbe8 (0xff9ff06f) j       pc - 0x8
core   0: 3 0x8000dbe8 (0xff9ff06f)
core   0: 0x8000dbe0 (0x00001f17) auipc   t5, 0x1
core   0: 3 0x8000dbe0 (0x00001f17) x30 0x8000ebe0
core   0: 0x8000dbe4 (0x423f2023) sw      gp, 1056(t5)
core   0: 3 0x8000dbe4 (0x423f2023) mem 0x8000f000 0x00000001
core   0: 0x8000dbe8 (0xff9ff06f) j       pc - 0x8
core   0: 3 0x8000dbe8 (0xff9ff06f)
core   0: 0x8000dbe0 (0x00001f17) auipc   t5, 0x1
core   0: 3 0x8000dbe0 (0x00001f17) x30 0x8000ebe0
core   0: 0x8000dbe4 (0x423f2023) sw      gp, 1056(t5)
core   0: 3 0x8000dbe4 (0x423f2023) mem 0x8000f000 0x00000001
core   0: 0x8000dbe8 (0xff9ff06f) j       pc - 0x8
core   0: 3 0x8000dbe8 (0xff9ff06f)
core   0: 0x8000dbe0 (0x00001f17) auipc   t5, 0x1
core   0: 3 0x8000dbe0 (0x00001f17) x30 0x8000ebe0
core   0: 0x8000dbe4 (0x423f2023) sw      gp, 1056(t5)
core   0: 3 0x8000dbe4 (0x423f2023) mem 0x8000f000 0x00000001
core   0: 0x8000dbe8 (0xff9ff06f) j       pc - 0x8
core   0: 3 0x8000dbe8 (0xff9ff06f)
core   0: 0x8000dbe0 (0x00001f17) auipc   t5, 0x1
core   0: 3 0x8000dbe0 (0x00001f17) x30 0x8000ebe0
core   0: 0x8000dbe4 (0x423f2023) sw      gp, 1056(t5)
core   0: 3 0x8000dbe4 (0x423f2023) mem 0x8000f000 0x00000001
core   0: 0x8000dbe8 (0xff9ff06f) j       pc - 0x8
core   0: 3 0x8000dbe8 (0xff9ff06f)
core   0: 0x8000dbe0 (0x00001f17) auipc   t5, 0x1
core   0: 3 0x8000dbe0 (0x00001f17) x30 0x8000ebe0
core   0: 0x8000dbe4 (0x423f2023) sw      gp, 1056(t5)
core   0: 3 0x8000dbe4 (0x423f2023) mem 0x8000f000 0x00000001
core   0: 0x8000dbe8 (0xff9ff06f) j       pc - 0x8
core   0: 3 0x8000dbe8 (0xff9ff06f)
core   0: 0x8000dbe0 (0x00001f17) auipc   t5, 0x1
core   0: 3 0x8000dbe0 (0x00001f17) x30 0x8000ebe0
core   0: 0x8000dbe4 (0x423f2023) sw      gp, 1056(t5)
core   0: 3 0x8000dbe4 (0x423f2023) mem 0x8000f000 0x00000001
core   0: 0x8000dbe8 (0xff9ff06f) j       pc - 0x8
core   0: 3 0x8000dbe8 (0xff9ff06f)
core   0: 0x8000dbe0 (0x00001f17) auipc   t5, 0x1
core   0: 3 0x8000dbe0 (0x00001f17) x30 0x8000ebe0
core   0: 0x8000dbe4 (0x423f2023) sw      gp, 1056(t5)
core   0: 3 0x8000dbe4 (0x423f2023) mem 0x8000f000 0x00000001
core   0: 0x8000dbe8 (0xff9ff06f) j       pc - 0x8
core   0: 3 0x8000dbe8 (0xff9ff06f)
core   0: 0x8000dbe0 (0x00001f17) auipc   t5, 0x1
core   0: 3 0x8000dbe0 (0x00001f17) x30 0x8000ebe0
core   0: 0x8000dbe4 (0x423f2023) sw      gp, 1056(t5)
core   0: 3 0x8000dbe4 (0x423f2023) mem 0x8000f000 0x00000001
core   0: 0x8000dbe8 (0xff9ff06f) j       pc - 0x8
core   0: 3 0x8000dbe8 (0xff9ff06f)
core   0: 0x8000dbe0 (0x00001f17) auipc   t5, 0x1
core   0: 3 0x8000dbe0 (0x00001f17) x30 0x8000ebe0
core   0: 0x8000dbe4 (0x423f2023) sw      gp, 1056(t5)
core   0: 3 0x8000dbe4 (0x423f2023) mem 0x8000f000 0x00000001
core   0: 0x8000dbe8 (0xff9ff06f) j       pc - 0x8
core   0: 3 0x8000dbe8 (0xff9ff06f)
core   0: 0x8000dbe0 (0x00001f17) auipc   t5, 0x1
core   0: 3 0x8000dbe0 (0x00001f17) x30 0x8000ebe0
core   0: 0x8000dbe4 (0x423f2023) sw      gp, 1056(t5)
core   0: 3 0x8000dbe4 (0x423f2023) mem 0x8000f000 0x00000001
core   0: 0x8000dbe8 (0xff9ff06f) j       pc - 0x8
core   0: 3 0x8000dbe8 (0xff9ff06f)
core   0: 0x8000dbe0 (0x00001f17) auipc   t5, 0x1
core   0: 3 0x8000dbe0 (0x00001f17) x30 0x8000ebe0
core   0: 0x8000dbe4 (0x423f2023) sw      gp, 1056(t5)
core   0: 3 0x8000dbe4 (0x423f2023) mem 0x8000f000 0x00000001
core   0: 0x8000dbe8 (0xff9ff06f) j       pc - 0x8
core   0: 3 0x8000dbe8 (0xff9ff06f)
core   0: 0x8000dbe0 (0x00001f17) auipc   t5, 0x1
core   0: 3 0x8000dbe0 (0x00001f17) x30 0x8000ebe0
core   0: 0x8000dbe4 (0x423f2023) sw      gp, 1056(t5)
core   0: 3 0x8000dbe4 (0x423f2023) mem 0x8000f000 0x00000001
core   0: 0x8000dbe8 (0xff9ff06f) j       pc - 0x8
core   0: 3 0x8000dbe8 (0xff9ff06f)
core   0: 0x8000dbe0 (0x00001f17) auipc   t5, 0x1
core   0: 3 0x8000dbe0 (0x00001f17) x30 0x8000ebe0
core   0: 0x8000dbe4 (0x423f2023) sw      gp, 1056(t5)
core   0: 3 0x8000dbe4 (0x423f2023) mem 0x8000f000 0x00000001
core   0: 0x8000dbe8 (0xff9ff06f) j       pc - 0x8
core   0: 3 0x8000dbe8 (0xff9ff06f)
core   0: 0x8000dbe0 (0x00001f17) auipc   t5, 0x1
core   0: 3 0x8000dbe0 (0x00001f17) x30 0x8000ebe0
core   0: 0x8000dbe4 (0x423f2023) sw      gp, 1056(t5)
core   0: 3 0x8000dbe4 (0x423f2023) mem 0x8000f000 0x00000001
core   0: 0x8000dbe8 (0xff9ff06f) j       pc - 0x8
core   0: 3 0x8000dbe8 (0xff9ff06f)
core   0: 0x8000dbe0 (0x00001f17) auipc   t5, 0x1
core   0: 3 0x8000dbe0 (0x00001f17) x30 0x8000ebe0
core   0: 0x8000dbe4 (0x423f2023) sw      gp, 1056(t5)
core   0: 3 0x8000dbe4 (0x423f2023) mem 0x8000f000 0x00000001
core   0: 0x8000dbe8 (0xff9ff06f) j       pc - 0x8
core   0: 3 0x8000dbe8 (0xff9ff06f)
core   0: 0x8000dbe0 (0x00001f17) auipc   t5, 0x1
core   0: 3 0x8000dbe0 (0x00001f17) x30 0x8000ebe0
core   0: 0x8000dbe4 (0x423f2023) sw      gp, 1056(t5)
core   0: 3 0x8000dbe4 (0x423f2023) mem 0x8000f000 0x00000001
core   0: 0x8000dbe8 (0xff9ff06f) j       pc - 0x8
core   0: 3 0x8000dbe8 (0xff9ff06f)
core   0: 0x8000dbe0 (0x00001f17) auipc   t5, 0x1
core   0: 3 0x8000dbe0 (0x00001f17) x30 0x8000ebe0
core   0: 0x8000dbe4 (0x423f2023) sw      gp, 1056(t5)
core   0: 3 0x8000dbe4 (0x423f2023) mem 0x8000f000 0x00000001
core   0: 0x8000dbe8 (0xff9ff06f) j       pc - 0x8
core   0: 3 0x8000dbe8 (0xff9ff06f)
core   0: 0x8000dbe0 (0x00001f17) auipc   t5, 0x1
core   0: 3 0x8000dbe0 (0x00001f17) x30 0x8000ebe0
core   0: 0x8000dbe4 (0x423f2023) sw      gp, 1056(t5)
core   0: 3 0x8000dbe4 (0x423f2023) mem 0x8000f000 0x00000001
core   0: 0x8000dbe8 (0xff9ff06f) j       pc - 0x8
core   0: 3 0x8000dbe8 (0xff9ff06f)
core   0: 0x8000dbe0 (0x00001f17) auipc   t5, 0x1
core   0: 3 0x8000dbe0 (0x00001f17) x30 0x8000ebe0
core   0: 0x8000dbe4 (0x423f2023) sw      gp, 1056(t5)
core   0: 3 0x8000dbe4 (0x423f2023) mem 0x8000f000 0x00000001
core   0: 0x8000dbe8 (0xff9ff06f) j       pc - 0x8
core   0: 3 0x8000dbe8 (0xff9ff06f)
core   0: 0x8000dbe0 (0x00001f17) auipc   t5, 0x1
core   0: 3 0x8000dbe0 (0x00001f17) x30 0x8000ebe0
core   0: 0x8000dbe4 (0x423f2023) sw      gp, 1056(t5)
core   0: 3 0x8000dbe4 (0x423f2023) mem 0x8000f000 0x00000001
core   0: 0x8000dbe8 (0xff9ff06f) j       pc - 0x8
core   0: 3 0x8000dbe8 (0xff9ff06f)
core   0: 0x8000dbe0 (0x00001f17) auipc   t5, 0x1
core   0: 3 0x8000dbe0 (0x00001f17) x30 0x8000ebe0
core   0: 0x8000dbe4 (0x423f2023) sw      gp, 1056(t5)
core   0: 3 0x8000dbe4 (0x423f2023) mem 0x8000f000 0x00000001
core   0: 0x8000dbe8 (0xff9ff06f) j       pc - 0x8
core   0: 3 0x8000dbe8 (0xff9ff06f)
core   0: 0x8000dbe0 (0x00001f17) auipc   t5, 0x1
core   0: 3 0x8000dbe0 (0x00001f17) x30 0x8000ebe0
core   0: 0x8000dbe4 (0x423f2023) sw      gp, 1056(t5)
core   0: 3 0x8000dbe4 (0x423f2023) mem 0x8000f000 0x00000001
core   0: 0x8000dbe8 (0xff9ff06f) j       pc - 0x8
core   0: 3 0x8000dbe8 (0xff9ff06f)
core   0: 0x8000dbe0 (0x00001f17) auipc   t5, 0x1
core   0: 3 0x8000dbe0 (0x00001f17) x30 0x8000ebe0
core   0: 0x8000dbe4 (0x423f2023) sw      gp, 1056(t5)
core   0: 3 0x8000dbe4 (0x423f2023) mem 0x8000f000 0x00000001
core   0: 0x8000dbe8 (0xff9ff06f) j       pc - 0x8
core   0: 3 0x8000dbe8 (0xff9ff06f)
core   0: 0x8000dbe0 (0x00001f17) auipc   t5, 0x1
core   0: 3 0x8000dbe0 (0x00001f17) x30 0x8000ebe0
core   0: 0x8000dbe4 (0x423f2023) sw      gp, 1056(t5)
core   0: 3 0x8000dbe4 (0x423f2023) mem 0x8000f000 0x00000001
core   0: 0x8000dbe8 (0xff9ff06f) j       pc - 0x8
core   0: 3 0x8000dbe8 (0xff9ff06f)
core   0: 0x8000dbe0 (0x00001f17) auipc   t5, 0x1
core   0: 3 0x8000dbe0 (0x00001f17) x30 0x8000ebe0
core   0: 0x8000dbe4 (0x423f2023) sw      gp, 1056(t5)
core   0: 3 0x8000dbe4 (0x423f2023) mem 0x8000f000 0x00000001
core   0: 0x8000dbe8 (0xff9ff06f) j       pc - 0x8
core   0: 3 0x8000dbe8 (0xff9ff06f)
core   0: 0x8000dbe0 (0x00001f17) auipc   t5, 0x1
core   0: 3 0x8000dbe0 (0x00001f17) x30 0x8000ebe0
core   0: 0x8000dbe4 (0x423f2023) sw      gp, 1056(t5)
core   0: 3 0x8000dbe4 (0x423f2023) mem 0x8000f000 0x00000001
core   0: 0x8000dbe8 (0xff9ff06f) j       pc - 0x8
core   0: 3 0x8000dbe8 (0xff9ff06f)
core   0: 0x8000dbe0 (0x00001f17) auipc   t5, 0x1
core   0: 3 0x8000dbe0 (0x00001f17) x30 0x8000ebe0
core   0: 0x8000dbe4 (0x423f2023) sw      gp, 1056(t5)
core   0: 3 0x8000dbe4 (0x423f2023) mem 0x8000f000 0x00000001
core   0: 0x8000dbe8 (0xff9ff06f) j       pc - 0x8
core   0: 3 0x8000dbe8 (0xff9ff06f)
core   0: 0x8000dbe0 (0x00001f17) auipc   t5, 0x1
core   0: 3 0x8000dbe0 (0x00001f17) x30 0x8000ebe0
core   0: 0x8000dbe4 (0x423f2023) sw      gp, 1056(t5)
core   0: 3 0x8000dbe4 (0x423f2023) mem 0x8000f000 0x00000001
core   0: 0x8000dbe8 (0xff9ff06f) j       pc - 0x8
core   0: 3 0x8000dbe8 (0xff9ff06f)
core   0: 0x8000dbe0 (0x00001f17) auipc   t5, 0x1
core   0: 3 0x8000dbe0 (0x00001f17) x30 0x8000ebe0
core   0: 0x8000dbe4 (0x423f2023) sw      gp, 1056(t5)
core   0: 3 0x8000dbe4 (0x423f2023) mem 0x8000f000 0x00000001
core   0: 0x8000dbe8 (0xff9ff06f) j       pc - 0x8
core   0: 3 0x8000dbe8 (0xff9ff06f)
core   0: 0x8000dbe0 (0x00001f17) auipc   t5, 0x1
core   0: 3 0x8000dbe0 (0x00001f17) x30 0x8000ebe0
core   0: 0x8000dbe4 (0x423f2023) sw      gp, 1056(t5)
core   0: 3 0x8000dbe4 (0x423f2023) mem 0x8000f000 0x00000001
core   0: 0x8000dbe8 (0xff9ff06f) j       pc - 0x8
core   0: 3 0x8000dbe8 (0xff9ff06f)
core   0: 0x8000dbe0 (0x00001f17) auipc   t5, 0x1
core   0: 3 0x8000dbe0 (0x00001f17) x30 0x8000ebe0
core   0: 0x8000dbe4 (0x423f2023) sw      gp, 1056(t5)
core   0: 3 0x8000dbe4 (0x423f2023) mem 0x8000f000 0x00000001
core   0: 0x8000dbe8 (0xff9ff06f) j       pc - 0x8
core   0: 3 0x8000dbe8 (0xff9ff06f)
core   0: 0x8000dbe0 (0x00001f17) auipc   t5, 0x1
core   0: 3 0x8000dbe0 (0x00001f17) x30 0x8000ebe0
core   0: 0x8000dbe4 (0x423f2023) sw      gp, 1056(t5)
core   0: 3 0x8000dbe4 (0x423f2023) mem 0x8000f000 0x00000001
core   0: 0x8000dbe8 (0xff9ff06f) j       pc - 0x8
core   0: 3 0x8000dbe8 (0xff9ff06f)
core   0: 0x8000dbe0 (0x00001f17) auipc   t5, 0x1
core   0: 3 0x8000dbe0 (0x00001f17) x30 0x8000ebe0
core   0: 0x8000dbe4 (0x423f2023) sw      gp, 1056(t5)
core   0: 3 0x8000dbe4 (0x423f2023) mem 0x8000f000 0x00000001
core   0: 0x8000dbe8 (0xff9ff06f) j       pc - 0x8
core   0: 3 0x8000dbe8 (0xff9ff06f)
core   0: 0x8000dbe0 (0x00001f17) auipc   t5, 0x1
core   0: 3 0x8000dbe0 (0x00001f17) x30 0x8000ebe0
core   0: 0x8000dbe4 (0x423f2023) sw      gp, 1056(t5)
core   0: 3 0x8000dbe4 (0x423f2023) mem 0x8000f000 0x00000001
core   0: 0x8000dbe8 (0xff9ff06f) j       pc - 0x8
core   0: 3 0x8000dbe8 (0xff9ff06f)
core   0: 0x8000dbe0 (0x00001f17) auipc   t5, 0x1
core   0: 3 0x8000dbe0 (0x00001f17) x30 0x8000ebe0
core   0: 0x8000dbe4 (0x423f2023) sw      gp, 1056(t5)
core   0: 3 0x8000dbe4 (0x423f2023) mem 0x8000f000 0x00000001
core   0: 0x8000dbe8 (0xff9ff06f) j       pc - 0x8
core   0: 3 0x8000dbe8 (0xff9ff06f)
core   0: 0x8000dbe0 (0x00001f17) auipc   t5, 0x1
core   0: 3 0x8000dbe0 (0x00001f17) x30 0x8000ebe0
core   0: 0x8000dbe4 (0x423f2023) sw      gp, 1056(t5)
core   0: 3 0x8000dbe4 (0x423f2023) mem 0x8000f000 0x00000001
core   0: 0x8000dbe8 (0xff9ff06f) j       pc - 0x8
core   0: 3 0x8000dbe8 (0xff9ff06f)
core   0: 0x8000dbe0 (0x00001f17) auipc   t5, 0x1
core   0: 3 0x8000dbe0 (0x00001f17) x30 0x8000ebe0
core   0: 0x8000dbe4 (0x423f2023) sw      gp, 1056(t5)
core   0: 3 0x8000dbe4 (0x423f2023) mem 0x8000f000 0x00000001
core   0: 0x8000dbe8 (0xff9ff06f) j       pc - 0x8
core   0: 3 0x8000dbe8 (0xff9ff06f)
core   0: 0x8000dbe0 (0x00001f17) auipc   t5, 0x1
core   0: 3 0x8000dbe0 (0x00001f17) x30 0x8000ebe0
core   0: 0x8000dbe4 (0x423f2023) sw      gp, 1056(t5)
core   0: 3 0x8000dbe4 (0x423f2023) mem 0x8000f000 0x00000001
core   0: 0x8000dbe8 (0xff9ff06f) j       pc - 0x8
core   0: 3 0x8000dbe8 (0xff9ff06f)
core   0: 0x8000dbe0 (0x00001f17) auipc   t5, 0x1
core   0: 3 0x8000dbe0 (0x00001f17) x30 0x8000ebe0
core   0: 0x8000dbe4 (0x423f2023) sw      gp, 1056(t5)
core   0: 3 0x8000dbe4 (0x423f2023) mem 0x8000f000 0x00000001
core   0: 0x8000dbe8 (0xff9ff06f) j       pc - 0x8
core   0: 3 0x8000dbe8 (0xff9ff06f)
core   0: 0x8000dbe0 (0x00001f17) auipc   t5, 0x1
core   0: 3 0x8000dbe0 (0x00001f17) x30 0x8000ebe0
core   0: 0x8000dbe4 (0x423f2023) sw      gp, 1056(t5)
core   0: 3 0x8000dbe4 (0x423f2023) mem 0x8000f000 0x00000001
core   0: 0x8000dbe8 (0xff9ff06f) j       pc - 0x8
core   0: 3 0x8000dbe8 (0xff9ff06f)
core   0: 0x8000dbe0 (0x00001f17) auipc   t5, 0x1
core   0: 3 0x8000dbe0 (0x00001f17) x30 0x8000ebe0
core   0: 0x8000dbe4 (0x423f2023) sw      gp, 1056(t5)
core   0: 3 0x8000dbe4 (0x423f2023) mem 0x8000f000 0x00000001
core   0: 0x8000dbe8 (0xff9ff06f) j       pc - 0x8
core   0: 3 0x8000dbe8 (0xff9ff06f)
core   0: 0x8000dbe0 (0x00001f17) auipc   t5, 0x1
core   0: 3 0x8000dbe0 (0x00001f17) x30 0x8000ebe0
core   0: 0x8000dbe4 (0x423f2023) sw      gp, 1056(t5)
core   0: 3 0x8000dbe4 (0x423f2023) mem 0x8000f000 0x00000001
core   0: 0x8000dbe8 (0xff9ff06f) j       pc - 0x8
core   0: 3 0x8000dbe8 (0xff9ff06f)
core   0: 0x8000dbe0 (0x00001f17) auipc   t5, 0x1
core   0: 3 0x8000dbe0 (0x00001f17) x30 0x8000ebe0
core   0: 0x8000dbe4 (0x423f2023) sw      gp, 1056(t5)
core   0: 3 0x8000dbe4 (0x423f2023) mem 0x8000f000 0x00000001
core   0: 0x8000dbe8 (0xff9ff06f) j       pc - 0x8
core   0: 3 0x8000dbe8 (0xff9ff06f)
core   0: 0x8000dbe0 (0x00001f17) auipc   t5, 0x1
core   0: 3 0x8000dbe0 (0x00001f17) x30 0x8000ebe0
core   0: 0x8000dbe4 (0x423f2023) sw      gp, 1056(t5)
core   0: 3 0x8000dbe4 (0x423f2023) mem 0x8000f000 0x00000001
core   0: 0x8000dbe8 (0xff9ff06f) j       pc - 0x8
core   0: 3 0x8000dbe8 (0xff9ff06f)
core   0: 0x8000dbe0 (0x00001f17) auipc   t5, 0x1
core   0: 3 0x8000dbe0 (0x00001f17) x30 0x8000ebe0
core   0: 0x8000dbe4 (0x423f2023) sw      gp, 1056(t5)
core   0: 3 0x8000dbe4 (0x423f2023) mem 0x8000f000 0x00000001
core   0: 0x8000dbe8 (0xff9ff06f) j       pc - 0x8
core   0: 3 0x8000dbe8 (0xff9ff06f)
core   0: 0x8000dbe0 (0x00001f17) auipc   t5, 0x1
core   0: 3 0x8000dbe0 (0x00001f17) x30 0x8000ebe0
core   0: 0x8000dbe4 (0x423f2023) sw      gp, 1056(t5)
core   0: 3 0x8000dbe4 (0x423f2023) mem 0x8000f000 0x00000001
core   0: 0x8000dbe8 (0xff9ff06f) j       pc - 0x8
core   0: 3 0x8000dbe8 (0xff9ff06f)
core   0: 0x8000dbe0 (0x00001f17) auipc   t5, 0x1
core   0: 3 0x8000dbe0 (0x00001f17) x30 0x8000ebe0
core   0: 0x8000dbe4 (0x423f2023) sw      gp, 1056(t5)
core   0: 3 0x8000dbe4 (0x423f2023) mem 0x8000f000 0x00000001
core   0: 0x8000dbe8 (0xff9ff06f) j       pc - 0x8
core   0: 3 0x8000dbe8 (0xff9ff06f)
core   0: 0x8000dbe0 (0x00001f17) auipc   t5, 0x1
core   0: 3 0x8000dbe0 (0x00001f17) x30 0x8000ebe0
core   0: 0x8000dbe4 (0x423f2023) sw      gp, 1056(t5)
core   0: 3 0x8000dbe4 (0x423f2023) mem 0x8000f000 0x00000001
core   0: 0x8000dbe8 (0xff9ff06f) j       pc - 0x8
core   0: 3 0x8000dbe8 (0xff9ff06f)
core   0: 0x8000dbe0 (0x00001f17) auipc   t5, 0x1
core   0: 3 0x8000dbe0 (0x00001f17) x30 0x8000ebe0
core   0: 0x8000dbe4 (0x423f2023) sw      gp, 1056(t5)
core   0: 3 0x8000dbe4 (0x423f2023) mem 0x8000f000 0x00000001
core   0: 0x8000dbe8 (0xff9ff06f) j       pc - 0x8
core   0: 3 0x8000dbe8 (0xff9ff06f)
core   0: 0x8000dbe0 (0x00001f17) auipc   t5, 0x1
core   0: 3 0x8000dbe0 (0x00001f17) x30 0x8000ebe0
core   0: 0x8000dbe4 (0x423f2023) sw      gp, 1056(t5)
core   0: 3 0x8000dbe4 (0x423f2023) mem 0x8000f000 0x00000001
core   0: 0x8000dbe8 (0xff9ff06f) j       pc - 0x8
core   0: 3 0x8000dbe8 (0xff9ff06f)
core   0: 0x8000dbe0 (0x00001f17) auipc   t5, 0x1
core   0: 3 0x8000dbe0 (0x00001f17) x30 0x8000ebe0
core   0: 0x8000dbe4 (0x423f2023) sw      gp, 1056(t5)
core   0: 3 0x8000dbe4 (0x423f2023) mem 0x8000f000 0x00000001
core   0: 0x8000dbe8 (0xff9ff06f) j       pc - 0x8
core   0: 3 0x8000dbe8 (0xff9ff06f)
core   0: 0x8000dbe0 (0x00001f17) auipc   t5, 0x1
core   0: 3 0x8000dbe0 (0x00001f17) x30 0x8000ebe0
core   0: 0x8000dbe4 (0x423f2023) sw      gp, 1056(t5)
core   0: 3 0x8000dbe4 (0x423f2023) mem 0x8000f000 0x00000001
core   0: 0x8000dbe8 (0xff9ff06f) j       pc - 0x8
core   0: 3 0x8000dbe8 (0xff9ff06f)
core   0: 0x8000dbe0 (0x00001f17) auipc   t5, 0x1
core   0: 3 0x8000dbe0 (0x00001f17) x30 0x8000ebe0
core   0: 0x8000dbe4 (0x423f2023) sw      gp, 1056(t5)
core   0: 3 0x8000dbe4 (0x423f2023) mem 0x8000f000 0x00000001
core   0: 0x8000dbe8 (0xff9ff06f) j       pc - 0x8
core   0: 3 0x8000dbe8 (0xff9ff06f)
core   0: 0x8000dbe0 (0x00001f17) auipc   t5, 0x1
core   0: 3 0x8000dbe0 (0x00001f17) x30 0x8000ebe0
core   0: 0x8000dbe4 (0x423f2023) sw      gp, 1056(t5)
core   0: 3 0x8000dbe4 (0x423f2023) mem 0x8000f000 0x00000001
core   0: 0x8000dbe8 (0xff9ff06f) j       pc - 0x8
core   0: 3 0x8000dbe8 (0xff9ff06f)
core   0: 0x8000dbe0 (0x00001f17) auipc   t5, 0x1
core   0: 3 0x8000dbe0 (0x00001f17) x30 0x8000ebe0
core   0: 0x8000dbe4 (0x423f2023) sw      gp, 1056(t5)
core   0: 3 0x8000dbe4 (0x423f2023) mem 0x8000f000 0x00000001
core   0: 0x8000dbe8 (0xff9ff06f) j       pc - 0x8
core   0: 3 0x8000dbe8 (0xff9ff06f)
core   0: 0x8000dbe0 (0x00001f17) auipc   t5, 0x1
core   0: 3 0x8000dbe0 (0x00001f17) x30 0x8000ebe0
core   0: 0x8000dbe4 (0x423f2023) sw      gp, 1056(t5)
core   0: 3 0x8000dbe4 (0x423f2023) mem 0x8000f000 0x00000001
core   0: 0x8000dbe8 (0xff9ff06f) j       pc - 0x8
core   0: 3 0x8000dbe8 (0xff9ff06f)
core   0: 0x8000dbe0 (0x00001f17) auipc   t5, 0x1
core   0: 3 0x8000dbe0 (0x00001f17) x30 0x8000ebe0
core   0: 0x8000dbe4 (0x423f2023) sw      gp, 1056(t5)
core   0: 3 0x8000dbe4 (0x423f2023) mem 0x8000f000 0x00000001
core   0: 0x8000dbe8 (0xff9ff06f) j       pc - 0x8
core   0: 3 0x8000dbe8 (0xff9ff06f)
core   0: 0x8000dbe0 (0x00001f17) auipc   t5, 0x1
core   0: 3 0x8000dbe0 (0x00001f17) x30 0x8000ebe0
core   0: 0x8000dbe4 (0x423f2023) sw      gp, 1056(t5)
core   0: 3 0x8000dbe4 (0x423f2023) mem 0x8000f000 0x00000001
core   0: 0x8000dbe8 (0xff9ff06f) j       pc - 0x8
core   0: 3 0x8000dbe8 (0xff9ff06f)
core   0: 0x8000dbe0 (0x00001f17) auipc   t5, 0x1
core   0: 3 0x8000dbe0 (0x00001f17) x30 0x8000ebe0
core   0: 0x8000dbe4 (0x423f2023) sw      gp, 1056(t5)
core   0: 3 0x8000dbe4 (0x423f2023) mem 0x8000f000 0x00000001
core   0: 0x8000dbe8 (0xff9ff06f) j       pc - 0x8
core   0: 3 0x8000dbe8 (0xff9ff06f)
core   0: 0x8000dbe0 (0x00001f17) auipc   t5, 0x1
core   0: 3 0x8000dbe0 (0x00001f17) x30 0x8000ebe0
core   0: 0x8000dbe4 (0x423f2023) sw      gp, 1056(t5)
core   0: 3 0x8000dbe4 (0x423f2023) mem 0x8000f000 0x00000001
core   0: 0x8000dbe8 (0xff9ff06f) j       pc - 0x8
core   0: 3 0x8000dbe8 (0xff9ff06f)
core   0: 0x8000dbe0 (0x00001f17) auipc   t5, 0x1
core   0: 3 0x8000dbe0 (0x00001f17) x30 0x8000ebe0
core   0: 0x8000dbe4 (0x423f2023) sw      gp, 1056(t5)
core   0: 3 0x8000dbe4 (0x423f2023) mem 0x8000f000 0x00000001
core   0: 0x8000dbe8 (0xff9ff06f) j       pc - 0x8
core   0: 3 0x8000dbe8 (0xff9ff06f)
core   0: 0x8000dbe0 (0x00001f17) auipc   t5, 0x1
core   0: 3 0x8000dbe0 (0x00001f17) x30 0x8000ebe0
core   0: 0x8000dbe4 (0x423f2023) sw      gp, 1056(t5)
core   0: 3 0x8000dbe4 (0x423f2023) mem 0x8000f000 0x00000001
core   0: 0x8000dbe8 (0xff9ff06f) j       pc - 0x8
core   0: 3 0x8000dbe8 (0xff9ff06f)
core   0: 0x8000dbe0 (0x00001f17) auipc   t5, 0x1
core   0: 3 0x8000dbe0 (0x00001f17) x30 0x8000ebe0
core   0: 0x8000dbe4 (0x423f2023) sw      gp, 1056(t5)
core   0: 3 0x8000dbe4 (0x423f2023) mem 0x8000f000 0x00000001
core   0: 0x8000dbe8 (0xff9ff06f) j       pc - 0x8
core   0: 3 0x8000dbe8 (0xff9ff06f)
core   0: 0x8000dbe0 (0x00001f17) auipc   t5, 0x1
core   0: 3 0x8000dbe0 (0x00001f17) x30 0x8000ebe0
core   0: 0x8000dbe4 (0x423f2023) sw      gp, 1056(t5)
core   0: 3 0x8000dbe4 (0x423f2023) mem 0x8000f000 0x00000001
core   0: 0x8000dbe8 (0xff9ff06f) j       pc - 0x8
core   0: 3 0x8000dbe8 (0xff9ff06f)
core   0: 0x8000dbe0 (0x00001f17) auipc   t5, 0x1
core   0: 3 0x8000dbe0 (0x00001f17) x30 0x8000ebe0
core   0: 0x8000dbe4 (0x423f2023) sw      gp, 1056(t5)
core   0: 3 0x8000dbe4 (0x423f2023) mem 0x8000f000 0x00000001
core   0: 0x8000dbe8 (0xff9ff06f) j       pc - 0x8
core   0: 3 0x8000dbe8 (0xff9ff06f)
core   0: 0x8000dbe0 (0x00001f17) auipc   t5, 0x1
core   0: 3 0x8000dbe0 (0x00001f17) x30 0x8000ebe0
core   0: 0x8000dbe4 (0x423f2023) sw      gp, 1056(t5)
core   0: 3 0x8000dbe4 (0x423f2023) mem 0x8000f000 0x00000001
core   0: 0x8000dbe8 (0xff9ff06f) j       pc - 0x8
core   0: 3 0x8000dbe8 (0xff9ff06f)
core   0: 0x8000dbe0 (0x00001f17) auipc   t5, 0x1
core   0: 3 0x8000dbe0 (0x00001f17) x30 0x8000ebe0
core   0: 0x8000dbe4 (0x423f2023) sw      gp, 1056(t5)
core   0: 3 0x8000dbe4 (0x423f2023) mem 0x8000f000 0x00000001
core   0: 0x8000dbe8 (0xff9ff06f) j       pc - 0x8
core   0: 3 0x8000dbe8 (0xff9ff06f)
core   0: 0x8000dbe0 (0x00001f17) auipc   t5, 0x1
core   0: 3 0x8000dbe0 (0x00001f17) x30 0x8000ebe0
core   0: 0x8000dbe4 (0x423f2023) sw      gp, 1056(t5)
core   0: 3 0x8000dbe4 (0x423f2023) mem 0x8000f000 0x00000001
core   0: 0x8000dbe8 (0xff9ff06f) j       pc - 0x8
core   0: 3 0x8000dbe8 (0xff9ff06f)
core   0: 0x8000dbe0 (0x00001f17) auipc   t5, 0x1
core   0: 3 0x8000dbe0 (0x00001f17) x30 0x8000ebe0
core   0: 0x8000dbe4 (0x423f2023) sw      gp, 1056(t5)
core   0: 3 0x8000dbe4 (0x423f2023) mem 0x8000f000 0x00000001
core   0: 0x8000dbe8 (0xff9ff06f) j       pc - 0x8
core   0: 3 0x8000dbe8 (0xff9ff06f)
core   0: 0x8000dbe0 (0x00001f17) auipc   t5, 0x1
core   0: 3 0x8000dbe0 (0x00001f17) x30 0x8000ebe0
core   0: 0x8000dbe4 (0x423f2023) sw      gp, 1056(t5)
core   0: 3 0x8000dbe4 (0x423f2023) mem 0x8000f000 0x00000001
core   0: 0x8000dbe8 (0xff9ff06f) j       pc - 0x8
core   0: 3 0x8000dbe8 (0xff9ff06f)
core   0: 0x8000dbe0 (0x00001f17) auipc   t5, 0x1
core   0: 3 0x8000dbe0 (0x00001f17) x30 0x8000ebe0
core   0: 0x8000dbe4 (0x423f2023) sw      gp, 1056(t5)
core   0: 3 0x8000dbe4 (0x423f2023) mem 0x8000f000 0x00000001
core   0: 0x8000dbe8 (0xff9ff06f) j       pc - 0x8
core   0: 3 0x8000dbe8 (0xff9ff06f)
core   0: 0x8000dbe0 (0x00001f17) auipc   t5, 0x1
core   0: 3 0x8000dbe0 (0x00001f17) x30 0x8000ebe0
core   0: 0x8000dbe4 (0x423f2023) sw      gp, 1056(t5)
core   0: 3 0x8000dbe4 (0x423f2023) mem 0x8000f000 0x00000001
core   0: 0x8000dbe8 (0xff9ff06f) j       pc - 0x8
core   0: 3 0x8000dbe8 (0xff9ff06f)
core   0: 0x8000dbe0 (0x00001f17) auipc   t5, 0x1
core   0: 3 0x8000dbe0 (0x00001f17) x30 0x8000ebe0
core   0: 0x8000dbe4 (0x423f2023) sw      gp, 1056(t5)
core   0: 3 0x8000dbe4 (0x423f2023) mem 0x8000f000 0x00000001
core   0: 0x8000dbe8 (0xff9ff06f) j       pc - 0x8
core   0: 3 0x8000dbe8 (0xff9ff06f)
core   0: 0x8000dbe0 (0x00001f17) auipc   t5, 0x1
core   0: 3 0x8000dbe0 (0x00001f17) x30 0x8000ebe0
core   0: 0x8000dbe4 (0x423f2023) sw      gp, 1056(t5)
core   0: 3 0x8000dbe4 (0x423f2023) mem 0x8000f000 0x00000001
core   0: 0x8000dbe8 (0xff9ff06f) j       pc - 0x8
core   0: 3 0x8000dbe8 (0xff9ff06f)
core   0: 0x8000dbe0 (0x00001f17) auipc   t5, 0x1
core   0: 3 0x8000dbe0 (0x00001f17) x30 0x8000ebe0
core   0: 0x8000dbe4 (0x423f2023) sw      gp, 1056(t5)
core   0: 3 0x8000dbe4 (0x423f2023) mem 0x8000f000 0x00000001
core   0: 0x8000dbe8 (0xff9ff06f) j       pc - 0x8
core   0: 3 0x8000dbe8 (0xff9ff06f)
core   0: 0x8000dbe0 (0x00001f17) auipc   t5, 0x1
core   0: 3 0x8000dbe0 (0x00001f17) x30 0x8000ebe0
core   0: 0x8000dbe4 (0x423f2023) sw      gp, 1056(t5)
core   0: 3 0x8000dbe4 (0x423f2023) mem 0x8000f000 0x00000001
core   0: 0x8000dbe8 (0xff9ff06f) j       pc - 0x8
core   0: 3 0x8000dbe8 (0xff9ff06f)
core   0: 0x8000dbe0 (0x00001f17) auipc   t5, 0x1
core   0: 3 0x8000dbe0 (0x00001f17) x30 0x8000ebe0
core   0: 0x8000dbe4 (0x423f2023) sw      gp, 1056(t5)
core   0: 3 0x8000dbe4 (0x423f2023) mem 0x8000f000 0x00000001
core   0: 0x8000dbe8 (0xff9ff06f) j       pc - 0x8
core   0: 3 0x8000dbe8 (0xff9ff06f)
core   0: 0x8000dbe0 (0x00001f17) auipc   t5, 0x1
core   0: 3 0x8000dbe0 (0x00001f17) x30 0x8000ebe0
core   0: 0x8000dbe4 (0x423f2023) sw      gp, 1056(t5)
core   0: 3 0x8000dbe4 (0x423f2023) mem 0x8000f000 0x00000001
core   0: 0x8000dbe8 (0xff9ff06f) j       pc - 0x8
core   0: 3 0x8000dbe8 (0xff9ff06f)
core   0: 0x8000dbe0 (0x00001f17) auipc   t5, 0x1
core   0: 3 0x8000dbe0 (0x00001f17) x30 0x8000ebe0
core   0: 0x8000dbe4 (0x423f2023) sw      gp, 1056(t5)
core   0: 3 0x8000dbe4 (0x423f2023) mem 0x8000f000 0x00000001
core   0: 0x8000dbe8 (0xff9ff06f) j       pc - 0x8
core   0: 3 0x8000dbe8 (0xff9ff06f)
core   0: 0x8000dbe0 (0x00001f17) auipc   t5, 0x1
core   0: 3 0x8000dbe0 (0x00001f17) x30 0x8000ebe0
core   0: 0x8000dbe4 (0x423f2023) sw      gp, 1056(t5)
core   0: 3 0x8000dbe4 (0x423f2023) mem 0x8000f000 0x00000001
core   0: 0x8000dbe8 (0xff9ff06f) j       pc - 0x8
core   0: 3 0x8000dbe8 (0xff9ff06f)
core   0: 0x8000dbe0 (0x00001f17) auipc   t5, 0x1
core   0: 3 0x8000dbe0 (0x00001f17) x30 0x8000ebe0
core   0: 0x8000dbe4 (0x423f2023) sw      gp, 1056(t5)
core   0: 3 0x8000dbe4 (0x423f2023) mem 0x8000f000 0x00000001
core   0: 0x8000dbe8 (0xff9ff06f) j       pc - 0x8
core   0: 3 0x8000dbe8 (0xff9ff06f)
core   0: 0x8000dbe0 (0x00001f17) auipc   t5, 0x1
core   0: 3 0x8000dbe0 (0x00001f17) x30 0x8000ebe0
core   0: 0x8000dbe4 (0x423f2023) sw      gp, 1056(t5)
core   0: 3 0x8000dbe4 (0x423f2023) mem 0x8000f000 0x00000001
core   0: 0x8000dbe8 (0xff9ff06f) j       pc - 0x8
core   0: 3 0x8000dbe8 (0xff9ff06f)
core   0: 0x8000dbe0 (0x00001f17) auipc   t5, 0x1
core   0: 3 0x8000dbe0 (0x00001f17) x30 0x8000ebe0
core   0: 0x8000dbe4 (0x423f2023) sw      gp, 1056(t5)
core   0: 3 0x8000dbe4 (0x423f2023) mem 0x8000f000 0x00000001
core   0: 0x8000dbe8 (0xff9ff06f) j       pc - 0x8
core   0: 3 0x8000dbe8 (0xff9ff06f)
core   0: 0x8000dbe0 (0x00001f17) auipc   t5, 0x1
core   0: 3 0x8000dbe0 (0x00001f17) x30 0x8000ebe0
core   0: 0x8000dbe4 (0x423f2023) sw      gp, 1056(t5)
core   0: 3 0x8000dbe4 (0x423f2023) mem 0x8000f000 0x00000001
core   0: 0x8000dbe8 (0xff9ff06f) j       pc - 0x8
core   0: 3 0x8000dbe8 (0xff9ff06f)
core   0: 0x8000dbe0 (0x00001f17) auipc   t5, 0x1
core   0: 3 0x8000dbe0 (0x00001f17) x30 0x8000ebe0
core   0: 0x8000dbe4 (0x423f2023) sw      gp, 1056(t5)
core   0: 3 0x8000dbe4 (0x423f2023) mem 0x8000f000 0x00000001
core   0: 0x8000dbe8 (0xff9ff06f) j       pc - 0x8
core   0: 3 0x8000dbe8 (0xff9ff06f)
core   0: 0x8000dbe0 (0x00001f17) auipc   t5, 0x1
core   0: 3 0x8000dbe0 (0x00001f17) x30 0x8000ebe0
core   0: 0x8000dbe4 (0x423f2023) sw      gp, 1056(t5)
core   0: 3 0x8000dbe4 (0x423f2023) mem 0x8000f000 0x00000001
core   0: 0x8000dbe8 (0xff9ff06f) j       pc - 0x8
core   0: 3 0x8000dbe8 (0xff9ff06f)
core   0: 0x8000dbe0 (0x00001f17) auipc   t5, 0x1
core   0: 3 0x8000dbe0 (0x00001f17) x30 0x8000ebe0
core   0: 0x8000dbe4 (0x423f2023) sw      gp, 1056(t5)
core   0: 3 0x8000dbe4 (0x423f2023) mem 0x8000f000 0x00000001
core   0: 0x8000dbe8 (0xff9ff06f) j       pc - 0x8
core   0: 3 0x8000dbe8 (0xff9ff06f)
core   0: 0x8000dbe0 (0x00001f17) auipc   t5, 0x1
core   0: 3 0x8000dbe0 (0x00001f17) x30 0x8000ebe0
core   0: 0x8000dbe4 (0x423f2023) sw      gp, 1056(t5)
core   0: 3 0x8000dbe4 (0x423f2023) mem 0x8000f000 0x00000001
core   0: 0x8000dbe8 (0xff9ff06f) j       pc - 0x8
core   0: 3 0x8000dbe8 (0xff9ff06f)
core   0: 0x8000dbe0 (0x00001f17) auipc   t5, 0x1
core   0: 3 0x8000dbe0 (0x00001f17) x30 0x8000ebe0
core   0: 0x8000dbe4 (0x423f2023) sw      gp, 1056(t5)
core   0: 3 0x8000dbe4 (0x423f2023) mem 0x8000f000 0x00000001
core   0: 0x8000dbe8 (0xff9ff06f) j       pc - 0x8
core   0: 3 0x8000dbe8 (0xff9ff06f)
core   0: 0x8000dbe0 (0x00001f17) auipc   t5, 0x1
core   0: 3 0x8000dbe0 (0x00001f17) x30 0x8000ebe0
core   0: 0x8000dbe4 (0x423f2023) sw      gp, 1056(t5)
core   0: 3 0x8000dbe4 (0x423f2023) mem 0x8000f000 0x00000001
core   0: 0x8000dbe8 (0xff9ff06f) j       pc - 0x8
core   0: 3 0x8000dbe8 (0xff9ff06f)
core   0: 0x8000dbe0 (0x00001f17) auipc   t5, 0x1
core   0: 3 0x8000dbe0 (0x00001f17) x30 0x8000ebe0
core   0: 0x8000dbe4 (0x423f2023) sw      gp, 1056(t5)
core   0: 3 0x8000dbe4 (0x423f2023) mem 0x8000f000 0x00000001
core   0: 0x8000dbe8 (0xff9ff06f) j       pc - 0x8
core   0: 3 0x8000dbe8 (0xff9ff06f)
core   0: 0x8000dbe0 (0x00001f17) auipc   t5, 0x1
core   0: 3 0x8000dbe0 (0x00001f17) x30 0x8000ebe0
core   0: 0x8000dbe4 (0x423f2023) sw      gp, 1056(t5)
core   0: 3 0x8000dbe4 (0x423f2023) mem 0x8000f000 0x00000001
core   0: 0x8000dbe8 (0xff9ff06f) j       pc - 0x8
core   0: 3 0x8000dbe8 (0xff9ff06f)
core   0: 0x8000dbe0 (0x00001f17) auipc   t5, 0x1
core   0: 3 0x8000dbe0 (0x00001f17) x30 0x8000ebe0
core   0: 0x8000dbe4 (0x423f2023) sw      gp, 1056(t5)
core   0: 3 0x8000dbe4 (0x423f2023) mem 0x8000f000 0x00000001
core   0: 0x8000dbe8 (0xff9ff06f) j       pc - 0x8
core   0: 3 0x8000dbe8 (0xff9ff06f)
core   0: 0x8000dbe0 (0x00001f17) auipc   t5, 0x1
core   0: 3 0x8000dbe0 (0x00001f17) x30 0x8000ebe0
core   0: 0x8000dbe4 (0x423f2023) sw      gp, 1056(t5)
core   0: 3 0x8000dbe4 (0x423f2023) mem 0x8000f000 0x00000001
core   0: 0x8000dbe8 (0xff9ff06f) j       pc - 0x8
core   0: 3 0x8000dbe8 (0xff9ff06f)
core   0: 0x8000dbe0 (0x00001f17) auipc   t5, 0x1
core   0: 3 0x8000dbe0 (0x00001f17) x30 0x8000ebe0
core   0: 0x8000dbe4 (0x423f2023) sw      gp, 1056(t5)
core   0: 3 0x8000dbe4 (0x423f2023) mem 0x8000f000 0x00000001
core   0: 0x8000dbe8 (0xff9ff06f) j       pc - 0x8
core   0: 3 0x8000dbe8 (0xff9ff06f)
core   0: 0x8000dbe0 (0x00001f17) auipc   t5, 0x1
core   0: 3 0x8000dbe0 (0x00001f17) x30 0x8000ebe0
core   0: 0x8000dbe4 (0x423f2023) sw      gp, 1056(t5)
core   0: 3 0x8000dbe4 (0x423f2023) mem 0x8000f000 0x00000001
core   0: 0x8000dbe8 (0xff9ff06f) j       pc - 0x8
core   0: 3 0x8000dbe8 (0xff9ff06f)
core   0: 0x8000dbe0 (0x00001f17) auipc   t5, 0x1
core   0: 3 0x8000dbe0 (0x00001f17) x30 0x8000ebe0
core   0: 0x8000dbe4 (0x423f2023) sw      gp, 1056(t5)
core   0: 3 0x8000dbe4 (0x423f2023) mem 0x8000f000 0x00000001
core   0: 0x8000dbe8 (0xff9ff06f) j       pc - 0x8
core   0: 3 0x8000dbe8 (0xff9ff06f)
core   0: 0x8000dbe0 (0x00001f17) auipc   t5, 0x1
core   0: 3 0x8000dbe0 (0x00001f17) x30 0x8000ebe0
core   0: 0x8000dbe4 (0x423f2023) sw      gp, 1056(t5)
core   0: 3 0x8000dbe4 (0x423f2023) mem 0x8000f000 0x00000001
core   0: 0x8000dbe8 (0xff9ff06f) j       pc - 0x8
core   0: 3 0x8000dbe8 (0xff9ff06f)
core   0: 0x8000dbe0 (0x00001f17) auipc   t5, 0x1
core   0: 3 0x8000dbe0 (0x00001f17) x30 0x8000ebe0
core   0: 0x8000dbe4 (0x423f2023) sw      gp, 1056(t5)
core   0: 3 0x8000dbe4 (0x423f2023) mem 0x8000f000 0x00000001
core   0: 0x8000dbe8 (0xff9ff06f) j       pc - 0x8
core   0: 3 0x8000dbe8 (0xff9ff06f)
core   0: 0x8000dbe0 (0x00001f17) auipc   t5, 0x1
core   0: 3 0x8000dbe0 (0x00001f17) x30 0x8000ebe0
core   0: 0x8000dbe4 (0x423f2023) sw      gp, 1056(t5)
core   0: 3 0x8000dbe4 (0x423f2023) mem 0x8000f000 0x00000001
core   0: 0x8000dbe8 (0xff9ff06f) j       pc - 0x8
core   0: 3 0x8000dbe8 (0xff9ff06f)
core   0: 0x8000dbe0 (0x00001f17) auipc   t5, 0x1
core   0: 3 0x8000dbe0 (0x00001f17) x30 0x8000ebe0
core   0: 0x8000dbe4 (0x423f2023) sw      gp, 1056(t5)
core   0: 3 0x8000dbe4 (0x423f2023) mem 0x8000f000 0x00000001
core   0: 0x8000dbe8 (0xff9ff06f) j       pc - 0x8
core   0: 3 0x8000dbe8 (0xff9ff06f)
core   0: 0x8000dbe0 (0x00001f17) auipc   t5, 0x1
core   0: 3 0x8000dbe0 (0x00001f17) x30 0x8000ebe0
core   0: 0x8000dbe4 (0x423f2023) sw      gp, 1056(t5)
core   0: 3 0x8000dbe4 (0x423f2023) mem 0x8000f000 0x00000001
core   0: 0x8000dbe8 (0xff9ff06f) j       pc - 0x8
core   0: 3 0x8000dbe8 (0xff9ff06f)
core   0: 0x8000dbe0 (0x00001f17) auipc   t5, 0x1
core   0: 3 0x8000dbe0 (0x00001f17) x30 0x8000ebe0
core   0: 0x8000dbe4 (0x423f2023) sw      gp, 1056(t5)
core   0: 3 0x8000dbe4 (0x423f2023) mem 0x8000f000 0x00000001
core   0: 0x8000dbe8 (0xff9ff06f) j       pc - 0x8
core   0: 3 0x8000dbe8 (0xff9ff06f)
core   0: 0x8000dbe0 (0x00001f17) auipc   t5, 0x1
core   0: 3 0x8000dbe0 (0x00001f17) x30 0x8000ebe0
core   0: 0x8000dbe4 (0x423f2023) sw      gp, 1056(t5)
core   0: 3 0x8000dbe4 (0x423f2023) mem 0x8000f000 0x00000001
core   0: 0x8000dbe8 (0xff9ff06f) j       pc - 0x8
core   0: 3 0x8000dbe8 (0xff9ff06f)
core   0: 0x8000dbe0 (0x00001f17) auipc   t5, 0x1
core   0: 3 0x8000dbe0 (0x00001f17) x30 0x8000ebe0
core   0: 0x8000dbe4 (0x423f2023) sw      gp, 1056(t5)
core   0: 3 0x8000dbe4 (0x423f2023) mem 0x8000f000 0x00000001
core   0: 0x8000dbe8 (0xff9ff06f) j       pc - 0x8
core   0: 3 0x8000dbe8 (0xff9ff06f)
core   0: 0x8000dbe0 (0x00001f17) auipc   t5, 0x1
core   0: 3 0x8000dbe0 (0x00001f17) x30 0x8000ebe0
core   0: 0x8000dbe4 (0x423f2023) sw      gp, 1056(t5)
core   0: 3 0x8000dbe4 (0x423f2023) mem 0x8000f000 0x00000001
core   0: 0x8000dbe8 (0xff9ff06f) j       pc - 0x8
core   0: 3 0x8000dbe8 (0xff9ff06f)
core   0: 0x8000dbe0 (0x00001f17) auipc   t5, 0x1
core   0: 3 0x8000dbe0 (0x00001f17) x30 0x8000ebe0
core   0: 0x8000dbe4 (0x423f2023) sw      gp, 1056(t5)
core   0: 3 0x8000dbe4 (0x423f2023) mem 0x8000f000 0x00000001
core   0: 0x8000dbe8 (0xff9ff06f) j       pc - 0x8
core   0: 3 0x8000dbe8 (0xff9ff06f)
core   0: 0x8000dbe0 (0x00001f17) auipc   t5, 0x1
core   0: 3 0x8000dbe0 (0x00001f17) x30 0x8000ebe0
core   0: 0x8000dbe4 (0x423f2023) sw      gp, 1056(t5)
core   0: 3 0x8000dbe4 (0x423f2023) mem 0x8000f000 0x00000001
core   0: 0x8000dbe8 (0xff9ff06f) j       pc - 0x8
core   0: 3 0x8000dbe8 (0xff9ff06f)
core   0: 0x8000dbe0 (0x00001f17) auipc   t5, 0x1
core   0: 3 0x8000dbe0 (0x00001f17) x30 0x8000ebe0
core   0: 0x8000dbe4 (0x423f2023) sw      gp, 1056(t5)
core   0: 3 0x8000dbe4 (0x423f2023) mem 0x8000f000 0x00000001
core   0: 0x8000dbe8 (0xff9ff06f) j       pc - 0x8
core   0: 3 0x8000dbe8 (0xff9ff06f)
core   0: 0x8000dbe0 (0x00001f17) auipc   t5, 0x1
core   0: 3 0x8000dbe0 (0x00001f17) x30 0x8000ebe0
core   0: 0x8000dbe4 (0x423f2023) sw      gp, 1056(t5)
core   0: 3 0x8000dbe4 (0x423f2023) mem 0x8000f000 0x00000001
core   0: 0x8000dbe8 (0xff9ff06f) j       pc - 0x8
core   0: 3 0x8000dbe8 (0xff9ff06f)
core   0: 0x8000dbe0 (0x00001f17) auipc   t5, 0x1
core   0: 3 0x8000dbe0 (0x00001f17) x30 0x8000ebe0
core   0: 0x8000dbe4 (0x423f2023) sw      gp, 1056(t5)
core   0: 3 0x8000dbe4 (0x423f2023) mem 0x8000f000 0x00000001
core   0: 0x8000dbe8 (0xff9ff06f) j       pc - 0x8
core   0: 3 0x8000dbe8 (0xff9ff06f)
core   0: 0x8000dbe0 (0x00001f17) auipc   t5, 0x1
core   0: 3 0x8000dbe0 (0x00001f17) x30 0x8000ebe0
core   0: 0x8000dbe4 (0x423f2023) sw      gp, 1056(t5)
core   0: 3 0x8000dbe4 (0x423f2023) mem 0x8000f000 0x00000001
core   0: 0x8000dbe8 (0xff9ff06f) j       pc - 0x8
core   0: 3 0x8000dbe8 (0xff9ff06f)
core   0: 0x8000dbe0 (0x00001f17) auipc   t5, 0x1
core   0: 3 0x8000dbe0 (0x00001f17) x30 0x8000ebe0
core   0: 0x8000dbe4 (0x423f2023) sw      gp, 1056(t5)
core   0: 3 0x8000dbe4 (0x423f2023) mem 0x8000f000 0x00000001
core   0: 0x8000dbe8 (0xff9ff06f) j       pc - 0x8
core   0: 3 0x8000dbe8 (0xff9ff06f)
core   0: 0x8000dbe0 (0x00001f17) auipc   t5, 0x1
core   0: 3 0x8000dbe0 (0x00001f17) x30 0x8000ebe0
core   0: 0x8000dbe4 (0x423f2023) sw      gp, 1056(t5)
core   0: 3 0x8000dbe4 (0x423f2023) mem 0x8000f000 0x00000001
core   0: 0x8000dbe8 (0xff9ff06f) j       pc - 0x8
core   0: 3 0x8000dbe8 (0xff9ff06f)
core   0: 0x8000dbe0 (0x00001f17) auipc   t5, 0x1
core   0: 3 0x8000dbe0 (0x00001f17) x30 0x8000ebe0
core   0: 0x8000dbe4 (0x423f2023) sw      gp, 1056(t5)
core   0: 3 0x8000dbe4 (0x423f2023) mem 0x8000f000 0x00000001
core   0: 0x8000dbe8 (0xff9ff06f) j       pc - 0x8
core   0: 3 0x8000dbe8 (0xff9ff06f)
core   0: 0x8000dbe0 (0x00001f17) auipc   t5, 0x1
core   0: 3 0x8000dbe0 (0x00001f17) x30 0x8000ebe0
core   0: 0x8000dbe4 (0x423f2023) sw      gp, 1056(t5)
core   0: 3 0x8000dbe4 (0x423f2023) mem 0x8000f000 0x00000001
core   0: 0x8000dbe8 (0xff9ff06f) j       pc - 0x8
core   0: 3 0x8000dbe8 (0xff9ff06f)
core   0: 0x8000dbe0 (0x00001f17) auipc   t5, 0x1
core   0: 3 0x8000dbe0 (0x00001f17) x30 0x8000ebe0
core   0: 0x8000dbe4 (0x423f2023) sw      gp, 1056(t5)
core   0: 3 0x8000dbe4 (0x423f2023) mem 0x8000f000 0x00000001
core   0: 0x8000dbe8 (0xff9ff06f) j       pc - 0x8
core   0: 3 0x8000dbe8 (0xff9ff06f)
core   0: 0x8000dbe0 (0x00001f17) auipc   t5, 0x1
core   0: 3 0x8000dbe0 (0x00001f17) x30 0x8000ebe0
core   0: 0x8000dbe4 (0x423f2023) sw      gp, 1056(t5)
core   0: 3 0x8000dbe4 (0x423f2023) mem 0x8000f000 0x00000001
core   0: 0x8000dbe8 (0xff9ff06f) j       pc - 0x8
core   0: 3 0x8000dbe8 (0xff9ff06f)
core   0: 0x8000dbe0 (0x00001f17) auipc   t5, 0x1
core   0: 3 0x8000dbe0 (0x00001f17) x30 0x8000ebe0
core   0: 0x8000dbe4 (0x423f2023) sw      gp, 1056(t5)
core   0: 3 0x8000dbe4 (0x423f2023) mem 0x8000f000 0x00000001
core   0: 0x8000dbe8 (0xff9ff06f) j       pc - 0x8
core   0: 3 0x8000dbe8 (0xff9ff06f)
core   0: 0x8000dbe0 (0x00001f17) auipc   t5, 0x1
core   0: 3 0x8000dbe0 (0x00001f17) x30 0x8000ebe0
core   0: 0x8000dbe4 (0x423f2023) sw      gp, 1056(t5)
core   0: 3 0x8000dbe4 (0x423f2023) mem 0x8000f000 0x00000001
core   0: 0x8000dbe8 (0xff9ff06f) j       pc - 0x8
core   0: 3 0x8000dbe8 (0xff9ff06f)
core   0: 0x8000dbe0 (0x00001f17) auipc   t5, 0x1
core   0: 3 0x8000dbe0 (0x00001f17) x30 0x8000ebe0
core   0: 0x8000dbe4 (0x423f2023) sw      gp, 1056(t5)
core   0: 3 0x8000dbe4 (0x423f2023) mem 0x8000f000 0x00000001
core   0: 0x8000dbe8 (0xff9ff06f) j       pc - 0x8
core   0: 3 0x8000dbe8 (0xff9ff06f)
core   0: 0x8000dbe0 (0x00001f17) auipc   t5, 0x1
core   0: 3 0x8000dbe0 (0x00001f17) x30 0x8000ebe0
core   0: 0x8000dbe4 (0x423f2023) sw      gp, 1056(t5)
core   0: 3 0x8000dbe4 (0x423f2023) mem 0x8000f000 0x00000001
core   0: 0x8000dbe8 (0xff9ff06f) j       pc - 0x8
core   0: 3 0x8000dbe8 (0xff9ff06f)
core   0: 0x8000dbe0 (0x00001f17) auipc   t5, 0x1
core   0: 3 0x8000dbe0 (0x00001f17) x30 0x8000ebe0
core   0: 0x8000dbe4 (0x423f2023) sw      gp, 1056(t5)
core   0: 3 0x8000dbe4 (0x423f2023) mem 0x8000f000 0x00000001
core   0: 0x8000dbe8 (0xff9ff06f) j       pc - 0x8
core   0: 3 0x8000dbe8 (0xff9ff06f)
core   0: 0x8000dbe0 (0x00001f17) auipc   t5, 0x1
core   0: 3 0x8000dbe0 (0x00001f17) x30 0x8000ebe0
core   0: 0x8000dbe4 (0x423f2023) sw      gp, 1056(t5)
core   0: 3 0x8000dbe4 (0x423f2023) mem 0x8000f000 0x00000001
core   0: 0x8000dbe8 (0xff9ff06f) j       pc - 0x8
core   0: 3 0x8000dbe8 (0xff9ff06f)
core   0: 0x8000dbe0 (0x00001f17) auipc   t5, 0x1
core   0: 3 0x8000dbe0 (0x00001f17) x30 0x8000ebe0
core   0: 0x8000dbe4 (0x423f2023) sw      gp, 1056(t5)
core   0: 3 0x8000dbe4 (0x423f2023) mem 0x8000f000 0x00000001
core   0: 0x8000dbe8 (0xff9ff06f) j       pc - 0x8
core   0: 3 0x8000dbe8 (0xff9ff06f)
core   0: 0x8000dbe0 (0x00001f17) auipc   t5, 0x1
core   0: 3 0x8000dbe0 (0x00001f17) x30 0x8000ebe0
core   0: 0x8000dbe4 (0x423f2023) sw      gp, 1056(t5)
core   0: 3 0x8000dbe4 (0x423f2023) mem 0x8000f000 0x00000001
core   0: 0x8000dbe8 (0xff9ff06f) j       pc - 0x8
core   0: 3 0x8000dbe8 (0xff9ff06f)
core   0: 0x8000dbe0 (0x00001f17) auipc   t5, 0x1
core   0: 3 0x8000dbe0 (0x00001f17) x30 0x8000ebe0
core   0: 0x8000dbe4 (0x423f2023) sw      gp, 1056(t5)
core   0: 3 0x8000dbe4 (0x423f2023) mem 0x8000f000 0x00000001
core   0: 0x8000dbe8 (0xff9ff06f) j       pc - 0x8
core   0: 3 0x8000dbe8 (0xff9ff06f)
core   0: 0x8000dbe0 (0x00001f17) auipc   t5, 0x1
core   0: 3 0x8000dbe0 (0x00001f17) x30 0x8000ebe0
core   0: 0x8000dbe4 (0x423f2023) sw      gp, 1056(t5)
core   0: 3 0x8000dbe4 (0x423f2023) mem 0x8000f000 0x00000001
core   0: 0x8000dbe8 (0xff9ff06f) j       pc - 0x8
core   0: 3 0x8000dbe8 (0xff9ff06f)
core   0: 0x8000dbe0 (0x00001f17) auipc   t5, 0x1
core   0: 3 0x8000dbe0 (0x00001f17) x30 0x8000ebe0
core   0: 0x8000dbe4 (0x423f2023) sw      gp, 1056(t5)
core   0: 3 0x8000dbe4 (0x423f2023) mem 0x8000f000 0x00000001
core   0: 0x8000dbe8 (0xff9ff06f) j       pc - 0x8
core   0: 3 0x8000dbe8 (0xff9ff06f)
core   0: 0x8000dbe0 (0x00001f17) auipc   t5, 0x1
core   0: 3 0x8000dbe0 (0x00001f17) x30 0x8000ebe0
core   0: 0x8000dbe4 (0x423f2023) sw      gp, 1056(t5)
core   0: 3 0x8000dbe4 (0x423f2023) mem 0x8000f000 0x00000001
core   0: 0x8000dbe8 (0xff9ff06f) j       pc - 0x8
core   0: 3 0x8000dbe8 (0xff9ff06f)
core   0: 0x8000dbe0 (0x00001f17) auipc   t5, 0x1
core   0: 3 0x8000dbe0 (0x00001f17) x30 0x8000ebe0
core   0: 0x8000dbe4 (0x423f2023) sw      gp, 1056(t5)
core   0: 3 0x8000dbe4 (0x423f2023) mem 0x8000f000 0x00000001
core   0: 0x8000dbe8 (0xff9ff06f) j       pc - 0x8
core   0: 3 0x8000dbe8 (0xff9ff06f)
core   0: 0x8000dbe0 (0x00001f17) auipc   t5, 0x1
core   0: 3 0x8000dbe0 (0x00001f17) x30 0x8000ebe0
core   0: 0x8000dbe4 (0x423f2023) sw      gp, 1056(t5)
core   0: 3 0x8000dbe4 (0x423f2023) mem 0x8000f000 0x00000001
core   0: 0x8000dbe8 (0xff9ff06f) j       pc - 0x8
core   0: 3 0x8000dbe8 (0xff9ff06f)
core   0: 0x8000dbe0 (0x00001f17) auipc   t5, 0x1
core   0: 3 0x8000dbe0 (0x00001f17) x30 0x8000ebe0
core   0: 0x8000dbe4 (0x423f2023) sw      gp, 1056(t5)
core   0: 3 0x8000dbe4 (0x423f2023) mem 0x8000f000 0x00000001
core   0: 0x8000dbe8 (0xff9ff06f) j       pc - 0x8
core   0: 3 0x8000dbe8 (0xff9ff06f)
core   0: 0x8000dbe0 (0x00001f17) auipc   t5, 0x1
core   0: 3 0x8000dbe0 (0x00001f17) x30 0x8000ebe0
core   0: 0x8000dbe4 (0x423f2023) sw      gp, 1056(t5)
core   0: 3 0x8000dbe4 (0x423f2023) mem 0x8000f000 0x00000001
core   0: 0x8000dbe8 (0xff9ff06f) j       pc - 0x8
core   0: 3 0x8000dbe8 (0xff9ff06f)
core   0: 0x8000dbe0 (0x00001f17) auipc   t5, 0x1
core   0: 3 0x8000dbe0 (0x00001f17) x30 0x8000ebe0
core   0: 0x8000dbe4 (0x423f2023) sw      gp, 1056(t5)
core   0: 3 0x8000dbe4 (0x423f2023) mem 0x8000f000 0x00000001
core   0: 0x8000dbe8 (0xff9ff06f) j       pc - 0x8
core   0: 3 0x8000dbe8 (0xff9ff06f)
core   0: 0x8000dbe0 (0x00001f17) auipc   t5, 0x1
core   0: 3 0x8000dbe0 (0x00001f17) x30 0x8000ebe0
core   0: 0x8000dbe4 (0x423f2023) sw      gp, 1056(t5)
core   0: 3 0x8000dbe4 (0x423f2023) mem 0x8000f000 0x00000001
core   0: 0x8000dbe8 (0xff9ff06f) j       pc - 0x8
core   0: 3 0x8000dbe8 (0xff9ff06f)
core   0: 0x8000dbe0 (0x00001f17) auipc   t5, 0x1
core   0: 3 0x8000dbe0 (0x00001f17) x30 0x8000ebe0
core   0: 0x8000dbe4 (0x423f2023) sw      gp, 1056(t5)
core   0: 3 0x8000dbe4 (0x423f2023) mem 0x8000f000 0x00000001
core   0: 0x8000dbe8 (0xff9ff06f) j       pc - 0x8
core   0: 3 0x8000dbe8 (0xff9ff06f)
core   0: 0x8000dbe0 (0x00001f17) auipc   t5, 0x1
core   0: 3 0x8000dbe0 (0x00001f17) x30 0x8000ebe0
core   0: 0x8000dbe4 (0x423f2023) sw      gp, 1056(t5)
core   0: 3 0x8000dbe4 (0x423f2023) mem 0x8000f000 0x00000001
core   0: 0x8000dbe8 (0xff9ff06f) j       pc - 0x8
core   0: 3 0x8000dbe8 (0xff9ff06f)
core   0: 0x8000dbe0 (0x00001f17) auipc   t5, 0x1
core   0: 3 0x8000dbe0 (0x00001f17) x30 0x8000ebe0
core   0: 0x8000dbe4 (0x423f2023) sw      gp, 1056(t5)
core   0: 3 0x8000dbe4 (0x423f2023) mem 0x8000f000 0x00000001
core   0: 0x8000dbe8 (0xff9ff06f) j       pc - 0x8
core   0: 3 0x8000dbe8 (0xff9ff06f)
core   0: 0x8000dbe0 (0x00001f17) auipc   t5, 0x1
core   0: 3 0x8000dbe0 (0x00001f17) x30 0x8000ebe0
core   0: 0x8000dbe4 (0x423f2023) sw      gp, 1056(t5)
core   0: 3 0x8000dbe4 (0x423f2023) mem 0x8000f000 0x00000001
core   0: 0x8000dbe8 (0xff9ff06f) j       pc - 0x8
core   0: 3 0x8000dbe8 (0xff9ff06f)
core   0: 0x8000dbe0 (0x00001f17) auipc   t5, 0x1
core   0: 3 0x8000dbe0 (0x00001f17) x30 0x8000ebe0
core   0: 0x8000dbe4 (0x423f2023) sw      gp, 1056(t5)
core   0: 3 0x8000dbe4 (0x423f2023) mem 0x8000f000 0x00000001
core   0: 0x8000dbe8 (0xff9ff06f) j       pc - 0x8
core   0: 3 0x8000dbe8 (0xff9ff06f)
core   0: 0x8000dbe0 (0x00001f17) auipc   t5, 0x1
core   0: 3 0x8000dbe0 (0x00001f17) x30 0x8000ebe0
core   0: 0x8000dbe4 (0x423f2023) sw      gp, 1056(t5)
core   0: 3 0x8000dbe4 (0x423f2023) mem 0x8000f000 0x00000001
core   0: 0x8000dbe8 (0xff9ff06f) j       pc - 0x8
core   0: 3 0x8000dbe8 (0xff9ff06f)
core   0: 0x8000dbe0 (0x00001f17) auipc   t5, 0x1
core   0: 3 0x8000dbe0 (0x00001f17) x30 0x8000ebe0
core   0: 0x8000dbe4 (0x423f2023) sw      gp, 1056(t5)
core   0: 3 0x8000dbe4 (0x423f2023) mem 0x8000f000 0x00000001
core   0: 0x8000dbe8 (0xff9ff06f) j       pc - 0x8
core   0: 3 0x8000dbe8 (0xff9ff06f)
core   0: 0x8000dbe0 (0x00001f17) auipc   t5, 0x1
core   0: 3 0x8000dbe0 (0x00001f17) x30 0x8000ebe0
core   0: 0x8000dbe4 (0x423f2023) sw      gp, 1056(t5)
core   0: 3 0x8000dbe4 (0x423f2023) mem 0x8000f000 0x00000001
core   0: 0x8000dbe8 (0xff9ff06f) j       pc - 0x8
core   0: 3 0x8000dbe8 (0xff9ff06f)
core   0: 0x8000dbe0 (0x00001f17) auipc   t5, 0x1
core   0: 3 0x8000dbe0 (0x00001f17) x30 0x8000ebe0
core   0: 0x8000dbe4 (0x423f2023) sw      gp, 1056(t5)
core   0: 3 0x8000dbe4 (0x423f2023) mem 0x8000f000 0x00000001
core   0: 0x8000dbe8 (0xff9ff06f) j       pc - 0x8
core   0: 3 0x8000dbe8 (0xff9ff06f)
core   0: 0x8000dbe0 (0x00001f17) auipc   t5, 0x1
core   0: 3 0x8000dbe0 (0x00001f17) x30 0x8000ebe0
core   0: 0x8000dbe4 (0x423f2023) sw      gp, 1056(t5)
core   0: 3 0x8000dbe4 (0x423f2023) mem 0x8000f000 0x00000001
core   0: 0x8000dbe8 (0xff9ff06f) j       pc - 0x8
core   0: 3 0x8000dbe8 (0xff9ff06f)
core   0: 0x8000dbe0 (0x00001f17) auipc   t5, 0x1
core   0: 3 0x8000dbe0 (0x00001f17) x30 0x8000ebe0
core   0: 0x8000dbe4 (0x423f2023) sw      gp, 1056(t5)
core   0: 3 0x8000dbe4 (0x423f2023) mem 0x8000f000 0x00000001
core   0: 0x8000dbe8 (0xff9ff06f) j       pc - 0x8
core   0: 3 0x8000dbe8 (0xff9ff06f)
core   0: 0x8000dbe0 (0x00001f17) auipc   t5, 0x1
core   0: 3 0x8000dbe0 (0x00001f17) x30 0x8000ebe0
core   0: 0x8000dbe4 (0x423f2023) sw      gp, 1056(t5)
core   0: 3 0x8000dbe4 (0x423f2023) mem 0x8000f000 0x00000001
core   0: 0x8000dbe8 (0xff9ff06f) j       pc - 0x8
core   0: 3 0x8000dbe8 (0xff9ff06f)
core   0: 0x8000dbe0 (0x00001f17) auipc   t5, 0x1
core   0: 3 0x8000dbe0 (0x00001f17) x30 0x8000ebe0
core   0: 0x8000dbe4 (0x423f2023) sw      gp, 1056(t5)
core   0: 3 0x8000dbe4 (0x423f2023) mem 0x8000f000 0x00000001
core   0: 0x8000dbe8 (0xff9ff06f) j       pc - 0x8
core   0: 3 0x8000dbe8 (0xff9ff06f)
core   0: 0x8000dbe0 (0x00001f17) auipc   t5, 0x1
core   0: 3 0x8000dbe0 (0x00001f17) x30 0x8000ebe0
core   0: 0x8000dbe4 (0x423f2023) sw      gp, 1056(t5)
core   0: 3 0x8000dbe4 (0x423f2023) mem 0x8000f000 0x00000001
core   0: 0x8000dbe8 (0xff9ff06f) j       pc - 0x8
core   0: 3 0x8000dbe8 (0xff9ff06f)
core   0: 0x8000dbe0 (0x00001f17) auipc   t5, 0x1
core   0: 3 0x8000dbe0 (0x00001f17) x30 0x8000ebe0
core   0: 0x8000dbe4 (0x423f2023) sw      gp, 1056(t5)
core   0: 3 0x8000dbe4 (0x423f2023) mem 0x8000f000 0x00000001
core   0: 0x8000dbe8 (0xff9ff06f) j       pc - 0x8
core   0: 3 0x8000dbe8 (0xff9ff06f)
core   0: 0x8000dbe0 (0x00001f17) auipc   t5, 0x1
core   0: 3 0x8000dbe0 (0x00001f17) x30 0x8000ebe0
core   0: 0x8000dbe4 (0x423f2023) sw      gp, 1056(t5)
core   0: 3 0x8000dbe4 (0x423f2023) mem 0x8000f000 0x00000001
core   0: 0x8000dbe8 (0xff9ff06f) j       pc - 0x8
core   0: 3 0x8000dbe8 (0xff9ff06f)
core   0: 0x8000dbe0 (0x00001f17) auipc   t5, 0x1
core   0: 3 0x8000dbe0 (0x00001f17) x30 0x8000ebe0
core   0: 0x8000dbe4 (0x423f2023) sw      gp, 1056(t5)
core   0: 3 0x8000dbe4 (0x423f2023) mem 0x8000f000 0x00000001
core   0: 0x8000dbe8 (0xff9ff06f) j       pc - 0x8
core   0: 3 0x8000dbe8 (0xff9ff06f)
core   0: 0x8000dbe0 (0x00001f17) auipc   t5, 0x1
core   0: 3 0x8000dbe0 (0x00001f17) x30 0x8000ebe0
core   0: 0x8000dbe4 (0x423f2023) sw      gp, 1056(t5)
core   0: 3 0x8000dbe4 (0x423f2023) mem 0x8000f000 0x00000001
core   0: 0x8000dbe8 (0xff9ff06f) j       pc - 0x8
core   0: 3 0x8000dbe8 (0xff9ff06f)
core   0: 0x8000dbe0 (0x00001f17) auipc   t5, 0x1
core   0: 3 0x8000dbe0 (0x00001f17) x30 0x8000ebe0
core   0: 0x8000dbe4 (0x423f2023) sw      gp, 1056(t5)
core   0: 3 0x8000dbe4 (0x423f2023) mem 0x8000f000 0x00000001
core   0: 0x8000dbe8 (0xff9ff06f) j       pc - 0x8
core   0: 3 0x8000dbe8 (0xff9ff06f)
core   0: 0x8000dbe0 (0x00001f17) auipc   t5, 0x1
core   0: 3 0x8000dbe0 (0x00001f17) x30 0x8000ebe0
core   0: 0x8000dbe4 (0x423f2023) sw      gp, 1056(t5)
core   0: 3 0x8000dbe4 (0x423f2023) mem 0x8000f000 0x00000001
core   0: 0x8000dbe8 (0xff9ff06f) j       pc - 0x8
core   0: 3 0x8000dbe8 (0xff9ff06f)
core   0: 0x8000dbe0 (0x00001f17) auipc   t5, 0x1
core   0: 3 0x8000dbe0 (0x00001f17) x30 0x8000ebe0
core   0: 0x8000dbe4 (0x423f2023) sw      gp, 1056(t5)
core   0: 3 0x8000dbe4 (0x423f2023) mem 0x8000f000 0x00000001
core   0: 0x8000dbe8 (0xff9ff06f) j       pc - 0x8
core   0: 3 0x8000dbe8 (0xff9ff06f)
core   0: 0x8000dbe0 (0x00001f17) auipc   t5, 0x1
core   0: 3 0x8000dbe0 (0x00001f17) x30 0x8000ebe0
core   0: 0x8000dbe4 (0x423f2023) sw      gp, 1056(t5)
core   0: 3 0x8000dbe4 (0x423f2023) mem 0x8000f000 0x00000001
core   0: 0x8000dbe8 (0xff9ff06f) j       pc - 0x8
core   0: 3 0x8000dbe8 (0xff9ff06f)
core   0: 0x8000dbe0 (0x00001f17) auipc   t5, 0x1
core   0: 3 0x8000dbe0 (0x00001f17) x30 0x8000ebe0
core   0: 0x8000dbe4 (0x423f2023) sw      gp, 1056(t5)
core   0: 3 0x8000dbe4 (0x423f2023) mem 0x8000f000 0x00000001
core   0: 0x8000dbe8 (0xff9ff06f) j       pc - 0x8
core   0: 3 0x8000dbe8 (0xff9ff06f)
core   0: 0x8000dbe0 (0x00001f17) auipc   t5, 0x1
core   0: 3 0x8000dbe0 (0x00001f17) x30 0x8000ebe0
core   0: 0x8000dbe4 (0x423f2023) sw      gp, 1056(t5)
core   0: 3 0x8000dbe4 (0x423f2023) mem 0x8000f000 0x00000001
core   0: 0x8000dbe8 (0xff9ff06f) j       pc - 0x8
core   0: 3 0x8000dbe8 (0xff9ff06f)
core   0: 0x8000dbe0 (0x00001f17) auipc   t5, 0x1
core   0: 3 0x8000dbe0 (0x00001f17) x30 0x8000ebe0
core   0: 0x8000dbe4 (0x423f2023) sw      gp, 1056(t5)
core   0: 3 0x8000dbe4 (0x423f2023) mem 0x8000f000 0x00000001
core   0: 0x8000dbe8 (0xff9ff06f) j       pc - 0x8
core   0: 3 0x8000dbe8 (0xff9ff06f)
core   0: 0x8000dbe0 (0x00001f17) auipc   t5, 0x1
core   0: 3 0x8000dbe0 (0x00001f17) x30 0x8000ebe0
core   0: 0x8000dbe4 (0x423f2023) sw      gp, 1056(t5)
core   0: 3 0x8000dbe4 (0x423f2023) mem 0x8000f000 0x00000001
core   0: 0x8000dbe8 (0xff9ff06f) j       pc - 0x8
core   0: 3 0x8000dbe8 (0xff9ff06f)
core   0: 0x8000dbe0 (0x00001f17) auipc   t5, 0x1
core   0: 3 0x8000dbe0 (0x00001f17) x30 0x8000ebe0
core   0: 0x8000dbe4 (0x423f2023) sw      gp, 1056(t5)
core   0: 3 0x8000dbe4 (0x423f2023) mem 0x8000f000 0x00000001
core   0: 0x8000dbe8 (0xff9ff06f) j       pc - 0x8
core   0: 3 0x8000dbe8 (0xff9ff06f)
core   0: 0x8000dbe0 (0x00001f17) auipc   t5, 0x1
core   0: 3 0x8000dbe0 (0x00001f17) x30 0x8000ebe0
core   0: 0x8000dbe4 (0x423f2023) sw      gp, 1056(t5)
core   0: 3 0x8000dbe4 (0x423f2023) mem 0x8000f000 0x00000001
core   0: 0x8000dbe8 (0xff9ff06f) j       pc - 0x8
core   0: 3 0x8000dbe8 (0xff9ff06f)
core   0: 0x8000dbe0 (0x00001f17) auipc   t5, 0x1
core   0: 3 0x8000dbe0 (0x00001f17) x30 0x8000ebe0
core   0: 0x8000dbe4 (0x423f2023) sw      gp, 1056(t5)
core   0: 3 0x8000dbe4 (0x423f2023) mem 0x8000f000 0x00000001
core   0: 0x8000dbe8 (0xff9ff06f) j       pc - 0x8
core   0: 3 0x8000dbe8 (0xff9ff06f)
core   0: 0x8000dbe0 (0x00001f17) auipc   t5, 0x1
core   0: 3 0x8000dbe0 (0x00001f17) x30 0x8000ebe0
core   0: 0x8000dbe4 (0x423f2023) sw      gp, 1056(t5)
core   0: 3 0x8000dbe4 (0x423f2023) mem 0x8000f000 0x00000001
core   0: 0x8000dbe8 (0xff9ff06f) j       pc - 0x8
core   0: 3 0x8000dbe8 (0xff9ff06f)
core   0: 0x8000dbe0 (0x00001f17) auipc   t5, 0x1
core   0: 3 0x8000dbe0 (0x00001f17) x30 0x8000ebe0
core   0: 0x8000dbe4 (0x423f2023) sw      gp, 1056(t5)
core   0: 3 0x8000dbe4 (0x423f2023) mem 0x8000f000 0x00000001
core   0: 0x8000dbe8 (0xff9ff06f) j       pc - 0x8
core   0: 3 0x8000dbe8 (0xff9ff06f)
core   0: 0x8000dbe0 (0x00001f17) auipc   t5, 0x1
core   0: 3 0x8000dbe0 (0x00001f17) x30 0x8000ebe0
core   0: 0x8000dbe4 (0x423f2023) sw      gp, 1056(t5)
core   0: 3 0x8000dbe4 (0x423f2023) mem 0x8000f000 0x00000001
core   0: 0x8000dbe8 (0xff9ff06f) j       pc - 0x8
core   0: 3 0x8000dbe8 (0xff9ff06f)
core   0: 0x8000dbe0 (0x00001f17) auipc   t5, 0x1
core   0: 3 0x8000dbe0 (0x00001f17) x30 0x8000ebe0
core   0: 0x8000dbe4 (0x423f2023) sw      gp, 1056(t5)
core   0: 3 0x8000dbe4 (0x423f2023) mem 0x8000f000 0x00000001
core   0: 0x8000dbe8 (0xff9ff06f) j       pc - 0x8
core   0: 3 0x8000dbe8 (0xff9ff06f)
core   0: 0x8000dbe0 (0x00001f17) auipc   t5, 0x1
core   0: 3 0x8000dbe0 (0x00001f17) x30 0x8000ebe0
core   0: 0x8000dbe4 (0x423f2023) sw      gp, 1056(t5)
core   0: 3 0x8000dbe4 (0x423f2023) mem 0x8000f000 0x00000001
core   0: 0x8000dbe8 (0xff9ff06f) j       pc - 0x8
core   0: 3 0x8000dbe8 (0xff9ff06f)
core   0: 0x8000dbe0 (0x00001f17) auipc   t5, 0x1
core   0: 3 0x8000dbe0 (0x00001f17) x30 0x8000ebe0
core   0: 0x8000dbe4 (0x423f2023) sw      gp, 1056(t5)
core   0: 3 0x8000dbe4 (0x423f2023) mem 0x8000f000 0x00000001
core   0: 0x8000dbe8 (0xff9ff06f) j       pc - 0x8
core   0: 3 0x8000dbe8 (0xff9ff06f)
core   0: 0x8000dbe0 (0x00001f17) auipc   t5, 0x1
core   0: 3 0x8000dbe0 (0x00001f17) x30 0x8000ebe0
core   0: 0x8000dbe4 (0x423f2023) sw      gp, 1056(t5)
core   0: 3 0x8000dbe4 (0x423f2023) mem 0x8000f000 0x00000001
core   0: 0x8000dbe8 (0xff9ff06f) j       pc - 0x8
core   0: 3 0x8000dbe8 (0xff9ff06f)
core   0: 0x8000dbe0 (0x00001f17) auipc   t5, 0x1
core   0: 3 0x8000dbe0 (0x00001f17) x30 0x8000ebe0
core   0: 0x8000dbe4 (0x423f2023) sw      gp, 1056(t5)
core   0: 3 0x8000dbe4 (0x423f2023) mem 0x8000f000 0x00000001
core   0: 0x8000dbe8 (0xff9ff06f) j       pc - 0x8
core   0: 3 0x8000dbe8 (0xff9ff06f)
core   0: 0x8000dbe0 (0x00001f17) auipc   t5, 0x1
core   0: 3 0x8000dbe0 (0x00001f17) x30 0x8000ebe0
core   0: 0x8000dbe4 (0x423f2023) sw      gp, 1056(t5)
core   0: 3 0x8000dbe4 (0x423f2023) mem 0x8000f000 0x00000001
core   0: 0x8000dbe8 (0xff9ff06f) j       pc - 0x8
core   0: 3 0x8000dbe8 (0xff9ff06f)
core   0: 0x8000dbe0 (0x00001f17) auipc   t5, 0x1
core   0: 3 0x8000dbe0 (0x00001f17) x30 0x8000ebe0
core   0: 0x8000dbe4 (0x423f2023) sw      gp, 1056(t5)
core   0: 3 0x8000dbe4 (0x423f2023) mem 0x8000f000 0x00000001
core   0: 0x8000dbe8 (0xff9ff06f) j       pc - 0x8
core   0: 3 0x8000dbe8 (0xff9ff06f)
core   0: 0x8000dbe0 (0x00001f17) auipc   t5, 0x1
core   0: 3 0x8000dbe0 (0x00001f17) x30 0x8000ebe0
core   0: 0x8000dbe4 (0x423f2023) sw      gp, 1056(t5)
core   0: 3 0x8000dbe4 (0x423f2023) mem 0x8000f000 0x00000001
core   0: 0x8000dbe8 (0xff9ff06f) j       pc - 0x8
core   0: 3 0x8000dbe8 (0xff9ff06f)
core   0: 0x8000dbe0 (0x00001f17) auipc   t5, 0x1
core   0: 3 0x8000dbe0 (0x00001f17) x30 0x8000ebe0
core   0: 0x8000dbe4 (0x423f2023) sw      gp, 1056(t5)
core   0: 3 0x8000dbe4 (0x423f2023) mem 0x8000f000 0x00000001
core   0: 0x8000dbe8 (0xff9ff06f) j       pc - 0x8
core   0: 3 0x8000dbe8 (0xff9ff06f)
core   0: 0x8000dbe0 (0x00001f17) auipc   t5, 0x1
core   0: 3 0x8000dbe0 (0x00001f17) x30 0x8000ebe0
core   0: 0x8000dbe4 (0x423f2023) sw      gp, 1056(t5)
core   0: 3 0x8000dbe4 (0x423f2023) mem 0x8000f000 0x00000001
core   0: 0x8000dbe8 (0xff9ff06f) j       pc - 0x8
core   0: 3 0x8000dbe8 (0xff9ff06f)
core   0: 0x8000dbe0 (0x00001f17) auipc   t5, 0x1
core   0: 3 0x8000dbe0 (0x00001f17) x30 0x8000ebe0
core   0: 0x8000dbe4 (0x423f2023) sw      gp, 1056(t5)
core   0: 3 0x8000dbe4 (0x423f2023) mem 0x8000f000 0x00000001
core   0: 0x8000dbe8 (0xff9ff06f) j       pc - 0x8
core   0: 3 0x8000dbe8 (0xff9ff06f)
core   0: 0x8000dbe0 (0x00001f17) auipc   t5, 0x1
core   0: 3 0x8000dbe0 (0x00001f17) x30 0x8000ebe0
core   0: 0x8000dbe4 (0x423f2023) sw      gp, 1056(t5)
core   0: 3 0x8000dbe4 (0x423f2023) mem 0x8000f000 0x00000001
core   0: 0x8000dbe8 (0xff9ff06f) j       pc - 0x8
core   0: 3 0x8000dbe8 (0xff9ff06f)
core   0: 0x8000dbe0 (0x00001f17) auipc   t5, 0x1
core   0: 3 0x8000dbe0 (0x00001f17) x30 0x8000ebe0
core   0: 0x8000dbe4 (0x423f2023) sw      gp, 1056(t5)
core   0: 3 0x8000dbe4 (0x423f2023) mem 0x8000f000 0x00000001
core   0: 0x8000dbe8 (0xff9ff06f) j       pc - 0x8
core   0: 3 0x8000dbe8 (0xff9ff06f)
core   0: 0x8000dbe0 (0x00001f17) auipc   t5, 0x1
core   0: 3 0x8000dbe0 (0x00001f17) x30 0x8000ebe0
core   0: 0x8000dbe4 (0x423f2023) sw      gp, 1056(t5)
core   0: 3 0x8000dbe4 (0x423f2023) mem 0x8000f000 0x00000001
core   0: 0x8000dbe8 (0xff9ff06f) j       pc - 0x8
core   0: 3 0x8000dbe8 (0xff9ff06f)
core   0: 0x8000dbe0 (0x00001f17) auipc   t5, 0x1
core   0: 3 0x8000dbe0 (0x00001f17) x30 0x8000ebe0
core   0: 0x8000dbe4 (0x423f2023) sw      gp, 1056(t5)
core   0: 3 0x8000dbe4 (0x423f2023) mem 0x8000f000 0x00000001
core   0: 0x8000dbe8 (0xff9ff06f) j       pc - 0x8
core   0: 3 0x8000dbe8 (0xff9ff06f)
core   0: 0x8000dbe0 (0x00001f17) auipc   t5, 0x1
core   0: 3 0x8000dbe0 (0x00001f17) x30 0x8000ebe0
core   0: 0x8000dbe4 (0x423f2023) sw      gp, 1056(t5)
core   0: 3 0x8000dbe4 (0x423f2023) mem 0x8000f000 0x00000001
core   0: 0x8000dbe8 (0xff9ff06f) j       pc - 0x8
core   0: 3 0x8000dbe8 (0xff9ff06f)
core   0: 0x8000dbe0 (0x00001f17) auipc   t5, 0x1
core   0: 3 0x8000dbe0 (0x00001f17) x30 0x8000ebe0
core   0: 0x8000dbe4 (0x423f2023) sw      gp, 1056(t5)
core   0: 3 0x8000dbe4 (0x423f2023) mem 0x8000f000 0x00000001
core   0: 0x8000dbe8 (0xff9ff06f) j       pc - 0x8
core   0: 3 0x8000dbe8 (0xff9ff06f)
core   0: 0x8000dbe0 (0x00001f17) auipc   t5, 0x1
core   0: 3 0x8000dbe0 (0x00001f17) x30 0x8000ebe0
core   0: 0x8000dbe4 (0x423f2023) sw      gp, 1056(t5)
core   0: 3 0x8000dbe4 (0x423f2023) mem 0x8000f000 0x00000001
core   0: 0x8000dbe8 (0xff9ff06f) j       pc - 0x8
core   0: 3 0x8000dbe8 (0xff9ff06f)
core   0: 0x8000dbe0 (0x00001f17) auipc   t5, 0x1
core   0: 3 0x8000dbe0 (0x00001f17) x30 0x8000ebe0
core   0: 0x8000dbe4 (0x423f2023) sw      gp, 1056(t5)
core   0: 3 0x8000dbe4 (0x423f2023) mem 0x8000f000 0x00000001
core   0: 0x8000dbe8 (0xff9ff06f) j       pc - 0x8
core   0: 3 0x8000dbe8 (0xff9ff06f)
core   0: 0x8000dbe0 (0x00001f17) auipc   t5, 0x1
core   0: 3 0x8000dbe0 (0x00001f17) x30 0x8000ebe0
core   0: 0x8000dbe4 (0x423f2023) sw      gp, 1056(t5)
core   0: 3 0x8000dbe4 (0x423f2023) mem 0x8000f000 0x00000001
core   0: 0x8000dbe8 (0xff9ff06f) j       pc - 0x8
core   0: 3 0x8000dbe8 (0xff9ff06f)
core   0: 0x8000dbe0 (0x00001f17) auipc   t5, 0x1
core   0: 3 0x8000dbe0 (0x00001f17) x30 0x8000ebe0
core   0: 0x8000dbe4 (0x423f2023) sw      gp, 1056(t5)
core   0: 3 0x8000dbe4 (0x423f2023) mem 0x8000f000 0x00000001
core   0: 0x8000dbe8 (0xff9ff06f) j       pc - 0x8
core   0: 3 0x8000dbe8 (0xff9ff06f)
core   0: 0x8000dbe0 (0x00001f17) auipc   t5, 0x1
core   0: 3 0x8000dbe0 (0x00001f17) x30 0x8000ebe0
core   0: 0x8000dbe4 (0x423f2023) sw      gp, 1056(t5)
core   0: 3 0x8000dbe4 (0x423f2023) mem 0x8000f000 0x00000001
core   0: 0x8000dbe8 (0xff9ff06f) j       pc - 0x8
core   0: 3 0x8000dbe8 (0xff9ff06f)
core   0: 0x8000dbe0 (0x00001f17) auipc   t5, 0x1
core   0: 3 0x8000dbe0 (0x00001f17) x30 0x8000ebe0
core   0: 0x8000dbe4 (0x423f2023) sw      gp, 1056(t5)
core   0: 3 0x8000dbe4 (0x423f2023) mem 0x8000f000 0x00000001
core   0: 0x8000dbe8 (0xff9ff06f) j       pc - 0x8
core   0: 3 0x8000dbe8 (0xff9ff06f)
core   0: 0x8000dbe0 (0x00001f17) auipc   t5, 0x1
core   0: 3 0x8000dbe0 (0x00001f17) x30 0x8000ebe0
core   0: 0x8000dbe4 (0x423f2023) sw      gp, 1056(t5)
core   0: 3 0x8000dbe4 (0x423f2023) mem 0x8000f000 0x00000001
core   0: 0x8000dbe8 (0xff9ff06f) j       pc - 0x8
core   0: 3 0x8000dbe8 (0xff9ff06f)
core   0: 0x8000dbe0 (0x00001f17) auipc   t5, 0x1
core   0: 3 0x8000dbe0 (0x00001f17) x30 0x8000ebe0
core   0: 0x8000dbe4 (0x423f2023) sw      gp, 1056(t5)
core   0: 3 0x8000dbe4 (0x423f2023) mem 0x8000f000 0x00000001
core   0: 0x8000dbe8 (0xff9ff06f) j       pc - 0x8
core   0: 3 0x8000dbe8 (0xff9ff06f)
core   0: 0x8000dbe0 (0x00001f17) auipc   t5, 0x1
core   0: 3 0x8000dbe0 (0x00001f17) x30 0x8000ebe0
core   0: 0x8000dbe4 (0x423f2023) sw      gp, 1056(t5)
core   0: 3 0x8000dbe4 (0x423f2023) mem 0x8000f000 0x00000001
core   0: 0x8000dbe8 (0xff9ff06f) j       pc - 0x8
core   0: 3 0x8000dbe8 (0xff9ff06f)
core   0: 0x8000dbe0 (0x00001f17) auipc   t5, 0x1
core   0: 3 0x8000dbe0 (0x00001f17) x30 0x8000ebe0
core   0: 0x8000dbe4 (0x423f2023) sw      gp, 1056(t5)
core   0: 3 0x8000dbe4 (0x423f2023) mem 0x8000f000 0x00000001
core   0: 0x8000dbe8 (0xff9ff06f) j       pc - 0x8
core   0: 3 0x8000dbe8 (0xff9ff06f)
core   0: 0x8000dbe0 (0x00001f17) auipc   t5, 0x1
core   0: 3 0x8000dbe0 (0x00001f17) x30 0x8000ebe0
core   0: 0x8000dbe4 (0x423f2023) sw      gp, 1056(t5)
core   0: 3 0x8000dbe4 (0x423f2023) mem 0x8000f000 0x00000001
core   0: 0x8000dbe8 (0xff9ff06f) j       pc - 0x8
core   0: 3 0x8000dbe8 (0xff9ff06f)
core   0: 0x8000dbe0 (0x00001f17) auipc   t5, 0x1
core   0: 3 0x8000dbe0 (0x00001f17) x30 0x8000ebe0
core   0: 0x8000dbe4 (0x423f2023) sw      gp, 1056(t5)
core   0: 3 0x8000dbe4 (0x423f2023) mem 0x8000f000 0x00000001
core   0: 0x8000dbe8 (0xff9ff06f) j       pc - 0x8
core   0: 3 0x8000dbe8 (0xff9ff06f)
core   0: 0x8000dbe0 (0x00001f17) auipc   t5, 0x1
core   0: 3 0x8000dbe0 (0x00001f17) x30 0x8000ebe0
core   0: 0x8000dbe4 (0x423f2023) sw      gp, 1056(t5)
core   0: 3 0x8000dbe4 (0x423f2023) mem 0x8000f000 0x00000001
core   0: 0x8000dbe8 (0xff9ff06f) j       pc - 0x8
core   0: 3 0x8000dbe8 (0xff9ff06f)
core   0: 0x8000dbe0 (0x00001f17) auipc   t5, 0x1
core   0: 3 0x8000dbe0 (0x00001f17) x30 0x8000ebe0
core   0: 0x8000dbe4 (0x423f2023) sw      gp, 1056(t5)
core   0: 3 0x8000dbe4 (0x423f2023) mem 0x8000f000 0x00000001
core   0: 0x8000dbe8 (0xff9ff06f) j       pc - 0x8
core   0: 3 0x8000dbe8 (0xff9ff06f)
core   0: 0x8000dbe0 (0x00001f17) auipc   t5, 0x1
core   0: 3 0x8000dbe0 (0x00001f17) x30 0x8000ebe0
core   0: 0x8000dbe4 (0x423f2023) sw      gp, 1056(t5)
core   0: 3 0x8000dbe4 (0x423f2023) mem 0x8000f000 0x00000001
core   0: 0x8000dbe8 (0xff9ff06f) j       pc - 0x8
core   0: 3 0x8000dbe8 (0xff9ff06f)
core   0: 0x8000dbe0 (0x00001f17) auipc   t5, 0x1
core   0: 3 0x8000dbe0 (0x00001f17) x30 0x8000ebe0
core   0: 0x8000dbe4 (0x423f2023) sw      gp, 1056(t5)
core   0: 3 0x8000dbe4 (0x423f2023) mem 0x8000f000 0x00000001
core   0: 0x8000dbe8 (0xff9ff06f) j       pc - 0x8
core   0: 3 0x8000dbe8 (0xff9ff06f)
core   0: 0x8000dbe0 (0x00001f17) auipc   t5, 0x1
core   0: 3 0x8000dbe0 (0x00001f17) x30 0x8000ebe0
core   0: 0x8000dbe4 (0x423f2023) sw      gp, 1056(t5)
core   0: 3 0x8000dbe4 (0x423f2023) mem 0x8000f000 0x00000001
core   0: 0x8000dbe8 (0xff9ff06f) j       pc - 0x8
core   0: 3 0x8000dbe8 (0xff9ff06f)
core   0: 0x8000dbe0 (0x00001f17) auipc   t5, 0x1
core   0: 3 0x8000dbe0 (0x00001f17) x30 0x8000ebe0
core   0: 0x8000dbe4 (0x423f2023) sw      gp, 1056(t5)
core   0: 3 0x8000dbe4 (0x423f2023) mem 0x8000f000 0x00000001
core   0: 0x8000dbe8 (0xff9ff06f) j       pc - 0x8
core   0: 3 0x8000dbe8 (0xff9ff06f)
core   0: 0x8000dbe0 (0x00001f17) auipc   t5, 0x1
core   0: 3 0x8000dbe0 (0x00001f17) x30 0x8000ebe0
core   0: 0x8000dbe4 (0x423f2023) sw      gp, 1056(t5)
core   0: 3 0x8000dbe4 (0x423f2023) mem 0x8000f000 0x00000001
core   0: 0x8000dbe8 (0xff9ff06f) j       pc - 0x8
core   0: 3 0x8000dbe8 (0xff9ff06f)
core   0: 0x8000dbe0 (0x00001f17) auipc   t5, 0x1
core   0: 3 0x8000dbe0 (0x00001f17) x30 0x8000ebe0
core   0: 0x8000dbe4 (0x423f2023) sw      gp, 1056(t5)
core   0: 3 0x8000dbe4 (0x423f2023) mem 0x8000f000 0x00000001
core   0: 0x8000dbe8 (0xff9ff06f) j       pc - 0x8
core   0: 3 0x8000dbe8 (0xff9ff06f)
core   0: 0x8000dbe0 (0x00001f17) auipc   t5, 0x1
core   0: 3 0x8000dbe0 (0x00001f17) x30 0x8000ebe0
core   0: 0x8000dbe4 (0x423f2023) sw      gp, 1056(t5)
core   0: 3 0x8000dbe4 (0x423f2023) mem 0x8000f000 0x00000001
core   0: 0x8000dbe8 (0xff9ff06f) j       pc - 0x8
core   0: 3 0x8000dbe8 (0xff9ff06f)
core   0: 0x8000dbe0 (0x00001f17) auipc   t5, 0x1
core   0: 3 0x8000dbe0 (0x00001f17) x30 0x8000ebe0
core   0: 0x8000dbe4 (0x423f2023) sw      gp, 1056(t5)
core   0: 3 0x8000dbe4 (0x423f2023) mem 0x8000f000 0x00000001
core   0: 0x8000dbe8 (0xff9ff06f) j       pc - 0x8
core   0: 3 0x8000dbe8 (0xff9ff06f)
core   0: 0x8000dbe0 (0x00001f17) auipc   t5, 0x1
core   0: 3 0x8000dbe0 (0x00001f17) x30 0x8000ebe0
core   0: 0x8000dbe4 (0x423f2023) sw      gp, 1056(t5)
core   0: 3 0x8000dbe4 (0x423f2023) mem 0x8000f000 0x00000001
core   0: 0x8000dbe8 (0xff9ff06f) j       pc - 0x8
core   0: 3 0x8000dbe8 (0xff9ff06f)
core   0: 0x8000dbe0 (0x00001f17) auipc   t5, 0x1
core   0: 3 0x8000dbe0 (0x00001f17) x30 0x8000ebe0
core   0: 0x8000dbe4 (0x423f2023) sw      gp, 1056(t5)
core   0: 3 0x8000dbe4 (0x423f2023) mem 0x8000f000 0x00000001
core   0: 0x8000dbe8 (0xff9ff06f) j       pc - 0x8
core   0: 3 0x8000dbe8 (0xff9ff06f)
core   0: 0x8000dbe0 (0x00001f17) auipc   t5, 0x1
core   0: 3 0x8000dbe0 (0x00001f17) x30 0x8000ebe0
core   0: 0x8000dbe4 (0x423f2023) sw      gp, 1056(t5)
core   0: 3 0x8000dbe4 (0x423f2023) mem 0x8000f000 0x00000001
core   0: 0x8000dbe8 (0xff9ff06f) j       pc - 0x8
core   0: 3 0x8000dbe8 (0xff9ff06f)
core   0: 0x8000dbe0 (0x00001f17) auipc   t5, 0x1
core   0: 3 0x8000dbe0 (0x00001f17) x30 0x8000ebe0
core   0: 0x8000dbe4 (0x423f2023) sw      gp, 1056(t5)
core   0: 3 0x8000dbe4 (0x423f2023) mem 0x8000f000 0x00000001
core   0: 0x8000dbe8 (0xff9ff06f) j       pc - 0x8
core   0: 3 0x8000dbe8 (0xff9ff06f)
core   0: 0x8000dbe0 (0x00001f17) auipc   t5, 0x1
core   0: 3 0x8000dbe0 (0x00001f17) x30 0x8000ebe0
core   0: 0x8000dbe4 (0x423f2023) sw      gp, 1056(t5)
core   0: 3 0x8000dbe4 (0x423f2023) mem 0x8000f000 0x00000001
core   0: 0x8000dbe8 (0xff9ff06f) j       pc - 0x8
core   0: 3 0x8000dbe8 (0xff9ff06f)
core   0: 0x8000dbe0 (0x00001f17) auipc   t5, 0x1
core   0: 3 0x8000dbe0 (0x00001f17) x30 0x8000ebe0
core   0: 0x8000dbe4 (0x423f2023) sw      gp, 1056(t5)
core   0: 3 0x8000dbe4 (0x423f2023) mem 0x8000f000 0x00000001
core   0: 0x8000dbe8 (0xff9ff06f) j       pc - 0x8
core   0: 3 0x8000dbe8 (0xff9ff06f)
core   0: 0x8000dbe0 (0x00001f17) auipc   t5, 0x1
core   0: 3 0x8000dbe0 (0x00001f17) x30 0x8000ebe0
core   0: 0x8000dbe4 (0x423f2023) sw      gp, 1056(t5)
core   0: 3 0x8000dbe4 (0x423f2023) mem 0x8000f000 0x00000001
core   0: 0x8000dbe8 (0xff9ff06f) j       pc - 0x8
core   0: 3 0x8000dbe8 (0xff9ff06f)
core   0: 0x8000dbe0 (0x00001f17) auipc   t5, 0x1
core   0: 3 0x8000dbe0 (0x00001f17) x30 0x8000ebe0
core   0: 0x8000dbe4 (0x423f2023) sw      gp, 1056(t5)
core   0: 3 0x8000dbe4 (0x423f2023) mem 0x8000f000 0x00000001
core   0: 0x8000dbe8 (0xff9ff06f) j       pc - 0x8
core   0: 3 0x8000dbe8 (0xff9ff06f)
core   0: 0x8000dbe0 (0x00001f17) auipc   t5, 0x1
core   0: 3 0x8000dbe0 (0x00001f17) x30 0x8000ebe0
core   0: 0x8000dbe4 (0x423f2023) sw      gp, 1056(t5)
core   0: 3 0x8000dbe4 (0x423f2023) mem 0x8000f000 0x00000001
core   0: 0x8000dbe8 (0xff9ff06f) j       pc - 0x8
core   0: 3 0x8000dbe8 (0xff9ff06f)
core   0: 0x8000dbe0 (0x00001f17) auipc   t5, 0x1
core   0: 3 0x8000dbe0 (0x00001f17) x30 0x8000ebe0
core   0: 0x8000dbe4 (0x423f2023) sw      gp, 1056(t5)
core   0: 3 0x8000dbe4 (0x423f2023) mem 0x8000f000 0x00000001
core   0: 0x8000dbe8 (0xff9ff06f) j       pc - 0x8
core   0: 3 0x8000dbe8 (0xff9ff06f)
core   0: 0x8000dbe0 (0x00001f17) auipc   t5, 0x1
core   0: 3 0x8000dbe0 (0x00001f17) x30 0x8000ebe0
core   0: 0x8000dbe4 (0x423f2023) sw      gp, 1056(t5)
core   0: 3 0x8000dbe4 (0x423f2023) mem 0x8000f000 0x00000001
core   0: 0x8000dbe8 (0xff9ff06f) j       pc - 0x8
core   0: 3 0x8000dbe8 (0xff9ff06f)
core   0: 0x8000dbe0 (0x00001f17) auipc   t5, 0x1
core   0: 3 0x8000dbe0 (0x00001f17) x30 0x8000ebe0
core   0: 0x8000dbe4 (0x423f2023) sw      gp, 1056(t5)
core   0: 3 0x8000dbe4 (0x423f2023) mem 0x8000f000 0x00000001
core   0: 0x8000dbe8 (0xff9ff06f) j       pc - 0x8
core   0: 3 0x8000dbe8 (0xff9ff06f)
core   0: 0x8000dbe0 (0x00001f17) auipc   t5, 0x1
core   0: 3 0x8000dbe0 (0x00001f17) x30 0x8000ebe0
core   0: 0x8000dbe4 (0x423f2023) sw      gp, 1056(t5)
core   0: 3 0x8000dbe4 (0x423f2023) mem 0x8000f000 0x00000001
core   0: 0x8000dbe8 (0xff9ff06f) j       pc - 0x8
core   0: 3 0x8000dbe8 (0xff9ff06f)
core   0: 0x8000dbe0 (0x00001f17) auipc   t5, 0x1
core   0: 3 0x8000dbe0 (0x00001f17) x30 0x8000ebe0
core   0: 0x8000dbe4 (0x423f2023) sw      gp, 1056(t5)
core   0: 3 0x8000dbe4 (0x423f2023) mem 0x8000f000 0x00000001
core   0: 0x8000dbe8 (0xff9ff06f) j       pc - 0x8
core   0: 3 0x8000dbe8 (0xff9ff06f)
core   0: 0x8000dbe0 (0x00001f17) auipc   t5, 0x1
core   0: 3 0x8000dbe0 (0x00001f17) x30 0x8000ebe0
core   0: 0x8000dbe4 (0x423f2023) sw      gp, 1056(t5)
core   0: 3 0x8000dbe4 (0x423f2023) mem 0x8000f000 0x00000001
core   0: 0x8000dbe8 (0xff9ff06f) j       pc - 0x8
core   0: 3 0x8000dbe8 (0xff9ff06f)
core   0: 0x8000dbe0 (0x00001f17) auipc   t5, 0x1
core   0: 3 0x8000dbe0 (0x00001f17) x30 0x8000ebe0
core   0: 0x8000dbe4 (0x423f2023) sw      gp, 1056(t5)
core   0: 3 0x8000dbe4 (0x423f2023) mem 0x8000f000 0x00000001
core   0: 0x8000dbe8 (0xff9ff06f) j       pc - 0x8
core   0: 3 0x8000dbe8 (0xff9ff06f)
core   0: 0x8000dbe0 (0x00001f17) auipc   t5, 0x1
core   0: 3 0x8000dbe0 (0x00001f17) x30 0x8000ebe0
core   0: 0x8000dbe4 (0x423f2023) sw      gp, 1056(t5)
core   0: 3 0x8000dbe4 (0x423f2023) mem 0x8000f000 0x00000001
core   0: 0x8000dbe8 (0xff9ff06f) j       pc - 0x8
core   0: 3 0x8000dbe8 (0xff9ff06f)
core   0: 0x8000dbe0 (0x00001f17) auipc   t5, 0x1
core   0: 3 0x8000dbe0 (0x00001f17) x30 0x8000ebe0
core   0: 0x8000dbe4 (0x423f2023) sw      gp, 1056(t5)
core   0: 3 0x8000dbe4 (0x423f2023) mem 0x8000f000 0x00000001
core   0: 0x8000dbe8 (0xff9ff06f) j       pc - 0x8
core   0: 3 0x8000dbe8 (0xff9ff06f)
core   0: 0x8000dbe0 (0x00001f17) auipc   t5, 0x1
core   0: 3 0x8000dbe0 (0x00001f17) x30 0x8000ebe0
core   0: 0x8000dbe4 (0x423f2023) sw      gp, 1056(t5)
core   0: 3 0x8000dbe4 (0x423f2023) mem 0x8000f000 0x00000001
core   0: 0x8000dbe8 (0xff9ff06f) j       pc - 0x8
core   0: 3 0x8000dbe8 (0xff9ff06f)
core   0: 0x8000dbe0 (0x00001f17) auipc   t5, 0x1
core   0: 3 0x8000dbe0 (0x00001f17) x30 0x8000ebe0
core   0: 0x8000dbe4 (0x423f2023) sw      gp, 1056(t5)
core   0: 3 0x8000dbe4 (0x423f2023) mem 0x8000f000 0x00000001
core   0: 0x8000dbe8 (0xff9ff06f) j       pc - 0x8
core   0: 3 0x8000dbe8 (0xff9ff06f)
core   0: 0x8000dbe0 (0x00001f17) auipc   t5, 0x1
core   0: 3 0x8000dbe0 (0x00001f17) x30 0x8000ebe0
core   0: 0x8000dbe4 (0x423f2023) sw      gp, 1056(t5)
core   0: 3 0x8000dbe4 (0x423f2023) mem 0x8000f000 0x00000001
core   0: 0x8000dbe8 (0xff9ff06f) j       pc - 0x8
core   0: 3 0x8000dbe8 (0xff9ff06f)
core   0: 0x8000dbe0 (0x00001f17) auipc   t5, 0x1
core   0: 3 0x8000dbe0 (0x00001f17) x30 0x8000ebe0
core   0: 0x8000dbe4 (0x423f2023) sw      gp, 1056(t5)
core   0: 3 0x8000dbe4 (0x423f2023) mem 0x8000f000 0x00000001
core   0: 0x8000dbe8 (0xff9ff06f) j       pc - 0x8
core   0: 3 0x8000dbe8 (0xff9ff06f)
core   0: 0x8000dbe0 (0x00001f17) auipc   t5, 0x1
core   0: 3 0x8000dbe0 (0x00001f17) x30 0x8000ebe0
core   0: 0x8000dbe4 (0x423f2023) sw      gp, 1056(t5)
core   0: 3 0x8000dbe4 (0x423f2023) mem 0x8000f000 0x00000001
core   0: 0x8000dbe8 (0xff9ff06f) j       pc - 0x8
core   0: 3 0x8000dbe8 (0xff9ff06f)
core   0: 0x8000dbe0 (0x00001f17) auipc   t5, 0x1
core   0: 3 0x8000dbe0 (0x00001f17) x30 0x8000ebe0
core   0: 0x8000dbe4 (0x423f2023) sw      gp, 1056(t5)
core   0: 3 0x8000dbe4 (0x423f2023) mem 0x8000f000 0x00000001
core   0: 0x8000dbe8 (0xff9ff06f) j       pc - 0x8
core   0: 3 0x8000dbe8 (0xff9ff06f)
core   0: 0x8000dbe0 (0x00001f17) auipc   t5, 0x1
core   0: 3 0x8000dbe0 (0x00001f17) x30 0x8000ebe0
core   0: 0x8000dbe4 (0x423f2023) sw      gp, 1056(t5)
core   0: 3 0x8000dbe4 (0x423f2023) mem 0x8000f000 0x00000001
core   0: 0x8000dbe8 (0xff9ff06f) j       pc - 0x8
core   0: 3 0x8000dbe8 (0xff9ff06f)
core   0: 0x8000dbe0 (0x00001f17) auipc   t5, 0x1
core   0: 3 0x8000dbe0 (0x00001f17) x30 0x8000ebe0
core   0: 0x8000dbe4 (0x423f2023) sw      gp, 1056(t5)
core   0: 3 0x8000dbe4 (0x423f2023) mem 0x8000f000 0x00000001
core   0: 0x8000dbe8 (0xff9ff06f) j       pc - 0x8
core   0: 3 0x8000dbe8 (0xff9ff06f)
core   0: 0x8000dbe0 (0x00001f17) auipc   t5, 0x1
core   0: 3 0x8000dbe0 (0x00001f17) x30 0x8000ebe0
core   0: 0x8000dbe4 (0x423f2023) sw      gp, 1056(t5)
core   0: 3 0x8000dbe4 (0x423f2023) mem 0x8000f000 0x00000001
core   0: 0x8000dbe8 (0xff9ff06f) j       pc - 0x8
core   0: 3 0x8000dbe8 (0xff9ff06f)
core   0: 0x8000dbe0 (0x00001f17) auipc   t5, 0x1
core   0: 3 0x8000dbe0 (0x00001f17) x30 0x8000ebe0
core   0: 0x8000dbe4 (0x423f2023) sw      gp, 1056(t5)
core   0: 3 0x8000dbe4 (0x423f2023) mem 0x8000f000 0x00000001
core   0: 0x8000dbe8 (0xff9ff06f) j       pc - 0x8
core   0: 3 0x8000dbe8 (0xff9ff06f)
core   0: 0x8000dbe0 (0x00001f17) auipc   t5, 0x1
core   0: 3 0x8000dbe0 (0x00001f17) x30 0x8000ebe0
core   0: 0x8000dbe4 (0x423f2023) sw      gp, 1056(t5)
core   0: 3 0x8000dbe4 (0x423f2023) mem 0x8000f000 0x00000001
core   0: 0x8000dbe8 (0xff9ff06f) j       pc - 0x8
core   0: 3 0x8000dbe8 (0xff9ff06f)
core   0: 0x8000dbe0 (0x00001f17) auipc   t5, 0x1
core   0: 3 0x8000dbe0 (0x00001f17) x30 0x8000ebe0
core   0: 0x8000dbe4 (0x423f2023) sw      gp, 1056(t5)
core   0: 3 0x8000dbe4 (0x423f2023) mem 0x8000f000 0x00000001
core   0: 0x8000dbe8 (0xff9ff06f) j       pc - 0x8
core   0: 3 0x8000dbe8 (0xff9ff06f)
core   0: 0x8000dbe0 (0x00001f17) auipc   t5, 0x1
core   0: 3 0x8000dbe0 (0x00001f17) x30 0x8000ebe0
core   0: 0x8000dbe4 (0x423f2023) sw      gp, 1056(t5)
core   0: 3 0x8000dbe4 (0x423f2023) mem 0x8000f000 0x00000001
core   0: 0x8000dbe8 (0xff9ff06f) j       pc - 0x8
core   0: 3 0x8000dbe8 (0xff9ff06f)
core   0: 0x8000dbe0 (0x00001f17) auipc   t5, 0x1
core   0: 3 0x8000dbe0 (0x00001f17) x30 0x8000ebe0
core   0: 0x8000dbe4 (0x423f2023) sw      gp, 1056(t5)
core   0: 3 0x8000dbe4 (0x423f2023) mem 0x8000f000 0x00000001
core   0: 0x8000dbe8 (0xff9ff06f) j       pc - 0x8
core   0: 3 0x8000dbe8 (0xff9ff06f)
core   0: 0x8000dbe0 (0x00001f17) auipc   t5, 0x1
core   0: 3 0x8000dbe0 (0x00001f17) x30 0x8000ebe0
core   0: 0x8000dbe4 (0x423f2023) sw      gp, 1056(t5)
core   0: 3 0x8000dbe4 (0x423f2023) mem 0x8000f000 0x00000001
core   0: 0x8000dbe8 (0xff9ff06f) j       pc - 0x8
core   0: 3 0x8000dbe8 (0xff9ff06f)
core   0: 0x8000dbe0 (0x00001f17) auipc   t5, 0x1
core   0: 3 0x8000dbe0 (0x00001f17) x30 0x8000ebe0
core   0: 0x8000dbe4 (0x423f2023) sw      gp, 1056(t5)
core   0: 3 0x8000dbe4 (0x423f2023) mem 0x8000f000 0x00000001
core   0: 0x8000dbe8 (0xff9ff06f) j       pc - 0x8
core   0: 3 0x8000dbe8 (0xff9ff06f)
core   0: 0x8000dbe0 (0x00001f17) auipc   t5, 0x1
core   0: 3 0x8000dbe0 (0x00001f17) x30 0x8000ebe0
core   0: 0x8000dbe4 (0x423f2023) sw      gp, 1056(t5)
core   0: 3 0x8000dbe4 (0x423f2023) mem 0x8000f000 0x00000001
core   0: 0x8000dbe8 (0xff9ff06f) j       pc - 0x8
core   0: 3 0x8000dbe8 (0xff9ff06f)
core   0: 0x8000dbe0 (0x00001f17) auipc   t5, 0x1
core   0: 3 0x8000dbe0 (0x00001f17) x30 0x8000ebe0
core   0: 0x8000dbe4 (0x423f2023) sw      gp, 1056(t5)
core   0: 3 0x8000dbe4 (0x423f2023) mem 0x8000f000 0x00000001
core   0: 0x8000dbe8 (0xff9ff06f) j       pc - 0x8
core   0: 3 0x8000dbe8 (0xff9ff06f)
core   0: 0x8000dbe0 (0x00001f17) auipc   t5, 0x1
core   0: 3 0x8000dbe0 (0x00001f17) x30 0x8000ebe0
core   0: 0x8000dbe4 (0x423f2023) sw      gp, 1056(t5)
core   0: 3 0x8000dbe4 (0x423f2023) mem 0x8000f000 0x00000001
core   0: 0x8000dbe8 (0xff9ff06f) j       pc - 0x8
core   0: 3 0x8000dbe8 (0xff9ff06f)
core   0: 0x8000dbe0 (0x00001f17) auipc   t5, 0x1
core   0: 3 0x8000dbe0 (0x00001f17) x30 0x8000ebe0
core   0: 0x8000dbe4 (0x423f2023) sw      gp, 1056(t5)
core   0: 3 0x8000dbe4 (0x423f2023) mem 0x8000f000 0x00000001
core   0: 0x8000dbe8 (0xff9ff06f) j       pc - 0x8
core   0: 3 0x8000dbe8 (0xff9ff06f)
core   0: 0x8000dbe0 (0x00001f17) auipc   t5, 0x1
core   0: 3 0x8000dbe0 (0x00001f17) x30 0x8000ebe0
core   0: 0x8000dbe4 (0x423f2023) sw      gp, 1056(t5)
core   0: 3 0x8000dbe4 (0x423f2023) mem 0x8000f000 0x00000001
core   0: 0x8000dbe8 (0xff9ff06f) j       pc - 0x8
core   0: 3 0x8000dbe8 (0xff9ff06f)
core   0: 0x8000dbe0 (0x00001f17) auipc   t5, 0x1
core   0: 3 0x8000dbe0 (0x00001f17) x30 0x8000ebe0
core   0: 0x8000dbe4 (0x423f2023) sw      gp, 1056(t5)
core   0: 3 0x8000dbe4 (0x423f2023) mem 0x8000f000 0x00000001
core   0: 0x8000dbe8 (0xff9ff06f) j       pc - 0x8
core   0: 3 0x8000dbe8 (0xff9ff06f)
core   0: 0x8000dbe0 (0x00001f17) auipc   t5, 0x1
core   0: 3 0x8000dbe0 (0x00001f17) x30 0x8000ebe0
core   0: 0x8000dbe4 (0x423f2023) sw      gp, 1056(t5)
core   0: 3 0x8000dbe4 (0x423f2023) mem 0x8000f000 0x00000001
core   0: 0x8000dbe8 (0xff9ff06f) j       pc - 0x8
core   0: 3 0x8000dbe8 (0xff9ff06f)
core   0: 0x8000dbe0 (0x00001f17) auipc   t5, 0x1
core   0: 3 0x8000dbe0 (0x00001f17) x30 0x8000ebe0
core   0: 0x8000dbe4 (0x423f2023) sw      gp, 1056(t5)
core   0: 3 0x8000dbe4 (0x423f2023) mem 0x8000f000 0x00000001
core   0: 0x8000dbe8 (0xff9ff06f) j       pc - 0x8
core   0: 3 0x8000dbe8 (0xff9ff06f)
core   0: 0x8000dbe0 (0x00001f17) auipc   t5, 0x1
core   0: 3 0x8000dbe0 (0x00001f17) x30 0x8000ebe0
core   0: 0x8000dbe4 (0x423f2023) sw      gp, 1056(t5)
core   0: 3 0x8000dbe4 (0x423f2023) mem 0x8000f000 0x00000001
core   0: 0x8000dbe8 (0xff9ff06f) j       pc - 0x8
core   0: 3 0x8000dbe8 (0xff9ff06f)
core   0: 0x8000dbe0 (0x00001f17) auipc   t5, 0x1
core   0: 3 0x8000dbe0 (0x00001f17) x30 0x8000ebe0
core   0: 0x8000dbe4 (0x423f2023) sw      gp, 1056(t5)
core   0: 3 0x8000dbe4 (0x423f2023) mem 0x8000f000 0x00000001
core   0: 0x8000dbe8 (0xff9ff06f) j       pc - 0x8
core   0: 3 0x8000dbe8 (0xff9ff06f)
core   0: 0x8000dbe0 (0x00001f17) auipc   t5, 0x1
core   0: 3 0x8000dbe0 (0x00001f17) x30 0x8000ebe0
core   0: 0x8000dbe4 (0x423f2023) sw      gp, 1056(t5)
core   0: 3 0x8000dbe4 (0x423f2023) mem 0x8000f000 0x00000001
core   0: 0x8000dbe8 (0xff9ff06f) j       pc - 0x8
core   0: 3 0x8000dbe8 (0xff9ff06f)
core   0: 0x8000dbe0 (0x00001f17) auipc   t5, 0x1
core   0: 3 0x8000dbe0 (0x00001f17) x30 0x8000ebe0
core   0: 0x8000dbe4 (0x423f2023) sw      gp, 1056(t5)
core   0: 3 0x8000dbe4 (0x423f2023) mem 0x8000f000 0x00000001
core   0: 0x8000dbe8 (0xff9ff06f) j       pc - 0x8
core   0: 3 0x8000dbe8 (0xff9ff06f)
core   0: 0x8000dbe0 (0x00001f17) auipc   t5, 0x1
core   0: 3 0x8000dbe0 (0x00001f17) x30 0x8000ebe0
core   0: 0x8000dbe4 (0x423f2023) sw      gp, 1056(t5)
core   0: 3 0x8000dbe4 (0x423f2023) mem 0x8000f000 0x00000001
core   0: 0x8000dbe8 (0xff9ff06f) j       pc - 0x8
core   0: 3 0x8000dbe8 (0xff9ff06f)
core   0: 0x8000dbe0 (0x00001f17) auipc   t5, 0x1
core   0: 3 0x8000dbe0 (0x00001f17) x30 0x8000ebe0
core   0: 0x8000dbe4 (0x423f2023) sw      gp, 1056(t5)
core   0: 3 0x8000dbe4 (0x423f2023) mem 0x8000f000 0x00000001
core   0: 0x8000dbe8 (0xff9ff06f) j       pc - 0x8
core   0: 3 0x8000dbe8 (0xff9ff06f)
core   0: 0x8000dbe0 (0x00001f17) auipc   t5, 0x1
core   0: 3 0x8000dbe0 (0x00001f17) x30 0x8000ebe0
core   0: 0x8000dbe4 (0x423f2023) sw      gp, 1056(t5)
core   0: 3 0x8000dbe4 (0x423f2023) mem 0x8000f000 0x00000001
core   0: 0x8000dbe8 (0xff9ff06f) j       pc - 0x8
core   0: 3 0x8000dbe8 (0xff9ff06f)
core   0: 0x8000dbe0 (0x00001f17) auipc   t5, 0x1
core   0: 3 0x8000dbe0 (0x00001f17) x30 0x8000ebe0
core   0: 0x8000dbe4 (0x423f2023) sw      gp, 1056(t5)
core   0: 3 0x8000dbe4 (0x423f2023) mem 0x8000f000 0x00000001
core   0: 0x8000dbe8 (0xff9ff06f) j       pc - 0x8
core   0: 3 0x8000dbe8 (0xff9ff06f)
core   0: 0x8000dbe0 (0x00001f17) auipc   t5, 0x1
core   0: 3 0x8000dbe0 (0x00001f17) x30 0x8000ebe0
core   0: 0x8000dbe4 (0x423f2023) sw      gp, 1056(t5)
core   0: 3 0x8000dbe4 (0x423f2023) mem 0x8000f000 0x00000001
core   0: 0x8000dbe8 (0xff9ff06f) j       pc - 0x8
core   0: 3 0x8000dbe8 (0xff9ff06f)
core   0: 0x8000dbe0 (0x00001f17) auipc   t5, 0x1
core   0: 3 0x8000dbe0 (0x00001f17) x30 0x8000ebe0
core   0: 0x8000dbe4 (0x423f2023) sw      gp, 1056(t5)
core   0: 3 0x8000dbe4 (0x423f2023) mem 0x8000f000 0x00000001
core   0: 0x8000dbe8 (0xff9ff06f) j       pc - 0x8
core   0: 3 0x8000dbe8 (0xff9ff06f)
core   0: 0x8000dbe0 (0x00001f17) auipc   t5, 0x1
core   0: 3 0x8000dbe0 (0x00001f17) x30 0x8000ebe0
core   0: 0x8000dbe4 (0x423f2023) sw      gp, 1056(t5)
core   0: 3 0x8000dbe4 (0x423f2023) mem 0x8000f000 0x00000001
core   0: 0x8000dbe8 (0xff9ff06f) j       pc - 0x8
core   0: 3 0x8000dbe8 (0xff9ff06f)
core   0: 0x8000dbe0 (0x00001f17) auipc   t5, 0x1
core   0: 3 0x8000dbe0 (0x00001f17) x30 0x8000ebe0
core   0: 0x8000dbe4 (0x423f2023) sw      gp, 1056(t5)
core   0: 3 0x8000dbe4 (0x423f2023) mem 0x8000f000 0x00000001
core   0: 0x8000dbe8 (0xff9ff06f) j       pc - 0x8
core   0: 3 0x8000dbe8 (0xff9ff06f)
core   0: 0x8000dbe0 (0x00001f17) auipc   t5, 0x1
core   0: 3 0x8000dbe0 (0x00001f17) x30 0x8000ebe0
core   0: 0x8000dbe4 (0x423f2023) sw      gp, 1056(t5)
core   0: 3 0x8000dbe4 (0x423f2023) mem 0x8000f000 0x00000001
core   0: 0x8000dbe8 (0xff9ff06f) j       pc - 0x8
core   0: 3 0x8000dbe8 (0xff9ff06f)
core   0: 0x8000dbe0 (0x00001f17) auipc   t5, 0x1
core   0: 3 0x8000dbe0 (0x00001f17) x30 0x8000ebe0
core   0: 0x8000dbe4 (0x423f2023) sw      gp, 1056(t5)
core   0: 3 0x8000dbe4 (0x423f2023) mem 0x8000f000 0x00000001
core   0: 0x8000dbe8 (0xff9ff06f) j       pc - 0x8
core   0: 3 0x8000dbe8 (0xff9ff06f)
core   0: 0x8000dbe0 (0x00001f17) auipc   t5, 0x1
core   0: 3 0x8000dbe0 (0x00001f17) x30 0x8000ebe0
core   0: 0x8000dbe4 (0x423f2023) sw      gp, 1056(t5)
core   0: 3 0x8000dbe4 (0x423f2023) mem 0x8000f000 0x00000001
core   0: 0x8000dbe8 (0xff9ff06f) j       pc - 0x8
core   0: 3 0x8000dbe8 (0xff9ff06f)
core   0: 0x8000dbe0 (0x00001f17) auipc   t5, 0x1
core   0: 3 0x8000dbe0 (0x00001f17) x30 0x8000ebe0
core   0: 0x8000dbe4 (0x423f2023) sw      gp, 1056(t5)
core   0: 3 0x8000dbe4 (0x423f2023) mem 0x8000f000 0x00000001
core   0: 0x8000dbe8 (0xff9ff06f) j       pc - 0x8
core   0: 3 0x8000dbe8 (0xff9ff06f)
core   0: 0x8000dbe0 (0x00001f17) auipc   t5, 0x1
core   0: 3 0x8000dbe0 (0x00001f17) x30 0x8000ebe0
core   0: 0x8000dbe4 (0x423f2023) sw      gp, 1056(t5)
core   0: 3 0x8000dbe4 (0x423f2023) mem 0x8000f000 0x00000001
core   0: 0x8000dbe8 (0xff9ff06f) j       pc - 0x8
core   0: 3 0x8000dbe8 (0xff9ff06f)
core   0: 0x8000dbe0 (0x00001f17) auipc   t5, 0x1
core   0: 3 0x8000dbe0 (0x00001f17) x30 0x8000ebe0
core   0: 0x8000dbe4 (0x423f2023) sw      gp, 1056(t5)
core   0: 3 0x8000dbe4 (0x423f2023) mem 0x8000f000 0x00000001
core   0: 0x8000dbe8 (0xff9ff06f) j       pc - 0x8
core   0: 3 0x8000dbe8 (0xff9ff06f)
core   0: 0x8000dbe0 (0x00001f17) auipc   t5, 0x1
core   0: 3 0x8000dbe0 (0x00001f17) x30 0x8000ebe0
core   0: 0x8000dbe4 (0x423f2023) sw      gp, 1056(t5)
core   0: 3 0x8000dbe4 (0x423f2023) mem 0x8000f000 0x00000001
core   0: 0x8000dbe8 (0xff9ff06f) j       pc - 0x8
core   0: 3 0x8000dbe8 (0xff9ff06f)
core   0: 0x8000dbe0 (0x00001f17) auipc   t5, 0x1
core   0: 3 0x8000dbe0 (0x00001f17) x30 0x8000ebe0
core   0: 0x8000dbe4 (0x423f2023) sw      gp, 1056(t5)
core   0: 3 0x8000dbe4 (0x423f2023) mem 0x8000f000 0x00000001
core   0: 0x8000dbe8 (0xff9ff06f) j       pc - 0x8
core   0: 3 0x8000dbe8 (0xff9ff06f)
core   0: 0x8000dbe0 (0x00001f17) auipc   t5, 0x1
core   0: 3 0x8000dbe0 (0x00001f17) x30 0x8000ebe0
core   0: 0x8000dbe4 (0x423f2023) sw      gp, 1056(t5)
core   0: 3 0x8000dbe4 (0x423f2023) mem 0x8000f000 0x00000001
core   0: 0x8000dbe8 (0xff9ff06f) j       pc - 0x8
core   0: 3 0x8000dbe8 (0xff9ff06f)
core   0: 0x8000dbe0 (0x00001f17) auipc   t5, 0x1
core   0: 3 0x8000dbe0 (0x00001f17) x30 0x8000ebe0
core   0: 0x8000dbe4 (0x423f2023) sw      gp, 1056(t5)
core   0: 3 0x8000dbe4 (0x423f2023) mem 0x8000f000 0x00000001
core   0: 0x8000dbe8 (0xff9ff06f) j       pc - 0x8
core   0: 3 0x8000dbe8 (0xff9ff06f)
core   0: 0x8000dbe0 (0x00001f17) auipc   t5, 0x1
core   0: 3 0x8000dbe0 (0x00001f17) x30 0x8000ebe0
core   0: 0x8000dbe4 (0x423f2023) sw      gp, 1056(t5)
core   0: 3 0x8000dbe4 (0x423f2023) mem 0x8000f000 0x00000001
core   0: 0x8000dbe8 (0xff9ff06f) j       pc - 0x8
core   0: 3 0x8000dbe8 (0xff9ff06f)
core   0: 0x8000dbe0 (0x00001f17) auipc   t5, 0x1
core   0: 3 0x8000dbe0 (0x00001f17) x30 0x8000ebe0
core   0: 0x8000dbe4 (0x423f2023) sw      gp, 1056(t5)
core   0: 3 0x8000dbe4 (0x423f2023) mem 0x8000f000 0x00000001
core   0: 0x8000dbe8 (0xff9ff06f) j       pc - 0x8
core   0: 3 0x8000dbe8 (0xff9ff06f)
core   0: 0x8000dbe0 (0x00001f17) auipc   t5, 0x1
core   0: 3 0x8000dbe0 (0x00001f17) x30 0x8000ebe0
core   0: 0x8000dbe4 (0x423f2023) sw      gp, 1056(t5)
core   0: 3 0x8000dbe4 (0x423f2023) mem 0x8000f000 0x00000001
core   0: 0x8000dbe8 (0xff9ff06f) j       pc - 0x8
core   0: 3 0x8000dbe8 (0xff9ff06f)
core   0: 0x8000dbe0 (0x00001f17) auipc   t5, 0x1
core   0: 3 0x8000dbe0 (0x00001f17) x30 0x8000ebe0
core   0: 0x8000dbe4 (0x423f2023) sw      gp, 1056(t5)
core   0: 3 0x8000dbe4 (0x423f2023) mem 0x8000f000 0x00000001
core   0: 0x8000dbe8 (0xff9ff06f) j       pc - 0x8
core   0: 3 0x8000dbe8 (0xff9ff06f)
core   0: 0x8000dbe0 (0x00001f17) auipc   t5, 0x1
core   0: 3 0x8000dbe0 (0x00001f17) x30 0x8000ebe0
core   0: 0x8000dbe4 (0x423f2023) sw      gp, 1056(t5)
core   0: 3 0x8000dbe4 (0x423f2023) mem 0x8000f000 0x00000001
core   0: 0x8000dbe8 (0xff9ff06f) j       pc - 0x8
core   0: 3 0x8000dbe8 (0xff9ff06f)
core   0: 0x8000dbe0 (0x00001f17) auipc   t5, 0x1
core   0: 3 0x8000dbe0 (0x00001f17) x30 0x8000ebe0
core   0: 0x8000dbe4 (0x423f2023) sw      gp, 1056(t5)
core   0: 3 0x8000dbe4 (0x423f2023) mem 0x8000f000 0x00000001
core   0: 0x8000dbe8 (0xff9ff06f) j       pc - 0x8
core   0: 3 0x8000dbe8 (0xff9ff06f)
core   0: 0x8000dbe0 (0x00001f17) auipc   t5, 0x1
core   0: 3 0x8000dbe0 (0x00001f17) x30 0x8000ebe0
core   0: 0x8000dbe4 (0x423f2023) sw      gp, 1056(t5)
core   0: 3 0x8000dbe4 (0x423f2023) mem 0x8000f000 0x00000001
core   0: 0x8000dbe8 (0xff9ff06f) j       pc - 0x8
core   0: 3 0x8000dbe8 (0xff9ff06f)
core   0: 0x8000dbe0 (0x00001f17) auipc   t5, 0x1
core   0: 3 0x8000dbe0 (0x00001f17) x30 0x8000ebe0
core   0: 0x8000dbe4 (0x423f2023) sw      gp, 1056(t5)
core   0: 3 0x8000dbe4 (0x423f2023) mem 0x8000f000 0x00000001
core   0: 0x8000dbe8 (0xff9ff06f) j       pc - 0x8
core   0: 3 0x8000dbe8 (0xff9ff06f)
core   0: 0x8000dbe0 (0x00001f17) auipc   t5, 0x1
core   0: 3 0x8000dbe0 (0x00001f17) x30 0x8000ebe0
core   0: 0x8000dbe4 (0x423f2023) sw      gp, 1056(t5)
core   0: 3 0x8000dbe4 (0x423f2023) mem 0x8000f000 0x00000001
core   0: 0x8000dbe8 (0xff9ff06f) j       pc - 0x8
core   0: 3 0x8000dbe8 (0xff9ff06f)
core   0: 0x8000dbe0 (0x00001f17) auipc   t5, 0x1
core   0: 3 0x8000dbe0 (0x00001f17) x30 0x8000ebe0
core   0: 0x8000dbe4 (0x423f2023) sw      gp, 1056(t5)
core   0: 3 0x8000dbe4 (0x423f2023) mem 0x8000f000 0x00000001
core   0: 0x8000dbe8 (0xff9ff06f) j       pc - 0x8
core   0: 3 0x8000dbe8 (0xff9ff06f)
core   0: 0x8000dbe0 (0x00001f17) auipc   t5, 0x1
core   0: 3 0x8000dbe0 (0x00001f17) x30 0x8000ebe0
core   0: 0x8000dbe4 (0x423f2023) sw      gp, 1056(t5)
core   0: 3 0x8000dbe4 (0x423f2023) mem 0x8000f000 0x00000001
core   0: 0x8000dbe8 (0xff9ff06f) j       pc - 0x8
core   0: 3 0x8000dbe8 (0xff9ff06f)
core   0: 0x8000dbe0 (0x00001f17) auipc   t5, 0x1
core   0: 3 0x8000dbe0 (0x00001f17) x30 0x8000ebe0
core   0: 0x8000dbe4 (0x423f2023) sw      gp, 1056(t5)
core   0: 3 0x8000dbe4 (0x423f2023) mem 0x8000f000 0x00000001
core   0: 0x8000dbe8 (0xff9ff06f) j       pc - 0x8
core   0: 3 0x8000dbe8 (0xff9ff06f)
core   0: 0x8000dbe0 (0x00001f17) auipc   t5, 0x1
core   0: 3 0x8000dbe0 (0x00001f17) x30 0x8000ebe0
core   0: 0x8000dbe4 (0x423f2023) sw      gp, 1056(t5)
core   0: 3 0x8000dbe4 (0x423f2023) mem 0x8000f000 0x00000001
core   0: 0x8000dbe8 (0xff9ff06f) j       pc - 0x8
core   0: 3 0x8000dbe8 (0xff9ff06f)
core   0: 0x8000dbe0 (0x00001f17) auipc   t5, 0x1
core   0: 3 0x8000dbe0 (0x00001f17) x30 0x8000ebe0
core   0: 0x8000dbe4 (0x423f2023) sw      gp, 1056(t5)
core   0: 3 0x8000dbe4 (0x423f2023) mem 0x8000f000 0x00000001
core   0: 0x8000dbe8 (0xff9ff06f) j       pc - 0x8
core   0: 3 0x8000dbe8 (0xff9ff06f)
core   0: 0x8000dbe0 (0x00001f17) auipc   t5, 0x1
core   0: 3 0x8000dbe0 (0x00001f17) x30 0x8000ebe0
core   0: 0x8000dbe4 (0x423f2023) sw      gp, 1056(t5)
core   0: 3 0x8000dbe4 (0x423f2023) mem 0x8000f000 0x00000001
core   0: 0x8000dbe8 (0xff9ff06f) j       pc - 0x8
core   0: 3 0x8000dbe8 (0xff9ff06f)
core   0: 0x8000dbe0 (0x00001f17) auipc   t5, 0x1
core   0: 3 0x8000dbe0 (0x00001f17) x30 0x8000ebe0
core   0: 0x8000dbe4 (0x423f2023) sw      gp, 1056(t5)
core   0: 3 0x8000dbe4 (0x423f2023) mem 0x8000f000 0x00000001
core   0: 0x8000dbe8 (0xff9ff06f) j       pc - 0x8
core   0: 3 0x8000dbe8 (0xff9ff06f)
core   0: 0x8000dbe0 (0x00001f17) auipc   t5, 0x1
core   0: 3 0x8000dbe0 (0x00001f17) x30 0x8000ebe0
core   0: 0x8000dbe4 (0x423f2023) sw      gp, 1056(t5)
core   0: 3 0x8000dbe4 (0x423f2023) mem 0x8000f000 0x00000001
core   0: 0x8000dbe8 (0xff9ff06f) j       pc - 0x8
core   0: 3 0x8000dbe8 (0xff9ff06f)
core   0: 0x8000dbe0 (0x00001f17) auipc   t5, 0x1
core   0: 3 0x8000dbe0 (0x00001f17) x30 0x8000ebe0
core   0: 0x8000dbe4 (0x423f2023) sw      gp, 1056(t5)
core   0: 3 0x8000dbe4 (0x423f2023) mem 0x8000f000 0x00000001
core   0: 0x8000dbe8 (0xff9ff06f) j       pc - 0x8
core   0: 3 0x8000dbe8 (0xff9ff06f)
core   0: 0x8000dbe0 (0x00001f17) auipc   t5, 0x1
core   0: 3 0x8000dbe0 (0x00001f17) x30 0x8000ebe0
core   0: 0x8000dbe4 (0x423f2023) sw      gp, 1056(t5)
core   0: 3 0x8000dbe4 (0x423f2023) mem 0x8000f000 0x00000001
core   0: 0x8000dbe8 (0xff9ff06f) j       pc - 0x8
core   0: 3 0x8000dbe8 (0xff9ff06f)
core   0: 0x8000dbe0 (0x00001f17) auipc   t5, 0x1
core   0: 3 0x8000dbe0 (0x00001f17) x30 0x8000ebe0
core   0: 0x8000dbe4 (0x423f2023) sw      gp, 1056(t5)
core   0: 3 0x8000dbe4 (0x423f2023) mem 0x8000f000 0x00000001
core   0: 0x8000dbe8 (0xff9ff06f) j       pc - 0x8
core   0: 3 0x8000dbe8 (0xff9ff06f)
core   0: 0x8000dbe0 (0x00001f17) auipc   t5, 0x1
core   0: 3 0x8000dbe0 (0x00001f17) x30 0x8000ebe0
core   0: 0x8000dbe4 (0x423f2023) sw      gp, 1056(t5)
core   0: 3 0x8000dbe4 (0x423f2023) mem 0x8000f000 0x00000001
core   0: 0x8000dbe8 (0xff9ff06f) j       pc - 0x8
core   0: 3 0x8000dbe8 (0xff9ff06f)
core   0: 0x8000dbe0 (0x00001f17) auipc   t5, 0x1
core   0: 3 0x8000dbe0 (0x00001f17) x30 0x8000ebe0
core   0: 0x8000dbe4 (0x423f2023) sw      gp, 1056(t5)
core   0: 3 0x8000dbe4 (0x423f2023) mem 0x8000f000 0x00000001
core   0: 0x8000dbe8 (0xff9ff06f) j       pc - 0x8
core   0: 3 0x8000dbe8 (0xff9ff06f)
core   0: 0x8000dbe0 (0x00001f17) auipc   t5, 0x1
core   0: 3 0x8000dbe0 (0x00001f17) x30 0x8000ebe0
core   0: 0x8000dbe4 (0x423f2023) sw      gp, 1056(t5)
core   0: 3 0x8000dbe4 (0x423f2023) mem 0x8000f000 0x00000001
core   0: 0x8000dbe8 (0xff9ff06f) j       pc - 0x8
core   0: 3 0x8000dbe8 (0xff9ff06f)
core   0: 0x8000dbe0 (0x00001f17) auipc   t5, 0x1
core   0: 3 0x8000dbe0 (0x00001f17) x30 0x8000ebe0
core   0: 0x8000dbe4 (0x423f2023) sw      gp, 1056(t5)
core   0: 3 0x8000dbe4 (0x423f2023) mem 0x8000f000 0x00000001
core   0: 0x8000dbe8 (0xff9ff06f) j       pc - 0x8
core   0: 3 0x8000dbe8 (0xff9ff06f)
core   0: 0x8000dbe0 (0x00001f17) auipc   t5, 0x1
core   0: 3 0x8000dbe0 (0x00001f17) x30 0x8000ebe0
core   0: 0x8000dbe4 (0x423f2023) sw      gp, 1056(t5)
core   0: 3 0x8000dbe4 (0x423f2023) mem 0x8000f000 0x00000001
core   0: 0x8000dbe8 (0xff9ff06f) j       pc - 0x8
core   0: 3 0x8000dbe8 (0xff9ff06f)
core   0: 0x8000dbe0 (0x00001f17) auipc   t5, 0x1
core   0: 3 0x8000dbe0 (0x00001f17) x30 0x8000ebe0
core   0: 0x8000dbe4 (0x423f2023) sw      gp, 1056(t5)
core   0: 3 0x8000dbe4 (0x423f2023) mem 0x8000f000 0x00000001
core   0: 0x8000dbe8 (0xff9ff06f) j       pc - 0x8
core   0: 3 0x8000dbe8 (0xff9ff06f)
core   0: 0x8000dbe0 (0x00001f17) auipc   t5, 0x1
core   0: 3 0x8000dbe0 (0x00001f17) x30 0x8000ebe0
core   0: 0x8000dbe4 (0x423f2023) sw      gp, 1056(t5)
core   0: 3 0x8000dbe4 (0x423f2023) mem 0x8000f000 0x00000001
core   0: 0x8000dbe8 (0xff9ff06f) j       pc - 0x8
core   0: 3 0x8000dbe8 (0xff9ff06f)
core   0: 0x8000dbe0 (0x00001f17) auipc   t5, 0x1
core   0: 3 0x8000dbe0 (0x00001f17) x30 0x8000ebe0
core   0: 0x8000dbe4 (0x423f2023) sw      gp, 1056(t5)
core   0: 3 0x8000dbe4 (0x423f2023) mem 0x8000f000 0x00000001
core   0: 0x8000dbe8 (0xff9ff06f) j       pc - 0x8
core   0: 3 0x8000dbe8 (0xff9ff06f)
core   0: 0x8000dbe0 (0x00001f17) auipc   t5, 0x1
core   0: 3 0x8000dbe0 (0x00001f17) x30 0x8000ebe0
core   0: 0x8000dbe4 (0x423f2023) sw      gp, 1056(t5)
core   0: 3 0x8000dbe4 (0x423f2023) mem 0x8000f000 0x00000001
core   0: 0x8000dbe8 (0xff9ff06f) j       pc - 0x8
core   0: 3 0x8000dbe8 (0xff9ff06f)
core   0: 0x8000dbe0 (0x00001f17) auipc   t5, 0x1
core   0: 3 0x8000dbe0 (0x00001f17) x30 0x8000ebe0
core   0: 0x8000dbe4 (0x423f2023) sw      gp, 1056(t5)
core   0: 3 0x8000dbe4 (0x423f2023) mem 0x8000f000 0x00000001
core   0: 0x8000dbe8 (0xff9ff06f) j       pc - 0x8
core   0: 3 0x8000dbe8 (0xff9ff06f)
core   0: 0x8000dbe0 (0x00001f17) auipc   t5, 0x1
core   0: 3 0x8000dbe0 (0x00001f17) x30 0x8000ebe0
core   0: 0x8000dbe4 (0x423f2023) sw      gp, 1056(t5)
core   0: 3 0x8000dbe4 (0x423f2023) mem 0x8000f000 0x00000001
core   0: 0x8000dbe8 (0xff9ff06f) j       pc - 0x8
core   0: 3 0x8000dbe8 (0xff9ff06f)
core   0: 0x8000dbe0 (0x00001f17) auipc   t5, 0x1
core   0: 3 0x8000dbe0 (0x00001f17) x30 0x8000ebe0
core   0: 0x8000dbe4 (0x423f2023) sw      gp, 1056(t5)
core   0: 3 0x8000dbe4 (0x423f2023) mem 0x8000f000 0x00000001
core   0: 0x8000dbe8 (0xff9ff06f) j       pc - 0x8
core   0: 3 0x8000dbe8 (0xff9ff06f)
core   0: 0x8000dbe0 (0x00001f17) auipc   t5, 0x1
core   0: 3 0x8000dbe0 (0x00001f17) x30 0x8000ebe0
core   0: 0x8000dbe4 (0x423f2023) sw      gp, 1056(t5)
core   0: 3 0x8000dbe4 (0x423f2023) mem 0x8000f000 0x00000001
core   0: 0x8000dbe8 (0xff9ff06f) j       pc - 0x8
core   0: 3 0x8000dbe8 (0xff9ff06f)
core   0: 0x8000dbe0 (0x00001f17) auipc   t5, 0x1
core   0: 3 0x8000dbe0 (0x00001f17) x30 0x8000ebe0
core   0: 0x8000dbe4 (0x423f2023) sw      gp, 1056(t5)
core   0: 3 0x8000dbe4 (0x423f2023) mem 0x8000f000 0x00000001
core   0: 0x8000dbe8 (0xff9ff06f) j       pc - 0x8
core   0: 3 0x8000dbe8 (0xff9ff06f)
core   0: 0x8000dbe0 (0x00001f17) auipc   t5, 0x1
core   0: 3 0x8000dbe0 (0x00001f17) x30 0x8000ebe0
core   0: 0x8000dbe4 (0x423f2023) sw      gp, 1056(t5)
core   0: 3 0x8000dbe4 (0x423f2023) mem 0x8000f000 0x00000001
core   0: 0x8000dbe8 (0xff9ff06f) j       pc - 0x8
core   0: 3 0x8000dbe8 (0xff9ff06f)
core   0: 0x8000dbe0 (0x00001f17) auipc   t5, 0x1
core   0: 3 0x8000dbe0 (0x00001f17) x30 0x8000ebe0
core   0: 0x8000dbe4 (0x423f2023) sw      gp, 1056(t5)
core   0: 3 0x8000dbe4 (0x423f2023) mem 0x8000f000 0x00000001
core   0: 0x8000dbe8 (0xff9ff06f) j       pc - 0x8
core   0: 3 0x8000dbe8 (0xff9ff06f)
core   0: 0x8000dbe0 (0x00001f17) auipc   t5, 0x1
core   0: 3 0x8000dbe0 (0x00001f17) x30 0x8000ebe0
core   0: 0x8000dbe4 (0x423f2023) sw      gp, 1056(t5)
core   0: 3 0x8000dbe4 (0x423f2023) mem 0x8000f000 0x00000001
core   0: 0x8000dbe8 (0xff9ff06f) j       pc - 0x8
core   0: 3 0x8000dbe8 (0xff9ff06f)
core   0: 0x8000dbe0 (0x00001f17) auipc   t5, 0x1
core   0: 3 0x8000dbe0 (0x00001f17) x30 0x8000ebe0
core   0: 0x8000dbe4 (0x423f2023) sw      gp, 1056(t5)
core   0: 3 0x8000dbe4 (0x423f2023) mem 0x8000f000 0x00000001
core   0: 0x8000dbe8 (0xff9ff06f) j       pc - 0x8
core   0: 3 0x8000dbe8 (0xff9ff06f)
core   0: 0x8000dbe0 (0x00001f17) auipc   t5, 0x1
core   0: 3 0x8000dbe0 (0x00001f17) x30 0x8000ebe0
core   0: 0x8000dbe4 (0x423f2023) sw      gp, 1056(t5)
core   0: 3 0x8000dbe4 (0x423f2023) mem 0x8000f000 0x00000001
core   0: 0x8000dbe8 (0xff9ff06f) j       pc - 0x8
core   0: 3 0x8000dbe8 (0xff9ff06f)
core   0: 0x8000dbe0 (0x00001f17) auipc   t5, 0x1
core   0: 3 0x8000dbe0 (0x00001f17) x30 0x8000ebe0
core   0: 0x8000dbe4 (0x423f2023) sw      gp, 1056(t5)
core   0: 3 0x8000dbe4 (0x423f2023) mem 0x8000f000 0x00000001
core   0: 0x8000dbe8 (0xff9ff06f) j       pc - 0x8
core   0: 3 0x8000dbe8 (0xff9ff06f)
core   0: 0x8000dbe0 (0x00001f17) auipc   t5, 0x1
core   0: 3 0x8000dbe0 (0x00001f17) x30 0x8000ebe0
core   0: 0x8000dbe4 (0x423f2023) sw      gp, 1056(t5)
core   0: 3 0x8000dbe4 (0x423f2023) mem 0x8000f000 0x00000001
core   0: 0x8000dbe8 (0xff9ff06f) j       pc - 0x8
core   0: 3 0x8000dbe8 (0xff9ff06f)
core   0: 0x8000dbe0 (0x00001f17) auipc   t5, 0x1
core   0: 3 0x8000dbe0 (0x00001f17) x30 0x8000ebe0
core   0: 0x8000dbe4 (0x423f2023) sw      gp, 1056(t5)
core   0: 3 0x8000dbe4 (0x423f2023) mem 0x8000f000 0x00000001
core   0: 0x8000dbe8 (0xff9ff06f) j       pc - 0x8
core   0: 3 0x8000dbe8 (0xff9ff06f)
core   0: 0x8000dbe0 (0x00001f17) auipc   t5, 0x1
core   0: 3 0x8000dbe0 (0x00001f17) x30 0x8000ebe0
core   0: 0x8000dbe4 (0x423f2023) sw      gp, 1056(t5)
core   0: 3 0x8000dbe4 (0x423f2023) mem 0x8000f000 0x00000001
core   0: 0x8000dbe8 (0xff9ff06f) j       pc - 0x8
core   0: 3 0x8000dbe8 (0xff9ff06f)
core   0: 0x8000dbe0 (0x00001f17) auipc   t5, 0x1
core   0: 3 0x8000dbe0 (0x00001f17) x30 0x8000ebe0
core   0: 0x8000dbe4 (0x423f2023) sw      gp, 1056(t5)
core   0: 3 0x8000dbe4 (0x423f2023) mem 0x8000f000 0x00000001
core   0: 0x8000dbe8 (0xff9ff06f) j       pc - 0x8
core   0: 3 0x8000dbe8 (0xff9ff06f)
core   0: 0x8000dbe0 (0x00001f17) auipc   t5, 0x1
core   0: 3 0x8000dbe0 (0x00001f17) x30 0x8000ebe0
core   0: 0x8000dbe4 (0x423f2023) sw      gp, 1056(t5)
core   0: 3 0x8000dbe4 (0x423f2023) mem 0x8000f000 0x00000001
core   0: 0x8000dbe8 (0xff9ff06f) j       pc - 0x8
core   0: 3 0x8000dbe8 (0xff9ff06f)
core   0: 0x8000dbe0 (0x00001f17) auipc   t5, 0x1
core   0: 3 0x8000dbe0 (0x00001f17) x30 0x8000ebe0
core   0: 0x8000dbe4 (0x423f2023) sw      gp, 1056(t5)
core   0: 3 0x8000dbe4 (0x423f2023) mem 0x8000f000 0x00000001
core   0: 0x8000dbe8 (0xff9ff06f) j       pc - 0x8
core   0: 3 0x8000dbe8 (0xff9ff06f)
core   0: 0x8000dbe0 (0x00001f17) auipc   t5, 0x1
core   0: 3 0x8000dbe0 (0x00001f17) x30 0x8000ebe0
core   0: 0x8000dbe4 (0x423f2023) sw      gp, 1056(t5)
core   0: 3 0x8000dbe4 (0x423f2023) mem 0x8000f000 0x00000001
core   0: 0x8000dbe8 (0xff9ff06f) j       pc - 0x8
core   0: 3 0x8000dbe8 (0xff9ff06f)
core   0: 0x8000dbe0 (0x00001f17) auipc   t5, 0x1
core   0: 3 0x8000dbe0 (0x00001f17) x30 0x8000ebe0
core   0: 0x8000dbe4 (0x423f2023) sw      gp, 1056(t5)
core   0: 3 0x8000dbe4 (0x423f2023) mem 0x8000f000 0x00000001
core   0: 0x8000dbe8 (0xff9ff06f) j       pc - 0x8
core   0: 3 0x8000dbe8 (0xff9ff06f)
core   0: 0x8000dbe0 (0x00001f17) auipc   t5, 0x1
core   0: 3 0x8000dbe0 (0x00001f17) x30 0x8000ebe0
core   0: 0x8000dbe4 (0x423f2023) sw      gp, 1056(t5)
core   0: 3 0x8000dbe4 (0x423f2023) mem 0x8000f000 0x00000001
core   0: 0x8000dbe8 (0xff9ff06f) j       pc - 0x8
core   0: 3 0x8000dbe8 (0xff9ff06f)
core   0: 0x8000dbe0 (0x00001f17) auipc   t5, 0x1
core   0: 3 0x8000dbe0 (0x00001f17) x30 0x8000ebe0
core   0: 0x8000dbe4 (0x423f2023) sw      gp, 1056(t5)
core   0: 3 0x8000dbe4 (0x423f2023) mem 0x8000f000 0x00000001
core   0: 0x8000dbe8 (0xff9ff06f) j       pc - 0x8
core   0: 3 0x8000dbe8 (0xff9ff06f)
core   0: 0x8000dbe0 (0x00001f17) auipc   t5, 0x1
core   0: 3 0x8000dbe0 (0x00001f17) x30 0x8000ebe0
core   0: 0x8000dbe4 (0x423f2023) sw      gp, 1056(t5)
core   0: 3 0x8000dbe4 (0x423f2023) mem 0x8000f000 0x00000001
core   0: 0x8000dbe8 (0xff9ff06f) j       pc - 0x8
core   0: 3 0x8000dbe8 (0xff9ff06f)
core   0: 0x8000dbe0 (0x00001f17) auipc   t5, 0x1
core   0: 3 0x8000dbe0 (0x00001f17) x30 0x8000ebe0
core   0: 0x8000dbe4 (0x423f2023) sw      gp, 1056(t5)
core   0: 3 0x8000dbe4 (0x423f2023) mem 0x8000f000 0x00000001
core   0: 0x8000dbe8 (0xff9ff06f) j       pc - 0x8
core   0: 3 0x8000dbe8 (0xff9ff06f)
core   0: 0x8000dbe0 (0x00001f17) auipc   t5, 0x1
core   0: 3 0x8000dbe0 (0x00001f17) x30 0x8000ebe0
core   0: 0x8000dbe4 (0x423f2023) sw      gp, 1056(t5)
core   0: 3 0x8000dbe4 (0x423f2023) mem 0x8000f000 0x00000001
core   0: 0x8000dbe8 (0xff9ff06f) j       pc - 0x8
core   0: 3 0x8000dbe8 (0xff9ff06f)
core   0: 0x8000dbe0 (0x00001f17) auipc   t5, 0x1
core   0: 3 0x8000dbe0 (0x00001f17) x30 0x8000ebe0
core   0: 0x8000dbe4 (0x423f2023) sw      gp, 1056(t5)
core   0: 3 0x8000dbe4 (0x423f2023) mem 0x8000f000 0x00000001
core   0: 0x8000dbe8 (0xff9ff06f) j       pc - 0x8
core   0: 3 0x8000dbe8 (0xff9ff06f)
core   0: 0x8000dbe0 (0x00001f17) auipc   t5, 0x1
core   0: 3 0x8000dbe0 (0x00001f17) x30 0x8000ebe0
core   0: 0x8000dbe4 (0x423f2023) sw      gp, 1056(t5)
core   0: 3 0x8000dbe4 (0x423f2023) mem 0x8000f000 0x00000001
core   0: 0x8000dbe8 (0xff9ff06f) j       pc - 0x8
core   0: 3 0x8000dbe8 (0xff9ff06f)
core   0: 0x8000dbe0 (0x00001f17) auipc   t5, 0x1
core   0: 3 0x8000dbe0 (0x00001f17) x30 0x8000ebe0
core   0: 0x8000dbe4 (0x423f2023) sw      gp, 1056(t5)
core   0: 3 0x8000dbe4 (0x423f2023) mem 0x8000f000 0x00000001
core   0: 0x8000dbe8 (0xff9ff06f) j       pc - 0x8
core   0: 3 0x8000dbe8 (0xff9ff06f)
core   0: 0x8000dbe0 (0x00001f17) auipc   t5, 0x1
core   0: 3 0x8000dbe0 (0x00001f17) x30 0x8000ebe0
core   0: 0x8000dbe4 (0x423f2023) sw      gp, 1056(t5)
core   0: 3 0x8000dbe4 (0x423f2023) mem 0x8000f000 0x00000001
core   0: 0x8000dbe8 (0xff9ff06f) j       pc - 0x8
core   0: 3 0x8000dbe8 (0xff9ff06f)
core   0: 0x8000dbe0 (0x00001f17) auipc   t5, 0x1
core   0: 3 0x8000dbe0 (0x00001f17) x30 0x8000ebe0
core   0: 0x8000dbe4 (0x423f2023) sw      gp, 1056(t5)
core   0: 3 0x8000dbe4 (0x423f2023) mem 0x8000f000 0x00000001
core   0: 0x8000dbe8 (0xff9ff06f) j       pc - 0x8
core   0: 3 0x8000dbe8 (0xff9ff06f)
core   0: 0x8000dbe0 (0x00001f17) auipc   t5, 0x1
core   0: 3 0x8000dbe0 (0x00001f17) x30 0x8000ebe0
core   0: 0x8000dbe4 (0x423f2023) sw      gp, 1056(t5)
core   0: 3 0x8000dbe4 (0x423f2023) mem 0x8000f000 0x00000001
core   0: 0x8000dbe8 (0xff9ff06f) j       pc - 0x8
core   0: 3 0x8000dbe8 (0xff9ff06f)
core   0: 0x8000dbe0 (0x00001f17) auipc   t5, 0x1
core   0: 3 0x8000dbe0 (0x00001f17) x30 0x8000ebe0
core   0: 0x8000dbe4 (0x423f2023) sw      gp, 1056(t5)
core   0: 3 0x8000dbe4 (0x423f2023) mem 0x8000f000 0x00000001
core   0: 0x8000dbe8 (0xff9ff06f) j       pc - 0x8
core   0: 3 0x8000dbe8 (0xff9ff06f)
core   0: 0x8000dbe0 (0x00001f17) auipc   t5, 0x1
core   0: 3 0x8000dbe0 (0x00001f17) x30 0x8000ebe0
core   0: 0x8000dbe4 (0x423f2023) sw      gp, 1056(t5)
core   0: 3 0x8000dbe4 (0x423f2023) mem 0x8000f000 0x00000001
core   0: 0x8000dbe8 (0xff9ff06f) j       pc - 0x8
core   0: 3 0x8000dbe8 (0xff9ff06f)
core   0: 0x8000dbe0 (0x00001f17) auipc   t5, 0x1
core   0: 3 0x8000dbe0 (0x00001f17) x30 0x8000ebe0
core   0: 0x8000dbe4 (0x423f2023) sw      gp, 1056(t5)
core   0: 3 0x8000dbe4 (0x423f2023) mem 0x8000f000 0x00000001
core   0: 0x8000dbe8 (0xff9ff06f) j       pc - 0x8
core   0: 3 0x8000dbe8 (0xff9ff06f)
core   0: 0x8000dbe0 (0x00001f17) auipc   t5, 0x1
core   0: 3 0x8000dbe0 (0x00001f17) x30 0x8000ebe0
core   0: 0x8000dbe4 (0x423f2023) sw      gp, 1056(t5)
core   0: 3 0x8000dbe4 (0x423f2023) mem 0x8000f000 0x00000001
core   0: 0x8000dbe8 (0xff9ff06f) j       pc - 0x8
core   0: 3 0x8000dbe8 (0xff9ff06f)
core   0: 0x8000dbe0 (0x00001f17) auipc   t5, 0x1
core   0: 3 0x8000dbe0 (0x00001f17) x30 0x8000ebe0
core   0: 0x8000dbe4 (0x423f2023) sw      gp, 1056(t5)
core   0: 3 0x8000dbe4 (0x423f2023) mem 0x8000f000 0x00000001
core   0: 0x8000dbe8 (0xff9ff06f) j       pc - 0x8
core   0: 3 0x8000dbe8 (0xff9ff06f)
core   0: 0x8000dbe0 (0x00001f17) auipc   t5, 0x1
core   0: 3 0x8000dbe0 (0x00001f17) x30 0x8000ebe0
core   0: 0x8000dbe4 (0x423f2023) sw      gp, 1056(t5)
core   0: 3 0x8000dbe4 (0x423f2023) mem 0x8000f000 0x00000001
core   0: 0x8000dbe8 (0xff9ff06f) j       pc - 0x8
core   0: 3 0x8000dbe8 (0xff9ff06f)
core   0: 0x8000dbe0 (0x00001f17) auipc   t5, 0x1
core   0: 3 0x8000dbe0 (0x00001f17) x30 0x8000ebe0
core   0: 0x8000dbe4 (0x423f2023) sw      gp, 1056(t5)
core   0: 3 0x8000dbe4 (0x423f2023) mem 0x8000f000 0x00000001
core   0: 0x8000dbe8 (0xff9ff06f) j       pc - 0x8
core   0: 3 0x8000dbe8 (0xff9ff06f)
core   0: 0x8000dbe0 (0x00001f17) auipc   t5, 0x1
core   0: 3 0x8000dbe0 (0x00001f17) x30 0x8000ebe0
core   0: 0x8000dbe4 (0x423f2023) sw      gp, 1056(t5)
core   0: 3 0x8000dbe4 (0x423f2023) mem 0x8000f000 0x00000001
core   0: 0x8000dbe8 (0xff9ff06f) j       pc - 0x8
core   0: 3 0x8000dbe8 (0xff9ff06f)
core   0: 0x8000dbe0 (0x00001f17) auipc   t5, 0x1
core   0: 3 0x8000dbe0 (0x00001f17) x30 0x8000ebe0
core   0: 0x8000dbe4 (0x423f2023) sw      gp, 1056(t5)
core   0: 3 0x8000dbe4 (0x423f2023) mem 0x8000f000 0x00000001
core   0: 0x8000dbe8 (0xff9ff06f) j       pc - 0x8
core   0: 3 0x8000dbe8 (0xff9ff06f)
core   0: 0x8000dbe0 (0x00001f17) auipc   t5, 0x1
core   0: 3 0x8000dbe0 (0x00001f17) x30 0x8000ebe0
core   0: 0x8000dbe4 (0x423f2023) sw      gp, 1056(t5)
core   0: 3 0x8000dbe4 (0x423f2023) mem 0x8000f000 0x00000001
core   0: 0x8000dbe8 (0xff9ff06f) j       pc - 0x8
core   0: 3 0x8000dbe8 (0xff9ff06f)
core   0: 0x8000dbe0 (0x00001f17) auipc   t5, 0x1
core   0: 3 0x8000dbe0 (0x00001f17) x30 0x8000ebe0
core   0: 0x8000dbe4 (0x423f2023) sw      gp, 1056(t5)
core   0: 3 0x8000dbe4 (0x423f2023) mem 0x8000f000 0x00000001
core   0: 0x8000dbe8 (0xff9ff06f) j       pc - 0x8
core   0: 3 0x8000dbe8 (0xff9ff06f)
core   0: 0x8000dbe0 (0x00001f17) auipc   t5, 0x1
core   0: 3 0x8000dbe0 (0x00001f17) x30 0x8000ebe0
core   0: 0x8000dbe4 (0x423f2023) sw      gp, 1056(t5)
core   0: 3 0x8000dbe4 (0x423f2023) mem 0x8000f000 0x00000001
core   0: 0x8000dbe8 (0xff9ff06f) j       pc - 0x8
core   0: 3 0x8000dbe8 (0xff9ff06f)
core   0: 0x8000dbe0 (0x00001f17) auipc   t5, 0x1
core   0: 3 0x8000dbe0 (0x00001f17) x30 0x8000ebe0
core   0: 0x8000dbe4 (0x423f2023) sw      gp, 1056(t5)
core   0: 3 0x8000dbe4 (0x423f2023) mem 0x8000f000 0x00000001
core   0: 0x8000dbe8 (0xff9ff06f) j       pc - 0x8
core   0: 3 0x8000dbe8 (0xff9ff06f)
core   0: 0x8000dbe0 (0x00001f17) auipc   t5, 0x1
core   0: 3 0x8000dbe0 (0x00001f17) x30 0x8000ebe0
core   0: 0x8000dbe4 (0x423f2023) sw      gp, 1056(t5)
core   0: 3 0x8000dbe4 (0x423f2023) mem 0x8000f000 0x00000001
core   0: 0x8000dbe8 (0xff9ff06f) j       pc - 0x8
core   0: 3 0x8000dbe8 (0xff9ff06f)
core   0: 0x8000dbe0 (0x00001f17) auipc   t5, 0x1
core   0: 3 0x8000dbe0 (0x00001f17) x30 0x8000ebe0
core   0: 0x8000dbe4 (0x423f2023) sw      gp, 1056(t5)
core   0: 3 0x8000dbe4 (0x423f2023) mem 0x8000f000 0x00000001
core   0: 0x8000dbe8 (0xff9ff06f) j       pc - 0x8
core   0: 3 0x8000dbe8 (0xff9ff06f)
core   0: 0x8000dbe0 (0x00001f17) auipc   t5, 0x1
core   0: 3 0x8000dbe0 (0x00001f17) x30 0x8000ebe0
core   0: 0x8000dbe4 (0x423f2023) sw      gp, 1056(t5)
core   0: 3 0x8000dbe4 (0x423f2023) mem 0x8000f000 0x00000001
core   0: 0x8000dbe8 (0xff9ff06f) j       pc - 0x8
core   0: 3 0x8000dbe8 (0xff9ff06f)
core   0: 0x8000dbe0 (0x00001f17) auipc   t5, 0x1
core   0: 3 0x8000dbe0 (0x00001f17) x30 0x8000ebe0
core   0: 0x8000dbe4 (0x423f2023) sw      gp, 1056(t5)
core   0: 3 0x8000dbe4 (0x423f2023) mem 0x8000f000 0x00000001
core   0: 0x8000dbe8 (0xff9ff06f) j       pc - 0x8
core   0: 3 0x8000dbe8 (0xff9ff06f)
core   0: 0x8000dbe0 (0x00001f17) auipc   t5, 0x1
core   0: 3 0x8000dbe0 (0x00001f17) x30 0x8000ebe0
core   0: 0x8000dbe4 (0x423f2023) sw      gp, 1056(t5)
core   0: 3 0x8000dbe4 (0x423f2023) mem 0x8000f000 0x00000001
core   0: 0x8000dbe8 (0xff9ff06f) j       pc - 0x8
core   0: 3 0x8000dbe8 (0xff9ff06f)
core   0: 0x8000dbe0 (0x00001f17) auipc   t5, 0x1
core   0: 3 0x8000dbe0 (0x00001f17) x30 0x8000ebe0
core   0: 0x8000dbe4 (0x423f2023) sw      gp, 1056(t5)
core   0: 3 0x8000dbe4 (0x423f2023) mem 0x8000f000 0x00000001
core   0: 0x8000dbe8 (0xff9ff06f) j       pc - 0x8
core   0: 3 0x8000dbe8 (0xff9ff06f)
core   0: 0x8000dbe0 (0x00001f17) auipc   t5, 0x1
core   0: 3 0x8000dbe0 (0x00001f17) x30 0x8000ebe0
core   0: 0x8000dbe4 (0x423f2023) sw      gp, 1056(t5)
core   0: 3 0x8000dbe4 (0x423f2023) mem 0x8000f000 0x00000001
core   0: 0x8000dbe8 (0xff9ff06f) j       pc - 0x8
core   0: 3 0x8000dbe8 (0xff9ff06f)
core   0: 0x8000dbe0 (0x00001f17) auipc   t5, 0x1
core   0: 3 0x8000dbe0 (0x00001f17) x30 0x8000ebe0
core   0: 0x8000dbe4 (0x423f2023) sw      gp, 1056(t5)
core   0: 3 0x8000dbe4 (0x423f2023) mem 0x8000f000 0x00000001
core   0: 0x8000dbe8 (0xff9ff06f) j       pc - 0x8
core   0: 3 0x8000dbe8 (0xff9ff06f)
core   0: 0x8000dbe0 (0x00001f17) auipc   t5, 0x1
core   0: 3 0x8000dbe0 (0x00001f17) x30 0x8000ebe0
core   0: 0x8000dbe4 (0x423f2023) sw      gp, 1056(t5)
core   0: 3 0x8000dbe4 (0x423f2023) mem 0x8000f000 0x00000001
core   0: 0x8000dbe8 (0xff9ff06f) j       pc - 0x8
core   0: 3 0x8000dbe8 (0xff9ff06f)
core   0: 0x8000dbe0 (0x00001f17) auipc   t5, 0x1
core   0: 3 0x8000dbe0 (0x00001f17) x30 0x8000ebe0
core   0: 0x8000dbe4 (0x423f2023) sw      gp, 1056(t5)
core   0: 3 0x8000dbe4 (0x423f2023) mem 0x8000f000 0x00000001
core   0: 0x8000dbe8 (0xff9ff06f) j       pc - 0x8
core   0: 3 0x8000dbe8 (0xff9ff06f)
core   0: 0x8000dbe0 (0x00001f17) auipc   t5, 0x1
core   0: 3 0x8000dbe0 (0x00001f17) x30 0x8000ebe0
core   0: 0x8000dbe4 (0x423f2023) sw      gp, 1056(t5)
core   0: 3 0x8000dbe4 (0x423f2023) mem 0x8000f000 0x00000001
core   0: 0x8000dbe8 (0xff9ff06f) j       pc - 0x8
core   0: 3 0x8000dbe8 (0xff9ff06f)
core   0: 0x8000dbe0 (0x00001f17) auipc   t5, 0x1
core   0: 3 0x8000dbe0 (0x00001f17) x30 0x8000ebe0
core   0: 0x8000dbe4 (0x423f2023) sw      gp, 1056(t5)
core   0: 3 0x8000dbe4 (0x423f2023) mem 0x8000f000 0x00000001
core   0: 0x8000dbe8 (0xff9ff06f) j       pc - 0x8
core   0: 3 0x8000dbe8 (0xff9ff06f)
core   0: 0x8000dbe0 (0x00001f17) auipc   t5, 0x1
core   0: 3 0x8000dbe0 (0x00001f17) x30 0x8000ebe0
core   0: 0x8000dbe4 (0x423f2023) sw      gp, 1056(t5)
core   0: 3 0x8000dbe4 (0x423f2023) mem 0x8000f000 0x00000001
core   0: 0x8000dbe8 (0xff9ff06f) j       pc - 0x8
core   0: 3 0x8000dbe8 (0xff9ff06f)
core   0: 0x8000dbe0 (0x00001f17) auipc   t5, 0x1
core   0: 3 0x8000dbe0 (0x00001f17) x30 0x8000ebe0
core   0: 0x8000dbe4 (0x423f2023) sw      gp, 1056(t5)
core   0: 3 0x8000dbe4 (0x423f2023) mem 0x8000f000 0x00000001
core   0: 0x8000dbe8 (0xff9ff06f) j       pc - 0x8
core   0: 3 0x8000dbe8 (0xff9ff06f)
core   0: 0x8000dbe0 (0x00001f17) auipc   t5, 0x1
core   0: 3 0x8000dbe0 (0x00001f17) x30 0x8000ebe0
core   0: 0x8000dbe4 (0x423f2023) sw      gp, 1056(t5)
core   0: 3 0x8000dbe4 (0x423f2023) mem 0x8000f000 0x00000001
core   0: 0x8000dbe8 (0xff9ff06f) j       pc - 0x8
core   0: 3 0x8000dbe8 (0xff9ff06f)
core   0: 0x8000dbe0 (0x00001f17) auipc   t5, 0x1
core   0: 3 0x8000dbe0 (0x00001f17) x30 0x8000ebe0
core   0: 0x8000dbe4 (0x423f2023) sw      gp, 1056(t5)
core   0: 3 0x8000dbe4 (0x423f2023) mem 0x8000f000 0x00000001
core   0: 0x8000dbe8 (0xff9ff06f) j       pc - 0x8
core   0: 3 0x8000dbe8 (0xff9ff06f)
core   0: 0x8000dbe0 (0x00001f17) auipc   t5, 0x1
core   0: 3 0x8000dbe0 (0x00001f17) x30 0x8000ebe0
core   0: 0x8000dbe4 (0x423f2023) sw      gp, 1056(t5)
core   0: 3 0x8000dbe4 (0x423f2023) mem 0x8000f000 0x00000001
core   0: 0x8000dbe8 (0xff9ff06f) j       pc - 0x8
core   0: 3 0x8000dbe8 (0xff9ff06f)
core   0: 0x8000dbe0 (0x00001f17) auipc   t5, 0x1
core   0: 3 0x8000dbe0 (0x00001f17) x30 0x8000ebe0
core   0: 0x8000dbe4 (0x423f2023) sw      gp, 1056(t5)
core   0: 3 0x8000dbe4 (0x423f2023) mem 0x8000f000 0x00000001
core   0: 0x8000dbe8 (0xff9ff06f) j       pc - 0x8
core   0: 3 0x8000dbe8 (0xff9ff06f)
core   0: 0x8000dbe0 (0x00001f17) auipc   t5, 0x1
core   0: 3 0x8000dbe0 (0x00001f17) x30 0x8000ebe0
core   0: 0x8000dbe4 (0x423f2023) sw      gp, 1056(t5)
core   0: 3 0x8000dbe4 (0x423f2023) mem 0x8000f000 0x00000001
core   0: 0x8000dbe8 (0xff9ff06f) j       pc - 0x8
core   0: 3 0x8000dbe8 (0xff9ff06f)
core   0: 0x8000dbe0 (0x00001f17) auipc   t5, 0x1
core   0: 3 0x8000dbe0 (0x00001f17) x30 0x8000ebe0
core   0: 0x8000dbe4 (0x423f2023) sw      gp, 1056(t5)
core   0: 3 0x8000dbe4 (0x423f2023) mem 0x8000f000 0x00000001
core   0: 0x8000dbe8 (0xff9ff06f) j       pc - 0x8
core   0: 3 0x8000dbe8 (0xff9ff06f)
core   0: 0x8000dbe0 (0x00001f17) auipc   t5, 0x1
core   0: 3 0x8000dbe0 (0x00001f17) x30 0x8000ebe0
core   0: 0x8000dbe4 (0x423f2023) sw      gp, 1056(t5)
core   0: 3 0x8000dbe4 (0x423f2023) mem 0x8000f000 0x00000001
core   0: 0x8000dbe8 (0xff9ff06f) j       pc - 0x8
core   0: 3 0x8000dbe8 (0xff9ff06f)
core   0: 0x8000dbe0 (0x00001f17) auipc   t5, 0x1
core   0: 3 0x8000dbe0 (0x00001f17) x30 0x8000ebe0
core   0: 0x8000dbe4 (0x423f2023) sw      gp, 1056(t5)
core   0: 3 0x8000dbe4 (0x423f2023) mem 0x8000f000 0x00000001
core   0: 0x8000dbe8 (0xff9ff06f) j       pc - 0x8
core   0: 3 0x8000dbe8 (0xff9ff06f)
core   0: 0x8000dbe0 (0x00001f17) auipc   t5, 0x1
core   0: 3 0x8000dbe0 (0x00001f17) x30 0x8000ebe0
core   0: 0x8000dbe4 (0x423f2023) sw      gp, 1056(t5)
core   0: 3 0x8000dbe4 (0x423f2023) mem 0x8000f000 0x00000001
core   0: 0x8000dbe8 (0xff9ff06f) j       pc - 0x8
core   0: 3 0x8000dbe8 (0xff9ff06f)
core   0: 0x8000dbe0 (0x00001f17) auipc   t5, 0x1
core   0: 3 0x8000dbe0 (0x00001f17) x30 0x8000ebe0
core   0: 0x8000dbe4 (0x423f2023) sw      gp, 1056(t5)
core   0: 3 0x8000dbe4 (0x423f2023) mem 0x8000f000 0x00000001
core   0: 0x8000dbe8 (0xff9ff06f) j       pc - 0x8
core   0: 3 0x8000dbe8 (0xff9ff06f)
core   0: 0x8000dbe0 (0x00001f17) auipc   t5, 0x1
core   0: 3 0x8000dbe0 (0x00001f17) x30 0x8000ebe0
core   0: 0x8000dbe4 (0x423f2023) sw      gp, 1056(t5)
core   0: 3 0x8000dbe4 (0x423f2023) mem 0x8000f000 0x00000001
core   0: 0x8000dbe8 (0xff9ff06f) j       pc - 0x8
core   0: 3 0x8000dbe8 (0xff9ff06f)
core   0: 0x8000dbe0 (0x00001f17) auipc   t5, 0x1
core   0: 3 0x8000dbe0 (0x00001f17) x30 0x8000ebe0
core   0: 0x8000dbe4 (0x423f2023) sw      gp, 1056(t5)
core   0: 3 0x8000dbe4 (0x423f2023) mem 0x8000f000 0x00000001
core   0: 0x8000dbe8 (0xff9ff06f) j       pc - 0x8
core   0: 3 0x8000dbe8 (0xff9ff06f)
core   0: 0x8000dbe0 (0x00001f17) auipc   t5, 0x1
core   0: 3 0x8000dbe0 (0x00001f17) x30 0x8000ebe0
core   0: 0x8000dbe4 (0x423f2023) sw      gp, 1056(t5)
core   0: 3 0x8000dbe4 (0x423f2023) mem 0x8000f000 0x00000001
core   0: 0x8000dbe8 (0xff9ff06f) j       pc - 0x8
core   0: 3 0x8000dbe8 (0xff9ff06f)
core   0: 0x8000dbe0 (0x00001f17) auipc   t5, 0x1
core   0: 3 0x8000dbe0 (0x00001f17) x30 0x8000ebe0
core   0: 0x8000dbe4 (0x423f2023) sw      gp, 1056(t5)
core   0: 3 0x8000dbe4 (0x423f2023) mem 0x8000f000 0x00000001
core   0: 0x8000dbe8 (0xff9ff06f) j       pc - 0x8
core   0: 3 0x8000dbe8 (0xff9ff06f)
core   0: 0x8000dbe0 (0x00001f17) auipc   t5, 0x1
core   0: 3 0x8000dbe0 (0x00001f17) x30 0x8000ebe0
core   0: 0x8000dbe4 (0x423f2023) sw      gp, 1056(t5)
core   0: 3 0x8000dbe4 (0x423f2023) mem 0x8000f000 0x00000001
core   0: 0x8000dbe8 (0xff9ff06f) j       pc - 0x8
core   0: 3 0x8000dbe8 (0xff9ff06f)
core   0: 0x8000dbe0 (0x00001f17) auipc   t5, 0x1
core   0: 3 0x8000dbe0 (0x00001f17) x30 0x8000ebe0
core   0: 0x8000dbe4 (0x423f2023) sw      gp, 1056(t5)
core   0: 3 0x8000dbe4 (0x423f2023) mem 0x8000f000 0x00000001
core   0: 0x8000dbe8 (0xff9ff06f) j       pc - 0x8
core   0: 3 0x8000dbe8 (0xff9ff06f)
core   0: 0x8000dbe0 (0x00001f17) auipc   t5, 0x1
core   0: 3 0x8000dbe0 (0x00001f17) x30 0x8000ebe0
core   0: 0x8000dbe4 (0x423f2023) sw      gp, 1056(t5)
core   0: 3 0x8000dbe4 (0x423f2023) mem 0x8000f000 0x00000001
core   0: 0x8000dbe8 (0xff9ff06f) j       pc - 0x8
core   0: 3 0x8000dbe8 (0xff9ff06f)
core   0: 0x8000dbe0 (0x00001f17) auipc   t5, 0x1
core   0: 3 0x8000dbe0 (0x00001f17) x30 0x8000ebe0
core   0: 0x8000dbe4 (0x423f2023) sw      gp, 1056(t5)
core   0: 3 0x8000dbe4 (0x423f2023) mem 0x8000f000 0x00000001
core   0: 0x8000dbe8 (0xff9ff06f) j       pc - 0x8
core   0: 3 0x8000dbe8 (0xff9ff06f)
core   0: 0x8000dbe0 (0x00001f17) auipc   t5, 0x1
core   0: 3 0x8000dbe0 (0x00001f17) x30 0x8000ebe0
core   0: 0x8000dbe4 (0x423f2023) sw      gp, 1056(t5)
core   0: 3 0x8000dbe4 (0x423f2023) mem 0x8000f000 0x00000001
core   0: 0x8000dbe8 (0xff9ff06f) j       pc - 0x8
core   0: 3 0x8000dbe8 (0xff9ff06f)
core   0: 0x8000dbe0 (0x00001f17) auipc   t5, 0x1
core   0: 3 0x8000dbe0 (0x00001f17) x30 0x8000ebe0
core   0: 0x8000dbe4 (0x423f2023) sw      gp, 1056(t5)
core   0: 3 0x8000dbe4 (0x423f2023) mem 0x8000f000 0x00000001
core   0: 0x8000dbe8 (0xff9ff06f) j       pc - 0x8
core   0: 3 0x8000dbe8 (0xff9ff06f)
core   0: 0x8000dbe0 (0x00001f17) auipc   t5, 0x1
core   0: 3 0x8000dbe0 (0x00001f17) x30 0x8000ebe0
core   0: 0x8000dbe4 (0x423f2023) sw      gp, 1056(t5)
core   0: 3 0x8000dbe4 (0x423f2023) mem 0x8000f000 0x00000001
core   0: 0x8000dbe8 (0xff9ff06f) j       pc - 0x8
core   0: 3 0x8000dbe8 (0xff9ff06f)
core   0: 0x8000dbe0 (0x00001f17) auipc   t5, 0x1
core   0: 3 0x8000dbe0 (0x00001f17) x30 0x8000ebe0
core   0: 0x8000dbe4 (0x423f2023) sw      gp, 1056(t5)
core   0: 3 0x8000dbe4 (0x423f2023) mem 0x8000f000 0x00000001
core   0: 0x8000dbe8 (0xff9ff06f) j       pc - 0x8
core   0: 3 0x8000dbe8 (0xff9ff06f)
core   0: 0x8000dbe0 (0x00001f17) auipc   t5, 0x1
core   0: 3 0x8000dbe0 (0x00001f17) x30 0x8000ebe0
core   0: 0x8000dbe4 (0x423f2023) sw      gp, 1056(t5)
core   0: 3 0x8000dbe4 (0x423f2023) mem 0x8000f000 0x00000001
core   0: 0x8000dbe8 (0xff9ff06f) j       pc - 0x8
core   0: 3 0x8000dbe8 (0xff9ff06f)
core   0: 0x8000dbe0 (0x00001f17) auipc   t5, 0x1
core   0: 3 0x8000dbe0 (0x00001f17) x30 0x8000ebe0
core   0: 0x8000dbe4 (0x423f2023) sw      gp, 1056(t5)
core   0: 3 0x8000dbe4 (0x423f2023) mem 0x8000f000 0x00000001
core   0: 0x8000dbe8 (0xff9ff06f) j       pc - 0x8
core   0: 3 0x8000dbe8 (0xff9ff06f)
core   0: 0x8000dbe0 (0x00001f17) auipc   t5, 0x1
core   0: 3 0x8000dbe0 (0x00001f17) x30 0x8000ebe0
core   0: 0x8000dbe4 (0x423f2023) sw      gp, 1056(t5)
core   0: 3 0x8000dbe4 (0x423f2023) mem 0x8000f000 0x00000001
core   0: 0x8000dbe8 (0xff9ff06f) j       pc - 0x8
core   0: 3 0x8000dbe8 (0xff9ff06f)
core   0: 0x8000dbe0 (0x00001f17) auipc   t5, 0x1
core   0: 3 0x8000dbe0 (0x00001f17) x30 0x8000ebe0
core   0: 0x8000dbe4 (0x423f2023) sw      gp, 1056(t5)
core   0: 3 0x8000dbe4 (0x423f2023) mem 0x8000f000 0x00000001
core   0: 0x8000dbe8 (0xff9ff06f) j       pc - 0x8
core   0: 3 0x8000dbe8 (0xff9ff06f)
core   0: 0x8000dbe0 (0x00001f17) auipc   t5, 0x1
core   0: 3 0x8000dbe0 (0x00001f17) x30 0x8000ebe0
core   0: 0x8000dbe4 (0x423f2023) sw      gp, 1056(t5)
core   0: 3 0x8000dbe4 (0x423f2023) mem 0x8000f000 0x00000001
core   0: 0x8000dbe8 (0xff9ff06f) j       pc - 0x8
core   0: 3 0x8000dbe8 (0xff9ff06f)
core   0: 0x8000dbe0 (0x00001f17) auipc   t5, 0x1
core   0: 3 0x8000dbe0 (0x00001f17) x30 0x8000ebe0
core   0: 0x8000dbe4 (0x423f2023) sw      gp, 1056(t5)
core   0: 3 0x8000dbe4 (0x423f2023) mem 0x8000f000 0x00000001
core   0: 0x8000dbe8 (0xff9ff06f) j       pc - 0x8
core   0: 3 0x8000dbe8 (0xff9ff06f)
core   0: 0x8000dbe0 (0x00001f17) auipc   t5, 0x1
core   0: 3 0x8000dbe0 (0x00001f17) x30 0x8000ebe0
core   0: 0x8000dbe4 (0x423f2023) sw      gp, 1056(t5)
core   0: 3 0x8000dbe4 (0x423f2023) mem 0x8000f000 0x00000001
core   0: 0x8000dbe8 (0xff9ff06f) j       pc - 0x8
core   0: 3 0x8000dbe8 (0xff9ff06f)
core   0: 0x8000dbe0 (0x00001f17) auipc   t5, 0x1
core   0: 3 0x8000dbe0 (0x00001f17) x30 0x8000ebe0
core   0: 0x8000dbe4 (0x423f2023) sw      gp, 1056(t5)
core   0: 3 0x8000dbe4 (0x423f2023) mem 0x8000f000 0x00000001
core   0: 0x8000dbe8 (0xff9ff06f) j       pc - 0x8
core   0: 3 0x8000dbe8 (0xff9ff06f)
core   0: 0x8000dbe0 (0x00001f17) auipc   t5, 0x1
core   0: 3 0x8000dbe0 (0x00001f17) x30 0x8000ebe0
core   0: 0x8000dbe4 (0x423f2023) sw      gp, 1056(t5)
core   0: 3 0x8000dbe4 (0x423f2023) mem 0x8000f000 0x00000001
core   0: 0x8000dbe8 (0xff9ff06f) j       pc - 0x8
core   0: 3 0x8000dbe8 (0xff9ff06f)
core   0: 0x8000dbe0 (0x00001f17) auipc   t5, 0x1
core   0: 3 0x8000dbe0 (0x00001f17) x30 0x8000ebe0
core   0: 0x8000dbe4 (0x423f2023) sw      gp, 1056(t5)
core   0: 3 0x8000dbe4 (0x423f2023) mem 0x8000f000 0x00000001
core   0: 0x8000dbe8 (0xff9ff06f) j       pc - 0x8
core   0: 3 0x8000dbe8 (0xff9ff06f)
core   0: 0x8000dbe0 (0x00001f17) auipc   t5, 0x1
core   0: 3 0x8000dbe0 (0x00001f17) x30 0x8000ebe0
core   0: 0x8000dbe4 (0x423f2023) sw      gp, 1056(t5)
core   0: 3 0x8000dbe4 (0x423f2023) mem 0x8000f000 0x00000001
core   0: 0x8000dbe8 (0xff9ff06f) j       pc - 0x8
core   0: 3 0x8000dbe8 (0xff9ff06f)
core   0: 0x8000dbe0 (0x00001f17) auipc   t5, 0x1
core   0: 3 0x8000dbe0 (0x00001f17) x30 0x8000ebe0
core   0: 0x8000dbe4 (0x423f2023) sw      gp, 1056(t5)
core   0: 3 0x8000dbe4 (0x423f2023) mem 0x8000f000 0x00000001
core   0: 0x8000dbe8 (0xff9ff06f) j       pc - 0x8
core   0: 3 0x8000dbe8 (0xff9ff06f)
core   0: 0x8000dbe0 (0x00001f17) auipc   t5, 0x1
core   0: 3 0x8000dbe0 (0x00001f17) x30 0x8000ebe0
core   0: 0x8000dbe4 (0x423f2023) sw      gp, 1056(t5)
core   0: 3 0x8000dbe4 (0x423f2023) mem 0x8000f000 0x00000001
core   0: 0x8000dbe8 (0xff9ff06f) j       pc - 0x8
core   0: 3 0x8000dbe8 (0xff9ff06f)
core   0: 0x8000dbe0 (0x00001f17) auipc   t5, 0x1
core   0: 3 0x8000dbe0 (0x00001f17) x30 0x8000ebe0
core   0: 0x8000dbe4 (0x423f2023) sw      gp, 1056(t5)
core   0: 3 0x8000dbe4 (0x423f2023) mem 0x8000f000 0x00000001
core   0: 0x8000dbe8 (0xff9ff06f) j       pc - 0x8
core   0: 3 0x8000dbe8 (0xff9ff06f)
core   0: 0x8000dbe0 (0x00001f17) auipc   t5, 0x1
core   0: 3 0x8000dbe0 (0x00001f17) x30 0x8000ebe0
core   0: 0x8000dbe4 (0x423f2023) sw      gp, 1056(t5)
core   0: 3 0x8000dbe4 (0x423f2023) mem 0x8000f000 0x00000001
core   0: 0x8000dbe8 (0xff9ff06f) j       pc - 0x8
core   0: 3 0x8000dbe8 (0xff9ff06f)
core   0: 0x8000dbe0 (0x00001f17) auipc   t5, 0x1
core   0: 3 0x8000dbe0 (0x00001f17) x30 0x8000ebe0
core   0: 0x8000dbe4 (0x423f2023) sw      gp, 1056(t5)
core   0: 3 0x8000dbe4 (0x423f2023) mem 0x8000f000 0x00000001
core   0: 0x8000dbe8 (0xff9ff06f) j       pc - 0x8
core   0: 3 0x8000dbe8 (0xff9ff06f)
core   0: 0x8000dbe0 (0x00001f17) auipc   t5, 0x1
core   0: 3 0x8000dbe0 (0x00001f17) x30 0x8000ebe0
core   0: 0x8000dbe4 (0x423f2023) sw      gp, 1056(t5)
core   0: 3 0x8000dbe4 (0x423f2023) mem 0x8000f000 0x00000001
core   0: 0x8000dbe8 (0xff9ff06f) j       pc - 0x8
core   0: 3 0x8000dbe8 (0xff9ff06f)
core   0: 0x8000dbe0 (0x00001f17) auipc   t5, 0x1
core   0: 3 0x8000dbe0 (0x00001f17) x30 0x8000ebe0
core   0: 0x8000dbe4 (0x423f2023) sw      gp, 1056(t5)
core   0: 3 0x8000dbe4 (0x423f2023) mem 0x8000f000 0x00000001
core   0: 0x8000dbe8 (0xff9ff06f) j       pc - 0x8
core   0: 3 0x8000dbe8 (0xff9ff06f)
core   0: 0x8000dbe0 (0x00001f17) auipc   t5, 0x1
core   0: 3 0x8000dbe0 (0x00001f17) x30 0x8000ebe0
core   0: 0x8000dbe4 (0x423f2023) sw      gp, 1056(t5)
core   0: 3 0x8000dbe4 (0x423f2023) mem 0x8000f000 0x00000001
core   0: 0x8000dbe8 (0xff9ff06f) j       pc - 0x8
core   0: 3 0x8000dbe8 (0xff9ff06f)
core   0: 0x8000dbe0 (0x00001f17) auipc   t5, 0x1
core   0: 3 0x8000dbe0 (0x00001f17) x30 0x8000ebe0
core   0: 0x8000dbe4 (0x423f2023) sw      gp, 1056(t5)
core   0: 3 0x8000dbe4 (0x423f2023) mem 0x8000f000 0x00000001
core   0: 0x8000dbe8 (0xff9ff06f) j       pc - 0x8
core   0: 3 0x8000dbe8 (0xff9ff06f)
core   0: 0x8000dbe0 (0x00001f17) auipc   t5, 0x1
core   0: 3 0x8000dbe0 (0x00001f17) x30 0x8000ebe0
core   0: 0x8000dbe4 (0x423f2023) sw      gp, 1056(t5)
core   0: 3 0x8000dbe4 (0x423f2023) mem 0x8000f000 0x00000001
core   0: 0x8000dbe8 (0xff9ff06f) j       pc - 0x8
core   0: 3 0x8000dbe8 (0xff9ff06f)
core   0: 0x8000dbe0 (0x00001f17) auipc   t5, 0x1
core   0: 3 0x8000dbe0 (0x00001f17) x30 0x8000ebe0
core   0: 0x8000dbe4 (0x423f2023) sw      gp, 1056(t5)
core   0: 3 0x8000dbe4 (0x423f2023) mem 0x8000f000 0x00000001
core   0: 0x8000dbe8 (0xff9ff06f) j       pc - 0x8
core   0: 3 0x8000dbe8 (0xff9ff06f)
core   0: 0x8000dbe0 (0x00001f17) auipc   t5, 0x1
core   0: 3 0x8000dbe0 (0x00001f17) x30 0x8000ebe0
core   0: 0x8000dbe4 (0x423f2023) sw      gp, 1056(t5)
core   0: 3 0x8000dbe4 (0x423f2023) mem 0x8000f000 0x00000001
core   0: 0x8000dbe8 (0xff9ff06f) j       pc - 0x8
core   0: 3 0x8000dbe8 (0xff9ff06f)
core   0: 0x8000dbe0 (0x00001f17) auipc   t5, 0x1
core   0: 3 0x8000dbe0 (0x00001f17) x30 0x8000ebe0
core   0: 0x8000dbe4 (0x423f2023) sw      gp, 1056(t5)
core   0: 3 0x8000dbe4 (0x423f2023) mem 0x8000f000 0x00000001
core   0: 0x8000dbe8 (0xff9ff06f) j       pc - 0x8
core   0: 3 0x8000dbe8 (0xff9ff06f)
core   0: 0x8000dbe0 (0x00001f17) auipc   t5, 0x1
core   0: 3 0x8000dbe0 (0x00001f17) x30 0x8000ebe0
core   0: 0x8000dbe4 (0x423f2023) sw      gp, 1056(t5)
core   0: 3 0x8000dbe4 (0x423f2023) mem 0x8000f000 0x00000001
core   0: 0x8000dbe8 (0xff9ff06f) j       pc - 0x8
core   0: 3 0x8000dbe8 (0xff9ff06f)
core   0: 0x8000dbe0 (0x00001f17) auipc   t5, 0x1
core   0: 3 0x8000dbe0 (0x00001f17) x30 0x8000ebe0
core   0: 0x8000dbe4 (0x423f2023) sw      gp, 1056(t5)
core   0: 3 0x8000dbe4 (0x423f2023) mem 0x8000f000 0x00000001
core   0: 0x8000dbe8 (0xff9ff06f) j       pc - 0x8
core   0: 3 0x8000dbe8 (0xff9ff06f)
core   0: 0x8000dbe0 (0x00001f17) auipc   t5, 0x1
core   0: 3 0x8000dbe0 (0x00001f17) x30 0x8000ebe0
core   0: 0x8000dbe4 (0x423f2023) sw      gp, 1056(t5)
core   0: 3 0x8000dbe4 (0x423f2023) mem 0x8000f000 0x00000001
core   0: 0x8000dbe8 (0xff9ff06f) j       pc - 0x8
core   0: 3 0x8000dbe8 (0xff9ff06f)
core   0: 0x8000dbe0 (0x00001f17) auipc   t5, 0x1
core   0: 3 0x8000dbe0 (0x00001f17) x30 0x8000ebe0
core   0: 0x8000dbe4 (0x423f2023) sw      gp, 1056(t5)
core   0: 3 0x8000dbe4 (0x423f2023) mem 0x8000f000 0x00000001
core   0: 0x8000dbe8 (0xff9ff06f) j       pc - 0x8
core   0: 3 0x8000dbe8 (0xff9ff06f)
core   0: 0x8000dbe0 (0x00001f17) auipc   t5, 0x1
core   0: 3 0x8000dbe0 (0x00001f17) x30 0x8000ebe0
core   0: 0x8000dbe4 (0x423f2023) sw      gp, 1056(t5)
core   0: 3 0x8000dbe4 (0x423f2023) mem 0x8000f000 0x00000001
core   0: 0x8000dbe8 (0xff9ff06f) j       pc - 0x8
core   0: 3 0x8000dbe8 (0xff9ff06f)
core   0: 0x8000dbe0 (0x00001f17) auipc   t5, 0x1
core   0: 3 0x8000dbe0 (0x00001f17) x30 0x8000ebe0
core   0: 0x8000dbe4 (0x423f2023) sw      gp, 1056(t5)
core   0: 3 0x8000dbe4 (0x423f2023) mem 0x8000f000 0x00000001
core   0: 0x8000dbe8 (0xff9ff06f) j       pc - 0x8
core   0: 3 0x8000dbe8 (0xff9ff06f)
core   0: 0x8000dbe0 (0x00001f17) auipc   t5, 0x1
core   0: 3 0x8000dbe0 (0x00001f17) x30 0x8000ebe0
core   0: 0x8000dbe4 (0x423f2023) sw      gp, 1056(t5)
core   0: 3 0x8000dbe4 (0x423f2023) mem 0x8000f000 0x00000001
core   0: 0x8000dbe8 (0xff9ff06f) j       pc - 0x8
core   0: 3 0x8000dbe8 (0xff9ff06f)
core   0: 0x8000dbe0 (0x00001f17) auipc   t5, 0x1
core   0: 3 0x8000dbe0 (0x00001f17) x30 0x8000ebe0
core   0: 0x8000dbe4 (0x423f2023) sw      gp, 1056(t5)
core   0: 3 0x8000dbe4 (0x423f2023) mem 0x8000f000 0x00000001
core   0: 0x8000dbe8 (0xff9ff06f) j       pc - 0x8
core   0: 3 0x8000dbe8 (0xff9ff06f)
core   0: 0x8000dbe0 (0x00001f17) auipc   t5, 0x1
core   0: 3 0x8000dbe0 (0x00001f17) x30 0x8000ebe0
core   0: 0x8000dbe4 (0x423f2023) sw      gp, 1056(t5)
core   0: 3 0x8000dbe4 (0x423f2023) mem 0x8000f000 0x00000001
core   0: 0x8000dbe8 (0xff9ff06f) j       pc - 0x8
core   0: 3 0x8000dbe8 (0xff9ff06f)
core   0: 0x8000dbe0 (0x00001f17) auipc   t5, 0x1
core   0: 3 0x8000dbe0 (0x00001f17) x30 0x8000ebe0
core   0: 0x8000dbe4 (0x423f2023) sw      gp, 1056(t5)
core   0: 3 0x8000dbe4 (0x423f2023) mem 0x8000f000 0x00000001
core   0: 0x8000dbe8 (0xff9ff06f) j       pc - 0x8
core   0: 3 0x8000dbe8 (0xff9ff06f)
core   0: 0x8000dbe0 (0x00001f17) auipc   t5, 0x1
core   0: 3 0x8000dbe0 (0x00001f17) x30 0x8000ebe0
core   0: 0x8000dbe4 (0x423f2023) sw      gp, 1056(t5)
core   0: 3 0x8000dbe4 (0x423f2023) mem 0x8000f000 0x00000001
core   0: 0x8000dbe8 (0xff9ff06f) j       pc - 0x8
core   0: 3 0x8000dbe8 (0xff9ff06f)
core   0: 0x8000dbe0 (0x00001f17) auipc   t5, 0x1
core   0: 3 0x8000dbe0 (0x00001f17) x30 0x8000ebe0
core   0: 0x8000dbe4 (0x423f2023) sw      gp, 1056(t5)
core   0: 3 0x8000dbe4 (0x423f2023) mem 0x8000f000 0x00000001
core   0: 0x8000dbe8 (0xff9ff06f) j       pc - 0x8
core   0: 3 0x8000dbe8 (0xff9ff06f)
core   0: 0x8000dbe0 (0x00001f17) auipc   t5, 0x1
core   0: 3 0x8000dbe0 (0x00001f17) x30 0x8000ebe0
core   0: 0x8000dbe4 (0x423f2023) sw      gp, 1056(t5)
core   0: 3 0x8000dbe4 (0x423f2023) mem 0x8000f000 0x00000001
core   0: 0x8000dbe8 (0xff9ff06f) j       pc - 0x8
core   0: 3 0x8000dbe8 (0xff9ff06f)
core   0: 0x8000dbe0 (0x00001f17) auipc   t5, 0x1
core   0: 3 0x8000dbe0 (0x00001f17) x30 0x8000ebe0
core   0: 0x8000dbe4 (0x423f2023) sw      gp, 1056(t5)
core   0: 3 0x8000dbe4 (0x423f2023) mem 0x8000f000 0x00000001
core   0: 0x8000dbe8 (0xff9ff06f) j       pc - 0x8
core   0: 3 0x8000dbe8 (0xff9ff06f)
core   0: 0x8000dbe0 (0x00001f17) auipc   t5, 0x1
core   0: 3 0x8000dbe0 (0x00001f17) x30 0x8000ebe0
core   0: 0x8000dbe4 (0x423f2023) sw      gp, 1056(t5)
core   0: 3 0x8000dbe4 (0x423f2023) mem 0x8000f000 0x00000001
core   0: 0x8000dbe8 (0xff9ff06f) j       pc - 0x8
core   0: 3 0x8000dbe8 (0xff9ff06f)
core   0: 0x8000dbe0 (0x00001f17) auipc   t5, 0x1
core   0: 3 0x8000dbe0 (0x00001f17) x30 0x8000ebe0
core   0: 0x8000dbe4 (0x423f2023) sw      gp, 1056(t5)
core   0: 3 0x8000dbe4 (0x423f2023) mem 0x8000f000 0x00000001
core   0: 0x8000dbe8 (0xff9ff06f) j       pc - 0x8
core   0: 3 0x8000dbe8 (0xff9ff06f)
core   0: 0x8000dbe0 (0x00001f17) auipc   t5, 0x1
core   0: 3 0x8000dbe0 (0x00001f17) x30 0x8000ebe0
core   0: 0x8000dbe4 (0x423f2023) sw      gp, 1056(t5)
core   0: 3 0x8000dbe4 (0x423f2023) mem 0x8000f000 0x00000001
core   0: 0x8000dbe8 (0xff9ff06f) j       pc - 0x8
core   0: 3 0x8000dbe8 (0xff9ff06f)
core   0: 0x8000dbe0 (0x00001f17) auipc   t5, 0x1
core   0: 3 0x8000dbe0 (0x00001f17) x30 0x8000ebe0
core   0: 0x8000dbe4 (0x423f2023) sw      gp, 1056(t5)
core   0: 3 0x8000dbe4 (0x423f2023) mem 0x8000f000 0x00000001
core   0: 0x8000dbe8 (0xff9ff06f) j       pc - 0x8
core   0: 3 0x8000dbe8 (0xff9ff06f)
core   0: 0x8000dbe0 (0x00001f17) auipc   t5, 0x1
core   0: 3 0x8000dbe0 (0x00001f17) x30 0x8000ebe0
core   0: 0x8000dbe4 (0x423f2023) sw      gp, 1056(t5)
core   0: 3 0x8000dbe4 (0x423f2023) mem 0x8000f000 0x00000001
core   0: 0x8000dbe8 (0xff9ff06f) j       pc - 0x8
core   0: 3 0x8000dbe8 (0xff9ff06f)
core   0: 0x8000dbe0 (0x00001f17) auipc   t5, 0x1
core   0: 3 0x8000dbe0 (0x00001f17) x30 0x8000ebe0
core   0: 0x8000dbe4 (0x423f2023) sw      gp, 1056(t5)
core   0: 3 0x8000dbe4 (0x423f2023) mem 0x8000f000 0x00000001
core   0: 0x8000dbe8 (0xff9ff06f) j       pc - 0x8
core   0: 3 0x8000dbe8 (0xff9ff06f)
core   0: 0x8000dbe0 (0x00001f17) auipc   t5, 0x1
core   0: 3 0x8000dbe0 (0x00001f17) x30 0x8000ebe0
core   0: 0x8000dbe4 (0x423f2023) sw      gp, 1056(t5)
core   0: 3 0x8000dbe4 (0x423f2023) mem 0x8000f000 0x00000001
core   0: 0x8000dbe8 (0xff9ff06f) j       pc - 0x8
core   0: 3 0x8000dbe8 (0xff9ff06f)
core   0: 0x8000dbe0 (0x00001f17) auipc   t5, 0x1
core   0: 3 0x8000dbe0 (0x00001f17) x30 0x8000ebe0
core   0: 0x8000dbe4 (0x423f2023) sw      gp, 1056(t5)
core   0: 3 0x8000dbe4 (0x423f2023) mem 0x8000f000 0x00000001
core   0: 0x8000dbe8 (0xff9ff06f) j       pc - 0x8
core   0: 3 0x8000dbe8 (0xff9ff06f)
core   0: 0x8000dbe0 (0x00001f17) auipc   t5, 0x1
core   0: 3 0x8000dbe0 (0x00001f17) x30 0x8000ebe0
core   0: 0x8000dbe4 (0x423f2023) sw      gp, 1056(t5)
core   0: 3 0x8000dbe4 (0x423f2023) mem 0x8000f000 0x00000001
core   0: 0x8000dbe8 (0xff9ff06f) j       pc - 0x8
core   0: 3 0x8000dbe8 (0xff9ff06f)
core   0: 0x8000dbe0 (0x00001f17) auipc   t5, 0x1
core   0: 3 0x8000dbe0 (0x00001f17) x30 0x8000ebe0
core   0: 0x8000dbe4 (0x423f2023) sw      gp, 1056(t5)
core   0: 3 0x8000dbe4 (0x423f2023) mem 0x8000f000 0x00000001
core   0: 0x8000dbe8 (0xff9ff06f) j       pc - 0x8
core   0: 3 0x8000dbe8 (0xff9ff06f)
core   0: 0x8000dbe0 (0x00001f17) auipc   t5, 0x1
core   0: 3 0x8000dbe0 (0x00001f17) x30 0x8000ebe0
core   0: 0x8000dbe4 (0x423f2023) sw      gp, 1056(t5)
core   0: 3 0x8000dbe4 (0x423f2023) mem 0x8000f000 0x00000001
core   0: 0x8000dbe8 (0xff9ff06f) j       pc - 0x8
core   0: 3 0x8000dbe8 (0xff9ff06f)
core   0: 0x8000dbe0 (0x00001f17) auipc   t5, 0x1
core   0: 3 0x8000dbe0 (0x00001f17) x30 0x8000ebe0
core   0: 0x8000dbe4 (0x423f2023) sw      gp, 1056(t5)
core   0: 3 0x8000dbe4 (0x423f2023) mem 0x8000f000 0x00000001
core   0: 0x8000dbe8 (0xff9ff06f) j       pc - 0x8
core   0: 3 0x8000dbe8 (0xff9ff06f)
core   0: 0x8000dbe0 (0x00001f17) auipc   t5, 0x1
core   0: 3 0x8000dbe0 (0x00001f17) x30 0x8000ebe0
core   0: 0x8000dbe4 (0x423f2023) sw      gp, 1056(t5)
core   0: 3 0x8000dbe4 (0x423f2023) mem 0x8000f000 0x00000001
core   0: 0x8000dbe8 (0xff9ff06f) j       pc - 0x8
core   0: 3 0x8000dbe8 (0xff9ff06f)
core   0: 0x8000dbe0 (0x00001f17) auipc   t5, 0x1
core   0: 3 0x8000dbe0 (0x00001f17) x30 0x8000ebe0
core   0: 0x8000dbe4 (0x423f2023) sw      gp, 1056(t5)
core   0: 3 0x8000dbe4 (0x423f2023) mem 0x8000f000 0x00000001
core   0: 0x8000dbe8 (0xff9ff06f) j       pc - 0x8
core   0: 3 0x8000dbe8 (0xff9ff06f)
core   0: 0x8000dbe0 (0x00001f17) auipc   t5, 0x1
core   0: 3 0x8000dbe0 (0x00001f17) x30 0x8000ebe0
core   0: 0x8000dbe4 (0x423f2023) sw      gp, 1056(t5)
core   0: 3 0x8000dbe4 (0x423f2023) mem 0x8000f000 0x00000001
core   0: 0x8000dbe8 (0xff9ff06f) j       pc - 0x8
core   0: 3 0x8000dbe8 (0xff9ff06f)
core   0: 0x8000dbe0 (0x00001f17) auipc   t5, 0x1
core   0: 3 0x8000dbe0 (0x00001f17) x30 0x8000ebe0
core   0: 0x8000dbe4 (0x423f2023) sw      gp, 1056(t5)
core   0: 3 0x8000dbe4 (0x423f2023) mem 0x8000f000 0x00000001
core   0: 0x8000dbe8 (0xff9ff06f) j       pc - 0x8
core   0: 3 0x8000dbe8 (0xff9ff06f)
core   0: 0x8000dbe0 (0x00001f17) auipc   t5, 0x1
core   0: 3 0x8000dbe0 (0x00001f17) x30 0x8000ebe0
core   0: 0x8000dbe4 (0x423f2023) sw      gp, 1056(t5)
core   0: 3 0x8000dbe4 (0x423f2023) mem 0x8000f000 0x00000001
core   0: 0x8000dbe8 (0xff9ff06f) j       pc - 0x8
core   0: 3 0x8000dbe8 (0xff9ff06f)
core   0: 0x8000dbe0 (0x00001f17) auipc   t5, 0x1
core   0: 3 0x8000dbe0 (0x00001f17) x30 0x8000ebe0
core   0: 0x8000dbe4 (0x423f2023) sw      gp, 1056(t5)
core   0: 3 0x8000dbe4 (0x423f2023) mem 0x8000f000 0x00000001
core   0: 0x8000dbe8 (0xff9ff06f) j       pc - 0x8
core   0: 3 0x8000dbe8 (0xff9ff06f)
core   0: 0x8000dbe0 (0x00001f17) auipc   t5, 0x1
core   0: 3 0x8000dbe0 (0x00001f17) x30 0x8000ebe0
core   0: 0x8000dbe4 (0x423f2023) sw      gp, 1056(t5)
core   0: 3 0x8000dbe4 (0x423f2023) mem 0x8000f000 0x00000001
core   0: 0x8000dbe8 (0xff9ff06f) j       pc - 0x8
core   0: 3 0x8000dbe8 (0xff9ff06f)
core   0: 0x8000dbe0 (0x00001f17) auipc   t5, 0x1
core   0: 3 0x8000dbe0 (0x00001f17) x30 0x8000ebe0
core   0: 0x8000dbe4 (0x423f2023) sw      gp, 1056(t5)
core   0: 3 0x8000dbe4 (0x423f2023) mem 0x8000f000 0x00000001
core   0: 0x8000dbe8 (0xff9ff06f) j       pc - 0x8
core   0: 3 0x8000dbe8 (0xff9ff06f)
core   0: 0x8000dbe0 (0x00001f17) auipc   t5, 0x1
core   0: 3 0x8000dbe0 (0x00001f17) x30 0x8000ebe0
core   0: 0x8000dbe4 (0x423f2023) sw      gp, 1056(t5)
core   0: 3 0x8000dbe4 (0x423f2023) mem 0x8000f000 0x00000001
core   0: 0x8000dbe8 (0xff9ff06f) j       pc - 0x8
core   0: 3 0x8000dbe8 (0xff9ff06f)
core   0: 0x8000dbe0 (0x00001f17) auipc   t5, 0x1
core   0: 3 0x8000dbe0 (0x00001f17) x30 0x8000ebe0
core   0: 0x8000dbe4 (0x423f2023) sw      gp, 1056(t5)
core   0: 3 0x8000dbe4 (0x423f2023) mem 0x8000f000 0x00000001
core   0: 0x8000dbe8 (0xff9ff06f) j       pc - 0x8
core   0: 3 0x8000dbe8 (0xff9ff06f)
core   0: 0x8000dbe0 (0x00001f17) auipc   t5, 0x1
core   0: 3 0x8000dbe0 (0x00001f17) x30 0x8000ebe0
core   0: 0x8000dbe4 (0x423f2023) sw      gp, 1056(t5)
core   0: 3 0x8000dbe4 (0x423f2023) mem 0x8000f000 0x00000001
core   0: 0x8000dbe8 (0xff9ff06f) j       pc - 0x8
core   0: 3 0x8000dbe8 (0xff9ff06f)
core   0: 0x8000dbe0 (0x00001f17) auipc   t5, 0x1
core   0: 3 0x8000dbe0 (0x00001f17) x30 0x8000ebe0
core   0: 0x8000dbe4 (0x423f2023) sw      gp, 1056(t5)
core   0: 3 0x8000dbe4 (0x423f2023) mem 0x8000f000 0x00000001
core   0: 0x8000dbe8 (0xff9ff06f) j       pc - 0x8
core   0: 3 0x8000dbe8 (0xff9ff06f)
core   0: 0x8000dbe0 (0x00001f17) auipc   t5, 0x1
core   0: 3 0x8000dbe0 (0x00001f17) x30 0x8000ebe0
core   0: 0x8000dbe4 (0x423f2023) sw      gp, 1056(t5)
core   0: 3 0x8000dbe4 (0x423f2023) mem 0x8000f000 0x00000001
core   0: 0x8000dbe8 (0xff9ff06f) j       pc - 0x8
core   0: 3 0x8000dbe8 (0xff9ff06f)
core   0: 0x8000dbe0 (0x00001f17) auipc   t5, 0x1
core   0: 3 0x8000dbe0 (0x00001f17) x30 0x8000ebe0
core   0: 0x8000dbe4 (0x423f2023) sw      gp, 1056(t5)
core   0: 3 0x8000dbe4 (0x423f2023) mem 0x8000f000 0x00000001
core   0: 0x8000dbe8 (0xff9ff06f) j       pc - 0x8
core   0: 3 0x8000dbe8 (0xff9ff06f)
core   0: 0x8000dbe0 (0x00001f17) auipc   t5, 0x1
core   0: 3 0x8000dbe0 (0x00001f17) x30 0x8000ebe0
core   0: 0x8000dbe4 (0x423f2023) sw      gp, 1056(t5)
core   0: 3 0x8000dbe4 (0x423f2023) mem 0x8000f000 0x00000001
core   0: 0x8000dbe8 (0xff9ff06f) j       pc - 0x8
core   0: 3 0x8000dbe8 (0xff9ff06f)
core   0: 0x8000dbe0 (0x00001f17) auipc   t5, 0x1
core   0: 3 0x8000dbe0 (0x00001f17) x30 0x8000ebe0
core   0: 0x8000dbe4 (0x423f2023) sw      gp, 1056(t5)
core   0: 3 0x8000dbe4 (0x423f2023) mem 0x8000f000 0x00000001
core   0: 0x8000dbe8 (0xff9ff06f) j       pc - 0x8
core   0: 3 0x8000dbe8 (0xff9ff06f)
core   0: 0x8000dbe0 (0x00001f17) auipc   t5, 0x1
core   0: 3 0x8000dbe0 (0x00001f17) x30 0x8000ebe0
core   0: 0x8000dbe4 (0x423f2023) sw      gp, 1056(t5)
core   0: 3 0x8000dbe4 (0x423f2023) mem 0x8000f000 0x00000001
core   0: 0x8000dbe8 (0xff9ff06f) j       pc - 0x8
core   0: 3 0x8000dbe8 (0xff9ff06f)
core   0: 0x8000dbe0 (0x00001f17) auipc   t5, 0x1
core   0: 3 0x8000dbe0 (0x00001f17) x30 0x8000ebe0
core   0: 0x8000dbe4 (0x423f2023) sw      gp, 1056(t5)
core   0: 3 0x8000dbe4 (0x423f2023) mem 0x8000f000 0x00000001
core   0: 0x8000dbe8 (0xff9ff06f) j       pc - 0x8
core   0: 3 0x8000dbe8 (0xff9ff06f)
core   0: 0x8000dbe0 (0x00001f17) auipc   t5, 0x1
core   0: 3 0x8000dbe0 (0x00001f17) x30 0x8000ebe0
core   0: 0x8000dbe4 (0x423f2023) sw      gp, 1056(t5)
core   0: 3 0x8000dbe4 (0x423f2023) mem 0x8000f000 0x00000001
core   0: 0x8000dbe8 (0xff9ff06f) j       pc - 0x8
core   0: 3 0x8000dbe8 (0xff9ff06f)
core   0: 0x8000dbe0 (0x00001f17) auipc   t5, 0x1
core   0: 3 0x8000dbe0 (0x00001f17) x30 0x8000ebe0
core   0: 0x8000dbe4 (0x423f2023) sw      gp, 1056(t5)
core   0: 3 0x8000dbe4 (0x423f2023) mem 0x8000f000 0x00000001
core   0: 0x8000dbe8 (0xff9ff06f) j       pc - 0x8
core   0: 3 0x8000dbe8 (0xff9ff06f)
core   0: 0x8000dbe0 (0x00001f17) auipc   t5, 0x1
core   0: 3 0x8000dbe0 (0x00001f17) x30 0x8000ebe0
core   0: 0x8000dbe4 (0x423f2023) sw      gp, 1056(t5)
core   0: 3 0x8000dbe4 (0x423f2023) mem 0x8000f000 0x00000001
core   0: 0x8000dbe8 (0xff9ff06f) j       pc - 0x8
core   0: 3 0x8000dbe8 (0xff9ff06f)
core   0: 0x8000dbe0 (0x00001f17) auipc   t5, 0x1
core   0: 3 0x8000dbe0 (0x00001f17) x30 0x8000ebe0
core   0: 0x8000dbe4 (0x423f2023) sw      gp, 1056(t5)
core   0: 3 0x8000dbe4 (0x423f2023) mem 0x8000f000 0x00000001
core   0: 0x8000dbe8 (0xff9ff06f) j       pc - 0x8
core   0: 3 0x8000dbe8 (0xff9ff06f)
core   0: 0x8000dbe0 (0x00001f17) auipc   t5, 0x1
core   0: 3 0x8000dbe0 (0x00001f17) x30 0x8000ebe0
core   0: 0x8000dbe4 (0x423f2023) sw      gp, 1056(t5)
core   0: 3 0x8000dbe4 (0x423f2023) mem 0x8000f000 0x00000001
core   0: 0x8000dbe8 (0xff9ff06f) j       pc - 0x8
core   0: 3 0x8000dbe8 (0xff9ff06f)
core   0: 0x8000dbe0 (0x00001f17) auipc   t5, 0x1
core   0: 3 0x8000dbe0 (0x00001f17) x30 0x8000ebe0
core   0: 0x8000dbe4 (0x423f2023) sw      gp, 1056(t5)
core   0: 3 0x8000dbe4 (0x423f2023) mem 0x8000f000 0x00000001
core   0: 0x8000dbe8 (0xff9ff06f) j       pc - 0x8
core   0: 3 0x8000dbe8 (0xff9ff06f)
core   0: 0x8000dbe0 (0x00001f17) auipc   t5, 0x1
core   0: 3 0x8000dbe0 (0x00001f17) x30 0x8000ebe0
core   0: 0x8000dbe4 (0x423f2023) sw      gp, 1056(t5)
core   0: 3 0x8000dbe4 (0x423f2023) mem 0x8000f000 0x00000001
core   0: 0x8000dbe8 (0xff9ff06f) j       pc - 0x8
core   0: 3 0x8000dbe8 (0xff9ff06f)
core   0: 0x8000dbe0 (0x00001f17) auipc   t5, 0x1
core   0: 3 0x8000dbe0 (0x00001f17) x30 0x8000ebe0
core   0: 0x8000dbe4 (0x423f2023) sw      gp, 1056(t5)
core   0: 3 0x8000dbe4 (0x423f2023) mem 0x8000f000 0x00000001
core   0: 0x8000dbe8 (0xff9ff06f) j       pc - 0x8
core   0: 3 0x8000dbe8 (0xff9ff06f)
core   0: 0x8000dbe0 (0x00001f17) auipc   t5, 0x1
core   0: 3 0x8000dbe0 (0x00001f17) x30 0x8000ebe0
core   0: 0x8000dbe4 (0x423f2023) sw      gp, 1056(t5)
core   0: 3 0x8000dbe4 (0x423f2023) mem 0x8000f000 0x00000001
core   0: 0x8000dbe8 (0xff9ff06f) j       pc - 0x8
core   0: 3 0x8000dbe8 (0xff9ff06f)
core   0: 0x8000dbe0 (0x00001f17) auipc   t5, 0x1
core   0: 3 0x8000dbe0 (0x00001f17) x30 0x8000ebe0
core   0: 0x8000dbe4 (0x423f2023) sw      gp, 1056(t5)
core   0: 3 0x8000dbe4 (0x423f2023) mem 0x8000f000 0x00000001
core   0: 0x8000dbe8 (0xff9ff06f) j       pc - 0x8
core   0: 3 0x8000dbe8 (0xff9ff06f)
core   0: 0x8000dbe0 (0x00001f17) auipc   t5, 0x1
core   0: 3 0x8000dbe0 (0x00001f17) x30 0x8000ebe0
core   0: 0x8000dbe4 (0x423f2023) sw      gp, 1056(t5)
core   0: 3 0x8000dbe4 (0x423f2023) mem 0x8000f000 0x00000001
core   0: 0x8000dbe8 (0xff9ff06f) j       pc - 0x8
core   0: 3 0x8000dbe8 (0xff9ff06f)
core   0: 0x8000dbe0 (0x00001f17) auipc   t5, 0x1
core   0: 3 0x8000dbe0 (0x00001f17) x30 0x8000ebe0
core   0: 0x8000dbe4 (0x423f2023) sw      gp, 1056(t5)
core   0: 3 0x8000dbe4 (0x423f2023) mem 0x8000f000 0x00000001
core   0: 0x8000dbe8 (0xff9ff06f) j       pc - 0x8
core   0: 3 0x8000dbe8 (0xff9ff06f)
core   0: 0x8000dbe0 (0x00001f17) auipc   t5, 0x1
core   0: 3 0x8000dbe0 (0x00001f17) x30 0x8000ebe0
core   0: 0x8000dbe4 (0x423f2023) sw      gp, 1056(t5)
core   0: 3 0x8000dbe4 (0x423f2023) mem 0x8000f000 0x00000001
core   0: 0x8000dbe8 (0xff9ff06f) j       pc - 0x8
core   0: 3 0x8000dbe8 (0xff9ff06f)
core   0: 0x8000dbe0 (0x00001f17) auipc   t5, 0x1
core   0: 3 0x8000dbe0 (0x00001f17) x30 0x8000ebe0
core   0: 0x8000dbe4 (0x423f2023) sw      gp, 1056(t5)
core   0: 3 0x8000dbe4 (0x423f2023) mem 0x8000f000 0x00000001
core   0: 0x8000dbe8 (0xff9ff06f) j       pc - 0x8
core   0: 3 0x8000dbe8 (0xff9ff06f)
core   0: 0x8000dbe0 (0x00001f17) auipc   t5, 0x1
core   0: 3 0x8000dbe0 (0x00001f17) x30 0x8000ebe0
core   0: 0x8000dbe4 (0x423f2023) sw      gp, 1056(t5)
core   0: 3 0x8000dbe4 (0x423f2023) mem 0x8000f000 0x00000001
core   0: 0x8000dbe8 (0xff9ff06f) j       pc - 0x8
core   0: 3 0x8000dbe8 (0xff9ff06f)
core   0: 0x8000dbe0 (0x00001f17) auipc   t5, 0x1
core   0: 3 0x8000dbe0 (0x00001f17) x30 0x8000ebe0
core   0: 0x8000dbe4 (0x423f2023) sw      gp, 1056(t5)
core   0: 3 0x8000dbe4 (0x423f2023) mem 0x8000f000 0x00000001
core   0: 0x8000dbe8 (0xff9ff06f) j       pc - 0x8
core   0: 3 0x8000dbe8 (0xff9ff06f)
core   0: 0x8000dbe0 (0x00001f17) auipc   t5, 0x1
core   0: 3 0x8000dbe0 (0x00001f17) x30 0x8000ebe0
core   0: 0x8000dbe4 (0x423f2023) sw      gp, 1056(t5)
core   0: 3 0x8000dbe4 (0x423f2023) mem 0x8000f000 0x00000001
core   0: 0x8000dbe8 (0xff9ff06f) j       pc - 0x8
core   0: 3 0x8000dbe8 (0xff9ff06f)
core   0: 0x8000dbe0 (0x00001f17) auipc   t5, 0x1
core   0: 3 0x8000dbe0 (0x00001f17) x30 0x8000ebe0
core   0: 0x8000dbe4 (0x423f2023) sw      gp, 1056(t5)
core   0: 3 0x8000dbe4 (0x423f2023) mem 0x8000f000 0x00000001
core   0: 0x8000dbe8 (0xff9ff06f) j       pc - 0x8
core   0: 3 0x8000dbe8 (0xff9ff06f)
core   0: 0x8000dbe0 (0x00001f17) auipc   t5, 0x1
core   0: 3 0x8000dbe0 (0x00001f17) x30 0x8000ebe0
core   0: 0x8000dbe4 (0x423f2023) sw      gp, 1056(t5)
core   0: 3 0x8000dbe4 (0x423f2023) mem 0x8000f000 0x00000001
core   0: 0x8000dbe8 (0xff9ff06f) j       pc - 0x8
core   0: 3 0x8000dbe8 (0xff9ff06f)
core   0: 0x8000dbe0 (0x00001f17) auipc   t5, 0x1
core   0: 3 0x8000dbe0 (0x00001f17) x30 0x8000ebe0
core   0: 0x8000dbe4 (0x423f2023) sw      gp, 1056(t5)
core   0: 3 0x8000dbe4 (0x423f2023) mem 0x8000f000 0x00000001
core   0: 0x8000dbe8 (0xff9ff06f) j       pc - 0x8
core   0: 3 0x8000dbe8 (0xff9ff06f)
core   0: 0x8000dbe0 (0x00001f17) auipc   t5, 0x1
core   0: 3 0x8000dbe0 (0x00001f17) x30 0x8000ebe0
core   0: 0x8000dbe4 (0x423f2023) sw      gp, 1056(t5)
core   0: 3 0x8000dbe4 (0x423f2023) mem 0x8000f000 0x00000001
core   0: 0x8000dbe8 (0xff9ff06f) j       pc - 0x8
core   0: 3 0x8000dbe8 (0xff9ff06f)
core   0: 0x8000dbe0 (0x00001f17) auipc   t5, 0x1
core   0: 3 0x8000dbe0 (0x00001f17) x30 0x8000ebe0
core   0: 0x8000dbe4 (0x423f2023) sw      gp, 1056(t5)
core   0: 3 0x8000dbe4 (0x423f2023) mem 0x8000f000 0x00000001
core   0: 0x8000dbe8 (0xff9ff06f) j       pc - 0x8
core   0: 3 0x8000dbe8 (0xff9ff06f)
core   0: 0x8000dbe0 (0x00001f17) auipc   t5, 0x1
core   0: 3 0x8000dbe0 (0x00001f17) x30 0x8000ebe0
core   0: 0x8000dbe4 (0x423f2023) sw      gp, 1056(t5)
core   0: 3 0x8000dbe4 (0x423f2023) mem 0x8000f000 0x00000001
core   0: 0x8000dbe8 (0xff9ff06f) j       pc - 0x8
core   0: 3 0x8000dbe8 (0xff9ff06f)
core   0: 0x8000dbe0 (0x00001f17) auipc   t5, 0x1
core   0: 3 0x8000dbe0 (0x00001f17) x30 0x8000ebe0
core   0: 0x8000dbe4 (0x423f2023) sw      gp, 1056(t5)
core   0: 3 0x8000dbe4 (0x423f2023) mem 0x8000f000 0x00000001
core   0: 0x8000dbe8 (0xff9ff06f) j       pc - 0x8
core   0: 3 0x8000dbe8 (0xff9ff06f)
core   0: 0x8000dbe0 (0x00001f17) auipc   t5, 0x1
core   0: 3 0x8000dbe0 (0x00001f17) x30 0x8000ebe0
core   0: 0x8000dbe4 (0x423f2023) sw      gp, 1056(t5)
core   0: 3 0x8000dbe4 (0x423f2023) mem 0x8000f000 0x00000001
core   0: 0x8000dbe8 (0xff9ff06f) j       pc - 0x8
core   0: 3 0x8000dbe8 (0xff9ff06f)
core   0: 0x8000dbe0 (0x00001f17) auipc   t5, 0x1
core   0: 3 0x8000dbe0 (0x00001f17) x30 0x8000ebe0
core   0: 0x8000dbe4 (0x423f2023) sw      gp, 1056(t5)
core   0: 3 0x8000dbe4 (0x423f2023) mem 0x8000f000 0x00000001
core   0: 0x8000dbe8 (0xff9ff06f) j       pc - 0x8
core   0: 3 0x8000dbe8 (0xff9ff06f)
core   0: 0x8000dbe0 (0x00001f17) auipc   t5, 0x1
core   0: 3 0x8000dbe0 (0x00001f17) x30 0x8000ebe0
core   0: 0x8000dbe4 (0x423f2023) sw      gp, 1056(t5)
core   0: 3 0x8000dbe4 (0x423f2023) mem 0x8000f000 0x00000001
core   0: 0x8000dbe8 (0xff9ff06f) j       pc - 0x8
core   0: 3 0x8000dbe8 (0xff9ff06f)
core   0: 0x8000dbe0 (0x00001f17) auipc   t5, 0x1
core   0: 3 0x8000dbe0 (0x00001f17) x30 0x8000ebe0
core   0: 0x8000dbe4 (0x423f2023) sw      gp, 1056(t5)
core   0: 3 0x8000dbe4 (0x423f2023) mem 0x8000f000 0x00000001
core   0: 0x8000dbe8 (0xff9ff06f) j       pc - 0x8
core   0: 3 0x8000dbe8 (0xff9ff06f)
core   0: 0x8000dbe0 (0x00001f17) auipc   t5, 0x1
core   0: 3 0x8000dbe0 (0x00001f17) x30 0x8000ebe0
core   0: 0x8000dbe4 (0x423f2023) sw      gp, 1056(t5)
core   0: 3 0x8000dbe4 (0x423f2023) mem 0x8000f000 0x00000001
core   0: 0x8000dbe8 (0xff9ff06f) j       pc - 0x8
core   0: 3 0x8000dbe8 (0xff9ff06f)
core   0: 0x8000dbe0 (0x00001f17) auipc   t5, 0x1
core   0: 3 0x8000dbe0 (0x00001f17) x30 0x8000ebe0
core   0: 0x8000dbe4 (0x423f2023) sw      gp, 1056(t5)
core   0: 3 0x8000dbe4 (0x423f2023) mem 0x8000f000 0x00000001
core   0: 0x8000dbe8 (0xff9ff06f) j       pc - 0x8
core   0: 3 0x8000dbe8 (0xff9ff06f)
core   0: 0x8000dbe0 (0x00001f17) auipc   t5, 0x1
core   0: 3 0x8000dbe0 (0x00001f17) x30 0x8000ebe0
core   0: 0x8000dbe4 (0x423f2023) sw      gp, 1056(t5)
core   0: 3 0x8000dbe4 (0x423f2023) mem 0x8000f000 0x00000001
core   0: 0x8000dbe8 (0xff9ff06f) j       pc - 0x8
core   0: 3 0x8000dbe8 (0xff9ff06f)
core   0: 0x8000dbe0 (0x00001f17) auipc   t5, 0x1
core   0: 3 0x8000dbe0 (0x00001f17) x30 0x8000ebe0
core   0: 0x8000dbe4 (0x423f2023) sw      gp, 1056(t5)
core   0: 3 0x8000dbe4 (0x423f2023) mem 0x8000f000 0x00000001
core   0: 0x8000dbe8 (0xff9ff06f) j       pc - 0x8
core   0: 3 0x8000dbe8 (0xff9ff06f)
core   0: 0x8000dbe0 (0x00001f17) auipc   t5, 0x1
core   0: 3 0x8000dbe0 (0x00001f17) x30 0x8000ebe0
core   0: 0x8000dbe4 (0x423f2023) sw      gp, 1056(t5)
core   0: 3 0x8000dbe4 (0x423f2023) mem 0x8000f000 0x00000001
core   0: 0x8000dbe8 (0xff9ff06f) j       pc - 0x8
core   0: 3 0x8000dbe8 (0xff9ff06f)
core   0: 0x8000dbe0 (0x00001f17) auipc   t5, 0x1
core   0: 3 0x8000dbe0 (0x00001f17) x30 0x8000ebe0
core   0: 0x8000dbe4 (0x423f2023) sw      gp, 1056(t5)
core   0: 3 0x8000dbe4 (0x423f2023) mem 0x8000f000 0x00000001
core   0: 0x8000dbe8 (0xff9ff06f) j       pc - 0x8
core   0: 3 0x8000dbe8 (0xff9ff06f)
core   0: 0x8000dbe0 (0x00001f17) auipc   t5, 0x1
core   0: 3 0x8000dbe0 (0x00001f17) x30 0x8000ebe0
core   0: 0x8000dbe4 (0x423f2023) sw      gp, 1056(t5)
core   0: 3 0x8000dbe4 (0x423f2023) mem 0x8000f000 0x00000001
core   0: 0x8000dbe8 (0xff9ff06f) j       pc - 0x8
core   0: 3 0x8000dbe8 (0xff9ff06f)
core   0: 0x8000dbe0 (0x00001f17) auipc   t5, 0x1
core   0: 3 0x8000dbe0 (0x00001f17) x30 0x8000ebe0
core   0: 0x8000dbe4 (0x423f2023) sw      gp, 1056(t5)
core   0: 3 0x8000dbe4 (0x423f2023) mem 0x8000f000 0x00000001
core   0: 0x8000dbe8 (0xff9ff06f) j       pc - 0x8
core   0: 3 0x8000dbe8 (0xff9ff06f)
core   0: 0x8000dbe0 (0x00001f17) auipc   t5, 0x1
core   0: 3 0x8000dbe0 (0x00001f17) x30 0x8000ebe0
core   0: 0x8000dbe4 (0x423f2023) sw      gp, 1056(t5)
core   0: 3 0x8000dbe4 (0x423f2023) mem 0x8000f000 0x00000001
core   0: 0x8000dbe8 (0xff9ff06f) j       pc - 0x8
core   0: 3 0x8000dbe8 (0xff9ff06f)
core   0: 0x8000dbe0 (0x00001f17) auipc   t5, 0x1
core   0: 3 0x8000dbe0 (0x00001f17) x30 0x8000ebe0
core   0: 0x8000dbe4 (0x423f2023) sw      gp, 1056(t5)
core   0: 3 0x8000dbe4 (0x423f2023) mem 0x8000f000 0x00000001
core   0: 0x8000dbe8 (0xff9ff06f) j       pc - 0x8
core   0: 3 0x8000dbe8 (0xff9ff06f)
core   0: 0x8000dbe0 (0x00001f17) auipc   t5, 0x1
core   0: 3 0x8000dbe0 (0x00001f17) x30 0x8000ebe0
core   0: 0x8000dbe4 (0x423f2023) sw      gp, 1056(t5)
core   0: 3 0x8000dbe4 (0x423f2023) mem 0x8000f000 0x00000001
core   0: 0x8000dbe8 (0xff9ff06f) j       pc - 0x8
core   0: 3 0x8000dbe8 (0xff9ff06f)
core   0: 0x8000dbe0 (0x00001f17) auipc   t5, 0x1
core   0: 3 0x8000dbe0 (0x00001f17) x30 0x8000ebe0
core   0: 0x8000dbe4 (0x423f2023) sw      gp, 1056(t5)
core   0: 3 0x8000dbe4 (0x423f2023) mem 0x8000f000 0x00000001
core   0: 0x8000dbe8 (0xff9ff06f) j       pc - 0x8
core   0: 3 0x8000dbe8 (0xff9ff06f)
core   0: 0x8000dbe0 (0x00001f17) auipc   t5, 0x1
core   0: 3 0x8000dbe0 (0x00001f17) x30 0x8000ebe0
core   0: 0x8000dbe4 (0x423f2023) sw      gp, 1056(t5)
core   0: 3 0x8000dbe4 (0x423f2023) mem 0x8000f000 0x00000001
core   0: 0x8000dbe8 (0xff9ff06f) j       pc - 0x8
core   0: 3 0x8000dbe8 (0xff9ff06f)
core   0: 0x8000dbe0 (0x00001f17) auipc   t5, 0x1
core   0: 3 0x8000dbe0 (0x00001f17) x30 0x8000ebe0
core   0: 0x8000dbe4 (0x423f2023) sw      gp, 1056(t5)
core   0: 3 0x8000dbe4 (0x423f2023) mem 0x8000f000 0x00000001
core   0: 0x8000dbe8 (0xff9ff06f) j       pc - 0x8
core   0: 3 0x8000dbe8 (0xff9ff06f)
core   0: 0x8000dbe0 (0x00001f17) auipc   t5, 0x1
core   0: 3 0x8000dbe0 (0x00001f17) x30 0x8000ebe0
core   0: 0x8000dbe4 (0x423f2023) sw      gp, 1056(t5)
core   0: 3 0x8000dbe4 (0x423f2023) mem 0x8000f000 0x00000001
core   0: 0x8000dbe8 (0xff9ff06f) j       pc - 0x8
core   0: 3 0x8000dbe8 (0xff9ff06f)
core   0: 0x8000dbe0 (0x00001f17) auipc   t5, 0x1
core   0: 3 0x8000dbe0 (0x00001f17) x30 0x8000ebe0
core   0: 0x8000dbe4 (0x423f2023) sw      gp, 1056(t5)
core   0: 3 0x8000dbe4 (0x423f2023) mem 0x8000f000 0x00000001
core   0: 0x8000dbe8 (0xff9ff06f) j       pc - 0x8
core   0: 3 0x8000dbe8 (0xff9ff06f)
core   0: 0x8000dbe0 (0x00001f17) auipc   t5, 0x1
core   0: 3 0x8000dbe0 (0x00001f17) x30 0x8000ebe0
core   0: 0x8000dbe4 (0x423f2023) sw      gp, 1056(t5)
core   0: 3 0x8000dbe4 (0x423f2023) mem 0x8000f000 0x00000001
core   0: 0x8000dbe8 (0xff9ff06f) j       pc - 0x8
core   0: 3 0x8000dbe8 (0xff9ff06f)
core   0: 0x8000dbe0 (0x00001f17) auipc   t5, 0x1
core   0: 3 0x8000dbe0 (0x00001f17) x30 0x8000ebe0
core   0: 0x8000dbe4 (0x423f2023) sw      gp, 1056(t5)
core   0: 3 0x8000dbe4 (0x423f2023) mem 0x8000f000 0x00000001
core   0: 0x8000dbe8 (0xff9ff06f) j       pc - 0x8
core   0: 3 0x8000dbe8 (0xff9ff06f)
core   0: 0x8000dbe0 (0x00001f17) auipc   t5, 0x1
core   0: 3 0x8000dbe0 (0x00001f17) x30 0x8000ebe0
core   0: 0x8000dbe4 (0x423f2023) sw      gp, 1056(t5)
core   0: 3 0x8000dbe4 (0x423f2023) mem 0x8000f000 0x00000001
core   0: 0x8000dbe8 (0xff9ff06f) j       pc - 0x8
core   0: 3 0x8000dbe8 (0xff9ff06f)
core   0: 0x8000dbe0 (0x00001f17) auipc   t5, 0x1
core   0: 3 0x8000dbe0 (0x00001f17) x30 0x8000ebe0
core   0: 0x8000dbe4 (0x423f2023) sw      gp, 1056(t5)
core   0: 3 0x8000dbe4 (0x423f2023) mem 0x8000f000 0x00000001
core   0: 0x8000dbe8 (0xff9ff06f) j       pc - 0x8
core   0: 3 0x8000dbe8 (0xff9ff06f)
core   0: 0x8000dbe0 (0x00001f17) auipc   t5, 0x1
core   0: 3 0x8000dbe0 (0x00001f17) x30 0x8000ebe0
core   0: 0x8000dbe4 (0x423f2023) sw      gp, 1056(t5)
core   0: 3 0x8000dbe4 (0x423f2023) mem 0x8000f000 0x00000001
